<?xml version="1.0" encoding="UTF-8"?>
<testsuite xmlns:xsi="http://www.w3.org/2001/XMLSchema-instance" xsi:noNamespaceSchemaLocation="https://maven.apache.org/surefire/maven-surefire-plugin/xsd/surefire-test-report.xsd" name="org.apache.hadoop.ozone.client.rpc.TestBlockOutputStreamWithFailures" time="729.064" tests="8" errors="6" skipped="0" failures="0">
  <properties>
    <property name="awt.toolkit" value="sun.awt.X11.XToolkit"/>
    <property name="file.encoding.pkg" value="sun.io"/>
    <property name="java.specification.version" value="1.8"/>
    <property name="sun.cpu.isalist" value=""/>
    <property name="sun.jnu.encoding" value="UTF-8"/>
    <property name="java.class.path" value="/workdir/hadoop-ozone/integration-test/target/test-classes:/workdir/hadoop-ozone/integration-test/target/classes:/home/user/.m2/repository/org/apache/hadoop/hadoop-ozone-common/0.5.0-SNAPSHOT/hadoop-ozone-common-0.5.0-SNAPSHOT.jar:/home/user/.m2/repository/org/apache/commons/commons-compress/1.4.1/commons-compress-1.4.1.jar:/home/user/.m2/repository/org/tukaani/xz/1.0/xz-1.0.jar:/home/user/.m2/repository/org/apache/hadoop/hadoop-common/3.2.0/hadoop-common-3.2.0.jar:/home/user/.m2/repository/org/apache/hadoop/hadoop-hdfs/3.2.0/hadoop-hdfs-3.2.0.jar:/home/user/.m2/repository/org/apache/hadoop/hadoop-hdfs-client/3.2.0/hadoop-hdfs-client-3.2.0.jar:/home/user/.m2/repository/com/fasterxml/jackson/core/jackson-annotations/2.9.5/jackson-annotations-2.9.5.jar:/home/user/.m2/repository/org/apache/hadoop/hadoop-hdds-common/0.5.0-SNAPSHOT/hadoop-hdds-common-0.5.0-SNAPSHOT.jar:/home/user/.m2/repository/javax/annotation/javax.annotation-api/1.2/javax.annotation-api-1.2.jar:/home/user/.m2/repository/org/apache/ratis/ratis-server/0.4.0-2337318-SNAPSHOT/ratis-server-0.4.0-2337318-SNAPSHOT.jar:/home/user/.m2/repository/org/apache/ratis/ratis-thirdparty-misc/0.2.0/ratis-thirdparty-misc-0.2.0.jar:/home/user/.m2/repository/org/apache/ratis/ratis-proto/0.4.0-2337318-SNAPSHOT/ratis-proto-0.4.0-2337318-SNAPSHOT.jar:/home/user/.m2/repository/org/apache/ratis/ratis-common/0.4.0-2337318-SNAPSHOT/ratis-common-0.4.0-2337318-SNAPSHOT.jar:/home/user/.m2/repository/org/apache/ratis/ratis-client/0.4.0-2337318-SNAPSHOT/ratis-client-0.4.0-2337318-SNAPSHOT.jar:/home/user/.m2/repository/org/apache/ratis/ratis-metrics/0.4.0-2337318-SNAPSHOT/ratis-metrics-0.4.0-2337318-SNAPSHOT.jar:/home/user/.m2/repository/org/apache/ratis/ratis-netty/0.4.0-2337318-SNAPSHOT/ratis-netty-0.4.0-2337318-SNAPSHOT.jar:/home/user/.m2/repository/org/apache/ratis/ratis-grpc/0.4.0-2337318-SNAPSHOT/ratis-grpc-0.4.0-2337318-SNAPSHOT.jar:/home/user/.m2/repository/org/rocksdb/rocksdbjni/6.0.1/rocksdbjni-6.0.1.jar:/home/user/.m2/repository/org/apache/logging/log4j/log4j-api/2.11.0/log4j-api-2.11.0.jar:/home/user/.m2/repository/org/apache/logging/log4j/log4j-core/2.11.0/log4j-core-2.11.0.jar:/home/user/.m2/repository/com/lmax/disruptor/3.4.2/disruptor-3.4.2.jar:/home/user/.m2/repository/org/apache/commons/commons-pool2/2.6.0/commons-pool2-2.6.0.jar:/home/user/.m2/repository/org/bouncycastle/bcpkix-jdk15on/1.60/bcpkix-jdk15on-1.60.jar:/home/user/.m2/repository/commons-validator/commons-validator/1.6/commons-validator-1.6.jar:/home/user/.m2/repository/commons-digester/commons-digester/1.8.1/commons-digester-1.8.1.jar:/home/user/.m2/repository/io/jaegertracing/jaeger-client/0.33.1/jaeger-client-0.33.1.jar:/home/user/.m2/repository/io/jaegertracing/jaeger-thrift/0.33.1/jaeger-thrift-0.33.1.jar:/home/user/.m2/repository/org/apache/thrift/libthrift/0.11.0/libthrift-0.11.0.jar:/home/user/.m2/repository/com/squareup/okhttp3/okhttp/3.9.0/okhttp-3.9.0.jar:/home/user/.m2/repository/com/squareup/okio/okio/1.13.0/okio-1.13.0.jar:/home/user/.m2/repository/io/jaegertracing/jaeger-core/0.33.1/jaeger-core-0.33.1.jar:/home/user/.m2/repository/io/jaegertracing/jaeger-tracerresolver/0.33.1/jaeger-tracerresolver-0.33.1.jar:/home/user/.m2/repository/io/opentracing/contrib/opentracing-tracerresolver/0.1.5/opentracing-tracerresolver-0.1.5.jar:/home/user/.m2/repository/io/opentracing/opentracing-util/0.31.0/opentracing-util-0.31.0.jar:/home/user/.m2/repository/io/opentracing/opentracing-api/0.31.0/opentracing-api-0.31.0.jar:/home/user/.m2/repository/io/opentracing/opentracing-noop/0.31.0/opentracing-noop-0.31.0.jar:/home/user/.m2/repository/org/apache/hadoop/hadoop-hdds-server-framework/0.5.0-SNAPSHOT/hadoop-hdds-server-framework-0.5.0-SNAPSHOT.jar:/home/user/.m2/repository/org/apache/hadoop/hadoop-hdds-container-service/0.5.0-SNAPSHOT/hadoop-hdds-container-service-0.5.0-SNAPSHOT.jar:/home/user/.m2/repository/org/apache/hadoop/hadoop-hdds-client/0.5.0-SNAPSHOT/hadoop-hdds-client-0.5.0-SNAPSHOT.jar:/home/user/.m2/repository/org/apache/hadoop/hadoop-hdds-tools/0.5.0-SNAPSHOT/hadoop-hdds-tools-0.5.0-SNAPSHOT.jar:/home/user/.m2/repository/org/apache/hadoop/hadoop-hdds-server-scm/0.5.0-SNAPSHOT/hadoop-hdds-server-scm-0.5.0-SNAPSHOT.jar:/home/user/.m2/repository/org/apache/hadoop/hadoop-hdds-docs/0.5.0-SNAPSHOT/hadoop-hdds-docs-0.5.0-SNAPSHOT.jar:/home/user/.m2/repository/io/dropwizard/metrics/metrics-core/3.2.4/metrics-core-3.2.4.jar:/home/user/.m2/repository/org/hamcrest/hamcrest-all/1.3/hamcrest-all-1.3.jar:/home/user/.m2/repository/org/bouncycastle/bcprov-jdk15on/1.60/bcprov-jdk15on-1.60.jar:/home/user/.m2/repository/info/picocli/picocli/3.9.6/picocli-3.9.6.jar:/home/user/.m2/repository/com/google/protobuf/protobuf-java/2.5.0/protobuf-java-2.5.0.jar:/home/user/.m2/repository/com/google/guava/guava/11.0.2/guava-11.0.2.jar:/home/user/.m2/repository/org/apache/hadoop/hadoop-ozone-ozone-manager/0.5.0-SNAPSHOT/hadoop-ozone-ozone-manager-0.5.0-SNAPSHOT.jar:/home/user/.m2/repository/org/apache/hadoop/hadoop-minikdc/3.2.0/hadoop-minikdc-3.2.0.jar:/home/user/.m2/repository/commons-io/commons-io/2.5/commons-io-2.5.jar:/home/user/.m2/repository/org/apache/kerby/kerb-simplekdc/1.0.1/kerb-simplekdc-1.0.1.jar:/home/user/.m2/repository/org/apache/kerby/kerb-client/1.0.1/kerb-client-1.0.1.jar:/home/user/.m2/repository/org/apache/kerby/kerby-config/1.0.1/kerby-config-1.0.1.jar:/home/user/.m2/repository/org/apache/kerby/kerb-core/1.0.1/kerb-core-1.0.1.jar:/home/user/.m2/repository/org/apache/kerby/kerby-pkix/1.0.1/kerby-pkix-1.0.1.jar:/home/user/.m2/repository/org/apache/kerby/kerby-asn1/1.0.1/kerby-asn1-1.0.1.jar:/home/user/.m2/repository/org/apache/kerby/kerby-util/1.0.1/kerby-util-1.0.1.jar:/home/user/.m2/repository/org/apache/kerby/kerb-common/1.0.1/kerb-common-1.0.1.jar:/home/user/.m2/repository/org/apache/kerby/kerb-crypto/1.0.1/kerb-crypto-1.0.1.jar:/home/user/.m2/repository/org/apache/kerby/kerb-util/1.0.1/kerb-util-1.0.1.jar:/home/user/.m2/repository/org/apache/kerby/token-provider/1.0.1/token-provider-1.0.1.jar:/home/user/.m2/repository/org/apache/kerby/kerb-admin/1.0.1/kerb-admin-1.0.1.jar:/home/user/.m2/repository/org/apache/kerby/kerb-server/1.0.1/kerb-server-1.0.1.jar:/home/user/.m2/repository/org/apache/kerby/kerb-identity/1.0.1/kerb-identity-1.0.1.jar:/home/user/.m2/repository/org/apache/kerby/kerby-xdr/1.0.1/kerby-xdr-1.0.1.jar:/home/user/.m2/repository/org/slf4j/slf4j-log4j12/1.7.25/slf4j-log4j12-1.7.25.jar:/home/user/.m2/repository/org/apache/hadoop/hadoop-ozone-objectstore-service/0.5.0-SNAPSHOT/hadoop-ozone-objectstore-service-0.5.0-SNAPSHOT.jar:/home/user/.m2/repository/org/apache/hadoop/hadoop-ozone-s3gateway/0.5.0-SNAPSHOT/hadoop-ozone-s3gateway-0.5.0-SNAPSHOT.jar:/home/user/.m2/repository/org/jboss/weld/servlet/weld-servlet/2.4.7.Final/weld-servlet-2.4.7.Final.jar:/home/user/.m2/repository/org/glassfish/jersey/containers/jersey-container-servlet-core/2.27/jersey-container-servlet-core-2.27.jar:/home/user/.m2/repository/org/glassfish/hk2/external/javax.inject/2.5.0-b42/javax.inject-2.5.0-b42.jar:/home/user/.m2/repository/org/glassfish/jersey/core/jersey-common/2.27/jersey-common-2.27.jar:/home/user/.m2/repository/org/glassfish/hk2/osgi-resource-locator/1.0.1/osgi-resource-locator-1.0.1.jar:/home/user/.m2/repository/javax/ws/rs/javax.ws.rs-api/2.1/javax.ws.rs-api-2.1.jar:/home/user/.m2/repository/org/glassfish/jersey/ext/cdi/jersey-cdi1x/2.27/jersey-cdi1x-2.27.jar:/home/user/.m2/repository/org/glassfish/jersey/inject/jersey-hk2/2.27/jersey-hk2-2.27.jar:/home/user/.m2/repository/org/glassfish/hk2/hk2-locator/2.5.0-b42/hk2-locator-2.5.0-b42.jar:/home/user/.m2/repository/org/javassist/javassist/3.22.0-CR2/javassist-3.22.0-CR2.jar:/home/user/.m2/repository/org/glassfish/hk2/hk2-api/2.5.0/hk2-api-2.5.0.jar:/home/user/.m2/repository/org/glassfish/hk2/external/jakarta.inject/2.5.0/jakarta.inject-2.5.0.jar:/home/user/.m2/repository/org/glassfish/hk2/hk2-utils/2.5.0/hk2-utils-2.5.0.jar:/home/user/.m2/repository/jakarta/annotation/jakarta.annotation-api/1.3.4/jakarta.annotation-api-1.3.4.jar:/home/user/.m2/repository/org/glassfish/hk2/external/aopalliance-repackaged/2.5.0/aopalliance-repackaged-2.5.0.jar:/home/user/.m2/repository/com/fasterxml/jackson/dataformat/jackson-dataformat-xml/2.9.0/jackson-dataformat-xml-2.9.0.jar:/home/user/.m2/repository/com/fasterxml/jackson/core/jackson-core/2.9.5/jackson-core-2.9.5.jar:/home/user/.m2/repository/com/fasterxml/jackson/module/jackson-module-jaxb-annotations/2.9.5/jackson-module-jaxb-annotations-2.9.5.jar:/home/user/.m2/repository/javax/enterprise/cdi-api/1.2/cdi-api-1.2.jar:/home/user/.m2/repository/javax/el/javax.el-api/3.0.0/javax.el-api-3.0.0.jar:/home/user/.m2/repository/javax/interceptor/javax.interceptor-api/1.2/javax.interceptor-api-1.2.jar:/home/user/.m2/repository/javax/inject/javax.inject/1/javax.inject-1.jar:/home/user/.m2/repository/com/sun/xml/bind/jaxb-impl/2.3.0.1/jaxb-impl-2.3.0.1.jar:/home/user/.m2/repository/com/sun/xml/bind/jaxb-core/2.3.0.1/jaxb-core-2.3.0.1.jar:/home/user/.m2/repository/javax/xml/bind/jaxb-api/2.3.0/jaxb-api-2.3.0.jar:/home/user/.m2/repository/javax/activation/activation/1.1.1/activation-1.1.1.jar:/home/user/.m2/repository/org/apache/hadoop/hadoop-ozone-csi/0.5.0-SNAPSHOT/hadoop-ozone-csi-0.5.0-SNAPSHOT.jar:/home/user/.m2/repository/com/google/protobuf/protobuf-java-util/3.5.1/protobuf-java-util-3.5.1.jar:/home/user/.m2/repository/org/apache/hadoop/hadoop-hdds-config/0.5.0-SNAPSHOT/hadoop-hdds-config-0.5.0-SNAPSHOT.jar:/home/user/.m2/repository/io/grpc/grpc-netty/1.17.1/grpc-netty-1.17.1.jar:/home/user/.m2/repository/io/grpc/grpc-core/1.17.1/grpc-core-1.17.1.jar:/home/user/.m2/repository/io/grpc/grpc-context/1.17.1/grpc-context-1.17.1.jar:/home/user/.m2/repository/com/google/errorprone/error_prone_annotations/2.2.0/error_prone_annotations-2.2.0.jar:/home/user/.m2/repository/org/codehaus/mojo/animal-sniffer-annotations/1.17/animal-sniffer-annotations-1.17.jar:/home/user/.m2/repository/io/opencensus/opencensus-api/0.17.0/opencensus-api-0.17.0.jar:/home/user/.m2/repository/io/opencensus/opencensus-contrib-grpc-metrics/0.17.0/opencensus-contrib-grpc-metrics-0.17.0.jar:/home/user/.m2/repository/io/netty/netty-codec-http2/4.1.30.Final/netty-codec-http2-4.1.30.Final.jar:/home/user/.m2/repository/io/netty/netty-codec-http/4.1.30.Final/netty-codec-http-4.1.30.Final.jar:/home/user/.m2/repository/io/netty/netty-codec/4.1.30.Final/netty-codec-4.1.30.Final.jar:/home/user/.m2/repository/io/netty/netty-handler/4.1.30.Final/netty-handler-4.1.30.Final.jar:/home/user/.m2/repository/io/netty/netty-handler-proxy/4.1.30.Final/netty-handler-proxy-4.1.30.Final.jar:/home/user/.m2/repository/io/netty/netty-codec-socks/4.1.30.Final/netty-codec-socks-4.1.30.Final.jar:/home/user/.m2/repository/io/netty/netty-transport-native-epoll/4.1.30.Final/netty-transport-native-epoll-4.1.30.Final.jar:/home/user/.m2/repository/io/netty/netty-common/4.1.30.Final/netty-common-4.1.30.Final.jar:/home/user/.m2/repository/io/netty/netty-buffer/4.1.30.Final/netty-buffer-4.1.30.Final.jar:/home/user/.m2/repository/io/netty/netty-transport/4.1.30.Final/netty-transport-4.1.30.Final.jar:/home/user/.m2/repository/io/netty/netty-resolver/4.1.30.Final/netty-resolver-4.1.30.Final.jar:/home/user/.m2/repository/io/netty/netty-transport-native-unix-common/4.1.30.Final/netty-transport-native-unix-common-4.1.30.Final.jar:/home/user/.m2/repository/io/grpc/grpc-protobuf/1.17.1/grpc-protobuf-1.17.1.jar:/home/user/.m2/repository/com/google/api/grpc/proto-google-common-protos/1.0.0/proto-google-common-protos-1.0.0.jar:/home/user/.m2/repository/io/grpc/grpc-protobuf-lite/1.17.1/grpc-protobuf-lite-1.17.1.jar:/home/user/.m2/repository/io/grpc/grpc-stub/1.17.1/grpc-stub-1.17.1.jar:/home/user/.m2/repository/org/apache/hadoop/hadoop-ozone-recon/0.5.0-SNAPSHOT/hadoop-ozone-recon-0.5.0-SNAPSHOT.jar:/home/user/.m2/repository/org/apache/hadoop/hadoop-ozone-reconcodegen/0.5.0-SNAPSHOT/hadoop-ozone-reconcodegen-0.5.0-SNAPSHOT.jar:/home/user/.m2/repository/com/google/inject/extensions/guice-multibindings/4.0/guice-multibindings-4.0.jar:/home/user/.m2/repository/com/google/inject/guice/4.0/guice-4.0.jar:/home/user/.m2/repository/aopalliance/aopalliance/1.0/aopalliance-1.0.jar:/home/user/.m2/repository/com/google/inject/extensions/guice-servlet/4.0/guice-servlet-4.0.jar:/home/user/.m2/repository/org/glassfish/jersey/containers/jersey-container-servlet/2.27/jersey-container-servlet-2.27.jar:/home/user/.m2/repository/org/glassfish/hk2/guice-bridge/2.5.0/guice-bridge-2.5.0.jar:/home/user/.m2/repository/org/glassfish/jersey/core/jersey-server/2.27/jersey-server-2.27.jar:/home/user/.m2/repository/org/glassfish/jersey/core/jersey-client/2.27/jersey-client-2.27.jar:/home/user/.m2/repository/org/glassfish/jersey/media/jersey-media-jaxb/2.27/jersey-media-jaxb-2.27.jar:/home/user/.m2/repository/javax/validation/validation-api/1.1.0.Final/validation-api-1.1.0.Final.jar:/home/user/.m2/repository/org/glassfish/jersey/media/jersey-media-json-jackson/2.27/jersey-media-json-jackson-2.27.jar:/home/user/.m2/repository/org/glassfish/jersey/ext/jersey-entity-filtering/2.27/jersey-entity-filtering-2.27.jar:/home/user/.m2/repository/com/google/inject/extensions/guice-assistedinject/4.0/guice-assistedinject-4.0.jar:/home/user/.m2/repository/org/jooq/jooq/3.11.10/jooq-3.11.10.jar:/home/user/.m2/repository/org/jooq/jooq-meta/3.11.10/jooq-meta-3.11.10.jar:/home/user/.m2/repository/org/jooq/jooq-codegen/3.11.10/jooq-codegen-3.11.10.jar:/home/user/.m2/repository/com/jolbox/bonecp/0.8.0.RELEASE/bonecp-0.8.0.RELEASE.jar:/home/user/.m2/repository/org/xerial/sqlite-jdbc/3.25.2/sqlite-jdbc-3.25.2.jar:/home/user/.m2/repository/org/springframework/spring-jdbc/5.1.3.RELEASE/spring-jdbc-5.1.3.RELEASE.jar:/home/user/.m2/repository/org/springframework/spring-beans/5.1.3.RELEASE/spring-beans-5.1.3.RELEASE.jar:/home/user/.m2/repository/org/springframework/spring-core/5.1.3.RELEASE/spring-core-5.1.3.RELEASE.jar:/home/user/.m2/repository/org/springframework/spring-jcl/5.1.3.RELEASE/spring-jcl-5.1.3.RELEASE.jar:/home/user/.m2/repository/org/springframework/spring-tx/5.1.3.RELEASE/spring-tx-5.1.3.RELEASE.jar:/home/user/.m2/repository/org/apache/hadoop/hadoop-ozone-client/0.5.0-SNAPSHOT/hadoop-ozone-client-0.5.0-SNAPSHOT.jar:/home/user/.m2/repository/commons-lang/commons-lang/2.6/commons-lang-2.6.jar:/home/user/.m2/repository/org/apache/hadoop/hadoop-ozone-ozone-manager/0.5.0-SNAPSHOT/hadoop-ozone-ozone-manager-0.5.0-SNAPSHOT-tests.jar:/home/user/.m2/repository/junit/junit/4.11/junit-4.11.jar:/home/user/.m2/repository/org/hamcrest/hamcrest-core/1.3/hamcrest-core-1.3.jar:/home/user/.m2/repository/org/openjdk/jmh/jmh-core/1.19/jmh-core-1.19.jar:/home/user/.m2/repository/net/sf/jopt-simple/jopt-simple/4.6/jopt-simple-4.6.jar:/home/user/.m2/repository/org/apache/commons/commons-math3/3.1.1/commons-math3-3.1.1.jar:/home/user/.m2/repository/org/openjdk/jmh/jmh-generator-annprocess/1.19/jmh-generator-annprocess-1.19.jar:/home/user/.m2/repository/org/mockito/mockito-all/1.8.5/mockito-all-1.8.5.jar:/home/user/.m2/repository/org/apache/hadoop/hadoop-kms/3.2.0/hadoop-kms-3.2.0.jar:/home/user/.m2/repository/org/apache/hadoop/hadoop-auth/3.2.0/hadoop-auth-3.2.0.jar:/home/user/.m2/repository/com/nimbusds/nimbus-jose-jwt/4.41.1/nimbus-jose-jwt-4.41.1.jar:/home/user/.m2/repository/com/github/stephenc/jcip/jcip-annotations/1.0-1/jcip-annotations-1.0-1.jar:/home/user/.m2/repository/net/minidev/json-smart/2.3/json-smart-2.3.jar:/home/user/.m2/repository/net/minidev/accessors-smart/1.2/accessors-smart-1.2.jar:/home/user/.m2/repository/org/ow2/asm/asm/5.0.4/asm-5.0.4.jar:/home/user/.m2/repository/org/apache/curator/curator-framework/2.12.0/curator-framework-2.12.0.jar:/home/user/.m2/repository/com/sun/jersey/jersey-core/1.19/jersey-core-1.19.jar:/home/user/.m2/repository/javax/ws/rs/jsr311-api/1.1.1/jsr311-api-1.1.1.jar:/home/user/.m2/repository/com/sun/jersey/jersey-server/1.19/jersey-server-1.19.jar:/home/user/.m2/repository/javax/servlet/javax.servlet-api/3.1.0/javax.servlet-api-3.1.0.jar:/home/user/.m2/repository/org/eclipse/jetty/jetty-server/9.3.24.v20180605/jetty-server-9.3.24.v20180605.jar:/home/user/.m2/repository/org/eclipse/jetty/jetty-http/9.3.24.v20180605/jetty-http-9.3.24.v20180605.jar:/home/user/.m2/repository/org/eclipse/jetty/jetty-io/9.3.24.v20180605/jetty-io-9.3.24.v20180605.jar:/home/user/.m2/repository/org/eclipse/jetty/jetty-webapp/9.3.24.v20180605/jetty-webapp-9.3.24.v20180605.jar:/home/user/.m2/repository/org/eclipse/jetty/jetty-xml/9.3.24.v20180605/jetty-xml-9.3.24.v20180605.jar:/home/user/.m2/repository/log4j/log4j/1.2.17/log4j-1.2.17.jar:/home/user/.m2/repository/org/slf4j/slf4j-api/1.7.25/slf4j-api-1.7.25.jar:/home/user/.m2/repository/org/slf4j/jul-to-slf4j/1.7.25/jul-to-slf4j-1.7.25.jar:/home/user/.m2/repository/org/eclipse/jetty/jetty-util/9.3.24.v20180605/jetty-util-9.3.24.v20180605.jar:/home/user/.m2/repository/com/fasterxml/jackson/core/jackson-databind/2.9.5/jackson-databind-2.9.5.jar:/home/user/.m2/repository/org/apache/hadoop/hadoop-kms/3.2.0/hadoop-kms-3.2.0-tests.jar:/home/user/.m2/repository/org/apache/hadoop/hadoop-hdds-server-scm/0.5.0-SNAPSHOT/hadoop-hdds-server-scm-0.5.0-SNAPSHOT-tests.jar:/home/user/.m2/repository/org/apache/hadoop/hadoop-hdds-container-service/0.5.0-SNAPSHOT/hadoop-hdds-container-service-0.5.0-SNAPSHOT-tests.jar:/home/user/.m2/repository/org/yaml/snakeyaml/1.16/snakeyaml-1.16.jar:/home/user/.m2/repository/org/apache/hadoop/hadoop-common/3.2.0/hadoop-common-3.2.0-tests.jar:/home/user/.m2/repository/org/apache/hadoop/hadoop-annotations/3.2.0/hadoop-annotations-3.2.0.jar:/usr/lib/jvm/java-1.8-openjdk/jre/../lib/tools.jar:/home/user/.m2/repository/commons-cli/commons-cli/1.2/commons-cli-1.2.jar:/home/user/.m2/repository/org/apache/httpcomponents/httpclient/4.5.2/httpclient-4.5.2.jar:/home/user/.m2/repository/org/apache/httpcomponents/httpcore/4.4.4/httpcore-4.4.4.jar:/home/user/.m2/repository/commons-codec/commons-codec/1.11/commons-codec-1.11.jar:/home/user/.m2/repository/commons-net/commons-net/3.6/commons-net-3.6.jar:/home/user/.m2/repository/commons-collections/commons-collections/3.2.2/commons-collections-3.2.2.jar:/home/user/.m2/repository/org/eclipse/jetty/jetty-servlet/9.3.24.v20180605/jetty-servlet-9.3.24.v20180605.jar:/home/user/.m2/repository/org/eclipse/jetty/jetty-security/9.3.24.v20180605/jetty-security-9.3.24.v20180605.jar:/home/user/.m2/repository/javax/servlet/jsp/jsp-api/2.1/jsp-api-2.1.jar:/home/user/.m2/repository/com/sun/jersey/jersey-servlet/1.19/jersey-servlet-1.19.jar:/home/user/.m2/repository/com/sun/jersey/jersey-json/1.19/jersey-json-1.19.jar:/home/user/.m2/repository/org/codehaus/jettison/jettison/1.1/jettison-1.1.jar:/home/user/.m2/repository/org/codehaus/jackson/jackson-core-asl/1.9.13/jackson-core-asl-1.9.13.jar:/home/user/.m2/repository/org/codehaus/jackson/jackson-mapper-asl/1.9.13/jackson-mapper-asl-1.9.13.jar:/home/user/.m2/repository/org/codehaus/jackson/jackson-jaxrs/1.9.13/jackson-jaxrs-1.9.13.jar:/home/user/.m2/repository/org/codehaus/jackson/jackson-xc/1.9.13/jackson-xc-1.9.13.jar:/home/user/.m2/repository/commons-logging/commons-logging/1.1.3/commons-logging-1.1.3.jar:/home/user/.m2/repository/commons-beanutils/commons-beanutils/1.9.3/commons-beanutils-1.9.3.jar:/home/user/.m2/repository/org/apache/commons/commons-configuration2/2.1.1/commons-configuration2-2.1.1.jar:/home/user/.m2/repository/org/apache/commons/commons-lang3/3.7/commons-lang3-3.7.jar:/home/user/.m2/repository/org/apache/commons/commons-text/1.4/commons-text-1.4.jar:/home/user/.m2/repository/org/apache/avro/avro/1.7.7/avro-1.7.7.jar:/home/user/.m2/repository/com/thoughtworks/paranamer/paranamer/2.3/paranamer-2.3.jar:/home/user/.m2/repository/org/xerial/snappy/snappy-java/1.0.5/snappy-java-1.0.5.jar:/home/user/.m2/repository/com/google/re2j/re2j/1.1/re2j-1.1.jar:/home/user/.m2/repository/com/google/code/gson/gson/2.2.4/gson-2.2.4.jar:/home/user/.m2/repository/com/jcraft/jsch/0.1.54/jsch-0.1.54.jar:/home/user/.m2/repository/org/apache/curator/curator-client/2.12.0/curator-client-2.12.0.jar:/home/user/.m2/repository/org/apache/curator/curator-recipes/2.12.0/curator-recipes-2.12.0.jar:/home/user/.m2/repository/com/google/code/findbugs/jsr305/3.0.0/jsr305-3.0.0.jar:/home/user/.m2/repository/org/apache/htrace/htrace-core4/4.1.0-incubating/htrace-core4-4.1.0-incubating.jar:/home/user/.m2/repository/org/apache/zookeeper/zookeeper/3.4.13/zookeeper-3.4.13.jar:/home/user/.m2/repository/org/apache/yetus/audience-annotations/0.5.0/audience-annotations-0.5.0.jar:/home/user/.m2/repository/org/codehaus/woodstox/stax2-api/3.1.4/stax2-api-3.1.4.jar:/home/user/.m2/repository/com/fasterxml/woodstox/woodstox-core/5.0.3/woodstox-core-5.0.3.jar:/home/user/.m2/repository/dnsjava/dnsjava/2.1.7/dnsjava-2.1.7.jar:/home/user/.m2/repository/org/apache/hadoop/hadoop-hdfs/3.2.0/hadoop-hdfs-3.2.0-tests.jar:/home/user/.m2/repository/org/eclipse/jetty/jetty-util-ajax/9.3.24.v20180605/jetty-util-ajax-9.3.24.v20180605.jar:/home/user/.m2/repository/commons-daemon/commons-daemon/1.0.13/commons-daemon-1.0.13.jar:/home/user/.m2/repository/io/netty/netty/3.10.5.Final/netty-3.10.5.Final.jar:/home/user/.m2/repository/io/netty/netty-all/4.0.52.Final/netty-all-4.0.52.Final.jar:/home/user/.m2/repository/org/fusesource/leveldbjni/leveldbjni-all/1.8/leveldbjni-all-1.8.jar:"/>
    <property name="java.vm.vendor" value="IcedTea"/>
    <property name="sun.arch.data.model" value="64"/>
    <property name="test.build.dir" value="/workdir/hadoop-ozone/integration-test/target/test-dir"/>
    <property name="test.cache.data" value=""/>
    <property name="java.vendor.url" value="https://icedtea.classpath.org"/>
    <property name="user.timezone" value=""/>
    <property name="java.vm.specification.version" value="1.8"/>
    <property name="os.name" value="Linux"/>
    <property name="test.build.data" value="/workdir/hadoop-ozone/integration-test/target/test-dir"/>
    <property name="user.country" value="US"/>
    <property name="sun.java.launcher" value="SUN_STANDARD"/>
    <property name="sun.boot.library.path" value="/usr/lib/jvm/java-1.8-openjdk/jre/lib/amd64"/>
    <property name="sun.java.command" value="/workdir/hadoop-ozone/integration-test/target/surefire/surefirebooter7056167662240736883.jar /workdir/hadoop-ozone/integration-test/target/surefire 2019-07-14T15-23-37_400-jvmRun1 surefire2000952967918485320tmp surefire_697008793022333666877tmp"/>
    <property name="surefire.test.class.path" value="/workdir/hadoop-ozone/integration-test/target/test-classes:/workdir/hadoop-ozone/integration-test/target/classes:/home/user/.m2/repository/org/apache/hadoop/hadoop-ozone-common/0.5.0-SNAPSHOT/hadoop-ozone-common-0.5.0-SNAPSHOT.jar:/home/user/.m2/repository/org/apache/commons/commons-compress/1.4.1/commons-compress-1.4.1.jar:/home/user/.m2/repository/org/tukaani/xz/1.0/xz-1.0.jar:/home/user/.m2/repository/org/apache/hadoop/hadoop-common/3.2.0/hadoop-common-3.2.0.jar:/home/user/.m2/repository/org/apache/hadoop/hadoop-hdfs/3.2.0/hadoop-hdfs-3.2.0.jar:/home/user/.m2/repository/org/apache/hadoop/hadoop-hdfs-client/3.2.0/hadoop-hdfs-client-3.2.0.jar:/home/user/.m2/repository/com/fasterxml/jackson/core/jackson-annotations/2.9.5/jackson-annotations-2.9.5.jar:/home/user/.m2/repository/org/apache/hadoop/hadoop-hdds-common/0.5.0-SNAPSHOT/hadoop-hdds-common-0.5.0-SNAPSHOT.jar:/home/user/.m2/repository/javax/annotation/javax.annotation-api/1.2/javax.annotation-api-1.2.jar:/home/user/.m2/repository/org/apache/ratis/ratis-server/0.4.0-2337318-SNAPSHOT/ratis-server-0.4.0-2337318-SNAPSHOT.jar:/home/user/.m2/repository/org/apache/ratis/ratis-thirdparty-misc/0.2.0/ratis-thirdparty-misc-0.2.0.jar:/home/user/.m2/repository/org/apache/ratis/ratis-proto/0.4.0-2337318-SNAPSHOT/ratis-proto-0.4.0-2337318-SNAPSHOT.jar:/home/user/.m2/repository/org/apache/ratis/ratis-common/0.4.0-2337318-SNAPSHOT/ratis-common-0.4.0-2337318-SNAPSHOT.jar:/home/user/.m2/repository/org/apache/ratis/ratis-client/0.4.0-2337318-SNAPSHOT/ratis-client-0.4.0-2337318-SNAPSHOT.jar:/home/user/.m2/repository/org/apache/ratis/ratis-metrics/0.4.0-2337318-SNAPSHOT/ratis-metrics-0.4.0-2337318-SNAPSHOT.jar:/home/user/.m2/repository/org/apache/ratis/ratis-netty/0.4.0-2337318-SNAPSHOT/ratis-netty-0.4.0-2337318-SNAPSHOT.jar:/home/user/.m2/repository/org/apache/ratis/ratis-grpc/0.4.0-2337318-SNAPSHOT/ratis-grpc-0.4.0-2337318-SNAPSHOT.jar:/home/user/.m2/repository/org/rocksdb/rocksdbjni/6.0.1/rocksdbjni-6.0.1.jar:/home/user/.m2/repository/org/apache/logging/log4j/log4j-api/2.11.0/log4j-api-2.11.0.jar:/home/user/.m2/repository/org/apache/logging/log4j/log4j-core/2.11.0/log4j-core-2.11.0.jar:/home/user/.m2/repository/com/lmax/disruptor/3.4.2/disruptor-3.4.2.jar:/home/user/.m2/repository/org/apache/commons/commons-pool2/2.6.0/commons-pool2-2.6.0.jar:/home/user/.m2/repository/org/bouncycastle/bcpkix-jdk15on/1.60/bcpkix-jdk15on-1.60.jar:/home/user/.m2/repository/commons-validator/commons-validator/1.6/commons-validator-1.6.jar:/home/user/.m2/repository/commons-digester/commons-digester/1.8.1/commons-digester-1.8.1.jar:/home/user/.m2/repository/io/jaegertracing/jaeger-client/0.33.1/jaeger-client-0.33.1.jar:/home/user/.m2/repository/io/jaegertracing/jaeger-thrift/0.33.1/jaeger-thrift-0.33.1.jar:/home/user/.m2/repository/org/apache/thrift/libthrift/0.11.0/libthrift-0.11.0.jar:/home/user/.m2/repository/com/squareup/okhttp3/okhttp/3.9.0/okhttp-3.9.0.jar:/home/user/.m2/repository/com/squareup/okio/okio/1.13.0/okio-1.13.0.jar:/home/user/.m2/repository/io/jaegertracing/jaeger-core/0.33.1/jaeger-core-0.33.1.jar:/home/user/.m2/repository/io/jaegertracing/jaeger-tracerresolver/0.33.1/jaeger-tracerresolver-0.33.1.jar:/home/user/.m2/repository/io/opentracing/contrib/opentracing-tracerresolver/0.1.5/opentracing-tracerresolver-0.1.5.jar:/home/user/.m2/repository/io/opentracing/opentracing-util/0.31.0/opentracing-util-0.31.0.jar:/home/user/.m2/repository/io/opentracing/opentracing-api/0.31.0/opentracing-api-0.31.0.jar:/home/user/.m2/repository/io/opentracing/opentracing-noop/0.31.0/opentracing-noop-0.31.0.jar:/home/user/.m2/repository/org/apache/hadoop/hadoop-hdds-server-framework/0.5.0-SNAPSHOT/hadoop-hdds-server-framework-0.5.0-SNAPSHOT.jar:/home/user/.m2/repository/org/apache/hadoop/hadoop-hdds-container-service/0.5.0-SNAPSHOT/hadoop-hdds-container-service-0.5.0-SNAPSHOT.jar:/home/user/.m2/repository/org/apache/hadoop/hadoop-hdds-client/0.5.0-SNAPSHOT/hadoop-hdds-client-0.5.0-SNAPSHOT.jar:/home/user/.m2/repository/org/apache/hadoop/hadoop-hdds-tools/0.5.0-SNAPSHOT/hadoop-hdds-tools-0.5.0-SNAPSHOT.jar:/home/user/.m2/repository/org/apache/hadoop/hadoop-hdds-server-scm/0.5.0-SNAPSHOT/hadoop-hdds-server-scm-0.5.0-SNAPSHOT.jar:/home/user/.m2/repository/org/apache/hadoop/hadoop-hdds-docs/0.5.0-SNAPSHOT/hadoop-hdds-docs-0.5.0-SNAPSHOT.jar:/home/user/.m2/repository/io/dropwizard/metrics/metrics-core/3.2.4/metrics-core-3.2.4.jar:/home/user/.m2/repository/org/hamcrest/hamcrest-all/1.3/hamcrest-all-1.3.jar:/home/user/.m2/repository/org/bouncycastle/bcprov-jdk15on/1.60/bcprov-jdk15on-1.60.jar:/home/user/.m2/repository/info/picocli/picocli/3.9.6/picocli-3.9.6.jar:/home/user/.m2/repository/com/google/protobuf/protobuf-java/2.5.0/protobuf-java-2.5.0.jar:/home/user/.m2/repository/com/google/guava/guava/11.0.2/guava-11.0.2.jar:/home/user/.m2/repository/org/apache/hadoop/hadoop-ozone-ozone-manager/0.5.0-SNAPSHOT/hadoop-ozone-ozone-manager-0.5.0-SNAPSHOT.jar:/home/user/.m2/repository/org/apache/hadoop/hadoop-minikdc/3.2.0/hadoop-minikdc-3.2.0.jar:/home/user/.m2/repository/commons-io/commons-io/2.5/commons-io-2.5.jar:/home/user/.m2/repository/org/apache/kerby/kerb-simplekdc/1.0.1/kerb-simplekdc-1.0.1.jar:/home/user/.m2/repository/org/apache/kerby/kerb-client/1.0.1/kerb-client-1.0.1.jar:/home/user/.m2/repository/org/apache/kerby/kerby-config/1.0.1/kerby-config-1.0.1.jar:/home/user/.m2/repository/org/apache/kerby/kerb-core/1.0.1/kerb-core-1.0.1.jar:/home/user/.m2/repository/org/apache/kerby/kerby-pkix/1.0.1/kerby-pkix-1.0.1.jar:/home/user/.m2/repository/org/apache/kerby/kerby-asn1/1.0.1/kerby-asn1-1.0.1.jar:/home/user/.m2/repository/org/apache/kerby/kerby-util/1.0.1/kerby-util-1.0.1.jar:/home/user/.m2/repository/org/apache/kerby/kerb-common/1.0.1/kerb-common-1.0.1.jar:/home/user/.m2/repository/org/apache/kerby/kerb-crypto/1.0.1/kerb-crypto-1.0.1.jar:/home/user/.m2/repository/org/apache/kerby/kerb-util/1.0.1/kerb-util-1.0.1.jar:/home/user/.m2/repository/org/apache/kerby/token-provider/1.0.1/token-provider-1.0.1.jar:/home/user/.m2/repository/org/apache/kerby/kerb-admin/1.0.1/kerb-admin-1.0.1.jar:/home/user/.m2/repository/org/apache/kerby/kerb-server/1.0.1/kerb-server-1.0.1.jar:/home/user/.m2/repository/org/apache/kerby/kerb-identity/1.0.1/kerb-identity-1.0.1.jar:/home/user/.m2/repository/org/apache/kerby/kerby-xdr/1.0.1/kerby-xdr-1.0.1.jar:/home/user/.m2/repository/org/slf4j/slf4j-log4j12/1.7.25/slf4j-log4j12-1.7.25.jar:/home/user/.m2/repository/org/apache/hadoop/hadoop-ozone-objectstore-service/0.5.0-SNAPSHOT/hadoop-ozone-objectstore-service-0.5.0-SNAPSHOT.jar:/home/user/.m2/repository/org/apache/hadoop/hadoop-ozone-s3gateway/0.5.0-SNAPSHOT/hadoop-ozone-s3gateway-0.5.0-SNAPSHOT.jar:/home/user/.m2/repository/org/jboss/weld/servlet/weld-servlet/2.4.7.Final/weld-servlet-2.4.7.Final.jar:/home/user/.m2/repository/org/glassfish/jersey/containers/jersey-container-servlet-core/2.27/jersey-container-servlet-core-2.27.jar:/home/user/.m2/repository/org/glassfish/hk2/external/javax.inject/2.5.0-b42/javax.inject-2.5.0-b42.jar:/home/user/.m2/repository/org/glassfish/jersey/core/jersey-common/2.27/jersey-common-2.27.jar:/home/user/.m2/repository/org/glassfish/hk2/osgi-resource-locator/1.0.1/osgi-resource-locator-1.0.1.jar:/home/user/.m2/repository/javax/ws/rs/javax.ws.rs-api/2.1/javax.ws.rs-api-2.1.jar:/home/user/.m2/repository/org/glassfish/jersey/ext/cdi/jersey-cdi1x/2.27/jersey-cdi1x-2.27.jar:/home/user/.m2/repository/org/glassfish/jersey/inject/jersey-hk2/2.27/jersey-hk2-2.27.jar:/home/user/.m2/repository/org/glassfish/hk2/hk2-locator/2.5.0-b42/hk2-locator-2.5.0-b42.jar:/home/user/.m2/repository/org/javassist/javassist/3.22.0-CR2/javassist-3.22.0-CR2.jar:/home/user/.m2/repository/org/glassfish/hk2/hk2-api/2.5.0/hk2-api-2.5.0.jar:/home/user/.m2/repository/org/glassfish/hk2/external/jakarta.inject/2.5.0/jakarta.inject-2.5.0.jar:/home/user/.m2/repository/org/glassfish/hk2/hk2-utils/2.5.0/hk2-utils-2.5.0.jar:/home/user/.m2/repository/jakarta/annotation/jakarta.annotation-api/1.3.4/jakarta.annotation-api-1.3.4.jar:/home/user/.m2/repository/org/glassfish/hk2/external/aopalliance-repackaged/2.5.0/aopalliance-repackaged-2.5.0.jar:/home/user/.m2/repository/com/fasterxml/jackson/dataformat/jackson-dataformat-xml/2.9.0/jackson-dataformat-xml-2.9.0.jar:/home/user/.m2/repository/com/fasterxml/jackson/core/jackson-core/2.9.5/jackson-core-2.9.5.jar:/home/user/.m2/repository/com/fasterxml/jackson/module/jackson-module-jaxb-annotations/2.9.5/jackson-module-jaxb-annotations-2.9.5.jar:/home/user/.m2/repository/javax/enterprise/cdi-api/1.2/cdi-api-1.2.jar:/home/user/.m2/repository/javax/el/javax.el-api/3.0.0/javax.el-api-3.0.0.jar:/home/user/.m2/repository/javax/interceptor/javax.interceptor-api/1.2/javax.interceptor-api-1.2.jar:/home/user/.m2/repository/javax/inject/javax.inject/1/javax.inject-1.jar:/home/user/.m2/repository/com/sun/xml/bind/jaxb-impl/2.3.0.1/jaxb-impl-2.3.0.1.jar:/home/user/.m2/repository/com/sun/xml/bind/jaxb-core/2.3.0.1/jaxb-core-2.3.0.1.jar:/home/user/.m2/repository/javax/xml/bind/jaxb-api/2.3.0/jaxb-api-2.3.0.jar:/home/user/.m2/repository/javax/activation/activation/1.1.1/activation-1.1.1.jar:/home/user/.m2/repository/org/apache/hadoop/hadoop-ozone-csi/0.5.0-SNAPSHOT/hadoop-ozone-csi-0.5.0-SNAPSHOT.jar:/home/user/.m2/repository/com/google/protobuf/protobuf-java-util/3.5.1/protobuf-java-util-3.5.1.jar:/home/user/.m2/repository/org/apache/hadoop/hadoop-hdds-config/0.5.0-SNAPSHOT/hadoop-hdds-config-0.5.0-SNAPSHOT.jar:/home/user/.m2/repository/io/grpc/grpc-netty/1.17.1/grpc-netty-1.17.1.jar:/home/user/.m2/repository/io/grpc/grpc-core/1.17.1/grpc-core-1.17.1.jar:/home/user/.m2/repository/io/grpc/grpc-context/1.17.1/grpc-context-1.17.1.jar:/home/user/.m2/repository/com/google/errorprone/error_prone_annotations/2.2.0/error_prone_annotations-2.2.0.jar:/home/user/.m2/repository/org/codehaus/mojo/animal-sniffer-annotations/1.17/animal-sniffer-annotations-1.17.jar:/home/user/.m2/repository/io/opencensus/opencensus-api/0.17.0/opencensus-api-0.17.0.jar:/home/user/.m2/repository/io/opencensus/opencensus-contrib-grpc-metrics/0.17.0/opencensus-contrib-grpc-metrics-0.17.0.jar:/home/user/.m2/repository/io/netty/netty-codec-http2/4.1.30.Final/netty-codec-http2-4.1.30.Final.jar:/home/user/.m2/repository/io/netty/netty-codec-http/4.1.30.Final/netty-codec-http-4.1.30.Final.jar:/home/user/.m2/repository/io/netty/netty-codec/4.1.30.Final/netty-codec-4.1.30.Final.jar:/home/user/.m2/repository/io/netty/netty-handler/4.1.30.Final/netty-handler-4.1.30.Final.jar:/home/user/.m2/repository/io/netty/netty-handler-proxy/4.1.30.Final/netty-handler-proxy-4.1.30.Final.jar:/home/user/.m2/repository/io/netty/netty-codec-socks/4.1.30.Final/netty-codec-socks-4.1.30.Final.jar:/home/user/.m2/repository/io/netty/netty-transport-native-epoll/4.1.30.Final/netty-transport-native-epoll-4.1.30.Final.jar:/home/user/.m2/repository/io/netty/netty-common/4.1.30.Final/netty-common-4.1.30.Final.jar:/home/user/.m2/repository/io/netty/netty-buffer/4.1.30.Final/netty-buffer-4.1.30.Final.jar:/home/user/.m2/repository/io/netty/netty-transport/4.1.30.Final/netty-transport-4.1.30.Final.jar:/home/user/.m2/repository/io/netty/netty-resolver/4.1.30.Final/netty-resolver-4.1.30.Final.jar:/home/user/.m2/repository/io/netty/netty-transport-native-unix-common/4.1.30.Final/netty-transport-native-unix-common-4.1.30.Final.jar:/home/user/.m2/repository/io/grpc/grpc-protobuf/1.17.1/grpc-protobuf-1.17.1.jar:/home/user/.m2/repository/com/google/api/grpc/proto-google-common-protos/1.0.0/proto-google-common-protos-1.0.0.jar:/home/user/.m2/repository/io/grpc/grpc-protobuf-lite/1.17.1/grpc-protobuf-lite-1.17.1.jar:/home/user/.m2/repository/io/grpc/grpc-stub/1.17.1/grpc-stub-1.17.1.jar:/home/user/.m2/repository/org/apache/hadoop/hadoop-ozone-recon/0.5.0-SNAPSHOT/hadoop-ozone-recon-0.5.0-SNAPSHOT.jar:/home/user/.m2/repository/org/apache/hadoop/hadoop-ozone-reconcodegen/0.5.0-SNAPSHOT/hadoop-ozone-reconcodegen-0.5.0-SNAPSHOT.jar:/home/user/.m2/repository/com/google/inject/extensions/guice-multibindings/4.0/guice-multibindings-4.0.jar:/home/user/.m2/repository/com/google/inject/guice/4.0/guice-4.0.jar:/home/user/.m2/repository/aopalliance/aopalliance/1.0/aopalliance-1.0.jar:/home/user/.m2/repository/com/google/inject/extensions/guice-servlet/4.0/guice-servlet-4.0.jar:/home/user/.m2/repository/org/glassfish/jersey/containers/jersey-container-servlet/2.27/jersey-container-servlet-2.27.jar:/home/user/.m2/repository/org/glassfish/hk2/guice-bridge/2.5.0/guice-bridge-2.5.0.jar:/home/user/.m2/repository/org/glassfish/jersey/core/jersey-server/2.27/jersey-server-2.27.jar:/home/user/.m2/repository/org/glassfish/jersey/core/jersey-client/2.27/jersey-client-2.27.jar:/home/user/.m2/repository/org/glassfish/jersey/media/jersey-media-jaxb/2.27/jersey-media-jaxb-2.27.jar:/home/user/.m2/repository/javax/validation/validation-api/1.1.0.Final/validation-api-1.1.0.Final.jar:/home/user/.m2/repository/org/glassfish/jersey/media/jersey-media-json-jackson/2.27/jersey-media-json-jackson-2.27.jar:/home/user/.m2/repository/org/glassfish/jersey/ext/jersey-entity-filtering/2.27/jersey-entity-filtering-2.27.jar:/home/user/.m2/repository/com/google/inject/extensions/guice-assistedinject/4.0/guice-assistedinject-4.0.jar:/home/user/.m2/repository/org/jooq/jooq/3.11.10/jooq-3.11.10.jar:/home/user/.m2/repository/org/jooq/jooq-meta/3.11.10/jooq-meta-3.11.10.jar:/home/user/.m2/repository/org/jooq/jooq-codegen/3.11.10/jooq-codegen-3.11.10.jar:/home/user/.m2/repository/com/jolbox/bonecp/0.8.0.RELEASE/bonecp-0.8.0.RELEASE.jar:/home/user/.m2/repository/org/xerial/sqlite-jdbc/3.25.2/sqlite-jdbc-3.25.2.jar:/home/user/.m2/repository/org/springframework/spring-jdbc/5.1.3.RELEASE/spring-jdbc-5.1.3.RELEASE.jar:/home/user/.m2/repository/org/springframework/spring-beans/5.1.3.RELEASE/spring-beans-5.1.3.RELEASE.jar:/home/user/.m2/repository/org/springframework/spring-core/5.1.3.RELEASE/spring-core-5.1.3.RELEASE.jar:/home/user/.m2/repository/org/springframework/spring-jcl/5.1.3.RELEASE/spring-jcl-5.1.3.RELEASE.jar:/home/user/.m2/repository/org/springframework/spring-tx/5.1.3.RELEASE/spring-tx-5.1.3.RELEASE.jar:/home/user/.m2/repository/org/apache/hadoop/hadoop-ozone-client/0.5.0-SNAPSHOT/hadoop-ozone-client-0.5.0-SNAPSHOT.jar:/home/user/.m2/repository/commons-lang/commons-lang/2.6/commons-lang-2.6.jar:/home/user/.m2/repository/org/apache/hadoop/hadoop-ozone-ozone-manager/0.5.0-SNAPSHOT/hadoop-ozone-ozone-manager-0.5.0-SNAPSHOT-tests.jar:/home/user/.m2/repository/junit/junit/4.11/junit-4.11.jar:/home/user/.m2/repository/org/hamcrest/hamcrest-core/1.3/hamcrest-core-1.3.jar:/home/user/.m2/repository/org/openjdk/jmh/jmh-core/1.19/jmh-core-1.19.jar:/home/user/.m2/repository/net/sf/jopt-simple/jopt-simple/4.6/jopt-simple-4.6.jar:/home/user/.m2/repository/org/apache/commons/commons-math3/3.1.1/commons-math3-3.1.1.jar:/home/user/.m2/repository/org/openjdk/jmh/jmh-generator-annprocess/1.19/jmh-generator-annprocess-1.19.jar:/home/user/.m2/repository/org/mockito/mockito-all/1.8.5/mockito-all-1.8.5.jar:/home/user/.m2/repository/org/apache/hadoop/hadoop-kms/3.2.0/hadoop-kms-3.2.0.jar:/home/user/.m2/repository/org/apache/hadoop/hadoop-auth/3.2.0/hadoop-auth-3.2.0.jar:/home/user/.m2/repository/com/nimbusds/nimbus-jose-jwt/4.41.1/nimbus-jose-jwt-4.41.1.jar:/home/user/.m2/repository/com/github/stephenc/jcip/jcip-annotations/1.0-1/jcip-annotations-1.0-1.jar:/home/user/.m2/repository/net/minidev/json-smart/2.3/json-smart-2.3.jar:/home/user/.m2/repository/net/minidev/accessors-smart/1.2/accessors-smart-1.2.jar:/home/user/.m2/repository/org/ow2/asm/asm/5.0.4/asm-5.0.4.jar:/home/user/.m2/repository/org/apache/curator/curator-framework/2.12.0/curator-framework-2.12.0.jar:/home/user/.m2/repository/com/sun/jersey/jersey-core/1.19/jersey-core-1.19.jar:/home/user/.m2/repository/javax/ws/rs/jsr311-api/1.1.1/jsr311-api-1.1.1.jar:/home/user/.m2/repository/com/sun/jersey/jersey-server/1.19/jersey-server-1.19.jar:/home/user/.m2/repository/javax/servlet/javax.servlet-api/3.1.0/javax.servlet-api-3.1.0.jar:/home/user/.m2/repository/org/eclipse/jetty/jetty-server/9.3.24.v20180605/jetty-server-9.3.24.v20180605.jar:/home/user/.m2/repository/org/eclipse/jetty/jetty-http/9.3.24.v20180605/jetty-http-9.3.24.v20180605.jar:/home/user/.m2/repository/org/eclipse/jetty/jetty-io/9.3.24.v20180605/jetty-io-9.3.24.v20180605.jar:/home/user/.m2/repository/org/eclipse/jetty/jetty-webapp/9.3.24.v20180605/jetty-webapp-9.3.24.v20180605.jar:/home/user/.m2/repository/org/eclipse/jetty/jetty-xml/9.3.24.v20180605/jetty-xml-9.3.24.v20180605.jar:/home/user/.m2/repository/log4j/log4j/1.2.17/log4j-1.2.17.jar:/home/user/.m2/repository/org/slf4j/slf4j-api/1.7.25/slf4j-api-1.7.25.jar:/home/user/.m2/repository/org/slf4j/jul-to-slf4j/1.7.25/jul-to-slf4j-1.7.25.jar:/home/user/.m2/repository/org/eclipse/jetty/jetty-util/9.3.24.v20180605/jetty-util-9.3.24.v20180605.jar:/home/user/.m2/repository/com/fasterxml/jackson/core/jackson-databind/2.9.5/jackson-databind-2.9.5.jar:/home/user/.m2/repository/org/apache/hadoop/hadoop-kms/3.2.0/hadoop-kms-3.2.0-tests.jar:/home/user/.m2/repository/org/apache/hadoop/hadoop-hdds-server-scm/0.5.0-SNAPSHOT/hadoop-hdds-server-scm-0.5.0-SNAPSHOT-tests.jar:/home/user/.m2/repository/org/apache/hadoop/hadoop-hdds-container-service/0.5.0-SNAPSHOT/hadoop-hdds-container-service-0.5.0-SNAPSHOT-tests.jar:/home/user/.m2/repository/org/yaml/snakeyaml/1.16/snakeyaml-1.16.jar:/home/user/.m2/repository/org/apache/hadoop/hadoop-common/3.2.0/hadoop-common-3.2.0-tests.jar:/home/user/.m2/repository/org/apache/hadoop/hadoop-annotations/3.2.0/hadoop-annotations-3.2.0.jar:/usr/lib/jvm/java-1.8-openjdk/jre/../lib/tools.jar:/home/user/.m2/repository/commons-cli/commons-cli/1.2/commons-cli-1.2.jar:/home/user/.m2/repository/org/apache/httpcomponents/httpclient/4.5.2/httpclient-4.5.2.jar:/home/user/.m2/repository/org/apache/httpcomponents/httpcore/4.4.4/httpcore-4.4.4.jar:/home/user/.m2/repository/commons-codec/commons-codec/1.11/commons-codec-1.11.jar:/home/user/.m2/repository/commons-net/commons-net/3.6/commons-net-3.6.jar:/home/user/.m2/repository/commons-collections/commons-collections/3.2.2/commons-collections-3.2.2.jar:/home/user/.m2/repository/org/eclipse/jetty/jetty-servlet/9.3.24.v20180605/jetty-servlet-9.3.24.v20180605.jar:/home/user/.m2/repository/org/eclipse/jetty/jetty-security/9.3.24.v20180605/jetty-security-9.3.24.v20180605.jar:/home/user/.m2/repository/javax/servlet/jsp/jsp-api/2.1/jsp-api-2.1.jar:/home/user/.m2/repository/com/sun/jersey/jersey-servlet/1.19/jersey-servlet-1.19.jar:/home/user/.m2/repository/com/sun/jersey/jersey-json/1.19/jersey-json-1.19.jar:/home/user/.m2/repository/org/codehaus/jettison/jettison/1.1/jettison-1.1.jar:/home/user/.m2/repository/org/codehaus/jackson/jackson-core-asl/1.9.13/jackson-core-asl-1.9.13.jar:/home/user/.m2/repository/org/codehaus/jackson/jackson-mapper-asl/1.9.13/jackson-mapper-asl-1.9.13.jar:/home/user/.m2/repository/org/codehaus/jackson/jackson-jaxrs/1.9.13/jackson-jaxrs-1.9.13.jar:/home/user/.m2/repository/org/codehaus/jackson/jackson-xc/1.9.13/jackson-xc-1.9.13.jar:/home/user/.m2/repository/commons-logging/commons-logging/1.1.3/commons-logging-1.1.3.jar:/home/user/.m2/repository/commons-beanutils/commons-beanutils/1.9.3/commons-beanutils-1.9.3.jar:/home/user/.m2/repository/org/apache/commons/commons-configuration2/2.1.1/commons-configuration2-2.1.1.jar:/home/user/.m2/repository/org/apache/commons/commons-lang3/3.7/commons-lang3-3.7.jar:/home/user/.m2/repository/org/apache/commons/commons-text/1.4/commons-text-1.4.jar:/home/user/.m2/repository/org/apache/avro/avro/1.7.7/avro-1.7.7.jar:/home/user/.m2/repository/com/thoughtworks/paranamer/paranamer/2.3/paranamer-2.3.jar:/home/user/.m2/repository/org/xerial/snappy/snappy-java/1.0.5/snappy-java-1.0.5.jar:/home/user/.m2/repository/com/google/re2j/re2j/1.1/re2j-1.1.jar:/home/user/.m2/repository/com/google/code/gson/gson/2.2.4/gson-2.2.4.jar:/home/user/.m2/repository/com/jcraft/jsch/0.1.54/jsch-0.1.54.jar:/home/user/.m2/repository/org/apache/curator/curator-client/2.12.0/curator-client-2.12.0.jar:/home/user/.m2/repository/org/apache/curator/curator-recipes/2.12.0/curator-recipes-2.12.0.jar:/home/user/.m2/repository/com/google/code/findbugs/jsr305/3.0.0/jsr305-3.0.0.jar:/home/user/.m2/repository/org/apache/htrace/htrace-core4/4.1.0-incubating/htrace-core4-4.1.0-incubating.jar:/home/user/.m2/repository/org/apache/zookeeper/zookeeper/3.4.13/zookeeper-3.4.13.jar:/home/user/.m2/repository/org/apache/yetus/audience-annotations/0.5.0/audience-annotations-0.5.0.jar:/home/user/.m2/repository/org/codehaus/woodstox/stax2-api/3.1.4/stax2-api-3.1.4.jar:/home/user/.m2/repository/com/fasterxml/woodstox/woodstox-core/5.0.3/woodstox-core-5.0.3.jar:/home/user/.m2/repository/dnsjava/dnsjava/2.1.7/dnsjava-2.1.7.jar:/home/user/.m2/repository/org/apache/hadoop/hadoop-hdfs/3.2.0/hadoop-hdfs-3.2.0-tests.jar:/home/user/.m2/repository/org/eclipse/jetty/jetty-util-ajax/9.3.24.v20180605/jetty-util-ajax-9.3.24.v20180605.jar:/home/user/.m2/repository/commons-daemon/commons-daemon/1.0.13/commons-daemon-1.0.13.jar:/home/user/.m2/repository/io/netty/netty/3.10.5.Final/netty-3.10.5.Final.jar:/home/user/.m2/repository/io/netty/netty-all/4.0.52.Final/netty-all-4.0.52.Final.jar:/home/user/.m2/repository/org/fusesource/leveldbjni/leveldbjni-all/1.8/leveldbjni-all-1.8.jar:"/>
    <property name="sun.cpu.endian" value="little"/>
    <property name="user.home" value="/home/user"/>
    <property name="user.language" value="en"/>
    <property name="java.specification.vendor" value="Oracle Corporation"/>
    <property name="java.home" value="/usr/lib/jvm/java-1.8-openjdk/jre"/>
    <property name="java.security.krb5.conf" value="/workdir/hadoop-ozone/integration-test/target/test-classes/krb5.conf"/>
    <property name="basedir" value="/workdir/hadoop-ozone/integration-test"/>
    <property name="file.separator" value="/"/>
    <property name="line.separator" value="&#10;"/>
    <property name="java.vm.specification.vendor" value="Oracle Corporation"/>
    <property name="java.specification.name" value="Java Platform API Specification"/>
    <property name="java.awt.graphicsenv" value="sun.awt.X11GraphicsEnvironment"/>
    <property name="surefire.real.class.path" value="/workdir/hadoop-ozone/integration-test/target/surefire/surefirebooter7056167662240736883.jar"/>
    <property name="hadoop.log.dir" value="/workdir/hadoop-ozone/integration-test/target/log"/>
    <property name="sun.boot.class.path" value="/usr/lib/jvm/java-1.8-openjdk/jre/lib/resources.jar:/usr/lib/jvm/java-1.8-openjdk/jre/lib/rt.jar:/usr/lib/jvm/java-1.8-openjdk/jre/lib/sunrsasign.jar:/usr/lib/jvm/java-1.8-openjdk/jre/lib/jsse.jar:/usr/lib/jvm/java-1.8-openjdk/jre/lib/jce.jar:/usr/lib/jvm/java-1.8-openjdk/jre/lib/charsets.jar:/usr/lib/jvm/java-1.8-openjdk/jre/lib/jfr.jar:/usr/lib/jvm/java-1.8-openjdk/jre/classes"/>
    <property name="sun.management.compiler" value="HotSpot 64-Bit Tiered Compilers"/>
    <property name="java.runtime.version" value="1.8.0_212-b04"/>
    <property name="java.net.preferIPv4Stack" value="true"/>
    <property name="user.name" value="jenkins1000"/>
    <property name="path.separator" value=":"/>
    <property name="java.security.egd" value="file:///dev/urandom"/>
    <property name="os.version" value="3.10.0-957.12.2.el7.x86_64"/>
    <property name="java.endorsed.dirs" value="/usr/lib/jvm/java-1.8-openjdk/jre/lib/endorsed"/>
    <property name="java.runtime.name" value="OpenJDK Runtime Environment"/>
    <property name="file.encoding" value="UTF-8"/>
    <property name="java.vm.name" value="OpenJDK 64-Bit Server VM"/>
    <property name="test.build.webapps" value=""/>
    <property name="localRepository" value="/home/user/.m2/repository"/>
    <property name="java.vendor.url.bug" value="https://icedtea.classpath.org/bugzilla"/>
    <property name="java.io.tmpdir" value="/tmp"/>
    <property name="require.test.libhadoop" value=""/>
    <property name="java.version" value="1.8.0_212"/>
    <property name="user.dir" value="/workdir/hadoop-ozone/integration-test"/>
    <property name="os.arch" value="amd64"/>
    <property name="java.vm.specification.name" value="Java Virtual Machine Specification"/>
    <property name="test.build.classes" value="/workdir/hadoop-ozone/integration-test/target/test-classes"/>
    <property name="java.awt.printerjob" value="sun.print.PSPrinterJob"/>
    <property name="sun.os.patch.level" value="unknown"/>
    <property name="hadoop.tmp.dir" value="/workdir/hadoop-ozone/integration-test/target/tmp"/>
    <property name="java.library.path" value="/usr/lib/jvm/java-1.8-openjdk/jre/lib/amd64/server:/usr/lib/jvm/java-1.8-openjdk/jre/lib/amd64:/usr/lib/jvm/java-1.8-openjdk/jre/../lib/amd64:/workdir/hadoop-ozone/integration-test/target/native/target/usr/local/lib:/workdir/hadoop-ozone/integration-test/../../hadoop-common-project/hadoop-common/target/native/target/usr/local/lib:/usr/java/packages/lib/amd64:/usr/lib64:/lib64:/lib:/usr/lib"/>
    <property name="java.vm.info" value="mixed mode"/>
    <property name="java.vendor" value="IcedTea"/>
    <property name="java.vm.version" value="25.212-b04"/>
    <property name="java.ext.dirs" value="/usr/lib/jvm/java-1.8-openjdk/jre/lib/ext:/usr/java/packages/lib/ext"/>
    <property name="sun.io.unicode.encoding" value="UnicodeLittle"/>
    <property name="java.class.version" value="52.0"/>
  </properties>
  <testcase name="test2DatanodesFailure" classname="org.apache.hadoop.ozone.client.rpc.TestBlockOutputStreamWithFailures" time="107.096">
    <error type="java.lang.IllegalArgumentException">java.lang.IllegalArgumentException
	at com.google.common.base.Preconditions.checkArgument(Preconditions.java:72)
	at org.apache.hadoop.hdds.scm.XceiverClientManager.acquireClient(XceiverClientManager.java:150)
	at org.apache.hadoop.hdds.scm.XceiverClientManager.acquireClientForReadData(XceiverClientManager.java:143)
	at org.apache.hadoop.hdds.scm.storage.BlockInputStream.getChunkInfos(BlockInputStream.java:154)
	at org.apache.hadoop.hdds.scm.storage.BlockInputStream.initialize(BlockInputStream.java:118)
	at org.apache.hadoop.hdds.scm.storage.BlockInputStream.read(BlockInputStream.java:222)
	at org.apache.hadoop.ozone.client.io.KeyInputStream.read(KeyInputStream.java:171)
	at org.apache.hadoop.ozone.client.io.OzoneInputStream.read(OzoneInputStream.java:47)
	at java.io.InputStream.read(InputStream.java:101)
	at org.apache.hadoop.ozone.container.ContainerTestHelper.validateData(ContainerTestHelper.java:709)
	at org.apache.hadoop.ozone.client.rpc.TestBlockOutputStreamWithFailures.validateData(TestBlockOutputStreamWithFailures.java:1212)
	at org.apache.hadoop.ozone.client.rpc.TestBlockOutputStreamWithFailures.test2DatanodesFailure(TestBlockOutputStreamWithFailures.java:537)
	at sun.reflect.NativeMethodAccessorImpl.invoke0(Native Method)
	at sun.reflect.NativeMethodAccessorImpl.invoke(NativeMethodAccessorImpl.java:62)
	at sun.reflect.DelegatingMethodAccessorImpl.invoke(DelegatingMethodAccessorImpl.java:43)
	at java.lang.reflect.Method.invoke(Method.java:498)
	at org.junit.runners.model.FrameworkMethod$1.runReflectiveCall(FrameworkMethod.java:47)
	at org.junit.internal.runners.model.ReflectiveCallable.run(ReflectiveCallable.java:12)
	at org.junit.runners.model.FrameworkMethod.invokeExplosively(FrameworkMethod.java:44)
	at org.junit.internal.runners.statements.InvokeMethod.evaluate(InvokeMethod.java:17)
	at org.junit.internal.runners.statements.RunBefores.evaluate(RunBefores.java:26)
	at org.junit.internal.runners.statements.RunAfters.evaluate(RunAfters.java:27)
	at org.junit.runners.ParentRunner.runLeaf(ParentRunner.java:271)
	at org.junit.runners.BlockJUnit4ClassRunner.runChild(BlockJUnit4ClassRunner.java:70)
	at org.junit.runners.BlockJUnit4ClassRunner.runChild(BlockJUnit4ClassRunner.java:50)
	at org.junit.runners.ParentRunner$3.run(ParentRunner.java:238)
	at org.junit.runners.ParentRunner$1.schedule(ParentRunner.java:63)
	at org.junit.runners.ParentRunner.runChildren(ParentRunner.java:236)
	at org.junit.runners.ParentRunner.access$000(ParentRunner.java:53)
	at org.junit.runners.ParentRunner$2.evaluate(ParentRunner.java:229)
	at org.junit.runners.ParentRunner.run(ParentRunner.java:309)
	at org.apache.maven.surefire.junit4.JUnit4Provider.execute(JUnit4Provider.java:365)
	at org.apache.maven.surefire.junit4.JUnit4Provider.executeWithRerun(JUnit4Provider.java:273)
	at org.apache.maven.surefire.junit4.JUnit4Provider.executeTestSet(JUnit4Provider.java:238)
	at org.apache.maven.surefire.junit4.JUnit4Provider.invoke(JUnit4Provider.java:159)
	at org.apache.maven.surefire.booter.ForkedBooter.invokeProviderInSameClassLoader(ForkedBooter.java:384)
	at org.apache.maven.surefire.booter.ForkedBooter.runSuitesInProcess(ForkedBooter.java:345)
	at org.apache.maven.surefire.booter.ForkedBooter.execute(ForkedBooter.java:126)
	at org.apache.maven.surefire.booter.ForkedBooter.main(ForkedBooter.java:418)
</error>
    <system-out><![CDATA[2019-07-14 16:22:20,003 WARN  server.ServerUtils (ServerUtils.java:getScmDbDir(145)) - ozone.scm.db.dirs is not configured. We recommend adding this setting. Falling back to ozone.metadata.dirs instead.
2019-07-14 16:22:20,095 WARN  server.ServerUtils (ServerUtils.java:getScmDbDir(145)) - ozone.scm.db.dirs is not configured. We recommend adding this setting. Falling back to ozone.metadata.dirs instead.
2019-07-14 16:22:20,097 WARN  server.ServerUtils (ServerUtils.java:getScmDbDir(145)) - ozone.scm.db.dirs is not configured. We recommend adding this setting. Falling back to ozone.metadata.dirs instead.
2019-07-14 16:22:20,110 INFO  util.log (Log.java:initialized(192)) - Logging initialized @814ms
2019-07-14 16:22:20,190 INFO  db.DBStoreBuilder (DBStoreBuilder.java:addTable(110)) - using custom profile for table: deletedBlocks
2019-07-14 16:22:20,190 INFO  db.DBStoreBuilder (DBStoreBuilder.java:processTables(161)) - Using default column profile:DBProfile.DISK for Table:deletedBlocks
2019-07-14 16:22:20,191 INFO  db.DBStoreBuilder (DBStoreBuilder.java:addTable(110)) - using custom profile for table: validCerts
2019-07-14 16:22:20,191 INFO  db.DBStoreBuilder (DBStoreBuilder.java:processTables(161)) - Using default column profile:DBProfile.DISK for Table:validCerts
2019-07-14 16:22:20,191 INFO  db.DBStoreBuilder (DBStoreBuilder.java:addTable(110)) - using custom profile for table: revokedCerts
2019-07-14 16:22:20,192 INFO  db.DBStoreBuilder (DBStoreBuilder.java:processTables(161)) - Using default column profile:DBProfile.DISK for Table:revokedCerts
2019-07-14 16:22:20,201 INFO  db.DBStoreBuilder (DBStoreBuilder.java:addTable(110)) - using custom profile for table: default
2019-07-14 16:22:20,201 INFO  db.DBStoreBuilder (DBStoreBuilder.java:processTables(167)) - Using default column profile:DBProfile.DISK for Table:default
2019-07-14 16:22:20,202 INFO  db.DBStoreBuilder (DBStoreBuilder.java:getDbProfile(198)) - Using default options. DBProfile.DISK
2019-07-14 16:22:20,372 INFO  net.NodeSchemaLoader (NodeSchemaLoader.java:loadSchemaFromFile(125)) - Loading file from sun.misc.CompoundEnumeration@3835c46
2019-07-14 16:22:20,374 INFO  net.NodeSchemaLoader (NodeSchemaLoader.java:loadSchema(171)) - Loading network topology layer schema file
2019-07-14 16:22:20,433 INFO  node.SCMNodeManager (SCMNodeManager.java:<init>(119)) - Entering startup safe mode.
2019-07-14 16:22:20,505 WARN  server.ServerUtils (ServerUtils.java:getScmDbDir(145)) - ozone.scm.db.dirs is not configured. We recommend adding this setting. Falling back to ozone.metadata.dirs instead.
2019-07-14 16:22:20,561 INFO  pipeline.SCMPipelineManager (SCMPipelineManager.java:initializePipelineState(126)) - No pipeline exists in current db
2019-07-14 16:22:20,563 WARN  server.ServerUtils (ServerUtils.java:getScmDbDir(145)) - ozone.scm.db.dirs is not configured. We recommend adding this setting. Falling back to ozone.metadata.dirs instead.
2019-07-14 16:22:20,647 WARN  events.EventQueue (EventQueue.java:fireEvent(175)) - No event handler registered for event TypedEvent{payloadType=SafeModeStatus, name='SafeModeStatus'}
2019-07-14 16:22:20,913 INFO  ipc.CallQueueManager (CallQueueManager.java:<init>(84)) - Using callQueue: class java.util.concurrent.LinkedBlockingQueue, queueCapacity: 2000, scheduler: class org.apache.hadoop.ipc.DefaultRpcScheduler, ipcBackoff: false.
2019-07-14 16:22:20,935 INFO  ipc.Server (Server.java:run(1074)) - Starting Socket Reader #1 for port 32822
2019-07-14 16:22:20,953 INFO  ipc.CallQueueManager (CallQueueManager.java:<init>(84)) - Using callQueue: class java.util.concurrent.LinkedBlockingQueue, queueCapacity: 2000, scheduler: class org.apache.hadoop.ipc.DefaultRpcScheduler, ipcBackoff: false.
2019-07-14 16:22:20,954 INFO  ipc.Server (Server.java:run(1074)) - Starting Socket Reader #1 for port 46567
2019-07-14 16:22:20,959 INFO  ipc.CallQueueManager (CallQueueManager.java:<init>(84)) - Using callQueue: class java.util.concurrent.LinkedBlockingQueue, queueCapacity: 2000, scheduler: class org.apache.hadoop.ipc.DefaultRpcScheduler, ipcBackoff: false.
2019-07-14 16:22:20,960 INFO  ipc.Server (Server.java:run(1074)) - Starting Socket Reader #1 for port 33634
2019-07-14 16:22:21,084 INFO  hdfs.DFSUtil (DFSUtil.java:httpServerTemplateForNNAndJN(1641)) - Starting Web-server for scm at: http://0.0.0.0:0
2019-07-14 16:22:21,216 INFO  server.AuthenticationFilter (AuthenticationFilter.java:constructSecretProvider(240)) - Unable to initialize FileSignerSecretProvider, falling back to use random secrets.
2019-07-14 16:22:21,224 WARN  http.HttpRequestLog (HttpRequestLog.java:getRequestLog(97)) - Jetty request log can only be enabled using Log4j
2019-07-14 16:22:21,231 INFO  http.HttpServer2 (HttpServer2.java:addGlobalFilter(975)) - Added global filter 'safety' (class=org.apache.hadoop.http.HttpServer2$QuotingInputFilter)
2019-07-14 16:22:21,234 INFO  http.HttpServer2 (HttpServer2.java:addFilter(948)) - Added filter static_user_filter (class=org.apache.hadoop.http.lib.StaticUserWebFilter$StaticUserFilter) to context scm
2019-07-14 16:22:21,234 INFO  http.HttpServer2 (HttpServer2.java:addFilter(958)) - Added filter static_user_filter (class=org.apache.hadoop.http.lib.StaticUserWebFilter$StaticUserFilter) to context static
2019-07-14 16:22:21,234 INFO  http.HttpServer2 (HttpServer2.java:addFilter(958)) - Added filter static_user_filter (class=org.apache.hadoop.http.lib.StaticUserWebFilter$StaticUserFilter) to context logs
2019-07-14 16:22:21,262 INFO  server.StorageContainerManager (StorageContainerManager.java:start(761)) - StorageContainerLocationProtocol RPC server is listening at /0.0.0.0:33634
2019-07-14 16:22:21,317 WARN  impl.MetricsConfig (MetricsConfig.java:loadFirst(134)) - Cannot locate configuration: tried hadoop-metrics2-storagecontainermanager.properties,hadoop-metrics2.properties
2019-07-14 16:22:21,329 INFO  impl.MetricsSystemImpl (MetricsSystemImpl.java:startTimer(374)) - Scheduled Metric snapshot period at 10 second(s).
2019-07-14 16:22:21,329 INFO  impl.MetricsSystemImpl (MetricsSystemImpl.java:start(191)) - StorageContainerManager metrics system started
2019-07-14 16:22:21,605 INFO  server.SCMClientProtocolServer (SCMClientProtocolServer.java:start(149)) - RPC server for Client  is listening at /0.0.0.0:33634
2019-07-14 16:22:21,606 INFO  ipc.Server (Server.java:run(1314)) - IPC Server Responder: starting
2019-07-14 16:22:21,606 INFO  ipc.Server (Server.java:run(1153)) - IPC Server listener on 33634: starting
2019-07-14 16:22:21,611 INFO  server.StorageContainerManager (StorageContainerManager.java:start(771)) - ScmBlockLocationProtocol RPC server is listening at /0.0.0.0:46567
2019-07-14 16:22:21,611 INFO  server.SCMBlockProtocolServer (SCMBlockProtocolServer.java:start(140)) - RPC server for Block Protocol is listening at /0.0.0.0:46567
2019-07-14 16:22:21,612 INFO  ipc.Server (Server.java:run(1314)) - IPC Server Responder: starting
2019-07-14 16:22:21,612 INFO  ipc.Server (Server.java:run(1153)) - IPC Server listener on 46567: starting
2019-07-14 16:22:21,620 INFO  server.StorageContainerManager (StorageContainerManager.java:start(775)) - ScmDatanodeProtocl RPC server is listening at /0.0.0.0:32822
2019-07-14 16:22:21,620 INFO  server.SCMDatanodeProtocolServer (SCMDatanodeProtocolServer.java:start(191)) - RPC server for DataNodes is listening at /0.0.0.0:32822
2019-07-14 16:22:21,621 INFO  ipc.Server (Server.java:run(1314)) - IPC Server Responder: starting
2019-07-14 16:22:21,621 INFO  ipc.Server (Server.java:run(1153)) - IPC Server listener on 32822: starting
2019-07-14 16:22:21,634 INFO  http.HttpServer2 (HttpServer2.java:bindListener(1191)) - Jetty bound to port 38171
2019-07-14 16:22:21,637 INFO  server.Server (Server.java:doStart(351)) - jetty-9.3.24.v20180605, build timestamp: 2018-06-05T17:11:56Z, git hash: 84205aa28f11a4f31f2a3b86d1bba2cc8ab69827
2019-07-14 16:22:21,688 INFO  handler.ContextHandler (ContextHandler.java:doStart(781)) - Started o.e.j.s.ServletContextHandler@6bbe2511{/logs,file:///workdir/hadoop-ozone/integration-test/target/log,AVAILABLE}
2019-07-14 16:22:21,689 INFO  handler.ContextHandler (ContextHandler.java:doStart(781)) - Started o.e.j.s.ServletContextHandler@76012793{/static,file:///workdir/hadoop-ozone/integration-test/target/test-classes/webapps/static,AVAILABLE}
2019-07-14 16:22:21,725 INFO  handler.ContextHandler (ContextHandler.java:doStart(781)) - Started o.e.j.w.WebAppContext@664a9613{/,file:///workdir/hadoop-ozone/integration-test/target/test-classes/webapps/scm/,AVAILABLE}{/scm}
2019-07-14 16:22:21,730 INFO  server.AbstractConnector (AbstractConnector.java:doStart(278)) - Started ServerConnector@37ebc9d8{HTTP/1.1,[http/1.1]}{0.0.0.0:38171}
2019-07-14 16:22:21,731 INFO  server.Server (Server.java:doStart(419)) - Started @2435ms
2019-07-14 16:22:21,733 INFO  server.BaseHttpServer (BaseHttpServer.java:updateConnectorAddress(207)) - HTTP server of SCM is listening at http://0.0.0.0:38171
2019-07-14 16:22:21,742 INFO  util.JvmPauseMonitor (JvmPauseMonitor.java:run(188)) - Starting JVM pause monitor
2019-07-14 16:22:21,747 WARN  server.ServerUtils (ServerUtils.java:getDBPath(222)) - ozone.om.db.dirs is not configured. We recommend adding this setting. Falling back to ozone.metadata.dirs instead.
2019-07-14 16:22:21,867 WARN  server.ServerUtils (ServerUtils.java:getDBPath(222)) - ozone.om.db.dirs is not configured. We recommend adding this setting. Falling back to ozone.metadata.dirs instead.
2019-07-14 16:22:21,868 INFO  om.OzoneManager (OzoneManager.java:setOMNodeDetails(632)) - OM Service ID is not set. Setting it to the default ID: omServiceIdDefault
2019-07-14 16:22:21,868 INFO  om.OzoneManager (OzoneManager.java:setOMNodeDetails(638)) - OM Node ID is not set. Setting it to the OmStorage's OmID: 427c20ca-db78-4dbb-ad44-058a138dca5a
2019-07-14 16:22:21,869 INFO  om.OzoneManager (OzoneManager.java:loadOMHAConfigs(589)) - Found matching OM address with OMServiceId: null, OMNodeId: null, RPC Address: localhost:0 and Ratis port: 9872
2019-07-14 16:22:22,124 WARN  server.ServerUtils (ServerUtils.java:getDBPath(222)) - ozone.om.db.dirs is not configured. We recommend adding this setting. Falling back to ozone.metadata.dirs instead.
2019-07-14 16:22:22,131 INFO  db.DBStoreBuilder (DBStoreBuilder.java:addTable(110)) - using custom profile for table: userTable
2019-07-14 16:22:22,131 INFO  db.DBStoreBuilder (DBStoreBuilder.java:processTables(161)) - Using default column profile:DBProfile.DISK for Table:userTable
2019-07-14 16:22:22,132 INFO  db.DBStoreBuilder (DBStoreBuilder.java:addTable(110)) - using custom profile for table: volumeTable
2019-07-14 16:22:22,132 INFO  db.DBStoreBuilder (DBStoreBuilder.java:processTables(161)) - Using default column profile:DBProfile.DISK for Table:volumeTable
2019-07-14 16:22:22,132 INFO  db.DBStoreBuilder (DBStoreBuilder.java:addTable(110)) - using custom profile for table: bucketTable
2019-07-14 16:22:22,132 INFO  db.DBStoreBuilder (DBStoreBuilder.java:processTables(161)) - Using default column profile:DBProfile.DISK for Table:bucketTable
2019-07-14 16:22:22,133 INFO  db.DBStoreBuilder (DBStoreBuilder.java:addTable(110)) - using custom profile for table: keyTable
2019-07-14 16:22:22,133 INFO  db.DBStoreBuilder (DBStoreBuilder.java:processTables(161)) - Using default column profile:DBProfile.DISK for Table:keyTable
2019-07-14 16:22:22,133 INFO  db.DBStoreBuilder (DBStoreBuilder.java:addTable(110)) - using custom profile for table: deletedTable
2019-07-14 16:22:22,133 INFO  db.DBStoreBuilder (DBStoreBuilder.java:processTables(161)) - Using default column profile:DBProfile.DISK for Table:deletedTable
2019-07-14 16:22:22,134 INFO  db.DBStoreBuilder (DBStoreBuilder.java:addTable(110)) - using custom profile for table: openKeyTable
2019-07-14 16:22:22,134 INFO  db.DBStoreBuilder (DBStoreBuilder.java:processTables(161)) - Using default column profile:DBProfile.DISK for Table:openKeyTable
2019-07-14 16:22:22,134 INFO  db.DBStoreBuilder (DBStoreBuilder.java:addTable(110)) - using custom profile for table: s3Table
2019-07-14 16:22:22,134 INFO  db.DBStoreBuilder (DBStoreBuilder.java:processTables(161)) - Using default column profile:DBProfile.DISK for Table:s3Table
2019-07-14 16:22:22,135 INFO  db.DBStoreBuilder (DBStoreBuilder.java:addTable(110)) - using custom profile for table: multipartInfoTable
2019-07-14 16:22:22,135 INFO  db.DBStoreBuilder (DBStoreBuilder.java:processTables(161)) - Using default column profile:DBProfile.DISK for Table:multipartInfoTable
2019-07-14 16:22:22,135 INFO  db.DBStoreBuilder (DBStoreBuilder.java:addTable(110)) - using custom profile for table: dTokenTable
2019-07-14 16:22:22,135 INFO  db.DBStoreBuilder (DBStoreBuilder.java:processTables(161)) - Using default column profile:DBProfile.DISK for Table:dTokenTable
2019-07-14 16:22:22,136 INFO  db.DBStoreBuilder (DBStoreBuilder.java:addTable(110)) - using custom profile for table: s3SecretTable
2019-07-14 16:22:22,136 INFO  db.DBStoreBuilder (DBStoreBuilder.java:processTables(161)) - Using default column profile:DBProfile.DISK for Table:s3SecretTable
2019-07-14 16:22:22,136 INFO  db.DBStoreBuilder (DBStoreBuilder.java:addTable(110)) - using custom profile for table: prefixTable
2019-07-14 16:22:22,136 INFO  db.DBStoreBuilder (DBStoreBuilder.java:processTables(161)) - Using default column profile:DBProfile.DISK for Table:prefixTable
2019-07-14 16:22:22,136 INFO  db.DBStoreBuilder (DBStoreBuilder.java:addTable(110)) - using custom profile for table: default
2019-07-14 16:22:22,137 INFO  db.DBStoreBuilder (DBStoreBuilder.java:processTables(167)) - Using default column profile:DBProfile.DISK for Table:default
2019-07-14 16:22:22,137 INFO  db.DBStoreBuilder (DBStoreBuilder.java:getDbProfile(198)) - Using default options. DBProfile.DISK
2019-07-14 16:22:23,032 INFO  ipc.CallQueueManager (CallQueueManager.java:<init>(84)) - Using callQueue: class java.util.concurrent.LinkedBlockingQueue, queueCapacity: 2000, scheduler: class org.apache.hadoop.ipc.DefaultRpcScheduler, ipcBackoff: false.
2019-07-14 16:22:23,033 INFO  ipc.Server (Server.java:run(1074)) - Starting Socket Reader #1 for port 44438
2019-07-14 16:22:23,061 WARN  server.ServerUtils (ServerUtils.java:getDBPath(222)) - ozone.om.db.dirs is not configured. We recommend adding this setting. Falling back to ozone.metadata.dirs instead.
2019-07-14 16:22:23,062 INFO  om.OzoneManager (OzoneManager.java:start(1230)) - OzoneManager RPC server is listening at localhost/127.0.0.1:44438
2019-07-14 16:22:23,062 INFO  impl.MetricsSystemImpl (MetricsSystemImpl.java:init(158)) - OzoneManager metrics system started (again)
2019-07-14 16:22:23,066 INFO  ipc.Server (Server.java:run(1314)) - IPC Server Responder: starting
2019-07-14 16:22:23,066 INFO  ipc.Server (Server.java:run(1153)) - IPC Server listener on 44438: starting
2019-07-14 16:22:23,079 INFO  hdfs.DFSUtil (DFSUtil.java:httpServerTemplateForNNAndJN(1641)) - Starting Web-server for ozoneManager at: http://0.0.0.0:0
2019-07-14 16:22:23,082 INFO  server.AuthenticationFilter (AuthenticationFilter.java:constructSecretProvider(240)) - Unable to initialize FileSignerSecretProvider, falling back to use random secrets.
2019-07-14 16:22:23,083 WARN  http.HttpRequestLog (HttpRequestLog.java:getRequestLog(97)) - Jetty request log can only be enabled using Log4j
2019-07-14 16:22:23,086 INFO  http.HttpServer2 (HttpServer2.java:addGlobalFilter(975)) - Added global filter 'safety' (class=org.apache.hadoop.http.HttpServer2$QuotingInputFilter)
2019-07-14 16:22:23,087 INFO  http.HttpServer2 (HttpServer2.java:addFilter(948)) - Added filter static_user_filter (class=org.apache.hadoop.http.lib.StaticUserWebFilter$StaticUserFilter) to context ozoneManager
2019-07-14 16:22:23,088 INFO  http.HttpServer2 (HttpServer2.java:addFilter(958)) - Added filter static_user_filter (class=org.apache.hadoop.http.lib.StaticUserWebFilter$StaticUserFilter) to context static
2019-07-14 16:22:23,088 INFO  http.HttpServer2 (HttpServer2.java:addFilter(958)) - Added filter static_user_filter (class=org.apache.hadoop.http.lib.StaticUserWebFilter$StaticUserFilter) to context logs
2019-07-14 16:22:23,092 INFO  http.HttpServer2 (HttpServer2.java:bindListener(1191)) - Jetty bound to port 44475
2019-07-14 16:22:23,092 INFO  server.Server (Server.java:doStart(351)) - jetty-9.3.24.v20180605, build timestamp: 2018-06-05T17:11:56Z, git hash: 84205aa28f11a4f31f2a3b86d1bba2cc8ab69827
2019-07-14 16:22:23,094 INFO  handler.ContextHandler (ContextHandler.java:doStart(781)) - Started o.e.j.s.ServletContextHandler@7c974942{/logs,file:///workdir/hadoop-ozone/integration-test/target/log,AVAILABLE}
2019-07-14 16:22:23,095 INFO  handler.ContextHandler (ContextHandler.java:doStart(781)) - Started o.e.j.s.ServletContextHandler@60921b21{/static,file:///workdir/hadoop-ozone/integration-test/target/test-classes/webapps/static,AVAILABLE}
2019-07-14 16:22:23,112 INFO  handler.ContextHandler (ContextHandler.java:doStart(781)) - Started o.e.j.w.WebAppContext@4b1abd11{/,file:///workdir/hadoop-ozone/integration-test/target/test-classes/webapps/ozoneManager/,AVAILABLE}{/ozoneManager}
2019-07-14 16:22:23,113 INFO  server.AbstractConnector (AbstractConnector.java:doStart(278)) - Started ServerConnector@3f36b447{HTTP/1.1,[http/1.1]}{0.0.0.0:44475}
2019-07-14 16:22:23,113 INFO  server.Server (Server.java:doStart(419)) - Started @3817ms
2019-07-14 16:22:23,114 INFO  server.BaseHttpServer (BaseHttpServer.java:updateConnectorAddress(207)) - HTTP server of OZONEMANAGER is listening at http://0.0.0.0:44475
2019-07-14 16:22:23,445 INFO  impl.MetricsSystemImpl (MetricsSystemImpl.java:init(158)) - HddsDatanode metrics system started (again)
2019-07-14 16:22:23,528 INFO  ozone.HddsDatanodeService (HddsDatanodeService.java:start(185)) - HddsDatanodeService host:pr-hdds-1710-5x6jb-1204890111 ip:192.168.69.77
2019-07-14 16:22:23,559 INFO  volume.HddsVolume (HddsVolume.java:<init>(176)) - Creating Volume: /workdir/hadoop-ozone/integration-test/target/test-dir/MiniOzoneClusterImpl-2edbef45-7b9e-4a7f-a65a-0656f9579177/datanode-0/data/containers/hdds of  storage type : DISK and capacity : 52710309888
2019-07-14 16:22:23,561 INFO  volume.VolumeSet (VolumeSet.java:initializeVolumeSet(170)) - Added Volume : /workdir/hadoop-ozone/integration-test/target/test-dir/MiniOzoneClusterImpl-2edbef45-7b9e-4a7f-a65a-0656f9579177/datanode-0/data/containers/hdds to VolumeSet
2019-07-14 16:22:23,564 INFO  volume.ThrottledAsyncChecker (ThrottledAsyncChecker.java:schedule(140)) - Scheduling a check for org.apache.hadoop.ozone.container.common.volume.HddsVolume@5ce4369b
2019-07-14 16:22:23,581 INFO  volume.HddsVolumeChecker (HddsVolumeChecker.java:checkAllVolumes(203)) - Scheduled health check for volume org.apache.hadoop.ozone.container.common.volume.HddsVolume@5ce4369b
2019-07-14 16:22:23,691 INFO  impl.RaftServerProxy (ConfUtils.java:logGet(43)) - raft.rpc.type = GRPC (default)
2019-07-14 16:22:23,755 INFO  grpc.GrpcFactory (GrpcFactory.java:checkPooledByteBufAllocatorUseCacheForAllThreads(45)) - PERFORMANCE WARNING: useCacheForAllThreads is true that may cause Netty to create a lot garbage objects and, as a result, trigger GC.
	It is recommended to disable useCacheForAllThreads by setting -Dorg.apache.ratis.thirdparty.io.netty.allocator.useCacheForAllThreads=false in command line.
2019-07-14 16:22:23,760 INFO  grpc.GrpcConfigKeys$Server (ConfUtils.java:logGet(43)) - raft.grpc.server.port = 0 (default)
2019-07-14 16:22:23,761 INFO  server.GrpcService (ConfUtils.java:logGet(43)) - raft.grpc.message.size.max = 33570816 (custom)
2019-07-14 16:22:23,762 INFO  server.RaftServerConfigKeys (ConfUtils.java:logGet(43)) - raft.server.log.appender.buffer.byte-limit = 33554432 (custom)
2019-07-14 16:22:23,763 INFO  server.GrpcService (ConfUtils.java:logGet(43)) - raft.grpc.flow.control.window = 1MB (=1048576) (default)
2019-07-14 16:22:23,764 INFO  server.RaftServerConfigKeys (ConfUtils.java:logGet(43)) - raft.server.rpc.request.timeout = 3000ms (default)
2019-07-14 16:22:23,918 INFO  server.RaftServerConfigKeys (ConfUtils.java:logGet(43)) - raft.server.storage.dir = [/workdir/hadoop-ozone/integration-test/target/test-dir/MiniOzoneClusterImpl-2edbef45-7b9e-4a7f-a65a-0656f9579177/datanode-0/data/ratis] (custom)
2019-07-14 16:22:23,953 INFO  replication.SimpleContainerDownloader (SimpleContainerDownloader.java:<init>(72)) - Starting container downloader service to copy containers to replicate.
2019-07-14 16:22:23,965 INFO  hdfs.DFSUtil (DFSUtil.java:httpServerTemplateForNNAndJN(1641)) - Starting Web-server for hddsDatanode at: http://0.0.0.0:0
2019-07-14 16:22:23,967 INFO  server.AuthenticationFilter (AuthenticationFilter.java:constructSecretProvider(240)) - Unable to initialize FileSignerSecretProvider, falling back to use random secrets.
2019-07-14 16:22:23,967 WARN  http.HttpRequestLog (HttpRequestLog.java:getRequestLog(97)) - Jetty request log can only be enabled using Log4j
2019-07-14 16:22:23,969 INFO  http.HttpServer2 (HttpServer2.java:addGlobalFilter(975)) - Added global filter 'safety' (class=org.apache.hadoop.http.HttpServer2$QuotingInputFilter)
2019-07-14 16:22:23,970 INFO  http.HttpServer2 (HttpServer2.java:addFilter(948)) - Added filter static_user_filter (class=org.apache.hadoop.http.lib.StaticUserWebFilter$StaticUserFilter) to context hddsDatanode
2019-07-14 16:22:23,970 INFO  http.HttpServer2 (HttpServer2.java:addFilter(958)) - Added filter static_user_filter (class=org.apache.hadoop.http.lib.StaticUserWebFilter$StaticUserFilter) to context static
2019-07-14 16:22:23,970 INFO  http.HttpServer2 (HttpServer2.java:addFilter(958)) - Added filter static_user_filter (class=org.apache.hadoop.http.lib.StaticUserWebFilter$StaticUserFilter) to context logs
2019-07-14 16:22:23,971 INFO  http.HttpServer2 (HttpServer2.java:bindListener(1191)) - Jetty bound to port 45209
2019-07-14 16:22:23,971 INFO  server.Server (Server.java:doStart(351)) - jetty-9.3.24.v20180605, build timestamp: 2018-06-05T17:11:56Z, git hash: 84205aa28f11a4f31f2a3b86d1bba2cc8ab69827
2019-07-14 16:22:23,973 INFO  handler.ContextHandler (ContextHandler.java:doStart(781)) - Started o.e.j.s.ServletContextHandler@7903d448{/logs,file:///workdir/hadoop-ozone/integration-test/target/log,AVAILABLE}
2019-07-14 16:22:23,974 INFO  handler.ContextHandler (ContextHandler.java:doStart(781)) - Started o.e.j.s.ServletContextHandler@42ea287{/static,jar:file:/home/user/.m2/repository/org/apache/hadoop/hadoop-hdds-container-service/0.5.0-SNAPSHOT/hadoop-hdds-container-service-0.5.0-SNAPSHOT.jar!/webapps/static,AVAILABLE}
2019-07-14 16:22:24,006 INFO  handler.ContextHandler (ContextHandler.java:doStart(781)) - Started o.e.j.w.WebAppContext@2b8bb184{/,file:///tmp/jetty-0.0.0.0-45209-hddsDatanode-_-any-6493862799670445494.dir/webapp/,AVAILABLE}{/hddsDatanode}
2019-07-14 16:22:24,007 INFO  server.AbstractConnector (AbstractConnector.java:doStart(278)) - Started ServerConnector@472a11ae{HTTP/1.1,[http/1.1]}{0.0.0.0:45209}
2019-07-14 16:22:24,007 INFO  server.Server (Server.java:doStart(419)) - Started @4711ms
2019-07-14 16:22:24,009 INFO  server.BaseHttpServer (BaseHttpServer.java:updateConnectorAddress(207)) - HTTP server of HDDSDATANODE is listening at http://0.0.0.0:45209
2019-07-14 16:22:25,235 INFO  ozone.HddsDatanodeService (HddsDatanodeService.java:startPlugins(396)) - Started plug-in org.apache.hadoop.ozone.web.OzoneHddsDatanodeService@79b18230
2019-07-14 16:22:25,236 INFO  impl.MetricsSystemImpl (MetricsSystemImpl.java:init(158)) - HddsDatanode metrics system started (again)
2019-07-14 16:22:25,241 INFO  ozone.HddsDatanodeService (HddsDatanodeService.java:start(185)) - HddsDatanodeService host:pr-hdds-1710-5x6jb-1204890111 ip:192.168.69.77
2019-07-14 16:22:25,244 INFO  util.JvmPauseMonitor (JvmPauseMonitor.java:run(188)) - Starting JVM pause monitor
2019-07-14 16:22:25,252 INFO  volume.HddsVolume (HddsVolume.java:<init>(176)) - Creating Volume: /workdir/hadoop-ozone/integration-test/target/test-dir/MiniOzoneClusterImpl-2edbef45-7b9e-4a7f-a65a-0656f9579177/datanode-1/data/containers/hdds of  storage type : DISK and capacity : 52710309888
2019-07-14 16:22:25,253 INFO  volume.VolumeSet (VolumeSet.java:initializeVolumeSet(170)) - Added Volume : /workdir/hadoop-ozone/integration-test/target/test-dir/MiniOzoneClusterImpl-2edbef45-7b9e-4a7f-a65a-0656f9579177/datanode-1/data/containers/hdds to VolumeSet
2019-07-14 16:22:25,254 INFO  volume.ThrottledAsyncChecker (ThrottledAsyncChecker.java:schedule(140)) - Scheduling a check for org.apache.hadoop.ozone.container.common.volume.HddsVolume@2a4f8009
2019-07-14 16:22:25,256 INFO  volume.HddsVolumeChecker (HddsVolumeChecker.java:checkAllVolumes(203)) - Scheduled health check for volume org.apache.hadoop.ozone.container.common.volume.HddsVolume@2a4f8009
2019-07-14 16:22:25,278 INFO  impl.RaftServerProxy (ConfUtils.java:logGet(43)) - raft.rpc.type = GRPC (default)
2019-07-14 16:22:25,278 INFO  grpc.GrpcFactory (GrpcFactory.java:checkPooledByteBufAllocatorUseCacheForAllThreads(45)) - PERFORMANCE WARNING: useCacheForAllThreads is true that may cause Netty to create a lot garbage objects and, as a result, trigger GC.
	It is recommended to disable useCacheForAllThreads by setting -Dorg.apache.ratis.thirdparty.io.netty.allocator.useCacheForAllThreads=false in command line.
2019-07-14 16:22:25,279 INFO  grpc.GrpcConfigKeys$Server (ConfUtils.java:logGet(43)) - raft.grpc.server.port = 0 (default)
2019-07-14 16:22:25,279 INFO  server.GrpcService (ConfUtils.java:logGet(43)) - raft.grpc.message.size.max = 33570816 (custom)
2019-07-14 16:22:25,279 INFO  server.RaftServerConfigKeys (ConfUtils.java:logGet(43)) - raft.server.log.appender.buffer.byte-limit = 33554432 (custom)
2019-07-14 16:22:25,280 INFO  server.GrpcService (ConfUtils.java:logGet(43)) - raft.grpc.flow.control.window = 1MB (=1048576) (default)
2019-07-14 16:22:25,280 INFO  server.RaftServerConfigKeys (ConfUtils.java:logGet(43)) - raft.server.rpc.request.timeout = 3000ms (default)
2019-07-14 16:22:25,282 INFO  server.RaftServerConfigKeys (ConfUtils.java:logGet(43)) - raft.server.storage.dir = [/workdir/hadoop-ozone/integration-test/target/test-dir/MiniOzoneClusterImpl-2edbef45-7b9e-4a7f-a65a-0656f9579177/datanode-1/data/ratis] (custom)
2019-07-14 16:22:25,283 INFO  replication.SimpleContainerDownloader (SimpleContainerDownloader.java:<init>(72)) - Starting container downloader service to copy containers to replicate.
2019-07-14 16:22:25,286 INFO  hdfs.DFSUtil (DFSUtil.java:httpServerTemplateForNNAndJN(1641)) - Starting Web-server for hddsDatanode at: http://0.0.0.0:0
2019-07-14 16:22:25,289 INFO  server.AuthenticationFilter (AuthenticationFilter.java:constructSecretProvider(240)) - Unable to initialize FileSignerSecretProvider, falling back to use random secrets.
2019-07-14 16:22:25,290 WARN  http.HttpRequestLog (HttpRequestLog.java:getRequestLog(97)) - Jetty request log can only be enabled using Log4j
2019-07-14 16:22:25,294 INFO  http.HttpServer2 (HttpServer2.java:addGlobalFilter(975)) - Added global filter 'safety' (class=org.apache.hadoop.http.HttpServer2$QuotingInputFilter)
2019-07-14 16:22:25,295 INFO  http.HttpServer2 (HttpServer2.java:addFilter(948)) - Added filter static_user_filter (class=org.apache.hadoop.http.lib.StaticUserWebFilter$StaticUserFilter) to context hddsDatanode
2019-07-14 16:22:25,295 INFO  http.HttpServer2 (HttpServer2.java:addFilter(958)) - Added filter static_user_filter (class=org.apache.hadoop.http.lib.StaticUserWebFilter$StaticUserFilter) to context static
2019-07-14 16:22:25,296 INFO  http.HttpServer2 (HttpServer2.java:addFilter(958)) - Added filter static_user_filter (class=org.apache.hadoop.http.lib.StaticUserWebFilter$StaticUserFilter) to context logs
2019-07-14 16:22:25,297 INFO  http.HttpServer2 (HttpServer2.java:bindListener(1191)) - Jetty bound to port 34348
2019-07-14 16:22:25,298 INFO  server.Server (Server.java:doStart(351)) - jetty-9.3.24.v20180605, build timestamp: 2018-06-05T17:11:56Z, git hash: 84205aa28f11a4f31f2a3b86d1bba2cc8ab69827
2019-07-14 16:22:25,301 INFO  handler.ContextHandler (ContextHandler.java:doStart(781)) - Started o.e.j.s.ServletContextHandler@160e99e0{/logs,file:///workdir/hadoop-ozone/integration-test/target/log,AVAILABLE}
2019-07-14 16:22:25,302 INFO  handler.ContextHandler (ContextHandler.java:doStart(781)) - Started o.e.j.s.ServletContextHandler@365afe87{/static,jar:file:/home/user/.m2/repository/org/apache/hadoop/hadoop-hdds-container-service/0.5.0-SNAPSHOT/hadoop-hdds-container-service-0.5.0-SNAPSHOT.jar!/webapps/static,AVAILABLE}
2019-07-14 16:22:25,343 INFO  handler.ContextHandler (ContextHandler.java:doStart(781)) - Started o.e.j.w.WebAppContext@5bde57ab{/,file:///tmp/jetty-0.0.0.0-34348-hddsDatanode-_-any-7477555124588061858.dir/webapp/,AVAILABLE}{/hddsDatanode}
2019-07-14 16:22:25,344 INFO  server.AbstractConnector (AbstractConnector.java:doStart(278)) - Started ServerConnector@ea00de{HTTP/1.1,[http/1.1]}{0.0.0.0:34348}
2019-07-14 16:22:25,347 INFO  server.Server (Server.java:doStart(419)) - Started @6050ms
2019-07-14 16:22:25,348 INFO  server.BaseHttpServer (BaseHttpServer.java:updateConnectorAddress(207)) - HTTP server of HDDSDATANODE is listening at http://0.0.0.0:34348
2019-07-14 16:22:25,396 INFO  datanode.InitDatanodeState (InitDatanodeState.java:persistContainerDatanodeDetails(140)) - DatanodeDetails is persisted to /workdir/hadoop-ozone/integration-test/target/test-dir/MiniOzoneClusterImpl-2edbef45-7b9e-4a7f-a65a-0656f9579177/datanode-0/meta/datanode.id
2019-07-14 16:22:25,525 INFO  ozone.HddsDatanodeService (HddsDatanodeService.java:startPlugins(396)) - Started plug-in org.apache.hadoop.ozone.web.OzoneHddsDatanodeService@1f10fec6
2019-07-14 16:22:25,526 INFO  impl.MetricsSystemImpl (MetricsSystemImpl.java:init(158)) - HddsDatanode metrics system started (again)
2019-07-14 16:22:25,530 INFO  util.JvmPauseMonitor (JvmPauseMonitor.java:run(188)) - Starting JVM pause monitor
2019-07-14 16:22:25,530 INFO  ozone.HddsDatanodeService (HddsDatanodeService.java:start(185)) - HddsDatanodeService host:pr-hdds-1710-5x6jb-1204890111 ip:192.168.69.77
2019-07-14 16:22:25,536 INFO  datanode.InitDatanodeState (InitDatanodeState.java:persistContainerDatanodeDetails(140)) - DatanodeDetails is persisted to /workdir/hadoop-ozone/integration-test/target/test-dir/MiniOzoneClusterImpl-2edbef45-7b9e-4a7f-a65a-0656f9579177/datanode-1/meta/datanode.id
2019-07-14 16:22:25,542 INFO  volume.HddsVolume (HddsVolume.java:<init>(176)) - Creating Volume: /workdir/hadoop-ozone/integration-test/target/test-dir/MiniOzoneClusterImpl-2edbef45-7b9e-4a7f-a65a-0656f9579177/datanode-2/data/containers/hdds of  storage type : DISK and capacity : 52710309888
2019-07-14 16:22:25,543 INFO  volume.VolumeSet (VolumeSet.java:initializeVolumeSet(170)) - Added Volume : /workdir/hadoop-ozone/integration-test/target/test-dir/MiniOzoneClusterImpl-2edbef45-7b9e-4a7f-a65a-0656f9579177/datanode-2/data/containers/hdds to VolumeSet
2019-07-14 16:22:25,543 INFO  volume.ThrottledAsyncChecker (ThrottledAsyncChecker.java:schedule(140)) - Scheduling a check for org.apache.hadoop.ozone.container.common.volume.HddsVolume@7302ff13
2019-07-14 16:22:25,544 INFO  volume.HddsVolumeChecker (HddsVolumeChecker.java:checkAllVolumes(203)) - Scheduled health check for volume org.apache.hadoop.ozone.container.common.volume.HddsVolume@7302ff13
2019-07-14 16:22:25,558 INFO  impl.RaftServerProxy (ConfUtils.java:logGet(43)) - raft.rpc.type = GRPC (default)
2019-07-14 16:22:25,559 INFO  grpc.GrpcFactory (GrpcFactory.java:checkPooledByteBufAllocatorUseCacheForAllThreads(45)) - PERFORMANCE WARNING: useCacheForAllThreads is true that may cause Netty to create a lot garbage objects and, as a result, trigger GC.
	It is recommended to disable useCacheForAllThreads by setting -Dorg.apache.ratis.thirdparty.io.netty.allocator.useCacheForAllThreads=false in command line.
2019-07-14 16:22:25,559 INFO  grpc.GrpcConfigKeys$Server (ConfUtils.java:logGet(43)) - raft.grpc.server.port = 0 (default)
2019-07-14 16:22:25,559 INFO  server.GrpcService (ConfUtils.java:logGet(43)) - raft.grpc.message.size.max = 33570816 (custom)
2019-07-14 16:22:25,559 INFO  server.RaftServerConfigKeys (ConfUtils.java:logGet(43)) - raft.server.log.appender.buffer.byte-limit = 33554432 (custom)
2019-07-14 16:22:25,560 INFO  server.GrpcService (ConfUtils.java:logGet(43)) - raft.grpc.flow.control.window = 1MB (=1048576) (default)
2019-07-14 16:22:25,560 INFO  server.RaftServerConfigKeys (ConfUtils.java:logGet(43)) - raft.server.rpc.request.timeout = 3000ms (default)
2019-07-14 16:22:25,560 INFO  server.RaftServerConfigKeys (ConfUtils.java:logGet(43)) - raft.server.storage.dir = [/workdir/hadoop-ozone/integration-test/target/test-dir/MiniOzoneClusterImpl-2edbef45-7b9e-4a7f-a65a-0656f9579177/datanode-2/data/ratis] (custom)
2019-07-14 16:22:25,561 INFO  replication.SimpleContainerDownloader (SimpleContainerDownloader.java:<init>(72)) - Starting container downloader service to copy containers to replicate.
2019-07-14 16:22:25,563 INFO  hdfs.DFSUtil (DFSUtil.java:httpServerTemplateForNNAndJN(1641)) - Starting Web-server for hddsDatanode at: http://0.0.0.0:0
2019-07-14 16:22:25,564 INFO  server.AuthenticationFilter (AuthenticationFilter.java:constructSecretProvider(240)) - Unable to initialize FileSignerSecretProvider, falling back to use random secrets.
2019-07-14 16:22:25,564 WARN  http.HttpRequestLog (HttpRequestLog.java:getRequestLog(97)) - Jetty request log can only be enabled using Log4j
2019-07-14 16:22:25,566 INFO  http.HttpServer2 (HttpServer2.java:addGlobalFilter(975)) - Added global filter 'safety' (class=org.apache.hadoop.http.HttpServer2$QuotingInputFilter)
2019-07-14 16:22:25,566 INFO  http.HttpServer2 (HttpServer2.java:addFilter(948)) - Added filter static_user_filter (class=org.apache.hadoop.http.lib.StaticUserWebFilter$StaticUserFilter) to context hddsDatanode
2019-07-14 16:22:25,566 INFO  http.HttpServer2 (HttpServer2.java:addFilter(958)) - Added filter static_user_filter (class=org.apache.hadoop.http.lib.StaticUserWebFilter$StaticUserFilter) to context logs
2019-07-14 16:22:25,567 INFO  http.HttpServer2 (HttpServer2.java:addFilter(958)) - Added filter static_user_filter (class=org.apache.hadoop.http.lib.StaticUserWebFilter$StaticUserFilter) to context static
2019-07-14 16:22:25,567 INFO  http.HttpServer2 (HttpServer2.java:bindListener(1191)) - Jetty bound to port 32871
2019-07-14 16:22:25,567 INFO  server.Server (Server.java:doStart(351)) - jetty-9.3.24.v20180605, build timestamp: 2018-06-05T17:11:56Z, git hash: 84205aa28f11a4f31f2a3b86d1bba2cc8ab69827
2019-07-14 16:22:25,571 INFO  handler.ContextHandler (ContextHandler.java:doStart(781)) - Started o.e.j.s.ServletContextHandler@4a70d302{/logs,file:///workdir/hadoop-ozone/integration-test/target/log,AVAILABLE}
2019-07-14 16:22:25,572 INFO  handler.ContextHandler (ContextHandler.java:doStart(781)) - Started o.e.j.s.ServletContextHandler@622d7e4{/static,jar:file:/home/user/.m2/repository/org/apache/hadoop/hadoop-hdds-container-service/0.5.0-SNAPSHOT/hadoop-hdds-container-service-0.5.0-SNAPSHOT.jar!/webapps/static,AVAILABLE}
2019-07-14 16:22:25,599 INFO  handler.ContextHandler (ContextHandler.java:doStart(781)) - Started o.e.j.w.WebAppContext@29f3c438{/,file:///tmp/jetty-0.0.0.0-32871-hddsDatanode-_-any-5575957685575914732.dir/webapp/,AVAILABLE}{/hddsDatanode}
2019-07-14 16:22:25,600 INFO  server.AbstractConnector (AbstractConnector.java:doStart(278)) - Started ServerConnector@5460edd3{HTTP/1.1,[http/1.1]}{0.0.0.0:32871}
2019-07-14 16:22:25,600 INFO  server.Server (Server.java:doStart(419)) - Started @6304ms
2019-07-14 16:22:25,602 INFO  server.BaseHttpServer (BaseHttpServer.java:updateConnectorAddress(207)) - HTTP server of HDDSDATANODE is listening at http://0.0.0.0:32871
2019-07-14 16:22:25,727 INFO  ozone.HddsDatanodeService (HddsDatanodeService.java:startPlugins(396)) - Started plug-in org.apache.hadoop.ozone.web.OzoneHddsDatanodeService@3554bdc0
2019-07-14 16:22:25,727 INFO  impl.MetricsSystemImpl (MetricsSystemImpl.java:init(158)) - HddsDatanode metrics system started (again)
2019-07-14 16:22:25,730 INFO  ozone.HddsDatanodeService (HddsDatanodeService.java:start(185)) - HddsDatanodeService host:pr-hdds-1710-5x6jb-1204890111 ip:192.168.69.77
2019-07-14 16:22:25,731 INFO  util.JvmPauseMonitor (JvmPauseMonitor.java:run(188)) - Starting JVM pause monitor
2019-07-14 16:22:25,735 INFO  datanode.InitDatanodeState (InitDatanodeState.java:persistContainerDatanodeDetails(140)) - DatanodeDetails is persisted to /workdir/hadoop-ozone/integration-test/target/test-dir/MiniOzoneClusterImpl-2edbef45-7b9e-4a7f-a65a-0656f9579177/datanode-2/meta/datanode.id
2019-07-14 16:22:25,739 INFO  volume.HddsVolume (HddsVolume.java:<init>(176)) - Creating Volume: /workdir/hadoop-ozone/integration-test/target/test-dir/MiniOzoneClusterImpl-2edbef45-7b9e-4a7f-a65a-0656f9579177/datanode-3/data/containers/hdds of  storage type : DISK and capacity : 52710309888
2019-07-14 16:22:25,742 INFO  volume.VolumeSet (VolumeSet.java:initializeVolumeSet(170)) - Added Volume : /workdir/hadoop-ozone/integration-test/target/test-dir/MiniOzoneClusterImpl-2edbef45-7b9e-4a7f-a65a-0656f9579177/datanode-3/data/containers/hdds to VolumeSet
2019-07-14 16:22:25,743 INFO  volume.ThrottledAsyncChecker (ThrottledAsyncChecker.java:schedule(140)) - Scheduling a check for org.apache.hadoop.ozone.container.common.volume.HddsVolume@f245bdd
2019-07-14 16:22:25,743 INFO  volume.HddsVolumeChecker (HddsVolumeChecker.java:checkAllVolumes(203)) - Scheduled health check for volume org.apache.hadoop.ozone.container.common.volume.HddsVolume@f245bdd
2019-07-14 16:22:25,756 INFO  impl.RaftServerProxy (ConfUtils.java:logGet(43)) - raft.rpc.type = GRPC (default)
2019-07-14 16:22:25,757 INFO  grpc.GrpcFactory (GrpcFactory.java:checkPooledByteBufAllocatorUseCacheForAllThreads(45)) - PERFORMANCE WARNING: useCacheForAllThreads is true that may cause Netty to create a lot garbage objects and, as a result, trigger GC.
	It is recommended to disable useCacheForAllThreads by setting -Dorg.apache.ratis.thirdparty.io.netty.allocator.useCacheForAllThreads=false in command line.
2019-07-14 16:22:25,757 INFO  grpc.GrpcConfigKeys$Server (ConfUtils.java:logGet(43)) - raft.grpc.server.port = 0 (default)
2019-07-14 16:22:25,757 INFO  server.GrpcService (ConfUtils.java:logGet(43)) - raft.grpc.message.size.max = 33570816 (custom)
2019-07-14 16:22:25,757 INFO  server.RaftServerConfigKeys (ConfUtils.java:logGet(43)) - raft.server.log.appender.buffer.byte-limit = 33554432 (custom)
2019-07-14 16:22:25,758 INFO  server.GrpcService (ConfUtils.java:logGet(43)) - raft.grpc.flow.control.window = 1MB (=1048576) (default)
2019-07-14 16:22:25,758 INFO  server.RaftServerConfigKeys (ConfUtils.java:logGet(43)) - raft.server.rpc.request.timeout = 3000ms (default)
2019-07-14 16:22:25,758 INFO  server.RaftServerConfigKeys (ConfUtils.java:logGet(43)) - raft.server.storage.dir = [/workdir/hadoop-ozone/integration-test/target/test-dir/MiniOzoneClusterImpl-2edbef45-7b9e-4a7f-a65a-0656f9579177/datanode-3/data/ratis] (custom)
2019-07-14 16:22:25,759 INFO  replication.SimpleContainerDownloader (SimpleContainerDownloader.java:<init>(72)) - Starting container downloader service to copy containers to replicate.
2019-07-14 16:22:25,760 INFO  hdfs.DFSUtil (DFSUtil.java:httpServerTemplateForNNAndJN(1641)) - Starting Web-server for hddsDatanode at: http://0.0.0.0:0
2019-07-14 16:22:25,761 INFO  server.AuthenticationFilter (AuthenticationFilter.java:constructSecretProvider(240)) - Unable to initialize FileSignerSecretProvider, falling back to use random secrets.
2019-07-14 16:22:25,762 WARN  http.HttpRequestLog (HttpRequestLog.java:getRequestLog(97)) - Jetty request log can only be enabled using Log4j
2019-07-14 16:22:25,763 INFO  http.HttpServer2 (HttpServer2.java:addGlobalFilter(975)) - Added global filter 'safety' (class=org.apache.hadoop.http.HttpServer2$QuotingInputFilter)
2019-07-14 16:22:25,763 INFO  http.HttpServer2 (HttpServer2.java:addFilter(948)) - Added filter static_user_filter (class=org.apache.hadoop.http.lib.StaticUserWebFilter$StaticUserFilter) to context hddsDatanode
2019-07-14 16:22:25,764 INFO  http.HttpServer2 (HttpServer2.java:addFilter(958)) - Added filter static_user_filter (class=org.apache.hadoop.http.lib.StaticUserWebFilter$StaticUserFilter) to context static
2019-07-14 16:22:25,764 INFO  http.HttpServer2 (HttpServer2.java:addFilter(958)) - Added filter static_user_filter (class=org.apache.hadoop.http.lib.StaticUserWebFilter$StaticUserFilter) to context logs
2019-07-14 16:22:25,764 INFO  http.HttpServer2 (HttpServer2.java:bindListener(1191)) - Jetty bound to port 42187
2019-07-14 16:22:25,765 INFO  server.Server (Server.java:doStart(351)) - jetty-9.3.24.v20180605, build timestamp: 2018-06-05T17:11:56Z, git hash: 84205aa28f11a4f31f2a3b86d1bba2cc8ab69827
2019-07-14 16:22:25,767 INFO  handler.ContextHandler (ContextHandler.java:doStart(781)) - Started o.e.j.s.ServletContextHandler@1653b84e{/logs,file:///workdir/hadoop-ozone/integration-test/target/log,AVAILABLE}
2019-07-14 16:22:25,767 INFO  handler.ContextHandler (ContextHandler.java:doStart(781)) - Started o.e.j.s.ServletContextHandler@6f85ee02{/static,jar:file:/home/user/.m2/repository/org/apache/hadoop/hadoop-hdds-container-service/0.5.0-SNAPSHOT/hadoop-hdds-container-service-0.5.0-SNAPSHOT.jar!/webapps/static,AVAILABLE}
2019-07-14 16:22:25,795 INFO  handler.ContextHandler (ContextHandler.java:doStart(781)) - Started o.e.j.w.WebAppContext@7558c24b{/,file:///tmp/jetty-0.0.0.0-42187-hddsDatanode-_-any-5226845569745114420.dir/webapp/,AVAILABLE}{/hddsDatanode}
2019-07-14 16:22:25,796 INFO  server.AbstractConnector (AbstractConnector.java:doStart(278)) - Started ServerConnector@3a296107{HTTP/1.1,[http/1.1]}{0.0.0.0:42187}
2019-07-14 16:22:25,797 INFO  server.Server (Server.java:doStart(419)) - Started @6500ms
2019-07-14 16:22:25,798 INFO  server.BaseHttpServer (BaseHttpServer.java:updateConnectorAddress(207)) - HTTP server of HDDSDATANODE is listening at http://0.0.0.0:42187
2019-07-14 16:22:25,921 INFO  ozone.HddsDatanodeService (HddsDatanodeService.java:startPlugins(396)) - Started plug-in org.apache.hadoop.ozone.web.OzoneHddsDatanodeService@27a9f025
2019-07-14 16:22:25,921 INFO  impl.MetricsSystemImpl (MetricsSystemImpl.java:init(158)) - HddsDatanode metrics system started (again)
2019-07-14 16:22:25,924 INFO  ozone.HddsDatanodeService (HddsDatanodeService.java:start(185)) - HddsDatanodeService host:pr-hdds-1710-5x6jb-1204890111 ip:192.168.69.77
2019-07-14 16:22:25,925 INFO  util.JvmPauseMonitor (JvmPauseMonitor.java:run(188)) - Starting JVM pause monitor
2019-07-14 16:22:25,928 INFO  datanode.InitDatanodeState (InitDatanodeState.java:persistContainerDatanodeDetails(140)) - DatanodeDetails is persisted to /workdir/hadoop-ozone/integration-test/target/test-dir/MiniOzoneClusterImpl-2edbef45-7b9e-4a7f-a65a-0656f9579177/datanode-3/meta/datanode.id
2019-07-14 16:22:25,932 INFO  volume.HddsVolume (HddsVolume.java:<init>(176)) - Creating Volume: /workdir/hadoop-ozone/integration-test/target/test-dir/MiniOzoneClusterImpl-2edbef45-7b9e-4a7f-a65a-0656f9579177/datanode-4/data/containers/hdds of  storage type : DISK and capacity : 52710309888
2019-07-14 16:22:25,932 INFO  volume.VolumeSet (VolumeSet.java:initializeVolumeSet(170)) - Added Volume : /workdir/hadoop-ozone/integration-test/target/test-dir/MiniOzoneClusterImpl-2edbef45-7b9e-4a7f-a65a-0656f9579177/datanode-4/data/containers/hdds to VolumeSet
2019-07-14 16:22:25,932 INFO  volume.ThrottledAsyncChecker (ThrottledAsyncChecker.java:schedule(140)) - Scheduling a check for org.apache.hadoop.ozone.container.common.volume.HddsVolume@6cbb7a7d
2019-07-14 16:22:25,933 INFO  volume.HddsVolumeChecker (HddsVolumeChecker.java:checkAllVolumes(203)) - Scheduled health check for volume org.apache.hadoop.ozone.container.common.volume.HddsVolume@6cbb7a7d
2019-07-14 16:22:25,947 INFO  impl.RaftServerProxy (ConfUtils.java:logGet(43)) - raft.rpc.type = GRPC (default)
2019-07-14 16:22:25,947 INFO  grpc.GrpcFactory (GrpcFactory.java:checkPooledByteBufAllocatorUseCacheForAllThreads(45)) - PERFORMANCE WARNING: useCacheForAllThreads is true that may cause Netty to create a lot garbage objects and, as a result, trigger GC.
	It is recommended to disable useCacheForAllThreads by setting -Dorg.apache.ratis.thirdparty.io.netty.allocator.useCacheForAllThreads=false in command line.
2019-07-14 16:22:25,948 INFO  grpc.GrpcConfigKeys$Server (ConfUtils.java:logGet(43)) - raft.grpc.server.port = 0 (default)
2019-07-14 16:22:25,948 INFO  server.GrpcService (ConfUtils.java:logGet(43)) - raft.grpc.message.size.max = 33570816 (custom)
2019-07-14 16:22:25,948 INFO  server.RaftServerConfigKeys (ConfUtils.java:logGet(43)) - raft.server.log.appender.buffer.byte-limit = 33554432 (custom)
2019-07-14 16:22:25,948 INFO  server.GrpcService (ConfUtils.java:logGet(43)) - raft.grpc.flow.control.window = 1MB (=1048576) (default)
2019-07-14 16:22:25,949 INFO  server.RaftServerConfigKeys (ConfUtils.java:logGet(43)) - raft.server.rpc.request.timeout = 3000ms (default)
2019-07-14 16:22:25,949 INFO  server.RaftServerConfigKeys (ConfUtils.java:logGet(43)) - raft.server.storage.dir = [/workdir/hadoop-ozone/integration-test/target/test-dir/MiniOzoneClusterImpl-2edbef45-7b9e-4a7f-a65a-0656f9579177/datanode-4/data/ratis] (custom)
2019-07-14 16:22:25,950 INFO  replication.SimpleContainerDownloader (SimpleContainerDownloader.java:<init>(72)) - Starting container downloader service to copy containers to replicate.
2019-07-14 16:22:25,951 INFO  hdfs.DFSUtil (DFSUtil.java:httpServerTemplateForNNAndJN(1641)) - Starting Web-server for hddsDatanode at: http://0.0.0.0:0
2019-07-14 16:22:25,952 INFO  server.AuthenticationFilter (AuthenticationFilter.java:constructSecretProvider(240)) - Unable to initialize FileSignerSecretProvider, falling back to use random secrets.
2019-07-14 16:22:25,952 WARN  http.HttpRequestLog (HttpRequestLog.java:getRequestLog(97)) - Jetty request log can only be enabled using Log4j
2019-07-14 16:22:25,954 INFO  http.HttpServer2 (HttpServer2.java:addGlobalFilter(975)) - Added global filter 'safety' (class=org.apache.hadoop.http.HttpServer2$QuotingInputFilter)
2019-07-14 16:22:25,954 INFO  http.HttpServer2 (HttpServer2.java:addFilter(948)) - Added filter static_user_filter (class=org.apache.hadoop.http.lib.StaticUserWebFilter$StaticUserFilter) to context hddsDatanode
2019-07-14 16:22:25,954 INFO  http.HttpServer2 (HttpServer2.java:addFilter(958)) - Added filter static_user_filter (class=org.apache.hadoop.http.lib.StaticUserWebFilter$StaticUserFilter) to context logs
2019-07-14 16:22:25,955 INFO  http.HttpServer2 (HttpServer2.java:addFilter(958)) - Added filter static_user_filter (class=org.apache.hadoop.http.lib.StaticUserWebFilter$StaticUserFilter) to context static
2019-07-14 16:22:25,955 INFO  http.HttpServer2 (HttpServer2.java:bindListener(1191)) - Jetty bound to port 37393
2019-07-14 16:22:25,955 INFO  server.Server (Server.java:doStart(351)) - jetty-9.3.24.v20180605, build timestamp: 2018-06-05T17:11:56Z, git hash: 84205aa28f11a4f31f2a3b86d1bba2cc8ab69827
2019-07-14 16:22:25,960 INFO  handler.ContextHandler (ContextHandler.java:doStart(781)) - Started o.e.j.s.ServletContextHandler@3fb450d7{/logs,file:///workdir/hadoop-ozone/integration-test/target/log,AVAILABLE}
2019-07-14 16:22:25,961 INFO  handler.ContextHandler (ContextHandler.java:doStart(781)) - Started o.e.j.s.ServletContextHandler@636985df{/static,jar:file:/home/user/.m2/repository/org/apache/hadoop/hadoop-hdds-container-service/0.5.0-SNAPSHOT/hadoop-hdds-container-service-0.5.0-SNAPSHOT.jar!/webapps/static,AVAILABLE}
2019-07-14 16:22:25,988 INFO  handler.ContextHandler (ContextHandler.java:doStart(781)) - Started o.e.j.w.WebAppContext@2801827a{/,file:///tmp/jetty-0.0.0.0-37393-hddsDatanode-_-any-2522034087858571009.dir/webapp/,AVAILABLE}{/hddsDatanode}
2019-07-14 16:22:25,988 INFO  server.AbstractConnector (AbstractConnector.java:doStart(278)) - Started ServerConnector@50bc3219{HTTP/1.1,[http/1.1]}{0.0.0.0:37393}
2019-07-14 16:22:25,989 INFO  server.Server (Server.java:doStart(419)) - Started @6693ms
2019-07-14 16:22:25,990 INFO  server.BaseHttpServer (BaseHttpServer.java:updateConnectorAddress(207)) - HTTP server of HDDSDATANODE is listening at http://0.0.0.0:37393
2019-07-14 16:22:26,106 INFO  ozone.HddsDatanodeService (HddsDatanodeService.java:startPlugins(396)) - Started plug-in org.apache.hadoop.ozone.web.OzoneHddsDatanodeService@115c946b
2019-07-14 16:22:26,106 INFO  impl.MetricsSystemImpl (MetricsSystemImpl.java:init(158)) - HddsDatanode metrics system started (again)
2019-07-14 16:22:26,109 INFO  ozone.HddsDatanodeService (HddsDatanodeService.java:start(185)) - HddsDatanodeService host:pr-hdds-1710-5x6jb-1204890111 ip:192.168.69.77
2019-07-14 16:22:26,111 INFO  util.JvmPauseMonitor (JvmPauseMonitor.java:run(188)) - Starting JVM pause monitor
2019-07-14 16:22:26,114 INFO  datanode.InitDatanodeState (InitDatanodeState.java:persistContainerDatanodeDetails(140)) - DatanodeDetails is persisted to /workdir/hadoop-ozone/integration-test/target/test-dir/MiniOzoneClusterImpl-2edbef45-7b9e-4a7f-a65a-0656f9579177/datanode-4/meta/datanode.id
2019-07-14 16:22:26,118 INFO  volume.HddsVolume (HddsVolume.java:<init>(176)) - Creating Volume: /workdir/hadoop-ozone/integration-test/target/test-dir/MiniOzoneClusterImpl-2edbef45-7b9e-4a7f-a65a-0656f9579177/datanode-5/data/containers/hdds of  storage type : DISK and capacity : 52710309888
2019-07-14 16:22:26,118 INFO  volume.VolumeSet (VolumeSet.java:initializeVolumeSet(170)) - Added Volume : /workdir/hadoop-ozone/integration-test/target/test-dir/MiniOzoneClusterImpl-2edbef45-7b9e-4a7f-a65a-0656f9579177/datanode-5/data/containers/hdds to VolumeSet
2019-07-14 16:22:26,118 INFO  volume.ThrottledAsyncChecker (ThrottledAsyncChecker.java:schedule(140)) - Scheduling a check for org.apache.hadoop.ozone.container.common.volume.HddsVolume@4fb57fb3
2019-07-14 16:22:26,119 INFO  volume.HddsVolumeChecker (HddsVolumeChecker.java:checkAllVolumes(203)) - Scheduled health check for volume org.apache.hadoop.ozone.container.common.volume.HddsVolume@4fb57fb3
2019-07-14 16:22:26,131 INFO  impl.RaftServerProxy (ConfUtils.java:logGet(43)) - raft.rpc.type = GRPC (default)
2019-07-14 16:22:26,131 INFO  grpc.GrpcFactory (GrpcFactory.java:checkPooledByteBufAllocatorUseCacheForAllThreads(45)) - PERFORMANCE WARNING: useCacheForAllThreads is true that may cause Netty to create a lot garbage objects and, as a result, trigger GC.
	It is recommended to disable useCacheForAllThreads by setting -Dorg.apache.ratis.thirdparty.io.netty.allocator.useCacheForAllThreads=false in command line.
2019-07-14 16:22:26,131 INFO  grpc.GrpcConfigKeys$Server (ConfUtils.java:logGet(43)) - raft.grpc.server.port = 0 (default)
2019-07-14 16:22:26,131 INFO  server.GrpcService (ConfUtils.java:logGet(43)) - raft.grpc.message.size.max = 33570816 (custom)
2019-07-14 16:22:26,132 INFO  server.RaftServerConfigKeys (ConfUtils.java:logGet(43)) - raft.server.log.appender.buffer.byte-limit = 33554432 (custom)
2019-07-14 16:22:26,132 INFO  server.GrpcService (ConfUtils.java:logGet(43)) - raft.grpc.flow.control.window = 1MB (=1048576) (default)
2019-07-14 16:22:26,132 INFO  server.RaftServerConfigKeys (ConfUtils.java:logGet(43)) - raft.server.rpc.request.timeout = 3000ms (default)
2019-07-14 16:22:26,132 INFO  server.RaftServerConfigKeys (ConfUtils.java:logGet(43)) - raft.server.storage.dir = [/workdir/hadoop-ozone/integration-test/target/test-dir/MiniOzoneClusterImpl-2edbef45-7b9e-4a7f-a65a-0656f9579177/datanode-5/data/ratis] (custom)
2019-07-14 16:22:26,133 INFO  replication.SimpleContainerDownloader (SimpleContainerDownloader.java:<init>(72)) - Starting container downloader service to copy containers to replicate.
2019-07-14 16:22:26,134 INFO  hdfs.DFSUtil (DFSUtil.java:httpServerTemplateForNNAndJN(1641)) - Starting Web-server for hddsDatanode at: http://0.0.0.0:0
2019-07-14 16:22:26,135 INFO  server.AuthenticationFilter (AuthenticationFilter.java:constructSecretProvider(240)) - Unable to initialize FileSignerSecretProvider, falling back to use random secrets.
2019-07-14 16:22:26,135 WARN  http.HttpRequestLog (HttpRequestLog.java:getRequestLog(97)) - Jetty request log can only be enabled using Log4j
2019-07-14 16:22:26,136 INFO  http.HttpServer2 (HttpServer2.java:addGlobalFilter(975)) - Added global filter 'safety' (class=org.apache.hadoop.http.HttpServer2$QuotingInputFilter)
2019-07-14 16:22:26,137 INFO  http.HttpServer2 (HttpServer2.java:addFilter(948)) - Added filter static_user_filter (class=org.apache.hadoop.http.lib.StaticUserWebFilter$StaticUserFilter) to context hddsDatanode
2019-07-14 16:22:26,137 INFO  http.HttpServer2 (HttpServer2.java:addFilter(958)) - Added filter static_user_filter (class=org.apache.hadoop.http.lib.StaticUserWebFilter$StaticUserFilter) to context logs
2019-07-14 16:22:26,137 INFO  http.HttpServer2 (HttpServer2.java:addFilter(958)) - Added filter static_user_filter (class=org.apache.hadoop.http.lib.StaticUserWebFilter$StaticUserFilter) to context static
2019-07-14 16:22:26,138 INFO  http.HttpServer2 (HttpServer2.java:bindListener(1191)) - Jetty bound to port 46869
2019-07-14 16:22:26,138 INFO  server.Server (Server.java:doStart(351)) - jetty-9.3.24.v20180605, build timestamp: 2018-06-05T17:11:56Z, git hash: 84205aa28f11a4f31f2a3b86d1bba2cc8ab69827
2019-07-14 16:22:26,140 INFO  handler.ContextHandler (ContextHandler.java:doStart(781)) - Started o.e.j.s.ServletContextHandler@53ea380b{/logs,file:///workdir/hadoop-ozone/integration-test/target/log,AVAILABLE}
2019-07-14 16:22:26,141 INFO  handler.ContextHandler (ContextHandler.java:doStart(781)) - Started o.e.j.s.ServletContextHandler@245cb8df{/static,jar:file:/home/user/.m2/repository/org/apache/hadoop/hadoop-hdds-container-service/0.5.0-SNAPSHOT/hadoop-hdds-container-service-0.5.0-SNAPSHOT.jar!/webapps/static,AVAILABLE}
2019-07-14 16:22:26,162 INFO  handler.ContextHandler (ContextHandler.java:doStart(781)) - Started o.e.j.w.WebAppContext@6cdee57{/,file:///tmp/jetty-0.0.0.0-46869-hddsDatanode-_-any-591526874344334200.dir/webapp/,AVAILABLE}{/hddsDatanode}
2019-07-14 16:22:26,163 INFO  server.AbstractConnector (AbstractConnector.java:doStart(278)) - Started ServerConnector@482f7af0{HTTP/1.1,[http/1.1]}{0.0.0.0:46869}
2019-07-14 16:22:26,163 INFO  server.Server (Server.java:doStart(419)) - Started @6867ms
2019-07-14 16:22:26,164 INFO  server.BaseHttpServer (BaseHttpServer.java:updateConnectorAddress(207)) - HTTP server of HDDSDATANODE is listening at http://0.0.0.0:46869
2019-07-14 16:22:26,259 INFO  ozone.HddsDatanodeService (HddsDatanodeService.java:startPlugins(396)) - Started plug-in org.apache.hadoop.ozone.web.OzoneHddsDatanodeService@6bce4140
2019-07-14 16:22:26,259 INFO  impl.MetricsSystemImpl (MetricsSystemImpl.java:init(158)) - HddsDatanode metrics system started (again)
2019-07-14 16:22:26,263 INFO  ozone.HddsDatanodeService (HddsDatanodeService.java:start(185)) - HddsDatanodeService host:pr-hdds-1710-5x6jb-1204890111 ip:192.168.69.77
2019-07-14 16:22:26,301 INFO  util.JvmPauseMonitor (JvmPauseMonitor.java:run(188)) - Starting JVM pause monitor
2019-07-14 16:22:26,306 INFO  datanode.InitDatanodeState (InitDatanodeState.java:persistContainerDatanodeDetails(140)) - DatanodeDetails is persisted to /workdir/hadoop-ozone/integration-test/target/test-dir/MiniOzoneClusterImpl-2edbef45-7b9e-4a7f-a65a-0656f9579177/datanode-5/meta/datanode.id
2019-07-14 16:22:26,313 INFO  volume.HddsVolume (HddsVolume.java:<init>(176)) - Creating Volume: /workdir/hadoop-ozone/integration-test/target/test-dir/MiniOzoneClusterImpl-2edbef45-7b9e-4a7f-a65a-0656f9579177/datanode-6/data/containers/hdds of  storage type : DISK and capacity : 52710309888
2019-07-14 16:22:26,315 INFO  volume.VolumeSet (VolumeSet.java:initializeVolumeSet(170)) - Added Volume : /workdir/hadoop-ozone/integration-test/target/test-dir/MiniOzoneClusterImpl-2edbef45-7b9e-4a7f-a65a-0656f9579177/datanode-6/data/containers/hdds to VolumeSet
2019-07-14 16:22:26,315 INFO  volume.ThrottledAsyncChecker (ThrottledAsyncChecker.java:schedule(140)) - Scheduling a check for org.apache.hadoop.ozone.container.common.volume.HddsVolume@5e99e2cb
2019-07-14 16:22:26,316 INFO  volume.HddsVolumeChecker (HddsVolumeChecker.java:checkAllVolumes(203)) - Scheduled health check for volume org.apache.hadoop.ozone.container.common.volume.HddsVolume@5e99e2cb
2019-07-14 16:22:26,348 INFO  impl.RaftServerProxy (ConfUtils.java:logGet(43)) - raft.rpc.type = GRPC (default)
2019-07-14 16:22:26,348 INFO  grpc.GrpcFactory (GrpcFactory.java:checkPooledByteBufAllocatorUseCacheForAllThreads(45)) - PERFORMANCE WARNING: useCacheForAllThreads is true that may cause Netty to create a lot garbage objects and, as a result, trigger GC.
	It is recommended to disable useCacheForAllThreads by setting -Dorg.apache.ratis.thirdparty.io.netty.allocator.useCacheForAllThreads=false in command line.
2019-07-14 16:22:26,348 INFO  grpc.GrpcConfigKeys$Server (ConfUtils.java:logGet(43)) - raft.grpc.server.port = 0 (default)
2019-07-14 16:22:26,348 INFO  server.GrpcService (ConfUtils.java:logGet(43)) - raft.grpc.message.size.max = 33570816 (custom)
2019-07-14 16:22:26,348 INFO  server.RaftServerConfigKeys (ConfUtils.java:logGet(43)) - raft.server.log.appender.buffer.byte-limit = 33554432 (custom)
2019-07-14 16:22:26,349 INFO  server.GrpcService (ConfUtils.java:logGet(43)) - raft.grpc.flow.control.window = 1MB (=1048576) (default)
2019-07-14 16:22:26,349 INFO  server.RaftServerConfigKeys (ConfUtils.java:logGet(43)) - raft.server.rpc.request.timeout = 3000ms (default)
2019-07-14 16:22:26,350 INFO  server.RaftServerConfigKeys (ConfUtils.java:logGet(43)) - raft.server.storage.dir = [/workdir/hadoop-ozone/integration-test/target/test-dir/MiniOzoneClusterImpl-2edbef45-7b9e-4a7f-a65a-0656f9579177/datanode-6/data/ratis] (custom)
2019-07-14 16:22:26,350 INFO  replication.SimpleContainerDownloader (SimpleContainerDownloader.java:<init>(72)) - Starting container downloader service to copy containers to replicate.
2019-07-14 16:22:26,351 INFO  hdfs.DFSUtil (DFSUtil.java:httpServerTemplateForNNAndJN(1641)) - Starting Web-server for hddsDatanode at: http://0.0.0.0:0
2019-07-14 16:22:26,352 INFO  server.AuthenticationFilter (AuthenticationFilter.java:constructSecretProvider(240)) - Unable to initialize FileSignerSecretProvider, falling back to use random secrets.
2019-07-14 16:22:26,353 WARN  http.HttpRequestLog (HttpRequestLog.java:getRequestLog(97)) - Jetty request log can only be enabled using Log4j
2019-07-14 16:22:26,354 INFO  http.HttpServer2 (HttpServer2.java:addGlobalFilter(975)) - Added global filter 'safety' (class=org.apache.hadoop.http.HttpServer2$QuotingInputFilter)
2019-07-14 16:22:26,355 INFO  http.HttpServer2 (HttpServer2.java:addFilter(948)) - Added filter static_user_filter (class=org.apache.hadoop.http.lib.StaticUserWebFilter$StaticUserFilter) to context hddsDatanode
2019-07-14 16:22:26,355 INFO  http.HttpServer2 (HttpServer2.java:addFilter(958)) - Added filter static_user_filter (class=org.apache.hadoop.http.lib.StaticUserWebFilter$StaticUserFilter) to context static
2019-07-14 16:22:26,355 INFO  http.HttpServer2 (HttpServer2.java:addFilter(958)) - Added filter static_user_filter (class=org.apache.hadoop.http.lib.StaticUserWebFilter$StaticUserFilter) to context logs
2019-07-14 16:22:26,356 INFO  http.HttpServer2 (HttpServer2.java:bindListener(1191)) - Jetty bound to port 37549
2019-07-14 16:22:26,356 INFO  server.Server (Server.java:doStart(351)) - jetty-9.3.24.v20180605, build timestamp: 2018-06-05T17:11:56Z, git hash: 84205aa28f11a4f31f2a3b86d1bba2cc8ab69827
2019-07-14 16:22:26,358 INFO  handler.ContextHandler (ContextHandler.java:doStart(781)) - Started o.e.j.s.ServletContextHandler@4a1dda83{/logs,file:///workdir/hadoop-ozone/integration-test/target/log,AVAILABLE}
2019-07-14 16:22:26,358 INFO  handler.ContextHandler (ContextHandler.java:doStart(781)) - Started o.e.j.s.ServletContextHandler@7a358613{/static,jar:file:/home/user/.m2/repository/org/apache/hadoop/hadoop-hdds-container-service/0.5.0-SNAPSHOT/hadoop-hdds-container-service-0.5.0-SNAPSHOT.jar!/webapps/static,AVAILABLE}
2019-07-14 16:22:26,387 INFO  handler.ContextHandler (ContextHandler.java:doStart(781)) - Started o.e.j.w.WebAppContext@8f2e3e6{/,file:///tmp/jetty-0.0.0.0-37549-hddsDatanode-_-any-1883528018736853079.dir/webapp/,AVAILABLE}{/hddsDatanode}
2019-07-14 16:22:26,387 INFO  server.AbstractConnector (AbstractConnector.java:doStart(278)) - Started ServerConnector@6f315b08{HTTP/1.1,[http/1.1]}{0.0.0.0:37549}
2019-07-14 16:22:26,388 INFO  server.Server (Server.java:doStart(419)) - Started @7092ms
2019-07-14 16:22:26,388 INFO  server.BaseHttpServer (BaseHttpServer.java:updateConnectorAddress(207)) - HTTP server of HDDSDATANODE is listening at http://0.0.0.0:37549
2019-07-14 16:22:26,491 INFO  ozone.HddsDatanodeService (HddsDatanodeService.java:startPlugins(396)) - Started plug-in org.apache.hadoop.ozone.web.OzoneHddsDatanodeService@66d3b881
2019-07-14 16:22:26,495 INFO  ozone.MiniOzoneClusterImpl (MiniOzoneClusterImpl.java:lambda$waitForClusterToBeReady$0(142)) - Waiting for cluster to be ready. Got 0 of 7 DN Heartbeats.
2019-07-14 16:22:26,496 INFO  util.JvmPauseMonitor (JvmPauseMonitor.java:run(188)) - Starting JVM pause monitor
2019-07-14 16:22:26,498 INFO  datanode.InitDatanodeState (InitDatanodeState.java:persistContainerDatanodeDetails(140)) - DatanodeDetails is persisted to /workdir/hadoop-ozone/integration-test/target/test-dir/MiniOzoneClusterImpl-2edbef45-7b9e-4a7f-a65a-0656f9579177/datanode-6/meta/datanode.id
2019-07-14 16:22:27,302 INFO  ozoneimpl.OzoneContainer (OzoneContainer.java:start(186)) - Attempting to start container services.
2019-07-14 16:22:27,304 INFO  ozoneimpl.OzoneContainer (OzoneContainer.java:startContainerScrub(160)) - Background container scrubber has been disabled by hdds.containerscrub.enabled
2019-07-14 16:22:27,304 INFO  ratis.XceiverServerRatis (XceiverServerRatis.java:start(418)) - Starting XceiverServerRatis fcda3341-7621-4c44-89cf-bedd6be6e42f at port 0
2019-07-14 16:22:27,328 INFO  impl.RaftServerProxy (RaftServerProxy.java:lambda$start$3(299)) - fcda3341-7621-4c44-89cf-bedd6be6e42f: start RPC server
2019-07-14 16:22:27,455 INFO  server.GrpcService (GrpcService.java:startImpl(149)) - fcda3341-7621-4c44-89cf-bedd6be6e42f: GrpcService started, listening on 0.0.0.0/0.0.0.0:37175
2019-07-14 16:22:27,456 INFO  ratis.XceiverServerRatis (XceiverServerRatis.java:start(428)) - XceiverServerRatis fcda3341-7621-4c44-89cf-bedd6be6e42f is started using port 37175
2019-07-14 16:22:27,459 INFO  server.XceiverServerGrpc (XceiverServerGrpc.java:start(161)) - XceiverServerGrpc fcda3341-7621-4c44-89cf-bedd6be6e42f is started using port 45386
2019-07-14 16:22:27,495 INFO  ozone.MiniOzoneClusterImpl (MiniOzoneClusterImpl.java:lambda$waitForClusterToBeReady$0(142)) - Waiting for cluster to be ready. Got 0 of 7 DN Heartbeats.
2019-07-14 16:22:27,548 INFO  ozoneimpl.OzoneContainer (OzoneContainer.java:start(186)) - Attempting to start container services.
2019-07-14 16:22:27,550 INFO  ozoneimpl.OzoneContainer (OzoneContainer.java:startContainerScrub(160)) - Background container scrubber has been disabled by hdds.containerscrub.enabled
2019-07-14 16:22:27,551 INFO  ratis.XceiverServerRatis (XceiverServerRatis.java:start(418)) - Starting XceiverServerRatis 259243b9-6039-42e3-b80f-634026e5286a at port 0
2019-07-14 16:22:27,559 INFO  impl.RaftServerProxy (RaftServerProxy.java:lambda$start$3(299)) - 259243b9-6039-42e3-b80f-634026e5286a: start RPC server
2019-07-14 16:22:27,563 INFO  server.GrpcService (GrpcService.java:startImpl(149)) - 259243b9-6039-42e3-b80f-634026e5286a: GrpcService started, listening on 0.0.0.0/0.0.0.0:32780
2019-07-14 16:22:27,563 INFO  ratis.XceiverServerRatis (XceiverServerRatis.java:start(428)) - XceiverServerRatis 259243b9-6039-42e3-b80f-634026e5286a is started using port 32780
2019-07-14 16:22:27,565 INFO  server.XceiverServerGrpc (XceiverServerGrpc.java:start(161)) - XceiverServerGrpc 259243b9-6039-42e3-b80f-634026e5286a is started using port 40103
2019-07-14 16:22:27,749 INFO  ozoneimpl.OzoneContainer (OzoneContainer.java:start(186)) - Attempting to start container services.
2019-07-14 16:22:27,751 INFO  ozoneimpl.OzoneContainer (OzoneContainer.java:startContainerScrub(160)) - Background container scrubber has been disabled by hdds.containerscrub.enabled
2019-07-14 16:22:27,751 INFO  ratis.XceiverServerRatis (XceiverServerRatis.java:start(418)) - Starting XceiverServerRatis 60c56bdf-da6a-42ae-8761-33eb5f16d091 at port 0
2019-07-14 16:22:27,760 INFO  impl.RaftServerProxy (RaftServerProxy.java:lambda$start$3(299)) - 60c56bdf-da6a-42ae-8761-33eb5f16d091: start RPC server
2019-07-14 16:22:27,767 INFO  server.GrpcService (GrpcService.java:startImpl(149)) - 60c56bdf-da6a-42ae-8761-33eb5f16d091: GrpcService started, listening on 0.0.0.0/0.0.0.0:41737
2019-07-14 16:22:27,768 INFO  ratis.XceiverServerRatis (XceiverServerRatis.java:start(428)) - XceiverServerRatis 60c56bdf-da6a-42ae-8761-33eb5f16d091 is started using port 41737
2019-07-14 16:22:27,770 INFO  server.XceiverServerGrpc (XceiverServerGrpc.java:start(161)) - XceiverServerGrpc 60c56bdf-da6a-42ae-8761-33eb5f16d091 is started using port 38120
2019-07-14 16:22:27,943 INFO  ozoneimpl.OzoneContainer (OzoneContainer.java:start(186)) - Attempting to start container services.
2019-07-14 16:22:27,949 INFO  ozoneimpl.OzoneContainer (OzoneContainer.java:startContainerScrub(160)) - Background container scrubber has been disabled by hdds.containerscrub.enabled
2019-07-14 16:22:27,949 INFO  ratis.XceiverServerRatis (XceiverServerRatis.java:start(418)) - Starting XceiverServerRatis e24d1a06-db8f-4c4a-ba2f-121659705693 at port 0
2019-07-14 16:22:27,958 INFO  impl.RaftServerProxy (RaftServerProxy.java:lambda$start$3(299)) - e24d1a06-db8f-4c4a-ba2f-121659705693: start RPC server
2019-07-14 16:22:27,961 INFO  server.GrpcService (GrpcService.java:startImpl(149)) - e24d1a06-db8f-4c4a-ba2f-121659705693: GrpcService started, listening on 0.0.0.0/0.0.0.0:36269
2019-07-14 16:22:27,962 INFO  ratis.XceiverServerRatis (XceiverServerRatis.java:start(428)) - XceiverServerRatis e24d1a06-db8f-4c4a-ba2f-121659705693 is started using port 36269
2019-07-14 16:22:27,964 INFO  server.XceiverServerGrpc (XceiverServerGrpc.java:start(161)) - XceiverServerGrpc e24d1a06-db8f-4c4a-ba2f-121659705693 is started using port 40368
2019-07-14 16:22:28,130 INFO  ozoneimpl.OzoneContainer (OzoneContainer.java:start(186)) - Attempting to start container services.
2019-07-14 16:22:28,130 INFO  ozoneimpl.OzoneContainer (OzoneContainer.java:startContainerScrub(160)) - Background container scrubber has been disabled by hdds.containerscrub.enabled
2019-07-14 16:22:28,130 INFO  ratis.XceiverServerRatis (XceiverServerRatis.java:start(418)) - Starting XceiverServerRatis b4084cd0-dfd3-47cc-abd3-b6d7189ed627 at port 0
2019-07-14 16:22:28,140 INFO  impl.RaftServerProxy (RaftServerProxy.java:lambda$start$3(299)) - b4084cd0-dfd3-47cc-abd3-b6d7189ed627: start RPC server
2019-07-14 16:22:28,144 INFO  server.GrpcService (GrpcService.java:startImpl(149)) - b4084cd0-dfd3-47cc-abd3-b6d7189ed627: GrpcService started, listening on 0.0.0.0/0.0.0.0:38433
2019-07-14 16:22:28,145 INFO  ratis.XceiverServerRatis (XceiverServerRatis.java:start(428)) - XceiverServerRatis b4084cd0-dfd3-47cc-abd3-b6d7189ed627 is started using port 38433
2019-07-14 16:22:28,148 INFO  server.XceiverServerGrpc (XceiverServerGrpc.java:start(161)) - XceiverServerGrpc b4084cd0-dfd3-47cc-abd3-b6d7189ed627 is started using port 37787
2019-07-14 16:22:28,274 INFO  ozoneimpl.OzoneContainer (OzoneContainer.java:start(186)) - Attempting to start container services.
2019-07-14 16:22:28,275 INFO  ozoneimpl.OzoneContainer (OzoneContainer.java:startContainerScrub(160)) - Background container scrubber has been disabled by hdds.containerscrub.enabled
2019-07-14 16:22:28,275 INFO  ratis.XceiverServerRatis (XceiverServerRatis.java:start(418)) - Starting XceiverServerRatis 2a4def33-c6bb-4d23-acc8-c73d8180b8aa at port 0
2019-07-14 16:22:28,285 INFO  impl.RaftServerProxy (RaftServerProxy.java:lambda$start$3(299)) - 2a4def33-c6bb-4d23-acc8-c73d8180b8aa: start RPC server
2019-07-14 16:22:28,290 INFO  server.GrpcService (GrpcService.java:startImpl(149)) - 2a4def33-c6bb-4d23-acc8-c73d8180b8aa: GrpcService started, listening on 0.0.0.0/0.0.0.0:41637
2019-07-14 16:22:28,290 INFO  ratis.XceiverServerRatis (XceiverServerRatis.java:start(428)) - XceiverServerRatis 2a4def33-c6bb-4d23-acc8-c73d8180b8aa is started using port 41637
2019-07-14 16:22:28,296 INFO  server.XceiverServerGrpc (XceiverServerGrpc.java:start(161)) - XceiverServerGrpc 2a4def33-c6bb-4d23-acc8-c73d8180b8aa is started using port 44969
2019-07-14 16:22:28,496 INFO  ozone.MiniOzoneClusterImpl (MiniOzoneClusterImpl.java:lambda$waitForClusterToBeReady$0(142)) - Waiting for cluster to be ready. Got 0 of 7 DN Heartbeats.
2019-07-14 16:22:28,515 INFO  ozoneimpl.OzoneContainer (OzoneContainer.java:start(186)) - Attempting to start container services.
2019-07-14 16:22:28,516 INFO  ozoneimpl.OzoneContainer (OzoneContainer.java:startContainerScrub(160)) - Background container scrubber has been disabled by hdds.containerscrub.enabled
2019-07-14 16:22:28,516 INFO  ratis.XceiverServerRatis (XceiverServerRatis.java:start(418)) - Starting XceiverServerRatis 25deb60a-f789-4a4e-b6ba-3ca345ca0b36 at port 0
2019-07-14 16:22:28,525 INFO  impl.RaftServerProxy (RaftServerProxy.java:lambda$start$3(299)) - 25deb60a-f789-4a4e-b6ba-3ca345ca0b36: start RPC server
2019-07-14 16:22:28,530 INFO  server.GrpcService (GrpcService.java:startImpl(149)) - 25deb60a-f789-4a4e-b6ba-3ca345ca0b36: GrpcService started, listening on 0.0.0.0/0.0.0.0:42953
2019-07-14 16:22:28,530 INFO  ratis.XceiverServerRatis (XceiverServerRatis.java:start(428)) - XceiverServerRatis 25deb60a-f789-4a4e-b6ba-3ca345ca0b36 is started using port 42953
2019-07-14 16:22:28,534 INFO  server.XceiverServerGrpc (XceiverServerGrpc.java:start(161)) - XceiverServerGrpc 25deb60a-f789-4a4e-b6ba-3ca345ca0b36 is started using port 36614
2019-07-14 16:22:29,296 INFO  net.NetworkTopology (NetworkTopologyImpl.java:add(110)) - Added a new node: /default-rack/192.168.69.77
2019-07-14 16:22:29,296 INFO  node.SCMNodeManager (SCMNodeManager.java:register(269)) - Registered Data node : fcda3341-7621-4c44-89cf-bedd6be6e42f{ip: 192.168.69.77, host: pr-hdds-1710-5x6jb-1204890111, networkLocation: /default-rack, certSerialId: null}
2019-07-14 16:22:29,303 INFO  safemode.SCMSafeModeManager (DataNodeSafeModeRule.java:process(71)) - SCM in safe mode. 1 DataNodes registered, 1 required.
2019-07-14 16:22:29,303 INFO  safemode.SCMSafeModeManager (SCMSafeModeManager.java:validateSafeModeExitRules(177)) - ScmSafeModeManager, all rules are successfully validated
2019-07-14 16:22:29,303 INFO  safemode.SCMSafeModeManager (SCMSafeModeManager.java:exitSafeMode(193)) - SCM exiting safe mode.
2019-07-14 16:22:29,497 INFO  ozone.MiniOzoneClusterImpl (MiniOzoneClusterImpl.java:lambda$waitForClusterToBeReady$0(142)) - Waiting for cluster to be ready. Got 1 of 7 DN Heartbeats.
2019-07-14 16:22:29,535 INFO  node.SCMNodeManager (SCMNodeManager.java:register(269)) - Registered Data node : 259243b9-6039-42e3-b80f-634026e5286a{ip: 192.168.69.77, host: pr-hdds-1710-5x6jb-1204890111, networkLocation: /default-rack, certSerialId: null}
2019-07-14 16:22:29,753 INFO  node.SCMNodeManager (SCMNodeManager.java:register(269)) - Registered Data node : 60c56bdf-da6a-42ae-8761-33eb5f16d091{ip: 192.168.69.77, host: pr-hdds-1710-5x6jb-1204890111, networkLocation: /default-rack, certSerialId: null}
2019-07-14 16:22:30,300 INFO  node.SCMNodeManager (SCMNodeManager.java:register(269)) - Registered Data node : e24d1a06-db8f-4c4a-ba2f-121659705693{ip: 192.168.69.77, host: pr-hdds-1710-5x6jb-1204890111, networkLocation: /default-rack, certSerialId: null}
2019-07-14 16:22:30,300 INFO  node.SCMNodeManager (SCMNodeManager.java:register(269)) - Registered Data node : b4084cd0-dfd3-47cc-abd3-b6d7189ed627{ip: 192.168.69.77, host: pr-hdds-1710-5x6jb-1204890111, networkLocation: /default-rack, certSerialId: null}
2019-07-14 16:22:30,301 INFO  node.SCMNodeManager (SCMNodeManager.java:register(269)) - Registered Data node : 2a4def33-c6bb-4d23-acc8-c73d8180b8aa{ip: 192.168.69.77, host: pr-hdds-1710-5x6jb-1204890111, networkLocation: /default-rack, certSerialId: null}
2019-07-14 16:22:30,331 INFO  impl.RaftServerProxy (RaftServerProxy.java:addNew(89)) - fcda3341-7621-4c44-89cf-bedd6be6e42f: addNew group-25D5743D9E8D:[fcda3341-7621-4c44-89cf-bedd6be6e42f:192.168.69.77:37175] returns group-25D5743D9E8D:java.util.concurrent.CompletableFuture@16020331[Not completed]
2019-07-14 16:22:30,348 INFO  impl.RaftServerImpl (RaftServerImpl.java:<init>(93)) - fcda3341-7621-4c44-89cf-bedd6be6e42f: new RaftServerImpl for group-25D5743D9E8D:[fcda3341-7621-4c44-89cf-bedd6be6e42f:192.168.69.77:37175] with ContainerStateMachine:uninitialized
2019-07-14 16:22:30,350 INFO  server.RaftServerConfigKeys (ConfUtils.java:logGet(43)) - raft.server.rpc.timeout.min = 5s (custom)
2019-07-14 16:22:30,352 INFO  server.RaftServerConfigKeys (ConfUtils.java:logGet(43)) - raft.server.rpc.timeout.max = 5200ms (custom)
2019-07-14 16:22:30,352 INFO  server.RaftServerConfigKeys (ConfUtils.java:logGet(43)) - raft.server.rpcslowness.timeout = 120s (custom)
2019-07-14 16:22:30,353 INFO  server.RaftServerConfigKeys (ConfUtils.java:logGet(43)) - raft.server.sleep.deviation.threshold = 300 (default)
2019-07-14 16:22:30,354 INFO  server.RaftServerConfigKeys (ConfUtils.java:logGet(43)) - raft.server.log.appender.install.snapshot.enabled = false (custom)
2019-07-14 16:22:30,363 INFO  impl.RaftServerImpl (ServerState.java:<init>(105)) - fcda3341-7621-4c44-89cf-bedd6be6e42f:group-25D5743D9E8D ConfigurationManager, init=-1: [fcda3341-7621-4c44-89cf-bedd6be6e42f:192.168.69.77:37175], old=null, confs=<EMPTY_MAP>
2019-07-14 16:22:30,363 INFO  server.RaftServerConfigKeys (ConfUtils.java:logGet(43)) - raft.server.storage.dir = [/workdir/hadoop-ozone/integration-test/target/test-dir/MiniOzoneClusterImpl-2edbef45-7b9e-4a7f-a65a-0656f9579177/datanode-0/data/ratis] (custom)
2019-07-14 16:22:30,372 INFO  storage.RaftStorageDirectory (RaftStorageDirectory.java:analyzeStorage(246)) - The storage directory /workdir/hadoop-ozone/integration-test/target/test-dir/MiniOzoneClusterImpl-2edbef45-7b9e-4a7f-a65a-0656f9579177/datanode-0/data/ratis/797e5078-d423-4817-baa5-25d5743d9e8d does not exist. Creating ...
2019-07-14 16:22:30,390 INFO  storage.RaftStorageDirectory (RaftStorageDirectory.java:tryLock(328)) - Lock on /workdir/hadoop-ozone/integration-test/target/test-dir/MiniOzoneClusterImpl-2edbef45-7b9e-4a7f-a65a-0656f9579177/datanode-0/data/ratis/797e5078-d423-4817-baa5-25d5743d9e8d/in_use.lock acquired by nodename 13169@pr-hdds-1710-5x6jb-1204890111
2019-07-14 16:22:30,405 INFO  storage.RaftStorage (RaftStorage.java:format(72)) - Storage directory /workdir/hadoop-ozone/integration-test/target/test-dir/MiniOzoneClusterImpl-2edbef45-7b9e-4a7f-a65a-0656f9579177/datanode-0/data/ratis/797e5078-d423-4817-baa5-25d5743d9e8d has been successfully formatted.
2019-07-14 16:22:30,408 INFO  ratis.ContainerStateMachine (ContainerStateMachine.java:loadSnapshot(200)) - The snapshot info is null.Setting the last applied index to:(t:0, i:~)
2019-07-14 16:22:30,408 INFO  server.RaftServerConfigKeys (ConfUtils.java:logGet(43)) - raft.server.leader.election.timeout = 120s (custom)
2019-07-14 16:22:30,411 INFO  server.RaftServerConfigKeys (ConfUtils.java:logGet(43)) - raft.server.log.use.memory = false (default)
2019-07-14 16:22:30,417 INFO  server.RaftServerConfigKeys (ConfUtils.java:logGet(43)) - raft.server.log.purge.gap = 1000000000 (custom)
2019-07-14 16:22:30,417 INFO  server.RaftServerConfigKeys (ConfUtils.java:logGet(43)) - raft.server.log.appender.buffer.byte-limit = 33554432 (custom)
2019-07-14 16:22:30,419 INFO  server.RaftServerConfigKeys (ConfUtils.java:logGet(43)) - raft.server.log.segment.size.max = 1048576 (custom)
2019-07-14 16:22:30,424 INFO  server.RaftServerConfigKeys (ConfUtils.java:logGet(43)) - raft.server.log.segment.cache.num.max = 2 (custom)
2019-07-14 16:22:30,430 INFO  segmented.SegmentedRaftLogWorker (SegmentedRaftLogWorker.java:<init>(172)) - new fcda3341-7621-4c44-89cf-bedd6be6e42f-SegmentedRaftLogWorker:Storage Directory /workdir/hadoop-ozone/integration-test/target/test-dir/MiniOzoneClusterImpl-2edbef45-7b9e-4a7f-a65a-0656f9579177/datanode-0/data/ratis/797e5078-d423-4817-baa5-25d5743d9e8d for RaftStorage:Storage Directory /workdir/hadoop-ozone/integration-test/target/test-dir/MiniOzoneClusterImpl-2edbef45-7b9e-4a7f-a65a-0656f9579177/datanode-0/data/ratis/797e5078-d423-4817-baa5-25d5743d9e8d
2019-07-14 16:22:30,443 INFO  server.RaftServerConfigKeys (ConfUtils.java:logGet(43)) - raft.server.log.queue.byte-limit = 2147483647 (custom)
2019-07-14 16:22:30,444 INFO  server.RaftServerConfigKeys (ConfUtils.java:logGet(43)) - raft.server.log.queue.element-limit = 1024 (custom)
2019-07-14 16:22:30,449 INFO  server.RaftServerConfigKeys (ConfUtils.java:logGet(43)) - raft.server.log.segment.size.max = 1048576 (custom)
2019-07-14 16:22:30,450 INFO  server.RaftServerConfigKeys (ConfUtils.java:logGet(43)) - raft.server.log.preallocated.size = 16384 (custom)
2019-07-14 16:22:30,450 INFO  server.RaftServerConfigKeys (ConfUtils.java:logGet(43)) - raft.server.log.write.buffer.size = 33554432 (custom)
2019-07-14 16:22:30,451 INFO  server.RaftServerConfigKeys (ConfUtils.java:logGet(43)) - raft.server.log.force.sync.num = 128 (default)
2019-07-14 16:22:30,451 INFO  server.RaftServerConfigKeys (ConfUtils.java:logGet(43)) - raft.server.log.statemachine.data.sync = true (default)
2019-07-14 16:22:30,452 INFO  server.RaftServerConfigKeys (ConfUtils.java:logGet(43)) - raft.server.log.statemachine.data.sync.timeout = 10s (default)
2019-07-14 16:22:30,452 INFO  server.RaftServerConfigKeys (ConfUtils.java:logGet(43)) - raft.server.log.statemachine.data.sync.timeout.retry = -1 (default)
2019-07-14 16:22:30,461 INFO  server.RaftServerConfigKeys (ConfUtils.java:logGet(43)) - raft.server.log.statemachine.data.caching.enabled = true (custom)
2019-07-14 16:22:30,466 INFO  segmented.SegmentedRaftLogWorker (SegmentedRaftLogWorker.java:lambda$new$0(132)) - fcda3341-7621-4c44-89cf-bedd6be6e42f-SegmentedRaftLogWorker:Storage Directory /workdir/hadoop-ozone/integration-test/target/test-dir/MiniOzoneClusterImpl-2edbef45-7b9e-4a7f-a65a-0656f9579177/datanode-0/data/ratis/797e5078-d423-4817-baa5-25d5743d9e8d: flushIndex: setUnconditionally 0 -> -1
2019-07-14 16:22:30,470 INFO  server.RaftServerConfigKeys (ConfUtils.java:logGet(43)) - raft.server.snapshot.auto.trigger.enabled = true (custom)
2019-07-14 16:22:30,471 INFO  server.RaftServerConfigKeys (ConfUtils.java:logGet(43)) - raft.server.snapshot.auto.trigger.threshold = 10000 (custom)
2019-07-14 16:22:30,471 INFO  server.RaftServerConfigKeys (ConfUtils.java:logGet(43)) - raft.server.retrycache.expirytime = 600000ms (custom)
2019-07-14 16:22:30,491 INFO  impl.RaftServerImpl (RaftServerImpl.java:start(180)) - fcda3341-7621-4c44-89cf-bedd6be6e42f: start group-25D5743D9E8D
2019-07-14 16:22:30,492 INFO  impl.RaftServerImpl (RaftServerImpl.java:setRole(171)) - fcda3341-7621-4c44-89cf-bedd6be6e42f:group-25D5743D9E8D changes role from null to FOLLOWER at term 0 for startAsFollower
2019-07-14 16:22:30,493 INFO  impl.RoleInfo (RoleInfo.java:updateAndGet(143)) - fcda3341-7621-4c44-89cf-bedd6be6e42f: start FollowerState
2019-07-14 16:22:30,494 INFO  util.JmxRegister (JmxRegister.java:tryRegister(44)) - Successfully registered JMX Bean with object name Ratis:service=RaftServer,group=group-25D5743D9E8D,id=fcda3341-7621-4c44-89cf-bedd6be6e42f
2019-07-14 16:22:30,499 INFO  ozone.MiniOzoneClusterImpl (MiniOzoneClusterImpl.java:lambda$waitForClusterToBeReady$0(142)) - Waiting for cluster to be ready. Got 6 of 7 DN Heartbeats.
2019-07-14 16:22:30,502 INFO  node.SCMNodeManager (SCMNodeManager.java:register(269)) - Registered Data node : 25deb60a-f789-4a4e-b6ba-3ca345ca0b36{ip: 192.168.69.77, host: pr-hdds-1710-5x6jb-1204890111, networkLocation: /default-rack, certSerialId: null}
2019-07-14 16:22:30,561 INFO  pipeline.PipelineStateManager (PipelineStateManager.java:addPipeline(56)) - Created pipeline Pipeline[ Id: 797e5078-d423-4817-baa5-25d5743d9e8d, Nodes: fcda3341-7621-4c44-89cf-bedd6be6e42f{ip: 192.168.69.77, host: pr-hdds-1710-5x6jb-1204890111, networkLocation: /default-rack, certSerialId: null}, Type:RATIS, Factor:ONE, State:OPEN]
2019-07-14 16:22:30,589 INFO  impl.RaftServerProxy (RaftServerProxy.java:addNew(89)) - 259243b9-6039-42e3-b80f-634026e5286a: addNew group-2C1E86710C86:[259243b9-6039-42e3-b80f-634026e5286a:192.168.69.77:32780] returns group-2C1E86710C86:java.util.concurrent.CompletableFuture@7ded5d5c[Not completed]
2019-07-14 16:22:30,631 INFO  impl.RaftServerImpl (RaftServerImpl.java:<init>(93)) - 259243b9-6039-42e3-b80f-634026e5286a: new RaftServerImpl for group-2C1E86710C86:[259243b9-6039-42e3-b80f-634026e5286a:192.168.69.77:32780] with ContainerStateMachine:uninitialized
2019-07-14 16:22:30,633 INFO  server.RaftServerConfigKeys (ConfUtils.java:logGet(43)) - raft.server.rpc.timeout.min = 5s (custom)
2019-07-14 16:22:30,633 INFO  server.RaftServerConfigKeys (ConfUtils.java:logGet(43)) - raft.server.rpc.timeout.max = 5200ms (custom)
2019-07-14 16:22:30,633 INFO  server.RaftServerConfigKeys (ConfUtils.java:logGet(43)) - raft.server.rpcslowness.timeout = 120s (custom)
2019-07-14 16:22:30,633 INFO  server.RaftServerConfigKeys (ConfUtils.java:logGet(43)) - raft.server.sleep.deviation.threshold = 300 (default)
2019-07-14 16:22:30,634 INFO  server.RaftServerConfigKeys (ConfUtils.java:logGet(43)) - raft.server.log.appender.install.snapshot.enabled = false (custom)
2019-07-14 16:22:30,634 INFO  impl.RaftServerImpl (ServerState.java:<init>(105)) - 259243b9-6039-42e3-b80f-634026e5286a:group-2C1E86710C86 ConfigurationManager, init=-1: [259243b9-6039-42e3-b80f-634026e5286a:192.168.69.77:32780], old=null, confs=<EMPTY_MAP>
2019-07-14 16:22:30,634 INFO  server.RaftServerConfigKeys (ConfUtils.java:logGet(43)) - raft.server.storage.dir = [/workdir/hadoop-ozone/integration-test/target/test-dir/MiniOzoneClusterImpl-2edbef45-7b9e-4a7f-a65a-0656f9579177/datanode-1/data/ratis] (custom)
2019-07-14 16:22:30,635 INFO  storage.RaftStorageDirectory (RaftStorageDirectory.java:analyzeStorage(246)) - The storage directory /workdir/hadoop-ozone/integration-test/target/test-dir/MiniOzoneClusterImpl-2edbef45-7b9e-4a7f-a65a-0656f9579177/datanode-1/data/ratis/5a5b215c-97ee-439f-b11f-2c1e86710c86 does not exist. Creating ...
2019-07-14 16:22:30,650 INFO  storage.RaftStorageDirectory (RaftStorageDirectory.java:tryLock(328)) - Lock on /workdir/hadoop-ozone/integration-test/target/test-dir/MiniOzoneClusterImpl-2edbef45-7b9e-4a7f-a65a-0656f9579177/datanode-1/data/ratis/5a5b215c-97ee-439f-b11f-2c1e86710c86/in_use.lock acquired by nodename 13169@pr-hdds-1710-5x6jb-1204890111
2019-07-14 16:22:30,669 INFO  storage.RaftStorage (RaftStorage.java:format(72)) - Storage directory /workdir/hadoop-ozone/integration-test/target/test-dir/MiniOzoneClusterImpl-2edbef45-7b9e-4a7f-a65a-0656f9579177/datanode-1/data/ratis/5a5b215c-97ee-439f-b11f-2c1e86710c86 has been successfully formatted.
2019-07-14 16:22:30,671 INFO  ratis.ContainerStateMachine (ContainerStateMachine.java:loadSnapshot(200)) - The snapshot info is null.Setting the last applied index to:(t:0, i:~)
2019-07-14 16:22:30,673 INFO  server.RaftServerConfigKeys (ConfUtils.java:logGet(43)) - raft.server.leader.election.timeout = 120s (custom)
2019-07-14 16:22:30,673 INFO  server.RaftServerConfigKeys (ConfUtils.java:logGet(43)) - raft.server.log.use.memory = false (default)
2019-07-14 16:22:30,673 INFO  server.RaftServerConfigKeys (ConfUtils.java:logGet(43)) - raft.server.log.purge.gap = 1000000000 (custom)
2019-07-14 16:22:30,673 INFO  server.RaftServerConfigKeys (ConfUtils.java:logGet(43)) - raft.server.log.appender.buffer.byte-limit = 33554432 (custom)
2019-07-14 16:22:30,674 INFO  server.RaftServerConfigKeys (ConfUtils.java:logGet(43)) - raft.server.log.segment.size.max = 1048576 (custom)
2019-07-14 16:22:30,674 INFO  server.RaftServerConfigKeys (ConfUtils.java:logGet(43)) - raft.server.log.segment.cache.num.max = 2 (custom)
2019-07-14 16:22:30,674 INFO  segmented.SegmentedRaftLogWorker (SegmentedRaftLogWorker.java:<init>(172)) - new 259243b9-6039-42e3-b80f-634026e5286a-SegmentedRaftLogWorker:Storage Directory /workdir/hadoop-ozone/integration-test/target/test-dir/MiniOzoneClusterImpl-2edbef45-7b9e-4a7f-a65a-0656f9579177/datanode-1/data/ratis/5a5b215c-97ee-439f-b11f-2c1e86710c86 for RaftStorage:Storage Directory /workdir/hadoop-ozone/integration-test/target/test-dir/MiniOzoneClusterImpl-2edbef45-7b9e-4a7f-a65a-0656f9579177/datanode-1/data/ratis/5a5b215c-97ee-439f-b11f-2c1e86710c86
2019-07-14 16:22:30,675 INFO  server.RaftServerConfigKeys (ConfUtils.java:logGet(43)) - raft.server.log.queue.byte-limit = 2147483647 (custom)
2019-07-14 16:22:30,676 INFO  server.RaftServerConfigKeys (ConfUtils.java:logGet(43)) - raft.server.log.queue.element-limit = 1024 (custom)
2019-07-14 16:22:30,676 INFO  server.RaftServerConfigKeys (ConfUtils.java:logGet(43)) - raft.server.log.segment.size.max = 1048576 (custom)
2019-07-14 16:22:30,676 INFO  server.RaftServerConfigKeys (ConfUtils.java:logGet(43)) - raft.server.log.preallocated.size = 16384 (custom)
2019-07-14 16:22:30,676 INFO  server.RaftServerConfigKeys (ConfUtils.java:logGet(43)) - raft.server.log.write.buffer.size = 33554432 (custom)
2019-07-14 16:22:30,677 INFO  server.RaftServerConfigKeys (ConfUtils.java:logGet(43)) - raft.server.log.force.sync.num = 128 (default)
2019-07-14 16:22:30,677 INFO  server.RaftServerConfigKeys (ConfUtils.java:logGet(43)) - raft.server.log.statemachine.data.sync = true (default)
2019-07-14 16:22:30,677 INFO  server.RaftServerConfigKeys (ConfUtils.java:logGet(43)) - raft.server.log.statemachine.data.sync.timeout = 10s (default)
2019-07-14 16:22:30,677 INFO  server.RaftServerConfigKeys (ConfUtils.java:logGet(43)) - raft.server.log.statemachine.data.sync.timeout.retry = -1 (default)
2019-07-14 16:22:30,678 INFO  server.RaftServerConfigKeys (ConfUtils.java:logGet(43)) - raft.server.log.statemachine.data.caching.enabled = true (custom)
2019-07-14 16:22:30,678 INFO  segmented.SegmentedRaftLogWorker (SegmentedRaftLogWorker.java:lambda$new$0(132)) - 259243b9-6039-42e3-b80f-634026e5286a-SegmentedRaftLogWorker:Storage Directory /workdir/hadoop-ozone/integration-test/target/test-dir/MiniOzoneClusterImpl-2edbef45-7b9e-4a7f-a65a-0656f9579177/datanode-1/data/ratis/5a5b215c-97ee-439f-b11f-2c1e86710c86: flushIndex: setUnconditionally 0 -> -1
2019-07-14 16:22:30,679 INFO  server.RaftServerConfigKeys (ConfUtils.java:logGet(43)) - raft.server.snapshot.auto.trigger.enabled = true (custom)
2019-07-14 16:22:30,679 INFO  server.RaftServerConfigKeys (ConfUtils.java:logGet(43)) - raft.server.snapshot.auto.trigger.threshold = 10000 (custom)
2019-07-14 16:22:30,679 INFO  server.RaftServerConfigKeys (ConfUtils.java:logGet(43)) - raft.server.retrycache.expirytime = 600000ms (custom)
2019-07-14 16:22:30,679 INFO  impl.RaftServerImpl (RaftServerImpl.java:start(180)) - 259243b9-6039-42e3-b80f-634026e5286a: start group-2C1E86710C86
2019-07-14 16:22:30,680 INFO  impl.RaftServerImpl (RaftServerImpl.java:setRole(171)) - 259243b9-6039-42e3-b80f-634026e5286a:group-2C1E86710C86 changes role from null to FOLLOWER at term 0 for startAsFollower
2019-07-14 16:22:30,680 INFO  impl.RoleInfo (RoleInfo.java:updateAndGet(143)) - 259243b9-6039-42e3-b80f-634026e5286a: start FollowerState
2019-07-14 16:22:30,682 INFO  util.JmxRegister (JmxRegister.java:tryRegister(44)) - Successfully registered JMX Bean with object name Ratis:service=RaftServer,group=group-2C1E86710C86,id=259243b9-6039-42e3-b80f-634026e5286a
2019-07-14 16:22:30,697 INFO  pipeline.PipelineStateManager (PipelineStateManager.java:addPipeline(56)) - Created pipeline Pipeline[ Id: 5a5b215c-97ee-439f-b11f-2c1e86710c86, Nodes: 259243b9-6039-42e3-b80f-634026e5286a{ip: 192.168.69.77, host: pr-hdds-1710-5x6jb-1204890111, networkLocation: /default-rack, certSerialId: null}, Type:RATIS, Factor:ONE, State:OPEN]
2019-07-14 16:22:30,723 INFO  impl.RaftServerProxy (RaftServerProxy.java:addNew(89)) - 60c56bdf-da6a-42ae-8761-33eb5f16d091: addNew group-E957A610110E:[60c56bdf-da6a-42ae-8761-33eb5f16d091:192.168.69.77:41737] returns group-E957A610110E:java.util.concurrent.CompletableFuture@1de752a9[Not completed]
2019-07-14 16:22:30,735 INFO  impl.RaftServerImpl (RaftServerImpl.java:<init>(93)) - 60c56bdf-da6a-42ae-8761-33eb5f16d091: new RaftServerImpl for group-E957A610110E:[60c56bdf-da6a-42ae-8761-33eb5f16d091:192.168.69.77:41737] with ContainerStateMachine:uninitialized
2019-07-14 16:22:30,735 INFO  server.RaftServerConfigKeys (ConfUtils.java:logGet(43)) - raft.server.rpc.timeout.min = 5s (custom)
2019-07-14 16:22:30,735 INFO  server.RaftServerConfigKeys (ConfUtils.java:logGet(43)) - raft.server.rpc.timeout.max = 5200ms (custom)
2019-07-14 16:22:30,736 INFO  server.RaftServerConfigKeys (ConfUtils.java:logGet(43)) - raft.server.rpcslowness.timeout = 120s (custom)
2019-07-14 16:22:30,736 INFO  server.RaftServerConfigKeys (ConfUtils.java:logGet(43)) - raft.server.sleep.deviation.threshold = 300 (default)
2019-07-14 16:22:30,736 INFO  server.RaftServerConfigKeys (ConfUtils.java:logGet(43)) - raft.server.log.appender.install.snapshot.enabled = false (custom)
2019-07-14 16:22:30,736 INFO  impl.RaftServerImpl (ServerState.java:<init>(105)) - 60c56bdf-da6a-42ae-8761-33eb5f16d091:group-E957A610110E ConfigurationManager, init=-1: [60c56bdf-da6a-42ae-8761-33eb5f16d091:192.168.69.77:41737], old=null, confs=<EMPTY_MAP>
2019-07-14 16:22:30,736 INFO  server.RaftServerConfigKeys (ConfUtils.java:logGet(43)) - raft.server.storage.dir = [/workdir/hadoop-ozone/integration-test/target/test-dir/MiniOzoneClusterImpl-2edbef45-7b9e-4a7f-a65a-0656f9579177/datanode-2/data/ratis] (custom)
2019-07-14 16:22:30,737 INFO  storage.RaftStorageDirectory (RaftStorageDirectory.java:analyzeStorage(246)) - The storage directory /workdir/hadoop-ozone/integration-test/target/test-dir/MiniOzoneClusterImpl-2edbef45-7b9e-4a7f-a65a-0656f9579177/datanode-2/data/ratis/e4d09d75-7a1d-45bf-b07a-e957a610110e does not exist. Creating ...
2019-07-14 16:22:30,750 INFO  storage.RaftStorageDirectory (RaftStorageDirectory.java:tryLock(328)) - Lock on /workdir/hadoop-ozone/integration-test/target/test-dir/MiniOzoneClusterImpl-2edbef45-7b9e-4a7f-a65a-0656f9579177/datanode-2/data/ratis/e4d09d75-7a1d-45bf-b07a-e957a610110e/in_use.lock acquired by nodename 13169@pr-hdds-1710-5x6jb-1204890111
2019-07-14 16:22:30,764 INFO  storage.RaftStorage (RaftStorage.java:format(72)) - Storage directory /workdir/hadoop-ozone/integration-test/target/test-dir/MiniOzoneClusterImpl-2edbef45-7b9e-4a7f-a65a-0656f9579177/datanode-2/data/ratis/e4d09d75-7a1d-45bf-b07a-e957a610110e has been successfully formatted.
2019-07-14 16:22:30,765 INFO  ratis.ContainerStateMachine (ContainerStateMachine.java:loadSnapshot(200)) - The snapshot info is null.Setting the last applied index to:(t:0, i:~)
2019-07-14 16:22:30,765 INFO  server.RaftServerConfigKeys (ConfUtils.java:logGet(43)) - raft.server.leader.election.timeout = 120s (custom)
2019-07-14 16:22:30,765 INFO  server.RaftServerConfigKeys (ConfUtils.java:logGet(43)) - raft.server.log.use.memory = false (default)
2019-07-14 16:22:30,765 INFO  server.RaftServerConfigKeys (ConfUtils.java:logGet(43)) - raft.server.log.purge.gap = 1000000000 (custom)
2019-07-14 16:22:30,765 INFO  server.RaftServerConfigKeys (ConfUtils.java:logGet(43)) - raft.server.log.appender.buffer.byte-limit = 33554432 (custom)
2019-07-14 16:22:30,766 INFO  server.RaftServerConfigKeys (ConfUtils.java:logGet(43)) - raft.server.log.segment.size.max = 1048576 (custom)
2019-07-14 16:22:30,766 INFO  server.RaftServerConfigKeys (ConfUtils.java:logGet(43)) - raft.server.log.segment.cache.num.max = 2 (custom)
2019-07-14 16:22:30,766 INFO  segmented.SegmentedRaftLogWorker (SegmentedRaftLogWorker.java:<init>(172)) - new 60c56bdf-da6a-42ae-8761-33eb5f16d091-SegmentedRaftLogWorker:Storage Directory /workdir/hadoop-ozone/integration-test/target/test-dir/MiniOzoneClusterImpl-2edbef45-7b9e-4a7f-a65a-0656f9579177/datanode-2/data/ratis/e4d09d75-7a1d-45bf-b07a-e957a610110e for RaftStorage:Storage Directory /workdir/hadoop-ozone/integration-test/target/test-dir/MiniOzoneClusterImpl-2edbef45-7b9e-4a7f-a65a-0656f9579177/datanode-2/data/ratis/e4d09d75-7a1d-45bf-b07a-e957a610110e
2019-07-14 16:22:30,766 INFO  server.RaftServerConfigKeys (ConfUtils.java:logGet(43)) - raft.server.log.queue.byte-limit = 2147483647 (custom)
2019-07-14 16:22:30,766 INFO  server.RaftServerConfigKeys (ConfUtils.java:logGet(43)) - raft.server.log.queue.element-limit = 1024 (custom)
2019-07-14 16:22:30,767 INFO  server.RaftServerConfigKeys (ConfUtils.java:logGet(43)) - raft.server.log.segment.size.max = 1048576 (custom)
2019-07-14 16:22:30,767 INFO  server.RaftServerConfigKeys (ConfUtils.java:logGet(43)) - raft.server.log.preallocated.size = 16384 (custom)
2019-07-14 16:22:30,767 INFO  server.RaftServerConfigKeys (ConfUtils.java:logGet(43)) - raft.server.log.write.buffer.size = 33554432 (custom)
2019-07-14 16:22:30,767 INFO  server.RaftServerConfigKeys (ConfUtils.java:logGet(43)) - raft.server.log.force.sync.num = 128 (default)
2019-07-14 16:22:30,767 INFO  server.RaftServerConfigKeys (ConfUtils.java:logGet(43)) - raft.server.log.statemachine.data.sync = true (default)
2019-07-14 16:22:30,768 INFO  server.RaftServerConfigKeys (ConfUtils.java:logGet(43)) - raft.server.log.statemachine.data.sync.timeout = 10s (default)
2019-07-14 16:22:30,768 INFO  server.RaftServerConfigKeys (ConfUtils.java:logGet(43)) - raft.server.log.statemachine.data.sync.timeout.retry = -1 (default)
2019-07-14 16:22:30,768 INFO  server.RaftServerConfigKeys (ConfUtils.java:logGet(43)) - raft.server.log.statemachine.data.caching.enabled = true (custom)
2019-07-14 16:22:30,769 INFO  segmented.SegmentedRaftLogWorker (SegmentedRaftLogWorker.java:lambda$new$0(132)) - 60c56bdf-da6a-42ae-8761-33eb5f16d091-SegmentedRaftLogWorker:Storage Directory /workdir/hadoop-ozone/integration-test/target/test-dir/MiniOzoneClusterImpl-2edbef45-7b9e-4a7f-a65a-0656f9579177/datanode-2/data/ratis/e4d09d75-7a1d-45bf-b07a-e957a610110e: flushIndex: setUnconditionally 0 -> -1
2019-07-14 16:22:30,769 INFO  server.RaftServerConfigKeys (ConfUtils.java:logGet(43)) - raft.server.snapshot.auto.trigger.enabled = true (custom)
2019-07-14 16:22:30,769 INFO  server.RaftServerConfigKeys (ConfUtils.java:logGet(43)) - raft.server.snapshot.auto.trigger.threshold = 10000 (custom)
2019-07-14 16:22:30,770 INFO  server.RaftServerConfigKeys (ConfUtils.java:logGet(43)) - raft.server.retrycache.expirytime = 600000ms (custom)
2019-07-14 16:22:30,770 INFO  impl.RaftServerImpl (RaftServerImpl.java:start(180)) - 60c56bdf-da6a-42ae-8761-33eb5f16d091: start group-E957A610110E
2019-07-14 16:22:30,770 INFO  impl.RaftServerImpl (RaftServerImpl.java:setRole(171)) - 60c56bdf-da6a-42ae-8761-33eb5f16d091:group-E957A610110E changes role from null to FOLLOWER at term 0 for startAsFollower
2019-07-14 16:22:30,770 INFO  impl.RoleInfo (RoleInfo.java:updateAndGet(143)) - 60c56bdf-da6a-42ae-8761-33eb5f16d091: start FollowerState
2019-07-14 16:22:30,771 INFO  util.JmxRegister (JmxRegister.java:tryRegister(44)) - Successfully registered JMX Bean with object name Ratis:service=RaftServer,group=group-E957A610110E,id=60c56bdf-da6a-42ae-8761-33eb5f16d091
2019-07-14 16:22:30,782 INFO  pipeline.PipelineStateManager (PipelineStateManager.java:addPipeline(56)) - Created pipeline Pipeline[ Id: e4d09d75-7a1d-45bf-b07a-e957a610110e, Nodes: 60c56bdf-da6a-42ae-8761-33eb5f16d091{ip: 192.168.69.77, host: pr-hdds-1710-5x6jb-1204890111, networkLocation: /default-rack, certSerialId: null}, Type:RATIS, Factor:ONE, State:OPEN]
2019-07-14 16:22:30,805 INFO  impl.RaftServerProxy (RaftServerProxy.java:addNew(89)) - e24d1a06-db8f-4c4a-ba2f-121659705693: addNew group-B8EBEDE22DDB:[e24d1a06-db8f-4c4a-ba2f-121659705693:192.168.69.77:36269] returns group-B8EBEDE22DDB:java.util.concurrent.CompletableFuture@4b0d5e45[Not completed]
2019-07-14 16:22:30,807 INFO  impl.RaftServerImpl (RaftServerImpl.java:<init>(93)) - e24d1a06-db8f-4c4a-ba2f-121659705693: new RaftServerImpl for group-B8EBEDE22DDB:[e24d1a06-db8f-4c4a-ba2f-121659705693:192.168.69.77:36269] with ContainerStateMachine:uninitialized
2019-07-14 16:22:30,807 INFO  server.RaftServerConfigKeys (ConfUtils.java:logGet(43)) - raft.server.rpc.timeout.min = 5s (custom)
2019-07-14 16:22:30,808 INFO  server.RaftServerConfigKeys (ConfUtils.java:logGet(43)) - raft.server.rpc.timeout.max = 5200ms (custom)
2019-07-14 16:22:30,808 INFO  server.RaftServerConfigKeys (ConfUtils.java:logGet(43)) - raft.server.rpcslowness.timeout = 120s (custom)
2019-07-14 16:22:30,808 INFO  server.RaftServerConfigKeys (ConfUtils.java:logGet(43)) - raft.server.sleep.deviation.threshold = 300 (default)
2019-07-14 16:22:30,808 INFO  server.RaftServerConfigKeys (ConfUtils.java:logGet(43)) - raft.server.log.appender.install.snapshot.enabled = false (custom)
2019-07-14 16:22:30,808 INFO  impl.RaftServerImpl (ServerState.java:<init>(105)) - e24d1a06-db8f-4c4a-ba2f-121659705693:group-B8EBEDE22DDB ConfigurationManager, init=-1: [e24d1a06-db8f-4c4a-ba2f-121659705693:192.168.69.77:36269], old=null, confs=<EMPTY_MAP>
2019-07-14 16:22:30,811 INFO  server.RaftServerConfigKeys (ConfUtils.java:logGet(43)) - raft.server.storage.dir = [/workdir/hadoop-ozone/integration-test/target/test-dir/MiniOzoneClusterImpl-2edbef45-7b9e-4a7f-a65a-0656f9579177/datanode-3/data/ratis] (custom)
2019-07-14 16:22:30,813 INFO  storage.RaftStorageDirectory (RaftStorageDirectory.java:analyzeStorage(246)) - The storage directory /workdir/hadoop-ozone/integration-test/target/test-dir/MiniOzoneClusterImpl-2edbef45-7b9e-4a7f-a65a-0656f9579177/datanode-3/data/ratis/0887dd97-0f93-42d1-912a-b8ebede22ddb does not exist. Creating ...
2019-07-14 16:22:30,827 INFO  storage.RaftStorageDirectory (RaftStorageDirectory.java:tryLock(328)) - Lock on /workdir/hadoop-ozone/integration-test/target/test-dir/MiniOzoneClusterImpl-2edbef45-7b9e-4a7f-a65a-0656f9579177/datanode-3/data/ratis/0887dd97-0f93-42d1-912a-b8ebede22ddb/in_use.lock acquired by nodename 13169@pr-hdds-1710-5x6jb-1204890111
2019-07-14 16:22:30,840 INFO  storage.RaftStorage (RaftStorage.java:format(72)) - Storage directory /workdir/hadoop-ozone/integration-test/target/test-dir/MiniOzoneClusterImpl-2edbef45-7b9e-4a7f-a65a-0656f9579177/datanode-3/data/ratis/0887dd97-0f93-42d1-912a-b8ebede22ddb has been successfully formatted.
2019-07-14 16:22:30,840 INFO  ratis.ContainerStateMachine (ContainerStateMachine.java:loadSnapshot(200)) - The snapshot info is null.Setting the last applied index to:(t:0, i:~)
2019-07-14 16:22:30,841 INFO  server.RaftServerConfigKeys (ConfUtils.java:logGet(43)) - raft.server.leader.election.timeout = 120s (custom)
2019-07-14 16:22:30,841 INFO  server.RaftServerConfigKeys (ConfUtils.java:logGet(43)) - raft.server.log.use.memory = false (default)
2019-07-14 16:22:30,841 INFO  server.RaftServerConfigKeys (ConfUtils.java:logGet(43)) - raft.server.log.purge.gap = 1000000000 (custom)
2019-07-14 16:22:30,841 INFO  server.RaftServerConfigKeys (ConfUtils.java:logGet(43)) - raft.server.log.appender.buffer.byte-limit = 33554432 (custom)
2019-07-14 16:22:30,841 INFO  server.RaftServerConfigKeys (ConfUtils.java:logGet(43)) - raft.server.log.segment.size.max = 1048576 (custom)
2019-07-14 16:22:30,842 INFO  server.RaftServerConfigKeys (ConfUtils.java:logGet(43)) - raft.server.log.segment.cache.num.max = 2 (custom)
2019-07-14 16:22:30,842 INFO  segmented.SegmentedRaftLogWorker (SegmentedRaftLogWorker.java:<init>(172)) - new e24d1a06-db8f-4c4a-ba2f-121659705693-SegmentedRaftLogWorker:Storage Directory /workdir/hadoop-ozone/integration-test/target/test-dir/MiniOzoneClusterImpl-2edbef45-7b9e-4a7f-a65a-0656f9579177/datanode-3/data/ratis/0887dd97-0f93-42d1-912a-b8ebede22ddb for RaftStorage:Storage Directory /workdir/hadoop-ozone/integration-test/target/test-dir/MiniOzoneClusterImpl-2edbef45-7b9e-4a7f-a65a-0656f9579177/datanode-3/data/ratis/0887dd97-0f93-42d1-912a-b8ebede22ddb
2019-07-14 16:22:30,842 INFO  server.RaftServerConfigKeys (ConfUtils.java:logGet(43)) - raft.server.log.queue.byte-limit = 2147483647 (custom)
2019-07-14 16:22:30,842 INFO  server.RaftServerConfigKeys (ConfUtils.java:logGet(43)) - raft.server.log.queue.element-limit = 1024 (custom)
2019-07-14 16:22:30,843 INFO  server.RaftServerConfigKeys (ConfUtils.java:logGet(43)) - raft.server.log.segment.size.max = 1048576 (custom)
2019-07-14 16:22:30,843 INFO  server.RaftServerConfigKeys (ConfUtils.java:logGet(43)) - raft.server.log.preallocated.size = 16384 (custom)
2019-07-14 16:22:30,843 INFO  server.RaftServerConfigKeys (ConfUtils.java:logGet(43)) - raft.server.log.write.buffer.size = 33554432 (custom)
2019-07-14 16:22:30,843 INFO  server.RaftServerConfigKeys (ConfUtils.java:logGet(43)) - raft.server.log.force.sync.num = 128 (default)
2019-07-14 16:22:30,843 INFO  server.RaftServerConfigKeys (ConfUtils.java:logGet(43)) - raft.server.log.statemachine.data.sync = true (default)
2019-07-14 16:22:30,844 INFO  server.RaftServerConfigKeys (ConfUtils.java:logGet(43)) - raft.server.log.statemachine.data.sync.timeout = 10s (default)
2019-07-14 16:22:30,844 INFO  server.RaftServerConfigKeys (ConfUtils.java:logGet(43)) - raft.server.log.statemachine.data.sync.timeout.retry = -1 (default)
2019-07-14 16:22:30,844 INFO  server.RaftServerConfigKeys (ConfUtils.java:logGet(43)) - raft.server.log.statemachine.data.caching.enabled = true (custom)
2019-07-14 16:22:30,845 INFO  segmented.SegmentedRaftLogWorker (SegmentedRaftLogWorker.java:lambda$new$0(132)) - e24d1a06-db8f-4c4a-ba2f-121659705693-SegmentedRaftLogWorker:Storage Directory /workdir/hadoop-ozone/integration-test/target/test-dir/MiniOzoneClusterImpl-2edbef45-7b9e-4a7f-a65a-0656f9579177/datanode-3/data/ratis/0887dd97-0f93-42d1-912a-b8ebede22ddb: flushIndex: setUnconditionally 0 -> -1
2019-07-14 16:22:30,845 INFO  server.RaftServerConfigKeys (ConfUtils.java:logGet(43)) - raft.server.snapshot.auto.trigger.enabled = true (custom)
2019-07-14 16:22:30,845 INFO  server.RaftServerConfigKeys (ConfUtils.java:logGet(43)) - raft.server.snapshot.auto.trigger.threshold = 10000 (custom)
2019-07-14 16:22:30,845 INFO  server.RaftServerConfigKeys (ConfUtils.java:logGet(43)) - raft.server.retrycache.expirytime = 600000ms (custom)
2019-07-14 16:22:30,846 INFO  impl.RaftServerImpl (RaftServerImpl.java:start(180)) - e24d1a06-db8f-4c4a-ba2f-121659705693: start group-B8EBEDE22DDB
2019-07-14 16:22:30,846 INFO  impl.RaftServerImpl (RaftServerImpl.java:setRole(171)) - e24d1a06-db8f-4c4a-ba2f-121659705693:group-B8EBEDE22DDB changes role from null to FOLLOWER at term 0 for startAsFollower
2019-07-14 16:22:30,846 INFO  impl.RoleInfo (RoleInfo.java:updateAndGet(143)) - e24d1a06-db8f-4c4a-ba2f-121659705693: start FollowerState
2019-07-14 16:22:30,847 INFO  util.JmxRegister (JmxRegister.java:tryRegister(44)) - Successfully registered JMX Bean with object name Ratis:service=RaftServer,group=group-B8EBEDE22DDB,id=e24d1a06-db8f-4c4a-ba2f-121659705693
2019-07-14 16:22:30,860 INFO  pipeline.PipelineStateManager (PipelineStateManager.java:addPipeline(56)) - Created pipeline Pipeline[ Id: 0887dd97-0f93-42d1-912a-b8ebede22ddb, Nodes: e24d1a06-db8f-4c4a-ba2f-121659705693{ip: 192.168.69.77, host: pr-hdds-1710-5x6jb-1204890111, networkLocation: /default-rack, certSerialId: null}, Type:RATIS, Factor:ONE, State:OPEN]
2019-07-14 16:22:30,880 INFO  impl.RaftServerProxy (RaftServerProxy.java:addNew(89)) - 25deb60a-f789-4a4e-b6ba-3ca345ca0b36: addNew group-E1E96D9E3354:[25deb60a-f789-4a4e-b6ba-3ca345ca0b36:192.168.69.77:42953] returns group-E1E96D9E3354:java.util.concurrent.CompletableFuture@23743f9f[Not completed]
2019-07-14 16:22:30,882 INFO  impl.RaftServerImpl (RaftServerImpl.java:<init>(93)) - 25deb60a-f789-4a4e-b6ba-3ca345ca0b36: new RaftServerImpl for group-E1E96D9E3354:[25deb60a-f789-4a4e-b6ba-3ca345ca0b36:192.168.69.77:42953] with ContainerStateMachine:uninitialized
2019-07-14 16:22:30,882 INFO  server.RaftServerConfigKeys (ConfUtils.java:logGet(43)) - raft.server.rpc.timeout.min = 5s (custom)
2019-07-14 16:22:30,882 INFO  server.RaftServerConfigKeys (ConfUtils.java:logGet(43)) - raft.server.rpc.timeout.max = 5200ms (custom)
2019-07-14 16:22:30,883 INFO  server.RaftServerConfigKeys (ConfUtils.java:logGet(43)) - raft.server.rpcslowness.timeout = 120s (custom)
2019-07-14 16:22:30,883 INFO  server.RaftServerConfigKeys (ConfUtils.java:logGet(43)) - raft.server.sleep.deviation.threshold = 300 (default)
2019-07-14 16:22:30,883 INFO  server.RaftServerConfigKeys (ConfUtils.java:logGet(43)) - raft.server.log.appender.install.snapshot.enabled = false (custom)
2019-07-14 16:22:30,883 INFO  impl.RaftServerImpl (ServerState.java:<init>(105)) - 25deb60a-f789-4a4e-b6ba-3ca345ca0b36:group-E1E96D9E3354 ConfigurationManager, init=-1: [25deb60a-f789-4a4e-b6ba-3ca345ca0b36:192.168.69.77:42953], old=null, confs=<EMPTY_MAP>
2019-07-14 16:22:30,883 INFO  server.RaftServerConfigKeys (ConfUtils.java:logGet(43)) - raft.server.storage.dir = [/workdir/hadoop-ozone/integration-test/target/test-dir/MiniOzoneClusterImpl-2edbef45-7b9e-4a7f-a65a-0656f9579177/datanode-6/data/ratis] (custom)
2019-07-14 16:22:30,884 INFO  storage.RaftStorageDirectory (RaftStorageDirectory.java:analyzeStorage(246)) - The storage directory /workdir/hadoop-ozone/integration-test/target/test-dir/MiniOzoneClusterImpl-2edbef45-7b9e-4a7f-a65a-0656f9579177/datanode-6/data/ratis/c179ba0f-0457-4701-900c-e1e96d9e3354 does not exist. Creating ...
2019-07-14 16:22:30,897 INFO  storage.RaftStorageDirectory (RaftStorageDirectory.java:tryLock(328)) - Lock on /workdir/hadoop-ozone/integration-test/target/test-dir/MiniOzoneClusterImpl-2edbef45-7b9e-4a7f-a65a-0656f9579177/datanode-6/data/ratis/c179ba0f-0457-4701-900c-e1e96d9e3354/in_use.lock acquired by nodename 13169@pr-hdds-1710-5x6jb-1204890111
2019-07-14 16:22:30,910 INFO  storage.RaftStorage (RaftStorage.java:format(72)) - Storage directory /workdir/hadoop-ozone/integration-test/target/test-dir/MiniOzoneClusterImpl-2edbef45-7b9e-4a7f-a65a-0656f9579177/datanode-6/data/ratis/c179ba0f-0457-4701-900c-e1e96d9e3354 has been successfully formatted.
2019-07-14 16:22:30,911 INFO  ratis.ContainerStateMachine (ContainerStateMachine.java:loadSnapshot(200)) - The snapshot info is null.Setting the last applied index to:(t:0, i:~)
2019-07-14 16:22:30,911 INFO  server.RaftServerConfigKeys (ConfUtils.java:logGet(43)) - raft.server.leader.election.timeout = 120s (custom)
2019-07-14 16:22:30,911 INFO  server.RaftServerConfigKeys (ConfUtils.java:logGet(43)) - raft.server.log.use.memory = false (default)
2019-07-14 16:22:30,911 INFO  server.RaftServerConfigKeys (ConfUtils.java:logGet(43)) - raft.server.log.purge.gap = 1000000000 (custom)
2019-07-14 16:22:30,912 INFO  server.RaftServerConfigKeys (ConfUtils.java:logGet(43)) - raft.server.log.appender.buffer.byte-limit = 33554432 (custom)
2019-07-14 16:22:30,912 INFO  server.RaftServerConfigKeys (ConfUtils.java:logGet(43)) - raft.server.log.segment.size.max = 1048576 (custom)
2019-07-14 16:22:30,912 INFO  server.RaftServerConfigKeys (ConfUtils.java:logGet(43)) - raft.server.log.segment.cache.num.max = 2 (custom)
2019-07-14 16:22:30,912 INFO  segmented.SegmentedRaftLogWorker (SegmentedRaftLogWorker.java:<init>(172)) - new 25deb60a-f789-4a4e-b6ba-3ca345ca0b36-SegmentedRaftLogWorker:Storage Directory /workdir/hadoop-ozone/integration-test/target/test-dir/MiniOzoneClusterImpl-2edbef45-7b9e-4a7f-a65a-0656f9579177/datanode-6/data/ratis/c179ba0f-0457-4701-900c-e1e96d9e3354 for RaftStorage:Storage Directory /workdir/hadoop-ozone/integration-test/target/test-dir/MiniOzoneClusterImpl-2edbef45-7b9e-4a7f-a65a-0656f9579177/datanode-6/data/ratis/c179ba0f-0457-4701-900c-e1e96d9e3354
2019-07-14 16:22:30,912 INFO  server.RaftServerConfigKeys (ConfUtils.java:logGet(43)) - raft.server.log.queue.byte-limit = 2147483647 (custom)
2019-07-14 16:22:30,913 INFO  server.RaftServerConfigKeys (ConfUtils.java:logGet(43)) - raft.server.log.queue.element-limit = 1024 (custom)
2019-07-14 16:22:30,913 INFO  server.RaftServerConfigKeys (ConfUtils.java:logGet(43)) - raft.server.log.segment.size.max = 1048576 (custom)
2019-07-14 16:22:30,913 INFO  server.RaftServerConfigKeys (ConfUtils.java:logGet(43)) - raft.server.log.preallocated.size = 16384 (custom)
2019-07-14 16:22:30,913 INFO  server.RaftServerConfigKeys (ConfUtils.java:logGet(43)) - raft.server.log.write.buffer.size = 33554432 (custom)
2019-07-14 16:22:30,914 INFO  server.RaftServerConfigKeys (ConfUtils.java:logGet(43)) - raft.server.log.force.sync.num = 128 (default)
2019-07-14 16:22:30,914 INFO  server.RaftServerConfigKeys (ConfUtils.java:logGet(43)) - raft.server.log.statemachine.data.sync = true (default)
2019-07-14 16:22:30,914 INFO  server.RaftServerConfigKeys (ConfUtils.java:logGet(43)) - raft.server.log.statemachine.data.sync.timeout = 10s (default)
2019-07-14 16:22:30,914 INFO  server.RaftServerConfigKeys (ConfUtils.java:logGet(43)) - raft.server.log.statemachine.data.sync.timeout.retry = -1 (default)
2019-07-14 16:22:30,915 INFO  server.RaftServerConfigKeys (ConfUtils.java:logGet(43)) - raft.server.log.statemachine.data.caching.enabled = true (custom)
2019-07-14 16:22:30,915 INFO  segmented.SegmentedRaftLogWorker (SegmentedRaftLogWorker.java:lambda$new$0(132)) - 25deb60a-f789-4a4e-b6ba-3ca345ca0b36-SegmentedRaftLogWorker:Storage Directory /workdir/hadoop-ozone/integration-test/target/test-dir/MiniOzoneClusterImpl-2edbef45-7b9e-4a7f-a65a-0656f9579177/datanode-6/data/ratis/c179ba0f-0457-4701-900c-e1e96d9e3354: flushIndex: setUnconditionally 0 -> -1
2019-07-14 16:22:30,915 INFO  server.RaftServerConfigKeys (ConfUtils.java:logGet(43)) - raft.server.snapshot.auto.trigger.enabled = true (custom)
2019-07-14 16:22:30,916 INFO  server.RaftServerConfigKeys (ConfUtils.java:logGet(43)) - raft.server.snapshot.auto.trigger.threshold = 10000 (custom)
2019-07-14 16:22:30,916 INFO  server.RaftServerConfigKeys (ConfUtils.java:logGet(43)) - raft.server.retrycache.expirytime = 600000ms (custom)
2019-07-14 16:22:30,916 INFO  impl.RaftServerImpl (RaftServerImpl.java:start(180)) - 25deb60a-f789-4a4e-b6ba-3ca345ca0b36: start group-E1E96D9E3354
2019-07-14 16:22:30,916 INFO  impl.RaftServerImpl (RaftServerImpl.java:setRole(171)) - 25deb60a-f789-4a4e-b6ba-3ca345ca0b36:group-E1E96D9E3354 changes role from null to FOLLOWER at term 0 for startAsFollower
2019-07-14 16:22:30,917 INFO  impl.RoleInfo (RoleInfo.java:updateAndGet(143)) - 25deb60a-f789-4a4e-b6ba-3ca345ca0b36: start FollowerState
2019-07-14 16:22:30,917 INFO  util.JmxRegister (JmxRegister.java:tryRegister(44)) - Successfully registered JMX Bean with object name Ratis:service=RaftServer,group=group-E1E96D9E3354,id=25deb60a-f789-4a4e-b6ba-3ca345ca0b36
2019-07-14 16:22:30,931 INFO  pipeline.PipelineStateManager (PipelineStateManager.java:addPipeline(56)) - Created pipeline Pipeline[ Id: c179ba0f-0457-4701-900c-e1e96d9e3354, Nodes: 25deb60a-f789-4a4e-b6ba-3ca345ca0b36{ip: 192.168.69.77, host: pr-hdds-1710-5x6jb-1204890111, networkLocation: /default-rack, certSerialId: null}, Type:RATIS, Factor:ONE, State:OPEN]
2019-07-14 16:22:30,956 INFO  impl.RaftServerProxy (RaftServerProxy.java:addNew(89)) - 2a4def33-c6bb-4d23-acc8-c73d8180b8aa: addNew group-3C31DF4DD808:[2a4def33-c6bb-4d23-acc8-c73d8180b8aa:192.168.69.77:41637] returns group-3C31DF4DD808:java.util.concurrent.CompletableFuture@5c189589[Not completed]
2019-07-14 16:22:30,958 INFO  impl.RaftServerImpl (RaftServerImpl.java:<init>(93)) - 2a4def33-c6bb-4d23-acc8-c73d8180b8aa: new RaftServerImpl for group-3C31DF4DD808:[2a4def33-c6bb-4d23-acc8-c73d8180b8aa:192.168.69.77:41637] with ContainerStateMachine:uninitialized
2019-07-14 16:22:30,958 INFO  server.RaftServerConfigKeys (ConfUtils.java:logGet(43)) - raft.server.rpc.timeout.min = 5s (custom)
2019-07-14 16:22:30,959 INFO  server.RaftServerConfigKeys (ConfUtils.java:logGet(43)) - raft.server.rpc.timeout.max = 5200ms (custom)
2019-07-14 16:22:30,959 INFO  server.RaftServerConfigKeys (ConfUtils.java:logGet(43)) - raft.server.rpcslowness.timeout = 120s (custom)
2019-07-14 16:22:30,959 INFO  server.RaftServerConfigKeys (ConfUtils.java:logGet(43)) - raft.server.sleep.deviation.threshold = 300 (default)
2019-07-14 16:22:30,959 INFO  server.RaftServerConfigKeys (ConfUtils.java:logGet(43)) - raft.server.log.appender.install.snapshot.enabled = false (custom)
2019-07-14 16:22:30,960 INFO  impl.RaftServerImpl (ServerState.java:<init>(105)) - 2a4def33-c6bb-4d23-acc8-c73d8180b8aa:group-3C31DF4DD808 ConfigurationManager, init=-1: [2a4def33-c6bb-4d23-acc8-c73d8180b8aa:192.168.69.77:41637], old=null, confs=<EMPTY_MAP>
2019-07-14 16:22:30,960 INFO  server.RaftServerConfigKeys (ConfUtils.java:logGet(43)) - raft.server.storage.dir = [/workdir/hadoop-ozone/integration-test/target/test-dir/MiniOzoneClusterImpl-2edbef45-7b9e-4a7f-a65a-0656f9579177/datanode-5/data/ratis] (custom)
2019-07-14 16:22:30,960 INFO  storage.RaftStorageDirectory (RaftStorageDirectory.java:analyzeStorage(246)) - The storage directory /workdir/hadoop-ozone/integration-test/target/test-dir/MiniOzoneClusterImpl-2edbef45-7b9e-4a7f-a65a-0656f9579177/datanode-5/data/ratis/1f330c91-6da1-40e9-a4a7-3c31df4dd808 does not exist. Creating ...
2019-07-14 16:22:30,974 INFO  storage.RaftStorageDirectory (RaftStorageDirectory.java:tryLock(328)) - Lock on /workdir/hadoop-ozone/integration-test/target/test-dir/MiniOzoneClusterImpl-2edbef45-7b9e-4a7f-a65a-0656f9579177/datanode-5/data/ratis/1f330c91-6da1-40e9-a4a7-3c31df4dd808/in_use.lock acquired by nodename 13169@pr-hdds-1710-5x6jb-1204890111
2019-07-14 16:22:30,987 INFO  storage.RaftStorage (RaftStorage.java:format(72)) - Storage directory /workdir/hadoop-ozone/integration-test/target/test-dir/MiniOzoneClusterImpl-2edbef45-7b9e-4a7f-a65a-0656f9579177/datanode-5/data/ratis/1f330c91-6da1-40e9-a4a7-3c31df4dd808 has been successfully formatted.
2019-07-14 16:22:30,988 INFO  ratis.ContainerStateMachine (ContainerStateMachine.java:loadSnapshot(200)) - The snapshot info is null.Setting the last applied index to:(t:0, i:~)
2019-07-14 16:22:30,988 INFO  server.RaftServerConfigKeys (ConfUtils.java:logGet(43)) - raft.server.leader.election.timeout = 120s (custom)
2019-07-14 16:22:30,988 INFO  server.RaftServerConfigKeys (ConfUtils.java:logGet(43)) - raft.server.log.use.memory = false (default)
2019-07-14 16:22:30,988 INFO  server.RaftServerConfigKeys (ConfUtils.java:logGet(43)) - raft.server.log.purge.gap = 1000000000 (custom)
2019-07-14 16:22:30,988 INFO  server.RaftServerConfigKeys (ConfUtils.java:logGet(43)) - raft.server.log.appender.buffer.byte-limit = 33554432 (custom)
2019-07-14 16:22:30,989 INFO  server.RaftServerConfigKeys (ConfUtils.java:logGet(43)) - raft.server.log.segment.size.max = 1048576 (custom)
2019-07-14 16:22:30,989 INFO  server.RaftServerConfigKeys (ConfUtils.java:logGet(43)) - raft.server.log.segment.cache.num.max = 2 (custom)
2019-07-14 16:22:30,989 INFO  segmented.SegmentedRaftLogWorker (SegmentedRaftLogWorker.java:<init>(172)) - new 2a4def33-c6bb-4d23-acc8-c73d8180b8aa-SegmentedRaftLogWorker:Storage Directory /workdir/hadoop-ozone/integration-test/target/test-dir/MiniOzoneClusterImpl-2edbef45-7b9e-4a7f-a65a-0656f9579177/datanode-5/data/ratis/1f330c91-6da1-40e9-a4a7-3c31df4dd808 for RaftStorage:Storage Directory /workdir/hadoop-ozone/integration-test/target/test-dir/MiniOzoneClusterImpl-2edbef45-7b9e-4a7f-a65a-0656f9579177/datanode-5/data/ratis/1f330c91-6da1-40e9-a4a7-3c31df4dd808
2019-07-14 16:22:30,989 INFO  server.RaftServerConfigKeys (ConfUtils.java:logGet(43)) - raft.server.log.queue.byte-limit = 2147483647 (custom)
2019-07-14 16:22:30,990 INFO  server.RaftServerConfigKeys (ConfUtils.java:logGet(43)) - raft.server.log.queue.element-limit = 1024 (custom)
2019-07-14 16:22:30,990 INFO  server.RaftServerConfigKeys (ConfUtils.java:logGet(43)) - raft.server.log.segment.size.max = 1048576 (custom)
2019-07-14 16:22:30,990 INFO  server.RaftServerConfigKeys (ConfUtils.java:logGet(43)) - raft.server.log.preallocated.size = 16384 (custom)
2019-07-14 16:22:30,990 INFO  server.RaftServerConfigKeys (ConfUtils.java:logGet(43)) - raft.server.log.write.buffer.size = 33554432 (custom)
2019-07-14 16:22:30,990 INFO  server.RaftServerConfigKeys (ConfUtils.java:logGet(43)) - raft.server.log.force.sync.num = 128 (default)
2019-07-14 16:22:30,991 INFO  server.RaftServerConfigKeys (ConfUtils.java:logGet(43)) - raft.server.log.statemachine.data.sync = true (default)
2019-07-14 16:22:30,991 INFO  server.RaftServerConfigKeys (ConfUtils.java:logGet(43)) - raft.server.log.statemachine.data.sync.timeout = 10s (default)
2019-07-14 16:22:30,991 INFO  server.RaftServerConfigKeys (ConfUtils.java:logGet(43)) - raft.server.log.statemachine.data.sync.timeout.retry = -1 (default)
2019-07-14 16:22:30,992 INFO  server.RaftServerConfigKeys (ConfUtils.java:logGet(43)) - raft.server.log.statemachine.data.caching.enabled = true (custom)
2019-07-14 16:22:30,992 INFO  segmented.SegmentedRaftLogWorker (SegmentedRaftLogWorker.java:lambda$new$0(132)) - 2a4def33-c6bb-4d23-acc8-c73d8180b8aa-SegmentedRaftLogWorker:Storage Directory /workdir/hadoop-ozone/integration-test/target/test-dir/MiniOzoneClusterImpl-2edbef45-7b9e-4a7f-a65a-0656f9579177/datanode-5/data/ratis/1f330c91-6da1-40e9-a4a7-3c31df4dd808: flushIndex: setUnconditionally 0 -> -1
2019-07-14 16:22:30,992 INFO  server.RaftServerConfigKeys (ConfUtils.java:logGet(43)) - raft.server.snapshot.auto.trigger.enabled = true (custom)
2019-07-14 16:22:30,993 INFO  server.RaftServerConfigKeys (ConfUtils.java:logGet(43)) - raft.server.snapshot.auto.trigger.threshold = 10000 (custom)
2019-07-14 16:22:30,993 INFO  server.RaftServerConfigKeys (ConfUtils.java:logGet(43)) - raft.server.retrycache.expirytime = 600000ms (custom)
2019-07-14 16:22:30,993 INFO  impl.RaftServerImpl (RaftServerImpl.java:start(180)) - 2a4def33-c6bb-4d23-acc8-c73d8180b8aa: start group-3C31DF4DD808
2019-07-14 16:22:30,993 INFO  impl.RaftServerImpl (RaftServerImpl.java:setRole(171)) - 2a4def33-c6bb-4d23-acc8-c73d8180b8aa:group-3C31DF4DD808 changes role from null to FOLLOWER at term 0 for startAsFollower
2019-07-14 16:22:30,994 INFO  impl.RoleInfo (RoleInfo.java:updateAndGet(143)) - 2a4def33-c6bb-4d23-acc8-c73d8180b8aa: start FollowerState
2019-07-14 16:22:30,994 INFO  util.JmxRegister (JmxRegister.java:tryRegister(44)) - Successfully registered JMX Bean with object name Ratis:service=RaftServer,group=group-3C31DF4DD808,id=2a4def33-c6bb-4d23-acc8-c73d8180b8aa
2019-07-14 16:22:31,006 INFO  pipeline.PipelineStateManager (PipelineStateManager.java:addPipeline(56)) - Created pipeline Pipeline[ Id: 1f330c91-6da1-40e9-a4a7-3c31df4dd808, Nodes: 2a4def33-c6bb-4d23-acc8-c73d8180b8aa{ip: 192.168.69.77, host: pr-hdds-1710-5x6jb-1204890111, networkLocation: /default-rack, certSerialId: null}, Type:RATIS, Factor:ONE, State:OPEN]
2019-07-14 16:22:31,024 INFO  impl.RaftServerProxy (RaftServerProxy.java:addNew(89)) - b4084cd0-dfd3-47cc-abd3-b6d7189ed627: addNew group-A4DB80B943A1:[b4084cd0-dfd3-47cc-abd3-b6d7189ed627:192.168.69.77:38433] returns group-A4DB80B943A1:java.util.concurrent.CompletableFuture@3e61c361[Not completed]
2019-07-14 16:22:31,026 INFO  impl.RaftServerImpl (RaftServerImpl.java:<init>(93)) - b4084cd0-dfd3-47cc-abd3-b6d7189ed627: new RaftServerImpl for group-A4DB80B943A1:[b4084cd0-dfd3-47cc-abd3-b6d7189ed627:192.168.69.77:38433] with ContainerStateMachine:uninitialized
2019-07-14 16:22:31,026 INFO  server.RaftServerConfigKeys (ConfUtils.java:logGet(43)) - raft.server.rpc.timeout.min = 5s (custom)
2019-07-14 16:22:31,026 INFO  server.RaftServerConfigKeys (ConfUtils.java:logGet(43)) - raft.server.rpc.timeout.max = 5200ms (custom)
2019-07-14 16:22:31,027 INFO  server.RaftServerConfigKeys (ConfUtils.java:logGet(43)) - raft.server.rpcslowness.timeout = 120s (custom)
2019-07-14 16:22:31,027 INFO  server.RaftServerConfigKeys (ConfUtils.java:logGet(43)) - raft.server.sleep.deviation.threshold = 300 (default)
2019-07-14 16:22:31,027 INFO  server.RaftServerConfigKeys (ConfUtils.java:logGet(43)) - raft.server.log.appender.install.snapshot.enabled = false (custom)
2019-07-14 16:22:31,027 INFO  impl.RaftServerImpl (ServerState.java:<init>(105)) - b4084cd0-dfd3-47cc-abd3-b6d7189ed627:group-A4DB80B943A1 ConfigurationManager, init=-1: [b4084cd0-dfd3-47cc-abd3-b6d7189ed627:192.168.69.77:38433], old=null, confs=<EMPTY_MAP>
2019-07-14 16:22:31,027 INFO  server.RaftServerConfigKeys (ConfUtils.java:logGet(43)) - raft.server.storage.dir = [/workdir/hadoop-ozone/integration-test/target/test-dir/MiniOzoneClusterImpl-2edbef45-7b9e-4a7f-a65a-0656f9579177/datanode-4/data/ratis] (custom)
2019-07-14 16:22:31,028 INFO  storage.RaftStorageDirectory (RaftStorageDirectory.java:analyzeStorage(246)) - The storage directory /workdir/hadoop-ozone/integration-test/target/test-dir/MiniOzoneClusterImpl-2edbef45-7b9e-4a7f-a65a-0656f9579177/datanode-4/data/ratis/755142d2-9b76-42c1-ba87-a4db80b943a1 does not exist. Creating ...
2019-07-14 16:22:31,041 INFO  storage.RaftStorageDirectory (RaftStorageDirectory.java:tryLock(328)) - Lock on /workdir/hadoop-ozone/integration-test/target/test-dir/MiniOzoneClusterImpl-2edbef45-7b9e-4a7f-a65a-0656f9579177/datanode-4/data/ratis/755142d2-9b76-42c1-ba87-a4db80b943a1/in_use.lock acquired by nodename 13169@pr-hdds-1710-5x6jb-1204890111
2019-07-14 16:22:31,054 INFO  storage.RaftStorage (RaftStorage.java:format(72)) - Storage directory /workdir/hadoop-ozone/integration-test/target/test-dir/MiniOzoneClusterImpl-2edbef45-7b9e-4a7f-a65a-0656f9579177/datanode-4/data/ratis/755142d2-9b76-42c1-ba87-a4db80b943a1 has been successfully formatted.
2019-07-14 16:22:31,055 INFO  ratis.ContainerStateMachine (ContainerStateMachine.java:loadSnapshot(200)) - The snapshot info is null.Setting the last applied index to:(t:0, i:~)
2019-07-14 16:22:31,055 INFO  server.RaftServerConfigKeys (ConfUtils.java:logGet(43)) - raft.server.leader.election.timeout = 120s (custom)
2019-07-14 16:22:31,055 INFO  server.RaftServerConfigKeys (ConfUtils.java:logGet(43)) - raft.server.log.use.memory = false (default)
2019-07-14 16:22:31,055 INFO  server.RaftServerConfigKeys (ConfUtils.java:logGet(43)) - raft.server.log.purge.gap = 1000000000 (custom)
2019-07-14 16:22:31,055 INFO  server.RaftServerConfigKeys (ConfUtils.java:logGet(43)) - raft.server.log.appender.buffer.byte-limit = 33554432 (custom)
2019-07-14 16:22:31,056 INFO  server.RaftServerConfigKeys (ConfUtils.java:logGet(43)) - raft.server.log.segment.size.max = 1048576 (custom)
2019-07-14 16:22:31,056 INFO  server.RaftServerConfigKeys (ConfUtils.java:logGet(43)) - raft.server.log.segment.cache.num.max = 2 (custom)
2019-07-14 16:22:31,056 INFO  segmented.SegmentedRaftLogWorker (SegmentedRaftLogWorker.java:<init>(172)) - new b4084cd0-dfd3-47cc-abd3-b6d7189ed627-SegmentedRaftLogWorker:Storage Directory /workdir/hadoop-ozone/integration-test/target/test-dir/MiniOzoneClusterImpl-2edbef45-7b9e-4a7f-a65a-0656f9579177/datanode-4/data/ratis/755142d2-9b76-42c1-ba87-a4db80b943a1 for RaftStorage:Storage Directory /workdir/hadoop-ozone/integration-test/target/test-dir/MiniOzoneClusterImpl-2edbef45-7b9e-4a7f-a65a-0656f9579177/datanode-4/data/ratis/755142d2-9b76-42c1-ba87-a4db80b943a1
2019-07-14 16:22:31,056 INFO  server.RaftServerConfigKeys (ConfUtils.java:logGet(43)) - raft.server.log.queue.byte-limit = 2147483647 (custom)
2019-07-14 16:22:31,056 INFO  server.RaftServerConfigKeys (ConfUtils.java:logGet(43)) - raft.server.log.queue.element-limit = 1024 (custom)
2019-07-14 16:22:31,057 INFO  server.RaftServerConfigKeys (ConfUtils.java:logGet(43)) - raft.server.log.segment.size.max = 1048576 (custom)
2019-07-14 16:22:31,057 INFO  server.RaftServerConfigKeys (ConfUtils.java:logGet(43)) - raft.server.log.preallocated.size = 16384 (custom)
2019-07-14 16:22:31,057 INFO  server.RaftServerConfigKeys (ConfUtils.java:logGet(43)) - raft.server.log.write.buffer.size = 33554432 (custom)
2019-07-14 16:22:31,057 INFO  server.RaftServerConfigKeys (ConfUtils.java:logGet(43)) - raft.server.log.force.sync.num = 128 (default)
2019-07-14 16:22:31,058 INFO  server.RaftServerConfigKeys (ConfUtils.java:logGet(43)) - raft.server.log.statemachine.data.sync = true (default)
2019-07-14 16:22:31,058 INFO  server.RaftServerConfigKeys (ConfUtils.java:logGet(43)) - raft.server.log.statemachine.data.sync.timeout = 10s (default)
2019-07-14 16:22:31,058 INFO  server.RaftServerConfigKeys (ConfUtils.java:logGet(43)) - raft.server.log.statemachine.data.sync.timeout.retry = -1 (default)
2019-07-14 16:22:31,058 INFO  server.RaftServerConfigKeys (ConfUtils.java:logGet(43)) - raft.server.log.statemachine.data.caching.enabled = true (custom)
2019-07-14 16:22:31,059 INFO  segmented.SegmentedRaftLogWorker (SegmentedRaftLogWorker.java:lambda$new$0(132)) - b4084cd0-dfd3-47cc-abd3-b6d7189ed627-SegmentedRaftLogWorker:Storage Directory /workdir/hadoop-ozone/integration-test/target/test-dir/MiniOzoneClusterImpl-2edbef45-7b9e-4a7f-a65a-0656f9579177/datanode-4/data/ratis/755142d2-9b76-42c1-ba87-a4db80b943a1: flushIndex: setUnconditionally 0 -> -1
2019-07-14 16:22:31,059 INFO  server.RaftServerConfigKeys (ConfUtils.java:logGet(43)) - raft.server.snapshot.auto.trigger.enabled = true (custom)
2019-07-14 16:22:31,060 INFO  server.RaftServerConfigKeys (ConfUtils.java:logGet(43)) - raft.server.snapshot.auto.trigger.threshold = 10000 (custom)
2019-07-14 16:22:31,060 INFO  server.RaftServerConfigKeys (ConfUtils.java:logGet(43)) - raft.server.retrycache.expirytime = 600000ms (custom)
2019-07-14 16:22:31,060 INFO  impl.RaftServerImpl (RaftServerImpl.java:start(180)) - b4084cd0-dfd3-47cc-abd3-b6d7189ed627: start group-A4DB80B943A1
2019-07-14 16:22:31,060 INFO  impl.RaftServerImpl (RaftServerImpl.java:setRole(171)) - b4084cd0-dfd3-47cc-abd3-b6d7189ed627:group-A4DB80B943A1 changes role from null to FOLLOWER at term 0 for startAsFollower
2019-07-14 16:22:31,060 INFO  impl.RoleInfo (RoleInfo.java:updateAndGet(143)) - b4084cd0-dfd3-47cc-abd3-b6d7189ed627: start FollowerState
2019-07-14 16:22:31,061 INFO  util.JmxRegister (JmxRegister.java:tryRegister(44)) - Successfully registered JMX Bean with object name Ratis:service=RaftServer,group=group-A4DB80B943A1,id=b4084cd0-dfd3-47cc-abd3-b6d7189ed627
2019-07-14 16:22:31,084 INFO  pipeline.PipelineStateManager (PipelineStateManager.java:addPipeline(56)) - Created pipeline Pipeline[ Id: 755142d2-9b76-42c1-ba87-a4db80b943a1, Nodes: b4084cd0-dfd3-47cc-abd3-b6d7189ed627{ip: 192.168.69.77, host: pr-hdds-1710-5x6jb-1204890111, networkLocation: /default-rack, certSerialId: null}, Type:RATIS, Factor:ONE, State:OPEN]
2019-07-14 16:22:31,118 INFO  impl.RaftServerProxy (RaftServerProxy.java:addNew(89)) - e24d1a06-db8f-4c4a-ba2f-121659705693: addNew group-E6D7D00590BF:[259243b9-6039-42e3-b80f-634026e5286a:192.168.69.77:32780, 60c56bdf-da6a-42ae-8761-33eb5f16d091:192.168.69.77:41737, e24d1a06-db8f-4c4a-ba2f-121659705693:192.168.69.77:36269] returns group-E6D7D00590BF:java.util.concurrent.CompletableFuture@1403429e[Not completed]
2019-07-14 16:22:31,124 INFO  impl.RaftServerImpl (RaftServerImpl.java:<init>(93)) - e24d1a06-db8f-4c4a-ba2f-121659705693: new RaftServerImpl for group-E6D7D00590BF:[259243b9-6039-42e3-b80f-634026e5286a:192.168.69.77:32780, 60c56bdf-da6a-42ae-8761-33eb5f16d091:192.168.69.77:41737, e24d1a06-db8f-4c4a-ba2f-121659705693:192.168.69.77:36269] with ContainerStateMachine:uninitialized
2019-07-14 16:22:31,124 INFO  server.RaftServerConfigKeys (ConfUtils.java:logGet(43)) - raft.server.rpc.timeout.min = 5s (custom)
2019-07-14 16:22:31,124 INFO  server.RaftServerConfigKeys (ConfUtils.java:logGet(43)) - raft.server.rpc.timeout.max = 5200ms (custom)
2019-07-14 16:22:31,124 INFO  impl.RaftServerProxy (RaftServerProxy.java:addNew(89)) - 259243b9-6039-42e3-b80f-634026e5286a: addNew group-E6D7D00590BF:[259243b9-6039-42e3-b80f-634026e5286a:192.168.69.77:32780, 60c56bdf-da6a-42ae-8761-33eb5f16d091:192.168.69.77:41737, e24d1a06-db8f-4c4a-ba2f-121659705693:192.168.69.77:36269] returns group-E6D7D00590BF:java.util.concurrent.CompletableFuture@fa1122e[Not completed]
2019-07-14 16:22:31,124 INFO  impl.RaftServerProxy (RaftServerProxy.java:addNew(89)) - 60c56bdf-da6a-42ae-8761-33eb5f16d091: addNew group-E6D7D00590BF:[259243b9-6039-42e3-b80f-634026e5286a:192.168.69.77:32780, 60c56bdf-da6a-42ae-8761-33eb5f16d091:192.168.69.77:41737, e24d1a06-db8f-4c4a-ba2f-121659705693:192.168.69.77:36269] returns group-E6D7D00590BF:java.util.concurrent.CompletableFuture@103cd4c6[Not completed]
2019-07-14 16:22:31,124 INFO  server.RaftServerConfigKeys (ConfUtils.java:logGet(43)) - raft.server.rpcslowness.timeout = 120s (custom)
2019-07-14 16:22:31,125 INFO  server.RaftServerConfigKeys (ConfUtils.java:logGet(43)) - raft.server.sleep.deviation.threshold = 300 (default)
2019-07-14 16:22:31,125 INFO  server.RaftServerConfigKeys (ConfUtils.java:logGet(43)) - raft.server.log.appender.install.snapshot.enabled = false (custom)
2019-07-14 16:22:31,125 INFO  impl.RaftServerImpl (ServerState.java:<init>(105)) - e24d1a06-db8f-4c4a-ba2f-121659705693:group-E6D7D00590BF ConfigurationManager, init=-1: [259243b9-6039-42e3-b80f-634026e5286a:192.168.69.77:32780, 60c56bdf-da6a-42ae-8761-33eb5f16d091:192.168.69.77:41737, e24d1a06-db8f-4c4a-ba2f-121659705693:192.168.69.77:36269], old=null, confs=<EMPTY_MAP>
2019-07-14 16:22:31,126 INFO  server.RaftServerConfigKeys (ConfUtils.java:logGet(43)) - raft.server.storage.dir = [/workdir/hadoop-ozone/integration-test/target/test-dir/MiniOzoneClusterImpl-2edbef45-7b9e-4a7f-a65a-0656f9579177/datanode-3/data/ratis] (custom)
2019-07-14 16:22:31,126 INFO  storage.RaftStorageDirectory (RaftStorageDirectory.java:analyzeStorage(246)) - The storage directory /workdir/hadoop-ozone/integration-test/target/test-dir/MiniOzoneClusterImpl-2edbef45-7b9e-4a7f-a65a-0656f9579177/datanode-3/data/ratis/1e98575f-7b47-4259-b464-e6d7d00590bf does not exist. Creating ...
2019-07-14 16:22:31,126 INFO  impl.RaftServerImpl (RaftServerImpl.java:<init>(93)) - 259243b9-6039-42e3-b80f-634026e5286a: new RaftServerImpl for group-E6D7D00590BF:[259243b9-6039-42e3-b80f-634026e5286a:192.168.69.77:32780, 60c56bdf-da6a-42ae-8761-33eb5f16d091:192.168.69.77:41737, e24d1a06-db8f-4c4a-ba2f-121659705693:192.168.69.77:36269] with ContainerStateMachine:uninitialized
2019-07-14 16:22:31,127 INFO  server.RaftServerConfigKeys (ConfUtils.java:logGet(43)) - raft.server.rpc.timeout.min = 5s (custom)
2019-07-14 16:22:31,127 INFO  server.RaftServerConfigKeys (ConfUtils.java:logGet(43)) - raft.server.rpc.timeout.max = 5200ms (custom)
2019-07-14 16:22:31,127 INFO  server.RaftServerConfigKeys (ConfUtils.java:logGet(43)) - raft.server.rpcslowness.timeout = 120s (custom)
2019-07-14 16:22:31,127 INFO  server.RaftServerConfigKeys (ConfUtils.java:logGet(43)) - raft.server.sleep.deviation.threshold = 300 (default)
2019-07-14 16:22:31,127 INFO  server.RaftServerConfigKeys (ConfUtils.java:logGet(43)) - raft.server.log.appender.install.snapshot.enabled = false (custom)
2019-07-14 16:22:31,127 INFO  impl.RaftServerImpl (ServerState.java:<init>(105)) - 259243b9-6039-42e3-b80f-634026e5286a:group-E6D7D00590BF ConfigurationManager, init=-1: [259243b9-6039-42e3-b80f-634026e5286a:192.168.69.77:32780, 60c56bdf-da6a-42ae-8761-33eb5f16d091:192.168.69.77:41737, e24d1a06-db8f-4c4a-ba2f-121659705693:192.168.69.77:36269], old=null, confs=<EMPTY_MAP>
2019-07-14 16:22:31,127 INFO  impl.RaftServerImpl (RaftServerImpl.java:<init>(93)) - 60c56bdf-da6a-42ae-8761-33eb5f16d091: new RaftServerImpl for group-E6D7D00590BF:[259243b9-6039-42e3-b80f-634026e5286a:192.168.69.77:32780, 60c56bdf-da6a-42ae-8761-33eb5f16d091:192.168.69.77:41737, e24d1a06-db8f-4c4a-ba2f-121659705693:192.168.69.77:36269] with ContainerStateMachine:uninitialized
2019-07-14 16:22:31,128 INFO  server.RaftServerConfigKeys (ConfUtils.java:logGet(43)) - raft.server.storage.dir = [/workdir/hadoop-ozone/integration-test/target/test-dir/MiniOzoneClusterImpl-2edbef45-7b9e-4a7f-a65a-0656f9579177/datanode-1/data/ratis] (custom)
2019-07-14 16:22:31,128 INFO  server.RaftServerConfigKeys (ConfUtils.java:logGet(43)) - raft.server.rpc.timeout.min = 5s (custom)
2019-07-14 16:22:31,128 INFO  server.RaftServerConfigKeys (ConfUtils.java:logGet(43)) - raft.server.rpc.timeout.max = 5200ms (custom)
2019-07-14 16:22:31,128 INFO  storage.RaftStorageDirectory (RaftStorageDirectory.java:analyzeStorage(246)) - The storage directory /workdir/hadoop-ozone/integration-test/target/test-dir/MiniOzoneClusterImpl-2edbef45-7b9e-4a7f-a65a-0656f9579177/datanode-1/data/ratis/1e98575f-7b47-4259-b464-e6d7d00590bf does not exist. Creating ...
2019-07-14 16:22:31,128 INFO  server.RaftServerConfigKeys (ConfUtils.java:logGet(43)) - raft.server.rpcslowness.timeout = 120s (custom)
2019-07-14 16:22:31,129 INFO  server.RaftServerConfigKeys (ConfUtils.java:logGet(43)) - raft.server.sleep.deviation.threshold = 300 (default)
2019-07-14 16:22:31,129 INFO  server.RaftServerConfigKeys (ConfUtils.java:logGet(43)) - raft.server.log.appender.install.snapshot.enabled = false (custom)
2019-07-14 16:22:31,129 INFO  impl.RaftServerImpl (ServerState.java:<init>(105)) - 60c56bdf-da6a-42ae-8761-33eb5f16d091:group-E6D7D00590BF ConfigurationManager, init=-1: [259243b9-6039-42e3-b80f-634026e5286a:192.168.69.77:32780, 60c56bdf-da6a-42ae-8761-33eb5f16d091:192.168.69.77:41737, e24d1a06-db8f-4c4a-ba2f-121659705693:192.168.69.77:36269], old=null, confs=<EMPTY_MAP>
2019-07-14 16:22:31,129 INFO  server.RaftServerConfigKeys (ConfUtils.java:logGet(43)) - raft.server.storage.dir = [/workdir/hadoop-ozone/integration-test/target/test-dir/MiniOzoneClusterImpl-2edbef45-7b9e-4a7f-a65a-0656f9579177/datanode-2/data/ratis] (custom)
2019-07-14 16:22:31,130 INFO  storage.RaftStorageDirectory (RaftStorageDirectory.java:analyzeStorage(246)) - The storage directory /workdir/hadoop-ozone/integration-test/target/test-dir/MiniOzoneClusterImpl-2edbef45-7b9e-4a7f-a65a-0656f9579177/datanode-2/data/ratis/1e98575f-7b47-4259-b464-e6d7d00590bf does not exist. Creating ...
2019-07-14 16:22:31,140 INFO  storage.RaftStorageDirectory (RaftStorageDirectory.java:tryLock(328)) - Lock on /workdir/hadoop-ozone/integration-test/target/test-dir/MiniOzoneClusterImpl-2edbef45-7b9e-4a7f-a65a-0656f9579177/datanode-1/data/ratis/1e98575f-7b47-4259-b464-e6d7d00590bf/in_use.lock acquired by nodename 13169@pr-hdds-1710-5x6jb-1204890111
2019-07-14 16:22:31,140 INFO  storage.RaftStorageDirectory (RaftStorageDirectory.java:tryLock(328)) - Lock on /workdir/hadoop-ozone/integration-test/target/test-dir/MiniOzoneClusterImpl-2edbef45-7b9e-4a7f-a65a-0656f9579177/datanode-2/data/ratis/1e98575f-7b47-4259-b464-e6d7d00590bf/in_use.lock acquired by nodename 13169@pr-hdds-1710-5x6jb-1204890111
2019-07-14 16:22:31,140 INFO  storage.RaftStorageDirectory (RaftStorageDirectory.java:tryLock(328)) - Lock on /workdir/hadoop-ozone/integration-test/target/test-dir/MiniOzoneClusterImpl-2edbef45-7b9e-4a7f-a65a-0656f9579177/datanode-3/data/ratis/1e98575f-7b47-4259-b464-e6d7d00590bf/in_use.lock acquired by nodename 13169@pr-hdds-1710-5x6jb-1204890111
2019-07-14 16:22:31,154 INFO  storage.RaftStorage (RaftStorage.java:format(72)) - Storage directory /workdir/hadoop-ozone/integration-test/target/test-dir/MiniOzoneClusterImpl-2edbef45-7b9e-4a7f-a65a-0656f9579177/datanode-3/data/ratis/1e98575f-7b47-4259-b464-e6d7d00590bf has been successfully formatted.
2019-07-14 16:22:31,154 INFO  storage.RaftStorage (RaftStorage.java:format(72)) - Storage directory /workdir/hadoop-ozone/integration-test/target/test-dir/MiniOzoneClusterImpl-2edbef45-7b9e-4a7f-a65a-0656f9579177/datanode-1/data/ratis/1e98575f-7b47-4259-b464-e6d7d00590bf has been successfully formatted.
2019-07-14 16:22:31,154 INFO  ratis.ContainerStateMachine (ContainerStateMachine.java:loadSnapshot(200)) - The snapshot info is null.Setting the last applied index to:(t:0, i:~)
2019-07-14 16:22:31,154 INFO  storage.RaftStorage (RaftStorage.java:format(72)) - Storage directory /workdir/hadoop-ozone/integration-test/target/test-dir/MiniOzoneClusterImpl-2edbef45-7b9e-4a7f-a65a-0656f9579177/datanode-2/data/ratis/1e98575f-7b47-4259-b464-e6d7d00590bf has been successfully formatted.
2019-07-14 16:22:31,154 INFO  server.RaftServerConfigKeys (ConfUtils.java:logGet(43)) - raft.server.leader.election.timeout = 120s (custom)
2019-07-14 16:22:31,154 INFO  ratis.ContainerStateMachine (ContainerStateMachine.java:loadSnapshot(200)) - The snapshot info is null.Setting the last applied index to:(t:0, i:~)
2019-07-14 16:22:31,155 INFO  server.RaftServerConfigKeys (ConfUtils.java:logGet(43)) - raft.server.log.use.memory = false (default)
2019-07-14 16:22:31,155 INFO  ratis.ContainerStateMachine (ContainerStateMachine.java:loadSnapshot(200)) - The snapshot info is null.Setting the last applied index to:(t:0, i:~)
2019-07-14 16:22:31,155 INFO  server.RaftServerConfigKeys (ConfUtils.java:logGet(43)) - raft.server.log.purge.gap = 1000000000 (custom)
2019-07-14 16:22:31,155 INFO  server.RaftServerConfigKeys (ConfUtils.java:logGet(43)) - raft.server.leader.election.timeout = 120s (custom)
2019-07-14 16:22:31,155 INFO  server.RaftServerConfigKeys (ConfUtils.java:logGet(43)) - raft.server.log.appender.buffer.byte-limit = 33554432 (custom)
2019-07-14 16:22:31,155 INFO  server.RaftServerConfigKeys (ConfUtils.java:logGet(43)) - raft.server.leader.election.timeout = 120s (custom)
2019-07-14 16:22:31,156 INFO  server.RaftServerConfigKeys (ConfUtils.java:logGet(43)) - raft.server.log.segment.size.max = 1048576 (custom)
2019-07-14 16:22:31,156 INFO  server.RaftServerConfigKeys (ConfUtils.java:logGet(43)) - raft.server.log.use.memory = false (default)
2019-07-14 16:22:31,156 INFO  server.RaftServerConfigKeys (ConfUtils.java:logGet(43)) - raft.server.log.segment.cache.num.max = 2 (custom)
2019-07-14 16:22:31,156 INFO  server.RaftServerConfigKeys (ConfUtils.java:logGet(43)) - raft.server.log.use.memory = false (default)
2019-07-14 16:22:31,156 INFO  segmented.SegmentedRaftLogWorker (SegmentedRaftLogWorker.java:<init>(172)) - new e24d1a06-db8f-4c4a-ba2f-121659705693-SegmentedRaftLogWorker:Storage Directory /workdir/hadoop-ozone/integration-test/target/test-dir/MiniOzoneClusterImpl-2edbef45-7b9e-4a7f-a65a-0656f9579177/datanode-3/data/ratis/1e98575f-7b47-4259-b464-e6d7d00590bf for RaftStorage:Storage Directory /workdir/hadoop-ozone/integration-test/target/test-dir/MiniOzoneClusterImpl-2edbef45-7b9e-4a7f-a65a-0656f9579177/datanode-3/data/ratis/1e98575f-7b47-4259-b464-e6d7d00590bf
2019-07-14 16:22:31,156 INFO  server.RaftServerConfigKeys (ConfUtils.java:logGet(43)) - raft.server.log.purge.gap = 1000000000 (custom)
2019-07-14 16:22:31,157 INFO  server.RaftServerConfigKeys (ConfUtils.java:logGet(43)) - raft.server.log.queue.byte-limit = 2147483647 (custom)
2019-07-14 16:22:31,157 INFO  server.RaftServerConfigKeys (ConfUtils.java:logGet(43)) - raft.server.log.purge.gap = 1000000000 (custom)
2019-07-14 16:22:31,159 INFO  server.RaftServerConfigKeys (ConfUtils.java:logGet(43)) - raft.server.log.queue.element-limit = 1024 (custom)
2019-07-14 16:22:31,157 INFO  server.RaftServerConfigKeys (ConfUtils.java:logGet(43)) - raft.server.log.appender.buffer.byte-limit = 33554432 (custom)
2019-07-14 16:22:31,159 INFO  server.RaftServerConfigKeys (ConfUtils.java:logGet(43)) - raft.server.log.segment.size.max = 1048576 (custom)
2019-07-14 16:22:31,159 INFO  server.RaftServerConfigKeys (ConfUtils.java:logGet(43)) - raft.server.log.appender.buffer.byte-limit = 33554432 (custom)
2019-07-14 16:22:31,160 INFO  server.RaftServerConfigKeys (ConfUtils.java:logGet(43)) - raft.server.log.preallocated.size = 16384 (custom)
2019-07-14 16:22:31,160 INFO  server.RaftServerConfigKeys (ConfUtils.java:logGet(43)) - raft.server.log.segment.size.max = 1048576 (custom)
2019-07-14 16:22:31,160 INFO  server.RaftServerConfigKeys (ConfUtils.java:logGet(43)) - raft.server.log.write.buffer.size = 33554432 (custom)
2019-07-14 16:22:31,160 INFO  server.RaftServerConfigKeys (ConfUtils.java:logGet(43)) - raft.server.log.segment.size.max = 1048576 (custom)
2019-07-14 16:22:31,161 INFO  server.RaftServerConfigKeys (ConfUtils.java:logGet(43)) - raft.server.log.force.sync.num = 128 (default)
2019-07-14 16:22:31,160 INFO  server.RaftServerConfigKeys (ConfUtils.java:logGet(43)) - raft.server.log.segment.cache.num.max = 2 (custom)
2019-07-14 16:22:31,161 INFO  server.RaftServerConfigKeys (ConfUtils.java:logGet(43)) - raft.server.log.statemachine.data.sync = true (default)
2019-07-14 16:22:31,161 INFO  server.RaftServerConfigKeys (ConfUtils.java:logGet(43)) - raft.server.log.segment.cache.num.max = 2 (custom)
2019-07-14 16:22:31,161 INFO  server.RaftServerConfigKeys (ConfUtils.java:logGet(43)) - raft.server.log.statemachine.data.sync.timeout = 10s (default)
2019-07-14 16:22:31,161 INFO  segmented.SegmentedRaftLogWorker (SegmentedRaftLogWorker.java:<init>(172)) - new 259243b9-6039-42e3-b80f-634026e5286a-SegmentedRaftLogWorker:Storage Directory /workdir/hadoop-ozone/integration-test/target/test-dir/MiniOzoneClusterImpl-2edbef45-7b9e-4a7f-a65a-0656f9579177/datanode-1/data/ratis/1e98575f-7b47-4259-b464-e6d7d00590bf for RaftStorage:Storage Directory /workdir/hadoop-ozone/integration-test/target/test-dir/MiniOzoneClusterImpl-2edbef45-7b9e-4a7f-a65a-0656f9579177/datanode-1/data/ratis/1e98575f-7b47-4259-b464-e6d7d00590bf
2019-07-14 16:22:31,162 INFO  server.RaftServerConfigKeys (ConfUtils.java:logGet(43)) - raft.server.log.statemachine.data.sync.timeout.retry = -1 (default)
2019-07-14 16:22:31,162 INFO  segmented.SegmentedRaftLogWorker (SegmentedRaftLogWorker.java:<init>(172)) - new 60c56bdf-da6a-42ae-8761-33eb5f16d091-SegmentedRaftLogWorker:Storage Directory /workdir/hadoop-ozone/integration-test/target/test-dir/MiniOzoneClusterImpl-2edbef45-7b9e-4a7f-a65a-0656f9579177/datanode-2/data/ratis/1e98575f-7b47-4259-b464-e6d7d00590bf for RaftStorage:Storage Directory /workdir/hadoop-ozone/integration-test/target/test-dir/MiniOzoneClusterImpl-2edbef45-7b9e-4a7f-a65a-0656f9579177/datanode-2/data/ratis/1e98575f-7b47-4259-b464-e6d7d00590bf
2019-07-14 16:22:31,163 INFO  server.RaftServerConfigKeys (ConfUtils.java:logGet(43)) - raft.server.log.statemachine.data.caching.enabled = true (custom)
2019-07-14 16:22:31,162 INFO  server.RaftServerConfigKeys (ConfUtils.java:logGet(43)) - raft.server.log.queue.byte-limit = 2147483647 (custom)
2019-07-14 16:22:31,165 INFO  segmented.SegmentedRaftLogWorker (SegmentedRaftLogWorker.java:lambda$new$0(132)) - e24d1a06-db8f-4c4a-ba2f-121659705693-SegmentedRaftLogWorker:Storage Directory /workdir/hadoop-ozone/integration-test/target/test-dir/MiniOzoneClusterImpl-2edbef45-7b9e-4a7f-a65a-0656f9579177/datanode-3/data/ratis/1e98575f-7b47-4259-b464-e6d7d00590bf: flushIndex: setUnconditionally 0 -> -1
2019-07-14 16:22:31,163 INFO  server.RaftServerConfigKeys (ConfUtils.java:logGet(43)) - raft.server.log.queue.byte-limit = 2147483647 (custom)
2019-07-14 16:22:31,165 INFO  server.RaftServerConfigKeys (ConfUtils.java:logGet(43)) - raft.server.log.queue.element-limit = 1024 (custom)
2019-07-14 16:22:31,165 INFO  server.RaftServerConfigKeys (ConfUtils.java:logGet(43)) - raft.server.snapshot.auto.trigger.enabled = true (custom)
2019-07-14 16:22:31,165 INFO  server.RaftServerConfigKeys (ConfUtils.java:logGet(43)) - raft.server.log.queue.element-limit = 1024 (custom)
2019-07-14 16:22:31,166 INFO  server.RaftServerConfigKeys (ConfUtils.java:logGet(43)) - raft.server.snapshot.auto.trigger.threshold = 10000 (custom)
2019-07-14 16:22:31,166 INFO  server.RaftServerConfigKeys (ConfUtils.java:logGet(43)) - raft.server.log.segment.size.max = 1048576 (custom)
2019-07-14 16:22:31,166 INFO  server.RaftServerConfigKeys (ConfUtils.java:logGet(43)) - raft.server.retrycache.expirytime = 600000ms (custom)
2019-07-14 16:22:31,166 INFO  server.RaftServerConfigKeys (ConfUtils.java:logGet(43)) - raft.server.log.segment.size.max = 1048576 (custom)
2019-07-14 16:22:31,166 INFO  impl.RaftServerImpl (RaftServerImpl.java:start(180)) - e24d1a06-db8f-4c4a-ba2f-121659705693: start group-E6D7D00590BF
2019-07-14 16:22:31,167 INFO  impl.RaftServerImpl (RaftServerImpl.java:setRole(171)) - e24d1a06-db8f-4c4a-ba2f-121659705693:group-E6D7D00590BF changes role from null to FOLLOWER at term 0 for startAsFollower
2019-07-14 16:22:31,166 INFO  server.RaftServerConfigKeys (ConfUtils.java:logGet(43)) - raft.server.log.preallocated.size = 16384 (custom)
2019-07-14 16:22:31,167 INFO  impl.RoleInfo (RoleInfo.java:updateAndGet(143)) - e24d1a06-db8f-4c4a-ba2f-121659705693: start FollowerState
2019-07-14 16:22:31,167 INFO  server.RaftServerConfigKeys (ConfUtils.java:logGet(43)) - raft.server.log.preallocated.size = 16384 (custom)
2019-07-14 16:22:31,167 INFO  server.RaftServerConfigKeys (ConfUtils.java:logGet(43)) - raft.server.log.write.buffer.size = 33554432 (custom)
2019-07-14 16:22:31,167 INFO  server.RaftServerConfigKeys (ConfUtils.java:logGet(43)) - raft.server.log.write.buffer.size = 33554432 (custom)
2019-07-14 16:22:31,168 INFO  util.JmxRegister (JmxRegister.java:tryRegister(44)) - Successfully registered JMX Bean with object name Ratis:service=RaftServer,group=group-E6D7D00590BF,id=e24d1a06-db8f-4c4a-ba2f-121659705693
2019-07-14 16:22:31,168 INFO  server.RaftServerConfigKeys (ConfUtils.java:logGet(43)) - raft.server.log.force.sync.num = 128 (default)
2019-07-14 16:22:31,168 INFO  server.RaftServerConfigKeys (ConfUtils.java:logGet(43)) - raft.server.log.force.sync.num = 128 (default)
2019-07-14 16:22:31,168 INFO  server.RaftServerConfigKeys (ConfUtils.java:logGet(43)) - raft.server.log.statemachine.data.sync = true (default)
2019-07-14 16:22:31,168 INFO  server.RaftServerConfigKeys (ConfUtils.java:logGet(43)) - raft.server.log.statemachine.data.sync = true (default)
2019-07-14 16:22:31,169 INFO  server.RaftServerConfigKeys (ConfUtils.java:logGet(43)) - raft.server.log.statemachine.data.sync.timeout = 10s (default)
2019-07-14 16:22:31,169 INFO  server.RaftServerConfigKeys (ConfUtils.java:logGet(43)) - raft.server.log.statemachine.data.sync.timeout = 10s (default)
2019-07-14 16:22:31,169 INFO  server.RaftServerConfigKeys (ConfUtils.java:logGet(43)) - raft.server.log.statemachine.data.sync.timeout.retry = -1 (default)
2019-07-14 16:22:31,169 INFO  server.RaftServerConfigKeys (ConfUtils.java:logGet(43)) - raft.server.log.statemachine.data.sync.timeout.retry = -1 (default)
2019-07-14 16:22:31,169 INFO  server.RaftServerConfigKeys (ConfUtils.java:logGet(43)) - raft.server.log.statemachine.data.caching.enabled = true (custom)
2019-07-14 16:22:31,169 INFO  server.RaftServerConfigKeys (ConfUtils.java:logGet(43)) - raft.server.log.statemachine.data.caching.enabled = true (custom)
2019-07-14 16:22:31,170 INFO  segmented.SegmentedRaftLogWorker (SegmentedRaftLogWorker.java:lambda$new$0(132)) - 259243b9-6039-42e3-b80f-634026e5286a-SegmentedRaftLogWorker:Storage Directory /workdir/hadoop-ozone/integration-test/target/test-dir/MiniOzoneClusterImpl-2edbef45-7b9e-4a7f-a65a-0656f9579177/datanode-1/data/ratis/1e98575f-7b47-4259-b464-e6d7d00590bf: flushIndex: setUnconditionally 0 -> -1
2019-07-14 16:22:31,170 INFO  segmented.SegmentedRaftLogWorker (SegmentedRaftLogWorker.java:lambda$new$0(132)) - 60c56bdf-da6a-42ae-8761-33eb5f16d091-SegmentedRaftLogWorker:Storage Directory /workdir/hadoop-ozone/integration-test/target/test-dir/MiniOzoneClusterImpl-2edbef45-7b9e-4a7f-a65a-0656f9579177/datanode-2/data/ratis/1e98575f-7b47-4259-b464-e6d7d00590bf: flushIndex: setUnconditionally 0 -> -1
2019-07-14 16:22:31,170 INFO  server.RaftServerConfigKeys (ConfUtils.java:logGet(43)) - raft.server.snapshot.auto.trigger.enabled = true (custom)
2019-07-14 16:22:31,170 INFO  server.RaftServerConfigKeys (ConfUtils.java:logGet(43)) - raft.server.snapshot.auto.trigger.enabled = true (custom)
2019-07-14 16:22:31,170 INFO  server.RaftServerConfigKeys (ConfUtils.java:logGet(43)) - raft.server.snapshot.auto.trigger.threshold = 10000 (custom)
2019-07-14 16:22:31,170 INFO  server.RaftServerConfigKeys (ConfUtils.java:logGet(43)) - raft.server.snapshot.auto.trigger.threshold = 10000 (custom)
2019-07-14 16:22:31,173 INFO  server.RaftServerConfigKeys (ConfUtils.java:logGet(43)) - raft.server.retrycache.expirytime = 600000ms (custom)
2019-07-14 16:22:31,173 INFO  server.RaftServerConfigKeys (ConfUtils.java:logGet(43)) - raft.server.retrycache.expirytime = 600000ms (custom)
2019-07-14 16:22:31,173 INFO  impl.RaftServerImpl (RaftServerImpl.java:start(180)) - 259243b9-6039-42e3-b80f-634026e5286a: start group-E6D7D00590BF
2019-07-14 16:22:31,174 INFO  impl.RaftServerImpl (RaftServerImpl.java:start(180)) - 60c56bdf-da6a-42ae-8761-33eb5f16d091: start group-E6D7D00590BF
2019-07-14 16:22:31,174 INFO  impl.RaftServerImpl (RaftServerImpl.java:setRole(171)) - 259243b9-6039-42e3-b80f-634026e5286a:group-E6D7D00590BF changes role from null to FOLLOWER at term 0 for startAsFollower
2019-07-14 16:22:31,175 INFO  impl.RaftServerImpl (RaftServerImpl.java:setRole(171)) - 60c56bdf-da6a-42ae-8761-33eb5f16d091:group-E6D7D00590BF changes role from null to FOLLOWER at term 0 for startAsFollower
2019-07-14 16:22:31,175 INFO  impl.RoleInfo (RoleInfo.java:updateAndGet(143)) - 259243b9-6039-42e3-b80f-634026e5286a: start FollowerState
2019-07-14 16:22:31,175 INFO  impl.RoleInfo (RoleInfo.java:updateAndGet(143)) - 60c56bdf-da6a-42ae-8761-33eb5f16d091: start FollowerState
2019-07-14 16:22:31,178 INFO  util.JmxRegister (JmxRegister.java:tryRegister(44)) - Successfully registered JMX Bean with object name Ratis:service=RaftServer,group=group-E6D7D00590BF,id=259243b9-6039-42e3-b80f-634026e5286a
2019-07-14 16:22:31,178 INFO  util.JmxRegister (JmxRegister.java:tryRegister(44)) - Successfully registered JMX Bean with object name Ratis:service=RaftServer,group=group-E6D7D00590BF,id=60c56bdf-da6a-42ae-8761-33eb5f16d091
2019-07-14 16:22:31,197 INFO  pipeline.PipelineStateManager (PipelineStateManager.java:addPipeline(56)) - Created pipeline Pipeline[ Id: 1e98575f-7b47-4259-b464-e6d7d00590bf, Nodes: 259243b9-6039-42e3-b80f-634026e5286a{ip: 192.168.69.77, host: pr-hdds-1710-5x6jb-1204890111, networkLocation: /default-rack, certSerialId: null}60c56bdf-da6a-42ae-8761-33eb5f16d091{ip: 192.168.69.77, host: pr-hdds-1710-5x6jb-1204890111, networkLocation: /default-rack, certSerialId: null}e24d1a06-db8f-4c4a-ba2f-121659705693{ip: 192.168.69.77, host: pr-hdds-1710-5x6jb-1204890111, networkLocation: /default-rack, certSerialId: null}, Type:RATIS, Factor:THREE, State:OPEN]
2019-07-14 16:22:31,228 INFO  impl.RaftServerProxy (RaftServerProxy.java:addNew(89)) - 2a4def33-c6bb-4d23-acc8-c73d8180b8aa: addNew group-60A91F3702E7:[fcda3341-7621-4c44-89cf-bedd6be6e42f:192.168.69.77:37175, 25deb60a-f789-4a4e-b6ba-3ca345ca0b36:192.168.69.77:42953, 2a4def33-c6bb-4d23-acc8-c73d8180b8aa:192.168.69.77:41637] returns group-60A91F3702E7:java.util.concurrent.CompletableFuture@6a3864bb[Not completed]
2019-07-14 16:22:31,231 INFO  impl.RaftServerProxy (RaftServerProxy.java:addNew(89)) - fcda3341-7621-4c44-89cf-bedd6be6e42f: addNew group-60A91F3702E7:[fcda3341-7621-4c44-89cf-bedd6be6e42f:192.168.69.77:37175, 25deb60a-f789-4a4e-b6ba-3ca345ca0b36:192.168.69.77:42953, 2a4def33-c6bb-4d23-acc8-c73d8180b8aa:192.168.69.77:41637] returns group-60A91F3702E7:java.util.concurrent.CompletableFuture@2d00f7c4[Not completed]
2019-07-14 16:22:31,233 INFO  impl.RaftServerProxy (RaftServerProxy.java:addNew(89)) - 25deb60a-f789-4a4e-b6ba-3ca345ca0b36: addNew group-60A91F3702E7:[fcda3341-7621-4c44-89cf-bedd6be6e42f:192.168.69.77:37175, 25deb60a-f789-4a4e-b6ba-3ca345ca0b36:192.168.69.77:42953, 2a4def33-c6bb-4d23-acc8-c73d8180b8aa:192.168.69.77:41637] returns group-60A91F3702E7:java.util.concurrent.CompletableFuture@4fe8e3d[Not completed]
2019-07-14 16:22:31,234 INFO  impl.RaftServerImpl (RaftServerImpl.java:<init>(93)) - 2a4def33-c6bb-4d23-acc8-c73d8180b8aa: new RaftServerImpl for group-60A91F3702E7:[fcda3341-7621-4c44-89cf-bedd6be6e42f:192.168.69.77:37175, 25deb60a-f789-4a4e-b6ba-3ca345ca0b36:192.168.69.77:42953, 2a4def33-c6bb-4d23-acc8-c73d8180b8aa:192.168.69.77:41637] with ContainerStateMachine:uninitialized
2019-07-14 16:22:31,234 INFO  server.RaftServerConfigKeys (ConfUtils.java:logGet(43)) - raft.server.rpc.timeout.min = 5s (custom)
2019-07-14 16:22:31,234 INFO  server.RaftServerConfigKeys (ConfUtils.java:logGet(43)) - raft.server.rpc.timeout.max = 5200ms (custom)
2019-07-14 16:22:31,234 INFO  server.RaftServerConfigKeys (ConfUtils.java:logGet(43)) - raft.server.rpcslowness.timeout = 120s (custom)
2019-07-14 16:22:31,234 INFO  server.RaftServerConfigKeys (ConfUtils.java:logGet(43)) - raft.server.sleep.deviation.threshold = 300 (default)
2019-07-14 16:22:31,235 INFO  server.RaftServerConfigKeys (ConfUtils.java:logGet(43)) - raft.server.log.appender.install.snapshot.enabled = false (custom)
2019-07-14 16:22:31,235 INFO  impl.RaftServerImpl (RaftServerImpl.java:<init>(93)) - 25deb60a-f789-4a4e-b6ba-3ca345ca0b36: new RaftServerImpl for group-60A91F3702E7:[fcda3341-7621-4c44-89cf-bedd6be6e42f:192.168.69.77:37175, 25deb60a-f789-4a4e-b6ba-3ca345ca0b36:192.168.69.77:42953, 2a4def33-c6bb-4d23-acc8-c73d8180b8aa:192.168.69.77:41637] with ContainerStateMachine:uninitialized
2019-07-14 16:22:31,235 INFO  impl.RaftServerImpl (ServerState.java:<init>(105)) - 2a4def33-c6bb-4d23-acc8-c73d8180b8aa:group-60A91F3702E7 ConfigurationManager, init=-1: [fcda3341-7621-4c44-89cf-bedd6be6e42f:192.168.69.77:37175, 25deb60a-f789-4a4e-b6ba-3ca345ca0b36:192.168.69.77:42953, 2a4def33-c6bb-4d23-acc8-c73d8180b8aa:192.168.69.77:41637], old=null, confs=<EMPTY_MAP>
2019-07-14 16:22:31,235 INFO  server.RaftServerConfigKeys (ConfUtils.java:logGet(43)) - raft.server.rpc.timeout.min = 5s (custom)
2019-07-14 16:22:31,235 INFO  server.RaftServerConfigKeys (ConfUtils.java:logGet(43)) - raft.server.storage.dir = [/workdir/hadoop-ozone/integration-test/target/test-dir/MiniOzoneClusterImpl-2edbef45-7b9e-4a7f-a65a-0656f9579177/datanode-5/data/ratis] (custom)
2019-07-14 16:22:31,235 INFO  server.RaftServerConfigKeys (ConfUtils.java:logGet(43)) - raft.server.rpc.timeout.max = 5200ms (custom)
2019-07-14 16:22:31,236 INFO  server.RaftServerConfigKeys (ConfUtils.java:logGet(43)) - raft.server.rpcslowness.timeout = 120s (custom)
2019-07-14 16:22:31,236 INFO  impl.RaftServerImpl (RaftServerImpl.java:<init>(93)) - fcda3341-7621-4c44-89cf-bedd6be6e42f: new RaftServerImpl for group-60A91F3702E7:[fcda3341-7621-4c44-89cf-bedd6be6e42f:192.168.69.77:37175, 25deb60a-f789-4a4e-b6ba-3ca345ca0b36:192.168.69.77:42953, 2a4def33-c6bb-4d23-acc8-c73d8180b8aa:192.168.69.77:41637] with ContainerStateMachine:uninitialized
2019-07-14 16:22:31,236 INFO  server.RaftServerConfigKeys (ConfUtils.java:logGet(43)) - raft.server.sleep.deviation.threshold = 300 (default)
2019-07-14 16:22:31,236 INFO  storage.RaftStorageDirectory (RaftStorageDirectory.java:analyzeStorage(246)) - The storage directory /workdir/hadoop-ozone/integration-test/target/test-dir/MiniOzoneClusterImpl-2edbef45-7b9e-4a7f-a65a-0656f9579177/datanode-5/data/ratis/ad413c79-f09f-4ae4-bc3e-60a91f3702e7 does not exist. Creating ...
2019-07-14 16:22:31,236 INFO  server.RaftServerConfigKeys (ConfUtils.java:logGet(43)) - raft.server.log.appender.install.snapshot.enabled = false (custom)
2019-07-14 16:22:31,236 INFO  server.RaftServerConfigKeys (ConfUtils.java:logGet(43)) - raft.server.rpc.timeout.min = 5s (custom)
2019-07-14 16:22:31,236 INFO  impl.RaftServerImpl (ServerState.java:<init>(105)) - 25deb60a-f789-4a4e-b6ba-3ca345ca0b36:group-60A91F3702E7 ConfigurationManager, init=-1: [fcda3341-7621-4c44-89cf-bedd6be6e42f:192.168.69.77:37175, 25deb60a-f789-4a4e-b6ba-3ca345ca0b36:192.168.69.77:42953, 2a4def33-c6bb-4d23-acc8-c73d8180b8aa:192.168.69.77:41637], old=null, confs=<EMPTY_MAP>
2019-07-14 16:22:31,237 INFO  server.RaftServerConfigKeys (ConfUtils.java:logGet(43)) - raft.server.rpc.timeout.max = 5200ms (custom)
2019-07-14 16:22:31,237 INFO  server.RaftServerConfigKeys (ConfUtils.java:logGet(43)) - raft.server.storage.dir = [/workdir/hadoop-ozone/integration-test/target/test-dir/MiniOzoneClusterImpl-2edbef45-7b9e-4a7f-a65a-0656f9579177/datanode-6/data/ratis] (custom)
2019-07-14 16:22:31,237 INFO  server.RaftServerConfigKeys (ConfUtils.java:logGet(43)) - raft.server.rpcslowness.timeout = 120s (custom)
2019-07-14 16:22:31,237 INFO  server.RaftServerConfigKeys (ConfUtils.java:logGet(43)) - raft.server.sleep.deviation.threshold = 300 (default)
2019-07-14 16:22:31,237 INFO  storage.RaftStorageDirectory (RaftStorageDirectory.java:analyzeStorage(246)) - The storage directory /workdir/hadoop-ozone/integration-test/target/test-dir/MiniOzoneClusterImpl-2edbef45-7b9e-4a7f-a65a-0656f9579177/datanode-6/data/ratis/ad413c79-f09f-4ae4-bc3e-60a91f3702e7 does not exist. Creating ...
2019-07-14 16:22:31,237 INFO  server.RaftServerConfigKeys (ConfUtils.java:logGet(43)) - raft.server.log.appender.install.snapshot.enabled = false (custom)
2019-07-14 16:22:31,238 INFO  impl.RaftServerImpl (ServerState.java:<init>(105)) - fcda3341-7621-4c44-89cf-bedd6be6e42f:group-60A91F3702E7 ConfigurationManager, init=-1: [fcda3341-7621-4c44-89cf-bedd6be6e42f:192.168.69.77:37175, 25deb60a-f789-4a4e-b6ba-3ca345ca0b36:192.168.69.77:42953, 2a4def33-c6bb-4d23-acc8-c73d8180b8aa:192.168.69.77:41637], old=null, confs=<EMPTY_MAP>
2019-07-14 16:22:31,238 INFO  server.RaftServerConfigKeys (ConfUtils.java:logGet(43)) - raft.server.storage.dir = [/workdir/hadoop-ozone/integration-test/target/test-dir/MiniOzoneClusterImpl-2edbef45-7b9e-4a7f-a65a-0656f9579177/datanode-0/data/ratis] (custom)
2019-07-14 16:22:31,238 INFO  storage.RaftStorageDirectory (RaftStorageDirectory.java:analyzeStorage(246)) - The storage directory /workdir/hadoop-ozone/integration-test/target/test-dir/MiniOzoneClusterImpl-2edbef45-7b9e-4a7f-a65a-0656f9579177/datanode-0/data/ratis/ad413c79-f09f-4ae4-bc3e-60a91f3702e7 does not exist. Creating ...
2019-07-14 16:22:31,251 INFO  storage.RaftStorageDirectory (RaftStorageDirectory.java:tryLock(328)) - Lock on /workdir/hadoop-ozone/integration-test/target/test-dir/MiniOzoneClusterImpl-2edbef45-7b9e-4a7f-a65a-0656f9579177/datanode-6/data/ratis/ad413c79-f09f-4ae4-bc3e-60a91f3702e7/in_use.lock acquired by nodename 13169@pr-hdds-1710-5x6jb-1204890111
2019-07-14 16:22:31,251 INFO  storage.RaftStorageDirectory (RaftStorageDirectory.java:tryLock(328)) - Lock on /workdir/hadoop-ozone/integration-test/target/test-dir/MiniOzoneClusterImpl-2edbef45-7b9e-4a7f-a65a-0656f9579177/datanode-0/data/ratis/ad413c79-f09f-4ae4-bc3e-60a91f3702e7/in_use.lock acquired by nodename 13169@pr-hdds-1710-5x6jb-1204890111
2019-07-14 16:22:31,251 INFO  storage.RaftStorageDirectory (RaftStorageDirectory.java:tryLock(328)) - Lock on /workdir/hadoop-ozone/integration-test/target/test-dir/MiniOzoneClusterImpl-2edbef45-7b9e-4a7f-a65a-0656f9579177/datanode-5/data/ratis/ad413c79-f09f-4ae4-bc3e-60a91f3702e7/in_use.lock acquired by nodename 13169@pr-hdds-1710-5x6jb-1204890111
2019-07-14 16:22:31,266 INFO  storage.RaftStorage (RaftStorage.java:format(72)) - Storage directory /workdir/hadoop-ozone/integration-test/target/test-dir/MiniOzoneClusterImpl-2edbef45-7b9e-4a7f-a65a-0656f9579177/datanode-0/data/ratis/ad413c79-f09f-4ae4-bc3e-60a91f3702e7 has been successfully formatted.
2019-07-14 16:22:31,266 INFO  storage.RaftStorage (RaftStorage.java:format(72)) - Storage directory /workdir/hadoop-ozone/integration-test/target/test-dir/MiniOzoneClusterImpl-2edbef45-7b9e-4a7f-a65a-0656f9579177/datanode-6/data/ratis/ad413c79-f09f-4ae4-bc3e-60a91f3702e7 has been successfully formatted.
2019-07-14 16:22:31,266 INFO  storage.RaftStorage (RaftStorage.java:format(72)) - Storage directory /workdir/hadoop-ozone/integration-test/target/test-dir/MiniOzoneClusterImpl-2edbef45-7b9e-4a7f-a65a-0656f9579177/datanode-5/data/ratis/ad413c79-f09f-4ae4-bc3e-60a91f3702e7 has been successfully formatted.
2019-07-14 16:22:31,266 INFO  ratis.ContainerStateMachine (ContainerStateMachine.java:loadSnapshot(200)) - The snapshot info is null.Setting the last applied index to:(t:0, i:~)
2019-07-14 16:22:31,266 INFO  ratis.ContainerStateMachine (ContainerStateMachine.java:loadSnapshot(200)) - The snapshot info is null.Setting the last applied index to:(t:0, i:~)
2019-07-14 16:22:31,267 INFO  server.RaftServerConfigKeys (ConfUtils.java:logGet(43)) - raft.server.leader.election.timeout = 120s (custom)
2019-07-14 16:22:31,267 INFO  ratis.ContainerStateMachine (ContainerStateMachine.java:loadSnapshot(200)) - The snapshot info is null.Setting the last applied index to:(t:0, i:~)
2019-07-14 16:22:31,267 INFO  server.RaftServerConfigKeys (ConfUtils.java:logGet(43)) - raft.server.log.use.memory = false (default)
2019-07-14 16:22:31,267 INFO  server.RaftServerConfigKeys (ConfUtils.java:logGet(43)) - raft.server.leader.election.timeout = 120s (custom)
2019-07-14 16:22:31,267 INFO  server.RaftServerConfigKeys (ConfUtils.java:logGet(43)) - raft.server.log.purge.gap = 1000000000 (custom)
2019-07-14 16:22:31,267 INFO  server.RaftServerConfigKeys (ConfUtils.java:logGet(43)) - raft.server.leader.election.timeout = 120s (custom)
2019-07-14 16:22:31,267 INFO  server.RaftServerConfigKeys (ConfUtils.java:logGet(43)) - raft.server.log.appender.buffer.byte-limit = 33554432 (custom)
2019-07-14 16:22:31,267 INFO  server.RaftServerConfigKeys (ConfUtils.java:logGet(43)) - raft.server.log.use.memory = false (default)
2019-07-14 16:22:31,268 INFO  server.RaftServerConfigKeys (ConfUtils.java:logGet(43)) - raft.server.log.segment.size.max = 1048576 (custom)
2019-07-14 16:22:31,268 INFO  server.RaftServerConfigKeys (ConfUtils.java:logGet(43)) - raft.server.log.use.memory = false (default)
2019-07-14 16:22:31,268 INFO  server.RaftServerConfigKeys (ConfUtils.java:logGet(43)) - raft.server.log.segment.cache.num.max = 2 (custom)
2019-07-14 16:22:31,268 INFO  server.RaftServerConfigKeys (ConfUtils.java:logGet(43)) - raft.server.log.purge.gap = 1000000000 (custom)
2019-07-14 16:22:31,268 INFO  segmented.SegmentedRaftLogWorker (SegmentedRaftLogWorker.java:<init>(172)) - new 25deb60a-f789-4a4e-b6ba-3ca345ca0b36-SegmentedRaftLogWorker:Storage Directory /workdir/hadoop-ozone/integration-test/target/test-dir/MiniOzoneClusterImpl-2edbef45-7b9e-4a7f-a65a-0656f9579177/datanode-6/data/ratis/ad413c79-f09f-4ae4-bc3e-60a91f3702e7 for RaftStorage:Storage Directory /workdir/hadoop-ozone/integration-test/target/test-dir/MiniOzoneClusterImpl-2edbef45-7b9e-4a7f-a65a-0656f9579177/datanode-6/data/ratis/ad413c79-f09f-4ae4-bc3e-60a91f3702e7
2019-07-14 16:22:31,268 INFO  server.RaftServerConfigKeys (ConfUtils.java:logGet(43)) - raft.server.log.purge.gap = 1000000000 (custom)
2019-07-14 16:22:31,269 INFO  server.RaftServerConfigKeys (ConfUtils.java:logGet(43)) - raft.server.log.queue.byte-limit = 2147483647 (custom)
2019-07-14 16:22:31,269 INFO  server.RaftServerConfigKeys (ConfUtils.java:logGet(43)) - raft.server.log.appender.buffer.byte-limit = 33554432 (custom)
2019-07-14 16:22:31,270 INFO  server.RaftServerConfigKeys (ConfUtils.java:logGet(43)) - raft.server.log.queue.element-limit = 1024 (custom)
2019-07-14 16:22:31,269 INFO  server.RaftServerConfigKeys (ConfUtils.java:logGet(43)) - raft.server.log.appender.buffer.byte-limit = 33554432 (custom)
2019-07-14 16:22:31,270 INFO  server.RaftServerConfigKeys (ConfUtils.java:logGet(43)) - raft.server.log.segment.size.max = 1048576 (custom)
2019-07-14 16:22:31,270 INFO  server.RaftServerConfigKeys (ConfUtils.java:logGet(43)) - raft.server.log.segment.size.max = 1048576 (custom)
2019-07-14 16:22:31,271 INFO  server.RaftServerConfigKeys (ConfUtils.java:logGet(43)) - raft.server.log.preallocated.size = 16384 (custom)
2019-07-14 16:22:31,271 INFO  server.RaftServerConfigKeys (ConfUtils.java:logGet(43)) - raft.server.log.segment.size.max = 1048576 (custom)
2019-07-14 16:22:31,271 INFO  server.RaftServerConfigKeys (ConfUtils.java:logGet(43)) - raft.server.log.write.buffer.size = 33554432 (custom)
2019-07-14 16:22:31,271 INFO  server.RaftServerConfigKeys (ConfUtils.java:logGet(43)) - raft.server.log.segment.cache.num.max = 2 (custom)
2019-07-14 16:22:31,271 INFO  server.RaftServerConfigKeys (ConfUtils.java:logGet(43)) - raft.server.log.force.sync.num = 128 (default)
2019-07-14 16:22:31,271 INFO  server.RaftServerConfigKeys (ConfUtils.java:logGet(43)) - raft.server.log.segment.cache.num.max = 2 (custom)
2019-07-14 16:22:31,272 INFO  server.RaftServerConfigKeys (ConfUtils.java:logGet(43)) - raft.server.log.statemachine.data.sync = true (default)
2019-07-14 16:22:31,272 INFO  segmented.SegmentedRaftLogWorker (SegmentedRaftLogWorker.java:<init>(172)) - new fcda3341-7621-4c44-89cf-bedd6be6e42f-SegmentedRaftLogWorker:Storage Directory /workdir/hadoop-ozone/integration-test/target/test-dir/MiniOzoneClusterImpl-2edbef45-7b9e-4a7f-a65a-0656f9579177/datanode-0/data/ratis/ad413c79-f09f-4ae4-bc3e-60a91f3702e7 for RaftStorage:Storage Directory /workdir/hadoop-ozone/integration-test/target/test-dir/MiniOzoneClusterImpl-2edbef45-7b9e-4a7f-a65a-0656f9579177/datanode-0/data/ratis/ad413c79-f09f-4ae4-bc3e-60a91f3702e7
2019-07-14 16:22:31,272 INFO  server.RaftServerConfigKeys (ConfUtils.java:logGet(43)) - raft.server.log.statemachine.data.sync.timeout = 10s (default)
2019-07-14 16:22:31,272 INFO  segmented.SegmentedRaftLogWorker (SegmentedRaftLogWorker.java:<init>(172)) - new 2a4def33-c6bb-4d23-acc8-c73d8180b8aa-SegmentedRaftLogWorker:Storage Directory /workdir/hadoop-ozone/integration-test/target/test-dir/MiniOzoneClusterImpl-2edbef45-7b9e-4a7f-a65a-0656f9579177/datanode-5/data/ratis/ad413c79-f09f-4ae4-bc3e-60a91f3702e7 for RaftStorage:Storage Directory /workdir/hadoop-ozone/integration-test/target/test-dir/MiniOzoneClusterImpl-2edbef45-7b9e-4a7f-a65a-0656f9579177/datanode-5/data/ratis/ad413c79-f09f-4ae4-bc3e-60a91f3702e7
2019-07-14 16:22:31,273 INFO  server.RaftServerConfigKeys (ConfUtils.java:logGet(43)) - raft.server.log.statemachine.data.sync.timeout.retry = -1 (default)
2019-07-14 16:22:31,272 INFO  server.RaftServerConfigKeys (ConfUtils.java:logGet(43)) - raft.server.log.queue.byte-limit = 2147483647 (custom)
2019-07-14 16:22:31,276 INFO  server.RaftServerConfigKeys (ConfUtils.java:logGet(43)) - raft.server.log.statemachine.data.caching.enabled = true (custom)
2019-07-14 16:22:31,274 INFO  server.RaftServerConfigKeys (ConfUtils.java:logGet(43)) - raft.server.log.queue.byte-limit = 2147483647 (custom)
2019-07-14 16:22:31,276 INFO  server.RaftServerConfigKeys (ConfUtils.java:logGet(43)) - raft.server.log.queue.element-limit = 1024 (custom)
2019-07-14 16:22:31,276 INFO  server.RaftServerConfigKeys (ConfUtils.java:logGet(43)) - raft.server.log.queue.element-limit = 1024 (custom)
2019-07-14 16:22:31,276 INFO  segmented.SegmentedRaftLogWorker (SegmentedRaftLogWorker.java:lambda$new$0(132)) - 25deb60a-f789-4a4e-b6ba-3ca345ca0b36-SegmentedRaftLogWorker:Storage Directory /workdir/hadoop-ozone/integration-test/target/test-dir/MiniOzoneClusterImpl-2edbef45-7b9e-4a7f-a65a-0656f9579177/datanode-6/data/ratis/ad413c79-f09f-4ae4-bc3e-60a91f3702e7: flushIndex: setUnconditionally 0 -> -1
2019-07-14 16:22:31,277 INFO  server.RaftServerConfigKeys (ConfUtils.java:logGet(43)) - raft.server.log.segment.size.max = 1048576 (custom)
2019-07-14 16:22:31,276 INFO  server.RaftServerConfigKeys (ConfUtils.java:logGet(43)) - raft.server.log.segment.size.max = 1048576 (custom)
2019-07-14 16:22:31,277 INFO  server.RaftServerConfigKeys (ConfUtils.java:logGet(43)) - raft.server.snapshot.auto.trigger.enabled = true (custom)
2019-07-14 16:22:31,277 INFO  server.RaftServerConfigKeys (ConfUtils.java:logGet(43)) - raft.server.log.preallocated.size = 16384 (custom)
2019-07-14 16:22:31,277 INFO  server.RaftServerConfigKeys (ConfUtils.java:logGet(43)) - raft.server.snapshot.auto.trigger.threshold = 10000 (custom)
2019-07-14 16:22:31,277 INFO  server.RaftServerConfigKeys (ConfUtils.java:logGet(43)) - raft.server.log.preallocated.size = 16384 (custom)
2019-07-14 16:22:31,277 INFO  server.RaftServerConfigKeys (ConfUtils.java:logGet(43)) - raft.server.retrycache.expirytime = 600000ms (custom)
2019-07-14 16:22:31,277 INFO  server.RaftServerConfigKeys (ConfUtils.java:logGet(43)) - raft.server.log.write.buffer.size = 33554432 (custom)
2019-07-14 16:22:31,278 INFO  impl.RaftServerImpl (RaftServerImpl.java:start(180)) - 25deb60a-f789-4a4e-b6ba-3ca345ca0b36: start group-60A91F3702E7
2019-07-14 16:22:31,278 INFO  server.RaftServerConfigKeys (ConfUtils.java:logGet(43)) - raft.server.log.write.buffer.size = 33554432 (custom)
2019-07-14 16:22:31,278 INFO  impl.RaftServerImpl (RaftServerImpl.java:setRole(171)) - 25deb60a-f789-4a4e-b6ba-3ca345ca0b36:group-60A91F3702E7 changes role from null to FOLLOWER at term 0 for startAsFollower
2019-07-14 16:22:31,278 INFO  server.RaftServerConfigKeys (ConfUtils.java:logGet(43)) - raft.server.log.force.sync.num = 128 (default)
2019-07-14 16:22:31,278 INFO  impl.RoleInfo (RoleInfo.java:updateAndGet(143)) - 25deb60a-f789-4a4e-b6ba-3ca345ca0b36: start FollowerState
2019-07-14 16:22:31,278 INFO  server.RaftServerConfigKeys (ConfUtils.java:logGet(43)) - raft.server.log.force.sync.num = 128 (default)
2019-07-14 16:22:31,278 INFO  server.RaftServerConfigKeys (ConfUtils.java:logGet(43)) - raft.server.log.statemachine.data.sync = true (default)
2019-07-14 16:22:31,279 INFO  util.JmxRegister (JmxRegister.java:tryRegister(44)) - Successfully registered JMX Bean with object name Ratis:service=RaftServer,group=group-60A91F3702E7,id=25deb60a-f789-4a4e-b6ba-3ca345ca0b36
2019-07-14 16:22:31,279 INFO  server.RaftServerConfigKeys (ConfUtils.java:logGet(43)) - raft.server.log.statemachine.data.sync = true (default)
2019-07-14 16:22:31,279 INFO  server.RaftServerConfigKeys (ConfUtils.java:logGet(43)) - raft.server.log.statemachine.data.sync.timeout = 10s (default)
2019-07-14 16:22:31,279 INFO  server.RaftServerConfigKeys (ConfUtils.java:logGet(43)) - raft.server.log.statemachine.data.sync.timeout = 10s (default)
2019-07-14 16:22:31,279 INFO  server.RaftServerConfigKeys (ConfUtils.java:logGet(43)) - raft.server.log.statemachine.data.sync.timeout.retry = -1 (default)
2019-07-14 16:22:31,280 INFO  server.RaftServerConfigKeys (ConfUtils.java:logGet(43)) - raft.server.log.statemachine.data.sync.timeout.retry = -1 (default)
2019-07-14 16:22:31,280 INFO  server.RaftServerConfigKeys (ConfUtils.java:logGet(43)) - raft.server.log.statemachine.data.caching.enabled = true (custom)
2019-07-14 16:22:31,280 INFO  server.RaftServerConfigKeys (ConfUtils.java:logGet(43)) - raft.server.log.statemachine.data.caching.enabled = true (custom)
2019-07-14 16:22:31,280 INFO  segmented.SegmentedRaftLogWorker (SegmentedRaftLogWorker.java:lambda$new$0(132)) - 2a4def33-c6bb-4d23-acc8-c73d8180b8aa-SegmentedRaftLogWorker:Storage Directory /workdir/hadoop-ozone/integration-test/target/test-dir/MiniOzoneClusterImpl-2edbef45-7b9e-4a7f-a65a-0656f9579177/datanode-5/data/ratis/ad413c79-f09f-4ae4-bc3e-60a91f3702e7: flushIndex: setUnconditionally 0 -> -1
2019-07-14 16:22:31,280 INFO  segmented.SegmentedRaftLogWorker (SegmentedRaftLogWorker.java:lambda$new$0(132)) - fcda3341-7621-4c44-89cf-bedd6be6e42f-SegmentedRaftLogWorker:Storage Directory /workdir/hadoop-ozone/integration-test/target/test-dir/MiniOzoneClusterImpl-2edbef45-7b9e-4a7f-a65a-0656f9579177/datanode-0/data/ratis/ad413c79-f09f-4ae4-bc3e-60a91f3702e7: flushIndex: setUnconditionally 0 -> -1
2019-07-14 16:22:31,281 INFO  server.RaftServerConfigKeys (ConfUtils.java:logGet(43)) - raft.server.snapshot.auto.trigger.enabled = true (custom)
2019-07-14 16:22:31,281 INFO  server.RaftServerConfigKeys (ConfUtils.java:logGet(43)) - raft.server.snapshot.auto.trigger.threshold = 10000 (custom)
2019-07-14 16:22:31,282 INFO  server.RaftServerConfigKeys (ConfUtils.java:logGet(43)) - raft.server.snapshot.auto.trigger.enabled = true (custom)
2019-07-14 16:22:31,282 INFO  server.RaftServerConfigKeys (ConfUtils.java:logGet(43)) - raft.server.retrycache.expirytime = 600000ms (custom)
2019-07-14 16:22:31,282 INFO  server.RaftServerConfigKeys (ConfUtils.java:logGet(43)) - raft.server.snapshot.auto.trigger.threshold = 10000 (custom)
2019-07-14 16:22:31,282 INFO  impl.RaftServerImpl (RaftServerImpl.java:start(180)) - 2a4def33-c6bb-4d23-acc8-c73d8180b8aa: start group-60A91F3702E7
2019-07-14 16:22:31,284 INFO  server.RaftServerConfigKeys (ConfUtils.java:logGet(43)) - raft.server.retrycache.expirytime = 600000ms (custom)
2019-07-14 16:22:31,284 INFO  impl.RaftServerImpl (RaftServerImpl.java:setRole(171)) - 2a4def33-c6bb-4d23-acc8-c73d8180b8aa:group-60A91F3702E7 changes role from null to FOLLOWER at term 0 for startAsFollower
2019-07-14 16:22:31,284 INFO  impl.RaftServerImpl (RaftServerImpl.java:start(180)) - fcda3341-7621-4c44-89cf-bedd6be6e42f: start group-60A91F3702E7
2019-07-14 16:22:31,285 INFO  impl.RaftServerImpl (RaftServerImpl.java:setRole(171)) - fcda3341-7621-4c44-89cf-bedd6be6e42f:group-60A91F3702E7 changes role from null to FOLLOWER at term 0 for startAsFollower
2019-07-14 16:22:31,285 INFO  impl.RoleInfo (RoleInfo.java:updateAndGet(143)) - 2a4def33-c6bb-4d23-acc8-c73d8180b8aa: start FollowerState
2019-07-14 16:22:31,287 INFO  impl.RoleInfo (RoleInfo.java:updateAndGet(143)) - fcda3341-7621-4c44-89cf-bedd6be6e42f: start FollowerState
2019-07-14 16:22:31,287 INFO  util.JmxRegister (JmxRegister.java:tryRegister(44)) - Successfully registered JMX Bean with object name Ratis:service=RaftServer,group=group-60A91F3702E7,id=2a4def33-c6bb-4d23-acc8-c73d8180b8aa
2019-07-14 16:22:31,287 INFO  util.JmxRegister (JmxRegister.java:tryRegister(44)) - Successfully registered JMX Bean with object name Ratis:service=RaftServer,group=group-60A91F3702E7,id=fcda3341-7621-4c44-89cf-bedd6be6e42f
2019-07-14 16:22:31,300 INFO  pipeline.PipelineStateManager (PipelineStateManager.java:addPipeline(56)) - Created pipeline Pipeline[ Id: ad413c79-f09f-4ae4-bc3e-60a91f3702e7, Nodes: fcda3341-7621-4c44-89cf-bedd6be6e42f{ip: 192.168.69.77, host: pr-hdds-1710-5x6jb-1204890111, networkLocation: /default-rack, certSerialId: null}25deb60a-f789-4a4e-b6ba-3ca345ca0b36{ip: 192.168.69.77, host: pr-hdds-1710-5x6jb-1204890111, networkLocation: /default-rack, certSerialId: null}2a4def33-c6bb-4d23-acc8-c73d8180b8aa{ip: 192.168.69.77, host: pr-hdds-1710-5x6jb-1204890111, networkLocation: /default-rack, certSerialId: null}, Type:RATIS, Factor:THREE, State:OPEN]
2019-07-14 16:22:31,502 INFO  ozone.MiniOzoneClusterImpl (MiniOzoneClusterImpl.java:lambda$waitForClusterToBeReady$0(142)) - Cluster is ready. Got 7 of 7 DN Heartbeats.
2019-07-14 16:22:31,828 INFO  rpc.RpcClient (RpcClient.java:createVolume(287)) - Creating Volume: testblockoutputstream, with jenkins1000 as owner.
2019-07-14 16:22:31,880 INFO  rpc.RpcClient (RpcClient.java:createBucket(424)) - Creating Bucket: testblockoutputstream/testblockoutputstream, with Versioning false and Storage Type set to DISK and Encryption set to false 
2019-07-14 16:22:32,177 INFO  client.GrpcClientProtocolClient (GrpcClientProtocolClient.java:onNext(255)) - client-97F3A1C803B3->259243b9-6039-42e3-b80f-634026e5286a: receive RaftClientReply:client-97F3A1C803B3->259243b9-6039-42e3-b80f-634026e5286a@group-E6D7D00590BF, cid=13, FAILED org.apache.ratis.protocol.NotLeaderException: Server 259243b9-6039-42e3-b80f-634026e5286a is not the leader (null). Request must be sent to leader., logIndex=0, commits[259243b9-6039-42e3-b80f-634026e5286a:c-1]
2019-07-14 16:22:32,306 INFO  container.ReplicationManager (ReplicationManager.java:start(155)) - Starting Replication Monitor Thread.
2019-07-14 16:22:32,311 INFO  container.ReplicationManager (ReplicationManager.java:run(207)) - Replication Monitor Thread took 4 milliseconds for processing 1 containers.
2019-07-14 16:22:33,225 INFO  client.GrpcClientProtocolClient (GrpcClientProtocolClient.java:onNext(255)) - client-97F3A1C803B3->e24d1a06-db8f-4c4a-ba2f-121659705693: receive RaftClientReply:client-97F3A1C803B3->e24d1a06-db8f-4c4a-ba2f-121659705693@group-E6D7D00590BF, cid=13, FAILED org.apache.ratis.protocol.NotLeaderException: Server e24d1a06-db8f-4c4a-ba2f-121659705693 is not the leader (null). Request must be sent to leader., logIndex=0, commits[e24d1a06-db8f-4c4a-ba2f-121659705693:c-1]
2019-07-14 16:22:34,253 INFO  client.GrpcClientProtocolClient (GrpcClientProtocolClient.java:onNext(255)) - client-97F3A1C803B3->259243b9-6039-42e3-b80f-634026e5286a: receive RaftClientReply:client-97F3A1C803B3->259243b9-6039-42e3-b80f-634026e5286a@group-E6D7D00590BF, cid=13, FAILED org.apache.ratis.protocol.NotLeaderException: Server 259243b9-6039-42e3-b80f-634026e5286a is not the leader (null). Request must be sent to leader., logIndex=0, commits[259243b9-6039-42e3-b80f-634026e5286a:c-1]
2019-07-14 16:22:35,279 INFO  client.GrpcClientProtocolClient (GrpcClientProtocolClient.java:onNext(255)) - client-97F3A1C803B3->e24d1a06-db8f-4c4a-ba2f-121659705693: receive RaftClientReply:client-97F3A1C803B3->e24d1a06-db8f-4c4a-ba2f-121659705693@group-E6D7D00590BF, cid=13, FAILED org.apache.ratis.protocol.NotLeaderException: Server e24d1a06-db8f-4c4a-ba2f-121659705693 is not the leader (null). Request must be sent to leader., logIndex=0, commits[e24d1a06-db8f-4c4a-ba2f-121659705693:c-1]
2019-07-14 16:22:35,588 INFO  impl.FollowerState (FollowerState.java:run(106)) - fcda3341-7621-4c44-89cf-bedd6be6e42f:group-25D5743D9E8D changes to CANDIDATE, lastRpcTime:5095, electionTimeout:5095ms
2019-07-14 16:22:35,588 INFO  impl.RoleInfo (RoleInfo.java:shutdownFollowerState(121)) - fcda3341-7621-4c44-89cf-bedd6be6e42f: shutdown FollowerState
2019-07-14 16:22:35,589 INFO  impl.RaftServerImpl (RaftServerImpl.java:setRole(171)) - fcda3341-7621-4c44-89cf-bedd6be6e42f:group-25D5743D9E8D changes role from FOLLOWER to CANDIDATE at term 0 for changeToCandidate
2019-07-14 16:22:35,596 INFO  impl.RoleInfo (RoleInfo.java:updateAndGet(143)) - fcda3341-7621-4c44-89cf-bedd6be6e42f: start LeaderElection
2019-07-14 16:22:35,619 INFO  impl.LeaderElection (LeaderElection.java:askForVotes(181)) - fcda3341-7621-4c44-89cf-bedd6be6e42f:group-25D5743D9E8D:LeaderElection1: begin an election at term 1 for -1: [fcda3341-7621-4c44-89cf-bedd6be6e42f:192.168.69.77:37175], old=null
2019-07-14 16:22:35,622 INFO  impl.RoleInfo (RoleInfo.java:shutdownLeaderElection(134)) - fcda3341-7621-4c44-89cf-bedd6be6e42f: shutdown LeaderElection
2019-07-14 16:22:35,623 INFO  impl.RaftServerImpl (RaftServerImpl.java:setRole(171)) - fcda3341-7621-4c44-89cf-bedd6be6e42f:group-25D5743D9E8D changes role from CANDIDATE to LEADER at term 1 for changeToLeader
2019-07-14 16:22:35,623 INFO  impl.RaftServerImpl (ServerState.java:setLeader(263)) - fcda3341-7621-4c44-89cf-bedd6be6e42f:group-25D5743D9E8D change Leader from null to fcda3341-7621-4c44-89cf-bedd6be6e42f at term 1 for becomeLeader, leader elected after 5214ms
2019-07-14 16:22:35,633 INFO  server.RaftServerConfigKeys (ConfUtils.java:logGet(43)) - raft.server.staging.catchup.gap = 1000 (default)
2019-07-14 16:22:35,633 INFO  server.RaftServerConfigKeys (ConfUtils.java:logGet(43)) - raft.server.rpc.sleep.time = 25ms (default)
2019-07-14 16:22:35,637 INFO  server.RaftServerConfigKeys (ConfUtils.java:logGet(43)) - raft.server.write.element-limit = 4096 (default)
2019-07-14 16:22:35,640 INFO  server.RaftServerConfigKeys (ConfUtils.java:logGet(43)) - raft.server.watch.timeout = 10s (default)
2019-07-14 16:22:35,640 INFO  server.RaftServerConfigKeys (ConfUtils.java:logGet(43)) - raft.server.watch.timeout.denomination = 1s (default)
2019-07-14 16:22:35,642 INFO  server.RaftServerConfigKeys (ConfUtils.java:logGet(43)) - raft.server.watch.element-limit = 65536 (default)
2019-07-14 16:22:35,652 INFO  impl.RoleInfo (RoleInfo.java:updateAndGet(143)) - fcda3341-7621-4c44-89cf-bedd6be6e42f: start LeaderState
2019-07-14 16:22:35,677 INFO  segmented.SegmentedRaftLogWorker (SegmentedRaftLogWorker.java:startLogSegment(380)) - fcda3341-7621-4c44-89cf-bedd6be6e42f-SegmentedRaftLogWorker:Storage Directory /workdir/hadoop-ozone/integration-test/target/test-dir/MiniOzoneClusterImpl-2edbef45-7b9e-4a7f-a65a-0656f9579177/datanode-0/data/ratis/797e5078-d423-4817-baa5-25d5743d9e8d: Starting segment from index:0
2019-07-14 16:22:35,686 INFO  impl.RaftServerImpl (ServerState.java:setRaftConf(361)) - fcda3341-7621-4c44-89cf-bedd6be6e42f:group-25D5743D9E8D set configuration 0: [fcda3341-7621-4c44-89cf-bedd6be6e42f:192.168.69.77:37175], old=null at 0
2019-07-14 16:22:35,801 INFO  impl.FollowerState (FollowerState.java:run(106)) - 60c56bdf-da6a-42ae-8761-33eb5f16d091:group-E957A610110E changes to CANDIDATE, lastRpcTime:5030, electionTimeout:5030ms
2019-07-14 16:22:35,803 INFO  impl.RoleInfo (RoleInfo.java:shutdownFollowerState(121)) - 60c56bdf-da6a-42ae-8761-33eb5f16d091: shutdown FollowerState
2019-07-14 16:22:35,803 INFO  impl.RaftServerImpl (RaftServerImpl.java:setRole(171)) - 60c56bdf-da6a-42ae-8761-33eb5f16d091:group-E957A610110E changes role from FOLLOWER to CANDIDATE at term 0 for changeToCandidate
2019-07-14 16:22:35,803 INFO  impl.RoleInfo (RoleInfo.java:updateAndGet(143)) - 60c56bdf-da6a-42ae-8761-33eb5f16d091: start LeaderElection
2019-07-14 16:22:35,823 INFO  impl.LeaderElection (LeaderElection.java:askForVotes(181)) - 60c56bdf-da6a-42ae-8761-33eb5f16d091:group-E957A610110E:LeaderElection2: begin an election at term 1 for -1: [60c56bdf-da6a-42ae-8761-33eb5f16d091:192.168.69.77:41737], old=null
2019-07-14 16:22:35,825 INFO  impl.RoleInfo (RoleInfo.java:shutdownLeaderElection(134)) - 60c56bdf-da6a-42ae-8761-33eb5f16d091: shutdown LeaderElection
2019-07-14 16:22:35,826 INFO  impl.RaftServerImpl (RaftServerImpl.java:setRole(171)) - 60c56bdf-da6a-42ae-8761-33eb5f16d091:group-E957A610110E changes role from CANDIDATE to LEADER at term 1 for changeToLeader
2019-07-14 16:22:35,826 INFO  impl.RaftServerImpl (ServerState.java:setLeader(263)) - 60c56bdf-da6a-42ae-8761-33eb5f16d091:group-E957A610110E change Leader from null to 60c56bdf-da6a-42ae-8761-33eb5f16d091 at term 1 for becomeLeader, leader elected after 5060ms
2019-07-14 16:22:35,828 INFO  server.RaftServerConfigKeys (ConfUtils.java:logGet(43)) - raft.server.staging.catchup.gap = 1000 (default)
2019-07-14 16:22:35,828 INFO  server.RaftServerConfigKeys (ConfUtils.java:logGet(43)) - raft.server.rpc.sleep.time = 25ms (default)
2019-07-14 16:22:35,828 INFO  server.RaftServerConfigKeys (ConfUtils.java:logGet(43)) - raft.server.write.element-limit = 4096 (default)
2019-07-14 16:22:35,828 INFO  server.RaftServerConfigKeys (ConfUtils.java:logGet(43)) - raft.server.watch.timeout = 10s (default)
2019-07-14 16:22:35,829 INFO  server.RaftServerConfigKeys (ConfUtils.java:logGet(43)) - raft.server.watch.timeout.denomination = 1s (default)
2019-07-14 16:22:35,829 INFO  server.RaftServerConfigKeys (ConfUtils.java:logGet(43)) - raft.server.watch.element-limit = 65536 (default)
2019-07-14 16:22:35,829 INFO  impl.RoleInfo (RoleInfo.java:updateAndGet(143)) - 60c56bdf-da6a-42ae-8761-33eb5f16d091: start LeaderState
2019-07-14 16:22:35,829 INFO  segmented.SegmentedRaftLogWorker (SegmentedRaftLogWorker.java:startLogSegment(380)) - 60c56bdf-da6a-42ae-8761-33eb5f16d091-SegmentedRaftLogWorker:Storage Directory /workdir/hadoop-ozone/integration-test/target/test-dir/MiniOzoneClusterImpl-2edbef45-7b9e-4a7f-a65a-0656f9579177/datanode-2/data/ratis/e4d09d75-7a1d-45bf-b07a-e957a610110e: Starting segment from index:0
2019-07-14 16:22:35,830 INFO  impl.RaftServerImpl (ServerState.java:setRaftConf(361)) - 60c56bdf-da6a-42ae-8761-33eb5f16d091:group-E957A610110E set configuration 0: [60c56bdf-da6a-42ae-8761-33eb5f16d091:192.168.69.77:41737], old=null at 0
2019-07-14 16:22:35,870 INFO  impl.FollowerState (FollowerState.java:run(106)) - 259243b9-6039-42e3-b80f-634026e5286a:group-2C1E86710C86 changes to CANDIDATE, lastRpcTime:5189, electionTimeout:5188ms
2019-07-14 16:22:35,870 INFO  impl.RoleInfo (RoleInfo.java:shutdownFollowerState(121)) - 259243b9-6039-42e3-b80f-634026e5286a: shutdown FollowerState
2019-07-14 16:22:35,870 INFO  impl.RaftServerImpl (RaftServerImpl.java:setRole(171)) - 259243b9-6039-42e3-b80f-634026e5286a:group-2C1E86710C86 changes role from FOLLOWER to CANDIDATE at term 0 for changeToCandidate
2019-07-14 16:22:35,870 INFO  impl.RoleInfo (RoleInfo.java:updateAndGet(143)) - 259243b9-6039-42e3-b80f-634026e5286a: start LeaderElection
2019-07-14 16:22:35,893 INFO  segmented.SegmentedRaftLogWorker (SegmentedRaftLogWorker.java:execute(569)) - fcda3341-7621-4c44-89cf-bedd6be6e42f-SegmentedRaftLogWorker:Storage Directory /workdir/hadoop-ozone/integration-test/target/test-dir/MiniOzoneClusterImpl-2edbef45-7b9e-4a7f-a65a-0656f9579177/datanode-0/data/ratis/797e5078-d423-4817-baa5-25d5743d9e8d: created new log segment /workdir/hadoop-ozone/integration-test/target/test-dir/MiniOzoneClusterImpl-2edbef45-7b9e-4a7f-a65a-0656f9579177/datanode-0/data/ratis/797e5078-d423-4817-baa5-25d5743d9e8d/current/log_inprogress_0
2019-07-14 16:22:35,893 INFO  segmented.SegmentedRaftLogWorker (SegmentedRaftLogWorker.java:execute(569)) - 60c56bdf-da6a-42ae-8761-33eb5f16d091-SegmentedRaftLogWorker:Storage Directory /workdir/hadoop-ozone/integration-test/target/test-dir/MiniOzoneClusterImpl-2edbef45-7b9e-4a7f-a65a-0656f9579177/datanode-2/data/ratis/e4d09d75-7a1d-45bf-b07a-e957a610110e: created new log segment /workdir/hadoop-ozone/integration-test/target/test-dir/MiniOzoneClusterImpl-2edbef45-7b9e-4a7f-a65a-0656f9579177/datanode-2/data/ratis/e4d09d75-7a1d-45bf-b07a-e957a610110e/current/log_inprogress_0
2019-07-14 16:22:35,893 INFO  impl.LeaderElection (LeaderElection.java:askForVotes(181)) - 259243b9-6039-42e3-b80f-634026e5286a:group-2C1E86710C86:LeaderElection3: begin an election at term 1 for -1: [259243b9-6039-42e3-b80f-634026e5286a:192.168.69.77:32780], old=null
2019-07-14 16:22:35,896 INFO  impl.RoleInfo (RoleInfo.java:shutdownLeaderElection(134)) - 259243b9-6039-42e3-b80f-634026e5286a: shutdown LeaderElection
2019-07-14 16:22:35,896 INFO  impl.RaftServerImpl (RaftServerImpl.java:setRole(171)) - 259243b9-6039-42e3-b80f-634026e5286a:group-2C1E86710C86 changes role from CANDIDATE to LEADER at term 1 for changeToLeader
2019-07-14 16:22:35,896 INFO  impl.RaftServerImpl (ServerState.java:setLeader(263)) - 259243b9-6039-42e3-b80f-634026e5286a:group-2C1E86710C86 change Leader from null to 259243b9-6039-42e3-b80f-634026e5286a at term 1 for becomeLeader, leader elected after 5223ms
2019-07-14 16:22:35,898 INFO  server.RaftServerConfigKeys (ConfUtils.java:logGet(43)) - raft.server.staging.catchup.gap = 1000 (default)
2019-07-14 16:22:35,899 INFO  server.RaftServerConfigKeys (ConfUtils.java:logGet(43)) - raft.server.rpc.sleep.time = 25ms (default)
2019-07-14 16:22:35,899 INFO  server.RaftServerConfigKeys (ConfUtils.java:logGet(43)) - raft.server.write.element-limit = 4096 (default)
2019-07-14 16:22:35,899 INFO  server.RaftServerConfigKeys (ConfUtils.java:logGet(43)) - raft.server.watch.timeout = 10s (default)
2019-07-14 16:22:35,899 INFO  server.RaftServerConfigKeys (ConfUtils.java:logGet(43)) - raft.server.watch.timeout.denomination = 1s (default)
2019-07-14 16:22:35,900 INFO  server.RaftServerConfigKeys (ConfUtils.java:logGet(43)) - raft.server.watch.element-limit = 65536 (default)
2019-07-14 16:22:35,900 INFO  impl.RoleInfo (RoleInfo.java:updateAndGet(143)) - 259243b9-6039-42e3-b80f-634026e5286a: start LeaderState
2019-07-14 16:22:35,901 INFO  segmented.SegmentedRaftLogWorker (SegmentedRaftLogWorker.java:startLogSegment(380)) - 259243b9-6039-42e3-b80f-634026e5286a-SegmentedRaftLogWorker:Storage Directory /workdir/hadoop-ozone/integration-test/target/test-dir/MiniOzoneClusterImpl-2edbef45-7b9e-4a7f-a65a-0656f9579177/datanode-1/data/ratis/5a5b215c-97ee-439f-b11f-2c1e86710c86: Starting segment from index:0
2019-07-14 16:22:35,901 INFO  impl.RaftServerImpl (ServerState.java:setRaftConf(361)) - 259243b9-6039-42e3-b80f-634026e5286a:group-2C1E86710C86 set configuration 0: [259243b9-6039-42e3-b80f-634026e5286a:192.168.69.77:32780], old=null at 0
2019-07-14 16:22:35,932 INFO  segmented.SegmentedRaftLogWorker (SegmentedRaftLogWorker.java:execute(569)) - 259243b9-6039-42e3-b80f-634026e5286a-SegmentedRaftLogWorker:Storage Directory /workdir/hadoop-ozone/integration-test/target/test-dir/MiniOzoneClusterImpl-2edbef45-7b9e-4a7f-a65a-0656f9579177/datanode-1/data/ratis/5a5b215c-97ee-439f-b11f-2c1e86710c86: created new log segment /workdir/hadoop-ozone/integration-test/target/test-dir/MiniOzoneClusterImpl-2edbef45-7b9e-4a7f-a65a-0656f9579177/datanode-1/data/ratis/5a5b215c-97ee-439f-b11f-2c1e86710c86/current/log_inprogress_0
2019-07-14 16:22:36,025 INFO  impl.FollowerState (FollowerState.java:run(106)) - e24d1a06-db8f-4c4a-ba2f-121659705693:group-B8EBEDE22DDB changes to CANDIDATE, lastRpcTime:5178, electionTimeout:5178ms
2019-07-14 16:22:36,025 INFO  impl.RoleInfo (RoleInfo.java:shutdownFollowerState(121)) - e24d1a06-db8f-4c4a-ba2f-121659705693: shutdown FollowerState
2019-07-14 16:22:36,025 INFO  impl.RaftServerImpl (RaftServerImpl.java:setRole(171)) - e24d1a06-db8f-4c4a-ba2f-121659705693:group-B8EBEDE22DDB changes role from FOLLOWER to CANDIDATE at term 0 for changeToCandidate
2019-07-14 16:22:36,025 INFO  impl.RoleInfo (RoleInfo.java:updateAndGet(143)) - e24d1a06-db8f-4c4a-ba2f-121659705693: start LeaderElection
2019-07-14 16:22:36,045 INFO  impl.LeaderElection (LeaderElection.java:askForVotes(181)) - e24d1a06-db8f-4c4a-ba2f-121659705693:group-B8EBEDE22DDB:LeaderElection4: begin an election at term 1 for -1: [e24d1a06-db8f-4c4a-ba2f-121659705693:192.168.69.77:36269], old=null
2019-07-14 16:22:36,048 INFO  impl.RoleInfo (RoleInfo.java:shutdownLeaderElection(134)) - e24d1a06-db8f-4c4a-ba2f-121659705693: shutdown LeaderElection
2019-07-14 16:22:36,048 INFO  impl.RaftServerImpl (RaftServerImpl.java:setRole(171)) - e24d1a06-db8f-4c4a-ba2f-121659705693:group-B8EBEDE22DDB changes role from CANDIDATE to LEADER at term 1 for changeToLeader
2019-07-14 16:22:36,048 INFO  impl.RaftServerImpl (ServerState.java:setLeader(263)) - e24d1a06-db8f-4c4a-ba2f-121659705693:group-B8EBEDE22DDB change Leader from null to e24d1a06-db8f-4c4a-ba2f-121659705693 at term 1 for becomeLeader, leader elected after 5207ms
2019-07-14 16:22:36,050 INFO  server.RaftServerConfigKeys (ConfUtils.java:logGet(43)) - raft.server.staging.catchup.gap = 1000 (default)
2019-07-14 16:22:36,050 INFO  server.RaftServerConfigKeys (ConfUtils.java:logGet(43)) - raft.server.rpc.sleep.time = 25ms (default)
2019-07-14 16:22:36,050 INFO  server.RaftServerConfigKeys (ConfUtils.java:logGet(43)) - raft.server.write.element-limit = 4096 (default)
2019-07-14 16:22:36,051 INFO  server.RaftServerConfigKeys (ConfUtils.java:logGet(43)) - raft.server.watch.timeout = 10s (default)
2019-07-14 16:22:36,051 INFO  server.RaftServerConfigKeys (ConfUtils.java:logGet(43)) - raft.server.watch.timeout.denomination = 1s (default)
2019-07-14 16:22:36,051 INFO  server.RaftServerConfigKeys (ConfUtils.java:logGet(43)) - raft.server.watch.element-limit = 65536 (default)
2019-07-14 16:22:36,051 INFO  impl.RoleInfo (RoleInfo.java:updateAndGet(143)) - e24d1a06-db8f-4c4a-ba2f-121659705693: start LeaderState
2019-07-14 16:22:36,052 INFO  segmented.SegmentedRaftLogWorker (SegmentedRaftLogWorker.java:startLogSegment(380)) - e24d1a06-db8f-4c4a-ba2f-121659705693-SegmentedRaftLogWorker:Storage Directory /workdir/hadoop-ozone/integration-test/target/test-dir/MiniOzoneClusterImpl-2edbef45-7b9e-4a7f-a65a-0656f9579177/datanode-3/data/ratis/0887dd97-0f93-42d1-912a-b8ebede22ddb: Starting segment from index:0
2019-07-14 16:22:36,052 INFO  impl.RaftServerImpl (ServerState.java:setRaftConf(361)) - e24d1a06-db8f-4c4a-ba2f-121659705693:group-B8EBEDE22DDB set configuration 0: [e24d1a06-db8f-4c4a-ba2f-121659705693:192.168.69.77:36269], old=null at 0
2019-07-14 16:22:36,085 INFO  segmented.SegmentedRaftLogWorker (SegmentedRaftLogWorker.java:execute(569)) - e24d1a06-db8f-4c4a-ba2f-121659705693-SegmentedRaftLogWorker:Storage Directory /workdir/hadoop-ozone/integration-test/target/test-dir/MiniOzoneClusterImpl-2edbef45-7b9e-4a7f-a65a-0656f9579177/datanode-3/data/ratis/0887dd97-0f93-42d1-912a-b8ebede22ddb: created new log segment /workdir/hadoop-ozone/integration-test/target/test-dir/MiniOzoneClusterImpl-2edbef45-7b9e-4a7f-a65a-0656f9579177/datanode-3/data/ratis/0887dd97-0f93-42d1-912a-b8ebede22ddb/current/log_inprogress_0
2019-07-14 16:22:36,100 INFO  impl.FollowerState (FollowerState.java:run(106)) - 25deb60a-f789-4a4e-b6ba-3ca345ca0b36:group-E1E96D9E3354 changes to CANDIDATE, lastRpcTime:5183, electionTimeout:5183ms
2019-07-14 16:22:36,100 INFO  impl.RoleInfo (RoleInfo.java:shutdownFollowerState(121)) - 25deb60a-f789-4a4e-b6ba-3ca345ca0b36: shutdown FollowerState
2019-07-14 16:22:36,100 INFO  impl.RaftServerImpl (RaftServerImpl.java:setRole(171)) - 25deb60a-f789-4a4e-b6ba-3ca345ca0b36:group-E1E96D9E3354 changes role from FOLLOWER to CANDIDATE at term 0 for changeToCandidate
2019-07-14 16:22:36,101 INFO  impl.RoleInfo (RoleInfo.java:updateAndGet(143)) - 25deb60a-f789-4a4e-b6ba-3ca345ca0b36: start LeaderElection
2019-07-14 16:22:36,108 INFO  impl.FollowerState (FollowerState.java:run(106)) - 2a4def33-c6bb-4d23-acc8-c73d8180b8aa:group-3C31DF4DD808 changes to CANDIDATE, lastRpcTime:5114, electionTimeout:5114ms
2019-07-14 16:22:36,110 INFO  impl.RoleInfo (RoleInfo.java:shutdownFollowerState(121)) - 2a4def33-c6bb-4d23-acc8-c73d8180b8aa: shutdown FollowerState
2019-07-14 16:22:36,111 INFO  impl.RaftServerImpl (RaftServerImpl.java:setRole(171)) - 2a4def33-c6bb-4d23-acc8-c73d8180b8aa:group-3C31DF4DD808 changes role from FOLLOWER to CANDIDATE at term 0 for changeToCandidate
2019-07-14 16:22:36,111 INFO  impl.RoleInfo (RoleInfo.java:updateAndGet(143)) - 2a4def33-c6bb-4d23-acc8-c73d8180b8aa: start LeaderElection
2019-07-14 16:22:36,121 INFO  impl.LeaderElection (LeaderElection.java:askForVotes(181)) - 25deb60a-f789-4a4e-b6ba-3ca345ca0b36:group-E1E96D9E3354:LeaderElection5: begin an election at term 1 for -1: [25deb60a-f789-4a4e-b6ba-3ca345ca0b36:192.168.69.77:42953], old=null
2019-07-14 16:22:36,121 INFO  impl.LeaderElection (LeaderElection.java:askForVotes(181)) - 2a4def33-c6bb-4d23-acc8-c73d8180b8aa:group-3C31DF4DD808:LeaderElection6: begin an election at term 1 for -1: [2a4def33-c6bb-4d23-acc8-c73d8180b8aa:192.168.69.77:41637], old=null
2019-07-14 16:22:36,121 INFO  impl.RoleInfo (RoleInfo.java:shutdownLeaderElection(134)) - 25deb60a-f789-4a4e-b6ba-3ca345ca0b36: shutdown LeaderElection
2019-07-14 16:22:36,121 INFO  impl.RoleInfo (RoleInfo.java:shutdownLeaderElection(134)) - 2a4def33-c6bb-4d23-acc8-c73d8180b8aa: shutdown LeaderElection
2019-07-14 16:22:36,122 INFO  impl.RaftServerImpl (RaftServerImpl.java:setRole(171)) - 25deb60a-f789-4a4e-b6ba-3ca345ca0b36:group-E1E96D9E3354 changes role from CANDIDATE to LEADER at term 1 for changeToLeader
2019-07-14 16:22:36,122 INFO  impl.RaftServerImpl (RaftServerImpl.java:setRole(171)) - 2a4def33-c6bb-4d23-acc8-c73d8180b8aa:group-3C31DF4DD808 changes role from CANDIDATE to LEADER at term 1 for changeToLeader
2019-07-14 16:22:36,122 INFO  impl.RaftServerImpl (ServerState.java:setLeader(263)) - 25deb60a-f789-4a4e-b6ba-3ca345ca0b36:group-E1E96D9E3354 change Leader from null to 25deb60a-f789-4a4e-b6ba-3ca345ca0b36 at term 1 for becomeLeader, leader elected after 5210ms
2019-07-14 16:22:36,122 INFO  impl.RaftServerImpl (ServerState.java:setLeader(263)) - 2a4def33-c6bb-4d23-acc8-c73d8180b8aa:group-3C31DF4DD808 change Leader from null to 2a4def33-c6bb-4d23-acc8-c73d8180b8aa at term 1 for becomeLeader, leader elected after 5133ms
2019-07-14 16:22:36,124 INFO  server.RaftServerConfigKeys (ConfUtils.java:logGet(43)) - raft.server.staging.catchup.gap = 1000 (default)
2019-07-14 16:22:36,126 INFO  server.RaftServerConfigKeys (ConfUtils.java:logGet(43)) - raft.server.staging.catchup.gap = 1000 (default)
2019-07-14 16:22:36,126 INFO  server.RaftServerConfigKeys (ConfUtils.java:logGet(43)) - raft.server.rpc.sleep.time = 25ms (default)
2019-07-14 16:22:36,126 INFO  server.RaftServerConfigKeys (ConfUtils.java:logGet(43)) - raft.server.rpc.sleep.time = 25ms (default)
2019-07-14 16:22:36,127 INFO  server.RaftServerConfigKeys (ConfUtils.java:logGet(43)) - raft.server.write.element-limit = 4096 (default)
2019-07-14 16:22:36,127 INFO  server.RaftServerConfigKeys (ConfUtils.java:logGet(43)) - raft.server.write.element-limit = 4096 (default)
2019-07-14 16:22:36,127 INFO  server.RaftServerConfigKeys (ConfUtils.java:logGet(43)) - raft.server.watch.timeout = 10s (default)
2019-07-14 16:22:36,127 INFO  server.RaftServerConfigKeys (ConfUtils.java:logGet(43)) - raft.server.watch.timeout = 10s (default)
2019-07-14 16:22:36,127 INFO  server.RaftServerConfigKeys (ConfUtils.java:logGet(43)) - raft.server.watch.timeout.denomination = 1s (default)
2019-07-14 16:22:36,127 INFO  server.RaftServerConfigKeys (ConfUtils.java:logGet(43)) - raft.server.watch.timeout.denomination = 1s (default)
2019-07-14 16:22:36,127 INFO  server.RaftServerConfigKeys (ConfUtils.java:logGet(43)) - raft.server.watch.element-limit = 65536 (default)
2019-07-14 16:22:36,127 INFO  server.RaftServerConfigKeys (ConfUtils.java:logGet(43)) - raft.server.watch.element-limit = 65536 (default)
2019-07-14 16:22:36,128 INFO  impl.RoleInfo (RoleInfo.java:updateAndGet(143)) - 25deb60a-f789-4a4e-b6ba-3ca345ca0b36: start LeaderState
2019-07-14 16:22:36,128 INFO  impl.RoleInfo (RoleInfo.java:updateAndGet(143)) - 2a4def33-c6bb-4d23-acc8-c73d8180b8aa: start LeaderState
2019-07-14 16:22:36,128 INFO  segmented.SegmentedRaftLogWorker (SegmentedRaftLogWorker.java:startLogSegment(380)) - 25deb60a-f789-4a4e-b6ba-3ca345ca0b36-SegmentedRaftLogWorker:Storage Directory /workdir/hadoop-ozone/integration-test/target/test-dir/MiniOzoneClusterImpl-2edbef45-7b9e-4a7f-a65a-0656f9579177/datanode-6/data/ratis/c179ba0f-0457-4701-900c-e1e96d9e3354: Starting segment from index:0
2019-07-14 16:22:36,128 INFO  segmented.SegmentedRaftLogWorker (SegmentedRaftLogWorker.java:startLogSegment(380)) - 2a4def33-c6bb-4d23-acc8-c73d8180b8aa-SegmentedRaftLogWorker:Storage Directory /workdir/hadoop-ozone/integration-test/target/test-dir/MiniOzoneClusterImpl-2edbef45-7b9e-4a7f-a65a-0656f9579177/datanode-5/data/ratis/1f330c91-6da1-40e9-a4a7-3c31df4dd808: Starting segment from index:0
2019-07-14 16:22:36,129 INFO  impl.RaftServerImpl (ServerState.java:setRaftConf(361)) - 25deb60a-f789-4a4e-b6ba-3ca345ca0b36:group-E1E96D9E3354 set configuration 0: [25deb60a-f789-4a4e-b6ba-3ca345ca0b36:192.168.69.77:42953], old=null at 0
2019-07-14 16:22:36,149 INFO  impl.RaftServerImpl (ServerState.java:setRaftConf(361)) - 2a4def33-c6bb-4d23-acc8-c73d8180b8aa:group-3C31DF4DD808 set configuration 0: [2a4def33-c6bb-4d23-acc8-c73d8180b8aa:192.168.69.77:41637], old=null at 0
2019-07-14 16:22:36,156 INFO  segmented.SegmentedRaftLogWorker (SegmentedRaftLogWorker.java:execute(569)) - 2a4def33-c6bb-4d23-acc8-c73d8180b8aa-SegmentedRaftLogWorker:Storage Directory /workdir/hadoop-ozone/integration-test/target/test-dir/MiniOzoneClusterImpl-2edbef45-7b9e-4a7f-a65a-0656f9579177/datanode-5/data/ratis/1f330c91-6da1-40e9-a4a7-3c31df4dd808: created new log segment /workdir/hadoop-ozone/integration-test/target/test-dir/MiniOzoneClusterImpl-2edbef45-7b9e-4a7f-a65a-0656f9579177/datanode-5/data/ratis/1f330c91-6da1-40e9-a4a7-3c31df4dd808/current/log_inprogress_0
2019-07-14 16:22:36,156 INFO  segmented.SegmentedRaftLogWorker (SegmentedRaftLogWorker.java:execute(569)) - 25deb60a-f789-4a4e-b6ba-3ca345ca0b36-SegmentedRaftLogWorker:Storage Directory /workdir/hadoop-ozone/integration-test/target/test-dir/MiniOzoneClusterImpl-2edbef45-7b9e-4a7f-a65a-0656f9579177/datanode-6/data/ratis/c179ba0f-0457-4701-900c-e1e96d9e3354: created new log segment /workdir/hadoop-ozone/integration-test/target/test-dir/MiniOzoneClusterImpl-2edbef45-7b9e-4a7f-a65a-0656f9579177/datanode-6/data/ratis/c179ba0f-0457-4701-900c-e1e96d9e3354/current/log_inprogress_0
2019-07-14 16:22:36,166 INFO  impl.FollowerState (FollowerState.java:run(106)) - b4084cd0-dfd3-47cc-abd3-b6d7189ed627:group-A4DB80B943A1 changes to CANDIDATE, lastRpcTime:5105, electionTimeout:5105ms
2019-07-14 16:22:36,175 INFO  impl.RoleInfo (RoleInfo.java:shutdownFollowerState(121)) - b4084cd0-dfd3-47cc-abd3-b6d7189ed627: shutdown FollowerState
2019-07-14 16:22:36,175 INFO  impl.RaftServerImpl (RaftServerImpl.java:setRole(171)) - b4084cd0-dfd3-47cc-abd3-b6d7189ed627:group-A4DB80B943A1 changes role from FOLLOWER to CANDIDATE at term 0 for changeToCandidate
2019-07-14 16:22:36,175 INFO  impl.RoleInfo (RoleInfo.java:updateAndGet(143)) - b4084cd0-dfd3-47cc-abd3-b6d7189ed627: start LeaderElection
2019-07-14 16:22:36,191 INFO  impl.FollowerState (FollowerState.java:run(106)) - 259243b9-6039-42e3-b80f-634026e5286a:group-E6D7D00590BF changes to CANDIDATE, lastRpcTime:5015, electionTimeout:5013ms
2019-07-14 16:22:36,192 INFO  impl.RoleInfo (RoleInfo.java:shutdownFollowerState(121)) - 259243b9-6039-42e3-b80f-634026e5286a: shutdown FollowerState
2019-07-14 16:22:36,193 INFO  impl.RaftServerImpl (RaftServerImpl.java:setRole(171)) - 259243b9-6039-42e3-b80f-634026e5286a:group-E6D7D00590BF changes role from FOLLOWER to CANDIDATE at term 0 for changeToCandidate
2019-07-14 16:22:36,193 INFO  impl.RoleInfo (RoleInfo.java:updateAndGet(143)) - 259243b9-6039-42e3-b80f-634026e5286a: start LeaderElection
2019-07-14 16:22:36,197 INFO  impl.LeaderElection (LeaderElection.java:askForVotes(181)) - b4084cd0-dfd3-47cc-abd3-b6d7189ed627:group-A4DB80B943A1:LeaderElection7: begin an election at term 1 for -1: [b4084cd0-dfd3-47cc-abd3-b6d7189ed627:192.168.69.77:38433], old=null
2019-07-14 16:22:36,197 INFO  impl.RoleInfo (RoleInfo.java:shutdownLeaderElection(134)) - b4084cd0-dfd3-47cc-abd3-b6d7189ed627: shutdown LeaderElection
2019-07-14 16:22:36,197 INFO  impl.RaftServerImpl (RaftServerImpl.java:setRole(171)) - b4084cd0-dfd3-47cc-abd3-b6d7189ed627:group-A4DB80B943A1 changes role from CANDIDATE to LEADER at term 1 for changeToLeader
2019-07-14 16:22:36,197 INFO  impl.RaftServerImpl (ServerState.java:setLeader(263)) - b4084cd0-dfd3-47cc-abd3-b6d7189ed627:group-A4DB80B943A1 change Leader from null to b4084cd0-dfd3-47cc-abd3-b6d7189ed627 at term 1 for becomeLeader, leader elected after 5142ms
2019-07-14 16:22:36,199 INFO  server.RaftServerConfigKeys (ConfUtils.java:logGet(43)) - raft.server.staging.catchup.gap = 1000 (default)
2019-07-14 16:22:36,199 INFO  server.RaftServerConfigKeys (ConfUtils.java:logGet(43)) - raft.server.rpc.sleep.time = 25ms (default)
2019-07-14 16:22:36,200 INFO  server.RaftServerConfigKeys (ConfUtils.java:logGet(43)) - raft.server.write.element-limit = 4096 (default)
2019-07-14 16:22:36,200 INFO  server.RaftServerConfigKeys (ConfUtils.java:logGet(43)) - raft.server.watch.timeout = 10s (default)
2019-07-14 16:22:36,200 INFO  server.RaftServerConfigKeys (ConfUtils.java:logGet(43)) - raft.server.watch.timeout.denomination = 1s (default)
2019-07-14 16:22:36,200 INFO  server.RaftServerConfigKeys (ConfUtils.java:logGet(43)) - raft.server.watch.element-limit = 65536 (default)
2019-07-14 16:22:36,201 INFO  impl.RoleInfo (RoleInfo.java:updateAndGet(143)) - b4084cd0-dfd3-47cc-abd3-b6d7189ed627: start LeaderState
2019-07-14 16:22:36,201 INFO  segmented.SegmentedRaftLogWorker (SegmentedRaftLogWorker.java:startLogSegment(380)) - b4084cd0-dfd3-47cc-abd3-b6d7189ed627-SegmentedRaftLogWorker:Storage Directory /workdir/hadoop-ozone/integration-test/target/test-dir/MiniOzoneClusterImpl-2edbef45-7b9e-4a7f-a65a-0656f9579177/datanode-4/data/ratis/755142d2-9b76-42c1-ba87-a4db80b943a1: Starting segment from index:0
2019-07-14 16:22:36,202 INFO  impl.RaftServerImpl (ServerState.java:setRaftConf(361)) - b4084cd0-dfd3-47cc-abd3-b6d7189ed627:group-A4DB80B943A1 set configuration 0: [b4084cd0-dfd3-47cc-abd3-b6d7189ed627:192.168.69.77:38433], old=null at 0
2019-07-14 16:22:36,223 INFO  impl.LeaderElection (LeaderElection.java:askForVotes(181)) - 259243b9-6039-42e3-b80f-634026e5286a:group-E6D7D00590BF:LeaderElection8: begin an election at term 1 for -1: [259243b9-6039-42e3-b80f-634026e5286a:192.168.69.77:32780, 60c56bdf-da6a-42ae-8761-33eb5f16d091:192.168.69.77:41737, e24d1a06-db8f-4c4a-ba2f-121659705693:192.168.69.77:36269], old=null
2019-07-14 16:22:36,236 INFO  segmented.SegmentedRaftLogWorker (SegmentedRaftLogWorker.java:execute(569)) - b4084cd0-dfd3-47cc-abd3-b6d7189ed627-SegmentedRaftLogWorker:Storage Directory /workdir/hadoop-ozone/integration-test/target/test-dir/MiniOzoneClusterImpl-2edbef45-7b9e-4a7f-a65a-0656f9579177/datanode-4/data/ratis/755142d2-9b76-42c1-ba87-a4db80b943a1: created new log segment /workdir/hadoop-ozone/integration-test/target/test-dir/MiniOzoneClusterImpl-2edbef45-7b9e-4a7f-a65a-0656f9579177/datanode-4/data/ratis/755142d2-9b76-42c1-ba87-a4db80b943a1/current/log_inprogress_0
2019-07-14 16:22:36,253 INFO  impl.RaftServerImpl (RaftServerImpl.java:setRole(171)) - 60c56bdf-da6a-42ae-8761-33eb5f16d091:group-E6D7D00590BF changes role from FOLLOWER to FOLLOWER at term 1 for recognizeCandidate:259243b9-6039-42e3-b80f-634026e5286a
2019-07-14 16:22:36,253 INFO  impl.RaftServerImpl (RaftServerImpl.java:setRole(171)) - e24d1a06-db8f-4c4a-ba2f-121659705693:group-E6D7D00590BF changes role from FOLLOWER to FOLLOWER at term 1 for recognizeCandidate:259243b9-6039-42e3-b80f-634026e5286a
2019-07-14 16:22:36,255 INFO  impl.RoleInfo (RoleInfo.java:shutdownFollowerState(121)) - e24d1a06-db8f-4c4a-ba2f-121659705693: shutdown FollowerState
2019-07-14 16:22:36,253 INFO  impl.RoleInfo (RoleInfo.java:shutdownFollowerState(121)) - 60c56bdf-da6a-42ae-8761-33eb5f16d091: shutdown FollowerState
2019-07-14 16:22:36,255 INFO  impl.RoleInfo (RoleInfo.java:updateAndGet(143)) - e24d1a06-db8f-4c4a-ba2f-121659705693: start FollowerState
2019-07-14 16:22:36,256 INFO  impl.RoleInfo (RoleInfo.java:updateAndGet(143)) - 60c56bdf-da6a-42ae-8761-33eb5f16d091: start FollowerState
2019-07-14 16:22:36,256 INFO  impl.FollowerState (FollowerState.java:run(114)) - 60c56bdf-da6a-42ae-8761-33eb5f16d091: FollowerState was interrupted: java.lang.InterruptedException: sleep interrupted
2019-07-14 16:22:36,295 INFO  impl.LeaderElection (LeaderElection.java:logAndReturn(56)) - 259243b9-6039-42e3-b80f-634026e5286a:group-E6D7D00590BF:LeaderElection8: Election PASSED; received 1 response(s) [259243b9-6039-42e3-b80f-634026e5286a<-60c56bdf-da6a-42ae-8761-33eb5f16d091#0:OK-t1] and 0 exception(s); 259243b9-6039-42e3-b80f-634026e5286a:t1, leader=null, voted=259243b9-6039-42e3-b80f-634026e5286a, raftlog=259243b9-6039-42e3-b80f-634026e5286a-SegmentedRaftLog:OPENED:c-1,f-1,i0, conf=-1: [259243b9-6039-42e3-b80f-634026e5286a:192.168.69.77:32780, 60c56bdf-da6a-42ae-8761-33eb5f16d091:192.168.69.77:41737, e24d1a06-db8f-4c4a-ba2f-121659705693:192.168.69.77:36269], old=null
2019-07-14 16:22:36,296 INFO  impl.RoleInfo (RoleInfo.java:shutdownLeaderElection(134)) - 259243b9-6039-42e3-b80f-634026e5286a: shutdown LeaderElection
2019-07-14 16:22:36,296 INFO  impl.RaftServerImpl (RaftServerImpl.java:setRole(171)) - 259243b9-6039-42e3-b80f-634026e5286a:group-E6D7D00590BF changes role from CANDIDATE to LEADER at term 1 for changeToLeader
2019-07-14 16:22:36,299 INFO  impl.RaftServerImpl (ServerState.java:setLeader(263)) - 259243b9-6039-42e3-b80f-634026e5286a:group-E6D7D00590BF change Leader from null to 259243b9-6039-42e3-b80f-634026e5286a at term 1 for becomeLeader, leader elected after 5144ms
2019-07-14 16:22:36,299 INFO  server.RaftServerConfigKeys (ConfUtils.java:logGet(43)) - raft.server.staging.catchup.gap = 1000 (default)
2019-07-14 16:22:36,299 INFO  server.RaftServerConfigKeys (ConfUtils.java:logGet(43)) - raft.server.rpc.sleep.time = 25ms (default)
2019-07-14 16:22:36,300 INFO  server.RaftServerConfigKeys (ConfUtils.java:logGet(43)) - raft.server.write.element-limit = 4096 (default)
2019-07-14 16:22:36,300 INFO  server.RaftServerConfigKeys (ConfUtils.java:logGet(43)) - raft.server.watch.timeout = 10s (default)
2019-07-14 16:22:36,300 INFO  server.RaftServerConfigKeys (ConfUtils.java:logGet(43)) - raft.server.watch.timeout.denomination = 1s (default)
2019-07-14 16:22:36,300 INFO  server.RaftServerConfigKeys (ConfUtils.java:logGet(43)) - raft.server.watch.element-limit = 65536 (default)
2019-07-14 16:22:36,303 INFO  server.RaftServerConfigKeys (ConfUtils.java:logGet(43)) - raft.server.log.appender.snapshot.chunk.size.max = 16MB (=16777216) (default)
2019-07-14 16:22:36,303 INFO  server.RaftServerConfigKeys (ConfUtils.java:logGet(43)) - raft.server.log.appender.buffer.byte-limit = 33554432 (custom)
2019-07-14 16:22:36,304 INFO  server.RaftServerConfigKeys (ConfUtils.java:logGet(43)) - raft.server.log.appender.buffer.element-limit = 1 (custom)
2019-07-14 16:22:36,309 INFO  grpc.GrpcConfigKeys$Server (ConfUtils.java:logGet(43)) - raft.grpc.server.leader.outstanding.appends.max = 128 (default)
2019-07-14 16:22:36,311 INFO  server.RaftServerConfigKeys (ConfUtils.java:logGet(43)) - raft.server.rpc.request.timeout = 3000ms (default)
2019-07-14 16:22:36,311 INFO  server.RaftServerConfigKeys (ConfUtils.java:logGet(43)) - raft.server.log.appender.install.snapshot.enabled = false (custom)
2019-07-14 16:22:36,311 INFO  server.RaftServerConfigKeys (ConfUtils.java:logGet(43)) - raft.server.log.appender.snapshot.chunk.size.max = 16MB (=16777216) (default)
2019-07-14 16:22:36,311 INFO  server.RaftServerConfigKeys (ConfUtils.java:logGet(43)) - raft.server.log.appender.buffer.byte-limit = 33554432 (custom)
2019-07-14 16:22:36,311 INFO  server.RaftServerConfigKeys (ConfUtils.java:logGet(43)) - raft.server.log.appender.buffer.element-limit = 1 (custom)
2019-07-14 16:22:36,312 INFO  grpc.GrpcConfigKeys$Server (ConfUtils.java:logGet(43)) - raft.grpc.server.leader.outstanding.appends.max = 128 (default)
2019-07-14 16:22:36,312 INFO  server.RaftServerConfigKeys (ConfUtils.java:logGet(43)) - raft.server.rpc.request.timeout = 3000ms (default)
2019-07-14 16:22:36,312 INFO  server.RaftServerConfigKeys (ConfUtils.java:logGet(43)) - raft.server.log.appender.install.snapshot.enabled = false (custom)
2019-07-14 16:22:36,321 INFO  impl.RoleInfo (RoleInfo.java:updateAndGet(143)) - 259243b9-6039-42e3-b80f-634026e5286a: start LeaderState
2019-07-14 16:22:36,322 INFO  segmented.SegmentedRaftLogWorker (SegmentedRaftLogWorker.java:startLogSegment(380)) - 259243b9-6039-42e3-b80f-634026e5286a-SegmentedRaftLogWorker:Storage Directory /workdir/hadoop-ozone/integration-test/target/test-dir/MiniOzoneClusterImpl-2edbef45-7b9e-4a7f-a65a-0656f9579177/datanode-1/data/ratis/1e98575f-7b47-4259-b464-e6d7d00590bf: Starting segment from index:0
2019-07-14 16:22:36,322 INFO  client.GrpcClientProtocolClient (GrpcClientProtocolClient.java:onNext(255)) - client-97F3A1C803B3->259243b9-6039-42e3-b80f-634026e5286a: receive RaftClientReply:client-97F3A1C803B3->259243b9-6039-42e3-b80f-634026e5286a@group-E6D7D00590BF, cid=13, FAILED org.apache.ratis.protocol.LeaderNotReadyException: 259243b9-6039-42e3-b80f-634026e5286a is in LEADER state but not ready yet., logIndex=0, commits[259243b9-6039-42e3-b80f-634026e5286a:c-1]
2019-07-14 16:22:36,329 INFO  impl.RaftServerImpl (ServerState.java:setRaftConf(361)) - 259243b9-6039-42e3-b80f-634026e5286a:group-E6D7D00590BF set configuration 0: [259243b9-6039-42e3-b80f-634026e5286a:192.168.69.77:32780, 60c56bdf-da6a-42ae-8761-33eb5f16d091:192.168.69.77:41737, e24d1a06-db8f-4c4a-ba2f-121659705693:192.168.69.77:36269], old=null at 0
2019-07-14 16:22:36,349 INFO  impl.FollowerState (FollowerState.java:run(106)) - 25deb60a-f789-4a4e-b6ba-3ca345ca0b36:group-60A91F3702E7 changes to CANDIDATE, lastRpcTime:5070, electionTimeout:5052ms
2019-07-14 16:22:36,349 INFO  impl.RoleInfo (RoleInfo.java:shutdownFollowerState(121)) - 25deb60a-f789-4a4e-b6ba-3ca345ca0b36: shutdown FollowerState
2019-07-14 16:22:36,349 INFO  impl.RaftServerImpl (RaftServerImpl.java:setRole(171)) - 25deb60a-f789-4a4e-b6ba-3ca345ca0b36:group-60A91F3702E7 changes role from FOLLOWER to CANDIDATE at term 0 for changeToCandidate
2019-07-14 16:22:36,351 INFO  impl.RoleInfo (RoleInfo.java:updateAndGet(143)) - 25deb60a-f789-4a4e-b6ba-3ca345ca0b36: start LeaderElection
2019-07-14 16:22:36,361 INFO  segmented.SegmentedRaftLogWorker (SegmentedRaftLogWorker.java:execute(569)) - 259243b9-6039-42e3-b80f-634026e5286a-SegmentedRaftLogWorker:Storage Directory /workdir/hadoop-ozone/integration-test/target/test-dir/MiniOzoneClusterImpl-2edbef45-7b9e-4a7f-a65a-0656f9579177/datanode-1/data/ratis/1e98575f-7b47-4259-b464-e6d7d00590bf: created new log segment /workdir/hadoop-ozone/integration-test/target/test-dir/MiniOzoneClusterImpl-2edbef45-7b9e-4a7f-a65a-0656f9579177/datanode-1/data/ratis/1e98575f-7b47-4259-b464-e6d7d00590bf/current/log_inprogress_0
2019-07-14 16:22:36,361 INFO  impl.LeaderElection (LeaderElection.java:askForVotes(181)) - 25deb60a-f789-4a4e-b6ba-3ca345ca0b36:group-60A91F3702E7:LeaderElection9: begin an election at term 1 for -1: [fcda3341-7621-4c44-89cf-bedd6be6e42f:192.168.69.77:37175, 25deb60a-f789-4a4e-b6ba-3ca345ca0b36:192.168.69.77:42953, 2a4def33-c6bb-4d23-acc8-c73d8180b8aa:192.168.69.77:41637], old=null
2019-07-14 16:22:36,376 INFO  impl.RaftServerImpl (ServerState.java:setLeader(263)) - 60c56bdf-da6a-42ae-8761-33eb5f16d091:group-E6D7D00590BF change Leader from null to 259243b9-6039-42e3-b80f-634026e5286a at term 1 for appendEntries, leader elected after 5221ms
2019-07-14 16:22:36,378 INFO  impl.RaftServerImpl (ServerState.java:setLeader(263)) - e24d1a06-db8f-4c4a-ba2f-121659705693:group-E6D7D00590BF change Leader from null to 259243b9-6039-42e3-b80f-634026e5286a at term 1 for appendEntries, leader elected after 5223ms
2019-07-14 16:22:36,386 INFO  impl.FollowerState (FollowerState.java:run(106)) - fcda3341-7621-4c44-89cf-bedd6be6e42f:group-60A91F3702E7 changes to CANDIDATE, lastRpcTime:5100, electionTimeout:5098ms
2019-07-14 16:22:36,386 INFO  impl.RoleInfo (RoleInfo.java:shutdownFollowerState(121)) - fcda3341-7621-4c44-89cf-bedd6be6e42f: shutdown FollowerState
2019-07-14 16:22:36,386 INFO  impl.RaftServerImpl (RaftServerImpl.java:setRole(171)) - fcda3341-7621-4c44-89cf-bedd6be6e42f:group-60A91F3702E7 changes role from FOLLOWER to CANDIDATE at term 0 for changeToCandidate
2019-07-14 16:22:36,386 INFO  impl.RoleInfo (RoleInfo.java:updateAndGet(143)) - fcda3341-7621-4c44-89cf-bedd6be6e42f: start LeaderElection
2019-07-14 16:22:36,388 INFO  impl.RaftServerImpl (RaftServerImpl.java:setRole(171)) - 2a4def33-c6bb-4d23-acc8-c73d8180b8aa:group-60A91F3702E7 changes role from FOLLOWER to FOLLOWER at term 1 for recognizeCandidate:25deb60a-f789-4a4e-b6ba-3ca345ca0b36
2019-07-14 16:22:36,388 INFO  impl.RoleInfo (RoleInfo.java:shutdownFollowerState(121)) - 2a4def33-c6bb-4d23-acc8-c73d8180b8aa: shutdown FollowerState
2019-07-14 16:22:36,390 INFO  impl.RaftServerImpl (RaftServerImpl.java:setRole(171)) - fcda3341-7621-4c44-89cf-bedd6be6e42f:group-60A91F3702E7 changes role from CANDIDATE to FOLLOWER at term 1 for recognizeCandidate:25deb60a-f789-4a4e-b6ba-3ca345ca0b36
2019-07-14 16:22:36,390 INFO  impl.FollowerState (FollowerState.java:run(114)) - 2a4def33-c6bb-4d23-acc8-c73d8180b8aa: FollowerState was interrupted: java.lang.InterruptedException: sleep interrupted
2019-07-14 16:22:36,390 INFO  impl.RoleInfo (RoleInfo.java:shutdownLeaderElection(134)) - fcda3341-7621-4c44-89cf-bedd6be6e42f: shutdown LeaderElection
2019-07-14 16:22:36,392 INFO  impl.RoleInfo (RoleInfo.java:updateAndGet(143)) - 2a4def33-c6bb-4d23-acc8-c73d8180b8aa: start FollowerState
2019-07-14 16:22:36,393 INFO  impl.RoleInfo (RoleInfo.java:updateAndGet(143)) - fcda3341-7621-4c44-89cf-bedd6be6e42f: start FollowerState
2019-07-14 16:22:36,416 INFO  impl.LeaderElection (LeaderElection.java:logAndReturn(56)) - 25deb60a-f789-4a4e-b6ba-3ca345ca0b36:group-60A91F3702E7:LeaderElection9: Election PASSED; received 2 response(s) [25deb60a-f789-4a4e-b6ba-3ca345ca0b36<-fcda3341-7621-4c44-89cf-bedd6be6e42f#0:FAIL-t1, 25deb60a-f789-4a4e-b6ba-3ca345ca0b36<-2a4def33-c6bb-4d23-acc8-c73d8180b8aa#0:OK-t1] and 0 exception(s); 25deb60a-f789-4a4e-b6ba-3ca345ca0b36:t1, leader=null, voted=25deb60a-f789-4a4e-b6ba-3ca345ca0b36, raftlog=25deb60a-f789-4a4e-b6ba-3ca345ca0b36-SegmentedRaftLog:OPENED:c-1,f-1,i0, conf=-1: [fcda3341-7621-4c44-89cf-bedd6be6e42f:192.168.69.77:37175, 25deb60a-f789-4a4e-b6ba-3ca345ca0b36:192.168.69.77:42953, 2a4def33-c6bb-4d23-acc8-c73d8180b8aa:192.168.69.77:41637], old=null
2019-07-14 16:22:36,416 INFO  impl.RoleInfo (RoleInfo.java:shutdownLeaderElection(134)) - 25deb60a-f789-4a4e-b6ba-3ca345ca0b36: shutdown LeaderElection
2019-07-14 16:22:36,420 INFO  impl.RaftServerImpl (RaftServerImpl.java:setRole(171)) - 25deb60a-f789-4a4e-b6ba-3ca345ca0b36:group-60A91F3702E7 changes role from CANDIDATE to LEADER at term 1 for changeToLeader
2019-07-14 16:22:36,420 INFO  impl.RaftServerImpl (ServerState.java:setLeader(263)) - 25deb60a-f789-4a4e-b6ba-3ca345ca0b36:group-60A91F3702E7 change Leader from null to 25deb60a-f789-4a4e-b6ba-3ca345ca0b36 at term 1 for becomeLeader, leader elected after 5153ms
2019-07-14 16:22:36,420 INFO  server.RaftServerConfigKeys (ConfUtils.java:logGet(43)) - raft.server.staging.catchup.gap = 1000 (default)
2019-07-14 16:22:36,420 INFO  server.RaftServerConfigKeys (ConfUtils.java:logGet(43)) - raft.server.rpc.sleep.time = 25ms (default)
2019-07-14 16:22:36,422 INFO  server.RaftServerConfigKeys (ConfUtils.java:logGet(43)) - raft.server.write.element-limit = 4096 (default)
2019-07-14 16:22:36,422 INFO  server.RaftServerConfigKeys (ConfUtils.java:logGet(43)) - raft.server.watch.timeout = 10s (default)
2019-07-14 16:22:36,422 INFO  server.RaftServerConfigKeys (ConfUtils.java:logGet(43)) - raft.server.watch.timeout.denomination = 1s (default)
2019-07-14 16:22:36,423 INFO  server.RaftServerConfigKeys (ConfUtils.java:logGet(43)) - raft.server.watch.element-limit = 65536 (default)
2019-07-14 16:22:36,423 INFO  server.RaftServerConfigKeys (ConfUtils.java:logGet(43)) - raft.server.log.appender.snapshot.chunk.size.max = 16MB (=16777216) (default)
2019-07-14 16:22:36,423 INFO  server.RaftServerConfigKeys (ConfUtils.java:logGet(43)) - raft.server.log.appender.buffer.byte-limit = 33554432 (custom)
2019-07-14 16:22:36,423 INFO  server.RaftServerConfigKeys (ConfUtils.java:logGet(43)) - raft.server.log.appender.buffer.element-limit = 1 (custom)
2019-07-14 16:22:36,424 INFO  grpc.GrpcConfigKeys$Server (ConfUtils.java:logGet(43)) - raft.grpc.server.leader.outstanding.appends.max = 128 (default)
2019-07-14 16:22:36,424 INFO  server.RaftServerConfigKeys (ConfUtils.java:logGet(43)) - raft.server.rpc.request.timeout = 3000ms (default)
2019-07-14 16:22:36,424 INFO  server.RaftServerConfigKeys (ConfUtils.java:logGet(43)) - raft.server.log.appender.install.snapshot.enabled = false (custom)
2019-07-14 16:22:36,424 INFO  server.RaftServerConfigKeys (ConfUtils.java:logGet(43)) - raft.server.log.appender.snapshot.chunk.size.max = 16MB (=16777216) (default)
2019-07-14 16:22:36,425 INFO  server.RaftServerConfigKeys (ConfUtils.java:logGet(43)) - raft.server.log.appender.buffer.byte-limit = 33554432 (custom)
2019-07-14 16:22:36,425 INFO  server.RaftServerConfigKeys (ConfUtils.java:logGet(43)) - raft.server.log.appender.buffer.element-limit = 1 (custom)
2019-07-14 16:22:36,425 INFO  grpc.GrpcConfigKeys$Server (ConfUtils.java:logGet(43)) - raft.grpc.server.leader.outstanding.appends.max = 128 (default)
2019-07-14 16:22:36,425 INFO  server.RaftServerConfigKeys (ConfUtils.java:logGet(43)) - raft.server.rpc.request.timeout = 3000ms (default)
2019-07-14 16:22:36,426 INFO  server.RaftServerConfigKeys (ConfUtils.java:logGet(43)) - raft.server.log.appender.install.snapshot.enabled = false (custom)
2019-07-14 16:22:36,426 INFO  impl.RoleInfo (RoleInfo.java:updateAndGet(143)) - 25deb60a-f789-4a4e-b6ba-3ca345ca0b36: start LeaderState
2019-07-14 16:22:36,426 INFO  segmented.SegmentedRaftLogWorker (SegmentedRaftLogWorker.java:startLogSegment(380)) - 25deb60a-f789-4a4e-b6ba-3ca345ca0b36-SegmentedRaftLogWorker:Storage Directory /workdir/hadoop-ozone/integration-test/target/test-dir/MiniOzoneClusterImpl-2edbef45-7b9e-4a7f-a65a-0656f9579177/datanode-6/data/ratis/ad413c79-f09f-4ae4-bc3e-60a91f3702e7: Starting segment from index:0
2019-07-14 16:22:36,427 INFO  impl.RaftServerImpl (ServerState.java:setRaftConf(361)) - 25deb60a-f789-4a4e-b6ba-3ca345ca0b36:group-60A91F3702E7 set configuration 0: [fcda3341-7621-4c44-89cf-bedd6be6e42f:192.168.69.77:37175, 25deb60a-f789-4a4e-b6ba-3ca345ca0b36:192.168.69.77:42953, 2a4def33-c6bb-4d23-acc8-c73d8180b8aa:192.168.69.77:41637], old=null at 0
2019-07-14 16:22:36,445 INFO  impl.LeaderElection (LeaderElection.java:askForVotes(181)) - fcda3341-7621-4c44-89cf-bedd6be6e42f:group-60A91F3702E7:LeaderElection10: begin an election at term 2 for -1: [fcda3341-7621-4c44-89cf-bedd6be6e42f:192.168.69.77:37175, 25deb60a-f789-4a4e-b6ba-3ca345ca0b36:192.168.69.77:42953, 2a4def33-c6bb-4d23-acc8-c73d8180b8aa:192.168.69.77:41637], old=null
2019-07-14 16:22:36,447 INFO  impl.LeaderElection (LeaderElection.java:logAndReturn(56)) - fcda3341-7621-4c44-89cf-bedd6be6e42f:group-60A91F3702E7:LeaderElection10: Election REJECTED; received 0 response(s) [] and 0 exception(s); fcda3341-7621-4c44-89cf-bedd6be6e42f:t2, leader=null, voted=fcda3341-7621-4c44-89cf-bedd6be6e42f, raftlog=fcda3341-7621-4c44-89cf-bedd6be6e42f-SegmentedRaftLog:OPENED:c-1,f-1,i0, conf=-1: [fcda3341-7621-4c44-89cf-bedd6be6e42f:192.168.69.77:37175, 25deb60a-f789-4a4e-b6ba-3ca345ca0b36:192.168.69.77:42953, 2a4def33-c6bb-4d23-acc8-c73d8180b8aa:192.168.69.77:41637], old=null
2019-07-14 16:22:36,456 INFO  impl.RaftServerImpl (ServerState.java:setLeader(263)) - 2a4def33-c6bb-4d23-acc8-c73d8180b8aa:group-60A91F3702E7 change Leader from null to 25deb60a-f789-4a4e-b6ba-3ca345ca0b36 at term 1 for appendEntries, leader elected after 5189ms
2019-07-14 16:22:36,458 INFO  segmented.SegmentedRaftLogWorker (SegmentedRaftLogWorker.java:execute(569)) - 25deb60a-f789-4a4e-b6ba-3ca345ca0b36-SegmentedRaftLogWorker:Storage Directory /workdir/hadoop-ozone/integration-test/target/test-dir/MiniOzoneClusterImpl-2edbef45-7b9e-4a7f-a65a-0656f9579177/datanode-6/data/ratis/ad413c79-f09f-4ae4-bc3e-60a91f3702e7: created new log segment /workdir/hadoop-ozone/integration-test/target/test-dir/MiniOzoneClusterImpl-2edbef45-7b9e-4a7f-a65a-0656f9579177/datanode-6/data/ratis/ad413c79-f09f-4ae4-bc3e-60a91f3702e7/current/log_inprogress_0
2019-07-14 16:22:36,460 INFO  impl.RaftServerImpl (ServerState.java:setLeader(263)) - 25deb60a-f789-4a4e-b6ba-3ca345ca0b36:group-60A91F3702E7 change Leader from 25deb60a-f789-4a4e-b6ba-3ca345ca0b36 to null at term 2 for updateCurrentTerm
2019-07-14 16:22:36,460 INFO  impl.RaftServerImpl (RaftServerImpl.java:setRole(171)) - 25deb60a-f789-4a4e-b6ba-3ca345ca0b36:group-60A91F3702E7 changes role from LEADER to FOLLOWER at term 2 for stepDown
2019-07-14 16:22:36,460 INFO  impl.RoleInfo (RoleInfo.java:shutdownLeaderState(104)) - 25deb60a-f789-4a4e-b6ba-3ca345ca0b36: shutdown LeaderState
2019-07-14 16:22:36,461 INFO  impl.RaftServerImpl (ServerState.java:setRaftConf(361)) - 60c56bdf-da6a-42ae-8761-33eb5f16d091:group-E6D7D00590BF set configuration 0: [259243b9-6039-42e3-b80f-634026e5286a:192.168.69.77:32780, 60c56bdf-da6a-42ae-8761-33eb5f16d091:192.168.69.77:41737, e24d1a06-db8f-4c4a-ba2f-121659705693:192.168.69.77:36269], old=null at 0
2019-07-14 16:22:36,465 INFO  impl.PendingRequests (PendingRequests.java:sendNotLeaderResponses(202)) - 25deb60a-f789-4a4e-b6ba-3ca345ca0b36-PendingRequests: sendNotLeaderResponses
2019-07-14 16:22:36,461 INFO  impl.RaftServerImpl (ServerState.java:setRaftConf(361)) - e24d1a06-db8f-4c4a-ba2f-121659705693:group-E6D7D00590BF set configuration 0: [259243b9-6039-42e3-b80f-634026e5286a:192.168.69.77:32780, 60c56bdf-da6a-42ae-8761-33eb5f16d091:192.168.69.77:41737, e24d1a06-db8f-4c4a-ba2f-121659705693:192.168.69.77:36269], old=null at 0
2019-07-14 16:22:36,465 WARN  server.GrpcLogAppender (GrpcLogAppender.java:mayWait(143)) - GrpcLogAppender(25deb60a-f789-4a4e-b6ba-3ca345ca0b36->2a4def33-c6bb-4d23-acc8-c73d8180b8aa): Wait interrupted by java.lang.InterruptedException
2019-07-14 16:22:36,465 WARN  server.GrpcLogAppender (GrpcLogAppender.java:mayWait(143)) - GrpcLogAppender(25deb60a-f789-4a4e-b6ba-3ca345ca0b36->fcda3341-7621-4c44-89cf-bedd6be6e42f): Wait interrupted by java.lang.InterruptedException
2019-07-14 16:22:36,465 INFO  segmented.SegmentedRaftLogWorker (SegmentedRaftLogWorker.java:startLogSegment(380)) - 60c56bdf-da6a-42ae-8761-33eb5f16d091-SegmentedRaftLogWorker:Storage Directory /workdir/hadoop-ozone/integration-test/target/test-dir/MiniOzoneClusterImpl-2edbef45-7b9e-4a7f-a65a-0656f9579177/datanode-2/data/ratis/1e98575f-7b47-4259-b464-e6d7d00590bf: Starting segment from index:0
2019-07-14 16:22:36,467 INFO  segmented.SegmentedRaftLogWorker (SegmentedRaftLogWorker.java:startLogSegment(380)) - e24d1a06-db8f-4c4a-ba2f-121659705693-SegmentedRaftLogWorker:Storage Directory /workdir/hadoop-ozone/integration-test/target/test-dir/MiniOzoneClusterImpl-2edbef45-7b9e-4a7f-a65a-0656f9579177/datanode-3/data/ratis/1e98575f-7b47-4259-b464-e6d7d00590bf: Starting segment from index:0
2019-07-14 16:22:36,472 INFO  impl.RoleInfo (RoleInfo.java:updateAndGet(143)) - 25deb60a-f789-4a4e-b6ba-3ca345ca0b36: start FollowerState
2019-07-14 16:22:36,493 INFO  server.GrpcServerProtocolService (GrpcServerProtocolService.java:onCompleted(104)) - 2a4def33-c6bb-4d23-acc8-c73d8180b8aa: appendEntries completed
2019-07-14 16:22:36,493 INFO  impl.RaftServerImpl (ServerState.java:setLeader(263)) - 2a4def33-c6bb-4d23-acc8-c73d8180b8aa:group-60A91F3702E7 change Leader from 25deb60a-f789-4a4e-b6ba-3ca345ca0b36 to null at term 2 for updateCurrentTerm
2019-07-14 16:22:36,502 INFO  impl.RaftServerImpl (RaftServerImpl.java:setRole(171)) - 2a4def33-c6bb-4d23-acc8-c73d8180b8aa:group-60A91F3702E7 changes role from FOLLOWER to FOLLOWER at term 2 for recognizeCandidate:fcda3341-7621-4c44-89cf-bedd6be6e42f
2019-07-14 16:22:36,493 INFO  server.GrpcServerProtocolService (GrpcServerProtocolService.java:onCompleted(104)) - fcda3341-7621-4c44-89cf-bedd6be6e42f: appendEntries completed
2019-07-14 16:22:36,503 INFO  impl.RoleInfo (RoleInfo.java:shutdownFollowerState(121)) - 2a4def33-c6bb-4d23-acc8-c73d8180b8aa: shutdown FollowerState
2019-07-14 16:22:36,505 INFO  impl.RoleInfo (RoleInfo.java:updateAndGet(143)) - 2a4def33-c6bb-4d23-acc8-c73d8180b8aa: start FollowerState
2019-07-14 16:22:36,505 INFO  server.GrpcLogAppender (GrpcLogAppender.java:onCompleted(292)) - 25deb60a-f789-4a4e-b6ba-3ca345ca0b36->2a4def33-c6bb-4d23-acc8-c73d8180b8aa: follower responses appendEntries COMPLETED
2019-07-14 16:22:36,505 INFO  impl.FollowerState (FollowerState.java:run(114)) - 2a4def33-c6bb-4d23-acc8-c73d8180b8aa: FollowerState was interrupted: java.lang.InterruptedException: sleep interrupted
2019-07-14 16:22:36,508 INFO  impl.RaftServerImpl (RaftServerImpl.java:setRole(171)) - 25deb60a-f789-4a4e-b6ba-3ca345ca0b36:group-60A91F3702E7 changes role from FOLLOWER to FOLLOWER at term 2 for recognizeCandidate:fcda3341-7621-4c44-89cf-bedd6be6e42f
2019-07-14 16:22:36,512 INFO  impl.RoleInfo (RoleInfo.java:shutdownFollowerState(121)) - 25deb60a-f789-4a4e-b6ba-3ca345ca0b36: shutdown FollowerState
2019-07-14 16:22:36,508 INFO  segmented.SegmentedRaftLogWorker (SegmentedRaftLogWorker.java:execute(569)) - e24d1a06-db8f-4c4a-ba2f-121659705693-SegmentedRaftLogWorker:Storage Directory /workdir/hadoop-ozone/integration-test/target/test-dir/MiniOzoneClusterImpl-2edbef45-7b9e-4a7f-a65a-0656f9579177/datanode-3/data/ratis/1e98575f-7b47-4259-b464-e6d7d00590bf: created new log segment /workdir/hadoop-ozone/integration-test/target/test-dir/MiniOzoneClusterImpl-2edbef45-7b9e-4a7f-a65a-0656f9579177/datanode-3/data/ratis/1e98575f-7b47-4259-b464-e6d7d00590bf/current/log_inprogress_0
2019-07-14 16:22:36,508 INFO  segmented.SegmentedRaftLogWorker (SegmentedRaftLogWorker.java:execute(569)) - 60c56bdf-da6a-42ae-8761-33eb5f16d091-SegmentedRaftLogWorker:Storage Directory /workdir/hadoop-ozone/integration-test/target/test-dir/MiniOzoneClusterImpl-2edbef45-7b9e-4a7f-a65a-0656f9579177/datanode-2/data/ratis/1e98575f-7b47-4259-b464-e6d7d00590bf: created new log segment /workdir/hadoop-ozone/integration-test/target/test-dir/MiniOzoneClusterImpl-2edbef45-7b9e-4a7f-a65a-0656f9579177/datanode-2/data/ratis/1e98575f-7b47-4259-b464-e6d7d00590bf/current/log_inprogress_0
2019-07-14 16:22:36,508 INFO  server.GrpcLogAppender (GrpcLogAppender.java:onCompleted(292)) - 25deb60a-f789-4a4e-b6ba-3ca345ca0b36->fcda3341-7621-4c44-89cf-bedd6be6e42f: follower responses appendEntries COMPLETED
2019-07-14 16:22:36,515 INFO  impl.FollowerInfo (FollowerInfo.java:lambda$new$0(50)) - 25deb60a-f789-4a4e-b6ba-3ca345ca0b36->2a4def33-c6bb-4d23-acc8-c73d8180b8aa: nextIndex: updateUnconditionally 1 -> 0
2019-07-14 16:22:36,513 INFO  impl.FollowerState (FollowerState.java:run(114)) - 25deb60a-f789-4a4e-b6ba-3ca345ca0b36: FollowerState was interrupted: java.lang.InterruptedException: sleep interrupted
2019-07-14 16:22:36,513 INFO  impl.RoleInfo (RoleInfo.java:updateAndGet(143)) - 25deb60a-f789-4a4e-b6ba-3ca345ca0b36: start FollowerState
2019-07-14 16:22:36,517 INFO  impl.FollowerInfo (FollowerInfo.java:lambda$new$0(50)) - 25deb60a-f789-4a4e-b6ba-3ca345ca0b36->fcda3341-7621-4c44-89cf-bedd6be6e42f: nextIndex: updateUnconditionally 0 -> 0
2019-07-14 16:22:38,600 INFO  client.GrpcClientProtocolClient (GrpcClientProtocolClient.java:onNext(255)) - client-97F3A1C803B3->259243b9-6039-42e3-b80f-634026e5286a: receive RaftClientReply:client-97F3A1C803B3->259243b9-6039-42e3-b80f-634026e5286a@group-E6D7D00590BF, cid=13, SUCCESS, logIndex=1, commits[259243b9-6039-42e3-b80f-634026e5286a:c1, 60c56bdf-da6a-42ae-8761-33eb5f16d091:c0, e24d1a06-db8f-4c4a-ba2f-121659705693:c0]
2019-07-14 16:22:38,637 INFO  client.GrpcClientProtocolClient (GrpcClientProtocolClient.java:onNext(255)) - client-97F3A1C803B3->259243b9-6039-42e3-b80f-634026e5286a: receive RaftClientReply:client-97F3A1C803B3->259243b9-6039-42e3-b80f-634026e5286a@group-E6D7D00590BF, cid=14, SUCCESS, logIndex=3, commits[259243b9-6039-42e3-b80f-634026e5286a:c3, 60c56bdf-da6a-42ae-8761-33eb5f16d091:c2, e24d1a06-db8f-4c4a-ba2f-121659705693:c2]
2019-07-14 16:22:38,742 INFO  client.GrpcClientProtocolClient (GrpcClientProtocolClient.java:onNext(255)) - client-97F3A1C803B3->259243b9-6039-42e3-b80f-634026e5286a: receive RaftClientReply:client-97F3A1C803B3->259243b9-6039-42e3-b80f-634026e5286a@group-E6D7D00590BF, cid=15, SUCCESS, logIndex=4, commits[259243b9-6039-42e3-b80f-634026e5286a:c12, 60c56bdf-da6a-42ae-8761-33eb5f16d091:c7, e24d1a06-db8f-4c4a-ba2f-121659705693:c7]
2019-07-14 16:22:38,745 INFO  client.GrpcClientProtocolClient (GrpcClientProtocolClient.java:onNext(255)) - client-97F3A1C803B3->259243b9-6039-42e3-b80f-634026e5286a: receive RaftClientReply:client-97F3A1C803B3->259243b9-6039-42e3-b80f-634026e5286a@group-E6D7D00590BF, cid=16, SUCCESS, logIndex=5, commits[259243b9-6039-42e3-b80f-634026e5286a:c12, 60c56bdf-da6a-42ae-8761-33eb5f16d091:c7, e24d1a06-db8f-4c4a-ba2f-121659705693:c7]
2019-07-14 16:22:38,746 INFO  client.GrpcClientProtocolClient (GrpcClientProtocolClient.java:onNext(255)) - client-97F3A1C803B3->259243b9-6039-42e3-b80f-634026e5286a: receive RaftClientReply:client-97F3A1C803B3->259243b9-6039-42e3-b80f-634026e5286a@group-E6D7D00590BF, cid=17, SUCCESS, logIndex=6, commits[259243b9-6039-42e3-b80f-634026e5286a:c12, 60c56bdf-da6a-42ae-8761-33eb5f16d091:c7, e24d1a06-db8f-4c4a-ba2f-121659705693:c7]
2019-07-14 16:22:38,789 INFO  client.GrpcClientProtocolClient (GrpcClientProtocolClient.java:onNext(255)) - client-97F3A1C803B3->259243b9-6039-42e3-b80f-634026e5286a: receive RaftClientReply:client-97F3A1C803B3->259243b9-6039-42e3-b80f-634026e5286a@group-E6D7D00590BF, cid=18, SUCCESS, logIndex=7, commits[259243b9-6039-42e3-b80f-634026e5286a:c12, 60c56bdf-da6a-42ae-8761-33eb5f16d091:c7, e24d1a06-db8f-4c4a-ba2f-121659705693:c7]
2019-07-14 16:22:38,821 INFO  client.GrpcClientProtocolClient (GrpcClientProtocolClient.java:onNext(255)) - client-97F3A1C803B3->259243b9-6039-42e3-b80f-634026e5286a: receive RaftClientReply:client-97F3A1C803B3->259243b9-6039-42e3-b80f-634026e5286a@group-E6D7D00590BF, cid=19, SUCCESS, logIndex=13, commits[259243b9-6039-42e3-b80f-634026e5286a:c13, 60c56bdf-da6a-42ae-8761-33eb5f16d091:c12, e24d1a06-db8f-4c4a-ba2f-121659705693:c12]
2019-07-14 16:22:38,837 INFO  client.GrpcClientProtocolClient (GrpcClientProtocolClient.java:onNext(255)) - client-97F3A1C803B3->259243b9-6039-42e3-b80f-634026e5286a: receive RaftClientReply:client-97F3A1C803B3->259243b9-6039-42e3-b80f-634026e5286a@group-E6D7D00590BF, cid=20, SUCCESS, logIndex=14, commits[259243b9-6039-42e3-b80f-634026e5286a:c15, 60c56bdf-da6a-42ae-8761-33eb5f16d091:c13, e24d1a06-db8f-4c4a-ba2f-121659705693:c12]
2019-07-14 16:22:38,858 INFO  client.GrpcClientProtocolClient (GrpcClientProtocolClient.java:onNext(255)) - client-97F3A1C803B3->259243b9-6039-42e3-b80f-634026e5286a: receive RaftClientReply:client-97F3A1C803B3->259243b9-6039-42e3-b80f-634026e5286a@group-E6D7D00590BF, cid=21, SUCCESS, logIndex=0, commits[259243b9-6039-42e3-b80f-634026e5286a:c16, 60c56bdf-da6a-42ae-8761-33eb5f16d091:c14, e24d1a06-db8f-4c4a-ba2f-121659705693:c14]
2019-07-14 16:22:38,859 INFO  datanode.ObjectStoreHandler (ObjectStoreHandler.java:close(155)) - Closing ObjectStoreHandler.
2019-07-14 16:22:38,860 INFO  ozone.HddsDatanodeService (HddsDatanodeService.java:stop(452)) - Stopped plug-in org.apache.hadoop.ozone.web.OzoneHddsDatanodeService@1f10fec6
2019-07-14 16:22:39,499 INFO  statemachine.DatanodeStateMachine (DatanodeStateMachine.java:lambda$startDaemon$0(350)) - Ozone container server started.
2019-07-14 16:22:41,473 INFO  impl.FollowerState (FollowerState.java:run(106)) - fcda3341-7621-4c44-89cf-bedd6be6e42f:group-60A91F3702E7 changes to CANDIDATE, lastRpcTime:5079, electionTimeout:5077ms
2019-07-14 16:22:41,473 INFO  impl.RoleInfo (RoleInfo.java:shutdownFollowerState(121)) - fcda3341-7621-4c44-89cf-bedd6be6e42f: shutdown FollowerState
2019-07-14 16:22:41,473 INFO  impl.RaftServerImpl (RaftServerImpl.java:setRole(171)) - fcda3341-7621-4c44-89cf-bedd6be6e42f:group-60A91F3702E7 changes role from FOLLOWER to CANDIDATE at term 2 for changeToCandidate
2019-07-14 16:22:41,473 INFO  impl.RoleInfo (RoleInfo.java:updateAndGet(143)) - fcda3341-7621-4c44-89cf-bedd6be6e42f: start LeaderElection
2019-07-14 16:22:41,493 INFO  impl.LeaderElection (LeaderElection.java:askForVotes(181)) - fcda3341-7621-4c44-89cf-bedd6be6e42f:group-60A91F3702E7:LeaderElection11: begin an election at term 3 for -1: [fcda3341-7621-4c44-89cf-bedd6be6e42f:192.168.69.77:37175, 25deb60a-f789-4a4e-b6ba-3ca345ca0b36:192.168.69.77:42953, 2a4def33-c6bb-4d23-acc8-c73d8180b8aa:192.168.69.77:41637], old=null
2019-07-14 16:22:41,500 INFO  impl.RaftServerImpl (RaftServerImpl.java:setRole(171)) - 25deb60a-f789-4a4e-b6ba-3ca345ca0b36:group-60A91F3702E7 changes role from FOLLOWER to FOLLOWER at term 3 for recognizeCandidate:fcda3341-7621-4c44-89cf-bedd6be6e42f
2019-07-14 16:22:41,503 INFO  impl.RoleInfo (RoleInfo.java:shutdownFollowerState(121)) - 25deb60a-f789-4a4e-b6ba-3ca345ca0b36: shutdown FollowerState
2019-07-14 16:22:41,503 INFO  impl.RoleInfo (RoleInfo.java:updateAndGet(143)) - 25deb60a-f789-4a4e-b6ba-3ca345ca0b36: start FollowerState
2019-07-14 16:22:41,503 INFO  impl.FollowerState (FollowerState.java:run(114)) - 25deb60a-f789-4a4e-b6ba-3ca345ca0b36: FollowerState was interrupted: java.lang.InterruptedException: sleep interrupted
2019-07-14 16:22:41,503 INFO  impl.RaftServerImpl (RaftServerImpl.java:setRole(171)) - 2a4def33-c6bb-4d23-acc8-c73d8180b8aa:group-60A91F3702E7 changes role from FOLLOWER to FOLLOWER at term 3 for recognizeCandidate:fcda3341-7621-4c44-89cf-bedd6be6e42f
2019-07-14 16:22:41,506 INFO  impl.RoleInfo (RoleInfo.java:shutdownFollowerState(121)) - 2a4def33-c6bb-4d23-acc8-c73d8180b8aa: shutdown FollowerState
2019-07-14 16:22:41,506 INFO  impl.RoleInfo (RoleInfo.java:updateAndGet(143)) - 2a4def33-c6bb-4d23-acc8-c73d8180b8aa: start FollowerState
2019-07-14 16:22:41,506 INFO  impl.FollowerState (FollowerState.java:run(114)) - 2a4def33-c6bb-4d23-acc8-c73d8180b8aa: FollowerState was interrupted: java.lang.InterruptedException: sleep interrupted
2019-07-14 16:22:41,522 INFO  impl.LeaderElection (LeaderElection.java:logAndReturn(56)) - fcda3341-7621-4c44-89cf-bedd6be6e42f:group-60A91F3702E7:LeaderElection11: Election PASSED; received 2 response(s) [fcda3341-7621-4c44-89cf-bedd6be6e42f<-25deb60a-f789-4a4e-b6ba-3ca345ca0b36#0:FAIL-t3, fcda3341-7621-4c44-89cf-bedd6be6e42f<-2a4def33-c6bb-4d23-acc8-c73d8180b8aa#0:OK-t3] and 0 exception(s); fcda3341-7621-4c44-89cf-bedd6be6e42f:t3, leader=null, voted=fcda3341-7621-4c44-89cf-bedd6be6e42f, raftlog=fcda3341-7621-4c44-89cf-bedd6be6e42f-SegmentedRaftLog:OPENED:c-1,f-1,i0, conf=-1: [fcda3341-7621-4c44-89cf-bedd6be6e42f:192.168.69.77:37175, 25deb60a-f789-4a4e-b6ba-3ca345ca0b36:192.168.69.77:42953, 2a4def33-c6bb-4d23-acc8-c73d8180b8aa:192.168.69.77:41637], old=null
2019-07-14 16:22:41,522 INFO  impl.RoleInfo (RoleInfo.java:shutdownLeaderElection(134)) - fcda3341-7621-4c44-89cf-bedd6be6e42f: shutdown LeaderElection
2019-07-14 16:22:41,537 INFO  impl.RaftServerImpl (RaftServerImpl.java:setRole(171)) - fcda3341-7621-4c44-89cf-bedd6be6e42f:group-60A91F3702E7 changes role from CANDIDATE to LEADER at term 3 for changeToLeader
2019-07-14 16:22:41,537 INFO  impl.RaftServerImpl (ServerState.java:setLeader(263)) - fcda3341-7621-4c44-89cf-bedd6be6e42f:group-60A91F3702E7 change Leader from null to fcda3341-7621-4c44-89cf-bedd6be6e42f at term 3 for becomeLeader, leader elected after 10270ms
2019-07-14 16:22:41,537 INFO  server.RaftServerConfigKeys (ConfUtils.java:logGet(43)) - raft.server.staging.catchup.gap = 1000 (default)
2019-07-14 16:22:41,537 INFO  server.RaftServerConfigKeys (ConfUtils.java:logGet(43)) - raft.server.rpc.sleep.time = 25ms (default)
2019-07-14 16:22:41,538 INFO  server.RaftServerConfigKeys (ConfUtils.java:logGet(43)) - raft.server.write.element-limit = 4096 (default)
2019-07-14 16:22:41,538 INFO  server.RaftServerConfigKeys (ConfUtils.java:logGet(43)) - raft.server.watch.timeout = 10s (default)
2019-07-14 16:22:41,538 INFO  server.RaftServerConfigKeys (ConfUtils.java:logGet(43)) - raft.server.watch.timeout.denomination = 1s (default)
2019-07-14 16:22:41,538 INFO  server.RaftServerConfigKeys (ConfUtils.java:logGet(43)) - raft.server.watch.element-limit = 65536 (default)
2019-07-14 16:22:41,539 INFO  server.RaftServerConfigKeys (ConfUtils.java:logGet(43)) - raft.server.log.appender.snapshot.chunk.size.max = 16MB (=16777216) (default)
2019-07-14 16:22:41,539 INFO  server.RaftServerConfigKeys (ConfUtils.java:logGet(43)) - raft.server.log.appender.buffer.byte-limit = 33554432 (custom)
2019-07-14 16:22:41,539 INFO  server.RaftServerConfigKeys (ConfUtils.java:logGet(43)) - raft.server.log.appender.buffer.element-limit = 1 (custom)
2019-07-14 16:22:41,539 INFO  grpc.GrpcConfigKeys$Server (ConfUtils.java:logGet(43)) - raft.grpc.server.leader.outstanding.appends.max = 128 (default)
2019-07-14 16:22:41,540 INFO  server.RaftServerConfigKeys (ConfUtils.java:logGet(43)) - raft.server.rpc.request.timeout = 3000ms (default)
2019-07-14 16:22:41,540 INFO  server.RaftServerConfigKeys (ConfUtils.java:logGet(43)) - raft.server.log.appender.install.snapshot.enabled = false (custom)
2019-07-14 16:22:41,540 INFO  server.RaftServerConfigKeys (ConfUtils.java:logGet(43)) - raft.server.log.appender.snapshot.chunk.size.max = 16MB (=16777216) (default)
2019-07-14 16:22:41,540 INFO  server.RaftServerConfigKeys (ConfUtils.java:logGet(43)) - raft.server.log.appender.buffer.byte-limit = 33554432 (custom)
2019-07-14 16:22:41,540 INFO  server.RaftServerConfigKeys (ConfUtils.java:logGet(43)) - raft.server.log.appender.buffer.element-limit = 1 (custom)
2019-07-14 16:22:41,541 INFO  grpc.GrpcConfigKeys$Server (ConfUtils.java:logGet(43)) - raft.grpc.server.leader.outstanding.appends.max = 128 (default)
2019-07-14 16:22:41,541 INFO  server.RaftServerConfigKeys (ConfUtils.java:logGet(43)) - raft.server.rpc.request.timeout = 3000ms (default)
2019-07-14 16:22:41,541 INFO  server.RaftServerConfigKeys (ConfUtils.java:logGet(43)) - raft.server.log.appender.install.snapshot.enabled = false (custom)
2019-07-14 16:22:41,541 INFO  impl.RoleInfo (RoleInfo.java:updateAndGet(143)) - fcda3341-7621-4c44-89cf-bedd6be6e42f: start LeaderState
2019-07-14 16:22:41,542 INFO  segmented.SegmentedRaftLogWorker (SegmentedRaftLogWorker.java:startLogSegment(380)) - fcda3341-7621-4c44-89cf-bedd6be6e42f-SegmentedRaftLogWorker:Storage Directory /workdir/hadoop-ozone/integration-test/target/test-dir/MiniOzoneClusterImpl-2edbef45-7b9e-4a7f-a65a-0656f9579177/datanode-0/data/ratis/ad413c79-f09f-4ae4-bc3e-60a91f3702e7: Starting segment from index:0
2019-07-14 16:22:41,543 INFO  impl.RaftServerImpl (ServerState.java:setRaftConf(361)) - fcda3341-7621-4c44-89cf-bedd6be6e42f:group-60A91F3702E7 set configuration 0: [fcda3341-7621-4c44-89cf-bedd6be6e42f:192.168.69.77:37175, 25deb60a-f789-4a4e-b6ba-3ca345ca0b36:192.168.69.77:42953, 2a4def33-c6bb-4d23-acc8-c73d8180b8aa:192.168.69.77:41637], old=null at 0
2019-07-14 16:22:41,546 INFO  impl.RaftServerImpl (ServerState.java:setLeader(263)) - 2a4def33-c6bb-4d23-acc8-c73d8180b8aa:group-60A91F3702E7 change Leader from null to fcda3341-7621-4c44-89cf-bedd6be6e42f at term 3 for appendEntries, leader elected after 5052ms
2019-07-14 16:22:41,564 INFO  impl.RaftServerImpl (ServerState.java:setLeader(263)) - 25deb60a-f789-4a4e-b6ba-3ca345ca0b36:group-60A91F3702E7 change Leader from null to fcda3341-7621-4c44-89cf-bedd6be6e42f at term 3 for appendEntries, leader elected after 5104ms
2019-07-14 16:22:41,568 INFO  impl.RaftServerImpl (ServerState.java:setRaftConf(361)) - 2a4def33-c6bb-4d23-acc8-c73d8180b8aa:group-60A91F3702E7 set configuration 0: [fcda3341-7621-4c44-89cf-bedd6be6e42f:192.168.69.77:37175, 25deb60a-f789-4a4e-b6ba-3ca345ca0b36:192.168.69.77:42953, 2a4def33-c6bb-4d23-acc8-c73d8180b8aa:192.168.69.77:41637], old=null at 0
2019-07-14 16:22:41,568 INFO  impl.RaftServerImpl (ServerState.java:setRaftConf(361)) - 25deb60a-f789-4a4e-b6ba-3ca345ca0b36:group-60A91F3702E7 set configuration 0: [fcda3341-7621-4c44-89cf-bedd6be6e42f:192.168.69.77:37175, 25deb60a-f789-4a4e-b6ba-3ca345ca0b36:192.168.69.77:42953, 2a4def33-c6bb-4d23-acc8-c73d8180b8aa:192.168.69.77:41637], old=null at 0
2019-07-14 16:22:41,568 INFO  segmented.SegmentedRaftLogWorker (SegmentedRaftLogWorker.java:startLogSegment(380)) - 2a4def33-c6bb-4d23-acc8-c73d8180b8aa-SegmentedRaftLogWorker:Storage Directory /workdir/hadoop-ozone/integration-test/target/test-dir/MiniOzoneClusterImpl-2edbef45-7b9e-4a7f-a65a-0656f9579177/datanode-5/data/ratis/ad413c79-f09f-4ae4-bc3e-60a91f3702e7: Starting segment from index:0
2019-07-14 16:22:41,573 INFO  segmented.SegmentedRaftLogWorker (SegmentedRaftLogWorker.java:truncate(396)) - 25deb60a-f789-4a4e-b6ba-3ca345ca0b36-SegmentedRaftLogWorker:Storage Directory /workdir/hadoop-ozone/integration-test/target/test-dir/MiniOzoneClusterImpl-2edbef45-7b9e-4a7f-a65a-0656f9579177/datanode-6/data/ratis/ad413c79-f09f-4ae4-bc3e-60a91f3702e7: Truncating segments toTruncate: null
  toDelete: [(0, 0) isOpen? true, length=0, newEndIndex=-1], start index 0
2019-07-14 16:22:41,574 INFO  segmented.SegmentedRaftLogWorker (SegmentedRaftLogWorker.java:startLogSegment(380)) - 25deb60a-f789-4a4e-b6ba-3ca345ca0b36-SegmentedRaftLogWorker:Storage Directory /workdir/hadoop-ozone/integration-test/target/test-dir/MiniOzoneClusterImpl-2edbef45-7b9e-4a7f-a65a-0656f9579177/datanode-6/data/ratis/ad413c79-f09f-4ae4-bc3e-60a91f3702e7: Starting segment from index:0
2019-07-14 16:22:41,576 INFO  segmented.SegmentedRaftLogWorker (SegmentedRaftLogWorker.java:execute(633)) - 25deb60a-f789-4a4e-b6ba-3ca345ca0b36-SegmentedRaftLogWorker:Storage Directory /workdir/hadoop-ozone/integration-test/target/test-dir/MiniOzoneClusterImpl-2edbef45-7b9e-4a7f-a65a-0656f9579177/datanode-6/data/ratis/ad413c79-f09f-4ae4-bc3e-60a91f3702e7: Deleted log file /workdir/hadoop-ozone/integration-test/target/test-dir/MiniOzoneClusterImpl-2edbef45-7b9e-4a7f-a65a-0656f9579177/datanode-6/data/ratis/ad413c79-f09f-4ae4-bc3e-60a91f3702e7/current/log_inprogress_0
2019-07-14 16:22:41,577 INFO  segmented.SegmentedRaftLogWorker (SegmentedRaftLogWorker.java:execute(569)) - fcda3341-7621-4c44-89cf-bedd6be6e42f-SegmentedRaftLogWorker:Storage Directory /workdir/hadoop-ozone/integration-test/target/test-dir/MiniOzoneClusterImpl-2edbef45-7b9e-4a7f-a65a-0656f9579177/datanode-0/data/ratis/ad413c79-f09f-4ae4-bc3e-60a91f3702e7: created new log segment /workdir/hadoop-ozone/integration-test/target/test-dir/MiniOzoneClusterImpl-2edbef45-7b9e-4a7f-a65a-0656f9579177/datanode-0/data/ratis/ad413c79-f09f-4ae4-bc3e-60a91f3702e7/current/log_inprogress_0
2019-07-14 16:22:41,577 INFO  segmented.SegmentedRaftLogWorker (SegmentedRaftLogWorker.java:lambda$new$0(132)) - 25deb60a-f789-4a4e-b6ba-3ca345ca0b36-SegmentedRaftLogWorker:Storage Directory /workdir/hadoop-ozone/integration-test/target/test-dir/MiniOzoneClusterImpl-2edbef45-7b9e-4a7f-a65a-0656f9579177/datanode-6/data/ratis/ad413c79-f09f-4ae4-bc3e-60a91f3702e7: flushIndex: setUnconditionally 0 -> -1
2019-07-14 16:22:41,598 INFO  segmented.SegmentedRaftLogWorker (SegmentedRaftLogWorker.java:execute(569)) - 2a4def33-c6bb-4d23-acc8-c73d8180b8aa-SegmentedRaftLogWorker:Storage Directory /workdir/hadoop-ozone/integration-test/target/test-dir/MiniOzoneClusterImpl-2edbef45-7b9e-4a7f-a65a-0656f9579177/datanode-5/data/ratis/ad413c79-f09f-4ae4-bc3e-60a91f3702e7: created new log segment /workdir/hadoop-ozone/integration-test/target/test-dir/MiniOzoneClusterImpl-2edbef45-7b9e-4a7f-a65a-0656f9579177/datanode-5/data/ratis/ad413c79-f09f-4ae4-bc3e-60a91f3702e7/current/log_inprogress_0
2019-07-14 16:22:41,623 INFO  segmented.SegmentedRaftLogWorker (SegmentedRaftLogWorker.java:execute(569)) - 25deb60a-f789-4a4e-b6ba-3ca345ca0b36-SegmentedRaftLogWorker:Storage Directory /workdir/hadoop-ozone/integration-test/target/test-dir/MiniOzoneClusterImpl-2edbef45-7b9e-4a7f-a65a-0656f9579177/datanode-6/data/ratis/ad413c79-f09f-4ae4-bc3e-60a91f3702e7: created new log segment /workdir/hadoop-ozone/integration-test/target/test-dir/MiniOzoneClusterImpl-2edbef45-7b9e-4a7f-a65a-0656f9579177/datanode-6/data/ratis/ad413c79-f09f-4ae4-bc3e-60a91f3702e7/current/log_inprogress_0
2019-07-14 16:22:43,615 INFO  node.StaleNodeHandler (StaleNodeHandler.java:onMessage(58)) - Datanode 259243b9-6039-42e3-b80f-634026e5286a{ip: 192.168.69.77, host: pr-hdds-1710-5x6jb-1204890111, networkLocation: /default-rack, certSerialId: null} moved to stale state. Finalizing its pipelines [PipelineID=5a5b215c-97ee-439f-b11f-2c1e86710c86, PipelineID=1e98575f-7b47-4259-b464-e6d7d00590bf]
2019-07-14 16:22:43,618 INFO  pipeline.SCMPipelineManager (SCMPipelineManager.java:finalizeAndDestroyPipeline(309)) - destroying pipeline:Pipeline[ Id: 5a5b215c-97ee-439f-b11f-2c1e86710c86, Nodes: 259243b9-6039-42e3-b80f-634026e5286a{ip: 192.168.69.77, host: pr-hdds-1710-5x6jb-1204890111, networkLocation: /default-rack, certSerialId: null}, Type:RATIS, Factor:ONE, State:OPEN]
2019-07-14 16:22:43,619 INFO  pipeline.PipelineStateManager (PipelineStateManager.java:finalizePipeline(123)) - Pipeline Pipeline[ Id: 5a5b215c-97ee-439f-b11f-2c1e86710c86, Nodes: 259243b9-6039-42e3-b80f-634026e5286a{ip: 192.168.69.77, host: pr-hdds-1710-5x6jb-1204890111, networkLocation: /default-rack, certSerialId: null}, Type:RATIS, Factor:ONE, State:CLOSED] moved to CLOSED state
2019-07-14 16:22:43,621 INFO  pipeline.SCMPipelineManager (SCMPipelineManager.java:finalizeAndDestroyPipeline(309)) - destroying pipeline:Pipeline[ Id: 1e98575f-7b47-4259-b464-e6d7d00590bf, Nodes: 259243b9-6039-42e3-b80f-634026e5286a{ip: 192.168.69.77, host: pr-hdds-1710-5x6jb-1204890111, networkLocation: /default-rack, certSerialId: null}60c56bdf-da6a-42ae-8761-33eb5f16d091{ip: 192.168.69.77, host: pr-hdds-1710-5x6jb-1204890111, networkLocation: /default-rack, certSerialId: null}e24d1a06-db8f-4c4a-ba2f-121659705693{ip: 192.168.69.77, host: pr-hdds-1710-5x6jb-1204890111, networkLocation: /default-rack, certSerialId: null}, Type:RATIS, Factor:THREE, State:OPEN]
2019-07-14 16:22:43,621 INFO  pipeline.PipelineStateManager (PipelineStateManager.java:finalizePipeline(123)) - Pipeline Pipeline[ Id: 1e98575f-7b47-4259-b464-e6d7d00590bf, Nodes: 259243b9-6039-42e3-b80f-634026e5286a{ip: 192.168.69.77, host: pr-hdds-1710-5x6jb-1204890111, networkLocation: /default-rack, certSerialId: null}60c56bdf-da6a-42ae-8761-33eb5f16d091{ip: 192.168.69.77, host: pr-hdds-1710-5x6jb-1204890111, networkLocation: /default-rack, certSerialId: null}e24d1a06-db8f-4c4a-ba2f-121659705693{ip: 192.168.69.77, host: pr-hdds-1710-5x6jb-1204890111, networkLocation: /default-rack, certSerialId: null}, Type:RATIS, Factor:THREE, State:CLOSED] moved to CLOSED state
2019-07-14 16:22:43,622 INFO  container.CloseContainerEventHandler (CloseContainerEventHandler.java:onMessage(61)) - Close container Event triggered for container : #1
2019-07-14 16:22:43,862 INFO  ozoneimpl.OzoneContainer (OzoneContainer.java:stop(199)) - Attempting to stop container services.
2019-07-14 16:22:43,867 INFO  impl.RaftServerProxy (RaftServerProxy.java:lambda$close$4(314)) - 259243b9-6039-42e3-b80f-634026e5286a: close
2019-07-14 16:22:43,869 INFO  impl.RaftServerImpl (RaftServerImpl.java:lambda$shutdown$3(245)) - 259243b9-6039-42e3-b80f-634026e5286a: shutdown group-2C1E86710C86
2019-07-14 16:22:43,870 INFO  util.JmxRegister (JmxRegister.java:unregister(73)) - Successfully un-registered JMX Bean with object name Ratis:service=RaftServer,group=group-2C1E86710C86,id=259243b9-6039-42e3-b80f-634026e5286a
2019-07-14 16:22:43,870 INFO  impl.RoleInfo (RoleInfo.java:shutdownLeaderState(104)) - 259243b9-6039-42e3-b80f-634026e5286a: shutdown LeaderState
2019-07-14 16:22:43,871 INFO  impl.PendingRequests (PendingRequests.java:sendNotLeaderResponses(202)) - 259243b9-6039-42e3-b80f-634026e5286a-PendingRequests: sendNotLeaderResponses
2019-07-14 16:22:43,871 INFO  impl.StateMachineUpdater (StateMachineUpdater.java:stopAndJoin(115)) - StateMachineUpdater:259243b9-6039-42e3-b80f-634026e5286a:group-2C1E86710C86: set stopIndex = 0
2019-07-14 16:22:43,872 INFO  ratis.ContainerStateMachine (ContainerStateMachine.java:takeSnapshot(246)) - Taking snapshot at termIndex:(t:0, i:~)
2019-07-14 16:22:43,872 INFO  impl.RaftServerImpl (ServerState.java:close(394)) - 259243b9-6039-42e3-b80f-634026e5286a:group-2C1E86710C86 closes. The last applied log index is 0
2019-07-14 16:22:43,874 INFO  segmented.SegmentedRaftLogWorker (SegmentedRaftLogWorker.java:run(313)) - 259243b9-6039-42e3-b80f-634026e5286a-SegmentedRaftLogWorker:Storage Directory /workdir/hadoop-ozone/integration-test/target/test-dir/MiniOzoneClusterImpl-2edbef45-7b9e-4a7f-a65a-0656f9579177/datanode-1/data/ratis/5a5b215c-97ee-439f-b11f-2c1e86710c86 was interrupted, exiting. There are 0 tasks remaining in the queue.
2019-07-14 16:22:43,876 INFO  segmented.SegmentedRaftLogWorker (SegmentedRaftLogWorker.java:close(228)) - 259243b9-6039-42e3-b80f-634026e5286a-SegmentedRaftLogWorker:Storage Directory /workdir/hadoop-ozone/integration-test/target/test-dir/MiniOzoneClusterImpl-2edbef45-7b9e-4a7f-a65a-0656f9579177/datanode-1/data/ratis/5a5b215c-97ee-439f-b11f-2c1e86710c86 close()
2019-07-14 16:22:43,880 INFO  impl.RaftServerImpl (RaftServerImpl.java:lambda$shutdown$3(245)) - 259243b9-6039-42e3-b80f-634026e5286a: shutdown group-E6D7D00590BF
2019-07-14 16:22:43,881 INFO  util.JmxRegister (JmxRegister.java:unregister(73)) - Successfully un-registered JMX Bean with object name Ratis:service=RaftServer,group=group-E6D7D00590BF,id=259243b9-6039-42e3-b80f-634026e5286a
2019-07-14 16:22:43,881 INFO  impl.RoleInfo (RoleInfo.java:shutdownLeaderState(104)) - 259243b9-6039-42e3-b80f-634026e5286a: shutdown LeaderState
2019-07-14 16:22:43,885 WARN  server.GrpcLogAppender (GrpcLogAppender.java:mayWait(143)) - GrpcLogAppender(259243b9-6039-42e3-b80f-634026e5286a->60c56bdf-da6a-42ae-8761-33eb5f16d091): Wait interrupted by java.lang.InterruptedException
2019-07-14 16:22:43,886 WARN  server.GrpcLogAppender (GrpcLogAppender.java:mayWait(143)) - GrpcLogAppender(259243b9-6039-42e3-b80f-634026e5286a->e24d1a06-db8f-4c4a-ba2f-121659705693): Wait interrupted by java.lang.InterruptedException
2019-07-14 16:22:43,885 INFO  impl.PendingRequests (PendingRequests.java:sendNotLeaderResponses(202)) - 259243b9-6039-42e3-b80f-634026e5286a-PendingRequests: sendNotLeaderResponses
2019-07-14 16:22:43,886 INFO  server.GrpcServerProtocolService (GrpcServerProtocolService.java:onCompleted(104)) - 60c56bdf-da6a-42ae-8761-33eb5f16d091: appendEntries completed
2019-07-14 16:22:43,889 INFO  server.GrpcServerProtocolService (GrpcServerProtocolService.java:onCompleted(104)) - e24d1a06-db8f-4c4a-ba2f-121659705693: appendEntries completed
2019-07-14 16:22:43,889 INFO  server.GrpcLogAppender (GrpcLogAppender.java:onCompleted(292)) - 259243b9-6039-42e3-b80f-634026e5286a->60c56bdf-da6a-42ae-8761-33eb5f16d091: follower responses appendEntries COMPLETED
2019-07-14 16:22:43,890 INFO  server.GrpcLogAppender (GrpcLogAppender.java:onCompleted(292)) - 259243b9-6039-42e3-b80f-634026e5286a->e24d1a06-db8f-4c4a-ba2f-121659705693: follower responses appendEntries COMPLETED
2019-07-14 16:22:43,894 INFO  impl.FollowerInfo (FollowerInfo.java:lambda$new$0(50)) - 259243b9-6039-42e3-b80f-634026e5286a->60c56bdf-da6a-42ae-8761-33eb5f16d091: nextIndex: updateUnconditionally 17 -> 16
2019-07-14 16:22:43,894 INFO  impl.FollowerInfo (FollowerInfo.java:lambda$new$0(50)) - 259243b9-6039-42e3-b80f-634026e5286a->e24d1a06-db8f-4c4a-ba2f-121659705693: nextIndex: updateUnconditionally 17 -> 16
2019-07-14 16:22:43,900 INFO  impl.StateMachineUpdater (StateMachineUpdater.java:stopAndJoin(115)) - StateMachineUpdater:259243b9-6039-42e3-b80f-634026e5286a:group-E6D7D00590BF: set stopIndex = 16
2019-07-14 16:22:43,900 INFO  ratis.ContainerStateMachine (ContainerStateMachine.java:takeSnapshot(246)) - Taking snapshot at termIndex:(t:1, i:15)
2019-07-14 16:22:43,901 INFO  ratis.ContainerStateMachine (ContainerStateMachine.java:takeSnapshot(250)) - Taking a snapshot to file /workdir/hadoop-ozone/integration-test/target/test-dir/MiniOzoneClusterImpl-2edbef45-7b9e-4a7f-a65a-0656f9579177/datanode-1/data/ratis/1e98575f-7b47-4259-b464-e6d7d00590bf/sm/snapshot.1_15
2019-07-14 16:22:43,915 INFO  impl.StateMachineUpdater (StateMachineUpdater.java:takeSnapshot(242)) - StateMachineUpdater:259243b9-6039-42e3-b80f-634026e5286a:group-E6D7D00590BF: Took a snapshot at index 15
2019-07-14 16:22:43,917 INFO  impl.StateMachineUpdater (StateMachineUpdater.java:lambda$new$0(80)) - StateMachineUpdater:259243b9-6039-42e3-b80f-634026e5286a:group-E6D7D00590BF: snapshotIndex: updateIncreasingly -1 -> 15
2019-07-14 16:22:43,924 INFO  impl.RaftServerImpl (ServerState.java:close(394)) - 259243b9-6039-42e3-b80f-634026e5286a:group-E6D7D00590BF closes. The last applied log index is 16
2019-07-14 16:22:43,924 INFO  segmented.SegmentedRaftLogWorker (SegmentedRaftLogWorker.java:run(313)) - 259243b9-6039-42e3-b80f-634026e5286a-SegmentedRaftLogWorker:Storage Directory /workdir/hadoop-ozone/integration-test/target/test-dir/MiniOzoneClusterImpl-2edbef45-7b9e-4a7f-a65a-0656f9579177/datanode-1/data/ratis/1e98575f-7b47-4259-b464-e6d7d00590bf was interrupted, exiting. There are 0 tasks remaining in the queue.
2019-07-14 16:22:43,926 INFO  segmented.SegmentedRaftLogWorker (SegmentedRaftLogWorker.java:close(228)) - 259243b9-6039-42e3-b80f-634026e5286a-SegmentedRaftLogWorker:Storage Directory /workdir/hadoop-ozone/integration-test/target/test-dir/MiniOzoneClusterImpl-2edbef45-7b9e-4a7f-a65a-0656f9579177/datanode-1/data/ratis/1e98575f-7b47-4259-b464-e6d7d00590bf close()
2019-07-14 16:22:43,931 INFO  server.GrpcService (GrpcService.java:closeImpl(155)) - 259243b9-6039-42e3-b80f-634026e5286a: shutdown server with port 32780 now
2019-07-14 16:22:43,936 INFO  server.GrpcService (GrpcService.java:closeImpl(163)) - 259243b9-6039-42e3-b80f-634026e5286a: shutdown server with port 32780 successfully
2019-07-14 16:22:43,936 WARN  client.GrpcClientProtocolService (LogUtils.java:warn(134)) - 4-UnorderedRequestStreamObserver4: onError: org.apache.ratis.thirdparty.io.grpc.StatusRuntimeException: CANCELLED: cancelled before receiving half close
2019-07-14 16:22:43,943 INFO  utils.BackgroundService (BackgroundService.java:shutdown(148)) - Shutting down service BlockDeletingService
2019-07-14 16:22:43,945 WARN  fs.CachingGetSpaceUsed (CachingGetSpaceUsed.java:run(183)) - Thread Interrupted waiting to refresh disk information: sleep interrupted
2019-07-14 16:22:43,971 INFO  statemachine.DatanodeStateMachine (DatanodeStateMachine.java:stopDaemon(395)) - Ozone container server stopped.
2019-07-14 16:22:43,976 INFO  handler.ContextHandler (ContextHandler.java:doStop(910)) - Stopped o.e.j.w.WebAppContext@5bde57ab{/,null,UNAVAILABLE}{/hddsDatanode}
2019-07-14 16:22:43,983 INFO  server.AbstractConnector (AbstractConnector.java:doStop(318)) - Stopped ServerConnector@ea00de{HTTP/1.1,[http/1.1]}{0.0.0.0:0}
2019-07-14 16:22:43,983 INFO  handler.ContextHandler (ContextHandler.java:doStop(910)) - Stopped o.e.j.s.ServletContextHandler@365afe87{/static,jar:file:/home/user/.m2/repository/org/apache/hadoop/hadoop-hdds-container-service/0.5.0-SNAPSHOT/hadoop-hdds-container-service-0.5.0-SNAPSHOT.jar!/webapps/static,UNAVAILABLE}
2019-07-14 16:22:43,984 INFO  handler.ContextHandler (ContextHandler.java:doStop(910)) - Stopped o.e.j.s.ServletContextHandler@160e99e0{/logs,file:///workdir/hadoop-ozone/integration-test/target/log,UNAVAILABLE}
2019-07-14 16:22:43,986 INFO  datanode.ObjectStoreHandler (ObjectStoreHandler.java:close(155)) - Closing ObjectStoreHandler.
2019-07-14 16:22:43,987 INFO  ozone.HddsDatanodeService (HddsDatanodeService.java:stop(452)) - Stopped plug-in org.apache.hadoop.ozone.web.OzoneHddsDatanodeService@3554bdc0
2019-07-14 16:22:44,574 INFO  statemachine.DatanodeStateMachine (DatanodeStateMachine.java:lambda$startDaemon$0(350)) - Ozone container server started.
2019-07-14 16:22:48,625 INFO  node.StaleNodeHandler (StaleNodeHandler.java:onMessage(58)) - Datanode 60c56bdf-da6a-42ae-8761-33eb5f16d091{ip: 192.168.69.77, host: pr-hdds-1710-5x6jb-1204890111, networkLocation: /default-rack, certSerialId: null} moved to stale state. Finalizing its pipelines [PipelineID=1e98575f-7b47-4259-b464-e6d7d00590bf, PipelineID=e4d09d75-7a1d-45bf-b07a-e957a610110e]
2019-07-14 16:22:48,626 INFO  pipeline.SCMPipelineManager (SCMPipelineManager.java:finalizeAndDestroyPipeline(309)) - destroying pipeline:Pipeline[ Id: 1e98575f-7b47-4259-b464-e6d7d00590bf, Nodes: 259243b9-6039-42e3-b80f-634026e5286a{ip: 192.168.69.77, host: pr-hdds-1710-5x6jb-1204890111, networkLocation: /default-rack, certSerialId: null}60c56bdf-da6a-42ae-8761-33eb5f16d091{ip: 192.168.69.77, host: pr-hdds-1710-5x6jb-1204890111, networkLocation: /default-rack, certSerialId: null}e24d1a06-db8f-4c4a-ba2f-121659705693{ip: 192.168.69.77, host: pr-hdds-1710-5x6jb-1204890111, networkLocation: /default-rack, certSerialId: null}, Type:RATIS, Factor:THREE, State:CLOSED]
2019-07-14 16:22:48,626 INFO  pipeline.SCMPipelineManager (SCMPipelineManager.java:finalizeAndDestroyPipeline(309)) - destroying pipeline:Pipeline[ Id: e4d09d75-7a1d-45bf-b07a-e957a610110e, Nodes: 60c56bdf-da6a-42ae-8761-33eb5f16d091{ip: 192.168.69.77, host: pr-hdds-1710-5x6jb-1204890111, networkLocation: /default-rack, certSerialId: null}, Type:RATIS, Factor:ONE, State:OPEN]
2019-07-14 16:22:48,626 INFO  pipeline.PipelineStateManager (PipelineStateManager.java:finalizePipeline(123)) - Pipeline Pipeline[ Id: e4d09d75-7a1d-45bf-b07a-e957a610110e, Nodes: 60c56bdf-da6a-42ae-8761-33eb5f16d091{ip: 192.168.69.77, host: pr-hdds-1710-5x6jb-1204890111, networkLocation: /default-rack, certSerialId: null}, Type:RATIS, Factor:ONE, State:CLOSED] moved to CLOSED state
2019-07-14 16:22:48,988 INFO  ozoneimpl.OzoneContainer (OzoneContainer.java:stop(199)) - Attempting to stop container services.
2019-07-14 16:22:48,991 INFO  impl.RaftServerProxy (RaftServerProxy.java:lambda$close$4(314)) - 60c56bdf-da6a-42ae-8761-33eb5f16d091: close
2019-07-14 16:22:48,992 INFO  impl.RaftServerImpl (RaftServerImpl.java:lambda$shutdown$3(245)) - 60c56bdf-da6a-42ae-8761-33eb5f16d091: shutdown group-E6D7D00590BF
2019-07-14 16:22:48,993 INFO  util.JmxRegister (JmxRegister.java:unregister(73)) - Successfully un-registered JMX Bean with object name Ratis:service=RaftServer,group=group-E6D7D00590BF,id=60c56bdf-da6a-42ae-8761-33eb5f16d091
2019-07-14 16:22:48,993 INFO  impl.RoleInfo (RoleInfo.java:shutdownFollowerState(121)) - 60c56bdf-da6a-42ae-8761-33eb5f16d091: shutdown FollowerState
2019-07-14 16:22:48,994 INFO  impl.StateMachineUpdater (StateMachineUpdater.java:stopAndJoin(115)) - StateMachineUpdater:60c56bdf-da6a-42ae-8761-33eb5f16d091:group-E6D7D00590BF: set stopIndex = 16
2019-07-14 16:22:48,994 INFO  impl.FollowerState (FollowerState.java:run(114)) - 60c56bdf-da6a-42ae-8761-33eb5f16d091: FollowerState was interrupted: java.lang.InterruptedException: sleep interrupted
2019-07-14 16:22:48,994 INFO  ratis.ContainerStateMachine (ContainerStateMachine.java:takeSnapshot(246)) - Taking snapshot at termIndex:(t:1, i:14)
2019-07-14 16:22:48,996 INFO  ratis.ContainerStateMachine (ContainerStateMachine.java:takeSnapshot(250)) - Taking a snapshot to file /workdir/hadoop-ozone/integration-test/target/test-dir/MiniOzoneClusterImpl-2edbef45-7b9e-4a7f-a65a-0656f9579177/datanode-2/data/ratis/1e98575f-7b47-4259-b464-e6d7d00590bf/sm/snapshot.1_14
2019-07-14 16:22:48,997 INFO  impl.StateMachineUpdater (StateMachineUpdater.java:takeSnapshot(242)) - StateMachineUpdater:60c56bdf-da6a-42ae-8761-33eb5f16d091:group-E6D7D00590BF: Took a snapshot at index 14
2019-07-14 16:22:48,997 INFO  impl.StateMachineUpdater (StateMachineUpdater.java:lambda$new$0(80)) - StateMachineUpdater:60c56bdf-da6a-42ae-8761-33eb5f16d091:group-E6D7D00590BF: snapshotIndex: updateIncreasingly -1 -> 14
2019-07-14 16:22:48,998 INFO  impl.RaftServerImpl (ServerState.java:close(394)) - 60c56bdf-da6a-42ae-8761-33eb5f16d091:group-E6D7D00590BF closes. The last applied log index is 16
2019-07-14 16:22:48,998 INFO  segmented.SegmentedRaftLogWorker (SegmentedRaftLogWorker.java:run(313)) - 60c56bdf-da6a-42ae-8761-33eb5f16d091-SegmentedRaftLogWorker:Storage Directory /workdir/hadoop-ozone/integration-test/target/test-dir/MiniOzoneClusterImpl-2edbef45-7b9e-4a7f-a65a-0656f9579177/datanode-2/data/ratis/1e98575f-7b47-4259-b464-e6d7d00590bf was interrupted, exiting. There are 0 tasks remaining in the queue.
2019-07-14 16:22:49,001 INFO  segmented.SegmentedRaftLogWorker (SegmentedRaftLogWorker.java:close(228)) - 60c56bdf-da6a-42ae-8761-33eb5f16d091-SegmentedRaftLogWorker:Storage Directory /workdir/hadoop-ozone/integration-test/target/test-dir/MiniOzoneClusterImpl-2edbef45-7b9e-4a7f-a65a-0656f9579177/datanode-2/data/ratis/1e98575f-7b47-4259-b464-e6d7d00590bf close()
2019-07-14 16:22:49,005 INFO  impl.RaftServerImpl (RaftServerImpl.java:lambda$shutdown$3(245)) - 60c56bdf-da6a-42ae-8761-33eb5f16d091: shutdown group-E957A610110E
2019-07-14 16:22:49,005 INFO  util.JmxRegister (JmxRegister.java:unregister(73)) - Successfully un-registered JMX Bean with object name Ratis:service=RaftServer,group=group-E957A610110E,id=60c56bdf-da6a-42ae-8761-33eb5f16d091
2019-07-14 16:22:49,006 INFO  impl.RoleInfo (RoleInfo.java:shutdownLeaderState(104)) - 60c56bdf-da6a-42ae-8761-33eb5f16d091: shutdown LeaderState
2019-07-14 16:22:49,006 INFO  impl.PendingRequests (PendingRequests.java:sendNotLeaderResponses(202)) - 60c56bdf-da6a-42ae-8761-33eb5f16d091-PendingRequests: sendNotLeaderResponses
2019-07-14 16:22:49,007 INFO  impl.StateMachineUpdater (StateMachineUpdater.java:stopAndJoin(115)) - StateMachineUpdater:60c56bdf-da6a-42ae-8761-33eb5f16d091:group-E957A610110E: set stopIndex = 0
2019-07-14 16:22:49,007 INFO  ratis.ContainerStateMachine (ContainerStateMachine.java:takeSnapshot(246)) - Taking snapshot at termIndex:(t:0, i:~)
2019-07-14 16:22:49,007 INFO  impl.RaftServerImpl (ServerState.java:close(394)) - 60c56bdf-da6a-42ae-8761-33eb5f16d091:group-E957A610110E closes. The last applied log index is 0
2019-07-14 16:22:49,008 INFO  segmented.SegmentedRaftLogWorker (SegmentedRaftLogWorker.java:run(313)) - 60c56bdf-da6a-42ae-8761-33eb5f16d091-SegmentedRaftLogWorker:Storage Directory /workdir/hadoop-ozone/integration-test/target/test-dir/MiniOzoneClusterImpl-2edbef45-7b9e-4a7f-a65a-0656f9579177/datanode-2/data/ratis/e4d09d75-7a1d-45bf-b07a-e957a610110e was interrupted, exiting. There are 0 tasks remaining in the queue.
2019-07-14 16:22:49,010 INFO  segmented.SegmentedRaftLogWorker (SegmentedRaftLogWorker.java:close(228)) - 60c56bdf-da6a-42ae-8761-33eb5f16d091-SegmentedRaftLogWorker:Storage Directory /workdir/hadoop-ozone/integration-test/target/test-dir/MiniOzoneClusterImpl-2edbef45-7b9e-4a7f-a65a-0656f9579177/datanode-2/data/ratis/e4d09d75-7a1d-45bf-b07a-e957a610110e close()
2019-07-14 16:22:49,015 INFO  server.GrpcService (GrpcService.java:closeImpl(155)) - 60c56bdf-da6a-42ae-8761-33eb5f16d091: shutdown server with port 41737 now
2019-07-14 16:22:49,017 INFO  server.GrpcService (GrpcService.java:closeImpl(163)) - 60c56bdf-da6a-42ae-8761-33eb5f16d091: shutdown server with port 41737 successfully
2019-07-14 16:22:49,019 INFO  utils.BackgroundService (BackgroundService.java:shutdown(148)) - Shutting down service BlockDeletingService
2019-07-14 16:22:49,020 WARN  fs.CachingGetSpaceUsed (CachingGetSpaceUsed.java:run(183)) - Thread Interrupted waiting to refresh disk information: sleep interrupted
2019-07-14 16:22:49,041 INFO  statemachine.DatanodeStateMachine (DatanodeStateMachine.java:stopDaemon(395)) - Ozone container server stopped.
2019-07-14 16:22:49,042 INFO  handler.ContextHandler (ContextHandler.java:doStop(910)) - Stopped o.e.j.w.WebAppContext@29f3c438{/,null,UNAVAILABLE}{/hddsDatanode}
2019-07-14 16:22:49,043 INFO  server.AbstractConnector (AbstractConnector.java:doStop(318)) - Stopped ServerConnector@5460edd3{HTTP/1.1,[http/1.1]}{0.0.0.0:0}
2019-07-14 16:22:49,043 INFO  handler.ContextHandler (ContextHandler.java:doStop(910)) - Stopped o.e.j.s.ServletContextHandler@622d7e4{/static,jar:file:/home/user/.m2/repository/org/apache/hadoop/hadoop-hdds-container-service/0.5.0-SNAPSHOT/hadoop-hdds-container-service-0.5.0-SNAPSHOT.jar!/webapps/static,UNAVAILABLE}
2019-07-14 16:22:49,044 INFO  handler.ContextHandler (ContextHandler.java:doStop(910)) - Stopped o.e.j.s.ServletContextHandler@4a70d302{/logs,file:///workdir/hadoop-ozone/integration-test/target/log,UNAVAILABLE}
2019-07-14 16:22:51,089 INFO  client.GrpcClientProtocolClient (GrpcClientProtocolClient.java:onNext(255)) - client-97F3A1C803B3->e24d1a06-db8f-4c4a-ba2f-121659705693: receive RaftClientReply:client-97F3A1C803B3->e24d1a06-db8f-4c4a-ba2f-121659705693@group-E6D7D00590BF, cid=22, FAILED org.apache.ratis.protocol.NotLeaderException: Server e24d1a06-db8f-4c4a-ba2f-121659705693 is not the leader (259243b9-6039-42e3-b80f-634026e5286a:192.168.69.77:32780). Request must be sent to leader., logIndex=0, commits[e24d1a06-db8f-4c4a-ba2f-121659705693:c16, 259243b9-6039-42e3-b80f-634026e5286a:c16, 60c56bdf-da6a-42ae-8761-33eb5f16d091:c16]
2019-07-14 16:22:51,682 INFO  impl.FollowerState (FollowerState.java:run(106)) - e24d1a06-db8f-4c4a-ba2f-121659705693:group-E6D7D00590BF changes to CANDIDATE, lastRpcTime:7828, electionTimeout:5141ms
2019-07-14 16:22:51,682 INFO  impl.RoleInfo (RoleInfo.java:shutdownFollowerState(121)) - e24d1a06-db8f-4c4a-ba2f-121659705693: shutdown FollowerState
2019-07-14 16:22:51,682 INFO  impl.RaftServerImpl (RaftServerImpl.java:setRole(171)) - e24d1a06-db8f-4c4a-ba2f-121659705693:group-E6D7D00590BF changes role from FOLLOWER to CANDIDATE at term 1 for changeToCandidate
2019-07-14 16:22:51,682 INFO  impl.RoleInfo (RoleInfo.java:updateAndGet(143)) - e24d1a06-db8f-4c4a-ba2f-121659705693: start LeaderElection
2019-07-14 16:22:51,692 INFO  impl.RaftServerImpl (ServerState.java:setLeader(263)) - e24d1a06-db8f-4c4a-ba2f-121659705693:group-E6D7D00590BF change Leader from 259243b9-6039-42e3-b80f-634026e5286a to null at term 1 for initElection
2019-07-14 16:22:51,710 INFO  impl.LeaderElection (LeaderElection.java:askForVotes(181)) - e24d1a06-db8f-4c4a-ba2f-121659705693:group-E6D7D00590BF:LeaderElection12: begin an election at term 2 for 0: [259243b9-6039-42e3-b80f-634026e5286a:192.168.69.77:32780, 60c56bdf-da6a-42ae-8761-33eb5f16d091:192.168.69.77:41737, e24d1a06-db8f-4c4a-ba2f-121659705693:192.168.69.77:36269], old=null
2019-07-14 16:22:51,723 INFO  impl.LeaderElection (LogUtils.java:infoOrTrace(149)) - e24d1a06-db8f-4c4a-ba2f-121659705693:group-E6D7D00590BF:LeaderElection12 got exception when requesting votes: {}
java.util.concurrent.ExecutionException: org.apache.ratis.thirdparty.io.grpc.StatusRuntimeException: UNAVAILABLE: io exception
	at java.util.concurrent.FutureTask.report(FutureTask.java:122)
	at java.util.concurrent.FutureTask.get(FutureTask.java:192)
	at org.apache.ratis.server.impl.LeaderElection.waitForResults(LeaderElection.java:262)
	at org.apache.ratis.server.impl.LeaderElection.askForVotes(LeaderElection.java:200)
	at org.apache.ratis.server.impl.LeaderElection.run(LeaderElection.java:130)
	at java.lang.Thread.run(Thread.java:748)
Caused by: org.apache.ratis.thirdparty.io.grpc.StatusRuntimeException: UNAVAILABLE: io exception
	at org.apache.ratis.thirdparty.io.grpc.stub.ClientCalls.toStatusRuntimeException(ClientCalls.java:233)
	at org.apache.ratis.thirdparty.io.grpc.stub.ClientCalls.getUnchecked(ClientCalls.java:214)
	at org.apache.ratis.thirdparty.io.grpc.stub.ClientCalls.blockingUnaryCall(ClientCalls.java:139)
	at org.apache.ratis.proto.grpc.RaftServerProtocolServiceGrpc$RaftServerProtocolServiceBlockingStub.requestVote(RaftServerProtocolServiceGrpc.java:265)
	at org.apache.ratis.grpc.server.GrpcServerProtocolClient.requestVote(GrpcServerProtocolClient.java:83)
	at org.apache.ratis.grpc.server.GrpcService.requestVote(GrpcService.java:195)
	at org.apache.ratis.server.impl.LeaderElection.lambda$submitRequests$1(LeaderElection.java:237)
	at java.util.concurrent.FutureTask.run(FutureTask.java:266)
	at java.util.concurrent.Executors$RunnableAdapter.call(Executors.java:511)
	at java.util.concurrent.FutureTask.run(FutureTask.java:266)
	at java.util.concurrent.ThreadPoolExecutor.runWorker(ThreadPoolExecutor.java:1149)
	at java.util.concurrent.ThreadPoolExecutor$Worker.run(ThreadPoolExecutor.java:624)
	... 1 more
Caused by: org.apache.ratis.thirdparty.io.netty.channel.AbstractChannel$AnnotatedConnectException: Connection refused: /192.168.69.77:32780
	at sun.nio.ch.SocketChannelImpl.checkConnect(Native Method)
	at sun.nio.ch.SocketChannelImpl.finishConnect(SocketChannelImpl.java:717)
	at org.apache.ratis.thirdparty.io.netty.channel.socket.nio.NioSocketChannel.doFinishConnect(NioSocketChannel.java:327)
	at org.apache.ratis.thirdparty.io.netty.channel.nio.AbstractNioChannel$AbstractNioUnsafe.finishConnect(AbstractNioChannel.java:340)
	at org.apache.ratis.thirdparty.io.netty.channel.nio.NioEventLoop.processSelectedKey(NioEventLoop.java:632)
	at org.apache.ratis.thirdparty.io.netty.channel.nio.NioEventLoop.processSelectedKeysOptimized(NioEventLoop.java:579)
	at org.apache.ratis.thirdparty.io.netty.channel.nio.NioEventLoop.processSelectedKeys(NioEventLoop.java:496)
	at org.apache.ratis.thirdparty.io.netty.channel.nio.NioEventLoop.run(NioEventLoop.java:458)
	at org.apache.ratis.thirdparty.io.netty.util.concurrent.SingleThreadEventExecutor$5.run(SingleThreadEventExecutor.java:897)
	at org.apache.ratis.thirdparty.io.netty.util.concurrent.FastThreadLocalRunnable.run(FastThreadLocalRunnable.java:30)
	... 1 more
Caused by: java.net.ConnectException: Connection refused
	... 11 more
2019-07-14 16:22:51,728 INFO  impl.LeaderElection (LogUtils.java:infoOrTrace(149)) - e24d1a06-db8f-4c4a-ba2f-121659705693:group-E6D7D00590BF:LeaderElection12 got exception when requesting votes: {}
java.util.concurrent.ExecutionException: org.apache.ratis.thirdparty.io.grpc.StatusRuntimeException: UNAVAILABLE: io exception
	at java.util.concurrent.FutureTask.report(FutureTask.java:122)
	at java.util.concurrent.FutureTask.get(FutureTask.java:192)
	at org.apache.ratis.server.impl.LeaderElection.waitForResults(LeaderElection.java:262)
	at org.apache.ratis.server.impl.LeaderElection.askForVotes(LeaderElection.java:200)
	at org.apache.ratis.server.impl.LeaderElection.run(LeaderElection.java:130)
	at java.lang.Thread.run(Thread.java:748)
Caused by: org.apache.ratis.thirdparty.io.grpc.StatusRuntimeException: UNAVAILABLE: io exception
	at org.apache.ratis.thirdparty.io.grpc.stub.ClientCalls.toStatusRuntimeException(ClientCalls.java:233)
	at org.apache.ratis.thirdparty.io.grpc.stub.ClientCalls.getUnchecked(ClientCalls.java:214)
	at org.apache.ratis.thirdparty.io.grpc.stub.ClientCalls.blockingUnaryCall(ClientCalls.java:139)
	at org.apache.ratis.proto.grpc.RaftServerProtocolServiceGrpc$RaftServerProtocolServiceBlockingStub.requestVote(RaftServerProtocolServiceGrpc.java:265)
	at org.apache.ratis.grpc.server.GrpcServerProtocolClient.requestVote(GrpcServerProtocolClient.java:83)
	at org.apache.ratis.grpc.server.GrpcService.requestVote(GrpcService.java:195)
	at org.apache.ratis.server.impl.LeaderElection.lambda$submitRequests$1(LeaderElection.java:237)
	at java.util.concurrent.FutureTask.run(FutureTask.java:266)
	at java.util.concurrent.Executors$RunnableAdapter.call(Executors.java:511)
	at java.util.concurrent.FutureTask.run(FutureTask.java:266)
	at java.util.concurrent.ThreadPoolExecutor.runWorker(ThreadPoolExecutor.java:1149)
	at java.util.concurrent.ThreadPoolExecutor$Worker.run(ThreadPoolExecutor.java:624)
	... 1 more
Caused by: org.apache.ratis.thirdparty.io.netty.channel.AbstractChannel$AnnotatedConnectException: Connection refused: /192.168.69.77:41737
	at sun.nio.ch.SocketChannelImpl.checkConnect(Native Method)
	at sun.nio.ch.SocketChannelImpl.finishConnect(SocketChannelImpl.java:717)
	at org.apache.ratis.thirdparty.io.netty.channel.socket.nio.NioSocketChannel.doFinishConnect(NioSocketChannel.java:327)
	at org.apache.ratis.thirdparty.io.netty.channel.nio.AbstractNioChannel$AbstractNioUnsafe.finishConnect(AbstractNioChannel.java:340)
	at org.apache.ratis.thirdparty.io.netty.channel.nio.NioEventLoop.processSelectedKey(NioEventLoop.java:632)
	at org.apache.ratis.thirdparty.io.netty.channel.nio.NioEventLoop.processSelectedKeysOptimized(NioEventLoop.java:579)
	at org.apache.ratis.thirdparty.io.netty.channel.nio.NioEventLoop.processSelectedKeys(NioEventLoop.java:496)
	at org.apache.ratis.thirdparty.io.netty.channel.nio.NioEventLoop.run(NioEventLoop.java:458)
	at org.apache.ratis.thirdparty.io.netty.util.concurrent.SingleThreadEventExecutor$5.run(SingleThreadEventExecutor.java:897)
	at org.apache.ratis.thirdparty.io.netty.util.concurrent.FastThreadLocalRunnable.run(FastThreadLocalRunnable.java:30)
	... 1 more
Caused by: java.net.ConnectException: Connection refused
	... 11 more
2019-07-14 16:22:51,731 INFO  impl.LeaderElection (LeaderElection.java:logAndReturn(56)) - e24d1a06-db8f-4c4a-ba2f-121659705693:group-E6D7D00590BF:LeaderElection12: Election REJECTED; received 0 response(s) [] and 2 exception(s); e24d1a06-db8f-4c4a-ba2f-121659705693:t2, leader=null, voted=e24d1a06-db8f-4c4a-ba2f-121659705693, raftlog=e24d1a06-db8f-4c4a-ba2f-121659705693-SegmentedRaftLog:OPENED:c16,f16,i16, conf=0: [259243b9-6039-42e3-b80f-634026e5286a:192.168.69.77:32780, 60c56bdf-da6a-42ae-8761-33eb5f16d091:192.168.69.77:41737, e24d1a06-db8f-4c4a-ba2f-121659705693:192.168.69.77:36269], old=null
2019-07-14 16:22:51,731 INFO  impl.LeaderElection (LogUtils.java:infoOrTrace(149)) -   Exception 0: {}
java.util.concurrent.ExecutionException: org.apache.ratis.thirdparty.io.grpc.StatusRuntimeException: UNAVAILABLE: io exception
	at java.util.concurrent.FutureTask.report(FutureTask.java:122)
	at java.util.concurrent.FutureTask.get(FutureTask.java:192)
	at org.apache.ratis.server.impl.LeaderElection.waitForResults(LeaderElection.java:262)
	at org.apache.ratis.server.impl.LeaderElection.askForVotes(LeaderElection.java:200)
	at org.apache.ratis.server.impl.LeaderElection.run(LeaderElection.java:130)
	at java.lang.Thread.run(Thread.java:748)
Caused by: org.apache.ratis.thirdparty.io.grpc.StatusRuntimeException: UNAVAILABLE: io exception
	at org.apache.ratis.thirdparty.io.grpc.stub.ClientCalls.toStatusRuntimeException(ClientCalls.java:233)
	at org.apache.ratis.thirdparty.io.grpc.stub.ClientCalls.getUnchecked(ClientCalls.java:214)
	at org.apache.ratis.thirdparty.io.grpc.stub.ClientCalls.blockingUnaryCall(ClientCalls.java:139)
	at org.apache.ratis.proto.grpc.RaftServerProtocolServiceGrpc$RaftServerProtocolServiceBlockingStub.requestVote(RaftServerProtocolServiceGrpc.java:265)
	at org.apache.ratis.grpc.server.GrpcServerProtocolClient.requestVote(GrpcServerProtocolClient.java:83)
	at org.apache.ratis.grpc.server.GrpcService.requestVote(GrpcService.java:195)
	at org.apache.ratis.server.impl.LeaderElection.lambda$submitRequests$1(LeaderElection.java:237)
	at java.util.concurrent.FutureTask.run(FutureTask.java:266)
	at java.util.concurrent.Executors$RunnableAdapter.call(Executors.java:511)
	at java.util.concurrent.FutureTask.run(FutureTask.java:266)
	at java.util.concurrent.ThreadPoolExecutor.runWorker(ThreadPoolExecutor.java:1149)
	at java.util.concurrent.ThreadPoolExecutor$Worker.run(ThreadPoolExecutor.java:624)
	... 1 more
Caused by: org.apache.ratis.thirdparty.io.netty.channel.AbstractChannel$AnnotatedConnectException: Connection refused: /192.168.69.77:32780
	at sun.nio.ch.SocketChannelImpl.checkConnect(Native Method)
	at sun.nio.ch.SocketChannelImpl.finishConnect(SocketChannelImpl.java:717)
	at org.apache.ratis.thirdparty.io.netty.channel.socket.nio.NioSocketChannel.doFinishConnect(NioSocketChannel.java:327)
	at org.apache.ratis.thirdparty.io.netty.channel.nio.AbstractNioChannel$AbstractNioUnsafe.finishConnect(AbstractNioChannel.java:340)
	at org.apache.ratis.thirdparty.io.netty.channel.nio.NioEventLoop.processSelectedKey(NioEventLoop.java:632)
	at org.apache.ratis.thirdparty.io.netty.channel.nio.NioEventLoop.processSelectedKeysOptimized(NioEventLoop.java:579)
	at org.apache.ratis.thirdparty.io.netty.channel.nio.NioEventLoop.processSelectedKeys(NioEventLoop.java:496)
	at org.apache.ratis.thirdparty.io.netty.channel.nio.NioEventLoop.run(NioEventLoop.java:458)
	at org.apache.ratis.thirdparty.io.netty.util.concurrent.SingleThreadEventExecutor$5.run(SingleThreadEventExecutor.java:897)
	at org.apache.ratis.thirdparty.io.netty.util.concurrent.FastThreadLocalRunnable.run(FastThreadLocalRunnable.java:30)
	... 1 more
Caused by: java.net.ConnectException: Connection refused
	... 11 more
2019-07-14 16:22:51,732 INFO  impl.LeaderElection (LogUtils.java:infoOrTrace(149)) -   Exception 1: {}
java.util.concurrent.ExecutionException: org.apache.ratis.thirdparty.io.grpc.StatusRuntimeException: UNAVAILABLE: io exception
	at java.util.concurrent.FutureTask.report(FutureTask.java:122)
	at java.util.concurrent.FutureTask.get(FutureTask.java:192)
	at org.apache.ratis.server.impl.LeaderElection.waitForResults(LeaderElection.java:262)
	at org.apache.ratis.server.impl.LeaderElection.askForVotes(LeaderElection.java:200)
	at org.apache.ratis.server.impl.LeaderElection.run(LeaderElection.java:130)
	at java.lang.Thread.run(Thread.java:748)
Caused by: org.apache.ratis.thirdparty.io.grpc.StatusRuntimeException: UNAVAILABLE: io exception
	at org.apache.ratis.thirdparty.io.grpc.stub.ClientCalls.toStatusRuntimeException(ClientCalls.java:233)
	at org.apache.ratis.thirdparty.io.grpc.stub.ClientCalls.getUnchecked(ClientCalls.java:214)
	at org.apache.ratis.thirdparty.io.grpc.stub.ClientCalls.blockingUnaryCall(ClientCalls.java:139)
	at org.apache.ratis.proto.grpc.RaftServerProtocolServiceGrpc$RaftServerProtocolServiceBlockingStub.requestVote(RaftServerProtocolServiceGrpc.java:265)
	at org.apache.ratis.grpc.server.GrpcServerProtocolClient.requestVote(GrpcServerProtocolClient.java:83)
	at org.apache.ratis.grpc.server.GrpcService.requestVote(GrpcService.java:195)
	at org.apache.ratis.server.impl.LeaderElection.lambda$submitRequests$1(LeaderElection.java:237)
	at java.util.concurrent.FutureTask.run(FutureTask.java:266)
	at java.util.concurrent.Executors$RunnableAdapter.call(Executors.java:511)
	at java.util.concurrent.FutureTask.run(FutureTask.java:266)
	at java.util.concurrent.ThreadPoolExecutor.runWorker(ThreadPoolExecutor.java:1149)
	at java.util.concurrent.ThreadPoolExecutor$Worker.run(ThreadPoolExecutor.java:624)
	... 1 more
Caused by: org.apache.ratis.thirdparty.io.netty.channel.AbstractChannel$AnnotatedConnectException: Connection refused: /192.168.69.77:41737
	at sun.nio.ch.SocketChannelImpl.checkConnect(Native Method)
	at sun.nio.ch.SocketChannelImpl.finishConnect(SocketChannelImpl.java:717)
	at org.apache.ratis.thirdparty.io.netty.channel.socket.nio.NioSocketChannel.doFinishConnect(NioSocketChannel.java:327)
	at org.apache.ratis.thirdparty.io.netty.channel.nio.AbstractNioChannel$AbstractNioUnsafe.finishConnect(AbstractNioChannel.java:340)
	at org.apache.ratis.thirdparty.io.netty.channel.nio.NioEventLoop.processSelectedKey(NioEventLoop.java:632)
	at org.apache.ratis.thirdparty.io.netty.channel.nio.NioEventLoop.processSelectedKeysOptimized(NioEventLoop.java:579)
	at org.apache.ratis.thirdparty.io.netty.channel.nio.NioEventLoop.processSelectedKeys(NioEventLoop.java:496)
	at org.apache.ratis.thirdparty.io.netty.channel.nio.NioEventLoop.run(NioEventLoop.java:458)
	at org.apache.ratis.thirdparty.io.netty.util.concurrent.SingleThreadEventExecutor$5.run(SingleThreadEventExecutor.java:897)
	at org.apache.ratis.thirdparty.io.netty.util.concurrent.FastThreadLocalRunnable.run(FastThreadLocalRunnable.java:30)
	... 1 more
Caused by: java.net.ConnectException: Connection refused
	... 11 more
2019-07-14 16:22:51,733 INFO  impl.RaftServerImpl (RaftServerImpl.java:setRole(171)) - e24d1a06-db8f-4c4a-ba2f-121659705693:group-E6D7D00590BF changes role from CANDIDATE to FOLLOWER at term 2 for DISCOVERED_A_NEW_TERM
2019-07-14 16:22:51,734 INFO  impl.RoleInfo (RoleInfo.java:shutdownLeaderElection(134)) - e24d1a06-db8f-4c4a-ba2f-121659705693: shutdown LeaderElection
2019-07-14 16:22:51,735 INFO  impl.RoleInfo (RoleInfo.java:updateAndGet(143)) - e24d1a06-db8f-4c4a-ba2f-121659705693: start FollowerState
2019-07-14 16:22:53,137 INFO  client.GrpcClientProtocolClient (GrpcClientProtocolClient.java:onNext(255)) - client-97F3A1C803B3->e24d1a06-db8f-4c4a-ba2f-121659705693: receive RaftClientReply:client-97F3A1C803B3->e24d1a06-db8f-4c4a-ba2f-121659705693@group-E6D7D00590BF, cid=22, FAILED org.apache.ratis.protocol.NotLeaderException: Server e24d1a06-db8f-4c4a-ba2f-121659705693 is not the leader (null). Request must be sent to leader., logIndex=0, commits[e24d1a06-db8f-4c4a-ba2f-121659705693:c16, 259243b9-6039-42e3-b80f-634026e5286a:c16, 60c56bdf-da6a-42ae-8761-33eb5f16d091:c16]
2019-07-14 16:22:56,832 INFO  impl.FollowerState (FollowerState.java:run(106)) - e24d1a06-db8f-4c4a-ba2f-121659705693:group-E6D7D00590BF changes to CANDIDATE, lastRpcTime:5097, electionTimeout:5095ms
2019-07-14 16:22:56,832 INFO  impl.RoleInfo (RoleInfo.java:shutdownFollowerState(121)) - e24d1a06-db8f-4c4a-ba2f-121659705693: shutdown FollowerState
2019-07-14 16:22:56,832 INFO  impl.RaftServerImpl (RaftServerImpl.java:setRole(171)) - e24d1a06-db8f-4c4a-ba2f-121659705693:group-E6D7D00590BF changes role from FOLLOWER to CANDIDATE at term 2 for changeToCandidate
2019-07-14 16:22:56,833 INFO  impl.RoleInfo (RoleInfo.java:updateAndGet(143)) - e24d1a06-db8f-4c4a-ba2f-121659705693: start LeaderElection
2019-07-14 16:22:56,850 INFO  impl.LeaderElection (LeaderElection.java:askForVotes(181)) - e24d1a06-db8f-4c4a-ba2f-121659705693:group-E6D7D00590BF:LeaderElection13: begin an election at term 3 for 0: [259243b9-6039-42e3-b80f-634026e5286a:192.168.69.77:32780, 60c56bdf-da6a-42ae-8761-33eb5f16d091:192.168.69.77:41737, e24d1a06-db8f-4c4a-ba2f-121659705693:192.168.69.77:36269], old=null
2019-07-14 16:22:56,854 INFO  impl.LeaderElection (LogUtils.java:infoOrTrace(149)) - e24d1a06-db8f-4c4a-ba2f-121659705693:group-E6D7D00590BF:LeaderElection13 got exception when requesting votes: {}
java.util.concurrent.ExecutionException: org.apache.ratis.thirdparty.io.grpc.StatusRuntimeException: UNAVAILABLE: io exception
	at java.util.concurrent.FutureTask.report(FutureTask.java:122)
	at java.util.concurrent.FutureTask.get(FutureTask.java:192)
	at org.apache.ratis.server.impl.LeaderElection.waitForResults(LeaderElection.java:262)
	at org.apache.ratis.server.impl.LeaderElection.askForVotes(LeaderElection.java:200)
	at org.apache.ratis.server.impl.LeaderElection.run(LeaderElection.java:130)
	at java.lang.Thread.run(Thread.java:748)
Caused by: org.apache.ratis.thirdparty.io.grpc.StatusRuntimeException: UNAVAILABLE: io exception
	at org.apache.ratis.thirdparty.io.grpc.stub.ClientCalls.toStatusRuntimeException(ClientCalls.java:233)
	at org.apache.ratis.thirdparty.io.grpc.stub.ClientCalls.getUnchecked(ClientCalls.java:214)
	at org.apache.ratis.thirdparty.io.grpc.stub.ClientCalls.blockingUnaryCall(ClientCalls.java:139)
	at org.apache.ratis.proto.grpc.RaftServerProtocolServiceGrpc$RaftServerProtocolServiceBlockingStub.requestVote(RaftServerProtocolServiceGrpc.java:265)
	at org.apache.ratis.grpc.server.GrpcServerProtocolClient.requestVote(GrpcServerProtocolClient.java:83)
	at org.apache.ratis.grpc.server.GrpcService.requestVote(GrpcService.java:195)
	at org.apache.ratis.server.impl.LeaderElection.lambda$submitRequests$1(LeaderElection.java:237)
	at java.util.concurrent.FutureTask.run(FutureTask.java:266)
	at java.util.concurrent.Executors$RunnableAdapter.call(Executors.java:511)
	at java.util.concurrent.FutureTask.run(FutureTask.java:266)
	at java.util.concurrent.ThreadPoolExecutor.runWorker(ThreadPoolExecutor.java:1149)
	at java.util.concurrent.ThreadPoolExecutor$Worker.run(ThreadPoolExecutor.java:624)
	... 1 more
Caused by: org.apache.ratis.thirdparty.io.netty.channel.AbstractChannel$AnnotatedConnectException: Connection refused: /192.168.69.77:32780
	at sun.nio.ch.SocketChannelImpl.checkConnect(Native Method)
	at sun.nio.ch.SocketChannelImpl.finishConnect(SocketChannelImpl.java:717)
	at org.apache.ratis.thirdparty.io.netty.channel.socket.nio.NioSocketChannel.doFinishConnect(NioSocketChannel.java:327)
	at org.apache.ratis.thirdparty.io.netty.channel.nio.AbstractNioChannel$AbstractNioUnsafe.finishConnect(AbstractNioChannel.java:340)
	at org.apache.ratis.thirdparty.io.netty.channel.nio.NioEventLoop.processSelectedKey(NioEventLoop.java:632)
	at org.apache.ratis.thirdparty.io.netty.channel.nio.NioEventLoop.processSelectedKeysOptimized(NioEventLoop.java:579)
	at org.apache.ratis.thirdparty.io.netty.channel.nio.NioEventLoop.processSelectedKeys(NioEventLoop.java:496)
	at org.apache.ratis.thirdparty.io.netty.channel.nio.NioEventLoop.run(NioEventLoop.java:458)
	at org.apache.ratis.thirdparty.io.netty.util.concurrent.SingleThreadEventExecutor$5.run(SingleThreadEventExecutor.java:897)
	at org.apache.ratis.thirdparty.io.netty.util.concurrent.FastThreadLocalRunnable.run(FastThreadLocalRunnable.java:30)
	... 1 more
Caused by: java.net.ConnectException: Connection refused
	... 11 more
2019-07-14 16:22:56,859 INFO  impl.LeaderElection (LogUtils.java:infoOrTrace(149)) - e24d1a06-db8f-4c4a-ba2f-121659705693:group-E6D7D00590BF:LeaderElection13 got exception when requesting votes: {}
java.util.concurrent.ExecutionException: org.apache.ratis.thirdparty.io.grpc.StatusRuntimeException: UNAVAILABLE: io exception
	at java.util.concurrent.FutureTask.report(FutureTask.java:122)
	at java.util.concurrent.FutureTask.get(FutureTask.java:192)
	at org.apache.ratis.server.impl.LeaderElection.waitForResults(LeaderElection.java:262)
	at org.apache.ratis.server.impl.LeaderElection.askForVotes(LeaderElection.java:200)
	at org.apache.ratis.server.impl.LeaderElection.run(LeaderElection.java:130)
	at java.lang.Thread.run(Thread.java:748)
Caused by: org.apache.ratis.thirdparty.io.grpc.StatusRuntimeException: UNAVAILABLE: io exception
	at org.apache.ratis.thirdparty.io.grpc.stub.ClientCalls.toStatusRuntimeException(ClientCalls.java:233)
	at org.apache.ratis.thirdparty.io.grpc.stub.ClientCalls.getUnchecked(ClientCalls.java:214)
	at org.apache.ratis.thirdparty.io.grpc.stub.ClientCalls.blockingUnaryCall(ClientCalls.java:139)
	at org.apache.ratis.proto.grpc.RaftServerProtocolServiceGrpc$RaftServerProtocolServiceBlockingStub.requestVote(RaftServerProtocolServiceGrpc.java:265)
	at org.apache.ratis.grpc.server.GrpcServerProtocolClient.requestVote(GrpcServerProtocolClient.java:83)
	at org.apache.ratis.grpc.server.GrpcService.requestVote(GrpcService.java:195)
	at org.apache.ratis.server.impl.LeaderElection.lambda$submitRequests$1(LeaderElection.java:237)
	at java.util.concurrent.FutureTask.run(FutureTask.java:266)
	at java.util.concurrent.Executors$RunnableAdapter.call(Executors.java:511)
	at java.util.concurrent.FutureTask.run(FutureTask.java:266)
	at java.util.concurrent.ThreadPoolExecutor.runWorker(ThreadPoolExecutor.java:1149)
	at java.util.concurrent.ThreadPoolExecutor$Worker.run(ThreadPoolExecutor.java:624)
	... 1 more
Caused by: org.apache.ratis.thirdparty.io.netty.channel.AbstractChannel$AnnotatedConnectException: Connection refused: /192.168.69.77:41737
	at sun.nio.ch.SocketChannelImpl.checkConnect(Native Method)
	at sun.nio.ch.SocketChannelImpl.finishConnect(SocketChannelImpl.java:717)
	at org.apache.ratis.thirdparty.io.netty.channel.socket.nio.NioSocketChannel.doFinishConnect(NioSocketChannel.java:327)
	at org.apache.ratis.thirdparty.io.netty.channel.nio.AbstractNioChannel$AbstractNioUnsafe.finishConnect(AbstractNioChannel.java:340)
	at org.apache.ratis.thirdparty.io.netty.channel.nio.NioEventLoop.processSelectedKey(NioEventLoop.java:632)
	at org.apache.ratis.thirdparty.io.netty.channel.nio.NioEventLoop.processSelectedKeysOptimized(NioEventLoop.java:579)
	at org.apache.ratis.thirdparty.io.netty.channel.nio.NioEventLoop.processSelectedKeys(NioEventLoop.java:496)
	at org.apache.ratis.thirdparty.io.netty.channel.nio.NioEventLoop.run(NioEventLoop.java:458)
	at org.apache.ratis.thirdparty.io.netty.util.concurrent.SingleThreadEventExecutor$5.run(SingleThreadEventExecutor.java:897)
	at org.apache.ratis.thirdparty.io.netty.util.concurrent.FastThreadLocalRunnable.run(FastThreadLocalRunnable.java:30)
	... 1 more
Caused by: java.net.ConnectException: Connection refused
	... 11 more
2019-07-14 16:22:56,861 INFO  impl.LeaderElection (LeaderElection.java:logAndReturn(56)) - e24d1a06-db8f-4c4a-ba2f-121659705693:group-E6D7D00590BF:LeaderElection13: Election REJECTED; received 0 response(s) [] and 2 exception(s); e24d1a06-db8f-4c4a-ba2f-121659705693:t3, leader=null, voted=e24d1a06-db8f-4c4a-ba2f-121659705693, raftlog=e24d1a06-db8f-4c4a-ba2f-121659705693-SegmentedRaftLog:OPENED:c16,f16,i16, conf=0: [259243b9-6039-42e3-b80f-634026e5286a:192.168.69.77:32780, 60c56bdf-da6a-42ae-8761-33eb5f16d091:192.168.69.77:41737, e24d1a06-db8f-4c4a-ba2f-121659705693:192.168.69.77:36269], old=null
2019-07-14 16:22:56,861 INFO  impl.LeaderElection (LogUtils.java:infoOrTrace(149)) -   Exception 0: {}
java.util.concurrent.ExecutionException: org.apache.ratis.thirdparty.io.grpc.StatusRuntimeException: UNAVAILABLE: io exception
	at java.util.concurrent.FutureTask.report(FutureTask.java:122)
	at java.util.concurrent.FutureTask.get(FutureTask.java:192)
	at org.apache.ratis.server.impl.LeaderElection.waitForResults(LeaderElection.java:262)
	at org.apache.ratis.server.impl.LeaderElection.askForVotes(LeaderElection.java:200)
	at org.apache.ratis.server.impl.LeaderElection.run(LeaderElection.java:130)
	at java.lang.Thread.run(Thread.java:748)
Caused by: org.apache.ratis.thirdparty.io.grpc.StatusRuntimeException: UNAVAILABLE: io exception
	at org.apache.ratis.thirdparty.io.grpc.stub.ClientCalls.toStatusRuntimeException(ClientCalls.java:233)
	at org.apache.ratis.thirdparty.io.grpc.stub.ClientCalls.getUnchecked(ClientCalls.java:214)
	at org.apache.ratis.thirdparty.io.grpc.stub.ClientCalls.blockingUnaryCall(ClientCalls.java:139)
	at org.apache.ratis.proto.grpc.RaftServerProtocolServiceGrpc$RaftServerProtocolServiceBlockingStub.requestVote(RaftServerProtocolServiceGrpc.java:265)
	at org.apache.ratis.grpc.server.GrpcServerProtocolClient.requestVote(GrpcServerProtocolClient.java:83)
	at org.apache.ratis.grpc.server.GrpcService.requestVote(GrpcService.java:195)
	at org.apache.ratis.server.impl.LeaderElection.lambda$submitRequests$1(LeaderElection.java:237)
	at java.util.concurrent.FutureTask.run(FutureTask.java:266)
	at java.util.concurrent.Executors$RunnableAdapter.call(Executors.java:511)
	at java.util.concurrent.FutureTask.run(FutureTask.java:266)
	at java.util.concurrent.ThreadPoolExecutor.runWorker(ThreadPoolExecutor.java:1149)
	at java.util.concurrent.ThreadPoolExecutor$Worker.run(ThreadPoolExecutor.java:624)
	... 1 more
Caused by: org.apache.ratis.thirdparty.io.netty.channel.AbstractChannel$AnnotatedConnectException: Connection refused: /192.168.69.77:32780
	at sun.nio.ch.SocketChannelImpl.checkConnect(Native Method)
	at sun.nio.ch.SocketChannelImpl.finishConnect(SocketChannelImpl.java:717)
	at org.apache.ratis.thirdparty.io.netty.channel.socket.nio.NioSocketChannel.doFinishConnect(NioSocketChannel.java:327)
	at org.apache.ratis.thirdparty.io.netty.channel.nio.AbstractNioChannel$AbstractNioUnsafe.finishConnect(AbstractNioChannel.java:340)
	at org.apache.ratis.thirdparty.io.netty.channel.nio.NioEventLoop.processSelectedKey(NioEventLoop.java:632)
	at org.apache.ratis.thirdparty.io.netty.channel.nio.NioEventLoop.processSelectedKeysOptimized(NioEventLoop.java:579)
	at org.apache.ratis.thirdparty.io.netty.channel.nio.NioEventLoop.processSelectedKeys(NioEventLoop.java:496)
	at org.apache.ratis.thirdparty.io.netty.channel.nio.NioEventLoop.run(NioEventLoop.java:458)
	at org.apache.ratis.thirdparty.io.netty.util.concurrent.SingleThreadEventExecutor$5.run(SingleThreadEventExecutor.java:897)
	at org.apache.ratis.thirdparty.io.netty.util.concurrent.FastThreadLocalRunnable.run(FastThreadLocalRunnable.java:30)
	... 1 more
Caused by: java.net.ConnectException: Connection refused
	... 11 more
2019-07-14 16:22:56,862 INFO  impl.LeaderElection (LogUtils.java:infoOrTrace(149)) -   Exception 1: {}
java.util.concurrent.ExecutionException: org.apache.ratis.thirdparty.io.grpc.StatusRuntimeException: UNAVAILABLE: io exception
	at java.util.concurrent.FutureTask.report(FutureTask.java:122)
	at java.util.concurrent.FutureTask.get(FutureTask.java:192)
	at org.apache.ratis.server.impl.LeaderElection.waitForResults(LeaderElection.java:262)
	at org.apache.ratis.server.impl.LeaderElection.askForVotes(LeaderElection.java:200)
	at org.apache.ratis.server.impl.LeaderElection.run(LeaderElection.java:130)
	at java.lang.Thread.run(Thread.java:748)
Caused by: org.apache.ratis.thirdparty.io.grpc.StatusRuntimeException: UNAVAILABLE: io exception
	at org.apache.ratis.thirdparty.io.grpc.stub.ClientCalls.toStatusRuntimeException(ClientCalls.java:233)
	at org.apache.ratis.thirdparty.io.grpc.stub.ClientCalls.getUnchecked(ClientCalls.java:214)
	at org.apache.ratis.thirdparty.io.grpc.stub.ClientCalls.blockingUnaryCall(ClientCalls.java:139)
	at org.apache.ratis.proto.grpc.RaftServerProtocolServiceGrpc$RaftServerProtocolServiceBlockingStub.requestVote(RaftServerProtocolServiceGrpc.java:265)
	at org.apache.ratis.grpc.server.GrpcServerProtocolClient.requestVote(GrpcServerProtocolClient.java:83)
	at org.apache.ratis.grpc.server.GrpcService.requestVote(GrpcService.java:195)
	at org.apache.ratis.server.impl.LeaderElection.lambda$submitRequests$1(LeaderElection.java:237)
	at java.util.concurrent.FutureTask.run(FutureTask.java:266)
	at java.util.concurrent.Executors$RunnableAdapter.call(Executors.java:511)
	at java.util.concurrent.FutureTask.run(FutureTask.java:266)
	at java.util.concurrent.ThreadPoolExecutor.runWorker(ThreadPoolExecutor.java:1149)
	at java.util.concurrent.ThreadPoolExecutor$Worker.run(ThreadPoolExecutor.java:624)
	... 1 more
Caused by: org.apache.ratis.thirdparty.io.netty.channel.AbstractChannel$AnnotatedConnectException: Connection refused: /192.168.69.77:41737
	at sun.nio.ch.SocketChannelImpl.checkConnect(Native Method)
	at sun.nio.ch.SocketChannelImpl.finishConnect(SocketChannelImpl.java:717)
	at org.apache.ratis.thirdparty.io.netty.channel.socket.nio.NioSocketChannel.doFinishConnect(NioSocketChannel.java:327)
	at org.apache.ratis.thirdparty.io.netty.channel.nio.AbstractNioChannel$AbstractNioUnsafe.finishConnect(AbstractNioChannel.java:340)
	at org.apache.ratis.thirdparty.io.netty.channel.nio.NioEventLoop.processSelectedKey(NioEventLoop.java:632)
	at org.apache.ratis.thirdparty.io.netty.channel.nio.NioEventLoop.processSelectedKeysOptimized(NioEventLoop.java:579)
	at org.apache.ratis.thirdparty.io.netty.channel.nio.NioEventLoop.processSelectedKeys(NioEventLoop.java:496)
	at org.apache.ratis.thirdparty.io.netty.channel.nio.NioEventLoop.run(NioEventLoop.java:458)
	at org.apache.ratis.thirdparty.io.netty.util.concurrent.SingleThreadEventExecutor$5.run(SingleThreadEventExecutor.java:897)
	at org.apache.ratis.thirdparty.io.netty.util.concurrent.FastThreadLocalRunnable.run(FastThreadLocalRunnable.java:30)
	... 1 more
Caused by: java.net.ConnectException: Connection refused
	... 11 more
2019-07-14 16:22:56,864 INFO  impl.RaftServerImpl (RaftServerImpl.java:setRole(171)) - e24d1a06-db8f-4c4a-ba2f-121659705693:group-E6D7D00590BF changes role from CANDIDATE to FOLLOWER at term 3 for DISCOVERED_A_NEW_TERM
2019-07-14 16:22:56,866 INFO  impl.RoleInfo (RoleInfo.java:shutdownLeaderElection(134)) - e24d1a06-db8f-4c4a-ba2f-121659705693: shutdown LeaderElection
2019-07-14 16:22:56,866 INFO  impl.RoleInfo (RoleInfo.java:updateAndGet(143)) - e24d1a06-db8f-4c4a-ba2f-121659705693: start FollowerState
2019-07-14 16:22:59,228 INFO  client.GrpcClientProtocolClient (GrpcClientProtocolClient.java:onNext(255)) - client-97F3A1C803B3->e24d1a06-db8f-4c4a-ba2f-121659705693: receive RaftClientReply:client-97F3A1C803B3->e24d1a06-db8f-4c4a-ba2f-121659705693@group-E6D7D00590BF, cid=22, FAILED org.apache.ratis.protocol.NotLeaderException: Server e24d1a06-db8f-4c4a-ba2f-121659705693 is not the leader (null). Request must be sent to leader., logIndex=0, commits[e24d1a06-db8f-4c4a-ba2f-121659705693:c16, 259243b9-6039-42e3-b80f-634026e5286a:c16, 60c56bdf-da6a-42ae-8761-33eb5f16d091:c16]
2019-07-14 16:23:01,279 INFO  client.GrpcClientProtocolClient (GrpcClientProtocolClient.java:onNext(255)) - client-97F3A1C803B3->e24d1a06-db8f-4c4a-ba2f-121659705693: receive RaftClientReply:client-97F3A1C803B3->e24d1a06-db8f-4c4a-ba2f-121659705693@group-E6D7D00590BF, cid=22, FAILED org.apache.ratis.protocol.NotLeaderException: Server e24d1a06-db8f-4c4a-ba2f-121659705693 is not the leader (null). Request must be sent to leader., logIndex=0, commits[e24d1a06-db8f-4c4a-ba2f-121659705693:c16, 259243b9-6039-42e3-b80f-634026e5286a:c16, 60c56bdf-da6a-42ae-8761-33eb5f16d091:c16]
2019-07-14 16:23:02,011 INFO  impl.FollowerState (FollowerState.java:run(106)) - e24d1a06-db8f-4c4a-ba2f-121659705693:group-E6D7D00590BF changes to CANDIDATE, lastRpcTime:5144, electionTimeout:5142ms
2019-07-14 16:23:02,011 INFO  impl.RoleInfo (RoleInfo.java:shutdownFollowerState(121)) - e24d1a06-db8f-4c4a-ba2f-121659705693: shutdown FollowerState
2019-07-14 16:23:02,012 INFO  impl.RaftServerImpl (RaftServerImpl.java:setRole(171)) - e24d1a06-db8f-4c4a-ba2f-121659705693:group-E6D7D00590BF changes role from FOLLOWER to CANDIDATE at term 3 for changeToCandidate
2019-07-14 16:23:02,012 INFO  impl.RoleInfo (RoleInfo.java:updateAndGet(143)) - e24d1a06-db8f-4c4a-ba2f-121659705693: start LeaderElection
2019-07-14 16:23:02,035 INFO  impl.LeaderElection (LeaderElection.java:askForVotes(181)) - e24d1a06-db8f-4c4a-ba2f-121659705693:group-E6D7D00590BF:LeaderElection14: begin an election at term 4 for 0: [259243b9-6039-42e3-b80f-634026e5286a:192.168.69.77:32780, 60c56bdf-da6a-42ae-8761-33eb5f16d091:192.168.69.77:41737, e24d1a06-db8f-4c4a-ba2f-121659705693:192.168.69.77:36269], old=null
2019-07-14 16:23:02,037 INFO  impl.LeaderElection (LogUtils.java:infoOrTrace(149)) - e24d1a06-db8f-4c4a-ba2f-121659705693:group-E6D7D00590BF:LeaderElection14 got exception when requesting votes: {}
java.util.concurrent.ExecutionException: org.apache.ratis.thirdparty.io.grpc.StatusRuntimeException: UNAVAILABLE: io exception
	at java.util.concurrent.FutureTask.report(FutureTask.java:122)
	at java.util.concurrent.FutureTask.get(FutureTask.java:192)
	at org.apache.ratis.server.impl.LeaderElection.waitForResults(LeaderElection.java:262)
	at org.apache.ratis.server.impl.LeaderElection.askForVotes(LeaderElection.java:200)
	at org.apache.ratis.server.impl.LeaderElection.run(LeaderElection.java:130)
	at java.lang.Thread.run(Thread.java:748)
Caused by: org.apache.ratis.thirdparty.io.grpc.StatusRuntimeException: UNAVAILABLE: io exception
	at org.apache.ratis.thirdparty.io.grpc.stub.ClientCalls.toStatusRuntimeException(ClientCalls.java:233)
	at org.apache.ratis.thirdparty.io.grpc.stub.ClientCalls.getUnchecked(ClientCalls.java:214)
	at org.apache.ratis.thirdparty.io.grpc.stub.ClientCalls.blockingUnaryCall(ClientCalls.java:139)
	at org.apache.ratis.proto.grpc.RaftServerProtocolServiceGrpc$RaftServerProtocolServiceBlockingStub.requestVote(RaftServerProtocolServiceGrpc.java:265)
	at org.apache.ratis.grpc.server.GrpcServerProtocolClient.requestVote(GrpcServerProtocolClient.java:83)
	at org.apache.ratis.grpc.server.GrpcService.requestVote(GrpcService.java:195)
	at org.apache.ratis.server.impl.LeaderElection.lambda$submitRequests$1(LeaderElection.java:237)
	at java.util.concurrent.FutureTask.run(FutureTask.java:266)
	at java.util.concurrent.Executors$RunnableAdapter.call(Executors.java:511)
	at java.util.concurrent.FutureTask.run(FutureTask.java:266)
	at java.util.concurrent.ThreadPoolExecutor.runWorker(ThreadPoolExecutor.java:1149)
	at java.util.concurrent.ThreadPoolExecutor$Worker.run(ThreadPoolExecutor.java:624)
	... 1 more
Caused by: org.apache.ratis.thirdparty.io.netty.channel.AbstractChannel$AnnotatedConnectException: Connection refused: /192.168.69.77:41737
	at sun.nio.ch.SocketChannelImpl.checkConnect(Native Method)
	at sun.nio.ch.SocketChannelImpl.finishConnect(SocketChannelImpl.java:717)
	at org.apache.ratis.thirdparty.io.netty.channel.socket.nio.NioSocketChannel.doFinishConnect(NioSocketChannel.java:327)
	at org.apache.ratis.thirdparty.io.netty.channel.nio.AbstractNioChannel$AbstractNioUnsafe.finishConnect(AbstractNioChannel.java:340)
	at org.apache.ratis.thirdparty.io.netty.channel.nio.NioEventLoop.processSelectedKey(NioEventLoop.java:632)
	at org.apache.ratis.thirdparty.io.netty.channel.nio.NioEventLoop.processSelectedKeysOptimized(NioEventLoop.java:579)
	at org.apache.ratis.thirdparty.io.netty.channel.nio.NioEventLoop.processSelectedKeys(NioEventLoop.java:496)
	at org.apache.ratis.thirdparty.io.netty.channel.nio.NioEventLoop.run(NioEventLoop.java:458)
	at org.apache.ratis.thirdparty.io.netty.util.concurrent.SingleThreadEventExecutor$5.run(SingleThreadEventExecutor.java:897)
	at org.apache.ratis.thirdparty.io.netty.util.concurrent.FastThreadLocalRunnable.run(FastThreadLocalRunnable.java:30)
	... 1 more
Caused by: java.net.ConnectException: Connection refused
	... 11 more
2019-07-14 16:23:02,041 INFO  impl.LeaderElection (LogUtils.java:infoOrTrace(149)) - e24d1a06-db8f-4c4a-ba2f-121659705693:group-E6D7D00590BF:LeaderElection14 got exception when requesting votes: {}
java.util.concurrent.ExecutionException: org.apache.ratis.thirdparty.io.grpc.StatusRuntimeException: UNAVAILABLE: io exception
	at java.util.concurrent.FutureTask.report(FutureTask.java:122)
	at java.util.concurrent.FutureTask.get(FutureTask.java:192)
	at org.apache.ratis.server.impl.LeaderElection.waitForResults(LeaderElection.java:262)
	at org.apache.ratis.server.impl.LeaderElection.askForVotes(LeaderElection.java:200)
	at org.apache.ratis.server.impl.LeaderElection.run(LeaderElection.java:130)
	at java.lang.Thread.run(Thread.java:748)
Caused by: org.apache.ratis.thirdparty.io.grpc.StatusRuntimeException: UNAVAILABLE: io exception
	at org.apache.ratis.thirdparty.io.grpc.stub.ClientCalls.toStatusRuntimeException(ClientCalls.java:233)
	at org.apache.ratis.thirdparty.io.grpc.stub.ClientCalls.getUnchecked(ClientCalls.java:214)
	at org.apache.ratis.thirdparty.io.grpc.stub.ClientCalls.blockingUnaryCall(ClientCalls.java:139)
	at org.apache.ratis.proto.grpc.RaftServerProtocolServiceGrpc$RaftServerProtocolServiceBlockingStub.requestVote(RaftServerProtocolServiceGrpc.java:265)
	at org.apache.ratis.grpc.server.GrpcServerProtocolClient.requestVote(GrpcServerProtocolClient.java:83)
	at org.apache.ratis.grpc.server.GrpcService.requestVote(GrpcService.java:195)
	at org.apache.ratis.server.impl.LeaderElection.lambda$submitRequests$1(LeaderElection.java:237)
	at java.util.concurrent.FutureTask.run(FutureTask.java:266)
	at java.util.concurrent.Executors$RunnableAdapter.call(Executors.java:511)
	at java.util.concurrent.FutureTask.run(FutureTask.java:266)
	at java.util.concurrent.ThreadPoolExecutor.runWorker(ThreadPoolExecutor.java:1149)
	at java.util.concurrent.ThreadPoolExecutor$Worker.run(ThreadPoolExecutor.java:624)
	... 1 more
Caused by: org.apache.ratis.thirdparty.io.netty.channel.AbstractChannel$AnnotatedConnectException: Connection refused: /192.168.69.77:32780
	at sun.nio.ch.SocketChannelImpl.checkConnect(Native Method)
	at sun.nio.ch.SocketChannelImpl.finishConnect(SocketChannelImpl.java:717)
	at org.apache.ratis.thirdparty.io.netty.channel.socket.nio.NioSocketChannel.doFinishConnect(NioSocketChannel.java:327)
	at org.apache.ratis.thirdparty.io.netty.channel.nio.AbstractNioChannel$AbstractNioUnsafe.finishConnect(AbstractNioChannel.java:340)
	at org.apache.ratis.thirdparty.io.netty.channel.nio.NioEventLoop.processSelectedKey(NioEventLoop.java:632)
	at org.apache.ratis.thirdparty.io.netty.channel.nio.NioEventLoop.processSelectedKeysOptimized(NioEventLoop.java:579)
	at org.apache.ratis.thirdparty.io.netty.channel.nio.NioEventLoop.processSelectedKeys(NioEventLoop.java:496)
	at org.apache.ratis.thirdparty.io.netty.channel.nio.NioEventLoop.run(NioEventLoop.java:458)
	at org.apache.ratis.thirdparty.io.netty.util.concurrent.SingleThreadEventExecutor$5.run(SingleThreadEventExecutor.java:897)
	at org.apache.ratis.thirdparty.io.netty.util.concurrent.FastThreadLocalRunnable.run(FastThreadLocalRunnable.java:30)
	... 1 more
Caused by: java.net.ConnectException: Connection refused
	... 11 more
2019-07-14 16:23:02,044 INFO  impl.LeaderElection (LeaderElection.java:logAndReturn(56)) - e24d1a06-db8f-4c4a-ba2f-121659705693:group-E6D7D00590BF:LeaderElection14: Election REJECTED; received 0 response(s) [] and 2 exception(s); e24d1a06-db8f-4c4a-ba2f-121659705693:t4, leader=null, voted=e24d1a06-db8f-4c4a-ba2f-121659705693, raftlog=e24d1a06-db8f-4c4a-ba2f-121659705693-SegmentedRaftLog:OPENED:c16,f16,i16, conf=0: [259243b9-6039-42e3-b80f-634026e5286a:192.168.69.77:32780, 60c56bdf-da6a-42ae-8761-33eb5f16d091:192.168.69.77:41737, e24d1a06-db8f-4c4a-ba2f-121659705693:192.168.69.77:36269], old=null
2019-07-14 16:23:02,044 INFO  impl.LeaderElection (LogUtils.java:infoOrTrace(149)) -   Exception 0: {}
java.util.concurrent.ExecutionException: org.apache.ratis.thirdparty.io.grpc.StatusRuntimeException: UNAVAILABLE: io exception
	at java.util.concurrent.FutureTask.report(FutureTask.java:122)
	at java.util.concurrent.FutureTask.get(FutureTask.java:192)
	at org.apache.ratis.server.impl.LeaderElection.waitForResults(LeaderElection.java:262)
	at org.apache.ratis.server.impl.LeaderElection.askForVotes(LeaderElection.java:200)
	at org.apache.ratis.server.impl.LeaderElection.run(LeaderElection.java:130)
	at java.lang.Thread.run(Thread.java:748)
Caused by: org.apache.ratis.thirdparty.io.grpc.StatusRuntimeException: UNAVAILABLE: io exception
	at org.apache.ratis.thirdparty.io.grpc.stub.ClientCalls.toStatusRuntimeException(ClientCalls.java:233)
	at org.apache.ratis.thirdparty.io.grpc.stub.ClientCalls.getUnchecked(ClientCalls.java:214)
	at org.apache.ratis.thirdparty.io.grpc.stub.ClientCalls.blockingUnaryCall(ClientCalls.java:139)
	at org.apache.ratis.proto.grpc.RaftServerProtocolServiceGrpc$RaftServerProtocolServiceBlockingStub.requestVote(RaftServerProtocolServiceGrpc.java:265)
	at org.apache.ratis.grpc.server.GrpcServerProtocolClient.requestVote(GrpcServerProtocolClient.java:83)
	at org.apache.ratis.grpc.server.GrpcService.requestVote(GrpcService.java:195)
	at org.apache.ratis.server.impl.LeaderElection.lambda$submitRequests$1(LeaderElection.java:237)
	at java.util.concurrent.FutureTask.run(FutureTask.java:266)
	at java.util.concurrent.Executors$RunnableAdapter.call(Executors.java:511)
	at java.util.concurrent.FutureTask.run(FutureTask.java:266)
	at java.util.concurrent.ThreadPoolExecutor.runWorker(ThreadPoolExecutor.java:1149)
	at java.util.concurrent.ThreadPoolExecutor$Worker.run(ThreadPoolExecutor.java:624)
	... 1 more
Caused by: org.apache.ratis.thirdparty.io.netty.channel.AbstractChannel$AnnotatedConnectException: Connection refused: /192.168.69.77:41737
	at sun.nio.ch.SocketChannelImpl.checkConnect(Native Method)
	at sun.nio.ch.SocketChannelImpl.finishConnect(SocketChannelImpl.java:717)
	at org.apache.ratis.thirdparty.io.netty.channel.socket.nio.NioSocketChannel.doFinishConnect(NioSocketChannel.java:327)
	at org.apache.ratis.thirdparty.io.netty.channel.nio.AbstractNioChannel$AbstractNioUnsafe.finishConnect(AbstractNioChannel.java:340)
	at org.apache.ratis.thirdparty.io.netty.channel.nio.NioEventLoop.processSelectedKey(NioEventLoop.java:632)
	at org.apache.ratis.thirdparty.io.netty.channel.nio.NioEventLoop.processSelectedKeysOptimized(NioEventLoop.java:579)
	at org.apache.ratis.thirdparty.io.netty.channel.nio.NioEventLoop.processSelectedKeys(NioEventLoop.java:496)
	at org.apache.ratis.thirdparty.io.netty.channel.nio.NioEventLoop.run(NioEventLoop.java:458)
	at org.apache.ratis.thirdparty.io.netty.util.concurrent.SingleThreadEventExecutor$5.run(SingleThreadEventExecutor.java:897)
	at org.apache.ratis.thirdparty.io.netty.util.concurrent.FastThreadLocalRunnable.run(FastThreadLocalRunnable.java:30)
	... 1 more
Caused by: java.net.ConnectException: Connection refused
	... 11 more
2019-07-14 16:23:02,044 INFO  impl.LeaderElection (LogUtils.java:infoOrTrace(149)) -   Exception 1: {}
java.util.concurrent.ExecutionException: org.apache.ratis.thirdparty.io.grpc.StatusRuntimeException: UNAVAILABLE: io exception
	at java.util.concurrent.FutureTask.report(FutureTask.java:122)
	at java.util.concurrent.FutureTask.get(FutureTask.java:192)
	at org.apache.ratis.server.impl.LeaderElection.waitForResults(LeaderElection.java:262)
	at org.apache.ratis.server.impl.LeaderElection.askForVotes(LeaderElection.java:200)
	at org.apache.ratis.server.impl.LeaderElection.run(LeaderElection.java:130)
	at java.lang.Thread.run(Thread.java:748)
Caused by: org.apache.ratis.thirdparty.io.grpc.StatusRuntimeException: UNAVAILABLE: io exception
	at org.apache.ratis.thirdparty.io.grpc.stub.ClientCalls.toStatusRuntimeException(ClientCalls.java:233)
	at org.apache.ratis.thirdparty.io.grpc.stub.ClientCalls.getUnchecked(ClientCalls.java:214)
	at org.apache.ratis.thirdparty.io.grpc.stub.ClientCalls.blockingUnaryCall(ClientCalls.java:139)
	at org.apache.ratis.proto.grpc.RaftServerProtocolServiceGrpc$RaftServerProtocolServiceBlockingStub.requestVote(RaftServerProtocolServiceGrpc.java:265)
	at org.apache.ratis.grpc.server.GrpcServerProtocolClient.requestVote(GrpcServerProtocolClient.java:83)
	at org.apache.ratis.grpc.server.GrpcService.requestVote(GrpcService.java:195)
	at org.apache.ratis.server.impl.LeaderElection.lambda$submitRequests$1(LeaderElection.java:237)
	at java.util.concurrent.FutureTask.run(FutureTask.java:266)
	at java.util.concurrent.Executors$RunnableAdapter.call(Executors.java:511)
	at java.util.concurrent.FutureTask.run(FutureTask.java:266)
	at java.util.concurrent.ThreadPoolExecutor.runWorker(ThreadPoolExecutor.java:1149)
	at java.util.concurrent.ThreadPoolExecutor$Worker.run(ThreadPoolExecutor.java:624)
	... 1 more
Caused by: org.apache.ratis.thirdparty.io.netty.channel.AbstractChannel$AnnotatedConnectException: Connection refused: /192.168.69.77:32780
	at sun.nio.ch.SocketChannelImpl.checkConnect(Native Method)
	at sun.nio.ch.SocketChannelImpl.finishConnect(SocketChannelImpl.java:717)
	at org.apache.ratis.thirdparty.io.netty.channel.socket.nio.NioSocketChannel.doFinishConnect(NioSocketChannel.java:327)
	at org.apache.ratis.thirdparty.io.netty.channel.nio.AbstractNioChannel$AbstractNioUnsafe.finishConnect(AbstractNioChannel.java:340)
	at org.apache.ratis.thirdparty.io.netty.channel.nio.NioEventLoop.processSelectedKey(NioEventLoop.java:632)
	at org.apache.ratis.thirdparty.io.netty.channel.nio.NioEventLoop.processSelectedKeysOptimized(NioEventLoop.java:579)
	at org.apache.ratis.thirdparty.io.netty.channel.nio.NioEventLoop.processSelectedKeys(NioEventLoop.java:496)
	at org.apache.ratis.thirdparty.io.netty.channel.nio.NioEventLoop.run(NioEventLoop.java:458)
	at org.apache.ratis.thirdparty.io.netty.util.concurrent.SingleThreadEventExecutor$5.run(SingleThreadEventExecutor.java:897)
	at org.apache.ratis.thirdparty.io.netty.util.concurrent.FastThreadLocalRunnable.run(FastThreadLocalRunnable.java:30)
	... 1 more
Caused by: java.net.ConnectException: Connection refused
	... 11 more
2019-07-14 16:23:02,045 INFO  impl.RaftServerImpl (RaftServerImpl.java:setRole(171)) - e24d1a06-db8f-4c4a-ba2f-121659705693:group-E6D7D00590BF changes role from CANDIDATE to FOLLOWER at term 4 for DISCOVERED_A_NEW_TERM
2019-07-14 16:23:02,047 INFO  impl.RoleInfo (RoleInfo.java:shutdownLeaderElection(134)) - e24d1a06-db8f-4c4a-ba2f-121659705693: shutdown LeaderElection
2019-07-14 16:23:02,047 INFO  impl.RoleInfo (RoleInfo.java:updateAndGet(143)) - e24d1a06-db8f-4c4a-ba2f-121659705693: start FollowerState
2019-07-14 16:23:03,341 INFO  client.GrpcClientProtocolClient (GrpcClientProtocolClient.java:onNext(255)) - client-97F3A1C803B3->e24d1a06-db8f-4c4a-ba2f-121659705693: receive RaftClientReply:client-97F3A1C803B3->e24d1a06-db8f-4c4a-ba2f-121659705693@group-E6D7D00590BF, cid=22, FAILED org.apache.ratis.protocol.NotLeaderException: Server e24d1a06-db8f-4c4a-ba2f-121659705693 is not the leader (null). Request must be sent to leader., logIndex=0, commits[e24d1a06-db8f-4c4a-ba2f-121659705693:c16, 259243b9-6039-42e3-b80f-634026e5286a:c16, 60c56bdf-da6a-42ae-8761-33eb5f16d091:c16]
2019-07-14 16:23:07,093 INFO  impl.FollowerState (FollowerState.java:run(106)) - e24d1a06-db8f-4c4a-ba2f-121659705693:group-E6D7D00590BF changes to CANDIDATE, lastRpcTime:5046, electionTimeout:5044ms
2019-07-14 16:23:07,093 INFO  impl.RoleInfo (RoleInfo.java:shutdownFollowerState(121)) - e24d1a06-db8f-4c4a-ba2f-121659705693: shutdown FollowerState
2019-07-14 16:23:07,094 INFO  impl.RaftServerImpl (RaftServerImpl.java:setRole(171)) - e24d1a06-db8f-4c4a-ba2f-121659705693:group-E6D7D00590BF changes role from FOLLOWER to CANDIDATE at term 4 for changeToCandidate
2019-07-14 16:23:07,094 INFO  impl.RoleInfo (RoleInfo.java:updateAndGet(143)) - e24d1a06-db8f-4c4a-ba2f-121659705693: start LeaderElection
2019-07-14 16:23:07,112 INFO  impl.LeaderElection (LeaderElection.java:askForVotes(181)) - e24d1a06-db8f-4c4a-ba2f-121659705693:group-E6D7D00590BF:LeaderElection15: begin an election at term 5 for 0: [259243b9-6039-42e3-b80f-634026e5286a:192.168.69.77:32780, 60c56bdf-da6a-42ae-8761-33eb5f16d091:192.168.69.77:41737, e24d1a06-db8f-4c4a-ba2f-121659705693:192.168.69.77:36269], old=null
2019-07-14 16:23:07,114 INFO  impl.LeaderElection (LogUtils.java:infoOrTrace(149)) - e24d1a06-db8f-4c4a-ba2f-121659705693:group-E6D7D00590BF:LeaderElection15 got exception when requesting votes: {}
java.util.concurrent.ExecutionException: org.apache.ratis.thirdparty.io.grpc.StatusRuntimeException: UNAVAILABLE: io exception
	at java.util.concurrent.FutureTask.report(FutureTask.java:122)
	at java.util.concurrent.FutureTask.get(FutureTask.java:192)
	at org.apache.ratis.server.impl.LeaderElection.waitForResults(LeaderElection.java:262)
	at org.apache.ratis.server.impl.LeaderElection.askForVotes(LeaderElection.java:200)
	at org.apache.ratis.server.impl.LeaderElection.run(LeaderElection.java:130)
	at java.lang.Thread.run(Thread.java:748)
Caused by: org.apache.ratis.thirdparty.io.grpc.StatusRuntimeException: UNAVAILABLE: io exception
	at org.apache.ratis.thirdparty.io.grpc.stub.ClientCalls.toStatusRuntimeException(ClientCalls.java:233)
	at org.apache.ratis.thirdparty.io.grpc.stub.ClientCalls.getUnchecked(ClientCalls.java:214)
	at org.apache.ratis.thirdparty.io.grpc.stub.ClientCalls.blockingUnaryCall(ClientCalls.java:139)
	at org.apache.ratis.proto.grpc.RaftServerProtocolServiceGrpc$RaftServerProtocolServiceBlockingStub.requestVote(RaftServerProtocolServiceGrpc.java:265)
	at org.apache.ratis.grpc.server.GrpcServerProtocolClient.requestVote(GrpcServerProtocolClient.java:83)
	at org.apache.ratis.grpc.server.GrpcService.requestVote(GrpcService.java:195)
	at org.apache.ratis.server.impl.LeaderElection.lambda$submitRequests$1(LeaderElection.java:237)
	at java.util.concurrent.FutureTask.run(FutureTask.java:266)
	at java.util.concurrent.Executors$RunnableAdapter.call(Executors.java:511)
	at java.util.concurrent.FutureTask.run(FutureTask.java:266)
	at java.util.concurrent.ThreadPoolExecutor.runWorker(ThreadPoolExecutor.java:1149)
	at java.util.concurrent.ThreadPoolExecutor$Worker.run(ThreadPoolExecutor.java:624)
	... 1 more
Caused by: org.apache.ratis.thirdparty.io.netty.channel.AbstractChannel$AnnotatedConnectException: Connection refused: /192.168.69.77:32780
	at sun.nio.ch.SocketChannelImpl.checkConnect(Native Method)
	at sun.nio.ch.SocketChannelImpl.finishConnect(SocketChannelImpl.java:717)
	at org.apache.ratis.thirdparty.io.netty.channel.socket.nio.NioSocketChannel.doFinishConnect(NioSocketChannel.java:327)
	at org.apache.ratis.thirdparty.io.netty.channel.nio.AbstractNioChannel$AbstractNioUnsafe.finishConnect(AbstractNioChannel.java:340)
	at org.apache.ratis.thirdparty.io.netty.channel.nio.NioEventLoop.processSelectedKey(NioEventLoop.java:632)
	at org.apache.ratis.thirdparty.io.netty.channel.nio.NioEventLoop.processSelectedKeysOptimized(NioEventLoop.java:579)
	at org.apache.ratis.thirdparty.io.netty.channel.nio.NioEventLoop.processSelectedKeys(NioEventLoop.java:496)
	at org.apache.ratis.thirdparty.io.netty.channel.nio.NioEventLoop.run(NioEventLoop.java:458)
	at org.apache.ratis.thirdparty.io.netty.util.concurrent.SingleThreadEventExecutor$5.run(SingleThreadEventExecutor.java:897)
	at org.apache.ratis.thirdparty.io.netty.util.concurrent.FastThreadLocalRunnable.run(FastThreadLocalRunnable.java:30)
	... 1 more
Caused by: java.net.ConnectException: Connection refused
	... 11 more
2019-07-14 16:23:07,116 INFO  impl.LeaderElection (LogUtils.java:infoOrTrace(149)) - e24d1a06-db8f-4c4a-ba2f-121659705693:group-E6D7D00590BF:LeaderElection15 got exception when requesting votes: {}
java.util.concurrent.ExecutionException: org.apache.ratis.thirdparty.io.grpc.StatusRuntimeException: UNAVAILABLE: io exception
	at java.util.concurrent.FutureTask.report(FutureTask.java:122)
	at java.util.concurrent.FutureTask.get(FutureTask.java:192)
	at org.apache.ratis.server.impl.LeaderElection.waitForResults(LeaderElection.java:262)
	at org.apache.ratis.server.impl.LeaderElection.askForVotes(LeaderElection.java:200)
	at org.apache.ratis.server.impl.LeaderElection.run(LeaderElection.java:130)
	at java.lang.Thread.run(Thread.java:748)
Caused by: org.apache.ratis.thirdparty.io.grpc.StatusRuntimeException: UNAVAILABLE: io exception
	at org.apache.ratis.thirdparty.io.grpc.stub.ClientCalls.toStatusRuntimeException(ClientCalls.java:233)
	at org.apache.ratis.thirdparty.io.grpc.stub.ClientCalls.getUnchecked(ClientCalls.java:214)
	at org.apache.ratis.thirdparty.io.grpc.stub.ClientCalls.blockingUnaryCall(ClientCalls.java:139)
	at org.apache.ratis.proto.grpc.RaftServerProtocolServiceGrpc$RaftServerProtocolServiceBlockingStub.requestVote(RaftServerProtocolServiceGrpc.java:265)
	at org.apache.ratis.grpc.server.GrpcServerProtocolClient.requestVote(GrpcServerProtocolClient.java:83)
	at org.apache.ratis.grpc.server.GrpcService.requestVote(GrpcService.java:195)
	at org.apache.ratis.server.impl.LeaderElection.lambda$submitRequests$1(LeaderElection.java:237)
	at java.util.concurrent.FutureTask.run(FutureTask.java:266)
	at java.util.concurrent.Executors$RunnableAdapter.call(Executors.java:511)
	at java.util.concurrent.FutureTask.run(FutureTask.java:266)
	at java.util.concurrent.ThreadPoolExecutor.runWorker(ThreadPoolExecutor.java:1149)
	at java.util.concurrent.ThreadPoolExecutor$Worker.run(ThreadPoolExecutor.java:624)
	... 1 more
Caused by: org.apache.ratis.thirdparty.io.netty.channel.AbstractChannel$AnnotatedConnectException: Connection refused: /192.168.69.77:41737
	at sun.nio.ch.SocketChannelImpl.checkConnect(Native Method)
	at sun.nio.ch.SocketChannelImpl.finishConnect(SocketChannelImpl.java:717)
	at org.apache.ratis.thirdparty.io.netty.channel.socket.nio.NioSocketChannel.doFinishConnect(NioSocketChannel.java:327)
	at org.apache.ratis.thirdparty.io.netty.channel.nio.AbstractNioChannel$AbstractNioUnsafe.finishConnect(AbstractNioChannel.java:340)
	at org.apache.ratis.thirdparty.io.netty.channel.nio.NioEventLoop.processSelectedKey(NioEventLoop.java:632)
	at org.apache.ratis.thirdparty.io.netty.channel.nio.NioEventLoop.processSelectedKeysOptimized(NioEventLoop.java:579)
	at org.apache.ratis.thirdparty.io.netty.channel.nio.NioEventLoop.processSelectedKeys(NioEventLoop.java:496)
	at org.apache.ratis.thirdparty.io.netty.channel.nio.NioEventLoop.run(NioEventLoop.java:458)
	at org.apache.ratis.thirdparty.io.netty.util.concurrent.SingleThreadEventExecutor$5.run(SingleThreadEventExecutor.java:897)
	at org.apache.ratis.thirdparty.io.netty.util.concurrent.FastThreadLocalRunnable.run(FastThreadLocalRunnable.java:30)
	... 1 more
Caused by: java.net.ConnectException: Connection refused
	... 11 more
2019-07-14 16:23:07,119 INFO  impl.LeaderElection (LeaderElection.java:logAndReturn(56)) - e24d1a06-db8f-4c4a-ba2f-121659705693:group-E6D7D00590BF:LeaderElection15: Election REJECTED; received 0 response(s) [] and 2 exception(s); e24d1a06-db8f-4c4a-ba2f-121659705693:t5, leader=null, voted=e24d1a06-db8f-4c4a-ba2f-121659705693, raftlog=e24d1a06-db8f-4c4a-ba2f-121659705693-SegmentedRaftLog:OPENED:c16,f16,i16, conf=0: [259243b9-6039-42e3-b80f-634026e5286a:192.168.69.77:32780, 60c56bdf-da6a-42ae-8761-33eb5f16d091:192.168.69.77:41737, e24d1a06-db8f-4c4a-ba2f-121659705693:192.168.69.77:36269], old=null
2019-07-14 16:23:07,119 INFO  impl.LeaderElection (LogUtils.java:infoOrTrace(149)) -   Exception 0: {}
java.util.concurrent.ExecutionException: org.apache.ratis.thirdparty.io.grpc.StatusRuntimeException: UNAVAILABLE: io exception
	at java.util.concurrent.FutureTask.report(FutureTask.java:122)
	at java.util.concurrent.FutureTask.get(FutureTask.java:192)
	at org.apache.ratis.server.impl.LeaderElection.waitForResults(LeaderElection.java:262)
	at org.apache.ratis.server.impl.LeaderElection.askForVotes(LeaderElection.java:200)
	at org.apache.ratis.server.impl.LeaderElection.run(LeaderElection.java:130)
	at java.lang.Thread.run(Thread.java:748)
Caused by: org.apache.ratis.thirdparty.io.grpc.StatusRuntimeException: UNAVAILABLE: io exception
	at org.apache.ratis.thirdparty.io.grpc.stub.ClientCalls.toStatusRuntimeException(ClientCalls.java:233)
	at org.apache.ratis.thirdparty.io.grpc.stub.ClientCalls.getUnchecked(ClientCalls.java:214)
	at org.apache.ratis.thirdparty.io.grpc.stub.ClientCalls.blockingUnaryCall(ClientCalls.java:139)
	at org.apache.ratis.proto.grpc.RaftServerProtocolServiceGrpc$RaftServerProtocolServiceBlockingStub.requestVote(RaftServerProtocolServiceGrpc.java:265)
	at org.apache.ratis.grpc.server.GrpcServerProtocolClient.requestVote(GrpcServerProtocolClient.java:83)
	at org.apache.ratis.grpc.server.GrpcService.requestVote(GrpcService.java:195)
	at org.apache.ratis.server.impl.LeaderElection.lambda$submitRequests$1(LeaderElection.java:237)
	at java.util.concurrent.FutureTask.run(FutureTask.java:266)
	at java.util.concurrent.Executors$RunnableAdapter.call(Executors.java:511)
	at java.util.concurrent.FutureTask.run(FutureTask.java:266)
	at java.util.concurrent.ThreadPoolExecutor.runWorker(ThreadPoolExecutor.java:1149)
	at java.util.concurrent.ThreadPoolExecutor$Worker.run(ThreadPoolExecutor.java:624)
	... 1 more
Caused by: org.apache.ratis.thirdparty.io.netty.channel.AbstractChannel$AnnotatedConnectException: Connection refused: /192.168.69.77:32780
	at sun.nio.ch.SocketChannelImpl.checkConnect(Native Method)
	at sun.nio.ch.SocketChannelImpl.finishConnect(SocketChannelImpl.java:717)
	at org.apache.ratis.thirdparty.io.netty.channel.socket.nio.NioSocketChannel.doFinishConnect(NioSocketChannel.java:327)
	at org.apache.ratis.thirdparty.io.netty.channel.nio.AbstractNioChannel$AbstractNioUnsafe.finishConnect(AbstractNioChannel.java:340)
	at org.apache.ratis.thirdparty.io.netty.channel.nio.NioEventLoop.processSelectedKey(NioEventLoop.java:632)
	at org.apache.ratis.thirdparty.io.netty.channel.nio.NioEventLoop.processSelectedKeysOptimized(NioEventLoop.java:579)
	at org.apache.ratis.thirdparty.io.netty.channel.nio.NioEventLoop.processSelectedKeys(NioEventLoop.java:496)
	at org.apache.ratis.thirdparty.io.netty.channel.nio.NioEventLoop.run(NioEventLoop.java:458)
	at org.apache.ratis.thirdparty.io.netty.util.concurrent.SingleThreadEventExecutor$5.run(SingleThreadEventExecutor.java:897)
	at org.apache.ratis.thirdparty.io.netty.util.concurrent.FastThreadLocalRunnable.run(FastThreadLocalRunnable.java:30)
	... 1 more
Caused by: java.net.ConnectException: Connection refused
	... 11 more
2019-07-14 16:23:07,120 INFO  impl.LeaderElection (LogUtils.java:infoOrTrace(149)) -   Exception 1: {}
java.util.concurrent.ExecutionException: org.apache.ratis.thirdparty.io.grpc.StatusRuntimeException: UNAVAILABLE: io exception
	at java.util.concurrent.FutureTask.report(FutureTask.java:122)
	at java.util.concurrent.FutureTask.get(FutureTask.java:192)
	at org.apache.ratis.server.impl.LeaderElection.waitForResults(LeaderElection.java:262)
	at org.apache.ratis.server.impl.LeaderElection.askForVotes(LeaderElection.java:200)
	at org.apache.ratis.server.impl.LeaderElection.run(LeaderElection.java:130)
	at java.lang.Thread.run(Thread.java:748)
Caused by: org.apache.ratis.thirdparty.io.grpc.StatusRuntimeException: UNAVAILABLE: io exception
	at org.apache.ratis.thirdparty.io.grpc.stub.ClientCalls.toStatusRuntimeException(ClientCalls.java:233)
	at org.apache.ratis.thirdparty.io.grpc.stub.ClientCalls.getUnchecked(ClientCalls.java:214)
	at org.apache.ratis.thirdparty.io.grpc.stub.ClientCalls.blockingUnaryCall(ClientCalls.java:139)
	at org.apache.ratis.proto.grpc.RaftServerProtocolServiceGrpc$RaftServerProtocolServiceBlockingStub.requestVote(RaftServerProtocolServiceGrpc.java:265)
	at org.apache.ratis.grpc.server.GrpcServerProtocolClient.requestVote(GrpcServerProtocolClient.java:83)
	at org.apache.ratis.grpc.server.GrpcService.requestVote(GrpcService.java:195)
	at org.apache.ratis.server.impl.LeaderElection.lambda$submitRequests$1(LeaderElection.java:237)
	at java.util.concurrent.FutureTask.run(FutureTask.java:266)
	at java.util.concurrent.Executors$RunnableAdapter.call(Executors.java:511)
	at java.util.concurrent.FutureTask.run(FutureTask.java:266)
	at java.util.concurrent.ThreadPoolExecutor.runWorker(ThreadPoolExecutor.java:1149)
	at java.util.concurrent.ThreadPoolExecutor$Worker.run(ThreadPoolExecutor.java:624)
	... 1 more
Caused by: org.apache.ratis.thirdparty.io.netty.channel.AbstractChannel$AnnotatedConnectException: Connection refused: /192.168.69.77:41737
	at sun.nio.ch.SocketChannelImpl.checkConnect(Native Method)
	at sun.nio.ch.SocketChannelImpl.finishConnect(SocketChannelImpl.java:717)
	at org.apache.ratis.thirdparty.io.netty.channel.socket.nio.NioSocketChannel.doFinishConnect(NioSocketChannel.java:327)
	at org.apache.ratis.thirdparty.io.netty.channel.nio.AbstractNioChannel$AbstractNioUnsafe.finishConnect(AbstractNioChannel.java:340)
	at org.apache.ratis.thirdparty.io.netty.channel.nio.NioEventLoop.processSelectedKey(NioEventLoop.java:632)
	at org.apache.ratis.thirdparty.io.netty.channel.nio.NioEventLoop.processSelectedKeysOptimized(NioEventLoop.java:579)
	at org.apache.ratis.thirdparty.io.netty.channel.nio.NioEventLoop.processSelectedKeys(NioEventLoop.java:496)
	at org.apache.ratis.thirdparty.io.netty.channel.nio.NioEventLoop.run(NioEventLoop.java:458)
	at org.apache.ratis.thirdparty.io.netty.util.concurrent.SingleThreadEventExecutor$5.run(SingleThreadEventExecutor.java:897)
	at org.apache.ratis.thirdparty.io.netty.util.concurrent.FastThreadLocalRunnable.run(FastThreadLocalRunnable.java:30)
	... 1 more
Caused by: java.net.ConnectException: Connection refused
	... 11 more
2019-07-14 16:23:07,120 INFO  impl.RaftServerImpl (RaftServerImpl.java:setRole(171)) - e24d1a06-db8f-4c4a-ba2f-121659705693:group-E6D7D00590BF changes role from CANDIDATE to FOLLOWER at term 5 for DISCOVERED_A_NEW_TERM
2019-07-14 16:23:07,122 INFO  impl.RoleInfo (RoleInfo.java:shutdownLeaderElection(134)) - e24d1a06-db8f-4c4a-ba2f-121659705693: shutdown LeaderElection
2019-07-14 16:23:07,123 INFO  impl.RoleInfo (RoleInfo.java:updateAndGet(143)) - e24d1a06-db8f-4c4a-ba2f-121659705693: start FollowerState
2019-07-14 16:23:08,402 INFO  client.GrpcClientProtocolClient (GrpcClientProtocolClient.java:onNext(255)) - client-97F3A1C803B3->e24d1a06-db8f-4c4a-ba2f-121659705693: receive RaftClientReply:client-97F3A1C803B3->e24d1a06-db8f-4c4a-ba2f-121659705693@group-E6D7D00590BF, cid=22, FAILED org.apache.ratis.protocol.NotLeaderException: Server e24d1a06-db8f-4c4a-ba2f-121659705693 is not the leader (null). Request must be sent to leader., logIndex=0, commits[e24d1a06-db8f-4c4a-ba2f-121659705693:c16, 259243b9-6039-42e3-b80f-634026e5286a:c16, 60c56bdf-da6a-42ae-8761-33eb5f16d091:c16]
2019-07-14 16:23:12,304 INFO  impl.FollowerState (FollowerState.java:run(106)) - e24d1a06-db8f-4c4a-ba2f-121659705693:group-E6D7D00590BF changes to CANDIDATE, lastRpcTime:5181, electionTimeout:5179ms
2019-07-14 16:23:12,304 INFO  impl.RoleInfo (RoleInfo.java:shutdownFollowerState(121)) - e24d1a06-db8f-4c4a-ba2f-121659705693: shutdown FollowerState
2019-07-14 16:23:12,304 INFO  impl.RaftServerImpl (RaftServerImpl.java:setRole(171)) - e24d1a06-db8f-4c4a-ba2f-121659705693:group-E6D7D00590BF changes role from FOLLOWER to CANDIDATE at term 5 for changeToCandidate
2019-07-14 16:23:12,305 INFO  impl.RoleInfo (RoleInfo.java:updateAndGet(143)) - e24d1a06-db8f-4c4a-ba2f-121659705693: start LeaderElection
2019-07-14 16:23:12,323 INFO  impl.LeaderElection (LeaderElection.java:askForVotes(181)) - e24d1a06-db8f-4c4a-ba2f-121659705693:group-E6D7D00590BF:LeaderElection16: begin an election at term 6 for 0: [259243b9-6039-42e3-b80f-634026e5286a:192.168.69.77:32780, 60c56bdf-da6a-42ae-8761-33eb5f16d091:192.168.69.77:41737, e24d1a06-db8f-4c4a-ba2f-121659705693:192.168.69.77:36269], old=null
2019-07-14 16:23:12,325 INFO  impl.LeaderElection (LogUtils.java:infoOrTrace(149)) - e24d1a06-db8f-4c4a-ba2f-121659705693:group-E6D7D00590BF:LeaderElection16 got exception when requesting votes: {}
java.util.concurrent.ExecutionException: org.apache.ratis.thirdparty.io.grpc.StatusRuntimeException: UNAVAILABLE: io exception
	at java.util.concurrent.FutureTask.report(FutureTask.java:122)
	at java.util.concurrent.FutureTask.get(FutureTask.java:192)
	at org.apache.ratis.server.impl.LeaderElection.waitForResults(LeaderElection.java:262)
	at org.apache.ratis.server.impl.LeaderElection.askForVotes(LeaderElection.java:200)
	at org.apache.ratis.server.impl.LeaderElection.run(LeaderElection.java:130)
	at java.lang.Thread.run(Thread.java:748)
Caused by: org.apache.ratis.thirdparty.io.grpc.StatusRuntimeException: UNAVAILABLE: io exception
	at org.apache.ratis.thirdparty.io.grpc.stub.ClientCalls.toStatusRuntimeException(ClientCalls.java:233)
	at org.apache.ratis.thirdparty.io.grpc.stub.ClientCalls.getUnchecked(ClientCalls.java:214)
	at org.apache.ratis.thirdparty.io.grpc.stub.ClientCalls.blockingUnaryCall(ClientCalls.java:139)
	at org.apache.ratis.proto.grpc.RaftServerProtocolServiceGrpc$RaftServerProtocolServiceBlockingStub.requestVote(RaftServerProtocolServiceGrpc.java:265)
	at org.apache.ratis.grpc.server.GrpcServerProtocolClient.requestVote(GrpcServerProtocolClient.java:83)
	at org.apache.ratis.grpc.server.GrpcService.requestVote(GrpcService.java:195)
	at org.apache.ratis.server.impl.LeaderElection.lambda$submitRequests$1(LeaderElection.java:237)
	at java.util.concurrent.FutureTask.run(FutureTask.java:266)
	at java.util.concurrent.Executors$RunnableAdapter.call(Executors.java:511)
	at java.util.concurrent.FutureTask.run(FutureTask.java:266)
	at java.util.concurrent.ThreadPoolExecutor.runWorker(ThreadPoolExecutor.java:1149)
	at java.util.concurrent.ThreadPoolExecutor$Worker.run(ThreadPoolExecutor.java:624)
	... 1 more
Caused by: org.apache.ratis.thirdparty.io.netty.channel.AbstractChannel$AnnotatedConnectException: Connection refused: /192.168.69.77:32780
	at sun.nio.ch.SocketChannelImpl.checkConnect(Native Method)
	at sun.nio.ch.SocketChannelImpl.finishConnect(SocketChannelImpl.java:717)
	at org.apache.ratis.thirdparty.io.netty.channel.socket.nio.NioSocketChannel.doFinishConnect(NioSocketChannel.java:327)
	at org.apache.ratis.thirdparty.io.netty.channel.nio.AbstractNioChannel$AbstractNioUnsafe.finishConnect(AbstractNioChannel.java:340)
	at org.apache.ratis.thirdparty.io.netty.channel.nio.NioEventLoop.processSelectedKey(NioEventLoop.java:632)
	at org.apache.ratis.thirdparty.io.netty.channel.nio.NioEventLoop.processSelectedKeysOptimized(NioEventLoop.java:579)
	at org.apache.ratis.thirdparty.io.netty.channel.nio.NioEventLoop.processSelectedKeys(NioEventLoop.java:496)
	at org.apache.ratis.thirdparty.io.netty.channel.nio.NioEventLoop.run(NioEventLoop.java:458)
	at org.apache.ratis.thirdparty.io.netty.util.concurrent.SingleThreadEventExecutor$5.run(SingleThreadEventExecutor.java:897)
	at org.apache.ratis.thirdparty.io.netty.util.concurrent.FastThreadLocalRunnable.run(FastThreadLocalRunnable.java:30)
	... 1 more
Caused by: java.net.ConnectException: Connection refused
	... 11 more
2019-07-14 16:23:12,327 INFO  impl.LeaderElection (LogUtils.java:infoOrTrace(149)) - e24d1a06-db8f-4c4a-ba2f-121659705693:group-E6D7D00590BF:LeaderElection16 got exception when requesting votes: {}
java.util.concurrent.ExecutionException: org.apache.ratis.thirdparty.io.grpc.StatusRuntimeException: UNAVAILABLE: io exception
	at java.util.concurrent.FutureTask.report(FutureTask.java:122)
	at java.util.concurrent.FutureTask.get(FutureTask.java:192)
	at org.apache.ratis.server.impl.LeaderElection.waitForResults(LeaderElection.java:262)
	at org.apache.ratis.server.impl.LeaderElection.askForVotes(LeaderElection.java:200)
	at org.apache.ratis.server.impl.LeaderElection.run(LeaderElection.java:130)
	at java.lang.Thread.run(Thread.java:748)
Caused by: org.apache.ratis.thirdparty.io.grpc.StatusRuntimeException: UNAVAILABLE: io exception
	at org.apache.ratis.thirdparty.io.grpc.stub.ClientCalls.toStatusRuntimeException(ClientCalls.java:233)
	at org.apache.ratis.thirdparty.io.grpc.stub.ClientCalls.getUnchecked(ClientCalls.java:214)
	at org.apache.ratis.thirdparty.io.grpc.stub.ClientCalls.blockingUnaryCall(ClientCalls.java:139)
	at org.apache.ratis.proto.grpc.RaftServerProtocolServiceGrpc$RaftServerProtocolServiceBlockingStub.requestVote(RaftServerProtocolServiceGrpc.java:265)
	at org.apache.ratis.grpc.server.GrpcServerProtocolClient.requestVote(GrpcServerProtocolClient.java:83)
	at org.apache.ratis.grpc.server.GrpcService.requestVote(GrpcService.java:195)
	at org.apache.ratis.server.impl.LeaderElection.lambda$submitRequests$1(LeaderElection.java:237)
	at java.util.concurrent.FutureTask.run(FutureTask.java:266)
	at java.util.concurrent.Executors$RunnableAdapter.call(Executors.java:511)
	at java.util.concurrent.FutureTask.run(FutureTask.java:266)
	at java.util.concurrent.ThreadPoolExecutor.runWorker(ThreadPoolExecutor.java:1149)
	at java.util.concurrent.ThreadPoolExecutor$Worker.run(ThreadPoolExecutor.java:624)
	... 1 more
Caused by: org.apache.ratis.thirdparty.io.netty.channel.AbstractChannel$AnnotatedConnectException: Connection refused: /192.168.69.77:41737
	at sun.nio.ch.SocketChannelImpl.checkConnect(Native Method)
	at sun.nio.ch.SocketChannelImpl.finishConnect(SocketChannelImpl.java:717)
	at org.apache.ratis.thirdparty.io.netty.channel.socket.nio.NioSocketChannel.doFinishConnect(NioSocketChannel.java:327)
	at org.apache.ratis.thirdparty.io.netty.channel.nio.AbstractNioChannel$AbstractNioUnsafe.finishConnect(AbstractNioChannel.java:340)
	at org.apache.ratis.thirdparty.io.netty.channel.nio.NioEventLoop.processSelectedKey(NioEventLoop.java:632)
	at org.apache.ratis.thirdparty.io.netty.channel.nio.NioEventLoop.processSelectedKeysOptimized(NioEventLoop.java:579)
	at org.apache.ratis.thirdparty.io.netty.channel.nio.NioEventLoop.processSelectedKeys(NioEventLoop.java:496)
	at org.apache.ratis.thirdparty.io.netty.channel.nio.NioEventLoop.run(NioEventLoop.java:458)
	at org.apache.ratis.thirdparty.io.netty.util.concurrent.SingleThreadEventExecutor$5.run(SingleThreadEventExecutor.java:897)
	at org.apache.ratis.thirdparty.io.netty.util.concurrent.FastThreadLocalRunnable.run(FastThreadLocalRunnable.java:30)
	... 1 more
Caused by: java.net.ConnectException: Connection refused
	... 11 more
2019-07-14 16:23:12,329 INFO  impl.LeaderElection (LeaderElection.java:logAndReturn(56)) - e24d1a06-db8f-4c4a-ba2f-121659705693:group-E6D7D00590BF:LeaderElection16: Election REJECTED; received 0 response(s) [] and 2 exception(s); e24d1a06-db8f-4c4a-ba2f-121659705693:t6, leader=null, voted=e24d1a06-db8f-4c4a-ba2f-121659705693, raftlog=e24d1a06-db8f-4c4a-ba2f-121659705693-SegmentedRaftLog:OPENED:c16,f16,i16, conf=0: [259243b9-6039-42e3-b80f-634026e5286a:192.168.69.77:32780, 60c56bdf-da6a-42ae-8761-33eb5f16d091:192.168.69.77:41737, e24d1a06-db8f-4c4a-ba2f-121659705693:192.168.69.77:36269], old=null
2019-07-14 16:23:12,330 INFO  impl.LeaderElection (LogUtils.java:infoOrTrace(149)) -   Exception 0: {}
java.util.concurrent.ExecutionException: org.apache.ratis.thirdparty.io.grpc.StatusRuntimeException: UNAVAILABLE: io exception
	at java.util.concurrent.FutureTask.report(FutureTask.java:122)
	at java.util.concurrent.FutureTask.get(FutureTask.java:192)
	at org.apache.ratis.server.impl.LeaderElection.waitForResults(LeaderElection.java:262)
	at org.apache.ratis.server.impl.LeaderElection.askForVotes(LeaderElection.java:200)
	at org.apache.ratis.server.impl.LeaderElection.run(LeaderElection.java:130)
	at java.lang.Thread.run(Thread.java:748)
Caused by: org.apache.ratis.thirdparty.io.grpc.StatusRuntimeException: UNAVAILABLE: io exception
	at org.apache.ratis.thirdparty.io.grpc.stub.ClientCalls.toStatusRuntimeException(ClientCalls.java:233)
	at org.apache.ratis.thirdparty.io.grpc.stub.ClientCalls.getUnchecked(ClientCalls.java:214)
	at org.apache.ratis.thirdparty.io.grpc.stub.ClientCalls.blockingUnaryCall(ClientCalls.java:139)
	at org.apache.ratis.proto.grpc.RaftServerProtocolServiceGrpc$RaftServerProtocolServiceBlockingStub.requestVote(RaftServerProtocolServiceGrpc.java:265)
	at org.apache.ratis.grpc.server.GrpcServerProtocolClient.requestVote(GrpcServerProtocolClient.java:83)
	at org.apache.ratis.grpc.server.GrpcService.requestVote(GrpcService.java:195)
	at org.apache.ratis.server.impl.LeaderElection.lambda$submitRequests$1(LeaderElection.java:237)
	at java.util.concurrent.FutureTask.run(FutureTask.java:266)
	at java.util.concurrent.Executors$RunnableAdapter.call(Executors.java:511)
	at java.util.concurrent.FutureTask.run(FutureTask.java:266)
	at java.util.concurrent.ThreadPoolExecutor.runWorker(ThreadPoolExecutor.java:1149)
	at java.util.concurrent.ThreadPoolExecutor$Worker.run(ThreadPoolExecutor.java:624)
	... 1 more
Caused by: org.apache.ratis.thirdparty.io.netty.channel.AbstractChannel$AnnotatedConnectException: Connection refused: /192.168.69.77:32780
	at sun.nio.ch.SocketChannelImpl.checkConnect(Native Method)
	at sun.nio.ch.SocketChannelImpl.finishConnect(SocketChannelImpl.java:717)
	at org.apache.ratis.thirdparty.io.netty.channel.socket.nio.NioSocketChannel.doFinishConnect(NioSocketChannel.java:327)
	at org.apache.ratis.thirdparty.io.netty.channel.nio.AbstractNioChannel$AbstractNioUnsafe.finishConnect(AbstractNioChannel.java:340)
	at org.apache.ratis.thirdparty.io.netty.channel.nio.NioEventLoop.processSelectedKey(NioEventLoop.java:632)
	at org.apache.ratis.thirdparty.io.netty.channel.nio.NioEventLoop.processSelectedKeysOptimized(NioEventLoop.java:579)
	at org.apache.ratis.thirdparty.io.netty.channel.nio.NioEventLoop.processSelectedKeys(NioEventLoop.java:496)
	at org.apache.ratis.thirdparty.io.netty.channel.nio.NioEventLoop.run(NioEventLoop.java:458)
	at org.apache.ratis.thirdparty.io.netty.util.concurrent.SingleThreadEventExecutor$5.run(SingleThreadEventExecutor.java:897)
	at org.apache.ratis.thirdparty.io.netty.util.concurrent.FastThreadLocalRunnable.run(FastThreadLocalRunnable.java:30)
	... 1 more
Caused by: java.net.ConnectException: Connection refused
	... 11 more
2019-07-14 16:23:12,330 INFO  impl.LeaderElection (LogUtils.java:infoOrTrace(149)) -   Exception 1: {}
java.util.concurrent.ExecutionException: org.apache.ratis.thirdparty.io.grpc.StatusRuntimeException: UNAVAILABLE: io exception
	at java.util.concurrent.FutureTask.report(FutureTask.java:122)
	at java.util.concurrent.FutureTask.get(FutureTask.java:192)
	at org.apache.ratis.server.impl.LeaderElection.waitForResults(LeaderElection.java:262)
	at org.apache.ratis.server.impl.LeaderElection.askForVotes(LeaderElection.java:200)
	at org.apache.ratis.server.impl.LeaderElection.run(LeaderElection.java:130)
	at java.lang.Thread.run(Thread.java:748)
Caused by: org.apache.ratis.thirdparty.io.grpc.StatusRuntimeException: UNAVAILABLE: io exception
	at org.apache.ratis.thirdparty.io.grpc.stub.ClientCalls.toStatusRuntimeException(ClientCalls.java:233)
	at org.apache.ratis.thirdparty.io.grpc.stub.ClientCalls.getUnchecked(ClientCalls.java:214)
	at org.apache.ratis.thirdparty.io.grpc.stub.ClientCalls.blockingUnaryCall(ClientCalls.java:139)
	at org.apache.ratis.proto.grpc.RaftServerProtocolServiceGrpc$RaftServerProtocolServiceBlockingStub.requestVote(RaftServerProtocolServiceGrpc.java:265)
	at org.apache.ratis.grpc.server.GrpcServerProtocolClient.requestVote(GrpcServerProtocolClient.java:83)
	at org.apache.ratis.grpc.server.GrpcService.requestVote(GrpcService.java:195)
	at org.apache.ratis.server.impl.LeaderElection.lambda$submitRequests$1(LeaderElection.java:237)
	at java.util.concurrent.FutureTask.run(FutureTask.java:266)
	at java.util.concurrent.Executors$RunnableAdapter.call(Executors.java:511)
	at java.util.concurrent.FutureTask.run(FutureTask.java:266)
	at java.util.concurrent.ThreadPoolExecutor.runWorker(ThreadPoolExecutor.java:1149)
	at java.util.concurrent.ThreadPoolExecutor$Worker.run(ThreadPoolExecutor.java:624)
	... 1 more
Caused by: org.apache.ratis.thirdparty.io.netty.channel.AbstractChannel$AnnotatedConnectException: Connection refused: /192.168.69.77:41737
	at sun.nio.ch.SocketChannelImpl.checkConnect(Native Method)
	at sun.nio.ch.SocketChannelImpl.finishConnect(SocketChannelImpl.java:717)
	at org.apache.ratis.thirdparty.io.netty.channel.socket.nio.NioSocketChannel.doFinishConnect(NioSocketChannel.java:327)
	at org.apache.ratis.thirdparty.io.netty.channel.nio.AbstractNioChannel$AbstractNioUnsafe.finishConnect(AbstractNioChannel.java:340)
	at org.apache.ratis.thirdparty.io.netty.channel.nio.NioEventLoop.processSelectedKey(NioEventLoop.java:632)
	at org.apache.ratis.thirdparty.io.netty.channel.nio.NioEventLoop.processSelectedKeysOptimized(NioEventLoop.java:579)
	at org.apache.ratis.thirdparty.io.netty.channel.nio.NioEventLoop.processSelectedKeys(NioEventLoop.java:496)
	at org.apache.ratis.thirdparty.io.netty.channel.nio.NioEventLoop.run(NioEventLoop.java:458)
	at org.apache.ratis.thirdparty.io.netty.util.concurrent.SingleThreadEventExecutor$5.run(SingleThreadEventExecutor.java:897)
	at org.apache.ratis.thirdparty.io.netty.util.concurrent.FastThreadLocalRunnable.run(FastThreadLocalRunnable.java:30)
	... 1 more
Caused by: java.net.ConnectException: Connection refused
	... 11 more
2019-07-14 16:23:12,330 INFO  impl.RaftServerImpl (RaftServerImpl.java:setRole(171)) - e24d1a06-db8f-4c4a-ba2f-121659705693:group-E6D7D00590BF changes role from CANDIDATE to FOLLOWER at term 6 for DISCOVERED_A_NEW_TERM
2019-07-14 16:23:12,332 INFO  impl.RoleInfo (RoleInfo.java:shutdownLeaderElection(134)) - e24d1a06-db8f-4c4a-ba2f-121659705693: shutdown LeaderElection
2019-07-14 16:23:12,333 INFO  impl.RoleInfo (RoleInfo.java:updateAndGet(143)) - e24d1a06-db8f-4c4a-ba2f-121659705693: start FollowerState
2019-07-14 16:23:16,498 INFO  client.GrpcClientProtocolClient (GrpcClientProtocolClient.java:onNext(255)) - client-97F3A1C803B3->e24d1a06-db8f-4c4a-ba2f-121659705693: receive RaftClientReply:client-97F3A1C803B3->e24d1a06-db8f-4c4a-ba2f-121659705693@group-E6D7D00590BF, cid=22, FAILED org.apache.ratis.protocol.NotLeaderException: Server e24d1a06-db8f-4c4a-ba2f-121659705693 is not the leader (null). Request must be sent to leader., logIndex=0, commits[e24d1a06-db8f-4c4a-ba2f-121659705693:c16, 259243b9-6039-42e3-b80f-634026e5286a:c16, 60c56bdf-da6a-42ae-8761-33eb5f16d091:c16]
2019-07-14 16:23:17,343 INFO  impl.FollowerState (FollowerState.java:run(106)) - e24d1a06-db8f-4c4a-ba2f-121659705693:group-E6D7D00590BF changes to CANDIDATE, lastRpcTime:5010, electionTimeout:5008ms
2019-07-14 16:23:17,343 INFO  impl.RoleInfo (RoleInfo.java:shutdownFollowerState(121)) - e24d1a06-db8f-4c4a-ba2f-121659705693: shutdown FollowerState
2019-07-14 16:23:17,343 INFO  impl.RaftServerImpl (RaftServerImpl.java:setRole(171)) - e24d1a06-db8f-4c4a-ba2f-121659705693:group-E6D7D00590BF changes role from FOLLOWER to CANDIDATE at term 6 for changeToCandidate
2019-07-14 16:23:17,344 INFO  impl.RoleInfo (RoleInfo.java:updateAndGet(143)) - e24d1a06-db8f-4c4a-ba2f-121659705693: start LeaderElection
2019-07-14 16:23:17,363 INFO  impl.LeaderElection (LeaderElection.java:askForVotes(181)) - e24d1a06-db8f-4c4a-ba2f-121659705693:group-E6D7D00590BF:LeaderElection17: begin an election at term 7 for 0: [259243b9-6039-42e3-b80f-634026e5286a:192.168.69.77:32780, 60c56bdf-da6a-42ae-8761-33eb5f16d091:192.168.69.77:41737, e24d1a06-db8f-4c4a-ba2f-121659705693:192.168.69.77:36269], old=null
2019-07-14 16:23:17,365 INFO  impl.LeaderElection (LogUtils.java:infoOrTrace(149)) - e24d1a06-db8f-4c4a-ba2f-121659705693:group-E6D7D00590BF:LeaderElection17 got exception when requesting votes: {}
java.util.concurrent.ExecutionException: org.apache.ratis.thirdparty.io.grpc.StatusRuntimeException: UNAVAILABLE: io exception
	at java.util.concurrent.FutureTask.report(FutureTask.java:122)
	at java.util.concurrent.FutureTask.get(FutureTask.java:192)
	at org.apache.ratis.server.impl.LeaderElection.waitForResults(LeaderElection.java:262)
	at org.apache.ratis.server.impl.LeaderElection.askForVotes(LeaderElection.java:200)
	at org.apache.ratis.server.impl.LeaderElection.run(LeaderElection.java:130)
	at java.lang.Thread.run(Thread.java:748)
Caused by: org.apache.ratis.thirdparty.io.grpc.StatusRuntimeException: UNAVAILABLE: io exception
	at org.apache.ratis.thirdparty.io.grpc.stub.ClientCalls.toStatusRuntimeException(ClientCalls.java:233)
	at org.apache.ratis.thirdparty.io.grpc.stub.ClientCalls.getUnchecked(ClientCalls.java:214)
	at org.apache.ratis.thirdparty.io.grpc.stub.ClientCalls.blockingUnaryCall(ClientCalls.java:139)
	at org.apache.ratis.proto.grpc.RaftServerProtocolServiceGrpc$RaftServerProtocolServiceBlockingStub.requestVote(RaftServerProtocolServiceGrpc.java:265)
	at org.apache.ratis.grpc.server.GrpcServerProtocolClient.requestVote(GrpcServerProtocolClient.java:83)
	at org.apache.ratis.grpc.server.GrpcService.requestVote(GrpcService.java:195)
	at org.apache.ratis.server.impl.LeaderElection.lambda$submitRequests$1(LeaderElection.java:237)
	at java.util.concurrent.FutureTask.run(FutureTask.java:266)
	at java.util.concurrent.Executors$RunnableAdapter.call(Executors.java:511)
	at java.util.concurrent.FutureTask.run(FutureTask.java:266)
	at java.util.concurrent.ThreadPoolExecutor.runWorker(ThreadPoolExecutor.java:1149)
	at java.util.concurrent.ThreadPoolExecutor$Worker.run(ThreadPoolExecutor.java:624)
	... 1 more
Caused by: org.apache.ratis.thirdparty.io.netty.channel.AbstractChannel$AnnotatedConnectException: Connection refused: /192.168.69.77:32780
	at sun.nio.ch.SocketChannelImpl.checkConnect(Native Method)
	at sun.nio.ch.SocketChannelImpl.finishConnect(SocketChannelImpl.java:717)
	at org.apache.ratis.thirdparty.io.netty.channel.socket.nio.NioSocketChannel.doFinishConnect(NioSocketChannel.java:327)
	at org.apache.ratis.thirdparty.io.netty.channel.nio.AbstractNioChannel$AbstractNioUnsafe.finishConnect(AbstractNioChannel.java:340)
	at org.apache.ratis.thirdparty.io.netty.channel.nio.NioEventLoop.processSelectedKey(NioEventLoop.java:632)
	at org.apache.ratis.thirdparty.io.netty.channel.nio.NioEventLoop.processSelectedKeysOptimized(NioEventLoop.java:579)
	at org.apache.ratis.thirdparty.io.netty.channel.nio.NioEventLoop.processSelectedKeys(NioEventLoop.java:496)
	at org.apache.ratis.thirdparty.io.netty.channel.nio.NioEventLoop.run(NioEventLoop.java:458)
	at org.apache.ratis.thirdparty.io.netty.util.concurrent.SingleThreadEventExecutor$5.run(SingleThreadEventExecutor.java:897)
	at org.apache.ratis.thirdparty.io.netty.util.concurrent.FastThreadLocalRunnable.run(FastThreadLocalRunnable.java:30)
	... 1 more
Caused by: java.net.ConnectException: Connection refused
	... 11 more
2019-07-14 16:23:17,367 INFO  impl.LeaderElection (LogUtils.java:infoOrTrace(149)) - e24d1a06-db8f-4c4a-ba2f-121659705693:group-E6D7D00590BF:LeaderElection17 got exception when requesting votes: {}
java.util.concurrent.ExecutionException: org.apache.ratis.thirdparty.io.grpc.StatusRuntimeException: UNAVAILABLE: io exception
	at java.util.concurrent.FutureTask.report(FutureTask.java:122)
	at java.util.concurrent.FutureTask.get(FutureTask.java:192)
	at org.apache.ratis.server.impl.LeaderElection.waitForResults(LeaderElection.java:262)
	at org.apache.ratis.server.impl.LeaderElection.askForVotes(LeaderElection.java:200)
	at org.apache.ratis.server.impl.LeaderElection.run(LeaderElection.java:130)
	at java.lang.Thread.run(Thread.java:748)
Caused by: org.apache.ratis.thirdparty.io.grpc.StatusRuntimeException: UNAVAILABLE: io exception
	at org.apache.ratis.thirdparty.io.grpc.stub.ClientCalls.toStatusRuntimeException(ClientCalls.java:233)
	at org.apache.ratis.thirdparty.io.grpc.stub.ClientCalls.getUnchecked(ClientCalls.java:214)
	at org.apache.ratis.thirdparty.io.grpc.stub.ClientCalls.blockingUnaryCall(ClientCalls.java:139)
	at org.apache.ratis.proto.grpc.RaftServerProtocolServiceGrpc$RaftServerProtocolServiceBlockingStub.requestVote(RaftServerProtocolServiceGrpc.java:265)
	at org.apache.ratis.grpc.server.GrpcServerProtocolClient.requestVote(GrpcServerProtocolClient.java:83)
	at org.apache.ratis.grpc.server.GrpcService.requestVote(GrpcService.java:195)
	at org.apache.ratis.server.impl.LeaderElection.lambda$submitRequests$1(LeaderElection.java:237)
	at java.util.concurrent.FutureTask.run(FutureTask.java:266)
	at java.util.concurrent.Executors$RunnableAdapter.call(Executors.java:511)
	at java.util.concurrent.FutureTask.run(FutureTask.java:266)
	at java.util.concurrent.ThreadPoolExecutor.runWorker(ThreadPoolExecutor.java:1149)
	at java.util.concurrent.ThreadPoolExecutor$Worker.run(ThreadPoolExecutor.java:624)
	... 1 more
Caused by: org.apache.ratis.thirdparty.io.netty.channel.AbstractChannel$AnnotatedConnectException: Connection refused: /192.168.69.77:41737
	at sun.nio.ch.SocketChannelImpl.checkConnect(Native Method)
	at sun.nio.ch.SocketChannelImpl.finishConnect(SocketChannelImpl.java:717)
	at org.apache.ratis.thirdparty.io.netty.channel.socket.nio.NioSocketChannel.doFinishConnect(NioSocketChannel.java:327)
	at org.apache.ratis.thirdparty.io.netty.channel.nio.AbstractNioChannel$AbstractNioUnsafe.finishConnect(AbstractNioChannel.java:340)
	at org.apache.ratis.thirdparty.io.netty.channel.nio.NioEventLoop.processSelectedKey(NioEventLoop.java:632)
	at org.apache.ratis.thirdparty.io.netty.channel.nio.NioEventLoop.processSelectedKeysOptimized(NioEventLoop.java:579)
	at org.apache.ratis.thirdparty.io.netty.channel.nio.NioEventLoop.processSelectedKeys(NioEventLoop.java:496)
	at org.apache.ratis.thirdparty.io.netty.channel.nio.NioEventLoop.run(NioEventLoop.java:458)
	at org.apache.ratis.thirdparty.io.netty.util.concurrent.SingleThreadEventExecutor$5.run(SingleThreadEventExecutor.java:897)
	at org.apache.ratis.thirdparty.io.netty.util.concurrent.FastThreadLocalRunnable.run(FastThreadLocalRunnable.java:30)
	... 1 more
Caused by: java.net.ConnectException: Connection refused
	... 11 more
2019-07-14 16:23:17,370 INFO  impl.LeaderElection (LeaderElection.java:logAndReturn(56)) - e24d1a06-db8f-4c4a-ba2f-121659705693:group-E6D7D00590BF:LeaderElection17: Election REJECTED; received 0 response(s) [] and 2 exception(s); e24d1a06-db8f-4c4a-ba2f-121659705693:t7, leader=null, voted=e24d1a06-db8f-4c4a-ba2f-121659705693, raftlog=e24d1a06-db8f-4c4a-ba2f-121659705693-SegmentedRaftLog:OPENED:c16,f16,i16, conf=0: [259243b9-6039-42e3-b80f-634026e5286a:192.168.69.77:32780, 60c56bdf-da6a-42ae-8761-33eb5f16d091:192.168.69.77:41737, e24d1a06-db8f-4c4a-ba2f-121659705693:192.168.69.77:36269], old=null
2019-07-14 16:23:17,370 INFO  impl.LeaderElection (LogUtils.java:infoOrTrace(149)) -   Exception 0: {}
java.util.concurrent.ExecutionException: org.apache.ratis.thirdparty.io.grpc.StatusRuntimeException: UNAVAILABLE: io exception
	at java.util.concurrent.FutureTask.report(FutureTask.java:122)
	at java.util.concurrent.FutureTask.get(FutureTask.java:192)
	at org.apache.ratis.server.impl.LeaderElection.waitForResults(LeaderElection.java:262)
	at org.apache.ratis.server.impl.LeaderElection.askForVotes(LeaderElection.java:200)
	at org.apache.ratis.server.impl.LeaderElection.run(LeaderElection.java:130)
	at java.lang.Thread.run(Thread.java:748)
Caused by: org.apache.ratis.thirdparty.io.grpc.StatusRuntimeException: UNAVAILABLE: io exception
	at org.apache.ratis.thirdparty.io.grpc.stub.ClientCalls.toStatusRuntimeException(ClientCalls.java:233)
	at org.apache.ratis.thirdparty.io.grpc.stub.ClientCalls.getUnchecked(ClientCalls.java:214)
	at org.apache.ratis.thirdparty.io.grpc.stub.ClientCalls.blockingUnaryCall(ClientCalls.java:139)
	at org.apache.ratis.proto.grpc.RaftServerProtocolServiceGrpc$RaftServerProtocolServiceBlockingStub.requestVote(RaftServerProtocolServiceGrpc.java:265)
	at org.apache.ratis.grpc.server.GrpcServerProtocolClient.requestVote(GrpcServerProtocolClient.java:83)
	at org.apache.ratis.grpc.server.GrpcService.requestVote(GrpcService.java:195)
	at org.apache.ratis.server.impl.LeaderElection.lambda$submitRequests$1(LeaderElection.java:237)
	at java.util.concurrent.FutureTask.run(FutureTask.java:266)
	at java.util.concurrent.Executors$RunnableAdapter.call(Executors.java:511)
	at java.util.concurrent.FutureTask.run(FutureTask.java:266)
	at java.util.concurrent.ThreadPoolExecutor.runWorker(ThreadPoolExecutor.java:1149)
	at java.util.concurrent.ThreadPoolExecutor$Worker.run(ThreadPoolExecutor.java:624)
	... 1 more
Caused by: org.apache.ratis.thirdparty.io.netty.channel.AbstractChannel$AnnotatedConnectException: Connection refused: /192.168.69.77:32780
	at sun.nio.ch.SocketChannelImpl.checkConnect(Native Method)
	at sun.nio.ch.SocketChannelImpl.finishConnect(SocketChannelImpl.java:717)
	at org.apache.ratis.thirdparty.io.netty.channel.socket.nio.NioSocketChannel.doFinishConnect(NioSocketChannel.java:327)
	at org.apache.ratis.thirdparty.io.netty.channel.nio.AbstractNioChannel$AbstractNioUnsafe.finishConnect(AbstractNioChannel.java:340)
	at org.apache.ratis.thirdparty.io.netty.channel.nio.NioEventLoop.processSelectedKey(NioEventLoop.java:632)
	at org.apache.ratis.thirdparty.io.netty.channel.nio.NioEventLoop.processSelectedKeysOptimized(NioEventLoop.java:579)
	at org.apache.ratis.thirdparty.io.netty.channel.nio.NioEventLoop.processSelectedKeys(NioEventLoop.java:496)
	at org.apache.ratis.thirdparty.io.netty.channel.nio.NioEventLoop.run(NioEventLoop.java:458)
	at org.apache.ratis.thirdparty.io.netty.util.concurrent.SingleThreadEventExecutor$5.run(SingleThreadEventExecutor.java:897)
	at org.apache.ratis.thirdparty.io.netty.util.concurrent.FastThreadLocalRunnable.run(FastThreadLocalRunnable.java:30)
	... 1 more
Caused by: java.net.ConnectException: Connection refused
	... 11 more
2019-07-14 16:23:17,370 INFO  impl.LeaderElection (LogUtils.java:infoOrTrace(149)) -   Exception 1: {}
java.util.concurrent.ExecutionException: org.apache.ratis.thirdparty.io.grpc.StatusRuntimeException: UNAVAILABLE: io exception
	at java.util.concurrent.FutureTask.report(FutureTask.java:122)
	at java.util.concurrent.FutureTask.get(FutureTask.java:192)
	at org.apache.ratis.server.impl.LeaderElection.waitForResults(LeaderElection.java:262)
	at org.apache.ratis.server.impl.LeaderElection.askForVotes(LeaderElection.java:200)
	at org.apache.ratis.server.impl.LeaderElection.run(LeaderElection.java:130)
	at java.lang.Thread.run(Thread.java:748)
Caused by: org.apache.ratis.thirdparty.io.grpc.StatusRuntimeException: UNAVAILABLE: io exception
	at org.apache.ratis.thirdparty.io.grpc.stub.ClientCalls.toStatusRuntimeException(ClientCalls.java:233)
	at org.apache.ratis.thirdparty.io.grpc.stub.ClientCalls.getUnchecked(ClientCalls.java:214)
	at org.apache.ratis.thirdparty.io.grpc.stub.ClientCalls.blockingUnaryCall(ClientCalls.java:139)
	at org.apache.ratis.proto.grpc.RaftServerProtocolServiceGrpc$RaftServerProtocolServiceBlockingStub.requestVote(RaftServerProtocolServiceGrpc.java:265)
	at org.apache.ratis.grpc.server.GrpcServerProtocolClient.requestVote(GrpcServerProtocolClient.java:83)
	at org.apache.ratis.grpc.server.GrpcService.requestVote(GrpcService.java:195)
	at org.apache.ratis.server.impl.LeaderElection.lambda$submitRequests$1(LeaderElection.java:237)
	at java.util.concurrent.FutureTask.run(FutureTask.java:266)
	at java.util.concurrent.Executors$RunnableAdapter.call(Executors.java:511)
	at java.util.concurrent.FutureTask.run(FutureTask.java:266)
	at java.util.concurrent.ThreadPoolExecutor.runWorker(ThreadPoolExecutor.java:1149)
	at java.util.concurrent.ThreadPoolExecutor$Worker.run(ThreadPoolExecutor.java:624)
	... 1 more
Caused by: org.apache.ratis.thirdparty.io.netty.channel.AbstractChannel$AnnotatedConnectException: Connection refused: /192.168.69.77:41737
	at sun.nio.ch.SocketChannelImpl.checkConnect(Native Method)
	at sun.nio.ch.SocketChannelImpl.finishConnect(SocketChannelImpl.java:717)
	at org.apache.ratis.thirdparty.io.netty.channel.socket.nio.NioSocketChannel.doFinishConnect(NioSocketChannel.java:327)
	at org.apache.ratis.thirdparty.io.netty.channel.nio.AbstractNioChannel$AbstractNioUnsafe.finishConnect(AbstractNioChannel.java:340)
	at org.apache.ratis.thirdparty.io.netty.channel.nio.NioEventLoop.processSelectedKey(NioEventLoop.java:632)
	at org.apache.ratis.thirdparty.io.netty.channel.nio.NioEventLoop.processSelectedKeysOptimized(NioEventLoop.java:579)
	at org.apache.ratis.thirdparty.io.netty.channel.nio.NioEventLoop.processSelectedKeys(NioEventLoop.java:496)
	at org.apache.ratis.thirdparty.io.netty.channel.nio.NioEventLoop.run(NioEventLoop.java:458)
	at org.apache.ratis.thirdparty.io.netty.util.concurrent.SingleThreadEventExecutor$5.run(SingleThreadEventExecutor.java:897)
	at org.apache.ratis.thirdparty.io.netty.util.concurrent.FastThreadLocalRunnable.run(FastThreadLocalRunnable.java:30)
	... 1 more
Caused by: java.net.ConnectException: Connection refused
	... 11 more
2019-07-14 16:23:17,371 INFO  impl.RaftServerImpl (RaftServerImpl.java:setRole(171)) - e24d1a06-db8f-4c4a-ba2f-121659705693:group-E6D7D00590BF changes role from CANDIDATE to FOLLOWER at term 7 for DISCOVERED_A_NEW_TERM
2019-07-14 16:23:17,373 INFO  impl.RoleInfo (RoleInfo.java:shutdownLeaderElection(134)) - e24d1a06-db8f-4c4a-ba2f-121659705693: shutdown LeaderElection
2019-07-14 16:23:17,373 INFO  impl.RoleInfo (RoleInfo.java:updateAndGet(143)) - e24d1a06-db8f-4c4a-ba2f-121659705693: start FollowerState
2019-07-14 16:23:19,551 INFO  client.GrpcClientProtocolClient (GrpcClientProtocolClient.java:onNext(255)) - client-97F3A1C803B3->e24d1a06-db8f-4c4a-ba2f-121659705693: receive RaftClientReply:client-97F3A1C803B3->e24d1a06-db8f-4c4a-ba2f-121659705693@group-E6D7D00590BF, cid=22, FAILED org.apache.ratis.protocol.NotLeaderException: Server e24d1a06-db8f-4c4a-ba2f-121659705693 is not the leader (null). Request must be sent to leader., logIndex=0, commits[e24d1a06-db8f-4c4a-ba2f-121659705693:c16, 259243b9-6039-42e3-b80f-634026e5286a:c16, 60c56bdf-da6a-42ae-8761-33eb5f16d091:c16]
2019-07-14 16:23:21,592 INFO  client.GrpcClientProtocolClient (GrpcClientProtocolClient.java:onNext(255)) - client-97F3A1C803B3->e24d1a06-db8f-4c4a-ba2f-121659705693: receive RaftClientReply:client-97F3A1C803B3->e24d1a06-db8f-4c4a-ba2f-121659705693@group-E6D7D00590BF, cid=22, FAILED org.apache.ratis.protocol.NotLeaderException: Server e24d1a06-db8f-4c4a-ba2f-121659705693 is not the leader (null). Request must be sent to leader., logIndex=0, commits[e24d1a06-db8f-4c4a-ba2f-121659705693:c16, 259243b9-6039-42e3-b80f-634026e5286a:c16, 60c56bdf-da6a-42ae-8761-33eb5f16d091:c16]
2019-07-14 16:23:22,377 INFO  impl.FollowerState (FollowerState.java:run(106)) - e24d1a06-db8f-4c4a-ba2f-121659705693:group-E6D7D00590BF changes to CANDIDATE, lastRpcTime:5004, electionTimeout:5002ms
2019-07-14 16:23:22,378 INFO  impl.RoleInfo (RoleInfo.java:shutdownFollowerState(121)) - e24d1a06-db8f-4c4a-ba2f-121659705693: shutdown FollowerState
2019-07-14 16:23:22,378 INFO  impl.RaftServerImpl (RaftServerImpl.java:setRole(171)) - e24d1a06-db8f-4c4a-ba2f-121659705693:group-E6D7D00590BF changes role from FOLLOWER to CANDIDATE at term 7 for changeToCandidate
2019-07-14 16:23:22,378 INFO  impl.RoleInfo (RoleInfo.java:updateAndGet(143)) - e24d1a06-db8f-4c4a-ba2f-121659705693: start LeaderElection
2019-07-14 16:23:22,396 INFO  impl.LeaderElection (LeaderElection.java:askForVotes(181)) - e24d1a06-db8f-4c4a-ba2f-121659705693:group-E6D7D00590BF:LeaderElection18: begin an election at term 8 for 0: [259243b9-6039-42e3-b80f-634026e5286a:192.168.69.77:32780, 60c56bdf-da6a-42ae-8761-33eb5f16d091:192.168.69.77:41737, e24d1a06-db8f-4c4a-ba2f-121659705693:192.168.69.77:36269], old=null
2019-07-14 16:23:22,398 INFO  impl.LeaderElection (LogUtils.java:infoOrTrace(149)) - e24d1a06-db8f-4c4a-ba2f-121659705693:group-E6D7D00590BF:LeaderElection18 got exception when requesting votes: {}
java.util.concurrent.ExecutionException: org.apache.ratis.thirdparty.io.grpc.StatusRuntimeException: UNAVAILABLE: io exception
	at java.util.concurrent.FutureTask.report(FutureTask.java:122)
	at java.util.concurrent.FutureTask.get(FutureTask.java:192)
	at org.apache.ratis.server.impl.LeaderElection.waitForResults(LeaderElection.java:262)
	at org.apache.ratis.server.impl.LeaderElection.askForVotes(LeaderElection.java:200)
	at org.apache.ratis.server.impl.LeaderElection.run(LeaderElection.java:130)
	at java.lang.Thread.run(Thread.java:748)
Caused by: org.apache.ratis.thirdparty.io.grpc.StatusRuntimeException: UNAVAILABLE: io exception
	at org.apache.ratis.thirdparty.io.grpc.stub.ClientCalls.toStatusRuntimeException(ClientCalls.java:233)
	at org.apache.ratis.thirdparty.io.grpc.stub.ClientCalls.getUnchecked(ClientCalls.java:214)
	at org.apache.ratis.thirdparty.io.grpc.stub.ClientCalls.blockingUnaryCall(ClientCalls.java:139)
	at org.apache.ratis.proto.grpc.RaftServerProtocolServiceGrpc$RaftServerProtocolServiceBlockingStub.requestVote(RaftServerProtocolServiceGrpc.java:265)
	at org.apache.ratis.grpc.server.GrpcServerProtocolClient.requestVote(GrpcServerProtocolClient.java:83)
	at org.apache.ratis.grpc.server.GrpcService.requestVote(GrpcService.java:195)
	at org.apache.ratis.server.impl.LeaderElection.lambda$submitRequests$1(LeaderElection.java:237)
	at java.util.concurrent.FutureTask.run(FutureTask.java:266)
	at java.util.concurrent.Executors$RunnableAdapter.call(Executors.java:511)
	at java.util.concurrent.FutureTask.run(FutureTask.java:266)
	at java.util.concurrent.ThreadPoolExecutor.runWorker(ThreadPoolExecutor.java:1149)
	at java.util.concurrent.ThreadPoolExecutor$Worker.run(ThreadPoolExecutor.java:624)
	... 1 more
Caused by: org.apache.ratis.thirdparty.io.netty.channel.AbstractChannel$AnnotatedConnectException: Connection refused: /192.168.69.77:32780
	at sun.nio.ch.SocketChannelImpl.checkConnect(Native Method)
	at sun.nio.ch.SocketChannelImpl.finishConnect(SocketChannelImpl.java:717)
	at org.apache.ratis.thirdparty.io.netty.channel.socket.nio.NioSocketChannel.doFinishConnect(NioSocketChannel.java:327)
	at org.apache.ratis.thirdparty.io.netty.channel.nio.AbstractNioChannel$AbstractNioUnsafe.finishConnect(AbstractNioChannel.java:340)
	at org.apache.ratis.thirdparty.io.netty.channel.nio.NioEventLoop.processSelectedKey(NioEventLoop.java:632)
	at org.apache.ratis.thirdparty.io.netty.channel.nio.NioEventLoop.processSelectedKeysOptimized(NioEventLoop.java:579)
	at org.apache.ratis.thirdparty.io.netty.channel.nio.NioEventLoop.processSelectedKeys(NioEventLoop.java:496)
	at org.apache.ratis.thirdparty.io.netty.channel.nio.NioEventLoop.run(NioEventLoop.java:458)
	at org.apache.ratis.thirdparty.io.netty.util.concurrent.SingleThreadEventExecutor$5.run(SingleThreadEventExecutor.java:897)
	at org.apache.ratis.thirdparty.io.netty.util.concurrent.FastThreadLocalRunnable.run(FastThreadLocalRunnable.java:30)
	... 1 more
Caused by: java.net.ConnectException: Connection refused
	... 11 more
2019-07-14 16:23:22,400 INFO  impl.LeaderElection (LogUtils.java:infoOrTrace(149)) - e24d1a06-db8f-4c4a-ba2f-121659705693:group-E6D7D00590BF:LeaderElection18 got exception when requesting votes: {}
java.util.concurrent.ExecutionException: org.apache.ratis.thirdparty.io.grpc.StatusRuntimeException: UNAVAILABLE: io exception
	at java.util.concurrent.FutureTask.report(FutureTask.java:122)
	at java.util.concurrent.FutureTask.get(FutureTask.java:192)
	at org.apache.ratis.server.impl.LeaderElection.waitForResults(LeaderElection.java:262)
	at org.apache.ratis.server.impl.LeaderElection.askForVotes(LeaderElection.java:200)
	at org.apache.ratis.server.impl.LeaderElection.run(LeaderElection.java:130)
	at java.lang.Thread.run(Thread.java:748)
Caused by: org.apache.ratis.thirdparty.io.grpc.StatusRuntimeException: UNAVAILABLE: io exception
	at org.apache.ratis.thirdparty.io.grpc.stub.ClientCalls.toStatusRuntimeException(ClientCalls.java:233)
	at org.apache.ratis.thirdparty.io.grpc.stub.ClientCalls.getUnchecked(ClientCalls.java:214)
	at org.apache.ratis.thirdparty.io.grpc.stub.ClientCalls.blockingUnaryCall(ClientCalls.java:139)
	at org.apache.ratis.proto.grpc.RaftServerProtocolServiceGrpc$RaftServerProtocolServiceBlockingStub.requestVote(RaftServerProtocolServiceGrpc.java:265)
	at org.apache.ratis.grpc.server.GrpcServerProtocolClient.requestVote(GrpcServerProtocolClient.java:83)
	at org.apache.ratis.grpc.server.GrpcService.requestVote(GrpcService.java:195)
	at org.apache.ratis.server.impl.LeaderElection.lambda$submitRequests$1(LeaderElection.java:237)
	at java.util.concurrent.FutureTask.run(FutureTask.java:266)
	at java.util.concurrent.Executors$RunnableAdapter.call(Executors.java:511)
	at java.util.concurrent.FutureTask.run(FutureTask.java:266)
	at java.util.concurrent.ThreadPoolExecutor.runWorker(ThreadPoolExecutor.java:1149)
	at java.util.concurrent.ThreadPoolExecutor$Worker.run(ThreadPoolExecutor.java:624)
	... 1 more
Caused by: org.apache.ratis.thirdparty.io.netty.channel.AbstractChannel$AnnotatedConnectException: Connection refused: /192.168.69.77:41737
	at sun.nio.ch.SocketChannelImpl.checkConnect(Native Method)
	at sun.nio.ch.SocketChannelImpl.finishConnect(SocketChannelImpl.java:717)
	at org.apache.ratis.thirdparty.io.netty.channel.socket.nio.NioSocketChannel.doFinishConnect(NioSocketChannel.java:327)
	at org.apache.ratis.thirdparty.io.netty.channel.nio.AbstractNioChannel$AbstractNioUnsafe.finishConnect(AbstractNioChannel.java:340)
	at org.apache.ratis.thirdparty.io.netty.channel.nio.NioEventLoop.processSelectedKey(NioEventLoop.java:632)
	at org.apache.ratis.thirdparty.io.netty.channel.nio.NioEventLoop.processSelectedKeysOptimized(NioEventLoop.java:579)
	at org.apache.ratis.thirdparty.io.netty.channel.nio.NioEventLoop.processSelectedKeys(NioEventLoop.java:496)
	at org.apache.ratis.thirdparty.io.netty.channel.nio.NioEventLoop.run(NioEventLoop.java:458)
	at org.apache.ratis.thirdparty.io.netty.util.concurrent.SingleThreadEventExecutor$5.run(SingleThreadEventExecutor.java:897)
	at org.apache.ratis.thirdparty.io.netty.util.concurrent.FastThreadLocalRunnable.run(FastThreadLocalRunnable.java:30)
	... 1 more
Caused by: java.net.ConnectException: Connection refused
	... 11 more
2019-07-14 16:23:22,402 INFO  impl.LeaderElection (LeaderElection.java:logAndReturn(56)) - e24d1a06-db8f-4c4a-ba2f-121659705693:group-E6D7D00590BF:LeaderElection18: Election REJECTED; received 0 response(s) [] and 2 exception(s); e24d1a06-db8f-4c4a-ba2f-121659705693:t8, leader=null, voted=e24d1a06-db8f-4c4a-ba2f-121659705693, raftlog=e24d1a06-db8f-4c4a-ba2f-121659705693-SegmentedRaftLog:OPENED:c16,f16,i16, conf=0: [259243b9-6039-42e3-b80f-634026e5286a:192.168.69.77:32780, 60c56bdf-da6a-42ae-8761-33eb5f16d091:192.168.69.77:41737, e24d1a06-db8f-4c4a-ba2f-121659705693:192.168.69.77:36269], old=null
2019-07-14 16:23:22,403 INFO  impl.LeaderElection (LogUtils.java:infoOrTrace(149)) -   Exception 0: {}
java.util.concurrent.ExecutionException: org.apache.ratis.thirdparty.io.grpc.StatusRuntimeException: UNAVAILABLE: io exception
	at java.util.concurrent.FutureTask.report(FutureTask.java:122)
	at java.util.concurrent.FutureTask.get(FutureTask.java:192)
	at org.apache.ratis.server.impl.LeaderElection.waitForResults(LeaderElection.java:262)
	at org.apache.ratis.server.impl.LeaderElection.askForVotes(LeaderElection.java:200)
	at org.apache.ratis.server.impl.LeaderElection.run(LeaderElection.java:130)
	at java.lang.Thread.run(Thread.java:748)
Caused by: org.apache.ratis.thirdparty.io.grpc.StatusRuntimeException: UNAVAILABLE: io exception
	at org.apache.ratis.thirdparty.io.grpc.stub.ClientCalls.toStatusRuntimeException(ClientCalls.java:233)
	at org.apache.ratis.thirdparty.io.grpc.stub.ClientCalls.getUnchecked(ClientCalls.java:214)
	at org.apache.ratis.thirdparty.io.grpc.stub.ClientCalls.blockingUnaryCall(ClientCalls.java:139)
	at org.apache.ratis.proto.grpc.RaftServerProtocolServiceGrpc$RaftServerProtocolServiceBlockingStub.requestVote(RaftServerProtocolServiceGrpc.java:265)
	at org.apache.ratis.grpc.server.GrpcServerProtocolClient.requestVote(GrpcServerProtocolClient.java:83)
	at org.apache.ratis.grpc.server.GrpcService.requestVote(GrpcService.java:195)
	at org.apache.ratis.server.impl.LeaderElection.lambda$submitRequests$1(LeaderElection.java:237)
	at java.util.concurrent.FutureTask.run(FutureTask.java:266)
	at java.util.concurrent.Executors$RunnableAdapter.call(Executors.java:511)
	at java.util.concurrent.FutureTask.run(FutureTask.java:266)
	at java.util.concurrent.ThreadPoolExecutor.runWorker(ThreadPoolExecutor.java:1149)
	at java.util.concurrent.ThreadPoolExecutor$Worker.run(ThreadPoolExecutor.java:624)
	... 1 more
Caused by: org.apache.ratis.thirdparty.io.netty.channel.AbstractChannel$AnnotatedConnectException: Connection refused: /192.168.69.77:32780
	at sun.nio.ch.SocketChannelImpl.checkConnect(Native Method)
	at sun.nio.ch.SocketChannelImpl.finishConnect(SocketChannelImpl.java:717)
	at org.apache.ratis.thirdparty.io.netty.channel.socket.nio.NioSocketChannel.doFinishConnect(NioSocketChannel.java:327)
	at org.apache.ratis.thirdparty.io.netty.channel.nio.AbstractNioChannel$AbstractNioUnsafe.finishConnect(AbstractNioChannel.java:340)
	at org.apache.ratis.thirdparty.io.netty.channel.nio.NioEventLoop.processSelectedKey(NioEventLoop.java:632)
	at org.apache.ratis.thirdparty.io.netty.channel.nio.NioEventLoop.processSelectedKeysOptimized(NioEventLoop.java:579)
	at org.apache.ratis.thirdparty.io.netty.channel.nio.NioEventLoop.processSelectedKeys(NioEventLoop.java:496)
	at org.apache.ratis.thirdparty.io.netty.channel.nio.NioEventLoop.run(NioEventLoop.java:458)
	at org.apache.ratis.thirdparty.io.netty.util.concurrent.SingleThreadEventExecutor$5.run(SingleThreadEventExecutor.java:897)
	at org.apache.ratis.thirdparty.io.netty.util.concurrent.FastThreadLocalRunnable.run(FastThreadLocalRunnable.java:30)
	... 1 more
Caused by: java.net.ConnectException: Connection refused
	... 11 more
2019-07-14 16:23:22,403 INFO  impl.LeaderElection (LogUtils.java:infoOrTrace(149)) -   Exception 1: {}
java.util.concurrent.ExecutionException: org.apache.ratis.thirdparty.io.grpc.StatusRuntimeException: UNAVAILABLE: io exception
	at java.util.concurrent.FutureTask.report(FutureTask.java:122)
	at java.util.concurrent.FutureTask.get(FutureTask.java:192)
	at org.apache.ratis.server.impl.LeaderElection.waitForResults(LeaderElection.java:262)
	at org.apache.ratis.server.impl.LeaderElection.askForVotes(LeaderElection.java:200)
	at org.apache.ratis.server.impl.LeaderElection.run(LeaderElection.java:130)
	at java.lang.Thread.run(Thread.java:748)
Caused by: org.apache.ratis.thirdparty.io.grpc.StatusRuntimeException: UNAVAILABLE: io exception
	at org.apache.ratis.thirdparty.io.grpc.stub.ClientCalls.toStatusRuntimeException(ClientCalls.java:233)
	at org.apache.ratis.thirdparty.io.grpc.stub.ClientCalls.getUnchecked(ClientCalls.java:214)
	at org.apache.ratis.thirdparty.io.grpc.stub.ClientCalls.blockingUnaryCall(ClientCalls.java:139)
	at org.apache.ratis.proto.grpc.RaftServerProtocolServiceGrpc$RaftServerProtocolServiceBlockingStub.requestVote(RaftServerProtocolServiceGrpc.java:265)
	at org.apache.ratis.grpc.server.GrpcServerProtocolClient.requestVote(GrpcServerProtocolClient.java:83)
	at org.apache.ratis.grpc.server.GrpcService.requestVote(GrpcService.java:195)
	at org.apache.ratis.server.impl.LeaderElection.lambda$submitRequests$1(LeaderElection.java:237)
	at java.util.concurrent.FutureTask.run(FutureTask.java:266)
	at java.util.concurrent.Executors$RunnableAdapter.call(Executors.java:511)
	at java.util.concurrent.FutureTask.run(FutureTask.java:266)
	at java.util.concurrent.ThreadPoolExecutor.runWorker(ThreadPoolExecutor.java:1149)
	at java.util.concurrent.ThreadPoolExecutor$Worker.run(ThreadPoolExecutor.java:624)
	... 1 more
Caused by: org.apache.ratis.thirdparty.io.netty.channel.AbstractChannel$AnnotatedConnectException: Connection refused: /192.168.69.77:41737
	at sun.nio.ch.SocketChannelImpl.checkConnect(Native Method)
	at sun.nio.ch.SocketChannelImpl.finishConnect(SocketChannelImpl.java:717)
	at org.apache.ratis.thirdparty.io.netty.channel.socket.nio.NioSocketChannel.doFinishConnect(NioSocketChannel.java:327)
	at org.apache.ratis.thirdparty.io.netty.channel.nio.AbstractNioChannel$AbstractNioUnsafe.finishConnect(AbstractNioChannel.java:340)
	at org.apache.ratis.thirdparty.io.netty.channel.nio.NioEventLoop.processSelectedKey(NioEventLoop.java:632)
	at org.apache.ratis.thirdparty.io.netty.channel.nio.NioEventLoop.processSelectedKeysOptimized(NioEventLoop.java:579)
	at org.apache.ratis.thirdparty.io.netty.channel.nio.NioEventLoop.processSelectedKeys(NioEventLoop.java:496)
	at org.apache.ratis.thirdparty.io.netty.channel.nio.NioEventLoop.run(NioEventLoop.java:458)
	at org.apache.ratis.thirdparty.io.netty.util.concurrent.SingleThreadEventExecutor$5.run(SingleThreadEventExecutor.java:897)
	at org.apache.ratis.thirdparty.io.netty.util.concurrent.FastThreadLocalRunnable.run(FastThreadLocalRunnable.java:30)
	... 1 more
Caused by: java.net.ConnectException: Connection refused
	... 11 more
2019-07-14 16:23:22,403 INFO  impl.RaftServerImpl (RaftServerImpl.java:setRole(171)) - e24d1a06-db8f-4c4a-ba2f-121659705693:group-E6D7D00590BF changes role from CANDIDATE to FOLLOWER at term 8 for DISCOVERED_A_NEW_TERM
2019-07-14 16:23:22,405 INFO  impl.RoleInfo (RoleInfo.java:shutdownLeaderElection(134)) - e24d1a06-db8f-4c4a-ba2f-121659705693: shutdown LeaderElection
2019-07-14 16:23:22,406 INFO  impl.RoleInfo (RoleInfo.java:updateAndGet(143)) - e24d1a06-db8f-4c4a-ba2f-121659705693: start FollowerState
2019-07-14 16:23:23,625 INFO  client.GrpcClientProtocolClient (GrpcClientProtocolClient.java:onNext(255)) - client-97F3A1C803B3->e24d1a06-db8f-4c4a-ba2f-121659705693: receive RaftClientReply:client-97F3A1C803B3->e24d1a06-db8f-4c4a-ba2f-121659705693@group-E6D7D00590BF, cid=22, FAILED org.apache.ratis.protocol.NotLeaderException: Server e24d1a06-db8f-4c4a-ba2f-121659705693 is not the leader (null). Request must be sent to leader., logIndex=0, commits[e24d1a06-db8f-4c4a-ba2f-121659705693:c16, 259243b9-6039-42e3-b80f-634026e5286a:c16, 60c56bdf-da6a-42ae-8761-33eb5f16d091:c16]
2019-07-14 16:23:27,479 INFO  impl.FollowerState (FollowerState.java:run(106)) - e24d1a06-db8f-4c4a-ba2f-121659705693:group-E6D7D00590BF changes to CANDIDATE, lastRpcTime:5073, electionTimeout:5071ms
2019-07-14 16:23:27,479 INFO  impl.RoleInfo (RoleInfo.java:shutdownFollowerState(121)) - e24d1a06-db8f-4c4a-ba2f-121659705693: shutdown FollowerState
2019-07-14 16:23:27,479 INFO  impl.RaftServerImpl (RaftServerImpl.java:setRole(171)) - e24d1a06-db8f-4c4a-ba2f-121659705693:group-E6D7D00590BF changes role from FOLLOWER to CANDIDATE at term 8 for changeToCandidate
2019-07-14 16:23:27,480 INFO  impl.RoleInfo (RoleInfo.java:updateAndGet(143)) - e24d1a06-db8f-4c4a-ba2f-121659705693: start LeaderElection
2019-07-14 16:23:27,498 INFO  impl.LeaderElection (LeaderElection.java:askForVotes(181)) - e24d1a06-db8f-4c4a-ba2f-121659705693:group-E6D7D00590BF:LeaderElection19: begin an election at term 9 for 0: [259243b9-6039-42e3-b80f-634026e5286a:192.168.69.77:32780, 60c56bdf-da6a-42ae-8761-33eb5f16d091:192.168.69.77:41737, e24d1a06-db8f-4c4a-ba2f-121659705693:192.168.69.77:36269], old=null
2019-07-14 16:23:27,500 INFO  impl.LeaderElection (LogUtils.java:infoOrTrace(149)) - e24d1a06-db8f-4c4a-ba2f-121659705693:group-E6D7D00590BF:LeaderElection19 got exception when requesting votes: {}
java.util.concurrent.ExecutionException: org.apache.ratis.thirdparty.io.grpc.StatusRuntimeException: UNAVAILABLE: io exception
	at java.util.concurrent.FutureTask.report(FutureTask.java:122)
	at java.util.concurrent.FutureTask.get(FutureTask.java:192)
	at org.apache.ratis.server.impl.LeaderElection.waitForResults(LeaderElection.java:262)
	at org.apache.ratis.server.impl.LeaderElection.askForVotes(LeaderElection.java:200)
	at org.apache.ratis.server.impl.LeaderElection.run(LeaderElection.java:130)
	at java.lang.Thread.run(Thread.java:748)
Caused by: org.apache.ratis.thirdparty.io.grpc.StatusRuntimeException: UNAVAILABLE: io exception
	at org.apache.ratis.thirdparty.io.grpc.stub.ClientCalls.toStatusRuntimeException(ClientCalls.java:233)
	at org.apache.ratis.thirdparty.io.grpc.stub.ClientCalls.getUnchecked(ClientCalls.java:214)
	at org.apache.ratis.thirdparty.io.grpc.stub.ClientCalls.blockingUnaryCall(ClientCalls.java:139)
	at org.apache.ratis.proto.grpc.RaftServerProtocolServiceGrpc$RaftServerProtocolServiceBlockingStub.requestVote(RaftServerProtocolServiceGrpc.java:265)
	at org.apache.ratis.grpc.server.GrpcServerProtocolClient.requestVote(GrpcServerProtocolClient.java:83)
	at org.apache.ratis.grpc.server.GrpcService.requestVote(GrpcService.java:195)
	at org.apache.ratis.server.impl.LeaderElection.lambda$submitRequests$1(LeaderElection.java:237)
	at java.util.concurrent.FutureTask.run(FutureTask.java:266)
	at java.util.concurrent.Executors$RunnableAdapter.call(Executors.java:511)
	at java.util.concurrent.FutureTask.run(FutureTask.java:266)
	at java.util.concurrent.ThreadPoolExecutor.runWorker(ThreadPoolExecutor.java:1149)
	at java.util.concurrent.ThreadPoolExecutor$Worker.run(ThreadPoolExecutor.java:624)
	... 1 more
Caused by: org.apache.ratis.thirdparty.io.netty.channel.AbstractChannel$AnnotatedConnectException: Connection refused: /192.168.69.77:32780
	at sun.nio.ch.SocketChannelImpl.checkConnect(Native Method)
	at sun.nio.ch.SocketChannelImpl.finishConnect(SocketChannelImpl.java:717)
	at org.apache.ratis.thirdparty.io.netty.channel.socket.nio.NioSocketChannel.doFinishConnect(NioSocketChannel.java:327)
	at org.apache.ratis.thirdparty.io.netty.channel.nio.AbstractNioChannel$AbstractNioUnsafe.finishConnect(AbstractNioChannel.java:340)
	at org.apache.ratis.thirdparty.io.netty.channel.nio.NioEventLoop.processSelectedKey(NioEventLoop.java:632)
	at org.apache.ratis.thirdparty.io.netty.channel.nio.NioEventLoop.processSelectedKeysOptimized(NioEventLoop.java:579)
	at org.apache.ratis.thirdparty.io.netty.channel.nio.NioEventLoop.processSelectedKeys(NioEventLoop.java:496)
	at org.apache.ratis.thirdparty.io.netty.channel.nio.NioEventLoop.run(NioEventLoop.java:458)
	at org.apache.ratis.thirdparty.io.netty.util.concurrent.SingleThreadEventExecutor$5.run(SingleThreadEventExecutor.java:897)
	at org.apache.ratis.thirdparty.io.netty.util.concurrent.FastThreadLocalRunnable.run(FastThreadLocalRunnable.java:30)
	... 1 more
Caused by: java.net.ConnectException: Connection refused
	... 11 more
2019-07-14 16:23:27,503 INFO  impl.LeaderElection (LogUtils.java:infoOrTrace(149)) - e24d1a06-db8f-4c4a-ba2f-121659705693:group-E6D7D00590BF:LeaderElection19 got exception when requesting votes: {}
java.util.concurrent.ExecutionException: org.apache.ratis.thirdparty.io.grpc.StatusRuntimeException: UNAVAILABLE: io exception
	at java.util.concurrent.FutureTask.report(FutureTask.java:122)
	at java.util.concurrent.FutureTask.get(FutureTask.java:192)
	at org.apache.ratis.server.impl.LeaderElection.waitForResults(LeaderElection.java:262)
	at org.apache.ratis.server.impl.LeaderElection.askForVotes(LeaderElection.java:200)
	at org.apache.ratis.server.impl.LeaderElection.run(LeaderElection.java:130)
	at java.lang.Thread.run(Thread.java:748)
Caused by: org.apache.ratis.thirdparty.io.grpc.StatusRuntimeException: UNAVAILABLE: io exception
	at org.apache.ratis.thirdparty.io.grpc.stub.ClientCalls.toStatusRuntimeException(ClientCalls.java:233)
	at org.apache.ratis.thirdparty.io.grpc.stub.ClientCalls.getUnchecked(ClientCalls.java:214)
	at org.apache.ratis.thirdparty.io.grpc.stub.ClientCalls.blockingUnaryCall(ClientCalls.java:139)
	at org.apache.ratis.proto.grpc.RaftServerProtocolServiceGrpc$RaftServerProtocolServiceBlockingStub.requestVote(RaftServerProtocolServiceGrpc.java:265)
	at org.apache.ratis.grpc.server.GrpcServerProtocolClient.requestVote(GrpcServerProtocolClient.java:83)
	at org.apache.ratis.grpc.server.GrpcService.requestVote(GrpcService.java:195)
	at org.apache.ratis.server.impl.LeaderElection.lambda$submitRequests$1(LeaderElection.java:237)
	at java.util.concurrent.FutureTask.run(FutureTask.java:266)
	at java.util.concurrent.Executors$RunnableAdapter.call(Executors.java:511)
	at java.util.concurrent.FutureTask.run(FutureTask.java:266)
	at java.util.concurrent.ThreadPoolExecutor.runWorker(ThreadPoolExecutor.java:1149)
	at java.util.concurrent.ThreadPoolExecutor$Worker.run(ThreadPoolExecutor.java:624)
	... 1 more
Caused by: org.apache.ratis.thirdparty.io.netty.channel.AbstractChannel$AnnotatedConnectException: Connection refused: /192.168.69.77:41737
	at sun.nio.ch.SocketChannelImpl.checkConnect(Native Method)
	at sun.nio.ch.SocketChannelImpl.finishConnect(SocketChannelImpl.java:717)
	at org.apache.ratis.thirdparty.io.netty.channel.socket.nio.NioSocketChannel.doFinishConnect(NioSocketChannel.java:327)
	at org.apache.ratis.thirdparty.io.netty.channel.nio.AbstractNioChannel$AbstractNioUnsafe.finishConnect(AbstractNioChannel.java:340)
	at org.apache.ratis.thirdparty.io.netty.channel.nio.NioEventLoop.processSelectedKey(NioEventLoop.java:632)
	at org.apache.ratis.thirdparty.io.netty.channel.nio.NioEventLoop.processSelectedKeysOptimized(NioEventLoop.java:579)
	at org.apache.ratis.thirdparty.io.netty.channel.nio.NioEventLoop.processSelectedKeys(NioEventLoop.java:496)
	at org.apache.ratis.thirdparty.io.netty.channel.nio.NioEventLoop.run(NioEventLoop.java:458)
	at org.apache.ratis.thirdparty.io.netty.util.concurrent.SingleThreadEventExecutor$5.run(SingleThreadEventExecutor.java:897)
	at org.apache.ratis.thirdparty.io.netty.util.concurrent.FastThreadLocalRunnable.run(FastThreadLocalRunnable.java:30)
	... 1 more
Caused by: java.net.ConnectException: Connection refused
	... 11 more
2019-07-14 16:23:27,505 INFO  impl.LeaderElection (LeaderElection.java:logAndReturn(56)) - e24d1a06-db8f-4c4a-ba2f-121659705693:group-E6D7D00590BF:LeaderElection19: Election REJECTED; received 0 response(s) [] and 2 exception(s); e24d1a06-db8f-4c4a-ba2f-121659705693:t9, leader=null, voted=e24d1a06-db8f-4c4a-ba2f-121659705693, raftlog=e24d1a06-db8f-4c4a-ba2f-121659705693-SegmentedRaftLog:OPENED:c16,f16,i16, conf=0: [259243b9-6039-42e3-b80f-634026e5286a:192.168.69.77:32780, 60c56bdf-da6a-42ae-8761-33eb5f16d091:192.168.69.77:41737, e24d1a06-db8f-4c4a-ba2f-121659705693:192.168.69.77:36269], old=null
2019-07-14 16:23:27,506 INFO  impl.LeaderElection (LogUtils.java:infoOrTrace(149)) -   Exception 0: {}
java.util.concurrent.ExecutionException: org.apache.ratis.thirdparty.io.grpc.StatusRuntimeException: UNAVAILABLE: io exception
	at java.util.concurrent.FutureTask.report(FutureTask.java:122)
	at java.util.concurrent.FutureTask.get(FutureTask.java:192)
	at org.apache.ratis.server.impl.LeaderElection.waitForResults(LeaderElection.java:262)
	at org.apache.ratis.server.impl.LeaderElection.askForVotes(LeaderElection.java:200)
	at org.apache.ratis.server.impl.LeaderElection.run(LeaderElection.java:130)
	at java.lang.Thread.run(Thread.java:748)
Caused by: org.apache.ratis.thirdparty.io.grpc.StatusRuntimeException: UNAVAILABLE: io exception
	at org.apache.ratis.thirdparty.io.grpc.stub.ClientCalls.toStatusRuntimeException(ClientCalls.java:233)
	at org.apache.ratis.thirdparty.io.grpc.stub.ClientCalls.getUnchecked(ClientCalls.java:214)
	at org.apache.ratis.thirdparty.io.grpc.stub.ClientCalls.blockingUnaryCall(ClientCalls.java:139)
	at org.apache.ratis.proto.grpc.RaftServerProtocolServiceGrpc$RaftServerProtocolServiceBlockingStub.requestVote(RaftServerProtocolServiceGrpc.java:265)
	at org.apache.ratis.grpc.server.GrpcServerProtocolClient.requestVote(GrpcServerProtocolClient.java:83)
	at org.apache.ratis.grpc.server.GrpcService.requestVote(GrpcService.java:195)
	at org.apache.ratis.server.impl.LeaderElection.lambda$submitRequests$1(LeaderElection.java:237)
	at java.util.concurrent.FutureTask.run(FutureTask.java:266)
	at java.util.concurrent.Executors$RunnableAdapter.call(Executors.java:511)
	at java.util.concurrent.FutureTask.run(FutureTask.java:266)
	at java.util.concurrent.ThreadPoolExecutor.runWorker(ThreadPoolExecutor.java:1149)
	at java.util.concurrent.ThreadPoolExecutor$Worker.run(ThreadPoolExecutor.java:624)
	... 1 more
Caused by: org.apache.ratis.thirdparty.io.netty.channel.AbstractChannel$AnnotatedConnectException: Connection refused: /192.168.69.77:32780
	at sun.nio.ch.SocketChannelImpl.checkConnect(Native Method)
	at sun.nio.ch.SocketChannelImpl.finishConnect(SocketChannelImpl.java:717)
	at org.apache.ratis.thirdparty.io.netty.channel.socket.nio.NioSocketChannel.doFinishConnect(NioSocketChannel.java:327)
	at org.apache.ratis.thirdparty.io.netty.channel.nio.AbstractNioChannel$AbstractNioUnsafe.finishConnect(AbstractNioChannel.java:340)
	at org.apache.ratis.thirdparty.io.netty.channel.nio.NioEventLoop.processSelectedKey(NioEventLoop.java:632)
	at org.apache.ratis.thirdparty.io.netty.channel.nio.NioEventLoop.processSelectedKeysOptimized(NioEventLoop.java:579)
	at org.apache.ratis.thirdparty.io.netty.channel.nio.NioEventLoop.processSelectedKeys(NioEventLoop.java:496)
	at org.apache.ratis.thirdparty.io.netty.channel.nio.NioEventLoop.run(NioEventLoop.java:458)
	at org.apache.ratis.thirdparty.io.netty.util.concurrent.SingleThreadEventExecutor$5.run(SingleThreadEventExecutor.java:897)
	at org.apache.ratis.thirdparty.io.netty.util.concurrent.FastThreadLocalRunnable.run(FastThreadLocalRunnable.java:30)
	... 1 more
Caused by: java.net.ConnectException: Connection refused
	... 11 more
2019-07-14 16:23:27,506 INFO  impl.LeaderElection (LogUtils.java:infoOrTrace(149)) -   Exception 1: {}
java.util.concurrent.ExecutionException: org.apache.ratis.thirdparty.io.grpc.StatusRuntimeException: UNAVAILABLE: io exception
	at java.util.concurrent.FutureTask.report(FutureTask.java:122)
	at java.util.concurrent.FutureTask.get(FutureTask.java:192)
	at org.apache.ratis.server.impl.LeaderElection.waitForResults(LeaderElection.java:262)
	at org.apache.ratis.server.impl.LeaderElection.askForVotes(LeaderElection.java:200)
	at org.apache.ratis.server.impl.LeaderElection.run(LeaderElection.java:130)
	at java.lang.Thread.run(Thread.java:748)
Caused by: org.apache.ratis.thirdparty.io.grpc.StatusRuntimeException: UNAVAILABLE: io exception
	at org.apache.ratis.thirdparty.io.grpc.stub.ClientCalls.toStatusRuntimeException(ClientCalls.java:233)
	at org.apache.ratis.thirdparty.io.grpc.stub.ClientCalls.getUnchecked(ClientCalls.java:214)
	at org.apache.ratis.thirdparty.io.grpc.stub.ClientCalls.blockingUnaryCall(ClientCalls.java:139)
	at org.apache.ratis.proto.grpc.RaftServerProtocolServiceGrpc$RaftServerProtocolServiceBlockingStub.requestVote(RaftServerProtocolServiceGrpc.java:265)
	at org.apache.ratis.grpc.server.GrpcServerProtocolClient.requestVote(GrpcServerProtocolClient.java:83)
	at org.apache.ratis.grpc.server.GrpcService.requestVote(GrpcService.java:195)
	at org.apache.ratis.server.impl.LeaderElection.lambda$submitRequests$1(LeaderElection.java:237)
	at java.util.concurrent.FutureTask.run(FutureTask.java:266)
	at java.util.concurrent.Executors$RunnableAdapter.call(Executors.java:511)
	at java.util.concurrent.FutureTask.run(FutureTask.java:266)
	at java.util.concurrent.ThreadPoolExecutor.runWorker(ThreadPoolExecutor.java:1149)
	at java.util.concurrent.ThreadPoolExecutor$Worker.run(ThreadPoolExecutor.java:624)
	... 1 more
Caused by: org.apache.ratis.thirdparty.io.netty.channel.AbstractChannel$AnnotatedConnectException: Connection refused: /192.168.69.77:41737
	at sun.nio.ch.SocketChannelImpl.checkConnect(Native Method)
	at sun.nio.ch.SocketChannelImpl.finishConnect(SocketChannelImpl.java:717)
	at org.apache.ratis.thirdparty.io.netty.channel.socket.nio.NioSocketChannel.doFinishConnect(NioSocketChannel.java:327)
	at org.apache.ratis.thirdparty.io.netty.channel.nio.AbstractNioChannel$AbstractNioUnsafe.finishConnect(AbstractNioChannel.java:340)
	at org.apache.ratis.thirdparty.io.netty.channel.nio.NioEventLoop.processSelectedKey(NioEventLoop.java:632)
	at org.apache.ratis.thirdparty.io.netty.channel.nio.NioEventLoop.processSelectedKeysOptimized(NioEventLoop.java:579)
	at org.apache.ratis.thirdparty.io.netty.channel.nio.NioEventLoop.processSelectedKeys(NioEventLoop.java:496)
	at org.apache.ratis.thirdparty.io.netty.channel.nio.NioEventLoop.run(NioEventLoop.java:458)
	at org.apache.ratis.thirdparty.io.netty.util.concurrent.SingleThreadEventExecutor$5.run(SingleThreadEventExecutor.java:897)
	at org.apache.ratis.thirdparty.io.netty.util.concurrent.FastThreadLocalRunnable.run(FastThreadLocalRunnable.java:30)
	... 1 more
Caused by: java.net.ConnectException: Connection refused
	... 11 more
2019-07-14 16:23:27,506 INFO  impl.RaftServerImpl (RaftServerImpl.java:setRole(171)) - e24d1a06-db8f-4c4a-ba2f-121659705693:group-E6D7D00590BF changes role from CANDIDATE to FOLLOWER at term 9 for DISCOVERED_A_NEW_TERM
2019-07-14 16:23:27,510 INFO  impl.RoleInfo (RoleInfo.java:shutdownLeaderElection(134)) - e24d1a06-db8f-4c4a-ba2f-121659705693: shutdown LeaderElection
2019-07-14 16:23:27,510 INFO  impl.RoleInfo (RoleInfo.java:updateAndGet(143)) - e24d1a06-db8f-4c4a-ba2f-121659705693: start FollowerState
2019-07-14 16:23:28,681 INFO  client.GrpcClientProtocolClient (GrpcClientProtocolClient.java:onNext(255)) - client-97F3A1C803B3->e24d1a06-db8f-4c4a-ba2f-121659705693: receive RaftClientReply:client-97F3A1C803B3->e24d1a06-db8f-4c4a-ba2f-121659705693@group-E6D7D00590BF, cid=22, FAILED org.apache.ratis.protocol.NotLeaderException: Server e24d1a06-db8f-4c4a-ba2f-121659705693 is not the leader (null). Request must be sent to leader., logIndex=0, commits[e24d1a06-db8f-4c4a-ba2f-121659705693:c16, 259243b9-6039-42e3-b80f-634026e5286a:c16, 60c56bdf-da6a-42ae-8761-33eb5f16d091:c16]
2019-07-14 16:23:32,665 INFO  impl.FollowerState (FollowerState.java:run(106)) - e24d1a06-db8f-4c4a-ba2f-121659705693:group-E6D7D00590BF changes to CANDIDATE, lastRpcTime:5154, electionTimeout:5152ms
2019-07-14 16:23:32,665 INFO  impl.RoleInfo (RoleInfo.java:shutdownFollowerState(121)) - e24d1a06-db8f-4c4a-ba2f-121659705693: shutdown FollowerState
2019-07-14 16:23:32,665 INFO  impl.RaftServerImpl (RaftServerImpl.java:setRole(171)) - e24d1a06-db8f-4c4a-ba2f-121659705693:group-E6D7D00590BF changes role from FOLLOWER to CANDIDATE at term 9 for changeToCandidate
2019-07-14 16:23:32,666 INFO  impl.RoleInfo (RoleInfo.java:updateAndGet(143)) - e24d1a06-db8f-4c4a-ba2f-121659705693: start LeaderElection
2019-07-14 16:23:32,684 INFO  impl.LeaderElection (LeaderElection.java:askForVotes(181)) - e24d1a06-db8f-4c4a-ba2f-121659705693:group-E6D7D00590BF:LeaderElection20: begin an election at term 10 for 0: [259243b9-6039-42e3-b80f-634026e5286a:192.168.69.77:32780, 60c56bdf-da6a-42ae-8761-33eb5f16d091:192.168.69.77:41737, e24d1a06-db8f-4c4a-ba2f-121659705693:192.168.69.77:36269], old=null
2019-07-14 16:23:32,685 INFO  impl.LeaderElection (LogUtils.java:infoOrTrace(149)) - e24d1a06-db8f-4c4a-ba2f-121659705693:group-E6D7D00590BF:LeaderElection20 got exception when requesting votes: {}
java.util.concurrent.ExecutionException: org.apache.ratis.thirdparty.io.grpc.StatusRuntimeException: UNAVAILABLE: io exception
	at java.util.concurrent.FutureTask.report(FutureTask.java:122)
	at java.util.concurrent.FutureTask.get(FutureTask.java:192)
	at org.apache.ratis.server.impl.LeaderElection.waitForResults(LeaderElection.java:262)
	at org.apache.ratis.server.impl.LeaderElection.askForVotes(LeaderElection.java:200)
	at org.apache.ratis.server.impl.LeaderElection.run(LeaderElection.java:130)
	at java.lang.Thread.run(Thread.java:748)
Caused by: org.apache.ratis.thirdparty.io.grpc.StatusRuntimeException: UNAVAILABLE: io exception
	at org.apache.ratis.thirdparty.io.grpc.stub.ClientCalls.toStatusRuntimeException(ClientCalls.java:233)
	at org.apache.ratis.thirdparty.io.grpc.stub.ClientCalls.getUnchecked(ClientCalls.java:214)
	at org.apache.ratis.thirdparty.io.grpc.stub.ClientCalls.blockingUnaryCall(ClientCalls.java:139)
	at org.apache.ratis.proto.grpc.RaftServerProtocolServiceGrpc$RaftServerProtocolServiceBlockingStub.requestVote(RaftServerProtocolServiceGrpc.java:265)
	at org.apache.ratis.grpc.server.GrpcServerProtocolClient.requestVote(GrpcServerProtocolClient.java:83)
	at org.apache.ratis.grpc.server.GrpcService.requestVote(GrpcService.java:195)
	at org.apache.ratis.server.impl.LeaderElection.lambda$submitRequests$1(LeaderElection.java:237)
	at java.util.concurrent.FutureTask.run(FutureTask.java:266)
	at java.util.concurrent.Executors$RunnableAdapter.call(Executors.java:511)
	at java.util.concurrent.FutureTask.run(FutureTask.java:266)
	at java.util.concurrent.ThreadPoolExecutor.runWorker(ThreadPoolExecutor.java:1149)
	at java.util.concurrent.ThreadPoolExecutor$Worker.run(ThreadPoolExecutor.java:624)
	... 1 more
Caused by: org.apache.ratis.thirdparty.io.netty.channel.AbstractChannel$AnnotatedConnectException: Connection refused: /192.168.69.77:32780
	at sun.nio.ch.SocketChannelImpl.checkConnect(Native Method)
	at sun.nio.ch.SocketChannelImpl.finishConnect(SocketChannelImpl.java:717)
	at org.apache.ratis.thirdparty.io.netty.channel.socket.nio.NioSocketChannel.doFinishConnect(NioSocketChannel.java:327)
	at org.apache.ratis.thirdparty.io.netty.channel.nio.AbstractNioChannel$AbstractNioUnsafe.finishConnect(AbstractNioChannel.java:340)
	at org.apache.ratis.thirdparty.io.netty.channel.nio.NioEventLoop.processSelectedKey(NioEventLoop.java:632)
	at org.apache.ratis.thirdparty.io.netty.channel.nio.NioEventLoop.processSelectedKeysOptimized(NioEventLoop.java:579)
	at org.apache.ratis.thirdparty.io.netty.channel.nio.NioEventLoop.processSelectedKeys(NioEventLoop.java:496)
	at org.apache.ratis.thirdparty.io.netty.channel.nio.NioEventLoop.run(NioEventLoop.java:458)
	at org.apache.ratis.thirdparty.io.netty.util.concurrent.SingleThreadEventExecutor$5.run(SingleThreadEventExecutor.java:897)
	at org.apache.ratis.thirdparty.io.netty.util.concurrent.FastThreadLocalRunnable.run(FastThreadLocalRunnable.java:30)
	... 1 more
Caused by: java.net.ConnectException: Connection refused
	... 11 more
2019-07-14 16:23:32,688 INFO  impl.LeaderElection (LogUtils.java:infoOrTrace(149)) - e24d1a06-db8f-4c4a-ba2f-121659705693:group-E6D7D00590BF:LeaderElection20 got exception when requesting votes: {}
java.util.concurrent.ExecutionException: org.apache.ratis.thirdparty.io.grpc.StatusRuntimeException: UNAVAILABLE: io exception
	at java.util.concurrent.FutureTask.report(FutureTask.java:122)
	at java.util.concurrent.FutureTask.get(FutureTask.java:192)
	at org.apache.ratis.server.impl.LeaderElection.waitForResults(LeaderElection.java:262)
	at org.apache.ratis.server.impl.LeaderElection.askForVotes(LeaderElection.java:200)
	at org.apache.ratis.server.impl.LeaderElection.run(LeaderElection.java:130)
	at java.lang.Thread.run(Thread.java:748)
Caused by: org.apache.ratis.thirdparty.io.grpc.StatusRuntimeException: UNAVAILABLE: io exception
	at org.apache.ratis.thirdparty.io.grpc.stub.ClientCalls.toStatusRuntimeException(ClientCalls.java:233)
	at org.apache.ratis.thirdparty.io.grpc.stub.ClientCalls.getUnchecked(ClientCalls.java:214)
	at org.apache.ratis.thirdparty.io.grpc.stub.ClientCalls.blockingUnaryCall(ClientCalls.java:139)
	at org.apache.ratis.proto.grpc.RaftServerProtocolServiceGrpc$RaftServerProtocolServiceBlockingStub.requestVote(RaftServerProtocolServiceGrpc.java:265)
	at org.apache.ratis.grpc.server.GrpcServerProtocolClient.requestVote(GrpcServerProtocolClient.java:83)
	at org.apache.ratis.grpc.server.GrpcService.requestVote(GrpcService.java:195)
	at org.apache.ratis.server.impl.LeaderElection.lambda$submitRequests$1(LeaderElection.java:237)
	at java.util.concurrent.FutureTask.run(FutureTask.java:266)
	at java.util.concurrent.Executors$RunnableAdapter.call(Executors.java:511)
	at java.util.concurrent.FutureTask.run(FutureTask.java:266)
	at java.util.concurrent.ThreadPoolExecutor.runWorker(ThreadPoolExecutor.java:1149)
	at java.util.concurrent.ThreadPoolExecutor$Worker.run(ThreadPoolExecutor.java:624)
	... 1 more
Caused by: org.apache.ratis.thirdparty.io.netty.channel.AbstractChannel$AnnotatedConnectException: Connection refused: /192.168.69.77:41737
	at sun.nio.ch.SocketChannelImpl.checkConnect(Native Method)
	at sun.nio.ch.SocketChannelImpl.finishConnect(SocketChannelImpl.java:717)
	at org.apache.ratis.thirdparty.io.netty.channel.socket.nio.NioSocketChannel.doFinishConnect(NioSocketChannel.java:327)
	at org.apache.ratis.thirdparty.io.netty.channel.nio.AbstractNioChannel$AbstractNioUnsafe.finishConnect(AbstractNioChannel.java:340)
	at org.apache.ratis.thirdparty.io.netty.channel.nio.NioEventLoop.processSelectedKey(NioEventLoop.java:632)
	at org.apache.ratis.thirdparty.io.netty.channel.nio.NioEventLoop.processSelectedKeysOptimized(NioEventLoop.java:579)
	at org.apache.ratis.thirdparty.io.netty.channel.nio.NioEventLoop.processSelectedKeys(NioEventLoop.java:496)
	at org.apache.ratis.thirdparty.io.netty.channel.nio.NioEventLoop.run(NioEventLoop.java:458)
	at org.apache.ratis.thirdparty.io.netty.util.concurrent.SingleThreadEventExecutor$5.run(SingleThreadEventExecutor.java:897)
	at org.apache.ratis.thirdparty.io.netty.util.concurrent.FastThreadLocalRunnable.run(FastThreadLocalRunnable.java:30)
	... 1 more
Caused by: java.net.ConnectException: Connection refused
	... 11 more
2019-07-14 16:23:32,690 INFO  impl.LeaderElection (LeaderElection.java:logAndReturn(56)) - e24d1a06-db8f-4c4a-ba2f-121659705693:group-E6D7D00590BF:LeaderElection20: Election REJECTED; received 0 response(s) [] and 2 exception(s); e24d1a06-db8f-4c4a-ba2f-121659705693:t10, leader=null, voted=e24d1a06-db8f-4c4a-ba2f-121659705693, raftlog=e24d1a06-db8f-4c4a-ba2f-121659705693-SegmentedRaftLog:OPENED:c16,f16,i16, conf=0: [259243b9-6039-42e3-b80f-634026e5286a:192.168.69.77:32780, 60c56bdf-da6a-42ae-8761-33eb5f16d091:192.168.69.77:41737, e24d1a06-db8f-4c4a-ba2f-121659705693:192.168.69.77:36269], old=null
2019-07-14 16:23:32,691 INFO  impl.LeaderElection (LogUtils.java:infoOrTrace(149)) -   Exception 0: {}
java.util.concurrent.ExecutionException: org.apache.ratis.thirdparty.io.grpc.StatusRuntimeException: UNAVAILABLE: io exception
	at java.util.concurrent.FutureTask.report(FutureTask.java:122)
	at java.util.concurrent.FutureTask.get(FutureTask.java:192)
	at org.apache.ratis.server.impl.LeaderElection.waitForResults(LeaderElection.java:262)
	at org.apache.ratis.server.impl.LeaderElection.askForVotes(LeaderElection.java:200)
	at org.apache.ratis.server.impl.LeaderElection.run(LeaderElection.java:130)
	at java.lang.Thread.run(Thread.java:748)
Caused by: org.apache.ratis.thirdparty.io.grpc.StatusRuntimeException: UNAVAILABLE: io exception
	at org.apache.ratis.thirdparty.io.grpc.stub.ClientCalls.toStatusRuntimeException(ClientCalls.java:233)
	at org.apache.ratis.thirdparty.io.grpc.stub.ClientCalls.getUnchecked(ClientCalls.java:214)
	at org.apache.ratis.thirdparty.io.grpc.stub.ClientCalls.blockingUnaryCall(ClientCalls.java:139)
	at org.apache.ratis.proto.grpc.RaftServerProtocolServiceGrpc$RaftServerProtocolServiceBlockingStub.requestVote(RaftServerProtocolServiceGrpc.java:265)
	at org.apache.ratis.grpc.server.GrpcServerProtocolClient.requestVote(GrpcServerProtocolClient.java:83)
	at org.apache.ratis.grpc.server.GrpcService.requestVote(GrpcService.java:195)
	at org.apache.ratis.server.impl.LeaderElection.lambda$submitRequests$1(LeaderElection.java:237)
	at java.util.concurrent.FutureTask.run(FutureTask.java:266)
	at java.util.concurrent.Executors$RunnableAdapter.call(Executors.java:511)
	at java.util.concurrent.FutureTask.run(FutureTask.java:266)
	at java.util.concurrent.ThreadPoolExecutor.runWorker(ThreadPoolExecutor.java:1149)
	at java.util.concurrent.ThreadPoolExecutor$Worker.run(ThreadPoolExecutor.java:624)
	... 1 more
Caused by: org.apache.ratis.thirdparty.io.netty.channel.AbstractChannel$AnnotatedConnectException: Connection refused: /192.168.69.77:32780
	at sun.nio.ch.SocketChannelImpl.checkConnect(Native Method)
	at sun.nio.ch.SocketChannelImpl.finishConnect(SocketChannelImpl.java:717)
	at org.apache.ratis.thirdparty.io.netty.channel.socket.nio.NioSocketChannel.doFinishConnect(NioSocketChannel.java:327)
	at org.apache.ratis.thirdparty.io.netty.channel.nio.AbstractNioChannel$AbstractNioUnsafe.finishConnect(AbstractNioChannel.java:340)
	at org.apache.ratis.thirdparty.io.netty.channel.nio.NioEventLoop.processSelectedKey(NioEventLoop.java:632)
	at org.apache.ratis.thirdparty.io.netty.channel.nio.NioEventLoop.processSelectedKeysOptimized(NioEventLoop.java:579)
	at org.apache.ratis.thirdparty.io.netty.channel.nio.NioEventLoop.processSelectedKeys(NioEventLoop.java:496)
	at org.apache.ratis.thirdparty.io.netty.channel.nio.NioEventLoop.run(NioEventLoop.java:458)
	at org.apache.ratis.thirdparty.io.netty.util.concurrent.SingleThreadEventExecutor$5.run(SingleThreadEventExecutor.java:897)
	at org.apache.ratis.thirdparty.io.netty.util.concurrent.FastThreadLocalRunnable.run(FastThreadLocalRunnable.java:30)
	... 1 more
Caused by: java.net.ConnectException: Connection refused
	... 11 more
2019-07-14 16:23:32,691 INFO  impl.LeaderElection (LogUtils.java:infoOrTrace(149)) -   Exception 1: {}
java.util.concurrent.ExecutionException: org.apache.ratis.thirdparty.io.grpc.StatusRuntimeException: UNAVAILABLE: io exception
	at java.util.concurrent.FutureTask.report(FutureTask.java:122)
	at java.util.concurrent.FutureTask.get(FutureTask.java:192)
	at org.apache.ratis.server.impl.LeaderElection.waitForResults(LeaderElection.java:262)
	at org.apache.ratis.server.impl.LeaderElection.askForVotes(LeaderElection.java:200)
	at org.apache.ratis.server.impl.LeaderElection.run(LeaderElection.java:130)
	at java.lang.Thread.run(Thread.java:748)
Caused by: org.apache.ratis.thirdparty.io.grpc.StatusRuntimeException: UNAVAILABLE: io exception
	at org.apache.ratis.thirdparty.io.grpc.stub.ClientCalls.toStatusRuntimeException(ClientCalls.java:233)
	at org.apache.ratis.thirdparty.io.grpc.stub.ClientCalls.getUnchecked(ClientCalls.java:214)
	at org.apache.ratis.thirdparty.io.grpc.stub.ClientCalls.blockingUnaryCall(ClientCalls.java:139)
	at org.apache.ratis.proto.grpc.RaftServerProtocolServiceGrpc$RaftServerProtocolServiceBlockingStub.requestVote(RaftServerProtocolServiceGrpc.java:265)
	at org.apache.ratis.grpc.server.GrpcServerProtocolClient.requestVote(GrpcServerProtocolClient.java:83)
	at org.apache.ratis.grpc.server.GrpcService.requestVote(GrpcService.java:195)
	at org.apache.ratis.server.impl.LeaderElection.lambda$submitRequests$1(LeaderElection.java:237)
	at java.util.concurrent.FutureTask.run(FutureTask.java:266)
	at java.util.concurrent.Executors$RunnableAdapter.call(Executors.java:511)
	at java.util.concurrent.FutureTask.run(FutureTask.java:266)
	at java.util.concurrent.ThreadPoolExecutor.runWorker(ThreadPoolExecutor.java:1149)
	at java.util.concurrent.ThreadPoolExecutor$Worker.run(ThreadPoolExecutor.java:624)
	... 1 more
Caused by: org.apache.ratis.thirdparty.io.netty.channel.AbstractChannel$AnnotatedConnectException: Connection refused: /192.168.69.77:41737
	at sun.nio.ch.SocketChannelImpl.checkConnect(Native Method)
	at sun.nio.ch.SocketChannelImpl.finishConnect(SocketChannelImpl.java:717)
	at org.apache.ratis.thirdparty.io.netty.channel.socket.nio.NioSocketChannel.doFinishConnect(NioSocketChannel.java:327)
	at org.apache.ratis.thirdparty.io.netty.channel.nio.AbstractNioChannel$AbstractNioUnsafe.finishConnect(AbstractNioChannel.java:340)
	at org.apache.ratis.thirdparty.io.netty.channel.nio.NioEventLoop.processSelectedKey(NioEventLoop.java:632)
	at org.apache.ratis.thirdparty.io.netty.channel.nio.NioEventLoop.processSelectedKeysOptimized(NioEventLoop.java:579)
	at org.apache.ratis.thirdparty.io.netty.channel.nio.NioEventLoop.processSelectedKeys(NioEventLoop.java:496)
	at org.apache.ratis.thirdparty.io.netty.channel.nio.NioEventLoop.run(NioEventLoop.java:458)
	at org.apache.ratis.thirdparty.io.netty.util.concurrent.SingleThreadEventExecutor$5.run(SingleThreadEventExecutor.java:897)
	at org.apache.ratis.thirdparty.io.netty.util.concurrent.FastThreadLocalRunnable.run(FastThreadLocalRunnable.java:30)
	... 1 more
Caused by: java.net.ConnectException: Connection refused
	... 11 more
2019-07-14 16:23:32,691 INFO  impl.RaftServerImpl (RaftServerImpl.java:setRole(171)) - e24d1a06-db8f-4c4a-ba2f-121659705693:group-E6D7D00590BF changes role from CANDIDATE to FOLLOWER at term 10 for DISCOVERED_A_NEW_TERM
2019-07-14 16:23:32,693 INFO  impl.RoleInfo (RoleInfo.java:shutdownLeaderElection(134)) - e24d1a06-db8f-4c4a-ba2f-121659705693: shutdown LeaderElection
2019-07-14 16:23:32,694 INFO  impl.RoleInfo (RoleInfo.java:updateAndGet(143)) - e24d1a06-db8f-4c4a-ba2f-121659705693: start FollowerState
2019-07-14 16:23:32,711 INFO  client.GrpcClientProtocolClient (GrpcClientProtocolClient.java:onNext(255)) - client-97F3A1C803B3->e24d1a06-db8f-4c4a-ba2f-121659705693: receive RaftClientReply:client-97F3A1C803B3->e24d1a06-db8f-4c4a-ba2f-121659705693@group-E6D7D00590BF, cid=22, FAILED org.apache.ratis.protocol.NotLeaderException: Server e24d1a06-db8f-4c4a-ba2f-121659705693 is not the leader (null). Request must be sent to leader., logIndex=0, commits[e24d1a06-db8f-4c4a-ba2f-121659705693:c16, 259243b9-6039-42e3-b80f-634026e5286a:c16, 60c56bdf-da6a-42ae-8761-33eb5f16d091:c16]
2019-07-14 16:23:34,736 INFO  client.GrpcClientProtocolClient (GrpcClientProtocolClient.java:onNext(255)) - client-97F3A1C803B3->e24d1a06-db8f-4c4a-ba2f-121659705693: receive RaftClientReply:client-97F3A1C803B3->e24d1a06-db8f-4c4a-ba2f-121659705693@group-E6D7D00590BF, cid=22, FAILED org.apache.ratis.protocol.NotLeaderException: Server e24d1a06-db8f-4c4a-ba2f-121659705693 is not the leader (null). Request must be sent to leader., logIndex=0, commits[e24d1a06-db8f-4c4a-ba2f-121659705693:c16, 259243b9-6039-42e3-b80f-634026e5286a:c16, 60c56bdf-da6a-42ae-8761-33eb5f16d091:c16]
2019-07-14 16:23:36,768 INFO  client.GrpcClientProtocolClient (GrpcClientProtocolClient.java:onNext(255)) - client-97F3A1C803B3->e24d1a06-db8f-4c4a-ba2f-121659705693: receive RaftClientReply:client-97F3A1C803B3->e24d1a06-db8f-4c4a-ba2f-121659705693@group-E6D7D00590BF, cid=22, FAILED org.apache.ratis.protocol.NotLeaderException: Server e24d1a06-db8f-4c4a-ba2f-121659705693 is not the leader (null). Request must be sent to leader., logIndex=0, commits[e24d1a06-db8f-4c4a-ba2f-121659705693:c16, 259243b9-6039-42e3-b80f-634026e5286a:c16, 60c56bdf-da6a-42ae-8761-33eb5f16d091:c16]
2019-07-14 16:23:37,770 INFO  impl.FollowerState (FollowerState.java:run(106)) - e24d1a06-db8f-4c4a-ba2f-121659705693:group-E6D7D00590BF changes to CANDIDATE, lastRpcTime:5076, electionTimeout:5074ms
2019-07-14 16:23:37,770 INFO  impl.RoleInfo (RoleInfo.java:shutdownFollowerState(121)) - e24d1a06-db8f-4c4a-ba2f-121659705693: shutdown FollowerState
2019-07-14 16:23:37,771 INFO  impl.RaftServerImpl (RaftServerImpl.java:setRole(171)) - e24d1a06-db8f-4c4a-ba2f-121659705693:group-E6D7D00590BF changes role from FOLLOWER to CANDIDATE at term 10 for changeToCandidate
2019-07-14 16:23:37,771 INFO  impl.RoleInfo (RoleInfo.java:updateAndGet(143)) - e24d1a06-db8f-4c4a-ba2f-121659705693: start LeaderElection
2019-07-14 16:23:37,789 INFO  impl.LeaderElection (LeaderElection.java:askForVotes(181)) - e24d1a06-db8f-4c4a-ba2f-121659705693:group-E6D7D00590BF:LeaderElection21: begin an election at term 11 for 0: [259243b9-6039-42e3-b80f-634026e5286a:192.168.69.77:32780, 60c56bdf-da6a-42ae-8761-33eb5f16d091:192.168.69.77:41737, e24d1a06-db8f-4c4a-ba2f-121659705693:192.168.69.77:36269], old=null
2019-07-14 16:23:37,790 INFO  impl.LeaderElection (LogUtils.java:infoOrTrace(149)) - e24d1a06-db8f-4c4a-ba2f-121659705693:group-E6D7D00590BF:LeaderElection21 got exception when requesting votes: {}
java.util.concurrent.ExecutionException: org.apache.ratis.thirdparty.io.grpc.StatusRuntimeException: UNAVAILABLE: io exception
	at java.util.concurrent.FutureTask.report(FutureTask.java:122)
	at java.util.concurrent.FutureTask.get(FutureTask.java:192)
	at org.apache.ratis.server.impl.LeaderElection.waitForResults(LeaderElection.java:262)
	at org.apache.ratis.server.impl.LeaderElection.askForVotes(LeaderElection.java:200)
	at org.apache.ratis.server.impl.LeaderElection.run(LeaderElection.java:130)
	at java.lang.Thread.run(Thread.java:748)
Caused by: org.apache.ratis.thirdparty.io.grpc.StatusRuntimeException: UNAVAILABLE: io exception
	at org.apache.ratis.thirdparty.io.grpc.stub.ClientCalls.toStatusRuntimeException(ClientCalls.java:233)
	at org.apache.ratis.thirdparty.io.grpc.stub.ClientCalls.getUnchecked(ClientCalls.java:214)
	at org.apache.ratis.thirdparty.io.grpc.stub.ClientCalls.blockingUnaryCall(ClientCalls.java:139)
	at org.apache.ratis.proto.grpc.RaftServerProtocolServiceGrpc$RaftServerProtocolServiceBlockingStub.requestVote(RaftServerProtocolServiceGrpc.java:265)
	at org.apache.ratis.grpc.server.GrpcServerProtocolClient.requestVote(GrpcServerProtocolClient.java:83)
	at org.apache.ratis.grpc.server.GrpcService.requestVote(GrpcService.java:195)
	at org.apache.ratis.server.impl.LeaderElection.lambda$submitRequests$1(LeaderElection.java:237)
	at java.util.concurrent.FutureTask.run(FutureTask.java:266)
	at java.util.concurrent.Executors$RunnableAdapter.call(Executors.java:511)
	at java.util.concurrent.FutureTask.run(FutureTask.java:266)
	at java.util.concurrent.ThreadPoolExecutor.runWorker(ThreadPoolExecutor.java:1149)
	at java.util.concurrent.ThreadPoolExecutor$Worker.run(ThreadPoolExecutor.java:624)
	... 1 more
Caused by: org.apache.ratis.thirdparty.io.netty.channel.AbstractChannel$AnnotatedConnectException: Connection refused: /192.168.69.77:32780
	at sun.nio.ch.SocketChannelImpl.checkConnect(Native Method)
	at sun.nio.ch.SocketChannelImpl.finishConnect(SocketChannelImpl.java:717)
	at org.apache.ratis.thirdparty.io.netty.channel.socket.nio.NioSocketChannel.doFinishConnect(NioSocketChannel.java:327)
	at org.apache.ratis.thirdparty.io.netty.channel.nio.AbstractNioChannel$AbstractNioUnsafe.finishConnect(AbstractNioChannel.java:340)
	at org.apache.ratis.thirdparty.io.netty.channel.nio.NioEventLoop.processSelectedKey(NioEventLoop.java:632)
	at org.apache.ratis.thirdparty.io.netty.channel.nio.NioEventLoop.processSelectedKeysOptimized(NioEventLoop.java:579)
	at org.apache.ratis.thirdparty.io.netty.channel.nio.NioEventLoop.processSelectedKeys(NioEventLoop.java:496)
	at org.apache.ratis.thirdparty.io.netty.channel.nio.NioEventLoop.run(NioEventLoop.java:458)
	at org.apache.ratis.thirdparty.io.netty.util.concurrent.SingleThreadEventExecutor$5.run(SingleThreadEventExecutor.java:897)
	at org.apache.ratis.thirdparty.io.netty.util.concurrent.FastThreadLocalRunnable.run(FastThreadLocalRunnable.java:30)
	... 1 more
Caused by: java.net.ConnectException: Connection refused
	... 11 more
2019-07-14 16:23:37,794 INFO  impl.LeaderElection (LogUtils.java:infoOrTrace(149)) - e24d1a06-db8f-4c4a-ba2f-121659705693:group-E6D7D00590BF:LeaderElection21 got exception when requesting votes: {}
java.util.concurrent.ExecutionException: org.apache.ratis.thirdparty.io.grpc.StatusRuntimeException: UNAVAILABLE: io exception
	at java.util.concurrent.FutureTask.report(FutureTask.java:122)
	at java.util.concurrent.FutureTask.get(FutureTask.java:192)
	at org.apache.ratis.server.impl.LeaderElection.waitForResults(LeaderElection.java:262)
	at org.apache.ratis.server.impl.LeaderElection.askForVotes(LeaderElection.java:200)
	at org.apache.ratis.server.impl.LeaderElection.run(LeaderElection.java:130)
	at java.lang.Thread.run(Thread.java:748)
Caused by: org.apache.ratis.thirdparty.io.grpc.StatusRuntimeException: UNAVAILABLE: io exception
	at org.apache.ratis.thirdparty.io.grpc.stub.ClientCalls.toStatusRuntimeException(ClientCalls.java:233)
	at org.apache.ratis.thirdparty.io.grpc.stub.ClientCalls.getUnchecked(ClientCalls.java:214)
	at org.apache.ratis.thirdparty.io.grpc.stub.ClientCalls.blockingUnaryCall(ClientCalls.java:139)
	at org.apache.ratis.proto.grpc.RaftServerProtocolServiceGrpc$RaftServerProtocolServiceBlockingStub.requestVote(RaftServerProtocolServiceGrpc.java:265)
	at org.apache.ratis.grpc.server.GrpcServerProtocolClient.requestVote(GrpcServerProtocolClient.java:83)
	at org.apache.ratis.grpc.server.GrpcService.requestVote(GrpcService.java:195)
	at org.apache.ratis.server.impl.LeaderElection.lambda$submitRequests$1(LeaderElection.java:237)
	at java.util.concurrent.FutureTask.run(FutureTask.java:266)
	at java.util.concurrent.Executors$RunnableAdapter.call(Executors.java:511)
	at java.util.concurrent.FutureTask.run(FutureTask.java:266)
	at java.util.concurrent.ThreadPoolExecutor.runWorker(ThreadPoolExecutor.java:1149)
	at java.util.concurrent.ThreadPoolExecutor$Worker.run(ThreadPoolExecutor.java:624)
	... 1 more
Caused by: org.apache.ratis.thirdparty.io.netty.channel.AbstractChannel$AnnotatedConnectException: Connection refused: /192.168.69.77:41737
	at sun.nio.ch.SocketChannelImpl.checkConnect(Native Method)
	at sun.nio.ch.SocketChannelImpl.finishConnect(SocketChannelImpl.java:717)
	at org.apache.ratis.thirdparty.io.netty.channel.socket.nio.NioSocketChannel.doFinishConnect(NioSocketChannel.java:327)
	at org.apache.ratis.thirdparty.io.netty.channel.nio.AbstractNioChannel$AbstractNioUnsafe.finishConnect(AbstractNioChannel.java:340)
	at org.apache.ratis.thirdparty.io.netty.channel.nio.NioEventLoop.processSelectedKey(NioEventLoop.java:632)
	at org.apache.ratis.thirdparty.io.netty.channel.nio.NioEventLoop.processSelectedKeysOptimized(NioEventLoop.java:579)
	at org.apache.ratis.thirdparty.io.netty.channel.nio.NioEventLoop.processSelectedKeys(NioEventLoop.java:496)
	at org.apache.ratis.thirdparty.io.netty.channel.nio.NioEventLoop.run(NioEventLoop.java:458)
	at org.apache.ratis.thirdparty.io.netty.util.concurrent.SingleThreadEventExecutor$5.run(SingleThreadEventExecutor.java:897)
	at org.apache.ratis.thirdparty.io.netty.util.concurrent.FastThreadLocalRunnable.run(FastThreadLocalRunnable.java:30)
	... 1 more
Caused by: java.net.ConnectException: Connection refused
	... 11 more
2019-07-14 16:23:37,809 INFO  impl.LeaderElection (LeaderElection.java:logAndReturn(56)) - e24d1a06-db8f-4c4a-ba2f-121659705693:group-E6D7D00590BF:LeaderElection21: Election REJECTED; received 0 response(s) [] and 2 exception(s); e24d1a06-db8f-4c4a-ba2f-121659705693:t11, leader=null, voted=e24d1a06-db8f-4c4a-ba2f-121659705693, raftlog=e24d1a06-db8f-4c4a-ba2f-121659705693-SegmentedRaftLog:OPENED:c16,f16,i16, conf=0: [259243b9-6039-42e3-b80f-634026e5286a:192.168.69.77:32780, 60c56bdf-da6a-42ae-8761-33eb5f16d091:192.168.69.77:41737, e24d1a06-db8f-4c4a-ba2f-121659705693:192.168.69.77:36269], old=null
2019-07-14 16:23:37,809 INFO  impl.LeaderElection (LogUtils.java:infoOrTrace(149)) -   Exception 0: {}
java.util.concurrent.ExecutionException: org.apache.ratis.thirdparty.io.grpc.StatusRuntimeException: UNAVAILABLE: io exception
	at java.util.concurrent.FutureTask.report(FutureTask.java:122)
	at java.util.concurrent.FutureTask.get(FutureTask.java:192)
	at org.apache.ratis.server.impl.LeaderElection.waitForResults(LeaderElection.java:262)
	at org.apache.ratis.server.impl.LeaderElection.askForVotes(LeaderElection.java:200)
	at org.apache.ratis.server.impl.LeaderElection.run(LeaderElection.java:130)
	at java.lang.Thread.run(Thread.java:748)
Caused by: org.apache.ratis.thirdparty.io.grpc.StatusRuntimeException: UNAVAILABLE: io exception
	at org.apache.ratis.thirdparty.io.grpc.stub.ClientCalls.toStatusRuntimeException(ClientCalls.java:233)
	at org.apache.ratis.thirdparty.io.grpc.stub.ClientCalls.getUnchecked(ClientCalls.java:214)
	at org.apache.ratis.thirdparty.io.grpc.stub.ClientCalls.blockingUnaryCall(ClientCalls.java:139)
	at org.apache.ratis.proto.grpc.RaftServerProtocolServiceGrpc$RaftServerProtocolServiceBlockingStub.requestVote(RaftServerProtocolServiceGrpc.java:265)
	at org.apache.ratis.grpc.server.GrpcServerProtocolClient.requestVote(GrpcServerProtocolClient.java:83)
	at org.apache.ratis.grpc.server.GrpcService.requestVote(GrpcService.java:195)
	at org.apache.ratis.server.impl.LeaderElection.lambda$submitRequests$1(LeaderElection.java:237)
	at java.util.concurrent.FutureTask.run(FutureTask.java:266)
	at java.util.concurrent.Executors$RunnableAdapter.call(Executors.java:511)
	at java.util.concurrent.FutureTask.run(FutureTask.java:266)
	at java.util.concurrent.ThreadPoolExecutor.runWorker(ThreadPoolExecutor.java:1149)
	at java.util.concurrent.ThreadPoolExecutor$Worker.run(ThreadPoolExecutor.java:624)
	... 1 more
Caused by: org.apache.ratis.thirdparty.io.netty.channel.AbstractChannel$AnnotatedConnectException: Connection refused: /192.168.69.77:32780
	at sun.nio.ch.SocketChannelImpl.checkConnect(Native Method)
	at sun.nio.ch.SocketChannelImpl.finishConnect(SocketChannelImpl.java:717)
	at org.apache.ratis.thirdparty.io.netty.channel.socket.nio.NioSocketChannel.doFinishConnect(NioSocketChannel.java:327)
	at org.apache.ratis.thirdparty.io.netty.channel.nio.AbstractNioChannel$AbstractNioUnsafe.finishConnect(AbstractNioChannel.java:340)
	at org.apache.ratis.thirdparty.io.netty.channel.nio.NioEventLoop.processSelectedKey(NioEventLoop.java:632)
	at org.apache.ratis.thirdparty.io.netty.channel.nio.NioEventLoop.processSelectedKeysOptimized(NioEventLoop.java:579)
	at org.apache.ratis.thirdparty.io.netty.channel.nio.NioEventLoop.processSelectedKeys(NioEventLoop.java:496)
	at org.apache.ratis.thirdparty.io.netty.channel.nio.NioEventLoop.run(NioEventLoop.java:458)
	at org.apache.ratis.thirdparty.io.netty.util.concurrent.SingleThreadEventExecutor$5.run(SingleThreadEventExecutor.java:897)
	at org.apache.ratis.thirdparty.io.netty.util.concurrent.FastThreadLocalRunnable.run(FastThreadLocalRunnable.java:30)
	... 1 more
Caused by: java.net.ConnectException: Connection refused
	... 11 more
2019-07-14 16:23:37,810 INFO  impl.LeaderElection (LogUtils.java:infoOrTrace(149)) -   Exception 1: {}
java.util.concurrent.ExecutionException: org.apache.ratis.thirdparty.io.grpc.StatusRuntimeException: UNAVAILABLE: io exception
	at java.util.concurrent.FutureTask.report(FutureTask.java:122)
	at java.util.concurrent.FutureTask.get(FutureTask.java:192)
	at org.apache.ratis.server.impl.LeaderElection.waitForResults(LeaderElection.java:262)
	at org.apache.ratis.server.impl.LeaderElection.askForVotes(LeaderElection.java:200)
	at org.apache.ratis.server.impl.LeaderElection.run(LeaderElection.java:130)
	at java.lang.Thread.run(Thread.java:748)
Caused by: org.apache.ratis.thirdparty.io.grpc.StatusRuntimeException: UNAVAILABLE: io exception
	at org.apache.ratis.thirdparty.io.grpc.stub.ClientCalls.toStatusRuntimeException(ClientCalls.java:233)
	at org.apache.ratis.thirdparty.io.grpc.stub.ClientCalls.getUnchecked(ClientCalls.java:214)
	at org.apache.ratis.thirdparty.io.grpc.stub.ClientCalls.blockingUnaryCall(ClientCalls.java:139)
	at org.apache.ratis.proto.grpc.RaftServerProtocolServiceGrpc$RaftServerProtocolServiceBlockingStub.requestVote(RaftServerProtocolServiceGrpc.java:265)
	at org.apache.ratis.grpc.server.GrpcServerProtocolClient.requestVote(GrpcServerProtocolClient.java:83)
	at org.apache.ratis.grpc.server.GrpcService.requestVote(GrpcService.java:195)
	at org.apache.ratis.server.impl.LeaderElection.lambda$submitRequests$1(LeaderElection.java:237)
	at java.util.concurrent.FutureTask.run(FutureTask.java:266)
	at java.util.concurrent.Executors$RunnableAdapter.call(Executors.java:511)
	at java.util.concurrent.FutureTask.run(FutureTask.java:266)
	at java.util.concurrent.ThreadPoolExecutor.runWorker(ThreadPoolExecutor.java:1149)
	at java.util.concurrent.ThreadPoolExecutor$Worker.run(ThreadPoolExecutor.java:624)
	... 1 more
Caused by: org.apache.ratis.thirdparty.io.netty.channel.AbstractChannel$AnnotatedConnectException: Connection refused: /192.168.69.77:41737
	at sun.nio.ch.SocketChannelImpl.checkConnect(Native Method)
	at sun.nio.ch.SocketChannelImpl.finishConnect(SocketChannelImpl.java:717)
	at org.apache.ratis.thirdparty.io.netty.channel.socket.nio.NioSocketChannel.doFinishConnect(NioSocketChannel.java:327)
	at org.apache.ratis.thirdparty.io.netty.channel.nio.AbstractNioChannel$AbstractNioUnsafe.finishConnect(AbstractNioChannel.java:340)
	at org.apache.ratis.thirdparty.io.netty.channel.nio.NioEventLoop.processSelectedKey(NioEventLoop.java:632)
	at org.apache.ratis.thirdparty.io.netty.channel.nio.NioEventLoop.processSelectedKeysOptimized(NioEventLoop.java:579)
	at org.apache.ratis.thirdparty.io.netty.channel.nio.NioEventLoop.processSelectedKeys(NioEventLoop.java:496)
	at org.apache.ratis.thirdparty.io.netty.channel.nio.NioEventLoop.run(NioEventLoop.java:458)
	at org.apache.ratis.thirdparty.io.netty.util.concurrent.SingleThreadEventExecutor$5.run(SingleThreadEventExecutor.java:897)
	at org.apache.ratis.thirdparty.io.netty.util.concurrent.FastThreadLocalRunnable.run(FastThreadLocalRunnable.java:30)
	... 1 more
Caused by: java.net.ConnectException: Connection refused
	... 11 more
2019-07-14 16:23:37,810 INFO  impl.RaftServerImpl (RaftServerImpl.java:setRole(171)) - e24d1a06-db8f-4c4a-ba2f-121659705693:group-E6D7D00590BF changes role from CANDIDATE to FOLLOWER at term 11 for DISCOVERED_A_NEW_TERM
2019-07-14 16:23:37,816 INFO  impl.RoleInfo (RoleInfo.java:shutdownLeaderElection(134)) - e24d1a06-db8f-4c4a-ba2f-121659705693: shutdown LeaderElection
2019-07-14 16:23:37,816 INFO  impl.RoleInfo (RoleInfo.java:updateAndGet(143)) - e24d1a06-db8f-4c4a-ba2f-121659705693: start FollowerState
2019-07-14 16:23:38,793 INFO  client.GrpcClientProtocolClient (GrpcClientProtocolClient.java:onNext(255)) - client-97F3A1C803B3->e24d1a06-db8f-4c4a-ba2f-121659705693: receive RaftClientReply:client-97F3A1C803B3->e24d1a06-db8f-4c4a-ba2f-121659705693@group-E6D7D00590BF, cid=22, FAILED org.apache.ratis.protocol.NotLeaderException: Server e24d1a06-db8f-4c4a-ba2f-121659705693 is not the leader (null). Request must be sent to leader., logIndex=0, commits[e24d1a06-db8f-4c4a-ba2f-121659705693:c16, 259243b9-6039-42e3-b80f-634026e5286a:c16, 60c56bdf-da6a-42ae-8761-33eb5f16d091:c16]
2019-07-14 16:23:41,818 INFO  client.GrpcClientProtocolClient (GrpcClientProtocolClient.java:onNext(255)) - client-97F3A1C803B3->e24d1a06-db8f-4c4a-ba2f-121659705693: receive RaftClientReply:client-97F3A1C803B3->e24d1a06-db8f-4c4a-ba2f-121659705693@group-E6D7D00590BF, cid=22, FAILED org.apache.ratis.protocol.NotLeaderException: Server e24d1a06-db8f-4c4a-ba2f-121659705693 is not the leader (null). Request must be sent to leader., logIndex=0, commits[e24d1a06-db8f-4c4a-ba2f-121659705693:c16, 259243b9-6039-42e3-b80f-634026e5286a:c16, 60c56bdf-da6a-42ae-8761-33eb5f16d091:c16]
2019-07-14 16:23:42,968 INFO  impl.FollowerState (FollowerState.java:run(106)) - e24d1a06-db8f-4c4a-ba2f-121659705693:group-E6D7D00590BF changes to CANDIDATE, lastRpcTime:5151, electionTimeout:5151ms
2019-07-14 16:23:42,968 INFO  impl.RoleInfo (RoleInfo.java:shutdownFollowerState(121)) - e24d1a06-db8f-4c4a-ba2f-121659705693: shutdown FollowerState
2019-07-14 16:23:42,968 INFO  impl.RaftServerImpl (RaftServerImpl.java:setRole(171)) - e24d1a06-db8f-4c4a-ba2f-121659705693:group-E6D7D00590BF changes role from FOLLOWER to CANDIDATE at term 11 for changeToCandidate
2019-07-14 16:23:42,968 INFO  impl.RoleInfo (RoleInfo.java:updateAndGet(143)) - e24d1a06-db8f-4c4a-ba2f-121659705693: start LeaderElection
2019-07-14 16:23:42,994 INFO  impl.LeaderElection (LeaderElection.java:askForVotes(181)) - e24d1a06-db8f-4c4a-ba2f-121659705693:group-E6D7D00590BF:LeaderElection22: begin an election at term 12 for 0: [259243b9-6039-42e3-b80f-634026e5286a:192.168.69.77:32780, 60c56bdf-da6a-42ae-8761-33eb5f16d091:192.168.69.77:41737, e24d1a06-db8f-4c4a-ba2f-121659705693:192.168.69.77:36269], old=null
2019-07-14 16:23:42,995 INFO  impl.LeaderElection (LogUtils.java:infoOrTrace(149)) - e24d1a06-db8f-4c4a-ba2f-121659705693:group-E6D7D00590BF:LeaderElection22 got exception when requesting votes: {}
java.util.concurrent.ExecutionException: org.apache.ratis.thirdparty.io.grpc.StatusRuntimeException: UNAVAILABLE: io exception
	at java.util.concurrent.FutureTask.report(FutureTask.java:122)
	at java.util.concurrent.FutureTask.get(FutureTask.java:192)
	at org.apache.ratis.server.impl.LeaderElection.waitForResults(LeaderElection.java:262)
	at org.apache.ratis.server.impl.LeaderElection.askForVotes(LeaderElection.java:200)
	at org.apache.ratis.server.impl.LeaderElection.run(LeaderElection.java:130)
	at java.lang.Thread.run(Thread.java:748)
Caused by: org.apache.ratis.thirdparty.io.grpc.StatusRuntimeException: UNAVAILABLE: io exception
	at org.apache.ratis.thirdparty.io.grpc.stub.ClientCalls.toStatusRuntimeException(ClientCalls.java:233)
	at org.apache.ratis.thirdparty.io.grpc.stub.ClientCalls.getUnchecked(ClientCalls.java:214)
	at org.apache.ratis.thirdparty.io.grpc.stub.ClientCalls.blockingUnaryCall(ClientCalls.java:139)
	at org.apache.ratis.proto.grpc.RaftServerProtocolServiceGrpc$RaftServerProtocolServiceBlockingStub.requestVote(RaftServerProtocolServiceGrpc.java:265)
	at org.apache.ratis.grpc.server.GrpcServerProtocolClient.requestVote(GrpcServerProtocolClient.java:83)
	at org.apache.ratis.grpc.server.GrpcService.requestVote(GrpcService.java:195)
	at org.apache.ratis.server.impl.LeaderElection.lambda$submitRequests$1(LeaderElection.java:237)
	at java.util.concurrent.FutureTask.run(FutureTask.java:266)
	at java.util.concurrent.Executors$RunnableAdapter.call(Executors.java:511)
	at java.util.concurrent.FutureTask.run(FutureTask.java:266)
	at java.util.concurrent.ThreadPoolExecutor.runWorker(ThreadPoolExecutor.java:1149)
	at java.util.concurrent.ThreadPoolExecutor$Worker.run(ThreadPoolExecutor.java:624)
	... 1 more
Caused by: org.apache.ratis.thirdparty.io.netty.channel.AbstractChannel$AnnotatedConnectException: Connection refused: /192.168.69.77:32780
	at sun.nio.ch.SocketChannelImpl.checkConnect(Native Method)
	at sun.nio.ch.SocketChannelImpl.finishConnect(SocketChannelImpl.java:717)
	at org.apache.ratis.thirdparty.io.netty.channel.socket.nio.NioSocketChannel.doFinishConnect(NioSocketChannel.java:327)
	at org.apache.ratis.thirdparty.io.netty.channel.nio.AbstractNioChannel$AbstractNioUnsafe.finishConnect(AbstractNioChannel.java:340)
	at org.apache.ratis.thirdparty.io.netty.channel.nio.NioEventLoop.processSelectedKey(NioEventLoop.java:632)
	at org.apache.ratis.thirdparty.io.netty.channel.nio.NioEventLoop.processSelectedKeysOptimized(NioEventLoop.java:579)
	at org.apache.ratis.thirdparty.io.netty.channel.nio.NioEventLoop.processSelectedKeys(NioEventLoop.java:496)
	at org.apache.ratis.thirdparty.io.netty.channel.nio.NioEventLoop.run(NioEventLoop.java:458)
	at org.apache.ratis.thirdparty.io.netty.util.concurrent.SingleThreadEventExecutor$5.run(SingleThreadEventExecutor.java:897)
	at org.apache.ratis.thirdparty.io.netty.util.concurrent.FastThreadLocalRunnable.run(FastThreadLocalRunnable.java:30)
	... 1 more
Caused by: java.net.ConnectException: Connection refused
	... 11 more
2019-07-14 16:23:42,998 INFO  impl.LeaderElection (LogUtils.java:infoOrTrace(149)) - e24d1a06-db8f-4c4a-ba2f-121659705693:group-E6D7D00590BF:LeaderElection22 got exception when requesting votes: {}
java.util.concurrent.ExecutionException: org.apache.ratis.thirdparty.io.grpc.StatusRuntimeException: UNAVAILABLE: io exception
	at java.util.concurrent.FutureTask.report(FutureTask.java:122)
	at java.util.concurrent.FutureTask.get(FutureTask.java:192)
	at org.apache.ratis.server.impl.LeaderElection.waitForResults(LeaderElection.java:262)
	at org.apache.ratis.server.impl.LeaderElection.askForVotes(LeaderElection.java:200)
	at org.apache.ratis.server.impl.LeaderElection.run(LeaderElection.java:130)
	at java.lang.Thread.run(Thread.java:748)
Caused by: org.apache.ratis.thirdparty.io.grpc.StatusRuntimeException: UNAVAILABLE: io exception
	at org.apache.ratis.thirdparty.io.grpc.stub.ClientCalls.toStatusRuntimeException(ClientCalls.java:233)
	at org.apache.ratis.thirdparty.io.grpc.stub.ClientCalls.getUnchecked(ClientCalls.java:214)
	at org.apache.ratis.thirdparty.io.grpc.stub.ClientCalls.blockingUnaryCall(ClientCalls.java:139)
	at org.apache.ratis.proto.grpc.RaftServerProtocolServiceGrpc$RaftServerProtocolServiceBlockingStub.requestVote(RaftServerProtocolServiceGrpc.java:265)
	at org.apache.ratis.grpc.server.GrpcServerProtocolClient.requestVote(GrpcServerProtocolClient.java:83)
	at org.apache.ratis.grpc.server.GrpcService.requestVote(GrpcService.java:195)
	at org.apache.ratis.server.impl.LeaderElection.lambda$submitRequests$1(LeaderElection.java:237)
	at java.util.concurrent.FutureTask.run(FutureTask.java:266)
	at java.util.concurrent.Executors$RunnableAdapter.call(Executors.java:511)
	at java.util.concurrent.FutureTask.run(FutureTask.java:266)
	at java.util.concurrent.ThreadPoolExecutor.runWorker(ThreadPoolExecutor.java:1149)
	at java.util.concurrent.ThreadPoolExecutor$Worker.run(ThreadPoolExecutor.java:624)
	... 1 more
Caused by: org.apache.ratis.thirdparty.io.netty.channel.AbstractChannel$AnnotatedConnectException: Connection refused: /192.168.69.77:41737
	at sun.nio.ch.SocketChannelImpl.checkConnect(Native Method)
	at sun.nio.ch.SocketChannelImpl.finishConnect(SocketChannelImpl.java:717)
	at org.apache.ratis.thirdparty.io.netty.channel.socket.nio.NioSocketChannel.doFinishConnect(NioSocketChannel.java:327)
	at org.apache.ratis.thirdparty.io.netty.channel.nio.AbstractNioChannel$AbstractNioUnsafe.finishConnect(AbstractNioChannel.java:340)
	at org.apache.ratis.thirdparty.io.netty.channel.nio.NioEventLoop.processSelectedKey(NioEventLoop.java:632)
	at org.apache.ratis.thirdparty.io.netty.channel.nio.NioEventLoop.processSelectedKeysOptimized(NioEventLoop.java:579)
	at org.apache.ratis.thirdparty.io.netty.channel.nio.NioEventLoop.processSelectedKeys(NioEventLoop.java:496)
	at org.apache.ratis.thirdparty.io.netty.channel.nio.NioEventLoop.run(NioEventLoop.java:458)
	at org.apache.ratis.thirdparty.io.netty.util.concurrent.SingleThreadEventExecutor$5.run(SingleThreadEventExecutor.java:897)
	at org.apache.ratis.thirdparty.io.netty.util.concurrent.FastThreadLocalRunnable.run(FastThreadLocalRunnable.java:30)
	... 1 more
Caused by: java.net.ConnectException: Connection refused
	... 11 more
2019-07-14 16:23:43,000 INFO  impl.LeaderElection (LeaderElection.java:logAndReturn(56)) - e24d1a06-db8f-4c4a-ba2f-121659705693:group-E6D7D00590BF:LeaderElection22: Election REJECTED; received 0 response(s) [] and 2 exception(s); e24d1a06-db8f-4c4a-ba2f-121659705693:t12, leader=null, voted=e24d1a06-db8f-4c4a-ba2f-121659705693, raftlog=e24d1a06-db8f-4c4a-ba2f-121659705693-SegmentedRaftLog:OPENED:c16,f16,i16, conf=0: [259243b9-6039-42e3-b80f-634026e5286a:192.168.69.77:32780, 60c56bdf-da6a-42ae-8761-33eb5f16d091:192.168.69.77:41737, e24d1a06-db8f-4c4a-ba2f-121659705693:192.168.69.77:36269], old=null
2019-07-14 16:23:43,000 INFO  impl.LeaderElection (LogUtils.java:infoOrTrace(149)) -   Exception 0: {}
java.util.concurrent.ExecutionException: org.apache.ratis.thirdparty.io.grpc.StatusRuntimeException: UNAVAILABLE: io exception
	at java.util.concurrent.FutureTask.report(FutureTask.java:122)
	at java.util.concurrent.FutureTask.get(FutureTask.java:192)
	at org.apache.ratis.server.impl.LeaderElection.waitForResults(LeaderElection.java:262)
	at org.apache.ratis.server.impl.LeaderElection.askForVotes(LeaderElection.java:200)
	at org.apache.ratis.server.impl.LeaderElection.run(LeaderElection.java:130)
	at java.lang.Thread.run(Thread.java:748)
Caused by: org.apache.ratis.thirdparty.io.grpc.StatusRuntimeException: UNAVAILABLE: io exception
	at org.apache.ratis.thirdparty.io.grpc.stub.ClientCalls.toStatusRuntimeException(ClientCalls.java:233)
	at org.apache.ratis.thirdparty.io.grpc.stub.ClientCalls.getUnchecked(ClientCalls.java:214)
	at org.apache.ratis.thirdparty.io.grpc.stub.ClientCalls.blockingUnaryCall(ClientCalls.java:139)
	at org.apache.ratis.proto.grpc.RaftServerProtocolServiceGrpc$RaftServerProtocolServiceBlockingStub.requestVote(RaftServerProtocolServiceGrpc.java:265)
	at org.apache.ratis.grpc.server.GrpcServerProtocolClient.requestVote(GrpcServerProtocolClient.java:83)
	at org.apache.ratis.grpc.server.GrpcService.requestVote(GrpcService.java:195)
	at org.apache.ratis.server.impl.LeaderElection.lambda$submitRequests$1(LeaderElection.java:237)
	at java.util.concurrent.FutureTask.run(FutureTask.java:266)
	at java.util.concurrent.Executors$RunnableAdapter.call(Executors.java:511)
	at java.util.concurrent.FutureTask.run(FutureTask.java:266)
	at java.util.concurrent.ThreadPoolExecutor.runWorker(ThreadPoolExecutor.java:1149)
	at java.util.concurrent.ThreadPoolExecutor$Worker.run(ThreadPoolExecutor.java:624)
	... 1 more
Caused by: org.apache.ratis.thirdparty.io.netty.channel.AbstractChannel$AnnotatedConnectException: Connection refused: /192.168.69.77:32780
	at sun.nio.ch.SocketChannelImpl.checkConnect(Native Method)
	at sun.nio.ch.SocketChannelImpl.finishConnect(SocketChannelImpl.java:717)
	at org.apache.ratis.thirdparty.io.netty.channel.socket.nio.NioSocketChannel.doFinishConnect(NioSocketChannel.java:327)
	at org.apache.ratis.thirdparty.io.netty.channel.nio.AbstractNioChannel$AbstractNioUnsafe.finishConnect(AbstractNioChannel.java:340)
	at org.apache.ratis.thirdparty.io.netty.channel.nio.NioEventLoop.processSelectedKey(NioEventLoop.java:632)
	at org.apache.ratis.thirdparty.io.netty.channel.nio.NioEventLoop.processSelectedKeysOptimized(NioEventLoop.java:579)
	at org.apache.ratis.thirdparty.io.netty.channel.nio.NioEventLoop.processSelectedKeys(NioEventLoop.java:496)
	at org.apache.ratis.thirdparty.io.netty.channel.nio.NioEventLoop.run(NioEventLoop.java:458)
	at org.apache.ratis.thirdparty.io.netty.util.concurrent.SingleThreadEventExecutor$5.run(SingleThreadEventExecutor.java:897)
	at org.apache.ratis.thirdparty.io.netty.util.concurrent.FastThreadLocalRunnable.run(FastThreadLocalRunnable.java:30)
	... 1 more
Caused by: java.net.ConnectException: Connection refused
	... 11 more
2019-07-14 16:23:43,001 INFO  impl.LeaderElection (LogUtils.java:infoOrTrace(149)) -   Exception 1: {}
java.util.concurrent.ExecutionException: org.apache.ratis.thirdparty.io.grpc.StatusRuntimeException: UNAVAILABLE: io exception
	at java.util.concurrent.FutureTask.report(FutureTask.java:122)
	at java.util.concurrent.FutureTask.get(FutureTask.java:192)
	at org.apache.ratis.server.impl.LeaderElection.waitForResults(LeaderElection.java:262)
	at org.apache.ratis.server.impl.LeaderElection.askForVotes(LeaderElection.java:200)
	at org.apache.ratis.server.impl.LeaderElection.run(LeaderElection.java:130)
	at java.lang.Thread.run(Thread.java:748)
Caused by: org.apache.ratis.thirdparty.io.grpc.StatusRuntimeException: UNAVAILABLE: io exception
	at org.apache.ratis.thirdparty.io.grpc.stub.ClientCalls.toStatusRuntimeException(ClientCalls.java:233)
	at org.apache.ratis.thirdparty.io.grpc.stub.ClientCalls.getUnchecked(ClientCalls.java:214)
	at org.apache.ratis.thirdparty.io.grpc.stub.ClientCalls.blockingUnaryCall(ClientCalls.java:139)
	at org.apache.ratis.proto.grpc.RaftServerProtocolServiceGrpc$RaftServerProtocolServiceBlockingStub.requestVote(RaftServerProtocolServiceGrpc.java:265)
	at org.apache.ratis.grpc.server.GrpcServerProtocolClient.requestVote(GrpcServerProtocolClient.java:83)
	at org.apache.ratis.grpc.server.GrpcService.requestVote(GrpcService.java:195)
	at org.apache.ratis.server.impl.LeaderElection.lambda$submitRequests$1(LeaderElection.java:237)
	at java.util.concurrent.FutureTask.run(FutureTask.java:266)
	at java.util.concurrent.Executors$RunnableAdapter.call(Executors.java:511)
	at java.util.concurrent.FutureTask.run(FutureTask.java:266)
	at java.util.concurrent.ThreadPoolExecutor.runWorker(ThreadPoolExecutor.java:1149)
	at java.util.concurrent.ThreadPoolExecutor$Worker.run(ThreadPoolExecutor.java:624)
	... 1 more
Caused by: org.apache.ratis.thirdparty.io.netty.channel.AbstractChannel$AnnotatedConnectException: Connection refused: /192.168.69.77:41737
	at sun.nio.ch.SocketChannelImpl.checkConnect(Native Method)
	at sun.nio.ch.SocketChannelImpl.finishConnect(SocketChannelImpl.java:717)
	at org.apache.ratis.thirdparty.io.netty.channel.socket.nio.NioSocketChannel.doFinishConnect(NioSocketChannel.java:327)
	at org.apache.ratis.thirdparty.io.netty.channel.nio.AbstractNioChannel$AbstractNioUnsafe.finishConnect(AbstractNioChannel.java:340)
	at org.apache.ratis.thirdparty.io.netty.channel.nio.NioEventLoop.processSelectedKey(NioEventLoop.java:632)
	at org.apache.ratis.thirdparty.io.netty.channel.nio.NioEventLoop.processSelectedKeysOptimized(NioEventLoop.java:579)
	at org.apache.ratis.thirdparty.io.netty.channel.nio.NioEventLoop.processSelectedKeys(NioEventLoop.java:496)
	at org.apache.ratis.thirdparty.io.netty.channel.nio.NioEventLoop.run(NioEventLoop.java:458)
	at org.apache.ratis.thirdparty.io.netty.util.concurrent.SingleThreadEventExecutor$5.run(SingleThreadEventExecutor.java:897)
	at org.apache.ratis.thirdparty.io.netty.util.concurrent.FastThreadLocalRunnable.run(FastThreadLocalRunnable.java:30)
	... 1 more
Caused by: java.net.ConnectException: Connection refused
	... 11 more
2019-07-14 16:23:43,001 INFO  impl.RaftServerImpl (RaftServerImpl.java:setRole(171)) - e24d1a06-db8f-4c4a-ba2f-121659705693:group-E6D7D00590BF changes role from CANDIDATE to FOLLOWER at term 12 for DISCOVERED_A_NEW_TERM
2019-07-14 16:23:43,003 INFO  impl.RoleInfo (RoleInfo.java:shutdownLeaderElection(134)) - e24d1a06-db8f-4c4a-ba2f-121659705693: shutdown LeaderElection
2019-07-14 16:23:43,004 INFO  impl.RoleInfo (RoleInfo.java:updateAndGet(143)) - e24d1a06-db8f-4c4a-ba2f-121659705693: start FollowerState
2019-07-14 16:23:43,838 INFO  client.GrpcClientProtocolClient (GrpcClientProtocolClient.java:onNext(255)) - client-97F3A1C803B3->e24d1a06-db8f-4c4a-ba2f-121659705693: receive RaftClientReply:client-97F3A1C803B3->e24d1a06-db8f-4c4a-ba2f-121659705693@group-E6D7D00590BF, cid=22, FAILED org.apache.ratis.protocol.NotLeaderException: Server e24d1a06-db8f-4c4a-ba2f-121659705693 is not the leader (null). Request must be sent to leader., logIndex=0, commits[e24d1a06-db8f-4c4a-ba2f-121659705693:c16, 259243b9-6039-42e3-b80f-634026e5286a:c16, 60c56bdf-da6a-42ae-8761-33eb5f16d091:c16]
2019-07-14 16:23:48,197 INFO  impl.FollowerState (FollowerState.java:run(106)) - e24d1a06-db8f-4c4a-ba2f-121659705693:group-E6D7D00590BF changes to CANDIDATE, lastRpcTime:5193, electionTimeout:5191ms
2019-07-14 16:23:48,198 INFO  impl.RoleInfo (RoleInfo.java:shutdownFollowerState(121)) - e24d1a06-db8f-4c4a-ba2f-121659705693: shutdown FollowerState
2019-07-14 16:23:48,198 INFO  impl.RaftServerImpl (RaftServerImpl.java:setRole(171)) - e24d1a06-db8f-4c4a-ba2f-121659705693:group-E6D7D00590BF changes role from FOLLOWER to CANDIDATE at term 12 for changeToCandidate
2019-07-14 16:23:48,198 INFO  impl.RoleInfo (RoleInfo.java:updateAndGet(143)) - e24d1a06-db8f-4c4a-ba2f-121659705693: start LeaderElection
2019-07-14 16:23:48,207 INFO  impl.LeaderElection (LeaderElection.java:askForVotes(181)) - e24d1a06-db8f-4c4a-ba2f-121659705693:group-E6D7D00590BF:LeaderElection23: begin an election at term 13 for 0: [259243b9-6039-42e3-b80f-634026e5286a:192.168.69.77:32780, 60c56bdf-da6a-42ae-8761-33eb5f16d091:192.168.69.77:41737, e24d1a06-db8f-4c4a-ba2f-121659705693:192.168.69.77:36269], old=null
2019-07-14 16:23:48,208 INFO  impl.LeaderElection (LogUtils.java:infoOrTrace(149)) - e24d1a06-db8f-4c4a-ba2f-121659705693:group-E6D7D00590BF:LeaderElection23 got exception when requesting votes: {}
java.util.concurrent.ExecutionException: org.apache.ratis.thirdparty.io.grpc.StatusRuntimeException: UNAVAILABLE: io exception
	at java.util.concurrent.FutureTask.report(FutureTask.java:122)
	at java.util.concurrent.FutureTask.get(FutureTask.java:192)
	at org.apache.ratis.server.impl.LeaderElection.waitForResults(LeaderElection.java:262)
	at org.apache.ratis.server.impl.LeaderElection.askForVotes(LeaderElection.java:200)
	at org.apache.ratis.server.impl.LeaderElection.run(LeaderElection.java:130)
	at java.lang.Thread.run(Thread.java:748)
Caused by: org.apache.ratis.thirdparty.io.grpc.StatusRuntimeException: UNAVAILABLE: io exception
	at org.apache.ratis.thirdparty.io.grpc.stub.ClientCalls.toStatusRuntimeException(ClientCalls.java:233)
	at org.apache.ratis.thirdparty.io.grpc.stub.ClientCalls.getUnchecked(ClientCalls.java:214)
	at org.apache.ratis.thirdparty.io.grpc.stub.ClientCalls.blockingUnaryCall(ClientCalls.java:139)
	at org.apache.ratis.proto.grpc.RaftServerProtocolServiceGrpc$RaftServerProtocolServiceBlockingStub.requestVote(RaftServerProtocolServiceGrpc.java:265)
	at org.apache.ratis.grpc.server.GrpcServerProtocolClient.requestVote(GrpcServerProtocolClient.java:83)
	at org.apache.ratis.grpc.server.GrpcService.requestVote(GrpcService.java:195)
	at org.apache.ratis.server.impl.LeaderElection.lambda$submitRequests$1(LeaderElection.java:237)
	at java.util.concurrent.FutureTask.run(FutureTask.java:266)
	at java.util.concurrent.Executors$RunnableAdapter.call(Executors.java:511)
	at java.util.concurrent.FutureTask.run(FutureTask.java:266)
	at java.util.concurrent.ThreadPoolExecutor.runWorker(ThreadPoolExecutor.java:1149)
	at java.util.concurrent.ThreadPoolExecutor$Worker.run(ThreadPoolExecutor.java:624)
	... 1 more
Caused by: org.apache.ratis.thirdparty.io.netty.channel.AbstractChannel$AnnotatedConnectException: Connection refused: /192.168.69.77:41737
	at sun.nio.ch.SocketChannelImpl.checkConnect(Native Method)
	at sun.nio.ch.SocketChannelImpl.finishConnect(SocketChannelImpl.java:717)
	at org.apache.ratis.thirdparty.io.netty.channel.socket.nio.NioSocketChannel.doFinishConnect(NioSocketChannel.java:327)
	at org.apache.ratis.thirdparty.io.netty.channel.nio.AbstractNioChannel$AbstractNioUnsafe.finishConnect(AbstractNioChannel.java:340)
	at org.apache.ratis.thirdparty.io.netty.channel.nio.NioEventLoop.processSelectedKey(NioEventLoop.java:632)
	at org.apache.ratis.thirdparty.io.netty.channel.nio.NioEventLoop.processSelectedKeysOptimized(NioEventLoop.java:579)
	at org.apache.ratis.thirdparty.io.netty.channel.nio.NioEventLoop.processSelectedKeys(NioEventLoop.java:496)
	at org.apache.ratis.thirdparty.io.netty.channel.nio.NioEventLoop.run(NioEventLoop.java:458)
	at org.apache.ratis.thirdparty.io.netty.util.concurrent.SingleThreadEventExecutor$5.run(SingleThreadEventExecutor.java:897)
	at org.apache.ratis.thirdparty.io.netty.util.concurrent.FastThreadLocalRunnable.run(FastThreadLocalRunnable.java:30)
	... 1 more
Caused by: java.net.ConnectException: Connection refused
	... 11 more
2019-07-14 16:23:48,211 INFO  impl.LeaderElection (LogUtils.java:infoOrTrace(149)) - e24d1a06-db8f-4c4a-ba2f-121659705693:group-E6D7D00590BF:LeaderElection23 got exception when requesting votes: {}
java.util.concurrent.ExecutionException: org.apache.ratis.thirdparty.io.grpc.StatusRuntimeException: UNAVAILABLE: io exception
	at java.util.concurrent.FutureTask.report(FutureTask.java:122)
	at java.util.concurrent.FutureTask.get(FutureTask.java:192)
	at org.apache.ratis.server.impl.LeaderElection.waitForResults(LeaderElection.java:262)
	at org.apache.ratis.server.impl.LeaderElection.askForVotes(LeaderElection.java:200)
	at org.apache.ratis.server.impl.LeaderElection.run(LeaderElection.java:130)
	at java.lang.Thread.run(Thread.java:748)
Caused by: org.apache.ratis.thirdparty.io.grpc.StatusRuntimeException: UNAVAILABLE: io exception
	at org.apache.ratis.thirdparty.io.grpc.stub.ClientCalls.toStatusRuntimeException(ClientCalls.java:233)
	at org.apache.ratis.thirdparty.io.grpc.stub.ClientCalls.getUnchecked(ClientCalls.java:214)
	at org.apache.ratis.thirdparty.io.grpc.stub.ClientCalls.blockingUnaryCall(ClientCalls.java:139)
	at org.apache.ratis.proto.grpc.RaftServerProtocolServiceGrpc$RaftServerProtocolServiceBlockingStub.requestVote(RaftServerProtocolServiceGrpc.java:265)
	at org.apache.ratis.grpc.server.GrpcServerProtocolClient.requestVote(GrpcServerProtocolClient.java:83)
	at org.apache.ratis.grpc.server.GrpcService.requestVote(GrpcService.java:195)
	at org.apache.ratis.server.impl.LeaderElection.lambda$submitRequests$1(LeaderElection.java:237)
	at java.util.concurrent.FutureTask.run(FutureTask.java:266)
	at java.util.concurrent.Executors$RunnableAdapter.call(Executors.java:511)
	at java.util.concurrent.FutureTask.run(FutureTask.java:266)
	at java.util.concurrent.ThreadPoolExecutor.runWorker(ThreadPoolExecutor.java:1149)
	at java.util.concurrent.ThreadPoolExecutor$Worker.run(ThreadPoolExecutor.java:624)
	... 1 more
Caused by: org.apache.ratis.thirdparty.io.netty.channel.AbstractChannel$AnnotatedConnectException: Connection refused: /192.168.69.77:32780
	at sun.nio.ch.SocketChannelImpl.checkConnect(Native Method)
	at sun.nio.ch.SocketChannelImpl.finishConnect(SocketChannelImpl.java:717)
	at org.apache.ratis.thirdparty.io.netty.channel.socket.nio.NioSocketChannel.doFinishConnect(NioSocketChannel.java:327)
	at org.apache.ratis.thirdparty.io.netty.channel.nio.AbstractNioChannel$AbstractNioUnsafe.finishConnect(AbstractNioChannel.java:340)
	at org.apache.ratis.thirdparty.io.netty.channel.nio.NioEventLoop.processSelectedKey(NioEventLoop.java:632)
	at org.apache.ratis.thirdparty.io.netty.channel.nio.NioEventLoop.processSelectedKeysOptimized(NioEventLoop.java:579)
	at org.apache.ratis.thirdparty.io.netty.channel.nio.NioEventLoop.processSelectedKeys(NioEventLoop.java:496)
	at org.apache.ratis.thirdparty.io.netty.channel.nio.NioEventLoop.run(NioEventLoop.java:458)
	at org.apache.ratis.thirdparty.io.netty.util.concurrent.SingleThreadEventExecutor$5.run(SingleThreadEventExecutor.java:897)
	at org.apache.ratis.thirdparty.io.netty.util.concurrent.FastThreadLocalRunnable.run(FastThreadLocalRunnable.java:30)
	... 1 more
Caused by: java.net.ConnectException: Connection refused
	... 11 more
2019-07-14 16:23:48,214 INFO  impl.LeaderElection (LeaderElection.java:logAndReturn(56)) - e24d1a06-db8f-4c4a-ba2f-121659705693:group-E6D7D00590BF:LeaderElection23: Election REJECTED; received 0 response(s) [] and 2 exception(s); e24d1a06-db8f-4c4a-ba2f-121659705693:t13, leader=null, voted=e24d1a06-db8f-4c4a-ba2f-121659705693, raftlog=e24d1a06-db8f-4c4a-ba2f-121659705693-SegmentedRaftLog:OPENED:c16,f16,i16, conf=0: [259243b9-6039-42e3-b80f-634026e5286a:192.168.69.77:32780, 60c56bdf-da6a-42ae-8761-33eb5f16d091:192.168.69.77:41737, e24d1a06-db8f-4c4a-ba2f-121659705693:192.168.69.77:36269], old=null
2019-07-14 16:23:48,214 INFO  impl.LeaderElection (LogUtils.java:infoOrTrace(149)) -   Exception 0: {}
java.util.concurrent.ExecutionException: org.apache.ratis.thirdparty.io.grpc.StatusRuntimeException: UNAVAILABLE: io exception
	at java.util.concurrent.FutureTask.report(FutureTask.java:122)
	at java.util.concurrent.FutureTask.get(FutureTask.java:192)
	at org.apache.ratis.server.impl.LeaderElection.waitForResults(LeaderElection.java:262)
	at org.apache.ratis.server.impl.LeaderElection.askForVotes(LeaderElection.java:200)
	at org.apache.ratis.server.impl.LeaderElection.run(LeaderElection.java:130)
	at java.lang.Thread.run(Thread.java:748)
Caused by: org.apache.ratis.thirdparty.io.grpc.StatusRuntimeException: UNAVAILABLE: io exception
	at org.apache.ratis.thirdparty.io.grpc.stub.ClientCalls.toStatusRuntimeException(ClientCalls.java:233)
	at org.apache.ratis.thirdparty.io.grpc.stub.ClientCalls.getUnchecked(ClientCalls.java:214)
	at org.apache.ratis.thirdparty.io.grpc.stub.ClientCalls.blockingUnaryCall(ClientCalls.java:139)
	at org.apache.ratis.proto.grpc.RaftServerProtocolServiceGrpc$RaftServerProtocolServiceBlockingStub.requestVote(RaftServerProtocolServiceGrpc.java:265)
	at org.apache.ratis.grpc.server.GrpcServerProtocolClient.requestVote(GrpcServerProtocolClient.java:83)
	at org.apache.ratis.grpc.server.GrpcService.requestVote(GrpcService.java:195)
	at org.apache.ratis.server.impl.LeaderElection.lambda$submitRequests$1(LeaderElection.java:237)
	at java.util.concurrent.FutureTask.run(FutureTask.java:266)
	at java.util.concurrent.Executors$RunnableAdapter.call(Executors.java:511)
	at java.util.concurrent.FutureTask.run(FutureTask.java:266)
	at java.util.concurrent.ThreadPoolExecutor.runWorker(ThreadPoolExecutor.java:1149)
	at java.util.concurrent.ThreadPoolExecutor$Worker.run(ThreadPoolExecutor.java:624)
	... 1 more
Caused by: org.apache.ratis.thirdparty.io.netty.channel.AbstractChannel$AnnotatedConnectException: Connection refused: /192.168.69.77:41737
	at sun.nio.ch.SocketChannelImpl.checkConnect(Native Method)
	at sun.nio.ch.SocketChannelImpl.finishConnect(SocketChannelImpl.java:717)
	at org.apache.ratis.thirdparty.io.netty.channel.socket.nio.NioSocketChannel.doFinishConnect(NioSocketChannel.java:327)
	at org.apache.ratis.thirdparty.io.netty.channel.nio.AbstractNioChannel$AbstractNioUnsafe.finishConnect(AbstractNioChannel.java:340)
	at org.apache.ratis.thirdparty.io.netty.channel.nio.NioEventLoop.processSelectedKey(NioEventLoop.java:632)
	at org.apache.ratis.thirdparty.io.netty.channel.nio.NioEventLoop.processSelectedKeysOptimized(NioEventLoop.java:579)
	at org.apache.ratis.thirdparty.io.netty.channel.nio.NioEventLoop.processSelectedKeys(NioEventLoop.java:496)
	at org.apache.ratis.thirdparty.io.netty.channel.nio.NioEventLoop.run(NioEventLoop.java:458)
	at org.apache.ratis.thirdparty.io.netty.util.concurrent.SingleThreadEventExecutor$5.run(SingleThreadEventExecutor.java:897)
	at org.apache.ratis.thirdparty.io.netty.util.concurrent.FastThreadLocalRunnable.run(FastThreadLocalRunnable.java:30)
	... 1 more
Caused by: java.net.ConnectException: Connection refused
	... 11 more
2019-07-14 16:23:48,215 INFO  impl.LeaderElection (LogUtils.java:infoOrTrace(149)) -   Exception 1: {}
java.util.concurrent.ExecutionException: org.apache.ratis.thirdparty.io.grpc.StatusRuntimeException: UNAVAILABLE: io exception
	at java.util.concurrent.FutureTask.report(FutureTask.java:122)
	at java.util.concurrent.FutureTask.get(FutureTask.java:192)
	at org.apache.ratis.server.impl.LeaderElection.waitForResults(LeaderElection.java:262)
	at org.apache.ratis.server.impl.LeaderElection.askForVotes(LeaderElection.java:200)
	at org.apache.ratis.server.impl.LeaderElection.run(LeaderElection.java:130)
	at java.lang.Thread.run(Thread.java:748)
Caused by: org.apache.ratis.thirdparty.io.grpc.StatusRuntimeException: UNAVAILABLE: io exception
	at org.apache.ratis.thirdparty.io.grpc.stub.ClientCalls.toStatusRuntimeException(ClientCalls.java:233)
	at org.apache.ratis.thirdparty.io.grpc.stub.ClientCalls.getUnchecked(ClientCalls.java:214)
	at org.apache.ratis.thirdparty.io.grpc.stub.ClientCalls.blockingUnaryCall(ClientCalls.java:139)
	at org.apache.ratis.proto.grpc.RaftServerProtocolServiceGrpc$RaftServerProtocolServiceBlockingStub.requestVote(RaftServerProtocolServiceGrpc.java:265)
	at org.apache.ratis.grpc.server.GrpcServerProtocolClient.requestVote(GrpcServerProtocolClient.java:83)
	at org.apache.ratis.grpc.server.GrpcService.requestVote(GrpcService.java:195)
	at org.apache.ratis.server.impl.LeaderElection.lambda$submitRequests$1(LeaderElection.java:237)
	at java.util.concurrent.FutureTask.run(FutureTask.java:266)
	at java.util.concurrent.Executors$RunnableAdapter.call(Executors.java:511)
	at java.util.concurrent.FutureTask.run(FutureTask.java:266)
	at java.util.concurrent.ThreadPoolExecutor.runWorker(ThreadPoolExecutor.java:1149)
	at java.util.concurrent.ThreadPoolExecutor$Worker.run(ThreadPoolExecutor.java:624)
	... 1 more
Caused by: org.apache.ratis.thirdparty.io.netty.channel.AbstractChannel$AnnotatedConnectException: Connection refused: /192.168.69.77:32780
	at sun.nio.ch.SocketChannelImpl.checkConnect(Native Method)
	at sun.nio.ch.SocketChannelImpl.finishConnect(SocketChannelImpl.java:717)
	at org.apache.ratis.thirdparty.io.netty.channel.socket.nio.NioSocketChannel.doFinishConnect(NioSocketChannel.java:327)
	at org.apache.ratis.thirdparty.io.netty.channel.nio.AbstractNioChannel$AbstractNioUnsafe.finishConnect(AbstractNioChannel.java:340)
	at org.apache.ratis.thirdparty.io.netty.channel.nio.NioEventLoop.processSelectedKey(NioEventLoop.java:632)
	at org.apache.ratis.thirdparty.io.netty.channel.nio.NioEventLoop.processSelectedKeysOptimized(NioEventLoop.java:579)
	at org.apache.ratis.thirdparty.io.netty.channel.nio.NioEventLoop.processSelectedKeys(NioEventLoop.java:496)
	at org.apache.ratis.thirdparty.io.netty.channel.nio.NioEventLoop.run(NioEventLoop.java:458)
	at org.apache.ratis.thirdparty.io.netty.util.concurrent.SingleThreadEventExecutor$5.run(SingleThreadEventExecutor.java:897)
	at org.apache.ratis.thirdparty.io.netty.util.concurrent.FastThreadLocalRunnable.run(FastThreadLocalRunnable.java:30)
	... 1 more
Caused by: java.net.ConnectException: Connection refused
	... 11 more
2019-07-14 16:23:48,215 INFO  impl.RaftServerImpl (RaftServerImpl.java:setRole(171)) - e24d1a06-db8f-4c4a-ba2f-121659705693:group-E6D7D00590BF changes role from CANDIDATE to FOLLOWER at term 13 for DISCOVERED_A_NEW_TERM
2019-07-14 16:23:48,215 INFO  impl.RoleInfo (RoleInfo.java:shutdownLeaderElection(134)) - e24d1a06-db8f-4c4a-ba2f-121659705693: shutdown LeaderElection
2019-07-14 16:23:48,217 INFO  impl.RoleInfo (RoleInfo.java:updateAndGet(143)) - e24d1a06-db8f-4c4a-ba2f-121659705693: start FollowerState
2019-07-14 16:23:49,632 WARN  pipeline.RatisPipelineUtils (RatisPipelineUtils.java:destroyPipeline(66)) - Pipeline destroy failed for pipeline=PipelineID=5a5b215c-97ee-439f-b11f-2c1e86710c86 dn=259243b9-6039-42e3-b80f-634026e5286a{ip: 192.168.69.77, host: pr-hdds-1710-5x6jb-1204890111, networkLocation: /default-rack, certSerialId: null}
2019-07-14 16:23:49,633 INFO  pipeline.PipelineStateManager (PipelineStateManager.java:removePipeline(108)) - Pipeline Pipeline[ Id: 5a5b215c-97ee-439f-b11f-2c1e86710c86, Nodes: 259243b9-6039-42e3-b80f-634026e5286a{ip: 192.168.69.77, host: pr-hdds-1710-5x6jb-1204890111, networkLocation: /default-rack, certSerialId: null}, Type:RATIS, Factor:ONE, State:CLOSED] removed from db
2019-07-14 16:23:49,636 WARN  pipeline.RatisPipelineUtils (RatisPipelineUtils.java:destroyPipeline(66)) - Pipeline destroy failed for pipeline=PipelineID=1e98575f-7b47-4259-b464-e6d7d00590bf dn=259243b9-6039-42e3-b80f-634026e5286a{ip: 192.168.69.77, host: pr-hdds-1710-5x6jb-1204890111, networkLocation: /default-rack, certSerialId: null}
2019-07-14 16:23:49,639 WARN  pipeline.RatisPipelineUtils (RatisPipelineUtils.java:destroyPipeline(66)) - Pipeline destroy failed for pipeline=PipelineID=1e98575f-7b47-4259-b464-e6d7d00590bf dn=60c56bdf-da6a-42ae-8761-33eb5f16d091{ip: 192.168.69.77, host: pr-hdds-1710-5x6jb-1204890111, networkLocation: /default-rack, certSerialId: null}
2019-07-14 16:23:49,647 INFO  impl.RaftServerProxy (RaftServerProxy.java:remove(95)) - e24d1a06-db8f-4c4a-ba2f-121659705693: remove FOLLOWER group-E6D7D00590BF e24d1a06-db8f-4c4a-ba2f-121659705693:t13, leader=null, voted=e24d1a06-db8f-4c4a-ba2f-121659705693, raftlog=e24d1a06-db8f-4c4a-ba2f-121659705693-SegmentedRaftLog:OPENED:c16,f16,i16, conf=0: [259243b9-6039-42e3-b80f-634026e5286a:192.168.69.77:32780, 60c56bdf-da6a-42ae-8761-33eb5f16d091:192.168.69.77:41737, e24d1a06-db8f-4c4a-ba2f-121659705693:192.168.69.77:36269], old=null RUNNING
2019-07-14 16:23:49,649 INFO  impl.RaftServerImpl (RaftServerImpl.java:lambda$shutdown$3(245)) - e24d1a06-db8f-4c4a-ba2f-121659705693: shutdown group-E6D7D00590BF
2019-07-14 16:23:49,650 INFO  util.JmxRegister (JmxRegister.java:unregister(73)) - Successfully un-registered JMX Bean with object name Ratis:service=RaftServer,group=group-E6D7D00590BF,id=e24d1a06-db8f-4c4a-ba2f-121659705693
2019-07-14 16:23:49,650 INFO  impl.RoleInfo (RoleInfo.java:shutdownFollowerState(121)) - e24d1a06-db8f-4c4a-ba2f-121659705693: shutdown FollowerState
2019-07-14 16:23:49,650 INFO  impl.StateMachineUpdater (StateMachineUpdater.java:stopAndJoin(115)) - StateMachineUpdater:e24d1a06-db8f-4c4a-ba2f-121659705693:group-E6D7D00590BF: set stopIndex = 16
2019-07-14 16:23:49,650 INFO  impl.FollowerState (FollowerState.java:run(114)) - e24d1a06-db8f-4c4a-ba2f-121659705693: FollowerState was interrupted: java.lang.InterruptedException: sleep interrupted
2019-07-14 16:23:49,654 INFO  ratis.ContainerStateMachine (ContainerStateMachine.java:takeSnapshot(246)) - Taking snapshot at termIndex:(t:1, i:14)
2019-07-14 16:23:49,654 INFO  ratis.ContainerStateMachine (ContainerStateMachine.java:takeSnapshot(250)) - Taking a snapshot to file /workdir/hadoop-ozone/integration-test/target/test-dir/MiniOzoneClusterImpl-2edbef45-7b9e-4a7f-a65a-0656f9579177/datanode-3/data/ratis/1e98575f-7b47-4259-b464-e6d7d00590bf/sm/snapshot.1_14
2019-07-14 16:23:49,655 INFO  impl.StateMachineUpdater (StateMachineUpdater.java:takeSnapshot(242)) - StateMachineUpdater:e24d1a06-db8f-4c4a-ba2f-121659705693:group-E6D7D00590BF: Took a snapshot at index 14
2019-07-14 16:23:49,656 INFO  impl.StateMachineUpdater (StateMachineUpdater.java:lambda$new$0(80)) - StateMachineUpdater:e24d1a06-db8f-4c4a-ba2f-121659705693:group-E6D7D00590BF: snapshotIndex: updateIncreasingly -1 -> 14
2019-07-14 16:23:49,657 INFO  impl.RaftServerImpl (ServerState.java:close(394)) - e24d1a06-db8f-4c4a-ba2f-121659705693:group-E6D7D00590BF closes. The last applied log index is 16
2019-07-14 16:23:49,657 INFO  segmented.SegmentedRaftLogWorker (SegmentedRaftLogWorker.java:run(313)) - e24d1a06-db8f-4c4a-ba2f-121659705693-SegmentedRaftLogWorker:Storage Directory /workdir/hadoop-ozone/integration-test/target/test-dir/MiniOzoneClusterImpl-2edbef45-7b9e-4a7f-a65a-0656f9579177/datanode-3/data/ratis/1e98575f-7b47-4259-b464-e6d7d00590bf was interrupted, exiting. There are 0 tasks remaining in the queue.
2019-07-14 16:23:49,660 INFO  segmented.SegmentedRaftLogWorker (SegmentedRaftLogWorker.java:close(228)) - e24d1a06-db8f-4c4a-ba2f-121659705693-SegmentedRaftLogWorker:Storage Directory /workdir/hadoop-ozone/integration-test/target/test-dir/MiniOzoneClusterImpl-2edbef45-7b9e-4a7f-a65a-0656f9579177/datanode-3/data/ratis/1e98575f-7b47-4259-b464-e6d7d00590bf close()
2019-07-14 16:23:49,674 INFO  pipeline.PipelineStateManager (PipelineStateManager.java:removePipeline(108)) - Pipeline Pipeline[ Id: 1e98575f-7b47-4259-b464-e6d7d00590bf, Nodes: 259243b9-6039-42e3-b80f-634026e5286a{ip: 192.168.69.77, host: pr-hdds-1710-5x6jb-1204890111, networkLocation: /default-rack, certSerialId: null}60c56bdf-da6a-42ae-8761-33eb5f16d091{ip: 192.168.69.77, host: pr-hdds-1710-5x6jb-1204890111, networkLocation: /default-rack, certSerialId: null}e24d1a06-db8f-4c4a-ba2f-121659705693{ip: 192.168.69.77, host: pr-hdds-1710-5x6jb-1204890111, networkLocation: /default-rack, certSerialId: null}, Type:RATIS, Factor:THREE, State:CLOSED] removed from db
2019-07-14 16:23:50,937 WARN  io.KeyOutputStream (KeyOutputStream.java:handleException(276)) - Encountered exception java.io.IOException: Unexpected Storage Container Exception: java.util.concurrent.CompletionException: java.util.concurrent.CompletionException: org.apache.ratis.protocol.GroupMismatchException: e24d1a06-db8f-4c4a-ba2f-121659705693: group-E6D7D00590BF not found. on the pipeline Pipeline[ Id: 1e98575f-7b47-4259-b464-e6d7d00590bf, Nodes: 259243b9-6039-42e3-b80f-634026e5286a{ip: 192.168.69.77, host: pr-hdds-1710-5x6jb-1204890111, networkLocation: /default-rack, certSerialId: null}60c56bdf-da6a-42ae-8761-33eb5f16d091{ip: 192.168.69.77, host: pr-hdds-1710-5x6jb-1204890111, networkLocation: /default-rack, certSerialId: null}e24d1a06-db8f-4c4a-ba2f-121659705693{ip: 192.168.69.77, host: pr-hdds-1710-5x6jb-1204890111, networkLocation: /default-rack, certSerialId: null}, Type:RATIS, Factor:THREE, State:OPEN]. The last committed block length is 450, uncommitted data length is 350 retry count 0
2019-07-14 16:23:51,134 INFO  client.GrpcClientProtocolClient (GrpcClientProtocolClient.java:onNext(255)) - client-606FE618CD28->fcda3341-7621-4c44-89cf-bedd6be6e42f: receive RaftClientReply:client-606FE618CD28->fcda3341-7621-4c44-89cf-bedd6be6e42f@group-60A91F3702E7, cid=32, SUCCESS, logIndex=1, commits[fcda3341-7621-4c44-89cf-bedd6be6e42f:c1, 25deb60a-f789-4a4e-b6ba-3ca345ca0b36:c0, 2a4def33-c6bb-4d23-acc8-c73d8180b8aa:c0]
2019-07-14 16:23:51,165 INFO  client.GrpcClientProtocolClient (GrpcClientProtocolClient.java:onNext(255)) - client-606FE618CD28->fcda3341-7621-4c44-89cf-bedd6be6e42f: receive RaftClientReply:client-606FE618CD28->fcda3341-7621-4c44-89cf-bedd6be6e42f@group-60A91F3702E7, cid=33, SUCCESS, logIndex=3, commits[fcda3341-7621-4c44-89cf-bedd6be6e42f:c3, 25deb60a-f789-4a4e-b6ba-3ca345ca0b36:c2, 2a4def33-c6bb-4d23-acc8-c73d8180b8aa:c2]
2019-07-14 16:23:51,225 INFO  client.GrpcClientProtocolClient (GrpcClientProtocolClient.java:onNext(255)) - client-606FE618CD28->fcda3341-7621-4c44-89cf-bedd6be6e42f: receive RaftClientReply:client-606FE618CD28->fcda3341-7621-4c44-89cf-bedd6be6e42f@group-60A91F3702E7, cid=34, SUCCESS, logIndex=4, commits[fcda3341-7621-4c44-89cf-bedd6be6e42f:c11, 25deb60a-f789-4a4e-b6ba-3ca345ca0b36:c7, 2a4def33-c6bb-4d23-acc8-c73d8180b8aa:c7]
2019-07-14 16:23:51,228 INFO  client.GrpcClientProtocolClient (GrpcClientProtocolClient.java:onNext(255)) - client-606FE618CD28->fcda3341-7621-4c44-89cf-bedd6be6e42f: receive RaftClientReply:client-606FE618CD28->fcda3341-7621-4c44-89cf-bedd6be6e42f@group-60A91F3702E7, cid=35, SUCCESS, logIndex=5, commits[fcda3341-7621-4c44-89cf-bedd6be6e42f:c11, 25deb60a-f789-4a4e-b6ba-3ca345ca0b36:c7, 2a4def33-c6bb-4d23-acc8-c73d8180b8aa:c7]
2019-07-14 16:23:51,229 INFO  client.GrpcClientProtocolClient (GrpcClientProtocolClient.java:onNext(255)) - client-606FE618CD28->fcda3341-7621-4c44-89cf-bedd6be6e42f: receive RaftClientReply:client-606FE618CD28->fcda3341-7621-4c44-89cf-bedd6be6e42f@group-60A91F3702E7, cid=36, SUCCESS, logIndex=6, commits[fcda3341-7621-4c44-89cf-bedd6be6e42f:c11, 25deb60a-f789-4a4e-b6ba-3ca345ca0b36:c7, 2a4def33-c6bb-4d23-acc8-c73d8180b8aa:c7]
2019-07-14 16:23:51,319 INFO  client.GrpcClientProtocolClient (GrpcClientProtocolClient.java:onNext(255)) - client-606FE618CD28->fcda3341-7621-4c44-89cf-bedd6be6e42f: receive RaftClientReply:client-606FE618CD28->fcda3341-7621-4c44-89cf-bedd6be6e42f@group-60A91F3702E7, cid=37, SUCCESS, logIndex=7, commits[fcda3341-7621-4c44-89cf-bedd6be6e42f:c11, 25deb60a-f789-4a4e-b6ba-3ca345ca0b36:c7, 2a4def33-c6bb-4d23-acc8-c73d8180b8aa:c7]
2019-07-14 16:23:51,359 INFO  client.GrpcClientProtocolClient (GrpcClientProtocolClient.java:onNext(255)) - client-606FE618CD28->fcda3341-7621-4c44-89cf-bedd6be6e42f: receive RaftClientReply:client-606FE618CD28->fcda3341-7621-4c44-89cf-bedd6be6e42f@group-60A91F3702E7, cid=38, SUCCESS, logIndex=12, commits[fcda3341-7621-4c44-89cf-bedd6be6e42f:c13, 25deb60a-f789-4a4e-b6ba-3ca345ca0b36:c11, 2a4def33-c6bb-4d23-acc8-c73d8180b8aa:c11]
2019-07-14 16:23:51,360 INFO  client.GrpcClientProtocolClient (GrpcClientProtocolClient.java:onNext(255)) - client-606FE618CD28->fcda3341-7621-4c44-89cf-bedd6be6e42f: receive RaftClientReply:client-606FE618CD28->fcda3341-7621-4c44-89cf-bedd6be6e42f@group-60A91F3702E7, cid=39, SUCCESS, logIndex=13, commits[fcda3341-7621-4c44-89cf-bedd6be6e42f:c13, 25deb60a-f789-4a4e-b6ba-3ca345ca0b36:c11, 2a4def33-c6bb-4d23-acc8-c73d8180b8aa:c11]
2019-07-14 16:23:51,382 INFO  client.GrpcClientProtocolClient (GrpcClientProtocolClient.java:onNext(255)) - client-606FE618CD28->fcda3341-7621-4c44-89cf-bedd6be6e42f: receive RaftClientReply:client-606FE618CD28->fcda3341-7621-4c44-89cf-bedd6be6e42f@group-60A91F3702E7, cid=40, SUCCESS, logIndex=0, commits[fcda3341-7621-4c44-89cf-bedd6be6e42f:c14, 25deb60a-f789-4a4e-b6ba-3ca345ca0b36:c13, 2a4def33-c6bb-4d23-acc8-c73d8180b8aa:c13]
2019-07-14 16:23:51,446 INFO  pipeline.Pipeline (Pipeline.java:getProtobufMessage(195)) - Serialize pipeline PipelineID=ad413c79-f09f-4ae4-bc3e-60a91f3702e7 with nodesInOrder{ }
2019-07-14 16:23:51,447 INFO  pipeline.Pipeline (Pipeline.java:build(342)) - Deserialize nodesInOrder [25deb60a-f789-4a4e-b6ba-3ca345ca0b36{ip: 192.168.69.77, host: pr-hdds-1710-5x6jb-1204890111, networkLocation: /default-rack, certSerialId: null}, 25deb60a-f789-4a4e-b6ba-3ca345ca0b36{ip: 192.168.69.77, host: pr-hdds-1710-5x6jb-1204890111, networkLocation: /default-rack, certSerialId: null}, 25deb60a-f789-4a4e-b6ba-3ca345ca0b36{ip: 192.168.69.77, host: pr-hdds-1710-5x6jb-1204890111, networkLocation: /default-rack, certSerialId: null}] in pipeline PipelineID=ad413c79-f09f-4ae4-bc3e-60a91f3702e7
2019-07-14 16:23:51,454 INFO  ozone.MiniOzoneClusterImpl (MiniOzoneClusterImpl.java:shutdown(321)) - Shutting down the Mini Ozone Cluster
2019-07-14 16:23:51,454 INFO  ozone.MiniOzoneClusterImpl (MiniOzoneClusterImpl.java:stop(336)) - Stopping the Mini Ozone Cluster
2019-07-14 16:23:51,454 INFO  ozone.MiniOzoneClusterImpl (MiniOzoneClusterImpl.java:stop(338)) - Stopping the OzoneManager
2019-07-14 16:23:51,455 INFO  ipc.Server (Server.java:stop(3082)) - Stopping server on 44438
2019-07-14 16:23:51,455 INFO  utils.BackgroundService (BackgroundService.java:shutdown(148)) - Shutting down service KeyDeletingService
2019-07-14 16:23:51,455 INFO  ipc.Server (Server.java:run(1185)) - Stopping IPC Server listener on 44438
2019-07-14 16:23:51,456 INFO  ipc.Server (Server.java:run(1319)) - Stopping IPC Server Responder
2019-07-14 16:23:51,471 INFO  handler.ContextHandler (ContextHandler.java:doStop(910)) - Stopped o.e.j.w.WebAppContext@4b1abd11{/,null,UNAVAILABLE}{/ozoneManager}
2019-07-14 16:23:51,472 INFO  server.AbstractConnector (AbstractConnector.java:doStop(318)) - Stopped ServerConnector@3f36b447{HTTP/1.1,[http/1.1]}{0.0.0.0:0}
2019-07-14 16:23:51,473 INFO  handler.ContextHandler (ContextHandler.java:doStop(910)) - Stopped o.e.j.s.ServletContextHandler@60921b21{/static,file:///workdir/hadoop-ozone/integration-test/target/test-classes/webapps/static,UNAVAILABLE}
2019-07-14 16:23:51,473 INFO  handler.ContextHandler (ContextHandler.java:doStop(910)) - Stopped o.e.j.s.ServletContextHandler@7c974942{/logs,file:///workdir/hadoop-ozone/integration-test/target/log,UNAVAILABLE}
2019-07-14 16:23:51,488 INFO  ozone.MiniOzoneClusterImpl (MiniOzoneClusterImpl.java:stop(344)) - Shutting the HddsDatanodes
2019-07-14 16:23:51,489 INFO  datanode.ObjectStoreHandler (ObjectStoreHandler.java:close(155)) - Closing ObjectStoreHandler.
2019-07-14 16:23:51,489 INFO  datanode.ObjectStoreHandler (ObjectStoreHandler.java:close(155)) - Closing ObjectStoreHandler.
2019-07-14 16:23:51,492 INFO  ozone.HddsDatanodeService (HddsDatanodeService.java:stop(452)) - Stopped plug-in org.apache.hadoop.ozone.web.OzoneHddsDatanodeService@115c946b
2019-07-14 16:23:51,492 INFO  ozone.HddsDatanodeService (HddsDatanodeService.java:stop(452)) - Stopped plug-in org.apache.hadoop.ozone.web.OzoneHddsDatanodeService@79b18230
2019-07-14 16:23:52,109 INFO  statemachine.DatanodeStateMachine (DatanodeStateMachine.java:lambda$startDaemon$0(350)) - Ozone container server started.
2019-07-14 16:23:52,260 INFO  statemachine.DatanodeStateMachine (DatanodeStateMachine.java:lambda$startDaemon$0(350)) - Ozone container server started.
2019-07-14 16:23:54,631 WARN  pipeline.RatisPipelineUtils (RatisPipelineUtils.java:destroyPipeline(66)) - Pipeline destroy failed for pipeline=PipelineID=1e98575f-7b47-4259-b464-e6d7d00590bf dn=259243b9-6039-42e3-b80f-634026e5286a{ip: 192.168.69.77, host: pr-hdds-1710-5x6jb-1204890111, networkLocation: /default-rack, certSerialId: null}
2019-07-14 16:23:54,634 WARN  pipeline.RatisPipelineUtils (RatisPipelineUtils.java:destroyPipeline(66)) - Pipeline destroy failed for pipeline=PipelineID=1e98575f-7b47-4259-b464-e6d7d00590bf dn=60c56bdf-da6a-42ae-8761-33eb5f16d091{ip: 192.168.69.77, host: pr-hdds-1710-5x6jb-1204890111, networkLocation: /default-rack, certSerialId: null}
2019-07-14 16:23:54,643 INFO  impl.RaftServerProxy (RaftServerProxy.java:remove(95)) - e24d1a06-db8f-4c4a-ba2f-121659705693: remove group-E6D7D00590BF:null
2019-07-14 16:23:54,654 WARN  pipeline.RatisPipelineUtils (RatisPipelineUtils.java:destroyPipeline(66)) - Pipeline destroy failed for pipeline=PipelineID=1e98575f-7b47-4259-b464-e6d7d00590bf dn=e24d1a06-db8f-4c4a-ba2f-121659705693{ip: 192.168.69.77, host: pr-hdds-1710-5x6jb-1204890111, networkLocation: /default-rack, certSerialId: null}
2019-07-14 16:23:54,655 ERROR pipeline.SCMPipelineManager (Scheduler.java:lambda$schedule$1(70)) - Destroy pipeline failed for pipeline:Pipeline[ Id: 1e98575f-7b47-4259-b464-e6d7d00590bf, Nodes: 259243b9-6039-42e3-b80f-634026e5286a{ip: 192.168.69.77, host: pr-hdds-1710-5x6jb-1204890111, networkLocation: /default-rack, certSerialId: null}60c56bdf-da6a-42ae-8761-33eb5f16d091{ip: 192.168.69.77, host: pr-hdds-1710-5x6jb-1204890111, networkLocation: /default-rack, certSerialId: null}e24d1a06-db8f-4c4a-ba2f-121659705693{ip: 192.168.69.77, host: pr-hdds-1710-5x6jb-1204890111, networkLocation: /default-rack, certSerialId: null}, Type:RATIS, Factor:THREE, State:CLOSED]
org.apache.hadoop.hdds.scm.pipeline.PipelineNotFoundException: PipelineID=1e98575f-7b47-4259-b464-e6d7d00590bf not found
	at org.apache.hadoop.hdds.scm.pipeline.PipelineStateMap.getPipeline(PipelineStateMap.java:132)
	at org.apache.hadoop.hdds.scm.pipeline.PipelineStateMap.removePipeline(PipelineStateMap.java:322)
	at org.apache.hadoop.hdds.scm.pipeline.PipelineStateManager.removePipeline(PipelineStateManager.java:107)
	at org.apache.hadoop.hdds.scm.pipeline.SCMPipelineManager.removePipeline(SCMPipelineManager.java:397)
	at org.apache.hadoop.hdds.scm.pipeline.SCMPipelineManager.destroyPipeline(SCMPipelineManager.java:383)
	at org.apache.hadoop.hdds.scm.pipeline.SCMPipelineManager.lambda$finalizeAndDestroyPipeline$0(SCMPipelineManager.java:316)
	at org.apache.hadoop.utils.Scheduler.lambda$schedule$1(Scheduler.java:68)
	at java.util.concurrent.Executors$RunnableAdapter.call(Executors.java:511)
	at java.util.concurrent.FutureTask.run(FutureTask.java:266)
	at java.util.concurrent.ScheduledThreadPoolExecutor$ScheduledFutureTask.access$201(ScheduledThreadPoolExecutor.java:180)
	at java.util.concurrent.ScheduledThreadPoolExecutor$ScheduledFutureTask.run(ScheduledThreadPoolExecutor.java:293)
	at java.util.concurrent.ThreadPoolExecutor.runWorker(ThreadPoolExecutor.java:1149)
	at java.util.concurrent.ThreadPoolExecutor$Worker.run(ThreadPoolExecutor.java:624)
	at java.lang.Thread.run(Thread.java:748)
2019-07-14 16:23:54,659 WARN  pipeline.RatisPipelineUtils (RatisPipelineUtils.java:destroyPipeline(66)) - Pipeline destroy failed for pipeline=PipelineID=e4d09d75-7a1d-45bf-b07a-e957a610110e dn=60c56bdf-da6a-42ae-8761-33eb5f16d091{ip: 192.168.69.77, host: pr-hdds-1710-5x6jb-1204890111, networkLocation: /default-rack, certSerialId: null}
2019-07-14 16:23:54,659 INFO  pipeline.PipelineStateManager (PipelineStateManager.java:removePipeline(108)) - Pipeline Pipeline[ Id: e4d09d75-7a1d-45bf-b07a-e957a610110e, Nodes: 60c56bdf-da6a-42ae-8761-33eb5f16d091{ip: 192.168.69.77, host: pr-hdds-1710-5x6jb-1204890111, networkLocation: /default-rack, certSerialId: null}, Type:RATIS, Factor:ONE, State:CLOSED] removed from db
2019-07-14 16:23:56,157 INFO  node.StaleNodeHandler (StaleNodeHandler.java:onMessage(58)) - Datanode fcda3341-7621-4c44-89cf-bedd6be6e42f{ip: 192.168.69.77, host: pr-hdds-1710-5x6jb-1204890111, networkLocation: /default-rack, certSerialId: null} moved to stale state. Finalizing its pipelines [PipelineID=797e5078-d423-4817-baa5-25d5743d9e8d, PipelineID=ad413c79-f09f-4ae4-bc3e-60a91f3702e7]
2019-07-14 16:23:56,157 INFO  pipeline.SCMPipelineManager (SCMPipelineManager.java:finalizeAndDestroyPipeline(309)) - destroying pipeline:Pipeline[ Id: 797e5078-d423-4817-baa5-25d5743d9e8d, Nodes: fcda3341-7621-4c44-89cf-bedd6be6e42f{ip: 192.168.69.77, host: pr-hdds-1710-5x6jb-1204890111, networkLocation: /default-rack, certSerialId: null}, Type:RATIS, Factor:ONE, State:OPEN]
2019-07-14 16:23:56,158 INFO  pipeline.PipelineStateManager (PipelineStateManager.java:finalizePipeline(123)) - Pipeline Pipeline[ Id: 797e5078-d423-4817-baa5-25d5743d9e8d, Nodes: fcda3341-7621-4c44-89cf-bedd6be6e42f{ip: 192.168.69.77, host: pr-hdds-1710-5x6jb-1204890111, networkLocation: /default-rack, certSerialId: null}, Type:RATIS, Factor:ONE, State:CLOSED] moved to CLOSED state
2019-07-14 16:23:56,158 INFO  pipeline.SCMPipelineManager (SCMPipelineManager.java:finalizeAndDestroyPipeline(309)) - destroying pipeline:Pipeline[ Id: ad413c79-f09f-4ae4-bc3e-60a91f3702e7, Nodes: fcda3341-7621-4c44-89cf-bedd6be6e42f{ip: 192.168.69.77, host: pr-hdds-1710-5x6jb-1204890111, networkLocation: /default-rack, certSerialId: null}25deb60a-f789-4a4e-b6ba-3ca345ca0b36{ip: 192.168.69.77, host: pr-hdds-1710-5x6jb-1204890111, networkLocation: /default-rack, certSerialId: null}2a4def33-c6bb-4d23-acc8-c73d8180b8aa{ip: 192.168.69.77, host: pr-hdds-1710-5x6jb-1204890111, networkLocation: /default-rack, certSerialId: null}, Type:RATIS, Factor:THREE, State:OPEN]
2019-07-14 16:23:56,158 INFO  pipeline.PipelineStateManager (PipelineStateManager.java:finalizePipeline(123)) - Pipeline Pipeline[ Id: ad413c79-f09f-4ae4-bc3e-60a91f3702e7, Nodes: fcda3341-7621-4c44-89cf-bedd6be6e42f{ip: 192.168.69.77, host: pr-hdds-1710-5x6jb-1204890111, networkLocation: /default-rack, certSerialId: null}25deb60a-f789-4a4e-b6ba-3ca345ca0b36{ip: 192.168.69.77, host: pr-hdds-1710-5x6jb-1204890111, networkLocation: /default-rack, certSerialId: null}2a4def33-c6bb-4d23-acc8-c73d8180b8aa{ip: 192.168.69.77, host: pr-hdds-1710-5x6jb-1204890111, networkLocation: /default-rack, certSerialId: null}, Type:RATIS, Factor:THREE, State:CLOSED] moved to CLOSED state
2019-07-14 16:23:56,159 INFO  container.CloseContainerEventHandler (CloseContainerEventHandler.java:onMessage(61)) - Close container Event triggered for container : #2
2019-07-14 16:23:56,357 INFO  node.StaleNodeHandler (StaleNodeHandler.java:onMessage(58)) - Datanode b4084cd0-dfd3-47cc-abd3-b6d7189ed627{ip: 192.168.69.77, host: pr-hdds-1710-5x6jb-1204890111, networkLocation: /default-rack, certSerialId: null} moved to stale state. Finalizing its pipelines [PipelineID=755142d2-9b76-42c1-ba87-a4db80b943a1]
2019-07-14 16:23:56,357 INFO  pipeline.SCMPipelineManager (SCMPipelineManager.java:finalizeAndDestroyPipeline(309)) - destroying pipeline:Pipeline[ Id: 755142d2-9b76-42c1-ba87-a4db80b943a1, Nodes: b4084cd0-dfd3-47cc-abd3-b6d7189ed627{ip: 192.168.69.77, host: pr-hdds-1710-5x6jb-1204890111, networkLocation: /default-rack, certSerialId: null}, Type:RATIS, Factor:ONE, State:OPEN]
2019-07-14 16:23:56,358 INFO  pipeline.PipelineStateManager (PipelineStateManager.java:finalizePipeline(123)) - Pipeline Pipeline[ Id: 755142d2-9b76-42c1-ba87-a4db80b943a1, Nodes: b4084cd0-dfd3-47cc-abd3-b6d7189ed627{ip: 192.168.69.77, host: pr-hdds-1710-5x6jb-1204890111, networkLocation: /default-rack, certSerialId: null}, Type:RATIS, Factor:ONE, State:CLOSED] moved to CLOSED state
2019-07-14 16:23:56,493 INFO  ozoneimpl.OzoneContainer (OzoneContainer.java:stop(199)) - Attempting to stop container services.
2019-07-14 16:23:56,493 INFO  ozoneimpl.OzoneContainer (OzoneContainer.java:stop(199)) - Attempting to stop container services.
2019-07-14 16:23:56,494 INFO  impl.RaftServerProxy (RaftServerProxy.java:lambda$close$4(314)) - b4084cd0-dfd3-47cc-abd3-b6d7189ed627: close
2019-07-14 16:23:56,494 INFO  impl.RaftServerProxy (RaftServerProxy.java:lambda$close$4(314)) - fcda3341-7621-4c44-89cf-bedd6be6e42f: close
2019-07-14 16:23:56,494 INFO  impl.RaftServerImpl (RaftServerImpl.java:lambda$shutdown$3(245)) - b4084cd0-dfd3-47cc-abd3-b6d7189ed627: shutdown group-A4DB80B943A1
2019-07-14 16:23:56,495 INFO  impl.RaftServerImpl (RaftServerImpl.java:lambda$shutdown$3(245)) - fcda3341-7621-4c44-89cf-bedd6be6e42f: shutdown group-25D5743D9E8D
2019-07-14 16:23:56,495 INFO  util.JmxRegister (JmxRegister.java:unregister(73)) - Successfully un-registered JMX Bean with object name Ratis:service=RaftServer,group=group-A4DB80B943A1,id=b4084cd0-dfd3-47cc-abd3-b6d7189ed627
2019-07-14 16:23:56,496 INFO  impl.RoleInfo (RoleInfo.java:shutdownLeaderState(104)) - b4084cd0-dfd3-47cc-abd3-b6d7189ed627: shutdown LeaderState
2019-07-14 16:23:56,495 INFO  util.JmxRegister (JmxRegister.java:unregister(73)) - Successfully un-registered JMX Bean with object name Ratis:service=RaftServer,group=group-25D5743D9E8D,id=fcda3341-7621-4c44-89cf-bedd6be6e42f
2019-07-14 16:23:56,496 INFO  impl.PendingRequests (PendingRequests.java:sendNotLeaderResponses(202)) - b4084cd0-dfd3-47cc-abd3-b6d7189ed627-PendingRequests: sendNotLeaderResponses
2019-07-14 16:23:56,497 INFO  impl.RoleInfo (RoleInfo.java:shutdownLeaderState(104)) - fcda3341-7621-4c44-89cf-bedd6be6e42f: shutdown LeaderState
2019-07-14 16:23:56,497 INFO  impl.StateMachineUpdater (StateMachineUpdater.java:stopAndJoin(115)) - StateMachineUpdater:b4084cd0-dfd3-47cc-abd3-b6d7189ed627:group-A4DB80B943A1: set stopIndex = 0
2019-07-14 16:23:56,501 INFO  ratis.ContainerStateMachine (ContainerStateMachine.java:takeSnapshot(246)) - Taking snapshot at termIndex:(t:0, i:~)
2019-07-14 16:23:56,497 INFO  impl.PendingRequests (PendingRequests.java:sendNotLeaderResponses(202)) - fcda3341-7621-4c44-89cf-bedd6be6e42f-PendingRequests: sendNotLeaderResponses
2019-07-14 16:23:56,502 INFO  impl.RaftServerImpl (ServerState.java:close(394)) - b4084cd0-dfd3-47cc-abd3-b6d7189ed627:group-A4DB80B943A1 closes. The last applied log index is 0
2019-07-14 16:23:56,502 INFO  impl.StateMachineUpdater (StateMachineUpdater.java:stopAndJoin(115)) - StateMachineUpdater:fcda3341-7621-4c44-89cf-bedd6be6e42f:group-25D5743D9E8D: set stopIndex = 0
2019-07-14 16:23:56,503 INFO  segmented.SegmentedRaftLogWorker (SegmentedRaftLogWorker.java:run(313)) - b4084cd0-dfd3-47cc-abd3-b6d7189ed627-SegmentedRaftLogWorker:Storage Directory /workdir/hadoop-ozone/integration-test/target/test-dir/MiniOzoneClusterImpl-2edbef45-7b9e-4a7f-a65a-0656f9579177/datanode-4/data/ratis/755142d2-9b76-42c1-ba87-a4db80b943a1 was interrupted, exiting. There are 0 tasks remaining in the queue.
2019-07-14 16:23:56,503 INFO  ratis.ContainerStateMachine (ContainerStateMachine.java:takeSnapshot(246)) - Taking snapshot at termIndex:(t:0, i:~)
2019-07-14 16:23:56,505 INFO  segmented.SegmentedRaftLogWorker (SegmentedRaftLogWorker.java:close(228)) - b4084cd0-dfd3-47cc-abd3-b6d7189ed627-SegmentedRaftLogWorker:Storage Directory /workdir/hadoop-ozone/integration-test/target/test-dir/MiniOzoneClusterImpl-2edbef45-7b9e-4a7f-a65a-0656f9579177/datanode-4/data/ratis/755142d2-9b76-42c1-ba87-a4db80b943a1 close()
2019-07-14 16:23:56,505 INFO  impl.RaftServerImpl (ServerState.java:close(394)) - fcda3341-7621-4c44-89cf-bedd6be6e42f:group-25D5743D9E8D closes. The last applied log index is 0
2019-07-14 16:23:56,510 INFO  server.GrpcService (GrpcService.java:closeImpl(155)) - b4084cd0-dfd3-47cc-abd3-b6d7189ed627: shutdown server with port 38433 now
2019-07-14 16:23:56,511 INFO  segmented.SegmentedRaftLogWorker (SegmentedRaftLogWorker.java:run(313)) - fcda3341-7621-4c44-89cf-bedd6be6e42f-SegmentedRaftLogWorker:Storage Directory /workdir/hadoop-ozone/integration-test/target/test-dir/MiniOzoneClusterImpl-2edbef45-7b9e-4a7f-a65a-0656f9579177/datanode-0/data/ratis/797e5078-d423-4817-baa5-25d5743d9e8d was interrupted, exiting. There are 0 tasks remaining in the queue.
2019-07-14 16:23:56,515 INFO  server.GrpcService (GrpcService.java:closeImpl(163)) - b4084cd0-dfd3-47cc-abd3-b6d7189ed627: shutdown server with port 38433 successfully
2019-07-14 16:23:56,518 INFO  segmented.SegmentedRaftLogWorker (SegmentedRaftLogWorker.java:close(228)) - fcda3341-7621-4c44-89cf-bedd6be6e42f-SegmentedRaftLogWorker:Storage Directory /workdir/hadoop-ozone/integration-test/target/test-dir/MiniOzoneClusterImpl-2edbef45-7b9e-4a7f-a65a-0656f9579177/datanode-0/data/ratis/797e5078-d423-4817-baa5-25d5743d9e8d close()
2019-07-14 16:23:56,523 INFO  impl.RaftServerImpl (RaftServerImpl.java:lambda$shutdown$3(245)) - fcda3341-7621-4c44-89cf-bedd6be6e42f: shutdown group-60A91F3702E7
2019-07-14 16:23:56,523 INFO  util.JmxRegister (JmxRegister.java:unregister(73)) - Successfully un-registered JMX Bean with object name Ratis:service=RaftServer,group=group-60A91F3702E7,id=fcda3341-7621-4c44-89cf-bedd6be6e42f
2019-07-14 16:23:56,523 INFO  impl.RoleInfo (RoleInfo.java:shutdownLeaderState(104)) - fcda3341-7621-4c44-89cf-bedd6be6e42f: shutdown LeaderState
2019-07-14 16:23:56,529 INFO  impl.PendingRequests (PendingRequests.java:sendNotLeaderResponses(202)) - fcda3341-7621-4c44-89cf-bedd6be6e42f-PendingRequests: sendNotLeaderResponses
2019-07-14 16:23:56,529 WARN  server.GrpcLogAppender (GrpcLogAppender.java:mayWait(143)) - GrpcLogAppender(fcda3341-7621-4c44-89cf-bedd6be6e42f->2a4def33-c6bb-4d23-acc8-c73d8180b8aa): Wait interrupted by java.lang.InterruptedException
2019-07-14 16:23:56,529 WARN  server.GrpcLogAppender (GrpcLogAppender.java:mayWait(143)) - GrpcLogAppender(fcda3341-7621-4c44-89cf-bedd6be6e42f->25deb60a-f789-4a4e-b6ba-3ca345ca0b36): Wait interrupted by java.lang.InterruptedException
2019-07-14 16:23:56,534 INFO  ratis.ContainerStateMachine (ContainerStateMachine.java:takeSnapshot(246)) - Taking snapshot at termIndex:(t:3, i:13)
2019-07-14 16:23:56,534 INFO  impl.StateMachineUpdater (StateMachineUpdater.java:stopAndJoin(115)) - StateMachineUpdater:fcda3341-7621-4c44-89cf-bedd6be6e42f:group-60A91F3702E7: set stopIndex = 15
2019-07-14 16:23:56,534 INFO  server.GrpcServerProtocolService (GrpcServerProtocolService.java:onCompleted(104)) - 25deb60a-f789-4a4e-b6ba-3ca345ca0b36: appendEntries completed
2019-07-14 16:23:56,534 INFO  ratis.ContainerStateMachine (ContainerStateMachine.java:takeSnapshot(250)) - Taking a snapshot to file /workdir/hadoop-ozone/integration-test/target/test-dir/MiniOzoneClusterImpl-2edbef45-7b9e-4a7f-a65a-0656f9579177/datanode-0/data/ratis/ad413c79-f09f-4ae4-bc3e-60a91f3702e7/sm/snapshot.3_13
2019-07-14 16:23:56,535 INFO  server.GrpcServerProtocolService (GrpcServerProtocolService.java:onCompleted(104)) - 2a4def33-c6bb-4d23-acc8-c73d8180b8aa: appendEntries completed
2019-07-14 16:23:56,539 INFO  impl.StateMachineUpdater (StateMachineUpdater.java:takeSnapshot(242)) - StateMachineUpdater:fcda3341-7621-4c44-89cf-bedd6be6e42f:group-60A91F3702E7: Took a snapshot at index 13
2019-07-14 16:23:56,540 INFO  server.GrpcLogAppender (GrpcLogAppender.java:onCompleted(292)) - fcda3341-7621-4c44-89cf-bedd6be6e42f->25deb60a-f789-4a4e-b6ba-3ca345ca0b36: follower responses appendEntries COMPLETED
2019-07-14 16:23:56,540 INFO  impl.StateMachineUpdater (StateMachineUpdater.java:lambda$new$0(80)) - StateMachineUpdater:fcda3341-7621-4c44-89cf-bedd6be6e42f:group-60A91F3702E7: snapshotIndex: updateIncreasingly -1 -> 13
2019-07-14 16:23:56,540 INFO  impl.FollowerInfo (FollowerInfo.java:lambda$new$0(50)) - fcda3341-7621-4c44-89cf-bedd6be6e42f->25deb60a-f789-4a4e-b6ba-3ca345ca0b36: nextIndex: updateUnconditionally 16 -> 15
2019-07-14 16:23:56,540 INFO  server.GrpcLogAppender (GrpcLogAppender.java:onCompleted(292)) - fcda3341-7621-4c44-89cf-bedd6be6e42f->2a4def33-c6bb-4d23-acc8-c73d8180b8aa: follower responses appendEntries COMPLETED
2019-07-14 16:23:56,540 INFO  impl.RaftServerImpl (ServerState.java:close(394)) - fcda3341-7621-4c44-89cf-bedd6be6e42f:group-60A91F3702E7 closes. The last applied log index is 15
2019-07-14 16:23:56,541 INFO  utils.BackgroundService (BackgroundService.java:shutdown(148)) - Shutting down service BlockDeletingService
2019-07-14 16:23:56,541 INFO  impl.FollowerInfo (FollowerInfo.java:lambda$new$0(50)) - fcda3341-7621-4c44-89cf-bedd6be6e42f->2a4def33-c6bb-4d23-acc8-c73d8180b8aa: nextIndex: updateUnconditionally 16 -> 15
2019-07-14 16:23:56,541 INFO  segmented.SegmentedRaftLogWorker (SegmentedRaftLogWorker.java:run(313)) - fcda3341-7621-4c44-89cf-bedd6be6e42f-SegmentedRaftLogWorker:Storage Directory /workdir/hadoop-ozone/integration-test/target/test-dir/MiniOzoneClusterImpl-2edbef45-7b9e-4a7f-a65a-0656f9579177/datanode-0/data/ratis/ad413c79-f09f-4ae4-bc3e-60a91f3702e7 was interrupted, exiting. There are 0 tasks remaining in the queue.
2019-07-14 16:23:56,546 INFO  segmented.SegmentedRaftLogWorker (SegmentedRaftLogWorker.java:close(228)) - fcda3341-7621-4c44-89cf-bedd6be6e42f-SegmentedRaftLogWorker:Storage Directory /workdir/hadoop-ozone/integration-test/target/test-dir/MiniOzoneClusterImpl-2edbef45-7b9e-4a7f-a65a-0656f9579177/datanode-0/data/ratis/ad413c79-f09f-4ae4-bc3e-60a91f3702e7 close()
2019-07-14 16:23:56,549 INFO  server.GrpcService (GrpcService.java:closeImpl(155)) - fcda3341-7621-4c44-89cf-bedd6be6e42f: shutdown server with port 37175 now
2019-07-14 16:23:56,551 INFO  server.GrpcService (GrpcService.java:closeImpl(163)) - fcda3341-7621-4c44-89cf-bedd6be6e42f: shutdown server with port 37175 successfully
2019-07-14 16:23:56,551 WARN  client.GrpcClientProtocolService (LogUtils.java:warn(134)) - 1-UnorderedRequestStreamObserver1: onError: org.apache.ratis.thirdparty.io.grpc.StatusRuntimeException: CANCELLED: cancelled before receiving half close
2019-07-14 16:23:56,556 WARN  fs.CachingGetSpaceUsed (CachingGetSpaceUsed.java:run(183)) - Thread Interrupted waiting to refresh disk information: sleep interrupted
2019-07-14 16:23:56,557 INFO  utils.BackgroundService (BackgroundService.java:shutdown(148)) - Shutting down service BlockDeletingService
2019-07-14 16:23:56,559 WARN  fs.CachingGetSpaceUsed (CachingGetSpaceUsed.java:run(183)) - Thread Interrupted waiting to refresh disk information: sleep interrupted
2019-07-14 16:23:56,579 INFO  statemachine.DatanodeStateMachine (DatanodeStateMachine.java:stopDaemon(395)) - Ozone container server stopped.
2019-07-14 16:23:56,587 INFO  handler.ContextHandler (ContextHandler.java:doStop(910)) - Stopped o.e.j.w.WebAppContext@2b8bb184{/,null,UNAVAILABLE}{/hddsDatanode}
2019-07-14 16:23:56,588 INFO  statemachine.DatanodeStateMachine (DatanodeStateMachine.java:stopDaemon(395)) - Ozone container server stopped.
2019-07-14 16:23:56,590 INFO  handler.ContextHandler (ContextHandler.java:doStop(910)) - Stopped o.e.j.w.WebAppContext@2801827a{/,null,UNAVAILABLE}{/hddsDatanode}
2019-07-14 16:23:56,590 INFO  server.AbstractConnector (AbstractConnector.java:doStop(318)) - Stopped ServerConnector@472a11ae{HTTP/1.1,[http/1.1]}{0.0.0.0:0}
2019-07-14 16:23:56,592 INFO  handler.ContextHandler (ContextHandler.java:doStop(910)) - Stopped o.e.j.s.ServletContextHandler@42ea287{/static,jar:file:/home/user/.m2/repository/org/apache/hadoop/hadoop-hdds-container-service/0.5.0-SNAPSHOT/hadoop-hdds-container-service-0.5.0-SNAPSHOT.jar!/webapps/static,UNAVAILABLE}
2019-07-14 16:23:56,592 INFO  server.AbstractConnector (AbstractConnector.java:doStop(318)) - Stopped ServerConnector@50bc3219{HTTP/1.1,[http/1.1]}{0.0.0.0:0}
2019-07-14 16:23:56,593 INFO  handler.ContextHandler (ContextHandler.java:doStop(910)) - Stopped o.e.j.s.ServletContextHandler@7903d448{/logs,file:///workdir/hadoop-ozone/integration-test/target/log,UNAVAILABLE}
2019-07-14 16:23:56,594 INFO  handler.ContextHandler (ContextHandler.java:doStop(910)) - Stopped o.e.j.s.ServletContextHandler@636985df{/static,jar:file:/home/user/.m2/repository/org/apache/hadoop/hadoop-hdds-container-service/0.5.0-SNAPSHOT/hadoop-hdds-container-service-0.5.0-SNAPSHOT.jar!/webapps/static,UNAVAILABLE}
2019-07-14 16:23:56,594 INFO  datanode.ObjectStoreHandler (ObjectStoreHandler.java:close(155)) - Closing ObjectStoreHandler.
2019-07-14 16:23:56,595 INFO  handler.ContextHandler (ContextHandler.java:doStop(910)) - Stopped o.e.j.s.ServletContextHandler@3fb450d7{/logs,file:///workdir/hadoop-ozone/integration-test/target/log,UNAVAILABLE}
2019-07-14 16:23:56,595 INFO  ozone.HddsDatanodeService (HddsDatanodeService.java:stop(452)) - Stopped plug-in org.apache.hadoop.ozone.web.OzoneHddsDatanodeService@66d3b881
2019-07-14 16:23:56,595 INFO  datanode.ObjectStoreHandler (ObjectStoreHandler.java:close(155)) - Closing ObjectStoreHandler.
2019-07-14 16:23:56,596 INFO  ozone.HddsDatanodeService (HddsDatanodeService.java:stop(452)) - Stopped plug-in org.apache.hadoop.ozone.web.OzoneHddsDatanodeService@27a9f025
2019-07-14 16:23:57,115 INFO  statemachine.DatanodeStateMachine (DatanodeStateMachine.java:lambda$startDaemon$0(350)) - Ozone container server started.
2019-07-14 16:23:57,593 INFO  statemachine.DatanodeStateMachine (DatanodeStateMachine.java:lambda$startDaemon$0(350)) - Ozone container server started.
2019-07-14 16:24:01,165 INFO  node.StaleNodeHandler (StaleNodeHandler.java:onMessage(58)) - Datanode 25deb60a-f789-4a4e-b6ba-3ca345ca0b36{ip: 192.168.69.77, host: pr-hdds-1710-5x6jb-1204890111, networkLocation: /default-rack, certSerialId: null} moved to stale state. Finalizing its pipelines [PipelineID=ad413c79-f09f-4ae4-bc3e-60a91f3702e7, PipelineID=c179ba0f-0457-4701-900c-e1e96d9e3354]
2019-07-14 16:24:01,165 INFO  pipeline.SCMPipelineManager (SCMPipelineManager.java:finalizeAndDestroyPipeline(309)) - destroying pipeline:Pipeline[ Id: ad413c79-f09f-4ae4-bc3e-60a91f3702e7, Nodes: fcda3341-7621-4c44-89cf-bedd6be6e42f{ip: 192.168.69.77, host: pr-hdds-1710-5x6jb-1204890111, networkLocation: /default-rack, certSerialId: null}25deb60a-f789-4a4e-b6ba-3ca345ca0b36{ip: 192.168.69.77, host: pr-hdds-1710-5x6jb-1204890111, networkLocation: /default-rack, certSerialId: null}2a4def33-c6bb-4d23-acc8-c73d8180b8aa{ip: 192.168.69.77, host: pr-hdds-1710-5x6jb-1204890111, networkLocation: /default-rack, certSerialId: null}, Type:RATIS, Factor:THREE, State:CLOSED]
2019-07-14 16:24:01,165 INFO  pipeline.SCMPipelineManager (SCMPipelineManager.java:finalizeAndDestroyPipeline(309)) - destroying pipeline:Pipeline[ Id: c179ba0f-0457-4701-900c-e1e96d9e3354, Nodes: 25deb60a-f789-4a4e-b6ba-3ca345ca0b36{ip: 192.168.69.77, host: pr-hdds-1710-5x6jb-1204890111, networkLocation: /default-rack, certSerialId: null}, Type:RATIS, Factor:ONE, State:OPEN]
2019-07-14 16:24:01,165 INFO  pipeline.PipelineStateManager (PipelineStateManager.java:finalizePipeline(123)) - Pipeline Pipeline[ Id: c179ba0f-0457-4701-900c-e1e96d9e3354, Nodes: 25deb60a-f789-4a4e-b6ba-3ca345ca0b36{ip: 192.168.69.77, host: pr-hdds-1710-5x6jb-1204890111, networkLocation: /default-rack, certSerialId: null}, Type:RATIS, Factor:ONE, State:CLOSED] moved to CLOSED state
2019-07-14 16:24:01,596 INFO  ozoneimpl.OzoneContainer (OzoneContainer.java:stop(199)) - Attempting to stop container services.
2019-07-14 16:24:01,596 INFO  impl.RaftServerProxy (RaftServerProxy.java:lambda$close$4(314)) - 25deb60a-f789-4a4e-b6ba-3ca345ca0b36: close
2019-07-14 16:24:01,597 INFO  impl.RaftServerImpl (RaftServerImpl.java:lambda$shutdown$3(245)) - 25deb60a-f789-4a4e-b6ba-3ca345ca0b36: shutdown group-60A91F3702E7
2019-07-14 16:24:01,597 INFO  ozoneimpl.OzoneContainer (OzoneContainer.java:stop(199)) - Attempting to stop container services.
2019-07-14 16:24:01,597 INFO  util.JmxRegister (JmxRegister.java:unregister(73)) - Successfully un-registered JMX Bean with object name Ratis:service=RaftServer,group=group-60A91F3702E7,id=25deb60a-f789-4a4e-b6ba-3ca345ca0b36
2019-07-14 16:24:01,598 INFO  impl.RaftServerProxy (RaftServerProxy.java:lambda$close$4(314)) - e24d1a06-db8f-4c4a-ba2f-121659705693: close
2019-07-14 16:24:01,598 INFO  impl.RoleInfo (RoleInfo.java:shutdownFollowerState(121)) - 25deb60a-f789-4a4e-b6ba-3ca345ca0b36: shutdown FollowerState
2019-07-14 16:24:01,598 INFO  impl.RaftServerImpl (RaftServerImpl.java:lambda$shutdown$3(245)) - e24d1a06-db8f-4c4a-ba2f-121659705693: shutdown group-B8EBEDE22DDB
2019-07-14 16:24:01,599 INFO  ratis.ContainerStateMachine (ContainerStateMachine.java:takeSnapshot(246)) - Taking snapshot at termIndex:(t:3, i:13)
2019-07-14 16:24:01,599 INFO  impl.FollowerState (FollowerState.java:run(114)) - 25deb60a-f789-4a4e-b6ba-3ca345ca0b36: FollowerState was interrupted: java.lang.InterruptedException: sleep interrupted
2019-07-14 16:24:01,599 INFO  impl.StateMachineUpdater (StateMachineUpdater.java:stopAndJoin(115)) - StateMachineUpdater:25deb60a-f789-4a4e-b6ba-3ca345ca0b36:group-60A91F3702E7: set stopIndex = 15
2019-07-14 16:24:01,599 INFO  ratis.ContainerStateMachine (ContainerStateMachine.java:takeSnapshot(250)) - Taking a snapshot to file /workdir/hadoop-ozone/integration-test/target/test-dir/MiniOzoneClusterImpl-2edbef45-7b9e-4a7f-a65a-0656f9579177/datanode-6/data/ratis/ad413c79-f09f-4ae4-bc3e-60a91f3702e7/sm/snapshot.3_13
2019-07-14 16:24:01,599 INFO  util.JmxRegister (JmxRegister.java:unregister(73)) - Successfully un-registered JMX Bean with object name Ratis:service=RaftServer,group=group-B8EBEDE22DDB,id=e24d1a06-db8f-4c4a-ba2f-121659705693
2019-07-14 16:24:01,601 INFO  impl.RoleInfo (RoleInfo.java:shutdownLeaderState(104)) - e24d1a06-db8f-4c4a-ba2f-121659705693: shutdown LeaderState
2019-07-14 16:24:01,601 INFO  impl.PendingRequests (PendingRequests.java:sendNotLeaderResponses(202)) - e24d1a06-db8f-4c4a-ba2f-121659705693-PendingRequests: sendNotLeaderResponses
2019-07-14 16:24:01,602 INFO  impl.StateMachineUpdater (StateMachineUpdater.java:stopAndJoin(115)) - StateMachineUpdater:e24d1a06-db8f-4c4a-ba2f-121659705693:group-B8EBEDE22DDB: set stopIndex = 0
2019-07-14 16:24:01,602 INFO  ratis.ContainerStateMachine (ContainerStateMachine.java:takeSnapshot(246)) - Taking snapshot at termIndex:(t:0, i:~)
2019-07-14 16:24:01,602 INFO  impl.RaftServerImpl (ServerState.java:close(394)) - e24d1a06-db8f-4c4a-ba2f-121659705693:group-B8EBEDE22DDB closes. The last applied log index is 0
2019-07-14 16:24:01,603 INFO  segmented.SegmentedRaftLogWorker (SegmentedRaftLogWorker.java:run(313)) - e24d1a06-db8f-4c4a-ba2f-121659705693-SegmentedRaftLogWorker:Storage Directory /workdir/hadoop-ozone/integration-test/target/test-dir/MiniOzoneClusterImpl-2edbef45-7b9e-4a7f-a65a-0656f9579177/datanode-3/data/ratis/0887dd97-0f93-42d1-912a-b8ebede22ddb was interrupted, exiting. There are 0 tasks remaining in the queue.
2019-07-14 16:24:01,607 INFO  segmented.SegmentedRaftLogWorker (SegmentedRaftLogWorker.java:close(228)) - e24d1a06-db8f-4c4a-ba2f-121659705693-SegmentedRaftLogWorker:Storage Directory /workdir/hadoop-ozone/integration-test/target/test-dir/MiniOzoneClusterImpl-2edbef45-7b9e-4a7f-a65a-0656f9579177/datanode-3/data/ratis/0887dd97-0f93-42d1-912a-b8ebede22ddb close()
2019-07-14 16:24:01,607 INFO  impl.StateMachineUpdater (StateMachineUpdater.java:takeSnapshot(242)) - StateMachineUpdater:25deb60a-f789-4a4e-b6ba-3ca345ca0b36:group-60A91F3702E7: Took a snapshot at index 13
2019-07-14 16:24:01,610 INFO  impl.StateMachineUpdater (StateMachineUpdater.java:lambda$new$0(80)) - StateMachineUpdater:25deb60a-f789-4a4e-b6ba-3ca345ca0b36:group-60A91F3702E7: snapshotIndex: updateIncreasingly -1 -> 13
2019-07-14 16:24:01,610 INFO  server.GrpcService (GrpcService.java:closeImpl(155)) - e24d1a06-db8f-4c4a-ba2f-121659705693: shutdown server with port 36269 now
2019-07-14 16:24:01,610 INFO  impl.RaftServerImpl (ServerState.java:close(394)) - 25deb60a-f789-4a4e-b6ba-3ca345ca0b36:group-60A91F3702E7 closes. The last applied log index is 15
2019-07-14 16:24:01,611 INFO  segmented.SegmentedRaftLogWorker (SegmentedRaftLogWorker.java:run(313)) - 25deb60a-f789-4a4e-b6ba-3ca345ca0b36-SegmentedRaftLogWorker:Storage Directory /workdir/hadoop-ozone/integration-test/target/test-dir/MiniOzoneClusterImpl-2edbef45-7b9e-4a7f-a65a-0656f9579177/datanode-6/data/ratis/ad413c79-f09f-4ae4-bc3e-60a91f3702e7 was interrupted, exiting. There are 0 tasks remaining in the queue.
2019-07-14 16:24:01,613 INFO  server.GrpcService (GrpcService.java:closeImpl(163)) - e24d1a06-db8f-4c4a-ba2f-121659705693: shutdown server with port 36269 successfully
2019-07-14 16:24:01,613 INFO  segmented.SegmentedRaftLogWorker (SegmentedRaftLogWorker.java:close(228)) - 25deb60a-f789-4a4e-b6ba-3ca345ca0b36-SegmentedRaftLogWorker:Storage Directory /workdir/hadoop-ozone/integration-test/target/test-dir/MiniOzoneClusterImpl-2edbef45-7b9e-4a7f-a65a-0656f9579177/datanode-6/data/ratis/ad413c79-f09f-4ae4-bc3e-60a91f3702e7 close()
2019-07-14 16:24:01,624 INFO  impl.RaftServerImpl (RaftServerImpl.java:lambda$shutdown$3(245)) - 25deb60a-f789-4a4e-b6ba-3ca345ca0b36: shutdown group-E1E96D9E3354
2019-07-14 16:24:01,624 INFO  util.JmxRegister (JmxRegister.java:unregister(73)) - Successfully un-registered JMX Bean with object name Ratis:service=RaftServer,group=group-E1E96D9E3354,id=25deb60a-f789-4a4e-b6ba-3ca345ca0b36
2019-07-14 16:24:01,625 INFO  impl.RoleInfo (RoleInfo.java:shutdownLeaderState(104)) - 25deb60a-f789-4a4e-b6ba-3ca345ca0b36: shutdown LeaderState
2019-07-14 16:24:01,625 INFO  impl.PendingRequests (PendingRequests.java:sendNotLeaderResponses(202)) - 25deb60a-f789-4a4e-b6ba-3ca345ca0b36-PendingRequests: sendNotLeaderResponses
2019-07-14 16:24:01,626 INFO  impl.StateMachineUpdater (StateMachineUpdater.java:stopAndJoin(115)) - StateMachineUpdater:25deb60a-f789-4a4e-b6ba-3ca345ca0b36:group-E1E96D9E3354: set stopIndex = 0
2019-07-14 16:24:01,626 INFO  ratis.ContainerStateMachine (ContainerStateMachine.java:takeSnapshot(246)) - Taking snapshot at termIndex:(t:0, i:~)
2019-07-14 16:24:01,626 INFO  impl.RaftServerImpl (ServerState.java:close(394)) - 25deb60a-f789-4a4e-b6ba-3ca345ca0b36:group-E1E96D9E3354 closes. The last applied log index is 0
2019-07-14 16:24:01,627 INFO  segmented.SegmentedRaftLogWorker (SegmentedRaftLogWorker.java:run(313)) - 25deb60a-f789-4a4e-b6ba-3ca345ca0b36-SegmentedRaftLogWorker:Storage Directory /workdir/hadoop-ozone/integration-test/target/test-dir/MiniOzoneClusterImpl-2edbef45-7b9e-4a7f-a65a-0656f9579177/datanode-6/data/ratis/c179ba0f-0457-4701-900c-e1e96d9e3354 was interrupted, exiting. There are 0 tasks remaining in the queue.
2019-07-14 16:24:01,627 INFO  segmented.SegmentedRaftLogWorker (SegmentedRaftLogWorker.java:close(228)) - 25deb60a-f789-4a4e-b6ba-3ca345ca0b36-SegmentedRaftLogWorker:Storage Directory /workdir/hadoop-ozone/integration-test/target/test-dir/MiniOzoneClusterImpl-2edbef45-7b9e-4a7f-a65a-0656f9579177/datanode-6/data/ratis/c179ba0f-0457-4701-900c-e1e96d9e3354 close()
2019-07-14 16:24:01,629 INFO  server.GrpcService (GrpcService.java:closeImpl(155)) - 25deb60a-f789-4a4e-b6ba-3ca345ca0b36: shutdown server with port 42953 now
2019-07-14 16:24:01,630 INFO  server.GrpcService (GrpcService.java:closeImpl(163)) - 25deb60a-f789-4a4e-b6ba-3ca345ca0b36: shutdown server with port 42953 successfully
2019-07-14 16:24:01,636 INFO  utils.BackgroundService (BackgroundService.java:shutdown(148)) - Shutting down service BlockDeletingService
2019-07-14 16:24:01,638 WARN  fs.CachingGetSpaceUsed (CachingGetSpaceUsed.java:run(183)) - Thread Interrupted waiting to refresh disk information: sleep interrupted
2019-07-14 16:24:01,645 INFO  utils.BackgroundService (BackgroundService.java:shutdown(148)) - Shutting down service BlockDeletingService
2019-07-14 16:24:01,647 WARN  fs.CachingGetSpaceUsed (CachingGetSpaceUsed.java:run(183)) - Thread Interrupted waiting to refresh disk information: sleep interrupted
2019-07-14 16:24:01,660 INFO  statemachine.DatanodeStateMachine (DatanodeStateMachine.java:stopDaemon(395)) - Ozone container server stopped.
2019-07-14 16:24:01,665 INFO  node.StaleNodeHandler (StaleNodeHandler.java:onMessage(58)) - Datanode e24d1a06-db8f-4c4a-ba2f-121659705693{ip: 192.168.69.77, host: pr-hdds-1710-5x6jb-1204890111, networkLocation: /default-rack, certSerialId: null} moved to stale state. Finalizing its pipelines [PipelineID=0887dd97-0f93-42d1-912a-b8ebede22ddb]
2019-07-14 16:24:01,666 INFO  pipeline.SCMPipelineManager (SCMPipelineManager.java:finalizeAndDestroyPipeline(309)) - destroying pipeline:Pipeline[ Id: 0887dd97-0f93-42d1-912a-b8ebede22ddb, Nodes: e24d1a06-db8f-4c4a-ba2f-121659705693{ip: 192.168.69.77, host: pr-hdds-1710-5x6jb-1204890111, networkLocation: /default-rack, certSerialId: null}, Type:RATIS, Factor:ONE, State:OPEN]
2019-07-14 16:24:01,666 INFO  pipeline.PipelineStateManager (PipelineStateManager.java:finalizePipeline(123)) - Pipeline Pipeline[ Id: 0887dd97-0f93-42d1-912a-b8ebede22ddb, Nodes: e24d1a06-db8f-4c4a-ba2f-121659705693{ip: 192.168.69.77, host: pr-hdds-1710-5x6jb-1204890111, networkLocation: /default-rack, certSerialId: null}, Type:RATIS, Factor:ONE, State:CLOSED] moved to CLOSED state
2019-07-14 16:24:01,675 INFO  statemachine.DatanodeStateMachine (DatanodeStateMachine.java:stopDaemon(395)) - Ozone container server stopped.
2019-07-14 16:24:01,676 INFO  handler.ContextHandler (ContextHandler.java:doStop(910)) - Stopped o.e.j.w.WebAppContext@8f2e3e6{/,null,UNAVAILABLE}{/hddsDatanode}
2019-07-14 16:24:01,677 INFO  handler.ContextHandler (ContextHandler.java:doStop(910)) - Stopped o.e.j.w.WebAppContext@7558c24b{/,null,UNAVAILABLE}{/hddsDatanode}
2019-07-14 16:24:01,677 INFO  server.AbstractConnector (AbstractConnector.java:doStop(318)) - Stopped ServerConnector@6f315b08{HTTP/1.1,[http/1.1]}{0.0.0.0:0}
2019-07-14 16:24:01,679 INFO  handler.ContextHandler (ContextHandler.java:doStop(910)) - Stopped o.e.j.s.ServletContextHandler@7a358613{/static,jar:file:/home/user/.m2/repository/org/apache/hadoop/hadoop-hdds-container-service/0.5.0-SNAPSHOT/hadoop-hdds-container-service-0.5.0-SNAPSHOT.jar!/webapps/static,UNAVAILABLE}
2019-07-14 16:24:01,679 INFO  server.AbstractConnector (AbstractConnector.java:doStop(318)) - Stopped ServerConnector@3a296107{HTTP/1.1,[http/1.1]}{0.0.0.0:0}
2019-07-14 16:24:01,681 INFO  handler.ContextHandler (ContextHandler.java:doStop(910)) - Stopped o.e.j.s.ServletContextHandler@4a1dda83{/logs,file:///workdir/hadoop-ozone/integration-test/target/log,UNAVAILABLE}
2019-07-14 16:24:01,681 INFO  handler.ContextHandler (ContextHandler.java:doStop(910)) - Stopped o.e.j.s.ServletContextHandler@6f85ee02{/static,jar:file:/home/user/.m2/repository/org/apache/hadoop/hadoop-hdds-container-service/0.5.0-SNAPSHOT/hadoop-hdds-container-service-0.5.0-SNAPSHOT.jar!/webapps/static,UNAVAILABLE}
2019-07-14 16:24:01,681 INFO  datanode.ObjectStoreHandler (ObjectStoreHandler.java:close(155)) - Closing ObjectStoreHandler.
2019-07-14 16:24:01,682 INFO  handler.ContextHandler (ContextHandler.java:doStop(910)) - Stopped o.e.j.s.ServletContextHandler@1653b84e{/logs,file:///workdir/hadoop-ozone/integration-test/target/log,UNAVAILABLE}
2019-07-14 16:24:01,682 INFO  ozone.HddsDatanodeService (HddsDatanodeService.java:stop(452)) - Stopped plug-in org.apache.hadoop.ozone.web.OzoneHddsDatanodeService@6bce4140
2019-07-14 16:24:02,117 INFO  statemachine.DatanodeStateMachine (DatanodeStateMachine.java:lambda$startDaemon$0(350)) - Ozone container server started.
2019-07-14 16:24:02,811 INFO  impl.FollowerState (FollowerState.java:run(106)) - 2a4def33-c6bb-4d23-acc8-c73d8180b8aa:group-60A91F3702E7 changes to CANDIDATE, lastRpcTime:6422, electionTimeout:5165ms
2019-07-14 16:24:02,811 INFO  impl.RoleInfo (RoleInfo.java:shutdownFollowerState(121)) - 2a4def33-c6bb-4d23-acc8-c73d8180b8aa: shutdown FollowerState
2019-07-14 16:24:02,811 INFO  impl.RaftServerImpl (RaftServerImpl.java:setRole(171)) - 2a4def33-c6bb-4d23-acc8-c73d8180b8aa:group-60A91F3702E7 changes role from FOLLOWER to CANDIDATE at term 3 for changeToCandidate
2019-07-14 16:24:02,812 INFO  impl.RoleInfo (RoleInfo.java:updateAndGet(143)) - 2a4def33-c6bb-4d23-acc8-c73d8180b8aa: start LeaderElection
2019-07-14 16:24:02,812 INFO  impl.RaftServerImpl (ServerState.java:setLeader(263)) - 2a4def33-c6bb-4d23-acc8-c73d8180b8aa:group-60A91F3702E7 change Leader from fcda3341-7621-4c44-89cf-bedd6be6e42f to null at term 3 for initElection
2019-07-14 16:24:02,828 INFO  impl.LeaderElection (LeaderElection.java:askForVotes(181)) - 2a4def33-c6bb-4d23-acc8-c73d8180b8aa:group-60A91F3702E7:LeaderElection24: begin an election at term 4 for 0: [fcda3341-7621-4c44-89cf-bedd6be6e42f:192.168.69.77:37175, 25deb60a-f789-4a4e-b6ba-3ca345ca0b36:192.168.69.77:42953, 2a4def33-c6bb-4d23-acc8-c73d8180b8aa:192.168.69.77:41637], old=null
2019-07-14 16:24:02,832 INFO  impl.LeaderElection (LogUtils.java:infoOrTrace(149)) - 2a4def33-c6bb-4d23-acc8-c73d8180b8aa:group-60A91F3702E7:LeaderElection24 got exception when requesting votes: {}
java.util.concurrent.ExecutionException: org.apache.ratis.thirdparty.io.grpc.StatusRuntimeException: UNAVAILABLE: io exception
	at java.util.concurrent.FutureTask.report(FutureTask.java:122)
	at java.util.concurrent.FutureTask.get(FutureTask.java:192)
	at org.apache.ratis.server.impl.LeaderElection.waitForResults(LeaderElection.java:262)
	at org.apache.ratis.server.impl.LeaderElection.askForVotes(LeaderElection.java:200)
	at org.apache.ratis.server.impl.LeaderElection.run(LeaderElection.java:130)
	at java.lang.Thread.run(Thread.java:748)
Caused by: org.apache.ratis.thirdparty.io.grpc.StatusRuntimeException: UNAVAILABLE: io exception
	at org.apache.ratis.thirdparty.io.grpc.stub.ClientCalls.toStatusRuntimeException(ClientCalls.java:233)
	at org.apache.ratis.thirdparty.io.grpc.stub.ClientCalls.getUnchecked(ClientCalls.java:214)
	at org.apache.ratis.thirdparty.io.grpc.stub.ClientCalls.blockingUnaryCall(ClientCalls.java:139)
	at org.apache.ratis.proto.grpc.RaftServerProtocolServiceGrpc$RaftServerProtocolServiceBlockingStub.requestVote(RaftServerProtocolServiceGrpc.java:265)
	at org.apache.ratis.grpc.server.GrpcServerProtocolClient.requestVote(GrpcServerProtocolClient.java:83)
	at org.apache.ratis.grpc.server.GrpcService.requestVote(GrpcService.java:195)
	at org.apache.ratis.server.impl.LeaderElection.lambda$submitRequests$1(LeaderElection.java:237)
	at java.util.concurrent.FutureTask.run(FutureTask.java:266)
	at java.util.concurrent.Executors$RunnableAdapter.call(Executors.java:511)
	at java.util.concurrent.FutureTask.run(FutureTask.java:266)
	at java.util.concurrent.ThreadPoolExecutor.runWorker(ThreadPoolExecutor.java:1149)
	at java.util.concurrent.ThreadPoolExecutor$Worker.run(ThreadPoolExecutor.java:624)
	... 1 more
Caused by: org.apache.ratis.thirdparty.io.netty.channel.AbstractChannel$AnnotatedConnectException: Connection refused: /192.168.69.77:42953
	at sun.nio.ch.SocketChannelImpl.checkConnect(Native Method)
	at sun.nio.ch.SocketChannelImpl.finishConnect(SocketChannelImpl.java:717)
	at org.apache.ratis.thirdparty.io.netty.channel.socket.nio.NioSocketChannel.doFinishConnect(NioSocketChannel.java:327)
	at org.apache.ratis.thirdparty.io.netty.channel.nio.AbstractNioChannel$AbstractNioUnsafe.finishConnect(AbstractNioChannel.java:340)
	at org.apache.ratis.thirdparty.io.netty.channel.nio.NioEventLoop.processSelectedKey(NioEventLoop.java:632)
	at org.apache.ratis.thirdparty.io.netty.channel.nio.NioEventLoop.processSelectedKeysOptimized(NioEventLoop.java:579)
	at org.apache.ratis.thirdparty.io.netty.channel.nio.NioEventLoop.processSelectedKeys(NioEventLoop.java:496)
	at org.apache.ratis.thirdparty.io.netty.channel.nio.NioEventLoop.run(NioEventLoop.java:458)
	at org.apache.ratis.thirdparty.io.netty.util.concurrent.SingleThreadEventExecutor$5.run(SingleThreadEventExecutor.java:897)
	at org.apache.ratis.thirdparty.io.netty.util.concurrent.FastThreadLocalRunnable.run(FastThreadLocalRunnable.java:30)
	... 1 more
Caused by: java.net.ConnectException: Connection refused
	... 11 more
2019-07-14 16:24:02,835 INFO  impl.LeaderElection (LogUtils.java:infoOrTrace(149)) - 2a4def33-c6bb-4d23-acc8-c73d8180b8aa:group-60A91F3702E7:LeaderElection24 got exception when requesting votes: {}
java.util.concurrent.ExecutionException: org.apache.ratis.thirdparty.io.grpc.StatusRuntimeException: UNAVAILABLE: io exception
	at java.util.concurrent.FutureTask.report(FutureTask.java:122)
	at java.util.concurrent.FutureTask.get(FutureTask.java:192)
	at org.apache.ratis.server.impl.LeaderElection.waitForResults(LeaderElection.java:262)
	at org.apache.ratis.server.impl.LeaderElection.askForVotes(LeaderElection.java:200)
	at org.apache.ratis.server.impl.LeaderElection.run(LeaderElection.java:130)
	at java.lang.Thread.run(Thread.java:748)
Caused by: org.apache.ratis.thirdparty.io.grpc.StatusRuntimeException: UNAVAILABLE: io exception
	at org.apache.ratis.thirdparty.io.grpc.stub.ClientCalls.toStatusRuntimeException(ClientCalls.java:233)
	at org.apache.ratis.thirdparty.io.grpc.stub.ClientCalls.getUnchecked(ClientCalls.java:214)
	at org.apache.ratis.thirdparty.io.grpc.stub.ClientCalls.blockingUnaryCall(ClientCalls.java:139)
	at org.apache.ratis.proto.grpc.RaftServerProtocolServiceGrpc$RaftServerProtocolServiceBlockingStub.requestVote(RaftServerProtocolServiceGrpc.java:265)
	at org.apache.ratis.grpc.server.GrpcServerProtocolClient.requestVote(GrpcServerProtocolClient.java:83)
	at org.apache.ratis.grpc.server.GrpcService.requestVote(GrpcService.java:195)
	at org.apache.ratis.server.impl.LeaderElection.lambda$submitRequests$1(LeaderElection.java:237)
	at java.util.concurrent.FutureTask.run(FutureTask.java:266)
	at java.util.concurrent.Executors$RunnableAdapter.call(Executors.java:511)
	at java.util.concurrent.FutureTask.run(FutureTask.java:266)
	at java.util.concurrent.ThreadPoolExecutor.runWorker(ThreadPoolExecutor.java:1149)
	at java.util.concurrent.ThreadPoolExecutor$Worker.run(ThreadPoolExecutor.java:624)
	... 1 more
Caused by: org.apache.ratis.thirdparty.io.netty.channel.AbstractChannel$AnnotatedConnectException: Connection refused: /192.168.69.77:37175
	at sun.nio.ch.SocketChannelImpl.checkConnect(Native Method)
	at sun.nio.ch.SocketChannelImpl.finishConnect(SocketChannelImpl.java:717)
	at org.apache.ratis.thirdparty.io.netty.channel.socket.nio.NioSocketChannel.doFinishConnect(NioSocketChannel.java:327)
	at org.apache.ratis.thirdparty.io.netty.channel.nio.AbstractNioChannel$AbstractNioUnsafe.finishConnect(AbstractNioChannel.java:340)
	at org.apache.ratis.thirdparty.io.netty.channel.nio.NioEventLoop.processSelectedKey(NioEventLoop.java:632)
	at org.apache.ratis.thirdparty.io.netty.channel.nio.NioEventLoop.processSelectedKeysOptimized(NioEventLoop.java:579)
	at org.apache.ratis.thirdparty.io.netty.channel.nio.NioEventLoop.processSelectedKeys(NioEventLoop.java:496)
	at org.apache.ratis.thirdparty.io.netty.channel.nio.NioEventLoop.run(NioEventLoop.java:458)
	at org.apache.ratis.thirdparty.io.netty.util.concurrent.SingleThreadEventExecutor$5.run(SingleThreadEventExecutor.java:897)
	at org.apache.ratis.thirdparty.io.netty.util.concurrent.FastThreadLocalRunnable.run(FastThreadLocalRunnable.java:30)
	... 1 more
Caused by: java.net.ConnectException: Connection refused
	... 11 more
2019-07-14 16:24:02,837 INFO  impl.LeaderElection (LeaderElection.java:logAndReturn(56)) - 2a4def33-c6bb-4d23-acc8-c73d8180b8aa:group-60A91F3702E7:LeaderElection24: Election REJECTED; received 0 response(s) [] and 2 exception(s); 2a4def33-c6bb-4d23-acc8-c73d8180b8aa:t4, leader=null, voted=2a4def33-c6bb-4d23-acc8-c73d8180b8aa, raftlog=2a4def33-c6bb-4d23-acc8-c73d8180b8aa-SegmentedRaftLog:OPENED:c15,f15,i15, conf=0: [fcda3341-7621-4c44-89cf-bedd6be6e42f:192.168.69.77:37175, 25deb60a-f789-4a4e-b6ba-3ca345ca0b36:192.168.69.77:42953, 2a4def33-c6bb-4d23-acc8-c73d8180b8aa:192.168.69.77:41637], old=null
2019-07-14 16:24:02,837 INFO  impl.LeaderElection (LogUtils.java:infoOrTrace(149)) -   Exception 0: {}
java.util.concurrent.ExecutionException: org.apache.ratis.thirdparty.io.grpc.StatusRuntimeException: UNAVAILABLE: io exception
	at java.util.concurrent.FutureTask.report(FutureTask.java:122)
	at java.util.concurrent.FutureTask.get(FutureTask.java:192)
	at org.apache.ratis.server.impl.LeaderElection.waitForResults(LeaderElection.java:262)
	at org.apache.ratis.server.impl.LeaderElection.askForVotes(LeaderElection.java:200)
	at org.apache.ratis.server.impl.LeaderElection.run(LeaderElection.java:130)
	at java.lang.Thread.run(Thread.java:748)
Caused by: org.apache.ratis.thirdparty.io.grpc.StatusRuntimeException: UNAVAILABLE: io exception
	at org.apache.ratis.thirdparty.io.grpc.stub.ClientCalls.toStatusRuntimeException(ClientCalls.java:233)
	at org.apache.ratis.thirdparty.io.grpc.stub.ClientCalls.getUnchecked(ClientCalls.java:214)
	at org.apache.ratis.thirdparty.io.grpc.stub.ClientCalls.blockingUnaryCall(ClientCalls.java:139)
	at org.apache.ratis.proto.grpc.RaftServerProtocolServiceGrpc$RaftServerProtocolServiceBlockingStub.requestVote(RaftServerProtocolServiceGrpc.java:265)
	at org.apache.ratis.grpc.server.GrpcServerProtocolClient.requestVote(GrpcServerProtocolClient.java:83)
	at org.apache.ratis.grpc.server.GrpcService.requestVote(GrpcService.java:195)
	at org.apache.ratis.server.impl.LeaderElection.lambda$submitRequests$1(LeaderElection.java:237)
	at java.util.concurrent.FutureTask.run(FutureTask.java:266)
	at java.util.concurrent.Executors$RunnableAdapter.call(Executors.java:511)
	at java.util.concurrent.FutureTask.run(FutureTask.java:266)
	at java.util.concurrent.ThreadPoolExecutor.runWorker(ThreadPoolExecutor.java:1149)
	at java.util.concurrent.ThreadPoolExecutor$Worker.run(ThreadPoolExecutor.java:624)
	... 1 more
Caused by: org.apache.ratis.thirdparty.io.netty.channel.AbstractChannel$AnnotatedConnectException: Connection refused: /192.168.69.77:42953
	at sun.nio.ch.SocketChannelImpl.checkConnect(Native Method)
	at sun.nio.ch.SocketChannelImpl.finishConnect(SocketChannelImpl.java:717)
	at org.apache.ratis.thirdparty.io.netty.channel.socket.nio.NioSocketChannel.doFinishConnect(NioSocketChannel.java:327)
	at org.apache.ratis.thirdparty.io.netty.channel.nio.AbstractNioChannel$AbstractNioUnsafe.finishConnect(AbstractNioChannel.java:340)
	at org.apache.ratis.thirdparty.io.netty.channel.nio.NioEventLoop.processSelectedKey(NioEventLoop.java:632)
	at org.apache.ratis.thirdparty.io.netty.channel.nio.NioEventLoop.processSelectedKeysOptimized(NioEventLoop.java:579)
	at org.apache.ratis.thirdparty.io.netty.channel.nio.NioEventLoop.processSelectedKeys(NioEventLoop.java:496)
	at org.apache.ratis.thirdparty.io.netty.channel.nio.NioEventLoop.run(NioEventLoop.java:458)
	at org.apache.ratis.thirdparty.io.netty.util.concurrent.SingleThreadEventExecutor$5.run(SingleThreadEventExecutor.java:897)
	at org.apache.ratis.thirdparty.io.netty.util.concurrent.FastThreadLocalRunnable.run(FastThreadLocalRunnable.java:30)
	... 1 more
Caused by: java.net.ConnectException: Connection refused
	... 11 more
2019-07-14 16:24:02,837 INFO  impl.LeaderElection (LogUtils.java:infoOrTrace(149)) -   Exception 1: {}
java.util.concurrent.ExecutionException: org.apache.ratis.thirdparty.io.grpc.StatusRuntimeException: UNAVAILABLE: io exception
	at java.util.concurrent.FutureTask.report(FutureTask.java:122)
	at java.util.concurrent.FutureTask.get(FutureTask.java:192)
	at org.apache.ratis.server.impl.LeaderElection.waitForResults(LeaderElection.java:262)
	at org.apache.ratis.server.impl.LeaderElection.askForVotes(LeaderElection.java:200)
	at org.apache.ratis.server.impl.LeaderElection.run(LeaderElection.java:130)
	at java.lang.Thread.run(Thread.java:748)
Caused by: org.apache.ratis.thirdparty.io.grpc.StatusRuntimeException: UNAVAILABLE: io exception
	at org.apache.ratis.thirdparty.io.grpc.stub.ClientCalls.toStatusRuntimeException(ClientCalls.java:233)
	at org.apache.ratis.thirdparty.io.grpc.stub.ClientCalls.getUnchecked(ClientCalls.java:214)
	at org.apache.ratis.thirdparty.io.grpc.stub.ClientCalls.blockingUnaryCall(ClientCalls.java:139)
	at org.apache.ratis.proto.grpc.RaftServerProtocolServiceGrpc$RaftServerProtocolServiceBlockingStub.requestVote(RaftServerProtocolServiceGrpc.java:265)
	at org.apache.ratis.grpc.server.GrpcServerProtocolClient.requestVote(GrpcServerProtocolClient.java:83)
	at org.apache.ratis.grpc.server.GrpcService.requestVote(GrpcService.java:195)
	at org.apache.ratis.server.impl.LeaderElection.lambda$submitRequests$1(LeaderElection.java:237)
	at java.util.concurrent.FutureTask.run(FutureTask.java:266)
	at java.util.concurrent.Executors$RunnableAdapter.call(Executors.java:511)
	at java.util.concurrent.FutureTask.run(FutureTask.java:266)
	at java.util.concurrent.ThreadPoolExecutor.runWorker(ThreadPoolExecutor.java:1149)
	at java.util.concurrent.ThreadPoolExecutor$Worker.run(ThreadPoolExecutor.java:624)
	... 1 more
Caused by: org.apache.ratis.thirdparty.io.netty.channel.AbstractChannel$AnnotatedConnectException: Connection refused: /192.168.69.77:37175
	at sun.nio.ch.SocketChannelImpl.checkConnect(Native Method)
	at sun.nio.ch.SocketChannelImpl.finishConnect(SocketChannelImpl.java:717)
	at org.apache.ratis.thirdparty.io.netty.channel.socket.nio.NioSocketChannel.doFinishConnect(NioSocketChannel.java:327)
	at org.apache.ratis.thirdparty.io.netty.channel.nio.AbstractNioChannel$AbstractNioUnsafe.finishConnect(AbstractNioChannel.java:340)
	at org.apache.ratis.thirdparty.io.netty.channel.nio.NioEventLoop.processSelectedKey(NioEventLoop.java:632)
	at org.apache.ratis.thirdparty.io.netty.channel.nio.NioEventLoop.processSelectedKeysOptimized(NioEventLoop.java:579)
	at org.apache.ratis.thirdparty.io.netty.channel.nio.NioEventLoop.processSelectedKeys(NioEventLoop.java:496)
	at org.apache.ratis.thirdparty.io.netty.channel.nio.NioEventLoop.run(NioEventLoop.java:458)
	at org.apache.ratis.thirdparty.io.netty.util.concurrent.SingleThreadEventExecutor$5.run(SingleThreadEventExecutor.java:897)
	at org.apache.ratis.thirdparty.io.netty.util.concurrent.FastThreadLocalRunnable.run(FastThreadLocalRunnable.java:30)
	... 1 more
Caused by: java.net.ConnectException: Connection refused
	... 11 more
2019-07-14 16:24:02,837 INFO  impl.RaftServerImpl (RaftServerImpl.java:setRole(171)) - 2a4def33-c6bb-4d23-acc8-c73d8180b8aa:group-60A91F3702E7 changes role from CANDIDATE to FOLLOWER at term 4 for DISCOVERED_A_NEW_TERM
2019-07-14 16:24:02,839 INFO  impl.RoleInfo (RoleInfo.java:shutdownLeaderElection(134)) - 2a4def33-c6bb-4d23-acc8-c73d8180b8aa: shutdown LeaderElection
2019-07-14 16:24:02,839 INFO  impl.RoleInfo (RoleInfo.java:updateAndGet(143)) - 2a4def33-c6bb-4d23-acc8-c73d8180b8aa: start FollowerState
2019-07-14 16:24:06,172 INFO  node.StaleNodeHandler (StaleNodeHandler.java:onMessage(58)) - Datanode 2a4def33-c6bb-4d23-acc8-c73d8180b8aa{ip: 192.168.69.77, host: pr-hdds-1710-5x6jb-1204890111, networkLocation: /default-rack, certSerialId: null} moved to stale state. Finalizing its pipelines [PipelineID=ad413c79-f09f-4ae4-bc3e-60a91f3702e7, PipelineID=1f330c91-6da1-40e9-a4a7-3c31df4dd808]
2019-07-14 16:24:06,173 INFO  pipeline.SCMPipelineManager (SCMPipelineManager.java:finalizeAndDestroyPipeline(309)) - destroying pipeline:Pipeline[ Id: ad413c79-f09f-4ae4-bc3e-60a91f3702e7, Nodes: fcda3341-7621-4c44-89cf-bedd6be6e42f{ip: 192.168.69.77, host: pr-hdds-1710-5x6jb-1204890111, networkLocation: /default-rack, certSerialId: null}25deb60a-f789-4a4e-b6ba-3ca345ca0b36{ip: 192.168.69.77, host: pr-hdds-1710-5x6jb-1204890111, networkLocation: /default-rack, certSerialId: null}2a4def33-c6bb-4d23-acc8-c73d8180b8aa{ip: 192.168.69.77, host: pr-hdds-1710-5x6jb-1204890111, networkLocation: /default-rack, certSerialId: null}, Type:RATIS, Factor:THREE, State:CLOSED]
2019-07-14 16:24:06,173 INFO  pipeline.SCMPipelineManager (SCMPipelineManager.java:finalizeAndDestroyPipeline(309)) - destroying pipeline:Pipeline[ Id: 1f330c91-6da1-40e9-a4a7-3c31df4dd808, Nodes: 2a4def33-c6bb-4d23-acc8-c73d8180b8aa{ip: 192.168.69.77, host: pr-hdds-1710-5x6jb-1204890111, networkLocation: /default-rack, certSerialId: null}, Type:RATIS, Factor:ONE, State:OPEN]
2019-07-14 16:24:06,173 INFO  pipeline.PipelineStateManager (PipelineStateManager.java:finalizePipeline(123)) - Pipeline Pipeline[ Id: 1f330c91-6da1-40e9-a4a7-3c31df4dd808, Nodes: 2a4def33-c6bb-4d23-acc8-c73d8180b8aa{ip: 192.168.69.77, host: pr-hdds-1710-5x6jb-1204890111, networkLocation: /default-rack, certSerialId: null}, Type:RATIS, Factor:ONE, State:CLOSED] moved to CLOSED state
2019-07-14 16:24:06,683 INFO  ozoneimpl.OzoneContainer (OzoneContainer.java:stop(199)) - Attempting to stop container services.
2019-07-14 16:24:06,684 INFO  impl.RaftServerProxy (RaftServerProxy.java:lambda$close$4(314)) - 2a4def33-c6bb-4d23-acc8-c73d8180b8aa: close
2019-07-14 16:24:06,684 INFO  impl.RaftServerImpl (RaftServerImpl.java:lambda$shutdown$3(245)) - 2a4def33-c6bb-4d23-acc8-c73d8180b8aa: shutdown group-60A91F3702E7
2019-07-14 16:24:06,684 INFO  util.JmxRegister (JmxRegister.java:unregister(73)) - Successfully un-registered JMX Bean with object name Ratis:service=RaftServer,group=group-60A91F3702E7,id=2a4def33-c6bb-4d23-acc8-c73d8180b8aa
2019-07-14 16:24:06,685 INFO  impl.RoleInfo (RoleInfo.java:shutdownFollowerState(121)) - 2a4def33-c6bb-4d23-acc8-c73d8180b8aa: shutdown FollowerState
2019-07-14 16:24:06,685 INFO  impl.StateMachineUpdater (StateMachineUpdater.java:stopAndJoin(115)) - StateMachineUpdater:2a4def33-c6bb-4d23-acc8-c73d8180b8aa:group-60A91F3702E7: set stopIndex = 15
2019-07-14 16:24:06,685 INFO  impl.FollowerState (FollowerState.java:run(114)) - 2a4def33-c6bb-4d23-acc8-c73d8180b8aa: FollowerState was interrupted: java.lang.InterruptedException: sleep interrupted
2019-07-14 16:24:06,685 INFO  ratis.ContainerStateMachine (ContainerStateMachine.java:takeSnapshot(246)) - Taking snapshot at termIndex:(t:3, i:13)
2019-07-14 16:24:06,688 INFO  ratis.ContainerStateMachine (ContainerStateMachine.java:takeSnapshot(250)) - Taking a snapshot to file /workdir/hadoop-ozone/integration-test/target/test-dir/MiniOzoneClusterImpl-2edbef45-7b9e-4a7f-a65a-0656f9579177/datanode-5/data/ratis/ad413c79-f09f-4ae4-bc3e-60a91f3702e7/sm/snapshot.3_13
2019-07-14 16:24:06,689 INFO  impl.StateMachineUpdater (StateMachineUpdater.java:takeSnapshot(242)) - StateMachineUpdater:2a4def33-c6bb-4d23-acc8-c73d8180b8aa:group-60A91F3702E7: Took a snapshot at index 13
2019-07-14 16:24:06,689 INFO  impl.StateMachineUpdater (StateMachineUpdater.java:lambda$new$0(80)) - StateMachineUpdater:2a4def33-c6bb-4d23-acc8-c73d8180b8aa:group-60A91F3702E7: snapshotIndex: updateIncreasingly -1 -> 13
2019-07-14 16:24:06,689 INFO  impl.RaftServerImpl (ServerState.java:close(394)) - 2a4def33-c6bb-4d23-acc8-c73d8180b8aa:group-60A91F3702E7 closes. The last applied log index is 15
2019-07-14 16:24:06,690 INFO  segmented.SegmentedRaftLogWorker (SegmentedRaftLogWorker.java:run(313)) - 2a4def33-c6bb-4d23-acc8-c73d8180b8aa-SegmentedRaftLogWorker:Storage Directory /workdir/hadoop-ozone/integration-test/target/test-dir/MiniOzoneClusterImpl-2edbef45-7b9e-4a7f-a65a-0656f9579177/datanode-5/data/ratis/ad413c79-f09f-4ae4-bc3e-60a91f3702e7 was interrupted, exiting. There are 0 tasks remaining in the queue.
2019-07-14 16:24:06,690 INFO  segmented.SegmentedRaftLogWorker (SegmentedRaftLogWorker.java:close(228)) - 2a4def33-c6bb-4d23-acc8-c73d8180b8aa-SegmentedRaftLogWorker:Storage Directory /workdir/hadoop-ozone/integration-test/target/test-dir/MiniOzoneClusterImpl-2edbef45-7b9e-4a7f-a65a-0656f9579177/datanode-5/data/ratis/ad413c79-f09f-4ae4-bc3e-60a91f3702e7 close()
2019-07-14 16:24:06,692 INFO  impl.RaftServerImpl (RaftServerImpl.java:lambda$shutdown$3(245)) - 2a4def33-c6bb-4d23-acc8-c73d8180b8aa: shutdown group-3C31DF4DD808
2019-07-14 16:24:06,693 INFO  util.JmxRegister (JmxRegister.java:unregister(73)) - Successfully un-registered JMX Bean with object name Ratis:service=RaftServer,group=group-3C31DF4DD808,id=2a4def33-c6bb-4d23-acc8-c73d8180b8aa
2019-07-14 16:24:06,693 INFO  impl.RoleInfo (RoleInfo.java:shutdownLeaderState(104)) - 2a4def33-c6bb-4d23-acc8-c73d8180b8aa: shutdown LeaderState
2019-07-14 16:24:06,693 INFO  impl.PendingRequests (PendingRequests.java:sendNotLeaderResponses(202)) - 2a4def33-c6bb-4d23-acc8-c73d8180b8aa-PendingRequests: sendNotLeaderResponses
2019-07-14 16:24:06,694 INFO  impl.StateMachineUpdater (StateMachineUpdater.java:stopAndJoin(115)) - StateMachineUpdater:2a4def33-c6bb-4d23-acc8-c73d8180b8aa:group-3C31DF4DD808: set stopIndex = 0
2019-07-14 16:24:06,694 INFO  ratis.ContainerStateMachine (ContainerStateMachine.java:takeSnapshot(246)) - Taking snapshot at termIndex:(t:0, i:~)
2019-07-14 16:24:06,694 INFO  impl.RaftServerImpl (ServerState.java:close(394)) - 2a4def33-c6bb-4d23-acc8-c73d8180b8aa:group-3C31DF4DD808 closes. The last applied log index is 0
2019-07-14 16:24:06,695 INFO  segmented.SegmentedRaftLogWorker (SegmentedRaftLogWorker.java:run(313)) - 2a4def33-c6bb-4d23-acc8-c73d8180b8aa-SegmentedRaftLogWorker:Storage Directory /workdir/hadoop-ozone/integration-test/target/test-dir/MiniOzoneClusterImpl-2edbef45-7b9e-4a7f-a65a-0656f9579177/datanode-5/data/ratis/1f330c91-6da1-40e9-a4a7-3c31df4dd808 was interrupted, exiting. There are 0 tasks remaining in the queue.
2019-07-14 16:24:06,695 INFO  segmented.SegmentedRaftLogWorker (SegmentedRaftLogWorker.java:close(228)) - 2a4def33-c6bb-4d23-acc8-c73d8180b8aa-SegmentedRaftLogWorker:Storage Directory /workdir/hadoop-ozone/integration-test/target/test-dir/MiniOzoneClusterImpl-2edbef45-7b9e-4a7f-a65a-0656f9579177/datanode-5/data/ratis/1f330c91-6da1-40e9-a4a7-3c31df4dd808 close()
2019-07-14 16:24:06,697 INFO  server.GrpcService (GrpcService.java:closeImpl(155)) - 2a4def33-c6bb-4d23-acc8-c73d8180b8aa: shutdown server with port 41637 now
2019-07-14 16:24:06,697 INFO  server.GrpcService (GrpcService.java:closeImpl(163)) - 2a4def33-c6bb-4d23-acc8-c73d8180b8aa: shutdown server with port 41637 successfully
2019-07-14 16:24:06,699 INFO  utils.BackgroundService (BackgroundService.java:shutdown(148)) - Shutting down service BlockDeletingService
2019-07-14 16:24:06,701 WARN  fs.CachingGetSpaceUsed (CachingGetSpaceUsed.java:run(183)) - Thread Interrupted waiting to refresh disk information: sleep interrupted
2019-07-14 16:24:06,719 INFO  statemachine.DatanodeStateMachine (DatanodeStateMachine.java:stopDaemon(395)) - Ozone container server stopped.
2019-07-14 16:24:06,735 INFO  handler.ContextHandler (ContextHandler.java:doStop(910)) - Stopped o.e.j.w.WebAppContext@6cdee57{/,null,UNAVAILABLE}{/hddsDatanode}
2019-07-14 16:24:06,736 INFO  server.AbstractConnector (AbstractConnector.java:doStop(318)) - Stopped ServerConnector@482f7af0{HTTP/1.1,[http/1.1]}{0.0.0.0:0}
2019-07-14 16:24:06,737 INFO  handler.ContextHandler (ContextHandler.java:doStop(910)) - Stopped o.e.j.s.ServletContextHandler@245cb8df{/static,jar:file:/home/user/.m2/repository/org/apache/hadoop/hadoop-hdds-container-service/0.5.0-SNAPSHOT/hadoop-hdds-container-service-0.5.0-SNAPSHOT.jar!/webapps/static,UNAVAILABLE}
2019-07-14 16:24:06,739 INFO  handler.ContextHandler (ContextHandler.java:doStop(910)) - Stopped o.e.j.s.ServletContextHandler@53ea380b{/logs,file:///workdir/hadoop-ozone/integration-test/target/log,UNAVAILABLE}
2019-07-14 16:24:06,739 INFO  ozone.MiniOzoneClusterImpl (MiniOzoneClusterImpl.java:stop(353)) - Stopping the StorageContainerManager
2019-07-14 16:24:06,740 INFO  server.StorageContainerManager (StorageContainerManager.java:stop(799)) - Stopping Replication Manager Service.
2019-07-14 16:24:06,740 INFO  container.ReplicationManager (ReplicationManager.java:stop(187)) - Stopping Replication Monitor Thread.
2019-07-14 16:24:06,740 INFO  server.StorageContainerManager (StorageContainerManager.java:stop(806)) - Stopping Lease Manager of the command watchers
2019-07-14 16:24:06,741 INFO  server.StorageContainerManager (StorageContainerManager.java:stop(813)) - Stopping datanode service RPC server
2019-07-14 16:24:06,741 INFO  server.SCMDatanodeProtocolServer (SCMDatanodeProtocolServer.java:stop(375)) - Stopping the RPC server for DataNodes
2019-07-14 16:24:06,741 INFO  ipc.Server (Server.java:stop(3082)) - Stopping server on 32822
2019-07-14 16:24:06,745 INFO  ipc.Server (Server.java:run(1319)) - Stopping IPC Server Responder
2019-07-14 16:24:06,745 INFO  ipc.Server (Server.java:run(1185)) - Stopping IPC Server listener on 32822
2019-07-14 16:24:06,773 WARN  node.NodeStateManager (NodeStateManager.java:scheduleNextHealthCheck(631)) - Current Thread is interrupted, shutting down HB processing thread for Node Manager.
2019-07-14 16:24:06,773 INFO  server.StorageContainerManager (StorageContainerManager.java:stop(821)) - Stopping block service RPC server
2019-07-14 16:24:06,774 INFO  server.SCMBlockProtocolServer (SCMBlockProtocolServer.java:stop(148)) - Stopping the RPC server for Block Protocol
2019-07-14 16:24:06,774 INFO  ipc.Server (Server.java:stop(3082)) - Stopping server on 46567
2019-07-14 16:24:06,775 INFO  ipc.Server (Server.java:run(1185)) - Stopping IPC Server listener on 46567
2019-07-14 16:24:06,775 INFO  server.StorageContainerManager (StorageContainerManager.java:stop(828)) - Stopping the StorageContainerLocationProtocol RPC server
2019-07-14 16:24:06,776 INFO  server.SCMClientProtocolServer (SCMClientProtocolServer.java:stop(157)) - Stopping the RPC server for Client Protocol
2019-07-14 16:24:06,776 INFO  ipc.Server (Server.java:stop(3082)) - Stopping server on 33634
2019-07-14 16:24:06,778 INFO  ipc.Server (Server.java:run(1185)) - Stopping IPC Server listener on 33634
2019-07-14 16:24:06,778 INFO  server.StorageContainerManager (StorageContainerManager.java:stop(835)) - Stopping Storage Container Manager HTTP server.
2019-07-14 16:24:06,779 INFO  handler.ContextHandler (ContextHandler.java:doStop(910)) - Stopped o.e.j.w.WebAppContext@664a9613{/,null,UNAVAILABLE}{/scm}
2019-07-14 16:24:06,780 INFO  ipc.Server (Server.java:run(1319)) - Stopping IPC Server Responder
2019-07-14 16:24:06,780 INFO  ipc.Server (Server.java:run(1319)) - Stopping IPC Server Responder
2019-07-14 16:24:06,781 INFO  server.AbstractConnector (AbstractConnector.java:doStop(318)) - Stopped ServerConnector@37ebc9d8{HTTP/1.1,[http/1.1]}{0.0.0.0:0}
2019-07-14 16:24:06,782 INFO  handler.ContextHandler (ContextHandler.java:doStop(910)) - Stopped o.e.j.s.ServletContextHandler@76012793{/static,file:///workdir/hadoop-ozone/integration-test/target/test-classes/webapps/static,UNAVAILABLE}
2019-07-14 16:24:06,782 INFO  handler.ContextHandler (ContextHandler.java:doStop(910)) - Stopped o.e.j.s.ServletContextHandler@6bbe2511{/logs,file:///workdir/hadoop-ozone/integration-test/target/log,UNAVAILABLE}
2019-07-14 16:24:06,783 INFO  server.StorageContainerManager (StorageContainerManager.java:stop(846)) - Stopping Block Manager Service.
2019-07-14 16:24:06,783 INFO  utils.BackgroundService (BackgroundService.java:shutdown(148)) - Shutting down service SCMBlockDeletingService
2019-07-14 16:24:06,784 INFO  utils.BackgroundService (BackgroundService.java:shutdown(148)) - Shutting down service SCMBlockDeletingService
2019-07-14 16:24:06,784 INFO  server.StorageContainerManager (StorageContainerManager.java:stop(868)) - Stopping SCM Event Queue.
2019-07-14 16:24:06,815 INFO  impl.MetricsSystemImpl (MetricsSystemImpl.java:stop(210)) - Stopping HddsDatanode metrics system...
2019-07-14 16:24:06,826 INFO  impl.MetricsSystemImpl (MetricsSystemImpl.java:stop(216)) - HddsDatanode metrics system stopped.
]]></system-out>
    <system-err><![CDATA[ERROR StatusLogger No Log4j 2 configuration file found. Using default configuration (logging only errors to the console), or user programmatically provided configurations. Set system property 'log4j2.debug' to show Log4j 2 internal initialization logging. See https://logging.apache.org/log4j/2.x/manual/configuration.html for instructions on how to configure Log4j 2
Jul 14, 2019 4:22:24 PM com.sun.jersey.server.impl.application.WebApplicationImpl _initiate
INFO: Initiating Jersey application, version 'Jersey: 1.19 02/11/2015 03:25 AM'
Jul 14, 2019 4:22:25 PM com.sun.jersey.server.impl.application.WebApplicationImpl _initiate
INFO: Initiating Jersey application, version 'Jersey: 1.19 02/11/2015 03:25 AM'
Jul 14, 2019 4:22:25 PM com.sun.jersey.server.impl.application.WebApplicationImpl _initiate
INFO: Initiating Jersey application, version 'Jersey: 1.19 02/11/2015 03:25 AM'
Jul 14, 2019 4:22:25 PM com.sun.jersey.server.impl.application.WebApplicationImpl _initiate
INFO: Initiating Jersey application, version 'Jersey: 1.19 02/11/2015 03:25 AM'
Jul 14, 2019 4:22:25 PM com.sun.jersey.server.impl.application.WebApplicationImpl _initiate
INFO: Initiating Jersey application, version 'Jersey: 1.19 02/11/2015 03:25 AM'
Jul 14, 2019 4:22:26 PM com.sun.jersey.server.impl.application.WebApplicationImpl _initiate
INFO: Initiating Jersey application, version 'Jersey: 1.19 02/11/2015 03:25 AM'
Jul 14, 2019 4:22:26 PM com.sun.jersey.server.impl.application.WebApplicationImpl _initiate
INFO: Initiating Jersey application, version 'Jersey: 1.19 02/11/2015 03:25 AM'
]]></system-err>
  </testcase>
  <testcase name="testDatanodeFailureWithPreAllocation" classname="org.apache.hadoop.ozone.client.rpc.TestBlockOutputStreamWithFailures" time="224.926"/>
  <testcase name="testDatanodeFailureWithSingleNodeRatis" classname="org.apache.hadoop.ozone.client.rpc.TestBlockOutputStreamWithFailures" time="224.661"/>
  <testcase name="testWatchForCommitWithSingleNodeRatis" classname="org.apache.hadoop.ozone.client.rpc.TestBlockOutputStreamWithFailures" time="35.524">
    <error type="java.lang.IllegalArgumentException">java.lang.IllegalArgumentException
	at com.google.common.base.Preconditions.checkArgument(Preconditions.java:72)
	at org.apache.hadoop.hdds.scm.XceiverClientManager.acquireClient(XceiverClientManager.java:150)
	at org.apache.hadoop.hdds.scm.XceiverClientManager.acquireClientForReadData(XceiverClientManager.java:143)
	at org.apache.hadoop.hdds.scm.storage.BlockInputStream.getChunkInfos(BlockInputStream.java:154)
	at org.apache.hadoop.hdds.scm.storage.BlockInputStream.initialize(BlockInputStream.java:118)
	at org.apache.hadoop.hdds.scm.storage.BlockInputStream.read(BlockInputStream.java:222)
	at org.apache.hadoop.ozone.client.io.KeyInputStream.read(KeyInputStream.java:171)
	at org.apache.hadoop.ozone.client.io.OzoneInputStream.read(OzoneInputStream.java:47)
	at java.io.InputStream.read(InputStream.java:101)
	at org.apache.hadoop.ozone.container.ContainerTestHelper.validateData(ContainerTestHelper.java:709)
	at org.apache.hadoop.ozone.client.rpc.TestBlockOutputStreamWithFailures.validateData(TestBlockOutputStreamWithFailures.java:1212)
	at org.apache.hadoop.ozone.client.rpc.TestBlockOutputStreamWithFailures.testWatchForCommitWithSingleNodeRatis(TestBlockOutputStreamWithFailures.java:914)
	at sun.reflect.NativeMethodAccessorImpl.invoke0(Native Method)
	at sun.reflect.NativeMethodAccessorImpl.invoke(NativeMethodAccessorImpl.java:62)
	at sun.reflect.DelegatingMethodAccessorImpl.invoke(DelegatingMethodAccessorImpl.java:43)
	at java.lang.reflect.Method.invoke(Method.java:498)
	at org.junit.runners.model.FrameworkMethod$1.runReflectiveCall(FrameworkMethod.java:47)
	at org.junit.internal.runners.model.ReflectiveCallable.run(ReflectiveCallable.java:12)
	at org.junit.runners.model.FrameworkMethod.invokeExplosively(FrameworkMethod.java:44)
	at org.junit.internal.runners.statements.InvokeMethod.evaluate(InvokeMethod.java:17)
	at org.junit.internal.runners.statements.RunBefores.evaluate(RunBefores.java:26)
	at org.junit.internal.runners.statements.RunAfters.evaluate(RunAfters.java:27)
	at org.junit.runners.ParentRunner.runLeaf(ParentRunner.java:271)
	at org.junit.runners.BlockJUnit4ClassRunner.runChild(BlockJUnit4ClassRunner.java:70)
	at org.junit.runners.BlockJUnit4ClassRunner.runChild(BlockJUnit4ClassRunner.java:50)
	at org.junit.runners.ParentRunner$3.run(ParentRunner.java:238)
	at org.junit.runners.ParentRunner$1.schedule(ParentRunner.java:63)
	at org.junit.runners.ParentRunner.runChildren(ParentRunner.java:236)
	at org.junit.runners.ParentRunner.access$000(ParentRunner.java:53)
	at org.junit.runners.ParentRunner$2.evaluate(ParentRunner.java:229)
	at org.junit.runners.ParentRunner.run(ParentRunner.java:309)
	at org.apache.maven.surefire.junit4.JUnit4Provider.execute(JUnit4Provider.java:365)
	at org.apache.maven.surefire.junit4.JUnit4Provider.executeWithRerun(JUnit4Provider.java:273)
	at org.apache.maven.surefire.junit4.JUnit4Provider.executeTestSet(JUnit4Provider.java:238)
	at org.apache.maven.surefire.junit4.JUnit4Provider.invoke(JUnit4Provider.java:159)
	at org.apache.maven.surefire.booter.ForkedBooter.invokeProviderInSameClassLoader(ForkedBooter.java:384)
	at org.apache.maven.surefire.booter.ForkedBooter.runSuitesInProcess(ForkedBooter.java:345)
	at org.apache.maven.surefire.booter.ForkedBooter.execute(ForkedBooter.java:126)
	at org.apache.maven.surefire.booter.ForkedBooter.main(ForkedBooter.java:418)
</error>
    <system-out><![CDATA[2019-07-14 16:31:36,559 WARN  server.ServerUtils (ServerUtils.java:getScmDbDir(145)) - ozone.scm.db.dirs is not configured. We recommend adding this setting. Falling back to ozone.metadata.dirs instead.
2019-07-14 16:31:36,585 WARN  server.ServerUtils (ServerUtils.java:getScmDbDir(145)) - ozone.scm.db.dirs is not configured. We recommend adding this setting. Falling back to ozone.metadata.dirs instead.
2019-07-14 16:31:36,585 WARN  server.ServerUtils (ServerUtils.java:getScmDbDir(145)) - ozone.scm.db.dirs is not configured. We recommend adding this setting. Falling back to ozone.metadata.dirs instead.
2019-07-14 16:31:36,586 INFO  db.DBStoreBuilder (DBStoreBuilder.java:addTable(110)) - using custom profile for table: deletedBlocks
2019-07-14 16:31:36,586 INFO  db.DBStoreBuilder (DBStoreBuilder.java:processTables(161)) - Using default column profile:DBProfile.DISK for Table:deletedBlocks
2019-07-14 16:31:36,586 INFO  db.DBStoreBuilder (DBStoreBuilder.java:addTable(110)) - using custom profile for table: validCerts
2019-07-14 16:31:36,586 INFO  db.DBStoreBuilder (DBStoreBuilder.java:processTables(161)) - Using default column profile:DBProfile.DISK for Table:validCerts
2019-07-14 16:31:36,587 INFO  db.DBStoreBuilder (DBStoreBuilder.java:addTable(110)) - using custom profile for table: revokedCerts
2019-07-14 16:31:36,587 INFO  db.DBStoreBuilder (DBStoreBuilder.java:processTables(161)) - Using default column profile:DBProfile.DISK for Table:revokedCerts
2019-07-14 16:31:36,587 INFO  db.DBStoreBuilder (DBStoreBuilder.java:addTable(110)) - using custom profile for table: default
2019-07-14 16:31:36,587 INFO  db.DBStoreBuilder (DBStoreBuilder.java:processTables(167)) - Using default column profile:DBProfile.DISK for Table:default
2019-07-14 16:31:36,588 INFO  db.DBStoreBuilder (DBStoreBuilder.java:getDbProfile(198)) - Using default options. DBProfile.DISK
2019-07-14 16:31:36,676 INFO  net.NodeSchemaLoader (NodeSchemaLoader.java:loadSchemaFromFile(125)) - Loading file from sun.misc.CompoundEnumeration@2c7aba7c
2019-07-14 16:31:36,677 INFO  net.NodeSchemaLoader (NodeSchemaLoader.java:loadSchema(171)) - Loading network topology layer schema file
2019-07-14 16:31:36,683 INFO  node.SCMNodeManager (SCMNodeManager.java:<init>(119)) - Entering startup safe mode.
2019-07-14 16:31:36,684 WARN  server.ServerUtils (ServerUtils.java:getScmDbDir(145)) - ozone.scm.db.dirs is not configured. We recommend adding this setting. Falling back to ozone.metadata.dirs instead.
2019-07-14 16:31:36,706 INFO  pipeline.SCMPipelineManager (SCMPipelineManager.java:initializePipelineState(126)) - No pipeline exists in current db
2019-07-14 16:31:36,707 WARN  server.ServerUtils (ServerUtils.java:getScmDbDir(145)) - ozone.scm.db.dirs is not configured. We recommend adding this setting. Falling back to ozone.metadata.dirs instead.
2019-07-14 16:31:36,731 WARN  events.EventQueue (EventQueue.java:fireEvent(175)) - No event handler registered for event TypedEvent{payloadType=SafeModeStatus, name='SafeModeStatus'}
2019-07-14 16:31:36,732 INFO  ipc.CallQueueManager (CallQueueManager.java:<init>(84)) - Using callQueue: class java.util.concurrent.LinkedBlockingQueue, queueCapacity: 2000, scheduler: class org.apache.hadoop.ipc.DefaultRpcScheduler, ipcBackoff: false.
2019-07-14 16:31:36,733 INFO  ipc.Server (Server.java:run(1074)) - Starting Socket Reader #1 for port 42305
2019-07-14 16:31:36,735 INFO  ipc.CallQueueManager (CallQueueManager.java:<init>(84)) - Using callQueue: class java.util.concurrent.LinkedBlockingQueue, queueCapacity: 2000, scheduler: class org.apache.hadoop.ipc.DefaultRpcScheduler, ipcBackoff: false.
2019-07-14 16:31:36,736 INFO  ipc.Server (Server.java:run(1074)) - Starting Socket Reader #1 for port 41877
2019-07-14 16:31:36,737 INFO  ipc.CallQueueManager (CallQueueManager.java:<init>(84)) - Using callQueue: class java.util.concurrent.LinkedBlockingQueue, queueCapacity: 2000, scheduler: class org.apache.hadoop.ipc.DefaultRpcScheduler, ipcBackoff: false.
2019-07-14 16:31:36,738 INFO  ipc.Server (Server.java:run(1074)) - Starting Socket Reader #1 for port 45221
2019-07-14 16:31:36,740 INFO  hdfs.DFSUtil (DFSUtil.java:httpServerTemplateForNNAndJN(1641)) - Starting Web-server for scm at: http://0.0.0.0:0
2019-07-14 16:31:36,742 INFO  server.AuthenticationFilter (AuthenticationFilter.java:constructSecretProvider(240)) - Unable to initialize FileSignerSecretProvider, falling back to use random secrets.
2019-07-14 16:31:36,743 WARN  http.HttpRequestLog (HttpRequestLog.java:getRequestLog(97)) - Jetty request log can only be enabled using Log4j
2019-07-14 16:31:36,745 INFO  http.HttpServer2 (HttpServer2.java:addGlobalFilter(975)) - Added global filter 'safety' (class=org.apache.hadoop.http.HttpServer2$QuotingInputFilter)
2019-07-14 16:31:36,746 INFO  http.HttpServer2 (HttpServer2.java:addFilter(948)) - Added filter static_user_filter (class=org.apache.hadoop.http.lib.StaticUserWebFilter$StaticUserFilter) to context scm
2019-07-14 16:31:36,746 INFO  http.HttpServer2 (HttpServer2.java:addFilter(958)) - Added filter static_user_filter (class=org.apache.hadoop.http.lib.StaticUserWebFilter$StaticUserFilter) to context logs
2019-07-14 16:31:36,746 INFO  http.HttpServer2 (HttpServer2.java:addFilter(958)) - Added filter static_user_filter (class=org.apache.hadoop.http.lib.StaticUserWebFilter$StaticUserFilter) to context static
2019-07-14 16:31:36,748 INFO  server.StorageContainerManager (StorageContainerManager.java:start(761)) - StorageContainerLocationProtocol RPC server is listening at /0.0.0.0:45221
2019-07-14 16:31:36,751 WARN  impl.MetricsConfig (MetricsConfig.java:loadFirst(134)) - Cannot locate configuration: tried hadoop-metrics2-storagecontainermanager.properties,hadoop-metrics2.properties
2019-07-14 16:31:36,752 INFO  impl.MetricsSystemImpl (MetricsSystemImpl.java:startTimer(374)) - Scheduled Metric snapshot period at 10 second(s).
2019-07-14 16:31:36,752 INFO  impl.MetricsSystemImpl (MetricsSystemImpl.java:start(191)) - StorageContainerManager metrics system started
2019-07-14 16:31:36,847 INFO  server.SCMClientProtocolServer (SCMClientProtocolServer.java:start(149)) - RPC server for Client  is listening at /0.0.0.0:45221
2019-07-14 16:31:36,848 INFO  ipc.Server (Server.java:run(1314)) - IPC Server Responder: starting
2019-07-14 16:31:36,848 INFO  ipc.Server (Server.java:run(1153)) - IPC Server listener on 45221: starting
2019-07-14 16:31:36,852 INFO  server.StorageContainerManager (StorageContainerManager.java:start(771)) - ScmBlockLocationProtocol RPC server is listening at /0.0.0.0:41877
2019-07-14 16:31:36,852 INFO  server.SCMBlockProtocolServer (SCMBlockProtocolServer.java:start(140)) - RPC server for Block Protocol is listening at /0.0.0.0:41877
2019-07-14 16:31:36,853 INFO  ipc.Server (Server.java:run(1314)) - IPC Server Responder: starting
2019-07-14 16:31:36,853 INFO  ipc.Server (Server.java:run(1153)) - IPC Server listener on 41877: starting
2019-07-14 16:31:36,857 INFO  server.StorageContainerManager (StorageContainerManager.java:start(775)) - ScmDatanodeProtocl RPC server is listening at /0.0.0.0:42305
2019-07-14 16:31:37,022 INFO  server.SCMDatanodeProtocolServer (SCMDatanodeProtocolServer.java:start(191)) - RPC server for DataNodes is listening at /0.0.0.0:42305
2019-07-14 16:31:37,029 INFO  ipc.Server (Server.java:run(1314)) - IPC Server Responder: starting
2019-07-14 16:31:37,029 INFO  ipc.Server (Server.java:run(1153)) - IPC Server listener on 42305: starting
2019-07-14 16:31:37,037 INFO  http.HttpServer2 (HttpServer2.java:bindListener(1191)) - Jetty bound to port 33761
2019-07-14 16:31:37,037 INFO  server.Server (Server.java:doStart(351)) - jetty-9.3.24.v20180605, build timestamp: 2018-06-05T17:11:56Z, git hash: 84205aa28f11a4f31f2a3b86d1bba2cc8ab69827
2019-07-14 16:31:37,040 INFO  handler.ContextHandler (ContextHandler.java:doStart(781)) - Started o.e.j.s.ServletContextHandler@16eb93af{/logs,file:///workdir/hadoop-ozone/integration-test/target/log,AVAILABLE}
2019-07-14 16:31:37,044 INFO  handler.ContextHandler (ContextHandler.java:doStart(781)) - Started o.e.j.s.ServletContextHandler@3ed87b6e{/static,file:///workdir/hadoop-ozone/integration-test/target/test-classes/webapps/static,AVAILABLE}
2019-07-14 16:31:37,050 INFO  handler.ContextHandler (ContextHandler.java:doStart(781)) - Started o.e.j.w.WebAppContext@2262bc86{/,file:///workdir/hadoop-ozone/integration-test/target/test-classes/webapps/scm/,AVAILABLE}{/scm}
2019-07-14 16:31:37,051 INFO  server.AbstractConnector (AbstractConnector.java:doStart(278)) - Started ServerConnector@3872867d{HTTP/1.1,[http/1.1]}{0.0.0.0:33761}
2019-07-14 16:31:37,051 INFO  server.Server (Server.java:doStart(419)) - Started @557755ms
2019-07-14 16:31:37,052 INFO  server.BaseHttpServer (BaseHttpServer.java:updateConnectorAddress(207)) - HTTP server of SCM is listening at http://0.0.0.0:33761
2019-07-14 16:31:37,054 WARN  server.ServerUtils (ServerUtils.java:getDBPath(222)) - ozone.om.db.dirs is not configured. We recommend adding this setting. Falling back to ozone.metadata.dirs instead.
2019-07-14 16:31:37,054 INFO  util.JvmPauseMonitor (JvmPauseMonitor.java:run(188)) - Starting JVM pause monitor
2019-07-14 16:31:37,068 WARN  server.ServerUtils (ServerUtils.java:getDBPath(222)) - ozone.om.db.dirs is not configured. We recommend adding this setting. Falling back to ozone.metadata.dirs instead.
2019-07-14 16:31:37,069 INFO  om.OzoneManager (OzoneManager.java:setOMNodeDetails(632)) - OM Service ID is not set. Setting it to the default ID: omServiceIdDefault
2019-07-14 16:31:37,069 INFO  om.OzoneManager (OzoneManager.java:setOMNodeDetails(638)) - OM Node ID is not set. Setting it to the OmStorage's OmID: 59b7c061-7de9-406a-9ed9-b6fbc33836af
2019-07-14 16:31:37,069 INFO  om.OzoneManager (OzoneManager.java:loadOMHAConfigs(589)) - Found matching OM address with OMServiceId: null, OMNodeId: null, RPC Address: localhost:0 and Ratis port: 9872
2019-07-14 16:31:37,078 WARN  server.ServerUtils (ServerUtils.java:getDBPath(222)) - ozone.om.db.dirs is not configured. We recommend adding this setting. Falling back to ozone.metadata.dirs instead.
2019-07-14 16:31:37,078 INFO  db.DBStoreBuilder (DBStoreBuilder.java:addTable(110)) - using custom profile for table: userTable
2019-07-14 16:31:37,078 INFO  db.DBStoreBuilder (DBStoreBuilder.java:processTables(161)) - Using default column profile:DBProfile.DISK for Table:userTable
2019-07-14 16:31:37,079 INFO  db.DBStoreBuilder (DBStoreBuilder.java:addTable(110)) - using custom profile for table: volumeTable
2019-07-14 16:31:37,079 INFO  db.DBStoreBuilder (DBStoreBuilder.java:processTables(161)) - Using default column profile:DBProfile.DISK for Table:volumeTable
2019-07-14 16:31:37,079 INFO  db.DBStoreBuilder (DBStoreBuilder.java:addTable(110)) - using custom profile for table: bucketTable
2019-07-14 16:31:37,080 INFO  db.DBStoreBuilder (DBStoreBuilder.java:processTables(161)) - Using default column profile:DBProfile.DISK for Table:bucketTable
2019-07-14 16:31:37,080 INFO  db.DBStoreBuilder (DBStoreBuilder.java:addTable(110)) - using custom profile for table: keyTable
2019-07-14 16:31:37,080 INFO  db.DBStoreBuilder (DBStoreBuilder.java:processTables(161)) - Using default column profile:DBProfile.DISK for Table:keyTable
2019-07-14 16:31:37,080 INFO  db.DBStoreBuilder (DBStoreBuilder.java:addTable(110)) - using custom profile for table: deletedTable
2019-07-14 16:31:37,081 INFO  db.DBStoreBuilder (DBStoreBuilder.java:processTables(161)) - Using default column profile:DBProfile.DISK for Table:deletedTable
2019-07-14 16:31:37,081 INFO  db.DBStoreBuilder (DBStoreBuilder.java:addTable(110)) - using custom profile for table: openKeyTable
2019-07-14 16:31:37,081 INFO  db.DBStoreBuilder (DBStoreBuilder.java:processTables(161)) - Using default column profile:DBProfile.DISK for Table:openKeyTable
2019-07-14 16:31:37,081 INFO  db.DBStoreBuilder (DBStoreBuilder.java:addTable(110)) - using custom profile for table: s3Table
2019-07-14 16:31:37,082 INFO  db.DBStoreBuilder (DBStoreBuilder.java:processTables(161)) - Using default column profile:DBProfile.DISK for Table:s3Table
2019-07-14 16:31:37,082 INFO  db.DBStoreBuilder (DBStoreBuilder.java:addTable(110)) - using custom profile for table: multipartInfoTable
2019-07-14 16:31:37,082 INFO  db.DBStoreBuilder (DBStoreBuilder.java:processTables(161)) - Using default column profile:DBProfile.DISK for Table:multipartInfoTable
2019-07-14 16:31:37,083 INFO  db.DBStoreBuilder (DBStoreBuilder.java:addTable(110)) - using custom profile for table: dTokenTable
2019-07-14 16:31:37,083 INFO  db.DBStoreBuilder (DBStoreBuilder.java:processTables(161)) - Using default column profile:DBProfile.DISK for Table:dTokenTable
2019-07-14 16:31:37,083 INFO  db.DBStoreBuilder (DBStoreBuilder.java:addTable(110)) - using custom profile for table: s3SecretTable
2019-07-14 16:31:37,083 INFO  db.DBStoreBuilder (DBStoreBuilder.java:processTables(161)) - Using default column profile:DBProfile.DISK for Table:s3SecretTable
2019-07-14 16:31:37,084 INFO  db.DBStoreBuilder (DBStoreBuilder.java:addTable(110)) - using custom profile for table: prefixTable
2019-07-14 16:31:37,084 INFO  db.DBStoreBuilder (DBStoreBuilder.java:processTables(161)) - Using default column profile:DBProfile.DISK for Table:prefixTable
2019-07-14 16:31:37,084 INFO  db.DBStoreBuilder (DBStoreBuilder.java:addTable(110)) - using custom profile for table: default
2019-07-14 16:31:37,084 INFO  db.DBStoreBuilder (DBStoreBuilder.java:processTables(167)) - Using default column profile:DBProfile.DISK for Table:default
2019-07-14 16:31:37,085 INFO  db.DBStoreBuilder (DBStoreBuilder.java:getDbProfile(198)) - Using default options. DBProfile.DISK
2019-07-14 16:31:37,572 INFO  ipc.CallQueueManager (CallQueueManager.java:<init>(84)) - Using callQueue: class java.util.concurrent.LinkedBlockingQueue, queueCapacity: 2000, scheduler: class org.apache.hadoop.ipc.DefaultRpcScheduler, ipcBackoff: false.
2019-07-14 16:31:37,573 INFO  ipc.Server (Server.java:run(1074)) - Starting Socket Reader #1 for port 42178
2019-07-14 16:31:37,591 WARN  server.ServerUtils (ServerUtils.java:getDBPath(222)) - ozone.om.db.dirs is not configured. We recommend adding this setting. Falling back to ozone.metadata.dirs instead.
2019-07-14 16:31:37,591 INFO  om.OzoneManager (OzoneManager.java:start(1230)) - OzoneManager RPC server is listening at localhost/127.0.0.1:42178
2019-07-14 16:31:37,591 INFO  impl.MetricsSystemImpl (MetricsSystemImpl.java:init(158)) - OzoneManager metrics system started (again)
2019-07-14 16:31:37,597 INFO  ipc.Server (Server.java:run(1314)) - IPC Server Responder: starting
2019-07-14 16:31:37,597 INFO  ipc.Server (Server.java:run(1153)) - IPC Server listener on 42178: starting
2019-07-14 16:31:37,603 INFO  hdfs.DFSUtil (DFSUtil.java:httpServerTemplateForNNAndJN(1641)) - Starting Web-server for ozoneManager at: http://0.0.0.0:0
2019-07-14 16:31:37,605 INFO  server.AuthenticationFilter (AuthenticationFilter.java:constructSecretProvider(240)) - Unable to initialize FileSignerSecretProvider, falling back to use random secrets.
2019-07-14 16:31:37,606 WARN  http.HttpRequestLog (HttpRequestLog.java:getRequestLog(97)) - Jetty request log can only be enabled using Log4j
2019-07-14 16:31:37,608 INFO  http.HttpServer2 (HttpServer2.java:addGlobalFilter(975)) - Added global filter 'safety' (class=org.apache.hadoop.http.HttpServer2$QuotingInputFilter)
2019-07-14 16:31:37,608 INFO  http.HttpServer2 (HttpServer2.java:addFilter(948)) - Added filter static_user_filter (class=org.apache.hadoop.http.lib.StaticUserWebFilter$StaticUserFilter) to context ozoneManager
2019-07-14 16:31:37,609 INFO  http.HttpServer2 (HttpServer2.java:addFilter(958)) - Added filter static_user_filter (class=org.apache.hadoop.http.lib.StaticUserWebFilter$StaticUserFilter) to context static
2019-07-14 16:31:37,609 INFO  http.HttpServer2 (HttpServer2.java:addFilter(958)) - Added filter static_user_filter (class=org.apache.hadoop.http.lib.StaticUserWebFilter$StaticUserFilter) to context logs
2019-07-14 16:31:37,610 INFO  http.HttpServer2 (HttpServer2.java:bindListener(1191)) - Jetty bound to port 42526
2019-07-14 16:31:37,610 INFO  server.Server (Server.java:doStart(351)) - jetty-9.3.24.v20180605, build timestamp: 2018-06-05T17:11:56Z, git hash: 84205aa28f11a4f31f2a3b86d1bba2cc8ab69827
2019-07-14 16:31:37,612 INFO  handler.ContextHandler (ContextHandler.java:doStart(781)) - Started o.e.j.s.ServletContextHandler@65b7678a{/logs,file:///workdir/hadoop-ozone/integration-test/target/log,AVAILABLE}
2019-07-14 16:31:37,613 INFO  handler.ContextHandler (ContextHandler.java:doStart(781)) - Started o.e.j.s.ServletContextHandler@5bbc033f{/static,file:///workdir/hadoop-ozone/integration-test/target/test-classes/webapps/static,AVAILABLE}
2019-07-14 16:31:37,618 INFO  handler.ContextHandler (ContextHandler.java:doStart(781)) - Started o.e.j.w.WebAppContext@3cc5408c{/,file:///workdir/hadoop-ozone/integration-test/target/test-classes/webapps/ozoneManager/,AVAILABLE}{/ozoneManager}
2019-07-14 16:31:37,619 INFO  server.AbstractConnector (AbstractConnector.java:doStart(278)) - Started ServerConnector@1ecd09d5{HTTP/1.1,[http/1.1]}{0.0.0.0:42526}
2019-07-14 16:31:37,620 INFO  server.Server (Server.java:doStart(419)) - Started @558324ms
2019-07-14 16:31:37,621 INFO  server.BaseHttpServer (BaseHttpServer.java:updateConnectorAddress(207)) - HTTP server of OZONEMANAGER is listening at http://0.0.0.0:42526
2019-07-14 16:31:37,640 INFO  impl.MetricsSystemImpl (MetricsSystemImpl.java:init(158)) - HddsDatanode metrics system started (again)
2019-07-14 16:31:37,643 INFO  ozone.HddsDatanodeService (HddsDatanodeService.java:start(185)) - HddsDatanodeService host:pr-hdds-1710-5x6jb-1204890111 ip:192.168.69.77
2019-07-14 16:31:37,653 INFO  volume.HddsVolume (HddsVolume.java:<init>(176)) - Creating Volume: /workdir/hadoop-ozone/integration-test/target/test-dir/MiniOzoneClusterImpl-58c8e1a0-14c9-42bb-9613-da5ce92a45b6/datanode-0/data/containers/hdds of  storage type : DISK and capacity : 52710309888
2019-07-14 16:31:37,653 INFO  volume.VolumeSet (VolumeSet.java:initializeVolumeSet(170)) - Added Volume : /workdir/hadoop-ozone/integration-test/target/test-dir/MiniOzoneClusterImpl-58c8e1a0-14c9-42bb-9613-da5ce92a45b6/datanode-0/data/containers/hdds to VolumeSet
2019-07-14 16:31:37,654 INFO  volume.ThrottledAsyncChecker (ThrottledAsyncChecker.java:schedule(140)) - Scheduling a check for org.apache.hadoop.ozone.container.common.volume.HddsVolume@586b78d7
2019-07-14 16:31:37,654 INFO  volume.HddsVolumeChecker (HddsVolumeChecker.java:checkAllVolumes(203)) - Scheduled health check for volume org.apache.hadoop.ozone.container.common.volume.HddsVolume@586b78d7
2019-07-14 16:31:37,672 INFO  impl.RaftServerProxy (ConfUtils.java:logGet(43)) - raft.rpc.type = GRPC (default)
2019-07-14 16:31:37,672 INFO  grpc.GrpcFactory (GrpcFactory.java:checkPooledByteBufAllocatorUseCacheForAllThreads(45)) - PERFORMANCE WARNING: useCacheForAllThreads is true that may cause Netty to create a lot garbage objects and, as a result, trigger GC.
	It is recommended to disable useCacheForAllThreads by setting -Dorg.apache.ratis.thirdparty.io.netty.allocator.useCacheForAllThreads=false in command line.
2019-07-14 16:31:37,672 INFO  grpc.GrpcConfigKeys$Server (ConfUtils.java:logGet(43)) - raft.grpc.server.port = 0 (default)
2019-07-14 16:31:37,673 INFO  server.GrpcService (ConfUtils.java:logGet(43)) - raft.grpc.message.size.max = 33570816 (custom)
2019-07-14 16:31:37,673 INFO  server.RaftServerConfigKeys (ConfUtils.java:logGet(43)) - raft.server.log.appender.buffer.byte-limit = 33554432 (custom)
2019-07-14 16:31:37,673 INFO  server.GrpcService (ConfUtils.java:logGet(43)) - raft.grpc.flow.control.window = 1MB (=1048576) (default)
2019-07-14 16:31:37,673 INFO  server.RaftServerConfigKeys (ConfUtils.java:logGet(43)) - raft.server.rpc.request.timeout = 3000ms (default)
2019-07-14 16:31:37,674 INFO  server.RaftServerConfigKeys (ConfUtils.java:logGet(43)) - raft.server.storage.dir = [/workdir/hadoop-ozone/integration-test/target/test-dir/MiniOzoneClusterImpl-58c8e1a0-14c9-42bb-9613-da5ce92a45b6/datanode-0/data/ratis] (custom)
2019-07-14 16:31:37,675 INFO  replication.SimpleContainerDownloader (SimpleContainerDownloader.java:<init>(72)) - Starting container downloader service to copy containers to replicate.
2019-07-14 16:31:37,676 INFO  hdfs.DFSUtil (DFSUtil.java:httpServerTemplateForNNAndJN(1641)) - Starting Web-server for hddsDatanode at: http://0.0.0.0:0
2019-07-14 16:31:37,677 INFO  server.AuthenticationFilter (AuthenticationFilter.java:constructSecretProvider(240)) - Unable to initialize FileSignerSecretProvider, falling back to use random secrets.
2019-07-14 16:31:37,678 WARN  http.HttpRequestLog (HttpRequestLog.java:getRequestLog(97)) - Jetty request log can only be enabled using Log4j
2019-07-14 16:31:37,679 INFO  http.HttpServer2 (HttpServer2.java:addGlobalFilter(975)) - Added global filter 'safety' (class=org.apache.hadoop.http.HttpServer2$QuotingInputFilter)
2019-07-14 16:31:37,679 INFO  http.HttpServer2 (HttpServer2.java:addFilter(948)) - Added filter static_user_filter (class=org.apache.hadoop.http.lib.StaticUserWebFilter$StaticUserFilter) to context hddsDatanode
2019-07-14 16:31:37,680 INFO  http.HttpServer2 (HttpServer2.java:addFilter(958)) - Added filter static_user_filter (class=org.apache.hadoop.http.lib.StaticUserWebFilter$StaticUserFilter) to context static
2019-07-14 16:31:37,680 INFO  http.HttpServer2 (HttpServer2.java:addFilter(958)) - Added filter static_user_filter (class=org.apache.hadoop.http.lib.StaticUserWebFilter$StaticUserFilter) to context logs
2019-07-14 16:31:37,681 INFO  http.HttpServer2 (HttpServer2.java:bindListener(1191)) - Jetty bound to port 40643
2019-07-14 16:31:37,681 INFO  server.Server (Server.java:doStart(351)) - jetty-9.3.24.v20180605, build timestamp: 2018-06-05T17:11:56Z, git hash: 84205aa28f11a4f31f2a3b86d1bba2cc8ab69827
2019-07-14 16:31:37,683 INFO  handler.ContextHandler (ContextHandler.java:doStart(781)) - Started o.e.j.s.ServletContextHandler@760d6350{/logs,file:///workdir/hadoop-ozone/integration-test/target/log,AVAILABLE}
2019-07-14 16:31:37,683 INFO  handler.ContextHandler (ContextHandler.java:doStart(781)) - Started o.e.j.s.ServletContextHandler@2a15bbf3{/static,jar:file:/home/user/.m2/repository/org/apache/hadoop/hadoop-hdds-container-service/0.5.0-SNAPSHOT/hadoop-hdds-container-service-0.5.0-SNAPSHOT.jar!/webapps/static,AVAILABLE}
2019-07-14 16:31:37,718 INFO  handler.ContextHandler (ContextHandler.java:doStart(781)) - Started o.e.j.w.WebAppContext@4e212f46{/,file:///tmp/jetty-0.0.0.0-40643-hddsDatanode-_-any-5141744129569168866.dir/webapp/,AVAILABLE}{/hddsDatanode}
2019-07-14 16:31:37,718 INFO  server.AbstractConnector (AbstractConnector.java:doStart(278)) - Started ServerConnector@629fe84{HTTP/1.1,[http/1.1]}{0.0.0.0:40643}
2019-07-14 16:31:37,719 INFO  server.Server (Server.java:doStart(419)) - Started @558423ms
2019-07-14 16:31:37,720 INFO  server.BaseHttpServer (BaseHttpServer.java:updateConnectorAddress(207)) - HTTP server of HDDSDATANODE is listening at http://0.0.0.0:40643
2019-07-14 16:31:37,821 INFO  ozone.HddsDatanodeService (HddsDatanodeService.java:startPlugins(396)) - Started plug-in org.apache.hadoop.ozone.web.OzoneHddsDatanodeService@7c31e01f
2019-07-14 16:31:37,822 INFO  impl.MetricsSystemImpl (MetricsSystemImpl.java:init(158)) - HddsDatanode metrics system started (again)
2019-07-14 16:31:37,826 INFO  ozone.HddsDatanodeService (HddsDatanodeService.java:start(185)) - HddsDatanodeService host:pr-hdds-1710-5x6jb-1204890111 ip:192.168.69.77
2019-07-14 16:31:37,826 INFO  util.JvmPauseMonitor (JvmPauseMonitor.java:run(188)) - Starting JVM pause monitor
2019-07-14 16:31:37,828 INFO  datanode.InitDatanodeState (InitDatanodeState.java:persistContainerDatanodeDetails(140)) - DatanodeDetails is persisted to /workdir/hadoop-ozone/integration-test/target/test-dir/MiniOzoneClusterImpl-58c8e1a0-14c9-42bb-9613-da5ce92a45b6/datanode-0/meta/datanode.id
2019-07-14 16:31:37,835 INFO  volume.HddsVolume (HddsVolume.java:<init>(176)) - Creating Volume: /workdir/hadoop-ozone/integration-test/target/test-dir/MiniOzoneClusterImpl-58c8e1a0-14c9-42bb-9613-da5ce92a45b6/datanode-1/data/containers/hdds of  storage type : DISK and capacity : 52710309888
2019-07-14 16:31:37,835 INFO  volume.VolumeSet (VolumeSet.java:initializeVolumeSet(170)) - Added Volume : /workdir/hadoop-ozone/integration-test/target/test-dir/MiniOzoneClusterImpl-58c8e1a0-14c9-42bb-9613-da5ce92a45b6/datanode-1/data/containers/hdds to VolumeSet
2019-07-14 16:31:37,836 INFO  volume.ThrottledAsyncChecker (ThrottledAsyncChecker.java:schedule(140)) - Scheduling a check for org.apache.hadoop.ozone.container.common.volume.HddsVolume@7be86438
2019-07-14 16:31:37,836 INFO  volume.HddsVolumeChecker (HddsVolumeChecker.java:checkAllVolumes(203)) - Scheduled health check for volume org.apache.hadoop.ozone.container.common.volume.HddsVolume@7be86438
2019-07-14 16:31:37,849 INFO  impl.RaftServerProxy (ConfUtils.java:logGet(43)) - raft.rpc.type = GRPC (default)
2019-07-14 16:31:37,849 INFO  grpc.GrpcFactory (GrpcFactory.java:checkPooledByteBufAllocatorUseCacheForAllThreads(45)) - PERFORMANCE WARNING: useCacheForAllThreads is true that may cause Netty to create a lot garbage objects and, as a result, trigger GC.
	It is recommended to disable useCacheForAllThreads by setting -Dorg.apache.ratis.thirdparty.io.netty.allocator.useCacheForAllThreads=false in command line.
2019-07-14 16:31:37,849 INFO  grpc.GrpcConfigKeys$Server (ConfUtils.java:logGet(43)) - raft.grpc.server.port = 0 (default)
2019-07-14 16:31:37,849 INFO  server.GrpcService (ConfUtils.java:logGet(43)) - raft.grpc.message.size.max = 33570816 (custom)
2019-07-14 16:31:37,850 INFO  server.RaftServerConfigKeys (ConfUtils.java:logGet(43)) - raft.server.log.appender.buffer.byte-limit = 33554432 (custom)
2019-07-14 16:31:37,850 INFO  server.GrpcService (ConfUtils.java:logGet(43)) - raft.grpc.flow.control.window = 1MB (=1048576) (default)
2019-07-14 16:31:37,850 INFO  server.RaftServerConfigKeys (ConfUtils.java:logGet(43)) - raft.server.rpc.request.timeout = 3000ms (default)
2019-07-14 16:31:37,850 INFO  server.RaftServerConfigKeys (ConfUtils.java:logGet(43)) - raft.server.storage.dir = [/workdir/hadoop-ozone/integration-test/target/test-dir/MiniOzoneClusterImpl-58c8e1a0-14c9-42bb-9613-da5ce92a45b6/datanode-1/data/ratis] (custom)
2019-07-14 16:31:37,851 INFO  replication.SimpleContainerDownloader (SimpleContainerDownloader.java:<init>(72)) - Starting container downloader service to copy containers to replicate.
2019-07-14 16:31:37,852 INFO  hdfs.DFSUtil (DFSUtil.java:httpServerTemplateForNNAndJN(1641)) - Starting Web-server for hddsDatanode at: http://0.0.0.0:0
2019-07-14 16:31:37,853 INFO  server.AuthenticationFilter (AuthenticationFilter.java:constructSecretProvider(240)) - Unable to initialize FileSignerSecretProvider, falling back to use random secrets.
2019-07-14 16:31:37,853 WARN  http.HttpRequestLog (HttpRequestLog.java:getRequestLog(97)) - Jetty request log can only be enabled using Log4j
2019-07-14 16:31:37,854 INFO  http.HttpServer2 (HttpServer2.java:addGlobalFilter(975)) - Added global filter 'safety' (class=org.apache.hadoop.http.HttpServer2$QuotingInputFilter)
2019-07-14 16:31:37,855 INFO  http.HttpServer2 (HttpServer2.java:addFilter(948)) - Added filter static_user_filter (class=org.apache.hadoop.http.lib.StaticUserWebFilter$StaticUserFilter) to context hddsDatanode
2019-07-14 16:31:37,855 INFO  http.HttpServer2 (HttpServer2.java:addFilter(958)) - Added filter static_user_filter (class=org.apache.hadoop.http.lib.StaticUserWebFilter$StaticUserFilter) to context logs
2019-07-14 16:31:37,855 INFO  http.HttpServer2 (HttpServer2.java:addFilter(958)) - Added filter static_user_filter (class=org.apache.hadoop.http.lib.StaticUserWebFilter$StaticUserFilter) to context static
2019-07-14 16:31:37,856 INFO  http.HttpServer2 (HttpServer2.java:bindListener(1191)) - Jetty bound to port 40030
2019-07-14 16:31:37,856 INFO  server.Server (Server.java:doStart(351)) - jetty-9.3.24.v20180605, build timestamp: 2018-06-05T17:11:56Z, git hash: 84205aa28f11a4f31f2a3b86d1bba2cc8ab69827
2019-07-14 16:31:37,858 INFO  handler.ContextHandler (ContextHandler.java:doStart(781)) - Started o.e.j.s.ServletContextHandler@2d4f1ddd{/logs,file:///workdir/hadoop-ozone/integration-test/target/log,AVAILABLE}
2019-07-14 16:31:37,858 INFO  handler.ContextHandler (ContextHandler.java:doStart(781)) - Started o.e.j.s.ServletContextHandler@5ae67f05{/static,jar:file:/home/user/.m2/repository/org/apache/hadoop/hadoop-hdds-container-service/0.5.0-SNAPSHOT/hadoop-hdds-container-service-0.5.0-SNAPSHOT.jar!/webapps/static,AVAILABLE}
2019-07-14 16:31:37,884 INFO  handler.ContextHandler (ContextHandler.java:doStart(781)) - Started o.e.j.w.WebAppContext@3cfab56d{/,file:///tmp/jetty-0.0.0.0-40030-hddsDatanode-_-any-6377470588217851829.dir/webapp/,AVAILABLE}{/hddsDatanode}
2019-07-14 16:31:37,885 INFO  server.AbstractConnector (AbstractConnector.java:doStart(278)) - Started ServerConnector@6b6fde93{HTTP/1.1,[http/1.1]}{0.0.0.0:40030}
2019-07-14 16:31:37,886 INFO  server.Server (Server.java:doStart(419)) - Started @558590ms
2019-07-14 16:31:37,887 INFO  server.BaseHttpServer (BaseHttpServer.java:updateConnectorAddress(207)) - HTTP server of HDDSDATANODE is listening at http://0.0.0.0:40030
2019-07-14 16:31:37,987 INFO  ozone.HddsDatanodeService (HddsDatanodeService.java:startPlugins(396)) - Started plug-in org.apache.hadoop.ozone.web.OzoneHddsDatanodeService@26f7b114
2019-07-14 16:31:37,988 INFO  impl.MetricsSystemImpl (MetricsSystemImpl.java:init(158)) - HddsDatanode metrics system started (again)
2019-07-14 16:31:37,992 INFO  util.JvmPauseMonitor (JvmPauseMonitor.java:run(188)) - Starting JVM pause monitor
2019-07-14 16:31:37,992 INFO  ozone.HddsDatanodeService (HddsDatanodeService.java:start(185)) - HddsDatanodeService host:pr-hdds-1710-5x6jb-1204890111 ip:192.168.69.77
2019-07-14 16:31:37,993 INFO  datanode.InitDatanodeState (InitDatanodeState.java:persistContainerDatanodeDetails(140)) - DatanodeDetails is persisted to /workdir/hadoop-ozone/integration-test/target/test-dir/MiniOzoneClusterImpl-58c8e1a0-14c9-42bb-9613-da5ce92a45b6/datanode-1/meta/datanode.id
2019-07-14 16:31:38,000 INFO  volume.HddsVolume (HddsVolume.java:<init>(176)) - Creating Volume: /workdir/hadoop-ozone/integration-test/target/test-dir/MiniOzoneClusterImpl-58c8e1a0-14c9-42bb-9613-da5ce92a45b6/datanode-2/data/containers/hdds of  storage type : DISK and capacity : 52710309888
2019-07-14 16:31:38,001 INFO  volume.VolumeSet (VolumeSet.java:initializeVolumeSet(170)) - Added Volume : /workdir/hadoop-ozone/integration-test/target/test-dir/MiniOzoneClusterImpl-58c8e1a0-14c9-42bb-9613-da5ce92a45b6/datanode-2/data/containers/hdds to VolumeSet
2019-07-14 16:31:38,001 INFO  volume.ThrottledAsyncChecker (ThrottledAsyncChecker.java:schedule(140)) - Scheduling a check for org.apache.hadoop.ozone.container.common.volume.HddsVolume@51b2b3e6
2019-07-14 16:31:38,001 INFO  volume.HddsVolumeChecker (HddsVolumeChecker.java:checkAllVolumes(203)) - Scheduled health check for volume org.apache.hadoop.ozone.container.common.volume.HddsVolume@51b2b3e6
2019-07-14 16:31:38,014 INFO  impl.RaftServerProxy (ConfUtils.java:logGet(43)) - raft.rpc.type = GRPC (default)
2019-07-14 16:31:38,015 INFO  grpc.GrpcFactory (GrpcFactory.java:checkPooledByteBufAllocatorUseCacheForAllThreads(45)) - PERFORMANCE WARNING: useCacheForAllThreads is true that may cause Netty to create a lot garbage objects and, as a result, trigger GC.
	It is recommended to disable useCacheForAllThreads by setting -Dorg.apache.ratis.thirdparty.io.netty.allocator.useCacheForAllThreads=false in command line.
2019-07-14 16:31:38,015 INFO  grpc.GrpcConfigKeys$Server (ConfUtils.java:logGet(43)) - raft.grpc.server.port = 0 (default)
2019-07-14 16:31:38,015 INFO  server.GrpcService (ConfUtils.java:logGet(43)) - raft.grpc.message.size.max = 33570816 (custom)
2019-07-14 16:31:38,016 INFO  server.RaftServerConfigKeys (ConfUtils.java:logGet(43)) - raft.server.log.appender.buffer.byte-limit = 33554432 (custom)
2019-07-14 16:31:38,016 INFO  server.GrpcService (ConfUtils.java:logGet(43)) - raft.grpc.flow.control.window = 1MB (=1048576) (default)
2019-07-14 16:31:38,016 INFO  server.RaftServerConfigKeys (ConfUtils.java:logGet(43)) - raft.server.rpc.request.timeout = 3000ms (default)
2019-07-14 16:31:38,017 INFO  server.RaftServerConfigKeys (ConfUtils.java:logGet(43)) - raft.server.storage.dir = [/workdir/hadoop-ozone/integration-test/target/test-dir/MiniOzoneClusterImpl-58c8e1a0-14c9-42bb-9613-da5ce92a45b6/datanode-2/data/ratis] (custom)
2019-07-14 16:31:38,017 INFO  replication.SimpleContainerDownloader (SimpleContainerDownloader.java:<init>(72)) - Starting container downloader service to copy containers to replicate.
2019-07-14 16:31:38,018 INFO  hdfs.DFSUtil (DFSUtil.java:httpServerTemplateForNNAndJN(1641)) - Starting Web-server for hddsDatanode at: http://0.0.0.0:0
2019-07-14 16:31:38,020 INFO  server.AuthenticationFilter (AuthenticationFilter.java:constructSecretProvider(240)) - Unable to initialize FileSignerSecretProvider, falling back to use random secrets.
2019-07-14 16:31:38,020 WARN  http.HttpRequestLog (HttpRequestLog.java:getRequestLog(97)) - Jetty request log can only be enabled using Log4j
2019-07-14 16:31:38,021 INFO  http.HttpServer2 (HttpServer2.java:addGlobalFilter(975)) - Added global filter 'safety' (class=org.apache.hadoop.http.HttpServer2$QuotingInputFilter)
2019-07-14 16:31:38,022 INFO  http.HttpServer2 (HttpServer2.java:addFilter(948)) - Added filter static_user_filter (class=org.apache.hadoop.http.lib.StaticUserWebFilter$StaticUserFilter) to context hddsDatanode
2019-07-14 16:31:38,022 INFO  http.HttpServer2 (HttpServer2.java:addFilter(958)) - Added filter static_user_filter (class=org.apache.hadoop.http.lib.StaticUserWebFilter$StaticUserFilter) to context static
2019-07-14 16:31:38,022 INFO  http.HttpServer2 (HttpServer2.java:addFilter(958)) - Added filter static_user_filter (class=org.apache.hadoop.http.lib.StaticUserWebFilter$StaticUserFilter) to context logs
2019-07-14 16:31:38,022 INFO  http.HttpServer2 (HttpServer2.java:bindListener(1191)) - Jetty bound to port 33245
2019-07-14 16:31:38,023 INFO  server.Server (Server.java:doStart(351)) - jetty-9.3.24.v20180605, build timestamp: 2018-06-05T17:11:56Z, git hash: 84205aa28f11a4f31f2a3b86d1bba2cc8ab69827
2019-07-14 16:31:38,024 INFO  handler.ContextHandler (ContextHandler.java:doStart(781)) - Started o.e.j.s.ServletContextHandler@67eabe02{/logs,file:///workdir/hadoop-ozone/integration-test/target/log,AVAILABLE}
2019-07-14 16:31:38,024 INFO  handler.ContextHandler (ContextHandler.java:doStart(781)) - Started o.e.j.s.ServletContextHandler@73072745{/static,jar:file:/home/user/.m2/repository/org/apache/hadoop/hadoop-hdds-container-service/0.5.0-SNAPSHOT/hadoop-hdds-container-service-0.5.0-SNAPSHOT.jar!/webapps/static,AVAILABLE}
2019-07-14 16:31:38,051 INFO  handler.ContextHandler (ContextHandler.java:doStart(781)) - Started o.e.j.w.WebAppContext@62b0792{/,file:///tmp/jetty-0.0.0.0-33245-hddsDatanode-_-any-2036901604620353627.dir/webapp/,AVAILABLE}{/hddsDatanode}
2019-07-14 16:31:38,052 INFO  server.AbstractConnector (AbstractConnector.java:doStart(278)) - Started ServerConnector@2fd409c1{HTTP/1.1,[http/1.1]}{0.0.0.0:33245}
2019-07-14 16:31:38,053 INFO  server.Server (Server.java:doStart(419)) - Started @558757ms
2019-07-14 16:31:38,054 INFO  server.BaseHttpServer (BaseHttpServer.java:updateConnectorAddress(207)) - HTTP server of HDDSDATANODE is listening at http://0.0.0.0:33245
2019-07-14 16:31:38,153 INFO  ozone.HddsDatanodeService (HddsDatanodeService.java:startPlugins(396)) - Started plug-in org.apache.hadoop.ozone.web.OzoneHddsDatanodeService@6fc03cf6
2019-07-14 16:31:38,153 INFO  impl.MetricsSystemImpl (MetricsSystemImpl.java:init(158)) - HddsDatanode metrics system started (again)
2019-07-14 16:31:38,157 INFO  util.JvmPauseMonitor (JvmPauseMonitor.java:run(188)) - Starting JVM pause monitor
2019-07-14 16:31:38,158 INFO  ozone.HddsDatanodeService (HddsDatanodeService.java:start(185)) - HddsDatanodeService host:pr-hdds-1710-5x6jb-1204890111 ip:192.168.69.77
2019-07-14 16:31:38,159 INFO  datanode.InitDatanodeState (InitDatanodeState.java:persistContainerDatanodeDetails(140)) - DatanodeDetails is persisted to /workdir/hadoop-ozone/integration-test/target/test-dir/MiniOzoneClusterImpl-58c8e1a0-14c9-42bb-9613-da5ce92a45b6/datanode-2/meta/datanode.id
2019-07-14 16:31:38,166 INFO  volume.HddsVolume (HddsVolume.java:<init>(176)) - Creating Volume: /workdir/hadoop-ozone/integration-test/target/test-dir/MiniOzoneClusterImpl-58c8e1a0-14c9-42bb-9613-da5ce92a45b6/datanode-3/data/containers/hdds of  storage type : DISK and capacity : 52710309888
2019-07-14 16:31:38,166 INFO  volume.VolumeSet (VolumeSet.java:initializeVolumeSet(170)) - Added Volume : /workdir/hadoop-ozone/integration-test/target/test-dir/MiniOzoneClusterImpl-58c8e1a0-14c9-42bb-9613-da5ce92a45b6/datanode-3/data/containers/hdds to VolumeSet
2019-07-14 16:31:38,166 INFO  volume.ThrottledAsyncChecker (ThrottledAsyncChecker.java:schedule(140)) - Scheduling a check for org.apache.hadoop.ozone.container.common.volume.HddsVolume@2e8eafb2
2019-07-14 16:31:38,167 INFO  volume.HddsVolumeChecker (HddsVolumeChecker.java:checkAllVolumes(203)) - Scheduled health check for volume org.apache.hadoop.ozone.container.common.volume.HddsVolume@2e8eafb2
2019-07-14 16:31:38,179 INFO  impl.RaftServerProxy (ConfUtils.java:logGet(43)) - raft.rpc.type = GRPC (default)
2019-07-14 16:31:38,179 INFO  grpc.GrpcFactory (GrpcFactory.java:checkPooledByteBufAllocatorUseCacheForAllThreads(45)) - PERFORMANCE WARNING: useCacheForAllThreads is true that may cause Netty to create a lot garbage objects and, as a result, trigger GC.
	It is recommended to disable useCacheForAllThreads by setting -Dorg.apache.ratis.thirdparty.io.netty.allocator.useCacheForAllThreads=false in command line.
2019-07-14 16:31:38,179 INFO  grpc.GrpcConfigKeys$Server (ConfUtils.java:logGet(43)) - raft.grpc.server.port = 0 (default)
2019-07-14 16:31:38,179 INFO  server.GrpcService (ConfUtils.java:logGet(43)) - raft.grpc.message.size.max = 33570816 (custom)
2019-07-14 16:31:38,179 INFO  server.RaftServerConfigKeys (ConfUtils.java:logGet(43)) - raft.server.log.appender.buffer.byte-limit = 33554432 (custom)
2019-07-14 16:31:38,180 INFO  server.GrpcService (ConfUtils.java:logGet(43)) - raft.grpc.flow.control.window = 1MB (=1048576) (default)
2019-07-14 16:31:38,180 INFO  server.RaftServerConfigKeys (ConfUtils.java:logGet(43)) - raft.server.rpc.request.timeout = 3000ms (default)
2019-07-14 16:31:38,180 INFO  server.RaftServerConfigKeys (ConfUtils.java:logGet(43)) - raft.server.storage.dir = [/workdir/hadoop-ozone/integration-test/target/test-dir/MiniOzoneClusterImpl-58c8e1a0-14c9-42bb-9613-da5ce92a45b6/datanode-3/data/ratis] (custom)
2019-07-14 16:31:38,181 INFO  replication.SimpleContainerDownloader (SimpleContainerDownloader.java:<init>(72)) - Starting container downloader service to copy containers to replicate.
2019-07-14 16:31:38,181 INFO  hdfs.DFSUtil (DFSUtil.java:httpServerTemplateForNNAndJN(1641)) - Starting Web-server for hddsDatanode at: http://0.0.0.0:0
2019-07-14 16:31:38,183 INFO  server.AuthenticationFilter (AuthenticationFilter.java:constructSecretProvider(240)) - Unable to initialize FileSignerSecretProvider, falling back to use random secrets.
2019-07-14 16:31:38,183 WARN  http.HttpRequestLog (HttpRequestLog.java:getRequestLog(97)) - Jetty request log can only be enabled using Log4j
2019-07-14 16:31:38,184 INFO  http.HttpServer2 (HttpServer2.java:addGlobalFilter(975)) - Added global filter 'safety' (class=org.apache.hadoop.http.HttpServer2$QuotingInputFilter)
2019-07-14 16:31:38,184 INFO  http.HttpServer2 (HttpServer2.java:addFilter(948)) - Added filter static_user_filter (class=org.apache.hadoop.http.lib.StaticUserWebFilter$StaticUserFilter) to context hddsDatanode
2019-07-14 16:31:38,184 INFO  http.HttpServer2 (HttpServer2.java:addFilter(958)) - Added filter static_user_filter (class=org.apache.hadoop.http.lib.StaticUserWebFilter$StaticUserFilter) to context static
2019-07-14 16:31:38,185 INFO  http.HttpServer2 (HttpServer2.java:addFilter(958)) - Added filter static_user_filter (class=org.apache.hadoop.http.lib.StaticUserWebFilter$StaticUserFilter) to context logs
2019-07-14 16:31:38,185 INFO  http.HttpServer2 (HttpServer2.java:bindListener(1191)) - Jetty bound to port 35126
2019-07-14 16:31:38,185 INFO  server.Server (Server.java:doStart(351)) - jetty-9.3.24.v20180605, build timestamp: 2018-06-05T17:11:56Z, git hash: 84205aa28f11a4f31f2a3b86d1bba2cc8ab69827
2019-07-14 16:31:38,187 INFO  handler.ContextHandler (ContextHandler.java:doStart(781)) - Started o.e.j.s.ServletContextHandler@195888a6{/logs,file:///workdir/hadoop-ozone/integration-test/target/log,AVAILABLE}
2019-07-14 16:31:38,187 INFO  handler.ContextHandler (ContextHandler.java:doStart(781)) - Started o.e.j.s.ServletContextHandler@580c4c0b{/static,jar:file:/home/user/.m2/repository/org/apache/hadoop/hadoop-hdds-container-service/0.5.0-SNAPSHOT/hadoop-hdds-container-service-0.5.0-SNAPSHOT.jar!/webapps/static,AVAILABLE}
2019-07-14 16:31:38,213 INFO  handler.ContextHandler (ContextHandler.java:doStart(781)) - Started o.e.j.w.WebAppContext@193792e6{/,file:///tmp/jetty-0.0.0.0-35126-hddsDatanode-_-any-1705650626723759476.dir/webapp/,AVAILABLE}{/hddsDatanode}
2019-07-14 16:31:38,213 INFO  server.AbstractConnector (AbstractConnector.java:doStart(278)) - Started ServerConnector@21f9a305{HTTP/1.1,[http/1.1]}{0.0.0.0:35126}
2019-07-14 16:31:38,215 INFO  server.Server (Server.java:doStart(419)) - Started @558919ms
2019-07-14 16:31:38,215 INFO  server.BaseHttpServer (BaseHttpServer.java:updateConnectorAddress(207)) - HTTP server of HDDSDATANODE is listening at http://0.0.0.0:35126
2019-07-14 16:31:38,314 INFO  ozone.HddsDatanodeService (HddsDatanodeService.java:startPlugins(396)) - Started plug-in org.apache.hadoop.ozone.web.OzoneHddsDatanodeService@701bd6e8
2019-07-14 16:31:38,315 INFO  impl.MetricsSystemImpl (MetricsSystemImpl.java:init(158)) - HddsDatanode metrics system started (again)
2019-07-14 16:31:38,320 INFO  ozone.HddsDatanodeService (HddsDatanodeService.java:start(185)) - HddsDatanodeService host:pr-hdds-1710-5x6jb-1204890111 ip:192.168.69.77
2019-07-14 16:31:38,320 INFO  util.JvmPauseMonitor (JvmPauseMonitor.java:run(188)) - Starting JVM pause monitor
2019-07-14 16:31:38,322 INFO  datanode.InitDatanodeState (InitDatanodeState.java:persistContainerDatanodeDetails(140)) - DatanodeDetails is persisted to /workdir/hadoop-ozone/integration-test/target/test-dir/MiniOzoneClusterImpl-58c8e1a0-14c9-42bb-9613-da5ce92a45b6/datanode-3/meta/datanode.id
2019-07-14 16:31:38,329 INFO  volume.HddsVolume (HddsVolume.java:<init>(176)) - Creating Volume: /workdir/hadoop-ozone/integration-test/target/test-dir/MiniOzoneClusterImpl-58c8e1a0-14c9-42bb-9613-da5ce92a45b6/datanode-4/data/containers/hdds of  storage type : DISK and capacity : 52710309888
2019-07-14 16:31:38,330 INFO  volume.VolumeSet (VolumeSet.java:initializeVolumeSet(170)) - Added Volume : /workdir/hadoop-ozone/integration-test/target/test-dir/MiniOzoneClusterImpl-58c8e1a0-14c9-42bb-9613-da5ce92a45b6/datanode-4/data/containers/hdds to VolumeSet
2019-07-14 16:31:38,330 INFO  volume.ThrottledAsyncChecker (ThrottledAsyncChecker.java:schedule(140)) - Scheduling a check for org.apache.hadoop.ozone.container.common.volume.HddsVolume@1e084a26
2019-07-14 16:31:38,331 INFO  volume.HddsVolumeChecker (HddsVolumeChecker.java:checkAllVolumes(203)) - Scheduled health check for volume org.apache.hadoop.ozone.container.common.volume.HddsVolume@1e084a26
2019-07-14 16:31:38,350 INFO  impl.RaftServerProxy (ConfUtils.java:logGet(43)) - raft.rpc.type = GRPC (default)
2019-07-14 16:31:38,350 INFO  grpc.GrpcFactory (GrpcFactory.java:checkPooledByteBufAllocatorUseCacheForAllThreads(45)) - PERFORMANCE WARNING: useCacheForAllThreads is true that may cause Netty to create a lot garbage objects and, as a result, trigger GC.
	It is recommended to disable useCacheForAllThreads by setting -Dorg.apache.ratis.thirdparty.io.netty.allocator.useCacheForAllThreads=false in command line.
2019-07-14 16:31:38,351 INFO  grpc.GrpcConfigKeys$Server (ConfUtils.java:logGet(43)) - raft.grpc.server.port = 0 (default)
2019-07-14 16:31:38,351 INFO  server.GrpcService (ConfUtils.java:logGet(43)) - raft.grpc.message.size.max = 33570816 (custom)
2019-07-14 16:31:38,351 INFO  server.RaftServerConfigKeys (ConfUtils.java:logGet(43)) - raft.server.log.appender.buffer.byte-limit = 33554432 (custom)
2019-07-14 16:31:38,352 INFO  server.GrpcService (ConfUtils.java:logGet(43)) - raft.grpc.flow.control.window = 1MB (=1048576) (default)
2019-07-14 16:31:38,352 INFO  server.RaftServerConfigKeys (ConfUtils.java:logGet(43)) - raft.server.rpc.request.timeout = 3000ms (default)
2019-07-14 16:31:38,352 INFO  server.RaftServerConfigKeys (ConfUtils.java:logGet(43)) - raft.server.storage.dir = [/workdir/hadoop-ozone/integration-test/target/test-dir/MiniOzoneClusterImpl-58c8e1a0-14c9-42bb-9613-da5ce92a45b6/datanode-4/data/ratis] (custom)
2019-07-14 16:31:38,353 INFO  replication.SimpleContainerDownloader (SimpleContainerDownloader.java:<init>(72)) - Starting container downloader service to copy containers to replicate.
2019-07-14 16:31:38,354 INFO  hdfs.DFSUtil (DFSUtil.java:httpServerTemplateForNNAndJN(1641)) - Starting Web-server for hddsDatanode at: http://0.0.0.0:0
2019-07-14 16:31:38,355 INFO  server.AuthenticationFilter (AuthenticationFilter.java:constructSecretProvider(240)) - Unable to initialize FileSignerSecretProvider, falling back to use random secrets.
2019-07-14 16:31:38,356 WARN  http.HttpRequestLog (HttpRequestLog.java:getRequestLog(97)) - Jetty request log can only be enabled using Log4j
2019-07-14 16:31:38,357 INFO  http.HttpServer2 (HttpServer2.java:addGlobalFilter(975)) - Added global filter 'safety' (class=org.apache.hadoop.http.HttpServer2$QuotingInputFilter)
2019-07-14 16:31:38,357 INFO  http.HttpServer2 (HttpServer2.java:addFilter(948)) - Added filter static_user_filter (class=org.apache.hadoop.http.lib.StaticUserWebFilter$StaticUserFilter) to context hddsDatanode
2019-07-14 16:31:38,357 INFO  http.HttpServer2 (HttpServer2.java:addFilter(958)) - Added filter static_user_filter (class=org.apache.hadoop.http.lib.StaticUserWebFilter$StaticUserFilter) to context logs
2019-07-14 16:31:38,357 INFO  http.HttpServer2 (HttpServer2.java:addFilter(958)) - Added filter static_user_filter (class=org.apache.hadoop.http.lib.StaticUserWebFilter$StaticUserFilter) to context static
2019-07-14 16:31:38,358 INFO  http.HttpServer2 (HttpServer2.java:bindListener(1191)) - Jetty bound to port 40941
2019-07-14 16:31:38,358 INFO  server.Server (Server.java:doStart(351)) - jetty-9.3.24.v20180605, build timestamp: 2018-06-05T17:11:56Z, git hash: 84205aa28f11a4f31f2a3b86d1bba2cc8ab69827
2019-07-14 16:31:38,360 INFO  handler.ContextHandler (ContextHandler.java:doStart(781)) - Started o.e.j.s.ServletContextHandler@4b8601a1{/logs,file:///workdir/hadoop-ozone/integration-test/target/log,AVAILABLE}
2019-07-14 16:31:38,360 INFO  handler.ContextHandler (ContextHandler.java:doStart(781)) - Started o.e.j.s.ServletContextHandler@1de6689c{/static,jar:file:/home/user/.m2/repository/org/apache/hadoop/hadoop-hdds-container-service/0.5.0-SNAPSHOT/hadoop-hdds-container-service-0.5.0-SNAPSHOT.jar!/webapps/static,AVAILABLE}
2019-07-14 16:31:38,388 INFO  handler.ContextHandler (ContextHandler.java:doStart(781)) - Started o.e.j.w.WebAppContext@3453f79c{/,file:///tmp/jetty-0.0.0.0-40941-hddsDatanode-_-any-4404828279709018817.dir/webapp/,AVAILABLE}{/hddsDatanode}
2019-07-14 16:31:38,388 INFO  server.AbstractConnector (AbstractConnector.java:doStart(278)) - Started ServerConnector@6f627a1a{HTTP/1.1,[http/1.1]}{0.0.0.0:40941}
2019-07-14 16:31:38,389 INFO  server.Server (Server.java:doStart(419)) - Started @559093ms
2019-07-14 16:31:38,390 INFO  server.BaseHttpServer (BaseHttpServer.java:updateConnectorAddress(207)) - HTTP server of HDDSDATANODE is listening at http://0.0.0.0:40941
2019-07-14 16:31:38,491 INFO  ozone.HddsDatanodeService (HddsDatanodeService.java:startPlugins(396)) - Started plug-in org.apache.hadoop.ozone.web.OzoneHddsDatanodeService@4e3bc13b
2019-07-14 16:31:38,492 INFO  impl.MetricsSystemImpl (MetricsSystemImpl.java:init(158)) - HddsDatanode metrics system started (again)
2019-07-14 16:31:38,497 INFO  ozone.HddsDatanodeService (HddsDatanodeService.java:start(185)) - HddsDatanodeService host:pr-hdds-1710-5x6jb-1204890111 ip:192.168.69.77
2019-07-14 16:31:38,498 INFO  util.JvmPauseMonitor (JvmPauseMonitor.java:run(188)) - Starting JVM pause monitor
2019-07-14 16:31:38,500 INFO  datanode.InitDatanodeState (InitDatanodeState.java:persistContainerDatanodeDetails(140)) - DatanodeDetails is persisted to /workdir/hadoop-ozone/integration-test/target/test-dir/MiniOzoneClusterImpl-58c8e1a0-14c9-42bb-9613-da5ce92a45b6/datanode-4/meta/datanode.id
2019-07-14 16:31:38,509 INFO  volume.HddsVolume (HddsVolume.java:<init>(176)) - Creating Volume: /workdir/hadoop-ozone/integration-test/target/test-dir/MiniOzoneClusterImpl-58c8e1a0-14c9-42bb-9613-da5ce92a45b6/datanode-5/data/containers/hdds of  storage type : DISK and capacity : 52710309888
2019-07-14 16:31:38,509 INFO  volume.VolumeSet (VolumeSet.java:initializeVolumeSet(170)) - Added Volume : /workdir/hadoop-ozone/integration-test/target/test-dir/MiniOzoneClusterImpl-58c8e1a0-14c9-42bb-9613-da5ce92a45b6/datanode-5/data/containers/hdds to VolumeSet
2019-07-14 16:31:38,509 INFO  volume.ThrottledAsyncChecker (ThrottledAsyncChecker.java:schedule(140)) - Scheduling a check for org.apache.hadoop.ozone.container.common.volume.HddsVolume@54c697c
2019-07-14 16:31:38,510 INFO  volume.HddsVolumeChecker (HddsVolumeChecker.java:checkAllVolumes(203)) - Scheduled health check for volume org.apache.hadoop.ozone.container.common.volume.HddsVolume@54c697c
2019-07-14 16:31:38,524 INFO  impl.RaftServerProxy (ConfUtils.java:logGet(43)) - raft.rpc.type = GRPC (default)
2019-07-14 16:31:38,524 INFO  grpc.GrpcFactory (GrpcFactory.java:checkPooledByteBufAllocatorUseCacheForAllThreads(45)) - PERFORMANCE WARNING: useCacheForAllThreads is true that may cause Netty to create a lot garbage objects and, as a result, trigger GC.
	It is recommended to disable useCacheForAllThreads by setting -Dorg.apache.ratis.thirdparty.io.netty.allocator.useCacheForAllThreads=false in command line.
2019-07-14 16:31:38,525 INFO  grpc.GrpcConfigKeys$Server (ConfUtils.java:logGet(43)) - raft.grpc.server.port = 0 (default)
2019-07-14 16:31:38,525 INFO  server.GrpcService (ConfUtils.java:logGet(43)) - raft.grpc.message.size.max = 33570816 (custom)
2019-07-14 16:31:38,525 INFO  server.RaftServerConfigKeys (ConfUtils.java:logGet(43)) - raft.server.log.appender.buffer.byte-limit = 33554432 (custom)
2019-07-14 16:31:38,525 INFO  server.GrpcService (ConfUtils.java:logGet(43)) - raft.grpc.flow.control.window = 1MB (=1048576) (default)
2019-07-14 16:31:38,525 INFO  server.RaftServerConfigKeys (ConfUtils.java:logGet(43)) - raft.server.rpc.request.timeout = 3000ms (default)
2019-07-14 16:31:38,526 INFO  server.RaftServerConfigKeys (ConfUtils.java:logGet(43)) - raft.server.storage.dir = [/workdir/hadoop-ozone/integration-test/target/test-dir/MiniOzoneClusterImpl-58c8e1a0-14c9-42bb-9613-da5ce92a45b6/datanode-5/data/ratis] (custom)
2019-07-14 16:31:38,527 INFO  replication.SimpleContainerDownloader (SimpleContainerDownloader.java:<init>(72)) - Starting container downloader service to copy containers to replicate.
2019-07-14 16:31:38,528 INFO  hdfs.DFSUtil (DFSUtil.java:httpServerTemplateForNNAndJN(1641)) - Starting Web-server for hddsDatanode at: http://0.0.0.0:0
2019-07-14 16:31:38,529 INFO  server.AuthenticationFilter (AuthenticationFilter.java:constructSecretProvider(240)) - Unable to initialize FileSignerSecretProvider, falling back to use random secrets.
2019-07-14 16:31:38,529 WARN  http.HttpRequestLog (HttpRequestLog.java:getRequestLog(97)) - Jetty request log can only be enabled using Log4j
2019-07-14 16:31:38,530 INFO  http.HttpServer2 (HttpServer2.java:addGlobalFilter(975)) - Added global filter 'safety' (class=org.apache.hadoop.http.HttpServer2$QuotingInputFilter)
2019-07-14 16:31:38,531 INFO  http.HttpServer2 (HttpServer2.java:addFilter(948)) - Added filter static_user_filter (class=org.apache.hadoop.http.lib.StaticUserWebFilter$StaticUserFilter) to context hddsDatanode
2019-07-14 16:31:38,531 INFO  http.HttpServer2 (HttpServer2.java:addFilter(958)) - Added filter static_user_filter (class=org.apache.hadoop.http.lib.StaticUserWebFilter$StaticUserFilter) to context static
2019-07-14 16:31:38,531 INFO  http.HttpServer2 (HttpServer2.java:addFilter(958)) - Added filter static_user_filter (class=org.apache.hadoop.http.lib.StaticUserWebFilter$StaticUserFilter) to context logs
2019-07-14 16:31:38,532 INFO  http.HttpServer2 (HttpServer2.java:bindListener(1191)) - Jetty bound to port 36394
2019-07-14 16:31:38,532 INFO  server.Server (Server.java:doStart(351)) - jetty-9.3.24.v20180605, build timestamp: 2018-06-05T17:11:56Z, git hash: 84205aa28f11a4f31f2a3b86d1bba2cc8ab69827
2019-07-14 16:31:38,533 INFO  handler.ContextHandler (ContextHandler.java:doStart(781)) - Started o.e.j.s.ServletContextHandler@1784fcab{/logs,file:///workdir/hadoop-ozone/integration-test/target/log,AVAILABLE}
2019-07-14 16:31:38,534 INFO  handler.ContextHandler (ContextHandler.java:doStart(781)) - Started o.e.j.s.ServletContextHandler@455cb6d9{/static,jar:file:/home/user/.m2/repository/org/apache/hadoop/hadoop-hdds-container-service/0.5.0-SNAPSHOT/hadoop-hdds-container-service-0.5.0-SNAPSHOT.jar!/webapps/static,AVAILABLE}
2019-07-14 16:31:38,560 INFO  handler.ContextHandler (ContextHandler.java:doStart(781)) - Started o.e.j.w.WebAppContext@52a3eba3{/,file:///tmp/jetty-0.0.0.0-36394-hddsDatanode-_-any-8063816513039459458.dir/webapp/,AVAILABLE}{/hddsDatanode}
2019-07-14 16:31:38,560 INFO  server.AbstractConnector (AbstractConnector.java:doStart(278)) - Started ServerConnector@4ed74d03{HTTP/1.1,[http/1.1]}{0.0.0.0:36394}
2019-07-14 16:31:38,562 INFO  server.Server (Server.java:doStart(419)) - Started @559266ms
2019-07-14 16:31:38,563 INFO  server.BaseHttpServer (BaseHttpServer.java:updateConnectorAddress(207)) - HTTP server of HDDSDATANODE is listening at http://0.0.0.0:36394
2019-07-14 16:31:38,680 INFO  ozone.HddsDatanodeService (HddsDatanodeService.java:startPlugins(396)) - Started plug-in org.apache.hadoop.ozone.web.OzoneHddsDatanodeService@37c49a55
2019-07-14 16:31:38,681 INFO  impl.MetricsSystemImpl (MetricsSystemImpl.java:init(158)) - HddsDatanode metrics system started (again)
2019-07-14 16:31:38,688 INFO  util.JvmPauseMonitor (JvmPauseMonitor.java:run(188)) - Starting JVM pause monitor
2019-07-14 16:31:38,688 INFO  ozone.HddsDatanodeService (HddsDatanodeService.java:start(185)) - HddsDatanodeService host:pr-hdds-1710-5x6jb-1204890111 ip:192.168.69.77
2019-07-14 16:31:38,690 INFO  datanode.InitDatanodeState (InitDatanodeState.java:persistContainerDatanodeDetails(140)) - DatanodeDetails is persisted to /workdir/hadoop-ozone/integration-test/target/test-dir/MiniOzoneClusterImpl-58c8e1a0-14c9-42bb-9613-da5ce92a45b6/datanode-5/meta/datanode.id
2019-07-14 16:31:38,700 INFO  volume.HddsVolume (HddsVolume.java:<init>(176)) - Creating Volume: /workdir/hadoop-ozone/integration-test/target/test-dir/MiniOzoneClusterImpl-58c8e1a0-14c9-42bb-9613-da5ce92a45b6/datanode-6/data/containers/hdds of  storage type : DISK and capacity : 52710309888
2019-07-14 16:31:38,700 INFO  volume.VolumeSet (VolumeSet.java:initializeVolumeSet(170)) - Added Volume : /workdir/hadoop-ozone/integration-test/target/test-dir/MiniOzoneClusterImpl-58c8e1a0-14c9-42bb-9613-da5ce92a45b6/datanode-6/data/containers/hdds to VolumeSet
2019-07-14 16:31:38,701 INFO  volume.ThrottledAsyncChecker (ThrottledAsyncChecker.java:schedule(140)) - Scheduling a check for org.apache.hadoop.ozone.container.common.volume.HddsVolume@445d878c
2019-07-14 16:31:38,701 INFO  volume.HddsVolumeChecker (HddsVolumeChecker.java:checkAllVolumes(203)) - Scheduled health check for volume org.apache.hadoop.ozone.container.common.volume.HddsVolume@445d878c
2019-07-14 16:31:38,717 INFO  impl.RaftServerProxy (ConfUtils.java:logGet(43)) - raft.rpc.type = GRPC (default)
2019-07-14 16:31:38,717 INFO  grpc.GrpcFactory (GrpcFactory.java:checkPooledByteBufAllocatorUseCacheForAllThreads(45)) - PERFORMANCE WARNING: useCacheForAllThreads is true that may cause Netty to create a lot garbage objects and, as a result, trigger GC.
	It is recommended to disable useCacheForAllThreads by setting -Dorg.apache.ratis.thirdparty.io.netty.allocator.useCacheForAllThreads=false in command line.
2019-07-14 16:31:38,717 INFO  grpc.GrpcConfigKeys$Server (ConfUtils.java:logGet(43)) - raft.grpc.server.port = 0 (default)
2019-07-14 16:31:38,717 INFO  server.GrpcService (ConfUtils.java:logGet(43)) - raft.grpc.message.size.max = 33570816 (custom)
2019-07-14 16:31:38,718 INFO  server.RaftServerConfigKeys (ConfUtils.java:logGet(43)) - raft.server.log.appender.buffer.byte-limit = 33554432 (custom)
2019-07-14 16:31:38,718 INFO  server.GrpcService (ConfUtils.java:logGet(43)) - raft.grpc.flow.control.window = 1MB (=1048576) (default)
2019-07-14 16:31:38,718 INFO  server.RaftServerConfigKeys (ConfUtils.java:logGet(43)) - raft.server.rpc.request.timeout = 3000ms (default)
2019-07-14 16:31:38,718 INFO  server.RaftServerConfigKeys (ConfUtils.java:logGet(43)) - raft.server.storage.dir = [/workdir/hadoop-ozone/integration-test/target/test-dir/MiniOzoneClusterImpl-58c8e1a0-14c9-42bb-9613-da5ce92a45b6/datanode-6/data/ratis] (custom)
2019-07-14 16:31:38,719 INFO  replication.SimpleContainerDownloader (SimpleContainerDownloader.java:<init>(72)) - Starting container downloader service to copy containers to replicate.
2019-07-14 16:31:38,721 INFO  hdfs.DFSUtil (DFSUtil.java:httpServerTemplateForNNAndJN(1641)) - Starting Web-server for hddsDatanode at: http://0.0.0.0:0
2019-07-14 16:31:38,723 INFO  server.AuthenticationFilter (AuthenticationFilter.java:constructSecretProvider(240)) - Unable to initialize FileSignerSecretProvider, falling back to use random secrets.
2019-07-14 16:31:38,724 WARN  http.HttpRequestLog (HttpRequestLog.java:getRequestLog(97)) - Jetty request log can only be enabled using Log4j
2019-07-14 16:31:38,726 INFO  http.HttpServer2 (HttpServer2.java:addGlobalFilter(975)) - Added global filter 'safety' (class=org.apache.hadoop.http.HttpServer2$QuotingInputFilter)
2019-07-14 16:31:38,726 INFO  http.HttpServer2 (HttpServer2.java:addFilter(948)) - Added filter static_user_filter (class=org.apache.hadoop.http.lib.StaticUserWebFilter$StaticUserFilter) to context hddsDatanode
2019-07-14 16:31:38,727 INFO  http.HttpServer2 (HttpServer2.java:addFilter(958)) - Added filter static_user_filter (class=org.apache.hadoop.http.lib.StaticUserWebFilter$StaticUserFilter) to context static
2019-07-14 16:31:38,727 INFO  http.HttpServer2 (HttpServer2.java:addFilter(958)) - Added filter static_user_filter (class=org.apache.hadoop.http.lib.StaticUserWebFilter$StaticUserFilter) to context logs
2019-07-14 16:31:38,728 INFO  http.HttpServer2 (HttpServer2.java:bindListener(1191)) - Jetty bound to port 42241
2019-07-14 16:31:38,728 INFO  server.Server (Server.java:doStart(351)) - jetty-9.3.24.v20180605, build timestamp: 2018-06-05T17:11:56Z, git hash: 84205aa28f11a4f31f2a3b86d1bba2cc8ab69827
2019-07-14 16:31:38,730 INFO  handler.ContextHandler (ContextHandler.java:doStart(781)) - Started o.e.j.s.ServletContextHandler@7680beac{/logs,file:///workdir/hadoop-ozone/integration-test/target/log,AVAILABLE}
2019-07-14 16:31:38,731 INFO  handler.ContextHandler (ContextHandler.java:doStart(781)) - Started o.e.j.s.ServletContextHandler@282079b9{/static,jar:file:/home/user/.m2/repository/org/apache/hadoop/hadoop-hdds-container-service/0.5.0-SNAPSHOT/hadoop-hdds-container-service-0.5.0-SNAPSHOT.jar!/webapps/static,AVAILABLE}
2019-07-14 16:31:38,772 INFO  handler.ContextHandler (ContextHandler.java:doStart(781)) - Started o.e.j.w.WebAppContext@45e49d3d{/,file:///tmp/jetty-0.0.0.0-42241-hddsDatanode-_-any-7226289691601979019.dir/webapp/,AVAILABLE}{/hddsDatanode}
2019-07-14 16:31:38,773 INFO  server.AbstractConnector (AbstractConnector.java:doStart(278)) - Started ServerConnector@72e5206{HTTP/1.1,[http/1.1]}{0.0.0.0:42241}
2019-07-14 16:31:38,775 INFO  server.Server (Server.java:doStart(419)) - Started @559479ms
2019-07-14 16:31:38,777 INFO  server.BaseHttpServer (BaseHttpServer.java:updateConnectorAddress(207)) - HTTP server of HDDSDATANODE is listening at http://0.0.0.0:42241
2019-07-14 16:31:38,915 INFO  ozone.HddsDatanodeService (HddsDatanodeService.java:startPlugins(396)) - Started plug-in org.apache.hadoop.ozone.web.OzoneHddsDatanodeService@2f08e6d3
2019-07-14 16:31:38,915 INFO  ozone.MiniOzoneClusterImpl (MiniOzoneClusterImpl.java:lambda$waitForClusterToBeReady$0(142)) - Waiting for cluster to be ready. Got 0 of 7 DN Heartbeats.
2019-07-14 16:31:38,923 INFO  util.JvmPauseMonitor (JvmPauseMonitor.java:run(188)) - Starting JVM pause monitor
2019-07-14 16:31:38,925 INFO  datanode.InitDatanodeState (InitDatanodeState.java:persistContainerDatanodeDetails(140)) - DatanodeDetails is persisted to /workdir/hadoop-ozone/integration-test/target/test-dir/MiniOzoneClusterImpl-58c8e1a0-14c9-42bb-9613-da5ce92a45b6/datanode-6/meta/datanode.id
2019-07-14 16:31:39,855 INFO  ozoneimpl.OzoneContainer (OzoneContainer.java:start(186)) - Attempting to start container services.
2019-07-14 16:31:39,855 INFO  ozoneimpl.OzoneContainer (OzoneContainer.java:startContainerScrub(160)) - Background container scrubber has been disabled by hdds.containerscrub.enabled
2019-07-14 16:31:39,856 INFO  ratis.XceiverServerRatis (XceiverServerRatis.java:start(418)) - Starting XceiverServerRatis b3b2927a-f011-459c-a64b-1a14801535e4 at port 0
2019-07-14 16:31:39,863 INFO  impl.RaftServerProxy (RaftServerProxy.java:lambda$start$3(299)) - b3b2927a-f011-459c-a64b-1a14801535e4: start RPC server
2019-07-14 16:31:39,866 INFO  server.GrpcService (GrpcService.java:startImpl(149)) - b3b2927a-f011-459c-a64b-1a14801535e4: GrpcService started, listening on 0.0.0.0/0.0.0.0:37069
2019-07-14 16:31:39,866 INFO  ratis.XceiverServerRatis (XceiverServerRatis.java:start(428)) - XceiverServerRatis b3b2927a-f011-459c-a64b-1a14801535e4 is started using port 37069
2019-07-14 16:31:39,872 INFO  server.XceiverServerGrpc (XceiverServerGrpc.java:start(161)) - XceiverServerGrpc b3b2927a-f011-459c-a64b-1a14801535e4 is started using port 38704
2019-07-14 16:31:39,921 INFO  ozone.MiniOzoneClusterImpl (MiniOzoneClusterImpl.java:lambda$waitForClusterToBeReady$0(142)) - Waiting for cluster to be ready. Got 0 of 7 DN Heartbeats.
2019-07-14 16:31:40,007 INFO  ozoneimpl.OzoneContainer (OzoneContainer.java:start(186)) - Attempting to start container services.
2019-07-14 16:31:40,007 INFO  ozoneimpl.OzoneContainer (OzoneContainer.java:startContainerScrub(160)) - Background container scrubber has been disabled by hdds.containerscrub.enabled
2019-07-14 16:31:40,007 INFO  ratis.XceiverServerRatis (XceiverServerRatis.java:start(418)) - Starting XceiverServerRatis 38d3b87c-51dd-47c3-bfd5-9b9e6717869a at port 0
2019-07-14 16:31:40,014 INFO  impl.RaftServerProxy (RaftServerProxy.java:lambda$start$3(299)) - 38d3b87c-51dd-47c3-bfd5-9b9e6717869a: start RPC server
2019-07-14 16:31:40,015 INFO  server.GrpcService (GrpcService.java:startImpl(149)) - 38d3b87c-51dd-47c3-bfd5-9b9e6717869a: GrpcService started, listening on 0.0.0.0/0.0.0.0:44865
2019-07-14 16:31:40,015 INFO  ratis.XceiverServerRatis (XceiverServerRatis.java:start(428)) - XceiverServerRatis 38d3b87c-51dd-47c3-bfd5-9b9e6717869a is started using port 44865
2019-07-14 16:31:40,016 INFO  server.XceiverServerGrpc (XceiverServerGrpc.java:start(161)) - XceiverServerGrpc 38d3b87c-51dd-47c3-bfd5-9b9e6717869a is started using port 38865
2019-07-14 16:31:40,172 INFO  ozoneimpl.OzoneContainer (OzoneContainer.java:start(186)) - Attempting to start container services.
2019-07-14 16:31:40,172 INFO  ozoneimpl.OzoneContainer (OzoneContainer.java:startContainerScrub(160)) - Background container scrubber has been disabled by hdds.containerscrub.enabled
2019-07-14 16:31:40,172 INFO  ratis.XceiverServerRatis (XceiverServerRatis.java:start(418)) - Starting XceiverServerRatis 785ebdca-8c52-4b51-9caf-dc0865fb3cf8 at port 0
2019-07-14 16:31:40,179 INFO  impl.RaftServerProxy (RaftServerProxy.java:lambda$start$3(299)) - 785ebdca-8c52-4b51-9caf-dc0865fb3cf8: start RPC server
2019-07-14 16:31:40,180 INFO  server.GrpcService (GrpcService.java:startImpl(149)) - 785ebdca-8c52-4b51-9caf-dc0865fb3cf8: GrpcService started, listening on 0.0.0.0/0.0.0.0:44512
2019-07-14 16:31:40,180 INFO  ratis.XceiverServerRatis (XceiverServerRatis.java:start(428)) - XceiverServerRatis 785ebdca-8c52-4b51-9caf-dc0865fb3cf8 is started using port 44512
2019-07-14 16:31:40,181 INFO  server.XceiverServerGrpc (XceiverServerGrpc.java:start(161)) - XceiverServerGrpc 785ebdca-8c52-4b51-9caf-dc0865fb3cf8 is started using port 35604
2019-07-14 16:31:40,336 INFO  ozoneimpl.OzoneContainer (OzoneContainer.java:start(186)) - Attempting to start container services.
2019-07-14 16:31:40,336 INFO  ozoneimpl.OzoneContainer (OzoneContainer.java:startContainerScrub(160)) - Background container scrubber has been disabled by hdds.containerscrub.enabled
2019-07-14 16:31:40,337 INFO  ratis.XceiverServerRatis (XceiverServerRatis.java:start(418)) - Starting XceiverServerRatis 661245da-c950-408b-9610-dfa66d238453 at port 0
2019-07-14 16:31:40,344 INFO  impl.RaftServerProxy (RaftServerProxy.java:lambda$start$3(299)) - 661245da-c950-408b-9610-dfa66d238453: start RPC server
2019-07-14 16:31:40,345 INFO  server.GrpcService (GrpcService.java:startImpl(149)) - 661245da-c950-408b-9610-dfa66d238453: GrpcService started, listening on 0.0.0.0/0.0.0.0:34218
2019-07-14 16:31:40,345 INFO  ratis.XceiverServerRatis (XceiverServerRatis.java:start(428)) - XceiverServerRatis 661245da-c950-408b-9610-dfa66d238453 is started using port 34218
2019-07-14 16:31:40,345 INFO  server.XceiverServerGrpc (XceiverServerGrpc.java:start(161)) - XceiverServerGrpc 661245da-c950-408b-9610-dfa66d238453 is started using port 37520
2019-07-14 16:31:40,512 INFO  ozoneimpl.OzoneContainer (OzoneContainer.java:start(186)) - Attempting to start container services.
2019-07-14 16:31:40,512 INFO  ozoneimpl.OzoneContainer (OzoneContainer.java:startContainerScrub(160)) - Background container scrubber has been disabled by hdds.containerscrub.enabled
2019-07-14 16:31:40,512 INFO  ratis.XceiverServerRatis (XceiverServerRatis.java:start(418)) - Starting XceiverServerRatis fd317595-8ec7-4bd4-95fd-3dc43907ee42 at port 0
2019-07-14 16:31:40,520 INFO  impl.RaftServerProxy (RaftServerProxy.java:lambda$start$3(299)) - fd317595-8ec7-4bd4-95fd-3dc43907ee42: start RPC server
2019-07-14 16:31:40,523 INFO  server.GrpcService (GrpcService.java:startImpl(149)) - fd317595-8ec7-4bd4-95fd-3dc43907ee42: GrpcService started, listening on 0.0.0.0/0.0.0.0:33991
2019-07-14 16:31:40,523 INFO  ratis.XceiverServerRatis (XceiverServerRatis.java:start(428)) - XceiverServerRatis fd317595-8ec7-4bd4-95fd-3dc43907ee42 is started using port 33991
2019-07-14 16:31:40,523 INFO  server.XceiverServerGrpc (XceiverServerGrpc.java:start(161)) - XceiverServerGrpc fd317595-8ec7-4bd4-95fd-3dc43907ee42 is started using port 38247
2019-07-14 16:31:40,702 INFO  ozoneimpl.OzoneContainer (OzoneContainer.java:start(186)) - Attempting to start container services.
2019-07-14 16:31:40,702 INFO  ozoneimpl.OzoneContainer (OzoneContainer.java:startContainerScrub(160)) - Background container scrubber has been disabled by hdds.containerscrub.enabled
2019-07-14 16:31:40,702 INFO  ratis.XceiverServerRatis (XceiverServerRatis.java:start(418)) - Starting XceiverServerRatis c7d855e2-543e-4994-92d1-7ede353827b9 at port 0
2019-07-14 16:31:40,710 INFO  impl.RaftServerProxy (RaftServerProxy.java:lambda$start$3(299)) - c7d855e2-543e-4994-92d1-7ede353827b9: start RPC server
2019-07-14 16:31:40,711 INFO  server.GrpcService (GrpcService.java:startImpl(149)) - c7d855e2-543e-4994-92d1-7ede353827b9: GrpcService started, listening on 0.0.0.0/0.0.0.0:34114
2019-07-14 16:31:40,711 INFO  ratis.XceiverServerRatis (XceiverServerRatis.java:start(428)) - XceiverServerRatis c7d855e2-543e-4994-92d1-7ede353827b9 is started using port 34114
2019-07-14 16:31:40,711 INFO  server.XceiverServerGrpc (XceiverServerGrpc.java:start(161)) - XceiverServerGrpc c7d855e2-543e-4994-92d1-7ede353827b9 is started using port 35611
2019-07-14 16:31:40,925 INFO  ozone.MiniOzoneClusterImpl (MiniOzoneClusterImpl.java:lambda$waitForClusterToBeReady$0(142)) - Waiting for cluster to be ready. Got 0 of 7 DN Heartbeats.
2019-07-14 16:31:40,940 INFO  ozoneimpl.OzoneContainer (OzoneContainer.java:start(186)) - Attempting to start container services.
2019-07-14 16:31:40,940 INFO  ozoneimpl.OzoneContainer (OzoneContainer.java:startContainerScrub(160)) - Background container scrubber has been disabled by hdds.containerscrub.enabled
2019-07-14 16:31:40,940 INFO  ratis.XceiverServerRatis (XceiverServerRatis.java:start(418)) - Starting XceiverServerRatis d905fea8-cc0f-49ad-be6b-3657fb5a4f09 at port 0
2019-07-14 16:31:40,947 INFO  impl.RaftServerProxy (RaftServerProxy.java:lambda$start$3(299)) - d905fea8-cc0f-49ad-be6b-3657fb5a4f09: start RPC server
2019-07-14 16:31:40,948 INFO  server.GrpcService (GrpcService.java:startImpl(149)) - d905fea8-cc0f-49ad-be6b-3657fb5a4f09: GrpcService started, listening on 0.0.0.0/0.0.0.0:42534
2019-07-14 16:31:40,948 INFO  ratis.XceiverServerRatis (XceiverServerRatis.java:start(428)) - XceiverServerRatis d905fea8-cc0f-49ad-be6b-3657fb5a4f09 is started using port 42534
2019-07-14 16:31:40,949 INFO  server.XceiverServerGrpc (XceiverServerGrpc.java:start(161)) - XceiverServerGrpc d905fea8-cc0f-49ad-be6b-3657fb5a4f09 is started using port 37534
2019-07-14 16:31:41,833 INFO  net.NetworkTopology (NetworkTopologyImpl.java:add(110)) - Added a new node: /default-rack/192.168.69.77
2019-07-14 16:31:41,836 INFO  node.SCMNodeManager (SCMNodeManager.java:register(269)) - Registered Data node : b3b2927a-f011-459c-a64b-1a14801535e4{ip: 192.168.69.77, host: pr-hdds-1710-5x6jb-1204890111, networkLocation: /default-rack, certSerialId: null}
2019-07-14 16:31:41,837 INFO  safemode.SCMSafeModeManager (DataNodeSafeModeRule.java:process(71)) - SCM in safe mode. 1 DataNodes registered, 1 required.
2019-07-14 16:31:41,840 INFO  safemode.SCMSafeModeManager (SCMSafeModeManager.java:validateSafeModeExitRules(177)) - ScmSafeModeManager, all rules are successfully validated
2019-07-14 16:31:41,840 INFO  safemode.SCMSafeModeManager (SCMSafeModeManager.java:exitSafeMode(193)) - SCM exiting safe mode.
2019-07-14 16:31:41,868 INFO  impl.RaftServerProxy (RaftServerProxy.java:addNew(89)) - b3b2927a-f011-459c-a64b-1a14801535e4: addNew group-1C6A7375F266:[b3b2927a-f011-459c-a64b-1a14801535e4:192.168.69.77:37069] returns group-1C6A7375F266:java.util.concurrent.CompletableFuture@5b8b3351[Not completed]
2019-07-14 16:31:41,872 INFO  impl.RaftServerImpl (RaftServerImpl.java:<init>(93)) - b3b2927a-f011-459c-a64b-1a14801535e4: new RaftServerImpl for group-1C6A7375F266:[b3b2927a-f011-459c-a64b-1a14801535e4:192.168.69.77:37069] with ContainerStateMachine:uninitialized
2019-07-14 16:31:41,872 INFO  server.RaftServerConfigKeys (ConfUtils.java:logGet(43)) - raft.server.rpc.timeout.min = 5s (custom)
2019-07-14 16:31:41,872 INFO  server.RaftServerConfigKeys (ConfUtils.java:logGet(43)) - raft.server.rpc.timeout.max = 5200ms (custom)
2019-07-14 16:31:41,872 INFO  server.RaftServerConfigKeys (ConfUtils.java:logGet(43)) - raft.server.rpcslowness.timeout = 120s (custom)
2019-07-14 16:31:41,872 INFO  server.RaftServerConfigKeys (ConfUtils.java:logGet(43)) - raft.server.sleep.deviation.threshold = 300 (default)
2019-07-14 16:31:41,873 INFO  server.RaftServerConfigKeys (ConfUtils.java:logGet(43)) - raft.server.log.appender.install.snapshot.enabled = false (custom)
2019-07-14 16:31:41,873 INFO  impl.RaftServerImpl (ServerState.java:<init>(105)) - b3b2927a-f011-459c-a64b-1a14801535e4:group-1C6A7375F266 ConfigurationManager, init=-1: [b3b2927a-f011-459c-a64b-1a14801535e4:192.168.69.77:37069], old=null, confs=<EMPTY_MAP>
2019-07-14 16:31:41,873 INFO  server.RaftServerConfigKeys (ConfUtils.java:logGet(43)) - raft.server.storage.dir = [/workdir/hadoop-ozone/integration-test/target/test-dir/MiniOzoneClusterImpl-58c8e1a0-14c9-42bb-9613-da5ce92a45b6/datanode-0/data/ratis] (custom)
2019-07-14 16:31:41,874 INFO  storage.RaftStorageDirectory (RaftStorageDirectory.java:analyzeStorage(246)) - The storage directory /workdir/hadoop-ozone/integration-test/target/test-dir/MiniOzoneClusterImpl-58c8e1a0-14c9-42bb-9613-da5ce92a45b6/datanode-0/data/ratis/8fef31c6-eb93-4368-b6b5-1c6a7375f266 does not exist. Creating ...
2019-07-14 16:31:41,889 INFO  storage.RaftStorageDirectory (RaftStorageDirectory.java:tryLock(328)) - Lock on /workdir/hadoop-ozone/integration-test/target/test-dir/MiniOzoneClusterImpl-58c8e1a0-14c9-42bb-9613-da5ce92a45b6/datanode-0/data/ratis/8fef31c6-eb93-4368-b6b5-1c6a7375f266/in_use.lock acquired by nodename 13169@pr-hdds-1710-5x6jb-1204890111
2019-07-14 16:31:41,902 INFO  storage.RaftStorage (RaftStorage.java:format(72)) - Storage directory /workdir/hadoop-ozone/integration-test/target/test-dir/MiniOzoneClusterImpl-58c8e1a0-14c9-42bb-9613-da5ce92a45b6/datanode-0/data/ratis/8fef31c6-eb93-4368-b6b5-1c6a7375f266 has been successfully formatted.
2019-07-14 16:31:41,902 INFO  ratis.ContainerStateMachine (ContainerStateMachine.java:loadSnapshot(200)) - The snapshot info is null.Setting the last applied index to:(t:0, i:~)
2019-07-14 16:31:41,903 INFO  server.RaftServerConfigKeys (ConfUtils.java:logGet(43)) - raft.server.leader.election.timeout = 120s (custom)
2019-07-14 16:31:41,903 INFO  server.RaftServerConfigKeys (ConfUtils.java:logGet(43)) - raft.server.log.use.memory = false (default)
2019-07-14 16:31:41,903 INFO  server.RaftServerConfigKeys (ConfUtils.java:logGet(43)) - raft.server.log.purge.gap = 1000000000 (custom)
2019-07-14 16:31:41,903 INFO  server.RaftServerConfigKeys (ConfUtils.java:logGet(43)) - raft.server.log.appender.buffer.byte-limit = 33554432 (custom)
2019-07-14 16:31:41,903 INFO  server.RaftServerConfigKeys (ConfUtils.java:logGet(43)) - raft.server.log.segment.size.max = 1048576 (custom)
2019-07-14 16:31:41,904 INFO  server.RaftServerConfigKeys (ConfUtils.java:logGet(43)) - raft.server.log.segment.cache.num.max = 2 (custom)
2019-07-14 16:31:41,904 INFO  segmented.SegmentedRaftLogWorker (SegmentedRaftLogWorker.java:<init>(172)) - new b3b2927a-f011-459c-a64b-1a14801535e4-SegmentedRaftLogWorker:Storage Directory /workdir/hadoop-ozone/integration-test/target/test-dir/MiniOzoneClusterImpl-58c8e1a0-14c9-42bb-9613-da5ce92a45b6/datanode-0/data/ratis/8fef31c6-eb93-4368-b6b5-1c6a7375f266 for RaftStorage:Storage Directory /workdir/hadoop-ozone/integration-test/target/test-dir/MiniOzoneClusterImpl-58c8e1a0-14c9-42bb-9613-da5ce92a45b6/datanode-0/data/ratis/8fef31c6-eb93-4368-b6b5-1c6a7375f266
2019-07-14 16:31:41,904 INFO  server.RaftServerConfigKeys (ConfUtils.java:logGet(43)) - raft.server.log.queue.byte-limit = 2147483647 (custom)
2019-07-14 16:31:41,904 INFO  server.RaftServerConfigKeys (ConfUtils.java:logGet(43)) - raft.server.log.queue.element-limit = 1024 (custom)
2019-07-14 16:31:41,905 INFO  server.RaftServerConfigKeys (ConfUtils.java:logGet(43)) - raft.server.log.segment.size.max = 1048576 (custom)
2019-07-14 16:31:41,905 INFO  server.RaftServerConfigKeys (ConfUtils.java:logGet(43)) - raft.server.log.preallocated.size = 16384 (custom)
2019-07-14 16:31:41,905 INFO  server.RaftServerConfigKeys (ConfUtils.java:logGet(43)) - raft.server.log.write.buffer.size = 33554432 (custom)
2019-07-14 16:31:41,906 INFO  server.RaftServerConfigKeys (ConfUtils.java:logGet(43)) - raft.server.log.force.sync.num = 128 (default)
2019-07-14 16:31:41,906 INFO  server.RaftServerConfigKeys (ConfUtils.java:logGet(43)) - raft.server.log.statemachine.data.sync = true (default)
2019-07-14 16:31:41,906 INFO  server.RaftServerConfigKeys (ConfUtils.java:logGet(43)) - raft.server.log.statemachine.data.sync.timeout = 10s (default)
2019-07-14 16:31:41,906 INFO  server.RaftServerConfigKeys (ConfUtils.java:logGet(43)) - raft.server.log.statemachine.data.sync.timeout.retry = -1 (default)
2019-07-14 16:31:41,906 INFO  server.RaftServerConfigKeys (ConfUtils.java:logGet(43)) - raft.server.log.statemachine.data.caching.enabled = true (custom)
2019-07-14 16:31:41,907 INFO  segmented.SegmentedRaftLogWorker (SegmentedRaftLogWorker.java:lambda$new$0(132)) - b3b2927a-f011-459c-a64b-1a14801535e4-SegmentedRaftLogWorker:Storage Directory /workdir/hadoop-ozone/integration-test/target/test-dir/MiniOzoneClusterImpl-58c8e1a0-14c9-42bb-9613-da5ce92a45b6/datanode-0/data/ratis/8fef31c6-eb93-4368-b6b5-1c6a7375f266: flushIndex: setUnconditionally 0 -> -1
2019-07-14 16:31:41,907 INFO  server.RaftServerConfigKeys (ConfUtils.java:logGet(43)) - raft.server.snapshot.auto.trigger.enabled = true (custom)
2019-07-14 16:31:41,908 INFO  server.RaftServerConfigKeys (ConfUtils.java:logGet(43)) - raft.server.snapshot.auto.trigger.threshold = 10000 (custom)
2019-07-14 16:31:41,908 INFO  server.RaftServerConfigKeys (ConfUtils.java:logGet(43)) - raft.server.retrycache.expirytime = 600000ms (custom)
2019-07-14 16:31:41,908 INFO  impl.RaftServerImpl (RaftServerImpl.java:start(180)) - b3b2927a-f011-459c-a64b-1a14801535e4: start group-1C6A7375F266
2019-07-14 16:31:41,908 INFO  impl.RaftServerImpl (RaftServerImpl.java:setRole(171)) - b3b2927a-f011-459c-a64b-1a14801535e4:group-1C6A7375F266 changes role from null to FOLLOWER at term 0 for startAsFollower
2019-07-14 16:31:41,909 INFO  impl.RoleInfo (RoleInfo.java:updateAndGet(143)) - b3b2927a-f011-459c-a64b-1a14801535e4: start FollowerState
2019-07-14 16:31:41,911 INFO  util.JmxRegister (JmxRegister.java:tryRegister(44)) - Successfully registered JMX Bean with object name Ratis:service=RaftServer,group=group-1C6A7375F266,id=b3b2927a-f011-459c-a64b-1a14801535e4
2019-07-14 16:31:41,916 INFO  pipeline.PipelineStateManager (PipelineStateManager.java:addPipeline(56)) - Created pipeline Pipeline[ Id: 8fef31c6-eb93-4368-b6b5-1c6a7375f266, Nodes: b3b2927a-f011-459c-a64b-1a14801535e4{ip: 192.168.69.77, host: pr-hdds-1710-5x6jb-1204890111, networkLocation: /default-rack, certSerialId: null}, Type:RATIS, Factor:ONE, State:OPEN]
2019-07-14 16:31:41,925 INFO  ozone.MiniOzoneClusterImpl (MiniOzoneClusterImpl.java:lambda$waitForClusterToBeReady$0(142)) - Waiting for cluster to be ready. Got 1 of 7 DN Heartbeats.
2019-07-14 16:31:41,993 INFO  node.SCMNodeManager (SCMNodeManager.java:register(269)) - Registered Data node : 38d3b87c-51dd-47c3-bfd5-9b9e6717869a{ip: 192.168.69.77, host: pr-hdds-1710-5x6jb-1204890111, networkLocation: /default-rack, certSerialId: null}
2019-07-14 16:31:42,001 INFO  impl.RaftServerProxy (RaftServerProxy.java:addNew(89)) - 38d3b87c-51dd-47c3-bfd5-9b9e6717869a: addNew group-C260656DCB54:[38d3b87c-51dd-47c3-bfd5-9b9e6717869a:192.168.69.77:44865] returns group-C260656DCB54:java.util.concurrent.CompletableFuture@353623ab[Not completed]
2019-07-14 16:31:42,002 INFO  impl.RaftServerImpl (RaftServerImpl.java:<init>(93)) - 38d3b87c-51dd-47c3-bfd5-9b9e6717869a: new RaftServerImpl for group-C260656DCB54:[38d3b87c-51dd-47c3-bfd5-9b9e6717869a:192.168.69.77:44865] with ContainerStateMachine:uninitialized
2019-07-14 16:31:42,002 INFO  server.RaftServerConfigKeys (ConfUtils.java:logGet(43)) - raft.server.rpc.timeout.min = 5s (custom)
2019-07-14 16:31:42,002 INFO  server.RaftServerConfigKeys (ConfUtils.java:logGet(43)) - raft.server.rpc.timeout.max = 5200ms (custom)
2019-07-14 16:31:42,002 INFO  server.RaftServerConfigKeys (ConfUtils.java:logGet(43)) - raft.server.rpcslowness.timeout = 120s (custom)
2019-07-14 16:31:42,003 INFO  server.RaftServerConfigKeys (ConfUtils.java:logGet(43)) - raft.server.sleep.deviation.threshold = 300 (default)
2019-07-14 16:31:42,003 INFO  server.RaftServerConfigKeys (ConfUtils.java:logGet(43)) - raft.server.log.appender.install.snapshot.enabled = false (custom)
2019-07-14 16:31:42,003 INFO  impl.RaftServerImpl (ServerState.java:<init>(105)) - 38d3b87c-51dd-47c3-bfd5-9b9e6717869a:group-C260656DCB54 ConfigurationManager, init=-1: [38d3b87c-51dd-47c3-bfd5-9b9e6717869a:192.168.69.77:44865], old=null, confs=<EMPTY_MAP>
2019-07-14 16:31:42,003 INFO  server.RaftServerConfigKeys (ConfUtils.java:logGet(43)) - raft.server.storage.dir = [/workdir/hadoop-ozone/integration-test/target/test-dir/MiniOzoneClusterImpl-58c8e1a0-14c9-42bb-9613-da5ce92a45b6/datanode-1/data/ratis] (custom)
2019-07-14 16:31:42,003 INFO  storage.RaftStorageDirectory (RaftStorageDirectory.java:analyzeStorage(246)) - The storage directory /workdir/hadoop-ozone/integration-test/target/test-dir/MiniOzoneClusterImpl-58c8e1a0-14c9-42bb-9613-da5ce92a45b6/datanode-1/data/ratis/cd74d35d-5fc2-4a9d-8540-c260656dcb54 does not exist. Creating ...
2019-07-14 16:31:42,017 INFO  storage.RaftStorageDirectory (RaftStorageDirectory.java:tryLock(328)) - Lock on /workdir/hadoop-ozone/integration-test/target/test-dir/MiniOzoneClusterImpl-58c8e1a0-14c9-42bb-9613-da5ce92a45b6/datanode-1/data/ratis/cd74d35d-5fc2-4a9d-8540-c260656dcb54/in_use.lock acquired by nodename 13169@pr-hdds-1710-5x6jb-1204890111
2019-07-14 16:31:42,030 INFO  storage.RaftStorage (RaftStorage.java:format(72)) - Storage directory /workdir/hadoop-ozone/integration-test/target/test-dir/MiniOzoneClusterImpl-58c8e1a0-14c9-42bb-9613-da5ce92a45b6/datanode-1/data/ratis/cd74d35d-5fc2-4a9d-8540-c260656dcb54 has been successfully formatted.
2019-07-14 16:31:42,030 INFO  ratis.ContainerStateMachine (ContainerStateMachine.java:loadSnapshot(200)) - The snapshot info is null.Setting the last applied index to:(t:0, i:~)
2019-07-14 16:31:42,030 INFO  server.RaftServerConfigKeys (ConfUtils.java:logGet(43)) - raft.server.leader.election.timeout = 120s (custom)
2019-07-14 16:31:42,030 INFO  server.RaftServerConfigKeys (ConfUtils.java:logGet(43)) - raft.server.log.use.memory = false (default)
2019-07-14 16:31:42,031 INFO  server.RaftServerConfigKeys (ConfUtils.java:logGet(43)) - raft.server.log.purge.gap = 1000000000 (custom)
2019-07-14 16:31:42,031 INFO  server.RaftServerConfigKeys (ConfUtils.java:logGet(43)) - raft.server.log.appender.buffer.byte-limit = 33554432 (custom)
2019-07-14 16:31:42,031 INFO  server.RaftServerConfigKeys (ConfUtils.java:logGet(43)) - raft.server.log.segment.size.max = 1048576 (custom)
2019-07-14 16:31:42,031 INFO  server.RaftServerConfigKeys (ConfUtils.java:logGet(43)) - raft.server.log.segment.cache.num.max = 2 (custom)
2019-07-14 16:31:42,031 INFO  segmented.SegmentedRaftLogWorker (SegmentedRaftLogWorker.java:<init>(172)) - new 38d3b87c-51dd-47c3-bfd5-9b9e6717869a-SegmentedRaftLogWorker:Storage Directory /workdir/hadoop-ozone/integration-test/target/test-dir/MiniOzoneClusterImpl-58c8e1a0-14c9-42bb-9613-da5ce92a45b6/datanode-1/data/ratis/cd74d35d-5fc2-4a9d-8540-c260656dcb54 for RaftStorage:Storage Directory /workdir/hadoop-ozone/integration-test/target/test-dir/MiniOzoneClusterImpl-58c8e1a0-14c9-42bb-9613-da5ce92a45b6/datanode-1/data/ratis/cd74d35d-5fc2-4a9d-8540-c260656dcb54
2019-07-14 16:31:42,031 INFO  server.RaftServerConfigKeys (ConfUtils.java:logGet(43)) - raft.server.log.queue.byte-limit = 2147483647 (custom)
2019-07-14 16:31:42,032 INFO  server.RaftServerConfigKeys (ConfUtils.java:logGet(43)) - raft.server.log.queue.element-limit = 1024 (custom)
2019-07-14 16:31:42,032 INFO  server.RaftServerConfigKeys (ConfUtils.java:logGet(43)) - raft.server.log.segment.size.max = 1048576 (custom)
2019-07-14 16:31:42,032 INFO  server.RaftServerConfigKeys (ConfUtils.java:logGet(43)) - raft.server.log.preallocated.size = 16384 (custom)
2019-07-14 16:31:42,032 INFO  server.RaftServerConfigKeys (ConfUtils.java:logGet(43)) - raft.server.log.write.buffer.size = 33554432 (custom)
2019-07-14 16:31:42,032 INFO  server.RaftServerConfigKeys (ConfUtils.java:logGet(43)) - raft.server.log.force.sync.num = 128 (default)
2019-07-14 16:31:42,032 INFO  server.RaftServerConfigKeys (ConfUtils.java:logGet(43)) - raft.server.log.statemachine.data.sync = true (default)
2019-07-14 16:31:42,033 INFO  server.RaftServerConfigKeys (ConfUtils.java:logGet(43)) - raft.server.log.statemachine.data.sync.timeout = 10s (default)
2019-07-14 16:31:42,033 INFO  server.RaftServerConfigKeys (ConfUtils.java:logGet(43)) - raft.server.log.statemachine.data.sync.timeout.retry = -1 (default)
2019-07-14 16:31:42,033 INFO  server.RaftServerConfigKeys (ConfUtils.java:logGet(43)) - raft.server.log.statemachine.data.caching.enabled = true (custom)
2019-07-14 16:31:42,033 INFO  segmented.SegmentedRaftLogWorker (SegmentedRaftLogWorker.java:lambda$new$0(132)) - 38d3b87c-51dd-47c3-bfd5-9b9e6717869a-SegmentedRaftLogWorker:Storage Directory /workdir/hadoop-ozone/integration-test/target/test-dir/MiniOzoneClusterImpl-58c8e1a0-14c9-42bb-9613-da5ce92a45b6/datanode-1/data/ratis/cd74d35d-5fc2-4a9d-8540-c260656dcb54: flushIndex: setUnconditionally 0 -> -1
2019-07-14 16:31:42,034 INFO  server.RaftServerConfigKeys (ConfUtils.java:logGet(43)) - raft.server.snapshot.auto.trigger.enabled = true (custom)
2019-07-14 16:31:42,034 INFO  server.RaftServerConfigKeys (ConfUtils.java:logGet(43)) - raft.server.snapshot.auto.trigger.threshold = 10000 (custom)
2019-07-14 16:31:42,034 INFO  server.RaftServerConfigKeys (ConfUtils.java:logGet(43)) - raft.server.retrycache.expirytime = 600000ms (custom)
2019-07-14 16:31:42,034 INFO  impl.RaftServerImpl (RaftServerImpl.java:start(180)) - 38d3b87c-51dd-47c3-bfd5-9b9e6717869a: start group-C260656DCB54
2019-07-14 16:31:42,034 INFO  impl.RaftServerImpl (RaftServerImpl.java:setRole(171)) - 38d3b87c-51dd-47c3-bfd5-9b9e6717869a:group-C260656DCB54 changes role from null to FOLLOWER at term 0 for startAsFollower
2019-07-14 16:31:42,034 INFO  impl.RoleInfo (RoleInfo.java:updateAndGet(143)) - 38d3b87c-51dd-47c3-bfd5-9b9e6717869a: start FollowerState
2019-07-14 16:31:42,035 INFO  util.JmxRegister (JmxRegister.java:tryRegister(44)) - Successfully registered JMX Bean with object name Ratis:service=RaftServer,group=group-C260656DCB54,id=38d3b87c-51dd-47c3-bfd5-9b9e6717869a
2019-07-14 16:31:42,037 INFO  pipeline.PipelineStateManager (PipelineStateManager.java:addPipeline(56)) - Created pipeline Pipeline[ Id: cd74d35d-5fc2-4a9d-8540-c260656dcb54, Nodes: 38d3b87c-51dd-47c3-bfd5-9b9e6717869a{ip: 192.168.69.77, host: pr-hdds-1710-5x6jb-1204890111, networkLocation: /default-rack, certSerialId: null}, Type:RATIS, Factor:ONE, State:OPEN]
2019-07-14 16:31:42,158 INFO  node.SCMNodeManager (SCMNodeManager.java:register(269)) - Registered Data node : 785ebdca-8c52-4b51-9caf-dc0865fb3cf8{ip: 192.168.69.77, host: pr-hdds-1710-5x6jb-1204890111, networkLocation: /default-rack, certSerialId: null}
2019-07-14 16:31:42,167 INFO  impl.RaftServerProxy (RaftServerProxy.java:addNew(89)) - 785ebdca-8c52-4b51-9caf-dc0865fb3cf8: addNew group-7FCDE713AB42:[785ebdca-8c52-4b51-9caf-dc0865fb3cf8:192.168.69.77:44512] returns group-7FCDE713AB42:java.util.concurrent.CompletableFuture@2990ef3b[Not completed]
2019-07-14 16:31:42,168 INFO  impl.RaftServerImpl (RaftServerImpl.java:<init>(93)) - 785ebdca-8c52-4b51-9caf-dc0865fb3cf8: new RaftServerImpl for group-7FCDE713AB42:[785ebdca-8c52-4b51-9caf-dc0865fb3cf8:192.168.69.77:44512] with ContainerStateMachine:uninitialized
2019-07-14 16:31:42,168 INFO  server.RaftServerConfigKeys (ConfUtils.java:logGet(43)) - raft.server.rpc.timeout.min = 5s (custom)
2019-07-14 16:31:42,168 INFO  server.RaftServerConfigKeys (ConfUtils.java:logGet(43)) - raft.server.rpc.timeout.max = 5200ms (custom)
2019-07-14 16:31:42,168 INFO  server.RaftServerConfigKeys (ConfUtils.java:logGet(43)) - raft.server.rpcslowness.timeout = 120s (custom)
2019-07-14 16:31:42,169 INFO  server.RaftServerConfigKeys (ConfUtils.java:logGet(43)) - raft.server.sleep.deviation.threshold = 300 (default)
2019-07-14 16:31:42,169 INFO  server.RaftServerConfigKeys (ConfUtils.java:logGet(43)) - raft.server.log.appender.install.snapshot.enabled = false (custom)
2019-07-14 16:31:42,169 INFO  impl.RaftServerImpl (ServerState.java:<init>(105)) - 785ebdca-8c52-4b51-9caf-dc0865fb3cf8:group-7FCDE713AB42 ConfigurationManager, init=-1: [785ebdca-8c52-4b51-9caf-dc0865fb3cf8:192.168.69.77:44512], old=null, confs=<EMPTY_MAP>
2019-07-14 16:31:42,169 INFO  server.RaftServerConfigKeys (ConfUtils.java:logGet(43)) - raft.server.storage.dir = [/workdir/hadoop-ozone/integration-test/target/test-dir/MiniOzoneClusterImpl-58c8e1a0-14c9-42bb-9613-da5ce92a45b6/datanode-2/data/ratis] (custom)
2019-07-14 16:31:42,170 INFO  storage.RaftStorageDirectory (RaftStorageDirectory.java:analyzeStorage(246)) - The storage directory /workdir/hadoop-ozone/integration-test/target/test-dir/MiniOzoneClusterImpl-58c8e1a0-14c9-42bb-9613-da5ce92a45b6/datanode-2/data/ratis/b6223803-f3eb-4045-9f92-7fcde713ab42 does not exist. Creating ...
2019-07-14 16:31:42,183 INFO  storage.RaftStorageDirectory (RaftStorageDirectory.java:tryLock(328)) - Lock on /workdir/hadoop-ozone/integration-test/target/test-dir/MiniOzoneClusterImpl-58c8e1a0-14c9-42bb-9613-da5ce92a45b6/datanode-2/data/ratis/b6223803-f3eb-4045-9f92-7fcde713ab42/in_use.lock acquired by nodename 13169@pr-hdds-1710-5x6jb-1204890111
2019-07-14 16:31:42,200 INFO  storage.RaftStorage (RaftStorage.java:format(72)) - Storage directory /workdir/hadoop-ozone/integration-test/target/test-dir/MiniOzoneClusterImpl-58c8e1a0-14c9-42bb-9613-da5ce92a45b6/datanode-2/data/ratis/b6223803-f3eb-4045-9f92-7fcde713ab42 has been successfully formatted.
2019-07-14 16:31:42,201 INFO  ratis.ContainerStateMachine (ContainerStateMachine.java:loadSnapshot(200)) - The snapshot info is null.Setting the last applied index to:(t:0, i:~)
2019-07-14 16:31:42,201 INFO  server.RaftServerConfigKeys (ConfUtils.java:logGet(43)) - raft.server.leader.election.timeout = 120s (custom)
2019-07-14 16:31:42,201 INFO  server.RaftServerConfigKeys (ConfUtils.java:logGet(43)) - raft.server.log.use.memory = false (default)
2019-07-14 16:31:42,201 INFO  server.RaftServerConfigKeys (ConfUtils.java:logGet(43)) - raft.server.log.purge.gap = 1000000000 (custom)
2019-07-14 16:31:42,201 INFO  server.RaftServerConfigKeys (ConfUtils.java:logGet(43)) - raft.server.log.appender.buffer.byte-limit = 33554432 (custom)
2019-07-14 16:31:42,201 INFO  server.RaftServerConfigKeys (ConfUtils.java:logGet(43)) - raft.server.log.segment.size.max = 1048576 (custom)
2019-07-14 16:31:42,202 INFO  server.RaftServerConfigKeys (ConfUtils.java:logGet(43)) - raft.server.log.segment.cache.num.max = 2 (custom)
2019-07-14 16:31:42,202 INFO  segmented.SegmentedRaftLogWorker (SegmentedRaftLogWorker.java:<init>(172)) - new 785ebdca-8c52-4b51-9caf-dc0865fb3cf8-SegmentedRaftLogWorker:Storage Directory /workdir/hadoop-ozone/integration-test/target/test-dir/MiniOzoneClusterImpl-58c8e1a0-14c9-42bb-9613-da5ce92a45b6/datanode-2/data/ratis/b6223803-f3eb-4045-9f92-7fcde713ab42 for RaftStorage:Storage Directory /workdir/hadoop-ozone/integration-test/target/test-dir/MiniOzoneClusterImpl-58c8e1a0-14c9-42bb-9613-da5ce92a45b6/datanode-2/data/ratis/b6223803-f3eb-4045-9f92-7fcde713ab42
2019-07-14 16:31:42,202 INFO  server.RaftServerConfigKeys (ConfUtils.java:logGet(43)) - raft.server.log.queue.byte-limit = 2147483647 (custom)
2019-07-14 16:31:42,202 INFO  server.RaftServerConfigKeys (ConfUtils.java:logGet(43)) - raft.server.log.queue.element-limit = 1024 (custom)
2019-07-14 16:31:42,202 INFO  server.RaftServerConfigKeys (ConfUtils.java:logGet(43)) - raft.server.log.segment.size.max = 1048576 (custom)
2019-07-14 16:31:42,203 INFO  server.RaftServerConfigKeys (ConfUtils.java:logGet(43)) - raft.server.log.preallocated.size = 16384 (custom)
2019-07-14 16:31:42,203 INFO  server.RaftServerConfigKeys (ConfUtils.java:logGet(43)) - raft.server.log.write.buffer.size = 33554432 (custom)
2019-07-14 16:31:42,203 INFO  server.RaftServerConfigKeys (ConfUtils.java:logGet(43)) - raft.server.log.force.sync.num = 128 (default)
2019-07-14 16:31:42,203 INFO  server.RaftServerConfigKeys (ConfUtils.java:logGet(43)) - raft.server.log.statemachine.data.sync = true (default)
2019-07-14 16:31:42,203 INFO  server.RaftServerConfigKeys (ConfUtils.java:logGet(43)) - raft.server.log.statemachine.data.sync.timeout = 10s (default)
2019-07-14 16:31:42,203 INFO  server.RaftServerConfigKeys (ConfUtils.java:logGet(43)) - raft.server.log.statemachine.data.sync.timeout.retry = -1 (default)
2019-07-14 16:31:42,204 INFO  server.RaftServerConfigKeys (ConfUtils.java:logGet(43)) - raft.server.log.statemachine.data.caching.enabled = true (custom)
2019-07-14 16:31:42,204 INFO  segmented.SegmentedRaftLogWorker (SegmentedRaftLogWorker.java:lambda$new$0(132)) - 785ebdca-8c52-4b51-9caf-dc0865fb3cf8-SegmentedRaftLogWorker:Storage Directory /workdir/hadoop-ozone/integration-test/target/test-dir/MiniOzoneClusterImpl-58c8e1a0-14c9-42bb-9613-da5ce92a45b6/datanode-2/data/ratis/b6223803-f3eb-4045-9f92-7fcde713ab42: flushIndex: setUnconditionally 0 -> -1
2019-07-14 16:31:42,204 INFO  server.RaftServerConfigKeys (ConfUtils.java:logGet(43)) - raft.server.snapshot.auto.trigger.enabled = true (custom)
2019-07-14 16:31:42,204 INFO  server.RaftServerConfigKeys (ConfUtils.java:logGet(43)) - raft.server.snapshot.auto.trigger.threshold = 10000 (custom)
2019-07-14 16:31:42,205 INFO  server.RaftServerConfigKeys (ConfUtils.java:logGet(43)) - raft.server.retrycache.expirytime = 600000ms (custom)
2019-07-14 16:31:42,205 INFO  impl.RaftServerImpl (RaftServerImpl.java:start(180)) - 785ebdca-8c52-4b51-9caf-dc0865fb3cf8: start group-7FCDE713AB42
2019-07-14 16:31:42,205 INFO  impl.RaftServerImpl (RaftServerImpl.java:setRole(171)) - 785ebdca-8c52-4b51-9caf-dc0865fb3cf8:group-7FCDE713AB42 changes role from null to FOLLOWER at term 0 for startAsFollower
2019-07-14 16:31:42,205 INFO  impl.RoleInfo (RoleInfo.java:updateAndGet(143)) - 785ebdca-8c52-4b51-9caf-dc0865fb3cf8: start FollowerState
2019-07-14 16:31:42,206 INFO  util.JmxRegister (JmxRegister.java:tryRegister(44)) - Successfully registered JMX Bean with object name Ratis:service=RaftServer,group=group-7FCDE713AB42,id=785ebdca-8c52-4b51-9caf-dc0865fb3cf8
2019-07-14 16:31:42,208 INFO  pipeline.PipelineStateManager (PipelineStateManager.java:addPipeline(56)) - Created pipeline Pipeline[ Id: b6223803-f3eb-4045-9f92-7fcde713ab42, Nodes: 785ebdca-8c52-4b51-9caf-dc0865fb3cf8{ip: 192.168.69.77, host: pr-hdds-1710-5x6jb-1204890111, networkLocation: /default-rack, certSerialId: null}, Type:RATIS, Factor:ONE, State:OPEN]
2019-07-14 16:31:42,220 INFO  impl.RaftServerProxy (RaftServerProxy.java:addNew(89)) - 38d3b87c-51dd-47c3-bfd5-9b9e6717869a: addNew group-AC78B3083372:[b3b2927a-f011-459c-a64b-1a14801535e4:192.168.69.77:37069, 38d3b87c-51dd-47c3-bfd5-9b9e6717869a:192.168.69.77:44865, 785ebdca-8c52-4b51-9caf-dc0865fb3cf8:192.168.69.77:44512] returns group-AC78B3083372:java.util.concurrent.CompletableFuture@4f0f248[Not completed]
2019-07-14 16:31:42,220 INFO  impl.RaftServerProxy (RaftServerProxy.java:addNew(89)) - b3b2927a-f011-459c-a64b-1a14801535e4: addNew group-AC78B3083372:[b3b2927a-f011-459c-a64b-1a14801535e4:192.168.69.77:37069, 38d3b87c-51dd-47c3-bfd5-9b9e6717869a:192.168.69.77:44865, 785ebdca-8c52-4b51-9caf-dc0865fb3cf8:192.168.69.77:44512] returns group-AC78B3083372:java.util.concurrent.CompletableFuture@12e14ac8[Not completed]
2019-07-14 16:31:42,220 INFO  impl.RaftServerProxy (RaftServerProxy.java:addNew(89)) - 785ebdca-8c52-4b51-9caf-dc0865fb3cf8: addNew group-AC78B3083372:[b3b2927a-f011-459c-a64b-1a14801535e4:192.168.69.77:37069, 38d3b87c-51dd-47c3-bfd5-9b9e6717869a:192.168.69.77:44865, 785ebdca-8c52-4b51-9caf-dc0865fb3cf8:192.168.69.77:44512] returns group-AC78B3083372:java.util.concurrent.CompletableFuture@367ec22e[Not completed]
2019-07-14 16:31:42,222 INFO  impl.RaftServerImpl (RaftServerImpl.java:<init>(93)) - 38d3b87c-51dd-47c3-bfd5-9b9e6717869a: new RaftServerImpl for group-AC78B3083372:[b3b2927a-f011-459c-a64b-1a14801535e4:192.168.69.77:37069, 38d3b87c-51dd-47c3-bfd5-9b9e6717869a:192.168.69.77:44865, 785ebdca-8c52-4b51-9caf-dc0865fb3cf8:192.168.69.77:44512] with ContainerStateMachine:uninitialized
2019-07-14 16:31:42,222 INFO  server.RaftServerConfigKeys (ConfUtils.java:logGet(43)) - raft.server.rpc.timeout.min = 5s (custom)
2019-07-14 16:31:42,222 INFO  server.RaftServerConfigKeys (ConfUtils.java:logGet(43)) - raft.server.rpc.timeout.max = 5200ms (custom)
2019-07-14 16:31:42,222 INFO  server.RaftServerConfigKeys (ConfUtils.java:logGet(43)) - raft.server.rpcslowness.timeout = 120s (custom)
2019-07-14 16:31:42,222 INFO  server.RaftServerConfigKeys (ConfUtils.java:logGet(43)) - raft.server.sleep.deviation.threshold = 300 (default)
2019-07-14 16:31:42,222 INFO  server.RaftServerConfigKeys (ConfUtils.java:logGet(43)) - raft.server.log.appender.install.snapshot.enabled = false (custom)
2019-07-14 16:31:42,222 INFO  impl.RaftServerImpl (RaftServerImpl.java:<init>(93)) - b3b2927a-f011-459c-a64b-1a14801535e4: new RaftServerImpl for group-AC78B3083372:[b3b2927a-f011-459c-a64b-1a14801535e4:192.168.69.77:37069, 38d3b87c-51dd-47c3-bfd5-9b9e6717869a:192.168.69.77:44865, 785ebdca-8c52-4b51-9caf-dc0865fb3cf8:192.168.69.77:44512] with ContainerStateMachine:uninitialized
2019-07-14 16:31:42,222 INFO  impl.RaftServerImpl (ServerState.java:<init>(105)) - 38d3b87c-51dd-47c3-bfd5-9b9e6717869a:group-AC78B3083372 ConfigurationManager, init=-1: [b3b2927a-f011-459c-a64b-1a14801535e4:192.168.69.77:37069, 38d3b87c-51dd-47c3-bfd5-9b9e6717869a:192.168.69.77:44865, 785ebdca-8c52-4b51-9caf-dc0865fb3cf8:192.168.69.77:44512], old=null, confs=<EMPTY_MAP>
2019-07-14 16:31:42,223 INFO  server.RaftServerConfigKeys (ConfUtils.java:logGet(43)) - raft.server.rpc.timeout.min = 5s (custom)
2019-07-14 16:31:42,223 INFO  server.RaftServerConfigKeys (ConfUtils.java:logGet(43)) - raft.server.storage.dir = [/workdir/hadoop-ozone/integration-test/target/test-dir/MiniOzoneClusterImpl-58c8e1a0-14c9-42bb-9613-da5ce92a45b6/datanode-1/data/ratis] (custom)
2019-07-14 16:31:42,223 INFO  impl.RaftServerImpl (RaftServerImpl.java:<init>(93)) - 785ebdca-8c52-4b51-9caf-dc0865fb3cf8: new RaftServerImpl for group-AC78B3083372:[b3b2927a-f011-459c-a64b-1a14801535e4:192.168.69.77:37069, 38d3b87c-51dd-47c3-bfd5-9b9e6717869a:192.168.69.77:44865, 785ebdca-8c52-4b51-9caf-dc0865fb3cf8:192.168.69.77:44512] with ContainerStateMachine:uninitialized
2019-07-14 16:31:42,223 INFO  server.RaftServerConfigKeys (ConfUtils.java:logGet(43)) - raft.server.rpc.timeout.max = 5200ms (custom)
2019-07-14 16:31:42,223 INFO  storage.RaftStorageDirectory (RaftStorageDirectory.java:analyzeStorage(246)) - The storage directory /workdir/hadoop-ozone/integration-test/target/test-dir/MiniOzoneClusterImpl-58c8e1a0-14c9-42bb-9613-da5ce92a45b6/datanode-1/data/ratis/25047cb2-2034-4452-98de-ac78b3083372 does not exist. Creating ...
2019-07-14 16:31:42,223 INFO  server.RaftServerConfigKeys (ConfUtils.java:logGet(43)) - raft.server.rpc.timeout.min = 5s (custom)
2019-07-14 16:31:42,223 INFO  server.RaftServerConfigKeys (ConfUtils.java:logGet(43)) - raft.server.rpcslowness.timeout = 120s (custom)
2019-07-14 16:31:42,224 INFO  server.RaftServerConfigKeys (ConfUtils.java:logGet(43)) - raft.server.rpc.timeout.max = 5200ms (custom)
2019-07-14 16:31:42,224 INFO  server.RaftServerConfigKeys (ConfUtils.java:logGet(43)) - raft.server.sleep.deviation.threshold = 300 (default)
2019-07-14 16:31:42,224 INFO  server.RaftServerConfigKeys (ConfUtils.java:logGet(43)) - raft.server.rpcslowness.timeout = 120s (custom)
2019-07-14 16:31:42,224 INFO  server.RaftServerConfigKeys (ConfUtils.java:logGet(43)) - raft.server.log.appender.install.snapshot.enabled = false (custom)
2019-07-14 16:31:42,224 INFO  server.RaftServerConfigKeys (ConfUtils.java:logGet(43)) - raft.server.sleep.deviation.threshold = 300 (default)
2019-07-14 16:31:42,224 INFO  impl.RaftServerImpl (ServerState.java:<init>(105)) - b3b2927a-f011-459c-a64b-1a14801535e4:group-AC78B3083372 ConfigurationManager, init=-1: [b3b2927a-f011-459c-a64b-1a14801535e4:192.168.69.77:37069, 38d3b87c-51dd-47c3-bfd5-9b9e6717869a:192.168.69.77:44865, 785ebdca-8c52-4b51-9caf-dc0865fb3cf8:192.168.69.77:44512], old=null, confs=<EMPTY_MAP>
2019-07-14 16:31:42,225 INFO  server.RaftServerConfigKeys (ConfUtils.java:logGet(43)) - raft.server.log.appender.install.snapshot.enabled = false (custom)
2019-07-14 16:31:42,225 INFO  server.RaftServerConfigKeys (ConfUtils.java:logGet(43)) - raft.server.storage.dir = [/workdir/hadoop-ozone/integration-test/target/test-dir/MiniOzoneClusterImpl-58c8e1a0-14c9-42bb-9613-da5ce92a45b6/datanode-0/data/ratis] (custom)
2019-07-14 16:31:42,225 INFO  impl.RaftServerImpl (ServerState.java:<init>(105)) - 785ebdca-8c52-4b51-9caf-dc0865fb3cf8:group-AC78B3083372 ConfigurationManager, init=-1: [b3b2927a-f011-459c-a64b-1a14801535e4:192.168.69.77:37069, 38d3b87c-51dd-47c3-bfd5-9b9e6717869a:192.168.69.77:44865, 785ebdca-8c52-4b51-9caf-dc0865fb3cf8:192.168.69.77:44512], old=null, confs=<EMPTY_MAP>
2019-07-14 16:31:42,225 INFO  server.RaftServerConfigKeys (ConfUtils.java:logGet(43)) - raft.server.storage.dir = [/workdir/hadoop-ozone/integration-test/target/test-dir/MiniOzoneClusterImpl-58c8e1a0-14c9-42bb-9613-da5ce92a45b6/datanode-2/data/ratis] (custom)
2019-07-14 16:31:42,225 INFO  storage.RaftStorageDirectory (RaftStorageDirectory.java:analyzeStorage(246)) - The storage directory /workdir/hadoop-ozone/integration-test/target/test-dir/MiniOzoneClusterImpl-58c8e1a0-14c9-42bb-9613-da5ce92a45b6/datanode-0/data/ratis/25047cb2-2034-4452-98de-ac78b3083372 does not exist. Creating ...
2019-07-14 16:31:42,226 INFO  storage.RaftStorageDirectory (RaftStorageDirectory.java:analyzeStorage(246)) - The storage directory /workdir/hadoop-ozone/integration-test/target/test-dir/MiniOzoneClusterImpl-58c8e1a0-14c9-42bb-9613-da5ce92a45b6/datanode-2/data/ratis/25047cb2-2034-4452-98de-ac78b3083372 does not exist. Creating ...
2019-07-14 16:31:42,238 INFO  storage.RaftStorageDirectory (RaftStorageDirectory.java:tryLock(328)) - Lock on /workdir/hadoop-ozone/integration-test/target/test-dir/MiniOzoneClusterImpl-58c8e1a0-14c9-42bb-9613-da5ce92a45b6/datanode-1/data/ratis/25047cb2-2034-4452-98de-ac78b3083372/in_use.lock acquired by nodename 13169@pr-hdds-1710-5x6jb-1204890111
2019-07-14 16:31:42,238 INFO  storage.RaftStorageDirectory (RaftStorageDirectory.java:tryLock(328)) - Lock on /workdir/hadoop-ozone/integration-test/target/test-dir/MiniOzoneClusterImpl-58c8e1a0-14c9-42bb-9613-da5ce92a45b6/datanode-2/data/ratis/25047cb2-2034-4452-98de-ac78b3083372/in_use.lock acquired by nodename 13169@pr-hdds-1710-5x6jb-1204890111
2019-07-14 16:31:42,238 INFO  storage.RaftStorageDirectory (RaftStorageDirectory.java:tryLock(328)) - Lock on /workdir/hadoop-ozone/integration-test/target/test-dir/MiniOzoneClusterImpl-58c8e1a0-14c9-42bb-9613-da5ce92a45b6/datanode-0/data/ratis/25047cb2-2034-4452-98de-ac78b3083372/in_use.lock acquired by nodename 13169@pr-hdds-1710-5x6jb-1204890111
2019-07-14 16:31:42,253 INFO  storage.RaftStorage (RaftStorage.java:format(72)) - Storage directory /workdir/hadoop-ozone/integration-test/target/test-dir/MiniOzoneClusterImpl-58c8e1a0-14c9-42bb-9613-da5ce92a45b6/datanode-1/data/ratis/25047cb2-2034-4452-98de-ac78b3083372 has been successfully formatted.
2019-07-14 16:31:42,253 INFO  storage.RaftStorage (RaftStorage.java:format(72)) - Storage directory /workdir/hadoop-ozone/integration-test/target/test-dir/MiniOzoneClusterImpl-58c8e1a0-14c9-42bb-9613-da5ce92a45b6/datanode-0/data/ratis/25047cb2-2034-4452-98de-ac78b3083372 has been successfully formatted.
2019-07-14 16:31:42,253 INFO  storage.RaftStorage (RaftStorage.java:format(72)) - Storage directory /workdir/hadoop-ozone/integration-test/target/test-dir/MiniOzoneClusterImpl-58c8e1a0-14c9-42bb-9613-da5ce92a45b6/datanode-2/data/ratis/25047cb2-2034-4452-98de-ac78b3083372 has been successfully formatted.
2019-07-14 16:31:42,253 INFO  ratis.ContainerStateMachine (ContainerStateMachine.java:loadSnapshot(200)) - The snapshot info is null.Setting the last applied index to:(t:0, i:~)
2019-07-14 16:31:42,253 INFO  ratis.ContainerStateMachine (ContainerStateMachine.java:loadSnapshot(200)) - The snapshot info is null.Setting the last applied index to:(t:0, i:~)
2019-07-14 16:31:42,253 INFO  server.RaftServerConfigKeys (ConfUtils.java:logGet(43)) - raft.server.leader.election.timeout = 120s (custom)
2019-07-14 16:31:42,253 INFO  ratis.ContainerStateMachine (ContainerStateMachine.java:loadSnapshot(200)) - The snapshot info is null.Setting the last applied index to:(t:0, i:~)
2019-07-14 16:31:42,254 INFO  server.RaftServerConfigKeys (ConfUtils.java:logGet(43)) - raft.server.log.use.memory = false (default)
2019-07-14 16:31:42,254 INFO  server.RaftServerConfigKeys (ConfUtils.java:logGet(43)) - raft.server.leader.election.timeout = 120s (custom)
2019-07-14 16:31:42,254 INFO  server.RaftServerConfigKeys (ConfUtils.java:logGet(43)) - raft.server.log.purge.gap = 1000000000 (custom)
2019-07-14 16:31:42,254 INFO  server.RaftServerConfigKeys (ConfUtils.java:logGet(43)) - raft.server.log.appender.buffer.byte-limit = 33554432 (custom)
2019-07-14 16:31:42,254 INFO  server.RaftServerConfigKeys (ConfUtils.java:logGet(43)) - raft.server.leader.election.timeout = 120s (custom)
2019-07-14 16:31:42,255 INFO  server.RaftServerConfigKeys (ConfUtils.java:logGet(43)) - raft.server.log.segment.size.max = 1048576 (custom)
2019-07-14 16:31:42,254 INFO  server.RaftServerConfigKeys (ConfUtils.java:logGet(43)) - raft.server.log.use.memory = false (default)
2019-07-14 16:31:42,255 INFO  server.RaftServerConfigKeys (ConfUtils.java:logGet(43)) - raft.server.log.segment.cache.num.max = 2 (custom)
2019-07-14 16:31:42,255 INFO  segmented.SegmentedRaftLogWorker (SegmentedRaftLogWorker.java:<init>(172)) - new b3b2927a-f011-459c-a64b-1a14801535e4-SegmentedRaftLogWorker:Storage Directory /workdir/hadoop-ozone/integration-test/target/test-dir/MiniOzoneClusterImpl-58c8e1a0-14c9-42bb-9613-da5ce92a45b6/datanode-0/data/ratis/25047cb2-2034-4452-98de-ac78b3083372 for RaftStorage:Storage Directory /workdir/hadoop-ozone/integration-test/target/test-dir/MiniOzoneClusterImpl-58c8e1a0-14c9-42bb-9613-da5ce92a45b6/datanode-0/data/ratis/25047cb2-2034-4452-98de-ac78b3083372
2019-07-14 16:31:42,255 INFO  server.RaftServerConfigKeys (ConfUtils.java:logGet(43)) - raft.server.log.use.memory = false (default)
2019-07-14 16:31:42,256 INFO  server.RaftServerConfigKeys (ConfUtils.java:logGet(43)) - raft.server.log.queue.byte-limit = 2147483647 (custom)
2019-07-14 16:31:42,256 INFO  server.RaftServerConfigKeys (ConfUtils.java:logGet(43)) - raft.server.log.queue.element-limit = 1024 (custom)
2019-07-14 16:31:42,255 INFO  server.RaftServerConfigKeys (ConfUtils.java:logGet(43)) - raft.server.log.purge.gap = 1000000000 (custom)
2019-07-14 16:31:42,256 INFO  server.RaftServerConfigKeys (ConfUtils.java:logGet(43)) - raft.server.log.segment.size.max = 1048576 (custom)
2019-07-14 16:31:42,256 INFO  server.RaftServerConfigKeys (ConfUtils.java:logGet(43)) - raft.server.log.preallocated.size = 16384 (custom)
2019-07-14 16:31:42,256 INFO  server.RaftServerConfigKeys (ConfUtils.java:logGet(43)) - raft.server.log.purge.gap = 1000000000 (custom)
2019-07-14 16:31:42,257 INFO  server.RaftServerConfigKeys (ConfUtils.java:logGet(43)) - raft.server.log.write.buffer.size = 33554432 (custom)
2019-07-14 16:31:42,256 INFO  server.RaftServerConfigKeys (ConfUtils.java:logGet(43)) - raft.server.log.appender.buffer.byte-limit = 33554432 (custom)
2019-07-14 16:31:42,257 INFO  server.RaftServerConfigKeys (ConfUtils.java:logGet(43)) - raft.server.log.force.sync.num = 128 (default)
2019-07-14 16:31:42,257 INFO  server.RaftServerConfigKeys (ConfUtils.java:logGet(43)) - raft.server.log.statemachine.data.sync = true (default)
2019-07-14 16:31:42,257 INFO  server.RaftServerConfigKeys (ConfUtils.java:logGet(43)) - raft.server.log.appender.buffer.byte-limit = 33554432 (custom)
2019-07-14 16:31:42,257 INFO  server.RaftServerConfigKeys (ConfUtils.java:logGet(43)) - raft.server.log.statemachine.data.sync.timeout = 10s (default)
2019-07-14 16:31:42,257 INFO  server.RaftServerConfigKeys (ConfUtils.java:logGet(43)) - raft.server.log.segment.size.max = 1048576 (custom)
2019-07-14 16:31:42,258 INFO  server.RaftServerConfigKeys (ConfUtils.java:logGet(43)) - raft.server.log.statemachine.data.sync.timeout.retry = -1 (default)
2019-07-14 16:31:42,258 INFO  server.RaftServerConfigKeys (ConfUtils.java:logGet(43)) - raft.server.log.segment.size.max = 1048576 (custom)
2019-07-14 16:31:42,258 INFO  server.RaftServerConfigKeys (ConfUtils.java:logGet(43)) - raft.server.log.statemachine.data.caching.enabled = true (custom)
2019-07-14 16:31:42,258 INFO  server.RaftServerConfigKeys (ConfUtils.java:logGet(43)) - raft.server.log.segment.cache.num.max = 2 (custom)
2019-07-14 16:31:42,259 INFO  segmented.SegmentedRaftLogWorker (SegmentedRaftLogWorker.java:<init>(172)) - new 38d3b87c-51dd-47c3-bfd5-9b9e6717869a-SegmentedRaftLogWorker:Storage Directory /workdir/hadoop-ozone/integration-test/target/test-dir/MiniOzoneClusterImpl-58c8e1a0-14c9-42bb-9613-da5ce92a45b6/datanode-1/data/ratis/25047cb2-2034-4452-98de-ac78b3083372 for RaftStorage:Storage Directory /workdir/hadoop-ozone/integration-test/target/test-dir/MiniOzoneClusterImpl-58c8e1a0-14c9-42bb-9613-da5ce92a45b6/datanode-1/data/ratis/25047cb2-2034-4452-98de-ac78b3083372
2019-07-14 16:31:42,258 INFO  server.RaftServerConfigKeys (ConfUtils.java:logGet(43)) - raft.server.log.segment.cache.num.max = 2 (custom)
2019-07-14 16:31:42,259 INFO  server.RaftServerConfigKeys (ConfUtils.java:logGet(43)) - raft.server.log.queue.byte-limit = 2147483647 (custom)
2019-07-14 16:31:42,259 INFO  server.RaftServerConfigKeys (ConfUtils.java:logGet(43)) - raft.server.log.queue.element-limit = 1024 (custom)
2019-07-14 16:31:42,259 INFO  segmented.SegmentedRaftLogWorker (SegmentedRaftLogWorker.java:lambda$new$0(132)) - b3b2927a-f011-459c-a64b-1a14801535e4-SegmentedRaftLogWorker:Storage Directory /workdir/hadoop-ozone/integration-test/target/test-dir/MiniOzoneClusterImpl-58c8e1a0-14c9-42bb-9613-da5ce92a45b6/datanode-0/data/ratis/25047cb2-2034-4452-98de-ac78b3083372: flushIndex: setUnconditionally 0 -> -1
2019-07-14 16:31:42,259 INFO  server.RaftServerConfigKeys (ConfUtils.java:logGet(43)) - raft.server.log.segment.size.max = 1048576 (custom)
2019-07-14 16:31:42,260 INFO  server.RaftServerConfigKeys (ConfUtils.java:logGet(43)) - raft.server.log.preallocated.size = 16384 (custom)
2019-07-14 16:31:42,260 INFO  server.RaftServerConfigKeys (ConfUtils.java:logGet(43)) - raft.server.log.write.buffer.size = 33554432 (custom)
2019-07-14 16:31:42,259 INFO  segmented.SegmentedRaftLogWorker (SegmentedRaftLogWorker.java:<init>(172)) - new 785ebdca-8c52-4b51-9caf-dc0865fb3cf8-SegmentedRaftLogWorker:Storage Directory /workdir/hadoop-ozone/integration-test/target/test-dir/MiniOzoneClusterImpl-58c8e1a0-14c9-42bb-9613-da5ce92a45b6/datanode-2/data/ratis/25047cb2-2034-4452-98de-ac78b3083372 for RaftStorage:Storage Directory /workdir/hadoop-ozone/integration-test/target/test-dir/MiniOzoneClusterImpl-58c8e1a0-14c9-42bb-9613-da5ce92a45b6/datanode-2/data/ratis/25047cb2-2034-4452-98de-ac78b3083372
2019-07-14 16:31:42,260 INFO  server.RaftServerConfigKeys (ConfUtils.java:logGet(43)) - raft.server.log.force.sync.num = 128 (default)
2019-07-14 16:31:42,260 INFO  server.RaftServerConfigKeys (ConfUtils.java:logGet(43)) - raft.server.snapshot.auto.trigger.enabled = true (custom)
2019-07-14 16:31:42,260 INFO  server.RaftServerConfigKeys (ConfUtils.java:logGet(43)) - raft.server.log.statemachine.data.sync = true (default)
2019-07-14 16:31:42,261 INFO  server.RaftServerConfigKeys (ConfUtils.java:logGet(43)) - raft.server.log.statemachine.data.sync.timeout = 10s (default)
2019-07-14 16:31:42,260 INFO  server.RaftServerConfigKeys (ConfUtils.java:logGet(43)) - raft.server.log.queue.byte-limit = 2147483647 (custom)
2019-07-14 16:31:42,261 INFO  server.RaftServerConfigKeys (ConfUtils.java:logGet(43)) - raft.server.log.statemachine.data.sync.timeout.retry = -1 (default)
2019-07-14 16:31:42,261 INFO  server.RaftServerConfigKeys (ConfUtils.java:logGet(43)) - raft.server.snapshot.auto.trigger.threshold = 10000 (custom)
2019-07-14 16:31:42,261 INFO  server.RaftServerConfigKeys (ConfUtils.java:logGet(43)) - raft.server.log.statemachine.data.caching.enabled = true (custom)
2019-07-14 16:31:42,261 INFO  server.RaftServerConfigKeys (ConfUtils.java:logGet(43)) - raft.server.log.queue.element-limit = 1024 (custom)
2019-07-14 16:31:42,262 INFO  segmented.SegmentedRaftLogWorker (SegmentedRaftLogWorker.java:lambda$new$0(132)) - 38d3b87c-51dd-47c3-bfd5-9b9e6717869a-SegmentedRaftLogWorker:Storage Directory /workdir/hadoop-ozone/integration-test/target/test-dir/MiniOzoneClusterImpl-58c8e1a0-14c9-42bb-9613-da5ce92a45b6/datanode-1/data/ratis/25047cb2-2034-4452-98de-ac78b3083372: flushIndex: setUnconditionally 0 -> -1
2019-07-14 16:31:42,262 INFO  server.RaftServerConfigKeys (ConfUtils.java:logGet(43)) - raft.server.retrycache.expirytime = 600000ms (custom)
2019-07-14 16:31:42,262 INFO  server.RaftServerConfigKeys (ConfUtils.java:logGet(43)) - raft.server.log.segment.size.max = 1048576 (custom)
2019-07-14 16:31:42,262 INFO  impl.RaftServerImpl (RaftServerImpl.java:start(180)) - b3b2927a-f011-459c-a64b-1a14801535e4: start group-AC78B3083372
2019-07-14 16:31:42,262 INFO  server.RaftServerConfigKeys (ConfUtils.java:logGet(43)) - raft.server.snapshot.auto.trigger.enabled = true (custom)
2019-07-14 16:31:42,263 INFO  impl.RaftServerImpl (RaftServerImpl.java:setRole(171)) - b3b2927a-f011-459c-a64b-1a14801535e4:group-AC78B3083372 changes role from null to FOLLOWER at term 0 for startAsFollower
2019-07-14 16:31:42,263 INFO  server.RaftServerConfigKeys (ConfUtils.java:logGet(43)) - raft.server.log.preallocated.size = 16384 (custom)
2019-07-14 16:31:42,263 INFO  impl.RoleInfo (RoleInfo.java:updateAndGet(143)) - b3b2927a-f011-459c-a64b-1a14801535e4: start FollowerState
2019-07-14 16:31:42,263 INFO  server.RaftServerConfigKeys (ConfUtils.java:logGet(43)) - raft.server.snapshot.auto.trigger.threshold = 10000 (custom)
2019-07-14 16:31:42,263 INFO  server.RaftServerConfigKeys (ConfUtils.java:logGet(43)) - raft.server.log.write.buffer.size = 33554432 (custom)
2019-07-14 16:31:42,264 INFO  util.JmxRegister (JmxRegister.java:tryRegister(44)) - Successfully registered JMX Bean with object name Ratis:service=RaftServer,group=group-AC78B3083372,id=b3b2927a-f011-459c-a64b-1a14801535e4
2019-07-14 16:31:42,264 INFO  server.RaftServerConfigKeys (ConfUtils.java:logGet(43)) - raft.server.retrycache.expirytime = 600000ms (custom)
2019-07-14 16:31:42,264 INFO  server.RaftServerConfigKeys (ConfUtils.java:logGet(43)) - raft.server.log.force.sync.num = 128 (default)
2019-07-14 16:31:42,264 INFO  impl.RaftServerImpl (RaftServerImpl.java:start(180)) - 38d3b87c-51dd-47c3-bfd5-9b9e6717869a: start group-AC78B3083372
2019-07-14 16:31:42,264 INFO  server.RaftServerConfigKeys (ConfUtils.java:logGet(43)) - raft.server.log.statemachine.data.sync = true (default)
2019-07-14 16:31:42,264 INFO  impl.RaftServerImpl (RaftServerImpl.java:setRole(171)) - 38d3b87c-51dd-47c3-bfd5-9b9e6717869a:group-AC78B3083372 changes role from null to FOLLOWER at term 0 for startAsFollower
2019-07-14 16:31:42,265 INFO  server.RaftServerConfigKeys (ConfUtils.java:logGet(43)) - raft.server.log.statemachine.data.sync.timeout = 10s (default)
2019-07-14 16:31:42,265 INFO  impl.RoleInfo (RoleInfo.java:updateAndGet(143)) - 38d3b87c-51dd-47c3-bfd5-9b9e6717869a: start FollowerState
2019-07-14 16:31:42,265 INFO  server.RaftServerConfigKeys (ConfUtils.java:logGet(43)) - raft.server.log.statemachine.data.sync.timeout.retry = -1 (default)
2019-07-14 16:31:42,265 INFO  server.RaftServerConfigKeys (ConfUtils.java:logGet(43)) - raft.server.log.statemachine.data.caching.enabled = true (custom)
2019-07-14 16:31:42,265 INFO  util.JmxRegister (JmxRegister.java:tryRegister(44)) - Successfully registered JMX Bean with object name Ratis:service=RaftServer,group=group-AC78B3083372,id=38d3b87c-51dd-47c3-bfd5-9b9e6717869a
2019-07-14 16:31:42,266 INFO  segmented.SegmentedRaftLogWorker (SegmentedRaftLogWorker.java:lambda$new$0(132)) - 785ebdca-8c52-4b51-9caf-dc0865fb3cf8-SegmentedRaftLogWorker:Storage Directory /workdir/hadoop-ozone/integration-test/target/test-dir/MiniOzoneClusterImpl-58c8e1a0-14c9-42bb-9613-da5ce92a45b6/datanode-2/data/ratis/25047cb2-2034-4452-98de-ac78b3083372: flushIndex: setUnconditionally 0 -> -1
2019-07-14 16:31:42,266 INFO  server.RaftServerConfigKeys (ConfUtils.java:logGet(43)) - raft.server.snapshot.auto.trigger.enabled = true (custom)
2019-07-14 16:31:42,266 INFO  server.RaftServerConfigKeys (ConfUtils.java:logGet(43)) - raft.server.snapshot.auto.trigger.threshold = 10000 (custom)
2019-07-14 16:31:42,266 INFO  server.RaftServerConfigKeys (ConfUtils.java:logGet(43)) - raft.server.retrycache.expirytime = 600000ms (custom)
2019-07-14 16:31:42,267 INFO  impl.RaftServerImpl (RaftServerImpl.java:start(180)) - 785ebdca-8c52-4b51-9caf-dc0865fb3cf8: start group-AC78B3083372
2019-07-14 16:31:42,267 INFO  impl.RaftServerImpl (RaftServerImpl.java:setRole(171)) - 785ebdca-8c52-4b51-9caf-dc0865fb3cf8:group-AC78B3083372 changes role from null to FOLLOWER at term 0 for startAsFollower
2019-07-14 16:31:42,267 INFO  impl.RoleInfo (RoleInfo.java:updateAndGet(143)) - 785ebdca-8c52-4b51-9caf-dc0865fb3cf8: start FollowerState
2019-07-14 16:31:42,268 INFO  util.JmxRegister (JmxRegister.java:tryRegister(44)) - Successfully registered JMX Bean with object name Ratis:service=RaftServer,group=group-AC78B3083372,id=785ebdca-8c52-4b51-9caf-dc0865fb3cf8
2019-07-14 16:31:42,270 INFO  pipeline.PipelineStateManager (PipelineStateManager.java:addPipeline(56)) - Created pipeline Pipeline[ Id: 25047cb2-2034-4452-98de-ac78b3083372, Nodes: 785ebdca-8c52-4b51-9caf-dc0865fb3cf8{ip: 192.168.69.77, host: pr-hdds-1710-5x6jb-1204890111, networkLocation: /default-rack, certSerialId: null}38d3b87c-51dd-47c3-bfd5-9b9e6717869a{ip: 192.168.69.77, host: pr-hdds-1710-5x6jb-1204890111, networkLocation: /default-rack, certSerialId: null}b3b2927a-f011-459c-a64b-1a14801535e4{ip: 192.168.69.77, host: pr-hdds-1710-5x6jb-1204890111, networkLocation: /default-rack, certSerialId: null}, Type:RATIS, Factor:THREE, State:OPEN]
2019-07-14 16:31:42,323 INFO  node.SCMNodeManager (SCMNodeManager.java:register(269)) - Registered Data node : 661245da-c950-408b-9610-dfa66d238453{ip: 192.168.69.77, host: pr-hdds-1710-5x6jb-1204890111, networkLocation: /default-rack, certSerialId: null}
2019-07-14 16:31:42,330 INFO  impl.RaftServerProxy (RaftServerProxy.java:addNew(89)) - 661245da-c950-408b-9610-dfa66d238453: addNew group-8C1EC49200CD:[661245da-c950-408b-9610-dfa66d238453:192.168.69.77:34218] returns group-8C1EC49200CD:java.util.concurrent.CompletableFuture@439735a5[Not completed]
2019-07-14 16:31:42,332 INFO  impl.RaftServerImpl (RaftServerImpl.java:<init>(93)) - 661245da-c950-408b-9610-dfa66d238453: new RaftServerImpl for group-8C1EC49200CD:[661245da-c950-408b-9610-dfa66d238453:192.168.69.77:34218] with ContainerStateMachine:uninitialized
2019-07-14 16:31:42,332 INFO  server.RaftServerConfigKeys (ConfUtils.java:logGet(43)) - raft.server.rpc.timeout.min = 5s (custom)
2019-07-14 16:31:42,332 INFO  server.RaftServerConfigKeys (ConfUtils.java:logGet(43)) - raft.server.rpc.timeout.max = 5200ms (custom)
2019-07-14 16:31:42,332 INFO  server.RaftServerConfigKeys (ConfUtils.java:logGet(43)) - raft.server.rpcslowness.timeout = 120s (custom)
2019-07-14 16:31:42,332 INFO  server.RaftServerConfigKeys (ConfUtils.java:logGet(43)) - raft.server.sleep.deviation.threshold = 300 (default)
2019-07-14 16:31:42,332 INFO  server.RaftServerConfigKeys (ConfUtils.java:logGet(43)) - raft.server.log.appender.install.snapshot.enabled = false (custom)
2019-07-14 16:31:42,333 INFO  impl.RaftServerImpl (ServerState.java:<init>(105)) - 661245da-c950-408b-9610-dfa66d238453:group-8C1EC49200CD ConfigurationManager, init=-1: [661245da-c950-408b-9610-dfa66d238453:192.168.69.77:34218], old=null, confs=<EMPTY_MAP>
2019-07-14 16:31:42,333 INFO  server.RaftServerConfigKeys (ConfUtils.java:logGet(43)) - raft.server.storage.dir = [/workdir/hadoop-ozone/integration-test/target/test-dir/MiniOzoneClusterImpl-58c8e1a0-14c9-42bb-9613-da5ce92a45b6/datanode-3/data/ratis] (custom)
2019-07-14 16:31:42,333 INFO  storage.RaftStorageDirectory (RaftStorageDirectory.java:analyzeStorage(246)) - The storage directory /workdir/hadoop-ozone/integration-test/target/test-dir/MiniOzoneClusterImpl-58c8e1a0-14c9-42bb-9613-da5ce92a45b6/datanode-3/data/ratis/40c08936-51ef-4729-bfab-8c1ec49200cd does not exist. Creating ...
2019-07-14 16:31:42,346 INFO  storage.RaftStorageDirectory (RaftStorageDirectory.java:tryLock(328)) - Lock on /workdir/hadoop-ozone/integration-test/target/test-dir/MiniOzoneClusterImpl-58c8e1a0-14c9-42bb-9613-da5ce92a45b6/datanode-3/data/ratis/40c08936-51ef-4729-bfab-8c1ec49200cd/in_use.lock acquired by nodename 13169@pr-hdds-1710-5x6jb-1204890111
2019-07-14 16:31:42,359 INFO  storage.RaftStorage (RaftStorage.java:format(72)) - Storage directory /workdir/hadoop-ozone/integration-test/target/test-dir/MiniOzoneClusterImpl-58c8e1a0-14c9-42bb-9613-da5ce92a45b6/datanode-3/data/ratis/40c08936-51ef-4729-bfab-8c1ec49200cd has been successfully formatted.
2019-07-14 16:31:42,359 INFO  ratis.ContainerStateMachine (ContainerStateMachine.java:loadSnapshot(200)) - The snapshot info is null.Setting the last applied index to:(t:0, i:~)
2019-07-14 16:31:42,360 INFO  server.RaftServerConfigKeys (ConfUtils.java:logGet(43)) - raft.server.leader.election.timeout = 120s (custom)
2019-07-14 16:31:42,360 INFO  server.RaftServerConfigKeys (ConfUtils.java:logGet(43)) - raft.server.log.use.memory = false (default)
2019-07-14 16:31:42,360 INFO  server.RaftServerConfigKeys (ConfUtils.java:logGet(43)) - raft.server.log.purge.gap = 1000000000 (custom)
2019-07-14 16:31:42,360 INFO  server.RaftServerConfigKeys (ConfUtils.java:logGet(43)) - raft.server.log.appender.buffer.byte-limit = 33554432 (custom)
2019-07-14 16:31:42,360 INFO  server.RaftServerConfigKeys (ConfUtils.java:logGet(43)) - raft.server.log.segment.size.max = 1048576 (custom)
2019-07-14 16:31:42,360 INFO  server.RaftServerConfigKeys (ConfUtils.java:logGet(43)) - raft.server.log.segment.cache.num.max = 2 (custom)
2019-07-14 16:31:42,361 INFO  segmented.SegmentedRaftLogWorker (SegmentedRaftLogWorker.java:<init>(172)) - new 661245da-c950-408b-9610-dfa66d238453-SegmentedRaftLogWorker:Storage Directory /workdir/hadoop-ozone/integration-test/target/test-dir/MiniOzoneClusterImpl-58c8e1a0-14c9-42bb-9613-da5ce92a45b6/datanode-3/data/ratis/40c08936-51ef-4729-bfab-8c1ec49200cd for RaftStorage:Storage Directory /workdir/hadoop-ozone/integration-test/target/test-dir/MiniOzoneClusterImpl-58c8e1a0-14c9-42bb-9613-da5ce92a45b6/datanode-3/data/ratis/40c08936-51ef-4729-bfab-8c1ec49200cd
2019-07-14 16:31:42,361 INFO  server.RaftServerConfigKeys (ConfUtils.java:logGet(43)) - raft.server.log.queue.byte-limit = 2147483647 (custom)
2019-07-14 16:31:42,361 INFO  server.RaftServerConfigKeys (ConfUtils.java:logGet(43)) - raft.server.log.queue.element-limit = 1024 (custom)
2019-07-14 16:31:42,361 INFO  server.RaftServerConfigKeys (ConfUtils.java:logGet(43)) - raft.server.log.segment.size.max = 1048576 (custom)
2019-07-14 16:31:42,361 INFO  server.RaftServerConfigKeys (ConfUtils.java:logGet(43)) - raft.server.log.preallocated.size = 16384 (custom)
2019-07-14 16:31:42,362 INFO  server.RaftServerConfigKeys (ConfUtils.java:logGet(43)) - raft.server.log.write.buffer.size = 33554432 (custom)
2019-07-14 16:31:42,362 INFO  server.RaftServerConfigKeys (ConfUtils.java:logGet(43)) - raft.server.log.force.sync.num = 128 (default)
2019-07-14 16:31:42,362 INFO  server.RaftServerConfigKeys (ConfUtils.java:logGet(43)) - raft.server.log.statemachine.data.sync = true (default)
2019-07-14 16:31:42,362 INFO  server.RaftServerConfigKeys (ConfUtils.java:logGet(43)) - raft.server.log.statemachine.data.sync.timeout = 10s (default)
2019-07-14 16:31:42,362 INFO  server.RaftServerConfigKeys (ConfUtils.java:logGet(43)) - raft.server.log.statemachine.data.sync.timeout.retry = -1 (default)
2019-07-14 16:31:42,363 INFO  server.RaftServerConfigKeys (ConfUtils.java:logGet(43)) - raft.server.log.statemachine.data.caching.enabled = true (custom)
2019-07-14 16:31:42,363 INFO  segmented.SegmentedRaftLogWorker (SegmentedRaftLogWorker.java:lambda$new$0(132)) - 661245da-c950-408b-9610-dfa66d238453-SegmentedRaftLogWorker:Storage Directory /workdir/hadoop-ozone/integration-test/target/test-dir/MiniOzoneClusterImpl-58c8e1a0-14c9-42bb-9613-da5ce92a45b6/datanode-3/data/ratis/40c08936-51ef-4729-bfab-8c1ec49200cd: flushIndex: setUnconditionally 0 -> -1
2019-07-14 16:31:42,363 INFO  server.RaftServerConfigKeys (ConfUtils.java:logGet(43)) - raft.server.snapshot.auto.trigger.enabled = true (custom)
2019-07-14 16:31:42,363 INFO  server.RaftServerConfigKeys (ConfUtils.java:logGet(43)) - raft.server.snapshot.auto.trigger.threshold = 10000 (custom)
2019-07-14 16:31:42,364 INFO  server.RaftServerConfigKeys (ConfUtils.java:logGet(43)) - raft.server.retrycache.expirytime = 600000ms (custom)
2019-07-14 16:31:42,364 INFO  impl.RaftServerImpl (RaftServerImpl.java:start(180)) - 661245da-c950-408b-9610-dfa66d238453: start group-8C1EC49200CD
2019-07-14 16:31:42,364 INFO  impl.RaftServerImpl (RaftServerImpl.java:setRole(171)) - 661245da-c950-408b-9610-dfa66d238453:group-8C1EC49200CD changes role from null to FOLLOWER at term 0 for startAsFollower
2019-07-14 16:31:42,364 INFO  impl.RoleInfo (RoleInfo.java:updateAndGet(143)) - 661245da-c950-408b-9610-dfa66d238453: start FollowerState
2019-07-14 16:31:42,365 INFO  util.JmxRegister (JmxRegister.java:tryRegister(44)) - Successfully registered JMX Bean with object name Ratis:service=RaftServer,group=group-8C1EC49200CD,id=661245da-c950-408b-9610-dfa66d238453
2019-07-14 16:31:42,367 INFO  pipeline.PipelineStateManager (PipelineStateManager.java:addPipeline(56)) - Created pipeline Pipeline[ Id: 40c08936-51ef-4729-bfab-8c1ec49200cd, Nodes: 661245da-c950-408b-9610-dfa66d238453{ip: 192.168.69.77, host: pr-hdds-1710-5x6jb-1204890111, networkLocation: /default-rack, certSerialId: null}, Type:RATIS, Factor:ONE, State:OPEN]
2019-07-14 16:31:42,499 INFO  node.SCMNodeManager (SCMNodeManager.java:register(269)) - Registered Data node : fd317595-8ec7-4bd4-95fd-3dc43907ee42{ip: 192.168.69.77, host: pr-hdds-1710-5x6jb-1204890111, networkLocation: /default-rack, certSerialId: null}
2019-07-14 16:31:42,507 INFO  impl.RaftServerProxy (RaftServerProxy.java:addNew(89)) - fd317595-8ec7-4bd4-95fd-3dc43907ee42: addNew group-A2BD4E6F44AF:[fd317595-8ec7-4bd4-95fd-3dc43907ee42:192.168.69.77:33991] returns group-A2BD4E6F44AF:java.util.concurrent.CompletableFuture@132235fd[Not completed]
2019-07-14 16:31:42,508 INFO  impl.RaftServerImpl (RaftServerImpl.java:<init>(93)) - fd317595-8ec7-4bd4-95fd-3dc43907ee42: new RaftServerImpl for group-A2BD4E6F44AF:[fd317595-8ec7-4bd4-95fd-3dc43907ee42:192.168.69.77:33991] with ContainerStateMachine:uninitialized
2019-07-14 16:31:42,508 INFO  server.RaftServerConfigKeys (ConfUtils.java:logGet(43)) - raft.server.rpc.timeout.min = 5s (custom)
2019-07-14 16:31:42,508 INFO  server.RaftServerConfigKeys (ConfUtils.java:logGet(43)) - raft.server.rpc.timeout.max = 5200ms (custom)
2019-07-14 16:31:42,508 INFO  server.RaftServerConfigKeys (ConfUtils.java:logGet(43)) - raft.server.rpcslowness.timeout = 120s (custom)
2019-07-14 16:31:42,509 INFO  server.RaftServerConfigKeys (ConfUtils.java:logGet(43)) - raft.server.sleep.deviation.threshold = 300 (default)
2019-07-14 16:31:42,509 INFO  server.RaftServerConfigKeys (ConfUtils.java:logGet(43)) - raft.server.log.appender.install.snapshot.enabled = false (custom)
2019-07-14 16:31:42,509 INFO  impl.RaftServerImpl (ServerState.java:<init>(105)) - fd317595-8ec7-4bd4-95fd-3dc43907ee42:group-A2BD4E6F44AF ConfigurationManager, init=-1: [fd317595-8ec7-4bd4-95fd-3dc43907ee42:192.168.69.77:33991], old=null, confs=<EMPTY_MAP>
2019-07-14 16:31:42,509 INFO  server.RaftServerConfigKeys (ConfUtils.java:logGet(43)) - raft.server.storage.dir = [/workdir/hadoop-ozone/integration-test/target/test-dir/MiniOzoneClusterImpl-58c8e1a0-14c9-42bb-9613-da5ce92a45b6/datanode-4/data/ratis] (custom)
2019-07-14 16:31:42,509 INFO  storage.RaftStorageDirectory (RaftStorageDirectory.java:analyzeStorage(246)) - The storage directory /workdir/hadoop-ozone/integration-test/target/test-dir/MiniOzoneClusterImpl-58c8e1a0-14c9-42bb-9613-da5ce92a45b6/datanode-4/data/ratis/ff5010e2-9793-4d21-a450-a2bd4e6f44af does not exist. Creating ...
2019-07-14 16:31:42,522 INFO  storage.RaftStorageDirectory (RaftStorageDirectory.java:tryLock(328)) - Lock on /workdir/hadoop-ozone/integration-test/target/test-dir/MiniOzoneClusterImpl-58c8e1a0-14c9-42bb-9613-da5ce92a45b6/datanode-4/data/ratis/ff5010e2-9793-4d21-a450-a2bd4e6f44af/in_use.lock acquired by nodename 13169@pr-hdds-1710-5x6jb-1204890111
2019-07-14 16:31:42,535 INFO  storage.RaftStorage (RaftStorage.java:format(72)) - Storage directory /workdir/hadoop-ozone/integration-test/target/test-dir/MiniOzoneClusterImpl-58c8e1a0-14c9-42bb-9613-da5ce92a45b6/datanode-4/data/ratis/ff5010e2-9793-4d21-a450-a2bd4e6f44af has been successfully formatted.
2019-07-14 16:31:42,536 INFO  ratis.ContainerStateMachine (ContainerStateMachine.java:loadSnapshot(200)) - The snapshot info is null.Setting the last applied index to:(t:0, i:~)
2019-07-14 16:31:42,536 INFO  server.RaftServerConfigKeys (ConfUtils.java:logGet(43)) - raft.server.leader.election.timeout = 120s (custom)
2019-07-14 16:31:42,536 INFO  server.RaftServerConfigKeys (ConfUtils.java:logGet(43)) - raft.server.log.use.memory = false (default)
2019-07-14 16:31:42,536 INFO  server.RaftServerConfigKeys (ConfUtils.java:logGet(43)) - raft.server.log.purge.gap = 1000000000 (custom)
2019-07-14 16:31:42,536 INFO  server.RaftServerConfigKeys (ConfUtils.java:logGet(43)) - raft.server.log.appender.buffer.byte-limit = 33554432 (custom)
2019-07-14 16:31:42,536 INFO  server.RaftServerConfigKeys (ConfUtils.java:logGet(43)) - raft.server.log.segment.size.max = 1048576 (custom)
2019-07-14 16:31:42,537 INFO  server.RaftServerConfigKeys (ConfUtils.java:logGet(43)) - raft.server.log.segment.cache.num.max = 2 (custom)
2019-07-14 16:31:42,537 INFO  segmented.SegmentedRaftLogWorker (SegmentedRaftLogWorker.java:<init>(172)) - new fd317595-8ec7-4bd4-95fd-3dc43907ee42-SegmentedRaftLogWorker:Storage Directory /workdir/hadoop-ozone/integration-test/target/test-dir/MiniOzoneClusterImpl-58c8e1a0-14c9-42bb-9613-da5ce92a45b6/datanode-4/data/ratis/ff5010e2-9793-4d21-a450-a2bd4e6f44af for RaftStorage:Storage Directory /workdir/hadoop-ozone/integration-test/target/test-dir/MiniOzoneClusterImpl-58c8e1a0-14c9-42bb-9613-da5ce92a45b6/datanode-4/data/ratis/ff5010e2-9793-4d21-a450-a2bd4e6f44af
2019-07-14 16:31:42,537 INFO  server.RaftServerConfigKeys (ConfUtils.java:logGet(43)) - raft.server.log.queue.byte-limit = 2147483647 (custom)
2019-07-14 16:31:42,537 INFO  server.RaftServerConfigKeys (ConfUtils.java:logGet(43)) - raft.server.log.queue.element-limit = 1024 (custom)
2019-07-14 16:31:42,537 INFO  server.RaftServerConfigKeys (ConfUtils.java:logGet(43)) - raft.server.log.segment.size.max = 1048576 (custom)
2019-07-14 16:31:42,538 INFO  server.RaftServerConfigKeys (ConfUtils.java:logGet(43)) - raft.server.log.preallocated.size = 16384 (custom)
2019-07-14 16:31:42,538 INFO  server.RaftServerConfigKeys (ConfUtils.java:logGet(43)) - raft.server.log.write.buffer.size = 33554432 (custom)
2019-07-14 16:31:42,538 INFO  server.RaftServerConfigKeys (ConfUtils.java:logGet(43)) - raft.server.log.force.sync.num = 128 (default)
2019-07-14 16:31:42,538 INFO  server.RaftServerConfigKeys (ConfUtils.java:logGet(43)) - raft.server.log.statemachine.data.sync = true (default)
2019-07-14 16:31:42,538 INFO  server.RaftServerConfigKeys (ConfUtils.java:logGet(43)) - raft.server.log.statemachine.data.sync.timeout = 10s (default)
2019-07-14 16:31:42,538 INFO  server.RaftServerConfigKeys (ConfUtils.java:logGet(43)) - raft.server.log.statemachine.data.sync.timeout.retry = -1 (default)
2019-07-14 16:31:42,539 INFO  server.RaftServerConfigKeys (ConfUtils.java:logGet(43)) - raft.server.log.statemachine.data.caching.enabled = true (custom)
2019-07-14 16:31:42,539 INFO  segmented.SegmentedRaftLogWorker (SegmentedRaftLogWorker.java:lambda$new$0(132)) - fd317595-8ec7-4bd4-95fd-3dc43907ee42-SegmentedRaftLogWorker:Storage Directory /workdir/hadoop-ozone/integration-test/target/test-dir/MiniOzoneClusterImpl-58c8e1a0-14c9-42bb-9613-da5ce92a45b6/datanode-4/data/ratis/ff5010e2-9793-4d21-a450-a2bd4e6f44af: flushIndex: setUnconditionally 0 -> -1
2019-07-14 16:31:42,539 INFO  server.RaftServerConfigKeys (ConfUtils.java:logGet(43)) - raft.server.snapshot.auto.trigger.enabled = true (custom)
2019-07-14 16:31:42,539 INFO  server.RaftServerConfigKeys (ConfUtils.java:logGet(43)) - raft.server.snapshot.auto.trigger.threshold = 10000 (custom)
2019-07-14 16:31:42,540 INFO  server.RaftServerConfigKeys (ConfUtils.java:logGet(43)) - raft.server.retrycache.expirytime = 600000ms (custom)
2019-07-14 16:31:42,540 INFO  impl.RaftServerImpl (RaftServerImpl.java:start(180)) - fd317595-8ec7-4bd4-95fd-3dc43907ee42: start group-A2BD4E6F44AF
2019-07-14 16:31:42,540 INFO  impl.RaftServerImpl (RaftServerImpl.java:setRole(171)) - fd317595-8ec7-4bd4-95fd-3dc43907ee42:group-A2BD4E6F44AF changes role from null to FOLLOWER at term 0 for startAsFollower
2019-07-14 16:31:42,540 INFO  impl.RoleInfo (RoleInfo.java:updateAndGet(143)) - fd317595-8ec7-4bd4-95fd-3dc43907ee42: start FollowerState
2019-07-14 16:31:42,540 INFO  util.JmxRegister (JmxRegister.java:tryRegister(44)) - Successfully registered JMX Bean with object name Ratis:service=RaftServer,group=group-A2BD4E6F44AF,id=fd317595-8ec7-4bd4-95fd-3dc43907ee42
2019-07-14 16:31:42,542 INFO  pipeline.PipelineStateManager (PipelineStateManager.java:addPipeline(56)) - Created pipeline Pipeline[ Id: ff5010e2-9793-4d21-a450-a2bd4e6f44af, Nodes: fd317595-8ec7-4bd4-95fd-3dc43907ee42{ip: 192.168.69.77, host: pr-hdds-1710-5x6jb-1204890111, networkLocation: /default-rack, certSerialId: null}, Type:RATIS, Factor:ONE, State:OPEN]
2019-07-14 16:31:42,689 INFO  node.SCMNodeManager (SCMNodeManager.java:register(269)) - Registered Data node : c7d855e2-543e-4994-92d1-7ede353827b9{ip: 192.168.69.77, host: pr-hdds-1710-5x6jb-1204890111, networkLocation: /default-rack, certSerialId: null}
2019-07-14 16:31:42,699 INFO  impl.RaftServerProxy (RaftServerProxy.java:addNew(89)) - c7d855e2-543e-4994-92d1-7ede353827b9: addNew group-307019E61712:[c7d855e2-543e-4994-92d1-7ede353827b9:192.168.69.77:34114] returns group-307019E61712:java.util.concurrent.CompletableFuture@301e9f94[Not completed]
2019-07-14 16:31:42,701 INFO  impl.RaftServerImpl (RaftServerImpl.java:<init>(93)) - c7d855e2-543e-4994-92d1-7ede353827b9: new RaftServerImpl for group-307019E61712:[c7d855e2-543e-4994-92d1-7ede353827b9:192.168.69.77:34114] with ContainerStateMachine:uninitialized
2019-07-14 16:31:42,701 INFO  server.RaftServerConfigKeys (ConfUtils.java:logGet(43)) - raft.server.rpc.timeout.min = 5s (custom)
2019-07-14 16:31:42,701 INFO  server.RaftServerConfigKeys (ConfUtils.java:logGet(43)) - raft.server.rpc.timeout.max = 5200ms (custom)
2019-07-14 16:31:42,701 INFO  server.RaftServerConfigKeys (ConfUtils.java:logGet(43)) - raft.server.rpcslowness.timeout = 120s (custom)
2019-07-14 16:31:42,701 INFO  server.RaftServerConfigKeys (ConfUtils.java:logGet(43)) - raft.server.sleep.deviation.threshold = 300 (default)
2019-07-14 16:31:42,701 INFO  server.RaftServerConfigKeys (ConfUtils.java:logGet(43)) - raft.server.log.appender.install.snapshot.enabled = false (custom)
2019-07-14 16:31:42,702 INFO  impl.RaftServerImpl (ServerState.java:<init>(105)) - c7d855e2-543e-4994-92d1-7ede353827b9:group-307019E61712 ConfigurationManager, init=-1: [c7d855e2-543e-4994-92d1-7ede353827b9:192.168.69.77:34114], old=null, confs=<EMPTY_MAP>
2019-07-14 16:31:42,702 INFO  server.RaftServerConfigKeys (ConfUtils.java:logGet(43)) - raft.server.storage.dir = [/workdir/hadoop-ozone/integration-test/target/test-dir/MiniOzoneClusterImpl-58c8e1a0-14c9-42bb-9613-da5ce92a45b6/datanode-5/data/ratis] (custom)
2019-07-14 16:31:42,702 INFO  storage.RaftStorageDirectory (RaftStorageDirectory.java:analyzeStorage(246)) - The storage directory /workdir/hadoop-ozone/integration-test/target/test-dir/MiniOzoneClusterImpl-58c8e1a0-14c9-42bb-9613-da5ce92a45b6/datanode-5/data/ratis/cfa84489-2096-4893-88c4-307019e61712 does not exist. Creating ...
2019-07-14 16:31:42,716 INFO  storage.RaftStorageDirectory (RaftStorageDirectory.java:tryLock(328)) - Lock on /workdir/hadoop-ozone/integration-test/target/test-dir/MiniOzoneClusterImpl-58c8e1a0-14c9-42bb-9613-da5ce92a45b6/datanode-5/data/ratis/cfa84489-2096-4893-88c4-307019e61712/in_use.lock acquired by nodename 13169@pr-hdds-1710-5x6jb-1204890111
2019-07-14 16:31:42,735 INFO  storage.RaftStorage (RaftStorage.java:format(72)) - Storage directory /workdir/hadoop-ozone/integration-test/target/test-dir/MiniOzoneClusterImpl-58c8e1a0-14c9-42bb-9613-da5ce92a45b6/datanode-5/data/ratis/cfa84489-2096-4893-88c4-307019e61712 has been successfully formatted.
2019-07-14 16:31:42,736 INFO  ratis.ContainerStateMachine (ContainerStateMachine.java:loadSnapshot(200)) - The snapshot info is null.Setting the last applied index to:(t:0, i:~)
2019-07-14 16:31:42,736 INFO  server.RaftServerConfigKeys (ConfUtils.java:logGet(43)) - raft.server.leader.election.timeout = 120s (custom)
2019-07-14 16:31:42,736 INFO  server.RaftServerConfigKeys (ConfUtils.java:logGet(43)) - raft.server.log.use.memory = false (default)
2019-07-14 16:31:42,736 INFO  server.RaftServerConfigKeys (ConfUtils.java:logGet(43)) - raft.server.log.purge.gap = 1000000000 (custom)
2019-07-14 16:31:42,736 INFO  server.RaftServerConfigKeys (ConfUtils.java:logGet(43)) - raft.server.log.appender.buffer.byte-limit = 33554432 (custom)
2019-07-14 16:31:42,737 INFO  server.RaftServerConfigKeys (ConfUtils.java:logGet(43)) - raft.server.log.segment.size.max = 1048576 (custom)
2019-07-14 16:31:42,737 INFO  server.RaftServerConfigKeys (ConfUtils.java:logGet(43)) - raft.server.log.segment.cache.num.max = 2 (custom)
2019-07-14 16:31:42,737 INFO  segmented.SegmentedRaftLogWorker (SegmentedRaftLogWorker.java:<init>(172)) - new c7d855e2-543e-4994-92d1-7ede353827b9-SegmentedRaftLogWorker:Storage Directory /workdir/hadoop-ozone/integration-test/target/test-dir/MiniOzoneClusterImpl-58c8e1a0-14c9-42bb-9613-da5ce92a45b6/datanode-5/data/ratis/cfa84489-2096-4893-88c4-307019e61712 for RaftStorage:Storage Directory /workdir/hadoop-ozone/integration-test/target/test-dir/MiniOzoneClusterImpl-58c8e1a0-14c9-42bb-9613-da5ce92a45b6/datanode-5/data/ratis/cfa84489-2096-4893-88c4-307019e61712
2019-07-14 16:31:42,737 INFO  server.RaftServerConfigKeys (ConfUtils.java:logGet(43)) - raft.server.log.queue.byte-limit = 2147483647 (custom)
2019-07-14 16:31:42,737 INFO  server.RaftServerConfigKeys (ConfUtils.java:logGet(43)) - raft.server.log.queue.element-limit = 1024 (custom)
2019-07-14 16:31:42,738 INFO  server.RaftServerConfigKeys (ConfUtils.java:logGet(43)) - raft.server.log.segment.size.max = 1048576 (custom)
2019-07-14 16:31:42,738 INFO  server.RaftServerConfigKeys (ConfUtils.java:logGet(43)) - raft.server.log.preallocated.size = 16384 (custom)
2019-07-14 16:31:42,738 INFO  server.RaftServerConfigKeys (ConfUtils.java:logGet(43)) - raft.server.log.write.buffer.size = 33554432 (custom)
2019-07-14 16:31:42,738 INFO  server.RaftServerConfigKeys (ConfUtils.java:logGet(43)) - raft.server.log.force.sync.num = 128 (default)
2019-07-14 16:31:42,738 INFO  server.RaftServerConfigKeys (ConfUtils.java:logGet(43)) - raft.server.log.statemachine.data.sync = true (default)
2019-07-14 16:31:42,739 INFO  server.RaftServerConfigKeys (ConfUtils.java:logGet(43)) - raft.server.log.statemachine.data.sync.timeout = 10s (default)
2019-07-14 16:31:42,739 INFO  server.RaftServerConfigKeys (ConfUtils.java:logGet(43)) - raft.server.log.statemachine.data.sync.timeout.retry = -1 (default)
2019-07-14 16:31:42,739 INFO  server.RaftServerConfigKeys (ConfUtils.java:logGet(43)) - raft.server.log.statemachine.data.caching.enabled = true (custom)
2019-07-14 16:31:42,739 INFO  segmented.SegmentedRaftLogWorker (SegmentedRaftLogWorker.java:lambda$new$0(132)) - c7d855e2-543e-4994-92d1-7ede353827b9-SegmentedRaftLogWorker:Storage Directory /workdir/hadoop-ozone/integration-test/target/test-dir/MiniOzoneClusterImpl-58c8e1a0-14c9-42bb-9613-da5ce92a45b6/datanode-5/data/ratis/cfa84489-2096-4893-88c4-307019e61712: flushIndex: setUnconditionally 0 -> -1
2019-07-14 16:31:42,740 INFO  server.RaftServerConfigKeys (ConfUtils.java:logGet(43)) - raft.server.snapshot.auto.trigger.enabled = true (custom)
2019-07-14 16:31:42,740 INFO  server.RaftServerConfigKeys (ConfUtils.java:logGet(43)) - raft.server.snapshot.auto.trigger.threshold = 10000 (custom)
2019-07-14 16:31:42,740 INFO  server.RaftServerConfigKeys (ConfUtils.java:logGet(43)) - raft.server.retrycache.expirytime = 600000ms (custom)
2019-07-14 16:31:42,740 INFO  impl.RaftServerImpl (RaftServerImpl.java:start(180)) - c7d855e2-543e-4994-92d1-7ede353827b9: start group-307019E61712
2019-07-14 16:31:42,741 INFO  impl.RaftServerImpl (RaftServerImpl.java:setRole(171)) - c7d855e2-543e-4994-92d1-7ede353827b9:group-307019E61712 changes role from null to FOLLOWER at term 0 for startAsFollower
2019-07-14 16:31:42,741 INFO  impl.RoleInfo (RoleInfo.java:updateAndGet(143)) - c7d855e2-543e-4994-92d1-7ede353827b9: start FollowerState
2019-07-14 16:31:42,741 INFO  util.JmxRegister (JmxRegister.java:tryRegister(44)) - Successfully registered JMX Bean with object name Ratis:service=RaftServer,group=group-307019E61712,id=c7d855e2-543e-4994-92d1-7ede353827b9
2019-07-14 16:31:42,744 INFO  pipeline.PipelineStateManager (PipelineStateManager.java:addPipeline(56)) - Created pipeline Pipeline[ Id: cfa84489-2096-4893-88c4-307019e61712, Nodes: c7d855e2-543e-4994-92d1-7ede353827b9{ip: 192.168.69.77, host: pr-hdds-1710-5x6jb-1204890111, networkLocation: /default-rack, certSerialId: null}, Type:RATIS, Factor:ONE, State:OPEN]
2019-07-14 16:31:42,754 INFO  impl.RaftServerProxy (RaftServerProxy.java:addNew(89)) - fd317595-8ec7-4bd4-95fd-3dc43907ee42: addNew group-E02664CA1401:[661245da-c950-408b-9610-dfa66d238453:192.168.69.77:34218, c7d855e2-543e-4994-92d1-7ede353827b9:192.168.69.77:34114, fd317595-8ec7-4bd4-95fd-3dc43907ee42:192.168.69.77:33991] returns group-E02664CA1401:java.util.concurrent.CompletableFuture@405bb4f9[Not completed]
2019-07-14 16:31:42,754 INFO  impl.RaftServerProxy (RaftServerProxy.java:addNew(89)) - 661245da-c950-408b-9610-dfa66d238453: addNew group-E02664CA1401:[661245da-c950-408b-9610-dfa66d238453:192.168.69.77:34218, c7d855e2-543e-4994-92d1-7ede353827b9:192.168.69.77:34114, fd317595-8ec7-4bd4-95fd-3dc43907ee42:192.168.69.77:33991] returns group-E02664CA1401:java.util.concurrent.CompletableFuture@4b0bb4dc[Not completed]
2019-07-14 16:31:42,754 INFO  impl.RaftServerProxy (RaftServerProxy.java:addNew(89)) - c7d855e2-543e-4994-92d1-7ede353827b9: addNew group-E02664CA1401:[661245da-c950-408b-9610-dfa66d238453:192.168.69.77:34218, c7d855e2-543e-4994-92d1-7ede353827b9:192.168.69.77:34114, fd317595-8ec7-4bd4-95fd-3dc43907ee42:192.168.69.77:33991] returns group-E02664CA1401:java.util.concurrent.CompletableFuture@27d8809e[Not completed]
2019-07-14 16:31:42,756 INFO  impl.RaftServerImpl (RaftServerImpl.java:<init>(93)) - fd317595-8ec7-4bd4-95fd-3dc43907ee42: new RaftServerImpl for group-E02664CA1401:[661245da-c950-408b-9610-dfa66d238453:192.168.69.77:34218, c7d855e2-543e-4994-92d1-7ede353827b9:192.168.69.77:34114, fd317595-8ec7-4bd4-95fd-3dc43907ee42:192.168.69.77:33991] with ContainerStateMachine:uninitialized
2019-07-14 16:31:42,756 INFO  server.RaftServerConfigKeys (ConfUtils.java:logGet(43)) - raft.server.rpc.timeout.min = 5s (custom)
2019-07-14 16:31:42,756 INFO  server.RaftServerConfigKeys (ConfUtils.java:logGet(43)) - raft.server.rpc.timeout.max = 5200ms (custom)
2019-07-14 16:31:42,756 INFO  impl.RaftServerImpl (RaftServerImpl.java:<init>(93)) - 661245da-c950-408b-9610-dfa66d238453: new RaftServerImpl for group-E02664CA1401:[661245da-c950-408b-9610-dfa66d238453:192.168.69.77:34218, c7d855e2-543e-4994-92d1-7ede353827b9:192.168.69.77:34114, fd317595-8ec7-4bd4-95fd-3dc43907ee42:192.168.69.77:33991] with ContainerStateMachine:uninitialized
2019-07-14 16:31:42,756 INFO  server.RaftServerConfigKeys (ConfUtils.java:logGet(43)) - raft.server.rpcslowness.timeout = 120s (custom)
2019-07-14 16:31:42,757 INFO  server.RaftServerConfigKeys (ConfUtils.java:logGet(43)) - raft.server.rpc.timeout.min = 5s (custom)
2019-07-14 16:31:42,757 INFO  server.RaftServerConfigKeys (ConfUtils.java:logGet(43)) - raft.server.sleep.deviation.threshold = 300 (default)
2019-07-14 16:31:42,757 INFO  impl.RaftServerImpl (RaftServerImpl.java:<init>(93)) - c7d855e2-543e-4994-92d1-7ede353827b9: new RaftServerImpl for group-E02664CA1401:[661245da-c950-408b-9610-dfa66d238453:192.168.69.77:34218, c7d855e2-543e-4994-92d1-7ede353827b9:192.168.69.77:34114, fd317595-8ec7-4bd4-95fd-3dc43907ee42:192.168.69.77:33991] with ContainerStateMachine:uninitialized
2019-07-14 16:31:42,757 INFO  server.RaftServerConfigKeys (ConfUtils.java:logGet(43)) - raft.server.log.appender.install.snapshot.enabled = false (custom)
2019-07-14 16:31:42,757 INFO  server.RaftServerConfigKeys (ConfUtils.java:logGet(43)) - raft.server.rpc.timeout.max = 5200ms (custom)
2019-07-14 16:31:42,757 INFO  impl.RaftServerImpl (ServerState.java:<init>(105)) - fd317595-8ec7-4bd4-95fd-3dc43907ee42:group-E02664CA1401 ConfigurationManager, init=-1: [661245da-c950-408b-9610-dfa66d238453:192.168.69.77:34218, c7d855e2-543e-4994-92d1-7ede353827b9:192.168.69.77:34114, fd317595-8ec7-4bd4-95fd-3dc43907ee42:192.168.69.77:33991], old=null, confs=<EMPTY_MAP>
2019-07-14 16:31:42,757 INFO  server.RaftServerConfigKeys (ConfUtils.java:logGet(43)) - raft.server.rpc.timeout.min = 5s (custom)
2019-07-14 16:31:42,758 INFO  server.RaftServerConfigKeys (ConfUtils.java:logGet(43)) - raft.server.storage.dir = [/workdir/hadoop-ozone/integration-test/target/test-dir/MiniOzoneClusterImpl-58c8e1a0-14c9-42bb-9613-da5ce92a45b6/datanode-4/data/ratis] (custom)
2019-07-14 16:31:42,758 INFO  server.RaftServerConfigKeys (ConfUtils.java:logGet(43)) - raft.server.rpcslowness.timeout = 120s (custom)
2019-07-14 16:31:42,758 INFO  server.RaftServerConfigKeys (ConfUtils.java:logGet(43)) - raft.server.sleep.deviation.threshold = 300 (default)
2019-07-14 16:31:42,758 INFO  server.RaftServerConfigKeys (ConfUtils.java:logGet(43)) - raft.server.rpc.timeout.max = 5200ms (custom)
2019-07-14 16:31:42,758 INFO  storage.RaftStorageDirectory (RaftStorageDirectory.java:analyzeStorage(246)) - The storage directory /workdir/hadoop-ozone/integration-test/target/test-dir/MiniOzoneClusterImpl-58c8e1a0-14c9-42bb-9613-da5ce92a45b6/datanode-4/data/ratis/efdd1a9d-2791-4df3-8f1f-e02664ca1401 does not exist. Creating ...
2019-07-14 16:31:42,758 INFO  server.RaftServerConfigKeys (ConfUtils.java:logGet(43)) - raft.server.log.appender.install.snapshot.enabled = false (custom)
2019-07-14 16:31:42,759 INFO  server.RaftServerConfigKeys (ConfUtils.java:logGet(43)) - raft.server.rpcslowness.timeout = 120s (custom)
2019-07-14 16:31:42,759 INFO  impl.RaftServerImpl (ServerState.java:<init>(105)) - 661245da-c950-408b-9610-dfa66d238453:group-E02664CA1401 ConfigurationManager, init=-1: [661245da-c950-408b-9610-dfa66d238453:192.168.69.77:34218, c7d855e2-543e-4994-92d1-7ede353827b9:192.168.69.77:34114, fd317595-8ec7-4bd4-95fd-3dc43907ee42:192.168.69.77:33991], old=null, confs=<EMPTY_MAP>
2019-07-14 16:31:42,759 INFO  server.RaftServerConfigKeys (ConfUtils.java:logGet(43)) - raft.server.sleep.deviation.threshold = 300 (default)
2019-07-14 16:31:42,759 INFO  server.RaftServerConfigKeys (ConfUtils.java:logGet(43)) - raft.server.storage.dir = [/workdir/hadoop-ozone/integration-test/target/test-dir/MiniOzoneClusterImpl-58c8e1a0-14c9-42bb-9613-da5ce92a45b6/datanode-3/data/ratis] (custom)
2019-07-14 16:31:42,759 INFO  server.RaftServerConfigKeys (ConfUtils.java:logGet(43)) - raft.server.log.appender.install.snapshot.enabled = false (custom)
2019-07-14 16:31:42,760 INFO  impl.RaftServerImpl (ServerState.java:<init>(105)) - c7d855e2-543e-4994-92d1-7ede353827b9:group-E02664CA1401 ConfigurationManager, init=-1: [661245da-c950-408b-9610-dfa66d238453:192.168.69.77:34218, c7d855e2-543e-4994-92d1-7ede353827b9:192.168.69.77:34114, fd317595-8ec7-4bd4-95fd-3dc43907ee42:192.168.69.77:33991], old=null, confs=<EMPTY_MAP>
2019-07-14 16:31:42,760 INFO  storage.RaftStorageDirectory (RaftStorageDirectory.java:analyzeStorage(246)) - The storage directory /workdir/hadoop-ozone/integration-test/target/test-dir/MiniOzoneClusterImpl-58c8e1a0-14c9-42bb-9613-da5ce92a45b6/datanode-3/data/ratis/efdd1a9d-2791-4df3-8f1f-e02664ca1401 does not exist. Creating ...
2019-07-14 16:31:42,760 INFO  server.RaftServerConfigKeys (ConfUtils.java:logGet(43)) - raft.server.storage.dir = [/workdir/hadoop-ozone/integration-test/target/test-dir/MiniOzoneClusterImpl-58c8e1a0-14c9-42bb-9613-da5ce92a45b6/datanode-5/data/ratis] (custom)
2019-07-14 16:31:42,760 INFO  storage.RaftStorageDirectory (RaftStorageDirectory.java:analyzeStorage(246)) - The storage directory /workdir/hadoop-ozone/integration-test/target/test-dir/MiniOzoneClusterImpl-58c8e1a0-14c9-42bb-9613-da5ce92a45b6/datanode-5/data/ratis/efdd1a9d-2791-4df3-8f1f-e02664ca1401 does not exist. Creating ...
2019-07-14 16:31:42,773 INFO  storage.RaftStorageDirectory (RaftStorageDirectory.java:tryLock(328)) - Lock on /workdir/hadoop-ozone/integration-test/target/test-dir/MiniOzoneClusterImpl-58c8e1a0-14c9-42bb-9613-da5ce92a45b6/datanode-3/data/ratis/efdd1a9d-2791-4df3-8f1f-e02664ca1401/in_use.lock acquired by nodename 13169@pr-hdds-1710-5x6jb-1204890111
2019-07-14 16:31:42,773 INFO  storage.RaftStorageDirectory (RaftStorageDirectory.java:tryLock(328)) - Lock on /workdir/hadoop-ozone/integration-test/target/test-dir/MiniOzoneClusterImpl-58c8e1a0-14c9-42bb-9613-da5ce92a45b6/datanode-5/data/ratis/efdd1a9d-2791-4df3-8f1f-e02664ca1401/in_use.lock acquired by nodename 13169@pr-hdds-1710-5x6jb-1204890111
2019-07-14 16:31:42,773 INFO  storage.RaftStorageDirectory (RaftStorageDirectory.java:tryLock(328)) - Lock on /workdir/hadoop-ozone/integration-test/target/test-dir/MiniOzoneClusterImpl-58c8e1a0-14c9-42bb-9613-da5ce92a45b6/datanode-4/data/ratis/efdd1a9d-2791-4df3-8f1f-e02664ca1401/in_use.lock acquired by nodename 13169@pr-hdds-1710-5x6jb-1204890111
2019-07-14 16:31:42,787 INFO  storage.RaftStorage (RaftStorage.java:format(72)) - Storage directory /workdir/hadoop-ozone/integration-test/target/test-dir/MiniOzoneClusterImpl-58c8e1a0-14c9-42bb-9613-da5ce92a45b6/datanode-3/data/ratis/efdd1a9d-2791-4df3-8f1f-e02664ca1401 has been successfully formatted.
2019-07-14 16:31:42,787 INFO  storage.RaftStorage (RaftStorage.java:format(72)) - Storage directory /workdir/hadoop-ozone/integration-test/target/test-dir/MiniOzoneClusterImpl-58c8e1a0-14c9-42bb-9613-da5ce92a45b6/datanode-4/data/ratis/efdd1a9d-2791-4df3-8f1f-e02664ca1401 has been successfully formatted.
2019-07-14 16:31:42,787 INFO  storage.RaftStorage (RaftStorage.java:format(72)) - Storage directory /workdir/hadoop-ozone/integration-test/target/test-dir/MiniOzoneClusterImpl-58c8e1a0-14c9-42bb-9613-da5ce92a45b6/datanode-5/data/ratis/efdd1a9d-2791-4df3-8f1f-e02664ca1401 has been successfully formatted.
2019-07-14 16:31:42,787 INFO  ratis.ContainerStateMachine (ContainerStateMachine.java:loadSnapshot(200)) - The snapshot info is null.Setting the last applied index to:(t:0, i:~)
2019-07-14 16:31:42,787 INFO  ratis.ContainerStateMachine (ContainerStateMachine.java:loadSnapshot(200)) - The snapshot info is null.Setting the last applied index to:(t:0, i:~)
2019-07-14 16:31:42,787 INFO  server.RaftServerConfigKeys (ConfUtils.java:logGet(43)) - raft.server.leader.election.timeout = 120s (custom)
2019-07-14 16:31:42,788 INFO  server.RaftServerConfigKeys (ConfUtils.java:logGet(43)) - raft.server.log.use.memory = false (default)
2019-07-14 16:31:42,787 INFO  ratis.ContainerStateMachine (ContainerStateMachine.java:loadSnapshot(200)) - The snapshot info is null.Setting the last applied index to:(t:0, i:~)
2019-07-14 16:31:42,788 INFO  server.RaftServerConfigKeys (ConfUtils.java:logGet(43)) - raft.server.log.purge.gap = 1000000000 (custom)
2019-07-14 16:31:42,787 INFO  server.RaftServerConfigKeys (ConfUtils.java:logGet(43)) - raft.server.leader.election.timeout = 120s (custom)
2019-07-14 16:31:42,788 INFO  server.RaftServerConfigKeys (ConfUtils.java:logGet(43)) - raft.server.log.appender.buffer.byte-limit = 33554432 (custom)
2019-07-14 16:31:42,788 INFO  server.RaftServerConfigKeys (ConfUtils.java:logGet(43)) - raft.server.leader.election.timeout = 120s (custom)
2019-07-14 16:31:42,788 INFO  server.RaftServerConfigKeys (ConfUtils.java:logGet(43)) - raft.server.log.segment.size.max = 1048576 (custom)
2019-07-14 16:31:42,788 INFO  server.RaftServerConfigKeys (ConfUtils.java:logGet(43)) - raft.server.log.use.memory = false (default)
2019-07-14 16:31:42,789 INFO  server.RaftServerConfigKeys (ConfUtils.java:logGet(43)) - raft.server.log.segment.cache.num.max = 2 (custom)
2019-07-14 16:31:42,789 INFO  server.RaftServerConfigKeys (ConfUtils.java:logGet(43)) - raft.server.log.use.memory = false (default)
2019-07-14 16:31:42,789 INFO  segmented.SegmentedRaftLogWorker (SegmentedRaftLogWorker.java:<init>(172)) - new fd317595-8ec7-4bd4-95fd-3dc43907ee42-SegmentedRaftLogWorker:Storage Directory /workdir/hadoop-ozone/integration-test/target/test-dir/MiniOzoneClusterImpl-58c8e1a0-14c9-42bb-9613-da5ce92a45b6/datanode-4/data/ratis/efdd1a9d-2791-4df3-8f1f-e02664ca1401 for RaftStorage:Storage Directory /workdir/hadoop-ozone/integration-test/target/test-dir/MiniOzoneClusterImpl-58c8e1a0-14c9-42bb-9613-da5ce92a45b6/datanode-4/data/ratis/efdd1a9d-2791-4df3-8f1f-e02664ca1401
2019-07-14 16:31:42,789 INFO  server.RaftServerConfigKeys (ConfUtils.java:logGet(43)) - raft.server.log.purge.gap = 1000000000 (custom)
2019-07-14 16:31:42,789 INFO  server.RaftServerConfigKeys (ConfUtils.java:logGet(43)) - raft.server.log.queue.byte-limit = 2147483647 (custom)
2019-07-14 16:31:42,789 INFO  server.RaftServerConfigKeys (ConfUtils.java:logGet(43)) - raft.server.log.purge.gap = 1000000000 (custom)
2019-07-14 16:31:42,790 INFO  server.RaftServerConfigKeys (ConfUtils.java:logGet(43)) - raft.server.log.queue.element-limit = 1024 (custom)
2019-07-14 16:31:42,790 INFO  server.RaftServerConfigKeys (ConfUtils.java:logGet(43)) - raft.server.log.appender.buffer.byte-limit = 33554432 (custom)
2019-07-14 16:31:42,790 INFO  server.RaftServerConfigKeys (ConfUtils.java:logGet(43)) - raft.server.log.segment.size.max = 1048576 (custom)
2019-07-14 16:31:42,790 INFO  server.RaftServerConfigKeys (ConfUtils.java:logGet(43)) - raft.server.log.appender.buffer.byte-limit = 33554432 (custom)
2019-07-14 16:31:42,790 INFO  server.RaftServerConfigKeys (ConfUtils.java:logGet(43)) - raft.server.log.preallocated.size = 16384 (custom)
2019-07-14 16:31:42,791 INFO  server.RaftServerConfigKeys (ConfUtils.java:logGet(43)) - raft.server.log.write.buffer.size = 33554432 (custom)
2019-07-14 16:31:42,790 INFO  server.RaftServerConfigKeys (ConfUtils.java:logGet(43)) - raft.server.log.segment.size.max = 1048576 (custom)
2019-07-14 16:31:42,791 INFO  server.RaftServerConfigKeys (ConfUtils.java:logGet(43)) - raft.server.log.force.sync.num = 128 (default)
2019-07-14 16:31:42,791 INFO  server.RaftServerConfigKeys (ConfUtils.java:logGet(43)) - raft.server.log.statemachine.data.sync = true (default)
2019-07-14 16:31:42,791 INFO  server.RaftServerConfigKeys (ConfUtils.java:logGet(43)) - raft.server.log.segment.size.max = 1048576 (custom)
2019-07-14 16:31:42,791 INFO  server.RaftServerConfigKeys (ConfUtils.java:logGet(43)) - raft.server.log.statemachine.data.sync.timeout = 10s (default)
2019-07-14 16:31:42,791 INFO  server.RaftServerConfigKeys (ConfUtils.java:logGet(43)) - raft.server.log.segment.cache.num.max = 2 (custom)
2019-07-14 16:31:42,792 INFO  server.RaftServerConfigKeys (ConfUtils.java:logGet(43)) - raft.server.log.statemachine.data.sync.timeout.retry = -1 (default)
2019-07-14 16:31:42,792 INFO  server.RaftServerConfigKeys (ConfUtils.java:logGet(43)) - raft.server.log.segment.cache.num.max = 2 (custom)
2019-07-14 16:31:42,792 INFO  server.RaftServerConfigKeys (ConfUtils.java:logGet(43)) - raft.server.log.statemachine.data.caching.enabled = true (custom)
2019-07-14 16:31:42,792 INFO  segmented.SegmentedRaftLogWorker (SegmentedRaftLogWorker.java:<init>(172)) - new 661245da-c950-408b-9610-dfa66d238453-SegmentedRaftLogWorker:Storage Directory /workdir/hadoop-ozone/integration-test/target/test-dir/MiniOzoneClusterImpl-58c8e1a0-14c9-42bb-9613-da5ce92a45b6/datanode-3/data/ratis/efdd1a9d-2791-4df3-8f1f-e02664ca1401 for RaftStorage:Storage Directory /workdir/hadoop-ozone/integration-test/target/test-dir/MiniOzoneClusterImpl-58c8e1a0-14c9-42bb-9613-da5ce92a45b6/datanode-3/data/ratis/efdd1a9d-2791-4df3-8f1f-e02664ca1401
2019-07-14 16:31:42,792 INFO  segmented.SegmentedRaftLogWorker (SegmentedRaftLogWorker.java:<init>(172)) - new c7d855e2-543e-4994-92d1-7ede353827b9-SegmentedRaftLogWorker:Storage Directory /workdir/hadoop-ozone/integration-test/target/test-dir/MiniOzoneClusterImpl-58c8e1a0-14c9-42bb-9613-da5ce92a45b6/datanode-5/data/ratis/efdd1a9d-2791-4df3-8f1f-e02664ca1401 for RaftStorage:Storage Directory /workdir/hadoop-ozone/integration-test/target/test-dir/MiniOzoneClusterImpl-58c8e1a0-14c9-42bb-9613-da5ce92a45b6/datanode-5/data/ratis/efdd1a9d-2791-4df3-8f1f-e02664ca1401
2019-07-14 16:31:42,793 INFO  server.RaftServerConfigKeys (ConfUtils.java:logGet(43)) - raft.server.log.queue.byte-limit = 2147483647 (custom)
2019-07-14 16:31:42,793 INFO  segmented.SegmentedRaftLogWorker (SegmentedRaftLogWorker.java:lambda$new$0(132)) - fd317595-8ec7-4bd4-95fd-3dc43907ee42-SegmentedRaftLogWorker:Storage Directory /workdir/hadoop-ozone/integration-test/target/test-dir/MiniOzoneClusterImpl-58c8e1a0-14c9-42bb-9613-da5ce92a45b6/datanode-4/data/ratis/efdd1a9d-2791-4df3-8f1f-e02664ca1401: flushIndex: setUnconditionally 0 -> -1
2019-07-14 16:31:42,793 INFO  server.RaftServerConfigKeys (ConfUtils.java:logGet(43)) - raft.server.log.queue.element-limit = 1024 (custom)
2019-07-14 16:31:42,793 INFO  server.RaftServerConfigKeys (ConfUtils.java:logGet(43)) - raft.server.log.queue.byte-limit = 2147483647 (custom)
2019-07-14 16:31:42,793 INFO  server.RaftServerConfigKeys (ConfUtils.java:logGet(43)) - raft.server.snapshot.auto.trigger.enabled = true (custom)
2019-07-14 16:31:42,793 INFO  server.RaftServerConfigKeys (ConfUtils.java:logGet(43)) - raft.server.log.segment.size.max = 1048576 (custom)
2019-07-14 16:31:42,794 INFO  server.RaftServerConfigKeys (ConfUtils.java:logGet(43)) - raft.server.snapshot.auto.trigger.threshold = 10000 (custom)
2019-07-14 16:31:42,793 INFO  server.RaftServerConfigKeys (ConfUtils.java:logGet(43)) - raft.server.log.queue.element-limit = 1024 (custom)
2019-07-14 16:31:42,794 INFO  server.RaftServerConfigKeys (ConfUtils.java:logGet(43)) - raft.server.retrycache.expirytime = 600000ms (custom)
2019-07-14 16:31:42,794 INFO  server.RaftServerConfigKeys (ConfUtils.java:logGet(43)) - raft.server.log.preallocated.size = 16384 (custom)
2019-07-14 16:31:42,794 INFO  impl.RaftServerImpl (RaftServerImpl.java:start(180)) - fd317595-8ec7-4bd4-95fd-3dc43907ee42: start group-E02664CA1401
2019-07-14 16:31:42,795 INFO  impl.RaftServerImpl (RaftServerImpl.java:setRole(171)) - fd317595-8ec7-4bd4-95fd-3dc43907ee42:group-E02664CA1401 changes role from null to FOLLOWER at term 0 for startAsFollower
2019-07-14 16:31:42,794 INFO  server.RaftServerConfigKeys (ConfUtils.java:logGet(43)) - raft.server.log.segment.size.max = 1048576 (custom)
2019-07-14 16:31:42,795 INFO  impl.RoleInfo (RoleInfo.java:updateAndGet(143)) - fd317595-8ec7-4bd4-95fd-3dc43907ee42: start FollowerState
2019-07-14 16:31:42,794 INFO  server.RaftServerConfigKeys (ConfUtils.java:logGet(43)) - raft.server.log.write.buffer.size = 33554432 (custom)
2019-07-14 16:31:42,795 INFO  server.RaftServerConfigKeys (ConfUtils.java:logGet(43)) - raft.server.log.preallocated.size = 16384 (custom)
2019-07-14 16:31:42,795 INFO  server.RaftServerConfigKeys (ConfUtils.java:logGet(43)) - raft.server.log.force.sync.num = 128 (default)
2019-07-14 16:31:42,795 INFO  util.JmxRegister (JmxRegister.java:tryRegister(44)) - Successfully registered JMX Bean with object name Ratis:service=RaftServer,group=group-E02664CA1401,id=fd317595-8ec7-4bd4-95fd-3dc43907ee42
2019-07-14 16:31:42,795 INFO  server.RaftServerConfigKeys (ConfUtils.java:logGet(43)) - raft.server.log.write.buffer.size = 33554432 (custom)
2019-07-14 16:31:42,796 INFO  server.RaftServerConfigKeys (ConfUtils.java:logGet(43)) - raft.server.log.statemachine.data.sync = true (default)
2019-07-14 16:31:42,796 INFO  server.RaftServerConfigKeys (ConfUtils.java:logGet(43)) - raft.server.log.force.sync.num = 128 (default)
2019-07-14 16:31:42,796 INFO  server.RaftServerConfigKeys (ConfUtils.java:logGet(43)) - raft.server.log.statemachine.data.sync.timeout = 10s (default)
2019-07-14 16:31:42,796 INFO  server.RaftServerConfigKeys (ConfUtils.java:logGet(43)) - raft.server.log.statemachine.data.sync = true (default)
2019-07-14 16:31:42,796 INFO  server.RaftServerConfigKeys (ConfUtils.java:logGet(43)) - raft.server.log.statemachine.data.sync.timeout.retry = -1 (default)
2019-07-14 16:31:42,797 INFO  server.RaftServerConfigKeys (ConfUtils.java:logGet(43)) - raft.server.log.statemachine.data.sync.timeout = 10s (default)
2019-07-14 16:31:42,797 INFO  server.RaftServerConfigKeys (ConfUtils.java:logGet(43)) - raft.server.log.statemachine.data.caching.enabled = true (custom)
2019-07-14 16:31:42,797 INFO  server.RaftServerConfigKeys (ConfUtils.java:logGet(43)) - raft.server.log.statemachine.data.sync.timeout.retry = -1 (default)
2019-07-14 16:31:42,797 INFO  server.RaftServerConfigKeys (ConfUtils.java:logGet(43)) - raft.server.log.statemachine.data.caching.enabled = true (custom)
2019-07-14 16:31:42,797 INFO  segmented.SegmentedRaftLogWorker (SegmentedRaftLogWorker.java:lambda$new$0(132)) - 661245da-c950-408b-9610-dfa66d238453-SegmentedRaftLogWorker:Storage Directory /workdir/hadoop-ozone/integration-test/target/test-dir/MiniOzoneClusterImpl-58c8e1a0-14c9-42bb-9613-da5ce92a45b6/datanode-3/data/ratis/efdd1a9d-2791-4df3-8f1f-e02664ca1401: flushIndex: setUnconditionally 0 -> -1
2019-07-14 16:31:42,798 INFO  segmented.SegmentedRaftLogWorker (SegmentedRaftLogWorker.java:lambda$new$0(132)) - c7d855e2-543e-4994-92d1-7ede353827b9-SegmentedRaftLogWorker:Storage Directory /workdir/hadoop-ozone/integration-test/target/test-dir/MiniOzoneClusterImpl-58c8e1a0-14c9-42bb-9613-da5ce92a45b6/datanode-5/data/ratis/efdd1a9d-2791-4df3-8f1f-e02664ca1401: flushIndex: setUnconditionally 0 -> -1
2019-07-14 16:31:42,798 INFO  server.RaftServerConfigKeys (ConfUtils.java:logGet(43)) - raft.server.snapshot.auto.trigger.enabled = true (custom)
2019-07-14 16:31:42,798 INFO  server.RaftServerConfigKeys (ConfUtils.java:logGet(43)) - raft.server.snapshot.auto.trigger.enabled = true (custom)
2019-07-14 16:31:42,798 INFO  server.RaftServerConfigKeys (ConfUtils.java:logGet(43)) - raft.server.snapshot.auto.trigger.threshold = 10000 (custom)
2019-07-14 16:31:42,798 INFO  server.RaftServerConfigKeys (ConfUtils.java:logGet(43)) - raft.server.snapshot.auto.trigger.threshold = 10000 (custom)
2019-07-14 16:31:42,798 INFO  server.RaftServerConfigKeys (ConfUtils.java:logGet(43)) - raft.server.retrycache.expirytime = 600000ms (custom)
2019-07-14 16:31:42,798 INFO  server.RaftServerConfigKeys (ConfUtils.java:logGet(43)) - raft.server.retrycache.expirytime = 600000ms (custom)
2019-07-14 16:31:42,799 INFO  impl.RaftServerImpl (RaftServerImpl.java:start(180)) - 661245da-c950-408b-9610-dfa66d238453: start group-E02664CA1401
2019-07-14 16:31:42,799 INFO  impl.RaftServerImpl (RaftServerImpl.java:start(180)) - c7d855e2-543e-4994-92d1-7ede353827b9: start group-E02664CA1401
2019-07-14 16:31:42,799 INFO  impl.RaftServerImpl (RaftServerImpl.java:setRole(171)) - 661245da-c950-408b-9610-dfa66d238453:group-E02664CA1401 changes role from null to FOLLOWER at term 0 for startAsFollower
2019-07-14 16:31:42,799 INFO  impl.RaftServerImpl (RaftServerImpl.java:setRole(171)) - c7d855e2-543e-4994-92d1-7ede353827b9:group-E02664CA1401 changes role from null to FOLLOWER at term 0 for startAsFollower
2019-07-14 16:31:42,799 INFO  impl.RoleInfo (RoleInfo.java:updateAndGet(143)) - 661245da-c950-408b-9610-dfa66d238453: start FollowerState
2019-07-14 16:31:42,799 INFO  impl.RoleInfo (RoleInfo.java:updateAndGet(143)) - c7d855e2-543e-4994-92d1-7ede353827b9: start FollowerState
2019-07-14 16:31:42,799 INFO  util.JmxRegister (JmxRegister.java:tryRegister(44)) - Successfully registered JMX Bean with object name Ratis:service=RaftServer,group=group-E02664CA1401,id=661245da-c950-408b-9610-dfa66d238453
2019-07-14 16:31:42,800 INFO  util.JmxRegister (JmxRegister.java:tryRegister(44)) - Successfully registered JMX Bean with object name Ratis:service=RaftServer,group=group-E02664CA1401,id=c7d855e2-543e-4994-92d1-7ede353827b9
2019-07-14 16:31:42,802 INFO  pipeline.PipelineStateManager (PipelineStateManager.java:addPipeline(56)) - Created pipeline Pipeline[ Id: efdd1a9d-2791-4df3-8f1f-e02664ca1401, Nodes: 661245da-c950-408b-9610-dfa66d238453{ip: 192.168.69.77, host: pr-hdds-1710-5x6jb-1204890111, networkLocation: /default-rack, certSerialId: null}fd317595-8ec7-4bd4-95fd-3dc43907ee42{ip: 192.168.69.77, host: pr-hdds-1710-5x6jb-1204890111, networkLocation: /default-rack, certSerialId: null}c7d855e2-543e-4994-92d1-7ede353827b9{ip: 192.168.69.77, host: pr-hdds-1710-5x6jb-1204890111, networkLocation: /default-rack, certSerialId: null}, Type:RATIS, Factor:THREE, State:OPEN]
2019-07-14 16:31:42,925 INFO  node.SCMNodeManager (SCMNodeManager.java:register(269)) - Registered Data node : d905fea8-cc0f-49ad-be6b-3657fb5a4f09{ip: 192.168.69.77, host: pr-hdds-1710-5x6jb-1204890111, networkLocation: /default-rack, certSerialId: null}
2019-07-14 16:31:42,925 INFO  ozone.MiniOzoneClusterImpl (MiniOzoneClusterImpl.java:lambda$waitForClusterToBeReady$0(142)) - Cluster is ready. Got 7 of 7 DN Heartbeats.
2019-07-14 16:31:42,951 INFO  impl.RaftServerProxy (RaftServerProxy.java:addNew(89)) - d905fea8-cc0f-49ad-be6b-3657fb5a4f09: addNew group-3398D6BBBDBD:[d905fea8-cc0f-49ad-be6b-3657fb5a4f09:192.168.69.77:42534] returns group-3398D6BBBDBD:java.util.concurrent.CompletableFuture@461ab127[Not completed]
2019-07-14 16:31:42,952 INFO  impl.RaftServerImpl (RaftServerImpl.java:<init>(93)) - d905fea8-cc0f-49ad-be6b-3657fb5a4f09: new RaftServerImpl for group-3398D6BBBDBD:[d905fea8-cc0f-49ad-be6b-3657fb5a4f09:192.168.69.77:42534] with ContainerStateMachine:uninitialized
2019-07-14 16:31:42,954 INFO  server.RaftServerConfigKeys (ConfUtils.java:logGet(43)) - raft.server.rpc.timeout.min = 5s (custom)
2019-07-14 16:31:42,954 INFO  server.RaftServerConfigKeys (ConfUtils.java:logGet(43)) - raft.server.rpc.timeout.max = 5200ms (custom)
2019-07-14 16:31:42,954 INFO  server.RaftServerConfigKeys (ConfUtils.java:logGet(43)) - raft.server.rpcslowness.timeout = 120s (custom)
2019-07-14 16:31:42,955 INFO  server.RaftServerConfigKeys (ConfUtils.java:logGet(43)) - raft.server.sleep.deviation.threshold = 300 (default)
2019-07-14 16:31:42,955 INFO  server.RaftServerConfigKeys (ConfUtils.java:logGet(43)) - raft.server.log.appender.install.snapshot.enabled = false (custom)
2019-07-14 16:31:42,955 INFO  impl.RaftServerImpl (ServerState.java:<init>(105)) - d905fea8-cc0f-49ad-be6b-3657fb5a4f09:group-3398D6BBBDBD ConfigurationManager, init=-1: [d905fea8-cc0f-49ad-be6b-3657fb5a4f09:192.168.69.77:42534], old=null, confs=<EMPTY_MAP>
2019-07-14 16:31:42,955 INFO  server.RaftServerConfigKeys (ConfUtils.java:logGet(43)) - raft.server.storage.dir = [/workdir/hadoop-ozone/integration-test/target/test-dir/MiniOzoneClusterImpl-58c8e1a0-14c9-42bb-9613-da5ce92a45b6/datanode-6/data/ratis] (custom)
2019-07-14 16:31:42,975 INFO  storage.RaftStorageDirectory (RaftStorageDirectory.java:analyzeStorage(246)) - The storage directory /workdir/hadoop-ozone/integration-test/target/test-dir/MiniOzoneClusterImpl-58c8e1a0-14c9-42bb-9613-da5ce92a45b6/datanode-6/data/ratis/517bd2a1-fad0-4be9-af69-3398d6bbbdbd does not exist. Creating ...
2019-07-14 16:31:42,986 INFO  rpc.RpcClient (RpcClient.java:createVolume(287)) - Creating Volume: testblockoutputstream, with jenkins1000 as owner.
2019-07-14 16:31:42,989 INFO  storage.RaftStorageDirectory (RaftStorageDirectory.java:tryLock(328)) - Lock on /workdir/hadoop-ozone/integration-test/target/test-dir/MiniOzoneClusterImpl-58c8e1a0-14c9-42bb-9613-da5ce92a45b6/datanode-6/data/ratis/517bd2a1-fad0-4be9-af69-3398d6bbbdbd/in_use.lock acquired by nodename 13169@pr-hdds-1710-5x6jb-1204890111
2019-07-14 16:31:43,006 INFO  storage.RaftStorage (RaftStorage.java:format(72)) - Storage directory /workdir/hadoop-ozone/integration-test/target/test-dir/MiniOzoneClusterImpl-58c8e1a0-14c9-42bb-9613-da5ce92a45b6/datanode-6/data/ratis/517bd2a1-fad0-4be9-af69-3398d6bbbdbd has been successfully formatted.
2019-07-14 16:31:43,008 INFO  ratis.ContainerStateMachine (ContainerStateMachine.java:loadSnapshot(200)) - The snapshot info is null.Setting the last applied index to:(t:0, i:~)
2019-07-14 16:31:43,008 INFO  server.RaftServerConfigKeys (ConfUtils.java:logGet(43)) - raft.server.leader.election.timeout = 120s (custom)
2019-07-14 16:31:43,009 INFO  server.RaftServerConfigKeys (ConfUtils.java:logGet(43)) - raft.server.log.use.memory = false (default)
2019-07-14 16:31:43,009 INFO  rpc.RpcClient (RpcClient.java:createBucket(424)) - Creating Bucket: testblockoutputstream/testblockoutputstream, with Versioning false and Storage Type set to DISK and Encryption set to false 
2019-07-14 16:31:43,009 INFO  server.RaftServerConfigKeys (ConfUtils.java:logGet(43)) - raft.server.log.purge.gap = 1000000000 (custom)
2019-07-14 16:31:43,009 INFO  server.RaftServerConfigKeys (ConfUtils.java:logGet(43)) - raft.server.log.appender.buffer.byte-limit = 33554432 (custom)
2019-07-14 16:31:43,009 INFO  server.RaftServerConfigKeys (ConfUtils.java:logGet(43)) - raft.server.log.segment.size.max = 1048576 (custom)
2019-07-14 16:31:43,009 INFO  server.RaftServerConfigKeys (ConfUtils.java:logGet(43)) - raft.server.log.segment.cache.num.max = 2 (custom)
2019-07-14 16:31:43,010 INFO  segmented.SegmentedRaftLogWorker (SegmentedRaftLogWorker.java:<init>(172)) - new d905fea8-cc0f-49ad-be6b-3657fb5a4f09-SegmentedRaftLogWorker:Storage Directory /workdir/hadoop-ozone/integration-test/target/test-dir/MiniOzoneClusterImpl-58c8e1a0-14c9-42bb-9613-da5ce92a45b6/datanode-6/data/ratis/517bd2a1-fad0-4be9-af69-3398d6bbbdbd for RaftStorage:Storage Directory /workdir/hadoop-ozone/integration-test/target/test-dir/MiniOzoneClusterImpl-58c8e1a0-14c9-42bb-9613-da5ce92a45b6/datanode-6/data/ratis/517bd2a1-fad0-4be9-af69-3398d6bbbdbd
2019-07-14 16:31:43,010 INFO  server.RaftServerConfigKeys (ConfUtils.java:logGet(43)) - raft.server.log.queue.byte-limit = 2147483647 (custom)
2019-07-14 16:31:43,010 INFO  server.RaftServerConfigKeys (ConfUtils.java:logGet(43)) - raft.server.log.queue.element-limit = 1024 (custom)
2019-07-14 16:31:43,012 INFO  server.RaftServerConfigKeys (ConfUtils.java:logGet(43)) - raft.server.log.segment.size.max = 1048576 (custom)
2019-07-14 16:31:43,012 INFO  server.RaftServerConfigKeys (ConfUtils.java:logGet(43)) - raft.server.log.preallocated.size = 16384 (custom)
2019-07-14 16:31:43,012 INFO  server.RaftServerConfigKeys (ConfUtils.java:logGet(43)) - raft.server.log.write.buffer.size = 33554432 (custom)
2019-07-14 16:31:43,012 INFO  server.RaftServerConfigKeys (ConfUtils.java:logGet(43)) - raft.server.log.force.sync.num = 128 (default)
2019-07-14 16:31:43,013 INFO  server.RaftServerConfigKeys (ConfUtils.java:logGet(43)) - raft.server.log.statemachine.data.sync = true (default)
2019-07-14 16:31:43,013 INFO  server.RaftServerConfigKeys (ConfUtils.java:logGet(43)) - raft.server.log.statemachine.data.sync.timeout = 10s (default)
2019-07-14 16:31:43,013 INFO  server.RaftServerConfigKeys (ConfUtils.java:logGet(43)) - raft.server.log.statemachine.data.sync.timeout.retry = -1 (default)
2019-07-14 16:31:43,013 INFO  server.RaftServerConfigKeys (ConfUtils.java:logGet(43)) - raft.server.log.statemachine.data.caching.enabled = true (custom)
2019-07-14 16:31:43,014 INFO  segmented.SegmentedRaftLogWorker (SegmentedRaftLogWorker.java:lambda$new$0(132)) - d905fea8-cc0f-49ad-be6b-3657fb5a4f09-SegmentedRaftLogWorker:Storage Directory /workdir/hadoop-ozone/integration-test/target/test-dir/MiniOzoneClusterImpl-58c8e1a0-14c9-42bb-9613-da5ce92a45b6/datanode-6/data/ratis/517bd2a1-fad0-4be9-af69-3398d6bbbdbd: flushIndex: setUnconditionally 0 -> -1
2019-07-14 16:31:43,014 INFO  server.RaftServerConfigKeys (ConfUtils.java:logGet(43)) - raft.server.snapshot.auto.trigger.enabled = true (custom)
2019-07-14 16:31:43,014 INFO  server.RaftServerConfigKeys (ConfUtils.java:logGet(43)) - raft.server.snapshot.auto.trigger.threshold = 10000 (custom)
2019-07-14 16:31:43,014 INFO  server.RaftServerConfigKeys (ConfUtils.java:logGet(43)) - raft.server.retrycache.expirytime = 600000ms (custom)
2019-07-14 16:31:43,015 INFO  impl.RaftServerImpl (RaftServerImpl.java:start(180)) - d905fea8-cc0f-49ad-be6b-3657fb5a4f09: start group-3398D6BBBDBD
2019-07-14 16:31:43,015 INFO  impl.RaftServerImpl (RaftServerImpl.java:setRole(171)) - d905fea8-cc0f-49ad-be6b-3657fb5a4f09:group-3398D6BBBDBD changes role from null to FOLLOWER at term 0 for startAsFollower
2019-07-14 16:31:43,015 INFO  impl.RoleInfo (RoleInfo.java:updateAndGet(143)) - d905fea8-cc0f-49ad-be6b-3657fb5a4f09: start FollowerState
2019-07-14 16:31:43,015 INFO  util.JmxRegister (JmxRegister.java:tryRegister(44)) - Successfully registered JMX Bean with object name Ratis:service=RaftServer,group=group-3398D6BBBDBD,id=d905fea8-cc0f-49ad-be6b-3657fb5a4f09
2019-07-14 16:31:43,018 INFO  pipeline.PipelineStateManager (PipelineStateManager.java:addPipeline(56)) - Created pipeline Pipeline[ Id: 517bd2a1-fad0-4be9-af69-3398d6bbbdbd, Nodes: d905fea8-cc0f-49ad-be6b-3657fb5a4f09{ip: 192.168.69.77, host: pr-hdds-1710-5x6jb-1204890111, networkLocation: /default-rack, certSerialId: null}, Type:RATIS, Factor:ONE, State:OPEN]
2019-07-14 16:31:43,041 INFO  client.GrpcClientProtocolClient (GrpcClientProtocolClient.java:onNext(255)) - client-B62D9447C027->785ebdca-8c52-4b51-9caf-dc0865fb3cf8: receive RaftClientReply:client-B62D9447C027->785ebdca-8c52-4b51-9caf-dc0865fb3cf8@group-7FCDE713AB42, cid=148, FAILED org.apache.ratis.protocol.NotLeaderException: Server 785ebdca-8c52-4b51-9caf-dc0865fb3cf8 is not the leader (null). Request must be sent to leader., logIndex=0, commits[785ebdca-8c52-4b51-9caf-dc0865fb3cf8:c-1]
2019-07-14 16:31:44,845 INFO  container.ReplicationManager (ReplicationManager.java:start(155)) - Starting Replication Monitor Thread.
2019-07-14 16:31:44,850 INFO  container.ReplicationManager (ReplicationManager.java:run(207)) - Replication Monitor Thread took 1 milliseconds for processing 1 containers.
2019-07-14 16:31:45,059 INFO  client.GrpcClientProtocolClient (GrpcClientProtocolClient.java:onNext(255)) - client-B62D9447C027->785ebdca-8c52-4b51-9caf-dc0865fb3cf8: receive RaftClientReply:client-B62D9447C027->785ebdca-8c52-4b51-9caf-dc0865fb3cf8@group-7FCDE713AB42, cid=148, FAILED org.apache.ratis.protocol.NotLeaderException: Server 785ebdca-8c52-4b51-9caf-dc0865fb3cf8 is not the leader (null). Request must be sent to leader., logIndex=0, commits[785ebdca-8c52-4b51-9caf-dc0865fb3cf8:c-1]
2019-07-14 16:31:46,994 INFO  impl.FollowerState (FollowerState.java:run(106)) - b3b2927a-f011-459c-a64b-1a14801535e4:group-1C6A7375F266 changes to CANDIDATE, lastRpcTime:5085, electionTimeout:5085ms
2019-07-14 16:31:46,995 INFO  impl.RoleInfo (RoleInfo.java:shutdownFollowerState(121)) - b3b2927a-f011-459c-a64b-1a14801535e4: shutdown FollowerState
2019-07-14 16:31:46,995 INFO  impl.RaftServerImpl (RaftServerImpl.java:setRole(171)) - b3b2927a-f011-459c-a64b-1a14801535e4:group-1C6A7375F266 changes role from FOLLOWER to CANDIDATE at term 0 for changeToCandidate
2019-07-14 16:31:46,995 INFO  impl.RoleInfo (RoleInfo.java:updateAndGet(143)) - b3b2927a-f011-459c-a64b-1a14801535e4: start LeaderElection
2019-07-14 16:31:47,018 INFO  impl.LeaderElection (LeaderElection.java:askForVotes(181)) - b3b2927a-f011-459c-a64b-1a14801535e4:group-1C6A7375F266:LeaderElection55: begin an election at term 1 for -1: [b3b2927a-f011-459c-a64b-1a14801535e4:192.168.69.77:37069], old=null
2019-07-14 16:31:47,018 INFO  impl.RoleInfo (RoleInfo.java:shutdownLeaderElection(134)) - b3b2927a-f011-459c-a64b-1a14801535e4: shutdown LeaderElection
2019-07-14 16:31:47,018 INFO  impl.RaftServerImpl (RaftServerImpl.java:setRole(171)) - b3b2927a-f011-459c-a64b-1a14801535e4:group-1C6A7375F266 changes role from CANDIDATE to LEADER at term 1 for changeToLeader
2019-07-14 16:31:47,018 INFO  impl.RaftServerImpl (ServerState.java:setLeader(263)) - b3b2927a-f011-459c-a64b-1a14801535e4:group-1C6A7375F266 change Leader from null to b3b2927a-f011-459c-a64b-1a14801535e4 at term 1 for becomeLeader, leader elected after 5115ms
2019-07-14 16:31:47,021 INFO  server.RaftServerConfigKeys (ConfUtils.java:logGet(43)) - raft.server.staging.catchup.gap = 1000 (default)
2019-07-14 16:31:47,021 INFO  server.RaftServerConfigKeys (ConfUtils.java:logGet(43)) - raft.server.rpc.sleep.time = 25ms (default)
2019-07-14 16:31:47,021 INFO  server.RaftServerConfigKeys (ConfUtils.java:logGet(43)) - raft.server.write.element-limit = 4096 (default)
2019-07-14 16:31:47,021 INFO  server.RaftServerConfigKeys (ConfUtils.java:logGet(43)) - raft.server.watch.timeout = 10s (default)
2019-07-14 16:31:47,021 INFO  server.RaftServerConfigKeys (ConfUtils.java:logGet(43)) - raft.server.watch.timeout.denomination = 1s (default)
2019-07-14 16:31:47,022 INFO  server.RaftServerConfigKeys (ConfUtils.java:logGet(43)) - raft.server.watch.element-limit = 65536 (default)
2019-07-14 16:31:47,022 INFO  impl.RoleInfo (RoleInfo.java:updateAndGet(143)) - b3b2927a-f011-459c-a64b-1a14801535e4: start LeaderState
2019-07-14 16:31:47,022 INFO  segmented.SegmentedRaftLogWorker (SegmentedRaftLogWorker.java:startLogSegment(380)) - b3b2927a-f011-459c-a64b-1a14801535e4-SegmentedRaftLogWorker:Storage Directory /workdir/hadoop-ozone/integration-test/target/test-dir/MiniOzoneClusterImpl-58c8e1a0-14c9-42bb-9613-da5ce92a45b6/datanode-0/data/ratis/8fef31c6-eb93-4368-b6b5-1c6a7375f266: Starting segment from index:0
2019-07-14 16:31:47,023 INFO  impl.RaftServerImpl (ServerState.java:setRaftConf(361)) - b3b2927a-f011-459c-a64b-1a14801535e4:group-1C6A7375F266 set configuration 0: [b3b2927a-f011-459c-a64b-1a14801535e4:192.168.69.77:37069], old=null at 0
2019-07-14 16:31:47,054 INFO  segmented.SegmentedRaftLogWorker (SegmentedRaftLogWorker.java:execute(569)) - b3b2927a-f011-459c-a64b-1a14801535e4-SegmentedRaftLogWorker:Storage Directory /workdir/hadoop-ozone/integration-test/target/test-dir/MiniOzoneClusterImpl-58c8e1a0-14c9-42bb-9613-da5ce92a45b6/datanode-0/data/ratis/8fef31c6-eb93-4368-b6b5-1c6a7375f266: created new log segment /workdir/hadoop-ozone/integration-test/target/test-dir/MiniOzoneClusterImpl-58c8e1a0-14c9-42bb-9613-da5ce92a45b6/datanode-0/data/ratis/8fef31c6-eb93-4368-b6b5-1c6a7375f266/current/log_inprogress_0
2019-07-14 16:31:47,070 INFO  client.GrpcClientProtocolClient (GrpcClientProtocolClient.java:onNext(255)) - client-B62D9447C027->785ebdca-8c52-4b51-9caf-dc0865fb3cf8: receive RaftClientReply:client-B62D9447C027->785ebdca-8c52-4b51-9caf-dc0865fb3cf8@group-7FCDE713AB42, cid=148, FAILED org.apache.ratis.protocol.NotLeaderException: Server 785ebdca-8c52-4b51-9caf-dc0865fb3cf8 is not the leader (null). Request must be sent to leader., logIndex=0, commits[785ebdca-8c52-4b51-9caf-dc0865fb3cf8:c-1]
2019-07-14 16:31:47,198 INFO  impl.FollowerState (FollowerState.java:run(106)) - 38d3b87c-51dd-47c3-bfd5-9b9e6717869a:group-C260656DCB54 changes to CANDIDATE, lastRpcTime:5163, electionTimeout:5163ms
2019-07-14 16:31:47,198 INFO  impl.RoleInfo (RoleInfo.java:shutdownFollowerState(121)) - 38d3b87c-51dd-47c3-bfd5-9b9e6717869a: shutdown FollowerState
2019-07-14 16:31:47,198 INFO  impl.RaftServerImpl (RaftServerImpl.java:setRole(171)) - 38d3b87c-51dd-47c3-bfd5-9b9e6717869a:group-C260656DCB54 changes role from FOLLOWER to CANDIDATE at term 0 for changeToCandidate
2019-07-14 16:31:47,199 INFO  impl.RoleInfo (RoleInfo.java:updateAndGet(143)) - 38d3b87c-51dd-47c3-bfd5-9b9e6717869a: start LeaderElection
2019-07-14 16:31:47,221 INFO  impl.LeaderElection (LeaderElection.java:askForVotes(181)) - 38d3b87c-51dd-47c3-bfd5-9b9e6717869a:group-C260656DCB54:LeaderElection56: begin an election at term 1 for -1: [38d3b87c-51dd-47c3-bfd5-9b9e6717869a:192.168.69.77:44865], old=null
2019-07-14 16:31:47,221 INFO  impl.RoleInfo (RoleInfo.java:shutdownLeaderElection(134)) - 38d3b87c-51dd-47c3-bfd5-9b9e6717869a: shutdown LeaderElection
2019-07-14 16:31:47,222 INFO  impl.RaftServerImpl (RaftServerImpl.java:setRole(171)) - 38d3b87c-51dd-47c3-bfd5-9b9e6717869a:group-C260656DCB54 changes role from CANDIDATE to LEADER at term 1 for changeToLeader
2019-07-14 16:31:47,222 INFO  impl.RaftServerImpl (ServerState.java:setLeader(263)) - 38d3b87c-51dd-47c3-bfd5-9b9e6717869a:group-C260656DCB54 change Leader from null to 38d3b87c-51dd-47c3-bfd5-9b9e6717869a at term 1 for becomeLeader, leader elected after 5191ms
2019-07-14 16:31:47,224 INFO  server.RaftServerConfigKeys (ConfUtils.java:logGet(43)) - raft.server.staging.catchup.gap = 1000 (default)
2019-07-14 16:31:47,224 INFO  server.RaftServerConfigKeys (ConfUtils.java:logGet(43)) - raft.server.rpc.sleep.time = 25ms (default)
2019-07-14 16:31:47,224 INFO  server.RaftServerConfigKeys (ConfUtils.java:logGet(43)) - raft.server.write.element-limit = 4096 (default)
2019-07-14 16:31:47,225 INFO  server.RaftServerConfigKeys (ConfUtils.java:logGet(43)) - raft.server.watch.timeout = 10s (default)
2019-07-14 16:31:47,225 INFO  server.RaftServerConfigKeys (ConfUtils.java:logGet(43)) - raft.server.watch.timeout.denomination = 1s (default)
2019-07-14 16:31:47,225 INFO  server.RaftServerConfigKeys (ConfUtils.java:logGet(43)) - raft.server.watch.element-limit = 65536 (default)
2019-07-14 16:31:47,225 INFO  impl.RoleInfo (RoleInfo.java:updateAndGet(143)) - 38d3b87c-51dd-47c3-bfd5-9b9e6717869a: start LeaderState
2019-07-14 16:31:47,226 INFO  segmented.SegmentedRaftLogWorker (SegmentedRaftLogWorker.java:startLogSegment(380)) - 38d3b87c-51dd-47c3-bfd5-9b9e6717869a-SegmentedRaftLogWorker:Storage Directory /workdir/hadoop-ozone/integration-test/target/test-dir/MiniOzoneClusterImpl-58c8e1a0-14c9-42bb-9613-da5ce92a45b6/datanode-1/data/ratis/cd74d35d-5fc2-4a9d-8540-c260656dcb54: Starting segment from index:0
2019-07-14 16:31:47,226 INFO  impl.RaftServerImpl (ServerState.java:setRaftConf(361)) - 38d3b87c-51dd-47c3-bfd5-9b9e6717869a:group-C260656DCB54 set configuration 0: [38d3b87c-51dd-47c3-bfd5-9b9e6717869a:192.168.69.77:44865], old=null at 0
2019-07-14 16:31:47,257 INFO  segmented.SegmentedRaftLogWorker (SegmentedRaftLogWorker.java:execute(569)) - 38d3b87c-51dd-47c3-bfd5-9b9e6717869a-SegmentedRaftLogWorker:Storage Directory /workdir/hadoop-ozone/integration-test/target/test-dir/MiniOzoneClusterImpl-58c8e1a0-14c9-42bb-9613-da5ce92a45b6/datanode-1/data/ratis/cd74d35d-5fc2-4a9d-8540-c260656dcb54: created new log segment /workdir/hadoop-ozone/integration-test/target/test-dir/MiniOzoneClusterImpl-58c8e1a0-14c9-42bb-9613-da5ce92a45b6/datanode-1/data/ratis/cd74d35d-5fc2-4a9d-8540-c260656dcb54/current/log_inprogress_0
2019-07-14 16:31:47,273 INFO  impl.FollowerState (FollowerState.java:run(106)) - 785ebdca-8c52-4b51-9caf-dc0865fb3cf8:group-7FCDE713AB42 changes to CANDIDATE, lastRpcTime:5067, electionTimeout:5067ms
2019-07-14 16:31:47,273 INFO  impl.RoleInfo (RoleInfo.java:shutdownFollowerState(121)) - 785ebdca-8c52-4b51-9caf-dc0865fb3cf8: shutdown FollowerState
2019-07-14 16:31:47,273 INFO  impl.RaftServerImpl (RaftServerImpl.java:setRole(171)) - 785ebdca-8c52-4b51-9caf-dc0865fb3cf8:group-7FCDE713AB42 changes role from FOLLOWER to CANDIDATE at term 0 for changeToCandidate
2019-07-14 16:31:47,273 INFO  impl.RoleInfo (RoleInfo.java:updateAndGet(143)) - 785ebdca-8c52-4b51-9caf-dc0865fb3cf8: start LeaderElection
2019-07-14 16:31:47,288 INFO  impl.LeaderElection (LeaderElection.java:askForVotes(181)) - 785ebdca-8c52-4b51-9caf-dc0865fb3cf8:group-7FCDE713AB42:LeaderElection57: begin an election at term 1 for -1: [785ebdca-8c52-4b51-9caf-dc0865fb3cf8:192.168.69.77:44512], old=null
2019-07-14 16:31:47,288 INFO  impl.RoleInfo (RoleInfo.java:shutdownLeaderElection(134)) - 785ebdca-8c52-4b51-9caf-dc0865fb3cf8: shutdown LeaderElection
2019-07-14 16:31:47,288 INFO  impl.RaftServerImpl (RaftServerImpl.java:setRole(171)) - 785ebdca-8c52-4b51-9caf-dc0865fb3cf8:group-7FCDE713AB42 changes role from CANDIDATE to LEADER at term 1 for changeToLeader
2019-07-14 16:31:47,288 INFO  impl.RaftServerImpl (ServerState.java:setLeader(263)) - 785ebdca-8c52-4b51-9caf-dc0865fb3cf8:group-7FCDE713AB42 change Leader from null to 785ebdca-8c52-4b51-9caf-dc0865fb3cf8 at term 1 for becomeLeader, leader elected after 5087ms
2019-07-14 16:31:47,291 INFO  server.RaftServerConfigKeys (ConfUtils.java:logGet(43)) - raft.server.staging.catchup.gap = 1000 (default)
2019-07-14 16:31:47,291 INFO  server.RaftServerConfigKeys (ConfUtils.java:logGet(43)) - raft.server.rpc.sleep.time = 25ms (default)
2019-07-14 16:31:47,291 INFO  server.RaftServerConfigKeys (ConfUtils.java:logGet(43)) - raft.server.write.element-limit = 4096 (default)
2019-07-14 16:31:47,291 INFO  server.RaftServerConfigKeys (ConfUtils.java:logGet(43)) - raft.server.watch.timeout = 10s (default)
2019-07-14 16:31:47,291 INFO  server.RaftServerConfigKeys (ConfUtils.java:logGet(43)) - raft.server.watch.timeout.denomination = 1s (default)
2019-07-14 16:31:47,291 INFO  server.RaftServerConfigKeys (ConfUtils.java:logGet(43)) - raft.server.watch.element-limit = 65536 (default)
2019-07-14 16:31:47,292 INFO  impl.RoleInfo (RoleInfo.java:updateAndGet(143)) - 785ebdca-8c52-4b51-9caf-dc0865fb3cf8: start LeaderState
2019-07-14 16:31:47,292 INFO  segmented.SegmentedRaftLogWorker (SegmentedRaftLogWorker.java:startLogSegment(380)) - 785ebdca-8c52-4b51-9caf-dc0865fb3cf8-SegmentedRaftLogWorker:Storage Directory /workdir/hadoop-ozone/integration-test/target/test-dir/MiniOzoneClusterImpl-58c8e1a0-14c9-42bb-9613-da5ce92a45b6/datanode-2/data/ratis/b6223803-f3eb-4045-9f92-7fcde713ab42: Starting segment from index:0
2019-07-14 16:31:47,292 INFO  impl.RaftServerImpl (ServerState.java:setRaftConf(361)) - 785ebdca-8c52-4b51-9caf-dc0865fb3cf8:group-7FCDE713AB42 set configuration 0: [785ebdca-8c52-4b51-9caf-dc0865fb3cf8:192.168.69.77:44512], old=null at 0
2019-07-14 16:31:47,323 INFO  segmented.SegmentedRaftLogWorker (SegmentedRaftLogWorker.java:execute(569)) - 785ebdca-8c52-4b51-9caf-dc0865fb3cf8-SegmentedRaftLogWorker:Storage Directory /workdir/hadoop-ozone/integration-test/target/test-dir/MiniOzoneClusterImpl-58c8e1a0-14c9-42bb-9613-da5ce92a45b6/datanode-2/data/ratis/b6223803-f3eb-4045-9f92-7fcde713ab42: created new log segment /workdir/hadoop-ozone/integration-test/target/test-dir/MiniOzoneClusterImpl-58c8e1a0-14c9-42bb-9613-da5ce92a45b6/datanode-2/data/ratis/b6223803-f3eb-4045-9f92-7fcde713ab42/current/log_inprogress_0
2019-07-14 16:31:47,330 INFO  impl.FollowerState (FollowerState.java:run(106)) - 785ebdca-8c52-4b51-9caf-dc0865fb3cf8:group-AC78B3083372 changes to CANDIDATE, lastRpcTime:5062, electionTimeout:5062ms
2019-07-14 16:31:47,330 INFO  impl.RoleInfo (RoleInfo.java:shutdownFollowerState(121)) - 785ebdca-8c52-4b51-9caf-dc0865fb3cf8: shutdown FollowerState
2019-07-14 16:31:47,330 INFO  impl.RaftServerImpl (RaftServerImpl.java:setRole(171)) - 785ebdca-8c52-4b51-9caf-dc0865fb3cf8:group-AC78B3083372 changes role from FOLLOWER to CANDIDATE at term 0 for changeToCandidate
2019-07-14 16:31:47,330 INFO  impl.RoleInfo (RoleInfo.java:updateAndGet(143)) - 785ebdca-8c52-4b51-9caf-dc0865fb3cf8: start LeaderElection
2019-07-14 16:31:47,352 INFO  impl.LeaderElection (LeaderElection.java:askForVotes(181)) - 785ebdca-8c52-4b51-9caf-dc0865fb3cf8:group-AC78B3083372:LeaderElection58: begin an election at term 1 for -1: [b3b2927a-f011-459c-a64b-1a14801535e4:192.168.69.77:37069, 38d3b87c-51dd-47c3-bfd5-9b9e6717869a:192.168.69.77:44865, 785ebdca-8c52-4b51-9caf-dc0865fb3cf8:192.168.69.77:44512], old=null
2019-07-14 16:31:47,359 INFO  impl.RaftServerImpl (RaftServerImpl.java:setRole(171)) - 38d3b87c-51dd-47c3-bfd5-9b9e6717869a:group-AC78B3083372 changes role from FOLLOWER to FOLLOWER at term 1 for recognizeCandidate:785ebdca-8c52-4b51-9caf-dc0865fb3cf8
2019-07-14 16:31:47,359 INFO  impl.RaftServerImpl (RaftServerImpl.java:setRole(171)) - b3b2927a-f011-459c-a64b-1a14801535e4:group-AC78B3083372 changes role from FOLLOWER to FOLLOWER at term 1 for recognizeCandidate:785ebdca-8c52-4b51-9caf-dc0865fb3cf8
2019-07-14 16:31:47,360 INFO  impl.RoleInfo (RoleInfo.java:shutdownFollowerState(121)) - 38d3b87c-51dd-47c3-bfd5-9b9e6717869a: shutdown FollowerState
2019-07-14 16:31:47,360 INFO  impl.RoleInfo (RoleInfo.java:shutdownFollowerState(121)) - b3b2927a-f011-459c-a64b-1a14801535e4: shutdown FollowerState
2019-07-14 16:31:47,360 INFO  impl.FollowerState (FollowerState.java:run(114)) - 38d3b87c-51dd-47c3-bfd5-9b9e6717869a: FollowerState was interrupted: java.lang.InterruptedException: sleep interrupted
2019-07-14 16:31:47,360 INFO  impl.RoleInfo (RoleInfo.java:updateAndGet(143)) - 38d3b87c-51dd-47c3-bfd5-9b9e6717869a: start FollowerState
2019-07-14 16:31:47,360 INFO  impl.FollowerState (FollowerState.java:run(114)) - b3b2927a-f011-459c-a64b-1a14801535e4: FollowerState was interrupted: java.lang.InterruptedException: sleep interrupted
2019-07-14 16:31:47,360 INFO  impl.RoleInfo (RoleInfo.java:updateAndGet(143)) - b3b2927a-f011-459c-a64b-1a14801535e4: start FollowerState
2019-07-14 16:31:47,380 INFO  impl.LeaderElection (LeaderElection.java:logAndReturn(56)) - 785ebdca-8c52-4b51-9caf-dc0865fb3cf8:group-AC78B3083372:LeaderElection58: Election PASSED; received 1 response(s) [785ebdca-8c52-4b51-9caf-dc0865fb3cf8<-38d3b87c-51dd-47c3-bfd5-9b9e6717869a#0:OK-t1] and 0 exception(s); 785ebdca-8c52-4b51-9caf-dc0865fb3cf8:t1, leader=null, voted=785ebdca-8c52-4b51-9caf-dc0865fb3cf8, raftlog=785ebdca-8c52-4b51-9caf-dc0865fb3cf8-SegmentedRaftLog:OPENED:c-1,f-1,i0, conf=-1: [b3b2927a-f011-459c-a64b-1a14801535e4:192.168.69.77:37069, 38d3b87c-51dd-47c3-bfd5-9b9e6717869a:192.168.69.77:44865, 785ebdca-8c52-4b51-9caf-dc0865fb3cf8:192.168.69.77:44512], old=null
2019-07-14 16:31:47,380 INFO  impl.RoleInfo (RoleInfo.java:shutdownLeaderElection(134)) - 785ebdca-8c52-4b51-9caf-dc0865fb3cf8: shutdown LeaderElection
2019-07-14 16:31:47,381 INFO  impl.RaftServerImpl (RaftServerImpl.java:setRole(171)) - 785ebdca-8c52-4b51-9caf-dc0865fb3cf8:group-AC78B3083372 changes role from CANDIDATE to LEADER at term 1 for changeToLeader
2019-07-14 16:31:47,381 INFO  impl.RaftServerImpl (ServerState.java:setLeader(263)) - 785ebdca-8c52-4b51-9caf-dc0865fb3cf8:group-AC78B3083372 change Leader from null to 785ebdca-8c52-4b51-9caf-dc0865fb3cf8 at term 1 for becomeLeader, leader elected after 5126ms
2019-07-14 16:31:47,381 INFO  server.RaftServerConfigKeys (ConfUtils.java:logGet(43)) - raft.server.staging.catchup.gap = 1000 (default)
2019-07-14 16:31:47,381 INFO  server.RaftServerConfigKeys (ConfUtils.java:logGet(43)) - raft.server.rpc.sleep.time = 25ms (default)
2019-07-14 16:31:47,381 INFO  server.RaftServerConfigKeys (ConfUtils.java:logGet(43)) - raft.server.write.element-limit = 4096 (default)
2019-07-14 16:31:47,381 INFO  server.RaftServerConfigKeys (ConfUtils.java:logGet(43)) - raft.server.watch.timeout = 10s (default)
2019-07-14 16:31:47,382 INFO  server.RaftServerConfigKeys (ConfUtils.java:logGet(43)) - raft.server.watch.timeout.denomination = 1s (default)
2019-07-14 16:31:47,382 INFO  server.RaftServerConfigKeys (ConfUtils.java:logGet(43)) - raft.server.watch.element-limit = 65536 (default)
2019-07-14 16:31:47,382 INFO  server.RaftServerConfigKeys (ConfUtils.java:logGet(43)) - raft.server.log.appender.snapshot.chunk.size.max = 16MB (=16777216) (default)
2019-07-14 16:31:47,382 INFO  server.RaftServerConfigKeys (ConfUtils.java:logGet(43)) - raft.server.log.appender.buffer.byte-limit = 33554432 (custom)
2019-07-14 16:31:47,382 INFO  server.RaftServerConfigKeys (ConfUtils.java:logGet(43)) - raft.server.log.appender.buffer.element-limit = 1 (custom)
2019-07-14 16:31:47,383 INFO  grpc.GrpcConfigKeys$Server (ConfUtils.java:logGet(43)) - raft.grpc.server.leader.outstanding.appends.max = 128 (default)
2019-07-14 16:31:47,383 INFO  server.RaftServerConfigKeys (ConfUtils.java:logGet(43)) - raft.server.rpc.request.timeout = 3000ms (default)
2019-07-14 16:31:47,383 INFO  server.RaftServerConfigKeys (ConfUtils.java:logGet(43)) - raft.server.log.appender.install.snapshot.enabled = false (custom)
2019-07-14 16:31:47,383 INFO  server.RaftServerConfigKeys (ConfUtils.java:logGet(43)) - raft.server.log.appender.snapshot.chunk.size.max = 16MB (=16777216) (default)
2019-07-14 16:31:47,383 INFO  server.RaftServerConfigKeys (ConfUtils.java:logGet(43)) - raft.server.log.appender.buffer.byte-limit = 33554432 (custom)
2019-07-14 16:31:47,384 INFO  server.RaftServerConfigKeys (ConfUtils.java:logGet(43)) - raft.server.log.appender.buffer.element-limit = 1 (custom)
2019-07-14 16:31:47,384 INFO  grpc.GrpcConfigKeys$Server (ConfUtils.java:logGet(43)) - raft.grpc.server.leader.outstanding.appends.max = 128 (default)
2019-07-14 16:31:47,384 INFO  server.RaftServerConfigKeys (ConfUtils.java:logGet(43)) - raft.server.rpc.request.timeout = 3000ms (default)
2019-07-14 16:31:47,384 INFO  server.RaftServerConfigKeys (ConfUtils.java:logGet(43)) - raft.server.log.appender.install.snapshot.enabled = false (custom)
2019-07-14 16:31:47,384 INFO  impl.RoleInfo (RoleInfo.java:updateAndGet(143)) - 785ebdca-8c52-4b51-9caf-dc0865fb3cf8: start LeaderState
2019-07-14 16:31:47,385 INFO  segmented.SegmentedRaftLogWorker (SegmentedRaftLogWorker.java:startLogSegment(380)) - 785ebdca-8c52-4b51-9caf-dc0865fb3cf8-SegmentedRaftLogWorker:Storage Directory /workdir/hadoop-ozone/integration-test/target/test-dir/MiniOzoneClusterImpl-58c8e1a0-14c9-42bb-9613-da5ce92a45b6/datanode-2/data/ratis/25047cb2-2034-4452-98de-ac78b3083372: Starting segment from index:0
2019-07-14 16:31:47,386 INFO  impl.RaftServerImpl (ServerState.java:setRaftConf(361)) - 785ebdca-8c52-4b51-9caf-dc0865fb3cf8:group-AC78B3083372 set configuration 0: [b3b2927a-f011-459c-a64b-1a14801535e4:192.168.69.77:37069, 38d3b87c-51dd-47c3-bfd5-9b9e6717869a:192.168.69.77:44865, 785ebdca-8c52-4b51-9caf-dc0865fb3cf8:192.168.69.77:44512], old=null at 0
2019-07-14 16:31:47,388 INFO  impl.RaftServerImpl (ServerState.java:setLeader(263)) - b3b2927a-f011-459c-a64b-1a14801535e4:group-AC78B3083372 change Leader from null to 785ebdca-8c52-4b51-9caf-dc0865fb3cf8 at term 1 for appendEntries, leader elected after 5134ms
2019-07-14 16:31:47,388 INFO  impl.RaftServerImpl (ServerState.java:setLeader(263)) - 38d3b87c-51dd-47c3-bfd5-9b9e6717869a:group-AC78B3083372 change Leader from null to 785ebdca-8c52-4b51-9caf-dc0865fb3cf8 at term 1 for appendEntries, leader elected after 5134ms
2019-07-14 16:31:47,424 INFO  impl.RaftServerImpl (ServerState.java:setRaftConf(361)) - 38d3b87c-51dd-47c3-bfd5-9b9e6717869a:group-AC78B3083372 set configuration 0: [b3b2927a-f011-459c-a64b-1a14801535e4:192.168.69.77:37069, 38d3b87c-51dd-47c3-bfd5-9b9e6717869a:192.168.69.77:44865, 785ebdca-8c52-4b51-9caf-dc0865fb3cf8:192.168.69.77:44512], old=null at 0
2019-07-14 16:31:47,424 INFO  impl.RaftServerImpl (ServerState.java:setRaftConf(361)) - b3b2927a-f011-459c-a64b-1a14801535e4:group-AC78B3083372 set configuration 0: [b3b2927a-f011-459c-a64b-1a14801535e4:192.168.69.77:37069, 38d3b87c-51dd-47c3-bfd5-9b9e6717869a:192.168.69.77:44865, 785ebdca-8c52-4b51-9caf-dc0865fb3cf8:192.168.69.77:44512], old=null at 0
2019-07-14 16:31:47,424 INFO  segmented.SegmentedRaftLogWorker (SegmentedRaftLogWorker.java:startLogSegment(380)) - 38d3b87c-51dd-47c3-bfd5-9b9e6717869a-SegmentedRaftLogWorker:Storage Directory /workdir/hadoop-ozone/integration-test/target/test-dir/MiniOzoneClusterImpl-58c8e1a0-14c9-42bb-9613-da5ce92a45b6/datanode-1/data/ratis/25047cb2-2034-4452-98de-ac78b3083372: Starting segment from index:0
2019-07-14 16:31:47,424 INFO  segmented.SegmentedRaftLogWorker (SegmentedRaftLogWorker.java:startLogSegment(380)) - b3b2927a-f011-459c-a64b-1a14801535e4-SegmentedRaftLogWorker:Storage Directory /workdir/hadoop-ozone/integration-test/target/test-dir/MiniOzoneClusterImpl-58c8e1a0-14c9-42bb-9613-da5ce92a45b6/datanode-0/data/ratis/25047cb2-2034-4452-98de-ac78b3083372: Starting segment from index:0
2019-07-14 16:31:47,429 INFO  segmented.SegmentedRaftLogWorker (SegmentedRaftLogWorker.java:execute(569)) - 785ebdca-8c52-4b51-9caf-dc0865fb3cf8-SegmentedRaftLogWorker:Storage Directory /workdir/hadoop-ozone/integration-test/target/test-dir/MiniOzoneClusterImpl-58c8e1a0-14c9-42bb-9613-da5ce92a45b6/datanode-2/data/ratis/25047cb2-2034-4452-98de-ac78b3083372: created new log segment /workdir/hadoop-ozone/integration-test/target/test-dir/MiniOzoneClusterImpl-58c8e1a0-14c9-42bb-9613-da5ce92a45b6/datanode-2/data/ratis/25047cb2-2034-4452-98de-ac78b3083372/current/log_inprogress_0
2019-07-14 16:31:47,456 INFO  segmented.SegmentedRaftLogWorker (SegmentedRaftLogWorker.java:execute(569)) - b3b2927a-f011-459c-a64b-1a14801535e4-SegmentedRaftLogWorker:Storage Directory /workdir/hadoop-ozone/integration-test/target/test-dir/MiniOzoneClusterImpl-58c8e1a0-14c9-42bb-9613-da5ce92a45b6/datanode-0/data/ratis/25047cb2-2034-4452-98de-ac78b3083372: created new log segment /workdir/hadoop-ozone/integration-test/target/test-dir/MiniOzoneClusterImpl-58c8e1a0-14c9-42bb-9613-da5ce92a45b6/datanode-0/data/ratis/25047cb2-2034-4452-98de-ac78b3083372/current/log_inprogress_0
2019-07-14 16:31:47,456 INFO  segmented.SegmentedRaftLogWorker (SegmentedRaftLogWorker.java:execute(569)) - 38d3b87c-51dd-47c3-bfd5-9b9e6717869a-SegmentedRaftLogWorker:Storage Directory /workdir/hadoop-ozone/integration-test/target/test-dir/MiniOzoneClusterImpl-58c8e1a0-14c9-42bb-9613-da5ce92a45b6/datanode-1/data/ratis/25047cb2-2034-4452-98de-ac78b3083372: created new log segment /workdir/hadoop-ozone/integration-test/target/test-dir/MiniOzoneClusterImpl-58c8e1a0-14c9-42bb-9613-da5ce92a45b6/datanode-1/data/ratis/25047cb2-2034-4452-98de-ac78b3083372/current/log_inprogress_0
2019-07-14 16:31:47,559 INFO  impl.FollowerState (FollowerState.java:run(106)) - 661245da-c950-408b-9610-dfa66d238453:group-8C1EC49200CD changes to CANDIDATE, lastRpcTime:5194, electionTimeout:5194ms
2019-07-14 16:31:47,559 INFO  impl.RoleInfo (RoleInfo.java:shutdownFollowerState(121)) - 661245da-c950-408b-9610-dfa66d238453: shutdown FollowerState
2019-07-14 16:31:47,559 INFO  impl.RaftServerImpl (RaftServerImpl.java:setRole(171)) - 661245da-c950-408b-9610-dfa66d238453:group-8C1EC49200CD changes role from FOLLOWER to CANDIDATE at term 0 for changeToCandidate
2019-07-14 16:31:47,559 INFO  impl.RoleInfo (RoleInfo.java:updateAndGet(143)) - 661245da-c950-408b-9610-dfa66d238453: start LeaderElection
2019-07-14 16:31:47,582 INFO  impl.LeaderElection (LeaderElection.java:askForVotes(181)) - 661245da-c950-408b-9610-dfa66d238453:group-8C1EC49200CD:LeaderElection59: begin an election at term 1 for -1: [661245da-c950-408b-9610-dfa66d238453:192.168.69.77:34218], old=null
2019-07-14 16:31:47,583 INFO  impl.RoleInfo (RoleInfo.java:shutdownLeaderElection(134)) - 661245da-c950-408b-9610-dfa66d238453: shutdown LeaderElection
2019-07-14 16:31:47,583 INFO  impl.RaftServerImpl (RaftServerImpl.java:setRole(171)) - 661245da-c950-408b-9610-dfa66d238453:group-8C1EC49200CD changes role from CANDIDATE to LEADER at term 1 for changeToLeader
2019-07-14 16:31:47,583 INFO  impl.RaftServerImpl (ServerState.java:setLeader(263)) - 661245da-c950-408b-9610-dfa66d238453:group-8C1EC49200CD change Leader from null to 661245da-c950-408b-9610-dfa66d238453 at term 1 for becomeLeader, leader elected after 5223ms
2019-07-14 16:31:47,585 INFO  server.RaftServerConfigKeys (ConfUtils.java:logGet(43)) - raft.server.staging.catchup.gap = 1000 (default)
2019-07-14 16:31:47,586 INFO  server.RaftServerConfigKeys (ConfUtils.java:logGet(43)) - raft.server.rpc.sleep.time = 25ms (default)
2019-07-14 16:31:47,586 INFO  server.RaftServerConfigKeys (ConfUtils.java:logGet(43)) - raft.server.write.element-limit = 4096 (default)
2019-07-14 16:31:47,586 INFO  server.RaftServerConfigKeys (ConfUtils.java:logGet(43)) - raft.server.watch.timeout = 10s (default)
2019-07-14 16:31:47,586 INFO  server.RaftServerConfigKeys (ConfUtils.java:logGet(43)) - raft.server.watch.timeout.denomination = 1s (default)
2019-07-14 16:31:47,586 INFO  server.RaftServerConfigKeys (ConfUtils.java:logGet(43)) - raft.server.watch.element-limit = 65536 (default)
2019-07-14 16:31:47,587 INFO  impl.RoleInfo (RoleInfo.java:updateAndGet(143)) - 661245da-c950-408b-9610-dfa66d238453: start LeaderState
2019-07-14 16:31:47,587 INFO  segmented.SegmentedRaftLogWorker (SegmentedRaftLogWorker.java:startLogSegment(380)) - 661245da-c950-408b-9610-dfa66d238453-SegmentedRaftLogWorker:Storage Directory /workdir/hadoop-ozone/integration-test/target/test-dir/MiniOzoneClusterImpl-58c8e1a0-14c9-42bb-9613-da5ce92a45b6/datanode-3/data/ratis/40c08936-51ef-4729-bfab-8c1ec49200cd: Starting segment from index:0
2019-07-14 16:31:47,587 INFO  impl.RaftServerImpl (ServerState.java:setRaftConf(361)) - 661245da-c950-408b-9610-dfa66d238453:group-8C1EC49200CD set configuration 0: [661245da-c950-408b-9610-dfa66d238453:192.168.69.77:34218], old=null at 0
2019-07-14 16:31:47,612 INFO  impl.FollowerState (FollowerState.java:run(106)) - fd317595-8ec7-4bd4-95fd-3dc43907ee42:group-A2BD4E6F44AF changes to CANDIDATE, lastRpcTime:5071, electionTimeout:5071ms
2019-07-14 16:31:47,612 INFO  impl.RoleInfo (RoleInfo.java:shutdownFollowerState(121)) - fd317595-8ec7-4bd4-95fd-3dc43907ee42: shutdown FollowerState
2019-07-14 16:31:47,612 INFO  impl.RaftServerImpl (RaftServerImpl.java:setRole(171)) - fd317595-8ec7-4bd4-95fd-3dc43907ee42:group-A2BD4E6F44AF changes role from FOLLOWER to CANDIDATE at term 0 for changeToCandidate
2019-07-14 16:31:47,612 INFO  impl.RoleInfo (RoleInfo.java:updateAndGet(143)) - fd317595-8ec7-4bd4-95fd-3dc43907ee42: start LeaderElection
2019-07-14 16:31:47,619 INFO  segmented.SegmentedRaftLogWorker (SegmentedRaftLogWorker.java:execute(569)) - 661245da-c950-408b-9610-dfa66d238453-SegmentedRaftLogWorker:Storage Directory /workdir/hadoop-ozone/integration-test/target/test-dir/MiniOzoneClusterImpl-58c8e1a0-14c9-42bb-9613-da5ce92a45b6/datanode-3/data/ratis/40c08936-51ef-4729-bfab-8c1ec49200cd: created new log segment /workdir/hadoop-ozone/integration-test/target/test-dir/MiniOzoneClusterImpl-58c8e1a0-14c9-42bb-9613-da5ce92a45b6/datanode-3/data/ratis/40c08936-51ef-4729-bfab-8c1ec49200cd/current/log_inprogress_0
2019-07-14 16:31:47,635 INFO  impl.LeaderElection (LeaderElection.java:askForVotes(181)) - fd317595-8ec7-4bd4-95fd-3dc43907ee42:group-A2BD4E6F44AF:LeaderElection60: begin an election at term 1 for -1: [fd317595-8ec7-4bd4-95fd-3dc43907ee42:192.168.69.77:33991], old=null
2019-07-14 16:31:47,635 INFO  impl.RoleInfo (RoleInfo.java:shutdownLeaderElection(134)) - fd317595-8ec7-4bd4-95fd-3dc43907ee42: shutdown LeaderElection
2019-07-14 16:31:47,635 INFO  impl.RaftServerImpl (RaftServerImpl.java:setRole(171)) - fd317595-8ec7-4bd4-95fd-3dc43907ee42:group-A2BD4E6F44AF changes role from CANDIDATE to LEADER at term 1 for changeToLeader
2019-07-14 16:31:47,635 INFO  impl.RaftServerImpl (ServerState.java:setLeader(263)) - fd317595-8ec7-4bd4-95fd-3dc43907ee42:group-A2BD4E6F44AF change Leader from null to fd317595-8ec7-4bd4-95fd-3dc43907ee42 at term 1 for becomeLeader, leader elected after 5099ms
2019-07-14 16:31:47,638 INFO  server.RaftServerConfigKeys (ConfUtils.java:logGet(43)) - raft.server.staging.catchup.gap = 1000 (default)
2019-07-14 16:31:47,638 INFO  server.RaftServerConfigKeys (ConfUtils.java:logGet(43)) - raft.server.rpc.sleep.time = 25ms (default)
2019-07-14 16:31:47,638 INFO  server.RaftServerConfigKeys (ConfUtils.java:logGet(43)) - raft.server.write.element-limit = 4096 (default)
2019-07-14 16:31:47,638 INFO  server.RaftServerConfigKeys (ConfUtils.java:logGet(43)) - raft.server.watch.timeout = 10s (default)
2019-07-14 16:31:47,638 INFO  server.RaftServerConfigKeys (ConfUtils.java:logGet(43)) - raft.server.watch.timeout.denomination = 1s (default)
2019-07-14 16:31:47,638 INFO  server.RaftServerConfigKeys (ConfUtils.java:logGet(43)) - raft.server.watch.element-limit = 65536 (default)
2019-07-14 16:31:47,639 INFO  impl.RoleInfo (RoleInfo.java:updateAndGet(143)) - fd317595-8ec7-4bd4-95fd-3dc43907ee42: start LeaderState
2019-07-14 16:31:47,639 INFO  segmented.SegmentedRaftLogWorker (SegmentedRaftLogWorker.java:startLogSegment(380)) - fd317595-8ec7-4bd4-95fd-3dc43907ee42-SegmentedRaftLogWorker:Storage Directory /workdir/hadoop-ozone/integration-test/target/test-dir/MiniOzoneClusterImpl-58c8e1a0-14c9-42bb-9613-da5ce92a45b6/datanode-4/data/ratis/ff5010e2-9793-4d21-a450-a2bd4e6f44af: Starting segment from index:0
2019-07-14 16:31:47,640 INFO  impl.RaftServerImpl (ServerState.java:setRaftConf(361)) - fd317595-8ec7-4bd4-95fd-3dc43907ee42:group-A2BD4E6F44AF set configuration 0: [fd317595-8ec7-4bd4-95fd-3dc43907ee42:192.168.69.77:33991], old=null at 0
2019-07-14 16:31:47,671 INFO  segmented.SegmentedRaftLogWorker (SegmentedRaftLogWorker.java:execute(569)) - fd317595-8ec7-4bd4-95fd-3dc43907ee42-SegmentedRaftLogWorker:Storage Directory /workdir/hadoop-ozone/integration-test/target/test-dir/MiniOzoneClusterImpl-58c8e1a0-14c9-42bb-9613-da5ce92a45b6/datanode-4/data/ratis/ff5010e2-9793-4d21-a450-a2bd4e6f44af: created new log segment /workdir/hadoop-ozone/integration-test/target/test-dir/MiniOzoneClusterImpl-58c8e1a0-14c9-42bb-9613-da5ce92a45b6/datanode-4/data/ratis/ff5010e2-9793-4d21-a450-a2bd4e6f44af/current/log_inprogress_0
2019-07-14 16:31:47,804 INFO  impl.FollowerState (FollowerState.java:run(106)) - c7d855e2-543e-4994-92d1-7ede353827b9:group-307019E61712 changes to CANDIDATE, lastRpcTime:5063, electionTimeout:5063ms
2019-07-14 16:31:47,804 INFO  impl.RoleInfo (RoleInfo.java:shutdownFollowerState(121)) - c7d855e2-543e-4994-92d1-7ede353827b9: shutdown FollowerState
2019-07-14 16:31:47,805 INFO  impl.RaftServerImpl (RaftServerImpl.java:setRole(171)) - c7d855e2-543e-4994-92d1-7ede353827b9:group-307019E61712 changes role from FOLLOWER to CANDIDATE at term 0 for changeToCandidate
2019-07-14 16:31:47,805 INFO  impl.RoleInfo (RoleInfo.java:updateAndGet(143)) - c7d855e2-543e-4994-92d1-7ede353827b9: start LeaderElection
2019-07-14 16:31:47,833 INFO  impl.LeaderElection (LeaderElection.java:askForVotes(181)) - c7d855e2-543e-4994-92d1-7ede353827b9:group-307019E61712:LeaderElection61: begin an election at term 1 for -1: [c7d855e2-543e-4994-92d1-7ede353827b9:192.168.69.77:34114], old=null
2019-07-14 16:31:47,834 INFO  impl.RoleInfo (RoleInfo.java:shutdownLeaderElection(134)) - c7d855e2-543e-4994-92d1-7ede353827b9: shutdown LeaderElection
2019-07-14 16:31:47,834 INFO  impl.RaftServerImpl (RaftServerImpl.java:setRole(171)) - c7d855e2-543e-4994-92d1-7ede353827b9:group-307019E61712 changes role from CANDIDATE to LEADER at term 1 for changeToLeader
2019-07-14 16:31:47,834 INFO  impl.RaftServerImpl (ServerState.java:setLeader(263)) - c7d855e2-543e-4994-92d1-7ede353827b9:group-307019E61712 change Leader from null to c7d855e2-543e-4994-92d1-7ede353827b9 at term 1 for becomeLeader, leader elected after 5097ms
2019-07-14 16:31:47,836 INFO  server.RaftServerConfigKeys (ConfUtils.java:logGet(43)) - raft.server.staging.catchup.gap = 1000 (default)
2019-07-14 16:31:47,836 INFO  impl.FollowerState (FollowerState.java:run(106)) - 661245da-c950-408b-9610-dfa66d238453:group-E02664CA1401 changes to CANDIDATE, lastRpcTime:5036, electionTimeout:5035ms
2019-07-14 16:31:47,836 INFO  server.RaftServerConfigKeys (ConfUtils.java:logGet(43)) - raft.server.rpc.sleep.time = 25ms (default)
2019-07-14 16:31:47,836 INFO  impl.RoleInfo (RoleInfo.java:shutdownFollowerState(121)) - 661245da-c950-408b-9610-dfa66d238453: shutdown FollowerState
2019-07-14 16:31:47,836 INFO  server.RaftServerConfigKeys (ConfUtils.java:logGet(43)) - raft.server.write.element-limit = 4096 (default)
2019-07-14 16:31:47,836 INFO  impl.RaftServerImpl (RaftServerImpl.java:setRole(171)) - 661245da-c950-408b-9610-dfa66d238453:group-E02664CA1401 changes role from FOLLOWER to CANDIDATE at term 0 for changeToCandidate
2019-07-14 16:31:47,836 INFO  server.RaftServerConfigKeys (ConfUtils.java:logGet(43)) - raft.server.watch.timeout = 10s (default)
2019-07-14 16:31:47,836 INFO  impl.RoleInfo (RoleInfo.java:updateAndGet(143)) - 661245da-c950-408b-9610-dfa66d238453: start LeaderElection
2019-07-14 16:31:47,837 INFO  server.RaftServerConfigKeys (ConfUtils.java:logGet(43)) - raft.server.watch.timeout.denomination = 1s (default)
2019-07-14 16:31:47,837 INFO  server.RaftServerConfigKeys (ConfUtils.java:logGet(43)) - raft.server.watch.element-limit = 65536 (default)
2019-07-14 16:31:47,841 INFO  impl.RoleInfo (RoleInfo.java:updateAndGet(143)) - c7d855e2-543e-4994-92d1-7ede353827b9: start LeaderState
2019-07-14 16:31:47,841 INFO  segmented.SegmentedRaftLogWorker (SegmentedRaftLogWorker.java:startLogSegment(380)) - c7d855e2-543e-4994-92d1-7ede353827b9-SegmentedRaftLogWorker:Storage Directory /workdir/hadoop-ozone/integration-test/target/test-dir/MiniOzoneClusterImpl-58c8e1a0-14c9-42bb-9613-da5ce92a45b6/datanode-5/data/ratis/cfa84489-2096-4893-88c4-307019e61712: Starting segment from index:0
2019-07-14 16:31:47,842 INFO  impl.RaftServerImpl (ServerState.java:setRaftConf(361)) - c7d855e2-543e-4994-92d1-7ede353827b9:group-307019E61712 set configuration 0: [c7d855e2-543e-4994-92d1-7ede353827b9:192.168.69.77:34114], old=null at 0
2019-07-14 16:31:47,851 INFO  impl.LeaderElection (LeaderElection.java:askForVotes(181)) - 661245da-c950-408b-9610-dfa66d238453:group-E02664CA1401:LeaderElection62: begin an election at term 1 for -1: [661245da-c950-408b-9610-dfa66d238453:192.168.69.77:34218, c7d855e2-543e-4994-92d1-7ede353827b9:192.168.69.77:34114, fd317595-8ec7-4bd4-95fd-3dc43907ee42:192.168.69.77:33991], old=null
2019-07-14 16:31:47,862 INFO  impl.RaftServerImpl (RaftServerImpl.java:setRole(171)) - c7d855e2-543e-4994-92d1-7ede353827b9:group-E02664CA1401 changes role from FOLLOWER to FOLLOWER at term 1 for recognizeCandidate:661245da-c950-408b-9610-dfa66d238453
2019-07-14 16:31:47,862 INFO  impl.RaftServerImpl (RaftServerImpl.java:setRole(171)) - fd317595-8ec7-4bd4-95fd-3dc43907ee42:group-E02664CA1401 changes role from FOLLOWER to FOLLOWER at term 1 for recognizeCandidate:661245da-c950-408b-9610-dfa66d238453
2019-07-14 16:31:47,863 INFO  impl.RoleInfo (RoleInfo.java:shutdownFollowerState(121)) - c7d855e2-543e-4994-92d1-7ede353827b9: shutdown FollowerState
2019-07-14 16:31:47,863 INFO  impl.RoleInfo (RoleInfo.java:shutdownFollowerState(121)) - fd317595-8ec7-4bd4-95fd-3dc43907ee42: shutdown FollowerState
2019-07-14 16:31:47,863 INFO  impl.FollowerState (FollowerState.java:run(114)) - c7d855e2-543e-4994-92d1-7ede353827b9: FollowerState was interrupted: java.lang.InterruptedException: sleep interrupted
2019-07-14 16:31:47,863 INFO  impl.RoleInfo (RoleInfo.java:updateAndGet(143)) - c7d855e2-543e-4994-92d1-7ede353827b9: start FollowerState
2019-07-14 16:31:47,863 INFO  impl.FollowerState (FollowerState.java:run(114)) - fd317595-8ec7-4bd4-95fd-3dc43907ee42: FollowerState was interrupted: java.lang.InterruptedException: sleep interrupted
2019-07-14 16:31:47,863 INFO  impl.RoleInfo (RoleInfo.java:updateAndGet(143)) - fd317595-8ec7-4bd4-95fd-3dc43907ee42: start FollowerState
2019-07-14 16:31:47,875 INFO  segmented.SegmentedRaftLogWorker (SegmentedRaftLogWorker.java:execute(569)) - c7d855e2-543e-4994-92d1-7ede353827b9-SegmentedRaftLogWorker:Storage Directory /workdir/hadoop-ozone/integration-test/target/test-dir/MiniOzoneClusterImpl-58c8e1a0-14c9-42bb-9613-da5ce92a45b6/datanode-5/data/ratis/cfa84489-2096-4893-88c4-307019e61712: created new log segment /workdir/hadoop-ozone/integration-test/target/test-dir/MiniOzoneClusterImpl-58c8e1a0-14c9-42bb-9613-da5ce92a45b6/datanode-5/data/ratis/cfa84489-2096-4893-88c4-307019e61712/current/log_inprogress_0
2019-07-14 16:31:47,876 INFO  impl.LeaderElection (LeaderElection.java:logAndReturn(56)) - 661245da-c950-408b-9610-dfa66d238453:group-E02664CA1401:LeaderElection62: Election PASSED; received 1 response(s) [661245da-c950-408b-9610-dfa66d238453<-c7d855e2-543e-4994-92d1-7ede353827b9#0:OK-t1] and 0 exception(s); 661245da-c950-408b-9610-dfa66d238453:t1, leader=null, voted=661245da-c950-408b-9610-dfa66d238453, raftlog=661245da-c950-408b-9610-dfa66d238453-SegmentedRaftLog:OPENED:c-1,f-1,i0, conf=-1: [661245da-c950-408b-9610-dfa66d238453:192.168.69.77:34218, c7d855e2-543e-4994-92d1-7ede353827b9:192.168.69.77:34114, fd317595-8ec7-4bd4-95fd-3dc43907ee42:192.168.69.77:33991], old=null
2019-07-14 16:31:47,876 INFO  impl.RoleInfo (RoleInfo.java:shutdownLeaderElection(134)) - 661245da-c950-408b-9610-dfa66d238453: shutdown LeaderElection
2019-07-14 16:31:47,877 INFO  impl.RaftServerImpl (RaftServerImpl.java:setRole(171)) - 661245da-c950-408b-9610-dfa66d238453:group-E02664CA1401 changes role from CANDIDATE to LEADER at term 1 for changeToLeader
2019-07-14 16:31:47,877 INFO  impl.RaftServerImpl (ServerState.java:setLeader(263)) - 661245da-c950-408b-9610-dfa66d238453:group-E02664CA1401 change Leader from null to 661245da-c950-408b-9610-dfa66d238453 at term 1 for becomeLeader, leader elected after 5089ms
2019-07-14 16:31:47,877 INFO  server.RaftServerConfigKeys (ConfUtils.java:logGet(43)) - raft.server.staging.catchup.gap = 1000 (default)
2019-07-14 16:31:47,877 INFO  server.RaftServerConfigKeys (ConfUtils.java:logGet(43)) - raft.server.rpc.sleep.time = 25ms (default)
2019-07-14 16:31:47,877 INFO  server.RaftServerConfigKeys (ConfUtils.java:logGet(43)) - raft.server.write.element-limit = 4096 (default)
2019-07-14 16:31:47,877 INFO  server.RaftServerConfigKeys (ConfUtils.java:logGet(43)) - raft.server.watch.timeout = 10s (default)
2019-07-14 16:31:47,877 INFO  server.RaftServerConfigKeys (ConfUtils.java:logGet(43)) - raft.server.watch.timeout.denomination = 1s (default)
2019-07-14 16:31:47,878 INFO  server.RaftServerConfigKeys (ConfUtils.java:logGet(43)) - raft.server.watch.element-limit = 65536 (default)
2019-07-14 16:31:47,878 INFO  server.RaftServerConfigKeys (ConfUtils.java:logGet(43)) - raft.server.log.appender.snapshot.chunk.size.max = 16MB (=16777216) (default)
2019-07-14 16:31:47,878 INFO  server.RaftServerConfigKeys (ConfUtils.java:logGet(43)) - raft.server.log.appender.buffer.byte-limit = 33554432 (custom)
2019-07-14 16:31:47,878 INFO  server.RaftServerConfigKeys (ConfUtils.java:logGet(43)) - raft.server.log.appender.buffer.element-limit = 1 (custom)
2019-07-14 16:31:47,879 INFO  grpc.GrpcConfigKeys$Server (ConfUtils.java:logGet(43)) - raft.grpc.server.leader.outstanding.appends.max = 128 (default)
2019-07-14 16:31:47,879 INFO  server.RaftServerConfigKeys (ConfUtils.java:logGet(43)) - raft.server.rpc.request.timeout = 3000ms (default)
2019-07-14 16:31:47,879 INFO  server.RaftServerConfigKeys (ConfUtils.java:logGet(43)) - raft.server.log.appender.install.snapshot.enabled = false (custom)
2019-07-14 16:31:47,879 INFO  server.RaftServerConfigKeys (ConfUtils.java:logGet(43)) - raft.server.log.appender.snapshot.chunk.size.max = 16MB (=16777216) (default)
2019-07-14 16:31:47,879 INFO  server.RaftServerConfigKeys (ConfUtils.java:logGet(43)) - raft.server.log.appender.buffer.byte-limit = 33554432 (custom)
2019-07-14 16:31:47,879 INFO  server.RaftServerConfigKeys (ConfUtils.java:logGet(43)) - raft.server.log.appender.buffer.element-limit = 1 (custom)
2019-07-14 16:31:47,880 INFO  grpc.GrpcConfigKeys$Server (ConfUtils.java:logGet(43)) - raft.grpc.server.leader.outstanding.appends.max = 128 (default)
2019-07-14 16:31:47,880 INFO  server.RaftServerConfigKeys (ConfUtils.java:logGet(43)) - raft.server.rpc.request.timeout = 3000ms (default)
2019-07-14 16:31:47,880 INFO  server.RaftServerConfigKeys (ConfUtils.java:logGet(43)) - raft.server.log.appender.install.snapshot.enabled = false (custom)
2019-07-14 16:31:47,880 INFO  impl.RoleInfo (RoleInfo.java:updateAndGet(143)) - 661245da-c950-408b-9610-dfa66d238453: start LeaderState
2019-07-14 16:31:47,880 INFO  segmented.SegmentedRaftLogWorker (SegmentedRaftLogWorker.java:startLogSegment(380)) - 661245da-c950-408b-9610-dfa66d238453-SegmentedRaftLogWorker:Storage Directory /workdir/hadoop-ozone/integration-test/target/test-dir/MiniOzoneClusterImpl-58c8e1a0-14c9-42bb-9613-da5ce92a45b6/datanode-3/data/ratis/efdd1a9d-2791-4df3-8f1f-e02664ca1401: Starting segment from index:0
2019-07-14 16:31:47,881 INFO  impl.RaftServerImpl (ServerState.java:setRaftConf(361)) - 661245da-c950-408b-9610-dfa66d238453:group-E02664CA1401 set configuration 0: [661245da-c950-408b-9610-dfa66d238453:192.168.69.77:34218, c7d855e2-543e-4994-92d1-7ede353827b9:192.168.69.77:34114, fd317595-8ec7-4bd4-95fd-3dc43907ee42:192.168.69.77:33991], old=null at 0
2019-07-14 16:31:47,901 INFO  impl.RaftServerImpl (ServerState.java:setLeader(263)) - c7d855e2-543e-4994-92d1-7ede353827b9:group-E02664CA1401 change Leader from null to 661245da-c950-408b-9610-dfa66d238453 at term 1 for appendEntries, leader elected after 5112ms
2019-07-14 16:31:47,903 INFO  impl.RaftServerImpl (ServerState.java:setLeader(263)) - fd317595-8ec7-4bd4-95fd-3dc43907ee42:group-E02664CA1401 change Leader from null to 661245da-c950-408b-9610-dfa66d238453 at term 1 for appendEntries, leader elected after 5115ms
2019-07-14 16:31:47,905 INFO  impl.RaftServerImpl (ServerState.java:setRaftConf(361)) - c7d855e2-543e-4994-92d1-7ede353827b9:group-E02664CA1401 set configuration 0: [661245da-c950-408b-9610-dfa66d238453:192.168.69.77:34218, c7d855e2-543e-4994-92d1-7ede353827b9:192.168.69.77:34114, fd317595-8ec7-4bd4-95fd-3dc43907ee42:192.168.69.77:33991], old=null at 0
2019-07-14 16:31:47,905 INFO  segmented.SegmentedRaftLogWorker (SegmentedRaftLogWorker.java:startLogSegment(380)) - c7d855e2-543e-4994-92d1-7ede353827b9-SegmentedRaftLogWorker:Storage Directory /workdir/hadoop-ozone/integration-test/target/test-dir/MiniOzoneClusterImpl-58c8e1a0-14c9-42bb-9613-da5ce92a45b6/datanode-5/data/ratis/efdd1a9d-2791-4df3-8f1f-e02664ca1401: Starting segment from index:0
2019-07-14 16:31:47,905 INFO  impl.RaftServerImpl (ServerState.java:setRaftConf(361)) - fd317595-8ec7-4bd4-95fd-3dc43907ee42:group-E02664CA1401 set configuration 0: [661245da-c950-408b-9610-dfa66d238453:192.168.69.77:34218, c7d855e2-543e-4994-92d1-7ede353827b9:192.168.69.77:34114, fd317595-8ec7-4bd4-95fd-3dc43907ee42:192.168.69.77:33991], old=null at 0
2019-07-14 16:31:47,905 INFO  segmented.SegmentedRaftLogWorker (SegmentedRaftLogWorker.java:startLogSegment(380)) - fd317595-8ec7-4bd4-95fd-3dc43907ee42-SegmentedRaftLogWorker:Storage Directory /workdir/hadoop-ozone/integration-test/target/test-dir/MiniOzoneClusterImpl-58c8e1a0-14c9-42bb-9613-da5ce92a45b6/datanode-4/data/ratis/efdd1a9d-2791-4df3-8f1f-e02664ca1401: Starting segment from index:0
2019-07-14 16:31:47,914 INFO  segmented.SegmentedRaftLogWorker (SegmentedRaftLogWorker.java:execute(569)) - 661245da-c950-408b-9610-dfa66d238453-SegmentedRaftLogWorker:Storage Directory /workdir/hadoop-ozone/integration-test/target/test-dir/MiniOzoneClusterImpl-58c8e1a0-14c9-42bb-9613-da5ce92a45b6/datanode-3/data/ratis/efdd1a9d-2791-4df3-8f1f-e02664ca1401: created new log segment /workdir/hadoop-ozone/integration-test/target/test-dir/MiniOzoneClusterImpl-58c8e1a0-14c9-42bb-9613-da5ce92a45b6/datanode-3/data/ratis/efdd1a9d-2791-4df3-8f1f-e02664ca1401/current/log_inprogress_0
2019-07-14 16:31:47,927 INFO  segmented.SegmentedRaftLogWorker (SegmentedRaftLogWorker.java:execute(569)) - c7d855e2-543e-4994-92d1-7ede353827b9-SegmentedRaftLogWorker:Storage Directory /workdir/hadoop-ozone/integration-test/target/test-dir/MiniOzoneClusterImpl-58c8e1a0-14c9-42bb-9613-da5ce92a45b6/datanode-5/data/ratis/efdd1a9d-2791-4df3-8f1f-e02664ca1401: created new log segment /workdir/hadoop-ozone/integration-test/target/test-dir/MiniOzoneClusterImpl-58c8e1a0-14c9-42bb-9613-da5ce92a45b6/datanode-5/data/ratis/efdd1a9d-2791-4df3-8f1f-e02664ca1401/current/log_inprogress_0
2019-07-14 16:31:47,927 INFO  segmented.SegmentedRaftLogWorker (SegmentedRaftLogWorker.java:execute(569)) - fd317595-8ec7-4bd4-95fd-3dc43907ee42-SegmentedRaftLogWorker:Storage Directory /workdir/hadoop-ozone/integration-test/target/test-dir/MiniOzoneClusterImpl-58c8e1a0-14c9-42bb-9613-da5ce92a45b6/datanode-4/data/ratis/efdd1a9d-2791-4df3-8f1f-e02664ca1401: created new log segment /workdir/hadoop-ozone/integration-test/target/test-dir/MiniOzoneClusterImpl-58c8e1a0-14c9-42bb-9613-da5ce92a45b6/datanode-4/data/ratis/efdd1a9d-2791-4df3-8f1f-e02664ca1401/current/log_inprogress_0
2019-07-14 16:31:48,199 INFO  impl.FollowerState (FollowerState.java:run(106)) - d905fea8-cc0f-49ad-be6b-3657fb5a4f09:group-3398D6BBBDBD changes to CANDIDATE, lastRpcTime:5184, electionTimeout:5184ms
2019-07-14 16:31:48,200 INFO  impl.RoleInfo (RoleInfo.java:shutdownFollowerState(121)) - d905fea8-cc0f-49ad-be6b-3657fb5a4f09: shutdown FollowerState
2019-07-14 16:31:48,200 INFO  impl.RaftServerImpl (RaftServerImpl.java:setRole(171)) - d905fea8-cc0f-49ad-be6b-3657fb5a4f09:group-3398D6BBBDBD changes role from FOLLOWER to CANDIDATE at term 0 for changeToCandidate
2019-07-14 16:31:48,200 INFO  impl.RoleInfo (RoleInfo.java:updateAndGet(143)) - d905fea8-cc0f-49ad-be6b-3657fb5a4f09: start LeaderElection
2019-07-14 16:31:48,219 INFO  impl.LeaderElection (LeaderElection.java:askForVotes(181)) - d905fea8-cc0f-49ad-be6b-3657fb5a4f09:group-3398D6BBBDBD:LeaderElection63: begin an election at term 1 for -1: [d905fea8-cc0f-49ad-be6b-3657fb5a4f09:192.168.69.77:42534], old=null
2019-07-14 16:31:48,219 INFO  impl.RoleInfo (RoleInfo.java:shutdownLeaderElection(134)) - d905fea8-cc0f-49ad-be6b-3657fb5a4f09: shutdown LeaderElection
2019-07-14 16:31:48,219 INFO  impl.RaftServerImpl (RaftServerImpl.java:setRole(171)) - d905fea8-cc0f-49ad-be6b-3657fb5a4f09:group-3398D6BBBDBD changes role from CANDIDATE to LEADER at term 1 for changeToLeader
2019-07-14 16:31:48,219 INFO  impl.RaftServerImpl (ServerState.java:setLeader(263)) - d905fea8-cc0f-49ad-be6b-3657fb5a4f09:group-3398D6BBBDBD change Leader from null to d905fea8-cc0f-49ad-be6b-3657fb5a4f09 at term 1 for becomeLeader, leader elected after 5210ms
2019-07-14 16:31:48,221 INFO  server.RaftServerConfigKeys (ConfUtils.java:logGet(43)) - raft.server.staging.catchup.gap = 1000 (default)
2019-07-14 16:31:48,221 INFO  server.RaftServerConfigKeys (ConfUtils.java:logGet(43)) - raft.server.rpc.sleep.time = 25ms (default)
2019-07-14 16:31:48,221 INFO  server.RaftServerConfigKeys (ConfUtils.java:logGet(43)) - raft.server.write.element-limit = 4096 (default)
2019-07-14 16:31:48,221 INFO  server.RaftServerConfigKeys (ConfUtils.java:logGet(43)) - raft.server.watch.timeout = 10s (default)
2019-07-14 16:31:48,222 INFO  server.RaftServerConfigKeys (ConfUtils.java:logGet(43)) - raft.server.watch.timeout.denomination = 1s (default)
2019-07-14 16:31:48,222 INFO  server.RaftServerConfigKeys (ConfUtils.java:logGet(43)) - raft.server.watch.element-limit = 65536 (default)
2019-07-14 16:31:48,222 INFO  impl.RoleInfo (RoleInfo.java:updateAndGet(143)) - d905fea8-cc0f-49ad-be6b-3657fb5a4f09: start LeaderState
2019-07-14 16:31:48,222 INFO  segmented.SegmentedRaftLogWorker (SegmentedRaftLogWorker.java:startLogSegment(380)) - d905fea8-cc0f-49ad-be6b-3657fb5a4f09-SegmentedRaftLogWorker:Storage Directory /workdir/hadoop-ozone/integration-test/target/test-dir/MiniOzoneClusterImpl-58c8e1a0-14c9-42bb-9613-da5ce92a45b6/datanode-6/data/ratis/517bd2a1-fad0-4be9-af69-3398d6bbbdbd: Starting segment from index:0
2019-07-14 16:31:48,223 INFO  impl.RaftServerImpl (ServerState.java:setRaftConf(361)) - d905fea8-cc0f-49ad-be6b-3657fb5a4f09:group-3398D6BBBDBD set configuration 0: [d905fea8-cc0f-49ad-be6b-3657fb5a4f09:192.168.69.77:42534], old=null at 0
2019-07-14 16:31:48,244 INFO  segmented.SegmentedRaftLogWorker (SegmentedRaftLogWorker.java:execute(569)) - d905fea8-cc0f-49ad-be6b-3657fb5a4f09-SegmentedRaftLogWorker:Storage Directory /workdir/hadoop-ozone/integration-test/target/test-dir/MiniOzoneClusterImpl-58c8e1a0-14c9-42bb-9613-da5ce92a45b6/datanode-6/data/ratis/517bd2a1-fad0-4be9-af69-3398d6bbbdbd: created new log segment /workdir/hadoop-ozone/integration-test/target/test-dir/MiniOzoneClusterImpl-58c8e1a0-14c9-42bb-9613-da5ce92a45b6/datanode-6/data/ratis/517bd2a1-fad0-4be9-af69-3398d6bbbdbd/current/log_inprogress_0
2019-07-14 16:31:49,167 INFO  client.GrpcClientProtocolClient (GrpcClientProtocolClient.java:onNext(255)) - client-B62D9447C027->785ebdca-8c52-4b51-9caf-dc0865fb3cf8: receive RaftClientReply:client-B62D9447C027->785ebdca-8c52-4b51-9caf-dc0865fb3cf8@group-7FCDE713AB42, cid=148, SUCCESS, logIndex=1, commits[785ebdca-8c52-4b51-9caf-dc0865fb3cf8:c1]
2019-07-14 16:31:49,187 INFO  client.GrpcClientProtocolClient (GrpcClientProtocolClient.java:onNext(255)) - client-B62D9447C027->785ebdca-8c52-4b51-9caf-dc0865fb3cf8: receive RaftClientReply:client-B62D9447C027->785ebdca-8c52-4b51-9caf-dc0865fb3cf8@group-7FCDE713AB42, cid=149, SUCCESS, logIndex=3, commits[785ebdca-8c52-4b51-9caf-dc0865fb3cf8:c3]
2019-07-14 16:31:49,238 INFO  client.GrpcClientProtocolClient (GrpcClientProtocolClient.java:onNext(255)) - client-B62D9447C027->785ebdca-8c52-4b51-9caf-dc0865fb3cf8: receive RaftClientReply:client-B62D9447C027->785ebdca-8c52-4b51-9caf-dc0865fb3cf8@group-7FCDE713AB42, cid=150, SUCCESS, logIndex=4, commits[785ebdca-8c52-4b51-9caf-dc0865fb3cf8:c9]
2019-07-14 16:31:49,239 INFO  client.GrpcClientProtocolClient (GrpcClientProtocolClient.java:onNext(255)) - client-B62D9447C027->785ebdca-8c52-4b51-9caf-dc0865fb3cf8: receive RaftClientReply:client-B62D9447C027->785ebdca-8c52-4b51-9caf-dc0865fb3cf8@group-7FCDE713AB42, cid=151, SUCCESS, logIndex=5, commits[785ebdca-8c52-4b51-9caf-dc0865fb3cf8:c9]
2019-07-14 16:31:49,239 INFO  client.GrpcClientProtocolClient (GrpcClientProtocolClient.java:onNext(255)) - client-B62D9447C027->785ebdca-8c52-4b51-9caf-dc0865fb3cf8: receive RaftClientReply:client-B62D9447C027->785ebdca-8c52-4b51-9caf-dc0865fb3cf8@group-7FCDE713AB42, cid=152, SUCCESS, logIndex=6, commits[785ebdca-8c52-4b51-9caf-dc0865fb3cf8:c9]
2019-07-14 16:31:49,240 INFO  client.GrpcClientProtocolClient (GrpcClientProtocolClient.java:onNext(255)) - client-B62D9447C027->785ebdca-8c52-4b51-9caf-dc0865fb3cf8: receive RaftClientReply:client-B62D9447C027->785ebdca-8c52-4b51-9caf-dc0865fb3cf8@group-7FCDE713AB42, cid=153, SUCCESS, logIndex=7, commits[785ebdca-8c52-4b51-9caf-dc0865fb3cf8:c9]
2019-07-14 16:31:49,266 INFO  client.GrpcClientProtocolClient (GrpcClientProtocolClient.java:onNext(255)) - client-B62D9447C027->785ebdca-8c52-4b51-9caf-dc0865fb3cf8: receive RaftClientReply:client-B62D9447C027->785ebdca-8c52-4b51-9caf-dc0865fb3cf8@group-7FCDE713AB42, cid=154, SUCCESS, logIndex=10, commits[785ebdca-8c52-4b51-9caf-dc0865fb3cf8:c10]
2019-07-14 16:31:49,267 INFO  client.GrpcClientProtocolClient (GrpcClientProtocolClient.java:onNext(255)) - client-B62D9447C027->785ebdca-8c52-4b51-9caf-dc0865fb3cf8: receive RaftClientReply:client-B62D9447C027->785ebdca-8c52-4b51-9caf-dc0865fb3cf8@group-7FCDE713AB42, cid=155, SUCCESS, logIndex=11, commits[785ebdca-8c52-4b51-9caf-dc0865fb3cf8:c12]
2019-07-14 16:31:49,269 INFO  container.CloseContainerEventHandler (CloseContainerEventHandler.java:onMessage(61)) - Close container Event triggered for container : #1
2019-07-14 16:31:51,206 INFO  interfaces.Container (KeyValueContainer.java:compactDB(356)) - Container 1 is closed with bcsId 11.
16:31:51.286 [grpc-default-executor-0] ERROR DNAudit - user=null | ip=null | op=WRITE_CHUNK {blockData=conID: 1 locID: 102440757036843019 bcsId: 11} | ret=FAILURE
org.apache.hadoop.hdds.scm.container.common.helpers.ContainerNotOpenException: Container 1 in CLOSED state
	at org.apache.hadoop.ozone.container.common.impl.HddsDispatcher.validateContainerCommand(HddsDispatcher.java:408) ~[hadoop-hdds-container-service-0.5.0-SNAPSHOT.jar:?]
	at org.apache.hadoop.ozone.container.common.transport.server.ratis.ContainerStateMachine.startTransaction(ContainerStateMachine.java:271) ~[hadoop-hdds-container-service-0.5.0-SNAPSHOT.jar:?]
	at org.apache.ratis.server.impl.RaftServerImpl.submitClientRequestAsync(RaftServerImpl.java:566) ~[ratis-server-0.4.0-2337318-SNAPSHOT.jar:0.4.0-2337318-SNAPSHOT]
	at org.apache.ratis.server.impl.RaftServerProxy.lambda$submitClientRequestAsync$7(RaftServerProxy.java:333) ~[ratis-server-0.4.0-2337318-SNAPSHOT.jar:0.4.0-2337318-SNAPSHOT]
	at org.apache.ratis.server.impl.RaftServerProxy.lambda$null$5(RaftServerProxy.java:328) ~[ratis-server-0.4.0-2337318-SNAPSHOT.jar:0.4.0-2337318-SNAPSHOT]
	at org.apache.ratis.util.JavaUtils.callAsUnchecked(JavaUtils.java:109) ~[ratis-common-0.4.0-2337318-SNAPSHOT.jar:0.4.0-2337318-SNAPSHOT]
	at org.apache.ratis.server.impl.RaftServerProxy.lambda$submitRequest$6(RaftServerProxy.java:328) ~[ratis-server-0.4.0-2337318-SNAPSHOT.jar:0.4.0-2337318-SNAPSHOT]
	at java.util.concurrent.CompletableFuture.uniComposeStage(CompletableFuture.java:981) ~[?:1.8.0_212]
	at java.util.concurrent.CompletableFuture.thenCompose(CompletableFuture.java:2124) ~[?:1.8.0_212]
	at org.apache.ratis.server.impl.RaftServerProxy.submitRequest(RaftServerProxy.java:327) ~[ratis-server-0.4.0-2337318-SNAPSHOT.jar:0.4.0-2337318-SNAPSHOT]
	at org.apache.ratis.server.impl.RaftServerProxy.submitClientRequestAsync(RaftServerProxy.java:333) ~[ratis-server-0.4.0-2337318-SNAPSHOT.jar:0.4.0-2337318-SNAPSHOT]
	at org.apache.ratis.grpc.client.GrpcClientProtocolService$RequestStreamObserver.processClientRequest(GrpcClientProtocolService.java:220) ~[ratis-grpc-0.4.0-2337318-SNAPSHOT.jar:0.4.0-2337318-SNAPSHOT]
	at org.apache.ratis.grpc.client.GrpcClientProtocolService$OrderedRequestStreamObserver.processClientRequest(GrpcClientProtocolService.java:326) ~[ratis-grpc-0.4.0-2337318-SNAPSHOT.jar:0.4.0-2337318-SNAPSHOT]
	at org.apache.ratis.util.SlidingWindow$Server.processRequestsFromHead(SlidingWindow.java:429) [ratis-common-0.4.0-2337318-SNAPSHOT.jar:0.4.0-2337318-SNAPSHOT]
	at org.apache.ratis.util.SlidingWindow$Server.receivedRequest(SlidingWindow.java:421) [ratis-common-0.4.0-2337318-SNAPSHOT.jar:0.4.0-2337318-SNAPSHOT]
	at org.apache.ratis.grpc.client.GrpcClientProtocolService$OrderedRequestStreamObserver.processClientRequest(GrpcClientProtocolService.java:345) [ratis-grpc-0.4.0-2337318-SNAPSHOT.jar:0.4.0-2337318-SNAPSHOT]
	at org.apache.ratis.grpc.client.GrpcClientProtocolService$RequestStreamObserver.onNext(GrpcClientProtocolService.java:240) [ratis-grpc-0.4.0-2337318-SNAPSHOT.jar:0.4.0-2337318-SNAPSHOT]
	at org.apache.ratis.grpc.client.GrpcClientProtocolService$RequestStreamObserver.onNext(GrpcClientProtocolService.java:168) [ratis-grpc-0.4.0-2337318-SNAPSHOT.jar:0.4.0-2337318-SNAPSHOT]
	at org.apache.ratis.thirdparty.io.grpc.stub.ServerCalls$StreamingServerCallHandler$StreamingServerCallListener.onMessage(ServerCalls.java:248) [ratis-thirdparty-misc-0.2.0.jar:0.2.0]
	at org.apache.ratis.thirdparty.io.grpc.internal.ServerCallImpl$ServerStreamListenerImpl.messagesAvailable(ServerCallImpl.java:263) [ratis-thirdparty-misc-0.2.0.jar:0.2.0]
	at org.apache.ratis.thirdparty.io.grpc.internal.ServerImpl$JumpToApplicationThreadServerStreamListener$1MessagesAvailable.runInContext(ServerImpl.java:686) [ratis-thirdparty-misc-0.2.0.jar:0.2.0]
	at org.apache.ratis.thirdparty.io.grpc.internal.ContextRunnable.run(ContextRunnable.java:37) [ratis-thirdparty-misc-0.2.0.jar:0.2.0]
	at org.apache.ratis.thirdparty.io.grpc.internal.SerializingExecutor.run(SerializingExecutor.java:123) [ratis-thirdparty-misc-0.2.0.jar:0.2.0]
	at java.util.concurrent.ThreadPoolExecutor.runWorker(ThreadPoolExecutor.java:1149) [?:1.8.0_212]
	at java.util.concurrent.ThreadPoolExecutor$Worker.run(ThreadPoolExecutor.java:624) [?:1.8.0_212]
	at java.lang.Thread.run(Thread.java:748) [?:1.8.0_212]
16:31:51.303 [grpc-default-executor-0] ERROR DNAudit - user=null | ip=null | op=WRITE_CHUNK {blockData=conID: 1 locID: 102440757036843019 bcsId: 11} | ret=FAILURE
org.apache.hadoop.hdds.scm.container.common.helpers.ContainerNotOpenException: Container 1 in CLOSED state
	at org.apache.hadoop.ozone.container.common.impl.HddsDispatcher.validateContainerCommand(HddsDispatcher.java:408) ~[hadoop-hdds-container-service-0.5.0-SNAPSHOT.jar:?]
	at org.apache.hadoop.ozone.container.common.transport.server.ratis.ContainerStateMachine.startTransaction(ContainerStateMachine.java:271) ~[hadoop-hdds-container-service-0.5.0-SNAPSHOT.jar:?]
	at org.apache.ratis.server.impl.RaftServerImpl.submitClientRequestAsync(RaftServerImpl.java:566) ~[ratis-server-0.4.0-2337318-SNAPSHOT.jar:0.4.0-2337318-SNAPSHOT]
	at org.apache.ratis.server.impl.RaftServerProxy.lambda$submitClientRequestAsync$7(RaftServerProxy.java:333) ~[ratis-server-0.4.0-2337318-SNAPSHOT.jar:0.4.0-2337318-SNAPSHOT]
	at org.apache.ratis.server.impl.RaftServerProxy.lambda$null$5(RaftServerProxy.java:328) ~[ratis-server-0.4.0-2337318-SNAPSHOT.jar:0.4.0-2337318-SNAPSHOT]
	at org.apache.ratis.util.JavaUtils.callAsUnchecked(JavaUtils.java:109) ~[ratis-common-0.4.0-2337318-SNAPSHOT.jar:0.4.0-2337318-SNAPSHOT]
	at org.apache.ratis.server.impl.RaftServerProxy.lambda$submitRequest$6(RaftServerProxy.java:328) ~[ratis-server-0.4.0-2337318-SNAPSHOT.jar:0.4.0-2337318-SNAPSHOT]
	at java.util.concurrent.CompletableFuture.uniComposeStage(CompletableFuture.java:981) ~[?:1.8.0_212]
	at java.util.concurrent.CompletableFuture.thenCompose(CompletableFuture.java:2124) ~[?:1.8.0_212]
	at org.apache.ratis.server.impl.RaftServerProxy.submitRequest(RaftServerProxy.java:327) ~[ratis-server-0.4.0-2337318-SNAPSHOT.jar:0.4.0-2337318-SNAPSHOT]
	at org.apache.ratis.server.impl.RaftServerProxy.submitClientRequestAsync(RaftServerProxy.java:333) ~[ratis-server-0.4.0-2337318-SNAPSHOT.jar:0.4.0-2337318-SNAPSHOT]
	at org.apache.ratis.grpc.client.GrpcClientProtocolService$RequestStreamObserver.processClientRequest(GrpcClientProtocolService.java:220) ~[ratis-grpc-0.4.0-2337318-SNAPSHOT.jar:0.4.0-2337318-SNAPSHOT]
	at org.apache.ratis.grpc.client.GrpcClientProtocolService$OrderedRequestStreamObserver.processClientRequest(GrpcClientProtocolService.java:326) ~[ratis-grpc-0.4.0-2337318-SNAPSHOT.jar:0.4.0-2337318-SNAPSHOT]
	at org.apache.ratis.util.SlidingWindow$Server.processRequestsFromHead(SlidingWindow.java:429) [ratis-common-0.4.0-2337318-SNAPSHOT.jar:0.4.0-2337318-SNAPSHOT]
	at org.apache.ratis.util.SlidingWindow$Server.receivedRequest(SlidingWindow.java:421) [ratis-common-0.4.0-2337318-SNAPSHOT.jar:0.4.0-2337318-SNAPSHOT]
	at org.apache.ratis.grpc.client.GrpcClientProtocolService$OrderedRequestStreamObserver.processClientRequest(GrpcClientProtocolService.java:345) [ratis-grpc-0.4.0-2337318-SNAPSHOT.jar:0.4.0-2337318-SNAPSHOT]
	at org.apache.ratis.grpc.client.GrpcClientProtocolService$RequestStreamObserver.onNext(GrpcClientProtocolService.java:240) [ratis-grpc-0.4.0-2337318-SNAPSHOT.jar:0.4.0-2337318-SNAPSHOT]
	at org.apache.ratis.grpc.client.GrpcClientProtocolService$RequestStreamObserver.onNext(GrpcClientProtocolService.java:168) [ratis-grpc-0.4.0-2337318-SNAPSHOT.jar:0.4.0-2337318-SNAPSHOT]
	at org.apache.ratis.thirdparty.io.grpc.stub.ServerCalls$StreamingServerCallHandler$StreamingServerCallListener.onMessage(ServerCalls.java:248) [ratis-thirdparty-misc-0.2.0.jar:0.2.0]
	at org.apache.ratis.thirdparty.io.grpc.internal.ServerCallImpl$ServerStreamListenerImpl.messagesAvailable(ServerCallImpl.java:263) [ratis-thirdparty-misc-0.2.0.jar:0.2.0]
	at org.apache.ratis.thirdparty.io.grpc.internal.ServerImpl$JumpToApplicationThreadServerStreamListener$1MessagesAvailable.runInContext(ServerImpl.java:686) [ratis-thirdparty-misc-0.2.0.jar:0.2.0]
	at org.apache.ratis.thirdparty.io.grpc.internal.ContextRunnable.run(ContextRunnable.java:37) [ratis-thirdparty-misc-0.2.0.jar:0.2.0]
	at org.apache.ratis.thirdparty.io.grpc.internal.SerializingExecutor.run(SerializingExecutor.java:123) [ratis-thirdparty-misc-0.2.0.jar:0.2.0]
	at java.util.concurrent.ThreadPoolExecutor.runWorker(ThreadPoolExecutor.java:1149) [?:1.8.0_212]
	at java.util.concurrent.ThreadPoolExecutor$Worker.run(ThreadPoolExecutor.java:624) [?:1.8.0_212]
	at java.lang.Thread.run(Thread.java:748) [?:1.8.0_212]
16:31:51.322 [grpc-default-executor-0] ERROR DNAudit - user=null | ip=null | op=PUT_BLOCK {blockData=[blockId=conID: 1 locID: 102440757036843019 bcsId: 0,size=650]} | ret=FAILURE
org.apache.hadoop.hdds.scm.container.common.helpers.ContainerNotOpenException: Container 1 in CLOSED state
	at org.apache.hadoop.ozone.container.common.impl.HddsDispatcher.validateContainerCommand(HddsDispatcher.java:408) ~[hadoop-hdds-container-service-0.5.0-SNAPSHOT.jar:?]
	at org.apache.hadoop.ozone.container.common.transport.server.ratis.ContainerStateMachine.startTransaction(ContainerStateMachine.java:271) ~[hadoop-hdds-container-service-0.5.0-SNAPSHOT.jar:?]
	at org.apache.ratis.server.impl.RaftServerImpl.submitClientRequestAsync(RaftServerImpl.java:566) ~[ratis-server-0.4.0-2337318-SNAPSHOT.jar:0.4.0-2337318-SNAPSHOT]
	at org.apache.ratis.server.impl.RaftServerProxy.lambda$submitClientRequestAsync$7(RaftServerProxy.java:333) ~[ratis-server-0.4.0-2337318-SNAPSHOT.jar:0.4.0-2337318-SNAPSHOT]
	at org.apache.ratis.server.impl.RaftServerProxy.lambda$null$5(RaftServerProxy.java:328) ~[ratis-server-0.4.0-2337318-SNAPSHOT.jar:0.4.0-2337318-SNAPSHOT]
	at org.apache.ratis.util.JavaUtils.callAsUnchecked(JavaUtils.java:109) ~[ratis-common-0.4.0-2337318-SNAPSHOT.jar:0.4.0-2337318-SNAPSHOT]
	at org.apache.ratis.server.impl.RaftServerProxy.lambda$submitRequest$6(RaftServerProxy.java:328) ~[ratis-server-0.4.0-2337318-SNAPSHOT.jar:0.4.0-2337318-SNAPSHOT]
	at java.util.concurrent.CompletableFuture.uniComposeStage(CompletableFuture.java:981) ~[?:1.8.0_212]
	at java.util.concurrent.CompletableFuture.thenCompose(CompletableFuture.java:2124) ~[?:1.8.0_212]
	at org.apache.ratis.server.impl.RaftServerProxy.submitRequest(RaftServerProxy.java:327) ~[ratis-server-0.4.0-2337318-SNAPSHOT.jar:0.4.0-2337318-SNAPSHOT]
	at org.apache.ratis.server.impl.RaftServerProxy.submitClientRequestAsync(RaftServerProxy.java:333) ~[ratis-server-0.4.0-2337318-SNAPSHOT.jar:0.4.0-2337318-SNAPSHOT]
	at org.apache.ratis.grpc.client.GrpcClientProtocolService$RequestStreamObserver.processClientRequest(GrpcClientProtocolService.java:220) ~[ratis-grpc-0.4.0-2337318-SNAPSHOT.jar:0.4.0-2337318-SNAPSHOT]
	at org.apache.ratis.grpc.client.GrpcClientProtocolService$OrderedRequestStreamObserver.processClientRequest(GrpcClientProtocolService.java:326) ~[ratis-grpc-0.4.0-2337318-SNAPSHOT.jar:0.4.0-2337318-SNAPSHOT]
	at org.apache.ratis.util.SlidingWindow$Server.processRequestsFromHead(SlidingWindow.java:429) [ratis-common-0.4.0-2337318-SNAPSHOT.jar:0.4.0-2337318-SNAPSHOT]
	at org.apache.ratis.util.SlidingWindow$Server.receivedRequest(SlidingWindow.java:421) [ratis-common-0.4.0-2337318-SNAPSHOT.jar:0.4.0-2337318-SNAPSHOT]
	at org.apache.ratis.grpc.client.GrpcClientProtocolService$OrderedRequestStreamObserver.processClientRequest(GrpcClientProtocolService.java:345) [ratis-grpc-0.4.0-2337318-SNAPSHOT.jar:0.4.0-2337318-SNAPSHOT]
	at org.apache.ratis.grpc.client.GrpcClientProtocolService$RequestStreamObserver.onNext(GrpcClientProtocolService.java:240) [ratis-grpc-0.4.0-2337318-SNAPSHOT.jar:0.4.0-2337318-SNAPSHOT]
	at org.apache.ratis.grpc.client.GrpcClientProtocolService$RequestStreamObserver.onNext(GrpcClientProtocolService.java:168) [ratis-grpc-0.4.0-2337318-SNAPSHOT.jar:0.4.0-2337318-SNAPSHOT]
	at org.apache.ratis.thirdparty.io.grpc.stub.ServerCalls$StreamingServerCallHandler$StreamingServerCallListener.onMessage(ServerCalls.java:248) [ratis-thirdparty-misc-0.2.0.jar:0.2.0]
	at org.apache.ratis.thirdparty.io.grpc.internal.ServerCallImpl$ServerStreamListenerImpl.messagesAvailable(ServerCallImpl.java:263) [ratis-thirdparty-misc-0.2.0.jar:0.2.0]
	at org.apache.ratis.thirdparty.io.grpc.internal.ServerImpl$JumpToApplicationThreadServerStreamListener$1MessagesAvailable.runInContext(ServerImpl.java:686) [ratis-thirdparty-misc-0.2.0.jar:0.2.0]
	at org.apache.ratis.thirdparty.io.grpc.internal.ContextRunnable.run(ContextRunnable.java:37) [ratis-thirdparty-misc-0.2.0.jar:0.2.0]
	at org.apache.ratis.thirdparty.io.grpc.internal.SerializingExecutor.run(SerializingExecutor.java:123) [ratis-thirdparty-misc-0.2.0.jar:0.2.0]
	at java.util.concurrent.ThreadPoolExecutor.runWorker(ThreadPoolExecutor.java:1149) [?:1.8.0_212]
	at java.util.concurrent.ThreadPoolExecutor$Worker.run(ThreadPoolExecutor.java:624) [?:1.8.0_212]
	at java.lang.Thread.run(Thread.java:748) [?:1.8.0_212]
2019-07-14 16:31:51,323 INFO  client.GrpcClientProtocolClient (GrpcClientProtocolClient.java:onNext(255)) - client-B62D9447C027->785ebdca-8c52-4b51-9caf-dc0865fb3cf8: receive RaftClientReply:client-B62D9447C027->785ebdca-8c52-4b51-9caf-dc0865fb3cf8@group-7FCDE713AB42, cid=156, FAILED org.apache.ratis.protocol.StateMachineException: org.apache.hadoop.hdds.scm.container.common.helpers.ContainerNotOpenException from Server 785ebdca-8c52-4b51-9caf-dc0865fb3cf8: Container 1 in CLOSED state, logIndex=0, commits[785ebdca-8c52-4b51-9caf-dc0865fb3cf8:c15]
16:31:51.324 [grpc-default-executor-0] ERROR DNAudit - user=null | ip=null | op=WRITE_CHUNK {blockData=conID: 1 locID: 102440757036843019 bcsId: 11} | ret=FAILURE
org.apache.hadoop.hdds.scm.container.common.helpers.ContainerNotOpenException: Container 1 in CLOSED state
	at org.apache.hadoop.ozone.container.common.impl.HddsDispatcher.validateContainerCommand(HddsDispatcher.java:408) ~[hadoop-hdds-container-service-0.5.0-SNAPSHOT.jar:?]
	at org.apache.hadoop.ozone.container.common.transport.server.ratis.ContainerStateMachine.startTransaction(ContainerStateMachine.java:271) ~[hadoop-hdds-container-service-0.5.0-SNAPSHOT.jar:?]
	at org.apache.ratis.server.impl.RaftServerImpl.submitClientRequestAsync(RaftServerImpl.java:566) ~[ratis-server-0.4.0-2337318-SNAPSHOT.jar:0.4.0-2337318-SNAPSHOT]
	at org.apache.ratis.server.impl.RaftServerProxy.lambda$submitClientRequestAsync$7(RaftServerProxy.java:333) ~[ratis-server-0.4.0-2337318-SNAPSHOT.jar:0.4.0-2337318-SNAPSHOT]
	at org.apache.ratis.server.impl.RaftServerProxy.lambda$null$5(RaftServerProxy.java:328) ~[ratis-server-0.4.0-2337318-SNAPSHOT.jar:0.4.0-2337318-SNAPSHOT]
	at org.apache.ratis.util.JavaUtils.callAsUnchecked(JavaUtils.java:109) ~[ratis-common-0.4.0-2337318-SNAPSHOT.jar:0.4.0-2337318-SNAPSHOT]
	at org.apache.ratis.server.impl.RaftServerProxy.lambda$submitRequest$6(RaftServerProxy.java:328) ~[ratis-server-0.4.0-2337318-SNAPSHOT.jar:0.4.0-2337318-SNAPSHOT]
	at java.util.concurrent.CompletableFuture.uniComposeStage(CompletableFuture.java:981) ~[?:1.8.0_212]
	at java.util.concurrent.CompletableFuture.thenCompose(CompletableFuture.java:2124) ~[?:1.8.0_212]
	at org.apache.ratis.server.impl.RaftServerProxy.submitRequest(RaftServerProxy.java:327) ~[ratis-server-0.4.0-2337318-SNAPSHOT.jar:0.4.0-2337318-SNAPSHOT]
	at org.apache.ratis.server.impl.RaftServerProxy.submitClientRequestAsync(RaftServerProxy.java:333) ~[ratis-server-0.4.0-2337318-SNAPSHOT.jar:0.4.0-2337318-SNAPSHOT]
	at org.apache.ratis.grpc.client.GrpcClientProtocolService$RequestStreamObserver.processClientRequest(GrpcClientProtocolService.java:220) ~[ratis-grpc-0.4.0-2337318-SNAPSHOT.jar:0.4.0-2337318-SNAPSHOT]
	at org.apache.ratis.grpc.client.GrpcClientProtocolService$OrderedRequestStreamObserver.processClientRequest(GrpcClientProtocolService.java:326) ~[ratis-grpc-0.4.0-2337318-SNAPSHOT.jar:0.4.0-2337318-SNAPSHOT]
	at org.apache.ratis.util.SlidingWindow$Server.processRequestsFromHead(SlidingWindow.java:429) [ratis-common-0.4.0-2337318-SNAPSHOT.jar:0.4.0-2337318-SNAPSHOT]
	at org.apache.ratis.util.SlidingWindow$Server.receivedRequest(SlidingWindow.java:421) [ratis-common-0.4.0-2337318-SNAPSHOT.jar:0.4.0-2337318-SNAPSHOT]
	at org.apache.ratis.grpc.client.GrpcClientProtocolService$OrderedRequestStreamObserver.processClientRequest(GrpcClientProtocolService.java:345) [ratis-grpc-0.4.0-2337318-SNAPSHOT.jar:0.4.0-2337318-SNAPSHOT]
	at org.apache.ratis.grpc.client.GrpcClientProtocolService$RequestStreamObserver.onNext(GrpcClientProtocolService.java:240) [ratis-grpc-0.4.0-2337318-SNAPSHOT.jar:0.4.0-2337318-SNAPSHOT]
	at org.apache.ratis.grpc.client.GrpcClientProtocolService$RequestStreamObserver.onNext(GrpcClientProtocolService.java:168) [ratis-grpc-0.4.0-2337318-SNAPSHOT.jar:0.4.0-2337318-SNAPSHOT]
	at org.apache.ratis.thirdparty.io.grpc.stub.ServerCalls$StreamingServerCallHandler$StreamingServerCallListener.onMessage(ServerCalls.java:248) [ratis-thirdparty-misc-0.2.0.jar:0.2.0]
	at org.apache.ratis.thirdparty.io.grpc.internal.ServerCallImpl$ServerStreamListenerImpl.messagesAvailable(ServerCallImpl.java:263) [ratis-thirdparty-misc-0.2.0.jar:0.2.0]
	at org.apache.ratis.thirdparty.io.grpc.internal.ServerImpl$JumpToApplicationThreadServerStreamListener$1MessagesAvailable.runInContext(ServerImpl.java:686) [ratis-thirdparty-misc-0.2.0.jar:0.2.0]
	at org.apache.ratis.thirdparty.io.grpc.internal.ContextRunnable.run(ContextRunnable.java:37) [ratis-thirdparty-misc-0.2.0.jar:0.2.0]
	at org.apache.ratis.thirdparty.io.grpc.internal.SerializingExecutor.run(SerializingExecutor.java:123) [ratis-thirdparty-misc-0.2.0.jar:0.2.0]
	at java.util.concurrent.ThreadPoolExecutor.runWorker(ThreadPoolExecutor.java:1149) [?:1.8.0_212]
	at java.util.concurrent.ThreadPoolExecutor$Worker.run(ThreadPoolExecutor.java:624) [?:1.8.0_212]
	at java.lang.Thread.run(Thread.java:748) [?:1.8.0_212]
2019-07-14 16:31:51,330 INFO  client.GrpcClientProtocolClient (GrpcClientProtocolClient.java:onNext(255)) - client-B62D9447C027->785ebdca-8c52-4b51-9caf-dc0865fb3cf8: receive RaftClientReply:client-B62D9447C027->785ebdca-8c52-4b51-9caf-dc0865fb3cf8@group-7FCDE713AB42, cid=157, FAILED org.apache.ratis.protocol.StateMachineException: org.apache.hadoop.hdds.scm.container.common.helpers.ContainerNotOpenException from Server 785ebdca-8c52-4b51-9caf-dc0865fb3cf8: Container 1 in CLOSED state, logIndex=0, commits[785ebdca-8c52-4b51-9caf-dc0865fb3cf8:c15]
2019-07-14 16:31:51,337 INFO  client.GrpcClientProtocolClient (GrpcClientProtocolClient.java:onNext(255)) - client-B62D9447C027->785ebdca-8c52-4b51-9caf-dc0865fb3cf8: receive RaftClientReply:client-B62D9447C027->785ebdca-8c52-4b51-9caf-dc0865fb3cf8@group-7FCDE713AB42, cid=158, FAILED org.apache.ratis.protocol.StateMachineException: org.apache.hadoop.hdds.scm.container.common.helpers.ContainerNotOpenException from Server 785ebdca-8c52-4b51-9caf-dc0865fb3cf8: Container 1 in CLOSED state, logIndex=0, commits[785ebdca-8c52-4b51-9caf-dc0865fb3cf8:c15]
16:31:51.337 [grpc-default-executor-0] ERROR DNAudit - user=null | ip=null | op=WRITE_CHUNK {blockData=conID: 1 locID: 102440757036843019 bcsId: 11} | ret=FAILURE
org.apache.hadoop.hdds.scm.container.common.helpers.ContainerNotOpenException: Container 1 in CLOSED state
	at org.apache.hadoop.ozone.container.common.impl.HddsDispatcher.validateContainerCommand(HddsDispatcher.java:408) ~[hadoop-hdds-container-service-0.5.0-SNAPSHOT.jar:?]
	at org.apache.hadoop.ozone.container.common.transport.server.ratis.ContainerStateMachine.startTransaction(ContainerStateMachine.java:271) ~[hadoop-hdds-container-service-0.5.0-SNAPSHOT.jar:?]
	at org.apache.ratis.server.impl.RaftServerImpl.submitClientRequestAsync(RaftServerImpl.java:566) ~[ratis-server-0.4.0-2337318-SNAPSHOT.jar:0.4.0-2337318-SNAPSHOT]
	at org.apache.ratis.server.impl.RaftServerProxy.lambda$submitClientRequestAsync$7(RaftServerProxy.java:333) ~[ratis-server-0.4.0-2337318-SNAPSHOT.jar:0.4.0-2337318-SNAPSHOT]
	at org.apache.ratis.server.impl.RaftServerProxy.lambda$null$5(RaftServerProxy.java:328) ~[ratis-server-0.4.0-2337318-SNAPSHOT.jar:0.4.0-2337318-SNAPSHOT]
	at org.apache.ratis.util.JavaUtils.callAsUnchecked(JavaUtils.java:109) ~[ratis-common-0.4.0-2337318-SNAPSHOT.jar:0.4.0-2337318-SNAPSHOT]
	at org.apache.ratis.server.impl.RaftServerProxy.lambda$submitRequest$6(RaftServerProxy.java:328) ~[ratis-server-0.4.0-2337318-SNAPSHOT.jar:0.4.0-2337318-SNAPSHOT]
	at java.util.concurrent.CompletableFuture.uniComposeStage(CompletableFuture.java:981) ~[?:1.8.0_212]
	at java.util.concurrent.CompletableFuture.thenCompose(CompletableFuture.java:2124) ~[?:1.8.0_212]
	at org.apache.ratis.server.impl.RaftServerProxy.submitRequest(RaftServerProxy.java:327) ~[ratis-server-0.4.0-2337318-SNAPSHOT.jar:0.4.0-2337318-SNAPSHOT]
	at org.apache.ratis.server.impl.RaftServerProxy.submitClientRequestAsync(RaftServerProxy.java:333) ~[ratis-server-0.4.0-2337318-SNAPSHOT.jar:0.4.0-2337318-SNAPSHOT]
	at org.apache.ratis.grpc.client.GrpcClientProtocolService$RequestStreamObserver.processClientRequest(GrpcClientProtocolService.java:220) ~[ratis-grpc-0.4.0-2337318-SNAPSHOT.jar:0.4.0-2337318-SNAPSHOT]
	at org.apache.ratis.grpc.client.GrpcClientProtocolService$OrderedRequestStreamObserver.processClientRequest(GrpcClientProtocolService.java:326) ~[ratis-grpc-0.4.0-2337318-SNAPSHOT.jar:0.4.0-2337318-SNAPSHOT]
	at org.apache.ratis.util.SlidingWindow$Server.processRequestsFromHead(SlidingWindow.java:429) [ratis-common-0.4.0-2337318-SNAPSHOT.jar:0.4.0-2337318-SNAPSHOT]
	at org.apache.ratis.util.SlidingWindow$Server.receivedRequest(SlidingWindow.java:421) [ratis-common-0.4.0-2337318-SNAPSHOT.jar:0.4.0-2337318-SNAPSHOT]
	at org.apache.ratis.grpc.client.GrpcClientProtocolService$OrderedRequestStreamObserver.processClientRequest(GrpcClientProtocolService.java:345) [ratis-grpc-0.4.0-2337318-SNAPSHOT.jar:0.4.0-2337318-SNAPSHOT]
	at org.apache.ratis.grpc.client.GrpcClientProtocolService$RequestStreamObserver.onNext(GrpcClientProtocolService.java:240) [ratis-grpc-0.4.0-2337318-SNAPSHOT.jar:0.4.0-2337318-SNAPSHOT]
	at org.apache.ratis.grpc.client.GrpcClientProtocolService$RequestStreamObserver.onNext(GrpcClientProtocolService.java:168) [ratis-grpc-0.4.0-2337318-SNAPSHOT.jar:0.4.0-2337318-SNAPSHOT]
	at org.apache.ratis.thirdparty.io.grpc.stub.ServerCalls$StreamingServerCallHandler$StreamingServerCallListener.onMessage(ServerCalls.java:248) [ratis-thirdparty-misc-0.2.0.jar:0.2.0]
	at org.apache.ratis.thirdparty.io.grpc.internal.ServerCallImpl$ServerStreamListenerImpl.messagesAvailable(ServerCallImpl.java:263) [ratis-thirdparty-misc-0.2.0.jar:0.2.0]
	at org.apache.ratis.thirdparty.io.grpc.internal.ServerImpl$JumpToApplicationThreadServerStreamListener$1MessagesAvailable.runInContext(ServerImpl.java:686) [ratis-thirdparty-misc-0.2.0.jar:0.2.0]
	at org.apache.ratis.thirdparty.io.grpc.internal.ContextRunnable.run(ContextRunnable.java:37) [ratis-thirdparty-misc-0.2.0.jar:0.2.0]
	at org.apache.ratis.thirdparty.io.grpc.internal.SerializingExecutor.run(SerializingExecutor.java:123) [ratis-thirdparty-misc-0.2.0.jar:0.2.0]
	at java.util.concurrent.ThreadPoolExecutor.runWorker(ThreadPoolExecutor.java:1149) [?:1.8.0_212]
	at java.util.concurrent.ThreadPoolExecutor$Worker.run(ThreadPoolExecutor.java:624) [?:1.8.0_212]
	at java.lang.Thread.run(Thread.java:748) [?:1.8.0_212]
2019-07-14 16:31:51,344 INFO  client.GrpcClientProtocolClient (GrpcClientProtocolClient.java:onNext(255)) - client-B62D9447C027->785ebdca-8c52-4b51-9caf-dc0865fb3cf8: receive RaftClientReply:client-B62D9447C027->785ebdca-8c52-4b51-9caf-dc0865fb3cf8@group-7FCDE713AB42, cid=159, FAILED org.apache.ratis.protocol.StateMachineException: org.apache.hadoop.hdds.scm.container.common.helpers.ContainerNotOpenException from Server 785ebdca-8c52-4b51-9caf-dc0865fb3cf8: Container 1 in CLOSED state, logIndex=0, commits[785ebdca-8c52-4b51-9caf-dc0865fb3cf8:c15]
16:31:51.348 [grpc-default-executor-0] ERROR DNAudit - user=null | ip=null | op=PUT_BLOCK {blockData=[blockId=conID: 1 locID: 102440757036843019 bcsId: 0,size=800]} | ret=FAILURE
org.apache.hadoop.hdds.scm.container.common.helpers.ContainerNotOpenException: Container 1 in CLOSED state
	at org.apache.hadoop.ozone.container.common.impl.HddsDispatcher.validateContainerCommand(HddsDispatcher.java:408) ~[hadoop-hdds-container-service-0.5.0-SNAPSHOT.jar:?]
	at org.apache.hadoop.ozone.container.common.transport.server.ratis.ContainerStateMachine.startTransaction(ContainerStateMachine.java:271) ~[hadoop-hdds-container-service-0.5.0-SNAPSHOT.jar:?]
	at org.apache.ratis.server.impl.RaftServerImpl.submitClientRequestAsync(RaftServerImpl.java:566) ~[ratis-server-0.4.0-2337318-SNAPSHOT.jar:0.4.0-2337318-SNAPSHOT]
	at org.apache.ratis.server.impl.RaftServerProxy.lambda$submitClientRequestAsync$7(RaftServerProxy.java:333) ~[ratis-server-0.4.0-2337318-SNAPSHOT.jar:0.4.0-2337318-SNAPSHOT]
	at org.apache.ratis.server.impl.RaftServerProxy.lambda$null$5(RaftServerProxy.java:328) ~[ratis-server-0.4.0-2337318-SNAPSHOT.jar:0.4.0-2337318-SNAPSHOT]
	at org.apache.ratis.util.JavaUtils.callAsUnchecked(JavaUtils.java:109) ~[ratis-common-0.4.0-2337318-SNAPSHOT.jar:0.4.0-2337318-SNAPSHOT]
	at org.apache.ratis.server.impl.RaftServerProxy.lambda$submitRequest$6(RaftServerProxy.java:328) ~[ratis-server-0.4.0-2337318-SNAPSHOT.jar:0.4.0-2337318-SNAPSHOT]
	at java.util.concurrent.CompletableFuture.uniComposeStage(CompletableFuture.java:981) ~[?:1.8.0_212]
	at java.util.concurrent.CompletableFuture.thenCompose(CompletableFuture.java:2124) ~[?:1.8.0_212]
	at org.apache.ratis.server.impl.RaftServerProxy.submitRequest(RaftServerProxy.java:327) ~[ratis-server-0.4.0-2337318-SNAPSHOT.jar:0.4.0-2337318-SNAPSHOT]
	at org.apache.ratis.server.impl.RaftServerProxy.submitClientRequestAsync(RaftServerProxy.java:333) ~[ratis-server-0.4.0-2337318-SNAPSHOT.jar:0.4.0-2337318-SNAPSHOT]
	at org.apache.ratis.grpc.client.GrpcClientProtocolService$RequestStreamObserver.processClientRequest(GrpcClientProtocolService.java:220) ~[ratis-grpc-0.4.0-2337318-SNAPSHOT.jar:0.4.0-2337318-SNAPSHOT]
	at org.apache.ratis.grpc.client.GrpcClientProtocolService$OrderedRequestStreamObserver.processClientRequest(GrpcClientProtocolService.java:326) ~[ratis-grpc-0.4.0-2337318-SNAPSHOT.jar:0.4.0-2337318-SNAPSHOT]
	at org.apache.ratis.util.SlidingWindow$Server.processRequestsFromHead(SlidingWindow.java:429) [ratis-common-0.4.0-2337318-SNAPSHOT.jar:0.4.0-2337318-SNAPSHOT]
	at org.apache.ratis.util.SlidingWindow$Server.receivedRequest(SlidingWindow.java:421) [ratis-common-0.4.0-2337318-SNAPSHOT.jar:0.4.0-2337318-SNAPSHOT]
	at org.apache.ratis.grpc.client.GrpcClientProtocolService$OrderedRequestStreamObserver.processClientRequest(GrpcClientProtocolService.java:345) [ratis-grpc-0.4.0-2337318-SNAPSHOT.jar:0.4.0-2337318-SNAPSHOT]
	at org.apache.ratis.grpc.client.GrpcClientProtocolService$RequestStreamObserver.onNext(GrpcClientProtocolService.java:240) [ratis-grpc-0.4.0-2337318-SNAPSHOT.jar:0.4.0-2337318-SNAPSHOT]
	at org.apache.ratis.grpc.client.GrpcClientProtocolService$RequestStreamObserver.onNext(GrpcClientProtocolService.java:168) [ratis-grpc-0.4.0-2337318-SNAPSHOT.jar:0.4.0-2337318-SNAPSHOT]
	at org.apache.ratis.thirdparty.io.grpc.stub.ServerCalls$StreamingServerCallHandler$StreamingServerCallListener.onMessage(ServerCalls.java:248) [ratis-thirdparty-misc-0.2.0.jar:0.2.0]
	at org.apache.ratis.thirdparty.io.grpc.internal.ServerCallImpl$ServerStreamListenerImpl.messagesAvailable(ServerCallImpl.java:263) [ratis-thirdparty-misc-0.2.0.jar:0.2.0]
	at org.apache.ratis.thirdparty.io.grpc.internal.ServerImpl$JumpToApplicationThreadServerStreamListener$1MessagesAvailable.runInContext(ServerImpl.java:686) [ratis-thirdparty-misc-0.2.0.jar:0.2.0]
	at org.apache.ratis.thirdparty.io.grpc.internal.ContextRunnable.run(ContextRunnable.java:37) [ratis-thirdparty-misc-0.2.0.jar:0.2.0]
	at org.apache.ratis.thirdparty.io.grpc.internal.SerializingExecutor.run(SerializingExecutor.java:123) [ratis-thirdparty-misc-0.2.0.jar:0.2.0]
	at java.util.concurrent.ThreadPoolExecutor.runWorker(ThreadPoolExecutor.java:1149) [?:1.8.0_212]
	at java.util.concurrent.ThreadPoolExecutor$Worker.run(ThreadPoolExecutor.java:624) [?:1.8.0_212]
	at java.lang.Thread.run(Thread.java:748) [?:1.8.0_212]
2019-07-14 16:31:51,349 INFO  client.GrpcClientProtocolClient (GrpcClientProtocolClient.java:onNext(255)) - client-B62D9447C027->785ebdca-8c52-4b51-9caf-dc0865fb3cf8: receive RaftClientReply:client-B62D9447C027->785ebdca-8c52-4b51-9caf-dc0865fb3cf8@group-7FCDE713AB42, cid=160, FAILED org.apache.ratis.protocol.StateMachineException: org.apache.hadoop.hdds.scm.container.common.helpers.ContainerNotOpenException from Server 785ebdca-8c52-4b51-9caf-dc0865fb3cf8: Container 1 in CLOSED state, logIndex=0, commits[785ebdca-8c52-4b51-9caf-dc0865fb3cf8:c15]
2019-07-14 16:31:51,357 INFO  client.GrpcClientProtocolClient (GrpcClientProtocolClient.java:onNext(255)) - client-B62D9447C027->785ebdca-8c52-4b51-9caf-dc0865fb3cf8: receive RaftClientReply:client-B62D9447C027->785ebdca-8c52-4b51-9caf-dc0865fb3cf8@group-7FCDE713AB42, cid=161, FAILED org.apache.ratis.protocol.StateMachineException: org.apache.hadoop.hdds.scm.container.common.helpers.ContainerNotOpenException from Server 785ebdca-8c52-4b51-9caf-dc0865fb3cf8: Container 1 in CLOSED state, logIndex=0, commits[785ebdca-8c52-4b51-9caf-dc0865fb3cf8:c15]
2019-07-14 16:31:51,470 INFO  client.GrpcClientProtocolClient (GrpcClientProtocolClient.java:onNext(255)) - client-683FE1DFF0EB->661245da-c950-408b-9610-dfa66d238453: receive RaftClientReply:client-683FE1DFF0EB->661245da-c950-408b-9610-dfa66d238453@group-8C1EC49200CD, cid=162, SUCCESS, logIndex=1, commits[661245da-c950-408b-9610-dfa66d238453:c1]
2019-07-14 16:31:51,493 INFO  client.GrpcClientProtocolClient (GrpcClientProtocolClient.java:onNext(255)) - client-683FE1DFF0EB->661245da-c950-408b-9610-dfa66d238453: receive RaftClientReply:client-683FE1DFF0EB->661245da-c950-408b-9610-dfa66d238453@group-8C1EC49200CD, cid=163, SUCCESS, logIndex=3, commits[661245da-c950-408b-9610-dfa66d238453:c3]
2019-07-14 16:31:51,553 INFO  client.GrpcClientProtocolClient (GrpcClientProtocolClient.java:onNext(255)) - client-683FE1DFF0EB->661245da-c950-408b-9610-dfa66d238453: receive RaftClientReply:client-683FE1DFF0EB->661245da-c950-408b-9610-dfa66d238453@group-8C1EC49200CD, cid=164, SUCCESS, logIndex=4, commits[661245da-c950-408b-9610-dfa66d238453:c9]
2019-07-14 16:31:51,554 INFO  client.GrpcClientProtocolClient (GrpcClientProtocolClient.java:onNext(255)) - client-683FE1DFF0EB->661245da-c950-408b-9610-dfa66d238453: receive RaftClientReply:client-683FE1DFF0EB->661245da-c950-408b-9610-dfa66d238453@group-8C1EC49200CD, cid=165, SUCCESS, logIndex=5, commits[661245da-c950-408b-9610-dfa66d238453:c9]
2019-07-14 16:31:51,555 INFO  client.GrpcClientProtocolClient (GrpcClientProtocolClient.java:onNext(255)) - client-683FE1DFF0EB->661245da-c950-408b-9610-dfa66d238453: receive RaftClientReply:client-683FE1DFF0EB->661245da-c950-408b-9610-dfa66d238453@group-8C1EC49200CD, cid=166, SUCCESS, logIndex=6, commits[661245da-c950-408b-9610-dfa66d238453:c9]
2019-07-14 16:31:51,555 INFO  client.GrpcClientProtocolClient (GrpcClientProtocolClient.java:onNext(255)) - client-683FE1DFF0EB->661245da-c950-408b-9610-dfa66d238453: receive RaftClientReply:client-683FE1DFF0EB->661245da-c950-408b-9610-dfa66d238453@group-8C1EC49200CD, cid=167, SUCCESS, logIndex=7, commits[661245da-c950-408b-9610-dfa66d238453:c9]
2019-07-14 16:31:51,572 INFO  client.GrpcClientProtocolClient (GrpcClientProtocolClient.java:onNext(255)) - client-683FE1DFF0EB->661245da-c950-408b-9610-dfa66d238453: receive RaftClientReply:client-683FE1DFF0EB->661245da-c950-408b-9610-dfa66d238453@group-8C1EC49200CD, cid=168, SUCCESS, logIndex=10, commits[661245da-c950-408b-9610-dfa66d238453:c11]
2019-07-14 16:31:51,573 INFO  client.GrpcClientProtocolClient (GrpcClientProtocolClient.java:onNext(255)) - client-683FE1DFF0EB->661245da-c950-408b-9610-dfa66d238453: receive RaftClientReply:client-683FE1DFF0EB->661245da-c950-408b-9610-dfa66d238453@group-8C1EC49200CD, cid=169, SUCCESS, logIndex=11, commits[661245da-c950-408b-9610-dfa66d238453:c12]
2019-07-14 16:31:51,591 INFO  pipeline.Pipeline (Pipeline.java:getProtobufMessage(195)) - Serialize pipeline PipelineID=40c08936-51ef-4729-bfab-8c1ec49200cd with nodesInOrder{ }
2019-07-14 16:31:51,592 INFO  ozone.MiniOzoneClusterImpl (MiniOzoneClusterImpl.java:shutdown(321)) - Shutting down the Mini Ozone Cluster
2019-07-14 16:31:51,593 INFO  ozone.MiniOzoneClusterImpl (MiniOzoneClusterImpl.java:stop(336)) - Stopping the Mini Ozone Cluster
2019-07-14 16:31:51,593 INFO  ozone.MiniOzoneClusterImpl (MiniOzoneClusterImpl.java:stop(338)) - Stopping the OzoneManager
2019-07-14 16:31:51,593 INFO  ipc.Server (Server.java:stop(3082)) - Stopping server on 42178
2019-07-14 16:31:51,615 INFO  ipc.Server (Server.java:run(1185)) - Stopping IPC Server listener on 42178
2019-07-14 16:31:51,615 INFO  utils.BackgroundService (BackgroundService.java:shutdown(148)) - Shutting down service KeyDeletingService
2019-07-14 16:31:51,615 INFO  ipc.Server (Server.java:run(1319)) - Stopping IPC Server Responder
2019-07-14 16:31:51,619 INFO  handler.ContextHandler (ContextHandler.java:doStop(910)) - Stopped o.e.j.w.WebAppContext@3cc5408c{/,null,UNAVAILABLE}{/ozoneManager}
2019-07-14 16:31:51,620 INFO  server.AbstractConnector (AbstractConnector.java:doStop(318)) - Stopped ServerConnector@1ecd09d5{HTTP/1.1,[http/1.1]}{0.0.0.0:0}
2019-07-14 16:31:51,620 INFO  handler.ContextHandler (ContextHandler.java:doStop(910)) - Stopped o.e.j.s.ServletContextHandler@5bbc033f{/static,file:///workdir/hadoop-ozone/integration-test/target/test-classes/webapps/static,UNAVAILABLE}
2019-07-14 16:31:51,621 INFO  handler.ContextHandler (ContextHandler.java:doStop(910)) - Stopped o.e.j.s.ServletContextHandler@65b7678a{/logs,file:///workdir/hadoop-ozone/integration-test/target/log,UNAVAILABLE}
2019-07-14 16:31:51,635 INFO  ozone.MiniOzoneClusterImpl (MiniOzoneClusterImpl.java:stop(344)) - Shutting the HddsDatanodes
2019-07-14 16:31:51,636 INFO  datanode.ObjectStoreHandler (ObjectStoreHandler.java:close(155)) - Closing ObjectStoreHandler.
2019-07-14 16:31:51,636 INFO  datanode.ObjectStoreHandler (ObjectStoreHandler.java:close(155)) - Closing ObjectStoreHandler.
2019-07-14 16:31:51,636 INFO  ozone.HddsDatanodeService (HddsDatanodeService.java:stop(452)) - Stopped plug-in org.apache.hadoop.ozone.web.OzoneHddsDatanodeService@4e3bc13b
2019-07-14 16:31:51,636 INFO  ozone.HddsDatanodeService (HddsDatanodeService.java:stop(452)) - Stopped plug-in org.apache.hadoop.ozone.web.OzoneHddsDatanodeService@26f7b114
2019-07-14 16:31:51,994 INFO  statemachine.DatanodeStateMachine (DatanodeStateMachine.java:lambda$startDaemon$0(350)) - Ozone container server started.
2019-07-14 16:31:52,498 INFO  statemachine.DatanodeStateMachine (DatanodeStateMachine.java:lambda$startDaemon$0(350)) - Ozone container server started.
2019-07-14 16:31:56,061 INFO  node.StaleNodeHandler (StaleNodeHandler.java:onMessage(58)) - Datanode 38d3b87c-51dd-47c3-bfd5-9b9e6717869a{ip: 192.168.69.77, host: pr-hdds-1710-5x6jb-1204890111, networkLocation: /default-rack, certSerialId: null} moved to stale state. Finalizing its pipelines [PipelineID=25047cb2-2034-4452-98de-ac78b3083372, PipelineID=cd74d35d-5fc2-4a9d-8540-c260656dcb54]
2019-07-14 16:31:56,061 INFO  pipeline.SCMPipelineManager (SCMPipelineManager.java:finalizeAndDestroyPipeline(309)) - destroying pipeline:Pipeline[ Id: 25047cb2-2034-4452-98de-ac78b3083372, Nodes: 785ebdca-8c52-4b51-9caf-dc0865fb3cf8{ip: 192.168.69.77, host: pr-hdds-1710-5x6jb-1204890111, networkLocation: /default-rack, certSerialId: null}38d3b87c-51dd-47c3-bfd5-9b9e6717869a{ip: 192.168.69.77, host: pr-hdds-1710-5x6jb-1204890111, networkLocation: /default-rack, certSerialId: null}b3b2927a-f011-459c-a64b-1a14801535e4{ip: 192.168.69.77, host: pr-hdds-1710-5x6jb-1204890111, networkLocation: /default-rack, certSerialId: null}, Type:RATIS, Factor:THREE, State:OPEN]
2019-07-14 16:31:56,061 INFO  pipeline.PipelineStateManager (PipelineStateManager.java:finalizePipeline(123)) - Pipeline Pipeline[ Id: 25047cb2-2034-4452-98de-ac78b3083372, Nodes: 785ebdca-8c52-4b51-9caf-dc0865fb3cf8{ip: 192.168.69.77, host: pr-hdds-1710-5x6jb-1204890111, networkLocation: /default-rack, certSerialId: null}38d3b87c-51dd-47c3-bfd5-9b9e6717869a{ip: 192.168.69.77, host: pr-hdds-1710-5x6jb-1204890111, networkLocation: /default-rack, certSerialId: null}b3b2927a-f011-459c-a64b-1a14801535e4{ip: 192.168.69.77, host: pr-hdds-1710-5x6jb-1204890111, networkLocation: /default-rack, certSerialId: null}, Type:RATIS, Factor:THREE, State:CLOSED] moved to CLOSED state
2019-07-14 16:31:56,061 INFO  pipeline.SCMPipelineManager (SCMPipelineManager.java:finalizeAndDestroyPipeline(309)) - destroying pipeline:Pipeline[ Id: cd74d35d-5fc2-4a9d-8540-c260656dcb54, Nodes: 38d3b87c-51dd-47c3-bfd5-9b9e6717869a{ip: 192.168.69.77, host: pr-hdds-1710-5x6jb-1204890111, networkLocation: /default-rack, certSerialId: null}, Type:RATIS, Factor:ONE, State:OPEN]
2019-07-14 16:31:56,062 INFO  pipeline.PipelineStateManager (PipelineStateManager.java:finalizePipeline(123)) - Pipeline Pipeline[ Id: cd74d35d-5fc2-4a9d-8540-c260656dcb54, Nodes: 38d3b87c-51dd-47c3-bfd5-9b9e6717869a{ip: 192.168.69.77, host: pr-hdds-1710-5x6jb-1204890111, networkLocation: /default-rack, certSerialId: null}, Type:RATIS, Factor:ONE, State:CLOSED] moved to CLOSED state
2019-07-14 16:31:56,561 INFO  node.StaleNodeHandler (StaleNodeHandler.java:onMessage(58)) - Datanode fd317595-8ec7-4bd4-95fd-3dc43907ee42{ip: 192.168.69.77, host: pr-hdds-1710-5x6jb-1204890111, networkLocation: /default-rack, certSerialId: null} moved to stale state. Finalizing its pipelines [PipelineID=efdd1a9d-2791-4df3-8f1f-e02664ca1401, PipelineID=ff5010e2-9793-4d21-a450-a2bd4e6f44af]
2019-07-14 16:31:56,562 INFO  pipeline.SCMPipelineManager (SCMPipelineManager.java:finalizeAndDestroyPipeline(309)) - destroying pipeline:Pipeline[ Id: efdd1a9d-2791-4df3-8f1f-e02664ca1401, Nodes: 661245da-c950-408b-9610-dfa66d238453{ip: 192.168.69.77, host: pr-hdds-1710-5x6jb-1204890111, networkLocation: /default-rack, certSerialId: null}fd317595-8ec7-4bd4-95fd-3dc43907ee42{ip: 192.168.69.77, host: pr-hdds-1710-5x6jb-1204890111, networkLocation: /default-rack, certSerialId: null}c7d855e2-543e-4994-92d1-7ede353827b9{ip: 192.168.69.77, host: pr-hdds-1710-5x6jb-1204890111, networkLocation: /default-rack, certSerialId: null}, Type:RATIS, Factor:THREE, State:OPEN]
2019-07-14 16:31:56,562 INFO  pipeline.PipelineStateManager (PipelineStateManager.java:finalizePipeline(123)) - Pipeline Pipeline[ Id: efdd1a9d-2791-4df3-8f1f-e02664ca1401, Nodes: 661245da-c950-408b-9610-dfa66d238453{ip: 192.168.69.77, host: pr-hdds-1710-5x6jb-1204890111, networkLocation: /default-rack, certSerialId: null}fd317595-8ec7-4bd4-95fd-3dc43907ee42{ip: 192.168.69.77, host: pr-hdds-1710-5x6jb-1204890111, networkLocation: /default-rack, certSerialId: null}c7d855e2-543e-4994-92d1-7ede353827b9{ip: 192.168.69.77, host: pr-hdds-1710-5x6jb-1204890111, networkLocation: /default-rack, certSerialId: null}, Type:RATIS, Factor:THREE, State:CLOSED] moved to CLOSED state
2019-07-14 16:31:56,562 INFO  pipeline.SCMPipelineManager (SCMPipelineManager.java:finalizeAndDestroyPipeline(309)) - destroying pipeline:Pipeline[ Id: ff5010e2-9793-4d21-a450-a2bd4e6f44af, Nodes: fd317595-8ec7-4bd4-95fd-3dc43907ee42{ip: 192.168.69.77, host: pr-hdds-1710-5x6jb-1204890111, networkLocation: /default-rack, certSerialId: null}, Type:RATIS, Factor:ONE, State:OPEN]
2019-07-14 16:31:56,562 INFO  pipeline.PipelineStateManager (PipelineStateManager.java:finalizePipeline(123)) - Pipeline Pipeline[ Id: ff5010e2-9793-4d21-a450-a2bd4e6f44af, Nodes: fd317595-8ec7-4bd4-95fd-3dc43907ee42{ip: 192.168.69.77, host: pr-hdds-1710-5x6jb-1204890111, networkLocation: /default-rack, certSerialId: null}, Type:RATIS, Factor:ONE, State:CLOSED] moved to CLOSED state
2019-07-14 16:31:56,637 INFO  ozoneimpl.OzoneContainer (OzoneContainer.java:stop(199)) - Attempting to stop container services.
2019-07-14 16:31:56,637 INFO  ozoneimpl.OzoneContainer (OzoneContainer.java:stop(199)) - Attempting to stop container services.
2019-07-14 16:31:56,638 INFO  impl.RaftServerProxy (RaftServerProxy.java:lambda$close$4(314)) - fd317595-8ec7-4bd4-95fd-3dc43907ee42: close
2019-07-14 16:31:56,638 INFO  impl.RaftServerProxy (RaftServerProxy.java:lambda$close$4(314)) - 38d3b87c-51dd-47c3-bfd5-9b9e6717869a: close
2019-07-14 16:31:56,638 INFO  impl.RaftServerImpl (RaftServerImpl.java:lambda$shutdown$3(245)) - fd317595-8ec7-4bd4-95fd-3dc43907ee42: shutdown group-E02664CA1401
2019-07-14 16:31:56,638 INFO  impl.RaftServerImpl (RaftServerImpl.java:lambda$shutdown$3(245)) - 38d3b87c-51dd-47c3-bfd5-9b9e6717869a: shutdown group-AC78B3083372
2019-07-14 16:31:56,639 INFO  util.JmxRegister (JmxRegister.java:unregister(73)) - Successfully un-registered JMX Bean with object name Ratis:service=RaftServer,group=group-E02664CA1401,id=fd317595-8ec7-4bd4-95fd-3dc43907ee42
2019-07-14 16:31:56,639 INFO  util.JmxRegister (JmxRegister.java:unregister(73)) - Successfully un-registered JMX Bean with object name Ratis:service=RaftServer,group=group-AC78B3083372,id=38d3b87c-51dd-47c3-bfd5-9b9e6717869a
2019-07-14 16:31:56,640 INFO  impl.RoleInfo (RoleInfo.java:shutdownFollowerState(121)) - fd317595-8ec7-4bd4-95fd-3dc43907ee42: shutdown FollowerState
2019-07-14 16:31:56,640 INFO  impl.RoleInfo (RoleInfo.java:shutdownFollowerState(121)) - 38d3b87c-51dd-47c3-bfd5-9b9e6717869a: shutdown FollowerState
2019-07-14 16:31:56,641 INFO  impl.FollowerState (FollowerState.java:run(114)) - fd317595-8ec7-4bd4-95fd-3dc43907ee42: FollowerState was interrupted: java.lang.InterruptedException: sleep interrupted
2019-07-14 16:31:56,640 INFO  ratis.ContainerStateMachine (ContainerStateMachine.java:takeSnapshot(246)) - Taking snapshot at termIndex:(t:0, i:~)
2019-07-14 16:31:56,640 INFO  impl.StateMachineUpdater (StateMachineUpdater.java:stopAndJoin(115)) - StateMachineUpdater:fd317595-8ec7-4bd4-95fd-3dc43907ee42:group-E02664CA1401: set stopIndex = 0
2019-07-14 16:31:56,645 INFO  impl.RaftServerImpl (ServerState.java:close(394)) - fd317595-8ec7-4bd4-95fd-3dc43907ee42:group-E02664CA1401 closes. The last applied log index is 0
2019-07-14 16:31:56,641 INFO  impl.FollowerState (FollowerState.java:run(114)) - 38d3b87c-51dd-47c3-bfd5-9b9e6717869a: FollowerState was interrupted: java.lang.InterruptedException: sleep interrupted
2019-07-14 16:31:56,641 INFO  ratis.ContainerStateMachine (ContainerStateMachine.java:takeSnapshot(246)) - Taking snapshot at termIndex:(t:0, i:~)
2019-07-14 16:31:56,641 INFO  impl.StateMachineUpdater (StateMachineUpdater.java:stopAndJoin(115)) - StateMachineUpdater:38d3b87c-51dd-47c3-bfd5-9b9e6717869a:group-AC78B3083372: set stopIndex = 0
2019-07-14 16:31:56,646 INFO  impl.RaftServerImpl (ServerState.java:close(394)) - 38d3b87c-51dd-47c3-bfd5-9b9e6717869a:group-AC78B3083372 closes. The last applied log index is 0
2019-07-14 16:31:56,646 INFO  segmented.SegmentedRaftLogWorker (SegmentedRaftLogWorker.java:run(313)) - fd317595-8ec7-4bd4-95fd-3dc43907ee42-SegmentedRaftLogWorker:Storage Directory /workdir/hadoop-ozone/integration-test/target/test-dir/MiniOzoneClusterImpl-58c8e1a0-14c9-42bb-9613-da5ce92a45b6/datanode-4/data/ratis/efdd1a9d-2791-4df3-8f1f-e02664ca1401 was interrupted, exiting. There are 0 tasks remaining in the queue.
2019-07-14 16:31:56,647 INFO  segmented.SegmentedRaftLogWorker (SegmentedRaftLogWorker.java:run(313)) - 38d3b87c-51dd-47c3-bfd5-9b9e6717869a-SegmentedRaftLogWorker:Storage Directory /workdir/hadoop-ozone/integration-test/target/test-dir/MiniOzoneClusterImpl-58c8e1a0-14c9-42bb-9613-da5ce92a45b6/datanode-1/data/ratis/25047cb2-2034-4452-98de-ac78b3083372 was interrupted, exiting. There are 0 tasks remaining in the queue.
2019-07-14 16:31:56,651 INFO  segmented.SegmentedRaftLogWorker (SegmentedRaftLogWorker.java:close(228)) - fd317595-8ec7-4bd4-95fd-3dc43907ee42-SegmentedRaftLogWorker:Storage Directory /workdir/hadoop-ozone/integration-test/target/test-dir/MiniOzoneClusterImpl-58c8e1a0-14c9-42bb-9613-da5ce92a45b6/datanode-4/data/ratis/efdd1a9d-2791-4df3-8f1f-e02664ca1401 close()
2019-07-14 16:31:56,669 INFO  segmented.SegmentedRaftLogWorker (SegmentedRaftLogWorker.java:close(228)) - 38d3b87c-51dd-47c3-bfd5-9b9e6717869a-SegmentedRaftLogWorker:Storage Directory /workdir/hadoop-ozone/integration-test/target/test-dir/MiniOzoneClusterImpl-58c8e1a0-14c9-42bb-9613-da5ce92a45b6/datanode-1/data/ratis/25047cb2-2034-4452-98de-ac78b3083372 close()
2019-07-14 16:31:56,669 INFO  impl.RaftServerImpl (RaftServerImpl.java:lambda$shutdown$3(245)) - fd317595-8ec7-4bd4-95fd-3dc43907ee42: shutdown group-A2BD4E6F44AF
2019-07-14 16:31:56,672 INFO  impl.RaftServerImpl (RaftServerImpl.java:lambda$shutdown$3(245)) - 38d3b87c-51dd-47c3-bfd5-9b9e6717869a: shutdown group-C260656DCB54
2019-07-14 16:31:56,672 INFO  util.JmxRegister (JmxRegister.java:unregister(73)) - Successfully un-registered JMX Bean with object name Ratis:service=RaftServer,group=group-A2BD4E6F44AF,id=fd317595-8ec7-4bd4-95fd-3dc43907ee42
2019-07-14 16:31:56,673 INFO  util.JmxRegister (JmxRegister.java:unregister(73)) - Successfully un-registered JMX Bean with object name Ratis:service=RaftServer,group=group-C260656DCB54,id=38d3b87c-51dd-47c3-bfd5-9b9e6717869a
2019-07-14 16:31:56,673 INFO  impl.RoleInfo (RoleInfo.java:shutdownLeaderState(104)) - fd317595-8ec7-4bd4-95fd-3dc43907ee42: shutdown LeaderState
2019-07-14 16:31:56,673 INFO  impl.RoleInfo (RoleInfo.java:shutdownLeaderState(104)) - 38d3b87c-51dd-47c3-bfd5-9b9e6717869a: shutdown LeaderState
2019-07-14 16:31:56,674 INFO  impl.PendingRequests (PendingRequests.java:sendNotLeaderResponses(202)) - fd317595-8ec7-4bd4-95fd-3dc43907ee42-PendingRequests: sendNotLeaderResponses
2019-07-14 16:31:56,674 INFO  impl.PendingRequests (PendingRequests.java:sendNotLeaderResponses(202)) - 38d3b87c-51dd-47c3-bfd5-9b9e6717869a-PendingRequests: sendNotLeaderResponses
2019-07-14 16:31:56,675 INFO  ratis.ContainerStateMachine (ContainerStateMachine.java:takeSnapshot(246)) - Taking snapshot at termIndex:(t:0, i:~)
2019-07-14 16:31:56,675 INFO  ratis.ContainerStateMachine (ContainerStateMachine.java:takeSnapshot(246)) - Taking snapshot at termIndex:(t:0, i:~)
2019-07-14 16:31:56,675 INFO  impl.StateMachineUpdater (StateMachineUpdater.java:stopAndJoin(115)) - StateMachineUpdater:fd317595-8ec7-4bd4-95fd-3dc43907ee42:group-A2BD4E6F44AF: set stopIndex = 0
2019-07-14 16:31:56,675 INFO  impl.StateMachineUpdater (StateMachineUpdater.java:stopAndJoin(115)) - StateMachineUpdater:38d3b87c-51dd-47c3-bfd5-9b9e6717869a:group-C260656DCB54: set stopIndex = 0
2019-07-14 16:31:56,675 INFO  impl.RaftServerImpl (ServerState.java:close(394)) - fd317595-8ec7-4bd4-95fd-3dc43907ee42:group-A2BD4E6F44AF closes. The last applied log index is 0
2019-07-14 16:31:56,676 INFO  impl.RaftServerImpl (ServerState.java:close(394)) - 38d3b87c-51dd-47c3-bfd5-9b9e6717869a:group-C260656DCB54 closes. The last applied log index is 0
2019-07-14 16:31:56,676 INFO  segmented.SegmentedRaftLogWorker (SegmentedRaftLogWorker.java:run(313)) - fd317595-8ec7-4bd4-95fd-3dc43907ee42-SegmentedRaftLogWorker:Storage Directory /workdir/hadoop-ozone/integration-test/target/test-dir/MiniOzoneClusterImpl-58c8e1a0-14c9-42bb-9613-da5ce92a45b6/datanode-4/data/ratis/ff5010e2-9793-4d21-a450-a2bd4e6f44af was interrupted, exiting. There are 0 tasks remaining in the queue.
2019-07-14 16:31:56,676 INFO  segmented.SegmentedRaftLogWorker (SegmentedRaftLogWorker.java:run(313)) - 38d3b87c-51dd-47c3-bfd5-9b9e6717869a-SegmentedRaftLogWorker:Storage Directory /workdir/hadoop-ozone/integration-test/target/test-dir/MiniOzoneClusterImpl-58c8e1a0-14c9-42bb-9613-da5ce92a45b6/datanode-1/data/ratis/cd74d35d-5fc2-4a9d-8540-c260656dcb54 was interrupted, exiting. There are 0 tasks remaining in the queue.
2019-07-14 16:31:56,679 INFO  segmented.SegmentedRaftLogWorker (SegmentedRaftLogWorker.java:close(228)) - fd317595-8ec7-4bd4-95fd-3dc43907ee42-SegmentedRaftLogWorker:Storage Directory /workdir/hadoop-ozone/integration-test/target/test-dir/MiniOzoneClusterImpl-58c8e1a0-14c9-42bb-9613-da5ce92a45b6/datanode-4/data/ratis/ff5010e2-9793-4d21-a450-a2bd4e6f44af close()
2019-07-14 16:31:56,681 INFO  segmented.SegmentedRaftLogWorker (SegmentedRaftLogWorker.java:close(228)) - 38d3b87c-51dd-47c3-bfd5-9b9e6717869a-SegmentedRaftLogWorker:Storage Directory /workdir/hadoop-ozone/integration-test/target/test-dir/MiniOzoneClusterImpl-58c8e1a0-14c9-42bb-9613-da5ce92a45b6/datanode-1/data/ratis/cd74d35d-5fc2-4a9d-8540-c260656dcb54 close()
2019-07-14 16:31:56,683 INFO  server.GrpcService (GrpcService.java:closeImpl(155)) - fd317595-8ec7-4bd4-95fd-3dc43907ee42: shutdown server with port 33991 now
2019-07-14 16:31:56,685 INFO  server.GrpcService (GrpcService.java:closeImpl(155)) - 38d3b87c-51dd-47c3-bfd5-9b9e6717869a: shutdown server with port 44865 now
2019-07-14 16:31:56,686 WARN  server.GrpcServerProtocolService (LogUtils.java:warn(134)) - fd317595-8ec7-4bd4-95fd-3dc43907ee42: appendEntries onError: org.apache.ratis.thirdparty.io.grpc.StatusRuntimeException: CANCELLED: cancelled before receiving half close
2019-07-14 16:31:56,686 INFO  server.GrpcService (GrpcService.java:closeImpl(163)) - fd317595-8ec7-4bd4-95fd-3dc43907ee42: shutdown server with port 33991 successfully
2019-07-14 16:31:56,687 INFO  server.GrpcService (GrpcService.java:closeImpl(163)) - 38d3b87c-51dd-47c3-bfd5-9b9e6717869a: shutdown server with port 44865 successfully
2019-07-14 16:31:56,687 WARN  server.GrpcServerProtocolService (LogUtils.java:warn(134)) - 38d3b87c-51dd-47c3-bfd5-9b9e6717869a: appendEntries onError: org.apache.ratis.thirdparty.io.grpc.StatusRuntimeException: CANCELLED: cancelled before receiving half close
2019-07-14 16:31:56,686 WARN  server.GrpcLogAppender (LogUtils.java:warn(134)) - 661245da-c950-408b-9610-dfa66d238453->fd317595-8ec7-4bd4-95fd-3dc43907ee42: Failed appendEntries: org.apache.ratis.thirdparty.io.grpc.StatusRuntimeException: CANCELLED: HTTP/2 error code: CANCEL
Received Rst Stream
2019-07-14 16:31:56,688 WARN  server.GrpcLogAppender (LogUtils.java:warn(134)) - 785ebdca-8c52-4b51-9caf-dc0865fb3cf8->38d3b87c-51dd-47c3-bfd5-9b9e6717869a: Failed appendEntries: org.apache.ratis.thirdparty.io.grpc.StatusRuntimeException: CANCELLED: HTTP/2 error code: CANCEL
Received Rst Stream
2019-07-14 16:31:56,688 INFO  impl.FollowerInfo (FollowerInfo.java:lambda$new$0(50)) - 661245da-c950-408b-9610-dfa66d238453->fd317595-8ec7-4bd4-95fd-3dc43907ee42: nextIndex: updateUnconditionally 1 -> 0
2019-07-14 16:31:56,688 INFO  impl.FollowerInfo (FollowerInfo.java:lambda$new$0(50)) - 785ebdca-8c52-4b51-9caf-dc0865fb3cf8->38d3b87c-51dd-47c3-bfd5-9b9e6717869a: nextIndex: updateUnconditionally 1 -> 0
2019-07-14 16:31:56,688 INFO  utils.BackgroundService (BackgroundService.java:shutdown(148)) - Shutting down service BlockDeletingService
2019-07-14 16:31:56,690 INFO  utils.BackgroundService (BackgroundService.java:shutdown(148)) - Shutting down service BlockDeletingService
2019-07-14 16:31:56,692 WARN  fs.CachingGetSpaceUsed (CachingGetSpaceUsed.java:run(183)) - Thread Interrupted waiting to refresh disk information: sleep interrupted
2019-07-14 16:31:56,692 WARN  fs.CachingGetSpaceUsed (CachingGetSpaceUsed.java:run(183)) - Thread Interrupted waiting to refresh disk information: sleep interrupted
2019-07-14 16:31:56,714 INFO  statemachine.DatanodeStateMachine (DatanodeStateMachine.java:stopDaemon(395)) - Ozone container server stopped.
2019-07-14 16:31:56,724 INFO  statemachine.DatanodeStateMachine (DatanodeStateMachine.java:stopDaemon(395)) - Ozone container server stopped.
2019-07-14 16:31:56,732 INFO  handler.ContextHandler (ContextHandler.java:doStop(910)) - Stopped o.e.j.w.WebAppContext@3cfab56d{/,null,UNAVAILABLE}{/hddsDatanode}
2019-07-14 16:31:56,732 INFO  handler.ContextHandler (ContextHandler.java:doStop(910)) - Stopped o.e.j.w.WebAppContext@3453f79c{/,null,UNAVAILABLE}{/hddsDatanode}
2019-07-14 16:31:56,732 INFO  server.AbstractConnector (AbstractConnector.java:doStop(318)) - Stopped ServerConnector@6b6fde93{HTTP/1.1,[http/1.1]}{0.0.0.0:0}
2019-07-14 16:31:56,735 INFO  handler.ContextHandler (ContextHandler.java:doStop(910)) - Stopped o.e.j.s.ServletContextHandler@5ae67f05{/static,jar:file:/home/user/.m2/repository/org/apache/hadoop/hadoop-hdds-container-service/0.5.0-SNAPSHOT/hadoop-hdds-container-service-0.5.0-SNAPSHOT.jar!/webapps/static,UNAVAILABLE}
2019-07-14 16:31:56,735 INFO  server.AbstractConnector (AbstractConnector.java:doStop(318)) - Stopped ServerConnector@6f627a1a{HTTP/1.1,[http/1.1]}{0.0.0.0:0}
2019-07-14 16:31:56,737 INFO  handler.ContextHandler (ContextHandler.java:doStop(910)) - Stopped o.e.j.s.ServletContextHandler@2d4f1ddd{/logs,file:///workdir/hadoop-ozone/integration-test/target/log,UNAVAILABLE}
2019-07-14 16:31:56,738 INFO  handler.ContextHandler (ContextHandler.java:doStop(910)) - Stopped o.e.j.s.ServletContextHandler@1de6689c{/static,jar:file:/home/user/.m2/repository/org/apache/hadoop/hadoop-hdds-container-service/0.5.0-SNAPSHOT/hadoop-hdds-container-service-0.5.0-SNAPSHOT.jar!/webapps/static,UNAVAILABLE}
2019-07-14 16:31:56,739 INFO  handler.ContextHandler (ContextHandler.java:doStop(910)) - Stopped o.e.j.s.ServletContextHandler@4b8601a1{/logs,file:///workdir/hadoop-ozone/integration-test/target/log,UNAVAILABLE}
2019-07-14 16:31:56,739 INFO  datanode.ObjectStoreHandler (ObjectStoreHandler.java:close(155)) - Closing ObjectStoreHandler.
2019-07-14 16:31:56,740 INFO  ozone.HddsDatanodeService (HddsDatanodeService.java:stop(452)) - Stopped plug-in org.apache.hadoop.ozone.web.OzoneHddsDatanodeService@6fc03cf6
2019-07-14 16:31:56,741 INFO  datanode.ObjectStoreHandler (ObjectStoreHandler.java:close(155)) - Closing ObjectStoreHandler.
2019-07-14 16:31:56,741 INFO  ozone.HddsDatanodeService (HddsDatanodeService.java:stop(452)) - Stopped plug-in org.apache.hadoop.ozone.web.OzoneHddsDatanodeService@701bd6e8
2019-07-14 16:31:57,209 INFO  statemachine.DatanodeStateMachine (DatanodeStateMachine.java:lambda$startDaemon$0(350)) - Ozone container server started.
2019-07-14 16:31:57,451 INFO  statemachine.DatanodeStateMachine (DatanodeStateMachine.java:lambda$startDaemon$0(350)) - Ozone container server started.
2019-07-14 16:31:57,479 WARN  server.GrpcLogAppender (LogUtils.java:warn(134)) - 785ebdca-8c52-4b51-9caf-dc0865fb3cf8->38d3b87c-51dd-47c3-bfd5-9b9e6717869a: Failed appendEntries: org.apache.ratis.thirdparty.io.grpc.StatusRuntimeException: UNAVAILABLE: io exception
2019-07-14 16:31:57,479 INFO  impl.FollowerInfo (FollowerInfo.java:lambda$new$0(50)) - 785ebdca-8c52-4b51-9caf-dc0865fb3cf8->38d3b87c-51dd-47c3-bfd5-9b9e6717869a: nextIndex: updateUnconditionally 0 -> 0
2019-07-14 16:31:57,947 WARN  server.GrpcLogAppender (LogUtils.java:warn(134)) - 661245da-c950-408b-9610-dfa66d238453->fd317595-8ec7-4bd4-95fd-3dc43907ee42: Failed appendEntries: org.apache.ratis.thirdparty.io.grpc.StatusRuntimeException: UNAVAILABLE: io exception
2019-07-14 16:31:57,948 INFO  impl.FollowerInfo (FollowerInfo.java:lambda$new$0(50)) - 661245da-c950-408b-9610-dfa66d238453->fd317595-8ec7-4bd4-95fd-3dc43907ee42: nextIndex: updateUnconditionally 0 -> 0
2019-07-14 16:31:59,979 WARN  server.GrpcLogAppender (LogUtils.java:warn(134)) - 785ebdca-8c52-4b51-9caf-dc0865fb3cf8->38d3b87c-51dd-47c3-bfd5-9b9e6717869a: Failed appendEntries: org.apache.ratis.thirdparty.io.grpc.StatusRuntimeException: UNAVAILABLE: io exception
2019-07-14 16:31:59,980 INFO  impl.FollowerInfo (FollowerInfo.java:lambda$new$0(50)) - 785ebdca-8c52-4b51-9caf-dc0865fb3cf8->38d3b87c-51dd-47c3-bfd5-9b9e6717869a: nextIndex: updateUnconditionally 0 -> 0
2019-07-14 16:32:00,447 WARN  server.GrpcLogAppender (LogUtils.java:warn(134)) - 661245da-c950-408b-9610-dfa66d238453->fd317595-8ec7-4bd4-95fd-3dc43907ee42: Failed appendEntries: org.apache.ratis.thirdparty.io.grpc.StatusRuntimeException: UNAVAILABLE: io exception
2019-07-14 16:32:00,448 INFO  impl.FollowerInfo (FollowerInfo.java:lambda$new$0(50)) - 661245da-c950-408b-9610-dfa66d238453->fd317595-8ec7-4bd4-95fd-3dc43907ee42: nextIndex: updateUnconditionally 0 -> 0
2019-07-14 16:32:01,277 INFO  node.StaleNodeHandler (StaleNodeHandler.java:onMessage(58)) - Datanode 785ebdca-8c52-4b51-9caf-dc0865fb3cf8{ip: 192.168.69.77, host: pr-hdds-1710-5x6jb-1204890111, networkLocation: /default-rack, certSerialId: null} moved to stale state. Finalizing its pipelines [PipelineID=b6223803-f3eb-4045-9f92-7fcde713ab42, PipelineID=25047cb2-2034-4452-98de-ac78b3083372]
2019-07-14 16:32:01,278 INFO  pipeline.SCMPipelineManager (SCMPipelineManager.java:finalizeAndDestroyPipeline(309)) - destroying pipeline:Pipeline[ Id: b6223803-f3eb-4045-9f92-7fcde713ab42, Nodes: 785ebdca-8c52-4b51-9caf-dc0865fb3cf8{ip: 192.168.69.77, host: pr-hdds-1710-5x6jb-1204890111, networkLocation: /default-rack, certSerialId: null}, Type:RATIS, Factor:ONE, State:OPEN]
2019-07-14 16:32:01,278 INFO  pipeline.PipelineStateManager (PipelineStateManager.java:finalizePipeline(123)) - Pipeline Pipeline[ Id: b6223803-f3eb-4045-9f92-7fcde713ab42, Nodes: 785ebdca-8c52-4b51-9caf-dc0865fb3cf8{ip: 192.168.69.77, host: pr-hdds-1710-5x6jb-1204890111, networkLocation: /default-rack, certSerialId: null}, Type:RATIS, Factor:ONE, State:CLOSED] moved to CLOSED state
2019-07-14 16:32:01,278 INFO  pipeline.SCMPipelineManager (SCMPipelineManager.java:finalizeAndDestroyPipeline(309)) - destroying pipeline:Pipeline[ Id: 25047cb2-2034-4452-98de-ac78b3083372, Nodes: 785ebdca-8c52-4b51-9caf-dc0865fb3cf8{ip: 192.168.69.77, host: pr-hdds-1710-5x6jb-1204890111, networkLocation: /default-rack, certSerialId: null}38d3b87c-51dd-47c3-bfd5-9b9e6717869a{ip: 192.168.69.77, host: pr-hdds-1710-5x6jb-1204890111, networkLocation: /default-rack, certSerialId: null}b3b2927a-f011-459c-a64b-1a14801535e4{ip: 192.168.69.77, host: pr-hdds-1710-5x6jb-1204890111, networkLocation: /default-rack, certSerialId: null}, Type:RATIS, Factor:THREE, State:CLOSED]
2019-07-14 16:32:01,478 INFO  node.StaleNodeHandler (StaleNodeHandler.java:onMessage(58)) - Datanode 661245da-c950-408b-9610-dfa66d238453{ip: 192.168.69.77, host: pr-hdds-1710-5x6jb-1204890111, networkLocation: /default-rack, certSerialId: null} moved to stale state. Finalizing its pipelines [PipelineID=efdd1a9d-2791-4df3-8f1f-e02664ca1401, PipelineID=40c08936-51ef-4729-bfab-8c1ec49200cd]
2019-07-14 16:32:01,478 INFO  pipeline.SCMPipelineManager (SCMPipelineManager.java:finalizeAndDestroyPipeline(309)) - destroying pipeline:Pipeline[ Id: efdd1a9d-2791-4df3-8f1f-e02664ca1401, Nodes: 661245da-c950-408b-9610-dfa66d238453{ip: 192.168.69.77, host: pr-hdds-1710-5x6jb-1204890111, networkLocation: /default-rack, certSerialId: null}fd317595-8ec7-4bd4-95fd-3dc43907ee42{ip: 192.168.69.77, host: pr-hdds-1710-5x6jb-1204890111, networkLocation: /default-rack, certSerialId: null}c7d855e2-543e-4994-92d1-7ede353827b9{ip: 192.168.69.77, host: pr-hdds-1710-5x6jb-1204890111, networkLocation: /default-rack, certSerialId: null}, Type:RATIS, Factor:THREE, State:CLOSED]
2019-07-14 16:32:01,478 INFO  pipeline.SCMPipelineManager (SCMPipelineManager.java:finalizeAndDestroyPipeline(309)) - destroying pipeline:Pipeline[ Id: 40c08936-51ef-4729-bfab-8c1ec49200cd, Nodes: 661245da-c950-408b-9610-dfa66d238453{ip: 192.168.69.77, host: pr-hdds-1710-5x6jb-1204890111, networkLocation: /default-rack, certSerialId: null}, Type:RATIS, Factor:ONE, State:OPEN]
2019-07-14 16:32:01,478 INFO  pipeline.PipelineStateManager (PipelineStateManager.java:finalizePipeline(123)) - Pipeline Pipeline[ Id: 40c08936-51ef-4729-bfab-8c1ec49200cd, Nodes: 661245da-c950-408b-9610-dfa66d238453{ip: 192.168.69.77, host: pr-hdds-1710-5x6jb-1204890111, networkLocation: /default-rack, certSerialId: null}, Type:RATIS, Factor:ONE, State:CLOSED] moved to CLOSED state
2019-07-14 16:32:01,479 INFO  container.CloseContainerEventHandler (CloseContainerEventHandler.java:onMessage(61)) - Close container Event triggered for container : #2
2019-07-14 16:32:01,741 INFO  ozoneimpl.OzoneContainer (OzoneContainer.java:stop(199)) - Attempting to stop container services.
2019-07-14 16:32:01,741 INFO  impl.RaftServerProxy (RaftServerProxy.java:lambda$close$4(314)) - 785ebdca-8c52-4b51-9caf-dc0865fb3cf8: close
2019-07-14 16:32:01,742 INFO  impl.RaftServerImpl (RaftServerImpl.java:lambda$shutdown$3(245)) - 785ebdca-8c52-4b51-9caf-dc0865fb3cf8: shutdown group-7FCDE713AB42
2019-07-14 16:32:01,742 INFO  util.JmxRegister (JmxRegister.java:unregister(73)) - Successfully un-registered JMX Bean with object name Ratis:service=RaftServer,group=group-7FCDE713AB42,id=785ebdca-8c52-4b51-9caf-dc0865fb3cf8
2019-07-14 16:32:01,742 INFO  ozoneimpl.OzoneContainer (OzoneContainer.java:stop(199)) - Attempting to stop container services.
2019-07-14 16:32:01,742 INFO  impl.RoleInfo (RoleInfo.java:shutdownLeaderState(104)) - 785ebdca-8c52-4b51-9caf-dc0865fb3cf8: shutdown LeaderState
2019-07-14 16:32:01,743 INFO  impl.RaftServerProxy (RaftServerProxy.java:lambda$close$4(314)) - 661245da-c950-408b-9610-dfa66d238453: close
2019-07-14 16:32:01,743 INFO  impl.PendingRequests (PendingRequests.java:sendNotLeaderResponses(202)) - 785ebdca-8c52-4b51-9caf-dc0865fb3cf8-PendingRequests: sendNotLeaderResponses
2019-07-14 16:32:01,744 INFO  impl.RaftServerImpl (RaftServerImpl.java:lambda$shutdown$3(245)) - 661245da-c950-408b-9610-dfa66d238453: shutdown group-E02664CA1401
2019-07-14 16:32:01,752 INFO  util.JmxRegister (JmxRegister.java:unregister(73)) - Successfully un-registered JMX Bean with object name Ratis:service=RaftServer,group=group-E02664CA1401,id=661245da-c950-408b-9610-dfa66d238453
2019-07-14 16:32:01,752 INFO  ratis.ContainerStateMachine (ContainerStateMachine.java:takeSnapshot(246)) - Taking snapshot at termIndex:(t:1, i:15)
2019-07-14 16:32:01,753 INFO  ratis.ContainerStateMachine (ContainerStateMachine.java:takeSnapshot(250)) - Taking a snapshot to file /workdir/hadoop-ozone/integration-test/target/test-dir/MiniOzoneClusterImpl-58c8e1a0-14c9-42bb-9613-da5ce92a45b6/datanode-2/data/ratis/b6223803-f3eb-4045-9f92-7fcde713ab42/sm/snapshot.1_15
2019-07-14 16:32:01,752 INFO  impl.StateMachineUpdater (StateMachineUpdater.java:stopAndJoin(115)) - StateMachineUpdater:785ebdca-8c52-4b51-9caf-dc0865fb3cf8:group-7FCDE713AB42: set stopIndex = 15
2019-07-14 16:32:01,753 INFO  impl.RoleInfo (RoleInfo.java:shutdownLeaderState(104)) - 661245da-c950-408b-9610-dfa66d238453: shutdown LeaderState
2019-07-14 16:32:01,754 INFO  impl.StateMachineUpdater (StateMachineUpdater.java:takeSnapshot(242)) - StateMachineUpdater:785ebdca-8c52-4b51-9caf-dc0865fb3cf8:group-7FCDE713AB42: Took a snapshot at index 15
2019-07-14 16:32:01,766 WARN  server.GrpcLogAppender (GrpcLogAppender.java:mayWait(143)) - GrpcLogAppender(661245da-c950-408b-9610-dfa66d238453->fd317595-8ec7-4bd4-95fd-3dc43907ee42): Wait interrupted by java.lang.InterruptedException
2019-07-14 16:32:01,766 INFO  impl.PendingRequests (PendingRequests.java:sendNotLeaderResponses(202)) - 661245da-c950-408b-9610-dfa66d238453-PendingRequests: sendNotLeaderResponses
2019-07-14 16:32:01,766 WARN  server.GrpcLogAppender (GrpcLogAppender.java:mayWait(143)) - GrpcLogAppender(661245da-c950-408b-9610-dfa66d238453->c7d855e2-543e-4994-92d1-7ede353827b9): Wait interrupted by java.lang.InterruptedException
2019-07-14 16:32:01,767 INFO  ratis.ContainerStateMachine (ContainerStateMachine.java:takeSnapshot(246)) - Taking snapshot at termIndex:(t:0, i:~)
2019-07-14 16:32:01,766 INFO  impl.StateMachineUpdater (StateMachineUpdater.java:lambda$new$0(80)) - StateMachineUpdater:785ebdca-8c52-4b51-9caf-dc0865fb3cf8:group-7FCDE713AB42: snapshotIndex: updateIncreasingly -1 -> 15
2019-07-14 16:32:01,767 INFO  impl.StateMachineUpdater (StateMachineUpdater.java:stopAndJoin(115)) - StateMachineUpdater:661245da-c950-408b-9610-dfa66d238453:group-E02664CA1401: set stopIndex = 0
2019-07-14 16:32:01,767 INFO  impl.RaftServerImpl (ServerState.java:close(394)) - 785ebdca-8c52-4b51-9caf-dc0865fb3cf8:group-7FCDE713AB42 closes. The last applied log index is 15
2019-07-14 16:32:01,767 INFO  server.GrpcServerProtocolService (GrpcServerProtocolService.java:onCompleted(104)) - c7d855e2-543e-4994-92d1-7ede353827b9: appendEntries completed
2019-07-14 16:32:01,768 INFO  segmented.SegmentedRaftLogWorker (SegmentedRaftLogWorker.java:run(313)) - 785ebdca-8c52-4b51-9caf-dc0865fb3cf8-SegmentedRaftLogWorker:Storage Directory /workdir/hadoop-ozone/integration-test/target/test-dir/MiniOzoneClusterImpl-58c8e1a0-14c9-42bb-9613-da5ce92a45b6/datanode-2/data/ratis/b6223803-f3eb-4045-9f92-7fcde713ab42 was interrupted, exiting. There are 0 tasks remaining in the queue.
2019-07-14 16:32:01,767 INFO  impl.RaftServerImpl (ServerState.java:close(394)) - 661245da-c950-408b-9610-dfa66d238453:group-E02664CA1401 closes. The last applied log index is 0
2019-07-14 16:32:01,770 INFO  server.GrpcLogAppender (GrpcLogAppender.java:onCompleted(292)) - 661245da-c950-408b-9610-dfa66d238453->c7d855e2-543e-4994-92d1-7ede353827b9: follower responses appendEntries COMPLETED
2019-07-14 16:32:01,770 INFO  segmented.SegmentedRaftLogWorker (SegmentedRaftLogWorker.java:close(228)) - 785ebdca-8c52-4b51-9caf-dc0865fb3cf8-SegmentedRaftLogWorker:Storage Directory /workdir/hadoop-ozone/integration-test/target/test-dir/MiniOzoneClusterImpl-58c8e1a0-14c9-42bb-9613-da5ce92a45b6/datanode-2/data/ratis/b6223803-f3eb-4045-9f92-7fcde713ab42 close()
2019-07-14 16:32:01,771 INFO  impl.FollowerInfo (FollowerInfo.java:lambda$new$0(50)) - 661245da-c950-408b-9610-dfa66d238453->c7d855e2-543e-4994-92d1-7ede353827b9: nextIndex: updateUnconditionally 1 -> 0
2019-07-14 16:32:01,771 INFO  segmented.SegmentedRaftLogWorker (SegmentedRaftLogWorker.java:run(313)) - 661245da-c950-408b-9610-dfa66d238453-SegmentedRaftLogWorker:Storage Directory /workdir/hadoop-ozone/integration-test/target/test-dir/MiniOzoneClusterImpl-58c8e1a0-14c9-42bb-9613-da5ce92a45b6/datanode-3/data/ratis/efdd1a9d-2791-4df3-8f1f-e02664ca1401 was interrupted, exiting. There are 0 tasks remaining in the queue.
2019-07-14 16:32:01,773 INFO  impl.RaftServerImpl (RaftServerImpl.java:lambda$shutdown$3(245)) - 785ebdca-8c52-4b51-9caf-dc0865fb3cf8: shutdown group-AC78B3083372
2019-07-14 16:32:01,775 INFO  segmented.SegmentedRaftLogWorker (SegmentedRaftLogWorker.java:close(228)) - 661245da-c950-408b-9610-dfa66d238453-SegmentedRaftLogWorker:Storage Directory /workdir/hadoop-ozone/integration-test/target/test-dir/MiniOzoneClusterImpl-58c8e1a0-14c9-42bb-9613-da5ce92a45b6/datanode-3/data/ratis/efdd1a9d-2791-4df3-8f1f-e02664ca1401 close()
2019-07-14 16:32:01,775 INFO  util.JmxRegister (JmxRegister.java:unregister(73)) - Successfully un-registered JMX Bean with object name Ratis:service=RaftServer,group=group-AC78B3083372,id=785ebdca-8c52-4b51-9caf-dc0865fb3cf8
2019-07-14 16:32:01,777 INFO  impl.RaftServerImpl (RaftServerImpl.java:lambda$shutdown$3(245)) - 661245da-c950-408b-9610-dfa66d238453: shutdown group-8C1EC49200CD
2019-07-14 16:32:01,778 INFO  impl.RoleInfo (RoleInfo.java:shutdownLeaderState(104)) - 785ebdca-8c52-4b51-9caf-dc0865fb3cf8: shutdown LeaderState
2019-07-14 16:32:01,778 INFO  util.JmxRegister (JmxRegister.java:unregister(73)) - Successfully un-registered JMX Bean with object name Ratis:service=RaftServer,group=group-8C1EC49200CD,id=661245da-c950-408b-9610-dfa66d238453
2019-07-14 16:32:01,779 INFO  impl.RoleInfo (RoleInfo.java:shutdownLeaderState(104)) - 661245da-c950-408b-9610-dfa66d238453: shutdown LeaderState
2019-07-14 16:32:01,779 WARN  server.GrpcLogAppender (GrpcLogAppender.java:mayWait(143)) - GrpcLogAppender(785ebdca-8c52-4b51-9caf-dc0865fb3cf8->b3b2927a-f011-459c-a64b-1a14801535e4): Wait interrupted by java.lang.InterruptedException
2019-07-14 16:32:01,779 WARN  server.GrpcLogAppender (GrpcLogAppender.java:mayWait(143)) - GrpcLogAppender(785ebdca-8c52-4b51-9caf-dc0865fb3cf8->38d3b87c-51dd-47c3-bfd5-9b9e6717869a): Wait interrupted by java.lang.InterruptedException
2019-07-14 16:32:01,779 INFO  impl.PendingRequests (PendingRequests.java:sendNotLeaderResponses(202)) - 785ebdca-8c52-4b51-9caf-dc0865fb3cf8-PendingRequests: sendNotLeaderResponses
2019-07-14 16:32:01,780 INFO  server.GrpcServerProtocolService (GrpcServerProtocolService.java:onCompleted(104)) - b3b2927a-f011-459c-a64b-1a14801535e4: appendEntries completed
2019-07-14 16:32:01,780 INFO  ratis.ContainerStateMachine (ContainerStateMachine.java:takeSnapshot(246)) - Taking snapshot at termIndex:(t:0, i:~)
2019-07-14 16:32:01,779 INFO  impl.PendingRequests (PendingRequests.java:sendNotLeaderResponses(202)) - 661245da-c950-408b-9610-dfa66d238453-PendingRequests: sendNotLeaderResponses
2019-07-14 16:32:01,781 INFO  server.GrpcLogAppender (GrpcLogAppender.java:onCompleted(292)) - 785ebdca-8c52-4b51-9caf-dc0865fb3cf8->b3b2927a-f011-459c-a64b-1a14801535e4: follower responses appendEntries COMPLETED
2019-07-14 16:32:01,780 INFO  impl.StateMachineUpdater (StateMachineUpdater.java:stopAndJoin(115)) - StateMachineUpdater:785ebdca-8c52-4b51-9caf-dc0865fb3cf8:group-AC78B3083372: set stopIndex = 0
2019-07-14 16:32:01,788 INFO  impl.RaftServerImpl (ServerState.java:close(394)) - 785ebdca-8c52-4b51-9caf-dc0865fb3cf8:group-AC78B3083372 closes. The last applied log index is 0
2019-07-14 16:32:01,788 INFO  ratis.ContainerStateMachine (ContainerStateMachine.java:takeSnapshot(246)) - Taking snapshot at termIndex:(t:1, i:12)
2019-07-14 16:32:01,788 INFO  ratis.ContainerStateMachine (ContainerStateMachine.java:takeSnapshot(250)) - Taking a snapshot to file /workdir/hadoop-ozone/integration-test/target/test-dir/MiniOzoneClusterImpl-58c8e1a0-14c9-42bb-9613-da5ce92a45b6/datanode-3/data/ratis/40c08936-51ef-4729-bfab-8c1ec49200cd/sm/snapshot.1_12
2019-07-14 16:32:01,788 INFO  impl.StateMachineUpdater (StateMachineUpdater.java:stopAndJoin(115)) - StateMachineUpdater:661245da-c950-408b-9610-dfa66d238453:group-8C1EC49200CD: set stopIndex = 13
2019-07-14 16:32:01,787 INFO  impl.FollowerInfo (FollowerInfo.java:lambda$new$0(50)) - 785ebdca-8c52-4b51-9caf-dc0865fb3cf8->b3b2927a-f011-459c-a64b-1a14801535e4: nextIndex: updateUnconditionally 1 -> 0
2019-07-14 16:32:01,789 INFO  impl.StateMachineUpdater (StateMachineUpdater.java:takeSnapshot(242)) - StateMachineUpdater:661245da-c950-408b-9610-dfa66d238453:group-8C1EC49200CD: Took a snapshot at index 12
2019-07-14 16:32:01,789 INFO  impl.StateMachineUpdater (StateMachineUpdater.java:lambda$new$0(80)) - StateMachineUpdater:661245da-c950-408b-9610-dfa66d238453:group-8C1EC49200CD: snapshotIndex: updateIncreasingly -1 -> 12
2019-07-14 16:32:01,788 INFO  segmented.SegmentedRaftLogWorker (SegmentedRaftLogWorker.java:run(313)) - 785ebdca-8c52-4b51-9caf-dc0865fb3cf8-SegmentedRaftLogWorker:Storage Directory /workdir/hadoop-ozone/integration-test/target/test-dir/MiniOzoneClusterImpl-58c8e1a0-14c9-42bb-9613-da5ce92a45b6/datanode-2/data/ratis/25047cb2-2034-4452-98de-ac78b3083372 was interrupted, exiting. There are 0 tasks remaining in the queue.
2019-07-14 16:32:01,790 INFO  impl.RaftServerImpl (ServerState.java:close(394)) - 661245da-c950-408b-9610-dfa66d238453:group-8C1EC49200CD closes. The last applied log index is 13
2019-07-14 16:32:01,792 INFO  segmented.SegmentedRaftLogWorker (SegmentedRaftLogWorker.java:close(228)) - 785ebdca-8c52-4b51-9caf-dc0865fb3cf8-SegmentedRaftLogWorker:Storage Directory /workdir/hadoop-ozone/integration-test/target/test-dir/MiniOzoneClusterImpl-58c8e1a0-14c9-42bb-9613-da5ce92a45b6/datanode-2/data/ratis/25047cb2-2034-4452-98de-ac78b3083372 close()
2019-07-14 16:32:01,792 INFO  segmented.SegmentedRaftLogWorker (SegmentedRaftLogWorker.java:run(313)) - 661245da-c950-408b-9610-dfa66d238453-SegmentedRaftLogWorker:Storage Directory /workdir/hadoop-ozone/integration-test/target/test-dir/MiniOzoneClusterImpl-58c8e1a0-14c9-42bb-9613-da5ce92a45b6/datanode-3/data/ratis/40c08936-51ef-4729-bfab-8c1ec49200cd was interrupted, exiting. There are 0 tasks remaining in the queue.
2019-07-14 16:32:01,794 INFO  server.GrpcService (GrpcService.java:closeImpl(155)) - 785ebdca-8c52-4b51-9caf-dc0865fb3cf8: shutdown server with port 44512 now
2019-07-14 16:32:01,796 INFO  segmented.SegmentedRaftLogWorker (SegmentedRaftLogWorker.java:close(228)) - 661245da-c950-408b-9610-dfa66d238453-SegmentedRaftLogWorker:Storage Directory /workdir/hadoop-ozone/integration-test/target/test-dir/MiniOzoneClusterImpl-58c8e1a0-14c9-42bb-9613-da5ce92a45b6/datanode-3/data/ratis/40c08936-51ef-4729-bfab-8c1ec49200cd close()
2019-07-14 16:32:01,796 INFO  server.GrpcService (GrpcService.java:closeImpl(163)) - 785ebdca-8c52-4b51-9caf-dc0865fb3cf8: shutdown server with port 44512 successfully
2019-07-14 16:32:01,798 INFO  server.GrpcService (GrpcService.java:closeImpl(155)) - 661245da-c950-408b-9610-dfa66d238453: shutdown server with port 34218 now
2019-07-14 16:32:01,799 INFO  server.GrpcService (GrpcService.java:closeImpl(163)) - 661245da-c950-408b-9610-dfa66d238453: shutdown server with port 34218 successfully
2019-07-14 16:32:01,800 INFO  utils.BackgroundService (BackgroundService.java:shutdown(148)) - Shutting down service BlockDeletingService
2019-07-14 16:32:01,801 INFO  utils.BackgroundService (BackgroundService.java:shutdown(148)) - Shutting down service BlockDeletingService
2019-07-14 16:32:01,803 WARN  fs.CachingGetSpaceUsed (CachingGetSpaceUsed.java:run(183)) - Thread Interrupted waiting to refresh disk information: sleep interrupted
2019-07-14 16:32:01,804 WARN  fs.CachingGetSpaceUsed (CachingGetSpaceUsed.java:run(183)) - Thread Interrupted waiting to refresh disk information: sleep interrupted
2019-07-14 16:32:01,825 INFO  statemachine.DatanodeStateMachine (DatanodeStateMachine.java:stopDaemon(395)) - Ozone container server stopped.
2019-07-14 16:32:01,826 INFO  statemachine.DatanodeStateMachine (DatanodeStateMachine.java:stopDaemon(395)) - Ozone container server stopped.
2019-07-14 16:32:01,843 INFO  handler.ContextHandler (ContextHandler.java:doStop(910)) - Stopped o.e.j.w.WebAppContext@193792e6{/,null,UNAVAILABLE}{/hddsDatanode}
2019-07-14 16:32:01,843 INFO  handler.ContextHandler (ContextHandler.java:doStop(910)) - Stopped o.e.j.w.WebAppContext@62b0792{/,null,UNAVAILABLE}{/hddsDatanode}
2019-07-14 16:32:01,844 INFO  server.AbstractConnector (AbstractConnector.java:doStop(318)) - Stopped ServerConnector@21f9a305{HTTP/1.1,[http/1.1]}{0.0.0.0:0}
2019-07-14 16:32:01,844 INFO  server.AbstractConnector (AbstractConnector.java:doStop(318)) - Stopped ServerConnector@2fd409c1{HTTP/1.1,[http/1.1]}{0.0.0.0:0}
2019-07-14 16:32:01,844 INFO  handler.ContextHandler (ContextHandler.java:doStop(910)) - Stopped o.e.j.s.ServletContextHandler@580c4c0b{/static,jar:file:/home/user/.m2/repository/org/apache/hadoop/hadoop-hdds-container-service/0.5.0-SNAPSHOT/hadoop-hdds-container-service-0.5.0-SNAPSHOT.jar!/webapps/static,UNAVAILABLE}
2019-07-14 16:32:01,846 INFO  handler.ContextHandler (ContextHandler.java:doStop(910)) - Stopped o.e.j.s.ServletContextHandler@73072745{/static,jar:file:/home/user/.m2/repository/org/apache/hadoop/hadoop-hdds-container-service/0.5.0-SNAPSHOT/hadoop-hdds-container-service-0.5.0-SNAPSHOT.jar!/webapps/static,UNAVAILABLE}
2019-07-14 16:32:01,846 INFO  handler.ContextHandler (ContextHandler.java:doStop(910)) - Stopped o.e.j.s.ServletContextHandler@195888a6{/logs,file:///workdir/hadoop-ozone/integration-test/target/log,UNAVAILABLE}
2019-07-14 16:32:01,848 INFO  handler.ContextHandler (ContextHandler.java:doStop(910)) - Stopped o.e.j.s.ServletContextHandler@67eabe02{/logs,file:///workdir/hadoop-ozone/integration-test/target/log,UNAVAILABLE}
2019-07-14 16:32:01,850 INFO  datanode.ObjectStoreHandler (ObjectStoreHandler.java:close(155)) - Closing ObjectStoreHandler.
2019-07-14 16:32:01,850 INFO  datanode.ObjectStoreHandler (ObjectStoreHandler.java:close(155)) - Closing ObjectStoreHandler.
2019-07-14 16:32:01,850 INFO  ozone.HddsDatanodeService (HddsDatanodeService.java:stop(452)) - Stopped plug-in org.apache.hadoop.ozone.web.OzoneHddsDatanodeService@2f08e6d3
2019-07-14 16:32:01,851 INFO  ozone.HddsDatanodeService (HddsDatanodeService.java:stop(452)) - Stopped plug-in org.apache.hadoop.ozone.web.OzoneHddsDatanodeService@7c31e01f
2019-07-14 16:32:01,927 INFO  statemachine.DatanodeStateMachine (DatanodeStateMachine.java:lambda$startDaemon$0(350)) - Ozone container server started.
2019-07-14 16:32:02,829 INFO  statemachine.DatanodeStateMachine (DatanodeStateMachine.java:lambda$startDaemon$0(350)) - Ozone container server started.
2019-07-14 16:32:05,983 INFO  node.StaleNodeHandler (StaleNodeHandler.java:onMessage(58)) - Datanode d905fea8-cc0f-49ad-be6b-3657fb5a4f09{ip: 192.168.69.77, host: pr-hdds-1710-5x6jb-1204890111, networkLocation: /default-rack, certSerialId: null} moved to stale state. Finalizing its pipelines [PipelineID=517bd2a1-fad0-4be9-af69-3398d6bbbdbd]
2019-07-14 16:32:05,984 INFO  pipeline.SCMPipelineManager (SCMPipelineManager.java:finalizeAndDestroyPipeline(309)) - destroying pipeline:Pipeline[ Id: 517bd2a1-fad0-4be9-af69-3398d6bbbdbd, Nodes: d905fea8-cc0f-49ad-be6b-3657fb5a4f09{ip: 192.168.69.77, host: pr-hdds-1710-5x6jb-1204890111, networkLocation: /default-rack, certSerialId: null}, Type:RATIS, Factor:ONE, State:OPEN]
2019-07-14 16:32:05,984 INFO  pipeline.PipelineStateManager (PipelineStateManager.java:finalizePipeline(123)) - Pipeline Pipeline[ Id: 517bd2a1-fad0-4be9-af69-3398d6bbbdbd, Nodes: d905fea8-cc0f-49ad-be6b-3657fb5a4f09{ip: 192.168.69.77, host: pr-hdds-1710-5x6jb-1204890111, networkLocation: /default-rack, certSerialId: null}, Type:RATIS, Factor:ONE, State:CLOSED] moved to CLOSED state
2019-07-14 16:32:06,854 INFO  ozoneimpl.OzoneContainer (OzoneContainer.java:stop(199)) - Attempting to stop container services.
2019-07-14 16:32:06,854 INFO  ozoneimpl.OzoneContainer (OzoneContainer.java:stop(199)) - Attempting to stop container services.
2019-07-14 16:32:06,854 INFO  impl.RaftServerProxy (RaftServerProxy.java:lambda$close$4(314)) - d905fea8-cc0f-49ad-be6b-3657fb5a4f09: close
2019-07-14 16:32:06,855 INFO  impl.RaftServerProxy (RaftServerProxy.java:lambda$close$4(314)) - b3b2927a-f011-459c-a64b-1a14801535e4: close
2019-07-14 16:32:06,855 INFO  impl.RaftServerImpl (RaftServerImpl.java:lambda$shutdown$3(245)) - d905fea8-cc0f-49ad-be6b-3657fb5a4f09: shutdown group-3398D6BBBDBD
2019-07-14 16:32:06,856 INFO  impl.RaftServerImpl (RaftServerImpl.java:lambda$shutdown$3(245)) - b3b2927a-f011-459c-a64b-1a14801535e4: shutdown group-AC78B3083372
2019-07-14 16:32:06,856 INFO  util.JmxRegister (JmxRegister.java:unregister(73)) - Successfully un-registered JMX Bean with object name Ratis:service=RaftServer,group=group-3398D6BBBDBD,id=d905fea8-cc0f-49ad-be6b-3657fb5a4f09
2019-07-14 16:32:06,857 INFO  impl.RoleInfo (RoleInfo.java:shutdownLeaderState(104)) - d905fea8-cc0f-49ad-be6b-3657fb5a4f09: shutdown LeaderState
2019-07-14 16:32:06,856 INFO  util.JmxRegister (JmxRegister.java:unregister(73)) - Successfully un-registered JMX Bean with object name Ratis:service=RaftServer,group=group-AC78B3083372,id=b3b2927a-f011-459c-a64b-1a14801535e4
2019-07-14 16:32:06,857 INFO  impl.PendingRequests (PendingRequests.java:sendNotLeaderResponses(202)) - d905fea8-cc0f-49ad-be6b-3657fb5a4f09-PendingRequests: sendNotLeaderResponses
2019-07-14 16:32:06,858 INFO  impl.RoleInfo (RoleInfo.java:shutdownFollowerState(121)) - b3b2927a-f011-459c-a64b-1a14801535e4: shutdown FollowerState
2019-07-14 16:32:06,858 INFO  ratis.ContainerStateMachine (ContainerStateMachine.java:takeSnapshot(246)) - Taking snapshot at termIndex:(t:0, i:~)
2019-07-14 16:32:06,858 INFO  impl.FollowerState (FollowerState.java:run(114)) - b3b2927a-f011-459c-a64b-1a14801535e4: FollowerState was interrupted: java.lang.InterruptedException: sleep interrupted
2019-07-14 16:32:06,858 INFO  impl.StateMachineUpdater (StateMachineUpdater.java:stopAndJoin(115)) - StateMachineUpdater:d905fea8-cc0f-49ad-be6b-3657fb5a4f09:group-3398D6BBBDBD: set stopIndex = 0
2019-07-14 16:32:06,859 INFO  impl.RaftServerImpl (ServerState.java:close(394)) - d905fea8-cc0f-49ad-be6b-3657fb5a4f09:group-3398D6BBBDBD closes. The last applied log index is 0
2019-07-14 16:32:06,858 INFO  ratis.ContainerStateMachine (ContainerStateMachine.java:takeSnapshot(246)) - Taking snapshot at termIndex:(t:0, i:~)
2019-07-14 16:32:06,859 INFO  segmented.SegmentedRaftLogWorker (SegmentedRaftLogWorker.java:run(313)) - d905fea8-cc0f-49ad-be6b-3657fb5a4f09-SegmentedRaftLogWorker:Storage Directory /workdir/hadoop-ozone/integration-test/target/test-dir/MiniOzoneClusterImpl-58c8e1a0-14c9-42bb-9613-da5ce92a45b6/datanode-6/data/ratis/517bd2a1-fad0-4be9-af69-3398d6bbbdbd was interrupted, exiting. There are 0 tasks remaining in the queue.
2019-07-14 16:32:06,858 INFO  impl.StateMachineUpdater (StateMachineUpdater.java:stopAndJoin(115)) - StateMachineUpdater:b3b2927a-f011-459c-a64b-1a14801535e4:group-AC78B3083372: set stopIndex = 0
2019-07-14 16:32:06,861 INFO  segmented.SegmentedRaftLogWorker (SegmentedRaftLogWorker.java:close(228)) - d905fea8-cc0f-49ad-be6b-3657fb5a4f09-SegmentedRaftLogWorker:Storage Directory /workdir/hadoop-ozone/integration-test/target/test-dir/MiniOzoneClusterImpl-58c8e1a0-14c9-42bb-9613-da5ce92a45b6/datanode-6/data/ratis/517bd2a1-fad0-4be9-af69-3398d6bbbdbd close()
2019-07-14 16:32:06,861 INFO  impl.RaftServerImpl (ServerState.java:close(394)) - b3b2927a-f011-459c-a64b-1a14801535e4:group-AC78B3083372 closes. The last applied log index is 0
2019-07-14 16:32:06,863 INFO  server.GrpcService (GrpcService.java:closeImpl(155)) - d905fea8-cc0f-49ad-be6b-3657fb5a4f09: shutdown server with port 42534 now
2019-07-14 16:32:06,863 INFO  segmented.SegmentedRaftLogWorker (SegmentedRaftLogWorker.java:run(313)) - b3b2927a-f011-459c-a64b-1a14801535e4-SegmentedRaftLogWorker:Storage Directory /workdir/hadoop-ozone/integration-test/target/test-dir/MiniOzoneClusterImpl-58c8e1a0-14c9-42bb-9613-da5ce92a45b6/datanode-0/data/ratis/25047cb2-2034-4452-98de-ac78b3083372 was interrupted, exiting. There are 0 tasks remaining in the queue.
2019-07-14 16:32:06,865 INFO  server.GrpcService (GrpcService.java:closeImpl(163)) - d905fea8-cc0f-49ad-be6b-3657fb5a4f09: shutdown server with port 42534 successfully
2019-07-14 16:32:06,868 INFO  segmented.SegmentedRaftLogWorker (SegmentedRaftLogWorker.java:close(228)) - b3b2927a-f011-459c-a64b-1a14801535e4-SegmentedRaftLogWorker:Storage Directory /workdir/hadoop-ozone/integration-test/target/test-dir/MiniOzoneClusterImpl-58c8e1a0-14c9-42bb-9613-da5ce92a45b6/datanode-0/data/ratis/25047cb2-2034-4452-98de-ac78b3083372 close()
2019-07-14 16:32:06,868 INFO  utils.BackgroundService (BackgroundService.java:shutdown(148)) - Shutting down service BlockDeletingService
2019-07-14 16:32:06,874 INFO  impl.RaftServerImpl (RaftServerImpl.java:lambda$shutdown$3(245)) - b3b2927a-f011-459c-a64b-1a14801535e4: shutdown group-1C6A7375F266
2019-07-14 16:32:06,875 INFO  util.JmxRegister (JmxRegister.java:unregister(73)) - Successfully un-registered JMX Bean with object name Ratis:service=RaftServer,group=group-1C6A7375F266,id=b3b2927a-f011-459c-a64b-1a14801535e4
2019-07-14 16:32:06,875 WARN  fs.CachingGetSpaceUsed (CachingGetSpaceUsed.java:run(183)) - Thread Interrupted waiting to refresh disk information: sleep interrupted
2019-07-14 16:32:06,875 INFO  impl.RoleInfo (RoleInfo.java:shutdownLeaderState(104)) - b3b2927a-f011-459c-a64b-1a14801535e4: shutdown LeaderState
2019-07-14 16:32:06,876 INFO  impl.PendingRequests (PendingRequests.java:sendNotLeaderResponses(202)) - b3b2927a-f011-459c-a64b-1a14801535e4-PendingRequests: sendNotLeaderResponses
2019-07-14 16:32:06,876 INFO  impl.StateMachineUpdater (StateMachineUpdater.java:stopAndJoin(115)) - StateMachineUpdater:b3b2927a-f011-459c-a64b-1a14801535e4:group-1C6A7375F266: set stopIndex = 0
2019-07-14 16:32:06,876 INFO  ratis.ContainerStateMachine (ContainerStateMachine.java:takeSnapshot(246)) - Taking snapshot at termIndex:(t:0, i:~)
2019-07-14 16:32:06,877 INFO  impl.RaftServerImpl (ServerState.java:close(394)) - b3b2927a-f011-459c-a64b-1a14801535e4:group-1C6A7375F266 closes. The last applied log index is 0
2019-07-14 16:32:06,877 INFO  segmented.SegmentedRaftLogWorker (SegmentedRaftLogWorker.java:run(313)) - b3b2927a-f011-459c-a64b-1a14801535e4-SegmentedRaftLogWorker:Storage Directory /workdir/hadoop-ozone/integration-test/target/test-dir/MiniOzoneClusterImpl-58c8e1a0-14c9-42bb-9613-da5ce92a45b6/datanode-0/data/ratis/8fef31c6-eb93-4368-b6b5-1c6a7375f266 was interrupted, exiting. There are 0 tasks remaining in the queue.
2019-07-14 16:32:06,877 INFO  segmented.SegmentedRaftLogWorker (SegmentedRaftLogWorker.java:close(228)) - b3b2927a-f011-459c-a64b-1a14801535e4-SegmentedRaftLogWorker:Storage Directory /workdir/hadoop-ozone/integration-test/target/test-dir/MiniOzoneClusterImpl-58c8e1a0-14c9-42bb-9613-da5ce92a45b6/datanode-0/data/ratis/8fef31c6-eb93-4368-b6b5-1c6a7375f266 close()
2019-07-14 16:32:06,878 INFO  server.GrpcService (GrpcService.java:closeImpl(155)) - b3b2927a-f011-459c-a64b-1a14801535e4: shutdown server with port 37069 now
2019-07-14 16:32:06,879 INFO  server.GrpcService (GrpcService.java:closeImpl(163)) - b3b2927a-f011-459c-a64b-1a14801535e4: shutdown server with port 37069 successfully
2019-07-14 16:32:06,880 INFO  utils.BackgroundService (BackgroundService.java:shutdown(148)) - Shutting down service BlockDeletingService
2019-07-14 16:32:06,881 WARN  fs.CachingGetSpaceUsed (CachingGetSpaceUsed.java:run(183)) - Thread Interrupted waiting to refresh disk information: sleep interrupted
2019-07-14 16:32:06,885 INFO  node.StaleNodeHandler (StaleNodeHandler.java:onMessage(58)) - Datanode b3b2927a-f011-459c-a64b-1a14801535e4{ip: 192.168.69.77, host: pr-hdds-1710-5x6jb-1204890111, networkLocation: /default-rack, certSerialId: null} moved to stale state. Finalizing its pipelines [PipelineID=25047cb2-2034-4452-98de-ac78b3083372, PipelineID=8fef31c6-eb93-4368-b6b5-1c6a7375f266]
2019-07-14 16:32:06,885 INFO  pipeline.SCMPipelineManager (SCMPipelineManager.java:finalizeAndDestroyPipeline(309)) - destroying pipeline:Pipeline[ Id: 25047cb2-2034-4452-98de-ac78b3083372, Nodes: 785ebdca-8c52-4b51-9caf-dc0865fb3cf8{ip: 192.168.69.77, host: pr-hdds-1710-5x6jb-1204890111, networkLocation: /default-rack, certSerialId: null}38d3b87c-51dd-47c3-bfd5-9b9e6717869a{ip: 192.168.69.77, host: pr-hdds-1710-5x6jb-1204890111, networkLocation: /default-rack, certSerialId: null}b3b2927a-f011-459c-a64b-1a14801535e4{ip: 192.168.69.77, host: pr-hdds-1710-5x6jb-1204890111, networkLocation: /default-rack, certSerialId: null}, Type:RATIS, Factor:THREE, State:CLOSED]
2019-07-14 16:32:06,885 INFO  pipeline.SCMPipelineManager (SCMPipelineManager.java:finalizeAndDestroyPipeline(309)) - destroying pipeline:Pipeline[ Id: 8fef31c6-eb93-4368-b6b5-1c6a7375f266, Nodes: b3b2927a-f011-459c-a64b-1a14801535e4{ip: 192.168.69.77, host: pr-hdds-1710-5x6jb-1204890111, networkLocation: /default-rack, certSerialId: null}, Type:RATIS, Factor:ONE, State:OPEN]
2019-07-14 16:32:06,885 INFO  pipeline.PipelineStateManager (PipelineStateManager.java:finalizePipeline(123)) - Pipeline Pipeline[ Id: 8fef31c6-eb93-4368-b6b5-1c6a7375f266, Nodes: b3b2927a-f011-459c-a64b-1a14801535e4{ip: 192.168.69.77, host: pr-hdds-1710-5x6jb-1204890111, networkLocation: /default-rack, certSerialId: null}, Type:RATIS, Factor:ONE, State:CLOSED] moved to CLOSED state
2019-07-14 16:32:06,896 INFO  statemachine.DatanodeStateMachine (DatanodeStateMachine.java:stopDaemon(395)) - Ozone container server stopped.
2019-07-14 16:32:06,903 INFO  statemachine.DatanodeStateMachine (DatanodeStateMachine.java:stopDaemon(395)) - Ozone container server stopped.
2019-07-14 16:32:06,910 INFO  handler.ContextHandler (ContextHandler.java:doStop(910)) - Stopped o.e.j.w.WebAppContext@45e49d3d{/,null,UNAVAILABLE}{/hddsDatanode}
2019-07-14 16:32:06,910 INFO  handler.ContextHandler (ContextHandler.java:doStop(910)) - Stopped o.e.j.w.WebAppContext@4e212f46{/,null,UNAVAILABLE}{/hddsDatanode}
2019-07-14 16:32:06,910 INFO  server.AbstractConnector (AbstractConnector.java:doStop(318)) - Stopped ServerConnector@72e5206{HTTP/1.1,[http/1.1]}{0.0.0.0:0}
2019-07-14 16:32:06,911 INFO  handler.ContextHandler (ContextHandler.java:doStop(910)) - Stopped o.e.j.s.ServletContextHandler@282079b9{/static,jar:file:/home/user/.m2/repository/org/apache/hadoop/hadoop-hdds-container-service/0.5.0-SNAPSHOT/hadoop-hdds-container-service-0.5.0-SNAPSHOT.jar!/webapps/static,UNAVAILABLE}
2019-07-14 16:32:06,912 INFO  handler.ContextHandler (ContextHandler.java:doStop(910)) - Stopped o.e.j.s.ServletContextHandler@7680beac{/logs,file:///workdir/hadoop-ozone/integration-test/target/log,UNAVAILABLE}
2019-07-14 16:32:06,912 INFO  server.AbstractConnector (AbstractConnector.java:doStop(318)) - Stopped ServerConnector@629fe84{HTTP/1.1,[http/1.1]}{0.0.0.0:0}
2019-07-14 16:32:06,915 INFO  handler.ContextHandler (ContextHandler.java:doStop(910)) - Stopped o.e.j.s.ServletContextHandler@2a15bbf3{/static,jar:file:/home/user/.m2/repository/org/apache/hadoop/hadoop-hdds-container-service/0.5.0-SNAPSHOT/hadoop-hdds-container-service-0.5.0-SNAPSHOT.jar!/webapps/static,UNAVAILABLE}
2019-07-14 16:32:06,916 INFO  datanode.ObjectStoreHandler (ObjectStoreHandler.java:close(155)) - Closing ObjectStoreHandler.
2019-07-14 16:32:06,916 INFO  handler.ContextHandler (ContextHandler.java:doStop(910)) - Stopped o.e.j.s.ServletContextHandler@760d6350{/logs,file:///workdir/hadoop-ozone/integration-test/target/log,UNAVAILABLE}
2019-07-14 16:32:06,916 INFO  ozone.HddsDatanodeService (HddsDatanodeService.java:stop(452)) - Stopped plug-in org.apache.hadoop.ozone.web.OzoneHddsDatanodeService@37c49a55
2019-07-14 16:32:07,692 INFO  statemachine.DatanodeStateMachine (DatanodeStateMachine.java:lambda$startDaemon$0(350)) - Ozone container server started.
2019-07-14 16:32:08,169 INFO  impl.FollowerState (FollowerState.java:run(106)) - c7d855e2-543e-4994-92d1-7ede353827b9:group-E02664CA1401 changes to CANDIDATE, lastRpcTime:7720, electionTimeout:5065ms
2019-07-14 16:32:08,170 INFO  impl.RoleInfo (RoleInfo.java:shutdownFollowerState(121)) - c7d855e2-543e-4994-92d1-7ede353827b9: shutdown FollowerState
2019-07-14 16:32:08,170 INFO  impl.RaftServerImpl (RaftServerImpl.java:setRole(171)) - c7d855e2-543e-4994-92d1-7ede353827b9:group-E02664CA1401 changes role from FOLLOWER to CANDIDATE at term 1 for changeToCandidate
2019-07-14 16:32:08,170 INFO  impl.RoleInfo (RoleInfo.java:updateAndGet(143)) - c7d855e2-543e-4994-92d1-7ede353827b9: start LeaderElection
2019-07-14 16:32:08,172 INFO  impl.RaftServerImpl (ServerState.java:setLeader(263)) - c7d855e2-543e-4994-92d1-7ede353827b9:group-E02664CA1401 change Leader from 661245da-c950-408b-9610-dfa66d238453 to null at term 1 for initElection
2019-07-14 16:32:08,188 INFO  impl.LeaderElection (LeaderElection.java:askForVotes(181)) - c7d855e2-543e-4994-92d1-7ede353827b9:group-E02664CA1401:LeaderElection64: begin an election at term 2 for 0: [661245da-c950-408b-9610-dfa66d238453:192.168.69.77:34218, c7d855e2-543e-4994-92d1-7ede353827b9:192.168.69.77:34114, fd317595-8ec7-4bd4-95fd-3dc43907ee42:192.168.69.77:33991], old=null
2019-07-14 16:32:08,191 INFO  impl.LeaderElection (LogUtils.java:infoOrTrace(149)) - c7d855e2-543e-4994-92d1-7ede353827b9:group-E02664CA1401:LeaderElection64 got exception when requesting votes: {}
java.util.concurrent.ExecutionException: org.apache.ratis.thirdparty.io.grpc.StatusRuntimeException: UNAVAILABLE: io exception
	at java.util.concurrent.FutureTask.report(FutureTask.java:122)
	at java.util.concurrent.FutureTask.get(FutureTask.java:192)
	at org.apache.ratis.server.impl.LeaderElection.waitForResults(LeaderElection.java:262)
	at org.apache.ratis.server.impl.LeaderElection.askForVotes(LeaderElection.java:200)
	at org.apache.ratis.server.impl.LeaderElection.run(LeaderElection.java:130)
	at java.lang.Thread.run(Thread.java:748)
Caused by: org.apache.ratis.thirdparty.io.grpc.StatusRuntimeException: UNAVAILABLE: io exception
	at org.apache.ratis.thirdparty.io.grpc.stub.ClientCalls.toStatusRuntimeException(ClientCalls.java:233)
	at org.apache.ratis.thirdparty.io.grpc.stub.ClientCalls.getUnchecked(ClientCalls.java:214)
	at org.apache.ratis.thirdparty.io.grpc.stub.ClientCalls.blockingUnaryCall(ClientCalls.java:139)
	at org.apache.ratis.proto.grpc.RaftServerProtocolServiceGrpc$RaftServerProtocolServiceBlockingStub.requestVote(RaftServerProtocolServiceGrpc.java:265)
	at org.apache.ratis.grpc.server.GrpcServerProtocolClient.requestVote(GrpcServerProtocolClient.java:83)
	at org.apache.ratis.grpc.server.GrpcService.requestVote(GrpcService.java:195)
	at org.apache.ratis.server.impl.LeaderElection.lambda$submitRequests$1(LeaderElection.java:237)
	at java.util.concurrent.FutureTask.run(FutureTask.java:266)
	at java.util.concurrent.Executors$RunnableAdapter.call(Executors.java:511)
	at java.util.concurrent.FutureTask.run(FutureTask.java:266)
	at java.util.concurrent.ThreadPoolExecutor.runWorker(ThreadPoolExecutor.java:1149)
	at java.util.concurrent.ThreadPoolExecutor$Worker.run(ThreadPoolExecutor.java:624)
	... 1 more
Caused by: org.apache.ratis.thirdparty.io.netty.channel.AbstractChannel$AnnotatedConnectException: Connection refused: /192.168.69.77:34218
	at sun.nio.ch.SocketChannelImpl.checkConnect(Native Method)
	at sun.nio.ch.SocketChannelImpl.finishConnect(SocketChannelImpl.java:717)
	at org.apache.ratis.thirdparty.io.netty.channel.socket.nio.NioSocketChannel.doFinishConnect(NioSocketChannel.java:327)
	at org.apache.ratis.thirdparty.io.netty.channel.nio.AbstractNioChannel$AbstractNioUnsafe.finishConnect(AbstractNioChannel.java:340)
	at org.apache.ratis.thirdparty.io.netty.channel.nio.NioEventLoop.processSelectedKey(NioEventLoop.java:632)
	at org.apache.ratis.thirdparty.io.netty.channel.nio.NioEventLoop.processSelectedKeysOptimized(NioEventLoop.java:579)
	at org.apache.ratis.thirdparty.io.netty.channel.nio.NioEventLoop.processSelectedKeys(NioEventLoop.java:496)
	at org.apache.ratis.thirdparty.io.netty.channel.nio.NioEventLoop.run(NioEventLoop.java:458)
	at org.apache.ratis.thirdparty.io.netty.util.concurrent.SingleThreadEventExecutor$5.run(SingleThreadEventExecutor.java:897)
	at org.apache.ratis.thirdparty.io.netty.util.concurrent.FastThreadLocalRunnable.run(FastThreadLocalRunnable.java:30)
	... 1 more
Caused by: java.net.ConnectException: Connection refused
	... 11 more
2019-07-14 16:32:08,192 INFO  impl.LeaderElection (LogUtils.java:infoOrTrace(149)) - c7d855e2-543e-4994-92d1-7ede353827b9:group-E02664CA1401:LeaderElection64 got exception when requesting votes: {}
java.util.concurrent.ExecutionException: org.apache.ratis.thirdparty.io.grpc.StatusRuntimeException: UNAVAILABLE: io exception
	at java.util.concurrent.FutureTask.report(FutureTask.java:122)
	at java.util.concurrent.FutureTask.get(FutureTask.java:192)
	at org.apache.ratis.server.impl.LeaderElection.waitForResults(LeaderElection.java:262)
	at org.apache.ratis.server.impl.LeaderElection.askForVotes(LeaderElection.java:200)
	at org.apache.ratis.server.impl.LeaderElection.run(LeaderElection.java:130)
	at java.lang.Thread.run(Thread.java:748)
Caused by: org.apache.ratis.thirdparty.io.grpc.StatusRuntimeException: UNAVAILABLE: io exception
	at org.apache.ratis.thirdparty.io.grpc.stub.ClientCalls.toStatusRuntimeException(ClientCalls.java:233)
	at org.apache.ratis.thirdparty.io.grpc.stub.ClientCalls.getUnchecked(ClientCalls.java:214)
	at org.apache.ratis.thirdparty.io.grpc.stub.ClientCalls.blockingUnaryCall(ClientCalls.java:139)
	at org.apache.ratis.proto.grpc.RaftServerProtocolServiceGrpc$RaftServerProtocolServiceBlockingStub.requestVote(RaftServerProtocolServiceGrpc.java:265)
	at org.apache.ratis.grpc.server.GrpcServerProtocolClient.requestVote(GrpcServerProtocolClient.java:83)
	at org.apache.ratis.grpc.server.GrpcService.requestVote(GrpcService.java:195)
	at org.apache.ratis.server.impl.LeaderElection.lambda$submitRequests$1(LeaderElection.java:237)
	at java.util.concurrent.FutureTask.run(FutureTask.java:266)
	at java.util.concurrent.Executors$RunnableAdapter.call(Executors.java:511)
	at java.util.concurrent.FutureTask.run(FutureTask.java:266)
	at java.util.concurrent.ThreadPoolExecutor.runWorker(ThreadPoolExecutor.java:1149)
	at java.util.concurrent.ThreadPoolExecutor$Worker.run(ThreadPoolExecutor.java:624)
	... 1 more
Caused by: org.apache.ratis.thirdparty.io.netty.channel.AbstractChannel$AnnotatedConnectException: Connection refused: /192.168.69.77:33991
	at sun.nio.ch.SocketChannelImpl.checkConnect(Native Method)
	at sun.nio.ch.SocketChannelImpl.finishConnect(SocketChannelImpl.java:717)
	at org.apache.ratis.thirdparty.io.netty.channel.socket.nio.NioSocketChannel.doFinishConnect(NioSocketChannel.java:327)
	at org.apache.ratis.thirdparty.io.netty.channel.nio.AbstractNioChannel$AbstractNioUnsafe.finishConnect(AbstractNioChannel.java:340)
	at org.apache.ratis.thirdparty.io.netty.channel.nio.NioEventLoop.processSelectedKey(NioEventLoop.java:632)
	at org.apache.ratis.thirdparty.io.netty.channel.nio.NioEventLoop.processSelectedKeysOptimized(NioEventLoop.java:579)
	at org.apache.ratis.thirdparty.io.netty.channel.nio.NioEventLoop.processSelectedKeys(NioEventLoop.java:496)
	at org.apache.ratis.thirdparty.io.netty.channel.nio.NioEventLoop.run(NioEventLoop.java:458)
	at org.apache.ratis.thirdparty.io.netty.util.concurrent.SingleThreadEventExecutor$5.run(SingleThreadEventExecutor.java:897)
	at org.apache.ratis.thirdparty.io.netty.util.concurrent.FastThreadLocalRunnable.run(FastThreadLocalRunnable.java:30)
	... 1 more
Caused by: java.net.ConnectException: Connection refused
	... 11 more
2019-07-14 16:32:08,194 INFO  impl.LeaderElection (LeaderElection.java:logAndReturn(56)) - c7d855e2-543e-4994-92d1-7ede353827b9:group-E02664CA1401:LeaderElection64: Election REJECTED; received 0 response(s) [] and 2 exception(s); c7d855e2-543e-4994-92d1-7ede353827b9:t2, leader=null, voted=c7d855e2-543e-4994-92d1-7ede353827b9, raftlog=c7d855e2-543e-4994-92d1-7ede353827b9-SegmentedRaftLog:OPENED:c0,f0,i0, conf=0: [661245da-c950-408b-9610-dfa66d238453:192.168.69.77:34218, c7d855e2-543e-4994-92d1-7ede353827b9:192.168.69.77:34114, fd317595-8ec7-4bd4-95fd-3dc43907ee42:192.168.69.77:33991], old=null
2019-07-14 16:32:08,194 INFO  impl.LeaderElection (LogUtils.java:infoOrTrace(149)) -   Exception 0: {}
java.util.concurrent.ExecutionException: org.apache.ratis.thirdparty.io.grpc.StatusRuntimeException: UNAVAILABLE: io exception
	at java.util.concurrent.FutureTask.report(FutureTask.java:122)
	at java.util.concurrent.FutureTask.get(FutureTask.java:192)
	at org.apache.ratis.server.impl.LeaderElection.waitForResults(LeaderElection.java:262)
	at org.apache.ratis.server.impl.LeaderElection.askForVotes(LeaderElection.java:200)
	at org.apache.ratis.server.impl.LeaderElection.run(LeaderElection.java:130)
	at java.lang.Thread.run(Thread.java:748)
Caused by: org.apache.ratis.thirdparty.io.grpc.StatusRuntimeException: UNAVAILABLE: io exception
	at org.apache.ratis.thirdparty.io.grpc.stub.ClientCalls.toStatusRuntimeException(ClientCalls.java:233)
	at org.apache.ratis.thirdparty.io.grpc.stub.ClientCalls.getUnchecked(ClientCalls.java:214)
	at org.apache.ratis.thirdparty.io.grpc.stub.ClientCalls.blockingUnaryCall(ClientCalls.java:139)
	at org.apache.ratis.proto.grpc.RaftServerProtocolServiceGrpc$RaftServerProtocolServiceBlockingStub.requestVote(RaftServerProtocolServiceGrpc.java:265)
	at org.apache.ratis.grpc.server.GrpcServerProtocolClient.requestVote(GrpcServerProtocolClient.java:83)
	at org.apache.ratis.grpc.server.GrpcService.requestVote(GrpcService.java:195)
	at org.apache.ratis.server.impl.LeaderElection.lambda$submitRequests$1(LeaderElection.java:237)
	at java.util.concurrent.FutureTask.run(FutureTask.java:266)
	at java.util.concurrent.Executors$RunnableAdapter.call(Executors.java:511)
	at java.util.concurrent.FutureTask.run(FutureTask.java:266)
	at java.util.concurrent.ThreadPoolExecutor.runWorker(ThreadPoolExecutor.java:1149)
	at java.util.concurrent.ThreadPoolExecutor$Worker.run(ThreadPoolExecutor.java:624)
	... 1 more
Caused by: org.apache.ratis.thirdparty.io.netty.channel.AbstractChannel$AnnotatedConnectException: Connection refused: /192.168.69.77:34218
	at sun.nio.ch.SocketChannelImpl.checkConnect(Native Method)
	at sun.nio.ch.SocketChannelImpl.finishConnect(SocketChannelImpl.java:717)
	at org.apache.ratis.thirdparty.io.netty.channel.socket.nio.NioSocketChannel.doFinishConnect(NioSocketChannel.java:327)
	at org.apache.ratis.thirdparty.io.netty.channel.nio.AbstractNioChannel$AbstractNioUnsafe.finishConnect(AbstractNioChannel.java:340)
	at org.apache.ratis.thirdparty.io.netty.channel.nio.NioEventLoop.processSelectedKey(NioEventLoop.java:632)
	at org.apache.ratis.thirdparty.io.netty.channel.nio.NioEventLoop.processSelectedKeysOptimized(NioEventLoop.java:579)
	at org.apache.ratis.thirdparty.io.netty.channel.nio.NioEventLoop.processSelectedKeys(NioEventLoop.java:496)
	at org.apache.ratis.thirdparty.io.netty.channel.nio.NioEventLoop.run(NioEventLoop.java:458)
	at org.apache.ratis.thirdparty.io.netty.util.concurrent.SingleThreadEventExecutor$5.run(SingleThreadEventExecutor.java:897)
	at org.apache.ratis.thirdparty.io.netty.util.concurrent.FastThreadLocalRunnable.run(FastThreadLocalRunnable.java:30)
	... 1 more
Caused by: java.net.ConnectException: Connection refused
	... 11 more
2019-07-14 16:32:08,194 INFO  impl.LeaderElection (LogUtils.java:infoOrTrace(149)) -   Exception 1: {}
java.util.concurrent.ExecutionException: org.apache.ratis.thirdparty.io.grpc.StatusRuntimeException: UNAVAILABLE: io exception
	at java.util.concurrent.FutureTask.report(FutureTask.java:122)
	at java.util.concurrent.FutureTask.get(FutureTask.java:192)
	at org.apache.ratis.server.impl.LeaderElection.waitForResults(LeaderElection.java:262)
	at org.apache.ratis.server.impl.LeaderElection.askForVotes(LeaderElection.java:200)
	at org.apache.ratis.server.impl.LeaderElection.run(LeaderElection.java:130)
	at java.lang.Thread.run(Thread.java:748)
Caused by: org.apache.ratis.thirdparty.io.grpc.StatusRuntimeException: UNAVAILABLE: io exception
	at org.apache.ratis.thirdparty.io.grpc.stub.ClientCalls.toStatusRuntimeException(ClientCalls.java:233)
	at org.apache.ratis.thirdparty.io.grpc.stub.ClientCalls.getUnchecked(ClientCalls.java:214)
	at org.apache.ratis.thirdparty.io.grpc.stub.ClientCalls.blockingUnaryCall(ClientCalls.java:139)
	at org.apache.ratis.proto.grpc.RaftServerProtocolServiceGrpc$RaftServerProtocolServiceBlockingStub.requestVote(RaftServerProtocolServiceGrpc.java:265)
	at org.apache.ratis.grpc.server.GrpcServerProtocolClient.requestVote(GrpcServerProtocolClient.java:83)
	at org.apache.ratis.grpc.server.GrpcService.requestVote(GrpcService.java:195)
	at org.apache.ratis.server.impl.LeaderElection.lambda$submitRequests$1(LeaderElection.java:237)
	at java.util.concurrent.FutureTask.run(FutureTask.java:266)
	at java.util.concurrent.Executors$RunnableAdapter.call(Executors.java:511)
	at java.util.concurrent.FutureTask.run(FutureTask.java:266)
	at java.util.concurrent.ThreadPoolExecutor.runWorker(ThreadPoolExecutor.java:1149)
	at java.util.concurrent.ThreadPoolExecutor$Worker.run(ThreadPoolExecutor.java:624)
	... 1 more
Caused by: org.apache.ratis.thirdparty.io.netty.channel.AbstractChannel$AnnotatedConnectException: Connection refused: /192.168.69.77:33991
	at sun.nio.ch.SocketChannelImpl.checkConnect(Native Method)
	at sun.nio.ch.SocketChannelImpl.finishConnect(SocketChannelImpl.java:717)
	at org.apache.ratis.thirdparty.io.netty.channel.socket.nio.NioSocketChannel.doFinishConnect(NioSocketChannel.java:327)
	at org.apache.ratis.thirdparty.io.netty.channel.nio.AbstractNioChannel$AbstractNioUnsafe.finishConnect(AbstractNioChannel.java:340)
	at org.apache.ratis.thirdparty.io.netty.channel.nio.NioEventLoop.processSelectedKey(NioEventLoop.java:632)
	at org.apache.ratis.thirdparty.io.netty.channel.nio.NioEventLoop.processSelectedKeysOptimized(NioEventLoop.java:579)
	at org.apache.ratis.thirdparty.io.netty.channel.nio.NioEventLoop.processSelectedKeys(NioEventLoop.java:496)
	at org.apache.ratis.thirdparty.io.netty.channel.nio.NioEventLoop.run(NioEventLoop.java:458)
	at org.apache.ratis.thirdparty.io.netty.util.concurrent.SingleThreadEventExecutor$5.run(SingleThreadEventExecutor.java:897)
	at org.apache.ratis.thirdparty.io.netty.util.concurrent.FastThreadLocalRunnable.run(FastThreadLocalRunnable.java:30)
	... 1 more
Caused by: java.net.ConnectException: Connection refused
	... 11 more
2019-07-14 16:32:08,195 INFO  impl.RaftServerImpl (RaftServerImpl.java:setRole(171)) - c7d855e2-543e-4994-92d1-7ede353827b9:group-E02664CA1401 changes role from CANDIDATE to FOLLOWER at term 2 for DISCOVERED_A_NEW_TERM
2019-07-14 16:32:08,195 INFO  impl.RoleInfo (RoleInfo.java:shutdownLeaderElection(134)) - c7d855e2-543e-4994-92d1-7ede353827b9: shutdown LeaderElection
2019-07-14 16:32:08,195 INFO  impl.RoleInfo (RoleInfo.java:updateAndGet(143)) - c7d855e2-543e-4994-92d1-7ede353827b9: start FollowerState
2019-07-14 16:32:11,791 INFO  node.StaleNodeHandler (StaleNodeHandler.java:onMessage(58)) - Datanode c7d855e2-543e-4994-92d1-7ede353827b9{ip: 192.168.69.77, host: pr-hdds-1710-5x6jb-1204890111, networkLocation: /default-rack, certSerialId: null} moved to stale state. Finalizing its pipelines [PipelineID=efdd1a9d-2791-4df3-8f1f-e02664ca1401, PipelineID=cfa84489-2096-4893-88c4-307019e61712]
2019-07-14 16:32:11,791 INFO  pipeline.SCMPipelineManager (SCMPipelineManager.java:finalizeAndDestroyPipeline(309)) - destroying pipeline:Pipeline[ Id: efdd1a9d-2791-4df3-8f1f-e02664ca1401, Nodes: 661245da-c950-408b-9610-dfa66d238453{ip: 192.168.69.77, host: pr-hdds-1710-5x6jb-1204890111, networkLocation: /default-rack, certSerialId: null}fd317595-8ec7-4bd4-95fd-3dc43907ee42{ip: 192.168.69.77, host: pr-hdds-1710-5x6jb-1204890111, networkLocation: /default-rack, certSerialId: null}c7d855e2-543e-4994-92d1-7ede353827b9{ip: 192.168.69.77, host: pr-hdds-1710-5x6jb-1204890111, networkLocation: /default-rack, certSerialId: null}, Type:RATIS, Factor:THREE, State:CLOSED]
2019-07-14 16:32:11,792 INFO  pipeline.SCMPipelineManager (SCMPipelineManager.java:finalizeAndDestroyPipeline(309)) - destroying pipeline:Pipeline[ Id: cfa84489-2096-4893-88c4-307019e61712, Nodes: c7d855e2-543e-4994-92d1-7ede353827b9{ip: 192.168.69.77, host: pr-hdds-1710-5x6jb-1204890111, networkLocation: /default-rack, certSerialId: null}, Type:RATIS, Factor:ONE, State:OPEN]
2019-07-14 16:32:11,792 INFO  pipeline.PipelineStateManager (PipelineStateManager.java:finalizePipeline(123)) - Pipeline Pipeline[ Id: cfa84489-2096-4893-88c4-307019e61712, Nodes: c7d855e2-543e-4994-92d1-7ede353827b9{ip: 192.168.69.77, host: pr-hdds-1710-5x6jb-1204890111, networkLocation: /default-rack, certSerialId: null}, Type:RATIS, Factor:ONE, State:CLOSED] moved to CLOSED state
2019-07-14 16:32:11,917 INFO  ozoneimpl.OzoneContainer (OzoneContainer.java:stop(199)) - Attempting to stop container services.
2019-07-14 16:32:11,918 INFO  impl.RaftServerProxy (RaftServerProxy.java:lambda$close$4(314)) - c7d855e2-543e-4994-92d1-7ede353827b9: close
2019-07-14 16:32:11,919 INFO  impl.RaftServerImpl (RaftServerImpl.java:lambda$shutdown$3(245)) - c7d855e2-543e-4994-92d1-7ede353827b9: shutdown group-E02664CA1401
2019-07-14 16:32:11,919 INFO  util.JmxRegister (JmxRegister.java:unregister(73)) - Successfully un-registered JMX Bean with object name Ratis:service=RaftServer,group=group-E02664CA1401,id=c7d855e2-543e-4994-92d1-7ede353827b9
2019-07-14 16:32:11,920 INFO  impl.RoleInfo (RoleInfo.java:shutdownFollowerState(121)) - c7d855e2-543e-4994-92d1-7ede353827b9: shutdown FollowerState
2019-07-14 16:32:11,920 INFO  impl.StateMachineUpdater (StateMachineUpdater.java:stopAndJoin(115)) - StateMachineUpdater:c7d855e2-543e-4994-92d1-7ede353827b9:group-E02664CA1401: set stopIndex = 0
2019-07-14 16:32:11,920 INFO  impl.FollowerState (FollowerState.java:run(114)) - c7d855e2-543e-4994-92d1-7ede353827b9: FollowerState was interrupted: java.lang.InterruptedException: sleep interrupted
2019-07-14 16:32:11,920 INFO  ratis.ContainerStateMachine (ContainerStateMachine.java:takeSnapshot(246)) - Taking snapshot at termIndex:(t:0, i:~)
2019-07-14 16:32:11,923 INFO  impl.RaftServerImpl (ServerState.java:close(394)) - c7d855e2-543e-4994-92d1-7ede353827b9:group-E02664CA1401 closes. The last applied log index is 0
2019-07-14 16:32:11,923 INFO  segmented.SegmentedRaftLogWorker (SegmentedRaftLogWorker.java:run(313)) - c7d855e2-543e-4994-92d1-7ede353827b9-SegmentedRaftLogWorker:Storage Directory /workdir/hadoop-ozone/integration-test/target/test-dir/MiniOzoneClusterImpl-58c8e1a0-14c9-42bb-9613-da5ce92a45b6/datanode-5/data/ratis/efdd1a9d-2791-4df3-8f1f-e02664ca1401 was interrupted, exiting. There are 0 tasks remaining in the queue.
2019-07-14 16:32:11,924 INFO  segmented.SegmentedRaftLogWorker (SegmentedRaftLogWorker.java:close(228)) - c7d855e2-543e-4994-92d1-7ede353827b9-SegmentedRaftLogWorker:Storage Directory /workdir/hadoop-ozone/integration-test/target/test-dir/MiniOzoneClusterImpl-58c8e1a0-14c9-42bb-9613-da5ce92a45b6/datanode-5/data/ratis/efdd1a9d-2791-4df3-8f1f-e02664ca1401 close()
2019-07-14 16:32:11,924 INFO  impl.RaftServerImpl (RaftServerImpl.java:lambda$shutdown$3(245)) - c7d855e2-543e-4994-92d1-7ede353827b9: shutdown group-307019E61712
2019-07-14 16:32:11,925 INFO  util.JmxRegister (JmxRegister.java:unregister(73)) - Successfully un-registered JMX Bean with object name Ratis:service=RaftServer,group=group-307019E61712,id=c7d855e2-543e-4994-92d1-7ede353827b9
2019-07-14 16:32:11,925 INFO  impl.RoleInfo (RoleInfo.java:shutdownLeaderState(104)) - c7d855e2-543e-4994-92d1-7ede353827b9: shutdown LeaderState
2019-07-14 16:32:11,925 INFO  impl.PendingRequests (PendingRequests.java:sendNotLeaderResponses(202)) - c7d855e2-543e-4994-92d1-7ede353827b9-PendingRequests: sendNotLeaderResponses
2019-07-14 16:32:11,926 INFO  impl.StateMachineUpdater (StateMachineUpdater.java:stopAndJoin(115)) - StateMachineUpdater:c7d855e2-543e-4994-92d1-7ede353827b9:group-307019E61712: set stopIndex = 0
2019-07-14 16:32:11,926 INFO  ratis.ContainerStateMachine (ContainerStateMachine.java:takeSnapshot(246)) - Taking snapshot at termIndex:(t:0, i:~)
2019-07-14 16:32:11,927 INFO  impl.RaftServerImpl (ServerState.java:close(394)) - c7d855e2-543e-4994-92d1-7ede353827b9:group-307019E61712 closes. The last applied log index is 0
2019-07-14 16:32:11,927 INFO  segmented.SegmentedRaftLogWorker (SegmentedRaftLogWorker.java:run(313)) - c7d855e2-543e-4994-92d1-7ede353827b9-SegmentedRaftLogWorker:Storage Directory /workdir/hadoop-ozone/integration-test/target/test-dir/MiniOzoneClusterImpl-58c8e1a0-14c9-42bb-9613-da5ce92a45b6/datanode-5/data/ratis/cfa84489-2096-4893-88c4-307019e61712 was interrupted, exiting. There are 0 tasks remaining in the queue.
2019-07-14 16:32:11,928 INFO  segmented.SegmentedRaftLogWorker (SegmentedRaftLogWorker.java:close(228)) - c7d855e2-543e-4994-92d1-7ede353827b9-SegmentedRaftLogWorker:Storage Directory /workdir/hadoop-ozone/integration-test/target/test-dir/MiniOzoneClusterImpl-58c8e1a0-14c9-42bb-9613-da5ce92a45b6/datanode-5/data/ratis/cfa84489-2096-4893-88c4-307019e61712 close()
2019-07-14 16:32:11,928 INFO  server.GrpcService (GrpcService.java:closeImpl(155)) - c7d855e2-543e-4994-92d1-7ede353827b9: shutdown server with port 34114 now
2019-07-14 16:32:11,929 INFO  server.GrpcService (GrpcService.java:closeImpl(163)) - c7d855e2-543e-4994-92d1-7ede353827b9: shutdown server with port 34114 successfully
2019-07-14 16:32:11,930 INFO  utils.BackgroundService (BackgroundService.java:shutdown(148)) - Shutting down service BlockDeletingService
2019-07-14 16:32:11,932 WARN  fs.CachingGetSpaceUsed (CachingGetSpaceUsed.java:run(183)) - Thread Interrupted waiting to refresh disk information: sleep interrupted
2019-07-14 16:32:11,950 INFO  statemachine.DatanodeStateMachine (DatanodeStateMachine.java:stopDaemon(395)) - Ozone container server stopped.
2019-07-14 16:32:11,962 INFO  handler.ContextHandler (ContextHandler.java:doStop(910)) - Stopped o.e.j.w.WebAppContext@52a3eba3{/,null,UNAVAILABLE}{/hddsDatanode}
2019-07-14 16:32:11,963 INFO  server.AbstractConnector (AbstractConnector.java:doStop(318)) - Stopped ServerConnector@4ed74d03{HTTP/1.1,[http/1.1]}{0.0.0.0:0}
2019-07-14 16:32:11,964 INFO  handler.ContextHandler (ContextHandler.java:doStop(910)) - Stopped o.e.j.s.ServletContextHandler@455cb6d9{/static,jar:file:/home/user/.m2/repository/org/apache/hadoop/hadoop-hdds-container-service/0.5.0-SNAPSHOT/hadoop-hdds-container-service-0.5.0-SNAPSHOT.jar!/webapps/static,UNAVAILABLE}
2019-07-14 16:32:11,964 INFO  handler.ContextHandler (ContextHandler.java:doStop(910)) - Stopped o.e.j.s.ServletContextHandler@1784fcab{/logs,file:///workdir/hadoop-ozone/integration-test/target/log,UNAVAILABLE}
2019-07-14 16:32:11,965 INFO  ozone.MiniOzoneClusterImpl (MiniOzoneClusterImpl.java:stop(353)) - Stopping the StorageContainerManager
2019-07-14 16:32:11,965 INFO  server.StorageContainerManager (StorageContainerManager.java:stop(799)) - Stopping Replication Manager Service.
2019-07-14 16:32:11,965 INFO  container.ReplicationManager (ReplicationManager.java:stop(187)) - Stopping Replication Monitor Thread.
2019-07-14 16:32:11,966 INFO  server.StorageContainerManager (StorageContainerManager.java:stop(806)) - Stopping Lease Manager of the command watchers
2019-07-14 16:32:11,966 INFO  server.StorageContainerManager (StorageContainerManager.java:stop(813)) - Stopping datanode service RPC server
2019-07-14 16:32:11,966 INFO  server.SCMDatanodeProtocolServer (SCMDatanodeProtocolServer.java:stop(375)) - Stopping the RPC server for DataNodes
2019-07-14 16:32:11,966 INFO  ipc.Server (Server.java:stop(3082)) - Stopping server on 42305
2019-07-14 16:32:11,968 INFO  ipc.Server (Server.java:run(1185)) - Stopping IPC Server listener on 42305
2019-07-14 16:32:11,970 INFO  ipc.Server (Server.java:run(1319)) - Stopping IPC Server Responder
2019-07-14 16:32:11,991 WARN  node.NodeStateManager (NodeStateManager.java:scheduleNextHealthCheck(631)) - Current Thread is interrupted, shutting down HB processing thread for Node Manager.
2019-07-14 16:32:11,991 INFO  server.StorageContainerManager (StorageContainerManager.java:stop(821)) - Stopping block service RPC server
2019-07-14 16:32:11,992 INFO  server.SCMBlockProtocolServer (SCMBlockProtocolServer.java:stop(148)) - Stopping the RPC server for Block Protocol
2019-07-14 16:32:11,992 INFO  ipc.Server (Server.java:stop(3082)) - Stopping server on 41877
2019-07-14 16:32:11,994 INFO  server.StorageContainerManager (StorageContainerManager.java:stop(828)) - Stopping the StorageContainerLocationProtocol RPC server
2019-07-14 16:32:11,994 INFO  server.SCMClientProtocolServer (SCMClientProtocolServer.java:stop(157)) - Stopping the RPC server for Client Protocol
2019-07-14 16:32:11,994 INFO  ipc.Server (Server.java:stop(3082)) - Stopping server on 45221
2019-07-14 16:32:11,994 INFO  ipc.Server (Server.java:run(1185)) - Stopping IPC Server listener on 41877
2019-07-14 16:32:11,994 INFO  ipc.Server (Server.java:run(1319)) - Stopping IPC Server Responder
2019-07-14 16:32:11,996 INFO  ipc.Server (Server.java:run(1185)) - Stopping IPC Server listener on 45221
2019-07-14 16:32:11,996 INFO  server.StorageContainerManager (StorageContainerManager.java:stop(835)) - Stopping Storage Container Manager HTTP server.
2019-07-14 16:32:11,998 INFO  handler.ContextHandler (ContextHandler.java:doStop(910)) - Stopped o.e.j.w.WebAppContext@2262bc86{/,null,UNAVAILABLE}{/scm}
2019-07-14 16:32:11,999 INFO  ipc.Server (Server.java:run(1319)) - Stopping IPC Server Responder
2019-07-14 16:32:11,999 INFO  server.AbstractConnector (AbstractConnector.java:doStop(318)) - Stopped ServerConnector@3872867d{HTTP/1.1,[http/1.1]}{0.0.0.0:0}
2019-07-14 16:32:12,000 INFO  handler.ContextHandler (ContextHandler.java:doStop(910)) - Stopped o.e.j.s.ServletContextHandler@3ed87b6e{/static,file:///workdir/hadoop-ozone/integration-test/target/test-classes/webapps/static,UNAVAILABLE}
2019-07-14 16:32:12,000 INFO  handler.ContextHandler (ContextHandler.java:doStop(910)) - Stopped o.e.j.s.ServletContextHandler@16eb93af{/logs,file:///workdir/hadoop-ozone/integration-test/target/log,UNAVAILABLE}
2019-07-14 16:32:12,002 INFO  server.StorageContainerManager (StorageContainerManager.java:stop(846)) - Stopping Block Manager Service.
2019-07-14 16:32:12,002 INFO  utils.BackgroundService (BackgroundService.java:shutdown(148)) - Shutting down service SCMBlockDeletingService
2019-07-14 16:32:12,002 INFO  utils.BackgroundService (BackgroundService.java:shutdown(148)) - Shutting down service SCMBlockDeletingService
2019-07-14 16:32:12,003 INFO  server.StorageContainerManager (StorageContainerManager.java:stop(868)) - Stopping SCM Event Queue.
2019-07-14 16:32:12,028 INFO  impl.MetricsSystemImpl (MetricsSystemImpl.java:stop(210)) - Stopping HddsDatanode metrics system...
2019-07-14 16:32:12,033 INFO  impl.MetricsSystemImpl (MetricsSystemImpl.java:stop(216)) - HddsDatanode metrics system stopped.
]]></system-out>
    <system-err><![CDATA[Jul 14, 2019 4:31:37 PM com.sun.jersey.server.impl.application.WebApplicationImpl _initiate
INFO: Initiating Jersey application, version 'Jersey: 1.19 02/11/2015 03:25 AM'
Jul 14, 2019 4:31:37 PM com.sun.jersey.server.impl.application.WebApplicationImpl _initiate
INFO: Initiating Jersey application, version 'Jersey: 1.19 02/11/2015 03:25 AM'
Jul 14, 2019 4:31:38 PM com.sun.jersey.server.impl.application.WebApplicationImpl _initiate
INFO: Initiating Jersey application, version 'Jersey: 1.19 02/11/2015 03:25 AM'
Jul 14, 2019 4:31:38 PM com.sun.jersey.server.impl.application.WebApplicationImpl _initiate
INFO: Initiating Jersey application, version 'Jersey: 1.19 02/11/2015 03:25 AM'
Jul 14, 2019 4:31:38 PM com.sun.jersey.server.impl.application.WebApplicationImpl _initiate
INFO: Initiating Jersey application, version 'Jersey: 1.19 02/11/2015 03:25 AM'
Jul 14, 2019 4:31:38 PM com.sun.jersey.server.impl.application.WebApplicationImpl _initiate
INFO: Initiating Jersey application, version 'Jersey: 1.19 02/11/2015 03:25 AM'
Jul 14, 2019 4:31:38 PM com.sun.jersey.server.impl.application.WebApplicationImpl _initiate
INFO: Initiating Jersey application, version 'Jersey: 1.19 02/11/2015 03:25 AM'
Jul 14, 2019 4:31:41 PM org.apache.ratis.thirdparty.io.grpc.internal.ManagedChannelOrphanWrapper$ManagedChannelReference cleanQueue
SEVERE: *~*~*~ Channel ManagedChannelImpl{logId=2642, target=192.168.69.77:40409} was not shutdown properly!!! ~*~*~*
    Make sure to call shutdown()/shutdownNow() and wait until awaitTermination() returns true.
java.lang.RuntimeException: ManagedChannel allocation site
	at org.apache.ratis.thirdparty.io.grpc.internal.ManagedChannelOrphanWrapper$ManagedChannelReference.<init>(ManagedChannelOrphanWrapper.java:103)
	at org.apache.ratis.thirdparty.io.grpc.internal.ManagedChannelOrphanWrapper.<init>(ManagedChannelOrphanWrapper.java:53)
	at org.apache.ratis.thirdparty.io.grpc.internal.ManagedChannelOrphanWrapper.<init>(ManagedChannelOrphanWrapper.java:44)
	at org.apache.ratis.thirdparty.io.grpc.internal.AbstractManagedChannelImplBuilder.build(AbstractManagedChannelImplBuilder.java:411)
	at org.apache.hadoop.hdds.scm.XceiverClientGrpc.connectToDatanode(XceiverClientGrpc.java:172)
	at org.apache.hadoop.hdds.scm.XceiverClientGrpc.reconnect(XceiverClientGrpc.java:417)
	at org.apache.hadoop.hdds.scm.XceiverClientGrpc.sendCommandAsync(XceiverClientGrpc.java:366)
	at org.apache.hadoop.hdds.scm.XceiverClientGrpc.sendCommandWithRetry(XceiverClientGrpc.java:279)
	at org.apache.hadoop.hdds.scm.XceiverClientGrpc.sendCommandWithTraceIDAndRetry(XceiverClientGrpc.java:248)
	at org.apache.hadoop.hdds.scm.XceiverClientGrpc.sendCommand(XceiverClientGrpc.java:231)
	at org.apache.hadoop.hdds.scm.storage.ContainerProtocolCalls.getBlock(ContainerProtocolCalls.java:118)
	at org.apache.hadoop.hdds.scm.storage.BlockInputStream.getChunkInfos(BlockInputStream.java:167)
	at org.apache.hadoop.hdds.scm.storage.BlockInputStream.initialize(BlockInputStream.java:118)
	at org.apache.hadoop.hdds.scm.storage.BlockInputStream.read(BlockInputStream.java:222)
	at org.apache.hadoop.ozone.client.io.KeyInputStream.read(KeyInputStream.java:171)
	at org.apache.hadoop.ozone.client.io.OzoneInputStream.read(OzoneInputStream.java:47)
	at java.io.InputStream.read(InputStream.java:101)
	at org.apache.hadoop.ozone.container.ContainerTestHelper.validateData(ContainerTestHelper.java:709)
	at org.apache.hadoop.ozone.client.rpc.TestBlockOutputStreamWithFailures.validateData(TestBlockOutputStreamWithFailures.java:1212)
	at org.apache.hadoop.ozone.client.rpc.TestBlockOutputStreamWithFailures.testDatanodeFailureWithSingleNodeRatis(TestBlockOutputStreamWithFailures.java:1054)
	at sun.reflect.NativeMethodAccessorImpl.invoke0(Native Method)
	at sun.reflect.NativeMethodAccessorImpl.invoke(NativeMethodAccessorImpl.java:62)
	at sun.reflect.DelegatingMethodAccessorImpl.invoke(DelegatingMethodAccessorImpl.java:43)
	at java.lang.reflect.Method.invoke(Method.java:498)
	at org.junit.runners.model.FrameworkMethod$1.runReflectiveCall(FrameworkMethod.java:47)
	at org.junit.internal.runners.model.ReflectiveCallable.run(ReflectiveCallable.java:12)
	at org.junit.runners.model.FrameworkMethod.invokeExplosively(FrameworkMethod.java:44)
	at org.junit.internal.runners.statements.InvokeMethod.evaluate(InvokeMethod.java:17)
	at org.junit.internal.runners.statements.RunBefores.evaluate(RunBefores.java:26)
	at org.junit.internal.runners.statements.RunAfters.evaluate(RunAfters.java:27)
	at org.junit.runners.ParentRunner.runLeaf(ParentRunner.java:271)
	at org.junit.runners.BlockJUnit4ClassRunner.runChild(BlockJUnit4ClassRunner.java:70)
	at org.junit.runners.BlockJUnit4ClassRunner.runChild(BlockJUnit4ClassRunner.java:50)
	at org.junit.runners.ParentRunner$3.run(ParentRunner.java:238)
	at org.junit.runners.ParentRunner$1.schedule(ParentRunner.java:63)
	at org.junit.runners.ParentRunner.runChildren(ParentRunner.java:236)
	at org.junit.runners.ParentRunner.access$000(ParentRunner.java:53)
	at org.junit.runners.ParentRunner$2.evaluate(ParentRunner.java:229)
	at org.junit.runners.ParentRunner.run(ParentRunner.java:309)
	at org.apache.maven.surefire.junit4.JUnit4Provider.execute(JUnit4Provider.java:365)
	at org.apache.maven.surefire.junit4.JUnit4Provider.executeWithRerun(JUnit4Provider.java:273)
	at org.apache.maven.surefire.junit4.JUnit4Provider.executeTestSet(JUnit4Provider.java:238)
	at org.apache.maven.surefire.junit4.JUnit4Provider.invoke(JUnit4Provider.java:159)
	at org.apache.maven.surefire.booter.ForkedBooter.invokeProviderInSameClassLoader(ForkedBooter.java:384)
	at org.apache.maven.surefire.booter.ForkedBooter.runSuitesInProcess(ForkedBooter.java:345)
	at org.apache.maven.surefire.booter.ForkedBooter.execute(ForkedBooter.java:126)
	at org.apache.maven.surefire.booter.ForkedBooter.main(ForkedBooter.java:418)

Jul 14, 2019 4:31:41 PM org.apache.ratis.thirdparty.io.grpc.internal.ManagedChannelOrphanWrapper$ManagedChannelReference cleanQueue
SEVERE: *~*~*~ Channel ManagedChannelImpl{logId=2637, target=192.168.69.77:41707} was not shutdown properly!!! ~*~*~*
    Make sure to call shutdown()/shutdownNow() and wait until awaitTermination() returns true.
java.lang.RuntimeException: ManagedChannel allocation site
	at org.apache.ratis.thirdparty.io.grpc.internal.ManagedChannelOrphanWrapper$ManagedChannelReference.<init>(ManagedChannelOrphanWrapper.java:103)
	at org.apache.ratis.thirdparty.io.grpc.internal.ManagedChannelOrphanWrapper.<init>(ManagedChannelOrphanWrapper.java:53)
	at org.apache.ratis.thirdparty.io.grpc.internal.ManagedChannelOrphanWrapper.<init>(ManagedChannelOrphanWrapper.java:44)
	at org.apache.ratis.thirdparty.io.grpc.internal.AbstractManagedChannelImplBuilder.build(AbstractManagedChannelImplBuilder.java:411)
	at org.apache.hadoop.hdds.scm.XceiverClientGrpc.connectToDatanode(XceiverClientGrpc.java:172)
	at org.apache.hadoop.hdds.scm.XceiverClientGrpc.reconnect(XceiverClientGrpc.java:417)
	at org.apache.hadoop.hdds.scm.XceiverClientGrpc.sendCommandAsync(XceiverClientGrpc.java:366)
	at org.apache.hadoop.hdds.scm.XceiverClientGrpc.sendCommandWithRetry(XceiverClientGrpc.java:279)
	at org.apache.hadoop.hdds.scm.XceiverClientGrpc.sendCommandWithTraceIDAndRetry(XceiverClientGrpc.java:248)
	at org.apache.hadoop.hdds.scm.XceiverClientGrpc.sendCommand(XceiverClientGrpc.java:231)
	at org.apache.hadoop.hdds.scm.storage.ContainerProtocolCalls.getBlock(ContainerProtocolCalls.java:118)
	at org.apache.hadoop.hdds.scm.storage.BlockInputStream.getChunkInfos(BlockInputStream.java:167)
	at org.apache.hadoop.hdds.scm.storage.BlockInputStream.initialize(BlockInputStream.java:118)
	at org.apache.hadoop.hdds.scm.storage.BlockInputStream.read(BlockInputStream.java:222)
	at org.apache.hadoop.ozone.client.io.KeyInputStream.read(KeyInputStream.java:171)
	at org.apache.hadoop.ozone.client.io.OzoneInputStream.read(OzoneInputStream.java:47)
	at java.io.InputStream.read(InputStream.java:101)
	at org.apache.hadoop.ozone.container.ContainerTestHelper.validateData(ContainerTestHelper.java:709)
	at org.apache.hadoop.ozone.client.rpc.TestBlockOutputStreamWithFailures.validateData(TestBlockOutputStreamWithFailures.java:1212)
	at org.apache.hadoop.ozone.client.rpc.TestBlockOutputStreamWithFailures.testDatanodeFailureWithSingleNodeRatis(TestBlockOutputStreamWithFailures.java:1054)
	at sun.reflect.NativeMethodAccessorImpl.invoke0(Native Method)
	at sun.reflect.NativeMethodAccessorImpl.invoke(NativeMethodAccessorImpl.java:62)
	at sun.reflect.DelegatingMethodAccessorImpl.invoke(DelegatingMethodAccessorImpl.java:43)
	at java.lang.reflect.Method.invoke(Method.java:498)
	at org.junit.runners.model.FrameworkMethod$1.runReflectiveCall(FrameworkMethod.java:47)
	at org.junit.internal.runners.model.ReflectiveCallable.run(ReflectiveCallable.java:12)
	at org.junit.runners.model.FrameworkMethod.invokeExplosively(FrameworkMethod.java:44)
	at org.junit.internal.runners.statements.InvokeMethod.evaluate(InvokeMethod.java:17)
	at org.junit.internal.runners.statements.RunBefores.evaluate(RunBefores.java:26)
	at org.junit.internal.runners.statements.RunAfters.evaluate(RunAfters.java:27)
	at org.junit.runners.ParentRunner.runLeaf(ParentRunner.java:271)
	at org.junit.runners.BlockJUnit4ClassRunner.runChild(BlockJUnit4ClassRunner.java:70)
	at org.junit.runners.BlockJUnit4ClassRunner.runChild(BlockJUnit4ClassRunner.java:50)
	at org.junit.runners.ParentRunner$3.run(ParentRunner.java:238)
	at org.junit.runners.ParentRunner$1.schedule(ParentRunner.java:63)
	at org.junit.runners.ParentRunner.runChildren(ParentRunner.java:236)
	at org.junit.runners.ParentRunner.access$000(ParentRunner.java:53)
	at org.junit.runners.ParentRunner$2.evaluate(ParentRunner.java:229)
	at org.junit.runners.ParentRunner.run(ParentRunner.java:309)
	at org.apache.maven.surefire.junit4.JUnit4Provider.execute(JUnit4Provider.java:365)
	at org.apache.maven.surefire.junit4.JUnit4Provider.executeWithRerun(JUnit4Provider.java:273)
	at org.apache.maven.surefire.junit4.JUnit4Provider.executeTestSet(JUnit4Provider.java:238)
	at org.apache.maven.surefire.junit4.JUnit4Provider.invoke(JUnit4Provider.java:159)
	at org.apache.maven.surefire.booter.ForkedBooter.invokeProviderInSameClassLoader(ForkedBooter.java:384)
	at org.apache.maven.surefire.booter.ForkedBooter.runSuitesInProcess(ForkedBooter.java:345)
	at org.apache.maven.surefire.booter.ForkedBooter.execute(ForkedBooter.java:126)
	at org.apache.maven.surefire.booter.ForkedBooter.main(ForkedBooter.java:418)

Jul 14, 2019 4:31:41 PM org.apache.ratis.thirdparty.io.grpc.internal.ManagedChannelOrphanWrapper$ManagedChannelReference cleanQueue
SEVERE: *~*~*~ Channel ManagedChannelImpl{logId=2611, target=192.168.69.77:42162} was not shutdown properly!!! ~*~*~*
    Make sure to call shutdown()/shutdownNow() and wait until awaitTermination() returns true.
java.lang.RuntimeException: ManagedChannel allocation site
	at org.apache.ratis.thirdparty.io.grpc.internal.ManagedChannelOrphanWrapper$ManagedChannelReference.<init>(ManagedChannelOrphanWrapper.java:103)
	at org.apache.ratis.thirdparty.io.grpc.internal.ManagedChannelOrphanWrapper.<init>(ManagedChannelOrphanWrapper.java:53)
	at org.apache.ratis.thirdparty.io.grpc.internal.ManagedChannelOrphanWrapper.<init>(ManagedChannelOrphanWrapper.java:44)
	at org.apache.ratis.thirdparty.io.grpc.internal.AbstractManagedChannelImplBuilder.build(AbstractManagedChannelImplBuilder.java:411)
	at org.apache.ratis.grpc.client.GrpcClientProtocolClient.<init>(GrpcClientProtocolClient.java:119)
	at org.apache.ratis.grpc.client.GrpcClientRpc.lambda$new$0(GrpcClientRpc.java:55)
	at org.apache.ratis.util.PeerProxyMap$PeerAndProxy.lambda$getProxy$0(PeerProxyMap.java:61)
	at org.apache.ratis.util.LifeCycle.startAndTransition(LifeCycle.java:202)
	at org.apache.ratis.util.PeerProxyMap$PeerAndProxy.getProxy(PeerProxyMap.java:60)
	at org.apache.ratis.util.PeerProxyMap.getProxy(PeerProxyMap.java:107)
	at org.apache.ratis.grpc.client.GrpcClientRpc.sendRequestAsync(GrpcClientRpc.java:66)
	at org.apache.ratis.client.impl.OrderedAsync.sendRequest(OrderedAsync.java:208)
	at org.apache.ratis.client.impl.OrderedAsync.sendRequestWithRetry(OrderedAsync.java:169)
	at org.apache.ratis.util.SlidingWindow$Client.sendOrDelayRequest(SlidingWindow.java:278)
	at org.apache.ratis.util.SlidingWindow$Client.submitNewRequest(SlidingWindow.java:257)
	at org.apache.ratis.client.impl.OrderedAsync.send(OrderedAsync.java:155)
	at org.apache.ratis.client.impl.RaftClientImpl.sendAsync(RaftClientImpl.java:145)
	at org.apache.ratis.client.impl.RaftClientImpl.sendAsync(RaftClientImpl.java:125)
	at org.apache.hadoop.hdds.scm.XceiverClientRatis.sendRequestAsync(XceiverClientRatis.java:224)
	at org.apache.hadoop.hdds.scm.XceiverClientRatis.sendCommandAsync(XceiverClientRatis.java:302)
	at org.apache.hadoop.hdds.scm.storage.ContainerProtocolCalls.writeChunkAsync(ContainerProtocolCalls.java:310)
	at org.apache.hadoop.hdds.scm.storage.BlockOutputStream.writeChunkToContainer(BlockOutputStream.java:610)
	at org.apache.hadoop.hdds.scm.storage.BlockOutputStream.writeChunk(BlockOutputStream.java:467)
	at org.apache.hadoop.hdds.scm.storage.BlockOutputStream.writeOnRetry(BlockOutputStream.java:293)
	at org.apache.hadoop.ozone.client.io.BlockOutputStreamEntry.writeOnRetry(BlockOutputStreamEntry.java:200)
	at org.apache.hadoop.ozone.client.io.KeyOutputStream.handleWrite(KeyOutputStream.java:209)
	at org.apache.hadoop.ozone.client.io.KeyOutputStream.handleRetry(KeyOutputStream.java:376)
	at org.apache.hadoop.ozone.client.io.KeyOutputStream.handleException(KeyOutputStream.java:325)
	at org.apache.hadoop.ozone.client.io.KeyOutputStream.handleFlushOrClose(KeyOutputStream.java:448)
	at org.apache.hadoop.ozone.client.io.KeyOutputStream.handleWrite(KeyOutputStream.java:235)
	at org.apache.hadoop.ozone.client.io.KeyOutputStream.write(KeyOutputStream.java:193)
	at org.apache.hadoop.ozone.client.io.OzoneOutputStream.write(OzoneOutputStream.java:49)
	at java.io.OutputStream.write(OutputStream.java:75)
	at org.apache.hadoop.ozone.client.rpc.TestBlockOutputStreamWithFailures.testDatanodeFailureWithSingleNodeRatis(TestBlockOutputStreamWithFailures.java:1017)
	at sun.reflect.NativeMethodAccessorImpl.invoke0(Native Method)
	at sun.reflect.NativeMethodAccessorImpl.invoke(NativeMethodAccessorImpl.java:62)
	at sun.reflect.DelegatingMethodAccessorImpl.invoke(DelegatingMethodAccessorImpl.java:43)
	at java.lang.reflect.Method.invoke(Method.java:498)
	at org.junit.runners.model.FrameworkMethod$1.runReflectiveCall(FrameworkMethod.java:47)
	at org.junit.internal.runners.model.ReflectiveCallable.run(ReflectiveCallable.java:12)
	at org.junit.runners.model.FrameworkMethod.invokeExplosively(FrameworkMethod.java:44)
	at org.junit.internal.runners.statements.InvokeMethod.evaluate(InvokeMethod.java:17)
	at org.junit.internal.runners.statements.RunBefores.evaluate(RunBefores.java:26)
	at org.junit.internal.runners.statements.RunAfters.evaluate(RunAfters.java:27)
	at org.junit.runners.ParentRunner.runLeaf(ParentRunner.java:271)
	at org.junit.runners.BlockJUnit4ClassRunner.runChild(BlockJUnit4ClassRunner.java:70)
	at org.junit.runners.BlockJUnit4ClassRunner.runChild(BlockJUnit4ClassRunner.java:50)
	at org.junit.runners.ParentRunner$3.run(ParentRunner.java:238)
	at org.junit.runners.ParentRunner$1.schedule(ParentRunner.java:63)
	at org.junit.runners.ParentRunner.runChildren(ParentRunner.java:236)
	at org.junit.runners.ParentRunner.access$000(ParentRunner.java:53)
	at org.junit.runners.ParentRunner$2.evaluate(ParentRunner.java:229)
	at org.junit.runners.ParentRunner.run(ParentRunner.java:309)
	at org.apache.maven.surefire.junit4.JUnit4Provider.execute(JUnit4Provider.java:365)
	at org.apache.maven.surefire.junit4.JUnit4Provider.executeWithRerun(JUnit4Provider.java:273)
	at org.apache.maven.surefire.junit4.JUnit4Provider.executeTestSet(JUnit4Provider.java:238)
	at org.apache.maven.surefire.junit4.JUnit4Provider.invoke(JUnit4Provider.java:159)
	at org.apache.maven.surefire.booter.ForkedBooter.invokeProviderInSameClassLoader(ForkedBooter.java:384)
	at org.apache.maven.surefire.booter.ForkedBooter.runSuitesInProcess(ForkedBooter.java:345)
	at org.apache.maven.surefire.booter.ForkedBooter.execute(ForkedBooter.java:126)
	at org.apache.maven.surefire.booter.ForkedBooter.main(ForkedBooter.java:418)

]]></system-err>
  </testcase>
  <testcase name="testWatchForCommitDatanodeFailure" classname="org.apache.hadoop.ozone.client.rpc.TestBlockOutputStreamWithFailures" time="33.519">
    <error type="java.lang.UnsupportedOperationException">java.lang.UnsupportedOperationException
	at java.util.AbstractList.add(AbstractList.java:148)
	at java.util.AbstractList.add(AbstractList.java:108)
	at java.util.AbstractCollection.addAll(AbstractCollection.java:344)
	at org.apache.hadoop.hdds.scm.storage.BlockOutputStream.watchForCommit(BlockOutputStream.java:363)
	at org.apache.hadoop.hdds.scm.storage.BlockOutputStream.handleFlush(BlockOutputStream.java:487)
	at org.apache.hadoop.hdds.scm.storage.BlockOutputStream.close(BlockOutputStream.java:501)
	at org.apache.hadoop.ozone.client.io.BlockOutputStreamEntry.close(BlockOutputStreamEntry.java:143)
	at org.apache.hadoop.ozone.client.io.KeyOutputStream.handleFlushOrClose(KeyOutputStream.java:438)
	at org.apache.hadoop.ozone.client.io.KeyOutputStream.handleWrite(KeyOutputStream.java:235)
	at org.apache.hadoop.ozone.client.io.KeyOutputStream.write(KeyOutputStream.java:193)
	at org.apache.hadoop.ozone.client.io.OzoneOutputStream.write(OzoneOutputStream.java:49)
	at java.io.OutputStream.write(OutputStream.java:75)
	at org.apache.hadoop.ozone.client.rpc.TestBlockOutputStreamWithFailures.testWatchForCommitDatanodeFailure(TestBlockOutputStreamWithFailures.java:363)
	at sun.reflect.NativeMethodAccessorImpl.invoke0(Native Method)
	at sun.reflect.NativeMethodAccessorImpl.invoke(NativeMethodAccessorImpl.java:62)
	at sun.reflect.DelegatingMethodAccessorImpl.invoke(DelegatingMethodAccessorImpl.java:43)
	at java.lang.reflect.Method.invoke(Method.java:498)
	at org.junit.runners.model.FrameworkMethod$1.runReflectiveCall(FrameworkMethod.java:47)
	at org.junit.internal.runners.model.ReflectiveCallable.run(ReflectiveCallable.java:12)
	at org.junit.runners.model.FrameworkMethod.invokeExplosively(FrameworkMethod.java:44)
	at org.junit.internal.runners.statements.InvokeMethod.evaluate(InvokeMethod.java:17)
	at org.junit.internal.runners.statements.RunBefores.evaluate(RunBefores.java:26)
	at org.junit.internal.runners.statements.RunAfters.evaluate(RunAfters.java:27)
	at org.junit.runners.ParentRunner.runLeaf(ParentRunner.java:271)
	at org.junit.runners.BlockJUnit4ClassRunner.runChild(BlockJUnit4ClassRunner.java:70)
	at org.junit.runners.BlockJUnit4ClassRunner.runChild(BlockJUnit4ClassRunner.java:50)
	at org.junit.runners.ParentRunner$3.run(ParentRunner.java:238)
	at org.junit.runners.ParentRunner$1.schedule(ParentRunner.java:63)
	at org.junit.runners.ParentRunner.runChildren(ParentRunner.java:236)
	at org.junit.runners.ParentRunner.access$000(ParentRunner.java:53)
	at org.junit.runners.ParentRunner$2.evaluate(ParentRunner.java:229)
	at org.junit.runners.ParentRunner.run(ParentRunner.java:309)
	at org.apache.maven.surefire.junit4.JUnit4Provider.execute(JUnit4Provider.java:365)
	at org.apache.maven.surefire.junit4.JUnit4Provider.executeWithRerun(JUnit4Provider.java:273)
	at org.apache.maven.surefire.junit4.JUnit4Provider.executeTestSet(JUnit4Provider.java:238)
	at org.apache.maven.surefire.junit4.JUnit4Provider.invoke(JUnit4Provider.java:159)
	at org.apache.maven.surefire.booter.ForkedBooter.invokeProviderInSameClassLoader(ForkedBooter.java:384)
	at org.apache.maven.surefire.booter.ForkedBooter.runSuitesInProcess(ForkedBooter.java:345)
	at org.apache.maven.surefire.booter.ForkedBooter.execute(ForkedBooter.java:126)
	at org.apache.maven.surefire.booter.ForkedBooter.main(ForkedBooter.java:418)
</error>
    <system-out><![CDATA[2019-07-14 16:32:12,083 WARN  server.ServerUtils (ServerUtils.java:getScmDbDir(145)) - ozone.scm.db.dirs is not configured. We recommend adding this setting. Falling back to ozone.metadata.dirs instead.
2019-07-14 16:32:12,109 WARN  server.ServerUtils (ServerUtils.java:getScmDbDir(145)) - ozone.scm.db.dirs is not configured. We recommend adding this setting. Falling back to ozone.metadata.dirs instead.
2019-07-14 16:32:12,109 WARN  server.ServerUtils (ServerUtils.java:getScmDbDir(145)) - ozone.scm.db.dirs is not configured. We recommend adding this setting. Falling back to ozone.metadata.dirs instead.
2019-07-14 16:32:12,110 INFO  db.DBStoreBuilder (DBStoreBuilder.java:addTable(110)) - using custom profile for table: deletedBlocks
2019-07-14 16:32:12,110 INFO  db.DBStoreBuilder (DBStoreBuilder.java:processTables(161)) - Using default column profile:DBProfile.DISK for Table:deletedBlocks
2019-07-14 16:32:12,110 INFO  db.DBStoreBuilder (DBStoreBuilder.java:addTable(110)) - using custom profile for table: validCerts
2019-07-14 16:32:12,111 INFO  db.DBStoreBuilder (DBStoreBuilder.java:processTables(161)) - Using default column profile:DBProfile.DISK for Table:validCerts
2019-07-14 16:32:12,111 INFO  db.DBStoreBuilder (DBStoreBuilder.java:addTable(110)) - using custom profile for table: revokedCerts
2019-07-14 16:32:12,111 INFO  db.DBStoreBuilder (DBStoreBuilder.java:processTables(161)) - Using default column profile:DBProfile.DISK for Table:revokedCerts
2019-07-14 16:32:12,111 INFO  db.DBStoreBuilder (DBStoreBuilder.java:addTable(110)) - using custom profile for table: default
2019-07-14 16:32:12,111 INFO  db.DBStoreBuilder (DBStoreBuilder.java:processTables(167)) - Using default column profile:DBProfile.DISK for Table:default
2019-07-14 16:32:12,112 INFO  db.DBStoreBuilder (DBStoreBuilder.java:getDbProfile(198)) - Using default options. DBProfile.DISK
2019-07-14 16:32:12,284 INFO  net.NodeSchemaLoader (NodeSchemaLoader.java:loadSchemaFromFile(125)) - Loading file from sun.misc.CompoundEnumeration@18edbed9
2019-07-14 16:32:12,284 INFO  net.NodeSchemaLoader (NodeSchemaLoader.java:loadSchema(171)) - Loading network topology layer schema file
2019-07-14 16:32:12,290 INFO  node.SCMNodeManager (SCMNodeManager.java:<init>(119)) - Entering startup safe mode.
2019-07-14 16:32:12,291 WARN  server.ServerUtils (ServerUtils.java:getScmDbDir(145)) - ozone.scm.db.dirs is not configured. We recommend adding this setting. Falling back to ozone.metadata.dirs instead.
2019-07-14 16:32:12,341 INFO  pipeline.SCMPipelineManager (SCMPipelineManager.java:initializePipelineState(126)) - No pipeline exists in current db
2019-07-14 16:32:12,341 WARN  server.ServerUtils (ServerUtils.java:getScmDbDir(145)) - ozone.scm.db.dirs is not configured. We recommend adding this setting. Falling back to ozone.metadata.dirs instead.
2019-07-14 16:32:12,398 WARN  events.EventQueue (EventQueue.java:fireEvent(175)) - No event handler registered for event TypedEvent{payloadType=SafeModeStatus, name='SafeModeStatus'}
2019-07-14 16:32:12,399 INFO  ipc.CallQueueManager (CallQueueManager.java:<init>(84)) - Using callQueue: class java.util.concurrent.LinkedBlockingQueue, queueCapacity: 2000, scheduler: class org.apache.hadoop.ipc.DefaultRpcScheduler, ipcBackoff: false.
2019-07-14 16:32:12,400 INFO  ipc.Server (Server.java:run(1074)) - Starting Socket Reader #1 for port 34311
2019-07-14 16:32:12,402 INFO  ipc.CallQueueManager (CallQueueManager.java:<init>(84)) - Using callQueue: class java.util.concurrent.LinkedBlockingQueue, queueCapacity: 2000, scheduler: class org.apache.hadoop.ipc.DefaultRpcScheduler, ipcBackoff: false.
2019-07-14 16:32:12,403 INFO  ipc.Server (Server.java:run(1074)) - Starting Socket Reader #1 for port 43623
2019-07-14 16:32:12,404 INFO  ipc.CallQueueManager (CallQueueManager.java:<init>(84)) - Using callQueue: class java.util.concurrent.LinkedBlockingQueue, queueCapacity: 2000, scheduler: class org.apache.hadoop.ipc.DefaultRpcScheduler, ipcBackoff: false.
2019-07-14 16:32:12,405 INFO  ipc.Server (Server.java:run(1074)) - Starting Socket Reader #1 for port 45124
2019-07-14 16:32:12,410 INFO  hdfs.DFSUtil (DFSUtil.java:httpServerTemplateForNNAndJN(1641)) - Starting Web-server for scm at: http://0.0.0.0:0
2019-07-14 16:32:12,413 INFO  server.AuthenticationFilter (AuthenticationFilter.java:constructSecretProvider(240)) - Unable to initialize FileSignerSecretProvider, falling back to use random secrets.
2019-07-14 16:32:12,413 WARN  http.HttpRequestLog (HttpRequestLog.java:getRequestLog(97)) - Jetty request log can only be enabled using Log4j
2019-07-14 16:32:12,416 INFO  http.HttpServer2 (HttpServer2.java:addGlobalFilter(975)) - Added global filter 'safety' (class=org.apache.hadoop.http.HttpServer2$QuotingInputFilter)
2019-07-14 16:32:12,417 INFO  http.HttpServer2 (HttpServer2.java:addFilter(948)) - Added filter static_user_filter (class=org.apache.hadoop.http.lib.StaticUserWebFilter$StaticUserFilter) to context scm
2019-07-14 16:32:12,417 INFO  http.HttpServer2 (HttpServer2.java:addFilter(958)) - Added filter static_user_filter (class=org.apache.hadoop.http.lib.StaticUserWebFilter$StaticUserFilter) to context static
2019-07-14 16:32:12,417 INFO  http.HttpServer2 (HttpServer2.java:addFilter(958)) - Added filter static_user_filter (class=org.apache.hadoop.http.lib.StaticUserWebFilter$StaticUserFilter) to context logs
2019-07-14 16:32:12,419 INFO  server.StorageContainerManager (StorageContainerManager.java:start(761)) - StorageContainerLocationProtocol RPC server is listening at /0.0.0.0:45124
2019-07-14 16:32:12,422 WARN  impl.MetricsConfig (MetricsConfig.java:loadFirst(134)) - Cannot locate configuration: tried hadoop-metrics2-storagecontainermanager.properties,hadoop-metrics2.properties
2019-07-14 16:32:12,423 INFO  impl.MetricsSystemImpl (MetricsSystemImpl.java:startTimer(374)) - Scheduled Metric snapshot period at 10 second(s).
2019-07-14 16:32:12,423 INFO  impl.MetricsSystemImpl (MetricsSystemImpl.java:start(191)) - StorageContainerManager metrics system started
2019-07-14 16:32:12,490 INFO  server.SCMClientProtocolServer (SCMClientProtocolServer.java:start(149)) - RPC server for Client  is listening at /0.0.0.0:45124
2019-07-14 16:32:12,490 INFO  ipc.Server (Server.java:run(1314)) - IPC Server Responder: starting
2019-07-14 16:32:12,490 INFO  ipc.Server (Server.java:run(1153)) - IPC Server listener on 45124: starting
2019-07-14 16:32:12,494 INFO  server.StorageContainerManager (StorageContainerManager.java:start(771)) - ScmBlockLocationProtocol RPC server is listening at /0.0.0.0:43623
2019-07-14 16:32:12,494 INFO  server.SCMBlockProtocolServer (SCMBlockProtocolServer.java:start(140)) - RPC server for Block Protocol is listening at /0.0.0.0:43623
2019-07-14 16:32:12,495 INFO  ipc.Server (Server.java:run(1314)) - IPC Server Responder: starting
2019-07-14 16:32:12,495 INFO  ipc.Server (Server.java:run(1153)) - IPC Server listener on 43623: starting
2019-07-14 16:32:12,498 INFO  server.StorageContainerManager (StorageContainerManager.java:start(775)) - ScmDatanodeProtocl RPC server is listening at /0.0.0.0:34311
2019-07-14 16:32:12,499 INFO  server.SCMDatanodeProtocolServer (SCMDatanodeProtocolServer.java:start(191)) - RPC server for DataNodes is listening at /0.0.0.0:34311
2019-07-14 16:32:12,499 INFO  ipc.Server (Server.java:run(1314)) - IPC Server Responder: starting
2019-07-14 16:32:12,499 INFO  ipc.Server (Server.java:run(1153)) - IPC Server listener on 34311: starting
2019-07-14 16:32:12,503 INFO  http.HttpServer2 (HttpServer2.java:bindListener(1191)) - Jetty bound to port 36800
2019-07-14 16:32:12,503 INFO  server.Server (Server.java:doStart(351)) - jetty-9.3.24.v20180605, build timestamp: 2018-06-05T17:11:56Z, git hash: 84205aa28f11a4f31f2a3b86d1bba2cc8ab69827
2019-07-14 16:32:12,505 INFO  handler.ContextHandler (ContextHandler.java:doStart(781)) - Started o.e.j.s.ServletContextHandler@2f53e07d{/logs,file:///workdir/hadoop-ozone/integration-test/target/log,AVAILABLE}
2019-07-14 16:32:12,505 INFO  handler.ContextHandler (ContextHandler.java:doStart(781)) - Started o.e.j.s.ServletContextHandler@145ce025{/static,file:///workdir/hadoop-ozone/integration-test/target/test-classes/webapps/static,AVAILABLE}
2019-07-14 16:32:12,509 INFO  handler.ContextHandler (ContextHandler.java:doStart(781)) - Started o.e.j.w.WebAppContext@100d071{/,file:///workdir/hadoop-ozone/integration-test/target/test-classes/webapps/scm/,AVAILABLE}{/scm}
2019-07-14 16:32:12,510 INFO  server.AbstractConnector (AbstractConnector.java:doStart(278)) - Started ServerConnector@4c5379f5{HTTP/1.1,[http/1.1]}{0.0.0.0:36800}
2019-07-14 16:32:12,510 INFO  server.Server (Server.java:doStart(419)) - Started @593214ms
2019-07-14 16:32:12,513 INFO  server.BaseHttpServer (BaseHttpServer.java:updateConnectorAddress(207)) - HTTP server of SCM is listening at http://0.0.0.0:36800
2019-07-14 16:32:12,514 WARN  server.ServerUtils (ServerUtils.java:getDBPath(222)) - ozone.om.db.dirs is not configured. We recommend adding this setting. Falling back to ozone.metadata.dirs instead.
2019-07-14 16:32:12,514 INFO  util.JvmPauseMonitor (JvmPauseMonitor.java:run(188)) - Starting JVM pause monitor
2019-07-14 16:32:12,528 WARN  server.ServerUtils (ServerUtils.java:getDBPath(222)) - ozone.om.db.dirs is not configured. We recommend adding this setting. Falling back to ozone.metadata.dirs instead.
2019-07-14 16:32:12,529 INFO  om.OzoneManager (OzoneManager.java:setOMNodeDetails(632)) - OM Service ID is not set. Setting it to the default ID: omServiceIdDefault
2019-07-14 16:32:12,529 INFO  om.OzoneManager (OzoneManager.java:setOMNodeDetails(638)) - OM Node ID is not set. Setting it to the OmStorage's OmID: 9e234961-7f07-4817-8e50-0a47139d7f86
2019-07-14 16:32:12,529 INFO  om.OzoneManager (OzoneManager.java:loadOMHAConfigs(589)) - Found matching OM address with OMServiceId: null, OMNodeId: null, RPC Address: localhost:0 and Ratis port: 9872
2019-07-14 16:32:12,536 WARN  server.ServerUtils (ServerUtils.java:getDBPath(222)) - ozone.om.db.dirs is not configured. We recommend adding this setting. Falling back to ozone.metadata.dirs instead.
2019-07-14 16:32:12,536 INFO  db.DBStoreBuilder (DBStoreBuilder.java:addTable(110)) - using custom profile for table: userTable
2019-07-14 16:32:12,536 INFO  db.DBStoreBuilder (DBStoreBuilder.java:processTables(161)) - Using default column profile:DBProfile.DISK for Table:userTable
2019-07-14 16:32:12,536 INFO  db.DBStoreBuilder (DBStoreBuilder.java:addTable(110)) - using custom profile for table: volumeTable
2019-07-14 16:32:12,537 INFO  db.DBStoreBuilder (DBStoreBuilder.java:processTables(161)) - Using default column profile:DBProfile.DISK for Table:volumeTable
2019-07-14 16:32:12,537 INFO  db.DBStoreBuilder (DBStoreBuilder.java:addTable(110)) - using custom profile for table: bucketTable
2019-07-14 16:32:12,537 INFO  db.DBStoreBuilder (DBStoreBuilder.java:processTables(161)) - Using default column profile:DBProfile.DISK for Table:bucketTable
2019-07-14 16:32:12,537 INFO  db.DBStoreBuilder (DBStoreBuilder.java:addTable(110)) - using custom profile for table: keyTable
2019-07-14 16:32:12,537 INFO  db.DBStoreBuilder (DBStoreBuilder.java:processTables(161)) - Using default column profile:DBProfile.DISK for Table:keyTable
2019-07-14 16:32:12,538 INFO  db.DBStoreBuilder (DBStoreBuilder.java:addTable(110)) - using custom profile for table: deletedTable
2019-07-14 16:32:12,538 INFO  db.DBStoreBuilder (DBStoreBuilder.java:processTables(161)) - Using default column profile:DBProfile.DISK for Table:deletedTable
2019-07-14 16:32:12,538 INFO  db.DBStoreBuilder (DBStoreBuilder.java:addTable(110)) - using custom profile for table: openKeyTable
2019-07-14 16:32:12,538 INFO  db.DBStoreBuilder (DBStoreBuilder.java:processTables(161)) - Using default column profile:DBProfile.DISK for Table:openKeyTable
2019-07-14 16:32:12,538 INFO  db.DBStoreBuilder (DBStoreBuilder.java:addTable(110)) - using custom profile for table: s3Table
2019-07-14 16:32:12,538 INFO  db.DBStoreBuilder (DBStoreBuilder.java:processTables(161)) - Using default column profile:DBProfile.DISK for Table:s3Table
2019-07-14 16:32:12,539 INFO  db.DBStoreBuilder (DBStoreBuilder.java:addTable(110)) - using custom profile for table: multipartInfoTable
2019-07-14 16:32:12,539 INFO  db.DBStoreBuilder (DBStoreBuilder.java:processTables(161)) - Using default column profile:DBProfile.DISK for Table:multipartInfoTable
2019-07-14 16:32:12,539 INFO  db.DBStoreBuilder (DBStoreBuilder.java:addTable(110)) - using custom profile for table: dTokenTable
2019-07-14 16:32:12,539 INFO  db.DBStoreBuilder (DBStoreBuilder.java:processTables(161)) - Using default column profile:DBProfile.DISK for Table:dTokenTable
2019-07-14 16:32:12,539 INFO  db.DBStoreBuilder (DBStoreBuilder.java:addTable(110)) - using custom profile for table: s3SecretTable
2019-07-14 16:32:12,539 INFO  db.DBStoreBuilder (DBStoreBuilder.java:processTables(161)) - Using default column profile:DBProfile.DISK for Table:s3SecretTable
2019-07-14 16:32:12,540 INFO  db.DBStoreBuilder (DBStoreBuilder.java:addTable(110)) - using custom profile for table: prefixTable
2019-07-14 16:32:12,540 INFO  db.DBStoreBuilder (DBStoreBuilder.java:processTables(161)) - Using default column profile:DBProfile.DISK for Table:prefixTable
2019-07-14 16:32:12,540 INFO  db.DBStoreBuilder (DBStoreBuilder.java:addTable(110)) - using custom profile for table: default
2019-07-14 16:32:12,540 INFO  db.DBStoreBuilder (DBStoreBuilder.java:processTables(167)) - Using default column profile:DBProfile.DISK for Table:default
2019-07-14 16:32:12,540 INFO  db.DBStoreBuilder (DBStoreBuilder.java:getDbProfile(198)) - Using default options. DBProfile.DISK
2019-07-14 16:32:13,020 INFO  ipc.CallQueueManager (CallQueueManager.java:<init>(84)) - Using callQueue: class java.util.concurrent.LinkedBlockingQueue, queueCapacity: 2000, scheduler: class org.apache.hadoop.ipc.DefaultRpcScheduler, ipcBackoff: false.
2019-07-14 16:32:13,021 INFO  ipc.Server (Server.java:run(1074)) - Starting Socket Reader #1 for port 43239
2019-07-14 16:32:13,041 WARN  server.ServerUtils (ServerUtils.java:getDBPath(222)) - ozone.om.db.dirs is not configured. We recommend adding this setting. Falling back to ozone.metadata.dirs instead.
2019-07-14 16:32:13,042 INFO  om.OzoneManager (OzoneManager.java:start(1230)) - OzoneManager RPC server is listening at localhost/127.0.0.1:43239
2019-07-14 16:32:13,042 INFO  impl.MetricsSystemImpl (MetricsSystemImpl.java:init(158)) - OzoneManager metrics system started (again)
2019-07-14 16:32:13,045 INFO  ipc.Server (Server.java:run(1314)) - IPC Server Responder: starting
2019-07-14 16:32:13,045 INFO  ipc.Server (Server.java:run(1153)) - IPC Server listener on 43239: starting
2019-07-14 16:32:13,051 INFO  hdfs.DFSUtil (DFSUtil.java:httpServerTemplateForNNAndJN(1641)) - Starting Web-server for ozoneManager at: http://0.0.0.0:0
2019-07-14 16:32:13,054 INFO  server.AuthenticationFilter (AuthenticationFilter.java:constructSecretProvider(240)) - Unable to initialize FileSignerSecretProvider, falling back to use random secrets.
2019-07-14 16:32:13,054 WARN  http.HttpRequestLog (HttpRequestLog.java:getRequestLog(97)) - Jetty request log can only be enabled using Log4j
2019-07-14 16:32:13,056 INFO  http.HttpServer2 (HttpServer2.java:addGlobalFilter(975)) - Added global filter 'safety' (class=org.apache.hadoop.http.HttpServer2$QuotingInputFilter)
2019-07-14 16:32:13,057 INFO  http.HttpServer2 (HttpServer2.java:addFilter(948)) - Added filter static_user_filter (class=org.apache.hadoop.http.lib.StaticUserWebFilter$StaticUserFilter) to context ozoneManager
2019-07-14 16:32:13,057 INFO  http.HttpServer2 (HttpServer2.java:addFilter(958)) - Added filter static_user_filter (class=org.apache.hadoop.http.lib.StaticUserWebFilter$StaticUserFilter) to context logs
2019-07-14 16:32:13,058 INFO  http.HttpServer2 (HttpServer2.java:addFilter(958)) - Added filter static_user_filter (class=org.apache.hadoop.http.lib.StaticUserWebFilter$StaticUserFilter) to context static
2019-07-14 16:32:13,059 INFO  http.HttpServer2 (HttpServer2.java:bindListener(1191)) - Jetty bound to port 46192
2019-07-14 16:32:13,059 INFO  server.Server (Server.java:doStart(351)) - jetty-9.3.24.v20180605, build timestamp: 2018-06-05T17:11:56Z, git hash: 84205aa28f11a4f31f2a3b86d1bba2cc8ab69827
2019-07-14 16:32:13,061 INFO  handler.ContextHandler (ContextHandler.java:doStart(781)) - Started o.e.j.s.ServletContextHandler@472dc215{/logs,file:///workdir/hadoop-ozone/integration-test/target/log,AVAILABLE}
2019-07-14 16:32:13,061 INFO  handler.ContextHandler (ContextHandler.java:doStart(781)) - Started o.e.j.s.ServletContextHandler@37bac0f4{/static,file:///workdir/hadoop-ozone/integration-test/target/test-classes/webapps/static,AVAILABLE}
2019-07-14 16:32:13,067 INFO  handler.ContextHandler (ContextHandler.java:doStart(781)) - Started o.e.j.w.WebAppContext@65a7bc80{/,file:///workdir/hadoop-ozone/integration-test/target/test-classes/webapps/ozoneManager/,AVAILABLE}{/ozoneManager}
2019-07-14 16:32:13,067 INFO  server.AbstractConnector (AbstractConnector.java:doStart(278)) - Started ServerConnector@5b132063{HTTP/1.1,[http/1.1]}{0.0.0.0:46192}
2019-07-14 16:32:13,069 INFO  server.Server (Server.java:doStart(419)) - Started @593772ms
2019-07-14 16:32:13,070 INFO  server.BaseHttpServer (BaseHttpServer.java:updateConnectorAddress(207)) - HTTP server of OZONEMANAGER is listening at http://0.0.0.0:46192
2019-07-14 16:32:13,087 INFO  impl.MetricsSystemImpl (MetricsSystemImpl.java:init(158)) - HddsDatanode metrics system started (again)
2019-07-14 16:32:13,090 INFO  ozone.HddsDatanodeService (HddsDatanodeService.java:start(185)) - HddsDatanodeService host:pr-hdds-1710-5x6jb-1204890111 ip:192.168.69.77
2019-07-14 16:32:13,101 INFO  volume.HddsVolume (HddsVolume.java:<init>(176)) - Creating Volume: /workdir/hadoop-ozone/integration-test/target/test-dir/MiniOzoneClusterImpl-3ed042b0-70b2-4550-817a-04c536ab9f20/datanode-0/data/containers/hdds of  storage type : DISK and capacity : 52710309888
2019-07-14 16:32:13,102 INFO  volume.VolumeSet (VolumeSet.java:initializeVolumeSet(170)) - Added Volume : /workdir/hadoop-ozone/integration-test/target/test-dir/MiniOzoneClusterImpl-3ed042b0-70b2-4550-817a-04c536ab9f20/datanode-0/data/containers/hdds to VolumeSet
2019-07-14 16:32:13,102 INFO  volume.ThrottledAsyncChecker (ThrottledAsyncChecker.java:schedule(140)) - Scheduling a check for org.apache.hadoop.ozone.container.common.volume.HddsVolume@49318c2a
2019-07-14 16:32:13,103 INFO  volume.HddsVolumeChecker (HddsVolumeChecker.java:checkAllVolumes(203)) - Scheduled health check for volume org.apache.hadoop.ozone.container.common.volume.HddsVolume@49318c2a
2019-07-14 16:32:13,118 INFO  impl.RaftServerProxy (ConfUtils.java:logGet(43)) - raft.rpc.type = GRPC (default)
2019-07-14 16:32:13,118 INFO  grpc.GrpcFactory (GrpcFactory.java:checkPooledByteBufAllocatorUseCacheForAllThreads(45)) - PERFORMANCE WARNING: useCacheForAllThreads is true that may cause Netty to create a lot garbage objects and, as a result, trigger GC.
	It is recommended to disable useCacheForAllThreads by setting -Dorg.apache.ratis.thirdparty.io.netty.allocator.useCacheForAllThreads=false in command line.
2019-07-14 16:32:13,119 INFO  grpc.GrpcConfigKeys$Server (ConfUtils.java:logGet(43)) - raft.grpc.server.port = 0 (default)
2019-07-14 16:32:13,119 INFO  server.GrpcService (ConfUtils.java:logGet(43)) - raft.grpc.message.size.max = 33570816 (custom)
2019-07-14 16:32:13,119 INFO  server.RaftServerConfigKeys (ConfUtils.java:logGet(43)) - raft.server.log.appender.buffer.byte-limit = 33554432 (custom)
2019-07-14 16:32:13,119 INFO  server.GrpcService (ConfUtils.java:logGet(43)) - raft.grpc.flow.control.window = 1MB (=1048576) (default)
2019-07-14 16:32:13,120 INFO  server.RaftServerConfigKeys (ConfUtils.java:logGet(43)) - raft.server.rpc.request.timeout = 3000ms (default)
2019-07-14 16:32:13,120 INFO  server.RaftServerConfigKeys (ConfUtils.java:logGet(43)) - raft.server.storage.dir = [/workdir/hadoop-ozone/integration-test/target/test-dir/MiniOzoneClusterImpl-3ed042b0-70b2-4550-817a-04c536ab9f20/datanode-0/data/ratis] (custom)
2019-07-14 16:32:13,121 INFO  replication.SimpleContainerDownloader (SimpleContainerDownloader.java:<init>(72)) - Starting container downloader service to copy containers to replicate.
2019-07-14 16:32:13,122 INFO  hdfs.DFSUtil (DFSUtil.java:httpServerTemplateForNNAndJN(1641)) - Starting Web-server for hddsDatanode at: http://0.0.0.0:0
2019-07-14 16:32:13,123 INFO  server.AuthenticationFilter (AuthenticationFilter.java:constructSecretProvider(240)) - Unable to initialize FileSignerSecretProvider, falling back to use random secrets.
2019-07-14 16:32:13,123 WARN  http.HttpRequestLog (HttpRequestLog.java:getRequestLog(97)) - Jetty request log can only be enabled using Log4j
2019-07-14 16:32:13,124 INFO  http.HttpServer2 (HttpServer2.java:addGlobalFilter(975)) - Added global filter 'safety' (class=org.apache.hadoop.http.HttpServer2$QuotingInputFilter)
2019-07-14 16:32:13,125 INFO  http.HttpServer2 (HttpServer2.java:addFilter(948)) - Added filter static_user_filter (class=org.apache.hadoop.http.lib.StaticUserWebFilter$StaticUserFilter) to context hddsDatanode
2019-07-14 16:32:13,125 INFO  http.HttpServer2 (HttpServer2.java:addFilter(958)) - Added filter static_user_filter (class=org.apache.hadoop.http.lib.StaticUserWebFilter$StaticUserFilter) to context logs
2019-07-14 16:32:13,125 INFO  http.HttpServer2 (HttpServer2.java:addFilter(958)) - Added filter static_user_filter (class=org.apache.hadoop.http.lib.StaticUserWebFilter$StaticUserFilter) to context static
2019-07-14 16:32:13,126 INFO  http.HttpServer2 (HttpServer2.java:bindListener(1191)) - Jetty bound to port 36839
2019-07-14 16:32:13,126 INFO  server.Server (Server.java:doStart(351)) - jetty-9.3.24.v20180605, build timestamp: 2018-06-05T17:11:56Z, git hash: 84205aa28f11a4f31f2a3b86d1bba2cc8ab69827
2019-07-14 16:32:13,128 INFO  handler.ContextHandler (ContextHandler.java:doStart(781)) - Started o.e.j.s.ServletContextHandler@2e549515{/logs,file:///workdir/hadoop-ozone/integration-test/target/log,AVAILABLE}
2019-07-14 16:32:13,128 INFO  handler.ContextHandler (ContextHandler.java:doStart(781)) - Started o.e.j.s.ServletContextHandler@58f8ce0f{/static,jar:file:/home/user/.m2/repository/org/apache/hadoop/hadoop-hdds-container-service/0.5.0-SNAPSHOT/hadoop-hdds-container-service-0.5.0-SNAPSHOT.jar!/webapps/static,AVAILABLE}
2019-07-14 16:32:13,161 INFO  handler.ContextHandler (ContextHandler.java:doStart(781)) - Started o.e.j.w.WebAppContext@3dceec83{/,file:///tmp/jetty-0.0.0.0-36839-hddsDatanode-_-any-325968404528723067.dir/webapp/,AVAILABLE}{/hddsDatanode}
2019-07-14 16:32:13,161 INFO  server.AbstractConnector (AbstractConnector.java:doStart(278)) - Started ServerConnector@74b13aa{HTTP/1.1,[http/1.1]}{0.0.0.0:36839}
2019-07-14 16:32:13,161 INFO  server.Server (Server.java:doStart(419)) - Started @593865ms
2019-07-14 16:32:13,163 INFO  server.BaseHttpServer (BaseHttpServer.java:updateConnectorAddress(207)) - HTTP server of HDDSDATANODE is listening at http://0.0.0.0:36839
2019-07-14 16:32:13,262 INFO  ozone.HddsDatanodeService (HddsDatanodeService.java:startPlugins(396)) - Started plug-in org.apache.hadoop.ozone.web.OzoneHddsDatanodeService@7bb996e0
2019-07-14 16:32:13,263 INFO  impl.MetricsSystemImpl (MetricsSystemImpl.java:init(158)) - HddsDatanode metrics system started (again)
2019-07-14 16:32:13,267 INFO  ozone.HddsDatanodeService (HddsDatanodeService.java:start(185)) - HddsDatanodeService host:pr-hdds-1710-5x6jb-1204890111 ip:192.168.69.77
2019-07-14 16:32:13,267 INFO  util.JvmPauseMonitor (JvmPauseMonitor.java:run(188)) - Starting JVM pause monitor
2019-07-14 16:32:13,269 INFO  datanode.InitDatanodeState (InitDatanodeState.java:persistContainerDatanodeDetails(140)) - DatanodeDetails is persisted to /workdir/hadoop-ozone/integration-test/target/test-dir/MiniOzoneClusterImpl-3ed042b0-70b2-4550-817a-04c536ab9f20/datanode-0/meta/datanode.id
2019-07-14 16:32:13,278 INFO  volume.HddsVolume (HddsVolume.java:<init>(176)) - Creating Volume: /workdir/hadoop-ozone/integration-test/target/test-dir/MiniOzoneClusterImpl-3ed042b0-70b2-4550-817a-04c536ab9f20/datanode-1/data/containers/hdds of  storage type : DISK and capacity : 52710309888
2019-07-14 16:32:13,278 INFO  volume.VolumeSet (VolumeSet.java:initializeVolumeSet(170)) - Added Volume : /workdir/hadoop-ozone/integration-test/target/test-dir/MiniOzoneClusterImpl-3ed042b0-70b2-4550-817a-04c536ab9f20/datanode-1/data/containers/hdds to VolumeSet
2019-07-14 16:32:13,278 INFO  volume.ThrottledAsyncChecker (ThrottledAsyncChecker.java:schedule(140)) - Scheduling a check for org.apache.hadoop.ozone.container.common.volume.HddsVolume@5f4f198c
2019-07-14 16:32:13,279 INFO  volume.HddsVolumeChecker (HddsVolumeChecker.java:checkAllVolumes(203)) - Scheduled health check for volume org.apache.hadoop.ozone.container.common.volume.HddsVolume@5f4f198c
2019-07-14 16:32:13,292 INFO  impl.RaftServerProxy (ConfUtils.java:logGet(43)) - raft.rpc.type = GRPC (default)
2019-07-14 16:32:13,292 INFO  grpc.GrpcFactory (GrpcFactory.java:checkPooledByteBufAllocatorUseCacheForAllThreads(45)) - PERFORMANCE WARNING: useCacheForAllThreads is true that may cause Netty to create a lot garbage objects and, as a result, trigger GC.
	It is recommended to disable useCacheForAllThreads by setting -Dorg.apache.ratis.thirdparty.io.netty.allocator.useCacheForAllThreads=false in command line.
2019-07-14 16:32:13,292 INFO  grpc.GrpcConfigKeys$Server (ConfUtils.java:logGet(43)) - raft.grpc.server.port = 0 (default)
2019-07-14 16:32:13,293 INFO  server.GrpcService (ConfUtils.java:logGet(43)) - raft.grpc.message.size.max = 33570816 (custom)
2019-07-14 16:32:13,293 INFO  server.RaftServerConfigKeys (ConfUtils.java:logGet(43)) - raft.server.log.appender.buffer.byte-limit = 33554432 (custom)
2019-07-14 16:32:13,293 INFO  server.GrpcService (ConfUtils.java:logGet(43)) - raft.grpc.flow.control.window = 1MB (=1048576) (default)
2019-07-14 16:32:13,293 INFO  server.RaftServerConfigKeys (ConfUtils.java:logGet(43)) - raft.server.rpc.request.timeout = 3000ms (default)
2019-07-14 16:32:13,294 INFO  server.RaftServerConfigKeys (ConfUtils.java:logGet(43)) - raft.server.storage.dir = [/workdir/hadoop-ozone/integration-test/target/test-dir/MiniOzoneClusterImpl-3ed042b0-70b2-4550-817a-04c536ab9f20/datanode-1/data/ratis] (custom)
2019-07-14 16:32:13,294 INFO  replication.SimpleContainerDownloader (SimpleContainerDownloader.java:<init>(72)) - Starting container downloader service to copy containers to replicate.
2019-07-14 16:32:13,295 INFO  hdfs.DFSUtil (DFSUtil.java:httpServerTemplateForNNAndJN(1641)) - Starting Web-server for hddsDatanode at: http://0.0.0.0:0
2019-07-14 16:32:13,296 INFO  server.AuthenticationFilter (AuthenticationFilter.java:constructSecretProvider(240)) - Unable to initialize FileSignerSecretProvider, falling back to use random secrets.
2019-07-14 16:32:13,297 WARN  http.HttpRequestLog (HttpRequestLog.java:getRequestLog(97)) - Jetty request log can only be enabled using Log4j
2019-07-14 16:32:13,298 INFO  http.HttpServer2 (HttpServer2.java:addGlobalFilter(975)) - Added global filter 'safety' (class=org.apache.hadoop.http.HttpServer2$QuotingInputFilter)
2019-07-14 16:32:13,298 INFO  http.HttpServer2 (HttpServer2.java:addFilter(948)) - Added filter static_user_filter (class=org.apache.hadoop.http.lib.StaticUserWebFilter$StaticUserFilter) to context hddsDatanode
2019-07-14 16:32:13,298 INFO  http.HttpServer2 (HttpServer2.java:addFilter(958)) - Added filter static_user_filter (class=org.apache.hadoop.http.lib.StaticUserWebFilter$StaticUserFilter) to context logs
2019-07-14 16:32:13,298 INFO  http.HttpServer2 (HttpServer2.java:addFilter(958)) - Added filter static_user_filter (class=org.apache.hadoop.http.lib.StaticUserWebFilter$StaticUserFilter) to context static
2019-07-14 16:32:13,299 INFO  http.HttpServer2 (HttpServer2.java:bindListener(1191)) - Jetty bound to port 45222
2019-07-14 16:32:13,299 INFO  server.Server (Server.java:doStart(351)) - jetty-9.3.24.v20180605, build timestamp: 2018-06-05T17:11:56Z, git hash: 84205aa28f11a4f31f2a3b86d1bba2cc8ab69827
2019-07-14 16:32:13,301 INFO  handler.ContextHandler (ContextHandler.java:doStart(781)) - Started o.e.j.s.ServletContextHandler@41f3f64{/logs,file:///workdir/hadoop-ozone/integration-test/target/log,AVAILABLE}
2019-07-14 16:32:13,301 INFO  handler.ContextHandler (ContextHandler.java:doStart(781)) - Started o.e.j.s.ServletContextHandler@3956df0a{/static,jar:file:/home/user/.m2/repository/org/apache/hadoop/hadoop-hdds-container-service/0.5.0-SNAPSHOT/hadoop-hdds-container-service-0.5.0-SNAPSHOT.jar!/webapps/static,AVAILABLE}
2019-07-14 16:32:13,328 INFO  handler.ContextHandler (ContextHandler.java:doStart(781)) - Started o.e.j.w.WebAppContext@7b4b559d{/,file:///tmp/jetty-0.0.0.0-45222-hddsDatanode-_-any-7152656093727628130.dir/webapp/,AVAILABLE}{/hddsDatanode}
2019-07-14 16:32:13,329 INFO  server.AbstractConnector (AbstractConnector.java:doStart(278)) - Started ServerConnector@1046aaa4{HTTP/1.1,[http/1.1]}{0.0.0.0:45222}
2019-07-14 16:32:13,329 INFO  server.Server (Server.java:doStart(419)) - Started @594033ms
2019-07-14 16:32:13,330 INFO  server.BaseHttpServer (BaseHttpServer.java:updateConnectorAddress(207)) - HTTP server of HDDSDATANODE is listening at http://0.0.0.0:45222
2019-07-14 16:32:13,441 INFO  ozone.HddsDatanodeService (HddsDatanodeService.java:startPlugins(396)) - Started plug-in org.apache.hadoop.ozone.web.OzoneHddsDatanodeService@7d3b4646
2019-07-14 16:32:13,442 INFO  impl.MetricsSystemImpl (MetricsSystemImpl.java:init(158)) - HddsDatanode metrics system started (again)
2019-07-14 16:32:13,446 INFO  ozone.HddsDatanodeService (HddsDatanodeService.java:start(185)) - HddsDatanodeService host:pr-hdds-1710-5x6jb-1204890111 ip:192.168.69.77
2019-07-14 16:32:13,446 INFO  util.JvmPauseMonitor (JvmPauseMonitor.java:run(188)) - Starting JVM pause monitor
2019-07-14 16:32:13,448 INFO  datanode.InitDatanodeState (InitDatanodeState.java:persistContainerDatanodeDetails(140)) - DatanodeDetails is persisted to /workdir/hadoop-ozone/integration-test/target/test-dir/MiniOzoneClusterImpl-3ed042b0-70b2-4550-817a-04c536ab9f20/datanode-1/meta/datanode.id
2019-07-14 16:32:13,457 INFO  volume.HddsVolume (HddsVolume.java:<init>(176)) - Creating Volume: /workdir/hadoop-ozone/integration-test/target/test-dir/MiniOzoneClusterImpl-3ed042b0-70b2-4550-817a-04c536ab9f20/datanode-2/data/containers/hdds of  storage type : DISK and capacity : 52710309888
2019-07-14 16:32:13,458 INFO  volume.VolumeSet (VolumeSet.java:initializeVolumeSet(170)) - Added Volume : /workdir/hadoop-ozone/integration-test/target/test-dir/MiniOzoneClusterImpl-3ed042b0-70b2-4550-817a-04c536ab9f20/datanode-2/data/containers/hdds to VolumeSet
2019-07-14 16:32:13,458 INFO  volume.ThrottledAsyncChecker (ThrottledAsyncChecker.java:schedule(140)) - Scheduling a check for org.apache.hadoop.ozone.container.common.volume.HddsVolume@7e474bd
2019-07-14 16:32:13,458 INFO  volume.HddsVolumeChecker (HddsVolumeChecker.java:checkAllVolumes(203)) - Scheduled health check for volume org.apache.hadoop.ozone.container.common.volume.HddsVolume@7e474bd
2019-07-14 16:32:13,475 INFO  impl.RaftServerProxy (ConfUtils.java:logGet(43)) - raft.rpc.type = GRPC (default)
2019-07-14 16:32:13,476 INFO  grpc.GrpcFactory (GrpcFactory.java:checkPooledByteBufAllocatorUseCacheForAllThreads(45)) - PERFORMANCE WARNING: useCacheForAllThreads is true that may cause Netty to create a lot garbage objects and, as a result, trigger GC.
	It is recommended to disable useCacheForAllThreads by setting -Dorg.apache.ratis.thirdparty.io.netty.allocator.useCacheForAllThreads=false in command line.
2019-07-14 16:32:13,476 INFO  grpc.GrpcConfigKeys$Server (ConfUtils.java:logGet(43)) - raft.grpc.server.port = 0 (default)
2019-07-14 16:32:13,476 INFO  server.GrpcService (ConfUtils.java:logGet(43)) - raft.grpc.message.size.max = 33570816 (custom)
2019-07-14 16:32:13,476 INFO  server.RaftServerConfigKeys (ConfUtils.java:logGet(43)) - raft.server.log.appender.buffer.byte-limit = 33554432 (custom)
2019-07-14 16:32:13,477 INFO  server.GrpcService (ConfUtils.java:logGet(43)) - raft.grpc.flow.control.window = 1MB (=1048576) (default)
2019-07-14 16:32:13,477 INFO  server.RaftServerConfigKeys (ConfUtils.java:logGet(43)) - raft.server.rpc.request.timeout = 3000ms (default)
2019-07-14 16:32:13,477 INFO  server.RaftServerConfigKeys (ConfUtils.java:logGet(43)) - raft.server.storage.dir = [/workdir/hadoop-ozone/integration-test/target/test-dir/MiniOzoneClusterImpl-3ed042b0-70b2-4550-817a-04c536ab9f20/datanode-2/data/ratis] (custom)
2019-07-14 16:32:13,478 INFO  replication.SimpleContainerDownloader (SimpleContainerDownloader.java:<init>(72)) - Starting container downloader service to copy containers to replicate.
2019-07-14 16:32:13,479 INFO  hdfs.DFSUtil (DFSUtil.java:httpServerTemplateForNNAndJN(1641)) - Starting Web-server for hddsDatanode at: http://0.0.0.0:0
2019-07-14 16:32:13,481 INFO  server.AuthenticationFilter (AuthenticationFilter.java:constructSecretProvider(240)) - Unable to initialize FileSignerSecretProvider, falling back to use random secrets.
2019-07-14 16:32:13,481 WARN  http.HttpRequestLog (HttpRequestLog.java:getRequestLog(97)) - Jetty request log can only be enabled using Log4j
2019-07-14 16:32:13,483 INFO  http.HttpServer2 (HttpServer2.java:addGlobalFilter(975)) - Added global filter 'safety' (class=org.apache.hadoop.http.HttpServer2$QuotingInputFilter)
2019-07-14 16:32:13,483 INFO  http.HttpServer2 (HttpServer2.java:addFilter(948)) - Added filter static_user_filter (class=org.apache.hadoop.http.lib.StaticUserWebFilter$StaticUserFilter) to context hddsDatanode
2019-07-14 16:32:13,483 INFO  http.HttpServer2 (HttpServer2.java:addFilter(958)) - Added filter static_user_filter (class=org.apache.hadoop.http.lib.StaticUserWebFilter$StaticUserFilter) to context static
2019-07-14 16:32:13,484 INFO  http.HttpServer2 (HttpServer2.java:addFilter(958)) - Added filter static_user_filter (class=org.apache.hadoop.http.lib.StaticUserWebFilter$StaticUserFilter) to context logs
2019-07-14 16:32:13,484 INFO  http.HttpServer2 (HttpServer2.java:bindListener(1191)) - Jetty bound to port 34813
2019-07-14 16:32:13,484 INFO  server.Server (Server.java:doStart(351)) - jetty-9.3.24.v20180605, build timestamp: 2018-06-05T17:11:56Z, git hash: 84205aa28f11a4f31f2a3b86d1bba2cc8ab69827
2019-07-14 16:32:13,486 INFO  handler.ContextHandler (ContextHandler.java:doStart(781)) - Started o.e.j.s.ServletContextHandler@6810465{/logs,file:///workdir/hadoop-ozone/integration-test/target/log,AVAILABLE}
2019-07-14 16:32:13,487 INFO  handler.ContextHandler (ContextHandler.java:doStart(781)) - Started o.e.j.s.ServletContextHandler@3d339541{/static,jar:file:/home/user/.m2/repository/org/apache/hadoop/hadoop-hdds-container-service/0.5.0-SNAPSHOT/hadoop-hdds-container-service-0.5.0-SNAPSHOT.jar!/webapps/static,AVAILABLE}
2019-07-14 16:32:13,521 INFO  handler.ContextHandler (ContextHandler.java:doStart(781)) - Started o.e.j.w.WebAppContext@5a919251{/,file:///tmp/jetty-0.0.0.0-34813-hddsDatanode-_-any-97949105976666961.dir/webapp/,AVAILABLE}{/hddsDatanode}
2019-07-14 16:32:13,521 INFO  server.AbstractConnector (AbstractConnector.java:doStart(278)) - Started ServerConnector@33a0b857{HTTP/1.1,[http/1.1]}{0.0.0.0:34813}
2019-07-14 16:32:13,521 INFO  server.Server (Server.java:doStart(419)) - Started @594225ms
2019-07-14 16:32:13,523 INFO  server.BaseHttpServer (BaseHttpServer.java:updateConnectorAddress(207)) - HTTP server of HDDSDATANODE is listening at http://0.0.0.0:34813
2019-07-14 16:32:13,765 INFO  ozone.HddsDatanodeService (HddsDatanodeService.java:startPlugins(396)) - Started plug-in org.apache.hadoop.ozone.web.OzoneHddsDatanodeService@74cd82f1
2019-07-14 16:32:13,766 INFO  impl.MetricsSystemImpl (MetricsSystemImpl.java:init(158)) - HddsDatanode metrics system started (again)
2019-07-14 16:32:13,771 INFO  ozone.HddsDatanodeService (HddsDatanodeService.java:start(185)) - HddsDatanodeService host:pr-hdds-1710-5x6jb-1204890111 ip:192.168.69.77
2019-07-14 16:32:13,771 INFO  util.JvmPauseMonitor (JvmPauseMonitor.java:run(188)) - Starting JVM pause monitor
2019-07-14 16:32:13,773 INFO  datanode.InitDatanodeState (InitDatanodeState.java:persistContainerDatanodeDetails(140)) - DatanodeDetails is persisted to /workdir/hadoop-ozone/integration-test/target/test-dir/MiniOzoneClusterImpl-3ed042b0-70b2-4550-817a-04c536ab9f20/datanode-2/meta/datanode.id
2019-07-14 16:32:13,783 INFO  volume.HddsVolume (HddsVolume.java:<init>(176)) - Creating Volume: /workdir/hadoop-ozone/integration-test/target/test-dir/MiniOzoneClusterImpl-3ed042b0-70b2-4550-817a-04c536ab9f20/datanode-3/data/containers/hdds of  storage type : DISK and capacity : 52710309888
2019-07-14 16:32:13,783 INFO  volume.VolumeSet (VolumeSet.java:initializeVolumeSet(170)) - Added Volume : /workdir/hadoop-ozone/integration-test/target/test-dir/MiniOzoneClusterImpl-3ed042b0-70b2-4550-817a-04c536ab9f20/datanode-3/data/containers/hdds to VolumeSet
2019-07-14 16:32:13,784 INFO  volume.ThrottledAsyncChecker (ThrottledAsyncChecker.java:schedule(140)) - Scheduling a check for org.apache.hadoop.ozone.container.common.volume.HddsVolume@4cce421e
2019-07-14 16:32:13,784 INFO  volume.HddsVolumeChecker (HddsVolumeChecker.java:checkAllVolumes(203)) - Scheduled health check for volume org.apache.hadoop.ozone.container.common.volume.HddsVolume@4cce421e
2019-07-14 16:32:13,800 INFO  impl.RaftServerProxy (ConfUtils.java:logGet(43)) - raft.rpc.type = GRPC (default)
2019-07-14 16:32:13,800 INFO  grpc.GrpcFactory (GrpcFactory.java:checkPooledByteBufAllocatorUseCacheForAllThreads(45)) - PERFORMANCE WARNING: useCacheForAllThreads is true that may cause Netty to create a lot garbage objects and, as a result, trigger GC.
	It is recommended to disable useCacheForAllThreads by setting -Dorg.apache.ratis.thirdparty.io.netty.allocator.useCacheForAllThreads=false in command line.
2019-07-14 16:32:13,801 INFO  grpc.GrpcConfigKeys$Server (ConfUtils.java:logGet(43)) - raft.grpc.server.port = 0 (default)
2019-07-14 16:32:13,801 INFO  server.GrpcService (ConfUtils.java:logGet(43)) - raft.grpc.message.size.max = 33570816 (custom)
2019-07-14 16:32:13,801 INFO  server.RaftServerConfigKeys (ConfUtils.java:logGet(43)) - raft.server.log.appender.buffer.byte-limit = 33554432 (custom)
2019-07-14 16:32:13,801 INFO  server.GrpcService (ConfUtils.java:logGet(43)) - raft.grpc.flow.control.window = 1MB (=1048576) (default)
2019-07-14 16:32:13,802 INFO  server.RaftServerConfigKeys (ConfUtils.java:logGet(43)) - raft.server.rpc.request.timeout = 3000ms (default)
2019-07-14 16:32:13,802 INFO  server.RaftServerConfigKeys (ConfUtils.java:logGet(43)) - raft.server.storage.dir = [/workdir/hadoop-ozone/integration-test/target/test-dir/MiniOzoneClusterImpl-3ed042b0-70b2-4550-817a-04c536ab9f20/datanode-3/data/ratis] (custom)
2019-07-14 16:32:13,803 INFO  replication.SimpleContainerDownloader (SimpleContainerDownloader.java:<init>(72)) - Starting container downloader service to copy containers to replicate.
2019-07-14 16:32:13,804 INFO  hdfs.DFSUtil (DFSUtil.java:httpServerTemplateForNNAndJN(1641)) - Starting Web-server for hddsDatanode at: http://0.0.0.0:0
2019-07-14 16:32:13,805 INFO  server.AuthenticationFilter (AuthenticationFilter.java:constructSecretProvider(240)) - Unable to initialize FileSignerSecretProvider, falling back to use random secrets.
2019-07-14 16:32:13,806 WARN  http.HttpRequestLog (HttpRequestLog.java:getRequestLog(97)) - Jetty request log can only be enabled using Log4j
2019-07-14 16:32:13,807 INFO  http.HttpServer2 (HttpServer2.java:addGlobalFilter(975)) - Added global filter 'safety' (class=org.apache.hadoop.http.HttpServer2$QuotingInputFilter)
2019-07-14 16:32:13,808 INFO  http.HttpServer2 (HttpServer2.java:addFilter(948)) - Added filter static_user_filter (class=org.apache.hadoop.http.lib.StaticUserWebFilter$StaticUserFilter) to context hddsDatanode
2019-07-14 16:32:13,808 INFO  http.HttpServer2 (HttpServer2.java:addFilter(958)) - Added filter static_user_filter (class=org.apache.hadoop.http.lib.StaticUserWebFilter$StaticUserFilter) to context static
2019-07-14 16:32:13,808 INFO  http.HttpServer2 (HttpServer2.java:addFilter(958)) - Added filter static_user_filter (class=org.apache.hadoop.http.lib.StaticUserWebFilter$StaticUserFilter) to context logs
2019-07-14 16:32:13,809 INFO  http.HttpServer2 (HttpServer2.java:bindListener(1191)) - Jetty bound to port 46619
2019-07-14 16:32:13,809 INFO  server.Server (Server.java:doStart(351)) - jetty-9.3.24.v20180605, build timestamp: 2018-06-05T17:11:56Z, git hash: 84205aa28f11a4f31f2a3b86d1bba2cc8ab69827
2019-07-14 16:32:13,810 INFO  handler.ContextHandler (ContextHandler.java:doStart(781)) - Started o.e.j.s.ServletContextHandler@27381497{/logs,file:///workdir/hadoop-ozone/integration-test/target/log,AVAILABLE}
2019-07-14 16:32:13,811 INFO  handler.ContextHandler (ContextHandler.java:doStart(781)) - Started o.e.j.s.ServletContextHandler@5096be74{/static,jar:file:/home/user/.m2/repository/org/apache/hadoop/hadoop-hdds-container-service/0.5.0-SNAPSHOT/hadoop-hdds-container-service-0.5.0-SNAPSHOT.jar!/webapps/static,AVAILABLE}
2019-07-14 16:32:13,844 INFO  handler.ContextHandler (ContextHandler.java:doStart(781)) - Started o.e.j.w.WebAppContext@2c3df478{/,file:///tmp/jetty-0.0.0.0-46619-hddsDatanode-_-any-7080610805658894414.dir/webapp/,AVAILABLE}{/hddsDatanode}
2019-07-14 16:32:13,845 INFO  server.AbstractConnector (AbstractConnector.java:doStart(278)) - Started ServerConnector@3be88cbf{HTTP/1.1,[http/1.1]}{0.0.0.0:46619}
2019-07-14 16:32:13,846 INFO  server.Server (Server.java:doStart(419)) - Started @594550ms
2019-07-14 16:32:13,847 INFO  server.BaseHttpServer (BaseHttpServer.java:updateConnectorAddress(207)) - HTTP server of HDDSDATANODE is listening at http://0.0.0.0:46619
2019-07-14 16:32:13,947 INFO  ozone.HddsDatanodeService (HddsDatanodeService.java:startPlugins(396)) - Started plug-in org.apache.hadoop.ozone.web.OzoneHddsDatanodeService@5f0c45ae
2019-07-14 16:32:13,948 INFO  impl.MetricsSystemImpl (MetricsSystemImpl.java:init(158)) - HddsDatanode metrics system started (again)
2019-07-14 16:32:13,952 INFO  ozone.HddsDatanodeService (HddsDatanodeService.java:start(185)) - HddsDatanodeService host:pr-hdds-1710-5x6jb-1204890111 ip:192.168.69.77
2019-07-14 16:32:13,952 INFO  util.JvmPauseMonitor (JvmPauseMonitor.java:run(188)) - Starting JVM pause monitor
2019-07-14 16:32:13,954 INFO  datanode.InitDatanodeState (InitDatanodeState.java:persistContainerDatanodeDetails(140)) - DatanodeDetails is persisted to /workdir/hadoop-ozone/integration-test/target/test-dir/MiniOzoneClusterImpl-3ed042b0-70b2-4550-817a-04c536ab9f20/datanode-3/meta/datanode.id
2019-07-14 16:32:13,963 INFO  volume.HddsVolume (HddsVolume.java:<init>(176)) - Creating Volume: /workdir/hadoop-ozone/integration-test/target/test-dir/MiniOzoneClusterImpl-3ed042b0-70b2-4550-817a-04c536ab9f20/datanode-4/data/containers/hdds of  storage type : DISK and capacity : 52710309888
2019-07-14 16:32:13,963 INFO  volume.VolumeSet (VolumeSet.java:initializeVolumeSet(170)) - Added Volume : /workdir/hadoop-ozone/integration-test/target/test-dir/MiniOzoneClusterImpl-3ed042b0-70b2-4550-817a-04c536ab9f20/datanode-4/data/containers/hdds to VolumeSet
2019-07-14 16:32:13,964 INFO  volume.ThrottledAsyncChecker (ThrottledAsyncChecker.java:schedule(140)) - Scheduling a check for org.apache.hadoop.ozone.container.common.volume.HddsVolume@1676e501
2019-07-14 16:32:13,964 INFO  volume.HddsVolumeChecker (HddsVolumeChecker.java:checkAllVolumes(203)) - Scheduled health check for volume org.apache.hadoop.ozone.container.common.volume.HddsVolume@1676e501
2019-07-14 16:32:13,978 INFO  impl.RaftServerProxy (ConfUtils.java:logGet(43)) - raft.rpc.type = GRPC (default)
2019-07-14 16:32:13,978 INFO  grpc.GrpcFactory (GrpcFactory.java:checkPooledByteBufAllocatorUseCacheForAllThreads(45)) - PERFORMANCE WARNING: useCacheForAllThreads is true that may cause Netty to create a lot garbage objects and, as a result, trigger GC.
	It is recommended to disable useCacheForAllThreads by setting -Dorg.apache.ratis.thirdparty.io.netty.allocator.useCacheForAllThreads=false in command line.
2019-07-14 16:32:13,978 INFO  grpc.GrpcConfigKeys$Server (ConfUtils.java:logGet(43)) - raft.grpc.server.port = 0 (default)
2019-07-14 16:32:13,979 INFO  server.GrpcService (ConfUtils.java:logGet(43)) - raft.grpc.message.size.max = 33570816 (custom)
2019-07-14 16:32:13,979 INFO  server.RaftServerConfigKeys (ConfUtils.java:logGet(43)) - raft.server.log.appender.buffer.byte-limit = 33554432 (custom)
2019-07-14 16:32:13,979 INFO  server.GrpcService (ConfUtils.java:logGet(43)) - raft.grpc.flow.control.window = 1MB (=1048576) (default)
2019-07-14 16:32:13,979 INFO  server.RaftServerConfigKeys (ConfUtils.java:logGet(43)) - raft.server.rpc.request.timeout = 3000ms (default)
2019-07-14 16:32:13,980 INFO  server.RaftServerConfigKeys (ConfUtils.java:logGet(43)) - raft.server.storage.dir = [/workdir/hadoop-ozone/integration-test/target/test-dir/MiniOzoneClusterImpl-3ed042b0-70b2-4550-817a-04c536ab9f20/datanode-4/data/ratis] (custom)
2019-07-14 16:32:13,980 INFO  replication.SimpleContainerDownloader (SimpleContainerDownloader.java:<init>(72)) - Starting container downloader service to copy containers to replicate.
2019-07-14 16:32:13,981 INFO  hdfs.DFSUtil (DFSUtil.java:httpServerTemplateForNNAndJN(1641)) - Starting Web-server for hddsDatanode at: http://0.0.0.0:0
2019-07-14 16:32:13,982 INFO  server.AuthenticationFilter (AuthenticationFilter.java:constructSecretProvider(240)) - Unable to initialize FileSignerSecretProvider, falling back to use random secrets.
2019-07-14 16:32:13,983 WARN  http.HttpRequestLog (HttpRequestLog.java:getRequestLog(97)) - Jetty request log can only be enabled using Log4j
2019-07-14 16:32:13,984 INFO  http.HttpServer2 (HttpServer2.java:addGlobalFilter(975)) - Added global filter 'safety' (class=org.apache.hadoop.http.HttpServer2$QuotingInputFilter)
2019-07-14 16:32:13,984 INFO  http.HttpServer2 (HttpServer2.java:addFilter(948)) - Added filter static_user_filter (class=org.apache.hadoop.http.lib.StaticUserWebFilter$StaticUserFilter) to context hddsDatanode
2019-07-14 16:32:13,984 INFO  http.HttpServer2 (HttpServer2.java:addFilter(958)) - Added filter static_user_filter (class=org.apache.hadoop.http.lib.StaticUserWebFilter$StaticUserFilter) to context static
2019-07-14 16:32:13,985 INFO  http.HttpServer2 (HttpServer2.java:addFilter(958)) - Added filter static_user_filter (class=org.apache.hadoop.http.lib.StaticUserWebFilter$StaticUserFilter) to context logs
2019-07-14 16:32:13,985 INFO  http.HttpServer2 (HttpServer2.java:bindListener(1191)) - Jetty bound to port 34020
2019-07-14 16:32:13,985 INFO  server.Server (Server.java:doStart(351)) - jetty-9.3.24.v20180605, build timestamp: 2018-06-05T17:11:56Z, git hash: 84205aa28f11a4f31f2a3b86d1bba2cc8ab69827
2019-07-14 16:32:13,987 INFO  handler.ContextHandler (ContextHandler.java:doStart(781)) - Started o.e.j.s.ServletContextHandler@3aa4d595{/logs,file:///workdir/hadoop-ozone/integration-test/target/log,AVAILABLE}
2019-07-14 16:32:13,987 INFO  handler.ContextHandler (ContextHandler.java:doStart(781)) - Started o.e.j.s.ServletContextHandler@28ab7ffb{/static,jar:file:/home/user/.m2/repository/org/apache/hadoop/hadoop-hdds-container-service/0.5.0-SNAPSHOT/hadoop-hdds-container-service-0.5.0-SNAPSHOT.jar!/webapps/static,AVAILABLE}
2019-07-14 16:32:14,015 INFO  handler.ContextHandler (ContextHandler.java:doStart(781)) - Started o.e.j.w.WebAppContext@42d4de20{/,file:///tmp/jetty-0.0.0.0-34020-hddsDatanode-_-any-4740957756898460759.dir/webapp/,AVAILABLE}{/hddsDatanode}
2019-07-14 16:32:14,015 INFO  server.AbstractConnector (AbstractConnector.java:doStart(278)) - Started ServerConnector@2cc9a5a2{HTTP/1.1,[http/1.1]}{0.0.0.0:34020}
2019-07-14 16:32:14,015 INFO  server.Server (Server.java:doStart(419)) - Started @594719ms
2019-07-14 16:32:14,017 INFO  server.BaseHttpServer (BaseHttpServer.java:updateConnectorAddress(207)) - HTTP server of HDDSDATANODE is listening at http://0.0.0.0:34020
2019-07-14 16:32:14,116 INFO  ozone.HddsDatanodeService (HddsDatanodeService.java:startPlugins(396)) - Started plug-in org.apache.hadoop.ozone.web.OzoneHddsDatanodeService@1dbe592f
2019-07-14 16:32:14,116 INFO  impl.MetricsSystemImpl (MetricsSystemImpl.java:init(158)) - HddsDatanode metrics system started (again)
2019-07-14 16:32:14,121 INFO  ozone.HddsDatanodeService (HddsDatanodeService.java:start(185)) - HddsDatanodeService host:pr-hdds-1710-5x6jb-1204890111 ip:192.168.69.77
2019-07-14 16:32:14,122 INFO  util.JvmPauseMonitor (JvmPauseMonitor.java:run(188)) - Starting JVM pause monitor
2019-07-14 16:32:14,123 INFO  datanode.InitDatanodeState (InitDatanodeState.java:persistContainerDatanodeDetails(140)) - DatanodeDetails is persisted to /workdir/hadoop-ozone/integration-test/target/test-dir/MiniOzoneClusterImpl-3ed042b0-70b2-4550-817a-04c536ab9f20/datanode-4/meta/datanode.id
2019-07-14 16:32:14,133 INFO  volume.HddsVolume (HddsVolume.java:<init>(176)) - Creating Volume: /workdir/hadoop-ozone/integration-test/target/test-dir/MiniOzoneClusterImpl-3ed042b0-70b2-4550-817a-04c536ab9f20/datanode-5/data/containers/hdds of  storage type : DISK and capacity : 52710309888
2019-07-14 16:32:14,133 INFO  volume.VolumeSet (VolumeSet.java:initializeVolumeSet(170)) - Added Volume : /workdir/hadoop-ozone/integration-test/target/test-dir/MiniOzoneClusterImpl-3ed042b0-70b2-4550-817a-04c536ab9f20/datanode-5/data/containers/hdds to VolumeSet
2019-07-14 16:32:14,133 INFO  volume.ThrottledAsyncChecker (ThrottledAsyncChecker.java:schedule(140)) - Scheduling a check for org.apache.hadoop.ozone.container.common.volume.HddsVolume@52dfd7f5
2019-07-14 16:32:14,133 INFO  volume.HddsVolumeChecker (HddsVolumeChecker.java:checkAllVolumes(203)) - Scheduled health check for volume org.apache.hadoop.ozone.container.common.volume.HddsVolume@52dfd7f5
2019-07-14 16:32:14,147 INFO  impl.RaftServerProxy (ConfUtils.java:logGet(43)) - raft.rpc.type = GRPC (default)
2019-07-14 16:32:14,147 INFO  grpc.GrpcFactory (GrpcFactory.java:checkPooledByteBufAllocatorUseCacheForAllThreads(45)) - PERFORMANCE WARNING: useCacheForAllThreads is true that may cause Netty to create a lot garbage objects and, as a result, trigger GC.
	It is recommended to disable useCacheForAllThreads by setting -Dorg.apache.ratis.thirdparty.io.netty.allocator.useCacheForAllThreads=false in command line.
2019-07-14 16:32:14,147 INFO  grpc.GrpcConfigKeys$Server (ConfUtils.java:logGet(43)) - raft.grpc.server.port = 0 (default)
2019-07-14 16:32:14,147 INFO  server.GrpcService (ConfUtils.java:logGet(43)) - raft.grpc.message.size.max = 33570816 (custom)
2019-07-14 16:32:14,148 INFO  server.RaftServerConfigKeys (ConfUtils.java:logGet(43)) - raft.server.log.appender.buffer.byte-limit = 33554432 (custom)
2019-07-14 16:32:14,148 INFO  server.GrpcService (ConfUtils.java:logGet(43)) - raft.grpc.flow.control.window = 1MB (=1048576) (default)
2019-07-14 16:32:14,148 INFO  server.RaftServerConfigKeys (ConfUtils.java:logGet(43)) - raft.server.rpc.request.timeout = 3000ms (default)
2019-07-14 16:32:14,148 INFO  server.RaftServerConfigKeys (ConfUtils.java:logGet(43)) - raft.server.storage.dir = [/workdir/hadoop-ozone/integration-test/target/test-dir/MiniOzoneClusterImpl-3ed042b0-70b2-4550-817a-04c536ab9f20/datanode-5/data/ratis] (custom)
2019-07-14 16:32:14,149 INFO  replication.SimpleContainerDownloader (SimpleContainerDownloader.java:<init>(72)) - Starting container downloader service to copy containers to replicate.
2019-07-14 16:32:14,150 INFO  hdfs.DFSUtil (DFSUtil.java:httpServerTemplateForNNAndJN(1641)) - Starting Web-server for hddsDatanode at: http://0.0.0.0:0
2019-07-14 16:32:14,151 INFO  server.AuthenticationFilter (AuthenticationFilter.java:constructSecretProvider(240)) - Unable to initialize FileSignerSecretProvider, falling back to use random secrets.
2019-07-14 16:32:14,151 WARN  http.HttpRequestLog (HttpRequestLog.java:getRequestLog(97)) - Jetty request log can only be enabled using Log4j
2019-07-14 16:32:14,152 INFO  http.HttpServer2 (HttpServer2.java:addGlobalFilter(975)) - Added global filter 'safety' (class=org.apache.hadoop.http.HttpServer2$QuotingInputFilter)
2019-07-14 16:32:14,153 INFO  http.HttpServer2 (HttpServer2.java:addFilter(948)) - Added filter static_user_filter (class=org.apache.hadoop.http.lib.StaticUserWebFilter$StaticUserFilter) to context hddsDatanode
2019-07-14 16:32:14,153 INFO  http.HttpServer2 (HttpServer2.java:addFilter(958)) - Added filter static_user_filter (class=org.apache.hadoop.http.lib.StaticUserWebFilter$StaticUserFilter) to context logs
2019-07-14 16:32:14,153 INFO  http.HttpServer2 (HttpServer2.java:addFilter(958)) - Added filter static_user_filter (class=org.apache.hadoop.http.lib.StaticUserWebFilter$StaticUserFilter) to context static
2019-07-14 16:32:14,153 INFO  http.HttpServer2 (HttpServer2.java:bindListener(1191)) - Jetty bound to port 34437
2019-07-14 16:32:14,154 INFO  server.Server (Server.java:doStart(351)) - jetty-9.3.24.v20180605, build timestamp: 2018-06-05T17:11:56Z, git hash: 84205aa28f11a4f31f2a3b86d1bba2cc8ab69827
2019-07-14 16:32:14,155 INFO  handler.ContextHandler (ContextHandler.java:doStart(781)) - Started o.e.j.s.ServletContextHandler@747216b6{/logs,file:///workdir/hadoop-ozone/integration-test/target/log,AVAILABLE}
2019-07-14 16:32:14,155 INFO  handler.ContextHandler (ContextHandler.java:doStart(781)) - Started o.e.j.s.ServletContextHandler@358bbbe2{/static,jar:file:/home/user/.m2/repository/org/apache/hadoop/hadoop-hdds-container-service/0.5.0-SNAPSHOT/hadoop-hdds-container-service-0.5.0-SNAPSHOT.jar!/webapps/static,AVAILABLE}
2019-07-14 16:32:14,182 INFO  handler.ContextHandler (ContextHandler.java:doStart(781)) - Started o.e.j.w.WebAppContext@7ebf5bf{/,file:///tmp/jetty-0.0.0.0-34437-hddsDatanode-_-any-2530833480783223928.dir/webapp/,AVAILABLE}{/hddsDatanode}
2019-07-14 16:32:14,182 INFO  server.AbstractConnector (AbstractConnector.java:doStart(278)) - Started ServerConnector@5d8cbb32{HTTP/1.1,[http/1.1]}{0.0.0.0:34437}
2019-07-14 16:32:14,182 INFO  server.Server (Server.java:doStart(419)) - Started @594886ms
2019-07-14 16:32:14,184 INFO  server.BaseHttpServer (BaseHttpServer.java:updateConnectorAddress(207)) - HTTP server of HDDSDATANODE is listening at http://0.0.0.0:34437
2019-07-14 16:32:14,281 INFO  ozone.HddsDatanodeService (HddsDatanodeService.java:startPlugins(396)) - Started plug-in org.apache.hadoop.ozone.web.OzoneHddsDatanodeService@54bf2319
2019-07-14 16:32:14,281 INFO  impl.MetricsSystemImpl (MetricsSystemImpl.java:init(158)) - HddsDatanode metrics system started (again)
2019-07-14 16:32:14,287 INFO  ozone.HddsDatanodeService (HddsDatanodeService.java:start(185)) - HddsDatanodeService host:pr-hdds-1710-5x6jb-1204890111 ip:192.168.69.77
2019-07-14 16:32:14,287 INFO  util.JvmPauseMonitor (JvmPauseMonitor.java:run(188)) - Starting JVM pause monitor
2019-07-14 16:32:14,288 INFO  datanode.InitDatanodeState (InitDatanodeState.java:persistContainerDatanodeDetails(140)) - DatanodeDetails is persisted to /workdir/hadoop-ozone/integration-test/target/test-dir/MiniOzoneClusterImpl-3ed042b0-70b2-4550-817a-04c536ab9f20/datanode-5/meta/datanode.id
2019-07-14 16:32:14,299 INFO  volume.HddsVolume (HddsVolume.java:<init>(176)) - Creating Volume: /workdir/hadoop-ozone/integration-test/target/test-dir/MiniOzoneClusterImpl-3ed042b0-70b2-4550-817a-04c536ab9f20/datanode-6/data/containers/hdds of  storage type : DISK and capacity : 52710309888
2019-07-14 16:32:14,299 INFO  volume.VolumeSet (VolumeSet.java:initializeVolumeSet(170)) - Added Volume : /workdir/hadoop-ozone/integration-test/target/test-dir/MiniOzoneClusterImpl-3ed042b0-70b2-4550-817a-04c536ab9f20/datanode-6/data/containers/hdds to VolumeSet
2019-07-14 16:32:14,299 INFO  volume.ThrottledAsyncChecker (ThrottledAsyncChecker.java:schedule(140)) - Scheduling a check for org.apache.hadoop.ozone.container.common.volume.HddsVolume@6419726f
2019-07-14 16:32:14,300 INFO  volume.HddsVolumeChecker (HddsVolumeChecker.java:checkAllVolumes(203)) - Scheduled health check for volume org.apache.hadoop.ozone.container.common.volume.HddsVolume@6419726f
2019-07-14 16:32:14,317 INFO  impl.RaftServerProxy (ConfUtils.java:logGet(43)) - raft.rpc.type = GRPC (default)
2019-07-14 16:32:14,318 INFO  grpc.GrpcFactory (GrpcFactory.java:checkPooledByteBufAllocatorUseCacheForAllThreads(45)) - PERFORMANCE WARNING: useCacheForAllThreads is true that may cause Netty to create a lot garbage objects and, as a result, trigger GC.
	It is recommended to disable useCacheForAllThreads by setting -Dorg.apache.ratis.thirdparty.io.netty.allocator.useCacheForAllThreads=false in command line.
2019-07-14 16:32:14,318 INFO  grpc.GrpcConfigKeys$Server (ConfUtils.java:logGet(43)) - raft.grpc.server.port = 0 (default)
2019-07-14 16:32:14,318 INFO  server.GrpcService (ConfUtils.java:logGet(43)) - raft.grpc.message.size.max = 33570816 (custom)
2019-07-14 16:32:14,318 INFO  server.RaftServerConfigKeys (ConfUtils.java:logGet(43)) - raft.server.log.appender.buffer.byte-limit = 33554432 (custom)
2019-07-14 16:32:14,318 INFO  server.GrpcService (ConfUtils.java:logGet(43)) - raft.grpc.flow.control.window = 1MB (=1048576) (default)
2019-07-14 16:32:14,318 INFO  server.RaftServerConfigKeys (ConfUtils.java:logGet(43)) - raft.server.rpc.request.timeout = 3000ms (default)
2019-07-14 16:32:14,319 INFO  server.RaftServerConfigKeys (ConfUtils.java:logGet(43)) - raft.server.storage.dir = [/workdir/hadoop-ozone/integration-test/target/test-dir/MiniOzoneClusterImpl-3ed042b0-70b2-4550-817a-04c536ab9f20/datanode-6/data/ratis] (custom)
2019-07-14 16:32:14,319 INFO  replication.SimpleContainerDownloader (SimpleContainerDownloader.java:<init>(72)) - Starting container downloader service to copy containers to replicate.
2019-07-14 16:32:14,320 INFO  hdfs.DFSUtil (DFSUtil.java:httpServerTemplateForNNAndJN(1641)) - Starting Web-server for hddsDatanode at: http://0.0.0.0:0
2019-07-14 16:32:14,321 INFO  server.AuthenticationFilter (AuthenticationFilter.java:constructSecretProvider(240)) - Unable to initialize FileSignerSecretProvider, falling back to use random secrets.
2019-07-14 16:32:14,322 WARN  http.HttpRequestLog (HttpRequestLog.java:getRequestLog(97)) - Jetty request log can only be enabled using Log4j
2019-07-14 16:32:14,323 INFO  http.HttpServer2 (HttpServer2.java:addGlobalFilter(975)) - Added global filter 'safety' (class=org.apache.hadoop.http.HttpServer2$QuotingInputFilter)
2019-07-14 16:32:14,323 INFO  http.HttpServer2 (HttpServer2.java:addFilter(948)) - Added filter static_user_filter (class=org.apache.hadoop.http.lib.StaticUserWebFilter$StaticUserFilter) to context hddsDatanode
2019-07-14 16:32:14,323 INFO  http.HttpServer2 (HttpServer2.java:addFilter(958)) - Added filter static_user_filter (class=org.apache.hadoop.http.lib.StaticUserWebFilter$StaticUserFilter) to context static
2019-07-14 16:32:14,323 INFO  http.HttpServer2 (HttpServer2.java:addFilter(958)) - Added filter static_user_filter (class=org.apache.hadoop.http.lib.StaticUserWebFilter$StaticUserFilter) to context logs
2019-07-14 16:32:14,324 INFO  http.HttpServer2 (HttpServer2.java:bindListener(1191)) - Jetty bound to port 34731
2019-07-14 16:32:14,324 INFO  server.Server (Server.java:doStart(351)) - jetty-9.3.24.v20180605, build timestamp: 2018-06-05T17:11:56Z, git hash: 84205aa28f11a4f31f2a3b86d1bba2cc8ab69827
2019-07-14 16:32:14,325 INFO  handler.ContextHandler (ContextHandler.java:doStart(781)) - Started o.e.j.s.ServletContextHandler@630a647c{/logs,file:///workdir/hadoop-ozone/integration-test/target/log,AVAILABLE}
2019-07-14 16:32:14,326 INFO  handler.ContextHandler (ContextHandler.java:doStart(781)) - Started o.e.j.s.ServletContextHandler@19e5e846{/static,jar:file:/home/user/.m2/repository/org/apache/hadoop/hadoop-hdds-container-service/0.5.0-SNAPSHOT/hadoop-hdds-container-service-0.5.0-SNAPSHOT.jar!/webapps/static,AVAILABLE}
2019-07-14 16:32:14,352 INFO  handler.ContextHandler (ContextHandler.java:doStart(781)) - Started o.e.j.w.WebAppContext@4537c9f8{/,file:///tmp/jetty-0.0.0.0-34731-hddsDatanode-_-any-2844152481434091652.dir/webapp/,AVAILABLE}{/hddsDatanode}
2019-07-14 16:32:14,353 INFO  server.AbstractConnector (AbstractConnector.java:doStart(278)) - Started ServerConnector@698e2cba{HTTP/1.1,[http/1.1]}{0.0.0.0:34731}
2019-07-14 16:32:14,353 INFO  server.Server (Server.java:doStart(419)) - Started @595057ms
2019-07-14 16:32:14,358 INFO  server.BaseHttpServer (BaseHttpServer.java:updateConnectorAddress(207)) - HTTP server of HDDSDATANODE is listening at http://0.0.0.0:34731
2019-07-14 16:32:14,455 INFO  ozone.HddsDatanodeService (HddsDatanodeService.java:startPlugins(396)) - Started plug-in org.apache.hadoop.ozone.web.OzoneHddsDatanodeService@121ec5c2
2019-07-14 16:32:14,456 INFO  ozone.MiniOzoneClusterImpl (MiniOzoneClusterImpl.java:lambda$waitForClusterToBeReady$0(142)) - Waiting for cluster to be ready. Got 0 of 7 DN Heartbeats.
2019-07-14 16:32:14,459 INFO  util.JvmPauseMonitor (JvmPauseMonitor.java:run(188)) - Starting JVM pause monitor
2019-07-14 16:32:14,461 INFO  datanode.InitDatanodeState (InitDatanodeState.java:persistContainerDatanodeDetails(140)) - DatanodeDetails is persisted to /workdir/hadoop-ozone/integration-test/target/test-dir/MiniOzoneClusterImpl-3ed042b0-70b2-4550-817a-04c536ab9f20/datanode-6/meta/datanode.id
2019-07-14 16:32:15,288 INFO  ozoneimpl.OzoneContainer (OzoneContainer.java:start(186)) - Attempting to start container services.
2019-07-14 16:32:15,291 INFO  ozoneimpl.OzoneContainer (OzoneContainer.java:startContainerScrub(160)) - Background container scrubber has been disabled by hdds.containerscrub.enabled
2019-07-14 16:32:15,291 INFO  ratis.XceiverServerRatis (XceiverServerRatis.java:start(418)) - Starting XceiverServerRatis d1d44ffb-e260-4835-95e7-34213d346cf5 at port 0
2019-07-14 16:32:15,299 INFO  impl.RaftServerProxy (RaftServerProxy.java:lambda$start$3(299)) - d1d44ffb-e260-4835-95e7-34213d346cf5: start RPC server
2019-07-14 16:32:15,300 INFO  server.GrpcService (GrpcService.java:startImpl(149)) - d1d44ffb-e260-4835-95e7-34213d346cf5: GrpcService started, listening on 0.0.0.0/0.0.0.0:40193
2019-07-14 16:32:15,300 INFO  ratis.XceiverServerRatis (XceiverServerRatis.java:start(428)) - XceiverServerRatis d1d44ffb-e260-4835-95e7-34213d346cf5 is started using port 40193
2019-07-14 16:32:15,307 INFO  server.XceiverServerGrpc (XceiverServerGrpc.java:start(161)) - XceiverServerGrpc d1d44ffb-e260-4835-95e7-34213d346cf5 is started using port 33022
2019-07-14 16:32:15,456 INFO  ozone.MiniOzoneClusterImpl (MiniOzoneClusterImpl.java:lambda$waitForClusterToBeReady$0(142)) - Waiting for cluster to be ready. Got 0 of 7 DN Heartbeats.
2019-07-14 16:32:15,463 INFO  ozoneimpl.OzoneContainer (OzoneContainer.java:start(186)) - Attempting to start container services.
2019-07-14 16:32:15,466 INFO  ozoneimpl.OzoneContainer (OzoneContainer.java:startContainerScrub(160)) - Background container scrubber has been disabled by hdds.containerscrub.enabled
2019-07-14 16:32:15,466 INFO  ratis.XceiverServerRatis (XceiverServerRatis.java:start(418)) - Starting XceiverServerRatis 30e8bf10-19a9-4b0f-990f-a4b2fd9df601 at port 0
2019-07-14 16:32:15,473 INFO  impl.RaftServerProxy (RaftServerProxy.java:lambda$start$3(299)) - 30e8bf10-19a9-4b0f-990f-a4b2fd9df601: start RPC server
2019-07-14 16:32:15,475 INFO  server.GrpcService (GrpcService.java:startImpl(149)) - 30e8bf10-19a9-4b0f-990f-a4b2fd9df601: GrpcService started, listening on 0.0.0.0/0.0.0.0:32809
2019-07-14 16:32:15,476 INFO  ratis.XceiverServerRatis (XceiverServerRatis.java:start(428)) - XceiverServerRatis 30e8bf10-19a9-4b0f-990f-a4b2fd9df601 is started using port 32809
2019-07-14 16:32:15,476 INFO  server.XceiverServerGrpc (XceiverServerGrpc.java:start(161)) - XceiverServerGrpc 30e8bf10-19a9-4b0f-990f-a4b2fd9df601 is started using port 39214
2019-07-14 16:32:15,786 INFO  ozoneimpl.OzoneContainer (OzoneContainer.java:start(186)) - Attempting to start container services.
2019-07-14 16:32:15,792 INFO  ozoneimpl.OzoneContainer (OzoneContainer.java:startContainerScrub(160)) - Background container scrubber has been disabled by hdds.containerscrub.enabled
2019-07-14 16:32:15,793 INFO  ratis.XceiverServerRatis (XceiverServerRatis.java:start(418)) - Starting XceiverServerRatis 7beec795-f12b-479c-98c0-438854f6485a at port 0
2019-07-14 16:32:15,800 INFO  impl.RaftServerProxy (RaftServerProxy.java:lambda$start$3(299)) - 7beec795-f12b-479c-98c0-438854f6485a: start RPC server
2019-07-14 16:32:15,801 INFO  server.GrpcService (GrpcService.java:startImpl(149)) - 7beec795-f12b-479c-98c0-438854f6485a: GrpcService started, listening on 0.0.0.0/0.0.0.0:35087
2019-07-14 16:32:15,801 INFO  ratis.XceiverServerRatis (XceiverServerRatis.java:start(428)) - XceiverServerRatis 7beec795-f12b-479c-98c0-438854f6485a is started using port 35087
2019-07-14 16:32:15,803 INFO  server.XceiverServerGrpc (XceiverServerGrpc.java:start(161)) - XceiverServerGrpc 7beec795-f12b-479c-98c0-438854f6485a is started using port 43865
2019-07-14 16:32:15,967 INFO  ozoneimpl.OzoneContainer (OzoneContainer.java:start(186)) - Attempting to start container services.
2019-07-14 16:32:15,967 INFO  ozoneimpl.OzoneContainer (OzoneContainer.java:startContainerScrub(160)) - Background container scrubber has been disabled by hdds.containerscrub.enabled
2019-07-14 16:32:15,967 INFO  ratis.XceiverServerRatis (XceiverServerRatis.java:start(418)) - Starting XceiverServerRatis 1431c511-6559-4dee-ba81-47b4a333bbfc at port 0
2019-07-14 16:32:15,974 INFO  impl.RaftServerProxy (RaftServerProxy.java:lambda$start$3(299)) - 1431c511-6559-4dee-ba81-47b4a333bbfc: start RPC server
2019-07-14 16:32:15,975 INFO  server.GrpcService (GrpcService.java:startImpl(149)) - 1431c511-6559-4dee-ba81-47b4a333bbfc: GrpcService started, listening on 0.0.0.0/0.0.0.0:40727
2019-07-14 16:32:15,976 INFO  ratis.XceiverServerRatis (XceiverServerRatis.java:start(428)) - XceiverServerRatis 1431c511-6559-4dee-ba81-47b4a333bbfc is started using port 40727
2019-07-14 16:32:15,976 INFO  server.XceiverServerGrpc (XceiverServerGrpc.java:start(161)) - XceiverServerGrpc 1431c511-6559-4dee-ba81-47b4a333bbfc is started using port 34734
2019-07-14 16:32:16,148 INFO  ozoneimpl.OzoneContainer (OzoneContainer.java:start(186)) - Attempting to start container services.
2019-07-14 16:32:16,148 INFO  ozoneimpl.OzoneContainer (OzoneContainer.java:startContainerScrub(160)) - Background container scrubber has been disabled by hdds.containerscrub.enabled
2019-07-14 16:32:16,148 INFO  ratis.XceiverServerRatis (XceiverServerRatis.java:start(418)) - Starting XceiverServerRatis 65c075ba-bacd-492c-a364-25117d11be4f at port 0
2019-07-14 16:32:16,156 INFO  impl.RaftServerProxy (RaftServerProxy.java:lambda$start$3(299)) - 65c075ba-bacd-492c-a364-25117d11be4f: start RPC server
2019-07-14 16:32:16,159 INFO  server.GrpcService (GrpcService.java:startImpl(149)) - 65c075ba-bacd-492c-a364-25117d11be4f: GrpcService started, listening on 0.0.0.0/0.0.0.0:45580
2019-07-14 16:32:16,159 INFO  ratis.XceiverServerRatis (XceiverServerRatis.java:start(428)) - XceiverServerRatis 65c075ba-bacd-492c-a364-25117d11be4f is started using port 45580
2019-07-14 16:32:16,160 INFO  server.XceiverServerGrpc (XceiverServerGrpc.java:start(161)) - XceiverServerGrpc 65c075ba-bacd-492c-a364-25117d11be4f is started using port 34425
2019-07-14 16:32:16,313 INFO  ozoneimpl.OzoneContainer (OzoneContainer.java:start(186)) - Attempting to start container services.
2019-07-14 16:32:16,313 INFO  ozoneimpl.OzoneContainer (OzoneContainer.java:startContainerScrub(160)) - Background container scrubber has been disabled by hdds.containerscrub.enabled
2019-07-14 16:32:16,314 INFO  ratis.XceiverServerRatis (XceiverServerRatis.java:start(418)) - Starting XceiverServerRatis 3e1669b8-a6b2-4b30-88df-8c35b0353d38 at port 0
2019-07-14 16:32:16,321 INFO  impl.RaftServerProxy (RaftServerProxy.java:lambda$start$3(299)) - 3e1669b8-a6b2-4b30-88df-8c35b0353d38: start RPC server
2019-07-14 16:32:16,322 INFO  server.GrpcService (GrpcService.java:startImpl(149)) - 3e1669b8-a6b2-4b30-88df-8c35b0353d38: GrpcService started, listening on 0.0.0.0/0.0.0.0:41552
2019-07-14 16:32:16,322 INFO  ratis.XceiverServerRatis (XceiverServerRatis.java:start(428)) - XceiverServerRatis 3e1669b8-a6b2-4b30-88df-8c35b0353d38 is started using port 41552
2019-07-14 16:32:16,322 INFO  server.XceiverServerGrpc (XceiverServerGrpc.java:start(161)) - XceiverServerGrpc 3e1669b8-a6b2-4b30-88df-8c35b0353d38 is started using port 42279
2019-07-14 16:32:16,457 INFO  ozone.MiniOzoneClusterImpl (MiniOzoneClusterImpl.java:lambda$waitForClusterToBeReady$0(142)) - Waiting for cluster to be ready. Got 0 of 7 DN Heartbeats.
2019-07-14 16:32:16,466 INFO  ozoneimpl.OzoneContainer (OzoneContainer.java:start(186)) - Attempting to start container services.
2019-07-14 16:32:16,466 INFO  ozoneimpl.OzoneContainer (OzoneContainer.java:startContainerScrub(160)) - Background container scrubber has been disabled by hdds.containerscrub.enabled
2019-07-14 16:32:16,466 INFO  ratis.XceiverServerRatis (XceiverServerRatis.java:start(418)) - Starting XceiverServerRatis a6a6bf61-6fc9-4a4a-a23a-2580cacece8c at port 0
2019-07-14 16:32:16,474 INFO  impl.RaftServerProxy (RaftServerProxy.java:lambda$start$3(299)) - a6a6bf61-6fc9-4a4a-a23a-2580cacece8c: start RPC server
2019-07-14 16:32:16,474 INFO  server.GrpcService (GrpcService.java:startImpl(149)) - a6a6bf61-6fc9-4a4a-a23a-2580cacece8c: GrpcService started, listening on 0.0.0.0/0.0.0.0:40573
2019-07-14 16:32:16,474 INFO  ratis.XceiverServerRatis (XceiverServerRatis.java:start(428)) - XceiverServerRatis a6a6bf61-6fc9-4a4a-a23a-2580cacece8c is started using port 40573
2019-07-14 16:32:16,475 INFO  server.XceiverServerGrpc (XceiverServerGrpc.java:start(161)) - XceiverServerGrpc a6a6bf61-6fc9-4a4a-a23a-2580cacece8c is started using port 46105
2019-07-14 16:32:17,272 INFO  net.NetworkTopology (NetworkTopologyImpl.java:add(110)) - Added a new node: /default-rack/192.168.69.77
2019-07-14 16:32:17,275 INFO  node.SCMNodeManager (SCMNodeManager.java:register(269)) - Registered Data node : d1d44ffb-e260-4835-95e7-34213d346cf5{ip: 192.168.69.77, host: pr-hdds-1710-5x6jb-1204890111, networkLocation: /default-rack, certSerialId: null}
2019-07-14 16:32:17,276 INFO  safemode.SCMSafeModeManager (DataNodeSafeModeRule.java:process(71)) - SCM in safe mode. 1 DataNodes registered, 1 required.
2019-07-14 16:32:17,278 INFO  safemode.SCMSafeModeManager (SCMSafeModeManager.java:validateSafeModeExitRules(177)) - ScmSafeModeManager, all rules are successfully validated
2019-07-14 16:32:17,279 INFO  safemode.SCMSafeModeManager (SCMSafeModeManager.java:exitSafeMode(193)) - SCM exiting safe mode.
2019-07-14 16:32:17,300 INFO  impl.RaftServerProxy (RaftServerProxy.java:addNew(89)) - d1d44ffb-e260-4835-95e7-34213d346cf5: addNew group-E4443CB182A0:[d1d44ffb-e260-4835-95e7-34213d346cf5:192.168.69.77:40193] returns group-E4443CB182A0:java.util.concurrent.CompletableFuture@51f7bb98[Not completed]
2019-07-14 16:32:17,301 INFO  impl.RaftServerImpl (RaftServerImpl.java:<init>(93)) - d1d44ffb-e260-4835-95e7-34213d346cf5: new RaftServerImpl for group-E4443CB182A0:[d1d44ffb-e260-4835-95e7-34213d346cf5:192.168.69.77:40193] with ContainerStateMachine:uninitialized
2019-07-14 16:32:17,302 INFO  server.RaftServerConfigKeys (ConfUtils.java:logGet(43)) - raft.server.rpc.timeout.min = 5s (custom)
2019-07-14 16:32:17,302 INFO  server.RaftServerConfigKeys (ConfUtils.java:logGet(43)) - raft.server.rpc.timeout.max = 5200ms (custom)
2019-07-14 16:32:17,302 INFO  server.RaftServerConfigKeys (ConfUtils.java:logGet(43)) - raft.server.rpcslowness.timeout = 120s (custom)
2019-07-14 16:32:17,302 INFO  server.RaftServerConfigKeys (ConfUtils.java:logGet(43)) - raft.server.sleep.deviation.threshold = 300 (default)
2019-07-14 16:32:17,302 INFO  server.RaftServerConfigKeys (ConfUtils.java:logGet(43)) - raft.server.log.appender.install.snapshot.enabled = false (custom)
2019-07-14 16:32:17,302 INFO  impl.RaftServerImpl (ServerState.java:<init>(105)) - d1d44ffb-e260-4835-95e7-34213d346cf5:group-E4443CB182A0 ConfigurationManager, init=-1: [d1d44ffb-e260-4835-95e7-34213d346cf5:192.168.69.77:40193], old=null, confs=<EMPTY_MAP>
2019-07-14 16:32:17,303 INFO  server.RaftServerConfigKeys (ConfUtils.java:logGet(43)) - raft.server.storage.dir = [/workdir/hadoop-ozone/integration-test/target/test-dir/MiniOzoneClusterImpl-3ed042b0-70b2-4550-817a-04c536ab9f20/datanode-0/data/ratis] (custom)
2019-07-14 16:32:17,303 INFO  storage.RaftStorageDirectory (RaftStorageDirectory.java:analyzeStorage(246)) - The storage directory /workdir/hadoop-ozone/integration-test/target/test-dir/MiniOzoneClusterImpl-3ed042b0-70b2-4550-817a-04c536ab9f20/datanode-0/data/ratis/ce5e6804-df3a-4bfd-b1e4-e4443cb182a0 does not exist. Creating ...
2019-07-14 16:32:17,317 INFO  storage.RaftStorageDirectory (RaftStorageDirectory.java:tryLock(328)) - Lock on /workdir/hadoop-ozone/integration-test/target/test-dir/MiniOzoneClusterImpl-3ed042b0-70b2-4550-817a-04c536ab9f20/datanode-0/data/ratis/ce5e6804-df3a-4bfd-b1e4-e4443cb182a0/in_use.lock acquired by nodename 13169@pr-hdds-1710-5x6jb-1204890111
2019-07-14 16:32:17,331 INFO  storage.RaftStorage (RaftStorage.java:format(72)) - Storage directory /workdir/hadoop-ozone/integration-test/target/test-dir/MiniOzoneClusterImpl-3ed042b0-70b2-4550-817a-04c536ab9f20/datanode-0/data/ratis/ce5e6804-df3a-4bfd-b1e4-e4443cb182a0 has been successfully formatted.
2019-07-14 16:32:17,331 INFO  ratis.ContainerStateMachine (ContainerStateMachine.java:loadSnapshot(200)) - The snapshot info is null.Setting the last applied index to:(t:0, i:~)
2019-07-14 16:32:17,331 INFO  server.RaftServerConfigKeys (ConfUtils.java:logGet(43)) - raft.server.leader.election.timeout = 120s (custom)
2019-07-14 16:32:17,331 INFO  server.RaftServerConfigKeys (ConfUtils.java:logGet(43)) - raft.server.log.use.memory = false (default)
2019-07-14 16:32:17,332 INFO  server.RaftServerConfigKeys (ConfUtils.java:logGet(43)) - raft.server.log.purge.gap = 1000000000 (custom)
2019-07-14 16:32:17,332 INFO  server.RaftServerConfigKeys (ConfUtils.java:logGet(43)) - raft.server.log.appender.buffer.byte-limit = 33554432 (custom)
2019-07-14 16:32:17,332 INFO  server.RaftServerConfigKeys (ConfUtils.java:logGet(43)) - raft.server.log.segment.size.max = 1048576 (custom)
2019-07-14 16:32:17,332 INFO  server.RaftServerConfigKeys (ConfUtils.java:logGet(43)) - raft.server.log.segment.cache.num.max = 2 (custom)
2019-07-14 16:32:17,332 INFO  segmented.SegmentedRaftLogWorker (SegmentedRaftLogWorker.java:<init>(172)) - new d1d44ffb-e260-4835-95e7-34213d346cf5-SegmentedRaftLogWorker:Storage Directory /workdir/hadoop-ozone/integration-test/target/test-dir/MiniOzoneClusterImpl-3ed042b0-70b2-4550-817a-04c536ab9f20/datanode-0/data/ratis/ce5e6804-df3a-4bfd-b1e4-e4443cb182a0 for RaftStorage:Storage Directory /workdir/hadoop-ozone/integration-test/target/test-dir/MiniOzoneClusterImpl-3ed042b0-70b2-4550-817a-04c536ab9f20/datanode-0/data/ratis/ce5e6804-df3a-4bfd-b1e4-e4443cb182a0
2019-07-14 16:32:17,332 INFO  server.RaftServerConfigKeys (ConfUtils.java:logGet(43)) - raft.server.log.queue.byte-limit = 2147483647 (custom)
2019-07-14 16:32:17,333 INFO  server.RaftServerConfigKeys (ConfUtils.java:logGet(43)) - raft.server.log.queue.element-limit = 1024 (custom)
2019-07-14 16:32:17,333 INFO  server.RaftServerConfigKeys (ConfUtils.java:logGet(43)) - raft.server.log.segment.size.max = 1048576 (custom)
2019-07-14 16:32:17,333 INFO  server.RaftServerConfigKeys (ConfUtils.java:logGet(43)) - raft.server.log.preallocated.size = 16384 (custom)
2019-07-14 16:32:17,333 INFO  server.RaftServerConfigKeys (ConfUtils.java:logGet(43)) - raft.server.log.write.buffer.size = 33554432 (custom)
2019-07-14 16:32:17,333 INFO  server.RaftServerConfigKeys (ConfUtils.java:logGet(43)) - raft.server.log.force.sync.num = 128 (default)
2019-07-14 16:32:17,334 INFO  server.RaftServerConfigKeys (ConfUtils.java:logGet(43)) - raft.server.log.statemachine.data.sync = true (default)
2019-07-14 16:32:17,334 INFO  server.RaftServerConfigKeys (ConfUtils.java:logGet(43)) - raft.server.log.statemachine.data.sync.timeout = 10s (default)
2019-07-14 16:32:17,334 INFO  server.RaftServerConfigKeys (ConfUtils.java:logGet(43)) - raft.server.log.statemachine.data.sync.timeout.retry = -1 (default)
2019-07-14 16:32:17,334 INFO  server.RaftServerConfigKeys (ConfUtils.java:logGet(43)) - raft.server.log.statemachine.data.caching.enabled = true (custom)
2019-07-14 16:32:17,335 INFO  segmented.SegmentedRaftLogWorker (SegmentedRaftLogWorker.java:lambda$new$0(132)) - d1d44ffb-e260-4835-95e7-34213d346cf5-SegmentedRaftLogWorker:Storage Directory /workdir/hadoop-ozone/integration-test/target/test-dir/MiniOzoneClusterImpl-3ed042b0-70b2-4550-817a-04c536ab9f20/datanode-0/data/ratis/ce5e6804-df3a-4bfd-b1e4-e4443cb182a0: flushIndex: setUnconditionally 0 -> -1
2019-07-14 16:32:17,335 INFO  server.RaftServerConfigKeys (ConfUtils.java:logGet(43)) - raft.server.snapshot.auto.trigger.enabled = true (custom)
2019-07-14 16:32:17,335 INFO  server.RaftServerConfigKeys (ConfUtils.java:logGet(43)) - raft.server.snapshot.auto.trigger.threshold = 10000 (custom)
2019-07-14 16:32:17,335 INFO  server.RaftServerConfigKeys (ConfUtils.java:logGet(43)) - raft.server.retrycache.expirytime = 600000ms (custom)
2019-07-14 16:32:17,336 INFO  impl.RaftServerImpl (RaftServerImpl.java:start(180)) - d1d44ffb-e260-4835-95e7-34213d346cf5: start group-E4443CB182A0
2019-07-14 16:32:17,336 INFO  impl.RaftServerImpl (RaftServerImpl.java:setRole(171)) - d1d44ffb-e260-4835-95e7-34213d346cf5:group-E4443CB182A0 changes role from null to FOLLOWER at term 0 for startAsFollower
2019-07-14 16:32:17,336 INFO  impl.RoleInfo (RoleInfo.java:updateAndGet(143)) - d1d44ffb-e260-4835-95e7-34213d346cf5: start FollowerState
2019-07-14 16:32:17,337 INFO  util.JmxRegister (JmxRegister.java:tryRegister(44)) - Successfully registered JMX Bean with object name Ratis:service=RaftServer,group=group-E4443CB182A0,id=d1d44ffb-e260-4835-95e7-34213d346cf5
2019-07-14 16:32:17,342 INFO  pipeline.PipelineStateManager (PipelineStateManager.java:addPipeline(56)) - Created pipeline Pipeline[ Id: ce5e6804-df3a-4bfd-b1e4-e4443cb182a0, Nodes: d1d44ffb-e260-4835-95e7-34213d346cf5{ip: 192.168.69.77, host: pr-hdds-1710-5x6jb-1204890111, networkLocation: /default-rack, certSerialId: null}, Type:RATIS, Factor:ONE, State:OPEN]
2019-07-14 16:32:17,448 INFO  node.SCMNodeManager (SCMNodeManager.java:register(269)) - Registered Data node : 30e8bf10-19a9-4b0f-990f-a4b2fd9df601{ip: 192.168.69.77, host: pr-hdds-1710-5x6jb-1204890111, networkLocation: /default-rack, certSerialId: null}
2019-07-14 16:32:17,455 INFO  impl.RaftServerProxy (RaftServerProxy.java:addNew(89)) - 30e8bf10-19a9-4b0f-990f-a4b2fd9df601: addNew group-99CA940E487C:[30e8bf10-19a9-4b0f-990f-a4b2fd9df601:192.168.69.77:32809] returns group-99CA940E487C:java.util.concurrent.CompletableFuture@1a3515ba[Not completed]
2019-07-14 16:32:17,456 INFO  impl.RaftServerImpl (RaftServerImpl.java:<init>(93)) - 30e8bf10-19a9-4b0f-990f-a4b2fd9df601: new RaftServerImpl for group-99CA940E487C:[30e8bf10-19a9-4b0f-990f-a4b2fd9df601:192.168.69.77:32809] with ContainerStateMachine:uninitialized
2019-07-14 16:32:17,456 INFO  server.RaftServerConfigKeys (ConfUtils.java:logGet(43)) - raft.server.rpc.timeout.min = 5s (custom)
2019-07-14 16:32:17,456 INFO  server.RaftServerConfigKeys (ConfUtils.java:logGet(43)) - raft.server.rpc.timeout.max = 5200ms (custom)
2019-07-14 16:32:17,456 INFO  server.RaftServerConfigKeys (ConfUtils.java:logGet(43)) - raft.server.rpcslowness.timeout = 120s (custom)
2019-07-14 16:32:17,457 INFO  server.RaftServerConfigKeys (ConfUtils.java:logGet(43)) - raft.server.sleep.deviation.threshold = 300 (default)
2019-07-14 16:32:17,457 INFO  server.RaftServerConfigKeys (ConfUtils.java:logGet(43)) - raft.server.log.appender.install.snapshot.enabled = false (custom)
2019-07-14 16:32:17,457 INFO  impl.RaftServerImpl (ServerState.java:<init>(105)) - 30e8bf10-19a9-4b0f-990f-a4b2fd9df601:group-99CA940E487C ConfigurationManager, init=-1: [30e8bf10-19a9-4b0f-990f-a4b2fd9df601:192.168.69.77:32809], old=null, confs=<EMPTY_MAP>
2019-07-14 16:32:17,457 INFO  ozone.MiniOzoneClusterImpl (MiniOzoneClusterImpl.java:lambda$waitForClusterToBeReady$0(142)) - Waiting for cluster to be ready. Got 2 of 7 DN Heartbeats.
2019-07-14 16:32:17,457 INFO  server.RaftServerConfigKeys (ConfUtils.java:logGet(43)) - raft.server.storage.dir = [/workdir/hadoop-ozone/integration-test/target/test-dir/MiniOzoneClusterImpl-3ed042b0-70b2-4550-817a-04c536ab9f20/datanode-1/data/ratis] (custom)
2019-07-14 16:32:17,458 INFO  storage.RaftStorageDirectory (RaftStorageDirectory.java:analyzeStorage(246)) - The storage directory /workdir/hadoop-ozone/integration-test/target/test-dir/MiniOzoneClusterImpl-3ed042b0-70b2-4550-817a-04c536ab9f20/datanode-1/data/ratis/0235738a-e259-432a-9c0d-99ca940e487c does not exist. Creating ...
2019-07-14 16:32:17,471 INFO  storage.RaftStorageDirectory (RaftStorageDirectory.java:tryLock(328)) - Lock on /workdir/hadoop-ozone/integration-test/target/test-dir/MiniOzoneClusterImpl-3ed042b0-70b2-4550-817a-04c536ab9f20/datanode-1/data/ratis/0235738a-e259-432a-9c0d-99ca940e487c/in_use.lock acquired by nodename 13169@pr-hdds-1710-5x6jb-1204890111
2019-07-14 16:32:17,485 INFO  storage.RaftStorage (RaftStorage.java:format(72)) - Storage directory /workdir/hadoop-ozone/integration-test/target/test-dir/MiniOzoneClusterImpl-3ed042b0-70b2-4550-817a-04c536ab9f20/datanode-1/data/ratis/0235738a-e259-432a-9c0d-99ca940e487c has been successfully formatted.
2019-07-14 16:32:17,485 INFO  ratis.ContainerStateMachine (ContainerStateMachine.java:loadSnapshot(200)) - The snapshot info is null.Setting the last applied index to:(t:0, i:~)
2019-07-14 16:32:17,485 INFO  server.RaftServerConfigKeys (ConfUtils.java:logGet(43)) - raft.server.leader.election.timeout = 120s (custom)
2019-07-14 16:32:17,485 INFO  server.RaftServerConfigKeys (ConfUtils.java:logGet(43)) - raft.server.log.use.memory = false (default)
2019-07-14 16:32:17,485 INFO  server.RaftServerConfigKeys (ConfUtils.java:logGet(43)) - raft.server.log.purge.gap = 1000000000 (custom)
2019-07-14 16:32:17,485 INFO  server.RaftServerConfigKeys (ConfUtils.java:logGet(43)) - raft.server.log.appender.buffer.byte-limit = 33554432 (custom)
2019-07-14 16:32:17,486 INFO  server.RaftServerConfigKeys (ConfUtils.java:logGet(43)) - raft.server.log.segment.size.max = 1048576 (custom)
2019-07-14 16:32:17,486 INFO  server.RaftServerConfigKeys (ConfUtils.java:logGet(43)) - raft.server.log.segment.cache.num.max = 2 (custom)
2019-07-14 16:32:17,486 INFO  segmented.SegmentedRaftLogWorker (SegmentedRaftLogWorker.java:<init>(172)) - new 30e8bf10-19a9-4b0f-990f-a4b2fd9df601-SegmentedRaftLogWorker:Storage Directory /workdir/hadoop-ozone/integration-test/target/test-dir/MiniOzoneClusterImpl-3ed042b0-70b2-4550-817a-04c536ab9f20/datanode-1/data/ratis/0235738a-e259-432a-9c0d-99ca940e487c for RaftStorage:Storage Directory /workdir/hadoop-ozone/integration-test/target/test-dir/MiniOzoneClusterImpl-3ed042b0-70b2-4550-817a-04c536ab9f20/datanode-1/data/ratis/0235738a-e259-432a-9c0d-99ca940e487c
2019-07-14 16:32:17,486 INFO  server.RaftServerConfigKeys (ConfUtils.java:logGet(43)) - raft.server.log.queue.byte-limit = 2147483647 (custom)
2019-07-14 16:32:17,486 INFO  server.RaftServerConfigKeys (ConfUtils.java:logGet(43)) - raft.server.log.queue.element-limit = 1024 (custom)
2019-07-14 16:32:17,486 INFO  server.RaftServerConfigKeys (ConfUtils.java:logGet(43)) - raft.server.log.segment.size.max = 1048576 (custom)
2019-07-14 16:32:17,487 INFO  server.RaftServerConfigKeys (ConfUtils.java:logGet(43)) - raft.server.log.preallocated.size = 16384 (custom)
2019-07-14 16:32:17,487 INFO  server.RaftServerConfigKeys (ConfUtils.java:logGet(43)) - raft.server.log.write.buffer.size = 33554432 (custom)
2019-07-14 16:32:17,487 INFO  server.RaftServerConfigKeys (ConfUtils.java:logGet(43)) - raft.server.log.force.sync.num = 128 (default)
2019-07-14 16:32:17,487 INFO  server.RaftServerConfigKeys (ConfUtils.java:logGet(43)) - raft.server.log.statemachine.data.sync = true (default)
2019-07-14 16:32:17,487 INFO  server.RaftServerConfigKeys (ConfUtils.java:logGet(43)) - raft.server.log.statemachine.data.sync.timeout = 10s (default)
2019-07-14 16:32:17,487 INFO  server.RaftServerConfigKeys (ConfUtils.java:logGet(43)) - raft.server.log.statemachine.data.sync.timeout.retry = -1 (default)
2019-07-14 16:32:17,488 INFO  server.RaftServerConfigKeys (ConfUtils.java:logGet(43)) - raft.server.log.statemachine.data.caching.enabled = true (custom)
2019-07-14 16:32:17,488 INFO  segmented.SegmentedRaftLogWorker (SegmentedRaftLogWorker.java:lambda$new$0(132)) - 30e8bf10-19a9-4b0f-990f-a4b2fd9df601-SegmentedRaftLogWorker:Storage Directory /workdir/hadoop-ozone/integration-test/target/test-dir/MiniOzoneClusterImpl-3ed042b0-70b2-4550-817a-04c536ab9f20/datanode-1/data/ratis/0235738a-e259-432a-9c0d-99ca940e487c: flushIndex: setUnconditionally 0 -> -1
2019-07-14 16:32:17,488 INFO  server.RaftServerConfigKeys (ConfUtils.java:logGet(43)) - raft.server.snapshot.auto.trigger.enabled = true (custom)
2019-07-14 16:32:17,488 INFO  server.RaftServerConfigKeys (ConfUtils.java:logGet(43)) - raft.server.snapshot.auto.trigger.threshold = 10000 (custom)
2019-07-14 16:32:17,489 INFO  server.RaftServerConfigKeys (ConfUtils.java:logGet(43)) - raft.server.retrycache.expirytime = 600000ms (custom)
2019-07-14 16:32:17,489 INFO  impl.RaftServerImpl (RaftServerImpl.java:start(180)) - 30e8bf10-19a9-4b0f-990f-a4b2fd9df601: start group-99CA940E487C
2019-07-14 16:32:17,489 INFO  impl.RaftServerImpl (RaftServerImpl.java:setRole(171)) - 30e8bf10-19a9-4b0f-990f-a4b2fd9df601:group-99CA940E487C changes role from null to FOLLOWER at term 0 for startAsFollower
2019-07-14 16:32:17,489 INFO  impl.RoleInfo (RoleInfo.java:updateAndGet(143)) - 30e8bf10-19a9-4b0f-990f-a4b2fd9df601: start FollowerState
2019-07-14 16:32:17,489 INFO  util.JmxRegister (JmxRegister.java:tryRegister(44)) - Successfully registered JMX Bean with object name Ratis:service=RaftServer,group=group-99CA940E487C,id=30e8bf10-19a9-4b0f-990f-a4b2fd9df601
2019-07-14 16:32:17,491 INFO  pipeline.PipelineStateManager (PipelineStateManager.java:addPipeline(56)) - Created pipeline Pipeline[ Id: 0235738a-e259-432a-9c0d-99ca940e487c, Nodes: 30e8bf10-19a9-4b0f-990f-a4b2fd9df601{ip: 192.168.69.77, host: pr-hdds-1710-5x6jb-1204890111, networkLocation: /default-rack, certSerialId: null}, Type:RATIS, Factor:ONE, State:OPEN]
2019-07-14 16:32:17,772 INFO  node.SCMNodeManager (SCMNodeManager.java:register(269)) - Registered Data node : 7beec795-f12b-479c-98c0-438854f6485a{ip: 192.168.69.77, host: pr-hdds-1710-5x6jb-1204890111, networkLocation: /default-rack, certSerialId: null}
2019-07-14 16:32:17,802 INFO  impl.RaftServerProxy (RaftServerProxy.java:addNew(89)) - 7beec795-f12b-479c-98c0-438854f6485a: addNew group-68461943934E:[7beec795-f12b-479c-98c0-438854f6485a:192.168.69.77:35087] returns group-68461943934E:java.util.concurrent.CompletableFuture@4bc7a25[Not completed]
2019-07-14 16:32:17,803 INFO  impl.RaftServerImpl (RaftServerImpl.java:<init>(93)) - 7beec795-f12b-479c-98c0-438854f6485a: new RaftServerImpl for group-68461943934E:[7beec795-f12b-479c-98c0-438854f6485a:192.168.69.77:35087] with ContainerStateMachine:uninitialized
2019-07-14 16:32:17,803 INFO  server.RaftServerConfigKeys (ConfUtils.java:logGet(43)) - raft.server.rpc.timeout.min = 5s (custom)
2019-07-14 16:32:17,803 INFO  server.RaftServerConfigKeys (ConfUtils.java:logGet(43)) - raft.server.rpc.timeout.max = 5200ms (custom)
2019-07-14 16:32:17,803 INFO  server.RaftServerConfigKeys (ConfUtils.java:logGet(43)) - raft.server.rpcslowness.timeout = 120s (custom)
2019-07-14 16:32:17,804 INFO  server.RaftServerConfigKeys (ConfUtils.java:logGet(43)) - raft.server.sleep.deviation.threshold = 300 (default)
2019-07-14 16:32:17,804 INFO  server.RaftServerConfigKeys (ConfUtils.java:logGet(43)) - raft.server.log.appender.install.snapshot.enabled = false (custom)
2019-07-14 16:32:17,804 INFO  impl.RaftServerImpl (ServerState.java:<init>(105)) - 7beec795-f12b-479c-98c0-438854f6485a:group-68461943934E ConfigurationManager, init=-1: [7beec795-f12b-479c-98c0-438854f6485a:192.168.69.77:35087], old=null, confs=<EMPTY_MAP>
2019-07-14 16:32:17,804 INFO  server.RaftServerConfigKeys (ConfUtils.java:logGet(43)) - raft.server.storage.dir = [/workdir/hadoop-ozone/integration-test/target/test-dir/MiniOzoneClusterImpl-3ed042b0-70b2-4550-817a-04c536ab9f20/datanode-2/data/ratis] (custom)
2019-07-14 16:32:17,805 INFO  storage.RaftStorageDirectory (RaftStorageDirectory.java:analyzeStorage(246)) - The storage directory /workdir/hadoop-ozone/integration-test/target/test-dir/MiniOzoneClusterImpl-3ed042b0-70b2-4550-817a-04c536ab9f20/datanode-2/data/ratis/ec7ab07e-4231-4d03-8d24-68461943934e does not exist. Creating ...
2019-07-14 16:32:17,819 INFO  storage.RaftStorageDirectory (RaftStorageDirectory.java:tryLock(328)) - Lock on /workdir/hadoop-ozone/integration-test/target/test-dir/MiniOzoneClusterImpl-3ed042b0-70b2-4550-817a-04c536ab9f20/datanode-2/data/ratis/ec7ab07e-4231-4d03-8d24-68461943934e/in_use.lock acquired by nodename 13169@pr-hdds-1710-5x6jb-1204890111
2019-07-14 16:32:17,832 INFO  storage.RaftStorage (RaftStorage.java:format(72)) - Storage directory /workdir/hadoop-ozone/integration-test/target/test-dir/MiniOzoneClusterImpl-3ed042b0-70b2-4550-817a-04c536ab9f20/datanode-2/data/ratis/ec7ab07e-4231-4d03-8d24-68461943934e has been successfully formatted.
2019-07-14 16:32:17,832 INFO  ratis.ContainerStateMachine (ContainerStateMachine.java:loadSnapshot(200)) - The snapshot info is null.Setting the last applied index to:(t:0, i:~)
2019-07-14 16:32:17,832 INFO  server.RaftServerConfigKeys (ConfUtils.java:logGet(43)) - raft.server.leader.election.timeout = 120s (custom)
2019-07-14 16:32:17,833 INFO  server.RaftServerConfigKeys (ConfUtils.java:logGet(43)) - raft.server.log.use.memory = false (default)
2019-07-14 16:32:17,833 INFO  server.RaftServerConfigKeys (ConfUtils.java:logGet(43)) - raft.server.log.purge.gap = 1000000000 (custom)
2019-07-14 16:32:17,833 INFO  server.RaftServerConfigKeys (ConfUtils.java:logGet(43)) - raft.server.log.appender.buffer.byte-limit = 33554432 (custom)
2019-07-14 16:32:17,833 INFO  server.RaftServerConfigKeys (ConfUtils.java:logGet(43)) - raft.server.log.segment.size.max = 1048576 (custom)
2019-07-14 16:32:17,833 INFO  server.RaftServerConfigKeys (ConfUtils.java:logGet(43)) - raft.server.log.segment.cache.num.max = 2 (custom)
2019-07-14 16:32:17,833 INFO  segmented.SegmentedRaftLogWorker (SegmentedRaftLogWorker.java:<init>(172)) - new 7beec795-f12b-479c-98c0-438854f6485a-SegmentedRaftLogWorker:Storage Directory /workdir/hadoop-ozone/integration-test/target/test-dir/MiniOzoneClusterImpl-3ed042b0-70b2-4550-817a-04c536ab9f20/datanode-2/data/ratis/ec7ab07e-4231-4d03-8d24-68461943934e for RaftStorage:Storage Directory /workdir/hadoop-ozone/integration-test/target/test-dir/MiniOzoneClusterImpl-3ed042b0-70b2-4550-817a-04c536ab9f20/datanode-2/data/ratis/ec7ab07e-4231-4d03-8d24-68461943934e
2019-07-14 16:32:17,834 INFO  server.RaftServerConfigKeys (ConfUtils.java:logGet(43)) - raft.server.log.queue.byte-limit = 2147483647 (custom)
2019-07-14 16:32:17,834 INFO  server.RaftServerConfigKeys (ConfUtils.java:logGet(43)) - raft.server.log.queue.element-limit = 1024 (custom)
2019-07-14 16:32:17,834 INFO  server.RaftServerConfigKeys (ConfUtils.java:logGet(43)) - raft.server.log.segment.size.max = 1048576 (custom)
2019-07-14 16:32:17,834 INFO  server.RaftServerConfigKeys (ConfUtils.java:logGet(43)) - raft.server.log.preallocated.size = 16384 (custom)
2019-07-14 16:32:17,834 INFO  server.RaftServerConfigKeys (ConfUtils.java:logGet(43)) - raft.server.log.write.buffer.size = 33554432 (custom)
2019-07-14 16:32:17,835 INFO  server.RaftServerConfigKeys (ConfUtils.java:logGet(43)) - raft.server.log.force.sync.num = 128 (default)
2019-07-14 16:32:17,835 INFO  server.RaftServerConfigKeys (ConfUtils.java:logGet(43)) - raft.server.log.statemachine.data.sync = true (default)
2019-07-14 16:32:17,835 INFO  server.RaftServerConfigKeys (ConfUtils.java:logGet(43)) - raft.server.log.statemachine.data.sync.timeout = 10s (default)
2019-07-14 16:32:17,835 INFO  server.RaftServerConfigKeys (ConfUtils.java:logGet(43)) - raft.server.log.statemachine.data.sync.timeout.retry = -1 (default)
2019-07-14 16:32:17,835 INFO  server.RaftServerConfigKeys (ConfUtils.java:logGet(43)) - raft.server.log.statemachine.data.caching.enabled = true (custom)
2019-07-14 16:32:17,836 INFO  segmented.SegmentedRaftLogWorker (SegmentedRaftLogWorker.java:lambda$new$0(132)) - 7beec795-f12b-479c-98c0-438854f6485a-SegmentedRaftLogWorker:Storage Directory /workdir/hadoop-ozone/integration-test/target/test-dir/MiniOzoneClusterImpl-3ed042b0-70b2-4550-817a-04c536ab9f20/datanode-2/data/ratis/ec7ab07e-4231-4d03-8d24-68461943934e: flushIndex: setUnconditionally 0 -> -1
2019-07-14 16:32:17,836 INFO  server.RaftServerConfigKeys (ConfUtils.java:logGet(43)) - raft.server.snapshot.auto.trigger.enabled = true (custom)
2019-07-14 16:32:17,836 INFO  server.RaftServerConfigKeys (ConfUtils.java:logGet(43)) - raft.server.snapshot.auto.trigger.threshold = 10000 (custom)
2019-07-14 16:32:17,836 INFO  server.RaftServerConfigKeys (ConfUtils.java:logGet(43)) - raft.server.retrycache.expirytime = 600000ms (custom)
2019-07-14 16:32:17,837 INFO  impl.RaftServerImpl (RaftServerImpl.java:start(180)) - 7beec795-f12b-479c-98c0-438854f6485a: start group-68461943934E
2019-07-14 16:32:17,837 INFO  impl.RaftServerImpl (RaftServerImpl.java:setRole(171)) - 7beec795-f12b-479c-98c0-438854f6485a:group-68461943934E changes role from null to FOLLOWER at term 0 for startAsFollower
2019-07-14 16:32:17,837 INFO  impl.RoleInfo (RoleInfo.java:updateAndGet(143)) - 7beec795-f12b-479c-98c0-438854f6485a: start FollowerState
2019-07-14 16:32:17,837 INFO  util.JmxRegister (JmxRegister.java:tryRegister(44)) - Successfully registered JMX Bean with object name Ratis:service=RaftServer,group=group-68461943934E,id=7beec795-f12b-479c-98c0-438854f6485a
2019-07-14 16:32:17,840 INFO  pipeline.PipelineStateManager (PipelineStateManager.java:addPipeline(56)) - Created pipeline Pipeline[ Id: ec7ab07e-4231-4d03-8d24-68461943934e, Nodes: 7beec795-f12b-479c-98c0-438854f6485a{ip: 192.168.69.77, host: pr-hdds-1710-5x6jb-1204890111, networkLocation: /default-rack, certSerialId: null}, Type:RATIS, Factor:ONE, State:OPEN]
2019-07-14 16:32:17,848 INFO  impl.RaftServerProxy (RaftServerProxy.java:addNew(89)) - 7beec795-f12b-479c-98c0-438854f6485a: addNew group-398BC575E08A:[7beec795-f12b-479c-98c0-438854f6485a:192.168.69.77:35087, d1d44ffb-e260-4835-95e7-34213d346cf5:192.168.69.77:40193, 30e8bf10-19a9-4b0f-990f-a4b2fd9df601:192.168.69.77:32809] returns group-398BC575E08A:java.util.concurrent.CompletableFuture@2d666892[Not completed]
2019-07-14 16:32:17,848 INFO  impl.RaftServerProxy (RaftServerProxy.java:addNew(89)) - d1d44ffb-e260-4835-95e7-34213d346cf5: addNew group-398BC575E08A:[7beec795-f12b-479c-98c0-438854f6485a:192.168.69.77:35087, d1d44ffb-e260-4835-95e7-34213d346cf5:192.168.69.77:40193, 30e8bf10-19a9-4b0f-990f-a4b2fd9df601:192.168.69.77:32809] returns group-398BC575E08A:java.util.concurrent.CompletableFuture@2d5f6bdd[Not completed]
2019-07-14 16:32:17,848 INFO  impl.RaftServerProxy (RaftServerProxy.java:addNew(89)) - 30e8bf10-19a9-4b0f-990f-a4b2fd9df601: addNew group-398BC575E08A:[7beec795-f12b-479c-98c0-438854f6485a:192.168.69.77:35087, d1d44ffb-e260-4835-95e7-34213d346cf5:192.168.69.77:40193, 30e8bf10-19a9-4b0f-990f-a4b2fd9df601:192.168.69.77:32809] returns group-398BC575E08A:java.util.concurrent.CompletableFuture@5230cdbe[Not completed]
2019-07-14 16:32:17,849 INFO  impl.RaftServerImpl (RaftServerImpl.java:<init>(93)) - 7beec795-f12b-479c-98c0-438854f6485a: new RaftServerImpl for group-398BC575E08A:[7beec795-f12b-479c-98c0-438854f6485a:192.168.69.77:35087, d1d44ffb-e260-4835-95e7-34213d346cf5:192.168.69.77:40193, 30e8bf10-19a9-4b0f-990f-a4b2fd9df601:192.168.69.77:32809] with ContainerStateMachine:uninitialized
2019-07-14 16:32:17,849 INFO  server.RaftServerConfigKeys (ConfUtils.java:logGet(43)) - raft.server.rpc.timeout.min = 5s (custom)
2019-07-14 16:32:17,849 INFO  server.RaftServerConfigKeys (ConfUtils.java:logGet(43)) - raft.server.rpc.timeout.max = 5200ms (custom)
2019-07-14 16:32:17,849 INFO  server.RaftServerConfigKeys (ConfUtils.java:logGet(43)) - raft.server.rpcslowness.timeout = 120s (custom)
2019-07-14 16:32:17,849 INFO  server.RaftServerConfigKeys (ConfUtils.java:logGet(43)) - raft.server.sleep.deviation.threshold = 300 (default)
2019-07-14 16:32:17,850 INFO  server.RaftServerConfigKeys (ConfUtils.java:logGet(43)) - raft.server.log.appender.install.snapshot.enabled = false (custom)
2019-07-14 16:32:17,850 INFO  impl.RaftServerImpl (RaftServerImpl.java:<init>(93)) - d1d44ffb-e260-4835-95e7-34213d346cf5: new RaftServerImpl for group-398BC575E08A:[7beec795-f12b-479c-98c0-438854f6485a:192.168.69.77:35087, d1d44ffb-e260-4835-95e7-34213d346cf5:192.168.69.77:40193, 30e8bf10-19a9-4b0f-990f-a4b2fd9df601:192.168.69.77:32809] with ContainerStateMachine:uninitialized
2019-07-14 16:32:17,850 INFO  impl.RaftServerImpl (ServerState.java:<init>(105)) - 7beec795-f12b-479c-98c0-438854f6485a:group-398BC575E08A ConfigurationManager, init=-1: [7beec795-f12b-479c-98c0-438854f6485a:192.168.69.77:35087, d1d44ffb-e260-4835-95e7-34213d346cf5:192.168.69.77:40193, 30e8bf10-19a9-4b0f-990f-a4b2fd9df601:192.168.69.77:32809], old=null, confs=<EMPTY_MAP>
2019-07-14 16:32:17,850 INFO  server.RaftServerConfigKeys (ConfUtils.java:logGet(43)) - raft.server.rpc.timeout.min = 5s (custom)
2019-07-14 16:32:17,850 INFO  impl.RaftServerImpl (RaftServerImpl.java:<init>(93)) - 30e8bf10-19a9-4b0f-990f-a4b2fd9df601: new RaftServerImpl for group-398BC575E08A:[7beec795-f12b-479c-98c0-438854f6485a:192.168.69.77:35087, d1d44ffb-e260-4835-95e7-34213d346cf5:192.168.69.77:40193, 30e8bf10-19a9-4b0f-990f-a4b2fd9df601:192.168.69.77:32809] with ContainerStateMachine:uninitialized
2019-07-14 16:32:17,850 INFO  server.RaftServerConfigKeys (ConfUtils.java:logGet(43)) - raft.server.rpc.timeout.max = 5200ms (custom)
2019-07-14 16:32:17,850 INFO  server.RaftServerConfigKeys (ConfUtils.java:logGet(43)) - raft.server.storage.dir = [/workdir/hadoop-ozone/integration-test/target/test-dir/MiniOzoneClusterImpl-3ed042b0-70b2-4550-817a-04c536ab9f20/datanode-2/data/ratis] (custom)
2019-07-14 16:32:17,851 INFO  server.RaftServerConfigKeys (ConfUtils.java:logGet(43)) - raft.server.rpcslowness.timeout = 120s (custom)
2019-07-14 16:32:17,851 INFO  server.RaftServerConfigKeys (ConfUtils.java:logGet(43)) - raft.server.rpc.timeout.min = 5s (custom)
2019-07-14 16:32:17,851 INFO  storage.RaftStorageDirectory (RaftStorageDirectory.java:analyzeStorage(246)) - The storage directory /workdir/hadoop-ozone/integration-test/target/test-dir/MiniOzoneClusterImpl-3ed042b0-70b2-4550-817a-04c536ab9f20/datanode-2/data/ratis/d03f644d-4a0c-4851-ac27-398bc575e08a does not exist. Creating ...
2019-07-14 16:32:17,851 INFO  server.RaftServerConfigKeys (ConfUtils.java:logGet(43)) - raft.server.sleep.deviation.threshold = 300 (default)
2019-07-14 16:32:17,851 INFO  server.RaftServerConfigKeys (ConfUtils.java:logGet(43)) - raft.server.rpc.timeout.max = 5200ms (custom)
2019-07-14 16:32:17,852 INFO  server.RaftServerConfigKeys (ConfUtils.java:logGet(43)) - raft.server.log.appender.install.snapshot.enabled = false (custom)
2019-07-14 16:32:17,852 INFO  server.RaftServerConfigKeys (ConfUtils.java:logGet(43)) - raft.server.rpcslowness.timeout = 120s (custom)
2019-07-14 16:32:17,852 INFO  impl.RaftServerImpl (ServerState.java:<init>(105)) - d1d44ffb-e260-4835-95e7-34213d346cf5:group-398BC575E08A ConfigurationManager, init=-1: [7beec795-f12b-479c-98c0-438854f6485a:192.168.69.77:35087, d1d44ffb-e260-4835-95e7-34213d346cf5:192.168.69.77:40193, 30e8bf10-19a9-4b0f-990f-a4b2fd9df601:192.168.69.77:32809], old=null, confs=<EMPTY_MAP>
2019-07-14 16:32:17,852 INFO  server.RaftServerConfigKeys (ConfUtils.java:logGet(43)) - raft.server.sleep.deviation.threshold = 300 (default)
2019-07-14 16:32:17,852 INFO  server.RaftServerConfigKeys (ConfUtils.java:logGet(43)) - raft.server.storage.dir = [/workdir/hadoop-ozone/integration-test/target/test-dir/MiniOzoneClusterImpl-3ed042b0-70b2-4550-817a-04c536ab9f20/datanode-0/data/ratis] (custom)
2019-07-14 16:32:17,852 INFO  server.RaftServerConfigKeys (ConfUtils.java:logGet(43)) - raft.server.log.appender.install.snapshot.enabled = false (custom)
2019-07-14 16:32:17,852 INFO  impl.RaftServerImpl (ServerState.java:<init>(105)) - 30e8bf10-19a9-4b0f-990f-a4b2fd9df601:group-398BC575E08A ConfigurationManager, init=-1: [7beec795-f12b-479c-98c0-438854f6485a:192.168.69.77:35087, d1d44ffb-e260-4835-95e7-34213d346cf5:192.168.69.77:40193, 30e8bf10-19a9-4b0f-990f-a4b2fd9df601:192.168.69.77:32809], old=null, confs=<EMPTY_MAP>
2019-07-14 16:32:17,853 INFO  storage.RaftStorageDirectory (RaftStorageDirectory.java:analyzeStorage(246)) - The storage directory /workdir/hadoop-ozone/integration-test/target/test-dir/MiniOzoneClusterImpl-3ed042b0-70b2-4550-817a-04c536ab9f20/datanode-0/data/ratis/d03f644d-4a0c-4851-ac27-398bc575e08a does not exist. Creating ...
2019-07-14 16:32:17,853 INFO  server.RaftServerConfigKeys (ConfUtils.java:logGet(43)) - raft.server.storage.dir = [/workdir/hadoop-ozone/integration-test/target/test-dir/MiniOzoneClusterImpl-3ed042b0-70b2-4550-817a-04c536ab9f20/datanode-1/data/ratis] (custom)
2019-07-14 16:32:17,853 INFO  storage.RaftStorageDirectory (RaftStorageDirectory.java:analyzeStorage(246)) - The storage directory /workdir/hadoop-ozone/integration-test/target/test-dir/MiniOzoneClusterImpl-3ed042b0-70b2-4550-817a-04c536ab9f20/datanode-1/data/ratis/d03f644d-4a0c-4851-ac27-398bc575e08a does not exist. Creating ...
2019-07-14 16:32:17,865 INFO  storage.RaftStorageDirectory (RaftStorageDirectory.java:tryLock(328)) - Lock on /workdir/hadoop-ozone/integration-test/target/test-dir/MiniOzoneClusterImpl-3ed042b0-70b2-4550-817a-04c536ab9f20/datanode-0/data/ratis/d03f644d-4a0c-4851-ac27-398bc575e08a/in_use.lock acquired by nodename 13169@pr-hdds-1710-5x6jb-1204890111
2019-07-14 16:32:17,865 INFO  storage.RaftStorageDirectory (RaftStorageDirectory.java:tryLock(328)) - Lock on /workdir/hadoop-ozone/integration-test/target/test-dir/MiniOzoneClusterImpl-3ed042b0-70b2-4550-817a-04c536ab9f20/datanode-2/data/ratis/d03f644d-4a0c-4851-ac27-398bc575e08a/in_use.lock acquired by nodename 13169@pr-hdds-1710-5x6jb-1204890111
2019-07-14 16:32:17,865 INFO  storage.RaftStorageDirectory (RaftStorageDirectory.java:tryLock(328)) - Lock on /workdir/hadoop-ozone/integration-test/target/test-dir/MiniOzoneClusterImpl-3ed042b0-70b2-4550-817a-04c536ab9f20/datanode-1/data/ratis/d03f644d-4a0c-4851-ac27-398bc575e08a/in_use.lock acquired by nodename 13169@pr-hdds-1710-5x6jb-1204890111
2019-07-14 16:32:17,898 INFO  storage.RaftStorage (RaftStorage.java:format(72)) - Storage directory /workdir/hadoop-ozone/integration-test/target/test-dir/MiniOzoneClusterImpl-3ed042b0-70b2-4550-817a-04c536ab9f20/datanode-1/data/ratis/d03f644d-4a0c-4851-ac27-398bc575e08a has been successfully formatted.
2019-07-14 16:32:17,898 INFO  storage.RaftStorage (RaftStorage.java:format(72)) - Storage directory /workdir/hadoop-ozone/integration-test/target/test-dir/MiniOzoneClusterImpl-3ed042b0-70b2-4550-817a-04c536ab9f20/datanode-0/data/ratis/d03f644d-4a0c-4851-ac27-398bc575e08a has been successfully formatted.
2019-07-14 16:32:17,898 INFO  ratis.ContainerStateMachine (ContainerStateMachine.java:loadSnapshot(200)) - The snapshot info is null.Setting the last applied index to:(t:0, i:~)
2019-07-14 16:32:17,898 INFO  storage.RaftStorage (RaftStorage.java:format(72)) - Storage directory /workdir/hadoop-ozone/integration-test/target/test-dir/MiniOzoneClusterImpl-3ed042b0-70b2-4550-817a-04c536ab9f20/datanode-2/data/ratis/d03f644d-4a0c-4851-ac27-398bc575e08a has been successfully formatted.
2019-07-14 16:32:17,898 INFO  server.RaftServerConfigKeys (ConfUtils.java:logGet(43)) - raft.server.leader.election.timeout = 120s (custom)
2019-07-14 16:32:17,898 INFO  ratis.ContainerStateMachine (ContainerStateMachine.java:loadSnapshot(200)) - The snapshot info is null.Setting the last applied index to:(t:0, i:~)
2019-07-14 16:32:17,898 INFO  server.RaftServerConfigKeys (ConfUtils.java:logGet(43)) - raft.server.log.use.memory = false (default)
2019-07-14 16:32:17,898 INFO  ratis.ContainerStateMachine (ContainerStateMachine.java:loadSnapshot(200)) - The snapshot info is null.Setting the last applied index to:(t:0, i:~)
2019-07-14 16:32:17,899 INFO  server.RaftServerConfigKeys (ConfUtils.java:logGet(43)) - raft.server.log.purge.gap = 1000000000 (custom)
2019-07-14 16:32:17,899 INFO  server.RaftServerConfigKeys (ConfUtils.java:logGet(43)) - raft.server.leader.election.timeout = 120s (custom)
2019-07-14 16:32:17,899 INFO  server.RaftServerConfigKeys (ConfUtils.java:logGet(43)) - raft.server.log.appender.buffer.byte-limit = 33554432 (custom)
2019-07-14 16:32:17,899 INFO  server.RaftServerConfigKeys (ConfUtils.java:logGet(43)) - raft.server.leader.election.timeout = 120s (custom)
2019-07-14 16:32:17,899 INFO  server.RaftServerConfigKeys (ConfUtils.java:logGet(43)) - raft.server.log.segment.size.max = 1048576 (custom)
2019-07-14 16:32:17,899 INFO  server.RaftServerConfigKeys (ConfUtils.java:logGet(43)) - raft.server.log.use.memory = false (default)
2019-07-14 16:32:17,900 INFO  server.RaftServerConfigKeys (ConfUtils.java:logGet(43)) - raft.server.log.segment.cache.num.max = 2 (custom)
2019-07-14 16:32:17,899 INFO  server.RaftServerConfigKeys (ConfUtils.java:logGet(43)) - raft.server.log.use.memory = false (default)
2019-07-14 16:32:17,900 INFO  segmented.SegmentedRaftLogWorker (SegmentedRaftLogWorker.java:<init>(172)) - new 30e8bf10-19a9-4b0f-990f-a4b2fd9df601-SegmentedRaftLogWorker:Storage Directory /workdir/hadoop-ozone/integration-test/target/test-dir/MiniOzoneClusterImpl-3ed042b0-70b2-4550-817a-04c536ab9f20/datanode-1/data/ratis/d03f644d-4a0c-4851-ac27-398bc575e08a for RaftStorage:Storage Directory /workdir/hadoop-ozone/integration-test/target/test-dir/MiniOzoneClusterImpl-3ed042b0-70b2-4550-817a-04c536ab9f20/datanode-1/data/ratis/d03f644d-4a0c-4851-ac27-398bc575e08a
2019-07-14 16:32:17,900 INFO  server.RaftServerConfigKeys (ConfUtils.java:logGet(43)) - raft.server.log.purge.gap = 1000000000 (custom)
2019-07-14 16:32:17,900 INFO  server.RaftServerConfigKeys (ConfUtils.java:logGet(43)) - raft.server.log.queue.byte-limit = 2147483647 (custom)
2019-07-14 16:32:17,900 INFO  server.RaftServerConfigKeys (ConfUtils.java:logGet(43)) - raft.server.log.purge.gap = 1000000000 (custom)
2019-07-14 16:32:17,901 INFO  server.RaftServerConfigKeys (ConfUtils.java:logGet(43)) - raft.server.log.queue.element-limit = 1024 (custom)
2019-07-14 16:32:17,900 INFO  server.RaftServerConfigKeys (ConfUtils.java:logGet(43)) - raft.server.log.appender.buffer.byte-limit = 33554432 (custom)
2019-07-14 16:32:17,901 INFO  server.RaftServerConfigKeys (ConfUtils.java:logGet(43)) - raft.server.log.segment.size.max = 1048576 (custom)
2019-07-14 16:32:17,901 INFO  server.RaftServerConfigKeys (ConfUtils.java:logGet(43)) - raft.server.log.preallocated.size = 16384 (custom)
2019-07-14 16:32:17,901 INFO  server.RaftServerConfigKeys (ConfUtils.java:logGet(43)) - raft.server.log.appender.buffer.byte-limit = 33554432 (custom)
2019-07-14 16:32:17,901 INFO  server.RaftServerConfigKeys (ConfUtils.java:logGet(43)) - raft.server.log.write.buffer.size = 33554432 (custom)
2019-07-14 16:32:17,901 INFO  server.RaftServerConfigKeys (ConfUtils.java:logGet(43)) - raft.server.log.segment.size.max = 1048576 (custom)
2019-07-14 16:32:17,902 INFO  server.RaftServerConfigKeys (ConfUtils.java:logGet(43)) - raft.server.log.force.sync.num = 128 (default)
2019-07-14 16:32:17,902 INFO  server.RaftServerConfigKeys (ConfUtils.java:logGet(43)) - raft.server.log.segment.size.max = 1048576 (custom)
2019-07-14 16:32:17,902 INFO  server.RaftServerConfigKeys (ConfUtils.java:logGet(43)) - raft.server.log.statemachine.data.sync = true (default)
2019-07-14 16:32:17,902 INFO  server.RaftServerConfigKeys (ConfUtils.java:logGet(43)) - raft.server.log.segment.cache.num.max = 2 (custom)
2019-07-14 16:32:17,902 INFO  server.RaftServerConfigKeys (ConfUtils.java:logGet(43)) - raft.server.log.statemachine.data.sync.timeout = 10s (default)
2019-07-14 16:32:17,902 INFO  server.RaftServerConfigKeys (ConfUtils.java:logGet(43)) - raft.server.log.segment.cache.num.max = 2 (custom)
2019-07-14 16:32:17,903 INFO  server.RaftServerConfigKeys (ConfUtils.java:logGet(43)) - raft.server.log.statemachine.data.sync.timeout.retry = -1 (default)
2019-07-14 16:32:17,902 INFO  segmented.SegmentedRaftLogWorker (SegmentedRaftLogWorker.java:<init>(172)) - new d1d44ffb-e260-4835-95e7-34213d346cf5-SegmentedRaftLogWorker:Storage Directory /workdir/hadoop-ozone/integration-test/target/test-dir/MiniOzoneClusterImpl-3ed042b0-70b2-4550-817a-04c536ab9f20/datanode-0/data/ratis/d03f644d-4a0c-4851-ac27-398bc575e08a for RaftStorage:Storage Directory /workdir/hadoop-ozone/integration-test/target/test-dir/MiniOzoneClusterImpl-3ed042b0-70b2-4550-817a-04c536ab9f20/datanode-0/data/ratis/d03f644d-4a0c-4851-ac27-398bc575e08a
2019-07-14 16:32:17,903 INFO  server.RaftServerConfigKeys (ConfUtils.java:logGet(43)) - raft.server.log.statemachine.data.caching.enabled = true (custom)
2019-07-14 16:32:17,903 INFO  segmented.SegmentedRaftLogWorker (SegmentedRaftLogWorker.java:<init>(172)) - new 7beec795-f12b-479c-98c0-438854f6485a-SegmentedRaftLogWorker:Storage Directory /workdir/hadoop-ozone/integration-test/target/test-dir/MiniOzoneClusterImpl-3ed042b0-70b2-4550-817a-04c536ab9f20/datanode-2/data/ratis/d03f644d-4a0c-4851-ac27-398bc575e08a for RaftStorage:Storage Directory /workdir/hadoop-ozone/integration-test/target/test-dir/MiniOzoneClusterImpl-3ed042b0-70b2-4550-817a-04c536ab9f20/datanode-2/data/ratis/d03f644d-4a0c-4851-ac27-398bc575e08a
2019-07-14 16:32:17,903 INFO  segmented.SegmentedRaftLogWorker (SegmentedRaftLogWorker.java:lambda$new$0(132)) - 30e8bf10-19a9-4b0f-990f-a4b2fd9df601-SegmentedRaftLogWorker:Storage Directory /workdir/hadoop-ozone/integration-test/target/test-dir/MiniOzoneClusterImpl-3ed042b0-70b2-4550-817a-04c536ab9f20/datanode-1/data/ratis/d03f644d-4a0c-4851-ac27-398bc575e08a: flushIndex: setUnconditionally 0 -> -1
2019-07-14 16:32:17,903 INFO  server.RaftServerConfigKeys (ConfUtils.java:logGet(43)) - raft.server.log.queue.byte-limit = 2147483647 (custom)
2019-07-14 16:32:17,904 INFO  server.RaftServerConfigKeys (ConfUtils.java:logGet(43)) - raft.server.snapshot.auto.trigger.enabled = true (custom)
2019-07-14 16:32:17,904 INFO  server.RaftServerConfigKeys (ConfUtils.java:logGet(43)) - raft.server.log.queue.byte-limit = 2147483647 (custom)
2019-07-14 16:32:17,904 INFO  server.RaftServerConfigKeys (ConfUtils.java:logGet(43)) - raft.server.snapshot.auto.trigger.threshold = 10000 (custom)
2019-07-14 16:32:17,904 INFO  server.RaftServerConfigKeys (ConfUtils.java:logGet(43)) - raft.server.log.queue.element-limit = 1024 (custom)
2019-07-14 16:32:17,904 INFO  server.RaftServerConfigKeys (ConfUtils.java:logGet(43)) - raft.server.retrycache.expirytime = 600000ms (custom)
2019-07-14 16:32:17,904 INFO  server.RaftServerConfigKeys (ConfUtils.java:logGet(43)) - raft.server.log.queue.element-limit = 1024 (custom)
2019-07-14 16:32:17,905 INFO  impl.RaftServerImpl (RaftServerImpl.java:start(180)) - 30e8bf10-19a9-4b0f-990f-a4b2fd9df601: start group-398BC575E08A
2019-07-14 16:32:17,905 INFO  server.RaftServerConfigKeys (ConfUtils.java:logGet(43)) - raft.server.log.segment.size.max = 1048576 (custom)
2019-07-14 16:32:17,905 INFO  impl.RaftServerImpl (RaftServerImpl.java:setRole(171)) - 30e8bf10-19a9-4b0f-990f-a4b2fd9df601:group-398BC575E08A changes role from null to FOLLOWER at term 0 for startAsFollower
2019-07-14 16:32:17,905 INFO  server.RaftServerConfigKeys (ConfUtils.java:logGet(43)) - raft.server.log.segment.size.max = 1048576 (custom)
2019-07-14 16:32:17,905 INFO  impl.RoleInfo (RoleInfo.java:updateAndGet(143)) - 30e8bf10-19a9-4b0f-990f-a4b2fd9df601: start FollowerState
2019-07-14 16:32:17,905 INFO  server.RaftServerConfigKeys (ConfUtils.java:logGet(43)) - raft.server.log.preallocated.size = 16384 (custom)
2019-07-14 16:32:17,906 INFO  server.RaftServerConfigKeys (ConfUtils.java:logGet(43)) - raft.server.log.write.buffer.size = 33554432 (custom)
2019-07-14 16:32:17,905 INFO  server.RaftServerConfigKeys (ConfUtils.java:logGet(43)) - raft.server.log.preallocated.size = 16384 (custom)
2019-07-14 16:32:17,917 INFO  util.JmxRegister (JmxRegister.java:tryRegister(44)) - Successfully registered JMX Bean with object name Ratis:service=RaftServer,group=group-398BC575E08A,id=30e8bf10-19a9-4b0f-990f-a4b2fd9df601
2019-07-14 16:32:17,906 INFO  server.RaftServerConfigKeys (ConfUtils.java:logGet(43)) - raft.server.log.force.sync.num = 128 (default)
2019-07-14 16:32:17,917 INFO  server.RaftServerConfigKeys (ConfUtils.java:logGet(43)) - raft.server.log.write.buffer.size = 33554432 (custom)
2019-07-14 16:32:17,924 INFO  server.RaftServerConfigKeys (ConfUtils.java:logGet(43)) - raft.server.log.force.sync.num = 128 (default)
2019-07-14 16:32:17,917 INFO  server.RaftServerConfigKeys (ConfUtils.java:logGet(43)) - raft.server.log.statemachine.data.sync = true (default)
2019-07-14 16:32:17,925 INFO  server.RaftServerConfigKeys (ConfUtils.java:logGet(43)) - raft.server.log.statemachine.data.sync.timeout = 10s (default)
2019-07-14 16:32:17,924 INFO  server.RaftServerConfigKeys (ConfUtils.java:logGet(43)) - raft.server.log.statemachine.data.sync = true (default)
2019-07-14 16:32:17,925 INFO  server.RaftServerConfigKeys (ConfUtils.java:logGet(43)) - raft.server.log.statemachine.data.sync.timeout.retry = -1 (default)
2019-07-14 16:32:17,925 INFO  server.RaftServerConfigKeys (ConfUtils.java:logGet(43)) - raft.server.log.statemachine.data.sync.timeout = 10s (default)
2019-07-14 16:32:17,925 INFO  server.RaftServerConfigKeys (ConfUtils.java:logGet(43)) - raft.server.log.statemachine.data.caching.enabled = true (custom)
2019-07-14 16:32:17,926 INFO  server.RaftServerConfigKeys (ConfUtils.java:logGet(43)) - raft.server.log.statemachine.data.sync.timeout.retry = -1 (default)
2019-07-14 16:32:17,926 INFO  segmented.SegmentedRaftLogWorker (SegmentedRaftLogWorker.java:lambda$new$0(132)) - d1d44ffb-e260-4835-95e7-34213d346cf5-SegmentedRaftLogWorker:Storage Directory /workdir/hadoop-ozone/integration-test/target/test-dir/MiniOzoneClusterImpl-3ed042b0-70b2-4550-817a-04c536ab9f20/datanode-0/data/ratis/d03f644d-4a0c-4851-ac27-398bc575e08a: flushIndex: setUnconditionally 0 -> -1
2019-07-14 16:32:17,926 INFO  server.RaftServerConfigKeys (ConfUtils.java:logGet(43)) - raft.server.log.statemachine.data.caching.enabled = true (custom)
2019-07-14 16:32:17,926 INFO  server.RaftServerConfigKeys (ConfUtils.java:logGet(43)) - raft.server.snapshot.auto.trigger.enabled = true (custom)
2019-07-14 16:32:17,926 INFO  segmented.SegmentedRaftLogWorker (SegmentedRaftLogWorker.java:lambda$new$0(132)) - 7beec795-f12b-479c-98c0-438854f6485a-SegmentedRaftLogWorker:Storage Directory /workdir/hadoop-ozone/integration-test/target/test-dir/MiniOzoneClusterImpl-3ed042b0-70b2-4550-817a-04c536ab9f20/datanode-2/data/ratis/d03f644d-4a0c-4851-ac27-398bc575e08a: flushIndex: setUnconditionally 0 -> -1
2019-07-14 16:32:17,926 INFO  server.RaftServerConfigKeys (ConfUtils.java:logGet(43)) - raft.server.snapshot.auto.trigger.threshold = 10000 (custom)
2019-07-14 16:32:17,927 INFO  server.RaftServerConfigKeys (ConfUtils.java:logGet(43)) - raft.server.retrycache.expirytime = 600000ms (custom)
2019-07-14 16:32:17,927 INFO  server.RaftServerConfigKeys (ConfUtils.java:logGet(43)) - raft.server.snapshot.auto.trigger.enabled = true (custom)
2019-07-14 16:32:17,927 INFO  impl.RaftServerImpl (RaftServerImpl.java:start(180)) - d1d44ffb-e260-4835-95e7-34213d346cf5: start group-398BC575E08A
2019-07-14 16:32:17,927 INFO  server.RaftServerConfigKeys (ConfUtils.java:logGet(43)) - raft.server.snapshot.auto.trigger.threshold = 10000 (custom)
2019-07-14 16:32:17,927 INFO  impl.RaftServerImpl (RaftServerImpl.java:setRole(171)) - d1d44ffb-e260-4835-95e7-34213d346cf5:group-398BC575E08A changes role from null to FOLLOWER at term 0 for startAsFollower
2019-07-14 16:32:17,927 INFO  server.RaftServerConfigKeys (ConfUtils.java:logGet(43)) - raft.server.retrycache.expirytime = 600000ms (custom)
2019-07-14 16:32:17,927 INFO  impl.RoleInfo (RoleInfo.java:updateAndGet(143)) - d1d44ffb-e260-4835-95e7-34213d346cf5: start FollowerState
2019-07-14 16:32:17,928 INFO  impl.RaftServerImpl (RaftServerImpl.java:start(180)) - 7beec795-f12b-479c-98c0-438854f6485a: start group-398BC575E08A
2019-07-14 16:32:17,928 INFO  impl.RaftServerImpl (RaftServerImpl.java:setRole(171)) - 7beec795-f12b-479c-98c0-438854f6485a:group-398BC575E08A changes role from null to FOLLOWER at term 0 for startAsFollower
2019-07-14 16:32:17,928 INFO  impl.RoleInfo (RoleInfo.java:updateAndGet(143)) - 7beec795-f12b-479c-98c0-438854f6485a: start FollowerState
2019-07-14 16:32:17,928 INFO  util.JmxRegister (JmxRegister.java:tryRegister(44)) - Successfully registered JMX Bean with object name Ratis:service=RaftServer,group=group-398BC575E08A,id=d1d44ffb-e260-4835-95e7-34213d346cf5
2019-07-14 16:32:17,928 INFO  util.JmxRegister (JmxRegister.java:tryRegister(44)) - Successfully registered JMX Bean with object name Ratis:service=RaftServer,group=group-398BC575E08A,id=7beec795-f12b-479c-98c0-438854f6485a
2019-07-14 16:32:17,931 INFO  pipeline.PipelineStateManager (PipelineStateManager.java:addPipeline(56)) - Created pipeline Pipeline[ Id: d03f644d-4a0c-4851-ac27-398bc575e08a, Nodes: 7beec795-f12b-479c-98c0-438854f6485a{ip: 192.168.69.77, host: pr-hdds-1710-5x6jb-1204890111, networkLocation: /default-rack, certSerialId: null}d1d44ffb-e260-4835-95e7-34213d346cf5{ip: 192.168.69.77, host: pr-hdds-1710-5x6jb-1204890111, networkLocation: /default-rack, certSerialId: null}30e8bf10-19a9-4b0f-990f-a4b2fd9df601{ip: 192.168.69.77, host: pr-hdds-1710-5x6jb-1204890111, networkLocation: /default-rack, certSerialId: null}, Type:RATIS, Factor:THREE, State:OPEN]
2019-07-14 16:32:17,954 INFO  node.SCMNodeManager (SCMNodeManager.java:register(269)) - Registered Data node : 1431c511-6559-4dee-ba81-47b4a333bbfc{ip: 192.168.69.77, host: pr-hdds-1710-5x6jb-1204890111, networkLocation: /default-rack, certSerialId: null}
2019-07-14 16:32:17,964 INFO  impl.RaftServerProxy (RaftServerProxy.java:addNew(89)) - 1431c511-6559-4dee-ba81-47b4a333bbfc: addNew group-29AF7FBC6365:[1431c511-6559-4dee-ba81-47b4a333bbfc:192.168.69.77:40727] returns group-29AF7FBC6365:java.util.concurrent.CompletableFuture@6a5bdacb[Not completed]
2019-07-14 16:32:17,965 INFO  impl.RaftServerImpl (RaftServerImpl.java:<init>(93)) - 1431c511-6559-4dee-ba81-47b4a333bbfc: new RaftServerImpl for group-29AF7FBC6365:[1431c511-6559-4dee-ba81-47b4a333bbfc:192.168.69.77:40727] with ContainerStateMachine:uninitialized
2019-07-14 16:32:17,965 INFO  server.RaftServerConfigKeys (ConfUtils.java:logGet(43)) - raft.server.rpc.timeout.min = 5s (custom)
2019-07-14 16:32:17,965 INFO  server.RaftServerConfigKeys (ConfUtils.java:logGet(43)) - raft.server.rpc.timeout.max = 5200ms (custom)
2019-07-14 16:32:17,966 INFO  server.RaftServerConfigKeys (ConfUtils.java:logGet(43)) - raft.server.rpcslowness.timeout = 120s (custom)
2019-07-14 16:32:17,966 INFO  server.RaftServerConfigKeys (ConfUtils.java:logGet(43)) - raft.server.sleep.deviation.threshold = 300 (default)
2019-07-14 16:32:17,966 INFO  server.RaftServerConfigKeys (ConfUtils.java:logGet(43)) - raft.server.log.appender.install.snapshot.enabled = false (custom)
2019-07-14 16:32:17,966 INFO  impl.RaftServerImpl (ServerState.java:<init>(105)) - 1431c511-6559-4dee-ba81-47b4a333bbfc:group-29AF7FBC6365 ConfigurationManager, init=-1: [1431c511-6559-4dee-ba81-47b4a333bbfc:192.168.69.77:40727], old=null, confs=<EMPTY_MAP>
2019-07-14 16:32:17,966 INFO  server.RaftServerConfigKeys (ConfUtils.java:logGet(43)) - raft.server.storage.dir = [/workdir/hadoop-ozone/integration-test/target/test-dir/MiniOzoneClusterImpl-3ed042b0-70b2-4550-817a-04c536ab9f20/datanode-3/data/ratis] (custom)
2019-07-14 16:32:17,966 INFO  storage.RaftStorageDirectory (RaftStorageDirectory.java:analyzeStorage(246)) - The storage directory /workdir/hadoop-ozone/integration-test/target/test-dir/MiniOzoneClusterImpl-3ed042b0-70b2-4550-817a-04c536ab9f20/datanode-3/data/ratis/eb8224fe-73f2-4ed9-8ba6-29af7fbc6365 does not exist. Creating ...
2019-07-14 16:32:17,979 INFO  storage.RaftStorageDirectory (RaftStorageDirectory.java:tryLock(328)) - Lock on /workdir/hadoop-ozone/integration-test/target/test-dir/MiniOzoneClusterImpl-3ed042b0-70b2-4550-817a-04c536ab9f20/datanode-3/data/ratis/eb8224fe-73f2-4ed9-8ba6-29af7fbc6365/in_use.lock acquired by nodename 13169@pr-hdds-1710-5x6jb-1204890111
2019-07-14 16:32:17,992 INFO  storage.RaftStorage (RaftStorage.java:format(72)) - Storage directory /workdir/hadoop-ozone/integration-test/target/test-dir/MiniOzoneClusterImpl-3ed042b0-70b2-4550-817a-04c536ab9f20/datanode-3/data/ratis/eb8224fe-73f2-4ed9-8ba6-29af7fbc6365 has been successfully formatted.
2019-07-14 16:32:17,992 INFO  ratis.ContainerStateMachine (ContainerStateMachine.java:loadSnapshot(200)) - The snapshot info is null.Setting the last applied index to:(t:0, i:~)
2019-07-14 16:32:17,992 INFO  server.RaftServerConfigKeys (ConfUtils.java:logGet(43)) - raft.server.leader.election.timeout = 120s (custom)
2019-07-14 16:32:17,992 INFO  server.RaftServerConfigKeys (ConfUtils.java:logGet(43)) - raft.server.log.use.memory = false (default)
2019-07-14 16:32:17,992 INFO  server.RaftServerConfigKeys (ConfUtils.java:logGet(43)) - raft.server.log.purge.gap = 1000000000 (custom)
2019-07-14 16:32:17,992 INFO  server.RaftServerConfigKeys (ConfUtils.java:logGet(43)) - raft.server.log.appender.buffer.byte-limit = 33554432 (custom)
2019-07-14 16:32:17,993 INFO  server.RaftServerConfigKeys (ConfUtils.java:logGet(43)) - raft.server.log.segment.size.max = 1048576 (custom)
2019-07-14 16:32:17,993 INFO  server.RaftServerConfigKeys (ConfUtils.java:logGet(43)) - raft.server.log.segment.cache.num.max = 2 (custom)
2019-07-14 16:32:17,993 INFO  segmented.SegmentedRaftLogWorker (SegmentedRaftLogWorker.java:<init>(172)) - new 1431c511-6559-4dee-ba81-47b4a333bbfc-SegmentedRaftLogWorker:Storage Directory /workdir/hadoop-ozone/integration-test/target/test-dir/MiniOzoneClusterImpl-3ed042b0-70b2-4550-817a-04c536ab9f20/datanode-3/data/ratis/eb8224fe-73f2-4ed9-8ba6-29af7fbc6365 for RaftStorage:Storage Directory /workdir/hadoop-ozone/integration-test/target/test-dir/MiniOzoneClusterImpl-3ed042b0-70b2-4550-817a-04c536ab9f20/datanode-3/data/ratis/eb8224fe-73f2-4ed9-8ba6-29af7fbc6365
2019-07-14 16:32:17,993 INFO  server.RaftServerConfigKeys (ConfUtils.java:logGet(43)) - raft.server.log.queue.byte-limit = 2147483647 (custom)
2019-07-14 16:32:17,993 INFO  server.RaftServerConfigKeys (ConfUtils.java:logGet(43)) - raft.server.log.queue.element-limit = 1024 (custom)
2019-07-14 16:32:17,993 INFO  server.RaftServerConfigKeys (ConfUtils.java:logGet(43)) - raft.server.log.segment.size.max = 1048576 (custom)
2019-07-14 16:32:17,993 INFO  server.RaftServerConfigKeys (ConfUtils.java:logGet(43)) - raft.server.log.preallocated.size = 16384 (custom)
2019-07-14 16:32:17,993 INFO  server.RaftServerConfigKeys (ConfUtils.java:logGet(43)) - raft.server.log.write.buffer.size = 33554432 (custom)
2019-07-14 16:32:17,994 INFO  server.RaftServerConfigKeys (ConfUtils.java:logGet(43)) - raft.server.log.force.sync.num = 128 (default)
2019-07-14 16:32:17,994 INFO  server.RaftServerConfigKeys (ConfUtils.java:logGet(43)) - raft.server.log.statemachine.data.sync = true (default)
2019-07-14 16:32:17,994 INFO  server.RaftServerConfigKeys (ConfUtils.java:logGet(43)) - raft.server.log.statemachine.data.sync.timeout = 10s (default)
2019-07-14 16:32:17,994 INFO  server.RaftServerConfigKeys (ConfUtils.java:logGet(43)) - raft.server.log.statemachine.data.sync.timeout.retry = -1 (default)
2019-07-14 16:32:17,994 INFO  server.RaftServerConfigKeys (ConfUtils.java:logGet(43)) - raft.server.log.statemachine.data.caching.enabled = true (custom)
2019-07-14 16:32:17,994 INFO  segmented.SegmentedRaftLogWorker (SegmentedRaftLogWorker.java:lambda$new$0(132)) - 1431c511-6559-4dee-ba81-47b4a333bbfc-SegmentedRaftLogWorker:Storage Directory /workdir/hadoop-ozone/integration-test/target/test-dir/MiniOzoneClusterImpl-3ed042b0-70b2-4550-817a-04c536ab9f20/datanode-3/data/ratis/eb8224fe-73f2-4ed9-8ba6-29af7fbc6365: flushIndex: setUnconditionally 0 -> -1
2019-07-14 16:32:17,995 INFO  server.RaftServerConfigKeys (ConfUtils.java:logGet(43)) - raft.server.snapshot.auto.trigger.enabled = true (custom)
2019-07-14 16:32:17,995 INFO  server.RaftServerConfigKeys (ConfUtils.java:logGet(43)) - raft.server.snapshot.auto.trigger.threshold = 10000 (custom)
2019-07-14 16:32:17,995 INFO  server.RaftServerConfigKeys (ConfUtils.java:logGet(43)) - raft.server.retrycache.expirytime = 600000ms (custom)
2019-07-14 16:32:17,995 INFO  impl.RaftServerImpl (RaftServerImpl.java:start(180)) - 1431c511-6559-4dee-ba81-47b4a333bbfc: start group-29AF7FBC6365
2019-07-14 16:32:17,995 INFO  impl.RaftServerImpl (RaftServerImpl.java:setRole(171)) - 1431c511-6559-4dee-ba81-47b4a333bbfc:group-29AF7FBC6365 changes role from null to FOLLOWER at term 0 for startAsFollower
2019-07-14 16:32:17,995 INFO  impl.RoleInfo (RoleInfo.java:updateAndGet(143)) - 1431c511-6559-4dee-ba81-47b4a333bbfc: start FollowerState
2019-07-14 16:32:17,995 INFO  util.JmxRegister (JmxRegister.java:tryRegister(44)) - Successfully registered JMX Bean with object name Ratis:service=RaftServer,group=group-29AF7FBC6365,id=1431c511-6559-4dee-ba81-47b4a333bbfc
2019-07-14 16:32:17,998 INFO  pipeline.PipelineStateManager (PipelineStateManager.java:addPipeline(56)) - Created pipeline Pipeline[ Id: eb8224fe-73f2-4ed9-8ba6-29af7fbc6365, Nodes: 1431c511-6559-4dee-ba81-47b4a333bbfc{ip: 192.168.69.77, host: pr-hdds-1710-5x6jb-1204890111, networkLocation: /default-rack, certSerialId: null}, Type:RATIS, Factor:ONE, State:OPEN]
2019-07-14 16:32:18,123 INFO  node.SCMNodeManager (SCMNodeManager.java:register(269)) - Registered Data node : 65c075ba-bacd-492c-a364-25117d11be4f{ip: 192.168.69.77, host: pr-hdds-1710-5x6jb-1204890111, networkLocation: /default-rack, certSerialId: null}
2019-07-14 16:32:18,132 INFO  impl.RaftServerProxy (RaftServerProxy.java:addNew(89)) - 65c075ba-bacd-492c-a364-25117d11be4f: addNew group-CB3996A4255A:[65c075ba-bacd-492c-a364-25117d11be4f:192.168.69.77:45580] returns group-CB3996A4255A:java.util.concurrent.CompletableFuture@81f3d8b[Not completed]
2019-07-14 16:32:18,133 INFO  impl.RaftServerImpl (RaftServerImpl.java:<init>(93)) - 65c075ba-bacd-492c-a364-25117d11be4f: new RaftServerImpl for group-CB3996A4255A:[65c075ba-bacd-492c-a364-25117d11be4f:192.168.69.77:45580] with ContainerStateMachine:uninitialized
2019-07-14 16:32:18,133 INFO  server.RaftServerConfigKeys (ConfUtils.java:logGet(43)) - raft.server.rpc.timeout.min = 5s (custom)
2019-07-14 16:32:18,133 INFO  server.RaftServerConfigKeys (ConfUtils.java:logGet(43)) - raft.server.rpc.timeout.max = 5200ms (custom)
2019-07-14 16:32:18,133 INFO  server.RaftServerConfigKeys (ConfUtils.java:logGet(43)) - raft.server.rpcslowness.timeout = 120s (custom)
2019-07-14 16:32:18,133 INFO  server.RaftServerConfigKeys (ConfUtils.java:logGet(43)) - raft.server.sleep.deviation.threshold = 300 (default)
2019-07-14 16:32:18,133 INFO  server.RaftServerConfigKeys (ConfUtils.java:logGet(43)) - raft.server.log.appender.install.snapshot.enabled = false (custom)
2019-07-14 16:32:18,133 INFO  impl.RaftServerImpl (ServerState.java:<init>(105)) - 65c075ba-bacd-492c-a364-25117d11be4f:group-CB3996A4255A ConfigurationManager, init=-1: [65c075ba-bacd-492c-a364-25117d11be4f:192.168.69.77:45580], old=null, confs=<EMPTY_MAP>
2019-07-14 16:32:18,134 INFO  server.RaftServerConfigKeys (ConfUtils.java:logGet(43)) - raft.server.storage.dir = [/workdir/hadoop-ozone/integration-test/target/test-dir/MiniOzoneClusterImpl-3ed042b0-70b2-4550-817a-04c536ab9f20/datanode-4/data/ratis] (custom)
2019-07-14 16:32:18,134 INFO  storage.RaftStorageDirectory (RaftStorageDirectory.java:analyzeStorage(246)) - The storage directory /workdir/hadoop-ozone/integration-test/target/test-dir/MiniOzoneClusterImpl-3ed042b0-70b2-4550-817a-04c536ab9f20/datanode-4/data/ratis/d5d8f7bc-8c8e-46b0-afed-cb3996a4255a does not exist. Creating ...
2019-07-14 16:32:18,147 INFO  storage.RaftStorageDirectory (RaftStorageDirectory.java:tryLock(328)) - Lock on /workdir/hadoop-ozone/integration-test/target/test-dir/MiniOzoneClusterImpl-3ed042b0-70b2-4550-817a-04c536ab9f20/datanode-4/data/ratis/d5d8f7bc-8c8e-46b0-afed-cb3996a4255a/in_use.lock acquired by nodename 13169@pr-hdds-1710-5x6jb-1204890111
2019-07-14 16:32:18,214 INFO  storage.RaftStorage (RaftStorage.java:format(72)) - Storage directory /workdir/hadoop-ozone/integration-test/target/test-dir/MiniOzoneClusterImpl-3ed042b0-70b2-4550-817a-04c536ab9f20/datanode-4/data/ratis/d5d8f7bc-8c8e-46b0-afed-cb3996a4255a has been successfully formatted.
2019-07-14 16:32:18,215 INFO  ratis.ContainerStateMachine (ContainerStateMachine.java:loadSnapshot(200)) - The snapshot info is null.Setting the last applied index to:(t:0, i:~)
2019-07-14 16:32:18,215 INFO  server.RaftServerConfigKeys (ConfUtils.java:logGet(43)) - raft.server.leader.election.timeout = 120s (custom)
2019-07-14 16:32:18,215 INFO  server.RaftServerConfigKeys (ConfUtils.java:logGet(43)) - raft.server.log.use.memory = false (default)
2019-07-14 16:32:18,215 INFO  server.RaftServerConfigKeys (ConfUtils.java:logGet(43)) - raft.server.log.purge.gap = 1000000000 (custom)
2019-07-14 16:32:18,215 INFO  server.RaftServerConfigKeys (ConfUtils.java:logGet(43)) - raft.server.log.appender.buffer.byte-limit = 33554432 (custom)
2019-07-14 16:32:18,216 INFO  server.RaftServerConfigKeys (ConfUtils.java:logGet(43)) - raft.server.log.segment.size.max = 1048576 (custom)
2019-07-14 16:32:18,216 INFO  server.RaftServerConfigKeys (ConfUtils.java:logGet(43)) - raft.server.log.segment.cache.num.max = 2 (custom)
2019-07-14 16:32:18,216 INFO  segmented.SegmentedRaftLogWorker (SegmentedRaftLogWorker.java:<init>(172)) - new 65c075ba-bacd-492c-a364-25117d11be4f-SegmentedRaftLogWorker:Storage Directory /workdir/hadoop-ozone/integration-test/target/test-dir/MiniOzoneClusterImpl-3ed042b0-70b2-4550-817a-04c536ab9f20/datanode-4/data/ratis/d5d8f7bc-8c8e-46b0-afed-cb3996a4255a for RaftStorage:Storage Directory /workdir/hadoop-ozone/integration-test/target/test-dir/MiniOzoneClusterImpl-3ed042b0-70b2-4550-817a-04c536ab9f20/datanode-4/data/ratis/d5d8f7bc-8c8e-46b0-afed-cb3996a4255a
2019-07-14 16:32:18,216 INFO  server.RaftServerConfigKeys (ConfUtils.java:logGet(43)) - raft.server.log.queue.byte-limit = 2147483647 (custom)
2019-07-14 16:32:18,216 INFO  server.RaftServerConfigKeys (ConfUtils.java:logGet(43)) - raft.server.log.queue.element-limit = 1024 (custom)
2019-07-14 16:32:18,217 INFO  server.RaftServerConfigKeys (ConfUtils.java:logGet(43)) - raft.server.log.segment.size.max = 1048576 (custom)
2019-07-14 16:32:18,217 INFO  server.RaftServerConfigKeys (ConfUtils.java:logGet(43)) - raft.server.log.preallocated.size = 16384 (custom)
2019-07-14 16:32:18,217 INFO  server.RaftServerConfigKeys (ConfUtils.java:logGet(43)) - raft.server.log.write.buffer.size = 33554432 (custom)
2019-07-14 16:32:18,217 INFO  server.RaftServerConfigKeys (ConfUtils.java:logGet(43)) - raft.server.log.force.sync.num = 128 (default)
2019-07-14 16:32:18,217 INFO  server.RaftServerConfigKeys (ConfUtils.java:logGet(43)) - raft.server.log.statemachine.data.sync = true (default)
2019-07-14 16:32:18,217 INFO  server.RaftServerConfigKeys (ConfUtils.java:logGet(43)) - raft.server.log.statemachine.data.sync.timeout = 10s (default)
2019-07-14 16:32:18,218 INFO  server.RaftServerConfigKeys (ConfUtils.java:logGet(43)) - raft.server.log.statemachine.data.sync.timeout.retry = -1 (default)
2019-07-14 16:32:18,218 INFO  server.RaftServerConfigKeys (ConfUtils.java:logGet(43)) - raft.server.log.statemachine.data.caching.enabled = true (custom)
2019-07-14 16:32:18,218 INFO  segmented.SegmentedRaftLogWorker (SegmentedRaftLogWorker.java:lambda$new$0(132)) - 65c075ba-bacd-492c-a364-25117d11be4f-SegmentedRaftLogWorker:Storage Directory /workdir/hadoop-ozone/integration-test/target/test-dir/MiniOzoneClusterImpl-3ed042b0-70b2-4550-817a-04c536ab9f20/datanode-4/data/ratis/d5d8f7bc-8c8e-46b0-afed-cb3996a4255a: flushIndex: setUnconditionally 0 -> -1
2019-07-14 16:32:18,219 INFO  server.RaftServerConfigKeys (ConfUtils.java:logGet(43)) - raft.server.snapshot.auto.trigger.enabled = true (custom)
2019-07-14 16:32:18,219 INFO  server.RaftServerConfigKeys (ConfUtils.java:logGet(43)) - raft.server.snapshot.auto.trigger.threshold = 10000 (custom)
2019-07-14 16:32:18,219 INFO  server.RaftServerConfigKeys (ConfUtils.java:logGet(43)) - raft.server.retrycache.expirytime = 600000ms (custom)
2019-07-14 16:32:18,219 INFO  impl.RaftServerImpl (RaftServerImpl.java:start(180)) - 65c075ba-bacd-492c-a364-25117d11be4f: start group-CB3996A4255A
2019-07-14 16:32:18,219 INFO  impl.RaftServerImpl (RaftServerImpl.java:setRole(171)) - 65c075ba-bacd-492c-a364-25117d11be4f:group-CB3996A4255A changes role from null to FOLLOWER at term 0 for startAsFollower
2019-07-14 16:32:18,219 INFO  impl.RoleInfo (RoleInfo.java:updateAndGet(143)) - 65c075ba-bacd-492c-a364-25117d11be4f: start FollowerState
2019-07-14 16:32:18,220 INFO  util.JmxRegister (JmxRegister.java:tryRegister(44)) - Successfully registered JMX Bean with object name Ratis:service=RaftServer,group=group-CB3996A4255A,id=65c075ba-bacd-492c-a364-25117d11be4f
2019-07-14 16:32:18,223 INFO  pipeline.PipelineStateManager (PipelineStateManager.java:addPipeline(56)) - Created pipeline Pipeline[ Id: d5d8f7bc-8c8e-46b0-afed-cb3996a4255a, Nodes: 65c075ba-bacd-492c-a364-25117d11be4f{ip: 192.168.69.77, host: pr-hdds-1710-5x6jb-1204890111, networkLocation: /default-rack, certSerialId: null}, Type:RATIS, Factor:ONE, State:OPEN]
2019-07-14 16:32:18,288 INFO  node.SCMNodeManager (SCMNodeManager.java:register(269)) - Registered Data node : 3e1669b8-a6b2-4b30-88df-8c35b0353d38{ip: 192.168.69.77, host: pr-hdds-1710-5x6jb-1204890111, networkLocation: /default-rack, certSerialId: null}
2019-07-14 16:32:18,295 INFO  impl.RaftServerProxy (RaftServerProxy.java:addNew(89)) - 3e1669b8-a6b2-4b30-88df-8c35b0353d38: addNew group-161BFD728D84:[3e1669b8-a6b2-4b30-88df-8c35b0353d38:192.168.69.77:41552] returns group-161BFD728D84:java.util.concurrent.CompletableFuture@51f27eab[Not completed]
2019-07-14 16:32:18,296 INFO  impl.RaftServerImpl (RaftServerImpl.java:<init>(93)) - 3e1669b8-a6b2-4b30-88df-8c35b0353d38: new RaftServerImpl for group-161BFD728D84:[3e1669b8-a6b2-4b30-88df-8c35b0353d38:192.168.69.77:41552] with ContainerStateMachine:uninitialized
2019-07-14 16:32:18,296 INFO  server.RaftServerConfigKeys (ConfUtils.java:logGet(43)) - raft.server.rpc.timeout.min = 5s (custom)
2019-07-14 16:32:18,296 INFO  server.RaftServerConfigKeys (ConfUtils.java:logGet(43)) - raft.server.rpc.timeout.max = 5200ms (custom)
2019-07-14 16:32:18,297 INFO  server.RaftServerConfigKeys (ConfUtils.java:logGet(43)) - raft.server.rpcslowness.timeout = 120s (custom)
2019-07-14 16:32:18,297 INFO  server.RaftServerConfigKeys (ConfUtils.java:logGet(43)) - raft.server.sleep.deviation.threshold = 300 (default)
2019-07-14 16:32:18,297 INFO  server.RaftServerConfigKeys (ConfUtils.java:logGet(43)) - raft.server.log.appender.install.snapshot.enabled = false (custom)
2019-07-14 16:32:18,297 INFO  impl.RaftServerImpl (ServerState.java:<init>(105)) - 3e1669b8-a6b2-4b30-88df-8c35b0353d38:group-161BFD728D84 ConfigurationManager, init=-1: [3e1669b8-a6b2-4b30-88df-8c35b0353d38:192.168.69.77:41552], old=null, confs=<EMPTY_MAP>
2019-07-14 16:32:18,297 INFO  server.RaftServerConfigKeys (ConfUtils.java:logGet(43)) - raft.server.storage.dir = [/workdir/hadoop-ozone/integration-test/target/test-dir/MiniOzoneClusterImpl-3ed042b0-70b2-4550-817a-04c536ab9f20/datanode-5/data/ratis] (custom)
2019-07-14 16:32:18,298 INFO  storage.RaftStorageDirectory (RaftStorageDirectory.java:analyzeStorage(246)) - The storage directory /workdir/hadoop-ozone/integration-test/target/test-dir/MiniOzoneClusterImpl-3ed042b0-70b2-4550-817a-04c536ab9f20/datanode-5/data/ratis/e425cd57-e139-4442-908c-161bfd728d84 does not exist. Creating ...
2019-07-14 16:32:18,311 INFO  storage.RaftStorageDirectory (RaftStorageDirectory.java:tryLock(328)) - Lock on /workdir/hadoop-ozone/integration-test/target/test-dir/MiniOzoneClusterImpl-3ed042b0-70b2-4550-817a-04c536ab9f20/datanode-5/data/ratis/e425cd57-e139-4442-908c-161bfd728d84/in_use.lock acquired by nodename 13169@pr-hdds-1710-5x6jb-1204890111
2019-07-14 16:32:18,324 INFO  storage.RaftStorage (RaftStorage.java:format(72)) - Storage directory /workdir/hadoop-ozone/integration-test/target/test-dir/MiniOzoneClusterImpl-3ed042b0-70b2-4550-817a-04c536ab9f20/datanode-5/data/ratis/e425cd57-e139-4442-908c-161bfd728d84 has been successfully formatted.
2019-07-14 16:32:18,324 INFO  ratis.ContainerStateMachine (ContainerStateMachine.java:loadSnapshot(200)) - The snapshot info is null.Setting the last applied index to:(t:0, i:~)
2019-07-14 16:32:18,324 INFO  server.RaftServerConfigKeys (ConfUtils.java:logGet(43)) - raft.server.leader.election.timeout = 120s (custom)
2019-07-14 16:32:18,324 INFO  server.RaftServerConfigKeys (ConfUtils.java:logGet(43)) - raft.server.log.use.memory = false (default)
2019-07-14 16:32:18,324 INFO  server.RaftServerConfigKeys (ConfUtils.java:logGet(43)) - raft.server.log.purge.gap = 1000000000 (custom)
2019-07-14 16:32:18,325 INFO  server.RaftServerConfigKeys (ConfUtils.java:logGet(43)) - raft.server.log.appender.buffer.byte-limit = 33554432 (custom)
2019-07-14 16:32:18,325 INFO  server.RaftServerConfigKeys (ConfUtils.java:logGet(43)) - raft.server.log.segment.size.max = 1048576 (custom)
2019-07-14 16:32:18,325 INFO  server.RaftServerConfigKeys (ConfUtils.java:logGet(43)) - raft.server.log.segment.cache.num.max = 2 (custom)
2019-07-14 16:32:18,325 INFO  segmented.SegmentedRaftLogWorker (SegmentedRaftLogWorker.java:<init>(172)) - new 3e1669b8-a6b2-4b30-88df-8c35b0353d38-SegmentedRaftLogWorker:Storage Directory /workdir/hadoop-ozone/integration-test/target/test-dir/MiniOzoneClusterImpl-3ed042b0-70b2-4550-817a-04c536ab9f20/datanode-5/data/ratis/e425cd57-e139-4442-908c-161bfd728d84 for RaftStorage:Storage Directory /workdir/hadoop-ozone/integration-test/target/test-dir/MiniOzoneClusterImpl-3ed042b0-70b2-4550-817a-04c536ab9f20/datanode-5/data/ratis/e425cd57-e139-4442-908c-161bfd728d84
2019-07-14 16:32:18,325 INFO  server.RaftServerConfigKeys (ConfUtils.java:logGet(43)) - raft.server.log.queue.byte-limit = 2147483647 (custom)
2019-07-14 16:32:18,325 INFO  server.RaftServerConfigKeys (ConfUtils.java:logGet(43)) - raft.server.log.queue.element-limit = 1024 (custom)
2019-07-14 16:32:18,326 INFO  server.RaftServerConfigKeys (ConfUtils.java:logGet(43)) - raft.server.log.segment.size.max = 1048576 (custom)
2019-07-14 16:32:18,326 INFO  server.RaftServerConfigKeys (ConfUtils.java:logGet(43)) - raft.server.log.preallocated.size = 16384 (custom)
2019-07-14 16:32:18,326 INFO  server.RaftServerConfigKeys (ConfUtils.java:logGet(43)) - raft.server.log.write.buffer.size = 33554432 (custom)
2019-07-14 16:32:18,326 INFO  server.RaftServerConfigKeys (ConfUtils.java:logGet(43)) - raft.server.log.force.sync.num = 128 (default)
2019-07-14 16:32:18,326 INFO  server.RaftServerConfigKeys (ConfUtils.java:logGet(43)) - raft.server.log.statemachine.data.sync = true (default)
2019-07-14 16:32:18,327 INFO  server.RaftServerConfigKeys (ConfUtils.java:logGet(43)) - raft.server.log.statemachine.data.sync.timeout = 10s (default)
2019-07-14 16:32:18,327 INFO  server.RaftServerConfigKeys (ConfUtils.java:logGet(43)) - raft.server.log.statemachine.data.sync.timeout.retry = -1 (default)
2019-07-14 16:32:18,327 INFO  server.RaftServerConfigKeys (ConfUtils.java:logGet(43)) - raft.server.log.statemachine.data.caching.enabled = true (custom)
2019-07-14 16:32:18,327 INFO  segmented.SegmentedRaftLogWorker (SegmentedRaftLogWorker.java:lambda$new$0(132)) - 3e1669b8-a6b2-4b30-88df-8c35b0353d38-SegmentedRaftLogWorker:Storage Directory /workdir/hadoop-ozone/integration-test/target/test-dir/MiniOzoneClusterImpl-3ed042b0-70b2-4550-817a-04c536ab9f20/datanode-5/data/ratis/e425cd57-e139-4442-908c-161bfd728d84: flushIndex: setUnconditionally 0 -> -1
2019-07-14 16:32:18,328 INFO  server.RaftServerConfigKeys (ConfUtils.java:logGet(43)) - raft.server.snapshot.auto.trigger.enabled = true (custom)
2019-07-14 16:32:18,328 INFO  server.RaftServerConfigKeys (ConfUtils.java:logGet(43)) - raft.server.snapshot.auto.trigger.threshold = 10000 (custom)
2019-07-14 16:32:18,328 INFO  server.RaftServerConfigKeys (ConfUtils.java:logGet(43)) - raft.server.retrycache.expirytime = 600000ms (custom)
2019-07-14 16:32:18,328 INFO  impl.RaftServerImpl (RaftServerImpl.java:start(180)) - 3e1669b8-a6b2-4b30-88df-8c35b0353d38: start group-161BFD728D84
2019-07-14 16:32:18,328 INFO  impl.RaftServerImpl (RaftServerImpl.java:setRole(171)) - 3e1669b8-a6b2-4b30-88df-8c35b0353d38:group-161BFD728D84 changes role from null to FOLLOWER at term 0 for startAsFollower
2019-07-14 16:32:18,328 INFO  impl.RoleInfo (RoleInfo.java:updateAndGet(143)) - 3e1669b8-a6b2-4b30-88df-8c35b0353d38: start FollowerState
2019-07-14 16:32:18,329 INFO  util.JmxRegister (JmxRegister.java:tryRegister(44)) - Successfully registered JMX Bean with object name Ratis:service=RaftServer,group=group-161BFD728D84,id=3e1669b8-a6b2-4b30-88df-8c35b0353d38
2019-07-14 16:32:18,331 INFO  pipeline.PipelineStateManager (PipelineStateManager.java:addPipeline(56)) - Created pipeline Pipeline[ Id: e425cd57-e139-4442-908c-161bfd728d84, Nodes: 3e1669b8-a6b2-4b30-88df-8c35b0353d38{ip: 192.168.69.77, host: pr-hdds-1710-5x6jb-1204890111, networkLocation: /default-rack, certSerialId: null}, Type:RATIS, Factor:ONE, State:OPEN]
2019-07-14 16:32:18,343 INFO  impl.RaftServerProxy (RaftServerProxy.java:addNew(89)) - 65c075ba-bacd-492c-a364-25117d11be4f: addNew group-4956975A1778:[3e1669b8-a6b2-4b30-88df-8c35b0353d38:192.168.69.77:41552, 1431c511-6559-4dee-ba81-47b4a333bbfc:192.168.69.77:40727, 65c075ba-bacd-492c-a364-25117d11be4f:192.168.69.77:45580] returns group-4956975A1778:java.util.concurrent.CompletableFuture@526a8d6a[Not completed]
2019-07-14 16:32:18,343 INFO  impl.RaftServerProxy (RaftServerProxy.java:addNew(89)) - 3e1669b8-a6b2-4b30-88df-8c35b0353d38: addNew group-4956975A1778:[3e1669b8-a6b2-4b30-88df-8c35b0353d38:192.168.69.77:41552, 1431c511-6559-4dee-ba81-47b4a333bbfc:192.168.69.77:40727, 65c075ba-bacd-492c-a364-25117d11be4f:192.168.69.77:45580] returns group-4956975A1778:java.util.concurrent.CompletableFuture@295c6ba1[Not completed]
2019-07-14 16:32:18,343 INFO  impl.RaftServerProxy (RaftServerProxy.java:addNew(89)) - 1431c511-6559-4dee-ba81-47b4a333bbfc: addNew group-4956975A1778:[3e1669b8-a6b2-4b30-88df-8c35b0353d38:192.168.69.77:41552, 1431c511-6559-4dee-ba81-47b4a333bbfc:192.168.69.77:40727, 65c075ba-bacd-492c-a364-25117d11be4f:192.168.69.77:45580] returns group-4956975A1778:java.util.concurrent.CompletableFuture@2d45759f[Not completed]
2019-07-14 16:32:18,344 INFO  impl.RaftServerImpl (RaftServerImpl.java:<init>(93)) - 65c075ba-bacd-492c-a364-25117d11be4f: new RaftServerImpl for group-4956975A1778:[3e1669b8-a6b2-4b30-88df-8c35b0353d38:192.168.69.77:41552, 1431c511-6559-4dee-ba81-47b4a333bbfc:192.168.69.77:40727, 65c075ba-bacd-492c-a364-25117d11be4f:192.168.69.77:45580] with ContainerStateMachine:uninitialized
2019-07-14 16:32:18,345 INFO  server.RaftServerConfigKeys (ConfUtils.java:logGet(43)) - raft.server.rpc.timeout.min = 5s (custom)
2019-07-14 16:32:18,345 INFO  impl.RaftServerImpl (RaftServerImpl.java:<init>(93)) - 1431c511-6559-4dee-ba81-47b4a333bbfc: new RaftServerImpl for group-4956975A1778:[3e1669b8-a6b2-4b30-88df-8c35b0353d38:192.168.69.77:41552, 1431c511-6559-4dee-ba81-47b4a333bbfc:192.168.69.77:40727, 65c075ba-bacd-492c-a364-25117d11be4f:192.168.69.77:45580] with ContainerStateMachine:uninitialized
2019-07-14 16:32:18,345 INFO  server.RaftServerConfigKeys (ConfUtils.java:logGet(43)) - raft.server.rpc.timeout.max = 5200ms (custom)
2019-07-14 16:32:18,345 INFO  server.RaftServerConfigKeys (ConfUtils.java:logGet(43)) - raft.server.rpc.timeout.min = 5s (custom)
2019-07-14 16:32:18,345 INFO  impl.RaftServerImpl (RaftServerImpl.java:<init>(93)) - 3e1669b8-a6b2-4b30-88df-8c35b0353d38: new RaftServerImpl for group-4956975A1778:[3e1669b8-a6b2-4b30-88df-8c35b0353d38:192.168.69.77:41552, 1431c511-6559-4dee-ba81-47b4a333bbfc:192.168.69.77:40727, 65c075ba-bacd-492c-a364-25117d11be4f:192.168.69.77:45580] with ContainerStateMachine:uninitialized
2019-07-14 16:32:18,345 INFO  server.RaftServerConfigKeys (ConfUtils.java:logGet(43)) - raft.server.rpcslowness.timeout = 120s (custom)
2019-07-14 16:32:18,345 INFO  server.RaftServerConfigKeys (ConfUtils.java:logGet(43)) - raft.server.rpc.timeout.min = 5s (custom)
2019-07-14 16:32:18,345 INFO  server.RaftServerConfigKeys (ConfUtils.java:logGet(43)) - raft.server.rpc.timeout.max = 5200ms (custom)
2019-07-14 16:32:18,346 INFO  server.RaftServerConfigKeys (ConfUtils.java:logGet(43)) - raft.server.rpc.timeout.max = 5200ms (custom)
2019-07-14 16:32:18,346 INFO  server.RaftServerConfigKeys (ConfUtils.java:logGet(43)) - raft.server.sleep.deviation.threshold = 300 (default)
2019-07-14 16:32:18,346 INFO  server.RaftServerConfigKeys (ConfUtils.java:logGet(43)) - raft.server.rpcslowness.timeout = 120s (custom)
2019-07-14 16:32:18,346 INFO  server.RaftServerConfigKeys (ConfUtils.java:logGet(43)) - raft.server.rpcslowness.timeout = 120s (custom)
2019-07-14 16:32:18,346 INFO  server.RaftServerConfigKeys (ConfUtils.java:logGet(43)) - raft.server.sleep.deviation.threshold = 300 (default)
2019-07-14 16:32:18,346 INFO  server.RaftServerConfigKeys (ConfUtils.java:logGet(43)) - raft.server.log.appender.install.snapshot.enabled = false (custom)
2019-07-14 16:32:18,347 INFO  server.RaftServerConfigKeys (ConfUtils.java:logGet(43)) - raft.server.log.appender.install.snapshot.enabled = false (custom)
2019-07-14 16:32:18,347 INFO  server.RaftServerConfigKeys (ConfUtils.java:logGet(43)) - raft.server.sleep.deviation.threshold = 300 (default)
2019-07-14 16:32:18,347 INFO  impl.RaftServerImpl (ServerState.java:<init>(105)) - 3e1669b8-a6b2-4b30-88df-8c35b0353d38:group-4956975A1778 ConfigurationManager, init=-1: [3e1669b8-a6b2-4b30-88df-8c35b0353d38:192.168.69.77:41552, 1431c511-6559-4dee-ba81-47b4a333bbfc:192.168.69.77:40727, 65c075ba-bacd-492c-a364-25117d11be4f:192.168.69.77:45580], old=null, confs=<EMPTY_MAP>
2019-07-14 16:32:18,347 INFO  impl.RaftServerImpl (ServerState.java:<init>(105)) - 65c075ba-bacd-492c-a364-25117d11be4f:group-4956975A1778 ConfigurationManager, init=-1: [3e1669b8-a6b2-4b30-88df-8c35b0353d38:192.168.69.77:41552, 1431c511-6559-4dee-ba81-47b4a333bbfc:192.168.69.77:40727, 65c075ba-bacd-492c-a364-25117d11be4f:192.168.69.77:45580], old=null, confs=<EMPTY_MAP>
2019-07-14 16:32:18,347 INFO  server.RaftServerConfigKeys (ConfUtils.java:logGet(43)) - raft.server.storage.dir = [/workdir/hadoop-ozone/integration-test/target/test-dir/MiniOzoneClusterImpl-3ed042b0-70b2-4550-817a-04c536ab9f20/datanode-5/data/ratis] (custom)
2019-07-14 16:32:18,347 INFO  server.RaftServerConfigKeys (ConfUtils.java:logGet(43)) - raft.server.log.appender.install.snapshot.enabled = false (custom)
2019-07-14 16:32:18,347 INFO  server.RaftServerConfigKeys (ConfUtils.java:logGet(43)) - raft.server.storage.dir = [/workdir/hadoop-ozone/integration-test/target/test-dir/MiniOzoneClusterImpl-3ed042b0-70b2-4550-817a-04c536ab9f20/datanode-4/data/ratis] (custom)
2019-07-14 16:32:18,348 INFO  storage.RaftStorageDirectory (RaftStorageDirectory.java:analyzeStorage(246)) - The storage directory /workdir/hadoop-ozone/integration-test/target/test-dir/MiniOzoneClusterImpl-3ed042b0-70b2-4550-817a-04c536ab9f20/datanode-5/data/ratis/a2265516-d724-43b4-8691-4956975a1778 does not exist. Creating ...
2019-07-14 16:32:18,348 INFO  impl.RaftServerImpl (ServerState.java:<init>(105)) - 1431c511-6559-4dee-ba81-47b4a333bbfc:group-4956975A1778 ConfigurationManager, init=-1: [3e1669b8-a6b2-4b30-88df-8c35b0353d38:192.168.69.77:41552, 1431c511-6559-4dee-ba81-47b4a333bbfc:192.168.69.77:40727, 65c075ba-bacd-492c-a364-25117d11be4f:192.168.69.77:45580], old=null, confs=<EMPTY_MAP>
2019-07-14 16:32:18,348 INFO  storage.RaftStorageDirectory (RaftStorageDirectory.java:analyzeStorage(246)) - The storage directory /workdir/hadoop-ozone/integration-test/target/test-dir/MiniOzoneClusterImpl-3ed042b0-70b2-4550-817a-04c536ab9f20/datanode-4/data/ratis/a2265516-d724-43b4-8691-4956975a1778 does not exist. Creating ...
2019-07-14 16:32:18,348 INFO  server.RaftServerConfigKeys (ConfUtils.java:logGet(43)) - raft.server.storage.dir = [/workdir/hadoop-ozone/integration-test/target/test-dir/MiniOzoneClusterImpl-3ed042b0-70b2-4550-817a-04c536ab9f20/datanode-3/data/ratis] (custom)
2019-07-14 16:32:18,349 INFO  storage.RaftStorageDirectory (RaftStorageDirectory.java:analyzeStorage(246)) - The storage directory /workdir/hadoop-ozone/integration-test/target/test-dir/MiniOzoneClusterImpl-3ed042b0-70b2-4550-817a-04c536ab9f20/datanode-3/data/ratis/a2265516-d724-43b4-8691-4956975a1778 does not exist. Creating ...
2019-07-14 16:32:18,362 INFO  storage.RaftStorageDirectory (RaftStorageDirectory.java:tryLock(328)) - Lock on /workdir/hadoop-ozone/integration-test/target/test-dir/MiniOzoneClusterImpl-3ed042b0-70b2-4550-817a-04c536ab9f20/datanode-4/data/ratis/a2265516-d724-43b4-8691-4956975a1778/in_use.lock acquired by nodename 13169@pr-hdds-1710-5x6jb-1204890111
2019-07-14 16:32:18,362 INFO  storage.RaftStorageDirectory (RaftStorageDirectory.java:tryLock(328)) - Lock on /workdir/hadoop-ozone/integration-test/target/test-dir/MiniOzoneClusterImpl-3ed042b0-70b2-4550-817a-04c536ab9f20/datanode-3/data/ratis/a2265516-d724-43b4-8691-4956975a1778/in_use.lock acquired by nodename 13169@pr-hdds-1710-5x6jb-1204890111
2019-07-14 16:32:18,362 INFO  storage.RaftStorageDirectory (RaftStorageDirectory.java:tryLock(328)) - Lock on /workdir/hadoop-ozone/integration-test/target/test-dir/MiniOzoneClusterImpl-3ed042b0-70b2-4550-817a-04c536ab9f20/datanode-5/data/ratis/a2265516-d724-43b4-8691-4956975a1778/in_use.lock acquired by nodename 13169@pr-hdds-1710-5x6jb-1204890111
2019-07-14 16:32:18,376 INFO  storage.RaftStorage (RaftStorage.java:format(72)) - Storage directory /workdir/hadoop-ozone/integration-test/target/test-dir/MiniOzoneClusterImpl-3ed042b0-70b2-4550-817a-04c536ab9f20/datanode-3/data/ratis/a2265516-d724-43b4-8691-4956975a1778 has been successfully formatted.
2019-07-14 16:32:18,376 INFO  storage.RaftStorage (RaftStorage.java:format(72)) - Storage directory /workdir/hadoop-ozone/integration-test/target/test-dir/MiniOzoneClusterImpl-3ed042b0-70b2-4550-817a-04c536ab9f20/datanode-4/data/ratis/a2265516-d724-43b4-8691-4956975a1778 has been successfully formatted.
2019-07-14 16:32:18,376 INFO  storage.RaftStorage (RaftStorage.java:format(72)) - Storage directory /workdir/hadoop-ozone/integration-test/target/test-dir/MiniOzoneClusterImpl-3ed042b0-70b2-4550-817a-04c536ab9f20/datanode-5/data/ratis/a2265516-d724-43b4-8691-4956975a1778 has been successfully formatted.
2019-07-14 16:32:18,376 INFO  ratis.ContainerStateMachine (ContainerStateMachine.java:loadSnapshot(200)) - The snapshot info is null.Setting the last applied index to:(t:0, i:~)
2019-07-14 16:32:18,377 INFO  ratis.ContainerStateMachine (ContainerStateMachine.java:loadSnapshot(200)) - The snapshot info is null.Setting the last applied index to:(t:0, i:~)
2019-07-14 16:32:18,377 INFO  server.RaftServerConfigKeys (ConfUtils.java:logGet(43)) - raft.server.leader.election.timeout = 120s (custom)
2019-07-14 16:32:18,377 INFO  server.RaftServerConfigKeys (ConfUtils.java:logGet(43)) - raft.server.leader.election.timeout = 120s (custom)
2019-07-14 16:32:18,377 INFO  ratis.ContainerStateMachine (ContainerStateMachine.java:loadSnapshot(200)) - The snapshot info is null.Setting the last applied index to:(t:0, i:~)
2019-07-14 16:32:18,377 INFO  server.RaftServerConfigKeys (ConfUtils.java:logGet(43)) - raft.server.log.use.memory = false (default)
2019-07-14 16:32:18,377 INFO  server.RaftServerConfigKeys (ConfUtils.java:logGet(43)) - raft.server.leader.election.timeout = 120s (custom)
2019-07-14 16:32:18,377 INFO  server.RaftServerConfigKeys (ConfUtils.java:logGet(43)) - raft.server.log.use.memory = false (default)
2019-07-14 16:32:18,378 INFO  server.RaftServerConfigKeys (ConfUtils.java:logGet(43)) - raft.server.log.use.memory = false (default)
2019-07-14 16:32:18,378 INFO  server.RaftServerConfigKeys (ConfUtils.java:logGet(43)) - raft.server.log.purge.gap = 1000000000 (custom)
2019-07-14 16:32:18,378 INFO  server.RaftServerConfigKeys (ConfUtils.java:logGet(43)) - raft.server.log.purge.gap = 1000000000 (custom)
2019-07-14 16:32:18,378 INFO  server.RaftServerConfigKeys (ConfUtils.java:logGet(43)) - raft.server.log.purge.gap = 1000000000 (custom)
2019-07-14 16:32:18,378 INFO  server.RaftServerConfigKeys (ConfUtils.java:logGet(43)) - raft.server.log.appender.buffer.byte-limit = 33554432 (custom)
2019-07-14 16:32:18,378 INFO  server.RaftServerConfigKeys (ConfUtils.java:logGet(43)) - raft.server.log.appender.buffer.byte-limit = 33554432 (custom)
2019-07-14 16:32:18,379 INFO  server.RaftServerConfigKeys (ConfUtils.java:logGet(43)) - raft.server.log.segment.size.max = 1048576 (custom)
2019-07-14 16:32:18,378 INFO  server.RaftServerConfigKeys (ConfUtils.java:logGet(43)) - raft.server.log.appender.buffer.byte-limit = 33554432 (custom)
2019-07-14 16:32:18,379 INFO  server.RaftServerConfigKeys (ConfUtils.java:logGet(43)) - raft.server.log.segment.cache.num.max = 2 (custom)
2019-07-14 16:32:18,379 INFO  server.RaftServerConfigKeys (ConfUtils.java:logGet(43)) - raft.server.log.segment.size.max = 1048576 (custom)
2019-07-14 16:32:18,379 INFO  segmented.SegmentedRaftLogWorker (SegmentedRaftLogWorker.java:<init>(172)) - new 1431c511-6559-4dee-ba81-47b4a333bbfc-SegmentedRaftLogWorker:Storage Directory /workdir/hadoop-ozone/integration-test/target/test-dir/MiniOzoneClusterImpl-3ed042b0-70b2-4550-817a-04c536ab9f20/datanode-3/data/ratis/a2265516-d724-43b4-8691-4956975a1778 for RaftStorage:Storage Directory /workdir/hadoop-ozone/integration-test/target/test-dir/MiniOzoneClusterImpl-3ed042b0-70b2-4550-817a-04c536ab9f20/datanode-3/data/ratis/a2265516-d724-43b4-8691-4956975a1778
2019-07-14 16:32:18,379 INFO  server.RaftServerConfigKeys (ConfUtils.java:logGet(43)) - raft.server.log.segment.size.max = 1048576 (custom)
2019-07-14 16:32:18,380 INFO  server.RaftServerConfigKeys (ConfUtils.java:logGet(43)) - raft.server.log.queue.byte-limit = 2147483647 (custom)
2019-07-14 16:32:18,380 INFO  server.RaftServerConfigKeys (ConfUtils.java:logGet(43)) - raft.server.log.segment.cache.num.max = 2 (custom)
2019-07-14 16:32:18,380 INFO  server.RaftServerConfigKeys (ConfUtils.java:logGet(43)) - raft.server.log.queue.element-limit = 1024 (custom)
2019-07-14 16:32:18,380 INFO  server.RaftServerConfigKeys (ConfUtils.java:logGet(43)) - raft.server.log.segment.cache.num.max = 2 (custom)
2019-07-14 16:32:18,380 INFO  server.RaftServerConfigKeys (ConfUtils.java:logGet(43)) - raft.server.log.segment.size.max = 1048576 (custom)
2019-07-14 16:32:18,381 INFO  server.RaftServerConfigKeys (ConfUtils.java:logGet(43)) - raft.server.log.preallocated.size = 16384 (custom)
2019-07-14 16:32:18,380 INFO  segmented.SegmentedRaftLogWorker (SegmentedRaftLogWorker.java:<init>(172)) - new 65c075ba-bacd-492c-a364-25117d11be4f-SegmentedRaftLogWorker:Storage Directory /workdir/hadoop-ozone/integration-test/target/test-dir/MiniOzoneClusterImpl-3ed042b0-70b2-4550-817a-04c536ab9f20/datanode-4/data/ratis/a2265516-d724-43b4-8691-4956975a1778 for RaftStorage:Storage Directory /workdir/hadoop-ozone/integration-test/target/test-dir/MiniOzoneClusterImpl-3ed042b0-70b2-4550-817a-04c536ab9f20/datanode-4/data/ratis/a2265516-d724-43b4-8691-4956975a1778
2019-07-14 16:32:18,381 INFO  server.RaftServerConfigKeys (ConfUtils.java:logGet(43)) - raft.server.log.write.buffer.size = 33554432 (custom)
2019-07-14 16:32:18,381 INFO  server.RaftServerConfigKeys (ConfUtils.java:logGet(43)) - raft.server.log.force.sync.num = 128 (default)
2019-07-14 16:32:18,381 INFO  segmented.SegmentedRaftLogWorker (SegmentedRaftLogWorker.java:<init>(172)) - new 3e1669b8-a6b2-4b30-88df-8c35b0353d38-SegmentedRaftLogWorker:Storage Directory /workdir/hadoop-ozone/integration-test/target/test-dir/MiniOzoneClusterImpl-3ed042b0-70b2-4550-817a-04c536ab9f20/datanode-5/data/ratis/a2265516-d724-43b4-8691-4956975a1778 for RaftStorage:Storage Directory /workdir/hadoop-ozone/integration-test/target/test-dir/MiniOzoneClusterImpl-3ed042b0-70b2-4550-817a-04c536ab9f20/datanode-5/data/ratis/a2265516-d724-43b4-8691-4956975a1778
2019-07-14 16:32:18,381 INFO  server.RaftServerConfigKeys (ConfUtils.java:logGet(43)) - raft.server.log.statemachine.data.sync = true (default)
2019-07-14 16:32:18,381 INFO  server.RaftServerConfigKeys (ConfUtils.java:logGet(43)) - raft.server.log.queue.byte-limit = 2147483647 (custom)
2019-07-14 16:32:18,382 INFO  server.RaftServerConfigKeys (ConfUtils.java:logGet(43)) - raft.server.log.statemachine.data.sync.timeout = 10s (default)
2019-07-14 16:32:18,382 INFO  server.RaftServerConfigKeys (ConfUtils.java:logGet(43)) - raft.server.log.queue.byte-limit = 2147483647 (custom)
2019-07-14 16:32:18,382 INFO  server.RaftServerConfigKeys (ConfUtils.java:logGet(43)) - raft.server.log.statemachine.data.sync.timeout.retry = -1 (default)
2019-07-14 16:32:18,382 INFO  server.RaftServerConfigKeys (ConfUtils.java:logGet(43)) - raft.server.log.queue.element-limit = 1024 (custom)
2019-07-14 16:32:18,382 INFO  server.RaftServerConfigKeys (ConfUtils.java:logGet(43)) - raft.server.log.statemachine.data.caching.enabled = true (custom)
2019-07-14 16:32:18,382 INFO  server.RaftServerConfigKeys (ConfUtils.java:logGet(43)) - raft.server.log.queue.element-limit = 1024 (custom)
2019-07-14 16:32:18,383 INFO  server.RaftServerConfigKeys (ConfUtils.java:logGet(43)) - raft.server.log.segment.size.max = 1048576 (custom)
2019-07-14 16:32:18,383 INFO  server.RaftServerConfigKeys (ConfUtils.java:logGet(43)) - raft.server.log.segment.size.max = 1048576 (custom)
2019-07-14 16:32:18,383 INFO  segmented.SegmentedRaftLogWorker (SegmentedRaftLogWorker.java:lambda$new$0(132)) - 1431c511-6559-4dee-ba81-47b4a333bbfc-SegmentedRaftLogWorker:Storage Directory /workdir/hadoop-ozone/integration-test/target/test-dir/MiniOzoneClusterImpl-3ed042b0-70b2-4550-817a-04c536ab9f20/datanode-3/data/ratis/a2265516-d724-43b4-8691-4956975a1778: flushIndex: setUnconditionally 0 -> -1
2019-07-14 16:32:18,383 INFO  server.RaftServerConfigKeys (ConfUtils.java:logGet(43)) - raft.server.log.preallocated.size = 16384 (custom)
2019-07-14 16:32:18,383 INFO  server.RaftServerConfigKeys (ConfUtils.java:logGet(43)) - raft.server.log.preallocated.size = 16384 (custom)
2019-07-14 16:32:18,384 INFO  server.RaftServerConfigKeys (ConfUtils.java:logGet(43)) - raft.server.snapshot.auto.trigger.enabled = true (custom)
2019-07-14 16:32:18,384 INFO  server.RaftServerConfigKeys (ConfUtils.java:logGet(43)) - raft.server.log.write.buffer.size = 33554432 (custom)
2019-07-14 16:32:18,384 INFO  server.RaftServerConfigKeys (ConfUtils.java:logGet(43)) - raft.server.snapshot.auto.trigger.threshold = 10000 (custom)
2019-07-14 16:32:18,384 INFO  server.RaftServerConfigKeys (ConfUtils.java:logGet(43)) - raft.server.log.write.buffer.size = 33554432 (custom)
2019-07-14 16:32:18,384 INFO  server.RaftServerConfigKeys (ConfUtils.java:logGet(43)) - raft.server.retrycache.expirytime = 600000ms (custom)
2019-07-14 16:32:18,384 INFO  server.RaftServerConfigKeys (ConfUtils.java:logGet(43)) - raft.server.log.force.sync.num = 128 (default)
2019-07-14 16:32:18,385 INFO  impl.RaftServerImpl (RaftServerImpl.java:start(180)) - 1431c511-6559-4dee-ba81-47b4a333bbfc: start group-4956975A1778
2019-07-14 16:32:18,385 INFO  impl.RaftServerImpl (RaftServerImpl.java:setRole(171)) - 1431c511-6559-4dee-ba81-47b4a333bbfc:group-4956975A1778 changes role from null to FOLLOWER at term 0 for startAsFollower
2019-07-14 16:32:18,384 INFO  server.RaftServerConfigKeys (ConfUtils.java:logGet(43)) - raft.server.log.force.sync.num = 128 (default)
2019-07-14 16:32:18,385 INFO  impl.RoleInfo (RoleInfo.java:updateAndGet(143)) - 1431c511-6559-4dee-ba81-47b4a333bbfc: start FollowerState
2019-07-14 16:32:18,385 INFO  server.RaftServerConfigKeys (ConfUtils.java:logGet(43)) - raft.server.log.statemachine.data.sync = true (default)
2019-07-14 16:32:18,386 INFO  server.RaftServerConfigKeys (ConfUtils.java:logGet(43)) - raft.server.log.statemachine.data.sync.timeout = 10s (default)
2019-07-14 16:32:18,385 INFO  server.RaftServerConfigKeys (ConfUtils.java:logGet(43)) - raft.server.log.statemachine.data.sync = true (default)
2019-07-14 16:32:18,386 INFO  server.RaftServerConfigKeys (ConfUtils.java:logGet(43)) - raft.server.log.statemachine.data.sync.timeout.retry = -1 (default)
2019-07-14 16:32:18,386 INFO  util.JmxRegister (JmxRegister.java:tryRegister(44)) - Successfully registered JMX Bean with object name Ratis:service=RaftServer,group=group-4956975A1778,id=1431c511-6559-4dee-ba81-47b4a333bbfc
2019-07-14 16:32:18,386 INFO  server.RaftServerConfigKeys (ConfUtils.java:logGet(43)) - raft.server.log.statemachine.data.caching.enabled = true (custom)
2019-07-14 16:32:18,386 INFO  server.RaftServerConfigKeys (ConfUtils.java:logGet(43)) - raft.server.log.statemachine.data.sync.timeout = 10s (default)
2019-07-14 16:32:18,387 INFO  segmented.SegmentedRaftLogWorker (SegmentedRaftLogWorker.java:lambda$new$0(132)) - 3e1669b8-a6b2-4b30-88df-8c35b0353d38-SegmentedRaftLogWorker:Storage Directory /workdir/hadoop-ozone/integration-test/target/test-dir/MiniOzoneClusterImpl-3ed042b0-70b2-4550-817a-04c536ab9f20/datanode-5/data/ratis/a2265516-d724-43b4-8691-4956975a1778: flushIndex: setUnconditionally 0 -> -1
2019-07-14 16:32:18,387 INFO  server.RaftServerConfigKeys (ConfUtils.java:logGet(43)) - raft.server.log.statemachine.data.sync.timeout.retry = -1 (default)
2019-07-14 16:32:18,387 INFO  server.RaftServerConfigKeys (ConfUtils.java:logGet(43)) - raft.server.log.statemachine.data.caching.enabled = true (custom)
2019-07-14 16:32:18,387 INFO  server.RaftServerConfigKeys (ConfUtils.java:logGet(43)) - raft.server.snapshot.auto.trigger.enabled = true (custom)
2019-07-14 16:32:18,387 INFO  segmented.SegmentedRaftLogWorker (SegmentedRaftLogWorker.java:lambda$new$0(132)) - 65c075ba-bacd-492c-a364-25117d11be4f-SegmentedRaftLogWorker:Storage Directory /workdir/hadoop-ozone/integration-test/target/test-dir/MiniOzoneClusterImpl-3ed042b0-70b2-4550-817a-04c536ab9f20/datanode-4/data/ratis/a2265516-d724-43b4-8691-4956975a1778: flushIndex: setUnconditionally 0 -> -1
2019-07-14 16:32:18,387 INFO  server.RaftServerConfigKeys (ConfUtils.java:logGet(43)) - raft.server.snapshot.auto.trigger.threshold = 10000 (custom)
2019-07-14 16:32:18,388 INFO  server.RaftServerConfigKeys (ConfUtils.java:logGet(43)) - raft.server.snapshot.auto.trigger.enabled = true (custom)
2019-07-14 16:32:18,388 INFO  server.RaftServerConfigKeys (ConfUtils.java:logGet(43)) - raft.server.retrycache.expirytime = 600000ms (custom)
2019-07-14 16:32:18,388 INFO  server.RaftServerConfigKeys (ConfUtils.java:logGet(43)) - raft.server.snapshot.auto.trigger.threshold = 10000 (custom)
2019-07-14 16:32:18,388 INFO  impl.RaftServerImpl (RaftServerImpl.java:start(180)) - 3e1669b8-a6b2-4b30-88df-8c35b0353d38: start group-4956975A1778
2019-07-14 16:32:18,388 INFO  server.RaftServerConfigKeys (ConfUtils.java:logGet(43)) - raft.server.retrycache.expirytime = 600000ms (custom)
2019-07-14 16:32:18,388 INFO  impl.RaftServerImpl (RaftServerImpl.java:setRole(171)) - 3e1669b8-a6b2-4b30-88df-8c35b0353d38:group-4956975A1778 changes role from null to FOLLOWER at term 0 for startAsFollower
2019-07-14 16:32:18,388 INFO  impl.RaftServerImpl (RaftServerImpl.java:start(180)) - 65c075ba-bacd-492c-a364-25117d11be4f: start group-4956975A1778
2019-07-14 16:32:18,388 INFO  impl.RoleInfo (RoleInfo.java:updateAndGet(143)) - 3e1669b8-a6b2-4b30-88df-8c35b0353d38: start FollowerState
2019-07-14 16:32:18,388 INFO  impl.RaftServerImpl (RaftServerImpl.java:setRole(171)) - 65c075ba-bacd-492c-a364-25117d11be4f:group-4956975A1778 changes role from null to FOLLOWER at term 0 for startAsFollower
2019-07-14 16:32:18,389 INFO  impl.RoleInfo (RoleInfo.java:updateAndGet(143)) - 65c075ba-bacd-492c-a364-25117d11be4f: start FollowerState
2019-07-14 16:32:18,389 INFO  util.JmxRegister (JmxRegister.java:tryRegister(44)) - Successfully registered JMX Bean with object name Ratis:service=RaftServer,group=group-4956975A1778,id=3e1669b8-a6b2-4b30-88df-8c35b0353d38
2019-07-14 16:32:18,389 INFO  util.JmxRegister (JmxRegister.java:tryRegister(44)) - Successfully registered JMX Bean with object name Ratis:service=RaftServer,group=group-4956975A1778,id=65c075ba-bacd-492c-a364-25117d11be4f
2019-07-14 16:32:18,391 INFO  pipeline.PipelineStateManager (PipelineStateManager.java:addPipeline(56)) - Created pipeline Pipeline[ Id: a2265516-d724-43b4-8691-4956975a1778, Nodes: 65c075ba-bacd-492c-a364-25117d11be4f{ip: 192.168.69.77, host: pr-hdds-1710-5x6jb-1204890111, networkLocation: /default-rack, certSerialId: null}3e1669b8-a6b2-4b30-88df-8c35b0353d38{ip: 192.168.69.77, host: pr-hdds-1710-5x6jb-1204890111, networkLocation: /default-rack, certSerialId: null}1431c511-6559-4dee-ba81-47b4a333bbfc{ip: 192.168.69.77, host: pr-hdds-1710-5x6jb-1204890111, networkLocation: /default-rack, certSerialId: null}, Type:RATIS, Factor:THREE, State:OPEN]
2019-07-14 16:32:18,457 INFO  ozone.MiniOzoneClusterImpl (MiniOzoneClusterImpl.java:lambda$waitForClusterToBeReady$0(142)) - Waiting for cluster to be ready. Got 6 of 7 DN Heartbeats.
2019-07-14 16:32:18,461 INFO  node.SCMNodeManager (SCMNodeManager.java:register(269)) - Registered Data node : a6a6bf61-6fc9-4a4a-a23a-2580cacece8c{ip: 192.168.69.77, host: pr-hdds-1710-5x6jb-1204890111, networkLocation: /default-rack, certSerialId: null}
2019-07-14 16:32:18,471 INFO  impl.RaftServerProxy (RaftServerProxy.java:addNew(89)) - a6a6bf61-6fc9-4a4a-a23a-2580cacece8c: addNew group-3B37D4D7C4A4:[a6a6bf61-6fc9-4a4a-a23a-2580cacece8c:192.168.69.77:40573] returns group-3B37D4D7C4A4:java.util.concurrent.CompletableFuture@664c9fbe[Not completed]
2019-07-14 16:32:18,472 INFO  impl.RaftServerImpl (RaftServerImpl.java:<init>(93)) - a6a6bf61-6fc9-4a4a-a23a-2580cacece8c: new RaftServerImpl for group-3B37D4D7C4A4:[a6a6bf61-6fc9-4a4a-a23a-2580cacece8c:192.168.69.77:40573] with ContainerStateMachine:uninitialized
2019-07-14 16:32:18,472 INFO  server.RaftServerConfigKeys (ConfUtils.java:logGet(43)) - raft.server.rpc.timeout.min = 5s (custom)
2019-07-14 16:32:18,472 INFO  server.RaftServerConfigKeys (ConfUtils.java:logGet(43)) - raft.server.rpc.timeout.max = 5200ms (custom)
2019-07-14 16:32:18,472 INFO  server.RaftServerConfigKeys (ConfUtils.java:logGet(43)) - raft.server.rpcslowness.timeout = 120s (custom)
2019-07-14 16:32:18,473 INFO  server.RaftServerConfigKeys (ConfUtils.java:logGet(43)) - raft.server.sleep.deviation.threshold = 300 (default)
2019-07-14 16:32:18,473 INFO  server.RaftServerConfigKeys (ConfUtils.java:logGet(43)) - raft.server.log.appender.install.snapshot.enabled = false (custom)
2019-07-14 16:32:18,474 INFO  impl.RaftServerImpl (ServerState.java:<init>(105)) - a6a6bf61-6fc9-4a4a-a23a-2580cacece8c:group-3B37D4D7C4A4 ConfigurationManager, init=-1: [a6a6bf61-6fc9-4a4a-a23a-2580cacece8c:192.168.69.77:40573], old=null, confs=<EMPTY_MAP>
2019-07-14 16:32:18,474 INFO  server.RaftServerConfigKeys (ConfUtils.java:logGet(43)) - raft.server.storage.dir = [/workdir/hadoop-ozone/integration-test/target/test-dir/MiniOzoneClusterImpl-3ed042b0-70b2-4550-817a-04c536ab9f20/datanode-6/data/ratis] (custom)
2019-07-14 16:32:18,474 INFO  storage.RaftStorageDirectory (RaftStorageDirectory.java:analyzeStorage(246)) - The storage directory /workdir/hadoop-ozone/integration-test/target/test-dir/MiniOzoneClusterImpl-3ed042b0-70b2-4550-817a-04c536ab9f20/datanode-6/data/ratis/c3a16ccf-7e17-4141-b7af-3b37d4d7c4a4 does not exist. Creating ...
2019-07-14 16:32:18,488 INFO  storage.RaftStorageDirectory (RaftStorageDirectory.java:tryLock(328)) - Lock on /workdir/hadoop-ozone/integration-test/target/test-dir/MiniOzoneClusterImpl-3ed042b0-70b2-4550-817a-04c536ab9f20/datanode-6/data/ratis/c3a16ccf-7e17-4141-b7af-3b37d4d7c4a4/in_use.lock acquired by nodename 13169@pr-hdds-1710-5x6jb-1204890111
2019-07-14 16:32:18,502 INFO  storage.RaftStorage (RaftStorage.java:format(72)) - Storage directory /workdir/hadoop-ozone/integration-test/target/test-dir/MiniOzoneClusterImpl-3ed042b0-70b2-4550-817a-04c536ab9f20/datanode-6/data/ratis/c3a16ccf-7e17-4141-b7af-3b37d4d7c4a4 has been successfully formatted.
2019-07-14 16:32:18,502 INFO  ratis.ContainerStateMachine (ContainerStateMachine.java:loadSnapshot(200)) - The snapshot info is null.Setting the last applied index to:(t:0, i:~)
2019-07-14 16:32:18,502 INFO  server.RaftServerConfigKeys (ConfUtils.java:logGet(43)) - raft.server.leader.election.timeout = 120s (custom)
2019-07-14 16:32:18,502 INFO  server.RaftServerConfigKeys (ConfUtils.java:logGet(43)) - raft.server.log.use.memory = false (default)
2019-07-14 16:32:18,502 INFO  server.RaftServerConfigKeys (ConfUtils.java:logGet(43)) - raft.server.log.purge.gap = 1000000000 (custom)
2019-07-14 16:32:18,503 INFO  server.RaftServerConfigKeys (ConfUtils.java:logGet(43)) - raft.server.log.appender.buffer.byte-limit = 33554432 (custom)
2019-07-14 16:32:18,503 INFO  server.RaftServerConfigKeys (ConfUtils.java:logGet(43)) - raft.server.log.segment.size.max = 1048576 (custom)
2019-07-14 16:32:18,503 INFO  server.RaftServerConfigKeys (ConfUtils.java:logGet(43)) - raft.server.log.segment.cache.num.max = 2 (custom)
2019-07-14 16:32:18,503 INFO  segmented.SegmentedRaftLogWorker (SegmentedRaftLogWorker.java:<init>(172)) - new a6a6bf61-6fc9-4a4a-a23a-2580cacece8c-SegmentedRaftLogWorker:Storage Directory /workdir/hadoop-ozone/integration-test/target/test-dir/MiniOzoneClusterImpl-3ed042b0-70b2-4550-817a-04c536ab9f20/datanode-6/data/ratis/c3a16ccf-7e17-4141-b7af-3b37d4d7c4a4 for RaftStorage:Storage Directory /workdir/hadoop-ozone/integration-test/target/test-dir/MiniOzoneClusterImpl-3ed042b0-70b2-4550-817a-04c536ab9f20/datanode-6/data/ratis/c3a16ccf-7e17-4141-b7af-3b37d4d7c4a4
2019-07-14 16:32:18,503 INFO  server.RaftServerConfigKeys (ConfUtils.java:logGet(43)) - raft.server.log.queue.byte-limit = 2147483647 (custom)
2019-07-14 16:32:18,503 INFO  server.RaftServerConfigKeys (ConfUtils.java:logGet(43)) - raft.server.log.queue.element-limit = 1024 (custom)
2019-07-14 16:32:18,504 INFO  server.RaftServerConfigKeys (ConfUtils.java:logGet(43)) - raft.server.log.segment.size.max = 1048576 (custom)
2019-07-14 16:32:18,504 INFO  server.RaftServerConfigKeys (ConfUtils.java:logGet(43)) - raft.server.log.preallocated.size = 16384 (custom)
2019-07-14 16:32:18,504 INFO  server.RaftServerConfigKeys (ConfUtils.java:logGet(43)) - raft.server.log.write.buffer.size = 33554432 (custom)
2019-07-14 16:32:18,504 INFO  server.RaftServerConfigKeys (ConfUtils.java:logGet(43)) - raft.server.log.force.sync.num = 128 (default)
2019-07-14 16:32:18,504 INFO  server.RaftServerConfigKeys (ConfUtils.java:logGet(43)) - raft.server.log.statemachine.data.sync = true (default)
2019-07-14 16:32:18,504 INFO  server.RaftServerConfigKeys (ConfUtils.java:logGet(43)) - raft.server.log.statemachine.data.sync.timeout = 10s (default)
2019-07-14 16:32:18,505 INFO  server.RaftServerConfigKeys (ConfUtils.java:logGet(43)) - raft.server.log.statemachine.data.sync.timeout.retry = -1 (default)
2019-07-14 16:32:18,505 INFO  server.RaftServerConfigKeys (ConfUtils.java:logGet(43)) - raft.server.log.statemachine.data.caching.enabled = true (custom)
2019-07-14 16:32:18,505 INFO  segmented.SegmentedRaftLogWorker (SegmentedRaftLogWorker.java:lambda$new$0(132)) - a6a6bf61-6fc9-4a4a-a23a-2580cacece8c-SegmentedRaftLogWorker:Storage Directory /workdir/hadoop-ozone/integration-test/target/test-dir/MiniOzoneClusterImpl-3ed042b0-70b2-4550-817a-04c536ab9f20/datanode-6/data/ratis/c3a16ccf-7e17-4141-b7af-3b37d4d7c4a4: flushIndex: setUnconditionally 0 -> -1
2019-07-14 16:32:18,506 INFO  server.RaftServerConfigKeys (ConfUtils.java:logGet(43)) - raft.server.snapshot.auto.trigger.enabled = true (custom)
2019-07-14 16:32:18,506 INFO  server.RaftServerConfigKeys (ConfUtils.java:logGet(43)) - raft.server.snapshot.auto.trigger.threshold = 10000 (custom)
2019-07-14 16:32:18,506 INFO  server.RaftServerConfigKeys (ConfUtils.java:logGet(43)) - raft.server.retrycache.expirytime = 600000ms (custom)
2019-07-14 16:32:18,506 INFO  impl.RaftServerImpl (RaftServerImpl.java:start(180)) - a6a6bf61-6fc9-4a4a-a23a-2580cacece8c: start group-3B37D4D7C4A4
2019-07-14 16:32:18,506 INFO  impl.RaftServerImpl (RaftServerImpl.java:setRole(171)) - a6a6bf61-6fc9-4a4a-a23a-2580cacece8c:group-3B37D4D7C4A4 changes role from null to FOLLOWER at term 0 for startAsFollower
2019-07-14 16:32:18,506 INFO  impl.RoleInfo (RoleInfo.java:updateAndGet(143)) - a6a6bf61-6fc9-4a4a-a23a-2580cacece8c: start FollowerState
2019-07-14 16:32:18,507 INFO  util.JmxRegister (JmxRegister.java:tryRegister(44)) - Successfully registered JMX Bean with object name Ratis:service=RaftServer,group=group-3B37D4D7C4A4,id=a6a6bf61-6fc9-4a4a-a23a-2580cacece8c
2019-07-14 16:32:18,509 INFO  pipeline.PipelineStateManager (PipelineStateManager.java:addPipeline(56)) - Created pipeline Pipeline[ Id: c3a16ccf-7e17-4141-b7af-3b37d4d7c4a4, Nodes: a6a6bf61-6fc9-4a4a-a23a-2580cacece8c{ip: 192.168.69.77, host: pr-hdds-1710-5x6jb-1204890111, networkLocation: /default-rack, certSerialId: null}, Type:RATIS, Factor:ONE, State:OPEN]
2019-07-14 16:32:19,458 INFO  ozone.MiniOzoneClusterImpl (MiniOzoneClusterImpl.java:lambda$waitForClusterToBeReady$0(142)) - Cluster is ready. Got 7 of 7 DN Heartbeats.
2019-07-14 16:32:19,497 INFO  rpc.RpcClient (RpcClient.java:createVolume(287)) - Creating Volume: testblockoutputstream, with jenkins1000 as owner.
2019-07-14 16:32:19,513 INFO  rpc.RpcClient (RpcClient.java:createBucket(424)) - Creating Bucket: testblockoutputstream/testblockoutputstream, with Versioning false and Storage Type set to DISK and Encryption set to false 
2019-07-14 16:32:19,542 INFO  client.GrpcClientProtocolClient (GrpcClientProtocolClient.java:onNext(255)) - client-A7ECBF4201E9->65c075ba-bacd-492c-a364-25117d11be4f: receive RaftClientReply:client-A7ECBF4201E9->65c075ba-bacd-492c-a364-25117d11be4f@group-4956975A1778, cid=183, FAILED org.apache.ratis.protocol.NotLeaderException: Server 65c075ba-bacd-492c-a364-25117d11be4f is not the leader (null). Request must be sent to leader., logIndex=0, commits[65c075ba-bacd-492c-a364-25117d11be4f:c-1]
2019-07-14 16:32:20,284 INFO  container.ReplicationManager (ReplicationManager.java:start(155)) - Starting Replication Monitor Thread.
2019-07-14 16:32:20,287 INFO  container.ReplicationManager (ReplicationManager.java:run(207)) - Replication Monitor Thread took 0 milliseconds for processing 1 containers.
2019-07-14 16:32:20,559 INFO  client.GrpcClientProtocolClient (GrpcClientProtocolClient.java:onNext(255)) - client-A7ECBF4201E9->1431c511-6559-4dee-ba81-47b4a333bbfc: receive RaftClientReply:client-A7ECBF4201E9->1431c511-6559-4dee-ba81-47b4a333bbfc@group-4956975A1778, cid=183, FAILED org.apache.ratis.protocol.NotLeaderException: Server 1431c511-6559-4dee-ba81-47b4a333bbfc is not the leader (null). Request must be sent to leader., logIndex=0, commits[1431c511-6559-4dee-ba81-47b4a333bbfc:c-1]
2019-07-14 16:32:21,585 INFO  client.GrpcClientProtocolClient (GrpcClientProtocolClient.java:onNext(255)) - client-A7ECBF4201E9->3e1669b8-a6b2-4b30-88df-8c35b0353d38: receive RaftClientReply:client-A7ECBF4201E9->3e1669b8-a6b2-4b30-88df-8c35b0353d38@group-4956975A1778, cid=183, FAILED org.apache.ratis.protocol.NotLeaderException: Server 3e1669b8-a6b2-4b30-88df-8c35b0353d38 is not the leader (null). Request must be sent to leader., logIndex=0, commits[3e1669b8-a6b2-4b30-88df-8c35b0353d38:c-1]
2019-07-14 16:32:22,478 INFO  impl.FollowerState (FollowerState.java:run(106)) - d1d44ffb-e260-4835-95e7-34213d346cf5:group-E4443CB182A0 changes to CANDIDATE, lastRpcTime:5142, electionTimeout:5142ms
2019-07-14 16:32:22,479 INFO  impl.RoleInfo (RoleInfo.java:shutdownFollowerState(121)) - d1d44ffb-e260-4835-95e7-34213d346cf5: shutdown FollowerState
2019-07-14 16:32:22,479 INFO  impl.RaftServerImpl (RaftServerImpl.java:setRole(171)) - d1d44ffb-e260-4835-95e7-34213d346cf5:group-E4443CB182A0 changes role from FOLLOWER to CANDIDATE at term 0 for changeToCandidate
2019-07-14 16:32:22,479 INFO  impl.RoleInfo (RoleInfo.java:updateAndGet(143)) - d1d44ffb-e260-4835-95e7-34213d346cf5: start LeaderElection
2019-07-14 16:32:22,500 INFO  impl.LeaderElection (LeaderElection.java:askForVotes(181)) - d1d44ffb-e260-4835-95e7-34213d346cf5:group-E4443CB182A0:LeaderElection65: begin an election at term 1 for -1: [d1d44ffb-e260-4835-95e7-34213d346cf5:192.168.69.77:40193], old=null
2019-07-14 16:32:22,500 INFO  impl.RoleInfo (RoleInfo.java:shutdownLeaderElection(134)) - d1d44ffb-e260-4835-95e7-34213d346cf5: shutdown LeaderElection
2019-07-14 16:32:22,500 INFO  impl.RaftServerImpl (RaftServerImpl.java:setRole(171)) - d1d44ffb-e260-4835-95e7-34213d346cf5:group-E4443CB182A0 changes role from CANDIDATE to LEADER at term 1 for changeToLeader
2019-07-14 16:32:22,500 INFO  impl.RaftServerImpl (ServerState.java:setLeader(263)) - d1d44ffb-e260-4835-95e7-34213d346cf5:group-E4443CB182A0 change Leader from null to d1d44ffb-e260-4835-95e7-34213d346cf5 at term 1 for becomeLeader, leader elected after 5169ms
2019-07-14 16:32:22,503 INFO  server.RaftServerConfigKeys (ConfUtils.java:logGet(43)) - raft.server.staging.catchup.gap = 1000 (default)
2019-07-14 16:32:22,503 INFO  server.RaftServerConfigKeys (ConfUtils.java:logGet(43)) - raft.server.rpc.sleep.time = 25ms (default)
2019-07-14 16:32:22,503 INFO  server.RaftServerConfigKeys (ConfUtils.java:logGet(43)) - raft.server.write.element-limit = 4096 (default)
2019-07-14 16:32:22,503 INFO  server.RaftServerConfigKeys (ConfUtils.java:logGet(43)) - raft.server.watch.timeout = 10s (default)
2019-07-14 16:32:22,503 INFO  server.RaftServerConfigKeys (ConfUtils.java:logGet(43)) - raft.server.watch.timeout.denomination = 1s (default)
2019-07-14 16:32:22,504 INFO  server.RaftServerConfigKeys (ConfUtils.java:logGet(43)) - raft.server.watch.element-limit = 65536 (default)
2019-07-14 16:32:22,504 INFO  impl.RoleInfo (RoleInfo.java:updateAndGet(143)) - d1d44ffb-e260-4835-95e7-34213d346cf5: start LeaderState
2019-07-14 16:32:22,504 INFO  segmented.SegmentedRaftLogWorker (SegmentedRaftLogWorker.java:startLogSegment(380)) - d1d44ffb-e260-4835-95e7-34213d346cf5-SegmentedRaftLogWorker:Storage Directory /workdir/hadoop-ozone/integration-test/target/test-dir/MiniOzoneClusterImpl-3ed042b0-70b2-4550-817a-04c536ab9f20/datanode-0/data/ratis/ce5e6804-df3a-4bfd-b1e4-e4443cb182a0: Starting segment from index:0
2019-07-14 16:32:22,505 INFO  impl.RaftServerImpl (ServerState.java:setRaftConf(361)) - d1d44ffb-e260-4835-95e7-34213d346cf5:group-E4443CB182A0 set configuration 0: [d1d44ffb-e260-4835-95e7-34213d346cf5:192.168.69.77:40193], old=null at 0
2019-07-14 16:32:22,538 INFO  segmented.SegmentedRaftLogWorker (SegmentedRaftLogWorker.java:execute(569)) - d1d44ffb-e260-4835-95e7-34213d346cf5-SegmentedRaftLogWorker:Storage Directory /workdir/hadoop-ozone/integration-test/target/test-dir/MiniOzoneClusterImpl-3ed042b0-70b2-4550-817a-04c536ab9f20/datanode-0/data/ratis/ce5e6804-df3a-4bfd-b1e4-e4443cb182a0: created new log segment /workdir/hadoop-ozone/integration-test/target/test-dir/MiniOzoneClusterImpl-3ed042b0-70b2-4550-817a-04c536ab9f20/datanode-0/data/ratis/ce5e6804-df3a-4bfd-b1e4-e4443cb182a0/current/log_inprogress_0
2019-07-14 16:32:22,594 INFO  client.GrpcClientProtocolClient (GrpcClientProtocolClient.java:onNext(255)) - client-A7ECBF4201E9->65c075ba-bacd-492c-a364-25117d11be4f: receive RaftClientReply:client-A7ECBF4201E9->65c075ba-bacd-492c-a364-25117d11be4f@group-4956975A1778, cid=183, FAILED org.apache.ratis.protocol.NotLeaderException: Server 65c075ba-bacd-492c-a364-25117d11be4f is not the leader (null). Request must be sent to leader., logIndex=0, commits[65c075ba-bacd-492c-a364-25117d11be4f:c-1]
2019-07-14 16:32:22,613 INFO  impl.FollowerState (FollowerState.java:run(106)) - 30e8bf10-19a9-4b0f-990f-a4b2fd9df601:group-99CA940E487C changes to CANDIDATE, lastRpcTime:5123, electionTimeout:5123ms
2019-07-14 16:32:22,613 INFO  impl.RoleInfo (RoleInfo.java:shutdownFollowerState(121)) - 30e8bf10-19a9-4b0f-990f-a4b2fd9df601: shutdown FollowerState
2019-07-14 16:32:22,613 INFO  impl.RaftServerImpl (RaftServerImpl.java:setRole(171)) - 30e8bf10-19a9-4b0f-990f-a4b2fd9df601:group-99CA940E487C changes role from FOLLOWER to CANDIDATE at term 0 for changeToCandidate
2019-07-14 16:32:22,613 INFO  impl.RoleInfo (RoleInfo.java:updateAndGet(143)) - 30e8bf10-19a9-4b0f-990f-a4b2fd9df601: start LeaderElection
2019-07-14 16:32:22,630 INFO  impl.LeaderElection (LeaderElection.java:askForVotes(181)) - 30e8bf10-19a9-4b0f-990f-a4b2fd9df601:group-99CA940E487C:LeaderElection66: begin an election at term 1 for -1: [30e8bf10-19a9-4b0f-990f-a4b2fd9df601:192.168.69.77:32809], old=null
2019-07-14 16:32:22,630 INFO  impl.RoleInfo (RoleInfo.java:shutdownLeaderElection(134)) - 30e8bf10-19a9-4b0f-990f-a4b2fd9df601: shutdown LeaderElection
2019-07-14 16:32:22,630 INFO  impl.RaftServerImpl (RaftServerImpl.java:setRole(171)) - 30e8bf10-19a9-4b0f-990f-a4b2fd9df601:group-99CA940E487C changes role from CANDIDATE to LEADER at term 1 for changeToLeader
2019-07-14 16:32:22,631 INFO  impl.RaftServerImpl (ServerState.java:setLeader(263)) - 30e8bf10-19a9-4b0f-990f-a4b2fd9df601:group-99CA940E487C change Leader from null to 30e8bf10-19a9-4b0f-990f-a4b2fd9df601 at term 1 for becomeLeader, leader elected after 5145ms
2019-07-14 16:32:22,632 INFO  server.RaftServerConfigKeys (ConfUtils.java:logGet(43)) - raft.server.staging.catchup.gap = 1000 (default)
2019-07-14 16:32:22,633 INFO  server.RaftServerConfigKeys (ConfUtils.java:logGet(43)) - raft.server.rpc.sleep.time = 25ms (default)
2019-07-14 16:32:22,633 INFO  server.RaftServerConfigKeys (ConfUtils.java:logGet(43)) - raft.server.write.element-limit = 4096 (default)
2019-07-14 16:32:22,633 INFO  server.RaftServerConfigKeys (ConfUtils.java:logGet(43)) - raft.server.watch.timeout = 10s (default)
2019-07-14 16:32:22,633 INFO  server.RaftServerConfigKeys (ConfUtils.java:logGet(43)) - raft.server.watch.timeout.denomination = 1s (default)
2019-07-14 16:32:22,633 INFO  server.RaftServerConfigKeys (ConfUtils.java:logGet(43)) - raft.server.watch.element-limit = 65536 (default)
2019-07-14 16:32:22,633 INFO  impl.RoleInfo (RoleInfo.java:updateAndGet(143)) - 30e8bf10-19a9-4b0f-990f-a4b2fd9df601: start LeaderState
2019-07-14 16:32:22,634 INFO  segmented.SegmentedRaftLogWorker (SegmentedRaftLogWorker.java:startLogSegment(380)) - 30e8bf10-19a9-4b0f-990f-a4b2fd9df601-SegmentedRaftLogWorker:Storage Directory /workdir/hadoop-ozone/integration-test/target/test-dir/MiniOzoneClusterImpl-3ed042b0-70b2-4550-817a-04c536ab9f20/datanode-1/data/ratis/0235738a-e259-432a-9c0d-99ca940e487c: Starting segment from index:0
2019-07-14 16:32:22,634 INFO  impl.RaftServerImpl (ServerState.java:setRaftConf(361)) - 30e8bf10-19a9-4b0f-990f-a4b2fd9df601:group-99CA940E487C set configuration 0: [30e8bf10-19a9-4b0f-990f-a4b2fd9df601:192.168.69.77:32809], old=null at 0
2019-07-14 16:32:22,666 INFO  segmented.SegmentedRaftLogWorker (SegmentedRaftLogWorker.java:execute(569)) - 30e8bf10-19a9-4b0f-990f-a4b2fd9df601-SegmentedRaftLogWorker:Storage Directory /workdir/hadoop-ozone/integration-test/target/test-dir/MiniOzoneClusterImpl-3ed042b0-70b2-4550-817a-04c536ab9f20/datanode-1/data/ratis/0235738a-e259-432a-9c0d-99ca940e487c: created new log segment /workdir/hadoop-ozone/integration-test/target/test-dir/MiniOzoneClusterImpl-3ed042b0-70b2-4550-817a-04c536ab9f20/datanode-1/data/ratis/0235738a-e259-432a-9c0d-99ca940e487c/current/log_inprogress_0
2019-07-14 16:32:22,873 INFO  impl.FollowerState (FollowerState.java:run(106)) - 7beec795-f12b-479c-98c0-438854f6485a:group-68461943934E changes to CANDIDATE, lastRpcTime:5036, electionTimeout:5036ms
2019-07-14 16:32:22,873 INFO  impl.RoleInfo (RoleInfo.java:shutdownFollowerState(121)) - 7beec795-f12b-479c-98c0-438854f6485a: shutdown FollowerState
2019-07-14 16:32:22,874 INFO  impl.RaftServerImpl (RaftServerImpl.java:setRole(171)) - 7beec795-f12b-479c-98c0-438854f6485a:group-68461943934E changes role from FOLLOWER to CANDIDATE at term 0 for changeToCandidate
2019-07-14 16:32:22,874 INFO  impl.RoleInfo (RoleInfo.java:updateAndGet(143)) - 7beec795-f12b-479c-98c0-438854f6485a: start LeaderElection
2019-07-14 16:32:22,893 INFO  impl.LeaderElection (LeaderElection.java:askForVotes(181)) - 7beec795-f12b-479c-98c0-438854f6485a:group-68461943934E:LeaderElection67: begin an election at term 1 for -1: [7beec795-f12b-479c-98c0-438854f6485a:192.168.69.77:35087], old=null
2019-07-14 16:32:22,893 INFO  impl.RoleInfo (RoleInfo.java:shutdownLeaderElection(134)) - 7beec795-f12b-479c-98c0-438854f6485a: shutdown LeaderElection
2019-07-14 16:32:22,893 INFO  impl.RaftServerImpl (RaftServerImpl.java:setRole(171)) - 7beec795-f12b-479c-98c0-438854f6485a:group-68461943934E changes role from CANDIDATE to LEADER at term 1 for changeToLeader
2019-07-14 16:32:22,893 INFO  impl.RaftServerImpl (ServerState.java:setLeader(263)) - 7beec795-f12b-479c-98c0-438854f6485a:group-68461943934E change Leader from null to 7beec795-f12b-479c-98c0-438854f6485a at term 1 for becomeLeader, leader elected after 5060ms
2019-07-14 16:32:22,896 INFO  server.RaftServerConfigKeys (ConfUtils.java:logGet(43)) - raft.server.staging.catchup.gap = 1000 (default)
2019-07-14 16:32:22,896 INFO  server.RaftServerConfigKeys (ConfUtils.java:logGet(43)) - raft.server.rpc.sleep.time = 25ms (default)
2019-07-14 16:32:22,896 INFO  server.RaftServerConfigKeys (ConfUtils.java:logGet(43)) - raft.server.write.element-limit = 4096 (default)
2019-07-14 16:32:22,896 INFO  server.RaftServerConfigKeys (ConfUtils.java:logGet(43)) - raft.server.watch.timeout = 10s (default)
2019-07-14 16:32:22,896 INFO  server.RaftServerConfigKeys (ConfUtils.java:logGet(43)) - raft.server.watch.timeout.denomination = 1s (default)
2019-07-14 16:32:22,896 INFO  server.RaftServerConfigKeys (ConfUtils.java:logGet(43)) - raft.server.watch.element-limit = 65536 (default)
2019-07-14 16:32:22,897 INFO  impl.RoleInfo (RoleInfo.java:updateAndGet(143)) - 7beec795-f12b-479c-98c0-438854f6485a: start LeaderState
2019-07-14 16:32:22,897 INFO  segmented.SegmentedRaftLogWorker (SegmentedRaftLogWorker.java:startLogSegment(380)) - 7beec795-f12b-479c-98c0-438854f6485a-SegmentedRaftLogWorker:Storage Directory /workdir/hadoop-ozone/integration-test/target/test-dir/MiniOzoneClusterImpl-3ed042b0-70b2-4550-817a-04c536ab9f20/datanode-2/data/ratis/ec7ab07e-4231-4d03-8d24-68461943934e: Starting segment from index:0
2019-07-14 16:32:22,898 INFO  impl.RaftServerImpl (ServerState.java:setRaftConf(361)) - 7beec795-f12b-479c-98c0-438854f6485a:group-68461943934E set configuration 0: [7beec795-f12b-479c-98c0-438854f6485a:192.168.69.77:35087], old=null at 0
2019-07-14 16:32:22,928 INFO  impl.FollowerState (FollowerState.java:run(106)) - 30e8bf10-19a9-4b0f-990f-a4b2fd9df601:group-398BC575E08A changes to CANDIDATE, lastRpcTime:5022, electionTimeout:5022ms
2019-07-14 16:32:22,928 INFO  impl.RoleInfo (RoleInfo.java:shutdownFollowerState(121)) - 30e8bf10-19a9-4b0f-990f-a4b2fd9df601: shutdown FollowerState
2019-07-14 16:32:22,928 INFO  impl.RaftServerImpl (RaftServerImpl.java:setRole(171)) - 30e8bf10-19a9-4b0f-990f-a4b2fd9df601:group-398BC575E08A changes role from FOLLOWER to CANDIDATE at term 0 for changeToCandidate
2019-07-14 16:32:22,928 INFO  impl.RoleInfo (RoleInfo.java:updateAndGet(143)) - 30e8bf10-19a9-4b0f-990f-a4b2fd9df601: start LeaderElection
2019-07-14 16:32:22,928 INFO  impl.FollowerState (FollowerState.java:run(106)) - 7beec795-f12b-479c-98c0-438854f6485a:group-398BC575E08A changes to CANDIDATE, lastRpcTime:5000, electionTimeout:5000ms
2019-07-14 16:32:22,929 INFO  impl.RoleInfo (RoleInfo.java:shutdownFollowerState(121)) - 7beec795-f12b-479c-98c0-438854f6485a: shutdown FollowerState
2019-07-14 16:32:22,929 INFO  impl.RaftServerImpl (RaftServerImpl.java:setRole(171)) - 7beec795-f12b-479c-98c0-438854f6485a:group-398BC575E08A changes role from FOLLOWER to CANDIDATE at term 0 for changeToCandidate
2019-07-14 16:32:22,933 INFO  segmented.SegmentedRaftLogWorker (SegmentedRaftLogWorker.java:execute(569)) - 7beec795-f12b-479c-98c0-438854f6485a-SegmentedRaftLogWorker:Storage Directory /workdir/hadoop-ozone/integration-test/target/test-dir/MiniOzoneClusterImpl-3ed042b0-70b2-4550-817a-04c536ab9f20/datanode-2/data/ratis/ec7ab07e-4231-4d03-8d24-68461943934e: created new log segment /workdir/hadoop-ozone/integration-test/target/test-dir/MiniOzoneClusterImpl-3ed042b0-70b2-4550-817a-04c536ab9f20/datanode-2/data/ratis/ec7ab07e-4231-4d03-8d24-68461943934e/current/log_inprogress_0
2019-07-14 16:32:22,933 INFO  impl.RoleInfo (RoleInfo.java:updateAndGet(143)) - 7beec795-f12b-479c-98c0-438854f6485a: start LeaderElection
2019-07-14 16:32:22,947 INFO  impl.LeaderElection (LeaderElection.java:askForVotes(181)) - 7beec795-f12b-479c-98c0-438854f6485a:group-398BC575E08A:LeaderElection69: begin an election at term 1 for -1: [7beec795-f12b-479c-98c0-438854f6485a:192.168.69.77:35087, d1d44ffb-e260-4835-95e7-34213d346cf5:192.168.69.77:40193, 30e8bf10-19a9-4b0f-990f-a4b2fd9df601:192.168.69.77:32809], old=null
2019-07-14 16:32:22,947 INFO  impl.LeaderElection (LeaderElection.java:askForVotes(181)) - 30e8bf10-19a9-4b0f-990f-a4b2fd9df601:group-398BC575E08A:LeaderElection68: begin an election at term 1 for -1: [7beec795-f12b-479c-98c0-438854f6485a:192.168.69.77:35087, d1d44ffb-e260-4835-95e7-34213d346cf5:192.168.69.77:40193, 30e8bf10-19a9-4b0f-990f-a4b2fd9df601:192.168.69.77:32809], old=null
2019-07-14 16:32:22,957 INFO  impl.RaftServerImpl (RaftServerImpl.java:setRole(171)) - d1d44ffb-e260-4835-95e7-34213d346cf5:group-398BC575E08A changes role from FOLLOWER to FOLLOWER at term 1 for recognizeCandidate:7beec795-f12b-479c-98c0-438854f6485a
2019-07-14 16:32:22,957 INFO  impl.RoleInfo (RoleInfo.java:shutdownFollowerState(121)) - d1d44ffb-e260-4835-95e7-34213d346cf5: shutdown FollowerState
2019-07-14 16:32:22,957 INFO  impl.RoleInfo (RoleInfo.java:updateAndGet(143)) - d1d44ffb-e260-4835-95e7-34213d346cf5: start FollowerState
2019-07-14 16:32:22,957 INFO  impl.FollowerState (FollowerState.java:run(114)) - d1d44ffb-e260-4835-95e7-34213d346cf5: FollowerState was interrupted: java.lang.InterruptedException: sleep interrupted
2019-07-14 16:32:23,002 INFO  impl.LeaderElection (LeaderElection.java:logAndReturn(56)) - 30e8bf10-19a9-4b0f-990f-a4b2fd9df601:group-398BC575E08A:LeaderElection68: Election REJECTED; received 2 response(s) [30e8bf10-19a9-4b0f-990f-a4b2fd9df601<-7beec795-f12b-479c-98c0-438854f6485a#0:FAIL-t1, 30e8bf10-19a9-4b0f-990f-a4b2fd9df601<-d1d44ffb-e260-4835-95e7-34213d346cf5#0:FAIL-t1] and 0 exception(s); 30e8bf10-19a9-4b0f-990f-a4b2fd9df601:t1, leader=null, voted=30e8bf10-19a9-4b0f-990f-a4b2fd9df601, raftlog=30e8bf10-19a9-4b0f-990f-a4b2fd9df601-SegmentedRaftLog:OPENED:c-1,f-1,i0, conf=-1: [7beec795-f12b-479c-98c0-438854f6485a:192.168.69.77:35087, d1d44ffb-e260-4835-95e7-34213d346cf5:192.168.69.77:40193, 30e8bf10-19a9-4b0f-990f-a4b2fd9df601:192.168.69.77:32809], old=null
2019-07-14 16:32:23,002 INFO  impl.LeaderElection (LeaderElection.java:logAndReturn(56)) - 7beec795-f12b-479c-98c0-438854f6485a:group-398BC575E08A:LeaderElection69: Election PASSED; received 2 response(s) [7beec795-f12b-479c-98c0-438854f6485a<-d1d44ffb-e260-4835-95e7-34213d346cf5#0:OK-t1, 7beec795-f12b-479c-98c0-438854f6485a<-30e8bf10-19a9-4b0f-990f-a4b2fd9df601#0:FAIL-t1] and 0 exception(s); 7beec795-f12b-479c-98c0-438854f6485a:t1, leader=null, voted=7beec795-f12b-479c-98c0-438854f6485a, raftlog=7beec795-f12b-479c-98c0-438854f6485a-SegmentedRaftLog:OPENED:c-1,f-1,i0, conf=-1: [7beec795-f12b-479c-98c0-438854f6485a:192.168.69.77:35087, d1d44ffb-e260-4835-95e7-34213d346cf5:192.168.69.77:40193, 30e8bf10-19a9-4b0f-990f-a4b2fd9df601:192.168.69.77:32809], old=null
2019-07-14 16:32:23,003 INFO  impl.RaftServerImpl (RaftServerImpl.java:setRole(171)) - 30e8bf10-19a9-4b0f-990f-a4b2fd9df601:group-398BC575E08A changes role from CANDIDATE to FOLLOWER at term 1 for DISCOVERED_A_NEW_TERM
2019-07-14 16:32:23,003 INFO  impl.RoleInfo (RoleInfo.java:shutdownLeaderElection(134)) - 7beec795-f12b-479c-98c0-438854f6485a: shutdown LeaderElection
2019-07-14 16:32:23,003 INFO  impl.RoleInfo (RoleInfo.java:shutdownLeaderElection(134)) - 30e8bf10-19a9-4b0f-990f-a4b2fd9df601: shutdown LeaderElection
2019-07-14 16:32:23,004 INFO  impl.RaftServerImpl (RaftServerImpl.java:setRole(171)) - 7beec795-f12b-479c-98c0-438854f6485a:group-398BC575E08A changes role from CANDIDATE to LEADER at term 1 for changeToLeader
2019-07-14 16:32:23,004 INFO  impl.RoleInfo (RoleInfo.java:updateAndGet(143)) - 30e8bf10-19a9-4b0f-990f-a4b2fd9df601: start FollowerState
2019-07-14 16:32:23,004 INFO  impl.RaftServerImpl (ServerState.java:setLeader(263)) - 7beec795-f12b-479c-98c0-438854f6485a:group-398BC575E08A change Leader from null to 7beec795-f12b-479c-98c0-438854f6485a at term 1 for becomeLeader, leader elected after 5105ms
2019-07-14 16:32:23,005 INFO  server.RaftServerConfigKeys (ConfUtils.java:logGet(43)) - raft.server.staging.catchup.gap = 1000 (default)
2019-07-14 16:32:23,005 INFO  server.RaftServerConfigKeys (ConfUtils.java:logGet(43)) - raft.server.rpc.sleep.time = 25ms (default)
2019-07-14 16:32:23,005 INFO  server.RaftServerConfigKeys (ConfUtils.java:logGet(43)) - raft.server.write.element-limit = 4096 (default)
2019-07-14 16:32:23,006 INFO  server.RaftServerConfigKeys (ConfUtils.java:logGet(43)) - raft.server.watch.timeout = 10s (default)
2019-07-14 16:32:23,006 INFO  server.RaftServerConfigKeys (ConfUtils.java:logGet(43)) - raft.server.watch.timeout.denomination = 1s (default)
2019-07-14 16:32:23,006 INFO  server.RaftServerConfigKeys (ConfUtils.java:logGet(43)) - raft.server.watch.element-limit = 65536 (default)
2019-07-14 16:32:23,006 INFO  server.RaftServerConfigKeys (ConfUtils.java:logGet(43)) - raft.server.log.appender.snapshot.chunk.size.max = 16MB (=16777216) (default)
2019-07-14 16:32:23,007 INFO  server.RaftServerConfigKeys (ConfUtils.java:logGet(43)) - raft.server.log.appender.buffer.byte-limit = 33554432 (custom)
2019-07-14 16:32:23,007 INFO  server.RaftServerConfigKeys (ConfUtils.java:logGet(43)) - raft.server.log.appender.buffer.element-limit = 1 (custom)
2019-07-14 16:32:23,008 INFO  grpc.GrpcConfigKeys$Server (ConfUtils.java:logGet(43)) - raft.grpc.server.leader.outstanding.appends.max = 128 (default)
2019-07-14 16:32:23,008 INFO  server.RaftServerConfigKeys (ConfUtils.java:logGet(43)) - raft.server.rpc.request.timeout = 3000ms (default)
2019-07-14 16:32:23,009 INFO  server.RaftServerConfigKeys (ConfUtils.java:logGet(43)) - raft.server.log.appender.install.snapshot.enabled = false (custom)
2019-07-14 16:32:23,009 INFO  server.RaftServerConfigKeys (ConfUtils.java:logGet(43)) - raft.server.log.appender.snapshot.chunk.size.max = 16MB (=16777216) (default)
2019-07-14 16:32:23,009 INFO  server.RaftServerConfigKeys (ConfUtils.java:logGet(43)) - raft.server.log.appender.buffer.byte-limit = 33554432 (custom)
2019-07-14 16:32:23,010 INFO  server.RaftServerConfigKeys (ConfUtils.java:logGet(43)) - raft.server.log.appender.buffer.element-limit = 1 (custom)
2019-07-14 16:32:23,010 INFO  grpc.GrpcConfigKeys$Server (ConfUtils.java:logGet(43)) - raft.grpc.server.leader.outstanding.appends.max = 128 (default)
2019-07-14 16:32:23,010 INFO  server.RaftServerConfigKeys (ConfUtils.java:logGet(43)) - raft.server.rpc.request.timeout = 3000ms (default)
2019-07-14 16:32:23,011 INFO  server.RaftServerConfigKeys (ConfUtils.java:logGet(43)) - raft.server.log.appender.install.snapshot.enabled = false (custom)
2019-07-14 16:32:23,011 INFO  impl.RoleInfo (RoleInfo.java:updateAndGet(143)) - 7beec795-f12b-479c-98c0-438854f6485a: start LeaderState
2019-07-14 16:32:23,012 INFO  segmented.SegmentedRaftLogWorker (SegmentedRaftLogWorker.java:startLogSegment(380)) - 7beec795-f12b-479c-98c0-438854f6485a-SegmentedRaftLogWorker:Storage Directory /workdir/hadoop-ozone/integration-test/target/test-dir/MiniOzoneClusterImpl-3ed042b0-70b2-4550-817a-04c536ab9f20/datanode-2/data/ratis/d03f644d-4a0c-4851-ac27-398bc575e08a: Starting segment from index:0
2019-07-14 16:32:23,013 INFO  impl.RaftServerImpl (ServerState.java:setRaftConf(361)) - 7beec795-f12b-479c-98c0-438854f6485a:group-398BC575E08A set configuration 0: [7beec795-f12b-479c-98c0-438854f6485a:192.168.69.77:35087, d1d44ffb-e260-4835-95e7-34213d346cf5:192.168.69.77:40193, 30e8bf10-19a9-4b0f-990f-a4b2fd9df601:192.168.69.77:32809], old=null at 0
2019-07-14 16:32:23,035 INFO  impl.RaftServerImpl (ServerState.java:setLeader(263)) - d1d44ffb-e260-4835-95e7-34213d346cf5:group-398BC575E08A change Leader from null to 7beec795-f12b-479c-98c0-438854f6485a at term 1 for appendEntries, leader elected after 5136ms
2019-07-14 16:32:23,035 INFO  impl.RaftServerImpl (ServerState.java:setLeader(263)) - 30e8bf10-19a9-4b0f-990f-a4b2fd9df601:group-398BC575E08A change Leader from null to 7beec795-f12b-479c-98c0-438854f6485a at term 1 for appendEntries, leader elected after 5136ms
2019-07-14 16:32:23,038 INFO  impl.RaftServerImpl (ServerState.java:setRaftConf(361)) - 30e8bf10-19a9-4b0f-990f-a4b2fd9df601:group-398BC575E08A set configuration 0: [7beec795-f12b-479c-98c0-438854f6485a:192.168.69.77:35087, d1d44ffb-e260-4835-95e7-34213d346cf5:192.168.69.77:40193, 30e8bf10-19a9-4b0f-990f-a4b2fd9df601:192.168.69.77:32809], old=null at 0
2019-07-14 16:32:23,038 INFO  impl.RaftServerImpl (ServerState.java:setRaftConf(361)) - d1d44ffb-e260-4835-95e7-34213d346cf5:group-398BC575E08A set configuration 0: [7beec795-f12b-479c-98c0-438854f6485a:192.168.69.77:35087, d1d44ffb-e260-4835-95e7-34213d346cf5:192.168.69.77:40193, 30e8bf10-19a9-4b0f-990f-a4b2fd9df601:192.168.69.77:32809], old=null at 0
2019-07-14 16:32:23,038 INFO  segmented.SegmentedRaftLogWorker (SegmentedRaftLogWorker.java:startLogSegment(380)) - 30e8bf10-19a9-4b0f-990f-a4b2fd9df601-SegmentedRaftLogWorker:Storage Directory /workdir/hadoop-ozone/integration-test/target/test-dir/MiniOzoneClusterImpl-3ed042b0-70b2-4550-817a-04c536ab9f20/datanode-1/data/ratis/d03f644d-4a0c-4851-ac27-398bc575e08a: Starting segment from index:0
2019-07-14 16:32:23,038 INFO  segmented.SegmentedRaftLogWorker (SegmentedRaftLogWorker.java:startLogSegment(380)) - d1d44ffb-e260-4835-95e7-34213d346cf5-SegmentedRaftLogWorker:Storage Directory /workdir/hadoop-ozone/integration-test/target/test-dir/MiniOzoneClusterImpl-3ed042b0-70b2-4550-817a-04c536ab9f20/datanode-0/data/ratis/d03f644d-4a0c-4851-ac27-398bc575e08a: Starting segment from index:0
2019-07-14 16:32:23,046 INFO  segmented.SegmentedRaftLogWorker (SegmentedRaftLogWorker.java:execute(569)) - 7beec795-f12b-479c-98c0-438854f6485a-SegmentedRaftLogWorker:Storage Directory /workdir/hadoop-ozone/integration-test/target/test-dir/MiniOzoneClusterImpl-3ed042b0-70b2-4550-817a-04c536ab9f20/datanode-2/data/ratis/d03f644d-4a0c-4851-ac27-398bc575e08a: created new log segment /workdir/hadoop-ozone/integration-test/target/test-dir/MiniOzoneClusterImpl-3ed042b0-70b2-4550-817a-04c536ab9f20/datanode-2/data/ratis/d03f644d-4a0c-4851-ac27-398bc575e08a/current/log_inprogress_0
2019-07-14 16:32:23,059 INFO  segmented.SegmentedRaftLogWorker (SegmentedRaftLogWorker.java:execute(569)) - d1d44ffb-e260-4835-95e7-34213d346cf5-SegmentedRaftLogWorker:Storage Directory /workdir/hadoop-ozone/integration-test/target/test-dir/MiniOzoneClusterImpl-3ed042b0-70b2-4550-817a-04c536ab9f20/datanode-0/data/ratis/d03f644d-4a0c-4851-ac27-398bc575e08a: created new log segment /workdir/hadoop-ozone/integration-test/target/test-dir/MiniOzoneClusterImpl-3ed042b0-70b2-4550-817a-04c536ab9f20/datanode-0/data/ratis/d03f644d-4a0c-4851-ac27-398bc575e08a/current/log_inprogress_0
2019-07-14 16:32:23,059 INFO  segmented.SegmentedRaftLogWorker (SegmentedRaftLogWorker.java:execute(569)) - 30e8bf10-19a9-4b0f-990f-a4b2fd9df601-SegmentedRaftLogWorker:Storage Directory /workdir/hadoop-ozone/integration-test/target/test-dir/MiniOzoneClusterImpl-3ed042b0-70b2-4550-817a-04c536ab9f20/datanode-1/data/ratis/d03f644d-4a0c-4851-ac27-398bc575e08a: created new log segment /workdir/hadoop-ozone/integration-test/target/test-dir/MiniOzoneClusterImpl-3ed042b0-70b2-4550-817a-04c536ab9f20/datanode-1/data/ratis/d03f644d-4a0c-4851-ac27-398bc575e08a/current/log_inprogress_0
2019-07-14 16:32:23,065 INFO  impl.FollowerState (FollowerState.java:run(106)) - 1431c511-6559-4dee-ba81-47b4a333bbfc:group-29AF7FBC6365 changes to CANDIDATE, lastRpcTime:5069, electionTimeout:5069ms
2019-07-14 16:32:23,065 INFO  impl.RoleInfo (RoleInfo.java:shutdownFollowerState(121)) - 1431c511-6559-4dee-ba81-47b4a333bbfc: shutdown FollowerState
2019-07-14 16:32:23,065 INFO  impl.RaftServerImpl (RaftServerImpl.java:setRole(171)) - 1431c511-6559-4dee-ba81-47b4a333bbfc:group-29AF7FBC6365 changes role from FOLLOWER to CANDIDATE at term 0 for changeToCandidate
2019-07-14 16:32:23,065 INFO  impl.RoleInfo (RoleInfo.java:updateAndGet(143)) - 1431c511-6559-4dee-ba81-47b4a333bbfc: start LeaderElection
2019-07-14 16:32:23,103 INFO  impl.LeaderElection (LeaderElection.java:askForVotes(181)) - 1431c511-6559-4dee-ba81-47b4a333bbfc:group-29AF7FBC6365:LeaderElection70: begin an election at term 1 for -1: [1431c511-6559-4dee-ba81-47b4a333bbfc:192.168.69.77:40727], old=null
2019-07-14 16:32:23,104 INFO  impl.RoleInfo (RoleInfo.java:shutdownLeaderElection(134)) - 1431c511-6559-4dee-ba81-47b4a333bbfc: shutdown LeaderElection
2019-07-14 16:32:23,104 INFO  impl.RaftServerImpl (RaftServerImpl.java:setRole(171)) - 1431c511-6559-4dee-ba81-47b4a333bbfc:group-29AF7FBC6365 changes role from CANDIDATE to LEADER at term 1 for changeToLeader
2019-07-14 16:32:23,104 INFO  impl.RaftServerImpl (ServerState.java:setLeader(263)) - 1431c511-6559-4dee-ba81-47b4a333bbfc:group-29AF7FBC6365 change Leader from null to 1431c511-6559-4dee-ba81-47b4a333bbfc at term 1 for becomeLeader, leader elected after 5111ms
2019-07-14 16:32:23,106 INFO  server.RaftServerConfigKeys (ConfUtils.java:logGet(43)) - raft.server.staging.catchup.gap = 1000 (default)
2019-07-14 16:32:23,107 INFO  server.RaftServerConfigKeys (ConfUtils.java:logGet(43)) - raft.server.rpc.sleep.time = 25ms (default)
2019-07-14 16:32:23,107 INFO  server.RaftServerConfigKeys (ConfUtils.java:logGet(43)) - raft.server.write.element-limit = 4096 (default)
2019-07-14 16:32:23,107 INFO  server.RaftServerConfigKeys (ConfUtils.java:logGet(43)) - raft.server.watch.timeout = 10s (default)
2019-07-14 16:32:23,107 INFO  server.RaftServerConfigKeys (ConfUtils.java:logGet(43)) - raft.server.watch.timeout.denomination = 1s (default)
2019-07-14 16:32:23,107 INFO  server.RaftServerConfigKeys (ConfUtils.java:logGet(43)) - raft.server.watch.element-limit = 65536 (default)
2019-07-14 16:32:23,108 INFO  impl.RoleInfo (RoleInfo.java:updateAndGet(143)) - 1431c511-6559-4dee-ba81-47b4a333bbfc: start LeaderState
2019-07-14 16:32:23,108 INFO  segmented.SegmentedRaftLogWorker (SegmentedRaftLogWorker.java:startLogSegment(380)) - 1431c511-6559-4dee-ba81-47b4a333bbfc-SegmentedRaftLogWorker:Storage Directory /workdir/hadoop-ozone/integration-test/target/test-dir/MiniOzoneClusterImpl-3ed042b0-70b2-4550-817a-04c536ab9f20/datanode-3/data/ratis/eb8224fe-73f2-4ed9-8ba6-29af7fbc6365: Starting segment from index:0
2019-07-14 16:32:23,108 INFO  impl.RaftServerImpl (ServerState.java:setRaftConf(361)) - 1431c511-6559-4dee-ba81-47b4a333bbfc:group-29AF7FBC6365 set configuration 0: [1431c511-6559-4dee-ba81-47b4a333bbfc:192.168.69.77:40727], old=null at 0
2019-07-14 16:32:23,142 INFO  segmented.SegmentedRaftLogWorker (SegmentedRaftLogWorker.java:execute(569)) - 1431c511-6559-4dee-ba81-47b4a333bbfc-SegmentedRaftLogWorker:Storage Directory /workdir/hadoop-ozone/integration-test/target/test-dir/MiniOzoneClusterImpl-3ed042b0-70b2-4550-817a-04c536ab9f20/datanode-3/data/ratis/eb8224fe-73f2-4ed9-8ba6-29af7fbc6365: created new log segment /workdir/hadoop-ozone/integration-test/target/test-dir/MiniOzoneClusterImpl-3ed042b0-70b2-4550-817a-04c536ab9f20/datanode-3/data/ratis/eb8224fe-73f2-4ed9-8ba6-29af7fbc6365/current/log_inprogress_0
2019-07-14 16:32:23,300 INFO  impl.FollowerState (FollowerState.java:run(106)) - 65c075ba-bacd-492c-a364-25117d11be4f:group-CB3996A4255A changes to CANDIDATE, lastRpcTime:5080, electionTimeout:5080ms
2019-07-14 16:32:23,300 INFO  impl.RoleInfo (RoleInfo.java:shutdownFollowerState(121)) - 65c075ba-bacd-492c-a364-25117d11be4f: shutdown FollowerState
2019-07-14 16:32:23,300 INFO  impl.RaftServerImpl (RaftServerImpl.java:setRole(171)) - 65c075ba-bacd-492c-a364-25117d11be4f:group-CB3996A4255A changes role from FOLLOWER to CANDIDATE at term 0 for changeToCandidate
2019-07-14 16:32:23,301 INFO  impl.RoleInfo (RoleInfo.java:updateAndGet(143)) - 65c075ba-bacd-492c-a364-25117d11be4f: start LeaderElection
2019-07-14 16:32:23,352 INFO  impl.LeaderElection (LeaderElection.java:askForVotes(181)) - 65c075ba-bacd-492c-a364-25117d11be4f:group-CB3996A4255A:LeaderElection71: begin an election at term 1 for -1: [65c075ba-bacd-492c-a364-25117d11be4f:192.168.69.77:45580], old=null
2019-07-14 16:32:23,352 INFO  impl.RoleInfo (RoleInfo.java:shutdownLeaderElection(134)) - 65c075ba-bacd-492c-a364-25117d11be4f: shutdown LeaderElection
2019-07-14 16:32:23,352 INFO  impl.RaftServerImpl (RaftServerImpl.java:setRole(171)) - 65c075ba-bacd-492c-a364-25117d11be4f:group-CB3996A4255A changes role from CANDIDATE to LEADER at term 1 for changeToLeader
2019-07-14 16:32:23,353 INFO  impl.RaftServerImpl (ServerState.java:setLeader(263)) - 65c075ba-bacd-492c-a364-25117d11be4f:group-CB3996A4255A change Leader from null to 65c075ba-bacd-492c-a364-25117d11be4f at term 1 for becomeLeader, leader elected after 5137ms
2019-07-14 16:32:23,355 INFO  server.RaftServerConfigKeys (ConfUtils.java:logGet(43)) - raft.server.staging.catchup.gap = 1000 (default)
2019-07-14 16:32:23,355 INFO  server.RaftServerConfigKeys (ConfUtils.java:logGet(43)) - raft.server.rpc.sleep.time = 25ms (default)
2019-07-14 16:32:23,355 INFO  server.RaftServerConfigKeys (ConfUtils.java:logGet(43)) - raft.server.write.element-limit = 4096 (default)
2019-07-14 16:32:23,356 INFO  server.RaftServerConfigKeys (ConfUtils.java:logGet(43)) - raft.server.watch.timeout = 10s (default)
2019-07-14 16:32:23,356 INFO  server.RaftServerConfigKeys (ConfUtils.java:logGet(43)) - raft.server.watch.timeout.denomination = 1s (default)
2019-07-14 16:32:23,356 INFO  server.RaftServerConfigKeys (ConfUtils.java:logGet(43)) - raft.server.watch.element-limit = 65536 (default)
2019-07-14 16:32:23,356 INFO  impl.RoleInfo (RoleInfo.java:updateAndGet(143)) - 65c075ba-bacd-492c-a364-25117d11be4f: start LeaderState
2019-07-14 16:32:23,357 INFO  segmented.SegmentedRaftLogWorker (SegmentedRaftLogWorker.java:startLogSegment(380)) - 65c075ba-bacd-492c-a364-25117d11be4f-SegmentedRaftLogWorker:Storage Directory /workdir/hadoop-ozone/integration-test/target/test-dir/MiniOzoneClusterImpl-3ed042b0-70b2-4550-817a-04c536ab9f20/datanode-4/data/ratis/d5d8f7bc-8c8e-46b0-afed-cb3996a4255a: Starting segment from index:0
2019-07-14 16:32:23,357 INFO  impl.RaftServerImpl (ServerState.java:setRaftConf(361)) - 65c075ba-bacd-492c-a364-25117d11be4f:group-CB3996A4255A set configuration 0: [65c075ba-bacd-492c-a364-25117d11be4f:192.168.69.77:45580], old=null at 0
2019-07-14 16:32:23,392 INFO  segmented.SegmentedRaftLogWorker (SegmentedRaftLogWorker.java:execute(569)) - 65c075ba-bacd-492c-a364-25117d11be4f-SegmentedRaftLogWorker:Storage Directory /workdir/hadoop-ozone/integration-test/target/test-dir/MiniOzoneClusterImpl-3ed042b0-70b2-4550-817a-04c536ab9f20/datanode-4/data/ratis/d5d8f7bc-8c8e-46b0-afed-cb3996a4255a: created new log segment /workdir/hadoop-ozone/integration-test/target/test-dir/MiniOzoneClusterImpl-3ed042b0-70b2-4550-817a-04c536ab9f20/datanode-4/data/ratis/d5d8f7bc-8c8e-46b0-afed-cb3996a4255a/current/log_inprogress_0
2019-07-14 16:32:23,404 INFO  impl.FollowerState (FollowerState.java:run(106)) - 3e1669b8-a6b2-4b30-88df-8c35b0353d38:group-4956975A1778 changes to CANDIDATE, lastRpcTime:5015, electionTimeout:5015ms
2019-07-14 16:32:23,404 INFO  impl.RoleInfo (RoleInfo.java:shutdownFollowerState(121)) - 3e1669b8-a6b2-4b30-88df-8c35b0353d38: shutdown FollowerState
2019-07-14 16:32:23,404 INFO  impl.RaftServerImpl (RaftServerImpl.java:setRole(171)) - 3e1669b8-a6b2-4b30-88df-8c35b0353d38:group-4956975A1778 changes role from FOLLOWER to CANDIDATE at term 0 for changeToCandidate
2019-07-14 16:32:23,404 INFO  impl.RoleInfo (RoleInfo.java:updateAndGet(143)) - 3e1669b8-a6b2-4b30-88df-8c35b0353d38: start LeaderElection
2019-07-14 16:32:23,425 INFO  impl.LeaderElection (LeaderElection.java:askForVotes(181)) - 3e1669b8-a6b2-4b30-88df-8c35b0353d38:group-4956975A1778:LeaderElection72: begin an election at term 1 for -1: [3e1669b8-a6b2-4b30-88df-8c35b0353d38:192.168.69.77:41552, 1431c511-6559-4dee-ba81-47b4a333bbfc:192.168.69.77:40727, 65c075ba-bacd-492c-a364-25117d11be4f:192.168.69.77:45580], old=null
2019-07-14 16:32:23,428 INFO  impl.FollowerState (FollowerState.java:run(106)) - 65c075ba-bacd-492c-a364-25117d11be4f:group-4956975A1778 changes to CANDIDATE, lastRpcTime:5039, electionTimeout:5039ms
2019-07-14 16:32:23,428 INFO  impl.RoleInfo (RoleInfo.java:shutdownFollowerState(121)) - 65c075ba-bacd-492c-a364-25117d11be4f: shutdown FollowerState
2019-07-14 16:32:23,429 INFO  impl.RaftServerImpl (RaftServerImpl.java:setRole(171)) - 65c075ba-bacd-492c-a364-25117d11be4f:group-4956975A1778 changes role from FOLLOWER to CANDIDATE at term 0 for changeToCandidate
2019-07-14 16:32:23,429 INFO  impl.RoleInfo (RoleInfo.java:updateAndGet(143)) - 65c075ba-bacd-492c-a364-25117d11be4f: start LeaderElection
2019-07-14 16:32:23,436 INFO  impl.RaftServerImpl (RaftServerImpl.java:setRole(171)) - 1431c511-6559-4dee-ba81-47b4a333bbfc:group-4956975A1778 changes role from FOLLOWER to FOLLOWER at term 1 for recognizeCandidate:3e1669b8-a6b2-4b30-88df-8c35b0353d38
2019-07-14 16:32:23,437 INFO  impl.RoleInfo (RoleInfo.java:shutdownFollowerState(121)) - 1431c511-6559-4dee-ba81-47b4a333bbfc: shutdown FollowerState
2019-07-14 16:32:23,439 INFO  impl.RoleInfo (RoleInfo.java:updateAndGet(143)) - 1431c511-6559-4dee-ba81-47b4a333bbfc: start FollowerState
2019-07-14 16:32:23,449 INFO  impl.LeaderElection (LeaderElection.java:askForVotes(181)) - 65c075ba-bacd-492c-a364-25117d11be4f:group-4956975A1778:LeaderElection73: begin an election at term 1 for -1: [3e1669b8-a6b2-4b30-88df-8c35b0353d38:192.168.69.77:41552, 1431c511-6559-4dee-ba81-47b4a333bbfc:192.168.69.77:40727, 65c075ba-bacd-492c-a364-25117d11be4f:192.168.69.77:45580], old=null
2019-07-14 16:32:23,452 INFO  impl.LeaderElection (LeaderElection.java:logAndReturn(56)) - 3e1669b8-a6b2-4b30-88df-8c35b0353d38:group-4956975A1778:LeaderElection72: Election PASSED; received 1 response(s) [3e1669b8-a6b2-4b30-88df-8c35b0353d38<-1431c511-6559-4dee-ba81-47b4a333bbfc#0:OK-t1] and 0 exception(s); 3e1669b8-a6b2-4b30-88df-8c35b0353d38:t1, leader=null, voted=3e1669b8-a6b2-4b30-88df-8c35b0353d38, raftlog=3e1669b8-a6b2-4b30-88df-8c35b0353d38-SegmentedRaftLog:OPENED:c-1,f-1,i0, conf=-1: [3e1669b8-a6b2-4b30-88df-8c35b0353d38:192.168.69.77:41552, 1431c511-6559-4dee-ba81-47b4a333bbfc:192.168.69.77:40727, 65c075ba-bacd-492c-a364-25117d11be4f:192.168.69.77:45580], old=null
2019-07-14 16:32:23,452 INFO  impl.RoleInfo (RoleInfo.java:shutdownLeaderElection(134)) - 3e1669b8-a6b2-4b30-88df-8c35b0353d38: shutdown LeaderElection
2019-07-14 16:32:23,452 INFO  impl.RaftServerImpl (RaftServerImpl.java:setRole(171)) - 3e1669b8-a6b2-4b30-88df-8c35b0353d38:group-4956975A1778 changes role from CANDIDATE to LEADER at term 1 for changeToLeader
2019-07-14 16:32:23,453 INFO  impl.RaftServerImpl (ServerState.java:setLeader(263)) - 3e1669b8-a6b2-4b30-88df-8c35b0353d38:group-4956975A1778 change Leader from null to 3e1669b8-a6b2-4b30-88df-8c35b0353d38 at term 1 for becomeLeader, leader elected after 5075ms
2019-07-14 16:32:23,455 INFO  server.RaftServerConfigKeys (ConfUtils.java:logGet(43)) - raft.server.staging.catchup.gap = 1000 (default)
2019-07-14 16:32:23,455 INFO  server.RaftServerConfigKeys (ConfUtils.java:logGet(43)) - raft.server.rpc.sleep.time = 25ms (default)
2019-07-14 16:32:23,455 INFO  server.RaftServerConfigKeys (ConfUtils.java:logGet(43)) - raft.server.write.element-limit = 4096 (default)
2019-07-14 16:32:23,456 INFO  server.RaftServerConfigKeys (ConfUtils.java:logGet(43)) - raft.server.watch.timeout = 10s (default)
2019-07-14 16:32:23,456 INFO  server.RaftServerConfigKeys (ConfUtils.java:logGet(43)) - raft.server.watch.timeout.denomination = 1s (default)
2019-07-14 16:32:23,456 INFO  server.RaftServerConfigKeys (ConfUtils.java:logGet(43)) - raft.server.watch.element-limit = 65536 (default)
2019-07-14 16:32:23,456 INFO  server.RaftServerConfigKeys (ConfUtils.java:logGet(43)) - raft.server.log.appender.snapshot.chunk.size.max = 16MB (=16777216) (default)
2019-07-14 16:32:23,456 INFO  server.RaftServerConfigKeys (ConfUtils.java:logGet(43)) - raft.server.log.appender.buffer.byte-limit = 33554432 (custom)
2019-07-14 16:32:23,457 INFO  server.RaftServerConfigKeys (ConfUtils.java:logGet(43)) - raft.server.log.appender.buffer.element-limit = 1 (custom)
2019-07-14 16:32:23,457 INFO  grpc.GrpcConfigKeys$Server (ConfUtils.java:logGet(43)) - raft.grpc.server.leader.outstanding.appends.max = 128 (default)
2019-07-14 16:32:23,457 INFO  server.RaftServerConfigKeys (ConfUtils.java:logGet(43)) - raft.server.rpc.request.timeout = 3000ms (default)
2019-07-14 16:32:23,458 INFO  server.RaftServerConfigKeys (ConfUtils.java:logGet(43)) - raft.server.log.appender.install.snapshot.enabled = false (custom)
2019-07-14 16:32:23,458 INFO  server.RaftServerConfigKeys (ConfUtils.java:logGet(43)) - raft.server.log.appender.snapshot.chunk.size.max = 16MB (=16777216) (default)
2019-07-14 16:32:23,458 INFO  server.RaftServerConfigKeys (ConfUtils.java:logGet(43)) - raft.server.log.appender.buffer.byte-limit = 33554432 (custom)
2019-07-14 16:32:23,458 INFO  server.RaftServerConfigKeys (ConfUtils.java:logGet(43)) - raft.server.log.appender.buffer.element-limit = 1 (custom)
2019-07-14 16:32:23,459 INFO  grpc.GrpcConfigKeys$Server (ConfUtils.java:logGet(43)) - raft.grpc.server.leader.outstanding.appends.max = 128 (default)
2019-07-14 16:32:23,459 INFO  server.RaftServerConfigKeys (ConfUtils.java:logGet(43)) - raft.server.rpc.request.timeout = 3000ms (default)
2019-07-14 16:32:23,459 INFO  server.RaftServerConfigKeys (ConfUtils.java:logGet(43)) - raft.server.log.appender.install.snapshot.enabled = false (custom)
2019-07-14 16:32:23,459 INFO  impl.RoleInfo (RoleInfo.java:updateAndGet(143)) - 3e1669b8-a6b2-4b30-88df-8c35b0353d38: start LeaderState
2019-07-14 16:32:23,459 INFO  segmented.SegmentedRaftLogWorker (SegmentedRaftLogWorker.java:startLogSegment(380)) - 3e1669b8-a6b2-4b30-88df-8c35b0353d38-SegmentedRaftLogWorker:Storage Directory /workdir/hadoop-ozone/integration-test/target/test-dir/MiniOzoneClusterImpl-3ed042b0-70b2-4550-817a-04c536ab9f20/datanode-5/data/ratis/a2265516-d724-43b4-8691-4956975a1778: Starting segment from index:0
2019-07-14 16:32:23,460 INFO  impl.RaftServerImpl (ServerState.java:setRaftConf(361)) - 3e1669b8-a6b2-4b30-88df-8c35b0353d38:group-4956975A1778 set configuration 0: [3e1669b8-a6b2-4b30-88df-8c35b0353d38:192.168.69.77:41552, 1431c511-6559-4dee-ba81-47b4a333bbfc:192.168.69.77:40727, 65c075ba-bacd-492c-a364-25117d11be4f:192.168.69.77:45580], old=null at 0
2019-07-14 16:32:23,461 INFO  impl.RaftServerImpl (RaftServerImpl.java:requestVote(754)) - 3e1669b8-a6b2-4b30-88df-8c35b0353d38-LEADER: Withhold vote from candidate 65c075ba-bacd-492c-a364-25117d11be4f with term 1. State: leader=3e1669b8-a6b2-4b30-88df-8c35b0353d38, term=1, lastRpcElapsed=null
2019-07-14 16:32:23,462 INFO  impl.RaftServerImpl (RaftServerImpl.java:setRole(171)) - 65c075ba-bacd-492c-a364-25117d11be4f:group-4956975A1778 changes role from CANDIDATE to FOLLOWER at term 1 for appendEntries
2019-07-14 16:32:23,462 INFO  impl.RaftServerImpl (ServerState.java:setLeader(263)) - 1431c511-6559-4dee-ba81-47b4a333bbfc:group-4956975A1778 change Leader from null to 3e1669b8-a6b2-4b30-88df-8c35b0353d38 at term 1 for appendEntries, leader elected after 5084ms
2019-07-14 16:32:23,462 INFO  impl.RoleInfo (RoleInfo.java:shutdownLeaderElection(134)) - 65c075ba-bacd-492c-a364-25117d11be4f: shutdown LeaderElection
2019-07-14 16:32:23,462 INFO  impl.LeaderElection (LeaderElection.java:logAndReturn(56)) - 65c075ba-bacd-492c-a364-25117d11be4f:group-4956975A1778:LeaderElection73: Election REJECTED; received 2 response(s) [65c075ba-bacd-492c-a364-25117d11be4f<-1431c511-6559-4dee-ba81-47b4a333bbfc#0:FAIL-t1, 65c075ba-bacd-492c-a364-25117d11be4f<-3e1669b8-a6b2-4b30-88df-8c35b0353d38#0:FAIL-t1] and 0 exception(s); 65c075ba-bacd-492c-a364-25117d11be4f:t1, leader=null, voted=65c075ba-bacd-492c-a364-25117d11be4f, raftlog=65c075ba-bacd-492c-a364-25117d11be4f-SegmentedRaftLog:OPENED:c-1,f-1,i0, conf=-1: [3e1669b8-a6b2-4b30-88df-8c35b0353d38:192.168.69.77:41552, 1431c511-6559-4dee-ba81-47b4a333bbfc:192.168.69.77:40727, 65c075ba-bacd-492c-a364-25117d11be4f:192.168.69.77:45580], old=null
2019-07-14 16:32:23,463 INFO  impl.RoleInfo (RoleInfo.java:updateAndGet(143)) - 65c075ba-bacd-492c-a364-25117d11be4f: start FollowerState
2019-07-14 16:32:23,465 INFO  impl.RaftServerImpl (ServerState.java:setLeader(263)) - 65c075ba-bacd-492c-a364-25117d11be4f:group-4956975A1778 change Leader from null to 3e1669b8-a6b2-4b30-88df-8c35b0353d38 at term 1 for appendEntries, leader elected after 5087ms
2019-07-14 16:32:23,466 INFO  impl.RaftServerImpl (ServerState.java:setRaftConf(361)) - 1431c511-6559-4dee-ba81-47b4a333bbfc:group-4956975A1778 set configuration 0: [3e1669b8-a6b2-4b30-88df-8c35b0353d38:192.168.69.77:41552, 1431c511-6559-4dee-ba81-47b4a333bbfc:192.168.69.77:40727, 65c075ba-bacd-492c-a364-25117d11be4f:192.168.69.77:45580], old=null at 0
2019-07-14 16:32:23,466 INFO  segmented.SegmentedRaftLogWorker (SegmentedRaftLogWorker.java:startLogSegment(380)) - 1431c511-6559-4dee-ba81-47b4a333bbfc-SegmentedRaftLogWorker:Storage Directory /workdir/hadoop-ozone/integration-test/target/test-dir/MiniOzoneClusterImpl-3ed042b0-70b2-4550-817a-04c536ab9f20/datanode-3/data/ratis/a2265516-d724-43b4-8691-4956975a1778: Starting segment from index:0
2019-07-14 16:32:23,468 INFO  impl.RaftServerImpl (ServerState.java:setRaftConf(361)) - 65c075ba-bacd-492c-a364-25117d11be4f:group-4956975A1778 set configuration 0: [3e1669b8-a6b2-4b30-88df-8c35b0353d38:192.168.69.77:41552, 1431c511-6559-4dee-ba81-47b4a333bbfc:192.168.69.77:40727, 65c075ba-bacd-492c-a364-25117d11be4f:192.168.69.77:45580], old=null at 0
2019-07-14 16:32:23,469 INFO  segmented.SegmentedRaftLogWorker (SegmentedRaftLogWorker.java:startLogSegment(380)) - 65c075ba-bacd-492c-a364-25117d11be4f-SegmentedRaftLogWorker:Storage Directory /workdir/hadoop-ozone/integration-test/target/test-dir/MiniOzoneClusterImpl-3ed042b0-70b2-4550-817a-04c536ab9f20/datanode-4/data/ratis/a2265516-d724-43b4-8691-4956975a1778: Starting segment from index:0
2019-07-14 16:32:23,512 INFO  segmented.SegmentedRaftLogWorker (SegmentedRaftLogWorker.java:execute(569)) - 3e1669b8-a6b2-4b30-88df-8c35b0353d38-SegmentedRaftLogWorker:Storage Directory /workdir/hadoop-ozone/integration-test/target/test-dir/MiniOzoneClusterImpl-3ed042b0-70b2-4550-817a-04c536ab9f20/datanode-5/data/ratis/a2265516-d724-43b4-8691-4956975a1778: created new log segment /workdir/hadoop-ozone/integration-test/target/test-dir/MiniOzoneClusterImpl-3ed042b0-70b2-4550-817a-04c536ab9f20/datanode-5/data/ratis/a2265516-d724-43b4-8691-4956975a1778/current/log_inprogress_0
2019-07-14 16:32:23,512 INFO  segmented.SegmentedRaftLogWorker (SegmentedRaftLogWorker.java:execute(569)) - 1431c511-6559-4dee-ba81-47b4a333bbfc-SegmentedRaftLogWorker:Storage Directory /workdir/hadoop-ozone/integration-test/target/test-dir/MiniOzoneClusterImpl-3ed042b0-70b2-4550-817a-04c536ab9f20/datanode-3/data/ratis/a2265516-d724-43b4-8691-4956975a1778: created new log segment /workdir/hadoop-ozone/integration-test/target/test-dir/MiniOzoneClusterImpl-3ed042b0-70b2-4550-817a-04c536ab9f20/datanode-3/data/ratis/a2265516-d724-43b4-8691-4956975a1778/current/log_inprogress_0
2019-07-14 16:32:23,512 INFO  segmented.SegmentedRaftLogWorker (SegmentedRaftLogWorker.java:execute(569)) - 65c075ba-bacd-492c-a364-25117d11be4f-SegmentedRaftLogWorker:Storage Directory /workdir/hadoop-ozone/integration-test/target/test-dir/MiniOzoneClusterImpl-3ed042b0-70b2-4550-817a-04c536ab9f20/datanode-4/data/ratis/a2265516-d724-43b4-8691-4956975a1778: created new log segment /workdir/hadoop-ozone/integration-test/target/test-dir/MiniOzoneClusterImpl-3ed042b0-70b2-4550-817a-04c536ab9f20/datanode-4/data/ratis/a2265516-d724-43b4-8691-4956975a1778/current/log_inprogress_0
2019-07-14 16:32:23,525 INFO  impl.FollowerState (FollowerState.java:run(106)) - 3e1669b8-a6b2-4b30-88df-8c35b0353d38:group-161BFD728D84 changes to CANDIDATE, lastRpcTime:5196, electionTimeout:5196ms
2019-07-14 16:32:23,525 INFO  impl.RoleInfo (RoleInfo.java:shutdownFollowerState(121)) - 3e1669b8-a6b2-4b30-88df-8c35b0353d38: shutdown FollowerState
2019-07-14 16:32:23,525 INFO  impl.RaftServerImpl (RaftServerImpl.java:setRole(171)) - 3e1669b8-a6b2-4b30-88df-8c35b0353d38:group-161BFD728D84 changes role from FOLLOWER to CANDIDATE at term 0 for changeToCandidate
2019-07-14 16:32:23,526 INFO  impl.RoleInfo (RoleInfo.java:updateAndGet(143)) - 3e1669b8-a6b2-4b30-88df-8c35b0353d38: start LeaderElection
2019-07-14 16:32:23,546 INFO  impl.LeaderElection (LeaderElection.java:askForVotes(181)) - 3e1669b8-a6b2-4b30-88df-8c35b0353d38:group-161BFD728D84:LeaderElection74: begin an election at term 1 for -1: [3e1669b8-a6b2-4b30-88df-8c35b0353d38:192.168.69.77:41552], old=null
2019-07-14 16:32:23,546 INFO  impl.RoleInfo (RoleInfo.java:shutdownLeaderElection(134)) - 3e1669b8-a6b2-4b30-88df-8c35b0353d38: shutdown LeaderElection
2019-07-14 16:32:23,546 INFO  impl.RaftServerImpl (RaftServerImpl.java:setRole(171)) - 3e1669b8-a6b2-4b30-88df-8c35b0353d38:group-161BFD728D84 changes role from CANDIDATE to LEADER at term 1 for changeToLeader
2019-07-14 16:32:23,546 INFO  impl.RaftServerImpl (ServerState.java:setLeader(263)) - 3e1669b8-a6b2-4b30-88df-8c35b0353d38:group-161BFD728D84 change Leader from null to 3e1669b8-a6b2-4b30-88df-8c35b0353d38 at term 1 for becomeLeader, leader elected after 5221ms
2019-07-14 16:32:23,546 INFO  server.RaftServerConfigKeys (ConfUtils.java:logGet(43)) - raft.server.staging.catchup.gap = 1000 (default)
2019-07-14 16:32:23,546 INFO  server.RaftServerConfigKeys (ConfUtils.java:logGet(43)) - raft.server.rpc.sleep.time = 25ms (default)
2019-07-14 16:32:23,546 INFO  server.RaftServerConfigKeys (ConfUtils.java:logGet(43)) - raft.server.write.element-limit = 4096 (default)
2019-07-14 16:32:23,547 INFO  server.RaftServerConfigKeys (ConfUtils.java:logGet(43)) - raft.server.watch.timeout = 10s (default)
2019-07-14 16:32:23,547 INFO  server.RaftServerConfigKeys (ConfUtils.java:logGet(43)) - raft.server.watch.timeout.denomination = 1s (default)
2019-07-14 16:32:23,547 INFO  server.RaftServerConfigKeys (ConfUtils.java:logGet(43)) - raft.server.watch.element-limit = 65536 (default)
2019-07-14 16:32:23,547 INFO  impl.RoleInfo (RoleInfo.java:updateAndGet(143)) - 3e1669b8-a6b2-4b30-88df-8c35b0353d38: start LeaderState
2019-07-14 16:32:23,547 INFO  segmented.SegmentedRaftLogWorker (SegmentedRaftLogWorker.java:startLogSegment(380)) - 3e1669b8-a6b2-4b30-88df-8c35b0353d38-SegmentedRaftLogWorker:Storage Directory /workdir/hadoop-ozone/integration-test/target/test-dir/MiniOzoneClusterImpl-3ed042b0-70b2-4550-817a-04c536ab9f20/datanode-5/data/ratis/e425cd57-e139-4442-908c-161bfd728d84: Starting segment from index:0
2019-07-14 16:32:23,548 INFO  impl.RaftServerImpl (ServerState.java:setRaftConf(361)) - 3e1669b8-a6b2-4b30-88df-8c35b0353d38:group-161BFD728D84 set configuration 0: [3e1669b8-a6b2-4b30-88df-8c35b0353d38:192.168.69.77:41552], old=null at 0
2019-07-14 16:32:23,581 INFO  segmented.SegmentedRaftLogWorker (SegmentedRaftLogWorker.java:execute(569)) - 3e1669b8-a6b2-4b30-88df-8c35b0353d38-SegmentedRaftLogWorker:Storage Directory /workdir/hadoop-ozone/integration-test/target/test-dir/MiniOzoneClusterImpl-3ed042b0-70b2-4550-817a-04c536ab9f20/datanode-5/data/ratis/e425cd57-e139-4442-908c-161bfd728d84: created new log segment /workdir/hadoop-ozone/integration-test/target/test-dir/MiniOzoneClusterImpl-3ed042b0-70b2-4550-817a-04c536ab9f20/datanode-5/data/ratis/e425cd57-e139-4442-908c-161bfd728d84/current/log_inprogress_0
2019-07-14 16:32:23,660 INFO  impl.FollowerState (FollowerState.java:run(106)) - a6a6bf61-6fc9-4a4a-a23a-2580cacece8c:group-3B37D4D7C4A4 changes to CANDIDATE, lastRpcTime:5153, electionTimeout:5153ms
2019-07-14 16:32:23,660 INFO  impl.RoleInfo (RoleInfo.java:shutdownFollowerState(121)) - a6a6bf61-6fc9-4a4a-a23a-2580cacece8c: shutdown FollowerState
2019-07-14 16:32:23,660 INFO  impl.RaftServerImpl (RaftServerImpl.java:setRole(171)) - a6a6bf61-6fc9-4a4a-a23a-2580cacece8c:group-3B37D4D7C4A4 changes role from FOLLOWER to CANDIDATE at term 0 for changeToCandidate
2019-07-14 16:32:23,660 INFO  impl.RoleInfo (RoleInfo.java:updateAndGet(143)) - a6a6bf61-6fc9-4a4a-a23a-2580cacece8c: start LeaderElection
2019-07-14 16:32:23,680 INFO  impl.LeaderElection (LeaderElection.java:askForVotes(181)) - a6a6bf61-6fc9-4a4a-a23a-2580cacece8c:group-3B37D4D7C4A4:LeaderElection75: begin an election at term 1 for -1: [a6a6bf61-6fc9-4a4a-a23a-2580cacece8c:192.168.69.77:40573], old=null
2019-07-14 16:32:23,680 INFO  impl.RoleInfo (RoleInfo.java:shutdownLeaderElection(134)) - a6a6bf61-6fc9-4a4a-a23a-2580cacece8c: shutdown LeaderElection
2019-07-14 16:32:23,680 INFO  impl.RaftServerImpl (RaftServerImpl.java:setRole(171)) - a6a6bf61-6fc9-4a4a-a23a-2580cacece8c:group-3B37D4D7C4A4 changes role from CANDIDATE to LEADER at term 1 for changeToLeader
2019-07-14 16:32:23,680 INFO  impl.RaftServerImpl (ServerState.java:setLeader(263)) - a6a6bf61-6fc9-4a4a-a23a-2580cacece8c:group-3B37D4D7C4A4 change Leader from null to a6a6bf61-6fc9-4a4a-a23a-2580cacece8c at term 1 for becomeLeader, leader elected after 5177ms
2019-07-14 16:32:23,682 INFO  server.RaftServerConfigKeys (ConfUtils.java:logGet(43)) - raft.server.staging.catchup.gap = 1000 (default)
2019-07-14 16:32:23,683 INFO  server.RaftServerConfigKeys (ConfUtils.java:logGet(43)) - raft.server.rpc.sleep.time = 25ms (default)
2019-07-14 16:32:23,683 INFO  server.RaftServerConfigKeys (ConfUtils.java:logGet(43)) - raft.server.write.element-limit = 4096 (default)
2019-07-14 16:32:23,683 INFO  server.RaftServerConfigKeys (ConfUtils.java:logGet(43)) - raft.server.watch.timeout = 10s (default)
2019-07-14 16:32:23,683 INFO  server.RaftServerConfigKeys (ConfUtils.java:logGet(43)) - raft.server.watch.timeout.denomination = 1s (default)
2019-07-14 16:32:23,683 INFO  server.RaftServerConfigKeys (ConfUtils.java:logGet(43)) - raft.server.watch.element-limit = 65536 (default)
2019-07-14 16:32:23,683 INFO  impl.RoleInfo (RoleInfo.java:updateAndGet(143)) - a6a6bf61-6fc9-4a4a-a23a-2580cacece8c: start LeaderState
2019-07-14 16:32:23,684 INFO  segmented.SegmentedRaftLogWorker (SegmentedRaftLogWorker.java:startLogSegment(380)) - a6a6bf61-6fc9-4a4a-a23a-2580cacece8c-SegmentedRaftLogWorker:Storage Directory /workdir/hadoop-ozone/integration-test/target/test-dir/MiniOzoneClusterImpl-3ed042b0-70b2-4550-817a-04c536ab9f20/datanode-6/data/ratis/c3a16ccf-7e17-4141-b7af-3b37d4d7c4a4: Starting segment from index:0
2019-07-14 16:32:23,684 INFO  impl.RaftServerImpl (ServerState.java:setRaftConf(361)) - a6a6bf61-6fc9-4a4a-a23a-2580cacece8c:group-3B37D4D7C4A4 set configuration 0: [a6a6bf61-6fc9-4a4a-a23a-2580cacece8c:192.168.69.77:40573], old=null at 0
2019-07-14 16:32:23,720 INFO  segmented.SegmentedRaftLogWorker (SegmentedRaftLogWorker.java:execute(569)) - a6a6bf61-6fc9-4a4a-a23a-2580cacece8c-SegmentedRaftLogWorker:Storage Directory /workdir/hadoop-ozone/integration-test/target/test-dir/MiniOzoneClusterImpl-3ed042b0-70b2-4550-817a-04c536ab9f20/datanode-6/data/ratis/c3a16ccf-7e17-4141-b7af-3b37d4d7c4a4: created new log segment /workdir/hadoop-ozone/integration-test/target/test-dir/MiniOzoneClusterImpl-3ed042b0-70b2-4550-817a-04c536ab9f20/datanode-6/data/ratis/c3a16ccf-7e17-4141-b7af-3b37d4d7c4a4/current/log_inprogress_0
2019-07-14 16:32:23,726 INFO  client.GrpcClientProtocolClient (GrpcClientProtocolClient.java:onNext(255)) - client-A7ECBF4201E9->3e1669b8-a6b2-4b30-88df-8c35b0353d38: receive RaftClientReply:client-A7ECBF4201E9->3e1669b8-a6b2-4b30-88df-8c35b0353d38@group-4956975A1778, cid=183, SUCCESS, logIndex=1, commits[3e1669b8-a6b2-4b30-88df-8c35b0353d38:c1, 1431c511-6559-4dee-ba81-47b4a333bbfc:c0, 65c075ba-bacd-492c-a364-25117d11be4f:c0]
2019-07-14 16:32:23,751 INFO  client.GrpcClientProtocolClient (GrpcClientProtocolClient.java:onNext(255)) - client-A7ECBF4201E9->3e1669b8-a6b2-4b30-88df-8c35b0353d38: receive RaftClientReply:client-A7ECBF4201E9->3e1669b8-a6b2-4b30-88df-8c35b0353d38@group-4956975A1778, cid=184, SUCCESS, logIndex=3, commits[3e1669b8-a6b2-4b30-88df-8c35b0353d38:c4, 1431c511-6559-4dee-ba81-47b4a333bbfc:c2, 65c075ba-bacd-492c-a364-25117d11be4f:c2]
2019-07-14 16:32:23,807 INFO  client.GrpcClientProtocolClient (GrpcClientProtocolClient.java:onNext(255)) - client-A7ECBF4201E9->3e1669b8-a6b2-4b30-88df-8c35b0353d38: receive RaftClientReply:client-A7ECBF4201E9->3e1669b8-a6b2-4b30-88df-8c35b0353d38@group-4956975A1778, cid=185, SUCCESS, logIndex=4, commits[3e1669b8-a6b2-4b30-88df-8c35b0353d38:c12, 1431c511-6559-4dee-ba81-47b4a333bbfc:c7, 65c075ba-bacd-492c-a364-25117d11be4f:c7]
2019-07-14 16:32:23,808 INFO  client.GrpcClientProtocolClient (GrpcClientProtocolClient.java:onNext(255)) - client-A7ECBF4201E9->3e1669b8-a6b2-4b30-88df-8c35b0353d38: receive RaftClientReply:client-A7ECBF4201E9->3e1669b8-a6b2-4b30-88df-8c35b0353d38@group-4956975A1778, cid=186, SUCCESS, logIndex=5, commits[3e1669b8-a6b2-4b30-88df-8c35b0353d38:c12, 1431c511-6559-4dee-ba81-47b4a333bbfc:c7, 65c075ba-bacd-492c-a364-25117d11be4f:c7]
2019-07-14 16:32:23,808 INFO  client.GrpcClientProtocolClient (GrpcClientProtocolClient.java:onNext(255)) - client-A7ECBF4201E9->3e1669b8-a6b2-4b30-88df-8c35b0353d38: receive RaftClientReply:client-A7ECBF4201E9->3e1669b8-a6b2-4b30-88df-8c35b0353d38@group-4956975A1778, cid=187, SUCCESS, logIndex=6, commits[3e1669b8-a6b2-4b30-88df-8c35b0353d38:c12, 1431c511-6559-4dee-ba81-47b4a333bbfc:c7, 65c075ba-bacd-492c-a364-25117d11be4f:c7]
2019-07-14 16:32:23,906 INFO  client.GrpcClientProtocolClient (GrpcClientProtocolClient.java:onNext(255)) - client-A7ECBF4201E9->3e1669b8-a6b2-4b30-88df-8c35b0353d38: receive RaftClientReply:client-A7ECBF4201E9->3e1669b8-a6b2-4b30-88df-8c35b0353d38@group-4956975A1778, cid=188, SUCCESS, logIndex=7, commits[3e1669b8-a6b2-4b30-88df-8c35b0353d38:c12, 1431c511-6559-4dee-ba81-47b4a333bbfc:c7, 65c075ba-bacd-492c-a364-25117d11be4f:c7]
2019-07-14 16:32:23,926 INFO  client.GrpcClientProtocolClient (GrpcClientProtocolClient.java:onNext(255)) - client-A7ECBF4201E9->3e1669b8-a6b2-4b30-88df-8c35b0353d38: receive RaftClientReply:client-A7ECBF4201E9->3e1669b8-a6b2-4b30-88df-8c35b0353d38@group-4956975A1778, cid=189, SUCCESS, logIndex=13, commits[3e1669b8-a6b2-4b30-88df-8c35b0353d38:c14, 1431c511-6559-4dee-ba81-47b4a333bbfc:c12, 65c075ba-bacd-492c-a364-25117d11be4f:c12]
2019-07-14 16:32:23,927 INFO  client.GrpcClientProtocolClient (GrpcClientProtocolClient.java:onNext(255)) - client-A7ECBF4201E9->3e1669b8-a6b2-4b30-88df-8c35b0353d38: receive RaftClientReply:client-A7ECBF4201E9->3e1669b8-a6b2-4b30-88df-8c35b0353d38@group-4956975A1778, cid=190, SUCCESS, logIndex=14, commits[3e1669b8-a6b2-4b30-88df-8c35b0353d38:c14, 1431c511-6559-4dee-ba81-47b4a333bbfc:c12, 65c075ba-bacd-492c-a364-25117d11be4f:c12]
2019-07-14 16:32:23,945 INFO  client.GrpcClientProtocolClient (GrpcClientProtocolClient.java:onNext(255)) - client-A7ECBF4201E9->3e1669b8-a6b2-4b30-88df-8c35b0353d38: receive RaftClientReply:client-A7ECBF4201E9->3e1669b8-a6b2-4b30-88df-8c35b0353d38@group-4956975A1778, cid=191, SUCCESS, logIndex=0, commits[3e1669b8-a6b2-4b30-88df-8c35b0353d38:c15, 1431c511-6559-4dee-ba81-47b4a333bbfc:c14, 65c075ba-bacd-492c-a364-25117d11be4f:c14]
2019-07-14 16:32:23,945 INFO  datanode.ObjectStoreHandler (ObjectStoreHandler.java:close(155)) - Closing ObjectStoreHandler.
2019-07-14 16:32:23,946 INFO  ozone.HddsDatanodeService (HddsDatanodeService.java:stop(452)) - Stopped plug-in org.apache.hadoop.ozone.web.OzoneHddsDatanodeService@1dbe592f
2019-07-14 16:32:24,710 INFO  statemachine.DatanodeStateMachine (DatanodeStateMachine.java:lambda$startDaemon$0(350)) - Ozone container server started.
2019-07-14 16:32:28,775 INFO  node.StaleNodeHandler (StaleNodeHandler.java:onMessage(58)) - Datanode 65c075ba-bacd-492c-a364-25117d11be4f{ip: 192.168.69.77, host: pr-hdds-1710-5x6jb-1204890111, networkLocation: /default-rack, certSerialId: null} moved to stale state. Finalizing its pipelines [PipelineID=d5d8f7bc-8c8e-46b0-afed-cb3996a4255a, PipelineID=a2265516-d724-43b4-8691-4956975a1778]
2019-07-14 16:32:28,776 INFO  pipeline.SCMPipelineManager (SCMPipelineManager.java:finalizeAndDestroyPipeline(309)) - destroying pipeline:Pipeline[ Id: d5d8f7bc-8c8e-46b0-afed-cb3996a4255a, Nodes: 65c075ba-bacd-492c-a364-25117d11be4f{ip: 192.168.69.77, host: pr-hdds-1710-5x6jb-1204890111, networkLocation: /default-rack, certSerialId: null}, Type:RATIS, Factor:ONE, State:OPEN]
2019-07-14 16:32:28,776 INFO  pipeline.PipelineStateManager (PipelineStateManager.java:finalizePipeline(123)) - Pipeline Pipeline[ Id: d5d8f7bc-8c8e-46b0-afed-cb3996a4255a, Nodes: 65c075ba-bacd-492c-a364-25117d11be4f{ip: 192.168.69.77, host: pr-hdds-1710-5x6jb-1204890111, networkLocation: /default-rack, certSerialId: null}, Type:RATIS, Factor:ONE, State:CLOSED] moved to CLOSED state
2019-07-14 16:32:28,776 INFO  pipeline.SCMPipelineManager (SCMPipelineManager.java:finalizeAndDestroyPipeline(309)) - destroying pipeline:Pipeline[ Id: a2265516-d724-43b4-8691-4956975a1778, Nodes: 65c075ba-bacd-492c-a364-25117d11be4f{ip: 192.168.69.77, host: pr-hdds-1710-5x6jb-1204890111, networkLocation: /default-rack, certSerialId: null}3e1669b8-a6b2-4b30-88df-8c35b0353d38{ip: 192.168.69.77, host: pr-hdds-1710-5x6jb-1204890111, networkLocation: /default-rack, certSerialId: null}1431c511-6559-4dee-ba81-47b4a333bbfc{ip: 192.168.69.77, host: pr-hdds-1710-5x6jb-1204890111, networkLocation: /default-rack, certSerialId: null}, Type:RATIS, Factor:THREE, State:OPEN]
2019-07-14 16:32:28,776 INFO  pipeline.PipelineStateManager (PipelineStateManager.java:finalizePipeline(123)) - Pipeline Pipeline[ Id: a2265516-d724-43b4-8691-4956975a1778, Nodes: 65c075ba-bacd-492c-a364-25117d11be4f{ip: 192.168.69.77, host: pr-hdds-1710-5x6jb-1204890111, networkLocation: /default-rack, certSerialId: null}3e1669b8-a6b2-4b30-88df-8c35b0353d38{ip: 192.168.69.77, host: pr-hdds-1710-5x6jb-1204890111, networkLocation: /default-rack, certSerialId: null}1431c511-6559-4dee-ba81-47b4a333bbfc{ip: 192.168.69.77, host: pr-hdds-1710-5x6jb-1204890111, networkLocation: /default-rack, certSerialId: null}, Type:RATIS, Factor:THREE, State:CLOSED] moved to CLOSED state
2019-07-14 16:32:28,777 INFO  container.CloseContainerEventHandler (CloseContainerEventHandler.java:onMessage(61)) - Close container Event triggered for container : #1
2019-07-14 16:32:28,950 INFO  ozoneimpl.OzoneContainer (OzoneContainer.java:stop(199)) - Attempting to stop container services.
2019-07-14 16:32:28,950 INFO  impl.RaftServerProxy (RaftServerProxy.java:lambda$close$4(314)) - 65c075ba-bacd-492c-a364-25117d11be4f: close
2019-07-14 16:32:28,951 INFO  impl.RaftServerImpl (RaftServerImpl.java:lambda$shutdown$3(245)) - 65c075ba-bacd-492c-a364-25117d11be4f: shutdown group-CB3996A4255A
2019-07-14 16:32:28,952 INFO  util.JmxRegister (JmxRegister.java:unregister(73)) - Successfully un-registered JMX Bean with object name Ratis:service=RaftServer,group=group-CB3996A4255A,id=65c075ba-bacd-492c-a364-25117d11be4f
2019-07-14 16:32:28,952 INFO  impl.RoleInfo (RoleInfo.java:shutdownLeaderState(104)) - 65c075ba-bacd-492c-a364-25117d11be4f: shutdown LeaderState
2019-07-14 16:32:28,952 INFO  impl.PendingRequests (PendingRequests.java:sendNotLeaderResponses(202)) - 65c075ba-bacd-492c-a364-25117d11be4f-PendingRequests: sendNotLeaderResponses
2019-07-14 16:32:28,953 INFO  impl.StateMachineUpdater (StateMachineUpdater.java:stopAndJoin(115)) - StateMachineUpdater:65c075ba-bacd-492c-a364-25117d11be4f:group-CB3996A4255A: set stopIndex = 0
2019-07-14 16:32:28,953 INFO  ratis.ContainerStateMachine (ContainerStateMachine.java:takeSnapshot(246)) - Taking snapshot at termIndex:(t:0, i:~)
2019-07-14 16:32:28,954 INFO  impl.RaftServerImpl (ServerState.java:close(394)) - 65c075ba-bacd-492c-a364-25117d11be4f:group-CB3996A4255A closes. The last applied log index is 0
2019-07-14 16:32:28,954 INFO  segmented.SegmentedRaftLogWorker (SegmentedRaftLogWorker.java:run(313)) - 65c075ba-bacd-492c-a364-25117d11be4f-SegmentedRaftLogWorker:Storage Directory /workdir/hadoop-ozone/integration-test/target/test-dir/MiniOzoneClusterImpl-3ed042b0-70b2-4550-817a-04c536ab9f20/datanode-4/data/ratis/d5d8f7bc-8c8e-46b0-afed-cb3996a4255a was interrupted, exiting. There are 0 tasks remaining in the queue.
2019-07-14 16:32:28,957 INFO  segmented.SegmentedRaftLogWorker (SegmentedRaftLogWorker.java:close(228)) - 65c075ba-bacd-492c-a364-25117d11be4f-SegmentedRaftLogWorker:Storage Directory /workdir/hadoop-ozone/integration-test/target/test-dir/MiniOzoneClusterImpl-3ed042b0-70b2-4550-817a-04c536ab9f20/datanode-4/data/ratis/d5d8f7bc-8c8e-46b0-afed-cb3996a4255a close()
2019-07-14 16:32:28,962 INFO  impl.RaftServerImpl (RaftServerImpl.java:lambda$shutdown$3(245)) - 65c075ba-bacd-492c-a364-25117d11be4f: shutdown group-4956975A1778
2019-07-14 16:32:28,962 INFO  util.JmxRegister (JmxRegister.java:unregister(73)) - Successfully un-registered JMX Bean with object name Ratis:service=RaftServer,group=group-4956975A1778,id=65c075ba-bacd-492c-a364-25117d11be4f
2019-07-14 16:32:28,963 INFO  impl.RoleInfo (RoleInfo.java:shutdownFollowerState(121)) - 65c075ba-bacd-492c-a364-25117d11be4f: shutdown FollowerState
2019-07-14 16:32:28,963 INFO  impl.StateMachineUpdater (StateMachineUpdater.java:stopAndJoin(115)) - StateMachineUpdater:65c075ba-bacd-492c-a364-25117d11be4f:group-4956975A1778: set stopIndex = 16
2019-07-14 16:32:28,963 INFO  impl.FollowerState (FollowerState.java:run(114)) - 65c075ba-bacd-492c-a364-25117d11be4f: FollowerState was interrupted: java.lang.InterruptedException: sleep interrupted
2019-07-14 16:32:28,963 INFO  ratis.ContainerStateMachine (ContainerStateMachine.java:takeSnapshot(246)) - Taking snapshot at termIndex:(t:1, i:14)
2019-07-14 16:32:28,966 INFO  ratis.ContainerStateMachine (ContainerStateMachine.java:takeSnapshot(250)) - Taking a snapshot to file /workdir/hadoop-ozone/integration-test/target/test-dir/MiniOzoneClusterImpl-3ed042b0-70b2-4550-817a-04c536ab9f20/datanode-4/data/ratis/a2265516-d724-43b4-8691-4956975a1778/sm/snapshot.1_14
2019-07-14 16:32:28,970 INFO  impl.StateMachineUpdater (StateMachineUpdater.java:takeSnapshot(242)) - StateMachineUpdater:65c075ba-bacd-492c-a364-25117d11be4f:group-4956975A1778: Took a snapshot at index 14
2019-07-14 16:32:28,970 INFO  impl.StateMachineUpdater (StateMachineUpdater.java:lambda$new$0(80)) - StateMachineUpdater:65c075ba-bacd-492c-a364-25117d11be4f:group-4956975A1778: snapshotIndex: updateIncreasingly -1 -> 14
2019-07-14 16:32:28,971 INFO  impl.RaftServerImpl (ServerState.java:close(394)) - 65c075ba-bacd-492c-a364-25117d11be4f:group-4956975A1778 closes. The last applied log index is 16
2019-07-14 16:32:28,971 INFO  segmented.SegmentedRaftLogWorker (SegmentedRaftLogWorker.java:run(313)) - 65c075ba-bacd-492c-a364-25117d11be4f-SegmentedRaftLogWorker:Storage Directory /workdir/hadoop-ozone/integration-test/target/test-dir/MiniOzoneClusterImpl-3ed042b0-70b2-4550-817a-04c536ab9f20/datanode-4/data/ratis/a2265516-d724-43b4-8691-4956975a1778 was interrupted, exiting. There are 0 tasks remaining in the queue.
2019-07-14 16:32:28,974 INFO  segmented.SegmentedRaftLogWorker (SegmentedRaftLogWorker.java:close(228)) - 65c075ba-bacd-492c-a364-25117d11be4f-SegmentedRaftLogWorker:Storage Directory /workdir/hadoop-ozone/integration-test/target/test-dir/MiniOzoneClusterImpl-3ed042b0-70b2-4550-817a-04c536ab9f20/datanode-4/data/ratis/a2265516-d724-43b4-8691-4956975a1778 close()
2019-07-14 16:32:28,979 INFO  server.GrpcService (GrpcService.java:closeImpl(155)) - 65c075ba-bacd-492c-a364-25117d11be4f: shutdown server with port 45580 now
2019-07-14 16:32:28,980 WARN  server.GrpcServerProtocolService (LogUtils.java:warn(134)) - 65c075ba-bacd-492c-a364-25117d11be4f: appendEntries onError: org.apache.ratis.thirdparty.io.grpc.StatusRuntimeException: CANCELLED: cancelled before receiving half close
2019-07-14 16:32:28,980 INFO  server.GrpcService (GrpcService.java:closeImpl(163)) - 65c075ba-bacd-492c-a364-25117d11be4f: shutdown server with port 45580 successfully
2019-07-14 16:32:28,980 WARN  server.GrpcLogAppender (LogUtils.java:warn(134)) - 3e1669b8-a6b2-4b30-88df-8c35b0353d38->65c075ba-bacd-492c-a364-25117d11be4f: Failed appendEntries: org.apache.ratis.thirdparty.io.grpc.StatusRuntimeException: CANCELLED: HTTP/2 error code: CANCEL
Received Rst Stream
2019-07-14 16:32:28,981 INFO  impl.FollowerInfo (FollowerInfo.java:lambda$new$0(50)) - 3e1669b8-a6b2-4b30-88df-8c35b0353d38->65c075ba-bacd-492c-a364-25117d11be4f: nextIndex: updateUnconditionally 17 -> 16
2019-07-14 16:32:28,982 INFO  utils.BackgroundService (BackgroundService.java:shutdown(148)) - Shutting down service BlockDeletingService
2019-07-14 16:32:28,983 WARN  fs.CachingGetSpaceUsed (CachingGetSpaceUsed.java:run(183)) - Thread Interrupted waiting to refresh disk information: sleep interrupted
2019-07-14 16:32:29,008 INFO  statemachine.DatanodeStateMachine (DatanodeStateMachine.java:stopDaemon(395)) - Ozone container server stopped.
2019-07-14 16:32:29,009 INFO  handler.ContextHandler (ContextHandler.java:doStop(910)) - Stopped o.e.j.w.WebAppContext@42d4de20{/,null,UNAVAILABLE}{/hddsDatanode}
2019-07-14 16:32:29,010 INFO  server.AbstractConnector (AbstractConnector.java:doStop(318)) - Stopped ServerConnector@2cc9a5a2{HTTP/1.1,[http/1.1]}{0.0.0.0:0}
2019-07-14 16:32:29,011 INFO  handler.ContextHandler (ContextHandler.java:doStop(910)) - Stopped o.e.j.s.ServletContextHandler@28ab7ffb{/static,jar:file:/home/user/.m2/repository/org/apache/hadoop/hadoop-hdds-container-service/0.5.0-SNAPSHOT/hadoop-hdds-container-service-0.5.0-SNAPSHOT.jar!/webapps/static,UNAVAILABLE}
2019-07-14 16:32:29,011 INFO  handler.ContextHandler (ContextHandler.java:doStop(910)) - Stopped o.e.j.s.ServletContextHandler@3aa4d595{/logs,file:///workdir/hadoop-ozone/integration-test/target/log,UNAVAILABLE}
2019-07-14 16:32:29,017 WARN  server.GrpcLogAppender (LogUtils.java:warn(134)) - 3e1669b8-a6b2-4b30-88df-8c35b0353d38->65c075ba-bacd-492c-a364-25117d11be4f: Failed appendEntries: org.apache.ratis.thirdparty.io.grpc.StatusRuntimeException: UNAVAILABLE: io exception
2019-07-14 16:32:29,017 INFO  impl.FollowerInfo (FollowerInfo.java:lambda$new$0(50)) - 3e1669b8-a6b2-4b30-88df-8c35b0353d38->65c075ba-bacd-492c-a364-25117d11be4f: nextIndex: updateUnconditionally 17 -> 16
2019-07-14 16:32:29,022 WARN  server.GrpcLogAppender (LogUtils.java:warn(134)) - 3e1669b8-a6b2-4b30-88df-8c35b0353d38->65c075ba-bacd-492c-a364-25117d11be4f: Failed appendEntries: org.apache.ratis.thirdparty.io.grpc.StatusRuntimeException: UNAVAILABLE: io exception
2019-07-14 16:32:29,023 INFO  impl.FollowerInfo (FollowerInfo.java:lambda$new$0(50)) - 3e1669b8-a6b2-4b30-88df-8c35b0353d38->65c075ba-bacd-492c-a364-25117d11be4f: nextIndex: updateUnconditionally 17 -> 16
2019-07-14 16:32:29,054 WARN  server.GrpcLogAppender (LogUtils.java:warn(134)) - 3e1669b8-a6b2-4b30-88df-8c35b0353d38->65c075ba-bacd-492c-a364-25117d11be4f: Failed appendEntries: org.apache.ratis.thirdparty.io.grpc.StatusRuntimeException: UNAVAILABLE: io exception
2019-07-14 16:32:29,055 INFO  impl.FollowerInfo (FollowerInfo.java:lambda$new$0(50)) - 3e1669b8-a6b2-4b30-88df-8c35b0353d38->65c075ba-bacd-492c-a364-25117d11be4f: nextIndex: updateUnconditionally 17 -> 16
2019-07-14 16:32:29,055 INFO  client.GrpcClientProtocolClient (GrpcClientProtocolClient.java:onNext(255)) - client-A7ECBF4201E9->3e1669b8-a6b2-4b30-88df-8c35b0353d38: receive RaftClientReply:client-A7ECBF4201E9->3e1669b8-a6b2-4b30-88df-8c35b0353d38@group-4956975A1778, cid=192, SUCCESS, logIndex=17, commits[3e1669b8-a6b2-4b30-88df-8c35b0353d38:c22, 1431c511-6559-4dee-ba81-47b4a333bbfc:c16, 65c075ba-bacd-492c-a364-25117d11be4f:c16]
2019-07-14 16:32:29,056 INFO  client.GrpcClientProtocolClient (GrpcClientProtocolClient.java:onNext(255)) - client-A7ECBF4201E9->3e1669b8-a6b2-4b30-88df-8c35b0353d38: receive RaftClientReply:client-A7ECBF4201E9->3e1669b8-a6b2-4b30-88df-8c35b0353d38@group-4956975A1778, cid=193, SUCCESS, logIndex=18, commits[3e1669b8-a6b2-4b30-88df-8c35b0353d38:c22, 1431c511-6559-4dee-ba81-47b4a333bbfc:c16, 65c075ba-bacd-492c-a364-25117d11be4f:c16]
2019-07-14 16:32:29,057 WARN  server.GrpcLogAppender (LogUtils.java:warn(134)) - 3e1669b8-a6b2-4b30-88df-8c35b0353d38->65c075ba-bacd-492c-a364-25117d11be4f: Failed appendEntries: org.apache.ratis.thirdparty.io.grpc.StatusRuntimeException: UNAVAILABLE: io exception
2019-07-14 16:32:29,057 INFO  client.GrpcClientProtocolClient (GrpcClientProtocolClient.java:onNext(255)) - client-A7ECBF4201E9->3e1669b8-a6b2-4b30-88df-8c35b0353d38: receive RaftClientReply:client-A7ECBF4201E9->3e1669b8-a6b2-4b30-88df-8c35b0353d38@group-4956975A1778, cid=194, SUCCESS, logIndex=19, commits[3e1669b8-a6b2-4b30-88df-8c35b0353d38:c23, 1431c511-6559-4dee-ba81-47b4a333bbfc:c17, 65c075ba-bacd-492c-a364-25117d11be4f:c16]
2019-07-14 16:32:29,057 INFO  impl.FollowerInfo (FollowerInfo.java:lambda$new$0(50)) - 3e1669b8-a6b2-4b30-88df-8c35b0353d38->65c075ba-bacd-492c-a364-25117d11be4f: nextIndex: updateUnconditionally 17 -> 16
2019-07-14 16:32:29,058 INFO  client.GrpcClientProtocolClient (GrpcClientProtocolClient.java:onNext(255)) - client-A7ECBF4201E9->3e1669b8-a6b2-4b30-88df-8c35b0353d38: receive RaftClientReply:client-A7ECBF4201E9->3e1669b8-a6b2-4b30-88df-8c35b0353d38@group-4956975A1778, cid=195, SUCCESS, logIndex=20, commits[3e1669b8-a6b2-4b30-88df-8c35b0353d38:c23, 1431c511-6559-4dee-ba81-47b4a333bbfc:c17, 65c075ba-bacd-492c-a364-25117d11be4f:c16]
2019-07-14 16:32:29,058 INFO  client.GrpcClientProtocolClient (GrpcClientProtocolClient.java:onNext(255)) - client-A7ECBF4201E9->3e1669b8-a6b2-4b30-88df-8c35b0353d38: receive RaftClientReply:client-A7ECBF4201E9->3e1669b8-a6b2-4b30-88df-8c35b0353d38@group-4956975A1778, cid=196, SUCCESS, logIndex=21, commits[3e1669b8-a6b2-4b30-88df-8c35b0353d38:c23, 1431c511-6559-4dee-ba81-47b4a333bbfc:c17, 65c075ba-bacd-492c-a364-25117d11be4f:c16]
2019-07-14 16:32:29,058 INFO  client.GrpcClientProtocolClient (GrpcClientProtocolClient.java:onNext(255)) - client-A7ECBF4201E9->3e1669b8-a6b2-4b30-88df-8c35b0353d38: receive RaftClientReply:client-A7ECBF4201E9->3e1669b8-a6b2-4b30-88df-8c35b0353d38@group-4956975A1778, cid=197, SUCCESS, logIndex=22, commits[3e1669b8-a6b2-4b30-88df-8c35b0353d38:c23, 1431c511-6559-4dee-ba81-47b4a333bbfc:c17, 65c075ba-bacd-492c-a364-25117d11be4f:c16]
2019-07-14 16:32:29,068 WARN  server.GrpcLogAppender (LogUtils.java:warn(134)) - 3e1669b8-a6b2-4b30-88df-8c35b0353d38->65c075ba-bacd-492c-a364-25117d11be4f: Failed appendEntries: org.apache.ratis.thirdparty.io.grpc.StatusRuntimeException: UNAVAILABLE: io exception
2019-07-14 16:32:29,068 INFO  impl.FollowerInfo (FollowerInfo.java:lambda$new$0(50)) - 3e1669b8-a6b2-4b30-88df-8c35b0353d38->65c075ba-bacd-492c-a364-25117d11be4f: nextIndex: updateUnconditionally 17 -> 16
2019-07-14 16:32:30,060 WARN  scm.XceiverClientRatis (XceiverClientRatis.java:watchForCommit(262)) - 3 way commit failed on pipeline Pipeline[ Id: a2265516-d724-43b4-8691-4956975a1778, Nodes: 65c075ba-bacd-492c-a364-25117d11be4f{ip: 192.168.69.77, host: pr-hdds-1710-5x6jb-1204890111, networkLocation: /default-rack, certSerialId: null}3e1669b8-a6b2-4b30-88df-8c35b0353d38{ip: 192.168.69.77, host: pr-hdds-1710-5x6jb-1204890111, networkLocation: /default-rack, certSerialId: null}1431c511-6559-4dee-ba81-47b4a333bbfc{ip: 192.168.69.77, host: pr-hdds-1710-5x6jb-1204890111, networkLocation: /default-rack, certSerialId: null}, Type:RATIS, Factor:THREE, State:OPEN]
java.util.concurrent.TimeoutException
	at java.util.concurrent.CompletableFuture.timedGet(CompletableFuture.java:1771)
	at java.util.concurrent.CompletableFuture.get(CompletableFuture.java:1915)
	at org.apache.hadoop.hdds.scm.XceiverClientRatis.watchForCommit(XceiverClientRatis.java:259)
	at org.apache.hadoop.hdds.scm.storage.CommitWatcher.watchForCommit(CommitWatcher.java:194)
	at org.apache.hadoop.hdds.scm.storage.CommitWatcher.watchOnLastIndex(CommitWatcher.java:157)
	at org.apache.hadoop.hdds.scm.storage.BlockOutputStream.watchForCommit(BlockOutputStream.java:355)
	at org.apache.hadoop.hdds.scm.storage.BlockOutputStream.handleFlush(BlockOutputStream.java:487)
	at org.apache.hadoop.hdds.scm.storage.BlockOutputStream.close(BlockOutputStream.java:501)
	at org.apache.hadoop.ozone.client.io.BlockOutputStreamEntry.close(BlockOutputStreamEntry.java:143)
	at org.apache.hadoop.ozone.client.io.KeyOutputStream.handleFlushOrClose(KeyOutputStream.java:438)
	at org.apache.hadoop.ozone.client.io.KeyOutputStream.handleWrite(KeyOutputStream.java:235)
	at org.apache.hadoop.ozone.client.io.KeyOutputStream.write(KeyOutputStream.java:193)
	at org.apache.hadoop.ozone.client.io.OzoneOutputStream.write(OzoneOutputStream.java:49)
	at java.io.OutputStream.write(OutputStream.java:75)
	at org.apache.hadoop.ozone.client.rpc.TestBlockOutputStreamWithFailures.testWatchForCommitDatanodeFailure(TestBlockOutputStreamWithFailures.java:363)
	at sun.reflect.NativeMethodAccessorImpl.invoke0(Native Method)
	at sun.reflect.NativeMethodAccessorImpl.invoke(NativeMethodAccessorImpl.java:62)
	at sun.reflect.DelegatingMethodAccessorImpl.invoke(DelegatingMethodAccessorImpl.java:43)
	at java.lang.reflect.Method.invoke(Method.java:498)
	at org.junit.runners.model.FrameworkMethod$1.runReflectiveCall(FrameworkMethod.java:47)
	at org.junit.internal.runners.model.ReflectiveCallable.run(ReflectiveCallable.java:12)
	at org.junit.runners.model.FrameworkMethod.invokeExplosively(FrameworkMethod.java:44)
	at org.junit.internal.runners.statements.InvokeMethod.evaluate(InvokeMethod.java:17)
	at org.junit.internal.runners.statements.RunBefores.evaluate(RunBefores.java:26)
	at org.junit.internal.runners.statements.RunAfters.evaluate(RunAfters.java:27)
	at org.junit.runners.ParentRunner.runLeaf(ParentRunner.java:271)
	at org.junit.runners.BlockJUnit4ClassRunner.runChild(BlockJUnit4ClassRunner.java:70)
	at org.junit.runners.BlockJUnit4ClassRunner.runChild(BlockJUnit4ClassRunner.java:50)
	at org.junit.runners.ParentRunner$3.run(ParentRunner.java:238)
	at org.junit.runners.ParentRunner$1.schedule(ParentRunner.java:63)
	at org.junit.runners.ParentRunner.runChildren(ParentRunner.java:236)
	at org.junit.runners.ParentRunner.access$000(ParentRunner.java:53)
	at org.junit.runners.ParentRunner$2.evaluate(ParentRunner.java:229)
	at org.junit.runners.ParentRunner.run(ParentRunner.java:309)
	at org.apache.maven.surefire.junit4.JUnit4Provider.execute(JUnit4Provider.java:365)
	at org.apache.maven.surefire.junit4.JUnit4Provider.executeWithRerun(JUnit4Provider.java:273)
	at org.apache.maven.surefire.junit4.JUnit4Provider.executeTestSet(JUnit4Provider.java:238)
	at org.apache.maven.surefire.junit4.JUnit4Provider.invoke(JUnit4Provider.java:159)
	at org.apache.maven.surefire.booter.ForkedBooter.invokeProviderInSameClassLoader(ForkedBooter.java:384)
	at org.apache.maven.surefire.booter.ForkedBooter.runSuitesInProcess(ForkedBooter.java:345)
	at org.apache.maven.surefire.booter.ForkedBooter.execute(ForkedBooter.java:126)
	at org.apache.maven.surefire.booter.ForkedBooter.main(ForkedBooter.java:418)
2019-07-14 16:32:30,063 INFO  client.GrpcClientProtocolClient (GrpcClientProtocolClient.java:onNext(255)) - client-A7ECBF4201E9->3e1669b8-a6b2-4b30-88df-8c35b0353d38: receive RaftClientReply:client-A7ECBF4201E9->3e1669b8-a6b2-4b30-88df-8c35b0353d38@group-4956975A1778, cid=199, SUCCESS, logIndex=0, commits[3e1669b8-a6b2-4b30-88df-8c35b0353d38:c24, 1431c511-6559-4dee-ba81-47b4a333bbfc:c22, 65c075ba-bacd-492c-a364-25117d11be4f:c16]
2019-07-14 16:32:30,066 INFO  scm.XceiverClientRatis (XceiverClientRatis.java:lambda$watchForCommit$7(280)) - Could not commit index 22 on pipeline Pipeline[ Id: a2265516-d724-43b4-8691-4956975a1778, Nodes: 65c075ba-bacd-492c-a364-25117d11be4f{ip: 192.168.69.77, host: pr-hdds-1710-5x6jb-1204890111, networkLocation: /default-rack, certSerialId: null}3e1669b8-a6b2-4b30-88df-8c35b0353d38{ip: 192.168.69.77, host: pr-hdds-1710-5x6jb-1204890111, networkLocation: /default-rack, certSerialId: null}1431c511-6559-4dee-ba81-47b4a333bbfc{ip: 192.168.69.77, host: pr-hdds-1710-5x6jb-1204890111, networkLocation: /default-rack, certSerialId: null}, Type:RATIS, Factor:THREE, State:OPEN] to all the nodes. Server 65c075ba-bacd-492c-a364-25117d11be4f has failed. Committed by majority.
2019-07-14 16:32:30,070 WARN  storage.BlockOutputStream (BlockOutputStream.java:watchForCommit(361)) - Failed to commit BlockId conID: 1 locID: 102440759429038094 bcsId: 22 on Pipeline[ Id: a2265516-d724-43b4-8691-4956975a1778, Nodes: 65c075ba-bacd-492c-a364-25117d11be4f{ip: 192.168.69.77, host: pr-hdds-1710-5x6jb-1204890111, networkLocation: /default-rack, certSerialId: null}3e1669b8-a6b2-4b30-88df-8c35b0353d38{ip: 192.168.69.77, host: pr-hdds-1710-5x6jb-1204890111, networkLocation: /default-rack, certSerialId: null}1431c511-6559-4dee-ba81-47b4a333bbfc{ip: 192.168.69.77, host: pr-hdds-1710-5x6jb-1204890111, networkLocation: /default-rack, certSerialId: null}, Type:RATIS, Factor:THREE, State:OPEN]. Failed nodes: [65c075ba-bacd-492c-a364-25117d11be4f{ip: null, host: null, networkLocation: /default-rack, certSerialId: null}]
2019-07-14 16:32:30,071 INFO  ozone.MiniOzoneClusterImpl (MiniOzoneClusterImpl.java:shutdown(321)) - Shutting down the Mini Ozone Cluster
2019-07-14 16:32:30,071 INFO  ozone.MiniOzoneClusterImpl (MiniOzoneClusterImpl.java:stop(336)) - Stopping the Mini Ozone Cluster
2019-07-14 16:32:30,072 INFO  ozone.MiniOzoneClusterImpl (MiniOzoneClusterImpl.java:stop(338)) - Stopping the OzoneManager
2019-07-14 16:32:30,072 INFO  ipc.Server (Server.java:stop(3082)) - Stopping server on 43239
2019-07-14 16:32:30,085 INFO  ipc.Server (Server.java:run(1185)) - Stopping IPC Server listener on 43239
2019-07-14 16:32:30,086 INFO  ipc.Server (Server.java:run(1319)) - Stopping IPC Server Responder
2019-07-14 16:32:30,086 INFO  utils.BackgroundService (BackgroundService.java:shutdown(148)) - Shutting down service KeyDeletingService
2019-07-14 16:32:30,117 INFO  handler.ContextHandler (ContextHandler.java:doStop(910)) - Stopped o.e.j.w.WebAppContext@65a7bc80{/,null,UNAVAILABLE}{/ozoneManager}
2019-07-14 16:32:30,117 INFO  server.AbstractConnector (AbstractConnector.java:doStop(318)) - Stopped ServerConnector@5b132063{HTTP/1.1,[http/1.1]}{0.0.0.0:0}
2019-07-14 16:32:30,118 INFO  handler.ContextHandler (ContextHandler.java:doStop(910)) - Stopped o.e.j.s.ServletContextHandler@37bac0f4{/static,file:///workdir/hadoop-ozone/integration-test/target/test-classes/webapps/static,UNAVAILABLE}
2019-07-14 16:32:30,118 INFO  handler.ContextHandler (ContextHandler.java:doStop(910)) - Stopped o.e.j.s.ServletContextHandler@472dc215{/logs,file:///workdir/hadoop-ozone/integration-test/target/log,UNAVAILABLE}
2019-07-14 16:32:30,133 INFO  ozone.MiniOzoneClusterImpl (MiniOzoneClusterImpl.java:stop(344)) - Shutting the HddsDatanodes
2019-07-14 16:32:30,133 INFO  datanode.ObjectStoreHandler (ObjectStoreHandler.java:close(155)) - Closing ObjectStoreHandler.
2019-07-14 16:32:30,134 INFO  datanode.ObjectStoreHandler (ObjectStoreHandler.java:close(155)) - Closing ObjectStoreHandler.
2019-07-14 16:32:30,134 INFO  ozone.HddsDatanodeService (HddsDatanodeService.java:stop(452)) - Stopped plug-in org.apache.hadoop.ozone.web.OzoneHddsDatanodeService@5f0c45ae
2019-07-14 16:32:30,134 INFO  ozone.HddsDatanodeService (HddsDatanodeService.java:stop(452)) - Stopped plug-in org.apache.hadoop.ozone.web.OzoneHddsDatanodeService@7d3b4646
2019-07-14 16:32:30,448 INFO  statemachine.DatanodeStateMachine (DatanodeStateMachine.java:lambda$startDaemon$0(350)) - Ozone container server started.
2019-07-14 16:32:30,682 WARN  server.GrpcLogAppender (LogUtils.java:warn(134)) - 3e1669b8-a6b2-4b30-88df-8c35b0353d38->65c075ba-bacd-492c-a364-25117d11be4f: Failed appendEntries: org.apache.ratis.thirdparty.io.grpc.StatusRuntimeException: UNAVAILABLE: io exception
2019-07-14 16:32:30,682 INFO  impl.FollowerInfo (FollowerInfo.java:lambda$new$0(50)) - 3e1669b8-a6b2-4b30-88df-8c35b0353d38->65c075ba-bacd-492c-a364-25117d11be4f: nextIndex: updateUnconditionally 17 -> 16
2019-07-14 16:32:30,693 WARN  server.GrpcLogAppender (LogUtils.java:warn(134)) - 3e1669b8-a6b2-4b30-88df-8c35b0353d38->65c075ba-bacd-492c-a364-25117d11be4f: Failed appendEntries: org.apache.ratis.thirdparty.io.grpc.StatusRuntimeException: UNAVAILABLE: io exception
2019-07-14 16:32:30,693 INFO  impl.FollowerInfo (FollowerInfo.java:lambda$new$0(50)) - 3e1669b8-a6b2-4b30-88df-8c35b0353d38->65c075ba-bacd-492c-a364-25117d11be4f: nextIndex: updateUnconditionally 17 -> 16
2019-07-14 16:32:30,705 WARN  server.GrpcLogAppender (LogUtils.java:warn(134)) - 3e1669b8-a6b2-4b30-88df-8c35b0353d38->65c075ba-bacd-492c-a364-25117d11be4f: Failed appendEntries: org.apache.ratis.thirdparty.io.grpc.StatusRuntimeException: UNAVAILABLE: io exception
2019-07-14 16:32:30,706 INFO  impl.FollowerInfo (FollowerInfo.java:lambda$new$0(50)) - 3e1669b8-a6b2-4b30-88df-8c35b0353d38->65c075ba-bacd-492c-a364-25117d11be4f: nextIndex: updateUnconditionally 17 -> 16
2019-07-14 16:32:30,714 INFO  statemachine.DatanodeStateMachine (DatanodeStateMachine.java:lambda$startDaemon$0(350)) - Ozone container server started.
2019-07-14 16:32:30,725 INFO  interfaces.Container (KeyValueContainer.java:compactDB(356)) - Container 1 is closed with bcsId 22.
2019-07-14 16:32:30,743 INFO  interfaces.Container (KeyValueContainer.java:compactDB(356)) - Container 1 is closed with bcsId 22.
2019-07-14 16:32:33,206 WARN  server.GrpcLogAppender (LogUtils.java:warn(134)) - 3e1669b8-a6b2-4b30-88df-8c35b0353d38->65c075ba-bacd-492c-a364-25117d11be4f: Failed appendEntries: org.apache.ratis.thirdparty.io.grpc.StatusRuntimeException: UNAVAILABLE: io exception
2019-07-14 16:32:33,207 INFO  impl.FollowerInfo (FollowerInfo.java:lambda$new$0(50)) - 3e1669b8-a6b2-4b30-88df-8c35b0353d38->65c075ba-bacd-492c-a364-25117d11be4f: nextIndex: updateUnconditionally 16 -> 15
2019-07-14 16:32:34,486 INFO  node.StaleNodeHandler (StaleNodeHandler.java:onMessage(58)) - Datanode 30e8bf10-19a9-4b0f-990f-a4b2fd9df601{ip: 192.168.69.77, host: pr-hdds-1710-5x6jb-1204890111, networkLocation: /default-rack, certSerialId: null} moved to stale state. Finalizing its pipelines [PipelineID=0235738a-e259-432a-9c0d-99ca940e487c, PipelineID=d03f644d-4a0c-4851-ac27-398bc575e08a]
2019-07-14 16:32:34,486 INFO  pipeline.SCMPipelineManager (SCMPipelineManager.java:finalizeAndDestroyPipeline(309)) - destroying pipeline:Pipeline[ Id: 0235738a-e259-432a-9c0d-99ca940e487c, Nodes: 30e8bf10-19a9-4b0f-990f-a4b2fd9df601{ip: 192.168.69.77, host: pr-hdds-1710-5x6jb-1204890111, networkLocation: /default-rack, certSerialId: null}, Type:RATIS, Factor:ONE, State:OPEN]
2019-07-14 16:32:34,486 INFO  pipeline.PipelineStateManager (PipelineStateManager.java:finalizePipeline(123)) - Pipeline Pipeline[ Id: 0235738a-e259-432a-9c0d-99ca940e487c, Nodes: 30e8bf10-19a9-4b0f-990f-a4b2fd9df601{ip: 192.168.69.77, host: pr-hdds-1710-5x6jb-1204890111, networkLocation: /default-rack, certSerialId: null}, Type:RATIS, Factor:ONE, State:CLOSED] moved to CLOSED state
2019-07-14 16:32:34,487 INFO  pipeline.SCMPipelineManager (SCMPipelineManager.java:finalizeAndDestroyPipeline(309)) - destroying pipeline:Pipeline[ Id: d03f644d-4a0c-4851-ac27-398bc575e08a, Nodes: 7beec795-f12b-479c-98c0-438854f6485a{ip: 192.168.69.77, host: pr-hdds-1710-5x6jb-1204890111, networkLocation: /default-rack, certSerialId: null}d1d44ffb-e260-4835-95e7-34213d346cf5{ip: 192.168.69.77, host: pr-hdds-1710-5x6jb-1204890111, networkLocation: /default-rack, certSerialId: null}30e8bf10-19a9-4b0f-990f-a4b2fd9df601{ip: 192.168.69.77, host: pr-hdds-1710-5x6jb-1204890111, networkLocation: /default-rack, certSerialId: null}, Type:RATIS, Factor:THREE, State:OPEN]
2019-07-14 16:32:34,487 INFO  pipeline.PipelineStateManager (PipelineStateManager.java:finalizePipeline(123)) - Pipeline Pipeline[ Id: d03f644d-4a0c-4851-ac27-398bc575e08a, Nodes: 7beec795-f12b-479c-98c0-438854f6485a{ip: 192.168.69.77, host: pr-hdds-1710-5x6jb-1204890111, networkLocation: /default-rack, certSerialId: null}d1d44ffb-e260-4835-95e7-34213d346cf5{ip: 192.168.69.77, host: pr-hdds-1710-5x6jb-1204890111, networkLocation: /default-rack, certSerialId: null}30e8bf10-19a9-4b0f-990f-a4b2fd9df601{ip: 192.168.69.77, host: pr-hdds-1710-5x6jb-1204890111, networkLocation: /default-rack, certSerialId: null}, Type:RATIS, Factor:THREE, State:CLOSED] moved to CLOSED state
2019-07-14 16:32:34,786 INFO  node.StaleNodeHandler (StaleNodeHandler.java:onMessage(58)) - Datanode 1431c511-6559-4dee-ba81-47b4a333bbfc{ip: 192.168.69.77, host: pr-hdds-1710-5x6jb-1204890111, networkLocation: /default-rack, certSerialId: null} moved to stale state. Finalizing its pipelines [PipelineID=a2265516-d724-43b4-8691-4956975a1778, PipelineID=eb8224fe-73f2-4ed9-8ba6-29af7fbc6365]
2019-07-14 16:32:34,787 INFO  pipeline.SCMPipelineManager (SCMPipelineManager.java:finalizeAndDestroyPipeline(309)) - destroying pipeline:Pipeline[ Id: a2265516-d724-43b4-8691-4956975a1778, Nodes: 65c075ba-bacd-492c-a364-25117d11be4f{ip: 192.168.69.77, host: pr-hdds-1710-5x6jb-1204890111, networkLocation: /default-rack, certSerialId: null}3e1669b8-a6b2-4b30-88df-8c35b0353d38{ip: 192.168.69.77, host: pr-hdds-1710-5x6jb-1204890111, networkLocation: /default-rack, certSerialId: null}1431c511-6559-4dee-ba81-47b4a333bbfc{ip: 192.168.69.77, host: pr-hdds-1710-5x6jb-1204890111, networkLocation: /default-rack, certSerialId: null}, Type:RATIS, Factor:THREE, State:CLOSED]
2019-07-14 16:32:34,787 INFO  pipeline.SCMPipelineManager (SCMPipelineManager.java:finalizeAndDestroyPipeline(309)) - destroying pipeline:Pipeline[ Id: eb8224fe-73f2-4ed9-8ba6-29af7fbc6365, Nodes: 1431c511-6559-4dee-ba81-47b4a333bbfc{ip: 192.168.69.77, host: pr-hdds-1710-5x6jb-1204890111, networkLocation: /default-rack, certSerialId: null}, Type:RATIS, Factor:ONE, State:OPEN]
2019-07-14 16:32:34,787 INFO  pipeline.PipelineStateManager (PipelineStateManager.java:finalizePipeline(123)) - Pipeline Pipeline[ Id: eb8224fe-73f2-4ed9-8ba6-29af7fbc6365, Nodes: 1431c511-6559-4dee-ba81-47b4a333bbfc{ip: 192.168.69.77, host: pr-hdds-1710-5x6jb-1204890111, networkLocation: /default-rack, certSerialId: null}, Type:RATIS, Factor:ONE, State:CLOSED] moved to CLOSED state
2019-07-14 16:32:35,135 INFO  ozoneimpl.OzoneContainer (OzoneContainer.java:stop(199)) - Attempting to stop container services.
2019-07-14 16:32:35,135 INFO  ozoneimpl.OzoneContainer (OzoneContainer.java:stop(199)) - Attempting to stop container services.
2019-07-14 16:32:35,136 INFO  impl.RaftServerProxy (RaftServerProxy.java:lambda$close$4(314)) - 1431c511-6559-4dee-ba81-47b4a333bbfc: close
2019-07-14 16:32:35,136 INFO  impl.RaftServerProxy (RaftServerProxy.java:lambda$close$4(314)) - 30e8bf10-19a9-4b0f-990f-a4b2fd9df601: close
2019-07-14 16:32:35,136 INFO  impl.RaftServerImpl (RaftServerImpl.java:lambda$shutdown$3(245)) - 1431c511-6559-4dee-ba81-47b4a333bbfc: shutdown group-4956975A1778
2019-07-14 16:32:35,136 INFO  impl.RaftServerImpl (RaftServerImpl.java:lambda$shutdown$3(245)) - 30e8bf10-19a9-4b0f-990f-a4b2fd9df601: shutdown group-99CA940E487C
2019-07-14 16:32:35,137 INFO  util.JmxRegister (JmxRegister.java:unregister(73)) - Successfully un-registered JMX Bean with object name Ratis:service=RaftServer,group=group-4956975A1778,id=1431c511-6559-4dee-ba81-47b4a333bbfc
2019-07-14 16:32:35,137 INFO  util.JmxRegister (JmxRegister.java:unregister(73)) - Successfully un-registered JMX Bean with object name Ratis:service=RaftServer,group=group-99CA940E487C,id=30e8bf10-19a9-4b0f-990f-a4b2fd9df601
2019-07-14 16:32:35,137 INFO  impl.RoleInfo (RoleInfo.java:shutdownFollowerState(121)) - 1431c511-6559-4dee-ba81-47b4a333bbfc: shutdown FollowerState
2019-07-14 16:32:35,138 INFO  impl.RoleInfo (RoleInfo.java:shutdownLeaderState(104)) - 30e8bf10-19a9-4b0f-990f-a4b2fd9df601: shutdown LeaderState
2019-07-14 16:32:35,138 INFO  impl.FollowerState (FollowerState.java:run(114)) - 1431c511-6559-4dee-ba81-47b4a333bbfc: FollowerState was interrupted: java.lang.InterruptedException: sleep interrupted
2019-07-14 16:32:35,138 INFO  ratis.ContainerStateMachine (ContainerStateMachine.java:takeSnapshot(246)) - Taking snapshot at termIndex:(t:1, i:25)
2019-07-14 16:32:35,142 INFO  ratis.ContainerStateMachine (ContainerStateMachine.java:takeSnapshot(250)) - Taking a snapshot to file /workdir/hadoop-ozone/integration-test/target/test-dir/MiniOzoneClusterImpl-3ed042b0-70b2-4550-817a-04c536ab9f20/datanode-3/data/ratis/a2265516-d724-43b4-8691-4956975a1778/sm/snapshot.1_25
2019-07-14 16:32:35,138 INFO  impl.StateMachineUpdater (StateMachineUpdater.java:stopAndJoin(115)) - StateMachineUpdater:1431c511-6559-4dee-ba81-47b4a333bbfc:group-4956975A1778: set stopIndex = 26
2019-07-14 16:32:35,143 INFO  impl.StateMachineUpdater (StateMachineUpdater.java:takeSnapshot(242)) - StateMachineUpdater:1431c511-6559-4dee-ba81-47b4a333bbfc:group-4956975A1778: Took a snapshot at index 25
2019-07-14 16:32:35,139 INFO  impl.PendingRequests (PendingRequests.java:sendNotLeaderResponses(202)) - 30e8bf10-19a9-4b0f-990f-a4b2fd9df601-PendingRequests: sendNotLeaderResponses
2019-07-14 16:32:35,143 INFO  impl.StateMachineUpdater (StateMachineUpdater.java:lambda$new$0(80)) - StateMachineUpdater:1431c511-6559-4dee-ba81-47b4a333bbfc:group-4956975A1778: snapshotIndex: updateIncreasingly -1 -> 25
2019-07-14 16:32:35,143 INFO  impl.StateMachineUpdater (StateMachineUpdater.java:stopAndJoin(115)) - StateMachineUpdater:30e8bf10-19a9-4b0f-990f-a4b2fd9df601:group-99CA940E487C: set stopIndex = 0
2019-07-14 16:32:35,144 INFO  impl.RaftServerImpl (ServerState.java:close(394)) - 1431c511-6559-4dee-ba81-47b4a333bbfc:group-4956975A1778 closes. The last applied log index is 26
2019-07-14 16:32:35,143 INFO  ratis.ContainerStateMachine (ContainerStateMachine.java:takeSnapshot(246)) - Taking snapshot at termIndex:(t:0, i:~)
2019-07-14 16:32:35,144 INFO  segmented.SegmentedRaftLogWorker (SegmentedRaftLogWorker.java:run(313)) - 1431c511-6559-4dee-ba81-47b4a333bbfc-SegmentedRaftLogWorker:Storage Directory /workdir/hadoop-ozone/integration-test/target/test-dir/MiniOzoneClusterImpl-3ed042b0-70b2-4550-817a-04c536ab9f20/datanode-3/data/ratis/a2265516-d724-43b4-8691-4956975a1778 was interrupted, exiting. There are 0 tasks remaining in the queue.
2019-07-14 16:32:35,144 INFO  impl.RaftServerImpl (ServerState.java:close(394)) - 30e8bf10-19a9-4b0f-990f-a4b2fd9df601:group-99CA940E487C closes. The last applied log index is 0
2019-07-14 16:32:35,147 INFO  segmented.SegmentedRaftLogWorker (SegmentedRaftLogWorker.java:close(228)) - 1431c511-6559-4dee-ba81-47b4a333bbfc-SegmentedRaftLogWorker:Storage Directory /workdir/hadoop-ozone/integration-test/target/test-dir/MiniOzoneClusterImpl-3ed042b0-70b2-4550-817a-04c536ab9f20/datanode-3/data/ratis/a2265516-d724-43b4-8691-4956975a1778 close()
2019-07-14 16:32:35,147 INFO  segmented.SegmentedRaftLogWorker (SegmentedRaftLogWorker.java:run(313)) - 30e8bf10-19a9-4b0f-990f-a4b2fd9df601-SegmentedRaftLogWorker:Storage Directory /workdir/hadoop-ozone/integration-test/target/test-dir/MiniOzoneClusterImpl-3ed042b0-70b2-4550-817a-04c536ab9f20/datanode-1/data/ratis/0235738a-e259-432a-9c0d-99ca940e487c was interrupted, exiting. There are 0 tasks remaining in the queue.
2019-07-14 16:32:35,151 INFO  impl.RaftServerImpl (RaftServerImpl.java:lambda$shutdown$3(245)) - 1431c511-6559-4dee-ba81-47b4a333bbfc: shutdown group-29AF7FBC6365
2019-07-14 16:32:35,154 INFO  segmented.SegmentedRaftLogWorker (SegmentedRaftLogWorker.java:close(228)) - 30e8bf10-19a9-4b0f-990f-a4b2fd9df601-SegmentedRaftLogWorker:Storage Directory /workdir/hadoop-ozone/integration-test/target/test-dir/MiniOzoneClusterImpl-3ed042b0-70b2-4550-817a-04c536ab9f20/datanode-1/data/ratis/0235738a-e259-432a-9c0d-99ca940e487c close()
2019-07-14 16:32:35,154 INFO  util.JmxRegister (JmxRegister.java:unregister(73)) - Successfully un-registered JMX Bean with object name Ratis:service=RaftServer,group=group-29AF7FBC6365,id=1431c511-6559-4dee-ba81-47b4a333bbfc
2019-07-14 16:32:35,158 INFO  impl.RoleInfo (RoleInfo.java:shutdownLeaderState(104)) - 1431c511-6559-4dee-ba81-47b4a333bbfc: shutdown LeaderState
2019-07-14 16:32:35,158 INFO  impl.RaftServerImpl (RaftServerImpl.java:lambda$shutdown$3(245)) - 30e8bf10-19a9-4b0f-990f-a4b2fd9df601: shutdown group-398BC575E08A
2019-07-14 16:32:35,159 INFO  impl.PendingRequests (PendingRequests.java:sendNotLeaderResponses(202)) - 1431c511-6559-4dee-ba81-47b4a333bbfc-PendingRequests: sendNotLeaderResponses
2019-07-14 16:32:35,159 INFO  util.JmxRegister (JmxRegister.java:unregister(73)) - Successfully un-registered JMX Bean with object name Ratis:service=RaftServer,group=group-398BC575E08A,id=30e8bf10-19a9-4b0f-990f-a4b2fd9df601
2019-07-14 16:32:35,160 INFO  ratis.ContainerStateMachine (ContainerStateMachine.java:takeSnapshot(246)) - Taking snapshot at termIndex:(t:0, i:~)
2019-07-14 16:32:35,160 INFO  impl.StateMachineUpdater (StateMachineUpdater.java:stopAndJoin(115)) - StateMachineUpdater:1431c511-6559-4dee-ba81-47b4a333bbfc:group-29AF7FBC6365: set stopIndex = 0
2019-07-14 16:32:35,160 INFO  impl.RaftServerImpl (ServerState.java:close(394)) - 1431c511-6559-4dee-ba81-47b4a333bbfc:group-29AF7FBC6365 closes. The last applied log index is 0
2019-07-14 16:32:35,160 INFO  impl.RoleInfo (RoleInfo.java:shutdownFollowerState(121)) - 30e8bf10-19a9-4b0f-990f-a4b2fd9df601: shutdown FollowerState
2019-07-14 16:32:35,161 INFO  segmented.SegmentedRaftLogWorker (SegmentedRaftLogWorker.java:run(313)) - 1431c511-6559-4dee-ba81-47b4a333bbfc-SegmentedRaftLogWorker:Storage Directory /workdir/hadoop-ozone/integration-test/target/test-dir/MiniOzoneClusterImpl-3ed042b0-70b2-4550-817a-04c536ab9f20/datanode-3/data/ratis/eb8224fe-73f2-4ed9-8ba6-29af7fbc6365 was interrupted, exiting. There are 0 tasks remaining in the queue.
2019-07-14 16:32:35,161 INFO  impl.FollowerState (FollowerState.java:run(114)) - 30e8bf10-19a9-4b0f-990f-a4b2fd9df601: FollowerState was interrupted: java.lang.InterruptedException: sleep interrupted
2019-07-14 16:32:35,161 INFO  ratis.ContainerStateMachine (ContainerStateMachine.java:takeSnapshot(246)) - Taking snapshot at termIndex:(t:0, i:~)
2019-07-14 16:32:35,161 INFO  impl.StateMachineUpdater (StateMachineUpdater.java:stopAndJoin(115)) - StateMachineUpdater:30e8bf10-19a9-4b0f-990f-a4b2fd9df601:group-398BC575E08A: set stopIndex = 0
2019-07-14 16:32:35,165 INFO  segmented.SegmentedRaftLogWorker (SegmentedRaftLogWorker.java:close(228)) - 1431c511-6559-4dee-ba81-47b4a333bbfc-SegmentedRaftLogWorker:Storage Directory /workdir/hadoop-ozone/integration-test/target/test-dir/MiniOzoneClusterImpl-3ed042b0-70b2-4550-817a-04c536ab9f20/datanode-3/data/ratis/eb8224fe-73f2-4ed9-8ba6-29af7fbc6365 close()
2019-07-14 16:32:35,165 INFO  impl.RaftServerImpl (ServerState.java:close(394)) - 30e8bf10-19a9-4b0f-990f-a4b2fd9df601:group-398BC575E08A closes. The last applied log index is 0
2019-07-14 16:32:35,170 INFO  server.GrpcService (GrpcService.java:closeImpl(155)) - 1431c511-6559-4dee-ba81-47b4a333bbfc: shutdown server with port 40727 now
2019-07-14 16:32:35,170 INFO  segmented.SegmentedRaftLogWorker (SegmentedRaftLogWorker.java:run(313)) - 30e8bf10-19a9-4b0f-990f-a4b2fd9df601-SegmentedRaftLogWorker:Storage Directory /workdir/hadoop-ozone/integration-test/target/test-dir/MiniOzoneClusterImpl-3ed042b0-70b2-4550-817a-04c536ab9f20/datanode-1/data/ratis/d03f644d-4a0c-4851-ac27-398bc575e08a was interrupted, exiting. There are 0 tasks remaining in the queue.
2019-07-14 16:32:35,173 INFO  segmented.SegmentedRaftLogWorker (SegmentedRaftLogWorker.java:close(228)) - 30e8bf10-19a9-4b0f-990f-a4b2fd9df601-SegmentedRaftLogWorker:Storage Directory /workdir/hadoop-ozone/integration-test/target/test-dir/MiniOzoneClusterImpl-3ed042b0-70b2-4550-817a-04c536ab9f20/datanode-1/data/ratis/d03f644d-4a0c-4851-ac27-398bc575e08a close()
2019-07-14 16:32:35,178 INFO  server.GrpcService (GrpcService.java:closeImpl(155)) - 30e8bf10-19a9-4b0f-990f-a4b2fd9df601: shutdown server with port 32809 now
2019-07-14 16:32:35,178 WARN  server.GrpcServerProtocolService (LogUtils.java:warn(134)) - 1431c511-6559-4dee-ba81-47b4a333bbfc: appendEntries onError: org.apache.ratis.thirdparty.io.grpc.StatusRuntimeException: CANCELLED: cancelled before receiving half close
2019-07-14 16:32:35,178 INFO  server.GrpcService (GrpcService.java:closeImpl(163)) - 1431c511-6559-4dee-ba81-47b4a333bbfc: shutdown server with port 40727 successfully
2019-07-14 16:32:35,178 INFO  server.GrpcService (GrpcService.java:closeImpl(163)) - 30e8bf10-19a9-4b0f-990f-a4b2fd9df601: shutdown server with port 32809 successfully
2019-07-14 16:32:35,178 WARN  server.GrpcServerProtocolService (LogUtils.java:warn(134)) - 30e8bf10-19a9-4b0f-990f-a4b2fd9df601: appendEntries onError: org.apache.ratis.thirdparty.io.grpc.StatusRuntimeException: CANCELLED: cancelled before receiving half close
2019-07-14 16:32:35,178 WARN  server.GrpcLogAppender (LogUtils.java:warn(134)) - 3e1669b8-a6b2-4b30-88df-8c35b0353d38->1431c511-6559-4dee-ba81-47b4a333bbfc: Failed appendEntries: org.apache.ratis.thirdparty.io.grpc.StatusRuntimeException: CANCELLED: HTTP/2 error code: CANCEL
Received Rst Stream
2019-07-14 16:32:35,179 WARN  server.GrpcLogAppender (LogUtils.java:warn(134)) - 7beec795-f12b-479c-98c0-438854f6485a->30e8bf10-19a9-4b0f-990f-a4b2fd9df601: Failed appendEntries: org.apache.ratis.thirdparty.io.grpc.StatusRuntimeException: CANCELLED: HTTP/2 error code: CANCEL
Received Rst Stream
2019-07-14 16:32:35,179 INFO  impl.FollowerInfo (FollowerInfo.java:lambda$new$0(50)) - 3e1669b8-a6b2-4b30-88df-8c35b0353d38->1431c511-6559-4dee-ba81-47b4a333bbfc: nextIndex: updateUnconditionally 27 -> 26
2019-07-14 16:32:35,180 INFO  utils.BackgroundService (BackgroundService.java:shutdown(148)) - Shutting down service BlockDeletingService
2019-07-14 16:32:35,180 INFO  impl.FollowerInfo (FollowerInfo.java:lambda$new$0(50)) - 7beec795-f12b-479c-98c0-438854f6485a->30e8bf10-19a9-4b0f-990f-a4b2fd9df601: nextIndex: updateUnconditionally 1 -> 0
2019-07-14 16:32:35,181 WARN  fs.CachingGetSpaceUsed (CachingGetSpaceUsed.java:run(183)) - Thread Interrupted waiting to refresh disk information: sleep interrupted
2019-07-14 16:32:35,182 INFO  utils.BackgroundService (BackgroundService.java:shutdown(148)) - Shutting down service BlockDeletingService
2019-07-14 16:32:35,183 WARN  fs.CachingGetSpaceUsed (CachingGetSpaceUsed.java:run(183)) - Thread Interrupted waiting to refresh disk information: sleep interrupted
2019-07-14 16:32:35,203 INFO  statemachine.DatanodeStateMachine (DatanodeStateMachine.java:stopDaemon(395)) - Ozone container server stopped.
2019-07-14 16:32:35,210 INFO  statemachine.DatanodeStateMachine (DatanodeStateMachine.java:stopDaemon(395)) - Ozone container server stopped.
2019-07-14 16:32:35,217 INFO  handler.ContextHandler (ContextHandler.java:doStop(910)) - Stopped o.e.j.w.WebAppContext@2c3df478{/,null,UNAVAILABLE}{/hddsDatanode}
2019-07-14 16:32:35,217 INFO  handler.ContextHandler (ContextHandler.java:doStop(910)) - Stopped o.e.j.w.WebAppContext@7b4b559d{/,null,UNAVAILABLE}{/hddsDatanode}
2019-07-14 16:32:35,218 INFO  server.AbstractConnector (AbstractConnector.java:doStop(318)) - Stopped ServerConnector@3be88cbf{HTTP/1.1,[http/1.1]}{0.0.0.0:0}
2019-07-14 16:32:35,218 INFO  server.AbstractConnector (AbstractConnector.java:doStop(318)) - Stopped ServerConnector@1046aaa4{HTTP/1.1,[http/1.1]}{0.0.0.0:0}
2019-07-14 16:32:35,218 INFO  handler.ContextHandler (ContextHandler.java:doStop(910)) - Stopped o.e.j.s.ServletContextHandler@5096be74{/static,jar:file:/home/user/.m2/repository/org/apache/hadoop/hadoop-hdds-container-service/0.5.0-SNAPSHOT/hadoop-hdds-container-service-0.5.0-SNAPSHOT.jar!/webapps/static,UNAVAILABLE}
2019-07-14 16:32:35,220 INFO  handler.ContextHandler (ContextHandler.java:doStop(910)) - Stopped o.e.j.s.ServletContextHandler@3956df0a{/static,jar:file:/home/user/.m2/repository/org/apache/hadoop/hadoop-hdds-container-service/0.5.0-SNAPSHOT/hadoop-hdds-container-service-0.5.0-SNAPSHOT.jar!/webapps/static,UNAVAILABLE}
2019-07-14 16:32:35,220 INFO  handler.ContextHandler (ContextHandler.java:doStop(910)) - Stopped o.e.j.s.ServletContextHandler@27381497{/logs,file:///workdir/hadoop-ozone/integration-test/target/log,UNAVAILABLE}
2019-07-14 16:32:35,222 INFO  handler.ContextHandler (ContextHandler.java:doStop(910)) - Stopped o.e.j.s.ServletContextHandler@41f3f64{/logs,file:///workdir/hadoop-ozone/integration-test/target/log,UNAVAILABLE}
2019-07-14 16:32:35,223 INFO  datanode.ObjectStoreHandler (ObjectStoreHandler.java:close(155)) - Closing ObjectStoreHandler.
2019-07-14 16:32:35,223 INFO  datanode.ObjectStoreHandler (ObjectStoreHandler.java:close(155)) - Closing ObjectStoreHandler.
2019-07-14 16:32:35,224 INFO  ozone.HddsDatanodeService (HddsDatanodeService.java:stop(452)) - Stopped plug-in org.apache.hadoop.ozone.web.OzoneHddsDatanodeService@121ec5c2
2019-07-14 16:32:35,224 INFO  ozone.HddsDatanodeService (HddsDatanodeService.java:stop(452)) - Stopped plug-in org.apache.hadoop.ozone.web.OzoneHddsDatanodeService@74cd82f1
2019-07-14 16:32:35,462 INFO  statemachine.DatanodeStateMachine (DatanodeStateMachine.java:lambda$startDaemon$0(350)) - Ozone container server started.
2019-07-14 16:32:35,583 WARN  server.GrpcLogAppender (LogUtils.java:warn(134)) - 7beec795-f12b-479c-98c0-438854f6485a->30e8bf10-19a9-4b0f-990f-a4b2fd9df601: Failed appendEntries: org.apache.ratis.thirdparty.io.grpc.StatusRuntimeException: UNAVAILABLE: io exception
2019-07-14 16:32:35,583 INFO  impl.FollowerInfo (FollowerInfo.java:lambda$new$0(50)) - 7beec795-f12b-479c-98c0-438854f6485a->30e8bf10-19a9-4b0f-990f-a4b2fd9df601: nextIndex: updateUnconditionally 0 -> 0
2019-07-14 16:32:35,706 WARN  server.GrpcLogAppender (LogUtils.java:warn(134)) - 3e1669b8-a6b2-4b30-88df-8c35b0353d38->65c075ba-bacd-492c-a364-25117d11be4f: Failed appendEntries: org.apache.ratis.thirdparty.io.grpc.StatusRuntimeException: UNAVAILABLE: io exception
2019-07-14 16:32:35,707 INFO  impl.FollowerInfo (FollowerInfo.java:lambda$new$0(50)) - 3e1669b8-a6b2-4b30-88df-8c35b0353d38->65c075ba-bacd-492c-a364-25117d11be4f: nextIndex: updateUnconditionally 15 -> 14
2019-07-14 16:32:35,707 WARN  server.GrpcLogAppender (LogUtils.java:warn(134)) - 3e1669b8-a6b2-4b30-88df-8c35b0353d38->1431c511-6559-4dee-ba81-47b4a333bbfc: Failed appendEntries: org.apache.ratis.thirdparty.io.grpc.StatusRuntimeException: UNAVAILABLE: io exception
2019-07-14 16:32:35,707 INFO  impl.FollowerInfo (FollowerInfo.java:lambda$new$0(50)) - 3e1669b8-a6b2-4b30-88df-8c35b0353d38->1431c511-6559-4dee-ba81-47b4a333bbfc: nextIndex: updateUnconditionally 26 -> 25
2019-07-14 16:32:35,773 INFO  statemachine.DatanodeStateMachine (DatanodeStateMachine.java:lambda$startDaemon$0(350)) - Ozone container server started.
2019-07-14 16:32:38,083 WARN  server.GrpcLogAppender (LogUtils.java:warn(134)) - 7beec795-f12b-479c-98c0-438854f6485a->30e8bf10-19a9-4b0f-990f-a4b2fd9df601: Failed appendEntries: org.apache.ratis.thirdparty.io.grpc.StatusRuntimeException: UNAVAILABLE: io exception
2019-07-14 16:32:38,084 INFO  impl.FollowerInfo (FollowerInfo.java:lambda$new$0(50)) - 7beec795-f12b-479c-98c0-438854f6485a->30e8bf10-19a9-4b0f-990f-a4b2fd9df601: nextIndex: updateUnconditionally 0 -> 0
2019-07-14 16:32:38,207 WARN  server.GrpcLogAppender (LogUtils.java:warn(134)) - 3e1669b8-a6b2-4b30-88df-8c35b0353d38->65c075ba-bacd-492c-a364-25117d11be4f: Failed appendEntries: org.apache.ratis.thirdparty.io.grpc.StatusRuntimeException: UNAVAILABLE: io exception
2019-07-14 16:32:38,207 INFO  impl.FollowerInfo (FollowerInfo.java:lambda$new$0(50)) - 3e1669b8-a6b2-4b30-88df-8c35b0353d38->65c075ba-bacd-492c-a364-25117d11be4f: nextIndex: updateUnconditionally 14 -> 13
2019-07-14 16:32:38,208 WARN  server.GrpcLogAppender (LogUtils.java:warn(134)) - 3e1669b8-a6b2-4b30-88df-8c35b0353d38->1431c511-6559-4dee-ba81-47b4a333bbfc: Failed appendEntries: org.apache.ratis.thirdparty.io.grpc.StatusRuntimeException: UNAVAILABLE: io exception
2019-07-14 16:32:38,208 INFO  impl.FollowerInfo (FollowerInfo.java:lambda$new$0(50)) - 3e1669b8-a6b2-4b30-88df-8c35b0353d38->1431c511-6559-4dee-ba81-47b4a333bbfc: nextIndex: updateUnconditionally 25 -> 24
2019-07-14 16:32:39,494 INFO  node.StaleNodeHandler (StaleNodeHandler.java:onMessage(58)) - Datanode a6a6bf61-6fc9-4a4a-a23a-2580cacece8c{ip: 192.168.69.77, host: pr-hdds-1710-5x6jb-1204890111, networkLocation: /default-rack, certSerialId: null} moved to stale state. Finalizing its pipelines [PipelineID=c3a16ccf-7e17-4141-b7af-3b37d4d7c4a4]
2019-07-14 16:32:39,495 INFO  pipeline.SCMPipelineManager (SCMPipelineManager.java:finalizeAndDestroyPipeline(309)) - destroying pipeline:Pipeline[ Id: c3a16ccf-7e17-4141-b7af-3b37d4d7c4a4, Nodes: a6a6bf61-6fc9-4a4a-a23a-2580cacece8c{ip: 192.168.69.77, host: pr-hdds-1710-5x6jb-1204890111, networkLocation: /default-rack, certSerialId: null}, Type:RATIS, Factor:ONE, State:OPEN]
2019-07-14 16:32:39,495 INFO  pipeline.PipelineStateManager (PipelineStateManager.java:finalizePipeline(123)) - Pipeline Pipeline[ Id: c3a16ccf-7e17-4141-b7af-3b37d4d7c4a4, Nodes: a6a6bf61-6fc9-4a4a-a23a-2580cacece8c{ip: 192.168.69.77, host: pr-hdds-1710-5x6jb-1204890111, networkLocation: /default-rack, certSerialId: null}, Type:RATIS, Factor:ONE, State:CLOSED] moved to CLOSED state
2019-07-14 16:32:39,795 INFO  node.StaleNodeHandler (StaleNodeHandler.java:onMessage(58)) - Datanode 7beec795-f12b-479c-98c0-438854f6485a{ip: 192.168.69.77, host: pr-hdds-1710-5x6jb-1204890111, networkLocation: /default-rack, certSerialId: null} moved to stale state. Finalizing its pipelines [PipelineID=ec7ab07e-4231-4d03-8d24-68461943934e, PipelineID=d03f644d-4a0c-4851-ac27-398bc575e08a]
2019-07-14 16:32:39,795 INFO  pipeline.SCMPipelineManager (SCMPipelineManager.java:finalizeAndDestroyPipeline(309)) - destroying pipeline:Pipeline[ Id: ec7ab07e-4231-4d03-8d24-68461943934e, Nodes: 7beec795-f12b-479c-98c0-438854f6485a{ip: 192.168.69.77, host: pr-hdds-1710-5x6jb-1204890111, networkLocation: /default-rack, certSerialId: null}, Type:RATIS, Factor:ONE, State:OPEN]
2019-07-14 16:32:39,795 INFO  pipeline.PipelineStateManager (PipelineStateManager.java:finalizePipeline(123)) - Pipeline Pipeline[ Id: ec7ab07e-4231-4d03-8d24-68461943934e, Nodes: 7beec795-f12b-479c-98c0-438854f6485a{ip: 192.168.69.77, host: pr-hdds-1710-5x6jb-1204890111, networkLocation: /default-rack, certSerialId: null}, Type:RATIS, Factor:ONE, State:CLOSED] moved to CLOSED state
2019-07-14 16:32:39,795 INFO  pipeline.SCMPipelineManager (SCMPipelineManager.java:finalizeAndDestroyPipeline(309)) - destroying pipeline:Pipeline[ Id: d03f644d-4a0c-4851-ac27-398bc575e08a, Nodes: 7beec795-f12b-479c-98c0-438854f6485a{ip: 192.168.69.77, host: pr-hdds-1710-5x6jb-1204890111, networkLocation: /default-rack, certSerialId: null}d1d44ffb-e260-4835-95e7-34213d346cf5{ip: 192.168.69.77, host: pr-hdds-1710-5x6jb-1204890111, networkLocation: /default-rack, certSerialId: null}30e8bf10-19a9-4b0f-990f-a4b2fd9df601{ip: 192.168.69.77, host: pr-hdds-1710-5x6jb-1204890111, networkLocation: /default-rack, certSerialId: null}, Type:RATIS, Factor:THREE, State:CLOSED]
2019-07-14 16:32:39,885 INFO  client.GrpcClientProtocolService (GrpcClientProtocolService.java:lambda$processClientRequest$0(278)) - Failed RaftClientRequest:client-A7ECBF4201E9->3e1669b8-a6b2-4b30-88df-8c35b0353d38@group-4956975A1778, cid=198, seq=0, Watch-ALL_COMMITTED(22), Message:<EMPTY>, reply=RaftClientReply:client-A7ECBF4201E9->3e1669b8-a6b2-4b30-88df-8c35b0353d38@group-4956975A1778, cid=198, FAILED org.apache.ratis.protocol.NotReplicatedException: Request with call Id 198 and log index 22 is not yet replicated to ALL_COMMITTED, logIndex=22, commits[3e1669b8-a6b2-4b30-88df-8c35b0353d38:c26, 1431c511-6559-4dee-ba81-47b4a333bbfc:c26, 65c075ba-bacd-492c-a364-25117d11be4f:c16]
2019-07-14 16:32:39,892 INFO  client.GrpcClientProtocolClient (GrpcClientProtocolClient.java:onNext(255)) - client-A7ECBF4201E9->3e1669b8-a6b2-4b30-88df-8c35b0353d38: receive RaftClientReply:client-A7ECBF4201E9->3e1669b8-a6b2-4b30-88df-8c35b0353d38@group-4956975A1778, cid=198, FAILED org.apache.ratis.protocol.NotReplicatedException: Request with call Id 198 and log index 22 is not yet replicated to ALL_COMMITTED, logIndex=22, commits[3e1669b8-a6b2-4b30-88df-8c35b0353d38:c26, 1431c511-6559-4dee-ba81-47b4a333bbfc:c26, 65c075ba-bacd-492c-a364-25117d11be4f:c16]
2019-07-14 16:32:40,225 INFO  ozoneimpl.OzoneContainer (OzoneContainer.java:stop(199)) - Attempting to stop container services.
2019-07-14 16:32:40,225 INFO  ozoneimpl.OzoneContainer (OzoneContainer.java:stop(199)) - Attempting to stop container services.
2019-07-14 16:32:40,226 INFO  impl.RaftServerProxy (RaftServerProxy.java:lambda$close$4(314)) - a6a6bf61-6fc9-4a4a-a23a-2580cacece8c: close
2019-07-14 16:32:40,226 INFO  impl.RaftServerImpl (RaftServerImpl.java:lambda$shutdown$3(245)) - a6a6bf61-6fc9-4a4a-a23a-2580cacece8c: shutdown group-3B37D4D7C4A4
2019-07-14 16:32:40,227 INFO  util.JmxRegister (JmxRegister.java:unregister(73)) - Successfully un-registered JMX Bean with object name Ratis:service=RaftServer,group=group-3B37D4D7C4A4,id=a6a6bf61-6fc9-4a4a-a23a-2580cacece8c
2019-07-14 16:32:40,227 INFO  impl.RoleInfo (RoleInfo.java:shutdownLeaderState(104)) - a6a6bf61-6fc9-4a4a-a23a-2580cacece8c: shutdown LeaderState
2019-07-14 16:32:40,226 INFO  impl.RaftServerProxy (RaftServerProxy.java:lambda$close$4(314)) - 7beec795-f12b-479c-98c0-438854f6485a: close
2019-07-14 16:32:40,228 INFO  impl.PendingRequests (PendingRequests.java:sendNotLeaderResponses(202)) - a6a6bf61-6fc9-4a4a-a23a-2580cacece8c-PendingRequests: sendNotLeaderResponses
2019-07-14 16:32:40,228 INFO  impl.RaftServerImpl (RaftServerImpl.java:lambda$shutdown$3(245)) - 7beec795-f12b-479c-98c0-438854f6485a: shutdown group-68461943934E
2019-07-14 16:32:40,228 INFO  ratis.ContainerStateMachine (ContainerStateMachine.java:takeSnapshot(246)) - Taking snapshot at termIndex:(t:0, i:~)
2019-07-14 16:32:40,228 INFO  impl.StateMachineUpdater (StateMachineUpdater.java:stopAndJoin(115)) - StateMachineUpdater:a6a6bf61-6fc9-4a4a-a23a-2580cacece8c:group-3B37D4D7C4A4: set stopIndex = 0
2019-07-14 16:32:40,229 INFO  util.JmxRegister (JmxRegister.java:unregister(73)) - Successfully un-registered JMX Bean with object name Ratis:service=RaftServer,group=group-68461943934E,id=7beec795-f12b-479c-98c0-438854f6485a
2019-07-14 16:32:40,229 INFO  impl.RaftServerImpl (ServerState.java:close(394)) - a6a6bf61-6fc9-4a4a-a23a-2580cacece8c:group-3B37D4D7C4A4 closes. The last applied log index is 0
2019-07-14 16:32:40,230 INFO  impl.RoleInfo (RoleInfo.java:shutdownLeaderState(104)) - 7beec795-f12b-479c-98c0-438854f6485a: shutdown LeaderState
2019-07-14 16:32:40,230 INFO  segmented.SegmentedRaftLogWorker (SegmentedRaftLogWorker.java:run(313)) - a6a6bf61-6fc9-4a4a-a23a-2580cacece8c-SegmentedRaftLogWorker:Storage Directory /workdir/hadoop-ozone/integration-test/target/test-dir/MiniOzoneClusterImpl-3ed042b0-70b2-4550-817a-04c536ab9f20/datanode-6/data/ratis/c3a16ccf-7e17-4141-b7af-3b37d4d7c4a4 was interrupted, exiting. There are 0 tasks remaining in the queue.
2019-07-14 16:32:40,230 INFO  impl.PendingRequests (PendingRequests.java:sendNotLeaderResponses(202)) - 7beec795-f12b-479c-98c0-438854f6485a-PendingRequests: sendNotLeaderResponses
2019-07-14 16:32:40,233 INFO  segmented.SegmentedRaftLogWorker (SegmentedRaftLogWorker.java:close(228)) - a6a6bf61-6fc9-4a4a-a23a-2580cacece8c-SegmentedRaftLogWorker:Storage Directory /workdir/hadoop-ozone/integration-test/target/test-dir/MiniOzoneClusterImpl-3ed042b0-70b2-4550-817a-04c536ab9f20/datanode-6/data/ratis/c3a16ccf-7e17-4141-b7af-3b37d4d7c4a4 close()
2019-07-14 16:32:40,233 INFO  ratis.ContainerStateMachine (ContainerStateMachine.java:takeSnapshot(246)) - Taking snapshot at termIndex:(t:0, i:~)
2019-07-14 16:32:40,233 INFO  impl.StateMachineUpdater (StateMachineUpdater.java:stopAndJoin(115)) - StateMachineUpdater:7beec795-f12b-479c-98c0-438854f6485a:group-68461943934E: set stopIndex = 0
2019-07-14 16:32:40,237 INFO  server.GrpcService (GrpcService.java:closeImpl(155)) - a6a6bf61-6fc9-4a4a-a23a-2580cacece8c: shutdown server with port 40573 now
2019-07-14 16:32:40,237 INFO  impl.RaftServerImpl (ServerState.java:close(394)) - 7beec795-f12b-479c-98c0-438854f6485a:group-68461943934E closes. The last applied log index is 0
2019-07-14 16:32:40,246 INFO  server.GrpcService (GrpcService.java:closeImpl(163)) - a6a6bf61-6fc9-4a4a-a23a-2580cacece8c: shutdown server with port 40573 successfully
2019-07-14 16:32:40,246 INFO  segmented.SegmentedRaftLogWorker (SegmentedRaftLogWorker.java:run(313)) - 7beec795-f12b-479c-98c0-438854f6485a-SegmentedRaftLogWorker:Storage Directory /workdir/hadoop-ozone/integration-test/target/test-dir/MiniOzoneClusterImpl-3ed042b0-70b2-4550-817a-04c536ab9f20/datanode-2/data/ratis/ec7ab07e-4231-4d03-8d24-68461943934e was interrupted, exiting. There are 0 tasks remaining in the queue.
2019-07-14 16:32:40,250 INFO  segmented.SegmentedRaftLogWorker (SegmentedRaftLogWorker.java:close(228)) - 7beec795-f12b-479c-98c0-438854f6485a-SegmentedRaftLogWorker:Storage Directory /workdir/hadoop-ozone/integration-test/target/test-dir/MiniOzoneClusterImpl-3ed042b0-70b2-4550-817a-04c536ab9f20/datanode-2/data/ratis/ec7ab07e-4231-4d03-8d24-68461943934e close()
2019-07-14 16:32:40,254 INFO  impl.RaftServerImpl (RaftServerImpl.java:lambda$shutdown$3(245)) - 7beec795-f12b-479c-98c0-438854f6485a: shutdown group-398BC575E08A
2019-07-14 16:32:40,255 INFO  utils.BackgroundService (BackgroundService.java:shutdown(148)) - Shutting down service BlockDeletingService
2019-07-14 16:32:40,255 INFO  util.JmxRegister (JmxRegister.java:unregister(73)) - Successfully un-registered JMX Bean with object name Ratis:service=RaftServer,group=group-398BC575E08A,id=7beec795-f12b-479c-98c0-438854f6485a
2019-07-14 16:32:40,256 INFO  impl.RoleInfo (RoleInfo.java:shutdownLeaderState(104)) - 7beec795-f12b-479c-98c0-438854f6485a: shutdown LeaderState
2019-07-14 16:32:40,259 INFO  impl.PendingRequests (PendingRequests.java:sendNotLeaderResponses(202)) - 7beec795-f12b-479c-98c0-438854f6485a-PendingRequests: sendNotLeaderResponses
2019-07-14 16:32:40,259 WARN  server.GrpcLogAppender (GrpcLogAppender.java:mayWait(143)) - GrpcLogAppender(7beec795-f12b-479c-98c0-438854f6485a->30e8bf10-19a9-4b0f-990f-a4b2fd9df601): Wait interrupted by java.lang.InterruptedException
2019-07-14 16:32:40,259 WARN  server.GrpcLogAppender (GrpcLogAppender.java:mayWait(143)) - GrpcLogAppender(7beec795-f12b-479c-98c0-438854f6485a->d1d44ffb-e260-4835-95e7-34213d346cf5): Wait interrupted by java.lang.InterruptedException
2019-07-14 16:32:40,261 INFO  impl.StateMachineUpdater (StateMachineUpdater.java:stopAndJoin(115)) - StateMachineUpdater:7beec795-f12b-479c-98c0-438854f6485a:group-398BC575E08A: set stopIndex = 0
2019-07-14 16:32:40,264 INFO  server.GrpcServerProtocolService (GrpcServerProtocolService.java:onCompleted(104)) - d1d44ffb-e260-4835-95e7-34213d346cf5: appendEntries completed
2019-07-14 16:32:40,264 INFO  ratis.ContainerStateMachine (ContainerStateMachine.java:takeSnapshot(246)) - Taking snapshot at termIndex:(t:0, i:~)
2019-07-14 16:32:40,264 WARN  fs.CachingGetSpaceUsed (CachingGetSpaceUsed.java:run(183)) - Thread Interrupted waiting to refresh disk information: sleep interrupted
2019-07-14 16:32:40,264 INFO  impl.RaftServerImpl (ServerState.java:close(394)) - 7beec795-f12b-479c-98c0-438854f6485a:group-398BC575E08A closes. The last applied log index is 0
2019-07-14 16:32:40,265 INFO  segmented.SegmentedRaftLogWorker (SegmentedRaftLogWorker.java:run(313)) - 7beec795-f12b-479c-98c0-438854f6485a-SegmentedRaftLogWorker:Storage Directory /workdir/hadoop-ozone/integration-test/target/test-dir/MiniOzoneClusterImpl-3ed042b0-70b2-4550-817a-04c536ab9f20/datanode-2/data/ratis/d03f644d-4a0c-4851-ac27-398bc575e08a was interrupted, exiting. There are 0 tasks remaining in the queue.
2019-07-14 16:32:40,265 INFO  server.GrpcLogAppender (GrpcLogAppender.java:onCompleted(292)) - 7beec795-f12b-479c-98c0-438854f6485a->d1d44ffb-e260-4835-95e7-34213d346cf5: follower responses appendEntries COMPLETED
2019-07-14 16:32:40,266 INFO  segmented.SegmentedRaftLogWorker (SegmentedRaftLogWorker.java:close(228)) - 7beec795-f12b-479c-98c0-438854f6485a-SegmentedRaftLogWorker:Storage Directory /workdir/hadoop-ozone/integration-test/target/test-dir/MiniOzoneClusterImpl-3ed042b0-70b2-4550-817a-04c536ab9f20/datanode-2/data/ratis/d03f644d-4a0c-4851-ac27-398bc575e08a close()
2019-07-14 16:32:40,267 INFO  impl.FollowerInfo (FollowerInfo.java:lambda$new$0(50)) - 7beec795-f12b-479c-98c0-438854f6485a->d1d44ffb-e260-4835-95e7-34213d346cf5: nextIndex: updateUnconditionally 1 -> 0
2019-07-14 16:32:40,269 INFO  server.GrpcService (GrpcService.java:closeImpl(155)) - 7beec795-f12b-479c-98c0-438854f6485a: shutdown server with port 35087 now
2019-07-14 16:32:40,270 INFO  server.GrpcService (GrpcService.java:closeImpl(163)) - 7beec795-f12b-479c-98c0-438854f6485a: shutdown server with port 35087 successfully
2019-07-14 16:32:40,271 INFO  utils.BackgroundService (BackgroundService.java:shutdown(148)) - Shutting down service BlockDeletingService
2019-07-14 16:32:40,272 WARN  fs.CachingGetSpaceUsed (CachingGetSpaceUsed.java:run(183)) - Thread Interrupted waiting to refresh disk information: sleep interrupted
2019-07-14 16:32:40,289 INFO  statemachine.DatanodeStateMachine (DatanodeStateMachine.java:stopDaemon(395)) - Ozone container server stopped.
2019-07-14 16:32:40,295 INFO  statemachine.DatanodeStateMachine (DatanodeStateMachine.java:stopDaemon(395)) - Ozone container server stopped.
2019-07-14 16:32:40,302 INFO  handler.ContextHandler (ContextHandler.java:doStop(910)) - Stopped o.e.j.w.WebAppContext@4537c9f8{/,null,UNAVAILABLE}{/hddsDatanode}
2019-07-14 16:32:40,303 INFO  handler.ContextHandler (ContextHandler.java:doStop(910)) - Stopped o.e.j.w.WebAppContext@5a919251{/,null,UNAVAILABLE}{/hddsDatanode}
2019-07-14 16:32:40,305 INFO  server.AbstractConnector (AbstractConnector.java:doStop(318)) - Stopped ServerConnector@698e2cba{HTTP/1.1,[http/1.1]}{0.0.0.0:0}
2019-07-14 16:32:40,305 INFO  server.AbstractConnector (AbstractConnector.java:doStop(318)) - Stopped ServerConnector@33a0b857{HTTP/1.1,[http/1.1]}{0.0.0.0:0}
2019-07-14 16:32:40,305 INFO  handler.ContextHandler (ContextHandler.java:doStop(910)) - Stopped o.e.j.s.ServletContextHandler@19e5e846{/static,jar:file:/home/user/.m2/repository/org/apache/hadoop/hadoop-hdds-container-service/0.5.0-SNAPSHOT/hadoop-hdds-container-service-0.5.0-SNAPSHOT.jar!/webapps/static,UNAVAILABLE}
2019-07-14 16:32:40,307 INFO  handler.ContextHandler (ContextHandler.java:doStop(910)) - Stopped o.e.j.s.ServletContextHandler@3d339541{/static,jar:file:/home/user/.m2/repository/org/apache/hadoop/hadoop-hdds-container-service/0.5.0-SNAPSHOT/hadoop-hdds-container-service-0.5.0-SNAPSHOT.jar!/webapps/static,UNAVAILABLE}
2019-07-14 16:32:40,307 INFO  handler.ContextHandler (ContextHandler.java:doStop(910)) - Stopped o.e.j.s.ServletContextHandler@630a647c{/logs,file:///workdir/hadoop-ozone/integration-test/target/log,UNAVAILABLE}
2019-07-14 16:32:40,309 INFO  handler.ContextHandler (ContextHandler.java:doStop(910)) - Stopped o.e.j.s.ServletContextHandler@6810465{/logs,file:///workdir/hadoop-ozone/integration-test/target/log,UNAVAILABLE}
2019-07-14 16:32:40,310 INFO  datanode.ObjectStoreHandler (ObjectStoreHandler.java:close(155)) - Closing ObjectStoreHandler.
2019-07-14 16:32:40,311 INFO  datanode.ObjectStoreHandler (ObjectStoreHandler.java:close(155)) - Closing ObjectStoreHandler.
2019-07-14 16:32:40,311 INFO  ozone.HddsDatanodeService (HddsDatanodeService.java:stop(452)) - Stopped plug-in org.apache.hadoop.ozone.web.OzoneHddsDatanodeService@54bf2319
2019-07-14 16:32:40,311 INFO  ozone.HddsDatanodeService (HddsDatanodeService.java:stop(452)) - Stopped plug-in org.apache.hadoop.ozone.web.OzoneHddsDatanodeService@7bb996e0
2019-07-14 16:32:40,708 WARN  server.GrpcLogAppender (LogUtils.java:warn(134)) - 3e1669b8-a6b2-4b30-88df-8c35b0353d38->65c075ba-bacd-492c-a364-25117d11be4f: Failed appendEntries: org.apache.ratis.thirdparty.io.grpc.StatusRuntimeException: UNAVAILABLE: io exception
2019-07-14 16:32:40,708 INFO  impl.FollowerInfo (FollowerInfo.java:lambda$new$0(50)) - 3e1669b8-a6b2-4b30-88df-8c35b0353d38->65c075ba-bacd-492c-a364-25117d11be4f: nextIndex: updateUnconditionally 13 -> 12
2019-07-14 16:32:40,709 WARN  server.GrpcLogAppender (LogUtils.java:warn(134)) - 3e1669b8-a6b2-4b30-88df-8c35b0353d38->1431c511-6559-4dee-ba81-47b4a333bbfc: Failed appendEntries: org.apache.ratis.thirdparty.io.grpc.StatusRuntimeException: UNAVAILABLE: io exception
2019-07-14 16:32:40,709 INFO  impl.FollowerInfo (FollowerInfo.java:lambda$new$0(50)) - 3e1669b8-a6b2-4b30-88df-8c35b0353d38->1431c511-6559-4dee-ba81-47b4a333bbfc: nextIndex: updateUnconditionally 24 -> 23
2019-07-14 16:32:40,732 INFO  statemachine.DatanodeStateMachine (DatanodeStateMachine.java:lambda$startDaemon$0(350)) - Ozone container server started.
2019-07-14 16:32:41,271 INFO  statemachine.DatanodeStateMachine (DatanodeStateMachine.java:lambda$startDaemon$0(350)) - Ozone container server started.
2019-07-14 16:32:43,209 WARN  server.GrpcLogAppender (LogUtils.java:warn(134)) - 3e1669b8-a6b2-4b30-88df-8c35b0353d38->65c075ba-bacd-492c-a364-25117d11be4f: Failed appendEntries: org.apache.ratis.thirdparty.io.grpc.StatusRuntimeException: UNAVAILABLE: io exception
2019-07-14 16:32:43,209 WARN  server.GrpcLogAppender (LogUtils.java:warn(134)) - 3e1669b8-a6b2-4b30-88df-8c35b0353d38->1431c511-6559-4dee-ba81-47b4a333bbfc: Failed appendEntries: org.apache.ratis.thirdparty.io.grpc.StatusRuntimeException: UNAVAILABLE: io exception
2019-07-14 16:32:43,209 INFO  impl.FollowerInfo (FollowerInfo.java:lambda$new$0(50)) - 3e1669b8-a6b2-4b30-88df-8c35b0353d38->65c075ba-bacd-492c-a364-25117d11be4f: nextIndex: updateUnconditionally 12 -> 11
2019-07-14 16:32:43,210 INFO  impl.FollowerInfo (FollowerInfo.java:lambda$new$0(50)) - 3e1669b8-a6b2-4b30-88df-8c35b0353d38->1431c511-6559-4dee-ba81-47b4a333bbfc: nextIndex: updateUnconditionally 23 -> 22
2019-07-14 16:32:43,373 INFO  impl.FollowerState (FollowerState.java:run(106)) - d1d44ffb-e260-4835-95e7-34213d346cf5:group-398BC575E08A changes to CANDIDATE, lastRpcTime:5287, electionTimeout:5048ms
2019-07-14 16:32:43,373 INFO  impl.RoleInfo (RoleInfo.java:shutdownFollowerState(121)) - d1d44ffb-e260-4835-95e7-34213d346cf5: shutdown FollowerState
2019-07-14 16:32:43,374 INFO  impl.RaftServerImpl (RaftServerImpl.java:setRole(171)) - d1d44ffb-e260-4835-95e7-34213d346cf5:group-398BC575E08A changes role from FOLLOWER to CANDIDATE at term 1 for changeToCandidate
2019-07-14 16:32:43,374 INFO  impl.RoleInfo (RoleInfo.java:updateAndGet(143)) - d1d44ffb-e260-4835-95e7-34213d346cf5: start LeaderElection
2019-07-14 16:32:43,376 INFO  impl.RaftServerImpl (ServerState.java:setLeader(263)) - d1d44ffb-e260-4835-95e7-34213d346cf5:group-398BC575E08A change Leader from 7beec795-f12b-479c-98c0-438854f6485a to null at term 1 for initElection
2019-07-14 16:32:43,390 INFO  impl.LeaderElection (LeaderElection.java:askForVotes(181)) - d1d44ffb-e260-4835-95e7-34213d346cf5:group-398BC575E08A:LeaderElection76: begin an election at term 2 for 0: [7beec795-f12b-479c-98c0-438854f6485a:192.168.69.77:35087, d1d44ffb-e260-4835-95e7-34213d346cf5:192.168.69.77:40193, 30e8bf10-19a9-4b0f-990f-a4b2fd9df601:192.168.69.77:32809], old=null
2019-07-14 16:32:43,392 INFO  impl.LeaderElection (LogUtils.java:infoOrTrace(149)) - d1d44ffb-e260-4835-95e7-34213d346cf5:group-398BC575E08A:LeaderElection76 got exception when requesting votes: {}
java.util.concurrent.ExecutionException: org.apache.ratis.thirdparty.io.grpc.StatusRuntimeException: UNAVAILABLE: io exception
	at java.util.concurrent.FutureTask.report(FutureTask.java:122)
	at java.util.concurrent.FutureTask.get(FutureTask.java:192)
	at org.apache.ratis.server.impl.LeaderElection.waitForResults(LeaderElection.java:262)
	at org.apache.ratis.server.impl.LeaderElection.askForVotes(LeaderElection.java:200)
	at org.apache.ratis.server.impl.LeaderElection.run(LeaderElection.java:130)
	at java.lang.Thread.run(Thread.java:748)
Caused by: org.apache.ratis.thirdparty.io.grpc.StatusRuntimeException: UNAVAILABLE: io exception
	at org.apache.ratis.thirdparty.io.grpc.stub.ClientCalls.toStatusRuntimeException(ClientCalls.java:233)
	at org.apache.ratis.thirdparty.io.grpc.stub.ClientCalls.getUnchecked(ClientCalls.java:214)
	at org.apache.ratis.thirdparty.io.grpc.stub.ClientCalls.blockingUnaryCall(ClientCalls.java:139)
	at org.apache.ratis.proto.grpc.RaftServerProtocolServiceGrpc$RaftServerProtocolServiceBlockingStub.requestVote(RaftServerProtocolServiceGrpc.java:265)
	at org.apache.ratis.grpc.server.GrpcServerProtocolClient.requestVote(GrpcServerProtocolClient.java:83)
	at org.apache.ratis.grpc.server.GrpcService.requestVote(GrpcService.java:195)
	at org.apache.ratis.server.impl.LeaderElection.lambda$submitRequests$1(LeaderElection.java:237)
	at java.util.concurrent.FutureTask.run(FutureTask.java:266)
	at java.util.concurrent.Executors$RunnableAdapter.call(Executors.java:511)
	at java.util.concurrent.FutureTask.run(FutureTask.java:266)
	at java.util.concurrent.ThreadPoolExecutor.runWorker(ThreadPoolExecutor.java:1149)
	at java.util.concurrent.ThreadPoolExecutor$Worker.run(ThreadPoolExecutor.java:624)
	... 1 more
Caused by: org.apache.ratis.thirdparty.io.netty.channel.AbstractChannel$AnnotatedConnectException: Connection refused: /192.168.69.77:32809
	at sun.nio.ch.SocketChannelImpl.checkConnect(Native Method)
	at sun.nio.ch.SocketChannelImpl.finishConnect(SocketChannelImpl.java:717)
	at org.apache.ratis.thirdparty.io.netty.channel.socket.nio.NioSocketChannel.doFinishConnect(NioSocketChannel.java:327)
	at org.apache.ratis.thirdparty.io.netty.channel.nio.AbstractNioChannel$AbstractNioUnsafe.finishConnect(AbstractNioChannel.java:340)
	at org.apache.ratis.thirdparty.io.netty.channel.nio.NioEventLoop.processSelectedKey(NioEventLoop.java:632)
	at org.apache.ratis.thirdparty.io.netty.channel.nio.NioEventLoop.processSelectedKeysOptimized(NioEventLoop.java:579)
	at org.apache.ratis.thirdparty.io.netty.channel.nio.NioEventLoop.processSelectedKeys(NioEventLoop.java:496)
	at org.apache.ratis.thirdparty.io.netty.channel.nio.NioEventLoop.run(NioEventLoop.java:458)
	at org.apache.ratis.thirdparty.io.netty.util.concurrent.SingleThreadEventExecutor$5.run(SingleThreadEventExecutor.java:897)
	at org.apache.ratis.thirdparty.io.netty.util.concurrent.FastThreadLocalRunnable.run(FastThreadLocalRunnable.java:30)
	... 1 more
Caused by: java.net.ConnectException: Connection refused
	... 11 more
2019-07-14 16:32:43,394 INFO  impl.LeaderElection (LogUtils.java:infoOrTrace(149)) - d1d44ffb-e260-4835-95e7-34213d346cf5:group-398BC575E08A:LeaderElection76 got exception when requesting votes: {}
java.util.concurrent.ExecutionException: org.apache.ratis.thirdparty.io.grpc.StatusRuntimeException: UNAVAILABLE: io exception
	at java.util.concurrent.FutureTask.report(FutureTask.java:122)
	at java.util.concurrent.FutureTask.get(FutureTask.java:192)
	at org.apache.ratis.server.impl.LeaderElection.waitForResults(LeaderElection.java:262)
	at org.apache.ratis.server.impl.LeaderElection.askForVotes(LeaderElection.java:200)
	at org.apache.ratis.server.impl.LeaderElection.run(LeaderElection.java:130)
	at java.lang.Thread.run(Thread.java:748)
Caused by: org.apache.ratis.thirdparty.io.grpc.StatusRuntimeException: UNAVAILABLE: io exception
	at org.apache.ratis.thirdparty.io.grpc.stub.ClientCalls.toStatusRuntimeException(ClientCalls.java:233)
	at org.apache.ratis.thirdparty.io.grpc.stub.ClientCalls.getUnchecked(ClientCalls.java:214)
	at org.apache.ratis.thirdparty.io.grpc.stub.ClientCalls.blockingUnaryCall(ClientCalls.java:139)
	at org.apache.ratis.proto.grpc.RaftServerProtocolServiceGrpc$RaftServerProtocolServiceBlockingStub.requestVote(RaftServerProtocolServiceGrpc.java:265)
	at org.apache.ratis.grpc.server.GrpcServerProtocolClient.requestVote(GrpcServerProtocolClient.java:83)
	at org.apache.ratis.grpc.server.GrpcService.requestVote(GrpcService.java:195)
	at org.apache.ratis.server.impl.LeaderElection.lambda$submitRequests$1(LeaderElection.java:237)
	at java.util.concurrent.FutureTask.run(FutureTask.java:266)
	at java.util.concurrent.Executors$RunnableAdapter.call(Executors.java:511)
	at java.util.concurrent.FutureTask.run(FutureTask.java:266)
	at java.util.concurrent.ThreadPoolExecutor.runWorker(ThreadPoolExecutor.java:1149)
	at java.util.concurrent.ThreadPoolExecutor$Worker.run(ThreadPoolExecutor.java:624)
	... 1 more
Caused by: org.apache.ratis.thirdparty.io.netty.channel.AbstractChannel$AnnotatedConnectException: Connection refused: /192.168.69.77:35087
	at sun.nio.ch.SocketChannelImpl.checkConnect(Native Method)
	at sun.nio.ch.SocketChannelImpl.finishConnect(SocketChannelImpl.java:717)
	at org.apache.ratis.thirdparty.io.netty.channel.socket.nio.NioSocketChannel.doFinishConnect(NioSocketChannel.java:327)
	at org.apache.ratis.thirdparty.io.netty.channel.nio.AbstractNioChannel$AbstractNioUnsafe.finishConnect(AbstractNioChannel.java:340)
	at org.apache.ratis.thirdparty.io.netty.channel.nio.NioEventLoop.processSelectedKey(NioEventLoop.java:632)
	at org.apache.ratis.thirdparty.io.netty.channel.nio.NioEventLoop.processSelectedKeysOptimized(NioEventLoop.java:579)
	at org.apache.ratis.thirdparty.io.netty.channel.nio.NioEventLoop.processSelectedKeys(NioEventLoop.java:496)
	at org.apache.ratis.thirdparty.io.netty.channel.nio.NioEventLoop.run(NioEventLoop.java:458)
	at org.apache.ratis.thirdparty.io.netty.util.concurrent.SingleThreadEventExecutor$5.run(SingleThreadEventExecutor.java:897)
	at org.apache.ratis.thirdparty.io.netty.util.concurrent.FastThreadLocalRunnable.run(FastThreadLocalRunnable.java:30)
	... 1 more
Caused by: java.net.ConnectException: Connection refused
	... 11 more
2019-07-14 16:32:43,396 INFO  impl.LeaderElection (LeaderElection.java:logAndReturn(56)) - d1d44ffb-e260-4835-95e7-34213d346cf5:group-398BC575E08A:LeaderElection76: Election REJECTED; received 0 response(s) [] and 2 exception(s); d1d44ffb-e260-4835-95e7-34213d346cf5:t2, leader=null, voted=d1d44ffb-e260-4835-95e7-34213d346cf5, raftlog=d1d44ffb-e260-4835-95e7-34213d346cf5-SegmentedRaftLog:OPENED:c0,f0,i0, conf=0: [7beec795-f12b-479c-98c0-438854f6485a:192.168.69.77:35087, d1d44ffb-e260-4835-95e7-34213d346cf5:192.168.69.77:40193, 30e8bf10-19a9-4b0f-990f-a4b2fd9df601:192.168.69.77:32809], old=null
2019-07-14 16:32:43,396 INFO  impl.LeaderElection (LogUtils.java:infoOrTrace(149)) -   Exception 0: {}
java.util.concurrent.ExecutionException: org.apache.ratis.thirdparty.io.grpc.StatusRuntimeException: UNAVAILABLE: io exception
	at java.util.concurrent.FutureTask.report(FutureTask.java:122)
	at java.util.concurrent.FutureTask.get(FutureTask.java:192)
	at org.apache.ratis.server.impl.LeaderElection.waitForResults(LeaderElection.java:262)
	at org.apache.ratis.server.impl.LeaderElection.askForVotes(LeaderElection.java:200)
	at org.apache.ratis.server.impl.LeaderElection.run(LeaderElection.java:130)
	at java.lang.Thread.run(Thread.java:748)
Caused by: org.apache.ratis.thirdparty.io.grpc.StatusRuntimeException: UNAVAILABLE: io exception
	at org.apache.ratis.thirdparty.io.grpc.stub.ClientCalls.toStatusRuntimeException(ClientCalls.java:233)
	at org.apache.ratis.thirdparty.io.grpc.stub.ClientCalls.getUnchecked(ClientCalls.java:214)
	at org.apache.ratis.thirdparty.io.grpc.stub.ClientCalls.blockingUnaryCall(ClientCalls.java:139)
	at org.apache.ratis.proto.grpc.RaftServerProtocolServiceGrpc$RaftServerProtocolServiceBlockingStub.requestVote(RaftServerProtocolServiceGrpc.java:265)
	at org.apache.ratis.grpc.server.GrpcServerProtocolClient.requestVote(GrpcServerProtocolClient.java:83)
	at org.apache.ratis.grpc.server.GrpcService.requestVote(GrpcService.java:195)
	at org.apache.ratis.server.impl.LeaderElection.lambda$submitRequests$1(LeaderElection.java:237)
	at java.util.concurrent.FutureTask.run(FutureTask.java:266)
	at java.util.concurrent.Executors$RunnableAdapter.call(Executors.java:511)
	at java.util.concurrent.FutureTask.run(FutureTask.java:266)
	at java.util.concurrent.ThreadPoolExecutor.runWorker(ThreadPoolExecutor.java:1149)
	at java.util.concurrent.ThreadPoolExecutor$Worker.run(ThreadPoolExecutor.java:624)
	... 1 more
Caused by: org.apache.ratis.thirdparty.io.netty.channel.AbstractChannel$AnnotatedConnectException: Connection refused: /192.168.69.77:32809
	at sun.nio.ch.SocketChannelImpl.checkConnect(Native Method)
	at sun.nio.ch.SocketChannelImpl.finishConnect(SocketChannelImpl.java:717)
	at org.apache.ratis.thirdparty.io.netty.channel.socket.nio.NioSocketChannel.doFinishConnect(NioSocketChannel.java:327)
	at org.apache.ratis.thirdparty.io.netty.channel.nio.AbstractNioChannel$AbstractNioUnsafe.finishConnect(AbstractNioChannel.java:340)
	at org.apache.ratis.thirdparty.io.netty.channel.nio.NioEventLoop.processSelectedKey(NioEventLoop.java:632)
	at org.apache.ratis.thirdparty.io.netty.channel.nio.NioEventLoop.processSelectedKeysOptimized(NioEventLoop.java:579)
	at org.apache.ratis.thirdparty.io.netty.channel.nio.NioEventLoop.processSelectedKeys(NioEventLoop.java:496)
	at org.apache.ratis.thirdparty.io.netty.channel.nio.NioEventLoop.run(NioEventLoop.java:458)
	at org.apache.ratis.thirdparty.io.netty.util.concurrent.SingleThreadEventExecutor$5.run(SingleThreadEventExecutor.java:897)
	at org.apache.ratis.thirdparty.io.netty.util.concurrent.FastThreadLocalRunnable.run(FastThreadLocalRunnable.java:30)
	... 1 more
Caused by: java.net.ConnectException: Connection refused
	... 11 more
2019-07-14 16:32:43,396 INFO  impl.LeaderElection (LogUtils.java:infoOrTrace(149)) -   Exception 1: {}
java.util.concurrent.ExecutionException: org.apache.ratis.thirdparty.io.grpc.StatusRuntimeException: UNAVAILABLE: io exception
	at java.util.concurrent.FutureTask.report(FutureTask.java:122)
	at java.util.concurrent.FutureTask.get(FutureTask.java:192)
	at org.apache.ratis.server.impl.LeaderElection.waitForResults(LeaderElection.java:262)
	at org.apache.ratis.server.impl.LeaderElection.askForVotes(LeaderElection.java:200)
	at org.apache.ratis.server.impl.LeaderElection.run(LeaderElection.java:130)
	at java.lang.Thread.run(Thread.java:748)
Caused by: org.apache.ratis.thirdparty.io.grpc.StatusRuntimeException: UNAVAILABLE: io exception
	at org.apache.ratis.thirdparty.io.grpc.stub.ClientCalls.toStatusRuntimeException(ClientCalls.java:233)
	at org.apache.ratis.thirdparty.io.grpc.stub.ClientCalls.getUnchecked(ClientCalls.java:214)
	at org.apache.ratis.thirdparty.io.grpc.stub.ClientCalls.blockingUnaryCall(ClientCalls.java:139)
	at org.apache.ratis.proto.grpc.RaftServerProtocolServiceGrpc$RaftServerProtocolServiceBlockingStub.requestVote(RaftServerProtocolServiceGrpc.java:265)
	at org.apache.ratis.grpc.server.GrpcServerProtocolClient.requestVote(GrpcServerProtocolClient.java:83)
	at org.apache.ratis.grpc.server.GrpcService.requestVote(GrpcService.java:195)
	at org.apache.ratis.server.impl.LeaderElection.lambda$submitRequests$1(LeaderElection.java:237)
	at java.util.concurrent.FutureTask.run(FutureTask.java:266)
	at java.util.concurrent.Executors$RunnableAdapter.call(Executors.java:511)
	at java.util.concurrent.FutureTask.run(FutureTask.java:266)
	at java.util.concurrent.ThreadPoolExecutor.runWorker(ThreadPoolExecutor.java:1149)
	at java.util.concurrent.ThreadPoolExecutor$Worker.run(ThreadPoolExecutor.java:624)
	... 1 more
Caused by: org.apache.ratis.thirdparty.io.netty.channel.AbstractChannel$AnnotatedConnectException: Connection refused: /192.168.69.77:35087
	at sun.nio.ch.SocketChannelImpl.checkConnect(Native Method)
	at sun.nio.ch.SocketChannelImpl.finishConnect(SocketChannelImpl.java:717)
	at org.apache.ratis.thirdparty.io.netty.channel.socket.nio.NioSocketChannel.doFinishConnect(NioSocketChannel.java:327)
	at org.apache.ratis.thirdparty.io.netty.channel.nio.AbstractNioChannel$AbstractNioUnsafe.finishConnect(AbstractNioChannel.java:340)
	at org.apache.ratis.thirdparty.io.netty.channel.nio.NioEventLoop.processSelectedKey(NioEventLoop.java:632)
	at org.apache.ratis.thirdparty.io.netty.channel.nio.NioEventLoop.processSelectedKeysOptimized(NioEventLoop.java:579)
	at org.apache.ratis.thirdparty.io.netty.channel.nio.NioEventLoop.processSelectedKeys(NioEventLoop.java:496)
	at org.apache.ratis.thirdparty.io.netty.channel.nio.NioEventLoop.run(NioEventLoop.java:458)
	at org.apache.ratis.thirdparty.io.netty.util.concurrent.SingleThreadEventExecutor$5.run(SingleThreadEventExecutor.java:897)
	at org.apache.ratis.thirdparty.io.netty.util.concurrent.FastThreadLocalRunnable.run(FastThreadLocalRunnable.java:30)
	... 1 more
Caused by: java.net.ConnectException: Connection refused
	... 11 more
2019-07-14 16:32:43,397 INFO  impl.RaftServerImpl (RaftServerImpl.java:setRole(171)) - d1d44ffb-e260-4835-95e7-34213d346cf5:group-398BC575E08A changes role from CANDIDATE to FOLLOWER at term 2 for DISCOVERED_A_NEW_TERM
2019-07-14 16:32:43,397 INFO  impl.RoleInfo (RoleInfo.java:shutdownLeaderElection(134)) - d1d44ffb-e260-4835-95e7-34213d346cf5: shutdown LeaderElection
2019-07-14 16:32:43,397 INFO  impl.RoleInfo (RoleInfo.java:updateAndGet(143)) - d1d44ffb-e260-4835-95e7-34213d346cf5: start FollowerState
2019-07-14 16:32:43,884 INFO  client.GrpcClientProtocolService (GrpcClientProtocolService.java:lambda$processClientRequest$0(278)) - Failed RaftClientRequest:client-A7ECBF4201E9->3e1669b8-a6b2-4b30-88df-8c35b0353d38@group-4956975A1778, cid=198, seq=0, Watch-ALL_COMMITTED(22), Message:<EMPTY>, reply=RaftClientReply:client-A7ECBF4201E9->3e1669b8-a6b2-4b30-88df-8c35b0353d38@group-4956975A1778, cid=198, FAILED org.apache.ratis.protocol.NotReplicatedException: Request with call Id 198 and log index 22 is not yet replicated to ALL_COMMITTED, logIndex=22, commits[3e1669b8-a6b2-4b30-88df-8c35b0353d38:c26, 1431c511-6559-4dee-ba81-47b4a333bbfc:c26, 65c075ba-bacd-492c-a364-25117d11be4f:c16]
2019-07-14 16:32:43,885 INFO  client.GrpcClientProtocolClient (GrpcClientProtocolClient.java:onNext(255)) - client-A7ECBF4201E9->3e1669b8-a6b2-4b30-88df-8c35b0353d38: receive RaftClientReply:client-A7ECBF4201E9->3e1669b8-a6b2-4b30-88df-8c35b0353d38@group-4956975A1778, cid=198, FAILED org.apache.ratis.protocol.NotReplicatedException: Request with call Id 198 and log index 22 is not yet replicated to ALL_COMMITTED, logIndex=22, commits[3e1669b8-a6b2-4b30-88df-8c35b0353d38:c26, 1431c511-6559-4dee-ba81-47b4a333bbfc:c26, 65c075ba-bacd-492c-a364-25117d11be4f:c16]
2019-07-14 16:32:44,803 INFO  node.StaleNodeHandler (StaleNodeHandler.java:onMessage(58)) - Datanode 3e1669b8-a6b2-4b30-88df-8c35b0353d38{ip: 192.168.69.77, host: pr-hdds-1710-5x6jb-1204890111, networkLocation: /default-rack, certSerialId: null} moved to stale state. Finalizing its pipelines [PipelineID=a2265516-d724-43b4-8691-4956975a1778, PipelineID=e425cd57-e139-4442-908c-161bfd728d84]
2019-07-14 16:32:44,803 INFO  pipeline.SCMPipelineManager (SCMPipelineManager.java:finalizeAndDestroyPipeline(309)) - destroying pipeline:Pipeline[ Id: a2265516-d724-43b4-8691-4956975a1778, Nodes: 65c075ba-bacd-492c-a364-25117d11be4f{ip: 192.168.69.77, host: pr-hdds-1710-5x6jb-1204890111, networkLocation: /default-rack, certSerialId: null}3e1669b8-a6b2-4b30-88df-8c35b0353d38{ip: 192.168.69.77, host: pr-hdds-1710-5x6jb-1204890111, networkLocation: /default-rack, certSerialId: null}1431c511-6559-4dee-ba81-47b4a333bbfc{ip: 192.168.69.77, host: pr-hdds-1710-5x6jb-1204890111, networkLocation: /default-rack, certSerialId: null}, Type:RATIS, Factor:THREE, State:CLOSED]
2019-07-14 16:32:44,803 INFO  pipeline.SCMPipelineManager (SCMPipelineManager.java:finalizeAndDestroyPipeline(309)) - destroying pipeline:Pipeline[ Id: e425cd57-e139-4442-908c-161bfd728d84, Nodes: 3e1669b8-a6b2-4b30-88df-8c35b0353d38{ip: 192.168.69.77, host: pr-hdds-1710-5x6jb-1204890111, networkLocation: /default-rack, certSerialId: null}, Type:RATIS, Factor:ONE, State:OPEN]
2019-07-14 16:32:44,804 INFO  pipeline.PipelineStateManager (PipelineStateManager.java:finalizePipeline(123)) - Pipeline Pipeline[ Id: e425cd57-e139-4442-908c-161bfd728d84, Nodes: 3e1669b8-a6b2-4b30-88df-8c35b0353d38{ip: 192.168.69.77, host: pr-hdds-1710-5x6jb-1204890111, networkLocation: /default-rack, certSerialId: null}, Type:RATIS, Factor:ONE, State:CLOSED] moved to CLOSED state
2019-07-14 16:32:45,303 INFO  node.StaleNodeHandler (StaleNodeHandler.java:onMessage(58)) - Datanode d1d44ffb-e260-4835-95e7-34213d346cf5{ip: 192.168.69.77, host: pr-hdds-1710-5x6jb-1204890111, networkLocation: /default-rack, certSerialId: null} moved to stale state. Finalizing its pipelines [PipelineID=ce5e6804-df3a-4bfd-b1e4-e4443cb182a0, PipelineID=d03f644d-4a0c-4851-ac27-398bc575e08a]
2019-07-14 16:32:45,304 INFO  pipeline.SCMPipelineManager (SCMPipelineManager.java:finalizeAndDestroyPipeline(309)) - destroying pipeline:Pipeline[ Id: ce5e6804-df3a-4bfd-b1e4-e4443cb182a0, Nodes: d1d44ffb-e260-4835-95e7-34213d346cf5{ip: 192.168.69.77, host: pr-hdds-1710-5x6jb-1204890111, networkLocation: /default-rack, certSerialId: null}, Type:RATIS, Factor:ONE, State:OPEN]
2019-07-14 16:32:45,304 INFO  pipeline.PipelineStateManager (PipelineStateManager.java:finalizePipeline(123)) - Pipeline Pipeline[ Id: ce5e6804-df3a-4bfd-b1e4-e4443cb182a0, Nodes: d1d44ffb-e260-4835-95e7-34213d346cf5{ip: 192.168.69.77, host: pr-hdds-1710-5x6jb-1204890111, networkLocation: /default-rack, certSerialId: null}, Type:RATIS, Factor:ONE, State:CLOSED] moved to CLOSED state
2019-07-14 16:32:45,304 INFO  pipeline.SCMPipelineManager (SCMPipelineManager.java:finalizeAndDestroyPipeline(309)) - destroying pipeline:Pipeline[ Id: d03f644d-4a0c-4851-ac27-398bc575e08a, Nodes: 7beec795-f12b-479c-98c0-438854f6485a{ip: 192.168.69.77, host: pr-hdds-1710-5x6jb-1204890111, networkLocation: /default-rack, certSerialId: null}d1d44ffb-e260-4835-95e7-34213d346cf5{ip: 192.168.69.77, host: pr-hdds-1710-5x6jb-1204890111, networkLocation: /default-rack, certSerialId: null}30e8bf10-19a9-4b0f-990f-a4b2fd9df601{ip: 192.168.69.77, host: pr-hdds-1710-5x6jb-1204890111, networkLocation: /default-rack, certSerialId: null}, Type:RATIS, Factor:THREE, State:CLOSED]
2019-07-14 16:32:45,312 INFO  ozoneimpl.OzoneContainer (OzoneContainer.java:stop(199)) - Attempting to stop container services.
2019-07-14 16:32:45,312 INFO  ozoneimpl.OzoneContainer (OzoneContainer.java:stop(199)) - Attempting to stop container services.
2019-07-14 16:32:45,312 INFO  impl.RaftServerProxy (RaftServerProxy.java:lambda$close$4(314)) - d1d44ffb-e260-4835-95e7-34213d346cf5: close
2019-07-14 16:32:45,313 INFO  impl.RaftServerProxy (RaftServerProxy.java:lambda$close$4(314)) - 3e1669b8-a6b2-4b30-88df-8c35b0353d38: close
2019-07-14 16:32:45,313 INFO  impl.RaftServerImpl (RaftServerImpl.java:lambda$shutdown$3(245)) - d1d44ffb-e260-4835-95e7-34213d346cf5: shutdown group-E4443CB182A0
2019-07-14 16:32:45,313 INFO  impl.RaftServerImpl (RaftServerImpl.java:lambda$shutdown$3(245)) - 3e1669b8-a6b2-4b30-88df-8c35b0353d38: shutdown group-4956975A1778
2019-07-14 16:32:45,314 INFO  util.JmxRegister (JmxRegister.java:unregister(73)) - Successfully un-registered JMX Bean with object name Ratis:service=RaftServer,group=group-4956975A1778,id=3e1669b8-a6b2-4b30-88df-8c35b0353d38
2019-07-14 16:32:45,314 INFO  impl.RoleInfo (RoleInfo.java:shutdownLeaderState(104)) - 3e1669b8-a6b2-4b30-88df-8c35b0353d38: shutdown LeaderState
2019-07-14 16:32:45,314 INFO  util.JmxRegister (JmxRegister.java:unregister(73)) - Successfully un-registered JMX Bean with object name Ratis:service=RaftServer,group=group-E4443CB182A0,id=d1d44ffb-e260-4835-95e7-34213d346cf5
2019-07-14 16:32:45,318 INFO  impl.PendingRequests (PendingRequests.java:sendNotLeaderResponses(202)) - 3e1669b8-a6b2-4b30-88df-8c35b0353d38-PendingRequests: sendNotLeaderResponses
2019-07-14 16:32:45,318 WARN  server.GrpcLogAppender (GrpcLogAppender.java:mayWait(143)) - GrpcLogAppender(3e1669b8-a6b2-4b30-88df-8c35b0353d38->1431c511-6559-4dee-ba81-47b4a333bbfc): Wait interrupted by java.lang.InterruptedException
2019-07-14 16:32:45,319 WARN  server.GrpcLogAppender (GrpcLogAppender.java:mayWait(143)) - GrpcLogAppender(3e1669b8-a6b2-4b30-88df-8c35b0353d38->65c075ba-bacd-492c-a364-25117d11be4f): Wait interrupted by java.lang.InterruptedException
2019-07-14 16:32:45,318 INFO  impl.RoleInfo (RoleInfo.java:shutdownLeaderState(104)) - d1d44ffb-e260-4835-95e7-34213d346cf5: shutdown LeaderState
2019-07-14 16:32:45,321 INFO  impl.PendingRequests (PendingRequests.java:sendNotLeaderResponses(202)) - d1d44ffb-e260-4835-95e7-34213d346cf5-PendingRequests: sendNotLeaderResponses
2019-07-14 16:32:45,321 INFO  client.GrpcClientProtocolService (GrpcClientProtocolService.java:lambda$processClientRequest$0(278)) - Failed RaftClientRequest:client-A7ECBF4201E9->3e1669b8-a6b2-4b30-88df-8c35b0353d38@group-4956975A1778, cid=198, seq=0, Watch-ALL_COMMITTED(22), Message:<EMPTY>, reply=RaftClientReply:client-A7ECBF4201E9->3e1669b8-a6b2-4b30-88df-8c35b0353d38@group-4956975A1778, cid=198, FAILED org.apache.ratis.protocol.NotLeaderException: Server 3e1669b8-a6b2-4b30-88df-8c35b0353d38 is not the leader (null). Request must be sent to leader., logIndex=0, commits[3e1669b8-a6b2-4b30-88df-8c35b0353d38:c26]
2019-07-14 16:32:45,321 INFO  ratis.ContainerStateMachine (ContainerStateMachine.java:takeSnapshot(246)) - Taking snapshot at termIndex:(t:1, i:26)
2019-07-14 16:32:45,321 INFO  impl.StateMachineUpdater (StateMachineUpdater.java:stopAndJoin(115)) - StateMachineUpdater:3e1669b8-a6b2-4b30-88df-8c35b0353d38:group-4956975A1778: set stopIndex = 26
2019-07-14 16:32:45,322 INFO  ratis.ContainerStateMachine (ContainerStateMachine.java:takeSnapshot(250)) - Taking a snapshot to file /workdir/hadoop-ozone/integration-test/target/test-dir/MiniOzoneClusterImpl-3ed042b0-70b2-4550-817a-04c536ab9f20/datanode-5/data/ratis/a2265516-d724-43b4-8691-4956975a1778/sm/snapshot.1_26
2019-07-14 16:32:45,322 INFO  ratis.ContainerStateMachine (ContainerStateMachine.java:takeSnapshot(246)) - Taking snapshot at termIndex:(t:0, i:~)
2019-07-14 16:32:45,321 INFO  impl.StateMachineUpdater (StateMachineUpdater.java:stopAndJoin(115)) - StateMachineUpdater:d1d44ffb-e260-4835-95e7-34213d346cf5:group-E4443CB182A0: set stopIndex = 0
2019-07-14 16:32:45,323 INFO  client.GrpcClientProtocolClient (GrpcClientProtocolClient.java:onNext(255)) - client-A7ECBF4201E9->3e1669b8-a6b2-4b30-88df-8c35b0353d38: receive RaftClientReply:client-A7ECBF4201E9->3e1669b8-a6b2-4b30-88df-8c35b0353d38@group-4956975A1778, cid=198, FAILED org.apache.ratis.protocol.NotLeaderException: Server 3e1669b8-a6b2-4b30-88df-8c35b0353d38 is not the leader (null). Request must be sent to leader., logIndex=0, commits[3e1669b8-a6b2-4b30-88df-8c35b0353d38:c26]
2019-07-14 16:32:45,323 INFO  impl.StateMachineUpdater (StateMachineUpdater.java:takeSnapshot(242)) - StateMachineUpdater:3e1669b8-a6b2-4b30-88df-8c35b0353d38:group-4956975A1778: Took a snapshot at index 26
2019-07-14 16:32:45,323 INFO  impl.RaftServerImpl (ServerState.java:close(394)) - d1d44ffb-e260-4835-95e7-34213d346cf5:group-E4443CB182A0 closes. The last applied log index is 0
2019-07-14 16:32:45,323 INFO  impl.StateMachineUpdater (StateMachineUpdater.java:lambda$new$0(80)) - StateMachineUpdater:3e1669b8-a6b2-4b30-88df-8c35b0353d38:group-4956975A1778: snapshotIndex: updateIncreasingly -1 -> 26
2019-07-14 16:32:45,324 INFO  segmented.SegmentedRaftLogWorker (SegmentedRaftLogWorker.java:run(313)) - d1d44ffb-e260-4835-95e7-34213d346cf5-SegmentedRaftLogWorker:Storage Directory /workdir/hadoop-ozone/integration-test/target/test-dir/MiniOzoneClusterImpl-3ed042b0-70b2-4550-817a-04c536ab9f20/datanode-0/data/ratis/ce5e6804-df3a-4bfd-b1e4-e4443cb182a0 was interrupted, exiting. There are 0 tasks remaining in the queue.
2019-07-14 16:32:45,325 INFO  impl.RaftServerImpl (ServerState.java:close(394)) - 3e1669b8-a6b2-4b30-88df-8c35b0353d38:group-4956975A1778 closes. The last applied log index is 26
2019-07-14 16:32:45,328 INFO  segmented.SegmentedRaftLogWorker (SegmentedRaftLogWorker.java:close(228)) - d1d44ffb-e260-4835-95e7-34213d346cf5-SegmentedRaftLogWorker:Storage Directory /workdir/hadoop-ozone/integration-test/target/test-dir/MiniOzoneClusterImpl-3ed042b0-70b2-4550-817a-04c536ab9f20/datanode-0/data/ratis/ce5e6804-df3a-4bfd-b1e4-e4443cb182a0 close()
2019-07-14 16:32:45,329 INFO  segmented.SegmentedRaftLogWorker (SegmentedRaftLogWorker.java:run(313)) - 3e1669b8-a6b2-4b30-88df-8c35b0353d38-SegmentedRaftLogWorker:Storage Directory /workdir/hadoop-ozone/integration-test/target/test-dir/MiniOzoneClusterImpl-3ed042b0-70b2-4550-817a-04c536ab9f20/datanode-5/data/ratis/a2265516-d724-43b4-8691-4956975a1778 was interrupted, exiting. There are 0 tasks remaining in the queue.
2019-07-14 16:32:45,333 INFO  impl.RaftServerImpl (RaftServerImpl.java:lambda$shutdown$3(245)) - d1d44ffb-e260-4835-95e7-34213d346cf5: shutdown group-398BC575E08A
2019-07-14 16:32:45,333 INFO  segmented.SegmentedRaftLogWorker (SegmentedRaftLogWorker.java:close(228)) - 3e1669b8-a6b2-4b30-88df-8c35b0353d38-SegmentedRaftLogWorker:Storage Directory /workdir/hadoop-ozone/integration-test/target/test-dir/MiniOzoneClusterImpl-3ed042b0-70b2-4550-817a-04c536ab9f20/datanode-5/data/ratis/a2265516-d724-43b4-8691-4956975a1778 close()
2019-07-14 16:32:45,333 INFO  util.JmxRegister (JmxRegister.java:unregister(73)) - Successfully un-registered JMX Bean with object name Ratis:service=RaftServer,group=group-398BC575E08A,id=d1d44ffb-e260-4835-95e7-34213d346cf5
2019-07-14 16:32:45,336 INFO  impl.RaftServerImpl (RaftServerImpl.java:lambda$shutdown$3(245)) - 3e1669b8-a6b2-4b30-88df-8c35b0353d38: shutdown group-161BFD728D84
2019-07-14 16:32:45,336 INFO  impl.RoleInfo (RoleInfo.java:shutdownFollowerState(121)) - d1d44ffb-e260-4835-95e7-34213d346cf5: shutdown FollowerState
2019-07-14 16:32:45,337 INFO  util.JmxRegister (JmxRegister.java:unregister(73)) - Successfully un-registered JMX Bean with object name Ratis:service=RaftServer,group=group-161BFD728D84,id=3e1669b8-a6b2-4b30-88df-8c35b0353d38
2019-07-14 16:32:45,337 INFO  impl.FollowerState (FollowerState.java:run(114)) - d1d44ffb-e260-4835-95e7-34213d346cf5: FollowerState was interrupted: java.lang.InterruptedException: sleep interrupted
2019-07-14 16:32:45,337 INFO  impl.StateMachineUpdater (StateMachineUpdater.java:stopAndJoin(115)) - StateMachineUpdater:d1d44ffb-e260-4835-95e7-34213d346cf5:group-398BC575E08A: set stopIndex = 0
2019-07-14 16:32:45,337 INFO  ratis.ContainerStateMachine (ContainerStateMachine.java:takeSnapshot(246)) - Taking snapshot at termIndex:(t:0, i:~)
2019-07-14 16:32:45,337 INFO  impl.RoleInfo (RoleInfo.java:shutdownLeaderState(104)) - 3e1669b8-a6b2-4b30-88df-8c35b0353d38: shutdown LeaderState
2019-07-14 16:32:45,339 INFO  impl.RaftServerImpl (ServerState.java:close(394)) - d1d44ffb-e260-4835-95e7-34213d346cf5:group-398BC575E08A closes. The last applied log index is 0
2019-07-14 16:32:45,340 INFO  impl.PendingRequests (PendingRequests.java:sendNotLeaderResponses(202)) - 3e1669b8-a6b2-4b30-88df-8c35b0353d38-PendingRequests: sendNotLeaderResponses
2019-07-14 16:32:45,340 INFO  segmented.SegmentedRaftLogWorker (SegmentedRaftLogWorker.java:run(313)) - d1d44ffb-e260-4835-95e7-34213d346cf5-SegmentedRaftLogWorker:Storage Directory /workdir/hadoop-ozone/integration-test/target/test-dir/MiniOzoneClusterImpl-3ed042b0-70b2-4550-817a-04c536ab9f20/datanode-0/data/ratis/d03f644d-4a0c-4851-ac27-398bc575e08a was interrupted, exiting. There are 0 tasks remaining in the queue.
2019-07-14 16:32:45,341 INFO  impl.StateMachineUpdater (StateMachineUpdater.java:stopAndJoin(115)) - StateMachineUpdater:3e1669b8-a6b2-4b30-88df-8c35b0353d38:group-161BFD728D84: set stopIndex = 0
2019-07-14 16:32:45,342 INFO  segmented.SegmentedRaftLogWorker (SegmentedRaftLogWorker.java:close(228)) - d1d44ffb-e260-4835-95e7-34213d346cf5-SegmentedRaftLogWorker:Storage Directory /workdir/hadoop-ozone/integration-test/target/test-dir/MiniOzoneClusterImpl-3ed042b0-70b2-4550-817a-04c536ab9f20/datanode-0/data/ratis/d03f644d-4a0c-4851-ac27-398bc575e08a close()
2019-07-14 16:32:45,342 INFO  ratis.ContainerStateMachine (ContainerStateMachine.java:takeSnapshot(246)) - Taking snapshot at termIndex:(t:0, i:~)
2019-07-14 16:32:45,349 INFO  server.GrpcService (GrpcService.java:closeImpl(155)) - d1d44ffb-e260-4835-95e7-34213d346cf5: shutdown server with port 40193 now
2019-07-14 16:32:45,349 INFO  impl.RaftServerImpl (ServerState.java:close(394)) - 3e1669b8-a6b2-4b30-88df-8c35b0353d38:group-161BFD728D84 closes. The last applied log index is 0
2019-07-14 16:32:45,350 INFO  server.GrpcService (GrpcService.java:closeImpl(163)) - d1d44ffb-e260-4835-95e7-34213d346cf5: shutdown server with port 40193 successfully
2019-07-14 16:32:45,350 INFO  segmented.SegmentedRaftLogWorker (SegmentedRaftLogWorker.java:run(313)) - 3e1669b8-a6b2-4b30-88df-8c35b0353d38-SegmentedRaftLogWorker:Storage Directory /workdir/hadoop-ozone/integration-test/target/test-dir/MiniOzoneClusterImpl-3ed042b0-70b2-4550-817a-04c536ab9f20/datanode-5/data/ratis/e425cd57-e139-4442-908c-161bfd728d84 was interrupted, exiting. There are 0 tasks remaining in the queue.
2019-07-14 16:32:45,351 INFO  segmented.SegmentedRaftLogWorker (SegmentedRaftLogWorker.java:close(228)) - 3e1669b8-a6b2-4b30-88df-8c35b0353d38-SegmentedRaftLogWorker:Storage Directory /workdir/hadoop-ozone/integration-test/target/test-dir/MiniOzoneClusterImpl-3ed042b0-70b2-4550-817a-04c536ab9f20/datanode-5/data/ratis/e425cd57-e139-4442-908c-161bfd728d84 close()
2019-07-14 16:32:45,353 INFO  server.GrpcService (GrpcService.java:closeImpl(155)) - 3e1669b8-a6b2-4b30-88df-8c35b0353d38: shutdown server with port 41552 now
2019-07-14 16:32:45,353 INFO  utils.BackgroundService (BackgroundService.java:shutdown(148)) - Shutting down service BlockDeletingService
2019-07-14 16:32:45,357 WARN  client.GrpcClientProtocolService (LogUtils.java:warn(134)) - 2-UnorderedRequestStreamObserver2: onError: org.apache.ratis.thirdparty.io.grpc.StatusRuntimeException: CANCELLED: cancelled before receiving half close
2019-07-14 16:32:45,357 INFO  server.GrpcService (GrpcService.java:closeImpl(163)) - 3e1669b8-a6b2-4b30-88df-8c35b0353d38: shutdown server with port 41552 successfully
2019-07-14 16:32:45,358 WARN  fs.CachingGetSpaceUsed (CachingGetSpaceUsed.java:run(183)) - Thread Interrupted waiting to refresh disk information: sleep interrupted
2019-07-14 16:32:45,359 INFO  utils.BackgroundService (BackgroundService.java:shutdown(148)) - Shutting down service BlockDeletingService
2019-07-14 16:32:45,363 WARN  fs.CachingGetSpaceUsed (CachingGetSpaceUsed.java:run(183)) - Thread Interrupted waiting to refresh disk information: sleep interrupted
2019-07-14 16:32:45,376 INFO  statemachine.DatanodeStateMachine (DatanodeStateMachine.java:stopDaemon(395)) - Ozone container server stopped.
2019-07-14 16:32:45,376 INFO  statemachine.DatanodeStateMachine (DatanodeStateMachine.java:stopDaemon(395)) - Ozone container server stopped.
2019-07-14 16:32:45,392 INFO  handler.ContextHandler (ContextHandler.java:doStop(910)) - Stopped o.e.j.w.WebAppContext@7ebf5bf{/,null,UNAVAILABLE}{/hddsDatanode}
2019-07-14 16:32:45,392 INFO  handler.ContextHandler (ContextHandler.java:doStop(910)) - Stopped o.e.j.w.WebAppContext@3dceec83{/,null,UNAVAILABLE}{/hddsDatanode}
2019-07-14 16:32:45,393 INFO  server.AbstractConnector (AbstractConnector.java:doStop(318)) - Stopped ServerConnector@5d8cbb32{HTTP/1.1,[http/1.1]}{0.0.0.0:0}
2019-07-14 16:32:45,393 INFO  server.AbstractConnector (AbstractConnector.java:doStop(318)) - Stopped ServerConnector@74b13aa{HTTP/1.1,[http/1.1]}{0.0.0.0:0}
2019-07-14 16:32:45,393 INFO  handler.ContextHandler (ContextHandler.java:doStop(910)) - Stopped o.e.j.s.ServletContextHandler@358bbbe2{/static,jar:file:/home/user/.m2/repository/org/apache/hadoop/hadoop-hdds-container-service/0.5.0-SNAPSHOT/hadoop-hdds-container-service-0.5.0-SNAPSHOT.jar!/webapps/static,UNAVAILABLE}
2019-07-14 16:32:45,395 INFO  handler.ContextHandler (ContextHandler.java:doStop(910)) - Stopped o.e.j.s.ServletContextHandler@58f8ce0f{/static,jar:file:/home/user/.m2/repository/org/apache/hadoop/hadoop-hdds-container-service/0.5.0-SNAPSHOT/hadoop-hdds-container-service-0.5.0-SNAPSHOT.jar!/webapps/static,UNAVAILABLE}
2019-07-14 16:32:45,395 INFO  handler.ContextHandler (ContextHandler.java:doStop(910)) - Stopped o.e.j.s.ServletContextHandler@747216b6{/logs,file:///workdir/hadoop-ozone/integration-test/target/log,UNAVAILABLE}
2019-07-14 16:32:45,396 INFO  handler.ContextHandler (ContextHandler.java:doStop(910)) - Stopped o.e.j.s.ServletContextHandler@2e549515{/logs,file:///workdir/hadoop-ozone/integration-test/target/log,UNAVAILABLE}
2019-07-14 16:32:45,398 INFO  ozone.MiniOzoneClusterImpl (MiniOzoneClusterImpl.java:stop(353)) - Stopping the StorageContainerManager
2019-07-14 16:32:45,398 INFO  server.StorageContainerManager (StorageContainerManager.java:stop(799)) - Stopping Replication Manager Service.
2019-07-14 16:32:45,398 INFO  container.ReplicationManager (ReplicationManager.java:stop(187)) - Stopping Replication Monitor Thread.
2019-07-14 16:32:45,399 INFO  server.StorageContainerManager (StorageContainerManager.java:stop(806)) - Stopping Lease Manager of the command watchers
2019-07-14 16:32:45,399 INFO  server.StorageContainerManager (StorageContainerManager.java:stop(813)) - Stopping datanode service RPC server
2019-07-14 16:32:45,399 INFO  server.SCMDatanodeProtocolServer (SCMDatanodeProtocolServer.java:stop(375)) - Stopping the RPC server for DataNodes
2019-07-14 16:32:45,400 INFO  ipc.Server (Server.java:stop(3082)) - Stopping server on 34311
2019-07-14 16:32:45,403 INFO  ipc.Server (Server.java:run(1185)) - Stopping IPC Server listener on 34311
2019-07-14 16:32:45,403 INFO  ipc.Server (Server.java:run(1319)) - Stopping IPC Server Responder
2019-07-14 16:32:45,504 WARN  node.NodeStateManager (NodeStateManager.java:scheduleNextHealthCheck(631)) - Current Thread is interrupted, shutting down HB processing thread for Node Manager.
2019-07-14 16:32:45,504 INFO  server.StorageContainerManager (StorageContainerManager.java:stop(821)) - Stopping block service RPC server
2019-07-14 16:32:45,504 INFO  server.SCMBlockProtocolServer (SCMBlockProtocolServer.java:stop(148)) - Stopping the RPC server for Block Protocol
2019-07-14 16:32:45,505 INFO  ipc.Server (Server.java:stop(3082)) - Stopping server on 43623
2019-07-14 16:32:45,507 INFO  server.StorageContainerManager (StorageContainerManager.java:stop(828)) - Stopping the StorageContainerLocationProtocol RPC server
2019-07-14 16:32:45,508 INFO  ipc.Server (Server.java:run(1185)) - Stopping IPC Server listener on 43623
2019-07-14 16:32:45,508 INFO  server.SCMClientProtocolServer (SCMClientProtocolServer.java:stop(157)) - Stopping the RPC server for Client Protocol
2019-07-14 16:32:45,508 INFO  ipc.Server (Server.java:stop(3082)) - Stopping server on 45124
2019-07-14 16:32:45,507 INFO  ipc.Server (Server.java:run(1319)) - Stopping IPC Server Responder
2019-07-14 16:32:45,510 INFO  ipc.Server (Server.java:run(1185)) - Stopping IPC Server listener on 45124
2019-07-14 16:32:45,510 INFO  server.StorageContainerManager (StorageContainerManager.java:stop(835)) - Stopping Storage Container Manager HTTP server.
2019-07-14 16:32:45,511 INFO  handler.ContextHandler (ContextHandler.java:doStop(910)) - Stopped o.e.j.w.WebAppContext@100d071{/,null,UNAVAILABLE}{/scm}
2019-07-14 16:32:45,512 INFO  ipc.Server (Server.java:run(1319)) - Stopping IPC Server Responder
2019-07-14 16:32:45,513 INFO  server.AbstractConnector (AbstractConnector.java:doStop(318)) - Stopped ServerConnector@4c5379f5{HTTP/1.1,[http/1.1]}{0.0.0.0:0}
2019-07-14 16:32:45,513 INFO  handler.ContextHandler (ContextHandler.java:doStop(910)) - Stopped o.e.j.s.ServletContextHandler@145ce025{/static,file:///workdir/hadoop-ozone/integration-test/target/test-classes/webapps/static,UNAVAILABLE}
2019-07-14 16:32:45,513 INFO  handler.ContextHandler (ContextHandler.java:doStop(910)) - Stopped o.e.j.s.ServletContextHandler@2f53e07d{/logs,file:///workdir/hadoop-ozone/integration-test/target/log,UNAVAILABLE}
2019-07-14 16:32:45,514 INFO  server.StorageContainerManager (StorageContainerManager.java:stop(846)) - Stopping Block Manager Service.
2019-07-14 16:32:45,515 INFO  utils.BackgroundService (BackgroundService.java:shutdown(148)) - Shutting down service SCMBlockDeletingService
2019-07-14 16:32:45,515 INFO  utils.BackgroundService (BackgroundService.java:shutdown(148)) - Shutting down service SCMBlockDeletingService
2019-07-14 16:32:45,515 INFO  server.StorageContainerManager (StorageContainerManager.java:stop(868)) - Stopping SCM Event Queue.
2019-07-14 16:32:45,542 INFO  impl.MetricsSystemImpl (MetricsSystemImpl.java:stop(210)) - Stopping HddsDatanode metrics system...
2019-07-14 16:32:45,551 INFO  impl.MetricsSystemImpl (MetricsSystemImpl.java:stop(216)) - HddsDatanode metrics system stopped.
]]></system-out>
    <system-err><![CDATA[Jul 14, 2019 4:32:13 PM com.sun.jersey.server.impl.application.WebApplicationImpl _initiate
INFO: Initiating Jersey application, version 'Jersey: 1.19 02/11/2015 03:25 AM'
Jul 14, 2019 4:32:13 PM com.sun.jersey.server.impl.application.WebApplicationImpl _initiate
INFO: Initiating Jersey application, version 'Jersey: 1.19 02/11/2015 03:25 AM'
Jul 14, 2019 4:32:13 PM com.sun.jersey.server.impl.application.WebApplicationImpl _initiate
INFO: Initiating Jersey application, version 'Jersey: 1.19 02/11/2015 03:25 AM'
Jul 14, 2019 4:32:13 PM com.sun.jersey.server.impl.application.WebApplicationImpl _initiate
INFO: Initiating Jersey application, version 'Jersey: 1.19 02/11/2015 03:25 AM'
Jul 14, 2019 4:32:14 PM com.sun.jersey.server.impl.application.WebApplicationImpl _initiate
INFO: Initiating Jersey application, version 'Jersey: 1.19 02/11/2015 03:25 AM'
Jul 14, 2019 4:32:14 PM com.sun.jersey.server.impl.application.WebApplicationImpl _initiate
INFO: Initiating Jersey application, version 'Jersey: 1.19 02/11/2015 03:25 AM'
Jul 14, 2019 4:32:14 PM com.sun.jersey.server.impl.application.WebApplicationImpl _initiate
INFO: Initiating Jersey application, version 'Jersey: 1.19 02/11/2015 03:25 AM'
Jul 14, 2019 4:32:17 PM org.apache.ratis.thirdparty.io.grpc.internal.ManagedChannelOrphanWrapper$ManagedChannelReference cleanQueue
SEVERE: *~*~*~ Channel ManagedChannelImpl{logId=2813, target=192.168.69.77:44512} was not shutdown properly!!! ~*~*~*
    Make sure to call shutdown()/shutdownNow() and wait until awaitTermination() returns true.
java.lang.RuntimeException: ManagedChannel allocation site
	at org.apache.ratis.thirdparty.io.grpc.internal.ManagedChannelOrphanWrapper$ManagedChannelReference.<init>(ManagedChannelOrphanWrapper.java:103)
	at org.apache.ratis.thirdparty.io.grpc.internal.ManagedChannelOrphanWrapper.<init>(ManagedChannelOrphanWrapper.java:53)
	at org.apache.ratis.thirdparty.io.grpc.internal.ManagedChannelOrphanWrapper.<init>(ManagedChannelOrphanWrapper.java:44)
	at org.apache.ratis.thirdparty.io.grpc.internal.AbstractManagedChannelImplBuilder.build(AbstractManagedChannelImplBuilder.java:411)
	at org.apache.ratis.grpc.client.GrpcClientProtocolClient.<init>(GrpcClientProtocolClient.java:119)
	at org.apache.ratis.grpc.client.GrpcClientRpc.lambda$new$0(GrpcClientRpc.java:55)
	at org.apache.ratis.util.PeerProxyMap$PeerAndProxy.lambda$getProxy$0(PeerProxyMap.java:61)
	at org.apache.ratis.util.LifeCycle.startAndTransition(LifeCycle.java:202)
	at org.apache.ratis.util.PeerProxyMap$PeerAndProxy.getProxy(PeerProxyMap.java:60)
	at org.apache.ratis.util.PeerProxyMap.getProxy(PeerProxyMap.java:107)
	at org.apache.ratis.grpc.client.GrpcClientRpc.sendRequestAsync(GrpcClientRpc.java:66)
	at org.apache.ratis.client.impl.OrderedAsync.sendRequest(OrderedAsync.java:208)
	at org.apache.ratis.client.impl.OrderedAsync.sendRequestWithRetry(OrderedAsync.java:169)
	at org.apache.ratis.util.SlidingWindow$Client.sendOrDelayRequest(SlidingWindow.java:278)
	at org.apache.ratis.util.SlidingWindow$Client.retry(SlidingWindow.java:294)
	at org.apache.ratis.client.impl.OrderedAsync.lambda$scheduleWithTimeout$7(OrderedAsync.java:195)
	at org.apache.ratis.util.TimeoutScheduler.lambda$onTimeout$0(TimeoutScheduler.java:85)
	at org.apache.ratis.util.TimeoutScheduler.lambda$onTimeout$1(TimeoutScheduler.java:104)
	at org.apache.ratis.util.LogUtils.runAndLog(LogUtils.java:50)
	at org.apache.ratis.util.LogUtils$1.run(LogUtils.java:91)
	at java.util.concurrent.Executors$RunnableAdapter.call(Executors.java:511)
	at java.util.concurrent.FutureTask.run(FutureTask.java:266)
	at java.util.concurrent.ScheduledThreadPoolExecutor$ScheduledFutureTask.access$201(ScheduledThreadPoolExecutor.java:180)
	at java.util.concurrent.ScheduledThreadPoolExecutor$ScheduledFutureTask.run(ScheduledThreadPoolExecutor.java:293)
	at java.util.concurrent.ThreadPoolExecutor.runWorker(ThreadPoolExecutor.java:1149)
	at java.util.concurrent.ThreadPoolExecutor$Worker.run(ThreadPoolExecutor.java:624)
	at java.lang.Thread.run(Thread.java:748)

Jul 14, 2019 4:32:17 PM org.apache.ratis.thirdparty.io.grpc.internal.ManagedChannelOrphanWrapper$ManagedChannelReference cleanQueue
SEVERE: *~*~*~ Channel ManagedChannelImpl{logId=2818, target=192.168.69.77:34218} was not shutdown properly!!! ~*~*~*
    Make sure to call shutdown()/shutdownNow() and wait until awaitTermination() returns true.
java.lang.RuntimeException: ManagedChannel allocation site
	at org.apache.ratis.thirdparty.io.grpc.internal.ManagedChannelOrphanWrapper$ManagedChannelReference.<init>(ManagedChannelOrphanWrapper.java:103)
	at org.apache.ratis.thirdparty.io.grpc.internal.ManagedChannelOrphanWrapper.<init>(ManagedChannelOrphanWrapper.java:53)
	at org.apache.ratis.thirdparty.io.grpc.internal.ManagedChannelOrphanWrapper.<init>(ManagedChannelOrphanWrapper.java:44)
	at org.apache.ratis.thirdparty.io.grpc.internal.AbstractManagedChannelImplBuilder.build(AbstractManagedChannelImplBuilder.java:411)
	at org.apache.ratis.grpc.client.GrpcClientProtocolClient.<init>(GrpcClientProtocolClient.java:119)
	at org.apache.ratis.grpc.client.GrpcClientRpc.lambda$new$0(GrpcClientRpc.java:55)
	at org.apache.ratis.util.PeerProxyMap$PeerAndProxy.lambda$getProxy$0(PeerProxyMap.java:61)
	at org.apache.ratis.util.LifeCycle.startAndTransition(LifeCycle.java:202)
	at org.apache.ratis.util.PeerProxyMap$PeerAndProxy.getProxy(PeerProxyMap.java:60)
	at org.apache.ratis.util.PeerProxyMap.getProxy(PeerProxyMap.java:107)
	at org.apache.ratis.grpc.client.GrpcClientRpc.sendRequestAsync(GrpcClientRpc.java:66)
	at org.apache.ratis.client.impl.OrderedAsync.sendRequest(OrderedAsync.java:208)
	at org.apache.ratis.client.impl.OrderedAsync.sendRequestWithRetry(OrderedAsync.java:169)
	at org.apache.ratis.util.SlidingWindow$Client.sendOrDelayRequest(SlidingWindow.java:278)
	at org.apache.ratis.util.SlidingWindow$Client.submitNewRequest(SlidingWindow.java:257)
	at org.apache.ratis.client.impl.OrderedAsync.send(OrderedAsync.java:155)
	at org.apache.ratis.client.impl.RaftClientImpl.sendAsync(RaftClientImpl.java:145)
	at org.apache.ratis.client.impl.RaftClientImpl.sendAsync(RaftClientImpl.java:125)
	at org.apache.hadoop.hdds.scm.XceiverClientRatis.sendRequestAsync(XceiverClientRatis.java:224)
	at org.apache.hadoop.hdds.scm.XceiverClientRatis.sendCommandAsync(XceiverClientRatis.java:302)
	at org.apache.hadoop.hdds.scm.storage.ContainerProtocolCalls.writeChunkAsync(ContainerProtocolCalls.java:310)
	at org.apache.hadoop.hdds.scm.storage.BlockOutputStream.writeChunkToContainer(BlockOutputStream.java:610)
	at org.apache.hadoop.hdds.scm.storage.BlockOutputStream.writeChunk(BlockOutputStream.java:467)
	at org.apache.hadoop.hdds.scm.storage.BlockOutputStream.writeOnRetry(BlockOutputStream.java:293)
	at org.apache.hadoop.ozone.client.io.BlockOutputStreamEntry.writeOnRetry(BlockOutputStreamEntry.java:200)
	at org.apache.hadoop.ozone.client.io.KeyOutputStream.handleWrite(KeyOutputStream.java:209)
	at org.apache.hadoop.ozone.client.io.KeyOutputStream.handleRetry(KeyOutputStream.java:376)
	at org.apache.hadoop.ozone.client.io.KeyOutputStream.handleException(KeyOutputStream.java:325)
	at org.apache.hadoop.ozone.client.io.KeyOutputStream.handleFlushOrClose(KeyOutputStream.java:448)
	at org.apache.hadoop.ozone.client.io.KeyOutputStream.handleWrite(KeyOutputStream.java:235)
	at org.apache.hadoop.ozone.client.io.KeyOutputStream.write(KeyOutputStream.java:193)
	at org.apache.hadoop.ozone.client.io.OzoneOutputStream.write(OzoneOutputStream.java:49)
	at java.io.OutputStream.write(OutputStream.java:75)
	at org.apache.hadoop.ozone.client.rpc.TestBlockOutputStreamWithFailures.testWatchForCommitWithSingleNodeRatis(TestBlockOutputStreamWithFailures.java:881)
	at sun.reflect.NativeMethodAccessorImpl.invoke0(Native Method)
	at sun.reflect.NativeMethodAccessorImpl.invoke(NativeMethodAccessorImpl.java:62)
	at sun.reflect.DelegatingMethodAccessorImpl.invoke(DelegatingMethodAccessorImpl.java:43)
	at java.lang.reflect.Method.invoke(Method.java:498)
	at org.junit.runners.model.FrameworkMethod$1.runReflectiveCall(FrameworkMethod.java:47)
	at org.junit.internal.runners.model.ReflectiveCallable.run(ReflectiveCallable.java:12)
	at org.junit.runners.model.FrameworkMethod.invokeExplosively(FrameworkMethod.java:44)
	at org.junit.internal.runners.statements.InvokeMethod.evaluate(InvokeMethod.java:17)
	at org.junit.internal.runners.statements.RunBefores.evaluate(RunBefores.java:26)
	at org.junit.internal.runners.statements.RunAfters.evaluate(RunAfters.java:27)
	at org.junit.runners.ParentRunner.runLeaf(ParentRunner.java:271)
	at org.junit.runners.BlockJUnit4ClassRunner.runChild(BlockJUnit4ClassRunner.java:70)
	at org.junit.runners.BlockJUnit4ClassRunner.runChild(BlockJUnit4ClassRunner.java:50)
	at org.junit.runners.ParentRunner$3.run(ParentRunner.java:238)
	at org.junit.runners.ParentRunner$1.schedule(ParentRunner.java:63)
	at org.junit.runners.ParentRunner.runChildren(ParentRunner.java:236)
	at org.junit.runners.ParentRunner.access$000(ParentRunner.java:53)
	at org.junit.runners.ParentRunner$2.evaluate(ParentRunner.java:229)
	at org.junit.runners.ParentRunner.run(ParentRunner.java:309)
	at org.apache.maven.surefire.junit4.JUnit4Provider.execute(JUnit4Provider.java:365)
	at org.apache.maven.surefire.junit4.JUnit4Provider.executeWithRerun(JUnit4Provider.java:273)
	at org.apache.maven.surefire.junit4.JUnit4Provider.executeTestSet(JUnit4Provider.java:238)
	at org.apache.maven.surefire.junit4.JUnit4Provider.invoke(JUnit4Provider.java:159)
	at org.apache.maven.surefire.booter.ForkedBooter.invokeProviderInSameClassLoader(ForkedBooter.java:384)
	at org.apache.maven.surefire.booter.ForkedBooter.runSuitesInProcess(ForkedBooter.java:345)
	at org.apache.maven.surefire.booter.ForkedBooter.execute(ForkedBooter.java:126)
	at org.apache.maven.surefire.booter.ForkedBooter.main(ForkedBooter.java:418)

]]></system-err>
  </testcase>
  <testcase name="testFailureWithPrimeSizedData" classname="org.apache.hadoop.ozone.client.rpc.TestBlockOutputStreamWithFailures" time="34.114">
    <error type="java.lang.IllegalArgumentException">java.lang.IllegalArgumentException
	at com.google.common.base.Preconditions.checkArgument(Preconditions.java:72)
	at org.apache.hadoop.hdds.scm.XceiverClientManager.acquireClient(XceiverClientManager.java:150)
	at org.apache.hadoop.hdds.scm.XceiverClientManager.acquireClientForReadData(XceiverClientManager.java:143)
	at org.apache.hadoop.hdds.scm.storage.BlockInputStream.getChunkInfos(BlockInputStream.java:154)
	at org.apache.hadoop.hdds.scm.storage.BlockInputStream.initialize(BlockInputStream.java:118)
	at org.apache.hadoop.hdds.scm.storage.BlockInputStream.read(BlockInputStream.java:222)
	at org.apache.hadoop.ozone.client.io.KeyInputStream.read(KeyInputStream.java:171)
	at org.apache.hadoop.ozone.client.io.OzoneInputStream.read(OzoneInputStream.java:47)
	at java.io.InputStream.read(InputStream.java:101)
	at org.apache.hadoop.ozone.container.ContainerTestHelper.validateData(ContainerTestHelper.java:709)
	at org.apache.hadoop.ozone.client.rpc.TestBlockOutputStreamWithFailures.validateData(TestBlockOutputStreamWithFailures.java:1212)
	at org.apache.hadoop.ozone.client.rpc.TestBlockOutputStreamWithFailures.testFailureWithPrimeSizedData(TestBlockOutputStreamWithFailures.java:658)
	at sun.reflect.NativeMethodAccessorImpl.invoke0(Native Method)
	at sun.reflect.NativeMethodAccessorImpl.invoke(NativeMethodAccessorImpl.java:62)
	at sun.reflect.DelegatingMethodAccessorImpl.invoke(DelegatingMethodAccessorImpl.java:43)
	at java.lang.reflect.Method.invoke(Method.java:498)
	at org.junit.runners.model.FrameworkMethod$1.runReflectiveCall(FrameworkMethod.java:47)
	at org.junit.internal.runners.model.ReflectiveCallable.run(ReflectiveCallable.java:12)
	at org.junit.runners.model.FrameworkMethod.invokeExplosively(FrameworkMethod.java:44)
	at org.junit.internal.runners.statements.InvokeMethod.evaluate(InvokeMethod.java:17)
	at org.junit.internal.runners.statements.RunBefores.evaluate(RunBefores.java:26)
	at org.junit.internal.runners.statements.RunAfters.evaluate(RunAfters.java:27)
	at org.junit.runners.ParentRunner.runLeaf(ParentRunner.java:271)
	at org.junit.runners.BlockJUnit4ClassRunner.runChild(BlockJUnit4ClassRunner.java:70)
	at org.junit.runners.BlockJUnit4ClassRunner.runChild(BlockJUnit4ClassRunner.java:50)
	at org.junit.runners.ParentRunner$3.run(ParentRunner.java:238)
	at org.junit.runners.ParentRunner$1.schedule(ParentRunner.java:63)
	at org.junit.runners.ParentRunner.runChildren(ParentRunner.java:236)
	at org.junit.runners.ParentRunner.access$000(ParentRunner.java:53)
	at org.junit.runners.ParentRunner$2.evaluate(ParentRunner.java:229)
	at org.junit.runners.ParentRunner.run(ParentRunner.java:309)
	at org.apache.maven.surefire.junit4.JUnit4Provider.execute(JUnit4Provider.java:365)
	at org.apache.maven.surefire.junit4.JUnit4Provider.executeWithRerun(JUnit4Provider.java:273)
	at org.apache.maven.surefire.junit4.JUnit4Provider.executeTestSet(JUnit4Provider.java:238)
	at org.apache.maven.surefire.junit4.JUnit4Provider.invoke(JUnit4Provider.java:159)
	at org.apache.maven.surefire.booter.ForkedBooter.invokeProviderInSameClassLoader(ForkedBooter.java:384)
	at org.apache.maven.surefire.booter.ForkedBooter.runSuitesInProcess(ForkedBooter.java:345)
	at org.apache.maven.surefire.booter.ForkedBooter.execute(ForkedBooter.java:126)
	at org.apache.maven.surefire.booter.ForkedBooter.main(ForkedBooter.java:418)
</error>
    <system-out><![CDATA[2019-07-14 16:32:45,602 WARN  server.ServerUtils (ServerUtils.java:getScmDbDir(145)) - ozone.scm.db.dirs is not configured. We recommend adding this setting. Falling back to ozone.metadata.dirs instead.
2019-07-14 16:32:45,629 WARN  server.ServerUtils (ServerUtils.java:getScmDbDir(145)) - ozone.scm.db.dirs is not configured. We recommend adding this setting. Falling back to ozone.metadata.dirs instead.
2019-07-14 16:32:45,630 WARN  server.ServerUtils (ServerUtils.java:getScmDbDir(145)) - ozone.scm.db.dirs is not configured. We recommend adding this setting. Falling back to ozone.metadata.dirs instead.
2019-07-14 16:32:45,630 INFO  db.DBStoreBuilder (DBStoreBuilder.java:addTable(110)) - using custom profile for table: deletedBlocks
2019-07-14 16:32:45,631 INFO  db.DBStoreBuilder (DBStoreBuilder.java:processTables(161)) - Using default column profile:DBProfile.DISK for Table:deletedBlocks
2019-07-14 16:32:45,631 INFO  db.DBStoreBuilder (DBStoreBuilder.java:addTable(110)) - using custom profile for table: validCerts
2019-07-14 16:32:45,631 INFO  db.DBStoreBuilder (DBStoreBuilder.java:processTables(161)) - Using default column profile:DBProfile.DISK for Table:validCerts
2019-07-14 16:32:45,631 INFO  db.DBStoreBuilder (DBStoreBuilder.java:addTable(110)) - using custom profile for table: revokedCerts
2019-07-14 16:32:45,632 INFO  db.DBStoreBuilder (DBStoreBuilder.java:processTables(161)) - Using default column profile:DBProfile.DISK for Table:revokedCerts
2019-07-14 16:32:45,632 INFO  db.DBStoreBuilder (DBStoreBuilder.java:addTable(110)) - using custom profile for table: default
2019-07-14 16:32:45,632 INFO  db.DBStoreBuilder (DBStoreBuilder.java:processTables(167)) - Using default column profile:DBProfile.DISK for Table:default
2019-07-14 16:32:45,632 INFO  db.DBStoreBuilder (DBStoreBuilder.java:getDbProfile(198)) - Using default options. DBProfile.DISK
2019-07-14 16:32:45,761 INFO  net.NodeSchemaLoader (NodeSchemaLoader.java:loadSchemaFromFile(125)) - Loading file from sun.misc.CompoundEnumeration@43076326
2019-07-14 16:32:45,762 INFO  net.NodeSchemaLoader (NodeSchemaLoader.java:loadSchema(171)) - Loading network topology layer schema file
2019-07-14 16:32:45,771 INFO  node.SCMNodeManager (SCMNodeManager.java:<init>(119)) - Entering startup safe mode.
2019-07-14 16:32:45,772 WARN  server.ServerUtils (ServerUtils.java:getScmDbDir(145)) - ozone.scm.db.dirs is not configured. We recommend adding this setting. Falling back to ozone.metadata.dirs instead.
2019-07-14 16:32:45,821 INFO  pipeline.SCMPipelineManager (SCMPipelineManager.java:initializePipelineState(126)) - No pipeline exists in current db
2019-07-14 16:32:45,822 WARN  server.ServerUtils (ServerUtils.java:getScmDbDir(145)) - ozone.scm.db.dirs is not configured. We recommend adding this setting. Falling back to ozone.metadata.dirs instead.
2019-07-14 16:32:45,874 WARN  events.EventQueue (EventQueue.java:fireEvent(175)) - No event handler registered for event TypedEvent{payloadType=SafeModeStatus, name='SafeModeStatus'}
2019-07-14 16:32:45,875 INFO  ipc.CallQueueManager (CallQueueManager.java:<init>(84)) - Using callQueue: class java.util.concurrent.LinkedBlockingQueue, queueCapacity: 2000, scheduler: class org.apache.hadoop.ipc.DefaultRpcScheduler, ipcBackoff: false.
2019-07-14 16:32:45,877 INFO  ipc.Server (Server.java:run(1074)) - Starting Socket Reader #1 for port 44387
2019-07-14 16:32:45,879 INFO  ipc.CallQueueManager (CallQueueManager.java:<init>(84)) - Using callQueue: class java.util.concurrent.LinkedBlockingQueue, queueCapacity: 2000, scheduler: class org.apache.hadoop.ipc.DefaultRpcScheduler, ipcBackoff: false.
2019-07-14 16:32:45,880 INFO  ipc.Server (Server.java:run(1074)) - Starting Socket Reader #1 for port 39003
2019-07-14 16:32:45,881 INFO  ipc.CallQueueManager (CallQueueManager.java:<init>(84)) - Using callQueue: class java.util.concurrent.LinkedBlockingQueue, queueCapacity: 2000, scheduler: class org.apache.hadoop.ipc.DefaultRpcScheduler, ipcBackoff: false.
2019-07-14 16:32:45,882 INFO  ipc.Server (Server.java:run(1074)) - Starting Socket Reader #1 for port 37506
2019-07-14 16:32:45,886 INFO  hdfs.DFSUtil (DFSUtil.java:httpServerTemplateForNNAndJN(1641)) - Starting Web-server for scm at: http://0.0.0.0:0
2019-07-14 16:32:45,890 INFO  server.AuthenticationFilter (AuthenticationFilter.java:constructSecretProvider(240)) - Unable to initialize FileSignerSecretProvider, falling back to use random secrets.
2019-07-14 16:32:45,891 WARN  http.HttpRequestLog (HttpRequestLog.java:getRequestLog(97)) - Jetty request log can only be enabled using Log4j
2019-07-14 16:32:45,893 INFO  http.HttpServer2 (HttpServer2.java:addGlobalFilter(975)) - Added global filter 'safety' (class=org.apache.hadoop.http.HttpServer2$QuotingInputFilter)
2019-07-14 16:32:45,894 INFO  http.HttpServer2 (HttpServer2.java:addFilter(948)) - Added filter static_user_filter (class=org.apache.hadoop.http.lib.StaticUserWebFilter$StaticUserFilter) to context scm
2019-07-14 16:32:45,894 INFO  http.HttpServer2 (HttpServer2.java:addFilter(958)) - Added filter static_user_filter (class=org.apache.hadoop.http.lib.StaticUserWebFilter$StaticUserFilter) to context logs
2019-07-14 16:32:45,894 INFO  http.HttpServer2 (HttpServer2.java:addFilter(958)) - Added filter static_user_filter (class=org.apache.hadoop.http.lib.StaticUserWebFilter$StaticUserFilter) to context static
2019-07-14 16:32:45,897 INFO  server.StorageContainerManager (StorageContainerManager.java:start(761)) - StorageContainerLocationProtocol RPC server is listening at /0.0.0.0:37506
2019-07-14 16:32:45,899 WARN  impl.MetricsConfig (MetricsConfig.java:loadFirst(134)) - Cannot locate configuration: tried hadoop-metrics2-storagecontainermanager.properties,hadoop-metrics2.properties
2019-07-14 16:32:45,900 INFO  impl.MetricsSystemImpl (MetricsSystemImpl.java:startTimer(374)) - Scheduled Metric snapshot period at 10 second(s).
2019-07-14 16:32:45,900 INFO  impl.MetricsSystemImpl (MetricsSystemImpl.java:start(191)) - StorageContainerManager metrics system started
2019-07-14 16:32:46,012 INFO  server.SCMClientProtocolServer (SCMClientProtocolServer.java:start(149)) - RPC server for Client  is listening at /0.0.0.0:37506
2019-07-14 16:32:46,013 INFO  ipc.Server (Server.java:run(1314)) - IPC Server Responder: starting
2019-07-14 16:32:46,013 INFO  ipc.Server (Server.java:run(1153)) - IPC Server listener on 37506: starting
2019-07-14 16:32:46,018 INFO  server.StorageContainerManager (StorageContainerManager.java:start(771)) - ScmBlockLocationProtocol RPC server is listening at /0.0.0.0:39003
2019-07-14 16:32:46,019 INFO  server.SCMBlockProtocolServer (SCMBlockProtocolServer.java:start(140)) - RPC server for Block Protocol is listening at /0.0.0.0:39003
2019-07-14 16:32:46,019 INFO  ipc.Server (Server.java:run(1314)) - IPC Server Responder: starting
2019-07-14 16:32:46,020 INFO  ipc.Server (Server.java:run(1153)) - IPC Server listener on 39003: starting
2019-07-14 16:32:46,024 INFO  server.StorageContainerManager (StorageContainerManager.java:start(775)) - ScmDatanodeProtocl RPC server is listening at /0.0.0.0:44387
2019-07-14 16:32:46,024 INFO  server.SCMDatanodeProtocolServer (SCMDatanodeProtocolServer.java:start(191)) - RPC server for DataNodes is listening at /0.0.0.0:44387
2019-07-14 16:32:46,024 INFO  ipc.Server (Server.java:run(1314)) - IPC Server Responder: starting
2019-07-14 16:32:46,025 INFO  ipc.Server (Server.java:run(1153)) - IPC Server listener on 44387: starting
2019-07-14 16:32:46,029 INFO  http.HttpServer2 (HttpServer2.java:bindListener(1191)) - Jetty bound to port 34297
2019-07-14 16:32:46,029 INFO  server.Server (Server.java:doStart(351)) - jetty-9.3.24.v20180605, build timestamp: 2018-06-05T17:11:56Z, git hash: 84205aa28f11a4f31f2a3b86d1bba2cc8ab69827
2019-07-14 16:32:46,032 INFO  handler.ContextHandler (ContextHandler.java:doStart(781)) - Started o.e.j.s.ServletContextHandler@7f129873{/logs,file:///workdir/hadoop-ozone/integration-test/target/log,AVAILABLE}
2019-07-14 16:32:46,032 INFO  handler.ContextHandler (ContextHandler.java:doStart(781)) - Started o.e.j.s.ServletContextHandler@ceeb762{/static,file:///workdir/hadoop-ozone/integration-test/target/test-classes/webapps/static,AVAILABLE}
2019-07-14 16:32:46,040 INFO  handler.ContextHandler (ContextHandler.java:doStart(781)) - Started o.e.j.w.WebAppContext@14cf30b3{/,file:///workdir/hadoop-ozone/integration-test/target/test-classes/webapps/scm/,AVAILABLE}{/scm}
2019-07-14 16:32:46,041 INFO  server.AbstractConnector (AbstractConnector.java:doStart(278)) - Started ServerConnector@38159192{HTTP/1.1,[http/1.1]}{0.0.0.0:34297}
2019-07-14 16:32:46,043 INFO  server.Server (Server.java:doStart(419)) - Started @626747ms
2019-07-14 16:32:46,045 INFO  server.BaseHttpServer (BaseHttpServer.java:updateConnectorAddress(207)) - HTTP server of SCM is listening at http://0.0.0.0:34297
2019-07-14 16:32:46,047 WARN  server.ServerUtils (ServerUtils.java:getDBPath(222)) - ozone.om.db.dirs is not configured. We recommend adding this setting. Falling back to ozone.metadata.dirs instead.
2019-07-14 16:32:46,047 INFO  util.JvmPauseMonitor (JvmPauseMonitor.java:run(188)) - Starting JVM pause monitor
2019-07-14 16:32:46,071 WARN  server.ServerUtils (ServerUtils.java:getDBPath(222)) - ozone.om.db.dirs is not configured. We recommend adding this setting. Falling back to ozone.metadata.dirs instead.
2019-07-14 16:32:46,072 INFO  om.OzoneManager (OzoneManager.java:setOMNodeDetails(632)) - OM Service ID is not set. Setting it to the default ID: omServiceIdDefault
2019-07-14 16:32:46,072 INFO  om.OzoneManager (OzoneManager.java:setOMNodeDetails(638)) - OM Node ID is not set. Setting it to the OmStorage's OmID: bf5ffd70-5781-46ac-b438-a13cab6d7627
2019-07-14 16:32:46,072 INFO  om.OzoneManager (OzoneManager.java:loadOMHAConfigs(589)) - Found matching OM address with OMServiceId: null, OMNodeId: null, RPC Address: localhost:0 and Ratis port: 9872
2019-07-14 16:32:46,083 WARN  server.ServerUtils (ServerUtils.java:getDBPath(222)) - ozone.om.db.dirs is not configured. We recommend adding this setting. Falling back to ozone.metadata.dirs instead.
2019-07-14 16:32:46,083 INFO  db.DBStoreBuilder (DBStoreBuilder.java:addTable(110)) - using custom profile for table: userTable
2019-07-14 16:32:46,084 INFO  db.DBStoreBuilder (DBStoreBuilder.java:processTables(161)) - Using default column profile:DBProfile.DISK for Table:userTable
2019-07-14 16:32:46,084 INFO  db.DBStoreBuilder (DBStoreBuilder.java:addTable(110)) - using custom profile for table: volumeTable
2019-07-14 16:32:46,084 INFO  db.DBStoreBuilder (DBStoreBuilder.java:processTables(161)) - Using default column profile:DBProfile.DISK for Table:volumeTable
2019-07-14 16:32:46,085 INFO  db.DBStoreBuilder (DBStoreBuilder.java:addTable(110)) - using custom profile for table: bucketTable
2019-07-14 16:32:46,085 INFO  db.DBStoreBuilder (DBStoreBuilder.java:processTables(161)) - Using default column profile:DBProfile.DISK for Table:bucketTable
2019-07-14 16:32:46,085 INFO  db.DBStoreBuilder (DBStoreBuilder.java:addTable(110)) - using custom profile for table: keyTable
2019-07-14 16:32:46,085 INFO  db.DBStoreBuilder (DBStoreBuilder.java:processTables(161)) - Using default column profile:DBProfile.DISK for Table:keyTable
2019-07-14 16:32:46,086 INFO  db.DBStoreBuilder (DBStoreBuilder.java:addTable(110)) - using custom profile for table: deletedTable
2019-07-14 16:32:46,086 INFO  db.DBStoreBuilder (DBStoreBuilder.java:processTables(161)) - Using default column profile:DBProfile.DISK for Table:deletedTable
2019-07-14 16:32:46,086 INFO  db.DBStoreBuilder (DBStoreBuilder.java:addTable(110)) - using custom profile for table: openKeyTable
2019-07-14 16:32:46,086 INFO  db.DBStoreBuilder (DBStoreBuilder.java:processTables(161)) - Using default column profile:DBProfile.DISK for Table:openKeyTable
2019-07-14 16:32:46,087 INFO  db.DBStoreBuilder (DBStoreBuilder.java:addTable(110)) - using custom profile for table: s3Table
2019-07-14 16:32:46,087 INFO  db.DBStoreBuilder (DBStoreBuilder.java:processTables(161)) - Using default column profile:DBProfile.DISK for Table:s3Table
2019-07-14 16:32:46,087 INFO  db.DBStoreBuilder (DBStoreBuilder.java:addTable(110)) - using custom profile for table: multipartInfoTable
2019-07-14 16:32:46,087 INFO  db.DBStoreBuilder (DBStoreBuilder.java:processTables(161)) - Using default column profile:DBProfile.DISK for Table:multipartInfoTable
2019-07-14 16:32:46,088 INFO  db.DBStoreBuilder (DBStoreBuilder.java:addTable(110)) - using custom profile for table: dTokenTable
2019-07-14 16:32:46,088 INFO  db.DBStoreBuilder (DBStoreBuilder.java:processTables(161)) - Using default column profile:DBProfile.DISK for Table:dTokenTable
2019-07-14 16:32:46,088 INFO  db.DBStoreBuilder (DBStoreBuilder.java:addTable(110)) - using custom profile for table: s3SecretTable
2019-07-14 16:32:46,088 INFO  db.DBStoreBuilder (DBStoreBuilder.java:processTables(161)) - Using default column profile:DBProfile.DISK for Table:s3SecretTable
2019-07-14 16:32:46,089 INFO  db.DBStoreBuilder (DBStoreBuilder.java:addTable(110)) - using custom profile for table: prefixTable
2019-07-14 16:32:46,089 INFO  db.DBStoreBuilder (DBStoreBuilder.java:processTables(161)) - Using default column profile:DBProfile.DISK for Table:prefixTable
2019-07-14 16:32:46,089 INFO  db.DBStoreBuilder (DBStoreBuilder.java:addTable(110)) - using custom profile for table: default
2019-07-14 16:32:46,089 INFO  db.DBStoreBuilder (DBStoreBuilder.java:processTables(167)) - Using default column profile:DBProfile.DISK for Table:default
2019-07-14 16:32:46,090 INFO  db.DBStoreBuilder (DBStoreBuilder.java:getDbProfile(198)) - Using default options. DBProfile.DISK
2019-07-14 16:32:46,562 INFO  ipc.CallQueueManager (CallQueueManager.java:<init>(84)) - Using callQueue: class java.util.concurrent.LinkedBlockingQueue, queueCapacity: 2000, scheduler: class org.apache.hadoop.ipc.DefaultRpcScheduler, ipcBackoff: false.
2019-07-14 16:32:46,563 INFO  ipc.Server (Server.java:run(1074)) - Starting Socket Reader #1 for port 35697
2019-07-14 16:32:46,583 WARN  server.ServerUtils (ServerUtils.java:getDBPath(222)) - ozone.om.db.dirs is not configured. We recommend adding this setting. Falling back to ozone.metadata.dirs instead.
2019-07-14 16:32:46,583 INFO  om.OzoneManager (OzoneManager.java:start(1230)) - OzoneManager RPC server is listening at localhost/127.0.0.1:35697
2019-07-14 16:32:46,583 INFO  impl.MetricsSystemImpl (MetricsSystemImpl.java:init(158)) - OzoneManager metrics system started (again)
2019-07-14 16:32:46,587 INFO  ipc.Server (Server.java:run(1314)) - IPC Server Responder: starting
2019-07-14 16:32:46,587 INFO  ipc.Server (Server.java:run(1153)) - IPC Server listener on 35697: starting
2019-07-14 16:32:46,597 INFO  hdfs.DFSUtil (DFSUtil.java:httpServerTemplateForNNAndJN(1641)) - Starting Web-server for ozoneManager at: http://0.0.0.0:0
2019-07-14 16:32:46,599 INFO  server.AuthenticationFilter (AuthenticationFilter.java:constructSecretProvider(240)) - Unable to initialize FileSignerSecretProvider, falling back to use random secrets.
2019-07-14 16:32:46,599 WARN  http.HttpRequestLog (HttpRequestLog.java:getRequestLog(97)) - Jetty request log can only be enabled using Log4j
2019-07-14 16:32:46,602 INFO  http.HttpServer2 (HttpServer2.java:addGlobalFilter(975)) - Added global filter 'safety' (class=org.apache.hadoop.http.HttpServer2$QuotingInputFilter)
2019-07-14 16:32:46,603 INFO  http.HttpServer2 (HttpServer2.java:addFilter(948)) - Added filter static_user_filter (class=org.apache.hadoop.http.lib.StaticUserWebFilter$StaticUserFilter) to context ozoneManager
2019-07-14 16:32:46,603 INFO  http.HttpServer2 (HttpServer2.java:addFilter(958)) - Added filter static_user_filter (class=org.apache.hadoop.http.lib.StaticUserWebFilter$StaticUserFilter) to context logs
2019-07-14 16:32:46,603 INFO  http.HttpServer2 (HttpServer2.java:addFilter(958)) - Added filter static_user_filter (class=org.apache.hadoop.http.lib.StaticUserWebFilter$StaticUserFilter) to context static
2019-07-14 16:32:46,605 INFO  http.HttpServer2 (HttpServer2.java:bindListener(1191)) - Jetty bound to port 44510
2019-07-14 16:32:46,605 INFO  server.Server (Server.java:doStart(351)) - jetty-9.3.24.v20180605, build timestamp: 2018-06-05T17:11:56Z, git hash: 84205aa28f11a4f31f2a3b86d1bba2cc8ab69827
2019-07-14 16:32:46,607 INFO  handler.ContextHandler (ContextHandler.java:doStart(781)) - Started o.e.j.s.ServletContextHandler@5d5b07e9{/logs,file:///workdir/hadoop-ozone/integration-test/target/log,AVAILABLE}
2019-07-14 16:32:46,608 INFO  handler.ContextHandler (ContextHandler.java:doStart(781)) - Started o.e.j.s.ServletContextHandler@78ba0a57{/static,file:///workdir/hadoop-ozone/integration-test/target/test-classes/webapps/static,AVAILABLE}
2019-07-14 16:32:46,613 INFO  handler.ContextHandler (ContextHandler.java:doStart(781)) - Started o.e.j.w.WebAppContext@407956a5{/,file:///workdir/hadoop-ozone/integration-test/target/test-classes/webapps/ozoneManager/,AVAILABLE}{/ozoneManager}
2019-07-14 16:32:46,614 INFO  server.AbstractConnector (AbstractConnector.java:doStart(278)) - Started ServerConnector@16c559c7{HTTP/1.1,[http/1.1]}{0.0.0.0:44510}
2019-07-14 16:32:46,615 INFO  server.Server (Server.java:doStart(419)) - Started @627319ms
2019-07-14 16:32:46,616 INFO  server.BaseHttpServer (BaseHttpServer.java:updateConnectorAddress(207)) - HTTP server of OZONEMANAGER is listening at http://0.0.0.0:44510
2019-07-14 16:32:46,635 INFO  impl.MetricsSystemImpl (MetricsSystemImpl.java:init(158)) - HddsDatanode metrics system started (again)
2019-07-14 16:32:46,638 INFO  ozone.HddsDatanodeService (HddsDatanodeService.java:start(185)) - HddsDatanodeService host:pr-hdds-1710-5x6jb-1204890111 ip:192.168.69.77
2019-07-14 16:32:46,649 INFO  volume.HddsVolume (HddsVolume.java:<init>(176)) - Creating Volume: /workdir/hadoop-ozone/integration-test/target/test-dir/MiniOzoneClusterImpl-572d971c-223f-4c43-9a1b-19e82311a99c/datanode-0/data/containers/hdds of  storage type : DISK and capacity : 52710309888
2019-07-14 16:32:46,650 INFO  volume.VolumeSet (VolumeSet.java:initializeVolumeSet(170)) - Added Volume : /workdir/hadoop-ozone/integration-test/target/test-dir/MiniOzoneClusterImpl-572d971c-223f-4c43-9a1b-19e82311a99c/datanode-0/data/containers/hdds to VolumeSet
2019-07-14 16:32:46,650 INFO  volume.ThrottledAsyncChecker (ThrottledAsyncChecker.java:schedule(140)) - Scheduling a check for org.apache.hadoop.ozone.container.common.volume.HddsVolume@234421ca
2019-07-14 16:32:46,651 INFO  volume.HddsVolumeChecker (HddsVolumeChecker.java:checkAllVolumes(203)) - Scheduled health check for volume org.apache.hadoop.ozone.container.common.volume.HddsVolume@234421ca
2019-07-14 16:32:46,670 INFO  impl.RaftServerProxy (ConfUtils.java:logGet(43)) - raft.rpc.type = GRPC (default)
2019-07-14 16:32:46,670 INFO  grpc.GrpcFactory (GrpcFactory.java:checkPooledByteBufAllocatorUseCacheForAllThreads(45)) - PERFORMANCE WARNING: useCacheForAllThreads is true that may cause Netty to create a lot garbage objects and, as a result, trigger GC.
	It is recommended to disable useCacheForAllThreads by setting -Dorg.apache.ratis.thirdparty.io.netty.allocator.useCacheForAllThreads=false in command line.
2019-07-14 16:32:46,670 INFO  grpc.GrpcConfigKeys$Server (ConfUtils.java:logGet(43)) - raft.grpc.server.port = 0 (default)
2019-07-14 16:32:46,671 INFO  server.GrpcService (ConfUtils.java:logGet(43)) - raft.grpc.message.size.max = 33570816 (custom)
2019-07-14 16:32:46,671 INFO  server.RaftServerConfigKeys (ConfUtils.java:logGet(43)) - raft.server.log.appender.buffer.byte-limit = 33554432 (custom)
2019-07-14 16:32:46,671 INFO  server.GrpcService (ConfUtils.java:logGet(43)) - raft.grpc.flow.control.window = 1MB (=1048576) (default)
2019-07-14 16:32:46,671 INFO  server.RaftServerConfigKeys (ConfUtils.java:logGet(43)) - raft.server.rpc.request.timeout = 3000ms (default)
2019-07-14 16:32:46,672 INFO  server.RaftServerConfigKeys (ConfUtils.java:logGet(43)) - raft.server.storage.dir = [/workdir/hadoop-ozone/integration-test/target/test-dir/MiniOzoneClusterImpl-572d971c-223f-4c43-9a1b-19e82311a99c/datanode-0/data/ratis] (custom)
2019-07-14 16:32:46,672 INFO  replication.SimpleContainerDownloader (SimpleContainerDownloader.java:<init>(72)) - Starting container downloader service to copy containers to replicate.
2019-07-14 16:32:46,674 INFO  hdfs.DFSUtil (DFSUtil.java:httpServerTemplateForNNAndJN(1641)) - Starting Web-server for hddsDatanode at: http://0.0.0.0:0
2019-07-14 16:32:46,675 INFO  server.AuthenticationFilter (AuthenticationFilter.java:constructSecretProvider(240)) - Unable to initialize FileSignerSecretProvider, falling back to use random secrets.
2019-07-14 16:32:46,676 WARN  http.HttpRequestLog (HttpRequestLog.java:getRequestLog(97)) - Jetty request log can only be enabled using Log4j
2019-07-14 16:32:46,677 INFO  http.HttpServer2 (HttpServer2.java:addGlobalFilter(975)) - Added global filter 'safety' (class=org.apache.hadoop.http.HttpServer2$QuotingInputFilter)
2019-07-14 16:32:46,678 INFO  http.HttpServer2 (HttpServer2.java:addFilter(948)) - Added filter static_user_filter (class=org.apache.hadoop.http.lib.StaticUserWebFilter$StaticUserFilter) to context hddsDatanode
2019-07-14 16:32:46,678 INFO  http.HttpServer2 (HttpServer2.java:addFilter(958)) - Added filter static_user_filter (class=org.apache.hadoop.http.lib.StaticUserWebFilter$StaticUserFilter) to context static
2019-07-14 16:32:46,678 INFO  http.HttpServer2 (HttpServer2.java:addFilter(958)) - Added filter static_user_filter (class=org.apache.hadoop.http.lib.StaticUserWebFilter$StaticUserFilter) to context logs
2019-07-14 16:32:46,679 INFO  http.HttpServer2 (HttpServer2.java:bindListener(1191)) - Jetty bound to port 46634
2019-07-14 16:32:46,679 INFO  server.Server (Server.java:doStart(351)) - jetty-9.3.24.v20180605, build timestamp: 2018-06-05T17:11:56Z, git hash: 84205aa28f11a4f31f2a3b86d1bba2cc8ab69827
2019-07-14 16:32:46,681 INFO  handler.ContextHandler (ContextHandler.java:doStart(781)) - Started o.e.j.s.ServletContextHandler@1bb90d4d{/logs,file:///workdir/hadoop-ozone/integration-test/target/log,AVAILABLE}
2019-07-14 16:32:46,681 INFO  handler.ContextHandler (ContextHandler.java:doStart(781)) - Started o.e.j.s.ServletContextHandler@69e346b3{/static,jar:file:/home/user/.m2/repository/org/apache/hadoop/hadoop-hdds-container-service/0.5.0-SNAPSHOT/hadoop-hdds-container-service-0.5.0-SNAPSHOT.jar!/webapps/static,AVAILABLE}
2019-07-14 16:32:46,713 INFO  handler.ContextHandler (ContextHandler.java:doStart(781)) - Started o.e.j.w.WebAppContext@49d658bf{/,file:///tmp/jetty-0.0.0.0-46634-hddsDatanode-_-any-113829546342553059.dir/webapp/,AVAILABLE}{/hddsDatanode}
2019-07-14 16:32:46,713 INFO  server.AbstractConnector (AbstractConnector.java:doStart(278)) - Started ServerConnector@21288943{HTTP/1.1,[http/1.1]}{0.0.0.0:46634}
2019-07-14 16:32:46,714 INFO  server.Server (Server.java:doStart(419)) - Started @627418ms
2019-07-14 16:32:46,716 INFO  server.BaseHttpServer (BaseHttpServer.java:updateConnectorAddress(207)) - HTTP server of HDDSDATANODE is listening at http://0.0.0.0:46634
2019-07-14 16:32:46,869 INFO  ozone.HddsDatanodeService (HddsDatanodeService.java:startPlugins(396)) - Started plug-in org.apache.hadoop.ozone.web.OzoneHddsDatanodeService@7d911f95
2019-07-14 16:32:46,869 INFO  impl.MetricsSystemImpl (MetricsSystemImpl.java:init(158)) - HddsDatanode metrics system started (again)
2019-07-14 16:32:46,874 INFO  ozone.HddsDatanodeService (HddsDatanodeService.java:start(185)) - HddsDatanodeService host:pr-hdds-1710-5x6jb-1204890111 ip:192.168.69.77
2019-07-14 16:32:46,875 INFO  util.JvmPauseMonitor (JvmPauseMonitor.java:run(188)) - Starting JVM pause monitor
2019-07-14 16:32:46,877 INFO  datanode.InitDatanodeState (InitDatanodeState.java:persistContainerDatanodeDetails(140)) - DatanodeDetails is persisted to /workdir/hadoop-ozone/integration-test/target/test-dir/MiniOzoneClusterImpl-572d971c-223f-4c43-9a1b-19e82311a99c/datanode-0/meta/datanode.id
2019-07-14 16:32:46,888 INFO  volume.HddsVolume (HddsVolume.java:<init>(176)) - Creating Volume: /workdir/hadoop-ozone/integration-test/target/test-dir/MiniOzoneClusterImpl-572d971c-223f-4c43-9a1b-19e82311a99c/datanode-1/data/containers/hdds of  storage type : DISK and capacity : 52710309888
2019-07-14 16:32:46,888 INFO  volume.VolumeSet (VolumeSet.java:initializeVolumeSet(170)) - Added Volume : /workdir/hadoop-ozone/integration-test/target/test-dir/MiniOzoneClusterImpl-572d971c-223f-4c43-9a1b-19e82311a99c/datanode-1/data/containers/hdds to VolumeSet
2019-07-14 16:32:46,889 INFO  volume.ThrottledAsyncChecker (ThrottledAsyncChecker.java:schedule(140)) - Scheduling a check for org.apache.hadoop.ozone.container.common.volume.HddsVolume@4d8458a1
2019-07-14 16:32:46,889 INFO  volume.HddsVolumeChecker (HddsVolumeChecker.java:checkAllVolumes(203)) - Scheduled health check for volume org.apache.hadoop.ozone.container.common.volume.HddsVolume@4d8458a1
2019-07-14 16:32:46,906 INFO  impl.RaftServerProxy (ConfUtils.java:logGet(43)) - raft.rpc.type = GRPC (default)
2019-07-14 16:32:46,906 INFO  grpc.GrpcFactory (GrpcFactory.java:checkPooledByteBufAllocatorUseCacheForAllThreads(45)) - PERFORMANCE WARNING: useCacheForAllThreads is true that may cause Netty to create a lot garbage objects and, as a result, trigger GC.
	It is recommended to disable useCacheForAllThreads by setting -Dorg.apache.ratis.thirdparty.io.netty.allocator.useCacheForAllThreads=false in command line.
2019-07-14 16:32:46,906 INFO  grpc.GrpcConfigKeys$Server (ConfUtils.java:logGet(43)) - raft.grpc.server.port = 0 (default)
2019-07-14 16:32:46,907 INFO  server.GrpcService (ConfUtils.java:logGet(43)) - raft.grpc.message.size.max = 33570816 (custom)
2019-07-14 16:32:46,907 INFO  server.RaftServerConfigKeys (ConfUtils.java:logGet(43)) - raft.server.log.appender.buffer.byte-limit = 33554432 (custom)
2019-07-14 16:32:46,907 INFO  server.GrpcService (ConfUtils.java:logGet(43)) - raft.grpc.flow.control.window = 1MB (=1048576) (default)
2019-07-14 16:32:46,907 INFO  server.RaftServerConfigKeys (ConfUtils.java:logGet(43)) - raft.server.rpc.request.timeout = 3000ms (default)
2019-07-14 16:32:46,908 INFO  server.RaftServerConfigKeys (ConfUtils.java:logGet(43)) - raft.server.storage.dir = [/workdir/hadoop-ozone/integration-test/target/test-dir/MiniOzoneClusterImpl-572d971c-223f-4c43-9a1b-19e82311a99c/datanode-1/data/ratis] (custom)
2019-07-14 16:32:46,908 INFO  replication.SimpleContainerDownloader (SimpleContainerDownloader.java:<init>(72)) - Starting container downloader service to copy containers to replicate.
2019-07-14 16:32:46,910 INFO  hdfs.DFSUtil (DFSUtil.java:httpServerTemplateForNNAndJN(1641)) - Starting Web-server for hddsDatanode at: http://0.0.0.0:0
2019-07-14 16:32:46,912 INFO  server.AuthenticationFilter (AuthenticationFilter.java:constructSecretProvider(240)) - Unable to initialize FileSignerSecretProvider, falling back to use random secrets.
2019-07-14 16:32:46,913 WARN  http.HttpRequestLog (HttpRequestLog.java:getRequestLog(97)) - Jetty request log can only be enabled using Log4j
2019-07-14 16:32:46,915 INFO  http.HttpServer2 (HttpServer2.java:addGlobalFilter(975)) - Added global filter 'safety' (class=org.apache.hadoop.http.HttpServer2$QuotingInputFilter)
2019-07-14 16:32:46,915 INFO  http.HttpServer2 (HttpServer2.java:addFilter(948)) - Added filter static_user_filter (class=org.apache.hadoop.http.lib.StaticUserWebFilter$StaticUserFilter) to context hddsDatanode
2019-07-14 16:32:46,916 INFO  http.HttpServer2 (HttpServer2.java:addFilter(958)) - Added filter static_user_filter (class=org.apache.hadoop.http.lib.StaticUserWebFilter$StaticUserFilter) to context static
2019-07-14 16:32:46,916 INFO  http.HttpServer2 (HttpServer2.java:addFilter(958)) - Added filter static_user_filter (class=org.apache.hadoop.http.lib.StaticUserWebFilter$StaticUserFilter) to context logs
2019-07-14 16:32:46,917 INFO  http.HttpServer2 (HttpServer2.java:bindListener(1191)) - Jetty bound to port 38494
2019-07-14 16:32:46,917 INFO  server.Server (Server.java:doStart(351)) - jetty-9.3.24.v20180605, build timestamp: 2018-06-05T17:11:56Z, git hash: 84205aa28f11a4f31f2a3b86d1bba2cc8ab69827
2019-07-14 16:32:46,919 INFO  handler.ContextHandler (ContextHandler.java:doStart(781)) - Started o.e.j.s.ServletContextHandler@1940bacd{/logs,file:///workdir/hadoop-ozone/integration-test/target/log,AVAILABLE}
2019-07-14 16:32:46,920 INFO  handler.ContextHandler (ContextHandler.java:doStart(781)) - Started o.e.j.s.ServletContextHandler@1f9ec3e7{/static,jar:file:/home/user/.m2/repository/org/apache/hadoop/hadoop-hdds-container-service/0.5.0-SNAPSHOT/hadoop-hdds-container-service-0.5.0-SNAPSHOT.jar!/webapps/static,AVAILABLE}
2019-07-14 16:32:46,960 INFO  handler.ContextHandler (ContextHandler.java:doStart(781)) - Started o.e.j.w.WebAppContext@37ec9c49{/,file:///tmp/jetty-0.0.0.0-38494-hddsDatanode-_-any-3964319681024940179.dir/webapp/,AVAILABLE}{/hddsDatanode}
2019-07-14 16:32:46,960 INFO  server.AbstractConnector (AbstractConnector.java:doStart(278)) - Started ServerConnector@3ab2d64c{HTTP/1.1,[http/1.1]}{0.0.0.0:38494}
2019-07-14 16:32:46,961 INFO  server.Server (Server.java:doStart(419)) - Started @627664ms
2019-07-14 16:32:46,962 INFO  server.BaseHttpServer (BaseHttpServer.java:updateConnectorAddress(207)) - HTTP server of HDDSDATANODE is listening at http://0.0.0.0:38494
2019-07-14 16:32:47,069 INFO  ozone.HddsDatanodeService (HddsDatanodeService.java:startPlugins(396)) - Started plug-in org.apache.hadoop.ozone.web.OzoneHddsDatanodeService@665902eb
2019-07-14 16:32:47,070 INFO  impl.MetricsSystemImpl (MetricsSystemImpl.java:init(158)) - HddsDatanode metrics system started (again)
2019-07-14 16:32:47,075 INFO  ozone.HddsDatanodeService (HddsDatanodeService.java:start(185)) - HddsDatanodeService host:pr-hdds-1710-5x6jb-1204890111 ip:192.168.69.77
2019-07-14 16:32:47,075 INFO  util.JvmPauseMonitor (JvmPauseMonitor.java:run(188)) - Starting JVM pause monitor
2019-07-14 16:32:47,076 INFO  datanode.InitDatanodeState (InitDatanodeState.java:persistContainerDatanodeDetails(140)) - DatanodeDetails is persisted to /workdir/hadoop-ozone/integration-test/target/test-dir/MiniOzoneClusterImpl-572d971c-223f-4c43-9a1b-19e82311a99c/datanode-1/meta/datanode.id
2019-07-14 16:32:47,087 INFO  volume.HddsVolume (HddsVolume.java:<init>(176)) - Creating Volume: /workdir/hadoop-ozone/integration-test/target/test-dir/MiniOzoneClusterImpl-572d971c-223f-4c43-9a1b-19e82311a99c/datanode-2/data/containers/hdds of  storage type : DISK and capacity : 52710309888
2019-07-14 16:32:47,087 INFO  volume.VolumeSet (VolumeSet.java:initializeVolumeSet(170)) - Added Volume : /workdir/hadoop-ozone/integration-test/target/test-dir/MiniOzoneClusterImpl-572d971c-223f-4c43-9a1b-19e82311a99c/datanode-2/data/containers/hdds to VolumeSet
2019-07-14 16:32:47,087 INFO  volume.ThrottledAsyncChecker (ThrottledAsyncChecker.java:schedule(140)) - Scheduling a check for org.apache.hadoop.ozone.container.common.volume.HddsVolume@7d487147
2019-07-14 16:32:47,088 INFO  volume.HddsVolumeChecker (HddsVolumeChecker.java:checkAllVolumes(203)) - Scheduled health check for volume org.apache.hadoop.ozone.container.common.volume.HddsVolume@7d487147
2019-07-14 16:32:47,106 INFO  impl.RaftServerProxy (ConfUtils.java:logGet(43)) - raft.rpc.type = GRPC (default)
2019-07-14 16:32:47,106 INFO  grpc.GrpcFactory (GrpcFactory.java:checkPooledByteBufAllocatorUseCacheForAllThreads(45)) - PERFORMANCE WARNING: useCacheForAllThreads is true that may cause Netty to create a lot garbage objects and, as a result, trigger GC.
	It is recommended to disable useCacheForAllThreads by setting -Dorg.apache.ratis.thirdparty.io.netty.allocator.useCacheForAllThreads=false in command line.
2019-07-14 16:32:47,106 INFO  grpc.GrpcConfigKeys$Server (ConfUtils.java:logGet(43)) - raft.grpc.server.port = 0 (default)
2019-07-14 16:32:47,106 INFO  server.GrpcService (ConfUtils.java:logGet(43)) - raft.grpc.message.size.max = 33570816 (custom)
2019-07-14 16:32:47,107 INFO  server.RaftServerConfigKeys (ConfUtils.java:logGet(43)) - raft.server.log.appender.buffer.byte-limit = 33554432 (custom)
2019-07-14 16:32:47,107 INFO  server.GrpcService (ConfUtils.java:logGet(43)) - raft.grpc.flow.control.window = 1MB (=1048576) (default)
2019-07-14 16:32:47,107 INFO  server.RaftServerConfigKeys (ConfUtils.java:logGet(43)) - raft.server.rpc.request.timeout = 3000ms (default)
2019-07-14 16:32:47,107 INFO  server.RaftServerConfigKeys (ConfUtils.java:logGet(43)) - raft.server.storage.dir = [/workdir/hadoop-ozone/integration-test/target/test-dir/MiniOzoneClusterImpl-572d971c-223f-4c43-9a1b-19e82311a99c/datanode-2/data/ratis] (custom)
2019-07-14 16:32:47,108 INFO  replication.SimpleContainerDownloader (SimpleContainerDownloader.java:<init>(72)) - Starting container downloader service to copy containers to replicate.
2019-07-14 16:32:47,109 INFO  hdfs.DFSUtil (DFSUtil.java:httpServerTemplateForNNAndJN(1641)) - Starting Web-server for hddsDatanode at: http://0.0.0.0:0
2019-07-14 16:32:47,110 INFO  server.AuthenticationFilter (AuthenticationFilter.java:constructSecretProvider(240)) - Unable to initialize FileSignerSecretProvider, falling back to use random secrets.
2019-07-14 16:32:47,110 WARN  http.HttpRequestLog (HttpRequestLog.java:getRequestLog(97)) - Jetty request log can only be enabled using Log4j
2019-07-14 16:32:47,111 INFO  http.HttpServer2 (HttpServer2.java:addGlobalFilter(975)) - Added global filter 'safety' (class=org.apache.hadoop.http.HttpServer2$QuotingInputFilter)
2019-07-14 16:32:47,112 INFO  http.HttpServer2 (HttpServer2.java:addFilter(948)) - Added filter static_user_filter (class=org.apache.hadoop.http.lib.StaticUserWebFilter$StaticUserFilter) to context hddsDatanode
2019-07-14 16:32:47,112 INFO  http.HttpServer2 (HttpServer2.java:addFilter(958)) - Added filter static_user_filter (class=org.apache.hadoop.http.lib.StaticUserWebFilter$StaticUserFilter) to context logs
2019-07-14 16:32:47,112 INFO  http.HttpServer2 (HttpServer2.java:addFilter(958)) - Added filter static_user_filter (class=org.apache.hadoop.http.lib.StaticUserWebFilter$StaticUserFilter) to context static
2019-07-14 16:32:47,113 INFO  http.HttpServer2 (HttpServer2.java:bindListener(1191)) - Jetty bound to port 34670
2019-07-14 16:32:47,113 INFO  server.Server (Server.java:doStart(351)) - jetty-9.3.24.v20180605, build timestamp: 2018-06-05T17:11:56Z, git hash: 84205aa28f11a4f31f2a3b86d1bba2cc8ab69827
2019-07-14 16:32:47,114 INFO  handler.ContextHandler (ContextHandler.java:doStart(781)) - Started o.e.j.s.ServletContextHandler@421f447f{/logs,file:///workdir/hadoop-ozone/integration-test/target/log,AVAILABLE}
2019-07-14 16:32:47,114 INFO  handler.ContextHandler (ContextHandler.java:doStart(781)) - Started o.e.j.s.ServletContextHandler@3872c85f{/static,jar:file:/home/user/.m2/repository/org/apache/hadoop/hadoop-hdds-container-service/0.5.0-SNAPSHOT/hadoop-hdds-container-service-0.5.0-SNAPSHOT.jar!/webapps/static,AVAILABLE}
2019-07-14 16:32:47,141 INFO  handler.ContextHandler (ContextHandler.java:doStart(781)) - Started o.e.j.w.WebAppContext@40f53ea{/,file:///tmp/jetty-0.0.0.0-34670-hddsDatanode-_-any-1109351049005227178.dir/webapp/,AVAILABLE}{/hddsDatanode}
2019-07-14 16:32:47,141 INFO  server.AbstractConnector (AbstractConnector.java:doStart(278)) - Started ServerConnector@5a1216b0{HTTP/1.1,[http/1.1]}{0.0.0.0:34670}
2019-07-14 16:32:47,141 INFO  server.Server (Server.java:doStart(419)) - Started @627845ms
2019-07-14 16:32:47,143 INFO  server.BaseHttpServer (BaseHttpServer.java:updateConnectorAddress(207)) - HTTP server of HDDSDATANODE is listening at http://0.0.0.0:34670
2019-07-14 16:32:47,239 INFO  ozone.HddsDatanodeService (HddsDatanodeService.java:startPlugins(396)) - Started plug-in org.apache.hadoop.ozone.web.OzoneHddsDatanodeService@66008321
2019-07-14 16:32:47,239 INFO  impl.MetricsSystemImpl (MetricsSystemImpl.java:init(158)) - HddsDatanode metrics system started (again)
2019-07-14 16:32:47,244 INFO  ozone.HddsDatanodeService (HddsDatanodeService.java:start(185)) - HddsDatanodeService host:pr-hdds-1710-5x6jb-1204890111 ip:192.168.69.77
2019-07-14 16:32:47,245 INFO  util.JvmPauseMonitor (JvmPauseMonitor.java:run(188)) - Starting JVM pause monitor
2019-07-14 16:32:47,246 INFO  datanode.InitDatanodeState (InitDatanodeState.java:persistContainerDatanodeDetails(140)) - DatanodeDetails is persisted to /workdir/hadoop-ozone/integration-test/target/test-dir/MiniOzoneClusterImpl-572d971c-223f-4c43-9a1b-19e82311a99c/datanode-2/meta/datanode.id
2019-07-14 16:32:47,256 INFO  volume.HddsVolume (HddsVolume.java:<init>(176)) - Creating Volume: /workdir/hadoop-ozone/integration-test/target/test-dir/MiniOzoneClusterImpl-572d971c-223f-4c43-9a1b-19e82311a99c/datanode-3/data/containers/hdds of  storage type : DISK and capacity : 52710309888
2019-07-14 16:32:47,256 INFO  volume.VolumeSet (VolumeSet.java:initializeVolumeSet(170)) - Added Volume : /workdir/hadoop-ozone/integration-test/target/test-dir/MiniOzoneClusterImpl-572d971c-223f-4c43-9a1b-19e82311a99c/datanode-3/data/containers/hdds to VolumeSet
2019-07-14 16:32:47,256 INFO  volume.ThrottledAsyncChecker (ThrottledAsyncChecker.java:schedule(140)) - Scheduling a check for org.apache.hadoop.ozone.container.common.volume.HddsVolume@71443983
2019-07-14 16:32:47,257 INFO  volume.HddsVolumeChecker (HddsVolumeChecker.java:checkAllVolumes(203)) - Scheduled health check for volume org.apache.hadoop.ozone.container.common.volume.HddsVolume@71443983
2019-07-14 16:32:47,269 INFO  impl.RaftServerProxy (ConfUtils.java:logGet(43)) - raft.rpc.type = GRPC (default)
2019-07-14 16:32:47,269 INFO  grpc.GrpcFactory (GrpcFactory.java:checkPooledByteBufAllocatorUseCacheForAllThreads(45)) - PERFORMANCE WARNING: useCacheForAllThreads is true that may cause Netty to create a lot garbage objects and, as a result, trigger GC.
	It is recommended to disable useCacheForAllThreads by setting -Dorg.apache.ratis.thirdparty.io.netty.allocator.useCacheForAllThreads=false in command line.
2019-07-14 16:32:47,269 INFO  grpc.GrpcConfigKeys$Server (ConfUtils.java:logGet(43)) - raft.grpc.server.port = 0 (default)
2019-07-14 16:32:47,269 INFO  server.GrpcService (ConfUtils.java:logGet(43)) - raft.grpc.message.size.max = 33570816 (custom)
2019-07-14 16:32:47,270 INFO  server.RaftServerConfigKeys (ConfUtils.java:logGet(43)) - raft.server.log.appender.buffer.byte-limit = 33554432 (custom)
2019-07-14 16:32:47,270 INFO  server.GrpcService (ConfUtils.java:logGet(43)) - raft.grpc.flow.control.window = 1MB (=1048576) (default)
2019-07-14 16:32:47,270 INFO  server.RaftServerConfigKeys (ConfUtils.java:logGet(43)) - raft.server.rpc.request.timeout = 3000ms (default)
2019-07-14 16:32:47,270 INFO  server.RaftServerConfigKeys (ConfUtils.java:logGet(43)) - raft.server.storage.dir = [/workdir/hadoop-ozone/integration-test/target/test-dir/MiniOzoneClusterImpl-572d971c-223f-4c43-9a1b-19e82311a99c/datanode-3/data/ratis] (custom)
2019-07-14 16:32:47,271 INFO  replication.SimpleContainerDownloader (SimpleContainerDownloader.java:<init>(72)) - Starting container downloader service to copy containers to replicate.
2019-07-14 16:32:47,272 INFO  hdfs.DFSUtil (DFSUtil.java:httpServerTemplateForNNAndJN(1641)) - Starting Web-server for hddsDatanode at: http://0.0.0.0:0
2019-07-14 16:32:47,273 INFO  server.AuthenticationFilter (AuthenticationFilter.java:constructSecretProvider(240)) - Unable to initialize FileSignerSecretProvider, falling back to use random secrets.
2019-07-14 16:32:47,273 WARN  http.HttpRequestLog (HttpRequestLog.java:getRequestLog(97)) - Jetty request log can only be enabled using Log4j
2019-07-14 16:32:47,274 INFO  http.HttpServer2 (HttpServer2.java:addGlobalFilter(975)) - Added global filter 'safety' (class=org.apache.hadoop.http.HttpServer2$QuotingInputFilter)
2019-07-14 16:32:47,275 INFO  http.HttpServer2 (HttpServer2.java:addFilter(948)) - Added filter static_user_filter (class=org.apache.hadoop.http.lib.StaticUserWebFilter$StaticUserFilter) to context hddsDatanode
2019-07-14 16:32:47,275 INFO  http.HttpServer2 (HttpServer2.java:addFilter(958)) - Added filter static_user_filter (class=org.apache.hadoop.http.lib.StaticUserWebFilter$StaticUserFilter) to context static
2019-07-14 16:32:47,275 INFO  http.HttpServer2 (HttpServer2.java:addFilter(958)) - Added filter static_user_filter (class=org.apache.hadoop.http.lib.StaticUserWebFilter$StaticUserFilter) to context logs
2019-07-14 16:32:47,275 INFO  http.HttpServer2 (HttpServer2.java:bindListener(1191)) - Jetty bound to port 44431
2019-07-14 16:32:47,276 INFO  server.Server (Server.java:doStart(351)) - jetty-9.3.24.v20180605, build timestamp: 2018-06-05T17:11:56Z, git hash: 84205aa28f11a4f31f2a3b86d1bba2cc8ab69827
2019-07-14 16:32:47,277 INFO  handler.ContextHandler (ContextHandler.java:doStart(781)) - Started o.e.j.s.ServletContextHandler@16486ab3{/logs,file:///workdir/hadoop-ozone/integration-test/target/log,AVAILABLE}
2019-07-14 16:32:47,277 INFO  handler.ContextHandler (ContextHandler.java:doStart(781)) - Started o.e.j.s.ServletContextHandler@327fd5c9{/static,jar:file:/home/user/.m2/repository/org/apache/hadoop/hadoop-hdds-container-service/0.5.0-SNAPSHOT/hadoop-hdds-container-service-0.5.0-SNAPSHOT.jar!/webapps/static,AVAILABLE}
2019-07-14 16:32:47,303 INFO  handler.ContextHandler (ContextHandler.java:doStart(781)) - Started o.e.j.w.WebAppContext@66032b8d{/,file:///tmp/jetty-0.0.0.0-44431-hddsDatanode-_-any-5137464986162806741.dir/webapp/,AVAILABLE}{/hddsDatanode}
2019-07-14 16:32:47,304 INFO  server.AbstractConnector (AbstractConnector.java:doStart(278)) - Started ServerConnector@7c1a5092{HTTP/1.1,[http/1.1]}{0.0.0.0:44431}
2019-07-14 16:32:47,305 INFO  server.Server (Server.java:doStart(419)) - Started @628009ms
2019-07-14 16:32:47,306 INFO  server.BaseHttpServer (BaseHttpServer.java:updateConnectorAddress(207)) - HTTP server of HDDSDATANODE is listening at http://0.0.0.0:44431
2019-07-14 16:32:47,403 INFO  ozone.HddsDatanodeService (HddsDatanodeService.java:startPlugins(396)) - Started plug-in org.apache.hadoop.ozone.web.OzoneHddsDatanodeService@43baf0b9
2019-07-14 16:32:47,404 INFO  impl.MetricsSystemImpl (MetricsSystemImpl.java:init(158)) - HddsDatanode metrics system started (again)
2019-07-14 16:32:47,409 INFO  ozone.HddsDatanodeService (HddsDatanodeService.java:start(185)) - HddsDatanodeService host:pr-hdds-1710-5x6jb-1204890111 ip:192.168.69.77
2019-07-14 16:32:47,410 INFO  util.JvmPauseMonitor (JvmPauseMonitor.java:run(188)) - Starting JVM pause monitor
2019-07-14 16:32:47,411 INFO  datanode.InitDatanodeState (InitDatanodeState.java:persistContainerDatanodeDetails(140)) - DatanodeDetails is persisted to /workdir/hadoop-ozone/integration-test/target/test-dir/MiniOzoneClusterImpl-572d971c-223f-4c43-9a1b-19e82311a99c/datanode-3/meta/datanode.id
2019-07-14 16:32:47,422 INFO  volume.HddsVolume (HddsVolume.java:<init>(176)) - Creating Volume: /workdir/hadoop-ozone/integration-test/target/test-dir/MiniOzoneClusterImpl-572d971c-223f-4c43-9a1b-19e82311a99c/datanode-4/data/containers/hdds of  storage type : DISK and capacity : 52710309888
2019-07-14 16:32:47,422 INFO  volume.VolumeSet (VolumeSet.java:initializeVolumeSet(170)) - Added Volume : /workdir/hadoop-ozone/integration-test/target/test-dir/MiniOzoneClusterImpl-572d971c-223f-4c43-9a1b-19e82311a99c/datanode-4/data/containers/hdds to VolumeSet
2019-07-14 16:32:47,422 INFO  volume.ThrottledAsyncChecker (ThrottledAsyncChecker.java:schedule(140)) - Scheduling a check for org.apache.hadoop.ozone.container.common.volume.HddsVolume@57bd0b3c
2019-07-14 16:32:47,423 INFO  volume.HddsVolumeChecker (HddsVolumeChecker.java:checkAllVolumes(203)) - Scheduled health check for volume org.apache.hadoop.ozone.container.common.volume.HddsVolume@57bd0b3c
2019-07-14 16:32:47,436 INFO  impl.RaftServerProxy (ConfUtils.java:logGet(43)) - raft.rpc.type = GRPC (default)
2019-07-14 16:32:47,437 INFO  grpc.GrpcFactory (GrpcFactory.java:checkPooledByteBufAllocatorUseCacheForAllThreads(45)) - PERFORMANCE WARNING: useCacheForAllThreads is true that may cause Netty to create a lot garbage objects and, as a result, trigger GC.
	It is recommended to disable useCacheForAllThreads by setting -Dorg.apache.ratis.thirdparty.io.netty.allocator.useCacheForAllThreads=false in command line.
2019-07-14 16:32:47,437 INFO  grpc.GrpcConfigKeys$Server (ConfUtils.java:logGet(43)) - raft.grpc.server.port = 0 (default)
2019-07-14 16:32:47,437 INFO  server.GrpcService (ConfUtils.java:logGet(43)) - raft.grpc.message.size.max = 33570816 (custom)
2019-07-14 16:32:47,437 INFO  server.RaftServerConfigKeys (ConfUtils.java:logGet(43)) - raft.server.log.appender.buffer.byte-limit = 33554432 (custom)
2019-07-14 16:32:47,437 INFO  server.GrpcService (ConfUtils.java:logGet(43)) - raft.grpc.flow.control.window = 1MB (=1048576) (default)
2019-07-14 16:32:47,437 INFO  server.RaftServerConfigKeys (ConfUtils.java:logGet(43)) - raft.server.rpc.request.timeout = 3000ms (default)
2019-07-14 16:32:47,438 INFO  server.RaftServerConfigKeys (ConfUtils.java:logGet(43)) - raft.server.storage.dir = [/workdir/hadoop-ozone/integration-test/target/test-dir/MiniOzoneClusterImpl-572d971c-223f-4c43-9a1b-19e82311a99c/datanode-4/data/ratis] (custom)
2019-07-14 16:32:47,438 INFO  replication.SimpleContainerDownloader (SimpleContainerDownloader.java:<init>(72)) - Starting container downloader service to copy containers to replicate.
2019-07-14 16:32:47,439 INFO  hdfs.DFSUtil (DFSUtil.java:httpServerTemplateForNNAndJN(1641)) - Starting Web-server for hddsDatanode at: http://0.0.0.0:0
2019-07-14 16:32:47,440 INFO  server.AuthenticationFilter (AuthenticationFilter.java:constructSecretProvider(240)) - Unable to initialize FileSignerSecretProvider, falling back to use random secrets.
2019-07-14 16:32:47,441 WARN  http.HttpRequestLog (HttpRequestLog.java:getRequestLog(97)) - Jetty request log can only be enabled using Log4j
2019-07-14 16:32:47,442 INFO  http.HttpServer2 (HttpServer2.java:addGlobalFilter(975)) - Added global filter 'safety' (class=org.apache.hadoop.http.HttpServer2$QuotingInputFilter)
2019-07-14 16:32:47,442 INFO  http.HttpServer2 (HttpServer2.java:addFilter(948)) - Added filter static_user_filter (class=org.apache.hadoop.http.lib.StaticUserWebFilter$StaticUserFilter) to context hddsDatanode
2019-07-14 16:32:47,442 INFO  http.HttpServer2 (HttpServer2.java:addFilter(958)) - Added filter static_user_filter (class=org.apache.hadoop.http.lib.StaticUserWebFilter$StaticUserFilter) to context logs
2019-07-14 16:32:47,442 INFO  http.HttpServer2 (HttpServer2.java:addFilter(958)) - Added filter static_user_filter (class=org.apache.hadoop.http.lib.StaticUserWebFilter$StaticUserFilter) to context static
2019-07-14 16:32:47,443 INFO  http.HttpServer2 (HttpServer2.java:bindListener(1191)) - Jetty bound to port 39265
2019-07-14 16:32:47,443 INFO  server.Server (Server.java:doStart(351)) - jetty-9.3.24.v20180605, build timestamp: 2018-06-05T17:11:56Z, git hash: 84205aa28f11a4f31f2a3b86d1bba2cc8ab69827
2019-07-14 16:32:47,444 INFO  handler.ContextHandler (ContextHandler.java:doStart(781)) - Started o.e.j.s.ServletContextHandler@32b273c1{/logs,file:///workdir/hadoop-ozone/integration-test/target/log,AVAILABLE}
2019-07-14 16:32:47,445 INFO  handler.ContextHandler (ContextHandler.java:doStart(781)) - Started o.e.j.s.ServletContextHandler@3392d69b{/static,jar:file:/home/user/.m2/repository/org/apache/hadoop/hadoop-hdds-container-service/0.5.0-SNAPSHOT/hadoop-hdds-container-service-0.5.0-SNAPSHOT.jar!/webapps/static,AVAILABLE}
2019-07-14 16:32:47,471 INFO  handler.ContextHandler (ContextHandler.java:doStart(781)) - Started o.e.j.w.WebAppContext@3bbab7c7{/,file:///tmp/jetty-0.0.0.0-39265-hddsDatanode-_-any-3744850940760255265.dir/webapp/,AVAILABLE}{/hddsDatanode}
2019-07-14 16:32:47,472 INFO  server.AbstractConnector (AbstractConnector.java:doStart(278)) - Started ServerConnector@3237522b{HTTP/1.1,[http/1.1]}{0.0.0.0:39265}
2019-07-14 16:32:47,472 INFO  server.Server (Server.java:doStart(419)) - Started @628176ms
2019-07-14 16:32:47,473 INFO  server.BaseHttpServer (BaseHttpServer.java:updateConnectorAddress(207)) - HTTP server of HDDSDATANODE is listening at http://0.0.0.0:39265
2019-07-14 16:32:47,727 INFO  ozone.HddsDatanodeService (HddsDatanodeService.java:startPlugins(396)) - Started plug-in org.apache.hadoop.ozone.web.OzoneHddsDatanodeService@7b6824db
2019-07-14 16:32:47,728 INFO  impl.MetricsSystemImpl (MetricsSystemImpl.java:init(158)) - HddsDatanode metrics system started (again)
2019-07-14 16:32:47,735 INFO  ozone.HddsDatanodeService (HddsDatanodeService.java:start(185)) - HddsDatanodeService host:pr-hdds-1710-5x6jb-1204890111 ip:192.168.69.77
2019-07-14 16:32:47,735 INFO  util.JvmPauseMonitor (JvmPauseMonitor.java:run(188)) - Starting JVM pause monitor
2019-07-14 16:32:47,737 INFO  datanode.InitDatanodeState (InitDatanodeState.java:persistContainerDatanodeDetails(140)) - DatanodeDetails is persisted to /workdir/hadoop-ozone/integration-test/target/test-dir/MiniOzoneClusterImpl-572d971c-223f-4c43-9a1b-19e82311a99c/datanode-4/meta/datanode.id
2019-07-14 16:32:47,755 INFO  volume.HddsVolume (HddsVolume.java:<init>(176)) - Creating Volume: /workdir/hadoop-ozone/integration-test/target/test-dir/MiniOzoneClusterImpl-572d971c-223f-4c43-9a1b-19e82311a99c/datanode-5/data/containers/hdds of  storage type : DISK and capacity : 52710309888
2019-07-14 16:32:47,756 INFO  volume.VolumeSet (VolumeSet.java:initializeVolumeSet(170)) - Added Volume : /workdir/hadoop-ozone/integration-test/target/test-dir/MiniOzoneClusterImpl-572d971c-223f-4c43-9a1b-19e82311a99c/datanode-5/data/containers/hdds to VolumeSet
2019-07-14 16:32:47,756 INFO  volume.ThrottledAsyncChecker (ThrottledAsyncChecker.java:schedule(140)) - Scheduling a check for org.apache.hadoop.ozone.container.common.volume.HddsVolume@6a7c0932
2019-07-14 16:32:47,757 INFO  volume.HddsVolumeChecker (HddsVolumeChecker.java:checkAllVolumes(203)) - Scheduled health check for volume org.apache.hadoop.ozone.container.common.volume.HddsVolume@6a7c0932
2019-07-14 16:32:47,774 INFO  impl.RaftServerProxy (ConfUtils.java:logGet(43)) - raft.rpc.type = GRPC (default)
2019-07-14 16:32:47,774 INFO  grpc.GrpcFactory (GrpcFactory.java:checkPooledByteBufAllocatorUseCacheForAllThreads(45)) - PERFORMANCE WARNING: useCacheForAllThreads is true that may cause Netty to create a lot garbage objects and, as a result, trigger GC.
	It is recommended to disable useCacheForAllThreads by setting -Dorg.apache.ratis.thirdparty.io.netty.allocator.useCacheForAllThreads=false in command line.
2019-07-14 16:32:47,774 INFO  grpc.GrpcConfigKeys$Server (ConfUtils.java:logGet(43)) - raft.grpc.server.port = 0 (default)
2019-07-14 16:32:47,774 INFO  server.GrpcService (ConfUtils.java:logGet(43)) - raft.grpc.message.size.max = 33570816 (custom)
2019-07-14 16:32:47,775 INFO  server.RaftServerConfigKeys (ConfUtils.java:logGet(43)) - raft.server.log.appender.buffer.byte-limit = 33554432 (custom)
2019-07-14 16:32:47,775 INFO  server.GrpcService (ConfUtils.java:logGet(43)) - raft.grpc.flow.control.window = 1MB (=1048576) (default)
2019-07-14 16:32:47,775 INFO  server.RaftServerConfigKeys (ConfUtils.java:logGet(43)) - raft.server.rpc.request.timeout = 3000ms (default)
2019-07-14 16:32:47,776 INFO  server.RaftServerConfigKeys (ConfUtils.java:logGet(43)) - raft.server.storage.dir = [/workdir/hadoop-ozone/integration-test/target/test-dir/MiniOzoneClusterImpl-572d971c-223f-4c43-9a1b-19e82311a99c/datanode-5/data/ratis] (custom)
2019-07-14 16:32:47,776 INFO  replication.SimpleContainerDownloader (SimpleContainerDownloader.java:<init>(72)) - Starting container downloader service to copy containers to replicate.
2019-07-14 16:32:47,777 INFO  hdfs.DFSUtil (DFSUtil.java:httpServerTemplateForNNAndJN(1641)) - Starting Web-server for hddsDatanode at: http://0.0.0.0:0
2019-07-14 16:32:47,779 INFO  server.AuthenticationFilter (AuthenticationFilter.java:constructSecretProvider(240)) - Unable to initialize FileSignerSecretProvider, falling back to use random secrets.
2019-07-14 16:32:47,780 WARN  http.HttpRequestLog (HttpRequestLog.java:getRequestLog(97)) - Jetty request log can only be enabled using Log4j
2019-07-14 16:32:47,781 INFO  http.HttpServer2 (HttpServer2.java:addGlobalFilter(975)) - Added global filter 'safety' (class=org.apache.hadoop.http.HttpServer2$QuotingInputFilter)
2019-07-14 16:32:47,782 INFO  http.HttpServer2 (HttpServer2.java:addFilter(948)) - Added filter static_user_filter (class=org.apache.hadoop.http.lib.StaticUserWebFilter$StaticUserFilter) to context hddsDatanode
2019-07-14 16:32:47,782 INFO  http.HttpServer2 (HttpServer2.java:addFilter(958)) - Added filter static_user_filter (class=org.apache.hadoop.http.lib.StaticUserWebFilter$StaticUserFilter) to context static
2019-07-14 16:32:47,782 INFO  http.HttpServer2 (HttpServer2.java:addFilter(958)) - Added filter static_user_filter (class=org.apache.hadoop.http.lib.StaticUserWebFilter$StaticUserFilter) to context logs
2019-07-14 16:32:47,783 INFO  http.HttpServer2 (HttpServer2.java:bindListener(1191)) - Jetty bound to port 43315
2019-07-14 16:32:47,783 INFO  server.Server (Server.java:doStart(351)) - jetty-9.3.24.v20180605, build timestamp: 2018-06-05T17:11:56Z, git hash: 84205aa28f11a4f31f2a3b86d1bba2cc8ab69827
2019-07-14 16:32:47,785 INFO  handler.ContextHandler (ContextHandler.java:doStart(781)) - Started o.e.j.s.ServletContextHandler@5808573f{/logs,file:///workdir/hadoop-ozone/integration-test/target/log,AVAILABLE}
2019-07-14 16:32:47,786 INFO  handler.ContextHandler (ContextHandler.java:doStart(781)) - Started o.e.j.s.ServletContextHandler@71e6bac0{/static,jar:file:/home/user/.m2/repository/org/apache/hadoop/hadoop-hdds-container-service/0.5.0-SNAPSHOT/hadoop-hdds-container-service-0.5.0-SNAPSHOT.jar!/webapps/static,AVAILABLE}
2019-07-14 16:32:47,827 INFO  handler.ContextHandler (ContextHandler.java:doStart(781)) - Started o.e.j.w.WebAppContext@3ef8de39{/,file:///tmp/jetty-0.0.0.0-43315-hddsDatanode-_-any-4203105356403046641.dir/webapp/,AVAILABLE}{/hddsDatanode}
2019-07-14 16:32:47,827 INFO  server.AbstractConnector (AbstractConnector.java:doStart(278)) - Started ServerConnector@370e5bb9{HTTP/1.1,[http/1.1]}{0.0.0.0:43315}
2019-07-14 16:32:47,829 INFO  server.Server (Server.java:doStart(419)) - Started @628533ms
2019-07-14 16:32:47,830 INFO  server.BaseHttpServer (BaseHttpServer.java:updateConnectorAddress(207)) - HTTP server of HDDSDATANODE is listening at http://0.0.0.0:43315
2019-07-14 16:32:47,933 INFO  ozone.HddsDatanodeService (HddsDatanodeService.java:startPlugins(396)) - Started plug-in org.apache.hadoop.ozone.web.OzoneHddsDatanodeService@3bad0efd
2019-07-14 16:32:47,934 INFO  impl.MetricsSystemImpl (MetricsSystemImpl.java:init(158)) - HddsDatanode metrics system started (again)
2019-07-14 16:32:47,939 INFO  util.JvmPauseMonitor (JvmPauseMonitor.java:run(188)) - Starting JVM pause monitor
2019-07-14 16:32:47,939 INFO  ozone.HddsDatanodeService (HddsDatanodeService.java:start(185)) - HddsDatanodeService host:pr-hdds-1710-5x6jb-1204890111 ip:192.168.69.77
2019-07-14 16:32:47,940 INFO  datanode.InitDatanodeState (InitDatanodeState.java:persistContainerDatanodeDetails(140)) - DatanodeDetails is persisted to /workdir/hadoop-ozone/integration-test/target/test-dir/MiniOzoneClusterImpl-572d971c-223f-4c43-9a1b-19e82311a99c/datanode-5/meta/datanode.id
2019-07-14 16:32:47,949 INFO  volume.HddsVolume (HddsVolume.java:<init>(176)) - Creating Volume: /workdir/hadoop-ozone/integration-test/target/test-dir/MiniOzoneClusterImpl-572d971c-223f-4c43-9a1b-19e82311a99c/datanode-6/data/containers/hdds of  storage type : DISK and capacity : 52710309888
2019-07-14 16:32:47,949 INFO  volume.VolumeSet (VolumeSet.java:initializeVolumeSet(170)) - Added Volume : /workdir/hadoop-ozone/integration-test/target/test-dir/MiniOzoneClusterImpl-572d971c-223f-4c43-9a1b-19e82311a99c/datanode-6/data/containers/hdds to VolumeSet
2019-07-14 16:32:47,950 INFO  volume.ThrottledAsyncChecker (ThrottledAsyncChecker.java:schedule(140)) - Scheduling a check for org.apache.hadoop.ozone.container.common.volume.HddsVolume@46b376bb
2019-07-14 16:32:47,950 INFO  volume.HddsVolumeChecker (HddsVolumeChecker.java:checkAllVolumes(203)) - Scheduled health check for volume org.apache.hadoop.ozone.container.common.volume.HddsVolume@46b376bb
2019-07-14 16:32:47,962 INFO  impl.RaftServerProxy (ConfUtils.java:logGet(43)) - raft.rpc.type = GRPC (default)
2019-07-14 16:32:47,962 INFO  grpc.GrpcFactory (GrpcFactory.java:checkPooledByteBufAllocatorUseCacheForAllThreads(45)) - PERFORMANCE WARNING: useCacheForAllThreads is true that may cause Netty to create a lot garbage objects and, as a result, trigger GC.
	It is recommended to disable useCacheForAllThreads by setting -Dorg.apache.ratis.thirdparty.io.netty.allocator.useCacheForAllThreads=false in command line.
2019-07-14 16:32:47,963 INFO  grpc.GrpcConfigKeys$Server (ConfUtils.java:logGet(43)) - raft.grpc.server.port = 0 (default)
2019-07-14 16:32:47,963 INFO  server.GrpcService (ConfUtils.java:logGet(43)) - raft.grpc.message.size.max = 33570816 (custom)
2019-07-14 16:32:47,963 INFO  server.RaftServerConfigKeys (ConfUtils.java:logGet(43)) - raft.server.log.appender.buffer.byte-limit = 33554432 (custom)
2019-07-14 16:32:47,963 INFO  server.GrpcService (ConfUtils.java:logGet(43)) - raft.grpc.flow.control.window = 1MB (=1048576) (default)
2019-07-14 16:32:47,963 INFO  server.RaftServerConfigKeys (ConfUtils.java:logGet(43)) - raft.server.rpc.request.timeout = 3000ms (default)
2019-07-14 16:32:47,964 INFO  server.RaftServerConfigKeys (ConfUtils.java:logGet(43)) - raft.server.storage.dir = [/workdir/hadoop-ozone/integration-test/target/test-dir/MiniOzoneClusterImpl-572d971c-223f-4c43-9a1b-19e82311a99c/datanode-6/data/ratis] (custom)
2019-07-14 16:32:47,964 INFO  replication.SimpleContainerDownloader (SimpleContainerDownloader.java:<init>(72)) - Starting container downloader service to copy containers to replicate.
2019-07-14 16:32:47,965 INFO  hdfs.DFSUtil (DFSUtil.java:httpServerTemplateForNNAndJN(1641)) - Starting Web-server for hddsDatanode at: http://0.0.0.0:0
2019-07-14 16:32:47,968 INFO  server.AuthenticationFilter (AuthenticationFilter.java:constructSecretProvider(240)) - Unable to initialize FileSignerSecretProvider, falling back to use random secrets.
2019-07-14 16:32:47,969 WARN  http.HttpRequestLog (HttpRequestLog.java:getRequestLog(97)) - Jetty request log can only be enabled using Log4j
2019-07-14 16:32:47,971 INFO  http.HttpServer2 (HttpServer2.java:addGlobalFilter(975)) - Added global filter 'safety' (class=org.apache.hadoop.http.HttpServer2$QuotingInputFilter)
2019-07-14 16:32:47,972 INFO  http.HttpServer2 (HttpServer2.java:addFilter(948)) - Added filter static_user_filter (class=org.apache.hadoop.http.lib.StaticUserWebFilter$StaticUserFilter) to context hddsDatanode
2019-07-14 16:32:47,972 INFO  http.HttpServer2 (HttpServer2.java:addFilter(958)) - Added filter static_user_filter (class=org.apache.hadoop.http.lib.StaticUserWebFilter$StaticUserFilter) to context logs
2019-07-14 16:32:47,972 INFO  http.HttpServer2 (HttpServer2.java:addFilter(958)) - Added filter static_user_filter (class=org.apache.hadoop.http.lib.StaticUserWebFilter$StaticUserFilter) to context static
2019-07-14 16:32:47,973 INFO  http.HttpServer2 (HttpServer2.java:bindListener(1191)) - Jetty bound to port 45527
2019-07-14 16:32:47,974 INFO  server.Server (Server.java:doStart(351)) - jetty-9.3.24.v20180605, build timestamp: 2018-06-05T17:11:56Z, git hash: 84205aa28f11a4f31f2a3b86d1bba2cc8ab69827
2019-07-14 16:32:47,976 INFO  handler.ContextHandler (ContextHandler.java:doStart(781)) - Started o.e.j.s.ServletContextHandler@27d6ff8c{/logs,file:///workdir/hadoop-ozone/integration-test/target/log,AVAILABLE}
2019-07-14 16:32:47,977 INFO  handler.ContextHandler (ContextHandler.java:doStart(781)) - Started o.e.j.s.ServletContextHandler@156322ce{/static,jar:file:/home/user/.m2/repository/org/apache/hadoop/hadoop-hdds-container-service/0.5.0-SNAPSHOT/hadoop-hdds-container-service-0.5.0-SNAPSHOT.jar!/webapps/static,AVAILABLE}
2019-07-14 16:32:48,019 INFO  handler.ContextHandler (ContextHandler.java:doStart(781)) - Started o.e.j.w.WebAppContext@31881213{/,file:///tmp/jetty-0.0.0.0-45527-hddsDatanode-_-any-7245124618133098041.dir/webapp/,AVAILABLE}{/hddsDatanode}
2019-07-14 16:32:48,019 INFO  server.AbstractConnector (AbstractConnector.java:doStart(278)) - Started ServerConnector@2162e4a{HTTP/1.1,[http/1.1]}{0.0.0.0:45527}
2019-07-14 16:32:48,021 INFO  server.Server (Server.java:doStart(419)) - Started @628725ms
2019-07-14 16:32:48,022 INFO  server.BaseHttpServer (BaseHttpServer.java:updateConnectorAddress(207)) - HTTP server of HDDSDATANODE is listening at http://0.0.0.0:45527
2019-07-14 16:32:48,124 INFO  ozone.HddsDatanodeService (HddsDatanodeService.java:startPlugins(396)) - Started plug-in org.apache.hadoop.ozone.web.OzoneHddsDatanodeService@4d162d67
2019-07-14 16:32:48,124 INFO  ozone.MiniOzoneClusterImpl (MiniOzoneClusterImpl.java:lambda$waitForClusterToBeReady$0(142)) - Waiting for cluster to be ready. Got 0 of 7 DN Heartbeats.
2019-07-14 16:32:48,128 INFO  util.JvmPauseMonitor (JvmPauseMonitor.java:run(188)) - Starting JVM pause monitor
2019-07-14 16:32:48,129 INFO  datanode.InitDatanodeState (InitDatanodeState.java:persistContainerDatanodeDetails(140)) - DatanodeDetails is persisted to /workdir/hadoop-ozone/integration-test/target/test-dir/MiniOzoneClusterImpl-572d971c-223f-4c43-9a1b-19e82311a99c/datanode-6/meta/datanode.id
2019-07-14 16:32:48,907 INFO  ozoneimpl.OzoneContainer (OzoneContainer.java:start(186)) - Attempting to start container services.
2019-07-14 16:32:48,909 INFO  ozoneimpl.OzoneContainer (OzoneContainer.java:startContainerScrub(160)) - Background container scrubber has been disabled by hdds.containerscrub.enabled
2019-07-14 16:32:48,910 INFO  ratis.XceiverServerRatis (XceiverServerRatis.java:start(418)) - Starting XceiverServerRatis 719267b4-00f2-4039-b624-c5708ff59bf3 at port 0
2019-07-14 16:32:48,917 INFO  impl.RaftServerProxy (RaftServerProxy.java:lambda$start$3(299)) - 719267b4-00f2-4039-b624-c5708ff59bf3: start RPC server
2019-07-14 16:32:48,919 INFO  server.GrpcService (GrpcService.java:startImpl(149)) - 719267b4-00f2-4039-b624-c5708ff59bf3: GrpcService started, listening on 0.0.0.0/0.0.0.0:33833
2019-07-14 16:32:48,919 INFO  ratis.XceiverServerRatis (XceiverServerRatis.java:start(428)) - XceiverServerRatis 719267b4-00f2-4039-b624-c5708ff59bf3 is started using port 33833
2019-07-14 16:32:48,919 INFO  server.XceiverServerGrpc (XceiverServerGrpc.java:start(161)) - XceiverServerGrpc 719267b4-00f2-4039-b624-c5708ff59bf3 is started using port 37962
2019-07-14 16:32:49,089 INFO  ozoneimpl.OzoneContainer (OzoneContainer.java:start(186)) - Attempting to start container services.
2019-07-14 16:32:49,092 INFO  ozoneimpl.OzoneContainer (OzoneContainer.java:startContainerScrub(160)) - Background container scrubber has been disabled by hdds.containerscrub.enabled
2019-07-14 16:32:49,093 INFO  ratis.XceiverServerRatis (XceiverServerRatis.java:start(418)) - Starting XceiverServerRatis 444d8768-562b-4bdf-aff2-e99e646a3934 at port 0
2019-07-14 16:32:49,100 INFO  impl.RaftServerProxy (RaftServerProxy.java:lambda$start$3(299)) - 444d8768-562b-4bdf-aff2-e99e646a3934: start RPC server
2019-07-14 16:32:49,101 INFO  server.GrpcService (GrpcService.java:startImpl(149)) - 444d8768-562b-4bdf-aff2-e99e646a3934: GrpcService started, listening on 0.0.0.0/0.0.0.0:40777
2019-07-14 16:32:49,101 INFO  ratis.XceiverServerRatis (XceiverServerRatis.java:start(428)) - XceiverServerRatis 444d8768-562b-4bdf-aff2-e99e646a3934 is started using port 40777
2019-07-14 16:32:49,102 INFO  server.XceiverServerGrpc (XceiverServerGrpc.java:start(161)) - XceiverServerGrpc 444d8768-562b-4bdf-aff2-e99e646a3934 is started using port 46792
2019-07-14 16:32:49,125 INFO  ozone.MiniOzoneClusterImpl (MiniOzoneClusterImpl.java:lambda$waitForClusterToBeReady$0(142)) - Waiting for cluster to be ready. Got 0 of 7 DN Heartbeats.
2019-07-14 16:32:49,261 INFO  ozoneimpl.OzoneContainer (OzoneContainer.java:start(186)) - Attempting to start container services.
2019-07-14 16:32:49,267 INFO  ozoneimpl.OzoneContainer (OzoneContainer.java:startContainerScrub(160)) - Background container scrubber has been disabled by hdds.containerscrub.enabled
2019-07-14 16:32:49,267 INFO  ratis.XceiverServerRatis (XceiverServerRatis.java:start(418)) - Starting XceiverServerRatis 87ab9341-f0cd-46be-b6ed-3911fae33a21 at port 0
2019-07-14 16:32:49,275 INFO  impl.RaftServerProxy (RaftServerProxy.java:lambda$start$3(299)) - 87ab9341-f0cd-46be-b6ed-3911fae33a21: start RPC server
2019-07-14 16:32:49,276 INFO  server.GrpcService (GrpcService.java:startImpl(149)) - 87ab9341-f0cd-46be-b6ed-3911fae33a21: GrpcService started, listening on 0.0.0.0/0.0.0.0:45093
2019-07-14 16:32:49,276 INFO  ratis.XceiverServerRatis (XceiverServerRatis.java:start(428)) - XceiverServerRatis 87ab9341-f0cd-46be-b6ed-3911fae33a21 is started using port 45093
2019-07-14 16:32:49,283 INFO  server.XceiverServerGrpc (XceiverServerGrpc.java:start(161)) - XceiverServerGrpc 87ab9341-f0cd-46be-b6ed-3911fae33a21 is started using port 41922
2019-07-14 16:32:49,424 INFO  ozoneimpl.OzoneContainer (OzoneContainer.java:start(186)) - Attempting to start container services.
2019-07-14 16:32:49,424 INFO  ozoneimpl.OzoneContainer (OzoneContainer.java:startContainerScrub(160)) - Background container scrubber has been disabled by hdds.containerscrub.enabled
2019-07-14 16:32:49,424 INFO  ratis.XceiverServerRatis (XceiverServerRatis.java:start(418)) - Starting XceiverServerRatis 6c4be139-c8d3-4895-8303-7b4f9222f802 at port 0
2019-07-14 16:32:49,432 INFO  impl.RaftServerProxy (RaftServerProxy.java:lambda$start$3(299)) - 6c4be139-c8d3-4895-8303-7b4f9222f802: start RPC server
2019-07-14 16:32:49,433 INFO  server.GrpcService (GrpcService.java:startImpl(149)) - 6c4be139-c8d3-4895-8303-7b4f9222f802: GrpcService started, listening on 0.0.0.0/0.0.0.0:43454
2019-07-14 16:32:49,433 INFO  ratis.XceiverServerRatis (XceiverServerRatis.java:start(428)) - XceiverServerRatis 6c4be139-c8d3-4895-8303-7b4f9222f802 is started using port 43454
2019-07-14 16:32:49,433 INFO  server.XceiverServerGrpc (XceiverServerGrpc.java:start(161)) - XceiverServerGrpc 6c4be139-c8d3-4895-8303-7b4f9222f802 is started using port 40463
2019-07-14 16:32:49,749 INFO  ozoneimpl.OzoneContainer (OzoneContainer.java:start(186)) - Attempting to start container services.
2019-07-14 16:32:49,749 INFO  ozoneimpl.OzoneContainer (OzoneContainer.java:startContainerScrub(160)) - Background container scrubber has been disabled by hdds.containerscrub.enabled
2019-07-14 16:32:49,749 INFO  ratis.XceiverServerRatis (XceiverServerRatis.java:start(418)) - Starting XceiverServerRatis 3ba554fc-5326-4e7e-b3cf-8a138092dbfd at port 0
2019-07-14 16:32:49,757 INFO  impl.RaftServerProxy (RaftServerProxy.java:lambda$start$3(299)) - 3ba554fc-5326-4e7e-b3cf-8a138092dbfd: start RPC server
2019-07-14 16:32:49,757 INFO  server.GrpcService (GrpcService.java:startImpl(149)) - 3ba554fc-5326-4e7e-b3cf-8a138092dbfd: GrpcService started, listening on 0.0.0.0/0.0.0.0:34398
2019-07-14 16:32:49,758 INFO  ratis.XceiverServerRatis (XceiverServerRatis.java:start(428)) - XceiverServerRatis 3ba554fc-5326-4e7e-b3cf-8a138092dbfd is started using port 34398
2019-07-14 16:32:49,760 INFO  server.XceiverServerGrpc (XceiverServerGrpc.java:start(161)) - XceiverServerGrpc 3ba554fc-5326-4e7e-b3cf-8a138092dbfd is started using port 44068
2019-07-14 16:32:49,952 INFO  ozoneimpl.OzoneContainer (OzoneContainer.java:start(186)) - Attempting to start container services.
2019-07-14 16:32:49,952 INFO  ozoneimpl.OzoneContainer (OzoneContainer.java:startContainerScrub(160)) - Background container scrubber has been disabled by hdds.containerscrub.enabled
2019-07-14 16:32:49,953 INFO  ratis.XceiverServerRatis (XceiverServerRatis.java:start(418)) - Starting XceiverServerRatis 66ff6589-2641-42bd-b340-7b521dc7dda0 at port 0
2019-07-14 16:32:49,960 INFO  impl.RaftServerProxy (RaftServerProxy.java:lambda$start$3(299)) - 66ff6589-2641-42bd-b340-7b521dc7dda0: start RPC server
2019-07-14 16:32:49,961 INFO  server.GrpcService (GrpcService.java:startImpl(149)) - 66ff6589-2641-42bd-b340-7b521dc7dda0: GrpcService started, listening on 0.0.0.0/0.0.0.0:44924
2019-07-14 16:32:49,961 INFO  ratis.XceiverServerRatis (XceiverServerRatis.java:start(428)) - XceiverServerRatis 66ff6589-2641-42bd-b340-7b521dc7dda0 is started using port 44924
2019-07-14 16:32:49,962 INFO  server.XceiverServerGrpc (XceiverServerGrpc.java:start(161)) - XceiverServerGrpc 66ff6589-2641-42bd-b340-7b521dc7dda0 is started using port 34484
2019-07-14 16:32:50,125 INFO  ozone.MiniOzoneClusterImpl (MiniOzoneClusterImpl.java:lambda$waitForClusterToBeReady$0(142)) - Waiting for cluster to be ready. Got 0 of 7 DN Heartbeats.
2019-07-14 16:32:50,142 INFO  ozoneimpl.OzoneContainer (OzoneContainer.java:start(186)) - Attempting to start container services.
2019-07-14 16:32:50,142 INFO  ozoneimpl.OzoneContainer (OzoneContainer.java:startContainerScrub(160)) - Background container scrubber has been disabled by hdds.containerscrub.enabled
2019-07-14 16:32:50,142 INFO  ratis.XceiverServerRatis (XceiverServerRatis.java:start(418)) - Starting XceiverServerRatis e8393335-3568-408e-8ae6-3111d1cac025 at port 0
2019-07-14 16:32:50,149 INFO  impl.RaftServerProxy (RaftServerProxy.java:lambda$start$3(299)) - e8393335-3568-408e-8ae6-3111d1cac025: start RPC server
2019-07-14 16:32:50,150 INFO  server.GrpcService (GrpcService.java:startImpl(149)) - e8393335-3568-408e-8ae6-3111d1cac025: GrpcService started, listening on 0.0.0.0/0.0.0.0:42410
2019-07-14 16:32:50,150 INFO  ratis.XceiverServerRatis (XceiverServerRatis.java:start(428)) - XceiverServerRatis e8393335-3568-408e-8ae6-3111d1cac025 is started using port 42410
2019-07-14 16:32:50,151 INFO  server.XceiverServerGrpc (XceiverServerGrpc.java:start(161)) - XceiverServerGrpc e8393335-3568-408e-8ae6-3111d1cac025 is started using port 36426
2019-07-14 16:32:50,881 INFO  net.NetworkTopology (NetworkTopologyImpl.java:add(110)) - Added a new node: /default-rack/192.168.69.77
2019-07-14 16:32:50,883 INFO  node.SCMNodeManager (SCMNodeManager.java:register(269)) - Registered Data node : 719267b4-00f2-4039-b624-c5708ff59bf3{ip: 192.168.69.77, host: pr-hdds-1710-5x6jb-1204890111, networkLocation: /default-rack, certSerialId: null}
2019-07-14 16:32:50,884 INFO  safemode.SCMSafeModeManager (DataNodeSafeModeRule.java:process(71)) - SCM in safe mode. 1 DataNodes registered, 1 required.
2019-07-14 16:32:50,887 INFO  safemode.SCMSafeModeManager (SCMSafeModeManager.java:validateSafeModeExitRules(177)) - ScmSafeModeManager, all rules are successfully validated
2019-07-14 16:32:50,887 INFO  safemode.SCMSafeModeManager (SCMSafeModeManager.java:exitSafeMode(193)) - SCM exiting safe mode.
2019-07-14 16:32:50,902 INFO  impl.RaftServerProxy (RaftServerProxy.java:addNew(89)) - 719267b4-00f2-4039-b624-c5708ff59bf3: addNew group-D5568D56880B:[719267b4-00f2-4039-b624-c5708ff59bf3:192.168.69.77:33833] returns group-D5568D56880B:java.util.concurrent.CompletableFuture@3a476ae[Not completed]
2019-07-14 16:32:50,903 INFO  impl.RaftServerImpl (RaftServerImpl.java:<init>(93)) - 719267b4-00f2-4039-b624-c5708ff59bf3: new RaftServerImpl for group-D5568D56880B:[719267b4-00f2-4039-b624-c5708ff59bf3:192.168.69.77:33833] with ContainerStateMachine:uninitialized
2019-07-14 16:32:50,903 INFO  server.RaftServerConfigKeys (ConfUtils.java:logGet(43)) - raft.server.rpc.timeout.min = 5s (custom)
2019-07-14 16:32:50,903 INFO  server.RaftServerConfigKeys (ConfUtils.java:logGet(43)) - raft.server.rpc.timeout.max = 5200ms (custom)
2019-07-14 16:32:50,904 INFO  server.RaftServerConfigKeys (ConfUtils.java:logGet(43)) - raft.server.rpcslowness.timeout = 120s (custom)
2019-07-14 16:32:50,904 INFO  server.RaftServerConfigKeys (ConfUtils.java:logGet(43)) - raft.server.sleep.deviation.threshold = 300 (default)
2019-07-14 16:32:50,904 INFO  server.RaftServerConfigKeys (ConfUtils.java:logGet(43)) - raft.server.log.appender.install.snapshot.enabled = false (custom)
2019-07-14 16:32:50,904 INFO  impl.RaftServerImpl (ServerState.java:<init>(105)) - 719267b4-00f2-4039-b624-c5708ff59bf3:group-D5568D56880B ConfigurationManager, init=-1: [719267b4-00f2-4039-b624-c5708ff59bf3:192.168.69.77:33833], old=null, confs=<EMPTY_MAP>
2019-07-14 16:32:50,904 INFO  server.RaftServerConfigKeys (ConfUtils.java:logGet(43)) - raft.server.storage.dir = [/workdir/hadoop-ozone/integration-test/target/test-dir/MiniOzoneClusterImpl-572d971c-223f-4c43-9a1b-19e82311a99c/datanode-0/data/ratis] (custom)
2019-07-14 16:32:50,904 INFO  storage.RaftStorageDirectory (RaftStorageDirectory.java:analyzeStorage(246)) - The storage directory /workdir/hadoop-ozone/integration-test/target/test-dir/MiniOzoneClusterImpl-572d971c-223f-4c43-9a1b-19e82311a99c/datanode-0/data/ratis/2fdfd19d-cb96-4370-81fc-d5568d56880b does not exist. Creating ...
2019-07-14 16:32:50,919 INFO  storage.RaftStorageDirectory (RaftStorageDirectory.java:tryLock(328)) - Lock on /workdir/hadoop-ozone/integration-test/target/test-dir/MiniOzoneClusterImpl-572d971c-223f-4c43-9a1b-19e82311a99c/datanode-0/data/ratis/2fdfd19d-cb96-4370-81fc-d5568d56880b/in_use.lock acquired by nodename 13169@pr-hdds-1710-5x6jb-1204890111
2019-07-14 16:32:50,932 INFO  storage.RaftStorage (RaftStorage.java:format(72)) - Storage directory /workdir/hadoop-ozone/integration-test/target/test-dir/MiniOzoneClusterImpl-572d971c-223f-4c43-9a1b-19e82311a99c/datanode-0/data/ratis/2fdfd19d-cb96-4370-81fc-d5568d56880b has been successfully formatted.
2019-07-14 16:32:50,932 INFO  ratis.ContainerStateMachine (ContainerStateMachine.java:loadSnapshot(200)) - The snapshot info is null.Setting the last applied index to:(t:0, i:~)
2019-07-14 16:32:50,932 INFO  server.RaftServerConfigKeys (ConfUtils.java:logGet(43)) - raft.server.leader.election.timeout = 120s (custom)
2019-07-14 16:32:50,933 INFO  server.RaftServerConfigKeys (ConfUtils.java:logGet(43)) - raft.server.log.use.memory = false (default)
2019-07-14 16:32:50,933 INFO  server.RaftServerConfigKeys (ConfUtils.java:logGet(43)) - raft.server.log.purge.gap = 1000000000 (custom)
2019-07-14 16:32:50,933 INFO  server.RaftServerConfigKeys (ConfUtils.java:logGet(43)) - raft.server.log.appender.buffer.byte-limit = 33554432 (custom)
2019-07-14 16:32:50,933 INFO  server.RaftServerConfigKeys (ConfUtils.java:logGet(43)) - raft.server.log.segment.size.max = 1048576 (custom)
2019-07-14 16:32:50,933 INFO  server.RaftServerConfigKeys (ConfUtils.java:logGet(43)) - raft.server.log.segment.cache.num.max = 2 (custom)
2019-07-14 16:32:50,933 INFO  segmented.SegmentedRaftLogWorker (SegmentedRaftLogWorker.java:<init>(172)) - new 719267b4-00f2-4039-b624-c5708ff59bf3-SegmentedRaftLogWorker:Storage Directory /workdir/hadoop-ozone/integration-test/target/test-dir/MiniOzoneClusterImpl-572d971c-223f-4c43-9a1b-19e82311a99c/datanode-0/data/ratis/2fdfd19d-cb96-4370-81fc-d5568d56880b for RaftStorage:Storage Directory /workdir/hadoop-ozone/integration-test/target/test-dir/MiniOzoneClusterImpl-572d971c-223f-4c43-9a1b-19e82311a99c/datanode-0/data/ratis/2fdfd19d-cb96-4370-81fc-d5568d56880b
2019-07-14 16:32:50,934 INFO  server.RaftServerConfigKeys (ConfUtils.java:logGet(43)) - raft.server.log.queue.byte-limit = 2147483647 (custom)
2019-07-14 16:32:50,934 INFO  server.RaftServerConfigKeys (ConfUtils.java:logGet(43)) - raft.server.log.queue.element-limit = 1024 (custom)
2019-07-14 16:32:50,934 INFO  server.RaftServerConfigKeys (ConfUtils.java:logGet(43)) - raft.server.log.segment.size.max = 1048576 (custom)
2019-07-14 16:32:50,934 INFO  server.RaftServerConfigKeys (ConfUtils.java:logGet(43)) - raft.server.log.preallocated.size = 16384 (custom)
2019-07-14 16:32:50,934 INFO  server.RaftServerConfigKeys (ConfUtils.java:logGet(43)) - raft.server.log.write.buffer.size = 33554432 (custom)
2019-07-14 16:32:50,935 INFO  server.RaftServerConfigKeys (ConfUtils.java:logGet(43)) - raft.server.log.force.sync.num = 128 (default)
2019-07-14 16:32:50,935 INFO  server.RaftServerConfigKeys (ConfUtils.java:logGet(43)) - raft.server.log.statemachine.data.sync = true (default)
2019-07-14 16:32:50,935 INFO  server.RaftServerConfigKeys (ConfUtils.java:logGet(43)) - raft.server.log.statemachine.data.sync.timeout = 10s (default)
2019-07-14 16:32:50,935 INFO  server.RaftServerConfigKeys (ConfUtils.java:logGet(43)) - raft.server.log.statemachine.data.sync.timeout.retry = -1 (default)
2019-07-14 16:32:50,935 INFO  server.RaftServerConfigKeys (ConfUtils.java:logGet(43)) - raft.server.log.statemachine.data.caching.enabled = true (custom)
2019-07-14 16:32:50,936 INFO  segmented.SegmentedRaftLogWorker (SegmentedRaftLogWorker.java:lambda$new$0(132)) - 719267b4-00f2-4039-b624-c5708ff59bf3-SegmentedRaftLogWorker:Storage Directory /workdir/hadoop-ozone/integration-test/target/test-dir/MiniOzoneClusterImpl-572d971c-223f-4c43-9a1b-19e82311a99c/datanode-0/data/ratis/2fdfd19d-cb96-4370-81fc-d5568d56880b: flushIndex: setUnconditionally 0 -> -1
2019-07-14 16:32:50,936 INFO  server.RaftServerConfigKeys (ConfUtils.java:logGet(43)) - raft.server.snapshot.auto.trigger.enabled = true (custom)
2019-07-14 16:32:50,936 INFO  server.RaftServerConfigKeys (ConfUtils.java:logGet(43)) - raft.server.snapshot.auto.trigger.threshold = 10000 (custom)
2019-07-14 16:32:50,936 INFO  server.RaftServerConfigKeys (ConfUtils.java:logGet(43)) - raft.server.retrycache.expirytime = 600000ms (custom)
2019-07-14 16:32:50,937 INFO  impl.RaftServerImpl (RaftServerImpl.java:start(180)) - 719267b4-00f2-4039-b624-c5708ff59bf3: start group-D5568D56880B
2019-07-14 16:32:50,937 INFO  impl.RaftServerImpl (RaftServerImpl.java:setRole(171)) - 719267b4-00f2-4039-b624-c5708ff59bf3:group-D5568D56880B changes role from null to FOLLOWER at term 0 for startAsFollower
2019-07-14 16:32:50,937 INFO  impl.RoleInfo (RoleInfo.java:updateAndGet(143)) - 719267b4-00f2-4039-b624-c5708ff59bf3: start FollowerState
2019-07-14 16:32:50,938 INFO  util.JmxRegister (JmxRegister.java:tryRegister(44)) - Successfully registered JMX Bean with object name Ratis:service=RaftServer,group=group-D5568D56880B,id=719267b4-00f2-4039-b624-c5708ff59bf3
2019-07-14 16:32:50,943 INFO  pipeline.PipelineStateManager (PipelineStateManager.java:addPipeline(56)) - Created pipeline Pipeline[ Id: 2fdfd19d-cb96-4370-81fc-d5568d56880b, Nodes: 719267b4-00f2-4039-b624-c5708ff59bf3{ip: 192.168.69.77, host: pr-hdds-1710-5x6jb-1204890111, networkLocation: /default-rack, certSerialId: null}, Type:RATIS, Factor:ONE, State:OPEN]
2019-07-14 16:32:51,075 INFO  node.SCMNodeManager (SCMNodeManager.java:register(269)) - Registered Data node : 444d8768-562b-4bdf-aff2-e99e646a3934{ip: 192.168.69.77, host: pr-hdds-1710-5x6jb-1204890111, networkLocation: /default-rack, certSerialId: null}
2019-07-14 16:32:51,082 INFO  impl.RaftServerProxy (RaftServerProxy.java:addNew(89)) - 444d8768-562b-4bdf-aff2-e99e646a3934: addNew group-6B520E4F56AE:[444d8768-562b-4bdf-aff2-e99e646a3934:192.168.69.77:40777] returns group-6B520E4F56AE:java.util.concurrent.CompletableFuture@a8c2153[Not completed]
2019-07-14 16:32:51,083 INFO  impl.RaftServerImpl (RaftServerImpl.java:<init>(93)) - 444d8768-562b-4bdf-aff2-e99e646a3934: new RaftServerImpl for group-6B520E4F56AE:[444d8768-562b-4bdf-aff2-e99e646a3934:192.168.69.77:40777] with ContainerStateMachine:uninitialized
2019-07-14 16:32:51,083 INFO  server.RaftServerConfigKeys (ConfUtils.java:logGet(43)) - raft.server.rpc.timeout.min = 5s (custom)
2019-07-14 16:32:51,083 INFO  server.RaftServerConfigKeys (ConfUtils.java:logGet(43)) - raft.server.rpc.timeout.max = 5200ms (custom)
2019-07-14 16:32:51,083 INFO  server.RaftServerConfigKeys (ConfUtils.java:logGet(43)) - raft.server.rpcslowness.timeout = 120s (custom)
2019-07-14 16:32:51,084 INFO  server.RaftServerConfigKeys (ConfUtils.java:logGet(43)) - raft.server.sleep.deviation.threshold = 300 (default)
2019-07-14 16:32:51,084 INFO  server.RaftServerConfigKeys (ConfUtils.java:logGet(43)) - raft.server.log.appender.install.snapshot.enabled = false (custom)
2019-07-14 16:32:51,084 INFO  impl.RaftServerImpl (ServerState.java:<init>(105)) - 444d8768-562b-4bdf-aff2-e99e646a3934:group-6B520E4F56AE ConfigurationManager, init=-1: [444d8768-562b-4bdf-aff2-e99e646a3934:192.168.69.77:40777], old=null, confs=<EMPTY_MAP>
2019-07-14 16:32:51,084 INFO  server.RaftServerConfigKeys (ConfUtils.java:logGet(43)) - raft.server.storage.dir = [/workdir/hadoop-ozone/integration-test/target/test-dir/MiniOzoneClusterImpl-572d971c-223f-4c43-9a1b-19e82311a99c/datanode-1/data/ratis] (custom)
2019-07-14 16:32:51,084 INFO  storage.RaftStorageDirectory (RaftStorageDirectory.java:analyzeStorage(246)) - The storage directory /workdir/hadoop-ozone/integration-test/target/test-dir/MiniOzoneClusterImpl-572d971c-223f-4c43-9a1b-19e82311a99c/datanode-1/data/ratis/a39b7487-ac91-4f82-bc09-6b520e4f56ae does not exist. Creating ...
2019-07-14 16:32:51,098 INFO  storage.RaftStorageDirectory (RaftStorageDirectory.java:tryLock(328)) - Lock on /workdir/hadoop-ozone/integration-test/target/test-dir/MiniOzoneClusterImpl-572d971c-223f-4c43-9a1b-19e82311a99c/datanode-1/data/ratis/a39b7487-ac91-4f82-bc09-6b520e4f56ae/in_use.lock acquired by nodename 13169@pr-hdds-1710-5x6jb-1204890111
2019-07-14 16:32:51,111 INFO  storage.RaftStorage (RaftStorage.java:format(72)) - Storage directory /workdir/hadoop-ozone/integration-test/target/test-dir/MiniOzoneClusterImpl-572d971c-223f-4c43-9a1b-19e82311a99c/datanode-1/data/ratis/a39b7487-ac91-4f82-bc09-6b520e4f56ae has been successfully formatted.
2019-07-14 16:32:51,111 INFO  ratis.ContainerStateMachine (ContainerStateMachine.java:loadSnapshot(200)) - The snapshot info is null.Setting the last applied index to:(t:0, i:~)
2019-07-14 16:32:51,111 INFO  server.RaftServerConfigKeys (ConfUtils.java:logGet(43)) - raft.server.leader.election.timeout = 120s (custom)
2019-07-14 16:32:51,111 INFO  server.RaftServerConfigKeys (ConfUtils.java:logGet(43)) - raft.server.log.use.memory = false (default)
2019-07-14 16:32:51,111 INFO  server.RaftServerConfigKeys (ConfUtils.java:logGet(43)) - raft.server.log.purge.gap = 1000000000 (custom)
2019-07-14 16:32:51,112 INFO  server.RaftServerConfigKeys (ConfUtils.java:logGet(43)) - raft.server.log.appender.buffer.byte-limit = 33554432 (custom)
2019-07-14 16:32:51,112 INFO  server.RaftServerConfigKeys (ConfUtils.java:logGet(43)) - raft.server.log.segment.size.max = 1048576 (custom)
2019-07-14 16:32:51,112 INFO  server.RaftServerConfigKeys (ConfUtils.java:logGet(43)) - raft.server.log.segment.cache.num.max = 2 (custom)
2019-07-14 16:32:51,112 INFO  segmented.SegmentedRaftLogWorker (SegmentedRaftLogWorker.java:<init>(172)) - new 444d8768-562b-4bdf-aff2-e99e646a3934-SegmentedRaftLogWorker:Storage Directory /workdir/hadoop-ozone/integration-test/target/test-dir/MiniOzoneClusterImpl-572d971c-223f-4c43-9a1b-19e82311a99c/datanode-1/data/ratis/a39b7487-ac91-4f82-bc09-6b520e4f56ae for RaftStorage:Storage Directory /workdir/hadoop-ozone/integration-test/target/test-dir/MiniOzoneClusterImpl-572d971c-223f-4c43-9a1b-19e82311a99c/datanode-1/data/ratis/a39b7487-ac91-4f82-bc09-6b520e4f56ae
2019-07-14 16:32:51,112 INFO  server.RaftServerConfigKeys (ConfUtils.java:logGet(43)) - raft.server.log.queue.byte-limit = 2147483647 (custom)
2019-07-14 16:32:51,112 INFO  server.RaftServerConfigKeys (ConfUtils.java:logGet(43)) - raft.server.log.queue.element-limit = 1024 (custom)
2019-07-14 16:32:51,113 INFO  server.RaftServerConfigKeys (ConfUtils.java:logGet(43)) - raft.server.log.segment.size.max = 1048576 (custom)
2019-07-14 16:32:51,113 INFO  server.RaftServerConfigKeys (ConfUtils.java:logGet(43)) - raft.server.log.preallocated.size = 16384 (custom)
2019-07-14 16:32:51,113 INFO  server.RaftServerConfigKeys (ConfUtils.java:logGet(43)) - raft.server.log.write.buffer.size = 33554432 (custom)
2019-07-14 16:32:51,113 INFO  server.RaftServerConfigKeys (ConfUtils.java:logGet(43)) - raft.server.log.force.sync.num = 128 (default)
2019-07-14 16:32:51,113 INFO  server.RaftServerConfigKeys (ConfUtils.java:logGet(43)) - raft.server.log.statemachine.data.sync = true (default)
2019-07-14 16:32:51,113 INFO  server.RaftServerConfigKeys (ConfUtils.java:logGet(43)) - raft.server.log.statemachine.data.sync.timeout = 10s (default)
2019-07-14 16:32:51,113 INFO  server.RaftServerConfigKeys (ConfUtils.java:logGet(43)) - raft.server.log.statemachine.data.sync.timeout.retry = -1 (default)
2019-07-14 16:32:51,114 INFO  server.RaftServerConfigKeys (ConfUtils.java:logGet(43)) - raft.server.log.statemachine.data.caching.enabled = true (custom)
2019-07-14 16:32:51,114 INFO  segmented.SegmentedRaftLogWorker (SegmentedRaftLogWorker.java:lambda$new$0(132)) - 444d8768-562b-4bdf-aff2-e99e646a3934-SegmentedRaftLogWorker:Storage Directory /workdir/hadoop-ozone/integration-test/target/test-dir/MiniOzoneClusterImpl-572d971c-223f-4c43-9a1b-19e82311a99c/datanode-1/data/ratis/a39b7487-ac91-4f82-bc09-6b520e4f56ae: flushIndex: setUnconditionally 0 -> -1
2019-07-14 16:32:51,114 INFO  server.RaftServerConfigKeys (ConfUtils.java:logGet(43)) - raft.server.snapshot.auto.trigger.enabled = true (custom)
2019-07-14 16:32:51,114 INFO  server.RaftServerConfigKeys (ConfUtils.java:logGet(43)) - raft.server.snapshot.auto.trigger.threshold = 10000 (custom)
2019-07-14 16:32:51,114 INFO  server.RaftServerConfigKeys (ConfUtils.java:logGet(43)) - raft.server.retrycache.expirytime = 600000ms (custom)
2019-07-14 16:32:51,115 INFO  impl.RaftServerImpl (RaftServerImpl.java:start(180)) - 444d8768-562b-4bdf-aff2-e99e646a3934: start group-6B520E4F56AE
2019-07-14 16:32:51,115 INFO  impl.RaftServerImpl (RaftServerImpl.java:setRole(171)) - 444d8768-562b-4bdf-aff2-e99e646a3934:group-6B520E4F56AE changes role from null to FOLLOWER at term 0 for startAsFollower
2019-07-14 16:32:51,115 INFO  impl.RoleInfo (RoleInfo.java:updateAndGet(143)) - 444d8768-562b-4bdf-aff2-e99e646a3934: start FollowerState
2019-07-14 16:32:51,115 INFO  util.JmxRegister (JmxRegister.java:tryRegister(44)) - Successfully registered JMX Bean with object name Ratis:service=RaftServer,group=group-6B520E4F56AE,id=444d8768-562b-4bdf-aff2-e99e646a3934
2019-07-14 16:32:51,118 INFO  pipeline.PipelineStateManager (PipelineStateManager.java:addPipeline(56)) - Created pipeline Pipeline[ Id: a39b7487-ac91-4f82-bc09-6b520e4f56ae, Nodes: 444d8768-562b-4bdf-aff2-e99e646a3934{ip: 192.168.69.77, host: pr-hdds-1710-5x6jb-1204890111, networkLocation: /default-rack, certSerialId: null}, Type:RATIS, Factor:ONE, State:OPEN]
2019-07-14 16:32:51,126 INFO  ozone.MiniOzoneClusterImpl (MiniOzoneClusterImpl.java:lambda$waitForClusterToBeReady$0(142)) - Waiting for cluster to be ready. Got 2 of 7 DN Heartbeats.
2019-07-14 16:32:51,246 INFO  node.SCMNodeManager (SCMNodeManager.java:register(269)) - Registered Data node : 87ab9341-f0cd-46be-b6ed-3911fae33a21{ip: 192.168.69.77, host: pr-hdds-1710-5x6jb-1204890111, networkLocation: /default-rack, certSerialId: null}
2019-07-14 16:32:51,255 INFO  impl.RaftServerProxy (RaftServerProxy.java:addNew(89)) - 87ab9341-f0cd-46be-b6ed-3911fae33a21: addNew group-5D864B36F920:[87ab9341-f0cd-46be-b6ed-3911fae33a21:192.168.69.77:45093] returns group-5D864B36F920:java.util.concurrent.CompletableFuture@561dd240[Not completed]
2019-07-14 16:32:51,256 INFO  impl.RaftServerImpl (RaftServerImpl.java:<init>(93)) - 87ab9341-f0cd-46be-b6ed-3911fae33a21: new RaftServerImpl for group-5D864B36F920:[87ab9341-f0cd-46be-b6ed-3911fae33a21:192.168.69.77:45093] with ContainerStateMachine:uninitialized
2019-07-14 16:32:51,256 INFO  server.RaftServerConfigKeys (ConfUtils.java:logGet(43)) - raft.server.rpc.timeout.min = 5s (custom)
2019-07-14 16:32:51,256 INFO  server.RaftServerConfigKeys (ConfUtils.java:logGet(43)) - raft.server.rpc.timeout.max = 5200ms (custom)
2019-07-14 16:32:51,256 INFO  server.RaftServerConfigKeys (ConfUtils.java:logGet(43)) - raft.server.rpcslowness.timeout = 120s (custom)
2019-07-14 16:32:51,257 INFO  server.RaftServerConfigKeys (ConfUtils.java:logGet(43)) - raft.server.sleep.deviation.threshold = 300 (default)
2019-07-14 16:32:51,257 INFO  server.RaftServerConfigKeys (ConfUtils.java:logGet(43)) - raft.server.log.appender.install.snapshot.enabled = false (custom)
2019-07-14 16:32:51,257 INFO  impl.RaftServerImpl (ServerState.java:<init>(105)) - 87ab9341-f0cd-46be-b6ed-3911fae33a21:group-5D864B36F920 ConfigurationManager, init=-1: [87ab9341-f0cd-46be-b6ed-3911fae33a21:192.168.69.77:45093], old=null, confs=<EMPTY_MAP>
2019-07-14 16:32:51,257 INFO  server.RaftServerConfigKeys (ConfUtils.java:logGet(43)) - raft.server.storage.dir = [/workdir/hadoop-ozone/integration-test/target/test-dir/MiniOzoneClusterImpl-572d971c-223f-4c43-9a1b-19e82311a99c/datanode-2/data/ratis] (custom)
2019-07-14 16:32:51,258 INFO  storage.RaftStorageDirectory (RaftStorageDirectory.java:analyzeStorage(246)) - The storage directory /workdir/hadoop-ozone/integration-test/target/test-dir/MiniOzoneClusterImpl-572d971c-223f-4c43-9a1b-19e82311a99c/datanode-2/data/ratis/524a6789-2556-49a1-8879-5d864b36f920 does not exist. Creating ...
2019-07-14 16:32:51,271 INFO  storage.RaftStorageDirectory (RaftStorageDirectory.java:tryLock(328)) - Lock on /workdir/hadoop-ozone/integration-test/target/test-dir/MiniOzoneClusterImpl-572d971c-223f-4c43-9a1b-19e82311a99c/datanode-2/data/ratis/524a6789-2556-49a1-8879-5d864b36f920/in_use.lock acquired by nodename 13169@pr-hdds-1710-5x6jb-1204890111
2019-07-14 16:32:51,284 INFO  storage.RaftStorage (RaftStorage.java:format(72)) - Storage directory /workdir/hadoop-ozone/integration-test/target/test-dir/MiniOzoneClusterImpl-572d971c-223f-4c43-9a1b-19e82311a99c/datanode-2/data/ratis/524a6789-2556-49a1-8879-5d864b36f920 has been successfully formatted.
2019-07-14 16:32:51,284 INFO  ratis.ContainerStateMachine (ContainerStateMachine.java:loadSnapshot(200)) - The snapshot info is null.Setting the last applied index to:(t:0, i:~)
2019-07-14 16:32:51,285 INFO  server.RaftServerConfigKeys (ConfUtils.java:logGet(43)) - raft.server.leader.election.timeout = 120s (custom)
2019-07-14 16:32:51,285 INFO  server.RaftServerConfigKeys (ConfUtils.java:logGet(43)) - raft.server.log.use.memory = false (default)
2019-07-14 16:32:51,285 INFO  server.RaftServerConfigKeys (ConfUtils.java:logGet(43)) - raft.server.log.purge.gap = 1000000000 (custom)
2019-07-14 16:32:51,285 INFO  server.RaftServerConfigKeys (ConfUtils.java:logGet(43)) - raft.server.log.appender.buffer.byte-limit = 33554432 (custom)
2019-07-14 16:32:51,285 INFO  server.RaftServerConfigKeys (ConfUtils.java:logGet(43)) - raft.server.log.segment.size.max = 1048576 (custom)
2019-07-14 16:32:51,285 INFO  server.RaftServerConfigKeys (ConfUtils.java:logGet(43)) - raft.server.log.segment.cache.num.max = 2 (custom)
2019-07-14 16:32:51,285 INFO  segmented.SegmentedRaftLogWorker (SegmentedRaftLogWorker.java:<init>(172)) - new 87ab9341-f0cd-46be-b6ed-3911fae33a21-SegmentedRaftLogWorker:Storage Directory /workdir/hadoop-ozone/integration-test/target/test-dir/MiniOzoneClusterImpl-572d971c-223f-4c43-9a1b-19e82311a99c/datanode-2/data/ratis/524a6789-2556-49a1-8879-5d864b36f920 for RaftStorage:Storage Directory /workdir/hadoop-ozone/integration-test/target/test-dir/MiniOzoneClusterImpl-572d971c-223f-4c43-9a1b-19e82311a99c/datanode-2/data/ratis/524a6789-2556-49a1-8879-5d864b36f920
2019-07-14 16:32:51,286 INFO  server.RaftServerConfigKeys (ConfUtils.java:logGet(43)) - raft.server.log.queue.byte-limit = 2147483647 (custom)
2019-07-14 16:32:51,286 INFO  server.RaftServerConfigKeys (ConfUtils.java:logGet(43)) - raft.server.log.queue.element-limit = 1024 (custom)
2019-07-14 16:32:51,286 INFO  server.RaftServerConfigKeys (ConfUtils.java:logGet(43)) - raft.server.log.segment.size.max = 1048576 (custom)
2019-07-14 16:32:51,286 INFO  server.RaftServerConfigKeys (ConfUtils.java:logGet(43)) - raft.server.log.preallocated.size = 16384 (custom)
2019-07-14 16:32:51,286 INFO  server.RaftServerConfigKeys (ConfUtils.java:logGet(43)) - raft.server.log.write.buffer.size = 33554432 (custom)
2019-07-14 16:32:51,286 INFO  server.RaftServerConfigKeys (ConfUtils.java:logGet(43)) - raft.server.log.force.sync.num = 128 (default)
2019-07-14 16:32:51,287 INFO  server.RaftServerConfigKeys (ConfUtils.java:logGet(43)) - raft.server.log.statemachine.data.sync = true (default)
2019-07-14 16:32:51,287 INFO  server.RaftServerConfigKeys (ConfUtils.java:logGet(43)) - raft.server.log.statemachine.data.sync.timeout = 10s (default)
2019-07-14 16:32:51,287 INFO  server.RaftServerConfigKeys (ConfUtils.java:logGet(43)) - raft.server.log.statemachine.data.sync.timeout.retry = -1 (default)
2019-07-14 16:32:51,287 INFO  server.RaftServerConfigKeys (ConfUtils.java:logGet(43)) - raft.server.log.statemachine.data.caching.enabled = true (custom)
2019-07-14 16:32:51,287 INFO  segmented.SegmentedRaftLogWorker (SegmentedRaftLogWorker.java:lambda$new$0(132)) - 87ab9341-f0cd-46be-b6ed-3911fae33a21-SegmentedRaftLogWorker:Storage Directory /workdir/hadoop-ozone/integration-test/target/test-dir/MiniOzoneClusterImpl-572d971c-223f-4c43-9a1b-19e82311a99c/datanode-2/data/ratis/524a6789-2556-49a1-8879-5d864b36f920: flushIndex: setUnconditionally 0 -> -1
2019-07-14 16:32:51,288 INFO  server.RaftServerConfigKeys (ConfUtils.java:logGet(43)) - raft.server.snapshot.auto.trigger.enabled = true (custom)
2019-07-14 16:32:51,288 INFO  server.RaftServerConfigKeys (ConfUtils.java:logGet(43)) - raft.server.snapshot.auto.trigger.threshold = 10000 (custom)
2019-07-14 16:32:51,288 INFO  server.RaftServerConfigKeys (ConfUtils.java:logGet(43)) - raft.server.retrycache.expirytime = 600000ms (custom)
2019-07-14 16:32:51,288 INFO  impl.RaftServerImpl (RaftServerImpl.java:start(180)) - 87ab9341-f0cd-46be-b6ed-3911fae33a21: start group-5D864B36F920
2019-07-14 16:32:51,288 INFO  impl.RaftServerImpl (RaftServerImpl.java:setRole(171)) - 87ab9341-f0cd-46be-b6ed-3911fae33a21:group-5D864B36F920 changes role from null to FOLLOWER at term 0 for startAsFollower
2019-07-14 16:32:51,288 INFO  impl.RoleInfo (RoleInfo.java:updateAndGet(143)) - 87ab9341-f0cd-46be-b6ed-3911fae33a21: start FollowerState
2019-07-14 16:32:51,289 INFO  util.JmxRegister (JmxRegister.java:tryRegister(44)) - Successfully registered JMX Bean with object name Ratis:service=RaftServer,group=group-5D864B36F920,id=87ab9341-f0cd-46be-b6ed-3911fae33a21
2019-07-14 16:32:51,291 INFO  pipeline.PipelineStateManager (PipelineStateManager.java:addPipeline(56)) - Created pipeline Pipeline[ Id: 524a6789-2556-49a1-8879-5d864b36f920, Nodes: 87ab9341-f0cd-46be-b6ed-3911fae33a21{ip: 192.168.69.77, host: pr-hdds-1710-5x6jb-1204890111, networkLocation: /default-rack, certSerialId: null}, Type:RATIS, Factor:ONE, State:OPEN]
2019-07-14 16:32:51,303 INFO  impl.RaftServerProxy (RaftServerProxy.java:addNew(89)) - 719267b4-00f2-4039-b624-c5708ff59bf3: addNew group-F1A6E7277F7A:[719267b4-00f2-4039-b624-c5708ff59bf3:192.168.69.77:33833, 444d8768-562b-4bdf-aff2-e99e646a3934:192.168.69.77:40777, 87ab9341-f0cd-46be-b6ed-3911fae33a21:192.168.69.77:45093] returns group-F1A6E7277F7A:java.util.concurrent.CompletableFuture@7e33871a[Not completed]
2019-07-14 16:32:51,303 INFO  impl.RaftServerProxy (RaftServerProxy.java:addNew(89)) - 87ab9341-f0cd-46be-b6ed-3911fae33a21: addNew group-F1A6E7277F7A:[719267b4-00f2-4039-b624-c5708ff59bf3:192.168.69.77:33833, 444d8768-562b-4bdf-aff2-e99e646a3934:192.168.69.77:40777, 87ab9341-f0cd-46be-b6ed-3911fae33a21:192.168.69.77:45093] returns group-F1A6E7277F7A:java.util.concurrent.CompletableFuture@19b781cb[Not completed]
2019-07-14 16:32:51,303 INFO  impl.RaftServerProxy (RaftServerProxy.java:addNew(89)) - 444d8768-562b-4bdf-aff2-e99e646a3934: addNew group-F1A6E7277F7A:[719267b4-00f2-4039-b624-c5708ff59bf3:192.168.69.77:33833, 444d8768-562b-4bdf-aff2-e99e646a3934:192.168.69.77:40777, 87ab9341-f0cd-46be-b6ed-3911fae33a21:192.168.69.77:45093] returns group-F1A6E7277F7A:java.util.concurrent.CompletableFuture@34a3e4de[Not completed]
2019-07-14 16:32:51,305 INFO  impl.RaftServerImpl (RaftServerImpl.java:<init>(93)) - 444d8768-562b-4bdf-aff2-e99e646a3934: new RaftServerImpl for group-F1A6E7277F7A:[719267b4-00f2-4039-b624-c5708ff59bf3:192.168.69.77:33833, 444d8768-562b-4bdf-aff2-e99e646a3934:192.168.69.77:40777, 87ab9341-f0cd-46be-b6ed-3911fae33a21:192.168.69.77:45093] with ContainerStateMachine:uninitialized
2019-07-14 16:32:51,305 INFO  server.RaftServerConfigKeys (ConfUtils.java:logGet(43)) - raft.server.rpc.timeout.min = 5s (custom)
2019-07-14 16:32:51,305 INFO  server.RaftServerConfigKeys (ConfUtils.java:logGet(43)) - raft.server.rpc.timeout.max = 5200ms (custom)
2019-07-14 16:32:51,305 INFO  impl.RaftServerImpl (RaftServerImpl.java:<init>(93)) - 87ab9341-f0cd-46be-b6ed-3911fae33a21: new RaftServerImpl for group-F1A6E7277F7A:[719267b4-00f2-4039-b624-c5708ff59bf3:192.168.69.77:33833, 444d8768-562b-4bdf-aff2-e99e646a3934:192.168.69.77:40777, 87ab9341-f0cd-46be-b6ed-3911fae33a21:192.168.69.77:45093] with ContainerStateMachine:uninitialized
2019-07-14 16:32:51,305 INFO  server.RaftServerConfigKeys (ConfUtils.java:logGet(43)) - raft.server.rpcslowness.timeout = 120s (custom)
2019-07-14 16:32:51,305 INFO  impl.RaftServerImpl (RaftServerImpl.java:<init>(93)) - 719267b4-00f2-4039-b624-c5708ff59bf3: new RaftServerImpl for group-F1A6E7277F7A:[719267b4-00f2-4039-b624-c5708ff59bf3:192.168.69.77:33833, 444d8768-562b-4bdf-aff2-e99e646a3934:192.168.69.77:40777, 87ab9341-f0cd-46be-b6ed-3911fae33a21:192.168.69.77:45093] with ContainerStateMachine:uninitialized
2019-07-14 16:32:51,305 INFO  server.RaftServerConfigKeys (ConfUtils.java:logGet(43)) - raft.server.rpc.timeout.min = 5s (custom)
2019-07-14 16:32:51,305 INFO  server.RaftServerConfigKeys (ConfUtils.java:logGet(43)) - raft.server.rpc.timeout.min = 5s (custom)
2019-07-14 16:32:51,305 INFO  server.RaftServerConfigKeys (ConfUtils.java:logGet(43)) - raft.server.rpc.timeout.max = 5200ms (custom)
2019-07-14 16:32:51,305 INFO  server.RaftServerConfigKeys (ConfUtils.java:logGet(43)) - raft.server.sleep.deviation.threshold = 300 (default)
2019-07-14 16:32:51,306 INFO  server.RaftServerConfigKeys (ConfUtils.java:logGet(43)) - raft.server.rpcslowness.timeout = 120s (custom)
2019-07-14 16:32:51,306 INFO  server.RaftServerConfigKeys (ConfUtils.java:logGet(43)) - raft.server.sleep.deviation.threshold = 300 (default)
2019-07-14 16:32:51,305 INFO  server.RaftServerConfigKeys (ConfUtils.java:logGet(43)) - raft.server.rpc.timeout.max = 5200ms (custom)
2019-07-14 16:32:51,306 INFO  server.RaftServerConfigKeys (ConfUtils.java:logGet(43)) - raft.server.log.appender.install.snapshot.enabled = false (custom)
2019-07-14 16:32:51,306 INFO  server.RaftServerConfigKeys (ConfUtils.java:logGet(43)) - raft.server.log.appender.install.snapshot.enabled = false (custom)
2019-07-14 16:32:51,306 INFO  impl.RaftServerImpl (ServerState.java:<init>(105)) - 719267b4-00f2-4039-b624-c5708ff59bf3:group-F1A6E7277F7A ConfigurationManager, init=-1: [719267b4-00f2-4039-b624-c5708ff59bf3:192.168.69.77:33833, 444d8768-562b-4bdf-aff2-e99e646a3934:192.168.69.77:40777, 87ab9341-f0cd-46be-b6ed-3911fae33a21:192.168.69.77:45093], old=null, confs=<EMPTY_MAP>
2019-07-14 16:32:51,306 INFO  server.RaftServerConfigKeys (ConfUtils.java:logGet(43)) - raft.server.rpcslowness.timeout = 120s (custom)
2019-07-14 16:32:51,306 INFO  server.RaftServerConfigKeys (ConfUtils.java:logGet(43)) - raft.server.storage.dir = [/workdir/hadoop-ozone/integration-test/target/test-dir/MiniOzoneClusterImpl-572d971c-223f-4c43-9a1b-19e82311a99c/datanode-0/data/ratis] (custom)
2019-07-14 16:32:51,306 INFO  impl.RaftServerImpl (ServerState.java:<init>(105)) - 444d8768-562b-4bdf-aff2-e99e646a3934:group-F1A6E7277F7A ConfigurationManager, init=-1: [719267b4-00f2-4039-b624-c5708ff59bf3:192.168.69.77:33833, 444d8768-562b-4bdf-aff2-e99e646a3934:192.168.69.77:40777, 87ab9341-f0cd-46be-b6ed-3911fae33a21:192.168.69.77:45093], old=null, confs=<EMPTY_MAP>
2019-07-14 16:32:51,307 INFO  server.RaftServerConfigKeys (ConfUtils.java:logGet(43)) - raft.server.sleep.deviation.threshold = 300 (default)
2019-07-14 16:32:51,307 INFO  server.RaftServerConfigKeys (ConfUtils.java:logGet(43)) - raft.server.storage.dir = [/workdir/hadoop-ozone/integration-test/target/test-dir/MiniOzoneClusterImpl-572d971c-223f-4c43-9a1b-19e82311a99c/datanode-1/data/ratis] (custom)
2019-07-14 16:32:51,307 INFO  storage.RaftStorageDirectory (RaftStorageDirectory.java:analyzeStorage(246)) - The storage directory /workdir/hadoop-ozone/integration-test/target/test-dir/MiniOzoneClusterImpl-572d971c-223f-4c43-9a1b-19e82311a99c/datanode-0/data/ratis/fd1ace41-c265-4ab3-8c7d-f1a6e7277f7a does not exist. Creating ...
2019-07-14 16:32:51,307 INFO  server.RaftServerConfigKeys (ConfUtils.java:logGet(43)) - raft.server.log.appender.install.snapshot.enabled = false (custom)
2019-07-14 16:32:51,307 INFO  impl.RaftServerImpl (ServerState.java:<init>(105)) - 87ab9341-f0cd-46be-b6ed-3911fae33a21:group-F1A6E7277F7A ConfigurationManager, init=-1: [719267b4-00f2-4039-b624-c5708ff59bf3:192.168.69.77:33833, 444d8768-562b-4bdf-aff2-e99e646a3934:192.168.69.77:40777, 87ab9341-f0cd-46be-b6ed-3911fae33a21:192.168.69.77:45093], old=null, confs=<EMPTY_MAP>
2019-07-14 16:32:51,307 INFO  storage.RaftStorageDirectory (RaftStorageDirectory.java:analyzeStorage(246)) - The storage directory /workdir/hadoop-ozone/integration-test/target/test-dir/MiniOzoneClusterImpl-572d971c-223f-4c43-9a1b-19e82311a99c/datanode-1/data/ratis/fd1ace41-c265-4ab3-8c7d-f1a6e7277f7a does not exist. Creating ...
2019-07-14 16:32:51,307 INFO  server.RaftServerConfigKeys (ConfUtils.java:logGet(43)) - raft.server.storage.dir = [/workdir/hadoop-ozone/integration-test/target/test-dir/MiniOzoneClusterImpl-572d971c-223f-4c43-9a1b-19e82311a99c/datanode-2/data/ratis] (custom)
2019-07-14 16:32:51,308 INFO  storage.RaftStorageDirectory (RaftStorageDirectory.java:analyzeStorage(246)) - The storage directory /workdir/hadoop-ozone/integration-test/target/test-dir/MiniOzoneClusterImpl-572d971c-223f-4c43-9a1b-19e82311a99c/datanode-2/data/ratis/fd1ace41-c265-4ab3-8c7d-f1a6e7277f7a does not exist. Creating ...
2019-07-14 16:32:51,321 INFO  storage.RaftStorageDirectory (RaftStorageDirectory.java:tryLock(328)) - Lock on /workdir/hadoop-ozone/integration-test/target/test-dir/MiniOzoneClusterImpl-572d971c-223f-4c43-9a1b-19e82311a99c/datanode-1/data/ratis/fd1ace41-c265-4ab3-8c7d-f1a6e7277f7a/in_use.lock acquired by nodename 13169@pr-hdds-1710-5x6jb-1204890111
2019-07-14 16:32:51,321 INFO  storage.RaftStorageDirectory (RaftStorageDirectory.java:tryLock(328)) - Lock on /workdir/hadoop-ozone/integration-test/target/test-dir/MiniOzoneClusterImpl-572d971c-223f-4c43-9a1b-19e82311a99c/datanode-2/data/ratis/fd1ace41-c265-4ab3-8c7d-f1a6e7277f7a/in_use.lock acquired by nodename 13169@pr-hdds-1710-5x6jb-1204890111
2019-07-14 16:32:51,321 INFO  storage.RaftStorageDirectory (RaftStorageDirectory.java:tryLock(328)) - Lock on /workdir/hadoop-ozone/integration-test/target/test-dir/MiniOzoneClusterImpl-572d971c-223f-4c43-9a1b-19e82311a99c/datanode-0/data/ratis/fd1ace41-c265-4ab3-8c7d-f1a6e7277f7a/in_use.lock acquired by nodename 13169@pr-hdds-1710-5x6jb-1204890111
2019-07-14 16:32:51,335 INFO  storage.RaftStorage (RaftStorage.java:format(72)) - Storage directory /workdir/hadoop-ozone/integration-test/target/test-dir/MiniOzoneClusterImpl-572d971c-223f-4c43-9a1b-19e82311a99c/datanode-1/data/ratis/fd1ace41-c265-4ab3-8c7d-f1a6e7277f7a has been successfully formatted.
2019-07-14 16:32:51,335 INFO  storage.RaftStorage (RaftStorage.java:format(72)) - Storage directory /workdir/hadoop-ozone/integration-test/target/test-dir/MiniOzoneClusterImpl-572d971c-223f-4c43-9a1b-19e82311a99c/datanode-2/data/ratis/fd1ace41-c265-4ab3-8c7d-f1a6e7277f7a has been successfully formatted.
2019-07-14 16:32:51,335 INFO  storage.RaftStorage (RaftStorage.java:format(72)) - Storage directory /workdir/hadoop-ozone/integration-test/target/test-dir/MiniOzoneClusterImpl-572d971c-223f-4c43-9a1b-19e82311a99c/datanode-0/data/ratis/fd1ace41-c265-4ab3-8c7d-f1a6e7277f7a has been successfully formatted.
2019-07-14 16:32:51,335 INFO  ratis.ContainerStateMachine (ContainerStateMachine.java:loadSnapshot(200)) - The snapshot info is null.Setting the last applied index to:(t:0, i:~)
2019-07-14 16:32:51,335 INFO  ratis.ContainerStateMachine (ContainerStateMachine.java:loadSnapshot(200)) - The snapshot info is null.Setting the last applied index to:(t:0, i:~)
2019-07-14 16:32:51,335 INFO  ratis.ContainerStateMachine (ContainerStateMachine.java:loadSnapshot(200)) - The snapshot info is null.Setting the last applied index to:(t:0, i:~)
2019-07-14 16:32:51,336 INFO  server.RaftServerConfigKeys (ConfUtils.java:logGet(43)) - raft.server.leader.election.timeout = 120s (custom)
2019-07-14 16:32:51,336 INFO  server.RaftServerConfigKeys (ConfUtils.java:logGet(43)) - raft.server.leader.election.timeout = 120s (custom)
2019-07-14 16:32:51,336 INFO  server.RaftServerConfigKeys (ConfUtils.java:logGet(43)) - raft.server.log.use.memory = false (default)
2019-07-14 16:32:51,336 INFO  server.RaftServerConfigKeys (ConfUtils.java:logGet(43)) - raft.server.leader.election.timeout = 120s (custom)
2019-07-14 16:32:51,336 INFO  server.RaftServerConfigKeys (ConfUtils.java:logGet(43)) - raft.server.log.purge.gap = 1000000000 (custom)
2019-07-14 16:32:51,337 INFO  server.RaftServerConfigKeys (ConfUtils.java:logGet(43)) - raft.server.log.appender.buffer.byte-limit = 33554432 (custom)
2019-07-14 16:32:51,336 INFO  server.RaftServerConfigKeys (ConfUtils.java:logGet(43)) - raft.server.log.use.memory = false (default)
2019-07-14 16:32:51,337 INFO  server.RaftServerConfigKeys (ConfUtils.java:logGet(43)) - raft.server.log.segment.size.max = 1048576 (custom)
2019-07-14 16:32:51,336 INFO  server.RaftServerConfigKeys (ConfUtils.java:logGet(43)) - raft.server.log.use.memory = false (default)
2019-07-14 16:32:51,337 INFO  server.RaftServerConfigKeys (ConfUtils.java:logGet(43)) - raft.server.log.segment.cache.num.max = 2 (custom)
2019-07-14 16:32:51,337 INFO  server.RaftServerConfigKeys (ConfUtils.java:logGet(43)) - raft.server.log.purge.gap = 1000000000 (custom)
2019-07-14 16:32:51,337 INFO  segmented.SegmentedRaftLogWorker (SegmentedRaftLogWorker.java:<init>(172)) - new 719267b4-00f2-4039-b624-c5708ff59bf3-SegmentedRaftLogWorker:Storage Directory /workdir/hadoop-ozone/integration-test/target/test-dir/MiniOzoneClusterImpl-572d971c-223f-4c43-9a1b-19e82311a99c/datanode-0/data/ratis/fd1ace41-c265-4ab3-8c7d-f1a6e7277f7a for RaftStorage:Storage Directory /workdir/hadoop-ozone/integration-test/target/test-dir/MiniOzoneClusterImpl-572d971c-223f-4c43-9a1b-19e82311a99c/datanode-0/data/ratis/fd1ace41-c265-4ab3-8c7d-f1a6e7277f7a
2019-07-14 16:32:51,338 INFO  server.RaftServerConfigKeys (ConfUtils.java:logGet(43)) - raft.server.log.queue.byte-limit = 2147483647 (custom)
2019-07-14 16:32:51,337 INFO  server.RaftServerConfigKeys (ConfUtils.java:logGet(43)) - raft.server.log.purge.gap = 1000000000 (custom)
2019-07-14 16:32:51,338 INFO  server.RaftServerConfigKeys (ConfUtils.java:logGet(43)) - raft.server.log.queue.element-limit = 1024 (custom)
2019-07-14 16:32:51,337 INFO  server.RaftServerConfigKeys (ConfUtils.java:logGet(43)) - raft.server.log.appender.buffer.byte-limit = 33554432 (custom)
2019-07-14 16:32:51,338 INFO  server.RaftServerConfigKeys (ConfUtils.java:logGet(43)) - raft.server.log.segment.size.max = 1048576 (custom)
2019-07-14 16:32:51,338 INFO  server.RaftServerConfigKeys (ConfUtils.java:logGet(43)) - raft.server.log.appender.buffer.byte-limit = 33554432 (custom)
2019-07-14 16:32:51,338 INFO  server.RaftServerConfigKeys (ConfUtils.java:logGet(43)) - raft.server.log.preallocated.size = 16384 (custom)
2019-07-14 16:32:51,339 INFO  server.RaftServerConfigKeys (ConfUtils.java:logGet(43)) - raft.server.log.write.buffer.size = 33554432 (custom)
2019-07-14 16:32:51,338 INFO  server.RaftServerConfigKeys (ConfUtils.java:logGet(43)) - raft.server.log.segment.size.max = 1048576 (custom)
2019-07-14 16:32:51,339 INFO  server.RaftServerConfigKeys (ConfUtils.java:logGet(43)) - raft.server.log.force.sync.num = 128 (default)
2019-07-14 16:32:51,338 INFO  server.RaftServerConfigKeys (ConfUtils.java:logGet(43)) - raft.server.log.segment.size.max = 1048576 (custom)
2019-07-14 16:32:51,339 INFO  server.RaftServerConfigKeys (ConfUtils.java:logGet(43)) - raft.server.log.statemachine.data.sync = true (default)
2019-07-14 16:32:51,339 INFO  server.RaftServerConfigKeys (ConfUtils.java:logGet(43)) - raft.server.log.segment.cache.num.max = 2 (custom)
2019-07-14 16:32:51,339 INFO  server.RaftServerConfigKeys (ConfUtils.java:logGet(43)) - raft.server.log.statemachine.data.sync.timeout = 10s (default)
2019-07-14 16:32:51,340 INFO  server.RaftServerConfigKeys (ConfUtils.java:logGet(43)) - raft.server.log.statemachine.data.sync.timeout.retry = -1 (default)
2019-07-14 16:32:51,339 INFO  server.RaftServerConfigKeys (ConfUtils.java:logGet(43)) - raft.server.log.segment.cache.num.max = 2 (custom)
2019-07-14 16:32:51,340 INFO  server.RaftServerConfigKeys (ConfUtils.java:logGet(43)) - raft.server.log.statemachine.data.caching.enabled = true (custom)
2019-07-14 16:32:51,339 INFO  segmented.SegmentedRaftLogWorker (SegmentedRaftLogWorker.java:<init>(172)) - new 87ab9341-f0cd-46be-b6ed-3911fae33a21-SegmentedRaftLogWorker:Storage Directory /workdir/hadoop-ozone/integration-test/target/test-dir/MiniOzoneClusterImpl-572d971c-223f-4c43-9a1b-19e82311a99c/datanode-2/data/ratis/fd1ace41-c265-4ab3-8c7d-f1a6e7277f7a for RaftStorage:Storage Directory /workdir/hadoop-ozone/integration-test/target/test-dir/MiniOzoneClusterImpl-572d971c-223f-4c43-9a1b-19e82311a99c/datanode-2/data/ratis/fd1ace41-c265-4ab3-8c7d-f1a6e7277f7a
2019-07-14 16:32:51,340 INFO  segmented.SegmentedRaftLogWorker (SegmentedRaftLogWorker.java:<init>(172)) - new 444d8768-562b-4bdf-aff2-e99e646a3934-SegmentedRaftLogWorker:Storage Directory /workdir/hadoop-ozone/integration-test/target/test-dir/MiniOzoneClusterImpl-572d971c-223f-4c43-9a1b-19e82311a99c/datanode-1/data/ratis/fd1ace41-c265-4ab3-8c7d-f1a6e7277f7a for RaftStorage:Storage Directory /workdir/hadoop-ozone/integration-test/target/test-dir/MiniOzoneClusterImpl-572d971c-223f-4c43-9a1b-19e82311a99c/datanode-1/data/ratis/fd1ace41-c265-4ab3-8c7d-f1a6e7277f7a
2019-07-14 16:32:51,340 INFO  server.RaftServerConfigKeys (ConfUtils.java:logGet(43)) - raft.server.log.queue.byte-limit = 2147483647 (custom)
2019-07-14 16:32:51,340 INFO  segmented.SegmentedRaftLogWorker (SegmentedRaftLogWorker.java:lambda$new$0(132)) - 719267b4-00f2-4039-b624-c5708ff59bf3-SegmentedRaftLogWorker:Storage Directory /workdir/hadoop-ozone/integration-test/target/test-dir/MiniOzoneClusterImpl-572d971c-223f-4c43-9a1b-19e82311a99c/datanode-0/data/ratis/fd1ace41-c265-4ab3-8c7d-f1a6e7277f7a: flushIndex: setUnconditionally 0 -> -1
2019-07-14 16:32:51,340 INFO  server.RaftServerConfigKeys (ConfUtils.java:logGet(43)) - raft.server.log.queue.element-limit = 1024 (custom)
2019-07-14 16:32:51,340 INFO  server.RaftServerConfigKeys (ConfUtils.java:logGet(43)) - raft.server.log.queue.byte-limit = 2147483647 (custom)
2019-07-14 16:32:51,341 INFO  server.RaftServerConfigKeys (ConfUtils.java:logGet(43)) - raft.server.snapshot.auto.trigger.enabled = true (custom)
2019-07-14 16:32:51,341 INFO  server.RaftServerConfigKeys (ConfUtils.java:logGet(43)) - raft.server.log.segment.size.max = 1048576 (custom)
2019-07-14 16:32:51,341 INFO  server.RaftServerConfigKeys (ConfUtils.java:logGet(43)) - raft.server.snapshot.auto.trigger.threshold = 10000 (custom)
2019-07-14 16:32:51,341 INFO  server.RaftServerConfigKeys (ConfUtils.java:logGet(43)) - raft.server.log.queue.element-limit = 1024 (custom)
2019-07-14 16:32:51,341 INFO  server.RaftServerConfigKeys (ConfUtils.java:logGet(43)) - raft.server.retrycache.expirytime = 600000ms (custom)
2019-07-14 16:32:51,341 INFO  server.RaftServerConfigKeys (ConfUtils.java:logGet(43)) - raft.server.log.preallocated.size = 16384 (custom)
2019-07-14 16:32:51,342 INFO  impl.RaftServerImpl (RaftServerImpl.java:start(180)) - 719267b4-00f2-4039-b624-c5708ff59bf3: start group-F1A6E7277F7A
2019-07-14 16:32:51,341 INFO  server.RaftServerConfigKeys (ConfUtils.java:logGet(43)) - raft.server.log.segment.size.max = 1048576 (custom)
2019-07-14 16:32:51,342 INFO  impl.RaftServerImpl (RaftServerImpl.java:setRole(171)) - 719267b4-00f2-4039-b624-c5708ff59bf3:group-F1A6E7277F7A changes role from null to FOLLOWER at term 0 for startAsFollower
2019-07-14 16:32:51,342 INFO  server.RaftServerConfigKeys (ConfUtils.java:logGet(43)) - raft.server.log.write.buffer.size = 33554432 (custom)
2019-07-14 16:32:51,342 INFO  impl.RoleInfo (RoleInfo.java:updateAndGet(143)) - 719267b4-00f2-4039-b624-c5708ff59bf3: start FollowerState
2019-07-14 16:32:51,342 INFO  server.RaftServerConfigKeys (ConfUtils.java:logGet(43)) - raft.server.log.preallocated.size = 16384 (custom)
2019-07-14 16:32:51,343 INFO  server.RaftServerConfigKeys (ConfUtils.java:logGet(43)) - raft.server.log.write.buffer.size = 33554432 (custom)
2019-07-14 16:32:51,342 INFO  server.RaftServerConfigKeys (ConfUtils.java:logGet(43)) - raft.server.log.force.sync.num = 128 (default)
2019-07-14 16:32:51,343 INFO  util.JmxRegister (JmxRegister.java:tryRegister(44)) - Successfully registered JMX Bean with object name Ratis:service=RaftServer,group=group-F1A6E7277F7A,id=719267b4-00f2-4039-b624-c5708ff59bf3
2019-07-14 16:32:51,343 INFO  server.RaftServerConfigKeys (ConfUtils.java:logGet(43)) - raft.server.log.force.sync.num = 128 (default)
2019-07-14 16:32:51,343 INFO  server.RaftServerConfigKeys (ConfUtils.java:logGet(43)) - raft.server.log.statemachine.data.sync = true (default)
2019-07-14 16:32:51,343 INFO  server.RaftServerConfigKeys (ConfUtils.java:logGet(43)) - raft.server.log.statemachine.data.sync = true (default)
2019-07-14 16:32:51,343 INFO  server.RaftServerConfigKeys (ConfUtils.java:logGet(43)) - raft.server.log.statemachine.data.sync.timeout = 10s (default)
2019-07-14 16:32:51,343 INFO  server.RaftServerConfigKeys (ConfUtils.java:logGet(43)) - raft.server.log.statemachine.data.sync.timeout = 10s (default)
2019-07-14 16:32:51,344 INFO  server.RaftServerConfigKeys (ConfUtils.java:logGet(43)) - raft.server.log.statemachine.data.sync.timeout.retry = -1 (default)
2019-07-14 16:32:51,344 INFO  server.RaftServerConfigKeys (ConfUtils.java:logGet(43)) - raft.server.log.statemachine.data.sync.timeout.retry = -1 (default)
2019-07-14 16:32:51,344 INFO  server.RaftServerConfigKeys (ConfUtils.java:logGet(43)) - raft.server.log.statemachine.data.caching.enabled = true (custom)
2019-07-14 16:32:51,344 INFO  server.RaftServerConfigKeys (ConfUtils.java:logGet(43)) - raft.server.log.statemachine.data.caching.enabled = true (custom)
2019-07-14 16:32:51,344 INFO  segmented.SegmentedRaftLogWorker (SegmentedRaftLogWorker.java:lambda$new$0(132)) - 87ab9341-f0cd-46be-b6ed-3911fae33a21-SegmentedRaftLogWorker:Storage Directory /workdir/hadoop-ozone/integration-test/target/test-dir/MiniOzoneClusterImpl-572d971c-223f-4c43-9a1b-19e82311a99c/datanode-2/data/ratis/fd1ace41-c265-4ab3-8c7d-f1a6e7277f7a: flushIndex: setUnconditionally 0 -> -1
2019-07-14 16:32:51,345 INFO  segmented.SegmentedRaftLogWorker (SegmentedRaftLogWorker.java:lambda$new$0(132)) - 444d8768-562b-4bdf-aff2-e99e646a3934-SegmentedRaftLogWorker:Storage Directory /workdir/hadoop-ozone/integration-test/target/test-dir/MiniOzoneClusterImpl-572d971c-223f-4c43-9a1b-19e82311a99c/datanode-1/data/ratis/fd1ace41-c265-4ab3-8c7d-f1a6e7277f7a: flushIndex: setUnconditionally 0 -> -1
2019-07-14 16:32:51,345 INFO  server.RaftServerConfigKeys (ConfUtils.java:logGet(43)) - raft.server.snapshot.auto.trigger.enabled = true (custom)
2019-07-14 16:32:51,345 INFO  server.RaftServerConfigKeys (ConfUtils.java:logGet(43)) - raft.server.snapshot.auto.trigger.threshold = 10000 (custom)
2019-07-14 16:32:51,345 INFO  server.RaftServerConfigKeys (ConfUtils.java:logGet(43)) - raft.server.snapshot.auto.trigger.enabled = true (custom)
2019-07-14 16:32:51,345 INFO  server.RaftServerConfigKeys (ConfUtils.java:logGet(43)) - raft.server.retrycache.expirytime = 600000ms (custom)
2019-07-14 16:32:51,345 INFO  server.RaftServerConfigKeys (ConfUtils.java:logGet(43)) - raft.server.snapshot.auto.trigger.threshold = 10000 (custom)
2019-07-14 16:32:51,345 INFO  impl.RaftServerImpl (RaftServerImpl.java:start(180)) - 87ab9341-f0cd-46be-b6ed-3911fae33a21: start group-F1A6E7277F7A
2019-07-14 16:32:51,345 INFO  server.RaftServerConfigKeys (ConfUtils.java:logGet(43)) - raft.server.retrycache.expirytime = 600000ms (custom)
2019-07-14 16:32:51,346 INFO  impl.RaftServerImpl (RaftServerImpl.java:setRole(171)) - 87ab9341-f0cd-46be-b6ed-3911fae33a21:group-F1A6E7277F7A changes role from null to FOLLOWER at term 0 for startAsFollower
2019-07-14 16:32:51,346 INFO  impl.RaftServerImpl (RaftServerImpl.java:start(180)) - 444d8768-562b-4bdf-aff2-e99e646a3934: start group-F1A6E7277F7A
2019-07-14 16:32:51,346 INFO  impl.RoleInfo (RoleInfo.java:updateAndGet(143)) - 87ab9341-f0cd-46be-b6ed-3911fae33a21: start FollowerState
2019-07-14 16:32:51,346 INFO  impl.RaftServerImpl (RaftServerImpl.java:setRole(171)) - 444d8768-562b-4bdf-aff2-e99e646a3934:group-F1A6E7277F7A changes role from null to FOLLOWER at term 0 for startAsFollower
2019-07-14 16:32:51,346 INFO  impl.RoleInfo (RoleInfo.java:updateAndGet(143)) - 444d8768-562b-4bdf-aff2-e99e646a3934: start FollowerState
2019-07-14 16:32:51,346 INFO  util.JmxRegister (JmxRegister.java:tryRegister(44)) - Successfully registered JMX Bean with object name Ratis:service=RaftServer,group=group-F1A6E7277F7A,id=87ab9341-f0cd-46be-b6ed-3911fae33a21
2019-07-14 16:32:51,347 INFO  util.JmxRegister (JmxRegister.java:tryRegister(44)) - Successfully registered JMX Bean with object name Ratis:service=RaftServer,group=group-F1A6E7277F7A,id=444d8768-562b-4bdf-aff2-e99e646a3934
2019-07-14 16:32:51,348 INFO  pipeline.PipelineStateManager (PipelineStateManager.java:addPipeline(56)) - Created pipeline Pipeline[ Id: fd1ace41-c265-4ab3-8c7d-f1a6e7277f7a, Nodes: 444d8768-562b-4bdf-aff2-e99e646a3934{ip: 192.168.69.77, host: pr-hdds-1710-5x6jb-1204890111, networkLocation: /default-rack, certSerialId: null}87ab9341-f0cd-46be-b6ed-3911fae33a21{ip: 192.168.69.77, host: pr-hdds-1710-5x6jb-1204890111, networkLocation: /default-rack, certSerialId: null}719267b4-00f2-4039-b624-c5708ff59bf3{ip: 192.168.69.77, host: pr-hdds-1710-5x6jb-1204890111, networkLocation: /default-rack, certSerialId: null}, Type:RATIS, Factor:THREE, State:OPEN]
2019-07-14 16:32:51,411 INFO  node.SCMNodeManager (SCMNodeManager.java:register(269)) - Registered Data node : 6c4be139-c8d3-4895-8303-7b4f9222f802{ip: 192.168.69.77, host: pr-hdds-1710-5x6jb-1204890111, networkLocation: /default-rack, certSerialId: null}
2019-07-14 16:32:51,428 INFO  impl.RaftServerProxy (RaftServerProxy.java:addNew(89)) - 6c4be139-c8d3-4895-8303-7b4f9222f802: addNew group-A0090CEDF3E6:[6c4be139-c8d3-4895-8303-7b4f9222f802:192.168.69.77:43454] returns group-A0090CEDF3E6:java.util.concurrent.CompletableFuture@1bc3be7e[Not completed]
2019-07-14 16:32:51,429 INFO  impl.RaftServerImpl (RaftServerImpl.java:<init>(93)) - 6c4be139-c8d3-4895-8303-7b4f9222f802: new RaftServerImpl for group-A0090CEDF3E6:[6c4be139-c8d3-4895-8303-7b4f9222f802:192.168.69.77:43454] with ContainerStateMachine:uninitialized
2019-07-14 16:32:51,429 INFO  server.RaftServerConfigKeys (ConfUtils.java:logGet(43)) - raft.server.rpc.timeout.min = 5s (custom)
2019-07-14 16:32:51,429 INFO  server.RaftServerConfigKeys (ConfUtils.java:logGet(43)) - raft.server.rpc.timeout.max = 5200ms (custom)
2019-07-14 16:32:51,430 INFO  server.RaftServerConfigKeys (ConfUtils.java:logGet(43)) - raft.server.rpcslowness.timeout = 120s (custom)
2019-07-14 16:32:51,430 INFO  server.RaftServerConfigKeys (ConfUtils.java:logGet(43)) - raft.server.sleep.deviation.threshold = 300 (default)
2019-07-14 16:32:51,430 INFO  server.RaftServerConfigKeys (ConfUtils.java:logGet(43)) - raft.server.log.appender.install.snapshot.enabled = false (custom)
2019-07-14 16:32:51,430 INFO  impl.RaftServerImpl (ServerState.java:<init>(105)) - 6c4be139-c8d3-4895-8303-7b4f9222f802:group-A0090CEDF3E6 ConfigurationManager, init=-1: [6c4be139-c8d3-4895-8303-7b4f9222f802:192.168.69.77:43454], old=null, confs=<EMPTY_MAP>
2019-07-14 16:32:51,430 INFO  server.RaftServerConfigKeys (ConfUtils.java:logGet(43)) - raft.server.storage.dir = [/workdir/hadoop-ozone/integration-test/target/test-dir/MiniOzoneClusterImpl-572d971c-223f-4c43-9a1b-19e82311a99c/datanode-3/data/ratis] (custom)
2019-07-14 16:32:51,431 INFO  storage.RaftStorageDirectory (RaftStorageDirectory.java:analyzeStorage(246)) - The storage directory /workdir/hadoop-ozone/integration-test/target/test-dir/MiniOzoneClusterImpl-572d971c-223f-4c43-9a1b-19e82311a99c/datanode-3/data/ratis/f9d97818-4395-4440-bebb-a0090cedf3e6 does not exist. Creating ...
2019-07-14 16:32:51,443 INFO  storage.RaftStorageDirectory (RaftStorageDirectory.java:tryLock(328)) - Lock on /workdir/hadoop-ozone/integration-test/target/test-dir/MiniOzoneClusterImpl-572d971c-223f-4c43-9a1b-19e82311a99c/datanode-3/data/ratis/f9d97818-4395-4440-bebb-a0090cedf3e6/in_use.lock acquired by nodename 13169@pr-hdds-1710-5x6jb-1204890111
2019-07-14 16:32:51,456 INFO  storage.RaftStorage (RaftStorage.java:format(72)) - Storage directory /workdir/hadoop-ozone/integration-test/target/test-dir/MiniOzoneClusterImpl-572d971c-223f-4c43-9a1b-19e82311a99c/datanode-3/data/ratis/f9d97818-4395-4440-bebb-a0090cedf3e6 has been successfully formatted.
2019-07-14 16:32:51,456 INFO  ratis.ContainerStateMachine (ContainerStateMachine.java:loadSnapshot(200)) - The snapshot info is null.Setting the last applied index to:(t:0, i:~)
2019-07-14 16:32:51,456 INFO  server.RaftServerConfigKeys (ConfUtils.java:logGet(43)) - raft.server.leader.election.timeout = 120s (custom)
2019-07-14 16:32:51,456 INFO  server.RaftServerConfigKeys (ConfUtils.java:logGet(43)) - raft.server.log.use.memory = false (default)
2019-07-14 16:32:51,456 INFO  server.RaftServerConfigKeys (ConfUtils.java:logGet(43)) - raft.server.log.purge.gap = 1000000000 (custom)
2019-07-14 16:32:51,456 INFO  server.RaftServerConfigKeys (ConfUtils.java:logGet(43)) - raft.server.log.appender.buffer.byte-limit = 33554432 (custom)
2019-07-14 16:32:51,456 INFO  server.RaftServerConfigKeys (ConfUtils.java:logGet(43)) - raft.server.log.segment.size.max = 1048576 (custom)
2019-07-14 16:32:51,456 INFO  server.RaftServerConfigKeys (ConfUtils.java:logGet(43)) - raft.server.log.segment.cache.num.max = 2 (custom)
2019-07-14 16:32:51,456 INFO  segmented.SegmentedRaftLogWorker (SegmentedRaftLogWorker.java:<init>(172)) - new 6c4be139-c8d3-4895-8303-7b4f9222f802-SegmentedRaftLogWorker:Storage Directory /workdir/hadoop-ozone/integration-test/target/test-dir/MiniOzoneClusterImpl-572d971c-223f-4c43-9a1b-19e82311a99c/datanode-3/data/ratis/f9d97818-4395-4440-bebb-a0090cedf3e6 for RaftStorage:Storage Directory /workdir/hadoop-ozone/integration-test/target/test-dir/MiniOzoneClusterImpl-572d971c-223f-4c43-9a1b-19e82311a99c/datanode-3/data/ratis/f9d97818-4395-4440-bebb-a0090cedf3e6
2019-07-14 16:32:51,456 INFO  server.RaftServerConfigKeys (ConfUtils.java:logGet(43)) - raft.server.log.queue.byte-limit = 2147483647 (custom)
2019-07-14 16:32:51,457 INFO  server.RaftServerConfigKeys (ConfUtils.java:logGet(43)) - raft.server.log.queue.element-limit = 1024 (custom)
2019-07-14 16:32:51,457 INFO  server.RaftServerConfigKeys (ConfUtils.java:logGet(43)) - raft.server.log.segment.size.max = 1048576 (custom)
2019-07-14 16:32:51,457 INFO  server.RaftServerConfigKeys (ConfUtils.java:logGet(43)) - raft.server.log.preallocated.size = 16384 (custom)
2019-07-14 16:32:51,457 INFO  server.RaftServerConfigKeys (ConfUtils.java:logGet(43)) - raft.server.log.write.buffer.size = 33554432 (custom)
2019-07-14 16:32:51,457 INFO  server.RaftServerConfigKeys (ConfUtils.java:logGet(43)) - raft.server.log.force.sync.num = 128 (default)
2019-07-14 16:32:51,457 INFO  server.RaftServerConfigKeys (ConfUtils.java:logGet(43)) - raft.server.log.statemachine.data.sync = true (default)
2019-07-14 16:32:51,457 INFO  server.RaftServerConfigKeys (ConfUtils.java:logGet(43)) - raft.server.log.statemachine.data.sync.timeout = 10s (default)
2019-07-14 16:32:51,457 INFO  server.RaftServerConfigKeys (ConfUtils.java:logGet(43)) - raft.server.log.statemachine.data.sync.timeout.retry = -1 (default)
2019-07-14 16:32:51,457 INFO  server.RaftServerConfigKeys (ConfUtils.java:logGet(43)) - raft.server.log.statemachine.data.caching.enabled = true (custom)
2019-07-14 16:32:51,458 INFO  segmented.SegmentedRaftLogWorker (SegmentedRaftLogWorker.java:lambda$new$0(132)) - 6c4be139-c8d3-4895-8303-7b4f9222f802-SegmentedRaftLogWorker:Storage Directory /workdir/hadoop-ozone/integration-test/target/test-dir/MiniOzoneClusterImpl-572d971c-223f-4c43-9a1b-19e82311a99c/datanode-3/data/ratis/f9d97818-4395-4440-bebb-a0090cedf3e6: flushIndex: setUnconditionally 0 -> -1
2019-07-14 16:32:51,458 INFO  server.RaftServerConfigKeys (ConfUtils.java:logGet(43)) - raft.server.snapshot.auto.trigger.enabled = true (custom)
2019-07-14 16:32:51,458 INFO  server.RaftServerConfigKeys (ConfUtils.java:logGet(43)) - raft.server.snapshot.auto.trigger.threshold = 10000 (custom)
2019-07-14 16:32:51,458 INFO  server.RaftServerConfigKeys (ConfUtils.java:logGet(43)) - raft.server.retrycache.expirytime = 600000ms (custom)
2019-07-14 16:32:51,458 INFO  impl.RaftServerImpl (RaftServerImpl.java:start(180)) - 6c4be139-c8d3-4895-8303-7b4f9222f802: start group-A0090CEDF3E6
2019-07-14 16:32:51,458 INFO  impl.RaftServerImpl (RaftServerImpl.java:setRole(171)) - 6c4be139-c8d3-4895-8303-7b4f9222f802:group-A0090CEDF3E6 changes role from null to FOLLOWER at term 0 for startAsFollower
2019-07-14 16:32:51,458 INFO  impl.RoleInfo (RoleInfo.java:updateAndGet(143)) - 6c4be139-c8d3-4895-8303-7b4f9222f802: start FollowerState
2019-07-14 16:32:51,459 INFO  util.JmxRegister (JmxRegister.java:tryRegister(44)) - Successfully registered JMX Bean with object name Ratis:service=RaftServer,group=group-A0090CEDF3E6,id=6c4be139-c8d3-4895-8303-7b4f9222f802
2019-07-14 16:32:51,460 INFO  pipeline.PipelineStateManager (PipelineStateManager.java:addPipeline(56)) - Created pipeline Pipeline[ Id: f9d97818-4395-4440-bebb-a0090cedf3e6, Nodes: 6c4be139-c8d3-4895-8303-7b4f9222f802{ip: 192.168.69.77, host: pr-hdds-1710-5x6jb-1204890111, networkLocation: /default-rack, certSerialId: null}, Type:RATIS, Factor:ONE, State:OPEN]
2019-07-14 16:32:51,736 INFO  node.SCMNodeManager (SCMNodeManager.java:register(269)) - Registered Data node : 3ba554fc-5326-4e7e-b3cf-8a138092dbfd{ip: 192.168.69.77, host: pr-hdds-1710-5x6jb-1204890111, networkLocation: /default-rack, certSerialId: null}
2019-07-14 16:32:51,743 INFO  impl.RaftServerProxy (RaftServerProxy.java:addNew(89)) - 3ba554fc-5326-4e7e-b3cf-8a138092dbfd: addNew group-469797750131:[3ba554fc-5326-4e7e-b3cf-8a138092dbfd:192.168.69.77:34398] returns group-469797750131:java.util.concurrent.CompletableFuture@53eaa71a[Not completed]
2019-07-14 16:32:51,745 INFO  impl.RaftServerImpl (RaftServerImpl.java:<init>(93)) - 3ba554fc-5326-4e7e-b3cf-8a138092dbfd: new RaftServerImpl for group-469797750131:[3ba554fc-5326-4e7e-b3cf-8a138092dbfd:192.168.69.77:34398] with ContainerStateMachine:uninitialized
2019-07-14 16:32:51,745 INFO  server.RaftServerConfigKeys (ConfUtils.java:logGet(43)) - raft.server.rpc.timeout.min = 5s (custom)
2019-07-14 16:32:51,745 INFO  server.RaftServerConfigKeys (ConfUtils.java:logGet(43)) - raft.server.rpc.timeout.max = 5200ms (custom)
2019-07-14 16:32:51,745 INFO  server.RaftServerConfigKeys (ConfUtils.java:logGet(43)) - raft.server.rpcslowness.timeout = 120s (custom)
2019-07-14 16:32:51,745 INFO  server.RaftServerConfigKeys (ConfUtils.java:logGet(43)) - raft.server.sleep.deviation.threshold = 300 (default)
2019-07-14 16:32:51,745 INFO  server.RaftServerConfigKeys (ConfUtils.java:logGet(43)) - raft.server.log.appender.install.snapshot.enabled = false (custom)
2019-07-14 16:32:51,745 INFO  impl.RaftServerImpl (ServerState.java:<init>(105)) - 3ba554fc-5326-4e7e-b3cf-8a138092dbfd:group-469797750131 ConfigurationManager, init=-1: [3ba554fc-5326-4e7e-b3cf-8a138092dbfd:192.168.69.77:34398], old=null, confs=<EMPTY_MAP>
2019-07-14 16:32:51,746 INFO  server.RaftServerConfigKeys (ConfUtils.java:logGet(43)) - raft.server.storage.dir = [/workdir/hadoop-ozone/integration-test/target/test-dir/MiniOzoneClusterImpl-572d971c-223f-4c43-9a1b-19e82311a99c/datanode-4/data/ratis] (custom)
2019-07-14 16:32:51,746 INFO  storage.RaftStorageDirectory (RaftStorageDirectory.java:analyzeStorage(246)) - The storage directory /workdir/hadoop-ozone/integration-test/target/test-dir/MiniOzoneClusterImpl-572d971c-223f-4c43-9a1b-19e82311a99c/datanode-4/data/ratis/41d96020-5770-4eee-9f02-469797750131 does not exist. Creating ...
2019-07-14 16:32:51,761 INFO  storage.RaftStorageDirectory (RaftStorageDirectory.java:tryLock(328)) - Lock on /workdir/hadoop-ozone/integration-test/target/test-dir/MiniOzoneClusterImpl-572d971c-223f-4c43-9a1b-19e82311a99c/datanode-4/data/ratis/41d96020-5770-4eee-9f02-469797750131/in_use.lock acquired by nodename 13169@pr-hdds-1710-5x6jb-1204890111
2019-07-14 16:32:51,774 INFO  storage.RaftStorage (RaftStorage.java:format(72)) - Storage directory /workdir/hadoop-ozone/integration-test/target/test-dir/MiniOzoneClusterImpl-572d971c-223f-4c43-9a1b-19e82311a99c/datanode-4/data/ratis/41d96020-5770-4eee-9f02-469797750131 has been successfully formatted.
2019-07-14 16:32:51,775 INFO  ratis.ContainerStateMachine (ContainerStateMachine.java:loadSnapshot(200)) - The snapshot info is null.Setting the last applied index to:(t:0, i:~)
2019-07-14 16:32:51,775 INFO  server.RaftServerConfigKeys (ConfUtils.java:logGet(43)) - raft.server.leader.election.timeout = 120s (custom)
2019-07-14 16:32:51,775 INFO  server.RaftServerConfigKeys (ConfUtils.java:logGet(43)) - raft.server.log.use.memory = false (default)
2019-07-14 16:32:51,775 INFO  server.RaftServerConfigKeys (ConfUtils.java:logGet(43)) - raft.server.log.purge.gap = 1000000000 (custom)
2019-07-14 16:32:51,775 INFO  server.RaftServerConfigKeys (ConfUtils.java:logGet(43)) - raft.server.log.appender.buffer.byte-limit = 33554432 (custom)
2019-07-14 16:32:51,775 INFO  server.RaftServerConfigKeys (ConfUtils.java:logGet(43)) - raft.server.log.segment.size.max = 1048576 (custom)
2019-07-14 16:32:51,776 INFO  server.RaftServerConfigKeys (ConfUtils.java:logGet(43)) - raft.server.log.segment.cache.num.max = 2 (custom)
2019-07-14 16:32:51,776 INFO  segmented.SegmentedRaftLogWorker (SegmentedRaftLogWorker.java:<init>(172)) - new 3ba554fc-5326-4e7e-b3cf-8a138092dbfd-SegmentedRaftLogWorker:Storage Directory /workdir/hadoop-ozone/integration-test/target/test-dir/MiniOzoneClusterImpl-572d971c-223f-4c43-9a1b-19e82311a99c/datanode-4/data/ratis/41d96020-5770-4eee-9f02-469797750131 for RaftStorage:Storage Directory /workdir/hadoop-ozone/integration-test/target/test-dir/MiniOzoneClusterImpl-572d971c-223f-4c43-9a1b-19e82311a99c/datanode-4/data/ratis/41d96020-5770-4eee-9f02-469797750131
2019-07-14 16:32:51,776 INFO  server.RaftServerConfigKeys (ConfUtils.java:logGet(43)) - raft.server.log.queue.byte-limit = 2147483647 (custom)
2019-07-14 16:32:51,776 INFO  server.RaftServerConfigKeys (ConfUtils.java:logGet(43)) - raft.server.log.queue.element-limit = 1024 (custom)
2019-07-14 16:32:51,776 INFO  server.RaftServerConfigKeys (ConfUtils.java:logGet(43)) - raft.server.log.segment.size.max = 1048576 (custom)
2019-07-14 16:32:51,776 INFO  server.RaftServerConfigKeys (ConfUtils.java:logGet(43)) - raft.server.log.preallocated.size = 16384 (custom)
2019-07-14 16:32:51,777 INFO  server.RaftServerConfigKeys (ConfUtils.java:logGet(43)) - raft.server.log.write.buffer.size = 33554432 (custom)
2019-07-14 16:32:51,777 INFO  server.RaftServerConfigKeys (ConfUtils.java:logGet(43)) - raft.server.log.force.sync.num = 128 (default)
2019-07-14 16:32:51,777 INFO  server.RaftServerConfigKeys (ConfUtils.java:logGet(43)) - raft.server.log.statemachine.data.sync = true (default)
2019-07-14 16:32:51,777 INFO  server.RaftServerConfigKeys (ConfUtils.java:logGet(43)) - raft.server.log.statemachine.data.sync.timeout = 10s (default)
2019-07-14 16:32:51,777 INFO  server.RaftServerConfigKeys (ConfUtils.java:logGet(43)) - raft.server.log.statemachine.data.sync.timeout.retry = -1 (default)
2019-07-14 16:32:51,777 INFO  server.RaftServerConfigKeys (ConfUtils.java:logGet(43)) - raft.server.log.statemachine.data.caching.enabled = true (custom)
2019-07-14 16:32:51,778 INFO  segmented.SegmentedRaftLogWorker (SegmentedRaftLogWorker.java:lambda$new$0(132)) - 3ba554fc-5326-4e7e-b3cf-8a138092dbfd-SegmentedRaftLogWorker:Storage Directory /workdir/hadoop-ozone/integration-test/target/test-dir/MiniOzoneClusterImpl-572d971c-223f-4c43-9a1b-19e82311a99c/datanode-4/data/ratis/41d96020-5770-4eee-9f02-469797750131: flushIndex: setUnconditionally 0 -> -1
2019-07-14 16:32:51,778 INFO  server.RaftServerConfigKeys (ConfUtils.java:logGet(43)) - raft.server.snapshot.auto.trigger.enabled = true (custom)
2019-07-14 16:32:51,778 INFO  server.RaftServerConfigKeys (ConfUtils.java:logGet(43)) - raft.server.snapshot.auto.trigger.threshold = 10000 (custom)
2019-07-14 16:32:51,778 INFO  server.RaftServerConfigKeys (ConfUtils.java:logGet(43)) - raft.server.retrycache.expirytime = 600000ms (custom)
2019-07-14 16:32:51,779 INFO  impl.RaftServerImpl (RaftServerImpl.java:start(180)) - 3ba554fc-5326-4e7e-b3cf-8a138092dbfd: start group-469797750131
2019-07-14 16:32:51,779 INFO  impl.RaftServerImpl (RaftServerImpl.java:setRole(171)) - 3ba554fc-5326-4e7e-b3cf-8a138092dbfd:group-469797750131 changes role from null to FOLLOWER at term 0 for startAsFollower
2019-07-14 16:32:51,779 INFO  impl.RoleInfo (RoleInfo.java:updateAndGet(143)) - 3ba554fc-5326-4e7e-b3cf-8a138092dbfd: start FollowerState
2019-07-14 16:32:51,779 INFO  util.JmxRegister (JmxRegister.java:tryRegister(44)) - Successfully registered JMX Bean with object name Ratis:service=RaftServer,group=group-469797750131,id=3ba554fc-5326-4e7e-b3cf-8a138092dbfd
2019-07-14 16:32:51,781 INFO  pipeline.PipelineStateManager (PipelineStateManager.java:addPipeline(56)) - Created pipeline Pipeline[ Id: 41d96020-5770-4eee-9f02-469797750131, Nodes: 3ba554fc-5326-4e7e-b3cf-8a138092dbfd{ip: 192.168.69.77, host: pr-hdds-1710-5x6jb-1204890111, networkLocation: /default-rack, certSerialId: null}, Type:RATIS, Factor:ONE, State:OPEN]
2019-07-14 16:32:51,939 INFO  node.SCMNodeManager (SCMNodeManager.java:register(269)) - Registered Data node : 66ff6589-2641-42bd-b340-7b521dc7dda0{ip: 192.168.69.77, host: pr-hdds-1710-5x6jb-1204890111, networkLocation: /default-rack, certSerialId: null}
2019-07-14 16:32:51,946 INFO  impl.RaftServerProxy (RaftServerProxy.java:addNew(89)) - 66ff6589-2641-42bd-b340-7b521dc7dda0: addNew group-80A74B6C93F6:[66ff6589-2641-42bd-b340-7b521dc7dda0:192.168.69.77:44924] returns group-80A74B6C93F6:java.util.concurrent.CompletableFuture@7613f2d2[Not completed]
2019-07-14 16:32:51,947 INFO  impl.RaftServerImpl (RaftServerImpl.java:<init>(93)) - 66ff6589-2641-42bd-b340-7b521dc7dda0: new RaftServerImpl for group-80A74B6C93F6:[66ff6589-2641-42bd-b340-7b521dc7dda0:192.168.69.77:44924] with ContainerStateMachine:uninitialized
2019-07-14 16:32:51,947 INFO  server.RaftServerConfigKeys (ConfUtils.java:logGet(43)) - raft.server.rpc.timeout.min = 5s (custom)
2019-07-14 16:32:51,947 INFO  server.RaftServerConfigKeys (ConfUtils.java:logGet(43)) - raft.server.rpc.timeout.max = 5200ms (custom)
2019-07-14 16:32:51,947 INFO  server.RaftServerConfigKeys (ConfUtils.java:logGet(43)) - raft.server.rpcslowness.timeout = 120s (custom)
2019-07-14 16:32:51,947 INFO  server.RaftServerConfigKeys (ConfUtils.java:logGet(43)) - raft.server.sleep.deviation.threshold = 300 (default)
2019-07-14 16:32:51,947 INFO  server.RaftServerConfigKeys (ConfUtils.java:logGet(43)) - raft.server.log.appender.install.snapshot.enabled = false (custom)
2019-07-14 16:32:51,948 INFO  impl.RaftServerImpl (ServerState.java:<init>(105)) - 66ff6589-2641-42bd-b340-7b521dc7dda0:group-80A74B6C93F6 ConfigurationManager, init=-1: [66ff6589-2641-42bd-b340-7b521dc7dda0:192.168.69.77:44924], old=null, confs=<EMPTY_MAP>
2019-07-14 16:32:51,948 INFO  server.RaftServerConfigKeys (ConfUtils.java:logGet(43)) - raft.server.storage.dir = [/workdir/hadoop-ozone/integration-test/target/test-dir/MiniOzoneClusterImpl-572d971c-223f-4c43-9a1b-19e82311a99c/datanode-5/data/ratis] (custom)
2019-07-14 16:32:51,948 INFO  storage.RaftStorageDirectory (RaftStorageDirectory.java:analyzeStorage(246)) - The storage directory /workdir/hadoop-ozone/integration-test/target/test-dir/MiniOzoneClusterImpl-572d971c-223f-4c43-9a1b-19e82311a99c/datanode-5/data/ratis/097e0a68-03f0-4984-93ba-80a74b6c93f6 does not exist. Creating ...
2019-07-14 16:32:51,961 INFO  storage.RaftStorageDirectory (RaftStorageDirectory.java:tryLock(328)) - Lock on /workdir/hadoop-ozone/integration-test/target/test-dir/MiniOzoneClusterImpl-572d971c-223f-4c43-9a1b-19e82311a99c/datanode-5/data/ratis/097e0a68-03f0-4984-93ba-80a74b6c93f6/in_use.lock acquired by nodename 13169@pr-hdds-1710-5x6jb-1204890111
2019-07-14 16:32:51,975 INFO  storage.RaftStorage (RaftStorage.java:format(72)) - Storage directory /workdir/hadoop-ozone/integration-test/target/test-dir/MiniOzoneClusterImpl-572d971c-223f-4c43-9a1b-19e82311a99c/datanode-5/data/ratis/097e0a68-03f0-4984-93ba-80a74b6c93f6 has been successfully formatted.
2019-07-14 16:32:51,975 INFO  ratis.ContainerStateMachine (ContainerStateMachine.java:loadSnapshot(200)) - The snapshot info is null.Setting the last applied index to:(t:0, i:~)
2019-07-14 16:32:51,975 INFO  server.RaftServerConfigKeys (ConfUtils.java:logGet(43)) - raft.server.leader.election.timeout = 120s (custom)
2019-07-14 16:32:51,976 INFO  server.RaftServerConfigKeys (ConfUtils.java:logGet(43)) - raft.server.log.use.memory = false (default)
2019-07-14 16:32:51,976 INFO  server.RaftServerConfigKeys (ConfUtils.java:logGet(43)) - raft.server.log.purge.gap = 1000000000 (custom)
2019-07-14 16:32:51,976 INFO  server.RaftServerConfigKeys (ConfUtils.java:logGet(43)) - raft.server.log.appender.buffer.byte-limit = 33554432 (custom)
2019-07-14 16:32:51,976 INFO  server.RaftServerConfigKeys (ConfUtils.java:logGet(43)) - raft.server.log.segment.size.max = 1048576 (custom)
2019-07-14 16:32:51,976 INFO  server.RaftServerConfigKeys (ConfUtils.java:logGet(43)) - raft.server.log.segment.cache.num.max = 2 (custom)
2019-07-14 16:32:51,976 INFO  segmented.SegmentedRaftLogWorker (SegmentedRaftLogWorker.java:<init>(172)) - new 66ff6589-2641-42bd-b340-7b521dc7dda0-SegmentedRaftLogWorker:Storage Directory /workdir/hadoop-ozone/integration-test/target/test-dir/MiniOzoneClusterImpl-572d971c-223f-4c43-9a1b-19e82311a99c/datanode-5/data/ratis/097e0a68-03f0-4984-93ba-80a74b6c93f6 for RaftStorage:Storage Directory /workdir/hadoop-ozone/integration-test/target/test-dir/MiniOzoneClusterImpl-572d971c-223f-4c43-9a1b-19e82311a99c/datanode-5/data/ratis/097e0a68-03f0-4984-93ba-80a74b6c93f6
2019-07-14 16:32:51,977 INFO  server.RaftServerConfigKeys (ConfUtils.java:logGet(43)) - raft.server.log.queue.byte-limit = 2147483647 (custom)
2019-07-14 16:32:51,977 INFO  server.RaftServerConfigKeys (ConfUtils.java:logGet(43)) - raft.server.log.queue.element-limit = 1024 (custom)
2019-07-14 16:32:51,977 INFO  server.RaftServerConfigKeys (ConfUtils.java:logGet(43)) - raft.server.log.segment.size.max = 1048576 (custom)
2019-07-14 16:32:51,977 INFO  server.RaftServerConfigKeys (ConfUtils.java:logGet(43)) - raft.server.log.preallocated.size = 16384 (custom)
2019-07-14 16:32:51,977 INFO  server.RaftServerConfigKeys (ConfUtils.java:logGet(43)) - raft.server.log.write.buffer.size = 33554432 (custom)
2019-07-14 16:32:51,977 INFO  server.RaftServerConfigKeys (ConfUtils.java:logGet(43)) - raft.server.log.force.sync.num = 128 (default)
2019-07-14 16:32:51,978 INFO  server.RaftServerConfigKeys (ConfUtils.java:logGet(43)) - raft.server.log.statemachine.data.sync = true (default)
2019-07-14 16:32:51,978 INFO  server.RaftServerConfigKeys (ConfUtils.java:logGet(43)) - raft.server.log.statemachine.data.sync.timeout = 10s (default)
2019-07-14 16:32:51,978 INFO  server.RaftServerConfigKeys (ConfUtils.java:logGet(43)) - raft.server.log.statemachine.data.sync.timeout.retry = -1 (default)
2019-07-14 16:32:51,978 INFO  server.RaftServerConfigKeys (ConfUtils.java:logGet(43)) - raft.server.log.statemachine.data.caching.enabled = true (custom)
2019-07-14 16:32:51,978 INFO  segmented.SegmentedRaftLogWorker (SegmentedRaftLogWorker.java:lambda$new$0(132)) - 66ff6589-2641-42bd-b340-7b521dc7dda0-SegmentedRaftLogWorker:Storage Directory /workdir/hadoop-ozone/integration-test/target/test-dir/MiniOzoneClusterImpl-572d971c-223f-4c43-9a1b-19e82311a99c/datanode-5/data/ratis/097e0a68-03f0-4984-93ba-80a74b6c93f6: flushIndex: setUnconditionally 0 -> -1
2019-07-14 16:32:51,979 INFO  server.RaftServerConfigKeys (ConfUtils.java:logGet(43)) - raft.server.snapshot.auto.trigger.enabled = true (custom)
2019-07-14 16:32:51,979 INFO  server.RaftServerConfigKeys (ConfUtils.java:logGet(43)) - raft.server.snapshot.auto.trigger.threshold = 10000 (custom)
2019-07-14 16:32:51,979 INFO  server.RaftServerConfigKeys (ConfUtils.java:logGet(43)) - raft.server.retrycache.expirytime = 600000ms (custom)
2019-07-14 16:32:51,979 INFO  impl.RaftServerImpl (RaftServerImpl.java:start(180)) - 66ff6589-2641-42bd-b340-7b521dc7dda0: start group-80A74B6C93F6
2019-07-14 16:32:51,979 INFO  impl.RaftServerImpl (RaftServerImpl.java:setRole(171)) - 66ff6589-2641-42bd-b340-7b521dc7dda0:group-80A74B6C93F6 changes role from null to FOLLOWER at term 0 for startAsFollower
2019-07-14 16:32:51,980 INFO  impl.RoleInfo (RoleInfo.java:updateAndGet(143)) - 66ff6589-2641-42bd-b340-7b521dc7dda0: start FollowerState
2019-07-14 16:32:51,980 INFO  util.JmxRegister (JmxRegister.java:tryRegister(44)) - Successfully registered JMX Bean with object name Ratis:service=RaftServer,group=group-80A74B6C93F6,id=66ff6589-2641-42bd-b340-7b521dc7dda0
2019-07-14 16:32:51,982 INFO  pipeline.PipelineStateManager (PipelineStateManager.java:addPipeline(56)) - Created pipeline Pipeline[ Id: 097e0a68-03f0-4984-93ba-80a74b6c93f6, Nodes: 66ff6589-2641-42bd-b340-7b521dc7dda0{ip: 192.168.69.77, host: pr-hdds-1710-5x6jb-1204890111, networkLocation: /default-rack, certSerialId: null}, Type:RATIS, Factor:ONE, State:OPEN]
2019-07-14 16:32:51,994 INFO  impl.RaftServerProxy (RaftServerProxy.java:addNew(89)) - 66ff6589-2641-42bd-b340-7b521dc7dda0: addNew group-0008BAFEECAE:[66ff6589-2641-42bd-b340-7b521dc7dda0:192.168.69.77:44924, 3ba554fc-5326-4e7e-b3cf-8a138092dbfd:192.168.69.77:34398, 6c4be139-c8d3-4895-8303-7b4f9222f802:192.168.69.77:43454] returns group-0008BAFEECAE:java.util.concurrent.CompletableFuture@66acaf59[Not completed]
2019-07-14 16:32:51,997 INFO  impl.RaftServerProxy (RaftServerProxy.java:addNew(89)) - 6c4be139-c8d3-4895-8303-7b4f9222f802: addNew group-0008BAFEECAE:[66ff6589-2641-42bd-b340-7b521dc7dda0:192.168.69.77:44924, 3ba554fc-5326-4e7e-b3cf-8a138092dbfd:192.168.69.77:34398, 6c4be139-c8d3-4895-8303-7b4f9222f802:192.168.69.77:43454] returns group-0008BAFEECAE:java.util.concurrent.CompletableFuture@7950a17a[Not completed]
2019-07-14 16:32:51,994 INFO  impl.RaftServerProxy (RaftServerProxy.java:addNew(89)) - 3ba554fc-5326-4e7e-b3cf-8a138092dbfd: addNew group-0008BAFEECAE:[66ff6589-2641-42bd-b340-7b521dc7dda0:192.168.69.77:44924, 3ba554fc-5326-4e7e-b3cf-8a138092dbfd:192.168.69.77:34398, 6c4be139-c8d3-4895-8303-7b4f9222f802:192.168.69.77:43454] returns group-0008BAFEECAE:java.util.concurrent.CompletableFuture@4332fa59[Not completed]
2019-07-14 16:32:51,998 INFO  impl.RaftServerImpl (RaftServerImpl.java:<init>(93)) - 66ff6589-2641-42bd-b340-7b521dc7dda0: new RaftServerImpl for group-0008BAFEECAE:[66ff6589-2641-42bd-b340-7b521dc7dda0:192.168.69.77:44924, 3ba554fc-5326-4e7e-b3cf-8a138092dbfd:192.168.69.77:34398, 6c4be139-c8d3-4895-8303-7b4f9222f802:192.168.69.77:43454] with ContainerStateMachine:uninitialized
2019-07-14 16:32:51,998 INFO  server.RaftServerConfigKeys (ConfUtils.java:logGet(43)) - raft.server.rpc.timeout.min = 5s (custom)
2019-07-14 16:32:51,999 INFO  server.RaftServerConfigKeys (ConfUtils.java:logGet(43)) - raft.server.rpc.timeout.max = 5200ms (custom)
2019-07-14 16:32:51,999 INFO  server.RaftServerConfigKeys (ConfUtils.java:logGet(43)) - raft.server.rpcslowness.timeout = 120s (custom)
2019-07-14 16:32:51,999 INFO  impl.RaftServerImpl (RaftServerImpl.java:<init>(93)) - 6c4be139-c8d3-4895-8303-7b4f9222f802: new RaftServerImpl for group-0008BAFEECAE:[66ff6589-2641-42bd-b340-7b521dc7dda0:192.168.69.77:44924, 3ba554fc-5326-4e7e-b3cf-8a138092dbfd:192.168.69.77:34398, 6c4be139-c8d3-4895-8303-7b4f9222f802:192.168.69.77:43454] with ContainerStateMachine:uninitialized
2019-07-14 16:32:51,999 INFO  server.RaftServerConfigKeys (ConfUtils.java:logGet(43)) - raft.server.sleep.deviation.threshold = 300 (default)
2019-07-14 16:32:51,999 INFO  impl.RaftServerImpl (RaftServerImpl.java:<init>(93)) - 3ba554fc-5326-4e7e-b3cf-8a138092dbfd: new RaftServerImpl for group-0008BAFEECAE:[66ff6589-2641-42bd-b340-7b521dc7dda0:192.168.69.77:44924, 3ba554fc-5326-4e7e-b3cf-8a138092dbfd:192.168.69.77:34398, 6c4be139-c8d3-4895-8303-7b4f9222f802:192.168.69.77:43454] with ContainerStateMachine:uninitialized
2019-07-14 16:32:51,999 INFO  server.RaftServerConfigKeys (ConfUtils.java:logGet(43)) - raft.server.rpc.timeout.min = 5s (custom)
2019-07-14 16:32:51,999 INFO  server.RaftServerConfigKeys (ConfUtils.java:logGet(43)) - raft.server.rpc.timeout.min = 5s (custom)
2019-07-14 16:32:51,999 INFO  server.RaftServerConfigKeys (ConfUtils.java:logGet(43)) - raft.server.log.appender.install.snapshot.enabled = false (custom)
2019-07-14 16:32:52,000 INFO  server.RaftServerConfigKeys (ConfUtils.java:logGet(43)) - raft.server.rpc.timeout.max = 5200ms (custom)
2019-07-14 16:32:51,999 INFO  server.RaftServerConfigKeys (ConfUtils.java:logGet(43)) - raft.server.rpc.timeout.max = 5200ms (custom)
2019-07-14 16:32:52,000 INFO  server.RaftServerConfigKeys (ConfUtils.java:logGet(43)) - raft.server.rpcslowness.timeout = 120s (custom)
2019-07-14 16:32:52,000 INFO  impl.RaftServerImpl (ServerState.java:<init>(105)) - 66ff6589-2641-42bd-b340-7b521dc7dda0:group-0008BAFEECAE ConfigurationManager, init=-1: [66ff6589-2641-42bd-b340-7b521dc7dda0:192.168.69.77:44924, 3ba554fc-5326-4e7e-b3cf-8a138092dbfd:192.168.69.77:34398, 6c4be139-c8d3-4895-8303-7b4f9222f802:192.168.69.77:43454], old=null, confs=<EMPTY_MAP>
2019-07-14 16:32:52,000 INFO  server.RaftServerConfigKeys (ConfUtils.java:logGet(43)) - raft.server.sleep.deviation.threshold = 300 (default)
2019-07-14 16:32:52,000 INFO  server.RaftServerConfigKeys (ConfUtils.java:logGet(43)) - raft.server.rpcslowness.timeout = 120s (custom)
2019-07-14 16:32:52,000 INFO  server.RaftServerConfigKeys (ConfUtils.java:logGet(43)) - raft.server.log.appender.install.snapshot.enabled = false (custom)
2019-07-14 16:32:52,000 INFO  server.RaftServerConfigKeys (ConfUtils.java:logGet(43)) - raft.server.storage.dir = [/workdir/hadoop-ozone/integration-test/target/test-dir/MiniOzoneClusterImpl-572d971c-223f-4c43-9a1b-19e82311a99c/datanode-5/data/ratis] (custom)
2019-07-14 16:32:52,001 INFO  impl.RaftServerImpl (ServerState.java:<init>(105)) - 3ba554fc-5326-4e7e-b3cf-8a138092dbfd:group-0008BAFEECAE ConfigurationManager, init=-1: [66ff6589-2641-42bd-b340-7b521dc7dda0:192.168.69.77:44924, 3ba554fc-5326-4e7e-b3cf-8a138092dbfd:192.168.69.77:34398, 6c4be139-c8d3-4895-8303-7b4f9222f802:192.168.69.77:43454], old=null, confs=<EMPTY_MAP>
2019-07-14 16:32:52,001 INFO  server.RaftServerConfigKeys (ConfUtils.java:logGet(43)) - raft.server.sleep.deviation.threshold = 300 (default)
2019-07-14 16:32:52,001 INFO  storage.RaftStorageDirectory (RaftStorageDirectory.java:analyzeStorage(246)) - The storage directory /workdir/hadoop-ozone/integration-test/target/test-dir/MiniOzoneClusterImpl-572d971c-223f-4c43-9a1b-19e82311a99c/datanode-5/data/ratis/ca6e9e69-ece3-4377-9df1-0008bafeecae does not exist. Creating ...
2019-07-14 16:32:52,001 INFO  server.RaftServerConfigKeys (ConfUtils.java:logGet(43)) - raft.server.storage.dir = [/workdir/hadoop-ozone/integration-test/target/test-dir/MiniOzoneClusterImpl-572d971c-223f-4c43-9a1b-19e82311a99c/datanode-4/data/ratis] (custom)
2019-07-14 16:32:52,001 INFO  server.RaftServerConfigKeys (ConfUtils.java:logGet(43)) - raft.server.log.appender.install.snapshot.enabled = false (custom)
2019-07-14 16:32:52,002 INFO  impl.RaftServerImpl (ServerState.java:<init>(105)) - 6c4be139-c8d3-4895-8303-7b4f9222f802:group-0008BAFEECAE ConfigurationManager, init=-1: [66ff6589-2641-42bd-b340-7b521dc7dda0:192.168.69.77:44924, 3ba554fc-5326-4e7e-b3cf-8a138092dbfd:192.168.69.77:34398, 6c4be139-c8d3-4895-8303-7b4f9222f802:192.168.69.77:43454], old=null, confs=<EMPTY_MAP>
2019-07-14 16:32:52,002 INFO  storage.RaftStorageDirectory (RaftStorageDirectory.java:analyzeStorage(246)) - The storage directory /workdir/hadoop-ozone/integration-test/target/test-dir/MiniOzoneClusterImpl-572d971c-223f-4c43-9a1b-19e82311a99c/datanode-4/data/ratis/ca6e9e69-ece3-4377-9df1-0008bafeecae does not exist. Creating ...
2019-07-14 16:32:52,002 INFO  server.RaftServerConfigKeys (ConfUtils.java:logGet(43)) - raft.server.storage.dir = [/workdir/hadoop-ozone/integration-test/target/test-dir/MiniOzoneClusterImpl-572d971c-223f-4c43-9a1b-19e82311a99c/datanode-3/data/ratis] (custom)
2019-07-14 16:32:52,002 INFO  storage.RaftStorageDirectory (RaftStorageDirectory.java:analyzeStorage(246)) - The storage directory /workdir/hadoop-ozone/integration-test/target/test-dir/MiniOzoneClusterImpl-572d971c-223f-4c43-9a1b-19e82311a99c/datanode-3/data/ratis/ca6e9e69-ece3-4377-9df1-0008bafeecae does not exist. Creating ...
2019-07-14 16:32:52,015 INFO  storage.RaftStorageDirectory (RaftStorageDirectory.java:tryLock(328)) - Lock on /workdir/hadoop-ozone/integration-test/target/test-dir/MiniOzoneClusterImpl-572d971c-223f-4c43-9a1b-19e82311a99c/datanode-3/data/ratis/ca6e9e69-ece3-4377-9df1-0008bafeecae/in_use.lock acquired by nodename 13169@pr-hdds-1710-5x6jb-1204890111
2019-07-14 16:32:52,015 INFO  storage.RaftStorageDirectory (RaftStorageDirectory.java:tryLock(328)) - Lock on /workdir/hadoop-ozone/integration-test/target/test-dir/MiniOzoneClusterImpl-572d971c-223f-4c43-9a1b-19e82311a99c/datanode-4/data/ratis/ca6e9e69-ece3-4377-9df1-0008bafeecae/in_use.lock acquired by nodename 13169@pr-hdds-1710-5x6jb-1204890111
2019-07-14 16:32:52,015 INFO  storage.RaftStorageDirectory (RaftStorageDirectory.java:tryLock(328)) - Lock on /workdir/hadoop-ozone/integration-test/target/test-dir/MiniOzoneClusterImpl-572d971c-223f-4c43-9a1b-19e82311a99c/datanode-5/data/ratis/ca6e9e69-ece3-4377-9df1-0008bafeecae/in_use.lock acquired by nodename 13169@pr-hdds-1710-5x6jb-1204890111
2019-07-14 16:32:52,037 INFO  storage.RaftStorage (RaftStorage.java:format(72)) - Storage directory /workdir/hadoop-ozone/integration-test/target/test-dir/MiniOzoneClusterImpl-572d971c-223f-4c43-9a1b-19e82311a99c/datanode-4/data/ratis/ca6e9e69-ece3-4377-9df1-0008bafeecae has been successfully formatted.
2019-07-14 16:32:52,037 INFO  storage.RaftStorage (RaftStorage.java:format(72)) - Storage directory /workdir/hadoop-ozone/integration-test/target/test-dir/MiniOzoneClusterImpl-572d971c-223f-4c43-9a1b-19e82311a99c/datanode-5/data/ratis/ca6e9e69-ece3-4377-9df1-0008bafeecae has been successfully formatted.
2019-07-14 16:32:52,037 INFO  storage.RaftStorage (RaftStorage.java:format(72)) - Storage directory /workdir/hadoop-ozone/integration-test/target/test-dir/MiniOzoneClusterImpl-572d971c-223f-4c43-9a1b-19e82311a99c/datanode-3/data/ratis/ca6e9e69-ece3-4377-9df1-0008bafeecae has been successfully formatted.
2019-07-14 16:32:52,038 INFO  ratis.ContainerStateMachine (ContainerStateMachine.java:loadSnapshot(200)) - The snapshot info is null.Setting the last applied index to:(t:0, i:~)
2019-07-14 16:32:52,038 INFO  ratis.ContainerStateMachine (ContainerStateMachine.java:loadSnapshot(200)) - The snapshot info is null.Setting the last applied index to:(t:0, i:~)
2019-07-14 16:32:52,038 INFO  ratis.ContainerStateMachine (ContainerStateMachine.java:loadSnapshot(200)) - The snapshot info is null.Setting the last applied index to:(t:0, i:~)
2019-07-14 16:32:52,038 INFO  server.RaftServerConfigKeys (ConfUtils.java:logGet(43)) - raft.server.leader.election.timeout = 120s (custom)
2019-07-14 16:32:52,038 INFO  server.RaftServerConfigKeys (ConfUtils.java:logGet(43)) - raft.server.leader.election.timeout = 120s (custom)
2019-07-14 16:32:52,039 INFO  server.RaftServerConfigKeys (ConfUtils.java:logGet(43)) - raft.server.log.use.memory = false (default)
2019-07-14 16:32:52,038 INFO  server.RaftServerConfigKeys (ConfUtils.java:logGet(43)) - raft.server.leader.election.timeout = 120s (custom)
2019-07-14 16:32:52,039 INFO  server.RaftServerConfigKeys (ConfUtils.java:logGet(43)) - raft.server.log.purge.gap = 1000000000 (custom)
2019-07-14 16:32:52,039 INFO  server.RaftServerConfigKeys (ConfUtils.java:logGet(43)) - raft.server.log.appender.buffer.byte-limit = 33554432 (custom)
2019-07-14 16:32:52,039 INFO  server.RaftServerConfigKeys (ConfUtils.java:logGet(43)) - raft.server.log.use.memory = false (default)
2019-07-14 16:32:52,039 INFO  server.RaftServerConfigKeys (ConfUtils.java:logGet(43)) - raft.server.log.segment.size.max = 1048576 (custom)
2019-07-14 16:32:52,039 INFO  server.RaftServerConfigKeys (ConfUtils.java:logGet(43)) - raft.server.log.use.memory = false (default)
2019-07-14 16:32:52,040 INFO  server.RaftServerConfigKeys (ConfUtils.java:logGet(43)) - raft.server.log.segment.cache.num.max = 2 (custom)
2019-07-14 16:32:52,040 INFO  server.RaftServerConfigKeys (ConfUtils.java:logGet(43)) - raft.server.log.purge.gap = 1000000000 (custom)
2019-07-14 16:32:52,040 INFO  segmented.SegmentedRaftLogWorker (SegmentedRaftLogWorker.java:<init>(172)) - new 6c4be139-c8d3-4895-8303-7b4f9222f802-SegmentedRaftLogWorker:Storage Directory /workdir/hadoop-ozone/integration-test/target/test-dir/MiniOzoneClusterImpl-572d971c-223f-4c43-9a1b-19e82311a99c/datanode-3/data/ratis/ca6e9e69-ece3-4377-9df1-0008bafeecae for RaftStorage:Storage Directory /workdir/hadoop-ozone/integration-test/target/test-dir/MiniOzoneClusterImpl-572d971c-223f-4c43-9a1b-19e82311a99c/datanode-3/data/ratis/ca6e9e69-ece3-4377-9df1-0008bafeecae
2019-07-14 16:32:52,040 INFO  server.RaftServerConfigKeys (ConfUtils.java:logGet(43)) - raft.server.log.purge.gap = 1000000000 (custom)
2019-07-14 16:32:52,041 INFO  server.RaftServerConfigKeys (ConfUtils.java:logGet(43)) - raft.server.log.queue.byte-limit = 2147483647 (custom)
2019-07-14 16:32:52,041 INFO  server.RaftServerConfigKeys (ConfUtils.java:logGet(43)) - raft.server.log.queue.element-limit = 1024 (custom)
2019-07-14 16:32:52,040 INFO  server.RaftServerConfigKeys (ConfUtils.java:logGet(43)) - raft.server.log.appender.buffer.byte-limit = 33554432 (custom)
2019-07-14 16:32:52,041 INFO  server.RaftServerConfigKeys (ConfUtils.java:logGet(43)) - raft.server.log.segment.size.max = 1048576 (custom)
2019-07-14 16:32:52,041 INFO  server.RaftServerConfigKeys (ConfUtils.java:logGet(43)) - raft.server.log.preallocated.size = 16384 (custom)
2019-07-14 16:32:52,041 INFO  server.RaftServerConfigKeys (ConfUtils.java:logGet(43)) - raft.server.log.appender.buffer.byte-limit = 33554432 (custom)
2019-07-14 16:32:52,041 INFO  server.RaftServerConfigKeys (ConfUtils.java:logGet(43)) - raft.server.log.write.buffer.size = 33554432 (custom)
2019-07-14 16:32:52,042 INFO  server.RaftServerConfigKeys (ConfUtils.java:logGet(43)) - raft.server.log.force.sync.num = 128 (default)
2019-07-14 16:32:52,041 INFO  server.RaftServerConfigKeys (ConfUtils.java:logGet(43)) - raft.server.log.segment.size.max = 1048576 (custom)
2019-07-14 16:32:52,042 INFO  server.RaftServerConfigKeys (ConfUtils.java:logGet(43)) - raft.server.log.statemachine.data.sync = true (default)
2019-07-14 16:32:52,042 INFO  server.RaftServerConfigKeys (ConfUtils.java:logGet(43)) - raft.server.log.statemachine.data.sync.timeout = 10s (default)
2019-07-14 16:32:52,042 INFO  server.RaftServerConfigKeys (ConfUtils.java:logGet(43)) - raft.server.log.segment.size.max = 1048576 (custom)
2019-07-14 16:32:52,042 INFO  server.RaftServerConfigKeys (ConfUtils.java:logGet(43)) - raft.server.log.statemachine.data.sync.timeout.retry = -1 (default)
2019-07-14 16:32:52,042 INFO  server.RaftServerConfigKeys (ConfUtils.java:logGet(43)) - raft.server.log.segment.cache.num.max = 2 (custom)
2019-07-14 16:32:52,043 INFO  server.RaftServerConfigKeys (ConfUtils.java:logGet(43)) - raft.server.log.statemachine.data.caching.enabled = true (custom)
2019-07-14 16:32:52,043 INFO  server.RaftServerConfigKeys (ConfUtils.java:logGet(43)) - raft.server.log.segment.cache.num.max = 2 (custom)
2019-07-14 16:32:52,043 INFO  segmented.SegmentedRaftLogWorker (SegmentedRaftLogWorker.java:<init>(172)) - new 3ba554fc-5326-4e7e-b3cf-8a138092dbfd-SegmentedRaftLogWorker:Storage Directory /workdir/hadoop-ozone/integration-test/target/test-dir/MiniOzoneClusterImpl-572d971c-223f-4c43-9a1b-19e82311a99c/datanode-4/data/ratis/ca6e9e69-ece3-4377-9df1-0008bafeecae for RaftStorage:Storage Directory /workdir/hadoop-ozone/integration-test/target/test-dir/MiniOzoneClusterImpl-572d971c-223f-4c43-9a1b-19e82311a99c/datanode-4/data/ratis/ca6e9e69-ece3-4377-9df1-0008bafeecae
2019-07-14 16:32:52,043 INFO  segmented.SegmentedRaftLogWorker (SegmentedRaftLogWorker.java:<init>(172)) - new 66ff6589-2641-42bd-b340-7b521dc7dda0-SegmentedRaftLogWorker:Storage Directory /workdir/hadoop-ozone/integration-test/target/test-dir/MiniOzoneClusterImpl-572d971c-223f-4c43-9a1b-19e82311a99c/datanode-5/data/ratis/ca6e9e69-ece3-4377-9df1-0008bafeecae for RaftStorage:Storage Directory /workdir/hadoop-ozone/integration-test/target/test-dir/MiniOzoneClusterImpl-572d971c-223f-4c43-9a1b-19e82311a99c/datanode-5/data/ratis/ca6e9e69-ece3-4377-9df1-0008bafeecae
2019-07-14 16:32:52,044 INFO  server.RaftServerConfigKeys (ConfUtils.java:logGet(43)) - raft.server.log.queue.byte-limit = 2147483647 (custom)
2019-07-14 16:32:52,043 INFO  segmented.SegmentedRaftLogWorker (SegmentedRaftLogWorker.java:lambda$new$0(132)) - 6c4be139-c8d3-4895-8303-7b4f9222f802-SegmentedRaftLogWorker:Storage Directory /workdir/hadoop-ozone/integration-test/target/test-dir/MiniOzoneClusterImpl-572d971c-223f-4c43-9a1b-19e82311a99c/datanode-3/data/ratis/ca6e9e69-ece3-4377-9df1-0008bafeecae: flushIndex: setUnconditionally 0 -> -1
2019-07-14 16:32:52,044 INFO  server.RaftServerConfigKeys (ConfUtils.java:logGet(43)) - raft.server.log.queue.element-limit = 1024 (custom)
2019-07-14 16:32:52,044 INFO  server.RaftServerConfigKeys (ConfUtils.java:logGet(43)) - raft.server.log.segment.size.max = 1048576 (custom)
2019-07-14 16:32:52,044 INFO  server.RaftServerConfigKeys (ConfUtils.java:logGet(43)) - raft.server.log.queue.byte-limit = 2147483647 (custom)
2019-07-14 16:32:52,044 INFO  server.RaftServerConfigKeys (ConfUtils.java:logGet(43)) - raft.server.log.preallocated.size = 16384 (custom)
2019-07-14 16:32:52,045 INFO  server.RaftServerConfigKeys (ConfUtils.java:logGet(43)) - raft.server.log.write.buffer.size = 33554432 (custom)
2019-07-14 16:32:52,044 INFO  server.RaftServerConfigKeys (ConfUtils.java:logGet(43)) - raft.server.snapshot.auto.trigger.enabled = true (custom)
2019-07-14 16:32:52,045 INFO  server.RaftServerConfigKeys (ConfUtils.java:logGet(43)) - raft.server.log.force.sync.num = 128 (default)
2019-07-14 16:32:52,045 INFO  server.RaftServerConfigKeys (ConfUtils.java:logGet(43)) - raft.server.log.statemachine.data.sync = true (default)
2019-07-14 16:32:52,045 INFO  server.RaftServerConfigKeys (ConfUtils.java:logGet(43)) - raft.server.log.queue.element-limit = 1024 (custom)
2019-07-14 16:32:52,045 INFO  server.RaftServerConfigKeys (ConfUtils.java:logGet(43)) - raft.server.log.statemachine.data.sync.timeout = 10s (default)
2019-07-14 16:32:52,045 INFO  server.RaftServerConfigKeys (ConfUtils.java:logGet(43)) - raft.server.snapshot.auto.trigger.threshold = 10000 (custom)
2019-07-14 16:32:52,046 INFO  server.RaftServerConfigKeys (ConfUtils.java:logGet(43)) - raft.server.log.statemachine.data.sync.timeout.retry = -1 (default)
2019-07-14 16:32:52,046 INFO  server.RaftServerConfigKeys (ConfUtils.java:logGet(43)) - raft.server.log.segment.size.max = 1048576 (custom)
2019-07-14 16:32:52,046 INFO  server.RaftServerConfigKeys (ConfUtils.java:logGet(43)) - raft.server.log.statemachine.data.caching.enabled = true (custom)
2019-07-14 16:32:52,046 INFO  server.RaftServerConfigKeys (ConfUtils.java:logGet(43)) - raft.server.retrycache.expirytime = 600000ms (custom)
2019-07-14 16:32:52,047 INFO  segmented.SegmentedRaftLogWorker (SegmentedRaftLogWorker.java:lambda$new$0(132)) - 3ba554fc-5326-4e7e-b3cf-8a138092dbfd-SegmentedRaftLogWorker:Storage Directory /workdir/hadoop-ozone/integration-test/target/test-dir/MiniOzoneClusterImpl-572d971c-223f-4c43-9a1b-19e82311a99c/datanode-4/data/ratis/ca6e9e69-ece3-4377-9df1-0008bafeecae: flushIndex: setUnconditionally 0 -> -1
2019-07-14 16:32:52,046 INFO  server.RaftServerConfigKeys (ConfUtils.java:logGet(43)) - raft.server.log.preallocated.size = 16384 (custom)
2019-07-14 16:32:52,047 INFO  impl.RaftServerImpl (RaftServerImpl.java:start(180)) - 6c4be139-c8d3-4895-8303-7b4f9222f802: start group-0008BAFEECAE
2019-07-14 16:32:52,047 INFO  server.RaftServerConfigKeys (ConfUtils.java:logGet(43)) - raft.server.snapshot.auto.trigger.enabled = true (custom)
2019-07-14 16:32:52,047 INFO  server.RaftServerConfigKeys (ConfUtils.java:logGet(43)) - raft.server.snapshot.auto.trigger.threshold = 10000 (custom)
2019-07-14 16:32:52,047 INFO  server.RaftServerConfigKeys (ConfUtils.java:logGet(43)) - raft.server.log.write.buffer.size = 33554432 (custom)
2019-07-14 16:32:52,047 INFO  server.RaftServerConfigKeys (ConfUtils.java:logGet(43)) - raft.server.retrycache.expirytime = 600000ms (custom)
2019-07-14 16:32:52,047 INFO  impl.RaftServerImpl (RaftServerImpl.java:setRole(171)) - 6c4be139-c8d3-4895-8303-7b4f9222f802:group-0008BAFEECAE changes role from null to FOLLOWER at term 0 for startAsFollower
2019-07-14 16:32:52,048 INFO  impl.RaftServerImpl (RaftServerImpl.java:start(180)) - 3ba554fc-5326-4e7e-b3cf-8a138092dbfd: start group-0008BAFEECAE
2019-07-14 16:32:52,048 INFO  impl.RaftServerImpl (RaftServerImpl.java:setRole(171)) - 3ba554fc-5326-4e7e-b3cf-8a138092dbfd:group-0008BAFEECAE changes role from null to FOLLOWER at term 0 for startAsFollower
2019-07-14 16:32:52,047 INFO  server.RaftServerConfigKeys (ConfUtils.java:logGet(43)) - raft.server.log.force.sync.num = 128 (default)
2019-07-14 16:32:52,048 INFO  impl.RoleInfo (RoleInfo.java:updateAndGet(143)) - 3ba554fc-5326-4e7e-b3cf-8a138092dbfd: start FollowerState
2019-07-14 16:32:52,048 INFO  impl.RoleInfo (RoleInfo.java:updateAndGet(143)) - 6c4be139-c8d3-4895-8303-7b4f9222f802: start FollowerState
2019-07-14 16:32:52,048 INFO  server.RaftServerConfigKeys (ConfUtils.java:logGet(43)) - raft.server.log.statemachine.data.sync = true (default)
2019-07-14 16:32:52,049 INFO  util.JmxRegister (JmxRegister.java:tryRegister(44)) - Successfully registered JMX Bean with object name Ratis:service=RaftServer,group=group-0008BAFEECAE,id=3ba554fc-5326-4e7e-b3cf-8a138092dbfd
2019-07-14 16:32:52,049 INFO  util.JmxRegister (JmxRegister.java:tryRegister(44)) - Successfully registered JMX Bean with object name Ratis:service=RaftServer,group=group-0008BAFEECAE,id=6c4be139-c8d3-4895-8303-7b4f9222f802
2019-07-14 16:32:52,049 INFO  server.RaftServerConfigKeys (ConfUtils.java:logGet(43)) - raft.server.log.statemachine.data.sync.timeout = 10s (default)
2019-07-14 16:32:52,049 INFO  server.RaftServerConfigKeys (ConfUtils.java:logGet(43)) - raft.server.log.statemachine.data.sync.timeout.retry = -1 (default)
2019-07-14 16:32:52,049 INFO  server.RaftServerConfigKeys (ConfUtils.java:logGet(43)) - raft.server.log.statemachine.data.caching.enabled = true (custom)
2019-07-14 16:32:52,050 INFO  segmented.SegmentedRaftLogWorker (SegmentedRaftLogWorker.java:lambda$new$0(132)) - 66ff6589-2641-42bd-b340-7b521dc7dda0-SegmentedRaftLogWorker:Storage Directory /workdir/hadoop-ozone/integration-test/target/test-dir/MiniOzoneClusterImpl-572d971c-223f-4c43-9a1b-19e82311a99c/datanode-5/data/ratis/ca6e9e69-ece3-4377-9df1-0008bafeecae: flushIndex: setUnconditionally 0 -> -1
2019-07-14 16:32:52,050 INFO  server.RaftServerConfigKeys (ConfUtils.java:logGet(43)) - raft.server.snapshot.auto.trigger.enabled = true (custom)
2019-07-14 16:32:52,050 INFO  server.RaftServerConfigKeys (ConfUtils.java:logGet(43)) - raft.server.snapshot.auto.trigger.threshold = 10000 (custom)
2019-07-14 16:32:52,051 INFO  server.RaftServerConfigKeys (ConfUtils.java:logGet(43)) - raft.server.retrycache.expirytime = 600000ms (custom)
2019-07-14 16:32:52,051 INFO  impl.RaftServerImpl (RaftServerImpl.java:start(180)) - 66ff6589-2641-42bd-b340-7b521dc7dda0: start group-0008BAFEECAE
2019-07-14 16:32:52,051 INFO  impl.RaftServerImpl (RaftServerImpl.java:setRole(171)) - 66ff6589-2641-42bd-b340-7b521dc7dda0:group-0008BAFEECAE changes role from null to FOLLOWER at term 0 for startAsFollower
2019-07-14 16:32:52,051 INFO  impl.RoleInfo (RoleInfo.java:updateAndGet(143)) - 66ff6589-2641-42bd-b340-7b521dc7dda0: start FollowerState
2019-07-14 16:32:52,051 INFO  util.JmxRegister (JmxRegister.java:tryRegister(44)) - Successfully registered JMX Bean with object name Ratis:service=RaftServer,group=group-0008BAFEECAE,id=66ff6589-2641-42bd-b340-7b521dc7dda0
2019-07-14 16:32:52,053 INFO  pipeline.PipelineStateManager (PipelineStateManager.java:addPipeline(56)) - Created pipeline Pipeline[ Id: ca6e9e69-ece3-4377-9df1-0008bafeecae, Nodes: 3ba554fc-5326-4e7e-b3cf-8a138092dbfd{ip: 192.168.69.77, host: pr-hdds-1710-5x6jb-1204890111, networkLocation: /default-rack, certSerialId: null}6c4be139-c8d3-4895-8303-7b4f9222f802{ip: 192.168.69.77, host: pr-hdds-1710-5x6jb-1204890111, networkLocation: /default-rack, certSerialId: null}66ff6589-2641-42bd-b340-7b521dc7dda0{ip: 192.168.69.77, host: pr-hdds-1710-5x6jb-1204890111, networkLocation: /default-rack, certSerialId: null}, Type:RATIS, Factor:THREE, State:OPEN]
2019-07-14 16:32:52,126 INFO  ozone.MiniOzoneClusterImpl (MiniOzoneClusterImpl.java:lambda$waitForClusterToBeReady$0(142)) - Waiting for cluster to be ready. Got 6 of 7 DN Heartbeats.
2019-07-14 16:32:52,129 INFO  node.SCMNodeManager (SCMNodeManager.java:register(269)) - Registered Data node : e8393335-3568-408e-8ae6-3111d1cac025{ip: 192.168.69.77, host: pr-hdds-1710-5x6jb-1204890111, networkLocation: /default-rack, certSerialId: null}
2019-07-14 16:32:52,136 INFO  impl.RaftServerProxy (RaftServerProxy.java:addNew(89)) - e8393335-3568-408e-8ae6-3111d1cac025: addNew group-ECB822D1C6C2:[e8393335-3568-408e-8ae6-3111d1cac025:192.168.69.77:42410] returns group-ECB822D1C6C2:java.util.concurrent.CompletableFuture@181db6fc[Not completed]
2019-07-14 16:32:52,137 INFO  impl.RaftServerImpl (RaftServerImpl.java:<init>(93)) - e8393335-3568-408e-8ae6-3111d1cac025: new RaftServerImpl for group-ECB822D1C6C2:[e8393335-3568-408e-8ae6-3111d1cac025:192.168.69.77:42410] with ContainerStateMachine:uninitialized
2019-07-14 16:32:52,137 INFO  server.RaftServerConfigKeys (ConfUtils.java:logGet(43)) - raft.server.rpc.timeout.min = 5s (custom)
2019-07-14 16:32:52,137 INFO  server.RaftServerConfigKeys (ConfUtils.java:logGet(43)) - raft.server.rpc.timeout.max = 5200ms (custom)
2019-07-14 16:32:52,137 INFO  server.RaftServerConfigKeys (ConfUtils.java:logGet(43)) - raft.server.rpcslowness.timeout = 120s (custom)
2019-07-14 16:32:52,138 INFO  server.RaftServerConfigKeys (ConfUtils.java:logGet(43)) - raft.server.sleep.deviation.threshold = 300 (default)
2019-07-14 16:32:52,138 INFO  server.RaftServerConfigKeys (ConfUtils.java:logGet(43)) - raft.server.log.appender.install.snapshot.enabled = false (custom)
2019-07-14 16:32:52,138 INFO  impl.RaftServerImpl (ServerState.java:<init>(105)) - e8393335-3568-408e-8ae6-3111d1cac025:group-ECB822D1C6C2 ConfigurationManager, init=-1: [e8393335-3568-408e-8ae6-3111d1cac025:192.168.69.77:42410], old=null, confs=<EMPTY_MAP>
2019-07-14 16:32:52,138 INFO  server.RaftServerConfigKeys (ConfUtils.java:logGet(43)) - raft.server.storage.dir = [/workdir/hadoop-ozone/integration-test/target/test-dir/MiniOzoneClusterImpl-572d971c-223f-4c43-9a1b-19e82311a99c/datanode-6/data/ratis] (custom)
2019-07-14 16:32:52,138 INFO  storage.RaftStorageDirectory (RaftStorageDirectory.java:analyzeStorage(246)) - The storage directory /workdir/hadoop-ozone/integration-test/target/test-dir/MiniOzoneClusterImpl-572d971c-223f-4c43-9a1b-19e82311a99c/datanode-6/data/ratis/a8c363fd-d97e-4800-ae54-ecb822d1c6c2 does not exist. Creating ...
2019-07-14 16:32:52,152 INFO  storage.RaftStorageDirectory (RaftStorageDirectory.java:tryLock(328)) - Lock on /workdir/hadoop-ozone/integration-test/target/test-dir/MiniOzoneClusterImpl-572d971c-223f-4c43-9a1b-19e82311a99c/datanode-6/data/ratis/a8c363fd-d97e-4800-ae54-ecb822d1c6c2/in_use.lock acquired by nodename 13169@pr-hdds-1710-5x6jb-1204890111
2019-07-14 16:32:52,165 INFO  storage.RaftStorage (RaftStorage.java:format(72)) - Storage directory /workdir/hadoop-ozone/integration-test/target/test-dir/MiniOzoneClusterImpl-572d971c-223f-4c43-9a1b-19e82311a99c/datanode-6/data/ratis/a8c363fd-d97e-4800-ae54-ecb822d1c6c2 has been successfully formatted.
2019-07-14 16:32:52,165 INFO  ratis.ContainerStateMachine (ContainerStateMachine.java:loadSnapshot(200)) - The snapshot info is null.Setting the last applied index to:(t:0, i:~)
2019-07-14 16:32:52,165 INFO  server.RaftServerConfigKeys (ConfUtils.java:logGet(43)) - raft.server.leader.election.timeout = 120s (custom)
2019-07-14 16:32:52,165 INFO  server.RaftServerConfigKeys (ConfUtils.java:logGet(43)) - raft.server.log.use.memory = false (default)
2019-07-14 16:32:52,166 INFO  server.RaftServerConfigKeys (ConfUtils.java:logGet(43)) - raft.server.log.purge.gap = 1000000000 (custom)
2019-07-14 16:32:52,166 INFO  server.RaftServerConfigKeys (ConfUtils.java:logGet(43)) - raft.server.log.appender.buffer.byte-limit = 33554432 (custom)
2019-07-14 16:32:52,166 INFO  server.RaftServerConfigKeys (ConfUtils.java:logGet(43)) - raft.server.log.segment.size.max = 1048576 (custom)
2019-07-14 16:32:52,166 INFO  server.RaftServerConfigKeys (ConfUtils.java:logGet(43)) - raft.server.log.segment.cache.num.max = 2 (custom)
2019-07-14 16:32:52,166 INFO  segmented.SegmentedRaftLogWorker (SegmentedRaftLogWorker.java:<init>(172)) - new e8393335-3568-408e-8ae6-3111d1cac025-SegmentedRaftLogWorker:Storage Directory /workdir/hadoop-ozone/integration-test/target/test-dir/MiniOzoneClusterImpl-572d971c-223f-4c43-9a1b-19e82311a99c/datanode-6/data/ratis/a8c363fd-d97e-4800-ae54-ecb822d1c6c2 for RaftStorage:Storage Directory /workdir/hadoop-ozone/integration-test/target/test-dir/MiniOzoneClusterImpl-572d971c-223f-4c43-9a1b-19e82311a99c/datanode-6/data/ratis/a8c363fd-d97e-4800-ae54-ecb822d1c6c2
2019-07-14 16:32:52,166 INFO  server.RaftServerConfigKeys (ConfUtils.java:logGet(43)) - raft.server.log.queue.byte-limit = 2147483647 (custom)
2019-07-14 16:32:52,166 INFO  server.RaftServerConfigKeys (ConfUtils.java:logGet(43)) - raft.server.log.queue.element-limit = 1024 (custom)
2019-07-14 16:32:52,167 INFO  server.RaftServerConfigKeys (ConfUtils.java:logGet(43)) - raft.server.log.segment.size.max = 1048576 (custom)
2019-07-14 16:32:52,167 INFO  server.RaftServerConfigKeys (ConfUtils.java:logGet(43)) - raft.server.log.preallocated.size = 16384 (custom)
2019-07-14 16:32:52,167 INFO  server.RaftServerConfigKeys (ConfUtils.java:logGet(43)) - raft.server.log.write.buffer.size = 33554432 (custom)
2019-07-14 16:32:52,167 INFO  server.RaftServerConfigKeys (ConfUtils.java:logGet(43)) - raft.server.log.force.sync.num = 128 (default)
2019-07-14 16:32:52,167 INFO  server.RaftServerConfigKeys (ConfUtils.java:logGet(43)) - raft.server.log.statemachine.data.sync = true (default)
2019-07-14 16:32:52,167 INFO  server.RaftServerConfigKeys (ConfUtils.java:logGet(43)) - raft.server.log.statemachine.data.sync.timeout = 10s (default)
2019-07-14 16:32:52,168 INFO  server.RaftServerConfigKeys (ConfUtils.java:logGet(43)) - raft.server.log.statemachine.data.sync.timeout.retry = -1 (default)
2019-07-14 16:32:52,168 INFO  server.RaftServerConfigKeys (ConfUtils.java:logGet(43)) - raft.server.log.statemachine.data.caching.enabled = true (custom)
2019-07-14 16:32:52,168 INFO  segmented.SegmentedRaftLogWorker (SegmentedRaftLogWorker.java:lambda$new$0(132)) - e8393335-3568-408e-8ae6-3111d1cac025-SegmentedRaftLogWorker:Storage Directory /workdir/hadoop-ozone/integration-test/target/test-dir/MiniOzoneClusterImpl-572d971c-223f-4c43-9a1b-19e82311a99c/datanode-6/data/ratis/a8c363fd-d97e-4800-ae54-ecb822d1c6c2: flushIndex: setUnconditionally 0 -> -1
2019-07-14 16:32:52,169 INFO  server.RaftServerConfigKeys (ConfUtils.java:logGet(43)) - raft.server.snapshot.auto.trigger.enabled = true (custom)
2019-07-14 16:32:52,169 INFO  server.RaftServerConfigKeys (ConfUtils.java:logGet(43)) - raft.server.snapshot.auto.trigger.threshold = 10000 (custom)
2019-07-14 16:32:52,169 INFO  server.RaftServerConfigKeys (ConfUtils.java:logGet(43)) - raft.server.retrycache.expirytime = 600000ms (custom)
2019-07-14 16:32:52,169 INFO  impl.RaftServerImpl (RaftServerImpl.java:start(180)) - e8393335-3568-408e-8ae6-3111d1cac025: start group-ECB822D1C6C2
2019-07-14 16:32:52,169 INFO  impl.RaftServerImpl (RaftServerImpl.java:setRole(171)) - e8393335-3568-408e-8ae6-3111d1cac025:group-ECB822D1C6C2 changes role from null to FOLLOWER at term 0 for startAsFollower
2019-07-14 16:32:52,169 INFO  impl.RoleInfo (RoleInfo.java:updateAndGet(143)) - e8393335-3568-408e-8ae6-3111d1cac025: start FollowerState
2019-07-14 16:32:52,170 INFO  util.JmxRegister (JmxRegister.java:tryRegister(44)) - Successfully registered JMX Bean with object name Ratis:service=RaftServer,group=group-ECB822D1C6C2,id=e8393335-3568-408e-8ae6-3111d1cac025
2019-07-14 16:32:52,172 INFO  pipeline.PipelineStateManager (PipelineStateManager.java:addPipeline(56)) - Created pipeline Pipeline[ Id: a8c363fd-d97e-4800-ae54-ecb822d1c6c2, Nodes: e8393335-3568-408e-8ae6-3111d1cac025{ip: 192.168.69.77, host: pr-hdds-1710-5x6jb-1204890111, networkLocation: /default-rack, certSerialId: null}, Type:RATIS, Factor:ONE, State:OPEN]
2019-07-14 16:32:53,127 INFO  ozone.MiniOzoneClusterImpl (MiniOzoneClusterImpl.java:lambda$waitForClusterToBeReady$0(142)) - Cluster is ready. Got 7 of 7 DN Heartbeats.
2019-07-14 16:32:53,163 INFO  rpc.RpcClient (RpcClient.java:createVolume(287)) - Creating Volume: testblockoutputstream, with jenkins1000 as owner.
2019-07-14 16:32:53,180 INFO  rpc.RpcClient (RpcClient.java:createBucket(424)) - Creating Bucket: testblockoutputstream/testblockoutputstream, with Versioning false and Storage Type set to DISK and Encryption set to false 
2019-07-14 16:32:53,213 INFO  client.GrpcClientProtocolClient (GrpcClientProtocolClient.java:onNext(255)) - client-8765D9B7F8AD->3ba554fc-5326-4e7e-b3cf-8a138092dbfd: receive RaftClientReply:client-8765D9B7F8AD->3ba554fc-5326-4e7e-b3cf-8a138092dbfd@group-0008BAFEECAE, cid=213, FAILED org.apache.ratis.protocol.NotLeaderException: Server 3ba554fc-5326-4e7e-b3cf-8a138092dbfd is not the leader (null). Request must be sent to leader., logIndex=0, commits[3ba554fc-5326-4e7e-b3cf-8a138092dbfd:c-1]
2019-07-14 16:32:53,894 INFO  container.ReplicationManager (ReplicationManager.java:start(155)) - Starting Replication Monitor Thread.
2019-07-14 16:32:53,899 INFO  container.ReplicationManager (ReplicationManager.java:run(207)) - Replication Monitor Thread took 1 milliseconds for processing 1 containers.
2019-07-14 16:32:54,236 INFO  client.GrpcClientProtocolClient (GrpcClientProtocolClient.java:onNext(255)) - client-8765D9B7F8AD->6c4be139-c8d3-4895-8303-7b4f9222f802: receive RaftClientReply:client-8765D9B7F8AD->6c4be139-c8d3-4895-8303-7b4f9222f802@group-0008BAFEECAE, cid=213, FAILED org.apache.ratis.protocol.NotLeaderException: Server 6c4be139-c8d3-4895-8303-7b4f9222f802 is not the leader (null). Request must be sent to leader., logIndex=0, commits[6c4be139-c8d3-4895-8303-7b4f9222f802:c-1]
2019-07-14 16:32:55,249 INFO  client.GrpcClientProtocolClient (GrpcClientProtocolClient.java:onNext(255)) - client-8765D9B7F8AD->66ff6589-2641-42bd-b340-7b521dc7dda0: receive RaftClientReply:client-8765D9B7F8AD->66ff6589-2641-42bd-b340-7b521dc7dda0@group-0008BAFEECAE, cid=213, FAILED org.apache.ratis.protocol.NotLeaderException: Server 66ff6589-2641-42bd-b340-7b521dc7dda0 is not the leader (null). Request must be sent to leader., logIndex=0, commits[66ff6589-2641-42bd-b340-7b521dc7dda0:c-1]
2019-07-14 16:32:56,088 INFO  impl.FollowerState (FollowerState.java:run(106)) - 719267b4-00f2-4039-b624-c5708ff59bf3:group-D5568D56880B changes to CANDIDATE, lastRpcTime:5150, electionTimeout:5150ms
2019-07-14 16:32:56,088 INFO  impl.RoleInfo (RoleInfo.java:shutdownFollowerState(121)) - 719267b4-00f2-4039-b624-c5708ff59bf3: shutdown FollowerState
2019-07-14 16:32:56,088 INFO  impl.RaftServerImpl (RaftServerImpl.java:setRole(171)) - 719267b4-00f2-4039-b624-c5708ff59bf3:group-D5568D56880B changes role from FOLLOWER to CANDIDATE at term 0 for changeToCandidate
2019-07-14 16:32:56,088 INFO  impl.RoleInfo (RoleInfo.java:updateAndGet(143)) - 719267b4-00f2-4039-b624-c5708ff59bf3: start LeaderElection
2019-07-14 16:32:56,112 INFO  impl.LeaderElection (LeaderElection.java:askForVotes(181)) - 719267b4-00f2-4039-b624-c5708ff59bf3:group-D5568D56880B:LeaderElection77: begin an election at term 1 for -1: [719267b4-00f2-4039-b624-c5708ff59bf3:192.168.69.77:33833], old=null
2019-07-14 16:32:56,112 INFO  impl.RoleInfo (RoleInfo.java:shutdownLeaderElection(134)) - 719267b4-00f2-4039-b624-c5708ff59bf3: shutdown LeaderElection
2019-07-14 16:32:56,112 INFO  impl.RaftServerImpl (RaftServerImpl.java:setRole(171)) - 719267b4-00f2-4039-b624-c5708ff59bf3:group-D5568D56880B changes role from CANDIDATE to LEADER at term 1 for changeToLeader
2019-07-14 16:32:56,112 INFO  impl.RaftServerImpl (ServerState.java:setLeader(263)) - 719267b4-00f2-4039-b624-c5708ff59bf3:group-D5568D56880B change Leader from null to 719267b4-00f2-4039-b624-c5708ff59bf3 at term 1 for becomeLeader, leader elected after 5180ms
2019-07-14 16:32:56,115 INFO  server.RaftServerConfigKeys (ConfUtils.java:logGet(43)) - raft.server.staging.catchup.gap = 1000 (default)
2019-07-14 16:32:56,115 INFO  server.RaftServerConfigKeys (ConfUtils.java:logGet(43)) - raft.server.rpc.sleep.time = 25ms (default)
2019-07-14 16:32:56,115 INFO  server.RaftServerConfigKeys (ConfUtils.java:logGet(43)) - raft.server.write.element-limit = 4096 (default)
2019-07-14 16:32:56,116 INFO  server.RaftServerConfigKeys (ConfUtils.java:logGet(43)) - raft.server.watch.timeout = 10s (default)
2019-07-14 16:32:56,116 INFO  server.RaftServerConfigKeys (ConfUtils.java:logGet(43)) - raft.server.watch.timeout.denomination = 1s (default)
2019-07-14 16:32:56,116 INFO  server.RaftServerConfigKeys (ConfUtils.java:logGet(43)) - raft.server.watch.element-limit = 65536 (default)
2019-07-14 16:32:56,116 INFO  impl.RoleInfo (RoleInfo.java:updateAndGet(143)) - 719267b4-00f2-4039-b624-c5708ff59bf3: start LeaderState
2019-07-14 16:32:56,117 INFO  segmented.SegmentedRaftLogWorker (SegmentedRaftLogWorker.java:startLogSegment(380)) - 719267b4-00f2-4039-b624-c5708ff59bf3-SegmentedRaftLogWorker:Storage Directory /workdir/hadoop-ozone/integration-test/target/test-dir/MiniOzoneClusterImpl-572d971c-223f-4c43-9a1b-19e82311a99c/datanode-0/data/ratis/2fdfd19d-cb96-4370-81fc-d5568d56880b: Starting segment from index:0
2019-07-14 16:32:56,117 INFO  impl.RaftServerImpl (ServerState.java:setRaftConf(361)) - 719267b4-00f2-4039-b624-c5708ff59bf3:group-D5568D56880B set configuration 0: [719267b4-00f2-4039-b624-c5708ff59bf3:192.168.69.77:33833], old=null at 0
2019-07-14 16:32:56,139 INFO  impl.FollowerState (FollowerState.java:run(106)) - 444d8768-562b-4bdf-aff2-e99e646a3934:group-6B520E4F56AE changes to CANDIDATE, lastRpcTime:5023, electionTimeout:5023ms
2019-07-14 16:32:56,139 INFO  impl.RoleInfo (RoleInfo.java:shutdownFollowerState(121)) - 444d8768-562b-4bdf-aff2-e99e646a3934: shutdown FollowerState
2019-07-14 16:32:56,139 INFO  impl.RaftServerImpl (RaftServerImpl.java:setRole(171)) - 444d8768-562b-4bdf-aff2-e99e646a3934:group-6B520E4F56AE changes role from FOLLOWER to CANDIDATE at term 0 for changeToCandidate
2019-07-14 16:32:56,139 INFO  impl.RoleInfo (RoleInfo.java:updateAndGet(143)) - 444d8768-562b-4bdf-aff2-e99e646a3934: start LeaderElection
2019-07-14 16:32:56,155 INFO  segmented.SegmentedRaftLogWorker (SegmentedRaftLogWorker.java:execute(569)) - 719267b4-00f2-4039-b624-c5708ff59bf3-SegmentedRaftLogWorker:Storage Directory /workdir/hadoop-ozone/integration-test/target/test-dir/MiniOzoneClusterImpl-572d971c-223f-4c43-9a1b-19e82311a99c/datanode-0/data/ratis/2fdfd19d-cb96-4370-81fc-d5568d56880b: created new log segment /workdir/hadoop-ozone/integration-test/target/test-dir/MiniOzoneClusterImpl-572d971c-223f-4c43-9a1b-19e82311a99c/datanode-0/data/ratis/2fdfd19d-cb96-4370-81fc-d5568d56880b/current/log_inprogress_0
2019-07-14 16:32:56,173 INFO  impl.LeaderElection (LeaderElection.java:askForVotes(181)) - 444d8768-562b-4bdf-aff2-e99e646a3934:group-6B520E4F56AE:LeaderElection78: begin an election at term 1 for -1: [444d8768-562b-4bdf-aff2-e99e646a3934:192.168.69.77:40777], old=null
2019-07-14 16:32:56,173 INFO  impl.RoleInfo (RoleInfo.java:shutdownLeaderElection(134)) - 444d8768-562b-4bdf-aff2-e99e646a3934: shutdown LeaderElection
2019-07-14 16:32:56,173 INFO  impl.RaftServerImpl (RaftServerImpl.java:setRole(171)) - 444d8768-562b-4bdf-aff2-e99e646a3934:group-6B520E4F56AE changes role from CANDIDATE to LEADER at term 1 for changeToLeader
2019-07-14 16:32:56,174 INFO  impl.RaftServerImpl (ServerState.java:setLeader(263)) - 444d8768-562b-4bdf-aff2-e99e646a3934:group-6B520E4F56AE change Leader from null to 444d8768-562b-4bdf-aff2-e99e646a3934 at term 1 for becomeLeader, leader elected after 5062ms
2019-07-14 16:32:56,176 INFO  server.RaftServerConfigKeys (ConfUtils.java:logGet(43)) - raft.server.staging.catchup.gap = 1000 (default)
2019-07-14 16:32:56,176 INFO  server.RaftServerConfigKeys (ConfUtils.java:logGet(43)) - raft.server.rpc.sleep.time = 25ms (default)
2019-07-14 16:32:56,176 INFO  server.RaftServerConfigKeys (ConfUtils.java:logGet(43)) - raft.server.write.element-limit = 4096 (default)
2019-07-14 16:32:56,176 INFO  server.RaftServerConfigKeys (ConfUtils.java:logGet(43)) - raft.server.watch.timeout = 10s (default)
2019-07-14 16:32:56,176 INFO  server.RaftServerConfigKeys (ConfUtils.java:logGet(43)) - raft.server.watch.timeout.denomination = 1s (default)
2019-07-14 16:32:56,177 INFO  server.RaftServerConfigKeys (ConfUtils.java:logGet(43)) - raft.server.watch.element-limit = 65536 (default)
2019-07-14 16:32:56,177 INFO  impl.RoleInfo (RoleInfo.java:updateAndGet(143)) - 444d8768-562b-4bdf-aff2-e99e646a3934: start LeaderState
2019-07-14 16:32:56,177 INFO  segmented.SegmentedRaftLogWorker (SegmentedRaftLogWorker.java:startLogSegment(380)) - 444d8768-562b-4bdf-aff2-e99e646a3934-SegmentedRaftLogWorker:Storage Directory /workdir/hadoop-ozone/integration-test/target/test-dir/MiniOzoneClusterImpl-572d971c-223f-4c43-9a1b-19e82311a99c/datanode-1/data/ratis/a39b7487-ac91-4f82-bc09-6b520e4f56ae: Starting segment from index:0
2019-07-14 16:32:56,178 INFO  impl.RaftServerImpl (ServerState.java:setRaftConf(361)) - 444d8768-562b-4bdf-aff2-e99e646a3934:group-6B520E4F56AE set configuration 0: [444d8768-562b-4bdf-aff2-e99e646a3934:192.168.69.77:40777], old=null at 0
2019-07-14 16:32:56,209 INFO  segmented.SegmentedRaftLogWorker (SegmentedRaftLogWorker.java:execute(569)) - 444d8768-562b-4bdf-aff2-e99e646a3934-SegmentedRaftLogWorker:Storage Directory /workdir/hadoop-ozone/integration-test/target/test-dir/MiniOzoneClusterImpl-572d971c-223f-4c43-9a1b-19e82311a99c/datanode-1/data/ratis/a39b7487-ac91-4f82-bc09-6b520e4f56ae: created new log segment /workdir/hadoop-ozone/integration-test/target/test-dir/MiniOzoneClusterImpl-572d971c-223f-4c43-9a1b-19e82311a99c/datanode-1/data/ratis/a39b7487-ac91-4f82-bc09-6b520e4f56ae/current/log_inprogress_0
2019-07-14 16:32:56,258 INFO  client.GrpcClientProtocolClient (GrpcClientProtocolClient.java:onNext(255)) - client-8765D9B7F8AD->6c4be139-c8d3-4895-8303-7b4f9222f802: receive RaftClientReply:client-8765D9B7F8AD->6c4be139-c8d3-4895-8303-7b4f9222f802@group-0008BAFEECAE, cid=213, FAILED org.apache.ratis.protocol.NotLeaderException: Server 6c4be139-c8d3-4895-8303-7b4f9222f802 is not the leader (null). Request must be sent to leader., logIndex=0, commits[6c4be139-c8d3-4895-8303-7b4f9222f802:c-1]
2019-07-14 16:32:56,420 INFO  impl.FollowerState (FollowerState.java:run(106)) - 719267b4-00f2-4039-b624-c5708ff59bf3:group-F1A6E7277F7A changes to CANDIDATE, lastRpcTime:5077, electionTimeout:5077ms
2019-07-14 16:32:56,420 INFO  impl.RoleInfo (RoleInfo.java:shutdownFollowerState(121)) - 719267b4-00f2-4039-b624-c5708ff59bf3: shutdown FollowerState
2019-07-14 16:32:56,420 INFO  impl.RaftServerImpl (RaftServerImpl.java:setRole(171)) - 719267b4-00f2-4039-b624-c5708ff59bf3:group-F1A6E7277F7A changes role from FOLLOWER to CANDIDATE at term 0 for changeToCandidate
2019-07-14 16:32:56,420 INFO  impl.RoleInfo (RoleInfo.java:updateAndGet(143)) - 719267b4-00f2-4039-b624-c5708ff59bf3: start LeaderElection
2019-07-14 16:32:56,438 INFO  impl.LeaderElection (LeaderElection.java:askForVotes(181)) - 719267b4-00f2-4039-b624-c5708ff59bf3:group-F1A6E7277F7A:LeaderElection79: begin an election at term 1 for -1: [719267b4-00f2-4039-b624-c5708ff59bf3:192.168.69.77:33833, 444d8768-562b-4bdf-aff2-e99e646a3934:192.168.69.77:40777, 87ab9341-f0cd-46be-b6ed-3911fae33a21:192.168.69.77:45093], old=null
2019-07-14 16:32:56,444 INFO  impl.RaftServerImpl (RaftServerImpl.java:setRole(171)) - 444d8768-562b-4bdf-aff2-e99e646a3934:group-F1A6E7277F7A changes role from FOLLOWER to FOLLOWER at term 1 for recognizeCandidate:719267b4-00f2-4039-b624-c5708ff59bf3
2019-07-14 16:32:56,447 INFO  impl.FollowerState (FollowerState.java:run(106)) - 87ab9341-f0cd-46be-b6ed-3911fae33a21:group-5D864B36F920 changes to CANDIDATE, lastRpcTime:5158, electionTimeout:5156ms
2019-07-14 16:32:56,447 INFO  impl.RaftServerImpl (RaftServerImpl.java:setRole(171)) - 87ab9341-f0cd-46be-b6ed-3911fae33a21:group-F1A6E7277F7A changes role from FOLLOWER to FOLLOWER at term 1 for recognizeCandidate:719267b4-00f2-4039-b624-c5708ff59bf3
2019-07-14 16:32:56,447 INFO  impl.RoleInfo (RoleInfo.java:shutdownFollowerState(121)) - 87ab9341-f0cd-46be-b6ed-3911fae33a21: shutdown FollowerState
2019-07-14 16:32:56,447 INFO  impl.RaftServerImpl (RaftServerImpl.java:setRole(171)) - 87ab9341-f0cd-46be-b6ed-3911fae33a21:group-5D864B36F920 changes role from FOLLOWER to CANDIDATE at term 0 for changeToCandidate
2019-07-14 16:32:56,447 INFO  impl.RoleInfo (RoleInfo.java:shutdownFollowerState(121)) - 444d8768-562b-4bdf-aff2-e99e646a3934: shutdown FollowerState
2019-07-14 16:32:56,447 INFO  impl.RoleInfo (RoleInfo.java:updateAndGet(143)) - 87ab9341-f0cd-46be-b6ed-3911fae33a21: start LeaderElection
2019-07-14 16:32:56,447 INFO  impl.RoleInfo (RoleInfo.java:shutdownFollowerState(121)) - 87ab9341-f0cd-46be-b6ed-3911fae33a21: shutdown FollowerState
2019-07-14 16:32:56,448 INFO  impl.RoleInfo (RoleInfo.java:updateAndGet(143)) - 444d8768-562b-4bdf-aff2-e99e646a3934: start FollowerState
2019-07-14 16:32:56,448 INFO  impl.FollowerState (FollowerState.java:run(114)) - 87ab9341-f0cd-46be-b6ed-3911fae33a21: FollowerState was interrupted: java.lang.InterruptedException: sleep interrupted
2019-07-14 16:32:56,448 INFO  impl.RoleInfo (RoleInfo.java:updateAndGet(143)) - 87ab9341-f0cd-46be-b6ed-3911fae33a21: start FollowerState
2019-07-14 16:32:56,467 INFO  impl.LeaderElection (LeaderElection.java:askForVotes(181)) - 87ab9341-f0cd-46be-b6ed-3911fae33a21:group-5D864B36F920:LeaderElection80: begin an election at term 1 for -1: [87ab9341-f0cd-46be-b6ed-3911fae33a21:192.168.69.77:45093], old=null
2019-07-14 16:32:56,467 INFO  impl.RoleInfo (RoleInfo.java:shutdownLeaderElection(134)) - 87ab9341-f0cd-46be-b6ed-3911fae33a21: shutdown LeaderElection
2019-07-14 16:32:56,467 INFO  impl.RaftServerImpl (RaftServerImpl.java:setRole(171)) - 87ab9341-f0cd-46be-b6ed-3911fae33a21:group-5D864B36F920 changes role from CANDIDATE to LEADER at term 1 for changeToLeader
2019-07-14 16:32:56,467 INFO  impl.RaftServerImpl (ServerState.java:setLeader(263)) - 87ab9341-f0cd-46be-b6ed-3911fae33a21:group-5D864B36F920 change Leader from null to 87ab9341-f0cd-46be-b6ed-3911fae33a21 at term 1 for becomeLeader, leader elected after 5182ms
2019-07-14 16:32:56,469 INFO  server.RaftServerConfigKeys (ConfUtils.java:logGet(43)) - raft.server.staging.catchup.gap = 1000 (default)
2019-07-14 16:32:56,470 INFO  impl.LeaderElection (LeaderElection.java:logAndReturn(56)) - 719267b4-00f2-4039-b624-c5708ff59bf3:group-F1A6E7277F7A:LeaderElection79: Election PASSED; received 1 response(s) [719267b4-00f2-4039-b624-c5708ff59bf3<-444d8768-562b-4bdf-aff2-e99e646a3934#0:OK-t1] and 0 exception(s); 719267b4-00f2-4039-b624-c5708ff59bf3:t1, leader=null, voted=719267b4-00f2-4039-b624-c5708ff59bf3, raftlog=719267b4-00f2-4039-b624-c5708ff59bf3-SegmentedRaftLog:OPENED:c-1,f-1,i0, conf=-1: [719267b4-00f2-4039-b624-c5708ff59bf3:192.168.69.77:33833, 444d8768-562b-4bdf-aff2-e99e646a3934:192.168.69.77:40777, 87ab9341-f0cd-46be-b6ed-3911fae33a21:192.168.69.77:45093], old=null
2019-07-14 16:32:56,470 INFO  server.RaftServerConfigKeys (ConfUtils.java:logGet(43)) - raft.server.rpc.sleep.time = 25ms (default)
2019-07-14 16:32:56,470 INFO  impl.RoleInfo (RoleInfo.java:shutdownLeaderElection(134)) - 719267b4-00f2-4039-b624-c5708ff59bf3: shutdown LeaderElection
2019-07-14 16:32:56,470 INFO  server.RaftServerConfigKeys (ConfUtils.java:logGet(43)) - raft.server.write.element-limit = 4096 (default)
2019-07-14 16:32:56,470 INFO  impl.RaftServerImpl (RaftServerImpl.java:setRole(171)) - 719267b4-00f2-4039-b624-c5708ff59bf3:group-F1A6E7277F7A changes role from CANDIDATE to LEADER at term 1 for changeToLeader
2019-07-14 16:32:56,470 INFO  server.RaftServerConfigKeys (ConfUtils.java:logGet(43)) - raft.server.watch.timeout = 10s (default)
2019-07-14 16:32:56,470 INFO  impl.RaftServerImpl (ServerState.java:setLeader(263)) - 719267b4-00f2-4039-b624-c5708ff59bf3:group-F1A6E7277F7A change Leader from null to 719267b4-00f2-4039-b624-c5708ff59bf3 at term 1 for becomeLeader, leader elected after 5134ms
2019-07-14 16:32:56,470 INFO  server.RaftServerConfigKeys (ConfUtils.java:logGet(43)) - raft.server.watch.timeout.denomination = 1s (default)
2019-07-14 16:32:56,471 INFO  server.RaftServerConfigKeys (ConfUtils.java:logGet(43)) - raft.server.staging.catchup.gap = 1000 (default)
2019-07-14 16:32:56,471 INFO  server.RaftServerConfigKeys (ConfUtils.java:logGet(43)) - raft.server.watch.element-limit = 65536 (default)
2019-07-14 16:32:56,471 INFO  server.RaftServerConfigKeys (ConfUtils.java:logGet(43)) - raft.server.rpc.sleep.time = 25ms (default)
2019-07-14 16:32:56,471 INFO  server.RaftServerConfigKeys (ConfUtils.java:logGet(43)) - raft.server.write.element-limit = 4096 (default)
2019-07-14 16:32:56,471 INFO  impl.RoleInfo (RoleInfo.java:updateAndGet(143)) - 87ab9341-f0cd-46be-b6ed-3911fae33a21: start LeaderState
2019-07-14 16:32:56,471 INFO  server.RaftServerConfigKeys (ConfUtils.java:logGet(43)) - raft.server.watch.timeout = 10s (default)
2019-07-14 16:32:56,471 INFO  segmented.SegmentedRaftLogWorker (SegmentedRaftLogWorker.java:startLogSegment(380)) - 87ab9341-f0cd-46be-b6ed-3911fae33a21-SegmentedRaftLogWorker:Storage Directory /workdir/hadoop-ozone/integration-test/target/test-dir/MiniOzoneClusterImpl-572d971c-223f-4c43-9a1b-19e82311a99c/datanode-2/data/ratis/524a6789-2556-49a1-8879-5d864b36f920: Starting segment from index:0
2019-07-14 16:32:56,471 INFO  server.RaftServerConfigKeys (ConfUtils.java:logGet(43)) - raft.server.watch.timeout.denomination = 1s (default)
2019-07-14 16:32:56,472 INFO  server.RaftServerConfigKeys (ConfUtils.java:logGet(43)) - raft.server.watch.element-limit = 65536 (default)
2019-07-14 16:32:56,472 INFO  impl.RaftServerImpl (ServerState.java:setRaftConf(361)) - 87ab9341-f0cd-46be-b6ed-3911fae33a21:group-5D864B36F920 set configuration 0: [87ab9341-f0cd-46be-b6ed-3911fae33a21:192.168.69.77:45093], old=null at 0
2019-07-14 16:32:56,472 INFO  server.RaftServerConfigKeys (ConfUtils.java:logGet(43)) - raft.server.log.appender.snapshot.chunk.size.max = 16MB (=16777216) (default)
2019-07-14 16:32:56,472 INFO  server.RaftServerConfigKeys (ConfUtils.java:logGet(43)) - raft.server.log.appender.buffer.byte-limit = 33554432 (custom)
2019-07-14 16:32:56,473 INFO  server.RaftServerConfigKeys (ConfUtils.java:logGet(43)) - raft.server.log.appender.buffer.element-limit = 1 (custom)
2019-07-14 16:32:56,473 INFO  grpc.GrpcConfigKeys$Server (ConfUtils.java:logGet(43)) - raft.grpc.server.leader.outstanding.appends.max = 128 (default)
2019-07-14 16:32:56,473 INFO  server.RaftServerConfigKeys (ConfUtils.java:logGet(43)) - raft.server.rpc.request.timeout = 3000ms (default)
2019-07-14 16:32:56,473 INFO  server.RaftServerConfigKeys (ConfUtils.java:logGet(43)) - raft.server.log.appender.install.snapshot.enabled = false (custom)
2019-07-14 16:32:56,473 INFO  server.RaftServerConfigKeys (ConfUtils.java:logGet(43)) - raft.server.log.appender.snapshot.chunk.size.max = 16MB (=16777216) (default)
2019-07-14 16:32:56,473 INFO  server.RaftServerConfigKeys (ConfUtils.java:logGet(43)) - raft.server.log.appender.buffer.byte-limit = 33554432 (custom)
2019-07-14 16:32:56,474 INFO  server.RaftServerConfigKeys (ConfUtils.java:logGet(43)) - raft.server.log.appender.buffer.element-limit = 1 (custom)
2019-07-14 16:32:56,474 INFO  grpc.GrpcConfigKeys$Server (ConfUtils.java:logGet(43)) - raft.grpc.server.leader.outstanding.appends.max = 128 (default)
2019-07-14 16:32:56,474 INFO  server.RaftServerConfigKeys (ConfUtils.java:logGet(43)) - raft.server.rpc.request.timeout = 3000ms (default)
2019-07-14 16:32:56,474 INFO  server.RaftServerConfigKeys (ConfUtils.java:logGet(43)) - raft.server.log.appender.install.snapshot.enabled = false (custom)
2019-07-14 16:32:56,474 INFO  impl.RoleInfo (RoleInfo.java:updateAndGet(143)) - 719267b4-00f2-4039-b624-c5708ff59bf3: start LeaderState
2019-07-14 16:32:56,475 INFO  segmented.SegmentedRaftLogWorker (SegmentedRaftLogWorker.java:startLogSegment(380)) - 719267b4-00f2-4039-b624-c5708ff59bf3-SegmentedRaftLogWorker:Storage Directory /workdir/hadoop-ozone/integration-test/target/test-dir/MiniOzoneClusterImpl-572d971c-223f-4c43-9a1b-19e82311a99c/datanode-0/data/ratis/fd1ace41-c265-4ab3-8c7d-f1a6e7277f7a: Starting segment from index:0
2019-07-14 16:32:56,477 INFO  impl.RaftServerImpl (ServerState.java:setRaftConf(361)) - 719267b4-00f2-4039-b624-c5708ff59bf3:group-F1A6E7277F7A set configuration 0: [719267b4-00f2-4039-b624-c5708ff59bf3:192.168.69.77:33833, 444d8768-562b-4bdf-aff2-e99e646a3934:192.168.69.77:40777, 87ab9341-f0cd-46be-b6ed-3911fae33a21:192.168.69.77:45093], old=null at 0
2019-07-14 16:32:56,480 INFO  impl.RaftServerImpl (ServerState.java:setLeader(263)) - 444d8768-562b-4bdf-aff2-e99e646a3934:group-F1A6E7277F7A change Leader from null to 719267b4-00f2-4039-b624-c5708ff59bf3 at term 1 for appendEntries, leader elected after 5143ms
2019-07-14 16:32:56,506 INFO  impl.RaftServerImpl (ServerState.java:setLeader(263)) - 87ab9341-f0cd-46be-b6ed-3911fae33a21:group-F1A6E7277F7A change Leader from null to 719267b4-00f2-4039-b624-c5708ff59bf3 at term 1 for appendEntries, leader elected after 5169ms
2019-07-14 16:32:56,508 INFO  impl.RaftServerImpl (ServerState.java:setRaftConf(361)) - 444d8768-562b-4bdf-aff2-e99e646a3934:group-F1A6E7277F7A set configuration 0: [719267b4-00f2-4039-b624-c5708ff59bf3:192.168.69.77:33833, 444d8768-562b-4bdf-aff2-e99e646a3934:192.168.69.77:40777, 87ab9341-f0cd-46be-b6ed-3911fae33a21:192.168.69.77:45093], old=null at 0
2019-07-14 16:32:56,508 INFO  segmented.SegmentedRaftLogWorker (SegmentedRaftLogWorker.java:startLogSegment(380)) - 444d8768-562b-4bdf-aff2-e99e646a3934-SegmentedRaftLogWorker:Storage Directory /workdir/hadoop-ozone/integration-test/target/test-dir/MiniOzoneClusterImpl-572d971c-223f-4c43-9a1b-19e82311a99c/datanode-1/data/ratis/fd1ace41-c265-4ab3-8c7d-f1a6e7277f7a: Starting segment from index:0
2019-07-14 16:32:56,508 INFO  impl.RaftServerImpl (ServerState.java:setRaftConf(361)) - 87ab9341-f0cd-46be-b6ed-3911fae33a21:group-F1A6E7277F7A set configuration 0: [719267b4-00f2-4039-b624-c5708ff59bf3:192.168.69.77:33833, 444d8768-562b-4bdf-aff2-e99e646a3934:192.168.69.77:40777, 87ab9341-f0cd-46be-b6ed-3911fae33a21:192.168.69.77:45093], old=null at 0
2019-07-14 16:32:56,509 INFO  segmented.SegmentedRaftLogWorker (SegmentedRaftLogWorker.java:startLogSegment(380)) - 87ab9341-f0cd-46be-b6ed-3911fae33a21-SegmentedRaftLogWorker:Storage Directory /workdir/hadoop-ozone/integration-test/target/test-dir/MiniOzoneClusterImpl-572d971c-223f-4c43-9a1b-19e82311a99c/datanode-2/data/ratis/fd1ace41-c265-4ab3-8c7d-f1a6e7277f7a: Starting segment from index:0
2019-07-14 16:32:56,519 INFO  segmented.SegmentedRaftLogWorker (SegmentedRaftLogWorker.java:execute(569)) - 719267b4-00f2-4039-b624-c5708ff59bf3-SegmentedRaftLogWorker:Storage Directory /workdir/hadoop-ozone/integration-test/target/test-dir/MiniOzoneClusterImpl-572d971c-223f-4c43-9a1b-19e82311a99c/datanode-0/data/ratis/fd1ace41-c265-4ab3-8c7d-f1a6e7277f7a: created new log segment /workdir/hadoop-ozone/integration-test/target/test-dir/MiniOzoneClusterImpl-572d971c-223f-4c43-9a1b-19e82311a99c/datanode-0/data/ratis/fd1ace41-c265-4ab3-8c7d-f1a6e7277f7a/current/log_inprogress_0
2019-07-14 16:32:56,519 INFO  segmented.SegmentedRaftLogWorker (SegmentedRaftLogWorker.java:execute(569)) - 87ab9341-f0cd-46be-b6ed-3911fae33a21-SegmentedRaftLogWorker:Storage Directory /workdir/hadoop-ozone/integration-test/target/test-dir/MiniOzoneClusterImpl-572d971c-223f-4c43-9a1b-19e82311a99c/datanode-2/data/ratis/524a6789-2556-49a1-8879-5d864b36f920: created new log segment /workdir/hadoop-ozone/integration-test/target/test-dir/MiniOzoneClusterImpl-572d971c-223f-4c43-9a1b-19e82311a99c/datanode-2/data/ratis/524a6789-2556-49a1-8879-5d864b36f920/current/log_inprogress_0
2019-07-14 16:32:56,533 INFO  segmented.SegmentedRaftLogWorker (SegmentedRaftLogWorker.java:execute(569)) - 87ab9341-f0cd-46be-b6ed-3911fae33a21-SegmentedRaftLogWorker:Storage Directory /workdir/hadoop-ozone/integration-test/target/test-dir/MiniOzoneClusterImpl-572d971c-223f-4c43-9a1b-19e82311a99c/datanode-2/data/ratis/fd1ace41-c265-4ab3-8c7d-f1a6e7277f7a: created new log segment /workdir/hadoop-ozone/integration-test/target/test-dir/MiniOzoneClusterImpl-572d971c-223f-4c43-9a1b-19e82311a99c/datanode-2/data/ratis/fd1ace41-c265-4ab3-8c7d-f1a6e7277f7a/current/log_inprogress_0
2019-07-14 16:32:56,533 INFO  segmented.SegmentedRaftLogWorker (SegmentedRaftLogWorker.java:execute(569)) - 444d8768-562b-4bdf-aff2-e99e646a3934-SegmentedRaftLogWorker:Storage Directory /workdir/hadoop-ozone/integration-test/target/test-dir/MiniOzoneClusterImpl-572d971c-223f-4c43-9a1b-19e82311a99c/datanode-1/data/ratis/fd1ace41-c265-4ab3-8c7d-f1a6e7277f7a: created new log segment /workdir/hadoop-ozone/integration-test/target/test-dir/MiniOzoneClusterImpl-572d971c-223f-4c43-9a1b-19e82311a99c/datanode-1/data/ratis/fd1ace41-c265-4ab3-8c7d-f1a6e7277f7a/current/log_inprogress_0
2019-07-14 16:32:56,596 INFO  impl.FollowerState (FollowerState.java:run(106)) - 6c4be139-c8d3-4895-8303-7b4f9222f802:group-A0090CEDF3E6 changes to CANDIDATE, lastRpcTime:5137, electionTimeout:5137ms
2019-07-14 16:32:56,596 INFO  impl.RoleInfo (RoleInfo.java:shutdownFollowerState(121)) - 6c4be139-c8d3-4895-8303-7b4f9222f802: shutdown FollowerState
2019-07-14 16:32:56,596 INFO  impl.RaftServerImpl (RaftServerImpl.java:setRole(171)) - 6c4be139-c8d3-4895-8303-7b4f9222f802:group-A0090CEDF3E6 changes role from FOLLOWER to CANDIDATE at term 0 for changeToCandidate
2019-07-14 16:32:56,596 INFO  impl.RoleInfo (RoleInfo.java:updateAndGet(143)) - 6c4be139-c8d3-4895-8303-7b4f9222f802: start LeaderElection
2019-07-14 16:32:56,617 INFO  impl.LeaderElection (LeaderElection.java:askForVotes(181)) - 6c4be139-c8d3-4895-8303-7b4f9222f802:group-A0090CEDF3E6:LeaderElection81: begin an election at term 1 for -1: [6c4be139-c8d3-4895-8303-7b4f9222f802:192.168.69.77:43454], old=null
2019-07-14 16:32:56,617 INFO  impl.RoleInfo (RoleInfo.java:shutdownLeaderElection(134)) - 6c4be139-c8d3-4895-8303-7b4f9222f802: shutdown LeaderElection
2019-07-14 16:32:56,617 INFO  impl.RaftServerImpl (RaftServerImpl.java:setRole(171)) - 6c4be139-c8d3-4895-8303-7b4f9222f802:group-A0090CEDF3E6 changes role from CANDIDATE to LEADER at term 1 for changeToLeader
2019-07-14 16:32:56,617 INFO  impl.RaftServerImpl (ServerState.java:setLeader(263)) - 6c4be139-c8d3-4895-8303-7b4f9222f802:group-A0090CEDF3E6 change Leader from null to 6c4be139-c8d3-4895-8303-7b4f9222f802 at term 1 for becomeLeader, leader elected after 5161ms
2019-07-14 16:32:56,620 INFO  server.RaftServerConfigKeys (ConfUtils.java:logGet(43)) - raft.server.staging.catchup.gap = 1000 (default)
2019-07-14 16:32:56,620 INFO  server.RaftServerConfigKeys (ConfUtils.java:logGet(43)) - raft.server.rpc.sleep.time = 25ms (default)
2019-07-14 16:32:56,620 INFO  server.RaftServerConfigKeys (ConfUtils.java:logGet(43)) - raft.server.write.element-limit = 4096 (default)
2019-07-14 16:32:56,620 INFO  server.RaftServerConfigKeys (ConfUtils.java:logGet(43)) - raft.server.watch.timeout = 10s (default)
2019-07-14 16:32:56,620 INFO  server.RaftServerConfigKeys (ConfUtils.java:logGet(43)) - raft.server.watch.timeout.denomination = 1s (default)
2019-07-14 16:32:56,621 INFO  server.RaftServerConfigKeys (ConfUtils.java:logGet(43)) - raft.server.watch.element-limit = 65536 (default)
2019-07-14 16:32:56,621 INFO  impl.RoleInfo (RoleInfo.java:updateAndGet(143)) - 6c4be139-c8d3-4895-8303-7b4f9222f802: start LeaderState
2019-07-14 16:32:56,621 INFO  segmented.SegmentedRaftLogWorker (SegmentedRaftLogWorker.java:startLogSegment(380)) - 6c4be139-c8d3-4895-8303-7b4f9222f802-SegmentedRaftLogWorker:Storage Directory /workdir/hadoop-ozone/integration-test/target/test-dir/MiniOzoneClusterImpl-572d971c-223f-4c43-9a1b-19e82311a99c/datanode-3/data/ratis/f9d97818-4395-4440-bebb-a0090cedf3e6: Starting segment from index:0
2019-07-14 16:32:56,622 INFO  impl.RaftServerImpl (ServerState.java:setRaftConf(361)) - 6c4be139-c8d3-4895-8303-7b4f9222f802:group-A0090CEDF3E6 set configuration 0: [6c4be139-c8d3-4895-8303-7b4f9222f802:192.168.69.77:43454], old=null at 0
2019-07-14 16:32:56,653 INFO  segmented.SegmentedRaftLogWorker (SegmentedRaftLogWorker.java:execute(569)) - 6c4be139-c8d3-4895-8303-7b4f9222f802-SegmentedRaftLogWorker:Storage Directory /workdir/hadoop-ozone/integration-test/target/test-dir/MiniOzoneClusterImpl-572d971c-223f-4c43-9a1b-19e82311a99c/datanode-3/data/ratis/f9d97818-4395-4440-bebb-a0090cedf3e6: created new log segment /workdir/hadoop-ozone/integration-test/target/test-dir/MiniOzoneClusterImpl-572d971c-223f-4c43-9a1b-19e82311a99c/datanode-3/data/ratis/f9d97818-4395-4440-bebb-a0090cedf3e6/current/log_inprogress_0
2019-07-14 16:32:56,831 INFO  impl.FollowerState (FollowerState.java:run(106)) - 3ba554fc-5326-4e7e-b3cf-8a138092dbfd:group-469797750131 changes to CANDIDATE, lastRpcTime:5051, electionTimeout:5051ms
2019-07-14 16:32:56,831 INFO  impl.RoleInfo (RoleInfo.java:shutdownFollowerState(121)) - 3ba554fc-5326-4e7e-b3cf-8a138092dbfd: shutdown FollowerState
2019-07-14 16:32:56,831 INFO  impl.RaftServerImpl (RaftServerImpl.java:setRole(171)) - 3ba554fc-5326-4e7e-b3cf-8a138092dbfd:group-469797750131 changes role from FOLLOWER to CANDIDATE at term 0 for changeToCandidate
2019-07-14 16:32:56,831 INFO  impl.RoleInfo (RoleInfo.java:updateAndGet(143)) - 3ba554fc-5326-4e7e-b3cf-8a138092dbfd: start LeaderElection
2019-07-14 16:32:56,851 INFO  impl.LeaderElection (LeaderElection.java:askForVotes(181)) - 3ba554fc-5326-4e7e-b3cf-8a138092dbfd:group-469797750131:LeaderElection82: begin an election at term 1 for -1: [3ba554fc-5326-4e7e-b3cf-8a138092dbfd:192.168.69.77:34398], old=null
2019-07-14 16:32:56,852 INFO  impl.RoleInfo (RoleInfo.java:shutdownLeaderElection(134)) - 3ba554fc-5326-4e7e-b3cf-8a138092dbfd: shutdown LeaderElection
2019-07-14 16:32:56,852 INFO  impl.RaftServerImpl (RaftServerImpl.java:setRole(171)) - 3ba554fc-5326-4e7e-b3cf-8a138092dbfd:group-469797750131 changes role from CANDIDATE to LEADER at term 1 for changeToLeader
2019-07-14 16:32:56,852 INFO  impl.RaftServerImpl (ServerState.java:setLeader(263)) - 3ba554fc-5326-4e7e-b3cf-8a138092dbfd:group-469797750131 change Leader from null to 3ba554fc-5326-4e7e-b3cf-8a138092dbfd at term 1 for becomeLeader, leader elected after 5077ms
2019-07-14 16:32:56,854 INFO  server.RaftServerConfigKeys (ConfUtils.java:logGet(43)) - raft.server.staging.catchup.gap = 1000 (default)
2019-07-14 16:32:56,855 INFO  server.RaftServerConfigKeys (ConfUtils.java:logGet(43)) - raft.server.rpc.sleep.time = 25ms (default)
2019-07-14 16:32:56,855 INFO  server.RaftServerConfigKeys (ConfUtils.java:logGet(43)) - raft.server.write.element-limit = 4096 (default)
2019-07-14 16:32:56,855 INFO  server.RaftServerConfigKeys (ConfUtils.java:logGet(43)) - raft.server.watch.timeout = 10s (default)
2019-07-14 16:32:56,855 INFO  server.RaftServerConfigKeys (ConfUtils.java:logGet(43)) - raft.server.watch.timeout.denomination = 1s (default)
2019-07-14 16:32:56,855 INFO  server.RaftServerConfigKeys (ConfUtils.java:logGet(43)) - raft.server.watch.element-limit = 65536 (default)
2019-07-14 16:32:56,855 INFO  impl.RoleInfo (RoleInfo.java:updateAndGet(143)) - 3ba554fc-5326-4e7e-b3cf-8a138092dbfd: start LeaderState
2019-07-14 16:32:56,856 INFO  segmented.SegmentedRaftLogWorker (SegmentedRaftLogWorker.java:startLogSegment(380)) - 3ba554fc-5326-4e7e-b3cf-8a138092dbfd-SegmentedRaftLogWorker:Storage Directory /workdir/hadoop-ozone/integration-test/target/test-dir/MiniOzoneClusterImpl-572d971c-223f-4c43-9a1b-19e82311a99c/datanode-4/data/ratis/41d96020-5770-4eee-9f02-469797750131: Starting segment from index:0
2019-07-14 16:32:56,856 INFO  impl.RaftServerImpl (ServerState.java:setRaftConf(361)) - 3ba554fc-5326-4e7e-b3cf-8a138092dbfd:group-469797750131 set configuration 0: [3ba554fc-5326-4e7e-b3cf-8a138092dbfd:192.168.69.77:34398], old=null at 0
2019-07-14 16:32:56,888 INFO  segmented.SegmentedRaftLogWorker (SegmentedRaftLogWorker.java:execute(569)) - 3ba554fc-5326-4e7e-b3cf-8a138092dbfd-SegmentedRaftLogWorker:Storage Directory /workdir/hadoop-ozone/integration-test/target/test-dir/MiniOzoneClusterImpl-572d971c-223f-4c43-9a1b-19e82311a99c/datanode-4/data/ratis/41d96020-5770-4eee-9f02-469797750131: created new log segment /workdir/hadoop-ozone/integration-test/target/test-dir/MiniOzoneClusterImpl-572d971c-223f-4c43-9a1b-19e82311a99c/datanode-4/data/ratis/41d96020-5770-4eee-9f02-469797750131/current/log_inprogress_0
2019-07-14 16:32:57,096 INFO  impl.FollowerState (FollowerState.java:run(106)) - 66ff6589-2641-42bd-b340-7b521dc7dda0:group-0008BAFEECAE changes to CANDIDATE, lastRpcTime:5044, electionTimeout:5044ms
2019-07-14 16:32:57,096 INFO  impl.RoleInfo (RoleInfo.java:shutdownFollowerState(121)) - 66ff6589-2641-42bd-b340-7b521dc7dda0: shutdown FollowerState
2019-07-14 16:32:57,096 INFO  impl.RaftServerImpl (RaftServerImpl.java:setRole(171)) - 66ff6589-2641-42bd-b340-7b521dc7dda0:group-0008BAFEECAE changes role from FOLLOWER to CANDIDATE at term 0 for changeToCandidate
2019-07-14 16:32:57,096 INFO  impl.RoleInfo (RoleInfo.java:updateAndGet(143)) - 66ff6589-2641-42bd-b340-7b521dc7dda0: start LeaderElection
2019-07-14 16:32:57,113 INFO  impl.LeaderElection (LeaderElection.java:askForVotes(181)) - 66ff6589-2641-42bd-b340-7b521dc7dda0:group-0008BAFEECAE:LeaderElection83: begin an election at term 1 for -1: [66ff6589-2641-42bd-b340-7b521dc7dda0:192.168.69.77:44924, 3ba554fc-5326-4e7e-b3cf-8a138092dbfd:192.168.69.77:34398, 6c4be139-c8d3-4895-8303-7b4f9222f802:192.168.69.77:43454], old=null
2019-07-14 16:32:57,118 INFO  impl.RaftServerImpl (RaftServerImpl.java:setRole(171)) - 3ba554fc-5326-4e7e-b3cf-8a138092dbfd:group-0008BAFEECAE changes role from FOLLOWER to FOLLOWER at term 1 for recognizeCandidate:66ff6589-2641-42bd-b340-7b521dc7dda0
2019-07-14 16:32:57,118 INFO  impl.RaftServerImpl (RaftServerImpl.java:setRole(171)) - 6c4be139-c8d3-4895-8303-7b4f9222f802:group-0008BAFEECAE changes role from FOLLOWER to FOLLOWER at term 1 for recognizeCandidate:66ff6589-2641-42bd-b340-7b521dc7dda0
2019-07-14 16:32:57,118 INFO  impl.RoleInfo (RoleInfo.java:shutdownFollowerState(121)) - 6c4be139-c8d3-4895-8303-7b4f9222f802: shutdown FollowerState
2019-07-14 16:32:57,118 INFO  impl.RoleInfo (RoleInfo.java:shutdownFollowerState(121)) - 3ba554fc-5326-4e7e-b3cf-8a138092dbfd: shutdown FollowerState
2019-07-14 16:32:57,118 INFO  impl.FollowerState (FollowerState.java:run(114)) - 6c4be139-c8d3-4895-8303-7b4f9222f802: FollowerState was interrupted: java.lang.InterruptedException: sleep interrupted
2019-07-14 16:32:57,118 INFO  impl.RoleInfo (RoleInfo.java:updateAndGet(143)) - 6c4be139-c8d3-4895-8303-7b4f9222f802: start FollowerState
2019-07-14 16:32:57,118 INFO  impl.FollowerState (FollowerState.java:run(106)) - 66ff6589-2641-42bd-b340-7b521dc7dda0:group-80A74B6C93F6 changes to CANDIDATE, lastRpcTime:5138, electionTimeout:5138ms
2019-07-14 16:32:57,119 INFO  impl.FollowerState (FollowerState.java:run(114)) - 3ba554fc-5326-4e7e-b3cf-8a138092dbfd: FollowerState was interrupted: java.lang.InterruptedException: sleep interrupted
2019-07-14 16:32:57,119 INFO  impl.RoleInfo (RoleInfo.java:updateAndGet(143)) - 3ba554fc-5326-4e7e-b3cf-8a138092dbfd: start FollowerState
2019-07-14 16:32:57,119 INFO  impl.RoleInfo (RoleInfo.java:shutdownFollowerState(121)) - 66ff6589-2641-42bd-b340-7b521dc7dda0: shutdown FollowerState
2019-07-14 16:32:57,120 INFO  impl.RaftServerImpl (RaftServerImpl.java:setRole(171)) - 66ff6589-2641-42bd-b340-7b521dc7dda0:group-80A74B6C93F6 changes role from FOLLOWER to CANDIDATE at term 0 for changeToCandidate
2019-07-14 16:32:57,120 INFO  impl.RoleInfo (RoleInfo.java:updateAndGet(143)) - 66ff6589-2641-42bd-b340-7b521dc7dda0: start LeaderElection
2019-07-14 16:32:57,134 INFO  impl.LeaderElection (LeaderElection.java:askForVotes(181)) - 66ff6589-2641-42bd-b340-7b521dc7dda0:group-80A74B6C93F6:LeaderElection84: begin an election at term 1 for -1: [66ff6589-2641-42bd-b340-7b521dc7dda0:192.168.69.77:44924], old=null
2019-07-14 16:32:57,134 INFO  impl.RoleInfo (RoleInfo.java:shutdownLeaderElection(134)) - 66ff6589-2641-42bd-b340-7b521dc7dda0: shutdown LeaderElection
2019-07-14 16:32:57,134 INFO  impl.RaftServerImpl (RaftServerImpl.java:setRole(171)) - 66ff6589-2641-42bd-b340-7b521dc7dda0:group-80A74B6C93F6 changes role from CANDIDATE to LEADER at term 1 for changeToLeader
2019-07-14 16:32:57,134 INFO  impl.RaftServerImpl (ServerState.java:setLeader(263)) - 66ff6589-2641-42bd-b340-7b521dc7dda0:group-80A74B6C93F6 change Leader from null to 66ff6589-2641-42bd-b340-7b521dc7dda0 at term 1 for becomeLeader, leader elected after 5158ms
2019-07-14 16:32:57,137 INFO  server.RaftServerConfigKeys (ConfUtils.java:logGet(43)) - raft.server.staging.catchup.gap = 1000 (default)
2019-07-14 16:32:57,137 INFO  server.RaftServerConfigKeys (ConfUtils.java:logGet(43)) - raft.server.rpc.sleep.time = 25ms (default)
2019-07-14 16:32:57,137 INFO  server.RaftServerConfigKeys (ConfUtils.java:logGet(43)) - raft.server.write.element-limit = 4096 (default)
2019-07-14 16:32:57,137 INFO  impl.LeaderElection (LeaderElection.java:logAndReturn(56)) - 66ff6589-2641-42bd-b340-7b521dc7dda0:group-0008BAFEECAE:LeaderElection83: Election PASSED; received 1 response(s) [66ff6589-2641-42bd-b340-7b521dc7dda0<-3ba554fc-5326-4e7e-b3cf-8a138092dbfd#0:OK-t1] and 0 exception(s); 66ff6589-2641-42bd-b340-7b521dc7dda0:t1, leader=null, voted=66ff6589-2641-42bd-b340-7b521dc7dda0, raftlog=66ff6589-2641-42bd-b340-7b521dc7dda0-SegmentedRaftLog:OPENED:c-1,f-1,i0, conf=-1: [66ff6589-2641-42bd-b340-7b521dc7dda0:192.168.69.77:44924, 3ba554fc-5326-4e7e-b3cf-8a138092dbfd:192.168.69.77:34398, 6c4be139-c8d3-4895-8303-7b4f9222f802:192.168.69.77:43454], old=null
2019-07-14 16:32:57,137 INFO  server.RaftServerConfigKeys (ConfUtils.java:logGet(43)) - raft.server.watch.timeout = 10s (default)
2019-07-14 16:32:57,137 INFO  impl.RoleInfo (RoleInfo.java:shutdownLeaderElection(134)) - 66ff6589-2641-42bd-b340-7b521dc7dda0: shutdown LeaderElection
2019-07-14 16:32:57,138 INFO  server.RaftServerConfigKeys (ConfUtils.java:logGet(43)) - raft.server.watch.timeout.denomination = 1s (default)
2019-07-14 16:32:57,138 INFO  impl.RaftServerImpl (RaftServerImpl.java:setRole(171)) - 66ff6589-2641-42bd-b340-7b521dc7dda0:group-0008BAFEECAE changes role from CANDIDATE to LEADER at term 1 for changeToLeader
2019-07-14 16:32:57,138 INFO  server.RaftServerConfigKeys (ConfUtils.java:logGet(43)) - raft.server.watch.element-limit = 65536 (default)
2019-07-14 16:32:57,138 INFO  impl.RaftServerImpl (ServerState.java:setLeader(263)) - 66ff6589-2641-42bd-b340-7b521dc7dda0:group-0008BAFEECAE change Leader from null to 66ff6589-2641-42bd-b340-7b521dc7dda0 at term 1 for becomeLeader, leader elected after 5099ms
2019-07-14 16:32:57,138 INFO  impl.RoleInfo (RoleInfo.java:updateAndGet(143)) - 66ff6589-2641-42bd-b340-7b521dc7dda0: start LeaderState
2019-07-14 16:32:57,138 INFO  server.RaftServerConfigKeys (ConfUtils.java:logGet(43)) - raft.server.staging.catchup.gap = 1000 (default)
2019-07-14 16:32:57,138 INFO  segmented.SegmentedRaftLogWorker (SegmentedRaftLogWorker.java:startLogSegment(380)) - 66ff6589-2641-42bd-b340-7b521dc7dda0-SegmentedRaftLogWorker:Storage Directory /workdir/hadoop-ozone/integration-test/target/test-dir/MiniOzoneClusterImpl-572d971c-223f-4c43-9a1b-19e82311a99c/datanode-5/data/ratis/097e0a68-03f0-4984-93ba-80a74b6c93f6: Starting segment from index:0
2019-07-14 16:32:57,138 INFO  server.RaftServerConfigKeys (ConfUtils.java:logGet(43)) - raft.server.rpc.sleep.time = 25ms (default)
2019-07-14 16:32:57,139 INFO  server.RaftServerConfigKeys (ConfUtils.java:logGet(43)) - raft.server.write.element-limit = 4096 (default)
2019-07-14 16:32:57,139 INFO  impl.RaftServerImpl (ServerState.java:setRaftConf(361)) - 66ff6589-2641-42bd-b340-7b521dc7dda0:group-80A74B6C93F6 set configuration 0: [66ff6589-2641-42bd-b340-7b521dc7dda0:192.168.69.77:44924], old=null at 0
2019-07-14 16:32:57,139 INFO  server.RaftServerConfigKeys (ConfUtils.java:logGet(43)) - raft.server.watch.timeout = 10s (default)
2019-07-14 16:32:57,139 INFO  server.RaftServerConfigKeys (ConfUtils.java:logGet(43)) - raft.server.watch.timeout.denomination = 1s (default)
2019-07-14 16:32:57,139 INFO  server.RaftServerConfigKeys (ConfUtils.java:logGet(43)) - raft.server.watch.element-limit = 65536 (default)
2019-07-14 16:32:57,140 INFO  server.RaftServerConfigKeys (ConfUtils.java:logGet(43)) - raft.server.log.appender.snapshot.chunk.size.max = 16MB (=16777216) (default)
2019-07-14 16:32:57,140 INFO  server.RaftServerConfigKeys (ConfUtils.java:logGet(43)) - raft.server.log.appender.buffer.byte-limit = 33554432 (custom)
2019-07-14 16:32:57,140 INFO  server.RaftServerConfigKeys (ConfUtils.java:logGet(43)) - raft.server.log.appender.buffer.element-limit = 1 (custom)
2019-07-14 16:32:57,140 INFO  grpc.GrpcConfigKeys$Server (ConfUtils.java:logGet(43)) - raft.grpc.server.leader.outstanding.appends.max = 128 (default)
2019-07-14 16:32:57,140 INFO  server.RaftServerConfigKeys (ConfUtils.java:logGet(43)) - raft.server.rpc.request.timeout = 3000ms (default)
2019-07-14 16:32:57,141 INFO  server.RaftServerConfigKeys (ConfUtils.java:logGet(43)) - raft.server.log.appender.install.snapshot.enabled = false (custom)
2019-07-14 16:32:57,141 INFO  server.RaftServerConfigKeys (ConfUtils.java:logGet(43)) - raft.server.log.appender.snapshot.chunk.size.max = 16MB (=16777216) (default)
2019-07-14 16:32:57,141 INFO  server.RaftServerConfigKeys (ConfUtils.java:logGet(43)) - raft.server.log.appender.buffer.byte-limit = 33554432 (custom)
2019-07-14 16:32:57,141 INFO  server.RaftServerConfigKeys (ConfUtils.java:logGet(43)) - raft.server.log.appender.buffer.element-limit = 1 (custom)
2019-07-14 16:32:57,141 INFO  grpc.GrpcConfigKeys$Server (ConfUtils.java:logGet(43)) - raft.grpc.server.leader.outstanding.appends.max = 128 (default)
2019-07-14 16:32:57,141 INFO  server.RaftServerConfigKeys (ConfUtils.java:logGet(43)) - raft.server.rpc.request.timeout = 3000ms (default)
2019-07-14 16:32:57,142 INFO  server.RaftServerConfigKeys (ConfUtils.java:logGet(43)) - raft.server.log.appender.install.snapshot.enabled = false (custom)
2019-07-14 16:32:57,142 INFO  impl.RoleInfo (RoleInfo.java:updateAndGet(143)) - 66ff6589-2641-42bd-b340-7b521dc7dda0: start LeaderState
2019-07-14 16:32:57,142 INFO  segmented.SegmentedRaftLogWorker (SegmentedRaftLogWorker.java:startLogSegment(380)) - 66ff6589-2641-42bd-b340-7b521dc7dda0-SegmentedRaftLogWorker:Storage Directory /workdir/hadoop-ozone/integration-test/target/test-dir/MiniOzoneClusterImpl-572d971c-223f-4c43-9a1b-19e82311a99c/datanode-5/data/ratis/ca6e9e69-ece3-4377-9df1-0008bafeecae: Starting segment from index:0
2019-07-14 16:32:57,144 INFO  impl.RaftServerImpl (ServerState.java:setRaftConf(361)) - 66ff6589-2641-42bd-b340-7b521dc7dda0:group-0008BAFEECAE set configuration 0: [66ff6589-2641-42bd-b340-7b521dc7dda0:192.168.69.77:44924, 3ba554fc-5326-4e7e-b3cf-8a138092dbfd:192.168.69.77:34398, 6c4be139-c8d3-4895-8303-7b4f9222f802:192.168.69.77:43454], old=null at 0
2019-07-14 16:32:57,146 INFO  impl.RaftServerImpl (ServerState.java:setLeader(263)) - 3ba554fc-5326-4e7e-b3cf-8a138092dbfd:group-0008BAFEECAE change Leader from null to 66ff6589-2641-42bd-b340-7b521dc7dda0 at term 1 for appendEntries, leader elected after 5107ms
2019-07-14 16:32:57,165 INFO  impl.RaftServerImpl (ServerState.java:setLeader(263)) - 6c4be139-c8d3-4895-8303-7b4f9222f802:group-0008BAFEECAE change Leader from null to 66ff6589-2641-42bd-b340-7b521dc7dda0 at term 1 for appendEntries, leader elected after 5126ms
2019-07-14 16:32:57,167 INFO  impl.RaftServerImpl (ServerState.java:setRaftConf(361)) - 3ba554fc-5326-4e7e-b3cf-8a138092dbfd:group-0008BAFEECAE set configuration 0: [66ff6589-2641-42bd-b340-7b521dc7dda0:192.168.69.77:44924, 3ba554fc-5326-4e7e-b3cf-8a138092dbfd:192.168.69.77:34398, 6c4be139-c8d3-4895-8303-7b4f9222f802:192.168.69.77:43454], old=null at 0
2019-07-14 16:32:57,167 INFO  segmented.SegmentedRaftLogWorker (SegmentedRaftLogWorker.java:startLogSegment(380)) - 3ba554fc-5326-4e7e-b3cf-8a138092dbfd-SegmentedRaftLogWorker:Storage Directory /workdir/hadoop-ozone/integration-test/target/test-dir/MiniOzoneClusterImpl-572d971c-223f-4c43-9a1b-19e82311a99c/datanode-4/data/ratis/ca6e9e69-ece3-4377-9df1-0008bafeecae: Starting segment from index:0
2019-07-14 16:32:57,167 INFO  impl.RaftServerImpl (ServerState.java:setRaftConf(361)) - 6c4be139-c8d3-4895-8303-7b4f9222f802:group-0008BAFEECAE set configuration 0: [66ff6589-2641-42bd-b340-7b521dc7dda0:192.168.69.77:44924, 3ba554fc-5326-4e7e-b3cf-8a138092dbfd:192.168.69.77:34398, 6c4be139-c8d3-4895-8303-7b4f9222f802:192.168.69.77:43454], old=null at 0
2019-07-14 16:32:57,168 INFO  segmented.SegmentedRaftLogWorker (SegmentedRaftLogWorker.java:startLogSegment(380)) - 6c4be139-c8d3-4895-8303-7b4f9222f802-SegmentedRaftLogWorker:Storage Directory /workdir/hadoop-ozone/integration-test/target/test-dir/MiniOzoneClusterImpl-572d971c-223f-4c43-9a1b-19e82311a99c/datanode-3/data/ratis/ca6e9e69-ece3-4377-9df1-0008bafeecae: Starting segment from index:0
2019-07-14 16:32:57,178 INFO  segmented.SegmentedRaftLogWorker (SegmentedRaftLogWorker.java:execute(569)) - 66ff6589-2641-42bd-b340-7b521dc7dda0-SegmentedRaftLogWorker:Storage Directory /workdir/hadoop-ozone/integration-test/target/test-dir/MiniOzoneClusterImpl-572d971c-223f-4c43-9a1b-19e82311a99c/datanode-5/data/ratis/097e0a68-03f0-4984-93ba-80a74b6c93f6: created new log segment /workdir/hadoop-ozone/integration-test/target/test-dir/MiniOzoneClusterImpl-572d971c-223f-4c43-9a1b-19e82311a99c/datanode-5/data/ratis/097e0a68-03f0-4984-93ba-80a74b6c93f6/current/log_inprogress_0
2019-07-14 16:32:57,178 INFO  segmented.SegmentedRaftLogWorker (SegmentedRaftLogWorker.java:execute(569)) - 66ff6589-2641-42bd-b340-7b521dc7dda0-SegmentedRaftLogWorker:Storage Directory /workdir/hadoop-ozone/integration-test/target/test-dir/MiniOzoneClusterImpl-572d971c-223f-4c43-9a1b-19e82311a99c/datanode-5/data/ratis/ca6e9e69-ece3-4377-9df1-0008bafeecae: created new log segment /workdir/hadoop-ozone/integration-test/target/test-dir/MiniOzoneClusterImpl-572d971c-223f-4c43-9a1b-19e82311a99c/datanode-5/data/ratis/ca6e9e69-ece3-4377-9df1-0008bafeecae/current/log_inprogress_0
2019-07-14 16:32:57,194 INFO  segmented.SegmentedRaftLogWorker (SegmentedRaftLogWorker.java:execute(569)) - 3ba554fc-5326-4e7e-b3cf-8a138092dbfd-SegmentedRaftLogWorker:Storage Directory /workdir/hadoop-ozone/integration-test/target/test-dir/MiniOzoneClusterImpl-572d971c-223f-4c43-9a1b-19e82311a99c/datanode-4/data/ratis/ca6e9e69-ece3-4377-9df1-0008bafeecae: created new log segment /workdir/hadoop-ozone/integration-test/target/test-dir/MiniOzoneClusterImpl-572d971c-223f-4c43-9a1b-19e82311a99c/datanode-4/data/ratis/ca6e9e69-ece3-4377-9df1-0008bafeecae/current/log_inprogress_0
2019-07-14 16:32:57,194 INFO  segmented.SegmentedRaftLogWorker (SegmentedRaftLogWorker.java:execute(569)) - 6c4be139-c8d3-4895-8303-7b4f9222f802-SegmentedRaftLogWorker:Storage Directory /workdir/hadoop-ozone/integration-test/target/test-dir/MiniOzoneClusterImpl-572d971c-223f-4c43-9a1b-19e82311a99c/datanode-3/data/ratis/ca6e9e69-ece3-4377-9df1-0008bafeecae: created new log segment /workdir/hadoop-ozone/integration-test/target/test-dir/MiniOzoneClusterImpl-572d971c-223f-4c43-9a1b-19e82311a99c/datanode-3/data/ratis/ca6e9e69-ece3-4377-9df1-0008bafeecae/current/log_inprogress_0
2019-07-14 16:32:57,229 INFO  impl.FollowerState (FollowerState.java:run(106)) - e8393335-3568-408e-8ae6-3111d1cac025:group-ECB822D1C6C2 changes to CANDIDATE, lastRpcTime:5059, electionTimeout:5059ms
2019-07-14 16:32:57,229 INFO  impl.RoleInfo (RoleInfo.java:shutdownFollowerState(121)) - e8393335-3568-408e-8ae6-3111d1cac025: shutdown FollowerState
2019-07-14 16:32:57,229 INFO  impl.RaftServerImpl (RaftServerImpl.java:setRole(171)) - e8393335-3568-408e-8ae6-3111d1cac025:group-ECB822D1C6C2 changes role from FOLLOWER to CANDIDATE at term 0 for changeToCandidate
2019-07-14 16:32:57,229 INFO  impl.RoleInfo (RoleInfo.java:updateAndGet(143)) - e8393335-3568-408e-8ae6-3111d1cac025: start LeaderElection
2019-07-14 16:32:57,248 INFO  impl.LeaderElection (LeaderElection.java:askForVotes(181)) - e8393335-3568-408e-8ae6-3111d1cac025:group-ECB822D1C6C2:LeaderElection85: begin an election at term 1 for -1: [e8393335-3568-408e-8ae6-3111d1cac025:192.168.69.77:42410], old=null
2019-07-14 16:32:57,248 INFO  impl.RoleInfo (RoleInfo.java:shutdownLeaderElection(134)) - e8393335-3568-408e-8ae6-3111d1cac025: shutdown LeaderElection
2019-07-14 16:32:57,248 INFO  impl.RaftServerImpl (RaftServerImpl.java:setRole(171)) - e8393335-3568-408e-8ae6-3111d1cac025:group-ECB822D1C6C2 changes role from CANDIDATE to LEADER at term 1 for changeToLeader
2019-07-14 16:32:57,248 INFO  impl.RaftServerImpl (ServerState.java:setLeader(263)) - e8393335-3568-408e-8ae6-3111d1cac025:group-ECB822D1C6C2 change Leader from null to e8393335-3568-408e-8ae6-3111d1cac025 at term 1 for becomeLeader, leader elected after 5083ms
2019-07-14 16:32:57,251 INFO  server.RaftServerConfigKeys (ConfUtils.java:logGet(43)) - raft.server.staging.catchup.gap = 1000 (default)
2019-07-14 16:32:57,251 INFO  server.RaftServerConfigKeys (ConfUtils.java:logGet(43)) - raft.server.rpc.sleep.time = 25ms (default)
2019-07-14 16:32:57,251 INFO  server.RaftServerConfigKeys (ConfUtils.java:logGet(43)) - raft.server.write.element-limit = 4096 (default)
2019-07-14 16:32:57,251 INFO  server.RaftServerConfigKeys (ConfUtils.java:logGet(43)) - raft.server.watch.timeout = 10s (default)
2019-07-14 16:32:57,252 INFO  server.RaftServerConfigKeys (ConfUtils.java:logGet(43)) - raft.server.watch.timeout.denomination = 1s (default)
2019-07-14 16:32:57,252 INFO  server.RaftServerConfigKeys (ConfUtils.java:logGet(43)) - raft.server.watch.element-limit = 65536 (default)
2019-07-14 16:32:57,252 INFO  impl.RoleInfo (RoleInfo.java:updateAndGet(143)) - e8393335-3568-408e-8ae6-3111d1cac025: start LeaderState
2019-07-14 16:32:57,252 INFO  segmented.SegmentedRaftLogWorker (SegmentedRaftLogWorker.java:startLogSegment(380)) - e8393335-3568-408e-8ae6-3111d1cac025-SegmentedRaftLogWorker:Storage Directory /workdir/hadoop-ozone/integration-test/target/test-dir/MiniOzoneClusterImpl-572d971c-223f-4c43-9a1b-19e82311a99c/datanode-6/data/ratis/a8c363fd-d97e-4800-ae54-ecb822d1c6c2: Starting segment from index:0
2019-07-14 16:32:57,253 INFO  impl.RaftServerImpl (ServerState.java:setRaftConf(361)) - e8393335-3568-408e-8ae6-3111d1cac025:group-ECB822D1C6C2 set configuration 0: [e8393335-3568-408e-8ae6-3111d1cac025:192.168.69.77:42410], old=null at 0
2019-07-14 16:32:57,274 INFO  client.GrpcClientProtocolClient (GrpcClientProtocolClient.java:onNext(255)) - client-8765D9B7F8AD->3ba554fc-5326-4e7e-b3cf-8a138092dbfd: receive RaftClientReply:client-8765D9B7F8AD->3ba554fc-5326-4e7e-b3cf-8a138092dbfd@group-0008BAFEECAE, cid=213, FAILED org.apache.ratis.protocol.NotLeaderException: Server 3ba554fc-5326-4e7e-b3cf-8a138092dbfd is not the leader (66ff6589-2641-42bd-b340-7b521dc7dda0:192.168.69.77:44924). Request must be sent to leader., logIndex=0, commits[3ba554fc-5326-4e7e-b3cf-8a138092dbfd:c-1, 66ff6589-2641-42bd-b340-7b521dc7dda0:c-1, 6c4be139-c8d3-4895-8303-7b4f9222f802:c-1]
2019-07-14 16:32:57,287 INFO  segmented.SegmentedRaftLogWorker (SegmentedRaftLogWorker.java:execute(569)) - e8393335-3568-408e-8ae6-3111d1cac025-SegmentedRaftLogWorker:Storage Directory /workdir/hadoop-ozone/integration-test/target/test-dir/MiniOzoneClusterImpl-572d971c-223f-4c43-9a1b-19e82311a99c/datanode-6/data/ratis/a8c363fd-d97e-4800-ae54-ecb822d1c6c2: created new log segment /workdir/hadoop-ozone/integration-test/target/test-dir/MiniOzoneClusterImpl-572d971c-223f-4c43-9a1b-19e82311a99c/datanode-6/data/ratis/a8c363fd-d97e-4800-ae54-ecb822d1c6c2/current/log_inprogress_0
2019-07-14 16:32:57,399 INFO  client.GrpcClientProtocolClient (GrpcClientProtocolClient.java:onNext(255)) - client-8765D9B7F8AD->66ff6589-2641-42bd-b340-7b521dc7dda0: receive RaftClientReply:client-8765D9B7F8AD->66ff6589-2641-42bd-b340-7b521dc7dda0@group-0008BAFEECAE, cid=213, SUCCESS, logIndex=1, commits[66ff6589-2641-42bd-b340-7b521dc7dda0:c1, 3ba554fc-5326-4e7e-b3cf-8a138092dbfd:c0, 6c4be139-c8d3-4895-8303-7b4f9222f802:c0]
2019-07-14 16:32:57,414 INFO  client.GrpcClientProtocolClient (GrpcClientProtocolClient.java:onNext(255)) - client-8765D9B7F8AD->66ff6589-2641-42bd-b340-7b521dc7dda0: receive RaftClientReply:client-8765D9B7F8AD->66ff6589-2641-42bd-b340-7b521dc7dda0@group-0008BAFEECAE, cid=214, SUCCESS, logIndex=3, commits[66ff6589-2641-42bd-b340-7b521dc7dda0:c4, 3ba554fc-5326-4e7e-b3cf-8a138092dbfd:c1, 6c4be139-c8d3-4895-8303-7b4f9222f802:c1]
2019-07-14 16:32:57,468 INFO  client.GrpcClientProtocolClient (GrpcClientProtocolClient.java:onNext(255)) - client-8765D9B7F8AD->66ff6589-2641-42bd-b340-7b521dc7dda0: receive RaftClientReply:client-8765D9B7F8AD->66ff6589-2641-42bd-b340-7b521dc7dda0@group-0008BAFEECAE, cid=215, SUCCESS, logIndex=4, commits[66ff6589-2641-42bd-b340-7b521dc7dda0:c6, 3ba554fc-5326-4e7e-b3cf-8a138092dbfd:c4, 6c4be139-c8d3-4895-8303-7b4f9222f802:c4]
2019-07-14 16:32:57,470 INFO  container.CloseContainerEventHandler (CloseContainerEventHandler.java:onMessage(61)) - Close container Event triggered for container : #1
2019-07-14 16:32:57,470 INFO  container.CloseContainerEventHandler (CloseContainerEventHandler.java:onMessage(61)) - Close container Event triggered for container : #1
2019-07-14 16:32:57,471 INFO  container.CloseContainerEventHandler (CloseContainerEventHandler.java:onMessage(61)) - Close container Event triggered for container : #1
16:32:58.972 [grpc-default-executor-2] ERROR DNAudit - user=null | ip=null | op=WRITE_CHUNK {blockData=conID: 1 locID: 102440761635438608 bcsId: 4} | ret=FAILURE
org.apache.hadoop.hdds.scm.container.common.helpers.ContainerNotOpenException: Container 1 in CLOSED state
	at org.apache.hadoop.ozone.container.common.impl.HddsDispatcher.validateContainerCommand(HddsDispatcher.java:408) ~[hadoop-hdds-container-service-0.5.0-SNAPSHOT.jar:?]
	at org.apache.hadoop.ozone.container.common.transport.server.ratis.ContainerStateMachine.startTransaction(ContainerStateMachine.java:271) ~[hadoop-hdds-container-service-0.5.0-SNAPSHOT.jar:?]
	at org.apache.ratis.server.impl.RaftServerImpl.submitClientRequestAsync(RaftServerImpl.java:566) ~[ratis-server-0.4.0-2337318-SNAPSHOT.jar:0.4.0-2337318-SNAPSHOT]
	at org.apache.ratis.server.impl.RaftServerProxy.lambda$submitClientRequestAsync$7(RaftServerProxy.java:333) ~[ratis-server-0.4.0-2337318-SNAPSHOT.jar:0.4.0-2337318-SNAPSHOT]
	at org.apache.ratis.server.impl.RaftServerProxy.lambda$null$5(RaftServerProxy.java:328) ~[ratis-server-0.4.0-2337318-SNAPSHOT.jar:0.4.0-2337318-SNAPSHOT]
	at org.apache.ratis.util.JavaUtils.callAsUnchecked(JavaUtils.java:109) ~[ratis-common-0.4.0-2337318-SNAPSHOT.jar:0.4.0-2337318-SNAPSHOT]
	at org.apache.ratis.server.impl.RaftServerProxy.lambda$submitRequest$6(RaftServerProxy.java:328) ~[ratis-server-0.4.0-2337318-SNAPSHOT.jar:0.4.0-2337318-SNAPSHOT]
	at java.util.concurrent.CompletableFuture.uniComposeStage(CompletableFuture.java:981) ~[?:1.8.0_212]
	at java.util.concurrent.CompletableFuture.thenCompose(CompletableFuture.java:2124) ~[?:1.8.0_212]
	at org.apache.ratis.server.impl.RaftServerProxy.submitRequest(RaftServerProxy.java:327) ~[ratis-server-0.4.0-2337318-SNAPSHOT.jar:0.4.0-2337318-SNAPSHOT]
	at org.apache.ratis.server.impl.RaftServerProxy.submitClientRequestAsync(RaftServerProxy.java:333) ~[ratis-server-0.4.0-2337318-SNAPSHOT.jar:0.4.0-2337318-SNAPSHOT]
	at org.apache.ratis.grpc.client.GrpcClientProtocolService$RequestStreamObserver.processClientRequest(GrpcClientProtocolService.java:220) ~[ratis-grpc-0.4.0-2337318-SNAPSHOT.jar:0.4.0-2337318-SNAPSHOT]
	at org.apache.ratis.grpc.client.GrpcClientProtocolService$OrderedRequestStreamObserver.processClientRequest(GrpcClientProtocolService.java:326) ~[ratis-grpc-0.4.0-2337318-SNAPSHOT.jar:0.4.0-2337318-SNAPSHOT]
	at org.apache.ratis.util.SlidingWindow$Server.processRequestsFromHead(SlidingWindow.java:429) [ratis-common-0.4.0-2337318-SNAPSHOT.jar:0.4.0-2337318-SNAPSHOT]
	at org.apache.ratis.util.SlidingWindow$Server.receivedRequest(SlidingWindow.java:421) [ratis-common-0.4.0-2337318-SNAPSHOT.jar:0.4.0-2337318-SNAPSHOT]
	at org.apache.ratis.grpc.client.GrpcClientProtocolService$OrderedRequestStreamObserver.processClientRequest(GrpcClientProtocolService.java:345) [ratis-grpc-0.4.0-2337318-SNAPSHOT.jar:0.4.0-2337318-SNAPSHOT]
	at org.apache.ratis.grpc.client.GrpcClientProtocolService$RequestStreamObserver.onNext(GrpcClientProtocolService.java:240) [ratis-grpc-0.4.0-2337318-SNAPSHOT.jar:0.4.0-2337318-SNAPSHOT]
	at org.apache.ratis.grpc.client.GrpcClientProtocolService$RequestStreamObserver.onNext(GrpcClientProtocolService.java:168) [ratis-grpc-0.4.0-2337318-SNAPSHOT.jar:0.4.0-2337318-SNAPSHOT]
	at org.apache.ratis.thirdparty.io.grpc.stub.ServerCalls$StreamingServerCallHandler$StreamingServerCallListener.onMessage(ServerCalls.java:248) [ratis-thirdparty-misc-0.2.0.jar:0.2.0]
	at org.apache.ratis.thirdparty.io.grpc.internal.ServerCallImpl$ServerStreamListenerImpl.messagesAvailable(ServerCallImpl.java:263) [ratis-thirdparty-misc-0.2.0.jar:0.2.0]
	at org.apache.ratis.thirdparty.io.grpc.internal.ServerImpl$JumpToApplicationThreadServerStreamListener$1MessagesAvailable.runInContext(ServerImpl.java:686) [ratis-thirdparty-misc-0.2.0.jar:0.2.0]
	at org.apache.ratis.thirdparty.io.grpc.internal.ContextRunnable.run(ContextRunnable.java:37) [ratis-thirdparty-misc-0.2.0.jar:0.2.0]
	at org.apache.ratis.thirdparty.io.grpc.internal.SerializingExecutor.run(SerializingExecutor.java:123) [ratis-thirdparty-misc-0.2.0.jar:0.2.0]
	at java.util.concurrent.ThreadPoolExecutor.runWorker(ThreadPoolExecutor.java:1149) [?:1.8.0_212]
	at java.util.concurrent.ThreadPoolExecutor$Worker.run(ThreadPoolExecutor.java:624) [?:1.8.0_212]
	at java.lang.Thread.run(Thread.java:748) [?:1.8.0_212]
16:32:58.982 [grpc-default-executor-2] ERROR DNAudit - user=null | ip=null | op=WRITE_CHUNK {blockData=conID: 1 locID: 102440761635438608 bcsId: 4} | ret=FAILURE
org.apache.hadoop.hdds.scm.container.common.helpers.ContainerNotOpenException: Container 1 in CLOSED state
	at org.apache.hadoop.ozone.container.common.impl.HddsDispatcher.validateContainerCommand(HddsDispatcher.java:408) ~[hadoop-hdds-container-service-0.5.0-SNAPSHOT.jar:?]
	at org.apache.hadoop.ozone.container.common.transport.server.ratis.ContainerStateMachine.startTransaction(ContainerStateMachine.java:271) ~[hadoop-hdds-container-service-0.5.0-SNAPSHOT.jar:?]
	at org.apache.ratis.server.impl.RaftServerImpl.submitClientRequestAsync(RaftServerImpl.java:566) ~[ratis-server-0.4.0-2337318-SNAPSHOT.jar:0.4.0-2337318-SNAPSHOT]
	at org.apache.ratis.server.impl.RaftServerProxy.lambda$submitClientRequestAsync$7(RaftServerProxy.java:333) ~[ratis-server-0.4.0-2337318-SNAPSHOT.jar:0.4.0-2337318-SNAPSHOT]
	at org.apache.ratis.server.impl.RaftServerProxy.lambda$null$5(RaftServerProxy.java:328) ~[ratis-server-0.4.0-2337318-SNAPSHOT.jar:0.4.0-2337318-SNAPSHOT]
	at org.apache.ratis.util.JavaUtils.callAsUnchecked(JavaUtils.java:109) ~[ratis-common-0.4.0-2337318-SNAPSHOT.jar:0.4.0-2337318-SNAPSHOT]
	at org.apache.ratis.server.impl.RaftServerProxy.lambda$submitRequest$6(RaftServerProxy.java:328) ~[ratis-server-0.4.0-2337318-SNAPSHOT.jar:0.4.0-2337318-SNAPSHOT]
	at java.util.concurrent.CompletableFuture.uniComposeStage(CompletableFuture.java:981) ~[?:1.8.0_212]
	at java.util.concurrent.CompletableFuture.thenCompose(CompletableFuture.java:2124) ~[?:1.8.0_212]
	at org.apache.ratis.server.impl.RaftServerProxy.submitRequest(RaftServerProxy.java:327) ~[ratis-server-0.4.0-2337318-SNAPSHOT.jar:0.4.0-2337318-SNAPSHOT]
	at org.apache.ratis.server.impl.RaftServerProxy.submitClientRequestAsync(RaftServerProxy.java:333) ~[ratis-server-0.4.0-2337318-SNAPSHOT.jar:0.4.0-2337318-SNAPSHOT]
	at org.apache.ratis.grpc.client.GrpcClientProtocolService$RequestStreamObserver.processClientRequest(GrpcClientProtocolService.java:220) ~[ratis-grpc-0.4.0-2337318-SNAPSHOT.jar:0.4.0-2337318-SNAPSHOT]
	at org.apache.ratis.grpc.client.GrpcClientProtocolService$OrderedRequestStreamObserver.processClientRequest(GrpcClientProtocolService.java:326) ~[ratis-grpc-0.4.0-2337318-SNAPSHOT.jar:0.4.0-2337318-SNAPSHOT]
	at org.apache.ratis.util.SlidingWindow$Server.processRequestsFromHead(SlidingWindow.java:429) [ratis-common-0.4.0-2337318-SNAPSHOT.jar:0.4.0-2337318-SNAPSHOT]
	at org.apache.ratis.util.SlidingWindow$Server.receivedRequest(SlidingWindow.java:421) [ratis-common-0.4.0-2337318-SNAPSHOT.jar:0.4.0-2337318-SNAPSHOT]
	at org.apache.ratis.grpc.client.GrpcClientProtocolService$OrderedRequestStreamObserver.processClientRequest(GrpcClientProtocolService.java:345) [ratis-grpc-0.4.0-2337318-SNAPSHOT.jar:0.4.0-2337318-SNAPSHOT]
	at org.apache.ratis.grpc.client.GrpcClientProtocolService$RequestStreamObserver.onNext(GrpcClientProtocolService.java:240) [ratis-grpc-0.4.0-2337318-SNAPSHOT.jar:0.4.0-2337318-SNAPSHOT]
	at org.apache.ratis.grpc.client.GrpcClientProtocolService$RequestStreamObserver.onNext(GrpcClientProtocolService.java:168) [ratis-grpc-0.4.0-2337318-SNAPSHOT.jar:0.4.0-2337318-SNAPSHOT]
	at org.apache.ratis.thirdparty.io.grpc.stub.ServerCalls$StreamingServerCallHandler$StreamingServerCallListener.onMessage(ServerCalls.java:248) [ratis-thirdparty-misc-0.2.0.jar:0.2.0]
	at org.apache.ratis.thirdparty.io.grpc.internal.ServerCallImpl$ServerStreamListenerImpl.messagesAvailable(ServerCallImpl.java:263) [ratis-thirdparty-misc-0.2.0.jar:0.2.0]
	at org.apache.ratis.thirdparty.io.grpc.internal.ServerImpl$JumpToApplicationThreadServerStreamListener$1MessagesAvailable.runInContext(ServerImpl.java:686) [ratis-thirdparty-misc-0.2.0.jar:0.2.0]
	at org.apache.ratis.thirdparty.io.grpc.internal.ContextRunnable.run(ContextRunnable.java:37) [ratis-thirdparty-misc-0.2.0.jar:0.2.0]
	at org.apache.ratis.thirdparty.io.grpc.internal.SerializingExecutor.run(SerializingExecutor.java:123) [ratis-thirdparty-misc-0.2.0.jar:0.2.0]
	at java.util.concurrent.ThreadPoolExecutor.runWorker(ThreadPoolExecutor.java:1149) [?:1.8.0_212]
	at java.util.concurrent.ThreadPoolExecutor$Worker.run(ThreadPoolExecutor.java:624) [?:1.8.0_212]
	at java.lang.Thread.run(Thread.java:748) [?:1.8.0_212]
2019-07-14 16:32:58,984 INFO  client.GrpcClientProtocolClient (GrpcClientProtocolClient.java:onNext(255)) - client-8765D9B7F8AD->66ff6589-2641-42bd-b340-7b521dc7dda0: receive RaftClientReply:client-8765D9B7F8AD->66ff6589-2641-42bd-b340-7b521dc7dda0@group-0008BAFEECAE, cid=216, FAILED org.apache.ratis.protocol.StateMachineException: org.apache.hadoop.hdds.scm.container.common.helpers.ContainerNotOpenException from Server 66ff6589-2641-42bd-b340-7b521dc7dda0: Container 1 in CLOSED state, logIndex=0, commits[66ff6589-2641-42bd-b340-7b521dc7dda0:c8, 3ba554fc-5326-4e7e-b3cf-8a138092dbfd:c7, 6c4be139-c8d3-4895-8303-7b4f9222f802:c7]
2019-07-14 16:32:58,987 INFO  interfaces.Container (KeyValueContainer.java:compactDB(356)) - Container 1 is closed with bcsId 4.
16:32:58.991 [grpc-default-executor-2] ERROR DNAudit - user=null | ip=null | op=PUT_BLOCK {blockData=[blockId=conID: 1 locID: 102440761635438608 bcsId: 0,size=334]} | ret=FAILURE
org.apache.hadoop.hdds.scm.container.common.helpers.ContainerNotOpenException: Container 1 in CLOSED state
	at org.apache.hadoop.ozone.container.common.impl.HddsDispatcher.validateContainerCommand(HddsDispatcher.java:408) ~[hadoop-hdds-container-service-0.5.0-SNAPSHOT.jar:?]
	at org.apache.hadoop.ozone.container.common.transport.server.ratis.ContainerStateMachine.startTransaction(ContainerStateMachine.java:271) ~[hadoop-hdds-container-service-0.5.0-SNAPSHOT.jar:?]
	at org.apache.ratis.server.impl.RaftServerImpl.submitClientRequestAsync(RaftServerImpl.java:566) ~[ratis-server-0.4.0-2337318-SNAPSHOT.jar:0.4.0-2337318-SNAPSHOT]
	at org.apache.ratis.server.impl.RaftServerProxy.lambda$submitClientRequestAsync$7(RaftServerProxy.java:333) ~[ratis-server-0.4.0-2337318-SNAPSHOT.jar:0.4.0-2337318-SNAPSHOT]
	at org.apache.ratis.server.impl.RaftServerProxy.lambda$null$5(RaftServerProxy.java:328) ~[ratis-server-0.4.0-2337318-SNAPSHOT.jar:0.4.0-2337318-SNAPSHOT]
	at org.apache.ratis.util.JavaUtils.callAsUnchecked(JavaUtils.java:109) ~[ratis-common-0.4.0-2337318-SNAPSHOT.jar:0.4.0-2337318-SNAPSHOT]
	at org.apache.ratis.server.impl.RaftServerProxy.lambda$submitRequest$6(RaftServerProxy.java:328) ~[ratis-server-0.4.0-2337318-SNAPSHOT.jar:0.4.0-2337318-SNAPSHOT]
	at java.util.concurrent.CompletableFuture.uniComposeStage(CompletableFuture.java:981) ~[?:1.8.0_212]
	at java.util.concurrent.CompletableFuture.thenCompose(CompletableFuture.java:2124) ~[?:1.8.0_212]
	at org.apache.ratis.server.impl.RaftServerProxy.submitRequest(RaftServerProxy.java:327) ~[ratis-server-0.4.0-2337318-SNAPSHOT.jar:0.4.0-2337318-SNAPSHOT]
	at org.apache.ratis.server.impl.RaftServerProxy.submitClientRequestAsync(RaftServerProxy.java:333) ~[ratis-server-0.4.0-2337318-SNAPSHOT.jar:0.4.0-2337318-SNAPSHOT]
	at org.apache.ratis.grpc.client.GrpcClientProtocolService$RequestStreamObserver.processClientRequest(GrpcClientProtocolService.java:220) ~[ratis-grpc-0.4.0-2337318-SNAPSHOT.jar:0.4.0-2337318-SNAPSHOT]
	at org.apache.ratis.grpc.client.GrpcClientProtocolService$OrderedRequestStreamObserver.processClientRequest(GrpcClientProtocolService.java:326) ~[ratis-grpc-0.4.0-2337318-SNAPSHOT.jar:0.4.0-2337318-SNAPSHOT]
	at org.apache.ratis.util.SlidingWindow$Server.processRequestsFromHead(SlidingWindow.java:429) [ratis-common-0.4.0-2337318-SNAPSHOT.jar:0.4.0-2337318-SNAPSHOT]
	at org.apache.ratis.util.SlidingWindow$Server.receivedRequest(SlidingWindow.java:421) [ratis-common-0.4.0-2337318-SNAPSHOT.jar:0.4.0-2337318-SNAPSHOT]
	at org.apache.ratis.grpc.client.GrpcClientProtocolService$OrderedRequestStreamObserver.processClientRequest(GrpcClientProtocolService.java:345) [ratis-grpc-0.4.0-2337318-SNAPSHOT.jar:0.4.0-2337318-SNAPSHOT]
	at org.apache.ratis.grpc.client.GrpcClientProtocolService$RequestStreamObserver.onNext(GrpcClientProtocolService.java:240) [ratis-grpc-0.4.0-2337318-SNAPSHOT.jar:0.4.0-2337318-SNAPSHOT]
	at org.apache.ratis.grpc.client.GrpcClientProtocolService$RequestStreamObserver.onNext(GrpcClientProtocolService.java:168) [ratis-grpc-0.4.0-2337318-SNAPSHOT.jar:0.4.0-2337318-SNAPSHOT]
	at org.apache.ratis.thirdparty.io.grpc.stub.ServerCalls$StreamingServerCallHandler$StreamingServerCallListener.onMessage(ServerCalls.java:248) [ratis-thirdparty-misc-0.2.0.jar:0.2.0]
	at org.apache.ratis.thirdparty.io.grpc.internal.ServerCallImpl$ServerStreamListenerImpl.messagesAvailable(ServerCallImpl.java:263) [ratis-thirdparty-misc-0.2.0.jar:0.2.0]
	at org.apache.ratis.thirdparty.io.grpc.internal.ServerImpl$JumpToApplicationThreadServerStreamListener$1MessagesAvailable.runInContext(ServerImpl.java:686) [ratis-thirdparty-misc-0.2.0.jar:0.2.0]
	at org.apache.ratis.thirdparty.io.grpc.internal.ContextRunnable.run(ContextRunnable.java:37) [ratis-thirdparty-misc-0.2.0.jar:0.2.0]
	at org.apache.ratis.thirdparty.io.grpc.internal.SerializingExecutor.run(SerializingExecutor.java:123) [ratis-thirdparty-misc-0.2.0.jar:0.2.0]
	at java.util.concurrent.ThreadPoolExecutor.runWorker(ThreadPoolExecutor.java:1149) [?:1.8.0_212]
	at java.util.concurrent.ThreadPoolExecutor$Worker.run(ThreadPoolExecutor.java:624) [?:1.8.0_212]
	at java.lang.Thread.run(Thread.java:748) [?:1.8.0_212]
2019-07-14 16:32:58,992 INFO  client.GrpcClientProtocolClient (GrpcClientProtocolClient.java:onNext(255)) - client-8765D9B7F8AD->66ff6589-2641-42bd-b340-7b521dc7dda0: receive RaftClientReply:client-8765D9B7F8AD->66ff6589-2641-42bd-b340-7b521dc7dda0@group-0008BAFEECAE, cid=217, FAILED org.apache.ratis.protocol.StateMachineException: org.apache.hadoop.hdds.scm.container.common.helpers.ContainerNotOpenException from Server 66ff6589-2641-42bd-b340-7b521dc7dda0: Container 1 in CLOSED state, logIndex=0, commits[66ff6589-2641-42bd-b340-7b521dc7dda0:c8, 3ba554fc-5326-4e7e-b3cf-8a138092dbfd:c7, 6c4be139-c8d3-4895-8303-7b4f9222f802:c7]
2019-07-14 16:32:58,999 INFO  client.GrpcClientProtocolClient (GrpcClientProtocolClient.java:onNext(255)) - client-8765D9B7F8AD->66ff6589-2641-42bd-b340-7b521dc7dda0: receive RaftClientReply:client-8765D9B7F8AD->66ff6589-2641-42bd-b340-7b521dc7dda0@group-0008BAFEECAE, cid=218, FAILED org.apache.ratis.protocol.StateMachineException: org.apache.hadoop.hdds.scm.container.common.helpers.ContainerNotOpenException from Server 66ff6589-2641-42bd-b340-7b521dc7dda0: Container 1 in CLOSED state, logIndex=0, commits[66ff6589-2641-42bd-b340-7b521dc7dda0:c8, 3ba554fc-5326-4e7e-b3cf-8a138092dbfd:c7, 6c4be139-c8d3-4895-8303-7b4f9222f802:c7]
2019-07-14 16:32:59,017 INFO  interfaces.Container (KeyValueContainer.java:compactDB(356)) - Container 1 is closed with bcsId 4.
2019-07-14 16:32:59,018 INFO  interfaces.Container (KeyValueContainer.java:compactDB(356)) - Container 1 is closed with bcsId 4.
2019-07-14 16:32:59,027 INFO  client.GrpcClientProtocolClient (GrpcClientProtocolClient.java:onNext(255)) - client-2DC2ECFEA329->444d8768-562b-4bdf-aff2-e99e646a3934: receive RaftClientReply:client-2DC2ECFEA329->444d8768-562b-4bdf-aff2-e99e646a3934@group-F1A6E7277F7A, cid=219, FAILED org.apache.ratis.protocol.NotLeaderException: Server 444d8768-562b-4bdf-aff2-e99e646a3934 is not the leader (719267b4-00f2-4039-b624-c5708ff59bf3:192.168.69.77:33833). Request must be sent to leader., logIndex=0, commits[444d8768-562b-4bdf-aff2-e99e646a3934:c-1, 719267b4-00f2-4039-b624-c5708ff59bf3:c-1, 87ab9341-f0cd-46be-b6ed-3911fae33a21:c-1]
2019-07-14 16:32:59,151 INFO  client.GrpcClientProtocolClient (GrpcClientProtocolClient.java:onNext(255)) - client-2DC2ECFEA329->719267b4-00f2-4039-b624-c5708ff59bf3: receive RaftClientReply:client-2DC2ECFEA329->719267b4-00f2-4039-b624-c5708ff59bf3@group-F1A6E7277F7A, cid=219, SUCCESS, logIndex=1, commits[719267b4-00f2-4039-b624-c5708ff59bf3:c1, 444d8768-562b-4bdf-aff2-e99e646a3934:c0, 87ab9341-f0cd-46be-b6ed-3911fae33a21:c0]
2019-07-14 16:32:59,171 INFO  client.GrpcClientProtocolClient (GrpcClientProtocolClient.java:onNext(255)) - client-2DC2ECFEA329->719267b4-00f2-4039-b624-c5708ff59bf3: receive RaftClientReply:client-2DC2ECFEA329->719267b4-00f2-4039-b624-c5708ff59bf3@group-F1A6E7277F7A, cid=220, SUCCESS, logIndex=3, commits[719267b4-00f2-4039-b624-c5708ff59bf3:c3, 444d8768-562b-4bdf-aff2-e99e646a3934:c1, 87ab9341-f0cd-46be-b6ed-3911fae33a21:c1]
2019-07-14 16:32:59,222 INFO  client.GrpcClientProtocolClient (GrpcClientProtocolClient.java:onNext(255)) - client-2DC2ECFEA329->719267b4-00f2-4039-b624-c5708ff59bf3: receive RaftClientReply:client-2DC2ECFEA329->719267b4-00f2-4039-b624-c5708ff59bf3@group-F1A6E7277F7A, cid=221, SUCCESS, logIndex=4, commits[719267b4-00f2-4039-b624-c5708ff59bf3:c6, 444d8768-562b-4bdf-aff2-e99e646a3934:c4, 87ab9341-f0cd-46be-b6ed-3911fae33a21:c4]
2019-07-14 16:32:59,241 INFO  pipeline.Pipeline (Pipeline.java:getProtobufMessage(195)) - Serialize pipeline PipelineID=fd1ace41-c265-4ab3-8c7d-f1a6e7277f7a with nodesInOrder{ }
2019-07-14 16:32:59,242 INFO  ozone.MiniOzoneClusterImpl (MiniOzoneClusterImpl.java:shutdown(321)) - Shutting down the Mini Ozone Cluster
2019-07-14 16:32:59,242 INFO  ozone.MiniOzoneClusterImpl (MiniOzoneClusterImpl.java:stop(336)) - Stopping the Mini Ozone Cluster
2019-07-14 16:32:59,243 INFO  ozone.MiniOzoneClusterImpl (MiniOzoneClusterImpl.java:stop(338)) - Stopping the OzoneManager
2019-07-14 16:32:59,243 INFO  ipc.Server (Server.java:stop(3082)) - Stopping server on 35697
2019-07-14 16:32:59,250 INFO  ipc.Server (Server.java:run(1185)) - Stopping IPC Server listener on 35697
2019-07-14 16:32:59,265 INFO  utils.BackgroundService (BackgroundService.java:shutdown(148)) - Shutting down service KeyDeletingService
2019-07-14 16:32:59,265 INFO  ipc.Server (Server.java:run(1319)) - Stopping IPC Server Responder
2019-07-14 16:32:59,267 INFO  handler.ContextHandler (ContextHandler.java:doStop(910)) - Stopped o.e.j.w.WebAppContext@407956a5{/,null,UNAVAILABLE}{/ozoneManager}
2019-07-14 16:32:59,267 INFO  server.AbstractConnector (AbstractConnector.java:doStop(318)) - Stopped ServerConnector@16c559c7{HTTP/1.1,[http/1.1]}{0.0.0.0:0}
2019-07-14 16:32:59,268 INFO  handler.ContextHandler (ContextHandler.java:doStop(910)) - Stopped o.e.j.s.ServletContextHandler@78ba0a57{/static,file:///workdir/hadoop-ozone/integration-test/target/test-classes/webapps/static,UNAVAILABLE}
2019-07-14 16:32:59,268 INFO  handler.ContextHandler (ContextHandler.java:doStop(910)) - Stopped o.e.j.s.ServletContextHandler@5d5b07e9{/logs,file:///workdir/hadoop-ozone/integration-test/target/log,UNAVAILABLE}
2019-07-14 16:32:59,273 INFO  ozone.MiniOzoneClusterImpl (MiniOzoneClusterImpl.java:stop(344)) - Shutting the HddsDatanodes
2019-07-14 16:32:59,273 INFO  datanode.ObjectStoreHandler (ObjectStoreHandler.java:close(155)) - Closing ObjectStoreHandler.
2019-07-14 16:32:59,273 INFO  datanode.ObjectStoreHandler (ObjectStoreHandler.java:close(155)) - Closing ObjectStoreHandler.
2019-07-14 16:32:59,273 INFO  ozone.HddsDatanodeService (HddsDatanodeService.java:stop(452)) - Stopped plug-in org.apache.hadoop.ozone.web.OzoneHddsDatanodeService@7b6824db
2019-07-14 16:32:59,274 INFO  ozone.HddsDatanodeService (HddsDatanodeService.java:stop(452)) - Stopped plug-in org.apache.hadoop.ozone.web.OzoneHddsDatanodeService@665902eb
2019-07-14 16:33:00,018 INFO  statemachine.DatanodeStateMachine (DatanodeStateMachine.java:lambda$startDaemon$0(350)) - Ozone container server started.
2019-07-14 16:33:00,136 INFO  statemachine.DatanodeStateMachine (DatanodeStateMachine.java:lambda$startDaemon$0(350)) - Ozone container server started.
2019-07-14 16:33:04,089 INFO  node.StaleNodeHandler (StaleNodeHandler.java:onMessage(58)) - Datanode 3ba554fc-5326-4e7e-b3cf-8a138092dbfd{ip: 192.168.69.77, host: pr-hdds-1710-5x6jb-1204890111, networkLocation: /default-rack, certSerialId: null} moved to stale state. Finalizing its pipelines [PipelineID=41d96020-5770-4eee-9f02-469797750131, PipelineID=ca6e9e69-ece3-4377-9df1-0008bafeecae]
2019-07-14 16:33:04,089 INFO  pipeline.SCMPipelineManager (SCMPipelineManager.java:finalizeAndDestroyPipeline(309)) - destroying pipeline:Pipeline[ Id: 41d96020-5770-4eee-9f02-469797750131, Nodes: 3ba554fc-5326-4e7e-b3cf-8a138092dbfd{ip: 192.168.69.77, host: pr-hdds-1710-5x6jb-1204890111, networkLocation: /default-rack, certSerialId: null}, Type:RATIS, Factor:ONE, State:OPEN]
2019-07-14 16:33:04,090 INFO  pipeline.PipelineStateManager (PipelineStateManager.java:finalizePipeline(123)) - Pipeline Pipeline[ Id: 41d96020-5770-4eee-9f02-469797750131, Nodes: 3ba554fc-5326-4e7e-b3cf-8a138092dbfd{ip: 192.168.69.77, host: pr-hdds-1710-5x6jb-1204890111, networkLocation: /default-rack, certSerialId: null}, Type:RATIS, Factor:ONE, State:CLOSED] moved to CLOSED state
2019-07-14 16:33:04,090 INFO  pipeline.SCMPipelineManager (SCMPipelineManager.java:finalizeAndDestroyPipeline(309)) - destroying pipeline:Pipeline[ Id: ca6e9e69-ece3-4377-9df1-0008bafeecae, Nodes: 3ba554fc-5326-4e7e-b3cf-8a138092dbfd{ip: 192.168.69.77, host: pr-hdds-1710-5x6jb-1204890111, networkLocation: /default-rack, certSerialId: null}6c4be139-c8d3-4895-8303-7b4f9222f802{ip: 192.168.69.77, host: pr-hdds-1710-5x6jb-1204890111, networkLocation: /default-rack, certSerialId: null}66ff6589-2641-42bd-b340-7b521dc7dda0{ip: 192.168.69.77, host: pr-hdds-1710-5x6jb-1204890111, networkLocation: /default-rack, certSerialId: null}, Type:RATIS, Factor:THREE, State:OPEN]
2019-07-14 16:33:04,090 INFO  pipeline.PipelineStateManager (PipelineStateManager.java:finalizePipeline(123)) - Pipeline Pipeline[ Id: ca6e9e69-ece3-4377-9df1-0008bafeecae, Nodes: 3ba554fc-5326-4e7e-b3cf-8a138092dbfd{ip: 192.168.69.77, host: pr-hdds-1710-5x6jb-1204890111, networkLocation: /default-rack, certSerialId: null}6c4be139-c8d3-4895-8303-7b4f9222f802{ip: 192.168.69.77, host: pr-hdds-1710-5x6jb-1204890111, networkLocation: /default-rack, certSerialId: null}66ff6589-2641-42bd-b340-7b521dc7dda0{ip: 192.168.69.77, host: pr-hdds-1710-5x6jb-1204890111, networkLocation: /default-rack, certSerialId: null}, Type:RATIS, Factor:THREE, State:CLOSED] moved to CLOSED state
2019-07-14 16:33:04,189 INFO  node.StaleNodeHandler (StaleNodeHandler.java:onMessage(58)) - Datanode 444d8768-562b-4bdf-aff2-e99e646a3934{ip: 192.168.69.77, host: pr-hdds-1710-5x6jb-1204890111, networkLocation: /default-rack, certSerialId: null} moved to stale state. Finalizing its pipelines [PipelineID=a39b7487-ac91-4f82-bc09-6b520e4f56ae, PipelineID=fd1ace41-c265-4ab3-8c7d-f1a6e7277f7a]
2019-07-14 16:33:04,189 INFO  pipeline.SCMPipelineManager (SCMPipelineManager.java:finalizeAndDestroyPipeline(309)) - destroying pipeline:Pipeline[ Id: a39b7487-ac91-4f82-bc09-6b520e4f56ae, Nodes: 444d8768-562b-4bdf-aff2-e99e646a3934{ip: 192.168.69.77, host: pr-hdds-1710-5x6jb-1204890111, networkLocation: /default-rack, certSerialId: null}, Type:RATIS, Factor:ONE, State:OPEN]
2019-07-14 16:33:04,189 INFO  pipeline.PipelineStateManager (PipelineStateManager.java:finalizePipeline(123)) - Pipeline Pipeline[ Id: a39b7487-ac91-4f82-bc09-6b520e4f56ae, Nodes: 444d8768-562b-4bdf-aff2-e99e646a3934{ip: 192.168.69.77, host: pr-hdds-1710-5x6jb-1204890111, networkLocation: /default-rack, certSerialId: null}, Type:RATIS, Factor:ONE, State:CLOSED] moved to CLOSED state
2019-07-14 16:33:04,190 INFO  pipeline.SCMPipelineManager (SCMPipelineManager.java:finalizeAndDestroyPipeline(309)) - destroying pipeline:Pipeline[ Id: fd1ace41-c265-4ab3-8c7d-f1a6e7277f7a, Nodes: 444d8768-562b-4bdf-aff2-e99e646a3934{ip: 192.168.69.77, host: pr-hdds-1710-5x6jb-1204890111, networkLocation: /default-rack, certSerialId: null}87ab9341-f0cd-46be-b6ed-3911fae33a21{ip: 192.168.69.77, host: pr-hdds-1710-5x6jb-1204890111, networkLocation: /default-rack, certSerialId: null}719267b4-00f2-4039-b624-c5708ff59bf3{ip: 192.168.69.77, host: pr-hdds-1710-5x6jb-1204890111, networkLocation: /default-rack, certSerialId: null}, Type:RATIS, Factor:THREE, State:OPEN]
2019-07-14 16:33:04,190 INFO  pipeline.PipelineStateManager (PipelineStateManager.java:finalizePipeline(123)) - Pipeline Pipeline[ Id: fd1ace41-c265-4ab3-8c7d-f1a6e7277f7a, Nodes: 444d8768-562b-4bdf-aff2-e99e646a3934{ip: 192.168.69.77, host: pr-hdds-1710-5x6jb-1204890111, networkLocation: /default-rack, certSerialId: null}87ab9341-f0cd-46be-b6ed-3911fae33a21{ip: 192.168.69.77, host: pr-hdds-1710-5x6jb-1204890111, networkLocation: /default-rack, certSerialId: null}719267b4-00f2-4039-b624-c5708ff59bf3{ip: 192.168.69.77, host: pr-hdds-1710-5x6jb-1204890111, networkLocation: /default-rack, certSerialId: null}, Type:RATIS, Factor:THREE, State:CLOSED] moved to CLOSED state
2019-07-14 16:33:04,190 INFO  container.CloseContainerEventHandler (CloseContainerEventHandler.java:onMessage(61)) - Close container Event triggered for container : #2
2019-07-14 16:33:04,274 INFO  ozoneimpl.OzoneContainer (OzoneContainer.java:stop(199)) - Attempting to stop container services.
2019-07-14 16:33:04,274 INFO  ozoneimpl.OzoneContainer (OzoneContainer.java:stop(199)) - Attempting to stop container services.
2019-07-14 16:33:04,275 INFO  impl.RaftServerProxy (RaftServerProxy.java:lambda$close$4(314)) - 3ba554fc-5326-4e7e-b3cf-8a138092dbfd: close
2019-07-14 16:33:04,275 INFO  impl.RaftServerProxy (RaftServerProxy.java:lambda$close$4(314)) - 444d8768-562b-4bdf-aff2-e99e646a3934: close
2019-07-14 16:33:04,276 INFO  impl.RaftServerImpl (RaftServerImpl.java:lambda$shutdown$3(245)) - 3ba554fc-5326-4e7e-b3cf-8a138092dbfd: shutdown group-469797750131
2019-07-14 16:33:04,276 INFO  impl.RaftServerImpl (RaftServerImpl.java:lambda$shutdown$3(245)) - 444d8768-562b-4bdf-aff2-e99e646a3934: shutdown group-6B520E4F56AE
2019-07-14 16:33:04,276 INFO  util.JmxRegister (JmxRegister.java:unregister(73)) - Successfully un-registered JMX Bean with object name Ratis:service=RaftServer,group=group-469797750131,id=3ba554fc-5326-4e7e-b3cf-8a138092dbfd
2019-07-14 16:33:04,276 INFO  util.JmxRegister (JmxRegister.java:unregister(73)) - Successfully un-registered JMX Bean with object name Ratis:service=RaftServer,group=group-6B520E4F56AE,id=444d8768-562b-4bdf-aff2-e99e646a3934
2019-07-14 16:33:04,277 INFO  impl.RoleInfo (RoleInfo.java:shutdownLeaderState(104)) - 3ba554fc-5326-4e7e-b3cf-8a138092dbfd: shutdown LeaderState
2019-07-14 16:33:04,277 INFO  impl.RoleInfo (RoleInfo.java:shutdownLeaderState(104)) - 444d8768-562b-4bdf-aff2-e99e646a3934: shutdown LeaderState
2019-07-14 16:33:04,278 INFO  impl.PendingRequests (PendingRequests.java:sendNotLeaderResponses(202)) - 3ba554fc-5326-4e7e-b3cf-8a138092dbfd-PendingRequests: sendNotLeaderResponses
2019-07-14 16:33:04,278 INFO  impl.PendingRequests (PendingRequests.java:sendNotLeaderResponses(202)) - 444d8768-562b-4bdf-aff2-e99e646a3934-PendingRequests: sendNotLeaderResponses
2019-07-14 16:33:04,279 INFO  ratis.ContainerStateMachine (ContainerStateMachine.java:takeSnapshot(246)) - Taking snapshot at termIndex:(t:0, i:~)
2019-07-14 16:33:04,278 INFO  impl.StateMachineUpdater (StateMachineUpdater.java:stopAndJoin(115)) - StateMachineUpdater:3ba554fc-5326-4e7e-b3cf-8a138092dbfd:group-469797750131: set stopIndex = 0
2019-07-14 16:33:04,279 INFO  impl.RaftServerImpl (ServerState.java:close(394)) - 3ba554fc-5326-4e7e-b3cf-8a138092dbfd:group-469797750131 closes. The last applied log index is 0
2019-07-14 16:33:04,279 INFO  ratis.ContainerStateMachine (ContainerStateMachine.java:takeSnapshot(246)) - Taking snapshot at termIndex:(t:0, i:~)
2019-07-14 16:33:04,279 INFO  impl.StateMachineUpdater (StateMachineUpdater.java:stopAndJoin(115)) - StateMachineUpdater:444d8768-562b-4bdf-aff2-e99e646a3934:group-6B520E4F56AE: set stopIndex = 0
2019-07-14 16:33:04,280 INFO  segmented.SegmentedRaftLogWorker (SegmentedRaftLogWorker.java:run(313)) - 3ba554fc-5326-4e7e-b3cf-8a138092dbfd-SegmentedRaftLogWorker:Storage Directory /workdir/hadoop-ozone/integration-test/target/test-dir/MiniOzoneClusterImpl-572d971c-223f-4c43-9a1b-19e82311a99c/datanode-4/data/ratis/41d96020-5770-4eee-9f02-469797750131 was interrupted, exiting. There are 0 tasks remaining in the queue.
2019-07-14 16:33:04,280 INFO  impl.RaftServerImpl (ServerState.java:close(394)) - 444d8768-562b-4bdf-aff2-e99e646a3934:group-6B520E4F56AE closes. The last applied log index is 0
2019-07-14 16:33:04,283 INFO  segmented.SegmentedRaftLogWorker (SegmentedRaftLogWorker.java:run(313)) - 444d8768-562b-4bdf-aff2-e99e646a3934-SegmentedRaftLogWorker:Storage Directory /workdir/hadoop-ozone/integration-test/target/test-dir/MiniOzoneClusterImpl-572d971c-223f-4c43-9a1b-19e82311a99c/datanode-1/data/ratis/a39b7487-ac91-4f82-bc09-6b520e4f56ae was interrupted, exiting. There are 0 tasks remaining in the queue.
2019-07-14 16:33:04,286 INFO  segmented.SegmentedRaftLogWorker (SegmentedRaftLogWorker.java:close(228)) - 3ba554fc-5326-4e7e-b3cf-8a138092dbfd-SegmentedRaftLogWorker:Storage Directory /workdir/hadoop-ozone/integration-test/target/test-dir/MiniOzoneClusterImpl-572d971c-223f-4c43-9a1b-19e82311a99c/datanode-4/data/ratis/41d96020-5770-4eee-9f02-469797750131 close()
2019-07-14 16:33:04,286 INFO  segmented.SegmentedRaftLogWorker (SegmentedRaftLogWorker.java:close(228)) - 444d8768-562b-4bdf-aff2-e99e646a3934-SegmentedRaftLogWorker:Storage Directory /workdir/hadoop-ozone/integration-test/target/test-dir/MiniOzoneClusterImpl-572d971c-223f-4c43-9a1b-19e82311a99c/datanode-1/data/ratis/a39b7487-ac91-4f82-bc09-6b520e4f56ae close()
2019-07-14 16:33:04,291 INFO  impl.RaftServerImpl (RaftServerImpl.java:lambda$shutdown$3(245)) - 3ba554fc-5326-4e7e-b3cf-8a138092dbfd: shutdown group-0008BAFEECAE
2019-07-14 16:33:04,296 INFO  impl.RaftServerImpl (RaftServerImpl.java:lambda$shutdown$3(245)) - 444d8768-562b-4bdf-aff2-e99e646a3934: shutdown group-F1A6E7277F7A
2019-07-14 16:33:04,296 INFO  util.JmxRegister (JmxRegister.java:unregister(73)) - Successfully un-registered JMX Bean with object name Ratis:service=RaftServer,group=group-0008BAFEECAE,id=3ba554fc-5326-4e7e-b3cf-8a138092dbfd
2019-07-14 16:33:04,297 INFO  impl.RoleInfo (RoleInfo.java:shutdownFollowerState(121)) - 3ba554fc-5326-4e7e-b3cf-8a138092dbfd: shutdown FollowerState
2019-07-14 16:33:04,297 INFO  impl.StateMachineUpdater (StateMachineUpdater.java:stopAndJoin(115)) - StateMachineUpdater:3ba554fc-5326-4e7e-b3cf-8a138092dbfd:group-0008BAFEECAE: set stopIndex = 8
2019-07-14 16:33:04,296 INFO  util.JmxRegister (JmxRegister.java:unregister(73)) - Successfully un-registered JMX Bean with object name Ratis:service=RaftServer,group=group-F1A6E7277F7A,id=444d8768-562b-4bdf-aff2-e99e646a3934
2019-07-14 16:33:04,298 INFO  impl.RoleInfo (RoleInfo.java:shutdownFollowerState(121)) - 444d8768-562b-4bdf-aff2-e99e646a3934: shutdown FollowerState
2019-07-14 16:33:04,297 INFO  impl.FollowerState (FollowerState.java:run(114)) - 3ba554fc-5326-4e7e-b3cf-8a138092dbfd: FollowerState was interrupted: java.lang.InterruptedException: sleep interrupted
2019-07-14 16:33:04,298 INFO  impl.FollowerState (FollowerState.java:run(114)) - 444d8768-562b-4bdf-aff2-e99e646a3934: FollowerState was interrupted: java.lang.InterruptedException: sleep interrupted
2019-07-14 16:33:04,297 INFO  ratis.ContainerStateMachine (ContainerStateMachine.java:takeSnapshot(246)) - Taking snapshot at termIndex:(t:1, i:7)
2019-07-14 16:33:04,303 INFO  ratis.ContainerStateMachine (ContainerStateMachine.java:takeSnapshot(250)) - Taking a snapshot to file /workdir/hadoop-ozone/integration-test/target/test-dir/MiniOzoneClusterImpl-572d971c-223f-4c43-9a1b-19e82311a99c/datanode-4/data/ratis/ca6e9e69-ece3-4377-9df1-0008bafeecae/sm/snapshot.1_7
2019-07-14 16:33:04,298 INFO  ratis.ContainerStateMachine (ContainerStateMachine.java:takeSnapshot(246)) - Taking snapshot at termIndex:(t:1, i:4)
2019-07-14 16:33:04,304 INFO  ratis.ContainerStateMachine (ContainerStateMachine.java:takeSnapshot(250)) - Taking a snapshot to file /workdir/hadoop-ozone/integration-test/target/test-dir/MiniOzoneClusterImpl-572d971c-223f-4c43-9a1b-19e82311a99c/datanode-1/data/ratis/fd1ace41-c265-4ab3-8c7d-f1a6e7277f7a/sm/snapshot.1_4
2019-07-14 16:33:04,298 INFO  impl.StateMachineUpdater (StateMachineUpdater.java:stopAndJoin(115)) - StateMachineUpdater:444d8768-562b-4bdf-aff2-e99e646a3934:group-F1A6E7277F7A: set stopIndex = 6
2019-07-14 16:33:04,304 INFO  impl.StateMachineUpdater (StateMachineUpdater.java:takeSnapshot(242)) - StateMachineUpdater:444d8768-562b-4bdf-aff2-e99e646a3934:group-F1A6E7277F7A: Took a snapshot at index 4
2019-07-14 16:33:04,304 INFO  impl.StateMachineUpdater (StateMachineUpdater.java:lambda$new$0(80)) - StateMachineUpdater:444d8768-562b-4bdf-aff2-e99e646a3934:group-F1A6E7277F7A: snapshotIndex: updateIncreasingly -1 -> 4
2019-07-14 16:33:04,304 INFO  impl.StateMachineUpdater (StateMachineUpdater.java:takeSnapshot(242)) - StateMachineUpdater:3ba554fc-5326-4e7e-b3cf-8a138092dbfd:group-0008BAFEECAE: Took a snapshot at index 7
2019-07-14 16:33:04,304 INFO  impl.StateMachineUpdater (StateMachineUpdater.java:lambda$new$0(80)) - StateMachineUpdater:3ba554fc-5326-4e7e-b3cf-8a138092dbfd:group-0008BAFEECAE: snapshotIndex: updateIncreasingly -1 -> 7
2019-07-14 16:33:04,305 INFO  impl.RaftServerImpl (ServerState.java:close(394)) - 444d8768-562b-4bdf-aff2-e99e646a3934:group-F1A6E7277F7A closes. The last applied log index is 6
2019-07-14 16:33:04,305 INFO  impl.RaftServerImpl (ServerState.java:close(394)) - 3ba554fc-5326-4e7e-b3cf-8a138092dbfd:group-0008BAFEECAE closes. The last applied log index is 8
2019-07-14 16:33:04,305 INFO  segmented.SegmentedRaftLogWorker (SegmentedRaftLogWorker.java:run(313)) - 444d8768-562b-4bdf-aff2-e99e646a3934-SegmentedRaftLogWorker:Storage Directory /workdir/hadoop-ozone/integration-test/target/test-dir/MiniOzoneClusterImpl-572d971c-223f-4c43-9a1b-19e82311a99c/datanode-1/data/ratis/fd1ace41-c265-4ab3-8c7d-f1a6e7277f7a was interrupted, exiting. There are 0 tasks remaining in the queue.
2019-07-14 16:33:04,306 INFO  segmented.SegmentedRaftLogWorker (SegmentedRaftLogWorker.java:run(313)) - 3ba554fc-5326-4e7e-b3cf-8a138092dbfd-SegmentedRaftLogWorker:Storage Directory /workdir/hadoop-ozone/integration-test/target/test-dir/MiniOzoneClusterImpl-572d971c-223f-4c43-9a1b-19e82311a99c/datanode-4/data/ratis/ca6e9e69-ece3-4377-9df1-0008bafeecae was interrupted, exiting. There are 0 tasks remaining in the queue.
2019-07-14 16:33:04,308 INFO  segmented.SegmentedRaftLogWorker (SegmentedRaftLogWorker.java:close(228)) - 444d8768-562b-4bdf-aff2-e99e646a3934-SegmentedRaftLogWorker:Storage Directory /workdir/hadoop-ozone/integration-test/target/test-dir/MiniOzoneClusterImpl-572d971c-223f-4c43-9a1b-19e82311a99c/datanode-1/data/ratis/fd1ace41-c265-4ab3-8c7d-f1a6e7277f7a close()
2019-07-14 16:33:04,310 INFO  segmented.SegmentedRaftLogWorker (SegmentedRaftLogWorker.java:close(228)) - 3ba554fc-5326-4e7e-b3cf-8a138092dbfd-SegmentedRaftLogWorker:Storage Directory /workdir/hadoop-ozone/integration-test/target/test-dir/MiniOzoneClusterImpl-572d971c-223f-4c43-9a1b-19e82311a99c/datanode-4/data/ratis/ca6e9e69-ece3-4377-9df1-0008bafeecae close()
2019-07-14 16:33:04,315 INFO  server.GrpcService (GrpcService.java:closeImpl(155)) - 444d8768-562b-4bdf-aff2-e99e646a3934: shutdown server with port 40777 now
2019-07-14 16:33:04,319 INFO  server.GrpcService (GrpcService.java:closeImpl(155)) - 3ba554fc-5326-4e7e-b3cf-8a138092dbfd: shutdown server with port 34398 now
2019-07-14 16:33:04,320 WARN  server.GrpcServerProtocolService (LogUtils.java:warn(134)) - 444d8768-562b-4bdf-aff2-e99e646a3934: appendEntries onError: org.apache.ratis.thirdparty.io.grpc.StatusRuntimeException: CANCELLED: cancelled before receiving half close
2019-07-14 16:33:04,320 WARN  server.GrpcServerProtocolService (LogUtils.java:warn(134)) - 3ba554fc-5326-4e7e-b3cf-8a138092dbfd: appendEntries onError: org.apache.ratis.thirdparty.io.grpc.StatusRuntimeException: CANCELLED: cancelled before receiving half close
2019-07-14 16:33:04,320 INFO  server.GrpcService (GrpcService.java:closeImpl(163)) - 444d8768-562b-4bdf-aff2-e99e646a3934: shutdown server with port 40777 successfully
2019-07-14 16:33:04,320 INFO  server.GrpcService (GrpcService.java:closeImpl(163)) - 3ba554fc-5326-4e7e-b3cf-8a138092dbfd: shutdown server with port 34398 successfully
2019-07-14 16:33:04,321 WARN  server.GrpcLogAppender (LogUtils.java:warn(134)) - 66ff6589-2641-42bd-b340-7b521dc7dda0->3ba554fc-5326-4e7e-b3cf-8a138092dbfd: Failed appendEntries: org.apache.ratis.thirdparty.io.grpc.StatusRuntimeException: CANCELLED: HTTP/2 error code: CANCEL
Received Rst Stream
2019-07-14 16:33:04,321 WARN  server.GrpcLogAppender (LogUtils.java:warn(134)) - 719267b4-00f2-4039-b624-c5708ff59bf3->444d8768-562b-4bdf-aff2-e99e646a3934: Failed appendEntries: org.apache.ratis.thirdparty.io.grpc.StatusRuntimeException: CANCELLED: HTTP/2 error code: CANCEL
Received Rst Stream
2019-07-14 16:33:04,322 INFO  impl.FollowerInfo (FollowerInfo.java:lambda$new$0(50)) - 66ff6589-2641-42bd-b340-7b521dc7dda0->3ba554fc-5326-4e7e-b3cf-8a138092dbfd: nextIndex: updateUnconditionally 9 -> 8
2019-07-14 16:33:04,322 INFO  impl.FollowerInfo (FollowerInfo.java:lambda$new$0(50)) - 719267b4-00f2-4039-b624-c5708ff59bf3->444d8768-562b-4bdf-aff2-e99e646a3934: nextIndex: updateUnconditionally 7 -> 6
2019-07-14 16:33:04,324 INFO  utils.BackgroundService (BackgroundService.java:shutdown(148)) - Shutting down service BlockDeletingService
2019-07-14 16:33:04,328 INFO  utils.BackgroundService (BackgroundService.java:shutdown(148)) - Shutting down service BlockDeletingService
2019-07-14 16:33:04,330 WARN  fs.CachingGetSpaceUsed (CachingGetSpaceUsed.java:run(183)) - Thread Interrupted waiting to refresh disk information: sleep interrupted
2019-07-14 16:33:04,330 WARN  fs.CachingGetSpaceUsed (CachingGetSpaceUsed.java:run(183)) - Thread Interrupted waiting to refresh disk information: sleep interrupted
2019-07-14 16:33:04,350 INFO  statemachine.DatanodeStateMachine (DatanodeStateMachine.java:stopDaemon(395)) - Ozone container server stopped.
2019-07-14 16:33:04,350 INFO  statemachine.DatanodeStateMachine (DatanodeStateMachine.java:stopDaemon(395)) - Ozone container server stopped.
2019-07-14 16:33:04,357 INFO  handler.ContextHandler (ContextHandler.java:doStop(910)) - Stopped o.e.j.w.WebAppContext@3bbab7c7{/,null,UNAVAILABLE}{/hddsDatanode}
2019-07-14 16:33:04,357 INFO  handler.ContextHandler (ContextHandler.java:doStop(910)) - Stopped o.e.j.w.WebAppContext@37ec9c49{/,null,UNAVAILABLE}{/hddsDatanode}
2019-07-14 16:33:04,358 INFO  server.AbstractConnector (AbstractConnector.java:doStop(318)) - Stopped ServerConnector@3237522b{HTTP/1.1,[http/1.1]}{0.0.0.0:0}
2019-07-14 16:33:04,358 INFO  server.AbstractConnector (AbstractConnector.java:doStop(318)) - Stopped ServerConnector@3ab2d64c{HTTP/1.1,[http/1.1]}{0.0.0.0:0}
2019-07-14 16:33:04,358 INFO  handler.ContextHandler (ContextHandler.java:doStop(910)) - Stopped o.e.j.s.ServletContextHandler@3392d69b{/static,jar:file:/home/user/.m2/repository/org/apache/hadoop/hadoop-hdds-container-service/0.5.0-SNAPSHOT/hadoop-hdds-container-service-0.5.0-SNAPSHOT.jar!/webapps/static,UNAVAILABLE}
2019-07-14 16:33:04,360 INFO  handler.ContextHandler (ContextHandler.java:doStop(910)) - Stopped o.e.j.s.ServletContextHandler@1f9ec3e7{/static,jar:file:/home/user/.m2/repository/org/apache/hadoop/hadoop-hdds-container-service/0.5.0-SNAPSHOT/hadoop-hdds-container-service-0.5.0-SNAPSHOT.jar!/webapps/static,UNAVAILABLE}
2019-07-14 16:33:04,361 INFO  handler.ContextHandler (ContextHandler.java:doStop(910)) - Stopped o.e.j.s.ServletContextHandler@32b273c1{/logs,file:///workdir/hadoop-ozone/integration-test/target/log,UNAVAILABLE}
2019-07-14 16:33:04,363 INFO  handler.ContextHandler (ContextHandler.java:doStop(910)) - Stopped o.e.j.s.ServletContextHandler@1940bacd{/logs,file:///workdir/hadoop-ozone/integration-test/target/log,UNAVAILABLE}
2019-07-14 16:33:04,363 INFO  datanode.ObjectStoreHandler (ObjectStoreHandler.java:close(155)) - Closing ObjectStoreHandler.
2019-07-14 16:33:04,364 INFO  datanode.ObjectStoreHandler (ObjectStoreHandler.java:close(155)) - Closing ObjectStoreHandler.
2019-07-14 16:33:04,364 INFO  ozone.HddsDatanodeService (HddsDatanodeService.java:stop(452)) - Stopped plug-in org.apache.hadoop.ozone.web.OzoneHddsDatanodeService@43baf0b9
2019-07-14 16:33:04,365 INFO  ozone.HddsDatanodeService (HddsDatanodeService.java:stop(452)) - Stopped plug-in org.apache.hadoop.ozone.web.OzoneHddsDatanodeService@66008321
2019-07-14 16:33:05,019 INFO  statemachine.DatanodeStateMachine (DatanodeStateMachine.java:lambda$startDaemon$0(350)) - Ozone container server started.
2019-07-14 16:33:05,136 INFO  statemachine.DatanodeStateMachine (DatanodeStateMachine.java:lambda$startDaemon$0(350)) - Ozone container server started.
2019-07-14 16:33:06,473 WARN  server.GrpcLogAppender (LogUtils.java:warn(134)) - 66ff6589-2641-42bd-b340-7b521dc7dda0->3ba554fc-5326-4e7e-b3cf-8a138092dbfd: Failed appendEntries: org.apache.ratis.thirdparty.io.grpc.StatusRuntimeException: UNAVAILABLE: io exception
2019-07-14 16:33:06,474 INFO  impl.FollowerInfo (FollowerInfo.java:lambda$new$0(50)) - 66ff6589-2641-42bd-b340-7b521dc7dda0->3ba554fc-5326-4e7e-b3cf-8a138092dbfd: nextIndex: updateUnconditionally 8 -> 7
2019-07-14 16:33:06,692 WARN  server.GrpcLogAppender (LogUtils.java:warn(134)) - 719267b4-00f2-4039-b624-c5708ff59bf3->444d8768-562b-4bdf-aff2-e99e646a3934: Failed appendEntries: org.apache.ratis.thirdparty.io.grpc.StatusRuntimeException: UNAVAILABLE: io exception
2019-07-14 16:33:06,692 INFO  impl.FollowerInfo (FollowerInfo.java:lambda$new$0(50)) - 719267b4-00f2-4039-b624-c5708ff59bf3->444d8768-562b-4bdf-aff2-e99e646a3934: nextIndex: updateUnconditionally 6 -> 5
2019-07-14 16:33:07,142 WARN  server.GrpcLogAppender (LogUtils.java:warn(134)) - 719267b4-00f2-4039-b624-c5708ff59bf3->444d8768-562b-4bdf-aff2-e99e646a3934: Failed appendEntries: org.apache.ratis.thirdparty.io.grpc.StatusRuntimeException: UNAVAILABLE: io exception
2019-07-14 16:33:07,143 INFO  impl.FollowerInfo (FollowerInfo.java:lambda$new$0(50)) - 719267b4-00f2-4039-b624-c5708ff59bf3->444d8768-562b-4bdf-aff2-e99e646a3934: nextIndex: updateUnconditionally 6 -> 5
2019-07-14 16:33:07,154 WARN  server.GrpcLogAppender (LogUtils.java:warn(134)) - 719267b4-00f2-4039-b624-c5708ff59bf3->444d8768-562b-4bdf-aff2-e99e646a3934: Failed appendEntries: org.apache.ratis.thirdparty.io.grpc.StatusRuntimeException: UNAVAILABLE: io exception
2019-07-14 16:33:07,154 INFO  impl.FollowerInfo (FollowerInfo.java:lambda$new$0(50)) - 719267b4-00f2-4039-b624-c5708ff59bf3->444d8768-562b-4bdf-aff2-e99e646a3934: nextIndex: updateUnconditionally 6 -> 5
2019-07-14 16:33:07,166 WARN  server.GrpcLogAppender (LogUtils.java:warn(134)) - 719267b4-00f2-4039-b624-c5708ff59bf3->444d8768-562b-4bdf-aff2-e99e646a3934: Failed appendEntries: org.apache.ratis.thirdparty.io.grpc.StatusRuntimeException: UNAVAILABLE: io exception
2019-07-14 16:33:07,166 INFO  impl.FollowerInfo (FollowerInfo.java:lambda$new$0(50)) - 719267b4-00f2-4039-b624-c5708ff59bf3->444d8768-562b-4bdf-aff2-e99e646a3934: nextIndex: updateUnconditionally 6 -> 5
2019-07-14 16:33:07,197 INFO  interfaces.Container (KeyValueContainer.java:compactDB(356)) - Container 2 is closed with bcsId 4.
2019-07-14 16:33:07,225 INFO  interfaces.Container (KeyValueContainer.java:compactDB(356)) - Container 2 is closed with bcsId 4.
2019-07-14 16:33:08,973 WARN  server.GrpcLogAppender (LogUtils.java:warn(134)) - 66ff6589-2641-42bd-b340-7b521dc7dda0->3ba554fc-5326-4e7e-b3cf-8a138092dbfd: Failed appendEntries: org.apache.ratis.thirdparty.io.grpc.StatusRuntimeException: UNAVAILABLE: io exception
2019-07-14 16:33:08,974 INFO  impl.FollowerInfo (FollowerInfo.java:lambda$new$0(50)) - 66ff6589-2641-42bd-b340-7b521dc7dda0->3ba554fc-5326-4e7e-b3cf-8a138092dbfd: nextIndex: updateUnconditionally 7 -> 6
2019-07-14 16:33:09,097 INFO  node.StaleNodeHandler (StaleNodeHandler.java:onMessage(58)) - Datanode 6c4be139-c8d3-4895-8303-7b4f9222f802{ip: 192.168.69.77, host: pr-hdds-1710-5x6jb-1204890111, networkLocation: /default-rack, certSerialId: null} moved to stale state. Finalizing its pipelines [PipelineID=ca6e9e69-ece3-4377-9df1-0008bafeecae, PipelineID=f9d97818-4395-4440-bebb-a0090cedf3e6]
2019-07-14 16:33:09,098 INFO  pipeline.SCMPipelineManager (SCMPipelineManager.java:finalizeAndDestroyPipeline(309)) - destroying pipeline:Pipeline[ Id: ca6e9e69-ece3-4377-9df1-0008bafeecae, Nodes: 3ba554fc-5326-4e7e-b3cf-8a138092dbfd{ip: 192.168.69.77, host: pr-hdds-1710-5x6jb-1204890111, networkLocation: /default-rack, certSerialId: null}6c4be139-c8d3-4895-8303-7b4f9222f802{ip: 192.168.69.77, host: pr-hdds-1710-5x6jb-1204890111, networkLocation: /default-rack, certSerialId: null}66ff6589-2641-42bd-b340-7b521dc7dda0{ip: 192.168.69.77, host: pr-hdds-1710-5x6jb-1204890111, networkLocation: /default-rack, certSerialId: null}, Type:RATIS, Factor:THREE, State:CLOSED]
2019-07-14 16:33:09,098 INFO  pipeline.SCMPipelineManager (SCMPipelineManager.java:finalizeAndDestroyPipeline(309)) - destroying pipeline:Pipeline[ Id: f9d97818-4395-4440-bebb-a0090cedf3e6, Nodes: 6c4be139-c8d3-4895-8303-7b4f9222f802{ip: 192.168.69.77, host: pr-hdds-1710-5x6jb-1204890111, networkLocation: /default-rack, certSerialId: null}, Type:RATIS, Factor:ONE, State:OPEN]
2019-07-14 16:33:09,098 INFO  pipeline.PipelineStateManager (PipelineStateManager.java:finalizePipeline(123)) - Pipeline Pipeline[ Id: f9d97818-4395-4440-bebb-a0090cedf3e6, Nodes: 6c4be139-c8d3-4895-8303-7b4f9222f802{ip: 192.168.69.77, host: pr-hdds-1710-5x6jb-1204890111, networkLocation: /default-rack, certSerialId: null}, Type:RATIS, Factor:ONE, State:CLOSED] moved to CLOSED state
2019-07-14 16:33:09,198 INFO  node.StaleNodeHandler (StaleNodeHandler.java:onMessage(58)) - Datanode 87ab9341-f0cd-46be-b6ed-3911fae33a21{ip: 192.168.69.77, host: pr-hdds-1710-5x6jb-1204890111, networkLocation: /default-rack, certSerialId: null} moved to stale state. Finalizing its pipelines [PipelineID=fd1ace41-c265-4ab3-8c7d-f1a6e7277f7a, PipelineID=524a6789-2556-49a1-8879-5d864b36f920]
2019-07-14 16:33:09,198 INFO  pipeline.SCMPipelineManager (SCMPipelineManager.java:finalizeAndDestroyPipeline(309)) - destroying pipeline:Pipeline[ Id: fd1ace41-c265-4ab3-8c7d-f1a6e7277f7a, Nodes: 444d8768-562b-4bdf-aff2-e99e646a3934{ip: 192.168.69.77, host: pr-hdds-1710-5x6jb-1204890111, networkLocation: /default-rack, certSerialId: null}87ab9341-f0cd-46be-b6ed-3911fae33a21{ip: 192.168.69.77, host: pr-hdds-1710-5x6jb-1204890111, networkLocation: /default-rack, certSerialId: null}719267b4-00f2-4039-b624-c5708ff59bf3{ip: 192.168.69.77, host: pr-hdds-1710-5x6jb-1204890111, networkLocation: /default-rack, certSerialId: null}, Type:RATIS, Factor:THREE, State:CLOSED]
2019-07-14 16:33:09,198 INFO  pipeline.SCMPipelineManager (SCMPipelineManager.java:finalizeAndDestroyPipeline(309)) - destroying pipeline:Pipeline[ Id: 524a6789-2556-49a1-8879-5d864b36f920, Nodes: 87ab9341-f0cd-46be-b6ed-3911fae33a21{ip: 192.168.69.77, host: pr-hdds-1710-5x6jb-1204890111, networkLocation: /default-rack, certSerialId: null}, Type:RATIS, Factor:ONE, State:OPEN]
2019-07-14 16:33:09,198 INFO  pipeline.PipelineStateManager (PipelineStateManager.java:finalizePipeline(123)) - Pipeline Pipeline[ Id: 524a6789-2556-49a1-8879-5d864b36f920, Nodes: 87ab9341-f0cd-46be-b6ed-3911fae33a21{ip: 192.168.69.77, host: pr-hdds-1710-5x6jb-1204890111, networkLocation: /default-rack, certSerialId: null}, Type:RATIS, Factor:ONE, State:CLOSED] moved to CLOSED state
2019-07-14 16:33:09,365 INFO  ozoneimpl.OzoneContainer (OzoneContainer.java:stop(199)) - Attempting to stop container services.
2019-07-14 16:33:09,365 INFO  ozoneimpl.OzoneContainer (OzoneContainer.java:stop(199)) - Attempting to stop container services.
2019-07-14 16:33:09,366 INFO  impl.RaftServerProxy (RaftServerProxy.java:lambda$close$4(314)) - 6c4be139-c8d3-4895-8303-7b4f9222f802: close
2019-07-14 16:33:09,366 INFO  impl.RaftServerProxy (RaftServerProxy.java:lambda$close$4(314)) - 87ab9341-f0cd-46be-b6ed-3911fae33a21: close
2019-07-14 16:33:09,367 INFO  impl.RaftServerImpl (RaftServerImpl.java:lambda$shutdown$3(245)) - 6c4be139-c8d3-4895-8303-7b4f9222f802: shutdown group-0008BAFEECAE
2019-07-14 16:33:09,367 INFO  impl.RaftServerImpl (RaftServerImpl.java:lambda$shutdown$3(245)) - 87ab9341-f0cd-46be-b6ed-3911fae33a21: shutdown group-F1A6E7277F7A
2019-07-14 16:33:09,367 INFO  util.JmxRegister (JmxRegister.java:unregister(73)) - Successfully un-registered JMX Bean with object name Ratis:service=RaftServer,group=group-0008BAFEECAE,id=6c4be139-c8d3-4895-8303-7b4f9222f802
2019-07-14 16:33:09,368 INFO  util.JmxRegister (JmxRegister.java:unregister(73)) - Successfully un-registered JMX Bean with object name Ratis:service=RaftServer,group=group-F1A6E7277F7A,id=87ab9341-f0cd-46be-b6ed-3911fae33a21
2019-07-14 16:33:09,368 INFO  impl.RoleInfo (RoleInfo.java:shutdownFollowerState(121)) - 6c4be139-c8d3-4895-8303-7b4f9222f802: shutdown FollowerState
2019-07-14 16:33:09,368 INFO  impl.RoleInfo (RoleInfo.java:shutdownFollowerState(121)) - 87ab9341-f0cd-46be-b6ed-3911fae33a21: shutdown FollowerState
2019-07-14 16:33:09,369 INFO  impl.FollowerState (FollowerState.java:run(114)) - 6c4be139-c8d3-4895-8303-7b4f9222f802: FollowerState was interrupted: java.lang.InterruptedException: sleep interrupted
2019-07-14 16:33:09,369 INFO  ratis.ContainerStateMachine (ContainerStateMachine.java:takeSnapshot(246)) - Taking snapshot at termIndex:(t:1, i:7)
2019-07-14 16:33:09,373 INFO  ratis.ContainerStateMachine (ContainerStateMachine.java:takeSnapshot(250)) - Taking a snapshot to file /workdir/hadoop-ozone/integration-test/target/test-dir/MiniOzoneClusterImpl-572d971c-223f-4c43-9a1b-19e82311a99c/datanode-2/data/ratis/fd1ace41-c265-4ab3-8c7d-f1a6e7277f7a/sm/snapshot.1_7
2019-07-14 16:33:09,369 INFO  ratis.ContainerStateMachine (ContainerStateMachine.java:takeSnapshot(246)) - Taking snapshot at termIndex:(t:1, i:7)
2019-07-14 16:33:09,373 INFO  ratis.ContainerStateMachine (ContainerStateMachine.java:takeSnapshot(250)) - Taking a snapshot to file /workdir/hadoop-ozone/integration-test/target/test-dir/MiniOzoneClusterImpl-572d971c-223f-4c43-9a1b-19e82311a99c/datanode-3/data/ratis/ca6e9e69-ece3-4377-9df1-0008bafeecae/sm/snapshot.1_7
2019-07-14 16:33:09,369 INFO  impl.StateMachineUpdater (StateMachineUpdater.java:stopAndJoin(115)) - StateMachineUpdater:6c4be139-c8d3-4895-8303-7b4f9222f802:group-0008BAFEECAE: set stopIndex = 8
2019-07-14 16:33:09,373 INFO  impl.StateMachineUpdater (StateMachineUpdater.java:takeSnapshot(242)) - StateMachineUpdater:6c4be139-c8d3-4895-8303-7b4f9222f802:group-0008BAFEECAE: Took a snapshot at index 7
2019-07-14 16:33:09,373 INFO  impl.StateMachineUpdater (StateMachineUpdater.java:takeSnapshot(242)) - StateMachineUpdater:87ab9341-f0cd-46be-b6ed-3911fae33a21:group-F1A6E7277F7A: Took a snapshot at index 7
2019-07-14 16:33:09,369 INFO  impl.FollowerState (FollowerState.java:run(114)) - 87ab9341-f0cd-46be-b6ed-3911fae33a21: FollowerState was interrupted: java.lang.InterruptedException: sleep interrupted
2019-07-14 16:33:09,369 INFO  impl.StateMachineUpdater (StateMachineUpdater.java:stopAndJoin(115)) - StateMachineUpdater:87ab9341-f0cd-46be-b6ed-3911fae33a21:group-F1A6E7277F7A: set stopIndex = 7
2019-07-14 16:33:09,374 INFO  impl.StateMachineUpdater (StateMachineUpdater.java:lambda$new$0(80)) - StateMachineUpdater:87ab9341-f0cd-46be-b6ed-3911fae33a21:group-F1A6E7277F7A: snapshotIndex: updateIncreasingly -1 -> 7
2019-07-14 16:33:09,374 INFO  impl.StateMachineUpdater (StateMachineUpdater.java:lambda$new$0(80)) - StateMachineUpdater:6c4be139-c8d3-4895-8303-7b4f9222f802:group-0008BAFEECAE: snapshotIndex: updateIncreasingly -1 -> 7
2019-07-14 16:33:09,377 INFO  impl.RaftServerImpl (ServerState.java:close(394)) - 87ab9341-f0cd-46be-b6ed-3911fae33a21:group-F1A6E7277F7A closes. The last applied log index is 7
2019-07-14 16:33:09,377 INFO  impl.RaftServerImpl (ServerState.java:close(394)) - 6c4be139-c8d3-4895-8303-7b4f9222f802:group-0008BAFEECAE closes. The last applied log index is 8
2019-07-14 16:33:09,377 INFO  segmented.SegmentedRaftLogWorker (SegmentedRaftLogWorker.java:run(313)) - 87ab9341-f0cd-46be-b6ed-3911fae33a21-SegmentedRaftLogWorker:Storage Directory /workdir/hadoop-ozone/integration-test/target/test-dir/MiniOzoneClusterImpl-572d971c-223f-4c43-9a1b-19e82311a99c/datanode-2/data/ratis/fd1ace41-c265-4ab3-8c7d-f1a6e7277f7a was interrupted, exiting. There are 0 tasks remaining in the queue.
2019-07-14 16:33:09,378 INFO  segmented.SegmentedRaftLogWorker (SegmentedRaftLogWorker.java:run(313)) - 6c4be139-c8d3-4895-8303-7b4f9222f802-SegmentedRaftLogWorker:Storage Directory /workdir/hadoop-ozone/integration-test/target/test-dir/MiniOzoneClusterImpl-572d971c-223f-4c43-9a1b-19e82311a99c/datanode-3/data/ratis/ca6e9e69-ece3-4377-9df1-0008bafeecae was interrupted, exiting. There are 0 tasks remaining in the queue.
2019-07-14 16:33:09,382 INFO  segmented.SegmentedRaftLogWorker (SegmentedRaftLogWorker.java:close(228)) - 87ab9341-f0cd-46be-b6ed-3911fae33a21-SegmentedRaftLogWorker:Storage Directory /workdir/hadoop-ozone/integration-test/target/test-dir/MiniOzoneClusterImpl-572d971c-223f-4c43-9a1b-19e82311a99c/datanode-2/data/ratis/fd1ace41-c265-4ab3-8c7d-f1a6e7277f7a close()
2019-07-14 16:33:09,382 INFO  segmented.SegmentedRaftLogWorker (SegmentedRaftLogWorker.java:close(228)) - 6c4be139-c8d3-4895-8303-7b4f9222f802-SegmentedRaftLogWorker:Storage Directory /workdir/hadoop-ozone/integration-test/target/test-dir/MiniOzoneClusterImpl-572d971c-223f-4c43-9a1b-19e82311a99c/datanode-3/data/ratis/ca6e9e69-ece3-4377-9df1-0008bafeecae close()
2019-07-14 16:33:09,386 INFO  impl.RaftServerImpl (RaftServerImpl.java:lambda$shutdown$3(245)) - 87ab9341-f0cd-46be-b6ed-3911fae33a21: shutdown group-5D864B36F920
2019-07-14 16:33:09,390 INFO  impl.RaftServerImpl (RaftServerImpl.java:lambda$shutdown$3(245)) - 6c4be139-c8d3-4895-8303-7b4f9222f802: shutdown group-A0090CEDF3E6
2019-07-14 16:33:09,390 INFO  util.JmxRegister (JmxRegister.java:unregister(73)) - Successfully un-registered JMX Bean with object name Ratis:service=RaftServer,group=group-5D864B36F920,id=87ab9341-f0cd-46be-b6ed-3911fae33a21
2019-07-14 16:33:09,391 INFO  util.JmxRegister (JmxRegister.java:unregister(73)) - Successfully un-registered JMX Bean with object name Ratis:service=RaftServer,group=group-A0090CEDF3E6,id=6c4be139-c8d3-4895-8303-7b4f9222f802
2019-07-14 16:33:09,391 INFO  impl.RoleInfo (RoleInfo.java:shutdownLeaderState(104)) - 87ab9341-f0cd-46be-b6ed-3911fae33a21: shutdown LeaderState
2019-07-14 16:33:09,392 INFO  impl.RoleInfo (RoleInfo.java:shutdownLeaderState(104)) - 6c4be139-c8d3-4895-8303-7b4f9222f802: shutdown LeaderState
2019-07-14 16:33:09,392 INFO  impl.PendingRequests (PendingRequests.java:sendNotLeaderResponses(202)) - 87ab9341-f0cd-46be-b6ed-3911fae33a21-PendingRequests: sendNotLeaderResponses
2019-07-14 16:33:09,392 INFO  impl.PendingRequests (PendingRequests.java:sendNotLeaderResponses(202)) - 6c4be139-c8d3-4895-8303-7b4f9222f802-PendingRequests: sendNotLeaderResponses
2019-07-14 16:33:09,393 INFO  ratis.ContainerStateMachine (ContainerStateMachine.java:takeSnapshot(246)) - Taking snapshot at termIndex:(t:0, i:~)
2019-07-14 16:33:09,393 INFO  ratis.ContainerStateMachine (ContainerStateMachine.java:takeSnapshot(246)) - Taking snapshot at termIndex:(t:0, i:~)
2019-07-14 16:33:09,393 INFO  impl.StateMachineUpdater (StateMachineUpdater.java:stopAndJoin(115)) - StateMachineUpdater:87ab9341-f0cd-46be-b6ed-3911fae33a21:group-5D864B36F920: set stopIndex = 0
2019-07-14 16:33:09,393 INFO  impl.StateMachineUpdater (StateMachineUpdater.java:stopAndJoin(115)) - StateMachineUpdater:6c4be139-c8d3-4895-8303-7b4f9222f802:group-A0090CEDF3E6: set stopIndex = 0
2019-07-14 16:33:09,394 INFO  impl.RaftServerImpl (ServerState.java:close(394)) - 6c4be139-c8d3-4895-8303-7b4f9222f802:group-A0090CEDF3E6 closes. The last applied log index is 0
2019-07-14 16:33:09,394 INFO  impl.RaftServerImpl (ServerState.java:close(394)) - 87ab9341-f0cd-46be-b6ed-3911fae33a21:group-5D864B36F920 closes. The last applied log index is 0
2019-07-14 16:33:09,395 INFO  segmented.SegmentedRaftLogWorker (SegmentedRaftLogWorker.java:run(313)) - 6c4be139-c8d3-4895-8303-7b4f9222f802-SegmentedRaftLogWorker:Storage Directory /workdir/hadoop-ozone/integration-test/target/test-dir/MiniOzoneClusterImpl-572d971c-223f-4c43-9a1b-19e82311a99c/datanode-3/data/ratis/f9d97818-4395-4440-bebb-a0090cedf3e6 was interrupted, exiting. There are 0 tasks remaining in the queue.
2019-07-14 16:33:09,395 INFO  segmented.SegmentedRaftLogWorker (SegmentedRaftLogWorker.java:run(313)) - 87ab9341-f0cd-46be-b6ed-3911fae33a21-SegmentedRaftLogWorker:Storage Directory /workdir/hadoop-ozone/integration-test/target/test-dir/MiniOzoneClusterImpl-572d971c-223f-4c43-9a1b-19e82311a99c/datanode-2/data/ratis/524a6789-2556-49a1-8879-5d864b36f920 was interrupted, exiting. There are 0 tasks remaining in the queue.
2019-07-14 16:33:09,397 INFO  segmented.SegmentedRaftLogWorker (SegmentedRaftLogWorker.java:close(228)) - 6c4be139-c8d3-4895-8303-7b4f9222f802-SegmentedRaftLogWorker:Storage Directory /workdir/hadoop-ozone/integration-test/target/test-dir/MiniOzoneClusterImpl-572d971c-223f-4c43-9a1b-19e82311a99c/datanode-3/data/ratis/f9d97818-4395-4440-bebb-a0090cedf3e6 close()
2019-07-14 16:33:09,399 INFO  segmented.SegmentedRaftLogWorker (SegmentedRaftLogWorker.java:close(228)) - 87ab9341-f0cd-46be-b6ed-3911fae33a21-SegmentedRaftLogWorker:Storage Directory /workdir/hadoop-ozone/integration-test/target/test-dir/MiniOzoneClusterImpl-572d971c-223f-4c43-9a1b-19e82311a99c/datanode-2/data/ratis/524a6789-2556-49a1-8879-5d864b36f920 close()
2019-07-14 16:33:09,412 INFO  server.GrpcService (GrpcService.java:closeImpl(155)) - 6c4be139-c8d3-4895-8303-7b4f9222f802: shutdown server with port 43454 now
2019-07-14 16:33:09,414 INFO  server.GrpcService (GrpcService.java:closeImpl(155)) - 87ab9341-f0cd-46be-b6ed-3911fae33a21: shutdown server with port 45093 now
2019-07-14 16:33:09,415 WARN  server.GrpcServerProtocolService (LogUtils.java:warn(134)) - 6c4be139-c8d3-4895-8303-7b4f9222f802: appendEntries onError: org.apache.ratis.thirdparty.io.grpc.StatusRuntimeException: CANCELLED: cancelled before receiving half close
2019-07-14 16:33:09,415 WARN  server.GrpcLogAppender (LogUtils.java:warn(134)) - 66ff6589-2641-42bd-b340-7b521dc7dda0->6c4be139-c8d3-4895-8303-7b4f9222f802: Failed appendEntries: org.apache.ratis.thirdparty.io.grpc.StatusRuntimeException: CANCELLED: HTTP/2 error code: CANCEL
Received Rst Stream
2019-07-14 16:33:09,415 WARN  server.GrpcServerProtocolService (LogUtils.java:warn(134)) - 87ab9341-f0cd-46be-b6ed-3911fae33a21: appendEntries onError: org.apache.ratis.thirdparty.io.grpc.StatusRuntimeException: CANCELLED: cancelled before receiving half close
2019-07-14 16:33:09,416 INFO  impl.FollowerInfo (FollowerInfo.java:lambda$new$0(50)) - 66ff6589-2641-42bd-b340-7b521dc7dda0->6c4be139-c8d3-4895-8303-7b4f9222f802: nextIndex: updateUnconditionally 9 -> 8
2019-07-14 16:33:09,415 WARN  server.GrpcLogAppender (LogUtils.java:warn(134)) - 719267b4-00f2-4039-b624-c5708ff59bf3->87ab9341-f0cd-46be-b6ed-3911fae33a21: Failed appendEntries: org.apache.ratis.thirdparty.io.grpc.StatusRuntimeException: CANCELLED: HTTP/2 error code: CANCEL
Received Rst Stream
2019-07-14 16:33:09,415 INFO  server.GrpcService (GrpcService.java:closeImpl(163)) - 87ab9341-f0cd-46be-b6ed-3911fae33a21: shutdown server with port 45093 successfully
2019-07-14 16:33:09,415 INFO  server.GrpcService (GrpcService.java:closeImpl(163)) - 6c4be139-c8d3-4895-8303-7b4f9222f802: shutdown server with port 43454 successfully
2019-07-14 16:33:09,416 INFO  impl.FollowerInfo (FollowerInfo.java:lambda$new$0(50)) - 719267b4-00f2-4039-b624-c5708ff59bf3->87ab9341-f0cd-46be-b6ed-3911fae33a21: nextIndex: updateUnconditionally 9 -> 8
2019-07-14 16:33:09,419 INFO  utils.BackgroundService (BackgroundService.java:shutdown(148)) - Shutting down service BlockDeletingService
2019-07-14 16:33:09,422 INFO  utils.BackgroundService (BackgroundService.java:shutdown(148)) - Shutting down service BlockDeletingService
2019-07-14 16:33:09,424 WARN  fs.CachingGetSpaceUsed (CachingGetSpaceUsed.java:run(183)) - Thread Interrupted waiting to refresh disk information: sleep interrupted
2019-07-14 16:33:09,425 WARN  fs.CachingGetSpaceUsed (CachingGetSpaceUsed.java:run(183)) - Thread Interrupted waiting to refresh disk information: sleep interrupted
2019-07-14 16:33:09,445 INFO  statemachine.DatanodeStateMachine (DatanodeStateMachine.java:stopDaemon(395)) - Ozone container server stopped.
2019-07-14 16:33:09,446 INFO  handler.ContextHandler (ContextHandler.java:doStop(910)) - Stopped o.e.j.w.WebAppContext@66032b8d{/,null,UNAVAILABLE}{/hddsDatanode}
2019-07-14 16:33:09,447 INFO  server.AbstractConnector (AbstractConnector.java:doStop(318)) - Stopped ServerConnector@7c1a5092{HTTP/1.1,[http/1.1]}{0.0.0.0:0}
2019-07-14 16:33:09,447 INFO  handler.ContextHandler (ContextHandler.java:doStop(910)) - Stopped o.e.j.s.ServletContextHandler@327fd5c9{/static,jar:file:/home/user/.m2/repository/org/apache/hadoop/hadoop-hdds-container-service/0.5.0-SNAPSHOT/hadoop-hdds-container-service-0.5.0-SNAPSHOT.jar!/webapps/static,UNAVAILABLE}
2019-07-14 16:33:09,448 INFO  handler.ContextHandler (ContextHandler.java:doStop(910)) - Stopped o.e.j.s.ServletContextHandler@16486ab3{/logs,file:///workdir/hadoop-ozone/integration-test/target/log,UNAVAILABLE}
2019-07-14 16:33:09,455 INFO  datanode.ObjectStoreHandler (ObjectStoreHandler.java:close(155)) - Closing ObjectStoreHandler.
2019-07-14 16:33:09,461 INFO  statemachine.DatanodeStateMachine (DatanodeStateMachine.java:stopDaemon(395)) - Ozone container server stopped.
2019-07-14 16:33:09,462 INFO  ozone.HddsDatanodeService (HddsDatanodeService.java:stop(452)) - Stopped plug-in org.apache.hadoop.ozone.web.OzoneHddsDatanodeService@4d162d67
2019-07-14 16:33:09,466 INFO  handler.ContextHandler (ContextHandler.java:doStop(910)) - Stopped o.e.j.w.WebAppContext@40f53ea{/,null,UNAVAILABLE}{/hddsDatanode}
2019-07-14 16:33:09,467 INFO  server.AbstractConnector (AbstractConnector.java:doStop(318)) - Stopped ServerConnector@5a1216b0{HTTP/1.1,[http/1.1]}{0.0.0.0:0}
2019-07-14 16:33:09,468 INFO  handler.ContextHandler (ContextHandler.java:doStop(910)) - Stopped o.e.j.s.ServletContextHandler@3872c85f{/static,jar:file:/home/user/.m2/repository/org/apache/hadoop/hadoop-hdds-container-service/0.5.0-SNAPSHOT/hadoop-hdds-container-service-0.5.0-SNAPSHOT.jar!/webapps/static,UNAVAILABLE}
2019-07-14 16:33:09,470 INFO  handler.ContextHandler (ContextHandler.java:doStop(910)) - Stopped o.e.j.s.ServletContextHandler@421f447f{/logs,file:///workdir/hadoop-ozone/integration-test/target/log,UNAVAILABLE}
2019-07-14 16:33:09,471 INFO  datanode.ObjectStoreHandler (ObjectStoreHandler.java:close(155)) - Closing ObjectStoreHandler.
2019-07-14 16:33:09,471 INFO  ozone.HddsDatanodeService (HddsDatanodeService.java:stop(452)) - Stopped plug-in org.apache.hadoop.ozone.web.OzoneHddsDatanodeService@7d911f95
2019-07-14 16:33:09,667 WARN  server.GrpcLogAppender (LogUtils.java:warn(134)) - 719267b4-00f2-4039-b624-c5708ff59bf3->444d8768-562b-4bdf-aff2-e99e646a3934: Failed appendEntries: org.apache.ratis.thirdparty.io.grpc.StatusRuntimeException: UNAVAILABLE: io exception
2019-07-14 16:33:09,667 WARN  server.GrpcLogAppender (LogUtils.java:warn(134)) - 719267b4-00f2-4039-b624-c5708ff59bf3->87ab9341-f0cd-46be-b6ed-3911fae33a21: Failed appendEntries: org.apache.ratis.thirdparty.io.grpc.StatusRuntimeException: UNAVAILABLE: io exception
2019-07-14 16:33:09,667 INFO  impl.FollowerInfo (FollowerInfo.java:lambda$new$0(50)) - 719267b4-00f2-4039-b624-c5708ff59bf3->444d8768-562b-4bdf-aff2-e99e646a3934: nextIndex: updateUnconditionally 5 -> 4
2019-07-14 16:33:09,668 INFO  impl.FollowerInfo (FollowerInfo.java:lambda$new$0(50)) - 719267b4-00f2-4039-b624-c5708ff59bf3->87ab9341-f0cd-46be-b6ed-3911fae33a21: nextIndex: updateUnconditionally 8 -> 7
2019-07-14 16:33:10,134 INFO  statemachine.DatanodeStateMachine (DatanodeStateMachine.java:lambda$startDaemon$0(350)) - Ozone container server started.
2019-07-14 16:33:10,199 INFO  statemachine.DatanodeStateMachine (DatanodeStateMachine.java:lambda$startDaemon$0(350)) - Ozone container server started.
2019-07-14 16:33:11,474 WARN  server.GrpcLogAppender (LogUtils.java:warn(134)) - 66ff6589-2641-42bd-b340-7b521dc7dda0->3ba554fc-5326-4e7e-b3cf-8a138092dbfd: Failed appendEntries: org.apache.ratis.thirdparty.io.grpc.StatusRuntimeException: UNAVAILABLE: io exception
2019-07-14 16:33:11,475 INFO  impl.FollowerInfo (FollowerInfo.java:lambda$new$0(50)) - 66ff6589-2641-42bd-b340-7b521dc7dda0->3ba554fc-5326-4e7e-b3cf-8a138092dbfd: nextIndex: updateUnconditionally 6 -> 5
2019-07-14 16:33:11,476 WARN  server.GrpcLogAppender (LogUtils.java:warn(134)) - 66ff6589-2641-42bd-b340-7b521dc7dda0->6c4be139-c8d3-4895-8303-7b4f9222f802: Failed appendEntries: org.apache.ratis.thirdparty.io.grpc.StatusRuntimeException: UNAVAILABLE: io exception
2019-07-14 16:33:11,476 INFO  impl.FollowerInfo (FollowerInfo.java:lambda$new$0(50)) - 66ff6589-2641-42bd-b340-7b521dc7dda0->6c4be139-c8d3-4895-8303-7b4f9222f802: nextIndex: updateUnconditionally 8 -> 7
2019-07-14 16:33:12,167 WARN  server.GrpcLogAppender (LogUtils.java:warn(134)) - 719267b4-00f2-4039-b624-c5708ff59bf3->444d8768-562b-4bdf-aff2-e99e646a3934: Failed appendEntries: org.apache.ratis.thirdparty.io.grpc.StatusRuntimeException: UNAVAILABLE: io exception
2019-07-14 16:33:12,167 WARN  server.GrpcLogAppender (LogUtils.java:warn(134)) - 719267b4-00f2-4039-b624-c5708ff59bf3->87ab9341-f0cd-46be-b6ed-3911fae33a21: Failed appendEntries: org.apache.ratis.thirdparty.io.grpc.StatusRuntimeException: UNAVAILABLE: io exception
2019-07-14 16:33:12,168 INFO  impl.FollowerInfo (FollowerInfo.java:lambda$new$0(50)) - 719267b4-00f2-4039-b624-c5708ff59bf3->444d8768-562b-4bdf-aff2-e99e646a3934: nextIndex: updateUnconditionally 4 -> 3
2019-07-14 16:33:12,168 INFO  impl.FollowerInfo (FollowerInfo.java:lambda$new$0(50)) - 719267b4-00f2-4039-b624-c5708ff59bf3->87ab9341-f0cd-46be-b6ed-3911fae33a21: nextIndex: updateUnconditionally 7 -> 6
2019-07-14 16:33:13,975 WARN  server.GrpcLogAppender (LogUtils.java:warn(134)) - 66ff6589-2641-42bd-b340-7b521dc7dda0->3ba554fc-5326-4e7e-b3cf-8a138092dbfd: Failed appendEntries: org.apache.ratis.thirdparty.io.grpc.StatusRuntimeException: UNAVAILABLE: io exception
2019-07-14 16:33:13,975 INFO  impl.FollowerInfo (FollowerInfo.java:lambda$new$0(50)) - 66ff6589-2641-42bd-b340-7b521dc7dda0->3ba554fc-5326-4e7e-b3cf-8a138092dbfd: nextIndex: updateUnconditionally 5 -> 4
2019-07-14 16:33:13,976 WARN  server.GrpcLogAppender (LogUtils.java:warn(134)) - 66ff6589-2641-42bd-b340-7b521dc7dda0->6c4be139-c8d3-4895-8303-7b4f9222f802: Failed appendEntries: org.apache.ratis.thirdparty.io.grpc.StatusRuntimeException: UNAVAILABLE: io exception
2019-07-14 16:33:13,977 INFO  impl.FollowerInfo (FollowerInfo.java:lambda$new$0(50)) - 66ff6589-2641-42bd-b340-7b521dc7dda0->6c4be139-c8d3-4895-8303-7b4f9222f802: nextIndex: updateUnconditionally 7 -> 6
2019-07-14 16:33:14,206 INFO  node.StaleNodeHandler (StaleNodeHandler.java:onMessage(58)) - Datanode e8393335-3568-408e-8ae6-3111d1cac025{ip: 192.168.69.77, host: pr-hdds-1710-5x6jb-1204890111, networkLocation: /default-rack, certSerialId: null} moved to stale state. Finalizing its pipelines [PipelineID=a8c363fd-d97e-4800-ae54-ecb822d1c6c2]
2019-07-14 16:33:14,206 INFO  pipeline.SCMPipelineManager (SCMPipelineManager.java:finalizeAndDestroyPipeline(309)) - destroying pipeline:Pipeline[ Id: a8c363fd-d97e-4800-ae54-ecb822d1c6c2, Nodes: e8393335-3568-408e-8ae6-3111d1cac025{ip: 192.168.69.77, host: pr-hdds-1710-5x6jb-1204890111, networkLocation: /default-rack, certSerialId: null}, Type:RATIS, Factor:ONE, State:OPEN]
2019-07-14 16:33:14,206 INFO  pipeline.PipelineStateManager (PipelineStateManager.java:finalizePipeline(123)) - Pipeline Pipeline[ Id: a8c363fd-d97e-4800-ae54-ecb822d1c6c2, Nodes: e8393335-3568-408e-8ae6-3111d1cac025{ip: 192.168.69.77, host: pr-hdds-1710-5x6jb-1204890111, networkLocation: /default-rack, certSerialId: null}, Type:RATIS, Factor:ONE, State:CLOSED] moved to CLOSED state
2019-07-14 16:33:14,206 INFO  node.StaleNodeHandler (StaleNodeHandler.java:onMessage(58)) - Datanode 719267b4-00f2-4039-b624-c5708ff59bf3{ip: 192.168.69.77, host: pr-hdds-1710-5x6jb-1204890111, networkLocation: /default-rack, certSerialId: null} moved to stale state. Finalizing its pipelines [PipelineID=2fdfd19d-cb96-4370-81fc-d5568d56880b, PipelineID=fd1ace41-c265-4ab3-8c7d-f1a6e7277f7a]
2019-07-14 16:33:14,206 INFO  pipeline.SCMPipelineManager (SCMPipelineManager.java:finalizeAndDestroyPipeline(309)) - destroying pipeline:Pipeline[ Id: 2fdfd19d-cb96-4370-81fc-d5568d56880b, Nodes: 719267b4-00f2-4039-b624-c5708ff59bf3{ip: 192.168.69.77, host: pr-hdds-1710-5x6jb-1204890111, networkLocation: /default-rack, certSerialId: null}, Type:RATIS, Factor:ONE, State:OPEN]
2019-07-14 16:33:14,207 INFO  pipeline.PipelineStateManager (PipelineStateManager.java:finalizePipeline(123)) - Pipeline Pipeline[ Id: 2fdfd19d-cb96-4370-81fc-d5568d56880b, Nodes: 719267b4-00f2-4039-b624-c5708ff59bf3{ip: 192.168.69.77, host: pr-hdds-1710-5x6jb-1204890111, networkLocation: /default-rack, certSerialId: null}, Type:RATIS, Factor:ONE, State:CLOSED] moved to CLOSED state
2019-07-14 16:33:14,207 INFO  pipeline.SCMPipelineManager (SCMPipelineManager.java:finalizeAndDestroyPipeline(309)) - destroying pipeline:Pipeline[ Id: fd1ace41-c265-4ab3-8c7d-f1a6e7277f7a, Nodes: 444d8768-562b-4bdf-aff2-e99e646a3934{ip: 192.168.69.77, host: pr-hdds-1710-5x6jb-1204890111, networkLocation: /default-rack, certSerialId: null}87ab9341-f0cd-46be-b6ed-3911fae33a21{ip: 192.168.69.77, host: pr-hdds-1710-5x6jb-1204890111, networkLocation: /default-rack, certSerialId: null}719267b4-00f2-4039-b624-c5708ff59bf3{ip: 192.168.69.77, host: pr-hdds-1710-5x6jb-1204890111, networkLocation: /default-rack, certSerialId: null}, Type:RATIS, Factor:THREE, State:CLOSED]
2019-07-14 16:33:14,465 INFO  ozoneimpl.OzoneContainer (OzoneContainer.java:stop(199)) - Attempting to stop container services.
2019-07-14 16:33:14,466 INFO  impl.RaftServerProxy (RaftServerProxy.java:lambda$close$4(314)) - e8393335-3568-408e-8ae6-3111d1cac025: close
2019-07-14 16:33:14,467 INFO  impl.RaftServerImpl (RaftServerImpl.java:lambda$shutdown$3(245)) - e8393335-3568-408e-8ae6-3111d1cac025: shutdown group-ECB822D1C6C2
2019-07-14 16:33:14,467 INFO  util.JmxRegister (JmxRegister.java:unregister(73)) - Successfully un-registered JMX Bean with object name Ratis:service=RaftServer,group=group-ECB822D1C6C2,id=e8393335-3568-408e-8ae6-3111d1cac025
2019-07-14 16:33:14,467 INFO  impl.RoleInfo (RoleInfo.java:shutdownLeaderState(104)) - e8393335-3568-408e-8ae6-3111d1cac025: shutdown LeaderState
2019-07-14 16:33:14,468 INFO  impl.PendingRequests (PendingRequests.java:sendNotLeaderResponses(202)) - e8393335-3568-408e-8ae6-3111d1cac025-PendingRequests: sendNotLeaderResponses
2019-07-14 16:33:14,469 INFO  impl.StateMachineUpdater (StateMachineUpdater.java:stopAndJoin(115)) - StateMachineUpdater:e8393335-3568-408e-8ae6-3111d1cac025:group-ECB822D1C6C2: set stopIndex = 0
2019-07-14 16:33:14,469 INFO  ratis.ContainerStateMachine (ContainerStateMachine.java:takeSnapshot(246)) - Taking snapshot at termIndex:(t:0, i:~)
2019-07-14 16:33:14,469 INFO  impl.RaftServerImpl (ServerState.java:close(394)) - e8393335-3568-408e-8ae6-3111d1cac025:group-ECB822D1C6C2 closes. The last applied log index is 0
2019-07-14 16:33:14,470 INFO  segmented.SegmentedRaftLogWorker (SegmentedRaftLogWorker.java:run(313)) - e8393335-3568-408e-8ae6-3111d1cac025-SegmentedRaftLogWorker:Storage Directory /workdir/hadoop-ozone/integration-test/target/test-dir/MiniOzoneClusterImpl-572d971c-223f-4c43-9a1b-19e82311a99c/datanode-6/data/ratis/a8c363fd-d97e-4800-ae54-ecb822d1c6c2 was interrupted, exiting. There are 0 tasks remaining in the queue.
2019-07-14 16:33:14,473 INFO  ozoneimpl.OzoneContainer (OzoneContainer.java:stop(199)) - Attempting to stop container services.
2019-07-14 16:33:14,473 INFO  segmented.SegmentedRaftLogWorker (SegmentedRaftLogWorker.java:close(228)) - e8393335-3568-408e-8ae6-3111d1cac025-SegmentedRaftLogWorker:Storage Directory /workdir/hadoop-ozone/integration-test/target/test-dir/MiniOzoneClusterImpl-572d971c-223f-4c43-9a1b-19e82311a99c/datanode-6/data/ratis/a8c363fd-d97e-4800-ae54-ecb822d1c6c2 close()
2019-07-14 16:33:14,473 INFO  impl.RaftServerProxy (RaftServerProxy.java:lambda$close$4(314)) - 719267b4-00f2-4039-b624-c5708ff59bf3: close
2019-07-14 16:33:14,475 INFO  server.GrpcService (GrpcService.java:closeImpl(155)) - e8393335-3568-408e-8ae6-3111d1cac025: shutdown server with port 42410 now
2019-07-14 16:33:14,475 INFO  impl.RaftServerImpl (RaftServerImpl.java:lambda$shutdown$3(245)) - 719267b4-00f2-4039-b624-c5708ff59bf3: shutdown group-D5568D56880B
2019-07-14 16:33:14,478 INFO  util.JmxRegister (JmxRegister.java:unregister(73)) - Successfully un-registered JMX Bean with object name Ratis:service=RaftServer,group=group-D5568D56880B,id=719267b4-00f2-4039-b624-c5708ff59bf3
2019-07-14 16:33:14,478 INFO  server.GrpcService (GrpcService.java:closeImpl(163)) - e8393335-3568-408e-8ae6-3111d1cac025: shutdown server with port 42410 successfully
2019-07-14 16:33:14,478 INFO  impl.RoleInfo (RoleInfo.java:shutdownLeaderState(104)) - 719267b4-00f2-4039-b624-c5708ff59bf3: shutdown LeaderState
2019-07-14 16:33:14,479 INFO  impl.PendingRequests (PendingRequests.java:sendNotLeaderResponses(202)) - 719267b4-00f2-4039-b624-c5708ff59bf3-PendingRequests: sendNotLeaderResponses
2019-07-14 16:33:14,479 INFO  impl.StateMachineUpdater (StateMachineUpdater.java:stopAndJoin(115)) - StateMachineUpdater:719267b4-00f2-4039-b624-c5708ff59bf3:group-D5568D56880B: set stopIndex = 0
2019-07-14 16:33:14,479 INFO  utils.BackgroundService (BackgroundService.java:shutdown(148)) - Shutting down service BlockDeletingService
2019-07-14 16:33:14,479 INFO  ratis.ContainerStateMachine (ContainerStateMachine.java:takeSnapshot(246)) - Taking snapshot at termIndex:(t:0, i:~)
2019-07-14 16:33:14,480 INFO  impl.RaftServerImpl (ServerState.java:close(394)) - 719267b4-00f2-4039-b624-c5708ff59bf3:group-D5568D56880B closes. The last applied log index is 0
2019-07-14 16:33:14,481 INFO  segmented.SegmentedRaftLogWorker (SegmentedRaftLogWorker.java:run(313)) - 719267b4-00f2-4039-b624-c5708ff59bf3-SegmentedRaftLogWorker:Storage Directory /workdir/hadoop-ozone/integration-test/target/test-dir/MiniOzoneClusterImpl-572d971c-223f-4c43-9a1b-19e82311a99c/datanode-0/data/ratis/2fdfd19d-cb96-4370-81fc-d5568d56880b was interrupted, exiting. There are 0 tasks remaining in the queue.
2019-07-14 16:33:14,483 INFO  segmented.SegmentedRaftLogWorker (SegmentedRaftLogWorker.java:close(228)) - 719267b4-00f2-4039-b624-c5708ff59bf3-SegmentedRaftLogWorker:Storage Directory /workdir/hadoop-ozone/integration-test/target/test-dir/MiniOzoneClusterImpl-572d971c-223f-4c43-9a1b-19e82311a99c/datanode-0/data/ratis/2fdfd19d-cb96-4370-81fc-d5568d56880b close()
2019-07-14 16:33:14,483 WARN  fs.CachingGetSpaceUsed (CachingGetSpaceUsed.java:run(183)) - Thread Interrupted waiting to refresh disk information: sleep interrupted
2019-07-14 16:33:14,485 INFO  impl.RaftServerImpl (RaftServerImpl.java:lambda$shutdown$3(245)) - 719267b4-00f2-4039-b624-c5708ff59bf3: shutdown group-F1A6E7277F7A
2019-07-14 16:33:14,485 INFO  util.JmxRegister (JmxRegister.java:unregister(73)) - Successfully un-registered JMX Bean with object name Ratis:service=RaftServer,group=group-F1A6E7277F7A,id=719267b4-00f2-4039-b624-c5708ff59bf3
2019-07-14 16:33:14,486 INFO  impl.RoleInfo (RoleInfo.java:shutdownLeaderState(104)) - 719267b4-00f2-4039-b624-c5708ff59bf3: shutdown LeaderState
2019-07-14 16:33:14,490 WARN  server.GrpcLogAppender (GrpcLogAppender.java:mayWait(143)) - GrpcLogAppender(719267b4-00f2-4039-b624-c5708ff59bf3->444d8768-562b-4bdf-aff2-e99e646a3934): Wait interrupted by java.lang.InterruptedException
2019-07-14 16:33:14,490 WARN  server.GrpcLogAppender (GrpcLogAppender.java:mayWait(143)) - GrpcLogAppender(719267b4-00f2-4039-b624-c5708ff59bf3->87ab9341-f0cd-46be-b6ed-3911fae33a21): Wait interrupted by java.lang.InterruptedException
2019-07-14 16:33:14,490 INFO  impl.PendingRequests (PendingRequests.java:sendNotLeaderResponses(202)) - 719267b4-00f2-4039-b624-c5708ff59bf3-PendingRequests: sendNotLeaderResponses
2019-07-14 16:33:14,495 INFO  impl.StateMachineUpdater (StateMachineUpdater.java:stopAndJoin(115)) - StateMachineUpdater:719267b4-00f2-4039-b624-c5708ff59bf3:group-F1A6E7277F7A: set stopIndex = 8
2019-07-14 16:33:14,495 INFO  ratis.ContainerStateMachine (ContainerStateMachine.java:takeSnapshot(246)) - Taking snapshot at termIndex:(t:1, i:8)
2019-07-14 16:33:14,495 INFO  ratis.ContainerStateMachine (ContainerStateMachine.java:takeSnapshot(250)) - Taking a snapshot to file /workdir/hadoop-ozone/integration-test/target/test-dir/MiniOzoneClusterImpl-572d971c-223f-4c43-9a1b-19e82311a99c/datanode-0/data/ratis/fd1ace41-c265-4ab3-8c7d-f1a6e7277f7a/sm/snapshot.1_8
2019-07-14 16:33:14,495 INFO  impl.StateMachineUpdater (StateMachineUpdater.java:takeSnapshot(242)) - StateMachineUpdater:719267b4-00f2-4039-b624-c5708ff59bf3:group-F1A6E7277F7A: Took a snapshot at index 8
2019-07-14 16:33:14,496 INFO  impl.StateMachineUpdater (StateMachineUpdater.java:lambda$new$0(80)) - StateMachineUpdater:719267b4-00f2-4039-b624-c5708ff59bf3:group-F1A6E7277F7A: snapshotIndex: updateIncreasingly -1 -> 8
2019-07-14 16:33:14,496 INFO  impl.RaftServerImpl (ServerState.java:close(394)) - 719267b4-00f2-4039-b624-c5708ff59bf3:group-F1A6E7277F7A closes. The last applied log index is 8
2019-07-14 16:33:14,496 INFO  segmented.SegmentedRaftLogWorker (SegmentedRaftLogWorker.java:run(313)) - 719267b4-00f2-4039-b624-c5708ff59bf3-SegmentedRaftLogWorker:Storage Directory /workdir/hadoop-ozone/integration-test/target/test-dir/MiniOzoneClusterImpl-572d971c-223f-4c43-9a1b-19e82311a99c/datanode-0/data/ratis/fd1ace41-c265-4ab3-8c7d-f1a6e7277f7a was interrupted, exiting. There are 0 tasks remaining in the queue.
2019-07-14 16:33:14,498 INFO  segmented.SegmentedRaftLogWorker (SegmentedRaftLogWorker.java:close(228)) - 719267b4-00f2-4039-b624-c5708ff59bf3-SegmentedRaftLogWorker:Storage Directory /workdir/hadoop-ozone/integration-test/target/test-dir/MiniOzoneClusterImpl-572d971c-223f-4c43-9a1b-19e82311a99c/datanode-0/data/ratis/fd1ace41-c265-4ab3-8c7d-f1a6e7277f7a close()
2019-07-14 16:33:14,500 INFO  server.GrpcService (GrpcService.java:closeImpl(155)) - 719267b4-00f2-4039-b624-c5708ff59bf3: shutdown server with port 33833 now
2019-07-14 16:33:14,502 INFO  server.GrpcService (GrpcService.java:closeImpl(163)) - 719267b4-00f2-4039-b624-c5708ff59bf3: shutdown server with port 33833 successfully
2019-07-14 16:33:14,503 INFO  utils.BackgroundService (BackgroundService.java:shutdown(148)) - Shutting down service BlockDeletingService
2019-07-14 16:33:14,508 WARN  fs.CachingGetSpaceUsed (CachingGetSpaceUsed.java:run(183)) - Thread Interrupted waiting to refresh disk information: sleep interrupted
2019-07-14 16:33:14,515 INFO  statemachine.DatanodeStateMachine (DatanodeStateMachine.java:stopDaemon(395)) - Ozone container server stopped.
2019-07-14 16:33:14,532 INFO  statemachine.DatanodeStateMachine (DatanodeStateMachine.java:stopDaemon(395)) - Ozone container server stopped.
2019-07-14 16:33:14,532 INFO  handler.ContextHandler (ContextHandler.java:doStop(910)) - Stopped o.e.j.w.WebAppContext@31881213{/,null,UNAVAILABLE}{/hddsDatanode}
2019-07-14 16:33:14,537 INFO  server.AbstractConnector (AbstractConnector.java:doStop(318)) - Stopped ServerConnector@2162e4a{HTTP/1.1,[http/1.1]}{0.0.0.0:0}
2019-07-14 16:33:14,540 INFO  handler.ContextHandler (ContextHandler.java:doStop(910)) - Stopped o.e.j.w.WebAppContext@49d658bf{/,null,UNAVAILABLE}{/hddsDatanode}
2019-07-14 16:33:14,541 INFO  handler.ContextHandler (ContextHandler.java:doStop(910)) - Stopped o.e.j.s.ServletContextHandler@156322ce{/static,jar:file:/home/user/.m2/repository/org/apache/hadoop/hadoop-hdds-container-service/0.5.0-SNAPSHOT/hadoop-hdds-container-service-0.5.0-SNAPSHOT.jar!/webapps/static,UNAVAILABLE}
2019-07-14 16:33:14,541 INFO  handler.ContextHandler (ContextHandler.java:doStop(910)) - Stopped o.e.j.s.ServletContextHandler@27d6ff8c{/logs,file:///workdir/hadoop-ozone/integration-test/target/log,UNAVAILABLE}
2019-07-14 16:33:14,541 INFO  server.AbstractConnector (AbstractConnector.java:doStop(318)) - Stopped ServerConnector@21288943{HTTP/1.1,[http/1.1]}{0.0.0.0:0}
2019-07-14 16:33:14,543 INFO  handler.ContextHandler (ContextHandler.java:doStop(910)) - Stopped o.e.j.s.ServletContextHandler@69e346b3{/static,jar:file:/home/user/.m2/repository/org/apache/hadoop/hadoop-hdds-container-service/0.5.0-SNAPSHOT/hadoop-hdds-container-service-0.5.0-SNAPSHOT.jar!/webapps/static,UNAVAILABLE}
2019-07-14 16:33:14,543 INFO  datanode.ObjectStoreHandler (ObjectStoreHandler.java:close(155)) - Closing ObjectStoreHandler.
2019-07-14 16:33:14,545 INFO  handler.ContextHandler (ContextHandler.java:doStop(910)) - Stopped o.e.j.s.ServletContextHandler@1bb90d4d{/logs,file:///workdir/hadoop-ozone/integration-test/target/log,UNAVAILABLE}
2019-07-14 16:33:14,545 INFO  ozone.HddsDatanodeService (HddsDatanodeService.java:stop(452)) - Stopped plug-in org.apache.hadoop.ozone.web.OzoneHddsDatanodeService@3bad0efd
2019-07-14 16:33:14,992 INFO  statemachine.DatanodeStateMachine (DatanodeStateMachine.java:lambda$startDaemon$0(350)) - Ozone container server started.
2019-07-14 16:33:16,476 WARN  server.GrpcLogAppender (LogUtils.java:warn(134)) - 66ff6589-2641-42bd-b340-7b521dc7dda0->3ba554fc-5326-4e7e-b3cf-8a138092dbfd: Failed appendEntries: org.apache.ratis.thirdparty.io.grpc.StatusRuntimeException: UNAVAILABLE: io exception
2019-07-14 16:33:16,476 INFO  impl.FollowerInfo (FollowerInfo.java:lambda$new$0(50)) - 66ff6589-2641-42bd-b340-7b521dc7dda0->3ba554fc-5326-4e7e-b3cf-8a138092dbfd: nextIndex: updateUnconditionally 4 -> 3
2019-07-14 16:33:16,477 WARN  server.GrpcLogAppender (LogUtils.java:warn(134)) - 66ff6589-2641-42bd-b340-7b521dc7dda0->6c4be139-c8d3-4895-8303-7b4f9222f802: Failed appendEntries: org.apache.ratis.thirdparty.io.grpc.StatusRuntimeException: UNAVAILABLE: io exception
2019-07-14 16:33:16,477 INFO  impl.FollowerInfo (FollowerInfo.java:lambda$new$0(50)) - 66ff6589-2641-42bd-b340-7b521dc7dda0->6c4be139-c8d3-4895-8303-7b4f9222f802: nextIndex: updateUnconditionally 6 -> 5
2019-07-14 16:33:18,976 WARN  server.GrpcLogAppender (LogUtils.java:warn(134)) - 66ff6589-2641-42bd-b340-7b521dc7dda0->3ba554fc-5326-4e7e-b3cf-8a138092dbfd: Failed appendEntries: org.apache.ratis.thirdparty.io.grpc.StatusRuntimeException: UNAVAILABLE: io exception
2019-07-14 16:33:18,977 WARN  server.GrpcLogAppender (LogUtils.java:warn(134)) - 66ff6589-2641-42bd-b340-7b521dc7dda0->6c4be139-c8d3-4895-8303-7b4f9222f802: Failed appendEntries: org.apache.ratis.thirdparty.io.grpc.StatusRuntimeException: UNAVAILABLE: io exception
2019-07-14 16:33:18,977 INFO  impl.FollowerInfo (FollowerInfo.java:lambda$new$0(50)) - 66ff6589-2641-42bd-b340-7b521dc7dda0->3ba554fc-5326-4e7e-b3cf-8a138092dbfd: nextIndex: updateUnconditionally 3 -> 2
2019-07-14 16:33:18,978 INFO  impl.FollowerInfo (FollowerInfo.java:lambda$new$0(50)) - 66ff6589-2641-42bd-b340-7b521dc7dda0->6c4be139-c8d3-4895-8303-7b4f9222f802: nextIndex: updateUnconditionally 5 -> 4
2019-07-14 16:33:19,012 INFO  node.StaleNodeHandler (StaleNodeHandler.java:onMessage(58)) - Datanode 66ff6589-2641-42bd-b340-7b521dc7dda0{ip: 192.168.69.77, host: pr-hdds-1710-5x6jb-1204890111, networkLocation: /default-rack, certSerialId: null} moved to stale state. Finalizing its pipelines [PipelineID=097e0a68-03f0-4984-93ba-80a74b6c93f6, PipelineID=ca6e9e69-ece3-4377-9df1-0008bafeecae]
2019-07-14 16:33:19,012 INFO  pipeline.SCMPipelineManager (SCMPipelineManager.java:finalizeAndDestroyPipeline(309)) - destroying pipeline:Pipeline[ Id: 097e0a68-03f0-4984-93ba-80a74b6c93f6, Nodes: 66ff6589-2641-42bd-b340-7b521dc7dda0{ip: 192.168.69.77, host: pr-hdds-1710-5x6jb-1204890111, networkLocation: /default-rack, certSerialId: null}, Type:RATIS, Factor:ONE, State:OPEN]
2019-07-14 16:33:19,012 INFO  pipeline.PipelineStateManager (PipelineStateManager.java:finalizePipeline(123)) - Pipeline Pipeline[ Id: 097e0a68-03f0-4984-93ba-80a74b6c93f6, Nodes: 66ff6589-2641-42bd-b340-7b521dc7dda0{ip: 192.168.69.77, host: pr-hdds-1710-5x6jb-1204890111, networkLocation: /default-rack, certSerialId: null}, Type:RATIS, Factor:ONE, State:CLOSED] moved to CLOSED state
2019-07-14 16:33:19,013 INFO  pipeline.SCMPipelineManager (SCMPipelineManager.java:finalizeAndDestroyPipeline(309)) - destroying pipeline:Pipeline[ Id: ca6e9e69-ece3-4377-9df1-0008bafeecae, Nodes: 3ba554fc-5326-4e7e-b3cf-8a138092dbfd{ip: 192.168.69.77, host: pr-hdds-1710-5x6jb-1204890111, networkLocation: /default-rack, certSerialId: null}6c4be139-c8d3-4895-8303-7b4f9222f802{ip: 192.168.69.77, host: pr-hdds-1710-5x6jb-1204890111, networkLocation: /default-rack, certSerialId: null}66ff6589-2641-42bd-b340-7b521dc7dda0{ip: 192.168.69.77, host: pr-hdds-1710-5x6jb-1204890111, networkLocation: /default-rack, certSerialId: null}, Type:RATIS, Factor:THREE, State:CLOSED]
2019-07-14 16:33:19,547 INFO  ozoneimpl.OzoneContainer (OzoneContainer.java:stop(199)) - Attempting to stop container services.
2019-07-14 16:33:19,548 INFO  impl.RaftServerProxy (RaftServerProxy.java:lambda$close$4(314)) - 66ff6589-2641-42bd-b340-7b521dc7dda0: close
2019-07-14 16:33:19,548 INFO  impl.RaftServerImpl (RaftServerImpl.java:lambda$shutdown$3(245)) - 66ff6589-2641-42bd-b340-7b521dc7dda0: shutdown group-80A74B6C93F6
2019-07-14 16:33:19,549 INFO  impl.RaftServerImpl (RaftServerImpl.java:lambda$shutdown$3(245)) - 66ff6589-2641-42bd-b340-7b521dc7dda0: shutdown group-0008BAFEECAE
2019-07-14 16:33:19,549 INFO  util.JmxRegister (JmxRegister.java:unregister(73)) - Successfully un-registered JMX Bean with object name Ratis:service=RaftServer,group=group-80A74B6C93F6,id=66ff6589-2641-42bd-b340-7b521dc7dda0
2019-07-14 16:33:19,550 INFO  impl.RoleInfo (RoleInfo.java:shutdownLeaderState(104)) - 66ff6589-2641-42bd-b340-7b521dc7dda0: shutdown LeaderState
2019-07-14 16:33:19,549 INFO  util.JmxRegister (JmxRegister.java:unregister(73)) - Successfully un-registered JMX Bean with object name Ratis:service=RaftServer,group=group-0008BAFEECAE,id=66ff6589-2641-42bd-b340-7b521dc7dda0
2019-07-14 16:33:19,550 INFO  impl.PendingRequests (PendingRequests.java:sendNotLeaderResponses(202)) - 66ff6589-2641-42bd-b340-7b521dc7dda0-PendingRequests: sendNotLeaderResponses
2019-07-14 16:33:19,550 INFO  impl.RoleInfo (RoleInfo.java:shutdownLeaderState(104)) - 66ff6589-2641-42bd-b340-7b521dc7dda0: shutdown LeaderState
2019-07-14 16:33:19,551 INFO  ratis.ContainerStateMachine (ContainerStateMachine.java:takeSnapshot(246)) - Taking snapshot at termIndex:(t:0, i:~)
2019-07-14 16:33:19,554 WARN  server.GrpcLogAppender (GrpcLogAppender.java:mayWait(143)) - GrpcLogAppender(66ff6589-2641-42bd-b340-7b521dc7dda0->6c4be139-c8d3-4895-8303-7b4f9222f802): Wait interrupted by java.lang.InterruptedException
2019-07-14 16:33:19,551 INFO  impl.StateMachineUpdater (StateMachineUpdater.java:stopAndJoin(115)) - StateMachineUpdater:66ff6589-2641-42bd-b340-7b521dc7dda0:group-80A74B6C93F6: set stopIndex = 0
2019-07-14 16:33:19,554 INFO  impl.RaftServerImpl (ServerState.java:close(394)) - 66ff6589-2641-42bd-b340-7b521dc7dda0:group-80A74B6C93F6 closes. The last applied log index is 0
2019-07-14 16:33:19,554 WARN  server.GrpcLogAppender (GrpcLogAppender.java:mayWait(143)) - GrpcLogAppender(66ff6589-2641-42bd-b340-7b521dc7dda0->3ba554fc-5326-4e7e-b3cf-8a138092dbfd): Wait interrupted by java.lang.InterruptedException
2019-07-14 16:33:19,555 INFO  segmented.SegmentedRaftLogWorker (SegmentedRaftLogWorker.java:run(313)) - 66ff6589-2641-42bd-b340-7b521dc7dda0-SegmentedRaftLogWorker:Storage Directory /workdir/hadoop-ozone/integration-test/target/test-dir/MiniOzoneClusterImpl-572d971c-223f-4c43-9a1b-19e82311a99c/datanode-5/data/ratis/097e0a68-03f0-4984-93ba-80a74b6c93f6 was interrupted, exiting. There are 0 tasks remaining in the queue.
2019-07-14 16:33:19,554 INFO  impl.PendingRequests (PendingRequests.java:sendNotLeaderResponses(202)) - 66ff6589-2641-42bd-b340-7b521dc7dda0-PendingRequests: sendNotLeaderResponses
2019-07-14 16:33:19,557 INFO  segmented.SegmentedRaftLogWorker (SegmentedRaftLogWorker.java:close(228)) - 66ff6589-2641-42bd-b340-7b521dc7dda0-SegmentedRaftLogWorker:Storage Directory /workdir/hadoop-ozone/integration-test/target/test-dir/MiniOzoneClusterImpl-572d971c-223f-4c43-9a1b-19e82311a99c/datanode-5/data/ratis/097e0a68-03f0-4984-93ba-80a74b6c93f6 close()
2019-07-14 16:33:19,557 INFO  ratis.ContainerStateMachine (ContainerStateMachine.java:takeSnapshot(246)) - Taking snapshot at termIndex:(t:1, i:8)
2019-07-14 16:33:19,559 INFO  ratis.ContainerStateMachine (ContainerStateMachine.java:takeSnapshot(250)) - Taking a snapshot to file /workdir/hadoop-ozone/integration-test/target/test-dir/MiniOzoneClusterImpl-572d971c-223f-4c43-9a1b-19e82311a99c/datanode-5/data/ratis/ca6e9e69-ece3-4377-9df1-0008bafeecae/sm/snapshot.1_8
2019-07-14 16:33:19,557 INFO  impl.StateMachineUpdater (StateMachineUpdater.java:stopAndJoin(115)) - StateMachineUpdater:66ff6589-2641-42bd-b340-7b521dc7dda0:group-0008BAFEECAE: set stopIndex = 8
2019-07-14 16:33:19,559 INFO  impl.StateMachineUpdater (StateMachineUpdater.java:takeSnapshot(242)) - StateMachineUpdater:66ff6589-2641-42bd-b340-7b521dc7dda0:group-0008BAFEECAE: Took a snapshot at index 8
2019-07-14 16:33:19,559 INFO  impl.StateMachineUpdater (StateMachineUpdater.java:lambda$new$0(80)) - StateMachineUpdater:66ff6589-2641-42bd-b340-7b521dc7dda0:group-0008BAFEECAE: snapshotIndex: updateIncreasingly -1 -> 8
2019-07-14 16:33:19,559 INFO  impl.RaftServerImpl (ServerState.java:close(394)) - 66ff6589-2641-42bd-b340-7b521dc7dda0:group-0008BAFEECAE closes. The last applied log index is 8
2019-07-14 16:33:19,560 INFO  segmented.SegmentedRaftLogWorker (SegmentedRaftLogWorker.java:run(313)) - 66ff6589-2641-42bd-b340-7b521dc7dda0-SegmentedRaftLogWorker:Storage Directory /workdir/hadoop-ozone/integration-test/target/test-dir/MiniOzoneClusterImpl-572d971c-223f-4c43-9a1b-19e82311a99c/datanode-5/data/ratis/ca6e9e69-ece3-4377-9df1-0008bafeecae was interrupted, exiting. There are 0 tasks remaining in the queue.
2019-07-14 16:33:19,561 INFO  segmented.SegmentedRaftLogWorker (SegmentedRaftLogWorker.java:close(228)) - 66ff6589-2641-42bd-b340-7b521dc7dda0-SegmentedRaftLogWorker:Storage Directory /workdir/hadoop-ozone/integration-test/target/test-dir/MiniOzoneClusterImpl-572d971c-223f-4c43-9a1b-19e82311a99c/datanode-5/data/ratis/ca6e9e69-ece3-4377-9df1-0008bafeecae close()
2019-07-14 16:33:19,563 INFO  server.GrpcService (GrpcService.java:closeImpl(155)) - 66ff6589-2641-42bd-b340-7b521dc7dda0: shutdown server with port 44924 now
2019-07-14 16:33:19,564 INFO  server.GrpcService (GrpcService.java:closeImpl(163)) - 66ff6589-2641-42bd-b340-7b521dc7dda0: shutdown server with port 44924 successfully
2019-07-14 16:33:19,565 INFO  utils.BackgroundService (BackgroundService.java:shutdown(148)) - Shutting down service BlockDeletingService
2019-07-14 16:33:19,567 WARN  fs.CachingGetSpaceUsed (CachingGetSpaceUsed.java:run(183)) - Thread Interrupted waiting to refresh disk information: sleep interrupted
2019-07-14 16:33:19,583 INFO  statemachine.DatanodeStateMachine (DatanodeStateMachine.java:stopDaemon(395)) - Ozone container server stopped.
2019-07-14 16:33:19,598 INFO  handler.ContextHandler (ContextHandler.java:doStop(910)) - Stopped o.e.j.w.WebAppContext@3ef8de39{/,null,UNAVAILABLE}{/hddsDatanode}
2019-07-14 16:33:19,599 INFO  server.AbstractConnector (AbstractConnector.java:doStop(318)) - Stopped ServerConnector@370e5bb9{HTTP/1.1,[http/1.1]}{0.0.0.0:0}
2019-07-14 16:33:19,600 INFO  handler.ContextHandler (ContextHandler.java:doStop(910)) - Stopped o.e.j.s.ServletContextHandler@71e6bac0{/static,jar:file:/home/user/.m2/repository/org/apache/hadoop/hadoop-hdds-container-service/0.5.0-SNAPSHOT/hadoop-hdds-container-service-0.5.0-SNAPSHOT.jar!/webapps/static,UNAVAILABLE}
2019-07-14 16:33:19,600 INFO  handler.ContextHandler (ContextHandler.java:doStop(910)) - Stopped o.e.j.s.ServletContextHandler@5808573f{/logs,file:///workdir/hadoop-ozone/integration-test/target/log,UNAVAILABLE}
2019-07-14 16:33:19,601 INFO  ozone.MiniOzoneClusterImpl (MiniOzoneClusterImpl.java:stop(353)) - Stopping the StorageContainerManager
2019-07-14 16:33:19,601 INFO  server.StorageContainerManager (StorageContainerManager.java:stop(799)) - Stopping Replication Manager Service.
2019-07-14 16:33:19,601 INFO  container.ReplicationManager (ReplicationManager.java:stop(187)) - Stopping Replication Monitor Thread.
2019-07-14 16:33:19,602 INFO  server.StorageContainerManager (StorageContainerManager.java:stop(806)) - Stopping Lease Manager of the command watchers
2019-07-14 16:33:19,602 INFO  server.StorageContainerManager (StorageContainerManager.java:stop(813)) - Stopping datanode service RPC server
2019-07-14 16:33:19,602 INFO  server.SCMDatanodeProtocolServer (SCMDatanodeProtocolServer.java:stop(375)) - Stopping the RPC server for DataNodes
2019-07-14 16:33:19,602 INFO  ipc.Server (Server.java:stop(3082)) - Stopping server on 44387
2019-07-14 16:33:19,604 INFO  ipc.Server (Server.java:run(1185)) - Stopping IPC Server listener on 44387
2019-07-14 16:33:19,605 INFO  ipc.Server (Server.java:run(1319)) - Stopping IPC Server Responder
2019-07-14 16:33:19,613 WARN  node.NodeStateManager (NodeStateManager.java:scheduleNextHealthCheck(631)) - Current Thread is interrupted, shutting down HB processing thread for Node Manager.
2019-07-14 16:33:19,613 INFO  server.StorageContainerManager (StorageContainerManager.java:stop(821)) - Stopping block service RPC server
2019-07-14 16:33:19,613 INFO  server.SCMBlockProtocolServer (SCMBlockProtocolServer.java:stop(148)) - Stopping the RPC server for Block Protocol
2019-07-14 16:33:19,613 INFO  ipc.Server (Server.java:stop(3082)) - Stopping server on 39003
2019-07-14 16:33:19,615 INFO  ipc.Server (Server.java:run(1185)) - Stopping IPC Server listener on 39003
2019-07-14 16:33:19,615 INFO  ipc.Server (Server.java:run(1319)) - Stopping IPC Server Responder
2019-07-14 16:33:19,615 INFO  server.StorageContainerManager (StorageContainerManager.java:stop(828)) - Stopping the StorageContainerLocationProtocol RPC server
2019-07-14 16:33:19,617 INFO  server.SCMClientProtocolServer (SCMClientProtocolServer.java:stop(157)) - Stopping the RPC server for Client Protocol
2019-07-14 16:33:19,617 INFO  ipc.Server (Server.java:stop(3082)) - Stopping server on 37506
2019-07-14 16:33:19,619 INFO  ipc.Server (Server.java:run(1185)) - Stopping IPC Server listener on 37506
2019-07-14 16:33:19,622 INFO  server.StorageContainerManager (StorageContainerManager.java:stop(835)) - Stopping Storage Container Manager HTTP server.
2019-07-14 16:33:19,623 INFO  ipc.Server (Server.java:run(1319)) - Stopping IPC Server Responder
2019-07-14 16:33:19,624 INFO  handler.ContextHandler (ContextHandler.java:doStop(910)) - Stopped o.e.j.w.WebAppContext@14cf30b3{/,null,UNAVAILABLE}{/scm}
2019-07-14 16:33:19,625 INFO  server.AbstractConnector (AbstractConnector.java:doStop(318)) - Stopped ServerConnector@38159192{HTTP/1.1,[http/1.1]}{0.0.0.0:0}
2019-07-14 16:33:19,625 INFO  handler.ContextHandler (ContextHandler.java:doStop(910)) - Stopped o.e.j.s.ServletContextHandler@ceeb762{/static,file:///workdir/hadoop-ozone/integration-test/target/test-classes/webapps/static,UNAVAILABLE}
2019-07-14 16:33:19,626 INFO  handler.ContextHandler (ContextHandler.java:doStop(910)) - Stopped o.e.j.s.ServletContextHandler@7f129873{/logs,file:///workdir/hadoop-ozone/integration-test/target/log,UNAVAILABLE}
2019-07-14 16:33:19,627 INFO  server.StorageContainerManager (StorageContainerManager.java:stop(846)) - Stopping Block Manager Service.
2019-07-14 16:33:19,627 INFO  utils.BackgroundService (BackgroundService.java:shutdown(148)) - Shutting down service SCMBlockDeletingService
2019-07-14 16:33:19,627 INFO  utils.BackgroundService (BackgroundService.java:shutdown(148)) - Shutting down service SCMBlockDeletingService
2019-07-14 16:33:19,628 INFO  server.StorageContainerManager (StorageContainerManager.java:stop(868)) - Stopping SCM Event Queue.
2019-07-14 16:33:19,650 INFO  impl.MetricsSystemImpl (MetricsSystemImpl.java:stop(210)) - Stopping HddsDatanode metrics system...
2019-07-14 16:33:19,660 INFO  impl.MetricsSystemImpl (MetricsSystemImpl.java:stop(216)) - HddsDatanode metrics system stopped.
]]></system-out>
    <system-err><![CDATA[Jul 14, 2019 4:32:46 PM com.sun.jersey.server.impl.application.WebApplicationImpl _initiate
INFO: Initiating Jersey application, version 'Jersey: 1.19 02/11/2015 03:25 AM'
Jul 14, 2019 4:32:46 PM com.sun.jersey.server.impl.application.WebApplicationImpl _initiate
INFO: Initiating Jersey application, version 'Jersey: 1.19 02/11/2015 03:25 AM'
Jul 14, 2019 4:32:47 PM com.sun.jersey.server.impl.application.WebApplicationImpl _initiate
INFO: Initiating Jersey application, version 'Jersey: 1.19 02/11/2015 03:25 AM'
Jul 14, 2019 4:32:47 PM com.sun.jersey.server.impl.application.WebApplicationImpl _initiate
INFO: Initiating Jersey application, version 'Jersey: 1.19 02/11/2015 03:25 AM'
Jul 14, 2019 4:32:47 PM com.sun.jersey.server.impl.application.WebApplicationImpl _initiate
INFO: Initiating Jersey application, version 'Jersey: 1.19 02/11/2015 03:25 AM'
Jul 14, 2019 4:32:47 PM com.sun.jersey.server.impl.application.WebApplicationImpl _initiate
INFO: Initiating Jersey application, version 'Jersey: 1.19 02/11/2015 03:25 AM'
Jul 14, 2019 4:32:48 PM com.sun.jersey.server.impl.application.WebApplicationImpl _initiate
INFO: Initiating Jersey application, version 'Jersey: 1.19 02/11/2015 03:25 AM'
Jul 14, 2019 4:32:50 PM org.apache.ratis.thirdparty.io.grpc.internal.ManagedChannelOrphanWrapper$ManagedChannelReference cleanQueue
SEVERE: *~*~*~ Channel ManagedChannelImpl{logId=3018, target=192.168.69.77:41552} was not shutdown properly!!! ~*~*~*
    Make sure to call shutdown()/shutdownNow() and wait until awaitTermination() returns true.
java.lang.RuntimeException: ManagedChannel allocation site
	at org.apache.ratis.thirdparty.io.grpc.internal.ManagedChannelOrphanWrapper$ManagedChannelReference.<init>(ManagedChannelOrphanWrapper.java:103)
	at org.apache.ratis.thirdparty.io.grpc.internal.ManagedChannelOrphanWrapper.<init>(ManagedChannelOrphanWrapper.java:53)
	at org.apache.ratis.thirdparty.io.grpc.internal.ManagedChannelOrphanWrapper.<init>(ManagedChannelOrphanWrapper.java:44)
	at org.apache.ratis.thirdparty.io.grpc.internal.AbstractManagedChannelImplBuilder.build(AbstractManagedChannelImplBuilder.java:411)
	at org.apache.ratis.grpc.client.GrpcClientProtocolClient.<init>(GrpcClientProtocolClient.java:119)
	at org.apache.ratis.grpc.client.GrpcClientRpc.lambda$new$0(GrpcClientRpc.java:55)
	at org.apache.ratis.util.PeerProxyMap$PeerAndProxy.lambda$getProxy$0(PeerProxyMap.java:61)
	at org.apache.ratis.util.LifeCycle.startAndTransition(LifeCycle.java:202)
	at org.apache.ratis.util.PeerProxyMap$PeerAndProxy.getProxy(PeerProxyMap.java:60)
	at org.apache.ratis.util.PeerProxyMap.getProxy(PeerProxyMap.java:107)
	at org.apache.ratis.grpc.client.GrpcClientRpc.sendRequestAsync(GrpcClientRpc.java:66)
	at org.apache.ratis.client.impl.OrderedAsync.sendRequest(OrderedAsync.java:208)
	at org.apache.ratis.client.impl.OrderedAsync.sendRequestWithRetry(OrderedAsync.java:169)
	at org.apache.ratis.util.SlidingWindow$Client.sendOrDelayRequest(SlidingWindow.java:278)
	at org.apache.ratis.util.SlidingWindow$Client.retry(SlidingWindow.java:294)
	at org.apache.ratis.client.impl.OrderedAsync.lambda$scheduleWithTimeout$7(OrderedAsync.java:195)
	at org.apache.ratis.util.TimeoutScheduler.lambda$onTimeout$0(TimeoutScheduler.java:85)
	at org.apache.ratis.util.TimeoutScheduler.lambda$onTimeout$1(TimeoutScheduler.java:104)
	at org.apache.ratis.util.LogUtils.runAndLog(LogUtils.java:50)
	at org.apache.ratis.util.LogUtils$1.run(LogUtils.java:91)
	at java.util.concurrent.Executors$RunnableAdapter.call(Executors.java:511)
	at java.util.concurrent.FutureTask.run(FutureTask.java:266)
	at java.util.concurrent.ScheduledThreadPoolExecutor$ScheduledFutureTask.access$201(ScheduledThreadPoolExecutor.java:180)
	at java.util.concurrent.ScheduledThreadPoolExecutor$ScheduledFutureTask.run(ScheduledThreadPoolExecutor.java:293)
	at java.util.concurrent.ThreadPoolExecutor.runWorker(ThreadPoolExecutor.java:1149)
	at java.util.concurrent.ThreadPoolExecutor$Worker.run(ThreadPoolExecutor.java:624)
	at java.lang.Thread.run(Thread.java:748)

]]></system-err>
  </testcase>
  <testcase name="testWatchForCommitWithCloseContainerException" classname="org.apache.hadoop.ozone.client.rpc.TestBlockOutputStreamWithFailures" time="34.52">
    <error type="java.lang.IllegalArgumentException">java.lang.IllegalArgumentException
	at com.google.common.base.Preconditions.checkArgument(Preconditions.java:72)
	at org.apache.hadoop.hdds.scm.XceiverClientManager.acquireClient(XceiverClientManager.java:150)
	at org.apache.hadoop.hdds.scm.XceiverClientManager.acquireClientForReadData(XceiverClientManager.java:143)
	at org.apache.hadoop.hdds.scm.storage.BlockInputStream.getChunkInfos(BlockInputStream.java:154)
	at org.apache.hadoop.hdds.scm.storage.BlockInputStream.initialize(BlockInputStream.java:118)
	at org.apache.hadoop.hdds.scm.storage.BlockInputStream.read(BlockInputStream.java:222)
	at org.apache.hadoop.ozone.client.io.KeyInputStream.read(KeyInputStream.java:171)
	at org.apache.hadoop.ozone.client.io.OzoneInputStream.read(OzoneInputStream.java:47)
	at java.io.InputStream.read(InputStream.java:101)
	at org.apache.hadoop.ozone.container.ContainerTestHelper.validateData(ContainerTestHelper.java:709)
	at org.apache.hadoop.ozone.client.rpc.TestBlockOutputStreamWithFailures.validateData(TestBlockOutputStreamWithFailures.java:1212)
	at org.apache.hadoop.ozone.client.rpc.TestBlockOutputStreamWithFailures.testWatchForCommitWithCloseContainerException(TestBlockOutputStreamWithFailures.java:260)
	at sun.reflect.NativeMethodAccessorImpl.invoke0(Native Method)
	at sun.reflect.NativeMethodAccessorImpl.invoke(NativeMethodAccessorImpl.java:62)
	at sun.reflect.DelegatingMethodAccessorImpl.invoke(DelegatingMethodAccessorImpl.java:43)
	at java.lang.reflect.Method.invoke(Method.java:498)
	at org.junit.runners.model.FrameworkMethod$1.runReflectiveCall(FrameworkMethod.java:47)
	at org.junit.internal.runners.model.ReflectiveCallable.run(ReflectiveCallable.java:12)
	at org.junit.runners.model.FrameworkMethod.invokeExplosively(FrameworkMethod.java:44)
	at org.junit.internal.runners.statements.InvokeMethod.evaluate(InvokeMethod.java:17)
	at org.junit.internal.runners.statements.RunBefores.evaluate(RunBefores.java:26)
	at org.junit.internal.runners.statements.RunAfters.evaluate(RunAfters.java:27)
	at org.junit.runners.ParentRunner.runLeaf(ParentRunner.java:271)
	at org.junit.runners.BlockJUnit4ClassRunner.runChild(BlockJUnit4ClassRunner.java:70)
	at org.junit.runners.BlockJUnit4ClassRunner.runChild(BlockJUnit4ClassRunner.java:50)
	at org.junit.runners.ParentRunner$3.run(ParentRunner.java:238)
	at org.junit.runners.ParentRunner$1.schedule(ParentRunner.java:63)
	at org.junit.runners.ParentRunner.runChildren(ParentRunner.java:236)
	at org.junit.runners.ParentRunner.access$000(ParentRunner.java:53)
	at org.junit.runners.ParentRunner$2.evaluate(ParentRunner.java:229)
	at org.junit.runners.ParentRunner.run(ParentRunner.java:309)
	at org.apache.maven.surefire.junit4.JUnit4Provider.execute(JUnit4Provider.java:365)
	at org.apache.maven.surefire.junit4.JUnit4Provider.executeWithRerun(JUnit4Provider.java:273)
	at org.apache.maven.surefire.junit4.JUnit4Provider.executeTestSet(JUnit4Provider.java:238)
	at org.apache.maven.surefire.junit4.JUnit4Provider.invoke(JUnit4Provider.java:159)
	at org.apache.maven.surefire.booter.ForkedBooter.invokeProviderInSameClassLoader(ForkedBooter.java:384)
	at org.apache.maven.surefire.booter.ForkedBooter.runSuitesInProcess(ForkedBooter.java:345)
	at org.apache.maven.surefire.booter.ForkedBooter.execute(ForkedBooter.java:126)
	at org.apache.maven.surefire.booter.ForkedBooter.main(ForkedBooter.java:418)
</error>
    <system-out><![CDATA[2019-07-14 16:33:19,718 WARN  server.ServerUtils (ServerUtils.java:getScmDbDir(145)) - ozone.scm.db.dirs is not configured. We recommend adding this setting. Falling back to ozone.metadata.dirs instead.
2019-07-14 16:33:19,745 WARN  server.ServerUtils (ServerUtils.java:getScmDbDir(145)) - ozone.scm.db.dirs is not configured. We recommend adding this setting. Falling back to ozone.metadata.dirs instead.
2019-07-14 16:33:19,746 WARN  server.ServerUtils (ServerUtils.java:getScmDbDir(145)) - ozone.scm.db.dirs is not configured. We recommend adding this setting. Falling back to ozone.metadata.dirs instead.
2019-07-14 16:33:19,746 INFO  db.DBStoreBuilder (DBStoreBuilder.java:addTable(110)) - using custom profile for table: deletedBlocks
2019-07-14 16:33:19,746 INFO  db.DBStoreBuilder (DBStoreBuilder.java:processTables(161)) - Using default column profile:DBProfile.DISK for Table:deletedBlocks
2019-07-14 16:33:19,746 INFO  db.DBStoreBuilder (DBStoreBuilder.java:addTable(110)) - using custom profile for table: validCerts
2019-07-14 16:33:19,747 INFO  db.DBStoreBuilder (DBStoreBuilder.java:processTables(161)) - Using default column profile:DBProfile.DISK for Table:validCerts
2019-07-14 16:33:19,747 INFO  db.DBStoreBuilder (DBStoreBuilder.java:addTable(110)) - using custom profile for table: revokedCerts
2019-07-14 16:33:19,747 INFO  db.DBStoreBuilder (DBStoreBuilder.java:processTables(161)) - Using default column profile:DBProfile.DISK for Table:revokedCerts
2019-07-14 16:33:19,747 INFO  db.DBStoreBuilder (DBStoreBuilder.java:addTable(110)) - using custom profile for table: default
2019-07-14 16:33:19,747 INFO  db.DBStoreBuilder (DBStoreBuilder.java:processTables(167)) - Using default column profile:DBProfile.DISK for Table:default
2019-07-14 16:33:19,748 INFO  db.DBStoreBuilder (DBStoreBuilder.java:getDbProfile(198)) - Using default options. DBProfile.DISK
2019-07-14 16:33:19,878 INFO  net.NodeSchemaLoader (NodeSchemaLoader.java:loadSchemaFromFile(125)) - Loading file from sun.misc.CompoundEnumeration@43347199
2019-07-14 16:33:19,878 INFO  net.NodeSchemaLoader (NodeSchemaLoader.java:loadSchema(171)) - Loading network topology layer schema file
2019-07-14 16:33:19,882 INFO  node.SCMNodeManager (SCMNodeManager.java:<init>(119)) - Entering startup safe mode.
2019-07-14 16:33:19,882 WARN  server.ServerUtils (ServerUtils.java:getScmDbDir(145)) - ozone.scm.db.dirs is not configured. We recommend adding this setting. Falling back to ozone.metadata.dirs instead.
2019-07-14 16:33:19,976 INFO  pipeline.SCMPipelineManager (SCMPipelineManager.java:initializePipelineState(126)) - No pipeline exists in current db
2019-07-14 16:33:19,976 WARN  server.ServerUtils (ServerUtils.java:getScmDbDir(145)) - ozone.scm.db.dirs is not configured. We recommend adding this setting. Falling back to ozone.metadata.dirs instead.
2019-07-14 16:33:20,029 WARN  events.EventQueue (EventQueue.java:fireEvent(175)) - No event handler registered for event TypedEvent{payloadType=SafeModeStatus, name='SafeModeStatus'}
2019-07-14 16:33:20,029 INFO  ipc.CallQueueManager (CallQueueManager.java:<init>(84)) - Using callQueue: class java.util.concurrent.LinkedBlockingQueue, queueCapacity: 2000, scheduler: class org.apache.hadoop.ipc.DefaultRpcScheduler, ipcBackoff: false.
2019-07-14 16:33:20,031 INFO  ipc.Server (Server.java:run(1074)) - Starting Socket Reader #1 for port 34794
2019-07-14 16:33:20,033 INFO  ipc.CallQueueManager (CallQueueManager.java:<init>(84)) - Using callQueue: class java.util.concurrent.LinkedBlockingQueue, queueCapacity: 2000, scheduler: class org.apache.hadoop.ipc.DefaultRpcScheduler, ipcBackoff: false.
2019-07-14 16:33:20,034 INFO  ipc.Server (Server.java:run(1074)) - Starting Socket Reader #1 for port 43081
2019-07-14 16:33:20,035 INFO  ipc.CallQueueManager (CallQueueManager.java:<init>(84)) - Using callQueue: class java.util.concurrent.LinkedBlockingQueue, queueCapacity: 2000, scheduler: class org.apache.hadoop.ipc.DefaultRpcScheduler, ipcBackoff: false.
2019-07-14 16:33:20,036 INFO  ipc.Server (Server.java:run(1074)) - Starting Socket Reader #1 for port 36313
2019-07-14 16:33:20,040 INFO  hdfs.DFSUtil (DFSUtil.java:httpServerTemplateForNNAndJN(1641)) - Starting Web-server for scm at: http://0.0.0.0:0
2019-07-14 16:33:20,043 INFO  server.AuthenticationFilter (AuthenticationFilter.java:constructSecretProvider(240)) - Unable to initialize FileSignerSecretProvider, falling back to use random secrets.
2019-07-14 16:33:20,044 WARN  http.HttpRequestLog (HttpRequestLog.java:getRequestLog(97)) - Jetty request log can only be enabled using Log4j
2019-07-14 16:33:20,047 INFO  http.HttpServer2 (HttpServer2.java:addGlobalFilter(975)) - Added global filter 'safety' (class=org.apache.hadoop.http.HttpServer2$QuotingInputFilter)
2019-07-14 16:33:20,048 INFO  http.HttpServer2 (HttpServer2.java:addFilter(948)) - Added filter static_user_filter (class=org.apache.hadoop.http.lib.StaticUserWebFilter$StaticUserFilter) to context scm
2019-07-14 16:33:20,049 INFO  http.HttpServer2 (HttpServer2.java:addFilter(958)) - Added filter static_user_filter (class=org.apache.hadoop.http.lib.StaticUserWebFilter$StaticUserFilter) to context logs
2019-07-14 16:33:20,049 INFO  http.HttpServer2 (HttpServer2.java:addFilter(958)) - Added filter static_user_filter (class=org.apache.hadoop.http.lib.StaticUserWebFilter$StaticUserFilter) to context static
2019-07-14 16:33:20,052 INFO  server.StorageContainerManager (StorageContainerManager.java:start(761)) - StorageContainerLocationProtocol RPC server is listening at /0.0.0.0:36313
2019-07-14 16:33:20,055 WARN  impl.MetricsConfig (MetricsConfig.java:loadFirst(134)) - Cannot locate configuration: tried hadoop-metrics2-storagecontainermanager.properties,hadoop-metrics2.properties
2019-07-14 16:33:20,056 INFO  impl.MetricsSystemImpl (MetricsSystemImpl.java:startTimer(374)) - Scheduled Metric snapshot period at 10 second(s).
2019-07-14 16:33:20,056 INFO  impl.MetricsSystemImpl (MetricsSystemImpl.java:start(191)) - StorageContainerManager metrics system started
2019-07-14 16:33:20,191 INFO  server.SCMClientProtocolServer (SCMClientProtocolServer.java:start(149)) - RPC server for Client  is listening at /0.0.0.0:36313
2019-07-14 16:33:20,191 INFO  ipc.Server (Server.java:run(1314)) - IPC Server Responder: starting
2019-07-14 16:33:20,192 INFO  ipc.Server (Server.java:run(1153)) - IPC Server listener on 36313: starting
2019-07-14 16:33:20,195 INFO  server.StorageContainerManager (StorageContainerManager.java:start(771)) - ScmBlockLocationProtocol RPC server is listening at /0.0.0.0:43081
2019-07-14 16:33:20,196 INFO  server.SCMBlockProtocolServer (SCMBlockProtocolServer.java:start(140)) - RPC server for Block Protocol is listening at /0.0.0.0:43081
2019-07-14 16:33:20,196 INFO  ipc.Server (Server.java:run(1314)) - IPC Server Responder: starting
2019-07-14 16:33:20,197 INFO  ipc.Server (Server.java:run(1153)) - IPC Server listener on 43081: starting
2019-07-14 16:33:20,201 INFO  server.StorageContainerManager (StorageContainerManager.java:start(775)) - ScmDatanodeProtocl RPC server is listening at /0.0.0.0:34794
2019-07-14 16:33:20,201 INFO  server.SCMDatanodeProtocolServer (SCMDatanodeProtocolServer.java:start(191)) - RPC server for DataNodes is listening at /0.0.0.0:34794
2019-07-14 16:33:20,202 INFO  ipc.Server (Server.java:run(1314)) - IPC Server Responder: starting
2019-07-14 16:33:20,203 INFO  ipc.Server (Server.java:run(1153)) - IPC Server listener on 34794: starting
2019-07-14 16:33:20,206 INFO  http.HttpServer2 (HttpServer2.java:bindListener(1191)) - Jetty bound to port 39248
2019-07-14 16:33:20,206 INFO  server.Server (Server.java:doStart(351)) - jetty-9.3.24.v20180605, build timestamp: 2018-06-05T17:11:56Z, git hash: 84205aa28f11a4f31f2a3b86d1bba2cc8ab69827
2019-07-14 16:33:20,208 INFO  handler.ContextHandler (ContextHandler.java:doStart(781)) - Started o.e.j.s.ServletContextHandler@31c9bb2f{/logs,file:///workdir/hadoop-ozone/integration-test/target/log,AVAILABLE}
2019-07-14 16:33:20,209 INFO  handler.ContextHandler (ContextHandler.java:doStart(781)) - Started o.e.j.s.ServletContextHandler@36a65069{/static,file:///workdir/hadoop-ozone/integration-test/target/test-classes/webapps/static,AVAILABLE}
2019-07-14 16:33:20,214 INFO  handler.ContextHandler (ContextHandler.java:doStart(781)) - Started o.e.j.w.WebAppContext@6acedf54{/,file:///workdir/hadoop-ozone/integration-test/target/test-classes/webapps/scm/,AVAILABLE}{/scm}
2019-07-14 16:33:20,215 INFO  server.AbstractConnector (AbstractConnector.java:doStart(278)) - Started ServerConnector@2a0cc666{HTTP/1.1,[http/1.1]}{0.0.0.0:39248}
2019-07-14 16:33:20,216 INFO  server.Server (Server.java:doStart(419)) - Started @660920ms
2019-07-14 16:33:20,217 INFO  server.BaseHttpServer (BaseHttpServer.java:updateConnectorAddress(207)) - HTTP server of SCM is listening at http://0.0.0.0:39248
2019-07-14 16:33:20,217 WARN  server.ServerUtils (ServerUtils.java:getDBPath(222)) - ozone.om.db.dirs is not configured. We recommend adding this setting. Falling back to ozone.metadata.dirs instead.
2019-07-14 16:33:20,219 INFO  util.JvmPauseMonitor (JvmPauseMonitor.java:run(188)) - Starting JVM pause monitor
2019-07-14 16:33:20,232 WARN  server.ServerUtils (ServerUtils.java:getDBPath(222)) - ozone.om.db.dirs is not configured. We recommend adding this setting. Falling back to ozone.metadata.dirs instead.
2019-07-14 16:33:20,232 INFO  om.OzoneManager (OzoneManager.java:setOMNodeDetails(632)) - OM Service ID is not set. Setting it to the default ID: omServiceIdDefault
2019-07-14 16:33:20,232 INFO  om.OzoneManager (OzoneManager.java:setOMNodeDetails(638)) - OM Node ID is not set. Setting it to the OmStorage's OmID: 919c7056-30ca-486f-9676-27476af9e7b6
2019-07-14 16:33:20,233 INFO  om.OzoneManager (OzoneManager.java:loadOMHAConfigs(589)) - Found matching OM address with OMServiceId: null, OMNodeId: null, RPC Address: localhost:0 and Ratis port: 9872
2019-07-14 16:33:20,239 WARN  server.ServerUtils (ServerUtils.java:getDBPath(222)) - ozone.om.db.dirs is not configured. We recommend adding this setting. Falling back to ozone.metadata.dirs instead.
2019-07-14 16:33:20,240 INFO  db.DBStoreBuilder (DBStoreBuilder.java:addTable(110)) - using custom profile for table: userTable
2019-07-14 16:33:20,240 INFO  db.DBStoreBuilder (DBStoreBuilder.java:processTables(161)) - Using default column profile:DBProfile.DISK for Table:userTable
2019-07-14 16:33:20,240 INFO  db.DBStoreBuilder (DBStoreBuilder.java:addTable(110)) - using custom profile for table: volumeTable
2019-07-14 16:33:20,240 INFO  db.DBStoreBuilder (DBStoreBuilder.java:processTables(161)) - Using default column profile:DBProfile.DISK for Table:volumeTable
2019-07-14 16:33:20,241 INFO  db.DBStoreBuilder (DBStoreBuilder.java:addTable(110)) - using custom profile for table: bucketTable
2019-07-14 16:33:20,241 INFO  db.DBStoreBuilder (DBStoreBuilder.java:processTables(161)) - Using default column profile:DBProfile.DISK for Table:bucketTable
2019-07-14 16:33:20,241 INFO  db.DBStoreBuilder (DBStoreBuilder.java:addTable(110)) - using custom profile for table: keyTable
2019-07-14 16:33:20,241 INFO  db.DBStoreBuilder (DBStoreBuilder.java:processTables(161)) - Using default column profile:DBProfile.DISK for Table:keyTable
2019-07-14 16:33:20,242 INFO  db.DBStoreBuilder (DBStoreBuilder.java:addTable(110)) - using custom profile for table: deletedTable
2019-07-14 16:33:20,242 INFO  db.DBStoreBuilder (DBStoreBuilder.java:processTables(161)) - Using default column profile:DBProfile.DISK for Table:deletedTable
2019-07-14 16:33:20,242 INFO  db.DBStoreBuilder (DBStoreBuilder.java:addTable(110)) - using custom profile for table: openKeyTable
2019-07-14 16:33:20,242 INFO  db.DBStoreBuilder (DBStoreBuilder.java:processTables(161)) - Using default column profile:DBProfile.DISK for Table:openKeyTable
2019-07-14 16:33:20,242 INFO  db.DBStoreBuilder (DBStoreBuilder.java:addTable(110)) - using custom profile for table: s3Table
2019-07-14 16:33:20,242 INFO  db.DBStoreBuilder (DBStoreBuilder.java:processTables(161)) - Using default column profile:DBProfile.DISK for Table:s3Table
2019-07-14 16:33:20,243 INFO  db.DBStoreBuilder (DBStoreBuilder.java:addTable(110)) - using custom profile for table: multipartInfoTable
2019-07-14 16:33:20,243 INFO  db.DBStoreBuilder (DBStoreBuilder.java:processTables(161)) - Using default column profile:DBProfile.DISK for Table:multipartInfoTable
2019-07-14 16:33:20,243 INFO  db.DBStoreBuilder (DBStoreBuilder.java:addTable(110)) - using custom profile for table: dTokenTable
2019-07-14 16:33:20,243 INFO  db.DBStoreBuilder (DBStoreBuilder.java:processTables(161)) - Using default column profile:DBProfile.DISK for Table:dTokenTable
2019-07-14 16:33:20,243 INFO  db.DBStoreBuilder (DBStoreBuilder.java:addTable(110)) - using custom profile for table: s3SecretTable
2019-07-14 16:33:20,244 INFO  db.DBStoreBuilder (DBStoreBuilder.java:processTables(161)) - Using default column profile:DBProfile.DISK for Table:s3SecretTable
2019-07-14 16:33:20,244 INFO  db.DBStoreBuilder (DBStoreBuilder.java:addTable(110)) - using custom profile for table: prefixTable
2019-07-14 16:33:20,244 INFO  db.DBStoreBuilder (DBStoreBuilder.java:processTables(161)) - Using default column profile:DBProfile.DISK for Table:prefixTable
2019-07-14 16:33:20,244 INFO  db.DBStoreBuilder (DBStoreBuilder.java:addTable(110)) - using custom profile for table: default
2019-07-14 16:33:20,244 INFO  db.DBStoreBuilder (DBStoreBuilder.java:processTables(167)) - Using default column profile:DBProfile.DISK for Table:default
2019-07-14 16:33:20,244 INFO  db.DBStoreBuilder (DBStoreBuilder.java:getDbProfile(198)) - Using default options. DBProfile.DISK
2019-07-14 16:33:20,765 INFO  ipc.CallQueueManager (CallQueueManager.java:<init>(84)) - Using callQueue: class java.util.concurrent.LinkedBlockingQueue, queueCapacity: 2000, scheduler: class org.apache.hadoop.ipc.DefaultRpcScheduler, ipcBackoff: false.
2019-07-14 16:33:20,767 INFO  ipc.Server (Server.java:run(1074)) - Starting Socket Reader #1 for port 41304
2019-07-14 16:33:20,785 WARN  server.ServerUtils (ServerUtils.java:getDBPath(222)) - ozone.om.db.dirs is not configured. We recommend adding this setting. Falling back to ozone.metadata.dirs instead.
2019-07-14 16:33:20,785 INFO  om.OzoneManager (OzoneManager.java:start(1230)) - OzoneManager RPC server is listening at localhost/127.0.0.1:41304
2019-07-14 16:33:20,785 INFO  impl.MetricsSystemImpl (MetricsSystemImpl.java:init(158)) - OzoneManager metrics system started (again)
2019-07-14 16:33:20,789 INFO  ipc.Server (Server.java:run(1314)) - IPC Server Responder: starting
2019-07-14 16:33:20,789 INFO  ipc.Server (Server.java:run(1153)) - IPC Server listener on 41304: starting
2019-07-14 16:33:20,796 INFO  hdfs.DFSUtil (DFSUtil.java:httpServerTemplateForNNAndJN(1641)) - Starting Web-server for ozoneManager at: http://0.0.0.0:0
2019-07-14 16:33:20,798 INFO  server.AuthenticationFilter (AuthenticationFilter.java:constructSecretProvider(240)) - Unable to initialize FileSignerSecretProvider, falling back to use random secrets.
2019-07-14 16:33:20,799 WARN  http.HttpRequestLog (HttpRequestLog.java:getRequestLog(97)) - Jetty request log can only be enabled using Log4j
2019-07-14 16:33:20,801 INFO  http.HttpServer2 (HttpServer2.java:addGlobalFilter(975)) - Added global filter 'safety' (class=org.apache.hadoop.http.HttpServer2$QuotingInputFilter)
2019-07-14 16:33:20,802 INFO  http.HttpServer2 (HttpServer2.java:addFilter(948)) - Added filter static_user_filter (class=org.apache.hadoop.http.lib.StaticUserWebFilter$StaticUserFilter) to context ozoneManager
2019-07-14 16:33:20,802 INFO  http.HttpServer2 (HttpServer2.java:addFilter(958)) - Added filter static_user_filter (class=org.apache.hadoop.http.lib.StaticUserWebFilter$StaticUserFilter) to context logs
2019-07-14 16:33:20,802 INFO  http.HttpServer2 (HttpServer2.java:addFilter(958)) - Added filter static_user_filter (class=org.apache.hadoop.http.lib.StaticUserWebFilter$StaticUserFilter) to context static
2019-07-14 16:33:20,803 INFO  http.HttpServer2 (HttpServer2.java:bindListener(1191)) - Jetty bound to port 41174
2019-07-14 16:33:20,803 INFO  server.Server (Server.java:doStart(351)) - jetty-9.3.24.v20180605, build timestamp: 2018-06-05T17:11:56Z, git hash: 84205aa28f11a4f31f2a3b86d1bba2cc8ab69827
2019-07-14 16:33:20,806 INFO  handler.ContextHandler (ContextHandler.java:doStart(781)) - Started o.e.j.s.ServletContextHandler@e18848d{/logs,file:///workdir/hadoop-ozone/integration-test/target/log,AVAILABLE}
2019-07-14 16:33:20,806 INFO  handler.ContextHandler (ContextHandler.java:doStart(781)) - Started o.e.j.s.ServletContextHandler@22aaa811{/static,file:///workdir/hadoop-ozone/integration-test/target/test-classes/webapps/static,AVAILABLE}
2019-07-14 16:33:20,812 INFO  handler.ContextHandler (ContextHandler.java:doStart(781)) - Started o.e.j.w.WebAppContext@6044311a{/,file:///workdir/hadoop-ozone/integration-test/target/test-classes/webapps/ozoneManager/,AVAILABLE}{/ozoneManager}
2019-07-14 16:33:20,812 INFO  server.AbstractConnector (AbstractConnector.java:doStart(278)) - Started ServerConnector@7416b560{HTTP/1.1,[http/1.1]}{0.0.0.0:41174}
2019-07-14 16:33:20,814 INFO  server.Server (Server.java:doStart(419)) - Started @661517ms
2019-07-14 16:33:20,816 INFO  server.BaseHttpServer (BaseHttpServer.java:updateConnectorAddress(207)) - HTTP server of OZONEMANAGER is listening at http://0.0.0.0:41174
2019-07-14 16:33:20,833 INFO  impl.MetricsSystemImpl (MetricsSystemImpl.java:init(158)) - HddsDatanode metrics system started (again)
2019-07-14 16:33:20,837 INFO  ozone.HddsDatanodeService (HddsDatanodeService.java:start(185)) - HddsDatanodeService host:pr-hdds-1710-5x6jb-1204890111 ip:192.168.69.77
2019-07-14 16:33:20,852 INFO  volume.HddsVolume (HddsVolume.java:<init>(176)) - Creating Volume: /workdir/hadoop-ozone/integration-test/target/test-dir/MiniOzoneClusterImpl-08738c8b-c1fa-46e0-b7fe-0ffeb36e6730/datanode-0/data/containers/hdds of  storage type : DISK and capacity : 52710309888
2019-07-14 16:33:20,852 INFO  volume.VolumeSet (VolumeSet.java:initializeVolumeSet(170)) - Added Volume : /workdir/hadoop-ozone/integration-test/target/test-dir/MiniOzoneClusterImpl-08738c8b-c1fa-46e0-b7fe-0ffeb36e6730/datanode-0/data/containers/hdds to VolumeSet
2019-07-14 16:33:20,852 INFO  volume.ThrottledAsyncChecker (ThrottledAsyncChecker.java:schedule(140)) - Scheduling a check for org.apache.hadoop.ozone.container.common.volume.HddsVolume@649df002
2019-07-14 16:33:20,853 INFO  volume.HddsVolumeChecker (HddsVolumeChecker.java:checkAllVolumes(203)) - Scheduled health check for volume org.apache.hadoop.ozone.container.common.volume.HddsVolume@649df002
2019-07-14 16:33:20,870 INFO  impl.RaftServerProxy (ConfUtils.java:logGet(43)) - raft.rpc.type = GRPC (default)
2019-07-14 16:33:20,871 INFO  grpc.GrpcFactory (GrpcFactory.java:checkPooledByteBufAllocatorUseCacheForAllThreads(45)) - PERFORMANCE WARNING: useCacheForAllThreads is true that may cause Netty to create a lot garbage objects and, as a result, trigger GC.
	It is recommended to disable useCacheForAllThreads by setting -Dorg.apache.ratis.thirdparty.io.netty.allocator.useCacheForAllThreads=false in command line.
2019-07-14 16:33:20,871 INFO  grpc.GrpcConfigKeys$Server (ConfUtils.java:logGet(43)) - raft.grpc.server.port = 0 (default)
2019-07-14 16:33:20,871 INFO  server.GrpcService (ConfUtils.java:logGet(43)) - raft.grpc.message.size.max = 33570816 (custom)
2019-07-14 16:33:20,872 INFO  server.RaftServerConfigKeys (ConfUtils.java:logGet(43)) - raft.server.log.appender.buffer.byte-limit = 33554432 (custom)
2019-07-14 16:33:20,872 INFO  server.GrpcService (ConfUtils.java:logGet(43)) - raft.grpc.flow.control.window = 1MB (=1048576) (default)
2019-07-14 16:33:20,872 INFO  server.RaftServerConfigKeys (ConfUtils.java:logGet(43)) - raft.server.rpc.request.timeout = 3000ms (default)
2019-07-14 16:33:20,873 INFO  server.RaftServerConfigKeys (ConfUtils.java:logGet(43)) - raft.server.storage.dir = [/workdir/hadoop-ozone/integration-test/target/test-dir/MiniOzoneClusterImpl-08738c8b-c1fa-46e0-b7fe-0ffeb36e6730/datanode-0/data/ratis] (custom)
2019-07-14 16:33:20,873 INFO  replication.SimpleContainerDownloader (SimpleContainerDownloader.java:<init>(72)) - Starting container downloader service to copy containers to replicate.
2019-07-14 16:33:20,875 INFO  hdfs.DFSUtil (DFSUtil.java:httpServerTemplateForNNAndJN(1641)) - Starting Web-server for hddsDatanode at: http://0.0.0.0:0
2019-07-14 16:33:20,876 INFO  server.AuthenticationFilter (AuthenticationFilter.java:constructSecretProvider(240)) - Unable to initialize FileSignerSecretProvider, falling back to use random secrets.
2019-07-14 16:33:20,877 WARN  http.HttpRequestLog (HttpRequestLog.java:getRequestLog(97)) - Jetty request log can only be enabled using Log4j
2019-07-14 16:33:20,878 INFO  http.HttpServer2 (HttpServer2.java:addGlobalFilter(975)) - Added global filter 'safety' (class=org.apache.hadoop.http.HttpServer2$QuotingInputFilter)
2019-07-14 16:33:20,879 INFO  http.HttpServer2 (HttpServer2.java:addFilter(948)) - Added filter static_user_filter (class=org.apache.hadoop.http.lib.StaticUserWebFilter$StaticUserFilter) to context hddsDatanode
2019-07-14 16:33:20,879 INFO  http.HttpServer2 (HttpServer2.java:addFilter(958)) - Added filter static_user_filter (class=org.apache.hadoop.http.lib.StaticUserWebFilter$StaticUserFilter) to context static
2019-07-14 16:33:20,879 INFO  http.HttpServer2 (HttpServer2.java:addFilter(958)) - Added filter static_user_filter (class=org.apache.hadoop.http.lib.StaticUserWebFilter$StaticUserFilter) to context logs
2019-07-14 16:33:20,880 INFO  http.HttpServer2 (HttpServer2.java:bindListener(1191)) - Jetty bound to port 39313
2019-07-14 16:33:20,880 INFO  server.Server (Server.java:doStart(351)) - jetty-9.3.24.v20180605, build timestamp: 2018-06-05T17:11:56Z, git hash: 84205aa28f11a4f31f2a3b86d1bba2cc8ab69827
2019-07-14 16:33:20,882 INFO  handler.ContextHandler (ContextHandler.java:doStart(781)) - Started o.e.j.s.ServletContextHandler@5344b208{/logs,file:///workdir/hadoop-ozone/integration-test/target/log,AVAILABLE}
2019-07-14 16:33:20,882 INFO  handler.ContextHandler (ContextHandler.java:doStart(781)) - Started o.e.j.s.ServletContextHandler@14021c10{/static,jar:file:/home/user/.m2/repository/org/apache/hadoop/hadoop-hdds-container-service/0.5.0-SNAPSHOT/hadoop-hdds-container-service-0.5.0-SNAPSHOT.jar!/webapps/static,AVAILABLE}
2019-07-14 16:33:20,917 INFO  handler.ContextHandler (ContextHandler.java:doStart(781)) - Started o.e.j.w.WebAppContext@713935c8{/,file:///tmp/jetty-0.0.0.0-39313-hddsDatanode-_-any-5758363115457863310.dir/webapp/,AVAILABLE}{/hddsDatanode}
2019-07-14 16:33:20,917 INFO  server.AbstractConnector (AbstractConnector.java:doStart(278)) - Started ServerConnector@1cf38112{HTTP/1.1,[http/1.1]}{0.0.0.0:39313}
2019-07-14 16:33:20,917 INFO  server.Server (Server.java:doStart(419)) - Started @661621ms
2019-07-14 16:33:20,920 INFO  server.BaseHttpServer (BaseHttpServer.java:updateConnectorAddress(207)) - HTTP server of HDDSDATANODE is listening at http://0.0.0.0:39313
2019-07-14 16:33:21,034 INFO  ozone.HddsDatanodeService (HddsDatanodeService.java:startPlugins(396)) - Started plug-in org.apache.hadoop.ozone.web.OzoneHddsDatanodeService@7df5358
2019-07-14 16:33:21,035 INFO  impl.MetricsSystemImpl (MetricsSystemImpl.java:init(158)) - HddsDatanode metrics system started (again)
2019-07-14 16:33:21,040 INFO  ozone.HddsDatanodeService (HddsDatanodeService.java:start(185)) - HddsDatanodeService host:pr-hdds-1710-5x6jb-1204890111 ip:192.168.69.77
2019-07-14 16:33:21,040 INFO  util.JvmPauseMonitor (JvmPauseMonitor.java:run(188)) - Starting JVM pause monitor
2019-07-14 16:33:21,042 INFO  datanode.InitDatanodeState (InitDatanodeState.java:persistContainerDatanodeDetails(140)) - DatanodeDetails is persisted to /workdir/hadoop-ozone/integration-test/target/test-dir/MiniOzoneClusterImpl-08738c8b-c1fa-46e0-b7fe-0ffeb36e6730/datanode-0/meta/datanode.id
2019-07-14 16:33:21,053 INFO  volume.HddsVolume (HddsVolume.java:<init>(176)) - Creating Volume: /workdir/hadoop-ozone/integration-test/target/test-dir/MiniOzoneClusterImpl-08738c8b-c1fa-46e0-b7fe-0ffeb36e6730/datanode-1/data/containers/hdds of  storage type : DISK and capacity : 52710309888
2019-07-14 16:33:21,054 INFO  volume.VolumeSet (VolumeSet.java:initializeVolumeSet(170)) - Added Volume : /workdir/hadoop-ozone/integration-test/target/test-dir/MiniOzoneClusterImpl-08738c8b-c1fa-46e0-b7fe-0ffeb36e6730/datanode-1/data/containers/hdds to VolumeSet
2019-07-14 16:33:21,054 INFO  volume.ThrottledAsyncChecker (ThrottledAsyncChecker.java:schedule(140)) - Scheduling a check for org.apache.hadoop.ozone.container.common.volume.HddsVolume@a9339e5
2019-07-14 16:33:21,055 INFO  volume.HddsVolumeChecker (HddsVolumeChecker.java:checkAllVolumes(203)) - Scheduled health check for volume org.apache.hadoop.ozone.container.common.volume.HddsVolume@a9339e5
2019-07-14 16:33:21,068 INFO  impl.RaftServerProxy (ConfUtils.java:logGet(43)) - raft.rpc.type = GRPC (default)
2019-07-14 16:33:21,069 INFO  grpc.GrpcFactory (GrpcFactory.java:checkPooledByteBufAllocatorUseCacheForAllThreads(45)) - PERFORMANCE WARNING: useCacheForAllThreads is true that may cause Netty to create a lot garbage objects and, as a result, trigger GC.
	It is recommended to disable useCacheForAllThreads by setting -Dorg.apache.ratis.thirdparty.io.netty.allocator.useCacheForAllThreads=false in command line.
2019-07-14 16:33:21,069 INFO  grpc.GrpcConfigKeys$Server (ConfUtils.java:logGet(43)) - raft.grpc.server.port = 0 (default)
2019-07-14 16:33:21,069 INFO  server.GrpcService (ConfUtils.java:logGet(43)) - raft.grpc.message.size.max = 33570816 (custom)
2019-07-14 16:33:21,069 INFO  server.RaftServerConfigKeys (ConfUtils.java:logGet(43)) - raft.server.log.appender.buffer.byte-limit = 33554432 (custom)
2019-07-14 16:33:21,069 INFO  server.GrpcService (ConfUtils.java:logGet(43)) - raft.grpc.flow.control.window = 1MB (=1048576) (default)
2019-07-14 16:33:21,070 INFO  server.RaftServerConfigKeys (ConfUtils.java:logGet(43)) - raft.server.rpc.request.timeout = 3000ms (default)
2019-07-14 16:33:21,070 INFO  server.RaftServerConfigKeys (ConfUtils.java:logGet(43)) - raft.server.storage.dir = [/workdir/hadoop-ozone/integration-test/target/test-dir/MiniOzoneClusterImpl-08738c8b-c1fa-46e0-b7fe-0ffeb36e6730/datanode-1/data/ratis] (custom)
2019-07-14 16:33:21,070 INFO  replication.SimpleContainerDownloader (SimpleContainerDownloader.java:<init>(72)) - Starting container downloader service to copy containers to replicate.
2019-07-14 16:33:21,072 INFO  hdfs.DFSUtil (DFSUtil.java:httpServerTemplateForNNAndJN(1641)) - Starting Web-server for hddsDatanode at: http://0.0.0.0:0
2019-07-14 16:33:21,073 INFO  server.AuthenticationFilter (AuthenticationFilter.java:constructSecretProvider(240)) - Unable to initialize FileSignerSecretProvider, falling back to use random secrets.
2019-07-14 16:33:21,074 WARN  http.HttpRequestLog (HttpRequestLog.java:getRequestLog(97)) - Jetty request log can only be enabled using Log4j
2019-07-14 16:33:21,076 INFO  http.HttpServer2 (HttpServer2.java:addGlobalFilter(975)) - Added global filter 'safety' (class=org.apache.hadoop.http.HttpServer2$QuotingInputFilter)
2019-07-14 16:33:21,077 INFO  http.HttpServer2 (HttpServer2.java:addFilter(948)) - Added filter static_user_filter (class=org.apache.hadoop.http.lib.StaticUserWebFilter$StaticUserFilter) to context hddsDatanode
2019-07-14 16:33:21,077 INFO  http.HttpServer2 (HttpServer2.java:addFilter(958)) - Added filter static_user_filter (class=org.apache.hadoop.http.lib.StaticUserWebFilter$StaticUserFilter) to context logs
2019-07-14 16:33:21,077 INFO  http.HttpServer2 (HttpServer2.java:addFilter(958)) - Added filter static_user_filter (class=org.apache.hadoop.http.lib.StaticUserWebFilter$StaticUserFilter) to context static
2019-07-14 16:33:21,078 INFO  http.HttpServer2 (HttpServer2.java:bindListener(1191)) - Jetty bound to port 35651
2019-07-14 16:33:21,078 INFO  server.Server (Server.java:doStart(351)) - jetty-9.3.24.v20180605, build timestamp: 2018-06-05T17:11:56Z, git hash: 84205aa28f11a4f31f2a3b86d1bba2cc8ab69827
2019-07-14 16:33:21,080 INFO  handler.ContextHandler (ContextHandler.java:doStart(781)) - Started o.e.j.s.ServletContextHandler@79a1f0a1{/logs,file:///workdir/hadoop-ozone/integration-test/target/log,AVAILABLE}
2019-07-14 16:33:21,081 INFO  handler.ContextHandler (ContextHandler.java:doStart(781)) - Started o.e.j.s.ServletContextHandler@5af535ff{/static,jar:file:/home/user/.m2/repository/org/apache/hadoop/hadoop-hdds-container-service/0.5.0-SNAPSHOT/hadoop-hdds-container-service-0.5.0-SNAPSHOT.jar!/webapps/static,AVAILABLE}
2019-07-14 16:33:21,122 INFO  handler.ContextHandler (ContextHandler.java:doStart(781)) - Started o.e.j.w.WebAppContext@4928a347{/,file:///tmp/jetty-0.0.0.0-35651-hddsDatanode-_-any-1319853747878967324.dir/webapp/,AVAILABLE}{/hddsDatanode}
2019-07-14 16:33:21,123 INFO  server.AbstractConnector (AbstractConnector.java:doStart(278)) - Started ServerConnector@1baf1268{HTTP/1.1,[http/1.1]}{0.0.0.0:35651}
2019-07-14 16:33:21,124 INFO  server.Server (Server.java:doStart(419)) - Started @661828ms
2019-07-14 16:33:21,125 INFO  server.BaseHttpServer (BaseHttpServer.java:updateConnectorAddress(207)) - HTTP server of HDDSDATANODE is listening at http://0.0.0.0:35651
2019-07-14 16:33:21,233 INFO  ozone.HddsDatanodeService (HddsDatanodeService.java:startPlugins(396)) - Started plug-in org.apache.hadoop.ozone.web.OzoneHddsDatanodeService@24b9c037
2019-07-14 16:33:21,233 INFO  impl.MetricsSystemImpl (MetricsSystemImpl.java:init(158)) - HddsDatanode metrics system started (again)
2019-07-14 16:33:21,238 INFO  ozone.HddsDatanodeService (HddsDatanodeService.java:start(185)) - HddsDatanodeService host:pr-hdds-1710-5x6jb-1204890111 ip:192.168.69.77
2019-07-14 16:33:21,239 INFO  util.JvmPauseMonitor (JvmPauseMonitor.java:run(188)) - Starting JVM pause monitor
2019-07-14 16:33:21,240 INFO  datanode.InitDatanodeState (InitDatanodeState.java:persistContainerDatanodeDetails(140)) - DatanodeDetails is persisted to /workdir/hadoop-ozone/integration-test/target/test-dir/MiniOzoneClusterImpl-08738c8b-c1fa-46e0-b7fe-0ffeb36e6730/datanode-1/meta/datanode.id
2019-07-14 16:33:21,251 INFO  volume.HddsVolume (HddsVolume.java:<init>(176)) - Creating Volume: /workdir/hadoop-ozone/integration-test/target/test-dir/MiniOzoneClusterImpl-08738c8b-c1fa-46e0-b7fe-0ffeb36e6730/datanode-2/data/containers/hdds of  storage type : DISK and capacity : 52710309888
2019-07-14 16:33:21,251 INFO  volume.VolumeSet (VolumeSet.java:initializeVolumeSet(170)) - Added Volume : /workdir/hadoop-ozone/integration-test/target/test-dir/MiniOzoneClusterImpl-08738c8b-c1fa-46e0-b7fe-0ffeb36e6730/datanode-2/data/containers/hdds to VolumeSet
2019-07-14 16:33:21,251 INFO  volume.ThrottledAsyncChecker (ThrottledAsyncChecker.java:schedule(140)) - Scheduling a check for org.apache.hadoop.ozone.container.common.volume.HddsVolume@22b0fe7e
2019-07-14 16:33:21,252 INFO  volume.HddsVolumeChecker (HddsVolumeChecker.java:checkAllVolumes(203)) - Scheduled health check for volume org.apache.hadoop.ozone.container.common.volume.HddsVolume@22b0fe7e
2019-07-14 16:33:21,265 INFO  impl.RaftServerProxy (ConfUtils.java:logGet(43)) - raft.rpc.type = GRPC (default)
2019-07-14 16:33:21,265 INFO  grpc.GrpcFactory (GrpcFactory.java:checkPooledByteBufAllocatorUseCacheForAllThreads(45)) - PERFORMANCE WARNING: useCacheForAllThreads is true that may cause Netty to create a lot garbage objects and, as a result, trigger GC.
	It is recommended to disable useCacheForAllThreads by setting -Dorg.apache.ratis.thirdparty.io.netty.allocator.useCacheForAllThreads=false in command line.
2019-07-14 16:33:21,265 INFO  grpc.GrpcConfigKeys$Server (ConfUtils.java:logGet(43)) - raft.grpc.server.port = 0 (default)
2019-07-14 16:33:21,265 INFO  server.GrpcService (ConfUtils.java:logGet(43)) - raft.grpc.message.size.max = 33570816 (custom)
2019-07-14 16:33:21,265 INFO  server.RaftServerConfigKeys (ConfUtils.java:logGet(43)) - raft.server.log.appender.buffer.byte-limit = 33554432 (custom)
2019-07-14 16:33:21,266 INFO  server.GrpcService (ConfUtils.java:logGet(43)) - raft.grpc.flow.control.window = 1MB (=1048576) (default)
2019-07-14 16:33:21,266 INFO  server.RaftServerConfigKeys (ConfUtils.java:logGet(43)) - raft.server.rpc.request.timeout = 3000ms (default)
2019-07-14 16:33:21,266 INFO  server.RaftServerConfigKeys (ConfUtils.java:logGet(43)) - raft.server.storage.dir = [/workdir/hadoop-ozone/integration-test/target/test-dir/MiniOzoneClusterImpl-08738c8b-c1fa-46e0-b7fe-0ffeb36e6730/datanode-2/data/ratis] (custom)
2019-07-14 16:33:21,266 INFO  replication.SimpleContainerDownloader (SimpleContainerDownloader.java:<init>(72)) - Starting container downloader service to copy containers to replicate.
2019-07-14 16:33:21,267 INFO  hdfs.DFSUtil (DFSUtil.java:httpServerTemplateForNNAndJN(1641)) - Starting Web-server for hddsDatanode at: http://0.0.0.0:0
2019-07-14 16:33:21,268 INFO  server.AuthenticationFilter (AuthenticationFilter.java:constructSecretProvider(240)) - Unable to initialize FileSignerSecretProvider, falling back to use random secrets.
2019-07-14 16:33:21,269 WARN  http.HttpRequestLog (HttpRequestLog.java:getRequestLog(97)) - Jetty request log can only be enabled using Log4j
2019-07-14 16:33:21,270 INFO  http.HttpServer2 (HttpServer2.java:addGlobalFilter(975)) - Added global filter 'safety' (class=org.apache.hadoop.http.HttpServer2$QuotingInputFilter)
2019-07-14 16:33:21,270 INFO  http.HttpServer2 (HttpServer2.java:addFilter(948)) - Added filter static_user_filter (class=org.apache.hadoop.http.lib.StaticUserWebFilter$StaticUserFilter) to context hddsDatanode
2019-07-14 16:33:21,270 INFO  http.HttpServer2 (HttpServer2.java:addFilter(958)) - Added filter static_user_filter (class=org.apache.hadoop.http.lib.StaticUserWebFilter$StaticUserFilter) to context logs
2019-07-14 16:33:21,270 INFO  http.HttpServer2 (HttpServer2.java:addFilter(958)) - Added filter static_user_filter (class=org.apache.hadoop.http.lib.StaticUserWebFilter$StaticUserFilter) to context static
2019-07-14 16:33:21,271 INFO  http.HttpServer2 (HttpServer2.java:bindListener(1191)) - Jetty bound to port 41629
2019-07-14 16:33:21,271 INFO  server.Server (Server.java:doStart(351)) - jetty-9.3.24.v20180605, build timestamp: 2018-06-05T17:11:56Z, git hash: 84205aa28f11a4f31f2a3b86d1bba2cc8ab69827
2019-07-14 16:33:21,272 INFO  handler.ContextHandler (ContextHandler.java:doStart(781)) - Started o.e.j.s.ServletContextHandler@1cfca845{/logs,file:///workdir/hadoop-ozone/integration-test/target/log,AVAILABLE}
2019-07-14 16:33:21,273 INFO  handler.ContextHandler (ContextHandler.java:doStart(781)) - Started o.e.j.s.ServletContextHandler@99e68b5{/static,jar:file:/home/user/.m2/repository/org/apache/hadoop/hadoop-hdds-container-service/0.5.0-SNAPSHOT/hadoop-hdds-container-service-0.5.0-SNAPSHOT.jar!/webapps/static,AVAILABLE}
2019-07-14 16:33:21,299 INFO  handler.ContextHandler (ContextHandler.java:doStart(781)) - Started o.e.j.w.WebAppContext@57064d38{/,file:///tmp/jetty-0.0.0.0-41629-hddsDatanode-_-any-6860927172746220595.dir/webapp/,AVAILABLE}{/hddsDatanode}
2019-07-14 16:33:21,300 INFO  server.AbstractConnector (AbstractConnector.java:doStart(278)) - Started ServerConnector@2667a238{HTTP/1.1,[http/1.1]}{0.0.0.0:41629}
2019-07-14 16:33:21,300 INFO  server.Server (Server.java:doStart(419)) - Started @662004ms
2019-07-14 16:33:21,301 INFO  server.BaseHttpServer (BaseHttpServer.java:updateConnectorAddress(207)) - HTTP server of HDDSDATANODE is listening at http://0.0.0.0:41629
2019-07-14 16:33:21,399 INFO  ozone.HddsDatanodeService (HddsDatanodeService.java:startPlugins(396)) - Started plug-in org.apache.hadoop.ozone.web.OzoneHddsDatanodeService@2baf9cd4
2019-07-14 16:33:21,399 INFO  impl.MetricsSystemImpl (MetricsSystemImpl.java:init(158)) - HddsDatanode metrics system started (again)
2019-07-14 16:33:21,405 INFO  ozone.HddsDatanodeService (HddsDatanodeService.java:start(185)) - HddsDatanodeService host:pr-hdds-1710-5x6jb-1204890111 ip:192.168.69.77
2019-07-14 16:33:21,405 INFO  util.JvmPauseMonitor (JvmPauseMonitor.java:run(188)) - Starting JVM pause monitor
2019-07-14 16:33:21,406 INFO  datanode.InitDatanodeState (InitDatanodeState.java:persistContainerDatanodeDetails(140)) - DatanodeDetails is persisted to /workdir/hadoop-ozone/integration-test/target/test-dir/MiniOzoneClusterImpl-08738c8b-c1fa-46e0-b7fe-0ffeb36e6730/datanode-2/meta/datanode.id
2019-07-14 16:33:21,418 INFO  volume.HddsVolume (HddsVolume.java:<init>(176)) - Creating Volume: /workdir/hadoop-ozone/integration-test/target/test-dir/MiniOzoneClusterImpl-08738c8b-c1fa-46e0-b7fe-0ffeb36e6730/datanode-3/data/containers/hdds of  storage type : DISK and capacity : 52710309888
2019-07-14 16:33:21,418 INFO  volume.VolumeSet (VolumeSet.java:initializeVolumeSet(170)) - Added Volume : /workdir/hadoop-ozone/integration-test/target/test-dir/MiniOzoneClusterImpl-08738c8b-c1fa-46e0-b7fe-0ffeb36e6730/datanode-3/data/containers/hdds to VolumeSet
2019-07-14 16:33:21,418 INFO  volume.ThrottledAsyncChecker (ThrottledAsyncChecker.java:schedule(140)) - Scheduling a check for org.apache.hadoop.ozone.container.common.volume.HddsVolume@1881ef74
2019-07-14 16:33:21,419 INFO  volume.HddsVolumeChecker (HddsVolumeChecker.java:checkAllVolumes(203)) - Scheduled health check for volume org.apache.hadoop.ozone.container.common.volume.HddsVolume@1881ef74
2019-07-14 16:33:21,437 INFO  impl.RaftServerProxy (ConfUtils.java:logGet(43)) - raft.rpc.type = GRPC (default)
2019-07-14 16:33:21,437 INFO  grpc.GrpcFactory (GrpcFactory.java:checkPooledByteBufAllocatorUseCacheForAllThreads(45)) - PERFORMANCE WARNING: useCacheForAllThreads is true that may cause Netty to create a lot garbage objects and, as a result, trigger GC.
	It is recommended to disable useCacheForAllThreads by setting -Dorg.apache.ratis.thirdparty.io.netty.allocator.useCacheForAllThreads=false in command line.
2019-07-14 16:33:21,438 INFO  grpc.GrpcConfigKeys$Server (ConfUtils.java:logGet(43)) - raft.grpc.server.port = 0 (default)
2019-07-14 16:33:21,439 INFO  server.GrpcService (ConfUtils.java:logGet(43)) - raft.grpc.message.size.max = 33570816 (custom)
2019-07-14 16:33:21,439 INFO  server.RaftServerConfigKeys (ConfUtils.java:logGet(43)) - raft.server.log.appender.buffer.byte-limit = 33554432 (custom)
2019-07-14 16:33:21,439 INFO  server.GrpcService (ConfUtils.java:logGet(43)) - raft.grpc.flow.control.window = 1MB (=1048576) (default)
2019-07-14 16:33:21,440 INFO  server.RaftServerConfigKeys (ConfUtils.java:logGet(43)) - raft.server.rpc.request.timeout = 3000ms (default)
2019-07-14 16:33:21,440 INFO  server.RaftServerConfigKeys (ConfUtils.java:logGet(43)) - raft.server.storage.dir = [/workdir/hadoop-ozone/integration-test/target/test-dir/MiniOzoneClusterImpl-08738c8b-c1fa-46e0-b7fe-0ffeb36e6730/datanode-3/data/ratis] (custom)
2019-07-14 16:33:21,440 INFO  replication.SimpleContainerDownloader (SimpleContainerDownloader.java:<init>(72)) - Starting container downloader service to copy containers to replicate.
2019-07-14 16:33:21,442 INFO  hdfs.DFSUtil (DFSUtil.java:httpServerTemplateForNNAndJN(1641)) - Starting Web-server for hddsDatanode at: http://0.0.0.0:0
2019-07-14 16:33:21,443 INFO  server.AuthenticationFilter (AuthenticationFilter.java:constructSecretProvider(240)) - Unable to initialize FileSignerSecretProvider, falling back to use random secrets.
2019-07-14 16:33:21,443 WARN  http.HttpRequestLog (HttpRequestLog.java:getRequestLog(97)) - Jetty request log can only be enabled using Log4j
2019-07-14 16:33:21,444 INFO  http.HttpServer2 (HttpServer2.java:addGlobalFilter(975)) - Added global filter 'safety' (class=org.apache.hadoop.http.HttpServer2$QuotingInputFilter)
2019-07-14 16:33:21,445 INFO  http.HttpServer2 (HttpServer2.java:addFilter(948)) - Added filter static_user_filter (class=org.apache.hadoop.http.lib.StaticUserWebFilter$StaticUserFilter) to context hddsDatanode
2019-07-14 16:33:21,445 INFO  http.HttpServer2 (HttpServer2.java:addFilter(958)) - Added filter static_user_filter (class=org.apache.hadoop.http.lib.StaticUserWebFilter$StaticUserFilter) to context logs
2019-07-14 16:33:21,445 INFO  http.HttpServer2 (HttpServer2.java:addFilter(958)) - Added filter static_user_filter (class=org.apache.hadoop.http.lib.StaticUserWebFilter$StaticUserFilter) to context static
2019-07-14 16:33:21,445 INFO  http.HttpServer2 (HttpServer2.java:bindListener(1191)) - Jetty bound to port 37741
2019-07-14 16:33:21,445 INFO  server.Server (Server.java:doStart(351)) - jetty-9.3.24.v20180605, build timestamp: 2018-06-05T17:11:56Z, git hash: 84205aa28f11a4f31f2a3b86d1bba2cc8ab69827
2019-07-14 16:33:21,447 INFO  handler.ContextHandler (ContextHandler.java:doStart(781)) - Started o.e.j.s.ServletContextHandler@5312c883{/logs,file:///workdir/hadoop-ozone/integration-test/target/log,AVAILABLE}
2019-07-14 16:33:21,447 INFO  handler.ContextHandler (ContextHandler.java:doStart(781)) - Started o.e.j.s.ServletContextHandler@23106076{/static,jar:file:/home/user/.m2/repository/org/apache/hadoop/hadoop-hdds-container-service/0.5.0-SNAPSHOT/hadoop-hdds-container-service-0.5.0-SNAPSHOT.jar!/webapps/static,AVAILABLE}
2019-07-14 16:33:21,474 INFO  handler.ContextHandler (ContextHandler.java:doStart(781)) - Started o.e.j.w.WebAppContext@6afed88d{/,file:///tmp/jetty-0.0.0.0-37741-hddsDatanode-_-any-2923537825827223627.dir/webapp/,AVAILABLE}{/hddsDatanode}
2019-07-14 16:33:21,474 INFO  server.AbstractConnector (AbstractConnector.java:doStart(278)) - Started ServerConnector@763e1ec9{HTTP/1.1,[http/1.1]}{0.0.0.0:37741}
2019-07-14 16:33:21,476 INFO  server.Server (Server.java:doStart(419)) - Started @662180ms
2019-07-14 16:33:21,476 INFO  server.BaseHttpServer (BaseHttpServer.java:updateConnectorAddress(207)) - HTTP server of HDDSDATANODE is listening at http://0.0.0.0:37741
2019-07-14 16:33:21,576 INFO  ozone.HddsDatanodeService (HddsDatanodeService.java:startPlugins(396)) - Started plug-in org.apache.hadoop.ozone.web.OzoneHddsDatanodeService@351623d
2019-07-14 16:33:21,576 INFO  impl.MetricsSystemImpl (MetricsSystemImpl.java:init(158)) - HddsDatanode metrics system started (again)
2019-07-14 16:33:21,582 INFO  ozone.HddsDatanodeService (HddsDatanodeService.java:start(185)) - HddsDatanodeService host:pr-hdds-1710-5x6jb-1204890111 ip:192.168.69.77
2019-07-14 16:33:21,583 INFO  util.JvmPauseMonitor (JvmPauseMonitor.java:run(188)) - Starting JVM pause monitor
2019-07-14 16:33:21,584 INFO  datanode.InitDatanodeState (InitDatanodeState.java:persistContainerDatanodeDetails(140)) - DatanodeDetails is persisted to /workdir/hadoop-ozone/integration-test/target/test-dir/MiniOzoneClusterImpl-08738c8b-c1fa-46e0-b7fe-0ffeb36e6730/datanode-3/meta/datanode.id
2019-07-14 16:33:21,595 INFO  volume.HddsVolume (HddsVolume.java:<init>(176)) - Creating Volume: /workdir/hadoop-ozone/integration-test/target/test-dir/MiniOzoneClusterImpl-08738c8b-c1fa-46e0-b7fe-0ffeb36e6730/datanode-4/data/containers/hdds of  storage type : DISK and capacity : 52710309888
2019-07-14 16:33:21,596 INFO  volume.VolumeSet (VolumeSet.java:initializeVolumeSet(170)) - Added Volume : /workdir/hadoop-ozone/integration-test/target/test-dir/MiniOzoneClusterImpl-08738c8b-c1fa-46e0-b7fe-0ffeb36e6730/datanode-4/data/containers/hdds to VolumeSet
2019-07-14 16:33:21,596 INFO  volume.ThrottledAsyncChecker (ThrottledAsyncChecker.java:schedule(140)) - Scheduling a check for org.apache.hadoop.ozone.container.common.volume.HddsVolume@7a6cab6f
2019-07-14 16:33:21,596 INFO  volume.HddsVolumeChecker (HddsVolumeChecker.java:checkAllVolumes(203)) - Scheduled health check for volume org.apache.hadoop.ozone.container.common.volume.HddsVolume@7a6cab6f
2019-07-14 16:33:21,611 INFO  impl.RaftServerProxy (ConfUtils.java:logGet(43)) - raft.rpc.type = GRPC (default)
2019-07-14 16:33:21,611 INFO  grpc.GrpcFactory (GrpcFactory.java:checkPooledByteBufAllocatorUseCacheForAllThreads(45)) - PERFORMANCE WARNING: useCacheForAllThreads is true that may cause Netty to create a lot garbage objects and, as a result, trigger GC.
	It is recommended to disable useCacheForAllThreads by setting -Dorg.apache.ratis.thirdparty.io.netty.allocator.useCacheForAllThreads=false in command line.
2019-07-14 16:33:21,611 INFO  grpc.GrpcConfigKeys$Server (ConfUtils.java:logGet(43)) - raft.grpc.server.port = 0 (default)
2019-07-14 16:33:21,611 INFO  server.GrpcService (ConfUtils.java:logGet(43)) - raft.grpc.message.size.max = 33570816 (custom)
2019-07-14 16:33:21,612 INFO  server.RaftServerConfigKeys (ConfUtils.java:logGet(43)) - raft.server.log.appender.buffer.byte-limit = 33554432 (custom)
2019-07-14 16:33:21,612 INFO  server.GrpcService (ConfUtils.java:logGet(43)) - raft.grpc.flow.control.window = 1MB (=1048576) (default)
2019-07-14 16:33:21,612 INFO  server.RaftServerConfigKeys (ConfUtils.java:logGet(43)) - raft.server.rpc.request.timeout = 3000ms (default)
2019-07-14 16:33:21,612 INFO  server.RaftServerConfigKeys (ConfUtils.java:logGet(43)) - raft.server.storage.dir = [/workdir/hadoop-ozone/integration-test/target/test-dir/MiniOzoneClusterImpl-08738c8b-c1fa-46e0-b7fe-0ffeb36e6730/datanode-4/data/ratis] (custom)
2019-07-14 16:33:21,613 INFO  replication.SimpleContainerDownloader (SimpleContainerDownloader.java:<init>(72)) - Starting container downloader service to copy containers to replicate.
2019-07-14 16:33:21,614 INFO  hdfs.DFSUtil (DFSUtil.java:httpServerTemplateForNNAndJN(1641)) - Starting Web-server for hddsDatanode at: http://0.0.0.0:0
2019-07-14 16:33:21,615 INFO  server.AuthenticationFilter (AuthenticationFilter.java:constructSecretProvider(240)) - Unable to initialize FileSignerSecretProvider, falling back to use random secrets.
2019-07-14 16:33:21,615 WARN  http.HttpRequestLog (HttpRequestLog.java:getRequestLog(97)) - Jetty request log can only be enabled using Log4j
2019-07-14 16:33:21,616 INFO  http.HttpServer2 (HttpServer2.java:addGlobalFilter(975)) - Added global filter 'safety' (class=org.apache.hadoop.http.HttpServer2$QuotingInputFilter)
2019-07-14 16:33:21,616 INFO  http.HttpServer2 (HttpServer2.java:addFilter(948)) - Added filter static_user_filter (class=org.apache.hadoop.http.lib.StaticUserWebFilter$StaticUserFilter) to context hddsDatanode
2019-07-14 16:33:21,617 INFO  http.HttpServer2 (HttpServer2.java:addFilter(958)) - Added filter static_user_filter (class=org.apache.hadoop.http.lib.StaticUserWebFilter$StaticUserFilter) to context static
2019-07-14 16:33:21,617 INFO  http.HttpServer2 (HttpServer2.java:addFilter(958)) - Added filter static_user_filter (class=org.apache.hadoop.http.lib.StaticUserWebFilter$StaticUserFilter) to context logs
2019-07-14 16:33:21,617 INFO  http.HttpServer2 (HttpServer2.java:bindListener(1191)) - Jetty bound to port 37224
2019-07-14 16:33:21,617 INFO  server.Server (Server.java:doStart(351)) - jetty-9.3.24.v20180605, build timestamp: 2018-06-05T17:11:56Z, git hash: 84205aa28f11a4f31f2a3b86d1bba2cc8ab69827
2019-07-14 16:33:21,619 INFO  handler.ContextHandler (ContextHandler.java:doStart(781)) - Started o.e.j.s.ServletContextHandler@378446f9{/logs,file:///workdir/hadoop-ozone/integration-test/target/log,AVAILABLE}
2019-07-14 16:33:21,619 INFO  handler.ContextHandler (ContextHandler.java:doStart(781)) - Started o.e.j.s.ServletContextHandler@39badc71{/static,jar:file:/home/user/.m2/repository/org/apache/hadoop/hadoop-hdds-container-service/0.5.0-SNAPSHOT/hadoop-hdds-container-service-0.5.0-SNAPSHOT.jar!/webapps/static,AVAILABLE}
2019-07-14 16:33:21,646 INFO  handler.ContextHandler (ContextHandler.java:doStart(781)) - Started o.e.j.w.WebAppContext@618cfd1{/,file:///tmp/jetty-0.0.0.0-37224-hddsDatanode-_-any-5233378799215256426.dir/webapp/,AVAILABLE}{/hddsDatanode}
2019-07-14 16:33:21,646 INFO  server.AbstractConnector (AbstractConnector.java:doStart(278)) - Started ServerConnector@6ec3c680{HTTP/1.1,[http/1.1]}{0.0.0.0:37224}
2019-07-14 16:33:21,646 INFO  server.Server (Server.java:doStart(419)) - Started @662350ms
2019-07-14 16:33:21,648 INFO  server.BaseHttpServer (BaseHttpServer.java:updateConnectorAddress(207)) - HTTP server of HDDSDATANODE is listening at http://0.0.0.0:37224
2019-07-14 16:33:21,745 INFO  ozone.HddsDatanodeService (HddsDatanodeService.java:startPlugins(396)) - Started plug-in org.apache.hadoop.ozone.web.OzoneHddsDatanodeService@60c5c115
2019-07-14 16:33:21,745 INFO  impl.MetricsSystemImpl (MetricsSystemImpl.java:init(158)) - HddsDatanode metrics system started (again)
2019-07-14 16:33:21,752 INFO  ozone.HddsDatanodeService (HddsDatanodeService.java:start(185)) - HddsDatanodeService host:pr-hdds-1710-5x6jb-1204890111 ip:192.168.69.77
2019-07-14 16:33:21,752 INFO  util.JvmPauseMonitor (JvmPauseMonitor.java:run(188)) - Starting JVM pause monitor
2019-07-14 16:33:21,753 INFO  datanode.InitDatanodeState (InitDatanodeState.java:persistContainerDatanodeDetails(140)) - DatanodeDetails is persisted to /workdir/hadoop-ozone/integration-test/target/test-dir/MiniOzoneClusterImpl-08738c8b-c1fa-46e0-b7fe-0ffeb36e6730/datanode-4/meta/datanode.id
2019-07-14 16:33:21,765 INFO  volume.HddsVolume (HddsVolume.java:<init>(176)) - Creating Volume: /workdir/hadoop-ozone/integration-test/target/test-dir/MiniOzoneClusterImpl-08738c8b-c1fa-46e0-b7fe-0ffeb36e6730/datanode-5/data/containers/hdds of  storage type : DISK and capacity : 52710309888
2019-07-14 16:33:21,766 INFO  volume.VolumeSet (VolumeSet.java:initializeVolumeSet(170)) - Added Volume : /workdir/hadoop-ozone/integration-test/target/test-dir/MiniOzoneClusterImpl-08738c8b-c1fa-46e0-b7fe-0ffeb36e6730/datanode-5/data/containers/hdds to VolumeSet
2019-07-14 16:33:21,766 INFO  volume.ThrottledAsyncChecker (ThrottledAsyncChecker.java:schedule(140)) - Scheduling a check for org.apache.hadoop.ozone.container.common.volume.HddsVolume@30ff3726
2019-07-14 16:33:21,766 INFO  volume.HddsVolumeChecker (HddsVolumeChecker.java:checkAllVolumes(203)) - Scheduled health check for volume org.apache.hadoop.ozone.container.common.volume.HddsVolume@30ff3726
2019-07-14 16:33:21,781 INFO  impl.RaftServerProxy (ConfUtils.java:logGet(43)) - raft.rpc.type = GRPC (default)
2019-07-14 16:33:21,782 INFO  grpc.GrpcFactory (GrpcFactory.java:checkPooledByteBufAllocatorUseCacheForAllThreads(45)) - PERFORMANCE WARNING: useCacheForAllThreads is true that may cause Netty to create a lot garbage objects and, as a result, trigger GC.
	It is recommended to disable useCacheForAllThreads by setting -Dorg.apache.ratis.thirdparty.io.netty.allocator.useCacheForAllThreads=false in command line.
2019-07-14 16:33:21,782 INFO  grpc.GrpcConfigKeys$Server (ConfUtils.java:logGet(43)) - raft.grpc.server.port = 0 (default)
2019-07-14 16:33:21,782 INFO  server.GrpcService (ConfUtils.java:logGet(43)) - raft.grpc.message.size.max = 33570816 (custom)
2019-07-14 16:33:21,783 INFO  server.RaftServerConfigKeys (ConfUtils.java:logGet(43)) - raft.server.log.appender.buffer.byte-limit = 33554432 (custom)
2019-07-14 16:33:21,783 INFO  server.GrpcService (ConfUtils.java:logGet(43)) - raft.grpc.flow.control.window = 1MB (=1048576) (default)
2019-07-14 16:33:21,783 INFO  server.RaftServerConfigKeys (ConfUtils.java:logGet(43)) - raft.server.rpc.request.timeout = 3000ms (default)
2019-07-14 16:33:21,784 INFO  server.RaftServerConfigKeys (ConfUtils.java:logGet(43)) - raft.server.storage.dir = [/workdir/hadoop-ozone/integration-test/target/test-dir/MiniOzoneClusterImpl-08738c8b-c1fa-46e0-b7fe-0ffeb36e6730/datanode-5/data/ratis] (custom)
2019-07-14 16:33:21,784 INFO  replication.SimpleContainerDownloader (SimpleContainerDownloader.java:<init>(72)) - Starting container downloader service to copy containers to replicate.
2019-07-14 16:33:21,785 INFO  hdfs.DFSUtil (DFSUtil.java:httpServerTemplateForNNAndJN(1641)) - Starting Web-server for hddsDatanode at: http://0.0.0.0:0
2019-07-14 16:33:21,786 INFO  server.AuthenticationFilter (AuthenticationFilter.java:constructSecretProvider(240)) - Unable to initialize FileSignerSecretProvider, falling back to use random secrets.
2019-07-14 16:33:21,787 WARN  http.HttpRequestLog (HttpRequestLog.java:getRequestLog(97)) - Jetty request log can only be enabled using Log4j
2019-07-14 16:33:21,788 INFO  http.HttpServer2 (HttpServer2.java:addGlobalFilter(975)) - Added global filter 'safety' (class=org.apache.hadoop.http.HttpServer2$QuotingInputFilter)
2019-07-14 16:33:21,788 INFO  http.HttpServer2 (HttpServer2.java:addFilter(948)) - Added filter static_user_filter (class=org.apache.hadoop.http.lib.StaticUserWebFilter$StaticUserFilter) to context hddsDatanode
2019-07-14 16:33:21,788 INFO  http.HttpServer2 (HttpServer2.java:addFilter(958)) - Added filter static_user_filter (class=org.apache.hadoop.http.lib.StaticUserWebFilter$StaticUserFilter) to context logs
2019-07-14 16:33:21,789 INFO  http.HttpServer2 (HttpServer2.java:addFilter(958)) - Added filter static_user_filter (class=org.apache.hadoop.http.lib.StaticUserWebFilter$StaticUserFilter) to context static
2019-07-14 16:33:21,789 INFO  http.HttpServer2 (HttpServer2.java:bindListener(1191)) - Jetty bound to port 37531
2019-07-14 16:33:21,789 INFO  server.Server (Server.java:doStart(351)) - jetty-9.3.24.v20180605, build timestamp: 2018-06-05T17:11:56Z, git hash: 84205aa28f11a4f31f2a3b86d1bba2cc8ab69827
2019-07-14 16:33:21,791 INFO  handler.ContextHandler (ContextHandler.java:doStart(781)) - Started o.e.j.s.ServletContextHandler@32be0ebd{/logs,file:///workdir/hadoop-ozone/integration-test/target/log,AVAILABLE}
2019-07-14 16:33:21,791 INFO  handler.ContextHandler (ContextHandler.java:doStart(781)) - Started o.e.j.s.ServletContextHandler@3b5950f{/static,jar:file:/home/user/.m2/repository/org/apache/hadoop/hadoop-hdds-container-service/0.5.0-SNAPSHOT/hadoop-hdds-container-service-0.5.0-SNAPSHOT.jar!/webapps/static,AVAILABLE}
2019-07-14 16:33:21,817 INFO  handler.ContextHandler (ContextHandler.java:doStart(781)) - Started o.e.j.w.WebAppContext@5acf07e7{/,file:///tmp/jetty-0.0.0.0-37531-hddsDatanode-_-any-5901390796456740601.dir/webapp/,AVAILABLE}{/hddsDatanode}
2019-07-14 16:33:21,818 INFO  server.AbstractConnector (AbstractConnector.java:doStart(278)) - Started ServerConnector@42c8f458{HTTP/1.1,[http/1.1]}{0.0.0.0:37531}
2019-07-14 16:33:21,818 INFO  server.Server (Server.java:doStart(419)) - Started @662522ms
2019-07-14 16:33:21,820 INFO  server.BaseHttpServer (BaseHttpServer.java:updateConnectorAddress(207)) - HTTP server of HDDSDATANODE is listening at http://0.0.0.0:37531
2019-07-14 16:33:21,920 INFO  ozone.HddsDatanodeService (HddsDatanodeService.java:startPlugins(396)) - Started plug-in org.apache.hadoop.ozone.web.OzoneHddsDatanodeService@213451a4
2019-07-14 16:33:21,920 INFO  impl.MetricsSystemImpl (MetricsSystemImpl.java:init(158)) - HddsDatanode metrics system started (again)
2019-07-14 16:33:21,927 INFO  ozone.HddsDatanodeService (HddsDatanodeService.java:start(185)) - HddsDatanodeService host:pr-hdds-1710-5x6jb-1204890111 ip:192.168.69.77
2019-07-14 16:33:21,928 INFO  util.JvmPauseMonitor (JvmPauseMonitor.java:run(188)) - Starting JVM pause monitor
2019-07-14 16:33:21,929 INFO  datanode.InitDatanodeState (InitDatanodeState.java:persistContainerDatanodeDetails(140)) - DatanodeDetails is persisted to /workdir/hadoop-ozone/integration-test/target/test-dir/MiniOzoneClusterImpl-08738c8b-c1fa-46e0-b7fe-0ffeb36e6730/datanode-5/meta/datanode.id
2019-07-14 16:33:21,941 INFO  volume.HddsVolume (HddsVolume.java:<init>(176)) - Creating Volume: /workdir/hadoop-ozone/integration-test/target/test-dir/MiniOzoneClusterImpl-08738c8b-c1fa-46e0-b7fe-0ffeb36e6730/datanode-6/data/containers/hdds of  storage type : DISK and capacity : 52710309888
2019-07-14 16:33:21,941 INFO  volume.VolumeSet (VolumeSet.java:initializeVolumeSet(170)) - Added Volume : /workdir/hadoop-ozone/integration-test/target/test-dir/MiniOzoneClusterImpl-08738c8b-c1fa-46e0-b7fe-0ffeb36e6730/datanode-6/data/containers/hdds to VolumeSet
2019-07-14 16:33:21,942 INFO  volume.ThrottledAsyncChecker (ThrottledAsyncChecker.java:schedule(140)) - Scheduling a check for org.apache.hadoop.ozone.container.common.volume.HddsVolume@592aad4c
2019-07-14 16:33:21,942 INFO  volume.HddsVolumeChecker (HddsVolumeChecker.java:checkAllVolumes(203)) - Scheduled health check for volume org.apache.hadoop.ozone.container.common.volume.HddsVolume@592aad4c
2019-07-14 16:33:21,957 INFO  impl.RaftServerProxy (ConfUtils.java:logGet(43)) - raft.rpc.type = GRPC (default)
2019-07-14 16:33:21,957 INFO  grpc.GrpcFactory (GrpcFactory.java:checkPooledByteBufAllocatorUseCacheForAllThreads(45)) - PERFORMANCE WARNING: useCacheForAllThreads is true that may cause Netty to create a lot garbage objects and, as a result, trigger GC.
	It is recommended to disable useCacheForAllThreads by setting -Dorg.apache.ratis.thirdparty.io.netty.allocator.useCacheForAllThreads=false in command line.
2019-07-14 16:33:21,957 INFO  grpc.GrpcConfigKeys$Server (ConfUtils.java:logGet(43)) - raft.grpc.server.port = 0 (default)
2019-07-14 16:33:21,957 INFO  server.GrpcService (ConfUtils.java:logGet(43)) - raft.grpc.message.size.max = 33570816 (custom)
2019-07-14 16:33:21,958 INFO  server.RaftServerConfigKeys (ConfUtils.java:logGet(43)) - raft.server.log.appender.buffer.byte-limit = 33554432 (custom)
2019-07-14 16:33:21,958 INFO  server.GrpcService (ConfUtils.java:logGet(43)) - raft.grpc.flow.control.window = 1MB (=1048576) (default)
2019-07-14 16:33:21,958 INFO  server.RaftServerConfigKeys (ConfUtils.java:logGet(43)) - raft.server.rpc.request.timeout = 3000ms (default)
2019-07-14 16:33:21,958 INFO  server.RaftServerConfigKeys (ConfUtils.java:logGet(43)) - raft.server.storage.dir = [/workdir/hadoop-ozone/integration-test/target/test-dir/MiniOzoneClusterImpl-08738c8b-c1fa-46e0-b7fe-0ffeb36e6730/datanode-6/data/ratis] (custom)
2019-07-14 16:33:21,959 INFO  replication.SimpleContainerDownloader (SimpleContainerDownloader.java:<init>(72)) - Starting container downloader service to copy containers to replicate.
2019-07-14 16:33:21,960 INFO  hdfs.DFSUtil (DFSUtil.java:httpServerTemplateForNNAndJN(1641)) - Starting Web-server for hddsDatanode at: http://0.0.0.0:0
2019-07-14 16:33:21,961 INFO  server.AuthenticationFilter (AuthenticationFilter.java:constructSecretProvider(240)) - Unable to initialize FileSignerSecretProvider, falling back to use random secrets.
2019-07-14 16:33:21,961 WARN  http.HttpRequestLog (HttpRequestLog.java:getRequestLog(97)) - Jetty request log can only be enabled using Log4j
2019-07-14 16:33:21,962 INFO  http.HttpServer2 (HttpServer2.java:addGlobalFilter(975)) - Added global filter 'safety' (class=org.apache.hadoop.http.HttpServer2$QuotingInputFilter)
2019-07-14 16:33:21,963 INFO  http.HttpServer2 (HttpServer2.java:addFilter(948)) - Added filter static_user_filter (class=org.apache.hadoop.http.lib.StaticUserWebFilter$StaticUserFilter) to context hddsDatanode
2019-07-14 16:33:21,963 INFO  http.HttpServer2 (HttpServer2.java:addFilter(958)) - Added filter static_user_filter (class=org.apache.hadoop.http.lib.StaticUserWebFilter$StaticUserFilter) to context logs
2019-07-14 16:33:21,963 INFO  http.HttpServer2 (HttpServer2.java:addFilter(958)) - Added filter static_user_filter (class=org.apache.hadoop.http.lib.StaticUserWebFilter$StaticUserFilter) to context static
2019-07-14 16:33:21,963 INFO  http.HttpServer2 (HttpServer2.java:bindListener(1191)) - Jetty bound to port 35233
2019-07-14 16:33:21,964 INFO  server.Server (Server.java:doStart(351)) - jetty-9.3.24.v20180605, build timestamp: 2018-06-05T17:11:56Z, git hash: 84205aa28f11a4f31f2a3b86d1bba2cc8ab69827
2019-07-14 16:33:21,965 INFO  handler.ContextHandler (ContextHandler.java:doStart(781)) - Started o.e.j.s.ServletContextHandler@5c51a7eb{/logs,file:///workdir/hadoop-ozone/integration-test/target/log,AVAILABLE}
2019-07-14 16:33:21,965 INFO  handler.ContextHandler (ContextHandler.java:doStart(781)) - Started o.e.j.s.ServletContextHandler@29d534ce{/static,jar:file:/home/user/.m2/repository/org/apache/hadoop/hadoop-hdds-container-service/0.5.0-SNAPSHOT/hadoop-hdds-container-service-0.5.0-SNAPSHOT.jar!/webapps/static,AVAILABLE}
2019-07-14 16:33:21,992 INFO  handler.ContextHandler (ContextHandler.java:doStart(781)) - Started o.e.j.w.WebAppContext@338f9bb5{/,file:///tmp/jetty-0.0.0.0-35233-hddsDatanode-_-any-8650650141555049159.dir/webapp/,AVAILABLE}{/hddsDatanode}
2019-07-14 16:33:21,992 INFO  server.AbstractConnector (AbstractConnector.java:doStart(278)) - Started ServerConnector@1f0f52d6{HTTP/1.1,[http/1.1]}{0.0.0.0:35233}
2019-07-14 16:33:21,992 INFO  server.Server (Server.java:doStart(419)) - Started @662696ms
2019-07-14 16:33:21,995 INFO  server.BaseHttpServer (BaseHttpServer.java:updateConnectorAddress(207)) - HTTP server of HDDSDATANODE is listening at http://0.0.0.0:35233
2019-07-14 16:33:22,255 INFO  ozone.HddsDatanodeService (HddsDatanodeService.java:startPlugins(396)) - Started plug-in org.apache.hadoop.ozone.web.OzoneHddsDatanodeService@1aaf3aa1
2019-07-14 16:33:22,256 INFO  ozone.MiniOzoneClusterImpl (MiniOzoneClusterImpl.java:lambda$waitForClusterToBeReady$0(142)) - Waiting for cluster to be ready. Got 0 of 7 DN Heartbeats.
2019-07-14 16:33:22,260 INFO  util.JvmPauseMonitor (JvmPauseMonitor.java:run(188)) - Starting JVM pause monitor
2019-07-14 16:33:22,261 INFO  datanode.InitDatanodeState (InitDatanodeState.java:persistContainerDatanodeDetails(140)) - DatanodeDetails is persisted to /workdir/hadoop-ozone/integration-test/target/test-dir/MiniOzoneClusterImpl-08738c8b-c1fa-46e0-b7fe-0ffeb36e6730/datanode-6/meta/datanode.id
2019-07-14 16:33:23,064 INFO  ozoneimpl.OzoneContainer (OzoneContainer.java:start(186)) - Attempting to start container services.
2019-07-14 16:33:23,067 INFO  ozoneimpl.OzoneContainer (OzoneContainer.java:startContainerScrub(160)) - Background container scrubber has been disabled by hdds.containerscrub.enabled
2019-07-14 16:33:23,067 INFO  ratis.XceiverServerRatis (XceiverServerRatis.java:start(418)) - Starting XceiverServerRatis b78ff834-b5d5-4deb-95f9-4a167141af01 at port 0
2019-07-14 16:33:23,076 INFO  impl.RaftServerProxy (RaftServerProxy.java:lambda$start$3(299)) - b78ff834-b5d5-4deb-95f9-4a167141af01: start RPC server
2019-07-14 16:33:23,077 INFO  server.GrpcService (GrpcService.java:startImpl(149)) - b78ff834-b5d5-4deb-95f9-4a167141af01: GrpcService started, listening on 0.0.0.0/0.0.0.0:35917
2019-07-14 16:33:23,077 INFO  ratis.XceiverServerRatis (XceiverServerRatis.java:start(428)) - XceiverServerRatis b78ff834-b5d5-4deb-95f9-4a167141af01 is started using port 35917
2019-07-14 16:33:23,078 INFO  server.XceiverServerGrpc (XceiverServerGrpc.java:start(161)) - XceiverServerGrpc b78ff834-b5d5-4deb-95f9-4a167141af01 is started using port 35814
2019-07-14 16:33:23,253 INFO  ozoneimpl.OzoneContainer (OzoneContainer.java:start(186)) - Attempting to start container services.
2019-07-14 16:33:23,256 INFO  ozoneimpl.OzoneContainer (OzoneContainer.java:startContainerScrub(160)) - Background container scrubber has been disabled by hdds.containerscrub.enabled
2019-07-14 16:33:23,256 INFO  ozone.MiniOzoneClusterImpl (MiniOzoneClusterImpl.java:lambda$waitForClusterToBeReady$0(142)) - Waiting for cluster to be ready. Got 0 of 7 DN Heartbeats.
2019-07-14 16:33:23,257 INFO  ratis.XceiverServerRatis (XceiverServerRatis.java:start(418)) - Starting XceiverServerRatis 472ad2ac-a58f-4509-9846-5e41ad7cd623 at port 0
2019-07-14 16:33:23,265 INFO  impl.RaftServerProxy (RaftServerProxy.java:lambda$start$3(299)) - 472ad2ac-a58f-4509-9846-5e41ad7cd623: start RPC server
2019-07-14 16:33:23,266 INFO  server.GrpcService (GrpcService.java:startImpl(149)) - 472ad2ac-a58f-4509-9846-5e41ad7cd623: GrpcService started, listening on 0.0.0.0/0.0.0.0:35732
2019-07-14 16:33:23,266 INFO  ratis.XceiverServerRatis (XceiverServerRatis.java:start(428)) - XceiverServerRatis 472ad2ac-a58f-4509-9846-5e41ad7cd623 is started using port 35732
2019-07-14 16:33:23,274 INFO  server.XceiverServerGrpc (XceiverServerGrpc.java:start(161)) - XceiverServerGrpc 472ad2ac-a58f-4509-9846-5e41ad7cd623 is started using port 46715
2019-07-14 16:33:23,422 INFO  ozoneimpl.OzoneContainer (OzoneContainer.java:start(186)) - Attempting to start container services.
2019-07-14 16:33:23,429 INFO  ozoneimpl.OzoneContainer (OzoneContainer.java:startContainerScrub(160)) - Background container scrubber has been disabled by hdds.containerscrub.enabled
2019-07-14 16:33:23,429 INFO  ratis.XceiverServerRatis (XceiverServerRatis.java:start(418)) - Starting XceiverServerRatis 3e0cbe12-980e-4522-a295-ddb62eab7be9 at port 0
2019-07-14 16:33:23,437 INFO  impl.RaftServerProxy (RaftServerProxy.java:lambda$start$3(299)) - 3e0cbe12-980e-4522-a295-ddb62eab7be9: start RPC server
2019-07-14 16:33:23,438 INFO  server.GrpcService (GrpcService.java:startImpl(149)) - 3e0cbe12-980e-4522-a295-ddb62eab7be9: GrpcService started, listening on 0.0.0.0/0.0.0.0:35416
2019-07-14 16:33:23,438 INFO  ratis.XceiverServerRatis (XceiverServerRatis.java:start(428)) - XceiverServerRatis 3e0cbe12-980e-4522-a295-ddb62eab7be9 is started using port 35416
2019-07-14 16:33:23,438 INFO  server.XceiverServerGrpc (XceiverServerGrpc.java:start(161)) - XceiverServerGrpc 3e0cbe12-980e-4522-a295-ddb62eab7be9 is started using port 32810
2019-07-14 16:33:23,597 INFO  ozoneimpl.OzoneContainer (OzoneContainer.java:start(186)) - Attempting to start container services.
2019-07-14 16:33:23,597 INFO  ozoneimpl.OzoneContainer (OzoneContainer.java:startContainerScrub(160)) - Background container scrubber has been disabled by hdds.containerscrub.enabled
2019-07-14 16:33:23,597 INFO  ratis.XceiverServerRatis (XceiverServerRatis.java:start(418)) - Starting XceiverServerRatis 1e8381d4-e571-4076-8ec1-f519959dd3b0 at port 0
2019-07-14 16:33:23,606 INFO  impl.RaftServerProxy (RaftServerProxy.java:lambda$start$3(299)) - 1e8381d4-e571-4076-8ec1-f519959dd3b0: start RPC server
2019-07-14 16:33:23,608 INFO  server.GrpcService (GrpcService.java:startImpl(149)) - 1e8381d4-e571-4076-8ec1-f519959dd3b0: GrpcService started, listening on 0.0.0.0/0.0.0.0:40542
2019-07-14 16:33:23,609 INFO  ratis.XceiverServerRatis (XceiverServerRatis.java:start(428)) - XceiverServerRatis 1e8381d4-e571-4076-8ec1-f519959dd3b0 is started using port 40542
2019-07-14 16:33:23,611 INFO  server.XceiverServerGrpc (XceiverServerGrpc.java:start(161)) - XceiverServerGrpc 1e8381d4-e571-4076-8ec1-f519959dd3b0 is started using port 39832
2019-07-14 16:33:23,767 INFO  ozoneimpl.OzoneContainer (OzoneContainer.java:start(186)) - Attempting to start container services.
2019-07-14 16:33:23,767 INFO  ozoneimpl.OzoneContainer (OzoneContainer.java:startContainerScrub(160)) - Background container scrubber has been disabled by hdds.containerscrub.enabled
2019-07-14 16:33:23,767 INFO  ratis.XceiverServerRatis (XceiverServerRatis.java:start(418)) - Starting XceiverServerRatis 4dce4393-7fae-4871-828c-a5f0ee5dd363 at port 0
2019-07-14 16:33:23,775 INFO  impl.RaftServerProxy (RaftServerProxy.java:lambda$start$3(299)) - 4dce4393-7fae-4871-828c-a5f0ee5dd363: start RPC server
2019-07-14 16:33:23,776 INFO  server.GrpcService (GrpcService.java:startImpl(149)) - 4dce4393-7fae-4871-828c-a5f0ee5dd363: GrpcService started, listening on 0.0.0.0/0.0.0.0:37542
2019-07-14 16:33:23,776 INFO  ratis.XceiverServerRatis (XceiverServerRatis.java:start(428)) - XceiverServerRatis 4dce4393-7fae-4871-828c-a5f0ee5dd363 is started using port 37542
2019-07-14 16:33:23,779 INFO  server.XceiverServerGrpc (XceiverServerGrpc.java:start(161)) - XceiverServerGrpc 4dce4393-7fae-4871-828c-a5f0ee5dd363 is started using port 37916
2019-07-14 16:33:23,941 INFO  ozoneimpl.OzoneContainer (OzoneContainer.java:start(186)) - Attempting to start container services.
2019-07-14 16:33:23,941 INFO  ozoneimpl.OzoneContainer (OzoneContainer.java:startContainerScrub(160)) - Background container scrubber has been disabled by hdds.containerscrub.enabled
2019-07-14 16:33:23,941 INFO  ratis.XceiverServerRatis (XceiverServerRatis.java:start(418)) - Starting XceiverServerRatis 87e0d44a-7661-4c4e-9766-d982f5879c7e at port 0
2019-07-14 16:33:23,949 INFO  impl.RaftServerProxy (RaftServerProxy.java:lambda$start$3(299)) - 87e0d44a-7661-4c4e-9766-d982f5879c7e: start RPC server
2019-07-14 16:33:23,950 INFO  server.GrpcService (GrpcService.java:startImpl(149)) - 87e0d44a-7661-4c4e-9766-d982f5879c7e: GrpcService started, listening on 0.0.0.0/0.0.0.0:33686
2019-07-14 16:33:23,950 INFO  ratis.XceiverServerRatis (XceiverServerRatis.java:start(428)) - XceiverServerRatis 87e0d44a-7661-4c4e-9766-d982f5879c7e is started using port 33686
2019-07-14 16:33:23,951 INFO  server.XceiverServerGrpc (XceiverServerGrpc.java:start(161)) - XceiverServerGrpc 87e0d44a-7661-4c4e-9766-d982f5879c7e is started using port 44113
2019-07-14 16:33:24,257 INFO  ozone.MiniOzoneClusterImpl (MiniOzoneClusterImpl.java:lambda$waitForClusterToBeReady$0(142)) - Waiting for cluster to be ready. Got 0 of 7 DN Heartbeats.
2019-07-14 16:33:24,274 INFO  ozoneimpl.OzoneContainer (OzoneContainer.java:start(186)) - Attempting to start container services.
2019-07-14 16:33:24,274 INFO  ozoneimpl.OzoneContainer (OzoneContainer.java:startContainerScrub(160)) - Background container scrubber has been disabled by hdds.containerscrub.enabled
2019-07-14 16:33:24,274 INFO  ratis.XceiverServerRatis (XceiverServerRatis.java:start(418)) - Starting XceiverServerRatis fb2a5e7d-4da2-4e0a-82af-c73b0c91fc3e at port 0
2019-07-14 16:33:24,282 INFO  impl.RaftServerProxy (RaftServerProxy.java:lambda$start$3(299)) - fb2a5e7d-4da2-4e0a-82af-c73b0c91fc3e: start RPC server
2019-07-14 16:33:24,282 INFO  server.GrpcService (GrpcService.java:startImpl(149)) - fb2a5e7d-4da2-4e0a-82af-c73b0c91fc3e: GrpcService started, listening on 0.0.0.0/0.0.0.0:42150
2019-07-14 16:33:24,283 INFO  ratis.XceiverServerRatis (XceiverServerRatis.java:start(428)) - XceiverServerRatis fb2a5e7d-4da2-4e0a-82af-c73b0c91fc3e is started using port 42150
2019-07-14 16:33:24,286 INFO  server.XceiverServerGrpc (XceiverServerGrpc.java:start(161)) - XceiverServerGrpc fb2a5e7d-4da2-4e0a-82af-c73b0c91fc3e is started using port 37157
2019-07-14 16:33:25,046 INFO  net.NetworkTopology (NetworkTopologyImpl.java:add(110)) - Added a new node: /default-rack/192.168.69.77
2019-07-14 16:33:25,049 INFO  node.SCMNodeManager (SCMNodeManager.java:register(269)) - Registered Data node : b78ff834-b5d5-4deb-95f9-4a167141af01{ip: 192.168.69.77, host: pr-hdds-1710-5x6jb-1204890111, networkLocation: /default-rack, certSerialId: null}
2019-07-14 16:33:25,050 INFO  safemode.SCMSafeModeManager (DataNodeSafeModeRule.java:process(71)) - SCM in safe mode. 1 DataNodes registered, 1 required.
2019-07-14 16:33:25,053 INFO  safemode.SCMSafeModeManager (SCMSafeModeManager.java:validateSafeModeExitRules(177)) - ScmSafeModeManager, all rules are successfully validated
2019-07-14 16:33:25,053 INFO  safemode.SCMSafeModeManager (SCMSafeModeManager.java:exitSafeMode(193)) - SCM exiting safe mode.
2019-07-14 16:33:25,073 INFO  impl.RaftServerProxy (RaftServerProxy.java:addNew(89)) - b78ff834-b5d5-4deb-95f9-4a167141af01: addNew group-4D4ED83C6D87:[b78ff834-b5d5-4deb-95f9-4a167141af01:192.168.69.77:35917] returns group-4D4ED83C6D87:java.util.concurrent.CompletableFuture@6eed3252[Not completed]
2019-07-14 16:33:25,074 INFO  impl.RaftServerImpl (RaftServerImpl.java:<init>(93)) - b78ff834-b5d5-4deb-95f9-4a167141af01: new RaftServerImpl for group-4D4ED83C6D87:[b78ff834-b5d5-4deb-95f9-4a167141af01:192.168.69.77:35917] with ContainerStateMachine:uninitialized
2019-07-14 16:33:25,074 INFO  server.RaftServerConfigKeys (ConfUtils.java:logGet(43)) - raft.server.rpc.timeout.min = 5s (custom)
2019-07-14 16:33:25,074 INFO  server.RaftServerConfigKeys (ConfUtils.java:logGet(43)) - raft.server.rpc.timeout.max = 5200ms (custom)
2019-07-14 16:33:25,074 INFO  server.RaftServerConfigKeys (ConfUtils.java:logGet(43)) - raft.server.rpcslowness.timeout = 120s (custom)
2019-07-14 16:33:25,074 INFO  server.RaftServerConfigKeys (ConfUtils.java:logGet(43)) - raft.server.sleep.deviation.threshold = 300 (default)
2019-07-14 16:33:25,075 INFO  server.RaftServerConfigKeys (ConfUtils.java:logGet(43)) - raft.server.log.appender.install.snapshot.enabled = false (custom)
2019-07-14 16:33:25,075 INFO  impl.RaftServerImpl (ServerState.java:<init>(105)) - b78ff834-b5d5-4deb-95f9-4a167141af01:group-4D4ED83C6D87 ConfigurationManager, init=-1: [b78ff834-b5d5-4deb-95f9-4a167141af01:192.168.69.77:35917], old=null, confs=<EMPTY_MAP>
2019-07-14 16:33:25,075 INFO  server.RaftServerConfigKeys (ConfUtils.java:logGet(43)) - raft.server.storage.dir = [/workdir/hadoop-ozone/integration-test/target/test-dir/MiniOzoneClusterImpl-08738c8b-c1fa-46e0-b7fe-0ffeb36e6730/datanode-0/data/ratis] (custom)
2019-07-14 16:33:25,075 INFO  storage.RaftStorageDirectory (RaftStorageDirectory.java:analyzeStorage(246)) - The storage directory /workdir/hadoop-ozone/integration-test/target/test-dir/MiniOzoneClusterImpl-08738c8b-c1fa-46e0-b7fe-0ffeb36e6730/datanode-0/data/ratis/87b2d50c-f27c-4951-bac5-4d4ed83c6d87 does not exist. Creating ...
2019-07-14 16:33:25,089 INFO  storage.RaftStorageDirectory (RaftStorageDirectory.java:tryLock(328)) - Lock on /workdir/hadoop-ozone/integration-test/target/test-dir/MiniOzoneClusterImpl-08738c8b-c1fa-46e0-b7fe-0ffeb36e6730/datanode-0/data/ratis/87b2d50c-f27c-4951-bac5-4d4ed83c6d87/in_use.lock acquired by nodename 13169@pr-hdds-1710-5x6jb-1204890111
2019-07-14 16:33:25,102 INFO  storage.RaftStorage (RaftStorage.java:format(72)) - Storage directory /workdir/hadoop-ozone/integration-test/target/test-dir/MiniOzoneClusterImpl-08738c8b-c1fa-46e0-b7fe-0ffeb36e6730/datanode-0/data/ratis/87b2d50c-f27c-4951-bac5-4d4ed83c6d87 has been successfully formatted.
2019-07-14 16:33:25,103 INFO  ratis.ContainerStateMachine (ContainerStateMachine.java:loadSnapshot(200)) - The snapshot info is null.Setting the last applied index to:(t:0, i:~)
2019-07-14 16:33:25,103 INFO  server.RaftServerConfigKeys (ConfUtils.java:logGet(43)) - raft.server.leader.election.timeout = 120s (custom)
2019-07-14 16:33:25,103 INFO  server.RaftServerConfigKeys (ConfUtils.java:logGet(43)) - raft.server.log.use.memory = false (default)
2019-07-14 16:33:25,103 INFO  server.RaftServerConfigKeys (ConfUtils.java:logGet(43)) - raft.server.log.purge.gap = 1000000000 (custom)
2019-07-14 16:33:25,103 INFO  server.RaftServerConfigKeys (ConfUtils.java:logGet(43)) - raft.server.log.appender.buffer.byte-limit = 33554432 (custom)
2019-07-14 16:33:25,103 INFO  server.RaftServerConfigKeys (ConfUtils.java:logGet(43)) - raft.server.log.segment.size.max = 1048576 (custom)
2019-07-14 16:33:25,104 INFO  server.RaftServerConfigKeys (ConfUtils.java:logGet(43)) - raft.server.log.segment.cache.num.max = 2 (custom)
2019-07-14 16:33:25,104 INFO  segmented.SegmentedRaftLogWorker (SegmentedRaftLogWorker.java:<init>(172)) - new b78ff834-b5d5-4deb-95f9-4a167141af01-SegmentedRaftLogWorker:Storage Directory /workdir/hadoop-ozone/integration-test/target/test-dir/MiniOzoneClusterImpl-08738c8b-c1fa-46e0-b7fe-0ffeb36e6730/datanode-0/data/ratis/87b2d50c-f27c-4951-bac5-4d4ed83c6d87 for RaftStorage:Storage Directory /workdir/hadoop-ozone/integration-test/target/test-dir/MiniOzoneClusterImpl-08738c8b-c1fa-46e0-b7fe-0ffeb36e6730/datanode-0/data/ratis/87b2d50c-f27c-4951-bac5-4d4ed83c6d87
2019-07-14 16:33:25,104 INFO  server.RaftServerConfigKeys (ConfUtils.java:logGet(43)) - raft.server.log.queue.byte-limit = 2147483647 (custom)
2019-07-14 16:33:25,104 INFO  server.RaftServerConfigKeys (ConfUtils.java:logGet(43)) - raft.server.log.queue.element-limit = 1024 (custom)
2019-07-14 16:33:25,104 INFO  server.RaftServerConfigKeys (ConfUtils.java:logGet(43)) - raft.server.log.segment.size.max = 1048576 (custom)
2019-07-14 16:33:25,105 INFO  server.RaftServerConfigKeys (ConfUtils.java:logGet(43)) - raft.server.log.preallocated.size = 16384 (custom)
2019-07-14 16:33:25,105 INFO  server.RaftServerConfigKeys (ConfUtils.java:logGet(43)) - raft.server.log.write.buffer.size = 33554432 (custom)
2019-07-14 16:33:25,105 INFO  server.RaftServerConfigKeys (ConfUtils.java:logGet(43)) - raft.server.log.force.sync.num = 128 (default)
2019-07-14 16:33:25,105 INFO  server.RaftServerConfigKeys (ConfUtils.java:logGet(43)) - raft.server.log.statemachine.data.sync = true (default)
2019-07-14 16:33:25,105 INFO  server.RaftServerConfigKeys (ConfUtils.java:logGet(43)) - raft.server.log.statemachine.data.sync.timeout = 10s (default)
2019-07-14 16:33:25,105 INFO  server.RaftServerConfigKeys (ConfUtils.java:logGet(43)) - raft.server.log.statemachine.data.sync.timeout.retry = -1 (default)
2019-07-14 16:33:25,106 INFO  server.RaftServerConfigKeys (ConfUtils.java:logGet(43)) - raft.server.log.statemachine.data.caching.enabled = true (custom)
2019-07-14 16:33:25,106 INFO  segmented.SegmentedRaftLogWorker (SegmentedRaftLogWorker.java:lambda$new$0(132)) - b78ff834-b5d5-4deb-95f9-4a167141af01-SegmentedRaftLogWorker:Storage Directory /workdir/hadoop-ozone/integration-test/target/test-dir/MiniOzoneClusterImpl-08738c8b-c1fa-46e0-b7fe-0ffeb36e6730/datanode-0/data/ratis/87b2d50c-f27c-4951-bac5-4d4ed83c6d87: flushIndex: setUnconditionally 0 -> -1
2019-07-14 16:33:25,106 INFO  server.RaftServerConfigKeys (ConfUtils.java:logGet(43)) - raft.server.snapshot.auto.trigger.enabled = true (custom)
2019-07-14 16:33:25,106 INFO  server.RaftServerConfigKeys (ConfUtils.java:logGet(43)) - raft.server.snapshot.auto.trigger.threshold = 10000 (custom)
2019-07-14 16:33:25,107 INFO  server.RaftServerConfigKeys (ConfUtils.java:logGet(43)) - raft.server.retrycache.expirytime = 600000ms (custom)
2019-07-14 16:33:25,107 INFO  impl.RaftServerImpl (RaftServerImpl.java:start(180)) - b78ff834-b5d5-4deb-95f9-4a167141af01: start group-4D4ED83C6D87
2019-07-14 16:33:25,107 INFO  impl.RaftServerImpl (RaftServerImpl.java:setRole(171)) - b78ff834-b5d5-4deb-95f9-4a167141af01:group-4D4ED83C6D87 changes role from null to FOLLOWER at term 0 for startAsFollower
2019-07-14 16:33:25,107 INFO  impl.RoleInfo (RoleInfo.java:updateAndGet(143)) - b78ff834-b5d5-4deb-95f9-4a167141af01: start FollowerState
2019-07-14 16:33:25,108 INFO  util.JmxRegister (JmxRegister.java:tryRegister(44)) - Successfully registered JMX Bean with object name Ratis:service=RaftServer,group=group-4D4ED83C6D87,id=b78ff834-b5d5-4deb-95f9-4a167141af01
2019-07-14 16:33:25,112 INFO  pipeline.PipelineStateManager (PipelineStateManager.java:addPipeline(56)) - Created pipeline Pipeline[ Id: 87b2d50c-f27c-4951-bac5-4d4ed83c6d87, Nodes: b78ff834-b5d5-4deb-95f9-4a167141af01{ip: 192.168.69.77, host: pr-hdds-1710-5x6jb-1204890111, networkLocation: /default-rack, certSerialId: null}, Type:RATIS, Factor:ONE, State:OPEN]
2019-07-14 16:33:25,240 INFO  node.SCMNodeManager (SCMNodeManager.java:register(269)) - Registered Data node : 472ad2ac-a58f-4509-9846-5e41ad7cd623{ip: 192.168.69.77, host: pr-hdds-1710-5x6jb-1204890111, networkLocation: /default-rack, certSerialId: null}
2019-07-14 16:33:25,258 INFO  ozone.MiniOzoneClusterImpl (MiniOzoneClusterImpl.java:lambda$waitForClusterToBeReady$0(142)) - Waiting for cluster to be ready. Got 2 of 7 DN Heartbeats.
2019-07-14 16:33:25,262 INFO  impl.RaftServerProxy (RaftServerProxy.java:addNew(89)) - 472ad2ac-a58f-4509-9846-5e41ad7cd623: addNew group-28AFEC8646C1:[472ad2ac-a58f-4509-9846-5e41ad7cd623:192.168.69.77:35732] returns group-28AFEC8646C1:java.util.concurrent.CompletableFuture@741ae6b2[Not completed]
2019-07-14 16:33:25,263 INFO  impl.RaftServerImpl (RaftServerImpl.java:<init>(93)) - 472ad2ac-a58f-4509-9846-5e41ad7cd623: new RaftServerImpl for group-28AFEC8646C1:[472ad2ac-a58f-4509-9846-5e41ad7cd623:192.168.69.77:35732] with ContainerStateMachine:uninitialized
2019-07-14 16:33:25,263 INFO  server.RaftServerConfigKeys (ConfUtils.java:logGet(43)) - raft.server.rpc.timeout.min = 5s (custom)
2019-07-14 16:33:25,263 INFO  server.RaftServerConfigKeys (ConfUtils.java:logGet(43)) - raft.server.rpc.timeout.max = 5200ms (custom)
2019-07-14 16:33:25,263 INFO  server.RaftServerConfigKeys (ConfUtils.java:logGet(43)) - raft.server.rpcslowness.timeout = 120s (custom)
2019-07-14 16:33:25,263 INFO  server.RaftServerConfigKeys (ConfUtils.java:logGet(43)) - raft.server.sleep.deviation.threshold = 300 (default)
2019-07-14 16:33:25,263 INFO  server.RaftServerConfigKeys (ConfUtils.java:logGet(43)) - raft.server.log.appender.install.snapshot.enabled = false (custom)
2019-07-14 16:33:25,263 INFO  impl.RaftServerImpl (ServerState.java:<init>(105)) - 472ad2ac-a58f-4509-9846-5e41ad7cd623:group-28AFEC8646C1 ConfigurationManager, init=-1: [472ad2ac-a58f-4509-9846-5e41ad7cd623:192.168.69.77:35732], old=null, confs=<EMPTY_MAP>
2019-07-14 16:33:25,264 INFO  server.RaftServerConfigKeys (ConfUtils.java:logGet(43)) - raft.server.storage.dir = [/workdir/hadoop-ozone/integration-test/target/test-dir/MiniOzoneClusterImpl-08738c8b-c1fa-46e0-b7fe-0ffeb36e6730/datanode-1/data/ratis] (custom)
2019-07-14 16:33:25,264 INFO  storage.RaftStorageDirectory (RaftStorageDirectory.java:analyzeStorage(246)) - The storage directory /workdir/hadoop-ozone/integration-test/target/test-dir/MiniOzoneClusterImpl-08738c8b-c1fa-46e0-b7fe-0ffeb36e6730/datanode-1/data/ratis/f1f46fa8-3058-4c24-bc1d-28afec8646c1 does not exist. Creating ...
2019-07-14 16:33:25,277 INFO  storage.RaftStorageDirectory (RaftStorageDirectory.java:tryLock(328)) - Lock on /workdir/hadoop-ozone/integration-test/target/test-dir/MiniOzoneClusterImpl-08738c8b-c1fa-46e0-b7fe-0ffeb36e6730/datanode-1/data/ratis/f1f46fa8-3058-4c24-bc1d-28afec8646c1/in_use.lock acquired by nodename 13169@pr-hdds-1710-5x6jb-1204890111
2019-07-14 16:33:25,291 INFO  storage.RaftStorage (RaftStorage.java:format(72)) - Storage directory /workdir/hadoop-ozone/integration-test/target/test-dir/MiniOzoneClusterImpl-08738c8b-c1fa-46e0-b7fe-0ffeb36e6730/datanode-1/data/ratis/f1f46fa8-3058-4c24-bc1d-28afec8646c1 has been successfully formatted.
2019-07-14 16:33:25,291 INFO  ratis.ContainerStateMachine (ContainerStateMachine.java:loadSnapshot(200)) - The snapshot info is null.Setting the last applied index to:(t:0, i:~)
2019-07-14 16:33:25,291 INFO  server.RaftServerConfigKeys (ConfUtils.java:logGet(43)) - raft.server.leader.election.timeout = 120s (custom)
2019-07-14 16:33:25,291 INFO  server.RaftServerConfigKeys (ConfUtils.java:logGet(43)) - raft.server.log.use.memory = false (default)
2019-07-14 16:33:25,292 INFO  server.RaftServerConfigKeys (ConfUtils.java:logGet(43)) - raft.server.log.purge.gap = 1000000000 (custom)
2019-07-14 16:33:25,292 INFO  server.RaftServerConfigKeys (ConfUtils.java:logGet(43)) - raft.server.log.appender.buffer.byte-limit = 33554432 (custom)
2019-07-14 16:33:25,292 INFO  server.RaftServerConfigKeys (ConfUtils.java:logGet(43)) - raft.server.log.segment.size.max = 1048576 (custom)
2019-07-14 16:33:25,292 INFO  server.RaftServerConfigKeys (ConfUtils.java:logGet(43)) - raft.server.log.segment.cache.num.max = 2 (custom)
2019-07-14 16:33:25,292 INFO  segmented.SegmentedRaftLogWorker (SegmentedRaftLogWorker.java:<init>(172)) - new 472ad2ac-a58f-4509-9846-5e41ad7cd623-SegmentedRaftLogWorker:Storage Directory /workdir/hadoop-ozone/integration-test/target/test-dir/MiniOzoneClusterImpl-08738c8b-c1fa-46e0-b7fe-0ffeb36e6730/datanode-1/data/ratis/f1f46fa8-3058-4c24-bc1d-28afec8646c1 for RaftStorage:Storage Directory /workdir/hadoop-ozone/integration-test/target/test-dir/MiniOzoneClusterImpl-08738c8b-c1fa-46e0-b7fe-0ffeb36e6730/datanode-1/data/ratis/f1f46fa8-3058-4c24-bc1d-28afec8646c1
2019-07-14 16:33:25,292 INFO  server.RaftServerConfigKeys (ConfUtils.java:logGet(43)) - raft.server.log.queue.byte-limit = 2147483647 (custom)
2019-07-14 16:33:25,293 INFO  server.RaftServerConfigKeys (ConfUtils.java:logGet(43)) - raft.server.log.queue.element-limit = 1024 (custom)
2019-07-14 16:33:25,293 INFO  server.RaftServerConfigKeys (ConfUtils.java:logGet(43)) - raft.server.log.segment.size.max = 1048576 (custom)
2019-07-14 16:33:25,293 INFO  server.RaftServerConfigKeys (ConfUtils.java:logGet(43)) - raft.server.log.preallocated.size = 16384 (custom)
2019-07-14 16:33:25,293 INFO  server.RaftServerConfigKeys (ConfUtils.java:logGet(43)) - raft.server.log.write.buffer.size = 33554432 (custom)
2019-07-14 16:33:25,293 INFO  server.RaftServerConfigKeys (ConfUtils.java:logGet(43)) - raft.server.log.force.sync.num = 128 (default)
2019-07-14 16:33:25,293 INFO  server.RaftServerConfigKeys (ConfUtils.java:logGet(43)) - raft.server.log.statemachine.data.sync = true (default)
2019-07-14 16:33:25,293 INFO  server.RaftServerConfigKeys (ConfUtils.java:logGet(43)) - raft.server.log.statemachine.data.sync.timeout = 10s (default)
2019-07-14 16:33:25,294 INFO  server.RaftServerConfigKeys (ConfUtils.java:logGet(43)) - raft.server.log.statemachine.data.sync.timeout.retry = -1 (default)
2019-07-14 16:33:25,294 INFO  server.RaftServerConfigKeys (ConfUtils.java:logGet(43)) - raft.server.log.statemachine.data.caching.enabled = true (custom)
2019-07-14 16:33:25,294 INFO  segmented.SegmentedRaftLogWorker (SegmentedRaftLogWorker.java:lambda$new$0(132)) - 472ad2ac-a58f-4509-9846-5e41ad7cd623-SegmentedRaftLogWorker:Storage Directory /workdir/hadoop-ozone/integration-test/target/test-dir/MiniOzoneClusterImpl-08738c8b-c1fa-46e0-b7fe-0ffeb36e6730/datanode-1/data/ratis/f1f46fa8-3058-4c24-bc1d-28afec8646c1: flushIndex: setUnconditionally 0 -> -1
2019-07-14 16:33:25,295 INFO  server.RaftServerConfigKeys (ConfUtils.java:logGet(43)) - raft.server.snapshot.auto.trigger.enabled = true (custom)
2019-07-14 16:33:25,295 INFO  server.RaftServerConfigKeys (ConfUtils.java:logGet(43)) - raft.server.snapshot.auto.trigger.threshold = 10000 (custom)
2019-07-14 16:33:25,295 INFO  server.RaftServerConfigKeys (ConfUtils.java:logGet(43)) - raft.server.retrycache.expirytime = 600000ms (custom)
2019-07-14 16:33:25,295 INFO  impl.RaftServerImpl (RaftServerImpl.java:start(180)) - 472ad2ac-a58f-4509-9846-5e41ad7cd623: start group-28AFEC8646C1
2019-07-14 16:33:25,295 INFO  impl.RaftServerImpl (RaftServerImpl.java:setRole(171)) - 472ad2ac-a58f-4509-9846-5e41ad7cd623:group-28AFEC8646C1 changes role from null to FOLLOWER at term 0 for startAsFollower
2019-07-14 16:33:25,295 INFO  impl.RoleInfo (RoleInfo.java:updateAndGet(143)) - 472ad2ac-a58f-4509-9846-5e41ad7cd623: start FollowerState
2019-07-14 16:33:25,296 INFO  util.JmxRegister (JmxRegister.java:tryRegister(44)) - Successfully registered JMX Bean with object name Ratis:service=RaftServer,group=group-28AFEC8646C1,id=472ad2ac-a58f-4509-9846-5e41ad7cd623
2019-07-14 16:33:25,298 INFO  pipeline.PipelineStateManager (PipelineStateManager.java:addPipeline(56)) - Created pipeline Pipeline[ Id: f1f46fa8-3058-4c24-bc1d-28afec8646c1, Nodes: 472ad2ac-a58f-4509-9846-5e41ad7cd623{ip: 192.168.69.77, host: pr-hdds-1710-5x6jb-1204890111, networkLocation: /default-rack, certSerialId: null}, Type:RATIS, Factor:ONE, State:OPEN]
2019-07-14 16:33:25,406 INFO  node.SCMNodeManager (SCMNodeManager.java:register(269)) - Registered Data node : 3e0cbe12-980e-4522-a295-ddb62eab7be9{ip: 192.168.69.77, host: pr-hdds-1710-5x6jb-1204890111, networkLocation: /default-rack, certSerialId: null}
2019-07-14 16:33:25,412 INFO  impl.RaftServerProxy (RaftServerProxy.java:addNew(89)) - 3e0cbe12-980e-4522-a295-ddb62eab7be9: addNew group-87254F4EBDBF:[3e0cbe12-980e-4522-a295-ddb62eab7be9:192.168.69.77:35416] returns group-87254F4EBDBF:java.util.concurrent.CompletableFuture@7b9f9604[Not completed]
2019-07-14 16:33:25,413 INFO  impl.RaftServerImpl (RaftServerImpl.java:<init>(93)) - 3e0cbe12-980e-4522-a295-ddb62eab7be9: new RaftServerImpl for group-87254F4EBDBF:[3e0cbe12-980e-4522-a295-ddb62eab7be9:192.168.69.77:35416] with ContainerStateMachine:uninitialized
2019-07-14 16:33:25,413 INFO  server.RaftServerConfigKeys (ConfUtils.java:logGet(43)) - raft.server.rpc.timeout.min = 5s (custom)
2019-07-14 16:33:25,414 INFO  server.RaftServerConfigKeys (ConfUtils.java:logGet(43)) - raft.server.rpc.timeout.max = 5200ms (custom)
2019-07-14 16:33:25,414 INFO  server.RaftServerConfigKeys (ConfUtils.java:logGet(43)) - raft.server.rpcslowness.timeout = 120s (custom)
2019-07-14 16:33:25,414 INFO  server.RaftServerConfigKeys (ConfUtils.java:logGet(43)) - raft.server.sleep.deviation.threshold = 300 (default)
2019-07-14 16:33:25,414 INFO  server.RaftServerConfigKeys (ConfUtils.java:logGet(43)) - raft.server.log.appender.install.snapshot.enabled = false (custom)
2019-07-14 16:33:25,414 INFO  impl.RaftServerImpl (ServerState.java:<init>(105)) - 3e0cbe12-980e-4522-a295-ddb62eab7be9:group-87254F4EBDBF ConfigurationManager, init=-1: [3e0cbe12-980e-4522-a295-ddb62eab7be9:192.168.69.77:35416], old=null, confs=<EMPTY_MAP>
2019-07-14 16:33:25,414 INFO  server.RaftServerConfigKeys (ConfUtils.java:logGet(43)) - raft.server.storage.dir = [/workdir/hadoop-ozone/integration-test/target/test-dir/MiniOzoneClusterImpl-08738c8b-c1fa-46e0-b7fe-0ffeb36e6730/datanode-2/data/ratis] (custom)
2019-07-14 16:33:25,415 INFO  storage.RaftStorageDirectory (RaftStorageDirectory.java:analyzeStorage(246)) - The storage directory /workdir/hadoop-ozone/integration-test/target/test-dir/MiniOzoneClusterImpl-08738c8b-c1fa-46e0-b7fe-0ffeb36e6730/datanode-2/data/ratis/851aac73-2561-47c7-96f2-87254f4ebdbf does not exist. Creating ...
2019-07-14 16:33:25,422 INFO  storage.RaftStorageDirectory (RaftStorageDirectory.java:tryLock(328)) - Lock on /workdir/hadoop-ozone/integration-test/target/test-dir/MiniOzoneClusterImpl-08738c8b-c1fa-46e0-b7fe-0ffeb36e6730/datanode-2/data/ratis/851aac73-2561-47c7-96f2-87254f4ebdbf/in_use.lock acquired by nodename 13169@pr-hdds-1710-5x6jb-1204890111
2019-07-14 16:33:25,436 INFO  storage.RaftStorage (RaftStorage.java:format(72)) - Storage directory /workdir/hadoop-ozone/integration-test/target/test-dir/MiniOzoneClusterImpl-08738c8b-c1fa-46e0-b7fe-0ffeb36e6730/datanode-2/data/ratis/851aac73-2561-47c7-96f2-87254f4ebdbf has been successfully formatted.
2019-07-14 16:33:25,436 INFO  ratis.ContainerStateMachine (ContainerStateMachine.java:loadSnapshot(200)) - The snapshot info is null.Setting the last applied index to:(t:0, i:~)
2019-07-14 16:33:25,436 INFO  server.RaftServerConfigKeys (ConfUtils.java:logGet(43)) - raft.server.leader.election.timeout = 120s (custom)
2019-07-14 16:33:25,436 INFO  server.RaftServerConfigKeys (ConfUtils.java:logGet(43)) - raft.server.log.use.memory = false (default)
2019-07-14 16:33:25,436 INFO  server.RaftServerConfigKeys (ConfUtils.java:logGet(43)) - raft.server.log.purge.gap = 1000000000 (custom)
2019-07-14 16:33:25,436 INFO  server.RaftServerConfigKeys (ConfUtils.java:logGet(43)) - raft.server.log.appender.buffer.byte-limit = 33554432 (custom)
2019-07-14 16:33:25,437 INFO  server.RaftServerConfigKeys (ConfUtils.java:logGet(43)) - raft.server.log.segment.size.max = 1048576 (custom)
2019-07-14 16:33:25,437 INFO  server.RaftServerConfigKeys (ConfUtils.java:logGet(43)) - raft.server.log.segment.cache.num.max = 2 (custom)
2019-07-14 16:33:25,437 INFO  segmented.SegmentedRaftLogWorker (SegmentedRaftLogWorker.java:<init>(172)) - new 3e0cbe12-980e-4522-a295-ddb62eab7be9-SegmentedRaftLogWorker:Storage Directory /workdir/hadoop-ozone/integration-test/target/test-dir/MiniOzoneClusterImpl-08738c8b-c1fa-46e0-b7fe-0ffeb36e6730/datanode-2/data/ratis/851aac73-2561-47c7-96f2-87254f4ebdbf for RaftStorage:Storage Directory /workdir/hadoop-ozone/integration-test/target/test-dir/MiniOzoneClusterImpl-08738c8b-c1fa-46e0-b7fe-0ffeb36e6730/datanode-2/data/ratis/851aac73-2561-47c7-96f2-87254f4ebdbf
2019-07-14 16:33:25,437 INFO  server.RaftServerConfigKeys (ConfUtils.java:logGet(43)) - raft.server.log.queue.byte-limit = 2147483647 (custom)
2019-07-14 16:33:25,437 INFO  server.RaftServerConfigKeys (ConfUtils.java:logGet(43)) - raft.server.log.queue.element-limit = 1024 (custom)
2019-07-14 16:33:25,437 INFO  server.RaftServerConfigKeys (ConfUtils.java:logGet(43)) - raft.server.log.segment.size.max = 1048576 (custom)
2019-07-14 16:33:25,438 INFO  server.RaftServerConfigKeys (ConfUtils.java:logGet(43)) - raft.server.log.preallocated.size = 16384 (custom)
2019-07-14 16:33:25,438 INFO  server.RaftServerConfigKeys (ConfUtils.java:logGet(43)) - raft.server.log.write.buffer.size = 33554432 (custom)
2019-07-14 16:33:25,438 INFO  server.RaftServerConfigKeys (ConfUtils.java:logGet(43)) - raft.server.log.force.sync.num = 128 (default)
2019-07-14 16:33:25,438 INFO  server.RaftServerConfigKeys (ConfUtils.java:logGet(43)) - raft.server.log.statemachine.data.sync = true (default)
2019-07-14 16:33:25,438 INFO  server.RaftServerConfigKeys (ConfUtils.java:logGet(43)) - raft.server.log.statemachine.data.sync.timeout = 10s (default)
2019-07-14 16:33:25,438 INFO  server.RaftServerConfigKeys (ConfUtils.java:logGet(43)) - raft.server.log.statemachine.data.sync.timeout.retry = -1 (default)
2019-07-14 16:33:25,439 INFO  server.RaftServerConfigKeys (ConfUtils.java:logGet(43)) - raft.server.log.statemachine.data.caching.enabled = true (custom)
2019-07-14 16:33:25,439 INFO  segmented.SegmentedRaftLogWorker (SegmentedRaftLogWorker.java:lambda$new$0(132)) - 3e0cbe12-980e-4522-a295-ddb62eab7be9-SegmentedRaftLogWorker:Storage Directory /workdir/hadoop-ozone/integration-test/target/test-dir/MiniOzoneClusterImpl-08738c8b-c1fa-46e0-b7fe-0ffeb36e6730/datanode-2/data/ratis/851aac73-2561-47c7-96f2-87254f4ebdbf: flushIndex: setUnconditionally 0 -> -1
2019-07-14 16:33:25,439 INFO  server.RaftServerConfigKeys (ConfUtils.java:logGet(43)) - raft.server.snapshot.auto.trigger.enabled = true (custom)
2019-07-14 16:33:25,439 INFO  server.RaftServerConfigKeys (ConfUtils.java:logGet(43)) - raft.server.snapshot.auto.trigger.threshold = 10000 (custom)
2019-07-14 16:33:25,440 INFO  server.RaftServerConfigKeys (ConfUtils.java:logGet(43)) - raft.server.retrycache.expirytime = 600000ms (custom)
2019-07-14 16:33:25,440 INFO  impl.RaftServerImpl (RaftServerImpl.java:start(180)) - 3e0cbe12-980e-4522-a295-ddb62eab7be9: start group-87254F4EBDBF
2019-07-14 16:33:25,440 INFO  impl.RaftServerImpl (RaftServerImpl.java:setRole(171)) - 3e0cbe12-980e-4522-a295-ddb62eab7be9:group-87254F4EBDBF changes role from null to FOLLOWER at term 0 for startAsFollower
2019-07-14 16:33:25,440 INFO  impl.RoleInfo (RoleInfo.java:updateAndGet(143)) - 3e0cbe12-980e-4522-a295-ddb62eab7be9: start FollowerState
2019-07-14 16:33:25,441 INFO  util.JmxRegister (JmxRegister.java:tryRegister(44)) - Successfully registered JMX Bean with object name Ratis:service=RaftServer,group=group-87254F4EBDBF,id=3e0cbe12-980e-4522-a295-ddb62eab7be9
2019-07-14 16:33:25,442 INFO  pipeline.PipelineStateManager (PipelineStateManager.java:addPipeline(56)) - Created pipeline Pipeline[ Id: 851aac73-2561-47c7-96f2-87254f4ebdbf, Nodes: 3e0cbe12-980e-4522-a295-ddb62eab7be9{ip: 192.168.69.77, host: pr-hdds-1710-5x6jb-1204890111, networkLocation: /default-rack, certSerialId: null}, Type:RATIS, Factor:ONE, State:OPEN]
2019-07-14 16:33:25,455 INFO  impl.RaftServerProxy (RaftServerProxy.java:addNew(89)) - 3e0cbe12-980e-4522-a295-ddb62eab7be9: addNew group-3CD224F69905:[472ad2ac-a58f-4509-9846-5e41ad7cd623:192.168.69.77:35732, b78ff834-b5d5-4deb-95f9-4a167141af01:192.168.69.77:35917, 3e0cbe12-980e-4522-a295-ddb62eab7be9:192.168.69.77:35416] returns group-3CD224F69905:java.util.concurrent.CompletableFuture@6567f5e5[Not completed]
2019-07-14 16:33:25,455 INFO  impl.RaftServerProxy (RaftServerProxy.java:addNew(89)) - b78ff834-b5d5-4deb-95f9-4a167141af01: addNew group-3CD224F69905:[472ad2ac-a58f-4509-9846-5e41ad7cd623:192.168.69.77:35732, b78ff834-b5d5-4deb-95f9-4a167141af01:192.168.69.77:35917, 3e0cbe12-980e-4522-a295-ddb62eab7be9:192.168.69.77:35416] returns group-3CD224F69905:java.util.concurrent.CompletableFuture@3abd2a4d[Not completed]
2019-07-14 16:33:25,455 INFO  impl.RaftServerProxy (RaftServerProxy.java:addNew(89)) - 472ad2ac-a58f-4509-9846-5e41ad7cd623: addNew group-3CD224F69905:[472ad2ac-a58f-4509-9846-5e41ad7cd623:192.168.69.77:35732, b78ff834-b5d5-4deb-95f9-4a167141af01:192.168.69.77:35917, 3e0cbe12-980e-4522-a295-ddb62eab7be9:192.168.69.77:35416] returns group-3CD224F69905:java.util.concurrent.CompletableFuture@4d19243f[Not completed]
2019-07-14 16:33:25,456 INFO  impl.RaftServerImpl (RaftServerImpl.java:<init>(93)) - b78ff834-b5d5-4deb-95f9-4a167141af01: new RaftServerImpl for group-3CD224F69905:[472ad2ac-a58f-4509-9846-5e41ad7cd623:192.168.69.77:35732, b78ff834-b5d5-4deb-95f9-4a167141af01:192.168.69.77:35917, 3e0cbe12-980e-4522-a295-ddb62eab7be9:192.168.69.77:35416] with ContainerStateMachine:uninitialized
2019-07-14 16:33:25,456 INFO  server.RaftServerConfigKeys (ConfUtils.java:logGet(43)) - raft.server.rpc.timeout.min = 5s (custom)
2019-07-14 16:33:25,457 INFO  server.RaftServerConfigKeys (ConfUtils.java:logGet(43)) - raft.server.rpc.timeout.max = 5200ms (custom)
2019-07-14 16:33:25,457 INFO  impl.RaftServerImpl (RaftServerImpl.java:<init>(93)) - 472ad2ac-a58f-4509-9846-5e41ad7cd623: new RaftServerImpl for group-3CD224F69905:[472ad2ac-a58f-4509-9846-5e41ad7cd623:192.168.69.77:35732, b78ff834-b5d5-4deb-95f9-4a167141af01:192.168.69.77:35917, 3e0cbe12-980e-4522-a295-ddb62eab7be9:192.168.69.77:35416] with ContainerStateMachine:uninitialized
2019-07-14 16:33:25,457 INFO  server.RaftServerConfigKeys (ConfUtils.java:logGet(43)) - raft.server.rpcslowness.timeout = 120s (custom)
2019-07-14 16:33:25,457 INFO  impl.RaftServerImpl (RaftServerImpl.java:<init>(93)) - 3e0cbe12-980e-4522-a295-ddb62eab7be9: new RaftServerImpl for group-3CD224F69905:[472ad2ac-a58f-4509-9846-5e41ad7cd623:192.168.69.77:35732, b78ff834-b5d5-4deb-95f9-4a167141af01:192.168.69.77:35917, 3e0cbe12-980e-4522-a295-ddb62eab7be9:192.168.69.77:35416] with ContainerStateMachine:uninitialized
2019-07-14 16:33:25,457 INFO  server.RaftServerConfigKeys (ConfUtils.java:logGet(43)) - raft.server.rpc.timeout.min = 5s (custom)
2019-07-14 16:33:25,457 INFO  server.RaftServerConfigKeys (ConfUtils.java:logGet(43)) - raft.server.rpc.timeout.min = 5s (custom)
2019-07-14 16:33:25,457 INFO  server.RaftServerConfigKeys (ConfUtils.java:logGet(43)) - raft.server.sleep.deviation.threshold = 300 (default)
2019-07-14 16:33:25,458 INFO  server.RaftServerConfigKeys (ConfUtils.java:logGet(43)) - raft.server.rpc.timeout.max = 5200ms (custom)
2019-07-14 16:33:25,458 INFO  server.RaftServerConfigKeys (ConfUtils.java:logGet(43)) - raft.server.rpcslowness.timeout = 120s (custom)
2019-07-14 16:33:25,458 INFO  server.RaftServerConfigKeys (ConfUtils.java:logGet(43)) - raft.server.rpc.timeout.max = 5200ms (custom)
2019-07-14 16:33:25,458 INFO  server.RaftServerConfigKeys (ConfUtils.java:logGet(43)) - raft.server.sleep.deviation.threshold = 300 (default)
2019-07-14 16:33:25,458 INFO  server.RaftServerConfigKeys (ConfUtils.java:logGet(43)) - raft.server.log.appender.install.snapshot.enabled = false (custom)
2019-07-14 16:33:25,458 INFO  server.RaftServerConfigKeys (ConfUtils.java:logGet(43)) - raft.server.log.appender.install.snapshot.enabled = false (custom)
2019-07-14 16:33:25,459 INFO  impl.RaftServerImpl (ServerState.java:<init>(105)) - 3e0cbe12-980e-4522-a295-ddb62eab7be9:group-3CD224F69905 ConfigurationManager, init=-1: [472ad2ac-a58f-4509-9846-5e41ad7cd623:192.168.69.77:35732, b78ff834-b5d5-4deb-95f9-4a167141af01:192.168.69.77:35917, 3e0cbe12-980e-4522-a295-ddb62eab7be9:192.168.69.77:35416], old=null, confs=<EMPTY_MAP>
2019-07-14 16:33:25,458 INFO  server.RaftServerConfigKeys (ConfUtils.java:logGet(43)) - raft.server.rpcslowness.timeout = 120s (custom)
2019-07-14 16:33:25,459 INFO  server.RaftServerConfigKeys (ConfUtils.java:logGet(43)) - raft.server.storage.dir = [/workdir/hadoop-ozone/integration-test/target/test-dir/MiniOzoneClusterImpl-08738c8b-c1fa-46e0-b7fe-0ffeb36e6730/datanode-2/data/ratis] (custom)
2019-07-14 16:33:25,459 INFO  impl.RaftServerImpl (ServerState.java:<init>(105)) - b78ff834-b5d5-4deb-95f9-4a167141af01:group-3CD224F69905 ConfigurationManager, init=-1: [472ad2ac-a58f-4509-9846-5e41ad7cd623:192.168.69.77:35732, b78ff834-b5d5-4deb-95f9-4a167141af01:192.168.69.77:35917, 3e0cbe12-980e-4522-a295-ddb62eab7be9:192.168.69.77:35416], old=null, confs=<EMPTY_MAP>
2019-07-14 16:33:25,459 INFO  server.RaftServerConfigKeys (ConfUtils.java:logGet(43)) - raft.server.sleep.deviation.threshold = 300 (default)
2019-07-14 16:33:25,459 INFO  storage.RaftStorageDirectory (RaftStorageDirectory.java:analyzeStorage(246)) - The storage directory /workdir/hadoop-ozone/integration-test/target/test-dir/MiniOzoneClusterImpl-08738c8b-c1fa-46e0-b7fe-0ffeb36e6730/datanode-2/data/ratis/db90ecc0-9775-4adf-9687-3cd224f69905 does not exist. Creating ...
2019-07-14 16:33:25,459 INFO  server.RaftServerConfigKeys (ConfUtils.java:logGet(43)) - raft.server.storage.dir = [/workdir/hadoop-ozone/integration-test/target/test-dir/MiniOzoneClusterImpl-08738c8b-c1fa-46e0-b7fe-0ffeb36e6730/datanode-0/data/ratis] (custom)
2019-07-14 16:33:25,460 INFO  server.RaftServerConfigKeys (ConfUtils.java:logGet(43)) - raft.server.log.appender.install.snapshot.enabled = false (custom)
2019-07-14 16:33:25,460 INFO  impl.RaftServerImpl (ServerState.java:<init>(105)) - 472ad2ac-a58f-4509-9846-5e41ad7cd623:group-3CD224F69905 ConfigurationManager, init=-1: [472ad2ac-a58f-4509-9846-5e41ad7cd623:192.168.69.77:35732, b78ff834-b5d5-4deb-95f9-4a167141af01:192.168.69.77:35917, 3e0cbe12-980e-4522-a295-ddb62eab7be9:192.168.69.77:35416], old=null, confs=<EMPTY_MAP>
2019-07-14 16:33:25,460 INFO  storage.RaftStorageDirectory (RaftStorageDirectory.java:analyzeStorage(246)) - The storage directory /workdir/hadoop-ozone/integration-test/target/test-dir/MiniOzoneClusterImpl-08738c8b-c1fa-46e0-b7fe-0ffeb36e6730/datanode-0/data/ratis/db90ecc0-9775-4adf-9687-3cd224f69905 does not exist. Creating ...
2019-07-14 16:33:25,460 INFO  server.RaftServerConfigKeys (ConfUtils.java:logGet(43)) - raft.server.storage.dir = [/workdir/hadoop-ozone/integration-test/target/test-dir/MiniOzoneClusterImpl-08738c8b-c1fa-46e0-b7fe-0ffeb36e6730/datanode-1/data/ratis] (custom)
2019-07-14 16:33:25,461 INFO  storage.RaftStorageDirectory (RaftStorageDirectory.java:analyzeStorage(246)) - The storage directory /workdir/hadoop-ozone/integration-test/target/test-dir/MiniOzoneClusterImpl-08738c8b-c1fa-46e0-b7fe-0ffeb36e6730/datanode-1/data/ratis/db90ecc0-9775-4adf-9687-3cd224f69905 does not exist. Creating ...
2019-07-14 16:33:25,474 INFO  storage.RaftStorageDirectory (RaftStorageDirectory.java:tryLock(328)) - Lock on /workdir/hadoop-ozone/integration-test/target/test-dir/MiniOzoneClusterImpl-08738c8b-c1fa-46e0-b7fe-0ffeb36e6730/datanode-0/data/ratis/db90ecc0-9775-4adf-9687-3cd224f69905/in_use.lock acquired by nodename 13169@pr-hdds-1710-5x6jb-1204890111
2019-07-14 16:33:25,474 INFO  storage.RaftStorageDirectory (RaftStorageDirectory.java:tryLock(328)) - Lock on /workdir/hadoop-ozone/integration-test/target/test-dir/MiniOzoneClusterImpl-08738c8b-c1fa-46e0-b7fe-0ffeb36e6730/datanode-2/data/ratis/db90ecc0-9775-4adf-9687-3cd224f69905/in_use.lock acquired by nodename 13169@pr-hdds-1710-5x6jb-1204890111
2019-07-14 16:33:25,474 INFO  storage.RaftStorageDirectory (RaftStorageDirectory.java:tryLock(328)) - Lock on /workdir/hadoop-ozone/integration-test/target/test-dir/MiniOzoneClusterImpl-08738c8b-c1fa-46e0-b7fe-0ffeb36e6730/datanode-1/data/ratis/db90ecc0-9775-4adf-9687-3cd224f69905/in_use.lock acquired by nodename 13169@pr-hdds-1710-5x6jb-1204890111
2019-07-14 16:33:25,488 INFO  storage.RaftStorage (RaftStorage.java:format(72)) - Storage directory /workdir/hadoop-ozone/integration-test/target/test-dir/MiniOzoneClusterImpl-08738c8b-c1fa-46e0-b7fe-0ffeb36e6730/datanode-2/data/ratis/db90ecc0-9775-4adf-9687-3cd224f69905 has been successfully formatted.
2019-07-14 16:33:25,488 INFO  storage.RaftStorage (RaftStorage.java:format(72)) - Storage directory /workdir/hadoop-ozone/integration-test/target/test-dir/MiniOzoneClusterImpl-08738c8b-c1fa-46e0-b7fe-0ffeb36e6730/datanode-1/data/ratis/db90ecc0-9775-4adf-9687-3cd224f69905 has been successfully formatted.
2019-07-14 16:33:25,488 INFO  storage.RaftStorage (RaftStorage.java:format(72)) - Storage directory /workdir/hadoop-ozone/integration-test/target/test-dir/MiniOzoneClusterImpl-08738c8b-c1fa-46e0-b7fe-0ffeb36e6730/datanode-0/data/ratis/db90ecc0-9775-4adf-9687-3cd224f69905 has been successfully formatted.
2019-07-14 16:33:25,489 INFO  ratis.ContainerStateMachine (ContainerStateMachine.java:loadSnapshot(200)) - The snapshot info is null.Setting the last applied index to:(t:0, i:~)
2019-07-14 16:33:25,489 INFO  ratis.ContainerStateMachine (ContainerStateMachine.java:loadSnapshot(200)) - The snapshot info is null.Setting the last applied index to:(t:0, i:~)
2019-07-14 16:33:25,489 INFO  ratis.ContainerStateMachine (ContainerStateMachine.java:loadSnapshot(200)) - The snapshot info is null.Setting the last applied index to:(t:0, i:~)
2019-07-14 16:33:25,489 INFO  server.RaftServerConfigKeys (ConfUtils.java:logGet(43)) - raft.server.leader.election.timeout = 120s (custom)
2019-07-14 16:33:25,489 INFO  server.RaftServerConfigKeys (ConfUtils.java:logGet(43)) - raft.server.leader.election.timeout = 120s (custom)
2019-07-14 16:33:25,490 INFO  server.RaftServerConfigKeys (ConfUtils.java:logGet(43)) - raft.server.log.use.memory = false (default)
2019-07-14 16:33:25,489 INFO  server.RaftServerConfigKeys (ConfUtils.java:logGet(43)) - raft.server.leader.election.timeout = 120s (custom)
2019-07-14 16:33:25,490 INFO  server.RaftServerConfigKeys (ConfUtils.java:logGet(43)) - raft.server.log.purge.gap = 1000000000 (custom)
2019-07-14 16:33:25,490 INFO  server.RaftServerConfigKeys (ConfUtils.java:logGet(43)) - raft.server.log.use.memory = false (default)
2019-07-14 16:33:25,490 INFO  server.RaftServerConfigKeys (ConfUtils.java:logGet(43)) - raft.server.log.appender.buffer.byte-limit = 33554432 (custom)
2019-07-14 16:33:25,490 INFO  server.RaftServerConfigKeys (ConfUtils.java:logGet(43)) - raft.server.log.use.memory = false (default)
2019-07-14 16:33:25,491 INFO  server.RaftServerConfigKeys (ConfUtils.java:logGet(43)) - raft.server.log.segment.size.max = 1048576 (custom)
2019-07-14 16:33:25,490 INFO  server.RaftServerConfigKeys (ConfUtils.java:logGet(43)) - raft.server.log.purge.gap = 1000000000 (custom)
2019-07-14 16:33:25,491 INFO  server.RaftServerConfigKeys (ConfUtils.java:logGet(43)) - raft.server.log.segment.cache.num.max = 2 (custom)
2019-07-14 16:33:25,491 INFO  segmented.SegmentedRaftLogWorker (SegmentedRaftLogWorker.java:<init>(172)) - new b78ff834-b5d5-4deb-95f9-4a167141af01-SegmentedRaftLogWorker:Storage Directory /workdir/hadoop-ozone/integration-test/target/test-dir/MiniOzoneClusterImpl-08738c8b-c1fa-46e0-b7fe-0ffeb36e6730/datanode-0/data/ratis/db90ecc0-9775-4adf-9687-3cd224f69905 for RaftStorage:Storage Directory /workdir/hadoop-ozone/integration-test/target/test-dir/MiniOzoneClusterImpl-08738c8b-c1fa-46e0-b7fe-0ffeb36e6730/datanode-0/data/ratis/db90ecc0-9775-4adf-9687-3cd224f69905
2019-07-14 16:33:25,491 INFO  server.RaftServerConfigKeys (ConfUtils.java:logGet(43)) - raft.server.log.purge.gap = 1000000000 (custom)
2019-07-14 16:33:25,491 INFO  server.RaftServerConfigKeys (ConfUtils.java:logGet(43)) - raft.server.log.queue.byte-limit = 2147483647 (custom)
2019-07-14 16:33:25,491 INFO  server.RaftServerConfigKeys (ConfUtils.java:logGet(43)) - raft.server.log.appender.buffer.byte-limit = 33554432 (custom)
2019-07-14 16:33:25,492 INFO  server.RaftServerConfigKeys (ConfUtils.java:logGet(43)) - raft.server.log.queue.element-limit = 1024 (custom)
2019-07-14 16:33:25,492 INFO  server.RaftServerConfigKeys (ConfUtils.java:logGet(43)) - raft.server.log.appender.buffer.byte-limit = 33554432 (custom)
2019-07-14 16:33:25,492 INFO  server.RaftServerConfigKeys (ConfUtils.java:logGet(43)) - raft.server.log.segment.size.max = 1048576 (custom)
2019-07-14 16:33:25,492 INFO  server.RaftServerConfigKeys (ConfUtils.java:logGet(43)) - raft.server.log.segment.size.max = 1048576 (custom)
2019-07-14 16:33:25,492 INFO  server.RaftServerConfigKeys (ConfUtils.java:logGet(43)) - raft.server.log.preallocated.size = 16384 (custom)
2019-07-14 16:33:25,493 INFO  server.RaftServerConfigKeys (ConfUtils.java:logGet(43)) - raft.server.log.write.buffer.size = 33554432 (custom)
2019-07-14 16:33:25,492 INFO  server.RaftServerConfigKeys (ConfUtils.java:logGet(43)) - raft.server.log.segment.size.max = 1048576 (custom)
2019-07-14 16:33:25,493 INFO  server.RaftServerConfigKeys (ConfUtils.java:logGet(43)) - raft.server.log.force.sync.num = 128 (default)
2019-07-14 16:33:25,493 INFO  server.RaftServerConfigKeys (ConfUtils.java:logGet(43)) - raft.server.log.statemachine.data.sync = true (default)
2019-07-14 16:33:25,493 INFO  server.RaftServerConfigKeys (ConfUtils.java:logGet(43)) - raft.server.log.segment.cache.num.max = 2 (custom)
2019-07-14 16:33:25,493 INFO  server.RaftServerConfigKeys (ConfUtils.java:logGet(43)) - raft.server.log.statemachine.data.sync.timeout = 10s (default)
2019-07-14 16:33:25,494 INFO  server.RaftServerConfigKeys (ConfUtils.java:logGet(43)) - raft.server.log.statemachine.data.sync.timeout.retry = -1 (default)
2019-07-14 16:33:25,493 INFO  server.RaftServerConfigKeys (ConfUtils.java:logGet(43)) - raft.server.log.segment.cache.num.max = 2 (custom)
2019-07-14 16:33:25,494 INFO  server.RaftServerConfigKeys (ConfUtils.java:logGet(43)) - raft.server.log.statemachine.data.caching.enabled = true (custom)
2019-07-14 16:33:25,494 INFO  segmented.SegmentedRaftLogWorker (SegmentedRaftLogWorker.java:<init>(172)) - new 472ad2ac-a58f-4509-9846-5e41ad7cd623-SegmentedRaftLogWorker:Storage Directory /workdir/hadoop-ozone/integration-test/target/test-dir/MiniOzoneClusterImpl-08738c8b-c1fa-46e0-b7fe-0ffeb36e6730/datanode-1/data/ratis/db90ecc0-9775-4adf-9687-3cd224f69905 for RaftStorage:Storage Directory /workdir/hadoop-ozone/integration-test/target/test-dir/MiniOzoneClusterImpl-08738c8b-c1fa-46e0-b7fe-0ffeb36e6730/datanode-1/data/ratis/db90ecc0-9775-4adf-9687-3cd224f69905
2019-07-14 16:33:25,494 INFO  segmented.SegmentedRaftLogWorker (SegmentedRaftLogWorker.java:lambda$new$0(132)) - b78ff834-b5d5-4deb-95f9-4a167141af01-SegmentedRaftLogWorker:Storage Directory /workdir/hadoop-ozone/integration-test/target/test-dir/MiniOzoneClusterImpl-08738c8b-c1fa-46e0-b7fe-0ffeb36e6730/datanode-0/data/ratis/db90ecc0-9775-4adf-9687-3cd224f69905: flushIndex: setUnconditionally 0 -> -1
2019-07-14 16:33:25,494 INFO  segmented.SegmentedRaftLogWorker (SegmentedRaftLogWorker.java:<init>(172)) - new 3e0cbe12-980e-4522-a295-ddb62eab7be9-SegmentedRaftLogWorker:Storage Directory /workdir/hadoop-ozone/integration-test/target/test-dir/MiniOzoneClusterImpl-08738c8b-c1fa-46e0-b7fe-0ffeb36e6730/datanode-2/data/ratis/db90ecc0-9775-4adf-9687-3cd224f69905 for RaftStorage:Storage Directory /workdir/hadoop-ozone/integration-test/target/test-dir/MiniOzoneClusterImpl-08738c8b-c1fa-46e0-b7fe-0ffeb36e6730/datanode-2/data/ratis/db90ecc0-9775-4adf-9687-3cd224f69905
2019-07-14 16:33:25,494 INFO  server.RaftServerConfigKeys (ConfUtils.java:logGet(43)) - raft.server.log.queue.byte-limit = 2147483647 (custom)
2019-07-14 16:33:25,495 INFO  server.RaftServerConfigKeys (ConfUtils.java:logGet(43)) - raft.server.snapshot.auto.trigger.enabled = true (custom)
2019-07-14 16:33:25,495 INFO  server.RaftServerConfigKeys (ConfUtils.java:logGet(43)) - raft.server.log.queue.byte-limit = 2147483647 (custom)
2019-07-14 16:33:25,495 INFO  server.RaftServerConfigKeys (ConfUtils.java:logGet(43)) - raft.server.snapshot.auto.trigger.threshold = 10000 (custom)
2019-07-14 16:33:25,495 INFO  server.RaftServerConfigKeys (ConfUtils.java:logGet(43)) - raft.server.log.queue.element-limit = 1024 (custom)
2019-07-14 16:33:25,495 INFO  server.RaftServerConfigKeys (ConfUtils.java:logGet(43)) - raft.server.retrycache.expirytime = 600000ms (custom)
2019-07-14 16:33:25,495 INFO  server.RaftServerConfigKeys (ConfUtils.java:logGet(43)) - raft.server.log.queue.element-limit = 1024 (custom)
2019-07-14 16:33:25,496 INFO  impl.RaftServerImpl (RaftServerImpl.java:start(180)) - b78ff834-b5d5-4deb-95f9-4a167141af01: start group-3CD224F69905
2019-07-14 16:33:25,496 INFO  impl.RaftServerImpl (RaftServerImpl.java:setRole(171)) - b78ff834-b5d5-4deb-95f9-4a167141af01:group-3CD224F69905 changes role from null to FOLLOWER at term 0 for startAsFollower
2019-07-14 16:33:25,496 INFO  server.RaftServerConfigKeys (ConfUtils.java:logGet(43)) - raft.server.log.segment.size.max = 1048576 (custom)
2019-07-14 16:33:25,496 INFO  impl.RoleInfo (RoleInfo.java:updateAndGet(143)) - b78ff834-b5d5-4deb-95f9-4a167141af01: start FollowerState
2019-07-14 16:33:25,496 INFO  server.RaftServerConfigKeys (ConfUtils.java:logGet(43)) - raft.server.log.segment.size.max = 1048576 (custom)
2019-07-14 16:33:25,497 INFO  server.RaftServerConfigKeys (ConfUtils.java:logGet(43)) - raft.server.log.preallocated.size = 16384 (custom)
2019-07-14 16:33:25,497 INFO  util.JmxRegister (JmxRegister.java:tryRegister(44)) - Successfully registered JMX Bean with object name Ratis:service=RaftServer,group=group-3CD224F69905,id=b78ff834-b5d5-4deb-95f9-4a167141af01
2019-07-14 16:33:25,496 INFO  server.RaftServerConfigKeys (ConfUtils.java:logGet(43)) - raft.server.log.preallocated.size = 16384 (custom)
2019-07-14 16:33:25,497 INFO  server.RaftServerConfigKeys (ConfUtils.java:logGet(43)) - raft.server.log.write.buffer.size = 33554432 (custom)
2019-07-14 16:33:25,497 INFO  server.RaftServerConfigKeys (ConfUtils.java:logGet(43)) - raft.server.log.write.buffer.size = 33554432 (custom)
2019-07-14 16:33:25,497 INFO  server.RaftServerConfigKeys (ConfUtils.java:logGet(43)) - raft.server.log.force.sync.num = 128 (default)
2019-07-14 16:33:25,497 INFO  server.RaftServerConfigKeys (ConfUtils.java:logGet(43)) - raft.server.log.force.sync.num = 128 (default)
2019-07-14 16:33:25,498 INFO  server.RaftServerConfigKeys (ConfUtils.java:logGet(43)) - raft.server.log.statemachine.data.sync = true (default)
2019-07-14 16:33:25,498 INFO  server.RaftServerConfigKeys (ConfUtils.java:logGet(43)) - raft.server.log.statemachine.data.sync = true (default)
2019-07-14 16:33:25,498 INFO  server.RaftServerConfigKeys (ConfUtils.java:logGet(43)) - raft.server.log.statemachine.data.sync.timeout = 10s (default)
2019-07-14 16:33:25,498 INFO  server.RaftServerConfigKeys (ConfUtils.java:logGet(43)) - raft.server.log.statemachine.data.sync.timeout = 10s (default)
2019-07-14 16:33:25,498 INFO  server.RaftServerConfigKeys (ConfUtils.java:logGet(43)) - raft.server.log.statemachine.data.sync.timeout.retry = -1 (default)
2019-07-14 16:33:25,498 INFO  server.RaftServerConfigKeys (ConfUtils.java:logGet(43)) - raft.server.log.statemachine.data.sync.timeout.retry = -1 (default)
2019-07-14 16:33:25,499 INFO  server.RaftServerConfigKeys (ConfUtils.java:logGet(43)) - raft.server.log.statemachine.data.caching.enabled = true (custom)
2019-07-14 16:33:25,499 INFO  server.RaftServerConfigKeys (ConfUtils.java:logGet(43)) - raft.server.log.statemachine.data.caching.enabled = true (custom)
2019-07-14 16:33:25,499 INFO  segmented.SegmentedRaftLogWorker (SegmentedRaftLogWorker.java:lambda$new$0(132)) - 3e0cbe12-980e-4522-a295-ddb62eab7be9-SegmentedRaftLogWorker:Storage Directory /workdir/hadoop-ozone/integration-test/target/test-dir/MiniOzoneClusterImpl-08738c8b-c1fa-46e0-b7fe-0ffeb36e6730/datanode-2/data/ratis/db90ecc0-9775-4adf-9687-3cd224f69905: flushIndex: setUnconditionally 0 -> -1
2019-07-14 16:33:25,499 INFO  segmented.SegmentedRaftLogWorker (SegmentedRaftLogWorker.java:lambda$new$0(132)) - 472ad2ac-a58f-4509-9846-5e41ad7cd623-SegmentedRaftLogWorker:Storage Directory /workdir/hadoop-ozone/integration-test/target/test-dir/MiniOzoneClusterImpl-08738c8b-c1fa-46e0-b7fe-0ffeb36e6730/datanode-1/data/ratis/db90ecc0-9775-4adf-9687-3cd224f69905: flushIndex: setUnconditionally 0 -> -1
2019-07-14 16:33:25,499 INFO  server.RaftServerConfigKeys (ConfUtils.java:logGet(43)) - raft.server.snapshot.auto.trigger.enabled = true (custom)
2019-07-14 16:33:25,500 INFO  server.RaftServerConfigKeys (ConfUtils.java:logGet(43)) - raft.server.snapshot.auto.trigger.threshold = 10000 (custom)
2019-07-14 16:33:25,500 INFO  server.RaftServerConfigKeys (ConfUtils.java:logGet(43)) - raft.server.snapshot.auto.trigger.enabled = true (custom)
2019-07-14 16:33:25,500 INFO  server.RaftServerConfigKeys (ConfUtils.java:logGet(43)) - raft.server.retrycache.expirytime = 600000ms (custom)
2019-07-14 16:33:25,500 INFO  server.RaftServerConfigKeys (ConfUtils.java:logGet(43)) - raft.server.snapshot.auto.trigger.threshold = 10000 (custom)
2019-07-14 16:33:25,500 INFO  impl.RaftServerImpl (RaftServerImpl.java:start(180)) - 3e0cbe12-980e-4522-a295-ddb62eab7be9: start group-3CD224F69905
2019-07-14 16:33:25,500 INFO  server.RaftServerConfigKeys (ConfUtils.java:logGet(43)) - raft.server.retrycache.expirytime = 600000ms (custom)
2019-07-14 16:33:25,500 INFO  impl.RaftServerImpl (RaftServerImpl.java:setRole(171)) - 3e0cbe12-980e-4522-a295-ddb62eab7be9:group-3CD224F69905 changes role from null to FOLLOWER at term 0 for startAsFollower
2019-07-14 16:33:25,501 INFO  impl.RaftServerImpl (RaftServerImpl.java:start(180)) - 472ad2ac-a58f-4509-9846-5e41ad7cd623: start group-3CD224F69905
2019-07-14 16:33:25,501 INFO  impl.RoleInfo (RoleInfo.java:updateAndGet(143)) - 3e0cbe12-980e-4522-a295-ddb62eab7be9: start FollowerState
2019-07-14 16:33:25,501 INFO  impl.RaftServerImpl (RaftServerImpl.java:setRole(171)) - 472ad2ac-a58f-4509-9846-5e41ad7cd623:group-3CD224F69905 changes role from null to FOLLOWER at term 0 for startAsFollower
2019-07-14 16:33:25,501 INFO  impl.RoleInfo (RoleInfo.java:updateAndGet(143)) - 472ad2ac-a58f-4509-9846-5e41ad7cd623: start FollowerState
2019-07-14 16:33:25,501 INFO  util.JmxRegister (JmxRegister.java:tryRegister(44)) - Successfully registered JMX Bean with object name Ratis:service=RaftServer,group=group-3CD224F69905,id=3e0cbe12-980e-4522-a295-ddb62eab7be9
2019-07-14 16:33:25,501 INFO  util.JmxRegister (JmxRegister.java:tryRegister(44)) - Successfully registered JMX Bean with object name Ratis:service=RaftServer,group=group-3CD224F69905,id=472ad2ac-a58f-4509-9846-5e41ad7cd623
2019-07-14 16:33:25,504 INFO  pipeline.PipelineStateManager (PipelineStateManager.java:addPipeline(56)) - Created pipeline Pipeline[ Id: db90ecc0-9775-4adf-9687-3cd224f69905, Nodes: 3e0cbe12-980e-4522-a295-ddb62eab7be9{ip: 192.168.69.77, host: pr-hdds-1710-5x6jb-1204890111, networkLocation: /default-rack, certSerialId: null}472ad2ac-a58f-4509-9846-5e41ad7cd623{ip: 192.168.69.77, host: pr-hdds-1710-5x6jb-1204890111, networkLocation: /default-rack, certSerialId: null}b78ff834-b5d5-4deb-95f9-4a167141af01{ip: 192.168.69.77, host: pr-hdds-1710-5x6jb-1204890111, networkLocation: /default-rack, certSerialId: null}, Type:RATIS, Factor:THREE, State:OPEN]
2019-07-14 16:33:25,583 INFO  node.SCMNodeManager (SCMNodeManager.java:register(269)) - Registered Data node : 1e8381d4-e571-4076-8ec1-f519959dd3b0{ip: 192.168.69.77, host: pr-hdds-1710-5x6jb-1204890111, networkLocation: /default-rack, certSerialId: null}
2019-07-14 16:33:25,591 INFO  impl.RaftServerProxy (RaftServerProxy.java:addNew(89)) - 1e8381d4-e571-4076-8ec1-f519959dd3b0: addNew group-B68CF3CB950B:[1e8381d4-e571-4076-8ec1-f519959dd3b0:192.168.69.77:40542] returns group-B68CF3CB950B:java.util.concurrent.CompletableFuture@52a1d343[Not completed]
2019-07-14 16:33:25,592 INFO  impl.RaftServerImpl (RaftServerImpl.java:<init>(93)) - 1e8381d4-e571-4076-8ec1-f519959dd3b0: new RaftServerImpl for group-B68CF3CB950B:[1e8381d4-e571-4076-8ec1-f519959dd3b0:192.168.69.77:40542] with ContainerStateMachine:uninitialized
2019-07-14 16:33:25,592 INFO  server.RaftServerConfigKeys (ConfUtils.java:logGet(43)) - raft.server.rpc.timeout.min = 5s (custom)
2019-07-14 16:33:25,592 INFO  server.RaftServerConfigKeys (ConfUtils.java:logGet(43)) - raft.server.rpc.timeout.max = 5200ms (custom)
2019-07-14 16:33:25,593 INFO  server.RaftServerConfigKeys (ConfUtils.java:logGet(43)) - raft.server.rpcslowness.timeout = 120s (custom)
2019-07-14 16:33:25,593 INFO  server.RaftServerConfigKeys (ConfUtils.java:logGet(43)) - raft.server.sleep.deviation.threshold = 300 (default)
2019-07-14 16:33:25,593 INFO  server.RaftServerConfigKeys (ConfUtils.java:logGet(43)) - raft.server.log.appender.install.snapshot.enabled = false (custom)
2019-07-14 16:33:25,593 INFO  impl.RaftServerImpl (ServerState.java:<init>(105)) - 1e8381d4-e571-4076-8ec1-f519959dd3b0:group-B68CF3CB950B ConfigurationManager, init=-1: [1e8381d4-e571-4076-8ec1-f519959dd3b0:192.168.69.77:40542], old=null, confs=<EMPTY_MAP>
2019-07-14 16:33:25,593 INFO  server.RaftServerConfigKeys (ConfUtils.java:logGet(43)) - raft.server.storage.dir = [/workdir/hadoop-ozone/integration-test/target/test-dir/MiniOzoneClusterImpl-08738c8b-c1fa-46e0-b7fe-0ffeb36e6730/datanode-3/data/ratis] (custom)
2019-07-14 16:33:25,593 INFO  storage.RaftStorageDirectory (RaftStorageDirectory.java:analyzeStorage(246)) - The storage directory /workdir/hadoop-ozone/integration-test/target/test-dir/MiniOzoneClusterImpl-08738c8b-c1fa-46e0-b7fe-0ffeb36e6730/datanode-3/data/ratis/a24f26f7-b52a-4219-9f3d-b68cf3cb950b does not exist. Creating ...
2019-07-14 16:33:25,606 INFO  storage.RaftStorageDirectory (RaftStorageDirectory.java:tryLock(328)) - Lock on /workdir/hadoop-ozone/integration-test/target/test-dir/MiniOzoneClusterImpl-08738c8b-c1fa-46e0-b7fe-0ffeb36e6730/datanode-3/data/ratis/a24f26f7-b52a-4219-9f3d-b68cf3cb950b/in_use.lock acquired by nodename 13169@pr-hdds-1710-5x6jb-1204890111
2019-07-14 16:33:25,619 INFO  storage.RaftStorage (RaftStorage.java:format(72)) - Storage directory /workdir/hadoop-ozone/integration-test/target/test-dir/MiniOzoneClusterImpl-08738c8b-c1fa-46e0-b7fe-0ffeb36e6730/datanode-3/data/ratis/a24f26f7-b52a-4219-9f3d-b68cf3cb950b has been successfully formatted.
2019-07-14 16:33:25,620 INFO  ratis.ContainerStateMachine (ContainerStateMachine.java:loadSnapshot(200)) - The snapshot info is null.Setting the last applied index to:(t:0, i:~)
2019-07-14 16:33:25,620 INFO  server.RaftServerConfigKeys (ConfUtils.java:logGet(43)) - raft.server.leader.election.timeout = 120s (custom)
2019-07-14 16:33:25,620 INFO  server.RaftServerConfigKeys (ConfUtils.java:logGet(43)) - raft.server.log.use.memory = false (default)
2019-07-14 16:33:25,620 INFO  server.RaftServerConfigKeys (ConfUtils.java:logGet(43)) - raft.server.log.purge.gap = 1000000000 (custom)
2019-07-14 16:33:25,620 INFO  server.RaftServerConfigKeys (ConfUtils.java:logGet(43)) - raft.server.log.appender.buffer.byte-limit = 33554432 (custom)
2019-07-14 16:33:25,621 INFO  server.RaftServerConfigKeys (ConfUtils.java:logGet(43)) - raft.server.log.segment.size.max = 1048576 (custom)
2019-07-14 16:33:25,621 INFO  server.RaftServerConfigKeys (ConfUtils.java:logGet(43)) - raft.server.log.segment.cache.num.max = 2 (custom)
2019-07-14 16:33:25,621 INFO  segmented.SegmentedRaftLogWorker (SegmentedRaftLogWorker.java:<init>(172)) - new 1e8381d4-e571-4076-8ec1-f519959dd3b0-SegmentedRaftLogWorker:Storage Directory /workdir/hadoop-ozone/integration-test/target/test-dir/MiniOzoneClusterImpl-08738c8b-c1fa-46e0-b7fe-0ffeb36e6730/datanode-3/data/ratis/a24f26f7-b52a-4219-9f3d-b68cf3cb950b for RaftStorage:Storage Directory /workdir/hadoop-ozone/integration-test/target/test-dir/MiniOzoneClusterImpl-08738c8b-c1fa-46e0-b7fe-0ffeb36e6730/datanode-3/data/ratis/a24f26f7-b52a-4219-9f3d-b68cf3cb950b
2019-07-14 16:33:25,621 INFO  server.RaftServerConfigKeys (ConfUtils.java:logGet(43)) - raft.server.log.queue.byte-limit = 2147483647 (custom)
2019-07-14 16:33:25,621 INFO  server.RaftServerConfigKeys (ConfUtils.java:logGet(43)) - raft.server.log.queue.element-limit = 1024 (custom)
2019-07-14 16:33:25,622 INFO  server.RaftServerConfigKeys (ConfUtils.java:logGet(43)) - raft.server.log.segment.size.max = 1048576 (custom)
2019-07-14 16:33:25,622 INFO  server.RaftServerConfigKeys (ConfUtils.java:logGet(43)) - raft.server.log.preallocated.size = 16384 (custom)
2019-07-14 16:33:25,622 INFO  server.RaftServerConfigKeys (ConfUtils.java:logGet(43)) - raft.server.log.write.buffer.size = 33554432 (custom)
2019-07-14 16:33:25,622 INFO  server.RaftServerConfigKeys (ConfUtils.java:logGet(43)) - raft.server.log.force.sync.num = 128 (default)
2019-07-14 16:33:25,622 INFO  server.RaftServerConfigKeys (ConfUtils.java:logGet(43)) - raft.server.log.statemachine.data.sync = true (default)
2019-07-14 16:33:25,622 INFO  server.RaftServerConfigKeys (ConfUtils.java:logGet(43)) - raft.server.log.statemachine.data.sync.timeout = 10s (default)
2019-07-14 16:33:25,622 INFO  server.RaftServerConfigKeys (ConfUtils.java:logGet(43)) - raft.server.log.statemachine.data.sync.timeout.retry = -1 (default)
2019-07-14 16:33:25,623 INFO  server.RaftServerConfigKeys (ConfUtils.java:logGet(43)) - raft.server.log.statemachine.data.caching.enabled = true (custom)
2019-07-14 16:33:25,623 INFO  segmented.SegmentedRaftLogWorker (SegmentedRaftLogWorker.java:lambda$new$0(132)) - 1e8381d4-e571-4076-8ec1-f519959dd3b0-SegmentedRaftLogWorker:Storage Directory /workdir/hadoop-ozone/integration-test/target/test-dir/MiniOzoneClusterImpl-08738c8b-c1fa-46e0-b7fe-0ffeb36e6730/datanode-3/data/ratis/a24f26f7-b52a-4219-9f3d-b68cf3cb950b: flushIndex: setUnconditionally 0 -> -1
2019-07-14 16:33:25,623 INFO  server.RaftServerConfigKeys (ConfUtils.java:logGet(43)) - raft.server.snapshot.auto.trigger.enabled = true (custom)
2019-07-14 16:33:25,623 INFO  server.RaftServerConfigKeys (ConfUtils.java:logGet(43)) - raft.server.snapshot.auto.trigger.threshold = 10000 (custom)
2019-07-14 16:33:25,623 INFO  server.RaftServerConfigKeys (ConfUtils.java:logGet(43)) - raft.server.retrycache.expirytime = 600000ms (custom)
2019-07-14 16:33:25,624 INFO  impl.RaftServerImpl (RaftServerImpl.java:start(180)) - 1e8381d4-e571-4076-8ec1-f519959dd3b0: start group-B68CF3CB950B
2019-07-14 16:33:25,624 INFO  impl.RaftServerImpl (RaftServerImpl.java:setRole(171)) - 1e8381d4-e571-4076-8ec1-f519959dd3b0:group-B68CF3CB950B changes role from null to FOLLOWER at term 0 for startAsFollower
2019-07-14 16:33:25,624 INFO  impl.RoleInfo (RoleInfo.java:updateAndGet(143)) - 1e8381d4-e571-4076-8ec1-f519959dd3b0: start FollowerState
2019-07-14 16:33:25,636 INFO  util.JmxRegister (JmxRegister.java:tryRegister(44)) - Successfully registered JMX Bean with object name Ratis:service=RaftServer,group=group-B68CF3CB950B,id=1e8381d4-e571-4076-8ec1-f519959dd3b0
2019-07-14 16:33:25,646 INFO  pipeline.PipelineStateManager (PipelineStateManager.java:addPipeline(56)) - Created pipeline Pipeline[ Id: a24f26f7-b52a-4219-9f3d-b68cf3cb950b, Nodes: 1e8381d4-e571-4076-8ec1-f519959dd3b0{ip: 192.168.69.77, host: pr-hdds-1710-5x6jb-1204890111, networkLocation: /default-rack, certSerialId: null}, Type:RATIS, Factor:ONE, State:OPEN]
2019-07-14 16:33:25,753 INFO  node.SCMNodeManager (SCMNodeManager.java:register(269)) - Registered Data node : 4dce4393-7fae-4871-828c-a5f0ee5dd363{ip: 192.168.69.77, host: pr-hdds-1710-5x6jb-1204890111, networkLocation: /default-rack, certSerialId: null}
2019-07-14 16:33:25,762 INFO  impl.RaftServerProxy (RaftServerProxy.java:addNew(89)) - 4dce4393-7fae-4871-828c-a5f0ee5dd363: addNew group-31835850E9FB:[4dce4393-7fae-4871-828c-a5f0ee5dd363:192.168.69.77:37542] returns group-31835850E9FB:java.util.concurrent.CompletableFuture@3720744b[Not completed]
2019-07-14 16:33:25,763 INFO  impl.RaftServerImpl (RaftServerImpl.java:<init>(93)) - 4dce4393-7fae-4871-828c-a5f0ee5dd363: new RaftServerImpl for group-31835850E9FB:[4dce4393-7fae-4871-828c-a5f0ee5dd363:192.168.69.77:37542] with ContainerStateMachine:uninitialized
2019-07-14 16:33:25,763 INFO  server.RaftServerConfigKeys (ConfUtils.java:logGet(43)) - raft.server.rpc.timeout.min = 5s (custom)
2019-07-14 16:33:25,763 INFO  server.RaftServerConfigKeys (ConfUtils.java:logGet(43)) - raft.server.rpc.timeout.max = 5200ms (custom)
2019-07-14 16:33:25,764 INFO  server.RaftServerConfigKeys (ConfUtils.java:logGet(43)) - raft.server.rpcslowness.timeout = 120s (custom)
2019-07-14 16:33:25,764 INFO  server.RaftServerConfigKeys (ConfUtils.java:logGet(43)) - raft.server.sleep.deviation.threshold = 300 (default)
2019-07-14 16:33:25,764 INFO  server.RaftServerConfigKeys (ConfUtils.java:logGet(43)) - raft.server.log.appender.install.snapshot.enabled = false (custom)
2019-07-14 16:33:25,764 INFO  impl.RaftServerImpl (ServerState.java:<init>(105)) - 4dce4393-7fae-4871-828c-a5f0ee5dd363:group-31835850E9FB ConfigurationManager, init=-1: [4dce4393-7fae-4871-828c-a5f0ee5dd363:192.168.69.77:37542], old=null, confs=<EMPTY_MAP>
2019-07-14 16:33:25,764 INFO  server.RaftServerConfigKeys (ConfUtils.java:logGet(43)) - raft.server.storage.dir = [/workdir/hadoop-ozone/integration-test/target/test-dir/MiniOzoneClusterImpl-08738c8b-c1fa-46e0-b7fe-0ffeb36e6730/datanode-4/data/ratis] (custom)
2019-07-14 16:33:25,765 INFO  storage.RaftStorageDirectory (RaftStorageDirectory.java:analyzeStorage(246)) - The storage directory /workdir/hadoop-ozone/integration-test/target/test-dir/MiniOzoneClusterImpl-08738c8b-c1fa-46e0-b7fe-0ffeb36e6730/datanode-4/data/ratis/2b41c30d-da77-401e-ad86-31835850e9fb does not exist. Creating ...
2019-07-14 16:33:25,778 INFO  storage.RaftStorageDirectory (RaftStorageDirectory.java:tryLock(328)) - Lock on /workdir/hadoop-ozone/integration-test/target/test-dir/MiniOzoneClusterImpl-08738c8b-c1fa-46e0-b7fe-0ffeb36e6730/datanode-4/data/ratis/2b41c30d-da77-401e-ad86-31835850e9fb/in_use.lock acquired by nodename 13169@pr-hdds-1710-5x6jb-1204890111
2019-07-14 16:33:25,792 INFO  storage.RaftStorage (RaftStorage.java:format(72)) - Storage directory /workdir/hadoop-ozone/integration-test/target/test-dir/MiniOzoneClusterImpl-08738c8b-c1fa-46e0-b7fe-0ffeb36e6730/datanode-4/data/ratis/2b41c30d-da77-401e-ad86-31835850e9fb has been successfully formatted.
2019-07-14 16:33:25,792 INFO  ratis.ContainerStateMachine (ContainerStateMachine.java:loadSnapshot(200)) - The snapshot info is null.Setting the last applied index to:(t:0, i:~)
2019-07-14 16:33:25,792 INFO  server.RaftServerConfigKeys (ConfUtils.java:logGet(43)) - raft.server.leader.election.timeout = 120s (custom)
2019-07-14 16:33:25,792 INFO  server.RaftServerConfigKeys (ConfUtils.java:logGet(43)) - raft.server.log.use.memory = false (default)
2019-07-14 16:33:25,793 INFO  server.RaftServerConfigKeys (ConfUtils.java:logGet(43)) - raft.server.log.purge.gap = 1000000000 (custom)
2019-07-14 16:33:25,793 INFO  server.RaftServerConfigKeys (ConfUtils.java:logGet(43)) - raft.server.log.appender.buffer.byte-limit = 33554432 (custom)
2019-07-14 16:33:25,793 INFO  server.RaftServerConfigKeys (ConfUtils.java:logGet(43)) - raft.server.log.segment.size.max = 1048576 (custom)
2019-07-14 16:33:25,793 INFO  server.RaftServerConfigKeys (ConfUtils.java:logGet(43)) - raft.server.log.segment.cache.num.max = 2 (custom)
2019-07-14 16:33:25,793 INFO  segmented.SegmentedRaftLogWorker (SegmentedRaftLogWorker.java:<init>(172)) - new 4dce4393-7fae-4871-828c-a5f0ee5dd363-SegmentedRaftLogWorker:Storage Directory /workdir/hadoop-ozone/integration-test/target/test-dir/MiniOzoneClusterImpl-08738c8b-c1fa-46e0-b7fe-0ffeb36e6730/datanode-4/data/ratis/2b41c30d-da77-401e-ad86-31835850e9fb for RaftStorage:Storage Directory /workdir/hadoop-ozone/integration-test/target/test-dir/MiniOzoneClusterImpl-08738c8b-c1fa-46e0-b7fe-0ffeb36e6730/datanode-4/data/ratis/2b41c30d-da77-401e-ad86-31835850e9fb
2019-07-14 16:33:25,793 INFO  server.RaftServerConfigKeys (ConfUtils.java:logGet(43)) - raft.server.log.queue.byte-limit = 2147483647 (custom)
2019-07-14 16:33:25,794 INFO  server.RaftServerConfigKeys (ConfUtils.java:logGet(43)) - raft.server.log.queue.element-limit = 1024 (custom)
2019-07-14 16:33:25,794 INFO  server.RaftServerConfigKeys (ConfUtils.java:logGet(43)) - raft.server.log.segment.size.max = 1048576 (custom)
2019-07-14 16:33:25,794 INFO  server.RaftServerConfigKeys (ConfUtils.java:logGet(43)) - raft.server.log.preallocated.size = 16384 (custom)
2019-07-14 16:33:25,794 INFO  server.RaftServerConfigKeys (ConfUtils.java:logGet(43)) - raft.server.log.write.buffer.size = 33554432 (custom)
2019-07-14 16:33:25,794 INFO  server.RaftServerConfigKeys (ConfUtils.java:logGet(43)) - raft.server.log.force.sync.num = 128 (default)
2019-07-14 16:33:25,795 INFO  server.RaftServerConfigKeys (ConfUtils.java:logGet(43)) - raft.server.log.statemachine.data.sync = true (default)
2019-07-14 16:33:25,795 INFO  server.RaftServerConfigKeys (ConfUtils.java:logGet(43)) - raft.server.log.statemachine.data.sync.timeout = 10s (default)
2019-07-14 16:33:25,795 INFO  server.RaftServerConfigKeys (ConfUtils.java:logGet(43)) - raft.server.log.statemachine.data.sync.timeout.retry = -1 (default)
2019-07-14 16:33:25,795 INFO  server.RaftServerConfigKeys (ConfUtils.java:logGet(43)) - raft.server.log.statemachine.data.caching.enabled = true (custom)
2019-07-14 16:33:25,796 INFO  segmented.SegmentedRaftLogWorker (SegmentedRaftLogWorker.java:lambda$new$0(132)) - 4dce4393-7fae-4871-828c-a5f0ee5dd363-SegmentedRaftLogWorker:Storage Directory /workdir/hadoop-ozone/integration-test/target/test-dir/MiniOzoneClusterImpl-08738c8b-c1fa-46e0-b7fe-0ffeb36e6730/datanode-4/data/ratis/2b41c30d-da77-401e-ad86-31835850e9fb: flushIndex: setUnconditionally 0 -> -1
2019-07-14 16:33:25,796 INFO  server.RaftServerConfigKeys (ConfUtils.java:logGet(43)) - raft.server.snapshot.auto.trigger.enabled = true (custom)
2019-07-14 16:33:25,796 INFO  server.RaftServerConfigKeys (ConfUtils.java:logGet(43)) - raft.server.snapshot.auto.trigger.threshold = 10000 (custom)
2019-07-14 16:33:25,796 INFO  server.RaftServerConfigKeys (ConfUtils.java:logGet(43)) - raft.server.retrycache.expirytime = 600000ms (custom)
2019-07-14 16:33:25,797 INFO  impl.RaftServerImpl (RaftServerImpl.java:start(180)) - 4dce4393-7fae-4871-828c-a5f0ee5dd363: start group-31835850E9FB
2019-07-14 16:33:25,797 INFO  impl.RaftServerImpl (RaftServerImpl.java:setRole(171)) - 4dce4393-7fae-4871-828c-a5f0ee5dd363:group-31835850E9FB changes role from null to FOLLOWER at term 0 for startAsFollower
2019-07-14 16:33:25,797 INFO  impl.RoleInfo (RoleInfo.java:updateAndGet(143)) - 4dce4393-7fae-4871-828c-a5f0ee5dd363: start FollowerState
2019-07-14 16:33:25,798 INFO  util.JmxRegister (JmxRegister.java:tryRegister(44)) - Successfully registered JMX Bean with object name Ratis:service=RaftServer,group=group-31835850E9FB,id=4dce4393-7fae-4871-828c-a5f0ee5dd363
2019-07-14 16:33:25,799 INFO  pipeline.PipelineStateManager (PipelineStateManager.java:addPipeline(56)) - Created pipeline Pipeline[ Id: 2b41c30d-da77-401e-ad86-31835850e9fb, Nodes: 4dce4393-7fae-4871-828c-a5f0ee5dd363{ip: 192.168.69.77, host: pr-hdds-1710-5x6jb-1204890111, networkLocation: /default-rack, certSerialId: null}, Type:RATIS, Factor:ONE, State:OPEN]
2019-07-14 16:33:25,929 INFO  node.SCMNodeManager (SCMNodeManager.java:register(269)) - Registered Data node : 87e0d44a-7661-4c4e-9766-d982f5879c7e{ip: 192.168.69.77, host: pr-hdds-1710-5x6jb-1204890111, networkLocation: /default-rack, certSerialId: null}
2019-07-14 16:33:25,937 INFO  impl.RaftServerProxy (RaftServerProxy.java:addNew(89)) - 87e0d44a-7661-4c4e-9766-d982f5879c7e: addNew group-E05B6BBF0C52:[87e0d44a-7661-4c4e-9766-d982f5879c7e:192.168.69.77:33686] returns group-E05B6BBF0C52:java.util.concurrent.CompletableFuture@54f88c70[Not completed]
2019-07-14 16:33:25,938 INFO  impl.RaftServerImpl (RaftServerImpl.java:<init>(93)) - 87e0d44a-7661-4c4e-9766-d982f5879c7e: new RaftServerImpl for group-E05B6BBF0C52:[87e0d44a-7661-4c4e-9766-d982f5879c7e:192.168.69.77:33686] with ContainerStateMachine:uninitialized
2019-07-14 16:33:25,938 INFO  server.RaftServerConfigKeys (ConfUtils.java:logGet(43)) - raft.server.rpc.timeout.min = 5s (custom)
2019-07-14 16:33:25,938 INFO  server.RaftServerConfigKeys (ConfUtils.java:logGet(43)) - raft.server.rpc.timeout.max = 5200ms (custom)
2019-07-14 16:33:25,938 INFO  server.RaftServerConfigKeys (ConfUtils.java:logGet(43)) - raft.server.rpcslowness.timeout = 120s (custom)
2019-07-14 16:33:25,938 INFO  server.RaftServerConfigKeys (ConfUtils.java:logGet(43)) - raft.server.sleep.deviation.threshold = 300 (default)
2019-07-14 16:33:25,939 INFO  server.RaftServerConfigKeys (ConfUtils.java:logGet(43)) - raft.server.log.appender.install.snapshot.enabled = false (custom)
2019-07-14 16:33:25,939 INFO  impl.RaftServerImpl (ServerState.java:<init>(105)) - 87e0d44a-7661-4c4e-9766-d982f5879c7e:group-E05B6BBF0C52 ConfigurationManager, init=-1: [87e0d44a-7661-4c4e-9766-d982f5879c7e:192.168.69.77:33686], old=null, confs=<EMPTY_MAP>
2019-07-14 16:33:25,939 INFO  server.RaftServerConfigKeys (ConfUtils.java:logGet(43)) - raft.server.storage.dir = [/workdir/hadoop-ozone/integration-test/target/test-dir/MiniOzoneClusterImpl-08738c8b-c1fa-46e0-b7fe-0ffeb36e6730/datanode-5/data/ratis] (custom)
2019-07-14 16:33:25,939 INFO  storage.RaftStorageDirectory (RaftStorageDirectory.java:analyzeStorage(246)) - The storage directory /workdir/hadoop-ozone/integration-test/target/test-dir/MiniOzoneClusterImpl-08738c8b-c1fa-46e0-b7fe-0ffeb36e6730/datanode-5/data/ratis/004fb19e-d94c-4c31-8044-e05b6bbf0c52 does not exist. Creating ...
2019-07-14 16:33:25,952 INFO  storage.RaftStorageDirectory (RaftStorageDirectory.java:tryLock(328)) - Lock on /workdir/hadoop-ozone/integration-test/target/test-dir/MiniOzoneClusterImpl-08738c8b-c1fa-46e0-b7fe-0ffeb36e6730/datanode-5/data/ratis/004fb19e-d94c-4c31-8044-e05b6bbf0c52/in_use.lock acquired by nodename 13169@pr-hdds-1710-5x6jb-1204890111
2019-07-14 16:33:25,969 INFO  storage.RaftStorage (RaftStorage.java:format(72)) - Storage directory /workdir/hadoop-ozone/integration-test/target/test-dir/MiniOzoneClusterImpl-08738c8b-c1fa-46e0-b7fe-0ffeb36e6730/datanode-5/data/ratis/004fb19e-d94c-4c31-8044-e05b6bbf0c52 has been successfully formatted.
2019-07-14 16:33:25,969 INFO  ratis.ContainerStateMachine (ContainerStateMachine.java:loadSnapshot(200)) - The snapshot info is null.Setting the last applied index to:(t:0, i:~)
2019-07-14 16:33:25,969 INFO  server.RaftServerConfigKeys (ConfUtils.java:logGet(43)) - raft.server.leader.election.timeout = 120s (custom)
2019-07-14 16:33:25,970 INFO  server.RaftServerConfigKeys (ConfUtils.java:logGet(43)) - raft.server.log.use.memory = false (default)
2019-07-14 16:33:25,970 INFO  server.RaftServerConfigKeys (ConfUtils.java:logGet(43)) - raft.server.log.purge.gap = 1000000000 (custom)
2019-07-14 16:33:25,970 INFO  server.RaftServerConfigKeys (ConfUtils.java:logGet(43)) - raft.server.log.appender.buffer.byte-limit = 33554432 (custom)
2019-07-14 16:33:25,970 INFO  server.RaftServerConfigKeys (ConfUtils.java:logGet(43)) - raft.server.log.segment.size.max = 1048576 (custom)
2019-07-14 16:33:25,970 INFO  server.RaftServerConfigKeys (ConfUtils.java:logGet(43)) - raft.server.log.segment.cache.num.max = 2 (custom)
2019-07-14 16:33:25,971 INFO  segmented.SegmentedRaftLogWorker (SegmentedRaftLogWorker.java:<init>(172)) - new 87e0d44a-7661-4c4e-9766-d982f5879c7e-SegmentedRaftLogWorker:Storage Directory /workdir/hadoop-ozone/integration-test/target/test-dir/MiniOzoneClusterImpl-08738c8b-c1fa-46e0-b7fe-0ffeb36e6730/datanode-5/data/ratis/004fb19e-d94c-4c31-8044-e05b6bbf0c52 for RaftStorage:Storage Directory /workdir/hadoop-ozone/integration-test/target/test-dir/MiniOzoneClusterImpl-08738c8b-c1fa-46e0-b7fe-0ffeb36e6730/datanode-5/data/ratis/004fb19e-d94c-4c31-8044-e05b6bbf0c52
2019-07-14 16:33:25,971 INFO  server.RaftServerConfigKeys (ConfUtils.java:logGet(43)) - raft.server.log.queue.byte-limit = 2147483647 (custom)
2019-07-14 16:33:25,971 INFO  server.RaftServerConfigKeys (ConfUtils.java:logGet(43)) - raft.server.log.queue.element-limit = 1024 (custom)
2019-07-14 16:33:25,971 INFO  server.RaftServerConfigKeys (ConfUtils.java:logGet(43)) - raft.server.log.segment.size.max = 1048576 (custom)
2019-07-14 16:33:25,971 INFO  server.RaftServerConfigKeys (ConfUtils.java:logGet(43)) - raft.server.log.preallocated.size = 16384 (custom)
2019-07-14 16:33:25,972 INFO  server.RaftServerConfigKeys (ConfUtils.java:logGet(43)) - raft.server.log.write.buffer.size = 33554432 (custom)
2019-07-14 16:33:25,972 INFO  server.RaftServerConfigKeys (ConfUtils.java:logGet(43)) - raft.server.log.force.sync.num = 128 (default)
2019-07-14 16:33:25,972 INFO  server.RaftServerConfigKeys (ConfUtils.java:logGet(43)) - raft.server.log.statemachine.data.sync = true (default)
2019-07-14 16:33:25,972 INFO  server.RaftServerConfigKeys (ConfUtils.java:logGet(43)) - raft.server.log.statemachine.data.sync.timeout = 10s (default)
2019-07-14 16:33:25,972 INFO  server.RaftServerConfigKeys (ConfUtils.java:logGet(43)) - raft.server.log.statemachine.data.sync.timeout.retry = -1 (default)
2019-07-14 16:33:25,973 INFO  server.RaftServerConfigKeys (ConfUtils.java:logGet(43)) - raft.server.log.statemachine.data.caching.enabled = true (custom)
2019-07-14 16:33:25,973 INFO  segmented.SegmentedRaftLogWorker (SegmentedRaftLogWorker.java:lambda$new$0(132)) - 87e0d44a-7661-4c4e-9766-d982f5879c7e-SegmentedRaftLogWorker:Storage Directory /workdir/hadoop-ozone/integration-test/target/test-dir/MiniOzoneClusterImpl-08738c8b-c1fa-46e0-b7fe-0ffeb36e6730/datanode-5/data/ratis/004fb19e-d94c-4c31-8044-e05b6bbf0c52: flushIndex: setUnconditionally 0 -> -1
2019-07-14 16:33:25,973 INFO  server.RaftServerConfigKeys (ConfUtils.java:logGet(43)) - raft.server.snapshot.auto.trigger.enabled = true (custom)
2019-07-14 16:33:25,973 INFO  server.RaftServerConfigKeys (ConfUtils.java:logGet(43)) - raft.server.snapshot.auto.trigger.threshold = 10000 (custom)
2019-07-14 16:33:25,974 INFO  server.RaftServerConfigKeys (ConfUtils.java:logGet(43)) - raft.server.retrycache.expirytime = 600000ms (custom)
2019-07-14 16:33:25,974 INFO  impl.RaftServerImpl (RaftServerImpl.java:start(180)) - 87e0d44a-7661-4c4e-9766-d982f5879c7e: start group-E05B6BBF0C52
2019-07-14 16:33:25,974 INFO  impl.RaftServerImpl (RaftServerImpl.java:setRole(171)) - 87e0d44a-7661-4c4e-9766-d982f5879c7e:group-E05B6BBF0C52 changes role from null to FOLLOWER at term 0 for startAsFollower
2019-07-14 16:33:25,974 INFO  impl.RoleInfo (RoleInfo.java:updateAndGet(143)) - 87e0d44a-7661-4c4e-9766-d982f5879c7e: start FollowerState
2019-07-14 16:33:25,975 INFO  util.JmxRegister (JmxRegister.java:tryRegister(44)) - Successfully registered JMX Bean with object name Ratis:service=RaftServer,group=group-E05B6BBF0C52,id=87e0d44a-7661-4c4e-9766-d982f5879c7e
2019-07-14 16:33:25,977 INFO  pipeline.PipelineStateManager (PipelineStateManager.java:addPipeline(56)) - Created pipeline Pipeline[ Id: 004fb19e-d94c-4c31-8044-e05b6bbf0c52, Nodes: 87e0d44a-7661-4c4e-9766-d982f5879c7e{ip: 192.168.69.77, host: pr-hdds-1710-5x6jb-1204890111, networkLocation: /default-rack, certSerialId: null}, Type:RATIS, Factor:ONE, State:OPEN]
2019-07-14 16:33:25,989 INFO  impl.RaftServerProxy (RaftServerProxy.java:addNew(89)) - 87e0d44a-7661-4c4e-9766-d982f5879c7e: addNew group-537C26EA5BC3:[1e8381d4-e571-4076-8ec1-f519959dd3b0:192.168.69.77:40542, 4dce4393-7fae-4871-828c-a5f0ee5dd363:192.168.69.77:37542, 87e0d44a-7661-4c4e-9766-d982f5879c7e:192.168.69.77:33686] returns group-537C26EA5BC3:java.util.concurrent.CompletableFuture@374f481c[Not completed]
2019-07-14 16:33:25,990 INFO  impl.RaftServerProxy (RaftServerProxy.java:addNew(89)) - 4dce4393-7fae-4871-828c-a5f0ee5dd363: addNew group-537C26EA5BC3:[1e8381d4-e571-4076-8ec1-f519959dd3b0:192.168.69.77:40542, 4dce4393-7fae-4871-828c-a5f0ee5dd363:192.168.69.77:37542, 87e0d44a-7661-4c4e-9766-d982f5879c7e:192.168.69.77:33686] returns group-537C26EA5BC3:java.util.concurrent.CompletableFuture@51c2d52e[Not completed]
2019-07-14 16:33:25,989 INFO  impl.RaftServerProxy (RaftServerProxy.java:addNew(89)) - 1e8381d4-e571-4076-8ec1-f519959dd3b0: addNew group-537C26EA5BC3:[1e8381d4-e571-4076-8ec1-f519959dd3b0:192.168.69.77:40542, 4dce4393-7fae-4871-828c-a5f0ee5dd363:192.168.69.77:37542, 87e0d44a-7661-4c4e-9766-d982f5879c7e:192.168.69.77:33686] returns group-537C26EA5BC3:java.util.concurrent.CompletableFuture@7724a7e6[Not completed]
2019-07-14 16:33:25,991 INFO  impl.RaftServerImpl (RaftServerImpl.java:<init>(93)) - 87e0d44a-7661-4c4e-9766-d982f5879c7e: new RaftServerImpl for group-537C26EA5BC3:[1e8381d4-e571-4076-8ec1-f519959dd3b0:192.168.69.77:40542, 4dce4393-7fae-4871-828c-a5f0ee5dd363:192.168.69.77:37542, 87e0d44a-7661-4c4e-9766-d982f5879c7e:192.168.69.77:33686] with ContainerStateMachine:uninitialized
2019-07-14 16:33:25,991 INFO  server.RaftServerConfigKeys (ConfUtils.java:logGet(43)) - raft.server.rpc.timeout.min = 5s (custom)
2019-07-14 16:33:25,991 INFO  server.RaftServerConfigKeys (ConfUtils.java:logGet(43)) - raft.server.rpc.timeout.max = 5200ms (custom)
2019-07-14 16:33:25,991 INFO  server.RaftServerConfigKeys (ConfUtils.java:logGet(43)) - raft.server.rpcslowness.timeout = 120s (custom)
2019-07-14 16:33:25,991 INFO  impl.RaftServerImpl (RaftServerImpl.java:<init>(93)) - 1e8381d4-e571-4076-8ec1-f519959dd3b0: new RaftServerImpl for group-537C26EA5BC3:[1e8381d4-e571-4076-8ec1-f519959dd3b0:192.168.69.77:40542, 4dce4393-7fae-4871-828c-a5f0ee5dd363:192.168.69.77:37542, 87e0d44a-7661-4c4e-9766-d982f5879c7e:192.168.69.77:33686] with ContainerStateMachine:uninitialized
2019-07-14 16:33:25,991 INFO  server.RaftServerConfigKeys (ConfUtils.java:logGet(43)) - raft.server.sleep.deviation.threshold = 300 (default)
2019-07-14 16:33:25,991 INFO  impl.RaftServerImpl (RaftServerImpl.java:<init>(93)) - 4dce4393-7fae-4871-828c-a5f0ee5dd363: new RaftServerImpl for group-537C26EA5BC3:[1e8381d4-e571-4076-8ec1-f519959dd3b0:192.168.69.77:40542, 4dce4393-7fae-4871-828c-a5f0ee5dd363:192.168.69.77:37542, 87e0d44a-7661-4c4e-9766-d982f5879c7e:192.168.69.77:33686] with ContainerStateMachine:uninitialized
2019-07-14 16:33:25,991 INFO  server.RaftServerConfigKeys (ConfUtils.java:logGet(43)) - raft.server.rpc.timeout.min = 5s (custom)
2019-07-14 16:33:25,992 INFO  server.RaftServerConfigKeys (ConfUtils.java:logGet(43)) - raft.server.rpc.timeout.min = 5s (custom)
2019-07-14 16:33:25,992 INFO  server.RaftServerConfigKeys (ConfUtils.java:logGet(43)) - raft.server.rpc.timeout.max = 5200ms (custom)
2019-07-14 16:33:25,991 INFO  server.RaftServerConfigKeys (ConfUtils.java:logGet(43)) - raft.server.log.appender.install.snapshot.enabled = false (custom)
2019-07-14 16:33:25,992 INFO  server.RaftServerConfigKeys (ConfUtils.java:logGet(43)) - raft.server.rpcslowness.timeout = 120s (custom)
2019-07-14 16:33:25,992 INFO  server.RaftServerConfigKeys (ConfUtils.java:logGet(43)) - raft.server.sleep.deviation.threshold = 300 (default)
2019-07-14 16:33:25,992 INFO  server.RaftServerConfigKeys (ConfUtils.java:logGet(43)) - raft.server.rpc.timeout.max = 5200ms (custom)
2019-07-14 16:33:25,992 INFO  server.RaftServerConfigKeys (ConfUtils.java:logGet(43)) - raft.server.log.appender.install.snapshot.enabled = false (custom)
2019-07-14 16:33:25,992 INFO  impl.RaftServerImpl (ServerState.java:<init>(105)) - 87e0d44a-7661-4c4e-9766-d982f5879c7e:group-537C26EA5BC3 ConfigurationManager, init=-1: [1e8381d4-e571-4076-8ec1-f519959dd3b0:192.168.69.77:40542, 4dce4393-7fae-4871-828c-a5f0ee5dd363:192.168.69.77:37542, 87e0d44a-7661-4c4e-9766-d982f5879c7e:192.168.69.77:33686], old=null, confs=<EMPTY_MAP>
2019-07-14 16:33:25,993 INFO  impl.RaftServerImpl (ServerState.java:<init>(105)) - 4dce4393-7fae-4871-828c-a5f0ee5dd363:group-537C26EA5BC3 ConfigurationManager, init=-1: [1e8381d4-e571-4076-8ec1-f519959dd3b0:192.168.69.77:40542, 4dce4393-7fae-4871-828c-a5f0ee5dd363:192.168.69.77:37542, 87e0d44a-7661-4c4e-9766-d982f5879c7e:192.168.69.77:33686], old=null, confs=<EMPTY_MAP>
2019-07-14 16:33:25,993 INFO  server.RaftServerConfigKeys (ConfUtils.java:logGet(43)) - raft.server.storage.dir = [/workdir/hadoop-ozone/integration-test/target/test-dir/MiniOzoneClusterImpl-08738c8b-c1fa-46e0-b7fe-0ffeb36e6730/datanode-4/data/ratis] (custom)
2019-07-14 16:33:25,993 INFO  server.RaftServerConfigKeys (ConfUtils.java:logGet(43)) - raft.server.rpcslowness.timeout = 120s (custom)
2019-07-14 16:33:25,993 INFO  server.RaftServerConfigKeys (ConfUtils.java:logGet(43)) - raft.server.sleep.deviation.threshold = 300 (default)
2019-07-14 16:33:25,993 INFO  server.RaftServerConfigKeys (ConfUtils.java:logGet(43)) - raft.server.storage.dir = [/workdir/hadoop-ozone/integration-test/target/test-dir/MiniOzoneClusterImpl-08738c8b-c1fa-46e0-b7fe-0ffeb36e6730/datanode-5/data/ratis] (custom)
2019-07-14 16:33:25,994 INFO  server.RaftServerConfigKeys (ConfUtils.java:logGet(43)) - raft.server.log.appender.install.snapshot.enabled = false (custom)
2019-07-14 16:33:25,993 INFO  storage.RaftStorageDirectory (RaftStorageDirectory.java:analyzeStorage(246)) - The storage directory /workdir/hadoop-ozone/integration-test/target/test-dir/MiniOzoneClusterImpl-08738c8b-c1fa-46e0-b7fe-0ffeb36e6730/datanode-4/data/ratis/ebda449e-b6c8-44bc-a0ea-537c26ea5bc3 does not exist. Creating ...
2019-07-14 16:33:25,994 INFO  impl.RaftServerImpl (ServerState.java:<init>(105)) - 1e8381d4-e571-4076-8ec1-f519959dd3b0:group-537C26EA5BC3 ConfigurationManager, init=-1: [1e8381d4-e571-4076-8ec1-f519959dd3b0:192.168.69.77:40542, 4dce4393-7fae-4871-828c-a5f0ee5dd363:192.168.69.77:37542, 87e0d44a-7661-4c4e-9766-d982f5879c7e:192.168.69.77:33686], old=null, confs=<EMPTY_MAP>
2019-07-14 16:33:25,994 INFO  storage.RaftStorageDirectory (RaftStorageDirectory.java:analyzeStorage(246)) - The storage directory /workdir/hadoop-ozone/integration-test/target/test-dir/MiniOzoneClusterImpl-08738c8b-c1fa-46e0-b7fe-0ffeb36e6730/datanode-5/data/ratis/ebda449e-b6c8-44bc-a0ea-537c26ea5bc3 does not exist. Creating ...
2019-07-14 16:33:25,994 INFO  server.RaftServerConfigKeys (ConfUtils.java:logGet(43)) - raft.server.storage.dir = [/workdir/hadoop-ozone/integration-test/target/test-dir/MiniOzoneClusterImpl-08738c8b-c1fa-46e0-b7fe-0ffeb36e6730/datanode-3/data/ratis] (custom)
2019-07-14 16:33:25,995 INFO  storage.RaftStorageDirectory (RaftStorageDirectory.java:analyzeStorage(246)) - The storage directory /workdir/hadoop-ozone/integration-test/target/test-dir/MiniOzoneClusterImpl-08738c8b-c1fa-46e0-b7fe-0ffeb36e6730/datanode-3/data/ratis/ebda449e-b6c8-44bc-a0ea-537c26ea5bc3 does not exist. Creating ...
2019-07-14 16:33:26,008 INFO  storage.RaftStorageDirectory (RaftStorageDirectory.java:tryLock(328)) - Lock on /workdir/hadoop-ozone/integration-test/target/test-dir/MiniOzoneClusterImpl-08738c8b-c1fa-46e0-b7fe-0ffeb36e6730/datanode-3/data/ratis/ebda449e-b6c8-44bc-a0ea-537c26ea5bc3/in_use.lock acquired by nodename 13169@pr-hdds-1710-5x6jb-1204890111
2019-07-14 16:33:26,008 INFO  storage.RaftStorageDirectory (RaftStorageDirectory.java:tryLock(328)) - Lock on /workdir/hadoop-ozone/integration-test/target/test-dir/MiniOzoneClusterImpl-08738c8b-c1fa-46e0-b7fe-0ffeb36e6730/datanode-4/data/ratis/ebda449e-b6c8-44bc-a0ea-537c26ea5bc3/in_use.lock acquired by nodename 13169@pr-hdds-1710-5x6jb-1204890111
2019-07-14 16:33:26,008 INFO  storage.RaftStorageDirectory (RaftStorageDirectory.java:tryLock(328)) - Lock on /workdir/hadoop-ozone/integration-test/target/test-dir/MiniOzoneClusterImpl-08738c8b-c1fa-46e0-b7fe-0ffeb36e6730/datanode-5/data/ratis/ebda449e-b6c8-44bc-a0ea-537c26ea5bc3/in_use.lock acquired by nodename 13169@pr-hdds-1710-5x6jb-1204890111
2019-07-14 16:33:26,023 INFO  storage.RaftStorage (RaftStorage.java:format(72)) - Storage directory /workdir/hadoop-ozone/integration-test/target/test-dir/MiniOzoneClusterImpl-08738c8b-c1fa-46e0-b7fe-0ffeb36e6730/datanode-5/data/ratis/ebda449e-b6c8-44bc-a0ea-537c26ea5bc3 has been successfully formatted.
2019-07-14 16:33:26,023 INFO  storage.RaftStorage (RaftStorage.java:format(72)) - Storage directory /workdir/hadoop-ozone/integration-test/target/test-dir/MiniOzoneClusterImpl-08738c8b-c1fa-46e0-b7fe-0ffeb36e6730/datanode-3/data/ratis/ebda449e-b6c8-44bc-a0ea-537c26ea5bc3 has been successfully formatted.
2019-07-14 16:33:26,023 INFO  storage.RaftStorage (RaftStorage.java:format(72)) - Storage directory /workdir/hadoop-ozone/integration-test/target/test-dir/MiniOzoneClusterImpl-08738c8b-c1fa-46e0-b7fe-0ffeb36e6730/datanode-4/data/ratis/ebda449e-b6c8-44bc-a0ea-537c26ea5bc3 has been successfully formatted.
2019-07-14 16:33:26,023 INFO  ratis.ContainerStateMachine (ContainerStateMachine.java:loadSnapshot(200)) - The snapshot info is null.Setting the last applied index to:(t:0, i:~)
2019-07-14 16:33:26,023 INFO  ratis.ContainerStateMachine (ContainerStateMachine.java:loadSnapshot(200)) - The snapshot info is null.Setting the last applied index to:(t:0, i:~)
2019-07-14 16:33:26,023 INFO  ratis.ContainerStateMachine (ContainerStateMachine.java:loadSnapshot(200)) - The snapshot info is null.Setting the last applied index to:(t:0, i:~)
2019-07-14 16:33:26,024 INFO  server.RaftServerConfigKeys (ConfUtils.java:logGet(43)) - raft.server.leader.election.timeout = 120s (custom)
2019-07-14 16:33:26,023 INFO  server.RaftServerConfigKeys (ConfUtils.java:logGet(43)) - raft.server.leader.election.timeout = 120s (custom)
2019-07-14 16:33:26,024 INFO  server.RaftServerConfigKeys (ConfUtils.java:logGet(43)) - raft.server.log.use.memory = false (default)
2019-07-14 16:33:26,024 INFO  server.RaftServerConfigKeys (ConfUtils.java:logGet(43)) - raft.server.leader.election.timeout = 120s (custom)
2019-07-14 16:33:26,024 INFO  server.RaftServerConfigKeys (ConfUtils.java:logGet(43)) - raft.server.log.purge.gap = 1000000000 (custom)
2019-07-14 16:33:26,024 INFO  server.RaftServerConfigKeys (ConfUtils.java:logGet(43)) - raft.server.log.use.memory = false (default)
2019-07-14 16:33:26,024 INFO  server.RaftServerConfigKeys (ConfUtils.java:logGet(43)) - raft.server.log.appender.buffer.byte-limit = 33554432 (custom)
2019-07-14 16:33:26,024 INFO  server.RaftServerConfigKeys (ConfUtils.java:logGet(43)) - raft.server.log.use.memory = false (default)
2019-07-14 16:33:26,025 INFO  server.RaftServerConfigKeys (ConfUtils.java:logGet(43)) - raft.server.log.segment.size.max = 1048576 (custom)
2019-07-14 16:33:26,025 INFO  server.RaftServerConfigKeys (ConfUtils.java:logGet(43)) - raft.server.log.purge.gap = 1000000000 (custom)
2019-07-14 16:33:26,025 INFO  server.RaftServerConfigKeys (ConfUtils.java:logGet(43)) - raft.server.log.segment.cache.num.max = 2 (custom)
2019-07-14 16:33:26,025 INFO  server.RaftServerConfigKeys (ConfUtils.java:logGet(43)) - raft.server.log.purge.gap = 1000000000 (custom)
2019-07-14 16:33:26,025 INFO  segmented.SegmentedRaftLogWorker (SegmentedRaftLogWorker.java:<init>(172)) - new 4dce4393-7fae-4871-828c-a5f0ee5dd363-SegmentedRaftLogWorker:Storage Directory /workdir/hadoop-ozone/integration-test/target/test-dir/MiniOzoneClusterImpl-08738c8b-c1fa-46e0-b7fe-0ffeb36e6730/datanode-4/data/ratis/ebda449e-b6c8-44bc-a0ea-537c26ea5bc3 for RaftStorage:Storage Directory /workdir/hadoop-ozone/integration-test/target/test-dir/MiniOzoneClusterImpl-08738c8b-c1fa-46e0-b7fe-0ffeb36e6730/datanode-4/data/ratis/ebda449e-b6c8-44bc-a0ea-537c26ea5bc3
2019-07-14 16:33:26,025 INFO  server.RaftServerConfigKeys (ConfUtils.java:logGet(43)) - raft.server.log.appender.buffer.byte-limit = 33554432 (custom)
2019-07-14 16:33:26,026 INFO  server.RaftServerConfigKeys (ConfUtils.java:logGet(43)) - raft.server.log.queue.byte-limit = 2147483647 (custom)
2019-07-14 16:33:26,026 INFO  server.RaftServerConfigKeys (ConfUtils.java:logGet(43)) - raft.server.log.appender.buffer.byte-limit = 33554432 (custom)
2019-07-14 16:33:26,026 INFO  server.RaftServerConfigKeys (ConfUtils.java:logGet(43)) - raft.server.log.queue.element-limit = 1024 (custom)
2019-07-14 16:33:26,026 INFO  server.RaftServerConfigKeys (ConfUtils.java:logGet(43)) - raft.server.log.segment.size.max = 1048576 (custom)
2019-07-14 16:33:26,026 INFO  server.RaftServerConfigKeys (ConfUtils.java:logGet(43)) - raft.server.log.segment.size.max = 1048576 (custom)
2019-07-14 16:33:26,027 INFO  server.RaftServerConfigKeys (ConfUtils.java:logGet(43)) - raft.server.log.preallocated.size = 16384 (custom)
2019-07-14 16:33:26,026 INFO  server.RaftServerConfigKeys (ConfUtils.java:logGet(43)) - raft.server.log.segment.size.max = 1048576 (custom)
2019-07-14 16:33:26,027 INFO  server.RaftServerConfigKeys (ConfUtils.java:logGet(43)) - raft.server.log.write.buffer.size = 33554432 (custom)
2019-07-14 16:33:26,027 INFO  server.RaftServerConfigKeys (ConfUtils.java:logGet(43)) - raft.server.log.force.sync.num = 128 (default)
2019-07-14 16:33:26,027 INFO  server.RaftServerConfigKeys (ConfUtils.java:logGet(43)) - raft.server.log.segment.cache.num.max = 2 (custom)
2019-07-14 16:33:26,027 INFO  server.RaftServerConfigKeys (ConfUtils.java:logGet(43)) - raft.server.log.statemachine.data.sync = true (default)
2019-07-14 16:33:26,027 INFO  server.RaftServerConfigKeys (ConfUtils.java:logGet(43)) - raft.server.log.segment.cache.num.max = 2 (custom)
2019-07-14 16:33:26,028 INFO  server.RaftServerConfigKeys (ConfUtils.java:logGet(43)) - raft.server.log.statemachine.data.sync.timeout = 10s (default)
2019-07-14 16:33:26,028 INFO  segmented.SegmentedRaftLogWorker (SegmentedRaftLogWorker.java:<init>(172)) - new 1e8381d4-e571-4076-8ec1-f519959dd3b0-SegmentedRaftLogWorker:Storage Directory /workdir/hadoop-ozone/integration-test/target/test-dir/MiniOzoneClusterImpl-08738c8b-c1fa-46e0-b7fe-0ffeb36e6730/datanode-3/data/ratis/ebda449e-b6c8-44bc-a0ea-537c26ea5bc3 for RaftStorage:Storage Directory /workdir/hadoop-ozone/integration-test/target/test-dir/MiniOzoneClusterImpl-08738c8b-c1fa-46e0-b7fe-0ffeb36e6730/datanode-3/data/ratis/ebda449e-b6c8-44bc-a0ea-537c26ea5bc3
2019-07-14 16:33:26,028 INFO  server.RaftServerConfigKeys (ConfUtils.java:logGet(43)) - raft.server.log.statemachine.data.sync.timeout.retry = -1 (default)
2019-07-14 16:33:26,028 INFO  segmented.SegmentedRaftLogWorker (SegmentedRaftLogWorker.java:<init>(172)) - new 87e0d44a-7661-4c4e-9766-d982f5879c7e-SegmentedRaftLogWorker:Storage Directory /workdir/hadoop-ozone/integration-test/target/test-dir/MiniOzoneClusterImpl-08738c8b-c1fa-46e0-b7fe-0ffeb36e6730/datanode-5/data/ratis/ebda449e-b6c8-44bc-a0ea-537c26ea5bc3 for RaftStorage:Storage Directory /workdir/hadoop-ozone/integration-test/target/test-dir/MiniOzoneClusterImpl-08738c8b-c1fa-46e0-b7fe-0ffeb36e6730/datanode-5/data/ratis/ebda449e-b6c8-44bc-a0ea-537c26ea5bc3
2019-07-14 16:33:26,028 INFO  server.RaftServerConfigKeys (ConfUtils.java:logGet(43)) - raft.server.log.statemachine.data.caching.enabled = true (custom)
2019-07-14 16:33:26,028 INFO  server.RaftServerConfigKeys (ConfUtils.java:logGet(43)) - raft.server.log.queue.byte-limit = 2147483647 (custom)
2019-07-14 16:33:26,029 INFO  segmented.SegmentedRaftLogWorker (SegmentedRaftLogWorker.java:lambda$new$0(132)) - 4dce4393-7fae-4871-828c-a5f0ee5dd363-SegmentedRaftLogWorker:Storage Directory /workdir/hadoop-ozone/integration-test/target/test-dir/MiniOzoneClusterImpl-08738c8b-c1fa-46e0-b7fe-0ffeb36e6730/datanode-4/data/ratis/ebda449e-b6c8-44bc-a0ea-537c26ea5bc3: flushIndex: setUnconditionally 0 -> -1
2019-07-14 16:33:26,029 INFO  server.RaftServerConfigKeys (ConfUtils.java:logGet(43)) - raft.server.log.queue.byte-limit = 2147483647 (custom)
2019-07-14 16:33:26,029 INFO  server.RaftServerConfigKeys (ConfUtils.java:logGet(43)) - raft.server.log.queue.element-limit = 1024 (custom)
2019-07-14 16:33:26,029 INFO  server.RaftServerConfigKeys (ConfUtils.java:logGet(43)) - raft.server.snapshot.auto.trigger.enabled = true (custom)
2019-07-14 16:33:26,029 INFO  server.RaftServerConfigKeys (ConfUtils.java:logGet(43)) - raft.server.log.queue.element-limit = 1024 (custom)
2019-07-14 16:33:26,030 INFO  server.RaftServerConfigKeys (ConfUtils.java:logGet(43)) - raft.server.snapshot.auto.trigger.threshold = 10000 (custom)
2019-07-14 16:33:26,029 INFO  server.RaftServerConfigKeys (ConfUtils.java:logGet(43)) - raft.server.log.segment.size.max = 1048576 (custom)
2019-07-14 16:33:26,030 INFO  server.RaftServerConfigKeys (ConfUtils.java:logGet(43)) - raft.server.retrycache.expirytime = 600000ms (custom)
2019-07-14 16:33:26,030 INFO  server.RaftServerConfigKeys (ConfUtils.java:logGet(43)) - raft.server.log.segment.size.max = 1048576 (custom)
2019-07-14 16:33:26,030 INFO  impl.RaftServerImpl (RaftServerImpl.java:start(180)) - 4dce4393-7fae-4871-828c-a5f0ee5dd363: start group-537C26EA5BC3
2019-07-14 16:33:26,030 INFO  server.RaftServerConfigKeys (ConfUtils.java:logGet(43)) - raft.server.log.preallocated.size = 16384 (custom)
2019-07-14 16:33:26,030 INFO  impl.RaftServerImpl (RaftServerImpl.java:setRole(171)) - 4dce4393-7fae-4871-828c-a5f0ee5dd363:group-537C26EA5BC3 changes role from null to FOLLOWER at term 0 for startAsFollower
2019-07-14 16:33:26,030 INFO  server.RaftServerConfigKeys (ConfUtils.java:logGet(43)) - raft.server.log.preallocated.size = 16384 (custom)
2019-07-14 16:33:26,031 INFO  impl.RoleInfo (RoleInfo.java:updateAndGet(143)) - 4dce4393-7fae-4871-828c-a5f0ee5dd363: start FollowerState
2019-07-14 16:33:26,031 INFO  server.RaftServerConfigKeys (ConfUtils.java:logGet(43)) - raft.server.log.write.buffer.size = 33554432 (custom)
2019-07-14 16:33:26,031 INFO  server.RaftServerConfigKeys (ConfUtils.java:logGet(43)) - raft.server.log.force.sync.num = 128 (default)
2019-07-14 16:33:26,031 INFO  server.RaftServerConfigKeys (ConfUtils.java:logGet(43)) - raft.server.log.write.buffer.size = 33554432 (custom)
2019-07-14 16:33:26,031 INFO  util.JmxRegister (JmxRegister.java:tryRegister(44)) - Successfully registered JMX Bean with object name Ratis:service=RaftServer,group=group-537C26EA5BC3,id=4dce4393-7fae-4871-828c-a5f0ee5dd363
2019-07-14 16:33:26,031 INFO  server.RaftServerConfigKeys (ConfUtils.java:logGet(43)) - raft.server.log.statemachine.data.sync = true (default)
2019-07-14 16:33:26,031 INFO  server.RaftServerConfigKeys (ConfUtils.java:logGet(43)) - raft.server.log.force.sync.num = 128 (default)
2019-07-14 16:33:26,032 INFO  server.RaftServerConfigKeys (ConfUtils.java:logGet(43)) - raft.server.log.statemachine.data.sync.timeout = 10s (default)
2019-07-14 16:33:26,032 INFO  server.RaftServerConfigKeys (ConfUtils.java:logGet(43)) - raft.server.log.statemachine.data.sync = true (default)
2019-07-14 16:33:26,032 INFO  server.RaftServerConfigKeys (ConfUtils.java:logGet(43)) - raft.server.log.statemachine.data.sync.timeout.retry = -1 (default)
2019-07-14 16:33:26,032 INFO  server.RaftServerConfigKeys (ConfUtils.java:logGet(43)) - raft.server.log.statemachine.data.sync.timeout = 10s (default)
2019-07-14 16:33:26,033 INFO  server.RaftServerConfigKeys (ConfUtils.java:logGet(43)) - raft.server.log.statemachine.data.caching.enabled = true (custom)
2019-07-14 16:33:26,033 INFO  server.RaftServerConfigKeys (ConfUtils.java:logGet(43)) - raft.server.log.statemachine.data.sync.timeout.retry = -1 (default)
2019-07-14 16:33:26,033 INFO  server.RaftServerConfigKeys (ConfUtils.java:logGet(43)) - raft.server.log.statemachine.data.caching.enabled = true (custom)
2019-07-14 16:33:26,033 INFO  segmented.SegmentedRaftLogWorker (SegmentedRaftLogWorker.java:lambda$new$0(132)) - 1e8381d4-e571-4076-8ec1-f519959dd3b0-SegmentedRaftLogWorker:Storage Directory /workdir/hadoop-ozone/integration-test/target/test-dir/MiniOzoneClusterImpl-08738c8b-c1fa-46e0-b7fe-0ffeb36e6730/datanode-3/data/ratis/ebda449e-b6c8-44bc-a0ea-537c26ea5bc3: flushIndex: setUnconditionally 0 -> -1
2019-07-14 16:33:26,033 INFO  segmented.SegmentedRaftLogWorker (SegmentedRaftLogWorker.java:lambda$new$0(132)) - 87e0d44a-7661-4c4e-9766-d982f5879c7e-SegmentedRaftLogWorker:Storage Directory /workdir/hadoop-ozone/integration-test/target/test-dir/MiniOzoneClusterImpl-08738c8b-c1fa-46e0-b7fe-0ffeb36e6730/datanode-5/data/ratis/ebda449e-b6c8-44bc-a0ea-537c26ea5bc3: flushIndex: setUnconditionally 0 -> -1
2019-07-14 16:33:26,034 INFO  server.RaftServerConfigKeys (ConfUtils.java:logGet(43)) - raft.server.snapshot.auto.trigger.enabled = true (custom)
2019-07-14 16:33:26,034 INFO  server.RaftServerConfigKeys (ConfUtils.java:logGet(43)) - raft.server.snapshot.auto.trigger.enabled = true (custom)
2019-07-14 16:33:26,034 INFO  server.RaftServerConfigKeys (ConfUtils.java:logGet(43)) - raft.server.snapshot.auto.trigger.threshold = 10000 (custom)
2019-07-14 16:33:26,034 INFO  server.RaftServerConfigKeys (ConfUtils.java:logGet(43)) - raft.server.snapshot.auto.trigger.threshold = 10000 (custom)
2019-07-14 16:33:26,034 INFO  server.RaftServerConfigKeys (ConfUtils.java:logGet(43)) - raft.server.retrycache.expirytime = 600000ms (custom)
2019-07-14 16:33:26,034 INFO  server.RaftServerConfigKeys (ConfUtils.java:logGet(43)) - raft.server.retrycache.expirytime = 600000ms (custom)
2019-07-14 16:33:26,034 INFO  impl.RaftServerImpl (RaftServerImpl.java:start(180)) - 87e0d44a-7661-4c4e-9766-d982f5879c7e: start group-537C26EA5BC3
2019-07-14 16:33:26,035 INFO  impl.RaftServerImpl (RaftServerImpl.java:start(180)) - 1e8381d4-e571-4076-8ec1-f519959dd3b0: start group-537C26EA5BC3
2019-07-14 16:33:26,035 INFO  impl.RaftServerImpl (RaftServerImpl.java:setRole(171)) - 87e0d44a-7661-4c4e-9766-d982f5879c7e:group-537C26EA5BC3 changes role from null to FOLLOWER at term 0 for startAsFollower
2019-07-14 16:33:26,035 INFO  impl.RaftServerImpl (RaftServerImpl.java:setRole(171)) - 1e8381d4-e571-4076-8ec1-f519959dd3b0:group-537C26EA5BC3 changes role from null to FOLLOWER at term 0 for startAsFollower
2019-07-14 16:33:26,035 INFO  impl.RoleInfo (RoleInfo.java:updateAndGet(143)) - 87e0d44a-7661-4c4e-9766-d982f5879c7e: start FollowerState
2019-07-14 16:33:26,035 INFO  impl.RoleInfo (RoleInfo.java:updateAndGet(143)) - 1e8381d4-e571-4076-8ec1-f519959dd3b0: start FollowerState
2019-07-14 16:33:26,035 INFO  util.JmxRegister (JmxRegister.java:tryRegister(44)) - Successfully registered JMX Bean with object name Ratis:service=RaftServer,group=group-537C26EA5BC3,id=87e0d44a-7661-4c4e-9766-d982f5879c7e
2019-07-14 16:33:26,036 INFO  util.JmxRegister (JmxRegister.java:tryRegister(44)) - Successfully registered JMX Bean with object name Ratis:service=RaftServer,group=group-537C26EA5BC3,id=1e8381d4-e571-4076-8ec1-f519959dd3b0
2019-07-14 16:33:26,038 INFO  pipeline.PipelineStateManager (PipelineStateManager.java:addPipeline(56)) - Created pipeline Pipeline[ Id: ebda449e-b6c8-44bc-a0ea-537c26ea5bc3, Nodes: 4dce4393-7fae-4871-828c-a5f0ee5dd363{ip: 192.168.69.77, host: pr-hdds-1710-5x6jb-1204890111, networkLocation: /default-rack, certSerialId: null}1e8381d4-e571-4076-8ec1-f519959dd3b0{ip: 192.168.69.77, host: pr-hdds-1710-5x6jb-1204890111, networkLocation: /default-rack, certSerialId: null}87e0d44a-7661-4c4e-9766-d982f5879c7e{ip: 192.168.69.77, host: pr-hdds-1710-5x6jb-1204890111, networkLocation: /default-rack, certSerialId: null}, Type:RATIS, Factor:THREE, State:OPEN]
2019-07-14 16:33:26,258 INFO  ozone.MiniOzoneClusterImpl (MiniOzoneClusterImpl.java:lambda$waitForClusterToBeReady$0(142)) - Waiting for cluster to be ready. Got 6 of 7 DN Heartbeats.
2019-07-14 16:33:26,261 INFO  node.SCMNodeManager (SCMNodeManager.java:register(269)) - Registered Data node : fb2a5e7d-4da2-4e0a-82af-c73b0c91fc3e{ip: 192.168.69.77, host: pr-hdds-1710-5x6jb-1204890111, networkLocation: /default-rack, certSerialId: null}
2019-07-14 16:33:26,269 INFO  impl.RaftServerProxy (RaftServerProxy.java:addNew(89)) - fb2a5e7d-4da2-4e0a-82af-c73b0c91fc3e: addNew group-8DF88A17972D:[fb2a5e7d-4da2-4e0a-82af-c73b0c91fc3e:192.168.69.77:42150] returns group-8DF88A17972D:java.util.concurrent.CompletableFuture@73d7c6dc[Not completed]
2019-07-14 16:33:26,270 INFO  impl.RaftServerImpl (RaftServerImpl.java:<init>(93)) - fb2a5e7d-4da2-4e0a-82af-c73b0c91fc3e: new RaftServerImpl for group-8DF88A17972D:[fb2a5e7d-4da2-4e0a-82af-c73b0c91fc3e:192.168.69.77:42150] with ContainerStateMachine:uninitialized
2019-07-14 16:33:26,271 INFO  server.RaftServerConfigKeys (ConfUtils.java:logGet(43)) - raft.server.rpc.timeout.min = 5s (custom)
2019-07-14 16:33:26,271 INFO  server.RaftServerConfigKeys (ConfUtils.java:logGet(43)) - raft.server.rpc.timeout.max = 5200ms (custom)
2019-07-14 16:33:26,271 INFO  server.RaftServerConfigKeys (ConfUtils.java:logGet(43)) - raft.server.rpcslowness.timeout = 120s (custom)
2019-07-14 16:33:26,271 INFO  server.RaftServerConfigKeys (ConfUtils.java:logGet(43)) - raft.server.sleep.deviation.threshold = 300 (default)
2019-07-14 16:33:26,271 INFO  server.RaftServerConfigKeys (ConfUtils.java:logGet(43)) - raft.server.log.appender.install.snapshot.enabled = false (custom)
2019-07-14 16:33:26,271 INFO  impl.RaftServerImpl (ServerState.java:<init>(105)) - fb2a5e7d-4da2-4e0a-82af-c73b0c91fc3e:group-8DF88A17972D ConfigurationManager, init=-1: [fb2a5e7d-4da2-4e0a-82af-c73b0c91fc3e:192.168.69.77:42150], old=null, confs=<EMPTY_MAP>
2019-07-14 16:33:26,271 INFO  server.RaftServerConfigKeys (ConfUtils.java:logGet(43)) - raft.server.storage.dir = [/workdir/hadoop-ozone/integration-test/target/test-dir/MiniOzoneClusterImpl-08738c8b-c1fa-46e0-b7fe-0ffeb36e6730/datanode-6/data/ratis] (custom)
2019-07-14 16:33:26,272 INFO  storage.RaftStorageDirectory (RaftStorageDirectory.java:analyzeStorage(246)) - The storage directory /workdir/hadoop-ozone/integration-test/target/test-dir/MiniOzoneClusterImpl-08738c8b-c1fa-46e0-b7fe-0ffeb36e6730/datanode-6/data/ratis/12276977-e53d-46d1-a617-8df88a17972d does not exist. Creating ...
2019-07-14 16:33:26,286 INFO  storage.RaftStorageDirectory (RaftStorageDirectory.java:tryLock(328)) - Lock on /workdir/hadoop-ozone/integration-test/target/test-dir/MiniOzoneClusterImpl-08738c8b-c1fa-46e0-b7fe-0ffeb36e6730/datanode-6/data/ratis/12276977-e53d-46d1-a617-8df88a17972d/in_use.lock acquired by nodename 13169@pr-hdds-1710-5x6jb-1204890111
2019-07-14 16:33:26,299 INFO  storage.RaftStorage (RaftStorage.java:format(72)) - Storage directory /workdir/hadoop-ozone/integration-test/target/test-dir/MiniOzoneClusterImpl-08738c8b-c1fa-46e0-b7fe-0ffeb36e6730/datanode-6/data/ratis/12276977-e53d-46d1-a617-8df88a17972d has been successfully formatted.
2019-07-14 16:33:26,299 INFO  ratis.ContainerStateMachine (ContainerStateMachine.java:loadSnapshot(200)) - The snapshot info is null.Setting the last applied index to:(t:0, i:~)
2019-07-14 16:33:26,300 INFO  server.RaftServerConfigKeys (ConfUtils.java:logGet(43)) - raft.server.leader.election.timeout = 120s (custom)
2019-07-14 16:33:26,300 INFO  server.RaftServerConfigKeys (ConfUtils.java:logGet(43)) - raft.server.log.use.memory = false (default)
2019-07-14 16:33:26,300 INFO  server.RaftServerConfigKeys (ConfUtils.java:logGet(43)) - raft.server.log.purge.gap = 1000000000 (custom)
2019-07-14 16:33:26,300 INFO  server.RaftServerConfigKeys (ConfUtils.java:logGet(43)) - raft.server.log.appender.buffer.byte-limit = 33554432 (custom)
2019-07-14 16:33:26,300 INFO  server.RaftServerConfigKeys (ConfUtils.java:logGet(43)) - raft.server.log.segment.size.max = 1048576 (custom)
2019-07-14 16:33:26,300 INFO  server.RaftServerConfigKeys (ConfUtils.java:logGet(43)) - raft.server.log.segment.cache.num.max = 2 (custom)
2019-07-14 16:33:26,301 INFO  segmented.SegmentedRaftLogWorker (SegmentedRaftLogWorker.java:<init>(172)) - new fb2a5e7d-4da2-4e0a-82af-c73b0c91fc3e-SegmentedRaftLogWorker:Storage Directory /workdir/hadoop-ozone/integration-test/target/test-dir/MiniOzoneClusterImpl-08738c8b-c1fa-46e0-b7fe-0ffeb36e6730/datanode-6/data/ratis/12276977-e53d-46d1-a617-8df88a17972d for RaftStorage:Storage Directory /workdir/hadoop-ozone/integration-test/target/test-dir/MiniOzoneClusterImpl-08738c8b-c1fa-46e0-b7fe-0ffeb36e6730/datanode-6/data/ratis/12276977-e53d-46d1-a617-8df88a17972d
2019-07-14 16:33:26,301 INFO  server.RaftServerConfigKeys (ConfUtils.java:logGet(43)) - raft.server.log.queue.byte-limit = 2147483647 (custom)
2019-07-14 16:33:26,301 INFO  server.RaftServerConfigKeys (ConfUtils.java:logGet(43)) - raft.server.log.queue.element-limit = 1024 (custom)
2019-07-14 16:33:26,301 INFO  server.RaftServerConfigKeys (ConfUtils.java:logGet(43)) - raft.server.log.segment.size.max = 1048576 (custom)
2019-07-14 16:33:26,301 INFO  server.RaftServerConfigKeys (ConfUtils.java:logGet(43)) - raft.server.log.preallocated.size = 16384 (custom)
2019-07-14 16:33:26,301 INFO  server.RaftServerConfigKeys (ConfUtils.java:logGet(43)) - raft.server.log.write.buffer.size = 33554432 (custom)
2019-07-14 16:33:26,302 INFO  server.RaftServerConfigKeys (ConfUtils.java:logGet(43)) - raft.server.log.force.sync.num = 128 (default)
2019-07-14 16:33:26,302 INFO  server.RaftServerConfigKeys (ConfUtils.java:logGet(43)) - raft.server.log.statemachine.data.sync = true (default)
2019-07-14 16:33:26,302 INFO  server.RaftServerConfigKeys (ConfUtils.java:logGet(43)) - raft.server.log.statemachine.data.sync.timeout = 10s (default)
2019-07-14 16:33:26,302 INFO  server.RaftServerConfigKeys (ConfUtils.java:logGet(43)) - raft.server.log.statemachine.data.sync.timeout.retry = -1 (default)
2019-07-14 16:33:26,302 INFO  server.RaftServerConfigKeys (ConfUtils.java:logGet(43)) - raft.server.log.statemachine.data.caching.enabled = true (custom)
2019-07-14 16:33:26,303 INFO  segmented.SegmentedRaftLogWorker (SegmentedRaftLogWorker.java:lambda$new$0(132)) - fb2a5e7d-4da2-4e0a-82af-c73b0c91fc3e-SegmentedRaftLogWorker:Storage Directory /workdir/hadoop-ozone/integration-test/target/test-dir/MiniOzoneClusterImpl-08738c8b-c1fa-46e0-b7fe-0ffeb36e6730/datanode-6/data/ratis/12276977-e53d-46d1-a617-8df88a17972d: flushIndex: setUnconditionally 0 -> -1
2019-07-14 16:33:26,303 INFO  server.RaftServerConfigKeys (ConfUtils.java:logGet(43)) - raft.server.snapshot.auto.trigger.enabled = true (custom)
2019-07-14 16:33:26,303 INFO  server.RaftServerConfigKeys (ConfUtils.java:logGet(43)) - raft.server.snapshot.auto.trigger.threshold = 10000 (custom)
2019-07-14 16:33:26,303 INFO  server.RaftServerConfigKeys (ConfUtils.java:logGet(43)) - raft.server.retrycache.expirytime = 600000ms (custom)
2019-07-14 16:33:26,304 INFO  impl.RaftServerImpl (RaftServerImpl.java:start(180)) - fb2a5e7d-4da2-4e0a-82af-c73b0c91fc3e: start group-8DF88A17972D
2019-07-14 16:33:26,304 INFO  impl.RaftServerImpl (RaftServerImpl.java:setRole(171)) - fb2a5e7d-4da2-4e0a-82af-c73b0c91fc3e:group-8DF88A17972D changes role from null to FOLLOWER at term 0 for startAsFollower
2019-07-14 16:33:26,304 INFO  impl.RoleInfo (RoleInfo.java:updateAndGet(143)) - fb2a5e7d-4da2-4e0a-82af-c73b0c91fc3e: start FollowerState
2019-07-14 16:33:26,304 INFO  util.JmxRegister (JmxRegister.java:tryRegister(44)) - Successfully registered JMX Bean with object name Ratis:service=RaftServer,group=group-8DF88A17972D,id=fb2a5e7d-4da2-4e0a-82af-c73b0c91fc3e
2019-07-14 16:33:26,307 INFO  pipeline.PipelineStateManager (PipelineStateManager.java:addPipeline(56)) - Created pipeline Pipeline[ Id: 12276977-e53d-46d1-a617-8df88a17972d, Nodes: fb2a5e7d-4da2-4e0a-82af-c73b0c91fc3e{ip: 192.168.69.77, host: pr-hdds-1710-5x6jb-1204890111, networkLocation: /default-rack, certSerialId: null}, Type:RATIS, Factor:ONE, State:OPEN]
2019-07-14 16:33:27,259 INFO  ozone.MiniOzoneClusterImpl (MiniOzoneClusterImpl.java:lambda$waitForClusterToBeReady$0(142)) - Cluster is ready. Got 7 of 7 DN Heartbeats.
2019-07-14 16:33:27,319 INFO  rpc.RpcClient (RpcClient.java:createVolume(287)) - Creating Volume: testblockoutputstream, with jenkins1000 as owner.
2019-07-14 16:33:27,336 INFO  rpc.RpcClient (RpcClient.java:createBucket(424)) - Creating Bucket: testblockoutputstream/testblockoutputstream, with Versioning false and Storage Type set to DISK and Encryption set to false 
2019-07-14 16:33:27,366 INFO  client.GrpcClientProtocolClient (GrpcClientProtocolClient.java:onNext(255)) - client-36B41D9B8F91->4dce4393-7fae-4871-828c-a5f0ee5dd363: receive RaftClientReply:client-36B41D9B8F91->4dce4393-7fae-4871-828c-a5f0ee5dd363@group-537C26EA5BC3, cid=235, FAILED org.apache.ratis.protocol.NotLeaderException: Server 4dce4393-7fae-4871-828c-a5f0ee5dd363 is not the leader (null). Request must be sent to leader., logIndex=0, commits[4dce4393-7fae-4871-828c-a5f0ee5dd363:c-1]
2019-07-14 16:33:28,060 INFO  container.ReplicationManager (ReplicationManager.java:start(155)) - Starting Replication Monitor Thread.
2019-07-14 16:33:28,065 INFO  container.ReplicationManager (ReplicationManager.java:run(207)) - Replication Monitor Thread took 0 milliseconds for processing 1 containers.
2019-07-14 16:33:28,383 INFO  client.GrpcClientProtocolClient (GrpcClientProtocolClient.java:onNext(255)) - client-36B41D9B8F91->1e8381d4-e571-4076-8ec1-f519959dd3b0: receive RaftClientReply:client-36B41D9B8F91->1e8381d4-e571-4076-8ec1-f519959dd3b0@group-537C26EA5BC3, cid=235, FAILED org.apache.ratis.protocol.NotLeaderException: Server 1e8381d4-e571-4076-8ec1-f519959dd3b0 is not the leader (null). Request must be sent to leader., logIndex=0, commits[1e8381d4-e571-4076-8ec1-f519959dd3b0:c-1]
2019-07-14 16:33:29,396 INFO  client.GrpcClientProtocolClient (GrpcClientProtocolClient.java:onNext(255)) - client-36B41D9B8F91->87e0d44a-7661-4c4e-9766-d982f5879c7e: receive RaftClientReply:client-36B41D9B8F91->87e0d44a-7661-4c4e-9766-d982f5879c7e@group-537C26EA5BC3, cid=235, FAILED org.apache.ratis.protocol.NotLeaderException: Server 87e0d44a-7661-4c4e-9766-d982f5879c7e is not the leader (null). Request must be sent to leader., logIndex=0, commits[87e0d44a-7661-4c4e-9766-d982f5879c7e:c-1]
2019-07-14 16:33:30,249 INFO  impl.FollowerState (FollowerState.java:run(106)) - b78ff834-b5d5-4deb-95f9-4a167141af01:group-4D4ED83C6D87 changes to CANDIDATE, lastRpcTime:5141, electionTimeout:5141ms
2019-07-14 16:33:30,249 INFO  impl.RoleInfo (RoleInfo.java:shutdownFollowerState(121)) - b78ff834-b5d5-4deb-95f9-4a167141af01: shutdown FollowerState
2019-07-14 16:33:30,249 INFO  impl.RaftServerImpl (RaftServerImpl.java:setRole(171)) - b78ff834-b5d5-4deb-95f9-4a167141af01:group-4D4ED83C6D87 changes role from FOLLOWER to CANDIDATE at term 0 for changeToCandidate
2019-07-14 16:33:30,250 INFO  impl.RoleInfo (RoleInfo.java:updateAndGet(143)) - b78ff834-b5d5-4deb-95f9-4a167141af01: start LeaderElection
2019-07-14 16:33:30,273 INFO  impl.LeaderElection (LeaderElection.java:askForVotes(181)) - b78ff834-b5d5-4deb-95f9-4a167141af01:group-4D4ED83C6D87:LeaderElection86: begin an election at term 1 for -1: [b78ff834-b5d5-4deb-95f9-4a167141af01:192.168.69.77:35917], old=null
2019-07-14 16:33:30,273 INFO  impl.RoleInfo (RoleInfo.java:shutdownLeaderElection(134)) - b78ff834-b5d5-4deb-95f9-4a167141af01: shutdown LeaderElection
2019-07-14 16:33:30,273 INFO  impl.RaftServerImpl (RaftServerImpl.java:setRole(171)) - b78ff834-b5d5-4deb-95f9-4a167141af01:group-4D4ED83C6D87 changes role from CANDIDATE to LEADER at term 1 for changeToLeader
2019-07-14 16:33:30,273 INFO  impl.RaftServerImpl (ServerState.java:setLeader(263)) - b78ff834-b5d5-4deb-95f9-4a167141af01:group-4D4ED83C6D87 change Leader from null to b78ff834-b5d5-4deb-95f9-4a167141af01 at term 1 for becomeLeader, leader elected after 5170ms
2019-07-14 16:33:30,276 INFO  server.RaftServerConfigKeys (ConfUtils.java:logGet(43)) - raft.server.staging.catchup.gap = 1000 (default)
2019-07-14 16:33:30,276 INFO  server.RaftServerConfigKeys (ConfUtils.java:logGet(43)) - raft.server.rpc.sleep.time = 25ms (default)
2019-07-14 16:33:30,276 INFO  server.RaftServerConfigKeys (ConfUtils.java:logGet(43)) - raft.server.write.element-limit = 4096 (default)
2019-07-14 16:33:30,277 INFO  server.RaftServerConfigKeys (ConfUtils.java:logGet(43)) - raft.server.watch.timeout = 10s (default)
2019-07-14 16:33:30,277 INFO  server.RaftServerConfigKeys (ConfUtils.java:logGet(43)) - raft.server.watch.timeout.denomination = 1s (default)
2019-07-14 16:33:30,277 INFO  server.RaftServerConfigKeys (ConfUtils.java:logGet(43)) - raft.server.watch.element-limit = 65536 (default)
2019-07-14 16:33:30,277 INFO  impl.RoleInfo (RoleInfo.java:updateAndGet(143)) - b78ff834-b5d5-4deb-95f9-4a167141af01: start LeaderState
2019-07-14 16:33:30,277 INFO  segmented.SegmentedRaftLogWorker (SegmentedRaftLogWorker.java:startLogSegment(380)) - b78ff834-b5d5-4deb-95f9-4a167141af01-SegmentedRaftLogWorker:Storage Directory /workdir/hadoop-ozone/integration-test/target/test-dir/MiniOzoneClusterImpl-08738c8b-c1fa-46e0-b7fe-0ffeb36e6730/datanode-0/data/ratis/87b2d50c-f27c-4951-bac5-4d4ed83c6d87: Starting segment from index:0
2019-07-14 16:33:30,278 INFO  impl.RaftServerImpl (ServerState.java:setRaftConf(361)) - b78ff834-b5d5-4deb-95f9-4a167141af01:group-4D4ED83C6D87 set configuration 0: [b78ff834-b5d5-4deb-95f9-4a167141af01:192.168.69.77:35917], old=null at 0
2019-07-14 16:33:30,300 INFO  segmented.SegmentedRaftLogWorker (SegmentedRaftLogWorker.java:execute(569)) - b78ff834-b5d5-4deb-95f9-4a167141af01-SegmentedRaftLogWorker:Storage Directory /workdir/hadoop-ozone/integration-test/target/test-dir/MiniOzoneClusterImpl-08738c8b-c1fa-46e0-b7fe-0ffeb36e6730/datanode-0/data/ratis/87b2d50c-f27c-4951-bac5-4d4ed83c6d87: created new log segment /workdir/hadoop-ozone/integration-test/target/test-dir/MiniOzoneClusterImpl-08738c8b-c1fa-46e0-b7fe-0ffeb36e6730/datanode-0/data/ratis/87b2d50c-f27c-4951-bac5-4d4ed83c6d87/current/log_inprogress_0
2019-07-14 16:33:30,354 INFO  impl.FollowerState (FollowerState.java:run(106)) - 472ad2ac-a58f-4509-9846-5e41ad7cd623:group-28AFEC8646C1 changes to CANDIDATE, lastRpcTime:5058, electionTimeout:5058ms
2019-07-14 16:33:30,354 INFO  impl.RoleInfo (RoleInfo.java:shutdownFollowerState(121)) - 472ad2ac-a58f-4509-9846-5e41ad7cd623: shutdown FollowerState
2019-07-14 16:33:30,354 INFO  impl.RaftServerImpl (RaftServerImpl.java:setRole(171)) - 472ad2ac-a58f-4509-9846-5e41ad7cd623:group-28AFEC8646C1 changes role from FOLLOWER to CANDIDATE at term 0 for changeToCandidate
2019-07-14 16:33:30,354 INFO  impl.RoleInfo (RoleInfo.java:updateAndGet(143)) - 472ad2ac-a58f-4509-9846-5e41ad7cd623: start LeaderElection
2019-07-14 16:33:30,375 INFO  impl.LeaderElection (LeaderElection.java:askForVotes(181)) - 472ad2ac-a58f-4509-9846-5e41ad7cd623:group-28AFEC8646C1:LeaderElection87: begin an election at term 1 for -1: [472ad2ac-a58f-4509-9846-5e41ad7cd623:192.168.69.77:35732], old=null
2019-07-14 16:33:30,375 INFO  impl.RoleInfo (RoleInfo.java:shutdownLeaderElection(134)) - 472ad2ac-a58f-4509-9846-5e41ad7cd623: shutdown LeaderElection
2019-07-14 16:33:30,375 INFO  impl.RaftServerImpl (RaftServerImpl.java:setRole(171)) - 472ad2ac-a58f-4509-9846-5e41ad7cd623:group-28AFEC8646C1 changes role from CANDIDATE to LEADER at term 1 for changeToLeader
2019-07-14 16:33:30,375 INFO  impl.RaftServerImpl (ServerState.java:setLeader(263)) - 472ad2ac-a58f-4509-9846-5e41ad7cd623:group-28AFEC8646C1 change Leader from null to 472ad2ac-a58f-4509-9846-5e41ad7cd623 at term 1 for becomeLeader, leader elected after 5084ms
2019-07-14 16:33:30,378 INFO  server.RaftServerConfigKeys (ConfUtils.java:logGet(43)) - raft.server.staging.catchup.gap = 1000 (default)
2019-07-14 16:33:30,378 INFO  server.RaftServerConfigKeys (ConfUtils.java:logGet(43)) - raft.server.rpc.sleep.time = 25ms (default)
2019-07-14 16:33:30,378 INFO  server.RaftServerConfigKeys (ConfUtils.java:logGet(43)) - raft.server.write.element-limit = 4096 (default)
2019-07-14 16:33:30,378 INFO  server.RaftServerConfigKeys (ConfUtils.java:logGet(43)) - raft.server.watch.timeout = 10s (default)
2019-07-14 16:33:30,379 INFO  server.RaftServerConfigKeys (ConfUtils.java:logGet(43)) - raft.server.watch.timeout.denomination = 1s (default)
2019-07-14 16:33:30,379 INFO  server.RaftServerConfigKeys (ConfUtils.java:logGet(43)) - raft.server.watch.element-limit = 65536 (default)
2019-07-14 16:33:30,379 INFO  impl.RoleInfo (RoleInfo.java:updateAndGet(143)) - 472ad2ac-a58f-4509-9846-5e41ad7cd623: start LeaderState
2019-07-14 16:33:30,379 INFO  segmented.SegmentedRaftLogWorker (SegmentedRaftLogWorker.java:startLogSegment(380)) - 472ad2ac-a58f-4509-9846-5e41ad7cd623-SegmentedRaftLogWorker:Storage Directory /workdir/hadoop-ozone/integration-test/target/test-dir/MiniOzoneClusterImpl-08738c8b-c1fa-46e0-b7fe-0ffeb36e6730/datanode-1/data/ratis/f1f46fa8-3058-4c24-bc1d-28afec8646c1: Starting segment from index:0
2019-07-14 16:33:30,380 INFO  impl.RaftServerImpl (ServerState.java:setRaftConf(361)) - 472ad2ac-a58f-4509-9846-5e41ad7cd623:group-28AFEC8646C1 set configuration 0: [472ad2ac-a58f-4509-9846-5e41ad7cd623:192.168.69.77:35732], old=null at 0
2019-07-14 16:33:30,404 INFO  segmented.SegmentedRaftLogWorker (SegmentedRaftLogWorker.java:execute(569)) - 472ad2ac-a58f-4509-9846-5e41ad7cd623-SegmentedRaftLogWorker:Storage Directory /workdir/hadoop-ozone/integration-test/target/test-dir/MiniOzoneClusterImpl-08738c8b-c1fa-46e0-b7fe-0ffeb36e6730/datanode-1/data/ratis/f1f46fa8-3058-4c24-bc1d-28afec8646c1: created new log segment /workdir/hadoop-ozone/integration-test/target/test-dir/MiniOzoneClusterImpl-08738c8b-c1fa-46e0-b7fe-0ffeb36e6730/datanode-1/data/ratis/f1f46fa8-3058-4c24-bc1d-28afec8646c1/current/log_inprogress_0
2019-07-14 16:33:30,404 INFO  client.GrpcClientProtocolClient (GrpcClientProtocolClient.java:onNext(255)) - client-36B41D9B8F91->4dce4393-7fae-4871-828c-a5f0ee5dd363: receive RaftClientReply:client-36B41D9B8F91->4dce4393-7fae-4871-828c-a5f0ee5dd363@group-537C26EA5BC3, cid=235, FAILED org.apache.ratis.protocol.NotLeaderException: Server 4dce4393-7fae-4871-828c-a5f0ee5dd363 is not the leader (null). Request must be sent to leader., logIndex=0, commits[4dce4393-7fae-4871-828c-a5f0ee5dd363:c-1]
2019-07-14 16:33:30,545 INFO  impl.FollowerState (FollowerState.java:run(106)) - b78ff834-b5d5-4deb-95f9-4a167141af01:group-3CD224F69905 changes to CANDIDATE, lastRpcTime:5048, electionTimeout:5048ms
2019-07-14 16:33:30,545 INFO  impl.RoleInfo (RoleInfo.java:shutdownFollowerState(121)) - b78ff834-b5d5-4deb-95f9-4a167141af01: shutdown FollowerState
2019-07-14 16:33:30,545 INFO  impl.RaftServerImpl (RaftServerImpl.java:setRole(171)) - b78ff834-b5d5-4deb-95f9-4a167141af01:group-3CD224F69905 changes role from FOLLOWER to CANDIDATE at term 0 for changeToCandidate
2019-07-14 16:33:30,545 INFO  impl.RoleInfo (RoleInfo.java:updateAndGet(143)) - b78ff834-b5d5-4deb-95f9-4a167141af01: start LeaderElection
2019-07-14 16:33:30,564 INFO  impl.LeaderElection (LeaderElection.java:askForVotes(181)) - b78ff834-b5d5-4deb-95f9-4a167141af01:group-3CD224F69905:LeaderElection88: begin an election at term 1 for -1: [472ad2ac-a58f-4509-9846-5e41ad7cd623:192.168.69.77:35732, b78ff834-b5d5-4deb-95f9-4a167141af01:192.168.69.77:35917, 3e0cbe12-980e-4522-a295-ddb62eab7be9:192.168.69.77:35416], old=null
2019-07-14 16:33:30,578 INFO  impl.RaftServerImpl (RaftServerImpl.java:setRole(171)) - 3e0cbe12-980e-4522-a295-ddb62eab7be9:group-3CD224F69905 changes role from FOLLOWER to FOLLOWER at term 1 for recognizeCandidate:b78ff834-b5d5-4deb-95f9-4a167141af01
2019-07-14 16:33:30,578 INFO  impl.RaftServerImpl (RaftServerImpl.java:setRole(171)) - 472ad2ac-a58f-4509-9846-5e41ad7cd623:group-3CD224F69905 changes role from FOLLOWER to FOLLOWER at term 1 for recognizeCandidate:b78ff834-b5d5-4deb-95f9-4a167141af01
2019-07-14 16:33:30,579 INFO  impl.RoleInfo (RoleInfo.java:shutdownFollowerState(121)) - 3e0cbe12-980e-4522-a295-ddb62eab7be9: shutdown FollowerState
2019-07-14 16:33:30,579 INFO  impl.RoleInfo (RoleInfo.java:shutdownFollowerState(121)) - 472ad2ac-a58f-4509-9846-5e41ad7cd623: shutdown FollowerState
2019-07-14 16:33:30,579 INFO  impl.FollowerState (FollowerState.java:run(114)) - 3e0cbe12-980e-4522-a295-ddb62eab7be9: FollowerState was interrupted: java.lang.InterruptedException: sleep interrupted
2019-07-14 16:33:30,579 INFO  impl.RoleInfo (RoleInfo.java:updateAndGet(143)) - 3e0cbe12-980e-4522-a295-ddb62eab7be9: start FollowerState
2019-07-14 16:33:30,582 INFO  impl.FollowerState (FollowerState.java:run(114)) - 472ad2ac-a58f-4509-9846-5e41ad7cd623: FollowerState was interrupted: java.lang.InterruptedException: sleep interrupted
2019-07-14 16:33:30,579 INFO  impl.RoleInfo (RoleInfo.java:updateAndGet(143)) - 472ad2ac-a58f-4509-9846-5e41ad7cd623: start FollowerState
2019-07-14 16:33:30,600 INFO  impl.LeaderElection (LeaderElection.java:logAndReturn(56)) - b78ff834-b5d5-4deb-95f9-4a167141af01:group-3CD224F69905:LeaderElection88: Election PASSED; received 1 response(s) [b78ff834-b5d5-4deb-95f9-4a167141af01<-472ad2ac-a58f-4509-9846-5e41ad7cd623#0:OK-t1] and 0 exception(s); b78ff834-b5d5-4deb-95f9-4a167141af01:t1, leader=null, voted=b78ff834-b5d5-4deb-95f9-4a167141af01, raftlog=b78ff834-b5d5-4deb-95f9-4a167141af01-SegmentedRaftLog:OPENED:c-1,f-1,i0, conf=-1: [472ad2ac-a58f-4509-9846-5e41ad7cd623:192.168.69.77:35732, b78ff834-b5d5-4deb-95f9-4a167141af01:192.168.69.77:35917, 3e0cbe12-980e-4522-a295-ddb62eab7be9:192.168.69.77:35416], old=null
2019-07-14 16:33:30,600 INFO  impl.RoleInfo (RoleInfo.java:shutdownLeaderElection(134)) - b78ff834-b5d5-4deb-95f9-4a167141af01: shutdown LeaderElection
2019-07-14 16:33:30,600 INFO  impl.RaftServerImpl (RaftServerImpl.java:setRole(171)) - b78ff834-b5d5-4deb-95f9-4a167141af01:group-3CD224F69905 changes role from CANDIDATE to LEADER at term 1 for changeToLeader
2019-07-14 16:33:30,600 INFO  impl.RaftServerImpl (ServerState.java:setLeader(263)) - b78ff834-b5d5-4deb-95f9-4a167141af01:group-3CD224F69905 change Leader from null to b78ff834-b5d5-4deb-95f9-4a167141af01 at term 1 for becomeLeader, leader elected after 5110ms
2019-07-14 16:33:30,600 INFO  server.RaftServerConfigKeys (ConfUtils.java:logGet(43)) - raft.server.staging.catchup.gap = 1000 (default)
2019-07-14 16:33:30,600 INFO  server.RaftServerConfigKeys (ConfUtils.java:logGet(43)) - raft.server.rpc.sleep.time = 25ms (default)
2019-07-14 16:33:30,601 INFO  server.RaftServerConfigKeys (ConfUtils.java:logGet(43)) - raft.server.write.element-limit = 4096 (default)
2019-07-14 16:33:30,601 INFO  server.RaftServerConfigKeys (ConfUtils.java:logGet(43)) - raft.server.watch.timeout = 10s (default)
2019-07-14 16:33:30,601 INFO  server.RaftServerConfigKeys (ConfUtils.java:logGet(43)) - raft.server.watch.timeout.denomination = 1s (default)
2019-07-14 16:33:30,601 INFO  server.RaftServerConfigKeys (ConfUtils.java:logGet(43)) - raft.server.watch.element-limit = 65536 (default)
2019-07-14 16:33:30,602 INFO  server.RaftServerConfigKeys (ConfUtils.java:logGet(43)) - raft.server.log.appender.snapshot.chunk.size.max = 16MB (=16777216) (default)
2019-07-14 16:33:30,602 INFO  server.RaftServerConfigKeys (ConfUtils.java:logGet(43)) - raft.server.log.appender.buffer.byte-limit = 33554432 (custom)
2019-07-14 16:33:30,603 INFO  server.RaftServerConfigKeys (ConfUtils.java:logGet(43)) - raft.server.log.appender.buffer.element-limit = 1 (custom)
2019-07-14 16:33:30,603 INFO  grpc.GrpcConfigKeys$Server (ConfUtils.java:logGet(43)) - raft.grpc.server.leader.outstanding.appends.max = 128 (default)
2019-07-14 16:33:30,603 INFO  server.RaftServerConfigKeys (ConfUtils.java:logGet(43)) - raft.server.rpc.request.timeout = 3000ms (default)
2019-07-14 16:33:30,603 INFO  server.RaftServerConfigKeys (ConfUtils.java:logGet(43)) - raft.server.log.appender.install.snapshot.enabled = false (custom)
2019-07-14 16:33:30,604 INFO  server.RaftServerConfigKeys (ConfUtils.java:logGet(43)) - raft.server.log.appender.snapshot.chunk.size.max = 16MB (=16777216) (default)
2019-07-14 16:33:30,604 INFO  server.RaftServerConfigKeys (ConfUtils.java:logGet(43)) - raft.server.log.appender.buffer.byte-limit = 33554432 (custom)
2019-07-14 16:33:30,604 INFO  server.RaftServerConfigKeys (ConfUtils.java:logGet(43)) - raft.server.log.appender.buffer.element-limit = 1 (custom)
2019-07-14 16:33:30,604 INFO  grpc.GrpcConfigKeys$Server (ConfUtils.java:logGet(43)) - raft.grpc.server.leader.outstanding.appends.max = 128 (default)
2019-07-14 16:33:30,604 INFO  server.RaftServerConfigKeys (ConfUtils.java:logGet(43)) - raft.server.rpc.request.timeout = 3000ms (default)
2019-07-14 16:33:30,604 INFO  server.RaftServerConfigKeys (ConfUtils.java:logGet(43)) - raft.server.log.appender.install.snapshot.enabled = false (custom)
2019-07-14 16:33:30,605 INFO  impl.RoleInfo (RoleInfo.java:updateAndGet(143)) - b78ff834-b5d5-4deb-95f9-4a167141af01: start LeaderState
2019-07-14 16:33:30,605 INFO  segmented.SegmentedRaftLogWorker (SegmentedRaftLogWorker.java:startLogSegment(380)) - b78ff834-b5d5-4deb-95f9-4a167141af01-SegmentedRaftLogWorker:Storage Directory /workdir/hadoop-ozone/integration-test/target/test-dir/MiniOzoneClusterImpl-08738c8b-c1fa-46e0-b7fe-0ffeb36e6730/datanode-0/data/ratis/db90ecc0-9775-4adf-9687-3cd224f69905: Starting segment from index:0
2019-07-14 16:33:30,606 INFO  impl.FollowerState (FollowerState.java:run(106)) - 3e0cbe12-980e-4522-a295-ddb62eab7be9:group-87254F4EBDBF changes to CANDIDATE, lastRpcTime:5165, electionTimeout:5165ms
2019-07-14 16:33:30,606 INFO  impl.RoleInfo (RoleInfo.java:shutdownFollowerState(121)) - 3e0cbe12-980e-4522-a295-ddb62eab7be9: shutdown FollowerState
2019-07-14 16:33:30,606 INFO  impl.RaftServerImpl (RaftServerImpl.java:setRole(171)) - 3e0cbe12-980e-4522-a295-ddb62eab7be9:group-87254F4EBDBF changes role from FOLLOWER to CANDIDATE at term 0 for changeToCandidate
2019-07-14 16:33:30,606 INFO  impl.RoleInfo (RoleInfo.java:updateAndGet(143)) - 3e0cbe12-980e-4522-a295-ddb62eab7be9: start LeaderElection
2019-07-14 16:33:30,630 INFO  impl.RaftServerImpl (ServerState.java:setRaftConf(361)) - b78ff834-b5d5-4deb-95f9-4a167141af01:group-3CD224F69905 set configuration 0: [472ad2ac-a58f-4509-9846-5e41ad7cd623:192.168.69.77:35732, b78ff834-b5d5-4deb-95f9-4a167141af01:192.168.69.77:35917, 3e0cbe12-980e-4522-a295-ddb62eab7be9:192.168.69.77:35416], old=null at 0
2019-07-14 16:33:30,637 INFO  impl.RaftServerImpl (ServerState.java:setLeader(263)) - 472ad2ac-a58f-4509-9846-5e41ad7cd623:group-3CD224F69905 change Leader from null to b78ff834-b5d5-4deb-95f9-4a167141af01 at term 1 for appendEntries, leader elected after 5148ms
2019-07-14 16:33:30,637 INFO  impl.RaftServerImpl (ServerState.java:setLeader(263)) - 3e0cbe12-980e-4522-a295-ddb62eab7be9:group-3CD224F69905 change Leader from null to b78ff834-b5d5-4deb-95f9-4a167141af01 at term 1 for appendEntries, leader elected after 5147ms
2019-07-14 16:33:30,640 INFO  impl.RaftServerImpl (ServerState.java:setRaftConf(361)) - 472ad2ac-a58f-4509-9846-5e41ad7cd623:group-3CD224F69905 set configuration 0: [472ad2ac-a58f-4509-9846-5e41ad7cd623:192.168.69.77:35732, b78ff834-b5d5-4deb-95f9-4a167141af01:192.168.69.77:35917, 3e0cbe12-980e-4522-a295-ddb62eab7be9:192.168.69.77:35416], old=null at 0
2019-07-14 16:33:30,640 INFO  impl.RaftServerImpl (ServerState.java:setRaftConf(361)) - 3e0cbe12-980e-4522-a295-ddb62eab7be9:group-3CD224F69905 set configuration 0: [472ad2ac-a58f-4509-9846-5e41ad7cd623:192.168.69.77:35732, b78ff834-b5d5-4deb-95f9-4a167141af01:192.168.69.77:35917, 3e0cbe12-980e-4522-a295-ddb62eab7be9:192.168.69.77:35416], old=null at 0
2019-07-14 16:33:30,640 INFO  segmented.SegmentedRaftLogWorker (SegmentedRaftLogWorker.java:startLogSegment(380)) - 472ad2ac-a58f-4509-9846-5e41ad7cd623-SegmentedRaftLogWorker:Storage Directory /workdir/hadoop-ozone/integration-test/target/test-dir/MiniOzoneClusterImpl-08738c8b-c1fa-46e0-b7fe-0ffeb36e6730/datanode-1/data/ratis/db90ecc0-9775-4adf-9687-3cd224f69905: Starting segment from index:0
2019-07-14 16:33:30,641 INFO  segmented.SegmentedRaftLogWorker (SegmentedRaftLogWorker.java:startLogSegment(380)) - 3e0cbe12-980e-4522-a295-ddb62eab7be9-SegmentedRaftLogWorker:Storage Directory /workdir/hadoop-ozone/integration-test/target/test-dir/MiniOzoneClusterImpl-08738c8b-c1fa-46e0-b7fe-0ffeb36e6730/datanode-2/data/ratis/db90ecc0-9775-4adf-9687-3cd224f69905: Starting segment from index:0
2019-07-14 16:33:30,643 INFO  segmented.SegmentedRaftLogWorker (SegmentedRaftLogWorker.java:execute(569)) - b78ff834-b5d5-4deb-95f9-4a167141af01-SegmentedRaftLogWorker:Storage Directory /workdir/hadoop-ozone/integration-test/target/test-dir/MiniOzoneClusterImpl-08738c8b-c1fa-46e0-b7fe-0ffeb36e6730/datanode-0/data/ratis/db90ecc0-9775-4adf-9687-3cd224f69905: created new log segment /workdir/hadoop-ozone/integration-test/target/test-dir/MiniOzoneClusterImpl-08738c8b-c1fa-46e0-b7fe-0ffeb36e6730/datanode-0/data/ratis/db90ecc0-9775-4adf-9687-3cd224f69905/current/log_inprogress_0
2019-07-14 16:33:30,643 INFO  impl.LeaderElection (LeaderElection.java:askForVotes(181)) - 3e0cbe12-980e-4522-a295-ddb62eab7be9:group-87254F4EBDBF:LeaderElection89: begin an election at term 1 for -1: [3e0cbe12-980e-4522-a295-ddb62eab7be9:192.168.69.77:35416], old=null
2019-07-14 16:33:30,644 INFO  impl.RoleInfo (RoleInfo.java:shutdownLeaderElection(134)) - 3e0cbe12-980e-4522-a295-ddb62eab7be9: shutdown LeaderElection
2019-07-14 16:33:30,644 INFO  impl.RaftServerImpl (RaftServerImpl.java:setRole(171)) - 3e0cbe12-980e-4522-a295-ddb62eab7be9:group-87254F4EBDBF changes role from CANDIDATE to LEADER at term 1 for changeToLeader
2019-07-14 16:33:30,644 INFO  impl.RaftServerImpl (ServerState.java:setLeader(263)) - 3e0cbe12-980e-4522-a295-ddb62eab7be9:group-87254F4EBDBF change Leader from null to 3e0cbe12-980e-4522-a295-ddb62eab7be9 at term 1 for becomeLeader, leader elected after 5207ms
2019-07-14 16:33:30,665 INFO  server.RaftServerConfigKeys (ConfUtils.java:logGet(43)) - raft.server.staging.catchup.gap = 1000 (default)
2019-07-14 16:33:30,665 INFO  server.RaftServerConfigKeys (ConfUtils.java:logGet(43)) - raft.server.rpc.sleep.time = 25ms (default)
2019-07-14 16:33:30,665 INFO  server.RaftServerConfigKeys (ConfUtils.java:logGet(43)) - raft.server.write.element-limit = 4096 (default)
2019-07-14 16:33:30,666 INFO  server.RaftServerConfigKeys (ConfUtils.java:logGet(43)) - raft.server.watch.timeout = 10s (default)
2019-07-14 16:33:30,666 INFO  server.RaftServerConfigKeys (ConfUtils.java:logGet(43)) - raft.server.watch.timeout.denomination = 1s (default)
2019-07-14 16:33:30,666 INFO  server.RaftServerConfigKeys (ConfUtils.java:logGet(43)) - raft.server.watch.element-limit = 65536 (default)
2019-07-14 16:33:30,666 INFO  impl.RoleInfo (RoleInfo.java:updateAndGet(143)) - 3e0cbe12-980e-4522-a295-ddb62eab7be9: start LeaderState
2019-07-14 16:33:30,666 INFO  segmented.SegmentedRaftLogWorker (SegmentedRaftLogWorker.java:startLogSegment(380)) - 3e0cbe12-980e-4522-a295-ddb62eab7be9-SegmentedRaftLogWorker:Storage Directory /workdir/hadoop-ozone/integration-test/target/test-dir/MiniOzoneClusterImpl-08738c8b-c1fa-46e0-b7fe-0ffeb36e6730/datanode-2/data/ratis/851aac73-2561-47c7-96f2-87254f4ebdbf: Starting segment from index:0
2019-07-14 16:33:30,667 INFO  impl.RaftServerImpl (ServerState.java:setRaftConf(361)) - 3e0cbe12-980e-4522-a295-ddb62eab7be9:group-87254F4EBDBF set configuration 0: [3e0cbe12-980e-4522-a295-ddb62eab7be9:192.168.69.77:35416], old=null at 0
2019-07-14 16:33:30,687 INFO  segmented.SegmentedRaftLogWorker (SegmentedRaftLogWorker.java:execute(569)) - 472ad2ac-a58f-4509-9846-5e41ad7cd623-SegmentedRaftLogWorker:Storage Directory /workdir/hadoop-ozone/integration-test/target/test-dir/MiniOzoneClusterImpl-08738c8b-c1fa-46e0-b7fe-0ffeb36e6730/datanode-1/data/ratis/db90ecc0-9775-4adf-9687-3cd224f69905: created new log segment /workdir/hadoop-ozone/integration-test/target/test-dir/MiniOzoneClusterImpl-08738c8b-c1fa-46e0-b7fe-0ffeb36e6730/datanode-1/data/ratis/db90ecc0-9775-4adf-9687-3cd224f69905/current/log_inprogress_0
2019-07-14 16:33:30,687 INFO  segmented.SegmentedRaftLogWorker (SegmentedRaftLogWorker.java:execute(569)) - 3e0cbe12-980e-4522-a295-ddb62eab7be9-SegmentedRaftLogWorker:Storage Directory /workdir/hadoop-ozone/integration-test/target/test-dir/MiniOzoneClusterImpl-08738c8b-c1fa-46e0-b7fe-0ffeb36e6730/datanode-2/data/ratis/db90ecc0-9775-4adf-9687-3cd224f69905: created new log segment /workdir/hadoop-ozone/integration-test/target/test-dir/MiniOzoneClusterImpl-08738c8b-c1fa-46e0-b7fe-0ffeb36e6730/datanode-2/data/ratis/db90ecc0-9775-4adf-9687-3cd224f69905/current/log_inprogress_0
2019-07-14 16:33:30,688 INFO  impl.FollowerState (FollowerState.java:run(106)) - 1e8381d4-e571-4076-8ec1-f519959dd3b0:group-B68CF3CB950B changes to CANDIDATE, lastRpcTime:5063, electionTimeout:5063ms
2019-07-14 16:33:30,688 INFO  impl.RoleInfo (RoleInfo.java:shutdownFollowerState(121)) - 1e8381d4-e571-4076-8ec1-f519959dd3b0: shutdown FollowerState
2019-07-14 16:33:30,688 INFO  impl.RaftServerImpl (RaftServerImpl.java:setRole(171)) - 1e8381d4-e571-4076-8ec1-f519959dd3b0:group-B68CF3CB950B changes role from FOLLOWER to CANDIDATE at term 0 for changeToCandidate
2019-07-14 16:33:30,688 INFO  impl.RoleInfo (RoleInfo.java:updateAndGet(143)) - 1e8381d4-e571-4076-8ec1-f519959dd3b0: start LeaderElection
2019-07-14 16:33:30,701 INFO  segmented.SegmentedRaftLogWorker (SegmentedRaftLogWorker.java:execute(569)) - 3e0cbe12-980e-4522-a295-ddb62eab7be9-SegmentedRaftLogWorker:Storage Directory /workdir/hadoop-ozone/integration-test/target/test-dir/MiniOzoneClusterImpl-08738c8b-c1fa-46e0-b7fe-0ffeb36e6730/datanode-2/data/ratis/851aac73-2561-47c7-96f2-87254f4ebdbf: created new log segment /workdir/hadoop-ozone/integration-test/target/test-dir/MiniOzoneClusterImpl-08738c8b-c1fa-46e0-b7fe-0ffeb36e6730/datanode-2/data/ratis/851aac73-2561-47c7-96f2-87254f4ebdbf/current/log_inprogress_0
2019-07-14 16:33:30,715 INFO  impl.LeaderElection (LeaderElection.java:askForVotes(181)) - 1e8381d4-e571-4076-8ec1-f519959dd3b0:group-B68CF3CB950B:LeaderElection90: begin an election at term 1 for -1: [1e8381d4-e571-4076-8ec1-f519959dd3b0:192.168.69.77:40542], old=null
2019-07-14 16:33:30,715 INFO  impl.RoleInfo (RoleInfo.java:shutdownLeaderElection(134)) - 1e8381d4-e571-4076-8ec1-f519959dd3b0: shutdown LeaderElection
2019-07-14 16:33:30,715 INFO  impl.RaftServerImpl (RaftServerImpl.java:setRole(171)) - 1e8381d4-e571-4076-8ec1-f519959dd3b0:group-B68CF3CB950B changes role from CANDIDATE to LEADER at term 1 for changeToLeader
2019-07-14 16:33:30,715 INFO  impl.RaftServerImpl (ServerState.java:setLeader(263)) - 1e8381d4-e571-4076-8ec1-f519959dd3b0:group-B68CF3CB950B change Leader from null to 1e8381d4-e571-4076-8ec1-f519959dd3b0 at term 1 for becomeLeader, leader elected after 5095ms
2019-07-14 16:33:30,718 INFO  server.RaftServerConfigKeys (ConfUtils.java:logGet(43)) - raft.server.staging.catchup.gap = 1000 (default)
2019-07-14 16:33:30,718 INFO  server.RaftServerConfigKeys (ConfUtils.java:logGet(43)) - raft.server.rpc.sleep.time = 25ms (default)
2019-07-14 16:33:30,718 INFO  server.RaftServerConfigKeys (ConfUtils.java:logGet(43)) - raft.server.write.element-limit = 4096 (default)
2019-07-14 16:33:30,718 INFO  server.RaftServerConfigKeys (ConfUtils.java:logGet(43)) - raft.server.watch.timeout = 10s (default)
2019-07-14 16:33:30,719 INFO  server.RaftServerConfigKeys (ConfUtils.java:logGet(43)) - raft.server.watch.timeout.denomination = 1s (default)
2019-07-14 16:33:30,719 INFO  server.RaftServerConfigKeys (ConfUtils.java:logGet(43)) - raft.server.watch.element-limit = 65536 (default)
2019-07-14 16:33:30,719 INFO  impl.RoleInfo (RoleInfo.java:updateAndGet(143)) - 1e8381d4-e571-4076-8ec1-f519959dd3b0: start LeaderState
2019-07-14 16:33:30,719 INFO  segmented.SegmentedRaftLogWorker (SegmentedRaftLogWorker.java:startLogSegment(380)) - 1e8381d4-e571-4076-8ec1-f519959dd3b0-SegmentedRaftLogWorker:Storage Directory /workdir/hadoop-ozone/integration-test/target/test-dir/MiniOzoneClusterImpl-08738c8b-c1fa-46e0-b7fe-0ffeb36e6730/datanode-3/data/ratis/a24f26f7-b52a-4219-9f3d-b68cf3cb950b: Starting segment from index:0
2019-07-14 16:33:30,720 INFO  impl.RaftServerImpl (ServerState.java:setRaftConf(361)) - 1e8381d4-e571-4076-8ec1-f519959dd3b0:group-B68CF3CB950B set configuration 0: [1e8381d4-e571-4076-8ec1-f519959dd3b0:192.168.69.77:40542], old=null at 0
2019-07-14 16:33:30,755 INFO  segmented.SegmentedRaftLogWorker (SegmentedRaftLogWorker.java:execute(569)) - 1e8381d4-e571-4076-8ec1-f519959dd3b0-SegmentedRaftLogWorker:Storage Directory /workdir/hadoop-ozone/integration-test/target/test-dir/MiniOzoneClusterImpl-08738c8b-c1fa-46e0-b7fe-0ffeb36e6730/datanode-3/data/ratis/a24f26f7-b52a-4219-9f3d-b68cf3cb950b: created new log segment /workdir/hadoop-ozone/integration-test/target/test-dir/MiniOzoneClusterImpl-08738c8b-c1fa-46e0-b7fe-0ffeb36e6730/datanode-3/data/ratis/a24f26f7-b52a-4219-9f3d-b68cf3cb950b/current/log_inprogress_0
2019-07-14 16:33:30,822 INFO  impl.FollowerState (FollowerState.java:run(106)) - 4dce4393-7fae-4871-828c-a5f0ee5dd363:group-31835850E9FB changes to CANDIDATE, lastRpcTime:5024, electionTimeout:5024ms
2019-07-14 16:33:30,822 INFO  impl.RoleInfo (RoleInfo.java:shutdownFollowerState(121)) - 4dce4393-7fae-4871-828c-a5f0ee5dd363: shutdown FollowerState
2019-07-14 16:33:30,822 INFO  impl.RaftServerImpl (RaftServerImpl.java:setRole(171)) - 4dce4393-7fae-4871-828c-a5f0ee5dd363:group-31835850E9FB changes role from FOLLOWER to CANDIDATE at term 0 for changeToCandidate
2019-07-14 16:33:30,822 INFO  impl.RoleInfo (RoleInfo.java:updateAndGet(143)) - 4dce4393-7fae-4871-828c-a5f0ee5dd363: start LeaderElection
2019-07-14 16:33:30,841 INFO  impl.LeaderElection (LeaderElection.java:askForVotes(181)) - 4dce4393-7fae-4871-828c-a5f0ee5dd363:group-31835850E9FB:LeaderElection91: begin an election at term 1 for -1: [4dce4393-7fae-4871-828c-a5f0ee5dd363:192.168.69.77:37542], old=null
2019-07-14 16:33:30,841 INFO  impl.RoleInfo (RoleInfo.java:shutdownLeaderElection(134)) - 4dce4393-7fae-4871-828c-a5f0ee5dd363: shutdown LeaderElection
2019-07-14 16:33:30,842 INFO  impl.RaftServerImpl (RaftServerImpl.java:setRole(171)) - 4dce4393-7fae-4871-828c-a5f0ee5dd363:group-31835850E9FB changes role from CANDIDATE to LEADER at term 1 for changeToLeader
2019-07-14 16:33:30,842 INFO  impl.RaftServerImpl (ServerState.java:setLeader(263)) - 4dce4393-7fae-4871-828c-a5f0ee5dd363:group-31835850E9FB change Leader from null to 4dce4393-7fae-4871-828c-a5f0ee5dd363 at term 1 for becomeLeader, leader elected after 5049ms
2019-07-14 16:33:30,844 INFO  server.RaftServerConfigKeys (ConfUtils.java:logGet(43)) - raft.server.staging.catchup.gap = 1000 (default)
2019-07-14 16:33:30,844 INFO  server.RaftServerConfigKeys (ConfUtils.java:logGet(43)) - raft.server.rpc.sleep.time = 25ms (default)
2019-07-14 16:33:30,845 INFO  server.RaftServerConfigKeys (ConfUtils.java:logGet(43)) - raft.server.write.element-limit = 4096 (default)
2019-07-14 16:33:30,845 INFO  server.RaftServerConfigKeys (ConfUtils.java:logGet(43)) - raft.server.watch.timeout = 10s (default)
2019-07-14 16:33:30,845 INFO  server.RaftServerConfigKeys (ConfUtils.java:logGet(43)) - raft.server.watch.timeout.denomination = 1s (default)
2019-07-14 16:33:30,845 INFO  server.RaftServerConfigKeys (ConfUtils.java:logGet(43)) - raft.server.watch.element-limit = 65536 (default)
2019-07-14 16:33:30,845 INFO  impl.RoleInfo (RoleInfo.java:updateAndGet(143)) - 4dce4393-7fae-4871-828c-a5f0ee5dd363: start LeaderState
2019-07-14 16:33:30,846 INFO  segmented.SegmentedRaftLogWorker (SegmentedRaftLogWorker.java:startLogSegment(380)) - 4dce4393-7fae-4871-828c-a5f0ee5dd363-SegmentedRaftLogWorker:Storage Directory /workdir/hadoop-ozone/integration-test/target/test-dir/MiniOzoneClusterImpl-08738c8b-c1fa-46e0-b7fe-0ffeb36e6730/datanode-4/data/ratis/2b41c30d-da77-401e-ad86-31835850e9fb: Starting segment from index:0
2019-07-14 16:33:30,846 INFO  impl.RaftServerImpl (ServerState.java:setRaftConf(361)) - 4dce4393-7fae-4871-828c-a5f0ee5dd363:group-31835850E9FB set configuration 0: [4dce4393-7fae-4871-828c-a5f0ee5dd363:192.168.69.77:37542], old=null at 0
2019-07-14 16:33:30,881 INFO  segmented.SegmentedRaftLogWorker (SegmentedRaftLogWorker.java:execute(569)) - 4dce4393-7fae-4871-828c-a5f0ee5dd363-SegmentedRaftLogWorker:Storage Directory /workdir/hadoop-ozone/integration-test/target/test-dir/MiniOzoneClusterImpl-08738c8b-c1fa-46e0-b7fe-0ffeb36e6730/datanode-4/data/ratis/2b41c30d-da77-401e-ad86-31835850e9fb: created new log segment /workdir/hadoop-ozone/integration-test/target/test-dir/MiniOzoneClusterImpl-08738c8b-c1fa-46e0-b7fe-0ffeb36e6730/datanode-4/data/ratis/2b41c30d-da77-401e-ad86-31835850e9fb/current/log_inprogress_0
2019-07-14 16:33:31,024 INFO  impl.FollowerState (FollowerState.java:run(106)) - 87e0d44a-7661-4c4e-9766-d982f5879c7e:group-E05B6BBF0C52 changes to CANDIDATE, lastRpcTime:5049, electionTimeout:5049ms
2019-07-14 16:33:31,024 INFO  impl.RoleInfo (RoleInfo.java:shutdownFollowerState(121)) - 87e0d44a-7661-4c4e-9766-d982f5879c7e: shutdown FollowerState
2019-07-14 16:33:31,024 INFO  impl.RaftServerImpl (RaftServerImpl.java:setRole(171)) - 87e0d44a-7661-4c4e-9766-d982f5879c7e:group-E05B6BBF0C52 changes role from FOLLOWER to CANDIDATE at term 0 for changeToCandidate
2019-07-14 16:33:31,024 INFO  impl.RoleInfo (RoleInfo.java:updateAndGet(143)) - 87e0d44a-7661-4c4e-9766-d982f5879c7e: start LeaderElection
2019-07-14 16:33:31,043 INFO  impl.LeaderElection (LeaderElection.java:askForVotes(181)) - 87e0d44a-7661-4c4e-9766-d982f5879c7e:group-E05B6BBF0C52:LeaderElection92: begin an election at term 1 for -1: [87e0d44a-7661-4c4e-9766-d982f5879c7e:192.168.69.77:33686], old=null
2019-07-14 16:33:31,043 INFO  impl.RoleInfo (RoleInfo.java:shutdownLeaderElection(134)) - 87e0d44a-7661-4c4e-9766-d982f5879c7e: shutdown LeaderElection
2019-07-14 16:33:31,044 INFO  impl.RaftServerImpl (RaftServerImpl.java:setRole(171)) - 87e0d44a-7661-4c4e-9766-d982f5879c7e:group-E05B6BBF0C52 changes role from CANDIDATE to LEADER at term 1 for changeToLeader
2019-07-14 16:33:31,044 INFO  impl.RaftServerImpl (ServerState.java:setLeader(263)) - 87e0d44a-7661-4c4e-9766-d982f5879c7e:group-E05B6BBF0C52 change Leader from null to 87e0d44a-7661-4c4e-9766-d982f5879c7e at term 1 for becomeLeader, leader elected after 5074ms
2019-07-14 16:33:31,046 INFO  server.RaftServerConfigKeys (ConfUtils.java:logGet(43)) - raft.server.staging.catchup.gap = 1000 (default)
2019-07-14 16:33:31,046 INFO  server.RaftServerConfigKeys (ConfUtils.java:logGet(43)) - raft.server.rpc.sleep.time = 25ms (default)
2019-07-14 16:33:31,046 INFO  server.RaftServerConfigKeys (ConfUtils.java:logGet(43)) - raft.server.write.element-limit = 4096 (default)
2019-07-14 16:33:31,047 INFO  server.RaftServerConfigKeys (ConfUtils.java:logGet(43)) - raft.server.watch.timeout = 10s (default)
2019-07-14 16:33:31,047 INFO  server.RaftServerConfigKeys (ConfUtils.java:logGet(43)) - raft.server.watch.timeout.denomination = 1s (default)
2019-07-14 16:33:31,047 INFO  server.RaftServerConfigKeys (ConfUtils.java:logGet(43)) - raft.server.watch.element-limit = 65536 (default)
2019-07-14 16:33:31,047 INFO  impl.RoleInfo (RoleInfo.java:updateAndGet(143)) - 87e0d44a-7661-4c4e-9766-d982f5879c7e: start LeaderState
2019-07-14 16:33:31,047 INFO  segmented.SegmentedRaftLogWorker (SegmentedRaftLogWorker.java:startLogSegment(380)) - 87e0d44a-7661-4c4e-9766-d982f5879c7e-SegmentedRaftLogWorker:Storage Directory /workdir/hadoop-ozone/integration-test/target/test-dir/MiniOzoneClusterImpl-08738c8b-c1fa-46e0-b7fe-0ffeb36e6730/datanode-5/data/ratis/004fb19e-d94c-4c31-8044-e05b6bbf0c52: Starting segment from index:0
2019-07-14 16:33:31,048 INFO  impl.RaftServerImpl (ServerState.java:setRaftConf(361)) - 87e0d44a-7661-4c4e-9766-d982f5879c7e:group-E05B6BBF0C52 set configuration 0: [87e0d44a-7661-4c4e-9766-d982f5879c7e:192.168.69.77:33686], old=null at 0
2019-07-14 16:33:31,075 INFO  impl.FollowerState (FollowerState.java:run(106)) - 4dce4393-7fae-4871-828c-a5f0ee5dd363:group-537C26EA5BC3 changes to CANDIDATE, lastRpcTime:5044, electionTimeout:5044ms
2019-07-14 16:33:31,076 INFO  impl.RoleInfo (RoleInfo.java:shutdownFollowerState(121)) - 4dce4393-7fae-4871-828c-a5f0ee5dd363: shutdown FollowerState
2019-07-14 16:33:31,076 INFO  impl.RaftServerImpl (RaftServerImpl.java:setRole(171)) - 4dce4393-7fae-4871-828c-a5f0ee5dd363:group-537C26EA5BC3 changes role from FOLLOWER to CANDIDATE at term 0 for changeToCandidate
2019-07-14 16:33:31,076 INFO  impl.RoleInfo (RoleInfo.java:updateAndGet(143)) - 4dce4393-7fae-4871-828c-a5f0ee5dd363: start LeaderElection
2019-07-14 16:33:31,082 INFO  segmented.SegmentedRaftLogWorker (SegmentedRaftLogWorker.java:execute(569)) - 87e0d44a-7661-4c4e-9766-d982f5879c7e-SegmentedRaftLogWorker:Storage Directory /workdir/hadoop-ozone/integration-test/target/test-dir/MiniOzoneClusterImpl-08738c8b-c1fa-46e0-b7fe-0ffeb36e6730/datanode-5/data/ratis/004fb19e-d94c-4c31-8044-e05b6bbf0c52: created new log segment /workdir/hadoop-ozone/integration-test/target/test-dir/MiniOzoneClusterImpl-08738c8b-c1fa-46e0-b7fe-0ffeb36e6730/datanode-5/data/ratis/004fb19e-d94c-4c31-8044-e05b6bbf0c52/current/log_inprogress_0
2019-07-14 16:33:31,086 INFO  impl.LeaderElection (LeaderElection.java:askForVotes(181)) - 4dce4393-7fae-4871-828c-a5f0ee5dd363:group-537C26EA5BC3:LeaderElection93: begin an election at term 1 for -1: [1e8381d4-e571-4076-8ec1-f519959dd3b0:192.168.69.77:40542, 4dce4393-7fae-4871-828c-a5f0ee5dd363:192.168.69.77:37542, 87e0d44a-7661-4c4e-9766-d982f5879c7e:192.168.69.77:33686], old=null
2019-07-14 16:33:31,091 INFO  impl.RaftServerImpl (RaftServerImpl.java:setRole(171)) - 87e0d44a-7661-4c4e-9766-d982f5879c7e:group-537C26EA5BC3 changes role from FOLLOWER to FOLLOWER at term 1 for recognizeCandidate:4dce4393-7fae-4871-828c-a5f0ee5dd363
2019-07-14 16:33:31,091 INFO  impl.RaftServerImpl (RaftServerImpl.java:setRole(171)) - 1e8381d4-e571-4076-8ec1-f519959dd3b0:group-537C26EA5BC3 changes role from FOLLOWER to FOLLOWER at term 1 for recognizeCandidate:4dce4393-7fae-4871-828c-a5f0ee5dd363
2019-07-14 16:33:31,091 INFO  impl.RoleInfo (RoleInfo.java:shutdownFollowerState(121)) - 87e0d44a-7661-4c4e-9766-d982f5879c7e: shutdown FollowerState
2019-07-14 16:33:31,091 INFO  impl.RoleInfo (RoleInfo.java:shutdownFollowerState(121)) - 1e8381d4-e571-4076-8ec1-f519959dd3b0: shutdown FollowerState
2019-07-14 16:33:31,091 INFO  impl.RoleInfo (RoleInfo.java:updateAndGet(143)) - 87e0d44a-7661-4c4e-9766-d982f5879c7e: start FollowerState
2019-07-14 16:33:31,091 INFO  impl.FollowerState (FollowerState.java:run(114)) - 87e0d44a-7661-4c4e-9766-d982f5879c7e: FollowerState was interrupted: java.lang.InterruptedException: sleep interrupted
2019-07-14 16:33:31,091 INFO  impl.RoleInfo (RoleInfo.java:updateAndGet(143)) - 1e8381d4-e571-4076-8ec1-f519959dd3b0: start FollowerState
2019-07-14 16:33:31,092 INFO  impl.FollowerState (FollowerState.java:run(114)) - 1e8381d4-e571-4076-8ec1-f519959dd3b0: FollowerState was interrupted: java.lang.InterruptedException: sleep interrupted
2019-07-14 16:33:31,108 INFO  impl.LeaderElection (LeaderElection.java:logAndReturn(56)) - 4dce4393-7fae-4871-828c-a5f0ee5dd363:group-537C26EA5BC3:LeaderElection93: Election PASSED; received 1 response(s) [4dce4393-7fae-4871-828c-a5f0ee5dd363<-1e8381d4-e571-4076-8ec1-f519959dd3b0#0:OK-t1] and 0 exception(s); 4dce4393-7fae-4871-828c-a5f0ee5dd363:t1, leader=null, voted=4dce4393-7fae-4871-828c-a5f0ee5dd363, raftlog=4dce4393-7fae-4871-828c-a5f0ee5dd363-SegmentedRaftLog:OPENED:c-1,f-1,i0, conf=-1: [1e8381d4-e571-4076-8ec1-f519959dd3b0:192.168.69.77:40542, 4dce4393-7fae-4871-828c-a5f0ee5dd363:192.168.69.77:37542, 87e0d44a-7661-4c4e-9766-d982f5879c7e:192.168.69.77:33686], old=null
2019-07-14 16:33:31,109 INFO  impl.RoleInfo (RoleInfo.java:shutdownLeaderElection(134)) - 4dce4393-7fae-4871-828c-a5f0ee5dd363: shutdown LeaderElection
2019-07-14 16:33:31,109 INFO  impl.RaftServerImpl (RaftServerImpl.java:setRole(171)) - 4dce4393-7fae-4871-828c-a5f0ee5dd363:group-537C26EA5BC3 changes role from CANDIDATE to LEADER at term 1 for changeToLeader
2019-07-14 16:33:31,109 INFO  impl.RaftServerImpl (ServerState.java:setLeader(263)) - 4dce4393-7fae-4871-828c-a5f0ee5dd363:group-537C26EA5BC3 change Leader from null to 4dce4393-7fae-4871-828c-a5f0ee5dd363 at term 1 for becomeLeader, leader elected after 5085ms
2019-07-14 16:33:31,109 INFO  server.RaftServerConfigKeys (ConfUtils.java:logGet(43)) - raft.server.staging.catchup.gap = 1000 (default)
2019-07-14 16:33:31,109 INFO  server.RaftServerConfigKeys (ConfUtils.java:logGet(43)) - raft.server.rpc.sleep.time = 25ms (default)
2019-07-14 16:33:31,109 INFO  server.RaftServerConfigKeys (ConfUtils.java:logGet(43)) - raft.server.write.element-limit = 4096 (default)
2019-07-14 16:33:31,110 INFO  server.RaftServerConfigKeys (ConfUtils.java:logGet(43)) - raft.server.watch.timeout = 10s (default)
2019-07-14 16:33:31,110 INFO  server.RaftServerConfigKeys (ConfUtils.java:logGet(43)) - raft.server.watch.timeout.denomination = 1s (default)
2019-07-14 16:33:31,110 INFO  server.RaftServerConfigKeys (ConfUtils.java:logGet(43)) - raft.server.watch.element-limit = 65536 (default)
2019-07-14 16:33:31,110 INFO  server.RaftServerConfigKeys (ConfUtils.java:logGet(43)) - raft.server.log.appender.snapshot.chunk.size.max = 16MB (=16777216) (default)
2019-07-14 16:33:31,110 INFO  server.RaftServerConfigKeys (ConfUtils.java:logGet(43)) - raft.server.log.appender.buffer.byte-limit = 33554432 (custom)
2019-07-14 16:33:31,111 INFO  server.RaftServerConfigKeys (ConfUtils.java:logGet(43)) - raft.server.log.appender.buffer.element-limit = 1 (custom)
2019-07-14 16:33:31,111 INFO  grpc.GrpcConfigKeys$Server (ConfUtils.java:logGet(43)) - raft.grpc.server.leader.outstanding.appends.max = 128 (default)
2019-07-14 16:33:31,111 INFO  server.RaftServerConfigKeys (ConfUtils.java:logGet(43)) - raft.server.rpc.request.timeout = 3000ms (default)
2019-07-14 16:33:31,111 INFO  server.RaftServerConfigKeys (ConfUtils.java:logGet(43)) - raft.server.log.appender.install.snapshot.enabled = false (custom)
2019-07-14 16:33:31,111 INFO  server.RaftServerConfigKeys (ConfUtils.java:logGet(43)) - raft.server.log.appender.snapshot.chunk.size.max = 16MB (=16777216) (default)
2019-07-14 16:33:31,112 INFO  server.RaftServerConfigKeys (ConfUtils.java:logGet(43)) - raft.server.log.appender.buffer.byte-limit = 33554432 (custom)
2019-07-14 16:33:31,112 INFO  server.RaftServerConfigKeys (ConfUtils.java:logGet(43)) - raft.server.log.appender.buffer.element-limit = 1 (custom)
2019-07-14 16:33:31,112 INFO  grpc.GrpcConfigKeys$Server (ConfUtils.java:logGet(43)) - raft.grpc.server.leader.outstanding.appends.max = 128 (default)
2019-07-14 16:33:31,112 INFO  server.RaftServerConfigKeys (ConfUtils.java:logGet(43)) - raft.server.rpc.request.timeout = 3000ms (default)
2019-07-14 16:33:31,112 INFO  server.RaftServerConfigKeys (ConfUtils.java:logGet(43)) - raft.server.log.appender.install.snapshot.enabled = false (custom)
2019-07-14 16:33:31,113 INFO  impl.RoleInfo (RoleInfo.java:updateAndGet(143)) - 4dce4393-7fae-4871-828c-a5f0ee5dd363: start LeaderState
2019-07-14 16:33:31,113 INFO  segmented.SegmentedRaftLogWorker (SegmentedRaftLogWorker.java:startLogSegment(380)) - 4dce4393-7fae-4871-828c-a5f0ee5dd363-SegmentedRaftLogWorker:Storage Directory /workdir/hadoop-ozone/integration-test/target/test-dir/MiniOzoneClusterImpl-08738c8b-c1fa-46e0-b7fe-0ffeb36e6730/datanode-4/data/ratis/ebda449e-b6c8-44bc-a0ea-537c26ea5bc3: Starting segment from index:0
2019-07-14 16:33:31,114 INFO  impl.RaftServerImpl (ServerState.java:setRaftConf(361)) - 4dce4393-7fae-4871-828c-a5f0ee5dd363:group-537C26EA5BC3 set configuration 0: [1e8381d4-e571-4076-8ec1-f519959dd3b0:192.168.69.77:40542, 4dce4393-7fae-4871-828c-a5f0ee5dd363:192.168.69.77:37542, 87e0d44a-7661-4c4e-9766-d982f5879c7e:192.168.69.77:33686], old=null at 0
2019-07-14 16:33:31,136 INFO  impl.RaftServerImpl (ServerState.java:setLeader(263)) - 1e8381d4-e571-4076-8ec1-f519959dd3b0:group-537C26EA5BC3 change Leader from null to 4dce4393-7fae-4871-828c-a5f0ee5dd363 at term 1 for appendEntries, leader elected after 5112ms
2019-07-14 16:33:31,139 INFO  impl.RaftServerImpl (ServerState.java:setLeader(263)) - 87e0d44a-7661-4c4e-9766-d982f5879c7e:group-537C26EA5BC3 change Leader from null to 4dce4393-7fae-4871-828c-a5f0ee5dd363 at term 1 for appendEntries, leader elected after 5115ms
2019-07-14 16:33:31,141 INFO  impl.RaftServerImpl (ServerState.java:setRaftConf(361)) - 1e8381d4-e571-4076-8ec1-f519959dd3b0:group-537C26EA5BC3 set configuration 0: [1e8381d4-e571-4076-8ec1-f519959dd3b0:192.168.69.77:40542, 4dce4393-7fae-4871-828c-a5f0ee5dd363:192.168.69.77:37542, 87e0d44a-7661-4c4e-9766-d982f5879c7e:192.168.69.77:33686], old=null at 0
2019-07-14 16:33:31,141 INFO  impl.RaftServerImpl (ServerState.java:setRaftConf(361)) - 87e0d44a-7661-4c4e-9766-d982f5879c7e:group-537C26EA5BC3 set configuration 0: [1e8381d4-e571-4076-8ec1-f519959dd3b0:192.168.69.77:40542, 4dce4393-7fae-4871-828c-a5f0ee5dd363:192.168.69.77:37542, 87e0d44a-7661-4c4e-9766-d982f5879c7e:192.168.69.77:33686], old=null at 0
2019-07-14 16:33:31,142 INFO  segmented.SegmentedRaftLogWorker (SegmentedRaftLogWorker.java:startLogSegment(380)) - 1e8381d4-e571-4076-8ec1-f519959dd3b0-SegmentedRaftLogWorker:Storage Directory /workdir/hadoop-ozone/integration-test/target/test-dir/MiniOzoneClusterImpl-08738c8b-c1fa-46e0-b7fe-0ffeb36e6730/datanode-3/data/ratis/ebda449e-b6c8-44bc-a0ea-537c26ea5bc3: Starting segment from index:0
2019-07-14 16:33:31,142 INFO  segmented.SegmentedRaftLogWorker (SegmentedRaftLogWorker.java:startLogSegment(380)) - 87e0d44a-7661-4c4e-9766-d982f5879c7e-SegmentedRaftLogWorker:Storage Directory /workdir/hadoop-ozone/integration-test/target/test-dir/MiniOzoneClusterImpl-08738c8b-c1fa-46e0-b7fe-0ffeb36e6730/datanode-5/data/ratis/ebda449e-b6c8-44bc-a0ea-537c26ea5bc3: Starting segment from index:0
2019-07-14 16:33:31,148 INFO  segmented.SegmentedRaftLogWorker (SegmentedRaftLogWorker.java:execute(569)) - 4dce4393-7fae-4871-828c-a5f0ee5dd363-SegmentedRaftLogWorker:Storage Directory /workdir/hadoop-ozone/integration-test/target/test-dir/MiniOzoneClusterImpl-08738c8b-c1fa-46e0-b7fe-0ffeb36e6730/datanode-4/data/ratis/ebda449e-b6c8-44bc-a0ea-537c26ea5bc3: created new log segment /workdir/hadoop-ozone/integration-test/target/test-dir/MiniOzoneClusterImpl-08738c8b-c1fa-46e0-b7fe-0ffeb36e6730/datanode-4/data/ratis/ebda449e-b6c8-44bc-a0ea-537c26ea5bc3/current/log_inprogress_0
2019-07-14 16:33:31,174 INFO  segmented.SegmentedRaftLogWorker (SegmentedRaftLogWorker.java:execute(569)) - 87e0d44a-7661-4c4e-9766-d982f5879c7e-SegmentedRaftLogWorker:Storage Directory /workdir/hadoop-ozone/integration-test/target/test-dir/MiniOzoneClusterImpl-08738c8b-c1fa-46e0-b7fe-0ffeb36e6730/datanode-5/data/ratis/ebda449e-b6c8-44bc-a0ea-537c26ea5bc3: created new log segment /workdir/hadoop-ozone/integration-test/target/test-dir/MiniOzoneClusterImpl-08738c8b-c1fa-46e0-b7fe-0ffeb36e6730/datanode-5/data/ratis/ebda449e-b6c8-44bc-a0ea-537c26ea5bc3/current/log_inprogress_0
2019-07-14 16:33:31,174 INFO  segmented.SegmentedRaftLogWorker (SegmentedRaftLogWorker.java:execute(569)) - 1e8381d4-e571-4076-8ec1-f519959dd3b0-SegmentedRaftLogWorker:Storage Directory /workdir/hadoop-ozone/integration-test/target/test-dir/MiniOzoneClusterImpl-08738c8b-c1fa-46e0-b7fe-0ffeb36e6730/datanode-3/data/ratis/ebda449e-b6c8-44bc-a0ea-537c26ea5bc3: created new log segment /workdir/hadoop-ozone/integration-test/target/test-dir/MiniOzoneClusterImpl-08738c8b-c1fa-46e0-b7fe-0ffeb36e6730/datanode-3/data/ratis/ebda449e-b6c8-44bc-a0ea-537c26ea5bc3/current/log_inprogress_0
2019-07-14 16:33:31,417 INFO  client.GrpcClientProtocolClient (GrpcClientProtocolClient.java:onNext(255)) - client-36B41D9B8F91->1e8381d4-e571-4076-8ec1-f519959dd3b0: receive RaftClientReply:client-36B41D9B8F91->1e8381d4-e571-4076-8ec1-f519959dd3b0@group-537C26EA5BC3, cid=235, FAILED org.apache.ratis.protocol.NotLeaderException: Server 1e8381d4-e571-4076-8ec1-f519959dd3b0 is not the leader (4dce4393-7fae-4871-828c-a5f0ee5dd363:192.168.69.77:37542). Request must be sent to leader., logIndex=0, commits[1e8381d4-e571-4076-8ec1-f519959dd3b0:c-1, 4dce4393-7fae-4871-828c-a5f0ee5dd363:c-1, 87e0d44a-7661-4c4e-9766-d982f5879c7e:c-1]
2019-07-14 16:33:31,431 INFO  impl.FollowerState (FollowerState.java:run(106)) - fb2a5e7d-4da2-4e0a-82af-c73b0c91fc3e:group-8DF88A17972D changes to CANDIDATE, lastRpcTime:5127, electionTimeout:5123ms
2019-07-14 16:33:31,432 INFO  impl.RoleInfo (RoleInfo.java:shutdownFollowerState(121)) - fb2a5e7d-4da2-4e0a-82af-c73b0c91fc3e: shutdown FollowerState
2019-07-14 16:33:31,432 INFO  impl.RaftServerImpl (RaftServerImpl.java:setRole(171)) - fb2a5e7d-4da2-4e0a-82af-c73b0c91fc3e:group-8DF88A17972D changes role from FOLLOWER to CANDIDATE at term 0 for changeToCandidate
2019-07-14 16:33:31,432 INFO  impl.RoleInfo (RoleInfo.java:updateAndGet(143)) - fb2a5e7d-4da2-4e0a-82af-c73b0c91fc3e: start LeaderElection
2019-07-14 16:33:31,449 INFO  impl.LeaderElection (LeaderElection.java:askForVotes(181)) - fb2a5e7d-4da2-4e0a-82af-c73b0c91fc3e:group-8DF88A17972D:LeaderElection94: begin an election at term 1 for -1: [fb2a5e7d-4da2-4e0a-82af-c73b0c91fc3e:192.168.69.77:42150], old=null
2019-07-14 16:33:31,449 INFO  impl.RoleInfo (RoleInfo.java:shutdownLeaderElection(134)) - fb2a5e7d-4da2-4e0a-82af-c73b0c91fc3e: shutdown LeaderElection
2019-07-14 16:33:31,449 INFO  impl.RaftServerImpl (RaftServerImpl.java:setRole(171)) - fb2a5e7d-4da2-4e0a-82af-c73b0c91fc3e:group-8DF88A17972D changes role from CANDIDATE to LEADER at term 1 for changeToLeader
2019-07-14 16:33:31,449 INFO  impl.RaftServerImpl (ServerState.java:setLeader(263)) - fb2a5e7d-4da2-4e0a-82af-c73b0c91fc3e:group-8DF88A17972D change Leader from null to fb2a5e7d-4da2-4e0a-82af-c73b0c91fc3e at term 1 for becomeLeader, leader elected after 5149ms
2019-07-14 16:33:31,452 INFO  server.RaftServerConfigKeys (ConfUtils.java:logGet(43)) - raft.server.staging.catchup.gap = 1000 (default)
2019-07-14 16:33:31,452 INFO  server.RaftServerConfigKeys (ConfUtils.java:logGet(43)) - raft.server.rpc.sleep.time = 25ms (default)
2019-07-14 16:33:31,452 INFO  server.RaftServerConfigKeys (ConfUtils.java:logGet(43)) - raft.server.write.element-limit = 4096 (default)
2019-07-14 16:33:31,452 INFO  server.RaftServerConfigKeys (ConfUtils.java:logGet(43)) - raft.server.watch.timeout = 10s (default)
2019-07-14 16:33:31,452 INFO  server.RaftServerConfigKeys (ConfUtils.java:logGet(43)) - raft.server.watch.timeout.denomination = 1s (default)
2019-07-14 16:33:31,452 INFO  server.RaftServerConfigKeys (ConfUtils.java:logGet(43)) - raft.server.watch.element-limit = 65536 (default)
2019-07-14 16:33:31,452 INFO  impl.RoleInfo (RoleInfo.java:updateAndGet(143)) - fb2a5e7d-4da2-4e0a-82af-c73b0c91fc3e: start LeaderState
2019-07-14 16:33:31,453 INFO  segmented.SegmentedRaftLogWorker (SegmentedRaftLogWorker.java:startLogSegment(380)) - fb2a5e7d-4da2-4e0a-82af-c73b0c91fc3e-SegmentedRaftLogWorker:Storage Directory /workdir/hadoop-ozone/integration-test/target/test-dir/MiniOzoneClusterImpl-08738c8b-c1fa-46e0-b7fe-0ffeb36e6730/datanode-6/data/ratis/12276977-e53d-46d1-a617-8df88a17972d: Starting segment from index:0
2019-07-14 16:33:31,453 INFO  impl.RaftServerImpl (ServerState.java:setRaftConf(361)) - fb2a5e7d-4da2-4e0a-82af-c73b0c91fc3e:group-8DF88A17972D set configuration 0: [fb2a5e7d-4da2-4e0a-82af-c73b0c91fc3e:192.168.69.77:42150], old=null at 0
2019-07-14 16:33:31,490 INFO  segmented.SegmentedRaftLogWorker (SegmentedRaftLogWorker.java:execute(569)) - fb2a5e7d-4da2-4e0a-82af-c73b0c91fc3e-SegmentedRaftLogWorker:Storage Directory /workdir/hadoop-ozone/integration-test/target/test-dir/MiniOzoneClusterImpl-08738c8b-c1fa-46e0-b7fe-0ffeb36e6730/datanode-6/data/ratis/12276977-e53d-46d1-a617-8df88a17972d: created new log segment /workdir/hadoop-ozone/integration-test/target/test-dir/MiniOzoneClusterImpl-08738c8b-c1fa-46e0-b7fe-0ffeb36e6730/datanode-6/data/ratis/12276977-e53d-46d1-a617-8df88a17972d/current/log_inprogress_0
2019-07-14 16:33:31,518 INFO  client.GrpcClientProtocolClient (GrpcClientProtocolClient.java:onNext(255)) - client-36B41D9B8F91->4dce4393-7fae-4871-828c-a5f0ee5dd363: receive RaftClientReply:client-36B41D9B8F91->4dce4393-7fae-4871-828c-a5f0ee5dd363@group-537C26EA5BC3, cid=235, SUCCESS, logIndex=1, commits[4dce4393-7fae-4871-828c-a5f0ee5dd363:c1, 1e8381d4-e571-4076-8ec1-f519959dd3b0:c-1, 87e0d44a-7661-4c4e-9766-d982f5879c7e:c0]
2019-07-14 16:33:31,537 INFO  client.GrpcClientProtocolClient (GrpcClientProtocolClient.java:onNext(255)) - client-36B41D9B8F91->4dce4393-7fae-4871-828c-a5f0ee5dd363: receive RaftClientReply:client-36B41D9B8F91->4dce4393-7fae-4871-828c-a5f0ee5dd363@group-537C26EA5BC3, cid=236, SUCCESS, logIndex=3, commits[4dce4393-7fae-4871-828c-a5f0ee5dd363:c3, 1e8381d4-e571-4076-8ec1-f519959dd3b0:c-1, 87e0d44a-7661-4c4e-9766-d982f5879c7e:c2]
2019-07-14 16:33:31,596 INFO  client.GrpcClientProtocolClient (GrpcClientProtocolClient.java:onNext(255)) - client-36B41D9B8F91->4dce4393-7fae-4871-828c-a5f0ee5dd363: receive RaftClientReply:client-36B41D9B8F91->4dce4393-7fae-4871-828c-a5f0ee5dd363@group-537C26EA5BC3, cid=237, SUCCESS, logIndex=4, commits[4dce4393-7fae-4871-828c-a5f0ee5dd363:c12, 1e8381d4-e571-4076-8ec1-f519959dd3b0:c7, 87e0d44a-7661-4c4e-9766-d982f5879c7e:c7]
2019-07-14 16:33:31,597 INFO  client.GrpcClientProtocolClient (GrpcClientProtocolClient.java:onNext(255)) - client-36B41D9B8F91->4dce4393-7fae-4871-828c-a5f0ee5dd363: receive RaftClientReply:client-36B41D9B8F91->4dce4393-7fae-4871-828c-a5f0ee5dd363@group-537C26EA5BC3, cid=238, SUCCESS, logIndex=5, commits[4dce4393-7fae-4871-828c-a5f0ee5dd363:c12, 1e8381d4-e571-4076-8ec1-f519959dd3b0:c7, 87e0d44a-7661-4c4e-9766-d982f5879c7e:c7]
2019-07-14 16:33:31,597 INFO  client.GrpcClientProtocolClient (GrpcClientProtocolClient.java:onNext(255)) - client-36B41D9B8F91->4dce4393-7fae-4871-828c-a5f0ee5dd363: receive RaftClientReply:client-36B41D9B8F91->4dce4393-7fae-4871-828c-a5f0ee5dd363@group-537C26EA5BC3, cid=239, SUCCESS, logIndex=6, commits[4dce4393-7fae-4871-828c-a5f0ee5dd363:c12, 1e8381d4-e571-4076-8ec1-f519959dd3b0:c7, 87e0d44a-7661-4c4e-9766-d982f5879c7e:c7]
2019-07-14 16:33:31,691 INFO  client.GrpcClientProtocolClient (GrpcClientProtocolClient.java:onNext(255)) - client-36B41D9B8F91->4dce4393-7fae-4871-828c-a5f0ee5dd363: receive RaftClientReply:client-36B41D9B8F91->4dce4393-7fae-4871-828c-a5f0ee5dd363@group-537C26EA5BC3, cid=240, SUCCESS, logIndex=7, commits[4dce4393-7fae-4871-828c-a5f0ee5dd363:c12, 1e8381d4-e571-4076-8ec1-f519959dd3b0:c7, 87e0d44a-7661-4c4e-9766-d982f5879c7e:c7]
2019-07-14 16:33:31,731 INFO  client.GrpcClientProtocolClient (GrpcClientProtocolClient.java:onNext(255)) - client-36B41D9B8F91->4dce4393-7fae-4871-828c-a5f0ee5dd363: receive RaftClientReply:client-36B41D9B8F91->4dce4393-7fae-4871-828c-a5f0ee5dd363@group-537C26EA5BC3, cid=241, SUCCESS, logIndex=13, commits[4dce4393-7fae-4871-828c-a5f0ee5dd363:c14, 1e8381d4-e571-4076-8ec1-f519959dd3b0:c12, 87e0d44a-7661-4c4e-9766-d982f5879c7e:c12]
2019-07-14 16:33:31,732 INFO  client.GrpcClientProtocolClient (GrpcClientProtocolClient.java:onNext(255)) - client-36B41D9B8F91->4dce4393-7fae-4871-828c-a5f0ee5dd363: receive RaftClientReply:client-36B41D9B8F91->4dce4393-7fae-4871-828c-a5f0ee5dd363@group-537C26EA5BC3, cid=242, SUCCESS, logIndex=14, commits[4dce4393-7fae-4871-828c-a5f0ee5dd363:c14, 1e8381d4-e571-4076-8ec1-f519959dd3b0:c12, 87e0d44a-7661-4c4e-9766-d982f5879c7e:c12]
2019-07-14 16:33:31,744 INFO  client.GrpcClientProtocolClient (GrpcClientProtocolClient.java:onNext(255)) - client-36B41D9B8F91->4dce4393-7fae-4871-828c-a5f0ee5dd363: receive RaftClientReply:client-36B41D9B8F91->4dce4393-7fae-4871-828c-a5f0ee5dd363@group-537C26EA5BC3, cid=243, SUCCESS, logIndex=0, commits[4dce4393-7fae-4871-828c-a5f0ee5dd363:c15, 1e8381d4-e571-4076-8ec1-f519959dd3b0:c14, 87e0d44a-7661-4c4e-9766-d982f5879c7e:c14]
2019-07-14 16:33:31,745 INFO  container.CloseContainerEventHandler (CloseContainerEventHandler.java:onMessage(61)) - Close container Event triggered for container : #1
2019-07-14 16:33:31,746 INFO  container.CloseContainerEventHandler (CloseContainerEventHandler.java:onMessage(61)) - Close container Event triggered for container : #1
2019-07-14 16:33:31,746 INFO  container.CloseContainerEventHandler (CloseContainerEventHandler.java:onMessage(61)) - Close container Event triggered for container : #1
2019-07-14 16:33:32,805 INFO  interfaces.Container (KeyValueContainer.java:compactDB(356)) - Container 1 is closed with bcsId 14.
2019-07-14 16:33:32,820 INFO  interfaces.Container (KeyValueContainer.java:compactDB(356)) - Container 1 is closed with bcsId 14.
2019-07-14 16:33:32,835 INFO  interfaces.Container (KeyValueContainer.java:compactDB(356)) - Container 1 is closed with bcsId 14.
16:33:33.247 [grpc-default-executor-8] ERROR DNAudit - user=null | ip=null | op=WRITE_CHUNK {blockData=conID: 1 locID: 102440763873689619 bcsId: 14} | ret=FAILURE
org.apache.hadoop.hdds.scm.container.common.helpers.ContainerNotOpenException: Container 1 in CLOSED state
	at org.apache.hadoop.ozone.container.common.impl.HddsDispatcher.validateContainerCommand(HddsDispatcher.java:408) ~[hadoop-hdds-container-service-0.5.0-SNAPSHOT.jar:?]
	at org.apache.hadoop.ozone.container.common.transport.server.ratis.ContainerStateMachine.startTransaction(ContainerStateMachine.java:271) ~[hadoop-hdds-container-service-0.5.0-SNAPSHOT.jar:?]
	at org.apache.ratis.server.impl.RaftServerImpl.submitClientRequestAsync(RaftServerImpl.java:566) ~[ratis-server-0.4.0-2337318-SNAPSHOT.jar:0.4.0-2337318-SNAPSHOT]
	at org.apache.ratis.server.impl.RaftServerProxy.lambda$submitClientRequestAsync$7(RaftServerProxy.java:333) ~[ratis-server-0.4.0-2337318-SNAPSHOT.jar:0.4.0-2337318-SNAPSHOT]
	at org.apache.ratis.server.impl.RaftServerProxy.lambda$null$5(RaftServerProxy.java:328) ~[ratis-server-0.4.0-2337318-SNAPSHOT.jar:0.4.0-2337318-SNAPSHOT]
	at org.apache.ratis.util.JavaUtils.callAsUnchecked(JavaUtils.java:109) ~[ratis-common-0.4.0-2337318-SNAPSHOT.jar:0.4.0-2337318-SNAPSHOT]
	at org.apache.ratis.server.impl.RaftServerProxy.lambda$submitRequest$6(RaftServerProxy.java:328) ~[ratis-server-0.4.0-2337318-SNAPSHOT.jar:0.4.0-2337318-SNAPSHOT]
	at java.util.concurrent.CompletableFuture.uniComposeStage(CompletableFuture.java:981) ~[?:1.8.0_212]
	at java.util.concurrent.CompletableFuture.thenCompose(CompletableFuture.java:2124) ~[?:1.8.0_212]
	at org.apache.ratis.server.impl.RaftServerProxy.submitRequest(RaftServerProxy.java:327) ~[ratis-server-0.4.0-2337318-SNAPSHOT.jar:0.4.0-2337318-SNAPSHOT]
	at org.apache.ratis.server.impl.RaftServerProxy.submitClientRequestAsync(RaftServerProxy.java:333) ~[ratis-server-0.4.0-2337318-SNAPSHOT.jar:0.4.0-2337318-SNAPSHOT]
	at org.apache.ratis.grpc.client.GrpcClientProtocolService$RequestStreamObserver.processClientRequest(GrpcClientProtocolService.java:220) ~[ratis-grpc-0.4.0-2337318-SNAPSHOT.jar:0.4.0-2337318-SNAPSHOT]
	at org.apache.ratis.grpc.client.GrpcClientProtocolService$OrderedRequestStreamObserver.processClientRequest(GrpcClientProtocolService.java:326) ~[ratis-grpc-0.4.0-2337318-SNAPSHOT.jar:0.4.0-2337318-SNAPSHOT]
	at org.apache.ratis.util.SlidingWindow$Server.processRequestsFromHead(SlidingWindow.java:429) [ratis-common-0.4.0-2337318-SNAPSHOT.jar:0.4.0-2337318-SNAPSHOT]
	at org.apache.ratis.util.SlidingWindow$Server.receivedRequest(SlidingWindow.java:421) [ratis-common-0.4.0-2337318-SNAPSHOT.jar:0.4.0-2337318-SNAPSHOT]
	at org.apache.ratis.grpc.client.GrpcClientProtocolService$OrderedRequestStreamObserver.processClientRequest(GrpcClientProtocolService.java:345) [ratis-grpc-0.4.0-2337318-SNAPSHOT.jar:0.4.0-2337318-SNAPSHOT]
	at org.apache.ratis.grpc.client.GrpcClientProtocolService$RequestStreamObserver.onNext(GrpcClientProtocolService.java:240) [ratis-grpc-0.4.0-2337318-SNAPSHOT.jar:0.4.0-2337318-SNAPSHOT]
	at org.apache.ratis.grpc.client.GrpcClientProtocolService$RequestStreamObserver.onNext(GrpcClientProtocolService.java:168) [ratis-grpc-0.4.0-2337318-SNAPSHOT.jar:0.4.0-2337318-SNAPSHOT]
	at org.apache.ratis.thirdparty.io.grpc.stub.ServerCalls$StreamingServerCallHandler$StreamingServerCallListener.onMessage(ServerCalls.java:248) [ratis-thirdparty-misc-0.2.0.jar:0.2.0]
	at org.apache.ratis.thirdparty.io.grpc.internal.ServerCallImpl$ServerStreamListenerImpl.messagesAvailable(ServerCallImpl.java:263) [ratis-thirdparty-misc-0.2.0.jar:0.2.0]
	at org.apache.ratis.thirdparty.io.grpc.internal.ServerImpl$JumpToApplicationThreadServerStreamListener$1MessagesAvailable.runInContext(ServerImpl.java:686) [ratis-thirdparty-misc-0.2.0.jar:0.2.0]
	at org.apache.ratis.thirdparty.io.grpc.internal.ContextRunnable.run(ContextRunnable.java:37) [ratis-thirdparty-misc-0.2.0.jar:0.2.0]
	at org.apache.ratis.thirdparty.io.grpc.internal.SerializingExecutor.run(SerializingExecutor.java:123) [ratis-thirdparty-misc-0.2.0.jar:0.2.0]
	at java.util.concurrent.ThreadPoolExecutor.runWorker(ThreadPoolExecutor.java:1149) [?:1.8.0_212]
	at java.util.concurrent.ThreadPoolExecutor$Worker.run(ThreadPoolExecutor.java:624) [?:1.8.0_212]
	at java.lang.Thread.run(Thread.java:748) [?:1.8.0_212]
16:33:33.257 [grpc-default-executor-8] ERROR DNAudit - user=null | ip=null | op=WRITE_CHUNK {blockData=conID: 1 locID: 102440763873689619 bcsId: 14} | ret=FAILURE
org.apache.hadoop.hdds.scm.container.common.helpers.ContainerNotOpenException: Container 1 in CLOSED state
	at org.apache.hadoop.ozone.container.common.impl.HddsDispatcher.validateContainerCommand(HddsDispatcher.java:408) ~[hadoop-hdds-container-service-0.5.0-SNAPSHOT.jar:?]
	at org.apache.hadoop.ozone.container.common.transport.server.ratis.ContainerStateMachine.startTransaction(ContainerStateMachine.java:271) ~[hadoop-hdds-container-service-0.5.0-SNAPSHOT.jar:?]
	at org.apache.ratis.server.impl.RaftServerImpl.submitClientRequestAsync(RaftServerImpl.java:566) ~[ratis-server-0.4.0-2337318-SNAPSHOT.jar:0.4.0-2337318-SNAPSHOT]
	at org.apache.ratis.server.impl.RaftServerProxy.lambda$submitClientRequestAsync$7(RaftServerProxy.java:333) ~[ratis-server-0.4.0-2337318-SNAPSHOT.jar:0.4.0-2337318-SNAPSHOT]
	at org.apache.ratis.server.impl.RaftServerProxy.lambda$null$5(RaftServerProxy.java:328) ~[ratis-server-0.4.0-2337318-SNAPSHOT.jar:0.4.0-2337318-SNAPSHOT]
	at org.apache.ratis.util.JavaUtils.callAsUnchecked(JavaUtils.java:109) ~[ratis-common-0.4.0-2337318-SNAPSHOT.jar:0.4.0-2337318-SNAPSHOT]
	at org.apache.ratis.server.impl.RaftServerProxy.lambda$submitRequest$6(RaftServerProxy.java:328) ~[ratis-server-0.4.0-2337318-SNAPSHOT.jar:0.4.0-2337318-SNAPSHOT]
	at java.util.concurrent.CompletableFuture.uniComposeStage(CompletableFuture.java:981) ~[?:1.8.0_212]
	at java.util.concurrent.CompletableFuture.thenCompose(CompletableFuture.java:2124) ~[?:1.8.0_212]
	at org.apache.ratis.server.impl.RaftServerProxy.submitRequest(RaftServerProxy.java:327) ~[ratis-server-0.4.0-2337318-SNAPSHOT.jar:0.4.0-2337318-SNAPSHOT]
	at org.apache.ratis.server.impl.RaftServerProxy.submitClientRequestAsync(RaftServerProxy.java:333) ~[ratis-server-0.4.0-2337318-SNAPSHOT.jar:0.4.0-2337318-SNAPSHOT]
	at org.apache.ratis.grpc.client.GrpcClientProtocolService$RequestStreamObserver.processClientRequest(GrpcClientProtocolService.java:220) ~[ratis-grpc-0.4.0-2337318-SNAPSHOT.jar:0.4.0-2337318-SNAPSHOT]
	at org.apache.ratis.grpc.client.GrpcClientProtocolService$OrderedRequestStreamObserver.processClientRequest(GrpcClientProtocolService.java:326) ~[ratis-grpc-0.4.0-2337318-SNAPSHOT.jar:0.4.0-2337318-SNAPSHOT]
	at org.apache.ratis.util.SlidingWindow$Server.processRequestsFromHead(SlidingWindow.java:429) [ratis-common-0.4.0-2337318-SNAPSHOT.jar:0.4.0-2337318-SNAPSHOT]
	at org.apache.ratis.util.SlidingWindow$Server.receivedRequest(SlidingWindow.java:421) [ratis-common-0.4.0-2337318-SNAPSHOT.jar:0.4.0-2337318-SNAPSHOT]
	at org.apache.ratis.grpc.client.GrpcClientProtocolService$OrderedRequestStreamObserver.processClientRequest(GrpcClientProtocolService.java:345) [ratis-grpc-0.4.0-2337318-SNAPSHOT.jar:0.4.0-2337318-SNAPSHOT]
	at org.apache.ratis.grpc.client.GrpcClientProtocolService$RequestStreamObserver.onNext(GrpcClientProtocolService.java:240) [ratis-grpc-0.4.0-2337318-SNAPSHOT.jar:0.4.0-2337318-SNAPSHOT]
	at org.apache.ratis.grpc.client.GrpcClientProtocolService$RequestStreamObserver.onNext(GrpcClientProtocolService.java:168) [ratis-grpc-0.4.0-2337318-SNAPSHOT.jar:0.4.0-2337318-SNAPSHOT]
	at org.apache.ratis.thirdparty.io.grpc.stub.ServerCalls$StreamingServerCallHandler$StreamingServerCallListener.onMessage(ServerCalls.java:248) [ratis-thirdparty-misc-0.2.0.jar:0.2.0]
	at org.apache.ratis.thirdparty.io.grpc.internal.ServerCallImpl$ServerStreamListenerImpl.messagesAvailable(ServerCallImpl.java:263) [ratis-thirdparty-misc-0.2.0.jar:0.2.0]
	at org.apache.ratis.thirdparty.io.grpc.internal.ServerImpl$JumpToApplicationThreadServerStreamListener$1MessagesAvailable.runInContext(ServerImpl.java:686) [ratis-thirdparty-misc-0.2.0.jar:0.2.0]
	at org.apache.ratis.thirdparty.io.grpc.internal.ContextRunnable.run(ContextRunnable.java:37) [ratis-thirdparty-misc-0.2.0.jar:0.2.0]
	at org.apache.ratis.thirdparty.io.grpc.internal.SerializingExecutor.run(SerializingExecutor.java:123) [ratis-thirdparty-misc-0.2.0.jar:0.2.0]
	at java.util.concurrent.ThreadPoolExecutor.runWorker(ThreadPoolExecutor.java:1149) [?:1.8.0_212]
	at java.util.concurrent.ThreadPoolExecutor$Worker.run(ThreadPoolExecutor.java:624) [?:1.8.0_212]
	at java.lang.Thread.run(Thread.java:748) [?:1.8.0_212]
2019-07-14 16:33:33,258 INFO  client.GrpcClientProtocolClient (GrpcClientProtocolClient.java:onNext(255)) - client-36B41D9B8F91->4dce4393-7fae-4871-828c-a5f0ee5dd363: receive RaftClientReply:client-36B41D9B8F91->4dce4393-7fae-4871-828c-a5f0ee5dd363@group-537C26EA5BC3, cid=244, FAILED org.apache.ratis.protocol.StateMachineException: org.apache.hadoop.hdds.scm.container.common.helpers.ContainerNotOpenException from Server 4dce4393-7fae-4871-828c-a5f0ee5dd363: Container 1 in CLOSED state, logIndex=0, commits[4dce4393-7fae-4871-828c-a5f0ee5dd363:c18, 1e8381d4-e571-4076-8ec1-f519959dd3b0:c17, 87e0d44a-7661-4c4e-9766-d982f5879c7e:c17]
16:33:33.261 [grpc-default-executor-8] ERROR DNAudit - user=null | ip=null | op=PUT_BLOCK {blockData=[blockId=conID: 1 locID: 102440763873689619 bcsId: 0,size=650]} | ret=FAILURE
org.apache.hadoop.hdds.scm.container.common.helpers.ContainerNotOpenException: Container 1 in CLOSED state
	at org.apache.hadoop.ozone.container.common.impl.HddsDispatcher.validateContainerCommand(HddsDispatcher.java:408) ~[hadoop-hdds-container-service-0.5.0-SNAPSHOT.jar:?]
	at org.apache.hadoop.ozone.container.common.transport.server.ratis.ContainerStateMachine.startTransaction(ContainerStateMachine.java:271) ~[hadoop-hdds-container-service-0.5.0-SNAPSHOT.jar:?]
	at org.apache.ratis.server.impl.RaftServerImpl.submitClientRequestAsync(RaftServerImpl.java:566) ~[ratis-server-0.4.0-2337318-SNAPSHOT.jar:0.4.0-2337318-SNAPSHOT]
	at org.apache.ratis.server.impl.RaftServerProxy.lambda$submitClientRequestAsync$7(RaftServerProxy.java:333) ~[ratis-server-0.4.0-2337318-SNAPSHOT.jar:0.4.0-2337318-SNAPSHOT]
	at org.apache.ratis.server.impl.RaftServerProxy.lambda$null$5(RaftServerProxy.java:328) ~[ratis-server-0.4.0-2337318-SNAPSHOT.jar:0.4.0-2337318-SNAPSHOT]
	at org.apache.ratis.util.JavaUtils.callAsUnchecked(JavaUtils.java:109) ~[ratis-common-0.4.0-2337318-SNAPSHOT.jar:0.4.0-2337318-SNAPSHOT]
	at org.apache.ratis.server.impl.RaftServerProxy.lambda$submitRequest$6(RaftServerProxy.java:328) ~[ratis-server-0.4.0-2337318-SNAPSHOT.jar:0.4.0-2337318-SNAPSHOT]
	at java.util.concurrent.CompletableFuture.uniComposeStage(CompletableFuture.java:981) ~[?:1.8.0_212]
	at java.util.concurrent.CompletableFuture.thenCompose(CompletableFuture.java:2124) ~[?:1.8.0_212]
	at org.apache.ratis.server.impl.RaftServerProxy.submitRequest(RaftServerProxy.java:327) ~[ratis-server-0.4.0-2337318-SNAPSHOT.jar:0.4.0-2337318-SNAPSHOT]
	at org.apache.ratis.server.impl.RaftServerProxy.submitClientRequestAsync(RaftServerProxy.java:333) ~[ratis-server-0.4.0-2337318-SNAPSHOT.jar:0.4.0-2337318-SNAPSHOT]
	at org.apache.ratis.grpc.client.GrpcClientProtocolService$RequestStreamObserver.processClientRequest(GrpcClientProtocolService.java:220) ~[ratis-grpc-0.4.0-2337318-SNAPSHOT.jar:0.4.0-2337318-SNAPSHOT]
	at org.apache.ratis.grpc.client.GrpcClientProtocolService$OrderedRequestStreamObserver.processClientRequest(GrpcClientProtocolService.java:326) ~[ratis-grpc-0.4.0-2337318-SNAPSHOT.jar:0.4.0-2337318-SNAPSHOT]
	at org.apache.ratis.util.SlidingWindow$Server.processRequestsFromHead(SlidingWindow.java:429) [ratis-common-0.4.0-2337318-SNAPSHOT.jar:0.4.0-2337318-SNAPSHOT]
	at org.apache.ratis.util.SlidingWindow$Server.receivedRequest(SlidingWindow.java:421) [ratis-common-0.4.0-2337318-SNAPSHOT.jar:0.4.0-2337318-SNAPSHOT]
	at org.apache.ratis.grpc.client.GrpcClientProtocolService$OrderedRequestStreamObserver.processClientRequest(GrpcClientProtocolService.java:345) [ratis-grpc-0.4.0-2337318-SNAPSHOT.jar:0.4.0-2337318-SNAPSHOT]
	at org.apache.ratis.grpc.client.GrpcClientProtocolService$RequestStreamObserver.onNext(GrpcClientProtocolService.java:240) [ratis-grpc-0.4.0-2337318-SNAPSHOT.jar:0.4.0-2337318-SNAPSHOT]
	at org.apache.ratis.grpc.client.GrpcClientProtocolService$RequestStreamObserver.onNext(GrpcClientProtocolService.java:168) [ratis-grpc-0.4.0-2337318-SNAPSHOT.jar:0.4.0-2337318-SNAPSHOT]
	at org.apache.ratis.thirdparty.io.grpc.stub.ServerCalls$StreamingServerCallHandler$StreamingServerCallListener.onMessage(ServerCalls.java:248) [ratis-thirdparty-misc-0.2.0.jar:0.2.0]
	at org.apache.ratis.thirdparty.io.grpc.internal.ServerCallImpl$ServerStreamListenerImpl.messagesAvailable(ServerCallImpl.java:263) [ratis-thirdparty-misc-0.2.0.jar:0.2.0]
	at org.apache.ratis.thirdparty.io.grpc.internal.ServerImpl$JumpToApplicationThreadServerStreamListener$1MessagesAvailable.runInContext(ServerImpl.java:686) [ratis-thirdparty-misc-0.2.0.jar:0.2.0]
	at org.apache.ratis.thirdparty.io.grpc.internal.ContextRunnable.run(ContextRunnable.java:37) [ratis-thirdparty-misc-0.2.0.jar:0.2.0]
	at org.apache.ratis.thirdparty.io.grpc.internal.SerializingExecutor.run(SerializingExecutor.java:123) [ratis-thirdparty-misc-0.2.0.jar:0.2.0]
	at java.util.concurrent.ThreadPoolExecutor.runWorker(ThreadPoolExecutor.java:1149) [?:1.8.0_212]
	at java.util.concurrent.ThreadPoolExecutor$Worker.run(ThreadPoolExecutor.java:624) [?:1.8.0_212]
	at java.lang.Thread.run(Thread.java:748) [?:1.8.0_212]
2019-07-14 16:33:33,274 INFO  client.GrpcClientProtocolClient (GrpcClientProtocolClient.java:onNext(255)) - client-36B41D9B8F91->4dce4393-7fae-4871-828c-a5f0ee5dd363: receive RaftClientReply:client-36B41D9B8F91->4dce4393-7fae-4871-828c-a5f0ee5dd363@group-537C26EA5BC3, cid=245, FAILED org.apache.ratis.protocol.StateMachineException: org.apache.hadoop.hdds.scm.container.common.helpers.ContainerNotOpenException from Server 4dce4393-7fae-4871-828c-a5f0ee5dd363: Container 1 in CLOSED state, logIndex=0, commits[4dce4393-7fae-4871-828c-a5f0ee5dd363:c18, 1e8381d4-e571-4076-8ec1-f519959dd3b0:c17, 87e0d44a-7661-4c4e-9766-d982f5879c7e:c17]
16:33:33.274 [grpc-default-executor-8] ERROR DNAudit - user=null | ip=null | op=WRITE_CHUNK {blockData=conID: 1 locID: 102440763873689619 bcsId: 14} | ret=FAILURE
org.apache.hadoop.hdds.scm.container.common.helpers.ContainerNotOpenException: Container 1 in CLOSED state
	at org.apache.hadoop.ozone.container.common.impl.HddsDispatcher.validateContainerCommand(HddsDispatcher.java:408) ~[hadoop-hdds-container-service-0.5.0-SNAPSHOT.jar:?]
	at org.apache.hadoop.ozone.container.common.transport.server.ratis.ContainerStateMachine.startTransaction(ContainerStateMachine.java:271) ~[hadoop-hdds-container-service-0.5.0-SNAPSHOT.jar:?]
	at org.apache.ratis.server.impl.RaftServerImpl.submitClientRequestAsync(RaftServerImpl.java:566) ~[ratis-server-0.4.0-2337318-SNAPSHOT.jar:0.4.0-2337318-SNAPSHOT]
	at org.apache.ratis.server.impl.RaftServerProxy.lambda$submitClientRequestAsync$7(RaftServerProxy.java:333) ~[ratis-server-0.4.0-2337318-SNAPSHOT.jar:0.4.0-2337318-SNAPSHOT]
	at org.apache.ratis.server.impl.RaftServerProxy.lambda$null$5(RaftServerProxy.java:328) ~[ratis-server-0.4.0-2337318-SNAPSHOT.jar:0.4.0-2337318-SNAPSHOT]
	at org.apache.ratis.util.JavaUtils.callAsUnchecked(JavaUtils.java:109) ~[ratis-common-0.4.0-2337318-SNAPSHOT.jar:0.4.0-2337318-SNAPSHOT]
	at org.apache.ratis.server.impl.RaftServerProxy.lambda$submitRequest$6(RaftServerProxy.java:328) ~[ratis-server-0.4.0-2337318-SNAPSHOT.jar:0.4.0-2337318-SNAPSHOT]
	at java.util.concurrent.CompletableFuture.uniComposeStage(CompletableFuture.java:981) ~[?:1.8.0_212]
	at java.util.concurrent.CompletableFuture.thenCompose(CompletableFuture.java:2124) ~[?:1.8.0_212]
	at org.apache.ratis.server.impl.RaftServerProxy.submitRequest(RaftServerProxy.java:327) ~[ratis-server-0.4.0-2337318-SNAPSHOT.jar:0.4.0-2337318-SNAPSHOT]
	at org.apache.ratis.server.impl.RaftServerProxy.submitClientRequestAsync(RaftServerProxy.java:333) ~[ratis-server-0.4.0-2337318-SNAPSHOT.jar:0.4.0-2337318-SNAPSHOT]
	at org.apache.ratis.grpc.client.GrpcClientProtocolService$RequestStreamObserver.processClientRequest(GrpcClientProtocolService.java:220) ~[ratis-grpc-0.4.0-2337318-SNAPSHOT.jar:0.4.0-2337318-SNAPSHOT]
	at org.apache.ratis.grpc.client.GrpcClientProtocolService$OrderedRequestStreamObserver.processClientRequest(GrpcClientProtocolService.java:326) ~[ratis-grpc-0.4.0-2337318-SNAPSHOT.jar:0.4.0-2337318-SNAPSHOT]
	at org.apache.ratis.util.SlidingWindow$Server.processRequestsFromHead(SlidingWindow.java:429) [ratis-common-0.4.0-2337318-SNAPSHOT.jar:0.4.0-2337318-SNAPSHOT]
	at org.apache.ratis.util.SlidingWindow$Server.receivedRequest(SlidingWindow.java:421) [ratis-common-0.4.0-2337318-SNAPSHOT.jar:0.4.0-2337318-SNAPSHOT]
	at org.apache.ratis.grpc.client.GrpcClientProtocolService$OrderedRequestStreamObserver.processClientRequest(GrpcClientProtocolService.java:345) [ratis-grpc-0.4.0-2337318-SNAPSHOT.jar:0.4.0-2337318-SNAPSHOT]
	at org.apache.ratis.grpc.client.GrpcClientProtocolService$RequestStreamObserver.onNext(GrpcClientProtocolService.java:240) [ratis-grpc-0.4.0-2337318-SNAPSHOT.jar:0.4.0-2337318-SNAPSHOT]
	at org.apache.ratis.grpc.client.GrpcClientProtocolService$RequestStreamObserver.onNext(GrpcClientProtocolService.java:168) [ratis-grpc-0.4.0-2337318-SNAPSHOT.jar:0.4.0-2337318-SNAPSHOT]
	at org.apache.ratis.thirdparty.io.grpc.stub.ServerCalls$StreamingServerCallHandler$StreamingServerCallListener.onMessage(ServerCalls.java:248) [ratis-thirdparty-misc-0.2.0.jar:0.2.0]
	at org.apache.ratis.thirdparty.io.grpc.internal.ServerCallImpl$ServerStreamListenerImpl.messagesAvailable(ServerCallImpl.java:263) [ratis-thirdparty-misc-0.2.0.jar:0.2.0]
	at org.apache.ratis.thirdparty.io.grpc.internal.ServerImpl$JumpToApplicationThreadServerStreamListener$1MessagesAvailable.runInContext(ServerImpl.java:686) [ratis-thirdparty-misc-0.2.0.jar:0.2.0]
	at org.apache.ratis.thirdparty.io.grpc.internal.ContextRunnable.run(ContextRunnable.java:37) [ratis-thirdparty-misc-0.2.0.jar:0.2.0]
	at org.apache.ratis.thirdparty.io.grpc.internal.SerializingExecutor.run(SerializingExecutor.java:123) [ratis-thirdparty-misc-0.2.0.jar:0.2.0]
	at java.util.concurrent.ThreadPoolExecutor.runWorker(ThreadPoolExecutor.java:1149) [?:1.8.0_212]
	at java.util.concurrent.ThreadPoolExecutor$Worker.run(ThreadPoolExecutor.java:624) [?:1.8.0_212]
	at java.lang.Thread.run(Thread.java:748) [?:1.8.0_212]
2019-07-14 16:33:33,276 INFO  client.GrpcClientProtocolClient (GrpcClientProtocolClient.java:onNext(255)) - client-36B41D9B8F91->4dce4393-7fae-4871-828c-a5f0ee5dd363: receive RaftClientReply:client-36B41D9B8F91->4dce4393-7fae-4871-828c-a5f0ee5dd363@group-537C26EA5BC3, cid=246, FAILED org.apache.ratis.protocol.StateMachineException: org.apache.hadoop.hdds.scm.container.common.helpers.ContainerNotOpenException from Server 4dce4393-7fae-4871-828c-a5f0ee5dd363: Container 1 in CLOSED state, logIndex=0, commits[4dce4393-7fae-4871-828c-a5f0ee5dd363:c18, 1e8381d4-e571-4076-8ec1-f519959dd3b0:c17, 87e0d44a-7661-4c4e-9766-d982f5879c7e:c17]
16:33:33.281 [grpc-default-executor-8] ERROR DNAudit - user=null | ip=null | op=WRITE_CHUNK {blockData=conID: 1 locID: 102440763873689619 bcsId: 14} | ret=FAILURE
org.apache.hadoop.hdds.scm.container.common.helpers.ContainerNotOpenException: Container 1 in CLOSED state
	at org.apache.hadoop.ozone.container.common.impl.HddsDispatcher.validateContainerCommand(HddsDispatcher.java:408) ~[hadoop-hdds-container-service-0.5.0-SNAPSHOT.jar:?]
	at org.apache.hadoop.ozone.container.common.transport.server.ratis.ContainerStateMachine.startTransaction(ContainerStateMachine.java:271) ~[hadoop-hdds-container-service-0.5.0-SNAPSHOT.jar:?]
	at org.apache.ratis.server.impl.RaftServerImpl.submitClientRequestAsync(RaftServerImpl.java:566) ~[ratis-server-0.4.0-2337318-SNAPSHOT.jar:0.4.0-2337318-SNAPSHOT]
	at org.apache.ratis.server.impl.RaftServerProxy.lambda$submitClientRequestAsync$7(RaftServerProxy.java:333) ~[ratis-server-0.4.0-2337318-SNAPSHOT.jar:0.4.0-2337318-SNAPSHOT]
	at org.apache.ratis.server.impl.RaftServerProxy.lambda$null$5(RaftServerProxy.java:328) ~[ratis-server-0.4.0-2337318-SNAPSHOT.jar:0.4.0-2337318-SNAPSHOT]
	at org.apache.ratis.util.JavaUtils.callAsUnchecked(JavaUtils.java:109) ~[ratis-common-0.4.0-2337318-SNAPSHOT.jar:0.4.0-2337318-SNAPSHOT]
	at org.apache.ratis.server.impl.RaftServerProxy.lambda$submitRequest$6(RaftServerProxy.java:328) ~[ratis-server-0.4.0-2337318-SNAPSHOT.jar:0.4.0-2337318-SNAPSHOT]
	at java.util.concurrent.CompletableFuture.uniComposeStage(CompletableFuture.java:981) ~[?:1.8.0_212]
	at java.util.concurrent.CompletableFuture.thenCompose(CompletableFuture.java:2124) ~[?:1.8.0_212]
	at org.apache.ratis.server.impl.RaftServerProxy.submitRequest(RaftServerProxy.java:327) ~[ratis-server-0.4.0-2337318-SNAPSHOT.jar:0.4.0-2337318-SNAPSHOT]
	at org.apache.ratis.server.impl.RaftServerProxy.submitClientRequestAsync(RaftServerProxy.java:333) ~[ratis-server-0.4.0-2337318-SNAPSHOT.jar:0.4.0-2337318-SNAPSHOT]
	at org.apache.ratis.grpc.client.GrpcClientProtocolService$RequestStreamObserver.processClientRequest(GrpcClientProtocolService.java:220) ~[ratis-grpc-0.4.0-2337318-SNAPSHOT.jar:0.4.0-2337318-SNAPSHOT]
	at org.apache.ratis.grpc.client.GrpcClientProtocolService$OrderedRequestStreamObserver.processClientRequest(GrpcClientProtocolService.java:326) ~[ratis-grpc-0.4.0-2337318-SNAPSHOT.jar:0.4.0-2337318-SNAPSHOT]
	at org.apache.ratis.util.SlidingWindow$Server.processRequestsFromHead(SlidingWindow.java:429) [ratis-common-0.4.0-2337318-SNAPSHOT.jar:0.4.0-2337318-SNAPSHOT]
	at org.apache.ratis.util.SlidingWindow$Server.receivedRequest(SlidingWindow.java:421) [ratis-common-0.4.0-2337318-SNAPSHOT.jar:0.4.0-2337318-SNAPSHOT]
	at org.apache.ratis.grpc.client.GrpcClientProtocolService$OrderedRequestStreamObserver.processClientRequest(GrpcClientProtocolService.java:345) [ratis-grpc-0.4.0-2337318-SNAPSHOT.jar:0.4.0-2337318-SNAPSHOT]
	at org.apache.ratis.grpc.client.GrpcClientProtocolService$RequestStreamObserver.onNext(GrpcClientProtocolService.java:240) [ratis-grpc-0.4.0-2337318-SNAPSHOT.jar:0.4.0-2337318-SNAPSHOT]
	at org.apache.ratis.grpc.client.GrpcClientProtocolService$RequestStreamObserver.onNext(GrpcClientProtocolService.java:168) [ratis-grpc-0.4.0-2337318-SNAPSHOT.jar:0.4.0-2337318-SNAPSHOT]
	at org.apache.ratis.thirdparty.io.grpc.stub.ServerCalls$StreamingServerCallHandler$StreamingServerCallListener.onMessage(ServerCalls.java:248) [ratis-thirdparty-misc-0.2.0.jar:0.2.0]
	at org.apache.ratis.thirdparty.io.grpc.internal.ServerCallImpl$ServerStreamListenerImpl.messagesAvailable(ServerCallImpl.java:263) [ratis-thirdparty-misc-0.2.0.jar:0.2.0]
	at org.apache.ratis.thirdparty.io.grpc.internal.ServerImpl$JumpToApplicationThreadServerStreamListener$1MessagesAvailable.runInContext(ServerImpl.java:686) [ratis-thirdparty-misc-0.2.0.jar:0.2.0]
	at org.apache.ratis.thirdparty.io.grpc.internal.ContextRunnable.run(ContextRunnable.java:37) [ratis-thirdparty-misc-0.2.0.jar:0.2.0]
	at org.apache.ratis.thirdparty.io.grpc.internal.SerializingExecutor.run(SerializingExecutor.java:123) [ratis-thirdparty-misc-0.2.0.jar:0.2.0]
	at java.util.concurrent.ThreadPoolExecutor.runWorker(ThreadPoolExecutor.java:1149) [?:1.8.0_212]
	at java.util.concurrent.ThreadPoolExecutor$Worker.run(ThreadPoolExecutor.java:624) [?:1.8.0_212]
	at java.lang.Thread.run(Thread.java:748) [?:1.8.0_212]
2019-07-14 16:33:33,282 INFO  client.GrpcClientProtocolClient (GrpcClientProtocolClient.java:onNext(255)) - client-36B41D9B8F91->4dce4393-7fae-4871-828c-a5f0ee5dd363: receive RaftClientReply:client-36B41D9B8F91->4dce4393-7fae-4871-828c-a5f0ee5dd363@group-537C26EA5BC3, cid=247, FAILED org.apache.ratis.protocol.StateMachineException: org.apache.hadoop.hdds.scm.container.common.helpers.ContainerNotOpenException from Server 4dce4393-7fae-4871-828c-a5f0ee5dd363: Container 1 in CLOSED state, logIndex=0, commits[4dce4393-7fae-4871-828c-a5f0ee5dd363:c18, 1e8381d4-e571-4076-8ec1-f519959dd3b0:c17, 87e0d44a-7661-4c4e-9766-d982f5879c7e:c17]
2019-07-14 16:33:33,291 INFO  client.GrpcClientProtocolClient (GrpcClientProtocolClient.java:onNext(255)) - client-36B41D9B8F91->4dce4393-7fae-4871-828c-a5f0ee5dd363: receive RaftClientReply:client-36B41D9B8F91->4dce4393-7fae-4871-828c-a5f0ee5dd363@group-537C26EA5BC3, cid=248, FAILED org.apache.ratis.protocol.StateMachineException: org.apache.hadoop.hdds.scm.container.common.helpers.ContainerNotOpenException from Server 4dce4393-7fae-4871-828c-a5f0ee5dd363: Container 1 in CLOSED state, logIndex=0, commits[4dce4393-7fae-4871-828c-a5f0ee5dd363:c18, 1e8381d4-e571-4076-8ec1-f519959dd3b0:c17, 87e0d44a-7661-4c4e-9766-d982f5879c7e:c17]
16:33:33.290 [grpc-default-executor-8] ERROR DNAudit - user=null | ip=null | op=PUT_BLOCK {blockData=[blockId=conID: 1 locID: 102440763873689619 bcsId: 0,size=800]} | ret=FAILURE
org.apache.hadoop.hdds.scm.container.common.helpers.ContainerNotOpenException: Container 1 in CLOSED state
	at org.apache.hadoop.ozone.container.common.impl.HddsDispatcher.validateContainerCommand(HddsDispatcher.java:408) ~[hadoop-hdds-container-service-0.5.0-SNAPSHOT.jar:?]
	at org.apache.hadoop.ozone.container.common.transport.server.ratis.ContainerStateMachine.startTransaction(ContainerStateMachine.java:271) ~[hadoop-hdds-container-service-0.5.0-SNAPSHOT.jar:?]
	at org.apache.ratis.server.impl.RaftServerImpl.submitClientRequestAsync(RaftServerImpl.java:566) ~[ratis-server-0.4.0-2337318-SNAPSHOT.jar:0.4.0-2337318-SNAPSHOT]
	at org.apache.ratis.server.impl.RaftServerProxy.lambda$submitClientRequestAsync$7(RaftServerProxy.java:333) ~[ratis-server-0.4.0-2337318-SNAPSHOT.jar:0.4.0-2337318-SNAPSHOT]
	at org.apache.ratis.server.impl.RaftServerProxy.lambda$null$5(RaftServerProxy.java:328) ~[ratis-server-0.4.0-2337318-SNAPSHOT.jar:0.4.0-2337318-SNAPSHOT]
	at org.apache.ratis.util.JavaUtils.callAsUnchecked(JavaUtils.java:109) ~[ratis-common-0.4.0-2337318-SNAPSHOT.jar:0.4.0-2337318-SNAPSHOT]
	at org.apache.ratis.server.impl.RaftServerProxy.lambda$submitRequest$6(RaftServerProxy.java:328) ~[ratis-server-0.4.0-2337318-SNAPSHOT.jar:0.4.0-2337318-SNAPSHOT]
	at java.util.concurrent.CompletableFuture.uniComposeStage(CompletableFuture.java:981) ~[?:1.8.0_212]
	at java.util.concurrent.CompletableFuture.thenCompose(CompletableFuture.java:2124) ~[?:1.8.0_212]
	at org.apache.ratis.server.impl.RaftServerProxy.submitRequest(RaftServerProxy.java:327) ~[ratis-server-0.4.0-2337318-SNAPSHOT.jar:0.4.0-2337318-SNAPSHOT]
	at org.apache.ratis.server.impl.RaftServerProxy.submitClientRequestAsync(RaftServerProxy.java:333) ~[ratis-server-0.4.0-2337318-SNAPSHOT.jar:0.4.0-2337318-SNAPSHOT]
	at org.apache.ratis.grpc.client.GrpcClientProtocolService$RequestStreamObserver.processClientRequest(GrpcClientProtocolService.java:220) ~[ratis-grpc-0.4.0-2337318-SNAPSHOT.jar:0.4.0-2337318-SNAPSHOT]
	at org.apache.ratis.grpc.client.GrpcClientProtocolService$OrderedRequestStreamObserver.processClientRequest(GrpcClientProtocolService.java:326) ~[ratis-grpc-0.4.0-2337318-SNAPSHOT.jar:0.4.0-2337318-SNAPSHOT]
	at org.apache.ratis.util.SlidingWindow$Server.processRequestsFromHead(SlidingWindow.java:429) [ratis-common-0.4.0-2337318-SNAPSHOT.jar:0.4.0-2337318-SNAPSHOT]
	at org.apache.ratis.util.SlidingWindow$Server.receivedRequest(SlidingWindow.java:421) [ratis-common-0.4.0-2337318-SNAPSHOT.jar:0.4.0-2337318-SNAPSHOT]
	at org.apache.ratis.grpc.client.GrpcClientProtocolService$OrderedRequestStreamObserver.processClientRequest(GrpcClientProtocolService.java:345) [ratis-grpc-0.4.0-2337318-SNAPSHOT.jar:0.4.0-2337318-SNAPSHOT]
	at org.apache.ratis.grpc.client.GrpcClientProtocolService$RequestStreamObserver.onNext(GrpcClientProtocolService.java:240) [ratis-grpc-0.4.0-2337318-SNAPSHOT.jar:0.4.0-2337318-SNAPSHOT]
	at org.apache.ratis.grpc.client.GrpcClientProtocolService$RequestStreamObserver.onNext(GrpcClientProtocolService.java:168) [ratis-grpc-0.4.0-2337318-SNAPSHOT.jar:0.4.0-2337318-SNAPSHOT]
	at org.apache.ratis.thirdparty.io.grpc.stub.ServerCalls$StreamingServerCallHandler$StreamingServerCallListener.onMessage(ServerCalls.java:248) [ratis-thirdparty-misc-0.2.0.jar:0.2.0]
	at org.apache.ratis.thirdparty.io.grpc.internal.ServerCallImpl$ServerStreamListenerImpl.messagesAvailable(ServerCallImpl.java:263) [ratis-thirdparty-misc-0.2.0.jar:0.2.0]
	at org.apache.ratis.thirdparty.io.grpc.internal.ServerImpl$JumpToApplicationThreadServerStreamListener$1MessagesAvailable.runInContext(ServerImpl.java:686) [ratis-thirdparty-misc-0.2.0.jar:0.2.0]
	at org.apache.ratis.thirdparty.io.grpc.internal.ContextRunnable.run(ContextRunnable.java:37) [ratis-thirdparty-misc-0.2.0.jar:0.2.0]
	at org.apache.ratis.thirdparty.io.grpc.internal.SerializingExecutor.run(SerializingExecutor.java:123) [ratis-thirdparty-misc-0.2.0.jar:0.2.0]
	at java.util.concurrent.ThreadPoolExecutor.runWorker(ThreadPoolExecutor.java:1149) [?:1.8.0_212]
	at java.util.concurrent.ThreadPoolExecutor$Worker.run(ThreadPoolExecutor.java:624) [?:1.8.0_212]
	at java.lang.Thread.run(Thread.java:748) [?:1.8.0_212]
2019-07-14 16:33:33,298 INFO  client.GrpcClientProtocolClient (GrpcClientProtocolClient.java:onNext(255)) - client-36B41D9B8F91->4dce4393-7fae-4871-828c-a5f0ee5dd363: receive RaftClientReply:client-36B41D9B8F91->4dce4393-7fae-4871-828c-a5f0ee5dd363@group-537C26EA5BC3, cid=249, FAILED org.apache.ratis.protocol.StateMachineException: org.apache.hadoop.hdds.scm.container.common.helpers.ContainerNotOpenException from Server 4dce4393-7fae-4871-828c-a5f0ee5dd363: Container 1 in CLOSED state, logIndex=0, commits[4dce4393-7fae-4871-828c-a5f0ee5dd363:c18, 1e8381d4-e571-4076-8ec1-f519959dd3b0:c17, 87e0d44a-7661-4c4e-9766-d982f5879c7e:c17]
2019-07-14 16:33:33,323 INFO  client.GrpcClientProtocolClient (GrpcClientProtocolClient.java:onNext(255)) - client-B7C21F34D2B9->3e0cbe12-980e-4522-a295-ddb62eab7be9: receive RaftClientReply:client-B7C21F34D2B9->3e0cbe12-980e-4522-a295-ddb62eab7be9@group-3CD224F69905, cid=250, FAILED org.apache.ratis.protocol.NotLeaderException: Server 3e0cbe12-980e-4522-a295-ddb62eab7be9 is not the leader (b78ff834-b5d5-4deb-95f9-4a167141af01:192.168.69.77:35917). Request must be sent to leader., logIndex=0, commits[3e0cbe12-980e-4522-a295-ddb62eab7be9:c0, 472ad2ac-a58f-4509-9846-5e41ad7cd623:c-1, b78ff834-b5d5-4deb-95f9-4a167141af01:c0]
2019-07-14 16:33:33,446 INFO  client.GrpcClientProtocolClient (GrpcClientProtocolClient.java:onNext(255)) - client-B7C21F34D2B9->b78ff834-b5d5-4deb-95f9-4a167141af01: receive RaftClientReply:client-B7C21F34D2B9->b78ff834-b5d5-4deb-95f9-4a167141af01@group-3CD224F69905, cid=250, SUCCESS, logIndex=1, commits[b78ff834-b5d5-4deb-95f9-4a167141af01:c1, 472ad2ac-a58f-4509-9846-5e41ad7cd623:c0, 3e0cbe12-980e-4522-a295-ddb62eab7be9:c0]
2019-07-14 16:33:33,474 INFO  client.GrpcClientProtocolClient (GrpcClientProtocolClient.java:onNext(255)) - client-B7C21F34D2B9->b78ff834-b5d5-4deb-95f9-4a167141af01: receive RaftClientReply:client-B7C21F34D2B9->b78ff834-b5d5-4deb-95f9-4a167141af01@group-3CD224F69905, cid=251, SUCCESS, logIndex=3, commits[b78ff834-b5d5-4deb-95f9-4a167141af01:c4, 472ad2ac-a58f-4509-9846-5e41ad7cd623:c1, 3e0cbe12-980e-4522-a295-ddb62eab7be9:c1]
2019-07-14 16:33:33,522 INFO  client.GrpcClientProtocolClient (GrpcClientProtocolClient.java:onNext(255)) - client-B7C21F34D2B9->b78ff834-b5d5-4deb-95f9-4a167141af01: receive RaftClientReply:client-B7C21F34D2B9->b78ff834-b5d5-4deb-95f9-4a167141af01@group-3CD224F69905, cid=252, SUCCESS, logIndex=4, commits[b78ff834-b5d5-4deb-95f9-4a167141af01:c12, 472ad2ac-a58f-4509-9846-5e41ad7cd623:c7, 3e0cbe12-980e-4522-a295-ddb62eab7be9:c7]
2019-07-14 16:33:33,522 INFO  client.GrpcClientProtocolClient (GrpcClientProtocolClient.java:onNext(255)) - client-B7C21F34D2B9->b78ff834-b5d5-4deb-95f9-4a167141af01: receive RaftClientReply:client-B7C21F34D2B9->b78ff834-b5d5-4deb-95f9-4a167141af01@group-3CD224F69905, cid=253, SUCCESS, logIndex=5, commits[b78ff834-b5d5-4deb-95f9-4a167141af01:c12, 472ad2ac-a58f-4509-9846-5e41ad7cd623:c7, 3e0cbe12-980e-4522-a295-ddb62eab7be9:c7]
2019-07-14 16:33:33,523 INFO  client.GrpcClientProtocolClient (GrpcClientProtocolClient.java:onNext(255)) - client-B7C21F34D2B9->b78ff834-b5d5-4deb-95f9-4a167141af01: receive RaftClientReply:client-B7C21F34D2B9->b78ff834-b5d5-4deb-95f9-4a167141af01@group-3CD224F69905, cid=254, SUCCESS, logIndex=6, commits[b78ff834-b5d5-4deb-95f9-4a167141af01:c12, 472ad2ac-a58f-4509-9846-5e41ad7cd623:c7, 3e0cbe12-980e-4522-a295-ddb62eab7be9:c7]
2019-07-14 16:33:33,637 INFO  client.GrpcClientProtocolClient (GrpcClientProtocolClient.java:onNext(255)) - client-B7C21F34D2B9->b78ff834-b5d5-4deb-95f9-4a167141af01: receive RaftClientReply:client-B7C21F34D2B9->b78ff834-b5d5-4deb-95f9-4a167141af01@group-3CD224F69905, cid=255, SUCCESS, logIndex=7, commits[b78ff834-b5d5-4deb-95f9-4a167141af01:c12, 472ad2ac-a58f-4509-9846-5e41ad7cd623:c7, 3e0cbe12-980e-4522-a295-ddb62eab7be9:c7]
2019-07-14 16:33:33,661 INFO  client.GrpcClientProtocolClient (GrpcClientProtocolClient.java:onNext(255)) - client-B7C21F34D2B9->b78ff834-b5d5-4deb-95f9-4a167141af01: receive RaftClientReply:client-B7C21F34D2B9->b78ff834-b5d5-4deb-95f9-4a167141af01@group-3CD224F69905, cid=256, SUCCESS, logIndex=13, commits[b78ff834-b5d5-4deb-95f9-4a167141af01:c14, 472ad2ac-a58f-4509-9846-5e41ad7cd623:c12, 3e0cbe12-980e-4522-a295-ddb62eab7be9:c12]
2019-07-14 16:33:33,662 INFO  client.GrpcClientProtocolClient (GrpcClientProtocolClient.java:onNext(255)) - client-B7C21F34D2B9->b78ff834-b5d5-4deb-95f9-4a167141af01: receive RaftClientReply:client-B7C21F34D2B9->b78ff834-b5d5-4deb-95f9-4a167141af01@group-3CD224F69905, cid=257, SUCCESS, logIndex=14, commits[b78ff834-b5d5-4deb-95f9-4a167141af01:c14, 472ad2ac-a58f-4509-9846-5e41ad7cd623:c12, 3e0cbe12-980e-4522-a295-ddb62eab7be9:c12]
2019-07-14 16:33:33,673 INFO  client.GrpcClientProtocolClient (GrpcClientProtocolClient.java:onNext(255)) - client-B7C21F34D2B9->b78ff834-b5d5-4deb-95f9-4a167141af01: receive RaftClientReply:client-B7C21F34D2B9->b78ff834-b5d5-4deb-95f9-4a167141af01@group-3CD224F69905, cid=258, SUCCESS, logIndex=0, commits[b78ff834-b5d5-4deb-95f9-4a167141af01:c15, 472ad2ac-a58f-4509-9846-5e41ad7cd623:c14, 3e0cbe12-980e-4522-a295-ddb62eab7be9:c14]
2019-07-14 16:33:33,704 INFO  pipeline.Pipeline (Pipeline.java:getProtobufMessage(195)) - Serialize pipeline PipelineID=db90ecc0-9775-4adf-9687-3cd224f69905 with nodesInOrder{ }
2019-07-14 16:33:33,706 INFO  ozone.MiniOzoneClusterImpl (MiniOzoneClusterImpl.java:shutdown(321)) - Shutting down the Mini Ozone Cluster
2019-07-14 16:33:33,706 INFO  ozone.MiniOzoneClusterImpl (MiniOzoneClusterImpl.java:stop(336)) - Stopping the Mini Ozone Cluster
2019-07-14 16:33:33,706 INFO  ozone.MiniOzoneClusterImpl (MiniOzoneClusterImpl.java:stop(338)) - Stopping the OzoneManager
2019-07-14 16:33:33,707 INFO  ipc.Server (Server.java:stop(3082)) - Stopping server on 41304
2019-07-14 16:33:33,723 INFO  ipc.Server (Server.java:run(1185)) - Stopping IPC Server listener on 41304
2019-07-14 16:33:33,723 INFO  utils.BackgroundService (BackgroundService.java:shutdown(148)) - Shutting down service KeyDeletingService
2019-07-14 16:33:33,723 INFO  ipc.Server (Server.java:run(1319)) - Stopping IPC Server Responder
2019-07-14 16:33:33,739 INFO  handler.ContextHandler (ContextHandler.java:doStop(910)) - Stopped o.e.j.w.WebAppContext@6044311a{/,null,UNAVAILABLE}{/ozoneManager}
2019-07-14 16:33:33,740 INFO  server.AbstractConnector (AbstractConnector.java:doStop(318)) - Stopped ServerConnector@7416b560{HTTP/1.1,[http/1.1]}{0.0.0.0:0}
2019-07-14 16:33:33,740 INFO  handler.ContextHandler (ContextHandler.java:doStop(910)) - Stopped o.e.j.s.ServletContextHandler@22aaa811{/static,file:///workdir/hadoop-ozone/integration-test/target/test-classes/webapps/static,UNAVAILABLE}
2019-07-14 16:33:33,740 INFO  handler.ContextHandler (ContextHandler.java:doStop(910)) - Stopped o.e.j.s.ServletContextHandler@e18848d{/logs,file:///workdir/hadoop-ozone/integration-test/target/log,UNAVAILABLE}
2019-07-14 16:33:33,754 INFO  ozone.MiniOzoneClusterImpl (MiniOzoneClusterImpl.java:stop(344)) - Shutting the HddsDatanodes
2019-07-14 16:33:33,754 INFO  datanode.ObjectStoreHandler (ObjectStoreHandler.java:close(155)) - Closing ObjectStoreHandler.
2019-07-14 16:33:33,754 INFO  datanode.ObjectStoreHandler (ObjectStoreHandler.java:close(155)) - Closing ObjectStoreHandler.
2019-07-14 16:33:33,754 INFO  ozone.HddsDatanodeService (HddsDatanodeService.java:stop(452)) - Stopped plug-in org.apache.hadoop.ozone.web.OzoneHddsDatanodeService@60c5c115
2019-07-14 16:33:33,754 INFO  ozone.HddsDatanodeService (HddsDatanodeService.java:stop(452)) - Stopped plug-in org.apache.hadoop.ozone.web.OzoneHddsDatanodeService@24b9c037
2019-07-14 16:33:33,806 INFO  statemachine.DatanodeStateMachine (DatanodeStateMachine.java:lambda$startDaemon$0(350)) - Ozone container server started.
2019-07-14 16:33:34,439 INFO  statemachine.DatanodeStateMachine (DatanodeStateMachine.java:lambda$startDaemon$0(350)) - Ozone container server started.
2019-07-14 16:33:37,903 INFO  node.StaleNodeHandler (StaleNodeHandler.java:onMessage(58)) - Datanode 4dce4393-7fae-4871-828c-a5f0ee5dd363{ip: 192.168.69.77, host: pr-hdds-1710-5x6jb-1204890111, networkLocation: /default-rack, certSerialId: null} moved to stale state. Finalizing its pipelines [PipelineID=2b41c30d-da77-401e-ad86-31835850e9fb, PipelineID=ebda449e-b6c8-44bc-a0ea-537c26ea5bc3]
2019-07-14 16:33:37,903 INFO  pipeline.SCMPipelineManager (SCMPipelineManager.java:finalizeAndDestroyPipeline(309)) - destroying pipeline:Pipeline[ Id: 2b41c30d-da77-401e-ad86-31835850e9fb, Nodes: 4dce4393-7fae-4871-828c-a5f0ee5dd363{ip: 192.168.69.77, host: pr-hdds-1710-5x6jb-1204890111, networkLocation: /default-rack, certSerialId: null}, Type:RATIS, Factor:ONE, State:OPEN]
2019-07-14 16:33:37,903 INFO  pipeline.PipelineStateManager (PipelineStateManager.java:finalizePipeline(123)) - Pipeline Pipeline[ Id: 2b41c30d-da77-401e-ad86-31835850e9fb, Nodes: 4dce4393-7fae-4871-828c-a5f0ee5dd363{ip: 192.168.69.77, host: pr-hdds-1710-5x6jb-1204890111, networkLocation: /default-rack, certSerialId: null}, Type:RATIS, Factor:ONE, State:CLOSED] moved to CLOSED state
2019-07-14 16:33:37,903 INFO  pipeline.SCMPipelineManager (SCMPipelineManager.java:finalizeAndDestroyPipeline(309)) - destroying pipeline:Pipeline[ Id: ebda449e-b6c8-44bc-a0ea-537c26ea5bc3, Nodes: 4dce4393-7fae-4871-828c-a5f0ee5dd363{ip: 192.168.69.77, host: pr-hdds-1710-5x6jb-1204890111, networkLocation: /default-rack, certSerialId: null}1e8381d4-e571-4076-8ec1-f519959dd3b0{ip: 192.168.69.77, host: pr-hdds-1710-5x6jb-1204890111, networkLocation: /default-rack, certSerialId: null}87e0d44a-7661-4c4e-9766-d982f5879c7e{ip: 192.168.69.77, host: pr-hdds-1710-5x6jb-1204890111, networkLocation: /default-rack, certSerialId: null}, Type:RATIS, Factor:THREE, State:OPEN]
2019-07-14 16:33:37,904 INFO  pipeline.PipelineStateManager (PipelineStateManager.java:finalizePipeline(123)) - Pipeline Pipeline[ Id: ebda449e-b6c8-44bc-a0ea-537c26ea5bc3, Nodes: 4dce4393-7fae-4871-828c-a5f0ee5dd363{ip: 192.168.69.77, host: pr-hdds-1710-5x6jb-1204890111, networkLocation: /default-rack, certSerialId: null}1e8381d4-e571-4076-8ec1-f519959dd3b0{ip: 192.168.69.77, host: pr-hdds-1710-5x6jb-1204890111, networkLocation: /default-rack, certSerialId: null}87e0d44a-7661-4c4e-9766-d982f5879c7e{ip: 192.168.69.77, host: pr-hdds-1710-5x6jb-1204890111, networkLocation: /default-rack, certSerialId: null}, Type:RATIS, Factor:THREE, State:CLOSED] moved to CLOSED state
2019-07-14 16:33:38,503 INFO  node.StaleNodeHandler (StaleNodeHandler.java:onMessage(58)) - Datanode 472ad2ac-a58f-4509-9846-5e41ad7cd623{ip: 192.168.69.77, host: pr-hdds-1710-5x6jb-1204890111, networkLocation: /default-rack, certSerialId: null} moved to stale state. Finalizing its pipelines [PipelineID=f1f46fa8-3058-4c24-bc1d-28afec8646c1, PipelineID=db90ecc0-9775-4adf-9687-3cd224f69905]
2019-07-14 16:33:38,504 INFO  pipeline.SCMPipelineManager (SCMPipelineManager.java:finalizeAndDestroyPipeline(309)) - destroying pipeline:Pipeline[ Id: f1f46fa8-3058-4c24-bc1d-28afec8646c1, Nodes: 472ad2ac-a58f-4509-9846-5e41ad7cd623{ip: 192.168.69.77, host: pr-hdds-1710-5x6jb-1204890111, networkLocation: /default-rack, certSerialId: null}, Type:RATIS, Factor:ONE, State:OPEN]
2019-07-14 16:33:38,504 INFO  pipeline.PipelineStateManager (PipelineStateManager.java:finalizePipeline(123)) - Pipeline Pipeline[ Id: f1f46fa8-3058-4c24-bc1d-28afec8646c1, Nodes: 472ad2ac-a58f-4509-9846-5e41ad7cd623{ip: 192.168.69.77, host: pr-hdds-1710-5x6jb-1204890111, networkLocation: /default-rack, certSerialId: null}, Type:RATIS, Factor:ONE, State:CLOSED] moved to CLOSED state
2019-07-14 16:33:38,504 INFO  pipeline.SCMPipelineManager (SCMPipelineManager.java:finalizeAndDestroyPipeline(309)) - destroying pipeline:Pipeline[ Id: db90ecc0-9775-4adf-9687-3cd224f69905, Nodes: 3e0cbe12-980e-4522-a295-ddb62eab7be9{ip: 192.168.69.77, host: pr-hdds-1710-5x6jb-1204890111, networkLocation: /default-rack, certSerialId: null}472ad2ac-a58f-4509-9846-5e41ad7cd623{ip: 192.168.69.77, host: pr-hdds-1710-5x6jb-1204890111, networkLocation: /default-rack, certSerialId: null}b78ff834-b5d5-4deb-95f9-4a167141af01{ip: 192.168.69.77, host: pr-hdds-1710-5x6jb-1204890111, networkLocation: /default-rack, certSerialId: null}, Type:RATIS, Factor:THREE, State:OPEN]
2019-07-14 16:33:38,504 INFO  pipeline.PipelineStateManager (PipelineStateManager.java:finalizePipeline(123)) - Pipeline Pipeline[ Id: db90ecc0-9775-4adf-9687-3cd224f69905, Nodes: 3e0cbe12-980e-4522-a295-ddb62eab7be9{ip: 192.168.69.77, host: pr-hdds-1710-5x6jb-1204890111, networkLocation: /default-rack, certSerialId: null}472ad2ac-a58f-4509-9846-5e41ad7cd623{ip: 192.168.69.77, host: pr-hdds-1710-5x6jb-1204890111, networkLocation: /default-rack, certSerialId: null}b78ff834-b5d5-4deb-95f9-4a167141af01{ip: 192.168.69.77, host: pr-hdds-1710-5x6jb-1204890111, networkLocation: /default-rack, certSerialId: null}, Type:RATIS, Factor:THREE, State:CLOSED] moved to CLOSED state
2019-07-14 16:33:38,504 INFO  container.CloseContainerEventHandler (CloseContainerEventHandler.java:onMessage(61)) - Close container Event triggered for container : #2
2019-07-14 16:33:38,755 INFO  ozoneimpl.OzoneContainer (OzoneContainer.java:stop(199)) - Attempting to stop container services.
2019-07-14 16:33:38,755 INFO  ozoneimpl.OzoneContainer (OzoneContainer.java:stop(199)) - Attempting to stop container services.
2019-07-14 16:33:38,756 INFO  impl.RaftServerProxy (RaftServerProxy.java:lambda$close$4(314)) - 4dce4393-7fae-4871-828c-a5f0ee5dd363: close
2019-07-14 16:33:38,757 INFO  impl.RaftServerProxy (RaftServerProxy.java:lambda$close$4(314)) - 472ad2ac-a58f-4509-9846-5e41ad7cd623: close
2019-07-14 16:33:38,757 INFO  impl.RaftServerImpl (RaftServerImpl.java:lambda$shutdown$3(245)) - 4dce4393-7fae-4871-828c-a5f0ee5dd363: shutdown group-31835850E9FB
2019-07-14 16:33:38,757 INFO  impl.RaftServerImpl (RaftServerImpl.java:lambda$shutdown$3(245)) - 472ad2ac-a58f-4509-9846-5e41ad7cd623: shutdown group-28AFEC8646C1
2019-07-14 16:33:38,758 INFO  util.JmxRegister (JmxRegister.java:unregister(73)) - Successfully un-registered JMX Bean with object name Ratis:service=RaftServer,group=group-31835850E9FB,id=4dce4393-7fae-4871-828c-a5f0ee5dd363
2019-07-14 16:33:38,758 INFO  util.JmxRegister (JmxRegister.java:unregister(73)) - Successfully un-registered JMX Bean with object name Ratis:service=RaftServer,group=group-28AFEC8646C1,id=472ad2ac-a58f-4509-9846-5e41ad7cd623
2019-07-14 16:33:38,758 INFO  impl.RoleInfo (RoleInfo.java:shutdownLeaderState(104)) - 4dce4393-7fae-4871-828c-a5f0ee5dd363: shutdown LeaderState
2019-07-14 16:33:38,758 INFO  impl.RoleInfo (RoleInfo.java:shutdownLeaderState(104)) - 472ad2ac-a58f-4509-9846-5e41ad7cd623: shutdown LeaderState
2019-07-14 16:33:38,759 INFO  impl.PendingRequests (PendingRequests.java:sendNotLeaderResponses(202)) - 4dce4393-7fae-4871-828c-a5f0ee5dd363-PendingRequests: sendNotLeaderResponses
2019-07-14 16:33:38,759 INFO  impl.PendingRequests (PendingRequests.java:sendNotLeaderResponses(202)) - 472ad2ac-a58f-4509-9846-5e41ad7cd623-PendingRequests: sendNotLeaderResponses
2019-07-14 16:33:38,760 INFO  ratis.ContainerStateMachine (ContainerStateMachine.java:takeSnapshot(246)) - Taking snapshot at termIndex:(t:0, i:~)
2019-07-14 16:33:38,760 INFO  impl.StateMachineUpdater (StateMachineUpdater.java:stopAndJoin(115)) - StateMachineUpdater:4dce4393-7fae-4871-828c-a5f0ee5dd363:group-31835850E9FB: set stopIndex = 0
2019-07-14 16:33:38,761 INFO  ratis.ContainerStateMachine (ContainerStateMachine.java:takeSnapshot(246)) - Taking snapshot at termIndex:(t:0, i:~)
2019-07-14 16:33:38,760 INFO  impl.StateMachineUpdater (StateMachineUpdater.java:stopAndJoin(115)) - StateMachineUpdater:472ad2ac-a58f-4509-9846-5e41ad7cd623:group-28AFEC8646C1: set stopIndex = 0
2019-07-14 16:33:38,761 INFO  impl.RaftServerImpl (ServerState.java:close(394)) - 472ad2ac-a58f-4509-9846-5e41ad7cd623:group-28AFEC8646C1 closes. The last applied log index is 0
2019-07-14 16:33:38,761 INFO  impl.RaftServerImpl (ServerState.java:close(394)) - 4dce4393-7fae-4871-828c-a5f0ee5dd363:group-31835850E9FB closes. The last applied log index is 0
2019-07-14 16:33:38,762 INFO  segmented.SegmentedRaftLogWorker (SegmentedRaftLogWorker.java:run(313)) - 472ad2ac-a58f-4509-9846-5e41ad7cd623-SegmentedRaftLogWorker:Storage Directory /workdir/hadoop-ozone/integration-test/target/test-dir/MiniOzoneClusterImpl-08738c8b-c1fa-46e0-b7fe-0ffeb36e6730/datanode-1/data/ratis/f1f46fa8-3058-4c24-bc1d-28afec8646c1 was interrupted, exiting. There are 0 tasks remaining in the queue.
2019-07-14 16:33:38,762 INFO  segmented.SegmentedRaftLogWorker (SegmentedRaftLogWorker.java:run(313)) - 4dce4393-7fae-4871-828c-a5f0ee5dd363-SegmentedRaftLogWorker:Storage Directory /workdir/hadoop-ozone/integration-test/target/test-dir/MiniOzoneClusterImpl-08738c8b-c1fa-46e0-b7fe-0ffeb36e6730/datanode-4/data/ratis/2b41c30d-da77-401e-ad86-31835850e9fb was interrupted, exiting. There are 0 tasks remaining in the queue.
2019-07-14 16:33:38,766 INFO  segmented.SegmentedRaftLogWorker (SegmentedRaftLogWorker.java:close(228)) - 472ad2ac-a58f-4509-9846-5e41ad7cd623-SegmentedRaftLogWorker:Storage Directory /workdir/hadoop-ozone/integration-test/target/test-dir/MiniOzoneClusterImpl-08738c8b-c1fa-46e0-b7fe-0ffeb36e6730/datanode-1/data/ratis/f1f46fa8-3058-4c24-bc1d-28afec8646c1 close()
2019-07-14 16:33:38,774 INFO  impl.RaftServerImpl (RaftServerImpl.java:lambda$shutdown$3(245)) - 472ad2ac-a58f-4509-9846-5e41ad7cd623: shutdown group-3CD224F69905
2019-07-14 16:33:38,774 INFO  util.JmxRegister (JmxRegister.java:unregister(73)) - Successfully un-registered JMX Bean with object name Ratis:service=RaftServer,group=group-3CD224F69905,id=472ad2ac-a58f-4509-9846-5e41ad7cd623
2019-07-14 16:33:38,775 INFO  impl.RoleInfo (RoleInfo.java:shutdownFollowerState(121)) - 472ad2ac-a58f-4509-9846-5e41ad7cd623: shutdown FollowerState
2019-07-14 16:33:38,775 INFO  impl.StateMachineUpdater (StateMachineUpdater.java:stopAndJoin(115)) - StateMachineUpdater:472ad2ac-a58f-4509-9846-5e41ad7cd623:group-3CD224F69905: set stopIndex = 16
2019-07-14 16:33:38,775 INFO  impl.FollowerState (FollowerState.java:run(114)) - 472ad2ac-a58f-4509-9846-5e41ad7cd623: FollowerState was interrupted: java.lang.InterruptedException: sleep interrupted
2019-07-14 16:33:38,775 INFO  ratis.ContainerStateMachine (ContainerStateMachine.java:takeSnapshot(246)) - Taking snapshot at termIndex:(t:1, i:14)
2019-07-14 16:33:38,778 INFO  ratis.ContainerStateMachine (ContainerStateMachine.java:takeSnapshot(250)) - Taking a snapshot to file /workdir/hadoop-ozone/integration-test/target/test-dir/MiniOzoneClusterImpl-08738c8b-c1fa-46e0-b7fe-0ffeb36e6730/datanode-1/data/ratis/db90ecc0-9775-4adf-9687-3cd224f69905/sm/snapshot.1_14
2019-07-14 16:33:38,780 INFO  segmented.SegmentedRaftLogWorker (SegmentedRaftLogWorker.java:close(228)) - 4dce4393-7fae-4871-828c-a5f0ee5dd363-SegmentedRaftLogWorker:Storage Directory /workdir/hadoop-ozone/integration-test/target/test-dir/MiniOzoneClusterImpl-08738c8b-c1fa-46e0-b7fe-0ffeb36e6730/datanode-4/data/ratis/2b41c30d-da77-401e-ad86-31835850e9fb close()
2019-07-14 16:33:38,780 INFO  impl.StateMachineUpdater (StateMachineUpdater.java:takeSnapshot(242)) - StateMachineUpdater:472ad2ac-a58f-4509-9846-5e41ad7cd623:group-3CD224F69905: Took a snapshot at index 14
2019-07-14 16:33:38,785 INFO  impl.RaftServerImpl (RaftServerImpl.java:lambda$shutdown$3(245)) - 4dce4393-7fae-4871-828c-a5f0ee5dd363: shutdown group-537C26EA5BC3
2019-07-14 16:33:38,786 INFO  util.JmxRegister (JmxRegister.java:unregister(73)) - Successfully un-registered JMX Bean with object name Ratis:service=RaftServer,group=group-537C26EA5BC3,id=4dce4393-7fae-4871-828c-a5f0ee5dd363
2019-07-14 16:33:38,786 INFO  impl.RoleInfo (RoleInfo.java:shutdownLeaderState(104)) - 4dce4393-7fae-4871-828c-a5f0ee5dd363: shutdown LeaderState
2019-07-14 16:33:38,785 INFO  impl.StateMachineUpdater (StateMachineUpdater.java:lambda$new$0(80)) - StateMachineUpdater:472ad2ac-a58f-4509-9846-5e41ad7cd623:group-3CD224F69905: snapshotIndex: updateIncreasingly -1 -> 14
2019-07-14 16:33:38,791 INFO  impl.PendingRequests (PendingRequests.java:sendNotLeaderResponses(202)) - 4dce4393-7fae-4871-828c-a5f0ee5dd363-PendingRequests: sendNotLeaderResponses
2019-07-14 16:33:38,791 INFO  impl.RaftServerImpl (ServerState.java:close(394)) - 472ad2ac-a58f-4509-9846-5e41ad7cd623:group-3CD224F69905 closes. The last applied log index is 16
2019-07-14 16:33:38,791 WARN  server.GrpcLogAppender (GrpcLogAppender.java:mayWait(143)) - GrpcLogAppender(4dce4393-7fae-4871-828c-a5f0ee5dd363->87e0d44a-7661-4c4e-9766-d982f5879c7e): Wait interrupted by java.lang.InterruptedException
2019-07-14 16:33:38,791 WARN  server.GrpcLogAppender (GrpcLogAppender.java:mayWait(143)) - GrpcLogAppender(4dce4393-7fae-4871-828c-a5f0ee5dd363->1e8381d4-e571-4076-8ec1-f519959dd3b0): Wait interrupted by java.lang.InterruptedException
2019-07-14 16:33:38,794 INFO  segmented.SegmentedRaftLogWorker (SegmentedRaftLogWorker.java:run(313)) - 472ad2ac-a58f-4509-9846-5e41ad7cd623-SegmentedRaftLogWorker:Storage Directory /workdir/hadoop-ozone/integration-test/target/test-dir/MiniOzoneClusterImpl-08738c8b-c1fa-46e0-b7fe-0ffeb36e6730/datanode-1/data/ratis/db90ecc0-9775-4adf-9687-3cd224f69905 was interrupted, exiting. There are 0 tasks remaining in the queue.
2019-07-14 16:33:38,794 INFO  ratis.ContainerStateMachine (ContainerStateMachine.java:takeSnapshot(246)) - Taking snapshot at termIndex:(t:1, i:18)
2019-07-14 16:33:38,794 INFO  impl.StateMachineUpdater (StateMachineUpdater.java:stopAndJoin(115)) - StateMachineUpdater:4dce4393-7fae-4871-828c-a5f0ee5dd363:group-537C26EA5BC3: set stopIndex = 18
2019-07-14 16:33:38,797 INFO  ratis.ContainerStateMachine (ContainerStateMachine.java:takeSnapshot(250)) - Taking a snapshot to file /workdir/hadoop-ozone/integration-test/target/test-dir/MiniOzoneClusterImpl-08738c8b-c1fa-46e0-b7fe-0ffeb36e6730/datanode-4/data/ratis/ebda449e-b6c8-44bc-a0ea-537c26ea5bc3/sm/snapshot.1_18
2019-07-14 16:33:38,797 INFO  server.GrpcServerProtocolService (GrpcServerProtocolService.java:onCompleted(104)) - 1e8381d4-e571-4076-8ec1-f519959dd3b0: appendEntries completed
2019-07-14 16:33:38,797 INFO  segmented.SegmentedRaftLogWorker (SegmentedRaftLogWorker.java:close(228)) - 472ad2ac-a58f-4509-9846-5e41ad7cd623-SegmentedRaftLogWorker:Storage Directory /workdir/hadoop-ozone/integration-test/target/test-dir/MiniOzoneClusterImpl-08738c8b-c1fa-46e0-b7fe-0ffeb36e6730/datanode-1/data/ratis/db90ecc0-9775-4adf-9687-3cd224f69905 close()
2019-07-14 16:33:38,795 INFO  server.GrpcServerProtocolService (GrpcServerProtocolService.java:onCompleted(104)) - 87e0d44a-7661-4c4e-9766-d982f5879c7e: appendEntries completed
2019-07-14 16:33:38,803 INFO  server.GrpcService (GrpcService.java:closeImpl(155)) - 472ad2ac-a58f-4509-9846-5e41ad7cd623: shutdown server with port 35732 now
2019-07-14 16:33:38,798 INFO  server.GrpcLogAppender (GrpcLogAppender.java:onCompleted(292)) - 4dce4393-7fae-4871-828c-a5f0ee5dd363->1e8381d4-e571-4076-8ec1-f519959dd3b0: follower responses appendEntries COMPLETED
2019-07-14 16:33:38,798 INFO  impl.StateMachineUpdater (StateMachineUpdater.java:takeSnapshot(242)) - StateMachineUpdater:4dce4393-7fae-4871-828c-a5f0ee5dd363:group-537C26EA5BC3: Took a snapshot at index 18
2019-07-14 16:33:38,803 INFO  server.GrpcLogAppender (GrpcLogAppender.java:onCompleted(292)) - 4dce4393-7fae-4871-828c-a5f0ee5dd363->87e0d44a-7661-4c4e-9766-d982f5879c7e: follower responses appendEntries COMPLETED
2019-07-14 16:33:38,804 INFO  server.GrpcService (GrpcService.java:closeImpl(163)) - 472ad2ac-a58f-4509-9846-5e41ad7cd623: shutdown server with port 35732 successfully
2019-07-14 16:33:38,804 WARN  server.GrpcServerProtocolService (LogUtils.java:warn(134)) - 472ad2ac-a58f-4509-9846-5e41ad7cd623: appendEntries onError: org.apache.ratis.thirdparty.io.grpc.StatusRuntimeException: CANCELLED: cancelled before receiving half close
2019-07-14 16:33:38,804 INFO  impl.StateMachineUpdater (StateMachineUpdater.java:lambda$new$0(80)) - StateMachineUpdater:4dce4393-7fae-4871-828c-a5f0ee5dd363:group-537C26EA5BC3: snapshotIndex: updateIncreasingly -1 -> 18
2019-07-14 16:33:38,804 INFO  impl.FollowerInfo (FollowerInfo.java:lambda$new$0(50)) - 4dce4393-7fae-4871-828c-a5f0ee5dd363->1e8381d4-e571-4076-8ec1-f519959dd3b0: nextIndex: updateUnconditionally 19 -> 18
2019-07-14 16:33:38,805 INFO  impl.RaftServerImpl (ServerState.java:close(394)) - 4dce4393-7fae-4871-828c-a5f0ee5dd363:group-537C26EA5BC3 closes. The last applied log index is 18
2019-07-14 16:33:38,804 WARN  server.GrpcLogAppender (LogUtils.java:warn(134)) - b78ff834-b5d5-4deb-95f9-4a167141af01->472ad2ac-a58f-4509-9846-5e41ad7cd623: Failed appendEntries: org.apache.ratis.thirdparty.io.grpc.StatusRuntimeException: CANCELLED: HTTP/2 error code: CANCEL
Received Rst Stream
2019-07-14 16:33:38,804 INFO  impl.FollowerInfo (FollowerInfo.java:lambda$new$0(50)) - 4dce4393-7fae-4871-828c-a5f0ee5dd363->87e0d44a-7661-4c4e-9766-d982f5879c7e: nextIndex: updateUnconditionally 19 -> 18
2019-07-14 16:33:38,806 INFO  impl.FollowerInfo (FollowerInfo.java:lambda$new$0(50)) - b78ff834-b5d5-4deb-95f9-4a167141af01->472ad2ac-a58f-4509-9846-5e41ad7cd623: nextIndex: updateUnconditionally 17 -> 16
2019-07-14 16:33:38,806 INFO  segmented.SegmentedRaftLogWorker (SegmentedRaftLogWorker.java:run(313)) - 4dce4393-7fae-4871-828c-a5f0ee5dd363-SegmentedRaftLogWorker:Storage Directory /workdir/hadoop-ozone/integration-test/target/test-dir/MiniOzoneClusterImpl-08738c8b-c1fa-46e0-b7fe-0ffeb36e6730/datanode-4/data/ratis/ebda449e-b6c8-44bc-a0ea-537c26ea5bc3 was interrupted, exiting. There are 0 tasks remaining in the queue.
2019-07-14 16:33:38,806 INFO  utils.BackgroundService (BackgroundService.java:shutdown(148)) - Shutting down service BlockDeletingService
2019-07-14 16:33:38,809 INFO  segmented.SegmentedRaftLogWorker (SegmentedRaftLogWorker.java:close(228)) - 4dce4393-7fae-4871-828c-a5f0ee5dd363-SegmentedRaftLogWorker:Storage Directory /workdir/hadoop-ozone/integration-test/target/test-dir/MiniOzoneClusterImpl-08738c8b-c1fa-46e0-b7fe-0ffeb36e6730/datanode-4/data/ratis/ebda449e-b6c8-44bc-a0ea-537c26ea5bc3 close()
2019-07-14 16:33:38,815 INFO  server.GrpcService (GrpcService.java:closeImpl(155)) - 4dce4393-7fae-4871-828c-a5f0ee5dd363: shutdown server with port 37542 now
2019-07-14 16:33:38,815 WARN  fs.CachingGetSpaceUsed (CachingGetSpaceUsed.java:run(183)) - Thread Interrupted waiting to refresh disk information: sleep interrupted
2019-07-14 16:33:38,816 WARN  client.GrpcClientProtocolService (LogUtils.java:warn(134)) - 3-UnorderedRequestStreamObserver3: onError: org.apache.ratis.thirdparty.io.grpc.StatusRuntimeException: CANCELLED: cancelled before receiving half close
2019-07-14 16:33:38,816 INFO  server.GrpcService (GrpcService.java:closeImpl(163)) - 4dce4393-7fae-4871-828c-a5f0ee5dd363: shutdown server with port 37542 successfully
2019-07-14 16:33:38,818 INFO  utils.BackgroundService (BackgroundService.java:shutdown(148)) - Shutting down service BlockDeletingService
2019-07-14 16:33:38,823 WARN  fs.CachingGetSpaceUsed (CachingGetSpaceUsed.java:run(183)) - Thread Interrupted waiting to refresh disk information: sleep interrupted
2019-07-14 16:33:38,835 INFO  statemachine.DatanodeStateMachine (DatanodeStateMachine.java:stopDaemon(395)) - Ozone container server stopped.
2019-07-14 16:33:38,842 INFO  handler.ContextHandler (ContextHandler.java:doStop(910)) - Stopped o.e.j.w.WebAppContext@4928a347{/,null,UNAVAILABLE}{/hddsDatanode}
2019-07-14 16:33:38,843 INFO  server.AbstractConnector (AbstractConnector.java:doStop(318)) - Stopped ServerConnector@1baf1268{HTTP/1.1,[http/1.1]}{0.0.0.0:0}
2019-07-14 16:33:38,855 INFO  handler.ContextHandler (ContextHandler.java:doStop(910)) - Stopped o.e.j.s.ServletContextHandler@5af535ff{/static,jar:file:/home/user/.m2/repository/org/apache/hadoop/hadoop-hdds-container-service/0.5.0-SNAPSHOT/hadoop-hdds-container-service-0.5.0-SNAPSHOT.jar!/webapps/static,UNAVAILABLE}
2019-07-14 16:33:38,855 INFO  handler.ContextHandler (ContextHandler.java:doStop(910)) - Stopped o.e.j.s.ServletContextHandler@79a1f0a1{/logs,file:///workdir/hadoop-ozone/integration-test/target/log,UNAVAILABLE}
2019-07-14 16:33:38,856 INFO  datanode.ObjectStoreHandler (ObjectStoreHandler.java:close(155)) - Closing ObjectStoreHandler.
2019-07-14 16:33:38,856 INFO  ozone.HddsDatanodeService (HddsDatanodeService.java:stop(452)) - Stopped plug-in org.apache.hadoop.ozone.web.OzoneHddsDatanodeService@2baf9cd4
2019-07-14 16:33:38,867 INFO  statemachine.DatanodeStateMachine (DatanodeStateMachine.java:stopDaemon(395)) - Ozone container server stopped.
2019-07-14 16:33:38,868 INFO  handler.ContextHandler (ContextHandler.java:doStop(910)) - Stopped o.e.j.w.WebAppContext@618cfd1{/,null,UNAVAILABLE}{/hddsDatanode}
2019-07-14 16:33:38,869 INFO  server.AbstractConnector (AbstractConnector.java:doStop(318)) - Stopped ServerConnector@6ec3c680{HTTP/1.1,[http/1.1]}{0.0.0.0:0}
2019-07-14 16:33:38,869 INFO  handler.ContextHandler (ContextHandler.java:doStop(910)) - Stopped o.e.j.s.ServletContextHandler@39badc71{/static,jar:file:/home/user/.m2/repository/org/apache/hadoop/hadoop-hdds-container-service/0.5.0-SNAPSHOT/hadoop-hdds-container-service-0.5.0-SNAPSHOT.jar!/webapps/static,UNAVAILABLE}
2019-07-14 16:33:38,870 INFO  handler.ContextHandler (ContextHandler.java:doStop(910)) - Stopped o.e.j.s.ServletContextHandler@378446f9{/logs,file:///workdir/hadoop-ozone/integration-test/target/log,UNAVAILABLE}
2019-07-14 16:33:38,871 INFO  datanode.ObjectStoreHandler (ObjectStoreHandler.java:close(155)) - Closing ObjectStoreHandler.
2019-07-14 16:33:38,871 INFO  ozone.HddsDatanodeService (HddsDatanodeService.java:stop(452)) - Stopped plug-in org.apache.hadoop.ozone.web.OzoneHddsDatanodeService@351623d
2019-07-14 16:33:39,434 INFO  statemachine.DatanodeStateMachine (DatanodeStateMachine.java:lambda$startDaemon$0(350)) - Ozone container server started.
2019-07-14 16:33:39,824 INFO  statemachine.DatanodeStateMachine (DatanodeStateMachine.java:lambda$startDaemon$0(350)) - Ozone container server started.
2019-07-14 16:33:41,176 WARN  server.GrpcLogAppender (LogUtils.java:warn(134)) - b78ff834-b5d5-4deb-95f9-4a167141af01->472ad2ac-a58f-4509-9846-5e41ad7cd623: Failed appendEntries: org.apache.ratis.thirdparty.io.grpc.StatusRuntimeException: UNAVAILABLE: io exception
2019-07-14 16:33:41,177 INFO  impl.FollowerInfo (FollowerInfo.java:lambda$new$0(50)) - b78ff834-b5d5-4deb-95f9-4a167141af01->472ad2ac-a58f-4509-9846-5e41ad7cd623: nextIndex: updateUnconditionally 16 -> 15
2019-07-14 16:33:41,441 WARN  server.GrpcLogAppender (LogUtils.java:warn(134)) - b78ff834-b5d5-4deb-95f9-4a167141af01->472ad2ac-a58f-4509-9846-5e41ad7cd623: Failed appendEntries: org.apache.ratis.thirdparty.io.grpc.StatusRuntimeException: UNAVAILABLE: io exception
2019-07-14 16:33:41,441 INFO  impl.FollowerInfo (FollowerInfo.java:lambda$new$0(50)) - b78ff834-b5d5-4deb-95f9-4a167141af01->472ad2ac-a58f-4509-9846-5e41ad7cd623: nextIndex: updateUnconditionally 16 -> 15
2019-07-14 16:33:41,452 WARN  server.GrpcLogAppender (LogUtils.java:warn(134)) - b78ff834-b5d5-4deb-95f9-4a167141af01->472ad2ac-a58f-4509-9846-5e41ad7cd623: Failed appendEntries: org.apache.ratis.thirdparty.io.grpc.StatusRuntimeException: UNAVAILABLE: io exception
2019-07-14 16:33:41,453 INFO  impl.FollowerInfo (FollowerInfo.java:lambda$new$0(50)) - b78ff834-b5d5-4deb-95f9-4a167141af01->472ad2ac-a58f-4509-9846-5e41ad7cd623: nextIndex: updateUnconditionally 16 -> 15
2019-07-14 16:33:41,465 WARN  server.GrpcLogAppender (LogUtils.java:warn(134)) - b78ff834-b5d5-4deb-95f9-4a167141af01->472ad2ac-a58f-4509-9846-5e41ad7cd623: Failed appendEntries: org.apache.ratis.thirdparty.io.grpc.StatusRuntimeException: UNAVAILABLE: io exception
2019-07-14 16:33:41,465 INFO  impl.FollowerInfo (FollowerInfo.java:lambda$new$0(50)) - b78ff834-b5d5-4deb-95f9-4a167141af01->472ad2ac-a58f-4509-9846-5e41ad7cd623: nextIndex: updateUnconditionally 16 -> 15
2019-07-14 16:33:41,485 INFO  interfaces.Container (KeyValueContainer.java:compactDB(356)) - Container 2 is closed with bcsId 14.
2019-07-14 16:33:41,512 INFO  interfaces.Container (KeyValueContainer.java:compactDB(356)) - Container 2 is closed with bcsId 14.
2019-07-14 16:33:43,510 INFO  node.StaleNodeHandler (StaleNodeHandler.java:onMessage(58)) - Datanode 3e0cbe12-980e-4522-a295-ddb62eab7be9{ip: 192.168.69.77, host: pr-hdds-1710-5x6jb-1204890111, networkLocation: /default-rack, certSerialId: null} moved to stale state. Finalizing its pipelines [PipelineID=851aac73-2561-47c7-96f2-87254f4ebdbf, PipelineID=db90ecc0-9775-4adf-9687-3cd224f69905]
2019-07-14 16:33:43,510 INFO  pipeline.SCMPipelineManager (SCMPipelineManager.java:finalizeAndDestroyPipeline(309)) - destroying pipeline:Pipeline[ Id: 851aac73-2561-47c7-96f2-87254f4ebdbf, Nodes: 3e0cbe12-980e-4522-a295-ddb62eab7be9{ip: 192.168.69.77, host: pr-hdds-1710-5x6jb-1204890111, networkLocation: /default-rack, certSerialId: null}, Type:RATIS, Factor:ONE, State:OPEN]
2019-07-14 16:33:43,511 INFO  pipeline.PipelineStateManager (PipelineStateManager.java:finalizePipeline(123)) - Pipeline Pipeline[ Id: 851aac73-2561-47c7-96f2-87254f4ebdbf, Nodes: 3e0cbe12-980e-4522-a295-ddb62eab7be9{ip: 192.168.69.77, host: pr-hdds-1710-5x6jb-1204890111, networkLocation: /default-rack, certSerialId: null}, Type:RATIS, Factor:ONE, State:CLOSED] moved to CLOSED state
2019-07-14 16:33:43,511 INFO  pipeline.SCMPipelineManager (SCMPipelineManager.java:finalizeAndDestroyPipeline(309)) - destroying pipeline:Pipeline[ Id: db90ecc0-9775-4adf-9687-3cd224f69905, Nodes: 3e0cbe12-980e-4522-a295-ddb62eab7be9{ip: 192.168.69.77, host: pr-hdds-1710-5x6jb-1204890111, networkLocation: /default-rack, certSerialId: null}472ad2ac-a58f-4509-9846-5e41ad7cd623{ip: 192.168.69.77, host: pr-hdds-1710-5x6jb-1204890111, networkLocation: /default-rack, certSerialId: null}b78ff834-b5d5-4deb-95f9-4a167141af01{ip: 192.168.69.77, host: pr-hdds-1710-5x6jb-1204890111, networkLocation: /default-rack, certSerialId: null}, Type:RATIS, Factor:THREE, State:CLOSED]
2019-07-14 16:33:43,856 INFO  ozoneimpl.OzoneContainer (OzoneContainer.java:stop(199)) - Attempting to stop container services.
2019-07-14 16:33:43,857 INFO  impl.RaftServerProxy (RaftServerProxy.java:lambda$close$4(314)) - 3e0cbe12-980e-4522-a295-ddb62eab7be9: close
2019-07-14 16:33:43,857 INFO  impl.RaftServerImpl (RaftServerImpl.java:lambda$shutdown$3(245)) - 3e0cbe12-980e-4522-a295-ddb62eab7be9: shutdown group-87254F4EBDBF
2019-07-14 16:33:43,858 INFO  util.JmxRegister (JmxRegister.java:unregister(73)) - Successfully un-registered JMX Bean with object name Ratis:service=RaftServer,group=group-87254F4EBDBF,id=3e0cbe12-980e-4522-a295-ddb62eab7be9
2019-07-14 16:33:43,858 INFO  impl.RoleInfo (RoleInfo.java:shutdownLeaderState(104)) - 3e0cbe12-980e-4522-a295-ddb62eab7be9: shutdown LeaderState
2019-07-14 16:33:43,858 INFO  impl.PendingRequests (PendingRequests.java:sendNotLeaderResponses(202)) - 3e0cbe12-980e-4522-a295-ddb62eab7be9-PendingRequests: sendNotLeaderResponses
2019-07-14 16:33:43,859 INFO  impl.StateMachineUpdater (StateMachineUpdater.java:stopAndJoin(115)) - StateMachineUpdater:3e0cbe12-980e-4522-a295-ddb62eab7be9:group-87254F4EBDBF: set stopIndex = 0
2019-07-14 16:33:43,859 INFO  ratis.ContainerStateMachine (ContainerStateMachine.java:takeSnapshot(246)) - Taking snapshot at termIndex:(t:0, i:~)
2019-07-14 16:33:43,859 INFO  impl.RaftServerImpl (ServerState.java:close(394)) - 3e0cbe12-980e-4522-a295-ddb62eab7be9:group-87254F4EBDBF closes. The last applied log index is 0
2019-07-14 16:33:43,860 INFO  segmented.SegmentedRaftLogWorker (SegmentedRaftLogWorker.java:run(313)) - 3e0cbe12-980e-4522-a295-ddb62eab7be9-SegmentedRaftLogWorker:Storage Directory /workdir/hadoop-ozone/integration-test/target/test-dir/MiniOzoneClusterImpl-08738c8b-c1fa-46e0-b7fe-0ffeb36e6730/datanode-2/data/ratis/851aac73-2561-47c7-96f2-87254f4ebdbf was interrupted, exiting. There are 0 tasks remaining in the queue.
2019-07-14 16:33:43,863 INFO  segmented.SegmentedRaftLogWorker (SegmentedRaftLogWorker.java:close(228)) - 3e0cbe12-980e-4522-a295-ddb62eab7be9-SegmentedRaftLogWorker:Storage Directory /workdir/hadoop-ozone/integration-test/target/test-dir/MiniOzoneClusterImpl-08738c8b-c1fa-46e0-b7fe-0ffeb36e6730/datanode-2/data/ratis/851aac73-2561-47c7-96f2-87254f4ebdbf close()
2019-07-14 16:33:43,877 INFO  impl.RaftServerImpl (RaftServerImpl.java:lambda$shutdown$3(245)) - 3e0cbe12-980e-4522-a295-ddb62eab7be9: shutdown group-3CD224F69905
2019-07-14 16:33:43,877 INFO  ozoneimpl.OzoneContainer (OzoneContainer.java:stop(199)) - Attempting to stop container services.
2019-07-14 16:33:43,877 INFO  util.JmxRegister (JmxRegister.java:unregister(73)) - Successfully un-registered JMX Bean with object name Ratis:service=RaftServer,group=group-3CD224F69905,id=3e0cbe12-980e-4522-a295-ddb62eab7be9
2019-07-14 16:33:43,878 INFO  impl.RaftServerProxy (RaftServerProxy.java:lambda$close$4(314)) - 1e8381d4-e571-4076-8ec1-f519959dd3b0: close
2019-07-14 16:33:43,878 INFO  impl.RoleInfo (RoleInfo.java:shutdownFollowerState(121)) - 3e0cbe12-980e-4522-a295-ddb62eab7be9: shutdown FollowerState
2019-07-14 16:33:43,878 INFO  impl.RaftServerImpl (RaftServerImpl.java:lambda$shutdown$3(245)) - 1e8381d4-e571-4076-8ec1-f519959dd3b0: shutdown group-B68CF3CB950B
2019-07-14 16:33:43,879 INFO  impl.FollowerState (FollowerState.java:run(114)) - 3e0cbe12-980e-4522-a295-ddb62eab7be9: FollowerState was interrupted: java.lang.InterruptedException: sleep interrupted
2019-07-14 16:33:43,879 INFO  ratis.ContainerStateMachine (ContainerStateMachine.java:takeSnapshot(246)) - Taking snapshot at termIndex:(t:1, i:17)
2019-07-14 16:33:43,878 INFO  impl.StateMachineUpdater (StateMachineUpdater.java:stopAndJoin(115)) - StateMachineUpdater:3e0cbe12-980e-4522-a295-ddb62eab7be9:group-3CD224F69905: set stopIndex = 17
2019-07-14 16:33:43,881 INFO  ratis.ContainerStateMachine (ContainerStateMachine.java:takeSnapshot(250)) - Taking a snapshot to file /workdir/hadoop-ozone/integration-test/target/test-dir/MiniOzoneClusterImpl-08738c8b-c1fa-46e0-b7fe-0ffeb36e6730/datanode-2/data/ratis/db90ecc0-9775-4adf-9687-3cd224f69905/sm/snapshot.1_17
2019-07-14 16:33:43,879 INFO  util.JmxRegister (JmxRegister.java:unregister(73)) - Successfully un-registered JMX Bean with object name Ratis:service=RaftServer,group=group-B68CF3CB950B,id=1e8381d4-e571-4076-8ec1-f519959dd3b0
2019-07-14 16:33:43,882 INFO  impl.StateMachineUpdater (StateMachineUpdater.java:takeSnapshot(242)) - StateMachineUpdater:3e0cbe12-980e-4522-a295-ddb62eab7be9:group-3CD224F69905: Took a snapshot at index 17
2019-07-14 16:33:43,882 INFO  impl.RoleInfo (RoleInfo.java:shutdownLeaderState(104)) - 1e8381d4-e571-4076-8ec1-f519959dd3b0: shutdown LeaderState
2019-07-14 16:33:43,882 INFO  impl.StateMachineUpdater (StateMachineUpdater.java:lambda$new$0(80)) - StateMachineUpdater:3e0cbe12-980e-4522-a295-ddb62eab7be9:group-3CD224F69905: snapshotIndex: updateIncreasingly -1 -> 17
2019-07-14 16:33:43,883 INFO  impl.PendingRequests (PendingRequests.java:sendNotLeaderResponses(202)) - 1e8381d4-e571-4076-8ec1-f519959dd3b0-PendingRequests: sendNotLeaderResponses
2019-07-14 16:33:43,883 INFO  impl.RaftServerImpl (ServerState.java:close(394)) - 3e0cbe12-980e-4522-a295-ddb62eab7be9:group-3CD224F69905 closes. The last applied log index is 17
2019-07-14 16:33:43,883 INFO  ratis.ContainerStateMachine (ContainerStateMachine.java:takeSnapshot(246)) - Taking snapshot at termIndex:(t:0, i:~)
2019-07-14 16:33:43,883 INFO  impl.StateMachineUpdater (StateMachineUpdater.java:stopAndJoin(115)) - StateMachineUpdater:1e8381d4-e571-4076-8ec1-f519959dd3b0:group-B68CF3CB950B: set stopIndex = 0
2019-07-14 16:33:43,884 INFO  impl.RaftServerImpl (ServerState.java:close(394)) - 1e8381d4-e571-4076-8ec1-f519959dd3b0:group-B68CF3CB950B closes. The last applied log index is 0
2019-07-14 16:33:43,884 INFO  segmented.SegmentedRaftLogWorker (SegmentedRaftLogWorker.java:run(313)) - 3e0cbe12-980e-4522-a295-ddb62eab7be9-SegmentedRaftLogWorker:Storage Directory /workdir/hadoop-ozone/integration-test/target/test-dir/MiniOzoneClusterImpl-08738c8b-c1fa-46e0-b7fe-0ffeb36e6730/datanode-2/data/ratis/db90ecc0-9775-4adf-9687-3cd224f69905 was interrupted, exiting. There are 0 tasks remaining in the queue.
2019-07-14 16:33:43,885 INFO  segmented.SegmentedRaftLogWorker (SegmentedRaftLogWorker.java:run(313)) - 1e8381d4-e571-4076-8ec1-f519959dd3b0-SegmentedRaftLogWorker:Storage Directory /workdir/hadoop-ozone/integration-test/target/test-dir/MiniOzoneClusterImpl-08738c8b-c1fa-46e0-b7fe-0ffeb36e6730/datanode-3/data/ratis/a24f26f7-b52a-4219-9f3d-b68cf3cb950b was interrupted, exiting. There are 0 tasks remaining in the queue.
2019-07-14 16:33:43,885 INFO  segmented.SegmentedRaftLogWorker (SegmentedRaftLogWorker.java:close(228)) - 3e0cbe12-980e-4522-a295-ddb62eab7be9-SegmentedRaftLogWorker:Storage Directory /workdir/hadoop-ozone/integration-test/target/test-dir/MiniOzoneClusterImpl-08738c8b-c1fa-46e0-b7fe-0ffeb36e6730/datanode-2/data/ratis/db90ecc0-9775-4adf-9687-3cd224f69905 close()
2019-07-14 16:33:43,885 INFO  segmented.SegmentedRaftLogWorker (SegmentedRaftLogWorker.java:close(228)) - 1e8381d4-e571-4076-8ec1-f519959dd3b0-SegmentedRaftLogWorker:Storage Directory /workdir/hadoop-ozone/integration-test/target/test-dir/MiniOzoneClusterImpl-08738c8b-c1fa-46e0-b7fe-0ffeb36e6730/datanode-3/data/ratis/a24f26f7-b52a-4219-9f3d-b68cf3cb950b close()
2019-07-14 16:33:43,891 INFO  server.GrpcService (GrpcService.java:closeImpl(155)) - 3e0cbe12-980e-4522-a295-ddb62eab7be9: shutdown server with port 35416 now
2019-07-14 16:33:43,893 INFO  impl.RaftServerImpl (RaftServerImpl.java:lambda$shutdown$3(245)) - 1e8381d4-e571-4076-8ec1-f519959dd3b0: shutdown group-537C26EA5BC3
2019-07-14 16:33:43,894 INFO  util.JmxRegister (JmxRegister.java:unregister(73)) - Successfully un-registered JMX Bean with object name Ratis:service=RaftServer,group=group-537C26EA5BC3,id=1e8381d4-e571-4076-8ec1-f519959dd3b0
2019-07-14 16:33:43,894 INFO  impl.RoleInfo (RoleInfo.java:shutdownFollowerState(121)) - 1e8381d4-e571-4076-8ec1-f519959dd3b0: shutdown FollowerState
2019-07-14 16:33:43,894 WARN  server.GrpcLogAppender (LogUtils.java:warn(134)) - b78ff834-b5d5-4deb-95f9-4a167141af01->3e0cbe12-980e-4522-a295-ddb62eab7be9: Failed appendEntries: org.apache.ratis.thirdparty.io.grpc.StatusRuntimeException: CANCELLED: HTTP/2 error code: CANCEL
Received Rst Stream
2019-07-14 16:33:43,894 INFO  server.GrpcService (GrpcService.java:closeImpl(163)) - 3e0cbe12-980e-4522-a295-ddb62eab7be9: shutdown server with port 35416 successfully
2019-07-14 16:33:43,894 WARN  server.GrpcServerProtocolService (LogUtils.java:warn(134)) - 3e0cbe12-980e-4522-a295-ddb62eab7be9: appendEntries onError: org.apache.ratis.thirdparty.io.grpc.StatusRuntimeException: CANCELLED: cancelled before receiving half close
2019-07-14 16:33:43,895 INFO  impl.FollowerInfo (FollowerInfo.java:lambda$new$0(50)) - b78ff834-b5d5-4deb-95f9-4a167141af01->3e0cbe12-980e-4522-a295-ddb62eab7be9: nextIndex: updateUnconditionally 19 -> 18
2019-07-14 16:33:43,895 INFO  ratis.ContainerStateMachine (ContainerStateMachine.java:takeSnapshot(246)) - Taking snapshot at termIndex:(t:1, i:17)
2019-07-14 16:33:43,895 INFO  impl.FollowerState (FollowerState.java:run(114)) - 1e8381d4-e571-4076-8ec1-f519959dd3b0: FollowerState was interrupted: java.lang.InterruptedException: sleep interrupted
2019-07-14 16:33:43,894 INFO  impl.StateMachineUpdater (StateMachineUpdater.java:stopAndJoin(115)) - StateMachineUpdater:1e8381d4-e571-4076-8ec1-f519959dd3b0:group-537C26EA5BC3: set stopIndex = 18
2019-07-14 16:33:43,896 INFO  ratis.ContainerStateMachine (ContainerStateMachine.java:takeSnapshot(250)) - Taking a snapshot to file /workdir/hadoop-ozone/integration-test/target/test-dir/MiniOzoneClusterImpl-08738c8b-c1fa-46e0-b7fe-0ffeb36e6730/datanode-3/data/ratis/ebda449e-b6c8-44bc-a0ea-537c26ea5bc3/sm/snapshot.1_17
2019-07-14 16:33:43,899 INFO  utils.BackgroundService (BackgroundService.java:shutdown(148)) - Shutting down service BlockDeletingService
2019-07-14 16:33:43,900 INFO  impl.StateMachineUpdater (StateMachineUpdater.java:takeSnapshot(242)) - StateMachineUpdater:1e8381d4-e571-4076-8ec1-f519959dd3b0:group-537C26EA5BC3: Took a snapshot at index 17
2019-07-14 16:33:43,900 INFO  impl.StateMachineUpdater (StateMachineUpdater.java:lambda$new$0(80)) - StateMachineUpdater:1e8381d4-e571-4076-8ec1-f519959dd3b0:group-537C26EA5BC3: snapshotIndex: updateIncreasingly -1 -> 17
2019-07-14 16:33:43,900 INFO  impl.RaftServerImpl (ServerState.java:close(394)) - 1e8381d4-e571-4076-8ec1-f519959dd3b0:group-537C26EA5BC3 closes. The last applied log index is 18
2019-07-14 16:33:43,901 INFO  segmented.SegmentedRaftLogWorker (SegmentedRaftLogWorker.java:run(313)) - 1e8381d4-e571-4076-8ec1-f519959dd3b0-SegmentedRaftLogWorker:Storage Directory /workdir/hadoop-ozone/integration-test/target/test-dir/MiniOzoneClusterImpl-08738c8b-c1fa-46e0-b7fe-0ffeb36e6730/datanode-3/data/ratis/ebda449e-b6c8-44bc-a0ea-537c26ea5bc3 was interrupted, exiting. There are 0 tasks remaining in the queue.
2019-07-14 16:33:43,902 INFO  segmented.SegmentedRaftLogWorker (SegmentedRaftLogWorker.java:close(228)) - 1e8381d4-e571-4076-8ec1-f519959dd3b0-SegmentedRaftLogWorker:Storage Directory /workdir/hadoop-ozone/integration-test/target/test-dir/MiniOzoneClusterImpl-08738c8b-c1fa-46e0-b7fe-0ffeb36e6730/datanode-3/data/ratis/ebda449e-b6c8-44bc-a0ea-537c26ea5bc3 close()
2019-07-14 16:33:43,905 INFO  server.GrpcService (GrpcService.java:closeImpl(155)) - 1e8381d4-e571-4076-8ec1-f519959dd3b0: shutdown server with port 40542 now
2019-07-14 16:33:43,905 WARN  fs.CachingGetSpaceUsed (CachingGetSpaceUsed.java:run(183)) - Thread Interrupted waiting to refresh disk information: sleep interrupted
2019-07-14 16:33:43,906 INFO  server.GrpcService (GrpcService.java:closeImpl(163)) - 1e8381d4-e571-4076-8ec1-f519959dd3b0: shutdown server with port 40542 successfully
2019-07-14 16:33:43,907 INFO  utils.BackgroundService (BackgroundService.java:shutdown(148)) - Shutting down service BlockDeletingService
2019-07-14 16:33:43,909 WARN  fs.CachingGetSpaceUsed (CachingGetSpaceUsed.java:run(183)) - Thread Interrupted waiting to refresh disk information: sleep interrupted
2019-07-14 16:33:43,911 INFO  node.StaleNodeHandler (StaleNodeHandler.java:onMessage(58)) - Datanode 1e8381d4-e571-4076-8ec1-f519959dd3b0{ip: 192.168.69.77, host: pr-hdds-1710-5x6jb-1204890111, networkLocation: /default-rack, certSerialId: null} moved to stale state. Finalizing its pipelines [PipelineID=a24f26f7-b52a-4219-9f3d-b68cf3cb950b, PipelineID=ebda449e-b6c8-44bc-a0ea-537c26ea5bc3]
2019-07-14 16:33:43,911 INFO  pipeline.SCMPipelineManager (SCMPipelineManager.java:finalizeAndDestroyPipeline(309)) - destroying pipeline:Pipeline[ Id: a24f26f7-b52a-4219-9f3d-b68cf3cb950b, Nodes: 1e8381d4-e571-4076-8ec1-f519959dd3b0{ip: 192.168.69.77, host: pr-hdds-1710-5x6jb-1204890111, networkLocation: /default-rack, certSerialId: null}, Type:RATIS, Factor:ONE, State:OPEN]
2019-07-14 16:33:43,912 INFO  pipeline.PipelineStateManager (PipelineStateManager.java:finalizePipeline(123)) - Pipeline Pipeline[ Id: a24f26f7-b52a-4219-9f3d-b68cf3cb950b, Nodes: 1e8381d4-e571-4076-8ec1-f519959dd3b0{ip: 192.168.69.77, host: pr-hdds-1710-5x6jb-1204890111, networkLocation: /default-rack, certSerialId: null}, Type:RATIS, Factor:ONE, State:CLOSED] moved to CLOSED state
2019-07-14 16:33:43,912 INFO  pipeline.SCMPipelineManager (SCMPipelineManager.java:finalizeAndDestroyPipeline(309)) - destroying pipeline:Pipeline[ Id: ebda449e-b6c8-44bc-a0ea-537c26ea5bc3, Nodes: 4dce4393-7fae-4871-828c-a5f0ee5dd363{ip: 192.168.69.77, host: pr-hdds-1710-5x6jb-1204890111, networkLocation: /default-rack, certSerialId: null}1e8381d4-e571-4076-8ec1-f519959dd3b0{ip: 192.168.69.77, host: pr-hdds-1710-5x6jb-1204890111, networkLocation: /default-rack, certSerialId: null}87e0d44a-7661-4c4e-9766-d982f5879c7e{ip: 192.168.69.77, host: pr-hdds-1710-5x6jb-1204890111, networkLocation: /default-rack, certSerialId: null}, Type:RATIS, Factor:THREE, State:CLOSED]
2019-07-14 16:33:43,925 INFO  statemachine.DatanodeStateMachine (DatanodeStateMachine.java:stopDaemon(395)) - Ozone container server stopped.
2019-07-14 16:33:43,929 INFO  handler.ContextHandler (ContextHandler.java:doStop(910)) - Stopped o.e.j.w.WebAppContext@57064d38{/,null,UNAVAILABLE}{/hddsDatanode}
2019-07-14 16:33:43,930 INFO  server.AbstractConnector (AbstractConnector.java:doStop(318)) - Stopped ServerConnector@2667a238{HTTP/1.1,[http/1.1]}{0.0.0.0:0}
2019-07-14 16:33:43,933 INFO  handler.ContextHandler (ContextHandler.java:doStop(910)) - Stopped o.e.j.s.ServletContextHandler@99e68b5{/static,jar:file:/home/user/.m2/repository/org/apache/hadoop/hadoop-hdds-container-service/0.5.0-SNAPSHOT/hadoop-hdds-container-service-0.5.0-SNAPSHOT.jar!/webapps/static,UNAVAILABLE}
2019-07-14 16:33:43,934 INFO  statemachine.DatanodeStateMachine (DatanodeStateMachine.java:stopDaemon(395)) - Ozone container server stopped.
2019-07-14 16:33:43,934 INFO  handler.ContextHandler (ContextHandler.java:doStop(910)) - Stopped o.e.j.s.ServletContextHandler@1cfca845{/logs,file:///workdir/hadoop-ozone/integration-test/target/log,UNAVAILABLE}
2019-07-14 16:33:43,935 INFO  handler.ContextHandler (ContextHandler.java:doStop(910)) - Stopped o.e.j.w.WebAppContext@6afed88d{/,null,UNAVAILABLE}{/hddsDatanode}
2019-07-14 16:33:43,936 INFO  datanode.ObjectStoreHandler (ObjectStoreHandler.java:close(155)) - Closing ObjectStoreHandler.
2019-07-14 16:33:43,936 INFO  server.AbstractConnector (AbstractConnector.java:doStop(318)) - Stopped ServerConnector@763e1ec9{HTTP/1.1,[http/1.1]}{0.0.0.0:0}
2019-07-14 16:33:43,936 INFO  ozone.HddsDatanodeService (HddsDatanodeService.java:stop(452)) - Stopped plug-in org.apache.hadoop.ozone.web.OzoneHddsDatanodeService@7df5358
2019-07-14 16:33:43,936 INFO  handler.ContextHandler (ContextHandler.java:doStop(910)) - Stopped o.e.j.s.ServletContextHandler@23106076{/static,jar:file:/home/user/.m2/repository/org/apache/hadoop/hadoop-hdds-container-service/0.5.0-SNAPSHOT/hadoop-hdds-container-service-0.5.0-SNAPSHOT.jar!/webapps/static,UNAVAILABLE}
2019-07-14 16:33:43,937 INFO  handler.ContextHandler (ContextHandler.java:doStop(910)) - Stopped o.e.j.s.ServletContextHandler@5312c883{/logs,file:///workdir/hadoop-ozone/integration-test/target/log,UNAVAILABLE}
2019-07-14 16:33:43,938 INFO  datanode.ObjectStoreHandler (ObjectStoreHandler.java:close(155)) - Closing ObjectStoreHandler.
2019-07-14 16:33:43,938 INFO  ozone.HddsDatanodeService (HddsDatanodeService.java:stop(452)) - Stopped plug-in org.apache.hadoop.ozone.web.OzoneHddsDatanodeService@1aaf3aa1
2019-07-14 16:33:43,965 WARN  server.GrpcLogAppender (LogUtils.java:warn(134)) - b78ff834-b5d5-4deb-95f9-4a167141af01->3e0cbe12-980e-4522-a295-ddb62eab7be9: Failed appendEntries: org.apache.ratis.thirdparty.io.grpc.StatusRuntimeException: UNAVAILABLE: io exception
2019-07-14 16:33:43,966 INFO  impl.FollowerInfo (FollowerInfo.java:lambda$new$0(50)) - b78ff834-b5d5-4deb-95f9-4a167141af01->3e0cbe12-980e-4522-a295-ddb62eab7be9: nextIndex: updateUnconditionally 18 -> 17
2019-07-14 16:33:43,966 WARN  server.GrpcLogAppender (LogUtils.java:warn(134)) - b78ff834-b5d5-4deb-95f9-4a167141af01->472ad2ac-a58f-4509-9846-5e41ad7cd623: Failed appendEntries: org.apache.ratis.thirdparty.io.grpc.StatusRuntimeException: UNAVAILABLE: io exception
2019-07-14 16:33:43,966 INFO  impl.FollowerInfo (FollowerInfo.java:lambda$new$0(50)) - b78ff834-b5d5-4deb-95f9-4a167141af01->472ad2ac-a58f-4509-9846-5e41ad7cd623: nextIndex: updateUnconditionally 15 -> 14
2019-07-14 16:33:44,261 INFO  statemachine.DatanodeStateMachine (DatanodeStateMachine.java:lambda$startDaemon$0(350)) - Ozone container server started.
2019-07-14 16:33:44,485 INFO  statemachine.DatanodeStateMachine (DatanodeStateMachine.java:lambda$startDaemon$0(350)) - Ozone container server started.
2019-07-14 16:33:46,139 INFO  impl.FollowerState (FollowerState.java:run(106)) - 87e0d44a-7661-4c4e-9766-d982f5879c7e:group-537C26EA5BC3 changes to CANDIDATE, lastRpcTime:8354, electionTimeout:5010ms
2019-07-14 16:33:46,140 INFO  impl.RoleInfo (RoleInfo.java:shutdownFollowerState(121)) - 87e0d44a-7661-4c4e-9766-d982f5879c7e: shutdown FollowerState
2019-07-14 16:33:46,140 INFO  impl.RaftServerImpl (RaftServerImpl.java:setRole(171)) - 87e0d44a-7661-4c4e-9766-d982f5879c7e:group-537C26EA5BC3 changes role from FOLLOWER to CANDIDATE at term 1 for changeToCandidate
2019-07-14 16:33:46,140 INFO  impl.RoleInfo (RoleInfo.java:updateAndGet(143)) - 87e0d44a-7661-4c4e-9766-d982f5879c7e: start LeaderElection
2019-07-14 16:33:46,143 INFO  impl.RaftServerImpl (ServerState.java:setLeader(263)) - 87e0d44a-7661-4c4e-9766-d982f5879c7e:group-537C26EA5BC3 change Leader from 4dce4393-7fae-4871-828c-a5f0ee5dd363 to null at term 1 for initElection
2019-07-14 16:33:46,158 INFO  impl.LeaderElection (LeaderElection.java:askForVotes(181)) - 87e0d44a-7661-4c4e-9766-d982f5879c7e:group-537C26EA5BC3:LeaderElection95: begin an election at term 2 for 0: [1e8381d4-e571-4076-8ec1-f519959dd3b0:192.168.69.77:40542, 4dce4393-7fae-4871-828c-a5f0ee5dd363:192.168.69.77:37542, 87e0d44a-7661-4c4e-9766-d982f5879c7e:192.168.69.77:33686], old=null
2019-07-14 16:33:46,161 INFO  impl.LeaderElection (LogUtils.java:infoOrTrace(149)) - 87e0d44a-7661-4c4e-9766-d982f5879c7e:group-537C26EA5BC3:LeaderElection95 got exception when requesting votes: {}
java.util.concurrent.ExecutionException: org.apache.ratis.thirdparty.io.grpc.StatusRuntimeException: UNAVAILABLE: io exception
	at java.util.concurrent.FutureTask.report(FutureTask.java:122)
	at java.util.concurrent.FutureTask.get(FutureTask.java:192)
	at org.apache.ratis.server.impl.LeaderElection.waitForResults(LeaderElection.java:262)
	at org.apache.ratis.server.impl.LeaderElection.askForVotes(LeaderElection.java:200)
	at org.apache.ratis.server.impl.LeaderElection.run(LeaderElection.java:130)
	at java.lang.Thread.run(Thread.java:748)
Caused by: org.apache.ratis.thirdparty.io.grpc.StatusRuntimeException: UNAVAILABLE: io exception
	at org.apache.ratis.thirdparty.io.grpc.stub.ClientCalls.toStatusRuntimeException(ClientCalls.java:233)
	at org.apache.ratis.thirdparty.io.grpc.stub.ClientCalls.getUnchecked(ClientCalls.java:214)
	at org.apache.ratis.thirdparty.io.grpc.stub.ClientCalls.blockingUnaryCall(ClientCalls.java:139)
	at org.apache.ratis.proto.grpc.RaftServerProtocolServiceGrpc$RaftServerProtocolServiceBlockingStub.requestVote(RaftServerProtocolServiceGrpc.java:265)
	at org.apache.ratis.grpc.server.GrpcServerProtocolClient.requestVote(GrpcServerProtocolClient.java:83)
	at org.apache.ratis.grpc.server.GrpcService.requestVote(GrpcService.java:195)
	at org.apache.ratis.server.impl.LeaderElection.lambda$submitRequests$1(LeaderElection.java:237)
	at java.util.concurrent.FutureTask.run(FutureTask.java:266)
	at java.util.concurrent.Executors$RunnableAdapter.call(Executors.java:511)
	at java.util.concurrent.FutureTask.run(FutureTask.java:266)
	at java.util.concurrent.ThreadPoolExecutor.runWorker(ThreadPoolExecutor.java:1149)
	at java.util.concurrent.ThreadPoolExecutor$Worker.run(ThreadPoolExecutor.java:624)
	... 1 more
Caused by: org.apache.ratis.thirdparty.io.netty.channel.AbstractChannel$AnnotatedConnectException: Connection refused: /192.168.69.77:37542
	at sun.nio.ch.SocketChannelImpl.checkConnect(Native Method)
	at sun.nio.ch.SocketChannelImpl.finishConnect(SocketChannelImpl.java:717)
	at org.apache.ratis.thirdparty.io.netty.channel.socket.nio.NioSocketChannel.doFinishConnect(NioSocketChannel.java:327)
	at org.apache.ratis.thirdparty.io.netty.channel.nio.AbstractNioChannel$AbstractNioUnsafe.finishConnect(AbstractNioChannel.java:340)
	at org.apache.ratis.thirdparty.io.netty.channel.nio.NioEventLoop.processSelectedKey(NioEventLoop.java:632)
	at org.apache.ratis.thirdparty.io.netty.channel.nio.NioEventLoop.processSelectedKeysOptimized(NioEventLoop.java:579)
	at org.apache.ratis.thirdparty.io.netty.channel.nio.NioEventLoop.processSelectedKeys(NioEventLoop.java:496)
	at org.apache.ratis.thirdparty.io.netty.channel.nio.NioEventLoop.run(NioEventLoop.java:458)
	at org.apache.ratis.thirdparty.io.netty.util.concurrent.SingleThreadEventExecutor$5.run(SingleThreadEventExecutor.java:897)
	at org.apache.ratis.thirdparty.io.netty.util.concurrent.FastThreadLocalRunnable.run(FastThreadLocalRunnable.java:30)
	... 1 more
Caused by: java.net.ConnectException: Connection refused
	... 11 more
2019-07-14 16:33:46,167 INFO  impl.LeaderElection (LogUtils.java:infoOrTrace(149)) - 87e0d44a-7661-4c4e-9766-d982f5879c7e:group-537C26EA5BC3:LeaderElection95 got exception when requesting votes: {}
java.util.concurrent.ExecutionException: org.apache.ratis.thirdparty.io.grpc.StatusRuntimeException: UNAVAILABLE: io exception
	at java.util.concurrent.FutureTask.report(FutureTask.java:122)
	at java.util.concurrent.FutureTask.get(FutureTask.java:192)
	at org.apache.ratis.server.impl.LeaderElection.waitForResults(LeaderElection.java:262)
	at org.apache.ratis.server.impl.LeaderElection.askForVotes(LeaderElection.java:200)
	at org.apache.ratis.server.impl.LeaderElection.run(LeaderElection.java:130)
	at java.lang.Thread.run(Thread.java:748)
Caused by: org.apache.ratis.thirdparty.io.grpc.StatusRuntimeException: UNAVAILABLE: io exception
	at org.apache.ratis.thirdparty.io.grpc.stub.ClientCalls.toStatusRuntimeException(ClientCalls.java:233)
	at org.apache.ratis.thirdparty.io.grpc.stub.ClientCalls.getUnchecked(ClientCalls.java:214)
	at org.apache.ratis.thirdparty.io.grpc.stub.ClientCalls.blockingUnaryCall(ClientCalls.java:139)
	at org.apache.ratis.proto.grpc.RaftServerProtocolServiceGrpc$RaftServerProtocolServiceBlockingStub.requestVote(RaftServerProtocolServiceGrpc.java:265)
	at org.apache.ratis.grpc.server.GrpcServerProtocolClient.requestVote(GrpcServerProtocolClient.java:83)
	at org.apache.ratis.grpc.server.GrpcService.requestVote(GrpcService.java:195)
	at org.apache.ratis.server.impl.LeaderElection.lambda$submitRequests$1(LeaderElection.java:237)
	at java.util.concurrent.FutureTask.run(FutureTask.java:266)
	at java.util.concurrent.Executors$RunnableAdapter.call(Executors.java:511)
	at java.util.concurrent.FutureTask.run(FutureTask.java:266)
	at java.util.concurrent.ThreadPoolExecutor.runWorker(ThreadPoolExecutor.java:1149)
	at java.util.concurrent.ThreadPoolExecutor$Worker.run(ThreadPoolExecutor.java:624)
	... 1 more
Caused by: org.apache.ratis.thirdparty.io.netty.channel.AbstractChannel$AnnotatedConnectException: Connection refused: /192.168.69.77:40542
	at sun.nio.ch.SocketChannelImpl.checkConnect(Native Method)
	at sun.nio.ch.SocketChannelImpl.finishConnect(SocketChannelImpl.java:717)
	at org.apache.ratis.thirdparty.io.netty.channel.socket.nio.NioSocketChannel.doFinishConnect(NioSocketChannel.java:327)
	at org.apache.ratis.thirdparty.io.netty.channel.nio.AbstractNioChannel$AbstractNioUnsafe.finishConnect(AbstractNioChannel.java:340)
	at org.apache.ratis.thirdparty.io.netty.channel.nio.NioEventLoop.processSelectedKey(NioEventLoop.java:632)
	at org.apache.ratis.thirdparty.io.netty.channel.nio.NioEventLoop.processSelectedKeysOptimized(NioEventLoop.java:579)
	at org.apache.ratis.thirdparty.io.netty.channel.nio.NioEventLoop.processSelectedKeys(NioEventLoop.java:496)
	at org.apache.ratis.thirdparty.io.netty.channel.nio.NioEventLoop.run(NioEventLoop.java:458)
	at org.apache.ratis.thirdparty.io.netty.util.concurrent.SingleThreadEventExecutor$5.run(SingleThreadEventExecutor.java:897)
	at org.apache.ratis.thirdparty.io.netty.util.concurrent.FastThreadLocalRunnable.run(FastThreadLocalRunnable.java:30)
	... 1 more
Caused by: java.net.ConnectException: Connection refused
	... 11 more
2019-07-14 16:33:46,170 INFO  impl.LeaderElection (LeaderElection.java:logAndReturn(56)) - 87e0d44a-7661-4c4e-9766-d982f5879c7e:group-537C26EA5BC3:LeaderElection95: Election REJECTED; received 0 response(s) [] and 2 exception(s); 87e0d44a-7661-4c4e-9766-d982f5879c7e:t2, leader=null, voted=87e0d44a-7661-4c4e-9766-d982f5879c7e, raftlog=87e0d44a-7661-4c4e-9766-d982f5879c7e-SegmentedRaftLog:OPENED:c18,f18,i18, conf=0: [1e8381d4-e571-4076-8ec1-f519959dd3b0:192.168.69.77:40542, 4dce4393-7fae-4871-828c-a5f0ee5dd363:192.168.69.77:37542, 87e0d44a-7661-4c4e-9766-d982f5879c7e:192.168.69.77:33686], old=null
2019-07-14 16:33:46,170 INFO  impl.LeaderElection (LogUtils.java:infoOrTrace(149)) -   Exception 0: {}
java.util.concurrent.ExecutionException: org.apache.ratis.thirdparty.io.grpc.StatusRuntimeException: UNAVAILABLE: io exception
	at java.util.concurrent.FutureTask.report(FutureTask.java:122)
	at java.util.concurrent.FutureTask.get(FutureTask.java:192)
	at org.apache.ratis.server.impl.LeaderElection.waitForResults(LeaderElection.java:262)
	at org.apache.ratis.server.impl.LeaderElection.askForVotes(LeaderElection.java:200)
	at org.apache.ratis.server.impl.LeaderElection.run(LeaderElection.java:130)
	at java.lang.Thread.run(Thread.java:748)
Caused by: org.apache.ratis.thirdparty.io.grpc.StatusRuntimeException: UNAVAILABLE: io exception
	at org.apache.ratis.thirdparty.io.grpc.stub.ClientCalls.toStatusRuntimeException(ClientCalls.java:233)
	at org.apache.ratis.thirdparty.io.grpc.stub.ClientCalls.getUnchecked(ClientCalls.java:214)
	at org.apache.ratis.thirdparty.io.grpc.stub.ClientCalls.blockingUnaryCall(ClientCalls.java:139)
	at org.apache.ratis.proto.grpc.RaftServerProtocolServiceGrpc$RaftServerProtocolServiceBlockingStub.requestVote(RaftServerProtocolServiceGrpc.java:265)
	at org.apache.ratis.grpc.server.GrpcServerProtocolClient.requestVote(GrpcServerProtocolClient.java:83)
	at org.apache.ratis.grpc.server.GrpcService.requestVote(GrpcService.java:195)
	at org.apache.ratis.server.impl.LeaderElection.lambda$submitRequests$1(LeaderElection.java:237)
	at java.util.concurrent.FutureTask.run(FutureTask.java:266)
	at java.util.concurrent.Executors$RunnableAdapter.call(Executors.java:511)
	at java.util.concurrent.FutureTask.run(FutureTask.java:266)
	at java.util.concurrent.ThreadPoolExecutor.runWorker(ThreadPoolExecutor.java:1149)
	at java.util.concurrent.ThreadPoolExecutor$Worker.run(ThreadPoolExecutor.java:624)
	... 1 more
Caused by: org.apache.ratis.thirdparty.io.netty.channel.AbstractChannel$AnnotatedConnectException: Connection refused: /192.168.69.77:37542
	at sun.nio.ch.SocketChannelImpl.checkConnect(Native Method)
	at sun.nio.ch.SocketChannelImpl.finishConnect(SocketChannelImpl.java:717)
	at org.apache.ratis.thirdparty.io.netty.channel.socket.nio.NioSocketChannel.doFinishConnect(NioSocketChannel.java:327)
	at org.apache.ratis.thirdparty.io.netty.channel.nio.AbstractNioChannel$AbstractNioUnsafe.finishConnect(AbstractNioChannel.java:340)
	at org.apache.ratis.thirdparty.io.netty.channel.nio.NioEventLoop.processSelectedKey(NioEventLoop.java:632)
	at org.apache.ratis.thirdparty.io.netty.channel.nio.NioEventLoop.processSelectedKeysOptimized(NioEventLoop.java:579)
	at org.apache.ratis.thirdparty.io.netty.channel.nio.NioEventLoop.processSelectedKeys(NioEventLoop.java:496)
	at org.apache.ratis.thirdparty.io.netty.channel.nio.NioEventLoop.run(NioEventLoop.java:458)
	at org.apache.ratis.thirdparty.io.netty.util.concurrent.SingleThreadEventExecutor$5.run(SingleThreadEventExecutor.java:897)
	at org.apache.ratis.thirdparty.io.netty.util.concurrent.FastThreadLocalRunnable.run(FastThreadLocalRunnable.java:30)
	... 1 more
Caused by: java.net.ConnectException: Connection refused
	... 11 more
2019-07-14 16:33:46,171 INFO  impl.LeaderElection (LogUtils.java:infoOrTrace(149)) -   Exception 1: {}
java.util.concurrent.ExecutionException: org.apache.ratis.thirdparty.io.grpc.StatusRuntimeException: UNAVAILABLE: io exception
	at java.util.concurrent.FutureTask.report(FutureTask.java:122)
	at java.util.concurrent.FutureTask.get(FutureTask.java:192)
	at org.apache.ratis.server.impl.LeaderElection.waitForResults(LeaderElection.java:262)
	at org.apache.ratis.server.impl.LeaderElection.askForVotes(LeaderElection.java:200)
	at org.apache.ratis.server.impl.LeaderElection.run(LeaderElection.java:130)
	at java.lang.Thread.run(Thread.java:748)
Caused by: org.apache.ratis.thirdparty.io.grpc.StatusRuntimeException: UNAVAILABLE: io exception
	at org.apache.ratis.thirdparty.io.grpc.stub.ClientCalls.toStatusRuntimeException(ClientCalls.java:233)
	at org.apache.ratis.thirdparty.io.grpc.stub.ClientCalls.getUnchecked(ClientCalls.java:214)
	at org.apache.ratis.thirdparty.io.grpc.stub.ClientCalls.blockingUnaryCall(ClientCalls.java:139)
	at org.apache.ratis.proto.grpc.RaftServerProtocolServiceGrpc$RaftServerProtocolServiceBlockingStub.requestVote(RaftServerProtocolServiceGrpc.java:265)
	at org.apache.ratis.grpc.server.GrpcServerProtocolClient.requestVote(GrpcServerProtocolClient.java:83)
	at org.apache.ratis.grpc.server.GrpcService.requestVote(GrpcService.java:195)
	at org.apache.ratis.server.impl.LeaderElection.lambda$submitRequests$1(LeaderElection.java:237)
	at java.util.concurrent.FutureTask.run(FutureTask.java:266)
	at java.util.concurrent.Executors$RunnableAdapter.call(Executors.java:511)
	at java.util.concurrent.FutureTask.run(FutureTask.java:266)
	at java.util.concurrent.ThreadPoolExecutor.runWorker(ThreadPoolExecutor.java:1149)
	at java.util.concurrent.ThreadPoolExecutor$Worker.run(ThreadPoolExecutor.java:624)
	... 1 more
Caused by: org.apache.ratis.thirdparty.io.netty.channel.AbstractChannel$AnnotatedConnectException: Connection refused: /192.168.69.77:40542
	at sun.nio.ch.SocketChannelImpl.checkConnect(Native Method)
	at sun.nio.ch.SocketChannelImpl.finishConnect(SocketChannelImpl.java:717)
	at org.apache.ratis.thirdparty.io.netty.channel.socket.nio.NioSocketChannel.doFinishConnect(NioSocketChannel.java:327)
	at org.apache.ratis.thirdparty.io.netty.channel.nio.AbstractNioChannel$AbstractNioUnsafe.finishConnect(AbstractNioChannel.java:340)
	at org.apache.ratis.thirdparty.io.netty.channel.nio.NioEventLoop.processSelectedKey(NioEventLoop.java:632)
	at org.apache.ratis.thirdparty.io.netty.channel.nio.NioEventLoop.processSelectedKeysOptimized(NioEventLoop.java:579)
	at org.apache.ratis.thirdparty.io.netty.channel.nio.NioEventLoop.processSelectedKeys(NioEventLoop.java:496)
	at org.apache.ratis.thirdparty.io.netty.channel.nio.NioEventLoop.run(NioEventLoop.java:458)
	at org.apache.ratis.thirdparty.io.netty.util.concurrent.SingleThreadEventExecutor$5.run(SingleThreadEventExecutor.java:897)
	at org.apache.ratis.thirdparty.io.netty.util.concurrent.FastThreadLocalRunnable.run(FastThreadLocalRunnable.java:30)
	... 1 more
Caused by: java.net.ConnectException: Connection refused
	... 11 more
2019-07-14 16:33:46,171 INFO  impl.RaftServerImpl (RaftServerImpl.java:setRole(171)) - 87e0d44a-7661-4c4e-9766-d982f5879c7e:group-537C26EA5BC3 changes role from CANDIDATE to FOLLOWER at term 2 for DISCOVERED_A_NEW_TERM
2019-07-14 16:33:46,171 INFO  impl.RoleInfo (RoleInfo.java:shutdownLeaderElection(134)) - 87e0d44a-7661-4c4e-9766-d982f5879c7e: shutdown LeaderElection
2019-07-14 16:33:46,172 INFO  impl.RoleInfo (RoleInfo.java:updateAndGet(143)) - 87e0d44a-7661-4c4e-9766-d982f5879c7e: start FollowerState
2019-07-14 16:33:46,468 WARN  server.GrpcLogAppender (LogUtils.java:warn(134)) - b78ff834-b5d5-4deb-95f9-4a167141af01->472ad2ac-a58f-4509-9846-5e41ad7cd623: Failed appendEntries: org.apache.ratis.thirdparty.io.grpc.StatusRuntimeException: UNAVAILABLE: io exception
2019-07-14 16:33:46,468 WARN  server.GrpcLogAppender (LogUtils.java:warn(134)) - b78ff834-b5d5-4deb-95f9-4a167141af01->3e0cbe12-980e-4522-a295-ddb62eab7be9: Failed appendEntries: org.apache.ratis.thirdparty.io.grpc.StatusRuntimeException: UNAVAILABLE: io exception
2019-07-14 16:33:46,468 INFO  impl.FollowerInfo (FollowerInfo.java:lambda$new$0(50)) - b78ff834-b5d5-4deb-95f9-4a167141af01->472ad2ac-a58f-4509-9846-5e41ad7cd623: nextIndex: updateUnconditionally 14 -> 13
2019-07-14 16:33:46,468 INFO  impl.FollowerInfo (FollowerInfo.java:lambda$new$0(50)) - b78ff834-b5d5-4deb-95f9-4a167141af01->3e0cbe12-980e-4522-a295-ddb62eab7be9: nextIndex: updateUnconditionally 17 -> 16
2019-07-14 16:33:48,318 INFO  node.StaleNodeHandler (StaleNodeHandler.java:onMessage(58)) - Datanode fb2a5e7d-4da2-4e0a-82af-c73b0c91fc3e{ip: 192.168.69.77, host: pr-hdds-1710-5x6jb-1204890111, networkLocation: /default-rack, certSerialId: null} moved to stale state. Finalizing its pipelines [PipelineID=12276977-e53d-46d1-a617-8df88a17972d]
2019-07-14 16:33:48,318 INFO  pipeline.SCMPipelineManager (SCMPipelineManager.java:finalizeAndDestroyPipeline(309)) - destroying pipeline:Pipeline[ Id: 12276977-e53d-46d1-a617-8df88a17972d, Nodes: fb2a5e7d-4da2-4e0a-82af-c73b0c91fc3e{ip: 192.168.69.77, host: pr-hdds-1710-5x6jb-1204890111, networkLocation: /default-rack, certSerialId: null}, Type:RATIS, Factor:ONE, State:OPEN]
2019-07-14 16:33:48,319 INFO  pipeline.PipelineStateManager (PipelineStateManager.java:finalizePipeline(123)) - Pipeline Pipeline[ Id: 12276977-e53d-46d1-a617-8df88a17972d, Nodes: fb2a5e7d-4da2-4e0a-82af-c73b0c91fc3e{ip: 192.168.69.77, host: pr-hdds-1710-5x6jb-1204890111, networkLocation: /default-rack, certSerialId: null}, Type:RATIS, Factor:ONE, State:CLOSED] moved to CLOSED state
2019-07-14 16:33:48,518 INFO  node.StaleNodeHandler (StaleNodeHandler.java:onMessage(58)) - Datanode b78ff834-b5d5-4deb-95f9-4a167141af01{ip: 192.168.69.77, host: pr-hdds-1710-5x6jb-1204890111, networkLocation: /default-rack, certSerialId: null} moved to stale state. Finalizing its pipelines [PipelineID=87b2d50c-f27c-4951-bac5-4d4ed83c6d87, PipelineID=db90ecc0-9775-4adf-9687-3cd224f69905]
2019-07-14 16:33:48,518 INFO  pipeline.SCMPipelineManager (SCMPipelineManager.java:finalizeAndDestroyPipeline(309)) - destroying pipeline:Pipeline[ Id: 87b2d50c-f27c-4951-bac5-4d4ed83c6d87, Nodes: b78ff834-b5d5-4deb-95f9-4a167141af01{ip: 192.168.69.77, host: pr-hdds-1710-5x6jb-1204890111, networkLocation: /default-rack, certSerialId: null}, Type:RATIS, Factor:ONE, State:OPEN]
2019-07-14 16:33:48,519 INFO  pipeline.PipelineStateManager (PipelineStateManager.java:finalizePipeline(123)) - Pipeline Pipeline[ Id: 87b2d50c-f27c-4951-bac5-4d4ed83c6d87, Nodes: b78ff834-b5d5-4deb-95f9-4a167141af01{ip: 192.168.69.77, host: pr-hdds-1710-5x6jb-1204890111, networkLocation: /default-rack, certSerialId: null}, Type:RATIS, Factor:ONE, State:CLOSED] moved to CLOSED state
2019-07-14 16:33:48,519 INFO  pipeline.SCMPipelineManager (SCMPipelineManager.java:finalizeAndDestroyPipeline(309)) - destroying pipeline:Pipeline[ Id: db90ecc0-9775-4adf-9687-3cd224f69905, Nodes: 3e0cbe12-980e-4522-a295-ddb62eab7be9{ip: 192.168.69.77, host: pr-hdds-1710-5x6jb-1204890111, networkLocation: /default-rack, certSerialId: null}472ad2ac-a58f-4509-9846-5e41ad7cd623{ip: 192.168.69.77, host: pr-hdds-1710-5x6jb-1204890111, networkLocation: /default-rack, certSerialId: null}b78ff834-b5d5-4deb-95f9-4a167141af01{ip: 192.168.69.77, host: pr-hdds-1710-5x6jb-1204890111, networkLocation: /default-rack, certSerialId: null}, Type:RATIS, Factor:THREE, State:CLOSED]
2019-07-14 16:33:48,937 INFO  ozoneimpl.OzoneContainer (OzoneContainer.java:stop(199)) - Attempting to stop container services.
2019-07-14 16:33:48,938 INFO  impl.RaftServerProxy (RaftServerProxy.java:lambda$close$4(314)) - b78ff834-b5d5-4deb-95f9-4a167141af01: close
2019-07-14 16:33:48,938 INFO  impl.RaftServerImpl (RaftServerImpl.java:lambda$shutdown$3(245)) - b78ff834-b5d5-4deb-95f9-4a167141af01: shutdown group-4D4ED83C6D87
2019-07-14 16:33:48,939 INFO  util.JmxRegister (JmxRegister.java:unregister(73)) - Successfully un-registered JMX Bean with object name Ratis:service=RaftServer,group=group-4D4ED83C6D87,id=b78ff834-b5d5-4deb-95f9-4a167141af01
2019-07-14 16:33:48,939 INFO  ozoneimpl.OzoneContainer (OzoneContainer.java:stop(199)) - Attempting to stop container services.
2019-07-14 16:33:48,939 INFO  impl.RoleInfo (RoleInfo.java:shutdownLeaderState(104)) - b78ff834-b5d5-4deb-95f9-4a167141af01: shutdown LeaderState
2019-07-14 16:33:48,940 INFO  impl.RaftServerProxy (RaftServerProxy.java:lambda$close$4(314)) - fb2a5e7d-4da2-4e0a-82af-c73b0c91fc3e: close
2019-07-14 16:33:48,941 INFO  impl.PendingRequests (PendingRequests.java:sendNotLeaderResponses(202)) - b78ff834-b5d5-4deb-95f9-4a167141af01-PendingRequests: sendNotLeaderResponses
2019-07-14 16:33:48,941 INFO  impl.RaftServerImpl (RaftServerImpl.java:lambda$shutdown$3(245)) - fb2a5e7d-4da2-4e0a-82af-c73b0c91fc3e: shutdown group-8DF88A17972D
2019-07-14 16:33:48,942 INFO  impl.StateMachineUpdater (StateMachineUpdater.java:stopAndJoin(115)) - StateMachineUpdater:b78ff834-b5d5-4deb-95f9-4a167141af01:group-4D4ED83C6D87: set stopIndex = 0
2019-07-14 16:33:48,942 INFO  ratis.ContainerStateMachine (ContainerStateMachine.java:takeSnapshot(246)) - Taking snapshot at termIndex:(t:0, i:~)
2019-07-14 16:33:48,942 INFO  util.JmxRegister (JmxRegister.java:unregister(73)) - Successfully un-registered JMX Bean with object name Ratis:service=RaftServer,group=group-8DF88A17972D,id=fb2a5e7d-4da2-4e0a-82af-c73b0c91fc3e
2019-07-14 16:33:48,943 INFO  impl.RaftServerImpl (ServerState.java:close(394)) - b78ff834-b5d5-4deb-95f9-4a167141af01:group-4D4ED83C6D87 closes. The last applied log index is 0
2019-07-14 16:33:48,943 INFO  impl.RoleInfo (RoleInfo.java:shutdownLeaderState(104)) - fb2a5e7d-4da2-4e0a-82af-c73b0c91fc3e: shutdown LeaderState
2019-07-14 16:33:48,944 INFO  segmented.SegmentedRaftLogWorker (SegmentedRaftLogWorker.java:run(313)) - b78ff834-b5d5-4deb-95f9-4a167141af01-SegmentedRaftLogWorker:Storage Directory /workdir/hadoop-ozone/integration-test/target/test-dir/MiniOzoneClusterImpl-08738c8b-c1fa-46e0-b7fe-0ffeb36e6730/datanode-0/data/ratis/87b2d50c-f27c-4951-bac5-4d4ed83c6d87 was interrupted, exiting. There are 0 tasks remaining in the queue.
2019-07-14 16:33:48,944 INFO  impl.PendingRequests (PendingRequests.java:sendNotLeaderResponses(202)) - fb2a5e7d-4da2-4e0a-82af-c73b0c91fc3e-PendingRequests: sendNotLeaderResponses
2019-07-14 16:33:48,944 INFO  segmented.SegmentedRaftLogWorker (SegmentedRaftLogWorker.java:close(228)) - b78ff834-b5d5-4deb-95f9-4a167141af01-SegmentedRaftLogWorker:Storage Directory /workdir/hadoop-ozone/integration-test/target/test-dir/MiniOzoneClusterImpl-08738c8b-c1fa-46e0-b7fe-0ffeb36e6730/datanode-0/data/ratis/87b2d50c-f27c-4951-bac5-4d4ed83c6d87 close()
2019-07-14 16:33:48,945 INFO  ratis.ContainerStateMachine (ContainerStateMachine.java:takeSnapshot(246)) - Taking snapshot at termIndex:(t:0, i:~)
2019-07-14 16:33:48,945 INFO  impl.StateMachineUpdater (StateMachineUpdater.java:stopAndJoin(115)) - StateMachineUpdater:fb2a5e7d-4da2-4e0a-82af-c73b0c91fc3e:group-8DF88A17972D: set stopIndex = 0
2019-07-14 16:33:48,948 INFO  impl.RaftServerImpl (ServerState.java:close(394)) - fb2a5e7d-4da2-4e0a-82af-c73b0c91fc3e:group-8DF88A17972D closes. The last applied log index is 0
2019-07-14 16:33:48,948 INFO  impl.RaftServerImpl (RaftServerImpl.java:lambda$shutdown$3(245)) - b78ff834-b5d5-4deb-95f9-4a167141af01: shutdown group-3CD224F69905
2019-07-14 16:33:48,949 INFO  segmented.SegmentedRaftLogWorker (SegmentedRaftLogWorker.java:run(313)) - fb2a5e7d-4da2-4e0a-82af-c73b0c91fc3e-SegmentedRaftLogWorker:Storage Directory /workdir/hadoop-ozone/integration-test/target/test-dir/MiniOzoneClusterImpl-08738c8b-c1fa-46e0-b7fe-0ffeb36e6730/datanode-6/data/ratis/12276977-e53d-46d1-a617-8df88a17972d was interrupted, exiting. There are 0 tasks remaining in the queue.
2019-07-14 16:33:48,949 INFO  util.JmxRegister (JmxRegister.java:unregister(73)) - Successfully un-registered JMX Bean with object name Ratis:service=RaftServer,group=group-3CD224F69905,id=b78ff834-b5d5-4deb-95f9-4a167141af01
2019-07-14 16:33:48,950 INFO  segmented.SegmentedRaftLogWorker (SegmentedRaftLogWorker.java:close(228)) - fb2a5e7d-4da2-4e0a-82af-c73b0c91fc3e-SegmentedRaftLogWorker:Storage Directory /workdir/hadoop-ozone/integration-test/target/test-dir/MiniOzoneClusterImpl-08738c8b-c1fa-46e0-b7fe-0ffeb36e6730/datanode-6/data/ratis/12276977-e53d-46d1-a617-8df88a17972d close()
2019-07-14 16:33:48,950 INFO  impl.RoleInfo (RoleInfo.java:shutdownLeaderState(104)) - b78ff834-b5d5-4deb-95f9-4a167141af01: shutdown LeaderState
2019-07-14 16:33:48,952 INFO  server.GrpcService (GrpcService.java:closeImpl(155)) - fb2a5e7d-4da2-4e0a-82af-c73b0c91fc3e: shutdown server with port 42150 now
2019-07-14 16:33:48,956 WARN  server.GrpcLogAppender (GrpcLogAppender.java:mayWait(143)) - GrpcLogAppender(b78ff834-b5d5-4deb-95f9-4a167141af01->472ad2ac-a58f-4509-9846-5e41ad7cd623): Wait interrupted by java.lang.InterruptedException
2019-07-14 16:33:48,956 WARN  server.GrpcLogAppender (GrpcLogAppender.java:mayWait(143)) - GrpcLogAppender(b78ff834-b5d5-4deb-95f9-4a167141af01->3e0cbe12-980e-4522-a295-ddb62eab7be9): Wait interrupted by java.lang.InterruptedException
2019-07-14 16:33:48,958 INFO  server.GrpcService (GrpcService.java:closeImpl(163)) - fb2a5e7d-4da2-4e0a-82af-c73b0c91fc3e: shutdown server with port 42150 successfully
2019-07-14 16:33:48,956 INFO  impl.PendingRequests (PendingRequests.java:sendNotLeaderResponses(202)) - b78ff834-b5d5-4deb-95f9-4a167141af01-PendingRequests: sendNotLeaderResponses
2019-07-14 16:33:48,962 INFO  impl.StateMachineUpdater (StateMachineUpdater.java:stopAndJoin(115)) - StateMachineUpdater:b78ff834-b5d5-4deb-95f9-4a167141af01:group-3CD224F69905: set stopIndex = 18
2019-07-14 16:33:48,963 INFO  ratis.ContainerStateMachine (ContainerStateMachine.java:takeSnapshot(246)) - Taking snapshot at termIndex:(t:1, i:18)
2019-07-14 16:33:48,963 INFO  utils.BackgroundService (BackgroundService.java:shutdown(148)) - Shutting down service BlockDeletingService
2019-07-14 16:33:48,963 INFO  ratis.ContainerStateMachine (ContainerStateMachine.java:takeSnapshot(250)) - Taking a snapshot to file /workdir/hadoop-ozone/integration-test/target/test-dir/MiniOzoneClusterImpl-08738c8b-c1fa-46e0-b7fe-0ffeb36e6730/datanode-0/data/ratis/db90ecc0-9775-4adf-9687-3cd224f69905/sm/snapshot.1_18
2019-07-14 16:33:48,967 INFO  impl.StateMachineUpdater (StateMachineUpdater.java:takeSnapshot(242)) - StateMachineUpdater:b78ff834-b5d5-4deb-95f9-4a167141af01:group-3CD224F69905: Took a snapshot at index 18
2019-07-14 16:33:48,967 INFO  impl.StateMachineUpdater (StateMachineUpdater.java:lambda$new$0(80)) - StateMachineUpdater:b78ff834-b5d5-4deb-95f9-4a167141af01:group-3CD224F69905: snapshotIndex: updateIncreasingly -1 -> 18
2019-07-14 16:33:48,967 INFO  impl.RaftServerImpl (ServerState.java:close(394)) - b78ff834-b5d5-4deb-95f9-4a167141af01:group-3CD224F69905 closes. The last applied log index is 18
2019-07-14 16:33:48,968 WARN  fs.CachingGetSpaceUsed (CachingGetSpaceUsed.java:run(183)) - Thread Interrupted waiting to refresh disk information: sleep interrupted
2019-07-14 16:33:48,968 INFO  segmented.SegmentedRaftLogWorker (SegmentedRaftLogWorker.java:run(313)) - b78ff834-b5d5-4deb-95f9-4a167141af01-SegmentedRaftLogWorker:Storage Directory /workdir/hadoop-ozone/integration-test/target/test-dir/MiniOzoneClusterImpl-08738c8b-c1fa-46e0-b7fe-0ffeb36e6730/datanode-0/data/ratis/db90ecc0-9775-4adf-9687-3cd224f69905 was interrupted, exiting. There are 0 tasks remaining in the queue.
2019-07-14 16:33:48,968 INFO  segmented.SegmentedRaftLogWorker (SegmentedRaftLogWorker.java:close(228)) - b78ff834-b5d5-4deb-95f9-4a167141af01-SegmentedRaftLogWorker:Storage Directory /workdir/hadoop-ozone/integration-test/target/test-dir/MiniOzoneClusterImpl-08738c8b-c1fa-46e0-b7fe-0ffeb36e6730/datanode-0/data/ratis/db90ecc0-9775-4adf-9687-3cd224f69905 close()
2019-07-14 16:33:48,970 INFO  server.GrpcService (GrpcService.java:closeImpl(155)) - b78ff834-b5d5-4deb-95f9-4a167141af01: shutdown server with port 35917 now
2019-07-14 16:33:48,972 WARN  client.GrpcClientProtocolService (LogUtils.java:warn(134)) - 1-UnorderedRequestStreamObserver1: onError: org.apache.ratis.thirdparty.io.grpc.StatusRuntimeException: CANCELLED: cancelled before receiving half close
2019-07-14 16:33:48,973 INFO  server.GrpcService (GrpcService.java:closeImpl(163)) - b78ff834-b5d5-4deb-95f9-4a167141af01: shutdown server with port 35917 successfully
2019-07-14 16:33:48,974 INFO  utils.BackgroundService (BackgroundService.java:shutdown(148)) - Shutting down service BlockDeletingService
2019-07-14 16:33:48,978 WARN  fs.CachingGetSpaceUsed (CachingGetSpaceUsed.java:run(183)) - Thread Interrupted waiting to refresh disk information: sleep interrupted
2019-07-14 16:33:48,992 INFO  statemachine.DatanodeStateMachine (DatanodeStateMachine.java:stopDaemon(395)) - Ozone container server stopped.
2019-07-14 16:33:48,997 INFO  statemachine.DatanodeStateMachine (DatanodeStateMachine.java:stopDaemon(395)) - Ozone container server stopped.
2019-07-14 16:33:49,006 INFO  handler.ContextHandler (ContextHandler.java:doStop(910)) - Stopped o.e.j.w.WebAppContext@338f9bb5{/,null,UNAVAILABLE}{/hddsDatanode}
2019-07-14 16:33:49,006 INFO  handler.ContextHandler (ContextHandler.java:doStop(910)) - Stopped o.e.j.w.WebAppContext@713935c8{/,null,UNAVAILABLE}{/hddsDatanode}
2019-07-14 16:33:49,008 INFO  server.AbstractConnector (AbstractConnector.java:doStop(318)) - Stopped ServerConnector@1cf38112{HTTP/1.1,[http/1.1]}{0.0.0.0:0}
2019-07-14 16:33:49,008 INFO  server.AbstractConnector (AbstractConnector.java:doStop(318)) - Stopped ServerConnector@1f0f52d6{HTTP/1.1,[http/1.1]}{0.0.0.0:0}
2019-07-14 16:33:49,008 INFO  handler.ContextHandler (ContextHandler.java:doStop(910)) - Stopped o.e.j.s.ServletContextHandler@14021c10{/static,jar:file:/home/user/.m2/repository/org/apache/hadoop/hadoop-hdds-container-service/0.5.0-SNAPSHOT/hadoop-hdds-container-service-0.5.0-SNAPSHOT.jar!/webapps/static,UNAVAILABLE}
2019-07-14 16:33:49,009 INFO  handler.ContextHandler (ContextHandler.java:doStop(910)) - Stopped o.e.j.s.ServletContextHandler@29d534ce{/static,jar:file:/home/user/.m2/repository/org/apache/hadoop/hadoop-hdds-container-service/0.5.0-SNAPSHOT/hadoop-hdds-container-service-0.5.0-SNAPSHOT.jar!/webapps/static,UNAVAILABLE}
2019-07-14 16:33:49,009 INFO  handler.ContextHandler (ContextHandler.java:doStop(910)) - Stopped o.e.j.s.ServletContextHandler@5344b208{/logs,file:///workdir/hadoop-ozone/integration-test/target/log,UNAVAILABLE}
2019-07-14 16:33:49,009 INFO  handler.ContextHandler (ContextHandler.java:doStop(910)) - Stopped o.e.j.s.ServletContextHandler@5c51a7eb{/logs,file:///workdir/hadoop-ozone/integration-test/target/log,UNAVAILABLE}
2019-07-14 16:33:49,011 INFO  datanode.ObjectStoreHandler (ObjectStoreHandler.java:close(155)) - Closing ObjectStoreHandler.
2019-07-14 16:33:49,011 INFO  ozone.HddsDatanodeService (HddsDatanodeService.java:stop(452)) - Stopped plug-in org.apache.hadoop.ozone.web.OzoneHddsDatanodeService@213451a4
2019-07-14 16:33:49,839 INFO  statemachine.DatanodeStateMachine (DatanodeStateMachine.java:lambda$startDaemon$0(350)) - Ozone container server started.
2019-07-14 16:33:51,221 INFO  impl.FollowerState (FollowerState.java:run(106)) - 87e0d44a-7661-4c4e-9766-d982f5879c7e:group-537C26EA5BC3 changes to CANDIDATE, lastRpcTime:5048, electionTimeout:5048ms
2019-07-14 16:33:51,221 INFO  impl.RoleInfo (RoleInfo.java:shutdownFollowerState(121)) - 87e0d44a-7661-4c4e-9766-d982f5879c7e: shutdown FollowerState
2019-07-14 16:33:51,221 INFO  impl.RaftServerImpl (RaftServerImpl.java:setRole(171)) - 87e0d44a-7661-4c4e-9766-d982f5879c7e:group-537C26EA5BC3 changes role from FOLLOWER to CANDIDATE at term 2 for changeToCandidate
2019-07-14 16:33:51,221 INFO  impl.RoleInfo (RoleInfo.java:updateAndGet(143)) - 87e0d44a-7661-4c4e-9766-d982f5879c7e: start LeaderElection
2019-07-14 16:33:51,238 INFO  impl.LeaderElection (LeaderElection.java:askForVotes(181)) - 87e0d44a-7661-4c4e-9766-d982f5879c7e:group-537C26EA5BC3:LeaderElection96: begin an election at term 3 for 0: [1e8381d4-e571-4076-8ec1-f519959dd3b0:192.168.69.77:40542, 4dce4393-7fae-4871-828c-a5f0ee5dd363:192.168.69.77:37542, 87e0d44a-7661-4c4e-9766-d982f5879c7e:192.168.69.77:33686], old=null
2019-07-14 16:33:51,240 INFO  impl.LeaderElection (LogUtils.java:infoOrTrace(149)) - 87e0d44a-7661-4c4e-9766-d982f5879c7e:group-537C26EA5BC3:LeaderElection96 got exception when requesting votes: {}
java.util.concurrent.ExecutionException: org.apache.ratis.thirdparty.io.grpc.StatusRuntimeException: UNAVAILABLE: io exception
	at java.util.concurrent.FutureTask.report(FutureTask.java:122)
	at java.util.concurrent.FutureTask.get(FutureTask.java:192)
	at org.apache.ratis.server.impl.LeaderElection.waitForResults(LeaderElection.java:262)
	at org.apache.ratis.server.impl.LeaderElection.askForVotes(LeaderElection.java:200)
	at org.apache.ratis.server.impl.LeaderElection.run(LeaderElection.java:130)
	at java.lang.Thread.run(Thread.java:748)
Caused by: org.apache.ratis.thirdparty.io.grpc.StatusRuntimeException: UNAVAILABLE: io exception
	at org.apache.ratis.thirdparty.io.grpc.stub.ClientCalls.toStatusRuntimeException(ClientCalls.java:233)
	at org.apache.ratis.thirdparty.io.grpc.stub.ClientCalls.getUnchecked(ClientCalls.java:214)
	at org.apache.ratis.thirdparty.io.grpc.stub.ClientCalls.blockingUnaryCall(ClientCalls.java:139)
	at org.apache.ratis.proto.grpc.RaftServerProtocolServiceGrpc$RaftServerProtocolServiceBlockingStub.requestVote(RaftServerProtocolServiceGrpc.java:265)
	at org.apache.ratis.grpc.server.GrpcServerProtocolClient.requestVote(GrpcServerProtocolClient.java:83)
	at org.apache.ratis.grpc.server.GrpcService.requestVote(GrpcService.java:195)
	at org.apache.ratis.server.impl.LeaderElection.lambda$submitRequests$1(LeaderElection.java:237)
	at java.util.concurrent.FutureTask.run(FutureTask.java:266)
	at java.util.concurrent.Executors$RunnableAdapter.call(Executors.java:511)
	at java.util.concurrent.FutureTask.run(FutureTask.java:266)
	at java.util.concurrent.ThreadPoolExecutor.runWorker(ThreadPoolExecutor.java:1149)
	at java.util.concurrent.ThreadPoolExecutor$Worker.run(ThreadPoolExecutor.java:624)
	... 1 more
Caused by: org.apache.ratis.thirdparty.io.netty.channel.AbstractChannel$AnnotatedConnectException: Connection refused: /192.168.69.77:37542
	at sun.nio.ch.SocketChannelImpl.checkConnect(Native Method)
	at sun.nio.ch.SocketChannelImpl.finishConnect(SocketChannelImpl.java:717)
	at org.apache.ratis.thirdparty.io.netty.channel.socket.nio.NioSocketChannel.doFinishConnect(NioSocketChannel.java:327)
	at org.apache.ratis.thirdparty.io.netty.channel.nio.AbstractNioChannel$AbstractNioUnsafe.finishConnect(AbstractNioChannel.java:340)
	at org.apache.ratis.thirdparty.io.netty.channel.nio.NioEventLoop.processSelectedKey(NioEventLoop.java:632)
	at org.apache.ratis.thirdparty.io.netty.channel.nio.NioEventLoop.processSelectedKeysOptimized(NioEventLoop.java:579)
	at org.apache.ratis.thirdparty.io.netty.channel.nio.NioEventLoop.processSelectedKeys(NioEventLoop.java:496)
	at org.apache.ratis.thirdparty.io.netty.channel.nio.NioEventLoop.run(NioEventLoop.java:458)
	at org.apache.ratis.thirdparty.io.netty.util.concurrent.SingleThreadEventExecutor$5.run(SingleThreadEventExecutor.java:897)
	at org.apache.ratis.thirdparty.io.netty.util.concurrent.FastThreadLocalRunnable.run(FastThreadLocalRunnable.java:30)
	... 1 more
Caused by: java.net.ConnectException: Connection refused
	... 11 more
2019-07-14 16:33:51,241 INFO  impl.LeaderElection (LogUtils.java:infoOrTrace(149)) - 87e0d44a-7661-4c4e-9766-d982f5879c7e:group-537C26EA5BC3:LeaderElection96 got exception when requesting votes: {}
java.util.concurrent.ExecutionException: org.apache.ratis.thirdparty.io.grpc.StatusRuntimeException: UNAVAILABLE: io exception
	at java.util.concurrent.FutureTask.report(FutureTask.java:122)
	at java.util.concurrent.FutureTask.get(FutureTask.java:192)
	at org.apache.ratis.server.impl.LeaderElection.waitForResults(LeaderElection.java:262)
	at org.apache.ratis.server.impl.LeaderElection.askForVotes(LeaderElection.java:200)
	at org.apache.ratis.server.impl.LeaderElection.run(LeaderElection.java:130)
	at java.lang.Thread.run(Thread.java:748)
Caused by: org.apache.ratis.thirdparty.io.grpc.StatusRuntimeException: UNAVAILABLE: io exception
	at org.apache.ratis.thirdparty.io.grpc.stub.ClientCalls.toStatusRuntimeException(ClientCalls.java:233)
	at org.apache.ratis.thirdparty.io.grpc.stub.ClientCalls.getUnchecked(ClientCalls.java:214)
	at org.apache.ratis.thirdparty.io.grpc.stub.ClientCalls.blockingUnaryCall(ClientCalls.java:139)
	at org.apache.ratis.proto.grpc.RaftServerProtocolServiceGrpc$RaftServerProtocolServiceBlockingStub.requestVote(RaftServerProtocolServiceGrpc.java:265)
	at org.apache.ratis.grpc.server.GrpcServerProtocolClient.requestVote(GrpcServerProtocolClient.java:83)
	at org.apache.ratis.grpc.server.GrpcService.requestVote(GrpcService.java:195)
	at org.apache.ratis.server.impl.LeaderElection.lambda$submitRequests$1(LeaderElection.java:237)
	at java.util.concurrent.FutureTask.run(FutureTask.java:266)
	at java.util.concurrent.Executors$RunnableAdapter.call(Executors.java:511)
	at java.util.concurrent.FutureTask.run(FutureTask.java:266)
	at java.util.concurrent.ThreadPoolExecutor.runWorker(ThreadPoolExecutor.java:1149)
	at java.util.concurrent.ThreadPoolExecutor$Worker.run(ThreadPoolExecutor.java:624)
	... 1 more
Caused by: org.apache.ratis.thirdparty.io.netty.channel.AbstractChannel$AnnotatedConnectException: Connection refused: /192.168.69.77:40542
	at sun.nio.ch.SocketChannelImpl.checkConnect(Native Method)
	at sun.nio.ch.SocketChannelImpl.finishConnect(SocketChannelImpl.java:717)
	at org.apache.ratis.thirdparty.io.netty.channel.socket.nio.NioSocketChannel.doFinishConnect(NioSocketChannel.java:327)
	at org.apache.ratis.thirdparty.io.netty.channel.nio.AbstractNioChannel$AbstractNioUnsafe.finishConnect(AbstractNioChannel.java:340)
	at org.apache.ratis.thirdparty.io.netty.channel.nio.NioEventLoop.processSelectedKey(NioEventLoop.java:632)
	at org.apache.ratis.thirdparty.io.netty.channel.nio.NioEventLoop.processSelectedKeysOptimized(NioEventLoop.java:579)
	at org.apache.ratis.thirdparty.io.netty.channel.nio.NioEventLoop.processSelectedKeys(NioEventLoop.java:496)
	at org.apache.ratis.thirdparty.io.netty.channel.nio.NioEventLoop.run(NioEventLoop.java:458)
	at org.apache.ratis.thirdparty.io.netty.util.concurrent.SingleThreadEventExecutor$5.run(SingleThreadEventExecutor.java:897)
	at org.apache.ratis.thirdparty.io.netty.util.concurrent.FastThreadLocalRunnable.run(FastThreadLocalRunnable.java:30)
	... 1 more
Caused by: java.net.ConnectException: Connection refused
	... 11 more
2019-07-14 16:33:51,243 INFO  impl.LeaderElection (LeaderElection.java:logAndReturn(56)) - 87e0d44a-7661-4c4e-9766-d982f5879c7e:group-537C26EA5BC3:LeaderElection96: Election REJECTED; received 0 response(s) [] and 2 exception(s); 87e0d44a-7661-4c4e-9766-d982f5879c7e:t3, leader=null, voted=87e0d44a-7661-4c4e-9766-d982f5879c7e, raftlog=87e0d44a-7661-4c4e-9766-d982f5879c7e-SegmentedRaftLog:OPENED:c18,f18,i18, conf=0: [1e8381d4-e571-4076-8ec1-f519959dd3b0:192.168.69.77:40542, 4dce4393-7fae-4871-828c-a5f0ee5dd363:192.168.69.77:37542, 87e0d44a-7661-4c4e-9766-d982f5879c7e:192.168.69.77:33686], old=null
2019-07-14 16:33:51,243 INFO  impl.LeaderElection (LogUtils.java:infoOrTrace(149)) -   Exception 0: {}
java.util.concurrent.ExecutionException: org.apache.ratis.thirdparty.io.grpc.StatusRuntimeException: UNAVAILABLE: io exception
	at java.util.concurrent.FutureTask.report(FutureTask.java:122)
	at java.util.concurrent.FutureTask.get(FutureTask.java:192)
	at org.apache.ratis.server.impl.LeaderElection.waitForResults(LeaderElection.java:262)
	at org.apache.ratis.server.impl.LeaderElection.askForVotes(LeaderElection.java:200)
	at org.apache.ratis.server.impl.LeaderElection.run(LeaderElection.java:130)
	at java.lang.Thread.run(Thread.java:748)
Caused by: org.apache.ratis.thirdparty.io.grpc.StatusRuntimeException: UNAVAILABLE: io exception
	at org.apache.ratis.thirdparty.io.grpc.stub.ClientCalls.toStatusRuntimeException(ClientCalls.java:233)
	at org.apache.ratis.thirdparty.io.grpc.stub.ClientCalls.getUnchecked(ClientCalls.java:214)
	at org.apache.ratis.thirdparty.io.grpc.stub.ClientCalls.blockingUnaryCall(ClientCalls.java:139)
	at org.apache.ratis.proto.grpc.RaftServerProtocolServiceGrpc$RaftServerProtocolServiceBlockingStub.requestVote(RaftServerProtocolServiceGrpc.java:265)
	at org.apache.ratis.grpc.server.GrpcServerProtocolClient.requestVote(GrpcServerProtocolClient.java:83)
	at org.apache.ratis.grpc.server.GrpcService.requestVote(GrpcService.java:195)
	at org.apache.ratis.server.impl.LeaderElection.lambda$submitRequests$1(LeaderElection.java:237)
	at java.util.concurrent.FutureTask.run(FutureTask.java:266)
	at java.util.concurrent.Executors$RunnableAdapter.call(Executors.java:511)
	at java.util.concurrent.FutureTask.run(FutureTask.java:266)
	at java.util.concurrent.ThreadPoolExecutor.runWorker(ThreadPoolExecutor.java:1149)
	at java.util.concurrent.ThreadPoolExecutor$Worker.run(ThreadPoolExecutor.java:624)
	... 1 more
Caused by: org.apache.ratis.thirdparty.io.netty.channel.AbstractChannel$AnnotatedConnectException: Connection refused: /192.168.69.77:37542
	at sun.nio.ch.SocketChannelImpl.checkConnect(Native Method)
	at sun.nio.ch.SocketChannelImpl.finishConnect(SocketChannelImpl.java:717)
	at org.apache.ratis.thirdparty.io.netty.channel.socket.nio.NioSocketChannel.doFinishConnect(NioSocketChannel.java:327)
	at org.apache.ratis.thirdparty.io.netty.channel.nio.AbstractNioChannel$AbstractNioUnsafe.finishConnect(AbstractNioChannel.java:340)
	at org.apache.ratis.thirdparty.io.netty.channel.nio.NioEventLoop.processSelectedKey(NioEventLoop.java:632)
	at org.apache.ratis.thirdparty.io.netty.channel.nio.NioEventLoop.processSelectedKeysOptimized(NioEventLoop.java:579)
	at org.apache.ratis.thirdparty.io.netty.channel.nio.NioEventLoop.processSelectedKeys(NioEventLoop.java:496)
	at org.apache.ratis.thirdparty.io.netty.channel.nio.NioEventLoop.run(NioEventLoop.java:458)
	at org.apache.ratis.thirdparty.io.netty.util.concurrent.SingleThreadEventExecutor$5.run(SingleThreadEventExecutor.java:897)
	at org.apache.ratis.thirdparty.io.netty.util.concurrent.FastThreadLocalRunnable.run(FastThreadLocalRunnable.java:30)
	... 1 more
Caused by: java.net.ConnectException: Connection refused
	... 11 more
2019-07-14 16:33:51,243 INFO  impl.LeaderElection (LogUtils.java:infoOrTrace(149)) -   Exception 1: {}
java.util.concurrent.ExecutionException: org.apache.ratis.thirdparty.io.grpc.StatusRuntimeException: UNAVAILABLE: io exception
	at java.util.concurrent.FutureTask.report(FutureTask.java:122)
	at java.util.concurrent.FutureTask.get(FutureTask.java:192)
	at org.apache.ratis.server.impl.LeaderElection.waitForResults(LeaderElection.java:262)
	at org.apache.ratis.server.impl.LeaderElection.askForVotes(LeaderElection.java:200)
	at org.apache.ratis.server.impl.LeaderElection.run(LeaderElection.java:130)
	at java.lang.Thread.run(Thread.java:748)
Caused by: org.apache.ratis.thirdparty.io.grpc.StatusRuntimeException: UNAVAILABLE: io exception
	at org.apache.ratis.thirdparty.io.grpc.stub.ClientCalls.toStatusRuntimeException(ClientCalls.java:233)
	at org.apache.ratis.thirdparty.io.grpc.stub.ClientCalls.getUnchecked(ClientCalls.java:214)
	at org.apache.ratis.thirdparty.io.grpc.stub.ClientCalls.blockingUnaryCall(ClientCalls.java:139)
	at org.apache.ratis.proto.grpc.RaftServerProtocolServiceGrpc$RaftServerProtocolServiceBlockingStub.requestVote(RaftServerProtocolServiceGrpc.java:265)
	at org.apache.ratis.grpc.server.GrpcServerProtocolClient.requestVote(GrpcServerProtocolClient.java:83)
	at org.apache.ratis.grpc.server.GrpcService.requestVote(GrpcService.java:195)
	at org.apache.ratis.server.impl.LeaderElection.lambda$submitRequests$1(LeaderElection.java:237)
	at java.util.concurrent.FutureTask.run(FutureTask.java:266)
	at java.util.concurrent.Executors$RunnableAdapter.call(Executors.java:511)
	at java.util.concurrent.FutureTask.run(FutureTask.java:266)
	at java.util.concurrent.ThreadPoolExecutor.runWorker(ThreadPoolExecutor.java:1149)
	at java.util.concurrent.ThreadPoolExecutor$Worker.run(ThreadPoolExecutor.java:624)
	... 1 more
Caused by: org.apache.ratis.thirdparty.io.netty.channel.AbstractChannel$AnnotatedConnectException: Connection refused: /192.168.69.77:40542
	at sun.nio.ch.SocketChannelImpl.checkConnect(Native Method)
	at sun.nio.ch.SocketChannelImpl.finishConnect(SocketChannelImpl.java:717)
	at org.apache.ratis.thirdparty.io.netty.channel.socket.nio.NioSocketChannel.doFinishConnect(NioSocketChannel.java:327)
	at org.apache.ratis.thirdparty.io.netty.channel.nio.AbstractNioChannel$AbstractNioUnsafe.finishConnect(AbstractNioChannel.java:340)
	at org.apache.ratis.thirdparty.io.netty.channel.nio.NioEventLoop.processSelectedKey(NioEventLoop.java:632)
	at org.apache.ratis.thirdparty.io.netty.channel.nio.NioEventLoop.processSelectedKeysOptimized(NioEventLoop.java:579)
	at org.apache.ratis.thirdparty.io.netty.channel.nio.NioEventLoop.processSelectedKeys(NioEventLoop.java:496)
	at org.apache.ratis.thirdparty.io.netty.channel.nio.NioEventLoop.run(NioEventLoop.java:458)
	at org.apache.ratis.thirdparty.io.netty.util.concurrent.SingleThreadEventExecutor$5.run(SingleThreadEventExecutor.java:897)
	at org.apache.ratis.thirdparty.io.netty.util.concurrent.FastThreadLocalRunnable.run(FastThreadLocalRunnable.java:30)
	... 1 more
Caused by: java.net.ConnectException: Connection refused
	... 11 more
2019-07-14 16:33:51,244 INFO  impl.RaftServerImpl (RaftServerImpl.java:setRole(171)) - 87e0d44a-7661-4c4e-9766-d982f5879c7e:group-537C26EA5BC3 changes role from CANDIDATE to FOLLOWER at term 3 for DISCOVERED_A_NEW_TERM
2019-07-14 16:33:51,244 INFO  impl.RoleInfo (RoleInfo.java:shutdownLeaderElection(134)) - 87e0d44a-7661-4c4e-9766-d982f5879c7e: shutdown LeaderElection
2019-07-14 16:33:51,244 INFO  impl.RoleInfo (RoleInfo.java:updateAndGet(143)) - 87e0d44a-7661-4c4e-9766-d982f5879c7e: start FollowerState
2019-07-14 16:33:53,927 INFO  node.StaleNodeHandler (StaleNodeHandler.java:onMessage(58)) - Datanode 87e0d44a-7661-4c4e-9766-d982f5879c7e{ip: 192.168.69.77, host: pr-hdds-1710-5x6jb-1204890111, networkLocation: /default-rack, certSerialId: null} moved to stale state. Finalizing its pipelines [PipelineID=004fb19e-d94c-4c31-8044-e05b6bbf0c52, PipelineID=ebda449e-b6c8-44bc-a0ea-537c26ea5bc3]
2019-07-14 16:33:53,927 INFO  pipeline.SCMPipelineManager (SCMPipelineManager.java:finalizeAndDestroyPipeline(309)) - destroying pipeline:Pipeline[ Id: 004fb19e-d94c-4c31-8044-e05b6bbf0c52, Nodes: 87e0d44a-7661-4c4e-9766-d982f5879c7e{ip: 192.168.69.77, host: pr-hdds-1710-5x6jb-1204890111, networkLocation: /default-rack, certSerialId: null}, Type:RATIS, Factor:ONE, State:OPEN]
2019-07-14 16:33:53,927 INFO  pipeline.PipelineStateManager (PipelineStateManager.java:finalizePipeline(123)) - Pipeline Pipeline[ Id: 004fb19e-d94c-4c31-8044-e05b6bbf0c52, Nodes: 87e0d44a-7661-4c4e-9766-d982f5879c7e{ip: 192.168.69.77, host: pr-hdds-1710-5x6jb-1204890111, networkLocation: /default-rack, certSerialId: null}, Type:RATIS, Factor:ONE, State:CLOSED] moved to CLOSED state
2019-07-14 16:33:53,928 INFO  pipeline.SCMPipelineManager (SCMPipelineManager.java:finalizeAndDestroyPipeline(309)) - destroying pipeline:Pipeline[ Id: ebda449e-b6c8-44bc-a0ea-537c26ea5bc3, Nodes: 4dce4393-7fae-4871-828c-a5f0ee5dd363{ip: 192.168.69.77, host: pr-hdds-1710-5x6jb-1204890111, networkLocation: /default-rack, certSerialId: null}1e8381d4-e571-4076-8ec1-f519959dd3b0{ip: 192.168.69.77, host: pr-hdds-1710-5x6jb-1204890111, networkLocation: /default-rack, certSerialId: null}87e0d44a-7661-4c4e-9766-d982f5879c7e{ip: 192.168.69.77, host: pr-hdds-1710-5x6jb-1204890111, networkLocation: /default-rack, certSerialId: null}, Type:RATIS, Factor:THREE, State:CLOSED]
2019-07-14 16:33:54,012 INFO  ozoneimpl.OzoneContainer (OzoneContainer.java:stop(199)) - Attempting to stop container services.
2019-07-14 16:33:54,013 INFO  impl.RaftServerProxy (RaftServerProxy.java:lambda$close$4(314)) - 87e0d44a-7661-4c4e-9766-d982f5879c7e: close
2019-07-14 16:33:54,013 INFO  impl.RaftServerImpl (RaftServerImpl.java:lambda$shutdown$3(245)) - 87e0d44a-7661-4c4e-9766-d982f5879c7e: shutdown group-E05B6BBF0C52
2019-07-14 16:33:54,014 INFO  util.JmxRegister (JmxRegister.java:unregister(73)) - Successfully un-registered JMX Bean with object name Ratis:service=RaftServer,group=group-E05B6BBF0C52,id=87e0d44a-7661-4c4e-9766-d982f5879c7e
2019-07-14 16:33:54,014 INFO  impl.RoleInfo (RoleInfo.java:shutdownLeaderState(104)) - 87e0d44a-7661-4c4e-9766-d982f5879c7e: shutdown LeaderState
2019-07-14 16:33:54,014 INFO  impl.PendingRequests (PendingRequests.java:sendNotLeaderResponses(202)) - 87e0d44a-7661-4c4e-9766-d982f5879c7e-PendingRequests: sendNotLeaderResponses
2019-07-14 16:33:54,015 INFO  impl.StateMachineUpdater (StateMachineUpdater.java:stopAndJoin(115)) - StateMachineUpdater:87e0d44a-7661-4c4e-9766-d982f5879c7e:group-E05B6BBF0C52: set stopIndex = 0
2019-07-14 16:33:54,015 INFO  ratis.ContainerStateMachine (ContainerStateMachine.java:takeSnapshot(246)) - Taking snapshot at termIndex:(t:0, i:~)
2019-07-14 16:33:54,015 INFO  impl.RaftServerImpl (ServerState.java:close(394)) - 87e0d44a-7661-4c4e-9766-d982f5879c7e:group-E05B6BBF0C52 closes. The last applied log index is 0
2019-07-14 16:33:54,016 INFO  segmented.SegmentedRaftLogWorker (SegmentedRaftLogWorker.java:run(313)) - 87e0d44a-7661-4c4e-9766-d982f5879c7e-SegmentedRaftLogWorker:Storage Directory /workdir/hadoop-ozone/integration-test/target/test-dir/MiniOzoneClusterImpl-08738c8b-c1fa-46e0-b7fe-0ffeb36e6730/datanode-5/data/ratis/004fb19e-d94c-4c31-8044-e05b6bbf0c52 was interrupted, exiting. There are 0 tasks remaining in the queue.
2019-07-14 16:33:54,016 INFO  segmented.SegmentedRaftLogWorker (SegmentedRaftLogWorker.java:close(228)) - 87e0d44a-7661-4c4e-9766-d982f5879c7e-SegmentedRaftLogWorker:Storage Directory /workdir/hadoop-ozone/integration-test/target/test-dir/MiniOzoneClusterImpl-08738c8b-c1fa-46e0-b7fe-0ffeb36e6730/datanode-5/data/ratis/004fb19e-d94c-4c31-8044-e05b6bbf0c52 close()
2019-07-14 16:33:54,019 INFO  impl.RaftServerImpl (RaftServerImpl.java:lambda$shutdown$3(245)) - 87e0d44a-7661-4c4e-9766-d982f5879c7e: shutdown group-537C26EA5BC3
2019-07-14 16:33:54,019 INFO  util.JmxRegister (JmxRegister.java:unregister(73)) - Successfully un-registered JMX Bean with object name Ratis:service=RaftServer,group=group-537C26EA5BC3,id=87e0d44a-7661-4c4e-9766-d982f5879c7e
2019-07-14 16:33:54,020 INFO  impl.RoleInfo (RoleInfo.java:shutdownFollowerState(121)) - 87e0d44a-7661-4c4e-9766-d982f5879c7e: shutdown FollowerState
2019-07-14 16:33:54,020 INFO  impl.StateMachineUpdater (StateMachineUpdater.java:stopAndJoin(115)) - StateMachineUpdater:87e0d44a-7661-4c4e-9766-d982f5879c7e:group-537C26EA5BC3: set stopIndex = 18
2019-07-14 16:33:54,020 INFO  impl.FollowerState (FollowerState.java:run(114)) - 87e0d44a-7661-4c4e-9766-d982f5879c7e: FollowerState was interrupted: java.lang.InterruptedException: sleep interrupted
2019-07-14 16:33:54,020 INFO  ratis.ContainerStateMachine (ContainerStateMachine.java:takeSnapshot(246)) - Taking snapshot at termIndex:(t:1, i:17)
2019-07-14 16:33:54,022 INFO  ratis.ContainerStateMachine (ContainerStateMachine.java:takeSnapshot(250)) - Taking a snapshot to file /workdir/hadoop-ozone/integration-test/target/test-dir/MiniOzoneClusterImpl-08738c8b-c1fa-46e0-b7fe-0ffeb36e6730/datanode-5/data/ratis/ebda449e-b6c8-44bc-a0ea-537c26ea5bc3/sm/snapshot.1_17
2019-07-14 16:33:54,022 INFO  impl.StateMachineUpdater (StateMachineUpdater.java:takeSnapshot(242)) - StateMachineUpdater:87e0d44a-7661-4c4e-9766-d982f5879c7e:group-537C26EA5BC3: Took a snapshot at index 17
2019-07-14 16:33:54,022 INFO  impl.StateMachineUpdater (StateMachineUpdater.java:lambda$new$0(80)) - StateMachineUpdater:87e0d44a-7661-4c4e-9766-d982f5879c7e:group-537C26EA5BC3: snapshotIndex: updateIncreasingly -1 -> 17
2019-07-14 16:33:54,023 INFO  impl.RaftServerImpl (ServerState.java:close(394)) - 87e0d44a-7661-4c4e-9766-d982f5879c7e:group-537C26EA5BC3 closes. The last applied log index is 18
2019-07-14 16:33:54,023 INFO  segmented.SegmentedRaftLogWorker (SegmentedRaftLogWorker.java:run(313)) - 87e0d44a-7661-4c4e-9766-d982f5879c7e-SegmentedRaftLogWorker:Storage Directory /workdir/hadoop-ozone/integration-test/target/test-dir/MiniOzoneClusterImpl-08738c8b-c1fa-46e0-b7fe-0ffeb36e6730/datanode-5/data/ratis/ebda449e-b6c8-44bc-a0ea-537c26ea5bc3 was interrupted, exiting. There are 0 tasks remaining in the queue.
2019-07-14 16:33:54,024 INFO  segmented.SegmentedRaftLogWorker (SegmentedRaftLogWorker.java:close(228)) - 87e0d44a-7661-4c4e-9766-d982f5879c7e-SegmentedRaftLogWorker:Storage Directory /workdir/hadoop-ozone/integration-test/target/test-dir/MiniOzoneClusterImpl-08738c8b-c1fa-46e0-b7fe-0ffeb36e6730/datanode-5/data/ratis/ebda449e-b6c8-44bc-a0ea-537c26ea5bc3 close()
2019-07-14 16:33:54,025 INFO  server.GrpcService (GrpcService.java:closeImpl(155)) - 87e0d44a-7661-4c4e-9766-d982f5879c7e: shutdown server with port 33686 now
2019-07-14 16:33:54,026 INFO  server.GrpcService (GrpcService.java:closeImpl(163)) - 87e0d44a-7661-4c4e-9766-d982f5879c7e: shutdown server with port 33686 successfully
2019-07-14 16:33:54,028 INFO  utils.BackgroundService (BackgroundService.java:shutdown(148)) - Shutting down service BlockDeletingService
2019-07-14 16:33:54,030 WARN  fs.CachingGetSpaceUsed (CachingGetSpaceUsed.java:run(183)) - Thread Interrupted waiting to refresh disk information: sleep interrupted
2019-07-14 16:33:54,049 INFO  statemachine.DatanodeStateMachine (DatanodeStateMachine.java:stopDaemon(395)) - Ozone container server stopped.
2019-07-14 16:33:54,063 INFO  handler.ContextHandler (ContextHandler.java:doStop(910)) - Stopped o.e.j.w.WebAppContext@5acf07e7{/,null,UNAVAILABLE}{/hddsDatanode}
2019-07-14 16:33:54,064 INFO  server.AbstractConnector (AbstractConnector.java:doStop(318)) - Stopped ServerConnector@42c8f458{HTTP/1.1,[http/1.1]}{0.0.0.0:0}
2019-07-14 16:33:54,064 INFO  handler.ContextHandler (ContextHandler.java:doStop(910)) - Stopped o.e.j.s.ServletContextHandler@3b5950f{/static,jar:file:/home/user/.m2/repository/org/apache/hadoop/hadoop-hdds-container-service/0.5.0-SNAPSHOT/hadoop-hdds-container-service-0.5.0-SNAPSHOT.jar!/webapps/static,UNAVAILABLE}
2019-07-14 16:33:54,065 INFO  handler.ContextHandler (ContextHandler.java:doStop(910)) - Stopped o.e.j.s.ServletContextHandler@32be0ebd{/logs,file:///workdir/hadoop-ozone/integration-test/target/log,UNAVAILABLE}
2019-07-14 16:33:54,066 INFO  ozone.MiniOzoneClusterImpl (MiniOzoneClusterImpl.java:stop(353)) - Stopping the StorageContainerManager
2019-07-14 16:33:54,066 INFO  server.StorageContainerManager (StorageContainerManager.java:stop(799)) - Stopping Replication Manager Service.
2019-07-14 16:33:54,066 INFO  container.ReplicationManager (ReplicationManager.java:stop(187)) - Stopping Replication Monitor Thread.
2019-07-14 16:33:54,067 INFO  server.StorageContainerManager (StorageContainerManager.java:stop(806)) - Stopping Lease Manager of the command watchers
2019-07-14 16:33:54,067 INFO  server.StorageContainerManager (StorageContainerManager.java:stop(813)) - Stopping datanode service RPC server
2019-07-14 16:33:54,067 INFO  server.SCMDatanodeProtocolServer (SCMDatanodeProtocolServer.java:stop(375)) - Stopping the RPC server for DataNodes
2019-07-14 16:33:54,068 INFO  ipc.Server (Server.java:stop(3082)) - Stopping server on 34794
2019-07-14 16:33:54,071 INFO  ipc.Server (Server.java:run(1185)) - Stopping IPC Server listener on 34794
2019-07-14 16:33:54,071 INFO  ipc.Server (Server.java:run(1319)) - Stopping IPC Server Responder
2019-07-14 16:33:54,127 WARN  node.NodeStateManager (NodeStateManager.java:scheduleNextHealthCheck(631)) - Current Thread is interrupted, shutting down HB processing thread for Node Manager.
2019-07-14 16:33:54,127 INFO  server.StorageContainerManager (StorageContainerManager.java:stop(821)) - Stopping block service RPC server
2019-07-14 16:33:54,127 INFO  server.SCMBlockProtocolServer (SCMBlockProtocolServer.java:stop(148)) - Stopping the RPC server for Block Protocol
2019-07-14 16:33:54,128 INFO  ipc.Server (Server.java:stop(3082)) - Stopping server on 43081
2019-07-14 16:33:54,130 INFO  ipc.Server (Server.java:run(1185)) - Stopping IPC Server listener on 43081
2019-07-14 16:33:54,130 INFO  ipc.Server (Server.java:run(1319)) - Stopping IPC Server Responder
2019-07-14 16:33:54,130 INFO  server.StorageContainerManager (StorageContainerManager.java:stop(828)) - Stopping the StorageContainerLocationProtocol RPC server
2019-07-14 16:33:54,132 INFO  server.SCMClientProtocolServer (SCMClientProtocolServer.java:stop(157)) - Stopping the RPC server for Client Protocol
2019-07-14 16:33:54,132 INFO  ipc.Server (Server.java:stop(3082)) - Stopping server on 36313
2019-07-14 16:33:54,135 INFO  ipc.Server (Server.java:run(1185)) - Stopping IPC Server listener on 36313
2019-07-14 16:33:54,135 INFO  server.StorageContainerManager (StorageContainerManager.java:stop(835)) - Stopping Storage Container Manager HTTP server.
2019-07-14 16:33:54,135 INFO  ipc.Server (Server.java:run(1319)) - Stopping IPC Server Responder
2019-07-14 16:33:54,137 INFO  handler.ContextHandler (ContextHandler.java:doStop(910)) - Stopped o.e.j.w.WebAppContext@6acedf54{/,null,UNAVAILABLE}{/scm}
2019-07-14 16:33:54,138 INFO  server.AbstractConnector (AbstractConnector.java:doStop(318)) - Stopped ServerConnector@2a0cc666{HTTP/1.1,[http/1.1]}{0.0.0.0:0}
2019-07-14 16:33:54,138 INFO  handler.ContextHandler (ContextHandler.java:doStop(910)) - Stopped o.e.j.s.ServletContextHandler@36a65069{/static,file:///workdir/hadoop-ozone/integration-test/target/test-classes/webapps/static,UNAVAILABLE}
2019-07-14 16:33:54,139 INFO  handler.ContextHandler (ContextHandler.java:doStop(910)) - Stopped o.e.j.s.ServletContextHandler@31c9bb2f{/logs,file:///workdir/hadoop-ozone/integration-test/target/log,UNAVAILABLE}
2019-07-14 16:33:54,140 INFO  server.StorageContainerManager (StorageContainerManager.java:stop(846)) - Stopping Block Manager Service.
2019-07-14 16:33:54,140 INFO  utils.BackgroundService (BackgroundService.java:shutdown(148)) - Shutting down service SCMBlockDeletingService
2019-07-14 16:33:54,140 INFO  utils.BackgroundService (BackgroundService.java:shutdown(148)) - Shutting down service SCMBlockDeletingService
2019-07-14 16:33:54,141 INFO  server.StorageContainerManager (StorageContainerManager.java:stop(868)) - Stopping SCM Event Queue.
2019-07-14 16:33:54,168 INFO  impl.MetricsSystemImpl (MetricsSystemImpl.java:stop(210)) - Stopping HddsDatanode metrics system...
2019-07-14 16:33:54,181 INFO  impl.MetricsSystemImpl (MetricsSystemImpl.java:stop(216)) - HddsDatanode metrics system stopped.
]]></system-out>
    <system-err><![CDATA[Jul 14, 2019 4:33:20 PM com.sun.jersey.server.impl.application.WebApplicationImpl _initiate
INFO: Initiating Jersey application, version 'Jersey: 1.19 02/11/2015 03:25 AM'
Jul 14, 2019 4:33:21 PM com.sun.jersey.server.impl.application.WebApplicationImpl _initiate
INFO: Initiating Jersey application, version 'Jersey: 1.19 02/11/2015 03:25 AM'
Jul 14, 2019 4:33:21 PM com.sun.jersey.server.impl.application.WebApplicationImpl _initiate
INFO: Initiating Jersey application, version 'Jersey: 1.19 02/11/2015 03:25 AM'
Jul 14, 2019 4:33:21 PM com.sun.jersey.server.impl.application.WebApplicationImpl _initiate
INFO: Initiating Jersey application, version 'Jersey: 1.19 02/11/2015 03:25 AM'
Jul 14, 2019 4:33:21 PM com.sun.jersey.server.impl.application.WebApplicationImpl _initiate
INFO: Initiating Jersey application, version 'Jersey: 1.19 02/11/2015 03:25 AM'
Jul 14, 2019 4:33:21 PM com.sun.jersey.server.impl.application.WebApplicationImpl _initiate
INFO: Initiating Jersey application, version 'Jersey: 1.19 02/11/2015 03:25 AM'
Jul 14, 2019 4:33:21 PM com.sun.jersey.server.impl.application.WebApplicationImpl _initiate
INFO: Initiating Jersey application, version 'Jersey: 1.19 02/11/2015 03:25 AM'
Jul 14, 2019 4:33:25 PM org.apache.ratis.thirdparty.io.grpc.internal.ManagedChannelOrphanWrapper$ManagedChannelReference cleanQueue
SEVERE: *~*~*~ Channel ManagedChannelImpl{logId=3271, target=192.168.69.77:33833} was not shutdown properly!!! ~*~*~*
    Make sure to call shutdown()/shutdownNow() and wait until awaitTermination() returns true.
java.lang.RuntimeException: ManagedChannel allocation site
	at org.apache.ratis.thirdparty.io.grpc.internal.ManagedChannelOrphanWrapper$ManagedChannelReference.<init>(ManagedChannelOrphanWrapper.java:103)
	at org.apache.ratis.thirdparty.io.grpc.internal.ManagedChannelOrphanWrapper.<init>(ManagedChannelOrphanWrapper.java:53)
	at org.apache.ratis.thirdparty.io.grpc.internal.ManagedChannelOrphanWrapper.<init>(ManagedChannelOrphanWrapper.java:44)
	at org.apache.ratis.thirdparty.io.grpc.internal.AbstractManagedChannelImplBuilder.build(AbstractManagedChannelImplBuilder.java:411)
	at org.apache.ratis.grpc.client.GrpcClientProtocolClient.<init>(GrpcClientProtocolClient.java:119)
	at org.apache.ratis.grpc.client.GrpcClientRpc.lambda$new$0(GrpcClientRpc.java:55)
	at org.apache.ratis.util.PeerProxyMap$PeerAndProxy.lambda$getProxy$0(PeerProxyMap.java:61)
	at org.apache.ratis.util.LifeCycle.startAndTransition(LifeCycle.java:202)
	at org.apache.ratis.util.PeerProxyMap$PeerAndProxy.getProxy(PeerProxyMap.java:60)
	at org.apache.ratis.util.PeerProxyMap.getProxy(PeerProxyMap.java:107)
	at org.apache.ratis.grpc.client.GrpcClientRpc.sendRequestAsync(GrpcClientRpc.java:66)
	at org.apache.ratis.client.impl.OrderedAsync.sendRequest(OrderedAsync.java:208)
	at org.apache.ratis.client.impl.OrderedAsync.sendRequestWithRetry(OrderedAsync.java:169)
	at org.apache.ratis.util.SlidingWindow$Client.sendOrDelayRequest(SlidingWindow.java:278)
	at org.apache.ratis.util.SlidingWindow$Client.retry(SlidingWindow.java:294)
	at org.apache.ratis.client.impl.OrderedAsync.lambda$scheduleWithTimeout$7(OrderedAsync.java:195)
	at org.apache.ratis.util.TimeoutScheduler.lambda$onTimeout$0(TimeoutScheduler.java:85)
	at org.apache.ratis.util.TimeoutScheduler.lambda$onTimeout$1(TimeoutScheduler.java:104)
	at org.apache.ratis.util.LogUtils.runAndLog(LogUtils.java:50)
	at org.apache.ratis.util.LogUtils$1.run(LogUtils.java:91)
	at java.util.concurrent.Executors$RunnableAdapter.call(Executors.java:511)
	at java.util.concurrent.FutureTask.run(FutureTask.java:266)
	at java.util.concurrent.ScheduledThreadPoolExecutor$ScheduledFutureTask.access$201(ScheduledThreadPoolExecutor.java:180)
	at java.util.concurrent.ScheduledThreadPoolExecutor$ScheduledFutureTask.run(ScheduledThreadPoolExecutor.java:293)
	at java.util.concurrent.ThreadPoolExecutor.runWorker(ThreadPoolExecutor.java:1149)
	at java.util.concurrent.ThreadPoolExecutor$Worker.run(ThreadPoolExecutor.java:624)
	at java.lang.Thread.run(Thread.java:748)

Jul 14, 2019 4:33:25 PM org.apache.ratis.thirdparty.io.grpc.internal.ManagedChannelOrphanWrapper$ManagedChannelReference cleanQueue
SEVERE: *~*~*~ Channel ManagedChannelImpl{logId=3261, target=192.168.69.77:44924} was not shutdown properly!!! ~*~*~*
    Make sure to call shutdown()/shutdownNow() and wait until awaitTermination() returns true.
java.lang.RuntimeException: ManagedChannel allocation site
	at org.apache.ratis.thirdparty.io.grpc.internal.ManagedChannelOrphanWrapper$ManagedChannelReference.<init>(ManagedChannelOrphanWrapper.java:103)
	at org.apache.ratis.thirdparty.io.grpc.internal.ManagedChannelOrphanWrapper.<init>(ManagedChannelOrphanWrapper.java:53)
	at org.apache.ratis.thirdparty.io.grpc.internal.ManagedChannelOrphanWrapper.<init>(ManagedChannelOrphanWrapper.java:44)
	at org.apache.ratis.thirdparty.io.grpc.internal.AbstractManagedChannelImplBuilder.build(AbstractManagedChannelImplBuilder.java:411)
	at org.apache.ratis.grpc.client.GrpcClientProtocolClient.<init>(GrpcClientProtocolClient.java:119)
	at org.apache.ratis.grpc.client.GrpcClientRpc.lambda$new$0(GrpcClientRpc.java:55)
	at org.apache.ratis.util.PeerProxyMap$PeerAndProxy.lambda$getProxy$0(PeerProxyMap.java:61)
	at org.apache.ratis.util.LifeCycle.startAndTransition(LifeCycle.java:202)
	at org.apache.ratis.util.PeerProxyMap$PeerAndProxy.getProxy(PeerProxyMap.java:60)
	at org.apache.ratis.util.PeerProxyMap.getProxy(PeerProxyMap.java:107)
	at org.apache.ratis.grpc.client.GrpcClientRpc.sendRequestAsync(GrpcClientRpc.java:66)
	at org.apache.ratis.client.impl.OrderedAsync.sendRequest(OrderedAsync.java:208)
	at org.apache.ratis.client.impl.OrderedAsync.sendRequestWithRetry(OrderedAsync.java:169)
	at org.apache.ratis.util.SlidingWindow$Client.sendOrDelayRequest(SlidingWindow.java:278)
	at org.apache.ratis.util.SlidingWindow$Client.retry(SlidingWindow.java:294)
	at org.apache.ratis.client.impl.OrderedAsync.lambda$scheduleWithTimeout$7(OrderedAsync.java:195)
	at org.apache.ratis.util.TimeoutScheduler.lambda$onTimeout$0(TimeoutScheduler.java:85)
	at org.apache.ratis.util.TimeoutScheduler.lambda$onTimeout$1(TimeoutScheduler.java:104)
	at org.apache.ratis.util.LogUtils.runAndLog(LogUtils.java:50)
	at org.apache.ratis.util.LogUtils$1.run(LogUtils.java:91)
	at java.util.concurrent.Executors$RunnableAdapter.call(Executors.java:511)
	at java.util.concurrent.FutureTask.run(FutureTask.java:266)
	at java.util.concurrent.ScheduledThreadPoolExecutor$ScheduledFutureTask.access$201(ScheduledThreadPoolExecutor.java:180)
	at java.util.concurrent.ScheduledThreadPoolExecutor$ScheduledFutureTask.run(ScheduledThreadPoolExecutor.java:293)
	at java.util.concurrent.ThreadPoolExecutor.runWorker(ThreadPoolExecutor.java:1149)
	at java.util.concurrent.ThreadPoolExecutor$Worker.run(ThreadPoolExecutor.java:624)
	at java.lang.Thread.run(Thread.java:748)

]]></system-err>
  </testcase>
  <testcase name="testExceptionDuringClose" classname="org.apache.hadoop.ozone.client.rpc.TestBlockOutputStreamWithFailures" time="34.47">
    <error type="java.lang.IllegalArgumentException">java.lang.IllegalArgumentException
	at com.google.common.base.Preconditions.checkArgument(Preconditions.java:72)
	at org.apache.hadoop.hdds.scm.XceiverClientManager.acquireClient(XceiverClientManager.java:150)
	at org.apache.hadoop.hdds.scm.XceiverClientManager.acquireClientForReadData(XceiverClientManager.java:143)
	at org.apache.hadoop.hdds.scm.storage.BlockInputStream.getChunkInfos(BlockInputStream.java:154)
	at org.apache.hadoop.hdds.scm.storage.BlockInputStream.initialize(BlockInputStream.java:118)
	at org.apache.hadoop.hdds.scm.storage.BlockInputStream.read(BlockInputStream.java:222)
	at org.apache.hadoop.ozone.client.io.KeyInputStream.read(KeyInputStream.java:171)
	at org.apache.hadoop.ozone.client.io.OzoneInputStream.read(OzoneInputStream.java:47)
	at java.io.InputStream.read(InputStream.java:101)
	at org.apache.hadoop.ozone.container.ContainerTestHelper.validateData(ContainerTestHelper.java:709)
	at org.apache.hadoop.ozone.client.rpc.TestBlockOutputStreamWithFailures.validateData(TestBlockOutputStreamWithFailures.java:1212)
	at org.apache.hadoop.ozone.client.rpc.TestBlockOutputStreamWithFailures.testExceptionDuringClose(TestBlockOutputStreamWithFailures.java:773)
	at sun.reflect.NativeMethodAccessorImpl.invoke0(Native Method)
	at sun.reflect.NativeMethodAccessorImpl.invoke(NativeMethodAccessorImpl.java:62)
	at sun.reflect.DelegatingMethodAccessorImpl.invoke(DelegatingMethodAccessorImpl.java:43)
	at java.lang.reflect.Method.invoke(Method.java:498)
	at org.junit.runners.model.FrameworkMethod$1.runReflectiveCall(FrameworkMethod.java:47)
	at org.junit.internal.runners.model.ReflectiveCallable.run(ReflectiveCallable.java:12)
	at org.junit.runners.model.FrameworkMethod.invokeExplosively(FrameworkMethod.java:44)
	at org.junit.internal.runners.statements.InvokeMethod.evaluate(InvokeMethod.java:17)
	at org.junit.internal.runners.statements.RunBefores.evaluate(RunBefores.java:26)
	at org.junit.internal.runners.statements.RunAfters.evaluate(RunAfters.java:27)
	at org.junit.runners.ParentRunner.runLeaf(ParentRunner.java:271)
	at org.junit.runners.BlockJUnit4ClassRunner.runChild(BlockJUnit4ClassRunner.java:70)
	at org.junit.runners.BlockJUnit4ClassRunner.runChild(BlockJUnit4ClassRunner.java:50)
	at org.junit.runners.ParentRunner$3.run(ParentRunner.java:238)
	at org.junit.runners.ParentRunner$1.schedule(ParentRunner.java:63)
	at org.junit.runners.ParentRunner.runChildren(ParentRunner.java:236)
	at org.junit.runners.ParentRunner.access$000(ParentRunner.java:53)
	at org.junit.runners.ParentRunner$2.evaluate(ParentRunner.java:229)
	at org.junit.runners.ParentRunner.run(ParentRunner.java:309)
	at org.apache.maven.surefire.junit4.JUnit4Provider.execute(JUnit4Provider.java:365)
	at org.apache.maven.surefire.junit4.JUnit4Provider.executeWithRerun(JUnit4Provider.java:273)
	at org.apache.maven.surefire.junit4.JUnit4Provider.executeTestSet(JUnit4Provider.java:238)
	at org.apache.maven.surefire.junit4.JUnit4Provider.invoke(JUnit4Provider.java:159)
	at org.apache.maven.surefire.booter.ForkedBooter.invokeProviderInSameClassLoader(ForkedBooter.java:384)
	at org.apache.maven.surefire.booter.ForkedBooter.runSuitesInProcess(ForkedBooter.java:345)
	at org.apache.maven.surefire.booter.ForkedBooter.execute(ForkedBooter.java:126)
	at org.apache.maven.surefire.booter.ForkedBooter.main(ForkedBooter.java:418)
</error>
    <system-out><![CDATA[2019-07-14 16:33:54,241 WARN  server.ServerUtils (ServerUtils.java:getScmDbDir(145)) - ozone.scm.db.dirs is not configured. We recommend adding this setting. Falling back to ozone.metadata.dirs instead.
2019-07-14 16:33:54,268 WARN  server.ServerUtils (ServerUtils.java:getScmDbDir(145)) - ozone.scm.db.dirs is not configured. We recommend adding this setting. Falling back to ozone.metadata.dirs instead.
2019-07-14 16:33:54,269 WARN  server.ServerUtils (ServerUtils.java:getScmDbDir(145)) - ozone.scm.db.dirs is not configured. We recommend adding this setting. Falling back to ozone.metadata.dirs instead.
2019-07-14 16:33:54,270 INFO  db.DBStoreBuilder (DBStoreBuilder.java:addTable(110)) - using custom profile for table: deletedBlocks
2019-07-14 16:33:54,270 INFO  db.DBStoreBuilder (DBStoreBuilder.java:processTables(161)) - Using default column profile:DBProfile.DISK for Table:deletedBlocks
2019-07-14 16:33:54,270 INFO  db.DBStoreBuilder (DBStoreBuilder.java:addTable(110)) - using custom profile for table: validCerts
2019-07-14 16:33:54,271 INFO  db.DBStoreBuilder (DBStoreBuilder.java:processTables(161)) - Using default column profile:DBProfile.DISK for Table:validCerts
2019-07-14 16:33:54,271 INFO  db.DBStoreBuilder (DBStoreBuilder.java:addTable(110)) - using custom profile for table: revokedCerts
2019-07-14 16:33:54,271 INFO  db.DBStoreBuilder (DBStoreBuilder.java:processTables(161)) - Using default column profile:DBProfile.DISK for Table:revokedCerts
2019-07-14 16:33:54,272 INFO  db.DBStoreBuilder (DBStoreBuilder.java:addTable(110)) - using custom profile for table: default
2019-07-14 16:33:54,272 INFO  db.DBStoreBuilder (DBStoreBuilder.java:processTables(167)) - Using default column profile:DBProfile.DISK for Table:default
2019-07-14 16:33:54,272 INFO  db.DBStoreBuilder (DBStoreBuilder.java:getDbProfile(198)) - Using default options. DBProfile.DISK
2019-07-14 16:33:54,442 INFO  net.NodeSchemaLoader (NodeSchemaLoader.java:loadSchemaFromFile(125)) - Loading file from sun.misc.CompoundEnumeration@75cb2090
2019-07-14 16:33:54,442 INFO  net.NodeSchemaLoader (NodeSchemaLoader.java:loadSchema(171)) - Loading network topology layer schema file
2019-07-14 16:33:54,447 INFO  node.SCMNodeManager (SCMNodeManager.java:<init>(119)) - Entering startup safe mode.
2019-07-14 16:33:54,448 WARN  server.ServerUtils (ServerUtils.java:getScmDbDir(145)) - ozone.scm.db.dirs is not configured. We recommend adding this setting. Falling back to ozone.metadata.dirs instead.
2019-07-14 16:33:54,507 INFO  pipeline.SCMPipelineManager (SCMPipelineManager.java:initializePipelineState(126)) - No pipeline exists in current db
2019-07-14 16:33:54,507 WARN  server.ServerUtils (ServerUtils.java:getScmDbDir(145)) - ozone.scm.db.dirs is not configured. We recommend adding this setting. Falling back to ozone.metadata.dirs instead.
2019-07-14 16:33:54,534 WARN  events.EventQueue (EventQueue.java:fireEvent(175)) - No event handler registered for event TypedEvent{payloadType=SafeModeStatus, name='SafeModeStatus'}
2019-07-14 16:33:54,535 INFO  ipc.CallQueueManager (CallQueueManager.java:<init>(84)) - Using callQueue: class java.util.concurrent.LinkedBlockingQueue, queueCapacity: 2000, scheduler: class org.apache.hadoop.ipc.DefaultRpcScheduler, ipcBackoff: false.
2019-07-14 16:33:54,536 INFO  ipc.Server (Server.java:run(1074)) - Starting Socket Reader #1 for port 43158
2019-07-14 16:33:54,538 INFO  ipc.CallQueueManager (CallQueueManager.java:<init>(84)) - Using callQueue: class java.util.concurrent.LinkedBlockingQueue, queueCapacity: 2000, scheduler: class org.apache.hadoop.ipc.DefaultRpcScheduler, ipcBackoff: false.
2019-07-14 16:33:54,539 INFO  ipc.Server (Server.java:run(1074)) - Starting Socket Reader #1 for port 43063
2019-07-14 16:33:54,543 INFO  ipc.CallQueueManager (CallQueueManager.java:<init>(84)) - Using callQueue: class java.util.concurrent.LinkedBlockingQueue, queueCapacity: 2000, scheduler: class org.apache.hadoop.ipc.DefaultRpcScheduler, ipcBackoff: false.
2019-07-14 16:33:54,543 INFO  ipc.Server (Server.java:run(1074)) - Starting Socket Reader #1 for port 38755
2019-07-14 16:33:54,548 INFO  hdfs.DFSUtil (DFSUtil.java:httpServerTemplateForNNAndJN(1641)) - Starting Web-server for scm at: http://0.0.0.0:0
2019-07-14 16:33:54,550 INFO  server.AuthenticationFilter (AuthenticationFilter.java:constructSecretProvider(240)) - Unable to initialize FileSignerSecretProvider, falling back to use random secrets.
2019-07-14 16:33:54,551 WARN  http.HttpRequestLog (HttpRequestLog.java:getRequestLog(97)) - Jetty request log can only be enabled using Log4j
2019-07-14 16:33:54,553 INFO  http.HttpServer2 (HttpServer2.java:addGlobalFilter(975)) - Added global filter 'safety' (class=org.apache.hadoop.http.HttpServer2$QuotingInputFilter)
2019-07-14 16:33:54,554 INFO  http.HttpServer2 (HttpServer2.java:addFilter(948)) - Added filter static_user_filter (class=org.apache.hadoop.http.lib.StaticUserWebFilter$StaticUserFilter) to context scm
2019-07-14 16:33:54,554 INFO  http.HttpServer2 (HttpServer2.java:addFilter(958)) - Added filter static_user_filter (class=org.apache.hadoop.http.lib.StaticUserWebFilter$StaticUserFilter) to context static
2019-07-14 16:33:54,554 INFO  http.HttpServer2 (HttpServer2.java:addFilter(958)) - Added filter static_user_filter (class=org.apache.hadoop.http.lib.StaticUserWebFilter$StaticUserFilter) to context logs
2019-07-14 16:33:54,556 INFO  server.StorageContainerManager (StorageContainerManager.java:start(761)) - StorageContainerLocationProtocol RPC server is listening at /0.0.0.0:38755
2019-07-14 16:33:54,558 WARN  impl.MetricsConfig (MetricsConfig.java:loadFirst(134)) - Cannot locate configuration: tried hadoop-metrics2-storagecontainermanager.properties,hadoop-metrics2.properties
2019-07-14 16:33:54,559 INFO  impl.MetricsSystemImpl (MetricsSystemImpl.java:startTimer(374)) - Scheduled Metric snapshot period at 10 second(s).
2019-07-14 16:33:54,559 INFO  impl.MetricsSystemImpl (MetricsSystemImpl.java:start(191)) - StorageContainerManager metrics system started
2019-07-14 16:33:54,690 INFO  server.SCMClientProtocolServer (SCMClientProtocolServer.java:start(149)) - RPC server for Client  is listening at /0.0.0.0:38755
2019-07-14 16:33:54,690 INFO  ipc.Server (Server.java:run(1314)) - IPC Server Responder: starting
2019-07-14 16:33:54,690 INFO  ipc.Server (Server.java:run(1153)) - IPC Server listener on 38755: starting
2019-07-14 16:33:54,694 INFO  server.StorageContainerManager (StorageContainerManager.java:start(771)) - ScmBlockLocationProtocol RPC server is listening at /0.0.0.0:43063
2019-07-14 16:33:54,694 INFO  server.SCMBlockProtocolServer (SCMBlockProtocolServer.java:start(140)) - RPC server for Block Protocol is listening at /0.0.0.0:43063
2019-07-14 16:33:54,695 INFO  ipc.Server (Server.java:run(1314)) - IPC Server Responder: starting
2019-07-14 16:33:54,695 INFO  ipc.Server (Server.java:run(1153)) - IPC Server listener on 43063: starting
2019-07-14 16:33:54,699 INFO  server.StorageContainerManager (StorageContainerManager.java:start(775)) - ScmDatanodeProtocl RPC server is listening at /0.0.0.0:43158
2019-07-14 16:33:54,699 INFO  server.SCMDatanodeProtocolServer (SCMDatanodeProtocolServer.java:start(191)) - RPC server for DataNodes is listening at /0.0.0.0:43158
2019-07-14 16:33:54,699 INFO  ipc.Server (Server.java:run(1314)) - IPC Server Responder: starting
2019-07-14 16:33:54,699 INFO  ipc.Server (Server.java:run(1153)) - IPC Server listener on 43158: starting
2019-07-14 16:33:54,703 INFO  http.HttpServer2 (HttpServer2.java:bindListener(1191)) - Jetty bound to port 41693
2019-07-14 16:33:54,704 INFO  server.Server (Server.java:doStart(351)) - jetty-9.3.24.v20180605, build timestamp: 2018-06-05T17:11:56Z, git hash: 84205aa28f11a4f31f2a3b86d1bba2cc8ab69827
2019-07-14 16:33:54,706 INFO  handler.ContextHandler (ContextHandler.java:doStart(781)) - Started o.e.j.s.ServletContextHandler@6ebdb938{/logs,file:///workdir/hadoop-ozone/integration-test/target/log,AVAILABLE}
2019-07-14 16:33:54,706 INFO  handler.ContextHandler (ContextHandler.java:doStart(781)) - Started o.e.j.s.ServletContextHandler@2e33a4b0{/static,file:///workdir/hadoop-ozone/integration-test/target/test-classes/webapps/static,AVAILABLE}
2019-07-14 16:33:54,711 INFO  handler.ContextHandler (ContextHandler.java:doStart(781)) - Started o.e.j.w.WebAppContext@60f8d38c{/,file:///workdir/hadoop-ozone/integration-test/target/test-classes/webapps/scm/,AVAILABLE}{/scm}
2019-07-14 16:33:54,712 INFO  server.AbstractConnector (AbstractConnector.java:doStart(278)) - Started ServerConnector@596690e5{HTTP/1.1,[http/1.1]}{0.0.0.0:41693}
2019-07-14 16:33:54,715 INFO  server.Server (Server.java:doStart(419)) - Started @695419ms
2019-07-14 16:33:54,716 INFO  server.BaseHttpServer (BaseHttpServer.java:updateConnectorAddress(207)) - HTTP server of SCM is listening at http://0.0.0.0:41693
2019-07-14 16:33:54,717 WARN  server.ServerUtils (ServerUtils.java:getDBPath(222)) - ozone.om.db.dirs is not configured. We recommend adding this setting. Falling back to ozone.metadata.dirs instead.
2019-07-14 16:33:54,719 INFO  util.JvmPauseMonitor (JvmPauseMonitor.java:run(188)) - Starting JVM pause monitor
2019-07-14 16:33:54,732 WARN  server.ServerUtils (ServerUtils.java:getDBPath(222)) - ozone.om.db.dirs is not configured. We recommend adding this setting. Falling back to ozone.metadata.dirs instead.
2019-07-14 16:33:54,733 INFO  om.OzoneManager (OzoneManager.java:setOMNodeDetails(632)) - OM Service ID is not set. Setting it to the default ID: omServiceIdDefault
2019-07-14 16:33:54,733 INFO  om.OzoneManager (OzoneManager.java:setOMNodeDetails(638)) - OM Node ID is not set. Setting it to the OmStorage's OmID: 4e5e1182-28f4-4689-b6fd-06561fa2fb08
2019-07-14 16:33:54,733 INFO  om.OzoneManager (OzoneManager.java:loadOMHAConfigs(589)) - Found matching OM address with OMServiceId: null, OMNodeId: null, RPC Address: localhost:0 and Ratis port: 9872
2019-07-14 16:33:54,740 WARN  server.ServerUtils (ServerUtils.java:getDBPath(222)) - ozone.om.db.dirs is not configured. We recommend adding this setting. Falling back to ozone.metadata.dirs instead.
2019-07-14 16:33:54,740 INFO  db.DBStoreBuilder (DBStoreBuilder.java:addTable(110)) - using custom profile for table: userTable
2019-07-14 16:33:54,741 INFO  db.DBStoreBuilder (DBStoreBuilder.java:processTables(161)) - Using default column profile:DBProfile.DISK for Table:userTable
2019-07-14 16:33:54,741 INFO  db.DBStoreBuilder (DBStoreBuilder.java:addTable(110)) - using custom profile for table: volumeTable
2019-07-14 16:33:54,741 INFO  db.DBStoreBuilder (DBStoreBuilder.java:processTables(161)) - Using default column profile:DBProfile.DISK for Table:volumeTable
2019-07-14 16:33:54,741 INFO  db.DBStoreBuilder (DBStoreBuilder.java:addTable(110)) - using custom profile for table: bucketTable
2019-07-14 16:33:54,741 INFO  db.DBStoreBuilder (DBStoreBuilder.java:processTables(161)) - Using default column profile:DBProfile.DISK for Table:bucketTable
2019-07-14 16:33:54,741 INFO  db.DBStoreBuilder (DBStoreBuilder.java:addTable(110)) - using custom profile for table: keyTable
2019-07-14 16:33:54,742 INFO  db.DBStoreBuilder (DBStoreBuilder.java:processTables(161)) - Using default column profile:DBProfile.DISK for Table:keyTable
2019-07-14 16:33:54,742 INFO  db.DBStoreBuilder (DBStoreBuilder.java:addTable(110)) - using custom profile for table: deletedTable
2019-07-14 16:33:54,742 INFO  db.DBStoreBuilder (DBStoreBuilder.java:processTables(161)) - Using default column profile:DBProfile.DISK for Table:deletedTable
2019-07-14 16:33:54,742 INFO  db.DBStoreBuilder (DBStoreBuilder.java:addTable(110)) - using custom profile for table: openKeyTable
2019-07-14 16:33:54,742 INFO  db.DBStoreBuilder (DBStoreBuilder.java:processTables(161)) - Using default column profile:DBProfile.DISK for Table:openKeyTable
2019-07-14 16:33:54,742 INFO  db.DBStoreBuilder (DBStoreBuilder.java:addTable(110)) - using custom profile for table: s3Table
2019-07-14 16:33:54,742 INFO  db.DBStoreBuilder (DBStoreBuilder.java:processTables(161)) - Using default column profile:DBProfile.DISK for Table:s3Table
2019-07-14 16:33:54,743 INFO  db.DBStoreBuilder (DBStoreBuilder.java:addTable(110)) - using custom profile for table: multipartInfoTable
2019-07-14 16:33:54,743 INFO  db.DBStoreBuilder (DBStoreBuilder.java:processTables(161)) - Using default column profile:DBProfile.DISK for Table:multipartInfoTable
2019-07-14 16:33:54,743 INFO  db.DBStoreBuilder (DBStoreBuilder.java:addTable(110)) - using custom profile for table: dTokenTable
2019-07-14 16:33:54,743 INFO  db.DBStoreBuilder (DBStoreBuilder.java:processTables(161)) - Using default column profile:DBProfile.DISK for Table:dTokenTable
2019-07-14 16:33:54,743 INFO  db.DBStoreBuilder (DBStoreBuilder.java:addTable(110)) - using custom profile for table: s3SecretTable
2019-07-14 16:33:54,743 INFO  db.DBStoreBuilder (DBStoreBuilder.java:processTables(161)) - Using default column profile:DBProfile.DISK for Table:s3SecretTable
2019-07-14 16:33:54,744 INFO  db.DBStoreBuilder (DBStoreBuilder.java:addTable(110)) - using custom profile for table: prefixTable
2019-07-14 16:33:54,744 INFO  db.DBStoreBuilder (DBStoreBuilder.java:processTables(161)) - Using default column profile:DBProfile.DISK for Table:prefixTable
2019-07-14 16:33:54,744 INFO  db.DBStoreBuilder (DBStoreBuilder.java:addTable(110)) - using custom profile for table: default
2019-07-14 16:33:54,744 INFO  db.DBStoreBuilder (DBStoreBuilder.java:processTables(167)) - Using default column profile:DBProfile.DISK for Table:default
2019-07-14 16:33:54,744 INFO  db.DBStoreBuilder (DBStoreBuilder.java:getDbProfile(198)) - Using default options. DBProfile.DISK
2019-07-14 16:33:55,267 INFO  ipc.CallQueueManager (CallQueueManager.java:<init>(84)) - Using callQueue: class java.util.concurrent.LinkedBlockingQueue, queueCapacity: 2000, scheduler: class org.apache.hadoop.ipc.DefaultRpcScheduler, ipcBackoff: false.
2019-07-14 16:33:55,268 INFO  ipc.Server (Server.java:run(1074)) - Starting Socket Reader #1 for port 35002
2019-07-14 16:33:55,289 WARN  server.ServerUtils (ServerUtils.java:getDBPath(222)) - ozone.om.db.dirs is not configured. We recommend adding this setting. Falling back to ozone.metadata.dirs instead.
2019-07-14 16:33:55,289 INFO  om.OzoneManager (OzoneManager.java:start(1230)) - OzoneManager RPC server is listening at localhost/127.0.0.1:35002
2019-07-14 16:33:55,290 INFO  impl.MetricsSystemImpl (MetricsSystemImpl.java:init(158)) - OzoneManager metrics system started (again)
2019-07-14 16:33:55,293 INFO  ipc.Server (Server.java:run(1314)) - IPC Server Responder: starting
2019-07-14 16:33:55,295 INFO  ipc.Server (Server.java:run(1153)) - IPC Server listener on 35002: starting
2019-07-14 16:33:55,300 INFO  hdfs.DFSUtil (DFSUtil.java:httpServerTemplateForNNAndJN(1641)) - Starting Web-server for ozoneManager at: http://0.0.0.0:0
2019-07-14 16:33:55,303 INFO  server.AuthenticationFilter (AuthenticationFilter.java:constructSecretProvider(240)) - Unable to initialize FileSignerSecretProvider, falling back to use random secrets.
2019-07-14 16:33:55,304 WARN  http.HttpRequestLog (HttpRequestLog.java:getRequestLog(97)) - Jetty request log can only be enabled using Log4j
2019-07-14 16:33:55,306 INFO  http.HttpServer2 (HttpServer2.java:addGlobalFilter(975)) - Added global filter 'safety' (class=org.apache.hadoop.http.HttpServer2$QuotingInputFilter)
2019-07-14 16:33:55,307 INFO  http.HttpServer2 (HttpServer2.java:addFilter(948)) - Added filter static_user_filter (class=org.apache.hadoop.http.lib.StaticUserWebFilter$StaticUserFilter) to context ozoneManager
2019-07-14 16:33:55,307 INFO  http.HttpServer2 (HttpServer2.java:addFilter(958)) - Added filter static_user_filter (class=org.apache.hadoop.http.lib.StaticUserWebFilter$StaticUserFilter) to context logs
2019-07-14 16:33:55,307 INFO  http.HttpServer2 (HttpServer2.java:addFilter(958)) - Added filter static_user_filter (class=org.apache.hadoop.http.lib.StaticUserWebFilter$StaticUserFilter) to context static
2019-07-14 16:33:55,308 INFO  http.HttpServer2 (HttpServer2.java:bindListener(1191)) - Jetty bound to port 36147
2019-07-14 16:33:55,308 INFO  server.Server (Server.java:doStart(351)) - jetty-9.3.24.v20180605, build timestamp: 2018-06-05T17:11:56Z, git hash: 84205aa28f11a4f31f2a3b86d1bba2cc8ab69827
2019-07-14 16:33:55,310 INFO  handler.ContextHandler (ContextHandler.java:doStart(781)) - Started o.e.j.s.ServletContextHandler@50564f77{/logs,file:///workdir/hadoop-ozone/integration-test/target/log,AVAILABLE}
2019-07-14 16:33:55,310 INFO  handler.ContextHandler (ContextHandler.java:doStart(781)) - Started o.e.j.s.ServletContextHandler@3abe3f9a{/static,file:///workdir/hadoop-ozone/integration-test/target/test-classes/webapps/static,AVAILABLE}
2019-07-14 16:33:55,315 INFO  handler.ContextHandler (ContextHandler.java:doStart(781)) - Started o.e.j.w.WebAppContext@487befb{/,file:///workdir/hadoop-ozone/integration-test/target/test-classes/webapps/ozoneManager/,AVAILABLE}{/ozoneManager}
2019-07-14 16:33:55,316 INFO  server.AbstractConnector (AbstractConnector.java:doStart(278)) - Started ServerConnector@3f5743d9{HTTP/1.1,[http/1.1]}{0.0.0.0:36147}
2019-07-14 16:33:55,317 INFO  server.Server (Server.java:doStart(419)) - Started @696021ms
2019-07-14 16:33:55,319 INFO  server.BaseHttpServer (BaseHttpServer.java:updateConnectorAddress(207)) - HTTP server of OZONEMANAGER is listening at http://0.0.0.0:36147
2019-07-14 16:33:55,335 INFO  impl.MetricsSystemImpl (MetricsSystemImpl.java:init(158)) - HddsDatanode metrics system started (again)
2019-07-14 16:33:55,338 INFO  ozone.HddsDatanodeService (HddsDatanodeService.java:start(185)) - HddsDatanodeService host:pr-hdds-1710-5x6jb-1204890111 ip:192.168.69.77
2019-07-14 16:33:55,353 INFO  volume.HddsVolume (HddsVolume.java:<init>(176)) - Creating Volume: /workdir/hadoop-ozone/integration-test/target/test-dir/MiniOzoneClusterImpl-9c60e482-b1fd-4cc4-81aa-d9340c8f8ba8/datanode-0/data/containers/hdds of  storage type : DISK and capacity : 52710309888
2019-07-14 16:33:55,354 INFO  volume.VolumeSet (VolumeSet.java:initializeVolumeSet(170)) - Added Volume : /workdir/hadoop-ozone/integration-test/target/test-dir/MiniOzoneClusterImpl-9c60e482-b1fd-4cc4-81aa-d9340c8f8ba8/datanode-0/data/containers/hdds to VolumeSet
2019-07-14 16:33:55,354 INFO  volume.ThrottledAsyncChecker (ThrottledAsyncChecker.java:schedule(140)) - Scheduling a check for org.apache.hadoop.ozone.container.common.volume.HddsVolume@c8d0ea3
2019-07-14 16:33:55,354 INFO  volume.HddsVolumeChecker (HddsVolumeChecker.java:checkAllVolumes(203)) - Scheduled health check for volume org.apache.hadoop.ozone.container.common.volume.HddsVolume@c8d0ea3
2019-07-14 16:33:55,370 INFO  impl.RaftServerProxy (ConfUtils.java:logGet(43)) - raft.rpc.type = GRPC (default)
2019-07-14 16:33:55,371 INFO  grpc.GrpcFactory (GrpcFactory.java:checkPooledByteBufAllocatorUseCacheForAllThreads(45)) - PERFORMANCE WARNING: useCacheForAllThreads is true that may cause Netty to create a lot garbage objects and, as a result, trigger GC.
	It is recommended to disable useCacheForAllThreads by setting -Dorg.apache.ratis.thirdparty.io.netty.allocator.useCacheForAllThreads=false in command line.
2019-07-14 16:33:55,371 INFO  grpc.GrpcConfigKeys$Server (ConfUtils.java:logGet(43)) - raft.grpc.server.port = 0 (default)
2019-07-14 16:33:55,371 INFO  server.GrpcService (ConfUtils.java:logGet(43)) - raft.grpc.message.size.max = 33570816 (custom)
2019-07-14 16:33:55,371 INFO  server.RaftServerConfigKeys (ConfUtils.java:logGet(43)) - raft.server.log.appender.buffer.byte-limit = 33554432 (custom)
2019-07-14 16:33:55,371 INFO  server.GrpcService (ConfUtils.java:logGet(43)) - raft.grpc.flow.control.window = 1MB (=1048576) (default)
2019-07-14 16:33:55,372 INFO  server.RaftServerConfigKeys (ConfUtils.java:logGet(43)) - raft.server.rpc.request.timeout = 3000ms (default)
2019-07-14 16:33:55,372 INFO  server.RaftServerConfigKeys (ConfUtils.java:logGet(43)) - raft.server.storage.dir = [/workdir/hadoop-ozone/integration-test/target/test-dir/MiniOzoneClusterImpl-9c60e482-b1fd-4cc4-81aa-d9340c8f8ba8/datanode-0/data/ratis] (custom)
2019-07-14 16:33:55,373 INFO  replication.SimpleContainerDownloader (SimpleContainerDownloader.java:<init>(72)) - Starting container downloader service to copy containers to replicate.
2019-07-14 16:33:55,374 INFO  hdfs.DFSUtil (DFSUtil.java:httpServerTemplateForNNAndJN(1641)) - Starting Web-server for hddsDatanode at: http://0.0.0.0:0
2019-07-14 16:33:55,375 INFO  server.AuthenticationFilter (AuthenticationFilter.java:constructSecretProvider(240)) - Unable to initialize FileSignerSecretProvider, falling back to use random secrets.
2019-07-14 16:33:55,375 WARN  http.HttpRequestLog (HttpRequestLog.java:getRequestLog(97)) - Jetty request log can only be enabled using Log4j
2019-07-14 16:33:55,377 INFO  http.HttpServer2 (HttpServer2.java:addGlobalFilter(975)) - Added global filter 'safety' (class=org.apache.hadoop.http.HttpServer2$QuotingInputFilter)
2019-07-14 16:33:55,377 INFO  http.HttpServer2 (HttpServer2.java:addFilter(948)) - Added filter static_user_filter (class=org.apache.hadoop.http.lib.StaticUserWebFilter$StaticUserFilter) to context hddsDatanode
2019-07-14 16:33:55,377 INFO  http.HttpServer2 (HttpServer2.java:addFilter(958)) - Added filter static_user_filter (class=org.apache.hadoop.http.lib.StaticUserWebFilter$StaticUserFilter) to context static
2019-07-14 16:33:55,377 INFO  http.HttpServer2 (HttpServer2.java:addFilter(958)) - Added filter static_user_filter (class=org.apache.hadoop.http.lib.StaticUserWebFilter$StaticUserFilter) to context logs
2019-07-14 16:33:55,378 INFO  http.HttpServer2 (HttpServer2.java:bindListener(1191)) - Jetty bound to port 44343
2019-07-14 16:33:55,378 INFO  server.Server (Server.java:doStart(351)) - jetty-9.3.24.v20180605, build timestamp: 2018-06-05T17:11:56Z, git hash: 84205aa28f11a4f31f2a3b86d1bba2cc8ab69827
2019-07-14 16:33:55,380 INFO  handler.ContextHandler (ContextHandler.java:doStart(781)) - Started o.e.j.s.ServletContextHandler@56cd8903{/logs,file:///workdir/hadoop-ozone/integration-test/target/log,AVAILABLE}
2019-07-14 16:33:55,380 INFO  handler.ContextHandler (ContextHandler.java:doStart(781)) - Started o.e.j.s.ServletContextHandler@71ebd1d9{/static,jar:file:/home/user/.m2/repository/org/apache/hadoop/hadoop-hdds-container-service/0.5.0-SNAPSHOT/hadoop-hdds-container-service-0.5.0-SNAPSHOT.jar!/webapps/static,AVAILABLE}
2019-07-14 16:33:55,409 INFO  handler.ContextHandler (ContextHandler.java:doStart(781)) - Started o.e.j.w.WebAppContext@72dc0d72{/,file:///tmp/jetty-0.0.0.0-44343-hddsDatanode-_-any-4013168814128284157.dir/webapp/,AVAILABLE}{/hddsDatanode}
2019-07-14 16:33:55,409 INFO  server.AbstractConnector (AbstractConnector.java:doStart(278)) - Started ServerConnector@79176fe4{HTTP/1.1,[http/1.1]}{0.0.0.0:44343}
2019-07-14 16:33:55,410 INFO  server.Server (Server.java:doStart(419)) - Started @696114ms
2019-07-14 16:33:55,412 INFO  server.BaseHttpServer (BaseHttpServer.java:updateConnectorAddress(207)) - HTTP server of HDDSDATANODE is listening at http://0.0.0.0:44343
2019-07-14 16:33:55,510 INFO  ozone.HddsDatanodeService (HddsDatanodeService.java:startPlugins(396)) - Started plug-in org.apache.hadoop.ozone.web.OzoneHddsDatanodeService@79add96c
2019-07-14 16:33:55,510 INFO  impl.MetricsSystemImpl (MetricsSystemImpl.java:init(158)) - HddsDatanode metrics system started (again)
2019-07-14 16:33:55,515 INFO  ozone.HddsDatanodeService (HddsDatanodeService.java:start(185)) - HddsDatanodeService host:pr-hdds-1710-5x6jb-1204890111 ip:192.168.69.77
2019-07-14 16:33:55,515 INFO  util.JvmPauseMonitor (JvmPauseMonitor.java:run(188)) - Starting JVM pause monitor
2019-07-14 16:33:55,517 INFO  datanode.InitDatanodeState (InitDatanodeState.java:persistContainerDatanodeDetails(140)) - DatanodeDetails is persisted to /workdir/hadoop-ozone/integration-test/target/test-dir/MiniOzoneClusterImpl-9c60e482-b1fd-4cc4-81aa-d9340c8f8ba8/datanode-0/meta/datanode.id
2019-07-14 16:33:55,527 INFO  volume.HddsVolume (HddsVolume.java:<init>(176)) - Creating Volume: /workdir/hadoop-ozone/integration-test/target/test-dir/MiniOzoneClusterImpl-9c60e482-b1fd-4cc4-81aa-d9340c8f8ba8/datanode-1/data/containers/hdds of  storage type : DISK and capacity : 52710309888
2019-07-14 16:33:55,527 INFO  volume.VolumeSet (VolumeSet.java:initializeVolumeSet(170)) - Added Volume : /workdir/hadoop-ozone/integration-test/target/test-dir/MiniOzoneClusterImpl-9c60e482-b1fd-4cc4-81aa-d9340c8f8ba8/datanode-1/data/containers/hdds to VolumeSet
2019-07-14 16:33:55,527 INFO  volume.ThrottledAsyncChecker (ThrottledAsyncChecker.java:schedule(140)) - Scheduling a check for org.apache.hadoop.ozone.container.common.volume.HddsVolume@58bf45ca
2019-07-14 16:33:55,528 INFO  volume.HddsVolumeChecker (HddsVolumeChecker.java:checkAllVolumes(203)) - Scheduled health check for volume org.apache.hadoop.ozone.container.common.volume.HddsVolume@58bf45ca
2019-07-14 16:33:55,541 INFO  impl.RaftServerProxy (ConfUtils.java:logGet(43)) - raft.rpc.type = GRPC (default)
2019-07-14 16:33:55,541 INFO  grpc.GrpcFactory (GrpcFactory.java:checkPooledByteBufAllocatorUseCacheForAllThreads(45)) - PERFORMANCE WARNING: useCacheForAllThreads is true that may cause Netty to create a lot garbage objects and, as a result, trigger GC.
	It is recommended to disable useCacheForAllThreads by setting -Dorg.apache.ratis.thirdparty.io.netty.allocator.useCacheForAllThreads=false in command line.
2019-07-14 16:33:55,542 INFO  grpc.GrpcConfigKeys$Server (ConfUtils.java:logGet(43)) - raft.grpc.server.port = 0 (default)
2019-07-14 16:33:55,542 INFO  server.GrpcService (ConfUtils.java:logGet(43)) - raft.grpc.message.size.max = 33570816 (custom)
2019-07-14 16:33:55,542 INFO  server.RaftServerConfigKeys (ConfUtils.java:logGet(43)) - raft.server.log.appender.buffer.byte-limit = 33554432 (custom)
2019-07-14 16:33:55,542 INFO  server.GrpcService (ConfUtils.java:logGet(43)) - raft.grpc.flow.control.window = 1MB (=1048576) (default)
2019-07-14 16:33:55,542 INFO  server.RaftServerConfigKeys (ConfUtils.java:logGet(43)) - raft.server.rpc.request.timeout = 3000ms (default)
2019-07-14 16:33:55,543 INFO  server.RaftServerConfigKeys (ConfUtils.java:logGet(43)) - raft.server.storage.dir = [/workdir/hadoop-ozone/integration-test/target/test-dir/MiniOzoneClusterImpl-9c60e482-b1fd-4cc4-81aa-d9340c8f8ba8/datanode-1/data/ratis] (custom)
2019-07-14 16:33:55,543 INFO  replication.SimpleContainerDownloader (SimpleContainerDownloader.java:<init>(72)) - Starting container downloader service to copy containers to replicate.
2019-07-14 16:33:55,544 INFO  hdfs.DFSUtil (DFSUtil.java:httpServerTemplateForNNAndJN(1641)) - Starting Web-server for hddsDatanode at: http://0.0.0.0:0
2019-07-14 16:33:55,545 INFO  server.AuthenticationFilter (AuthenticationFilter.java:constructSecretProvider(240)) - Unable to initialize FileSignerSecretProvider, falling back to use random secrets.
2019-07-14 16:33:55,545 WARN  http.HttpRequestLog (HttpRequestLog.java:getRequestLog(97)) - Jetty request log can only be enabled using Log4j
2019-07-14 16:33:55,546 INFO  http.HttpServer2 (HttpServer2.java:addGlobalFilter(975)) - Added global filter 'safety' (class=org.apache.hadoop.http.HttpServer2$QuotingInputFilter)
2019-07-14 16:33:55,547 INFO  http.HttpServer2 (HttpServer2.java:addFilter(948)) - Added filter static_user_filter (class=org.apache.hadoop.http.lib.StaticUserWebFilter$StaticUserFilter) to context hddsDatanode
2019-07-14 16:33:55,547 INFO  http.HttpServer2 (HttpServer2.java:addFilter(958)) - Added filter static_user_filter (class=org.apache.hadoop.http.lib.StaticUserWebFilter$StaticUserFilter) to context static
2019-07-14 16:33:55,547 INFO  http.HttpServer2 (HttpServer2.java:addFilter(958)) - Added filter static_user_filter (class=org.apache.hadoop.http.lib.StaticUserWebFilter$StaticUserFilter) to context logs
2019-07-14 16:33:55,547 INFO  http.HttpServer2 (HttpServer2.java:bindListener(1191)) - Jetty bound to port 45311
2019-07-14 16:33:55,548 INFO  server.Server (Server.java:doStart(351)) - jetty-9.3.24.v20180605, build timestamp: 2018-06-05T17:11:56Z, git hash: 84205aa28f11a4f31f2a3b86d1bba2cc8ab69827
2019-07-14 16:33:55,549 INFO  handler.ContextHandler (ContextHandler.java:doStart(781)) - Started o.e.j.s.ServletContextHandler@5ddd3150{/logs,file:///workdir/hadoop-ozone/integration-test/target/log,AVAILABLE}
2019-07-14 16:33:55,549 INFO  handler.ContextHandler (ContextHandler.java:doStart(781)) - Started o.e.j.s.ServletContextHandler@2165828d{/static,jar:file:/home/user/.m2/repository/org/apache/hadoop/hadoop-hdds-container-service/0.5.0-SNAPSHOT/hadoop-hdds-container-service-0.5.0-SNAPSHOT.jar!/webapps/static,AVAILABLE}
2019-07-14 16:33:55,575 INFO  handler.ContextHandler (ContextHandler.java:doStart(781)) - Started o.e.j.w.WebAppContext@4d424aea{/,file:///tmp/jetty-0.0.0.0-45311-hddsDatanode-_-any-6251431440771444867.dir/webapp/,AVAILABLE}{/hddsDatanode}
2019-07-14 16:33:55,576 INFO  server.AbstractConnector (AbstractConnector.java:doStart(278)) - Started ServerConnector@7fcbb24b{HTTP/1.1,[http/1.1]}{0.0.0.0:45311}
2019-07-14 16:33:55,577 INFO  server.Server (Server.java:doStart(419)) - Started @696280ms
2019-07-14 16:33:55,578 INFO  server.BaseHttpServer (BaseHttpServer.java:updateConnectorAddress(207)) - HTTP server of HDDSDATANODE is listening at http://0.0.0.0:45311
2019-07-14 16:33:55,673 INFO  ozone.HddsDatanodeService (HddsDatanodeService.java:startPlugins(396)) - Started plug-in org.apache.hadoop.ozone.web.OzoneHddsDatanodeService@58e5a81c
2019-07-14 16:33:55,673 INFO  impl.MetricsSystemImpl (MetricsSystemImpl.java:init(158)) - HddsDatanode metrics system started (again)
2019-07-14 16:33:55,679 INFO  ozone.HddsDatanodeService (HddsDatanodeService.java:start(185)) - HddsDatanodeService host:pr-hdds-1710-5x6jb-1204890111 ip:192.168.69.77
2019-07-14 16:33:55,679 INFO  util.JvmPauseMonitor (JvmPauseMonitor.java:run(188)) - Starting JVM pause monitor
2019-07-14 16:33:55,681 INFO  datanode.InitDatanodeState (InitDatanodeState.java:persistContainerDatanodeDetails(140)) - DatanodeDetails is persisted to /workdir/hadoop-ozone/integration-test/target/test-dir/MiniOzoneClusterImpl-9c60e482-b1fd-4cc4-81aa-d9340c8f8ba8/datanode-1/meta/datanode.id
2019-07-14 16:33:55,693 INFO  volume.HddsVolume (HddsVolume.java:<init>(176)) - Creating Volume: /workdir/hadoop-ozone/integration-test/target/test-dir/MiniOzoneClusterImpl-9c60e482-b1fd-4cc4-81aa-d9340c8f8ba8/datanode-2/data/containers/hdds of  storage type : DISK and capacity : 52710309888
2019-07-14 16:33:55,694 INFO  volume.VolumeSet (VolumeSet.java:initializeVolumeSet(170)) - Added Volume : /workdir/hadoop-ozone/integration-test/target/test-dir/MiniOzoneClusterImpl-9c60e482-b1fd-4cc4-81aa-d9340c8f8ba8/datanode-2/data/containers/hdds to VolumeSet
2019-07-14 16:33:55,694 INFO  volume.ThrottledAsyncChecker (ThrottledAsyncChecker.java:schedule(140)) - Scheduling a check for org.apache.hadoop.ozone.container.common.volume.HddsVolume@4c110f87
2019-07-14 16:33:55,694 INFO  volume.HddsVolumeChecker (HddsVolumeChecker.java:checkAllVolumes(203)) - Scheduled health check for volume org.apache.hadoop.ozone.container.common.volume.HddsVolume@4c110f87
2019-07-14 16:33:55,707 INFO  impl.RaftServerProxy (ConfUtils.java:logGet(43)) - raft.rpc.type = GRPC (default)
2019-07-14 16:33:55,708 INFO  grpc.GrpcFactory (GrpcFactory.java:checkPooledByteBufAllocatorUseCacheForAllThreads(45)) - PERFORMANCE WARNING: useCacheForAllThreads is true that may cause Netty to create a lot garbage objects and, as a result, trigger GC.
	It is recommended to disable useCacheForAllThreads by setting -Dorg.apache.ratis.thirdparty.io.netty.allocator.useCacheForAllThreads=false in command line.
2019-07-14 16:33:55,708 INFO  grpc.GrpcConfigKeys$Server (ConfUtils.java:logGet(43)) - raft.grpc.server.port = 0 (default)
2019-07-14 16:33:55,708 INFO  server.GrpcService (ConfUtils.java:logGet(43)) - raft.grpc.message.size.max = 33570816 (custom)
2019-07-14 16:33:55,708 INFO  server.RaftServerConfigKeys (ConfUtils.java:logGet(43)) - raft.server.log.appender.buffer.byte-limit = 33554432 (custom)
2019-07-14 16:33:55,708 INFO  server.GrpcService (ConfUtils.java:logGet(43)) - raft.grpc.flow.control.window = 1MB (=1048576) (default)
2019-07-14 16:33:55,709 INFO  server.RaftServerConfigKeys (ConfUtils.java:logGet(43)) - raft.server.rpc.request.timeout = 3000ms (default)
2019-07-14 16:33:55,709 INFO  server.RaftServerConfigKeys (ConfUtils.java:logGet(43)) - raft.server.storage.dir = [/workdir/hadoop-ozone/integration-test/target/test-dir/MiniOzoneClusterImpl-9c60e482-b1fd-4cc4-81aa-d9340c8f8ba8/datanode-2/data/ratis] (custom)
2019-07-14 16:33:55,709 INFO  replication.SimpleContainerDownloader (SimpleContainerDownloader.java:<init>(72)) - Starting container downloader service to copy containers to replicate.
2019-07-14 16:33:55,710 INFO  hdfs.DFSUtil (DFSUtil.java:httpServerTemplateForNNAndJN(1641)) - Starting Web-server for hddsDatanode at: http://0.0.0.0:0
2019-07-14 16:33:55,711 INFO  server.AuthenticationFilter (AuthenticationFilter.java:constructSecretProvider(240)) - Unable to initialize FileSignerSecretProvider, falling back to use random secrets.
2019-07-14 16:33:55,712 WARN  http.HttpRequestLog (HttpRequestLog.java:getRequestLog(97)) - Jetty request log can only be enabled using Log4j
2019-07-14 16:33:55,712 INFO  http.HttpServer2 (HttpServer2.java:addGlobalFilter(975)) - Added global filter 'safety' (class=org.apache.hadoop.http.HttpServer2$QuotingInputFilter)
2019-07-14 16:33:55,713 INFO  http.HttpServer2 (HttpServer2.java:addFilter(948)) - Added filter static_user_filter (class=org.apache.hadoop.http.lib.StaticUserWebFilter$StaticUserFilter) to context hddsDatanode
2019-07-14 16:33:55,713 INFO  http.HttpServer2 (HttpServer2.java:addFilter(958)) - Added filter static_user_filter (class=org.apache.hadoop.http.lib.StaticUserWebFilter$StaticUserFilter) to context static
2019-07-14 16:33:55,713 INFO  http.HttpServer2 (HttpServer2.java:addFilter(958)) - Added filter static_user_filter (class=org.apache.hadoop.http.lib.StaticUserWebFilter$StaticUserFilter) to context logs
2019-07-14 16:33:55,714 INFO  http.HttpServer2 (HttpServer2.java:bindListener(1191)) - Jetty bound to port 38615
2019-07-14 16:33:55,714 INFO  server.Server (Server.java:doStart(351)) - jetty-9.3.24.v20180605, build timestamp: 2018-06-05T17:11:56Z, git hash: 84205aa28f11a4f31f2a3b86d1bba2cc8ab69827
2019-07-14 16:33:55,715 INFO  handler.ContextHandler (ContextHandler.java:doStart(781)) - Started o.e.j.s.ServletContextHandler@2655ccbd{/logs,file:///workdir/hadoop-ozone/integration-test/target/log,AVAILABLE}
2019-07-14 16:33:55,715 INFO  handler.ContextHandler (ContextHandler.java:doStart(781)) - Started o.e.j.s.ServletContextHandler@22f0d1e0{/static,jar:file:/home/user/.m2/repository/org/apache/hadoop/hadoop-hdds-container-service/0.5.0-SNAPSHOT/hadoop-hdds-container-service-0.5.0-SNAPSHOT.jar!/webapps/static,AVAILABLE}
2019-07-14 16:33:55,741 INFO  handler.ContextHandler (ContextHandler.java:doStart(781)) - Started o.e.j.w.WebAppContext@a95c1f6{/,file:///tmp/jetty-0.0.0.0-38615-hddsDatanode-_-any-6561759703193738708.dir/webapp/,AVAILABLE}{/hddsDatanode}
2019-07-14 16:33:55,742 INFO  server.AbstractConnector (AbstractConnector.java:doStart(278)) - Started ServerConnector@22271065{HTTP/1.1,[http/1.1]}{0.0.0.0:38615}
2019-07-14 16:33:55,742 INFO  server.Server (Server.java:doStart(419)) - Started @696446ms
2019-07-14 16:33:55,744 INFO  server.BaseHttpServer (BaseHttpServer.java:updateConnectorAddress(207)) - HTTP server of HDDSDATANODE is listening at http://0.0.0.0:38615
2019-07-14 16:33:55,838 INFO  ozone.HddsDatanodeService (HddsDatanodeService.java:startPlugins(396)) - Started plug-in org.apache.hadoop.ozone.web.OzoneHddsDatanodeService@2618343
2019-07-14 16:33:55,839 INFO  impl.MetricsSystemImpl (MetricsSystemImpl.java:init(158)) - HddsDatanode metrics system started (again)
2019-07-14 16:33:55,845 INFO  ozone.HddsDatanodeService (HddsDatanodeService.java:start(185)) - HddsDatanodeService host:pr-hdds-1710-5x6jb-1204890111 ip:192.168.69.77
2019-07-14 16:33:55,845 INFO  util.JvmPauseMonitor (JvmPauseMonitor.java:run(188)) - Starting JVM pause monitor
2019-07-14 16:33:55,846 INFO  datanode.InitDatanodeState (InitDatanodeState.java:persistContainerDatanodeDetails(140)) - DatanodeDetails is persisted to /workdir/hadoop-ozone/integration-test/target/test-dir/MiniOzoneClusterImpl-9c60e482-b1fd-4cc4-81aa-d9340c8f8ba8/datanode-2/meta/datanode.id
2019-07-14 16:33:55,858 INFO  volume.HddsVolume (HddsVolume.java:<init>(176)) - Creating Volume: /workdir/hadoop-ozone/integration-test/target/test-dir/MiniOzoneClusterImpl-9c60e482-b1fd-4cc4-81aa-d9340c8f8ba8/datanode-3/data/containers/hdds of  storage type : DISK and capacity : 52710309888
2019-07-14 16:33:55,859 INFO  volume.VolumeSet (VolumeSet.java:initializeVolumeSet(170)) - Added Volume : /workdir/hadoop-ozone/integration-test/target/test-dir/MiniOzoneClusterImpl-9c60e482-b1fd-4cc4-81aa-d9340c8f8ba8/datanode-3/data/containers/hdds to VolumeSet
2019-07-14 16:33:55,859 INFO  volume.ThrottledAsyncChecker (ThrottledAsyncChecker.java:schedule(140)) - Scheduling a check for org.apache.hadoop.ozone.container.common.volume.HddsVolume@403a2ed5
2019-07-14 16:33:55,859 INFO  volume.HddsVolumeChecker (HddsVolumeChecker.java:checkAllVolumes(203)) - Scheduled health check for volume org.apache.hadoop.ozone.container.common.volume.HddsVolume@403a2ed5
2019-07-14 16:33:55,873 INFO  impl.RaftServerProxy (ConfUtils.java:logGet(43)) - raft.rpc.type = GRPC (default)
2019-07-14 16:33:55,873 INFO  grpc.GrpcFactory (GrpcFactory.java:checkPooledByteBufAllocatorUseCacheForAllThreads(45)) - PERFORMANCE WARNING: useCacheForAllThreads is true that may cause Netty to create a lot garbage objects and, as a result, trigger GC.
	It is recommended to disable useCacheForAllThreads by setting -Dorg.apache.ratis.thirdparty.io.netty.allocator.useCacheForAllThreads=false in command line.
2019-07-14 16:33:55,873 INFO  grpc.GrpcConfigKeys$Server (ConfUtils.java:logGet(43)) - raft.grpc.server.port = 0 (default)
2019-07-14 16:33:55,874 INFO  server.GrpcService (ConfUtils.java:logGet(43)) - raft.grpc.message.size.max = 33570816 (custom)
2019-07-14 16:33:55,874 INFO  server.RaftServerConfigKeys (ConfUtils.java:logGet(43)) - raft.server.log.appender.buffer.byte-limit = 33554432 (custom)
2019-07-14 16:33:55,874 INFO  server.GrpcService (ConfUtils.java:logGet(43)) - raft.grpc.flow.control.window = 1MB (=1048576) (default)
2019-07-14 16:33:55,874 INFO  server.RaftServerConfigKeys (ConfUtils.java:logGet(43)) - raft.server.rpc.request.timeout = 3000ms (default)
2019-07-14 16:33:55,875 INFO  server.RaftServerConfigKeys (ConfUtils.java:logGet(43)) - raft.server.storage.dir = [/workdir/hadoop-ozone/integration-test/target/test-dir/MiniOzoneClusterImpl-9c60e482-b1fd-4cc4-81aa-d9340c8f8ba8/datanode-3/data/ratis] (custom)
2019-07-14 16:33:55,875 INFO  replication.SimpleContainerDownloader (SimpleContainerDownloader.java:<init>(72)) - Starting container downloader service to copy containers to replicate.
2019-07-14 16:33:55,876 INFO  hdfs.DFSUtil (DFSUtil.java:httpServerTemplateForNNAndJN(1641)) - Starting Web-server for hddsDatanode at: http://0.0.0.0:0
2019-07-14 16:33:55,877 INFO  server.AuthenticationFilter (AuthenticationFilter.java:constructSecretProvider(240)) - Unable to initialize FileSignerSecretProvider, falling back to use random secrets.
2019-07-14 16:33:55,877 WARN  http.HttpRequestLog (HttpRequestLog.java:getRequestLog(97)) - Jetty request log can only be enabled using Log4j
2019-07-14 16:33:55,878 INFO  http.HttpServer2 (HttpServer2.java:addGlobalFilter(975)) - Added global filter 'safety' (class=org.apache.hadoop.http.HttpServer2$QuotingInputFilter)
2019-07-14 16:33:55,879 INFO  http.HttpServer2 (HttpServer2.java:addFilter(948)) - Added filter static_user_filter (class=org.apache.hadoop.http.lib.StaticUserWebFilter$StaticUserFilter) to context hddsDatanode
2019-07-14 16:33:55,879 INFO  http.HttpServer2 (HttpServer2.java:addFilter(958)) - Added filter static_user_filter (class=org.apache.hadoop.http.lib.StaticUserWebFilter$StaticUserFilter) to context logs
2019-07-14 16:33:55,879 INFO  http.HttpServer2 (HttpServer2.java:addFilter(958)) - Added filter static_user_filter (class=org.apache.hadoop.http.lib.StaticUserWebFilter$StaticUserFilter) to context static
2019-07-14 16:33:55,879 INFO  http.HttpServer2 (HttpServer2.java:bindListener(1191)) - Jetty bound to port 34485
2019-07-14 16:33:55,880 INFO  server.Server (Server.java:doStart(351)) - jetty-9.3.24.v20180605, build timestamp: 2018-06-05T17:11:56Z, git hash: 84205aa28f11a4f31f2a3b86d1bba2cc8ab69827
2019-07-14 16:33:55,881 INFO  handler.ContextHandler (ContextHandler.java:doStart(781)) - Started o.e.j.s.ServletContextHandler@67ee26af{/logs,file:///workdir/hadoop-ozone/integration-test/target/log,AVAILABLE}
2019-07-14 16:33:55,881 INFO  handler.ContextHandler (ContextHandler.java:doStart(781)) - Started o.e.j.s.ServletContextHandler@41cc3795{/static,jar:file:/home/user/.m2/repository/org/apache/hadoop/hadoop-hdds-container-service/0.5.0-SNAPSHOT/hadoop-hdds-container-service-0.5.0-SNAPSHOT.jar!/webapps/static,AVAILABLE}
2019-07-14 16:33:55,907 INFO  handler.ContextHandler (ContextHandler.java:doStart(781)) - Started o.e.j.w.WebAppContext@afee49e{/,file:///tmp/jetty-0.0.0.0-34485-hddsDatanode-_-any-6195296909285448051.dir/webapp/,AVAILABLE}{/hddsDatanode}
2019-07-14 16:33:55,908 INFO  server.AbstractConnector (AbstractConnector.java:doStart(278)) - Started ServerConnector@4c3d056{HTTP/1.1,[http/1.1]}{0.0.0.0:34485}
2019-07-14 16:33:55,908 INFO  server.Server (Server.java:doStart(419)) - Started @696612ms
2019-07-14 16:33:55,910 INFO  server.BaseHttpServer (BaseHttpServer.java:updateConnectorAddress(207)) - HTTP server of HDDSDATANODE is listening at http://0.0.0.0:34485
2019-07-14 16:33:56,005 INFO  ozone.HddsDatanodeService (HddsDatanodeService.java:startPlugins(396)) - Started plug-in org.apache.hadoop.ozone.web.OzoneHddsDatanodeService@6b54dbd8
2019-07-14 16:33:56,006 INFO  impl.MetricsSystemImpl (MetricsSystemImpl.java:init(158)) - HddsDatanode metrics system started (again)
2019-07-14 16:33:56,012 INFO  ozone.HddsDatanodeService (HddsDatanodeService.java:start(185)) - HddsDatanodeService host:pr-hdds-1710-5x6jb-1204890111 ip:192.168.69.77
2019-07-14 16:33:56,012 INFO  util.JvmPauseMonitor (JvmPauseMonitor.java:run(188)) - Starting JVM pause monitor
2019-07-14 16:33:56,014 INFO  datanode.InitDatanodeState (InitDatanodeState.java:persistContainerDatanodeDetails(140)) - DatanodeDetails is persisted to /workdir/hadoop-ozone/integration-test/target/test-dir/MiniOzoneClusterImpl-9c60e482-b1fd-4cc4-81aa-d9340c8f8ba8/datanode-3/meta/datanode.id
2019-07-14 16:33:56,026 INFO  volume.HddsVolume (HddsVolume.java:<init>(176)) - Creating Volume: /workdir/hadoop-ozone/integration-test/target/test-dir/MiniOzoneClusterImpl-9c60e482-b1fd-4cc4-81aa-d9340c8f8ba8/datanode-4/data/containers/hdds of  storage type : DISK and capacity : 52710309888
2019-07-14 16:33:56,026 INFO  volume.VolumeSet (VolumeSet.java:initializeVolumeSet(170)) - Added Volume : /workdir/hadoop-ozone/integration-test/target/test-dir/MiniOzoneClusterImpl-9c60e482-b1fd-4cc4-81aa-d9340c8f8ba8/datanode-4/data/containers/hdds to VolumeSet
2019-07-14 16:33:56,026 INFO  volume.ThrottledAsyncChecker (ThrottledAsyncChecker.java:schedule(140)) - Scheduling a check for org.apache.hadoop.ozone.container.common.volume.HddsVolume@6c23667e
2019-07-14 16:33:56,027 INFO  volume.HddsVolumeChecker (HddsVolumeChecker.java:checkAllVolumes(203)) - Scheduled health check for volume org.apache.hadoop.ozone.container.common.volume.HddsVolume@6c23667e
2019-07-14 16:33:56,041 INFO  impl.RaftServerProxy (ConfUtils.java:logGet(43)) - raft.rpc.type = GRPC (default)
2019-07-14 16:33:56,041 INFO  grpc.GrpcFactory (GrpcFactory.java:checkPooledByteBufAllocatorUseCacheForAllThreads(45)) - PERFORMANCE WARNING: useCacheForAllThreads is true that may cause Netty to create a lot garbage objects and, as a result, trigger GC.
	It is recommended to disable useCacheForAllThreads by setting -Dorg.apache.ratis.thirdparty.io.netty.allocator.useCacheForAllThreads=false in command line.
2019-07-14 16:33:56,041 INFO  grpc.GrpcConfigKeys$Server (ConfUtils.java:logGet(43)) - raft.grpc.server.port = 0 (default)
2019-07-14 16:33:56,041 INFO  server.GrpcService (ConfUtils.java:logGet(43)) - raft.grpc.message.size.max = 33570816 (custom)
2019-07-14 16:33:56,042 INFO  server.RaftServerConfigKeys (ConfUtils.java:logGet(43)) - raft.server.log.appender.buffer.byte-limit = 33554432 (custom)
2019-07-14 16:33:56,042 INFO  server.GrpcService (ConfUtils.java:logGet(43)) - raft.grpc.flow.control.window = 1MB (=1048576) (default)
2019-07-14 16:33:56,042 INFO  server.RaftServerConfigKeys (ConfUtils.java:logGet(43)) - raft.server.rpc.request.timeout = 3000ms (default)
2019-07-14 16:33:56,042 INFO  server.RaftServerConfigKeys (ConfUtils.java:logGet(43)) - raft.server.storage.dir = [/workdir/hadoop-ozone/integration-test/target/test-dir/MiniOzoneClusterImpl-9c60e482-b1fd-4cc4-81aa-d9340c8f8ba8/datanode-4/data/ratis] (custom)
2019-07-14 16:33:56,043 INFO  replication.SimpleContainerDownloader (SimpleContainerDownloader.java:<init>(72)) - Starting container downloader service to copy containers to replicate.
2019-07-14 16:33:56,044 INFO  hdfs.DFSUtil (DFSUtil.java:httpServerTemplateForNNAndJN(1641)) - Starting Web-server for hddsDatanode at: http://0.0.0.0:0
2019-07-14 16:33:56,045 INFO  server.AuthenticationFilter (AuthenticationFilter.java:constructSecretProvider(240)) - Unable to initialize FileSignerSecretProvider, falling back to use random secrets.
2019-07-14 16:33:56,045 WARN  http.HttpRequestLog (HttpRequestLog.java:getRequestLog(97)) - Jetty request log can only be enabled using Log4j
2019-07-14 16:33:56,046 INFO  http.HttpServer2 (HttpServer2.java:addGlobalFilter(975)) - Added global filter 'safety' (class=org.apache.hadoop.http.HttpServer2$QuotingInputFilter)
2019-07-14 16:33:56,046 INFO  http.HttpServer2 (HttpServer2.java:addFilter(948)) - Added filter static_user_filter (class=org.apache.hadoop.http.lib.StaticUserWebFilter$StaticUserFilter) to context hddsDatanode
2019-07-14 16:33:56,046 INFO  http.HttpServer2 (HttpServer2.java:addFilter(958)) - Added filter static_user_filter (class=org.apache.hadoop.http.lib.StaticUserWebFilter$StaticUserFilter) to context logs
2019-07-14 16:33:56,046 INFO  http.HttpServer2 (HttpServer2.java:addFilter(958)) - Added filter static_user_filter (class=org.apache.hadoop.http.lib.StaticUserWebFilter$StaticUserFilter) to context static
2019-07-14 16:33:56,047 INFO  http.HttpServer2 (HttpServer2.java:bindListener(1191)) - Jetty bound to port 34122
2019-07-14 16:33:56,047 INFO  server.Server (Server.java:doStart(351)) - jetty-9.3.24.v20180605, build timestamp: 2018-06-05T17:11:56Z, git hash: 84205aa28f11a4f31f2a3b86d1bba2cc8ab69827
2019-07-14 16:33:56,048 INFO  handler.ContextHandler (ContextHandler.java:doStart(781)) - Started o.e.j.s.ServletContextHandler@78a6ffe3{/logs,file:///workdir/hadoop-ozone/integration-test/target/log,AVAILABLE}
2019-07-14 16:33:56,049 INFO  handler.ContextHandler (ContextHandler.java:doStart(781)) - Started o.e.j.s.ServletContextHandler@7cc7a0ca{/static,jar:file:/home/user/.m2/repository/org/apache/hadoop/hadoop-hdds-container-service/0.5.0-SNAPSHOT/hadoop-hdds-container-service-0.5.0-SNAPSHOT.jar!/webapps/static,AVAILABLE}
2019-07-14 16:33:56,076 INFO  handler.ContextHandler (ContextHandler.java:doStart(781)) - Started o.e.j.w.WebAppContext@78ec5e18{/,file:///tmp/jetty-0.0.0.0-34122-hddsDatanode-_-any-7222153890571939076.dir/webapp/,AVAILABLE}{/hddsDatanode}
2019-07-14 16:33:56,076 INFO  server.AbstractConnector (AbstractConnector.java:doStart(278)) - Started ServerConnector@15962623{HTTP/1.1,[http/1.1]}{0.0.0.0:34122}
2019-07-14 16:33:56,077 INFO  server.Server (Server.java:doStart(419)) - Started @696780ms
2019-07-14 16:33:56,078 INFO  server.BaseHttpServer (BaseHttpServer.java:updateConnectorAddress(207)) - HTTP server of HDDSDATANODE is listening at http://0.0.0.0:34122
2019-07-14 16:33:56,173 INFO  ozone.HddsDatanodeService (HddsDatanodeService.java:startPlugins(396)) - Started plug-in org.apache.hadoop.ozone.web.OzoneHddsDatanodeService@6c2dec7f
2019-07-14 16:33:56,173 INFO  impl.MetricsSystemImpl (MetricsSystemImpl.java:init(158)) - HddsDatanode metrics system started (again)
2019-07-14 16:33:56,180 INFO  ozone.HddsDatanodeService (HddsDatanodeService.java:start(185)) - HddsDatanodeService host:pr-hdds-1710-5x6jb-1204890111 ip:192.168.69.77
2019-07-14 16:33:56,180 INFO  util.JvmPauseMonitor (JvmPauseMonitor.java:run(188)) - Starting JVM pause monitor
2019-07-14 16:33:56,182 INFO  datanode.InitDatanodeState (InitDatanodeState.java:persistContainerDatanodeDetails(140)) - DatanodeDetails is persisted to /workdir/hadoop-ozone/integration-test/target/test-dir/MiniOzoneClusterImpl-9c60e482-b1fd-4cc4-81aa-d9340c8f8ba8/datanode-4/meta/datanode.id
2019-07-14 16:33:56,195 INFO  volume.HddsVolume (HddsVolume.java:<init>(176)) - Creating Volume: /workdir/hadoop-ozone/integration-test/target/test-dir/MiniOzoneClusterImpl-9c60e482-b1fd-4cc4-81aa-d9340c8f8ba8/datanode-5/data/containers/hdds of  storage type : DISK and capacity : 52710309888
2019-07-14 16:33:56,195 INFO  volume.VolumeSet (VolumeSet.java:initializeVolumeSet(170)) - Added Volume : /workdir/hadoop-ozone/integration-test/target/test-dir/MiniOzoneClusterImpl-9c60e482-b1fd-4cc4-81aa-d9340c8f8ba8/datanode-5/data/containers/hdds to VolumeSet
2019-07-14 16:33:56,195 INFO  volume.ThrottledAsyncChecker (ThrottledAsyncChecker.java:schedule(140)) - Scheduling a check for org.apache.hadoop.ozone.container.common.volume.HddsVolume@5a8f777
2019-07-14 16:33:56,196 INFO  volume.HddsVolumeChecker (HddsVolumeChecker.java:checkAllVolumes(203)) - Scheduled health check for volume org.apache.hadoop.ozone.container.common.volume.HddsVolume@5a8f777
2019-07-14 16:33:56,210 INFO  impl.RaftServerProxy (ConfUtils.java:logGet(43)) - raft.rpc.type = GRPC (default)
2019-07-14 16:33:56,210 INFO  grpc.GrpcFactory (GrpcFactory.java:checkPooledByteBufAllocatorUseCacheForAllThreads(45)) - PERFORMANCE WARNING: useCacheForAllThreads is true that may cause Netty to create a lot garbage objects and, as a result, trigger GC.
	It is recommended to disable useCacheForAllThreads by setting -Dorg.apache.ratis.thirdparty.io.netty.allocator.useCacheForAllThreads=false in command line.
2019-07-14 16:33:56,210 INFO  grpc.GrpcConfigKeys$Server (ConfUtils.java:logGet(43)) - raft.grpc.server.port = 0 (default)
2019-07-14 16:33:56,210 INFO  server.GrpcService (ConfUtils.java:logGet(43)) - raft.grpc.message.size.max = 33570816 (custom)
2019-07-14 16:33:56,211 INFO  server.RaftServerConfigKeys (ConfUtils.java:logGet(43)) - raft.server.log.appender.buffer.byte-limit = 33554432 (custom)
2019-07-14 16:33:56,211 INFO  server.GrpcService (ConfUtils.java:logGet(43)) - raft.grpc.flow.control.window = 1MB (=1048576) (default)
2019-07-14 16:33:56,211 INFO  server.RaftServerConfigKeys (ConfUtils.java:logGet(43)) - raft.server.rpc.request.timeout = 3000ms (default)
2019-07-14 16:33:56,211 INFO  server.RaftServerConfigKeys (ConfUtils.java:logGet(43)) - raft.server.storage.dir = [/workdir/hadoop-ozone/integration-test/target/test-dir/MiniOzoneClusterImpl-9c60e482-b1fd-4cc4-81aa-d9340c8f8ba8/datanode-5/data/ratis] (custom)
2019-07-14 16:33:56,212 INFO  replication.SimpleContainerDownloader (SimpleContainerDownloader.java:<init>(72)) - Starting container downloader service to copy containers to replicate.
2019-07-14 16:33:56,213 INFO  hdfs.DFSUtil (DFSUtil.java:httpServerTemplateForNNAndJN(1641)) - Starting Web-server for hddsDatanode at: http://0.0.0.0:0
2019-07-14 16:33:56,213 INFO  server.AuthenticationFilter (AuthenticationFilter.java:constructSecretProvider(240)) - Unable to initialize FileSignerSecretProvider, falling back to use random secrets.
2019-07-14 16:33:56,214 WARN  http.HttpRequestLog (HttpRequestLog.java:getRequestLog(97)) - Jetty request log can only be enabled using Log4j
2019-07-14 16:33:56,215 INFO  http.HttpServer2 (HttpServer2.java:addGlobalFilter(975)) - Added global filter 'safety' (class=org.apache.hadoop.http.HttpServer2$QuotingInputFilter)
2019-07-14 16:33:56,215 INFO  http.HttpServer2 (HttpServer2.java:addFilter(948)) - Added filter static_user_filter (class=org.apache.hadoop.http.lib.StaticUserWebFilter$StaticUserFilter) to context hddsDatanode
2019-07-14 16:33:56,215 INFO  http.HttpServer2 (HttpServer2.java:addFilter(958)) - Added filter static_user_filter (class=org.apache.hadoop.http.lib.StaticUserWebFilter$StaticUserFilter) to context static
2019-07-14 16:33:56,215 INFO  http.HttpServer2 (HttpServer2.java:addFilter(958)) - Added filter static_user_filter (class=org.apache.hadoop.http.lib.StaticUserWebFilter$StaticUserFilter) to context logs
2019-07-14 16:33:56,216 INFO  http.HttpServer2 (HttpServer2.java:bindListener(1191)) - Jetty bound to port 42615
2019-07-14 16:33:56,216 INFO  server.Server (Server.java:doStart(351)) - jetty-9.3.24.v20180605, build timestamp: 2018-06-05T17:11:56Z, git hash: 84205aa28f11a4f31f2a3b86d1bba2cc8ab69827
2019-07-14 16:33:56,218 INFO  handler.ContextHandler (ContextHandler.java:doStart(781)) - Started o.e.j.s.ServletContextHandler@16f52d68{/logs,file:///workdir/hadoop-ozone/integration-test/target/log,AVAILABLE}
2019-07-14 16:33:56,218 INFO  handler.ContextHandler (ContextHandler.java:doStart(781)) - Started o.e.j.s.ServletContextHandler@6ab35ce3{/static,jar:file:/home/user/.m2/repository/org/apache/hadoop/hadoop-hdds-container-service/0.5.0-SNAPSHOT/hadoop-hdds-container-service-0.5.0-SNAPSHOT.jar!/webapps/static,AVAILABLE}
2019-07-14 16:33:56,244 INFO  handler.ContextHandler (ContextHandler.java:doStart(781)) - Started o.e.j.w.WebAppContext@329e6700{/,file:///tmp/jetty-0.0.0.0-42615-hddsDatanode-_-any-6343941425194086413.dir/webapp/,AVAILABLE}{/hddsDatanode}
2019-07-14 16:33:56,244 INFO  server.AbstractConnector (AbstractConnector.java:doStart(278)) - Started ServerConnector@440e28fa{HTTP/1.1,[http/1.1]}{0.0.0.0:42615}
2019-07-14 16:33:56,245 INFO  server.Server (Server.java:doStart(419)) - Started @696949ms
2019-07-14 16:33:56,247 INFO  server.BaseHttpServer (BaseHttpServer.java:updateConnectorAddress(207)) - HTTP server of HDDSDATANODE is listening at http://0.0.0.0:42615
2019-07-14 16:33:56,342 INFO  ozone.HddsDatanodeService (HddsDatanodeService.java:startPlugins(396)) - Started plug-in org.apache.hadoop.ozone.web.OzoneHddsDatanodeService@7053d6e2
2019-07-14 16:33:56,343 INFO  impl.MetricsSystemImpl (MetricsSystemImpl.java:init(158)) - HddsDatanode metrics system started (again)
2019-07-14 16:33:56,350 INFO  ozone.HddsDatanodeService (HddsDatanodeService.java:start(185)) - HddsDatanodeService host:pr-hdds-1710-5x6jb-1204890111 ip:192.168.69.77
2019-07-14 16:33:56,350 INFO  util.JvmPauseMonitor (JvmPauseMonitor.java:run(188)) - Starting JVM pause monitor
2019-07-14 16:33:56,351 INFO  datanode.InitDatanodeState (InitDatanodeState.java:persistContainerDatanodeDetails(140)) - DatanodeDetails is persisted to /workdir/hadoop-ozone/integration-test/target/test-dir/MiniOzoneClusterImpl-9c60e482-b1fd-4cc4-81aa-d9340c8f8ba8/datanode-5/meta/datanode.id
2019-07-14 16:33:56,363 INFO  volume.HddsVolume (HddsVolume.java:<init>(176)) - Creating Volume: /workdir/hadoop-ozone/integration-test/target/test-dir/MiniOzoneClusterImpl-9c60e482-b1fd-4cc4-81aa-d9340c8f8ba8/datanode-6/data/containers/hdds of  storage type : DISK and capacity : 52710309888
2019-07-14 16:33:56,364 INFO  volume.VolumeSet (VolumeSet.java:initializeVolumeSet(170)) - Added Volume : /workdir/hadoop-ozone/integration-test/target/test-dir/MiniOzoneClusterImpl-9c60e482-b1fd-4cc4-81aa-d9340c8f8ba8/datanode-6/data/containers/hdds to VolumeSet
2019-07-14 16:33:56,364 INFO  volume.ThrottledAsyncChecker (ThrottledAsyncChecker.java:schedule(140)) - Scheduling a check for org.apache.hadoop.ozone.container.common.volume.HddsVolume@699e81db
2019-07-14 16:33:56,364 INFO  volume.HddsVolumeChecker (HddsVolumeChecker.java:checkAllVolumes(203)) - Scheduled health check for volume org.apache.hadoop.ozone.container.common.volume.HddsVolume@699e81db
2019-07-14 16:33:56,378 INFO  impl.RaftServerProxy (ConfUtils.java:logGet(43)) - raft.rpc.type = GRPC (default)
2019-07-14 16:33:56,378 INFO  grpc.GrpcFactory (GrpcFactory.java:checkPooledByteBufAllocatorUseCacheForAllThreads(45)) - PERFORMANCE WARNING: useCacheForAllThreads is true that may cause Netty to create a lot garbage objects and, as a result, trigger GC.
	It is recommended to disable useCacheForAllThreads by setting -Dorg.apache.ratis.thirdparty.io.netty.allocator.useCacheForAllThreads=false in command line.
2019-07-14 16:33:56,378 INFO  grpc.GrpcConfigKeys$Server (ConfUtils.java:logGet(43)) - raft.grpc.server.port = 0 (default)
2019-07-14 16:33:56,379 INFO  server.GrpcService (ConfUtils.java:logGet(43)) - raft.grpc.message.size.max = 33570816 (custom)
2019-07-14 16:33:56,379 INFO  server.RaftServerConfigKeys (ConfUtils.java:logGet(43)) - raft.server.log.appender.buffer.byte-limit = 33554432 (custom)
2019-07-14 16:33:56,379 INFO  server.GrpcService (ConfUtils.java:logGet(43)) - raft.grpc.flow.control.window = 1MB (=1048576) (default)
2019-07-14 16:33:56,379 INFO  server.RaftServerConfigKeys (ConfUtils.java:logGet(43)) - raft.server.rpc.request.timeout = 3000ms (default)
2019-07-14 16:33:56,379 INFO  server.RaftServerConfigKeys (ConfUtils.java:logGet(43)) - raft.server.storage.dir = [/workdir/hadoop-ozone/integration-test/target/test-dir/MiniOzoneClusterImpl-9c60e482-b1fd-4cc4-81aa-d9340c8f8ba8/datanode-6/data/ratis] (custom)
2019-07-14 16:33:56,380 INFO  replication.SimpleContainerDownloader (SimpleContainerDownloader.java:<init>(72)) - Starting container downloader service to copy containers to replicate.
2019-07-14 16:33:56,381 INFO  hdfs.DFSUtil (DFSUtil.java:httpServerTemplateForNNAndJN(1641)) - Starting Web-server for hddsDatanode at: http://0.0.0.0:0
2019-07-14 16:33:56,382 INFO  server.AuthenticationFilter (AuthenticationFilter.java:constructSecretProvider(240)) - Unable to initialize FileSignerSecretProvider, falling back to use random secrets.
2019-07-14 16:33:56,382 WARN  http.HttpRequestLog (HttpRequestLog.java:getRequestLog(97)) - Jetty request log can only be enabled using Log4j
2019-07-14 16:33:56,383 INFO  http.HttpServer2 (HttpServer2.java:addGlobalFilter(975)) - Added global filter 'safety' (class=org.apache.hadoop.http.HttpServer2$QuotingInputFilter)
2019-07-14 16:33:56,383 INFO  http.HttpServer2 (HttpServer2.java:addFilter(948)) - Added filter static_user_filter (class=org.apache.hadoop.http.lib.StaticUserWebFilter$StaticUserFilter) to context hddsDatanode
2019-07-14 16:33:56,383 INFO  http.HttpServer2 (HttpServer2.java:addFilter(958)) - Added filter static_user_filter (class=org.apache.hadoop.http.lib.StaticUserWebFilter$StaticUserFilter) to context logs
2019-07-14 16:33:56,384 INFO  http.HttpServer2 (HttpServer2.java:addFilter(958)) - Added filter static_user_filter (class=org.apache.hadoop.http.lib.StaticUserWebFilter$StaticUserFilter) to context static
2019-07-14 16:33:56,384 INFO  http.HttpServer2 (HttpServer2.java:bindListener(1191)) - Jetty bound to port 36004
2019-07-14 16:33:56,384 INFO  server.Server (Server.java:doStart(351)) - jetty-9.3.24.v20180605, build timestamp: 2018-06-05T17:11:56Z, git hash: 84205aa28f11a4f31f2a3b86d1bba2cc8ab69827
2019-07-14 16:33:56,386 INFO  handler.ContextHandler (ContextHandler.java:doStart(781)) - Started o.e.j.s.ServletContextHandler@6bfd574c{/logs,file:///workdir/hadoop-ozone/integration-test/target/log,AVAILABLE}
2019-07-14 16:33:56,386 INFO  handler.ContextHandler (ContextHandler.java:doStart(781)) - Started o.e.j.s.ServletContextHandler@323ebcc6{/static,jar:file:/home/user/.m2/repository/org/apache/hadoop/hadoop-hdds-container-service/0.5.0-SNAPSHOT/hadoop-hdds-container-service-0.5.0-SNAPSHOT.jar!/webapps/static,AVAILABLE}
2019-07-14 16:33:56,414 INFO  handler.ContextHandler (ContextHandler.java:doStart(781)) - Started o.e.j.w.WebAppContext@143dc03a{/,file:///tmp/jetty-0.0.0.0-36004-hddsDatanode-_-any-2446458114099667856.dir/webapp/,AVAILABLE}{/hddsDatanode}
2019-07-14 16:33:56,414 INFO  server.AbstractConnector (AbstractConnector.java:doStart(278)) - Started ServerConnector@72464f26{HTTP/1.1,[http/1.1]}{0.0.0.0:36004}
2019-07-14 16:33:56,416 INFO  server.Server (Server.java:doStart(419)) - Started @697120ms
2019-07-14 16:33:56,417 INFO  server.BaseHttpServer (BaseHttpServer.java:updateConnectorAddress(207)) - HTTP server of HDDSDATANODE is listening at http://0.0.0.0:36004
2019-07-14 16:33:56,515 INFO  ozone.HddsDatanodeService (HddsDatanodeService.java:startPlugins(396)) - Started plug-in org.apache.hadoop.ozone.web.OzoneHddsDatanodeService@35e6861
2019-07-14 16:33:56,515 INFO  ozone.MiniOzoneClusterImpl (MiniOzoneClusterImpl.java:lambda$waitForClusterToBeReady$0(142)) - Waiting for cluster to be ready. Got 0 of 7 DN Heartbeats.
2019-07-14 16:33:56,520 INFO  util.JvmPauseMonitor (JvmPauseMonitor.java:run(188)) - Starting JVM pause monitor
2019-07-14 16:33:56,521 INFO  datanode.InitDatanodeState (InitDatanodeState.java:persistContainerDatanodeDetails(140)) - DatanodeDetails is persisted to /workdir/hadoop-ozone/integration-test/target/test-dir/MiniOzoneClusterImpl-9c60e482-b1fd-4cc4-81aa-d9340c8f8ba8/datanode-6/meta/datanode.id
2019-07-14 16:33:57,515 INFO  ozone.MiniOzoneClusterImpl (MiniOzoneClusterImpl.java:lambda$waitForClusterToBeReady$0(142)) - Waiting for cluster to be ready. Got 0 of 7 DN Heartbeats.
2019-07-14 16:33:57,538 INFO  ozoneimpl.OzoneContainer (OzoneContainer.java:start(186)) - Attempting to start container services.
2019-07-14 16:33:57,541 INFO  ozoneimpl.OzoneContainer (OzoneContainer.java:startContainerScrub(160)) - Background container scrubber has been disabled by hdds.containerscrub.enabled
2019-07-14 16:33:57,541 INFO  ratis.XceiverServerRatis (XceiverServerRatis.java:start(418)) - Starting XceiverServerRatis fa1fe8e2-562a-401d-baea-1faeff5131b9 at port 0
2019-07-14 16:33:57,549 INFO  impl.RaftServerProxy (RaftServerProxy.java:lambda$start$3(299)) - fa1fe8e2-562a-401d-baea-1faeff5131b9: start RPC server
2019-07-14 16:33:57,551 INFO  server.GrpcService (GrpcService.java:startImpl(149)) - fa1fe8e2-562a-401d-baea-1faeff5131b9: GrpcService started, listening on 0.0.0.0/0.0.0.0:36698
2019-07-14 16:33:57,551 INFO  ratis.XceiverServerRatis (XceiverServerRatis.java:start(428)) - XceiverServerRatis fa1fe8e2-562a-401d-baea-1faeff5131b9 is started using port 36698
2019-07-14 16:33:57,552 INFO  server.XceiverServerGrpc (XceiverServerGrpc.java:start(161)) - XceiverServerGrpc fa1fe8e2-562a-401d-baea-1faeff5131b9 is started using port 44049
2019-07-14 16:33:57,696 INFO  ozoneimpl.OzoneContainer (OzoneContainer.java:start(186)) - Attempting to start container services.
2019-07-14 16:33:57,704 INFO  ozoneimpl.OzoneContainer (OzoneContainer.java:startContainerScrub(160)) - Background container scrubber has been disabled by hdds.containerscrub.enabled
2019-07-14 16:33:57,704 INFO  ratis.XceiverServerRatis (XceiverServerRatis.java:start(418)) - Starting XceiverServerRatis 9445bbf2-462d-437b-aeef-056db19f15cb at port 0
2019-07-14 16:33:57,712 INFO  impl.RaftServerProxy (RaftServerProxy.java:lambda$start$3(299)) - 9445bbf2-462d-437b-aeef-056db19f15cb: start RPC server
2019-07-14 16:33:57,712 INFO  server.GrpcService (GrpcService.java:startImpl(149)) - 9445bbf2-462d-437b-aeef-056db19f15cb: GrpcService started, listening on 0.0.0.0/0.0.0.0:41032
2019-07-14 16:33:57,713 INFO  ratis.XceiverServerRatis (XceiverServerRatis.java:start(428)) - XceiverServerRatis 9445bbf2-462d-437b-aeef-056db19f15cb is started using port 41032
2019-07-14 16:33:57,713 INFO  server.XceiverServerGrpc (XceiverServerGrpc.java:start(161)) - XceiverServerGrpc 9445bbf2-462d-437b-aeef-056db19f15cb is started using port 36390
2019-07-14 16:33:57,859 INFO  ozoneimpl.OzoneContainer (OzoneContainer.java:start(186)) - Attempting to start container services.
2019-07-14 16:33:57,859 INFO  ozoneimpl.OzoneContainer (OzoneContainer.java:startContainerScrub(160)) - Background container scrubber has been disabled by hdds.containerscrub.enabled
2019-07-14 16:33:57,859 INFO  ratis.XceiverServerRatis (XceiverServerRatis.java:start(418)) - Starting XceiverServerRatis 40e5c344-f305-4c60-9072-015c713e3dac at port 0
2019-07-14 16:33:57,867 INFO  impl.RaftServerProxy (RaftServerProxy.java:lambda$start$3(299)) - 40e5c344-f305-4c60-9072-015c713e3dac: start RPC server
2019-07-14 16:33:57,867 INFO  server.GrpcService (GrpcService.java:startImpl(149)) - 40e5c344-f305-4c60-9072-015c713e3dac: GrpcService started, listening on 0.0.0.0/0.0.0.0:45386
2019-07-14 16:33:57,867 INFO  ratis.XceiverServerRatis (XceiverServerRatis.java:start(428)) - XceiverServerRatis 40e5c344-f305-4c60-9072-015c713e3dac is started using port 45386
2019-07-14 16:33:57,880 INFO  server.XceiverServerGrpc (XceiverServerGrpc.java:start(161)) - XceiverServerGrpc 40e5c344-f305-4c60-9072-015c713e3dac is started using port 43986
2019-07-14 16:33:58,027 INFO  ozoneimpl.OzoneContainer (OzoneContainer.java:start(186)) - Attempting to start container services.
2019-07-14 16:33:58,027 INFO  ozoneimpl.OzoneContainer (OzoneContainer.java:startContainerScrub(160)) - Background container scrubber has been disabled by hdds.containerscrub.enabled
2019-07-14 16:33:58,027 INFO  ratis.XceiverServerRatis (XceiverServerRatis.java:start(418)) - Starting XceiverServerRatis 44864524-38b9-4fd5-aa68-b44cdb3418c7 at port 0
2019-07-14 16:33:58,033 INFO  impl.RaftServerProxy (RaftServerProxy.java:lambda$start$3(299)) - 44864524-38b9-4fd5-aa68-b44cdb3418c7: start RPC server
2019-07-14 16:33:58,034 INFO  server.GrpcService (GrpcService.java:startImpl(149)) - 44864524-38b9-4fd5-aa68-b44cdb3418c7: GrpcService started, listening on 0.0.0.0/0.0.0.0:34200
2019-07-14 16:33:58,034 INFO  ratis.XceiverServerRatis (XceiverServerRatis.java:start(428)) - XceiverServerRatis 44864524-38b9-4fd5-aa68-b44cdb3418c7 is started using port 34200
2019-07-14 16:33:58,034 INFO  server.XceiverServerGrpc (XceiverServerGrpc.java:start(161)) - XceiverServerGrpc 44864524-38b9-4fd5-aa68-b44cdb3418c7 is started using port 39476
2019-07-14 16:33:58,196 INFO  ozoneimpl.OzoneContainer (OzoneContainer.java:start(186)) - Attempting to start container services.
2019-07-14 16:33:58,196 INFO  ozoneimpl.OzoneContainer (OzoneContainer.java:startContainerScrub(160)) - Background container scrubber has been disabled by hdds.containerscrub.enabled
2019-07-14 16:33:58,196 INFO  ratis.XceiverServerRatis (XceiverServerRatis.java:start(418)) - Starting XceiverServerRatis b0dc493c-1720-4638-b385-57fe15548c4a at port 0
2019-07-14 16:33:58,203 INFO  impl.RaftServerProxy (RaftServerProxy.java:lambda$start$3(299)) - b0dc493c-1720-4638-b385-57fe15548c4a: start RPC server
2019-07-14 16:33:58,204 INFO  server.GrpcService (GrpcService.java:startImpl(149)) - b0dc493c-1720-4638-b385-57fe15548c4a: GrpcService started, listening on 0.0.0.0/0.0.0.0:38428
2019-07-14 16:33:58,204 INFO  ratis.XceiverServerRatis (XceiverServerRatis.java:start(428)) - XceiverServerRatis b0dc493c-1720-4638-b385-57fe15548c4a is started using port 38428
2019-07-14 16:33:58,205 INFO  server.XceiverServerGrpc (XceiverServerGrpc.java:start(161)) - XceiverServerGrpc b0dc493c-1720-4638-b385-57fe15548c4a is started using port 34376
2019-07-14 16:33:58,364 INFO  ozoneimpl.OzoneContainer (OzoneContainer.java:start(186)) - Attempting to start container services.
2019-07-14 16:33:58,365 INFO  ozoneimpl.OzoneContainer (OzoneContainer.java:startContainerScrub(160)) - Background container scrubber has been disabled by hdds.containerscrub.enabled
2019-07-14 16:33:58,365 INFO  ratis.XceiverServerRatis (XceiverServerRatis.java:start(418)) - Starting XceiverServerRatis e796987e-4e8a-47d2-b556-5927fd53432f at port 0
2019-07-14 16:33:58,516 INFO  ozone.MiniOzoneClusterImpl (MiniOzoneClusterImpl.java:lambda$waitForClusterToBeReady$0(142)) - Waiting for cluster to be ready. Got 0 of 7 DN Heartbeats.
2019-07-14 16:33:58,527 INFO  impl.RaftServerProxy (RaftServerProxy.java:lambda$start$3(299)) - e796987e-4e8a-47d2-b556-5927fd53432f: start RPC server
2019-07-14 16:33:58,539 INFO  server.GrpcService (GrpcService.java:startImpl(149)) - e796987e-4e8a-47d2-b556-5927fd53432f: GrpcService started, listening on 0.0.0.0/0.0.0.0:35801
2019-07-14 16:33:58,539 INFO  ratis.XceiverServerRatis (XceiverServerRatis.java:start(428)) - XceiverServerRatis e796987e-4e8a-47d2-b556-5927fd53432f is started using port 35801
2019-07-14 16:33:58,539 INFO  ozoneimpl.OzoneContainer (OzoneContainer.java:start(186)) - Attempting to start container services.
2019-07-14 16:33:58,539 INFO  ozoneimpl.OzoneContainer (OzoneContainer.java:startContainerScrub(160)) - Background container scrubber has been disabled by hdds.containerscrub.enabled
2019-07-14 16:33:58,539 INFO  ratis.XceiverServerRatis (XceiverServerRatis.java:start(418)) - Starting XceiverServerRatis 94db9d65-15cd-46a2-a1b2-eb4dfde861c6 at port 0
2019-07-14 16:33:58,540 INFO  server.XceiverServerGrpc (XceiverServerGrpc.java:start(161)) - XceiverServerGrpc e796987e-4e8a-47d2-b556-5927fd53432f is started using port 35539
2019-07-14 16:33:58,546 INFO  impl.RaftServerProxy (RaftServerProxy.java:lambda$start$3(299)) - 94db9d65-15cd-46a2-a1b2-eb4dfde861c6: start RPC server
2019-07-14 16:33:58,547 INFO  server.GrpcService (GrpcService.java:startImpl(149)) - 94db9d65-15cd-46a2-a1b2-eb4dfde861c6: GrpcService started, listening on 0.0.0.0/0.0.0.0:46614
2019-07-14 16:33:58,547 INFO  ratis.XceiverServerRatis (XceiverServerRatis.java:start(428)) - XceiverServerRatis 94db9d65-15cd-46a2-a1b2-eb4dfde861c6 is started using port 46614
2019-07-14 16:33:58,549 INFO  server.XceiverServerGrpc (XceiverServerGrpc.java:start(161)) - XceiverServerGrpc 94db9d65-15cd-46a2-a1b2-eb4dfde861c6 is started using port 45449
2019-07-14 16:33:59,516 INFO  ozone.MiniOzoneClusterImpl (MiniOzoneClusterImpl.java:lambda$waitForClusterToBeReady$0(142)) - Waiting for cluster to be ready. Got 0 of 7 DN Heartbeats.
2019-07-14 16:33:59,521 INFO  net.NetworkTopology (NetworkTopologyImpl.java:add(110)) - Added a new node: /default-rack/192.168.69.77
2019-07-14 16:33:59,524 INFO  node.SCMNodeManager (SCMNodeManager.java:register(269)) - Registered Data node : fa1fe8e2-562a-401d-baea-1faeff5131b9{ip: 192.168.69.77, host: pr-hdds-1710-5x6jb-1204890111, networkLocation: /default-rack, certSerialId: null}
2019-07-14 16:33:59,525 INFO  safemode.SCMSafeModeManager (DataNodeSafeModeRule.java:process(71)) - SCM in safe mode. 1 DataNodes registered, 1 required.
2019-07-14 16:33:59,527 INFO  safemode.SCMSafeModeManager (SCMSafeModeManager.java:validateSafeModeExitRules(177)) - ScmSafeModeManager, all rules are successfully validated
2019-07-14 16:33:59,528 INFO  safemode.SCMSafeModeManager (SCMSafeModeManager.java:exitSafeMode(193)) - SCM exiting safe mode.
2019-07-14 16:33:59,544 INFO  impl.RaftServerProxy (RaftServerProxy.java:addNew(89)) - fa1fe8e2-562a-401d-baea-1faeff5131b9: addNew group-F43995C19D15:[fa1fe8e2-562a-401d-baea-1faeff5131b9:192.168.69.77:36698] returns group-F43995C19D15:java.util.concurrent.CompletableFuture@5b3bd360[Not completed]
2019-07-14 16:33:59,545 INFO  impl.RaftServerImpl (RaftServerImpl.java:<init>(93)) - fa1fe8e2-562a-401d-baea-1faeff5131b9: new RaftServerImpl for group-F43995C19D15:[fa1fe8e2-562a-401d-baea-1faeff5131b9:192.168.69.77:36698] with ContainerStateMachine:uninitialized
2019-07-14 16:33:59,545 INFO  server.RaftServerConfigKeys (ConfUtils.java:logGet(43)) - raft.server.rpc.timeout.min = 5s (custom)
2019-07-14 16:33:59,546 INFO  server.RaftServerConfigKeys (ConfUtils.java:logGet(43)) - raft.server.rpc.timeout.max = 5200ms (custom)
2019-07-14 16:33:59,546 INFO  server.RaftServerConfigKeys (ConfUtils.java:logGet(43)) - raft.server.rpcslowness.timeout = 120s (custom)
2019-07-14 16:33:59,546 INFO  server.RaftServerConfigKeys (ConfUtils.java:logGet(43)) - raft.server.sleep.deviation.threshold = 300 (default)
2019-07-14 16:33:59,546 INFO  server.RaftServerConfigKeys (ConfUtils.java:logGet(43)) - raft.server.log.appender.install.snapshot.enabled = false (custom)
2019-07-14 16:33:59,546 INFO  impl.RaftServerImpl (ServerState.java:<init>(105)) - fa1fe8e2-562a-401d-baea-1faeff5131b9:group-F43995C19D15 ConfigurationManager, init=-1: [fa1fe8e2-562a-401d-baea-1faeff5131b9:192.168.69.77:36698], old=null, confs=<EMPTY_MAP>
2019-07-14 16:33:59,546 INFO  server.RaftServerConfigKeys (ConfUtils.java:logGet(43)) - raft.server.storage.dir = [/workdir/hadoop-ozone/integration-test/target/test-dir/MiniOzoneClusterImpl-9c60e482-b1fd-4cc4-81aa-d9340c8f8ba8/datanode-0/data/ratis] (custom)
2019-07-14 16:33:59,547 INFO  storage.RaftStorageDirectory (RaftStorageDirectory.java:analyzeStorage(246)) - The storage directory /workdir/hadoop-ozone/integration-test/target/test-dir/MiniOzoneClusterImpl-9c60e482-b1fd-4cc4-81aa-d9340c8f8ba8/datanode-0/data/ratis/3cdc6cbd-4daa-4003-b435-f43995c19d15 does not exist. Creating ...
2019-07-14 16:33:59,569 INFO  storage.RaftStorageDirectory (RaftStorageDirectory.java:tryLock(328)) - Lock on /workdir/hadoop-ozone/integration-test/target/test-dir/MiniOzoneClusterImpl-9c60e482-b1fd-4cc4-81aa-d9340c8f8ba8/datanode-0/data/ratis/3cdc6cbd-4daa-4003-b435-f43995c19d15/in_use.lock acquired by nodename 13169@pr-hdds-1710-5x6jb-1204890111
2019-07-14 16:33:59,582 INFO  storage.RaftStorage (RaftStorage.java:format(72)) - Storage directory /workdir/hadoop-ozone/integration-test/target/test-dir/MiniOzoneClusterImpl-9c60e482-b1fd-4cc4-81aa-d9340c8f8ba8/datanode-0/data/ratis/3cdc6cbd-4daa-4003-b435-f43995c19d15 has been successfully formatted.
2019-07-14 16:33:59,583 INFO  ratis.ContainerStateMachine (ContainerStateMachine.java:loadSnapshot(200)) - The snapshot info is null.Setting the last applied index to:(t:0, i:~)
2019-07-14 16:33:59,583 INFO  server.RaftServerConfigKeys (ConfUtils.java:logGet(43)) - raft.server.leader.election.timeout = 120s (custom)
2019-07-14 16:33:59,583 INFO  server.RaftServerConfigKeys (ConfUtils.java:logGet(43)) - raft.server.log.use.memory = false (default)
2019-07-14 16:33:59,583 INFO  server.RaftServerConfigKeys (ConfUtils.java:logGet(43)) - raft.server.log.purge.gap = 1000000000 (custom)
2019-07-14 16:33:59,583 INFO  server.RaftServerConfigKeys (ConfUtils.java:logGet(43)) - raft.server.log.appender.buffer.byte-limit = 33554432 (custom)
2019-07-14 16:33:59,583 INFO  server.RaftServerConfigKeys (ConfUtils.java:logGet(43)) - raft.server.log.segment.size.max = 1048576 (custom)
2019-07-14 16:33:59,584 INFO  server.RaftServerConfigKeys (ConfUtils.java:logGet(43)) - raft.server.log.segment.cache.num.max = 2 (custom)
2019-07-14 16:33:59,584 INFO  segmented.SegmentedRaftLogWorker (SegmentedRaftLogWorker.java:<init>(172)) - new fa1fe8e2-562a-401d-baea-1faeff5131b9-SegmentedRaftLogWorker:Storage Directory /workdir/hadoop-ozone/integration-test/target/test-dir/MiniOzoneClusterImpl-9c60e482-b1fd-4cc4-81aa-d9340c8f8ba8/datanode-0/data/ratis/3cdc6cbd-4daa-4003-b435-f43995c19d15 for RaftStorage:Storage Directory /workdir/hadoop-ozone/integration-test/target/test-dir/MiniOzoneClusterImpl-9c60e482-b1fd-4cc4-81aa-d9340c8f8ba8/datanode-0/data/ratis/3cdc6cbd-4daa-4003-b435-f43995c19d15
2019-07-14 16:33:59,584 INFO  server.RaftServerConfigKeys (ConfUtils.java:logGet(43)) - raft.server.log.queue.byte-limit = 2147483647 (custom)
2019-07-14 16:33:59,584 INFO  server.RaftServerConfigKeys (ConfUtils.java:logGet(43)) - raft.server.log.queue.element-limit = 1024 (custom)
2019-07-14 16:33:59,584 INFO  server.RaftServerConfigKeys (ConfUtils.java:logGet(43)) - raft.server.log.segment.size.max = 1048576 (custom)
2019-07-14 16:33:59,585 INFO  server.RaftServerConfigKeys (ConfUtils.java:logGet(43)) - raft.server.log.preallocated.size = 16384 (custom)
2019-07-14 16:33:59,585 INFO  server.RaftServerConfigKeys (ConfUtils.java:logGet(43)) - raft.server.log.write.buffer.size = 33554432 (custom)
2019-07-14 16:33:59,585 INFO  server.RaftServerConfigKeys (ConfUtils.java:logGet(43)) - raft.server.log.force.sync.num = 128 (default)
2019-07-14 16:33:59,585 INFO  server.RaftServerConfigKeys (ConfUtils.java:logGet(43)) - raft.server.log.statemachine.data.sync = true (default)
2019-07-14 16:33:59,585 INFO  server.RaftServerConfigKeys (ConfUtils.java:logGet(43)) - raft.server.log.statemachine.data.sync.timeout = 10s (default)
2019-07-14 16:33:59,585 INFO  server.RaftServerConfigKeys (ConfUtils.java:logGet(43)) - raft.server.log.statemachine.data.sync.timeout.retry = -1 (default)
2019-07-14 16:33:59,586 INFO  server.RaftServerConfigKeys (ConfUtils.java:logGet(43)) - raft.server.log.statemachine.data.caching.enabled = true (custom)
2019-07-14 16:33:59,586 INFO  segmented.SegmentedRaftLogWorker (SegmentedRaftLogWorker.java:lambda$new$0(132)) - fa1fe8e2-562a-401d-baea-1faeff5131b9-SegmentedRaftLogWorker:Storage Directory /workdir/hadoop-ozone/integration-test/target/test-dir/MiniOzoneClusterImpl-9c60e482-b1fd-4cc4-81aa-d9340c8f8ba8/datanode-0/data/ratis/3cdc6cbd-4daa-4003-b435-f43995c19d15: flushIndex: setUnconditionally 0 -> -1
2019-07-14 16:33:59,587 INFO  server.RaftServerConfigKeys (ConfUtils.java:logGet(43)) - raft.server.snapshot.auto.trigger.enabled = true (custom)
2019-07-14 16:33:59,587 INFO  server.RaftServerConfigKeys (ConfUtils.java:logGet(43)) - raft.server.snapshot.auto.trigger.threshold = 10000 (custom)
2019-07-14 16:33:59,587 INFO  server.RaftServerConfigKeys (ConfUtils.java:logGet(43)) - raft.server.retrycache.expirytime = 600000ms (custom)
2019-07-14 16:33:59,587 INFO  impl.RaftServerImpl (RaftServerImpl.java:start(180)) - fa1fe8e2-562a-401d-baea-1faeff5131b9: start group-F43995C19D15
2019-07-14 16:33:59,587 INFO  impl.RaftServerImpl (RaftServerImpl.java:setRole(171)) - fa1fe8e2-562a-401d-baea-1faeff5131b9:group-F43995C19D15 changes role from null to FOLLOWER at term 0 for startAsFollower
2019-07-14 16:33:59,587 INFO  impl.RoleInfo (RoleInfo.java:updateAndGet(143)) - fa1fe8e2-562a-401d-baea-1faeff5131b9: start FollowerState
2019-07-14 16:33:59,589 INFO  util.JmxRegister (JmxRegister.java:tryRegister(44)) - Successfully registered JMX Bean with object name Ratis:service=RaftServer,group=group-F43995C19D15,id=fa1fe8e2-562a-401d-baea-1faeff5131b9
2019-07-14 16:33:59,593 INFO  pipeline.PipelineStateManager (PipelineStateManager.java:addPipeline(56)) - Created pipeline Pipeline[ Id: 3cdc6cbd-4daa-4003-b435-f43995c19d15, Nodes: fa1fe8e2-562a-401d-baea-1faeff5131b9{ip: 192.168.69.77, host: pr-hdds-1710-5x6jb-1204890111, networkLocation: /default-rack, certSerialId: null}, Type:RATIS, Factor:ONE, State:OPEN]
2019-07-14 16:33:59,680 INFO  node.SCMNodeManager (SCMNodeManager.java:register(269)) - Registered Data node : 9445bbf2-462d-437b-aeef-056db19f15cb{ip: 192.168.69.77, host: pr-hdds-1710-5x6jb-1204890111, networkLocation: /default-rack, certSerialId: null}
2019-07-14 16:33:59,688 INFO  impl.RaftServerProxy (RaftServerProxy.java:addNew(89)) - 9445bbf2-462d-437b-aeef-056db19f15cb: addNew group-15FCD6E64C2A:[9445bbf2-462d-437b-aeef-056db19f15cb:192.168.69.77:41032] returns group-15FCD6E64C2A:java.util.concurrent.CompletableFuture@67adfd65[Not completed]
2019-07-14 16:33:59,689 INFO  impl.RaftServerImpl (RaftServerImpl.java:<init>(93)) - 9445bbf2-462d-437b-aeef-056db19f15cb: new RaftServerImpl for group-15FCD6E64C2A:[9445bbf2-462d-437b-aeef-056db19f15cb:192.168.69.77:41032] with ContainerStateMachine:uninitialized
2019-07-14 16:33:59,689 INFO  server.RaftServerConfigKeys (ConfUtils.java:logGet(43)) - raft.server.rpc.timeout.min = 5s (custom)
2019-07-14 16:33:59,689 INFO  server.RaftServerConfigKeys (ConfUtils.java:logGet(43)) - raft.server.rpc.timeout.max = 5200ms (custom)
2019-07-14 16:33:59,689 INFO  server.RaftServerConfigKeys (ConfUtils.java:logGet(43)) - raft.server.rpcslowness.timeout = 120s (custom)
2019-07-14 16:33:59,690 INFO  server.RaftServerConfigKeys (ConfUtils.java:logGet(43)) - raft.server.sleep.deviation.threshold = 300 (default)
2019-07-14 16:33:59,690 INFO  server.RaftServerConfigKeys (ConfUtils.java:logGet(43)) - raft.server.log.appender.install.snapshot.enabled = false (custom)
2019-07-14 16:33:59,690 INFO  impl.RaftServerImpl (ServerState.java:<init>(105)) - 9445bbf2-462d-437b-aeef-056db19f15cb:group-15FCD6E64C2A ConfigurationManager, init=-1: [9445bbf2-462d-437b-aeef-056db19f15cb:192.168.69.77:41032], old=null, confs=<EMPTY_MAP>
2019-07-14 16:33:59,690 INFO  server.RaftServerConfigKeys (ConfUtils.java:logGet(43)) - raft.server.storage.dir = [/workdir/hadoop-ozone/integration-test/target/test-dir/MiniOzoneClusterImpl-9c60e482-b1fd-4cc4-81aa-d9340c8f8ba8/datanode-1/data/ratis] (custom)
2019-07-14 16:33:59,691 INFO  storage.RaftStorageDirectory (RaftStorageDirectory.java:analyzeStorage(246)) - The storage directory /workdir/hadoop-ozone/integration-test/target/test-dir/MiniOzoneClusterImpl-9c60e482-b1fd-4cc4-81aa-d9340c8f8ba8/datanode-1/data/ratis/7cf3959d-dab3-4c17-a7b6-15fcd6e64c2a does not exist. Creating ...
2019-07-14 16:33:59,704 INFO  storage.RaftStorageDirectory (RaftStorageDirectory.java:tryLock(328)) - Lock on /workdir/hadoop-ozone/integration-test/target/test-dir/MiniOzoneClusterImpl-9c60e482-b1fd-4cc4-81aa-d9340c8f8ba8/datanode-1/data/ratis/7cf3959d-dab3-4c17-a7b6-15fcd6e64c2a/in_use.lock acquired by nodename 13169@pr-hdds-1710-5x6jb-1204890111
2019-07-14 16:33:59,717 INFO  storage.RaftStorage (RaftStorage.java:format(72)) - Storage directory /workdir/hadoop-ozone/integration-test/target/test-dir/MiniOzoneClusterImpl-9c60e482-b1fd-4cc4-81aa-d9340c8f8ba8/datanode-1/data/ratis/7cf3959d-dab3-4c17-a7b6-15fcd6e64c2a has been successfully formatted.
2019-07-14 16:33:59,718 INFO  ratis.ContainerStateMachine (ContainerStateMachine.java:loadSnapshot(200)) - The snapshot info is null.Setting the last applied index to:(t:0, i:~)
2019-07-14 16:33:59,718 INFO  server.RaftServerConfigKeys (ConfUtils.java:logGet(43)) - raft.server.leader.election.timeout = 120s (custom)
2019-07-14 16:33:59,718 INFO  server.RaftServerConfigKeys (ConfUtils.java:logGet(43)) - raft.server.log.use.memory = false (default)
2019-07-14 16:33:59,718 INFO  server.RaftServerConfigKeys (ConfUtils.java:logGet(43)) - raft.server.log.purge.gap = 1000000000 (custom)
2019-07-14 16:33:59,718 INFO  server.RaftServerConfigKeys (ConfUtils.java:logGet(43)) - raft.server.log.appender.buffer.byte-limit = 33554432 (custom)
2019-07-14 16:33:59,718 INFO  server.RaftServerConfigKeys (ConfUtils.java:logGet(43)) - raft.server.log.segment.size.max = 1048576 (custom)
2019-07-14 16:33:59,718 INFO  server.RaftServerConfigKeys (ConfUtils.java:logGet(43)) - raft.server.log.segment.cache.num.max = 2 (custom)
2019-07-14 16:33:59,719 INFO  segmented.SegmentedRaftLogWorker (SegmentedRaftLogWorker.java:<init>(172)) - new 9445bbf2-462d-437b-aeef-056db19f15cb-SegmentedRaftLogWorker:Storage Directory /workdir/hadoop-ozone/integration-test/target/test-dir/MiniOzoneClusterImpl-9c60e482-b1fd-4cc4-81aa-d9340c8f8ba8/datanode-1/data/ratis/7cf3959d-dab3-4c17-a7b6-15fcd6e64c2a for RaftStorage:Storage Directory /workdir/hadoop-ozone/integration-test/target/test-dir/MiniOzoneClusterImpl-9c60e482-b1fd-4cc4-81aa-d9340c8f8ba8/datanode-1/data/ratis/7cf3959d-dab3-4c17-a7b6-15fcd6e64c2a
2019-07-14 16:33:59,719 INFO  server.RaftServerConfigKeys (ConfUtils.java:logGet(43)) - raft.server.log.queue.byte-limit = 2147483647 (custom)
2019-07-14 16:33:59,719 INFO  server.RaftServerConfigKeys (ConfUtils.java:logGet(43)) - raft.server.log.queue.element-limit = 1024 (custom)
2019-07-14 16:33:59,719 INFO  server.RaftServerConfigKeys (ConfUtils.java:logGet(43)) - raft.server.log.segment.size.max = 1048576 (custom)
2019-07-14 16:33:59,719 INFO  server.RaftServerConfigKeys (ConfUtils.java:logGet(43)) - raft.server.log.preallocated.size = 16384 (custom)
2019-07-14 16:33:59,719 INFO  server.RaftServerConfigKeys (ConfUtils.java:logGet(43)) - raft.server.log.write.buffer.size = 33554432 (custom)
2019-07-14 16:33:59,720 INFO  server.RaftServerConfigKeys (ConfUtils.java:logGet(43)) - raft.server.log.force.sync.num = 128 (default)
2019-07-14 16:33:59,720 INFO  server.RaftServerConfigKeys (ConfUtils.java:logGet(43)) - raft.server.log.statemachine.data.sync = true (default)
2019-07-14 16:33:59,720 INFO  server.RaftServerConfigKeys (ConfUtils.java:logGet(43)) - raft.server.log.statemachine.data.sync.timeout = 10s (default)
2019-07-14 16:33:59,720 INFO  server.RaftServerConfigKeys (ConfUtils.java:logGet(43)) - raft.server.log.statemachine.data.sync.timeout.retry = -1 (default)
2019-07-14 16:33:59,720 INFO  server.RaftServerConfigKeys (ConfUtils.java:logGet(43)) - raft.server.log.statemachine.data.caching.enabled = true (custom)
2019-07-14 16:33:59,721 INFO  segmented.SegmentedRaftLogWorker (SegmentedRaftLogWorker.java:lambda$new$0(132)) - 9445bbf2-462d-437b-aeef-056db19f15cb-SegmentedRaftLogWorker:Storage Directory /workdir/hadoop-ozone/integration-test/target/test-dir/MiniOzoneClusterImpl-9c60e482-b1fd-4cc4-81aa-d9340c8f8ba8/datanode-1/data/ratis/7cf3959d-dab3-4c17-a7b6-15fcd6e64c2a: flushIndex: setUnconditionally 0 -> -1
2019-07-14 16:33:59,721 INFO  server.RaftServerConfigKeys (ConfUtils.java:logGet(43)) - raft.server.snapshot.auto.trigger.enabled = true (custom)
2019-07-14 16:33:59,721 INFO  server.RaftServerConfigKeys (ConfUtils.java:logGet(43)) - raft.server.snapshot.auto.trigger.threshold = 10000 (custom)
2019-07-14 16:33:59,721 INFO  server.RaftServerConfigKeys (ConfUtils.java:logGet(43)) - raft.server.retrycache.expirytime = 600000ms (custom)
2019-07-14 16:33:59,722 INFO  impl.RaftServerImpl (RaftServerImpl.java:start(180)) - 9445bbf2-462d-437b-aeef-056db19f15cb: start group-15FCD6E64C2A
2019-07-14 16:33:59,722 INFO  impl.RaftServerImpl (RaftServerImpl.java:setRole(171)) - 9445bbf2-462d-437b-aeef-056db19f15cb:group-15FCD6E64C2A changes role from null to FOLLOWER at term 0 for startAsFollower
2019-07-14 16:33:59,722 INFO  impl.RoleInfo (RoleInfo.java:updateAndGet(143)) - 9445bbf2-462d-437b-aeef-056db19f15cb: start FollowerState
2019-07-14 16:33:59,722 INFO  util.JmxRegister (JmxRegister.java:tryRegister(44)) - Successfully registered JMX Bean with object name Ratis:service=RaftServer,group=group-15FCD6E64C2A,id=9445bbf2-462d-437b-aeef-056db19f15cb
2019-07-14 16:33:59,724 INFO  pipeline.PipelineStateManager (PipelineStateManager.java:addPipeline(56)) - Created pipeline Pipeline[ Id: 7cf3959d-dab3-4c17-a7b6-15fcd6e64c2a, Nodes: 9445bbf2-462d-437b-aeef-056db19f15cb{ip: 192.168.69.77, host: pr-hdds-1710-5x6jb-1204890111, networkLocation: /default-rack, certSerialId: null}, Type:RATIS, Factor:ONE, State:OPEN]
2019-07-14 16:33:59,845 INFO  node.SCMNodeManager (SCMNodeManager.java:register(269)) - Registered Data node : 40e5c344-f305-4c60-9072-015c713e3dac{ip: 192.168.69.77, host: pr-hdds-1710-5x6jb-1204890111, networkLocation: /default-rack, certSerialId: null}
2019-07-14 16:33:59,852 INFO  impl.RaftServerProxy (RaftServerProxy.java:addNew(89)) - 40e5c344-f305-4c60-9072-015c713e3dac: addNew group-DA5270E9E05E:[40e5c344-f305-4c60-9072-015c713e3dac:192.168.69.77:45386] returns group-DA5270E9E05E:java.util.concurrent.CompletableFuture@63c8ca15[Not completed]
2019-07-14 16:33:59,854 INFO  impl.RaftServerImpl (RaftServerImpl.java:<init>(93)) - 40e5c344-f305-4c60-9072-015c713e3dac: new RaftServerImpl for group-DA5270E9E05E:[40e5c344-f305-4c60-9072-015c713e3dac:192.168.69.77:45386] with ContainerStateMachine:uninitialized
2019-07-14 16:33:59,854 INFO  server.RaftServerConfigKeys (ConfUtils.java:logGet(43)) - raft.server.rpc.timeout.min = 5s (custom)
2019-07-14 16:33:59,854 INFO  server.RaftServerConfigKeys (ConfUtils.java:logGet(43)) - raft.server.rpc.timeout.max = 5200ms (custom)
2019-07-14 16:33:59,854 INFO  server.RaftServerConfigKeys (ConfUtils.java:logGet(43)) - raft.server.rpcslowness.timeout = 120s (custom)
2019-07-14 16:33:59,854 INFO  server.RaftServerConfigKeys (ConfUtils.java:logGet(43)) - raft.server.sleep.deviation.threshold = 300 (default)
2019-07-14 16:33:59,854 INFO  server.RaftServerConfigKeys (ConfUtils.java:logGet(43)) - raft.server.log.appender.install.snapshot.enabled = false (custom)
2019-07-14 16:33:59,854 INFO  impl.RaftServerImpl (ServerState.java:<init>(105)) - 40e5c344-f305-4c60-9072-015c713e3dac:group-DA5270E9E05E ConfigurationManager, init=-1: [40e5c344-f305-4c60-9072-015c713e3dac:192.168.69.77:45386], old=null, confs=<EMPTY_MAP>
2019-07-14 16:33:59,855 INFO  server.RaftServerConfigKeys (ConfUtils.java:logGet(43)) - raft.server.storage.dir = [/workdir/hadoop-ozone/integration-test/target/test-dir/MiniOzoneClusterImpl-9c60e482-b1fd-4cc4-81aa-d9340c8f8ba8/datanode-2/data/ratis] (custom)
2019-07-14 16:33:59,855 INFO  storage.RaftStorageDirectory (RaftStorageDirectory.java:analyzeStorage(246)) - The storage directory /workdir/hadoop-ozone/integration-test/target/test-dir/MiniOzoneClusterImpl-9c60e482-b1fd-4cc4-81aa-d9340c8f8ba8/datanode-2/data/ratis/6c6c9cf4-fbdc-409b-8e83-da5270e9e05e does not exist. Creating ...
2019-07-14 16:33:59,864 INFO  storage.RaftStorageDirectory (RaftStorageDirectory.java:tryLock(328)) - Lock on /workdir/hadoop-ozone/integration-test/target/test-dir/MiniOzoneClusterImpl-9c60e482-b1fd-4cc4-81aa-d9340c8f8ba8/datanode-2/data/ratis/6c6c9cf4-fbdc-409b-8e83-da5270e9e05e/in_use.lock acquired by nodename 13169@pr-hdds-1710-5x6jb-1204890111
2019-07-14 16:33:59,878 INFO  storage.RaftStorage (RaftStorage.java:format(72)) - Storage directory /workdir/hadoop-ozone/integration-test/target/test-dir/MiniOzoneClusterImpl-9c60e482-b1fd-4cc4-81aa-d9340c8f8ba8/datanode-2/data/ratis/6c6c9cf4-fbdc-409b-8e83-da5270e9e05e has been successfully formatted.
2019-07-14 16:33:59,878 INFO  ratis.ContainerStateMachine (ContainerStateMachine.java:loadSnapshot(200)) - The snapshot info is null.Setting the last applied index to:(t:0, i:~)
2019-07-14 16:33:59,878 INFO  server.RaftServerConfigKeys (ConfUtils.java:logGet(43)) - raft.server.leader.election.timeout = 120s (custom)
2019-07-14 16:33:59,879 INFO  server.RaftServerConfigKeys (ConfUtils.java:logGet(43)) - raft.server.log.use.memory = false (default)
2019-07-14 16:33:59,879 INFO  server.RaftServerConfigKeys (ConfUtils.java:logGet(43)) - raft.server.log.purge.gap = 1000000000 (custom)
2019-07-14 16:33:59,879 INFO  server.RaftServerConfigKeys (ConfUtils.java:logGet(43)) - raft.server.log.appender.buffer.byte-limit = 33554432 (custom)
2019-07-14 16:33:59,879 INFO  server.RaftServerConfigKeys (ConfUtils.java:logGet(43)) - raft.server.log.segment.size.max = 1048576 (custom)
2019-07-14 16:33:59,879 INFO  server.RaftServerConfigKeys (ConfUtils.java:logGet(43)) - raft.server.log.segment.cache.num.max = 2 (custom)
2019-07-14 16:33:59,879 INFO  segmented.SegmentedRaftLogWorker (SegmentedRaftLogWorker.java:<init>(172)) - new 40e5c344-f305-4c60-9072-015c713e3dac-SegmentedRaftLogWorker:Storage Directory /workdir/hadoop-ozone/integration-test/target/test-dir/MiniOzoneClusterImpl-9c60e482-b1fd-4cc4-81aa-d9340c8f8ba8/datanode-2/data/ratis/6c6c9cf4-fbdc-409b-8e83-da5270e9e05e for RaftStorage:Storage Directory /workdir/hadoop-ozone/integration-test/target/test-dir/MiniOzoneClusterImpl-9c60e482-b1fd-4cc4-81aa-d9340c8f8ba8/datanode-2/data/ratis/6c6c9cf4-fbdc-409b-8e83-da5270e9e05e
2019-07-14 16:33:59,880 INFO  server.RaftServerConfigKeys (ConfUtils.java:logGet(43)) - raft.server.log.queue.byte-limit = 2147483647 (custom)
2019-07-14 16:33:59,880 INFO  server.RaftServerConfigKeys (ConfUtils.java:logGet(43)) - raft.server.log.queue.element-limit = 1024 (custom)
2019-07-14 16:33:59,880 INFO  server.RaftServerConfigKeys (ConfUtils.java:logGet(43)) - raft.server.log.segment.size.max = 1048576 (custom)
2019-07-14 16:33:59,880 INFO  server.RaftServerConfigKeys (ConfUtils.java:logGet(43)) - raft.server.log.preallocated.size = 16384 (custom)
2019-07-14 16:33:59,880 INFO  server.RaftServerConfigKeys (ConfUtils.java:logGet(43)) - raft.server.log.write.buffer.size = 33554432 (custom)
2019-07-14 16:33:59,881 INFO  server.RaftServerConfigKeys (ConfUtils.java:logGet(43)) - raft.server.log.force.sync.num = 128 (default)
2019-07-14 16:33:59,881 INFO  server.RaftServerConfigKeys (ConfUtils.java:logGet(43)) - raft.server.log.statemachine.data.sync = true (default)
2019-07-14 16:33:59,881 INFO  server.RaftServerConfigKeys (ConfUtils.java:logGet(43)) - raft.server.log.statemachine.data.sync.timeout = 10s (default)
2019-07-14 16:33:59,881 INFO  server.RaftServerConfigKeys (ConfUtils.java:logGet(43)) - raft.server.log.statemachine.data.sync.timeout.retry = -1 (default)
2019-07-14 16:33:59,881 INFO  server.RaftServerConfigKeys (ConfUtils.java:logGet(43)) - raft.server.log.statemachine.data.caching.enabled = true (custom)
2019-07-14 16:33:59,882 INFO  segmented.SegmentedRaftLogWorker (SegmentedRaftLogWorker.java:lambda$new$0(132)) - 40e5c344-f305-4c60-9072-015c713e3dac-SegmentedRaftLogWorker:Storage Directory /workdir/hadoop-ozone/integration-test/target/test-dir/MiniOzoneClusterImpl-9c60e482-b1fd-4cc4-81aa-d9340c8f8ba8/datanode-2/data/ratis/6c6c9cf4-fbdc-409b-8e83-da5270e9e05e: flushIndex: setUnconditionally 0 -> -1
2019-07-14 16:33:59,882 INFO  server.RaftServerConfigKeys (ConfUtils.java:logGet(43)) - raft.server.snapshot.auto.trigger.enabled = true (custom)
2019-07-14 16:33:59,882 INFO  server.RaftServerConfigKeys (ConfUtils.java:logGet(43)) - raft.server.snapshot.auto.trigger.threshold = 10000 (custom)
2019-07-14 16:33:59,882 INFO  server.RaftServerConfigKeys (ConfUtils.java:logGet(43)) - raft.server.retrycache.expirytime = 600000ms (custom)
2019-07-14 16:33:59,883 INFO  impl.RaftServerImpl (RaftServerImpl.java:start(180)) - 40e5c344-f305-4c60-9072-015c713e3dac: start group-DA5270E9E05E
2019-07-14 16:33:59,883 INFO  impl.RaftServerImpl (RaftServerImpl.java:setRole(171)) - 40e5c344-f305-4c60-9072-015c713e3dac:group-DA5270E9E05E changes role from null to FOLLOWER at term 0 for startAsFollower
2019-07-14 16:33:59,883 INFO  impl.RoleInfo (RoleInfo.java:updateAndGet(143)) - 40e5c344-f305-4c60-9072-015c713e3dac: start FollowerState
2019-07-14 16:33:59,883 INFO  util.JmxRegister (JmxRegister.java:tryRegister(44)) - Successfully registered JMX Bean with object name Ratis:service=RaftServer,group=group-DA5270E9E05E,id=40e5c344-f305-4c60-9072-015c713e3dac
2019-07-14 16:33:59,886 INFO  pipeline.PipelineStateManager (PipelineStateManager.java:addPipeline(56)) - Created pipeline Pipeline[ Id: 6c6c9cf4-fbdc-409b-8e83-da5270e9e05e, Nodes: 40e5c344-f305-4c60-9072-015c713e3dac{ip: 192.168.69.77, host: pr-hdds-1710-5x6jb-1204890111, networkLocation: /default-rack, certSerialId: null}, Type:RATIS, Factor:ONE, State:OPEN]
2019-07-14 16:33:59,901 INFO  impl.RaftServerProxy (RaftServerProxy.java:addNew(89)) - fa1fe8e2-562a-401d-baea-1faeff5131b9: addNew group-8F70BD2FFFE2:[fa1fe8e2-562a-401d-baea-1faeff5131b9:192.168.69.77:36698, 9445bbf2-462d-437b-aeef-056db19f15cb:192.168.69.77:41032, 40e5c344-f305-4c60-9072-015c713e3dac:192.168.69.77:45386] returns group-8F70BD2FFFE2:java.util.concurrent.CompletableFuture@7c914380[Not completed]
2019-07-14 16:33:59,901 INFO  impl.RaftServerProxy (RaftServerProxy.java:addNew(89)) - 9445bbf2-462d-437b-aeef-056db19f15cb: addNew group-8F70BD2FFFE2:[fa1fe8e2-562a-401d-baea-1faeff5131b9:192.168.69.77:36698, 9445bbf2-462d-437b-aeef-056db19f15cb:192.168.69.77:41032, 40e5c344-f305-4c60-9072-015c713e3dac:192.168.69.77:45386] returns group-8F70BD2FFFE2:java.util.concurrent.CompletableFuture@4db9db15[Not completed]
2019-07-14 16:33:59,901 INFO  impl.RaftServerProxy (RaftServerProxy.java:addNew(89)) - 40e5c344-f305-4c60-9072-015c713e3dac: addNew group-8F70BD2FFFE2:[fa1fe8e2-562a-401d-baea-1faeff5131b9:192.168.69.77:36698, 9445bbf2-462d-437b-aeef-056db19f15cb:192.168.69.77:41032, 40e5c344-f305-4c60-9072-015c713e3dac:192.168.69.77:45386] returns group-8F70BD2FFFE2:java.util.concurrent.CompletableFuture@77222c79[Not completed]
2019-07-14 16:33:59,902 INFO  impl.RaftServerImpl (RaftServerImpl.java:<init>(93)) - 40e5c344-f305-4c60-9072-015c713e3dac: new RaftServerImpl for group-8F70BD2FFFE2:[fa1fe8e2-562a-401d-baea-1faeff5131b9:192.168.69.77:36698, 9445bbf2-462d-437b-aeef-056db19f15cb:192.168.69.77:41032, 40e5c344-f305-4c60-9072-015c713e3dac:192.168.69.77:45386] with ContainerStateMachine:uninitialized
2019-07-14 16:33:59,902 INFO  server.RaftServerConfigKeys (ConfUtils.java:logGet(43)) - raft.server.rpc.timeout.min = 5s (custom)
2019-07-14 16:33:59,902 INFO  server.RaftServerConfigKeys (ConfUtils.java:logGet(43)) - raft.server.rpc.timeout.max = 5200ms (custom)
2019-07-14 16:33:59,902 INFO  impl.RaftServerImpl (RaftServerImpl.java:<init>(93)) - 9445bbf2-462d-437b-aeef-056db19f15cb: new RaftServerImpl for group-8F70BD2FFFE2:[fa1fe8e2-562a-401d-baea-1faeff5131b9:192.168.69.77:36698, 9445bbf2-462d-437b-aeef-056db19f15cb:192.168.69.77:41032, 40e5c344-f305-4c60-9072-015c713e3dac:192.168.69.77:45386] with ContainerStateMachine:uninitialized
2019-07-14 16:33:59,902 INFO  server.RaftServerConfigKeys (ConfUtils.java:logGet(43)) - raft.server.rpcslowness.timeout = 120s (custom)
2019-07-14 16:33:59,902 INFO  server.RaftServerConfigKeys (ConfUtils.java:logGet(43)) - raft.server.rpc.timeout.min = 5s (custom)
2019-07-14 16:33:59,903 INFO  impl.RaftServerImpl (RaftServerImpl.java:<init>(93)) - fa1fe8e2-562a-401d-baea-1faeff5131b9: new RaftServerImpl for group-8F70BD2FFFE2:[fa1fe8e2-562a-401d-baea-1faeff5131b9:192.168.69.77:36698, 9445bbf2-462d-437b-aeef-056db19f15cb:192.168.69.77:41032, 40e5c344-f305-4c60-9072-015c713e3dac:192.168.69.77:45386] with ContainerStateMachine:uninitialized
2019-07-14 16:33:59,903 INFO  server.RaftServerConfigKeys (ConfUtils.java:logGet(43)) - raft.server.sleep.deviation.threshold = 300 (default)
2019-07-14 16:33:59,903 INFO  server.RaftServerConfigKeys (ConfUtils.java:logGet(43)) - raft.server.rpc.timeout.min = 5s (custom)
2019-07-14 16:33:59,903 INFO  server.RaftServerConfigKeys (ConfUtils.java:logGet(43)) - raft.server.rpc.timeout.max = 5200ms (custom)
2019-07-14 16:33:59,903 INFO  server.RaftServerConfigKeys (ConfUtils.java:logGet(43)) - raft.server.rpc.timeout.max = 5200ms (custom)
2019-07-14 16:33:59,903 INFO  server.RaftServerConfigKeys (ConfUtils.java:logGet(43)) - raft.server.log.appender.install.snapshot.enabled = false (custom)
2019-07-14 16:33:59,903 INFO  server.RaftServerConfigKeys (ConfUtils.java:logGet(43)) - raft.server.rpcslowness.timeout = 120s (custom)
2019-07-14 16:33:59,903 INFO  server.RaftServerConfigKeys (ConfUtils.java:logGet(43)) - raft.server.rpcslowness.timeout = 120s (custom)
2019-07-14 16:33:59,904 INFO  server.RaftServerConfigKeys (ConfUtils.java:logGet(43)) - raft.server.sleep.deviation.threshold = 300 (default)
2019-07-14 16:33:59,904 INFO  server.RaftServerConfigKeys (ConfUtils.java:logGet(43)) - raft.server.log.appender.install.snapshot.enabled = false (custom)
2019-07-14 16:33:59,904 INFO  impl.RaftServerImpl (ServerState.java:<init>(105)) - 40e5c344-f305-4c60-9072-015c713e3dac:group-8F70BD2FFFE2 ConfigurationManager, init=-1: [fa1fe8e2-562a-401d-baea-1faeff5131b9:192.168.69.77:36698, 9445bbf2-462d-437b-aeef-056db19f15cb:192.168.69.77:41032, 40e5c344-f305-4c60-9072-015c713e3dac:192.168.69.77:45386], old=null, confs=<EMPTY_MAP>
2019-07-14 16:33:59,904 INFO  impl.RaftServerImpl (ServerState.java:<init>(105)) - fa1fe8e2-562a-401d-baea-1faeff5131b9:group-8F70BD2FFFE2 ConfigurationManager, init=-1: [fa1fe8e2-562a-401d-baea-1faeff5131b9:192.168.69.77:36698, 9445bbf2-462d-437b-aeef-056db19f15cb:192.168.69.77:41032, 40e5c344-f305-4c60-9072-015c713e3dac:192.168.69.77:45386], old=null, confs=<EMPTY_MAP>
2019-07-14 16:33:59,904 INFO  server.RaftServerConfigKeys (ConfUtils.java:logGet(43)) - raft.server.sleep.deviation.threshold = 300 (default)
2019-07-14 16:33:59,904 INFO  server.RaftServerConfigKeys (ConfUtils.java:logGet(43)) - raft.server.storage.dir = [/workdir/hadoop-ozone/integration-test/target/test-dir/MiniOzoneClusterImpl-9c60e482-b1fd-4cc4-81aa-d9340c8f8ba8/datanode-0/data/ratis] (custom)
2019-07-14 16:33:59,904 INFO  server.RaftServerConfigKeys (ConfUtils.java:logGet(43)) - raft.server.storage.dir = [/workdir/hadoop-ozone/integration-test/target/test-dir/MiniOzoneClusterImpl-9c60e482-b1fd-4cc4-81aa-d9340c8f8ba8/datanode-2/data/ratis] (custom)
2019-07-14 16:33:59,904 INFO  server.RaftServerConfigKeys (ConfUtils.java:logGet(43)) - raft.server.log.appender.install.snapshot.enabled = false (custom)
2019-07-14 16:33:59,905 INFO  storage.RaftStorageDirectory (RaftStorageDirectory.java:analyzeStorage(246)) - The storage directory /workdir/hadoop-ozone/integration-test/target/test-dir/MiniOzoneClusterImpl-9c60e482-b1fd-4cc4-81aa-d9340c8f8ba8/datanode-0/data/ratis/73f73552-858c-4638-a908-8f70bd2fffe2 does not exist. Creating ...
2019-07-14 16:33:59,905 INFO  storage.RaftStorageDirectory (RaftStorageDirectory.java:analyzeStorage(246)) - The storage directory /workdir/hadoop-ozone/integration-test/target/test-dir/MiniOzoneClusterImpl-9c60e482-b1fd-4cc4-81aa-d9340c8f8ba8/datanode-2/data/ratis/73f73552-858c-4638-a908-8f70bd2fffe2 does not exist. Creating ...
2019-07-14 16:33:59,905 INFO  impl.RaftServerImpl (ServerState.java:<init>(105)) - 9445bbf2-462d-437b-aeef-056db19f15cb:group-8F70BD2FFFE2 ConfigurationManager, init=-1: [fa1fe8e2-562a-401d-baea-1faeff5131b9:192.168.69.77:36698, 9445bbf2-462d-437b-aeef-056db19f15cb:192.168.69.77:41032, 40e5c344-f305-4c60-9072-015c713e3dac:192.168.69.77:45386], old=null, confs=<EMPTY_MAP>
2019-07-14 16:33:59,905 INFO  server.RaftServerConfigKeys (ConfUtils.java:logGet(43)) - raft.server.storage.dir = [/workdir/hadoop-ozone/integration-test/target/test-dir/MiniOzoneClusterImpl-9c60e482-b1fd-4cc4-81aa-d9340c8f8ba8/datanode-1/data/ratis] (custom)
2019-07-14 16:33:59,906 INFO  storage.RaftStorageDirectory (RaftStorageDirectory.java:analyzeStorage(246)) - The storage directory /workdir/hadoop-ozone/integration-test/target/test-dir/MiniOzoneClusterImpl-9c60e482-b1fd-4cc4-81aa-d9340c8f8ba8/datanode-1/data/ratis/73f73552-858c-4638-a908-8f70bd2fffe2 does not exist. Creating ...
2019-07-14 16:33:59,919 INFO  storage.RaftStorageDirectory (RaftStorageDirectory.java:tryLock(328)) - Lock on /workdir/hadoop-ozone/integration-test/target/test-dir/MiniOzoneClusterImpl-9c60e482-b1fd-4cc4-81aa-d9340c8f8ba8/datanode-0/data/ratis/73f73552-858c-4638-a908-8f70bd2fffe2/in_use.lock acquired by nodename 13169@pr-hdds-1710-5x6jb-1204890111
2019-07-14 16:33:59,919 INFO  storage.RaftStorageDirectory (RaftStorageDirectory.java:tryLock(328)) - Lock on /workdir/hadoop-ozone/integration-test/target/test-dir/MiniOzoneClusterImpl-9c60e482-b1fd-4cc4-81aa-d9340c8f8ba8/datanode-1/data/ratis/73f73552-858c-4638-a908-8f70bd2fffe2/in_use.lock acquired by nodename 13169@pr-hdds-1710-5x6jb-1204890111
2019-07-14 16:33:59,919 INFO  storage.RaftStorageDirectory (RaftStorageDirectory.java:tryLock(328)) - Lock on /workdir/hadoop-ozone/integration-test/target/test-dir/MiniOzoneClusterImpl-9c60e482-b1fd-4cc4-81aa-d9340c8f8ba8/datanode-2/data/ratis/73f73552-858c-4638-a908-8f70bd2fffe2/in_use.lock acquired by nodename 13169@pr-hdds-1710-5x6jb-1204890111
2019-07-14 16:33:59,933 INFO  storage.RaftStorage (RaftStorage.java:format(72)) - Storage directory /workdir/hadoop-ozone/integration-test/target/test-dir/MiniOzoneClusterImpl-9c60e482-b1fd-4cc4-81aa-d9340c8f8ba8/datanode-1/data/ratis/73f73552-858c-4638-a908-8f70bd2fffe2 has been successfully formatted.
2019-07-14 16:33:59,933 INFO  storage.RaftStorage (RaftStorage.java:format(72)) - Storage directory /workdir/hadoop-ozone/integration-test/target/test-dir/MiniOzoneClusterImpl-9c60e482-b1fd-4cc4-81aa-d9340c8f8ba8/datanode-2/data/ratis/73f73552-858c-4638-a908-8f70bd2fffe2 has been successfully formatted.
2019-07-14 16:33:59,933 INFO  storage.RaftStorage (RaftStorage.java:format(72)) - Storage directory /workdir/hadoop-ozone/integration-test/target/test-dir/MiniOzoneClusterImpl-9c60e482-b1fd-4cc4-81aa-d9340c8f8ba8/datanode-0/data/ratis/73f73552-858c-4638-a908-8f70bd2fffe2 has been successfully formatted.
2019-07-14 16:33:59,933 INFO  ratis.ContainerStateMachine (ContainerStateMachine.java:loadSnapshot(200)) - The snapshot info is null.Setting the last applied index to:(t:0, i:~)
2019-07-14 16:33:59,933 INFO  ratis.ContainerStateMachine (ContainerStateMachine.java:loadSnapshot(200)) - The snapshot info is null.Setting the last applied index to:(t:0, i:~)
2019-07-14 16:33:59,933 INFO  ratis.ContainerStateMachine (ContainerStateMachine.java:loadSnapshot(200)) - The snapshot info is null.Setting the last applied index to:(t:0, i:~)
2019-07-14 16:33:59,934 INFO  server.RaftServerConfigKeys (ConfUtils.java:logGet(43)) - raft.server.leader.election.timeout = 120s (custom)
2019-07-14 16:33:59,934 INFO  server.RaftServerConfigKeys (ConfUtils.java:logGet(43)) - raft.server.leader.election.timeout = 120s (custom)
2019-07-14 16:33:59,934 INFO  server.RaftServerConfigKeys (ConfUtils.java:logGet(43)) - raft.server.log.use.memory = false (default)
2019-07-14 16:33:59,934 INFO  server.RaftServerConfigKeys (ConfUtils.java:logGet(43)) - raft.server.leader.election.timeout = 120s (custom)
2019-07-14 16:33:59,934 INFO  server.RaftServerConfigKeys (ConfUtils.java:logGet(43)) - raft.server.log.purge.gap = 1000000000 (custom)
2019-07-14 16:33:59,934 INFO  server.RaftServerConfigKeys (ConfUtils.java:logGet(43)) - raft.server.log.appender.buffer.byte-limit = 33554432 (custom)
2019-07-14 16:33:59,934 INFO  server.RaftServerConfigKeys (ConfUtils.java:logGet(43)) - raft.server.log.use.memory = false (default)
2019-07-14 16:33:59,935 INFO  server.RaftServerConfigKeys (ConfUtils.java:logGet(43)) - raft.server.log.segment.size.max = 1048576 (custom)
2019-07-14 16:33:59,935 INFO  server.RaftServerConfigKeys (ConfUtils.java:logGet(43)) - raft.server.log.segment.cache.num.max = 2 (custom)
2019-07-14 16:33:59,934 INFO  server.RaftServerConfigKeys (ConfUtils.java:logGet(43)) - raft.server.log.use.memory = false (default)
2019-07-14 16:33:59,935 INFO  segmented.SegmentedRaftLogWorker (SegmentedRaftLogWorker.java:<init>(172)) - new fa1fe8e2-562a-401d-baea-1faeff5131b9-SegmentedRaftLogWorker:Storage Directory /workdir/hadoop-ozone/integration-test/target/test-dir/MiniOzoneClusterImpl-9c60e482-b1fd-4cc4-81aa-d9340c8f8ba8/datanode-0/data/ratis/73f73552-858c-4638-a908-8f70bd2fffe2 for RaftStorage:Storage Directory /workdir/hadoop-ozone/integration-test/target/test-dir/MiniOzoneClusterImpl-9c60e482-b1fd-4cc4-81aa-d9340c8f8ba8/datanode-0/data/ratis/73f73552-858c-4638-a908-8f70bd2fffe2
2019-07-14 16:33:59,935 INFO  server.RaftServerConfigKeys (ConfUtils.java:logGet(43)) - raft.server.log.queue.byte-limit = 2147483647 (custom)
2019-07-14 16:33:59,935 INFO  server.RaftServerConfigKeys (ConfUtils.java:logGet(43)) - raft.server.log.purge.gap = 1000000000 (custom)
2019-07-14 16:33:59,935 INFO  server.RaftServerConfigKeys (ConfUtils.java:logGet(43)) - raft.server.log.queue.element-limit = 1024 (custom)
2019-07-14 16:33:59,935 INFO  server.RaftServerConfigKeys (ConfUtils.java:logGet(43)) - raft.server.log.purge.gap = 1000000000 (custom)
2019-07-14 16:33:59,936 INFO  server.RaftServerConfigKeys (ConfUtils.java:logGet(43)) - raft.server.log.segment.size.max = 1048576 (custom)
2019-07-14 16:33:59,936 INFO  server.RaftServerConfigKeys (ConfUtils.java:logGet(43)) - raft.server.log.appender.buffer.byte-limit = 33554432 (custom)
2019-07-14 16:33:59,936 INFO  server.RaftServerConfigKeys (ConfUtils.java:logGet(43)) - raft.server.log.preallocated.size = 16384 (custom)
2019-07-14 16:33:59,936 INFO  server.RaftServerConfigKeys (ConfUtils.java:logGet(43)) - raft.server.log.appender.buffer.byte-limit = 33554432 (custom)
2019-07-14 16:33:59,936 INFO  server.RaftServerConfigKeys (ConfUtils.java:logGet(43)) - raft.server.log.write.buffer.size = 33554432 (custom)
2019-07-14 16:33:59,937 INFO  server.RaftServerConfigKeys (ConfUtils.java:logGet(43)) - raft.server.log.force.sync.num = 128 (default)
2019-07-14 16:33:59,936 INFO  server.RaftServerConfigKeys (ConfUtils.java:logGet(43)) - raft.server.log.segment.size.max = 1048576 (custom)
2019-07-14 16:33:59,937 INFO  server.RaftServerConfigKeys (ConfUtils.java:logGet(43)) - raft.server.log.statemachine.data.sync = true (default)
2019-07-14 16:33:59,936 INFO  server.RaftServerConfigKeys (ConfUtils.java:logGet(43)) - raft.server.log.segment.size.max = 1048576 (custom)
2019-07-14 16:33:59,937 INFO  server.RaftServerConfigKeys (ConfUtils.java:logGet(43)) - raft.server.log.statemachine.data.sync.timeout = 10s (default)
2019-07-14 16:33:59,937 INFO  server.RaftServerConfigKeys (ConfUtils.java:logGet(43)) - raft.server.log.statemachine.data.sync.timeout.retry = -1 (default)
2019-07-14 16:33:59,937 INFO  server.RaftServerConfigKeys (ConfUtils.java:logGet(43)) - raft.server.log.segment.cache.num.max = 2 (custom)
2019-07-14 16:33:59,937 INFO  server.RaftServerConfigKeys (ConfUtils.java:logGet(43)) - raft.server.log.statemachine.data.caching.enabled = true (custom)
2019-07-14 16:33:59,937 INFO  server.RaftServerConfigKeys (ConfUtils.java:logGet(43)) - raft.server.log.segment.cache.num.max = 2 (custom)
2019-07-14 16:33:59,938 INFO  segmented.SegmentedRaftLogWorker (SegmentedRaftLogWorker.java:lambda$new$0(132)) - fa1fe8e2-562a-401d-baea-1faeff5131b9-SegmentedRaftLogWorker:Storage Directory /workdir/hadoop-ozone/integration-test/target/test-dir/MiniOzoneClusterImpl-9c60e482-b1fd-4cc4-81aa-d9340c8f8ba8/datanode-0/data/ratis/73f73552-858c-4638-a908-8f70bd2fffe2: flushIndex: setUnconditionally 0 -> -1
2019-07-14 16:33:59,937 INFO  segmented.SegmentedRaftLogWorker (SegmentedRaftLogWorker.java:<init>(172)) - new 40e5c344-f305-4c60-9072-015c713e3dac-SegmentedRaftLogWorker:Storage Directory /workdir/hadoop-ozone/integration-test/target/test-dir/MiniOzoneClusterImpl-9c60e482-b1fd-4cc4-81aa-d9340c8f8ba8/datanode-2/data/ratis/73f73552-858c-4638-a908-8f70bd2fffe2 for RaftStorage:Storage Directory /workdir/hadoop-ozone/integration-test/target/test-dir/MiniOzoneClusterImpl-9c60e482-b1fd-4cc4-81aa-d9340c8f8ba8/datanode-2/data/ratis/73f73552-858c-4638-a908-8f70bd2fffe2
2019-07-14 16:33:59,938 INFO  segmented.SegmentedRaftLogWorker (SegmentedRaftLogWorker.java:<init>(172)) - new 9445bbf2-462d-437b-aeef-056db19f15cb-SegmentedRaftLogWorker:Storage Directory /workdir/hadoop-ozone/integration-test/target/test-dir/MiniOzoneClusterImpl-9c60e482-b1fd-4cc4-81aa-d9340c8f8ba8/datanode-1/data/ratis/73f73552-858c-4638-a908-8f70bd2fffe2 for RaftStorage:Storage Directory /workdir/hadoop-ozone/integration-test/target/test-dir/MiniOzoneClusterImpl-9c60e482-b1fd-4cc4-81aa-d9340c8f8ba8/datanode-1/data/ratis/73f73552-858c-4638-a908-8f70bd2fffe2
2019-07-14 16:33:59,938 INFO  server.RaftServerConfigKeys (ConfUtils.java:logGet(43)) - raft.server.snapshot.auto.trigger.enabled = true (custom)
2019-07-14 16:33:59,938 INFO  server.RaftServerConfigKeys (ConfUtils.java:logGet(43)) - raft.server.log.queue.byte-limit = 2147483647 (custom)
2019-07-14 16:33:59,938 INFO  server.RaftServerConfigKeys (ConfUtils.java:logGet(43)) - raft.server.snapshot.auto.trigger.threshold = 10000 (custom)
2019-07-14 16:33:59,938 INFO  server.RaftServerConfigKeys (ConfUtils.java:logGet(43)) - raft.server.log.queue.byte-limit = 2147483647 (custom)
2019-07-14 16:33:59,939 INFO  server.RaftServerConfigKeys (ConfUtils.java:logGet(43)) - raft.server.retrycache.expirytime = 600000ms (custom)
2019-07-14 16:33:59,938 INFO  server.RaftServerConfigKeys (ConfUtils.java:logGet(43)) - raft.server.log.queue.element-limit = 1024 (custom)
2019-07-14 16:33:59,939 INFO  impl.RaftServerImpl (RaftServerImpl.java:start(180)) - fa1fe8e2-562a-401d-baea-1faeff5131b9: start group-8F70BD2FFFE2
2019-07-14 16:33:59,939 INFO  server.RaftServerConfigKeys (ConfUtils.java:logGet(43)) - raft.server.log.queue.element-limit = 1024 (custom)
2019-07-14 16:33:59,939 INFO  impl.RaftServerImpl (RaftServerImpl.java:setRole(171)) - fa1fe8e2-562a-401d-baea-1faeff5131b9:group-8F70BD2FFFE2 changes role from null to FOLLOWER at term 0 for startAsFollower
2019-07-14 16:33:59,939 INFO  server.RaftServerConfigKeys (ConfUtils.java:logGet(43)) - raft.server.log.segment.size.max = 1048576 (custom)
2019-07-14 16:33:59,939 INFO  impl.RoleInfo (RoleInfo.java:updateAndGet(143)) - fa1fe8e2-562a-401d-baea-1faeff5131b9: start FollowerState
2019-07-14 16:33:59,939 INFO  server.RaftServerConfigKeys (ConfUtils.java:logGet(43)) - raft.server.log.segment.size.max = 1048576 (custom)
2019-07-14 16:33:59,939 INFO  server.RaftServerConfigKeys (ConfUtils.java:logGet(43)) - raft.server.log.preallocated.size = 16384 (custom)
2019-07-14 16:33:59,940 INFO  util.JmxRegister (JmxRegister.java:tryRegister(44)) - Successfully registered JMX Bean with object name Ratis:service=RaftServer,group=group-8F70BD2FFFE2,id=fa1fe8e2-562a-401d-baea-1faeff5131b9
2019-07-14 16:33:59,940 INFO  server.RaftServerConfigKeys (ConfUtils.java:logGet(43)) - raft.server.log.preallocated.size = 16384 (custom)
2019-07-14 16:33:59,940 INFO  server.RaftServerConfigKeys (ConfUtils.java:logGet(43)) - raft.server.log.write.buffer.size = 33554432 (custom)
2019-07-14 16:33:59,940 INFO  server.RaftServerConfigKeys (ConfUtils.java:logGet(43)) - raft.server.log.write.buffer.size = 33554432 (custom)
2019-07-14 16:33:59,940 INFO  server.RaftServerConfigKeys (ConfUtils.java:logGet(43)) - raft.server.log.force.sync.num = 128 (default)
2019-07-14 16:33:59,941 INFO  server.RaftServerConfigKeys (ConfUtils.java:logGet(43)) - raft.server.log.force.sync.num = 128 (default)
2019-07-14 16:33:59,941 INFO  server.RaftServerConfigKeys (ConfUtils.java:logGet(43)) - raft.server.log.statemachine.data.sync = true (default)
2019-07-14 16:33:59,941 INFO  server.RaftServerConfigKeys (ConfUtils.java:logGet(43)) - raft.server.log.statemachine.data.sync = true (default)
2019-07-14 16:33:59,941 INFO  server.RaftServerConfigKeys (ConfUtils.java:logGet(43)) - raft.server.log.statemachine.data.sync.timeout = 10s (default)
2019-07-14 16:33:59,941 INFO  server.RaftServerConfigKeys (ConfUtils.java:logGet(43)) - raft.server.log.statemachine.data.sync.timeout = 10s (default)
2019-07-14 16:33:59,941 INFO  server.RaftServerConfigKeys (ConfUtils.java:logGet(43)) - raft.server.log.statemachine.data.sync.timeout.retry = -1 (default)
2019-07-14 16:33:59,942 INFO  server.RaftServerConfigKeys (ConfUtils.java:logGet(43)) - raft.server.log.statemachine.data.sync.timeout.retry = -1 (default)
2019-07-14 16:33:59,942 INFO  server.RaftServerConfigKeys (ConfUtils.java:logGet(43)) - raft.server.log.statemachine.data.caching.enabled = true (custom)
2019-07-14 16:33:59,942 INFO  server.RaftServerConfigKeys (ConfUtils.java:logGet(43)) - raft.server.log.statemachine.data.caching.enabled = true (custom)
2019-07-14 16:33:59,942 INFO  segmented.SegmentedRaftLogWorker (SegmentedRaftLogWorker.java:lambda$new$0(132)) - 40e5c344-f305-4c60-9072-015c713e3dac-SegmentedRaftLogWorker:Storage Directory /workdir/hadoop-ozone/integration-test/target/test-dir/MiniOzoneClusterImpl-9c60e482-b1fd-4cc4-81aa-d9340c8f8ba8/datanode-2/data/ratis/73f73552-858c-4638-a908-8f70bd2fffe2: flushIndex: setUnconditionally 0 -> -1
2019-07-14 16:33:59,942 INFO  segmented.SegmentedRaftLogWorker (SegmentedRaftLogWorker.java:lambda$new$0(132)) - 9445bbf2-462d-437b-aeef-056db19f15cb-SegmentedRaftLogWorker:Storage Directory /workdir/hadoop-ozone/integration-test/target/test-dir/MiniOzoneClusterImpl-9c60e482-b1fd-4cc4-81aa-d9340c8f8ba8/datanode-1/data/ratis/73f73552-858c-4638-a908-8f70bd2fffe2: flushIndex: setUnconditionally 0 -> -1
2019-07-14 16:33:59,942 INFO  server.RaftServerConfigKeys (ConfUtils.java:logGet(43)) - raft.server.snapshot.auto.trigger.enabled = true (custom)
2019-07-14 16:33:59,943 INFO  server.RaftServerConfigKeys (ConfUtils.java:logGet(43)) - raft.server.snapshot.auto.trigger.threshold = 10000 (custom)
2019-07-14 16:33:59,943 INFO  server.RaftServerConfigKeys (ConfUtils.java:logGet(43)) - raft.server.snapshot.auto.trigger.enabled = true (custom)
2019-07-14 16:33:59,943 INFO  server.RaftServerConfigKeys (ConfUtils.java:logGet(43)) - raft.server.retrycache.expirytime = 600000ms (custom)
2019-07-14 16:33:59,943 INFO  server.RaftServerConfigKeys (ConfUtils.java:logGet(43)) - raft.server.snapshot.auto.trigger.threshold = 10000 (custom)
2019-07-14 16:33:59,943 INFO  impl.RaftServerImpl (RaftServerImpl.java:start(180)) - 40e5c344-f305-4c60-9072-015c713e3dac: start group-8F70BD2FFFE2
2019-07-14 16:33:59,943 INFO  server.RaftServerConfigKeys (ConfUtils.java:logGet(43)) - raft.server.retrycache.expirytime = 600000ms (custom)
2019-07-14 16:33:59,943 INFO  impl.RaftServerImpl (RaftServerImpl.java:setRole(171)) - 40e5c344-f305-4c60-9072-015c713e3dac:group-8F70BD2FFFE2 changes role from null to FOLLOWER at term 0 for startAsFollower
2019-07-14 16:33:59,943 INFO  impl.RaftServerImpl (RaftServerImpl.java:start(180)) - 9445bbf2-462d-437b-aeef-056db19f15cb: start group-8F70BD2FFFE2
2019-07-14 16:33:59,943 INFO  impl.RoleInfo (RoleInfo.java:updateAndGet(143)) - 40e5c344-f305-4c60-9072-015c713e3dac: start FollowerState
2019-07-14 16:33:59,944 INFO  impl.RaftServerImpl (RaftServerImpl.java:setRole(171)) - 9445bbf2-462d-437b-aeef-056db19f15cb:group-8F70BD2FFFE2 changes role from null to FOLLOWER at term 0 for startAsFollower
2019-07-14 16:33:59,944 INFO  impl.RoleInfo (RoleInfo.java:updateAndGet(143)) - 9445bbf2-462d-437b-aeef-056db19f15cb: start FollowerState
2019-07-14 16:33:59,944 INFO  util.JmxRegister (JmxRegister.java:tryRegister(44)) - Successfully registered JMX Bean with object name Ratis:service=RaftServer,group=group-8F70BD2FFFE2,id=40e5c344-f305-4c60-9072-015c713e3dac
2019-07-14 16:33:59,944 INFO  util.JmxRegister (JmxRegister.java:tryRegister(44)) - Successfully registered JMX Bean with object name Ratis:service=RaftServer,group=group-8F70BD2FFFE2,id=9445bbf2-462d-437b-aeef-056db19f15cb
2019-07-14 16:33:59,946 INFO  pipeline.PipelineStateManager (PipelineStateManager.java:addPipeline(56)) - Created pipeline Pipeline[ Id: 73f73552-858c-4638-a908-8f70bd2fffe2, Nodes: fa1fe8e2-562a-401d-baea-1faeff5131b9{ip: 192.168.69.77, host: pr-hdds-1710-5x6jb-1204890111, networkLocation: /default-rack, certSerialId: null}9445bbf2-462d-437b-aeef-056db19f15cb{ip: 192.168.69.77, host: pr-hdds-1710-5x6jb-1204890111, networkLocation: /default-rack, certSerialId: null}40e5c344-f305-4c60-9072-015c713e3dac{ip: 192.168.69.77, host: pr-hdds-1710-5x6jb-1204890111, networkLocation: /default-rack, certSerialId: null}, Type:RATIS, Factor:THREE, State:OPEN]
2019-07-14 16:34:00,014 INFO  node.SCMNodeManager (SCMNodeManager.java:register(269)) - Registered Data node : 44864524-38b9-4fd5-aa68-b44cdb3418c7{ip: 192.168.69.77, host: pr-hdds-1710-5x6jb-1204890111, networkLocation: /default-rack, certSerialId: null}
2019-07-14 16:34:00,022 INFO  impl.RaftServerProxy (RaftServerProxy.java:addNew(89)) - 44864524-38b9-4fd5-aa68-b44cdb3418c7: addNew group-006489345B43:[44864524-38b9-4fd5-aa68-b44cdb3418c7:192.168.69.77:34200] returns group-006489345B43:java.util.concurrent.CompletableFuture@1b95f5f5[Not completed]
2019-07-14 16:34:00,023 INFO  impl.RaftServerImpl (RaftServerImpl.java:<init>(93)) - 44864524-38b9-4fd5-aa68-b44cdb3418c7: new RaftServerImpl for group-006489345B43:[44864524-38b9-4fd5-aa68-b44cdb3418c7:192.168.69.77:34200] with ContainerStateMachine:uninitialized
2019-07-14 16:34:00,023 INFO  server.RaftServerConfigKeys (ConfUtils.java:logGet(43)) - raft.server.rpc.timeout.min = 5s (custom)
2019-07-14 16:34:00,024 INFO  server.RaftServerConfigKeys (ConfUtils.java:logGet(43)) - raft.server.rpc.timeout.max = 5200ms (custom)
2019-07-14 16:34:00,024 INFO  server.RaftServerConfigKeys (ConfUtils.java:logGet(43)) - raft.server.rpcslowness.timeout = 120s (custom)
2019-07-14 16:34:00,024 INFO  server.RaftServerConfigKeys (ConfUtils.java:logGet(43)) - raft.server.sleep.deviation.threshold = 300 (default)
2019-07-14 16:34:00,024 INFO  server.RaftServerConfigKeys (ConfUtils.java:logGet(43)) - raft.server.log.appender.install.snapshot.enabled = false (custom)
2019-07-14 16:34:00,024 INFO  impl.RaftServerImpl (ServerState.java:<init>(105)) - 44864524-38b9-4fd5-aa68-b44cdb3418c7:group-006489345B43 ConfigurationManager, init=-1: [44864524-38b9-4fd5-aa68-b44cdb3418c7:192.168.69.77:34200], old=null, confs=<EMPTY_MAP>
2019-07-14 16:34:00,024 INFO  server.RaftServerConfigKeys (ConfUtils.java:logGet(43)) - raft.server.storage.dir = [/workdir/hadoop-ozone/integration-test/target/test-dir/MiniOzoneClusterImpl-9c60e482-b1fd-4cc4-81aa-d9340c8f8ba8/datanode-3/data/ratis] (custom)
2019-07-14 16:34:00,025 INFO  storage.RaftStorageDirectory (RaftStorageDirectory.java:analyzeStorage(246)) - The storage directory /workdir/hadoop-ozone/integration-test/target/test-dir/MiniOzoneClusterImpl-9c60e482-b1fd-4cc4-81aa-d9340c8f8ba8/datanode-3/data/ratis/80076c21-8290-444e-bf23-006489345b43 does not exist. Creating ...
2019-07-14 16:34:00,038 INFO  storage.RaftStorageDirectory (RaftStorageDirectory.java:tryLock(328)) - Lock on /workdir/hadoop-ozone/integration-test/target/test-dir/MiniOzoneClusterImpl-9c60e482-b1fd-4cc4-81aa-d9340c8f8ba8/datanode-3/data/ratis/80076c21-8290-444e-bf23-006489345b43/in_use.lock acquired by nodename 13169@pr-hdds-1710-5x6jb-1204890111
2019-07-14 16:34:00,042 INFO  storage.RaftStorage (RaftStorage.java:format(72)) - Storage directory /workdir/hadoop-ozone/integration-test/target/test-dir/MiniOzoneClusterImpl-9c60e482-b1fd-4cc4-81aa-d9340c8f8ba8/datanode-3/data/ratis/80076c21-8290-444e-bf23-006489345b43 has been successfully formatted.
2019-07-14 16:34:00,042 INFO  ratis.ContainerStateMachine (ContainerStateMachine.java:loadSnapshot(200)) - The snapshot info is null.Setting the last applied index to:(t:0, i:~)
2019-07-14 16:34:00,042 INFO  server.RaftServerConfigKeys (ConfUtils.java:logGet(43)) - raft.server.leader.election.timeout = 120s (custom)
2019-07-14 16:34:00,042 INFO  server.RaftServerConfigKeys (ConfUtils.java:logGet(43)) - raft.server.log.use.memory = false (default)
2019-07-14 16:34:00,043 INFO  server.RaftServerConfigKeys (ConfUtils.java:logGet(43)) - raft.server.log.purge.gap = 1000000000 (custom)
2019-07-14 16:34:00,043 INFO  server.RaftServerConfigKeys (ConfUtils.java:logGet(43)) - raft.server.log.appender.buffer.byte-limit = 33554432 (custom)
2019-07-14 16:34:00,043 INFO  server.RaftServerConfigKeys (ConfUtils.java:logGet(43)) - raft.server.log.segment.size.max = 1048576 (custom)
2019-07-14 16:34:00,043 INFO  server.RaftServerConfigKeys (ConfUtils.java:logGet(43)) - raft.server.log.segment.cache.num.max = 2 (custom)
2019-07-14 16:34:00,043 INFO  segmented.SegmentedRaftLogWorker (SegmentedRaftLogWorker.java:<init>(172)) - new 44864524-38b9-4fd5-aa68-b44cdb3418c7-SegmentedRaftLogWorker:Storage Directory /workdir/hadoop-ozone/integration-test/target/test-dir/MiniOzoneClusterImpl-9c60e482-b1fd-4cc4-81aa-d9340c8f8ba8/datanode-3/data/ratis/80076c21-8290-444e-bf23-006489345b43 for RaftStorage:Storage Directory /workdir/hadoop-ozone/integration-test/target/test-dir/MiniOzoneClusterImpl-9c60e482-b1fd-4cc4-81aa-d9340c8f8ba8/datanode-3/data/ratis/80076c21-8290-444e-bf23-006489345b43
2019-07-14 16:34:00,043 INFO  server.RaftServerConfigKeys (ConfUtils.java:logGet(43)) - raft.server.log.queue.byte-limit = 2147483647 (custom)
2019-07-14 16:34:00,044 INFO  server.RaftServerConfigKeys (ConfUtils.java:logGet(43)) - raft.server.log.queue.element-limit = 1024 (custom)
2019-07-14 16:34:00,044 INFO  server.RaftServerConfigKeys (ConfUtils.java:logGet(43)) - raft.server.log.segment.size.max = 1048576 (custom)
2019-07-14 16:34:00,044 INFO  server.RaftServerConfigKeys (ConfUtils.java:logGet(43)) - raft.server.log.preallocated.size = 16384 (custom)
2019-07-14 16:34:00,044 INFO  server.RaftServerConfigKeys (ConfUtils.java:logGet(43)) - raft.server.log.write.buffer.size = 33554432 (custom)
2019-07-14 16:34:00,044 INFO  server.RaftServerConfigKeys (ConfUtils.java:logGet(43)) - raft.server.log.force.sync.num = 128 (default)
2019-07-14 16:34:00,044 INFO  server.RaftServerConfigKeys (ConfUtils.java:logGet(43)) - raft.server.log.statemachine.data.sync = true (default)
2019-07-14 16:34:00,045 INFO  server.RaftServerConfigKeys (ConfUtils.java:logGet(43)) - raft.server.log.statemachine.data.sync.timeout = 10s (default)
2019-07-14 16:34:00,045 INFO  server.RaftServerConfigKeys (ConfUtils.java:logGet(43)) - raft.server.log.statemachine.data.sync.timeout.retry = -1 (default)
2019-07-14 16:34:00,045 INFO  server.RaftServerConfigKeys (ConfUtils.java:logGet(43)) - raft.server.log.statemachine.data.caching.enabled = true (custom)
2019-07-14 16:34:00,045 INFO  segmented.SegmentedRaftLogWorker (SegmentedRaftLogWorker.java:lambda$new$0(132)) - 44864524-38b9-4fd5-aa68-b44cdb3418c7-SegmentedRaftLogWorker:Storage Directory /workdir/hadoop-ozone/integration-test/target/test-dir/MiniOzoneClusterImpl-9c60e482-b1fd-4cc4-81aa-d9340c8f8ba8/datanode-3/data/ratis/80076c21-8290-444e-bf23-006489345b43: flushIndex: setUnconditionally 0 -> -1
2019-07-14 16:34:00,046 INFO  server.RaftServerConfigKeys (ConfUtils.java:logGet(43)) - raft.server.snapshot.auto.trigger.enabled = true (custom)
2019-07-14 16:34:00,046 INFO  server.RaftServerConfigKeys (ConfUtils.java:logGet(43)) - raft.server.snapshot.auto.trigger.threshold = 10000 (custom)
2019-07-14 16:34:00,046 INFO  server.RaftServerConfigKeys (ConfUtils.java:logGet(43)) - raft.server.retrycache.expirytime = 600000ms (custom)
2019-07-14 16:34:00,046 INFO  impl.RaftServerImpl (RaftServerImpl.java:start(180)) - 44864524-38b9-4fd5-aa68-b44cdb3418c7: start group-006489345B43
2019-07-14 16:34:00,046 INFO  impl.RaftServerImpl (RaftServerImpl.java:setRole(171)) - 44864524-38b9-4fd5-aa68-b44cdb3418c7:group-006489345B43 changes role from null to FOLLOWER at term 0 for startAsFollower
2019-07-14 16:34:00,046 INFO  impl.RoleInfo (RoleInfo.java:updateAndGet(143)) - 44864524-38b9-4fd5-aa68-b44cdb3418c7: start FollowerState
2019-07-14 16:34:00,047 INFO  util.JmxRegister (JmxRegister.java:tryRegister(44)) - Successfully registered JMX Bean with object name Ratis:service=RaftServer,group=group-006489345B43,id=44864524-38b9-4fd5-aa68-b44cdb3418c7
2019-07-14 16:34:00,049 INFO  pipeline.PipelineStateManager (PipelineStateManager.java:addPipeline(56)) - Created pipeline Pipeline[ Id: 80076c21-8290-444e-bf23-006489345b43, Nodes: 44864524-38b9-4fd5-aa68-b44cdb3418c7{ip: 192.168.69.77, host: pr-hdds-1710-5x6jb-1204890111, networkLocation: /default-rack, certSerialId: null}, Type:RATIS, Factor:ONE, State:OPEN]
2019-07-14 16:34:00,181 INFO  node.SCMNodeManager (SCMNodeManager.java:register(269)) - Registered Data node : b0dc493c-1720-4638-b385-57fe15548c4a{ip: 192.168.69.77, host: pr-hdds-1710-5x6jb-1204890111, networkLocation: /default-rack, certSerialId: null}
2019-07-14 16:34:00,188 INFO  impl.RaftServerProxy (RaftServerProxy.java:addNew(89)) - b0dc493c-1720-4638-b385-57fe15548c4a: addNew group-56B6167D8C9F:[b0dc493c-1720-4638-b385-57fe15548c4a:192.168.69.77:38428] returns group-56B6167D8C9F:java.util.concurrent.CompletableFuture@1e1ddce7[Not completed]
2019-07-14 16:34:00,189 INFO  impl.RaftServerImpl (RaftServerImpl.java:<init>(93)) - b0dc493c-1720-4638-b385-57fe15548c4a: new RaftServerImpl for group-56B6167D8C9F:[b0dc493c-1720-4638-b385-57fe15548c4a:192.168.69.77:38428] with ContainerStateMachine:uninitialized
2019-07-14 16:34:00,189 INFO  server.RaftServerConfigKeys (ConfUtils.java:logGet(43)) - raft.server.rpc.timeout.min = 5s (custom)
2019-07-14 16:34:00,189 INFO  server.RaftServerConfigKeys (ConfUtils.java:logGet(43)) - raft.server.rpc.timeout.max = 5200ms (custom)
2019-07-14 16:34:00,189 INFO  server.RaftServerConfigKeys (ConfUtils.java:logGet(43)) - raft.server.rpcslowness.timeout = 120s (custom)
2019-07-14 16:34:00,189 INFO  server.RaftServerConfigKeys (ConfUtils.java:logGet(43)) - raft.server.sleep.deviation.threshold = 300 (default)
2019-07-14 16:34:00,190 INFO  server.RaftServerConfigKeys (ConfUtils.java:logGet(43)) - raft.server.log.appender.install.snapshot.enabled = false (custom)
2019-07-14 16:34:00,190 INFO  impl.RaftServerImpl (ServerState.java:<init>(105)) - b0dc493c-1720-4638-b385-57fe15548c4a:group-56B6167D8C9F ConfigurationManager, init=-1: [b0dc493c-1720-4638-b385-57fe15548c4a:192.168.69.77:38428], old=null, confs=<EMPTY_MAP>
2019-07-14 16:34:00,190 INFO  server.RaftServerConfigKeys (ConfUtils.java:logGet(43)) - raft.server.storage.dir = [/workdir/hadoop-ozone/integration-test/target/test-dir/MiniOzoneClusterImpl-9c60e482-b1fd-4cc4-81aa-d9340c8f8ba8/datanode-4/data/ratis] (custom)
2019-07-14 16:34:00,190 INFO  storage.RaftStorageDirectory (RaftStorageDirectory.java:analyzeStorage(246)) - The storage directory /workdir/hadoop-ozone/integration-test/target/test-dir/MiniOzoneClusterImpl-9c60e482-b1fd-4cc4-81aa-d9340c8f8ba8/datanode-4/data/ratis/049ea0cb-412a-4675-8c2d-56b6167d8c9f does not exist. Creating ...
2019-07-14 16:34:00,204 INFO  storage.RaftStorageDirectory (RaftStorageDirectory.java:tryLock(328)) - Lock on /workdir/hadoop-ozone/integration-test/target/test-dir/MiniOzoneClusterImpl-9c60e482-b1fd-4cc4-81aa-d9340c8f8ba8/datanode-4/data/ratis/049ea0cb-412a-4675-8c2d-56b6167d8c9f/in_use.lock acquired by nodename 13169@pr-hdds-1710-5x6jb-1204890111
2019-07-14 16:34:00,217 INFO  storage.RaftStorage (RaftStorage.java:format(72)) - Storage directory /workdir/hadoop-ozone/integration-test/target/test-dir/MiniOzoneClusterImpl-9c60e482-b1fd-4cc4-81aa-d9340c8f8ba8/datanode-4/data/ratis/049ea0cb-412a-4675-8c2d-56b6167d8c9f has been successfully formatted.
2019-07-14 16:34:00,218 INFO  ratis.ContainerStateMachine (ContainerStateMachine.java:loadSnapshot(200)) - The snapshot info is null.Setting the last applied index to:(t:0, i:~)
2019-07-14 16:34:00,218 INFO  server.RaftServerConfigKeys (ConfUtils.java:logGet(43)) - raft.server.leader.election.timeout = 120s (custom)
2019-07-14 16:34:00,218 INFO  server.RaftServerConfigKeys (ConfUtils.java:logGet(43)) - raft.server.log.use.memory = false (default)
2019-07-14 16:34:00,218 INFO  server.RaftServerConfigKeys (ConfUtils.java:logGet(43)) - raft.server.log.purge.gap = 1000000000 (custom)
2019-07-14 16:34:00,218 INFO  server.RaftServerConfigKeys (ConfUtils.java:logGet(43)) - raft.server.log.appender.buffer.byte-limit = 33554432 (custom)
2019-07-14 16:34:00,219 INFO  server.RaftServerConfigKeys (ConfUtils.java:logGet(43)) - raft.server.log.segment.size.max = 1048576 (custom)
2019-07-14 16:34:00,219 INFO  server.RaftServerConfigKeys (ConfUtils.java:logGet(43)) - raft.server.log.segment.cache.num.max = 2 (custom)
2019-07-14 16:34:00,219 INFO  segmented.SegmentedRaftLogWorker (SegmentedRaftLogWorker.java:<init>(172)) - new b0dc493c-1720-4638-b385-57fe15548c4a-SegmentedRaftLogWorker:Storage Directory /workdir/hadoop-ozone/integration-test/target/test-dir/MiniOzoneClusterImpl-9c60e482-b1fd-4cc4-81aa-d9340c8f8ba8/datanode-4/data/ratis/049ea0cb-412a-4675-8c2d-56b6167d8c9f for RaftStorage:Storage Directory /workdir/hadoop-ozone/integration-test/target/test-dir/MiniOzoneClusterImpl-9c60e482-b1fd-4cc4-81aa-d9340c8f8ba8/datanode-4/data/ratis/049ea0cb-412a-4675-8c2d-56b6167d8c9f
2019-07-14 16:34:00,219 INFO  server.RaftServerConfigKeys (ConfUtils.java:logGet(43)) - raft.server.log.queue.byte-limit = 2147483647 (custom)
2019-07-14 16:34:00,219 INFO  server.RaftServerConfigKeys (ConfUtils.java:logGet(43)) - raft.server.log.queue.element-limit = 1024 (custom)
2019-07-14 16:34:00,220 INFO  server.RaftServerConfigKeys (ConfUtils.java:logGet(43)) - raft.server.log.segment.size.max = 1048576 (custom)
2019-07-14 16:34:00,220 INFO  server.RaftServerConfigKeys (ConfUtils.java:logGet(43)) - raft.server.log.preallocated.size = 16384 (custom)
2019-07-14 16:34:00,220 INFO  server.RaftServerConfigKeys (ConfUtils.java:logGet(43)) - raft.server.log.write.buffer.size = 33554432 (custom)
2019-07-14 16:34:00,220 INFO  server.RaftServerConfigKeys (ConfUtils.java:logGet(43)) - raft.server.log.force.sync.num = 128 (default)
2019-07-14 16:34:00,220 INFO  server.RaftServerConfigKeys (ConfUtils.java:logGet(43)) - raft.server.log.statemachine.data.sync = true (default)
2019-07-14 16:34:00,220 INFO  server.RaftServerConfigKeys (ConfUtils.java:logGet(43)) - raft.server.log.statemachine.data.sync.timeout = 10s (default)
2019-07-14 16:34:00,220 INFO  server.RaftServerConfigKeys (ConfUtils.java:logGet(43)) - raft.server.log.statemachine.data.sync.timeout.retry = -1 (default)
2019-07-14 16:34:00,221 INFO  server.RaftServerConfigKeys (ConfUtils.java:logGet(43)) - raft.server.log.statemachine.data.caching.enabled = true (custom)
2019-07-14 16:34:00,221 INFO  segmented.SegmentedRaftLogWorker (SegmentedRaftLogWorker.java:lambda$new$0(132)) - b0dc493c-1720-4638-b385-57fe15548c4a-SegmentedRaftLogWorker:Storage Directory /workdir/hadoop-ozone/integration-test/target/test-dir/MiniOzoneClusterImpl-9c60e482-b1fd-4cc4-81aa-d9340c8f8ba8/datanode-4/data/ratis/049ea0cb-412a-4675-8c2d-56b6167d8c9f: flushIndex: setUnconditionally 0 -> -1
2019-07-14 16:34:00,221 INFO  server.RaftServerConfigKeys (ConfUtils.java:logGet(43)) - raft.server.snapshot.auto.trigger.enabled = true (custom)
2019-07-14 16:34:00,222 INFO  server.RaftServerConfigKeys (ConfUtils.java:logGet(43)) - raft.server.snapshot.auto.trigger.threshold = 10000 (custom)
2019-07-14 16:34:00,222 INFO  server.RaftServerConfigKeys (ConfUtils.java:logGet(43)) - raft.server.retrycache.expirytime = 600000ms (custom)
2019-07-14 16:34:00,222 INFO  impl.RaftServerImpl (RaftServerImpl.java:start(180)) - b0dc493c-1720-4638-b385-57fe15548c4a: start group-56B6167D8C9F
2019-07-14 16:34:00,222 INFO  impl.RaftServerImpl (RaftServerImpl.java:setRole(171)) - b0dc493c-1720-4638-b385-57fe15548c4a:group-56B6167D8C9F changes role from null to FOLLOWER at term 0 for startAsFollower
2019-07-14 16:34:00,222 INFO  impl.RoleInfo (RoleInfo.java:updateAndGet(143)) - b0dc493c-1720-4638-b385-57fe15548c4a: start FollowerState
2019-07-14 16:34:00,223 INFO  util.JmxRegister (JmxRegister.java:tryRegister(44)) - Successfully registered JMX Bean with object name Ratis:service=RaftServer,group=group-56B6167D8C9F,id=b0dc493c-1720-4638-b385-57fe15548c4a
2019-07-14 16:34:00,225 INFO  pipeline.PipelineStateManager (PipelineStateManager.java:addPipeline(56)) - Created pipeline Pipeline[ Id: 049ea0cb-412a-4675-8c2d-56b6167d8c9f, Nodes: b0dc493c-1720-4638-b385-57fe15548c4a{ip: 192.168.69.77, host: pr-hdds-1710-5x6jb-1204890111, networkLocation: /default-rack, certSerialId: null}, Type:RATIS, Factor:ONE, State:OPEN]
2019-07-14 16:34:00,351 INFO  node.SCMNodeManager (SCMNodeManager.java:register(269)) - Registered Data node : e796987e-4e8a-47d2-b556-5927fd53432f{ip: 192.168.69.77, host: pr-hdds-1710-5x6jb-1204890111, networkLocation: /default-rack, certSerialId: null}
2019-07-14 16:34:00,357 INFO  impl.RaftServerProxy (RaftServerProxy.java:addNew(89)) - e796987e-4e8a-47d2-b556-5927fd53432f: addNew group-F8789A28EDBF:[e796987e-4e8a-47d2-b556-5927fd53432f:192.168.69.77:35801] returns group-F8789A28EDBF:java.util.concurrent.CompletableFuture@63b44adf[Not completed]
2019-07-14 16:34:00,358 INFO  impl.RaftServerImpl (RaftServerImpl.java:<init>(93)) - e796987e-4e8a-47d2-b556-5927fd53432f: new RaftServerImpl for group-F8789A28EDBF:[e796987e-4e8a-47d2-b556-5927fd53432f:192.168.69.77:35801] with ContainerStateMachine:uninitialized
2019-07-14 16:34:00,358 INFO  server.RaftServerConfigKeys (ConfUtils.java:logGet(43)) - raft.server.rpc.timeout.min = 5s (custom)
2019-07-14 16:34:00,358 INFO  server.RaftServerConfigKeys (ConfUtils.java:logGet(43)) - raft.server.rpc.timeout.max = 5200ms (custom)
2019-07-14 16:34:00,358 INFO  server.RaftServerConfigKeys (ConfUtils.java:logGet(43)) - raft.server.rpcslowness.timeout = 120s (custom)
2019-07-14 16:34:00,358 INFO  server.RaftServerConfigKeys (ConfUtils.java:logGet(43)) - raft.server.sleep.deviation.threshold = 300 (default)
2019-07-14 16:34:00,359 INFO  server.RaftServerConfigKeys (ConfUtils.java:logGet(43)) - raft.server.log.appender.install.snapshot.enabled = false (custom)
2019-07-14 16:34:00,359 INFO  impl.RaftServerImpl (ServerState.java:<init>(105)) - e796987e-4e8a-47d2-b556-5927fd53432f:group-F8789A28EDBF ConfigurationManager, init=-1: [e796987e-4e8a-47d2-b556-5927fd53432f:192.168.69.77:35801], old=null, confs=<EMPTY_MAP>
2019-07-14 16:34:00,359 INFO  server.RaftServerConfigKeys (ConfUtils.java:logGet(43)) - raft.server.storage.dir = [/workdir/hadoop-ozone/integration-test/target/test-dir/MiniOzoneClusterImpl-9c60e482-b1fd-4cc4-81aa-d9340c8f8ba8/datanode-5/data/ratis] (custom)
2019-07-14 16:34:00,359 INFO  storage.RaftStorageDirectory (RaftStorageDirectory.java:analyzeStorage(246)) - The storage directory /workdir/hadoop-ozone/integration-test/target/test-dir/MiniOzoneClusterImpl-9c60e482-b1fd-4cc4-81aa-d9340c8f8ba8/datanode-5/data/ratis/6152f340-aae4-4f04-bc4a-f8789a28edbf does not exist. Creating ...
2019-07-14 16:34:00,373 INFO  storage.RaftStorageDirectory (RaftStorageDirectory.java:tryLock(328)) - Lock on /workdir/hadoop-ozone/integration-test/target/test-dir/MiniOzoneClusterImpl-9c60e482-b1fd-4cc4-81aa-d9340c8f8ba8/datanode-5/data/ratis/6152f340-aae4-4f04-bc4a-f8789a28edbf/in_use.lock acquired by nodename 13169@pr-hdds-1710-5x6jb-1204890111
2019-07-14 16:34:00,386 INFO  storage.RaftStorage (RaftStorage.java:format(72)) - Storage directory /workdir/hadoop-ozone/integration-test/target/test-dir/MiniOzoneClusterImpl-9c60e482-b1fd-4cc4-81aa-d9340c8f8ba8/datanode-5/data/ratis/6152f340-aae4-4f04-bc4a-f8789a28edbf has been successfully formatted.
2019-07-14 16:34:00,386 INFO  ratis.ContainerStateMachine (ContainerStateMachine.java:loadSnapshot(200)) - The snapshot info is null.Setting the last applied index to:(t:0, i:~)
2019-07-14 16:34:00,386 INFO  server.RaftServerConfigKeys (ConfUtils.java:logGet(43)) - raft.server.leader.election.timeout = 120s (custom)
2019-07-14 16:34:00,386 INFO  server.RaftServerConfigKeys (ConfUtils.java:logGet(43)) - raft.server.log.use.memory = false (default)
2019-07-14 16:34:00,386 INFO  server.RaftServerConfigKeys (ConfUtils.java:logGet(43)) - raft.server.log.purge.gap = 1000000000 (custom)
2019-07-14 16:34:00,386 INFO  server.RaftServerConfigKeys (ConfUtils.java:logGet(43)) - raft.server.log.appender.buffer.byte-limit = 33554432 (custom)
2019-07-14 16:34:00,387 INFO  server.RaftServerConfigKeys (ConfUtils.java:logGet(43)) - raft.server.log.segment.size.max = 1048576 (custom)
2019-07-14 16:34:00,387 INFO  server.RaftServerConfigKeys (ConfUtils.java:logGet(43)) - raft.server.log.segment.cache.num.max = 2 (custom)
2019-07-14 16:34:00,387 INFO  segmented.SegmentedRaftLogWorker (SegmentedRaftLogWorker.java:<init>(172)) - new e796987e-4e8a-47d2-b556-5927fd53432f-SegmentedRaftLogWorker:Storage Directory /workdir/hadoop-ozone/integration-test/target/test-dir/MiniOzoneClusterImpl-9c60e482-b1fd-4cc4-81aa-d9340c8f8ba8/datanode-5/data/ratis/6152f340-aae4-4f04-bc4a-f8789a28edbf for RaftStorage:Storage Directory /workdir/hadoop-ozone/integration-test/target/test-dir/MiniOzoneClusterImpl-9c60e482-b1fd-4cc4-81aa-d9340c8f8ba8/datanode-5/data/ratis/6152f340-aae4-4f04-bc4a-f8789a28edbf
2019-07-14 16:34:00,387 INFO  server.RaftServerConfigKeys (ConfUtils.java:logGet(43)) - raft.server.log.queue.byte-limit = 2147483647 (custom)
2019-07-14 16:34:00,387 INFO  server.RaftServerConfigKeys (ConfUtils.java:logGet(43)) - raft.server.log.queue.element-limit = 1024 (custom)
2019-07-14 16:34:00,387 INFO  server.RaftServerConfigKeys (ConfUtils.java:logGet(43)) - raft.server.log.segment.size.max = 1048576 (custom)
2019-07-14 16:34:00,388 INFO  server.RaftServerConfigKeys (ConfUtils.java:logGet(43)) - raft.server.log.preallocated.size = 16384 (custom)
2019-07-14 16:34:00,388 INFO  server.RaftServerConfigKeys (ConfUtils.java:logGet(43)) - raft.server.log.write.buffer.size = 33554432 (custom)
2019-07-14 16:34:00,388 INFO  server.RaftServerConfigKeys (ConfUtils.java:logGet(43)) - raft.server.log.force.sync.num = 128 (default)
2019-07-14 16:34:00,388 INFO  server.RaftServerConfigKeys (ConfUtils.java:logGet(43)) - raft.server.log.statemachine.data.sync = true (default)
2019-07-14 16:34:00,388 INFO  server.RaftServerConfigKeys (ConfUtils.java:logGet(43)) - raft.server.log.statemachine.data.sync.timeout = 10s (default)
2019-07-14 16:34:00,388 INFO  server.RaftServerConfigKeys (ConfUtils.java:logGet(43)) - raft.server.log.statemachine.data.sync.timeout.retry = -1 (default)
2019-07-14 16:34:00,388 INFO  server.RaftServerConfigKeys (ConfUtils.java:logGet(43)) - raft.server.log.statemachine.data.caching.enabled = true (custom)
2019-07-14 16:34:00,389 INFO  segmented.SegmentedRaftLogWorker (SegmentedRaftLogWorker.java:lambda$new$0(132)) - e796987e-4e8a-47d2-b556-5927fd53432f-SegmentedRaftLogWorker:Storage Directory /workdir/hadoop-ozone/integration-test/target/test-dir/MiniOzoneClusterImpl-9c60e482-b1fd-4cc4-81aa-d9340c8f8ba8/datanode-5/data/ratis/6152f340-aae4-4f04-bc4a-f8789a28edbf: flushIndex: setUnconditionally 0 -> -1
2019-07-14 16:34:00,389 INFO  server.RaftServerConfigKeys (ConfUtils.java:logGet(43)) - raft.server.snapshot.auto.trigger.enabled = true (custom)
2019-07-14 16:34:00,389 INFO  server.RaftServerConfigKeys (ConfUtils.java:logGet(43)) - raft.server.snapshot.auto.trigger.threshold = 10000 (custom)
2019-07-14 16:34:00,389 INFO  server.RaftServerConfigKeys (ConfUtils.java:logGet(43)) - raft.server.retrycache.expirytime = 600000ms (custom)
2019-07-14 16:34:00,390 INFO  impl.RaftServerImpl (RaftServerImpl.java:start(180)) - e796987e-4e8a-47d2-b556-5927fd53432f: start group-F8789A28EDBF
2019-07-14 16:34:00,390 INFO  impl.RaftServerImpl (RaftServerImpl.java:setRole(171)) - e796987e-4e8a-47d2-b556-5927fd53432f:group-F8789A28EDBF changes role from null to FOLLOWER at term 0 for startAsFollower
2019-07-14 16:34:00,390 INFO  impl.RoleInfo (RoleInfo.java:updateAndGet(143)) - e796987e-4e8a-47d2-b556-5927fd53432f: start FollowerState
2019-07-14 16:34:00,390 INFO  util.JmxRegister (JmxRegister.java:tryRegister(44)) - Successfully registered JMX Bean with object name Ratis:service=RaftServer,group=group-F8789A28EDBF,id=e796987e-4e8a-47d2-b556-5927fd53432f
2019-07-14 16:34:00,392 INFO  pipeline.PipelineStateManager (PipelineStateManager.java:addPipeline(56)) - Created pipeline Pipeline[ Id: 6152f340-aae4-4f04-bc4a-f8789a28edbf, Nodes: e796987e-4e8a-47d2-b556-5927fd53432f{ip: 192.168.69.77, host: pr-hdds-1710-5x6jb-1204890111, networkLocation: /default-rack, certSerialId: null}, Type:RATIS, Factor:ONE, State:OPEN]
2019-07-14 16:34:00,407 INFO  impl.RaftServerProxy (RaftServerProxy.java:addNew(89)) - e796987e-4e8a-47d2-b556-5927fd53432f: addNew group-B969C313150D:[44864524-38b9-4fd5-aa68-b44cdb3418c7:192.168.69.77:34200, b0dc493c-1720-4638-b385-57fe15548c4a:192.168.69.77:38428, e796987e-4e8a-47d2-b556-5927fd53432f:192.168.69.77:35801] returns group-B969C313150D:java.util.concurrent.CompletableFuture@305d77cd[Not completed]
2019-07-14 16:34:00,407 INFO  impl.RaftServerProxy (RaftServerProxy.java:addNew(89)) - 44864524-38b9-4fd5-aa68-b44cdb3418c7: addNew group-B969C313150D:[44864524-38b9-4fd5-aa68-b44cdb3418c7:192.168.69.77:34200, b0dc493c-1720-4638-b385-57fe15548c4a:192.168.69.77:38428, e796987e-4e8a-47d2-b556-5927fd53432f:192.168.69.77:35801] returns group-B969C313150D:java.util.concurrent.CompletableFuture@245e4589[Not completed]
2019-07-14 16:34:00,407 INFO  impl.RaftServerProxy (RaftServerProxy.java:addNew(89)) - b0dc493c-1720-4638-b385-57fe15548c4a: addNew group-B969C313150D:[44864524-38b9-4fd5-aa68-b44cdb3418c7:192.168.69.77:34200, b0dc493c-1720-4638-b385-57fe15548c4a:192.168.69.77:38428, e796987e-4e8a-47d2-b556-5927fd53432f:192.168.69.77:35801] returns group-B969C313150D:java.util.concurrent.CompletableFuture@5b7a5cb5[Not completed]
2019-07-14 16:34:00,407 INFO  impl.RaftServerImpl (RaftServerImpl.java:<init>(93)) - e796987e-4e8a-47d2-b556-5927fd53432f: new RaftServerImpl for group-B969C313150D:[44864524-38b9-4fd5-aa68-b44cdb3418c7:192.168.69.77:34200, b0dc493c-1720-4638-b385-57fe15548c4a:192.168.69.77:38428, e796987e-4e8a-47d2-b556-5927fd53432f:192.168.69.77:35801] with ContainerStateMachine:uninitialized
2019-07-14 16:34:00,408 INFO  server.RaftServerConfigKeys (ConfUtils.java:logGet(43)) - raft.server.rpc.timeout.min = 5s (custom)
2019-07-14 16:34:00,408 INFO  server.RaftServerConfigKeys (ConfUtils.java:logGet(43)) - raft.server.rpc.timeout.max = 5200ms (custom)
2019-07-14 16:34:00,408 INFO  server.RaftServerConfigKeys (ConfUtils.java:logGet(43)) - raft.server.rpcslowness.timeout = 120s (custom)
2019-07-14 16:34:00,408 INFO  impl.RaftServerImpl (RaftServerImpl.java:<init>(93)) - 44864524-38b9-4fd5-aa68-b44cdb3418c7: new RaftServerImpl for group-B969C313150D:[44864524-38b9-4fd5-aa68-b44cdb3418c7:192.168.69.77:34200, b0dc493c-1720-4638-b385-57fe15548c4a:192.168.69.77:38428, e796987e-4e8a-47d2-b556-5927fd53432f:192.168.69.77:35801] with ContainerStateMachine:uninitialized
2019-07-14 16:34:00,408 INFO  server.RaftServerConfigKeys (ConfUtils.java:logGet(43)) - raft.server.sleep.deviation.threshold = 300 (default)
2019-07-14 16:34:00,408 INFO  server.RaftServerConfigKeys (ConfUtils.java:logGet(43)) - raft.server.rpc.timeout.min = 5s (custom)
2019-07-14 16:34:00,408 INFO  impl.RaftServerImpl (RaftServerImpl.java:<init>(93)) - b0dc493c-1720-4638-b385-57fe15548c4a: new RaftServerImpl for group-B969C313150D:[44864524-38b9-4fd5-aa68-b44cdb3418c7:192.168.69.77:34200, b0dc493c-1720-4638-b385-57fe15548c4a:192.168.69.77:38428, e796987e-4e8a-47d2-b556-5927fd53432f:192.168.69.77:35801] with ContainerStateMachine:uninitialized
2019-07-14 16:34:00,408 INFO  server.RaftServerConfigKeys (ConfUtils.java:logGet(43)) - raft.server.log.appender.install.snapshot.enabled = false (custom)
2019-07-14 16:34:00,409 INFO  server.RaftServerConfigKeys (ConfUtils.java:logGet(43)) - raft.server.rpc.timeout.min = 5s (custom)
2019-07-14 16:34:00,409 INFO  server.RaftServerConfigKeys (ConfUtils.java:logGet(43)) - raft.server.rpc.timeout.max = 5200ms (custom)
2019-07-14 16:34:00,408 INFO  server.RaftServerConfigKeys (ConfUtils.java:logGet(43)) - raft.server.rpc.timeout.max = 5200ms (custom)
2019-07-14 16:34:00,409 INFO  server.RaftServerConfigKeys (ConfUtils.java:logGet(43)) - raft.server.rpcslowness.timeout = 120s (custom)
2019-07-14 16:34:00,409 INFO  server.RaftServerConfigKeys (ConfUtils.java:logGet(43)) - raft.server.sleep.deviation.threshold = 300 (default)
2019-07-14 16:34:00,409 INFO  impl.RaftServerImpl (ServerState.java:<init>(105)) - e796987e-4e8a-47d2-b556-5927fd53432f:group-B969C313150D ConfigurationManager, init=-1: [44864524-38b9-4fd5-aa68-b44cdb3418c7:192.168.69.77:34200, b0dc493c-1720-4638-b385-57fe15548c4a:192.168.69.77:38428, e796987e-4e8a-47d2-b556-5927fd53432f:192.168.69.77:35801], old=null, confs=<EMPTY_MAP>
2019-07-14 16:34:00,409 INFO  server.RaftServerConfigKeys (ConfUtils.java:logGet(43)) - raft.server.log.appender.install.snapshot.enabled = false (custom)
2019-07-14 16:34:00,409 INFO  server.RaftServerConfigKeys (ConfUtils.java:logGet(43)) - raft.server.rpcslowness.timeout = 120s (custom)
2019-07-14 16:34:00,410 INFO  impl.RaftServerImpl (ServerState.java:<init>(105)) - b0dc493c-1720-4638-b385-57fe15548c4a:group-B969C313150D ConfigurationManager, init=-1: [44864524-38b9-4fd5-aa68-b44cdb3418c7:192.168.69.77:34200, b0dc493c-1720-4638-b385-57fe15548c4a:192.168.69.77:38428, e796987e-4e8a-47d2-b556-5927fd53432f:192.168.69.77:35801], old=null, confs=<EMPTY_MAP>
2019-07-14 16:34:00,410 INFO  server.RaftServerConfigKeys (ConfUtils.java:logGet(43)) - raft.server.storage.dir = [/workdir/hadoop-ozone/integration-test/target/test-dir/MiniOzoneClusterImpl-9c60e482-b1fd-4cc4-81aa-d9340c8f8ba8/datanode-5/data/ratis] (custom)
2019-07-14 16:34:00,410 INFO  server.RaftServerConfigKeys (ConfUtils.java:logGet(43)) - raft.server.storage.dir = [/workdir/hadoop-ozone/integration-test/target/test-dir/MiniOzoneClusterImpl-9c60e482-b1fd-4cc4-81aa-d9340c8f8ba8/datanode-4/data/ratis] (custom)
2019-07-14 16:34:00,410 INFO  server.RaftServerConfigKeys (ConfUtils.java:logGet(43)) - raft.server.sleep.deviation.threshold = 300 (default)
2019-07-14 16:34:00,411 INFO  storage.RaftStorageDirectory (RaftStorageDirectory.java:analyzeStorage(246)) - The storage directory /workdir/hadoop-ozone/integration-test/target/test-dir/MiniOzoneClusterImpl-9c60e482-b1fd-4cc4-81aa-d9340c8f8ba8/datanode-5/data/ratis/ce930d66-4a82-46cc-949d-b969c313150d does not exist. Creating ...
2019-07-14 16:34:00,411 INFO  server.RaftServerConfigKeys (ConfUtils.java:logGet(43)) - raft.server.log.appender.install.snapshot.enabled = false (custom)
2019-07-14 16:34:00,411 INFO  storage.RaftStorageDirectory (RaftStorageDirectory.java:analyzeStorage(246)) - The storage directory /workdir/hadoop-ozone/integration-test/target/test-dir/MiniOzoneClusterImpl-9c60e482-b1fd-4cc4-81aa-d9340c8f8ba8/datanode-4/data/ratis/ce930d66-4a82-46cc-949d-b969c313150d does not exist. Creating ...
2019-07-14 16:34:00,411 INFO  impl.RaftServerImpl (ServerState.java:<init>(105)) - 44864524-38b9-4fd5-aa68-b44cdb3418c7:group-B969C313150D ConfigurationManager, init=-1: [44864524-38b9-4fd5-aa68-b44cdb3418c7:192.168.69.77:34200, b0dc493c-1720-4638-b385-57fe15548c4a:192.168.69.77:38428, e796987e-4e8a-47d2-b556-5927fd53432f:192.168.69.77:35801], old=null, confs=<EMPTY_MAP>
2019-07-14 16:34:00,411 INFO  server.RaftServerConfigKeys (ConfUtils.java:logGet(43)) - raft.server.storage.dir = [/workdir/hadoop-ozone/integration-test/target/test-dir/MiniOzoneClusterImpl-9c60e482-b1fd-4cc4-81aa-d9340c8f8ba8/datanode-3/data/ratis] (custom)
2019-07-14 16:34:00,412 INFO  storage.RaftStorageDirectory (RaftStorageDirectory.java:analyzeStorage(246)) - The storage directory /workdir/hadoop-ozone/integration-test/target/test-dir/MiniOzoneClusterImpl-9c60e482-b1fd-4cc4-81aa-d9340c8f8ba8/datanode-3/data/ratis/ce930d66-4a82-46cc-949d-b969c313150d does not exist. Creating ...
2019-07-14 16:34:00,424 INFO  storage.RaftStorageDirectory (RaftStorageDirectory.java:tryLock(328)) - Lock on /workdir/hadoop-ozone/integration-test/target/test-dir/MiniOzoneClusterImpl-9c60e482-b1fd-4cc4-81aa-d9340c8f8ba8/datanode-3/data/ratis/ce930d66-4a82-46cc-949d-b969c313150d/in_use.lock acquired by nodename 13169@pr-hdds-1710-5x6jb-1204890111
2019-07-14 16:34:00,424 INFO  storage.RaftStorageDirectory (RaftStorageDirectory.java:tryLock(328)) - Lock on /workdir/hadoop-ozone/integration-test/target/test-dir/MiniOzoneClusterImpl-9c60e482-b1fd-4cc4-81aa-d9340c8f8ba8/datanode-4/data/ratis/ce930d66-4a82-46cc-949d-b969c313150d/in_use.lock acquired by nodename 13169@pr-hdds-1710-5x6jb-1204890111
2019-07-14 16:34:00,424 INFO  storage.RaftStorageDirectory (RaftStorageDirectory.java:tryLock(328)) - Lock on /workdir/hadoop-ozone/integration-test/target/test-dir/MiniOzoneClusterImpl-9c60e482-b1fd-4cc4-81aa-d9340c8f8ba8/datanode-5/data/ratis/ce930d66-4a82-46cc-949d-b969c313150d/in_use.lock acquired by nodename 13169@pr-hdds-1710-5x6jb-1204890111
2019-07-14 16:34:00,448 INFO  storage.RaftStorage (RaftStorage.java:format(72)) - Storage directory /workdir/hadoop-ozone/integration-test/target/test-dir/MiniOzoneClusterImpl-9c60e482-b1fd-4cc4-81aa-d9340c8f8ba8/datanode-5/data/ratis/ce930d66-4a82-46cc-949d-b969c313150d has been successfully formatted.
2019-07-14 16:34:00,448 INFO  storage.RaftStorage (RaftStorage.java:format(72)) - Storage directory /workdir/hadoop-ozone/integration-test/target/test-dir/MiniOzoneClusterImpl-9c60e482-b1fd-4cc4-81aa-d9340c8f8ba8/datanode-3/data/ratis/ce930d66-4a82-46cc-949d-b969c313150d has been successfully formatted.
2019-07-14 16:34:00,448 INFO  storage.RaftStorage (RaftStorage.java:format(72)) - Storage directory /workdir/hadoop-ozone/integration-test/target/test-dir/MiniOzoneClusterImpl-9c60e482-b1fd-4cc4-81aa-d9340c8f8ba8/datanode-4/data/ratis/ce930d66-4a82-46cc-949d-b969c313150d has been successfully formatted.
2019-07-14 16:34:00,449 INFO  ratis.ContainerStateMachine (ContainerStateMachine.java:loadSnapshot(200)) - The snapshot info is null.Setting the last applied index to:(t:0, i:~)
2019-07-14 16:34:00,449 INFO  ratis.ContainerStateMachine (ContainerStateMachine.java:loadSnapshot(200)) - The snapshot info is null.Setting the last applied index to:(t:0, i:~)
2019-07-14 16:34:00,448 INFO  ratis.ContainerStateMachine (ContainerStateMachine.java:loadSnapshot(200)) - The snapshot info is null.Setting the last applied index to:(t:0, i:~)
2019-07-14 16:34:00,449 INFO  server.RaftServerConfigKeys (ConfUtils.java:logGet(43)) - raft.server.leader.election.timeout = 120s (custom)
2019-07-14 16:34:00,449 INFO  server.RaftServerConfigKeys (ConfUtils.java:logGet(43)) - raft.server.leader.election.timeout = 120s (custom)
2019-07-14 16:34:00,449 INFO  server.RaftServerConfigKeys (ConfUtils.java:logGet(43)) - raft.server.log.use.memory = false (default)
2019-07-14 16:34:00,449 INFO  server.RaftServerConfigKeys (ConfUtils.java:logGet(43)) - raft.server.leader.election.timeout = 120s (custom)
2019-07-14 16:34:00,450 INFO  server.RaftServerConfigKeys (ConfUtils.java:logGet(43)) - raft.server.log.purge.gap = 1000000000 (custom)
2019-07-14 16:34:00,450 INFO  server.RaftServerConfigKeys (ConfUtils.java:logGet(43)) - raft.server.log.use.memory = false (default)
2019-07-14 16:34:00,450 INFO  server.RaftServerConfigKeys (ConfUtils.java:logGet(43)) - raft.server.log.appender.buffer.byte-limit = 33554432 (custom)
2019-07-14 16:34:00,450 INFO  server.RaftServerConfigKeys (ConfUtils.java:logGet(43)) - raft.server.log.use.memory = false (default)
2019-07-14 16:34:00,450 INFO  server.RaftServerConfigKeys (ConfUtils.java:logGet(43)) - raft.server.log.segment.size.max = 1048576 (custom)
2019-07-14 16:34:00,450 INFO  server.RaftServerConfigKeys (ConfUtils.java:logGet(43)) - raft.server.log.purge.gap = 1000000000 (custom)
2019-07-14 16:34:00,451 INFO  server.RaftServerConfigKeys (ConfUtils.java:logGet(43)) - raft.server.log.segment.cache.num.max = 2 (custom)
2019-07-14 16:34:00,450 INFO  server.RaftServerConfigKeys (ConfUtils.java:logGet(43)) - raft.server.log.purge.gap = 1000000000 (custom)
2019-07-14 16:34:00,451 INFO  segmented.SegmentedRaftLogWorker (SegmentedRaftLogWorker.java:<init>(172)) - new b0dc493c-1720-4638-b385-57fe15548c4a-SegmentedRaftLogWorker:Storage Directory /workdir/hadoop-ozone/integration-test/target/test-dir/MiniOzoneClusterImpl-9c60e482-b1fd-4cc4-81aa-d9340c8f8ba8/datanode-4/data/ratis/ce930d66-4a82-46cc-949d-b969c313150d for RaftStorage:Storage Directory /workdir/hadoop-ozone/integration-test/target/test-dir/MiniOzoneClusterImpl-9c60e482-b1fd-4cc4-81aa-d9340c8f8ba8/datanode-4/data/ratis/ce930d66-4a82-46cc-949d-b969c313150d
2019-07-14 16:34:00,451 INFO  server.RaftServerConfigKeys (ConfUtils.java:logGet(43)) - raft.server.log.appender.buffer.byte-limit = 33554432 (custom)
2019-07-14 16:34:00,451 INFO  server.RaftServerConfigKeys (ConfUtils.java:logGet(43)) - raft.server.log.queue.byte-limit = 2147483647 (custom)
2019-07-14 16:34:00,452 INFO  server.RaftServerConfigKeys (ConfUtils.java:logGet(43)) - raft.server.log.queue.element-limit = 1024 (custom)
2019-07-14 16:34:00,451 INFO  server.RaftServerConfigKeys (ConfUtils.java:logGet(43)) - raft.server.log.appender.buffer.byte-limit = 33554432 (custom)
2019-07-14 16:34:00,452 INFO  server.RaftServerConfigKeys (ConfUtils.java:logGet(43)) - raft.server.log.segment.size.max = 1048576 (custom)
2019-07-14 16:34:00,452 INFO  server.RaftServerConfigKeys (ConfUtils.java:logGet(43)) - raft.server.log.preallocated.size = 16384 (custom)
2019-07-14 16:34:00,451 INFO  server.RaftServerConfigKeys (ConfUtils.java:logGet(43)) - raft.server.log.segment.size.max = 1048576 (custom)
2019-07-14 16:34:00,452 INFO  server.RaftServerConfigKeys (ConfUtils.java:logGet(43)) - raft.server.log.write.buffer.size = 33554432 (custom)
2019-07-14 16:34:00,452 INFO  server.RaftServerConfigKeys (ConfUtils.java:logGet(43)) - raft.server.log.segment.size.max = 1048576 (custom)
2019-07-14 16:34:00,453 INFO  server.RaftServerConfigKeys (ConfUtils.java:logGet(43)) - raft.server.log.force.sync.num = 128 (default)
2019-07-14 16:34:00,453 INFO  server.RaftServerConfigKeys (ConfUtils.java:logGet(43)) - raft.server.log.segment.cache.num.max = 2 (custom)
2019-07-14 16:34:00,453 INFO  server.RaftServerConfigKeys (ConfUtils.java:logGet(43)) - raft.server.log.statemachine.data.sync = true (default)
2019-07-14 16:34:00,453 INFO  server.RaftServerConfigKeys (ConfUtils.java:logGet(43)) - raft.server.log.statemachine.data.sync.timeout = 10s (default)
2019-07-14 16:34:00,453 INFO  server.RaftServerConfigKeys (ConfUtils.java:logGet(43)) - raft.server.log.segment.cache.num.max = 2 (custom)
2019-07-14 16:34:00,454 INFO  server.RaftServerConfigKeys (ConfUtils.java:logGet(43)) - raft.server.log.statemachine.data.sync.timeout.retry = -1 (default)
2019-07-14 16:34:00,453 INFO  segmented.SegmentedRaftLogWorker (SegmentedRaftLogWorker.java:<init>(172)) - new 44864524-38b9-4fd5-aa68-b44cdb3418c7-SegmentedRaftLogWorker:Storage Directory /workdir/hadoop-ozone/integration-test/target/test-dir/MiniOzoneClusterImpl-9c60e482-b1fd-4cc4-81aa-d9340c8f8ba8/datanode-3/data/ratis/ce930d66-4a82-46cc-949d-b969c313150d for RaftStorage:Storage Directory /workdir/hadoop-ozone/integration-test/target/test-dir/MiniOzoneClusterImpl-9c60e482-b1fd-4cc4-81aa-d9340c8f8ba8/datanode-3/data/ratis/ce930d66-4a82-46cc-949d-b969c313150d
2019-07-14 16:34:00,454 INFO  server.RaftServerConfigKeys (ConfUtils.java:logGet(43)) - raft.server.log.statemachine.data.caching.enabled = true (custom)
2019-07-14 16:34:00,454 INFO  segmented.SegmentedRaftLogWorker (SegmentedRaftLogWorker.java:<init>(172)) - new e796987e-4e8a-47d2-b556-5927fd53432f-SegmentedRaftLogWorker:Storage Directory /workdir/hadoop-ozone/integration-test/target/test-dir/MiniOzoneClusterImpl-9c60e482-b1fd-4cc4-81aa-d9340c8f8ba8/datanode-5/data/ratis/ce930d66-4a82-46cc-949d-b969c313150d for RaftStorage:Storage Directory /workdir/hadoop-ozone/integration-test/target/test-dir/MiniOzoneClusterImpl-9c60e482-b1fd-4cc4-81aa-d9340c8f8ba8/datanode-5/data/ratis/ce930d66-4a82-46cc-949d-b969c313150d
2019-07-14 16:34:00,454 INFO  server.RaftServerConfigKeys (ConfUtils.java:logGet(43)) - raft.server.log.queue.byte-limit = 2147483647 (custom)
2019-07-14 16:34:00,454 INFO  segmented.SegmentedRaftLogWorker (SegmentedRaftLogWorker.java:lambda$new$0(132)) - b0dc493c-1720-4638-b385-57fe15548c4a-SegmentedRaftLogWorker:Storage Directory /workdir/hadoop-ozone/integration-test/target/test-dir/MiniOzoneClusterImpl-9c60e482-b1fd-4cc4-81aa-d9340c8f8ba8/datanode-4/data/ratis/ce930d66-4a82-46cc-949d-b969c313150d: flushIndex: setUnconditionally 0 -> -1
2019-07-14 16:34:00,454 INFO  server.RaftServerConfigKeys (ConfUtils.java:logGet(43)) - raft.server.log.queue.byte-limit = 2147483647 (custom)
2019-07-14 16:34:00,455 INFO  server.RaftServerConfigKeys (ConfUtils.java:logGet(43)) - raft.server.log.queue.element-limit = 1024 (custom)
2019-07-14 16:34:00,455 INFO  server.RaftServerConfigKeys (ConfUtils.java:logGet(43)) - raft.server.snapshot.auto.trigger.enabled = true (custom)
2019-07-14 16:34:00,455 INFO  server.RaftServerConfigKeys (ConfUtils.java:logGet(43)) - raft.server.log.queue.element-limit = 1024 (custom)
2019-07-14 16:34:00,455 INFO  server.RaftServerConfigKeys (ConfUtils.java:logGet(43)) - raft.server.snapshot.auto.trigger.threshold = 10000 (custom)
2019-07-14 16:34:00,455 INFO  server.RaftServerConfigKeys (ConfUtils.java:logGet(43)) - raft.server.log.segment.size.max = 1048576 (custom)
2019-07-14 16:34:00,456 INFO  server.RaftServerConfigKeys (ConfUtils.java:logGet(43)) - raft.server.retrycache.expirytime = 600000ms (custom)
2019-07-14 16:34:00,456 INFO  server.RaftServerConfigKeys (ConfUtils.java:logGet(43)) - raft.server.log.segment.size.max = 1048576 (custom)
2019-07-14 16:34:00,456 INFO  impl.RaftServerImpl (RaftServerImpl.java:start(180)) - b0dc493c-1720-4638-b385-57fe15548c4a: start group-B969C313150D
2019-07-14 16:34:00,456 INFO  server.RaftServerConfigKeys (ConfUtils.java:logGet(43)) - raft.server.log.preallocated.size = 16384 (custom)
2019-07-14 16:34:00,456 INFO  impl.RaftServerImpl (RaftServerImpl.java:setRole(171)) - b0dc493c-1720-4638-b385-57fe15548c4a:group-B969C313150D changes role from null to FOLLOWER at term 0 for startAsFollower
2019-07-14 16:34:00,457 INFO  impl.RoleInfo (RoleInfo.java:updateAndGet(143)) - b0dc493c-1720-4638-b385-57fe15548c4a: start FollowerState
2019-07-14 16:34:00,456 INFO  server.RaftServerConfigKeys (ConfUtils.java:logGet(43)) - raft.server.log.preallocated.size = 16384 (custom)
2019-07-14 16:34:00,457 INFO  server.RaftServerConfigKeys (ConfUtils.java:logGet(43)) - raft.server.log.write.buffer.size = 33554432 (custom)
2019-07-14 16:34:00,457 INFO  server.RaftServerConfigKeys (ConfUtils.java:logGet(43)) - raft.server.log.write.buffer.size = 33554432 (custom)
2019-07-14 16:34:00,457 INFO  server.RaftServerConfigKeys (ConfUtils.java:logGet(43)) - raft.server.log.force.sync.num = 128 (default)
2019-07-14 16:34:00,457 INFO  util.JmxRegister (JmxRegister.java:tryRegister(44)) - Successfully registered JMX Bean with object name Ratis:service=RaftServer,group=group-B969C313150D,id=b0dc493c-1720-4638-b385-57fe15548c4a
2019-07-14 16:34:00,458 INFO  server.RaftServerConfigKeys (ConfUtils.java:logGet(43)) - raft.server.log.statemachine.data.sync = true (default)
2019-07-14 16:34:00,458 INFO  server.RaftServerConfigKeys (ConfUtils.java:logGet(43)) - raft.server.log.statemachine.data.sync.timeout = 10s (default)
2019-07-14 16:34:00,457 INFO  server.RaftServerConfigKeys (ConfUtils.java:logGet(43)) - raft.server.log.force.sync.num = 128 (default)
2019-07-14 16:34:00,458 INFO  server.RaftServerConfigKeys (ConfUtils.java:logGet(43)) - raft.server.log.statemachine.data.sync.timeout.retry = -1 (default)
2019-07-14 16:34:00,458 INFO  server.RaftServerConfigKeys (ConfUtils.java:logGet(43)) - raft.server.log.statemachine.data.sync = true (default)
2019-07-14 16:34:00,459 INFO  server.RaftServerConfigKeys (ConfUtils.java:logGet(43)) - raft.server.log.statemachine.data.caching.enabled = true (custom)
2019-07-14 16:34:00,459 INFO  server.RaftServerConfigKeys (ConfUtils.java:logGet(43)) - raft.server.log.statemachine.data.sync.timeout = 10s (default)
2019-07-14 16:34:00,459 INFO  server.RaftServerConfigKeys (ConfUtils.java:logGet(43)) - raft.server.log.statemachine.data.sync.timeout.retry = -1 (default)
2019-07-14 16:34:00,459 INFO  segmented.SegmentedRaftLogWorker (SegmentedRaftLogWorker.java:lambda$new$0(132)) - e796987e-4e8a-47d2-b556-5927fd53432f-SegmentedRaftLogWorker:Storage Directory /workdir/hadoop-ozone/integration-test/target/test-dir/MiniOzoneClusterImpl-9c60e482-b1fd-4cc4-81aa-d9340c8f8ba8/datanode-5/data/ratis/ce930d66-4a82-46cc-949d-b969c313150d: flushIndex: setUnconditionally 0 -> -1
2019-07-14 16:34:00,459 INFO  server.RaftServerConfigKeys (ConfUtils.java:logGet(43)) - raft.server.log.statemachine.data.caching.enabled = true (custom)
2019-07-14 16:34:00,460 INFO  server.RaftServerConfigKeys (ConfUtils.java:logGet(43)) - raft.server.snapshot.auto.trigger.enabled = true (custom)
2019-07-14 16:34:00,460 INFO  segmented.SegmentedRaftLogWorker (SegmentedRaftLogWorker.java:lambda$new$0(132)) - 44864524-38b9-4fd5-aa68-b44cdb3418c7-SegmentedRaftLogWorker:Storage Directory /workdir/hadoop-ozone/integration-test/target/test-dir/MiniOzoneClusterImpl-9c60e482-b1fd-4cc4-81aa-d9340c8f8ba8/datanode-3/data/ratis/ce930d66-4a82-46cc-949d-b969c313150d: flushIndex: setUnconditionally 0 -> -1
2019-07-14 16:34:00,460 INFO  server.RaftServerConfigKeys (ConfUtils.java:logGet(43)) - raft.server.snapshot.auto.trigger.threshold = 10000 (custom)
2019-07-14 16:34:00,460 INFO  server.RaftServerConfigKeys (ConfUtils.java:logGet(43)) - raft.server.retrycache.expirytime = 600000ms (custom)
2019-07-14 16:34:00,460 INFO  server.RaftServerConfigKeys (ConfUtils.java:logGet(43)) - raft.server.snapshot.auto.trigger.enabled = true (custom)
2019-07-14 16:34:00,460 INFO  impl.RaftServerImpl (RaftServerImpl.java:start(180)) - e796987e-4e8a-47d2-b556-5927fd53432f: start group-B969C313150D
2019-07-14 16:34:00,460 INFO  server.RaftServerConfigKeys (ConfUtils.java:logGet(43)) - raft.server.snapshot.auto.trigger.threshold = 10000 (custom)
2019-07-14 16:34:00,460 INFO  impl.RaftServerImpl (RaftServerImpl.java:setRole(171)) - e796987e-4e8a-47d2-b556-5927fd53432f:group-B969C313150D changes role from null to FOLLOWER at term 0 for startAsFollower
2019-07-14 16:34:00,461 INFO  server.RaftServerConfigKeys (ConfUtils.java:logGet(43)) - raft.server.retrycache.expirytime = 600000ms (custom)
2019-07-14 16:34:00,461 INFO  impl.RoleInfo (RoleInfo.java:updateAndGet(143)) - e796987e-4e8a-47d2-b556-5927fd53432f: start FollowerState
2019-07-14 16:34:00,461 INFO  impl.RaftServerImpl (RaftServerImpl.java:start(180)) - 44864524-38b9-4fd5-aa68-b44cdb3418c7: start group-B969C313150D
2019-07-14 16:34:00,461 INFO  impl.RaftServerImpl (RaftServerImpl.java:setRole(171)) - 44864524-38b9-4fd5-aa68-b44cdb3418c7:group-B969C313150D changes role from null to FOLLOWER at term 0 for startAsFollower
2019-07-14 16:34:00,461 INFO  util.JmxRegister (JmxRegister.java:tryRegister(44)) - Successfully registered JMX Bean with object name Ratis:service=RaftServer,group=group-B969C313150D,id=e796987e-4e8a-47d2-b556-5927fd53432f
2019-07-14 16:34:00,461 INFO  impl.RoleInfo (RoleInfo.java:updateAndGet(143)) - 44864524-38b9-4fd5-aa68-b44cdb3418c7: start FollowerState
2019-07-14 16:34:00,462 INFO  util.JmxRegister (JmxRegister.java:tryRegister(44)) - Successfully registered JMX Bean with object name Ratis:service=RaftServer,group=group-B969C313150D,id=44864524-38b9-4fd5-aa68-b44cdb3418c7
2019-07-14 16:34:00,464 INFO  pipeline.PipelineStateManager (PipelineStateManager.java:addPipeline(56)) - Created pipeline Pipeline[ Id: ce930d66-4a82-46cc-949d-b969c313150d, Nodes: 44864524-38b9-4fd5-aa68-b44cdb3418c7{ip: 192.168.69.77, host: pr-hdds-1710-5x6jb-1204890111, networkLocation: /default-rack, certSerialId: null}b0dc493c-1720-4638-b385-57fe15548c4a{ip: 192.168.69.77, host: pr-hdds-1710-5x6jb-1204890111, networkLocation: /default-rack, certSerialId: null}e796987e-4e8a-47d2-b556-5927fd53432f{ip: 192.168.69.77, host: pr-hdds-1710-5x6jb-1204890111, networkLocation: /default-rack, certSerialId: null}, Type:RATIS, Factor:THREE, State:OPEN]
2019-07-14 16:34:00,521 INFO  node.SCMNodeManager (SCMNodeManager.java:register(269)) - Registered Data node : 94db9d65-15cd-46a2-a1b2-eb4dfde861c6{ip: 192.168.69.77, host: pr-hdds-1710-5x6jb-1204890111, networkLocation: /default-rack, certSerialId: null}
2019-07-14 16:34:00,524 INFO  ozone.MiniOzoneClusterImpl (MiniOzoneClusterImpl.java:lambda$waitForClusterToBeReady$0(142)) - Cluster is ready. Got 7 of 7 DN Heartbeats.
2019-07-14 16:34:00,536 INFO  impl.RaftServerProxy (RaftServerProxy.java:addNew(89)) - 94db9d65-15cd-46a2-a1b2-eb4dfde861c6: addNew group-4FF78CDAEB16:[94db9d65-15cd-46a2-a1b2-eb4dfde861c6:192.168.69.77:46614] returns group-4FF78CDAEB16:java.util.concurrent.CompletableFuture@42253eca[Not completed]
2019-07-14 16:34:00,537 INFO  impl.RaftServerImpl (RaftServerImpl.java:<init>(93)) - 94db9d65-15cd-46a2-a1b2-eb4dfde861c6: new RaftServerImpl for group-4FF78CDAEB16:[94db9d65-15cd-46a2-a1b2-eb4dfde861c6:192.168.69.77:46614] with ContainerStateMachine:uninitialized
2019-07-14 16:34:00,537 INFO  server.RaftServerConfigKeys (ConfUtils.java:logGet(43)) - raft.server.rpc.timeout.min = 5s (custom)
2019-07-14 16:34:00,538 INFO  server.RaftServerConfigKeys (ConfUtils.java:logGet(43)) - raft.server.rpc.timeout.max = 5200ms (custom)
2019-07-14 16:34:00,538 INFO  server.RaftServerConfigKeys (ConfUtils.java:logGet(43)) - raft.server.rpcslowness.timeout = 120s (custom)
2019-07-14 16:34:00,538 INFO  server.RaftServerConfigKeys (ConfUtils.java:logGet(43)) - raft.server.sleep.deviation.threshold = 300 (default)
2019-07-14 16:34:00,540 INFO  server.RaftServerConfigKeys (ConfUtils.java:logGet(43)) - raft.server.log.appender.install.snapshot.enabled = false (custom)
2019-07-14 16:34:00,541 INFO  impl.RaftServerImpl (ServerState.java:<init>(105)) - 94db9d65-15cd-46a2-a1b2-eb4dfde861c6:group-4FF78CDAEB16 ConfigurationManager, init=-1: [94db9d65-15cd-46a2-a1b2-eb4dfde861c6:192.168.69.77:46614], old=null, confs=<EMPTY_MAP>
2019-07-14 16:34:00,541 INFO  server.RaftServerConfigKeys (ConfUtils.java:logGet(43)) - raft.server.storage.dir = [/workdir/hadoop-ozone/integration-test/target/test-dir/MiniOzoneClusterImpl-9c60e482-b1fd-4cc4-81aa-d9340c8f8ba8/datanode-6/data/ratis] (custom)
2019-07-14 16:34:00,544 INFO  storage.RaftStorageDirectory (RaftStorageDirectory.java:analyzeStorage(246)) - The storage directory /workdir/hadoop-ozone/integration-test/target/test-dir/MiniOzoneClusterImpl-9c60e482-b1fd-4cc4-81aa-d9340c8f8ba8/datanode-6/data/ratis/58d1033a-48a6-47dc-8d5f-4ff78cdaeb16 does not exist. Creating ...
2019-07-14 16:34:00,570 INFO  rpc.RpcClient (RpcClient.java:createVolume(287)) - Creating Volume: testblockoutputstream, with jenkins1000 as owner.
2019-07-14 16:34:00,590 INFO  storage.RaftStorageDirectory (RaftStorageDirectory.java:tryLock(328)) - Lock on /workdir/hadoop-ozone/integration-test/target/test-dir/MiniOzoneClusterImpl-9c60e482-b1fd-4cc4-81aa-d9340c8f8ba8/datanode-6/data/ratis/58d1033a-48a6-47dc-8d5f-4ff78cdaeb16/in_use.lock acquired by nodename 13169@pr-hdds-1710-5x6jb-1204890111
2019-07-14 16:34:00,592 INFO  rpc.RpcClient (RpcClient.java:createBucket(424)) - Creating Bucket: testblockoutputstream/testblockoutputstream, with Versioning false and Storage Type set to DISK and Encryption set to false 
2019-07-14 16:34:00,604 INFO  storage.RaftStorage (RaftStorage.java:format(72)) - Storage directory /workdir/hadoop-ozone/integration-test/target/test-dir/MiniOzoneClusterImpl-9c60e482-b1fd-4cc4-81aa-d9340c8f8ba8/datanode-6/data/ratis/58d1033a-48a6-47dc-8d5f-4ff78cdaeb16 has been successfully formatted.
2019-07-14 16:34:00,604 INFO  ratis.ContainerStateMachine (ContainerStateMachine.java:loadSnapshot(200)) - The snapshot info is null.Setting the last applied index to:(t:0, i:~)
2019-07-14 16:34:00,604 INFO  server.RaftServerConfigKeys (ConfUtils.java:logGet(43)) - raft.server.leader.election.timeout = 120s (custom)
2019-07-14 16:34:00,604 INFO  server.RaftServerConfigKeys (ConfUtils.java:logGet(43)) - raft.server.log.use.memory = false (default)
2019-07-14 16:34:00,605 INFO  server.RaftServerConfigKeys (ConfUtils.java:logGet(43)) - raft.server.log.purge.gap = 1000000000 (custom)
2019-07-14 16:34:00,605 INFO  server.RaftServerConfigKeys (ConfUtils.java:logGet(43)) - raft.server.log.appender.buffer.byte-limit = 33554432 (custom)
2019-07-14 16:34:00,605 INFO  server.RaftServerConfigKeys (ConfUtils.java:logGet(43)) - raft.server.log.segment.size.max = 1048576 (custom)
2019-07-14 16:34:00,605 INFO  server.RaftServerConfigKeys (ConfUtils.java:logGet(43)) - raft.server.log.segment.cache.num.max = 2 (custom)
2019-07-14 16:34:00,605 INFO  segmented.SegmentedRaftLogWorker (SegmentedRaftLogWorker.java:<init>(172)) - new 94db9d65-15cd-46a2-a1b2-eb4dfde861c6-SegmentedRaftLogWorker:Storage Directory /workdir/hadoop-ozone/integration-test/target/test-dir/MiniOzoneClusterImpl-9c60e482-b1fd-4cc4-81aa-d9340c8f8ba8/datanode-6/data/ratis/58d1033a-48a6-47dc-8d5f-4ff78cdaeb16 for RaftStorage:Storage Directory /workdir/hadoop-ozone/integration-test/target/test-dir/MiniOzoneClusterImpl-9c60e482-b1fd-4cc4-81aa-d9340c8f8ba8/datanode-6/data/ratis/58d1033a-48a6-47dc-8d5f-4ff78cdaeb16
2019-07-14 16:34:00,605 INFO  server.RaftServerConfigKeys (ConfUtils.java:logGet(43)) - raft.server.log.queue.byte-limit = 2147483647 (custom)
2019-07-14 16:34:00,606 INFO  server.RaftServerConfigKeys (ConfUtils.java:logGet(43)) - raft.server.log.queue.element-limit = 1024 (custom)
2019-07-14 16:34:00,606 INFO  server.RaftServerConfigKeys (ConfUtils.java:logGet(43)) - raft.server.log.segment.size.max = 1048576 (custom)
2019-07-14 16:34:00,606 INFO  server.RaftServerConfigKeys (ConfUtils.java:logGet(43)) - raft.server.log.preallocated.size = 16384 (custom)
2019-07-14 16:34:00,606 INFO  server.RaftServerConfigKeys (ConfUtils.java:logGet(43)) - raft.server.log.write.buffer.size = 33554432 (custom)
2019-07-14 16:34:00,606 INFO  server.RaftServerConfigKeys (ConfUtils.java:logGet(43)) - raft.server.log.force.sync.num = 128 (default)
2019-07-14 16:34:00,606 INFO  server.RaftServerConfigKeys (ConfUtils.java:logGet(43)) - raft.server.log.statemachine.data.sync = true (default)
2019-07-14 16:34:00,607 INFO  server.RaftServerConfigKeys (ConfUtils.java:logGet(43)) - raft.server.log.statemachine.data.sync.timeout = 10s (default)
2019-07-14 16:34:00,609 INFO  server.RaftServerConfigKeys (ConfUtils.java:logGet(43)) - raft.server.log.statemachine.data.sync.timeout.retry = -1 (default)
2019-07-14 16:34:00,609 INFO  server.RaftServerConfigKeys (ConfUtils.java:logGet(43)) - raft.server.log.statemachine.data.caching.enabled = true (custom)
2019-07-14 16:34:00,609 INFO  segmented.SegmentedRaftLogWorker (SegmentedRaftLogWorker.java:lambda$new$0(132)) - 94db9d65-15cd-46a2-a1b2-eb4dfde861c6-SegmentedRaftLogWorker:Storage Directory /workdir/hadoop-ozone/integration-test/target/test-dir/MiniOzoneClusterImpl-9c60e482-b1fd-4cc4-81aa-d9340c8f8ba8/datanode-6/data/ratis/58d1033a-48a6-47dc-8d5f-4ff78cdaeb16: flushIndex: setUnconditionally 0 -> -1
2019-07-14 16:34:00,610 INFO  server.RaftServerConfigKeys (ConfUtils.java:logGet(43)) - raft.server.snapshot.auto.trigger.enabled = true (custom)
2019-07-14 16:34:00,610 INFO  server.RaftServerConfigKeys (ConfUtils.java:logGet(43)) - raft.server.snapshot.auto.trigger.threshold = 10000 (custom)
2019-07-14 16:34:00,610 INFO  server.RaftServerConfigKeys (ConfUtils.java:logGet(43)) - raft.server.retrycache.expirytime = 600000ms (custom)
2019-07-14 16:34:00,610 INFO  impl.RaftServerImpl (RaftServerImpl.java:start(180)) - 94db9d65-15cd-46a2-a1b2-eb4dfde861c6: start group-4FF78CDAEB16
2019-07-14 16:34:00,611 INFO  impl.RaftServerImpl (RaftServerImpl.java:setRole(171)) - 94db9d65-15cd-46a2-a1b2-eb4dfde861c6:group-4FF78CDAEB16 changes role from null to FOLLOWER at term 0 for startAsFollower
2019-07-14 16:34:00,611 INFO  impl.RoleInfo (RoleInfo.java:updateAndGet(143)) - 94db9d65-15cd-46a2-a1b2-eb4dfde861c6: start FollowerState
2019-07-14 16:34:00,611 INFO  util.JmxRegister (JmxRegister.java:tryRegister(44)) - Successfully registered JMX Bean with object name Ratis:service=RaftServer,group=group-4FF78CDAEB16,id=94db9d65-15cd-46a2-a1b2-eb4dfde861c6
2019-07-14 16:34:00,613 INFO  pipeline.PipelineStateManager (PipelineStateManager.java:addPipeline(56)) - Created pipeline Pipeline[ Id: 58d1033a-48a6-47dc-8d5f-4ff78cdaeb16, Nodes: 94db9d65-15cd-46a2-a1b2-eb4dfde861c6{ip: 192.168.69.77, host: pr-hdds-1710-5x6jb-1204890111, networkLocation: /default-rack, certSerialId: null}, Type:RATIS, Factor:ONE, State:OPEN]
2019-07-14 16:34:00,633 INFO  client.GrpcClientProtocolClient (GrpcClientProtocolClient.java:onNext(255)) - client-20C604D3D8D5->44864524-38b9-4fd5-aa68-b44cdb3418c7: receive RaftClientReply:client-20C604D3D8D5->44864524-38b9-4fd5-aa68-b44cdb3418c7@group-B969C313150D, cid=272, FAILED org.apache.ratis.protocol.NotLeaderException: Server 44864524-38b9-4fd5-aa68-b44cdb3418c7 is not the leader (null). Request must be sent to leader., logIndex=0, commits[44864524-38b9-4fd5-aa68-b44cdb3418c7:c-1]
2019-07-14 16:34:01,649 INFO  client.GrpcClientProtocolClient (GrpcClientProtocolClient.java:onNext(255)) - client-20C604D3D8D5->b0dc493c-1720-4638-b385-57fe15548c4a: receive RaftClientReply:client-20C604D3D8D5->b0dc493c-1720-4638-b385-57fe15548c4a@group-B969C313150D, cid=272, FAILED org.apache.ratis.protocol.NotLeaderException: Server b0dc493c-1720-4638-b385-57fe15548c4a is not the leader (null). Request must be sent to leader., logIndex=0, commits[b0dc493c-1720-4638-b385-57fe15548c4a:c-1]
2019-07-14 16:34:02,531 INFO  container.ReplicationManager (ReplicationManager.java:start(155)) - Starting Replication Monitor Thread.
2019-07-14 16:34:02,534 INFO  container.ReplicationManager (ReplicationManager.java:run(207)) - Replication Monitor Thread took 0 milliseconds for processing 1 containers.
2019-07-14 16:34:02,662 INFO  client.GrpcClientProtocolClient (GrpcClientProtocolClient.java:onNext(255)) - client-20C604D3D8D5->e796987e-4e8a-47d2-b556-5927fd53432f: receive RaftClientReply:client-20C604D3D8D5->e796987e-4e8a-47d2-b556-5927fd53432f@group-B969C313150D, cid=272, FAILED org.apache.ratis.protocol.NotLeaderException: Server e796987e-4e8a-47d2-b556-5927fd53432f is not the leader (null). Request must be sent to leader., logIndex=0, commits[e796987e-4e8a-47d2-b556-5927fd53432f:c-1]
2019-07-14 16:34:03,672 INFO  client.GrpcClientProtocolClient (GrpcClientProtocolClient.java:onNext(255)) - client-20C604D3D8D5->b0dc493c-1720-4638-b385-57fe15548c4a: receive RaftClientReply:client-20C604D3D8D5->b0dc493c-1720-4638-b385-57fe15548c4a@group-B969C313150D, cid=272, FAILED org.apache.ratis.protocol.NotLeaderException: Server b0dc493c-1720-4638-b385-57fe15548c4a is not the leader (null). Request must be sent to leader., logIndex=0, commits[b0dc493c-1720-4638-b385-57fe15548c4a:c-1]
2019-07-14 16:34:04,622 INFO  impl.FollowerState (FollowerState.java:run(106)) - fa1fe8e2-562a-401d-baea-1faeff5131b9:group-F43995C19D15 changes to CANDIDATE, lastRpcTime:5034, electionTimeout:5034ms
2019-07-14 16:34:04,622 INFO  impl.RoleInfo (RoleInfo.java:shutdownFollowerState(121)) - fa1fe8e2-562a-401d-baea-1faeff5131b9: shutdown FollowerState
2019-07-14 16:34:04,622 INFO  impl.RaftServerImpl (RaftServerImpl.java:setRole(171)) - fa1fe8e2-562a-401d-baea-1faeff5131b9:group-F43995C19D15 changes role from FOLLOWER to CANDIDATE at term 0 for changeToCandidate
2019-07-14 16:34:04,622 INFO  impl.RoleInfo (RoleInfo.java:updateAndGet(143)) - fa1fe8e2-562a-401d-baea-1faeff5131b9: start LeaderElection
2019-07-14 16:34:04,655 INFO  impl.LeaderElection (LeaderElection.java:askForVotes(181)) - fa1fe8e2-562a-401d-baea-1faeff5131b9:group-F43995C19D15:LeaderElection97: begin an election at term 1 for -1: [fa1fe8e2-562a-401d-baea-1faeff5131b9:192.168.69.77:36698], old=null
2019-07-14 16:34:04,655 INFO  impl.RoleInfo (RoleInfo.java:shutdownLeaderElection(134)) - fa1fe8e2-562a-401d-baea-1faeff5131b9: shutdown LeaderElection
2019-07-14 16:34:04,655 INFO  impl.RaftServerImpl (RaftServerImpl.java:setRole(171)) - fa1fe8e2-562a-401d-baea-1faeff5131b9:group-F43995C19D15 changes role from CANDIDATE to LEADER at term 1 for changeToLeader
2019-07-14 16:34:04,655 INFO  impl.RaftServerImpl (ServerState.java:setLeader(263)) - fa1fe8e2-562a-401d-baea-1faeff5131b9:group-F43995C19D15 change Leader from null to fa1fe8e2-562a-401d-baea-1faeff5131b9 at term 1 for becomeLeader, leader elected after 5072ms
2019-07-14 16:34:04,658 INFO  server.RaftServerConfigKeys (ConfUtils.java:logGet(43)) - raft.server.staging.catchup.gap = 1000 (default)
2019-07-14 16:34:04,658 INFO  server.RaftServerConfigKeys (ConfUtils.java:logGet(43)) - raft.server.rpc.sleep.time = 25ms (default)
2019-07-14 16:34:04,658 INFO  server.RaftServerConfigKeys (ConfUtils.java:logGet(43)) - raft.server.write.element-limit = 4096 (default)
2019-07-14 16:34:04,658 INFO  server.RaftServerConfigKeys (ConfUtils.java:logGet(43)) - raft.server.watch.timeout = 10s (default)
2019-07-14 16:34:04,658 INFO  server.RaftServerConfigKeys (ConfUtils.java:logGet(43)) - raft.server.watch.timeout.denomination = 1s (default)
2019-07-14 16:34:04,658 INFO  server.RaftServerConfigKeys (ConfUtils.java:logGet(43)) - raft.server.watch.element-limit = 65536 (default)
2019-07-14 16:34:04,659 INFO  impl.RoleInfo (RoleInfo.java:updateAndGet(143)) - fa1fe8e2-562a-401d-baea-1faeff5131b9: start LeaderState
2019-07-14 16:34:04,659 INFO  segmented.SegmentedRaftLogWorker (SegmentedRaftLogWorker.java:startLogSegment(380)) - fa1fe8e2-562a-401d-baea-1faeff5131b9-SegmentedRaftLogWorker:Storage Directory /workdir/hadoop-ozone/integration-test/target/test-dir/MiniOzoneClusterImpl-9c60e482-b1fd-4cc4-81aa-d9340c8f8ba8/datanode-0/data/ratis/3cdc6cbd-4daa-4003-b435-f43995c19d15: Starting segment from index:0
2019-07-14 16:34:04,659 INFO  impl.RaftServerImpl (ServerState.java:setRaftConf(361)) - fa1fe8e2-562a-401d-baea-1faeff5131b9:group-F43995C19D15 set configuration 0: [fa1fe8e2-562a-401d-baea-1faeff5131b9:192.168.69.77:36698], old=null at 0
2019-07-14 16:34:04,680 INFO  client.GrpcClientProtocolClient (GrpcClientProtocolClient.java:onNext(255)) - client-20C604D3D8D5->44864524-38b9-4fd5-aa68-b44cdb3418c7: receive RaftClientReply:client-20C604D3D8D5->44864524-38b9-4fd5-aa68-b44cdb3418c7@group-B969C313150D, cid=272, FAILED org.apache.ratis.protocol.NotLeaderException: Server 44864524-38b9-4fd5-aa68-b44cdb3418c7 is not the leader (null). Request must be sent to leader., logIndex=0, commits[44864524-38b9-4fd5-aa68-b44cdb3418c7:c-1]
2019-07-14 16:34:04,689 INFO  segmented.SegmentedRaftLogWorker (SegmentedRaftLogWorker.java:execute(569)) - fa1fe8e2-562a-401d-baea-1faeff5131b9-SegmentedRaftLogWorker:Storage Directory /workdir/hadoop-ozone/integration-test/target/test-dir/MiniOzoneClusterImpl-9c60e482-b1fd-4cc4-81aa-d9340c8f8ba8/datanode-0/data/ratis/3cdc6cbd-4daa-4003-b435-f43995c19d15: created new log segment /workdir/hadoop-ozone/integration-test/target/test-dir/MiniOzoneClusterImpl-9c60e482-b1fd-4cc4-81aa-d9340c8f8ba8/datanode-0/data/ratis/3cdc6cbd-4daa-4003-b435-f43995c19d15/current/log_inprogress_0
2019-07-14 16:34:04,870 INFO  impl.FollowerState (FollowerState.java:run(106)) - 9445bbf2-462d-437b-aeef-056db19f15cb:group-15FCD6E64C2A changes to CANDIDATE, lastRpcTime:5148, electionTimeout:5148ms
2019-07-14 16:34:04,871 INFO  impl.RoleInfo (RoleInfo.java:shutdownFollowerState(121)) - 9445bbf2-462d-437b-aeef-056db19f15cb: shutdown FollowerState
2019-07-14 16:34:04,871 INFO  impl.RaftServerImpl (RaftServerImpl.java:setRole(171)) - 9445bbf2-462d-437b-aeef-056db19f15cb:group-15FCD6E64C2A changes role from FOLLOWER to CANDIDATE at term 0 for changeToCandidate
2019-07-14 16:34:04,871 INFO  impl.RoleInfo (RoleInfo.java:updateAndGet(143)) - 9445bbf2-462d-437b-aeef-056db19f15cb: start LeaderElection
2019-07-14 16:34:04,890 INFO  impl.LeaderElection (LeaderElection.java:askForVotes(181)) - 9445bbf2-462d-437b-aeef-056db19f15cb:group-15FCD6E64C2A:LeaderElection98: begin an election at term 1 for -1: [9445bbf2-462d-437b-aeef-056db19f15cb:192.168.69.77:41032], old=null
2019-07-14 16:34:04,890 INFO  impl.RoleInfo (RoleInfo.java:shutdownLeaderElection(134)) - 9445bbf2-462d-437b-aeef-056db19f15cb: shutdown LeaderElection
2019-07-14 16:34:04,890 INFO  impl.RaftServerImpl (RaftServerImpl.java:setRole(171)) - 9445bbf2-462d-437b-aeef-056db19f15cb:group-15FCD6E64C2A changes role from CANDIDATE to LEADER at term 1 for changeToLeader
2019-07-14 16:34:04,890 INFO  impl.RaftServerImpl (ServerState.java:setLeader(263)) - 9445bbf2-462d-437b-aeef-056db19f15cb:group-15FCD6E64C2A change Leader from null to 9445bbf2-462d-437b-aeef-056db19f15cb at term 1 for becomeLeader, leader elected after 5172ms
2019-07-14 16:34:04,892 INFO  server.RaftServerConfigKeys (ConfUtils.java:logGet(43)) - raft.server.staging.catchup.gap = 1000 (default)
2019-07-14 16:34:04,893 INFO  server.RaftServerConfigKeys (ConfUtils.java:logGet(43)) - raft.server.rpc.sleep.time = 25ms (default)
2019-07-14 16:34:04,893 INFO  server.RaftServerConfigKeys (ConfUtils.java:logGet(43)) - raft.server.write.element-limit = 4096 (default)
2019-07-14 16:34:04,893 INFO  server.RaftServerConfigKeys (ConfUtils.java:logGet(43)) - raft.server.watch.timeout = 10s (default)
2019-07-14 16:34:04,893 INFO  server.RaftServerConfigKeys (ConfUtils.java:logGet(43)) - raft.server.watch.timeout.denomination = 1s (default)
2019-07-14 16:34:04,893 INFO  server.RaftServerConfigKeys (ConfUtils.java:logGet(43)) - raft.server.watch.element-limit = 65536 (default)
2019-07-14 16:34:04,893 INFO  impl.RoleInfo (RoleInfo.java:updateAndGet(143)) - 9445bbf2-462d-437b-aeef-056db19f15cb: start LeaderState
2019-07-14 16:34:04,893 INFO  segmented.SegmentedRaftLogWorker (SegmentedRaftLogWorker.java:startLogSegment(380)) - 9445bbf2-462d-437b-aeef-056db19f15cb-SegmentedRaftLogWorker:Storage Directory /workdir/hadoop-ozone/integration-test/target/test-dir/MiniOzoneClusterImpl-9c60e482-b1fd-4cc4-81aa-d9340c8f8ba8/datanode-1/data/ratis/7cf3959d-dab3-4c17-a7b6-15fcd6e64c2a: Starting segment from index:0
2019-07-14 16:34:04,894 INFO  impl.RaftServerImpl (ServerState.java:setRaftConf(361)) - 9445bbf2-462d-437b-aeef-056db19f15cb:group-15FCD6E64C2A set configuration 0: [9445bbf2-462d-437b-aeef-056db19f15cb:192.168.69.77:41032], old=null at 0
2019-07-14 16:34:04,921 INFO  segmented.SegmentedRaftLogWorker (SegmentedRaftLogWorker.java:execute(569)) - 9445bbf2-462d-437b-aeef-056db19f15cb-SegmentedRaftLogWorker:Storage Directory /workdir/hadoop-ozone/integration-test/target/test-dir/MiniOzoneClusterImpl-9c60e482-b1fd-4cc4-81aa-d9340c8f8ba8/datanode-1/data/ratis/7cf3959d-dab3-4c17-a7b6-15fcd6e64c2a: created new log segment /workdir/hadoop-ozone/integration-test/target/test-dir/MiniOzoneClusterImpl-9c60e482-b1fd-4cc4-81aa-d9340c8f8ba8/datanode-1/data/ratis/7cf3959d-dab3-4c17-a7b6-15fcd6e64c2a/current/log_inprogress_0
2019-07-14 16:34:05,026 INFO  impl.FollowerState (FollowerState.java:run(106)) - 40e5c344-f305-4c60-9072-015c713e3dac:group-8F70BD2FFFE2 changes to CANDIDATE, lastRpcTime:5082, electionTimeout:5082ms
2019-07-14 16:34:05,026 INFO  impl.RoleInfo (RoleInfo.java:shutdownFollowerState(121)) - 40e5c344-f305-4c60-9072-015c713e3dac: shutdown FollowerState
2019-07-14 16:34:05,026 INFO  impl.RaftServerImpl (RaftServerImpl.java:setRole(171)) - 40e5c344-f305-4c60-9072-015c713e3dac:group-8F70BD2FFFE2 changes role from FOLLOWER to CANDIDATE at term 0 for changeToCandidate
2019-07-14 16:34:05,026 INFO  impl.RoleInfo (RoleInfo.java:updateAndGet(143)) - 40e5c344-f305-4c60-9072-015c713e3dac: start LeaderElection
2019-07-14 16:34:05,045 INFO  impl.FollowerState (FollowerState.java:run(106)) - 40e5c344-f305-4c60-9072-015c713e3dac:group-DA5270E9E05E changes to CANDIDATE, lastRpcTime:5162, electionTimeout:5162ms
2019-07-14 16:34:05,046 INFO  impl.RoleInfo (RoleInfo.java:shutdownFollowerState(121)) - 40e5c344-f305-4c60-9072-015c713e3dac: shutdown FollowerState
2019-07-14 16:34:05,046 INFO  impl.RaftServerImpl (RaftServerImpl.java:setRole(171)) - 40e5c344-f305-4c60-9072-015c713e3dac:group-DA5270E9E05E changes role from FOLLOWER to CANDIDATE at term 0 for changeToCandidate
2019-07-14 16:34:05,046 INFO  impl.RoleInfo (RoleInfo.java:updateAndGet(143)) - 40e5c344-f305-4c60-9072-015c713e3dac: start LeaderElection
2019-07-14 16:34:05,046 INFO  impl.LeaderElection (LeaderElection.java:askForVotes(181)) - 40e5c344-f305-4c60-9072-015c713e3dac:group-8F70BD2FFFE2:LeaderElection99: begin an election at term 1 for -1: [fa1fe8e2-562a-401d-baea-1faeff5131b9:192.168.69.77:36698, 9445bbf2-462d-437b-aeef-056db19f15cb:192.168.69.77:41032, 40e5c344-f305-4c60-9072-015c713e3dac:192.168.69.77:45386], old=null
2019-07-14 16:34:05,055 INFO  impl.FollowerState (FollowerState.java:run(106)) - 44864524-38b9-4fd5-aa68-b44cdb3418c7:group-006489345B43 changes to CANDIDATE, lastRpcTime:5008, electionTimeout:5007ms
2019-07-14 16:34:05,055 INFO  impl.RoleInfo (RoleInfo.java:shutdownFollowerState(121)) - 44864524-38b9-4fd5-aa68-b44cdb3418c7: shutdown FollowerState
2019-07-14 16:34:05,055 INFO  impl.RaftServerImpl (RaftServerImpl.java:setRole(171)) - 44864524-38b9-4fd5-aa68-b44cdb3418c7:group-006489345B43 changes role from FOLLOWER to CANDIDATE at term 0 for changeToCandidate
2019-07-14 16:34:05,055 INFO  impl.RoleInfo (RoleInfo.java:updateAndGet(143)) - 44864524-38b9-4fd5-aa68-b44cdb3418c7: start LeaderElection
2019-07-14 16:34:05,063 INFO  impl.RaftServerImpl (RaftServerImpl.java:setRole(171)) - 9445bbf2-462d-437b-aeef-056db19f15cb:group-8F70BD2FFFE2 changes role from FOLLOWER to FOLLOWER at term 1 for recognizeCandidate:40e5c344-f305-4c60-9072-015c713e3dac
2019-07-14 16:34:05,065 INFO  impl.RaftServerImpl (RaftServerImpl.java:setRole(171)) - fa1fe8e2-562a-401d-baea-1faeff5131b9:group-8F70BD2FFFE2 changes role from FOLLOWER to FOLLOWER at term 1 for recognizeCandidate:40e5c344-f305-4c60-9072-015c713e3dac
2019-07-14 16:34:05,066 INFO  impl.RoleInfo (RoleInfo.java:shutdownFollowerState(121)) - 9445bbf2-462d-437b-aeef-056db19f15cb: shutdown FollowerState
2019-07-14 16:34:05,063 INFO  impl.LeaderElection (LeaderElection.java:askForVotes(181)) - 40e5c344-f305-4c60-9072-015c713e3dac:group-DA5270E9E05E:LeaderElection100: begin an election at term 1 for -1: [40e5c344-f305-4c60-9072-015c713e3dac:192.168.69.77:45386], old=null
2019-07-14 16:34:05,066 INFO  impl.FollowerState (FollowerState.java:run(114)) - 9445bbf2-462d-437b-aeef-056db19f15cb: FollowerState was interrupted: java.lang.InterruptedException: sleep interrupted
2019-07-14 16:34:05,066 INFO  impl.RoleInfo (RoleInfo.java:updateAndGet(143)) - 9445bbf2-462d-437b-aeef-056db19f15cb: start FollowerState
2019-07-14 16:34:05,066 INFO  impl.RoleInfo (RoleInfo.java:shutdownFollowerState(121)) - fa1fe8e2-562a-401d-baea-1faeff5131b9: shutdown FollowerState
2019-07-14 16:34:05,067 INFO  impl.RoleInfo (RoleInfo.java:updateAndGet(143)) - fa1fe8e2-562a-401d-baea-1faeff5131b9: start FollowerState
2019-07-14 16:34:05,066 INFO  impl.RoleInfo (RoleInfo.java:shutdownLeaderElection(134)) - 40e5c344-f305-4c60-9072-015c713e3dac: shutdown LeaderElection
2019-07-14 16:34:05,067 INFO  impl.FollowerState (FollowerState.java:run(114)) - fa1fe8e2-562a-401d-baea-1faeff5131b9: FollowerState was interrupted: java.lang.InterruptedException: sleep interrupted
2019-07-14 16:34:05,067 INFO  impl.RaftServerImpl (RaftServerImpl.java:setRole(171)) - 40e5c344-f305-4c60-9072-015c713e3dac:group-DA5270E9E05E changes role from CANDIDATE to LEADER at term 1 for changeToLeader
2019-07-14 16:34:05,067 INFO  impl.RaftServerImpl (ServerState.java:setLeader(263)) - 40e5c344-f305-4c60-9072-015c713e3dac:group-DA5270E9E05E change Leader from null to 40e5c344-f305-4c60-9072-015c713e3dac at term 1 for becomeLeader, leader elected after 5188ms
2019-07-14 16:34:05,069 INFO  server.RaftServerConfigKeys (ConfUtils.java:logGet(43)) - raft.server.staging.catchup.gap = 1000 (default)
2019-07-14 16:34:05,070 INFO  server.RaftServerConfigKeys (ConfUtils.java:logGet(43)) - raft.server.rpc.sleep.time = 25ms (default)
2019-07-14 16:34:05,070 INFO  server.RaftServerConfigKeys (ConfUtils.java:logGet(43)) - raft.server.write.element-limit = 4096 (default)
2019-07-14 16:34:05,070 INFO  server.RaftServerConfigKeys (ConfUtils.java:logGet(43)) - raft.server.watch.timeout = 10s (default)
2019-07-14 16:34:05,070 INFO  server.RaftServerConfigKeys (ConfUtils.java:logGet(43)) - raft.server.watch.timeout.denomination = 1s (default)
2019-07-14 16:34:05,070 INFO  server.RaftServerConfigKeys (ConfUtils.java:logGet(43)) - raft.server.watch.element-limit = 65536 (default)
2019-07-14 16:34:05,070 INFO  impl.RoleInfo (RoleInfo.java:updateAndGet(143)) - 40e5c344-f305-4c60-9072-015c713e3dac: start LeaderState
2019-07-14 16:34:05,071 INFO  segmented.SegmentedRaftLogWorker (SegmentedRaftLogWorker.java:startLogSegment(380)) - 40e5c344-f305-4c60-9072-015c713e3dac-SegmentedRaftLogWorker:Storage Directory /workdir/hadoop-ozone/integration-test/target/test-dir/MiniOzoneClusterImpl-9c60e482-b1fd-4cc4-81aa-d9340c8f8ba8/datanode-2/data/ratis/6c6c9cf4-fbdc-409b-8e83-da5270e9e05e: Starting segment from index:0
2019-07-14 16:34:05,071 INFO  impl.RaftServerImpl (ServerState.java:setRaftConf(361)) - 40e5c344-f305-4c60-9072-015c713e3dac:group-DA5270E9E05E set configuration 0: [40e5c344-f305-4c60-9072-015c713e3dac:192.168.69.77:45386], old=null at 0
2019-07-14 16:34:05,074 INFO  impl.LeaderElection (LeaderElection.java:askForVotes(181)) - 44864524-38b9-4fd5-aa68-b44cdb3418c7:group-006489345B43:LeaderElection101: begin an election at term 1 for -1: [44864524-38b9-4fd5-aa68-b44cdb3418c7:192.168.69.77:34200], old=null
2019-07-14 16:34:05,075 INFO  impl.RoleInfo (RoleInfo.java:shutdownLeaderElection(134)) - 44864524-38b9-4fd5-aa68-b44cdb3418c7: shutdown LeaderElection
2019-07-14 16:34:05,075 INFO  impl.RaftServerImpl (RaftServerImpl.java:setRole(171)) - 44864524-38b9-4fd5-aa68-b44cdb3418c7:group-006489345B43 changes role from CANDIDATE to LEADER at term 1 for changeToLeader
2019-07-14 16:34:05,075 INFO  impl.RaftServerImpl (ServerState.java:setLeader(263)) - 44864524-38b9-4fd5-aa68-b44cdb3418c7:group-006489345B43 change Leader from null to 44864524-38b9-4fd5-aa68-b44cdb3418c7 at term 1 for becomeLeader, leader elected after 5032ms
2019-07-14 16:34:05,088 INFO  server.RaftServerConfigKeys (ConfUtils.java:logGet(43)) - raft.server.staging.catchup.gap = 1000 (default)
2019-07-14 16:34:05,088 INFO  server.RaftServerConfigKeys (ConfUtils.java:logGet(43)) - raft.server.rpc.sleep.time = 25ms (default)
2019-07-14 16:34:05,088 INFO  server.RaftServerConfigKeys (ConfUtils.java:logGet(43)) - raft.server.write.element-limit = 4096 (default)
2019-07-14 16:34:05,088 INFO  server.RaftServerConfigKeys (ConfUtils.java:logGet(43)) - raft.server.watch.timeout = 10s (default)
2019-07-14 16:34:05,089 INFO  server.RaftServerConfigKeys (ConfUtils.java:logGet(43)) - raft.server.watch.timeout.denomination = 1s (default)
2019-07-14 16:34:05,089 INFO  server.RaftServerConfigKeys (ConfUtils.java:logGet(43)) - raft.server.watch.element-limit = 65536 (default)
2019-07-14 16:34:05,089 INFO  impl.RoleInfo (RoleInfo.java:updateAndGet(143)) - 44864524-38b9-4fd5-aa68-b44cdb3418c7: start LeaderState
2019-07-14 16:34:05,089 INFO  impl.LeaderElection (LeaderElection.java:logAndReturn(56)) - 40e5c344-f305-4c60-9072-015c713e3dac:group-8F70BD2FFFE2:LeaderElection99: Election PASSED; received 1 response(s) [40e5c344-f305-4c60-9072-015c713e3dac<-fa1fe8e2-562a-401d-baea-1faeff5131b9#0:OK-t1] and 0 exception(s); 40e5c344-f305-4c60-9072-015c713e3dac:t1, leader=null, voted=40e5c344-f305-4c60-9072-015c713e3dac, raftlog=40e5c344-f305-4c60-9072-015c713e3dac-SegmentedRaftLog:OPENED:c-1,f-1,i0, conf=-1: [fa1fe8e2-562a-401d-baea-1faeff5131b9:192.168.69.77:36698, 9445bbf2-462d-437b-aeef-056db19f15cb:192.168.69.77:41032, 40e5c344-f305-4c60-9072-015c713e3dac:192.168.69.77:45386], old=null
2019-07-14 16:34:05,089 INFO  segmented.SegmentedRaftLogWorker (SegmentedRaftLogWorker.java:startLogSegment(380)) - 44864524-38b9-4fd5-aa68-b44cdb3418c7-SegmentedRaftLogWorker:Storage Directory /workdir/hadoop-ozone/integration-test/target/test-dir/MiniOzoneClusterImpl-9c60e482-b1fd-4cc4-81aa-d9340c8f8ba8/datanode-3/data/ratis/80076c21-8290-444e-bf23-006489345b43: Starting segment from index:0
2019-07-14 16:34:05,089 INFO  impl.RoleInfo (RoleInfo.java:shutdownLeaderElection(134)) - 40e5c344-f305-4c60-9072-015c713e3dac: shutdown LeaderElection
2019-07-14 16:34:05,089 INFO  impl.RaftServerImpl (RaftServerImpl.java:setRole(171)) - 40e5c344-f305-4c60-9072-015c713e3dac:group-8F70BD2FFFE2 changes role from CANDIDATE to LEADER at term 1 for changeToLeader
2019-07-14 16:34:05,089 INFO  impl.RaftServerImpl (ServerState.java:setLeader(263)) - 40e5c344-f305-4c60-9072-015c713e3dac:group-8F70BD2FFFE2 change Leader from null to 40e5c344-f305-4c60-9072-015c713e3dac at term 1 for becomeLeader, leader elected after 5155ms
2019-07-14 16:34:05,089 INFO  server.RaftServerConfigKeys (ConfUtils.java:logGet(43)) - raft.server.staging.catchup.gap = 1000 (default)
2019-07-14 16:34:05,090 INFO  impl.RaftServerImpl (ServerState.java:setRaftConf(361)) - 44864524-38b9-4fd5-aa68-b44cdb3418c7:group-006489345B43 set configuration 0: [44864524-38b9-4fd5-aa68-b44cdb3418c7:192.168.69.77:34200], old=null at 0
2019-07-14 16:34:05,090 INFO  server.RaftServerConfigKeys (ConfUtils.java:logGet(43)) - raft.server.rpc.sleep.time = 25ms (default)
2019-07-14 16:34:05,090 INFO  server.RaftServerConfigKeys (ConfUtils.java:logGet(43)) - raft.server.write.element-limit = 4096 (default)
2019-07-14 16:34:05,090 INFO  server.RaftServerConfigKeys (ConfUtils.java:logGet(43)) - raft.server.watch.timeout = 10s (default)
2019-07-14 16:34:05,090 INFO  server.RaftServerConfigKeys (ConfUtils.java:logGet(43)) - raft.server.watch.timeout.denomination = 1s (default)
2019-07-14 16:34:05,090 INFO  server.RaftServerConfigKeys (ConfUtils.java:logGet(43)) - raft.server.watch.element-limit = 65536 (default)
2019-07-14 16:34:05,090 INFO  server.RaftServerConfigKeys (ConfUtils.java:logGet(43)) - raft.server.log.appender.snapshot.chunk.size.max = 16MB (=16777216) (default)
2019-07-14 16:34:05,090 INFO  server.RaftServerConfigKeys (ConfUtils.java:logGet(43)) - raft.server.log.appender.buffer.byte-limit = 33554432 (custom)
2019-07-14 16:34:05,090 INFO  server.RaftServerConfigKeys (ConfUtils.java:logGet(43)) - raft.server.log.appender.buffer.element-limit = 1 (custom)
2019-07-14 16:34:05,091 INFO  grpc.GrpcConfigKeys$Server (ConfUtils.java:logGet(43)) - raft.grpc.server.leader.outstanding.appends.max = 128 (default)
2019-07-14 16:34:05,091 INFO  server.RaftServerConfigKeys (ConfUtils.java:logGet(43)) - raft.server.rpc.request.timeout = 3000ms (default)
2019-07-14 16:34:05,091 INFO  server.RaftServerConfigKeys (ConfUtils.java:logGet(43)) - raft.server.log.appender.install.snapshot.enabled = false (custom)
2019-07-14 16:34:05,091 INFO  server.RaftServerConfigKeys (ConfUtils.java:logGet(43)) - raft.server.log.appender.snapshot.chunk.size.max = 16MB (=16777216) (default)
2019-07-14 16:34:05,091 INFO  server.RaftServerConfigKeys (ConfUtils.java:logGet(43)) - raft.server.log.appender.buffer.byte-limit = 33554432 (custom)
2019-07-14 16:34:05,091 INFO  server.RaftServerConfigKeys (ConfUtils.java:logGet(43)) - raft.server.log.appender.buffer.element-limit = 1 (custom)
2019-07-14 16:34:05,091 INFO  grpc.GrpcConfigKeys$Server (ConfUtils.java:logGet(43)) - raft.grpc.server.leader.outstanding.appends.max = 128 (default)
2019-07-14 16:34:05,091 INFO  server.RaftServerConfigKeys (ConfUtils.java:logGet(43)) - raft.server.rpc.request.timeout = 3000ms (default)
2019-07-14 16:34:05,091 INFO  server.RaftServerConfigKeys (ConfUtils.java:logGet(43)) - raft.server.log.appender.install.snapshot.enabled = false (custom)
2019-07-14 16:34:05,091 INFO  impl.RoleInfo (RoleInfo.java:updateAndGet(143)) - 40e5c344-f305-4c60-9072-015c713e3dac: start LeaderState
2019-07-14 16:34:05,092 INFO  segmented.SegmentedRaftLogWorker (SegmentedRaftLogWorker.java:startLogSegment(380)) - 40e5c344-f305-4c60-9072-015c713e3dac-SegmentedRaftLogWorker:Storage Directory /workdir/hadoop-ozone/integration-test/target/test-dir/MiniOzoneClusterImpl-9c60e482-b1fd-4cc4-81aa-d9340c8f8ba8/datanode-2/data/ratis/73f73552-858c-4638-a908-8f70bd2fffe2: Starting segment from index:0
2019-07-14 16:34:05,093 INFO  impl.RaftServerImpl (ServerState.java:setRaftConf(361)) - 40e5c344-f305-4c60-9072-015c713e3dac:group-8F70BD2FFFE2 set configuration 0: [fa1fe8e2-562a-401d-baea-1faeff5131b9:192.168.69.77:36698, 9445bbf2-462d-437b-aeef-056db19f15cb:192.168.69.77:41032, 40e5c344-f305-4c60-9072-015c713e3dac:192.168.69.77:45386], old=null at 0
2019-07-14 16:34:05,113 INFO  impl.RaftServerImpl (ServerState.java:setLeader(263)) - fa1fe8e2-562a-401d-baea-1faeff5131b9:group-8F70BD2FFFE2 change Leader from null to 40e5c344-f305-4c60-9072-015c713e3dac at term 1 for appendEntries, leader elected after 5178ms
2019-07-14 16:34:05,113 INFO  segmented.SegmentedRaftLogWorker (SegmentedRaftLogWorker.java:execute(569)) - 40e5c344-f305-4c60-9072-015c713e3dac-SegmentedRaftLogWorker:Storage Directory /workdir/hadoop-ozone/integration-test/target/test-dir/MiniOzoneClusterImpl-9c60e482-b1fd-4cc4-81aa-d9340c8f8ba8/datanode-2/data/ratis/6c6c9cf4-fbdc-409b-8e83-da5270e9e05e: created new log segment /workdir/hadoop-ozone/integration-test/target/test-dir/MiniOzoneClusterImpl-9c60e482-b1fd-4cc4-81aa-d9340c8f8ba8/datanode-2/data/ratis/6c6c9cf4-fbdc-409b-8e83-da5270e9e05e/current/log_inprogress_0
2019-07-14 16:34:05,113 INFO  impl.RaftServerImpl (ServerState.java:setLeader(263)) - 9445bbf2-462d-437b-aeef-056db19f15cb:group-8F70BD2FFFE2 change Leader from null to 40e5c344-f305-4c60-9072-015c713e3dac at term 1 for appendEntries, leader elected after 5178ms
2019-07-14 16:34:05,115 INFO  impl.RaftServerImpl (ServerState.java:setRaftConf(361)) - fa1fe8e2-562a-401d-baea-1faeff5131b9:group-8F70BD2FFFE2 set configuration 0: [fa1fe8e2-562a-401d-baea-1faeff5131b9:192.168.69.77:36698, 9445bbf2-462d-437b-aeef-056db19f15cb:192.168.69.77:41032, 40e5c344-f305-4c60-9072-015c713e3dac:192.168.69.77:45386], old=null at 0
2019-07-14 16:34:05,115 INFO  impl.RaftServerImpl (ServerState.java:setRaftConf(361)) - 9445bbf2-462d-437b-aeef-056db19f15cb:group-8F70BD2FFFE2 set configuration 0: [fa1fe8e2-562a-401d-baea-1faeff5131b9:192.168.69.77:36698, 9445bbf2-462d-437b-aeef-056db19f15cb:192.168.69.77:41032, 40e5c344-f305-4c60-9072-015c713e3dac:192.168.69.77:45386], old=null at 0
2019-07-14 16:34:05,115 INFO  segmented.SegmentedRaftLogWorker (SegmentedRaftLogWorker.java:startLogSegment(380)) - fa1fe8e2-562a-401d-baea-1faeff5131b9-SegmentedRaftLogWorker:Storage Directory /workdir/hadoop-ozone/integration-test/target/test-dir/MiniOzoneClusterImpl-9c60e482-b1fd-4cc4-81aa-d9340c8f8ba8/datanode-0/data/ratis/73f73552-858c-4638-a908-8f70bd2fffe2: Starting segment from index:0
2019-07-14 16:34:05,115 INFO  segmented.SegmentedRaftLogWorker (SegmentedRaftLogWorker.java:startLogSegment(380)) - 9445bbf2-462d-437b-aeef-056db19f15cb-SegmentedRaftLogWorker:Storage Directory /workdir/hadoop-ozone/integration-test/target/test-dir/MiniOzoneClusterImpl-9c60e482-b1fd-4cc4-81aa-d9340c8f8ba8/datanode-1/data/ratis/73f73552-858c-4638-a908-8f70bd2fffe2: Starting segment from index:0
2019-07-14 16:34:05,126 INFO  segmented.SegmentedRaftLogWorker (SegmentedRaftLogWorker.java:execute(569)) - 40e5c344-f305-4c60-9072-015c713e3dac-SegmentedRaftLogWorker:Storage Directory /workdir/hadoop-ozone/integration-test/target/test-dir/MiniOzoneClusterImpl-9c60e482-b1fd-4cc4-81aa-d9340c8f8ba8/datanode-2/data/ratis/73f73552-858c-4638-a908-8f70bd2fffe2: created new log segment /workdir/hadoop-ozone/integration-test/target/test-dir/MiniOzoneClusterImpl-9c60e482-b1fd-4cc4-81aa-d9340c8f8ba8/datanode-2/data/ratis/73f73552-858c-4638-a908-8f70bd2fffe2/current/log_inprogress_0
2019-07-14 16:34:05,126 INFO  segmented.SegmentedRaftLogWorker (SegmentedRaftLogWorker.java:execute(569)) - 44864524-38b9-4fd5-aa68-b44cdb3418c7-SegmentedRaftLogWorker:Storage Directory /workdir/hadoop-ozone/integration-test/target/test-dir/MiniOzoneClusterImpl-9c60e482-b1fd-4cc4-81aa-d9340c8f8ba8/datanode-3/data/ratis/80076c21-8290-444e-bf23-006489345b43: created new log segment /workdir/hadoop-ozone/integration-test/target/test-dir/MiniOzoneClusterImpl-9c60e482-b1fd-4cc4-81aa-d9340c8f8ba8/datanode-3/data/ratis/80076c21-8290-444e-bf23-006489345b43/current/log_inprogress_0
2019-07-14 16:34:05,140 INFO  segmented.SegmentedRaftLogWorker (SegmentedRaftLogWorker.java:execute(569)) - 9445bbf2-462d-437b-aeef-056db19f15cb-SegmentedRaftLogWorker:Storage Directory /workdir/hadoop-ozone/integration-test/target/test-dir/MiniOzoneClusterImpl-9c60e482-b1fd-4cc4-81aa-d9340c8f8ba8/datanode-1/data/ratis/73f73552-858c-4638-a908-8f70bd2fffe2: created new log segment /workdir/hadoop-ozone/integration-test/target/test-dir/MiniOzoneClusterImpl-9c60e482-b1fd-4cc4-81aa-d9340c8f8ba8/datanode-1/data/ratis/73f73552-858c-4638-a908-8f70bd2fffe2/current/log_inprogress_0
2019-07-14 16:34:05,140 INFO  segmented.SegmentedRaftLogWorker (SegmentedRaftLogWorker.java:execute(569)) - fa1fe8e2-562a-401d-baea-1faeff5131b9-SegmentedRaftLogWorker:Storage Directory /workdir/hadoop-ozone/integration-test/target/test-dir/MiniOzoneClusterImpl-9c60e482-b1fd-4cc4-81aa-d9340c8f8ba8/datanode-0/data/ratis/73f73552-858c-4638-a908-8f70bd2fffe2: created new log segment /workdir/hadoop-ozone/integration-test/target/test-dir/MiniOzoneClusterImpl-9c60e482-b1fd-4cc4-81aa-d9340c8f8ba8/datanode-0/data/ratis/73f73552-858c-4638-a908-8f70bd2fffe2/current/log_inprogress_0
2019-07-14 16:34:05,376 INFO  impl.FollowerState (FollowerState.java:run(106)) - b0dc493c-1720-4638-b385-57fe15548c4a:group-56B6167D8C9F changes to CANDIDATE, lastRpcTime:5153, electionTimeout:5153ms
2019-07-14 16:34:05,376 INFO  impl.RoleInfo (RoleInfo.java:shutdownFollowerState(121)) - b0dc493c-1720-4638-b385-57fe15548c4a: shutdown FollowerState
2019-07-14 16:34:05,376 INFO  impl.RaftServerImpl (RaftServerImpl.java:setRole(171)) - b0dc493c-1720-4638-b385-57fe15548c4a:group-56B6167D8C9F changes role from FOLLOWER to CANDIDATE at term 0 for changeToCandidate
2019-07-14 16:34:05,376 INFO  impl.RoleInfo (RoleInfo.java:updateAndGet(143)) - b0dc493c-1720-4638-b385-57fe15548c4a: start LeaderElection
2019-07-14 16:34:05,397 INFO  impl.LeaderElection (LeaderElection.java:askForVotes(181)) - b0dc493c-1720-4638-b385-57fe15548c4a:group-56B6167D8C9F:LeaderElection102: begin an election at term 1 for -1: [b0dc493c-1720-4638-b385-57fe15548c4a:192.168.69.77:38428], old=null
2019-07-14 16:34:05,397 INFO  impl.RoleInfo (RoleInfo.java:shutdownLeaderElection(134)) - b0dc493c-1720-4638-b385-57fe15548c4a: shutdown LeaderElection
2019-07-14 16:34:05,397 INFO  impl.RaftServerImpl (RaftServerImpl.java:setRole(171)) - b0dc493c-1720-4638-b385-57fe15548c4a:group-56B6167D8C9F changes role from CANDIDATE to LEADER at term 1 for changeToLeader
2019-07-14 16:34:05,397 INFO  impl.RaftServerImpl (ServerState.java:setLeader(263)) - b0dc493c-1720-4638-b385-57fe15548c4a:group-56B6167D8C9F change Leader from null to b0dc493c-1720-4638-b385-57fe15548c4a at term 1 for becomeLeader, leader elected after 5179ms
2019-07-14 16:34:05,400 INFO  server.RaftServerConfigKeys (ConfUtils.java:logGet(43)) - raft.server.staging.catchup.gap = 1000 (default)
2019-07-14 16:34:05,400 INFO  server.RaftServerConfigKeys (ConfUtils.java:logGet(43)) - raft.server.rpc.sleep.time = 25ms (default)
2019-07-14 16:34:05,400 INFO  server.RaftServerConfigKeys (ConfUtils.java:logGet(43)) - raft.server.write.element-limit = 4096 (default)
2019-07-14 16:34:05,400 INFO  server.RaftServerConfigKeys (ConfUtils.java:logGet(43)) - raft.server.watch.timeout = 10s (default)
2019-07-14 16:34:05,400 INFO  server.RaftServerConfigKeys (ConfUtils.java:logGet(43)) - raft.server.watch.timeout.denomination = 1s (default)
2019-07-14 16:34:05,400 INFO  server.RaftServerConfigKeys (ConfUtils.java:logGet(43)) - raft.server.watch.element-limit = 65536 (default)
2019-07-14 16:34:05,401 INFO  impl.RoleInfo (RoleInfo.java:updateAndGet(143)) - b0dc493c-1720-4638-b385-57fe15548c4a: start LeaderState
2019-07-14 16:34:05,401 INFO  segmented.SegmentedRaftLogWorker (SegmentedRaftLogWorker.java:startLogSegment(380)) - b0dc493c-1720-4638-b385-57fe15548c4a-SegmentedRaftLogWorker:Storage Directory /workdir/hadoop-ozone/integration-test/target/test-dir/MiniOzoneClusterImpl-9c60e482-b1fd-4cc4-81aa-d9340c8f8ba8/datanode-4/data/ratis/049ea0cb-412a-4675-8c2d-56b6167d8c9f: Starting segment from index:0
2019-07-14 16:34:05,401 INFO  impl.RaftServerImpl (ServerState.java:setRaftConf(361)) - b0dc493c-1720-4638-b385-57fe15548c4a:group-56B6167D8C9F set configuration 0: [b0dc493c-1720-4638-b385-57fe15548c4a:192.168.69.77:38428], old=null at 0
2019-07-14 16:34:05,430 INFO  segmented.SegmentedRaftLogWorker (SegmentedRaftLogWorker.java:execute(569)) - b0dc493c-1720-4638-b385-57fe15548c4a-SegmentedRaftLogWorker:Storage Directory /workdir/hadoop-ozone/integration-test/target/test-dir/MiniOzoneClusterImpl-9c60e482-b1fd-4cc4-81aa-d9340c8f8ba8/datanode-4/data/ratis/049ea0cb-412a-4675-8c2d-56b6167d8c9f: created new log segment /workdir/hadoop-ozone/integration-test/target/test-dir/MiniOzoneClusterImpl-9c60e482-b1fd-4cc4-81aa-d9340c8f8ba8/datanode-4/data/ratis/049ea0cb-412a-4675-8c2d-56b6167d8c9f/current/log_inprogress_0
2019-07-14 16:34:05,481 INFO  impl.FollowerState (FollowerState.java:run(106)) - e796987e-4e8a-47d2-b556-5927fd53432f:group-B969C313150D changes to CANDIDATE, lastRpcTime:5020, electionTimeout:5020ms
2019-07-14 16:34:05,482 INFO  impl.RoleInfo (RoleInfo.java:shutdownFollowerState(121)) - e796987e-4e8a-47d2-b556-5927fd53432f: shutdown FollowerState
2019-07-14 16:34:05,482 INFO  impl.RaftServerImpl (RaftServerImpl.java:setRole(171)) - e796987e-4e8a-47d2-b556-5927fd53432f:group-B969C313150D changes role from FOLLOWER to CANDIDATE at term 0 for changeToCandidate
2019-07-14 16:34:05,482 INFO  impl.RoleInfo (RoleInfo.java:updateAndGet(143)) - e796987e-4e8a-47d2-b556-5927fd53432f: start LeaderElection
2019-07-14 16:34:05,498 INFO  impl.LeaderElection (LeaderElection.java:askForVotes(181)) - e796987e-4e8a-47d2-b556-5927fd53432f:group-B969C313150D:LeaderElection103: begin an election at term 1 for -1: [44864524-38b9-4fd5-aa68-b44cdb3418c7:192.168.69.77:34200, b0dc493c-1720-4638-b385-57fe15548c4a:192.168.69.77:38428, e796987e-4e8a-47d2-b556-5927fd53432f:192.168.69.77:35801], old=null
2019-07-14 16:34:05,502 INFO  impl.RaftServerImpl (RaftServerImpl.java:setRole(171)) - b0dc493c-1720-4638-b385-57fe15548c4a:group-B969C313150D changes role from FOLLOWER to FOLLOWER at term 1 for recognizeCandidate:e796987e-4e8a-47d2-b556-5927fd53432f
2019-07-14 16:34:05,502 INFO  impl.RaftServerImpl (RaftServerImpl.java:setRole(171)) - 44864524-38b9-4fd5-aa68-b44cdb3418c7:group-B969C313150D changes role from FOLLOWER to FOLLOWER at term 1 for recognizeCandidate:e796987e-4e8a-47d2-b556-5927fd53432f
2019-07-14 16:34:05,503 INFO  impl.RoleInfo (RoleInfo.java:shutdownFollowerState(121)) - b0dc493c-1720-4638-b385-57fe15548c4a: shutdown FollowerState
2019-07-14 16:34:05,503 INFO  impl.RoleInfo (RoleInfo.java:shutdownFollowerState(121)) - 44864524-38b9-4fd5-aa68-b44cdb3418c7: shutdown FollowerState
2019-07-14 16:34:05,503 INFO  impl.FollowerState (FollowerState.java:run(114)) - b0dc493c-1720-4638-b385-57fe15548c4a: FollowerState was interrupted: java.lang.InterruptedException: sleep interrupted
2019-07-14 16:34:05,503 INFO  impl.RoleInfo (RoleInfo.java:updateAndGet(143)) - b0dc493c-1720-4638-b385-57fe15548c4a: start FollowerState
2019-07-14 16:34:05,503 INFO  impl.FollowerState (FollowerState.java:run(114)) - 44864524-38b9-4fd5-aa68-b44cdb3418c7: FollowerState was interrupted: java.lang.InterruptedException: sleep interrupted
2019-07-14 16:34:05,503 INFO  impl.RoleInfo (RoleInfo.java:updateAndGet(143)) - 44864524-38b9-4fd5-aa68-b44cdb3418c7: start FollowerState
2019-07-14 16:34:05,518 INFO  impl.LeaderElection (LeaderElection.java:logAndReturn(56)) - e796987e-4e8a-47d2-b556-5927fd53432f:group-B969C313150D:LeaderElection103: Election PASSED; received 1 response(s) [e796987e-4e8a-47d2-b556-5927fd53432f<-b0dc493c-1720-4638-b385-57fe15548c4a#0:OK-t1] and 0 exception(s); e796987e-4e8a-47d2-b556-5927fd53432f:t1, leader=null, voted=e796987e-4e8a-47d2-b556-5927fd53432f, raftlog=e796987e-4e8a-47d2-b556-5927fd53432f-SegmentedRaftLog:OPENED:c-1,f-1,i0, conf=-1: [44864524-38b9-4fd5-aa68-b44cdb3418c7:192.168.69.77:34200, b0dc493c-1720-4638-b385-57fe15548c4a:192.168.69.77:38428, e796987e-4e8a-47d2-b556-5927fd53432f:192.168.69.77:35801], old=null
2019-07-14 16:34:05,518 INFO  impl.RoleInfo (RoleInfo.java:shutdownLeaderElection(134)) - e796987e-4e8a-47d2-b556-5927fd53432f: shutdown LeaderElection
2019-07-14 16:34:05,518 INFO  impl.RaftServerImpl (RaftServerImpl.java:setRole(171)) - e796987e-4e8a-47d2-b556-5927fd53432f:group-B969C313150D changes role from CANDIDATE to LEADER at term 1 for changeToLeader
2019-07-14 16:34:05,518 INFO  impl.RaftServerImpl (ServerState.java:setLeader(263)) - e796987e-4e8a-47d2-b556-5927fd53432f:group-B969C313150D change Leader from null to e796987e-4e8a-47d2-b556-5927fd53432f at term 1 for becomeLeader, leader elected after 5069ms
2019-07-14 16:34:05,521 INFO  server.RaftServerConfigKeys (ConfUtils.java:logGet(43)) - raft.server.staging.catchup.gap = 1000 (default)
2019-07-14 16:34:05,521 INFO  server.RaftServerConfigKeys (ConfUtils.java:logGet(43)) - raft.server.rpc.sleep.time = 25ms (default)
2019-07-14 16:34:05,522 INFO  server.RaftServerConfigKeys (ConfUtils.java:logGet(43)) - raft.server.write.element-limit = 4096 (default)
2019-07-14 16:34:05,522 INFO  server.RaftServerConfigKeys (ConfUtils.java:logGet(43)) - raft.server.watch.timeout = 10s (default)
2019-07-14 16:34:05,522 INFO  server.RaftServerConfigKeys (ConfUtils.java:logGet(43)) - raft.server.watch.timeout.denomination = 1s (default)
2019-07-14 16:34:05,522 INFO  server.RaftServerConfigKeys (ConfUtils.java:logGet(43)) - raft.server.watch.element-limit = 65536 (default)
2019-07-14 16:34:05,522 INFO  server.RaftServerConfigKeys (ConfUtils.java:logGet(43)) - raft.server.log.appender.snapshot.chunk.size.max = 16MB (=16777216) (default)
2019-07-14 16:34:05,522 INFO  server.RaftServerConfigKeys (ConfUtils.java:logGet(43)) - raft.server.log.appender.buffer.byte-limit = 33554432 (custom)
2019-07-14 16:34:05,523 INFO  server.RaftServerConfigKeys (ConfUtils.java:logGet(43)) - raft.server.log.appender.buffer.element-limit = 1 (custom)
2019-07-14 16:34:05,523 INFO  grpc.GrpcConfigKeys$Server (ConfUtils.java:logGet(43)) - raft.grpc.server.leader.outstanding.appends.max = 128 (default)
2019-07-14 16:34:05,523 INFO  server.RaftServerConfigKeys (ConfUtils.java:logGet(43)) - raft.server.rpc.request.timeout = 3000ms (default)
2019-07-14 16:34:05,523 INFO  server.RaftServerConfigKeys (ConfUtils.java:logGet(43)) - raft.server.log.appender.install.snapshot.enabled = false (custom)
2019-07-14 16:34:05,523 INFO  server.RaftServerConfigKeys (ConfUtils.java:logGet(43)) - raft.server.log.appender.snapshot.chunk.size.max = 16MB (=16777216) (default)
2019-07-14 16:34:05,523 INFO  server.RaftServerConfigKeys (ConfUtils.java:logGet(43)) - raft.server.log.appender.buffer.byte-limit = 33554432 (custom)
2019-07-14 16:34:05,524 INFO  server.RaftServerConfigKeys (ConfUtils.java:logGet(43)) - raft.server.log.appender.buffer.element-limit = 1 (custom)
2019-07-14 16:34:05,524 INFO  grpc.GrpcConfigKeys$Server (ConfUtils.java:logGet(43)) - raft.grpc.server.leader.outstanding.appends.max = 128 (default)
2019-07-14 16:34:05,524 INFO  server.RaftServerConfigKeys (ConfUtils.java:logGet(43)) - raft.server.rpc.request.timeout = 3000ms (default)
2019-07-14 16:34:05,524 INFO  server.RaftServerConfigKeys (ConfUtils.java:logGet(43)) - raft.server.log.appender.install.snapshot.enabled = false (custom)
2019-07-14 16:34:05,524 INFO  impl.RoleInfo (RoleInfo.java:updateAndGet(143)) - e796987e-4e8a-47d2-b556-5927fd53432f: start LeaderState
2019-07-14 16:34:05,524 INFO  segmented.SegmentedRaftLogWorker (SegmentedRaftLogWorker.java:startLogSegment(380)) - e796987e-4e8a-47d2-b556-5927fd53432f-SegmentedRaftLogWorker:Storage Directory /workdir/hadoop-ozone/integration-test/target/test-dir/MiniOzoneClusterImpl-9c60e482-b1fd-4cc4-81aa-d9340c8f8ba8/datanode-5/data/ratis/ce930d66-4a82-46cc-949d-b969c313150d: Starting segment from index:0
2019-07-14 16:34:05,525 INFO  impl.RaftServerImpl (ServerState.java:setRaftConf(361)) - e796987e-4e8a-47d2-b556-5927fd53432f:group-B969C313150D set configuration 0: [44864524-38b9-4fd5-aa68-b44cdb3418c7:192.168.69.77:34200, b0dc493c-1720-4638-b385-57fe15548c4a:192.168.69.77:38428, e796987e-4e8a-47d2-b556-5927fd53432f:192.168.69.77:35801], old=null at 0
2019-07-14 16:34:05,543 INFO  impl.RaftServerImpl (ServerState.java:setLeader(263)) - 44864524-38b9-4fd5-aa68-b44cdb3418c7:group-B969C313150D change Leader from null to e796987e-4e8a-47d2-b556-5927fd53432f at term 1 for appendEntries, leader elected after 5094ms
2019-07-14 16:34:05,546 INFO  impl.RaftServerImpl (ServerState.java:setLeader(263)) - b0dc493c-1720-4638-b385-57fe15548c4a:group-B969C313150D change Leader from null to e796987e-4e8a-47d2-b556-5927fd53432f at term 1 for appendEntries, leader elected after 5096ms
2019-07-14 16:34:05,547 INFO  impl.RaftServerImpl (ServerState.java:setRaftConf(361)) - 44864524-38b9-4fd5-aa68-b44cdb3418c7:group-B969C313150D set configuration 0: [44864524-38b9-4fd5-aa68-b44cdb3418c7:192.168.69.77:34200, b0dc493c-1720-4638-b385-57fe15548c4a:192.168.69.77:38428, e796987e-4e8a-47d2-b556-5927fd53432f:192.168.69.77:35801], old=null at 0
2019-07-14 16:34:05,548 INFO  impl.RaftServerImpl (ServerState.java:setRaftConf(361)) - b0dc493c-1720-4638-b385-57fe15548c4a:group-B969C313150D set configuration 0: [44864524-38b9-4fd5-aa68-b44cdb3418c7:192.168.69.77:34200, b0dc493c-1720-4638-b385-57fe15548c4a:192.168.69.77:38428, e796987e-4e8a-47d2-b556-5927fd53432f:192.168.69.77:35801], old=null at 0
2019-07-14 16:34:05,548 INFO  segmented.SegmentedRaftLogWorker (SegmentedRaftLogWorker.java:startLogSegment(380)) - 44864524-38b9-4fd5-aa68-b44cdb3418c7-SegmentedRaftLogWorker:Storage Directory /workdir/hadoop-ozone/integration-test/target/test-dir/MiniOzoneClusterImpl-9c60e482-b1fd-4cc4-81aa-d9340c8f8ba8/datanode-3/data/ratis/ce930d66-4a82-46cc-949d-b969c313150d: Starting segment from index:0
2019-07-14 16:34:05,548 INFO  segmented.SegmentedRaftLogWorker (SegmentedRaftLogWorker.java:startLogSegment(380)) - b0dc493c-1720-4638-b385-57fe15548c4a-SegmentedRaftLogWorker:Storage Directory /workdir/hadoop-ozone/integration-test/target/test-dir/MiniOzoneClusterImpl-9c60e482-b1fd-4cc4-81aa-d9340c8f8ba8/datanode-4/data/ratis/ce930d66-4a82-46cc-949d-b969c313150d: Starting segment from index:0
2019-07-14 16:34:05,556 INFO  segmented.SegmentedRaftLogWorker (SegmentedRaftLogWorker.java:execute(569)) - e796987e-4e8a-47d2-b556-5927fd53432f-SegmentedRaftLogWorker:Storage Directory /workdir/hadoop-ozone/integration-test/target/test-dir/MiniOzoneClusterImpl-9c60e482-b1fd-4cc4-81aa-d9340c8f8ba8/datanode-5/data/ratis/ce930d66-4a82-46cc-949d-b969c313150d: created new log segment /workdir/hadoop-ozone/integration-test/target/test-dir/MiniOzoneClusterImpl-9c60e482-b1fd-4cc4-81aa-d9340c8f8ba8/datanode-5/data/ratis/ce930d66-4a82-46cc-949d-b969c313150d/current/log_inprogress_0
2019-07-14 16:34:05,570 INFO  impl.FollowerState (FollowerState.java:run(106)) - e796987e-4e8a-47d2-b556-5927fd53432f:group-F8789A28EDBF changes to CANDIDATE, lastRpcTime:5180, electionTimeout:5180ms
2019-07-14 16:34:05,570 INFO  impl.RoleInfo (RoleInfo.java:shutdownFollowerState(121)) - e796987e-4e8a-47d2-b556-5927fd53432f: shutdown FollowerState
2019-07-14 16:34:05,570 INFO  impl.RaftServerImpl (RaftServerImpl.java:setRole(171)) - e796987e-4e8a-47d2-b556-5927fd53432f:group-F8789A28EDBF changes role from FOLLOWER to CANDIDATE at term 0 for changeToCandidate
2019-07-14 16:34:05,571 INFO  impl.RoleInfo (RoleInfo.java:updateAndGet(143)) - e796987e-4e8a-47d2-b556-5927fd53432f: start LeaderElection
2019-07-14 16:34:05,575 INFO  segmented.SegmentedRaftLogWorker (SegmentedRaftLogWorker.java:execute(569)) - 44864524-38b9-4fd5-aa68-b44cdb3418c7-SegmentedRaftLogWorker:Storage Directory /workdir/hadoop-ozone/integration-test/target/test-dir/MiniOzoneClusterImpl-9c60e482-b1fd-4cc4-81aa-d9340c8f8ba8/datanode-3/data/ratis/ce930d66-4a82-46cc-949d-b969c313150d: created new log segment /workdir/hadoop-ozone/integration-test/target/test-dir/MiniOzoneClusterImpl-9c60e482-b1fd-4cc4-81aa-d9340c8f8ba8/datanode-3/data/ratis/ce930d66-4a82-46cc-949d-b969c313150d/current/log_inprogress_0
2019-07-14 16:34:05,577 INFO  segmented.SegmentedRaftLogWorker (SegmentedRaftLogWorker.java:execute(569)) - b0dc493c-1720-4638-b385-57fe15548c4a-SegmentedRaftLogWorker:Storage Directory /workdir/hadoop-ozone/integration-test/target/test-dir/MiniOzoneClusterImpl-9c60e482-b1fd-4cc4-81aa-d9340c8f8ba8/datanode-4/data/ratis/ce930d66-4a82-46cc-949d-b969c313150d: created new log segment /workdir/hadoop-ozone/integration-test/target/test-dir/MiniOzoneClusterImpl-9c60e482-b1fd-4cc4-81aa-d9340c8f8ba8/datanode-4/data/ratis/ce930d66-4a82-46cc-949d-b969c313150d/current/log_inprogress_0
2019-07-14 16:34:05,587 INFO  impl.LeaderElection (LeaderElection.java:askForVotes(181)) - e796987e-4e8a-47d2-b556-5927fd53432f:group-F8789A28EDBF:LeaderElection104: begin an election at term 1 for -1: [e796987e-4e8a-47d2-b556-5927fd53432f:192.168.69.77:35801], old=null
2019-07-14 16:34:05,587 INFO  impl.RoleInfo (RoleInfo.java:shutdownLeaderElection(134)) - e796987e-4e8a-47d2-b556-5927fd53432f: shutdown LeaderElection
2019-07-14 16:34:05,587 INFO  impl.RaftServerImpl (RaftServerImpl.java:setRole(171)) - e796987e-4e8a-47d2-b556-5927fd53432f:group-F8789A28EDBF changes role from CANDIDATE to LEADER at term 1 for changeToLeader
2019-07-14 16:34:05,587 INFO  impl.RaftServerImpl (ServerState.java:setLeader(263)) - e796987e-4e8a-47d2-b556-5927fd53432f:group-F8789A28EDBF change Leader from null to e796987e-4e8a-47d2-b556-5927fd53432f at term 1 for becomeLeader, leader elected after 5200ms
2019-07-14 16:34:05,587 INFO  server.RaftServerConfigKeys (ConfUtils.java:logGet(43)) - raft.server.staging.catchup.gap = 1000 (default)
2019-07-14 16:34:05,587 INFO  server.RaftServerConfigKeys (ConfUtils.java:logGet(43)) - raft.server.rpc.sleep.time = 25ms (default)
2019-07-14 16:34:05,587 INFO  server.RaftServerConfigKeys (ConfUtils.java:logGet(43)) - raft.server.write.element-limit = 4096 (default)
2019-07-14 16:34:05,587 INFO  server.RaftServerConfigKeys (ConfUtils.java:logGet(43)) - raft.server.watch.timeout = 10s (default)
2019-07-14 16:34:05,587 INFO  server.RaftServerConfigKeys (ConfUtils.java:logGet(43)) - raft.server.watch.timeout.denomination = 1s (default)
2019-07-14 16:34:05,587 INFO  server.RaftServerConfigKeys (ConfUtils.java:logGet(43)) - raft.server.watch.element-limit = 65536 (default)
2019-07-14 16:34:05,588 INFO  impl.RoleInfo (RoleInfo.java:updateAndGet(143)) - e796987e-4e8a-47d2-b556-5927fd53432f: start LeaderState
2019-07-14 16:34:05,588 INFO  segmented.SegmentedRaftLogWorker (SegmentedRaftLogWorker.java:startLogSegment(380)) - e796987e-4e8a-47d2-b556-5927fd53432f-SegmentedRaftLogWorker:Storage Directory /workdir/hadoop-ozone/integration-test/target/test-dir/MiniOzoneClusterImpl-9c60e482-b1fd-4cc4-81aa-d9340c8f8ba8/datanode-5/data/ratis/6152f340-aae4-4f04-bc4a-f8789a28edbf: Starting segment from index:0
2019-07-14 16:34:05,588 INFO  impl.RaftServerImpl (ServerState.java:setRaftConf(361)) - e796987e-4e8a-47d2-b556-5927fd53432f:group-F8789A28EDBF set configuration 0: [e796987e-4e8a-47d2-b556-5927fd53432f:192.168.69.77:35801], old=null at 0
2019-07-14 16:34:05,614 INFO  segmented.SegmentedRaftLogWorker (SegmentedRaftLogWorker.java:execute(569)) - e796987e-4e8a-47d2-b556-5927fd53432f-SegmentedRaftLogWorker:Storage Directory /workdir/hadoop-ozone/integration-test/target/test-dir/MiniOzoneClusterImpl-9c60e482-b1fd-4cc4-81aa-d9340c8f8ba8/datanode-5/data/ratis/6152f340-aae4-4f04-bc4a-f8789a28edbf: created new log segment /workdir/hadoop-ozone/integration-test/target/test-dir/MiniOzoneClusterImpl-9c60e482-b1fd-4cc4-81aa-d9340c8f8ba8/datanode-5/data/ratis/6152f340-aae4-4f04-bc4a-f8789a28edbf/current/log_inprogress_0
2019-07-14 16:34:05,705 INFO  impl.FollowerState (FollowerState.java:run(106)) - 94db9d65-15cd-46a2-a1b2-eb4dfde861c6:group-4FF78CDAEB16 changes to CANDIDATE, lastRpcTime:5094, electionTimeout:5094ms
2019-07-14 16:34:05,705 INFO  impl.RoleInfo (RoleInfo.java:shutdownFollowerState(121)) - 94db9d65-15cd-46a2-a1b2-eb4dfde861c6: shutdown FollowerState
2019-07-14 16:34:05,705 INFO  impl.RaftServerImpl (RaftServerImpl.java:setRole(171)) - 94db9d65-15cd-46a2-a1b2-eb4dfde861c6:group-4FF78CDAEB16 changes role from FOLLOWER to CANDIDATE at term 0 for changeToCandidate
2019-07-14 16:34:05,705 INFO  impl.RoleInfo (RoleInfo.java:updateAndGet(143)) - 94db9d65-15cd-46a2-a1b2-eb4dfde861c6: start LeaderElection
2019-07-14 16:34:05,725 INFO  impl.LeaderElection (LeaderElection.java:askForVotes(181)) - 94db9d65-15cd-46a2-a1b2-eb4dfde861c6:group-4FF78CDAEB16:LeaderElection105: begin an election at term 1 for -1: [94db9d65-15cd-46a2-a1b2-eb4dfde861c6:192.168.69.77:46614], old=null
2019-07-14 16:34:05,725 INFO  impl.RoleInfo (RoleInfo.java:shutdownLeaderElection(134)) - 94db9d65-15cd-46a2-a1b2-eb4dfde861c6: shutdown LeaderElection
2019-07-14 16:34:05,725 INFO  impl.RaftServerImpl (RaftServerImpl.java:setRole(171)) - 94db9d65-15cd-46a2-a1b2-eb4dfde861c6:group-4FF78CDAEB16 changes role from CANDIDATE to LEADER at term 1 for changeToLeader
2019-07-14 16:34:05,725 INFO  impl.RaftServerImpl (ServerState.java:setLeader(263)) - 94db9d65-15cd-46a2-a1b2-eb4dfde861c6:group-4FF78CDAEB16 change Leader from null to 94db9d65-15cd-46a2-a1b2-eb4dfde861c6 at term 1 for becomeLeader, leader elected after 5120ms
2019-07-14 16:34:05,727 INFO  server.RaftServerConfigKeys (ConfUtils.java:logGet(43)) - raft.server.staging.catchup.gap = 1000 (default)
2019-07-14 16:34:05,727 INFO  server.RaftServerConfigKeys (ConfUtils.java:logGet(43)) - raft.server.rpc.sleep.time = 25ms (default)
2019-07-14 16:34:05,727 INFO  server.RaftServerConfigKeys (ConfUtils.java:logGet(43)) - raft.server.write.element-limit = 4096 (default)
2019-07-14 16:34:05,727 INFO  server.RaftServerConfigKeys (ConfUtils.java:logGet(43)) - raft.server.watch.timeout = 10s (default)
2019-07-14 16:34:05,728 INFO  server.RaftServerConfigKeys (ConfUtils.java:logGet(43)) - raft.server.watch.timeout.denomination = 1s (default)
2019-07-14 16:34:05,728 INFO  server.RaftServerConfigKeys (ConfUtils.java:logGet(43)) - raft.server.watch.element-limit = 65536 (default)
2019-07-14 16:34:05,728 INFO  impl.RoleInfo (RoleInfo.java:updateAndGet(143)) - 94db9d65-15cd-46a2-a1b2-eb4dfde861c6: start LeaderState
2019-07-14 16:34:05,728 INFO  segmented.SegmentedRaftLogWorker (SegmentedRaftLogWorker.java:startLogSegment(380)) - 94db9d65-15cd-46a2-a1b2-eb4dfde861c6-SegmentedRaftLogWorker:Storage Directory /workdir/hadoop-ozone/integration-test/target/test-dir/MiniOzoneClusterImpl-9c60e482-b1fd-4cc4-81aa-d9340c8f8ba8/datanode-6/data/ratis/58d1033a-48a6-47dc-8d5f-4ff78cdaeb16: Starting segment from index:0
2019-07-14 16:34:05,729 INFO  impl.RaftServerImpl (ServerState.java:setRaftConf(361)) - 94db9d65-15cd-46a2-a1b2-eb4dfde861c6:group-4FF78CDAEB16 set configuration 0: [94db9d65-15cd-46a2-a1b2-eb4dfde861c6:192.168.69.77:46614], old=null at 0
2019-07-14 16:34:05,766 INFO  segmented.SegmentedRaftLogWorker (SegmentedRaftLogWorker.java:execute(569)) - 94db9d65-15cd-46a2-a1b2-eb4dfde861c6-SegmentedRaftLogWorker:Storage Directory /workdir/hadoop-ozone/integration-test/target/test-dir/MiniOzoneClusterImpl-9c60e482-b1fd-4cc4-81aa-d9340c8f8ba8/datanode-6/data/ratis/58d1033a-48a6-47dc-8d5f-4ff78cdaeb16: created new log segment /workdir/hadoop-ozone/integration-test/target/test-dir/MiniOzoneClusterImpl-9c60e482-b1fd-4cc4-81aa-d9340c8f8ba8/datanode-6/data/ratis/58d1033a-48a6-47dc-8d5f-4ff78cdaeb16/current/log_inprogress_0
2019-07-14 16:34:05,788 INFO  client.GrpcClientProtocolClient (GrpcClientProtocolClient.java:onNext(255)) - client-20C604D3D8D5->e796987e-4e8a-47d2-b556-5927fd53432f: receive RaftClientReply:client-20C604D3D8D5->e796987e-4e8a-47d2-b556-5927fd53432f@group-B969C313150D, cid=272, SUCCESS, logIndex=1, commits[e796987e-4e8a-47d2-b556-5927fd53432f:c1, 44864524-38b9-4fd5-aa68-b44cdb3418c7:c0, b0dc493c-1720-4638-b385-57fe15548c4a:c0]
2019-07-14 16:34:05,805 INFO  client.GrpcClientProtocolClient (GrpcClientProtocolClient.java:onNext(255)) - client-20C604D3D8D5->e796987e-4e8a-47d2-b556-5927fd53432f: receive RaftClientReply:client-20C604D3D8D5->e796987e-4e8a-47d2-b556-5927fd53432f@group-B969C313150D, cid=273, SUCCESS, logIndex=3, commits[e796987e-4e8a-47d2-b556-5927fd53432f:c4, 44864524-38b9-4fd5-aa68-b44cdb3418c7:c1, b0dc493c-1720-4638-b385-57fe15548c4a:c1]
2019-07-14 16:34:05,857 INFO  client.GrpcClientProtocolClient (GrpcClientProtocolClient.java:onNext(255)) - client-20C604D3D8D5->e796987e-4e8a-47d2-b556-5927fd53432f: receive RaftClientReply:client-20C604D3D8D5->e796987e-4e8a-47d2-b556-5927fd53432f@group-B969C313150D, cid=274, SUCCESS, logIndex=4, commits[e796987e-4e8a-47d2-b556-5927fd53432f:c6, 44864524-38b9-4fd5-aa68-b44cdb3418c7:c4, b0dc493c-1720-4638-b385-57fe15548c4a:c4]
2019-07-14 16:34:05,858 INFO  container.CloseContainerEventHandler (CloseContainerEventHandler.java:onMessage(61)) - Close container Event triggered for container : #1
2019-07-14 16:34:05,859 INFO  container.CloseContainerEventHandler (CloseContainerEventHandler.java:onMessage(61)) - Close container Event triggered for container : #1
2019-07-14 16:34:05,859 INFO  container.CloseContainerEventHandler (CloseContainerEventHandler.java:onMessage(61)) - Close container Event triggered for container : #1
2019-07-14 16:34:07,401 INFO  interfaces.Container (KeyValueContainer.java:compactDB(356)) - Container 1 is closed with bcsId 4.
2019-07-14 16:34:07,407 INFO  interfaces.Container (KeyValueContainer.java:compactDB(356)) - Container 1 is closed with bcsId 4.
2019-07-14 16:34:07,421 INFO  interfaces.Container (KeyValueContainer.java:compactDB(356)) - Container 1 is closed with bcsId 4.
16:34:07.861 [grpc-default-executor-10] ERROR DNAudit - user=null | ip=null | op=WRITE_CHUNK {blockData=conID: 1 locID: 102440766053941270 bcsId: 4} | ret=FAILURE
org.apache.hadoop.hdds.scm.container.common.helpers.ContainerNotOpenException: Container 1 in CLOSED state
	at org.apache.hadoop.ozone.container.common.impl.HddsDispatcher.validateContainerCommand(HddsDispatcher.java:408) ~[hadoop-hdds-container-service-0.5.0-SNAPSHOT.jar:?]
	at org.apache.hadoop.ozone.container.common.transport.server.ratis.ContainerStateMachine.startTransaction(ContainerStateMachine.java:271) ~[hadoop-hdds-container-service-0.5.0-SNAPSHOT.jar:?]
	at org.apache.ratis.server.impl.RaftServerImpl.submitClientRequestAsync(RaftServerImpl.java:566) ~[ratis-server-0.4.0-2337318-SNAPSHOT.jar:0.4.0-2337318-SNAPSHOT]
	at org.apache.ratis.server.impl.RaftServerProxy.lambda$submitClientRequestAsync$7(RaftServerProxy.java:333) ~[ratis-server-0.4.0-2337318-SNAPSHOT.jar:0.4.0-2337318-SNAPSHOT]
	at org.apache.ratis.server.impl.RaftServerProxy.lambda$null$5(RaftServerProxy.java:328) ~[ratis-server-0.4.0-2337318-SNAPSHOT.jar:0.4.0-2337318-SNAPSHOT]
	at org.apache.ratis.util.JavaUtils.callAsUnchecked(JavaUtils.java:109) ~[ratis-common-0.4.0-2337318-SNAPSHOT.jar:0.4.0-2337318-SNAPSHOT]
	at org.apache.ratis.server.impl.RaftServerProxy.lambda$submitRequest$6(RaftServerProxy.java:328) ~[ratis-server-0.4.0-2337318-SNAPSHOT.jar:0.4.0-2337318-SNAPSHOT]
	at java.util.concurrent.CompletableFuture.uniComposeStage(CompletableFuture.java:981) ~[?:1.8.0_212]
	at java.util.concurrent.CompletableFuture.thenCompose(CompletableFuture.java:2124) ~[?:1.8.0_212]
	at org.apache.ratis.server.impl.RaftServerProxy.submitRequest(RaftServerProxy.java:327) ~[ratis-server-0.4.0-2337318-SNAPSHOT.jar:0.4.0-2337318-SNAPSHOT]
	at org.apache.ratis.server.impl.RaftServerProxy.submitClientRequestAsync(RaftServerProxy.java:333) ~[ratis-server-0.4.0-2337318-SNAPSHOT.jar:0.4.0-2337318-SNAPSHOT]
	at org.apache.ratis.grpc.client.GrpcClientProtocolService$RequestStreamObserver.processClientRequest(GrpcClientProtocolService.java:220) ~[ratis-grpc-0.4.0-2337318-SNAPSHOT.jar:0.4.0-2337318-SNAPSHOT]
	at org.apache.ratis.grpc.client.GrpcClientProtocolService$OrderedRequestStreamObserver.processClientRequest(GrpcClientProtocolService.java:326) ~[ratis-grpc-0.4.0-2337318-SNAPSHOT.jar:0.4.0-2337318-SNAPSHOT]
	at org.apache.ratis.util.SlidingWindow$Server.processRequestsFromHead(SlidingWindow.java:429) [ratis-common-0.4.0-2337318-SNAPSHOT.jar:0.4.0-2337318-SNAPSHOT]
	at org.apache.ratis.util.SlidingWindow$Server.receivedRequest(SlidingWindow.java:421) [ratis-common-0.4.0-2337318-SNAPSHOT.jar:0.4.0-2337318-SNAPSHOT]
	at org.apache.ratis.grpc.client.GrpcClientProtocolService$OrderedRequestStreamObserver.processClientRequest(GrpcClientProtocolService.java:345) [ratis-grpc-0.4.0-2337318-SNAPSHOT.jar:0.4.0-2337318-SNAPSHOT]
	at org.apache.ratis.grpc.client.GrpcClientProtocolService$RequestStreamObserver.onNext(GrpcClientProtocolService.java:240) [ratis-grpc-0.4.0-2337318-SNAPSHOT.jar:0.4.0-2337318-SNAPSHOT]
	at org.apache.ratis.grpc.client.GrpcClientProtocolService$RequestStreamObserver.onNext(GrpcClientProtocolService.java:168) [ratis-grpc-0.4.0-2337318-SNAPSHOT.jar:0.4.0-2337318-SNAPSHOT]
	at org.apache.ratis.thirdparty.io.grpc.stub.ServerCalls$StreamingServerCallHandler$StreamingServerCallListener.onMessage(ServerCalls.java:248) [ratis-thirdparty-misc-0.2.0.jar:0.2.0]
	at org.apache.ratis.thirdparty.io.grpc.internal.ServerCallImpl$ServerStreamListenerImpl.messagesAvailable(ServerCallImpl.java:263) [ratis-thirdparty-misc-0.2.0.jar:0.2.0]
	at org.apache.ratis.thirdparty.io.grpc.internal.ServerImpl$JumpToApplicationThreadServerStreamListener$1MessagesAvailable.runInContext(ServerImpl.java:686) [ratis-thirdparty-misc-0.2.0.jar:0.2.0]
	at org.apache.ratis.thirdparty.io.grpc.internal.ContextRunnable.run(ContextRunnable.java:37) [ratis-thirdparty-misc-0.2.0.jar:0.2.0]
	at org.apache.ratis.thirdparty.io.grpc.internal.SerializingExecutor.run(SerializingExecutor.java:123) [ratis-thirdparty-misc-0.2.0.jar:0.2.0]
	at java.util.concurrent.ThreadPoolExecutor.runWorker(ThreadPoolExecutor.java:1149) [?:1.8.0_212]
	at java.util.concurrent.ThreadPoolExecutor$Worker.run(ThreadPoolExecutor.java:624) [?:1.8.0_212]
	at java.lang.Thread.run(Thread.java:748) [?:1.8.0_212]
16:34:07.863 [grpc-default-executor-10] ERROR DNAudit - user=null | ip=null | op=WRITE_CHUNK {blockData=conID: 1 locID: 102440766053941270 bcsId: 4} | ret=FAILURE
org.apache.hadoop.hdds.scm.container.common.helpers.ContainerNotOpenException: Container 1 in CLOSED state
	at org.apache.hadoop.ozone.container.common.impl.HddsDispatcher.validateContainerCommand(HddsDispatcher.java:408) ~[hadoop-hdds-container-service-0.5.0-SNAPSHOT.jar:?]
	at org.apache.hadoop.ozone.container.common.transport.server.ratis.ContainerStateMachine.startTransaction(ContainerStateMachine.java:271) ~[hadoop-hdds-container-service-0.5.0-SNAPSHOT.jar:?]
	at org.apache.ratis.server.impl.RaftServerImpl.submitClientRequestAsync(RaftServerImpl.java:566) ~[ratis-server-0.4.0-2337318-SNAPSHOT.jar:0.4.0-2337318-SNAPSHOT]
	at org.apache.ratis.server.impl.RaftServerProxy.lambda$submitClientRequestAsync$7(RaftServerProxy.java:333) ~[ratis-server-0.4.0-2337318-SNAPSHOT.jar:0.4.0-2337318-SNAPSHOT]
	at org.apache.ratis.server.impl.RaftServerProxy.lambda$null$5(RaftServerProxy.java:328) ~[ratis-server-0.4.0-2337318-SNAPSHOT.jar:0.4.0-2337318-SNAPSHOT]
	at org.apache.ratis.util.JavaUtils.callAsUnchecked(JavaUtils.java:109) ~[ratis-common-0.4.0-2337318-SNAPSHOT.jar:0.4.0-2337318-SNAPSHOT]
	at org.apache.ratis.server.impl.RaftServerProxy.lambda$submitRequest$6(RaftServerProxy.java:328) ~[ratis-server-0.4.0-2337318-SNAPSHOT.jar:0.4.0-2337318-SNAPSHOT]
	at java.util.concurrent.CompletableFuture.uniComposeStage(CompletableFuture.java:981) ~[?:1.8.0_212]
	at java.util.concurrent.CompletableFuture.thenCompose(CompletableFuture.java:2124) ~[?:1.8.0_212]
	at org.apache.ratis.server.impl.RaftServerProxy.submitRequest(RaftServerProxy.java:327) ~[ratis-server-0.4.0-2337318-SNAPSHOT.jar:0.4.0-2337318-SNAPSHOT]
	at org.apache.ratis.server.impl.RaftServerProxy.submitClientRequestAsync(RaftServerProxy.java:333) ~[ratis-server-0.4.0-2337318-SNAPSHOT.jar:0.4.0-2337318-SNAPSHOT]
	at org.apache.ratis.grpc.client.GrpcClientProtocolService$RequestStreamObserver.processClientRequest(GrpcClientProtocolService.java:220) ~[ratis-grpc-0.4.0-2337318-SNAPSHOT.jar:0.4.0-2337318-SNAPSHOT]
	at org.apache.ratis.grpc.client.GrpcClientProtocolService$OrderedRequestStreamObserver.processClientRequest(GrpcClientProtocolService.java:326) ~[ratis-grpc-0.4.0-2337318-SNAPSHOT.jar:0.4.0-2337318-SNAPSHOT]
	at org.apache.ratis.util.SlidingWindow$Server.processRequestsFromHead(SlidingWindow.java:429) [ratis-common-0.4.0-2337318-SNAPSHOT.jar:0.4.0-2337318-SNAPSHOT]
	at org.apache.ratis.util.SlidingWindow$Server.receivedRequest(SlidingWindow.java:421) [ratis-common-0.4.0-2337318-SNAPSHOT.jar:0.4.0-2337318-SNAPSHOT]
	at org.apache.ratis.grpc.client.GrpcClientProtocolService$OrderedRequestStreamObserver.processClientRequest(GrpcClientProtocolService.java:345) [ratis-grpc-0.4.0-2337318-SNAPSHOT.jar:0.4.0-2337318-SNAPSHOT]
	at org.apache.ratis.grpc.client.GrpcClientProtocolService$RequestStreamObserver.onNext(GrpcClientProtocolService.java:240) [ratis-grpc-0.4.0-2337318-SNAPSHOT.jar:0.4.0-2337318-SNAPSHOT]
	at org.apache.ratis.grpc.client.GrpcClientProtocolService$RequestStreamObserver.onNext(GrpcClientProtocolService.java:168) [ratis-grpc-0.4.0-2337318-SNAPSHOT.jar:0.4.0-2337318-SNAPSHOT]
	at org.apache.ratis.thirdparty.io.grpc.stub.ServerCalls$StreamingServerCallHandler$StreamingServerCallListener.onMessage(ServerCalls.java:248) [ratis-thirdparty-misc-0.2.0.jar:0.2.0]
	at org.apache.ratis.thirdparty.io.grpc.internal.ServerCallImpl$ServerStreamListenerImpl.messagesAvailable(ServerCallImpl.java:263) [ratis-thirdparty-misc-0.2.0.jar:0.2.0]
	at org.apache.ratis.thirdparty.io.grpc.internal.ServerImpl$JumpToApplicationThreadServerStreamListener$1MessagesAvailable.runInContext(ServerImpl.java:686) [ratis-thirdparty-misc-0.2.0.jar:0.2.0]
	at org.apache.ratis.thirdparty.io.grpc.internal.ContextRunnable.run(ContextRunnable.java:37) [ratis-thirdparty-misc-0.2.0.jar:0.2.0]
	at org.apache.ratis.thirdparty.io.grpc.internal.SerializingExecutor.run(SerializingExecutor.java:123) [ratis-thirdparty-misc-0.2.0.jar:0.2.0]
	at java.util.concurrent.ThreadPoolExecutor.runWorker(ThreadPoolExecutor.java:1149) [?:1.8.0_212]
	at java.util.concurrent.ThreadPoolExecutor$Worker.run(ThreadPoolExecutor.java:624) [?:1.8.0_212]
	at java.lang.Thread.run(Thread.java:748) [?:1.8.0_212]
2019-07-14 16:34:07,886 INFO  client.GrpcClientProtocolClient (GrpcClientProtocolClient.java:onNext(255)) - client-20C604D3D8D5->e796987e-4e8a-47d2-b556-5927fd53432f: receive RaftClientReply:client-20C604D3D8D5->e796987e-4e8a-47d2-b556-5927fd53432f@group-B969C313150D, cid=275, FAILED org.apache.ratis.protocol.StateMachineException: org.apache.hadoop.hdds.scm.container.common.helpers.ContainerNotOpenException from Server e796987e-4e8a-47d2-b556-5927fd53432f: Container 1 in CLOSED state, logIndex=0, commits[e796987e-4e8a-47d2-b556-5927fd53432f:c8, 44864524-38b9-4fd5-aa68-b44cdb3418c7:c7, b0dc493c-1720-4638-b385-57fe15548c4a:c7]
16:34:07.885 [grpc-default-executor-10] ERROR DNAudit - user=null | ip=null | op=PUT_BLOCK {blockData=[blockId=conID: 1 locID: 102440766053941270 bcsId: 0,size=334]} | ret=FAILURE
org.apache.hadoop.hdds.scm.container.common.helpers.ContainerNotOpenException: Container 1 in CLOSED state
	at org.apache.hadoop.ozone.container.common.impl.HddsDispatcher.validateContainerCommand(HddsDispatcher.java:408) ~[hadoop-hdds-container-service-0.5.0-SNAPSHOT.jar:?]
	at org.apache.hadoop.ozone.container.common.transport.server.ratis.ContainerStateMachine.startTransaction(ContainerStateMachine.java:271) ~[hadoop-hdds-container-service-0.5.0-SNAPSHOT.jar:?]
	at org.apache.ratis.server.impl.RaftServerImpl.submitClientRequestAsync(RaftServerImpl.java:566) ~[ratis-server-0.4.0-2337318-SNAPSHOT.jar:0.4.0-2337318-SNAPSHOT]
	at org.apache.ratis.server.impl.RaftServerProxy.lambda$submitClientRequestAsync$7(RaftServerProxy.java:333) ~[ratis-server-0.4.0-2337318-SNAPSHOT.jar:0.4.0-2337318-SNAPSHOT]
	at org.apache.ratis.server.impl.RaftServerProxy.lambda$null$5(RaftServerProxy.java:328) ~[ratis-server-0.4.0-2337318-SNAPSHOT.jar:0.4.0-2337318-SNAPSHOT]
	at org.apache.ratis.util.JavaUtils.callAsUnchecked(JavaUtils.java:109) ~[ratis-common-0.4.0-2337318-SNAPSHOT.jar:0.4.0-2337318-SNAPSHOT]
	at org.apache.ratis.server.impl.RaftServerProxy.lambda$submitRequest$6(RaftServerProxy.java:328) ~[ratis-server-0.4.0-2337318-SNAPSHOT.jar:0.4.0-2337318-SNAPSHOT]
	at java.util.concurrent.CompletableFuture.uniComposeStage(CompletableFuture.java:981) ~[?:1.8.0_212]
	at java.util.concurrent.CompletableFuture.thenCompose(CompletableFuture.java:2124) ~[?:1.8.0_212]
	at org.apache.ratis.server.impl.RaftServerProxy.submitRequest(RaftServerProxy.java:327) ~[ratis-server-0.4.0-2337318-SNAPSHOT.jar:0.4.0-2337318-SNAPSHOT]
	at org.apache.ratis.server.impl.RaftServerProxy.submitClientRequestAsync(RaftServerProxy.java:333) ~[ratis-server-0.4.0-2337318-SNAPSHOT.jar:0.4.0-2337318-SNAPSHOT]
	at org.apache.ratis.grpc.client.GrpcClientProtocolService$RequestStreamObserver.processClientRequest(GrpcClientProtocolService.java:220) ~[ratis-grpc-0.4.0-2337318-SNAPSHOT.jar:0.4.0-2337318-SNAPSHOT]
	at org.apache.ratis.grpc.client.GrpcClientProtocolService$OrderedRequestStreamObserver.processClientRequest(GrpcClientProtocolService.java:326) ~[ratis-grpc-0.4.0-2337318-SNAPSHOT.jar:0.4.0-2337318-SNAPSHOT]
	at org.apache.ratis.util.SlidingWindow$Server.processRequestsFromHead(SlidingWindow.java:429) [ratis-common-0.4.0-2337318-SNAPSHOT.jar:0.4.0-2337318-SNAPSHOT]
	at org.apache.ratis.util.SlidingWindow$Server.receivedRequest(SlidingWindow.java:421) [ratis-common-0.4.0-2337318-SNAPSHOT.jar:0.4.0-2337318-SNAPSHOT]
	at org.apache.ratis.grpc.client.GrpcClientProtocolService$OrderedRequestStreamObserver.processClientRequest(GrpcClientProtocolService.java:345) [ratis-grpc-0.4.0-2337318-SNAPSHOT.jar:0.4.0-2337318-SNAPSHOT]
	at org.apache.ratis.grpc.client.GrpcClientProtocolService$RequestStreamObserver.onNext(GrpcClientProtocolService.java:240) [ratis-grpc-0.4.0-2337318-SNAPSHOT.jar:0.4.0-2337318-SNAPSHOT]
	at org.apache.ratis.grpc.client.GrpcClientProtocolService$RequestStreamObserver.onNext(GrpcClientProtocolService.java:168) [ratis-grpc-0.4.0-2337318-SNAPSHOT.jar:0.4.0-2337318-SNAPSHOT]
	at org.apache.ratis.thirdparty.io.grpc.stub.ServerCalls$StreamingServerCallHandler$StreamingServerCallListener.onMessage(ServerCalls.java:248) [ratis-thirdparty-misc-0.2.0.jar:0.2.0]
	at org.apache.ratis.thirdparty.io.grpc.internal.ServerCallImpl$ServerStreamListenerImpl.messagesAvailable(ServerCallImpl.java:263) [ratis-thirdparty-misc-0.2.0.jar:0.2.0]
	at org.apache.ratis.thirdparty.io.grpc.internal.ServerImpl$JumpToApplicationThreadServerStreamListener$1MessagesAvailable.runInContext(ServerImpl.java:686) [ratis-thirdparty-misc-0.2.0.jar:0.2.0]
	at org.apache.ratis.thirdparty.io.grpc.internal.ContextRunnable.run(ContextRunnable.java:37) [ratis-thirdparty-misc-0.2.0.jar:0.2.0]
	at org.apache.ratis.thirdparty.io.grpc.internal.SerializingExecutor.run(SerializingExecutor.java:123) [ratis-thirdparty-misc-0.2.0.jar:0.2.0]
	at java.util.concurrent.ThreadPoolExecutor.runWorker(ThreadPoolExecutor.java:1149) [?:1.8.0_212]
	at java.util.concurrent.ThreadPoolExecutor$Worker.run(ThreadPoolExecutor.java:624) [?:1.8.0_212]
	at java.lang.Thread.run(Thread.java:748) [?:1.8.0_212]
2019-07-14 16:34:07,891 INFO  client.GrpcClientProtocolClient (GrpcClientProtocolClient.java:onNext(255)) - client-20C604D3D8D5->e796987e-4e8a-47d2-b556-5927fd53432f: receive RaftClientReply:client-20C604D3D8D5->e796987e-4e8a-47d2-b556-5927fd53432f@group-B969C313150D, cid=276, FAILED org.apache.ratis.protocol.StateMachineException: org.apache.hadoop.hdds.scm.container.common.helpers.ContainerNotOpenException from Server e796987e-4e8a-47d2-b556-5927fd53432f: Container 1 in CLOSED state, logIndex=0, commits[e796987e-4e8a-47d2-b556-5927fd53432f:c8, 44864524-38b9-4fd5-aa68-b44cdb3418c7:c7, b0dc493c-1720-4638-b385-57fe15548c4a:c7]
2019-07-14 16:34:07,893 INFO  client.GrpcClientProtocolClient (GrpcClientProtocolClient.java:onNext(255)) - client-20C604D3D8D5->e796987e-4e8a-47d2-b556-5927fd53432f: receive RaftClientReply:client-20C604D3D8D5->e796987e-4e8a-47d2-b556-5927fd53432f@group-B969C313150D, cid=277, FAILED org.apache.ratis.protocol.StateMachineException: org.apache.hadoop.hdds.scm.container.common.helpers.ContainerNotOpenException from Server e796987e-4e8a-47d2-b556-5927fd53432f: Container 1 in CLOSED state, logIndex=0, commits[e796987e-4e8a-47d2-b556-5927fd53432f:c8, 44864524-38b9-4fd5-aa68-b44cdb3418c7:c7, b0dc493c-1720-4638-b385-57fe15548c4a:c7]
2019-07-14 16:34:07,919 INFO  client.GrpcClientProtocolClient (GrpcClientProtocolClient.java:onNext(255)) - client-F9C1660B6C34->fa1fe8e2-562a-401d-baea-1faeff5131b9: receive RaftClientReply:client-F9C1660B6C34->fa1fe8e2-562a-401d-baea-1faeff5131b9@group-8F70BD2FFFE2, cid=278, FAILED org.apache.ratis.protocol.NotLeaderException: Server fa1fe8e2-562a-401d-baea-1faeff5131b9 is not the leader (40e5c344-f305-4c60-9072-015c713e3dac:192.168.69.77:45386). Request must be sent to leader., logIndex=0, commits[fa1fe8e2-562a-401d-baea-1faeff5131b9:c0, 9445bbf2-462d-437b-aeef-056db19f15cb:c-1, 40e5c344-f305-4c60-9072-015c713e3dac:c0]
2019-07-14 16:34:08,058 INFO  client.GrpcClientProtocolClient (GrpcClientProtocolClient.java:onNext(255)) - client-F9C1660B6C34->40e5c344-f305-4c60-9072-015c713e3dac: receive RaftClientReply:client-F9C1660B6C34->40e5c344-f305-4c60-9072-015c713e3dac@group-8F70BD2FFFE2, cid=278, SUCCESS, logIndex=1, commits[40e5c344-f305-4c60-9072-015c713e3dac:c1, fa1fe8e2-562a-401d-baea-1faeff5131b9:c0, 9445bbf2-462d-437b-aeef-056db19f15cb:c0]
2019-07-14 16:34:08,070 INFO  client.GrpcClientProtocolClient (GrpcClientProtocolClient.java:onNext(255)) - client-F9C1660B6C34->40e5c344-f305-4c60-9072-015c713e3dac: receive RaftClientReply:client-F9C1660B6C34->40e5c344-f305-4c60-9072-015c713e3dac@group-8F70BD2FFFE2, cid=279, SUCCESS, logIndex=3, commits[40e5c344-f305-4c60-9072-015c713e3dac:c4, fa1fe8e2-562a-401d-baea-1faeff5131b9:c1, 9445bbf2-462d-437b-aeef-056db19f15cb:c1]
2019-07-14 16:34:08,127 INFO  client.GrpcClientProtocolClient (GrpcClientProtocolClient.java:onNext(255)) - client-F9C1660B6C34->40e5c344-f305-4c60-9072-015c713e3dac: receive RaftClientReply:client-F9C1660B6C34->40e5c344-f305-4c60-9072-015c713e3dac@group-8F70BD2FFFE2, cid=280, SUCCESS, logIndex=4, commits[40e5c344-f305-4c60-9072-015c713e3dac:c6, fa1fe8e2-562a-401d-baea-1faeff5131b9:c4, 9445bbf2-462d-437b-aeef-056db19f15cb:c4]
2019-07-14 16:34:08,141 INFO  pipeline.Pipeline (Pipeline.java:getProtobufMessage(195)) - Serialize pipeline PipelineID=73f73552-858c-4638-a908-8f70bd2fffe2 with nodesInOrder{ }
2019-07-14 16:34:08,143 INFO  ozone.MiniOzoneClusterImpl (MiniOzoneClusterImpl.java:shutdown(321)) - Shutting down the Mini Ozone Cluster
2019-07-14 16:34:08,143 INFO  ozone.MiniOzoneClusterImpl (MiniOzoneClusterImpl.java:stop(336)) - Stopping the Mini Ozone Cluster
2019-07-14 16:34:08,143 INFO  ozone.MiniOzoneClusterImpl (MiniOzoneClusterImpl.java:stop(338)) - Stopping the OzoneManager
2019-07-14 16:34:08,143 INFO  ipc.Server (Server.java:stop(3082)) - Stopping server on 35002
2019-07-14 16:34:08,170 INFO  ipc.Server (Server.java:run(1185)) - Stopping IPC Server listener on 35002
2019-07-14 16:34:08,171 INFO  utils.BackgroundService (BackgroundService.java:shutdown(148)) - Shutting down service KeyDeletingService
2019-07-14 16:34:08,171 INFO  ipc.Server (Server.java:run(1319)) - Stopping IPC Server Responder
2019-07-14 16:34:08,174 INFO  handler.ContextHandler (ContextHandler.java:doStop(910)) - Stopped o.e.j.w.WebAppContext@487befb{/,null,UNAVAILABLE}{/ozoneManager}
2019-07-14 16:34:08,174 INFO  server.AbstractConnector (AbstractConnector.java:doStop(318)) - Stopped ServerConnector@3f5743d9{HTTP/1.1,[http/1.1]}{0.0.0.0:0}
2019-07-14 16:34:08,174 INFO  handler.ContextHandler (ContextHandler.java:doStop(910)) - Stopped o.e.j.s.ServletContextHandler@3abe3f9a{/static,file:///workdir/hadoop-ozone/integration-test/target/test-classes/webapps/static,UNAVAILABLE}
2019-07-14 16:34:08,175 INFO  handler.ContextHandler (ContextHandler.java:doStop(910)) - Stopped o.e.j.s.ServletContextHandler@50564f77{/logs,file:///workdir/hadoop-ozone/integration-test/target/log,UNAVAILABLE}
2019-07-14 16:34:08,189 INFO  ozone.MiniOzoneClusterImpl (MiniOzoneClusterImpl.java:stop(344)) - Shutting the HddsDatanodes
2019-07-14 16:34:08,189 INFO  datanode.ObjectStoreHandler (ObjectStoreHandler.java:close(155)) - Closing ObjectStoreHandler.
2019-07-14 16:34:08,189 INFO  datanode.ObjectStoreHandler (ObjectStoreHandler.java:close(155)) - Closing ObjectStoreHandler.
2019-07-14 16:34:08,189 INFO  ozone.HddsDatanodeService (HddsDatanodeService.java:stop(452)) - Stopped plug-in org.apache.hadoop.ozone.web.OzoneHddsDatanodeService@6c2dec7f
2019-07-14 16:34:08,190 INFO  ozone.HddsDatanodeService (HddsDatanodeService.java:stop(452)) - Stopped plug-in org.apache.hadoop.ozone.web.OzoneHddsDatanodeService@58e5a81c
2019-07-14 16:34:08,422 INFO  statemachine.DatanodeStateMachine (DatanodeStateMachine.java:lambda$startDaemon$0(350)) - Ozone container server started.
2019-07-14 16:34:09,048 INFO  statemachine.DatanodeStateMachine (DatanodeStateMachine.java:lambda$startDaemon$0(350)) - Ozone container server started.
2019-07-14 16:34:12,445 INFO  node.StaleNodeHandler (StaleNodeHandler.java:onMessage(58)) - Datanode b0dc493c-1720-4638-b385-57fe15548c4a{ip: 192.168.69.77, host: pr-hdds-1710-5x6jb-1204890111, networkLocation: /default-rack, certSerialId: null} moved to stale state. Finalizing its pipelines [PipelineID=ce930d66-4a82-46cc-949d-b969c313150d, PipelineID=049ea0cb-412a-4675-8c2d-56b6167d8c9f]
2019-07-14 16:34:12,446 INFO  pipeline.SCMPipelineManager (SCMPipelineManager.java:finalizeAndDestroyPipeline(309)) - destroying pipeline:Pipeline[ Id: ce930d66-4a82-46cc-949d-b969c313150d, Nodes: 44864524-38b9-4fd5-aa68-b44cdb3418c7{ip: 192.168.69.77, host: pr-hdds-1710-5x6jb-1204890111, networkLocation: /default-rack, certSerialId: null}b0dc493c-1720-4638-b385-57fe15548c4a{ip: 192.168.69.77, host: pr-hdds-1710-5x6jb-1204890111, networkLocation: /default-rack, certSerialId: null}e796987e-4e8a-47d2-b556-5927fd53432f{ip: 192.168.69.77, host: pr-hdds-1710-5x6jb-1204890111, networkLocation: /default-rack, certSerialId: null}, Type:RATIS, Factor:THREE, State:OPEN]
2019-07-14 16:34:12,446 INFO  pipeline.PipelineStateManager (PipelineStateManager.java:finalizePipeline(123)) - Pipeline Pipeline[ Id: ce930d66-4a82-46cc-949d-b969c313150d, Nodes: 44864524-38b9-4fd5-aa68-b44cdb3418c7{ip: 192.168.69.77, host: pr-hdds-1710-5x6jb-1204890111, networkLocation: /default-rack, certSerialId: null}b0dc493c-1720-4638-b385-57fe15548c4a{ip: 192.168.69.77, host: pr-hdds-1710-5x6jb-1204890111, networkLocation: /default-rack, certSerialId: null}e796987e-4e8a-47d2-b556-5927fd53432f{ip: 192.168.69.77, host: pr-hdds-1710-5x6jb-1204890111, networkLocation: /default-rack, certSerialId: null}, Type:RATIS, Factor:THREE, State:CLOSED] moved to CLOSED state
2019-07-14 16:34:12,446 INFO  pipeline.SCMPipelineManager (SCMPipelineManager.java:finalizeAndDestroyPipeline(309)) - destroying pipeline:Pipeline[ Id: 049ea0cb-412a-4675-8c2d-56b6167d8c9f, Nodes: b0dc493c-1720-4638-b385-57fe15548c4a{ip: 192.168.69.77, host: pr-hdds-1710-5x6jb-1204890111, networkLocation: /default-rack, certSerialId: null}, Type:RATIS, Factor:ONE, State:OPEN]
2019-07-14 16:34:12,447 INFO  pipeline.PipelineStateManager (PipelineStateManager.java:finalizePipeline(123)) - Pipeline Pipeline[ Id: 049ea0cb-412a-4675-8c2d-56b6167d8c9f, Nodes: b0dc493c-1720-4638-b385-57fe15548c4a{ip: 192.168.69.77, host: pr-hdds-1710-5x6jb-1204890111, networkLocation: /default-rack, certSerialId: null}, Type:RATIS, Factor:ONE, State:CLOSED] moved to CLOSED state
2019-07-14 16:34:13,146 INFO  node.StaleNodeHandler (StaleNodeHandler.java:onMessage(58)) - Datanode 9445bbf2-462d-437b-aeef-056db19f15cb{ip: 192.168.69.77, host: pr-hdds-1710-5x6jb-1204890111, networkLocation: /default-rack, certSerialId: null} moved to stale state. Finalizing its pipelines [PipelineID=73f73552-858c-4638-a908-8f70bd2fffe2, PipelineID=7cf3959d-dab3-4c17-a7b6-15fcd6e64c2a]
2019-07-14 16:34:13,147 INFO  pipeline.SCMPipelineManager (SCMPipelineManager.java:finalizeAndDestroyPipeline(309)) - destroying pipeline:Pipeline[ Id: 73f73552-858c-4638-a908-8f70bd2fffe2, Nodes: fa1fe8e2-562a-401d-baea-1faeff5131b9{ip: 192.168.69.77, host: pr-hdds-1710-5x6jb-1204890111, networkLocation: /default-rack, certSerialId: null}9445bbf2-462d-437b-aeef-056db19f15cb{ip: 192.168.69.77, host: pr-hdds-1710-5x6jb-1204890111, networkLocation: /default-rack, certSerialId: null}40e5c344-f305-4c60-9072-015c713e3dac{ip: 192.168.69.77, host: pr-hdds-1710-5x6jb-1204890111, networkLocation: /default-rack, certSerialId: null}, Type:RATIS, Factor:THREE, State:OPEN]
2019-07-14 16:34:13,147 INFO  pipeline.PipelineStateManager (PipelineStateManager.java:finalizePipeline(123)) - Pipeline Pipeline[ Id: 73f73552-858c-4638-a908-8f70bd2fffe2, Nodes: fa1fe8e2-562a-401d-baea-1faeff5131b9{ip: 192.168.69.77, host: pr-hdds-1710-5x6jb-1204890111, networkLocation: /default-rack, certSerialId: null}9445bbf2-462d-437b-aeef-056db19f15cb{ip: 192.168.69.77, host: pr-hdds-1710-5x6jb-1204890111, networkLocation: /default-rack, certSerialId: null}40e5c344-f305-4c60-9072-015c713e3dac{ip: 192.168.69.77, host: pr-hdds-1710-5x6jb-1204890111, networkLocation: /default-rack, certSerialId: null}, Type:RATIS, Factor:THREE, State:CLOSED] moved to CLOSED state
2019-07-14 16:34:13,147 INFO  container.CloseContainerEventHandler (CloseContainerEventHandler.java:onMessage(61)) - Close container Event triggered for container : #2
2019-07-14 16:34:13,147 INFO  pipeline.SCMPipelineManager (SCMPipelineManager.java:finalizeAndDestroyPipeline(309)) - destroying pipeline:Pipeline[ Id: 7cf3959d-dab3-4c17-a7b6-15fcd6e64c2a, Nodes: 9445bbf2-462d-437b-aeef-056db19f15cb{ip: 192.168.69.77, host: pr-hdds-1710-5x6jb-1204890111, networkLocation: /default-rack, certSerialId: null}, Type:RATIS, Factor:ONE, State:OPEN]
2019-07-14 16:34:13,148 INFO  pipeline.PipelineStateManager (PipelineStateManager.java:finalizePipeline(123)) - Pipeline Pipeline[ Id: 7cf3959d-dab3-4c17-a7b6-15fcd6e64c2a, Nodes: 9445bbf2-462d-437b-aeef-056db19f15cb{ip: 192.168.69.77, host: pr-hdds-1710-5x6jb-1204890111, networkLocation: /default-rack, certSerialId: null}, Type:RATIS, Factor:ONE, State:CLOSED] moved to CLOSED state
2019-07-14 16:34:13,190 INFO  ozoneimpl.OzoneContainer (OzoneContainer.java:stop(199)) - Attempting to stop container services.
2019-07-14 16:34:13,190 INFO  ozoneimpl.OzoneContainer (OzoneContainer.java:stop(199)) - Attempting to stop container services.
2019-07-14 16:34:13,191 INFO  impl.RaftServerProxy (RaftServerProxy.java:lambda$close$4(314)) - b0dc493c-1720-4638-b385-57fe15548c4a: close
2019-07-14 16:34:13,191 INFO  impl.RaftServerProxy (RaftServerProxy.java:lambda$close$4(314)) - 9445bbf2-462d-437b-aeef-056db19f15cb: close
2019-07-14 16:34:13,191 INFO  impl.RaftServerImpl (RaftServerImpl.java:lambda$shutdown$3(245)) - b0dc493c-1720-4638-b385-57fe15548c4a: shutdown group-B969C313150D
2019-07-14 16:34:13,191 INFO  impl.RaftServerImpl (RaftServerImpl.java:lambda$shutdown$3(245)) - 9445bbf2-462d-437b-aeef-056db19f15cb: shutdown group-8F70BD2FFFE2
2019-07-14 16:34:13,192 INFO  util.JmxRegister (JmxRegister.java:unregister(73)) - Successfully un-registered JMX Bean with object name Ratis:service=RaftServer,group=group-B969C313150D,id=b0dc493c-1720-4638-b385-57fe15548c4a
2019-07-14 16:34:13,192 INFO  util.JmxRegister (JmxRegister.java:unregister(73)) - Successfully un-registered JMX Bean with object name Ratis:service=RaftServer,group=group-8F70BD2FFFE2,id=9445bbf2-462d-437b-aeef-056db19f15cb
2019-07-14 16:34:13,193 INFO  impl.RoleInfo (RoleInfo.java:shutdownFollowerState(121)) - b0dc493c-1720-4638-b385-57fe15548c4a: shutdown FollowerState
2019-07-14 16:34:13,193 INFO  impl.RoleInfo (RoleInfo.java:shutdownFollowerState(121)) - 9445bbf2-462d-437b-aeef-056db19f15cb: shutdown FollowerState
2019-07-14 16:34:13,193 INFO  impl.FollowerState (FollowerState.java:run(114)) - b0dc493c-1720-4638-b385-57fe15548c4a: FollowerState was interrupted: java.lang.InterruptedException: sleep interrupted
2019-07-14 16:34:13,193 INFO  ratis.ContainerStateMachine (ContainerStateMachine.java:takeSnapshot(246)) - Taking snapshot at termIndex:(t:1, i:7)
2019-07-14 16:34:13,197 INFO  ratis.ContainerStateMachine (ContainerStateMachine.java:takeSnapshot(250)) - Taking a snapshot to file /workdir/hadoop-ozone/integration-test/target/test-dir/MiniOzoneClusterImpl-9c60e482-b1fd-4cc4-81aa-d9340c8f8ba8/datanode-4/data/ratis/ce930d66-4a82-46cc-949d-b969c313150d/sm/snapshot.1_7
2019-07-14 16:34:13,193 INFO  impl.StateMachineUpdater (StateMachineUpdater.java:stopAndJoin(115)) - StateMachineUpdater:b0dc493c-1720-4638-b385-57fe15548c4a:group-B969C313150D: set stopIndex = 8
2019-07-14 16:34:13,198 INFO  impl.StateMachineUpdater (StateMachineUpdater.java:takeSnapshot(242)) - StateMachineUpdater:b0dc493c-1720-4638-b385-57fe15548c4a:group-B969C313150D: Took a snapshot at index 7
2019-07-14 16:34:13,198 INFO  impl.StateMachineUpdater (StateMachineUpdater.java:lambda$new$0(80)) - StateMachineUpdater:b0dc493c-1720-4638-b385-57fe15548c4a:group-B969C313150D: snapshotIndex: updateIncreasingly -1 -> 7
2019-07-14 16:34:13,194 INFO  impl.FollowerState (FollowerState.java:run(114)) - 9445bbf2-462d-437b-aeef-056db19f15cb: FollowerState was interrupted: java.lang.InterruptedException: sleep interrupted
2019-07-14 16:34:13,194 INFO  ratis.ContainerStateMachine (ContainerStateMachine.java:takeSnapshot(246)) - Taking snapshot at termIndex:(t:1, i:4)
2019-07-14 16:34:13,193 INFO  impl.StateMachineUpdater (StateMachineUpdater.java:stopAndJoin(115)) - StateMachineUpdater:9445bbf2-462d-437b-aeef-056db19f15cb:group-8F70BD2FFFE2: set stopIndex = 6
2019-07-14 16:34:13,201 INFO  ratis.ContainerStateMachine (ContainerStateMachine.java:takeSnapshot(250)) - Taking a snapshot to file /workdir/hadoop-ozone/integration-test/target/test-dir/MiniOzoneClusterImpl-9c60e482-b1fd-4cc4-81aa-d9340c8f8ba8/datanode-1/data/ratis/73f73552-858c-4638-a908-8f70bd2fffe2/sm/snapshot.1_4
2019-07-14 16:34:13,201 INFO  impl.RaftServerImpl (ServerState.java:close(394)) - b0dc493c-1720-4638-b385-57fe15548c4a:group-B969C313150D closes. The last applied log index is 8
2019-07-14 16:34:13,201 INFO  impl.StateMachineUpdater (StateMachineUpdater.java:takeSnapshot(242)) - StateMachineUpdater:9445bbf2-462d-437b-aeef-056db19f15cb:group-8F70BD2FFFE2: Took a snapshot at index 4
2019-07-14 16:34:13,202 INFO  impl.StateMachineUpdater (StateMachineUpdater.java:lambda$new$0(80)) - StateMachineUpdater:9445bbf2-462d-437b-aeef-056db19f15cb:group-8F70BD2FFFE2: snapshotIndex: updateIncreasingly -1 -> 4
2019-07-14 16:34:13,202 INFO  segmented.SegmentedRaftLogWorker (SegmentedRaftLogWorker.java:run(313)) - b0dc493c-1720-4638-b385-57fe15548c4a-SegmentedRaftLogWorker:Storage Directory /workdir/hadoop-ozone/integration-test/target/test-dir/MiniOzoneClusterImpl-9c60e482-b1fd-4cc4-81aa-d9340c8f8ba8/datanode-4/data/ratis/ce930d66-4a82-46cc-949d-b969c313150d was interrupted, exiting. There are 0 tasks remaining in the queue.
2019-07-14 16:34:13,202 INFO  impl.RaftServerImpl (ServerState.java:close(394)) - 9445bbf2-462d-437b-aeef-056db19f15cb:group-8F70BD2FFFE2 closes. The last applied log index is 6
2019-07-14 16:34:13,205 INFO  segmented.SegmentedRaftLogWorker (SegmentedRaftLogWorker.java:close(228)) - b0dc493c-1720-4638-b385-57fe15548c4a-SegmentedRaftLogWorker:Storage Directory /workdir/hadoop-ozone/integration-test/target/test-dir/MiniOzoneClusterImpl-9c60e482-b1fd-4cc4-81aa-d9340c8f8ba8/datanode-4/data/ratis/ce930d66-4a82-46cc-949d-b969c313150d close()
2019-07-14 16:34:13,205 INFO  segmented.SegmentedRaftLogWorker (SegmentedRaftLogWorker.java:run(313)) - 9445bbf2-462d-437b-aeef-056db19f15cb-SegmentedRaftLogWorker:Storage Directory /workdir/hadoop-ozone/integration-test/target/test-dir/MiniOzoneClusterImpl-9c60e482-b1fd-4cc4-81aa-d9340c8f8ba8/datanode-1/data/ratis/73f73552-858c-4638-a908-8f70bd2fffe2 was interrupted, exiting. There are 0 tasks remaining in the queue.
2019-07-14 16:34:13,210 INFO  impl.RaftServerImpl (RaftServerImpl.java:lambda$shutdown$3(245)) - b0dc493c-1720-4638-b385-57fe15548c4a: shutdown group-56B6167D8C9F
2019-07-14 16:34:13,210 INFO  segmented.SegmentedRaftLogWorker (SegmentedRaftLogWorker.java:close(228)) - 9445bbf2-462d-437b-aeef-056db19f15cb-SegmentedRaftLogWorker:Storage Directory /workdir/hadoop-ozone/integration-test/target/test-dir/MiniOzoneClusterImpl-9c60e482-b1fd-4cc4-81aa-d9340c8f8ba8/datanode-1/data/ratis/73f73552-858c-4638-a908-8f70bd2fffe2 close()
2019-07-14 16:34:13,211 INFO  util.JmxRegister (JmxRegister.java:unregister(73)) - Successfully un-registered JMX Bean with object name Ratis:service=RaftServer,group=group-56B6167D8C9F,id=b0dc493c-1720-4638-b385-57fe15548c4a
2019-07-14 16:34:13,216 INFO  impl.RaftServerImpl (RaftServerImpl.java:lambda$shutdown$3(245)) - 9445bbf2-462d-437b-aeef-056db19f15cb: shutdown group-15FCD6E64C2A
2019-07-14 16:34:13,216 INFO  impl.RoleInfo (RoleInfo.java:shutdownLeaderState(104)) - b0dc493c-1720-4638-b385-57fe15548c4a: shutdown LeaderState
2019-07-14 16:34:13,216 INFO  util.JmxRegister (JmxRegister.java:unregister(73)) - Successfully un-registered JMX Bean with object name Ratis:service=RaftServer,group=group-15FCD6E64C2A,id=9445bbf2-462d-437b-aeef-056db19f15cb
2019-07-14 16:34:13,217 INFO  impl.PendingRequests (PendingRequests.java:sendNotLeaderResponses(202)) - b0dc493c-1720-4638-b385-57fe15548c4a-PendingRequests: sendNotLeaderResponses
2019-07-14 16:34:13,217 INFO  impl.RoleInfo (RoleInfo.java:shutdownLeaderState(104)) - 9445bbf2-462d-437b-aeef-056db19f15cb: shutdown LeaderState
2019-07-14 16:34:13,217 INFO  ratis.ContainerStateMachine (ContainerStateMachine.java:takeSnapshot(246)) - Taking snapshot at termIndex:(t:0, i:~)
2019-07-14 16:34:13,217 INFO  impl.StateMachineUpdater (StateMachineUpdater.java:stopAndJoin(115)) - StateMachineUpdater:b0dc493c-1720-4638-b385-57fe15548c4a:group-56B6167D8C9F: set stopIndex = 0
2019-07-14 16:34:13,218 INFO  impl.PendingRequests (PendingRequests.java:sendNotLeaderResponses(202)) - 9445bbf2-462d-437b-aeef-056db19f15cb-PendingRequests: sendNotLeaderResponses
2019-07-14 16:34:13,218 INFO  impl.RaftServerImpl (ServerState.java:close(394)) - b0dc493c-1720-4638-b385-57fe15548c4a:group-56B6167D8C9F closes. The last applied log index is 0
2019-07-14 16:34:13,219 INFO  ratis.ContainerStateMachine (ContainerStateMachine.java:takeSnapshot(246)) - Taking snapshot at termIndex:(t:0, i:~)
2019-07-14 16:34:13,218 INFO  impl.StateMachineUpdater (StateMachineUpdater.java:stopAndJoin(115)) - StateMachineUpdater:9445bbf2-462d-437b-aeef-056db19f15cb:group-15FCD6E64C2A: set stopIndex = 0
2019-07-14 16:34:13,219 INFO  segmented.SegmentedRaftLogWorker (SegmentedRaftLogWorker.java:run(313)) - b0dc493c-1720-4638-b385-57fe15548c4a-SegmentedRaftLogWorker:Storage Directory /workdir/hadoop-ozone/integration-test/target/test-dir/MiniOzoneClusterImpl-9c60e482-b1fd-4cc4-81aa-d9340c8f8ba8/datanode-4/data/ratis/049ea0cb-412a-4675-8c2d-56b6167d8c9f was interrupted, exiting. There are 0 tasks remaining in the queue.
2019-07-14 16:34:13,219 INFO  impl.RaftServerImpl (ServerState.java:close(394)) - 9445bbf2-462d-437b-aeef-056db19f15cb:group-15FCD6E64C2A closes. The last applied log index is 0
2019-07-14 16:34:13,222 INFO  segmented.SegmentedRaftLogWorker (SegmentedRaftLogWorker.java:close(228)) - b0dc493c-1720-4638-b385-57fe15548c4a-SegmentedRaftLogWorker:Storage Directory /workdir/hadoop-ozone/integration-test/target/test-dir/MiniOzoneClusterImpl-9c60e482-b1fd-4cc4-81aa-d9340c8f8ba8/datanode-4/data/ratis/049ea0cb-412a-4675-8c2d-56b6167d8c9f close()
2019-07-14 16:34:13,222 INFO  segmented.SegmentedRaftLogWorker (SegmentedRaftLogWorker.java:run(313)) - 9445bbf2-462d-437b-aeef-056db19f15cb-SegmentedRaftLogWorker:Storage Directory /workdir/hadoop-ozone/integration-test/target/test-dir/MiniOzoneClusterImpl-9c60e482-b1fd-4cc4-81aa-d9340c8f8ba8/datanode-1/data/ratis/7cf3959d-dab3-4c17-a7b6-15fcd6e64c2a was interrupted, exiting. There are 0 tasks remaining in the queue.
2019-07-14 16:34:13,227 INFO  server.GrpcService (GrpcService.java:closeImpl(155)) - b0dc493c-1720-4638-b385-57fe15548c4a: shutdown server with port 38428 now
2019-07-14 16:34:13,230 WARN  server.GrpcServerProtocolService (LogUtils.java:warn(134)) - b0dc493c-1720-4638-b385-57fe15548c4a: appendEntries onError: org.apache.ratis.thirdparty.io.grpc.StatusRuntimeException: CANCELLED: cancelled before receiving half close
2019-07-14 16:34:13,230 INFO  server.GrpcService (GrpcService.java:closeImpl(163)) - b0dc493c-1720-4638-b385-57fe15548c4a: shutdown server with port 38428 successfully
2019-07-14 16:34:13,230 WARN  server.GrpcLogAppender (LogUtils.java:warn(134)) - e796987e-4e8a-47d2-b556-5927fd53432f->b0dc493c-1720-4638-b385-57fe15548c4a: Failed appendEntries: org.apache.ratis.thirdparty.io.grpc.StatusRuntimeException: CANCELLED: HTTP/2 error code: CANCEL
Received Rst Stream
2019-07-14 16:34:13,231 INFO  impl.FollowerInfo (FollowerInfo.java:lambda$new$0(50)) - e796987e-4e8a-47d2-b556-5927fd53432f->b0dc493c-1720-4638-b385-57fe15548c4a: nextIndex: updateUnconditionally 9 -> 8
2019-07-14 16:34:13,233 INFO  utils.BackgroundService (BackgroundService.java:shutdown(148)) - Shutting down service BlockDeletingService
2019-07-14 16:34:13,235 INFO  segmented.SegmentedRaftLogWorker (SegmentedRaftLogWorker.java:close(228)) - 9445bbf2-462d-437b-aeef-056db19f15cb-SegmentedRaftLogWorker:Storage Directory /workdir/hadoop-ozone/integration-test/target/test-dir/MiniOzoneClusterImpl-9c60e482-b1fd-4cc4-81aa-d9340c8f8ba8/datanode-1/data/ratis/7cf3959d-dab3-4c17-a7b6-15fcd6e64c2a close()
2019-07-14 16:34:13,235 WARN  fs.CachingGetSpaceUsed (CachingGetSpaceUsed.java:run(183)) - Thread Interrupted waiting to refresh disk information: sleep interrupted
2019-07-14 16:34:13,239 INFO  server.GrpcService (GrpcService.java:closeImpl(155)) - 9445bbf2-462d-437b-aeef-056db19f15cb: shutdown server with port 41032 now
2019-07-14 16:34:13,240 WARN  server.GrpcServerProtocolService (LogUtils.java:warn(134)) - 9445bbf2-462d-437b-aeef-056db19f15cb: appendEntries onError: org.apache.ratis.thirdparty.io.grpc.StatusRuntimeException: CANCELLED: cancelled before receiving half close
2019-07-14 16:34:13,240 INFO  server.GrpcService (GrpcService.java:closeImpl(163)) - 9445bbf2-462d-437b-aeef-056db19f15cb: shutdown server with port 41032 successfully
2019-07-14 16:34:13,240 WARN  server.GrpcLogAppender (LogUtils.java:warn(134)) - 40e5c344-f305-4c60-9072-015c713e3dac->9445bbf2-462d-437b-aeef-056db19f15cb: Failed appendEntries: org.apache.ratis.thirdparty.io.grpc.StatusRuntimeException: CANCELLED: HTTP/2 error code: CANCEL
Received Rst Stream
2019-07-14 16:34:13,241 INFO  impl.FollowerInfo (FollowerInfo.java:lambda$new$0(50)) - 40e5c344-f305-4c60-9072-015c713e3dac->9445bbf2-462d-437b-aeef-056db19f15cb: nextIndex: updateUnconditionally 7 -> 6
2019-07-14 16:34:13,241 INFO  utils.BackgroundService (BackgroundService.java:shutdown(148)) - Shutting down service BlockDeletingService
2019-07-14 16:34:13,242 WARN  fs.CachingGetSpaceUsed (CachingGetSpaceUsed.java:run(183)) - Thread Interrupted waiting to refresh disk information: sleep interrupted
2019-07-14 16:34:13,257 INFO  statemachine.DatanodeStateMachine (DatanodeStateMachine.java:stopDaemon(395)) - Ozone container server stopped.
2019-07-14 16:34:13,258 INFO  handler.ContextHandler (ContextHandler.java:doStop(910)) - Stopped o.e.j.w.WebAppContext@78ec5e18{/,null,UNAVAILABLE}{/hddsDatanode}
2019-07-14 16:34:13,259 INFO  server.AbstractConnector (AbstractConnector.java:doStop(318)) - Stopped ServerConnector@15962623{HTTP/1.1,[http/1.1]}{0.0.0.0:0}
2019-07-14 16:34:13,259 INFO  handler.ContextHandler (ContextHandler.java:doStop(910)) - Stopped o.e.j.s.ServletContextHandler@7cc7a0ca{/static,jar:file:/home/user/.m2/repository/org/apache/hadoop/hadoop-hdds-container-service/0.5.0-SNAPSHOT/hadoop-hdds-container-service-0.5.0-SNAPSHOT.jar!/webapps/static,UNAVAILABLE}
2019-07-14 16:34:13,260 INFO  handler.ContextHandler (ContextHandler.java:doStop(910)) - Stopped o.e.j.s.ServletContextHandler@78a6ffe3{/logs,file:///workdir/hadoop-ozone/integration-test/target/log,UNAVAILABLE}
2019-07-14 16:34:13,260 INFO  datanode.ObjectStoreHandler (ObjectStoreHandler.java:close(155)) - Closing ObjectStoreHandler.
2019-07-14 16:34:13,261 INFO  ozone.HddsDatanodeService (HddsDatanodeService.java:stop(452)) - Stopped plug-in org.apache.hadoop.ozone.web.OzoneHddsDatanodeService@6b54dbd8
2019-07-14 16:34:13,267 INFO  statemachine.DatanodeStateMachine (DatanodeStateMachine.java:stopDaemon(395)) - Ozone container server stopped.
2019-07-14 16:34:13,272 INFO  handler.ContextHandler (ContextHandler.java:doStop(910)) - Stopped o.e.j.w.WebAppContext@4d424aea{/,null,UNAVAILABLE}{/hddsDatanode}
2019-07-14 16:34:13,273 INFO  server.AbstractConnector (AbstractConnector.java:doStop(318)) - Stopped ServerConnector@7fcbb24b{HTTP/1.1,[http/1.1]}{0.0.0.0:0}
2019-07-14 16:34:13,274 INFO  handler.ContextHandler (ContextHandler.java:doStop(910)) - Stopped o.e.j.s.ServletContextHandler@2165828d{/static,jar:file:/home/user/.m2/repository/org/apache/hadoop/hadoop-hdds-container-service/0.5.0-SNAPSHOT/hadoop-hdds-container-service-0.5.0-SNAPSHOT.jar!/webapps/static,UNAVAILABLE}
2019-07-14 16:34:13,276 INFO  handler.ContextHandler (ContextHandler.java:doStop(910)) - Stopped o.e.j.s.ServletContextHandler@5ddd3150{/logs,file:///workdir/hadoop-ozone/integration-test/target/log,UNAVAILABLE}
2019-07-14 16:34:13,277 INFO  datanode.ObjectStoreHandler (ObjectStoreHandler.java:close(155)) - Closing ObjectStoreHandler.
2019-07-14 16:34:13,277 INFO  ozone.HddsDatanodeService (HddsDatanodeService.java:stop(452)) - Stopped plug-in org.apache.hadoop.ozone.web.OzoneHddsDatanodeService@2618343
2019-07-14 16:34:13,412 INFO  statemachine.DatanodeStateMachine (DatanodeStateMachine.java:lambda$startDaemon$0(350)) - Ozone container server started.
2019-07-14 16:34:14,046 INFO  statemachine.DatanodeStateMachine (DatanodeStateMachine.java:lambda$startDaemon$0(350)) - Ozone container server started.
2019-07-14 16:34:14,884 WARN  server.GrpcLogAppender (LogUtils.java:warn(134)) - e796987e-4e8a-47d2-b556-5927fd53432f->b0dc493c-1720-4638-b385-57fe15548c4a: Failed appendEntries: org.apache.ratis.thirdparty.io.grpc.StatusRuntimeException: UNAVAILABLE: io exception
2019-07-14 16:34:14,884 INFO  impl.FollowerInfo (FollowerInfo.java:lambda$new$0(50)) - e796987e-4e8a-47d2-b556-5927fd53432f->b0dc493c-1720-4638-b385-57fe15548c4a: nextIndex: updateUnconditionally 8 -> 7
2019-07-14 16:34:15,589 WARN  server.GrpcLogAppender (LogUtils.java:warn(134)) - 40e5c344-f305-4c60-9072-015c713e3dac->9445bbf2-462d-437b-aeef-056db19f15cb: Failed appendEntries: org.apache.ratis.thirdparty.io.grpc.StatusRuntimeException: UNAVAILABLE: io exception
2019-07-14 16:34:15,590 INFO  impl.FollowerInfo (FollowerInfo.java:lambda$new$0(50)) - 40e5c344-f305-4c60-9072-015c713e3dac->9445bbf2-462d-437b-aeef-056db19f15cb: nextIndex: updateUnconditionally 6 -> 5
2019-07-14 16:34:17,384 WARN  server.GrpcLogAppender (LogUtils.java:warn(134)) - e796987e-4e8a-47d2-b556-5927fd53432f->b0dc493c-1720-4638-b385-57fe15548c4a: Failed appendEntries: org.apache.ratis.thirdparty.io.grpc.StatusRuntimeException: UNAVAILABLE: io exception
2019-07-14 16:34:17,385 INFO  impl.FollowerInfo (FollowerInfo.java:lambda$new$0(50)) - e796987e-4e8a-47d2-b556-5927fd53432f->b0dc493c-1720-4638-b385-57fe15548c4a: nextIndex: updateUnconditionally 7 -> 6
2019-07-14 16:34:17,452 INFO  node.StaleNodeHandler (StaleNodeHandler.java:onMessage(58)) - Datanode 44864524-38b9-4fd5-aa68-b44cdb3418c7{ip: 192.168.69.77, host: pr-hdds-1710-5x6jb-1204890111, networkLocation: /default-rack, certSerialId: null} moved to stale state. Finalizing its pipelines [PipelineID=ce930d66-4a82-46cc-949d-b969c313150d, PipelineID=80076c21-8290-444e-bf23-006489345b43]
2019-07-14 16:34:17,452 INFO  pipeline.SCMPipelineManager (SCMPipelineManager.java:finalizeAndDestroyPipeline(309)) - destroying pipeline:Pipeline[ Id: ce930d66-4a82-46cc-949d-b969c313150d, Nodes: 44864524-38b9-4fd5-aa68-b44cdb3418c7{ip: 192.168.69.77, host: pr-hdds-1710-5x6jb-1204890111, networkLocation: /default-rack, certSerialId: null}b0dc493c-1720-4638-b385-57fe15548c4a{ip: 192.168.69.77, host: pr-hdds-1710-5x6jb-1204890111, networkLocation: /default-rack, certSerialId: null}e796987e-4e8a-47d2-b556-5927fd53432f{ip: 192.168.69.77, host: pr-hdds-1710-5x6jb-1204890111, networkLocation: /default-rack, certSerialId: null}, Type:RATIS, Factor:THREE, State:CLOSED]
2019-07-14 16:34:17,453 INFO  pipeline.SCMPipelineManager (SCMPipelineManager.java:finalizeAndDestroyPipeline(309)) - destroying pipeline:Pipeline[ Id: 80076c21-8290-444e-bf23-006489345b43, Nodes: 44864524-38b9-4fd5-aa68-b44cdb3418c7{ip: 192.168.69.77, host: pr-hdds-1710-5x6jb-1204890111, networkLocation: /default-rack, certSerialId: null}, Type:RATIS, Factor:ONE, State:OPEN]
2019-07-14 16:34:17,453 INFO  pipeline.PipelineStateManager (PipelineStateManager.java:finalizePipeline(123)) - Pipeline Pipeline[ Id: 80076c21-8290-444e-bf23-006489345b43, Nodes: 44864524-38b9-4fd5-aa68-b44cdb3418c7{ip: 192.168.69.77, host: pr-hdds-1710-5x6jb-1204890111, networkLocation: /default-rack, certSerialId: null}, Type:RATIS, Factor:ONE, State:CLOSED] moved to CLOSED state
2019-07-14 16:34:18,053 INFO  node.StaleNodeHandler (StaleNodeHandler.java:onMessage(58)) - Datanode 40e5c344-f305-4c60-9072-015c713e3dac{ip: 192.168.69.77, host: pr-hdds-1710-5x6jb-1204890111, networkLocation: /default-rack, certSerialId: null} moved to stale state. Finalizing its pipelines [PipelineID=73f73552-858c-4638-a908-8f70bd2fffe2, PipelineID=6c6c9cf4-fbdc-409b-8e83-da5270e9e05e]
2019-07-14 16:34:18,053 INFO  pipeline.SCMPipelineManager (SCMPipelineManager.java:finalizeAndDestroyPipeline(309)) - destroying pipeline:Pipeline[ Id: 73f73552-858c-4638-a908-8f70bd2fffe2, Nodes: fa1fe8e2-562a-401d-baea-1faeff5131b9{ip: 192.168.69.77, host: pr-hdds-1710-5x6jb-1204890111, networkLocation: /default-rack, certSerialId: null}9445bbf2-462d-437b-aeef-056db19f15cb{ip: 192.168.69.77, host: pr-hdds-1710-5x6jb-1204890111, networkLocation: /default-rack, certSerialId: null}40e5c344-f305-4c60-9072-015c713e3dac{ip: 192.168.69.77, host: pr-hdds-1710-5x6jb-1204890111, networkLocation: /default-rack, certSerialId: null}, Type:RATIS, Factor:THREE, State:CLOSED]
2019-07-14 16:34:18,054 INFO  pipeline.SCMPipelineManager (SCMPipelineManager.java:finalizeAndDestroyPipeline(309)) - destroying pipeline:Pipeline[ Id: 6c6c9cf4-fbdc-409b-8e83-da5270e9e05e, Nodes: 40e5c344-f305-4c60-9072-015c713e3dac{ip: 192.168.69.77, host: pr-hdds-1710-5x6jb-1204890111, networkLocation: /default-rack, certSerialId: null}, Type:RATIS, Factor:ONE, State:OPEN]
2019-07-14 16:34:18,054 INFO  pipeline.PipelineStateManager (PipelineStateManager.java:finalizePipeline(123)) - Pipeline Pipeline[ Id: 6c6c9cf4-fbdc-409b-8e83-da5270e9e05e, Nodes: 40e5c344-f305-4c60-9072-015c713e3dac{ip: 192.168.69.77, host: pr-hdds-1710-5x6jb-1204890111, networkLocation: /default-rack, certSerialId: null}, Type:RATIS, Factor:ONE, State:CLOSED] moved to CLOSED state
2019-07-14 16:34:18,089 WARN  server.GrpcLogAppender (LogUtils.java:warn(134)) - 40e5c344-f305-4c60-9072-015c713e3dac->9445bbf2-462d-437b-aeef-056db19f15cb: Failed appendEntries: org.apache.ratis.thirdparty.io.grpc.StatusRuntimeException: UNAVAILABLE: io exception
2019-07-14 16:34:18,090 INFO  impl.FollowerInfo (FollowerInfo.java:lambda$new$0(50)) - 40e5c344-f305-4c60-9072-015c713e3dac->9445bbf2-462d-437b-aeef-056db19f15cb: nextIndex: updateUnconditionally 5 -> 4
2019-07-14 16:34:18,262 INFO  ozoneimpl.OzoneContainer (OzoneContainer.java:stop(199)) - Attempting to stop container services.
2019-07-14 16:34:18,262 INFO  impl.RaftServerProxy (RaftServerProxy.java:lambda$close$4(314)) - 44864524-38b9-4fd5-aa68-b44cdb3418c7: close
2019-07-14 16:34:18,263 INFO  impl.RaftServerImpl (RaftServerImpl.java:lambda$shutdown$3(245)) - 44864524-38b9-4fd5-aa68-b44cdb3418c7: shutdown group-B969C313150D
2019-07-14 16:34:18,263 INFO  util.JmxRegister (JmxRegister.java:unregister(73)) - Successfully un-registered JMX Bean with object name Ratis:service=RaftServer,group=group-B969C313150D,id=44864524-38b9-4fd5-aa68-b44cdb3418c7
2019-07-14 16:34:18,264 INFO  impl.RoleInfo (RoleInfo.java:shutdownFollowerState(121)) - 44864524-38b9-4fd5-aa68-b44cdb3418c7: shutdown FollowerState
2019-07-14 16:34:18,264 INFO  impl.StateMachineUpdater (StateMachineUpdater.java:stopAndJoin(115)) - StateMachineUpdater:44864524-38b9-4fd5-aa68-b44cdb3418c7:group-B969C313150D: set stopIndex = 8
2019-07-14 16:34:18,264 INFO  impl.FollowerState (FollowerState.java:run(114)) - 44864524-38b9-4fd5-aa68-b44cdb3418c7: FollowerState was interrupted: java.lang.InterruptedException: sleep interrupted
2019-07-14 16:34:18,264 INFO  ratis.ContainerStateMachine (ContainerStateMachine.java:takeSnapshot(246)) - Taking snapshot at termIndex:(t:1, i:7)
2019-07-14 16:34:18,268 INFO  ratis.ContainerStateMachine (ContainerStateMachine.java:takeSnapshot(250)) - Taking a snapshot to file /workdir/hadoop-ozone/integration-test/target/test-dir/MiniOzoneClusterImpl-9c60e482-b1fd-4cc4-81aa-d9340c8f8ba8/datanode-3/data/ratis/ce930d66-4a82-46cc-949d-b969c313150d/sm/snapshot.1_7
2019-07-14 16:34:18,268 INFO  impl.StateMachineUpdater (StateMachineUpdater.java:takeSnapshot(242)) - StateMachineUpdater:44864524-38b9-4fd5-aa68-b44cdb3418c7:group-B969C313150D: Took a snapshot at index 7
2019-07-14 16:34:18,269 INFO  impl.StateMachineUpdater (StateMachineUpdater.java:lambda$new$0(80)) - StateMachineUpdater:44864524-38b9-4fd5-aa68-b44cdb3418c7:group-B969C313150D: snapshotIndex: updateIncreasingly -1 -> 7
2019-07-14 16:34:18,269 INFO  impl.RaftServerImpl (ServerState.java:close(394)) - 44864524-38b9-4fd5-aa68-b44cdb3418c7:group-B969C313150D closes. The last applied log index is 8
2019-07-14 16:34:18,270 INFO  segmented.SegmentedRaftLogWorker (SegmentedRaftLogWorker.java:run(313)) - 44864524-38b9-4fd5-aa68-b44cdb3418c7-SegmentedRaftLogWorker:Storage Directory /workdir/hadoop-ozone/integration-test/target/test-dir/MiniOzoneClusterImpl-9c60e482-b1fd-4cc4-81aa-d9340c8f8ba8/datanode-3/data/ratis/ce930d66-4a82-46cc-949d-b969c313150d was interrupted, exiting. There are 0 tasks remaining in the queue.
2019-07-14 16:34:18,272 INFO  segmented.SegmentedRaftLogWorker (SegmentedRaftLogWorker.java:close(228)) - 44864524-38b9-4fd5-aa68-b44cdb3418c7-SegmentedRaftLogWorker:Storage Directory /workdir/hadoop-ozone/integration-test/target/test-dir/MiniOzoneClusterImpl-9c60e482-b1fd-4cc4-81aa-d9340c8f8ba8/datanode-3/data/ratis/ce930d66-4a82-46cc-949d-b969c313150d close()
2019-07-14 16:34:18,276 INFO  impl.RaftServerImpl (RaftServerImpl.java:lambda$shutdown$3(245)) - 44864524-38b9-4fd5-aa68-b44cdb3418c7: shutdown group-006489345B43
2019-07-14 16:34:18,276 INFO  util.JmxRegister (JmxRegister.java:unregister(73)) - Successfully un-registered JMX Bean with object name Ratis:service=RaftServer,group=group-006489345B43,id=44864524-38b9-4fd5-aa68-b44cdb3418c7
2019-07-14 16:34:18,277 INFO  impl.RoleInfo (RoleInfo.java:shutdownLeaderState(104)) - 44864524-38b9-4fd5-aa68-b44cdb3418c7: shutdown LeaderState
2019-07-14 16:34:18,277 INFO  impl.PendingRequests (PendingRequests.java:sendNotLeaderResponses(202)) - 44864524-38b9-4fd5-aa68-b44cdb3418c7-PendingRequests: sendNotLeaderResponses
2019-07-14 16:34:18,278 INFO  ozoneimpl.OzoneContainer (OzoneContainer.java:stop(199)) - Attempting to stop container services.
2019-07-14 16:34:18,278 INFO  ratis.ContainerStateMachine (ContainerStateMachine.java:takeSnapshot(246)) - Taking snapshot at termIndex:(t:0, i:~)
2019-07-14 16:34:18,278 INFO  impl.StateMachineUpdater (StateMachineUpdater.java:stopAndJoin(115)) - StateMachineUpdater:44864524-38b9-4fd5-aa68-b44cdb3418c7:group-006489345B43: set stopIndex = 0
2019-07-14 16:34:18,278 INFO  impl.RaftServerImpl (ServerState.java:close(394)) - 44864524-38b9-4fd5-aa68-b44cdb3418c7:group-006489345B43 closes. The last applied log index is 0
2019-07-14 16:34:18,278 INFO  impl.RaftServerProxy (RaftServerProxy.java:lambda$close$4(314)) - 40e5c344-f305-4c60-9072-015c713e3dac: close
2019-07-14 16:34:18,279 INFO  segmented.SegmentedRaftLogWorker (SegmentedRaftLogWorker.java:run(313)) - 44864524-38b9-4fd5-aa68-b44cdb3418c7-SegmentedRaftLogWorker:Storage Directory /workdir/hadoop-ozone/integration-test/target/test-dir/MiniOzoneClusterImpl-9c60e482-b1fd-4cc4-81aa-d9340c8f8ba8/datanode-3/data/ratis/80076c21-8290-444e-bf23-006489345b43 was interrupted, exiting. There are 0 tasks remaining in the queue.
2019-07-14 16:34:18,279 INFO  impl.RaftServerImpl (RaftServerImpl.java:lambda$shutdown$3(245)) - 40e5c344-f305-4c60-9072-015c713e3dac: shutdown group-8F70BD2FFFE2
2019-07-14 16:34:18,281 INFO  segmented.SegmentedRaftLogWorker (SegmentedRaftLogWorker.java:close(228)) - 44864524-38b9-4fd5-aa68-b44cdb3418c7-SegmentedRaftLogWorker:Storage Directory /workdir/hadoop-ozone/integration-test/target/test-dir/MiniOzoneClusterImpl-9c60e482-b1fd-4cc4-81aa-d9340c8f8ba8/datanode-3/data/ratis/80076c21-8290-444e-bf23-006489345b43 close()
2019-07-14 16:34:18,281 INFO  util.JmxRegister (JmxRegister.java:unregister(73)) - Successfully un-registered JMX Bean with object name Ratis:service=RaftServer,group=group-8F70BD2FFFE2,id=40e5c344-f305-4c60-9072-015c713e3dac
2019-07-14 16:34:18,285 INFO  server.GrpcService (GrpcService.java:closeImpl(155)) - 44864524-38b9-4fd5-aa68-b44cdb3418c7: shutdown server with port 34200 now
2019-07-14 16:34:18,285 INFO  impl.RoleInfo (RoleInfo.java:shutdownLeaderState(104)) - 40e5c344-f305-4c60-9072-015c713e3dac: shutdown LeaderState
2019-07-14 16:34:18,289 INFO  impl.PendingRequests (PendingRequests.java:sendNotLeaderResponses(202)) - 40e5c344-f305-4c60-9072-015c713e3dac-PendingRequests: sendNotLeaderResponses
2019-07-14 16:34:18,289 WARN  server.GrpcServerProtocolService (LogUtils.java:warn(134)) - 44864524-38b9-4fd5-aa68-b44cdb3418c7: appendEntries onError: org.apache.ratis.thirdparty.io.grpc.StatusRuntimeException: CANCELLED: cancelled before receiving half close
2019-07-14 16:34:18,293 INFO  impl.StateMachineUpdater (StateMachineUpdater.java:stopAndJoin(115)) - StateMachineUpdater:40e5c344-f305-4c60-9072-015c713e3dac:group-8F70BD2FFFE2: set stopIndex = 6
2019-07-14 16:34:18,289 WARN  server.GrpcLogAppender (LogUtils.java:warn(134)) - e796987e-4e8a-47d2-b556-5927fd53432f->44864524-38b9-4fd5-aa68-b44cdb3418c7: Failed appendEntries: org.apache.ratis.thirdparty.io.grpc.StatusRuntimeException: CANCELLED: HTTP/2 error code: CANCEL
Received Rst Stream
2019-07-14 16:34:18,289 INFO  server.GrpcService (GrpcService.java:closeImpl(163)) - 44864524-38b9-4fd5-aa68-b44cdb3418c7: shutdown server with port 34200 successfully
2019-07-14 16:34:18,289 WARN  server.GrpcLogAppender (GrpcLogAppender.java:mayWait(143)) - GrpcLogAppender(40e5c344-f305-4c60-9072-015c713e3dac->fa1fe8e2-562a-401d-baea-1faeff5131b9): Wait interrupted by java.lang.InterruptedException
2019-07-14 16:34:18,289 WARN  server.GrpcLogAppender (GrpcLogAppender.java:mayWait(143)) - GrpcLogAppender(40e5c344-f305-4c60-9072-015c713e3dac->9445bbf2-462d-437b-aeef-056db19f15cb): Wait interrupted by java.lang.InterruptedException
2019-07-14 16:34:18,294 INFO  impl.FollowerInfo (FollowerInfo.java:lambda$new$0(50)) - e796987e-4e8a-47d2-b556-5927fd53432f->44864524-38b9-4fd5-aa68-b44cdb3418c7: nextIndex: updateUnconditionally 9 -> 8
2019-07-14 16:34:18,293 INFO  ratis.ContainerStateMachine (ContainerStateMachine.java:takeSnapshot(246)) - Taking snapshot at termIndex:(t:1, i:6)
2019-07-14 16:34:18,295 INFO  server.GrpcServerProtocolService (GrpcServerProtocolService.java:onCompleted(104)) - fa1fe8e2-562a-401d-baea-1faeff5131b9: appendEntries completed
2019-07-14 16:34:18,295 INFO  ratis.ContainerStateMachine (ContainerStateMachine.java:takeSnapshot(250)) - Taking a snapshot to file /workdir/hadoop-ozone/integration-test/target/test-dir/MiniOzoneClusterImpl-9c60e482-b1fd-4cc4-81aa-d9340c8f8ba8/datanode-2/data/ratis/73f73552-858c-4638-a908-8f70bd2fffe2/sm/snapshot.1_6
2019-07-14 16:34:18,295 INFO  utils.BackgroundService (BackgroundService.java:shutdown(148)) - Shutting down service BlockDeletingService
2019-07-14 16:34:18,296 INFO  impl.StateMachineUpdater (StateMachineUpdater.java:takeSnapshot(242)) - StateMachineUpdater:40e5c344-f305-4c60-9072-015c713e3dac:group-8F70BD2FFFE2: Took a snapshot at index 6
2019-07-14 16:34:18,296 INFO  server.GrpcLogAppender (GrpcLogAppender.java:onCompleted(292)) - 40e5c344-f305-4c60-9072-015c713e3dac->fa1fe8e2-562a-401d-baea-1faeff5131b9: follower responses appendEntries COMPLETED
2019-07-14 16:34:18,296 INFO  impl.StateMachineUpdater (StateMachineUpdater.java:lambda$new$0(80)) - StateMachineUpdater:40e5c344-f305-4c60-9072-015c713e3dac:group-8F70BD2FFFE2: snapshotIndex: updateIncreasingly -1 -> 6
2019-07-14 16:34:18,296 INFO  impl.FollowerInfo (FollowerInfo.java:lambda$new$0(50)) - 40e5c344-f305-4c60-9072-015c713e3dac->fa1fe8e2-562a-401d-baea-1faeff5131b9: nextIndex: updateUnconditionally 7 -> 6
2019-07-14 16:34:18,297 WARN  fs.CachingGetSpaceUsed (CachingGetSpaceUsed.java:run(183)) - Thread Interrupted waiting to refresh disk information: sleep interrupted
2019-07-14 16:34:18,296 INFO  impl.RaftServerImpl (ServerState.java:close(394)) - 40e5c344-f305-4c60-9072-015c713e3dac:group-8F70BD2FFFE2 closes. The last applied log index is 6
2019-07-14 16:34:18,297 INFO  segmented.SegmentedRaftLogWorker (SegmentedRaftLogWorker.java:run(313)) - 40e5c344-f305-4c60-9072-015c713e3dac-SegmentedRaftLogWorker:Storage Directory /workdir/hadoop-ozone/integration-test/target/test-dir/MiniOzoneClusterImpl-9c60e482-b1fd-4cc4-81aa-d9340c8f8ba8/datanode-2/data/ratis/73f73552-858c-4638-a908-8f70bd2fffe2 was interrupted, exiting. There are 0 tasks remaining in the queue.
2019-07-14 16:34:18,300 INFO  segmented.SegmentedRaftLogWorker (SegmentedRaftLogWorker.java:close(228)) - 40e5c344-f305-4c60-9072-015c713e3dac-SegmentedRaftLogWorker:Storage Directory /workdir/hadoop-ozone/integration-test/target/test-dir/MiniOzoneClusterImpl-9c60e482-b1fd-4cc4-81aa-d9340c8f8ba8/datanode-2/data/ratis/73f73552-858c-4638-a908-8f70bd2fffe2 close()
2019-07-14 16:34:18,312 INFO  impl.RaftServerImpl (RaftServerImpl.java:lambda$shutdown$3(245)) - 40e5c344-f305-4c60-9072-015c713e3dac: shutdown group-DA5270E9E05E
2019-07-14 16:34:18,312 INFO  util.JmxRegister (JmxRegister.java:unregister(73)) - Successfully un-registered JMX Bean with object name Ratis:service=RaftServer,group=group-DA5270E9E05E,id=40e5c344-f305-4c60-9072-015c713e3dac
2019-07-14 16:34:18,312 INFO  impl.RoleInfo (RoleInfo.java:shutdownLeaderState(104)) - 40e5c344-f305-4c60-9072-015c713e3dac: shutdown LeaderState
2019-07-14 16:34:18,313 INFO  impl.PendingRequests (PendingRequests.java:sendNotLeaderResponses(202)) - 40e5c344-f305-4c60-9072-015c713e3dac-PendingRequests: sendNotLeaderResponses
2019-07-14 16:34:18,313 INFO  impl.StateMachineUpdater (StateMachineUpdater.java:stopAndJoin(115)) - StateMachineUpdater:40e5c344-f305-4c60-9072-015c713e3dac:group-DA5270E9E05E: set stopIndex = 0
2019-07-14 16:34:18,313 INFO  ratis.ContainerStateMachine (ContainerStateMachine.java:takeSnapshot(246)) - Taking snapshot at termIndex:(t:0, i:~)
2019-07-14 16:34:18,313 INFO  impl.RaftServerImpl (ServerState.java:close(394)) - 40e5c344-f305-4c60-9072-015c713e3dac:group-DA5270E9E05E closes. The last applied log index is 0
2019-07-14 16:34:18,314 INFO  segmented.SegmentedRaftLogWorker (SegmentedRaftLogWorker.java:run(313)) - 40e5c344-f305-4c60-9072-015c713e3dac-SegmentedRaftLogWorker:Storage Directory /workdir/hadoop-ozone/integration-test/target/test-dir/MiniOzoneClusterImpl-9c60e482-b1fd-4cc4-81aa-d9340c8f8ba8/datanode-2/data/ratis/6c6c9cf4-fbdc-409b-8e83-da5270e9e05e was interrupted, exiting. There are 0 tasks remaining in the queue.
2019-07-14 16:34:18,316 INFO  segmented.SegmentedRaftLogWorker (SegmentedRaftLogWorker.java:close(228)) - 40e5c344-f305-4c60-9072-015c713e3dac-SegmentedRaftLogWorker:Storage Directory /workdir/hadoop-ozone/integration-test/target/test-dir/MiniOzoneClusterImpl-9c60e482-b1fd-4cc4-81aa-d9340c8f8ba8/datanode-2/data/ratis/6c6c9cf4-fbdc-409b-8e83-da5270e9e05e close()
2019-07-14 16:34:18,318 INFO  server.GrpcService (GrpcService.java:closeImpl(155)) - 40e5c344-f305-4c60-9072-015c713e3dac: shutdown server with port 45386 now
2019-07-14 16:34:18,318 INFO  server.GrpcService (GrpcService.java:closeImpl(163)) - 40e5c344-f305-4c60-9072-015c713e3dac: shutdown server with port 45386 successfully
2019-07-14 16:34:18,319 INFO  utils.BackgroundService (BackgroundService.java:shutdown(148)) - Shutting down service BlockDeletingService
2019-07-14 16:34:18,323 WARN  fs.CachingGetSpaceUsed (CachingGetSpaceUsed.java:run(183)) - Thread Interrupted waiting to refresh disk information: sleep interrupted
2019-07-14 16:34:18,334 INFO  statemachine.DatanodeStateMachine (DatanodeStateMachine.java:stopDaemon(395)) - Ozone container server stopped.
2019-07-14 16:34:18,335 INFO  handler.ContextHandler (ContextHandler.java:doStop(910)) - Stopped o.e.j.w.WebAppContext@afee49e{/,null,UNAVAILABLE}{/hddsDatanode}
2019-07-14 16:34:18,336 INFO  server.AbstractConnector (AbstractConnector.java:doStop(318)) - Stopped ServerConnector@4c3d056{HTTP/1.1,[http/1.1]}{0.0.0.0:0}
2019-07-14 16:34:18,336 INFO  handler.ContextHandler (ContextHandler.java:doStop(910)) - Stopped o.e.j.s.ServletContextHandler@41cc3795{/static,jar:file:/home/user/.m2/repository/org/apache/hadoop/hadoop-hdds-container-service/0.5.0-SNAPSHOT/hadoop-hdds-container-service-0.5.0-SNAPSHOT.jar!/webapps/static,UNAVAILABLE}
2019-07-14 16:34:18,337 INFO  handler.ContextHandler (ContextHandler.java:doStop(910)) - Stopped o.e.j.s.ServletContextHandler@67ee26af{/logs,file:///workdir/hadoop-ozone/integration-test/target/log,UNAVAILABLE}
2019-07-14 16:34:18,337 INFO  datanode.ObjectStoreHandler (ObjectStoreHandler.java:close(155)) - Closing ObjectStoreHandler.
2019-07-14 16:34:18,338 INFO  ozone.HddsDatanodeService (HddsDatanodeService.java:stop(452)) - Stopped plug-in org.apache.hadoop.ozone.web.OzoneHddsDatanodeService@35e6861
2019-07-14 16:34:18,345 INFO  statemachine.DatanodeStateMachine (DatanodeStateMachine.java:stopDaemon(395)) - Ozone container server stopped.
2019-07-14 16:34:18,350 INFO  handler.ContextHandler (ContextHandler.java:doStop(910)) - Stopped o.e.j.w.WebAppContext@a95c1f6{/,null,UNAVAILABLE}{/hddsDatanode}
2019-07-14 16:34:18,351 INFO  server.AbstractConnector (AbstractConnector.java:doStop(318)) - Stopped ServerConnector@22271065{HTTP/1.1,[http/1.1]}{0.0.0.0:0}
2019-07-14 16:34:18,352 INFO  handler.ContextHandler (ContextHandler.java:doStop(910)) - Stopped o.e.j.s.ServletContextHandler@22f0d1e0{/static,jar:file:/home/user/.m2/repository/org/apache/hadoop/hadoop-hdds-container-service/0.5.0-SNAPSHOT/hadoop-hdds-container-service-0.5.0-SNAPSHOT.jar!/webapps/static,UNAVAILABLE}
2019-07-14 16:34:18,354 INFO  handler.ContextHandler (ContextHandler.java:doStop(910)) - Stopped o.e.j.s.ServletContextHandler@2655ccbd{/logs,file:///workdir/hadoop-ozone/integration-test/target/log,UNAVAILABLE}
2019-07-14 16:34:18,355 INFO  datanode.ObjectStoreHandler (ObjectStoreHandler.java:close(155)) - Closing ObjectStoreHandler.
2019-07-14 16:34:18,355 INFO  ozone.HddsDatanodeService (HddsDatanodeService.java:stop(452)) - Stopped plug-in org.apache.hadoop.ozone.web.OzoneHddsDatanodeService@79add96c
2019-07-14 16:34:18,521 INFO  statemachine.DatanodeStateMachine (DatanodeStateMachine.java:lambda$startDaemon$0(350)) - Ozone container server started.
2019-07-14 16:34:19,049 INFO  statemachine.DatanodeStateMachine (DatanodeStateMachine.java:lambda$startDaemon$0(350)) - Ozone container server started.
2019-07-14 16:34:19,885 WARN  server.GrpcLogAppender (LogUtils.java:warn(134)) - e796987e-4e8a-47d2-b556-5927fd53432f->b0dc493c-1720-4638-b385-57fe15548c4a: Failed appendEntries: org.apache.ratis.thirdparty.io.grpc.StatusRuntimeException: UNAVAILABLE: io exception
2019-07-14 16:34:19,886 INFO  impl.FollowerInfo (FollowerInfo.java:lambda$new$0(50)) - e796987e-4e8a-47d2-b556-5927fd53432f->b0dc493c-1720-4638-b385-57fe15548c4a: nextIndex: updateUnconditionally 6 -> 5
2019-07-14 16:34:19,887 WARN  server.GrpcLogAppender (LogUtils.java:warn(134)) - e796987e-4e8a-47d2-b556-5927fd53432f->44864524-38b9-4fd5-aa68-b44cdb3418c7: Failed appendEntries: org.apache.ratis.thirdparty.io.grpc.StatusRuntimeException: UNAVAILABLE: io exception
2019-07-14 16:34:19,888 INFO  impl.FollowerInfo (FollowerInfo.java:lambda$new$0(50)) - e796987e-4e8a-47d2-b556-5927fd53432f->44864524-38b9-4fd5-aa68-b44cdb3418c7: nextIndex: updateUnconditionally 8 -> 7
2019-07-14 16:34:22,386 WARN  server.GrpcLogAppender (LogUtils.java:warn(134)) - e796987e-4e8a-47d2-b556-5927fd53432f->b0dc493c-1720-4638-b385-57fe15548c4a: Failed appendEntries: org.apache.ratis.thirdparty.io.grpc.StatusRuntimeException: UNAVAILABLE: io exception
2019-07-14 16:34:22,386 INFO  impl.FollowerInfo (FollowerInfo.java:lambda$new$0(50)) - e796987e-4e8a-47d2-b556-5927fd53432f->b0dc493c-1720-4638-b385-57fe15548c4a: nextIndex: updateUnconditionally 5 -> 4
2019-07-14 16:34:22,388 WARN  server.GrpcLogAppender (LogUtils.java:warn(134)) - e796987e-4e8a-47d2-b556-5927fd53432f->44864524-38b9-4fd5-aa68-b44cdb3418c7: Failed appendEntries: org.apache.ratis.thirdparty.io.grpc.StatusRuntimeException: UNAVAILABLE: io exception
2019-07-14 16:34:22,388 INFO  impl.FollowerInfo (FollowerInfo.java:lambda$new$0(50)) - e796987e-4e8a-47d2-b556-5927fd53432f->44864524-38b9-4fd5-aa68-b44cdb3418c7: nextIndex: updateUnconditionally 7 -> 6
2019-07-14 16:34:22,562 INFO  node.StaleNodeHandler (StaleNodeHandler.java:onMessage(58)) - Datanode 94db9d65-15cd-46a2-a1b2-eb4dfde861c6{ip: 192.168.69.77, host: pr-hdds-1710-5x6jb-1204890111, networkLocation: /default-rack, certSerialId: null} moved to stale state. Finalizing its pipelines [PipelineID=58d1033a-48a6-47dc-8d5f-4ff78cdaeb16]
2019-07-14 16:34:22,563 INFO  pipeline.SCMPipelineManager (SCMPipelineManager.java:finalizeAndDestroyPipeline(309)) - destroying pipeline:Pipeline[ Id: 58d1033a-48a6-47dc-8d5f-4ff78cdaeb16, Nodes: 94db9d65-15cd-46a2-a1b2-eb4dfde861c6{ip: 192.168.69.77, host: pr-hdds-1710-5x6jb-1204890111, networkLocation: /default-rack, certSerialId: null}, Type:RATIS, Factor:ONE, State:OPEN]
2019-07-14 16:34:22,563 INFO  pipeline.PipelineStateManager (PipelineStateManager.java:finalizePipeline(123)) - Pipeline Pipeline[ Id: 58d1033a-48a6-47dc-8d5f-4ff78cdaeb16, Nodes: 94db9d65-15cd-46a2-a1b2-eb4dfde861c6{ip: 192.168.69.77, host: pr-hdds-1710-5x6jb-1204890111, networkLocation: /default-rack, certSerialId: null}, Type:RATIS, Factor:ONE, State:CLOSED] moved to CLOSED state
2019-07-14 16:34:23,063 INFO  node.StaleNodeHandler (StaleNodeHandler.java:onMessage(58)) - Datanode fa1fe8e2-562a-401d-baea-1faeff5131b9{ip: 192.168.69.77, host: pr-hdds-1710-5x6jb-1204890111, networkLocation: /default-rack, certSerialId: null} moved to stale state. Finalizing its pipelines [PipelineID=3cdc6cbd-4daa-4003-b435-f43995c19d15, PipelineID=73f73552-858c-4638-a908-8f70bd2fffe2]
2019-07-14 16:34:23,063 INFO  pipeline.SCMPipelineManager (SCMPipelineManager.java:finalizeAndDestroyPipeline(309)) - destroying pipeline:Pipeline[ Id: 3cdc6cbd-4daa-4003-b435-f43995c19d15, Nodes: fa1fe8e2-562a-401d-baea-1faeff5131b9{ip: 192.168.69.77, host: pr-hdds-1710-5x6jb-1204890111, networkLocation: /default-rack, certSerialId: null}, Type:RATIS, Factor:ONE, State:OPEN]
2019-07-14 16:34:23,064 INFO  pipeline.PipelineStateManager (PipelineStateManager.java:finalizePipeline(123)) - Pipeline Pipeline[ Id: 3cdc6cbd-4daa-4003-b435-f43995c19d15, Nodes: fa1fe8e2-562a-401d-baea-1faeff5131b9{ip: 192.168.69.77, host: pr-hdds-1710-5x6jb-1204890111, networkLocation: /default-rack, certSerialId: null}, Type:RATIS, Factor:ONE, State:CLOSED] moved to CLOSED state
2019-07-14 16:34:23,064 INFO  pipeline.SCMPipelineManager (SCMPipelineManager.java:finalizeAndDestroyPipeline(309)) - destroying pipeline:Pipeline[ Id: 73f73552-858c-4638-a908-8f70bd2fffe2, Nodes: fa1fe8e2-562a-401d-baea-1faeff5131b9{ip: 192.168.69.77, host: pr-hdds-1710-5x6jb-1204890111, networkLocation: /default-rack, certSerialId: null}9445bbf2-462d-437b-aeef-056db19f15cb{ip: 192.168.69.77, host: pr-hdds-1710-5x6jb-1204890111, networkLocation: /default-rack, certSerialId: null}40e5c344-f305-4c60-9072-015c713e3dac{ip: 192.168.69.77, host: pr-hdds-1710-5x6jb-1204890111, networkLocation: /default-rack, certSerialId: null}, Type:RATIS, Factor:THREE, State:CLOSED]
2019-07-14 16:34:23,338 INFO  ozoneimpl.OzoneContainer (OzoneContainer.java:stop(199)) - Attempting to stop container services.
2019-07-14 16:34:23,339 INFO  impl.RaftServerProxy (RaftServerProxy.java:lambda$close$4(314)) - 94db9d65-15cd-46a2-a1b2-eb4dfde861c6: close
2019-07-14 16:34:23,340 INFO  impl.RaftServerImpl (RaftServerImpl.java:lambda$shutdown$3(245)) - 94db9d65-15cd-46a2-a1b2-eb4dfde861c6: shutdown group-4FF78CDAEB16
2019-07-14 16:34:23,340 INFO  util.JmxRegister (JmxRegister.java:unregister(73)) - Successfully un-registered JMX Bean with object name Ratis:service=RaftServer,group=group-4FF78CDAEB16,id=94db9d65-15cd-46a2-a1b2-eb4dfde861c6
2019-07-14 16:34:23,341 INFO  impl.RoleInfo (RoleInfo.java:shutdownLeaderState(104)) - 94db9d65-15cd-46a2-a1b2-eb4dfde861c6: shutdown LeaderState
2019-07-14 16:34:23,341 INFO  impl.PendingRequests (PendingRequests.java:sendNotLeaderResponses(202)) - 94db9d65-15cd-46a2-a1b2-eb4dfde861c6-PendingRequests: sendNotLeaderResponses
2019-07-14 16:34:23,342 INFO  impl.StateMachineUpdater (StateMachineUpdater.java:stopAndJoin(115)) - StateMachineUpdater:94db9d65-15cd-46a2-a1b2-eb4dfde861c6:group-4FF78CDAEB16: set stopIndex = 0
2019-07-14 16:34:23,342 INFO  ratis.ContainerStateMachine (ContainerStateMachine.java:takeSnapshot(246)) - Taking snapshot at termIndex:(t:0, i:~)
2019-07-14 16:34:23,342 INFO  impl.RaftServerImpl (ServerState.java:close(394)) - 94db9d65-15cd-46a2-a1b2-eb4dfde861c6:group-4FF78CDAEB16 closes. The last applied log index is 0
2019-07-14 16:34:23,343 INFO  segmented.SegmentedRaftLogWorker (SegmentedRaftLogWorker.java:run(313)) - 94db9d65-15cd-46a2-a1b2-eb4dfde861c6-SegmentedRaftLogWorker:Storage Directory /workdir/hadoop-ozone/integration-test/target/test-dir/MiniOzoneClusterImpl-9c60e482-b1fd-4cc4-81aa-d9340c8f8ba8/datanode-6/data/ratis/58d1033a-48a6-47dc-8d5f-4ff78cdaeb16 was interrupted, exiting. There are 0 tasks remaining in the queue.
2019-07-14 16:34:23,346 INFO  segmented.SegmentedRaftLogWorker (SegmentedRaftLogWorker.java:close(228)) - 94db9d65-15cd-46a2-a1b2-eb4dfde861c6-SegmentedRaftLogWorker:Storage Directory /workdir/hadoop-ozone/integration-test/target/test-dir/MiniOzoneClusterImpl-9c60e482-b1fd-4cc4-81aa-d9340c8f8ba8/datanode-6/data/ratis/58d1033a-48a6-47dc-8d5f-4ff78cdaeb16 close()
2019-07-14 16:34:23,348 INFO  server.GrpcService (GrpcService.java:closeImpl(155)) - 94db9d65-15cd-46a2-a1b2-eb4dfde861c6: shutdown server with port 46614 now
2019-07-14 16:34:23,351 INFO  server.GrpcService (GrpcService.java:closeImpl(163)) - 94db9d65-15cd-46a2-a1b2-eb4dfde861c6: shutdown server with port 46614 successfully
2019-07-14 16:34:23,352 INFO  utils.BackgroundService (BackgroundService.java:shutdown(148)) - Shutting down service BlockDeletingService
2019-07-14 16:34:23,355 INFO  ozoneimpl.OzoneContainer (OzoneContainer.java:stop(199)) - Attempting to stop container services.
2019-07-14 16:34:23,356 INFO  impl.RaftServerProxy (RaftServerProxy.java:lambda$close$4(314)) - fa1fe8e2-562a-401d-baea-1faeff5131b9: close
2019-07-14 16:34:23,356 INFO  impl.RaftServerImpl (RaftServerImpl.java:lambda$shutdown$3(245)) - fa1fe8e2-562a-401d-baea-1faeff5131b9: shutdown group-F43995C19D15
2019-07-14 16:34:23,356 INFO  util.JmxRegister (JmxRegister.java:unregister(73)) - Successfully un-registered JMX Bean with object name Ratis:service=RaftServer,group=group-F43995C19D15,id=fa1fe8e2-562a-401d-baea-1faeff5131b9
2019-07-14 16:34:23,357 INFO  impl.RoleInfo (RoleInfo.java:shutdownLeaderState(104)) - fa1fe8e2-562a-401d-baea-1faeff5131b9: shutdown LeaderState
2019-07-14 16:34:23,357 INFO  impl.PendingRequests (PendingRequests.java:sendNotLeaderResponses(202)) - fa1fe8e2-562a-401d-baea-1faeff5131b9-PendingRequests: sendNotLeaderResponses
2019-07-14 16:34:23,357 INFO  impl.StateMachineUpdater (StateMachineUpdater.java:stopAndJoin(115)) - StateMachineUpdater:fa1fe8e2-562a-401d-baea-1faeff5131b9:group-F43995C19D15: set stopIndex = 0
2019-07-14 16:34:23,357 INFO  ratis.ContainerStateMachine (ContainerStateMachine.java:takeSnapshot(246)) - Taking snapshot at termIndex:(t:0, i:~)
2019-07-14 16:34:23,358 INFO  impl.RaftServerImpl (ServerState.java:close(394)) - fa1fe8e2-562a-401d-baea-1faeff5131b9:group-F43995C19D15 closes. The last applied log index is 0
2019-07-14 16:34:23,358 INFO  segmented.SegmentedRaftLogWorker (SegmentedRaftLogWorker.java:run(313)) - fa1fe8e2-562a-401d-baea-1faeff5131b9-SegmentedRaftLogWorker:Storage Directory /workdir/hadoop-ozone/integration-test/target/test-dir/MiniOzoneClusterImpl-9c60e482-b1fd-4cc4-81aa-d9340c8f8ba8/datanode-0/data/ratis/3cdc6cbd-4daa-4003-b435-f43995c19d15 was interrupted, exiting. There are 0 tasks remaining in the queue.
2019-07-14 16:34:23,360 INFO  segmented.SegmentedRaftLogWorker (SegmentedRaftLogWorker.java:close(228)) - fa1fe8e2-562a-401d-baea-1faeff5131b9-SegmentedRaftLogWorker:Storage Directory /workdir/hadoop-ozone/integration-test/target/test-dir/MiniOzoneClusterImpl-9c60e482-b1fd-4cc4-81aa-d9340c8f8ba8/datanode-0/data/ratis/3cdc6cbd-4daa-4003-b435-f43995c19d15 close()
2019-07-14 16:34:23,360 WARN  fs.CachingGetSpaceUsed (CachingGetSpaceUsed.java:run(183)) - Thread Interrupted waiting to refresh disk information: sleep interrupted
2019-07-14 16:34:23,367 INFO  impl.RaftServerImpl (RaftServerImpl.java:lambda$shutdown$3(245)) - fa1fe8e2-562a-401d-baea-1faeff5131b9: shutdown group-8F70BD2FFFE2
2019-07-14 16:34:23,367 INFO  util.JmxRegister (JmxRegister.java:unregister(73)) - Successfully un-registered JMX Bean with object name Ratis:service=RaftServer,group=group-8F70BD2FFFE2,id=fa1fe8e2-562a-401d-baea-1faeff5131b9
2019-07-14 16:34:23,368 INFO  impl.RoleInfo (RoleInfo.java:shutdownFollowerState(121)) - fa1fe8e2-562a-401d-baea-1faeff5131b9: shutdown FollowerState
2019-07-14 16:34:23,368 INFO  impl.StateMachineUpdater (StateMachineUpdater.java:stopAndJoin(115)) - StateMachineUpdater:fa1fe8e2-562a-401d-baea-1faeff5131b9:group-8F70BD2FFFE2: set stopIndex = 6
2019-07-14 16:34:23,368 INFO  impl.FollowerState (FollowerState.java:run(114)) - fa1fe8e2-562a-401d-baea-1faeff5131b9: FollowerState was interrupted: java.lang.InterruptedException: sleep interrupted
2019-07-14 16:34:23,368 INFO  ratis.ContainerStateMachine (ContainerStateMachine.java:takeSnapshot(246)) - Taking snapshot at termIndex:(t:1, i:4)
2019-07-14 16:34:23,370 INFO  ratis.ContainerStateMachine (ContainerStateMachine.java:takeSnapshot(250)) - Taking a snapshot to file /workdir/hadoop-ozone/integration-test/target/test-dir/MiniOzoneClusterImpl-9c60e482-b1fd-4cc4-81aa-d9340c8f8ba8/datanode-0/data/ratis/73f73552-858c-4638-a908-8f70bd2fffe2/sm/snapshot.1_4
2019-07-14 16:34:23,370 INFO  impl.StateMachineUpdater (StateMachineUpdater.java:takeSnapshot(242)) - StateMachineUpdater:fa1fe8e2-562a-401d-baea-1faeff5131b9:group-8F70BD2FFFE2: Took a snapshot at index 4
2019-07-14 16:34:23,370 INFO  impl.StateMachineUpdater (StateMachineUpdater.java:lambda$new$0(80)) - StateMachineUpdater:fa1fe8e2-562a-401d-baea-1faeff5131b9:group-8F70BD2FFFE2: snapshotIndex: updateIncreasingly -1 -> 4
2019-07-14 16:34:23,371 INFO  impl.RaftServerImpl (ServerState.java:close(394)) - fa1fe8e2-562a-401d-baea-1faeff5131b9:group-8F70BD2FFFE2 closes. The last applied log index is 6
2019-07-14 16:34:23,371 INFO  segmented.SegmentedRaftLogWorker (SegmentedRaftLogWorker.java:run(313)) - fa1fe8e2-562a-401d-baea-1faeff5131b9-SegmentedRaftLogWorker:Storage Directory /workdir/hadoop-ozone/integration-test/target/test-dir/MiniOzoneClusterImpl-9c60e482-b1fd-4cc4-81aa-d9340c8f8ba8/datanode-0/data/ratis/73f73552-858c-4638-a908-8f70bd2fffe2 was interrupted, exiting. There are 0 tasks remaining in the queue.
2019-07-14 16:34:23,371 INFO  segmented.SegmentedRaftLogWorker (SegmentedRaftLogWorker.java:close(228)) - fa1fe8e2-562a-401d-baea-1faeff5131b9-SegmentedRaftLogWorker:Storage Directory /workdir/hadoop-ozone/integration-test/target/test-dir/MiniOzoneClusterImpl-9c60e482-b1fd-4cc4-81aa-d9340c8f8ba8/datanode-0/data/ratis/73f73552-858c-4638-a908-8f70bd2fffe2 close()
2019-07-14 16:34:23,372 INFO  server.GrpcService (GrpcService.java:closeImpl(155)) - fa1fe8e2-562a-401d-baea-1faeff5131b9: shutdown server with port 36698 now
2019-07-14 16:34:23,372 INFO  server.GrpcService (GrpcService.java:closeImpl(163)) - fa1fe8e2-562a-401d-baea-1faeff5131b9: shutdown server with port 36698 successfully
2019-07-14 16:34:23,373 INFO  utils.BackgroundService (BackgroundService.java:shutdown(148)) - Shutting down service BlockDeletingService
2019-07-14 16:34:23,375 WARN  fs.CachingGetSpaceUsed (CachingGetSpaceUsed.java:run(183)) - Thread Interrupted waiting to refresh disk information: sleep interrupted
2019-07-14 16:34:23,388 INFO  statemachine.DatanodeStateMachine (DatanodeStateMachine.java:stopDaemon(395)) - Ozone container server stopped.
2019-07-14 16:34:23,397 INFO  statemachine.DatanodeStateMachine (DatanodeStateMachine.java:stopDaemon(395)) - Ozone container server stopped.
2019-07-14 16:34:23,401 INFO  handler.ContextHandler (ContextHandler.java:doStop(910)) - Stopped o.e.j.w.WebAppContext@143dc03a{/,null,UNAVAILABLE}{/hddsDatanode}
2019-07-14 16:34:23,402 INFO  handler.ContextHandler (ContextHandler.java:doStop(910)) - Stopped o.e.j.w.WebAppContext@72dc0d72{/,null,UNAVAILABLE}{/hddsDatanode}
2019-07-14 16:34:23,403 INFO  server.AbstractConnector (AbstractConnector.java:doStop(318)) - Stopped ServerConnector@72464f26{HTTP/1.1,[http/1.1]}{0.0.0.0:0}
2019-07-14 16:34:23,403 INFO  server.AbstractConnector (AbstractConnector.java:doStop(318)) - Stopped ServerConnector@79176fe4{HTTP/1.1,[http/1.1]}{0.0.0.0:0}
2019-07-14 16:34:23,404 INFO  handler.ContextHandler (ContextHandler.java:doStop(910)) - Stopped o.e.j.s.ServletContextHandler@323ebcc6{/static,jar:file:/home/user/.m2/repository/org/apache/hadoop/hadoop-hdds-container-service/0.5.0-SNAPSHOT/hadoop-hdds-container-service-0.5.0-SNAPSHOT.jar!/webapps/static,UNAVAILABLE}
2019-07-14 16:34:23,405 INFO  handler.ContextHandler (ContextHandler.java:doStop(910)) - Stopped o.e.j.s.ServletContextHandler@71ebd1d9{/static,jar:file:/home/user/.m2/repository/org/apache/hadoop/hadoop-hdds-container-service/0.5.0-SNAPSHOT/hadoop-hdds-container-service-0.5.0-SNAPSHOT.jar!/webapps/static,UNAVAILABLE}
2019-07-14 16:34:23,405 INFO  handler.ContextHandler (ContextHandler.java:doStop(910)) - Stopped o.e.j.s.ServletContextHandler@6bfd574c{/logs,file:///workdir/hadoop-ozone/integration-test/target/log,UNAVAILABLE}
2019-07-14 16:34:23,407 INFO  handler.ContextHandler (ContextHandler.java:doStop(910)) - Stopped o.e.j.s.ServletContextHandler@56cd8903{/logs,file:///workdir/hadoop-ozone/integration-test/target/log,UNAVAILABLE}
2019-07-14 16:34:23,408 INFO  datanode.ObjectStoreHandler (ObjectStoreHandler.java:close(155)) - Closing ObjectStoreHandler.
2019-07-14 16:34:23,408 INFO  ozone.HddsDatanodeService (HddsDatanodeService.java:stop(452)) - Stopped plug-in org.apache.hadoop.ozone.web.OzoneHddsDatanodeService@7053d6e2
2019-07-14 16:34:24,403 INFO  statemachine.DatanodeStateMachine (DatanodeStateMachine.java:lambda$startDaemon$0(350)) - Ozone container server started.
2019-07-14 16:34:24,886 WARN  server.GrpcLogAppender (LogUtils.java:warn(134)) - e796987e-4e8a-47d2-b556-5927fd53432f->b0dc493c-1720-4638-b385-57fe15548c4a: Failed appendEntries: org.apache.ratis.thirdparty.io.grpc.StatusRuntimeException: UNAVAILABLE: io exception
2019-07-14 16:34:24,887 INFO  impl.FollowerInfo (FollowerInfo.java:lambda$new$0(50)) - e796987e-4e8a-47d2-b556-5927fd53432f->b0dc493c-1720-4638-b385-57fe15548c4a: nextIndex: updateUnconditionally 4 -> 3
2019-07-14 16:34:24,888 WARN  server.GrpcLogAppender (LogUtils.java:warn(134)) - e796987e-4e8a-47d2-b556-5927fd53432f->44864524-38b9-4fd5-aa68-b44cdb3418c7: Failed appendEntries: org.apache.ratis.thirdparty.io.grpc.StatusRuntimeException: UNAVAILABLE: io exception
2019-07-14 16:34:24,889 INFO  impl.FollowerInfo (FollowerInfo.java:lambda$new$0(50)) - e796987e-4e8a-47d2-b556-5927fd53432f->44864524-38b9-4fd5-aa68-b44cdb3418c7: nextIndex: updateUnconditionally 6 -> 5
2019-07-14 16:34:27,387 WARN  server.GrpcLogAppender (LogUtils.java:warn(134)) - e796987e-4e8a-47d2-b556-5927fd53432f->b0dc493c-1720-4638-b385-57fe15548c4a: Failed appendEntries: org.apache.ratis.thirdparty.io.grpc.StatusRuntimeException: UNAVAILABLE: io exception
2019-07-14 16:34:27,388 INFO  impl.FollowerInfo (FollowerInfo.java:lambda$new$0(50)) - e796987e-4e8a-47d2-b556-5927fd53432f->b0dc493c-1720-4638-b385-57fe15548c4a: nextIndex: updateUnconditionally 3 -> 2
2019-07-14 16:34:27,389 WARN  server.GrpcLogAppender (LogUtils.java:warn(134)) - e796987e-4e8a-47d2-b556-5927fd53432f->44864524-38b9-4fd5-aa68-b44cdb3418c7: Failed appendEntries: org.apache.ratis.thirdparty.io.grpc.StatusRuntimeException: UNAVAILABLE: io exception
2019-07-14 16:34:27,390 INFO  impl.FollowerInfo (FollowerInfo.java:lambda$new$0(50)) - e796987e-4e8a-47d2-b556-5927fd53432f->44864524-38b9-4fd5-aa68-b44cdb3418c7: nextIndex: updateUnconditionally 5 -> 4
2019-07-14 16:34:28,409 INFO  ozoneimpl.OzoneContainer (OzoneContainer.java:stop(199)) - Attempting to stop container services.
2019-07-14 16:34:28,410 INFO  impl.RaftServerProxy (RaftServerProxy.java:lambda$close$4(314)) - e796987e-4e8a-47d2-b556-5927fd53432f: close
2019-07-14 16:34:28,411 INFO  impl.RaftServerImpl (RaftServerImpl.java:lambda$shutdown$3(245)) - e796987e-4e8a-47d2-b556-5927fd53432f: shutdown group-B969C313150D
2019-07-14 16:34:28,411 INFO  util.JmxRegister (JmxRegister.java:unregister(73)) - Successfully un-registered JMX Bean with object name Ratis:service=RaftServer,group=group-B969C313150D,id=e796987e-4e8a-47d2-b556-5927fd53432f
2019-07-14 16:34:28,411 INFO  impl.RoleInfo (RoleInfo.java:shutdownLeaderState(104)) - e796987e-4e8a-47d2-b556-5927fd53432f: shutdown LeaderState
2019-07-14 16:34:28,415 INFO  impl.PendingRequests (PendingRequests.java:sendNotLeaderResponses(202)) - e796987e-4e8a-47d2-b556-5927fd53432f-PendingRequests: sendNotLeaderResponses
2019-07-14 16:34:28,415 WARN  server.GrpcLogAppender (GrpcLogAppender.java:mayWait(143)) - GrpcLogAppender(e796987e-4e8a-47d2-b556-5927fd53432f->44864524-38b9-4fd5-aa68-b44cdb3418c7): Wait interrupted by java.lang.InterruptedException
2019-07-14 16:34:28,415 WARN  server.GrpcLogAppender (GrpcLogAppender.java:mayWait(143)) - GrpcLogAppender(e796987e-4e8a-47d2-b556-5927fd53432f->b0dc493c-1720-4638-b385-57fe15548c4a): Wait interrupted by java.lang.InterruptedException
2019-07-14 16:34:28,418 INFO  impl.StateMachineUpdater (StateMachineUpdater.java:stopAndJoin(115)) - StateMachineUpdater:e796987e-4e8a-47d2-b556-5927fd53432f:group-B969C313150D: set stopIndex = 8
2019-07-14 16:34:28,418 INFO  ratis.ContainerStateMachine (ContainerStateMachine.java:takeSnapshot(246)) - Taking snapshot at termIndex:(t:1, i:8)
2019-07-14 16:34:28,419 INFO  ratis.ContainerStateMachine (ContainerStateMachine.java:takeSnapshot(250)) - Taking a snapshot to file /workdir/hadoop-ozone/integration-test/target/test-dir/MiniOzoneClusterImpl-9c60e482-b1fd-4cc4-81aa-d9340c8f8ba8/datanode-5/data/ratis/ce930d66-4a82-46cc-949d-b969c313150d/sm/snapshot.1_8
2019-07-14 16:34:28,419 INFO  impl.StateMachineUpdater (StateMachineUpdater.java:takeSnapshot(242)) - StateMachineUpdater:e796987e-4e8a-47d2-b556-5927fd53432f:group-B969C313150D: Took a snapshot at index 8
2019-07-14 16:34:28,419 INFO  impl.StateMachineUpdater (StateMachineUpdater.java:lambda$new$0(80)) - StateMachineUpdater:e796987e-4e8a-47d2-b556-5927fd53432f:group-B969C313150D: snapshotIndex: updateIncreasingly -1 -> 8
2019-07-14 16:34:28,420 INFO  impl.RaftServerImpl (ServerState.java:close(394)) - e796987e-4e8a-47d2-b556-5927fd53432f:group-B969C313150D closes. The last applied log index is 8
2019-07-14 16:34:28,420 INFO  segmented.SegmentedRaftLogWorker (SegmentedRaftLogWorker.java:run(313)) - e796987e-4e8a-47d2-b556-5927fd53432f-SegmentedRaftLogWorker:Storage Directory /workdir/hadoop-ozone/integration-test/target/test-dir/MiniOzoneClusterImpl-9c60e482-b1fd-4cc4-81aa-d9340c8f8ba8/datanode-5/data/ratis/ce930d66-4a82-46cc-949d-b969c313150d was interrupted, exiting. There are 0 tasks remaining in the queue.
2019-07-14 16:34:28,432 INFO  segmented.SegmentedRaftLogWorker (SegmentedRaftLogWorker.java:close(228)) - e796987e-4e8a-47d2-b556-5927fd53432f-SegmentedRaftLogWorker:Storage Directory /workdir/hadoop-ozone/integration-test/target/test-dir/MiniOzoneClusterImpl-9c60e482-b1fd-4cc4-81aa-d9340c8f8ba8/datanode-5/data/ratis/ce930d66-4a82-46cc-949d-b969c313150d close()
2019-07-14 16:34:28,433 INFO  impl.RaftServerImpl (RaftServerImpl.java:lambda$shutdown$3(245)) - e796987e-4e8a-47d2-b556-5927fd53432f: shutdown group-F8789A28EDBF
2019-07-14 16:34:28,433 INFO  util.JmxRegister (JmxRegister.java:unregister(73)) - Successfully un-registered JMX Bean with object name Ratis:service=RaftServer,group=group-F8789A28EDBF,id=e796987e-4e8a-47d2-b556-5927fd53432f
2019-07-14 16:34:28,434 INFO  impl.RoleInfo (RoleInfo.java:shutdownLeaderState(104)) - e796987e-4e8a-47d2-b556-5927fd53432f: shutdown LeaderState
2019-07-14 16:34:28,434 INFO  impl.PendingRequests (PendingRequests.java:sendNotLeaderResponses(202)) - e796987e-4e8a-47d2-b556-5927fd53432f-PendingRequests: sendNotLeaderResponses
2019-07-14 16:34:28,435 INFO  impl.StateMachineUpdater (StateMachineUpdater.java:stopAndJoin(115)) - StateMachineUpdater:e796987e-4e8a-47d2-b556-5927fd53432f:group-F8789A28EDBF: set stopIndex = 0
2019-07-14 16:34:28,435 INFO  ratis.ContainerStateMachine (ContainerStateMachine.java:takeSnapshot(246)) - Taking snapshot at termIndex:(t:0, i:~)
2019-07-14 16:34:28,436 INFO  impl.RaftServerImpl (ServerState.java:close(394)) - e796987e-4e8a-47d2-b556-5927fd53432f:group-F8789A28EDBF closes. The last applied log index is 0
2019-07-14 16:34:28,436 INFO  segmented.SegmentedRaftLogWorker (SegmentedRaftLogWorker.java:run(313)) - e796987e-4e8a-47d2-b556-5927fd53432f-SegmentedRaftLogWorker:Storage Directory /workdir/hadoop-ozone/integration-test/target/test-dir/MiniOzoneClusterImpl-9c60e482-b1fd-4cc4-81aa-d9340c8f8ba8/datanode-5/data/ratis/6152f340-aae4-4f04-bc4a-f8789a28edbf was interrupted, exiting. There are 0 tasks remaining in the queue.
2019-07-14 16:34:28,437 INFO  segmented.SegmentedRaftLogWorker (SegmentedRaftLogWorker.java:close(228)) - e796987e-4e8a-47d2-b556-5927fd53432f-SegmentedRaftLogWorker:Storage Directory /workdir/hadoop-ozone/integration-test/target/test-dir/MiniOzoneClusterImpl-9c60e482-b1fd-4cc4-81aa-d9340c8f8ba8/datanode-5/data/ratis/6152f340-aae4-4f04-bc4a-f8789a28edbf close()
2019-07-14 16:34:28,437 INFO  server.GrpcService (GrpcService.java:closeImpl(155)) - e796987e-4e8a-47d2-b556-5927fd53432f: shutdown server with port 35801 now
2019-07-14 16:34:28,439 INFO  server.GrpcService (GrpcService.java:closeImpl(163)) - e796987e-4e8a-47d2-b556-5927fd53432f: shutdown server with port 35801 successfully
2019-07-14 16:34:28,440 INFO  utils.BackgroundService (BackgroundService.java:shutdown(148)) - Shutting down service BlockDeletingService
2019-07-14 16:34:28,443 WARN  fs.CachingGetSpaceUsed (CachingGetSpaceUsed.java:run(183)) - Thread Interrupted waiting to refresh disk information: sleep interrupted
2019-07-14 16:34:28,464 INFO  statemachine.DatanodeStateMachine (DatanodeStateMachine.java:stopDaemon(395)) - Ozone container server stopped.
2019-07-14 16:34:28,474 INFO  node.StaleNodeHandler (StaleNodeHandler.java:onMessage(58)) - Datanode e796987e-4e8a-47d2-b556-5927fd53432f{ip: 192.168.69.77, host: pr-hdds-1710-5x6jb-1204890111, networkLocation: /default-rack, certSerialId: null} moved to stale state. Finalizing its pipelines [PipelineID=ce930d66-4a82-46cc-949d-b969c313150d, PipelineID=6152f340-aae4-4f04-bc4a-f8789a28edbf]
2019-07-14 16:34:28,474 INFO  pipeline.SCMPipelineManager (SCMPipelineManager.java:finalizeAndDestroyPipeline(309)) - destroying pipeline:Pipeline[ Id: ce930d66-4a82-46cc-949d-b969c313150d, Nodes: 44864524-38b9-4fd5-aa68-b44cdb3418c7{ip: 192.168.69.77, host: pr-hdds-1710-5x6jb-1204890111, networkLocation: /default-rack, certSerialId: null}b0dc493c-1720-4638-b385-57fe15548c4a{ip: 192.168.69.77, host: pr-hdds-1710-5x6jb-1204890111, networkLocation: /default-rack, certSerialId: null}e796987e-4e8a-47d2-b556-5927fd53432f{ip: 192.168.69.77, host: pr-hdds-1710-5x6jb-1204890111, networkLocation: /default-rack, certSerialId: null}, Type:RATIS, Factor:THREE, State:CLOSED]
2019-07-14 16:34:28,474 INFO  pipeline.SCMPipelineManager (SCMPipelineManager.java:finalizeAndDestroyPipeline(309)) - destroying pipeline:Pipeline[ Id: 6152f340-aae4-4f04-bc4a-f8789a28edbf, Nodes: e796987e-4e8a-47d2-b556-5927fd53432f{ip: 192.168.69.77, host: pr-hdds-1710-5x6jb-1204890111, networkLocation: /default-rack, certSerialId: null}, Type:RATIS, Factor:ONE, State:OPEN]
2019-07-14 16:34:28,475 INFO  pipeline.PipelineStateManager (PipelineStateManager.java:finalizePipeline(123)) - Pipeline Pipeline[ Id: 6152f340-aae4-4f04-bc4a-f8789a28edbf, Nodes: e796987e-4e8a-47d2-b556-5927fd53432f{ip: 192.168.69.77, host: pr-hdds-1710-5x6jb-1204890111, networkLocation: /default-rack, certSerialId: null}, Type:RATIS, Factor:ONE, State:CLOSED] moved to CLOSED state
2019-07-14 16:34:28,476 INFO  handler.ContextHandler (ContextHandler.java:doStop(910)) - Stopped o.e.j.w.WebAppContext@329e6700{/,null,UNAVAILABLE}{/hddsDatanode}
2019-07-14 16:34:28,477 INFO  server.AbstractConnector (AbstractConnector.java:doStop(318)) - Stopped ServerConnector@440e28fa{HTTP/1.1,[http/1.1]}{0.0.0.0:0}
2019-07-14 16:34:28,477 INFO  handler.ContextHandler (ContextHandler.java:doStop(910)) - Stopped o.e.j.s.ServletContextHandler@6ab35ce3{/static,jar:file:/home/user/.m2/repository/org/apache/hadoop/hadoop-hdds-container-service/0.5.0-SNAPSHOT/hadoop-hdds-container-service-0.5.0-SNAPSHOT.jar!/webapps/static,UNAVAILABLE}
2019-07-14 16:34:28,478 INFO  handler.ContextHandler (ContextHandler.java:doStop(910)) - Stopped o.e.j.s.ServletContextHandler@16f52d68{/logs,file:///workdir/hadoop-ozone/integration-test/target/log,UNAVAILABLE}
2019-07-14 16:34:28,479 INFO  ozone.MiniOzoneClusterImpl (MiniOzoneClusterImpl.java:stop(353)) - Stopping the StorageContainerManager
2019-07-14 16:34:28,479 INFO  server.StorageContainerManager (StorageContainerManager.java:stop(799)) - Stopping Replication Manager Service.
2019-07-14 16:34:28,479 INFO  container.ReplicationManager (ReplicationManager.java:stop(187)) - Stopping Replication Monitor Thread.
2019-07-14 16:34:28,479 INFO  server.StorageContainerManager (StorageContainerManager.java:stop(806)) - Stopping Lease Manager of the command watchers
2019-07-14 16:34:28,479 INFO  server.StorageContainerManager (StorageContainerManager.java:stop(813)) - Stopping datanode service RPC server
2019-07-14 16:34:28,479 INFO  server.SCMDatanodeProtocolServer (SCMDatanodeProtocolServer.java:stop(375)) - Stopping the RPC server for DataNodes
2019-07-14 16:34:28,479 INFO  ipc.Server (Server.java:stop(3082)) - Stopping server on 43158
2019-07-14 16:34:28,481 INFO  ipc.Server (Server.java:run(1185)) - Stopping IPC Server listener on 43158
2019-07-14 16:34:28,481 INFO  ipc.Server (Server.java:run(1319)) - Stopping IPC Server Responder
2019-07-14 16:34:28,574 WARN  node.NodeStateManager (NodeStateManager.java:scheduleNextHealthCheck(631)) - Current Thread is interrupted, shutting down HB processing thread for Node Manager.
2019-07-14 16:34:28,574 INFO  server.StorageContainerManager (StorageContainerManager.java:stop(821)) - Stopping block service RPC server
2019-07-14 16:34:28,574 INFO  server.SCMBlockProtocolServer (SCMBlockProtocolServer.java:stop(148)) - Stopping the RPC server for Block Protocol
2019-07-14 16:34:28,575 INFO  ipc.Server (Server.java:stop(3082)) - Stopping server on 43063
2019-07-14 16:34:28,577 INFO  ipc.Server (Server.java:run(1185)) - Stopping IPC Server listener on 43063
2019-07-14 16:34:28,577 INFO  server.StorageContainerManager (StorageContainerManager.java:stop(828)) - Stopping the StorageContainerLocationProtocol RPC server
2019-07-14 16:34:28,578 INFO  server.SCMClientProtocolServer (SCMClientProtocolServer.java:stop(157)) - Stopping the RPC server for Client Protocol
2019-07-14 16:34:28,578 INFO  ipc.Server (Server.java:stop(3082)) - Stopping server on 38755
2019-07-14 16:34:28,577 INFO  ipc.Server (Server.java:run(1319)) - Stopping IPC Server Responder
2019-07-14 16:34:28,580 INFO  ipc.Server (Server.java:run(1185)) - Stopping IPC Server listener on 38755
2019-07-14 16:34:28,580 INFO  server.StorageContainerManager (StorageContainerManager.java:stop(835)) - Stopping Storage Container Manager HTTP server.
2019-07-14 16:34:28,581 INFO  ipc.Server (Server.java:run(1319)) - Stopping IPC Server Responder
2019-07-14 16:34:28,582 INFO  handler.ContextHandler (ContextHandler.java:doStop(910)) - Stopped o.e.j.w.WebAppContext@60f8d38c{/,null,UNAVAILABLE}{/scm}
2019-07-14 16:34:28,584 INFO  server.AbstractConnector (AbstractConnector.java:doStop(318)) - Stopped ServerConnector@596690e5{HTTP/1.1,[http/1.1]}{0.0.0.0:0}
2019-07-14 16:34:28,584 INFO  handler.ContextHandler (ContextHandler.java:doStop(910)) - Stopped o.e.j.s.ServletContextHandler@2e33a4b0{/static,file:///workdir/hadoop-ozone/integration-test/target/test-classes/webapps/static,UNAVAILABLE}
2019-07-14 16:34:28,584 INFO  handler.ContextHandler (ContextHandler.java:doStop(910)) - Stopped o.e.j.s.ServletContextHandler@6ebdb938{/logs,file:///workdir/hadoop-ozone/integration-test/target/log,UNAVAILABLE}
2019-07-14 16:34:28,585 INFO  server.StorageContainerManager (StorageContainerManager.java:stop(846)) - Stopping Block Manager Service.
2019-07-14 16:34:28,585 INFO  utils.BackgroundService (BackgroundService.java:shutdown(148)) - Shutting down service SCMBlockDeletingService
2019-07-14 16:34:28,586 INFO  utils.BackgroundService (BackgroundService.java:shutdown(148)) - Shutting down service SCMBlockDeletingService
2019-07-14 16:34:28,587 INFO  server.StorageContainerManager (StorageContainerManager.java:stop(868)) - Stopping SCM Event Queue.
2019-07-14 16:34:28,612 INFO  impl.MetricsSystemImpl (MetricsSystemImpl.java:stop(210)) - Stopping HddsDatanode metrics system...
2019-07-14 16:34:28,624 INFO  impl.MetricsSystemImpl (MetricsSystemImpl.java:stop(216)) - HddsDatanode metrics system stopped.
]]></system-out>
    <system-err><![CDATA[Jul 14, 2019 4:33:55 PM com.sun.jersey.server.impl.application.WebApplicationImpl _initiate
INFO: Initiating Jersey application, version 'Jersey: 1.19 02/11/2015 03:25 AM'
Jul 14, 2019 4:33:55 PM com.sun.jersey.server.impl.application.WebApplicationImpl _initiate
INFO: Initiating Jersey application, version 'Jersey: 1.19 02/11/2015 03:25 AM'
Jul 14, 2019 4:33:55 PM com.sun.jersey.server.impl.application.WebApplicationImpl _initiate
INFO: Initiating Jersey application, version 'Jersey: 1.19 02/11/2015 03:25 AM'
Jul 14, 2019 4:33:55 PM com.sun.jersey.server.impl.application.WebApplicationImpl _initiate
INFO: Initiating Jersey application, version 'Jersey: 1.19 02/11/2015 03:25 AM'
Jul 14, 2019 4:33:56 PM com.sun.jersey.server.impl.application.WebApplicationImpl _initiate
INFO: Initiating Jersey application, version 'Jersey: 1.19 02/11/2015 03:25 AM'
Jul 14, 2019 4:33:56 PM com.sun.jersey.server.impl.application.WebApplicationImpl _initiate
INFO: Initiating Jersey application, version 'Jersey: 1.19 02/11/2015 03:25 AM'
Jul 14, 2019 4:33:56 PM com.sun.jersey.server.impl.application.WebApplicationImpl _initiate
INFO: Initiating Jersey application, version 'Jersey: 1.19 02/11/2015 03:25 AM'
Jul 14, 2019 4:33:59 PM org.apache.ratis.thirdparty.io.grpc.internal.ManagedChannelOrphanWrapper$ManagedChannelReference cleanQueue
SEVERE: *~*~*~ Channel ManagedChannelImpl{logId=3510, target=192.168.69.77:35917} was not shutdown properly!!! ~*~*~*
    Make sure to call shutdown()/shutdownNow() and wait until awaitTermination() returns true.
java.lang.RuntimeException: ManagedChannel allocation site
	at org.apache.ratis.thirdparty.io.grpc.internal.ManagedChannelOrphanWrapper$ManagedChannelReference.<init>(ManagedChannelOrphanWrapper.java:103)
	at org.apache.ratis.thirdparty.io.grpc.internal.ManagedChannelOrphanWrapper.<init>(ManagedChannelOrphanWrapper.java:53)
	at org.apache.ratis.thirdparty.io.grpc.internal.ManagedChannelOrphanWrapper.<init>(ManagedChannelOrphanWrapper.java:44)
	at org.apache.ratis.thirdparty.io.grpc.internal.AbstractManagedChannelImplBuilder.build(AbstractManagedChannelImplBuilder.java:411)
	at org.apache.ratis.grpc.client.GrpcClientProtocolClient.<init>(GrpcClientProtocolClient.java:119)
	at org.apache.ratis.grpc.client.GrpcClientRpc.lambda$new$0(GrpcClientRpc.java:55)
	at org.apache.ratis.util.PeerProxyMap$PeerAndProxy.lambda$getProxy$0(PeerProxyMap.java:61)
	at org.apache.ratis.util.LifeCycle.startAndTransition(LifeCycle.java:202)
	at org.apache.ratis.util.PeerProxyMap$PeerAndProxy.getProxy(PeerProxyMap.java:60)
	at org.apache.ratis.util.PeerProxyMap.getProxy(PeerProxyMap.java:107)
	at org.apache.ratis.grpc.client.GrpcClientRpc.sendRequestAsync(GrpcClientRpc.java:66)
	at org.apache.ratis.client.impl.OrderedAsync.sendRequest(OrderedAsync.java:208)
	at org.apache.ratis.client.impl.OrderedAsync.sendRequestWithRetry(OrderedAsync.java:169)
	at org.apache.ratis.util.SlidingWindow$Client.sendOrDelayRequest(SlidingWindow.java:278)
	at org.apache.ratis.util.SlidingWindow$Client.retry(SlidingWindow.java:294)
	at org.apache.ratis.client.impl.OrderedAsync.lambda$scheduleWithTimeout$7(OrderedAsync.java:195)
	at org.apache.ratis.util.TimeoutScheduler.lambda$onTimeout$0(TimeoutScheduler.java:85)
	at org.apache.ratis.util.TimeoutScheduler.lambda$onTimeout$1(TimeoutScheduler.java:104)
	at org.apache.ratis.util.LogUtils.runAndLog(LogUtils.java:50)
	at org.apache.ratis.util.LogUtils$1.run(LogUtils.java:91)
	at java.util.concurrent.Executors$RunnableAdapter.call(Executors.java:511)
	at java.util.concurrent.FutureTask.run(FutureTask.java:266)
	at java.util.concurrent.ScheduledThreadPoolExecutor$ScheduledFutureTask.access$201(ScheduledThreadPoolExecutor.java:180)
	at java.util.concurrent.ScheduledThreadPoolExecutor$ScheduledFutureTask.run(ScheduledThreadPoolExecutor.java:293)
	at java.util.concurrent.ThreadPoolExecutor.runWorker(ThreadPoolExecutor.java:1149)
	at java.util.concurrent.ThreadPoolExecutor$Worker.run(ThreadPoolExecutor.java:624)
	at java.lang.Thread.run(Thread.java:748)

Jul 14, 2019 4:33:59 PM org.apache.ratis.thirdparty.io.grpc.internal.ManagedChannelOrphanWrapper$ManagedChannelReference cleanQueue
SEVERE: *~*~*~ Channel ManagedChannelImpl{logId=3500, target=192.168.69.77:37542} was not shutdown properly!!! ~*~*~*
    Make sure to call shutdown()/shutdownNow() and wait until awaitTermination() returns true.
java.lang.RuntimeException: ManagedChannel allocation site
	at org.apache.ratis.thirdparty.io.grpc.internal.ManagedChannelOrphanWrapper$ManagedChannelReference.<init>(ManagedChannelOrphanWrapper.java:103)
	at org.apache.ratis.thirdparty.io.grpc.internal.ManagedChannelOrphanWrapper.<init>(ManagedChannelOrphanWrapper.java:53)
	at org.apache.ratis.thirdparty.io.grpc.internal.ManagedChannelOrphanWrapper.<init>(ManagedChannelOrphanWrapper.java:44)
	at org.apache.ratis.thirdparty.io.grpc.internal.AbstractManagedChannelImplBuilder.build(AbstractManagedChannelImplBuilder.java:411)
	at org.apache.ratis.grpc.client.GrpcClientProtocolClient.<init>(GrpcClientProtocolClient.java:119)
	at org.apache.ratis.grpc.client.GrpcClientRpc.lambda$new$0(GrpcClientRpc.java:55)
	at org.apache.ratis.util.PeerProxyMap$PeerAndProxy.lambda$getProxy$0(PeerProxyMap.java:61)
	at org.apache.ratis.util.LifeCycle.startAndTransition(LifeCycle.java:202)
	at org.apache.ratis.util.PeerProxyMap$PeerAndProxy.getProxy(PeerProxyMap.java:60)
	at org.apache.ratis.util.PeerProxyMap.getProxy(PeerProxyMap.java:107)
	at org.apache.ratis.grpc.client.GrpcClientRpc.sendRequestAsync(GrpcClientRpc.java:66)
	at org.apache.ratis.client.impl.OrderedAsync.sendRequest(OrderedAsync.java:208)
	at org.apache.ratis.client.impl.OrderedAsync.sendRequestWithRetry(OrderedAsync.java:169)
	at org.apache.ratis.util.SlidingWindow$Client.sendOrDelayRequest(SlidingWindow.java:278)
	at org.apache.ratis.util.SlidingWindow$Client.retry(SlidingWindow.java:294)
	at org.apache.ratis.client.impl.OrderedAsync.lambda$scheduleWithTimeout$7(OrderedAsync.java:195)
	at org.apache.ratis.util.TimeoutScheduler.lambda$onTimeout$0(TimeoutScheduler.java:85)
	at org.apache.ratis.util.TimeoutScheduler.lambda$onTimeout$1(TimeoutScheduler.java:104)
	at org.apache.ratis.util.LogUtils.runAndLog(LogUtils.java:50)
	at org.apache.ratis.util.LogUtils$1.run(LogUtils.java:91)
	at java.util.concurrent.Executors$RunnableAdapter.call(Executors.java:511)
	at java.util.concurrent.FutureTask.run(FutureTask.java:266)
	at java.util.concurrent.ScheduledThreadPoolExecutor$ScheduledFutureTask.access$201(ScheduledThreadPoolExecutor.java:180)
	at java.util.concurrent.ScheduledThreadPoolExecutor$ScheduledFutureTask.run(ScheduledThreadPoolExecutor.java:293)
	at java.util.concurrent.ThreadPoolExecutor.runWorker(ThreadPoolExecutor.java:1149)
	at java.util.concurrent.ThreadPoolExecutor$Worker.run(ThreadPoolExecutor.java:624)
	at java.lang.Thread.run(Thread.java:748)

]]></system-err>
  </testcase>
</testsuite>