<?xml version="1.0" encoding="UTF-8"?>
<testsuite xmlns:xsi="http://www.w3.org/2001/XMLSchema-instance" xsi:noNamespaceSchemaLocation="https://maven.apache.org/surefire/maven-surefire-plugin/xsd/surefire-test-report.xsd" name="org.apache.hadoop.ozone.freon.TestFreonWithPipelineDestroy" time="30.449" tests="1" errors="1" skipped="0" failures="0">
  <properties>
    <property name="awt.toolkit" value="sun.awt.X11.XToolkit"/>
    <property name="file.encoding.pkg" value="sun.io"/>
    <property name="java.specification.version" value="1.8"/>
    <property name="sun.cpu.isalist" value=""/>
    <property name="sun.jnu.encoding" value="UTF-8"/>
    <property name="java.class.path" value="/tmp/workdir/hadoop-ozone/tools/target/test-classes:/tmp/workdir/hadoop-ozone/tools/target/classes:/tmp/workdir/hadoop-ozone/ozone-manager/target/classes:/tmp/workdir/hadoop-hdds/docs/target/classes:/home/user/.m2/repository/org/bouncycastle/bcprov-jdk15on/1.60/bcprov-jdk15on-1.60.jar:/tmp/workdir/hadoop-ozone/common/target/classes:/home/user/.m2/repository/org/apache/commons/commons-compress/1.4.1/commons-compress-1.4.1.jar:/home/user/.m2/repository/org/tukaani/xz/1.0/xz-1.0.jar:/home/user/.m2/repository/org/apache/hadoop/hadoop-hdfs-client/3.2.0/hadoop-hdfs-client-3.2.0.jar:/home/user/.m2/repository/com/fasterxml/jackson/core/jackson-annotations/2.9.5/jackson-annotations-2.9.5.jar:/tmp/workdir/hadoop-hdds/common/target/classes:/tmp/workdir/hadoop-hdds/config/target/classes:/home/user/.m2/repository/javax/annotation/javax.annotation-api/1.2/javax.annotation-api-1.2.jar:/home/user/.m2/repository/org/apache/ratis/ratis-server/0.4.0-2337318-SNAPSHOT/ratis-server-0.4.0-2337318-SNAPSHOT.jar:/home/user/.m2/repository/org/apache/ratis/ratis-thirdparty-misc/0.2.0/ratis-thirdparty-misc-0.2.0.jar:/home/user/.m2/repository/org/apache/ratis/ratis-proto/0.4.0-2337318-SNAPSHOT/ratis-proto-0.4.0-2337318-SNAPSHOT.jar:/home/user/.m2/repository/org/apache/ratis/ratis-common/0.4.0-2337318-SNAPSHOT/ratis-common-0.4.0-2337318-SNAPSHOT.jar:/home/user/.m2/repository/org/apache/ratis/ratis-client/0.4.0-2337318-SNAPSHOT/ratis-client-0.4.0-2337318-SNAPSHOT.jar:/home/user/.m2/repository/org/apache/ratis/ratis-metrics/0.4.0-2337318-SNAPSHOT/ratis-metrics-0.4.0-2337318-SNAPSHOT.jar:/home/user/.m2/repository/org/apache/ratis/ratis-netty/0.4.0-2337318-SNAPSHOT/ratis-netty-0.4.0-2337318-SNAPSHOT.jar:/home/user/.m2/repository/org/apache/ratis/ratis-grpc/0.4.0-2337318-SNAPSHOT/ratis-grpc-0.4.0-2337318-SNAPSHOT.jar:/home/user/.m2/repository/org/rocksdb/rocksdbjni/6.0.1/rocksdbjni-6.0.1.jar:/home/user/.m2/repository/org/apache/logging/log4j/log4j-api/2.11.0/log4j-api-2.11.0.jar:/home/user/.m2/repository/org/apache/logging/log4j/log4j-core/2.11.0/log4j-core-2.11.0.jar:/home/user/.m2/repository/com/lmax/disruptor/3.4.2/disruptor-3.4.2.jar:/home/user/.m2/repository/org/apache/commons/commons-pool2/2.6.0/commons-pool2-2.6.0.jar:/home/user/.m2/repository/org/bouncycastle/bcpkix-jdk15on/1.60/bcpkix-jdk15on-1.60.jar:/home/user/.m2/repository/commons-validator/commons-validator/1.6/commons-validator-1.6.jar:/home/user/.m2/repository/commons-digester/commons-digester/1.8.1/commons-digester-1.8.1.jar:/home/user/.m2/repository/io/jaegertracing/jaeger-client/0.33.1/jaeger-client-0.33.1.jar:/home/user/.m2/repository/io/jaegertracing/jaeger-thrift/0.33.1/jaeger-thrift-0.33.1.jar:/home/user/.m2/repository/org/apache/thrift/libthrift/0.11.0/libthrift-0.11.0.jar:/home/user/.m2/repository/com/squareup/okhttp3/okhttp/3.9.0/okhttp-3.9.0.jar:/home/user/.m2/repository/com/squareup/okio/okio/1.13.0/okio-1.13.0.jar:/home/user/.m2/repository/io/jaegertracing/jaeger-core/0.33.1/jaeger-core-0.33.1.jar:/home/user/.m2/repository/io/jaegertracing/jaeger-tracerresolver/0.33.1/jaeger-tracerresolver-0.33.1.jar:/home/user/.m2/repository/io/opentracing/contrib/opentracing-tracerresolver/0.1.5/opentracing-tracerresolver-0.1.5.jar:/home/user/.m2/repository/io/opentracing/opentracing-util/0.31.0/opentracing-util-0.31.0.jar:/home/user/.m2/repository/io/opentracing/opentracing-api/0.31.0/opentracing-api-0.31.0.jar:/home/user/.m2/repository/io/opentracing/opentracing-noop/0.31.0/opentracing-noop-0.31.0.jar:/home/user/.m2/repository/org/yaml/snakeyaml/1.16/snakeyaml-1.16.jar:/tmp/workdir/hadoop-hdds/container-service/target/classes:/tmp/workdir/hadoop-hdds/client/target/classes:/tmp/workdir/hadoop-hdds/tools/target/classes:/home/user/.m2/repository/org/xerial/sqlite-jdbc/3.25.2/sqlite-jdbc-3.25.2.jar:/tmp/workdir/hadoop-hdds/server-scm/target/classes:/home/user/.m2/repository/org/hamcrest/hamcrest-all/1.3/hamcrest-all-1.3.jar:/home/user/.m2/repository/info/picocli/picocli/3.9.6/picocli-3.9.6.jar:/home/user/.m2/repository/com/google/protobuf/protobuf-java/2.5.0/protobuf-java-2.5.0.jar:/home/user/.m2/repository/com/google/guava/guava/11.0.2/guava-11.0.2.jar:/tmp/workdir/hadoop-ozone/client/target/classes:/home/user/.m2/repository/org/apache/hadoop/hadoop-ozone-filesystem/0.5.0-SNAPSHOT/hadoop-ozone-filesystem-0.5.0-SNAPSHOT.jar:/tmp/workdir/hadoop-hdds/framework/target/classes:/home/user/.m2/repository/org/apache/hadoop/hadoop-common/3.2.0/hadoop-common-3.2.0.jar:/home/user/.m2/repository/org/apache/hadoop/hadoop-annotations/3.2.0/hadoop-annotations-3.2.0.jar:/usr/lib/jvm/java-1.8-openjdk/jre/../lib/tools.jar:/home/user/.m2/repository/commons-cli/commons-cli/1.2/commons-cli-1.2.jar:/home/user/.m2/repository/org/apache/commons/commons-math3/3.1.1/commons-math3-3.1.1.jar:/home/user/.m2/repository/org/apache/httpcomponents/httpclient/4.5.2/httpclient-4.5.2.jar:/home/user/.m2/repository/org/apache/httpcomponents/httpcore/4.4.4/httpcore-4.4.4.jar:/home/user/.m2/repository/commons-codec/commons-codec/1.11/commons-codec-1.11.jar:/home/user/.m2/repository/commons-io/commons-io/2.5/commons-io-2.5.jar:/home/user/.m2/repository/commons-net/commons-net/3.6/commons-net-3.6.jar:/home/user/.m2/repository/commons-collections/commons-collections/3.2.2/commons-collections-3.2.2.jar:/home/user/.m2/repository/javax/servlet/javax.servlet-api/3.1.0/javax.servlet-api-3.1.0.jar:/home/user/.m2/repository/org/eclipse/jetty/jetty-server/9.3.24.v20180605/jetty-server-9.3.24.v20180605.jar:/home/user/.m2/repository/org/eclipse/jetty/jetty-http/9.3.24.v20180605/jetty-http-9.3.24.v20180605.jar:/home/user/.m2/repository/org/eclipse/jetty/jetty-io/9.3.24.v20180605/jetty-io-9.3.24.v20180605.jar:/home/user/.m2/repository/org/eclipse/jetty/jetty-util/9.3.24.v20180605/jetty-util-9.3.24.v20180605.jar:/home/user/.m2/repository/org/eclipse/jetty/jetty-servlet/9.3.24.v20180605/jetty-servlet-9.3.24.v20180605.jar:/home/user/.m2/repository/org/eclipse/jetty/jetty-security/9.3.24.v20180605/jetty-security-9.3.24.v20180605.jar:/home/user/.m2/repository/org/eclipse/jetty/jetty-webapp/9.3.24.v20180605/jetty-webapp-9.3.24.v20180605.jar:/home/user/.m2/repository/org/eclipse/jetty/jetty-xml/9.3.24.v20180605/jetty-xml-9.3.24.v20180605.jar:/home/user/.m2/repository/javax/servlet/jsp/jsp-api/2.1/jsp-api-2.1.jar:/home/user/.m2/repository/com/sun/jersey/jersey-core/1.19/jersey-core-1.19.jar:/home/user/.m2/repository/javax/ws/rs/jsr311-api/1.1.1/jsr311-api-1.1.1.jar:/home/user/.m2/repository/com/sun/jersey/jersey-servlet/1.19/jersey-servlet-1.19.jar:/home/user/.m2/repository/com/sun/jersey/jersey-json/1.19/jersey-json-1.19.jar:/home/user/.m2/repository/org/codehaus/jettison/jettison/1.1/jettison-1.1.jar:/home/user/.m2/repository/com/sun/xml/bind/jaxb-impl/2.3.0.1/jaxb-impl-2.3.0.1.jar:/home/user/.m2/repository/org/codehaus/jackson/jackson-core-asl/1.9.13/jackson-core-asl-1.9.13.jar:/home/user/.m2/repository/org/codehaus/jackson/jackson-mapper-asl/1.9.13/jackson-mapper-asl-1.9.13.jar:/home/user/.m2/repository/org/codehaus/jackson/jackson-jaxrs/1.9.13/jackson-jaxrs-1.9.13.jar:/home/user/.m2/repository/org/codehaus/jackson/jackson-xc/1.9.13/jackson-xc-1.9.13.jar:/home/user/.m2/repository/com/sun/jersey/jersey-server/1.19/jersey-server-1.19.jar:/home/user/.m2/repository/commons-logging/commons-logging/1.1.3/commons-logging-1.1.3.jar:/home/user/.m2/repository/log4j/log4j/1.2.17/log4j-1.2.17.jar:/home/user/.m2/repository/commons-beanutils/commons-beanutils/1.9.3/commons-beanutils-1.9.3.jar:/home/user/.m2/repository/org/apache/commons/commons-configuration2/2.1.1/commons-configuration2-2.1.1.jar:/home/user/.m2/repository/org/apache/commons/commons-lang3/3.7/commons-lang3-3.7.jar:/home/user/.m2/repository/org/apache/commons/commons-text/1.4/commons-text-1.4.jar:/home/user/.m2/repository/org/slf4j/slf4j-api/1.7.25/slf4j-api-1.7.25.jar:/home/user/.m2/repository/org/slf4j/slf4j-log4j12/1.7.25/slf4j-log4j12-1.7.25.jar:/home/user/.m2/repository/org/apache/avro/avro/1.7.7/avro-1.7.7.jar:/home/user/.m2/repository/com/thoughtworks/paranamer/paranamer/2.3/paranamer-2.3.jar:/home/user/.m2/repository/org/xerial/snappy/snappy-java/1.0.5/snappy-java-1.0.5.jar:/home/user/.m2/repository/com/google/re2j/re2j/1.1/re2j-1.1.jar:/home/user/.m2/repository/com/google/code/gson/gson/2.2.4/gson-2.2.4.jar:/home/user/.m2/repository/org/apache/hadoop/hadoop-auth/3.2.0/hadoop-auth-3.2.0.jar:/home/user/.m2/repository/com/nimbusds/nimbus-jose-jwt/4.41.1/nimbus-jose-jwt-4.41.1.jar:/home/user/.m2/repository/com/github/stephenc/jcip/jcip-annotations/1.0-1/jcip-annotations-1.0-1.jar:/home/user/.m2/repository/net/minidev/json-smart/2.3/json-smart-2.3.jar:/home/user/.m2/repository/net/minidev/accessors-smart/1.2/accessors-smart-1.2.jar:/home/user/.m2/repository/org/apache/curator/curator-framework/2.12.0/curator-framework-2.12.0.jar:/home/user/.m2/repository/com/jcraft/jsch/0.1.54/jsch-0.1.54.jar:/home/user/.m2/repository/org/apache/curator/curator-client/2.12.0/curator-client-2.12.0.jar:/home/user/.m2/repository/org/apache/curator/curator-recipes/2.12.0/curator-recipes-2.12.0.jar:/home/user/.m2/repository/com/google/code/findbugs/jsr305/3.0.0/jsr305-3.0.0.jar:/home/user/.m2/repository/org/apache/htrace/htrace-core4/4.1.0-incubating/htrace-core4-4.1.0-incubating.jar:/home/user/.m2/repository/org/apache/zookeeper/zookeeper/3.4.13/zookeeper-3.4.13.jar:/home/user/.m2/repository/org/apache/yetus/audience-annotations/0.5.0/audience-annotations-0.5.0.jar:/home/user/.m2/repository/org/apache/kerby/kerb-simplekdc/1.0.1/kerb-simplekdc-1.0.1.jar:/home/user/.m2/repository/org/apache/kerby/kerb-client/1.0.1/kerb-client-1.0.1.jar:/home/user/.m2/repository/org/apache/kerby/kerby-config/1.0.1/kerby-config-1.0.1.jar:/home/user/.m2/repository/org/apache/kerby/kerb-core/1.0.1/kerb-core-1.0.1.jar:/home/user/.m2/repository/org/apache/kerby/kerby-pkix/1.0.1/kerby-pkix-1.0.1.jar:/home/user/.m2/repository/org/apache/kerby/kerby-asn1/1.0.1/kerby-asn1-1.0.1.jar:/home/user/.m2/repository/org/apache/kerby/kerby-util/1.0.1/kerby-util-1.0.1.jar:/home/user/.m2/repository/org/apache/kerby/kerb-common/1.0.1/kerb-common-1.0.1.jar:/home/user/.m2/repository/org/apache/kerby/kerb-crypto/1.0.1/kerb-crypto-1.0.1.jar:/home/user/.m2/repository/org/apache/kerby/kerb-util/1.0.1/kerb-util-1.0.1.jar:/home/user/.m2/repository/org/apache/kerby/token-provider/1.0.1/token-provider-1.0.1.jar:/home/user/.m2/repository/org/apache/kerby/kerb-admin/1.0.1/kerb-admin-1.0.1.jar:/home/user/.m2/repository/org/apache/kerby/kerb-server/1.0.1/kerb-server-1.0.1.jar:/home/user/.m2/repository/org/apache/kerby/kerb-identity/1.0.1/kerb-identity-1.0.1.jar:/home/user/.m2/repository/org/apache/kerby/kerby-xdr/1.0.1/kerby-xdr-1.0.1.jar:/home/user/.m2/repository/com/fasterxml/jackson/core/jackson-databind/2.9.5/jackson-databind-2.9.5.jar:/home/user/.m2/repository/com/fasterxml/jackson/core/jackson-core/2.9.5/jackson-core-2.9.5.jar:/home/user/.m2/repository/org/codehaus/woodstox/stax2-api/3.1.4/stax2-api-3.1.4.jar:/home/user/.m2/repository/com/fasterxml/woodstox/woodstox-core/5.0.3/woodstox-core-5.0.3.jar:/home/user/.m2/repository/dnsjava/dnsjava/2.1.7/dnsjava-2.1.7.jar:/home/user/.m2/repository/org/apache/hadoop/hadoop-hdfs/3.2.0/hadoop-hdfs-3.2.0.jar:/home/user/.m2/repository/org/eclipse/jetty/jetty-util-ajax/9.3.24.v20180605/jetty-util-ajax-9.3.24.v20180605.jar:/home/user/.m2/repository/commons-daemon/commons-daemon/1.0.13/commons-daemon-1.0.13.jar:/home/user/.m2/repository/io/netty/netty/3.10.5.Final/netty-3.10.5.Final.jar:/home/user/.m2/repository/io/netty/netty-all/4.0.52.Final/netty-all-4.0.52.Final.jar:/home/user/.m2/repository/org/fusesource/leveldbjni/leveldbjni-all/1.8/leveldbjni-all-1.8.jar:/home/user/.m2/repository/com/sun/xml/bind/jaxb-core/2.3.0.1/jaxb-core-2.3.0.1.jar:/home/user/.m2/repository/javax/xml/bind/jaxb-api/2.3.0/jaxb-api-2.3.0.jar:/home/user/.m2/repository/javax/activation/activation/1.1.1/activation-1.1.1.jar:/home/user/.m2/repository/io/dropwizard/metrics/metrics-core/3.2.4/metrics-core-3.2.4.jar:/home/user/.m2/repository/org/openjdk/jmh/jmh-core/1.19/jmh-core-1.19.jar:/home/user/.m2/repository/net/sf/jopt-simple/jopt-simple/4.6/jopt-simple-4.6.jar:/home/user/.m2/repository/org/openjdk/jmh/jmh-generator-annprocess/1.19/jmh-generator-annprocess-1.19.jar:/home/user/.m2/repository/com/google/code/findbugs/findbugs/3.0.1/findbugs-3.0.1.jar:/home/user/.m2/repository/net/jcip/jcip-annotations/1.0/jcip-annotations-1.0.jar:/home/user/.m2/repository/com/google/code/findbugs/bcel-findbugs/6.0/bcel-findbugs-6.0.jar:/home/user/.m2/repository/com/google/code/findbugs/jFormatString/2.0.1/jFormatString-2.0.1.jar:/home/user/.m2/repository/dom4j/dom4j/1.6.1/dom4j-1.6.1.jar:/home/user/.m2/repository/xml-apis/xml-apis/1.0.b2/xml-apis-1.0.b2.jar:/home/user/.m2/repository/org/ow2/asm/asm-debug-all/5.0.2/asm-debug-all-5.0.2.jar:/home/user/.m2/repository/org/ow2/asm/asm-commons/5.0.2/asm-commons-5.0.2.jar:/home/user/.m2/repository/org/ow2/asm/asm-tree/5.0.2/asm-tree-5.0.2.jar:/home/user/.m2/repository/org/ow2/asm/asm/5.0.4/asm-5.0.4.jar:/home/user/.m2/repository/commons-lang/commons-lang/2.6/commons-lang-2.6.jar:/home/user/.m2/repository/com/apple/AppleJavaExtensions/1.4/AppleJavaExtensions-1.4.jar:/home/user/.m2/repository/jaxen/jaxen/1.1.6/jaxen-1.1.6.jar:/home/user/.m2/repository/junit/junit/4.11/junit-4.11.jar:/home/user/.m2/repository/org/hamcrest/hamcrest-core/1.3/hamcrest-core-1.3.jar:/home/user/.m2/repository/org/apache/hadoop/hadoop-common/3.2.0/hadoop-common-3.2.0-tests.jar:/home/user/.m2/repository/org/apache/hadoop/hadoop-ozone-integration-test/0.5.0-SNAPSHOT/hadoop-ozone-integration-test-0.5.0-SNAPSHOT-tests.jar:/tmp/workdir/hadoop-ozone/objectstore-service/target/classes:/tmp/workdir/hadoop-ozone/s3gateway/target/classes:/home/user/.m2/repository/org/jboss/weld/servlet/weld-servlet/2.4.7.Final/weld-servlet-2.4.7.Final.jar:/home/user/.m2/repository/org/glassfish/jersey/containers/jersey-container-servlet-core/2.27/jersey-container-servlet-core-2.27.jar:/home/user/.m2/repository/org/glassfish/hk2/external/javax.inject/2.5.0-b42/javax.inject-2.5.0-b42.jar:/home/user/.m2/repository/org/glassfish/jersey/core/jersey-common/2.27/jersey-common-2.27.jar:/home/user/.m2/repository/org/glassfish/hk2/osgi-resource-locator/1.0.1/osgi-resource-locator-1.0.1.jar:/home/user/.m2/repository/javax/ws/rs/javax.ws.rs-api/2.1/javax.ws.rs-api-2.1.jar:/home/user/.m2/repository/org/glassfish/jersey/ext/cdi/jersey-cdi1x/2.27/jersey-cdi1x-2.27.jar:/home/user/.m2/repository/org/glassfish/jersey/inject/jersey-hk2/2.27/jersey-hk2-2.27.jar:/home/user/.m2/repository/org/glassfish/hk2/hk2-locator/2.5.0-b42/hk2-locator-2.5.0-b42.jar:/home/user/.m2/repository/org/javassist/javassist/3.22.0-CR2/javassist-3.22.0-CR2.jar:/home/user/.m2/repository/org/glassfish/hk2/hk2-api/2.5.0/hk2-api-2.5.0.jar:/home/user/.m2/repository/org/glassfish/hk2/external/jakarta.inject/2.5.0/jakarta.inject-2.5.0.jar:/home/user/.m2/repository/org/glassfish/hk2/hk2-utils/2.5.0/hk2-utils-2.5.0.jar:/home/user/.m2/repository/jakarta/annotation/jakarta.annotation-api/1.3.4/jakarta.annotation-api-1.3.4.jar:/home/user/.m2/repository/org/glassfish/hk2/external/aopalliance-repackaged/2.5.0/aopalliance-repackaged-2.5.0.jar:/home/user/.m2/repository/com/fasterxml/jackson/dataformat/jackson-dataformat-xml/2.9.0/jackson-dataformat-xml-2.9.0.jar:/home/user/.m2/repository/com/fasterxml/jackson/module/jackson-module-jaxb-annotations/2.9.5/jackson-module-jaxb-annotations-2.9.5.jar:/home/user/.m2/repository/javax/enterprise/cdi-api/1.2/cdi-api-1.2.jar:/home/user/.m2/repository/javax/el/javax.el-api/3.0.0/javax.el-api-3.0.0.jar:/home/user/.m2/repository/javax/interceptor/javax.interceptor-api/1.2/javax.interceptor-api-1.2.jar:/home/user/.m2/repository/javax/inject/javax.inject/1/javax.inject-1.jar:/tmp/workdir/hadoop-ozone/csi/target/classes:/home/user/.m2/repository/com/google/protobuf/protobuf-java-util/3.5.1/protobuf-java-util-3.5.1.jar:/home/user/.m2/repository/io/grpc/grpc-netty/1.17.1/grpc-netty-1.17.1.jar:/home/user/.m2/repository/io/grpc/grpc-core/1.17.1/grpc-core-1.17.1.jar:/home/user/.m2/repository/io/grpc/grpc-context/1.17.1/grpc-context-1.17.1.jar:/home/user/.m2/repository/com/google/errorprone/error_prone_annotations/2.2.0/error_prone_annotations-2.2.0.jar:/home/user/.m2/repository/org/codehaus/mojo/animal-sniffer-annotations/1.17/animal-sniffer-annotations-1.17.jar:/home/user/.m2/repository/io/opencensus/opencensus-api/0.17.0/opencensus-api-0.17.0.jar:/home/user/.m2/repository/io/opencensus/opencensus-contrib-grpc-metrics/0.17.0/opencensus-contrib-grpc-metrics-0.17.0.jar:/home/user/.m2/repository/io/netty/netty-codec-http2/4.1.30.Final/netty-codec-http2-4.1.30.Final.jar:/home/user/.m2/repository/io/netty/netty-codec-http/4.1.30.Final/netty-codec-http-4.1.30.Final.jar:/home/user/.m2/repository/io/netty/netty-codec/4.1.30.Final/netty-codec-4.1.30.Final.jar:/home/user/.m2/repository/io/netty/netty-handler/4.1.30.Final/netty-handler-4.1.30.Final.jar:/home/user/.m2/repository/io/netty/netty-handler-proxy/4.1.30.Final/netty-handler-proxy-4.1.30.Final.jar:/home/user/.m2/repository/io/netty/netty-codec-socks/4.1.30.Final/netty-codec-socks-4.1.30.Final.jar:/home/user/.m2/repository/io/netty/netty-transport-native-epoll/4.1.30.Final/netty-transport-native-epoll-4.1.30.Final.jar:/home/user/.m2/repository/io/netty/netty-common/4.1.30.Final/netty-common-4.1.30.Final.jar:/home/user/.m2/repository/io/netty/netty-buffer/4.1.30.Final/netty-buffer-4.1.30.Final.jar:/home/user/.m2/repository/io/netty/netty-transport/4.1.30.Final/netty-transport-4.1.30.Final.jar:/home/user/.m2/repository/io/netty/netty-resolver/4.1.30.Final/netty-resolver-4.1.30.Final.jar:/home/user/.m2/repository/io/netty/netty-transport-native-unix-common/4.1.30.Final/netty-transport-native-unix-common-4.1.30.Final.jar:/home/user/.m2/repository/io/grpc/grpc-protobuf/1.17.1/grpc-protobuf-1.17.1.jar:/home/user/.m2/repository/com/google/api/grpc/proto-google-common-protos/1.0.0/proto-google-common-protos-1.0.0.jar:/home/user/.m2/repository/io/grpc/grpc-protobuf-lite/1.17.1/grpc-protobuf-lite-1.17.1.jar:/home/user/.m2/repository/io/grpc/grpc-stub/1.17.1/grpc-stub-1.17.1.jar:/tmp/workdir/hadoop-ozone/ozone-recon/target/classes:/tmp/workdir/hadoop-ozone/ozone-recon-codegen/target/classes:/home/user/.m2/repository/com/google/inject/extensions/guice-multibindings/4.0/guice-multibindings-4.0.jar:/home/user/.m2/repository/com/google/inject/guice/4.0/guice-4.0.jar:/home/user/.m2/repository/aopalliance/aopalliance/1.0/aopalliance-1.0.jar:/home/user/.m2/repository/com/google/inject/extensions/guice-servlet/4.0/guice-servlet-4.0.jar:/home/user/.m2/repository/org/glassfish/jersey/containers/jersey-container-servlet/2.27/jersey-container-servlet-2.27.jar:/home/user/.m2/repository/org/glassfish/hk2/guice-bridge/2.5.0/guice-bridge-2.5.0.jar:/home/user/.m2/repository/org/glassfish/jersey/core/jersey-server/2.27/jersey-server-2.27.jar:/home/user/.m2/repository/org/glassfish/jersey/core/jersey-client/2.27/jersey-client-2.27.jar:/home/user/.m2/repository/org/glassfish/jersey/media/jersey-media-jaxb/2.27/jersey-media-jaxb-2.27.jar:/home/user/.m2/repository/javax/validation/validation-api/1.1.0.Final/validation-api-1.1.0.Final.jar:/home/user/.m2/repository/org/glassfish/jersey/media/jersey-media-json-jackson/2.27/jersey-media-json-jackson-2.27.jar:/home/user/.m2/repository/org/glassfish/jersey/ext/jersey-entity-filtering/2.27/jersey-entity-filtering-2.27.jar:/home/user/.m2/repository/com/google/inject/extensions/guice-assistedinject/4.0/guice-assistedinject-4.0.jar:/home/user/.m2/repository/org/jooq/jooq/3.11.10/jooq-3.11.10.jar:/home/user/.m2/repository/org/jooq/jooq-meta/3.11.10/jooq-meta-3.11.10.jar:/home/user/.m2/repository/org/jooq/jooq-codegen/3.11.10/jooq-codegen-3.11.10.jar:/home/user/.m2/repository/com/jolbox/bonecp/0.8.0.RELEASE/bonecp-0.8.0.RELEASE.jar:/home/user/.m2/repository/org/springframework/spring-jdbc/5.1.3.RELEASE/spring-jdbc-5.1.3.RELEASE.jar:/home/user/.m2/repository/org/springframework/spring-beans/5.1.3.RELEASE/spring-beans-5.1.3.RELEASE.jar:/home/user/.m2/repository/org/springframework/spring-core/5.1.3.RELEASE/spring-core-5.1.3.RELEASE.jar:/home/user/.m2/repository/org/springframework/spring-jcl/5.1.3.RELEASE/spring-jcl-5.1.3.RELEASE.jar:/home/user/.m2/repository/org/springframework/spring-tx/5.1.3.RELEASE/spring-tx-5.1.3.RELEASE.jar:/home/user/.m2/repository/org/mockito/mockito-core/2.15.0/mockito-core-2.15.0.jar:/home/user/.m2/repository/net/bytebuddy/byte-buddy/1.7.9/byte-buddy-1.7.9.jar:/home/user/.m2/repository/net/bytebuddy/byte-buddy-agent/1.7.9/byte-buddy-agent-1.7.9.jar:/home/user/.m2/repository/org/objenesis/objenesis/1.0/objenesis-1.0.jar:"/>
    <property name="java.vm.vendor" value="IcedTea"/>
    <property name="sun.arch.data.model" value="64"/>
    <property name="test.build.dir" value="/tmp/workdir/hadoop-ozone/tools/target/test-dir"/>
    <property name="test.cache.data" value=""/>
    <property name="java.vendor.url" value="https://icedtea.classpath.org"/>
    <property name="user.timezone" value=""/>
    <property name="java.vm.specification.version" value="1.8"/>
    <property name="os.name" value="Linux"/>
    <property name="test.build.data" value="/tmp/workdir/hadoop-ozone/tools/target/test-dir"/>
    <property name="user.country" value="US"/>
    <property name="sun.java.launcher" value="SUN_STANDARD"/>
    <property name="sun.boot.library.path" value="/usr/lib/jvm/java-1.8-openjdk/jre/lib/amd64"/>
    <property name="sun.java.command" value="/tmp/workdir/hadoop-ozone/tools/target/surefire/surefirebooter9107019987053367606.jar /tmp/workdir/hadoop-ozone/tools/target/surefire 2019-07-09T22-42-13_575-jvmRun1 surefire2968766680580233184tmp surefire_1047268439835846069037tmp"/>
    <property name="surefire.test.class.path" value="/tmp/workdir/hadoop-ozone/tools/target/test-classes:/tmp/workdir/hadoop-ozone/tools/target/classes:/tmp/workdir/hadoop-ozone/ozone-manager/target/classes:/tmp/workdir/hadoop-hdds/docs/target/classes:/home/user/.m2/repository/org/bouncycastle/bcprov-jdk15on/1.60/bcprov-jdk15on-1.60.jar:/tmp/workdir/hadoop-ozone/common/target/classes:/home/user/.m2/repository/org/apache/commons/commons-compress/1.4.1/commons-compress-1.4.1.jar:/home/user/.m2/repository/org/tukaani/xz/1.0/xz-1.0.jar:/home/user/.m2/repository/org/apache/hadoop/hadoop-hdfs-client/3.2.0/hadoop-hdfs-client-3.2.0.jar:/home/user/.m2/repository/com/fasterxml/jackson/core/jackson-annotations/2.9.5/jackson-annotations-2.9.5.jar:/tmp/workdir/hadoop-hdds/common/target/classes:/tmp/workdir/hadoop-hdds/config/target/classes:/home/user/.m2/repository/javax/annotation/javax.annotation-api/1.2/javax.annotation-api-1.2.jar:/home/user/.m2/repository/org/apache/ratis/ratis-server/0.4.0-2337318-SNAPSHOT/ratis-server-0.4.0-2337318-SNAPSHOT.jar:/home/user/.m2/repository/org/apache/ratis/ratis-thirdparty-misc/0.2.0/ratis-thirdparty-misc-0.2.0.jar:/home/user/.m2/repository/org/apache/ratis/ratis-proto/0.4.0-2337318-SNAPSHOT/ratis-proto-0.4.0-2337318-SNAPSHOT.jar:/home/user/.m2/repository/org/apache/ratis/ratis-common/0.4.0-2337318-SNAPSHOT/ratis-common-0.4.0-2337318-SNAPSHOT.jar:/home/user/.m2/repository/org/apache/ratis/ratis-client/0.4.0-2337318-SNAPSHOT/ratis-client-0.4.0-2337318-SNAPSHOT.jar:/home/user/.m2/repository/org/apache/ratis/ratis-metrics/0.4.0-2337318-SNAPSHOT/ratis-metrics-0.4.0-2337318-SNAPSHOT.jar:/home/user/.m2/repository/org/apache/ratis/ratis-netty/0.4.0-2337318-SNAPSHOT/ratis-netty-0.4.0-2337318-SNAPSHOT.jar:/home/user/.m2/repository/org/apache/ratis/ratis-grpc/0.4.0-2337318-SNAPSHOT/ratis-grpc-0.4.0-2337318-SNAPSHOT.jar:/home/user/.m2/repository/org/rocksdb/rocksdbjni/6.0.1/rocksdbjni-6.0.1.jar:/home/user/.m2/repository/org/apache/logging/log4j/log4j-api/2.11.0/log4j-api-2.11.0.jar:/home/user/.m2/repository/org/apache/logging/log4j/log4j-core/2.11.0/log4j-core-2.11.0.jar:/home/user/.m2/repository/com/lmax/disruptor/3.4.2/disruptor-3.4.2.jar:/home/user/.m2/repository/org/apache/commons/commons-pool2/2.6.0/commons-pool2-2.6.0.jar:/home/user/.m2/repository/org/bouncycastle/bcpkix-jdk15on/1.60/bcpkix-jdk15on-1.60.jar:/home/user/.m2/repository/commons-validator/commons-validator/1.6/commons-validator-1.6.jar:/home/user/.m2/repository/commons-digester/commons-digester/1.8.1/commons-digester-1.8.1.jar:/home/user/.m2/repository/io/jaegertracing/jaeger-client/0.33.1/jaeger-client-0.33.1.jar:/home/user/.m2/repository/io/jaegertracing/jaeger-thrift/0.33.1/jaeger-thrift-0.33.1.jar:/home/user/.m2/repository/org/apache/thrift/libthrift/0.11.0/libthrift-0.11.0.jar:/home/user/.m2/repository/com/squareup/okhttp3/okhttp/3.9.0/okhttp-3.9.0.jar:/home/user/.m2/repository/com/squareup/okio/okio/1.13.0/okio-1.13.0.jar:/home/user/.m2/repository/io/jaegertracing/jaeger-core/0.33.1/jaeger-core-0.33.1.jar:/home/user/.m2/repository/io/jaegertracing/jaeger-tracerresolver/0.33.1/jaeger-tracerresolver-0.33.1.jar:/home/user/.m2/repository/io/opentracing/contrib/opentracing-tracerresolver/0.1.5/opentracing-tracerresolver-0.1.5.jar:/home/user/.m2/repository/io/opentracing/opentracing-util/0.31.0/opentracing-util-0.31.0.jar:/home/user/.m2/repository/io/opentracing/opentracing-api/0.31.0/opentracing-api-0.31.0.jar:/home/user/.m2/repository/io/opentracing/opentracing-noop/0.31.0/opentracing-noop-0.31.0.jar:/home/user/.m2/repository/org/yaml/snakeyaml/1.16/snakeyaml-1.16.jar:/tmp/workdir/hadoop-hdds/container-service/target/classes:/tmp/workdir/hadoop-hdds/client/target/classes:/tmp/workdir/hadoop-hdds/tools/target/classes:/home/user/.m2/repository/org/xerial/sqlite-jdbc/3.25.2/sqlite-jdbc-3.25.2.jar:/tmp/workdir/hadoop-hdds/server-scm/target/classes:/home/user/.m2/repository/org/hamcrest/hamcrest-all/1.3/hamcrest-all-1.3.jar:/home/user/.m2/repository/info/picocli/picocli/3.9.6/picocli-3.9.6.jar:/home/user/.m2/repository/com/google/protobuf/protobuf-java/2.5.0/protobuf-java-2.5.0.jar:/home/user/.m2/repository/com/google/guava/guava/11.0.2/guava-11.0.2.jar:/tmp/workdir/hadoop-ozone/client/target/classes:/home/user/.m2/repository/org/apache/hadoop/hadoop-ozone-filesystem/0.5.0-SNAPSHOT/hadoop-ozone-filesystem-0.5.0-SNAPSHOT.jar:/tmp/workdir/hadoop-hdds/framework/target/classes:/home/user/.m2/repository/org/apache/hadoop/hadoop-common/3.2.0/hadoop-common-3.2.0.jar:/home/user/.m2/repository/org/apache/hadoop/hadoop-annotations/3.2.0/hadoop-annotations-3.2.0.jar:/usr/lib/jvm/java-1.8-openjdk/jre/../lib/tools.jar:/home/user/.m2/repository/commons-cli/commons-cli/1.2/commons-cli-1.2.jar:/home/user/.m2/repository/org/apache/commons/commons-math3/3.1.1/commons-math3-3.1.1.jar:/home/user/.m2/repository/org/apache/httpcomponents/httpclient/4.5.2/httpclient-4.5.2.jar:/home/user/.m2/repository/org/apache/httpcomponents/httpcore/4.4.4/httpcore-4.4.4.jar:/home/user/.m2/repository/commons-codec/commons-codec/1.11/commons-codec-1.11.jar:/home/user/.m2/repository/commons-io/commons-io/2.5/commons-io-2.5.jar:/home/user/.m2/repository/commons-net/commons-net/3.6/commons-net-3.6.jar:/home/user/.m2/repository/commons-collections/commons-collections/3.2.2/commons-collections-3.2.2.jar:/home/user/.m2/repository/javax/servlet/javax.servlet-api/3.1.0/javax.servlet-api-3.1.0.jar:/home/user/.m2/repository/org/eclipse/jetty/jetty-server/9.3.24.v20180605/jetty-server-9.3.24.v20180605.jar:/home/user/.m2/repository/org/eclipse/jetty/jetty-http/9.3.24.v20180605/jetty-http-9.3.24.v20180605.jar:/home/user/.m2/repository/org/eclipse/jetty/jetty-io/9.3.24.v20180605/jetty-io-9.3.24.v20180605.jar:/home/user/.m2/repository/org/eclipse/jetty/jetty-util/9.3.24.v20180605/jetty-util-9.3.24.v20180605.jar:/home/user/.m2/repository/org/eclipse/jetty/jetty-servlet/9.3.24.v20180605/jetty-servlet-9.3.24.v20180605.jar:/home/user/.m2/repository/org/eclipse/jetty/jetty-security/9.3.24.v20180605/jetty-security-9.3.24.v20180605.jar:/home/user/.m2/repository/org/eclipse/jetty/jetty-webapp/9.3.24.v20180605/jetty-webapp-9.3.24.v20180605.jar:/home/user/.m2/repository/org/eclipse/jetty/jetty-xml/9.3.24.v20180605/jetty-xml-9.3.24.v20180605.jar:/home/user/.m2/repository/javax/servlet/jsp/jsp-api/2.1/jsp-api-2.1.jar:/home/user/.m2/repository/com/sun/jersey/jersey-core/1.19/jersey-core-1.19.jar:/home/user/.m2/repository/javax/ws/rs/jsr311-api/1.1.1/jsr311-api-1.1.1.jar:/home/user/.m2/repository/com/sun/jersey/jersey-servlet/1.19/jersey-servlet-1.19.jar:/home/user/.m2/repository/com/sun/jersey/jersey-json/1.19/jersey-json-1.19.jar:/home/user/.m2/repository/org/codehaus/jettison/jettison/1.1/jettison-1.1.jar:/home/user/.m2/repository/com/sun/xml/bind/jaxb-impl/2.3.0.1/jaxb-impl-2.3.0.1.jar:/home/user/.m2/repository/org/codehaus/jackson/jackson-core-asl/1.9.13/jackson-core-asl-1.9.13.jar:/home/user/.m2/repository/org/codehaus/jackson/jackson-mapper-asl/1.9.13/jackson-mapper-asl-1.9.13.jar:/home/user/.m2/repository/org/codehaus/jackson/jackson-jaxrs/1.9.13/jackson-jaxrs-1.9.13.jar:/home/user/.m2/repository/org/codehaus/jackson/jackson-xc/1.9.13/jackson-xc-1.9.13.jar:/home/user/.m2/repository/com/sun/jersey/jersey-server/1.19/jersey-server-1.19.jar:/home/user/.m2/repository/commons-logging/commons-logging/1.1.3/commons-logging-1.1.3.jar:/home/user/.m2/repository/log4j/log4j/1.2.17/log4j-1.2.17.jar:/home/user/.m2/repository/commons-beanutils/commons-beanutils/1.9.3/commons-beanutils-1.9.3.jar:/home/user/.m2/repository/org/apache/commons/commons-configuration2/2.1.1/commons-configuration2-2.1.1.jar:/home/user/.m2/repository/org/apache/commons/commons-lang3/3.7/commons-lang3-3.7.jar:/home/user/.m2/repository/org/apache/commons/commons-text/1.4/commons-text-1.4.jar:/home/user/.m2/repository/org/slf4j/slf4j-api/1.7.25/slf4j-api-1.7.25.jar:/home/user/.m2/repository/org/slf4j/slf4j-log4j12/1.7.25/slf4j-log4j12-1.7.25.jar:/home/user/.m2/repository/org/apache/avro/avro/1.7.7/avro-1.7.7.jar:/home/user/.m2/repository/com/thoughtworks/paranamer/paranamer/2.3/paranamer-2.3.jar:/home/user/.m2/repository/org/xerial/snappy/snappy-java/1.0.5/snappy-java-1.0.5.jar:/home/user/.m2/repository/com/google/re2j/re2j/1.1/re2j-1.1.jar:/home/user/.m2/repository/com/google/code/gson/gson/2.2.4/gson-2.2.4.jar:/home/user/.m2/repository/org/apache/hadoop/hadoop-auth/3.2.0/hadoop-auth-3.2.0.jar:/home/user/.m2/repository/com/nimbusds/nimbus-jose-jwt/4.41.1/nimbus-jose-jwt-4.41.1.jar:/home/user/.m2/repository/com/github/stephenc/jcip/jcip-annotations/1.0-1/jcip-annotations-1.0-1.jar:/home/user/.m2/repository/net/minidev/json-smart/2.3/json-smart-2.3.jar:/home/user/.m2/repository/net/minidev/accessors-smart/1.2/accessors-smart-1.2.jar:/home/user/.m2/repository/org/apache/curator/curator-framework/2.12.0/curator-framework-2.12.0.jar:/home/user/.m2/repository/com/jcraft/jsch/0.1.54/jsch-0.1.54.jar:/home/user/.m2/repository/org/apache/curator/curator-client/2.12.0/curator-client-2.12.0.jar:/home/user/.m2/repository/org/apache/curator/curator-recipes/2.12.0/curator-recipes-2.12.0.jar:/home/user/.m2/repository/com/google/code/findbugs/jsr305/3.0.0/jsr305-3.0.0.jar:/home/user/.m2/repository/org/apache/htrace/htrace-core4/4.1.0-incubating/htrace-core4-4.1.0-incubating.jar:/home/user/.m2/repository/org/apache/zookeeper/zookeeper/3.4.13/zookeeper-3.4.13.jar:/home/user/.m2/repository/org/apache/yetus/audience-annotations/0.5.0/audience-annotations-0.5.0.jar:/home/user/.m2/repository/org/apache/kerby/kerb-simplekdc/1.0.1/kerb-simplekdc-1.0.1.jar:/home/user/.m2/repository/org/apache/kerby/kerb-client/1.0.1/kerb-client-1.0.1.jar:/home/user/.m2/repository/org/apache/kerby/kerby-config/1.0.1/kerby-config-1.0.1.jar:/home/user/.m2/repository/org/apache/kerby/kerb-core/1.0.1/kerb-core-1.0.1.jar:/home/user/.m2/repository/org/apache/kerby/kerby-pkix/1.0.1/kerby-pkix-1.0.1.jar:/home/user/.m2/repository/org/apache/kerby/kerby-asn1/1.0.1/kerby-asn1-1.0.1.jar:/home/user/.m2/repository/org/apache/kerby/kerby-util/1.0.1/kerby-util-1.0.1.jar:/home/user/.m2/repository/org/apache/kerby/kerb-common/1.0.1/kerb-common-1.0.1.jar:/home/user/.m2/repository/org/apache/kerby/kerb-crypto/1.0.1/kerb-crypto-1.0.1.jar:/home/user/.m2/repository/org/apache/kerby/kerb-util/1.0.1/kerb-util-1.0.1.jar:/home/user/.m2/repository/org/apache/kerby/token-provider/1.0.1/token-provider-1.0.1.jar:/home/user/.m2/repository/org/apache/kerby/kerb-admin/1.0.1/kerb-admin-1.0.1.jar:/home/user/.m2/repository/org/apache/kerby/kerb-server/1.0.1/kerb-server-1.0.1.jar:/home/user/.m2/repository/org/apache/kerby/kerb-identity/1.0.1/kerb-identity-1.0.1.jar:/home/user/.m2/repository/org/apache/kerby/kerby-xdr/1.0.1/kerby-xdr-1.0.1.jar:/home/user/.m2/repository/com/fasterxml/jackson/core/jackson-databind/2.9.5/jackson-databind-2.9.5.jar:/home/user/.m2/repository/com/fasterxml/jackson/core/jackson-core/2.9.5/jackson-core-2.9.5.jar:/home/user/.m2/repository/org/codehaus/woodstox/stax2-api/3.1.4/stax2-api-3.1.4.jar:/home/user/.m2/repository/com/fasterxml/woodstox/woodstox-core/5.0.3/woodstox-core-5.0.3.jar:/home/user/.m2/repository/dnsjava/dnsjava/2.1.7/dnsjava-2.1.7.jar:/home/user/.m2/repository/org/apache/hadoop/hadoop-hdfs/3.2.0/hadoop-hdfs-3.2.0.jar:/home/user/.m2/repository/org/eclipse/jetty/jetty-util-ajax/9.3.24.v20180605/jetty-util-ajax-9.3.24.v20180605.jar:/home/user/.m2/repository/commons-daemon/commons-daemon/1.0.13/commons-daemon-1.0.13.jar:/home/user/.m2/repository/io/netty/netty/3.10.5.Final/netty-3.10.5.Final.jar:/home/user/.m2/repository/io/netty/netty-all/4.0.52.Final/netty-all-4.0.52.Final.jar:/home/user/.m2/repository/org/fusesource/leveldbjni/leveldbjni-all/1.8/leveldbjni-all-1.8.jar:/home/user/.m2/repository/com/sun/xml/bind/jaxb-core/2.3.0.1/jaxb-core-2.3.0.1.jar:/home/user/.m2/repository/javax/xml/bind/jaxb-api/2.3.0/jaxb-api-2.3.0.jar:/home/user/.m2/repository/javax/activation/activation/1.1.1/activation-1.1.1.jar:/home/user/.m2/repository/io/dropwizard/metrics/metrics-core/3.2.4/metrics-core-3.2.4.jar:/home/user/.m2/repository/org/openjdk/jmh/jmh-core/1.19/jmh-core-1.19.jar:/home/user/.m2/repository/net/sf/jopt-simple/jopt-simple/4.6/jopt-simple-4.6.jar:/home/user/.m2/repository/org/openjdk/jmh/jmh-generator-annprocess/1.19/jmh-generator-annprocess-1.19.jar:/home/user/.m2/repository/com/google/code/findbugs/findbugs/3.0.1/findbugs-3.0.1.jar:/home/user/.m2/repository/net/jcip/jcip-annotations/1.0/jcip-annotations-1.0.jar:/home/user/.m2/repository/com/google/code/findbugs/bcel-findbugs/6.0/bcel-findbugs-6.0.jar:/home/user/.m2/repository/com/google/code/findbugs/jFormatString/2.0.1/jFormatString-2.0.1.jar:/home/user/.m2/repository/dom4j/dom4j/1.6.1/dom4j-1.6.1.jar:/home/user/.m2/repository/xml-apis/xml-apis/1.0.b2/xml-apis-1.0.b2.jar:/home/user/.m2/repository/org/ow2/asm/asm-debug-all/5.0.2/asm-debug-all-5.0.2.jar:/home/user/.m2/repository/org/ow2/asm/asm-commons/5.0.2/asm-commons-5.0.2.jar:/home/user/.m2/repository/org/ow2/asm/asm-tree/5.0.2/asm-tree-5.0.2.jar:/home/user/.m2/repository/org/ow2/asm/asm/5.0.4/asm-5.0.4.jar:/home/user/.m2/repository/commons-lang/commons-lang/2.6/commons-lang-2.6.jar:/home/user/.m2/repository/com/apple/AppleJavaExtensions/1.4/AppleJavaExtensions-1.4.jar:/home/user/.m2/repository/jaxen/jaxen/1.1.6/jaxen-1.1.6.jar:/home/user/.m2/repository/junit/junit/4.11/junit-4.11.jar:/home/user/.m2/repository/org/hamcrest/hamcrest-core/1.3/hamcrest-core-1.3.jar:/home/user/.m2/repository/org/apache/hadoop/hadoop-common/3.2.0/hadoop-common-3.2.0-tests.jar:/home/user/.m2/repository/org/apache/hadoop/hadoop-ozone-integration-test/0.5.0-SNAPSHOT/hadoop-ozone-integration-test-0.5.0-SNAPSHOT-tests.jar:/tmp/workdir/hadoop-ozone/objectstore-service/target/classes:/tmp/workdir/hadoop-ozone/s3gateway/target/classes:/home/user/.m2/repository/org/jboss/weld/servlet/weld-servlet/2.4.7.Final/weld-servlet-2.4.7.Final.jar:/home/user/.m2/repository/org/glassfish/jersey/containers/jersey-container-servlet-core/2.27/jersey-container-servlet-core-2.27.jar:/home/user/.m2/repository/org/glassfish/hk2/external/javax.inject/2.5.0-b42/javax.inject-2.5.0-b42.jar:/home/user/.m2/repository/org/glassfish/jersey/core/jersey-common/2.27/jersey-common-2.27.jar:/home/user/.m2/repository/org/glassfish/hk2/osgi-resource-locator/1.0.1/osgi-resource-locator-1.0.1.jar:/home/user/.m2/repository/javax/ws/rs/javax.ws.rs-api/2.1/javax.ws.rs-api-2.1.jar:/home/user/.m2/repository/org/glassfish/jersey/ext/cdi/jersey-cdi1x/2.27/jersey-cdi1x-2.27.jar:/home/user/.m2/repository/org/glassfish/jersey/inject/jersey-hk2/2.27/jersey-hk2-2.27.jar:/home/user/.m2/repository/org/glassfish/hk2/hk2-locator/2.5.0-b42/hk2-locator-2.5.0-b42.jar:/home/user/.m2/repository/org/javassist/javassist/3.22.0-CR2/javassist-3.22.0-CR2.jar:/home/user/.m2/repository/org/glassfish/hk2/hk2-api/2.5.0/hk2-api-2.5.0.jar:/home/user/.m2/repository/org/glassfish/hk2/external/jakarta.inject/2.5.0/jakarta.inject-2.5.0.jar:/home/user/.m2/repository/org/glassfish/hk2/hk2-utils/2.5.0/hk2-utils-2.5.0.jar:/home/user/.m2/repository/jakarta/annotation/jakarta.annotation-api/1.3.4/jakarta.annotation-api-1.3.4.jar:/home/user/.m2/repository/org/glassfish/hk2/external/aopalliance-repackaged/2.5.0/aopalliance-repackaged-2.5.0.jar:/home/user/.m2/repository/com/fasterxml/jackson/dataformat/jackson-dataformat-xml/2.9.0/jackson-dataformat-xml-2.9.0.jar:/home/user/.m2/repository/com/fasterxml/jackson/module/jackson-module-jaxb-annotations/2.9.5/jackson-module-jaxb-annotations-2.9.5.jar:/home/user/.m2/repository/javax/enterprise/cdi-api/1.2/cdi-api-1.2.jar:/home/user/.m2/repository/javax/el/javax.el-api/3.0.0/javax.el-api-3.0.0.jar:/home/user/.m2/repository/javax/interceptor/javax.interceptor-api/1.2/javax.interceptor-api-1.2.jar:/home/user/.m2/repository/javax/inject/javax.inject/1/javax.inject-1.jar:/tmp/workdir/hadoop-ozone/csi/target/classes:/home/user/.m2/repository/com/google/protobuf/protobuf-java-util/3.5.1/protobuf-java-util-3.5.1.jar:/home/user/.m2/repository/io/grpc/grpc-netty/1.17.1/grpc-netty-1.17.1.jar:/home/user/.m2/repository/io/grpc/grpc-core/1.17.1/grpc-core-1.17.1.jar:/home/user/.m2/repository/io/grpc/grpc-context/1.17.1/grpc-context-1.17.1.jar:/home/user/.m2/repository/com/google/errorprone/error_prone_annotations/2.2.0/error_prone_annotations-2.2.0.jar:/home/user/.m2/repository/org/codehaus/mojo/animal-sniffer-annotations/1.17/animal-sniffer-annotations-1.17.jar:/home/user/.m2/repository/io/opencensus/opencensus-api/0.17.0/opencensus-api-0.17.0.jar:/home/user/.m2/repository/io/opencensus/opencensus-contrib-grpc-metrics/0.17.0/opencensus-contrib-grpc-metrics-0.17.0.jar:/home/user/.m2/repository/io/netty/netty-codec-http2/4.1.30.Final/netty-codec-http2-4.1.30.Final.jar:/home/user/.m2/repository/io/netty/netty-codec-http/4.1.30.Final/netty-codec-http-4.1.30.Final.jar:/home/user/.m2/repository/io/netty/netty-codec/4.1.30.Final/netty-codec-4.1.30.Final.jar:/home/user/.m2/repository/io/netty/netty-handler/4.1.30.Final/netty-handler-4.1.30.Final.jar:/home/user/.m2/repository/io/netty/netty-handler-proxy/4.1.30.Final/netty-handler-proxy-4.1.30.Final.jar:/home/user/.m2/repository/io/netty/netty-codec-socks/4.1.30.Final/netty-codec-socks-4.1.30.Final.jar:/home/user/.m2/repository/io/netty/netty-transport-native-epoll/4.1.30.Final/netty-transport-native-epoll-4.1.30.Final.jar:/home/user/.m2/repository/io/netty/netty-common/4.1.30.Final/netty-common-4.1.30.Final.jar:/home/user/.m2/repository/io/netty/netty-buffer/4.1.30.Final/netty-buffer-4.1.30.Final.jar:/home/user/.m2/repository/io/netty/netty-transport/4.1.30.Final/netty-transport-4.1.30.Final.jar:/home/user/.m2/repository/io/netty/netty-resolver/4.1.30.Final/netty-resolver-4.1.30.Final.jar:/home/user/.m2/repository/io/netty/netty-transport-native-unix-common/4.1.30.Final/netty-transport-native-unix-common-4.1.30.Final.jar:/home/user/.m2/repository/io/grpc/grpc-protobuf/1.17.1/grpc-protobuf-1.17.1.jar:/home/user/.m2/repository/com/google/api/grpc/proto-google-common-protos/1.0.0/proto-google-common-protos-1.0.0.jar:/home/user/.m2/repository/io/grpc/grpc-protobuf-lite/1.17.1/grpc-protobuf-lite-1.17.1.jar:/home/user/.m2/repository/io/grpc/grpc-stub/1.17.1/grpc-stub-1.17.1.jar:/tmp/workdir/hadoop-ozone/ozone-recon/target/classes:/tmp/workdir/hadoop-ozone/ozone-recon-codegen/target/classes:/home/user/.m2/repository/com/google/inject/extensions/guice-multibindings/4.0/guice-multibindings-4.0.jar:/home/user/.m2/repository/com/google/inject/guice/4.0/guice-4.0.jar:/home/user/.m2/repository/aopalliance/aopalliance/1.0/aopalliance-1.0.jar:/home/user/.m2/repository/com/google/inject/extensions/guice-servlet/4.0/guice-servlet-4.0.jar:/home/user/.m2/repository/org/glassfish/jersey/containers/jersey-container-servlet/2.27/jersey-container-servlet-2.27.jar:/home/user/.m2/repository/org/glassfish/hk2/guice-bridge/2.5.0/guice-bridge-2.5.0.jar:/home/user/.m2/repository/org/glassfish/jersey/core/jersey-server/2.27/jersey-server-2.27.jar:/home/user/.m2/repository/org/glassfish/jersey/core/jersey-client/2.27/jersey-client-2.27.jar:/home/user/.m2/repository/org/glassfish/jersey/media/jersey-media-jaxb/2.27/jersey-media-jaxb-2.27.jar:/home/user/.m2/repository/javax/validation/validation-api/1.1.0.Final/validation-api-1.1.0.Final.jar:/home/user/.m2/repository/org/glassfish/jersey/media/jersey-media-json-jackson/2.27/jersey-media-json-jackson-2.27.jar:/home/user/.m2/repository/org/glassfish/jersey/ext/jersey-entity-filtering/2.27/jersey-entity-filtering-2.27.jar:/home/user/.m2/repository/com/google/inject/extensions/guice-assistedinject/4.0/guice-assistedinject-4.0.jar:/home/user/.m2/repository/org/jooq/jooq/3.11.10/jooq-3.11.10.jar:/home/user/.m2/repository/org/jooq/jooq-meta/3.11.10/jooq-meta-3.11.10.jar:/home/user/.m2/repository/org/jooq/jooq-codegen/3.11.10/jooq-codegen-3.11.10.jar:/home/user/.m2/repository/com/jolbox/bonecp/0.8.0.RELEASE/bonecp-0.8.0.RELEASE.jar:/home/user/.m2/repository/org/springframework/spring-jdbc/5.1.3.RELEASE/spring-jdbc-5.1.3.RELEASE.jar:/home/user/.m2/repository/org/springframework/spring-beans/5.1.3.RELEASE/spring-beans-5.1.3.RELEASE.jar:/home/user/.m2/repository/org/springframework/spring-core/5.1.3.RELEASE/spring-core-5.1.3.RELEASE.jar:/home/user/.m2/repository/org/springframework/spring-jcl/5.1.3.RELEASE/spring-jcl-5.1.3.RELEASE.jar:/home/user/.m2/repository/org/springframework/spring-tx/5.1.3.RELEASE/spring-tx-5.1.3.RELEASE.jar:/home/user/.m2/repository/org/mockito/mockito-core/2.15.0/mockito-core-2.15.0.jar:/home/user/.m2/repository/net/bytebuddy/byte-buddy/1.7.9/byte-buddy-1.7.9.jar:/home/user/.m2/repository/net/bytebuddy/byte-buddy-agent/1.7.9/byte-buddy-agent-1.7.9.jar:/home/user/.m2/repository/org/objenesis/objenesis/1.0/objenesis-1.0.jar:"/>
    <property name="sun.cpu.endian" value="little"/>
    <property name="user.home" value="/home/user"/>
    <property name="user.language" value="en"/>
    <property name="java.specification.vendor" value="Oracle Corporation"/>
    <property name="java.home" value="/usr/lib/jvm/java-1.8-openjdk/jre"/>
    <property name="java.security.krb5.conf" value="/tmp/workdir/hadoop-ozone/tools/target/test-classes/krb5.conf"/>
    <property name="basedir" value="/tmp/workdir/hadoop-ozone/tools"/>
    <property name="file.separator" value="/"/>
    <property name="line.separator" value="&#10;"/>
    <property name="java.vm.specification.vendor" value="Oracle Corporation"/>
    <property name="java.specification.name" value="Java Platform API Specification"/>
    <property name="java.awt.graphicsenv" value="sun.awt.X11GraphicsEnvironment"/>
    <property name="surefire.real.class.path" value="/tmp/workdir/hadoop-ozone/tools/target/surefire/surefirebooter9107019987053367606.jar"/>
    <property name="hadoop.log.dir" value="/tmp/workdir/hadoop-ozone/tools/target/log"/>
    <property name="sun.boot.class.path" value="/usr/lib/jvm/java-1.8-openjdk/jre/lib/resources.jar:/usr/lib/jvm/java-1.8-openjdk/jre/lib/rt.jar:/usr/lib/jvm/java-1.8-openjdk/jre/lib/sunrsasign.jar:/usr/lib/jvm/java-1.8-openjdk/jre/lib/jsse.jar:/usr/lib/jvm/java-1.8-openjdk/jre/lib/jce.jar:/usr/lib/jvm/java-1.8-openjdk/jre/lib/charsets.jar:/usr/lib/jvm/java-1.8-openjdk/jre/lib/jfr.jar:/usr/lib/jvm/java-1.8-openjdk/jre/classes"/>
    <property name="sun.management.compiler" value="HotSpot 64-Bit Tiered Compilers"/>
    <property name="java.runtime.version" value="1.8.0_212-b04"/>
    <property name="java.net.preferIPv4Stack" value="true"/>
    <property name="user.name" value="jenkins1000"/>
    <property name="path.separator" value=":"/>
    <property name="java.security.egd" value="file:///dev/urandom"/>
    <property name="os.version" value="3.10.0-957.12.2.el7.x86_64"/>
    <property name="java.endorsed.dirs" value="/usr/lib/jvm/java-1.8-openjdk/jre/lib/endorsed"/>
    <property name="java.runtime.name" value="OpenJDK Runtime Environment"/>
    <property name="file.encoding" value="UTF-8"/>
    <property name="java.vm.name" value="OpenJDK 64-Bit Server VM"/>
    <property name="test.build.webapps" value=""/>
    <property name="localRepository" value="/home/user/.m2/repository"/>
    <property name="java.vendor.url.bug" value="https://icedtea.classpath.org/bugzilla"/>
    <property name="java.io.tmpdir" value="/tmp"/>
    <property name="require.test.libhadoop" value=""/>
    <property name="java.version" value="1.8.0_212"/>
    <property name="user.dir" value="/tmp/workdir/hadoop-ozone/tools"/>
    <property name="os.arch" value="amd64"/>
    <property name="java.vm.specification.name" value="Java Virtual Machine Specification"/>
    <property name="test.build.classes" value="/tmp/workdir/hadoop-ozone/tools/target/test-classes"/>
    <property name="java.awt.printerjob" value="sun.print.PSPrinterJob"/>
    <property name="sun.os.patch.level" value="unknown"/>
    <property name="hadoop.tmp.dir" value="/tmp/workdir/hadoop-ozone/tools/target/tmp"/>
    <property name="java.library.path" value="/usr/lib/jvm/java-1.8-openjdk/jre/lib/amd64/server:/usr/lib/jvm/java-1.8-openjdk/jre/lib/amd64:/usr/lib/jvm/java-1.8-openjdk/jre/../lib/amd64:/tmp/workdir/hadoop-ozone/tools/target/native/target/usr/local/lib:/tmp/workdir/hadoop-ozone/tools/../../hadoop-common-project/hadoop-common/target/native/target/usr/local/lib:/usr/java/packages/lib/amd64:/usr/lib64:/lib64:/lib:/usr/lib"/>
    <property name="java.vm.info" value="mixed mode"/>
    <property name="java.vendor" value="IcedTea"/>
    <property name="java.vm.version" value="25.212-b04"/>
    <property name="java.ext.dirs" value="/usr/lib/jvm/java-1.8-openjdk/jre/lib/ext:/usr/java/packages/lib/ext"/>
    <property name="sun.io.unicode.encoding" value="UnicodeLittle"/>
    <property name="java.class.version" value="52.0"/>
  </properties>
  <testcase name="testRestart" classname="org.apache.hadoop.ozone.freon.TestFreonWithPipelineDestroy" time="19.168">
    <error message="Unexpected Storage Container Exception: org.apache.hadoop.hdds.scm.container.common.helpers.StorageContainerException: ContainerID 6 does not exist" type="java.io.IOException">java.io.IOException: Unexpected Storage Container Exception: org.apache.hadoop.hdds.scm.container.common.helpers.StorageContainerException: ContainerID 6 does not exist
	at org.apache.hadoop.hdds.scm.storage.BlockOutputStream.setIoException(BlockOutputStream.java:548)
	at org.apache.hadoop.hdds.scm.storage.BlockOutputStream.validateResponse(BlockOutputStream.java:539)
	at org.apache.hadoop.hdds.scm.storage.BlockOutputStream.lambda$writeChunkToContainer$2(BlockOutputStream.java:614)
	at java.util.concurrent.CompletableFuture.uniApply(CompletableFuture.java:602)
	at java.util.concurrent.CompletableFuture$UniApply.tryFire(CompletableFuture.java:577)
	at java.util.concurrent.CompletableFuture$Completion.run(CompletableFuture.java:442)
	at java.util.concurrent.ThreadPoolExecutor.runWorker(ThreadPoolExecutor.java:1149)
	at java.util.concurrent.ThreadPoolExecutor$Worker.run(ThreadPoolExecutor.java:624)
	at java.lang.Thread.run(Thread.java:748)
Caused by: org.apache.hadoop.hdds.scm.container.common.helpers.StorageContainerException: ContainerID 6 does not exist
	at org.apache.hadoop.hdds.scm.storage.ContainerProtocolCalls.validateContainerResponse(ContainerProtocolCalls.java:536)
	at org.apache.hadoop.hdds.scm.storage.BlockOutputStream.validateResponse(BlockOutputStream.java:536)
	... 7 more
</error>
    <system-out><![CDATA[2019-07-09 22:55:41,414 WARN  server.ServerUtils (ServerUtils.java:getScmDbDir(145)) - ozone.scm.db.dirs is not configured. We recommend adding this setting. Falling back to ozone.metadata.dirs instead.
2019-07-09 22:55:41,567 WARN  server.ServerUtils (ServerUtils.java:getScmDbDir(145)) - ozone.scm.db.dirs is not configured. We recommend adding this setting. Falling back to ozone.metadata.dirs instead.
2019-07-09 22:55:41,570 WARN  server.ServerUtils (ServerUtils.java:getScmDbDir(145)) - ozone.scm.db.dirs is not configured. We recommend adding this setting. Falling back to ozone.metadata.dirs instead.
2019-07-09 22:55:41,591 INFO  util.log (Log.java:initialized(192)) - Logging initialized @922ms
2019-07-09 22:55:41,692 INFO  db.DBStoreBuilder (DBStoreBuilder.java:addTable(110)) - using custom profile for table: deletedBlocks
2019-07-09 22:55:41,693 INFO  db.DBStoreBuilder (DBStoreBuilder.java:processTables(161)) - Using default column profile:DBProfile.DISK for Table:deletedBlocks
2019-07-09 22:55:41,693 INFO  db.DBStoreBuilder (DBStoreBuilder.java:addTable(110)) - using custom profile for table: validCerts
2019-07-09 22:55:41,693 INFO  db.DBStoreBuilder (DBStoreBuilder.java:processTables(161)) - Using default column profile:DBProfile.DISK for Table:validCerts
2019-07-09 22:55:41,694 INFO  db.DBStoreBuilder (DBStoreBuilder.java:addTable(110)) - using custom profile for table: revokedCerts
2019-07-09 22:55:41,694 INFO  db.DBStoreBuilder (DBStoreBuilder.java:processTables(161)) - Using default column profile:DBProfile.DISK for Table:revokedCerts
2019-07-09 22:55:41,706 INFO  db.DBStoreBuilder (DBStoreBuilder.java:addTable(110)) - using custom profile for table: default
2019-07-09 22:55:41,707 INFO  db.DBStoreBuilder (DBStoreBuilder.java:processTables(167)) - Using default column profile:DBProfile.DISK for Table:default
2019-07-09 22:55:41,708 INFO  db.DBStoreBuilder (DBStoreBuilder.java:getDbProfile(198)) - Using default options. DBProfile.DISK
2019-07-09 22:55:41,814 INFO  net.NodeSchemaLoader (NodeSchemaLoader.java:loadSchemaFromFile(125)) - Loading file from sun.misc.CompoundEnumeration@12b0404f
2019-07-09 22:55:41,816 INFO  net.NodeSchemaLoader (NodeSchemaLoader.java:loadSchema(171)) - Loading network topology layer schema file
2019-07-09 22:55:41,885 INFO  node.SCMNodeManager (SCMNodeManager.java:<init>(119)) - Entering startup safe mode.
2019-07-09 22:55:41,969 WARN  server.ServerUtils (ServerUtils.java:getScmDbDir(145)) - ozone.scm.db.dirs is not configured. We recommend adding this setting. Falling back to ozone.metadata.dirs instead.
2019-07-09 22:55:42,019 INFO  pipeline.SCMPipelineManager (SCMPipelineManager.java:initializePipelineState(126)) - No pipeline exists in current db
2019-07-09 22:55:42,022 WARN  server.ServerUtils (ServerUtils.java:getScmDbDir(145)) - ozone.scm.db.dirs is not configured. We recommend adding this setting. Falling back to ozone.metadata.dirs instead.
2019-07-09 22:55:42,098 WARN  events.EventQueue (EventQueue.java:fireEvent(175)) - No event handler registered for event TypedEvent{payloadType=SafeModeStatus, name='SafeModeStatus'}
2019-07-09 22:55:42,458 INFO  ipc.CallQueueManager (CallQueueManager.java:<init>(84)) - Using callQueue: class java.util.concurrent.LinkedBlockingQueue, queueCapacity: 2000, scheduler: class org.apache.hadoop.ipc.DefaultRpcScheduler, ipcBackoff: false.
2019-07-09 22:55:42,504 INFO  ipc.Server (Server.java:run(1074)) - Starting Socket Reader #1 for port 46199
2019-07-09 22:55:42,537 INFO  ipc.CallQueueManager (CallQueueManager.java:<init>(84)) - Using callQueue: class java.util.concurrent.LinkedBlockingQueue, queueCapacity: 2000, scheduler: class org.apache.hadoop.ipc.DefaultRpcScheduler, ipcBackoff: false.
2019-07-09 22:55:42,538 INFO  ipc.Server (Server.java:run(1074)) - Starting Socket Reader #1 for port 35675
2019-07-09 22:55:42,546 INFO  ipc.CallQueueManager (CallQueueManager.java:<init>(84)) - Using callQueue: class java.util.concurrent.LinkedBlockingQueue, queueCapacity: 2000, scheduler: class org.apache.hadoop.ipc.DefaultRpcScheduler, ipcBackoff: false.
2019-07-09 22:55:42,547 INFO  ipc.Server (Server.java:run(1074)) - Starting Socket Reader #1 for port 45413
2019-07-09 22:55:42,681 INFO  hdfs.DFSUtil (DFSUtil.java:httpServerTemplateForNNAndJN(1641)) - Starting Web-server for scm at: http://0.0.0.0:0
2019-07-09 22:55:42,841 INFO  server.AuthenticationFilter (AuthenticationFilter.java:constructSecretProvider(240)) - Unable to initialize FileSignerSecretProvider, falling back to use random secrets.
2019-07-09 22:55:42,859 WARN  http.HttpRequestLog (HttpRequestLog.java:getRequestLog(97)) - Jetty request log can only be enabled using Log4j
2019-07-09 22:55:42,867 INFO  http.HttpServer2 (HttpServer2.java:addGlobalFilter(975)) - Added global filter 'safety' (class=org.apache.hadoop.http.HttpServer2$QuotingInputFilter)
2019-07-09 22:55:42,870 INFO  http.HttpServer2 (HttpServer2.java:addFilter(948)) - Added filter static_user_filter (class=org.apache.hadoop.http.lib.StaticUserWebFilter$StaticUserFilter) to context scm
2019-07-09 22:55:42,870 INFO  http.HttpServer2 (HttpServer2.java:addFilter(958)) - Added filter static_user_filter (class=org.apache.hadoop.http.lib.StaticUserWebFilter$StaticUserFilter) to context logs
2019-07-09 22:55:42,871 INFO  http.HttpServer2 (HttpServer2.java:addFilter(958)) - Added filter static_user_filter (class=org.apache.hadoop.http.lib.StaticUserWebFilter$StaticUserFilter) to context static
2019-07-09 22:55:42,898 INFO  server.StorageContainerManager (StorageContainerManager.java:start(753)) - StorageContainerLocationProtocol RPC server is listening at /0.0.0.0:45413
2019-07-09 22:55:42,957 WARN  impl.MetricsConfig (MetricsConfig.java:loadFirst(134)) - Cannot locate configuration: tried hadoop-metrics2-storagecontainermanager.properties,hadoop-metrics2.properties
2019-07-09 22:55:42,971 INFO  impl.MetricsSystemImpl (MetricsSystemImpl.java:startTimer(374)) - Scheduled Metric snapshot period at 10 second(s).
2019-07-09 22:55:42,972 INFO  impl.MetricsSystemImpl (MetricsSystemImpl.java:start(191)) - StorageContainerManager metrics system started
2019-07-09 22:55:43,195 INFO  server.SCMClientProtocolServer (SCMClientProtocolServer.java:start(149)) - RPC server for Client  is listening at /0.0.0.0:45413
2019-07-09 22:55:43,196 INFO  ipc.Server (Server.java:run(1314)) - IPC Server Responder: starting
2019-07-09 22:55:43,197 INFO  ipc.Server (Server.java:run(1153)) - IPC Server listener on 45413: starting
2019-07-09 22:55:43,201 INFO  server.StorageContainerManager (StorageContainerManager.java:start(762)) - ScmBlockLocationProtocol RPC server is listening at /0.0.0.0:35675
2019-07-09 22:55:43,201 INFO  server.SCMBlockProtocolServer (SCMBlockProtocolServer.java:start(137)) - RPC server for Block Protocol is listening at /0.0.0.0:35675
2019-07-09 22:55:43,204 INFO  ipc.Server (Server.java:run(1314)) - IPC Server Responder: starting
2019-07-09 22:55:43,204 INFO  ipc.Server (Server.java:run(1153)) - IPC Server listener on 35675: starting
2019-07-09 22:55:43,213 INFO  server.StorageContainerManager (StorageContainerManager.java:start(766)) - ScmDatanodeProtocl RPC server is listening at /0.0.0.0:46199
2019-07-09 22:55:43,213 INFO  server.SCMDatanodeProtocolServer (SCMDatanodeProtocolServer.java:start(191)) - RPC server for DataNodes is listening at /0.0.0.0:46199
2019-07-09 22:55:43,214 INFO  ipc.Server (Server.java:run(1314)) - IPC Server Responder: starting
2019-07-09 22:55:43,215 INFO  ipc.Server (Server.java:run(1153)) - IPC Server listener on 46199: starting
2019-07-09 22:55:43,229 INFO  http.HttpServer2 (HttpServer2.java:bindListener(1191)) - Jetty bound to port 39361
2019-07-09 22:55:43,231 INFO  server.Server (Server.java:doStart(351)) - jetty-9.3.24.v20180605, build timestamp: 2018-06-05T17:11:56Z, git hash: 84205aa28f11a4f31f2a3b86d1bba2cc8ab69827
2019-07-09 22:55:43,270 INFO  handler.ContextHandler (ContextHandler.java:doStart(781)) - Started o.e.j.s.ServletContextHandler@413f69cc{/logs,file:///tmp/workdir/hadoop-ozone/tools/target/log,AVAILABLE}
2019-07-09 22:55:43,271 INFO  handler.ContextHandler (ContextHandler.java:doStart(781)) - Started o.e.j.s.ServletContextHandler@1b75c2e3{/static,file:///tmp/workdir/hadoop-hdds/server-scm/target/classes/webapps/static/,AVAILABLE}
2019-07-09 22:55:43,301 INFO  handler.ContextHandler (ContextHandler.java:doStart(781)) - Started o.e.j.w.WebAppContext@3918c187{/,file:///tmp/workdir/hadoop-hdds/server-scm/target/classes/webapps/scm/,AVAILABLE}{/scm}
2019-07-09 22:55:43,306 INFO  server.AbstractConnector (AbstractConnector.java:doStart(278)) - Started ServerConnector@11eadcba{HTTP/1.1,[http/1.1]}{0.0.0.0:39361}
2019-07-09 22:55:43,307 INFO  server.Server (Server.java:doStart(419)) - Started @2638ms
2019-07-09 22:55:43,308 INFO  server.BaseHttpServer (BaseHttpServer.java:updateConnectorAddress(207)) - HTTP server of SCM is listening at http://0.0.0.0:39361
2019-07-09 22:55:43,317 INFO  util.JvmPauseMonitor (JvmPauseMonitor.java:run(188)) - Starting JVM pause monitor
2019-07-09 22:55:43,318 WARN  server.ServerUtils (ServerUtils.java:getDBPath(222)) - ozone.om.db.dirs is not configured. We recommend adding this setting. Falling back to ozone.metadata.dirs instead.
2019-07-09 22:55:43,423 WARN  server.ServerUtils (ServerUtils.java:getDBPath(222)) - ozone.om.db.dirs is not configured. We recommend adding this setting. Falling back to ozone.metadata.dirs instead.
2019-07-09 22:55:43,424 INFO  om.OzoneManager (OzoneManager.java:setOMNodeDetails(621)) - OM Service ID is not set. Setting it to the default ID: omServiceIdDefault
2019-07-09 22:55:43,425 INFO  om.OzoneManager (OzoneManager.java:setOMNodeDetails(627)) - OM Node ID is not set. Setting it to the OmStorage's OmID: a54c8134-b26f-459a-8d2a-f9e67adc14c2
2019-07-09 22:55:43,426 INFO  om.OzoneManager (OzoneManager.java:loadOMHAConfigs(578)) - Found matching OM address with OMServiceId: null, OMNodeId: null, RPC Address: localhost:0 and Ratis port: 9872
2019-07-09 22:55:43,691 WARN  server.ServerUtils (ServerUtils.java:getDBPath(222)) - ozone.om.db.dirs is not configured. We recommend adding this setting. Falling back to ozone.metadata.dirs instead.
2019-07-09 22:55:43,703 INFO  db.DBStoreBuilder (DBStoreBuilder.java:addTable(110)) - using custom profile for table: userTable
2019-07-09 22:55:43,703 INFO  db.DBStoreBuilder (DBStoreBuilder.java:processTables(161)) - Using default column profile:DBProfile.DISK for Table:userTable
2019-07-09 22:55:43,703 INFO  db.DBStoreBuilder (DBStoreBuilder.java:addTable(110)) - using custom profile for table: volumeTable
2019-07-09 22:55:43,704 INFO  db.DBStoreBuilder (DBStoreBuilder.java:processTables(161)) - Using default column profile:DBProfile.DISK for Table:volumeTable
2019-07-09 22:55:43,704 INFO  db.DBStoreBuilder (DBStoreBuilder.java:addTable(110)) - using custom profile for table: bucketTable
2019-07-09 22:55:43,705 INFO  db.DBStoreBuilder (DBStoreBuilder.java:processTables(161)) - Using default column profile:DBProfile.DISK for Table:bucketTable
2019-07-09 22:55:43,705 INFO  db.DBStoreBuilder (DBStoreBuilder.java:addTable(110)) - using custom profile for table: keyTable
2019-07-09 22:55:43,705 INFO  db.DBStoreBuilder (DBStoreBuilder.java:processTables(161)) - Using default column profile:DBProfile.DISK for Table:keyTable
2019-07-09 22:55:43,706 INFO  db.DBStoreBuilder (DBStoreBuilder.java:addTable(110)) - using custom profile for table: deletedTable
2019-07-09 22:55:43,706 INFO  db.DBStoreBuilder (DBStoreBuilder.java:processTables(161)) - Using default column profile:DBProfile.DISK for Table:deletedTable
2019-07-09 22:55:43,707 INFO  db.DBStoreBuilder (DBStoreBuilder.java:addTable(110)) - using custom profile for table: openKeyTable
2019-07-09 22:55:43,707 INFO  db.DBStoreBuilder (DBStoreBuilder.java:processTables(161)) - Using default column profile:DBProfile.DISK for Table:openKeyTable
2019-07-09 22:55:43,708 INFO  db.DBStoreBuilder (DBStoreBuilder.java:addTable(110)) - using custom profile for table: s3Table
2019-07-09 22:55:43,708 INFO  db.DBStoreBuilder (DBStoreBuilder.java:processTables(161)) - Using default column profile:DBProfile.DISK for Table:s3Table
2019-07-09 22:55:43,708 INFO  db.DBStoreBuilder (DBStoreBuilder.java:addTable(110)) - using custom profile for table: multipartInfoTable
2019-07-09 22:55:43,709 INFO  db.DBStoreBuilder (DBStoreBuilder.java:processTables(161)) - Using default column profile:DBProfile.DISK for Table:multipartInfoTable
2019-07-09 22:55:43,709 INFO  db.DBStoreBuilder (DBStoreBuilder.java:addTable(110)) - using custom profile for table: dTokenTable
2019-07-09 22:55:43,709 INFO  db.DBStoreBuilder (DBStoreBuilder.java:processTables(161)) - Using default column profile:DBProfile.DISK for Table:dTokenTable
2019-07-09 22:55:43,710 INFO  db.DBStoreBuilder (DBStoreBuilder.java:addTable(110)) - using custom profile for table: s3SecretTable
2019-07-09 22:55:43,710 INFO  db.DBStoreBuilder (DBStoreBuilder.java:processTables(161)) - Using default column profile:DBProfile.DISK for Table:s3SecretTable
2019-07-09 22:55:43,711 INFO  db.DBStoreBuilder (DBStoreBuilder.java:addTable(110)) - using custom profile for table: prefixTable
2019-07-09 22:55:43,711 INFO  db.DBStoreBuilder (DBStoreBuilder.java:processTables(161)) - Using default column profile:DBProfile.DISK for Table:prefixTable
2019-07-09 22:55:43,711 INFO  db.DBStoreBuilder (DBStoreBuilder.java:addTable(110)) - using custom profile for table: default
2019-07-09 22:55:43,712 INFO  db.DBStoreBuilder (DBStoreBuilder.java:processTables(167)) - Using default column profile:DBProfile.DISK for Table:default
2019-07-09 22:55:43,712 INFO  db.DBStoreBuilder (DBStoreBuilder.java:getDbProfile(198)) - Using default options. DBProfile.DISK
2019-07-09 22:55:44,399 INFO  ipc.CallQueueManager (CallQueueManager.java:<init>(84)) - Using callQueue: class java.util.concurrent.LinkedBlockingQueue, queueCapacity: 2000, scheduler: class org.apache.hadoop.ipc.DefaultRpcScheduler, ipcBackoff: false.
2019-07-09 22:55:44,401 INFO  ipc.Server (Server.java:run(1074)) - Starting Socket Reader #1 for port 44980
2019-07-09 22:55:44,428 WARN  server.ServerUtils (ServerUtils.java:getDBPath(222)) - ozone.om.db.dirs is not configured. We recommend adding this setting. Falling back to ozone.metadata.dirs instead.
2019-07-09 22:55:44,429 INFO  om.OzoneManager (OzoneManager.java:start(1219)) - OzoneManager RPC server is listening at localhost/127.0.0.1:44980
2019-07-09 22:55:44,429 INFO  impl.MetricsSystemImpl (MetricsSystemImpl.java:init(158)) - OzoneManager metrics system started (again)
2019-07-09 22:55:44,431 INFO  ipc.Server (Server.java:run(1314)) - IPC Server Responder: starting
2019-07-09 22:55:44,432 INFO  ipc.Server (Server.java:run(1153)) - IPC Server listener on 44980: starting
2019-07-09 22:55:44,446 INFO  hdfs.DFSUtil (DFSUtil.java:httpServerTemplateForNNAndJN(1641)) - Starting Web-server for ozoneManager at: http://0.0.0.0:0
2019-07-09 22:55:44,448 INFO  server.AuthenticationFilter (AuthenticationFilter.java:constructSecretProvider(240)) - Unable to initialize FileSignerSecretProvider, falling back to use random secrets.
2019-07-09 22:55:44,449 WARN  http.HttpRequestLog (HttpRequestLog.java:getRequestLog(97)) - Jetty request log can only be enabled using Log4j
2019-07-09 22:55:44,450 INFO  http.HttpServer2 (HttpServer2.java:addGlobalFilter(975)) - Added global filter 'safety' (class=org.apache.hadoop.http.HttpServer2$QuotingInputFilter)
2019-07-09 22:55:44,451 INFO  http.HttpServer2 (HttpServer2.java:addFilter(948)) - Added filter static_user_filter (class=org.apache.hadoop.http.lib.StaticUserWebFilter$StaticUserFilter) to context ozoneManager
2019-07-09 22:55:44,451 INFO  http.HttpServer2 (HttpServer2.java:addFilter(958)) - Added filter static_user_filter (class=org.apache.hadoop.http.lib.StaticUserWebFilter$StaticUserFilter) to context static
2019-07-09 22:55:44,452 INFO  http.HttpServer2 (HttpServer2.java:addFilter(958)) - Added filter static_user_filter (class=org.apache.hadoop.http.lib.StaticUserWebFilter$StaticUserFilter) to context logs
2019-07-09 22:55:44,453 INFO  http.HttpServer2 (HttpServer2.java:bindListener(1191)) - Jetty bound to port 35053
2019-07-09 22:55:44,454 INFO  server.Server (Server.java:doStart(351)) - jetty-9.3.24.v20180605, build timestamp: 2018-06-05T17:11:56Z, git hash: 84205aa28f11a4f31f2a3b86d1bba2cc8ab69827
2019-07-09 22:55:44,455 INFO  handler.ContextHandler (ContextHandler.java:doStart(781)) - Started o.e.j.s.ServletContextHandler@85ec632{/logs,file:///tmp/workdir/hadoop-ozone/tools/target/log,AVAILABLE}
2019-07-09 22:55:44,456 INFO  handler.ContextHandler (ContextHandler.java:doStart(781)) - Started o.e.j.s.ServletContextHandler@65ef722a{/static,file:///tmp/workdir/hadoop-ozone/ozone-manager/target/classes/webapps/static/,AVAILABLE}
2019-07-09 22:55:44,461 INFO  handler.ContextHandler (ContextHandler.java:doStart(781)) - Started o.e.j.w.WebAppContext@1c65121{/,file:///tmp/workdir/hadoop-ozone/ozone-manager/target/classes/webapps/ozoneManager/,AVAILABLE}{/ozoneManager}
2019-07-09 22:55:44,461 INFO  server.AbstractConnector (AbstractConnector.java:doStart(278)) - Started ServerConnector@159e366{HTTP/1.1,[http/1.1]}{0.0.0.0:35053}
2019-07-09 22:55:44,461 INFO  server.Server (Server.java:doStart(419)) - Started @3793ms
2019-07-09 22:55:44,462 INFO  server.BaseHttpServer (BaseHttpServer.java:updateConnectorAddress(207)) - HTTP server of OZONEMANAGER is listening at http://0.0.0.0:35053
2019-07-09 22:55:44,600 INFO  impl.MetricsSystemImpl (MetricsSystemImpl.java:init(158)) - HddsDatanode metrics system started (again)
2019-07-09 22:55:44,870 INFO  ozone.HddsDatanodeService (HddsDatanodeService.java:start(185)) - HddsDatanodeService host:hdds1735-npks7-2624333216 ip:192.168.5.174
2019-07-09 22:55:44,905 INFO  volume.HddsVolume (HddsVolume.java:<init>(176)) - Creating Volume: /tmp/workdir/hadoop-ozone/tools/target/test-dir/MiniOzoneClusterImpl-6f134ab8-b19a-492c-ac21-b7e4face3262/datanode-0/data/containers/hdds of  storage type : DISK and capacity : 52710309888
2019-07-09 22:55:44,906 INFO  volume.VolumeSet (VolumeSet.java:initializeVolumeSet(170)) - Added Volume : /tmp/workdir/hadoop-ozone/tools/target/test-dir/MiniOzoneClusterImpl-6f134ab8-b19a-492c-ac21-b7e4face3262/datanode-0/data/containers/hdds to VolumeSet
2019-07-09 22:55:44,909 INFO  volume.ThrottledAsyncChecker (ThrottledAsyncChecker.java:schedule(140)) - Scheduling a check for org.apache.hadoop.ozone.container.common.volume.HddsVolume@3122b117
2019-07-09 22:55:44,928 INFO  volume.HddsVolumeChecker (HddsVolumeChecker.java:checkAllVolumes(203)) - Scheduled health check for volume org.apache.hadoop.ozone.container.common.volume.HddsVolume@3122b117
2019-07-09 22:55:44,973 INFO  ratis.XceiverServerRatis (XceiverServerRatis.java:newXceiverServerRatis(411)) - Found a free port for the server : 42375
2019-07-09 22:55:45,044 INFO  impl.RaftServerProxy (ConfUtils.java:logGet(43)) - raft.rpc.type = GRPC (default)
2019-07-09 22:55:45,114 INFO  grpc.GrpcFactory (GrpcFactory.java:checkPooledByteBufAllocatorUseCacheForAllThreads(45)) - PERFORMANCE WARNING: useCacheForAllThreads is true that may cause Netty to create a lot garbage objects and, as a result, trigger GC.
	It is recommended to disable useCacheForAllThreads by setting -Dorg.apache.ratis.thirdparty.io.netty.allocator.useCacheForAllThreads=false in command line.
2019-07-09 22:55:45,119 INFO  grpc.GrpcConfigKeys$Server (ConfUtils.java:logGet(43)) - raft.grpc.server.port = 42375 (custom)
2019-07-09 22:55:45,119 INFO  server.GrpcService (ConfUtils.java:logGet(43)) - raft.grpc.message.size.max = 33570816 (custom)
2019-07-09 22:55:45,121 INFO  server.RaftServerConfigKeys (ConfUtils.java:logGet(43)) - raft.server.log.appender.buffer.byte-limit = 33554432 (custom)
2019-07-09 22:55:45,122 INFO  server.GrpcService (ConfUtils.java:logGet(43)) - raft.grpc.flow.control.window = 1MB (=1048576) (default)
2019-07-09 22:55:45,122 INFO  server.RaftServerConfigKeys (ConfUtils.java:logGet(43)) - raft.server.rpc.request.timeout = 3000ms (default)
2019-07-09 22:55:45,292 INFO  server.RaftServerConfigKeys (ConfUtils.java:logGet(43)) - raft.server.storage.dir = [/tmp/workdir/hadoop-ozone/tools/target/test-dir/MiniOzoneClusterImpl-6f134ab8-b19a-492c-ac21-b7e4face3262/datanode-0/data/ratis] (custom)
2019-07-09 22:55:45,298 INFO  server.XceiverServerGrpc (XceiverServerGrpc.java:<init>(97)) - Found a free port for the server : 41522
2019-07-09 22:55:45,329 INFO  replication.SimpleContainerDownloader (SimpleContainerDownloader.java:<init>(72)) - Starting container downloader service to copy containers to replicate.
2019-07-09 22:55:45,353 INFO  hdfs.DFSUtil (DFSUtil.java:httpServerTemplateForNNAndJN(1641)) - Starting Web-server for hddsDatanode at: http://0.0.0.0:0
2019-07-09 22:55:45,355 INFO  server.AuthenticationFilter (AuthenticationFilter.java:constructSecretProvider(240)) - Unable to initialize FileSignerSecretProvider, falling back to use random secrets.
2019-07-09 22:55:45,356 WARN  http.HttpRequestLog (HttpRequestLog.java:getRequestLog(97)) - Jetty request log can only be enabled using Log4j
2019-07-09 22:55:45,360 INFO  http.HttpServer2 (HttpServer2.java:addGlobalFilter(975)) - Added global filter 'safety' (class=org.apache.hadoop.http.HttpServer2$QuotingInputFilter)
2019-07-09 22:55:45,361 INFO  http.HttpServer2 (HttpServer2.java:addFilter(948)) - Added filter static_user_filter (class=org.apache.hadoop.http.lib.StaticUserWebFilter$StaticUserFilter) to context hddsDatanode
2019-07-09 22:55:45,361 INFO  http.HttpServer2 (HttpServer2.java:addFilter(958)) - Added filter static_user_filter (class=org.apache.hadoop.http.lib.StaticUserWebFilter$StaticUserFilter) to context static
2019-07-09 22:55:45,362 INFO  http.HttpServer2 (HttpServer2.java:addFilter(958)) - Added filter static_user_filter (class=org.apache.hadoop.http.lib.StaticUserWebFilter$StaticUserFilter) to context logs
2019-07-09 22:55:45,363 INFO  http.HttpServer2 (HttpServer2.java:bindListener(1191)) - Jetty bound to port 45476
2019-07-09 22:55:45,363 INFO  server.Server (Server.java:doStart(351)) - jetty-9.3.24.v20180605, build timestamp: 2018-06-05T17:11:56Z, git hash: 84205aa28f11a4f31f2a3b86d1bba2cc8ab69827
2019-07-09 22:55:45,366 INFO  handler.ContextHandler (ContextHandler.java:doStart(781)) - Started o.e.j.s.ServletContextHandler@3f4cd155{/logs,file:///tmp/workdir/hadoop-ozone/tools/target/log,AVAILABLE}
2019-07-09 22:55:45,367 INFO  handler.ContextHandler (ContextHandler.java:doStart(781)) - Started o.e.j.s.ServletContextHandler@506dcf55{/static,file:///tmp/workdir/hadoop-hdds/container-service/target/classes/webapps/static,AVAILABLE}
2019-07-09 22:55:45,378 INFO  handler.ContextHandler (ContextHandler.java:doStart(781)) - Started o.e.j.w.WebAppContext@6145b81e{/,file:///tmp/workdir/hadoop-hdds/container-service/target/classes/webapps/hddsDatanode/,AVAILABLE}{/hddsDatanode}
2019-07-09 22:55:45,380 INFO  server.AbstractConnector (AbstractConnector.java:doStart(278)) - Started ServerConnector@64355120{HTTP/1.1,[http/1.1]}{0.0.0.0:45476}
2019-07-09 22:55:45,385 INFO  server.Server (Server.java:doStart(419)) - Started @4717ms
2019-07-09 22:55:45,387 INFO  server.BaseHttpServer (BaseHttpServer.java:updateConnectorAddress(207)) - HTTP server of HDDSDATANODE is listening at http://0.0.0.0:45476
2019-07-09 22:55:46,535 INFO  ozone.HddsDatanodeService (HddsDatanodeService.java:startPlugins(396)) - Started plug-in org.apache.hadoop.ozone.web.OzoneHddsDatanodeService@36920bd6
2019-07-09 22:55:46,539 INFO  impl.MetricsSystemImpl (MetricsSystemImpl.java:init(158)) - HddsDatanode metrics system started (again)
2019-07-09 22:55:46,540 INFO  ozone.HddsDatanodeService (HddsDatanodeService.java:start(185)) - HddsDatanodeService host:hdds1735-npks7-2624333216 ip:192.168.5.174
2019-07-09 22:55:46,546 INFO  util.JvmPauseMonitor (JvmPauseMonitor.java:run(188)) - Starting JVM pause monitor
2019-07-09 22:55:46,553 INFO  volume.HddsVolume (HddsVolume.java:<init>(176)) - Creating Volume: /tmp/workdir/hadoop-ozone/tools/target/test-dir/MiniOzoneClusterImpl-6f134ab8-b19a-492c-ac21-b7e4face3262/datanode-1/data/containers/hdds of  storage type : DISK and capacity : 52710309888
2019-07-09 22:55:46,553 INFO  volume.VolumeSet (VolumeSet.java:initializeVolumeSet(170)) - Added Volume : /tmp/workdir/hadoop-ozone/tools/target/test-dir/MiniOzoneClusterImpl-6f134ab8-b19a-492c-ac21-b7e4face3262/datanode-1/data/containers/hdds to VolumeSet
2019-07-09 22:55:46,554 INFO  volume.ThrottledAsyncChecker (ThrottledAsyncChecker.java:schedule(140)) - Scheduling a check for org.apache.hadoop.ozone.container.common.volume.HddsVolume@208f0007
2019-07-09 22:55:46,555 INFO  volume.HddsVolumeChecker (HddsVolumeChecker.java:checkAllVolumes(203)) - Scheduled health check for volume org.apache.hadoop.ozone.container.common.volume.HddsVolume@208f0007
2019-07-09 22:55:46,575 INFO  ratis.XceiverServerRatis (XceiverServerRatis.java:newXceiverServerRatis(411)) - Found a free port for the server : 41751
2019-07-09 22:55:46,579 INFO  impl.RaftServerProxy (ConfUtils.java:logGet(43)) - raft.rpc.type = GRPC (default)
2019-07-09 22:55:46,579 INFO  grpc.GrpcFactory (GrpcFactory.java:checkPooledByteBufAllocatorUseCacheForAllThreads(45)) - PERFORMANCE WARNING: useCacheForAllThreads is true that may cause Netty to create a lot garbage objects and, as a result, trigger GC.
	It is recommended to disable useCacheForAllThreads by setting -Dorg.apache.ratis.thirdparty.io.netty.allocator.useCacheForAllThreads=false in command line.
2019-07-09 22:55:46,579 INFO  grpc.GrpcConfigKeys$Server (ConfUtils.java:logGet(43)) - raft.grpc.server.port = 41751 (custom)
2019-07-09 22:55:46,580 INFO  server.GrpcService (ConfUtils.java:logGet(43)) - raft.grpc.message.size.max = 33570816 (custom)
2019-07-09 22:55:46,580 INFO  server.RaftServerConfigKeys (ConfUtils.java:logGet(43)) - raft.server.log.appender.buffer.byte-limit = 33554432 (custom)
2019-07-09 22:55:46,580 INFO  server.GrpcService (ConfUtils.java:logGet(43)) - raft.grpc.flow.control.window = 1MB (=1048576) (default)
2019-07-09 22:55:46,580 INFO  server.RaftServerConfigKeys (ConfUtils.java:logGet(43)) - raft.server.rpc.request.timeout = 3000ms (default)
2019-07-09 22:55:46,581 INFO  server.RaftServerConfigKeys (ConfUtils.java:logGet(43)) - raft.server.storage.dir = [/tmp/workdir/hadoop-ozone/tools/target/test-dir/MiniOzoneClusterImpl-6f134ab8-b19a-492c-ac21-b7e4face3262/datanode-1/data/ratis] (custom)
2019-07-09 22:55:46,582 INFO  server.XceiverServerGrpc (XceiverServerGrpc.java:<init>(97)) - Found a free port for the server : 44104
2019-07-09 22:55:46,582 INFO  replication.SimpleContainerDownloader (SimpleContainerDownloader.java:<init>(72)) - Starting container downloader service to copy containers to replicate.
2019-07-09 22:55:46,584 INFO  hdfs.DFSUtil (DFSUtil.java:httpServerTemplateForNNAndJN(1641)) - Starting Web-server for hddsDatanode at: http://0.0.0.0:0
2019-07-09 22:55:46,588 INFO  server.AuthenticationFilter (AuthenticationFilter.java:constructSecretProvider(240)) - Unable to initialize FileSignerSecretProvider, falling back to use random secrets.
2019-07-09 22:55:46,590 WARN  http.HttpRequestLog (HttpRequestLog.java:getRequestLog(97)) - Jetty request log can only be enabled using Log4j
2019-07-09 22:55:46,594 INFO  http.HttpServer2 (HttpServer2.java:addGlobalFilter(975)) - Added global filter 'safety' (class=org.apache.hadoop.http.HttpServer2$QuotingInputFilter)
2019-07-09 22:55:46,595 INFO  http.HttpServer2 (HttpServer2.java:addFilter(948)) - Added filter static_user_filter (class=org.apache.hadoop.http.lib.StaticUserWebFilter$StaticUserFilter) to context hddsDatanode
2019-07-09 22:55:46,595 INFO  http.HttpServer2 (HttpServer2.java:addFilter(958)) - Added filter static_user_filter (class=org.apache.hadoop.http.lib.StaticUserWebFilter$StaticUserFilter) to context logs
2019-07-09 22:55:46,596 INFO  http.HttpServer2 (HttpServer2.java:addFilter(958)) - Added filter static_user_filter (class=org.apache.hadoop.http.lib.StaticUserWebFilter$StaticUserFilter) to context static
2019-07-09 22:55:46,597 INFO  http.HttpServer2 (HttpServer2.java:bindListener(1191)) - Jetty bound to port 44777
2019-07-09 22:55:46,598 INFO  server.Server (Server.java:doStart(351)) - jetty-9.3.24.v20180605, build timestamp: 2018-06-05T17:11:56Z, git hash: 84205aa28f11a4f31f2a3b86d1bba2cc8ab69827
2019-07-09 22:55:46,602 INFO  handler.ContextHandler (ContextHandler.java:doStart(781)) - Started o.e.j.s.ServletContextHandler@51dae791{/logs,file:///tmp/workdir/hadoop-ozone/tools/target/log,AVAILABLE}
2019-07-09 22:55:46,603 INFO  handler.ContextHandler (ContextHandler.java:doStart(781)) - Started o.e.j.s.ServletContextHandler@5de5e95{/static,file:///tmp/workdir/hadoop-hdds/container-service/target/classes/webapps/static,AVAILABLE}
2019-07-09 22:55:46,610 INFO  handler.ContextHandler (ContextHandler.java:doStart(781)) - Started o.e.j.w.WebAppContext@34c70b5e{/,file:///tmp/workdir/hadoop-hdds/container-service/target/classes/webapps/hddsDatanode/,AVAILABLE}{/hddsDatanode}
2019-07-09 22:55:46,611 INFO  server.AbstractConnector (AbstractConnector.java:doStart(278)) - Started ServerConnector@4f2d995e{HTTP/1.1,[http/1.1]}{0.0.0.0:44777}
2019-07-09 22:55:46,611 INFO  server.Server (Server.java:doStart(419)) - Started @5943ms
2019-07-09 22:55:46,613 INFO  server.BaseHttpServer (BaseHttpServer.java:updateConnectorAddress(207)) - HTTP server of HDDSDATANODE is listening at http://0.0.0.0:44777
2019-07-09 22:55:46,684 INFO  datanode.InitDatanodeState (InitDatanodeState.java:persistContainerDatanodeDetails(140)) - DatanodeDetails is persisted to /tmp/workdir/hadoop-ozone/tools/target/test-dir/MiniOzoneClusterImpl-6f134ab8-b19a-492c-ac21-b7e4face3262/datanode-0/meta/datanode.id
2019-07-09 22:55:46,802 INFO  ozone.HddsDatanodeService (HddsDatanodeService.java:startPlugins(396)) - Started plug-in org.apache.hadoop.ozone.web.OzoneHddsDatanodeService@696db620
2019-07-09 22:55:46,803 INFO  impl.MetricsSystemImpl (MetricsSystemImpl.java:init(158)) - HddsDatanode metrics system started (again)
2019-07-09 22:55:46,803 INFO  ozone.HddsDatanodeService (HddsDatanodeService.java:start(185)) - HddsDatanodeService host:hdds1735-npks7-2624333216 ip:192.168.5.174
2019-07-09 22:55:46,805 INFO  util.JvmPauseMonitor (JvmPauseMonitor.java:run(188)) - Starting JVM pause monitor
2019-07-09 22:55:46,814 INFO  volume.HddsVolume (HddsVolume.java:<init>(176)) - Creating Volume: /tmp/workdir/hadoop-ozone/tools/target/test-dir/MiniOzoneClusterImpl-6f134ab8-b19a-492c-ac21-b7e4face3262/datanode-2/data/containers/hdds of  storage type : DISK and capacity : 52710309888
2019-07-09 22:55:46,814 INFO  volume.VolumeSet (VolumeSet.java:initializeVolumeSet(170)) - Added Volume : /tmp/workdir/hadoop-ozone/tools/target/test-dir/MiniOzoneClusterImpl-6f134ab8-b19a-492c-ac21-b7e4face3262/datanode-2/data/containers/hdds to VolumeSet
2019-07-09 22:55:46,815 INFO  volume.ThrottledAsyncChecker (ThrottledAsyncChecker.java:schedule(140)) - Scheduling a check for org.apache.hadoop.ozone.container.common.volume.HddsVolume@12a470dd
2019-07-09 22:55:46,815 INFO  datanode.InitDatanodeState (InitDatanodeState.java:persistContainerDatanodeDetails(140)) - DatanodeDetails is persisted to /tmp/workdir/hadoop-ozone/tools/target/test-dir/MiniOzoneClusterImpl-6f134ab8-b19a-492c-ac21-b7e4face3262/datanode-1/meta/datanode.id
2019-07-09 22:55:46,816 INFO  volume.HddsVolumeChecker (HddsVolumeChecker.java:checkAllVolumes(203)) - Scheduled health check for volume org.apache.hadoop.ozone.container.common.volume.HddsVolume@12a470dd
2019-07-09 22:55:46,832 INFO  ratis.XceiverServerRatis (XceiverServerRatis.java:newXceiverServerRatis(411)) - Found a free port for the server : 41904
2019-07-09 22:55:46,834 INFO  impl.RaftServerProxy (ConfUtils.java:logGet(43)) - raft.rpc.type = GRPC (default)
2019-07-09 22:55:46,834 INFO  grpc.GrpcFactory (GrpcFactory.java:checkPooledByteBufAllocatorUseCacheForAllThreads(45)) - PERFORMANCE WARNING: useCacheForAllThreads is true that may cause Netty to create a lot garbage objects and, as a result, trigger GC.
	It is recommended to disable useCacheForAllThreads by setting -Dorg.apache.ratis.thirdparty.io.netty.allocator.useCacheForAllThreads=false in command line.
2019-07-09 22:55:46,834 INFO  grpc.GrpcConfigKeys$Server (ConfUtils.java:logGet(43)) - raft.grpc.server.port = 41904 (custom)
2019-07-09 22:55:46,834 INFO  server.GrpcService (ConfUtils.java:logGet(43)) - raft.grpc.message.size.max = 33570816 (custom)
2019-07-09 22:55:46,835 INFO  server.RaftServerConfigKeys (ConfUtils.java:logGet(43)) - raft.server.log.appender.buffer.byte-limit = 33554432 (custom)
2019-07-09 22:55:46,835 INFO  server.GrpcService (ConfUtils.java:logGet(43)) - raft.grpc.flow.control.window = 1MB (=1048576) (default)
2019-07-09 22:55:46,835 INFO  server.RaftServerConfigKeys (ConfUtils.java:logGet(43)) - raft.server.rpc.request.timeout = 3000ms (default)
2019-07-09 22:55:46,836 INFO  server.RaftServerConfigKeys (ConfUtils.java:logGet(43)) - raft.server.storage.dir = [/tmp/workdir/hadoop-ozone/tools/target/test-dir/MiniOzoneClusterImpl-6f134ab8-b19a-492c-ac21-b7e4face3262/datanode-2/data/ratis] (custom)
2019-07-09 22:55:46,837 INFO  server.XceiverServerGrpc (XceiverServerGrpc.java:<init>(97)) - Found a free port for the server : 46552
2019-07-09 22:55:46,837 INFO  replication.SimpleContainerDownloader (SimpleContainerDownloader.java:<init>(72)) - Starting container downloader service to copy containers to replicate.
2019-07-09 22:55:46,839 INFO  hdfs.DFSUtil (DFSUtil.java:httpServerTemplateForNNAndJN(1641)) - Starting Web-server for hddsDatanode at: http://0.0.0.0:0
2019-07-09 22:55:46,840 INFO  server.AuthenticationFilter (AuthenticationFilter.java:constructSecretProvider(240)) - Unable to initialize FileSignerSecretProvider, falling back to use random secrets.
2019-07-09 22:55:46,841 WARN  http.HttpRequestLog (HttpRequestLog.java:getRequestLog(97)) - Jetty request log can only be enabled using Log4j
2019-07-09 22:55:46,843 INFO  http.HttpServer2 (HttpServer2.java:addGlobalFilter(975)) - Added global filter 'safety' (class=org.apache.hadoop.http.HttpServer2$QuotingInputFilter)
2019-07-09 22:55:46,843 INFO  http.HttpServer2 (HttpServer2.java:addFilter(948)) - Added filter static_user_filter (class=org.apache.hadoop.http.lib.StaticUserWebFilter$StaticUserFilter) to context hddsDatanode
2019-07-09 22:55:46,843 INFO  http.HttpServer2 (HttpServer2.java:addFilter(958)) - Added filter static_user_filter (class=org.apache.hadoop.http.lib.StaticUserWebFilter$StaticUserFilter) to context static
2019-07-09 22:55:46,844 INFO  http.HttpServer2 (HttpServer2.java:addFilter(958)) - Added filter static_user_filter (class=org.apache.hadoop.http.lib.StaticUserWebFilter$StaticUserFilter) to context logs
2019-07-09 22:55:46,844 INFO  http.HttpServer2 (HttpServer2.java:bindListener(1191)) - Jetty bound to port 33971
2019-07-09 22:55:46,845 INFO  server.Server (Server.java:doStart(351)) - jetty-9.3.24.v20180605, build timestamp: 2018-06-05T17:11:56Z, git hash: 84205aa28f11a4f31f2a3b86d1bba2cc8ab69827
2019-07-09 22:55:46,849 INFO  handler.ContextHandler (ContextHandler.java:doStart(781)) - Started o.e.j.s.ServletContextHandler@3a3ed300{/logs,file:///tmp/workdir/hadoop-ozone/tools/target/log,AVAILABLE}
2019-07-09 22:55:46,850 INFO  handler.ContextHandler (ContextHandler.java:doStart(781)) - Started o.e.j.s.ServletContextHandler@39f5b723{/static,file:///tmp/workdir/hadoop-hdds/container-service/target/classes/webapps/static,AVAILABLE}
2019-07-09 22:55:46,854 INFO  handler.ContextHandler (ContextHandler.java:doStart(781)) - Started o.e.j.w.WebAppContext@16736040{/,file:///tmp/workdir/hadoop-hdds/container-service/target/classes/webapps/hddsDatanode/,AVAILABLE}{/hddsDatanode}
2019-07-09 22:55:46,854 INFO  server.AbstractConnector (AbstractConnector.java:doStart(278)) - Started ServerConnector@7c5d1d25{HTTP/1.1,[http/1.1]}{0.0.0.0:33971}
2019-07-09 22:55:46,855 INFO  server.Server (Server.java:doStart(419)) - Started @6187ms
2019-07-09 22:55:46,856 INFO  server.BaseHttpServer (BaseHttpServer.java:updateConnectorAddress(207)) - HTTP server of HDDSDATANODE is listening at http://0.0.0.0:33971
2019-07-09 22:55:46,997 INFO  ozone.HddsDatanodeService (HddsDatanodeService.java:startPlugins(396)) - Started plug-in org.apache.hadoop.ozone.web.OzoneHddsDatanodeService@62cba181
2019-07-09 22:55:46,999 INFO  ozone.MiniOzoneClusterImpl (MiniOzoneClusterImpl.java:lambda$waitForClusterToBeReady$0(142)) - Waiting for cluster to be ready. Got 0 of 3 DN Heartbeats.
2019-07-09 22:55:47,000 INFO  util.JvmPauseMonitor (JvmPauseMonitor.java:run(188)) - Starting JVM pause monitor
2019-07-09 22:55:47,004 INFO  datanode.InitDatanodeState (InitDatanodeState.java:persistContainerDatanodeDetails(140)) - DatanodeDetails is persisted to /tmp/workdir/hadoop-ozone/tools/target/test-dir/MiniOzoneClusterImpl-6f134ab8-b19a-492c-ac21-b7e4face3262/datanode-2/meta/datanode.id
2019-07-09 22:55:47,999 INFO  ozone.MiniOzoneClusterImpl (MiniOzoneClusterImpl.java:lambda$waitForClusterToBeReady$0(142)) - Waiting for cluster to be ready. Got 0 of 3 DN Heartbeats.
2019-07-09 22:55:48,619 INFO  ozoneimpl.OzoneContainer (OzoneContainer.java:start(186)) - Attempting to start container services.
2019-07-09 22:55:48,621 INFO  ozoneimpl.OzoneContainer (OzoneContainer.java:startContainerScrub(160)) - Background container scrubber has been disabled by hdds.containerscrub.enabled
2019-07-09 22:55:48,621 INFO  ratis.XceiverServerRatis (XceiverServerRatis.java:start(428)) - Starting XceiverServerRatis 2ed48bc2-5366-440c-82d9-bb883356c541 at port 42375
2019-07-09 22:55:48,652 INFO  impl.RaftServerProxy (RaftServerProxy.java:lambda$start$3(299)) - 2ed48bc2-5366-440c-82d9-bb883356c541: start RPC server
2019-07-09 22:55:48,791 INFO  server.GrpcService (GrpcService.java:startImpl(149)) - 2ed48bc2-5366-440c-82d9-bb883356c541: GrpcService started, listening on 0.0.0.0/0.0.0.0:42375
2019-07-09 22:55:48,820 INFO  ozoneimpl.OzoneContainer (OzoneContainer.java:start(186)) - Attempting to start container services.
2019-07-09 22:55:48,823 INFO  ozoneimpl.OzoneContainer (OzoneContainer.java:startContainerScrub(160)) - Background container scrubber has been disabled by hdds.containerscrub.enabled
2019-07-09 22:55:48,823 INFO  ratis.XceiverServerRatis (XceiverServerRatis.java:start(428)) - Starting XceiverServerRatis 6503dcd8-eb35-4da4-96ba-ea64ed1fa179 at port 41751
2019-07-09 22:55:48,836 INFO  impl.RaftServerProxy (RaftServerProxy.java:lambda$start$3(299)) - 6503dcd8-eb35-4da4-96ba-ea64ed1fa179: start RPC server
2019-07-09 22:55:48,840 INFO  server.GrpcService (GrpcService.java:startImpl(149)) - 6503dcd8-eb35-4da4-96ba-ea64ed1fa179: GrpcService started, listening on 0.0.0.0/0.0.0.0:41751
2019-07-09 22:55:49,000 INFO  ozone.MiniOzoneClusterImpl (MiniOzoneClusterImpl.java:lambda$waitForClusterToBeReady$0(142)) - Waiting for cluster to be ready. Got 0 of 3 DN Heartbeats.
2019-07-09 22:55:49,011 INFO  ozoneimpl.OzoneContainer (OzoneContainer.java:start(186)) - Attempting to start container services.
2019-07-09 22:55:49,013 INFO  ozoneimpl.OzoneContainer (OzoneContainer.java:startContainerScrub(160)) - Background container scrubber has been disabled by hdds.containerscrub.enabled
2019-07-09 22:55:49,013 INFO  ratis.XceiverServerRatis (XceiverServerRatis.java:start(428)) - Starting XceiverServerRatis 0f5b7def-5559-46f7-9d41-828685c9005a at port 41904
2019-07-09 22:55:49,029 INFO  impl.RaftServerProxy (RaftServerProxy.java:lambda$start$3(299)) - 0f5b7def-5559-46f7-9d41-828685c9005a: start RPC server
2019-07-09 22:55:49,032 INFO  server.GrpcService (GrpcService.java:startImpl(149)) - 0f5b7def-5559-46f7-9d41-828685c9005a: GrpcService started, listening on 0.0.0.0/0.0.0.0:41904
2019-07-09 22:55:50,002 INFO  ozone.MiniOzoneClusterImpl (MiniOzoneClusterImpl.java:lambda$waitForClusterToBeReady$0(142)) - Waiting for cluster to be ready. Got 0 of 3 DN Heartbeats.
2019-07-09 22:55:50,593 INFO  net.NetworkTopology (NetworkTopologyImpl.java:add(109)) - Added a new node: /default-rack/192.168.5.174
2019-07-09 22:55:50,594 INFO  node.SCMNodeManager (SCMNodeManager.java:register(268)) - Registered Data node : 2ed48bc2-5366-440c-82d9-bb883356c541{ip: 192.168.5.174, host: hdds1735-npks7-2624333216, networkLocation: /default-rack, certSerialId: null}
2019-07-09 22:55:50,601 INFO  safemode.SCMSafeModeManager (DataNodeSafeModeRule.java:process(71)) - SCM in safe mode. 1 DataNodes registered, 1 required.
2019-07-09 22:55:50,601 INFO  safemode.SCMSafeModeManager (SCMSafeModeManager.java:validateSafeModeExitRules(177)) - ScmSafeModeManager, all rules are successfully validated
2019-07-09 22:55:50,601 INFO  safemode.SCMSafeModeManager (SCMSafeModeManager.java:exitSafeMode(193)) - SCM exiting safe mode.
2019-07-09 22:55:50,808 INFO  node.SCMNodeManager (SCMNodeManager.java:register(268)) - Registered Data node : 6503dcd8-eb35-4da4-96ba-ea64ed1fa179{ip: 192.168.5.174, host: hdds1735-npks7-2624333216, networkLocation: /default-rack, certSerialId: null}
2019-07-09 22:55:51,003 INFO  ozone.MiniOzoneClusterImpl (MiniOzoneClusterImpl.java:lambda$waitForClusterToBeReady$0(142)) - Waiting for cluster to be ready. Got 2 of 3 DN Heartbeats.
2019-07-09 22:55:51,004 INFO  node.SCMNodeManager (SCMNodeManager.java:register(268)) - Registered Data node : 0f5b7def-5559-46f7-9d41-828685c9005a{ip: 192.168.5.174, host: hdds1735-npks7-2624333216, networkLocation: /default-rack, certSerialId: null}
2019-07-09 22:55:51,207 INFO  impl.RaftServerProxy (RaftServerProxy.java:addNew(89)) - 2ed48bc2-5366-440c-82d9-bb883356c541: addNew group-DBA1F9A27B62:[2ed48bc2-5366-440c-82d9-bb883356c541:192.168.5.174:42375] returns group-DBA1F9A27B62:java.util.concurrent.CompletableFuture@44f5ec37[Not completed]
2019-07-09 22:55:51,224 INFO  impl.RaftServerImpl (RaftServerImpl.java:<init>(93)) - 2ed48bc2-5366-440c-82d9-bb883356c541: new RaftServerImpl for group-DBA1F9A27B62:[2ed48bc2-5366-440c-82d9-bb883356c541:192.168.5.174:42375] with ContainerStateMachine:uninitialized
2019-07-09 22:55:51,227 INFO  server.RaftServerConfigKeys (ConfUtils.java:logGet(43)) - raft.server.rpc.timeout.min = 1s (custom)
2019-07-09 22:55:51,228 INFO  server.RaftServerConfigKeys (ConfUtils.java:logGet(43)) - raft.server.rpc.timeout.max = 1200ms (custom)
2019-07-09 22:55:51,228 INFO  server.RaftServerConfigKeys (ConfUtils.java:logGet(43)) - raft.server.rpcslowness.timeout = 120s (custom)
2019-07-09 22:55:51,230 INFO  server.RaftServerConfigKeys (ConfUtils.java:logGet(43)) - raft.server.sleep.deviation.threshold = 300 (default)
2019-07-09 22:55:51,231 INFO  server.RaftServerConfigKeys (ConfUtils.java:logGet(43)) - raft.server.log.appender.install.snapshot.enabled = false (custom)
2019-07-09 22:55:51,241 INFO  impl.RaftServerImpl (ServerState.java:<init>(105)) - 2ed48bc2-5366-440c-82d9-bb883356c541:group-DBA1F9A27B62 ConfigurationManager, init=-1: [2ed48bc2-5366-440c-82d9-bb883356c541:192.168.5.174:42375], old=null, confs=<EMPTY_MAP>
2019-07-09 22:55:51,242 INFO  server.RaftServerConfigKeys (ConfUtils.java:logGet(43)) - raft.server.storage.dir = [/tmp/workdir/hadoop-ozone/tools/target/test-dir/MiniOzoneClusterImpl-6f134ab8-b19a-492c-ac21-b7e4face3262/datanode-0/data/ratis] (custom)
2019-07-09 22:55:51,252 INFO  storage.RaftStorageDirectory (RaftStorageDirectory.java:analyzeStorage(246)) - The storage directory /tmp/workdir/hadoop-ozone/tools/target/test-dir/MiniOzoneClusterImpl-6f134ab8-b19a-492c-ac21-b7e4face3262/datanode-0/data/ratis/fc7ea990-1f19-4c9a-8d97-dba1f9a27b62 does not exist. Creating ...
2019-07-09 22:55:51,269 INFO  storage.RaftStorageDirectory (RaftStorageDirectory.java:tryLock(328)) - Lock on /tmp/workdir/hadoop-ozone/tools/target/test-dir/MiniOzoneClusterImpl-6f134ab8-b19a-492c-ac21-b7e4face3262/datanode-0/data/ratis/fc7ea990-1f19-4c9a-8d97-dba1f9a27b62/in_use.lock acquired by nodename 22493@hdds1735-npks7-2624333216
2019-07-09 22:55:51,275 INFO  storage.RaftStorage (RaftStorage.java:format(72)) - Storage directory /tmp/workdir/hadoop-ozone/tools/target/test-dir/MiniOzoneClusterImpl-6f134ab8-b19a-492c-ac21-b7e4face3262/datanode-0/data/ratis/fc7ea990-1f19-4c9a-8d97-dba1f9a27b62 has been successfully formatted.
2019-07-09 22:55:51,278 INFO  ratis.ContainerStateMachine (ContainerStateMachine.java:loadSnapshot(198)) - The snapshot info is null.Setting the last applied index to:(t:0, i:~)
2019-07-09 22:55:51,278 INFO  server.RaftServerConfigKeys (ConfUtils.java:logGet(43)) - raft.server.leader.election.timeout = 120s (custom)
2019-07-09 22:55:51,281 INFO  server.RaftServerConfigKeys (ConfUtils.java:logGet(43)) - raft.server.log.use.memory = false (default)
2019-07-09 22:55:51,288 INFO  server.RaftServerConfigKeys (ConfUtils.java:logGet(43)) - raft.server.log.purge.gap = 1000000000 (custom)
2019-07-09 22:55:51,288 INFO  server.RaftServerConfigKeys (ConfUtils.java:logGet(43)) - raft.server.log.appender.buffer.byte-limit = 33554432 (custom)
2019-07-09 22:55:51,290 INFO  server.RaftServerConfigKeys (ConfUtils.java:logGet(43)) - raft.server.log.segment.size.max = 1048576 (custom)
2019-07-09 22:55:51,296 INFO  server.RaftServerConfigKeys (ConfUtils.java:logGet(43)) - raft.server.log.segment.cache.num.max = 2 (custom)
2019-07-09 22:55:51,303 INFO  segmented.SegmentedRaftLogWorker (SegmentedRaftLogWorker.java:<init>(172)) - new 2ed48bc2-5366-440c-82d9-bb883356c541-SegmentedRaftLogWorker:Storage Directory /tmp/workdir/hadoop-ozone/tools/target/test-dir/MiniOzoneClusterImpl-6f134ab8-b19a-492c-ac21-b7e4face3262/datanode-0/data/ratis/fc7ea990-1f19-4c9a-8d97-dba1f9a27b62 for RaftStorage:Storage Directory /tmp/workdir/hadoop-ozone/tools/target/test-dir/MiniOzoneClusterImpl-6f134ab8-b19a-492c-ac21-b7e4face3262/datanode-0/data/ratis/fc7ea990-1f19-4c9a-8d97-dba1f9a27b62
2019-07-09 22:55:51,319 INFO  server.RaftServerConfigKeys (ConfUtils.java:logGet(43)) - raft.server.log.queue.byte-limit = 2147483647 (custom)
2019-07-09 22:55:51,320 INFO  server.RaftServerConfigKeys (ConfUtils.java:logGet(43)) - raft.server.log.queue.element-limit = 1024 (custom)
2019-07-09 22:55:51,326 INFO  server.RaftServerConfigKeys (ConfUtils.java:logGet(43)) - raft.server.log.segment.size.max = 1048576 (custom)
2019-07-09 22:55:51,326 INFO  server.RaftServerConfigKeys (ConfUtils.java:logGet(43)) - raft.server.log.preallocated.size = 16384 (custom)
2019-07-09 22:55:51,327 INFO  server.RaftServerConfigKeys (ConfUtils.java:logGet(43)) - raft.server.log.write.buffer.size = 33554432 (custom)
2019-07-09 22:55:51,327 INFO  server.RaftServerConfigKeys (ConfUtils.java:logGet(43)) - raft.server.log.force.sync.num = 128 (default)
2019-07-09 22:55:51,328 INFO  server.RaftServerConfigKeys (ConfUtils.java:logGet(43)) - raft.server.log.statemachine.data.sync = true (default)
2019-07-09 22:55:51,329 INFO  server.RaftServerConfigKeys (ConfUtils.java:logGet(43)) - raft.server.log.statemachine.data.sync.timeout = 10s (default)
2019-07-09 22:55:51,329 INFO  server.RaftServerConfigKeys (ConfUtils.java:logGet(43)) - raft.server.log.statemachine.data.sync.timeout.retry = -1 (default)
2019-07-09 22:55:51,342 INFO  server.RaftServerConfigKeys (ConfUtils.java:logGet(43)) - raft.server.log.statemachine.data.caching.enabled = true (custom)
2019-07-09 22:55:51,347 INFO  segmented.SegmentedRaftLogWorker (SegmentedRaftLogWorker.java:lambda$new$0(132)) - 2ed48bc2-5366-440c-82d9-bb883356c541-SegmentedRaftLogWorker:Storage Directory /tmp/workdir/hadoop-ozone/tools/target/test-dir/MiniOzoneClusterImpl-6f134ab8-b19a-492c-ac21-b7e4face3262/datanode-0/data/ratis/fc7ea990-1f19-4c9a-8d97-dba1f9a27b62: flushIndex: setUnconditionally 0 -> -1
2019-07-09 22:55:51,351 INFO  server.RaftServerConfigKeys (ConfUtils.java:logGet(43)) - raft.server.snapshot.auto.trigger.enabled = true (custom)
2019-07-09 22:55:51,352 INFO  server.RaftServerConfigKeys (ConfUtils.java:logGet(43)) - raft.server.snapshot.auto.trigger.threshold = 10000 (custom)
2019-07-09 22:55:51,352 INFO  server.RaftServerConfigKeys (ConfUtils.java:logGet(43)) - raft.server.retrycache.expirytime = 600000ms (custom)
2019-07-09 22:55:51,636 INFO  impl.RaftServerImpl (RaftServerImpl.java:start(180)) - 2ed48bc2-5366-440c-82d9-bb883356c541: start group-DBA1F9A27B62
2019-07-09 22:55:51,637 INFO  impl.RaftServerImpl (RaftServerImpl.java:setRole(171)) - 2ed48bc2-5366-440c-82d9-bb883356c541:group-DBA1F9A27B62 changes role from null to FOLLOWER at term 0 for startAsFollower
2019-07-09 22:55:51,639 INFO  impl.RoleInfo (RoleInfo.java:updateAndGet(143)) - 2ed48bc2-5366-440c-82d9-bb883356c541: start FollowerState
2019-07-09 22:55:51,642 INFO  util.JmxRegister (JmxRegister.java:tryRegister(44)) - Successfully registered JMX Bean with object name Ratis:service=RaftServer,group=group-DBA1F9A27B62,id=2ed48bc2-5366-440c-82d9-bb883356c541
2019-07-09 22:55:51,703 INFO  pipeline.PipelineStateManager (PipelineStateManager.java:addPipeline(56)) - Created pipeline Pipeline[ Id: fc7ea990-1f19-4c9a-8d97-dba1f9a27b62, Nodes: 2ed48bc2-5366-440c-82d9-bb883356c541{ip: 192.168.5.174, host: hdds1735-npks7-2624333216, networkLocation: /default-rack, certSerialId: null}, Type:RATIS, Factor:ONE, State:OPEN]
2019-07-09 22:55:51,724 INFO  impl.RaftServerProxy (RaftServerProxy.java:addNew(89)) - 6503dcd8-eb35-4da4-96ba-ea64ed1fa179: addNew group-B6B725D815E7:[6503dcd8-eb35-4da4-96ba-ea64ed1fa179:192.168.5.174:41751] returns group-B6B725D815E7:java.util.concurrent.CompletableFuture@1c2e2685[Not completed]
2019-07-09 22:55:51,752 INFO  impl.RaftServerImpl (RaftServerImpl.java:<init>(93)) - 6503dcd8-eb35-4da4-96ba-ea64ed1fa179: new RaftServerImpl for group-B6B725D815E7:[6503dcd8-eb35-4da4-96ba-ea64ed1fa179:192.168.5.174:41751] with ContainerStateMachine:uninitialized
2019-07-09 22:55:51,754 INFO  server.RaftServerConfigKeys (ConfUtils.java:logGet(43)) - raft.server.rpc.timeout.min = 1s (custom)
2019-07-09 22:55:51,754 INFO  server.RaftServerConfigKeys (ConfUtils.java:logGet(43)) - raft.server.rpc.timeout.max = 1200ms (custom)
2019-07-09 22:55:51,754 INFO  server.RaftServerConfigKeys (ConfUtils.java:logGet(43)) - raft.server.rpcslowness.timeout = 120s (custom)
2019-07-09 22:55:51,754 INFO  server.RaftServerConfigKeys (ConfUtils.java:logGet(43)) - raft.server.sleep.deviation.threshold = 300 (default)
2019-07-09 22:55:51,754 INFO  server.RaftServerConfigKeys (ConfUtils.java:logGet(43)) - raft.server.log.appender.install.snapshot.enabled = false (custom)
2019-07-09 22:55:51,755 INFO  impl.RaftServerImpl (ServerState.java:<init>(105)) - 6503dcd8-eb35-4da4-96ba-ea64ed1fa179:group-B6B725D815E7 ConfigurationManager, init=-1: [6503dcd8-eb35-4da4-96ba-ea64ed1fa179:192.168.5.174:41751], old=null, confs=<EMPTY_MAP>
2019-07-09 22:55:51,755 INFO  server.RaftServerConfigKeys (ConfUtils.java:logGet(43)) - raft.server.storage.dir = [/tmp/workdir/hadoop-ozone/tools/target/test-dir/MiniOzoneClusterImpl-6f134ab8-b19a-492c-ac21-b7e4face3262/datanode-1/data/ratis] (custom)
2019-07-09 22:55:51,755 INFO  storage.RaftStorageDirectory (RaftStorageDirectory.java:analyzeStorage(246)) - The storage directory /tmp/workdir/hadoop-ozone/tools/target/test-dir/MiniOzoneClusterImpl-6f134ab8-b19a-492c-ac21-b7e4face3262/datanode-1/data/ratis/433e0f09-6f17-4c15-b58e-b6b725d815e7 does not exist. Creating ...
2019-07-09 22:55:51,769 INFO  storage.RaftStorageDirectory (RaftStorageDirectory.java:tryLock(328)) - Lock on /tmp/workdir/hadoop-ozone/tools/target/test-dir/MiniOzoneClusterImpl-6f134ab8-b19a-492c-ac21-b7e4face3262/datanode-1/data/ratis/433e0f09-6f17-4c15-b58e-b6b725d815e7/in_use.lock acquired by nodename 22493@hdds1735-npks7-2624333216
2019-07-09 22:55:51,772 INFO  storage.RaftStorage (RaftStorage.java:format(72)) - Storage directory /tmp/workdir/hadoop-ozone/tools/target/test-dir/MiniOzoneClusterImpl-6f134ab8-b19a-492c-ac21-b7e4face3262/datanode-1/data/ratis/433e0f09-6f17-4c15-b58e-b6b725d815e7 has been successfully formatted.
2019-07-09 22:55:51,774 INFO  ratis.ContainerStateMachine (ContainerStateMachine.java:loadSnapshot(198)) - The snapshot info is null.Setting the last applied index to:(t:0, i:~)
2019-07-09 22:55:51,775 INFO  server.RaftServerConfigKeys (ConfUtils.java:logGet(43)) - raft.server.leader.election.timeout = 120s (custom)
2019-07-09 22:55:51,775 INFO  server.RaftServerConfigKeys (ConfUtils.java:logGet(43)) - raft.server.log.use.memory = false (default)
2019-07-09 22:55:51,775 INFO  server.RaftServerConfigKeys (ConfUtils.java:logGet(43)) - raft.server.log.purge.gap = 1000000000 (custom)
2019-07-09 22:55:51,775 INFO  server.RaftServerConfigKeys (ConfUtils.java:logGet(43)) - raft.server.log.appender.buffer.byte-limit = 33554432 (custom)
2019-07-09 22:55:51,776 INFO  server.RaftServerConfigKeys (ConfUtils.java:logGet(43)) - raft.server.log.segment.size.max = 1048576 (custom)
2019-07-09 22:55:51,776 INFO  server.RaftServerConfigKeys (ConfUtils.java:logGet(43)) - raft.server.log.segment.cache.num.max = 2 (custom)
2019-07-09 22:55:51,776 INFO  segmented.SegmentedRaftLogWorker (SegmentedRaftLogWorker.java:<init>(172)) - new 6503dcd8-eb35-4da4-96ba-ea64ed1fa179-SegmentedRaftLogWorker:Storage Directory /tmp/workdir/hadoop-ozone/tools/target/test-dir/MiniOzoneClusterImpl-6f134ab8-b19a-492c-ac21-b7e4face3262/datanode-1/data/ratis/433e0f09-6f17-4c15-b58e-b6b725d815e7 for RaftStorage:Storage Directory /tmp/workdir/hadoop-ozone/tools/target/test-dir/MiniOzoneClusterImpl-6f134ab8-b19a-492c-ac21-b7e4face3262/datanode-1/data/ratis/433e0f09-6f17-4c15-b58e-b6b725d815e7
2019-07-09 22:55:51,777 INFO  server.RaftServerConfigKeys (ConfUtils.java:logGet(43)) - raft.server.log.queue.byte-limit = 2147483647 (custom)
2019-07-09 22:55:51,777 INFO  server.RaftServerConfigKeys (ConfUtils.java:logGet(43)) - raft.server.log.queue.element-limit = 1024 (custom)
2019-07-09 22:55:51,778 INFO  server.RaftServerConfigKeys (ConfUtils.java:logGet(43)) - raft.server.log.segment.size.max = 1048576 (custom)
2019-07-09 22:55:51,778 INFO  server.RaftServerConfigKeys (ConfUtils.java:logGet(43)) - raft.server.log.preallocated.size = 16384 (custom)
2019-07-09 22:55:51,778 INFO  server.RaftServerConfigKeys (ConfUtils.java:logGet(43)) - raft.server.log.write.buffer.size = 33554432 (custom)
2019-07-09 22:55:51,779 INFO  server.RaftServerConfigKeys (ConfUtils.java:logGet(43)) - raft.server.log.force.sync.num = 128 (default)
2019-07-09 22:55:51,779 INFO  server.RaftServerConfigKeys (ConfUtils.java:logGet(43)) - raft.server.log.statemachine.data.sync = true (default)
2019-07-09 22:55:51,779 INFO  server.RaftServerConfigKeys (ConfUtils.java:logGet(43)) - raft.server.log.statemachine.data.sync.timeout = 10s (default)
2019-07-09 22:55:51,779 INFO  server.RaftServerConfigKeys (ConfUtils.java:logGet(43)) - raft.server.log.statemachine.data.sync.timeout.retry = -1 (default)
2019-07-09 22:55:51,780 INFO  server.RaftServerConfigKeys (ConfUtils.java:logGet(43)) - raft.server.log.statemachine.data.caching.enabled = true (custom)
2019-07-09 22:55:51,780 INFO  segmented.SegmentedRaftLogWorker (SegmentedRaftLogWorker.java:lambda$new$0(132)) - 6503dcd8-eb35-4da4-96ba-ea64ed1fa179-SegmentedRaftLogWorker:Storage Directory /tmp/workdir/hadoop-ozone/tools/target/test-dir/MiniOzoneClusterImpl-6f134ab8-b19a-492c-ac21-b7e4face3262/datanode-1/data/ratis/433e0f09-6f17-4c15-b58e-b6b725d815e7: flushIndex: setUnconditionally 0 -> -1
2019-07-09 22:55:51,781 INFO  server.RaftServerConfigKeys (ConfUtils.java:logGet(43)) - raft.server.snapshot.auto.trigger.enabled = true (custom)
2019-07-09 22:55:51,781 INFO  server.RaftServerConfigKeys (ConfUtils.java:logGet(43)) - raft.server.snapshot.auto.trigger.threshold = 10000 (custom)
2019-07-09 22:55:51,781 INFO  server.RaftServerConfigKeys (ConfUtils.java:logGet(43)) - raft.server.retrycache.expirytime = 600000ms (custom)
2019-07-09 22:55:51,781 INFO  impl.RaftServerImpl (RaftServerImpl.java:start(180)) - 6503dcd8-eb35-4da4-96ba-ea64ed1fa179: start group-B6B725D815E7
2019-07-09 22:55:51,782 INFO  impl.RaftServerImpl (RaftServerImpl.java:setRole(171)) - 6503dcd8-eb35-4da4-96ba-ea64ed1fa179:group-B6B725D815E7 changes role from null to FOLLOWER at term 0 for startAsFollower
2019-07-09 22:55:51,782 INFO  impl.RoleInfo (RoleInfo.java:updateAndGet(143)) - 6503dcd8-eb35-4da4-96ba-ea64ed1fa179: start FollowerState
2019-07-09 22:55:51,783 INFO  util.JmxRegister (JmxRegister.java:tryRegister(44)) - Successfully registered JMX Bean with object name Ratis:service=RaftServer,group=group-B6B725D815E7,id=6503dcd8-eb35-4da4-96ba-ea64ed1fa179
2019-07-09 22:55:51,793 INFO  pipeline.PipelineStateManager (PipelineStateManager.java:addPipeline(56)) - Created pipeline Pipeline[ Id: 433e0f09-6f17-4c15-b58e-b6b725d815e7, Nodes: 6503dcd8-eb35-4da4-96ba-ea64ed1fa179{ip: 192.168.5.174, host: hdds1735-npks7-2624333216, networkLocation: /default-rack, certSerialId: null}, Type:RATIS, Factor:ONE, State:OPEN]
2019-07-09 22:55:51,812 INFO  impl.RaftServerProxy (RaftServerProxy.java:addNew(89)) - 0f5b7def-5559-46f7-9d41-828685c9005a: addNew group-F3674B5E7972:[0f5b7def-5559-46f7-9d41-828685c9005a:192.168.5.174:41904] returns group-F3674B5E7972:java.util.concurrent.CompletableFuture@502ce6ad[Not completed]
2019-07-09 22:55:51,815 INFO  impl.RaftServerImpl (RaftServerImpl.java:<init>(93)) - 0f5b7def-5559-46f7-9d41-828685c9005a: new RaftServerImpl for group-F3674B5E7972:[0f5b7def-5559-46f7-9d41-828685c9005a:192.168.5.174:41904] with ContainerStateMachine:uninitialized
2019-07-09 22:55:51,816 INFO  server.RaftServerConfigKeys (ConfUtils.java:logGet(43)) - raft.server.rpc.timeout.min = 1s (custom)
2019-07-09 22:55:51,816 INFO  server.RaftServerConfigKeys (ConfUtils.java:logGet(43)) - raft.server.rpc.timeout.max = 1200ms (custom)
2019-07-09 22:55:51,816 INFO  server.RaftServerConfigKeys (ConfUtils.java:logGet(43)) - raft.server.rpcslowness.timeout = 120s (custom)
2019-07-09 22:55:51,816 INFO  server.RaftServerConfigKeys (ConfUtils.java:logGet(43)) - raft.server.sleep.deviation.threshold = 300 (default)
2019-07-09 22:55:51,817 INFO  server.RaftServerConfigKeys (ConfUtils.java:logGet(43)) - raft.server.log.appender.install.snapshot.enabled = false (custom)
2019-07-09 22:55:51,817 INFO  impl.RaftServerImpl (ServerState.java:<init>(105)) - 0f5b7def-5559-46f7-9d41-828685c9005a:group-F3674B5E7972 ConfigurationManager, init=-1: [0f5b7def-5559-46f7-9d41-828685c9005a:192.168.5.174:41904], old=null, confs=<EMPTY_MAP>
2019-07-09 22:55:51,817 INFO  server.RaftServerConfigKeys (ConfUtils.java:logGet(43)) - raft.server.storage.dir = [/tmp/workdir/hadoop-ozone/tools/target/test-dir/MiniOzoneClusterImpl-6f134ab8-b19a-492c-ac21-b7e4face3262/datanode-2/data/ratis] (custom)
2019-07-09 22:55:51,817 INFO  storage.RaftStorageDirectory (RaftStorageDirectory.java:analyzeStorage(246)) - The storage directory /tmp/workdir/hadoop-ozone/tools/target/test-dir/MiniOzoneClusterImpl-6f134ab8-b19a-492c-ac21-b7e4face3262/datanode-2/data/ratis/780ac677-1fc8-4aa2-8bd4-f3674b5e7972 does not exist. Creating ...
2019-07-09 22:55:51,829 INFO  storage.RaftStorageDirectory (RaftStorageDirectory.java:tryLock(328)) - Lock on /tmp/workdir/hadoop-ozone/tools/target/test-dir/MiniOzoneClusterImpl-6f134ab8-b19a-492c-ac21-b7e4face3262/datanode-2/data/ratis/780ac677-1fc8-4aa2-8bd4-f3674b5e7972/in_use.lock acquired by nodename 22493@hdds1735-npks7-2624333216
2019-07-09 22:55:51,832 INFO  storage.RaftStorage (RaftStorage.java:format(72)) - Storage directory /tmp/workdir/hadoop-ozone/tools/target/test-dir/MiniOzoneClusterImpl-6f134ab8-b19a-492c-ac21-b7e4face3262/datanode-2/data/ratis/780ac677-1fc8-4aa2-8bd4-f3674b5e7972 has been successfully formatted.
2019-07-09 22:55:51,833 INFO  ratis.ContainerStateMachine (ContainerStateMachine.java:loadSnapshot(198)) - The snapshot info is null.Setting the last applied index to:(t:0, i:~)
2019-07-09 22:55:51,833 INFO  server.RaftServerConfigKeys (ConfUtils.java:logGet(43)) - raft.server.leader.election.timeout = 120s (custom)
2019-07-09 22:55:51,833 INFO  server.RaftServerConfigKeys (ConfUtils.java:logGet(43)) - raft.server.log.use.memory = false (default)
2019-07-09 22:55:51,833 INFO  server.RaftServerConfigKeys (ConfUtils.java:logGet(43)) - raft.server.log.purge.gap = 1000000000 (custom)
2019-07-09 22:55:51,833 INFO  server.RaftServerConfigKeys (ConfUtils.java:logGet(43)) - raft.server.log.appender.buffer.byte-limit = 33554432 (custom)
2019-07-09 22:55:51,834 INFO  server.RaftServerConfigKeys (ConfUtils.java:logGet(43)) - raft.server.log.segment.size.max = 1048576 (custom)
2019-07-09 22:55:51,834 INFO  server.RaftServerConfigKeys (ConfUtils.java:logGet(43)) - raft.server.log.segment.cache.num.max = 2 (custom)
2019-07-09 22:55:51,834 INFO  segmented.SegmentedRaftLogWorker (SegmentedRaftLogWorker.java:<init>(172)) - new 0f5b7def-5559-46f7-9d41-828685c9005a-SegmentedRaftLogWorker:Storage Directory /tmp/workdir/hadoop-ozone/tools/target/test-dir/MiniOzoneClusterImpl-6f134ab8-b19a-492c-ac21-b7e4face3262/datanode-2/data/ratis/780ac677-1fc8-4aa2-8bd4-f3674b5e7972 for RaftStorage:Storage Directory /tmp/workdir/hadoop-ozone/tools/target/test-dir/MiniOzoneClusterImpl-6f134ab8-b19a-492c-ac21-b7e4face3262/datanode-2/data/ratis/780ac677-1fc8-4aa2-8bd4-f3674b5e7972
2019-07-09 22:55:51,834 INFO  server.RaftServerConfigKeys (ConfUtils.java:logGet(43)) - raft.server.log.queue.byte-limit = 2147483647 (custom)
2019-07-09 22:55:51,834 INFO  server.RaftServerConfigKeys (ConfUtils.java:logGet(43)) - raft.server.log.queue.element-limit = 1024 (custom)
2019-07-09 22:55:51,835 INFO  server.RaftServerConfigKeys (ConfUtils.java:logGet(43)) - raft.server.log.segment.size.max = 1048576 (custom)
2019-07-09 22:55:51,835 INFO  server.RaftServerConfigKeys (ConfUtils.java:logGet(43)) - raft.server.log.preallocated.size = 16384 (custom)
2019-07-09 22:55:51,835 INFO  server.RaftServerConfigKeys (ConfUtils.java:logGet(43)) - raft.server.log.write.buffer.size = 33554432 (custom)
2019-07-09 22:55:51,835 INFO  server.RaftServerConfigKeys (ConfUtils.java:logGet(43)) - raft.server.log.force.sync.num = 128 (default)
2019-07-09 22:55:51,835 INFO  server.RaftServerConfigKeys (ConfUtils.java:logGet(43)) - raft.server.log.statemachine.data.sync = true (default)
2019-07-09 22:55:51,835 INFO  server.RaftServerConfigKeys (ConfUtils.java:logGet(43)) - raft.server.log.statemachine.data.sync.timeout = 10s (default)
2019-07-09 22:55:51,835 INFO  server.RaftServerConfigKeys (ConfUtils.java:logGet(43)) - raft.server.log.statemachine.data.sync.timeout.retry = -1 (default)
2019-07-09 22:55:51,836 INFO  server.RaftServerConfigKeys (ConfUtils.java:logGet(43)) - raft.server.log.statemachine.data.caching.enabled = true (custom)
2019-07-09 22:55:51,836 INFO  segmented.SegmentedRaftLogWorker (SegmentedRaftLogWorker.java:lambda$new$0(132)) - 0f5b7def-5559-46f7-9d41-828685c9005a-SegmentedRaftLogWorker:Storage Directory /tmp/workdir/hadoop-ozone/tools/target/test-dir/MiniOzoneClusterImpl-6f134ab8-b19a-492c-ac21-b7e4face3262/datanode-2/data/ratis/780ac677-1fc8-4aa2-8bd4-f3674b5e7972: flushIndex: setUnconditionally 0 -> -1
2019-07-09 22:55:51,836 INFO  server.RaftServerConfigKeys (ConfUtils.java:logGet(43)) - raft.server.snapshot.auto.trigger.enabled = true (custom)
2019-07-09 22:55:51,837 INFO  server.RaftServerConfigKeys (ConfUtils.java:logGet(43)) - raft.server.snapshot.auto.trigger.threshold = 10000 (custom)
2019-07-09 22:55:51,837 INFO  server.RaftServerConfigKeys (ConfUtils.java:logGet(43)) - raft.server.retrycache.expirytime = 600000ms (custom)
2019-07-09 22:55:51,837 INFO  impl.RaftServerImpl (RaftServerImpl.java:start(180)) - 0f5b7def-5559-46f7-9d41-828685c9005a: start group-F3674B5E7972
2019-07-09 22:55:51,837 INFO  impl.RaftServerImpl (RaftServerImpl.java:setRole(171)) - 0f5b7def-5559-46f7-9d41-828685c9005a:group-F3674B5E7972 changes role from null to FOLLOWER at term 0 for startAsFollower
2019-07-09 22:55:51,837 INFO  impl.RoleInfo (RoleInfo.java:updateAndGet(143)) - 0f5b7def-5559-46f7-9d41-828685c9005a: start FollowerState
2019-07-09 22:55:51,838 INFO  util.JmxRegister (JmxRegister.java:tryRegister(44)) - Successfully registered JMX Bean with object name Ratis:service=RaftServer,group=group-F3674B5E7972,id=0f5b7def-5559-46f7-9d41-828685c9005a
2019-07-09 22:55:51,846 INFO  pipeline.PipelineStateManager (PipelineStateManager.java:addPipeline(56)) - Created pipeline Pipeline[ Id: 780ac677-1fc8-4aa2-8bd4-f3674b5e7972, Nodes: 0f5b7def-5559-46f7-9d41-828685c9005a{ip: 192.168.5.174, host: hdds1735-npks7-2624333216, networkLocation: /default-rack, certSerialId: null}, Type:RATIS, Factor:ONE, State:OPEN]
2019-07-09 22:55:51,875 INFO  impl.RaftServerProxy (RaftServerProxy.java:addNew(89)) - 6503dcd8-eb35-4da4-96ba-ea64ed1fa179: addNew group-26C44700D253:[6503dcd8-eb35-4da4-96ba-ea64ed1fa179:192.168.5.174:41751, 0f5b7def-5559-46f7-9d41-828685c9005a:192.168.5.174:41904, 2ed48bc2-5366-440c-82d9-bb883356c541:192.168.5.174:42375] returns group-26C44700D253:java.util.concurrent.CompletableFuture@9db7c3[Not completed]
2019-07-09 22:55:51,878 INFO  impl.RaftServerImpl (RaftServerImpl.java:<init>(93)) - 6503dcd8-eb35-4da4-96ba-ea64ed1fa179: new RaftServerImpl for group-26C44700D253:[6503dcd8-eb35-4da4-96ba-ea64ed1fa179:192.168.5.174:41751, 0f5b7def-5559-46f7-9d41-828685c9005a:192.168.5.174:41904, 2ed48bc2-5366-440c-82d9-bb883356c541:192.168.5.174:42375] with ContainerStateMachine:uninitialized
2019-07-09 22:55:51,878 INFO  server.RaftServerConfigKeys (ConfUtils.java:logGet(43)) - raft.server.rpc.timeout.min = 1s (custom)
2019-07-09 22:55:51,878 INFO  impl.RaftServerProxy (RaftServerProxy.java:addNew(89)) - 0f5b7def-5559-46f7-9d41-828685c9005a: addNew group-26C44700D253:[6503dcd8-eb35-4da4-96ba-ea64ed1fa179:192.168.5.174:41751, 0f5b7def-5559-46f7-9d41-828685c9005a:192.168.5.174:41904, 2ed48bc2-5366-440c-82d9-bb883356c541:192.168.5.174:42375] returns group-26C44700D253:java.util.concurrent.CompletableFuture@613bf5f0[Not completed]
2019-07-09 22:55:51,878 INFO  server.RaftServerConfigKeys (ConfUtils.java:logGet(43)) - raft.server.rpc.timeout.max = 1200ms (custom)
2019-07-09 22:55:51,879 INFO  server.RaftServerConfigKeys (ConfUtils.java:logGet(43)) - raft.server.rpcslowness.timeout = 120s (custom)
2019-07-09 22:55:51,879 INFO  impl.RaftServerImpl (RaftServerImpl.java:<init>(93)) - 0f5b7def-5559-46f7-9d41-828685c9005a: new RaftServerImpl for group-26C44700D253:[6503dcd8-eb35-4da4-96ba-ea64ed1fa179:192.168.5.174:41751, 0f5b7def-5559-46f7-9d41-828685c9005a:192.168.5.174:41904, 2ed48bc2-5366-440c-82d9-bb883356c541:192.168.5.174:42375] with ContainerStateMachine:uninitialized
2019-07-09 22:55:51,879 INFO  server.RaftServerConfigKeys (ConfUtils.java:logGet(43)) - raft.server.sleep.deviation.threshold = 300 (default)
2019-07-09 22:55:51,879 INFO  server.RaftServerConfigKeys (ConfUtils.java:logGet(43)) - raft.server.rpc.timeout.min = 1s (custom)
2019-07-09 22:55:51,880 INFO  server.RaftServerConfigKeys (ConfUtils.java:logGet(43)) - raft.server.log.appender.install.snapshot.enabled = false (custom)
2019-07-09 22:55:51,880 INFO  impl.RaftServerProxy (RaftServerProxy.java:addNew(89)) - 2ed48bc2-5366-440c-82d9-bb883356c541: addNew group-26C44700D253:[6503dcd8-eb35-4da4-96ba-ea64ed1fa179:192.168.5.174:41751, 0f5b7def-5559-46f7-9d41-828685c9005a:192.168.5.174:41904, 2ed48bc2-5366-440c-82d9-bb883356c541:192.168.5.174:42375] returns group-26C44700D253:java.util.concurrent.CompletableFuture@36323ed5[Not completed]
2019-07-09 22:55:51,880 INFO  impl.RaftServerImpl (ServerState.java:<init>(105)) - 6503dcd8-eb35-4da4-96ba-ea64ed1fa179:group-26C44700D253 ConfigurationManager, init=-1: [6503dcd8-eb35-4da4-96ba-ea64ed1fa179:192.168.5.174:41751, 0f5b7def-5559-46f7-9d41-828685c9005a:192.168.5.174:41904, 2ed48bc2-5366-440c-82d9-bb883356c541:192.168.5.174:42375], old=null, confs=<EMPTY_MAP>
2019-07-09 22:55:51,880 INFO  server.RaftServerConfigKeys (ConfUtils.java:logGet(43)) - raft.server.rpc.timeout.max = 1200ms (custom)
2019-07-09 22:55:51,880 INFO  server.RaftServerConfigKeys (ConfUtils.java:logGet(43)) - raft.server.rpcslowness.timeout = 120s (custom)
2019-07-09 22:55:51,880 INFO  server.RaftServerConfigKeys (ConfUtils.java:logGet(43)) - raft.server.storage.dir = [/tmp/workdir/hadoop-ozone/tools/target/test-dir/MiniOzoneClusterImpl-6f134ab8-b19a-492c-ac21-b7e4face3262/datanode-1/data/ratis] (custom)
2019-07-09 22:55:51,881 INFO  impl.RaftServerImpl (RaftServerImpl.java:<init>(93)) - 2ed48bc2-5366-440c-82d9-bb883356c541: new RaftServerImpl for group-26C44700D253:[6503dcd8-eb35-4da4-96ba-ea64ed1fa179:192.168.5.174:41751, 0f5b7def-5559-46f7-9d41-828685c9005a:192.168.5.174:41904, 2ed48bc2-5366-440c-82d9-bb883356c541:192.168.5.174:42375] with ContainerStateMachine:uninitialized
2019-07-09 22:55:51,880 INFO  server.RaftServerConfigKeys (ConfUtils.java:logGet(43)) - raft.server.sleep.deviation.threshold = 300 (default)
2019-07-09 22:55:51,881 INFO  server.RaftServerConfigKeys (ConfUtils.java:logGet(43)) - raft.server.rpc.timeout.min = 1s (custom)
2019-07-09 22:55:51,881 INFO  server.RaftServerConfigKeys (ConfUtils.java:logGet(43)) - raft.server.log.appender.install.snapshot.enabled = false (custom)
2019-07-09 22:55:51,881 INFO  storage.RaftStorageDirectory (RaftStorageDirectory.java:analyzeStorage(246)) - The storage directory /tmp/workdir/hadoop-ozone/tools/target/test-dir/MiniOzoneClusterImpl-6f134ab8-b19a-492c-ac21-b7e4face3262/datanode-1/data/ratis/16b7c748-018e-4af9-b6f5-26c44700d253 does not exist. Creating ...
2019-07-09 22:55:51,881 INFO  impl.RaftServerImpl (ServerState.java:<init>(105)) - 0f5b7def-5559-46f7-9d41-828685c9005a:group-26C44700D253 ConfigurationManager, init=-1: [6503dcd8-eb35-4da4-96ba-ea64ed1fa179:192.168.5.174:41751, 0f5b7def-5559-46f7-9d41-828685c9005a:192.168.5.174:41904, 2ed48bc2-5366-440c-82d9-bb883356c541:192.168.5.174:42375], old=null, confs=<EMPTY_MAP>
2019-07-09 22:55:51,881 INFO  server.RaftServerConfigKeys (ConfUtils.java:logGet(43)) - raft.server.rpc.timeout.max = 1200ms (custom)
2019-07-09 22:55:51,882 INFO  server.RaftServerConfigKeys (ConfUtils.java:logGet(43)) - raft.server.storage.dir = [/tmp/workdir/hadoop-ozone/tools/target/test-dir/MiniOzoneClusterImpl-6f134ab8-b19a-492c-ac21-b7e4face3262/datanode-2/data/ratis] (custom)
2019-07-09 22:55:51,882 INFO  server.RaftServerConfigKeys (ConfUtils.java:logGet(43)) - raft.server.rpcslowness.timeout = 120s (custom)
2019-07-09 22:55:51,882 INFO  storage.RaftStorageDirectory (RaftStorageDirectory.java:analyzeStorage(246)) - The storage directory /tmp/workdir/hadoop-ozone/tools/target/test-dir/MiniOzoneClusterImpl-6f134ab8-b19a-492c-ac21-b7e4face3262/datanode-2/data/ratis/16b7c748-018e-4af9-b6f5-26c44700d253 does not exist. Creating ...
2019-07-09 22:55:51,882 INFO  server.RaftServerConfigKeys (ConfUtils.java:logGet(43)) - raft.server.sleep.deviation.threshold = 300 (default)
2019-07-09 22:55:51,882 INFO  server.RaftServerConfigKeys (ConfUtils.java:logGet(43)) - raft.server.log.appender.install.snapshot.enabled = false (custom)
2019-07-09 22:55:51,882 INFO  impl.RaftServerImpl (ServerState.java:<init>(105)) - 2ed48bc2-5366-440c-82d9-bb883356c541:group-26C44700D253 ConfigurationManager, init=-1: [6503dcd8-eb35-4da4-96ba-ea64ed1fa179:192.168.5.174:41751, 0f5b7def-5559-46f7-9d41-828685c9005a:192.168.5.174:41904, 2ed48bc2-5366-440c-82d9-bb883356c541:192.168.5.174:42375], old=null, confs=<EMPTY_MAP>
2019-07-09 22:55:51,883 INFO  server.RaftServerConfigKeys (ConfUtils.java:logGet(43)) - raft.server.storage.dir = [/tmp/workdir/hadoop-ozone/tools/target/test-dir/MiniOzoneClusterImpl-6f134ab8-b19a-492c-ac21-b7e4face3262/datanode-0/data/ratis] (custom)
2019-07-09 22:55:51,883 INFO  storage.RaftStorageDirectory (RaftStorageDirectory.java:analyzeStorage(246)) - The storage directory /tmp/workdir/hadoop-ozone/tools/target/test-dir/MiniOzoneClusterImpl-6f134ab8-b19a-492c-ac21-b7e4face3262/datanode-0/data/ratis/16b7c748-018e-4af9-b6f5-26c44700d253 does not exist. Creating ...
2019-07-09 22:55:51,887 INFO  storage.RaftStorageDirectory (RaftStorageDirectory.java:tryLock(328)) - Lock on /tmp/workdir/hadoop-ozone/tools/target/test-dir/MiniOzoneClusterImpl-6f134ab8-b19a-492c-ac21-b7e4face3262/datanode-2/data/ratis/16b7c748-018e-4af9-b6f5-26c44700d253/in_use.lock acquired by nodename 22493@hdds1735-npks7-2624333216
2019-07-09 22:55:51,887 INFO  storage.RaftStorageDirectory (RaftStorageDirectory.java:tryLock(328)) - Lock on /tmp/workdir/hadoop-ozone/tools/target/test-dir/MiniOzoneClusterImpl-6f134ab8-b19a-492c-ac21-b7e4face3262/datanode-0/data/ratis/16b7c748-018e-4af9-b6f5-26c44700d253/in_use.lock acquired by nodename 22493@hdds1735-npks7-2624333216
2019-07-09 22:55:51,887 INFO  storage.RaftStorageDirectory (RaftStorageDirectory.java:tryLock(328)) - Lock on /tmp/workdir/hadoop-ozone/tools/target/test-dir/MiniOzoneClusterImpl-6f134ab8-b19a-492c-ac21-b7e4face3262/datanode-1/data/ratis/16b7c748-018e-4af9-b6f5-26c44700d253/in_use.lock acquired by nodename 22493@hdds1735-npks7-2624333216
2019-07-09 22:55:51,894 INFO  storage.RaftStorage (RaftStorage.java:format(72)) - Storage directory /tmp/workdir/hadoop-ozone/tools/target/test-dir/MiniOzoneClusterImpl-6f134ab8-b19a-492c-ac21-b7e4face3262/datanode-1/data/ratis/16b7c748-018e-4af9-b6f5-26c44700d253 has been successfully formatted.
2019-07-09 22:55:51,894 INFO  storage.RaftStorage (RaftStorage.java:format(72)) - Storage directory /tmp/workdir/hadoop-ozone/tools/target/test-dir/MiniOzoneClusterImpl-6f134ab8-b19a-492c-ac21-b7e4face3262/datanode-0/data/ratis/16b7c748-018e-4af9-b6f5-26c44700d253 has been successfully formatted.
2019-07-09 22:55:51,894 INFO  storage.RaftStorage (RaftStorage.java:format(72)) - Storage directory /tmp/workdir/hadoop-ozone/tools/target/test-dir/MiniOzoneClusterImpl-6f134ab8-b19a-492c-ac21-b7e4face3262/datanode-2/data/ratis/16b7c748-018e-4af9-b6f5-26c44700d253 has been successfully formatted.
2019-07-09 22:55:51,894 INFO  ratis.ContainerStateMachine (ContainerStateMachine.java:loadSnapshot(198)) - The snapshot info is null.Setting the last applied index to:(t:0, i:~)
2019-07-09 22:55:51,894 INFO  ratis.ContainerStateMachine (ContainerStateMachine.java:loadSnapshot(198)) - The snapshot info is null.Setting the last applied index to:(t:0, i:~)
2019-07-09 22:55:51,894 INFO  ratis.ContainerStateMachine (ContainerStateMachine.java:loadSnapshot(198)) - The snapshot info is null.Setting the last applied index to:(t:0, i:~)
2019-07-09 22:55:51,894 INFO  server.RaftServerConfigKeys (ConfUtils.java:logGet(43)) - raft.server.leader.election.timeout = 120s (custom)
2019-07-09 22:55:51,894 INFO  server.RaftServerConfigKeys (ConfUtils.java:logGet(43)) - raft.server.leader.election.timeout = 120s (custom)
2019-07-09 22:55:51,895 INFO  server.RaftServerConfigKeys (ConfUtils.java:logGet(43)) - raft.server.leader.election.timeout = 120s (custom)
2019-07-09 22:55:51,895 INFO  server.RaftServerConfigKeys (ConfUtils.java:logGet(43)) - raft.server.log.use.memory = false (default)
2019-07-09 22:55:51,895 INFO  server.RaftServerConfigKeys (ConfUtils.java:logGet(43)) - raft.server.log.use.memory = false (default)
2019-07-09 22:55:51,895 INFO  server.RaftServerConfigKeys (ConfUtils.java:logGet(43)) - raft.server.log.use.memory = false (default)
2019-07-09 22:55:51,895 INFO  server.RaftServerConfigKeys (ConfUtils.java:logGet(43)) - raft.server.log.purge.gap = 1000000000 (custom)
2019-07-09 22:55:51,895 INFO  server.RaftServerConfigKeys (ConfUtils.java:logGet(43)) - raft.server.log.purge.gap = 1000000000 (custom)
2019-07-09 22:55:51,896 INFO  server.RaftServerConfigKeys (ConfUtils.java:logGet(43)) - raft.server.log.appender.buffer.byte-limit = 33554432 (custom)
2019-07-09 22:55:51,896 INFO  server.RaftServerConfigKeys (ConfUtils.java:logGet(43)) - raft.server.log.purge.gap = 1000000000 (custom)
2019-07-09 22:55:51,896 INFO  server.RaftServerConfigKeys (ConfUtils.java:logGet(43)) - raft.server.log.segment.size.max = 1048576 (custom)
2019-07-09 22:55:51,896 INFO  server.RaftServerConfigKeys (ConfUtils.java:logGet(43)) - raft.server.log.appender.buffer.byte-limit = 33554432 (custom)
2019-07-09 22:55:51,896 INFO  server.RaftServerConfigKeys (ConfUtils.java:logGet(43)) - raft.server.log.segment.cache.num.max = 2 (custom)
2019-07-09 22:55:51,896 INFO  server.RaftServerConfigKeys (ConfUtils.java:logGet(43)) - raft.server.log.appender.buffer.byte-limit = 33554432 (custom)
2019-07-09 22:55:51,897 INFO  segmented.SegmentedRaftLogWorker (SegmentedRaftLogWorker.java:<init>(172)) - new 2ed48bc2-5366-440c-82d9-bb883356c541-SegmentedRaftLogWorker:Storage Directory /tmp/workdir/hadoop-ozone/tools/target/test-dir/MiniOzoneClusterImpl-6f134ab8-b19a-492c-ac21-b7e4face3262/datanode-0/data/ratis/16b7c748-018e-4af9-b6f5-26c44700d253 for RaftStorage:Storage Directory /tmp/workdir/hadoop-ozone/tools/target/test-dir/MiniOzoneClusterImpl-6f134ab8-b19a-492c-ac21-b7e4face3262/datanode-0/data/ratis/16b7c748-018e-4af9-b6f5-26c44700d253
2019-07-09 22:55:51,896 INFO  server.RaftServerConfigKeys (ConfUtils.java:logGet(43)) - raft.server.log.segment.size.max = 1048576 (custom)
2019-07-09 22:55:51,897 INFO  server.RaftServerConfigKeys (ConfUtils.java:logGet(43)) - raft.server.log.queue.byte-limit = 2147483647 (custom)
2019-07-09 22:55:51,897 INFO  server.RaftServerConfigKeys (ConfUtils.java:logGet(43)) - raft.server.log.segment.size.max = 1048576 (custom)
2019-07-09 22:55:51,898 INFO  server.RaftServerConfigKeys (ConfUtils.java:logGet(43)) - raft.server.log.queue.element-limit = 1024 (custom)
2019-07-09 22:55:51,897 INFO  server.RaftServerConfigKeys (ConfUtils.java:logGet(43)) - raft.server.log.segment.cache.num.max = 2 (custom)
2019-07-09 22:55:51,898 INFO  server.RaftServerConfigKeys (ConfUtils.java:logGet(43)) - raft.server.log.segment.size.max = 1048576 (custom)
2019-07-09 22:55:51,898 INFO  server.RaftServerConfigKeys (ConfUtils.java:logGet(43)) - raft.server.log.segment.cache.num.max = 2 (custom)
2019-07-09 22:55:51,898 INFO  server.RaftServerConfigKeys (ConfUtils.java:logGet(43)) - raft.server.log.preallocated.size = 16384 (custom)
2019-07-09 22:55:51,898 INFO  segmented.SegmentedRaftLogWorker (SegmentedRaftLogWorker.java:<init>(172)) - new 0f5b7def-5559-46f7-9d41-828685c9005a-SegmentedRaftLogWorker:Storage Directory /tmp/workdir/hadoop-ozone/tools/target/test-dir/MiniOzoneClusterImpl-6f134ab8-b19a-492c-ac21-b7e4face3262/datanode-2/data/ratis/16b7c748-018e-4af9-b6f5-26c44700d253 for RaftStorage:Storage Directory /tmp/workdir/hadoop-ozone/tools/target/test-dir/MiniOzoneClusterImpl-6f134ab8-b19a-492c-ac21-b7e4face3262/datanode-2/data/ratis/16b7c748-018e-4af9-b6f5-26c44700d253
2019-07-09 22:55:51,899 INFO  server.RaftServerConfigKeys (ConfUtils.java:logGet(43)) - raft.server.log.write.buffer.size = 33554432 (custom)
2019-07-09 22:55:51,899 INFO  segmented.SegmentedRaftLogWorker (SegmentedRaftLogWorker.java:<init>(172)) - new 6503dcd8-eb35-4da4-96ba-ea64ed1fa179-SegmentedRaftLogWorker:Storage Directory /tmp/workdir/hadoop-ozone/tools/target/test-dir/MiniOzoneClusterImpl-6f134ab8-b19a-492c-ac21-b7e4face3262/datanode-1/data/ratis/16b7c748-018e-4af9-b6f5-26c44700d253 for RaftStorage:Storage Directory /tmp/workdir/hadoop-ozone/tools/target/test-dir/MiniOzoneClusterImpl-6f134ab8-b19a-492c-ac21-b7e4face3262/datanode-1/data/ratis/16b7c748-018e-4af9-b6f5-26c44700d253
2019-07-09 22:55:51,900 INFO  server.RaftServerConfigKeys (ConfUtils.java:logGet(43)) - raft.server.log.force.sync.num = 128 (default)
2019-07-09 22:55:51,899 INFO  server.RaftServerConfigKeys (ConfUtils.java:logGet(43)) - raft.server.log.queue.byte-limit = 2147483647 (custom)
2019-07-09 22:55:51,901 INFO  server.RaftServerConfigKeys (ConfUtils.java:logGet(43)) - raft.server.log.statemachine.data.sync = true (default)
2019-07-09 22:55:51,900 INFO  server.RaftServerConfigKeys (ConfUtils.java:logGet(43)) - raft.server.log.queue.byte-limit = 2147483647 (custom)
2019-07-09 22:55:51,901 INFO  server.RaftServerConfigKeys (ConfUtils.java:logGet(43)) - raft.server.log.statemachine.data.sync.timeout = 10s (default)
2019-07-09 22:55:51,901 INFO  server.RaftServerConfigKeys (ConfUtils.java:logGet(43)) - raft.server.log.queue.element-limit = 1024 (custom)
2019-07-09 22:55:51,902 INFO  server.RaftServerConfigKeys (ConfUtils.java:logGet(43)) - raft.server.log.statemachine.data.sync.timeout.retry = -1 (default)
2019-07-09 22:55:51,901 INFO  server.RaftServerConfigKeys (ConfUtils.java:logGet(43)) - raft.server.log.queue.element-limit = 1024 (custom)
2019-07-09 22:55:51,902 INFO  server.RaftServerConfigKeys (ConfUtils.java:logGet(43)) - raft.server.log.segment.size.max = 1048576 (custom)
2019-07-09 22:55:51,902 INFO  server.RaftServerConfigKeys (ConfUtils.java:logGet(43)) - raft.server.log.segment.size.max = 1048576 (custom)
2019-07-09 22:55:51,902 INFO  server.RaftServerConfigKeys (ConfUtils.java:logGet(43)) - raft.server.log.statemachine.data.caching.enabled = true (custom)
2019-07-09 22:55:51,902 INFO  server.RaftServerConfigKeys (ConfUtils.java:logGet(43)) - raft.server.log.preallocated.size = 16384 (custom)
2019-07-09 22:55:51,902 INFO  server.RaftServerConfigKeys (ConfUtils.java:logGet(43)) - raft.server.log.preallocated.size = 16384 (custom)
2019-07-09 22:55:51,903 INFO  server.RaftServerConfigKeys (ConfUtils.java:logGet(43)) - raft.server.log.write.buffer.size = 33554432 (custom)
2019-07-09 22:55:51,903 INFO  segmented.SegmentedRaftLogWorker (SegmentedRaftLogWorker.java:lambda$new$0(132)) - 2ed48bc2-5366-440c-82d9-bb883356c541-SegmentedRaftLogWorker:Storage Directory /tmp/workdir/hadoop-ozone/tools/target/test-dir/MiniOzoneClusterImpl-6f134ab8-b19a-492c-ac21-b7e4face3262/datanode-0/data/ratis/16b7c748-018e-4af9-b6f5-26c44700d253: flushIndex: setUnconditionally 0 -> -1
2019-07-09 22:55:51,903 INFO  server.RaftServerConfigKeys (ConfUtils.java:logGet(43)) - raft.server.log.write.buffer.size = 33554432 (custom)
2019-07-09 22:55:51,903 INFO  server.RaftServerConfigKeys (ConfUtils.java:logGet(43)) - raft.server.log.force.sync.num = 128 (default)
2019-07-09 22:55:51,903 INFO  server.RaftServerConfigKeys (ConfUtils.java:logGet(43)) - raft.server.snapshot.auto.trigger.enabled = true (custom)
2019-07-09 22:55:51,903 INFO  server.RaftServerConfigKeys (ConfUtils.java:logGet(43)) - raft.server.log.force.sync.num = 128 (default)
2019-07-09 22:55:51,903 INFO  server.RaftServerConfigKeys (ConfUtils.java:logGet(43)) - raft.server.snapshot.auto.trigger.threshold = 10000 (custom)
2019-07-09 22:55:51,903 INFO  server.RaftServerConfigKeys (ConfUtils.java:logGet(43)) - raft.server.log.statemachine.data.sync = true (default)
2019-07-09 22:55:51,904 INFO  server.RaftServerConfigKeys (ConfUtils.java:logGet(43)) - raft.server.log.statemachine.data.sync = true (default)
2019-07-09 22:55:51,904 INFO  server.RaftServerConfigKeys (ConfUtils.java:logGet(43)) - raft.server.log.statemachine.data.sync.timeout = 10s (default)
2019-07-09 22:55:51,904 INFO  server.RaftServerConfigKeys (ConfUtils.java:logGet(43)) - raft.server.retrycache.expirytime = 600000ms (custom)
2019-07-09 22:55:51,904 INFO  server.RaftServerConfigKeys (ConfUtils.java:logGet(43)) - raft.server.log.statemachine.data.sync.timeout.retry = -1 (default)
2019-07-09 22:55:51,904 INFO  impl.RaftServerImpl (RaftServerImpl.java:start(180)) - 2ed48bc2-5366-440c-82d9-bb883356c541: start group-26C44700D253
2019-07-09 22:55:51,904 INFO  server.RaftServerConfigKeys (ConfUtils.java:logGet(43)) - raft.server.log.statemachine.data.sync.timeout = 10s (default)
2019-07-09 22:55:51,905 INFO  impl.RaftServerImpl (RaftServerImpl.java:setRole(171)) - 2ed48bc2-5366-440c-82d9-bb883356c541:group-26C44700D253 changes role from null to FOLLOWER at term 0 for startAsFollower
2019-07-09 22:55:51,905 INFO  server.RaftServerConfigKeys (ConfUtils.java:logGet(43)) - raft.server.log.statemachine.data.caching.enabled = true (custom)
2019-07-09 22:55:51,905 INFO  impl.RoleInfo (RoleInfo.java:updateAndGet(143)) - 2ed48bc2-5366-440c-82d9-bb883356c541: start FollowerState
2019-07-09 22:55:51,905 INFO  server.RaftServerConfigKeys (ConfUtils.java:logGet(43)) - raft.server.log.statemachine.data.sync.timeout.retry = -1 (default)
2019-07-09 22:55:51,905 INFO  segmented.SegmentedRaftLogWorker (SegmentedRaftLogWorker.java:lambda$new$0(132)) - 6503dcd8-eb35-4da4-96ba-ea64ed1fa179-SegmentedRaftLogWorker:Storage Directory /tmp/workdir/hadoop-ozone/tools/target/test-dir/MiniOzoneClusterImpl-6f134ab8-b19a-492c-ac21-b7e4face3262/datanode-1/data/ratis/16b7c748-018e-4af9-b6f5-26c44700d253: flushIndex: setUnconditionally 0 -> -1
2019-07-09 22:55:51,905 INFO  server.RaftServerConfigKeys (ConfUtils.java:logGet(43)) - raft.server.log.statemachine.data.caching.enabled = true (custom)
2019-07-09 22:55:51,906 INFO  util.JmxRegister (JmxRegister.java:tryRegister(44)) - Successfully registered JMX Bean with object name Ratis:service=RaftServer,group=group-26C44700D253,id=2ed48bc2-5366-440c-82d9-bb883356c541
2019-07-09 22:55:51,906 INFO  segmented.SegmentedRaftLogWorker (SegmentedRaftLogWorker.java:lambda$new$0(132)) - 0f5b7def-5559-46f7-9d41-828685c9005a-SegmentedRaftLogWorker:Storage Directory /tmp/workdir/hadoop-ozone/tools/target/test-dir/MiniOzoneClusterImpl-6f134ab8-b19a-492c-ac21-b7e4face3262/datanode-2/data/ratis/16b7c748-018e-4af9-b6f5-26c44700d253: flushIndex: setUnconditionally 0 -> -1
2019-07-09 22:55:51,906 INFO  server.RaftServerConfigKeys (ConfUtils.java:logGet(43)) - raft.server.snapshot.auto.trigger.enabled = true (custom)
2019-07-09 22:55:51,906 INFO  server.RaftServerConfigKeys (ConfUtils.java:logGet(43)) - raft.server.snapshot.auto.trigger.enabled = true (custom)
2019-07-09 22:55:51,906 INFO  server.RaftServerConfigKeys (ConfUtils.java:logGet(43)) - raft.server.snapshot.auto.trigger.threshold = 10000 (custom)
2019-07-09 22:55:51,906 INFO  server.RaftServerConfigKeys (ConfUtils.java:logGet(43)) - raft.server.snapshot.auto.trigger.threshold = 10000 (custom)
2019-07-09 22:55:51,906 INFO  server.RaftServerConfigKeys (ConfUtils.java:logGet(43)) - raft.server.retrycache.expirytime = 600000ms (custom)
2019-07-09 22:55:51,907 INFO  server.RaftServerConfigKeys (ConfUtils.java:logGet(43)) - raft.server.retrycache.expirytime = 600000ms (custom)
2019-07-09 22:55:51,907 INFO  impl.RaftServerImpl (RaftServerImpl.java:start(180)) - 6503dcd8-eb35-4da4-96ba-ea64ed1fa179: start group-26C44700D253
2019-07-09 22:55:51,908 INFO  impl.RaftServerImpl (RaftServerImpl.java:start(180)) - 0f5b7def-5559-46f7-9d41-828685c9005a: start group-26C44700D253
2019-07-09 22:55:51,908 INFO  impl.RaftServerImpl (RaftServerImpl.java:setRole(171)) - 6503dcd8-eb35-4da4-96ba-ea64ed1fa179:group-26C44700D253 changes role from null to FOLLOWER at term 0 for startAsFollower
2019-07-09 22:55:51,908 INFO  impl.RaftServerImpl (RaftServerImpl.java:setRole(171)) - 0f5b7def-5559-46f7-9d41-828685c9005a:group-26C44700D253 changes role from null to FOLLOWER at term 0 for startAsFollower
2019-07-09 22:55:51,909 INFO  impl.RoleInfo (RoleInfo.java:updateAndGet(143)) - 6503dcd8-eb35-4da4-96ba-ea64ed1fa179: start FollowerState
2019-07-09 22:55:51,909 INFO  impl.RoleInfo (RoleInfo.java:updateAndGet(143)) - 0f5b7def-5559-46f7-9d41-828685c9005a: start FollowerState
2019-07-09 22:55:51,909 INFO  util.JmxRegister (JmxRegister.java:tryRegister(44)) - Successfully registered JMX Bean with object name Ratis:service=RaftServer,group=group-26C44700D253,id=6503dcd8-eb35-4da4-96ba-ea64ed1fa179
2019-07-09 22:55:51,909 INFO  util.JmxRegister (JmxRegister.java:tryRegister(44)) - Successfully registered JMX Bean with object name Ratis:service=RaftServer,group=group-26C44700D253,id=0f5b7def-5559-46f7-9d41-828685c9005a
2019-07-09 22:55:51,927 INFO  pipeline.PipelineStateManager (PipelineStateManager.java:addPipeline(56)) - Created pipeline Pipeline[ Id: 16b7c748-018e-4af9-b6f5-26c44700d253, Nodes: 6503dcd8-eb35-4da4-96ba-ea64ed1fa179{ip: 192.168.5.174, host: hdds1735-npks7-2624333216, networkLocation: /default-rack, certSerialId: null}2ed48bc2-5366-440c-82d9-bb883356c541{ip: 192.168.5.174, host: hdds1735-npks7-2624333216, networkLocation: /default-rack, certSerialId: null}0f5b7def-5559-46f7-9d41-828685c9005a{ip: 192.168.5.174, host: hdds1735-npks7-2624333216, networkLocation: /default-rack, certSerialId: null}, Type:RATIS, Factor:THREE, State:OPEN]
2019-07-09 22:55:52,004 INFO  ozone.MiniOzoneClusterImpl (MiniOzoneClusterImpl.java:lambda$waitForClusterToBeReady$0(142)) - Cluster is ready. Got 3 of 3 DN Heartbeats.
2019-07-09 22:55:52,442 INFO  freon.RandomKeyGenerator (RandomKeyGenerator.java:call(262)) - Number of Threads: 10
2019-07-09 22:55:52,443 INFO  freon.RandomKeyGenerator (RandomKeyGenerator.java:call(267)) - Number of Volumes: 1.
2019-07-09 22:55:52,443 INFO  freon.RandomKeyGenerator (RandomKeyGenerator.java:call(268)) - Number of Buckets per Volume: 1.
2019-07-09 22:55:52,443 INFO  freon.RandomKeyGenerator (RandomKeyGenerator.java:call(269)) - Number of Keys per Bucket: 1.
2019-07-09 22:55:52,443 INFO  freon.RandomKeyGenerator (RandomKeyGenerator.java:call(270)) - Key size: 20971520 bytes
2019-07-09 22:55:52,443 INFO  freon.RandomKeyGenerator (RandomKeyGenerator.java:call(271)) - Buffer size: 4096 bytes
2019-07-09 22:55:52,445 INFO  freon.RandomKeyGenerator (RandomKeyGenerator.java:call(286)) - Data validation is enabled.
2019-07-09 22:55:52,447 INFO  freon.RandomKeyGenerator (RandomKeyGenerator.java:call(299)) - Starting progress bar Thread.

 0.00% |█                                                                                                    |  0/1 Time: 0:00:002019-07-09 22:55:52,485 INFO  rpc.RpcClient (RpcClient.java:createVolume(289)) - Creating Volume: vol-0-21552, with jenkins1000 as owner.
2019-07-09 22:55:52,539 INFO  rpc.RpcClient (RpcClient.java:createBucket(426)) - Creating Bucket: vol-0-21552/bucket-0-62532, with Versioning false and Storage Type set to DISK and Encryption set to false 
2019-07-09 22:55:52,773 INFO  impl.FollowerState (FollowerState.java:run(106)) - 2ed48bc2-5366-440c-82d9-bb883356c541:group-DBA1F9A27B62 changes to CANDIDATE, lastRpcTime:1135, electionTimeout:1133ms
2019-07-09 22:55:52,773 INFO  impl.RoleInfo (RoleInfo.java:shutdownFollowerState(121)) - 2ed48bc2-5366-440c-82d9-bb883356c541: shutdown FollowerState
2019-07-09 22:55:52,774 INFO  impl.RaftServerImpl (RaftServerImpl.java:setRole(171)) - 2ed48bc2-5366-440c-82d9-bb883356c541:group-DBA1F9A27B62 changes role from FOLLOWER to CANDIDATE at term 0 for changeToCandidate
2019-07-09 22:55:52,779 INFO  impl.RoleInfo (RoleInfo.java:updateAndGet(143)) - 2ed48bc2-5366-440c-82d9-bb883356c541: start LeaderElection
2019-07-09 22:55:52,790 INFO  impl.LeaderElection (LeaderElection.java:askForVotes(181)) - 2ed48bc2-5366-440c-82d9-bb883356c541:group-DBA1F9A27B62:LeaderElection1: begin an election at term 1 for -1: [2ed48bc2-5366-440c-82d9-bb883356c541:192.168.5.174:42375], old=null
2019-07-09 22:55:52,795 INFO  impl.RoleInfo (RoleInfo.java:shutdownLeaderElection(134)) - 2ed48bc2-5366-440c-82d9-bb883356c541: shutdown LeaderElection
2019-07-09 22:55:52,800 INFO  impl.RaftServerImpl (RaftServerImpl.java:setRole(171)) - 2ed48bc2-5366-440c-82d9-bb883356c541:group-DBA1F9A27B62 changes role from CANDIDATE to LEADER at term 1 for changeToLeader
2019-07-09 22:55:52,801 INFO  impl.RaftServerImpl (ServerState.java:setLeader(263)) - 2ed48bc2-5366-440c-82d9-bb883356c541:group-DBA1F9A27B62 change Leader from null to 2ed48bc2-5366-440c-82d9-bb883356c541 at term 1 for becomeLeader, leader elected after 1522ms
2019-07-09 22:55:52,812 INFO  server.RaftServerConfigKeys (ConfUtils.java:logGet(43)) - raft.server.staging.catchup.gap = 1000 (default)
2019-07-09 22:55:52,813 INFO  server.RaftServerConfigKeys (ConfUtils.java:logGet(43)) - raft.server.rpc.sleep.time = 25ms (default)
2019-07-09 22:55:52,816 INFO  server.RaftServerConfigKeys (ConfUtils.java:logGet(43)) - raft.server.write.element-limit = 4096 (default)
2019-07-09 22:55:52,819 INFO  server.RaftServerConfigKeys (ConfUtils.java:logGet(43)) - raft.server.watch.timeout = 10s (default)
2019-07-09 22:55:52,819 INFO  server.RaftServerConfigKeys (ConfUtils.java:logGet(43)) - raft.server.watch.timeout.denomination = 1s (default)
2019-07-09 22:55:52,820 INFO  server.RaftServerConfigKeys (ConfUtils.java:logGet(43)) - raft.server.watch.element-limit = 65536 (default)
2019-07-09 22:55:52,835 INFO  impl.RoleInfo (RoleInfo.java:updateAndGet(143)) - 2ed48bc2-5366-440c-82d9-bb883356c541: start LeaderState
2019-07-09 22:55:52,839 INFO  impl.FollowerState (FollowerState.java:run(106)) - 6503dcd8-eb35-4da4-96ba-ea64ed1fa179:group-B6B725D815E7 changes to CANDIDATE, lastRpcTime:1057, electionTimeout:1056ms
2019-07-09 22:55:52,840 INFO  impl.RoleInfo (RoleInfo.java:shutdownFollowerState(121)) - 6503dcd8-eb35-4da4-96ba-ea64ed1fa179: shutdown FollowerState
2019-07-09 22:55:52,841 INFO  impl.RaftServerImpl (RaftServerImpl.java:setRole(171)) - 6503dcd8-eb35-4da4-96ba-ea64ed1fa179:group-B6B725D815E7 changes role from FOLLOWER to CANDIDATE at term 0 for changeToCandidate
2019-07-09 22:55:52,841 INFO  impl.RoleInfo (RoleInfo.java:updateAndGet(143)) - 6503dcd8-eb35-4da4-96ba-ea64ed1fa179: start LeaderElection
2019-07-09 22:55:52,849 INFO  impl.LeaderElection (LeaderElection.java:askForVotes(181)) - 6503dcd8-eb35-4da4-96ba-ea64ed1fa179:group-B6B725D815E7:LeaderElection2: begin an election at term 1 for -1: [6503dcd8-eb35-4da4-96ba-ea64ed1fa179:192.168.5.174:41751], old=null
2019-07-09 22:55:52,850 INFO  impl.RoleInfo (RoleInfo.java:shutdownLeaderElection(134)) - 6503dcd8-eb35-4da4-96ba-ea64ed1fa179: shutdown LeaderElection
2019-07-09 22:55:52,850 INFO  impl.RaftServerImpl (RaftServerImpl.java:setRole(171)) - 6503dcd8-eb35-4da4-96ba-ea64ed1fa179:group-B6B725D815E7 changes role from CANDIDATE to LEADER at term 1 for changeToLeader
2019-07-09 22:55:52,850 INFO  impl.RaftServerImpl (ServerState.java:setLeader(263)) - 6503dcd8-eb35-4da4-96ba-ea64ed1fa179:group-B6B725D815E7 change Leader from null to 6503dcd8-eb35-4da4-96ba-ea64ed1fa179 at term 1 for becomeLeader, leader elected after 1075ms
2019-07-09 22:55:52,851 INFO  server.RaftServerConfigKeys (ConfUtils.java:logGet(43)) - raft.server.staging.catchup.gap = 1000 (default)
2019-07-09 22:55:52,851 INFO  server.RaftServerConfigKeys (ConfUtils.java:logGet(43)) - raft.server.rpc.sleep.time = 25ms (default)
2019-07-09 22:55:52,851 INFO  server.RaftServerConfigKeys (ConfUtils.java:logGet(43)) - raft.server.write.element-limit = 4096 (default)
2019-07-09 22:55:52,851 INFO  server.RaftServerConfigKeys (ConfUtils.java:logGet(43)) - raft.server.watch.timeout = 10s (default)
2019-07-09 22:55:52,852 INFO  server.RaftServerConfigKeys (ConfUtils.java:logGet(43)) - raft.server.watch.timeout.denomination = 1s (default)
2019-07-09 22:55:52,852 INFO  server.RaftServerConfigKeys (ConfUtils.java:logGet(43)) - raft.server.watch.element-limit = 65536 (default)
2019-07-09 22:55:52,852 INFO  impl.RoleInfo (RoleInfo.java:updateAndGet(143)) - 6503dcd8-eb35-4da4-96ba-ea64ed1fa179: start LeaderState
2019-07-09 22:55:52,861 INFO  client.GrpcClientProtocolClient (GrpcClientProtocolClient.java:onNext(255)) - client-9BF4B7FC7599->6503dcd8-eb35-4da4-96ba-ea64ed1fa179: receive RaftClientReply:client-9BF4B7FC7599->6503dcd8-eb35-4da4-96ba-ea64ed1fa179@group-26C44700D253, cid=6, FAILED org.apache.ratis.protocol.NotLeaderException: Server 6503dcd8-eb35-4da4-96ba-ea64ed1fa179 is not the leader (null). Request must be sent to leader., logIndex=0, commits[6503dcd8-eb35-4da4-96ba-ea64ed1fa179:c-1]
2019-07-09 22:55:52,863 INFO  segmented.SegmentedRaftLogWorker (SegmentedRaftLogWorker.java:startLogSegment(380)) - 6503dcd8-eb35-4da4-96ba-ea64ed1fa179-SegmentedRaftLogWorker:Storage Directory /tmp/workdir/hadoop-ozone/tools/target/test-dir/MiniOzoneClusterImpl-6f134ab8-b19a-492c-ac21-b7e4face3262/datanode-1/data/ratis/433e0f09-6f17-4c15-b58e-b6b725d815e7: Starting segment from index:0
2019-07-09 22:55:52,863 INFO  segmented.SegmentedRaftLogWorker (SegmentedRaftLogWorker.java:startLogSegment(380)) - 2ed48bc2-5366-440c-82d9-bb883356c541-SegmentedRaftLogWorker:Storage Directory /tmp/workdir/hadoop-ozone/tools/target/test-dir/MiniOzoneClusterImpl-6f134ab8-b19a-492c-ac21-b7e4face3262/datanode-0/data/ratis/fc7ea990-1f19-4c9a-8d97-dba1f9a27b62: Starting segment from index:0
2019-07-09 22:55:52,878 INFO  impl.RaftServerImpl (ServerState.java:setRaftConf(361)) - 2ed48bc2-5366-440c-82d9-bb883356c541:group-DBA1F9A27B62 set configuration 0: [2ed48bc2-5366-440c-82d9-bb883356c541:192.168.5.174:42375], old=null at 0
2019-07-09 22:55:52,878 INFO  impl.RaftServerImpl (ServerState.java:setRaftConf(361)) - 6503dcd8-eb35-4da4-96ba-ea64ed1fa179:group-B6B725D815E7 set configuration 0: [6503dcd8-eb35-4da4-96ba-ea64ed1fa179:192.168.5.174:41751], old=null at 0
2019-07-09 22:55:52,938 INFO  impl.FollowerState (FollowerState.java:run(106)) - 0f5b7def-5559-46f7-9d41-828685c9005a:group-26C44700D253 changes to CANDIDATE, lastRpcTime:1029, electionTimeout:1029ms
2019-07-09 22:55:52,938 INFO  impl.RoleInfo (RoleInfo.java:shutdownFollowerState(121)) - 0f5b7def-5559-46f7-9d41-828685c9005a: shutdown FollowerState
2019-07-09 22:55:52,939 INFO  impl.RaftServerImpl (RaftServerImpl.java:setRole(171)) - 0f5b7def-5559-46f7-9d41-828685c9005a:group-26C44700D253 changes role from FOLLOWER to CANDIDATE at term 0 for changeToCandidate
2019-07-09 22:55:52,939 INFO  impl.RoleInfo (RoleInfo.java:updateAndGet(143)) - 0f5b7def-5559-46f7-9d41-828685c9005a: start LeaderElection
2019-07-09 22:55:52,943 INFO  impl.FollowerState (FollowerState.java:run(106)) - 0f5b7def-5559-46f7-9d41-828685c9005a:group-F3674B5E7972 changes to CANDIDATE, lastRpcTime:1105, electionTimeout:1105ms
2019-07-09 22:55:52,943 INFO  impl.RoleInfo (RoleInfo.java:shutdownFollowerState(121)) - 0f5b7def-5559-46f7-9d41-828685c9005a: shutdown FollowerState
2019-07-09 22:55:52,943 INFO  impl.RaftServerImpl (RaftServerImpl.java:setRole(171)) - 0f5b7def-5559-46f7-9d41-828685c9005a:group-F3674B5E7972 changes role from FOLLOWER to CANDIDATE at term 0 for changeToCandidate
2019-07-09 22:55:52,943 INFO  impl.RoleInfo (RoleInfo.java:updateAndGet(143)) - 0f5b7def-5559-46f7-9d41-828685c9005a: start LeaderElection
2019-07-09 22:55:52,946 INFO  impl.LeaderElection (LeaderElection.java:askForVotes(181)) - 0f5b7def-5559-46f7-9d41-828685c9005a:group-26C44700D253:LeaderElection3: begin an election at term 1 for -1: [6503dcd8-eb35-4da4-96ba-ea64ed1fa179:192.168.5.174:41751, 0f5b7def-5559-46f7-9d41-828685c9005a:192.168.5.174:41904, 2ed48bc2-5366-440c-82d9-bb883356c541:192.168.5.174:42375], old=null
2019-07-09 22:55:52,951 INFO  impl.LeaderElection (LeaderElection.java:askForVotes(181)) - 0f5b7def-5559-46f7-9d41-828685c9005a:group-F3674B5E7972:LeaderElection4: begin an election at term 1 for -1: [0f5b7def-5559-46f7-9d41-828685c9005a:192.168.5.174:41904], old=null
2019-07-09 22:55:52,951 INFO  impl.RoleInfo (RoleInfo.java:shutdownLeaderElection(134)) - 0f5b7def-5559-46f7-9d41-828685c9005a: shutdown LeaderElection
2019-07-09 22:55:52,951 INFO  impl.RaftServerImpl (RaftServerImpl.java:setRole(171)) - 0f5b7def-5559-46f7-9d41-828685c9005a:group-F3674B5E7972 changes role from CANDIDATE to LEADER at term 1 for changeToLeader
2019-07-09 22:55:52,952 INFO  impl.RaftServerImpl (ServerState.java:setLeader(263)) - 0f5b7def-5559-46f7-9d41-828685c9005a:group-F3674B5E7972 change Leader from null to 0f5b7def-5559-46f7-9d41-828685c9005a at term 1 for becomeLeader, leader elected after 1118ms
2019-07-09 22:55:52,952 INFO  server.RaftServerConfigKeys (ConfUtils.java:logGet(43)) - raft.server.staging.catchup.gap = 1000 (default)
2019-07-09 22:55:52,952 INFO  server.RaftServerConfigKeys (ConfUtils.java:logGet(43)) - raft.server.rpc.sleep.time = 25ms (default)
2019-07-09 22:55:52,952 INFO  server.RaftServerConfigKeys (ConfUtils.java:logGet(43)) - raft.server.write.element-limit = 4096 (default)
2019-07-09 22:55:52,953 INFO  server.RaftServerConfigKeys (ConfUtils.java:logGet(43)) - raft.server.watch.timeout = 10s (default)
2019-07-09 22:55:52,953 INFO  server.RaftServerConfigKeys (ConfUtils.java:logGet(43)) - raft.server.watch.timeout.denomination = 1s (default)
2019-07-09 22:55:52,953 INFO  server.RaftServerConfigKeys (ConfUtils.java:logGet(43)) - raft.server.watch.element-limit = 65536 (default)
2019-07-09 22:55:52,953 INFO  impl.RoleInfo (RoleInfo.java:updateAndGet(143)) - 0f5b7def-5559-46f7-9d41-828685c9005a: start LeaderState
2019-07-09 22:55:52,953 INFO  segmented.SegmentedRaftLogWorker (SegmentedRaftLogWorker.java:startLogSegment(380)) - 0f5b7def-5559-46f7-9d41-828685c9005a-SegmentedRaftLogWorker:Storage Directory /tmp/workdir/hadoop-ozone/tools/target/test-dir/MiniOzoneClusterImpl-6f134ab8-b19a-492c-ac21-b7e4face3262/datanode-2/data/ratis/780ac677-1fc8-4aa2-8bd4-f3674b5e7972: Starting segment from index:0
2019-07-09 22:55:52,954 INFO  impl.RaftServerImpl (ServerState.java:setRaftConf(361)) - 0f5b7def-5559-46f7-9d41-828685c9005a:group-F3674B5E7972 set configuration 0: [0f5b7def-5559-46f7-9d41-828685c9005a:192.168.5.174:41904], old=null at 0
2019-07-09 22:55:52,972 INFO  impl.RaftServerImpl (RaftServerImpl.java:setRole(171)) - 6503dcd8-eb35-4da4-96ba-ea64ed1fa179:group-26C44700D253 changes role from FOLLOWER to FOLLOWER at term 1 for recognizeCandidate:0f5b7def-5559-46f7-9d41-828685c9005a
2019-07-09 22:55:52,972 INFO  impl.RaftServerImpl (RaftServerImpl.java:setRole(171)) - 2ed48bc2-5366-440c-82d9-bb883356c541:group-26C44700D253 changes role from FOLLOWER to FOLLOWER at term 1 for recognizeCandidate:0f5b7def-5559-46f7-9d41-828685c9005a
2019-07-09 22:55:52,972 INFO  impl.RoleInfo (RoleInfo.java:shutdownFollowerState(121)) - 6503dcd8-eb35-4da4-96ba-ea64ed1fa179: shutdown FollowerState
2019-07-09 22:55:52,973 INFO  impl.RoleInfo (RoleInfo.java:shutdownFollowerState(121)) - 2ed48bc2-5366-440c-82d9-bb883356c541: shutdown FollowerState
2019-07-09 22:55:52,973 INFO  impl.RoleInfo (RoleInfo.java:updateAndGet(143)) - 6503dcd8-eb35-4da4-96ba-ea64ed1fa179: start FollowerState
2019-07-09 22:55:52,973 INFO  impl.FollowerState (FollowerState.java:run(114)) - 2ed48bc2-5366-440c-82d9-bb883356c541: FollowerState was interrupted: java.lang.InterruptedException: sleep interrupted
2019-07-09 22:55:52,973 INFO  impl.RoleInfo (RoleInfo.java:updateAndGet(143)) - 2ed48bc2-5366-440c-82d9-bb883356c541: start FollowerState
2019-07-09 22:55:52,973 INFO  impl.FollowerState (FollowerState.java:run(114)) - 6503dcd8-eb35-4da4-96ba-ea64ed1fa179: FollowerState was interrupted: java.lang.InterruptedException: sleep interrupted
2019-07-09 22:55:52,998 INFO  impl.LeaderElection (LeaderElection.java:logAndReturn(56)) - 0f5b7def-5559-46f7-9d41-828685c9005a:group-26C44700D253:LeaderElection3: Election PASSED; received 1 response(s) [0f5b7def-5559-46f7-9d41-828685c9005a<-6503dcd8-eb35-4da4-96ba-ea64ed1fa179#0:OK-t1] and 0 exception(s); 0f5b7def-5559-46f7-9d41-828685c9005a:t1, leader=null, voted=0f5b7def-5559-46f7-9d41-828685c9005a, raftlog=0f5b7def-5559-46f7-9d41-828685c9005a-SegmentedRaftLog:OPENED:c-1,f-1,i0, conf=-1: [6503dcd8-eb35-4da4-96ba-ea64ed1fa179:192.168.5.174:41751, 0f5b7def-5559-46f7-9d41-828685c9005a:192.168.5.174:41904, 2ed48bc2-5366-440c-82d9-bb883356c541:192.168.5.174:42375], old=null
2019-07-09 22:55:52,998 INFO  impl.RoleInfo (RoleInfo.java:shutdownLeaderElection(134)) - 0f5b7def-5559-46f7-9d41-828685c9005a: shutdown LeaderElection
2019-07-09 22:55:52,999 INFO  impl.RaftServerImpl (RaftServerImpl.java:setRole(171)) - 0f5b7def-5559-46f7-9d41-828685c9005a:group-26C44700D253 changes role from CANDIDATE to LEADER at term 1 for changeToLeader
2019-07-09 22:55:53,000 INFO  impl.RaftServerImpl (ServerState.java:setLeader(263)) - 0f5b7def-5559-46f7-9d41-828685c9005a:group-26C44700D253 change Leader from null to 0f5b7def-5559-46f7-9d41-828685c9005a at term 1 for becomeLeader, leader elected after 1105ms
2019-07-09 22:55:53,001 INFO  server.RaftServerConfigKeys (ConfUtils.java:logGet(43)) - raft.server.staging.catchup.gap = 1000 (default)
2019-07-09 22:55:53,001 INFO  server.RaftServerConfigKeys (ConfUtils.java:logGet(43)) - raft.server.rpc.sleep.time = 25ms (default)
2019-07-09 22:55:53,001 INFO  server.RaftServerConfigKeys (ConfUtils.java:logGet(43)) - raft.server.write.element-limit = 4096 (default)
2019-07-09 22:55:53,001 INFO  server.RaftServerConfigKeys (ConfUtils.java:logGet(43)) - raft.server.watch.timeout = 10s (default)
2019-07-09 22:55:53,002 INFO  server.RaftServerConfigKeys (ConfUtils.java:logGet(43)) - raft.server.watch.timeout.denomination = 1s (default)
2019-07-09 22:55:53,002 INFO  server.RaftServerConfigKeys (ConfUtils.java:logGet(43)) - raft.server.watch.element-limit = 65536 (default)
2019-07-09 22:55:53,006 INFO  server.RaftServerConfigKeys (ConfUtils.java:logGet(43)) - raft.server.log.appender.snapshot.chunk.size.max = 16MB (=16777216) (default)
2019-07-09 22:55:53,006 INFO  server.RaftServerConfigKeys (ConfUtils.java:logGet(43)) - raft.server.log.appender.buffer.byte-limit = 33554432 (custom)
2019-07-09 22:55:53,007 INFO  server.RaftServerConfigKeys (ConfUtils.java:logGet(43)) - raft.server.log.appender.buffer.element-limit = 1 (custom)
2019-07-09 22:55:53,011 INFO  grpc.GrpcConfigKeys$Server (ConfUtils.java:logGet(43)) - raft.grpc.server.leader.outstanding.appends.max = 128 (default)
2019-07-09 22:55:53,012 INFO  server.RaftServerConfigKeys (ConfUtils.java:logGet(43)) - raft.server.rpc.request.timeout = 3000ms (default)
2019-07-09 22:55:53,012 INFO  server.RaftServerConfigKeys (ConfUtils.java:logGet(43)) - raft.server.log.appender.install.snapshot.enabled = false (custom)
2019-07-09 22:55:53,012 INFO  server.RaftServerConfigKeys (ConfUtils.java:logGet(43)) - raft.server.log.appender.snapshot.chunk.size.max = 16MB (=16777216) (default)
2019-07-09 22:55:53,012 INFO  server.RaftServerConfigKeys (ConfUtils.java:logGet(43)) - raft.server.log.appender.buffer.byte-limit = 33554432 (custom)
2019-07-09 22:55:53,013 INFO  server.RaftServerConfigKeys (ConfUtils.java:logGet(43)) - raft.server.log.appender.buffer.element-limit = 1 (custom)
2019-07-09 22:55:53,013 INFO  grpc.GrpcConfigKeys$Server (ConfUtils.java:logGet(43)) - raft.grpc.server.leader.outstanding.appends.max = 128 (default)
2019-07-09 22:55:53,013 INFO  server.RaftServerConfigKeys (ConfUtils.java:logGet(43)) - raft.server.rpc.request.timeout = 3000ms (default)
2019-07-09 22:55:53,014 INFO  server.RaftServerConfigKeys (ConfUtils.java:logGet(43)) - raft.server.log.appender.install.snapshot.enabled = false (custom)
2019-07-09 22:55:53,015 INFO  impl.RoleInfo (RoleInfo.java:updateAndGet(143)) - 0f5b7def-5559-46f7-9d41-828685c9005a: start LeaderState
2019-07-09 22:55:53,016 INFO  segmented.SegmentedRaftLogWorker (SegmentedRaftLogWorker.java:startLogSegment(380)) - 0f5b7def-5559-46f7-9d41-828685c9005a-SegmentedRaftLogWorker:Storage Directory /tmp/workdir/hadoop-ozone/tools/target/test-dir/MiniOzoneClusterImpl-6f134ab8-b19a-492c-ac21-b7e4face3262/datanode-2/data/ratis/16b7c748-018e-4af9-b6f5-26c44700d253: Starting segment from index:0
2019-07-09 22:55:53,017 INFO  impl.RaftServerImpl (ServerState.java:setRaftConf(361)) - 0f5b7def-5559-46f7-9d41-828685c9005a:group-26C44700D253 set configuration 0: [6503dcd8-eb35-4da4-96ba-ea64ed1fa179:192.168.5.174:41751, 0f5b7def-5559-46f7-9d41-828685c9005a:192.168.5.174:41904, 2ed48bc2-5366-440c-82d9-bb883356c541:192.168.5.174:42375], old=null at 0
2019-07-09 22:55:53,038 INFO  impl.RaftServerImpl (ServerState.java:setLeader(263)) - 2ed48bc2-5366-440c-82d9-bb883356c541:group-26C44700D253 change Leader from null to 0f5b7def-5559-46f7-9d41-828685c9005a at term 1 for appendEntries, leader elected after 1143ms
2019-07-09 22:55:53,038 INFO  impl.RaftServerImpl (ServerState.java:setLeader(263)) - 6503dcd8-eb35-4da4-96ba-ea64ed1fa179:group-26C44700D253 change Leader from null to 0f5b7def-5559-46f7-9d41-828685c9005a at term 1 for appendEntries, leader elected after 1143ms
2019-07-09 22:55:53,075 INFO  segmented.SegmentedRaftLogWorker (SegmentedRaftLogWorker.java:execute(569)) - 6503dcd8-eb35-4da4-96ba-ea64ed1fa179-SegmentedRaftLogWorker:Storage Directory /tmp/workdir/hadoop-ozone/tools/target/test-dir/MiniOzoneClusterImpl-6f134ab8-b19a-492c-ac21-b7e4face3262/datanode-1/data/ratis/433e0f09-6f17-4c15-b58e-b6b725d815e7: created new log segment /tmp/workdir/hadoop-ozone/tools/target/test-dir/MiniOzoneClusterImpl-6f134ab8-b19a-492c-ac21-b7e4face3262/datanode-1/data/ratis/433e0f09-6f17-4c15-b58e-b6b725d815e7/current/log_inprogress_0
2019-07-09 22:55:53,075 INFO  segmented.SegmentedRaftLogWorker (SegmentedRaftLogWorker.java:execute(569)) - 0f5b7def-5559-46f7-9d41-828685c9005a-SegmentedRaftLogWorker:Storage Directory /tmp/workdir/hadoop-ozone/tools/target/test-dir/MiniOzoneClusterImpl-6f134ab8-b19a-492c-ac21-b7e4face3262/datanode-2/data/ratis/780ac677-1fc8-4aa2-8bd4-f3674b5e7972: created new log segment /tmp/workdir/hadoop-ozone/tools/target/test-dir/MiniOzoneClusterImpl-6f134ab8-b19a-492c-ac21-b7e4face3262/datanode-2/data/ratis/780ac677-1fc8-4aa2-8bd4-f3674b5e7972/current/log_inprogress_0
2019-07-09 22:55:53,075 INFO  segmented.SegmentedRaftLogWorker (SegmentedRaftLogWorker.java:execute(569)) - 2ed48bc2-5366-440c-82d9-bb883356c541-SegmentedRaftLogWorker:Storage Directory /tmp/workdir/hadoop-ozone/tools/target/test-dir/MiniOzoneClusterImpl-6f134ab8-b19a-492c-ac21-b7e4face3262/datanode-0/data/ratis/fc7ea990-1f19-4c9a-8d97-dba1f9a27b62: created new log segment /tmp/workdir/hadoop-ozone/tools/target/test-dir/MiniOzoneClusterImpl-6f134ab8-b19a-492c-ac21-b7e4face3262/datanode-0/data/ratis/fc7ea990-1f19-4c9a-8d97-dba1f9a27b62/current/log_inprogress_0
2019-07-09 22:55:53,075 INFO  segmented.SegmentedRaftLogWorker (SegmentedRaftLogWorker.java:execute(569)) - 0f5b7def-5559-46f7-9d41-828685c9005a-SegmentedRaftLogWorker:Storage Directory /tmp/workdir/hadoop-ozone/tools/target/test-dir/MiniOzoneClusterImpl-6f134ab8-b19a-492c-ac21-b7e4face3262/datanode-2/data/ratis/16b7c748-018e-4af9-b6f5-26c44700d253: created new log segment /tmp/workdir/hadoop-ozone/tools/target/test-dir/MiniOzoneClusterImpl-6f134ab8-b19a-492c-ac21-b7e4face3262/datanode-2/data/ratis/16b7c748-018e-4af9-b6f5-26c44700d253/current/log_inprogress_0
2019-07-09 22:55:53,083 INFO  impl.RaftServerImpl (ServerState.java:setRaftConf(361)) - 2ed48bc2-5366-440c-82d9-bb883356c541:group-26C44700D253 set configuration 0: [6503dcd8-eb35-4da4-96ba-ea64ed1fa179:192.168.5.174:41751, 0f5b7def-5559-46f7-9d41-828685c9005a:192.168.5.174:41904, 2ed48bc2-5366-440c-82d9-bb883356c541:192.168.5.174:42375], old=null at 0
2019-07-09 22:55:53,083 INFO  impl.RaftServerImpl (ServerState.java:setRaftConf(361)) - 6503dcd8-eb35-4da4-96ba-ea64ed1fa179:group-26C44700D253 set configuration 0: [6503dcd8-eb35-4da4-96ba-ea64ed1fa179:192.168.5.174:41751, 0f5b7def-5559-46f7-9d41-828685c9005a:192.168.5.174:41904, 2ed48bc2-5366-440c-82d9-bb883356c541:192.168.5.174:42375], old=null at 0
2019-07-09 22:55:53,085 INFO  segmented.SegmentedRaftLogWorker (SegmentedRaftLogWorker.java:startLogSegment(380)) - 2ed48bc2-5366-440c-82d9-bb883356c541-SegmentedRaftLogWorker:Storage Directory /tmp/workdir/hadoop-ozone/tools/target/test-dir/MiniOzoneClusterImpl-6f134ab8-b19a-492c-ac21-b7e4face3262/datanode-0/data/ratis/16b7c748-018e-4af9-b6f5-26c44700d253: Starting segment from index:0
2019-07-09 22:55:53,085 INFO  segmented.SegmentedRaftLogWorker (SegmentedRaftLogWorker.java:startLogSegment(380)) - 6503dcd8-eb35-4da4-96ba-ea64ed1fa179-SegmentedRaftLogWorker:Storage Directory /tmp/workdir/hadoop-ozone/tools/target/test-dir/MiniOzoneClusterImpl-6f134ab8-b19a-492c-ac21-b7e4face3262/datanode-1/data/ratis/16b7c748-018e-4af9-b6f5-26c44700d253: Starting segment from index:0
2019-07-09 22:55:53,104 INFO  segmented.SegmentedRaftLogWorker (SegmentedRaftLogWorker.java:execute(569)) - 2ed48bc2-5366-440c-82d9-bb883356c541-SegmentedRaftLogWorker:Storage Directory /tmp/workdir/hadoop-ozone/tools/target/test-dir/MiniOzoneClusterImpl-6f134ab8-b19a-492c-ac21-b7e4face3262/datanode-0/data/ratis/16b7c748-018e-4af9-b6f5-26c44700d253: created new log segment /tmp/workdir/hadoop-ozone/tools/target/test-dir/MiniOzoneClusterImpl-6f134ab8-b19a-492c-ac21-b7e4face3262/datanode-0/data/ratis/16b7c748-018e-4af9-b6f5-26c44700d253/current/log_inprogress_0
2019-07-09 22:55:53,104 INFO  segmented.SegmentedRaftLogWorker (SegmentedRaftLogWorker.java:execute(569)) - 6503dcd8-eb35-4da4-96ba-ea64ed1fa179-SegmentedRaftLogWorker:Storage Directory /tmp/workdir/hadoop-ozone/tools/target/test-dir/MiniOzoneClusterImpl-6f134ab8-b19a-492c-ac21-b7e4face3262/datanode-1/data/ratis/16b7c748-018e-4af9-b6f5-26c44700d253: created new log segment /tmp/workdir/hadoop-ozone/tools/target/test-dir/MiniOzoneClusterImpl-6f134ab8-b19a-492c-ac21-b7e4face3262/datanode-1/data/ratis/16b7c748-018e-4af9-b6f5-26c44700d253/current/log_inprogress_0
 0.00% |█                                                                                                    |  0/1 Time: 0:00:012019-07-09 22:55:53,907 INFO  client.GrpcClientProtocolClient (GrpcClientProtocolClient.java:onNext(255)) - client-9BF4B7FC7599->2ed48bc2-5366-440c-82d9-bb883356c541: receive RaftClientReply:client-9BF4B7FC7599->2ed48bc2-5366-440c-82d9-bb883356c541@group-26C44700D253, cid=6, FAILED org.apache.ratis.protocol.NotLeaderException: Server 2ed48bc2-5366-440c-82d9-bb883356c541 is not the leader (0f5b7def-5559-46f7-9d41-828685c9005a:192.168.5.174:41904). Request must be sent to leader., logIndex=0, commits[2ed48bc2-5366-440c-82d9-bb883356c541:c0, 6503dcd8-eb35-4da4-96ba-ea64ed1fa179:c-1, 0f5b7def-5559-46f7-9d41-828685c9005a:c0]
2019-07-09 22:55:54,289 INFO  client.GrpcClientProtocolClient (GrpcClientProtocolClient.java:onNext(255)) - client-9BF4B7FC7599->0f5b7def-5559-46f7-9d41-828685c9005a: receive RaftClientReply:client-9BF4B7FC7599->0f5b7def-5559-46f7-9d41-828685c9005a@group-26C44700D253, cid=6, SUCCESS, logIndex=1, commits[0f5b7def-5559-46f7-9d41-828685c9005a:c1, 6503dcd8-eb35-4da4-96ba-ea64ed1fa179:c0, 2ed48bc2-5366-440c-82d9-bb883356c541:c0]
2019-07-09 22:55:54,370 INFO  client.GrpcClientProtocolClient (GrpcClientProtocolClient.java:onNext(255)) - client-9BF4B7FC7599->0f5b7def-5559-46f7-9d41-828685c9005a: receive RaftClientReply:client-9BF4B7FC7599->0f5b7def-5559-46f7-9d41-828685c9005a@group-26C44700D253, cid=7, SUCCESS, logIndex=3, commits[0f5b7def-5559-46f7-9d41-828685c9005a:c8, 6503dcd8-eb35-4da4-96ba-ea64ed1fa179:c6, 2ed48bc2-5366-440c-82d9-bb883356c541:c6]
2019-07-09 22:55:54,375 INFO  client.GrpcClientProtocolClient (GrpcClientProtocolClient.java:onNext(255)) - client-9BF4B7FC7599->0f5b7def-5559-46f7-9d41-828685c9005a: receive RaftClientReply:client-9BF4B7FC7599->0f5b7def-5559-46f7-9d41-828685c9005a@group-26C44700D253, cid=8, SUCCESS, logIndex=5, commits[0f5b7def-5559-46f7-9d41-828685c9005a:c8, 6503dcd8-eb35-4da4-96ba-ea64ed1fa179:c6, 2ed48bc2-5366-440c-82d9-bb883356c541:c6]
2019-07-09 22:55:54,411 INFO  client.GrpcClientProtocolClient (GrpcClientProtocolClient.java:onNext(255)) - client-9BF4B7FC7599->0f5b7def-5559-46f7-9d41-828685c9005a: receive RaftClientReply:client-9BF4B7FC7599->0f5b7def-5559-46f7-9d41-828685c9005a@group-26C44700D253, cid=9, SUCCESS, logIndex=6, commits[0f5b7def-5559-46f7-9d41-828685c9005a:c8, 6503dcd8-eb35-4da4-96ba-ea64ed1fa179:c6, 2ed48bc2-5366-440c-82d9-bb883356c541:c6]
 0.00% |█                                                                                                    |  0/1 Time: 0:00:022019-07-09 22:55:54,464 INFO  client.GrpcClientProtocolClient (GrpcClientProtocolClient.java:onNext(255)) - client-9BF4B7FC7599->0f5b7def-5559-46f7-9d41-828685c9005a: receive RaftClientReply:client-9BF4B7FC7599->0f5b7def-5559-46f7-9d41-828685c9005a@group-26C44700D253, cid=10, SUCCESS, logIndex=9, commits[0f5b7def-5559-46f7-9d41-828685c9005a:c10, 6503dcd8-eb35-4da4-96ba-ea64ed1fa179:c8, 2ed48bc2-5366-440c-82d9-bb883356c541:c8]
2019-07-09 22:55:54,466 INFO  client.GrpcClientProtocolClient (GrpcClientProtocolClient.java:onNext(255)) - client-9BF4B7FC7599->0f5b7def-5559-46f7-9d41-828685c9005a: receive RaftClientReply:client-9BF4B7FC7599->0f5b7def-5559-46f7-9d41-828685c9005a@group-26C44700D253, cid=11, SUCCESS, logIndex=10, commits[0f5b7def-5559-46f7-9d41-828685c9005a:c10, 6503dcd8-eb35-4da4-96ba-ea64ed1fa179:c8, 2ed48bc2-5366-440c-82d9-bb883356c541:c8]
2019-07-09 22:55:54,468 INFO  client.GrpcClientProtocolClient (GrpcClientProtocolClient.java:onNext(255)) - client-9BF4B7FC7599->0f5b7def-5559-46f7-9d41-828685c9005a: receive RaftClientReply:client-9BF4B7FC7599->0f5b7def-5559-46f7-9d41-828685c9005a@group-26C44700D253, cid=12, SUCCESS, logIndex=11, commits[0f5b7def-5559-46f7-9d41-828685c9005a:c12, 6503dcd8-eb35-4da4-96ba-ea64ed1fa179:c8, 2ed48bc2-5366-440c-82d9-bb883356c541:c8]
2019-07-09 22:55:54,472 INFO  client.GrpcClientProtocolClient (GrpcClientProtocolClient.java:onNext(255)) - client-9BF4B7FC7599->0f5b7def-5559-46f7-9d41-828685c9005a: receive RaftClientReply:client-9BF4B7FC7599->0f5b7def-5559-46f7-9d41-828685c9005a@group-26C44700D253, cid=13, SUCCESS, logIndex=12, commits[0f5b7def-5559-46f7-9d41-828685c9005a:c12, 6503dcd8-eb35-4da4-96ba-ea64ed1fa179:c8, 2ed48bc2-5366-440c-82d9-bb883356c541:c8]
2019-07-09 22:55:54,499 INFO  client.GrpcClientProtocolClient (GrpcClientProtocolClient.java:onNext(255)) - client-9BF4B7FC7599->0f5b7def-5559-46f7-9d41-828685c9005a: receive RaftClientReply:client-9BF4B7FC7599->0f5b7def-5559-46f7-9d41-828685c9005a@group-26C44700D253, cid=14, SUCCESS, logIndex=0, commits[0f5b7def-5559-46f7-9d41-828685c9005a:c16, 6503dcd8-eb35-4da4-96ba-ea64ed1fa179:c12, 2ed48bc2-5366-440c-82d9-bb883356c541:c12]
2019-07-09 22:55:54,506 INFO  client.GrpcClientProtocolClient (GrpcClientProtocolClient.java:onNext(255)) - client-9BF4B7FC7599->0f5b7def-5559-46f7-9d41-828685c9005a: receive RaftClientReply:client-9BF4B7FC7599->0f5b7def-5559-46f7-9d41-828685c9005a@group-26C44700D253, cid=15, SUCCESS, logIndex=0, commits[0f5b7def-5559-46f7-9d41-828685c9005a:c16, 6503dcd8-eb35-4da4-96ba-ea64ed1fa179:c12, 2ed48bc2-5366-440c-82d9-bb883356c541:c12]
2019-07-09 22:55:54,630 INFO  client.GrpcClientProtocolClient (GrpcClientProtocolClient.java:onNext(255)) - client-9BF4B7FC7599->0f5b7def-5559-46f7-9d41-828685c9005a: receive RaftClientReply:client-9BF4B7FC7599->0f5b7def-5559-46f7-9d41-828685c9005a@group-26C44700D253, cid=16, SUCCESS, logIndex=17, commits[0f5b7def-5559-46f7-9d41-828685c9005a:c20, 6503dcd8-eb35-4da4-96ba-ea64ed1fa179:c16, 2ed48bc2-5366-440c-82d9-bb883356c541:c16]
2019-07-09 22:55:54,668 INFO  client.GrpcClientProtocolClient (GrpcClientProtocolClient.java:onNext(255)) - client-9BF4B7FC7599->0f5b7def-5559-46f7-9d41-828685c9005a: receive RaftClientReply:client-9BF4B7FC7599->0f5b7def-5559-46f7-9d41-828685c9005a@group-26C44700D253, cid=17, SUCCESS, logIndex=18, commits[0f5b7def-5559-46f7-9d41-828685c9005a:c24, 6503dcd8-eb35-4da4-96ba-ea64ed1fa179:c20, 2ed48bc2-5366-440c-82d9-bb883356c541:c20]
2019-07-09 22:55:54,669 INFO  client.GrpcClientProtocolClient (GrpcClientProtocolClient.java:onNext(255)) - client-9BF4B7FC7599->0f5b7def-5559-46f7-9d41-828685c9005a: receive RaftClientReply:client-9BF4B7FC7599->0f5b7def-5559-46f7-9d41-828685c9005a@group-26C44700D253, cid=18, SUCCESS, logIndex=19, commits[0f5b7def-5559-46f7-9d41-828685c9005a:c24, 6503dcd8-eb35-4da4-96ba-ea64ed1fa179:c20, 2ed48bc2-5366-440c-82d9-bb883356c541:c20]
2019-07-09 22:55:54,813 INFO  client.GrpcClientProtocolClient (GrpcClientProtocolClient.java:onNext(255)) - client-9BF4B7FC7599->0f5b7def-5559-46f7-9d41-828685c9005a: receive RaftClientReply:client-9BF4B7FC7599->0f5b7def-5559-46f7-9d41-828685c9005a@group-26C44700D253, cid=19, SUCCESS, logIndex=20, commits[0f5b7def-5559-46f7-9d41-828685c9005a:c24, 6503dcd8-eb35-4da4-96ba-ea64ed1fa179:c20, 2ed48bc2-5366-440c-82d9-bb883356c541:c20]
2019-07-09 22:55:54,854 INFO  client.GrpcClientProtocolClient (GrpcClientProtocolClient.java:onNext(255)) - client-9BF4B7FC7599->0f5b7def-5559-46f7-9d41-828685c9005a: receive RaftClientReply:client-9BF4B7FC7599->0f5b7def-5559-46f7-9d41-828685c9005a@group-26C44700D253, cid=20, SUCCESS, logIndex=25, commits[0f5b7def-5559-46f7-9d41-828685c9005a:c25, 6503dcd8-eb35-4da4-96ba-ea64ed1fa179:c20, 2ed48bc2-5366-440c-82d9-bb883356c541:c24]
2019-07-09 22:55:54,856 INFO  client.GrpcClientProtocolClient (GrpcClientProtocolClient.java:onNext(255)) - client-9BF4B7FC7599->0f5b7def-5559-46f7-9d41-828685c9005a: receive RaftClientReply:client-9BF4B7FC7599->0f5b7def-5559-46f7-9d41-828685c9005a@group-26C44700D253, cid=21, SUCCESS, logIndex=26, commits[0f5b7def-5559-46f7-9d41-828685c9005a:c26, 6503dcd8-eb35-4da4-96ba-ea64ed1fa179:c24, 2ed48bc2-5366-440c-82d9-bb883356c541:c24]
2019-07-09 22:55:54,869 INFO  client.GrpcClientProtocolClient (GrpcClientProtocolClient.java:onNext(255)) - client-9BF4B7FC7599->0f5b7def-5559-46f7-9d41-828685c9005a: receive RaftClientReply:client-9BF4B7FC7599->0f5b7def-5559-46f7-9d41-828685c9005a@group-26C44700D253, cid=22, SUCCESS, logIndex=27, commits[0f5b7def-5559-46f7-9d41-828685c9005a:c29, 6503dcd8-eb35-4da4-96ba-ea64ed1fa179:c26, 2ed48bc2-5366-440c-82d9-bb883356c541:c24]
2019-07-09 22:55:54,871 INFO  client.GrpcClientProtocolClient (GrpcClientProtocolClient.java:onNext(255)) - client-9BF4B7FC7599->0f5b7def-5559-46f7-9d41-828685c9005a: receive RaftClientReply:client-9BF4B7FC7599->0f5b7def-5559-46f7-9d41-828685c9005a@group-26C44700D253, cid=23, SUCCESS, logIndex=28, commits[0f5b7def-5559-46f7-9d41-828685c9005a:c30, 6503dcd8-eb35-4da4-96ba-ea64ed1fa179:c26, 2ed48bc2-5366-440c-82d9-bb883356c541:c26]
2019-07-09 22:55:54,882 INFO  client.GrpcClientProtocolClient (GrpcClientProtocolClient.java:onNext(255)) - client-9BF4B7FC7599->0f5b7def-5559-46f7-9d41-828685c9005a: receive RaftClientReply:client-9BF4B7FC7599->0f5b7def-5559-46f7-9d41-828685c9005a@group-26C44700D253, cid=24, SUCCESS, logIndex=0, commits[0f5b7def-5559-46f7-9d41-828685c9005a:c32, 6503dcd8-eb35-4da4-96ba-ea64ed1fa179:c29, 2ed48bc2-5366-440c-82d9-bb883356c541:c29]
2019-07-09 22:55:55,052 INFO  client.GrpcClientProtocolClient (GrpcClientProtocolClient.java:onNext(255)) - client-9BF4B7FC7599->0f5b7def-5559-46f7-9d41-828685c9005a: receive RaftClientReply:client-9BF4B7FC7599->0f5b7def-5559-46f7-9d41-828685c9005a@group-26C44700D253, cid=25, SUCCESS, logIndex=33, commits[0f5b7def-5559-46f7-9d41-828685c9005a:c36, 6503dcd8-eb35-4da4-96ba-ea64ed1fa179:c32, 2ed48bc2-5366-440c-82d9-bb883356c541:c32]
2019-07-09 22:55:55,085 INFO  client.GrpcClientProtocolClient (GrpcClientProtocolClient.java:onNext(255)) - client-9BF4B7FC7599->0f5b7def-5559-46f7-9d41-828685c9005a: receive RaftClientReply:client-9BF4B7FC7599->0f5b7def-5559-46f7-9d41-828685c9005a@group-26C44700D253, cid=26, SUCCESS, logIndex=34, commits[0f5b7def-5559-46f7-9d41-828685c9005a:c39, 6503dcd8-eb35-4da4-96ba-ea64ed1fa179:c36, 2ed48bc2-5366-440c-82d9-bb883356c541:c36]
2019-07-09 22:55:55,086 INFO  client.GrpcClientProtocolClient (GrpcClientProtocolClient.java:onNext(255)) - client-9BF4B7FC7599->0f5b7def-5559-46f7-9d41-828685c9005a: receive RaftClientReply:client-9BF4B7FC7599->0f5b7def-5559-46f7-9d41-828685c9005a@group-26C44700D253, cid=27, SUCCESS, logIndex=35, commits[0f5b7def-5559-46f7-9d41-828685c9005a:c39, 6503dcd8-eb35-4da4-96ba-ea64ed1fa179:c36, 2ed48bc2-5366-440c-82d9-bb883356c541:c36]
2019-07-09 22:55:55,137 INFO  client.GrpcClientProtocolClient (GrpcClientProtocolClient.java:onNext(255)) - client-9BF4B7FC7599->0f5b7def-5559-46f7-9d41-828685c9005a: receive RaftClientReply:client-9BF4B7FC7599->0f5b7def-5559-46f7-9d41-828685c9005a@group-26C44700D253, cid=28, SUCCESS, logIndex=36, commits[0f5b7def-5559-46f7-9d41-828685c9005a:c39, 6503dcd8-eb35-4da4-96ba-ea64ed1fa179:c36, 2ed48bc2-5366-440c-82d9-bb883356c541:c36]
2019-07-09 22:55:55,167 INFO  client.GrpcClientProtocolClient (GrpcClientProtocolClient.java:onNext(255)) - client-9BF4B7FC7599->0f5b7def-5559-46f7-9d41-828685c9005a: receive RaftClientReply:client-9BF4B7FC7599->0f5b7def-5559-46f7-9d41-828685c9005a@group-26C44700D253, cid=29, SUCCESS, logIndex=40, commits[0f5b7def-5559-46f7-9d41-828685c9005a:c41, 6503dcd8-eb35-4da4-96ba-ea64ed1fa179:c36, 2ed48bc2-5366-440c-82d9-bb883356c541:c39]
2019-07-09 22:55:55,168 INFO  client.GrpcClientProtocolClient (GrpcClientProtocolClient.java:onNext(255)) - client-9BF4B7FC7599->0f5b7def-5559-46f7-9d41-828685c9005a: receive RaftClientReply:client-9BF4B7FC7599->0f5b7def-5559-46f7-9d41-828685c9005a@group-26C44700D253, cid=30, SUCCESS, logIndex=41, commits[0f5b7def-5559-46f7-9d41-828685c9005a:c41, 6503dcd8-eb35-4da4-96ba-ea64ed1fa179:c36, 2ed48bc2-5366-440c-82d9-bb883356c541:c39]
2019-07-09 22:55:55,174 INFO  client.GrpcClientProtocolClient (GrpcClientProtocolClient.java:onNext(255)) - client-9BF4B7FC7599->0f5b7def-5559-46f7-9d41-828685c9005a: receive RaftClientReply:client-9BF4B7FC7599->0f5b7def-5559-46f7-9d41-828685c9005a@group-26C44700D253, cid=31, SUCCESS, logIndex=42, commits[0f5b7def-5559-46f7-9d41-828685c9005a:c45, 6503dcd8-eb35-4da4-96ba-ea64ed1fa179:c39, 2ed48bc2-5366-440c-82d9-bb883356c541:c41]
2019-07-09 22:55:55,175 INFO  client.GrpcClientProtocolClient (GrpcClientProtocolClient.java:onNext(255)) - client-9BF4B7FC7599->0f5b7def-5559-46f7-9d41-828685c9005a: receive RaftClientReply:client-9BF4B7FC7599->0f5b7def-5559-46f7-9d41-828685c9005a@group-26C44700D253, cid=32, SUCCESS, logIndex=43, commits[0f5b7def-5559-46f7-9d41-828685c9005a:c45, 6503dcd8-eb35-4da4-96ba-ea64ed1fa179:c41, 2ed48bc2-5366-440c-82d9-bb883356c541:c41]
2019-07-09 22:55:55,182 INFO  client.GrpcClientProtocolClient (GrpcClientProtocolClient.java:onNext(255)) - client-9BF4B7FC7599->0f5b7def-5559-46f7-9d41-828685c9005a: receive RaftClientReply:client-9BF4B7FC7599->0f5b7def-5559-46f7-9d41-828685c9005a@group-26C44700D253, cid=33, SUCCESS, logIndex=0, commits[0f5b7def-5559-46f7-9d41-828685c9005a:c46, 6503dcd8-eb35-4da4-96ba-ea64ed1fa179:c44, 2ed48bc2-5366-440c-82d9-bb883356c541:c43]
2019-07-09 22:55:55,214 INFO  client.GrpcClientProtocolClient (GrpcClientProtocolClient.java:onNext(255)) - client-9BF4B7FC7599->0f5b7def-5559-46f7-9d41-828685c9005a: receive RaftClientReply:client-9BF4B7FC7599->0f5b7def-5559-46f7-9d41-828685c9005a@group-26C44700D253, cid=34, SUCCESS, logIndex=48, commits[0f5b7def-5559-46f7-9d41-828685c9005a:c49, 6503dcd8-eb35-4da4-96ba-ea64ed1fa179:c44, 2ed48bc2-5366-440c-82d9-bb883356c541:c47]
2019-07-09 22:55:55,215 INFO  client.GrpcClientProtocolClient (GrpcClientProtocolClient.java:onNext(255)) - client-9BF4B7FC7599->0f5b7def-5559-46f7-9d41-828685c9005a: receive RaftClientReply:client-9BF4B7FC7599->0f5b7def-5559-46f7-9d41-828685c9005a@group-26C44700D253, cid=35, SUCCESS, logIndex=49, commits[0f5b7def-5559-46f7-9d41-828685c9005a:c49, 6503dcd8-eb35-4da4-96ba-ea64ed1fa179:c44, 2ed48bc2-5366-440c-82d9-bb883356c541:c47]
2019-07-09 22:55:55,216 INFO  client.GrpcClientProtocolClient (GrpcClientProtocolClient.java:onNext(255)) - client-9BF4B7FC7599->0f5b7def-5559-46f7-9d41-828685c9005a: receive RaftClientReply:client-9BF4B7FC7599->0f5b7def-5559-46f7-9d41-828685c9005a@group-26C44700D253, cid=36, SUCCESS, logIndex=50, commits[0f5b7def-5559-46f7-9d41-828685c9005a:c51, 6503dcd8-eb35-4da4-96ba-ea64ed1fa179:c44, 2ed48bc2-5366-440c-82d9-bb883356c541:c47]
2019-07-09 22:55:55,217 INFO  client.GrpcClientProtocolClient (GrpcClientProtocolClient.java:onNext(255)) - client-9BF4B7FC7599->0f5b7def-5559-46f7-9d41-828685c9005a: receive RaftClientReply:client-9BF4B7FC7599->0f5b7def-5559-46f7-9d41-828685c9005a@group-26C44700D253, cid=37, SUCCESS, logIndex=51, commits[0f5b7def-5559-46f7-9d41-828685c9005a:c51, 6503dcd8-eb35-4da4-96ba-ea64ed1fa179:c44, 2ed48bc2-5366-440c-82d9-bb883356c541:c47]
2019-07-09 22:55:55,221 INFO  client.GrpcClientProtocolClient (GrpcClientProtocolClient.java:onNext(255)) - client-9BF4B7FC7599->0f5b7def-5559-46f7-9d41-828685c9005a: receive RaftClientReply:client-9BF4B7FC7599->0f5b7def-5559-46f7-9d41-828685c9005a@group-26C44700D253, cid=38, SUCCESS, logIndex=0, commits[0f5b7def-5559-46f7-9d41-828685c9005a:c52, 6503dcd8-eb35-4da4-96ba-ea64ed1fa179:c49, 2ed48bc2-5366-440c-82d9-bb883356c541:c49]
2019-07-09 22:55:55,243 INFO  client.GrpcClientProtocolClient (GrpcClientProtocolClient.java:onNext(255)) - client-9BF4B7FC7599->0f5b7def-5559-46f7-9d41-828685c9005a: receive RaftClientReply:client-9BF4B7FC7599->0f5b7def-5559-46f7-9d41-828685c9005a@group-26C44700D253, cid=39, SUCCESS, logIndex=56, commits[0f5b7def-5559-46f7-9d41-828685c9005a:c57, 6503dcd8-eb35-4da4-96ba-ea64ed1fa179:c55, 2ed48bc2-5366-440c-82d9-bb883356c541:c55]
2019-07-09 22:55:55,244 INFO  client.GrpcClientProtocolClient (GrpcClientProtocolClient.java:onNext(255)) - client-9BF4B7FC7599->0f5b7def-5559-46f7-9d41-828685c9005a: receive RaftClientReply:client-9BF4B7FC7599->0f5b7def-5559-46f7-9d41-828685c9005a@group-26C44700D253, cid=40, SUCCESS, logIndex=57, commits[0f5b7def-5559-46f7-9d41-828685c9005a:c57, 6503dcd8-eb35-4da4-96ba-ea64ed1fa179:c55, 2ed48bc2-5366-440c-82d9-bb883356c541:c55]
2019-07-09 22:55:55,265 INFO  client.GrpcClientProtocolClient (GrpcClientProtocolClient.java:onNext(255)) - client-9BF4B7FC7599->0f5b7def-5559-46f7-9d41-828685c9005a: receive RaftClientReply:client-9BF4B7FC7599->0f5b7def-5559-46f7-9d41-828685c9005a@group-26C44700D253, cid=41, SUCCESS, logIndex=60, commits[0f5b7def-5559-46f7-9d41-828685c9005a:c61, 6503dcd8-eb35-4da4-96ba-ea64ed1fa179:c59, 2ed48bc2-5366-440c-82d9-bb883356c541:c59]
2019-07-09 22:55:55,266 INFO  client.GrpcClientProtocolClient (GrpcClientProtocolClient.java:onNext(255)) - client-9BF4B7FC7599->0f5b7def-5559-46f7-9d41-828685c9005a: receive RaftClientReply:client-9BF4B7FC7599->0f5b7def-5559-46f7-9d41-828685c9005a@group-26C44700D253, cid=42, SUCCESS, logIndex=61, commits[0f5b7def-5559-46f7-9d41-828685c9005a:c61, 6503dcd8-eb35-4da4-96ba-ea64ed1fa179:c59, 2ed48bc2-5366-440c-82d9-bb883356c541:c59]
2019-07-09 22:55:55,268 INFO  client.GrpcClientProtocolClient (GrpcClientProtocolClient.java:onNext(255)) - client-9BF4B7FC7599->0f5b7def-5559-46f7-9d41-828685c9005a: receive RaftClientReply:client-9BF4B7FC7599->0f5b7def-5559-46f7-9d41-828685c9005a@group-26C44700D253, cid=43, SUCCESS, logIndex=0, commits[0f5b7def-5559-46f7-9d41-828685c9005a:c62, 6503dcd8-eb35-4da4-96ba-ea64ed1fa179:c61, 2ed48bc2-5366-440c-82d9-bb883356c541:c61]
2019-07-09 22:55:55,289 INFO  client.GrpcClientProtocolClient (GrpcClientProtocolClient.java:onNext(255)) - client-9BF4B7FC7599->0f5b7def-5559-46f7-9d41-828685c9005a: receive RaftClientReply:client-9BF4B7FC7599->0f5b7def-5559-46f7-9d41-828685c9005a@group-26C44700D253, cid=44, SUCCESS, logIndex=64, commits[0f5b7def-5559-46f7-9d41-828685c9005a:c65, 6503dcd8-eb35-4da4-96ba-ea64ed1fa179:c61, 2ed48bc2-5366-440c-82d9-bb883356c541:c63]
2019-07-09 22:55:55,290 INFO  client.GrpcClientProtocolClient (GrpcClientProtocolClient.java:onNext(255)) - client-9BF4B7FC7599->0f5b7def-5559-46f7-9d41-828685c9005a: receive RaftClientReply:client-9BF4B7FC7599->0f5b7def-5559-46f7-9d41-828685c9005a@group-26C44700D253, cid=45, SUCCESS, logIndex=65, commits[0f5b7def-5559-46f7-9d41-828685c9005a:c65, 6503dcd8-eb35-4da4-96ba-ea64ed1fa179:c63, 2ed48bc2-5366-440c-82d9-bb883356c541:c63]
2019-07-09 22:55:55,294 INFO  client.GrpcClientProtocolClient (GrpcClientProtocolClient.java:onNext(255)) - client-9BF4B7FC7599->0f5b7def-5559-46f7-9d41-828685c9005a: receive RaftClientReply:client-9BF4B7FC7599->0f5b7def-5559-46f7-9d41-828685c9005a@group-26C44700D253, cid=46, SUCCESS, logIndex=66, commits[0f5b7def-5559-46f7-9d41-828685c9005a:c68, 6503dcd8-eb35-4da4-96ba-ea64ed1fa179:c63, 2ed48bc2-5366-440c-82d9-bb883356c541:c65]
2019-07-09 22:55:55,295 INFO  client.GrpcClientProtocolClient (GrpcClientProtocolClient.java:onNext(255)) - client-9BF4B7FC7599->0f5b7def-5559-46f7-9d41-828685c9005a: receive RaftClientReply:client-9BF4B7FC7599->0f5b7def-5559-46f7-9d41-828685c9005a@group-26C44700D253, cid=47, SUCCESS, logIndex=67, commits[0f5b7def-5559-46f7-9d41-828685c9005a:c69, 6503dcd8-eb35-4da4-96ba-ea64ed1fa179:c65, 2ed48bc2-5366-440c-82d9-bb883356c541:c65]
2019-07-09 22:55:55,315 INFO  client.GrpcClientProtocolClient (GrpcClientProtocolClient.java:onNext(255)) - client-9BF4B7FC7599->0f5b7def-5559-46f7-9d41-828685c9005a: receive RaftClientReply:client-9BF4B7FC7599->0f5b7def-5559-46f7-9d41-828685c9005a@group-26C44700D253, cid=48, SUCCESS, logIndex=72, commits[0f5b7def-5559-46f7-9d41-828685c9005a:c73, 6503dcd8-eb35-4da4-96ba-ea64ed1fa179:c71, 2ed48bc2-5366-440c-82d9-bb883356c541:c71]
2019-07-09 22:55:55,316 INFO  client.GrpcClientProtocolClient (GrpcClientProtocolClient.java:onNext(255)) - client-9BF4B7FC7599->0f5b7def-5559-46f7-9d41-828685c9005a: receive RaftClientReply:client-9BF4B7FC7599->0f5b7def-5559-46f7-9d41-828685c9005a@group-26C44700D253, cid=49, SUCCESS, logIndex=73, commits[0f5b7def-5559-46f7-9d41-828685c9005a:c73, 6503dcd8-eb35-4da4-96ba-ea64ed1fa179:c71, 2ed48bc2-5366-440c-82d9-bb883356c541:c71]
2019-07-09 22:55:55,335 INFO  client.GrpcClientProtocolClient (GrpcClientProtocolClient.java:onNext(255)) - client-9BF4B7FC7599->0f5b7def-5559-46f7-9d41-828685c9005a: receive RaftClientReply:client-9BF4B7FC7599->0f5b7def-5559-46f7-9d41-828685c9005a@group-26C44700D253, cid=50, SUCCESS, logIndex=76, commits[0f5b7def-5559-46f7-9d41-828685c9005a:c77, 6503dcd8-eb35-4da4-96ba-ea64ed1fa179:c75, 2ed48bc2-5366-440c-82d9-bb883356c541:c75]
2019-07-09 22:55:55,336 INFO  client.GrpcClientProtocolClient (GrpcClientProtocolClient.java:onNext(255)) - client-9BF4B7FC7599->0f5b7def-5559-46f7-9d41-828685c9005a: receive RaftClientReply:client-9BF4B7FC7599->0f5b7def-5559-46f7-9d41-828685c9005a@group-26C44700D253, cid=51, SUCCESS, logIndex=77, commits[0f5b7def-5559-46f7-9d41-828685c9005a:c77, 6503dcd8-eb35-4da4-96ba-ea64ed1fa179:c75, 2ed48bc2-5366-440c-82d9-bb883356c541:c75]
2019-07-09 22:55:55,340 INFO  client.GrpcClientProtocolClient (GrpcClientProtocolClient.java:onNext(255)) - client-9BF4B7FC7599->0f5b7def-5559-46f7-9d41-828685c9005a: receive RaftClientReply:client-9BF4B7FC7599->0f5b7def-5559-46f7-9d41-828685c9005a@group-26C44700D253, cid=52, SUCCESS, logIndex=0, commits[0f5b7def-5559-46f7-9d41-828685c9005a:c79, 6503dcd8-eb35-4da4-96ba-ea64ed1fa179:c77, 2ed48bc2-5366-440c-82d9-bb883356c541:c77]
 100.00% |█████████████████████████████████████████████████████████████████████████████████████████████████████|  1/1 Time: 0:00:03
2019-07-09 22:56:00,862 INFO  pipeline.SCMPipelineManager (SCMPipelineManager.java:finalizeAndDestroyPipeline(307)) - destroying pipeline:Pipeline[ Id: 16b7c748-018e-4af9-b6f5-26c44700d253, Nodes: 6503dcd8-eb35-4da4-96ba-ea64ed1fa179{ip: 192.168.5.174, host: hdds1735-npks7-2624333216, networkLocation: /default-rack, certSerialId: null}2ed48bc2-5366-440c-82d9-bb883356c541{ip: 192.168.5.174, host: hdds1735-npks7-2624333216, networkLocation: /default-rack, certSerialId: null}0f5b7def-5559-46f7-9d41-828685c9005a{ip: 192.168.5.174, host: hdds1735-npks7-2624333216, networkLocation: /default-rack, certSerialId: null}, Type:RATIS, Factor:THREE, State:OPEN]
2019-07-09 22:56:00,864 INFO  pipeline.PipelineStateManager (PipelineStateManager.java:finalizePipeline(123)) - Pipeline Pipeline[ Id: 16b7c748-018e-4af9-b6f5-26c44700d253, Nodes: 6503dcd8-eb35-4da4-96ba-ea64ed1fa179{ip: 192.168.5.174, host: hdds1735-npks7-2624333216, networkLocation: /default-rack, certSerialId: null}2ed48bc2-5366-440c-82d9-bb883356c541{ip: 192.168.5.174, host: hdds1735-npks7-2624333216, networkLocation: /default-rack, certSerialId: null}0f5b7def-5559-46f7-9d41-828685c9005a{ip: 192.168.5.174, host: hdds1735-npks7-2624333216, networkLocation: /default-rack, certSerialId: null}, Type:RATIS, Factor:THREE, State:CLOSED] moved to CLOSED state
2019-07-09 22:56:00,865 INFO  container.CloseContainerEventHandler (CloseContainerEventHandler.java:onMessage(61)) - Close container Event triggered for container : #1
2019-07-09 22:56:00,870 INFO  container.CloseContainerEventHandler (CloseContainerEventHandler.java:onMessage(61)) - Close container Event triggered for container : #2
2019-07-09 22:56:00,871 INFO  container.CloseContainerEventHandler (CloseContainerEventHandler.java:onMessage(61)) - Close container Event triggered for container : #3
2019-07-09 22:56:00,885 INFO  impl.RaftServerProxy (RaftServerProxy.java:remove(95)) - 6503dcd8-eb35-4da4-96ba-ea64ed1fa179: remove FOLLOWER group-26C44700D253 6503dcd8-eb35-4da4-96ba-ea64ed1fa179:t1, leader=0f5b7def-5559-46f7-9d41-828685c9005a, voted=0f5b7def-5559-46f7-9d41-828685c9005a, raftlog=6503dcd8-eb35-4da4-96ba-ea64ed1fa179-SegmentedRaftLog:OPENED:c79,f79,i79, conf=0: [6503dcd8-eb35-4da4-96ba-ea64ed1fa179:192.168.5.174:41751, 0f5b7def-5559-46f7-9d41-828685c9005a:192.168.5.174:41904, 2ed48bc2-5366-440c-82d9-bb883356c541:192.168.5.174:42375], old=null RUNNING
2019-07-09 22:56:00,889 INFO  impl.RaftServerImpl (RaftServerImpl.java:lambda$shutdown$3(245)) - 6503dcd8-eb35-4da4-96ba-ea64ed1fa179: shutdown group-26C44700D253
2019-07-09 22:56:00,889 INFO  util.JmxRegister (JmxRegister.java:unregister(73)) - Successfully un-registered JMX Bean with object name Ratis:service=RaftServer,group=group-26C44700D253,id=6503dcd8-eb35-4da4-96ba-ea64ed1fa179
2019-07-09 22:56:00,890 INFO  impl.RoleInfo (RoleInfo.java:shutdownFollowerState(121)) - 6503dcd8-eb35-4da4-96ba-ea64ed1fa179: shutdown FollowerState
2019-07-09 22:56:00,890 INFO  impl.StateMachineUpdater (StateMachineUpdater.java:stopAndJoin(115)) - StateMachineUpdater:6503dcd8-eb35-4da4-96ba-ea64ed1fa179:group-26C44700D253: set stopIndex = 79
2019-07-09 22:56:00,890 INFO  ratis.ContainerStateMachine (ContainerStateMachine.java:takeSnapshot(244)) - Taking snapshot at termIndex:(t:1, i:77)
2019-07-09 22:56:00,890 INFO  impl.FollowerState (FollowerState.java:run(114)) - 6503dcd8-eb35-4da4-96ba-ea64ed1fa179: FollowerState was interrupted: java.lang.InterruptedException: sleep interrupted
2019-07-09 22:56:00,892 INFO  ratis.ContainerStateMachine (ContainerStateMachine.java:takeSnapshot(248)) - Taking a snapshot to file /tmp/workdir/hadoop-ozone/tools/target/test-dir/MiniOzoneClusterImpl-6f134ab8-b19a-492c-ac21-b7e4face3262/datanode-1/data/ratis/16b7c748-018e-4af9-b6f5-26c44700d253/sm/snapshot.1_77
2019-07-09 22:56:00,905 INFO  impl.StateMachineUpdater (StateMachineUpdater.java:takeSnapshot(242)) - StateMachineUpdater:6503dcd8-eb35-4da4-96ba-ea64ed1fa179:group-26C44700D253: Took a snapshot at index 77
2019-07-09 22:56:00,907 INFO  impl.StateMachineUpdater (StateMachineUpdater.java:lambda$new$0(80)) - StateMachineUpdater:6503dcd8-eb35-4da4-96ba-ea64ed1fa179:group-26C44700D253: snapshotIndex: updateIncreasingly -1 -> 77
2019-07-09 22:56:00,912 INFO  impl.RaftServerImpl (ServerState.java:close(394)) - 6503dcd8-eb35-4da4-96ba-ea64ed1fa179:group-26C44700D253 closes. The last applied log index is 79
2019-07-09 22:56:00,914 INFO  segmented.SegmentedRaftLogWorker (SegmentedRaftLogWorker.java:run(313)) - 6503dcd8-eb35-4da4-96ba-ea64ed1fa179-SegmentedRaftLogWorker:Storage Directory /tmp/workdir/hadoop-ozone/tools/target/test-dir/MiniOzoneClusterImpl-6f134ab8-b19a-492c-ac21-b7e4face3262/datanode-1/data/ratis/16b7c748-018e-4af9-b6f5-26c44700d253 was interrupted, exiting. There are 0 tasks remaining in the queue.
2019-07-09 22:56:00,916 INFO  segmented.SegmentedRaftLogWorker (SegmentedRaftLogWorker.java:close(228)) - 6503dcd8-eb35-4da4-96ba-ea64ed1fa179-SegmentedRaftLogWorker:Storage Directory /tmp/workdir/hadoop-ozone/tools/target/test-dir/MiniOzoneClusterImpl-6f134ab8-b19a-492c-ac21-b7e4face3262/datanode-1/data/ratis/16b7c748-018e-4af9-b6f5-26c44700d253 close()
2019-07-09 22:56:00,940 INFO  impl.RaftServerProxy (RaftServerProxy.java:remove(95)) - 2ed48bc2-5366-440c-82d9-bb883356c541: remove FOLLOWER group-26C44700D253 2ed48bc2-5366-440c-82d9-bb883356c541:t1, leader=0f5b7def-5559-46f7-9d41-828685c9005a, voted=0f5b7def-5559-46f7-9d41-828685c9005a, raftlog=2ed48bc2-5366-440c-82d9-bb883356c541-SegmentedRaftLog:OPENED:c79,f79,i79, conf=0: [6503dcd8-eb35-4da4-96ba-ea64ed1fa179:192.168.5.174:41751, 0f5b7def-5559-46f7-9d41-828685c9005a:192.168.5.174:41904, 2ed48bc2-5366-440c-82d9-bb883356c541:192.168.5.174:42375], old=null RUNNING
2019-07-09 22:56:00,940 INFO  impl.RaftServerImpl (RaftServerImpl.java:lambda$shutdown$3(245)) - 2ed48bc2-5366-440c-82d9-bb883356c541: shutdown group-26C44700D253
2019-07-09 22:56:00,940 INFO  util.JmxRegister (JmxRegister.java:unregister(73)) - Successfully un-registered JMX Bean with object name Ratis:service=RaftServer,group=group-26C44700D253,id=2ed48bc2-5366-440c-82d9-bb883356c541
2019-07-09 22:56:00,941 INFO  impl.RoleInfo (RoleInfo.java:shutdownFollowerState(121)) - 2ed48bc2-5366-440c-82d9-bb883356c541: shutdown FollowerState
2019-07-09 22:56:00,941 INFO  impl.StateMachineUpdater (StateMachineUpdater.java:stopAndJoin(115)) - StateMachineUpdater:2ed48bc2-5366-440c-82d9-bb883356c541:group-26C44700D253: set stopIndex = 79
2019-07-09 22:56:00,941 INFO  impl.FollowerState (FollowerState.java:run(114)) - 2ed48bc2-5366-440c-82d9-bb883356c541: FollowerState was interrupted: java.lang.InterruptedException: sleep interrupted
2019-07-09 22:56:00,941 INFO  ratis.ContainerStateMachine (ContainerStateMachine.java:takeSnapshot(244)) - Taking snapshot at termIndex:(t:1, i:77)
2019-07-09 22:56:00,944 INFO  ratis.ContainerStateMachine (ContainerStateMachine.java:takeSnapshot(248)) - Taking a snapshot to file /tmp/workdir/hadoop-ozone/tools/target/test-dir/MiniOzoneClusterImpl-6f134ab8-b19a-492c-ac21-b7e4face3262/datanode-0/data/ratis/16b7c748-018e-4af9-b6f5-26c44700d253/sm/snapshot.1_77
2019-07-09 22:56:00,944 INFO  impl.StateMachineUpdater (StateMachineUpdater.java:takeSnapshot(242)) - StateMachineUpdater:2ed48bc2-5366-440c-82d9-bb883356c541:group-26C44700D253: Took a snapshot at index 77
2019-07-09 22:56:00,944 INFO  impl.StateMachineUpdater (StateMachineUpdater.java:lambda$new$0(80)) - StateMachineUpdater:2ed48bc2-5366-440c-82d9-bb883356c541:group-26C44700D253: snapshotIndex: updateIncreasingly -1 -> 77
2019-07-09 22:56:00,945 INFO  impl.RaftServerImpl (ServerState.java:close(394)) - 2ed48bc2-5366-440c-82d9-bb883356c541:group-26C44700D253 closes. The last applied log index is 79
2019-07-09 22:56:00,945 INFO  segmented.SegmentedRaftLogWorker (SegmentedRaftLogWorker.java:run(313)) - 2ed48bc2-5366-440c-82d9-bb883356c541-SegmentedRaftLogWorker:Storage Directory /tmp/workdir/hadoop-ozone/tools/target/test-dir/MiniOzoneClusterImpl-6f134ab8-b19a-492c-ac21-b7e4face3262/datanode-0/data/ratis/16b7c748-018e-4af9-b6f5-26c44700d253 was interrupted, exiting. There are 0 tasks remaining in the queue.
2019-07-09 22:56:00,947 INFO  segmented.SegmentedRaftLogWorker (SegmentedRaftLogWorker.java:close(228)) - 2ed48bc2-5366-440c-82d9-bb883356c541-SegmentedRaftLogWorker:Storage Directory /tmp/workdir/hadoop-ozone/tools/target/test-dir/MiniOzoneClusterImpl-6f134ab8-b19a-492c-ac21-b7e4face3262/datanode-0/data/ratis/16b7c748-018e-4af9-b6f5-26c44700d253 close()
2019-07-09 22:56:00,965 INFO  impl.RaftServerProxy (RaftServerProxy.java:remove(95)) - 0f5b7def-5559-46f7-9d41-828685c9005a: remove   LEADER group-26C44700D253 0f5b7def-5559-46f7-9d41-828685c9005a:t1, leader=0f5b7def-5559-46f7-9d41-828685c9005a, voted=0f5b7def-5559-46f7-9d41-828685c9005a, raftlog=0f5b7def-5559-46f7-9d41-828685c9005a-SegmentedRaftLog:OPENED:c79,f79,i79, conf=0: [6503dcd8-eb35-4da4-96ba-ea64ed1fa179:192.168.5.174:41751, 0f5b7def-5559-46f7-9d41-828685c9005a:192.168.5.174:41904, 2ed48bc2-5366-440c-82d9-bb883356c541:192.168.5.174:42375], old=null RUNNING
2019-07-09 22:56:00,965 INFO  impl.RaftServerImpl (RaftServerImpl.java:lambda$shutdown$3(245)) - 0f5b7def-5559-46f7-9d41-828685c9005a: shutdown group-26C44700D253
2019-07-09 22:56:00,965 INFO  util.JmxRegister (JmxRegister.java:unregister(73)) - Successfully un-registered JMX Bean with object name Ratis:service=RaftServer,group=group-26C44700D253,id=0f5b7def-5559-46f7-9d41-828685c9005a
2019-07-09 22:56:00,965 INFO  impl.RoleInfo (RoleInfo.java:shutdownLeaderState(104)) - 0f5b7def-5559-46f7-9d41-828685c9005a: shutdown LeaderState
2019-07-09 22:56:00,969 WARN  server.GrpcLogAppender (GrpcLogAppender.java:mayWait(143)) - GrpcLogAppender(0f5b7def-5559-46f7-9d41-828685c9005a->6503dcd8-eb35-4da4-96ba-ea64ed1fa179): Wait interrupted by java.lang.InterruptedException
2019-07-09 22:56:00,974 INFO  impl.PendingRequests (PendingRequests.java:sendNotLeaderResponses(202)) - 0f5b7def-5559-46f7-9d41-828685c9005a-PendingRequests: sendNotLeaderResponses
2019-07-09 22:56:00,969 WARN  server.GrpcLogAppender (GrpcLogAppender.java:mayWait(143)) - GrpcLogAppender(0f5b7def-5559-46f7-9d41-828685c9005a->2ed48bc2-5366-440c-82d9-bb883356c541): Wait interrupted by java.lang.InterruptedException
2019-07-09 22:56:00,977 INFO  server.GrpcServerProtocolService (GrpcServerProtocolService.java:onCompleted(104)) - 6503dcd8-eb35-4da4-96ba-ea64ed1fa179: appendEntries completed
2019-07-09 22:56:00,977 INFO  server.GrpcServerProtocolService (GrpcServerProtocolService.java:onCompleted(104)) - 2ed48bc2-5366-440c-82d9-bb883356c541: appendEntries completed
2019-07-09 22:56:00,979 INFO  server.GrpcLogAppender (GrpcLogAppender.java:onCompleted(292)) - 0f5b7def-5559-46f7-9d41-828685c9005a->2ed48bc2-5366-440c-82d9-bb883356c541: follower responses appendEntries COMPLETED
2019-07-09 22:56:00,979 INFO  server.GrpcLogAppender (GrpcLogAppender.java:onCompleted(292)) - 0f5b7def-5559-46f7-9d41-828685c9005a->6503dcd8-eb35-4da4-96ba-ea64ed1fa179: follower responses appendEntries COMPLETED
2019-07-09 22:56:00,982 INFO  impl.StateMachineUpdater (StateMachineUpdater.java:stopAndJoin(115)) - StateMachineUpdater:0f5b7def-5559-46f7-9d41-828685c9005a:group-26C44700D253: set stopIndex = 79
2019-07-09 22:56:00,983 INFO  ratis.ContainerStateMachine (ContainerStateMachine.java:takeSnapshot(244)) - Taking snapshot at termIndex:(t:1, i:77)
2019-07-09 22:56:00,986 INFO  ratis.ContainerStateMachine (ContainerStateMachine.java:takeSnapshot(248)) - Taking a snapshot to file /tmp/workdir/hadoop-ozone/tools/target/test-dir/MiniOzoneClusterImpl-6f134ab8-b19a-492c-ac21-b7e4face3262/datanode-2/data/ratis/16b7c748-018e-4af9-b6f5-26c44700d253/sm/snapshot.1_77
2019-07-09 22:56:00,988 INFO  impl.StateMachineUpdater (StateMachineUpdater.java:takeSnapshot(242)) - StateMachineUpdater:0f5b7def-5559-46f7-9d41-828685c9005a:group-26C44700D253: Took a snapshot at index 77
2019-07-09 22:56:00,988 INFO  impl.FollowerInfo (FollowerInfo.java:lambda$new$0(50)) - 0f5b7def-5559-46f7-9d41-828685c9005a->6503dcd8-eb35-4da4-96ba-ea64ed1fa179: nextIndex: updateUnconditionally 80 -> 79
2019-07-09 22:56:00,988 INFO  impl.StateMachineUpdater (StateMachineUpdater.java:lambda$new$0(80)) - StateMachineUpdater:0f5b7def-5559-46f7-9d41-828685c9005a:group-26C44700D253: snapshotIndex: updateIncreasingly -1 -> 77
2019-07-09 22:56:00,988 INFO  impl.FollowerInfo (FollowerInfo.java:lambda$new$0(50)) - 0f5b7def-5559-46f7-9d41-828685c9005a->2ed48bc2-5366-440c-82d9-bb883356c541: nextIndex: updateUnconditionally 80 -> 79
2019-07-09 22:56:00,989 INFO  impl.RaftServerImpl (ServerState.java:close(394)) - 0f5b7def-5559-46f7-9d41-828685c9005a:group-26C44700D253 closes. The last applied log index is 79
2019-07-09 22:56:00,990 INFO  segmented.SegmentedRaftLogWorker (SegmentedRaftLogWorker.java:run(313)) - 0f5b7def-5559-46f7-9d41-828685c9005a-SegmentedRaftLogWorker:Storage Directory /tmp/workdir/hadoop-ozone/tools/target/test-dir/MiniOzoneClusterImpl-6f134ab8-b19a-492c-ac21-b7e4face3262/datanode-2/data/ratis/16b7c748-018e-4af9-b6f5-26c44700d253 was interrupted, exiting. There are 0 tasks remaining in the queue.
2019-07-09 22:56:00,991 INFO  segmented.SegmentedRaftLogWorker (SegmentedRaftLogWorker.java:close(228)) - 0f5b7def-5559-46f7-9d41-828685c9005a-SegmentedRaftLogWorker:Storage Directory /tmp/workdir/hadoop-ozone/tools/target/test-dir/MiniOzoneClusterImpl-6f134ab8-b19a-492c-ac21-b7e4face3262/datanode-2/data/ratis/16b7c748-018e-4af9-b6f5-26c44700d253 close()
2019-07-09 22:56:01,000 INFO  pipeline.PipelineStateManager (PipelineStateManager.java:removePipeline(108)) - Pipeline Pipeline[ Id: 16b7c748-018e-4af9-b6f5-26c44700d253, Nodes: 6503dcd8-eb35-4da4-96ba-ea64ed1fa179{ip: 192.168.5.174, host: hdds1735-npks7-2624333216, networkLocation: /default-rack, certSerialId: null}2ed48bc2-5366-440c-82d9-bb883356c541{ip: 192.168.5.174, host: hdds1735-npks7-2624333216, networkLocation: /default-rack, certSerialId: null}0f5b7def-5559-46f7-9d41-828685c9005a{ip: 192.168.5.174, host: hdds1735-npks7-2624333216, networkLocation: /default-rack, certSerialId: null}, Type:RATIS, Factor:THREE, State:CLOSED] removed from db
2019-07-09 22:56:01,022 INFO  impl.RaftServerProxy (RaftServerProxy.java:addNew(89)) - 6503dcd8-eb35-4da4-96ba-ea64ed1fa179: addNew group-2E60415853D6:[6503dcd8-eb35-4da4-96ba-ea64ed1fa179:192.168.5.174:41751, 0f5b7def-5559-46f7-9d41-828685c9005a:192.168.5.174:41904, 2ed48bc2-5366-440c-82d9-bb883356c541:192.168.5.174:42375] returns group-2E60415853D6:java.util.concurrent.CompletableFuture@288c95d4[Not completed]
2019-07-09 22:56:01,022 INFO  impl.RaftServerProxy (RaftServerProxy.java:addNew(89)) - 2ed48bc2-5366-440c-82d9-bb883356c541: addNew group-2E60415853D6:[6503dcd8-eb35-4da4-96ba-ea64ed1fa179:192.168.5.174:41751, 0f5b7def-5559-46f7-9d41-828685c9005a:192.168.5.174:41904, 2ed48bc2-5366-440c-82d9-bb883356c541:192.168.5.174:42375] returns group-2E60415853D6:java.util.concurrent.CompletableFuture@60418532[Not completed]
2019-07-09 22:56:01,026 INFO  impl.RaftServerImpl (RaftServerImpl.java:<init>(93)) - 2ed48bc2-5366-440c-82d9-bb883356c541: new RaftServerImpl for group-2E60415853D6:[6503dcd8-eb35-4da4-96ba-ea64ed1fa179:192.168.5.174:41751, 0f5b7def-5559-46f7-9d41-828685c9005a:192.168.5.174:41904, 2ed48bc2-5366-440c-82d9-bb883356c541:192.168.5.174:42375] with ContainerStateMachine:uninitialized
2019-07-09 22:56:01,029 INFO  server.RaftServerConfigKeys (ConfUtils.java:logGet(43)) - raft.server.rpc.timeout.min = 1s (custom)
2019-07-09 22:56:01,029 INFO  impl.RaftServerProxy (RaftServerProxy.java:addNew(89)) - 0f5b7def-5559-46f7-9d41-828685c9005a: addNew group-2E60415853D6:[6503dcd8-eb35-4da4-96ba-ea64ed1fa179:192.168.5.174:41751, 0f5b7def-5559-46f7-9d41-828685c9005a:192.168.5.174:41904, 2ed48bc2-5366-440c-82d9-bb883356c541:192.168.5.174:42375] returns group-2E60415853D6:java.util.concurrent.CompletableFuture@144cb00a[Not completed]
2019-07-09 22:56:01,029 INFO  server.RaftServerConfigKeys (ConfUtils.java:logGet(43)) - raft.server.rpc.timeout.max = 1200ms (custom)
2019-07-09 22:56:01,029 INFO  server.RaftServerConfigKeys (ConfUtils.java:logGet(43)) - raft.server.rpcslowness.timeout = 120s (custom)
2019-07-09 22:56:01,029 INFO  server.RaftServerConfigKeys (ConfUtils.java:logGet(43)) - raft.server.sleep.deviation.threshold = 300 (default)
2019-07-09 22:56:01,029 INFO  server.RaftServerConfigKeys (ConfUtils.java:logGet(43)) - raft.server.log.appender.install.snapshot.enabled = false (custom)
2019-07-09 22:56:01,029 INFO  impl.RaftServerImpl (RaftServerImpl.java:<init>(93)) - 6503dcd8-eb35-4da4-96ba-ea64ed1fa179: new RaftServerImpl for group-2E60415853D6:[6503dcd8-eb35-4da4-96ba-ea64ed1fa179:192.168.5.174:41751, 0f5b7def-5559-46f7-9d41-828685c9005a:192.168.5.174:41904, 2ed48bc2-5366-440c-82d9-bb883356c541:192.168.5.174:42375] with ContainerStateMachine:uninitialized
2019-07-09 22:56:01,029 INFO  impl.RaftServerImpl (ServerState.java:<init>(105)) - 2ed48bc2-5366-440c-82d9-bb883356c541:group-2E60415853D6 ConfigurationManager, init=-1: [6503dcd8-eb35-4da4-96ba-ea64ed1fa179:192.168.5.174:41751, 0f5b7def-5559-46f7-9d41-828685c9005a:192.168.5.174:41904, 2ed48bc2-5366-440c-82d9-bb883356c541:192.168.5.174:42375], old=null, confs=<EMPTY_MAP>
2019-07-09 22:56:01,030 INFO  server.RaftServerConfigKeys (ConfUtils.java:logGet(43)) - raft.server.rpc.timeout.min = 1s (custom)
2019-07-09 22:56:01,030 INFO  server.RaftServerConfigKeys (ConfUtils.java:logGet(43)) - raft.server.storage.dir = [/tmp/workdir/hadoop-ozone/tools/target/test-dir/MiniOzoneClusterImpl-6f134ab8-b19a-492c-ac21-b7e4face3262/datanode-0/data/ratis] (custom)
2019-07-09 22:56:01,030 INFO  server.RaftServerConfigKeys (ConfUtils.java:logGet(43)) - raft.server.rpc.timeout.max = 1200ms (custom)
2019-07-09 22:56:01,030 INFO  server.RaftServerConfigKeys (ConfUtils.java:logGet(43)) - raft.server.rpcslowness.timeout = 120s (custom)
2019-07-09 22:56:01,030 INFO  server.RaftServerConfigKeys (ConfUtils.java:logGet(43)) - raft.server.sleep.deviation.threshold = 300 (default)
2019-07-09 22:56:01,030 INFO  impl.RaftServerImpl (RaftServerImpl.java:<init>(93)) - 0f5b7def-5559-46f7-9d41-828685c9005a: new RaftServerImpl for group-2E60415853D6:[6503dcd8-eb35-4da4-96ba-ea64ed1fa179:192.168.5.174:41751, 0f5b7def-5559-46f7-9d41-828685c9005a:192.168.5.174:41904, 2ed48bc2-5366-440c-82d9-bb883356c541:192.168.5.174:42375] with ContainerStateMachine:uninitialized
2019-07-09 22:56:01,030 INFO  server.RaftServerConfigKeys (ConfUtils.java:logGet(43)) - raft.server.log.appender.install.snapshot.enabled = false (custom)
2019-07-09 22:56:01,031 INFO  server.RaftServerConfigKeys (ConfUtils.java:logGet(43)) - raft.server.rpc.timeout.min = 1s (custom)
2019-07-09 22:56:01,031 INFO  impl.RaftServerImpl (ServerState.java:<init>(105)) - 6503dcd8-eb35-4da4-96ba-ea64ed1fa179:group-2E60415853D6 ConfigurationManager, init=-1: [6503dcd8-eb35-4da4-96ba-ea64ed1fa179:192.168.5.174:41751, 0f5b7def-5559-46f7-9d41-828685c9005a:192.168.5.174:41904, 2ed48bc2-5366-440c-82d9-bb883356c541:192.168.5.174:42375], old=null, confs=<EMPTY_MAP>
2019-07-09 22:56:01,031 INFO  server.RaftServerConfigKeys (ConfUtils.java:logGet(43)) - raft.server.rpc.timeout.max = 1200ms (custom)
2019-07-09 22:56:01,031 INFO  storage.RaftStorageDirectory (RaftStorageDirectory.java:analyzeStorage(246)) - The storage directory /tmp/workdir/hadoop-ozone/tools/target/test-dir/MiniOzoneClusterImpl-6f134ab8-b19a-492c-ac21-b7e4face3262/datanode-0/data/ratis/25f6a4da-e719-44b9-abf3-2e60415853d6 does not exist. Creating ...
2019-07-09 22:56:01,031 INFO  server.RaftServerConfigKeys (ConfUtils.java:logGet(43)) - raft.server.rpcslowness.timeout = 120s (custom)
2019-07-09 22:56:01,031 INFO  server.RaftServerConfigKeys (ConfUtils.java:logGet(43)) - raft.server.storage.dir = [/tmp/workdir/hadoop-ozone/tools/target/test-dir/MiniOzoneClusterImpl-6f134ab8-b19a-492c-ac21-b7e4face3262/datanode-1/data/ratis] (custom)
2019-07-09 22:56:01,032 INFO  server.RaftServerConfigKeys (ConfUtils.java:logGet(43)) - raft.server.sleep.deviation.threshold = 300 (default)
2019-07-09 22:56:01,032 INFO  server.RaftServerConfigKeys (ConfUtils.java:logGet(43)) - raft.server.log.appender.install.snapshot.enabled = false (custom)
2019-07-09 22:56:01,032 INFO  storage.RaftStorageDirectory (RaftStorageDirectory.java:analyzeStorage(246)) - The storage directory /tmp/workdir/hadoop-ozone/tools/target/test-dir/MiniOzoneClusterImpl-6f134ab8-b19a-492c-ac21-b7e4face3262/datanode-1/data/ratis/25f6a4da-e719-44b9-abf3-2e60415853d6 does not exist. Creating ...
2019-07-09 22:56:01,032 INFO  impl.RaftServerImpl (ServerState.java:<init>(105)) - 0f5b7def-5559-46f7-9d41-828685c9005a:group-2E60415853D6 ConfigurationManager, init=-1: [6503dcd8-eb35-4da4-96ba-ea64ed1fa179:192.168.5.174:41751, 0f5b7def-5559-46f7-9d41-828685c9005a:192.168.5.174:41904, 2ed48bc2-5366-440c-82d9-bb883356c541:192.168.5.174:42375], old=null, confs=<EMPTY_MAP>
2019-07-09 22:56:01,033 INFO  server.RaftServerConfigKeys (ConfUtils.java:logGet(43)) - raft.server.storage.dir = [/tmp/workdir/hadoop-ozone/tools/target/test-dir/MiniOzoneClusterImpl-6f134ab8-b19a-492c-ac21-b7e4face3262/datanode-2/data/ratis] (custom)
2019-07-09 22:56:01,033 INFO  storage.RaftStorageDirectory (RaftStorageDirectory.java:analyzeStorage(246)) - The storage directory /tmp/workdir/hadoop-ozone/tools/target/test-dir/MiniOzoneClusterImpl-6f134ab8-b19a-492c-ac21-b7e4face3262/datanode-2/data/ratis/25f6a4da-e719-44b9-abf3-2e60415853d6 does not exist. Creating ...
2019-07-09 22:56:01,038 INFO  storage.RaftStorageDirectory (RaftStorageDirectory.java:tryLock(328)) - Lock on /tmp/workdir/hadoop-ozone/tools/target/test-dir/MiniOzoneClusterImpl-6f134ab8-b19a-492c-ac21-b7e4face3262/datanode-2/data/ratis/25f6a4da-e719-44b9-abf3-2e60415853d6/in_use.lock acquired by nodename 22493@hdds1735-npks7-2624333216
2019-07-09 22:56:01,038 INFO  storage.RaftStorageDirectory (RaftStorageDirectory.java:tryLock(328)) - Lock on /tmp/workdir/hadoop-ozone/tools/target/test-dir/MiniOzoneClusterImpl-6f134ab8-b19a-492c-ac21-b7e4face3262/datanode-0/data/ratis/25f6a4da-e719-44b9-abf3-2e60415853d6/in_use.lock acquired by nodename 22493@hdds1735-npks7-2624333216
2019-07-09 22:56:01,038 INFO  storage.RaftStorageDirectory (RaftStorageDirectory.java:tryLock(328)) - Lock on /tmp/workdir/hadoop-ozone/tools/target/test-dir/MiniOzoneClusterImpl-6f134ab8-b19a-492c-ac21-b7e4face3262/datanode-1/data/ratis/25f6a4da-e719-44b9-abf3-2e60415853d6/in_use.lock acquired by nodename 22493@hdds1735-npks7-2624333216
2019-07-09 22:56:01,045 INFO  storage.RaftStorage (RaftStorage.java:format(72)) - Storage directory /tmp/workdir/hadoop-ozone/tools/target/test-dir/MiniOzoneClusterImpl-6f134ab8-b19a-492c-ac21-b7e4face3262/datanode-1/data/ratis/25f6a4da-e719-44b9-abf3-2e60415853d6 has been successfully formatted.
2019-07-09 22:56:01,045 INFO  storage.RaftStorage (RaftStorage.java:format(72)) - Storage directory /tmp/workdir/hadoop-ozone/tools/target/test-dir/MiniOzoneClusterImpl-6f134ab8-b19a-492c-ac21-b7e4face3262/datanode-2/data/ratis/25f6a4da-e719-44b9-abf3-2e60415853d6 has been successfully formatted.
2019-07-09 22:56:01,045 INFO  ratis.ContainerStateMachine (ContainerStateMachine.java:loadSnapshot(198)) - The snapshot info is null.Setting the last applied index to:(t:0, i:~)
2019-07-09 22:56:01,045 INFO  storage.RaftStorage (RaftStorage.java:format(72)) - Storage directory /tmp/workdir/hadoop-ozone/tools/target/test-dir/MiniOzoneClusterImpl-6f134ab8-b19a-492c-ac21-b7e4face3262/datanode-0/data/ratis/25f6a4da-e719-44b9-abf3-2e60415853d6 has been successfully formatted.
2019-07-09 22:56:01,045 INFO  server.RaftServerConfigKeys (ConfUtils.java:logGet(43)) - raft.server.leader.election.timeout = 120s (custom)
2019-07-09 22:56:01,045 INFO  ratis.ContainerStateMachine (ContainerStateMachine.java:loadSnapshot(198)) - The snapshot info is null.Setting the last applied index to:(t:0, i:~)
2019-07-09 22:56:01,046 INFO  ratis.ContainerStateMachine (ContainerStateMachine.java:loadSnapshot(198)) - The snapshot info is null.Setting the last applied index to:(t:0, i:~)
2019-07-09 22:56:01,046 INFO  server.RaftServerConfigKeys (ConfUtils.java:logGet(43)) - raft.server.log.use.memory = false (default)
2019-07-09 22:56:01,046 INFO  server.RaftServerConfigKeys (ConfUtils.java:logGet(43)) - raft.server.leader.election.timeout = 120s (custom)
2019-07-09 22:56:01,046 INFO  server.RaftServerConfigKeys (ConfUtils.java:logGet(43)) - raft.server.leader.election.timeout = 120s (custom)
2019-07-09 22:56:01,046 INFO  server.RaftServerConfigKeys (ConfUtils.java:logGet(43)) - raft.server.log.use.memory = false (default)
2019-07-09 22:56:01,046 INFO  server.RaftServerConfigKeys (ConfUtils.java:logGet(43)) - raft.server.log.purge.gap = 1000000000 (custom)
2019-07-09 22:56:01,047 INFO  server.RaftServerConfigKeys (ConfUtils.java:logGet(43)) - raft.server.log.purge.gap = 1000000000 (custom)
2019-07-09 22:56:01,046 INFO  server.RaftServerConfigKeys (ConfUtils.java:logGet(43)) - raft.server.log.use.memory = false (default)
2019-07-09 22:56:01,047 INFO  server.RaftServerConfigKeys (ConfUtils.java:logGet(43)) - raft.server.log.appender.buffer.byte-limit = 33554432 (custom)
2019-07-09 22:56:01,047 INFO  server.RaftServerConfigKeys (ConfUtils.java:logGet(43)) - raft.server.log.appender.buffer.byte-limit = 33554432 (custom)
2019-07-09 22:56:01,047 INFO  server.RaftServerConfigKeys (ConfUtils.java:logGet(43)) - raft.server.log.segment.size.max = 1048576 (custom)
2019-07-09 22:56:01,047 INFO  server.RaftServerConfigKeys (ConfUtils.java:logGet(43)) - raft.server.log.purge.gap = 1000000000 (custom)
2019-07-09 22:56:01,047 INFO  server.RaftServerConfigKeys (ConfUtils.java:logGet(43)) - raft.server.log.segment.cache.num.max = 2 (custom)
2019-07-09 22:56:01,047 INFO  server.RaftServerConfigKeys (ConfUtils.java:logGet(43)) - raft.server.log.segment.size.max = 1048576 (custom)
2019-07-09 22:56:01,048 INFO  segmented.SegmentedRaftLogWorker (SegmentedRaftLogWorker.java:<init>(172)) - new 2ed48bc2-5366-440c-82d9-bb883356c541-SegmentedRaftLogWorker:Storage Directory /tmp/workdir/hadoop-ozone/tools/target/test-dir/MiniOzoneClusterImpl-6f134ab8-b19a-492c-ac21-b7e4face3262/datanode-0/data/ratis/25f6a4da-e719-44b9-abf3-2e60415853d6 for RaftStorage:Storage Directory /tmp/workdir/hadoop-ozone/tools/target/test-dir/MiniOzoneClusterImpl-6f134ab8-b19a-492c-ac21-b7e4face3262/datanode-0/data/ratis/25f6a4da-e719-44b9-abf3-2e60415853d6
2019-07-09 22:56:01,048 INFO  server.RaftServerConfigKeys (ConfUtils.java:logGet(43)) - raft.server.log.appender.buffer.byte-limit = 33554432 (custom)
2019-07-09 22:56:01,048 INFO  server.RaftServerConfigKeys (ConfUtils.java:logGet(43)) - raft.server.log.queue.byte-limit = 2147483647 (custom)
2019-07-09 22:56:01,049 INFO  server.RaftServerConfigKeys (ConfUtils.java:logGet(43)) - raft.server.log.segment.size.max = 1048576 (custom)
2019-07-09 22:56:01,048 INFO  server.RaftServerConfigKeys (ConfUtils.java:logGet(43)) - raft.server.log.segment.cache.num.max = 2 (custom)
2019-07-09 22:56:01,050 INFO  server.RaftServerConfigKeys (ConfUtils.java:logGet(43)) - raft.server.log.segment.cache.num.max = 2 (custom)
2019-07-09 22:56:01,049 INFO  server.RaftServerConfigKeys (ConfUtils.java:logGet(43)) - raft.server.log.queue.element-limit = 1024 (custom)
2019-07-09 22:56:01,050 INFO  segmented.SegmentedRaftLogWorker (SegmentedRaftLogWorker.java:<init>(172)) - new 0f5b7def-5559-46f7-9d41-828685c9005a-SegmentedRaftLogWorker:Storage Directory /tmp/workdir/hadoop-ozone/tools/target/test-dir/MiniOzoneClusterImpl-6f134ab8-b19a-492c-ac21-b7e4face3262/datanode-2/data/ratis/25f6a4da-e719-44b9-abf3-2e60415853d6 for RaftStorage:Storage Directory /tmp/workdir/hadoop-ozone/tools/target/test-dir/MiniOzoneClusterImpl-6f134ab8-b19a-492c-ac21-b7e4face3262/datanode-2/data/ratis/25f6a4da-e719-44b9-abf3-2e60415853d6
2019-07-09 22:56:01,050 INFO  segmented.SegmentedRaftLogWorker (SegmentedRaftLogWorker.java:<init>(172)) - new 6503dcd8-eb35-4da4-96ba-ea64ed1fa179-SegmentedRaftLogWorker:Storage Directory /tmp/workdir/hadoop-ozone/tools/target/test-dir/MiniOzoneClusterImpl-6f134ab8-b19a-492c-ac21-b7e4face3262/datanode-1/data/ratis/25f6a4da-e719-44b9-abf3-2e60415853d6 for RaftStorage:Storage Directory /tmp/workdir/hadoop-ozone/tools/target/test-dir/MiniOzoneClusterImpl-6f134ab8-b19a-492c-ac21-b7e4face3262/datanode-1/data/ratis/25f6a4da-e719-44b9-abf3-2e60415853d6
2019-07-09 22:56:01,050 INFO  server.RaftServerConfigKeys (ConfUtils.java:logGet(43)) - raft.server.log.queue.byte-limit = 2147483647 (custom)
2019-07-09 22:56:01,051 INFO  server.RaftServerConfigKeys (ConfUtils.java:logGet(43)) - raft.server.log.queue.element-limit = 1024 (custom)
2019-07-09 22:56:01,050 INFO  server.RaftServerConfigKeys (ConfUtils.java:logGet(43)) - raft.server.log.segment.size.max = 1048576 (custom)
2019-07-09 22:56:01,052 INFO  server.RaftServerConfigKeys (ConfUtils.java:logGet(43)) - raft.server.log.segment.size.max = 1048576 (custom)
2019-07-09 22:56:01,051 INFO  server.RaftServerConfigKeys (ConfUtils.java:logGet(43)) - raft.server.log.queue.byte-limit = 2147483647 (custom)
2019-07-09 22:56:01,053 INFO  server.RaftServerConfigKeys (ConfUtils.java:logGet(43)) - raft.server.log.preallocated.size = 16384 (custom)
2019-07-09 22:56:01,053 INFO  server.RaftServerConfigKeys (ConfUtils.java:logGet(43)) - raft.server.log.preallocated.size = 16384 (custom)
2019-07-09 22:56:01,053 INFO  server.RaftServerConfigKeys (ConfUtils.java:logGet(43)) - raft.server.log.write.buffer.size = 33554432 (custom)
2019-07-09 22:56:01,053 INFO  server.RaftServerConfigKeys (ConfUtils.java:logGet(43)) - raft.server.log.queue.element-limit = 1024 (custom)
2019-07-09 22:56:01,053 INFO  server.RaftServerConfigKeys (ConfUtils.java:logGet(43)) - raft.server.log.force.sync.num = 128 (default)
2019-07-09 22:56:01,053 INFO  server.RaftServerConfigKeys (ConfUtils.java:logGet(43)) - raft.server.log.write.buffer.size = 33554432 (custom)
2019-07-09 22:56:01,055 INFO  server.RaftServerConfigKeys (ConfUtils.java:logGet(43)) - raft.server.log.statemachine.data.sync = true (default)
2019-07-09 22:56:01,055 INFO  server.RaftServerConfigKeys (ConfUtils.java:logGet(43)) - raft.server.log.segment.size.max = 1048576 (custom)
2019-07-09 22:56:01,055 INFO  server.RaftServerConfigKeys (ConfUtils.java:logGet(43)) - raft.server.log.statemachine.data.sync.timeout = 10s (default)
2019-07-09 22:56:01,055 INFO  server.RaftServerConfigKeys (ConfUtils.java:logGet(43)) - raft.server.log.force.sync.num = 128 (default)
2019-07-09 22:56:01,056 INFO  server.RaftServerConfigKeys (ConfUtils.java:logGet(43)) - raft.server.log.statemachine.data.sync.timeout.retry = -1 (default)
2019-07-09 22:56:01,055 INFO  server.RaftServerConfigKeys (ConfUtils.java:logGet(43)) - raft.server.log.preallocated.size = 16384 (custom)
2019-07-09 22:56:01,056 INFO  server.RaftServerConfigKeys (ConfUtils.java:logGet(43)) - raft.server.log.statemachine.data.caching.enabled = true (custom)
2019-07-09 22:56:01,056 INFO  server.RaftServerConfigKeys (ConfUtils.java:logGet(43)) - raft.server.log.statemachine.data.sync = true (default)
2019-07-09 22:56:01,056 INFO  server.RaftServerConfigKeys (ConfUtils.java:logGet(43)) - raft.server.log.write.buffer.size = 33554432 (custom)
2019-07-09 22:56:01,056 INFO  segmented.SegmentedRaftLogWorker (SegmentedRaftLogWorker.java:lambda$new$0(132)) - 0f5b7def-5559-46f7-9d41-828685c9005a-SegmentedRaftLogWorker:Storage Directory /tmp/workdir/hadoop-ozone/tools/target/test-dir/MiniOzoneClusterImpl-6f134ab8-b19a-492c-ac21-b7e4face3262/datanode-2/data/ratis/25f6a4da-e719-44b9-abf3-2e60415853d6: flushIndex: setUnconditionally 0 -> -1
2019-07-09 22:56:01,056 INFO  server.RaftServerConfigKeys (ConfUtils.java:logGet(43)) - raft.server.log.statemachine.data.sync.timeout = 10s (default)
2019-07-09 22:56:01,057 INFO  server.RaftServerConfigKeys (ConfUtils.java:logGet(43)) - raft.server.log.force.sync.num = 128 (default)
2019-07-09 22:56:01,057 INFO  server.RaftServerConfigKeys (ConfUtils.java:logGet(43)) - raft.server.snapshot.auto.trigger.enabled = true (custom)
2019-07-09 22:56:01,057 INFO  server.RaftServerConfigKeys (ConfUtils.java:logGet(43)) - raft.server.log.statemachine.data.sync.timeout.retry = -1 (default)
2019-07-09 22:56:01,057 INFO  server.RaftServerConfigKeys (ConfUtils.java:logGet(43)) - raft.server.snapshot.auto.trigger.threshold = 10000 (custom)
2019-07-09 22:56:01,057 INFO  server.RaftServerConfigKeys (ConfUtils.java:logGet(43)) - raft.server.log.statemachine.data.caching.enabled = true (custom)
2019-07-09 22:56:01,057 INFO  server.RaftServerConfigKeys (ConfUtils.java:logGet(43)) - raft.server.log.statemachine.data.sync = true (default)
2019-07-09 22:56:01,058 INFO  server.RaftServerConfigKeys (ConfUtils.java:logGet(43)) - raft.server.retrycache.expirytime = 600000ms (custom)
2019-07-09 22:56:01,058 INFO  server.RaftServerConfigKeys (ConfUtils.java:logGet(43)) - raft.server.log.statemachine.data.sync.timeout = 10s (default)
2019-07-09 22:56:01,058 INFO  impl.RaftServerImpl (RaftServerImpl.java:start(180)) - 0f5b7def-5559-46f7-9d41-828685c9005a: start group-2E60415853D6
2019-07-09 22:56:01,058 INFO  segmented.SegmentedRaftLogWorker (SegmentedRaftLogWorker.java:lambda$new$0(132)) - 2ed48bc2-5366-440c-82d9-bb883356c541-SegmentedRaftLogWorker:Storage Directory /tmp/workdir/hadoop-ozone/tools/target/test-dir/MiniOzoneClusterImpl-6f134ab8-b19a-492c-ac21-b7e4face3262/datanode-0/data/ratis/25f6a4da-e719-44b9-abf3-2e60415853d6: flushIndex: setUnconditionally 0 -> -1
2019-07-09 22:56:01,058 INFO  impl.RaftServerImpl (RaftServerImpl.java:setRole(171)) - 0f5b7def-5559-46f7-9d41-828685c9005a:group-2E60415853D6 changes role from null to FOLLOWER at term 0 for startAsFollower
2019-07-09 22:56:01,058 INFO  server.RaftServerConfigKeys (ConfUtils.java:logGet(43)) - raft.server.log.statemachine.data.sync.timeout.retry = -1 (default)
2019-07-09 22:56:01,059 INFO  impl.RoleInfo (RoleInfo.java:updateAndGet(143)) - 0f5b7def-5559-46f7-9d41-828685c9005a: start FollowerState
2019-07-09 22:56:01,059 INFO  server.RaftServerConfigKeys (ConfUtils.java:logGet(43)) - raft.server.snapshot.auto.trigger.enabled = true (custom)
2019-07-09 22:56:01,059 INFO  server.RaftServerConfigKeys (ConfUtils.java:logGet(43)) - raft.server.log.statemachine.data.caching.enabled = true (custom)
2019-07-09 22:56:01,059 INFO  server.RaftServerConfigKeys (ConfUtils.java:logGet(43)) - raft.server.snapshot.auto.trigger.threshold = 10000 (custom)
2019-07-09 22:56:01,059 INFO  util.JmxRegister (JmxRegister.java:tryRegister(44)) - Successfully registered JMX Bean with object name Ratis:service=RaftServer,group=group-2E60415853D6,id=0f5b7def-5559-46f7-9d41-828685c9005a
2019-07-09 22:56:01,059 INFO  server.RaftServerConfigKeys (ConfUtils.java:logGet(43)) - raft.server.retrycache.expirytime = 600000ms (custom)
2019-07-09 22:56:01,059 INFO  segmented.SegmentedRaftLogWorker (SegmentedRaftLogWorker.java:lambda$new$0(132)) - 6503dcd8-eb35-4da4-96ba-ea64ed1fa179-SegmentedRaftLogWorker:Storage Directory /tmp/workdir/hadoop-ozone/tools/target/test-dir/MiniOzoneClusterImpl-6f134ab8-b19a-492c-ac21-b7e4face3262/datanode-1/data/ratis/25f6a4da-e719-44b9-abf3-2e60415853d6: flushIndex: setUnconditionally 0 -> -1
2019-07-09 22:56:01,060 INFO  impl.RaftServerImpl (RaftServerImpl.java:start(180)) - 2ed48bc2-5366-440c-82d9-bb883356c541: start group-2E60415853D6
2019-07-09 22:56:01,060 INFO  impl.RaftServerImpl (RaftServerImpl.java:setRole(171)) - 2ed48bc2-5366-440c-82d9-bb883356c541:group-2E60415853D6 changes role from null to FOLLOWER at term 0 for startAsFollower
2019-07-09 22:56:01,060 INFO  server.RaftServerConfigKeys (ConfUtils.java:logGet(43)) - raft.server.snapshot.auto.trigger.enabled = true (custom)
2019-07-09 22:56:01,060 INFO  impl.RoleInfo (RoleInfo.java:updateAndGet(143)) - 2ed48bc2-5366-440c-82d9-bb883356c541: start FollowerState
2019-07-09 22:56:01,060 INFO  server.RaftServerConfigKeys (ConfUtils.java:logGet(43)) - raft.server.snapshot.auto.trigger.threshold = 10000 (custom)
2019-07-09 22:56:01,060 INFO  server.RaftServerConfigKeys (ConfUtils.java:logGet(43)) - raft.server.retrycache.expirytime = 600000ms (custom)
2019-07-09 22:56:01,061 INFO  util.JmxRegister (JmxRegister.java:tryRegister(44)) - Successfully registered JMX Bean with object name Ratis:service=RaftServer,group=group-2E60415853D6,id=2ed48bc2-5366-440c-82d9-bb883356c541
2019-07-09 22:56:01,061 INFO  impl.RaftServerImpl (RaftServerImpl.java:start(180)) - 6503dcd8-eb35-4da4-96ba-ea64ed1fa179: start group-2E60415853D6
2019-07-09 22:56:01,061 INFO  impl.RaftServerImpl (RaftServerImpl.java:setRole(171)) - 6503dcd8-eb35-4da4-96ba-ea64ed1fa179:group-2E60415853D6 changes role from null to FOLLOWER at term 0 for startAsFollower
2019-07-09 22:56:01,061 INFO  impl.RoleInfo (RoleInfo.java:updateAndGet(143)) - 6503dcd8-eb35-4da4-96ba-ea64ed1fa179: start FollowerState
2019-07-09 22:56:01,062 INFO  util.JmxRegister (JmxRegister.java:tryRegister(44)) - Successfully registered JMX Bean with object name Ratis:service=RaftServer,group=group-2E60415853D6,id=6503dcd8-eb35-4da4-96ba-ea64ed1fa179
2019-07-09 22:56:01,072 INFO  pipeline.PipelineStateManager (PipelineStateManager.java:addPipeline(56)) - Created pipeline Pipeline[ Id: 25f6a4da-e719-44b9-abf3-2e60415853d6, Nodes: 6503dcd8-eb35-4da4-96ba-ea64ed1fa179{ip: 192.168.5.174, host: hdds1735-npks7-2624333216, networkLocation: /default-rack, certSerialId: null}2ed48bc2-5366-440c-82d9-bb883356c541{ip: 192.168.5.174, host: hdds1735-npks7-2624333216, networkLocation: /default-rack, certSerialId: null}0f5b7def-5559-46f7-9d41-828685c9005a{ip: 192.168.5.174, host: hdds1735-npks7-2624333216, networkLocation: /default-rack, certSerialId: null}, Type:RATIS, Factor:THREE, State:OPEN]
2019-07-09 22:56:01,150 INFO  freon.RandomKeyGenerator (RandomKeyGenerator.java:call(262)) - Number of Threads: 10
2019-07-09 22:56:01,151 INFO  freon.RandomKeyGenerator (RandomKeyGenerator.java:call(267)) - Number of Volumes: 1.
2019-07-09 22:56:01,151 INFO  freon.RandomKeyGenerator (RandomKeyGenerator.java:call(268)) - Number of Buckets per Volume: 1.
2019-07-09 22:56:01,151 INFO  freon.RandomKeyGenerator (RandomKeyGenerator.java:call(269)) - Number of Keys per Bucket: 1.
2019-07-09 22:56:01,151 INFO  freon.RandomKeyGenerator (RandomKeyGenerator.java:call(270)) - Key size: 20971520 bytes
2019-07-09 22:56:01,151 INFO  freon.RandomKeyGenerator (RandomKeyGenerator.java:call(271)) - Buffer size: 4096 bytes
2019-07-09 22:56:01,152 INFO  freon.RandomKeyGenerator (RandomKeyGenerator.java:call(286)) - Data validation is enabled.
2019-07-09 22:56:01,152 INFO  freon.RandomKeyGenerator (RandomKeyGenerator.java:call(299)) - Starting progress bar Thread.

 0.00% |█                                                                                                    |  0/1 Time: 0:00:002019-07-09 22:56:01,152 INFO  rpc.RpcClient (RpcClient.java:createVolume(289)) - Creating Volume: vol-0-22280, with jenkins1000 as owner.
2019-07-09 22:56:01,163 INFO  rpc.RpcClient (RpcClient.java:createBucket(426)) - Creating Bucket: vol-0-22280/bucket-0-69297, with Versioning false and Storage Type set to DISK and Encryption set to false 
2019-07-09 22:56:01,198 INFO  client.GrpcClientProtocolClient (GrpcClientProtocolClient.java:onNext(255)) - client-23A86F63C327->6503dcd8-eb35-4da4-96ba-ea64ed1fa179: receive RaftClientReply:client-23A86F63C327->6503dcd8-eb35-4da4-96ba-ea64ed1fa179@group-2E60415853D6, cid=59, FAILED org.apache.ratis.protocol.NotLeaderException: Server 6503dcd8-eb35-4da4-96ba-ea64ed1fa179 is not the leader (null). Request must be sent to leader., logIndex=0, commits[6503dcd8-eb35-4da4-96ba-ea64ed1fa179:c-1]
2019-07-09 22:56:02,065 INFO  impl.FollowerState (FollowerState.java:run(106)) - 2ed48bc2-5366-440c-82d9-bb883356c541:group-2E60415853D6 changes to CANDIDATE, lastRpcTime:1004, electionTimeout:1004ms
2019-07-09 22:56:02,065 INFO  impl.RoleInfo (RoleInfo.java:shutdownFollowerState(121)) - 2ed48bc2-5366-440c-82d9-bb883356c541: shutdown FollowerState
2019-07-09 22:56:02,065 INFO  impl.RaftServerImpl (RaftServerImpl.java:setRole(171)) - 2ed48bc2-5366-440c-82d9-bb883356c541:group-2E60415853D6 changes role from FOLLOWER to CANDIDATE at term 0 for changeToCandidate
2019-07-09 22:56:02,065 INFO  impl.RoleInfo (RoleInfo.java:updateAndGet(143)) - 2ed48bc2-5366-440c-82d9-bb883356c541: start LeaderElection
2019-07-09 22:56:02,083 INFO  impl.LeaderElection (LeaderElection.java:askForVotes(181)) - 2ed48bc2-5366-440c-82d9-bb883356c541:group-2E60415853D6:LeaderElection5: begin an election at term 1 for -1: [6503dcd8-eb35-4da4-96ba-ea64ed1fa179:192.168.5.174:41751, 0f5b7def-5559-46f7-9d41-828685c9005a:192.168.5.174:41904, 2ed48bc2-5366-440c-82d9-bb883356c541:192.168.5.174:42375], old=null
2019-07-09 22:56:02,096 INFO  impl.RaftServerImpl (RaftServerImpl.java:setRole(171)) - 0f5b7def-5559-46f7-9d41-828685c9005a:group-2E60415853D6 changes role from FOLLOWER to FOLLOWER at term 1 for recognizeCandidate:2ed48bc2-5366-440c-82d9-bb883356c541
2019-07-09 22:56:02,096 INFO  impl.RaftServerImpl (RaftServerImpl.java:setRole(171)) - 6503dcd8-eb35-4da4-96ba-ea64ed1fa179:group-2E60415853D6 changes role from FOLLOWER to FOLLOWER at term 1 for recognizeCandidate:2ed48bc2-5366-440c-82d9-bb883356c541
2019-07-09 22:56:02,097 INFO  impl.RoleInfo (RoleInfo.java:shutdownFollowerState(121)) - 0f5b7def-5559-46f7-9d41-828685c9005a: shutdown FollowerState
2019-07-09 22:56:02,097 INFO  impl.RoleInfo (RoleInfo.java:shutdownFollowerState(121)) - 6503dcd8-eb35-4da4-96ba-ea64ed1fa179: shutdown FollowerState
2019-07-09 22:56:02,097 INFO  impl.FollowerState (FollowerState.java:run(114)) - 0f5b7def-5559-46f7-9d41-828685c9005a: FollowerState was interrupted: java.lang.InterruptedException: sleep interrupted
2019-07-09 22:56:02,097 INFO  impl.FollowerState (FollowerState.java:run(114)) - 6503dcd8-eb35-4da4-96ba-ea64ed1fa179: FollowerState was interrupted: java.lang.InterruptedException: sleep interrupted
2019-07-09 22:56:02,097 INFO  impl.RoleInfo (RoleInfo.java:updateAndGet(143)) - 0f5b7def-5559-46f7-9d41-828685c9005a: start FollowerState
2019-07-09 22:56:02,097 INFO  impl.RoleInfo (RoleInfo.java:updateAndGet(143)) - 6503dcd8-eb35-4da4-96ba-ea64ed1fa179: start FollowerState
2019-07-09 22:56:02,114 INFO  impl.LeaderElection (LeaderElection.java:logAndReturn(56)) - 2ed48bc2-5366-440c-82d9-bb883356c541:group-2E60415853D6:LeaderElection5: Election PASSED; received 1 response(s) [2ed48bc2-5366-440c-82d9-bb883356c541<-0f5b7def-5559-46f7-9d41-828685c9005a#0:OK-t1] and 0 exception(s); 2ed48bc2-5366-440c-82d9-bb883356c541:t1, leader=null, voted=2ed48bc2-5366-440c-82d9-bb883356c541, raftlog=2ed48bc2-5366-440c-82d9-bb883356c541-SegmentedRaftLog:OPENED:c-1,f-1,i0, conf=-1: [6503dcd8-eb35-4da4-96ba-ea64ed1fa179:192.168.5.174:41751, 0f5b7def-5559-46f7-9d41-828685c9005a:192.168.5.174:41904, 2ed48bc2-5366-440c-82d9-bb883356c541:192.168.5.174:42375], old=null
2019-07-09 22:56:02,114 INFO  impl.RoleInfo (RoleInfo.java:shutdownLeaderElection(134)) - 2ed48bc2-5366-440c-82d9-bb883356c541: shutdown LeaderElection
2019-07-09 22:56:02,115 INFO  impl.RaftServerImpl (RaftServerImpl.java:setRole(171)) - 2ed48bc2-5366-440c-82d9-bb883356c541:group-2E60415853D6 changes role from CANDIDATE to LEADER at term 1 for changeToLeader
2019-07-09 22:56:02,116 INFO  impl.RaftServerImpl (ServerState.java:setLeader(263)) - 2ed48bc2-5366-440c-82d9-bb883356c541:group-2E60415853D6 change Leader from null to 2ed48bc2-5366-440c-82d9-bb883356c541 at term 1 for becomeLeader, leader elected after 1069ms
2019-07-09 22:56:02,116 INFO  server.RaftServerConfigKeys (ConfUtils.java:logGet(43)) - raft.server.staging.catchup.gap = 1000 (default)
2019-07-09 22:56:02,116 INFO  server.RaftServerConfigKeys (ConfUtils.java:logGet(43)) - raft.server.rpc.sleep.time = 25ms (default)
2019-07-09 22:56:02,116 INFO  server.RaftServerConfigKeys (ConfUtils.java:logGet(43)) - raft.server.write.element-limit = 4096 (default)
2019-07-09 22:56:02,116 INFO  server.RaftServerConfigKeys (ConfUtils.java:logGet(43)) - raft.server.watch.timeout = 10s (default)
2019-07-09 22:56:02,116 INFO  server.RaftServerConfigKeys (ConfUtils.java:logGet(43)) - raft.server.watch.timeout.denomination = 1s (default)
2019-07-09 22:56:02,117 INFO  server.RaftServerConfigKeys (ConfUtils.java:logGet(43)) - raft.server.watch.element-limit = 65536 (default)
2019-07-09 22:56:02,117 INFO  server.RaftServerConfigKeys (ConfUtils.java:logGet(43)) - raft.server.log.appender.snapshot.chunk.size.max = 16MB (=16777216) (default)
2019-07-09 22:56:02,117 INFO  server.RaftServerConfigKeys (ConfUtils.java:logGet(43)) - raft.server.log.appender.buffer.byte-limit = 33554432 (custom)
2019-07-09 22:56:02,117 INFO  server.RaftServerConfigKeys (ConfUtils.java:logGet(43)) - raft.server.log.appender.buffer.element-limit = 1 (custom)
2019-07-09 22:56:02,118 INFO  grpc.GrpcConfigKeys$Server (ConfUtils.java:logGet(43)) - raft.grpc.server.leader.outstanding.appends.max = 128 (default)
2019-07-09 22:56:02,118 INFO  server.RaftServerConfigKeys (ConfUtils.java:logGet(43)) - raft.server.rpc.request.timeout = 3000ms (default)
2019-07-09 22:56:02,118 INFO  server.RaftServerConfigKeys (ConfUtils.java:logGet(43)) - raft.server.log.appender.install.snapshot.enabled = false (custom)
2019-07-09 22:56:02,118 INFO  server.RaftServerConfigKeys (ConfUtils.java:logGet(43)) - raft.server.log.appender.snapshot.chunk.size.max = 16MB (=16777216) (default)
2019-07-09 22:56:02,118 INFO  server.RaftServerConfigKeys (ConfUtils.java:logGet(43)) - raft.server.log.appender.buffer.byte-limit = 33554432 (custom)
2019-07-09 22:56:02,119 INFO  server.RaftServerConfigKeys (ConfUtils.java:logGet(43)) - raft.server.log.appender.buffer.element-limit = 1 (custom)
2019-07-09 22:56:02,119 INFO  grpc.GrpcConfigKeys$Server (ConfUtils.java:logGet(43)) - raft.grpc.server.leader.outstanding.appends.max = 128 (default)
2019-07-09 22:56:02,119 INFO  server.RaftServerConfigKeys (ConfUtils.java:logGet(43)) - raft.server.rpc.request.timeout = 3000ms (default)
2019-07-09 22:56:02,119 INFO  server.RaftServerConfigKeys (ConfUtils.java:logGet(43)) - raft.server.log.appender.install.snapshot.enabled = false (custom)
2019-07-09 22:56:02,119 INFO  impl.RoleInfo (RoleInfo.java:updateAndGet(143)) - 2ed48bc2-5366-440c-82d9-bb883356c541: start LeaderState
2019-07-09 22:56:02,120 INFO  segmented.SegmentedRaftLogWorker (SegmentedRaftLogWorker.java:startLogSegment(380)) - 2ed48bc2-5366-440c-82d9-bb883356c541-SegmentedRaftLogWorker:Storage Directory /tmp/workdir/hadoop-ozone/tools/target/test-dir/MiniOzoneClusterImpl-6f134ab8-b19a-492c-ac21-b7e4face3262/datanode-0/data/ratis/25f6a4da-e719-44b9-abf3-2e60415853d6: Starting segment from index:0
2019-07-09 22:56:02,121 INFO  impl.RaftServerImpl (ServerState.java:setRaftConf(361)) - 2ed48bc2-5366-440c-82d9-bb883356c541:group-2E60415853D6 set configuration 0: [6503dcd8-eb35-4da4-96ba-ea64ed1fa179:192.168.5.174:41751, 0f5b7def-5559-46f7-9d41-828685c9005a:192.168.5.174:41904, 2ed48bc2-5366-440c-82d9-bb883356c541:192.168.5.174:42375], old=null at 0
2019-07-09 22:56:02,140 INFO  impl.RaftServerImpl (ServerState.java:setLeader(263)) - 6503dcd8-eb35-4da4-96ba-ea64ed1fa179:group-2E60415853D6 change Leader from null to 2ed48bc2-5366-440c-82d9-bb883356c541 at term 1 for appendEntries, leader elected after 1095ms
2019-07-09 22:56:02,142 INFO  impl.RaftServerImpl (ServerState.java:setLeader(263)) - 0f5b7def-5559-46f7-9d41-828685c9005a:group-2E60415853D6 change Leader from null to 2ed48bc2-5366-440c-82d9-bb883356c541 at term 1 for appendEntries, leader elected after 1096ms
2019-07-09 22:56:02,142 INFO  segmented.SegmentedRaftLogWorker (SegmentedRaftLogWorker.java:execute(569)) - 2ed48bc2-5366-440c-82d9-bb883356c541-SegmentedRaftLogWorker:Storage Directory /tmp/workdir/hadoop-ozone/tools/target/test-dir/MiniOzoneClusterImpl-6f134ab8-b19a-492c-ac21-b7e4face3262/datanode-0/data/ratis/25f6a4da-e719-44b9-abf3-2e60415853d6: created new log segment /tmp/workdir/hadoop-ozone/tools/target/test-dir/MiniOzoneClusterImpl-6f134ab8-b19a-492c-ac21-b7e4face3262/datanode-0/data/ratis/25f6a4da-e719-44b9-abf3-2e60415853d6/current/log_inprogress_0
2019-07-09 22:56:02,147 INFO  impl.RaftServerImpl (ServerState.java:setRaftConf(361)) - 0f5b7def-5559-46f7-9d41-828685c9005a:group-2E60415853D6 set configuration 0: [6503dcd8-eb35-4da4-96ba-ea64ed1fa179:192.168.5.174:41751, 0f5b7def-5559-46f7-9d41-828685c9005a:192.168.5.174:41904, 2ed48bc2-5366-440c-82d9-bb883356c541:192.168.5.174:42375], old=null at 0
2019-07-09 22:56:02,148 INFO  impl.RaftServerImpl (ServerState.java:setRaftConf(361)) - 6503dcd8-eb35-4da4-96ba-ea64ed1fa179:group-2E60415853D6 set configuration 0: [6503dcd8-eb35-4da4-96ba-ea64ed1fa179:192.168.5.174:41751, 0f5b7def-5559-46f7-9d41-828685c9005a:192.168.5.174:41904, 2ed48bc2-5366-440c-82d9-bb883356c541:192.168.5.174:42375], old=null at 0
2019-07-09 22:56:02,149 INFO  segmented.SegmentedRaftLogWorker (SegmentedRaftLogWorker.java:startLogSegment(380)) - 0f5b7def-5559-46f7-9d41-828685c9005a-SegmentedRaftLogWorker:Storage Directory /tmp/workdir/hadoop-ozone/tools/target/test-dir/MiniOzoneClusterImpl-6f134ab8-b19a-492c-ac21-b7e4face3262/datanode-2/data/ratis/25f6a4da-e719-44b9-abf3-2e60415853d6: Starting segment from index:0
2019-07-09 22:56:02,149 INFO  segmented.SegmentedRaftLogWorker (SegmentedRaftLogWorker.java:startLogSegment(380)) - 6503dcd8-eb35-4da4-96ba-ea64ed1fa179-SegmentedRaftLogWorker:Storage Directory /tmp/workdir/hadoop-ozone/tools/target/test-dir/MiniOzoneClusterImpl-6f134ab8-b19a-492c-ac21-b7e4face3262/datanode-1/data/ratis/25f6a4da-e719-44b9-abf3-2e60415853d6: Starting segment from index:0
 0.00% |█                                                                                                    |  0/1 Time: 0:00:012019-07-09 22:56:02,170 INFO  segmented.SegmentedRaftLogWorker (SegmentedRaftLogWorker.java:execute(569)) - 0f5b7def-5559-46f7-9d41-828685c9005a-SegmentedRaftLogWorker:Storage Directory /tmp/workdir/hadoop-ozone/tools/target/test-dir/MiniOzoneClusterImpl-6f134ab8-b19a-492c-ac21-b7e4face3262/datanode-2/data/ratis/25f6a4da-e719-44b9-abf3-2e60415853d6: created new log segment /tmp/workdir/hadoop-ozone/tools/target/test-dir/MiniOzoneClusterImpl-6f134ab8-b19a-492c-ac21-b7e4face3262/datanode-2/data/ratis/25f6a4da-e719-44b9-abf3-2e60415853d6/current/log_inprogress_0
2019-07-09 22:56:02,172 INFO  segmented.SegmentedRaftLogWorker (SegmentedRaftLogWorker.java:execute(569)) - 6503dcd8-eb35-4da4-96ba-ea64ed1fa179-SegmentedRaftLogWorker:Storage Directory /tmp/workdir/hadoop-ozone/tools/target/test-dir/MiniOzoneClusterImpl-6f134ab8-b19a-492c-ac21-b7e4face3262/datanode-1/data/ratis/25f6a4da-e719-44b9-abf3-2e60415853d6: created new log segment /tmp/workdir/hadoop-ozone/tools/target/test-dir/MiniOzoneClusterImpl-6f134ab8-b19a-492c-ac21-b7e4face3262/datanode-1/data/ratis/25f6a4da-e719-44b9-abf3-2e60415853d6/current/log_inprogress_0
2019-07-09 22:56:02,221 INFO  client.GrpcClientProtocolClient (GrpcClientProtocolClient.java:onNext(255)) - client-23A86F63C327->0f5b7def-5559-46f7-9d41-828685c9005a: receive RaftClientReply:client-23A86F63C327->0f5b7def-5559-46f7-9d41-828685c9005a@group-2E60415853D6, cid=59, FAILED org.apache.ratis.protocol.NotLeaderException: Server 0f5b7def-5559-46f7-9d41-828685c9005a is not the leader (2ed48bc2-5366-440c-82d9-bb883356c541:192.168.5.174:42375). Request must be sent to leader., logIndex=0, commits[0f5b7def-5559-46f7-9d41-828685c9005a:c0, 6503dcd8-eb35-4da4-96ba-ea64ed1fa179:c-1, 2ed48bc2-5366-440c-82d9-bb883356c541:c0]
2019-07-09 22:56:02,343 INFO  client.GrpcClientProtocolClient (GrpcClientProtocolClient.java:onNext(255)) - client-23A86F63C327->2ed48bc2-5366-440c-82d9-bb883356c541: receive RaftClientReply:client-23A86F63C327->2ed48bc2-5366-440c-82d9-bb883356c541@group-2E60415853D6, cid=59, SUCCESS, logIndex=1, commits[2ed48bc2-5366-440c-82d9-bb883356c541:c1, 6503dcd8-eb35-4da4-96ba-ea64ed1fa179:c0, 0f5b7def-5559-46f7-9d41-828685c9005a:c0]
2019-07-09 22:56:02,388 INFO  client.GrpcClientProtocolClient (GrpcClientProtocolClient.java:onNext(255)) - client-23A86F63C327->2ed48bc2-5366-440c-82d9-bb883356c541: receive RaftClientReply:client-23A86F63C327->2ed48bc2-5366-440c-82d9-bb883356c541@group-2E60415853D6, cid=60, SUCCESS, logIndex=3, commits[2ed48bc2-5366-440c-82d9-bb883356c541:c8, 6503dcd8-eb35-4da4-96ba-ea64ed1fa179:c6, 0f5b7def-5559-46f7-9d41-828685c9005a:c6]
2019-07-09 22:56:02,389 INFO  client.GrpcClientProtocolClient (GrpcClientProtocolClient.java:onNext(255)) - client-23A86F63C327->2ed48bc2-5366-440c-82d9-bb883356c541: receive RaftClientReply:client-23A86F63C327->2ed48bc2-5366-440c-82d9-bb883356c541@group-2E60415853D6, cid=61, SUCCESS, logIndex=5, commits[2ed48bc2-5366-440c-82d9-bb883356c541:c8, 6503dcd8-eb35-4da4-96ba-ea64ed1fa179:c6, 0f5b7def-5559-46f7-9d41-828685c9005a:c6]
2019-07-09 22:56:02,433 INFO  client.GrpcClientProtocolClient (GrpcClientProtocolClient.java:onNext(255)) - client-23A86F63C327->2ed48bc2-5366-440c-82d9-bb883356c541: receive RaftClientReply:client-23A86F63C327->2ed48bc2-5366-440c-82d9-bb883356c541@group-2E60415853D6, cid=62, SUCCESS, logIndex=6, commits[2ed48bc2-5366-440c-82d9-bb883356c541:c8, 6503dcd8-eb35-4da4-96ba-ea64ed1fa179:c6, 0f5b7def-5559-46f7-9d41-828685c9005a:c6]
2019-07-09 22:56:02,458 INFO  client.GrpcClientProtocolClient (GrpcClientProtocolClient.java:onNext(255)) - client-23A86F63C327->2ed48bc2-5366-440c-82d9-bb883356c541: receive RaftClientReply:client-23A86F63C327->2ed48bc2-5366-440c-82d9-bb883356c541@group-2E60415853D6, cid=63, SUCCESS, logIndex=9, commits[2ed48bc2-5366-440c-82d9-bb883356c541:c10, 6503dcd8-eb35-4da4-96ba-ea64ed1fa179:c8, 0f5b7def-5559-46f7-9d41-828685c9005a:c8]
2019-07-09 22:56:02,461 INFO  client.GrpcClientProtocolClient (GrpcClientProtocolClient.java:onNext(255)) - client-23A86F63C327->2ed48bc2-5366-440c-82d9-bb883356c541: receive RaftClientReply:client-23A86F63C327->2ed48bc2-5366-440c-82d9-bb883356c541@group-2E60415853D6, cid=64, SUCCESS, logIndex=10, commits[2ed48bc2-5366-440c-82d9-bb883356c541:c10, 6503dcd8-eb35-4da4-96ba-ea64ed1fa179:c8, 0f5b7def-5559-46f7-9d41-828685c9005a:c8]
2019-07-09 22:56:02,466 INFO  client.GrpcClientProtocolClient (GrpcClientProtocolClient.java:onNext(255)) - client-23A86F63C327->2ed48bc2-5366-440c-82d9-bb883356c541: receive RaftClientReply:client-23A86F63C327->2ed48bc2-5366-440c-82d9-bb883356c541@group-2E60415853D6, cid=65, SUCCESS, logIndex=11, commits[2ed48bc2-5366-440c-82d9-bb883356c541:c13, 6503dcd8-eb35-4da4-96ba-ea64ed1fa179:c10, 0f5b7def-5559-46f7-9d41-828685c9005a:c8]
2019-07-09 22:56:02,467 INFO  client.GrpcClientProtocolClient (GrpcClientProtocolClient.java:onNext(255)) - client-23A86F63C327->2ed48bc2-5366-440c-82d9-bb883356c541: receive RaftClientReply:client-23A86F63C327->2ed48bc2-5366-440c-82d9-bb883356c541@group-2E60415853D6, cid=66, SUCCESS, logIndex=12, commits[2ed48bc2-5366-440c-82d9-bb883356c541:c14, 6503dcd8-eb35-4da4-96ba-ea64ed1fa179:c10, 0f5b7def-5559-46f7-9d41-828685c9005a:c10]
2019-07-09 22:56:02,472 INFO  client.GrpcClientProtocolClient (GrpcClientProtocolClient.java:onNext(255)) - client-23A86F63C327->2ed48bc2-5366-440c-82d9-bb883356c541: receive RaftClientReply:client-23A86F63C327->2ed48bc2-5366-440c-82d9-bb883356c541@group-2E60415853D6, cid=67, SUCCESS, logIndex=0, commits[2ed48bc2-5366-440c-82d9-bb883356c541:c15, 6503dcd8-eb35-4da4-96ba-ea64ed1fa179:c12, 0f5b7def-5559-46f7-9d41-828685c9005a:c12]
2019-07-09 22:56:02,558 INFO  client.GrpcClientProtocolClient (GrpcClientProtocolClient.java:onNext(255)) - client-23A86F63C327->2ed48bc2-5366-440c-82d9-bb883356c541: receive RaftClientReply:client-23A86F63C327->2ed48bc2-5366-440c-82d9-bb883356c541@group-2E60415853D6, cid=68, SUCCESS, logIndex=17, commits[2ed48bc2-5366-440c-82d9-bb883356c541:c20, 6503dcd8-eb35-4da4-96ba-ea64ed1fa179:c16, 0f5b7def-5559-46f7-9d41-828685c9005a:c16]
2019-07-09 22:56:02,582 INFO  client.GrpcClientProtocolClient (GrpcClientProtocolClient.java:onNext(255)) - client-23A86F63C327->2ed48bc2-5366-440c-82d9-bb883356c541: receive RaftClientReply:client-23A86F63C327->2ed48bc2-5366-440c-82d9-bb883356c541@group-2E60415853D6, cid=69, SUCCESS, logIndex=18, commits[2ed48bc2-5366-440c-82d9-bb883356c541:c23, 6503dcd8-eb35-4da4-96ba-ea64ed1fa179:c20, 0f5b7def-5559-46f7-9d41-828685c9005a:c20]
2019-07-09 22:56:02,582 INFO  client.GrpcClientProtocolClient (GrpcClientProtocolClient.java:onNext(255)) - client-23A86F63C327->2ed48bc2-5366-440c-82d9-bb883356c541: receive RaftClientReply:client-23A86F63C327->2ed48bc2-5366-440c-82d9-bb883356c541@group-2E60415853D6, cid=70, SUCCESS, logIndex=19, commits[2ed48bc2-5366-440c-82d9-bb883356c541:c23, 6503dcd8-eb35-4da4-96ba-ea64ed1fa179:c20, 0f5b7def-5559-46f7-9d41-828685c9005a:c20]
2019-07-09 22:56:02,643 INFO  client.GrpcClientProtocolClient (GrpcClientProtocolClient.java:onNext(255)) - client-23A86F63C327->2ed48bc2-5366-440c-82d9-bb883356c541: receive RaftClientReply:client-23A86F63C327->2ed48bc2-5366-440c-82d9-bb883356c541@group-2E60415853D6, cid=71, SUCCESS, logIndex=20, commits[2ed48bc2-5366-440c-82d9-bb883356c541:c23, 6503dcd8-eb35-4da4-96ba-ea64ed1fa179:c20, 0f5b7def-5559-46f7-9d41-828685c9005a:c20]
2019-07-09 22:56:02,775 INFO  client.GrpcClientProtocolClient (GrpcClientProtocolClient.java:onNext(255)) - client-23A86F63C327->2ed48bc2-5366-440c-82d9-bb883356c541: receive RaftClientReply:client-23A86F63C327->2ed48bc2-5366-440c-82d9-bb883356c541@group-2E60415853D6, cid=72, SUCCESS, logIndex=24, commits[2ed48bc2-5366-440c-82d9-bb883356c541:c25, 6503dcd8-eb35-4da4-96ba-ea64ed1fa179:c23, 0f5b7def-5559-46f7-9d41-828685c9005a:c23]
2019-07-09 22:56:02,776 INFO  client.GrpcClientProtocolClient (GrpcClientProtocolClient.java:onNext(255)) - client-23A86F63C327->2ed48bc2-5366-440c-82d9-bb883356c541: receive RaftClientReply:client-23A86F63C327->2ed48bc2-5366-440c-82d9-bb883356c541@group-2E60415853D6, cid=73, SUCCESS, logIndex=25, commits[2ed48bc2-5366-440c-82d9-bb883356c541:c27, 6503dcd8-eb35-4da4-96ba-ea64ed1fa179:c23, 0f5b7def-5559-46f7-9d41-828685c9005a:c23]
2019-07-09 22:56:02,777 INFO  client.GrpcClientProtocolClient (GrpcClientProtocolClient.java:onNext(255)) - client-23A86F63C327->2ed48bc2-5366-440c-82d9-bb883356c541: receive RaftClientReply:client-23A86F63C327->2ed48bc2-5366-440c-82d9-bb883356c541@group-2E60415853D6, cid=74, SUCCESS, logIndex=26, commits[2ed48bc2-5366-440c-82d9-bb883356c541:c27, 6503dcd8-eb35-4da4-96ba-ea64ed1fa179:c23, 0f5b7def-5559-46f7-9d41-828685c9005a:c23]
2019-07-09 22:56:02,778 INFO  client.GrpcClientProtocolClient (GrpcClientProtocolClient.java:onNext(255)) - client-23A86F63C327->2ed48bc2-5366-440c-82d9-bb883356c541: receive RaftClientReply:client-23A86F63C327->2ed48bc2-5366-440c-82d9-bb883356c541@group-2E60415853D6, cid=75, SUCCESS, logIndex=27, commits[2ed48bc2-5366-440c-82d9-bb883356c541:c28, 6503dcd8-eb35-4da4-96ba-ea64ed1fa179:c23, 0f5b7def-5559-46f7-9d41-828685c9005a:c25]
2019-07-09 22:56:02,780 INFO  client.GrpcClientProtocolClient (GrpcClientProtocolClient.java:onNext(255)) - client-23A86F63C327->2ed48bc2-5366-440c-82d9-bb883356c541: receive RaftClientReply:client-23A86F63C327->2ed48bc2-5366-440c-82d9-bb883356c541@group-2E60415853D6, cid=76, SUCCESS, logIndex=0, commits[2ed48bc2-5366-440c-82d9-bb883356c541:c29, 6503dcd8-eb35-4da4-96ba-ea64ed1fa179:c25, 0f5b7def-5559-46f7-9d41-828685c9005a:c25]
2019-07-09 22:56:02,784 INFO  client.GrpcClientProtocolClient (GrpcClientProtocolClient.java:onNext(255)) - client-23A86F63C327->2ed48bc2-5366-440c-82d9-bb883356c541: receive RaftClientReply:client-23A86F63C327->2ed48bc2-5366-440c-82d9-bb883356c541@group-2E60415853D6, cid=77, SUCCESS, logIndex=0, commits[2ed48bc2-5366-440c-82d9-bb883356c541:c31, 6503dcd8-eb35-4da4-96ba-ea64ed1fa179:c27, 0f5b7def-5559-46f7-9d41-828685c9005a:c27]
2019-07-09 22:56:02,795 INFO  keyvalue.KeyValueHandler (ContainerUtils.java:logAndReturnError(146)) - Operation: CreateContainer : Trace ID: b0e10eceb0fe4a38:1243705a06e110c2:3cbee875159d5e29:0 : Message: Container creation failed, due to disk out of space : Result: DISK_OUT_OF_SPACE
2019-07-09 22:56:02,801 INFO  keyvalue.KeyValueHandler (ContainerUtils.java:logAndReturnError(146)) - Operation: CreateContainer : Trace ID: b0e10eceb0fe4a38:1243705a06e110c2:3cbee875159d5e29:0 : Message: Container creation failed, due to disk out of space : Result: DISK_OUT_OF_SPACE
2019-07-09 22:56:02,804 INFO  keyvalue.KeyValueHandler (ContainerUtils.java:logAndReturnError(146)) - Operation: CreateContainer : Trace ID: b0e10eceb0fe4a38:522c2baee5ae55c7:3cbee875159d5e29:0 : Message: Container creation failed, due to disk out of space : Result: DISK_OUT_OF_SPACE
2019-07-09 22:56:02,809 INFO  keyvalue.KeyValueHandler (ContainerUtils.java:logAndReturnError(146)) - Operation: CreateContainer : Trace ID: b0e10eceb0fe4a38:522c2baee5ae55c7:3cbee875159d5e29:0 : Message: Container creation failed, due to disk out of space : Result: DISK_OUT_OF_SPACE
22:56:02.798 [pool-26-thread-46] ERROR DNAudit - user=null | ip=null | op=WRITE_CHUNK {blockData=conID: 6 locID: 102413956623433737 bcsId: 0} | ret=FAILURE
org.apache.hadoop.hdds.scm.container.common.helpers.StorageContainerException: ContainerID 6 creation failed
	at org.apache.hadoop.ozone.container.common.impl.HddsDispatcher.dispatchRequest(HddsDispatcher.java:227) ~[classes/:?]
	at org.apache.hadoop.ozone.container.common.impl.HddsDispatcher.dispatch(HddsDispatcher.java:148) ~[classes/:?]
	at org.apache.hadoop.ozone.container.common.transport.server.ratis.ContainerStateMachine.dispatchCommand(ContainerStateMachine.java:346) ~[classes/:?]
	at org.apache.hadoop.ozone.container.common.transport.server.ratis.ContainerStateMachine.runCommand(ContainerStateMachine.java:353) ~[classes/:?]
	at org.apache.hadoop.ozone.container.common.transport.server.ratis.ContainerStateMachine.lambda$handleWriteChunk$0(ContainerStateMachine.java:384) ~[classes/:?]
	at java.util.concurrent.CompletableFuture$AsyncSupply.run(CompletableFuture.java:1590) [?:1.8.0_212]
	at java.util.concurrent.ThreadPoolExecutor.runWorker(ThreadPoolExecutor.java:1149) [?:1.8.0_212]
	at java.util.concurrent.ThreadPoolExecutor$Worker.run(ThreadPoolExecutor.java:624) [?:1.8.0_212]
	at java.lang.Thread.run(Thread.java:748) [?:1.8.0_212]
22:56:02.810 [pool-47-thread-30] ERROR DNAudit - user=null | ip=null | op=WRITE_CHUNK {blockData=conID: 6 locID: 102413956623433737 bcsId: 0} | ret=FAILURE
org.apache.hadoop.hdds.scm.container.common.helpers.StorageContainerException: ContainerID 6 creation failed
	at org.apache.hadoop.ozone.container.common.impl.HddsDispatcher.dispatchRequest(HddsDispatcher.java:227) ~[classes/:?]
	at org.apache.hadoop.ozone.container.common.impl.HddsDispatcher.dispatch(HddsDispatcher.java:148) ~[classes/:?]
	at org.apache.hadoop.ozone.container.common.transport.server.ratis.ContainerStateMachine.dispatchCommand(ContainerStateMachine.java:346) ~[classes/:?]
	at org.apache.hadoop.ozone.container.common.transport.server.ratis.ContainerStateMachine.runCommand(ContainerStateMachine.java:353) ~[classes/:?]
	at org.apache.hadoop.ozone.container.common.transport.server.ratis.ContainerStateMachine.lambda$handleWriteChunk$0(ContainerStateMachine.java:384) ~[classes/:?]
	at java.util.concurrent.CompletableFuture$AsyncSupply.run(CompletableFuture.java:1590) [?:1.8.0_212]
	at java.util.concurrent.ThreadPoolExecutor.runWorker(ThreadPoolExecutor.java:1149) [?:1.8.0_212]
	at java.util.concurrent.ThreadPoolExecutor$Worker.run(ThreadPoolExecutor.java:624) [?:1.8.0_212]
	at java.lang.Thread.run(Thread.java:748) [?:1.8.0_212]
22:56:02.804 [pool-47-thread-29] ERROR DNAudit - user=null | ip=null | op=WRITE_CHUNK {blockData=conID: 6 locID: 102413956623433737 bcsId: 0} | ret=FAILURE
org.apache.hadoop.hdds.scm.container.common.helpers.StorageContainerException: ContainerID 6 creation failed
	at org.apache.hadoop.ozone.container.common.impl.HddsDispatcher.dispatchRequest(HddsDispatcher.java:227) ~[classes/:?]
	at org.apache.hadoop.ozone.container.common.impl.HddsDispatcher.dispatch(HddsDispatcher.java:148) ~[classes/:?]
	at org.apache.hadoop.ozone.container.common.transport.server.ratis.ContainerStateMachine.dispatchCommand(ContainerStateMachine.java:346) ~[classes/:?]
	at org.apache.hadoop.ozone.container.common.transport.server.ratis.ContainerStateMachine.runCommand(ContainerStateMachine.java:353) ~[classes/:?]
	at org.apache.hadoop.ozone.container.common.transport.server.ratis.ContainerStateMachine.lambda$handleWriteChunk$0(ContainerStateMachine.java:384) ~[classes/:?]
	at java.util.concurrent.CompletableFuture$AsyncSupply.run(CompletableFuture.java:1590) [?:1.8.0_212]
	at java.util.concurrent.ThreadPoolExecutor.runWorker(ThreadPoolExecutor.java:1149) [?:1.8.0_212]
	at java.util.concurrent.ThreadPoolExecutor$Worker.run(ThreadPoolExecutor.java:624) [?:1.8.0_212]
	at java.lang.Thread.run(Thread.java:748) [?:1.8.0_212]
22:56:02.804 [pool-26-thread-49] ERROR DNAudit - user=null | ip=null | op=WRITE_CHUNK {blockData=conID: 6 locID: 102413956623433737 bcsId: 0} | ret=FAILURE
org.apache.hadoop.hdds.scm.container.common.helpers.StorageContainerException: ContainerID 6 creation failed
	at org.apache.hadoop.ozone.container.common.impl.HddsDispatcher.dispatchRequest(HddsDispatcher.java:227) ~[classes/:?]
	at org.apache.hadoop.ozone.container.common.impl.HddsDispatcher.dispatch(HddsDispatcher.java:148) ~[classes/:?]
	at org.apache.hadoop.ozone.container.common.transport.server.ratis.ContainerStateMachine.dispatchCommand(ContainerStateMachine.java:346) ~[classes/:?]
	at org.apache.hadoop.ozone.container.common.transport.server.ratis.ContainerStateMachine.runCommand(ContainerStateMachine.java:353) ~[classes/:?]
	at org.apache.hadoop.ozone.container.common.transport.server.ratis.ContainerStateMachine.lambda$handleWriteChunk$0(ContainerStateMachine.java:384) ~[classes/:?]
	at java.util.concurrent.CompletableFuture$AsyncSupply.run(CompletableFuture.java:1590) [?:1.8.0_212]
	at java.util.concurrent.ThreadPoolExecutor.runWorker(ThreadPoolExecutor.java:1149) [?:1.8.0_212]
	at java.util.concurrent.ThreadPoolExecutor$Worker.run(ThreadPoolExecutor.java:624) [?:1.8.0_212]
	at java.lang.Thread.run(Thread.java:748) [?:1.8.0_212]
2019-07-09 22:56:02,815 INFO  impl.HddsDispatcher (ContainerUtils.java:logAndReturnError(146)) - Operation: WriteChunk : Trace ID: b0e10eceb0fe4a38:1243705a06e110c2:3cbee875159d5e29:0 : Message: ContainerID 6 creation failed : Result: DISK_OUT_OF_SPACE
2019-07-09 22:56:02,817 INFO  impl.HddsDispatcher (ContainerUtils.java:logAndReturnError(146)) - Operation: WriteChunk : Trace ID: b0e10eceb0fe4a38:522c2baee5ae55c7:3cbee875159d5e29:0 : Message: ContainerID 6 creation failed : Result: DISK_OUT_OF_SPACE
2019-07-09 22:56:02,815 INFO  impl.HddsDispatcher (ContainerUtils.java:logAndReturnError(146)) - Operation: WriteChunk : Trace ID: b0e10eceb0fe4a38:1243705a06e110c2:3cbee875159d5e29:0 : Message: ContainerID 6 creation failed : Result: DISK_OUT_OF_SPACE
2019-07-09 22:56:02,815 INFO  impl.HddsDispatcher (ContainerUtils.java:logAndReturnError(146)) - Operation: WriteChunk : Trace ID: b0e10eceb0fe4a38:522c2baee5ae55c7:3cbee875159d5e29:0 : Message: ContainerID 6 creation failed : Result: DISK_OUT_OF_SPACE
22:56:02.823 [pool-33-thread-1] ERROR DNAudit - user=null | ip=null | op=WRITE_CHUNK {blockData=conID: 6 locID: 102413956623433737 bcsId: 0} | ret=FAILURE
org.apache.hadoop.hdds.scm.container.common.helpers.StorageContainerException: ContainerID 6 does not exist
	at org.apache.hadoop.ozone.container.common.impl.HddsDispatcher.dispatchRequest(HddsDispatcher.java:242) ~[classes/:?]
	at org.apache.hadoop.ozone.container.common.impl.HddsDispatcher.dispatch(HddsDispatcher.java:148) ~[classes/:?]
	at org.apache.hadoop.ozone.container.common.transport.server.ratis.ContainerStateMachine.dispatchCommand(ContainerStateMachine.java:346) ~[classes/:?]
	at org.apache.hadoop.ozone.container.common.transport.server.ratis.ContainerStateMachine.runCommand(ContainerStateMachine.java:353) ~[classes/:?]
	at org.apache.hadoop.ozone.container.common.transport.server.ratis.ContainerStateMachine.lambda$applyTransaction$5(ContainerStateMachine.java:620) ~[classes/:?]
	at java.util.concurrent.CompletableFuture$AsyncSupply.run(CompletableFuture.java:1590) [?:1.8.0_212]
	at java.util.concurrent.ThreadPoolExecutor.runWorker(ThreadPoolExecutor.java:1149) [?:1.8.0_212]
	at java.util.concurrent.ThreadPoolExecutor$Worker.run(ThreadPoolExecutor.java:624) [?:1.8.0_212]
	at java.lang.Thread.run(Thread.java:748) [?:1.8.0_212]
2019-07-09 22:56:02,824 INFO  impl.HddsDispatcher (ContainerUtils.java:logAndReturnError(146)) - Operation: WriteChunk : Trace ID: b0e10eceb0fe4a38:1243705a06e110c2:3cbee875159d5e29:0 : Message: ContainerID 6 does not exist : Result: CONTAINER_NOT_FOUND
22:56:02.824 [pool-33-thread-1] ERROR DNAudit - user=null | ip=null | op=PUT_BLOCK {blockData=[blockId=conID: 6 locID: 102413956623433737 bcsId: 0,size=1048576]} | ret=FAILURE
org.apache.hadoop.hdds.scm.container.common.helpers.StorageContainerException: ContainerID 6 does not exist
	at org.apache.hadoop.ozone.container.common.impl.HddsDispatcher.dispatchRequest(HddsDispatcher.java:242) ~[classes/:?]
	at org.apache.hadoop.ozone.container.common.impl.HddsDispatcher.dispatch(HddsDispatcher.java:148) ~[classes/:?]
	at org.apache.hadoop.ozone.container.common.transport.server.ratis.ContainerStateMachine.dispatchCommand(ContainerStateMachine.java:346) ~[classes/:?]
	at org.apache.hadoop.ozone.container.common.transport.server.ratis.ContainerStateMachine.runCommand(ContainerStateMachine.java:353) ~[classes/:?]
	at org.apache.hadoop.ozone.container.common.transport.server.ratis.ContainerStateMachine.lambda$applyTransaction$5(ContainerStateMachine.java:620) ~[classes/:?]
	at java.util.concurrent.CompletableFuture$AsyncSupply.run(CompletableFuture.java:1590) [?:1.8.0_212]
	at java.util.concurrent.ThreadPoolExecutor.runWorker(ThreadPoolExecutor.java:1149) [?:1.8.0_212]
	at java.util.concurrent.ThreadPoolExecutor$Worker.run(ThreadPoolExecutor.java:624) [?:1.8.0_212]
	at java.lang.Thread.run(Thread.java:748) [?:1.8.0_212]
2019-07-09 22:56:02,825 INFO  client.GrpcClientProtocolClient (GrpcClientProtocolClient.java:onNext(255)) - client-23A86F63C327->2ed48bc2-5366-440c-82d9-bb883356c541: receive RaftClientReply:client-23A86F63C327->2ed48bc2-5366-440c-82d9-bb883356c541@group-2E60415853D6, cid=78, SUCCESS, logIndex=32, commits[2ed48bc2-5366-440c-82d9-bb883356c541:c35, 6503dcd8-eb35-4da4-96ba-ea64ed1fa179:c31, 0f5b7def-5559-46f7-9d41-828685c9005a:c27]
2019-07-09 22:56:02,825 INFO  impl.HddsDispatcher (ContainerUtils.java:logAndReturnError(146)) - Operation: PutBlock : Trace ID: b0e10eceb0fe4a38:bd6c5d1b05d66b88:3cbee875159d5e29:0 : Message: ContainerID 6 does not exist : Result: CONTAINER_NOT_FOUND
22:56:02.826 [pool-33-thread-1] ERROR DNAudit - user=null | ip=null | op=WRITE_CHUNK {blockData=conID: 6 locID: 102413956623433737 bcsId: 0} | ret=FAILURE
org.apache.hadoop.hdds.scm.container.common.helpers.StorageContainerException: ContainerID 6 does not exist
	at org.apache.hadoop.ozone.container.common.impl.HddsDispatcher.dispatchRequest(HddsDispatcher.java:242) ~[classes/:?]
	at org.apache.hadoop.ozone.container.common.impl.HddsDispatcher.dispatch(HddsDispatcher.java:148) ~[classes/:?]
	at org.apache.hadoop.ozone.container.common.transport.server.ratis.ContainerStateMachine.dispatchCommand(ContainerStateMachine.java:346) ~[classes/:?]
	at org.apache.hadoop.ozone.container.common.transport.server.ratis.ContainerStateMachine.runCommand(ContainerStateMachine.java:353) ~[classes/:?]
	at org.apache.hadoop.ozone.container.common.transport.server.ratis.ContainerStateMachine.lambda$applyTransaction$5(ContainerStateMachine.java:620) ~[classes/:?]
	at java.util.concurrent.CompletableFuture$AsyncSupply.run(CompletableFuture.java:1590) [?:1.8.0_212]
	at java.util.concurrent.ThreadPoolExecutor.runWorker(ThreadPoolExecutor.java:1149) [?:1.8.0_212]
	at java.util.concurrent.ThreadPoolExecutor$Worker.run(ThreadPoolExecutor.java:624) [?:1.8.0_212]
	at java.lang.Thread.run(Thread.java:748) [?:1.8.0_212]
2019-07-09 22:56:02,827 INFO  impl.HddsDispatcher (ContainerUtils.java:logAndReturnError(146)) - Operation: WriteChunk : Trace ID: b0e10eceb0fe4a38:522c2baee5ae55c7:3cbee875159d5e29:0 : Message: ContainerID 6 does not exist : Result: CONTAINER_NOT_FOUND
2019-07-09 22:56:02,827 INFO  client.GrpcClientProtocolClient (GrpcClientProtocolClient.java:onNext(255)) - client-23A86F63C327->2ed48bc2-5366-440c-82d9-bb883356c541: receive RaftClientReply:client-23A86F63C327->2ed48bc2-5366-440c-82d9-bb883356c541@group-2E60415853D6, cid=79, SUCCESS, logIndex=33, commits[2ed48bc2-5366-440c-82d9-bb883356c541:c35, 6503dcd8-eb35-4da4-96ba-ea64ed1fa179:c31, 0f5b7def-5559-46f7-9d41-828685c9005a:c27]
22:56:02.827 [pool-54-thread-1] ERROR DNAudit - user=null | ip=null | op=WRITE_CHUNK {blockData=conID: 6 locID: 102413956623433737 bcsId: 0} | ret=FAILURE
org.apache.hadoop.hdds.scm.container.common.helpers.StorageContainerException: ContainerID 6 does not exist
	at org.apache.hadoop.ozone.container.common.impl.HddsDispatcher.dispatchRequest(HddsDispatcher.java:242) ~[classes/:?]
	at org.apache.hadoop.ozone.container.common.impl.HddsDispatcher.dispatch(HddsDispatcher.java:148) ~[classes/:?]
	at org.apache.hadoop.ozone.container.common.transport.server.ratis.ContainerStateMachine.dispatchCommand(ContainerStateMachine.java:346) ~[classes/:?]
	at org.apache.hadoop.ozone.container.common.transport.server.ratis.ContainerStateMachine.runCommand(ContainerStateMachine.java:353) ~[classes/:?]
	at org.apache.hadoop.ozone.container.common.transport.server.ratis.ContainerStateMachine.lambda$applyTransaction$5(ContainerStateMachine.java:620) ~[classes/:?]
	at java.util.concurrent.CompletableFuture$AsyncSupply.run(CompletableFuture.java:1590) [?:1.8.0_212]
	at java.util.concurrent.ThreadPoolExecutor.runWorker(ThreadPoolExecutor.java:1149) [?:1.8.0_212]
	at java.util.concurrent.ThreadPoolExecutor$Worker.run(ThreadPoolExecutor.java:624) [?:1.8.0_212]
	at java.lang.Thread.run(Thread.java:748) [?:1.8.0_212]
2019-07-09 22:56:02,828 INFO  impl.HddsDispatcher (ContainerUtils.java:logAndReturnError(146)) - Operation: WriteChunk : Trace ID: b0e10eceb0fe4a38:1243705a06e110c2:3cbee875159d5e29:0 : Message: ContainerID 6 does not exist : Result: CONTAINER_NOT_FOUND
22:56:02.828 [pool-33-thread-1] ERROR DNAudit - user=null | ip=null | op=PUT_BLOCK {blockData=[blockId=conID: 6 locID: 102413956623433737 bcsId: 0,size=2097152]} | ret=FAILURE
org.apache.hadoop.hdds.scm.container.common.helpers.StorageContainerException: ContainerID 6 does not exist
	at org.apache.hadoop.ozone.container.common.impl.HddsDispatcher.dispatchRequest(HddsDispatcher.java:242) ~[classes/:?]
	at org.apache.hadoop.ozone.container.common.impl.HddsDispatcher.dispatch(HddsDispatcher.java:148) ~[classes/:?]
	at org.apache.hadoop.ozone.container.common.transport.server.ratis.ContainerStateMachine.dispatchCommand(ContainerStateMachine.java:346) ~[classes/:?]
	at org.apache.hadoop.ozone.container.common.transport.server.ratis.ContainerStateMachine.runCommand(ContainerStateMachine.java:353) ~[classes/:?]
	at org.apache.hadoop.ozone.container.common.transport.server.ratis.ContainerStateMachine.lambda$applyTransaction$5(ContainerStateMachine.java:620) ~[classes/:?]
	at java.util.concurrent.CompletableFuture$AsyncSupply.run(CompletableFuture.java:1590) [?:1.8.0_212]
	at java.util.concurrent.ThreadPoolExecutor.runWorker(ThreadPoolExecutor.java:1149) [?:1.8.0_212]
	at java.util.concurrent.ThreadPoolExecutor$Worker.run(ThreadPoolExecutor.java:624) [?:1.8.0_212]
	at java.lang.Thread.run(Thread.java:748) [?:1.8.0_212]
22:56:02.828 [pool-54-thread-1] ERROR DNAudit - user=null | ip=null | op=PUT_BLOCK {blockData=[blockId=conID: 6 locID: 102413956623433737 bcsId: 0,size=1048576]} | ret=FAILURE
org.apache.hadoop.hdds.scm.container.common.helpers.StorageContainerException: ContainerID 6 does not exist
	at org.apache.hadoop.ozone.container.common.impl.HddsDispatcher.dispatchRequest(HddsDispatcher.java:242) ~[classes/:?]
	at org.apache.hadoop.ozone.container.common.impl.HddsDispatcher.dispatch(HddsDispatcher.java:148) ~[classes/:?]
	at org.apache.hadoop.ozone.container.common.transport.server.ratis.ContainerStateMachine.dispatchCommand(ContainerStateMachine.java:346) ~[classes/:?]
	at org.apache.hadoop.ozone.container.common.transport.server.ratis.ContainerStateMachine.runCommand(ContainerStateMachine.java:353) ~[classes/:?]
	at org.apache.hadoop.ozone.container.common.transport.server.ratis.ContainerStateMachine.lambda$applyTransaction$5(ContainerStateMachine.java:620) ~[classes/:?]
	at java.util.concurrent.CompletableFuture$AsyncSupply.run(CompletableFuture.java:1590) [?:1.8.0_212]
	at java.util.concurrent.ThreadPoolExecutor.runWorker(ThreadPoolExecutor.java:1149) [?:1.8.0_212]
	at java.util.concurrent.ThreadPoolExecutor$Worker.run(ThreadPoolExecutor.java:624) [?:1.8.0_212]
	at java.lang.Thread.run(Thread.java:748) [?:1.8.0_212]
2019-07-09 22:56:02,828 ERROR storage.BlockOutputStream (BlockOutputStream.java:validateResponse(538)) - Unexpected Storage Container Exception: 
org.apache.hadoop.hdds.scm.container.common.helpers.StorageContainerException: ContainerID 6 does not exist
	at org.apache.hadoop.hdds.scm.storage.ContainerProtocolCalls.validateContainerResponse(ContainerProtocolCalls.java:536)
	at org.apache.hadoop.hdds.scm.storage.BlockOutputStream.validateResponse(BlockOutputStream.java:536)
	at org.apache.hadoop.hdds.scm.storage.BlockOutputStream.lambda$writeChunkToContainer$2(BlockOutputStream.java:614)
	at java.util.concurrent.CompletableFuture.uniApply(CompletableFuture.java:602)
	at java.util.concurrent.CompletableFuture$UniApply.tryFire(CompletableFuture.java:577)
	at java.util.concurrent.CompletableFuture$Completion.run(CompletableFuture.java:442)
	at java.util.concurrent.ThreadPoolExecutor.runWorker(ThreadPoolExecutor.java:1149)
	at java.util.concurrent.ThreadPoolExecutor$Worker.run(ThreadPoolExecutor.java:624)
	at java.lang.Thread.run(Thread.java:748)
2019-07-09 22:56:02,829 INFO  impl.HddsDispatcher (ContainerUtils.java:logAndReturnError(146)) - Operation: PutBlock : Trace ID: b0e10eceb0fe4a38:bd6c5d1b05d66b88:3cbee875159d5e29:0 : Message: ContainerID 6 does not exist : Result: CONTAINER_NOT_FOUND
2019-07-09 22:56:02,829 INFO  impl.HddsDispatcher (ContainerUtils.java:logAndReturnError(146)) - Operation: PutBlock : Trace ID: b0e10eceb0fe4a38:783332da3c7bbe78:3cbee875159d5e29:0 : Message: ContainerID 6 does not exist : Result: CONTAINER_NOT_FOUND
2019-07-09 22:56:02,828 INFO  client.GrpcClientProtocolClient (GrpcClientProtocolClient.java:onNext(255)) - client-23A86F63C327->2ed48bc2-5366-440c-82d9-bb883356c541: receive RaftClientReply:client-23A86F63C327->2ed48bc2-5366-440c-82d9-bb883356c541@group-2E60415853D6, cid=80, SUCCESS, logIndex=34, commits[2ed48bc2-5366-440c-82d9-bb883356c541:c36, 6503dcd8-eb35-4da4-96ba-ea64ed1fa179:c32, 0f5b7def-5559-46f7-9d41-828685c9005a:c27]
22:56:02.832 [pool-54-thread-1] ERROR DNAudit - user=null | ip=null | op=WRITE_CHUNK {blockData=conID: 6 locID: 102413956623433737 bcsId: 0} | ret=FAILURE
org.apache.hadoop.hdds.scm.container.common.helpers.StorageContainerException: ContainerID 6 does not exist
	at org.apache.hadoop.ozone.container.common.impl.HddsDispatcher.dispatchRequest(HddsDispatcher.java:242) ~[classes/:?]
	at org.apache.hadoop.ozone.container.common.impl.HddsDispatcher.dispatch(HddsDispatcher.java:148) ~[classes/:?]
	at org.apache.hadoop.ozone.container.common.transport.server.ratis.ContainerStateMachine.dispatchCommand(ContainerStateMachine.java:346) ~[classes/:?]
	at org.apache.hadoop.ozone.container.common.transport.server.ratis.ContainerStateMachine.runCommand(ContainerStateMachine.java:353) ~[classes/:?]
	at org.apache.hadoop.ozone.container.common.transport.server.ratis.ContainerStateMachine.lambda$applyTransaction$5(ContainerStateMachine.java:620) ~[classes/:?]
	at java.util.concurrent.CompletableFuture$AsyncSupply.run(CompletableFuture.java:1590) [?:1.8.0_212]
	at java.util.concurrent.ThreadPoolExecutor.runWorker(ThreadPoolExecutor.java:1149) [?:1.8.0_212]
	at java.util.concurrent.ThreadPoolExecutor$Worker.run(ThreadPoolExecutor.java:624) [?:1.8.0_212]
	at java.lang.Thread.run(Thread.java:748) [?:1.8.0_212]
2019-07-09 22:56:02,832 INFO  impl.HddsDispatcher (ContainerUtils.java:logAndReturnError(146)) - Operation: WriteChunk : Trace ID: b0e10eceb0fe4a38:522c2baee5ae55c7:3cbee875159d5e29:0 : Message: ContainerID 6 does not exist : Result: CONTAINER_NOT_FOUND
2019-07-09 22:56:02,833 INFO  client.GrpcClientProtocolClient (GrpcClientProtocolClient.java:onNext(255)) - client-23A86F63C327->2ed48bc2-5366-440c-82d9-bb883356c541: receive RaftClientReply:client-23A86F63C327->2ed48bc2-5366-440c-82d9-bb883356c541@group-2E60415853D6, cid=81, SUCCESS, logIndex=35, commits[2ed48bc2-5366-440c-82d9-bb883356c541:c38, 6503dcd8-eb35-4da4-96ba-ea64ed1fa179:c35, 0f5b7def-5559-46f7-9d41-828685c9005a:c27]
22:56:02.833 [pool-54-thread-1] ERROR DNAudit - user=null | ip=null | op=PUT_BLOCK {blockData=[blockId=conID: 6 locID: 102413956623433737 bcsId: 0,size=2097152]} | ret=FAILURE
org.apache.hadoop.hdds.scm.container.common.helpers.StorageContainerException: ContainerID 6 does not exist
	at org.apache.hadoop.ozone.container.common.impl.HddsDispatcher.dispatchRequest(HddsDispatcher.java:242) ~[classes/:?]
	at org.apache.hadoop.ozone.container.common.impl.HddsDispatcher.dispatch(HddsDispatcher.java:148) ~[classes/:?]
	at org.apache.hadoop.ozone.container.common.transport.server.ratis.ContainerStateMachine.dispatchCommand(ContainerStateMachine.java:346) ~[classes/:?]
	at org.apache.hadoop.ozone.container.common.transport.server.ratis.ContainerStateMachine.runCommand(ContainerStateMachine.java:353) ~[classes/:?]
	at org.apache.hadoop.ozone.container.common.transport.server.ratis.ContainerStateMachine.lambda$applyTransaction$5(ContainerStateMachine.java:620) ~[classes/:?]
	at java.util.concurrent.CompletableFuture$AsyncSupply.run(CompletableFuture.java:1590) [?:1.8.0_212]
	at java.util.concurrent.ThreadPoolExecutor.runWorker(ThreadPoolExecutor.java:1149) [?:1.8.0_212]
	at java.util.concurrent.ThreadPoolExecutor$Worker.run(ThreadPoolExecutor.java:624) [?:1.8.0_212]
	at java.lang.Thread.run(Thread.java:748) [?:1.8.0_212]
2019-07-09 22:56:02,835 INFO  impl.HddsDispatcher (ContainerUtils.java:logAndReturnError(146)) - Operation: PutBlock : Trace ID: b0e10eceb0fe4a38:783332da3c7bbe78:3cbee875159d5e29:0 : Message: ContainerID 6 does not exist : Result: CONTAINER_NOT_FOUND
2019-07-09 22:56:02,836 ERROR freon.RandomKeyGenerator (RandomKeyGenerator.java:run(718)) - Exception while adding key: key-0-08149 in bucket: bucket-0-69297 of volume: vol-0-22280.
java.io.IOException: Unexpected Storage Container Exception: org.apache.hadoop.hdds.scm.container.common.helpers.StorageContainerException: ContainerID 6 does not exist
	at org.apache.hadoop.hdds.scm.storage.BlockOutputStream.setIoException(BlockOutputStream.java:548)
	at org.apache.hadoop.hdds.scm.storage.BlockOutputStream.validateResponse(BlockOutputStream.java:539)
	at org.apache.hadoop.hdds.scm.storage.BlockOutputStream.lambda$writeChunkToContainer$2(BlockOutputStream.java:614)
	at java.util.concurrent.CompletableFuture.uniApply(CompletableFuture.java:602)
	at java.util.concurrent.CompletableFuture$UniApply.tryFire(CompletableFuture.java:577)
	at java.util.concurrent.CompletableFuture$Completion.run(CompletableFuture.java:442)
	at java.util.concurrent.ThreadPoolExecutor.runWorker(ThreadPoolExecutor.java:1149)
	at java.util.concurrent.ThreadPoolExecutor$Worker.run(ThreadPoolExecutor.java:624)
	at java.lang.Thread.run(Thread.java:748)
Caused by: org.apache.hadoop.hdds.scm.container.common.helpers.StorageContainerException: ContainerID 6 does not exist
	at org.apache.hadoop.hdds.scm.storage.ContainerProtocolCalls.validateContainerResponse(ContainerProtocolCalls.java:536)
	at org.apache.hadoop.hdds.scm.storage.BlockOutputStream.validateResponse(BlockOutputStream.java:536)
	... 7 more
 0.00% |█                                                                                                    |  0/1 Time: 0:00:02 0.00% |█                                                                                                    |  0/1 Time: 0:00:03 0.00% |█                                                                                                    |  0/1 Time: 0:00:04 100.00% |█████████████████████████████████████████████████████████████████████████████████████████████████████|  1/1 Time: 0:00:05
]]></system-out>
    <system-err><![CDATA[ERROR StatusLogger No Log4j 2 configuration file found. Using default configuration (logging only errors to the console), or user programmatically provided configurations. Set system property 'log4j2.debug' to show Log4j 2 internal initialization logging. See https://logging.apache.org/log4j/2.x/manual/configuration.html for instructions on how to configure Log4j 2
Jul 09, 2019 10:55:45 PM com.sun.jersey.server.impl.application.WebApplicationImpl _initiate
INFO: Initiating Jersey application, version 'Jersey: 1.19 02/11/2015 03:25 AM'
Jul 09, 2019 10:55:46 PM com.sun.jersey.server.impl.application.WebApplicationImpl _initiate
INFO: Initiating Jersey application, version 'Jersey: 1.19 02/11/2015 03:25 AM'
Jul 09, 2019 10:55:46 PM com.sun.jersey.server.impl.application.WebApplicationImpl _initiate
INFO: Initiating Jersey application, version 'Jersey: 1.19 02/11/2015 03:25 AM'
]]></system-err>
  </testcase>
</testsuite>