<?xml version="1.0" encoding="UTF-8"?>
<testsuite xmlns:xsi="http://www.w3.org/2001/XMLSchema-instance" xsi:noNamespaceSchemaLocation="https://maven.apache.org/surefire/maven-surefire-plugin/xsd/surefire-test-report.xsd" name="org.apache.hadoop.fs.ozone.contract.ITestOzoneContractOpen" time="31.309" tests="6" errors="4" skipped="0" failures="0">
  <properties>
    <property name="awt.toolkit" value="sun.awt.X11.XToolkit"/>
    <property name="file.encoding.pkg" value="sun.io"/>
    <property name="java.specification.version" value="1.8"/>
    <property name="sun.cpu.isalist" value=""/>
    <property name="sun.jnu.encoding" value="UTF-8"/>
    <property name="java.class.path" value="/workdir/hadoop-ozone/ozonefs/target/test-classes:/workdir/hadoop-ozone/ozonefs/target/classes:/home/user/.m2/repository/org/apache/hadoop/hadoop-common/3.2.0/hadoop-common-3.2.0.jar:/home/user/.m2/repository/org/apache/hadoop/hadoop-annotations/3.2.0/hadoop-annotations-3.2.0.jar:/usr/lib/jvm/java-1.8-openjdk/jre/../lib/tools.jar:/home/user/.m2/repository/com/google/guava/guava/11.0.2/guava-11.0.2.jar:/home/user/.m2/repository/commons-cli/commons-cli/1.2/commons-cli-1.2.jar:/home/user/.m2/repository/org/apache/commons/commons-math3/3.1.1/commons-math3-3.1.1.jar:/home/user/.m2/repository/org/apache/httpcomponents/httpclient/4.5.2/httpclient-4.5.2.jar:/home/user/.m2/repository/org/apache/httpcomponents/httpcore/4.4.4/httpcore-4.4.4.jar:/home/user/.m2/repository/commons-codec/commons-codec/1.11/commons-codec-1.11.jar:/home/user/.m2/repository/commons-io/commons-io/2.5/commons-io-2.5.jar:/home/user/.m2/repository/commons-net/commons-net/3.6/commons-net-3.6.jar:/home/user/.m2/repository/commons-collections/commons-collections/3.2.2/commons-collections-3.2.2.jar:/home/user/.m2/repository/javax/servlet/javax.servlet-api/3.1.0/javax.servlet-api-3.1.0.jar:/home/user/.m2/repository/org/eclipse/jetty/jetty-server/9.3.24.v20180605/jetty-server-9.3.24.v20180605.jar:/home/user/.m2/repository/org/eclipse/jetty/jetty-http/9.3.24.v20180605/jetty-http-9.3.24.v20180605.jar:/home/user/.m2/repository/org/eclipse/jetty/jetty-io/9.3.24.v20180605/jetty-io-9.3.24.v20180605.jar:/home/user/.m2/repository/org/eclipse/jetty/jetty-util/9.3.24.v20180605/jetty-util-9.3.24.v20180605.jar:/home/user/.m2/repository/org/eclipse/jetty/jetty-servlet/9.3.24.v20180605/jetty-servlet-9.3.24.v20180605.jar:/home/user/.m2/repository/org/eclipse/jetty/jetty-security/9.3.24.v20180605/jetty-security-9.3.24.v20180605.jar:/home/user/.m2/repository/org/eclipse/jetty/jetty-webapp/9.3.24.v20180605/jetty-webapp-9.3.24.v20180605.jar:/home/user/.m2/repository/org/eclipse/jetty/jetty-xml/9.3.24.v20180605/jetty-xml-9.3.24.v20180605.jar:/home/user/.m2/repository/javax/servlet/jsp/jsp-api/2.1/jsp-api-2.1.jar:/home/user/.m2/repository/com/sun/jersey/jersey-core/1.19/jersey-core-1.19.jar:/home/user/.m2/repository/javax/ws/rs/jsr311-api/1.1.1/jsr311-api-1.1.1.jar:/home/user/.m2/repository/com/sun/jersey/jersey-servlet/1.19/jersey-servlet-1.19.jar:/home/user/.m2/repository/com/sun/jersey/jersey-json/1.19/jersey-json-1.19.jar:/home/user/.m2/repository/org/codehaus/jettison/jettison/1.1/jettison-1.1.jar:/home/user/.m2/repository/com/sun/xml/bind/jaxb-impl/2.3.0.1/jaxb-impl-2.3.0.1.jar:/home/user/.m2/repository/org/codehaus/jackson/jackson-core-asl/1.9.13/jackson-core-asl-1.9.13.jar:/home/user/.m2/repository/org/codehaus/jackson/jackson-mapper-asl/1.9.13/jackson-mapper-asl-1.9.13.jar:/home/user/.m2/repository/org/codehaus/jackson/jackson-jaxrs/1.9.13/jackson-jaxrs-1.9.13.jar:/home/user/.m2/repository/org/codehaus/jackson/jackson-xc/1.9.13/jackson-xc-1.9.13.jar:/home/user/.m2/repository/com/sun/jersey/jersey-server/1.19/jersey-server-1.19.jar:/home/user/.m2/repository/commons-logging/commons-logging/1.1.3/commons-logging-1.1.3.jar:/home/user/.m2/repository/log4j/log4j/1.2.17/log4j-1.2.17.jar:/home/user/.m2/repository/commons-beanutils/commons-beanutils/1.9.3/commons-beanutils-1.9.3.jar:/home/user/.m2/repository/org/apache/commons/commons-configuration2/2.1.1/commons-configuration2-2.1.1.jar:/home/user/.m2/repository/org/apache/commons/commons-lang3/3.7/commons-lang3-3.7.jar:/home/user/.m2/repository/org/apache/commons/commons-text/1.4/commons-text-1.4.jar:/home/user/.m2/repository/org/slf4j/slf4j-api/1.7.25/slf4j-api-1.7.25.jar:/home/user/.m2/repository/org/slf4j/slf4j-log4j12/1.7.25/slf4j-log4j12-1.7.25.jar:/home/user/.m2/repository/org/apache/avro/avro/1.7.7/avro-1.7.7.jar:/home/user/.m2/repository/com/thoughtworks/paranamer/paranamer/2.3/paranamer-2.3.jar:/home/user/.m2/repository/org/xerial/snappy/snappy-java/1.0.5/snappy-java-1.0.5.jar:/home/user/.m2/repository/com/google/re2j/re2j/1.1/re2j-1.1.jar:/home/user/.m2/repository/com/google/protobuf/protobuf-java/2.5.0/protobuf-java-2.5.0.jar:/home/user/.m2/repository/com/google/code/gson/gson/2.2.4/gson-2.2.4.jar:/home/user/.m2/repository/org/apache/hadoop/hadoop-auth/3.2.0/hadoop-auth-3.2.0.jar:/home/user/.m2/repository/com/nimbusds/nimbus-jose-jwt/4.41.1/nimbus-jose-jwt-4.41.1.jar:/home/user/.m2/repository/com/github/stephenc/jcip/jcip-annotations/1.0-1/jcip-annotations-1.0-1.jar:/home/user/.m2/repository/net/minidev/json-smart/2.3/json-smart-2.3.jar:/home/user/.m2/repository/net/minidev/accessors-smart/1.2/accessors-smart-1.2.jar:/home/user/.m2/repository/org/apache/curator/curator-framework/2.12.0/curator-framework-2.12.0.jar:/home/user/.m2/repository/com/jcraft/jsch/0.1.54/jsch-0.1.54.jar:/home/user/.m2/repository/org/apache/curator/curator-client/2.12.0/curator-client-2.12.0.jar:/home/user/.m2/repository/org/apache/curator/curator-recipes/2.12.0/curator-recipes-2.12.0.jar:/home/user/.m2/repository/com/google/code/findbugs/jsr305/3.0.0/jsr305-3.0.0.jar:/home/user/.m2/repository/org/apache/htrace/htrace-core4/4.1.0-incubating/htrace-core4-4.1.0-incubating.jar:/home/user/.m2/repository/org/apache/zookeeper/zookeeper/3.4.13/zookeeper-3.4.13.jar:/home/user/.m2/repository/org/apache/yetus/audience-annotations/0.5.0/audience-annotations-0.5.0.jar:/home/user/.m2/repository/org/apache/commons/commons-compress/1.4.1/commons-compress-1.4.1.jar:/home/user/.m2/repository/org/tukaani/xz/1.0/xz-1.0.jar:/home/user/.m2/repository/org/apache/kerby/kerb-simplekdc/1.0.1/kerb-simplekdc-1.0.1.jar:/home/user/.m2/repository/org/apache/kerby/kerb-client/1.0.1/kerb-client-1.0.1.jar:/home/user/.m2/repository/org/apache/kerby/kerby-config/1.0.1/kerby-config-1.0.1.jar:/home/user/.m2/repository/org/apache/kerby/kerb-core/1.0.1/kerb-core-1.0.1.jar:/home/user/.m2/repository/org/apache/kerby/kerby-pkix/1.0.1/kerby-pkix-1.0.1.jar:/home/user/.m2/repository/org/apache/kerby/kerby-asn1/1.0.1/kerby-asn1-1.0.1.jar:/home/user/.m2/repository/org/apache/kerby/kerby-util/1.0.1/kerby-util-1.0.1.jar:/home/user/.m2/repository/org/apache/kerby/kerb-common/1.0.1/kerb-common-1.0.1.jar:/home/user/.m2/repository/org/apache/kerby/kerb-crypto/1.0.1/kerb-crypto-1.0.1.jar:/home/user/.m2/repository/org/apache/kerby/kerb-util/1.0.1/kerb-util-1.0.1.jar:/home/user/.m2/repository/org/apache/kerby/token-provider/1.0.1/token-provider-1.0.1.jar:/home/user/.m2/repository/org/apache/kerby/kerb-admin/1.0.1/kerb-admin-1.0.1.jar:/home/user/.m2/repository/org/apache/kerby/kerb-server/1.0.1/kerb-server-1.0.1.jar:/home/user/.m2/repository/org/apache/kerby/kerb-identity/1.0.1/kerb-identity-1.0.1.jar:/home/user/.m2/repository/org/apache/kerby/kerby-xdr/1.0.1/kerby-xdr-1.0.1.jar:/home/user/.m2/repository/com/fasterxml/jackson/core/jackson-databind/2.9.5/jackson-databind-2.9.5.jar:/home/user/.m2/repository/com/fasterxml/jackson/core/jackson-annotations/2.9.5/jackson-annotations-2.9.5.jar:/home/user/.m2/repository/com/fasterxml/jackson/core/jackson-core/2.9.5/jackson-core-2.9.5.jar:/home/user/.m2/repository/org/codehaus/woodstox/stax2-api/3.1.4/stax2-api-3.1.4.jar:/home/user/.m2/repository/com/fasterxml/woodstox/woodstox-core/5.0.3/woodstox-core-5.0.3.jar:/home/user/.m2/repository/dnsjava/dnsjava/2.1.7/dnsjava-2.1.7.jar:/home/user/.m2/repository/org/apache/hadoop/hadoop-hdfs/3.2.0/hadoop-hdfs-3.2.0.jar:/home/user/.m2/repository/org/eclipse/jetty/jetty-util-ajax/9.3.24.v20180605/jetty-util-ajax-9.3.24.v20180605.jar:/home/user/.m2/repository/commons-daemon/commons-daemon/1.0.13/commons-daemon-1.0.13.jar:/home/user/.m2/repository/io/netty/netty/3.10.5.Final/netty-3.10.5.Final.jar:/home/user/.m2/repository/io/netty/netty-all/4.0.52.Final/netty-all-4.0.52.Final.jar:/home/user/.m2/repository/org/fusesource/leveldbjni/leveldbjni-all/1.8/leveldbjni-all-1.8.jar:/home/user/.m2/repository/org/apache/hadoop/hadoop-hdds-common/0.5.0-SNAPSHOT/hadoop-hdds-common-0.5.0-SNAPSHOT.jar:/home/user/.m2/repository/org/apache/hadoop/hadoop-hdds-config/0.5.0-SNAPSHOT/hadoop-hdds-config-0.5.0-SNAPSHOT.jar:/home/user/.m2/repository/javax/annotation/javax.annotation-api/1.2/javax.annotation-api-1.2.jar:/home/user/.m2/repository/org/apache/ratis/ratis-server/0.4.0-2337318-SNAPSHOT/ratis-server-0.4.0-2337318-SNAPSHOT.jar:/home/user/.m2/repository/org/apache/ratis/ratis-thirdparty-misc/0.2.0/ratis-thirdparty-misc-0.2.0.jar:/home/user/.m2/repository/org/apache/ratis/ratis-proto/0.4.0-2337318-SNAPSHOT/ratis-proto-0.4.0-2337318-SNAPSHOT.jar:/home/user/.m2/repository/org/apache/ratis/ratis-common/0.4.0-2337318-SNAPSHOT/ratis-common-0.4.0-2337318-SNAPSHOT.jar:/home/user/.m2/repository/org/apache/ratis/ratis-client/0.4.0-2337318-SNAPSHOT/ratis-client-0.4.0-2337318-SNAPSHOT.jar:/home/user/.m2/repository/org/apache/ratis/ratis-metrics/0.4.0-2337318-SNAPSHOT/ratis-metrics-0.4.0-2337318-SNAPSHOT.jar:/home/user/.m2/repository/org/apache/ratis/ratis-netty/0.4.0-2337318-SNAPSHOT/ratis-netty-0.4.0-2337318-SNAPSHOT.jar:/home/user/.m2/repository/org/apache/ratis/ratis-grpc/0.4.0-2337318-SNAPSHOT/ratis-grpc-0.4.0-2337318-SNAPSHOT.jar:/home/user/.m2/repository/org/rocksdb/rocksdbjni/6.0.1/rocksdbjni-6.0.1.jar:/home/user/.m2/repository/org/apache/logging/log4j/log4j-api/2.11.0/log4j-api-2.11.0.jar:/home/user/.m2/repository/org/apache/logging/log4j/log4j-core/2.11.0/log4j-core-2.11.0.jar:/home/user/.m2/repository/com/lmax/disruptor/3.4.2/disruptor-3.4.2.jar:/home/user/.m2/repository/org/apache/commons/commons-pool2/2.6.0/commons-pool2-2.6.0.jar:/home/user/.m2/repository/org/bouncycastle/bcpkix-jdk15on/1.60/bcpkix-jdk15on-1.60.jar:/home/user/.m2/repository/commons-validator/commons-validator/1.6/commons-validator-1.6.jar:/home/user/.m2/repository/commons-digester/commons-digester/1.8.1/commons-digester-1.8.1.jar:/home/user/.m2/repository/io/jaegertracing/jaeger-client/0.33.1/jaeger-client-0.33.1.jar:/home/user/.m2/repository/io/jaegertracing/jaeger-thrift/0.33.1/jaeger-thrift-0.33.1.jar:/home/user/.m2/repository/org/apache/thrift/libthrift/0.11.0/libthrift-0.11.0.jar:/home/user/.m2/repository/com/squareup/okhttp3/okhttp/3.9.0/okhttp-3.9.0.jar:/home/user/.m2/repository/com/squareup/okio/okio/1.13.0/okio-1.13.0.jar:/home/user/.m2/repository/io/jaegertracing/jaeger-core/0.33.1/jaeger-core-0.33.1.jar:/home/user/.m2/repository/io/jaegertracing/jaeger-tracerresolver/0.33.1/jaeger-tracerresolver-0.33.1.jar:/home/user/.m2/repository/io/opentracing/contrib/opentracing-tracerresolver/0.1.5/opentracing-tracerresolver-0.1.5.jar:/home/user/.m2/repository/io/opentracing/opentracing-util/0.31.0/opentracing-util-0.31.0.jar:/home/user/.m2/repository/io/opentracing/opentracing-api/0.31.0/opentracing-api-0.31.0.jar:/home/user/.m2/repository/io/opentracing/opentracing-noop/0.31.0/opentracing-noop-0.31.0.jar:/home/user/.m2/repository/org/yaml/snakeyaml/1.16/snakeyaml-1.16.jar:/home/user/.m2/repository/org/apache/hadoop/hadoop-hdfs-client/3.2.0/hadoop-hdfs-client-3.2.0.jar:/home/user/.m2/repository/info/picocli/picocli/3.9.6/picocli-3.9.6.jar:/home/user/.m2/repository/org/apache/hadoop/hadoop-hdds-server-scm/0.5.0-SNAPSHOT/hadoop-hdds-server-scm-0.5.0-SNAPSHOT.jar:/home/user/.m2/repository/org/apache/hadoop/hadoop-hdds-docs/0.5.0-SNAPSHOT/hadoop-hdds-docs-0.5.0-SNAPSHOT.jar:/home/user/.m2/repository/io/dropwizard/metrics/metrics-core/3.2.4/metrics-core-3.2.4.jar:/home/user/.m2/repository/org/hamcrest/hamcrest-all/1.3/hamcrest-all-1.3.jar:/home/user/.m2/repository/org/bouncycastle/bcprov-jdk15on/1.60/bcprov-jdk15on-1.60.jar:/home/user/.m2/repository/org/apache/hadoop/hadoop-hdds-server-framework/0.5.0-SNAPSHOT/hadoop-hdds-server-framework-0.5.0-SNAPSHOT.jar:/home/user/.m2/repository/org/apache/hadoop/hadoop-ozone-ozone-manager/0.5.0-SNAPSHOT/hadoop-ozone-ozone-manager-0.5.0-SNAPSHOT.jar:/home/user/.m2/repository/org/apache/hadoop/hadoop-hdds-container-service/0.5.0-SNAPSHOT/hadoop-hdds-container-service-0.5.0-SNAPSHOT.jar:/home/user/.m2/repository/org/apache/hadoop/hadoop-hdds-client/0.5.0-SNAPSHOT/hadoop-hdds-client-0.5.0-SNAPSHOT.jar:/home/user/.m2/repository/org/apache/hadoop/hadoop-ozone-common/0.5.0-SNAPSHOT/hadoop-ozone-common-0.5.0-SNAPSHOT.jar:/home/user/.m2/repository/org/apache/hadoop/hadoop-hdds-tools/0.5.0-SNAPSHOT/hadoop-hdds-tools-0.5.0-SNAPSHOT.jar:/home/user/.m2/repository/org/xerial/sqlite-jdbc/3.25.2/sqlite-jdbc-3.25.2.jar:/home/user/.m2/repository/org/apache/hadoop/hadoop-ozone-objectstore-service/0.5.0-SNAPSHOT/hadoop-ozone-objectstore-service-0.5.0-SNAPSHOT.jar:/home/user/.m2/repository/com/google/code/findbugs/findbugs/3.0.1/findbugs-3.0.1.jar:/home/user/.m2/repository/net/jcip/jcip-annotations/1.0/jcip-annotations-1.0.jar:/home/user/.m2/repository/com/google/code/findbugs/bcel-findbugs/6.0/bcel-findbugs-6.0.jar:/home/user/.m2/repository/com/google/code/findbugs/jFormatString/2.0.1/jFormatString-2.0.1.jar:/home/user/.m2/repository/dom4j/dom4j/1.6.1/dom4j-1.6.1.jar:/home/user/.m2/repository/xml-apis/xml-apis/1.0.b2/xml-apis-1.0.b2.jar:/home/user/.m2/repository/org/ow2/asm/asm-debug-all/5.0.2/asm-debug-all-5.0.2.jar:/home/user/.m2/repository/org/ow2/asm/asm-commons/5.0.2/asm-commons-5.0.2.jar:/home/user/.m2/repository/org/ow2/asm/asm-tree/5.0.2/asm-tree-5.0.2.jar:/home/user/.m2/repository/org/ow2/asm/asm/5.0.4/asm-5.0.4.jar:/home/user/.m2/repository/commons-lang/commons-lang/2.6/commons-lang-2.6.jar:/home/user/.m2/repository/com/apple/AppleJavaExtensions/1.4/AppleJavaExtensions-1.4.jar:/home/user/.m2/repository/jaxen/jaxen/1.1.6/jaxen-1.1.6.jar:/home/user/.m2/repository/org/apache/hadoop/hadoop-common/3.2.0/hadoop-common-3.2.0-tests.jar:/home/user/.m2/repository/org/apache/hadoop/hadoop-ozone-client/0.5.0-SNAPSHOT/hadoop-ozone-client-0.5.0-SNAPSHOT.jar:/home/user/.m2/repository/org/apache/hadoop/hadoop-hdfs/3.2.0/hadoop-hdfs-3.2.0-tests.jar:/workdir/hadoop-ozone/integration-test/target/test-classes:/home/user/.m2/repository/org/apache/hadoop/hadoop-ozone-s3gateway/0.5.0-SNAPSHOT/hadoop-ozone-s3gateway-0.5.0-SNAPSHOT.jar:/home/user/.m2/repository/org/jboss/weld/servlet/weld-servlet/2.4.7.Final/weld-servlet-2.4.7.Final.jar:/home/user/.m2/repository/org/glassfish/jersey/containers/jersey-container-servlet-core/2.27/jersey-container-servlet-core-2.27.jar:/home/user/.m2/repository/org/glassfish/hk2/external/javax.inject/2.5.0-b42/javax.inject-2.5.0-b42.jar:/home/user/.m2/repository/org/glassfish/jersey/core/jersey-common/2.27/jersey-common-2.27.jar:/home/user/.m2/repository/org/glassfish/hk2/osgi-resource-locator/1.0.1/osgi-resource-locator-1.0.1.jar:/home/user/.m2/repository/javax/ws/rs/javax.ws.rs-api/2.1/javax.ws.rs-api-2.1.jar:/home/user/.m2/repository/org/glassfish/jersey/ext/cdi/jersey-cdi1x/2.27/jersey-cdi1x-2.27.jar:/home/user/.m2/repository/org/glassfish/jersey/inject/jersey-hk2/2.27/jersey-hk2-2.27.jar:/home/user/.m2/repository/org/glassfish/hk2/hk2-locator/2.5.0-b42/hk2-locator-2.5.0-b42.jar:/home/user/.m2/repository/org/javassist/javassist/3.22.0-CR2/javassist-3.22.0-CR2.jar:/home/user/.m2/repository/org/glassfish/hk2/hk2-api/2.5.0/hk2-api-2.5.0.jar:/home/user/.m2/repository/org/glassfish/hk2/external/jakarta.inject/2.5.0/jakarta.inject-2.5.0.jar:/home/user/.m2/repository/org/glassfish/hk2/hk2-utils/2.5.0/hk2-utils-2.5.0.jar:/home/user/.m2/repository/jakarta/annotation/jakarta.annotation-api/1.3.4/jakarta.annotation-api-1.3.4.jar:/home/user/.m2/repository/org/glassfish/hk2/external/aopalliance-repackaged/2.5.0/aopalliance-repackaged-2.5.0.jar:/home/user/.m2/repository/com/fasterxml/jackson/dataformat/jackson-dataformat-xml/2.9.0/jackson-dataformat-xml-2.9.0.jar:/home/user/.m2/repository/com/fasterxml/jackson/module/jackson-module-jaxb-annotations/2.9.5/jackson-module-jaxb-annotations-2.9.5.jar:/home/user/.m2/repository/javax/enterprise/cdi-api/1.2/cdi-api-1.2.jar:/home/user/.m2/repository/javax/el/javax.el-api/3.0.0/javax.el-api-3.0.0.jar:/home/user/.m2/repository/javax/interceptor/javax.interceptor-api/1.2/javax.interceptor-api-1.2.jar:/home/user/.m2/repository/javax/inject/javax.inject/1/javax.inject-1.jar:/home/user/.m2/repository/com/sun/xml/bind/jaxb-core/2.3.0.1/jaxb-core-2.3.0.1.jar:/home/user/.m2/repository/javax/xml/bind/jaxb-api/2.3.0/jaxb-api-2.3.0.jar:/home/user/.m2/repository/javax/activation/activation/1.1.1/activation-1.1.1.jar:/home/user/.m2/repository/org/apache/hadoop/hadoop-ozone-csi/0.5.0-SNAPSHOT/hadoop-ozone-csi-0.5.0-SNAPSHOT.jar:/home/user/.m2/repository/com/google/protobuf/protobuf-java-util/3.5.1/protobuf-java-util-3.5.1.jar:/home/user/.m2/repository/io/grpc/grpc-netty/1.17.1/grpc-netty-1.17.1.jar:/home/user/.m2/repository/io/grpc/grpc-core/1.17.1/grpc-core-1.17.1.jar:/home/user/.m2/repository/io/grpc/grpc-context/1.17.1/grpc-context-1.17.1.jar:/home/user/.m2/repository/com/google/errorprone/error_prone_annotations/2.2.0/error_prone_annotations-2.2.0.jar:/home/user/.m2/repository/org/codehaus/mojo/animal-sniffer-annotations/1.17/animal-sniffer-annotations-1.17.jar:/home/user/.m2/repository/io/opencensus/opencensus-api/0.17.0/opencensus-api-0.17.0.jar:/home/user/.m2/repository/io/opencensus/opencensus-contrib-grpc-metrics/0.17.0/opencensus-contrib-grpc-metrics-0.17.0.jar:/home/user/.m2/repository/io/netty/netty-codec-http2/4.1.30.Final/netty-codec-http2-4.1.30.Final.jar:/home/user/.m2/repository/io/netty/netty-codec-http/4.1.30.Final/netty-codec-http-4.1.30.Final.jar:/home/user/.m2/repository/io/netty/netty-codec/4.1.30.Final/netty-codec-4.1.30.Final.jar:/home/user/.m2/repository/io/netty/netty-handler/4.1.30.Final/netty-handler-4.1.30.Final.jar:/home/user/.m2/repository/io/netty/netty-handler-proxy/4.1.30.Final/netty-handler-proxy-4.1.30.Final.jar:/home/user/.m2/repository/io/netty/netty-codec-socks/4.1.30.Final/netty-codec-socks-4.1.30.Final.jar:/home/user/.m2/repository/io/netty/netty-transport-native-epoll/4.1.30.Final/netty-transport-native-epoll-4.1.30.Final.jar:/home/user/.m2/repository/io/netty/netty-common/4.1.30.Final/netty-common-4.1.30.Final.jar:/home/user/.m2/repository/io/netty/netty-buffer/4.1.30.Final/netty-buffer-4.1.30.Final.jar:/home/user/.m2/repository/io/netty/netty-transport/4.1.30.Final/netty-transport-4.1.30.Final.jar:/home/user/.m2/repository/io/netty/netty-resolver/4.1.30.Final/netty-resolver-4.1.30.Final.jar:/home/user/.m2/repository/io/netty/netty-transport-native-unix-common/4.1.30.Final/netty-transport-native-unix-common-4.1.30.Final.jar:/home/user/.m2/repository/io/grpc/grpc-protobuf/1.17.1/grpc-protobuf-1.17.1.jar:/home/user/.m2/repository/com/google/api/grpc/proto-google-common-protos/1.0.0/proto-google-common-protos-1.0.0.jar:/home/user/.m2/repository/io/grpc/grpc-protobuf-lite/1.17.1/grpc-protobuf-lite-1.17.1.jar:/home/user/.m2/repository/io/grpc/grpc-stub/1.17.1/grpc-stub-1.17.1.jar:/home/user/.m2/repository/org/apache/hadoop/hadoop-ozone-recon/0.5.0-SNAPSHOT/hadoop-ozone-recon-0.5.0-SNAPSHOT.jar:/home/user/.m2/repository/org/apache/hadoop/hadoop-ozone-reconcodegen/0.5.0-SNAPSHOT/hadoop-ozone-reconcodegen-0.5.0-SNAPSHOT.jar:/home/user/.m2/repository/com/google/inject/extensions/guice-multibindings/4.0/guice-multibindings-4.0.jar:/home/user/.m2/repository/com/google/inject/guice/4.0/guice-4.0.jar:/home/user/.m2/repository/aopalliance/aopalliance/1.0/aopalliance-1.0.jar:/home/user/.m2/repository/org/glassfish/jersey/containers/jersey-container-servlet/2.27/jersey-container-servlet-2.27.jar:/home/user/.m2/repository/org/glassfish/hk2/guice-bridge/2.5.0/guice-bridge-2.5.0.jar:/home/user/.m2/repository/org/glassfish/jersey/core/jersey-server/2.27/jersey-server-2.27.jar:/home/user/.m2/repository/org/glassfish/jersey/core/jersey-client/2.27/jersey-client-2.27.jar:/home/user/.m2/repository/org/glassfish/jersey/media/jersey-media-jaxb/2.27/jersey-media-jaxb-2.27.jar:/home/user/.m2/repository/javax/validation/validation-api/1.1.0.Final/validation-api-1.1.0.Final.jar:/home/user/.m2/repository/org/glassfish/jersey/media/jersey-media-json-jackson/2.27/jersey-media-json-jackson-2.27.jar:/home/user/.m2/repository/org/glassfish/jersey/ext/jersey-entity-filtering/2.27/jersey-entity-filtering-2.27.jar:/home/user/.m2/repository/com/google/inject/extensions/guice-assistedinject/4.0/guice-assistedinject-4.0.jar:/home/user/.m2/repository/org/jooq/jooq/3.11.10/jooq-3.11.10.jar:/home/user/.m2/repository/org/jooq/jooq-meta/3.11.10/jooq-meta-3.11.10.jar:/home/user/.m2/repository/org/jooq/jooq-codegen/3.11.10/jooq-codegen-3.11.10.jar:/home/user/.m2/repository/com/jolbox/bonecp/0.8.0.RELEASE/bonecp-0.8.0.RELEASE.jar:/home/user/.m2/repository/org/springframework/spring-jdbc/5.1.3.RELEASE/spring-jdbc-5.1.3.RELEASE.jar:/home/user/.m2/repository/org/springframework/spring-beans/5.1.3.RELEASE/spring-beans-5.1.3.RELEASE.jar:/home/user/.m2/repository/org/springframework/spring-core/5.1.3.RELEASE/spring-core-5.1.3.RELEASE.jar:/home/user/.m2/repository/org/springframework/spring-jcl/5.1.3.RELEASE/spring-jcl-5.1.3.RELEASE.jar:/home/user/.m2/repository/org/springframework/spring-tx/5.1.3.RELEASE/spring-tx-5.1.3.RELEASE.jar:/home/user/.m2/repository/org/mockito/mockito-all/1.10.19/mockito-all-1.10.19.jar:/home/user/.m2/repository/junit/junit/4.11/junit-4.11.jar:/home/user/.m2/repository/org/hamcrest/hamcrest-core/1.3/hamcrest-core-1.3.jar:/home/user/.m2/repository/org/apache/hadoop/hadoop-distcp/3.2.0/hadoop-distcp-3.2.0.jar:/home/user/.m2/repository/org/apache/hadoop/hadoop-distcp/3.2.0/hadoop-distcp-3.2.0-tests.jar:/home/user/.m2/repository/org/apache/hadoop/hadoop-mapreduce-client-jobclient/3.2.0/hadoop-mapreduce-client-jobclient-3.2.0.jar:/home/user/.m2/repository/org/apache/hadoop/hadoop-mapreduce-client-common/3.2.0/hadoop-mapreduce-client-common-3.2.0.jar:/home/user/.m2/repository/org/apache/hadoop/hadoop-yarn-common/3.2.0/hadoop-yarn-common-3.2.0.jar:/home/user/.m2/repository/org/apache/hadoop/hadoop-yarn-api/3.2.0/hadoop-yarn-api-3.2.0.jar:/home/user/.m2/repository/com/sun/jersey/jersey-client/1.19/jersey-client-1.19.jar:/home/user/.m2/repository/com/sun/jersey/contribs/jersey-guice/1.19/jersey-guice-1.19.jar:/home/user/.m2/repository/com/fasterxml/jackson/jaxrs/jackson-jaxrs-json-provider/2.9.5/jackson-jaxrs-json-provider-2.9.5.jar:/home/user/.m2/repository/com/fasterxml/jackson/jaxrs/jackson-jaxrs-base/2.9.5/jackson-jaxrs-base-2.9.5.jar:/home/user/.m2/repository/org/apache/hadoop/hadoop-yarn-client/3.2.0/hadoop-yarn-client-3.2.0.jar:/home/user/.m2/repository/org/apache/hadoop/hadoop-mapreduce-client-core/3.2.0/hadoop-mapreduce-client-core-3.2.0.jar:/home/user/.m2/repository/com/google/inject/extensions/guice-servlet/4.0/guice-servlet-4.0.jar:/home/user/.m2/repository/org/powermock/powermock-module-junit4/1.6.5/powermock-module-junit4-1.6.5.jar:/home/user/.m2/repository/org/powermock/powermock-module-junit4-common/1.6.5/powermock-module-junit4-common-1.6.5.jar:/home/user/.m2/repository/org/powermock/powermock-core/1.6.5/powermock-core-1.6.5.jar:/home/user/.m2/repository/org/powermock/powermock-reflect/1.6.5/powermock-reflect-1.6.5.jar:/home/user/.m2/repository/org/powermock/powermock-api-mockito/1.6.5/powermock-api-mockito-1.6.5.jar:/home/user/.m2/repository/org/mockito/mockito-core/1.10.19/mockito-core-1.10.19.jar:/home/user/.m2/repository/org/objenesis/objenesis/1.0/objenesis-1.0.jar:/home/user/.m2/repository/org/powermock/powermock-api-mockito-common/1.6.5/powermock-api-mockito-common-1.6.5.jar:/home/user/.m2/repository/org/powermock/powermock-api-support/1.6.5/powermock-api-support-1.6.5.jar:"/>
    <property name="java.vm.vendor" value="IcedTea"/>
    <property name="sun.arch.data.model" value="64"/>
    <property name="test.build.dir" value="/workdir/hadoop-ozone/ozonefs/target/test-dir"/>
    <property name="test.cache.data" value=""/>
    <property name="java.vendor.url" value="https://icedtea.classpath.org"/>
    <property name="user.timezone" value=""/>
    <property name="java.vm.specification.version" value="1.8"/>
    <property name="os.name" value="Linux"/>
    <property name="test.build.data" value="/workdir/hadoop-ozone/ozonefs/target/test-dir"/>
    <property name="user.country" value="US"/>
    <property name="sun.java.launcher" value="SUN_STANDARD"/>
    <property name="sun.boot.library.path" value="/usr/lib/jvm/java-1.8-openjdk/jre/lib/amd64"/>
    <property name="sun.java.command" value="/workdir/hadoop-ozone/ozonefs/target/surefire/surefirebooter7829432305587905848.jar /workdir/hadoop-ozone/ozonefs/target/surefire 2019-09-19T09-27-26_393-jvmRun1 surefire3683231530074170265tmp surefire_1062230086197330747015tmp"/>
    <property name="test" value="!TestMiniChaosOzoneCluster"/>
    <property name="surefire.test.class.path" value="/workdir/hadoop-ozone/ozonefs/target/test-classes:/workdir/hadoop-ozone/ozonefs/target/classes:/home/user/.m2/repository/org/apache/hadoop/hadoop-common/3.2.0/hadoop-common-3.2.0.jar:/home/user/.m2/repository/org/apache/hadoop/hadoop-annotations/3.2.0/hadoop-annotations-3.2.0.jar:/usr/lib/jvm/java-1.8-openjdk/jre/../lib/tools.jar:/home/user/.m2/repository/com/google/guava/guava/11.0.2/guava-11.0.2.jar:/home/user/.m2/repository/commons-cli/commons-cli/1.2/commons-cli-1.2.jar:/home/user/.m2/repository/org/apache/commons/commons-math3/3.1.1/commons-math3-3.1.1.jar:/home/user/.m2/repository/org/apache/httpcomponents/httpclient/4.5.2/httpclient-4.5.2.jar:/home/user/.m2/repository/org/apache/httpcomponents/httpcore/4.4.4/httpcore-4.4.4.jar:/home/user/.m2/repository/commons-codec/commons-codec/1.11/commons-codec-1.11.jar:/home/user/.m2/repository/commons-io/commons-io/2.5/commons-io-2.5.jar:/home/user/.m2/repository/commons-net/commons-net/3.6/commons-net-3.6.jar:/home/user/.m2/repository/commons-collections/commons-collections/3.2.2/commons-collections-3.2.2.jar:/home/user/.m2/repository/javax/servlet/javax.servlet-api/3.1.0/javax.servlet-api-3.1.0.jar:/home/user/.m2/repository/org/eclipse/jetty/jetty-server/9.3.24.v20180605/jetty-server-9.3.24.v20180605.jar:/home/user/.m2/repository/org/eclipse/jetty/jetty-http/9.3.24.v20180605/jetty-http-9.3.24.v20180605.jar:/home/user/.m2/repository/org/eclipse/jetty/jetty-io/9.3.24.v20180605/jetty-io-9.3.24.v20180605.jar:/home/user/.m2/repository/org/eclipse/jetty/jetty-util/9.3.24.v20180605/jetty-util-9.3.24.v20180605.jar:/home/user/.m2/repository/org/eclipse/jetty/jetty-servlet/9.3.24.v20180605/jetty-servlet-9.3.24.v20180605.jar:/home/user/.m2/repository/org/eclipse/jetty/jetty-security/9.3.24.v20180605/jetty-security-9.3.24.v20180605.jar:/home/user/.m2/repository/org/eclipse/jetty/jetty-webapp/9.3.24.v20180605/jetty-webapp-9.3.24.v20180605.jar:/home/user/.m2/repository/org/eclipse/jetty/jetty-xml/9.3.24.v20180605/jetty-xml-9.3.24.v20180605.jar:/home/user/.m2/repository/javax/servlet/jsp/jsp-api/2.1/jsp-api-2.1.jar:/home/user/.m2/repository/com/sun/jersey/jersey-core/1.19/jersey-core-1.19.jar:/home/user/.m2/repository/javax/ws/rs/jsr311-api/1.1.1/jsr311-api-1.1.1.jar:/home/user/.m2/repository/com/sun/jersey/jersey-servlet/1.19/jersey-servlet-1.19.jar:/home/user/.m2/repository/com/sun/jersey/jersey-json/1.19/jersey-json-1.19.jar:/home/user/.m2/repository/org/codehaus/jettison/jettison/1.1/jettison-1.1.jar:/home/user/.m2/repository/com/sun/xml/bind/jaxb-impl/2.3.0.1/jaxb-impl-2.3.0.1.jar:/home/user/.m2/repository/org/codehaus/jackson/jackson-core-asl/1.9.13/jackson-core-asl-1.9.13.jar:/home/user/.m2/repository/org/codehaus/jackson/jackson-mapper-asl/1.9.13/jackson-mapper-asl-1.9.13.jar:/home/user/.m2/repository/org/codehaus/jackson/jackson-jaxrs/1.9.13/jackson-jaxrs-1.9.13.jar:/home/user/.m2/repository/org/codehaus/jackson/jackson-xc/1.9.13/jackson-xc-1.9.13.jar:/home/user/.m2/repository/com/sun/jersey/jersey-server/1.19/jersey-server-1.19.jar:/home/user/.m2/repository/commons-logging/commons-logging/1.1.3/commons-logging-1.1.3.jar:/home/user/.m2/repository/log4j/log4j/1.2.17/log4j-1.2.17.jar:/home/user/.m2/repository/commons-beanutils/commons-beanutils/1.9.3/commons-beanutils-1.9.3.jar:/home/user/.m2/repository/org/apache/commons/commons-configuration2/2.1.1/commons-configuration2-2.1.1.jar:/home/user/.m2/repository/org/apache/commons/commons-lang3/3.7/commons-lang3-3.7.jar:/home/user/.m2/repository/org/apache/commons/commons-text/1.4/commons-text-1.4.jar:/home/user/.m2/repository/org/slf4j/slf4j-api/1.7.25/slf4j-api-1.7.25.jar:/home/user/.m2/repository/org/slf4j/slf4j-log4j12/1.7.25/slf4j-log4j12-1.7.25.jar:/home/user/.m2/repository/org/apache/avro/avro/1.7.7/avro-1.7.7.jar:/home/user/.m2/repository/com/thoughtworks/paranamer/paranamer/2.3/paranamer-2.3.jar:/home/user/.m2/repository/org/xerial/snappy/snappy-java/1.0.5/snappy-java-1.0.5.jar:/home/user/.m2/repository/com/google/re2j/re2j/1.1/re2j-1.1.jar:/home/user/.m2/repository/com/google/protobuf/protobuf-java/2.5.0/protobuf-java-2.5.0.jar:/home/user/.m2/repository/com/google/code/gson/gson/2.2.4/gson-2.2.4.jar:/home/user/.m2/repository/org/apache/hadoop/hadoop-auth/3.2.0/hadoop-auth-3.2.0.jar:/home/user/.m2/repository/com/nimbusds/nimbus-jose-jwt/4.41.1/nimbus-jose-jwt-4.41.1.jar:/home/user/.m2/repository/com/github/stephenc/jcip/jcip-annotations/1.0-1/jcip-annotations-1.0-1.jar:/home/user/.m2/repository/net/minidev/json-smart/2.3/json-smart-2.3.jar:/home/user/.m2/repository/net/minidev/accessors-smart/1.2/accessors-smart-1.2.jar:/home/user/.m2/repository/org/apache/curator/curator-framework/2.12.0/curator-framework-2.12.0.jar:/home/user/.m2/repository/com/jcraft/jsch/0.1.54/jsch-0.1.54.jar:/home/user/.m2/repository/org/apache/curator/curator-client/2.12.0/curator-client-2.12.0.jar:/home/user/.m2/repository/org/apache/curator/curator-recipes/2.12.0/curator-recipes-2.12.0.jar:/home/user/.m2/repository/com/google/code/findbugs/jsr305/3.0.0/jsr305-3.0.0.jar:/home/user/.m2/repository/org/apache/htrace/htrace-core4/4.1.0-incubating/htrace-core4-4.1.0-incubating.jar:/home/user/.m2/repository/org/apache/zookeeper/zookeeper/3.4.13/zookeeper-3.4.13.jar:/home/user/.m2/repository/org/apache/yetus/audience-annotations/0.5.0/audience-annotations-0.5.0.jar:/home/user/.m2/repository/org/apache/commons/commons-compress/1.4.1/commons-compress-1.4.1.jar:/home/user/.m2/repository/org/tukaani/xz/1.0/xz-1.0.jar:/home/user/.m2/repository/org/apache/kerby/kerb-simplekdc/1.0.1/kerb-simplekdc-1.0.1.jar:/home/user/.m2/repository/org/apache/kerby/kerb-client/1.0.1/kerb-client-1.0.1.jar:/home/user/.m2/repository/org/apache/kerby/kerby-config/1.0.1/kerby-config-1.0.1.jar:/home/user/.m2/repository/org/apache/kerby/kerb-core/1.0.1/kerb-core-1.0.1.jar:/home/user/.m2/repository/org/apache/kerby/kerby-pkix/1.0.1/kerby-pkix-1.0.1.jar:/home/user/.m2/repository/org/apache/kerby/kerby-asn1/1.0.1/kerby-asn1-1.0.1.jar:/home/user/.m2/repository/org/apache/kerby/kerby-util/1.0.1/kerby-util-1.0.1.jar:/home/user/.m2/repository/org/apache/kerby/kerb-common/1.0.1/kerb-common-1.0.1.jar:/home/user/.m2/repository/org/apache/kerby/kerb-crypto/1.0.1/kerb-crypto-1.0.1.jar:/home/user/.m2/repository/org/apache/kerby/kerb-util/1.0.1/kerb-util-1.0.1.jar:/home/user/.m2/repository/org/apache/kerby/token-provider/1.0.1/token-provider-1.0.1.jar:/home/user/.m2/repository/org/apache/kerby/kerb-admin/1.0.1/kerb-admin-1.0.1.jar:/home/user/.m2/repository/org/apache/kerby/kerb-server/1.0.1/kerb-server-1.0.1.jar:/home/user/.m2/repository/org/apache/kerby/kerb-identity/1.0.1/kerb-identity-1.0.1.jar:/home/user/.m2/repository/org/apache/kerby/kerby-xdr/1.0.1/kerby-xdr-1.0.1.jar:/home/user/.m2/repository/com/fasterxml/jackson/core/jackson-databind/2.9.5/jackson-databind-2.9.5.jar:/home/user/.m2/repository/com/fasterxml/jackson/core/jackson-annotations/2.9.5/jackson-annotations-2.9.5.jar:/home/user/.m2/repository/com/fasterxml/jackson/core/jackson-core/2.9.5/jackson-core-2.9.5.jar:/home/user/.m2/repository/org/codehaus/woodstox/stax2-api/3.1.4/stax2-api-3.1.4.jar:/home/user/.m2/repository/com/fasterxml/woodstox/woodstox-core/5.0.3/woodstox-core-5.0.3.jar:/home/user/.m2/repository/dnsjava/dnsjava/2.1.7/dnsjava-2.1.7.jar:/home/user/.m2/repository/org/apache/hadoop/hadoop-hdfs/3.2.0/hadoop-hdfs-3.2.0.jar:/home/user/.m2/repository/org/eclipse/jetty/jetty-util-ajax/9.3.24.v20180605/jetty-util-ajax-9.3.24.v20180605.jar:/home/user/.m2/repository/commons-daemon/commons-daemon/1.0.13/commons-daemon-1.0.13.jar:/home/user/.m2/repository/io/netty/netty/3.10.5.Final/netty-3.10.5.Final.jar:/home/user/.m2/repository/io/netty/netty-all/4.0.52.Final/netty-all-4.0.52.Final.jar:/home/user/.m2/repository/org/fusesource/leveldbjni/leveldbjni-all/1.8/leveldbjni-all-1.8.jar:/home/user/.m2/repository/org/apache/hadoop/hadoop-hdds-common/0.5.0-SNAPSHOT/hadoop-hdds-common-0.5.0-SNAPSHOT.jar:/home/user/.m2/repository/org/apache/hadoop/hadoop-hdds-config/0.5.0-SNAPSHOT/hadoop-hdds-config-0.5.0-SNAPSHOT.jar:/home/user/.m2/repository/javax/annotation/javax.annotation-api/1.2/javax.annotation-api-1.2.jar:/home/user/.m2/repository/org/apache/ratis/ratis-server/0.4.0-2337318-SNAPSHOT/ratis-server-0.4.0-2337318-SNAPSHOT.jar:/home/user/.m2/repository/org/apache/ratis/ratis-thirdparty-misc/0.2.0/ratis-thirdparty-misc-0.2.0.jar:/home/user/.m2/repository/org/apache/ratis/ratis-proto/0.4.0-2337318-SNAPSHOT/ratis-proto-0.4.0-2337318-SNAPSHOT.jar:/home/user/.m2/repository/org/apache/ratis/ratis-common/0.4.0-2337318-SNAPSHOT/ratis-common-0.4.0-2337318-SNAPSHOT.jar:/home/user/.m2/repository/org/apache/ratis/ratis-client/0.4.0-2337318-SNAPSHOT/ratis-client-0.4.0-2337318-SNAPSHOT.jar:/home/user/.m2/repository/org/apache/ratis/ratis-metrics/0.4.0-2337318-SNAPSHOT/ratis-metrics-0.4.0-2337318-SNAPSHOT.jar:/home/user/.m2/repository/org/apache/ratis/ratis-netty/0.4.0-2337318-SNAPSHOT/ratis-netty-0.4.0-2337318-SNAPSHOT.jar:/home/user/.m2/repository/org/apache/ratis/ratis-grpc/0.4.0-2337318-SNAPSHOT/ratis-grpc-0.4.0-2337318-SNAPSHOT.jar:/home/user/.m2/repository/org/rocksdb/rocksdbjni/6.0.1/rocksdbjni-6.0.1.jar:/home/user/.m2/repository/org/apache/logging/log4j/log4j-api/2.11.0/log4j-api-2.11.0.jar:/home/user/.m2/repository/org/apache/logging/log4j/log4j-core/2.11.0/log4j-core-2.11.0.jar:/home/user/.m2/repository/com/lmax/disruptor/3.4.2/disruptor-3.4.2.jar:/home/user/.m2/repository/org/apache/commons/commons-pool2/2.6.0/commons-pool2-2.6.0.jar:/home/user/.m2/repository/org/bouncycastle/bcpkix-jdk15on/1.60/bcpkix-jdk15on-1.60.jar:/home/user/.m2/repository/commons-validator/commons-validator/1.6/commons-validator-1.6.jar:/home/user/.m2/repository/commons-digester/commons-digester/1.8.1/commons-digester-1.8.1.jar:/home/user/.m2/repository/io/jaegertracing/jaeger-client/0.33.1/jaeger-client-0.33.1.jar:/home/user/.m2/repository/io/jaegertracing/jaeger-thrift/0.33.1/jaeger-thrift-0.33.1.jar:/home/user/.m2/repository/org/apache/thrift/libthrift/0.11.0/libthrift-0.11.0.jar:/home/user/.m2/repository/com/squareup/okhttp3/okhttp/3.9.0/okhttp-3.9.0.jar:/home/user/.m2/repository/com/squareup/okio/okio/1.13.0/okio-1.13.0.jar:/home/user/.m2/repository/io/jaegertracing/jaeger-core/0.33.1/jaeger-core-0.33.1.jar:/home/user/.m2/repository/io/jaegertracing/jaeger-tracerresolver/0.33.1/jaeger-tracerresolver-0.33.1.jar:/home/user/.m2/repository/io/opentracing/contrib/opentracing-tracerresolver/0.1.5/opentracing-tracerresolver-0.1.5.jar:/home/user/.m2/repository/io/opentracing/opentracing-util/0.31.0/opentracing-util-0.31.0.jar:/home/user/.m2/repository/io/opentracing/opentracing-api/0.31.0/opentracing-api-0.31.0.jar:/home/user/.m2/repository/io/opentracing/opentracing-noop/0.31.0/opentracing-noop-0.31.0.jar:/home/user/.m2/repository/org/yaml/snakeyaml/1.16/snakeyaml-1.16.jar:/home/user/.m2/repository/org/apache/hadoop/hadoop-hdfs-client/3.2.0/hadoop-hdfs-client-3.2.0.jar:/home/user/.m2/repository/info/picocli/picocli/3.9.6/picocli-3.9.6.jar:/home/user/.m2/repository/org/apache/hadoop/hadoop-hdds-server-scm/0.5.0-SNAPSHOT/hadoop-hdds-server-scm-0.5.0-SNAPSHOT.jar:/home/user/.m2/repository/org/apache/hadoop/hadoop-hdds-docs/0.5.0-SNAPSHOT/hadoop-hdds-docs-0.5.0-SNAPSHOT.jar:/home/user/.m2/repository/io/dropwizard/metrics/metrics-core/3.2.4/metrics-core-3.2.4.jar:/home/user/.m2/repository/org/hamcrest/hamcrest-all/1.3/hamcrest-all-1.3.jar:/home/user/.m2/repository/org/bouncycastle/bcprov-jdk15on/1.60/bcprov-jdk15on-1.60.jar:/home/user/.m2/repository/org/apache/hadoop/hadoop-hdds-server-framework/0.5.0-SNAPSHOT/hadoop-hdds-server-framework-0.5.0-SNAPSHOT.jar:/home/user/.m2/repository/org/apache/hadoop/hadoop-ozone-ozone-manager/0.5.0-SNAPSHOT/hadoop-ozone-ozone-manager-0.5.0-SNAPSHOT.jar:/home/user/.m2/repository/org/apache/hadoop/hadoop-hdds-container-service/0.5.0-SNAPSHOT/hadoop-hdds-container-service-0.5.0-SNAPSHOT.jar:/home/user/.m2/repository/org/apache/hadoop/hadoop-hdds-client/0.5.0-SNAPSHOT/hadoop-hdds-client-0.5.0-SNAPSHOT.jar:/home/user/.m2/repository/org/apache/hadoop/hadoop-ozone-common/0.5.0-SNAPSHOT/hadoop-ozone-common-0.5.0-SNAPSHOT.jar:/home/user/.m2/repository/org/apache/hadoop/hadoop-hdds-tools/0.5.0-SNAPSHOT/hadoop-hdds-tools-0.5.0-SNAPSHOT.jar:/home/user/.m2/repository/org/xerial/sqlite-jdbc/3.25.2/sqlite-jdbc-3.25.2.jar:/home/user/.m2/repository/org/apache/hadoop/hadoop-ozone-objectstore-service/0.5.0-SNAPSHOT/hadoop-ozone-objectstore-service-0.5.0-SNAPSHOT.jar:/home/user/.m2/repository/com/google/code/findbugs/findbugs/3.0.1/findbugs-3.0.1.jar:/home/user/.m2/repository/net/jcip/jcip-annotations/1.0/jcip-annotations-1.0.jar:/home/user/.m2/repository/com/google/code/findbugs/bcel-findbugs/6.0/bcel-findbugs-6.0.jar:/home/user/.m2/repository/com/google/code/findbugs/jFormatString/2.0.1/jFormatString-2.0.1.jar:/home/user/.m2/repository/dom4j/dom4j/1.6.1/dom4j-1.6.1.jar:/home/user/.m2/repository/xml-apis/xml-apis/1.0.b2/xml-apis-1.0.b2.jar:/home/user/.m2/repository/org/ow2/asm/asm-debug-all/5.0.2/asm-debug-all-5.0.2.jar:/home/user/.m2/repository/org/ow2/asm/asm-commons/5.0.2/asm-commons-5.0.2.jar:/home/user/.m2/repository/org/ow2/asm/asm-tree/5.0.2/asm-tree-5.0.2.jar:/home/user/.m2/repository/org/ow2/asm/asm/5.0.4/asm-5.0.4.jar:/home/user/.m2/repository/commons-lang/commons-lang/2.6/commons-lang-2.6.jar:/home/user/.m2/repository/com/apple/AppleJavaExtensions/1.4/AppleJavaExtensions-1.4.jar:/home/user/.m2/repository/jaxen/jaxen/1.1.6/jaxen-1.1.6.jar:/home/user/.m2/repository/org/apache/hadoop/hadoop-common/3.2.0/hadoop-common-3.2.0-tests.jar:/home/user/.m2/repository/org/apache/hadoop/hadoop-ozone-client/0.5.0-SNAPSHOT/hadoop-ozone-client-0.5.0-SNAPSHOT.jar:/home/user/.m2/repository/org/apache/hadoop/hadoop-hdfs/3.2.0/hadoop-hdfs-3.2.0-tests.jar:/workdir/hadoop-ozone/integration-test/target/test-classes:/home/user/.m2/repository/org/apache/hadoop/hadoop-ozone-s3gateway/0.5.0-SNAPSHOT/hadoop-ozone-s3gateway-0.5.0-SNAPSHOT.jar:/home/user/.m2/repository/org/jboss/weld/servlet/weld-servlet/2.4.7.Final/weld-servlet-2.4.7.Final.jar:/home/user/.m2/repository/org/glassfish/jersey/containers/jersey-container-servlet-core/2.27/jersey-container-servlet-core-2.27.jar:/home/user/.m2/repository/org/glassfish/hk2/external/javax.inject/2.5.0-b42/javax.inject-2.5.0-b42.jar:/home/user/.m2/repository/org/glassfish/jersey/core/jersey-common/2.27/jersey-common-2.27.jar:/home/user/.m2/repository/org/glassfish/hk2/osgi-resource-locator/1.0.1/osgi-resource-locator-1.0.1.jar:/home/user/.m2/repository/javax/ws/rs/javax.ws.rs-api/2.1/javax.ws.rs-api-2.1.jar:/home/user/.m2/repository/org/glassfish/jersey/ext/cdi/jersey-cdi1x/2.27/jersey-cdi1x-2.27.jar:/home/user/.m2/repository/org/glassfish/jersey/inject/jersey-hk2/2.27/jersey-hk2-2.27.jar:/home/user/.m2/repository/org/glassfish/hk2/hk2-locator/2.5.0-b42/hk2-locator-2.5.0-b42.jar:/home/user/.m2/repository/org/javassist/javassist/3.22.0-CR2/javassist-3.22.0-CR2.jar:/home/user/.m2/repository/org/glassfish/hk2/hk2-api/2.5.0/hk2-api-2.5.0.jar:/home/user/.m2/repository/org/glassfish/hk2/external/jakarta.inject/2.5.0/jakarta.inject-2.5.0.jar:/home/user/.m2/repository/org/glassfish/hk2/hk2-utils/2.5.0/hk2-utils-2.5.0.jar:/home/user/.m2/repository/jakarta/annotation/jakarta.annotation-api/1.3.4/jakarta.annotation-api-1.3.4.jar:/home/user/.m2/repository/org/glassfish/hk2/external/aopalliance-repackaged/2.5.0/aopalliance-repackaged-2.5.0.jar:/home/user/.m2/repository/com/fasterxml/jackson/dataformat/jackson-dataformat-xml/2.9.0/jackson-dataformat-xml-2.9.0.jar:/home/user/.m2/repository/com/fasterxml/jackson/module/jackson-module-jaxb-annotations/2.9.5/jackson-module-jaxb-annotations-2.9.5.jar:/home/user/.m2/repository/javax/enterprise/cdi-api/1.2/cdi-api-1.2.jar:/home/user/.m2/repository/javax/el/javax.el-api/3.0.0/javax.el-api-3.0.0.jar:/home/user/.m2/repository/javax/interceptor/javax.interceptor-api/1.2/javax.interceptor-api-1.2.jar:/home/user/.m2/repository/javax/inject/javax.inject/1/javax.inject-1.jar:/home/user/.m2/repository/com/sun/xml/bind/jaxb-core/2.3.0.1/jaxb-core-2.3.0.1.jar:/home/user/.m2/repository/javax/xml/bind/jaxb-api/2.3.0/jaxb-api-2.3.0.jar:/home/user/.m2/repository/javax/activation/activation/1.1.1/activation-1.1.1.jar:/home/user/.m2/repository/org/apache/hadoop/hadoop-ozone-csi/0.5.0-SNAPSHOT/hadoop-ozone-csi-0.5.0-SNAPSHOT.jar:/home/user/.m2/repository/com/google/protobuf/protobuf-java-util/3.5.1/protobuf-java-util-3.5.1.jar:/home/user/.m2/repository/io/grpc/grpc-netty/1.17.1/grpc-netty-1.17.1.jar:/home/user/.m2/repository/io/grpc/grpc-core/1.17.1/grpc-core-1.17.1.jar:/home/user/.m2/repository/io/grpc/grpc-context/1.17.1/grpc-context-1.17.1.jar:/home/user/.m2/repository/com/google/errorprone/error_prone_annotations/2.2.0/error_prone_annotations-2.2.0.jar:/home/user/.m2/repository/org/codehaus/mojo/animal-sniffer-annotations/1.17/animal-sniffer-annotations-1.17.jar:/home/user/.m2/repository/io/opencensus/opencensus-api/0.17.0/opencensus-api-0.17.0.jar:/home/user/.m2/repository/io/opencensus/opencensus-contrib-grpc-metrics/0.17.0/opencensus-contrib-grpc-metrics-0.17.0.jar:/home/user/.m2/repository/io/netty/netty-codec-http2/4.1.30.Final/netty-codec-http2-4.1.30.Final.jar:/home/user/.m2/repository/io/netty/netty-codec-http/4.1.30.Final/netty-codec-http-4.1.30.Final.jar:/home/user/.m2/repository/io/netty/netty-codec/4.1.30.Final/netty-codec-4.1.30.Final.jar:/home/user/.m2/repository/io/netty/netty-handler/4.1.30.Final/netty-handler-4.1.30.Final.jar:/home/user/.m2/repository/io/netty/netty-handler-proxy/4.1.30.Final/netty-handler-proxy-4.1.30.Final.jar:/home/user/.m2/repository/io/netty/netty-codec-socks/4.1.30.Final/netty-codec-socks-4.1.30.Final.jar:/home/user/.m2/repository/io/netty/netty-transport-native-epoll/4.1.30.Final/netty-transport-native-epoll-4.1.30.Final.jar:/home/user/.m2/repository/io/netty/netty-common/4.1.30.Final/netty-common-4.1.30.Final.jar:/home/user/.m2/repository/io/netty/netty-buffer/4.1.30.Final/netty-buffer-4.1.30.Final.jar:/home/user/.m2/repository/io/netty/netty-transport/4.1.30.Final/netty-transport-4.1.30.Final.jar:/home/user/.m2/repository/io/netty/netty-resolver/4.1.30.Final/netty-resolver-4.1.30.Final.jar:/home/user/.m2/repository/io/netty/netty-transport-native-unix-common/4.1.30.Final/netty-transport-native-unix-common-4.1.30.Final.jar:/home/user/.m2/repository/io/grpc/grpc-protobuf/1.17.1/grpc-protobuf-1.17.1.jar:/home/user/.m2/repository/com/google/api/grpc/proto-google-common-protos/1.0.0/proto-google-common-protos-1.0.0.jar:/home/user/.m2/repository/io/grpc/grpc-protobuf-lite/1.17.1/grpc-protobuf-lite-1.17.1.jar:/home/user/.m2/repository/io/grpc/grpc-stub/1.17.1/grpc-stub-1.17.1.jar:/home/user/.m2/repository/org/apache/hadoop/hadoop-ozone-recon/0.5.0-SNAPSHOT/hadoop-ozone-recon-0.5.0-SNAPSHOT.jar:/home/user/.m2/repository/org/apache/hadoop/hadoop-ozone-reconcodegen/0.5.0-SNAPSHOT/hadoop-ozone-reconcodegen-0.5.0-SNAPSHOT.jar:/home/user/.m2/repository/com/google/inject/extensions/guice-multibindings/4.0/guice-multibindings-4.0.jar:/home/user/.m2/repository/com/google/inject/guice/4.0/guice-4.0.jar:/home/user/.m2/repository/aopalliance/aopalliance/1.0/aopalliance-1.0.jar:/home/user/.m2/repository/org/glassfish/jersey/containers/jersey-container-servlet/2.27/jersey-container-servlet-2.27.jar:/home/user/.m2/repository/org/glassfish/hk2/guice-bridge/2.5.0/guice-bridge-2.5.0.jar:/home/user/.m2/repository/org/glassfish/jersey/core/jersey-server/2.27/jersey-server-2.27.jar:/home/user/.m2/repository/org/glassfish/jersey/core/jersey-client/2.27/jersey-client-2.27.jar:/home/user/.m2/repository/org/glassfish/jersey/media/jersey-media-jaxb/2.27/jersey-media-jaxb-2.27.jar:/home/user/.m2/repository/javax/validation/validation-api/1.1.0.Final/validation-api-1.1.0.Final.jar:/home/user/.m2/repository/org/glassfish/jersey/media/jersey-media-json-jackson/2.27/jersey-media-json-jackson-2.27.jar:/home/user/.m2/repository/org/glassfish/jersey/ext/jersey-entity-filtering/2.27/jersey-entity-filtering-2.27.jar:/home/user/.m2/repository/com/google/inject/extensions/guice-assistedinject/4.0/guice-assistedinject-4.0.jar:/home/user/.m2/repository/org/jooq/jooq/3.11.10/jooq-3.11.10.jar:/home/user/.m2/repository/org/jooq/jooq-meta/3.11.10/jooq-meta-3.11.10.jar:/home/user/.m2/repository/org/jooq/jooq-codegen/3.11.10/jooq-codegen-3.11.10.jar:/home/user/.m2/repository/com/jolbox/bonecp/0.8.0.RELEASE/bonecp-0.8.0.RELEASE.jar:/home/user/.m2/repository/org/springframework/spring-jdbc/5.1.3.RELEASE/spring-jdbc-5.1.3.RELEASE.jar:/home/user/.m2/repository/org/springframework/spring-beans/5.1.3.RELEASE/spring-beans-5.1.3.RELEASE.jar:/home/user/.m2/repository/org/springframework/spring-core/5.1.3.RELEASE/spring-core-5.1.3.RELEASE.jar:/home/user/.m2/repository/org/springframework/spring-jcl/5.1.3.RELEASE/spring-jcl-5.1.3.RELEASE.jar:/home/user/.m2/repository/org/springframework/spring-tx/5.1.3.RELEASE/spring-tx-5.1.3.RELEASE.jar:/home/user/.m2/repository/org/mockito/mockito-all/1.10.19/mockito-all-1.10.19.jar:/home/user/.m2/repository/junit/junit/4.11/junit-4.11.jar:/home/user/.m2/repository/org/hamcrest/hamcrest-core/1.3/hamcrest-core-1.3.jar:/home/user/.m2/repository/org/apache/hadoop/hadoop-distcp/3.2.0/hadoop-distcp-3.2.0.jar:/home/user/.m2/repository/org/apache/hadoop/hadoop-distcp/3.2.0/hadoop-distcp-3.2.0-tests.jar:/home/user/.m2/repository/org/apache/hadoop/hadoop-mapreduce-client-jobclient/3.2.0/hadoop-mapreduce-client-jobclient-3.2.0.jar:/home/user/.m2/repository/org/apache/hadoop/hadoop-mapreduce-client-common/3.2.0/hadoop-mapreduce-client-common-3.2.0.jar:/home/user/.m2/repository/org/apache/hadoop/hadoop-yarn-common/3.2.0/hadoop-yarn-common-3.2.0.jar:/home/user/.m2/repository/org/apache/hadoop/hadoop-yarn-api/3.2.0/hadoop-yarn-api-3.2.0.jar:/home/user/.m2/repository/com/sun/jersey/jersey-client/1.19/jersey-client-1.19.jar:/home/user/.m2/repository/com/sun/jersey/contribs/jersey-guice/1.19/jersey-guice-1.19.jar:/home/user/.m2/repository/com/fasterxml/jackson/jaxrs/jackson-jaxrs-json-provider/2.9.5/jackson-jaxrs-json-provider-2.9.5.jar:/home/user/.m2/repository/com/fasterxml/jackson/jaxrs/jackson-jaxrs-base/2.9.5/jackson-jaxrs-base-2.9.5.jar:/home/user/.m2/repository/org/apache/hadoop/hadoop-yarn-client/3.2.0/hadoop-yarn-client-3.2.0.jar:/home/user/.m2/repository/org/apache/hadoop/hadoop-mapreduce-client-core/3.2.0/hadoop-mapreduce-client-core-3.2.0.jar:/home/user/.m2/repository/com/google/inject/extensions/guice-servlet/4.0/guice-servlet-4.0.jar:/home/user/.m2/repository/org/powermock/powermock-module-junit4/1.6.5/powermock-module-junit4-1.6.5.jar:/home/user/.m2/repository/org/powermock/powermock-module-junit4-common/1.6.5/powermock-module-junit4-common-1.6.5.jar:/home/user/.m2/repository/org/powermock/powermock-core/1.6.5/powermock-core-1.6.5.jar:/home/user/.m2/repository/org/powermock/powermock-reflect/1.6.5/powermock-reflect-1.6.5.jar:/home/user/.m2/repository/org/powermock/powermock-api-mockito/1.6.5/powermock-api-mockito-1.6.5.jar:/home/user/.m2/repository/org/mockito/mockito-core/1.10.19/mockito-core-1.10.19.jar:/home/user/.m2/repository/org/objenesis/objenesis/1.0/objenesis-1.0.jar:/home/user/.m2/repository/org/powermock/powermock-api-mockito-common/1.6.5/powermock-api-mockito-common-1.6.5.jar:/home/user/.m2/repository/org/powermock/powermock-api-support/1.6.5/powermock-api-support-1.6.5.jar:"/>
    <property name="sun.cpu.endian" value="little"/>
    <property name="user.home" value="/home/user"/>
    <property name="user.language" value="en"/>
    <property name="java.specification.vendor" value="Oracle Corporation"/>
    <property name="java.home" value="/usr/lib/jvm/java-1.8-openjdk/jre"/>
    <property name="java.security.krb5.conf" value="/workdir/hadoop-ozone/ozonefs/target/test-classes/krb5.conf"/>
    <property name="basedir" value="/workdir/hadoop-ozone/ozonefs"/>
    <property name="file.separator" value="/"/>
    <property name="line.separator" value="&#10;"/>
    <property name="java.vm.specification.vendor" value="Oracle Corporation"/>
    <property name="java.specification.name" value="Java Platform API Specification"/>
    <property name="java.awt.graphicsenv" value="sun.awt.X11GraphicsEnvironment"/>
    <property name="surefire.real.class.path" value="/workdir/hadoop-ozone/ozonefs/target/surefire/surefirebooter7829432305587905848.jar"/>
    <property name="hadoop.log.dir" value="/workdir/hadoop-ozone/ozonefs/target/log"/>
    <property name="sun.boot.class.path" value="/usr/lib/jvm/java-1.8-openjdk/jre/lib/resources.jar:/usr/lib/jvm/java-1.8-openjdk/jre/lib/rt.jar:/usr/lib/jvm/java-1.8-openjdk/jre/lib/sunrsasign.jar:/usr/lib/jvm/java-1.8-openjdk/jre/lib/jsse.jar:/usr/lib/jvm/java-1.8-openjdk/jre/lib/jce.jar:/usr/lib/jvm/java-1.8-openjdk/jre/lib/charsets.jar:/usr/lib/jvm/java-1.8-openjdk/jre/lib/jfr.jar:/usr/lib/jvm/java-1.8-openjdk/jre/classes"/>
    <property name="sun.management.compiler" value="HotSpot 64-Bit Tiered Compilers"/>
    <property name="java.runtime.version" value="1.8.0_212-b04"/>
    <property name="java.net.preferIPv4Stack" value="true"/>
    <property name="user.name" value="jenkins1000"/>
    <property name="path.separator" value=":"/>
    <property name="java.security.egd" value="file:///dev/urandom"/>
    <property name="os.version" value="3.10.0-957.12.2.el7.x86_64"/>
    <property name="java.endorsed.dirs" value="/usr/lib/jvm/java-1.8-openjdk/jre/lib/endorsed"/>
    <property name="java.runtime.name" value="OpenJDK Runtime Environment"/>
    <property name="file.encoding" value="UTF-8"/>
    <property name="java.vm.name" value="OpenJDK 64-Bit Server VM"/>
    <property name="test.build.webapps" value=""/>
    <property name="localRepository" value="/home/user/.m2/repository"/>
    <property name="java.vendor.url.bug" value="https://icedtea.classpath.org/bugzilla"/>
    <property name="java.io.tmpdir" value="/tmp"/>
    <property name="require.test.libhadoop" value=""/>
    <property name="java.version" value="1.8.0_212"/>
    <property name="user.dir" value="/workdir/hadoop-ozone/ozonefs"/>
    <property name="os.arch" value="amd64"/>
    <property name="java.vm.specification.name" value="Java Virtual Machine Specification"/>
    <property name="test.build.classes" value="/workdir/hadoop-ozone/ozonefs/target/test-classes"/>
    <property name="java.awt.printerjob" value="sun.print.PSPrinterJob"/>
    <property name="sun.os.patch.level" value="unknown"/>
    <property name="hadoop.tmp.dir" value="/workdir/hadoop-ozone/ozonefs/target/tmp"/>
    <property name="java.library.path" value="/usr/lib/jvm/java-1.8-openjdk/jre/lib/amd64/server:/usr/lib/jvm/java-1.8-openjdk/jre/lib/amd64:/usr/lib/jvm/java-1.8-openjdk/jre/../lib/amd64:/workdir/hadoop-ozone/ozonefs/target/native/target/usr/local/lib:/workdir/hadoop-ozone/ozonefs/../../hadoop-common-project/hadoop-common/target/native/target/usr/local/lib:/usr/java/packages/lib/amd64:/usr/lib64:/lib64:/lib:/usr/lib"/>
    <property name="java.vm.info" value="mixed mode"/>
    <property name="java.vendor" value="IcedTea"/>
    <property name="java.vm.version" value="25.212-b04"/>
    <property name="java.ext.dirs" value="/usr/lib/jvm/java-1.8-openjdk/jre/lib/ext:/usr/java/packages/lib/ext"/>
    <property name="sun.io.unicode.encoding" value="UnicodeLittle"/>
    <property name="java.class.version" value="52.0"/>
  </properties>
  <testcase name="testOpenReadZeroByteFile" classname="org.apache.hadoop.fs.ozone.contract.ITestOzoneContractOpen" time="1.281">
    <error message="Allocated 0 blocks. Requested 1 blocks" type="INTERNAL_ERROR org.apache.hadoop.ozone.om.exceptions.OMException">INTERNAL_ERROR org.apache.hadoop.ozone.om.exceptions.OMException: Allocated 0 blocks. Requested 1 blocks
	at org.apache.hadoop.ozone.om.protocolPB.OzoneManagerProtocolClientSideTranslatorPB.handleError(OzoneManagerProtocolClientSideTranslatorPB.java:725)
	at org.apache.hadoop.ozone.om.protocolPB.OzoneManagerProtocolClientSideTranslatorPB.createFile(OzoneManagerProtocolClientSideTranslatorPB.java:1474)
	at org.apache.hadoop.ozone.client.rpc.RpcClient.createFile(RpcClient.java:984)
	at org.apache.hadoop.ozone.client.OzoneBucket.createFile(OzoneBucket.java:535)
	at org.apache.hadoop.fs.ozone.BasicOzoneClientAdapterImpl.createFile(BasicOzoneClientAdapterImpl.java:181)
	at org.apache.hadoop.fs.ozone.BasicOzoneFileSystem.createOutputStream(BasicOzoneFileSystem.java:249)
	at org.apache.hadoop.fs.ozone.BasicOzoneFileSystem.create(BasicOzoneFileSystem.java:230)
	at org.apache.hadoop.fs.FileSystem.create(FileSystem.java:1118)
	at org.apache.hadoop.fs.FileSystem.create(FileSystem.java:1098)
	at org.apache.hadoop.fs.FileSystem.create(FileSystem.java:987)
	at org.apache.hadoop.fs.contract.ContractTestUtils.createFile(ContractTestUtils.java:633)
	at org.apache.hadoop.fs.contract.ContractTestUtils.touch(ContractTestUtils.java:669)
	at org.apache.hadoop.fs.contract.AbstractContractOpenTest.testOpenReadZeroByteFile(AbstractContractOpenTest.java:62)
	at sun.reflect.NativeMethodAccessorImpl.invoke0(Native Method)
	at sun.reflect.NativeMethodAccessorImpl.invoke(NativeMethodAccessorImpl.java:62)
	at sun.reflect.DelegatingMethodAccessorImpl.invoke(DelegatingMethodAccessorImpl.java:43)
	at java.lang.reflect.Method.invoke(Method.java:498)
	at org.junit.runners.model.FrameworkMethod$1.runReflectiveCall(FrameworkMethod.java:47)
	at org.junit.internal.runners.model.ReflectiveCallable.run(ReflectiveCallable.java:12)
	at org.junit.runners.model.FrameworkMethod.invokeExplosively(FrameworkMethod.java:44)
	at org.junit.internal.runners.statements.InvokeMethod.evaluate(InvokeMethod.java:17)
	at org.junit.internal.runners.statements.RunBefores.evaluate(RunBefores.java:26)
	at org.junit.internal.runners.statements.RunAfters.evaluate(RunAfters.java:27)
	at org.junit.rules.TestWatcher$1.evaluate(TestWatcher.java:55)
	at org.junit.internal.runners.statements.FailOnTimeout$StatementThread.run(FailOnTimeout.java:74)
</error>
    <system-out><![CDATA[2019-09-19 14:32:25,743 [JUnit] WARN  server.ServerUtils (ServerUtils.java:getScmDbDir(145)) - ozone.scm.db.dirs is not configured. We recommend adding this setting. Falling back to ozone.metadata.dirs instead.
2019-09-19 14:32:25,845 [JUnit] WARN  server.ServerUtils (ServerUtils.java:getScmDbDir(145)) - ozone.scm.db.dirs is not configured. We recommend adding this setting. Falling back to ozone.metadata.dirs instead.
2019-09-19 14:32:25,848 [JUnit] WARN  server.ServerUtils (ServerUtils.java:getScmDbDir(145)) - ozone.scm.db.dirs is not configured. We recommend adding this setting. Falling back to ozone.metadata.dirs instead.
2019-09-19 14:32:25,866 [JUnit] INFO  util.log (Log.java:initialized(192)) - Logging initialized @939ms
2019-09-19 14:32:26,004 [JUnit] INFO  db.DBStoreBuilder (DBStoreBuilder.java:addTable(110)) - using custom profile for table: deletedBlocks
2019-09-19 14:32:26,005 [JUnit] INFO  db.DBStoreBuilder (DBStoreBuilder.java:processTables(161)) - Using default column profile:DBProfile.DISK for Table:deletedBlocks
2019-09-19 14:32:26,005 [JUnit] INFO  db.DBStoreBuilder (DBStoreBuilder.java:addTable(110)) - using custom profile for table: validCerts
2019-09-19 14:32:26,006 [JUnit] INFO  db.DBStoreBuilder (DBStoreBuilder.java:processTables(161)) - Using default column profile:DBProfile.DISK for Table:validCerts
2019-09-19 14:32:26,006 [JUnit] INFO  db.DBStoreBuilder (DBStoreBuilder.java:addTable(110)) - using custom profile for table: revokedCerts
2019-09-19 14:32:26,006 [JUnit] INFO  db.DBStoreBuilder (DBStoreBuilder.java:processTables(161)) - Using default column profile:DBProfile.DISK for Table:revokedCerts
2019-09-19 14:32:26,020 [JUnit] INFO  db.DBStoreBuilder (DBStoreBuilder.java:addTable(110)) - using custom profile for table: default
2019-09-19 14:32:26,020 [JUnit] INFO  db.DBStoreBuilder (DBStoreBuilder.java:processTables(167)) - Using default column profile:DBProfile.DISK for Table:default
2019-09-19 14:32:26,021 [JUnit] INFO  db.DBStoreBuilder (DBStoreBuilder.java:getDbProfile(198)) - Using default options. DBProfile.DISK
2019-09-19 14:32:26,259 [JUnit] INFO  net.NodeSchemaLoader (NodeSchemaLoader.java:loadSchemaFromFile(125)) - Loading file from sun.misc.CompoundEnumeration@1fa268de
2019-09-19 14:32:26,262 [JUnit] INFO  net.NodeSchemaLoader (NodeSchemaLoader.java:loadSchema(171)) - Loading network topology layer schema file
2019-09-19 14:32:26,342 [JUnit] WARN  server.ServerUtils (ServerUtils.java:sanitizeUserArgs(70)) - ozone.scm.stale.node.interval value = 300000 is larger than max = 100000 based on the key value of ozone.scm.heartbeat.thread.interval, reset to the max value 100000.
2019-09-19 14:32:26,344 [JUnit] WARN  server.ServerUtils (ServerUtils.java:sanitizeUserArgs(70)) - ozone.scm.stale.node.interval value = 300000 is larger than max = 100000 based on the key value of ozone.scm.heartbeat.thread.interval, reset to the max value 100000.
2019-09-19 14:32:26,346 [JUnit] INFO  node.SCMNodeManager (SCMNodeManager.java:<init>(121)) - Entering startup safe mode.
2019-09-19 14:32:26,486 [JUnit] INFO  algorithms.ContainerPlacementPolicyFactory (ContainerPlacementPolicyFactory.java:getPolicy(56)) - Create container placement policy of type org.apache.hadoop.hdds.scm.container.placement.algorithms.SCMContainerPlacementRandom
2019-09-19 14:32:26,503 [JUnit] WARN  server.ServerUtils (ServerUtils.java:getScmDbDir(145)) - ozone.scm.db.dirs is not configured. We recommend adding this setting. Falling back to ozone.metadata.dirs instead.
2019-09-19 14:32:26,661 [JUnit] INFO  pipeline.SCMPipelineManager (SCMPipelineManager.java:initializePipelineState(126)) - No pipeline exists in current db
2019-09-19 14:32:26,665 [JUnit] WARN  server.ServerUtils (ServerUtils.java:getScmDbDir(145)) - ozone.scm.db.dirs is not configured. We recommend adding this setting. Falling back to ozone.metadata.dirs instead.
2019-09-19 14:32:26,858 [JUnit] WARN  events.EventQueue (EventQueue.java:fireEvent(175)) - No event handler registered for event TypedEvent{payloadType=SafeModeStatus, name='SafeModeStatus'}
2019-09-19 14:32:27,747 [JUnit] INFO  ipc.CallQueueManager (CallQueueManager.java:<init>(84)) - Using callQueue: class java.util.concurrent.LinkedBlockingQueue, queueCapacity: 2000, scheduler: class org.apache.hadoop.ipc.DefaultRpcScheduler, ipcBackoff: false.
2019-09-19 14:32:27,784 [Socket Reader #1 for port 35178] INFO  ipc.Server (Server.java:run(1074)) - Starting Socket Reader #1 for port 35178
2019-09-19 14:32:27,811 [JUnit] INFO  ipc.CallQueueManager (CallQueueManager.java:<init>(84)) - Using callQueue: class java.util.concurrent.LinkedBlockingQueue, queueCapacity: 2000, scheduler: class org.apache.hadoop.ipc.DefaultRpcScheduler, ipcBackoff: false.
2019-09-19 14:32:27,812 [Socket Reader #1 for port 45241] INFO  ipc.Server (Server.java:run(1074)) - Starting Socket Reader #1 for port 45241
2019-09-19 14:32:27,820 [JUnit] INFO  ipc.CallQueueManager (CallQueueManager.java:<init>(84)) - Using callQueue: class java.util.concurrent.LinkedBlockingQueue, queueCapacity: 2000, scheduler: class org.apache.hadoop.ipc.DefaultRpcScheduler, ipcBackoff: false.
2019-09-19 14:32:27,821 [Socket Reader #1 for port 37367] INFO  ipc.Server (Server.java:run(1074)) - Starting Socket Reader #1 for port 37367
2019-09-19 14:32:27,843 [JUnit] INFO  hdfs.DFSUtil (DFSUtil.java:httpServerTemplateForNNAndJN(1641)) - Starting Web-server for scm at: http://0.0.0.0:0
2019-09-19 14:32:28,003 [JUnit] INFO  server.AuthenticationFilter (AuthenticationFilter.java:constructSecretProvider(240)) - Unable to initialize FileSignerSecretProvider, falling back to use random secrets.
2019-09-19 14:32:28,019 [JUnit] WARN  http.HttpRequestLog (HttpRequestLog.java:getRequestLog(97)) - Jetty request log can only be enabled using Log4j
2019-09-19 14:32:28,030 [JUnit] INFO  http.HttpServer2 (HttpServer2.java:addGlobalFilter(975)) - Added global filter 'safety' (class=org.apache.hadoop.http.HttpServer2$QuotingInputFilter)
2019-09-19 14:32:28,032 [JUnit] INFO  http.HttpServer2 (HttpServer2.java:addFilter(948)) - Added filter static_user_filter (class=org.apache.hadoop.http.lib.StaticUserWebFilter$StaticUserFilter) to context scm
2019-09-19 14:32:28,032 [JUnit] INFO  http.HttpServer2 (HttpServer2.java:addFilter(958)) - Added filter static_user_filter (class=org.apache.hadoop.http.lib.StaticUserWebFilter$StaticUserFilter) to context static
2019-09-19 14:32:28,032 [JUnit] INFO  http.HttpServer2 (HttpServer2.java:addFilter(958)) - Added filter static_user_filter (class=org.apache.hadoop.http.lib.StaticUserWebFilter$StaticUserFilter) to context logs
2019-09-19 14:32:28,057 [JUnit] INFO  server.StorageContainerManager (StorageContainerManager.java:start(759)) - StorageContainerLocationProtocol RPC server is listening at /0.0.0.0:37367
2019-09-19 14:32:28,108 [JUnit] WARN  impl.MetricsConfig (MetricsConfig.java:loadFirst(134)) - Cannot locate configuration: tried hadoop-metrics2-storagecontainermanager.properties,hadoop-metrics2.properties
2019-09-19 14:32:28,120 [JUnit] INFO  impl.MetricsSystemImpl (MetricsSystemImpl.java:startTimer(374)) - Scheduled Metric snapshot period at 10 second(s).
2019-09-19 14:32:28,120 [JUnit] INFO  impl.MetricsSystemImpl (MetricsSystemImpl.java:start(191)) - StorageContainerManager metrics system started
2019-09-19 14:32:28,340 [JUnit] INFO  server.SCMClientProtocolServer (SCMClientProtocolServer.java:start(151)) - RPC server for Client  is listening at /0.0.0.0:37367
2019-09-19 14:32:28,341 [IPC Server Responder] INFO  ipc.Server (Server.java:run(1314)) - IPC Server Responder: starting
2019-09-19 14:32:28,341 [IPC Server listener on 37367] INFO  ipc.Server (Server.java:run(1153)) - IPC Server listener on 37367: starting
2019-09-19 14:32:28,344 [JUnit] INFO  server.StorageContainerManager (StorageContainerManager.java:start(769)) - ScmBlockLocationProtocol RPC server is listening at /0.0.0.0:45241
2019-09-19 14:32:28,344 [JUnit] INFO  server.SCMBlockProtocolServer (SCMBlockProtocolServer.java:start(140)) - RPC server for Block Protocol is listening at /0.0.0.0:45241
2019-09-19 14:32:28,344 [IPC Server Responder] INFO  ipc.Server (Server.java:run(1314)) - IPC Server Responder: starting
2019-09-19 14:32:28,345 [IPC Server listener on 45241] INFO  ipc.Server (Server.java:run(1153)) - IPC Server listener on 45241: starting
2019-09-19 14:32:28,347 [JUnit] INFO  server.StorageContainerManager (StorageContainerManager.java:start(773)) - ScmDatanodeProtocl RPC server is listening at /0.0.0.0:35178
2019-09-19 14:32:28,347 [JUnit] INFO  server.SCMDatanodeProtocolServer (SCMDatanodeProtocolServer.java:start(191)) - RPC server for DataNodes is listening at /0.0.0.0:35178
2019-09-19 14:32:28,348 [IPC Server Responder] INFO  ipc.Server (Server.java:run(1314)) - IPC Server Responder: starting
2019-09-19 14:32:28,348 [IPC Server listener on 35178] INFO  ipc.Server (Server.java:run(1153)) - IPC Server listener on 35178: starting
2019-09-19 14:32:28,352 [JUnit] INFO  http.HttpServer2 (HttpServer2.java:bindListener(1191)) - Jetty bound to port 45842
2019-09-19 14:32:28,354 [JUnit] INFO  server.Server (Server.java:doStart(351)) - jetty-9.3.24.v20180605, build timestamp: 2018-06-05T17:11:56Z, git hash: 84205aa28f11a4f31f2a3b86d1bba2cc8ab69827
2019-09-19 14:32:28,392 [JUnit] INFO  handler.ContextHandler (ContextHandler.java:doStart(781)) - Started o.e.j.s.ServletContextHandler@57fd91c9{/logs,file:///workdir/hadoop-ozone/ozonefs/target/log,AVAILABLE}
2019-09-19 14:32:28,393 [JUnit] INFO  handler.ContextHandler (ContextHandler.java:doStart(781)) - Started o.e.j.s.ServletContextHandler@5c8eee0f{/static,jar:file:/home/user/.m2/repository/org/apache/hadoop/hadoop-hdds-server-scm/0.5.0-SNAPSHOT/hadoop-hdds-server-scm-0.5.0-SNAPSHOT.jar!/webapps/static,AVAILABLE}
2019-09-19 14:32:28,469 [JUnit] INFO  handler.ContextHandler (ContextHandler.java:doStart(781)) - Started o.e.j.w.WebAppContext@3e2fc448{/,file:///tmp/jetty-0.0.0.0-45842-scm-_-any-3529212727212370353.dir/webapp/,AVAILABLE}{/scm}
2019-09-19 14:32:28,475 [JUnit] INFO  server.AbstractConnector (AbstractConnector.java:doStart(278)) - Started ServerConnector@2d0566ba{HTTP/1.1,[http/1.1]}{0.0.0.0:45842}
2019-09-19 14:32:28,475 [JUnit] INFO  server.Server (Server.java:doStart(419)) - Started @3548ms
2019-09-19 14:32:28,476 [JUnit] INFO  server.BaseHttpServer (BaseHttpServer.java:updateConnectorAddress(213)) - HTTP server of SCM is listening at http://0.0.0.0:45842
2019-09-19 14:32:28,482 [org.apache.hadoop.util.JvmPauseMonitor$Monitor@29d2d081] INFO  util.JvmPauseMonitor (JvmPauseMonitor.java:run(188)) - Starting JVM pause monitor
2019-09-19 14:32:28,485 [JUnit] WARN  server.ServerUtils (ServerUtils.java:getDBPath(222)) - ozone.om.db.dirs is not configured. We recommend adding this setting. Falling back to ozone.metadata.dirs instead.
2019-09-19 14:32:28,606 [JUnit] WARN  server.ServerUtils (ServerUtils.java:getDBPath(222)) - ozone.om.db.dirs is not configured. We recommend adding this setting. Falling back to ozone.metadata.dirs instead.
2019-09-19 14:32:28,607 [JUnit] WARN  server.ServerUtils (ServerUtils.java:getDBPath(222)) - ozone.om.db.dirs is not configured. We recommend adding this setting. Falling back to ozone.metadata.dirs instead.
2019-09-19 14:32:28,608 [JUnit] INFO  om.OzoneManager (OzoneManager.java:setOMNodeDetails(645)) - OM Service ID is not set. Setting it to the default ID: omServiceIdDefault
2019-09-19 14:32:28,608 [JUnit] INFO  om.OzoneManager (OzoneManager.java:setOMNodeDetails(651)) - OM Node ID is not set. Setting it to the OmStorage's OmID: f2bd3e2b-7377-4ef4-9ae2-50ad1b64c7af
2019-09-19 14:32:28,609 [JUnit] INFO  om.OzoneManager (OzoneManager.java:loadOMHAConfigs(602)) - Found matching OM address with OMServiceId: null, OMNodeId: null, RPC Address: localhost:0 and Ratis port: 9872
2019-09-19 14:32:28,895 | INFO  | SCMAudit | user=jenkins1000 | ip=192.168.5.132 | op=GET_SCM_INFO null | ret=SUCCESS |  
2019-09-19 14:32:29,417 [JUnit] WARN  server.ServerUtils (ServerUtils.java:getDBPath(222)) - ozone.om.db.dirs is not configured. We recommend adding this setting. Falling back to ozone.metadata.dirs instead.
2019-09-19 14:32:29,427 [JUnit] INFO  db.DBStoreBuilder (DBStoreBuilder.java:addTable(110)) - using custom profile for table: userTable
2019-09-19 14:32:29,428 [JUnit] INFO  db.DBStoreBuilder (DBStoreBuilder.java:processTables(161)) - Using default column profile:DBProfile.DISK for Table:userTable
2019-09-19 14:32:29,428 [JUnit] INFO  db.DBStoreBuilder (DBStoreBuilder.java:addTable(110)) - using custom profile for table: volumeTable
2019-09-19 14:32:29,428 [JUnit] INFO  db.DBStoreBuilder (DBStoreBuilder.java:processTables(161)) - Using default column profile:DBProfile.DISK for Table:volumeTable
2019-09-19 14:32:29,429 [JUnit] INFO  db.DBStoreBuilder (DBStoreBuilder.java:addTable(110)) - using custom profile for table: bucketTable
2019-09-19 14:32:29,429 [JUnit] INFO  db.DBStoreBuilder (DBStoreBuilder.java:processTables(161)) - Using default column profile:DBProfile.DISK for Table:bucketTable
2019-09-19 14:32:29,430 [JUnit] INFO  db.DBStoreBuilder (DBStoreBuilder.java:addTable(110)) - using custom profile for table: keyTable
2019-09-19 14:32:29,430 [JUnit] INFO  db.DBStoreBuilder (DBStoreBuilder.java:processTables(161)) - Using default column profile:DBProfile.DISK for Table:keyTable
2019-09-19 14:32:29,431 [JUnit] INFO  db.DBStoreBuilder (DBStoreBuilder.java:addTable(110)) - using custom profile for table: deletedTable
2019-09-19 14:32:29,431 [JUnit] INFO  db.DBStoreBuilder (DBStoreBuilder.java:processTables(161)) - Using default column profile:DBProfile.DISK for Table:deletedTable
2019-09-19 14:32:29,431 [JUnit] INFO  db.DBStoreBuilder (DBStoreBuilder.java:addTable(110)) - using custom profile for table: openKeyTable
2019-09-19 14:32:29,432 [JUnit] INFO  db.DBStoreBuilder (DBStoreBuilder.java:processTables(161)) - Using default column profile:DBProfile.DISK for Table:openKeyTable
2019-09-19 14:32:29,432 [JUnit] INFO  db.DBStoreBuilder (DBStoreBuilder.java:addTable(110)) - using custom profile for table: s3Table
2019-09-19 14:32:29,433 [JUnit] INFO  db.DBStoreBuilder (DBStoreBuilder.java:processTables(161)) - Using default column profile:DBProfile.DISK for Table:s3Table
2019-09-19 14:32:29,433 [JUnit] INFO  db.DBStoreBuilder (DBStoreBuilder.java:addTable(110)) - using custom profile for table: multipartInfoTable
2019-09-19 14:32:29,433 [JUnit] INFO  db.DBStoreBuilder (DBStoreBuilder.java:processTables(161)) - Using default column profile:DBProfile.DISK for Table:multipartInfoTable
2019-09-19 14:32:29,434 [JUnit] INFO  db.DBStoreBuilder (DBStoreBuilder.java:addTable(110)) - using custom profile for table: dTokenTable
2019-09-19 14:32:29,434 [JUnit] INFO  db.DBStoreBuilder (DBStoreBuilder.java:processTables(161)) - Using default column profile:DBProfile.DISK for Table:dTokenTable
2019-09-19 14:32:29,435 [JUnit] INFO  db.DBStoreBuilder (DBStoreBuilder.java:addTable(110)) - using custom profile for table: s3SecretTable
2019-09-19 14:32:29,435 [JUnit] INFO  db.DBStoreBuilder (DBStoreBuilder.java:processTables(161)) - Using default column profile:DBProfile.DISK for Table:s3SecretTable
2019-09-19 14:32:29,436 [JUnit] INFO  db.DBStoreBuilder (DBStoreBuilder.java:addTable(110)) - using custom profile for table: prefixTable
2019-09-19 14:32:29,436 [JUnit] INFO  db.DBStoreBuilder (DBStoreBuilder.java:processTables(161)) - Using default column profile:DBProfile.DISK for Table:prefixTable
2019-09-19 14:32:29,437 [JUnit] INFO  db.DBStoreBuilder (DBStoreBuilder.java:addTable(110)) - using custom profile for table: default
2019-09-19 14:32:29,437 [JUnit] INFO  db.DBStoreBuilder (DBStoreBuilder.java:processTables(167)) - Using default column profile:DBProfile.DISK for Table:default
2019-09-19 14:32:29,437 [JUnit] INFO  db.DBStoreBuilder (DBStoreBuilder.java:getDbProfile(198)) - Using default options. DBProfile.DISK
2019-09-19 14:32:30,728 [JUnit] INFO  ipc.CallQueueManager (CallQueueManager.java:<init>(84)) - Using callQueue: class java.util.concurrent.LinkedBlockingQueue, queueCapacity: 2000, scheduler: class org.apache.hadoop.ipc.DefaultRpcScheduler, ipcBackoff: false.
2019-09-19 14:32:30,730 [Socket Reader #1 for port 42010] INFO  ipc.Server (Server.java:run(1074)) - Starting Socket Reader #1 for port 42010
2019-09-19 14:32:30,767 [JUnit] INFO  om.OzoneManager (OzoneManager.java:start(1256)) - OzoneManager RPC server is listening at localhost/127.0.0.1:42010
2019-09-19 14:32:30,767 [JUnit] INFO  impl.MetricsSystemImpl (MetricsSystemImpl.java:init(158)) - OzoneManager metrics system started (again)
2019-09-19 14:32:30,769 [IPC Server Responder] INFO  ipc.Server (Server.java:run(1314)) - IPC Server Responder: starting
2019-09-19 14:32:30,769 [IPC Server listener on 42010] INFO  ipc.Server (Server.java:run(1153)) - IPC Server listener on 42010: starting
2019-09-19 14:32:30,775 [JUnit] INFO  hdfs.DFSUtil (DFSUtil.java:httpServerTemplateForNNAndJN(1641)) - Starting Web-server for ozoneManager at: http://0.0.0.0:0
2019-09-19 14:32:30,778 [JUnit] INFO  server.AuthenticationFilter (AuthenticationFilter.java:constructSecretProvider(240)) - Unable to initialize FileSignerSecretProvider, falling back to use random secrets.
2019-09-19 14:32:30,779 [JUnit] WARN  http.HttpRequestLog (HttpRequestLog.java:getRequestLog(97)) - Jetty request log can only be enabled using Log4j
2019-09-19 14:32:30,783 [JUnit] INFO  http.HttpServer2 (HttpServer2.java:addGlobalFilter(975)) - Added global filter 'safety' (class=org.apache.hadoop.http.HttpServer2$QuotingInputFilter)
2019-09-19 14:32:30,784 [JUnit] INFO  http.HttpServer2 (HttpServer2.java:addFilter(948)) - Added filter static_user_filter (class=org.apache.hadoop.http.lib.StaticUserWebFilter$StaticUserFilter) to context ozoneManager
2019-09-19 14:32:30,784 [JUnit] INFO  http.HttpServer2 (HttpServer2.java:addFilter(958)) - Added filter static_user_filter (class=org.apache.hadoop.http.lib.StaticUserWebFilter$StaticUserFilter) to context logs
2019-09-19 14:32:30,785 [JUnit] INFO  http.HttpServer2 (HttpServer2.java:addFilter(958)) - Added filter static_user_filter (class=org.apache.hadoop.http.lib.StaticUserWebFilter$StaticUserFilter) to context static
2019-09-19 14:32:30,788 [JUnit] INFO  http.HttpServer2 (HttpServer2.java:bindListener(1191)) - Jetty bound to port 44540
2019-09-19 14:32:30,788 [JUnit] INFO  server.Server (Server.java:doStart(351)) - jetty-9.3.24.v20180605, build timestamp: 2018-06-05T17:11:56Z, git hash: 84205aa28f11a4f31f2a3b86d1bba2cc8ab69827
2019-09-19 14:32:30,790 [JUnit] INFO  handler.ContextHandler (ContextHandler.java:doStart(781)) - Started o.e.j.s.ServletContextHandler@6ed06f69{/logs,file:///workdir/hadoop-ozone/ozonefs/target/log,AVAILABLE}
2019-09-19 14:32:30,791 [JUnit] INFO  handler.ContextHandler (ContextHandler.java:doStart(781)) - Started o.e.j.s.ServletContextHandler@515ebef3{/static,jar:file:/home/user/.m2/repository/org/apache/hadoop/hadoop-ozone-ozone-manager/0.5.0-SNAPSHOT/hadoop-ozone-ozone-manager-0.5.0-SNAPSHOT.jar!/webapps/static,AVAILABLE}
2019-09-19 14:32:30,849 [JUnit] INFO  handler.ContextHandler (ContextHandler.java:doStart(781)) - Started o.e.j.w.WebAppContext@7abe27bf{/,file:///tmp/jetty-0.0.0.0-44540-ozoneManager-_-any-383513376230640950.dir/webapp/,AVAILABLE}{/ozoneManager}
2019-09-19 14:32:30,851 [JUnit] INFO  server.AbstractConnector (AbstractConnector.java:doStart(278)) - Started ServerConnector@5b94ccbc{HTTP/1.1,[http/1.1]}{0.0.0.0:44540}
2019-09-19 14:32:30,852 [JUnit] INFO  server.Server (Server.java:doStart(419)) - Started @5924ms
2019-09-19 14:32:30,853 [JUnit] INFO  server.BaseHttpServer (BaseHttpServer.java:updateConnectorAddress(213)) - HTTP server of OZONEMANAGER is listening at http://0.0.0.0:44540
2019-09-19 14:32:31,062 [JUnit] INFO  impl.MetricsSystemImpl (MetricsSystemImpl.java:init(158)) - HddsDatanode metrics system started (again)
2019-09-19 14:32:31,143 [JUnit] INFO  ozone.HddsDatanodeService (HddsDatanodeService.java:start(184)) - HddsDatanodeService host:pr-hdds-1569-rzdr8-3403194166 ip:192.168.5.132
2019-09-19 14:32:31,181 [JUnit] INFO  volume.HddsVolume (HddsVolume.java:<init>(176)) - Creating Volume: /workdir/hadoop-ozone/ozonefs/target/test-dir/MiniOzoneClusterImpl-7fd34b2e-4b5a-464b-80ea-73e41b6bd6cd/datanode-0/data/containers/hdds of  storage type : DISK and capacity : 1482555576320
2019-09-19 14:32:31,183 [JUnit] INFO  volume.VolumeSet (VolumeSet.java:initializeVolumeSet(170)) - Added Volume : /workdir/hadoop-ozone/ozonefs/target/test-dir/MiniOzoneClusterImpl-7fd34b2e-4b5a-464b-80ea-73e41b6bd6cd/datanode-0/data/containers/hdds to VolumeSet
2019-09-19 14:32:31,185 [JUnit] INFO  volume.ThrottledAsyncChecker (ThrottledAsyncChecker.java:schedule(140)) - Scheduling a check for org.apache.hadoop.ozone.container.common.volume.HddsVolume@72d0f2b4
2019-09-19 14:32:31,202 [JUnit] INFO  volume.HddsVolumeChecker (HddsVolumeChecker.java:checkAllVolumes(203)) - Scheduled health check for volume org.apache.hadoop.ozone.container.common.volume.HddsVolume@72d0f2b4
2019-09-19 14:32:31,326 [JUnit] INFO  impl.RaftServerProxy (ConfUtils.java:logGet(43)) - raft.rpc.type = GRPC (default)
2019-09-19 14:32:31,434 [JUnit] INFO  grpc.GrpcFactory (GrpcFactory.java:checkPooledByteBufAllocatorUseCacheForAllThreads(45)) - PERFORMANCE WARNING: useCacheForAllThreads is true that may cause Netty to create a lot garbage objects and, as a result, trigger GC.
	It is recommended to disable useCacheForAllThreads by setting -Dorg.apache.ratis.thirdparty.io.netty.allocator.useCacheForAllThreads=false in command line.
2019-09-19 14:32:31,439 [JUnit] INFO  grpc.GrpcConfigKeys$Server (ConfUtils.java:logGet(43)) - raft.grpc.server.port = 0 (default)
2019-09-19 14:32:31,441 [JUnit] INFO  server.GrpcService (ConfUtils.java:logGet(43)) - raft.grpc.message.size.max = 33570816 (custom)
2019-09-19 14:32:31,442 [JUnit] INFO  server.RaftServerConfigKeys (ConfUtils.java:logGet(43)) - raft.server.log.appender.buffer.byte-limit = 33554432 (custom)
2019-09-19 14:32:31,443 [JUnit] INFO  server.GrpcService (ConfUtils.java:logGet(43)) - raft.grpc.flow.control.window = 1MB (=1048576) (default)
2019-09-19 14:32:31,444 [JUnit] INFO  server.RaftServerConfigKeys (ConfUtils.java:logGet(43)) - raft.server.rpc.request.timeout = 3000ms (default)
2019-09-19 14:32:31,642 [JUnit] INFO  server.RaftServerConfigKeys (ConfUtils.java:logGet(43)) - raft.server.storage.dir = [/workdir/hadoop-ozone/ozonefs/target/test-dir/MiniOzoneClusterImpl-7fd34b2e-4b5a-464b-80ea-73e41b6bd6cd/datanode-0/data/ratis] (custom)
2019-09-19 14:32:31,752 [JUnit] INFO  replication.SimpleContainerDownloader (SimpleContainerDownloader.java:<init>(72)) - Starting container downloader service to copy containers to replicate.
2019-09-19 14:32:31,771 [JUnit] INFO  hdfs.DFSUtil (DFSUtil.java:httpServerTemplateForNNAndJN(1641)) - Starting Web-server for hddsDatanode at: http://0.0.0.0:0
2019-09-19 14:32:31,775 [JUnit] INFO  server.AuthenticationFilter (AuthenticationFilter.java:constructSecretProvider(240)) - Unable to initialize FileSignerSecretProvider, falling back to use random secrets.
2019-09-19 14:32:31,776 [JUnit] WARN  http.HttpRequestLog (HttpRequestLog.java:getRequestLog(97)) - Jetty request log can only be enabled using Log4j
2019-09-19 14:32:31,780 [JUnit] INFO  http.HttpServer2 (HttpServer2.java:addGlobalFilter(975)) - Added global filter 'safety' (class=org.apache.hadoop.http.HttpServer2$QuotingInputFilter)
2019-09-19 14:32:31,782 [JUnit] INFO  http.HttpServer2 (HttpServer2.java:addFilter(948)) - Added filter static_user_filter (class=org.apache.hadoop.http.lib.StaticUserWebFilter$StaticUserFilter) to context hddsDatanode
2019-09-19 14:32:31,782 [JUnit] INFO  http.HttpServer2 (HttpServer2.java:addFilter(958)) - Added filter static_user_filter (class=org.apache.hadoop.http.lib.StaticUserWebFilter$StaticUserFilter) to context static
2019-09-19 14:32:31,782 [JUnit] INFO  http.HttpServer2 (HttpServer2.java:addFilter(958)) - Added filter static_user_filter (class=org.apache.hadoop.http.lib.StaticUserWebFilter$StaticUserFilter) to context logs
2019-09-19 14:32:31,784 [JUnit] INFO  http.HttpServer2 (HttpServer2.java:bindListener(1191)) - Jetty bound to port 38931
2019-09-19 14:32:31,784 [JUnit] INFO  server.Server (Server.java:doStart(351)) - jetty-9.3.24.v20180605, build timestamp: 2018-06-05T17:11:56Z, git hash: 84205aa28f11a4f31f2a3b86d1bba2cc8ab69827
2019-09-19 14:32:31,787 [JUnit] INFO  handler.ContextHandler (ContextHandler.java:doStart(781)) - Started o.e.j.s.ServletContextHandler@7a81065e{/logs,file:///workdir/hadoop-ozone/ozonefs/target/log,AVAILABLE}
2019-09-19 14:32:31,788 [JUnit] INFO  handler.ContextHandler (ContextHandler.java:doStart(781)) - Started o.e.j.s.ServletContextHandler@75181b50{/static,jar:file:/home/user/.m2/repository/org/apache/hadoop/hadoop-hdds-container-service/0.5.0-SNAPSHOT/hadoop-hdds-container-service-0.5.0-SNAPSHOT.jar!/webapps/static,AVAILABLE}
2019-09-19 14:32:31,826 [JUnit] INFO  handler.ContextHandler (ContextHandler.java:doStart(781)) - Started o.e.j.w.WebAppContext@663bb8ef{/,file:///tmp/jetty-0.0.0.0-38931-hddsDatanode-_-any-3495611301467098308.dir/webapp/,AVAILABLE}{/hddsDatanode}
2019-09-19 14:32:31,827 [JUnit] INFO  server.AbstractConnector (AbstractConnector.java:doStart(278)) - Started ServerConnector@2f4e40d7{HTTP/1.1,[http/1.1]}{0.0.0.0:38931}
2019-09-19 14:32:31,828 [JUnit] INFO  server.Server (Server.java:doStart(419)) - Started @6901ms
2019-09-19 14:32:31,830 [JUnit] INFO  server.BaseHttpServer (BaseHttpServer.java:updateConnectorAddress(213)) - HTTP server of HDDSDATANODE is listening at http://0.0.0.0:38931
2019-09-19 14:32:32,975 | INFO  | ObjectStoreRestHttpServer | Listening HDDS REST traffic on /0.0.0.0:45088 |  
2019-09-19 14:32:32,977 [JUnit] INFO  ozone.HddsDatanodeService (HddsDatanodeService.java:startPlugins(395)) - Started plug-in org.apache.hadoop.ozone.web.OzoneHddsDatanodeService@480cbe2e
2019-09-19 14:32:32,978 [JUnit] INFO  impl.MetricsSystemImpl (MetricsSystemImpl.java:init(158)) - HddsDatanode metrics system started (again)
2019-09-19 14:32:32,982 [JUnit] INFO  ozone.HddsDatanodeService (HddsDatanodeService.java:start(184)) - HddsDatanodeService host:pr-hdds-1569-rzdr8-3403194166 ip:192.168.5.132
2019-09-19 14:32:32,984 [org.apache.hadoop.util.JvmPauseMonitor$Monitor@31ce72e7] INFO  util.JvmPauseMonitor (JvmPauseMonitor.java:run(188)) - Starting JVM pause monitor
2019-09-19 14:32:32,992 [JUnit] INFO  volume.HddsVolume (HddsVolume.java:<init>(176)) - Creating Volume: /workdir/hadoop-ozone/ozonefs/target/test-dir/MiniOzoneClusterImpl-7fd34b2e-4b5a-464b-80ea-73e41b6bd6cd/datanode-1/data/containers/hdds of  storage type : DISK and capacity : 1482555576320
2019-09-19 14:32:32,993 [JUnit] INFO  volume.VolumeSet (VolumeSet.java:initializeVolumeSet(170)) - Added Volume : /workdir/hadoop-ozone/ozonefs/target/test-dir/MiniOzoneClusterImpl-7fd34b2e-4b5a-464b-80ea-73e41b6bd6cd/datanode-1/data/containers/hdds to VolumeSet
2019-09-19 14:32:32,994 [JUnit] INFO  volume.ThrottledAsyncChecker (ThrottledAsyncChecker.java:schedule(140)) - Scheduling a check for org.apache.hadoop.ozone.container.common.volume.HddsVolume@20cdb152
2019-09-19 14:32:32,994 [JUnit] INFO  volume.HddsVolumeChecker (HddsVolumeChecker.java:checkAllVolumes(203)) - Scheduled health check for volume org.apache.hadoop.ozone.container.common.volume.HddsVolume@20cdb152
2019-09-19 14:32:33,019 [JUnit] INFO  impl.RaftServerProxy (ConfUtils.java:logGet(43)) - raft.rpc.type = GRPC (default)
2019-09-19 14:32:33,019 [JUnit] INFO  grpc.GrpcFactory (GrpcFactory.java:checkPooledByteBufAllocatorUseCacheForAllThreads(45)) - PERFORMANCE WARNING: useCacheForAllThreads is true that may cause Netty to create a lot garbage objects and, as a result, trigger GC.
	It is recommended to disable useCacheForAllThreads by setting -Dorg.apache.ratis.thirdparty.io.netty.allocator.useCacheForAllThreads=false in command line.
2019-09-19 14:32:33,020 [JUnit] INFO  grpc.GrpcConfigKeys$Server (ConfUtils.java:logGet(43)) - raft.grpc.server.port = 0 (default)
2019-09-19 14:32:33,020 [JUnit] INFO  server.GrpcService (ConfUtils.java:logGet(43)) - raft.grpc.message.size.max = 33570816 (custom)
2019-09-19 14:32:33,020 [JUnit] INFO  server.RaftServerConfigKeys (ConfUtils.java:logGet(43)) - raft.server.log.appender.buffer.byte-limit = 33554432 (custom)
2019-09-19 14:32:33,020 [JUnit] INFO  server.GrpcService (ConfUtils.java:logGet(43)) - raft.grpc.flow.control.window = 1MB (=1048576) (default)
2019-09-19 14:32:33,021 [JUnit] INFO  server.RaftServerConfigKeys (ConfUtils.java:logGet(43)) - raft.server.rpc.request.timeout = 3000ms (default)
2019-09-19 14:32:33,021 [JUnit] INFO  server.RaftServerConfigKeys (ConfUtils.java:logGet(43)) - raft.server.storage.dir = [/workdir/hadoop-ozone/ozonefs/target/test-dir/MiniOzoneClusterImpl-7fd34b2e-4b5a-464b-80ea-73e41b6bd6cd/datanode-1/data/ratis] (custom)
2019-09-19 14:32:33,022 [JUnit] INFO  replication.SimpleContainerDownloader (SimpleContainerDownloader.java:<init>(72)) - Starting container downloader service to copy containers to replicate.
2019-09-19 14:32:33,023 [JUnit] INFO  hdfs.DFSUtil (DFSUtil.java:httpServerTemplateForNNAndJN(1641)) - Starting Web-server for hddsDatanode at: http://0.0.0.0:0
2019-09-19 14:32:33,025 [JUnit] INFO  server.AuthenticationFilter (AuthenticationFilter.java:constructSecretProvider(240)) - Unable to initialize FileSignerSecretProvider, falling back to use random secrets.
2019-09-19 14:32:33,026 [JUnit] WARN  http.HttpRequestLog (HttpRequestLog.java:getRequestLog(97)) - Jetty request log can only be enabled using Log4j
2019-09-19 14:32:33,028 [JUnit] INFO  http.HttpServer2 (HttpServer2.java:addGlobalFilter(975)) - Added global filter 'safety' (class=org.apache.hadoop.http.HttpServer2$QuotingInputFilter)
2019-09-19 14:32:33,029 [JUnit] INFO  http.HttpServer2 (HttpServer2.java:addFilter(948)) - Added filter static_user_filter (class=org.apache.hadoop.http.lib.StaticUserWebFilter$StaticUserFilter) to context hddsDatanode
2019-09-19 14:32:33,029 [JUnit] INFO  http.HttpServer2 (HttpServer2.java:addFilter(958)) - Added filter static_user_filter (class=org.apache.hadoop.http.lib.StaticUserWebFilter$StaticUserFilter) to context logs
2019-09-19 14:32:33,030 [JUnit] INFO  http.HttpServer2 (HttpServer2.java:addFilter(958)) - Added filter static_user_filter (class=org.apache.hadoop.http.lib.StaticUserWebFilter$StaticUserFilter) to context static
2019-09-19 14:32:33,030 [JUnit] INFO  http.HttpServer2 (HttpServer2.java:bindListener(1191)) - Jetty bound to port 38234
2019-09-19 14:32:33,031 [JUnit] INFO  server.Server (Server.java:doStart(351)) - jetty-9.3.24.v20180605, build timestamp: 2018-06-05T17:11:56Z, git hash: 84205aa28f11a4f31f2a3b86d1bba2cc8ab69827
2019-09-19 14:32:33,035 [JUnit] INFO  handler.ContextHandler (ContextHandler.java:doStart(781)) - Started o.e.j.s.ServletContextHandler@58278366{/logs,file:///workdir/hadoop-ozone/ozonefs/target/log,AVAILABLE}
2019-09-19 14:32:33,035 [JUnit] INFO  handler.ContextHandler (ContextHandler.java:doStart(781)) - Started o.e.j.s.ServletContextHandler@707865bd{/static,jar:file:/home/user/.m2/repository/org/apache/hadoop/hadoop-hdds-container-service/0.5.0-SNAPSHOT/hadoop-hdds-container-service-0.5.0-SNAPSHOT.jar!/webapps/static,AVAILABLE}
2019-09-19 14:32:33,064 [JUnit] INFO  handler.ContextHandler (ContextHandler.java:doStart(781)) - Started o.e.j.w.WebAppContext@5efe47fd{/,file:///tmp/jetty-0.0.0.0-38234-hddsDatanode-_-any-8570370577000044959.dir/webapp/,AVAILABLE}{/hddsDatanode}
2019-09-19 14:32:33,065 [JUnit] INFO  server.AbstractConnector (AbstractConnector.java:doStart(278)) - Started ServerConnector@739831a4{HTTP/1.1,[http/1.1]}{0.0.0.0:38234}
2019-09-19 14:32:33,066 [JUnit] INFO  server.Server (Server.java:doStart(419)) - Started @8138ms
2019-09-19 14:32:33,067 [JUnit] INFO  server.BaseHttpServer (BaseHttpServer.java:updateConnectorAddress(213)) - HTTP server of HDDSDATANODE is listening at http://0.0.0.0:38234
2019-09-19 14:32:33,116 [Datanode State Machine Thread - 0] INFO  datanode.InitDatanodeState (InitDatanodeState.java:persistContainerDatanodeDetails(140)) - DatanodeDetails is persisted to /workdir/hadoop-ozone/ozonefs/target/test-dir/MiniOzoneClusterImpl-7fd34b2e-4b5a-464b-80ea-73e41b6bd6cd/datanode-0/meta/datanode.id
2019-09-19 14:32:33,248 | INFO  | ObjectStoreRestHttpServer | Listening HDDS REST traffic on /0.0.0.0:37608 |  
2019-09-19 14:32:33,248 [JUnit] INFO  ozone.HddsDatanodeService (HddsDatanodeService.java:startPlugins(395)) - Started plug-in org.apache.hadoop.ozone.web.OzoneHddsDatanodeService@a2b54e3
2019-09-19 14:32:33,249 [JUnit] INFO  impl.MetricsSystemImpl (MetricsSystemImpl.java:init(158)) - HddsDatanode metrics system started (again)
2019-09-19 14:32:33,252 [org.apache.hadoop.util.JvmPauseMonitor$Monitor@4165686e] INFO  util.JvmPauseMonitor (JvmPauseMonitor.java:run(188)) - Starting JVM pause monitor
2019-09-19 14:32:33,252 [JUnit] INFO  ozone.HddsDatanodeService (HddsDatanodeService.java:start(184)) - HddsDatanodeService host:pr-hdds-1569-rzdr8-3403194166 ip:192.168.5.132
2019-09-19 14:32:33,257 [Datanode State Machine Thread - 0] INFO  datanode.InitDatanodeState (InitDatanodeState.java:persistContainerDatanodeDetails(140)) - DatanodeDetails is persisted to /workdir/hadoop-ozone/ozonefs/target/test-dir/MiniOzoneClusterImpl-7fd34b2e-4b5a-464b-80ea-73e41b6bd6cd/datanode-1/meta/datanode.id
2019-09-19 14:32:33,262 [JUnit] INFO  volume.HddsVolume (HddsVolume.java:<init>(176)) - Creating Volume: /workdir/hadoop-ozone/ozonefs/target/test-dir/MiniOzoneClusterImpl-7fd34b2e-4b5a-464b-80ea-73e41b6bd6cd/datanode-2/data/containers/hdds of  storage type : DISK and capacity : 1482555576320
2019-09-19 14:32:33,262 [JUnit] INFO  volume.VolumeSet (VolumeSet.java:initializeVolumeSet(170)) - Added Volume : /workdir/hadoop-ozone/ozonefs/target/test-dir/MiniOzoneClusterImpl-7fd34b2e-4b5a-464b-80ea-73e41b6bd6cd/datanode-2/data/containers/hdds to VolumeSet
2019-09-19 14:32:33,263 [JUnit] INFO  volume.ThrottledAsyncChecker (ThrottledAsyncChecker.java:schedule(140)) - Scheduling a check for org.apache.hadoop.ozone.container.common.volume.HddsVolume@58b311ba
2019-09-19 14:32:33,263 [JUnit] INFO  volume.HddsVolumeChecker (HddsVolumeChecker.java:checkAllVolumes(203)) - Scheduled health check for volume org.apache.hadoop.ozone.container.common.volume.HddsVolume@58b311ba
2019-09-19 14:32:33,285 [JUnit] INFO  impl.RaftServerProxy (ConfUtils.java:logGet(43)) - raft.rpc.type = GRPC (default)
2019-09-19 14:32:33,285 [JUnit] INFO  grpc.GrpcFactory (GrpcFactory.java:checkPooledByteBufAllocatorUseCacheForAllThreads(45)) - PERFORMANCE WARNING: useCacheForAllThreads is true that may cause Netty to create a lot garbage objects and, as a result, trigger GC.
	It is recommended to disable useCacheForAllThreads by setting -Dorg.apache.ratis.thirdparty.io.netty.allocator.useCacheForAllThreads=false in command line.
2019-09-19 14:32:33,285 [JUnit] INFO  grpc.GrpcConfigKeys$Server (ConfUtils.java:logGet(43)) - raft.grpc.server.port = 0 (default)
2019-09-19 14:32:33,285 [JUnit] INFO  server.GrpcService (ConfUtils.java:logGet(43)) - raft.grpc.message.size.max = 33570816 (custom)
2019-09-19 14:32:33,286 [JUnit] INFO  server.RaftServerConfigKeys (ConfUtils.java:logGet(43)) - raft.server.log.appender.buffer.byte-limit = 33554432 (custom)
2019-09-19 14:32:33,286 [JUnit] INFO  server.GrpcService (ConfUtils.java:logGet(43)) - raft.grpc.flow.control.window = 1MB (=1048576) (default)
2019-09-19 14:32:33,286 [JUnit] INFO  server.RaftServerConfigKeys (ConfUtils.java:logGet(43)) - raft.server.rpc.request.timeout = 3000ms (default)
2019-09-19 14:32:33,287 [JUnit] INFO  server.RaftServerConfigKeys (ConfUtils.java:logGet(43)) - raft.server.storage.dir = [/workdir/hadoop-ozone/ozonefs/target/test-dir/MiniOzoneClusterImpl-7fd34b2e-4b5a-464b-80ea-73e41b6bd6cd/datanode-2/data/ratis] (custom)
2019-09-19 14:32:33,288 [JUnit] INFO  replication.SimpleContainerDownloader (SimpleContainerDownloader.java:<init>(72)) - Starting container downloader service to copy containers to replicate.
2019-09-19 14:32:33,289 [JUnit] INFO  hdfs.DFSUtil (DFSUtil.java:httpServerTemplateForNNAndJN(1641)) - Starting Web-server for hddsDatanode at: http://0.0.0.0:0
2019-09-19 14:32:33,291 [JUnit] INFO  server.AuthenticationFilter (AuthenticationFilter.java:constructSecretProvider(240)) - Unable to initialize FileSignerSecretProvider, falling back to use random secrets.
2019-09-19 14:32:33,292 [JUnit] WARN  http.HttpRequestLog (HttpRequestLog.java:getRequestLog(97)) - Jetty request log can only be enabled using Log4j
2019-09-19 14:32:33,294 [JUnit] INFO  http.HttpServer2 (HttpServer2.java:addGlobalFilter(975)) - Added global filter 'safety' (class=org.apache.hadoop.http.HttpServer2$QuotingInputFilter)
2019-09-19 14:32:33,295 [JUnit] INFO  http.HttpServer2 (HttpServer2.java:addFilter(948)) - Added filter static_user_filter (class=org.apache.hadoop.http.lib.StaticUserWebFilter$StaticUserFilter) to context hddsDatanode
2019-09-19 14:32:33,295 [JUnit] INFO  http.HttpServer2 (HttpServer2.java:addFilter(958)) - Added filter static_user_filter (class=org.apache.hadoop.http.lib.StaticUserWebFilter$StaticUserFilter) to context static
2019-09-19 14:32:33,296 [JUnit] INFO  http.HttpServer2 (HttpServer2.java:addFilter(958)) - Added filter static_user_filter (class=org.apache.hadoop.http.lib.StaticUserWebFilter$StaticUserFilter) to context logs
2019-09-19 14:32:33,296 [JUnit] INFO  http.HttpServer2 (HttpServer2.java:bindListener(1191)) - Jetty bound to port 38178
2019-09-19 14:32:33,297 [JUnit] INFO  server.Server (Server.java:doStart(351)) - jetty-9.3.24.v20180605, build timestamp: 2018-06-05T17:11:56Z, git hash: 84205aa28f11a4f31f2a3b86d1bba2cc8ab69827
2019-09-19 14:32:33,299 [JUnit] INFO  handler.ContextHandler (ContextHandler.java:doStart(781)) - Started o.e.j.s.ServletContextHandler@6986f93e{/logs,file:///workdir/hadoop-ozone/ozonefs/target/log,AVAILABLE}
2019-09-19 14:32:33,299 [JUnit] INFO  handler.ContextHandler (ContextHandler.java:doStart(781)) - Started o.e.j.s.ServletContextHandler@39266403{/static,jar:file:/home/user/.m2/repository/org/apache/hadoop/hadoop-hdds-container-service/0.5.0-SNAPSHOT/hadoop-hdds-container-service-0.5.0-SNAPSHOT.jar!/webapps/static,AVAILABLE}
2019-09-19 14:32:33,330 [JUnit] INFO  handler.ContextHandler (ContextHandler.java:doStart(781)) - Started o.e.j.w.WebAppContext@7ec08115{/,file:///tmp/jetty-0.0.0.0-38178-hddsDatanode-_-any-6650203928886836758.dir/webapp/,AVAILABLE}{/hddsDatanode}
2019-09-19 14:32:33,332 [JUnit] INFO  server.AbstractConnector (AbstractConnector.java:doStart(278)) - Started ServerConnector@53dd42d6{HTTP/1.1,[http/1.1]}{0.0.0.0:38178}
2019-09-19 14:32:33,332 [JUnit] INFO  server.Server (Server.java:doStart(419)) - Started @8405ms
2019-09-19 14:32:33,333 [JUnit] INFO  server.BaseHttpServer (BaseHttpServer.java:updateConnectorAddress(213)) - HTTP server of HDDSDATANODE is listening at http://0.0.0.0:38178
2019-09-19 14:32:33,487 | INFO  | ObjectStoreRestHttpServer | Listening HDDS REST traffic on /0.0.0.0:37788 |  
2019-09-19 14:32:33,487 [JUnit] INFO  ozone.HddsDatanodeService (HddsDatanodeService.java:startPlugins(395)) - Started plug-in org.apache.hadoop.ozone.web.OzoneHddsDatanodeService@7994a0d1
2019-09-19 14:32:33,488 [JUnit] INFO  impl.MetricsSystemImpl (MetricsSystemImpl.java:init(158)) - HddsDatanode metrics system started (again)
2019-09-19 14:32:33,491 [JUnit] INFO  ozone.HddsDatanodeService (HddsDatanodeService.java:start(184)) - HddsDatanodeService host:pr-hdds-1569-rzdr8-3403194166 ip:192.168.5.132
2019-09-19 14:32:33,491 [org.apache.hadoop.util.JvmPauseMonitor$Monitor@5c5aafde] INFO  util.JvmPauseMonitor (JvmPauseMonitor.java:run(188)) - Starting JVM pause monitor
2019-09-19 14:32:33,494 [Datanode State Machine Thread - 0] INFO  datanode.InitDatanodeState (InitDatanodeState.java:persistContainerDatanodeDetails(140)) - DatanodeDetails is persisted to /workdir/hadoop-ozone/ozonefs/target/test-dir/MiniOzoneClusterImpl-7fd34b2e-4b5a-464b-80ea-73e41b6bd6cd/datanode-2/meta/datanode.id
2019-09-19 14:32:33,499 [JUnit] INFO  volume.HddsVolume (HddsVolume.java:<init>(176)) - Creating Volume: /workdir/hadoop-ozone/ozonefs/target/test-dir/MiniOzoneClusterImpl-7fd34b2e-4b5a-464b-80ea-73e41b6bd6cd/datanode-3/data/containers/hdds of  storage type : DISK and capacity : 1482555576320
2019-09-19 14:32:33,499 [JUnit] INFO  volume.VolumeSet (VolumeSet.java:initializeVolumeSet(170)) - Added Volume : /workdir/hadoop-ozone/ozonefs/target/test-dir/MiniOzoneClusterImpl-7fd34b2e-4b5a-464b-80ea-73e41b6bd6cd/datanode-3/data/containers/hdds to VolumeSet
2019-09-19 14:32:33,499 [JUnit] INFO  volume.ThrottledAsyncChecker (ThrottledAsyncChecker.java:schedule(140)) - Scheduling a check for org.apache.hadoop.ozone.container.common.volume.HddsVolume@19662208
2019-09-19 14:32:33,500 [JUnit] INFO  volume.HddsVolumeChecker (HddsVolumeChecker.java:checkAllVolumes(203)) - Scheduled health check for volume org.apache.hadoop.ozone.container.common.volume.HddsVolume@19662208
2019-09-19 14:32:33,520 [JUnit] INFO  impl.RaftServerProxy (ConfUtils.java:logGet(43)) - raft.rpc.type = GRPC (default)
2019-09-19 14:32:33,520 [JUnit] INFO  grpc.GrpcFactory (GrpcFactory.java:checkPooledByteBufAllocatorUseCacheForAllThreads(45)) - PERFORMANCE WARNING: useCacheForAllThreads is true that may cause Netty to create a lot garbage objects and, as a result, trigger GC.
	It is recommended to disable useCacheForAllThreads by setting -Dorg.apache.ratis.thirdparty.io.netty.allocator.useCacheForAllThreads=false in command line.
2019-09-19 14:32:33,521 [JUnit] INFO  grpc.GrpcConfigKeys$Server (ConfUtils.java:logGet(43)) - raft.grpc.server.port = 0 (default)
2019-09-19 14:32:33,521 [JUnit] INFO  server.GrpcService (ConfUtils.java:logGet(43)) - raft.grpc.message.size.max = 33570816 (custom)
2019-09-19 14:32:33,521 [JUnit] INFO  server.RaftServerConfigKeys (ConfUtils.java:logGet(43)) - raft.server.log.appender.buffer.byte-limit = 33554432 (custom)
2019-09-19 14:32:33,521 [JUnit] INFO  server.GrpcService (ConfUtils.java:logGet(43)) - raft.grpc.flow.control.window = 1MB (=1048576) (default)
2019-09-19 14:32:33,522 [JUnit] INFO  server.RaftServerConfigKeys (ConfUtils.java:logGet(43)) - raft.server.rpc.request.timeout = 3000ms (default)
2019-09-19 14:32:33,523 [JUnit] INFO  server.RaftServerConfigKeys (ConfUtils.java:logGet(43)) - raft.server.storage.dir = [/workdir/hadoop-ozone/ozonefs/target/test-dir/MiniOzoneClusterImpl-7fd34b2e-4b5a-464b-80ea-73e41b6bd6cd/datanode-3/data/ratis] (custom)
2019-09-19 14:32:33,524 [JUnit] INFO  replication.SimpleContainerDownloader (SimpleContainerDownloader.java:<init>(72)) - Starting container downloader service to copy containers to replicate.
2019-09-19 14:32:33,525 [JUnit] INFO  hdfs.DFSUtil (DFSUtil.java:httpServerTemplateForNNAndJN(1641)) - Starting Web-server for hddsDatanode at: http://0.0.0.0:0
2019-09-19 14:32:33,527 [JUnit] INFO  server.AuthenticationFilter (AuthenticationFilter.java:constructSecretProvider(240)) - Unable to initialize FileSignerSecretProvider, falling back to use random secrets.
2019-09-19 14:32:33,527 [JUnit] WARN  http.HttpRequestLog (HttpRequestLog.java:getRequestLog(97)) - Jetty request log can only be enabled using Log4j
2019-09-19 14:32:33,529 [JUnit] INFO  http.HttpServer2 (HttpServer2.java:addGlobalFilter(975)) - Added global filter 'safety' (class=org.apache.hadoop.http.HttpServer2$QuotingInputFilter)
2019-09-19 14:32:33,530 [JUnit] INFO  http.HttpServer2 (HttpServer2.java:addFilter(948)) - Added filter static_user_filter (class=org.apache.hadoop.http.lib.StaticUserWebFilter$StaticUserFilter) to context hddsDatanode
2019-09-19 14:32:33,531 [JUnit] INFO  http.HttpServer2 (HttpServer2.java:addFilter(958)) - Added filter static_user_filter (class=org.apache.hadoop.http.lib.StaticUserWebFilter$StaticUserFilter) to context logs
2019-09-19 14:32:33,531 [JUnit] INFO  http.HttpServer2 (HttpServer2.java:addFilter(958)) - Added filter static_user_filter (class=org.apache.hadoop.http.lib.StaticUserWebFilter$StaticUserFilter) to context static
2019-09-19 14:32:33,531 [JUnit] INFO  http.HttpServer2 (HttpServer2.java:bindListener(1191)) - Jetty bound to port 36086
2019-09-19 14:32:33,532 [JUnit] INFO  server.Server (Server.java:doStart(351)) - jetty-9.3.24.v20180605, build timestamp: 2018-06-05T17:11:56Z, git hash: 84205aa28f11a4f31f2a3b86d1bba2cc8ab69827
2019-09-19 14:32:33,535 [JUnit] INFO  handler.ContextHandler (ContextHandler.java:doStart(781)) - Started o.e.j.s.ServletContextHandler@3a0b6a{/logs,file:///workdir/hadoop-ozone/ozonefs/target/log,AVAILABLE}
2019-09-19 14:32:33,535 [JUnit] INFO  handler.ContextHandler (ContextHandler.java:doStart(781)) - Started o.e.j.s.ServletContextHandler@6f1fa1d0{/static,jar:file:/home/user/.m2/repository/org/apache/hadoop/hadoop-hdds-container-service/0.5.0-SNAPSHOT/hadoop-hdds-container-service-0.5.0-SNAPSHOT.jar!/webapps/static,AVAILABLE}
2019-09-19 14:32:33,563 [JUnit] INFO  handler.ContextHandler (ContextHandler.java:doStart(781)) - Started o.e.j.w.WebAppContext@755b5f30{/,file:///tmp/jetty-0.0.0.0-36086-hddsDatanode-_-any-7089910183929551843.dir/webapp/,AVAILABLE}{/hddsDatanode}
2019-09-19 14:32:33,564 [JUnit] INFO  server.AbstractConnector (AbstractConnector.java:doStart(278)) - Started ServerConnector@29bbc63c{HTTP/1.1,[http/1.1]}{0.0.0.0:36086}
2019-09-19 14:32:33,564 [JUnit] INFO  server.Server (Server.java:doStart(419)) - Started @8637ms
2019-09-19 14:32:33,565 [JUnit] INFO  server.BaseHttpServer (BaseHttpServer.java:updateConnectorAddress(213)) - HTTP server of HDDSDATANODE is listening at http://0.0.0.0:36086
2019-09-19 14:32:33,744 | INFO  | ObjectStoreRestHttpServer | Listening HDDS REST traffic on /0.0.0.0:34662 |  
2019-09-19 14:32:33,744 [JUnit] INFO  ozone.HddsDatanodeService (HddsDatanodeService.java:startPlugins(395)) - Started plug-in org.apache.hadoop.ozone.web.OzoneHddsDatanodeService@79add732
2019-09-19 14:32:33,745 [JUnit] INFO  impl.MetricsSystemImpl (MetricsSystemImpl.java:init(158)) - HddsDatanode metrics system started (again)
2019-09-19 14:32:33,748 [org.apache.hadoop.util.JvmPauseMonitor$Monitor@3cfd3c5c] INFO  util.JvmPauseMonitor (JvmPauseMonitor.java:run(188)) - Starting JVM pause monitor
2019-09-19 14:32:33,748 [JUnit] INFO  ozone.HddsDatanodeService (HddsDatanodeService.java:start(184)) - HddsDatanodeService host:pr-hdds-1569-rzdr8-3403194166 ip:192.168.5.132
2019-09-19 14:32:33,751 [Datanode State Machine Thread - 0] INFO  datanode.InitDatanodeState (InitDatanodeState.java:persistContainerDatanodeDetails(140)) - DatanodeDetails is persisted to /workdir/hadoop-ozone/ozonefs/target/test-dir/MiniOzoneClusterImpl-7fd34b2e-4b5a-464b-80ea-73e41b6bd6cd/datanode-3/meta/datanode.id
2019-09-19 14:32:33,757 [JUnit] INFO  volume.HddsVolume (HddsVolume.java:<init>(176)) - Creating Volume: /workdir/hadoop-ozone/ozonefs/target/test-dir/MiniOzoneClusterImpl-7fd34b2e-4b5a-464b-80ea-73e41b6bd6cd/datanode-4/data/containers/hdds of  storage type : DISK and capacity : 1482555576320
2019-09-19 14:32:33,757 [JUnit] INFO  volume.VolumeSet (VolumeSet.java:initializeVolumeSet(170)) - Added Volume : /workdir/hadoop-ozone/ozonefs/target/test-dir/MiniOzoneClusterImpl-7fd34b2e-4b5a-464b-80ea-73e41b6bd6cd/datanode-4/data/containers/hdds to VolumeSet
2019-09-19 14:32:33,757 [JUnit] INFO  volume.ThrottledAsyncChecker (ThrottledAsyncChecker.java:schedule(140)) - Scheduling a check for org.apache.hadoop.ozone.container.common.volume.HddsVolume@150fc7a7
2019-09-19 14:32:33,758 [JUnit] INFO  volume.HddsVolumeChecker (HddsVolumeChecker.java:checkAllVolumes(203)) - Scheduled health check for volume org.apache.hadoop.ozone.container.common.volume.HddsVolume@150fc7a7
2019-09-19 14:32:33,793 [JUnit] INFO  impl.RaftServerProxy (ConfUtils.java:logGet(43)) - raft.rpc.type = GRPC (default)
2019-09-19 14:32:33,793 [JUnit] INFO  grpc.GrpcFactory (GrpcFactory.java:checkPooledByteBufAllocatorUseCacheForAllThreads(45)) - PERFORMANCE WARNING: useCacheForAllThreads is true that may cause Netty to create a lot garbage objects and, as a result, trigger GC.
	It is recommended to disable useCacheForAllThreads by setting -Dorg.apache.ratis.thirdparty.io.netty.allocator.useCacheForAllThreads=false in command line.
2019-09-19 14:32:33,793 [JUnit] INFO  grpc.GrpcConfigKeys$Server (ConfUtils.java:logGet(43)) - raft.grpc.server.port = 0 (default)
2019-09-19 14:32:33,794 [JUnit] INFO  server.GrpcService (ConfUtils.java:logGet(43)) - raft.grpc.message.size.max = 33570816 (custom)
2019-09-19 14:32:33,794 [JUnit] INFO  server.RaftServerConfigKeys (ConfUtils.java:logGet(43)) - raft.server.log.appender.buffer.byte-limit = 33554432 (custom)
2019-09-19 14:32:33,794 [JUnit] INFO  server.GrpcService (ConfUtils.java:logGet(43)) - raft.grpc.flow.control.window = 1MB (=1048576) (default)
2019-09-19 14:32:33,795 [JUnit] INFO  server.RaftServerConfigKeys (ConfUtils.java:logGet(43)) - raft.server.rpc.request.timeout = 3000ms (default)
2019-09-19 14:32:33,795 [JUnit] INFO  server.RaftServerConfigKeys (ConfUtils.java:logGet(43)) - raft.server.storage.dir = [/workdir/hadoop-ozone/ozonefs/target/test-dir/MiniOzoneClusterImpl-7fd34b2e-4b5a-464b-80ea-73e41b6bd6cd/datanode-4/data/ratis] (custom)
2019-09-19 14:32:33,796 [JUnit] INFO  replication.SimpleContainerDownloader (SimpleContainerDownloader.java:<init>(72)) - Starting container downloader service to copy containers to replicate.
2019-09-19 14:32:33,798 [JUnit] INFO  hdfs.DFSUtil (DFSUtil.java:httpServerTemplateForNNAndJN(1641)) - Starting Web-server for hddsDatanode at: http://0.0.0.0:0
2019-09-19 14:32:33,801 [JUnit] INFO  server.AuthenticationFilter (AuthenticationFilter.java:constructSecretProvider(240)) - Unable to initialize FileSignerSecretProvider, falling back to use random secrets.
2019-09-19 14:32:33,802 [JUnit] WARN  http.HttpRequestLog (HttpRequestLog.java:getRequestLog(97)) - Jetty request log can only be enabled using Log4j
2019-09-19 14:32:33,805 [JUnit] INFO  http.HttpServer2 (HttpServer2.java:addGlobalFilter(975)) - Added global filter 'safety' (class=org.apache.hadoop.http.HttpServer2$QuotingInputFilter)
2019-09-19 14:32:33,806 [JUnit] INFO  http.HttpServer2 (HttpServer2.java:addFilter(948)) - Added filter static_user_filter (class=org.apache.hadoop.http.lib.StaticUserWebFilter$StaticUserFilter) to context hddsDatanode
2019-09-19 14:32:33,807 [JUnit] INFO  http.HttpServer2 (HttpServer2.java:addFilter(958)) - Added filter static_user_filter (class=org.apache.hadoop.http.lib.StaticUserWebFilter$StaticUserFilter) to context static
2019-09-19 14:32:33,807 [JUnit] INFO  http.HttpServer2 (HttpServer2.java:addFilter(958)) - Added filter static_user_filter (class=org.apache.hadoop.http.lib.StaticUserWebFilter$StaticUserFilter) to context logs
2019-09-19 14:32:33,808 [JUnit] INFO  http.HttpServer2 (HttpServer2.java:bindListener(1191)) - Jetty bound to port 42227
2019-09-19 14:32:33,808 [JUnit] INFO  server.Server (Server.java:doStart(351)) - jetty-9.3.24.v20180605, build timestamp: 2018-06-05T17:11:56Z, git hash: 84205aa28f11a4f31f2a3b86d1bba2cc8ab69827
2019-09-19 14:32:33,811 [JUnit] INFO  handler.ContextHandler (ContextHandler.java:doStart(781)) - Started o.e.j.s.ServletContextHandler@3b57dba4{/logs,file:///workdir/hadoop-ozone/ozonefs/target/log,AVAILABLE}
2019-09-19 14:32:33,812 [JUnit] INFO  handler.ContextHandler (ContextHandler.java:doStart(781)) - Started o.e.j.s.ServletContextHandler@3404e5c4{/static,jar:file:/home/user/.m2/repository/org/apache/hadoop/hadoop-hdds-container-service/0.5.0-SNAPSHOT/hadoop-hdds-container-service-0.5.0-SNAPSHOT.jar!/webapps/static,AVAILABLE}
2019-09-19 14:32:33,853 [JUnit] INFO  handler.ContextHandler (ContextHandler.java:doStart(781)) - Started o.e.j.w.WebAppContext@36510e73{/,file:///tmp/jetty-0.0.0.0-42227-hddsDatanode-_-any-2012432243157968692.dir/webapp/,AVAILABLE}{/hddsDatanode}
2019-09-19 14:32:33,853 [JUnit] INFO  server.AbstractConnector (AbstractConnector.java:doStart(278)) - Started ServerConnector@2c47a053{HTTP/1.1,[http/1.1]}{0.0.0.0:42227}
2019-09-19 14:32:33,854 [JUnit] INFO  server.Server (Server.java:doStart(419)) - Started @8927ms
2019-09-19 14:32:33,855 [JUnit] INFO  server.BaseHttpServer (BaseHttpServer.java:updateConnectorAddress(213)) - HTTP server of HDDSDATANODE is listening at http://0.0.0.0:42227
2019-09-19 14:32:34,132 | INFO  | ObjectStoreRestHttpServer | Listening HDDS REST traffic on /0.0.0.0:45686 |  
2019-09-19 14:32:34,133 [JUnit] INFO  ozone.HddsDatanodeService (HddsDatanodeService.java:startPlugins(395)) - Started plug-in org.apache.hadoop.ozone.web.OzoneHddsDatanodeService@56c0a61e
2019-09-19 14:32:34,135 [JUnit] INFO  ozone.MiniOzoneClusterImpl (MiniOzoneClusterImpl.java:lambda$waitForClusterToBeReady$0(142)) - Waiting for cluster to be ready. Got 0 of 5 DN Heartbeats.
2019-09-19 14:32:34,135 [org.apache.hadoop.util.JvmPauseMonitor$Monitor@4b20186c] INFO  util.JvmPauseMonitor (JvmPauseMonitor.java:run(188)) - Starting JVM pause monitor
2019-09-19 14:32:34,137 [Datanode State Machine Thread - 0] INFO  datanode.InitDatanodeState (InitDatanodeState.java:persistContainerDatanodeDetails(140)) - DatanodeDetails is persisted to /workdir/hadoop-ozone/ozonefs/target/test-dir/MiniOzoneClusterImpl-7fd34b2e-4b5a-464b-80ea-73e41b6bd6cd/datanode-4/meta/datanode.id
2019-09-19 14:32:35,015 | INFO  | SCMAudit | user=jenkins1000 | ip=192.168.5.132 | op=GET_VERSION null | ret=SUCCESS |  
2019-09-19 14:32:35,043 [Datanode State Machine Thread - 0] INFO  ozoneimpl.OzoneContainer (OzoneContainer.java:start(186)) - Attempting to start container services.
2019-09-19 14:32:35,045 [Datanode State Machine Thread - 0] INFO  ozoneimpl.OzoneContainer (OzoneContainer.java:startContainerScrub(160)) - Background container scrubber has been disabled by hdds.containerscrub.enabled
2019-09-19 14:32:35,045 [Datanode State Machine Thread - 0] INFO  ratis.XceiverServerRatis (XceiverServerRatis.java:start(404)) - Starting XceiverServerRatis 7a325ef5-9e46-4d2e-b6ac-02f5003c9e57 at port 0
2019-09-19 14:32:35,063 [Datanode State Machine Thread - 0] INFO  impl.RaftServerProxy (RaftServerProxy.java:lambda$start$3(299)) - 7a325ef5-9e46-4d2e-b6ac-02f5003c9e57: start RPC server
2019-09-19 14:32:35,135 [JUnit] INFO  ozone.MiniOzoneClusterImpl (MiniOzoneClusterImpl.java:lambda$waitForClusterToBeReady$0(142)) - Waiting for cluster to be ready. Got 0 of 5 DN Heartbeats.
2019-09-19 14:32:35,193 [Datanode State Machine Thread - 0] INFO  server.GrpcService (GrpcService.java:startImpl(149)) - 7a325ef5-9e46-4d2e-b6ac-02f5003c9e57: GrpcService started, listening on 0.0.0.0/0.0.0.0:36525
2019-09-19 14:32:35,194 [Datanode State Machine Thread - 0] INFO  ratis.XceiverServerRatis (XceiverServerRatis.java:start(414)) - XceiverServerRatis 7a325ef5-9e46-4d2e-b6ac-02f5003c9e57 is started using port 36525
2019-09-19 14:32:35,196 [Datanode State Machine Thread - 0] INFO  server.XceiverServerGrpc (XceiverServerGrpc.java:start(163)) - XceiverServerGrpc 7a325ef5-9e46-4d2e-b6ac-02f5003c9e57 is started using port 43706
2019-09-19 14:32:35,254 | INFO  | SCMAudit | user=jenkins1000 | ip=192.168.5.132 | op=GET_VERSION null | ret=SUCCESS |  
2019-09-19 14:32:35,276 [Datanode State Machine Thread - 0] INFO  ozoneimpl.OzoneContainer (OzoneContainer.java:start(186)) - Attempting to start container services.
2019-09-19 14:32:35,279 [Datanode State Machine Thread - 0] INFO  ozoneimpl.OzoneContainer (OzoneContainer.java:startContainerScrub(160)) - Background container scrubber has been disabled by hdds.containerscrub.enabled
2019-09-19 14:32:35,279 [Datanode State Machine Thread - 0] INFO  ratis.XceiverServerRatis (XceiverServerRatis.java:start(404)) - Starting XceiverServerRatis ce50d529-02c7-4d8b-8f37-5cc78bb94e38 at port 0
2019-09-19 14:32:35,288 [Datanode State Machine Thread - 0] INFO  impl.RaftServerProxy (RaftServerProxy.java:lambda$start$3(299)) - ce50d529-02c7-4d8b-8f37-5cc78bb94e38: start RPC server
2019-09-19 14:32:35,291 [Datanode State Machine Thread - 0] INFO  server.GrpcService (GrpcService.java:startImpl(149)) - ce50d529-02c7-4d8b-8f37-5cc78bb94e38: GrpcService started, listening on 0.0.0.0/0.0.0.0:44387
2019-09-19 14:32:35,291 [Datanode State Machine Thread - 0] INFO  ratis.XceiverServerRatis (XceiverServerRatis.java:start(414)) - XceiverServerRatis ce50d529-02c7-4d8b-8f37-5cc78bb94e38 is started using port 44387
2019-09-19 14:32:35,293 [Datanode State Machine Thread - 0] INFO  server.XceiverServerGrpc (XceiverServerGrpc.java:start(163)) - XceiverServerGrpc ce50d529-02c7-4d8b-8f37-5cc78bb94e38 is started using port 40754
2019-09-19 14:32:35,494 | INFO  | SCMAudit | user=jenkins1000 | ip=192.168.5.132 | op=GET_VERSION null | ret=SUCCESS |  
2019-09-19 14:32:35,508 [Datanode State Machine Thread - 0] INFO  ozoneimpl.OzoneContainer (OzoneContainer.java:start(186)) - Attempting to start container services.
2019-09-19 14:32:35,510 [Datanode State Machine Thread - 0] INFO  ozoneimpl.OzoneContainer (OzoneContainer.java:startContainerScrub(160)) - Background container scrubber has been disabled by hdds.containerscrub.enabled
2019-09-19 14:32:35,510 [Datanode State Machine Thread - 0] INFO  ratis.XceiverServerRatis (XceiverServerRatis.java:start(404)) - Starting XceiverServerRatis afe05dc7-b5f4-4b7b-b2b1-a227635ab2f1 at port 0
2019-09-19 14:32:35,519 [Datanode State Machine Thread - 0] INFO  impl.RaftServerProxy (RaftServerProxy.java:lambda$start$3(299)) - afe05dc7-b5f4-4b7b-b2b1-a227635ab2f1: start RPC server
2019-09-19 14:32:35,522 [Datanode State Machine Thread - 0] INFO  server.GrpcService (GrpcService.java:startImpl(149)) - afe05dc7-b5f4-4b7b-b2b1-a227635ab2f1: GrpcService started, listening on 0.0.0.0/0.0.0.0:43858
2019-09-19 14:32:35,522 [Datanode State Machine Thread - 0] INFO  ratis.XceiverServerRatis (XceiverServerRatis.java:start(414)) - XceiverServerRatis afe05dc7-b5f4-4b7b-b2b1-a227635ab2f1 is started using port 43858
2019-09-19 14:32:35,525 [Datanode State Machine Thread - 0] INFO  server.XceiverServerGrpc (XceiverServerGrpc.java:start(163)) - XceiverServerGrpc afe05dc7-b5f4-4b7b-b2b1-a227635ab2f1 is started using port 41416
2019-09-19 14:32:35,751 | INFO  | SCMAudit | user=jenkins1000 | ip=192.168.5.132 | op=GET_VERSION null | ret=SUCCESS |  
2019-09-19 14:32:35,777 [Datanode State Machine Thread - 0] INFO  ozoneimpl.OzoneContainer (OzoneContainer.java:start(186)) - Attempting to start container services.
2019-09-19 14:32:35,780 [Datanode State Machine Thread - 0] INFO  ozoneimpl.OzoneContainer (OzoneContainer.java:startContainerScrub(160)) - Background container scrubber has been disabled by hdds.containerscrub.enabled
2019-09-19 14:32:35,780 [Datanode State Machine Thread - 0] INFO  ratis.XceiverServerRatis (XceiverServerRatis.java:start(404)) - Starting XceiverServerRatis 570e97a0-06fc-447e-8972-b83f57a17e92 at port 0
2019-09-19 14:32:35,790 [Datanode State Machine Thread - 0] INFO  impl.RaftServerProxy (RaftServerProxy.java:lambda$start$3(299)) - 570e97a0-06fc-447e-8972-b83f57a17e92: start RPC server
2019-09-19 14:32:35,794 [Datanode State Machine Thread - 0] INFO  server.GrpcService (GrpcService.java:startImpl(149)) - 570e97a0-06fc-447e-8972-b83f57a17e92: GrpcService started, listening on 0.0.0.0/0.0.0.0:45013
2019-09-19 14:32:35,794 [Datanode State Machine Thread - 0] INFO  ratis.XceiverServerRatis (XceiverServerRatis.java:start(414)) - XceiverServerRatis 570e97a0-06fc-447e-8972-b83f57a17e92 is started using port 45013
2019-09-19 14:32:35,797 [Datanode State Machine Thread - 0] INFO  server.XceiverServerGrpc (XceiverServerGrpc.java:start(163)) - XceiverServerGrpc 570e97a0-06fc-447e-8972-b83f57a17e92 is started using port 38711
2019-09-19 14:32:36,136 [JUnit] INFO  ozone.MiniOzoneClusterImpl (MiniOzoneClusterImpl.java:lambda$waitForClusterToBeReady$0(142)) - Waiting for cluster to be ready. Got 0 of 5 DN Heartbeats.
2019-09-19 14:32:36,139 | INFO  | SCMAudit | user=jenkins1000 | ip=192.168.5.132 | op=GET_VERSION null | ret=SUCCESS |  
2019-09-19 14:32:36,158 [Datanode State Machine Thread - 0] INFO  ozoneimpl.OzoneContainer (OzoneContainer.java:start(186)) - Attempting to start container services.
2019-09-19 14:32:36,164 [Datanode State Machine Thread - 0] INFO  ozoneimpl.OzoneContainer (OzoneContainer.java:startContainerScrub(160)) - Background container scrubber has been disabled by hdds.containerscrub.enabled
2019-09-19 14:32:36,165 [Datanode State Machine Thread - 0] INFO  ratis.XceiverServerRatis (XceiverServerRatis.java:start(404)) - Starting XceiverServerRatis 6869628d-08da-4946-b9e3-2b0ea0688e78 at port 0
2019-09-19 14:32:36,175 [Datanode State Machine Thread - 0] INFO  impl.RaftServerProxy (RaftServerProxy.java:lambda$start$3(299)) - 6869628d-08da-4946-b9e3-2b0ea0688e78: start RPC server
2019-09-19 14:32:36,179 [Datanode State Machine Thread - 0] INFO  server.GrpcService (GrpcService.java:startImpl(149)) - 6869628d-08da-4946-b9e3-2b0ea0688e78: GrpcService started, listening on 0.0.0.0/0.0.0.0:37368
2019-09-19 14:32:36,179 [Datanode State Machine Thread - 0] INFO  ratis.XceiverServerRatis (XceiverServerRatis.java:start(414)) - XceiverServerRatis 6869628d-08da-4946-b9e3-2b0ea0688e78 is started using port 37368
2019-09-19 14:32:36,183 [Datanode State Machine Thread - 0] INFO  server.XceiverServerGrpc (XceiverServerGrpc.java:start(163)) - XceiverServerGrpc 6869628d-08da-4946-b9e3-2b0ea0688e78 is started using port 36584
2019-09-19 14:32:37,034 [IPC Server handler 2 on 35178] INFO  net.NetworkTopology (NetworkTopologyImpl.java:add(110)) - Added a new node: /default-rack/7a325ef5-9e46-4d2e-b6ac-02f5003c9e57
2019-09-19 14:32:37,034 [IPC Server handler 2 on 35178] INFO  node.SCMNodeManager (SCMNodeManager.java:register(273)) - Registered Data node : 7a325ef5-9e46-4d2e-b6ac-02f5003c9e57{ip: 192.168.5.132, host: pr-hdds-1569-rzdr8-3403194166, networkLocation: /default-rack, certSerialId: null}
2019-09-19 14:32:37,041 [EventQueue-NodeRegistrationContainerReportForDataNodeSafeModeRule] INFO  safemode.SCMSafeModeManager (DataNodeSafeModeRule.java:process(71)) - SCM in safe mode. 1 DataNodes registered, 1 required.
2019-09-19 14:32:37,042 [EventQueue-NodeRegistrationContainerReportForDataNodeSafeModeRule] INFO  safemode.SCMSafeModeManager (SCMSafeModeManager.java:validateSafeModeExitRules(177)) - ScmSafeModeManager, all rules are successfully validated
2019-09-19 14:32:37,042 [EventQueue-NodeRegistrationContainerReportForDataNodeSafeModeRule] INFO  safemode.SCMSafeModeManager (SCMSafeModeManager.java:exitSafeMode(193)) - SCM exiting safe mode.
2019-09-19 14:32:37,052 | INFO  | SCMAudit | user=jenkins1000 | ip=192.168.5.132 | op=REGISTER {datanodeDetails=7a325ef5-9e46-4d2e-b6ac-02f5003c9e57{ip: 192.168.5.132, host: pr-hdds-1569-rzdr8-3403194166, networkLocation: /default-rack, certSerialId: null}} | ret=SUCCESS |  
2019-09-19 14:32:37,138 [JUnit] INFO  ozone.MiniOzoneClusterImpl (MiniOzoneClusterImpl.java:lambda$waitForClusterToBeReady$0(142)) - Waiting for cluster to be ready. Got 1 of 5 DN Heartbeats.
2019-09-19 14:32:37,255 [IPC Server handler 4 on 35178] INFO  net.NetworkTopology (NetworkTopologyImpl.java:add(110)) - Added a new node: /default-rack/ce50d529-02c7-4d8b-8f37-5cc78bb94e38
2019-09-19 14:32:37,256 [IPC Server handler 4 on 35178] INFO  node.SCMNodeManager (SCMNodeManager.java:register(273)) - Registered Data node : ce50d529-02c7-4d8b-8f37-5cc78bb94e38{ip: 192.168.5.132, host: pr-hdds-1569-rzdr8-3403194166, networkLocation: /default-rack, certSerialId: null}
2019-09-19 14:32:37,256 | INFO  | SCMAudit | user=jenkins1000 | ip=192.168.5.132 | op=REGISTER {datanodeDetails=ce50d529-02c7-4d8b-8f37-5cc78bb94e38{ip: 192.168.5.132, host: pr-hdds-1569-rzdr8-3403194166, networkLocation: /default-rack, certSerialId: null}} | ret=SUCCESS |  
2019-09-19 14:32:37,495 [IPC Server handler 1 on 35178] INFO  net.NetworkTopology (NetworkTopologyImpl.java:add(110)) - Added a new node: /default-rack/afe05dc7-b5f4-4b7b-b2b1-a227635ab2f1
2019-09-19 14:32:37,496 [IPC Server handler 1 on 35178] INFO  node.SCMNodeManager (SCMNodeManager.java:register(273)) - Registered Data node : afe05dc7-b5f4-4b7b-b2b1-a227635ab2f1{ip: 192.168.5.132, host: pr-hdds-1569-rzdr8-3403194166, networkLocation: /default-rack, certSerialId: null}
2019-09-19 14:32:37,496 | INFO  | SCMAudit | user=jenkins1000 | ip=192.168.5.132 | op=REGISTER {datanodeDetails=afe05dc7-b5f4-4b7b-b2b1-a227635ab2f1{ip: 192.168.5.132, host: pr-hdds-1569-rzdr8-3403194166, networkLocation: /default-rack, certSerialId: null}} | ret=SUCCESS |  
2019-09-19 14:32:37,957 [IPC Server handler 2 on 35178] INFO  net.NetworkTopology (NetworkTopologyImpl.java:add(110)) - Added a new node: /default-rack/570e97a0-06fc-447e-8972-b83f57a17e92
2019-09-19 14:32:37,957 [IPC Server handler 2 on 35178] INFO  node.SCMNodeManager (SCMNodeManager.java:register(273)) - Registered Data node : 570e97a0-06fc-447e-8972-b83f57a17e92{ip: 192.168.5.132, host: pr-hdds-1569-rzdr8-3403194166, networkLocation: /default-rack, certSerialId: null}
2019-09-19 14:32:37,958 | INFO  | SCMAudit | user=jenkins1000 | ip=192.168.5.132 | op=REGISTER {datanodeDetails=570e97a0-06fc-447e-8972-b83f57a17e92{ip: 192.168.5.132, host: pr-hdds-1569-rzdr8-3403194166, networkLocation: /default-rack, certSerialId: null}} | ret=SUCCESS |  
2019-09-19 14:32:38,068 [grpc-default-executor-0] INFO  impl.RaftServerProxy (RaftServerProxy.java:addNew(89)) - 7a325ef5-9e46-4d2e-b6ac-02f5003c9e57: addNew group-28FCC9578D10:[7a325ef5-9e46-4d2e-b6ac-02f5003c9e57:192.168.5.132:36525] returns group-28FCC9578D10:java.util.concurrent.CompletableFuture@e4b6af3[Not completed]
2019-09-19 14:32:38,093 [pool-27-thread-1] INFO  impl.RaftServerImpl (RaftServerImpl.java:<init>(93)) - 7a325ef5-9e46-4d2e-b6ac-02f5003c9e57: new RaftServerImpl for group-28FCC9578D10:[7a325ef5-9e46-4d2e-b6ac-02f5003c9e57:192.168.5.132:36525] with ContainerStateMachine:uninitialized
2019-09-19 14:32:38,096 [pool-27-thread-1] INFO  server.RaftServerConfigKeys (ConfUtils.java:logGet(43)) - raft.server.rpc.timeout.min = 5s (custom)
2019-09-19 14:32:38,099 [pool-27-thread-1] INFO  server.RaftServerConfigKeys (ConfUtils.java:logGet(43)) - raft.server.rpc.timeout.max = 5200ms (custom)
2019-09-19 14:32:38,099 [pool-27-thread-1] INFO  server.RaftServerConfigKeys (ConfUtils.java:logGet(43)) - raft.server.rpcslowness.timeout = 120s (custom)
2019-09-19 14:32:38,101 [pool-27-thread-1] INFO  server.RaftServerConfigKeys (ConfUtils.java:logGet(43)) - raft.server.sleep.deviation.threshold = 300 (default)
2019-09-19 14:32:38,102 [pool-27-thread-1] INFO  server.RaftServerConfigKeys (ConfUtils.java:logGet(43)) - raft.server.log.appender.install.snapshot.enabled = false (custom)
2019-09-19 14:32:38,116 [pool-27-thread-1] INFO  impl.RaftServerImpl (ServerState.java:<init>(105)) - 7a325ef5-9e46-4d2e-b6ac-02f5003c9e57:group-28FCC9578D10 ConfigurationManager, init=-1: [7a325ef5-9e46-4d2e-b6ac-02f5003c9e57:192.168.5.132:36525], old=null, confs=<EMPTY_MAP>
2019-09-19 14:32:38,117 [pool-27-thread-1] INFO  server.RaftServerConfigKeys (ConfUtils.java:logGet(43)) - raft.server.storage.dir = [/workdir/hadoop-ozone/ozonefs/target/test-dir/MiniOzoneClusterImpl-7fd34b2e-4b5a-464b-80ea-73e41b6bd6cd/datanode-0/data/ratis] (custom)
2019-09-19 14:32:38,128 [pool-27-thread-1] INFO  storage.RaftStorageDirectory (RaftStorageDirectory.java:analyzeStorage(246)) - The storage directory /workdir/hadoop-ozone/ozonefs/target/test-dir/MiniOzoneClusterImpl-7fd34b2e-4b5a-464b-80ea-73e41b6bd6cd/datanode-0/data/ratis/f14f090c-3336-4983-9dc7-28fcc9578d10 does not exist. Creating ...
2019-09-19 14:32:38,139 [JUnit] INFO  ozone.MiniOzoneClusterImpl (MiniOzoneClusterImpl.java:lambda$waitForClusterToBeReady$0(142)) - Waiting for cluster to be ready. Got 4 of 5 DN Heartbeats.
2019-09-19 14:32:38,140 [IPC Server handler 4 on 35178] INFO  net.NetworkTopology (NetworkTopologyImpl.java:add(110)) - Added a new node: /default-rack/6869628d-08da-4946-b9e3-2b0ea0688e78
2019-09-19 14:32:38,140 [IPC Server handler 4 on 35178] INFO  node.SCMNodeManager (SCMNodeManager.java:register(273)) - Registered Data node : 6869628d-08da-4946-b9e3-2b0ea0688e78{ip: 192.168.5.132, host: pr-hdds-1569-rzdr8-3403194166, networkLocation: /default-rack, certSerialId: null}
2019-09-19 14:32:38,140 | INFO  | SCMAudit | user=jenkins1000 | ip=192.168.5.132 | op=REGISTER {datanodeDetails=6869628d-08da-4946-b9e3-2b0ea0688e78{ip: 192.168.5.132, host: pr-hdds-1569-rzdr8-3403194166, networkLocation: /default-rack, certSerialId: null}} | ret=SUCCESS |  
2019-09-19 14:32:38,145 [pool-27-thread-1] INFO  storage.RaftStorageDirectory (RaftStorageDirectory.java:tryLock(328)) - Lock on /workdir/hadoop-ozone/ozonefs/target/test-dir/MiniOzoneClusterImpl-7fd34b2e-4b5a-464b-80ea-73e41b6bd6cd/datanode-0/data/ratis/f14f090c-3336-4983-9dc7-28fcc9578d10/in_use.lock acquired by nodename 17492@pr-hdds-1569-rzdr8-3403194166
2019-09-19 14:32:38,162 [pool-27-thread-1] INFO  storage.RaftStorage (RaftStorage.java:format(72)) - Storage directory /workdir/hadoop-ozone/ozonefs/target/test-dir/MiniOzoneClusterImpl-7fd34b2e-4b5a-464b-80ea-73e41b6bd6cd/datanode-0/data/ratis/f14f090c-3336-4983-9dc7-28fcc9578d10 has been successfully formatted.
2019-09-19 14:32:38,165 [pool-27-thread-1] INFO  ratis.ContainerStateMachine (ContainerStateMachine.java:loadSnapshot(226)) - group-28FCC9578D10: The snapshot info is null. Setting the last applied indexto:(t:0, i:~)
2019-09-19 14:32:38,165 [pool-27-thread-1] INFO  server.RaftServerConfigKeys (ConfUtils.java:logGet(43)) - raft.server.leader.election.timeout = 120s (custom)
2019-09-19 14:32:38,168 [pool-27-thread-1] INFO  server.RaftServerConfigKeys (ConfUtils.java:logGet(43)) - raft.server.log.use.memory = false (default)
2019-09-19 14:32:38,173 [pool-27-thread-1] INFO  server.RaftServerConfigKeys (ConfUtils.java:logGet(43)) - raft.server.log.purge.gap = 1000000 (custom)
2019-09-19 14:32:38,174 [pool-27-thread-1] INFO  server.RaftServerConfigKeys (ConfUtils.java:logGet(43)) - raft.server.log.appender.buffer.byte-limit = 33554432 (custom)
2019-09-19 14:32:38,176 [pool-27-thread-1] INFO  server.RaftServerConfigKeys (ConfUtils.java:logGet(43)) - raft.server.log.segment.size.max = 1048576 (custom)
2019-09-19 14:32:38,180 [pool-27-thread-1] INFO  server.RaftServerConfigKeys (ConfUtils.java:logGet(43)) - raft.server.log.segment.cache.num.max = 2 (custom)
2019-09-19 14:32:38,186 [pool-27-thread-1] INFO  segmented.SegmentedRaftLogWorker (SegmentedRaftLogWorker.java:<init>(172)) - new 7a325ef5-9e46-4d2e-b6ac-02f5003c9e57-SegmentedRaftLogWorker:Storage Directory /workdir/hadoop-ozone/ozonefs/target/test-dir/MiniOzoneClusterImpl-7fd34b2e-4b5a-464b-80ea-73e41b6bd6cd/datanode-0/data/ratis/f14f090c-3336-4983-9dc7-28fcc9578d10 for RaftStorage:Storage Directory /workdir/hadoop-ozone/ozonefs/target/test-dir/MiniOzoneClusterImpl-7fd34b2e-4b5a-464b-80ea-73e41b6bd6cd/datanode-0/data/ratis/f14f090c-3336-4983-9dc7-28fcc9578d10
2019-09-19 14:32:38,199 [pool-27-thread-1] INFO  server.RaftServerConfigKeys (ConfUtils.java:logGet(43)) - raft.server.log.queue.byte-limit = 2147483647 (custom)
2019-09-19 14:32:38,199 [pool-27-thread-1] INFO  server.RaftServerConfigKeys (ConfUtils.java:logGet(43)) - raft.server.log.queue.element-limit = 1024 (custom)
2019-09-19 14:32:38,204 [pool-27-thread-1] INFO  server.RaftServerConfigKeys (ConfUtils.java:logGet(43)) - raft.server.log.segment.size.max = 1048576 (custom)
2019-09-19 14:32:38,205 [pool-27-thread-1] INFO  server.RaftServerConfigKeys (ConfUtils.java:logGet(43)) - raft.server.log.preallocated.size = 16384 (custom)
2019-09-19 14:32:38,205 [pool-27-thread-1] INFO  server.RaftServerConfigKeys (ConfUtils.java:logGet(43)) - raft.server.log.write.buffer.size = 33554432 (custom)
2019-09-19 14:32:38,206 [pool-27-thread-1] INFO  server.RaftServerConfigKeys (ConfUtils.java:logGet(43)) - raft.server.log.force.sync.num = 128 (default)
2019-09-19 14:32:38,207 [pool-27-thread-1] INFO  server.RaftServerConfigKeys (ConfUtils.java:logGet(43)) - raft.server.log.statemachine.data.sync = true (default)
2019-09-19 14:32:38,207 [pool-27-thread-1] INFO  server.RaftServerConfigKeys (ConfUtils.java:logGet(43)) - raft.server.log.statemachine.data.sync.timeout = 10s (default)
2019-09-19 14:32:38,207 [pool-27-thread-1] INFO  server.RaftServerConfigKeys (ConfUtils.java:logGet(43)) - raft.server.log.statemachine.data.sync.timeout.retry = -1 (default)
2019-09-19 14:32:38,216 [pool-27-thread-1] INFO  server.RaftServerConfigKeys (ConfUtils.java:logGet(43)) - raft.server.log.statemachine.data.caching.enabled = true (custom)
2019-09-19 14:32:38,220 [pool-27-thread-1] INFO  segmented.SegmentedRaftLogWorker (SegmentedRaftLogWorker.java:lambda$new$0(132)) - 7a325ef5-9e46-4d2e-b6ac-02f5003c9e57-SegmentedRaftLogWorker:Storage Directory /workdir/hadoop-ozone/ozonefs/target/test-dir/MiniOzoneClusterImpl-7fd34b2e-4b5a-464b-80ea-73e41b6bd6cd/datanode-0/data/ratis/f14f090c-3336-4983-9dc7-28fcc9578d10: flushIndex: setUnconditionally 0 -> -1
2019-09-19 14:32:38,225 [pool-27-thread-1] INFO  server.RaftServerConfigKeys (ConfUtils.java:logGet(43)) - raft.server.snapshot.auto.trigger.enabled = true (custom)
2019-09-19 14:32:38,225 [pool-27-thread-1] INFO  server.RaftServerConfigKeys (ConfUtils.java:logGet(43)) - raft.server.snapshot.auto.trigger.threshold = 10000 (custom)
2019-09-19 14:32:38,226 [pool-27-thread-1] INFO  server.RaftServerConfigKeys (ConfUtils.java:logGet(43)) - raft.server.retrycache.expirytime = 600000ms (custom)
2019-09-19 14:32:38,247 [pool-27-thread-1] INFO  impl.RaftServerImpl (RaftServerImpl.java:start(180)) - 7a325ef5-9e46-4d2e-b6ac-02f5003c9e57: start group-28FCC9578D10
2019-09-19 14:32:38,248 [pool-27-thread-1] INFO  impl.RaftServerImpl (RaftServerImpl.java:setRole(171)) - 7a325ef5-9e46-4d2e-b6ac-02f5003c9e57:group-28FCC9578D10 changes role from null to FOLLOWER at term 0 for startAsFollower
2019-09-19 14:32:38,249 [pool-27-thread-1] INFO  impl.RoleInfo (RoleInfo.java:updateAndGet(143)) - 7a325ef5-9e46-4d2e-b6ac-02f5003c9e57: start FollowerState
2019-09-19 14:32:38,251 [pool-27-thread-1] INFO  util.JmxRegister (JmxRegister.java:tryRegister(44)) - Successfully registered JMX Bean with object name Ratis:service=RaftServer,group=group-28FCC9578D10,id=7a325ef5-9e46-4d2e-b6ac-02f5003c9e57
2019-09-19 14:32:38,341 [RatisPipelineUtilsThread] INFO  pipeline.PipelineStateManager (PipelineStateManager.java:addPipeline(56)) - Created pipeline Pipeline[ Id: f14f090c-3336-4983-9dc7-28fcc9578d10, Nodes: 7a325ef5-9e46-4d2e-b6ac-02f5003c9e57{ip: 192.168.5.132, host: pr-hdds-1569-rzdr8-3403194166, networkLocation: /default-rack, certSerialId: null}, Type:RATIS, Factor:ONE, State:OPEN]
2019-09-19 14:32:38,367 [grpc-default-executor-0] INFO  impl.RaftServerProxy (RaftServerProxy.java:addNew(89)) - 7a325ef5-9e46-4d2e-b6ac-02f5003c9e57: addNew group-DB88338D2C46:[7a325ef5-9e46-4d2e-b6ac-02f5003c9e57:192.168.5.132:36525] returns group-DB88338D2C46:java.util.concurrent.CompletableFuture@7bd0a096[Not completed]
2019-09-19 14:32:38,370 [pool-27-thread-1] INFO  impl.RaftServerImpl (RaftServerImpl.java:<init>(93)) - 7a325ef5-9e46-4d2e-b6ac-02f5003c9e57: new RaftServerImpl for group-DB88338D2C46:[7a325ef5-9e46-4d2e-b6ac-02f5003c9e57:192.168.5.132:36525] with ContainerStateMachine:uninitialized
2019-09-19 14:32:38,370 [pool-27-thread-1] INFO  server.RaftServerConfigKeys (ConfUtils.java:logGet(43)) - raft.server.rpc.timeout.min = 5s (custom)
2019-09-19 14:32:38,370 [pool-27-thread-1] INFO  server.RaftServerConfigKeys (ConfUtils.java:logGet(43)) - raft.server.rpc.timeout.max = 5200ms (custom)
2019-09-19 14:32:38,370 [pool-27-thread-1] INFO  server.RaftServerConfigKeys (ConfUtils.java:logGet(43)) - raft.server.rpcslowness.timeout = 120s (custom)
2019-09-19 14:32:38,371 [pool-27-thread-1] INFO  server.RaftServerConfigKeys (ConfUtils.java:logGet(43)) - raft.server.sleep.deviation.threshold = 300 (default)
2019-09-19 14:32:38,371 [pool-27-thread-1] INFO  server.RaftServerConfigKeys (ConfUtils.java:logGet(43)) - raft.server.log.appender.install.snapshot.enabled = false (custom)
2019-09-19 14:32:38,371 [pool-27-thread-1] INFO  impl.RaftServerImpl (ServerState.java:<init>(105)) - 7a325ef5-9e46-4d2e-b6ac-02f5003c9e57:group-DB88338D2C46 ConfigurationManager, init=-1: [7a325ef5-9e46-4d2e-b6ac-02f5003c9e57:192.168.5.132:36525], old=null, confs=<EMPTY_MAP>
2019-09-19 14:32:38,371 [pool-27-thread-1] INFO  server.RaftServerConfigKeys (ConfUtils.java:logGet(43)) - raft.server.storage.dir = [/workdir/hadoop-ozone/ozonefs/target/test-dir/MiniOzoneClusterImpl-7fd34b2e-4b5a-464b-80ea-73e41b6bd6cd/datanode-0/data/ratis] (custom)
2019-09-19 14:32:38,372 [pool-27-thread-1] INFO  storage.RaftStorageDirectory (RaftStorageDirectory.java:analyzeStorage(246)) - The storage directory /workdir/hadoop-ozone/ozonefs/target/test-dir/MiniOzoneClusterImpl-7fd34b2e-4b5a-464b-80ea-73e41b6bd6cd/datanode-0/data/ratis/19cac580-ade3-4e0f-b143-db88338d2c46 does not exist. Creating ...
2019-09-19 14:32:38,386 [pool-27-thread-1] INFO  storage.RaftStorageDirectory (RaftStorageDirectory.java:tryLock(328)) - Lock on /workdir/hadoop-ozone/ozonefs/target/test-dir/MiniOzoneClusterImpl-7fd34b2e-4b5a-464b-80ea-73e41b6bd6cd/datanode-0/data/ratis/19cac580-ade3-4e0f-b143-db88338d2c46/in_use.lock acquired by nodename 17492@pr-hdds-1569-rzdr8-3403194166
2019-09-19 14:32:38,400 [pool-27-thread-1] INFO  storage.RaftStorage (RaftStorage.java:format(72)) - Storage directory /workdir/hadoop-ozone/ozonefs/target/test-dir/MiniOzoneClusterImpl-7fd34b2e-4b5a-464b-80ea-73e41b6bd6cd/datanode-0/data/ratis/19cac580-ade3-4e0f-b143-db88338d2c46 has been successfully formatted.
2019-09-19 14:32:38,400 [pool-27-thread-1] INFO  ratis.ContainerStateMachine (ContainerStateMachine.java:loadSnapshot(226)) - group-DB88338D2C46: The snapshot info is null. Setting the last applied indexto:(t:0, i:~)
2019-09-19 14:32:38,400 [pool-27-thread-1] INFO  server.RaftServerConfigKeys (ConfUtils.java:logGet(43)) - raft.server.leader.election.timeout = 120s (custom)
2019-09-19 14:32:38,401 [pool-27-thread-1] INFO  server.RaftServerConfigKeys (ConfUtils.java:logGet(43)) - raft.server.log.use.memory = false (default)
2019-09-19 14:32:38,401 [pool-27-thread-1] INFO  server.RaftServerConfigKeys (ConfUtils.java:logGet(43)) - raft.server.log.purge.gap = 1000000 (custom)
2019-09-19 14:32:38,401 [pool-27-thread-1] INFO  server.RaftServerConfigKeys (ConfUtils.java:logGet(43)) - raft.server.log.appender.buffer.byte-limit = 33554432 (custom)
2019-09-19 14:32:38,401 [pool-27-thread-1] INFO  server.RaftServerConfigKeys (ConfUtils.java:logGet(43)) - raft.server.log.segment.size.max = 1048576 (custom)
2019-09-19 14:32:38,401 [pool-27-thread-1] INFO  server.RaftServerConfigKeys (ConfUtils.java:logGet(43)) - raft.server.log.segment.cache.num.max = 2 (custom)
2019-09-19 14:32:38,402 [pool-27-thread-1] INFO  segmented.SegmentedRaftLogWorker (SegmentedRaftLogWorker.java:<init>(172)) - new 7a325ef5-9e46-4d2e-b6ac-02f5003c9e57-SegmentedRaftLogWorker:Storage Directory /workdir/hadoop-ozone/ozonefs/target/test-dir/MiniOzoneClusterImpl-7fd34b2e-4b5a-464b-80ea-73e41b6bd6cd/datanode-0/data/ratis/19cac580-ade3-4e0f-b143-db88338d2c46 for RaftStorage:Storage Directory /workdir/hadoop-ozone/ozonefs/target/test-dir/MiniOzoneClusterImpl-7fd34b2e-4b5a-464b-80ea-73e41b6bd6cd/datanode-0/data/ratis/19cac580-ade3-4e0f-b143-db88338d2c46
2019-09-19 14:32:38,402 [pool-27-thread-1] INFO  server.RaftServerConfigKeys (ConfUtils.java:logGet(43)) - raft.server.log.queue.byte-limit = 2147483647 (custom)
2019-09-19 14:32:38,402 [pool-27-thread-1] INFO  server.RaftServerConfigKeys (ConfUtils.java:logGet(43)) - raft.server.log.queue.element-limit = 1024 (custom)
2019-09-19 14:32:38,402 [pool-27-thread-1] INFO  server.RaftServerConfigKeys (ConfUtils.java:logGet(43)) - raft.server.log.segment.size.max = 1048576 (custom)
2019-09-19 14:32:38,403 [pool-27-thread-1] INFO  server.RaftServerConfigKeys (ConfUtils.java:logGet(43)) - raft.server.log.preallocated.size = 16384 (custom)
2019-09-19 14:32:38,403 [pool-27-thread-1] INFO  server.RaftServerConfigKeys (ConfUtils.java:logGet(43)) - raft.server.log.write.buffer.size = 33554432 (custom)
2019-09-19 14:32:38,403 [pool-27-thread-1] INFO  server.RaftServerConfigKeys (ConfUtils.java:logGet(43)) - raft.server.log.force.sync.num = 128 (default)
2019-09-19 14:32:38,403 [pool-27-thread-1] INFO  server.RaftServerConfigKeys (ConfUtils.java:logGet(43)) - raft.server.log.statemachine.data.sync = true (default)
2019-09-19 14:32:38,403 [pool-27-thread-1] INFO  server.RaftServerConfigKeys (ConfUtils.java:logGet(43)) - raft.server.log.statemachine.data.sync.timeout = 10s (default)
2019-09-19 14:32:38,403 [pool-27-thread-1] INFO  server.RaftServerConfigKeys (ConfUtils.java:logGet(43)) - raft.server.log.statemachine.data.sync.timeout.retry = -1 (default)
2019-09-19 14:32:38,404 [pool-27-thread-1] INFO  server.RaftServerConfigKeys (ConfUtils.java:logGet(43)) - raft.server.log.statemachine.data.caching.enabled = true (custom)
2019-09-19 14:32:38,404 [pool-27-thread-1] INFO  segmented.SegmentedRaftLogWorker (SegmentedRaftLogWorker.java:lambda$new$0(132)) - 7a325ef5-9e46-4d2e-b6ac-02f5003c9e57-SegmentedRaftLogWorker:Storage Directory /workdir/hadoop-ozone/ozonefs/target/test-dir/MiniOzoneClusterImpl-7fd34b2e-4b5a-464b-80ea-73e41b6bd6cd/datanode-0/data/ratis/19cac580-ade3-4e0f-b143-db88338d2c46: flushIndex: setUnconditionally 0 -> -1
2019-09-19 14:32:38,405 [pool-27-thread-1] INFO  server.RaftServerConfigKeys (ConfUtils.java:logGet(43)) - raft.server.snapshot.auto.trigger.enabled = true (custom)
2019-09-19 14:32:38,405 [pool-27-thread-1] INFO  server.RaftServerConfigKeys (ConfUtils.java:logGet(43)) - raft.server.snapshot.auto.trigger.threshold = 10000 (custom)
2019-09-19 14:32:38,405 [pool-27-thread-1] INFO  server.RaftServerConfigKeys (ConfUtils.java:logGet(43)) - raft.server.retrycache.expirytime = 600000ms (custom)
2019-09-19 14:32:38,405 [pool-27-thread-1] INFO  impl.RaftServerImpl (RaftServerImpl.java:start(180)) - 7a325ef5-9e46-4d2e-b6ac-02f5003c9e57: start group-DB88338D2C46
2019-09-19 14:32:38,406 [pool-27-thread-1] INFO  impl.RaftServerImpl (RaftServerImpl.java:setRole(171)) - 7a325ef5-9e46-4d2e-b6ac-02f5003c9e57:group-DB88338D2C46 changes role from null to FOLLOWER at term 0 for startAsFollower
2019-09-19 14:32:38,406 [pool-27-thread-1] INFO  impl.RoleInfo (RoleInfo.java:updateAndGet(143)) - 7a325ef5-9e46-4d2e-b6ac-02f5003c9e57: start FollowerState
2019-09-19 14:32:38,406 [pool-27-thread-1] INFO  util.JmxRegister (JmxRegister.java:tryRegister(44)) - Successfully registered JMX Bean with object name Ratis:service=RaftServer,group=group-DB88338D2C46,id=7a325ef5-9e46-4d2e-b6ac-02f5003c9e57
2019-09-19 14:32:38,422 [RatisPipelineUtilsThread] INFO  pipeline.PipelineStateManager (PipelineStateManager.java:addPipeline(56)) - Created pipeline Pipeline[ Id: 19cac580-ade3-4e0f-b143-db88338d2c46, Nodes: 7a325ef5-9e46-4d2e-b6ac-02f5003c9e57{ip: 192.168.5.132, host: pr-hdds-1569-rzdr8-3403194166, networkLocation: /default-rack, certSerialId: null}, Type:RATIS, Factor:ONE, State:OPEN]
2019-09-19 14:32:38,440 [grpc-default-executor-0] INFO  impl.RaftServerProxy (RaftServerProxy.java:addNew(89)) - ce50d529-02c7-4d8b-8f37-5cc78bb94e38: addNew group-F5D71E52EFA6:[ce50d529-02c7-4d8b-8f37-5cc78bb94e38:192.168.5.132:44387] returns group-F5D71E52EFA6:java.util.concurrent.CompletableFuture@3c926b8a[Not completed]
2019-09-19 14:32:38,483 [pool-38-thread-1] INFO  impl.RaftServerImpl (RaftServerImpl.java:<init>(93)) - ce50d529-02c7-4d8b-8f37-5cc78bb94e38: new RaftServerImpl for group-F5D71E52EFA6:[ce50d529-02c7-4d8b-8f37-5cc78bb94e38:192.168.5.132:44387] with ContainerStateMachine:uninitialized
2019-09-19 14:32:38,485 [pool-38-thread-1] INFO  server.RaftServerConfigKeys (ConfUtils.java:logGet(43)) - raft.server.rpc.timeout.min = 5s (custom)
2019-09-19 14:32:38,485 [pool-38-thread-1] INFO  server.RaftServerConfigKeys (ConfUtils.java:logGet(43)) - raft.server.rpc.timeout.max = 5200ms (custom)
2019-09-19 14:32:38,485 [pool-38-thread-1] INFO  server.RaftServerConfigKeys (ConfUtils.java:logGet(43)) - raft.server.rpcslowness.timeout = 120s (custom)
2019-09-19 14:32:38,485 [pool-38-thread-1] INFO  server.RaftServerConfigKeys (ConfUtils.java:logGet(43)) - raft.server.sleep.deviation.threshold = 300 (default)
2019-09-19 14:32:38,485 [pool-38-thread-1] INFO  server.RaftServerConfigKeys (ConfUtils.java:logGet(43)) - raft.server.log.appender.install.snapshot.enabled = false (custom)
2019-09-19 14:32:38,486 [pool-38-thread-1] INFO  impl.RaftServerImpl (ServerState.java:<init>(105)) - ce50d529-02c7-4d8b-8f37-5cc78bb94e38:group-F5D71E52EFA6 ConfigurationManager, init=-1: [ce50d529-02c7-4d8b-8f37-5cc78bb94e38:192.168.5.132:44387], old=null, confs=<EMPTY_MAP>
2019-09-19 14:32:38,486 [pool-38-thread-1] INFO  server.RaftServerConfigKeys (ConfUtils.java:logGet(43)) - raft.server.storage.dir = [/workdir/hadoop-ozone/ozonefs/target/test-dir/MiniOzoneClusterImpl-7fd34b2e-4b5a-464b-80ea-73e41b6bd6cd/datanode-1/data/ratis] (custom)
2019-09-19 14:32:38,486 [pool-38-thread-1] INFO  storage.RaftStorageDirectory (RaftStorageDirectory.java:analyzeStorage(246)) - The storage directory /workdir/hadoop-ozone/ozonefs/target/test-dir/MiniOzoneClusterImpl-7fd34b2e-4b5a-464b-80ea-73e41b6bd6cd/datanode-1/data/ratis/c5f1501a-2b2b-43a2-ad36-f5d71e52efa6 does not exist. Creating ...
2019-09-19 14:32:38,505 [pool-38-thread-1] INFO  storage.RaftStorageDirectory (RaftStorageDirectory.java:tryLock(328)) - Lock on /workdir/hadoop-ozone/ozonefs/target/test-dir/MiniOzoneClusterImpl-7fd34b2e-4b5a-464b-80ea-73e41b6bd6cd/datanode-1/data/ratis/c5f1501a-2b2b-43a2-ad36-f5d71e52efa6/in_use.lock acquired by nodename 17492@pr-hdds-1569-rzdr8-3403194166
2019-09-19 14:32:38,526 [pool-38-thread-1] INFO  storage.RaftStorage (RaftStorage.java:format(72)) - Storage directory /workdir/hadoop-ozone/ozonefs/target/test-dir/MiniOzoneClusterImpl-7fd34b2e-4b5a-464b-80ea-73e41b6bd6cd/datanode-1/data/ratis/c5f1501a-2b2b-43a2-ad36-f5d71e52efa6 has been successfully formatted.
2019-09-19 14:32:38,527 [pool-38-thread-1] INFO  ratis.ContainerStateMachine (ContainerStateMachine.java:loadSnapshot(226)) - group-F5D71E52EFA6: The snapshot info is null. Setting the last applied indexto:(t:0, i:~)
2019-09-19 14:32:38,529 [pool-38-thread-1] INFO  server.RaftServerConfigKeys (ConfUtils.java:logGet(43)) - raft.server.leader.election.timeout = 120s (custom)
2019-09-19 14:32:38,529 [pool-38-thread-1] INFO  server.RaftServerConfigKeys (ConfUtils.java:logGet(43)) - raft.server.log.use.memory = false (default)
2019-09-19 14:32:38,530 [pool-38-thread-1] INFO  server.RaftServerConfigKeys (ConfUtils.java:logGet(43)) - raft.server.log.purge.gap = 1000000 (custom)
2019-09-19 14:32:38,530 [pool-38-thread-1] INFO  server.RaftServerConfigKeys (ConfUtils.java:logGet(43)) - raft.server.log.appender.buffer.byte-limit = 33554432 (custom)
2019-09-19 14:32:38,530 [pool-38-thread-1] INFO  server.RaftServerConfigKeys (ConfUtils.java:logGet(43)) - raft.server.log.segment.size.max = 1048576 (custom)
2019-09-19 14:32:38,530 [pool-38-thread-1] INFO  server.RaftServerConfigKeys (ConfUtils.java:logGet(43)) - raft.server.log.segment.cache.num.max = 2 (custom)
2019-09-19 14:32:38,530 [pool-38-thread-1] INFO  segmented.SegmentedRaftLogWorker (SegmentedRaftLogWorker.java:<init>(172)) - new ce50d529-02c7-4d8b-8f37-5cc78bb94e38-SegmentedRaftLogWorker:Storage Directory /workdir/hadoop-ozone/ozonefs/target/test-dir/MiniOzoneClusterImpl-7fd34b2e-4b5a-464b-80ea-73e41b6bd6cd/datanode-1/data/ratis/c5f1501a-2b2b-43a2-ad36-f5d71e52efa6 for RaftStorage:Storage Directory /workdir/hadoop-ozone/ozonefs/target/test-dir/MiniOzoneClusterImpl-7fd34b2e-4b5a-464b-80ea-73e41b6bd6cd/datanode-1/data/ratis/c5f1501a-2b2b-43a2-ad36-f5d71e52efa6
2019-09-19 14:32:38,532 [pool-38-thread-1] INFO  server.RaftServerConfigKeys (ConfUtils.java:logGet(43)) - raft.server.log.queue.byte-limit = 2147483647 (custom)
2019-09-19 14:32:38,533 [pool-38-thread-1] INFO  server.RaftServerConfigKeys (ConfUtils.java:logGet(43)) - raft.server.log.queue.element-limit = 1024 (custom)
2019-09-19 14:32:38,533 [pool-38-thread-1] INFO  server.RaftServerConfigKeys (ConfUtils.java:logGet(43)) - raft.server.log.segment.size.max = 1048576 (custom)
2019-09-19 14:32:38,533 [pool-38-thread-1] INFO  server.RaftServerConfigKeys (ConfUtils.java:logGet(43)) - raft.server.log.preallocated.size = 16384 (custom)
2019-09-19 14:32:38,533 [pool-38-thread-1] INFO  server.RaftServerConfigKeys (ConfUtils.java:logGet(43)) - raft.server.log.write.buffer.size = 33554432 (custom)
2019-09-19 14:32:38,534 [pool-38-thread-1] INFO  server.RaftServerConfigKeys (ConfUtils.java:logGet(43)) - raft.server.log.force.sync.num = 128 (default)
2019-09-19 14:32:38,534 [pool-38-thread-1] INFO  server.RaftServerConfigKeys (ConfUtils.java:logGet(43)) - raft.server.log.statemachine.data.sync = true (default)
2019-09-19 14:32:38,534 [pool-38-thread-1] INFO  server.RaftServerConfigKeys (ConfUtils.java:logGet(43)) - raft.server.log.statemachine.data.sync.timeout = 10s (default)
2019-09-19 14:32:38,534 [pool-38-thread-1] INFO  server.RaftServerConfigKeys (ConfUtils.java:logGet(43)) - raft.server.log.statemachine.data.sync.timeout.retry = -1 (default)
2019-09-19 14:32:38,535 [pool-38-thread-1] INFO  server.RaftServerConfigKeys (ConfUtils.java:logGet(43)) - raft.server.log.statemachine.data.caching.enabled = true (custom)
2019-09-19 14:32:38,535 [pool-38-thread-1] INFO  segmented.SegmentedRaftLogWorker (SegmentedRaftLogWorker.java:lambda$new$0(132)) - ce50d529-02c7-4d8b-8f37-5cc78bb94e38-SegmentedRaftLogWorker:Storage Directory /workdir/hadoop-ozone/ozonefs/target/test-dir/MiniOzoneClusterImpl-7fd34b2e-4b5a-464b-80ea-73e41b6bd6cd/datanode-1/data/ratis/c5f1501a-2b2b-43a2-ad36-f5d71e52efa6: flushIndex: setUnconditionally 0 -> -1
2019-09-19 14:32:38,536 [pool-38-thread-1] INFO  server.RaftServerConfigKeys (ConfUtils.java:logGet(43)) - raft.server.snapshot.auto.trigger.enabled = true (custom)
2019-09-19 14:32:38,536 [pool-38-thread-1] INFO  server.RaftServerConfigKeys (ConfUtils.java:logGet(43)) - raft.server.snapshot.auto.trigger.threshold = 10000 (custom)
2019-09-19 14:32:38,536 [pool-38-thread-1] INFO  server.RaftServerConfigKeys (ConfUtils.java:logGet(43)) - raft.server.retrycache.expirytime = 600000ms (custom)
2019-09-19 14:32:38,536 [pool-38-thread-1] INFO  impl.RaftServerImpl (RaftServerImpl.java:start(180)) - ce50d529-02c7-4d8b-8f37-5cc78bb94e38: start group-F5D71E52EFA6
2019-09-19 14:32:38,537 [pool-38-thread-1] INFO  impl.RaftServerImpl (RaftServerImpl.java:setRole(171)) - ce50d529-02c7-4d8b-8f37-5cc78bb94e38:group-F5D71E52EFA6 changes role from null to FOLLOWER at term 0 for startAsFollower
2019-09-19 14:32:38,537 [pool-38-thread-1] INFO  impl.RoleInfo (RoleInfo.java:updateAndGet(143)) - ce50d529-02c7-4d8b-8f37-5cc78bb94e38: start FollowerState
2019-09-19 14:32:38,539 [pool-38-thread-1] INFO  util.JmxRegister (JmxRegister.java:tryRegister(44)) - Successfully registered JMX Bean with object name Ratis:service=RaftServer,group=group-F5D71E52EFA6,id=ce50d529-02c7-4d8b-8f37-5cc78bb94e38
2019-09-19 14:32:38,553 [RatisPipelineUtilsThread] INFO  pipeline.PipelineStateManager (PipelineStateManager.java:addPipeline(56)) - Created pipeline Pipeline[ Id: c5f1501a-2b2b-43a2-ad36-f5d71e52efa6, Nodes: ce50d529-02c7-4d8b-8f37-5cc78bb94e38{ip: 192.168.5.132, host: pr-hdds-1569-rzdr8-3403194166, networkLocation: /default-rack, certSerialId: null}, Type:RATIS, Factor:ONE, State:OPEN]
2019-09-19 14:32:38,576 [grpc-default-executor-0] INFO  impl.RaftServerProxy (RaftServerProxy.java:addNew(89)) - afe05dc7-b5f4-4b7b-b2b1-a227635ab2f1: addNew group-80AEBB6A1E24:[afe05dc7-b5f4-4b7b-b2b1-a227635ab2f1:192.168.5.132:43858] returns group-80AEBB6A1E24:java.util.concurrent.CompletableFuture@2932af2[Not completed]
2019-09-19 14:32:38,588 [pool-49-thread-1] INFO  impl.RaftServerImpl (RaftServerImpl.java:<init>(93)) - afe05dc7-b5f4-4b7b-b2b1-a227635ab2f1: new RaftServerImpl for group-80AEBB6A1E24:[afe05dc7-b5f4-4b7b-b2b1-a227635ab2f1:192.168.5.132:43858] with ContainerStateMachine:uninitialized
2019-09-19 14:32:38,589 [pool-49-thread-1] INFO  server.RaftServerConfigKeys (ConfUtils.java:logGet(43)) - raft.server.rpc.timeout.min = 5s (custom)
2019-09-19 14:32:38,589 [pool-49-thread-1] INFO  server.RaftServerConfigKeys (ConfUtils.java:logGet(43)) - raft.server.rpc.timeout.max = 5200ms (custom)
2019-09-19 14:32:38,589 [pool-49-thread-1] INFO  server.RaftServerConfigKeys (ConfUtils.java:logGet(43)) - raft.server.rpcslowness.timeout = 120s (custom)
2019-09-19 14:32:38,589 [pool-49-thread-1] INFO  server.RaftServerConfigKeys (ConfUtils.java:logGet(43)) - raft.server.sleep.deviation.threshold = 300 (default)
2019-09-19 14:32:38,590 [pool-49-thread-1] INFO  server.RaftServerConfigKeys (ConfUtils.java:logGet(43)) - raft.server.log.appender.install.snapshot.enabled = false (custom)
2019-09-19 14:32:38,590 [pool-49-thread-1] INFO  impl.RaftServerImpl (ServerState.java:<init>(105)) - afe05dc7-b5f4-4b7b-b2b1-a227635ab2f1:group-80AEBB6A1E24 ConfigurationManager, init=-1: [afe05dc7-b5f4-4b7b-b2b1-a227635ab2f1:192.168.5.132:43858], old=null, confs=<EMPTY_MAP>
2019-09-19 14:32:38,590 [pool-49-thread-1] INFO  server.RaftServerConfigKeys (ConfUtils.java:logGet(43)) - raft.server.storage.dir = [/workdir/hadoop-ozone/ozonefs/target/test-dir/MiniOzoneClusterImpl-7fd34b2e-4b5a-464b-80ea-73e41b6bd6cd/datanode-2/data/ratis] (custom)
2019-09-19 14:32:38,591 [pool-49-thread-1] INFO  storage.RaftStorageDirectory (RaftStorageDirectory.java:analyzeStorage(246)) - The storage directory /workdir/hadoop-ozone/ozonefs/target/test-dir/MiniOzoneClusterImpl-7fd34b2e-4b5a-464b-80ea-73e41b6bd6cd/datanode-2/data/ratis/9ffb87da-3772-4625-910c-80aebb6a1e24 does not exist. Creating ...
2019-09-19 14:32:38,605 [pool-49-thread-1] INFO  storage.RaftStorageDirectory (RaftStorageDirectory.java:tryLock(328)) - Lock on /workdir/hadoop-ozone/ozonefs/target/test-dir/MiniOzoneClusterImpl-7fd34b2e-4b5a-464b-80ea-73e41b6bd6cd/datanode-2/data/ratis/9ffb87da-3772-4625-910c-80aebb6a1e24/in_use.lock acquired by nodename 17492@pr-hdds-1569-rzdr8-3403194166
2019-09-19 14:32:38,618 [pool-49-thread-1] INFO  storage.RaftStorage (RaftStorage.java:format(72)) - Storage directory /workdir/hadoop-ozone/ozonefs/target/test-dir/MiniOzoneClusterImpl-7fd34b2e-4b5a-464b-80ea-73e41b6bd6cd/datanode-2/data/ratis/9ffb87da-3772-4625-910c-80aebb6a1e24 has been successfully formatted.
2019-09-19 14:32:38,618 [pool-49-thread-1] INFO  ratis.ContainerStateMachine (ContainerStateMachine.java:loadSnapshot(226)) - group-80AEBB6A1E24: The snapshot info is null. Setting the last applied indexto:(t:0, i:~)
2019-09-19 14:32:38,619 [pool-49-thread-1] INFO  server.RaftServerConfigKeys (ConfUtils.java:logGet(43)) - raft.server.leader.election.timeout = 120s (custom)
2019-09-19 14:32:38,619 [pool-49-thread-1] INFO  server.RaftServerConfigKeys (ConfUtils.java:logGet(43)) - raft.server.log.use.memory = false (default)
2019-09-19 14:32:38,619 [pool-49-thread-1] INFO  server.RaftServerConfigKeys (ConfUtils.java:logGet(43)) - raft.server.log.purge.gap = 1000000 (custom)
2019-09-19 14:32:38,619 [pool-49-thread-1] INFO  server.RaftServerConfigKeys (ConfUtils.java:logGet(43)) - raft.server.log.appender.buffer.byte-limit = 33554432 (custom)
2019-09-19 14:32:38,619 [pool-49-thread-1] INFO  server.RaftServerConfigKeys (ConfUtils.java:logGet(43)) - raft.server.log.segment.size.max = 1048576 (custom)
2019-09-19 14:32:38,620 [pool-49-thread-1] INFO  server.RaftServerConfigKeys (ConfUtils.java:logGet(43)) - raft.server.log.segment.cache.num.max = 2 (custom)
2019-09-19 14:32:38,620 [pool-49-thread-1] INFO  segmented.SegmentedRaftLogWorker (SegmentedRaftLogWorker.java:<init>(172)) - new afe05dc7-b5f4-4b7b-b2b1-a227635ab2f1-SegmentedRaftLogWorker:Storage Directory /workdir/hadoop-ozone/ozonefs/target/test-dir/MiniOzoneClusterImpl-7fd34b2e-4b5a-464b-80ea-73e41b6bd6cd/datanode-2/data/ratis/9ffb87da-3772-4625-910c-80aebb6a1e24 for RaftStorage:Storage Directory /workdir/hadoop-ozone/ozonefs/target/test-dir/MiniOzoneClusterImpl-7fd34b2e-4b5a-464b-80ea-73e41b6bd6cd/datanode-2/data/ratis/9ffb87da-3772-4625-910c-80aebb6a1e24
2019-09-19 14:32:38,620 [pool-49-thread-1] INFO  server.RaftServerConfigKeys (ConfUtils.java:logGet(43)) - raft.server.log.queue.byte-limit = 2147483647 (custom)
2019-09-19 14:32:38,620 [pool-49-thread-1] INFO  server.RaftServerConfigKeys (ConfUtils.java:logGet(43)) - raft.server.log.queue.element-limit = 1024 (custom)
2019-09-19 14:32:38,620 [pool-49-thread-1] INFO  server.RaftServerConfigKeys (ConfUtils.java:logGet(43)) - raft.server.log.segment.size.max = 1048576 (custom)
2019-09-19 14:32:38,621 [pool-49-thread-1] INFO  server.RaftServerConfigKeys (ConfUtils.java:logGet(43)) - raft.server.log.preallocated.size = 16384 (custom)
2019-09-19 14:32:38,621 [pool-49-thread-1] INFO  server.RaftServerConfigKeys (ConfUtils.java:logGet(43)) - raft.server.log.write.buffer.size = 33554432 (custom)
2019-09-19 14:32:38,621 [pool-49-thread-1] INFO  server.RaftServerConfigKeys (ConfUtils.java:logGet(43)) - raft.server.log.force.sync.num = 128 (default)
2019-09-19 14:32:38,621 [pool-49-thread-1] INFO  server.RaftServerConfigKeys (ConfUtils.java:logGet(43)) - raft.server.log.statemachine.data.sync = true (default)
2019-09-19 14:32:38,621 [pool-49-thread-1] INFO  server.RaftServerConfigKeys (ConfUtils.java:logGet(43)) - raft.server.log.statemachine.data.sync.timeout = 10s (default)
2019-09-19 14:32:38,622 [pool-49-thread-1] INFO  server.RaftServerConfigKeys (ConfUtils.java:logGet(43)) - raft.server.log.statemachine.data.sync.timeout.retry = -1 (default)
2019-09-19 14:32:38,622 [pool-49-thread-1] INFO  server.RaftServerConfigKeys (ConfUtils.java:logGet(43)) - raft.server.log.statemachine.data.caching.enabled = true (custom)
2019-09-19 14:32:38,622 [pool-49-thread-1] INFO  segmented.SegmentedRaftLogWorker (SegmentedRaftLogWorker.java:lambda$new$0(132)) - afe05dc7-b5f4-4b7b-b2b1-a227635ab2f1-SegmentedRaftLogWorker:Storage Directory /workdir/hadoop-ozone/ozonefs/target/test-dir/MiniOzoneClusterImpl-7fd34b2e-4b5a-464b-80ea-73e41b6bd6cd/datanode-2/data/ratis/9ffb87da-3772-4625-910c-80aebb6a1e24: flushIndex: setUnconditionally 0 -> -1
2019-09-19 14:32:38,623 [pool-49-thread-1] INFO  server.RaftServerConfigKeys (ConfUtils.java:logGet(43)) - raft.server.snapshot.auto.trigger.enabled = true (custom)
2019-09-19 14:32:38,623 [pool-49-thread-1] INFO  server.RaftServerConfigKeys (ConfUtils.java:logGet(43)) - raft.server.snapshot.auto.trigger.threshold = 10000 (custom)
2019-09-19 14:32:38,623 [pool-49-thread-1] INFO  server.RaftServerConfigKeys (ConfUtils.java:logGet(43)) - raft.server.retrycache.expirytime = 600000ms (custom)
2019-09-19 14:32:38,624 [pool-49-thread-1] INFO  impl.RaftServerImpl (RaftServerImpl.java:start(180)) - afe05dc7-b5f4-4b7b-b2b1-a227635ab2f1: start group-80AEBB6A1E24
2019-09-19 14:32:38,624 [pool-49-thread-1] INFO  impl.RaftServerImpl (RaftServerImpl.java:setRole(171)) - afe05dc7-b5f4-4b7b-b2b1-a227635ab2f1:group-80AEBB6A1E24 changes role from null to FOLLOWER at term 0 for startAsFollower
2019-09-19 14:32:38,624 [pool-49-thread-1] INFO  impl.RoleInfo (RoleInfo.java:updateAndGet(143)) - afe05dc7-b5f4-4b7b-b2b1-a227635ab2f1: start FollowerState
2019-09-19 14:32:38,624 [pool-49-thread-1] INFO  util.JmxRegister (JmxRegister.java:tryRegister(44)) - Successfully registered JMX Bean with object name Ratis:service=RaftServer,group=group-80AEBB6A1E24,id=afe05dc7-b5f4-4b7b-b2b1-a227635ab2f1
2019-09-19 14:32:38,636 [RatisPipelineUtilsThread] INFO  pipeline.PipelineStateManager (PipelineStateManager.java:addPipeline(56)) - Created pipeline Pipeline[ Id: 9ffb87da-3772-4625-910c-80aebb6a1e24, Nodes: afe05dc7-b5f4-4b7b-b2b1-a227635ab2f1{ip: 192.168.5.132, host: pr-hdds-1569-rzdr8-3403194166, networkLocation: /default-rack, certSerialId: null}, Type:RATIS, Factor:ONE, State:OPEN]
2019-09-19 14:32:38,657 [grpc-default-executor-0] INFO  impl.RaftServerProxy (RaftServerProxy.java:addNew(89)) - ce50d529-02c7-4d8b-8f37-5cc78bb94e38: addNew group-6116F6BE8D34:[ce50d529-02c7-4d8b-8f37-5cc78bb94e38:192.168.5.132:44387] returns group-6116F6BE8D34:java.util.concurrent.CompletableFuture@2a09ee69[Not completed]
2019-09-19 14:32:38,659 [pool-38-thread-1] INFO  impl.RaftServerImpl (RaftServerImpl.java:<init>(93)) - ce50d529-02c7-4d8b-8f37-5cc78bb94e38: new RaftServerImpl for group-6116F6BE8D34:[ce50d529-02c7-4d8b-8f37-5cc78bb94e38:192.168.5.132:44387] with ContainerStateMachine:uninitialized
2019-09-19 14:32:38,659 [pool-38-thread-1] INFO  server.RaftServerConfigKeys (ConfUtils.java:logGet(43)) - raft.server.rpc.timeout.min = 5s (custom)
2019-09-19 14:32:38,659 [pool-38-thread-1] INFO  server.RaftServerConfigKeys (ConfUtils.java:logGet(43)) - raft.server.rpc.timeout.max = 5200ms (custom)
2019-09-19 14:32:38,659 [pool-38-thread-1] INFO  server.RaftServerConfigKeys (ConfUtils.java:logGet(43)) - raft.server.rpcslowness.timeout = 120s (custom)
2019-09-19 14:32:38,660 [pool-38-thread-1] INFO  server.RaftServerConfigKeys (ConfUtils.java:logGet(43)) - raft.server.sleep.deviation.threshold = 300 (default)
2019-09-19 14:32:38,660 [pool-38-thread-1] INFO  server.RaftServerConfigKeys (ConfUtils.java:logGet(43)) - raft.server.log.appender.install.snapshot.enabled = false (custom)
2019-09-19 14:32:38,660 [pool-38-thread-1] INFO  impl.RaftServerImpl (ServerState.java:<init>(105)) - ce50d529-02c7-4d8b-8f37-5cc78bb94e38:group-6116F6BE8D34 ConfigurationManager, init=-1: [ce50d529-02c7-4d8b-8f37-5cc78bb94e38:192.168.5.132:44387], old=null, confs=<EMPTY_MAP>
2019-09-19 14:32:38,660 [pool-38-thread-1] INFO  server.RaftServerConfigKeys (ConfUtils.java:logGet(43)) - raft.server.storage.dir = [/workdir/hadoop-ozone/ozonefs/target/test-dir/MiniOzoneClusterImpl-7fd34b2e-4b5a-464b-80ea-73e41b6bd6cd/datanode-1/data/ratis] (custom)
2019-09-19 14:32:38,661 [pool-38-thread-1] INFO  storage.RaftStorageDirectory (RaftStorageDirectory.java:analyzeStorage(246)) - The storage directory /workdir/hadoop-ozone/ozonefs/target/test-dir/MiniOzoneClusterImpl-7fd34b2e-4b5a-464b-80ea-73e41b6bd6cd/datanode-1/data/ratis/1a573e2c-97e0-4434-913e-6116f6be8d34 does not exist. Creating ...
2019-09-19 14:32:38,676 [pool-38-thread-1] INFO  storage.RaftStorageDirectory (RaftStorageDirectory.java:tryLock(328)) - Lock on /workdir/hadoop-ozone/ozonefs/target/test-dir/MiniOzoneClusterImpl-7fd34b2e-4b5a-464b-80ea-73e41b6bd6cd/datanode-1/data/ratis/1a573e2c-97e0-4434-913e-6116f6be8d34/in_use.lock acquired by nodename 17492@pr-hdds-1569-rzdr8-3403194166
2019-09-19 14:32:38,693 [pool-38-thread-1] INFO  storage.RaftStorage (RaftStorage.java:format(72)) - Storage directory /workdir/hadoop-ozone/ozonefs/target/test-dir/MiniOzoneClusterImpl-7fd34b2e-4b5a-464b-80ea-73e41b6bd6cd/datanode-1/data/ratis/1a573e2c-97e0-4434-913e-6116f6be8d34 has been successfully formatted.
2019-09-19 14:32:38,694 [pool-38-thread-1] INFO  ratis.ContainerStateMachine (ContainerStateMachine.java:loadSnapshot(226)) - group-6116F6BE8D34: The snapshot info is null. Setting the last applied indexto:(t:0, i:~)
2019-09-19 14:32:38,694 [pool-38-thread-1] INFO  server.RaftServerConfigKeys (ConfUtils.java:logGet(43)) - raft.server.leader.election.timeout = 120s (custom)
2019-09-19 14:32:38,694 [pool-38-thread-1] INFO  server.RaftServerConfigKeys (ConfUtils.java:logGet(43)) - raft.server.log.use.memory = false (default)
2019-09-19 14:32:38,694 [pool-38-thread-1] INFO  server.RaftServerConfigKeys (ConfUtils.java:logGet(43)) - raft.server.log.purge.gap = 1000000 (custom)
2019-09-19 14:32:38,695 [pool-38-thread-1] INFO  server.RaftServerConfigKeys (ConfUtils.java:logGet(43)) - raft.server.log.appender.buffer.byte-limit = 33554432 (custom)
2019-09-19 14:32:38,695 [pool-38-thread-1] INFO  server.RaftServerConfigKeys (ConfUtils.java:logGet(43)) - raft.server.log.segment.size.max = 1048576 (custom)
2019-09-19 14:32:38,695 [pool-38-thread-1] INFO  server.RaftServerConfigKeys (ConfUtils.java:logGet(43)) - raft.server.log.segment.cache.num.max = 2 (custom)
2019-09-19 14:32:38,695 [pool-38-thread-1] INFO  segmented.SegmentedRaftLogWorker (SegmentedRaftLogWorker.java:<init>(172)) - new ce50d529-02c7-4d8b-8f37-5cc78bb94e38-SegmentedRaftLogWorker:Storage Directory /workdir/hadoop-ozone/ozonefs/target/test-dir/MiniOzoneClusterImpl-7fd34b2e-4b5a-464b-80ea-73e41b6bd6cd/datanode-1/data/ratis/1a573e2c-97e0-4434-913e-6116f6be8d34 for RaftStorage:Storage Directory /workdir/hadoop-ozone/ozonefs/target/test-dir/MiniOzoneClusterImpl-7fd34b2e-4b5a-464b-80ea-73e41b6bd6cd/datanode-1/data/ratis/1a573e2c-97e0-4434-913e-6116f6be8d34
2019-09-19 14:32:38,695 [pool-38-thread-1] INFO  server.RaftServerConfigKeys (ConfUtils.java:logGet(43)) - raft.server.log.queue.byte-limit = 2147483647 (custom)
2019-09-19 14:32:38,696 [pool-38-thread-1] INFO  server.RaftServerConfigKeys (ConfUtils.java:logGet(43)) - raft.server.log.queue.element-limit = 1024 (custom)
2019-09-19 14:32:38,696 [pool-38-thread-1] INFO  server.RaftServerConfigKeys (ConfUtils.java:logGet(43)) - raft.server.log.segment.size.max = 1048576 (custom)
2019-09-19 14:32:38,696 [pool-38-thread-1] INFO  server.RaftServerConfigKeys (ConfUtils.java:logGet(43)) - raft.server.log.preallocated.size = 16384 (custom)
2019-09-19 14:32:38,696 [pool-38-thread-1] INFO  server.RaftServerConfigKeys (ConfUtils.java:logGet(43)) - raft.server.log.write.buffer.size = 33554432 (custom)
2019-09-19 14:32:38,697 [pool-38-thread-1] INFO  server.RaftServerConfigKeys (ConfUtils.java:logGet(43)) - raft.server.log.force.sync.num = 128 (default)
2019-09-19 14:32:38,697 [pool-38-thread-1] INFO  server.RaftServerConfigKeys (ConfUtils.java:logGet(43)) - raft.server.log.statemachine.data.sync = true (default)
2019-09-19 14:32:38,697 [pool-38-thread-1] INFO  server.RaftServerConfigKeys (ConfUtils.java:logGet(43)) - raft.server.log.statemachine.data.sync.timeout = 10s (default)
2019-09-19 14:32:38,697 [pool-38-thread-1] INFO  server.RaftServerConfigKeys (ConfUtils.java:logGet(43)) - raft.server.log.statemachine.data.sync.timeout.retry = -1 (default)
2019-09-19 14:32:38,698 [pool-38-thread-1] INFO  server.RaftServerConfigKeys (ConfUtils.java:logGet(43)) - raft.server.log.statemachine.data.caching.enabled = true (custom)
2019-09-19 14:32:38,698 [pool-38-thread-1] INFO  segmented.SegmentedRaftLogWorker (SegmentedRaftLogWorker.java:lambda$new$0(132)) - ce50d529-02c7-4d8b-8f37-5cc78bb94e38-SegmentedRaftLogWorker:Storage Directory /workdir/hadoop-ozone/ozonefs/target/test-dir/MiniOzoneClusterImpl-7fd34b2e-4b5a-464b-80ea-73e41b6bd6cd/datanode-1/data/ratis/1a573e2c-97e0-4434-913e-6116f6be8d34: flushIndex: setUnconditionally 0 -> -1
2019-09-19 14:32:38,699 [pool-38-thread-1] INFO  server.RaftServerConfigKeys (ConfUtils.java:logGet(43)) - raft.server.snapshot.auto.trigger.enabled = true (custom)
2019-09-19 14:32:38,699 [pool-38-thread-1] INFO  server.RaftServerConfigKeys (ConfUtils.java:logGet(43)) - raft.server.snapshot.auto.trigger.threshold = 10000 (custom)
2019-09-19 14:32:38,699 [pool-38-thread-1] INFO  server.RaftServerConfigKeys (ConfUtils.java:logGet(43)) - raft.server.retrycache.expirytime = 600000ms (custom)
2019-09-19 14:32:38,699 [pool-38-thread-1] INFO  impl.RaftServerImpl (RaftServerImpl.java:start(180)) - ce50d529-02c7-4d8b-8f37-5cc78bb94e38: start group-6116F6BE8D34
2019-09-19 14:32:38,700 [pool-38-thread-1] INFO  impl.RaftServerImpl (RaftServerImpl.java:setRole(171)) - ce50d529-02c7-4d8b-8f37-5cc78bb94e38:group-6116F6BE8D34 changes role from null to FOLLOWER at term 0 for startAsFollower
2019-09-19 14:32:38,700 [pool-38-thread-1] INFO  impl.RoleInfo (RoleInfo.java:updateAndGet(143)) - ce50d529-02c7-4d8b-8f37-5cc78bb94e38: start FollowerState
2019-09-19 14:32:38,700 [pool-38-thread-1] INFO  util.JmxRegister (JmxRegister.java:tryRegister(44)) - Successfully registered JMX Bean with object name Ratis:service=RaftServer,group=group-6116F6BE8D34,id=ce50d529-02c7-4d8b-8f37-5cc78bb94e38
2019-09-19 14:32:38,711 [RatisPipelineUtilsThread] INFO  pipeline.PipelineStateManager (PipelineStateManager.java:addPipeline(56)) - Created pipeline Pipeline[ Id: 1a573e2c-97e0-4434-913e-6116f6be8d34, Nodes: ce50d529-02c7-4d8b-8f37-5cc78bb94e38{ip: 192.168.5.132, host: pr-hdds-1569-rzdr8-3403194166, networkLocation: /default-rack, certSerialId: null}, Type:RATIS, Factor:ONE, State:OPEN]
2019-09-19 14:32:38,729 [grpc-default-executor-0] INFO  impl.RaftServerProxy (RaftServerProxy.java:addNew(89)) - 7a325ef5-9e46-4d2e-b6ac-02f5003c9e57: addNew group-A6DA9D03F524:[7a325ef5-9e46-4d2e-b6ac-02f5003c9e57:192.168.5.132:36525] returns group-A6DA9D03F524:java.util.concurrent.CompletableFuture@2a07ffcf[Not completed]
2019-09-19 14:32:38,731 [pool-27-thread-1] INFO  impl.RaftServerImpl (RaftServerImpl.java:<init>(93)) - 7a325ef5-9e46-4d2e-b6ac-02f5003c9e57: new RaftServerImpl for group-A6DA9D03F524:[7a325ef5-9e46-4d2e-b6ac-02f5003c9e57:192.168.5.132:36525] with ContainerStateMachine:uninitialized
2019-09-19 14:32:38,731 [pool-27-thread-1] INFO  server.RaftServerConfigKeys (ConfUtils.java:logGet(43)) - raft.server.rpc.timeout.min = 5s (custom)
2019-09-19 14:32:38,732 [pool-27-thread-1] INFO  server.RaftServerConfigKeys (ConfUtils.java:logGet(43)) - raft.server.rpc.timeout.max = 5200ms (custom)
2019-09-19 14:32:38,732 [pool-27-thread-1] INFO  server.RaftServerConfigKeys (ConfUtils.java:logGet(43)) - raft.server.rpcslowness.timeout = 120s (custom)
2019-09-19 14:32:38,732 [pool-27-thread-1] INFO  server.RaftServerConfigKeys (ConfUtils.java:logGet(43)) - raft.server.sleep.deviation.threshold = 300 (default)
2019-09-19 14:32:38,732 [pool-27-thread-1] INFO  server.RaftServerConfigKeys (ConfUtils.java:logGet(43)) - raft.server.log.appender.install.snapshot.enabled = false (custom)
2019-09-19 14:32:38,732 [pool-27-thread-1] INFO  impl.RaftServerImpl (ServerState.java:<init>(105)) - 7a325ef5-9e46-4d2e-b6ac-02f5003c9e57:group-A6DA9D03F524 ConfigurationManager, init=-1: [7a325ef5-9e46-4d2e-b6ac-02f5003c9e57:192.168.5.132:36525], old=null, confs=<EMPTY_MAP>
2019-09-19 14:32:38,733 [pool-27-thread-1] INFO  server.RaftServerConfigKeys (ConfUtils.java:logGet(43)) - raft.server.storage.dir = [/workdir/hadoop-ozone/ozonefs/target/test-dir/MiniOzoneClusterImpl-7fd34b2e-4b5a-464b-80ea-73e41b6bd6cd/datanode-0/data/ratis] (custom)
2019-09-19 14:32:38,733 [pool-27-thread-1] INFO  storage.RaftStorageDirectory (RaftStorageDirectory.java:analyzeStorage(246)) - The storage directory /workdir/hadoop-ozone/ozonefs/target/test-dir/MiniOzoneClusterImpl-7fd34b2e-4b5a-464b-80ea-73e41b6bd6cd/datanode-0/data/ratis/57447e3d-c0aa-4b3d-955d-a6da9d03f524 does not exist. Creating ...
2019-09-19 14:32:38,758 [pool-27-thread-1] INFO  storage.RaftStorageDirectory (RaftStorageDirectory.java:tryLock(328)) - Lock on /workdir/hadoop-ozone/ozonefs/target/test-dir/MiniOzoneClusterImpl-7fd34b2e-4b5a-464b-80ea-73e41b6bd6cd/datanode-0/data/ratis/57447e3d-c0aa-4b3d-955d-a6da9d03f524/in_use.lock acquired by nodename 17492@pr-hdds-1569-rzdr8-3403194166
2019-09-19 14:32:38,791 [pool-27-thread-1] INFO  storage.RaftStorage (RaftStorage.java:format(72)) - Storage directory /workdir/hadoop-ozone/ozonefs/target/test-dir/MiniOzoneClusterImpl-7fd34b2e-4b5a-464b-80ea-73e41b6bd6cd/datanode-0/data/ratis/57447e3d-c0aa-4b3d-955d-a6da9d03f524 has been successfully formatted.
2019-09-19 14:32:38,792 [pool-27-thread-1] INFO  ratis.ContainerStateMachine (ContainerStateMachine.java:loadSnapshot(226)) - group-A6DA9D03F524: The snapshot info is null. Setting the last applied indexto:(t:0, i:~)
2019-09-19 14:32:38,792 [pool-27-thread-1] INFO  server.RaftServerConfigKeys (ConfUtils.java:logGet(43)) - raft.server.leader.election.timeout = 120s (custom)
2019-09-19 14:32:38,792 [pool-27-thread-1] INFO  server.RaftServerConfigKeys (ConfUtils.java:logGet(43)) - raft.server.log.use.memory = false (default)
2019-09-19 14:32:38,792 [pool-27-thread-1] INFO  server.RaftServerConfigKeys (ConfUtils.java:logGet(43)) - raft.server.log.purge.gap = 1000000 (custom)
2019-09-19 14:32:38,793 [pool-27-thread-1] INFO  server.RaftServerConfigKeys (ConfUtils.java:logGet(43)) - raft.server.log.appender.buffer.byte-limit = 33554432 (custom)
2019-09-19 14:32:38,793 [pool-27-thread-1] INFO  server.RaftServerConfigKeys (ConfUtils.java:logGet(43)) - raft.server.log.segment.size.max = 1048576 (custom)
2019-09-19 14:32:38,793 [pool-27-thread-1] INFO  server.RaftServerConfigKeys (ConfUtils.java:logGet(43)) - raft.server.log.segment.cache.num.max = 2 (custom)
2019-09-19 14:32:38,793 [pool-27-thread-1] INFO  segmented.SegmentedRaftLogWorker (SegmentedRaftLogWorker.java:<init>(172)) - new 7a325ef5-9e46-4d2e-b6ac-02f5003c9e57-SegmentedRaftLogWorker:Storage Directory /workdir/hadoop-ozone/ozonefs/target/test-dir/MiniOzoneClusterImpl-7fd34b2e-4b5a-464b-80ea-73e41b6bd6cd/datanode-0/data/ratis/57447e3d-c0aa-4b3d-955d-a6da9d03f524 for RaftStorage:Storage Directory /workdir/hadoop-ozone/ozonefs/target/test-dir/MiniOzoneClusterImpl-7fd34b2e-4b5a-464b-80ea-73e41b6bd6cd/datanode-0/data/ratis/57447e3d-c0aa-4b3d-955d-a6da9d03f524
2019-09-19 14:32:38,794 [pool-27-thread-1] INFO  server.RaftServerConfigKeys (ConfUtils.java:logGet(43)) - raft.server.log.queue.byte-limit = 2147483647 (custom)
2019-09-19 14:32:38,794 [pool-27-thread-1] INFO  server.RaftServerConfigKeys (ConfUtils.java:logGet(43)) - raft.server.log.queue.element-limit = 1024 (custom)
2019-09-19 14:32:38,794 [pool-27-thread-1] INFO  server.RaftServerConfigKeys (ConfUtils.java:logGet(43)) - raft.server.log.segment.size.max = 1048576 (custom)
2019-09-19 14:32:38,794 [pool-27-thread-1] INFO  server.RaftServerConfigKeys (ConfUtils.java:logGet(43)) - raft.server.log.preallocated.size = 16384 (custom)
2019-09-19 14:32:38,794 [pool-27-thread-1] INFO  server.RaftServerConfigKeys (ConfUtils.java:logGet(43)) - raft.server.log.write.buffer.size = 33554432 (custom)
2019-09-19 14:32:38,795 [pool-27-thread-1] INFO  server.RaftServerConfigKeys (ConfUtils.java:logGet(43)) - raft.server.log.force.sync.num = 128 (default)
2019-09-19 14:32:38,795 [pool-27-thread-1] INFO  server.RaftServerConfigKeys (ConfUtils.java:logGet(43)) - raft.server.log.statemachine.data.sync = true (default)
2019-09-19 14:32:38,795 [pool-27-thread-1] INFO  server.RaftServerConfigKeys (ConfUtils.java:logGet(43)) - raft.server.log.statemachine.data.sync.timeout = 10s (default)
2019-09-19 14:32:38,795 [pool-27-thread-1] INFO  server.RaftServerConfigKeys (ConfUtils.java:logGet(43)) - raft.server.log.statemachine.data.sync.timeout.retry = -1 (default)
2019-09-19 14:32:38,796 [pool-27-thread-1] INFO  server.RaftServerConfigKeys (ConfUtils.java:logGet(43)) - raft.server.log.statemachine.data.caching.enabled = true (custom)
2019-09-19 14:32:38,796 [pool-27-thread-1] INFO  segmented.SegmentedRaftLogWorker (SegmentedRaftLogWorker.java:lambda$new$0(132)) - 7a325ef5-9e46-4d2e-b6ac-02f5003c9e57-SegmentedRaftLogWorker:Storage Directory /workdir/hadoop-ozone/ozonefs/target/test-dir/MiniOzoneClusterImpl-7fd34b2e-4b5a-464b-80ea-73e41b6bd6cd/datanode-0/data/ratis/57447e3d-c0aa-4b3d-955d-a6da9d03f524: flushIndex: setUnconditionally 0 -> -1
2019-09-19 14:32:38,796 [pool-27-thread-1] INFO  server.RaftServerConfigKeys (ConfUtils.java:logGet(43)) - raft.server.snapshot.auto.trigger.enabled = true (custom)
2019-09-19 14:32:38,797 [pool-27-thread-1] INFO  server.RaftServerConfigKeys (ConfUtils.java:logGet(43)) - raft.server.snapshot.auto.trigger.threshold = 10000 (custom)
2019-09-19 14:32:38,797 [pool-27-thread-1] INFO  server.RaftServerConfigKeys (ConfUtils.java:logGet(43)) - raft.server.retrycache.expirytime = 600000ms (custom)
2019-09-19 14:32:38,797 [pool-27-thread-1] INFO  impl.RaftServerImpl (RaftServerImpl.java:start(180)) - 7a325ef5-9e46-4d2e-b6ac-02f5003c9e57: start group-A6DA9D03F524
2019-09-19 14:32:38,797 [pool-27-thread-1] INFO  impl.RaftServerImpl (RaftServerImpl.java:setRole(171)) - 7a325ef5-9e46-4d2e-b6ac-02f5003c9e57:group-A6DA9D03F524 changes role from null to FOLLOWER at term 0 for startAsFollower
2019-09-19 14:32:38,798 [pool-27-thread-1] INFO  impl.RoleInfo (RoleInfo.java:updateAndGet(143)) - 7a325ef5-9e46-4d2e-b6ac-02f5003c9e57: start FollowerState
2019-09-19 14:32:38,798 [pool-27-thread-1] INFO  util.JmxRegister (JmxRegister.java:tryRegister(44)) - Successfully registered JMX Bean with object name Ratis:service=RaftServer,group=group-A6DA9D03F524,id=7a325ef5-9e46-4d2e-b6ac-02f5003c9e57
2019-09-19 14:32:38,812 [RatisPipelineUtilsThread] INFO  pipeline.PipelineStateManager (PipelineStateManager.java:addPipeline(56)) - Created pipeline Pipeline[ Id: 57447e3d-c0aa-4b3d-955d-a6da9d03f524, Nodes: 7a325ef5-9e46-4d2e-b6ac-02f5003c9e57{ip: 192.168.5.132, host: pr-hdds-1569-rzdr8-3403194166, networkLocation: /default-rack, certSerialId: null}, Type:RATIS, Factor:ONE, State:OPEN]
2019-09-19 14:32:38,827 [grpc-default-executor-0] INFO  impl.RaftServerProxy (RaftServerProxy.java:addNew(89)) - 7a325ef5-9e46-4d2e-b6ac-02f5003c9e57: addNew group-5114D1A4FAF8:[7a325ef5-9e46-4d2e-b6ac-02f5003c9e57:192.168.5.132:36525] returns group-5114D1A4FAF8:java.util.concurrent.CompletableFuture@74a9f930[Not completed]
2019-09-19 14:32:38,829 [pool-27-thread-1] INFO  impl.RaftServerImpl (RaftServerImpl.java:<init>(93)) - 7a325ef5-9e46-4d2e-b6ac-02f5003c9e57: new RaftServerImpl for group-5114D1A4FAF8:[7a325ef5-9e46-4d2e-b6ac-02f5003c9e57:192.168.5.132:36525] with ContainerStateMachine:uninitialized
2019-09-19 14:32:38,829 [pool-27-thread-1] INFO  server.RaftServerConfigKeys (ConfUtils.java:logGet(43)) - raft.server.rpc.timeout.min = 5s (custom)
2019-09-19 14:32:38,830 [pool-27-thread-1] INFO  server.RaftServerConfigKeys (ConfUtils.java:logGet(43)) - raft.server.rpc.timeout.max = 5200ms (custom)
2019-09-19 14:32:38,830 [pool-27-thread-1] INFO  server.RaftServerConfigKeys (ConfUtils.java:logGet(43)) - raft.server.rpcslowness.timeout = 120s (custom)
2019-09-19 14:32:38,830 [pool-27-thread-1] INFO  server.RaftServerConfigKeys (ConfUtils.java:logGet(43)) - raft.server.sleep.deviation.threshold = 300 (default)
2019-09-19 14:32:38,830 [pool-27-thread-1] INFO  server.RaftServerConfigKeys (ConfUtils.java:logGet(43)) - raft.server.log.appender.install.snapshot.enabled = false (custom)
2019-09-19 14:32:38,830 [pool-27-thread-1] INFO  impl.RaftServerImpl (ServerState.java:<init>(105)) - 7a325ef5-9e46-4d2e-b6ac-02f5003c9e57:group-5114D1A4FAF8 ConfigurationManager, init=-1: [7a325ef5-9e46-4d2e-b6ac-02f5003c9e57:192.168.5.132:36525], old=null, confs=<EMPTY_MAP>
2019-09-19 14:32:38,831 [pool-27-thread-1] INFO  server.RaftServerConfigKeys (ConfUtils.java:logGet(43)) - raft.server.storage.dir = [/workdir/hadoop-ozone/ozonefs/target/test-dir/MiniOzoneClusterImpl-7fd34b2e-4b5a-464b-80ea-73e41b6bd6cd/datanode-0/data/ratis] (custom)
2019-09-19 14:32:38,831 [pool-27-thread-1] INFO  storage.RaftStorageDirectory (RaftStorageDirectory.java:analyzeStorage(246)) - The storage directory /workdir/hadoop-ozone/ozonefs/target/test-dir/MiniOzoneClusterImpl-7fd34b2e-4b5a-464b-80ea-73e41b6bd6cd/datanode-0/data/ratis/dedd9c60-213f-44d7-977f-5114d1a4faf8 does not exist. Creating ...
2019-09-19 14:32:38,844 [pool-27-thread-1] INFO  storage.RaftStorageDirectory (RaftStorageDirectory.java:tryLock(328)) - Lock on /workdir/hadoop-ozone/ozonefs/target/test-dir/MiniOzoneClusterImpl-7fd34b2e-4b5a-464b-80ea-73e41b6bd6cd/datanode-0/data/ratis/dedd9c60-213f-44d7-977f-5114d1a4faf8/in_use.lock acquired by nodename 17492@pr-hdds-1569-rzdr8-3403194166
2019-09-19 14:32:38,858 [pool-27-thread-1] INFO  storage.RaftStorage (RaftStorage.java:format(72)) - Storage directory /workdir/hadoop-ozone/ozonefs/target/test-dir/MiniOzoneClusterImpl-7fd34b2e-4b5a-464b-80ea-73e41b6bd6cd/datanode-0/data/ratis/dedd9c60-213f-44d7-977f-5114d1a4faf8 has been successfully formatted.
2019-09-19 14:32:38,859 [pool-27-thread-1] INFO  ratis.ContainerStateMachine (ContainerStateMachine.java:loadSnapshot(226)) - group-5114D1A4FAF8: The snapshot info is null. Setting the last applied indexto:(t:0, i:~)
2019-09-19 14:32:38,859 [pool-27-thread-1] INFO  server.RaftServerConfigKeys (ConfUtils.java:logGet(43)) - raft.server.leader.election.timeout = 120s (custom)
2019-09-19 14:32:38,859 [pool-27-thread-1] INFO  server.RaftServerConfigKeys (ConfUtils.java:logGet(43)) - raft.server.log.use.memory = false (default)
2019-09-19 14:32:38,859 [pool-27-thread-1] INFO  server.RaftServerConfigKeys (ConfUtils.java:logGet(43)) - raft.server.log.purge.gap = 1000000 (custom)
2019-09-19 14:32:38,860 [pool-27-thread-1] INFO  server.RaftServerConfigKeys (ConfUtils.java:logGet(43)) - raft.server.log.appender.buffer.byte-limit = 33554432 (custom)
2019-09-19 14:32:38,860 [pool-27-thread-1] INFO  server.RaftServerConfigKeys (ConfUtils.java:logGet(43)) - raft.server.log.segment.size.max = 1048576 (custom)
2019-09-19 14:32:38,860 [pool-27-thread-1] INFO  server.RaftServerConfigKeys (ConfUtils.java:logGet(43)) - raft.server.log.segment.cache.num.max = 2 (custom)
2019-09-19 14:32:38,860 [pool-27-thread-1] INFO  segmented.SegmentedRaftLogWorker (SegmentedRaftLogWorker.java:<init>(172)) - new 7a325ef5-9e46-4d2e-b6ac-02f5003c9e57-SegmentedRaftLogWorker:Storage Directory /workdir/hadoop-ozone/ozonefs/target/test-dir/MiniOzoneClusterImpl-7fd34b2e-4b5a-464b-80ea-73e41b6bd6cd/datanode-0/data/ratis/dedd9c60-213f-44d7-977f-5114d1a4faf8 for RaftStorage:Storage Directory /workdir/hadoop-ozone/ozonefs/target/test-dir/MiniOzoneClusterImpl-7fd34b2e-4b5a-464b-80ea-73e41b6bd6cd/datanode-0/data/ratis/dedd9c60-213f-44d7-977f-5114d1a4faf8
2019-09-19 14:32:38,860 [pool-27-thread-1] INFO  server.RaftServerConfigKeys (ConfUtils.java:logGet(43)) - raft.server.log.queue.byte-limit = 2147483647 (custom)
2019-09-19 14:32:38,861 [pool-27-thread-1] INFO  server.RaftServerConfigKeys (ConfUtils.java:logGet(43)) - raft.server.log.queue.element-limit = 1024 (custom)
2019-09-19 14:32:38,861 [pool-27-thread-1] INFO  server.RaftServerConfigKeys (ConfUtils.java:logGet(43)) - raft.server.log.segment.size.max = 1048576 (custom)
2019-09-19 14:32:38,861 [pool-27-thread-1] INFO  server.RaftServerConfigKeys (ConfUtils.java:logGet(43)) - raft.server.log.preallocated.size = 16384 (custom)
2019-09-19 14:32:38,861 [pool-27-thread-1] INFO  server.RaftServerConfigKeys (ConfUtils.java:logGet(43)) - raft.server.log.write.buffer.size = 33554432 (custom)
2019-09-19 14:32:38,862 [pool-27-thread-1] INFO  server.RaftServerConfigKeys (ConfUtils.java:logGet(43)) - raft.server.log.force.sync.num = 128 (default)
2019-09-19 14:32:38,862 [pool-27-thread-1] INFO  server.RaftServerConfigKeys (ConfUtils.java:logGet(43)) - raft.server.log.statemachine.data.sync = true (default)
2019-09-19 14:32:38,862 [pool-27-thread-1] INFO  server.RaftServerConfigKeys (ConfUtils.java:logGet(43)) - raft.server.log.statemachine.data.sync.timeout = 10s (default)
2019-09-19 14:32:38,862 [pool-27-thread-1] INFO  server.RaftServerConfigKeys (ConfUtils.java:logGet(43)) - raft.server.log.statemachine.data.sync.timeout.retry = -1 (default)
2019-09-19 14:32:38,862 [pool-27-thread-1] INFO  server.RaftServerConfigKeys (ConfUtils.java:logGet(43)) - raft.server.log.statemachine.data.caching.enabled = true (custom)
2019-09-19 14:32:38,863 [pool-27-thread-1] INFO  segmented.SegmentedRaftLogWorker (SegmentedRaftLogWorker.java:lambda$new$0(132)) - 7a325ef5-9e46-4d2e-b6ac-02f5003c9e57-SegmentedRaftLogWorker:Storage Directory /workdir/hadoop-ozone/ozonefs/target/test-dir/MiniOzoneClusterImpl-7fd34b2e-4b5a-464b-80ea-73e41b6bd6cd/datanode-0/data/ratis/dedd9c60-213f-44d7-977f-5114d1a4faf8: flushIndex: setUnconditionally 0 -> -1
2019-09-19 14:32:38,863 [pool-27-thread-1] INFO  server.RaftServerConfigKeys (ConfUtils.java:logGet(43)) - raft.server.snapshot.auto.trigger.enabled = true (custom)
2019-09-19 14:32:38,863 [pool-27-thread-1] INFO  server.RaftServerConfigKeys (ConfUtils.java:logGet(43)) - raft.server.snapshot.auto.trigger.threshold = 10000 (custom)
2019-09-19 14:32:38,864 [pool-27-thread-1] INFO  server.RaftServerConfigKeys (ConfUtils.java:logGet(43)) - raft.server.retrycache.expirytime = 600000ms (custom)
2019-09-19 14:32:38,864 [pool-27-thread-1] INFO  impl.RaftServerImpl (RaftServerImpl.java:start(180)) - 7a325ef5-9e46-4d2e-b6ac-02f5003c9e57: start group-5114D1A4FAF8
2019-09-19 14:32:38,864 [pool-27-thread-1] INFO  impl.RaftServerImpl (RaftServerImpl.java:setRole(171)) - 7a325ef5-9e46-4d2e-b6ac-02f5003c9e57:group-5114D1A4FAF8 changes role from null to FOLLOWER at term 0 for startAsFollower
2019-09-19 14:32:38,864 [pool-27-thread-1] INFO  impl.RoleInfo (RoleInfo.java:updateAndGet(143)) - 7a325ef5-9e46-4d2e-b6ac-02f5003c9e57: start FollowerState
2019-09-19 14:32:38,865 [pool-27-thread-1] INFO  util.JmxRegister (JmxRegister.java:tryRegister(44)) - Successfully registered JMX Bean with object name Ratis:service=RaftServer,group=group-5114D1A4FAF8,id=7a325ef5-9e46-4d2e-b6ac-02f5003c9e57
2019-09-19 14:32:38,879 [RatisPipelineUtilsThread] INFO  pipeline.PipelineStateManager (PipelineStateManager.java:addPipeline(56)) - Created pipeline Pipeline[ Id: dedd9c60-213f-44d7-977f-5114d1a4faf8, Nodes: 7a325ef5-9e46-4d2e-b6ac-02f5003c9e57{ip: 192.168.5.132, host: pr-hdds-1569-rzdr8-3403194166, networkLocation: /default-rack, certSerialId: null}, Type:RATIS, Factor:ONE, State:OPEN]
2019-09-19 14:32:38,894 [grpc-default-executor-0] INFO  impl.RaftServerProxy (RaftServerProxy.java:addNew(89)) - afe05dc7-b5f4-4b7b-b2b1-a227635ab2f1: addNew group-BD117A809723:[afe05dc7-b5f4-4b7b-b2b1-a227635ab2f1:192.168.5.132:43858] returns group-BD117A809723:java.util.concurrent.CompletableFuture@14551b01[Not completed]
2019-09-19 14:32:38,896 [pool-49-thread-1] INFO  impl.RaftServerImpl (RaftServerImpl.java:<init>(93)) - afe05dc7-b5f4-4b7b-b2b1-a227635ab2f1: new RaftServerImpl for group-BD117A809723:[afe05dc7-b5f4-4b7b-b2b1-a227635ab2f1:192.168.5.132:43858] with ContainerStateMachine:uninitialized
2019-09-19 14:32:38,896 [pool-49-thread-1] INFO  server.RaftServerConfigKeys (ConfUtils.java:logGet(43)) - raft.server.rpc.timeout.min = 5s (custom)
2019-09-19 14:32:38,896 [pool-49-thread-1] INFO  server.RaftServerConfigKeys (ConfUtils.java:logGet(43)) - raft.server.rpc.timeout.max = 5200ms (custom)
2019-09-19 14:32:38,897 [pool-49-thread-1] INFO  server.RaftServerConfigKeys (ConfUtils.java:logGet(43)) - raft.server.rpcslowness.timeout = 120s (custom)
2019-09-19 14:32:38,897 [pool-49-thread-1] INFO  server.RaftServerConfigKeys (ConfUtils.java:logGet(43)) - raft.server.sleep.deviation.threshold = 300 (default)
2019-09-19 14:32:38,897 [pool-49-thread-1] INFO  server.RaftServerConfigKeys (ConfUtils.java:logGet(43)) - raft.server.log.appender.install.snapshot.enabled = false (custom)
2019-09-19 14:32:38,897 [pool-49-thread-1] INFO  impl.RaftServerImpl (ServerState.java:<init>(105)) - afe05dc7-b5f4-4b7b-b2b1-a227635ab2f1:group-BD117A809723 ConfigurationManager, init=-1: [afe05dc7-b5f4-4b7b-b2b1-a227635ab2f1:192.168.5.132:43858], old=null, confs=<EMPTY_MAP>
2019-09-19 14:32:38,897 [pool-49-thread-1] INFO  server.RaftServerConfigKeys (ConfUtils.java:logGet(43)) - raft.server.storage.dir = [/workdir/hadoop-ozone/ozonefs/target/test-dir/MiniOzoneClusterImpl-7fd34b2e-4b5a-464b-80ea-73e41b6bd6cd/datanode-2/data/ratis] (custom)
2019-09-19 14:32:38,898 [pool-49-thread-1] INFO  storage.RaftStorageDirectory (RaftStorageDirectory.java:analyzeStorage(246)) - The storage directory /workdir/hadoop-ozone/ozonefs/target/test-dir/MiniOzoneClusterImpl-7fd34b2e-4b5a-464b-80ea-73e41b6bd6cd/datanode-2/data/ratis/cafbe378-3fbf-47eb-80cf-bd117a809723 does not exist. Creating ...
2019-09-19 14:32:38,912 [pool-49-thread-1] INFO  storage.RaftStorageDirectory (RaftStorageDirectory.java:tryLock(328)) - Lock on /workdir/hadoop-ozone/ozonefs/target/test-dir/MiniOzoneClusterImpl-7fd34b2e-4b5a-464b-80ea-73e41b6bd6cd/datanode-2/data/ratis/cafbe378-3fbf-47eb-80cf-bd117a809723/in_use.lock acquired by nodename 17492@pr-hdds-1569-rzdr8-3403194166
2019-09-19 14:32:38,925 [pool-49-thread-1] INFO  storage.RaftStorage (RaftStorage.java:format(72)) - Storage directory /workdir/hadoop-ozone/ozonefs/target/test-dir/MiniOzoneClusterImpl-7fd34b2e-4b5a-464b-80ea-73e41b6bd6cd/datanode-2/data/ratis/cafbe378-3fbf-47eb-80cf-bd117a809723 has been successfully formatted.
2019-09-19 14:32:38,925 [pool-49-thread-1] INFO  ratis.ContainerStateMachine (ContainerStateMachine.java:loadSnapshot(226)) - group-BD117A809723: The snapshot info is null. Setting the last applied indexto:(t:0, i:~)
2019-09-19 14:32:38,925 [pool-49-thread-1] INFO  server.RaftServerConfigKeys (ConfUtils.java:logGet(43)) - raft.server.leader.election.timeout = 120s (custom)
2019-09-19 14:32:38,925 [pool-49-thread-1] INFO  server.RaftServerConfigKeys (ConfUtils.java:logGet(43)) - raft.server.log.use.memory = false (default)
2019-09-19 14:32:38,925 [pool-49-thread-1] INFO  server.RaftServerConfigKeys (ConfUtils.java:logGet(43)) - raft.server.log.purge.gap = 1000000 (custom)
2019-09-19 14:32:38,926 [pool-49-thread-1] INFO  server.RaftServerConfigKeys (ConfUtils.java:logGet(43)) - raft.server.log.appender.buffer.byte-limit = 33554432 (custom)
2019-09-19 14:32:38,926 [pool-49-thread-1] INFO  server.RaftServerConfigKeys (ConfUtils.java:logGet(43)) - raft.server.log.segment.size.max = 1048576 (custom)
2019-09-19 14:32:38,926 [pool-49-thread-1] INFO  server.RaftServerConfigKeys (ConfUtils.java:logGet(43)) - raft.server.log.segment.cache.num.max = 2 (custom)
2019-09-19 14:32:38,926 [pool-49-thread-1] INFO  segmented.SegmentedRaftLogWorker (SegmentedRaftLogWorker.java:<init>(172)) - new afe05dc7-b5f4-4b7b-b2b1-a227635ab2f1-SegmentedRaftLogWorker:Storage Directory /workdir/hadoop-ozone/ozonefs/target/test-dir/MiniOzoneClusterImpl-7fd34b2e-4b5a-464b-80ea-73e41b6bd6cd/datanode-2/data/ratis/cafbe378-3fbf-47eb-80cf-bd117a809723 for RaftStorage:Storage Directory /workdir/hadoop-ozone/ozonefs/target/test-dir/MiniOzoneClusterImpl-7fd34b2e-4b5a-464b-80ea-73e41b6bd6cd/datanode-2/data/ratis/cafbe378-3fbf-47eb-80cf-bd117a809723
2019-09-19 14:32:38,927 [pool-49-thread-1] INFO  server.RaftServerConfigKeys (ConfUtils.java:logGet(43)) - raft.server.log.queue.byte-limit = 2147483647 (custom)
2019-09-19 14:32:38,927 [pool-49-thread-1] INFO  server.RaftServerConfigKeys (ConfUtils.java:logGet(43)) - raft.server.log.queue.element-limit = 1024 (custom)
2019-09-19 14:32:38,927 [pool-49-thread-1] INFO  server.RaftServerConfigKeys (ConfUtils.java:logGet(43)) - raft.server.log.segment.size.max = 1048576 (custom)
2019-09-19 14:32:38,927 [pool-49-thread-1] INFO  server.RaftServerConfigKeys (ConfUtils.java:logGet(43)) - raft.server.log.preallocated.size = 16384 (custom)
2019-09-19 14:32:38,928 [pool-49-thread-1] INFO  server.RaftServerConfigKeys (ConfUtils.java:logGet(43)) - raft.server.log.write.buffer.size = 33554432 (custom)
2019-09-19 14:32:38,928 [pool-49-thread-1] INFO  server.RaftServerConfigKeys (ConfUtils.java:logGet(43)) - raft.server.log.force.sync.num = 128 (default)
2019-09-19 14:32:38,928 [pool-49-thread-1] INFO  server.RaftServerConfigKeys (ConfUtils.java:logGet(43)) - raft.server.log.statemachine.data.sync = true (default)
2019-09-19 14:32:38,928 [pool-49-thread-1] INFO  server.RaftServerConfigKeys (ConfUtils.java:logGet(43)) - raft.server.log.statemachine.data.sync.timeout = 10s (default)
2019-09-19 14:32:38,928 [pool-49-thread-1] INFO  server.RaftServerConfigKeys (ConfUtils.java:logGet(43)) - raft.server.log.statemachine.data.sync.timeout.retry = -1 (default)
2019-09-19 14:32:38,929 [pool-49-thread-1] INFO  server.RaftServerConfigKeys (ConfUtils.java:logGet(43)) - raft.server.log.statemachine.data.caching.enabled = true (custom)
2019-09-19 14:32:38,929 [pool-49-thread-1] INFO  segmented.SegmentedRaftLogWorker (SegmentedRaftLogWorker.java:lambda$new$0(132)) - afe05dc7-b5f4-4b7b-b2b1-a227635ab2f1-SegmentedRaftLogWorker:Storage Directory /workdir/hadoop-ozone/ozonefs/target/test-dir/MiniOzoneClusterImpl-7fd34b2e-4b5a-464b-80ea-73e41b6bd6cd/datanode-2/data/ratis/cafbe378-3fbf-47eb-80cf-bd117a809723: flushIndex: setUnconditionally 0 -> -1
2019-09-19 14:32:38,930 [pool-49-thread-1] INFO  server.RaftServerConfigKeys (ConfUtils.java:logGet(43)) - raft.server.snapshot.auto.trigger.enabled = true (custom)
2019-09-19 14:32:38,930 [pool-49-thread-1] INFO  server.RaftServerConfigKeys (ConfUtils.java:logGet(43)) - raft.server.snapshot.auto.trigger.threshold = 10000 (custom)
2019-09-19 14:32:38,930 [pool-49-thread-1] INFO  server.RaftServerConfigKeys (ConfUtils.java:logGet(43)) - raft.server.retrycache.expirytime = 600000ms (custom)
2019-09-19 14:32:38,931 [pool-49-thread-1] INFO  impl.RaftServerImpl (RaftServerImpl.java:start(180)) - afe05dc7-b5f4-4b7b-b2b1-a227635ab2f1: start group-BD117A809723
2019-09-19 14:32:38,931 [pool-49-thread-1] INFO  impl.RaftServerImpl (RaftServerImpl.java:setRole(171)) - afe05dc7-b5f4-4b7b-b2b1-a227635ab2f1:group-BD117A809723 changes role from null to FOLLOWER at term 0 for startAsFollower
2019-09-19 14:32:38,931 [pool-49-thread-1] INFO  impl.RoleInfo (RoleInfo.java:updateAndGet(143)) - afe05dc7-b5f4-4b7b-b2b1-a227635ab2f1: start FollowerState
2019-09-19 14:32:38,932 [pool-49-thread-1] INFO  util.JmxRegister (JmxRegister.java:tryRegister(44)) - Successfully registered JMX Bean with object name Ratis:service=RaftServer,group=group-BD117A809723,id=afe05dc7-b5f4-4b7b-b2b1-a227635ab2f1
2019-09-19 14:32:38,941 [RatisPipelineUtilsThread] INFO  pipeline.PipelineStateManager (PipelineStateManager.java:addPipeline(56)) - Created pipeline Pipeline[ Id: cafbe378-3fbf-47eb-80cf-bd117a809723, Nodes: afe05dc7-b5f4-4b7b-b2b1-a227635ab2f1{ip: 192.168.5.132, host: pr-hdds-1569-rzdr8-3403194166, networkLocation: /default-rack, certSerialId: null}, Type:RATIS, Factor:ONE, State:OPEN]
2019-09-19 14:32:38,955 [grpc-default-executor-0] INFO  impl.RaftServerProxy (RaftServerProxy.java:addNew(89)) - 7a325ef5-9e46-4d2e-b6ac-02f5003c9e57: addNew group-330F52D9F717:[7a325ef5-9e46-4d2e-b6ac-02f5003c9e57:192.168.5.132:36525] returns group-330F52D9F717:java.util.concurrent.CompletableFuture@fa6717b[Not completed]
2019-09-19 14:32:38,957 [pool-27-thread-1] INFO  impl.RaftServerImpl (RaftServerImpl.java:<init>(93)) - 7a325ef5-9e46-4d2e-b6ac-02f5003c9e57: new RaftServerImpl for group-330F52D9F717:[7a325ef5-9e46-4d2e-b6ac-02f5003c9e57:192.168.5.132:36525] with ContainerStateMachine:uninitialized
2019-09-19 14:32:38,957 [pool-27-thread-1] INFO  server.RaftServerConfigKeys (ConfUtils.java:logGet(43)) - raft.server.rpc.timeout.min = 5s (custom)
2019-09-19 14:32:38,957 [pool-27-thread-1] INFO  server.RaftServerConfigKeys (ConfUtils.java:logGet(43)) - raft.server.rpc.timeout.max = 5200ms (custom)
2019-09-19 14:32:38,958 [pool-27-thread-1] INFO  server.RaftServerConfigKeys (ConfUtils.java:logGet(43)) - raft.server.rpcslowness.timeout = 120s (custom)
2019-09-19 14:32:38,958 [pool-27-thread-1] INFO  server.RaftServerConfigKeys (ConfUtils.java:logGet(43)) - raft.server.sleep.deviation.threshold = 300 (default)
2019-09-19 14:32:38,958 [pool-27-thread-1] INFO  server.RaftServerConfigKeys (ConfUtils.java:logGet(43)) - raft.server.log.appender.install.snapshot.enabled = false (custom)
2019-09-19 14:32:38,958 [pool-27-thread-1] INFO  impl.RaftServerImpl (ServerState.java:<init>(105)) - 7a325ef5-9e46-4d2e-b6ac-02f5003c9e57:group-330F52D9F717 ConfigurationManager, init=-1: [7a325ef5-9e46-4d2e-b6ac-02f5003c9e57:192.168.5.132:36525], old=null, confs=<EMPTY_MAP>
2019-09-19 14:32:38,958 [pool-27-thread-1] INFO  server.RaftServerConfigKeys (ConfUtils.java:logGet(43)) - raft.server.storage.dir = [/workdir/hadoop-ozone/ozonefs/target/test-dir/MiniOzoneClusterImpl-7fd34b2e-4b5a-464b-80ea-73e41b6bd6cd/datanode-0/data/ratis] (custom)
2019-09-19 14:32:38,959 [pool-27-thread-1] INFO  storage.RaftStorageDirectory (RaftStorageDirectory.java:analyzeStorage(246)) - The storage directory /workdir/hadoop-ozone/ozonefs/target/test-dir/MiniOzoneClusterImpl-7fd34b2e-4b5a-464b-80ea-73e41b6bd6cd/datanode-0/data/ratis/924e9372-00c6-46eb-96e8-330f52d9f717 does not exist. Creating ...
2019-09-19 14:32:38,971 [pool-27-thread-1] INFO  storage.RaftStorageDirectory (RaftStorageDirectory.java:tryLock(328)) - Lock on /workdir/hadoop-ozone/ozonefs/target/test-dir/MiniOzoneClusterImpl-7fd34b2e-4b5a-464b-80ea-73e41b6bd6cd/datanode-0/data/ratis/924e9372-00c6-46eb-96e8-330f52d9f717/in_use.lock acquired by nodename 17492@pr-hdds-1569-rzdr8-3403194166
2019-09-19 14:32:38,989 [pool-27-thread-1] INFO  storage.RaftStorage (RaftStorage.java:format(72)) - Storage directory /workdir/hadoop-ozone/ozonefs/target/test-dir/MiniOzoneClusterImpl-7fd34b2e-4b5a-464b-80ea-73e41b6bd6cd/datanode-0/data/ratis/924e9372-00c6-46eb-96e8-330f52d9f717 has been successfully formatted.
2019-09-19 14:32:38,990 [pool-27-thread-1] INFO  ratis.ContainerStateMachine (ContainerStateMachine.java:loadSnapshot(226)) - group-330F52D9F717: The snapshot info is null. Setting the last applied indexto:(t:0, i:~)
2019-09-19 14:32:38,990 [pool-27-thread-1] INFO  server.RaftServerConfigKeys (ConfUtils.java:logGet(43)) - raft.server.leader.election.timeout = 120s (custom)
2019-09-19 14:32:38,990 [pool-27-thread-1] INFO  server.RaftServerConfigKeys (ConfUtils.java:logGet(43)) - raft.server.log.use.memory = false (default)
2019-09-19 14:32:38,991 [pool-27-thread-1] INFO  server.RaftServerConfigKeys (ConfUtils.java:logGet(43)) - raft.server.log.purge.gap = 1000000 (custom)
2019-09-19 14:32:38,991 [pool-27-thread-1] INFO  server.RaftServerConfigKeys (ConfUtils.java:logGet(43)) - raft.server.log.appender.buffer.byte-limit = 33554432 (custom)
2019-09-19 14:32:38,991 [pool-27-thread-1] INFO  server.RaftServerConfigKeys (ConfUtils.java:logGet(43)) - raft.server.log.segment.size.max = 1048576 (custom)
2019-09-19 14:32:38,991 [pool-27-thread-1] INFO  server.RaftServerConfigKeys (ConfUtils.java:logGet(43)) - raft.server.log.segment.cache.num.max = 2 (custom)
2019-09-19 14:32:38,992 [pool-27-thread-1] INFO  segmented.SegmentedRaftLogWorker (SegmentedRaftLogWorker.java:<init>(172)) - new 7a325ef5-9e46-4d2e-b6ac-02f5003c9e57-SegmentedRaftLogWorker:Storage Directory /workdir/hadoop-ozone/ozonefs/target/test-dir/MiniOzoneClusterImpl-7fd34b2e-4b5a-464b-80ea-73e41b6bd6cd/datanode-0/data/ratis/924e9372-00c6-46eb-96e8-330f52d9f717 for RaftStorage:Storage Directory /workdir/hadoop-ozone/ozonefs/target/test-dir/MiniOzoneClusterImpl-7fd34b2e-4b5a-464b-80ea-73e41b6bd6cd/datanode-0/data/ratis/924e9372-00c6-46eb-96e8-330f52d9f717
2019-09-19 14:32:38,992 [pool-27-thread-1] INFO  server.RaftServerConfigKeys (ConfUtils.java:logGet(43)) - raft.server.log.queue.byte-limit = 2147483647 (custom)
2019-09-19 14:32:38,992 [pool-27-thread-1] INFO  server.RaftServerConfigKeys (ConfUtils.java:logGet(43)) - raft.server.log.queue.element-limit = 1024 (custom)
2019-09-19 14:32:38,992 [pool-27-thread-1] INFO  server.RaftServerConfigKeys (ConfUtils.java:logGet(43)) - raft.server.log.segment.size.max = 1048576 (custom)
2019-09-19 14:32:38,992 [pool-27-thread-1] INFO  server.RaftServerConfigKeys (ConfUtils.java:logGet(43)) - raft.server.log.preallocated.size = 16384 (custom)
2019-09-19 14:32:38,993 [pool-27-thread-1] INFO  server.RaftServerConfigKeys (ConfUtils.java:logGet(43)) - raft.server.log.write.buffer.size = 33554432 (custom)
2019-09-19 14:32:38,993 [pool-27-thread-1] INFO  server.RaftServerConfigKeys (ConfUtils.java:logGet(43)) - raft.server.log.force.sync.num = 128 (default)
2019-09-19 14:32:38,993 [pool-27-thread-1] INFO  server.RaftServerConfigKeys (ConfUtils.java:logGet(43)) - raft.server.log.statemachine.data.sync = true (default)
2019-09-19 14:32:38,993 [pool-27-thread-1] INFO  server.RaftServerConfigKeys (ConfUtils.java:logGet(43)) - raft.server.log.statemachine.data.sync.timeout = 10s (default)
2019-09-19 14:32:38,994 [pool-27-thread-1] INFO  server.RaftServerConfigKeys (ConfUtils.java:logGet(43)) - raft.server.log.statemachine.data.sync.timeout.retry = -1 (default)
2019-09-19 14:32:38,994 [pool-27-thread-1] INFO  server.RaftServerConfigKeys (ConfUtils.java:logGet(43)) - raft.server.log.statemachine.data.caching.enabled = true (custom)
2019-09-19 14:32:38,995 [pool-27-thread-1] INFO  segmented.SegmentedRaftLogWorker (SegmentedRaftLogWorker.java:lambda$new$0(132)) - 7a325ef5-9e46-4d2e-b6ac-02f5003c9e57-SegmentedRaftLogWorker:Storage Directory /workdir/hadoop-ozone/ozonefs/target/test-dir/MiniOzoneClusterImpl-7fd34b2e-4b5a-464b-80ea-73e41b6bd6cd/datanode-0/data/ratis/924e9372-00c6-46eb-96e8-330f52d9f717: flushIndex: setUnconditionally 0 -> -1
2019-09-19 14:32:38,995 [pool-27-thread-1] INFO  server.RaftServerConfigKeys (ConfUtils.java:logGet(43)) - raft.server.snapshot.auto.trigger.enabled = true (custom)
2019-09-19 14:32:38,995 [pool-27-thread-1] INFO  server.RaftServerConfigKeys (ConfUtils.java:logGet(43)) - raft.server.snapshot.auto.trigger.threshold = 10000 (custom)
2019-09-19 14:32:38,996 [pool-27-thread-1] INFO  server.RaftServerConfigKeys (ConfUtils.java:logGet(43)) - raft.server.retrycache.expirytime = 600000ms (custom)
2019-09-19 14:32:38,996 [pool-27-thread-1] INFO  impl.RaftServerImpl (RaftServerImpl.java:start(180)) - 7a325ef5-9e46-4d2e-b6ac-02f5003c9e57: start group-330F52D9F717
2019-09-19 14:32:38,996 [pool-27-thread-1] INFO  impl.RaftServerImpl (RaftServerImpl.java:setRole(171)) - 7a325ef5-9e46-4d2e-b6ac-02f5003c9e57:group-330F52D9F717 changes role from null to FOLLOWER at term 0 for startAsFollower
2019-09-19 14:32:38,996 [pool-27-thread-1] INFO  impl.RoleInfo (RoleInfo.java:updateAndGet(143)) - 7a325ef5-9e46-4d2e-b6ac-02f5003c9e57: start FollowerState
2019-09-19 14:32:39,000 [pool-27-thread-1] INFO  util.JmxRegister (JmxRegister.java:tryRegister(44)) - Successfully registered JMX Bean with object name Ratis:service=RaftServer,group=group-330F52D9F717,id=7a325ef5-9e46-4d2e-b6ac-02f5003c9e57
2019-09-19 14:32:39,019 | INFO  | SCMAudit | user=jenkins1000 | ip=192.168.5.132 | op=SEND_HEARTBEAT {datanodeUUID=7a325ef5-9e46-4d2e-b6ac-02f5003c9e57, command=[]} | ret=SUCCESS |  
2019-09-19 14:32:39,019 [RatisPipelineUtilsThread] INFO  pipeline.PipelineStateManager (PipelineStateManager.java:addPipeline(56)) - Created pipeline Pipeline[ Id: 924e9372-00c6-46eb-96e8-330f52d9f717, Nodes: 7a325ef5-9e46-4d2e-b6ac-02f5003c9e57{ip: 192.168.5.132, host: pr-hdds-1569-rzdr8-3403194166, networkLocation: /default-rack, certSerialId: null}, Type:RATIS, Factor:ONE, State:OPEN]
2019-09-19 14:32:39,038 [grpc-default-executor-0] INFO  impl.RaftServerProxy (RaftServerProxy.java:addNew(89)) - 570e97a0-06fc-447e-8972-b83f57a17e92: addNew group-55C855C923C3:[570e97a0-06fc-447e-8972-b83f57a17e92:192.168.5.132:45013] returns group-55C855C923C3:java.util.concurrent.CompletableFuture@2618704b[Not completed]
2019-09-19 14:32:39,040 [pool-60-thread-1] INFO  impl.RaftServerImpl (RaftServerImpl.java:<init>(93)) - 570e97a0-06fc-447e-8972-b83f57a17e92: new RaftServerImpl for group-55C855C923C3:[570e97a0-06fc-447e-8972-b83f57a17e92:192.168.5.132:45013] with ContainerStateMachine:uninitialized
2019-09-19 14:32:39,040 [pool-60-thread-1] INFO  server.RaftServerConfigKeys (ConfUtils.java:logGet(43)) - raft.server.rpc.timeout.min = 5s (custom)
2019-09-19 14:32:39,040 [pool-60-thread-1] INFO  server.RaftServerConfigKeys (ConfUtils.java:logGet(43)) - raft.server.rpc.timeout.max = 5200ms (custom)
2019-09-19 14:32:39,040 [pool-60-thread-1] INFO  server.RaftServerConfigKeys (ConfUtils.java:logGet(43)) - raft.server.rpcslowness.timeout = 120s (custom)
2019-09-19 14:32:39,041 [pool-60-thread-1] INFO  server.RaftServerConfigKeys (ConfUtils.java:logGet(43)) - raft.server.sleep.deviation.threshold = 300 (default)
2019-09-19 14:32:39,041 [pool-60-thread-1] INFO  server.RaftServerConfigKeys (ConfUtils.java:logGet(43)) - raft.server.log.appender.install.snapshot.enabled = false (custom)
2019-09-19 14:32:39,041 [pool-60-thread-1] INFO  impl.RaftServerImpl (ServerState.java:<init>(105)) - 570e97a0-06fc-447e-8972-b83f57a17e92:group-55C855C923C3 ConfigurationManager, init=-1: [570e97a0-06fc-447e-8972-b83f57a17e92:192.168.5.132:45013], old=null, confs=<EMPTY_MAP>
2019-09-19 14:32:39,041 [pool-60-thread-1] INFO  server.RaftServerConfigKeys (ConfUtils.java:logGet(43)) - raft.server.storage.dir = [/workdir/hadoop-ozone/ozonefs/target/test-dir/MiniOzoneClusterImpl-7fd34b2e-4b5a-464b-80ea-73e41b6bd6cd/datanode-3/data/ratis] (custom)
2019-09-19 14:32:39,042 [pool-60-thread-1] INFO  storage.RaftStorageDirectory (RaftStorageDirectory.java:analyzeStorage(246)) - The storage directory /workdir/hadoop-ozone/ozonefs/target/test-dir/MiniOzoneClusterImpl-7fd34b2e-4b5a-464b-80ea-73e41b6bd6cd/datanode-3/data/ratis/6c8b9299-4c6b-4b69-85fb-55c855c923c3 does not exist. Creating ...
2019-09-19 14:32:39,054 [pool-60-thread-1] INFO  storage.RaftStorageDirectory (RaftStorageDirectory.java:tryLock(328)) - Lock on /workdir/hadoop-ozone/ozonefs/target/test-dir/MiniOzoneClusterImpl-7fd34b2e-4b5a-464b-80ea-73e41b6bd6cd/datanode-3/data/ratis/6c8b9299-4c6b-4b69-85fb-55c855c923c3/in_use.lock acquired by nodename 17492@pr-hdds-1569-rzdr8-3403194166
2019-09-19 14:32:39,075 [pool-60-thread-1] INFO  storage.RaftStorage (RaftStorage.java:format(72)) - Storage directory /workdir/hadoop-ozone/ozonefs/target/test-dir/MiniOzoneClusterImpl-7fd34b2e-4b5a-464b-80ea-73e41b6bd6cd/datanode-3/data/ratis/6c8b9299-4c6b-4b69-85fb-55c855c923c3 has been successfully formatted.
2019-09-19 14:32:39,075 [pool-60-thread-1] INFO  ratis.ContainerStateMachine (ContainerStateMachine.java:loadSnapshot(226)) - group-55C855C923C3: The snapshot info is null. Setting the last applied indexto:(t:0, i:~)
2019-09-19 14:32:39,076 [pool-60-thread-1] INFO  server.RaftServerConfigKeys (ConfUtils.java:logGet(43)) - raft.server.leader.election.timeout = 120s (custom)
2019-09-19 14:32:39,076 [pool-60-thread-1] INFO  server.RaftServerConfigKeys (ConfUtils.java:logGet(43)) - raft.server.log.use.memory = false (default)
2019-09-19 14:32:39,076 [pool-60-thread-1] INFO  server.RaftServerConfigKeys (ConfUtils.java:logGet(43)) - raft.server.log.purge.gap = 1000000 (custom)
2019-09-19 14:32:39,076 [pool-60-thread-1] INFO  server.RaftServerConfigKeys (ConfUtils.java:logGet(43)) - raft.server.log.appender.buffer.byte-limit = 33554432 (custom)
2019-09-19 14:32:39,076 [pool-60-thread-1] INFO  server.RaftServerConfigKeys (ConfUtils.java:logGet(43)) - raft.server.log.segment.size.max = 1048576 (custom)
2019-09-19 14:32:39,077 [pool-60-thread-1] INFO  server.RaftServerConfigKeys (ConfUtils.java:logGet(43)) - raft.server.log.segment.cache.num.max = 2 (custom)
2019-09-19 14:32:39,077 [pool-60-thread-1] INFO  segmented.SegmentedRaftLogWorker (SegmentedRaftLogWorker.java:<init>(172)) - new 570e97a0-06fc-447e-8972-b83f57a17e92-SegmentedRaftLogWorker:Storage Directory /workdir/hadoop-ozone/ozonefs/target/test-dir/MiniOzoneClusterImpl-7fd34b2e-4b5a-464b-80ea-73e41b6bd6cd/datanode-3/data/ratis/6c8b9299-4c6b-4b69-85fb-55c855c923c3 for RaftStorage:Storage Directory /workdir/hadoop-ozone/ozonefs/target/test-dir/MiniOzoneClusterImpl-7fd34b2e-4b5a-464b-80ea-73e41b6bd6cd/datanode-3/data/ratis/6c8b9299-4c6b-4b69-85fb-55c855c923c3
2019-09-19 14:32:39,077 [pool-60-thread-1] INFO  server.RaftServerConfigKeys (ConfUtils.java:logGet(43)) - raft.server.log.queue.byte-limit = 2147483647 (custom)
2019-09-19 14:32:39,077 [pool-60-thread-1] INFO  server.RaftServerConfigKeys (ConfUtils.java:logGet(43)) - raft.server.log.queue.element-limit = 1024 (custom)
2019-09-19 14:32:39,077 [pool-60-thread-1] INFO  server.RaftServerConfigKeys (ConfUtils.java:logGet(43)) - raft.server.log.segment.size.max = 1048576 (custom)
2019-09-19 14:32:39,078 [pool-60-thread-1] INFO  server.RaftServerConfigKeys (ConfUtils.java:logGet(43)) - raft.server.log.preallocated.size = 16384 (custom)
2019-09-19 14:32:39,078 [pool-60-thread-1] INFO  server.RaftServerConfigKeys (ConfUtils.java:logGet(43)) - raft.server.log.write.buffer.size = 33554432 (custom)
2019-09-19 14:32:39,078 [pool-60-thread-1] INFO  server.RaftServerConfigKeys (ConfUtils.java:logGet(43)) - raft.server.log.force.sync.num = 128 (default)
2019-09-19 14:32:39,078 [pool-60-thread-1] INFO  server.RaftServerConfigKeys (ConfUtils.java:logGet(43)) - raft.server.log.statemachine.data.sync = true (default)
2019-09-19 14:32:39,078 [pool-60-thread-1] INFO  server.RaftServerConfigKeys (ConfUtils.java:logGet(43)) - raft.server.log.statemachine.data.sync.timeout = 10s (default)
2019-09-19 14:32:39,078 [pool-60-thread-1] INFO  server.RaftServerConfigKeys (ConfUtils.java:logGet(43)) - raft.server.log.statemachine.data.sync.timeout.retry = -1 (default)
2019-09-19 14:32:39,079 [pool-60-thread-1] INFO  server.RaftServerConfigKeys (ConfUtils.java:logGet(43)) - raft.server.log.statemachine.data.caching.enabled = true (custom)
2019-09-19 14:32:39,079 [pool-60-thread-1] INFO  segmented.SegmentedRaftLogWorker (SegmentedRaftLogWorker.java:lambda$new$0(132)) - 570e97a0-06fc-447e-8972-b83f57a17e92-SegmentedRaftLogWorker:Storage Directory /workdir/hadoop-ozone/ozonefs/target/test-dir/MiniOzoneClusterImpl-7fd34b2e-4b5a-464b-80ea-73e41b6bd6cd/datanode-3/data/ratis/6c8b9299-4c6b-4b69-85fb-55c855c923c3: flushIndex: setUnconditionally 0 -> -1
2019-09-19 14:32:39,080 [pool-60-thread-1] INFO  server.RaftServerConfigKeys (ConfUtils.java:logGet(43)) - raft.server.snapshot.auto.trigger.enabled = true (custom)
2019-09-19 14:32:39,080 [pool-60-thread-1] INFO  server.RaftServerConfigKeys (ConfUtils.java:logGet(43)) - raft.server.snapshot.auto.trigger.threshold = 10000 (custom)
2019-09-19 14:32:39,080 [pool-60-thread-1] INFO  server.RaftServerConfigKeys (ConfUtils.java:logGet(43)) - raft.server.retrycache.expirytime = 600000ms (custom)
2019-09-19 14:32:39,080 [pool-60-thread-1] INFO  impl.RaftServerImpl (RaftServerImpl.java:start(180)) - 570e97a0-06fc-447e-8972-b83f57a17e92: start group-55C855C923C3
2019-09-19 14:32:39,080 [pool-60-thread-1] INFO  impl.RaftServerImpl (RaftServerImpl.java:setRole(171)) - 570e97a0-06fc-447e-8972-b83f57a17e92:group-55C855C923C3 changes role from null to FOLLOWER at term 0 for startAsFollower
2019-09-19 14:32:39,081 [pool-60-thread-1] INFO  impl.RoleInfo (RoleInfo.java:updateAndGet(143)) - 570e97a0-06fc-447e-8972-b83f57a17e92: start FollowerState
2019-09-19 14:32:39,081 [pool-60-thread-1] INFO  util.JmxRegister (JmxRegister.java:tryRegister(44)) - Successfully registered JMX Bean with object name Ratis:service=RaftServer,group=group-55C855C923C3,id=570e97a0-06fc-447e-8972-b83f57a17e92
2019-09-19 14:32:39,090 [RatisPipelineUtilsThread] INFO  pipeline.PipelineStateManager (PipelineStateManager.java:addPipeline(56)) - Created pipeline Pipeline[ Id: 6c8b9299-4c6b-4b69-85fb-55c855c923c3, Nodes: 570e97a0-06fc-447e-8972-b83f57a17e92{ip: 192.168.5.132, host: pr-hdds-1569-rzdr8-3403194166, networkLocation: /default-rack, certSerialId: null}, Type:RATIS, Factor:ONE, State:OPEN]
2019-09-19 14:32:39,107 [grpc-default-executor-0] INFO  impl.RaftServerProxy (RaftServerProxy.java:addNew(89)) - afe05dc7-b5f4-4b7b-b2b1-a227635ab2f1: addNew group-7D6E479A56D7:[afe05dc7-b5f4-4b7b-b2b1-a227635ab2f1:192.168.5.132:43858] returns group-7D6E479A56D7:java.util.concurrent.CompletableFuture@28fef128[Not completed]
2019-09-19 14:32:39,108 [pool-49-thread-1] INFO  impl.RaftServerImpl (RaftServerImpl.java:<init>(93)) - afe05dc7-b5f4-4b7b-b2b1-a227635ab2f1: new RaftServerImpl for group-7D6E479A56D7:[afe05dc7-b5f4-4b7b-b2b1-a227635ab2f1:192.168.5.132:43858] with ContainerStateMachine:uninitialized
2019-09-19 14:32:39,109 [pool-49-thread-1] INFO  server.RaftServerConfigKeys (ConfUtils.java:logGet(43)) - raft.server.rpc.timeout.min = 5s (custom)
2019-09-19 14:32:39,109 [pool-49-thread-1] INFO  server.RaftServerConfigKeys (ConfUtils.java:logGet(43)) - raft.server.rpc.timeout.max = 5200ms (custom)
2019-09-19 14:32:39,109 [pool-49-thread-1] INFO  server.RaftServerConfigKeys (ConfUtils.java:logGet(43)) - raft.server.rpcslowness.timeout = 120s (custom)
2019-09-19 14:32:39,109 [pool-49-thread-1] INFO  server.RaftServerConfigKeys (ConfUtils.java:logGet(43)) - raft.server.sleep.deviation.threshold = 300 (default)
2019-09-19 14:32:39,109 [pool-49-thread-1] INFO  server.RaftServerConfigKeys (ConfUtils.java:logGet(43)) - raft.server.log.appender.install.snapshot.enabled = false (custom)
2019-09-19 14:32:39,109 [pool-49-thread-1] INFO  impl.RaftServerImpl (ServerState.java:<init>(105)) - afe05dc7-b5f4-4b7b-b2b1-a227635ab2f1:group-7D6E479A56D7 ConfigurationManager, init=-1: [afe05dc7-b5f4-4b7b-b2b1-a227635ab2f1:192.168.5.132:43858], old=null, confs=<EMPTY_MAP>
2019-09-19 14:32:39,110 [pool-49-thread-1] INFO  server.RaftServerConfigKeys (ConfUtils.java:logGet(43)) - raft.server.storage.dir = [/workdir/hadoop-ozone/ozonefs/target/test-dir/MiniOzoneClusterImpl-7fd34b2e-4b5a-464b-80ea-73e41b6bd6cd/datanode-2/data/ratis] (custom)
2019-09-19 14:32:39,110 [pool-49-thread-1] INFO  storage.RaftStorageDirectory (RaftStorageDirectory.java:analyzeStorage(246)) - The storage directory /workdir/hadoop-ozone/ozonefs/target/test-dir/MiniOzoneClusterImpl-7fd34b2e-4b5a-464b-80ea-73e41b6bd6cd/datanode-2/data/ratis/e558a722-e9fa-4605-884e-7d6e479a56d7 does not exist. Creating ...
2019-09-19 14:32:39,129 [pool-49-thread-1] INFO  storage.RaftStorageDirectory (RaftStorageDirectory.java:tryLock(328)) - Lock on /workdir/hadoop-ozone/ozonefs/target/test-dir/MiniOzoneClusterImpl-7fd34b2e-4b5a-464b-80ea-73e41b6bd6cd/datanode-2/data/ratis/e558a722-e9fa-4605-884e-7d6e479a56d7/in_use.lock acquired by nodename 17492@pr-hdds-1569-rzdr8-3403194166
2019-09-19 14:32:39,139 [JUnit] INFO  ozone.MiniOzoneClusterImpl (MiniOzoneClusterImpl.java:lambda$waitForClusterToBeReady$0(142)) - Cluster is ready. Got 5 of 5 DN Heartbeats.
2019-09-19 14:32:39,147 [pool-49-thread-1] INFO  storage.RaftStorage (RaftStorage.java:format(72)) - Storage directory /workdir/hadoop-ozone/ozonefs/target/test-dir/MiniOzoneClusterImpl-7fd34b2e-4b5a-464b-80ea-73e41b6bd6cd/datanode-2/data/ratis/e558a722-e9fa-4605-884e-7d6e479a56d7 has been successfully formatted.
2019-09-19 14:32:39,147 [pool-49-thread-1] INFO  ratis.ContainerStateMachine (ContainerStateMachine.java:loadSnapshot(226)) - group-7D6E479A56D7: The snapshot info is null. Setting the last applied indexto:(t:0, i:~)
2019-09-19 14:32:39,147 [pool-49-thread-1] INFO  server.RaftServerConfigKeys (ConfUtils.java:logGet(43)) - raft.server.leader.election.timeout = 120s (custom)
2019-09-19 14:32:39,147 [pool-49-thread-1] INFO  server.RaftServerConfigKeys (ConfUtils.java:logGet(43)) - raft.server.log.use.memory = false (default)
2019-09-19 14:32:39,148 [pool-49-thread-1] INFO  server.RaftServerConfigKeys (ConfUtils.java:logGet(43)) - raft.server.log.purge.gap = 1000000 (custom)
2019-09-19 14:32:39,148 [pool-49-thread-1] INFO  server.RaftServerConfigKeys (ConfUtils.java:logGet(43)) - raft.server.log.appender.buffer.byte-limit = 33554432 (custom)
2019-09-19 14:32:39,148 [pool-49-thread-1] INFO  server.RaftServerConfigKeys (ConfUtils.java:logGet(43)) - raft.server.log.segment.size.max = 1048576 (custom)
2019-09-19 14:32:39,148 [pool-49-thread-1] INFO  server.RaftServerConfigKeys (ConfUtils.java:logGet(43)) - raft.server.log.segment.cache.num.max = 2 (custom)
2019-09-19 14:32:39,148 [pool-49-thread-1] INFO  segmented.SegmentedRaftLogWorker (SegmentedRaftLogWorker.java:<init>(172)) - new afe05dc7-b5f4-4b7b-b2b1-a227635ab2f1-SegmentedRaftLogWorker:Storage Directory /workdir/hadoop-ozone/ozonefs/target/test-dir/MiniOzoneClusterImpl-7fd34b2e-4b5a-464b-80ea-73e41b6bd6cd/datanode-2/data/ratis/e558a722-e9fa-4605-884e-7d6e479a56d7 for RaftStorage:Storage Directory /workdir/hadoop-ozone/ozonefs/target/test-dir/MiniOzoneClusterImpl-7fd34b2e-4b5a-464b-80ea-73e41b6bd6cd/datanode-2/data/ratis/e558a722-e9fa-4605-884e-7d6e479a56d7
2019-09-19 14:32:39,148 [pool-49-thread-1] INFO  server.RaftServerConfigKeys (ConfUtils.java:logGet(43)) - raft.server.log.queue.byte-limit = 2147483647 (custom)
2019-09-19 14:32:39,148 [pool-49-thread-1] INFO  server.RaftServerConfigKeys (ConfUtils.java:logGet(43)) - raft.server.log.queue.element-limit = 1024 (custom)
2019-09-19 14:32:39,149 [pool-49-thread-1] INFO  server.RaftServerConfigKeys (ConfUtils.java:logGet(43)) - raft.server.log.segment.size.max = 1048576 (custom)
2019-09-19 14:32:39,149 [pool-49-thread-1] INFO  server.RaftServerConfigKeys (ConfUtils.java:logGet(43)) - raft.server.log.preallocated.size = 16384 (custom)
2019-09-19 14:32:39,149 [pool-49-thread-1] INFO  server.RaftServerConfigKeys (ConfUtils.java:logGet(43)) - raft.server.log.write.buffer.size = 33554432 (custom)
2019-09-19 14:32:39,149 [pool-49-thread-1] INFO  server.RaftServerConfigKeys (ConfUtils.java:logGet(43)) - raft.server.log.force.sync.num = 128 (default)
2019-09-19 14:32:39,149 [pool-49-thread-1] INFO  server.RaftServerConfigKeys (ConfUtils.java:logGet(43)) - raft.server.log.statemachine.data.sync = true (default)
2019-09-19 14:32:39,149 [pool-49-thread-1] INFO  server.RaftServerConfigKeys (ConfUtils.java:logGet(43)) - raft.server.log.statemachine.data.sync.timeout = 10s (default)
2019-09-19 14:32:39,149 [pool-49-thread-1] INFO  server.RaftServerConfigKeys (ConfUtils.java:logGet(43)) - raft.server.log.statemachine.data.sync.timeout.retry = -1 (default)
2019-09-19 14:32:39,150 [pool-49-thread-1] INFO  server.RaftServerConfigKeys (ConfUtils.java:logGet(43)) - raft.server.log.statemachine.data.caching.enabled = true (custom)
2019-09-19 14:32:39,150 [pool-49-thread-1] INFO  segmented.SegmentedRaftLogWorker (SegmentedRaftLogWorker.java:lambda$new$0(132)) - afe05dc7-b5f4-4b7b-b2b1-a227635ab2f1-SegmentedRaftLogWorker:Storage Directory /workdir/hadoop-ozone/ozonefs/target/test-dir/MiniOzoneClusterImpl-7fd34b2e-4b5a-464b-80ea-73e41b6bd6cd/datanode-2/data/ratis/e558a722-e9fa-4605-884e-7d6e479a56d7: flushIndex: setUnconditionally 0 -> -1
2019-09-19 14:32:39,150 [pool-49-thread-1] INFO  server.RaftServerConfigKeys (ConfUtils.java:logGet(43)) - raft.server.snapshot.auto.trigger.enabled = true (custom)
2019-09-19 14:32:39,151 [pool-49-thread-1] INFO  server.RaftServerConfigKeys (ConfUtils.java:logGet(43)) - raft.server.snapshot.auto.trigger.threshold = 10000 (custom)
2019-09-19 14:32:39,151 [pool-49-thread-1] INFO  server.RaftServerConfigKeys (ConfUtils.java:logGet(43)) - raft.server.retrycache.expirytime = 600000ms (custom)
2019-09-19 14:32:39,151 [pool-49-thread-1] INFO  impl.RaftServerImpl (RaftServerImpl.java:start(180)) - afe05dc7-b5f4-4b7b-b2b1-a227635ab2f1: start group-7D6E479A56D7
2019-09-19 14:32:39,151 [pool-49-thread-1] INFO  impl.RaftServerImpl (RaftServerImpl.java:setRole(171)) - afe05dc7-b5f4-4b7b-b2b1-a227635ab2f1:group-7D6E479A56D7 changes role from null to FOLLOWER at term 0 for startAsFollower
2019-09-19 14:32:39,151 [pool-49-thread-1] INFO  impl.RoleInfo (RoleInfo.java:updateAndGet(143)) - afe05dc7-b5f4-4b7b-b2b1-a227635ab2f1: start FollowerState
2019-09-19 14:32:39,152 [pool-49-thread-1] INFO  util.JmxRegister (JmxRegister.java:tryRegister(44)) - Successfully registered JMX Bean with object name Ratis:service=RaftServer,group=group-7D6E479A56D7,id=afe05dc7-b5f4-4b7b-b2b1-a227635ab2f1
2019-09-19 14:32:39,162 [RatisPipelineUtilsThread] INFO  pipeline.PipelineStateManager (PipelineStateManager.java:addPipeline(56)) - Created pipeline Pipeline[ Id: e558a722-e9fa-4605-884e-7d6e479a56d7, Nodes: afe05dc7-b5f4-4b7b-b2b1-a227635ab2f1{ip: 192.168.5.132, host: pr-hdds-1569-rzdr8-3403194166, networkLocation: /default-rack, certSerialId: null}, Type:RATIS, Factor:ONE, State:OPEN]
2019-09-19 14:32:39,178 [grpc-default-executor-0] INFO  impl.RaftServerProxy (RaftServerProxy.java:addNew(89)) - 6869628d-08da-4946-b9e3-2b0ea0688e78: addNew group-1D6B1E042FB2:[6869628d-08da-4946-b9e3-2b0ea0688e78:192.168.5.132:37368] returns group-1D6B1E042FB2:java.util.concurrent.CompletableFuture@1a9c89e1[Not completed]
2019-09-19 14:32:39,182 [pool-71-thread-1] INFO  impl.RaftServerImpl (RaftServerImpl.java:<init>(93)) - 6869628d-08da-4946-b9e3-2b0ea0688e78: new RaftServerImpl for group-1D6B1E042FB2:[6869628d-08da-4946-b9e3-2b0ea0688e78:192.168.5.132:37368] with ContainerStateMachine:uninitialized
2019-09-19 14:32:39,183 [pool-71-thread-1] INFO  server.RaftServerConfigKeys (ConfUtils.java:logGet(43)) - raft.server.rpc.timeout.min = 5s (custom)
2019-09-19 14:32:39,183 [pool-71-thread-1] INFO  server.RaftServerConfigKeys (ConfUtils.java:logGet(43)) - raft.server.rpc.timeout.max = 5200ms (custom)
2019-09-19 14:32:39,183 [pool-71-thread-1] INFO  server.RaftServerConfigKeys (ConfUtils.java:logGet(43)) - raft.server.rpcslowness.timeout = 120s (custom)
2019-09-19 14:32:39,183 [pool-71-thread-1] INFO  server.RaftServerConfigKeys (ConfUtils.java:logGet(43)) - raft.server.sleep.deviation.threshold = 300 (default)
2019-09-19 14:32:39,183 [pool-71-thread-1] INFO  server.RaftServerConfigKeys (ConfUtils.java:logGet(43)) - raft.server.log.appender.install.snapshot.enabled = false (custom)
2019-09-19 14:32:39,184 [pool-71-thread-1] INFO  impl.RaftServerImpl (ServerState.java:<init>(105)) - 6869628d-08da-4946-b9e3-2b0ea0688e78:group-1D6B1E042FB2 ConfigurationManager, init=-1: [6869628d-08da-4946-b9e3-2b0ea0688e78:192.168.5.132:37368], old=null, confs=<EMPTY_MAP>
2019-09-19 14:32:39,184 [pool-71-thread-1] INFO  server.RaftServerConfigKeys (ConfUtils.java:logGet(43)) - raft.server.storage.dir = [/workdir/hadoop-ozone/ozonefs/target/test-dir/MiniOzoneClusterImpl-7fd34b2e-4b5a-464b-80ea-73e41b6bd6cd/datanode-4/data/ratis] (custom)
2019-09-19 14:32:39,184 [pool-71-thread-1] INFO  storage.RaftStorageDirectory (RaftStorageDirectory.java:analyzeStorage(246)) - The storage directory /workdir/hadoop-ozone/ozonefs/target/test-dir/MiniOzoneClusterImpl-7fd34b2e-4b5a-464b-80ea-73e41b6bd6cd/datanode-4/data/ratis/ef0c2a02-771a-46b3-96bb-1d6b1e042fb2 does not exist. Creating ...
2019-09-19 14:32:39,202 [pool-71-thread-1] INFO  storage.RaftStorageDirectory (RaftStorageDirectory.java:tryLock(328)) - Lock on /workdir/hadoop-ozone/ozonefs/target/test-dir/MiniOzoneClusterImpl-7fd34b2e-4b5a-464b-80ea-73e41b6bd6cd/datanode-4/data/ratis/ef0c2a02-771a-46b3-96bb-1d6b1e042fb2/in_use.lock acquired by nodename 17492@pr-hdds-1569-rzdr8-3403194166
2019-09-19 14:32:39,221 [pool-71-thread-1] INFO  storage.RaftStorage (RaftStorage.java:format(72)) - Storage directory /workdir/hadoop-ozone/ozonefs/target/test-dir/MiniOzoneClusterImpl-7fd34b2e-4b5a-464b-80ea-73e41b6bd6cd/datanode-4/data/ratis/ef0c2a02-771a-46b3-96bb-1d6b1e042fb2 has been successfully formatted.
2019-09-19 14:32:39,222 [pool-71-thread-1] INFO  ratis.ContainerStateMachine (ContainerStateMachine.java:loadSnapshot(226)) - group-1D6B1E042FB2: The snapshot info is null. Setting the last applied indexto:(t:0, i:~)
2019-09-19 14:32:39,222 [pool-71-thread-1] INFO  server.RaftServerConfigKeys (ConfUtils.java:logGet(43)) - raft.server.leader.election.timeout = 120s (custom)
2019-09-19 14:32:39,222 [pool-71-thread-1] INFO  server.RaftServerConfigKeys (ConfUtils.java:logGet(43)) - raft.server.log.use.memory = false (default)
2019-09-19 14:32:39,223 [pool-71-thread-1] INFO  server.RaftServerConfigKeys (ConfUtils.java:logGet(43)) - raft.server.log.purge.gap = 1000000 (custom)
2019-09-19 14:32:39,223 [pool-71-thread-1] INFO  server.RaftServerConfigKeys (ConfUtils.java:logGet(43)) - raft.server.log.appender.buffer.byte-limit = 33554432 (custom)
2019-09-19 14:32:39,223 [pool-71-thread-1] INFO  server.RaftServerConfigKeys (ConfUtils.java:logGet(43)) - raft.server.log.segment.size.max = 1048576 (custom)
2019-09-19 14:32:39,223 [pool-71-thread-1] INFO  server.RaftServerConfigKeys (ConfUtils.java:logGet(43)) - raft.server.log.segment.cache.num.max = 2 (custom)
2019-09-19 14:32:39,223 [pool-71-thread-1] INFO  segmented.SegmentedRaftLogWorker (SegmentedRaftLogWorker.java:<init>(172)) - new 6869628d-08da-4946-b9e3-2b0ea0688e78-SegmentedRaftLogWorker:Storage Directory /workdir/hadoop-ozone/ozonefs/target/test-dir/MiniOzoneClusterImpl-7fd34b2e-4b5a-464b-80ea-73e41b6bd6cd/datanode-4/data/ratis/ef0c2a02-771a-46b3-96bb-1d6b1e042fb2 for RaftStorage:Storage Directory /workdir/hadoop-ozone/ozonefs/target/test-dir/MiniOzoneClusterImpl-7fd34b2e-4b5a-464b-80ea-73e41b6bd6cd/datanode-4/data/ratis/ef0c2a02-771a-46b3-96bb-1d6b1e042fb2
2019-09-19 14:32:39,224 [pool-71-thread-1] INFO  server.RaftServerConfigKeys (ConfUtils.java:logGet(43)) - raft.server.log.queue.byte-limit = 2147483647 (custom)
2019-09-19 14:32:39,224 [pool-71-thread-1] INFO  server.RaftServerConfigKeys (ConfUtils.java:logGet(43)) - raft.server.log.queue.element-limit = 1024 (custom)
2019-09-19 14:32:39,224 [pool-71-thread-1] INFO  server.RaftServerConfigKeys (ConfUtils.java:logGet(43)) - raft.server.log.segment.size.max = 1048576 (custom)
2019-09-19 14:32:39,224 [pool-71-thread-1] INFO  server.RaftServerConfigKeys (ConfUtils.java:logGet(43)) - raft.server.log.preallocated.size = 16384 (custom)
2019-09-19 14:32:39,225 [pool-71-thread-1] INFO  server.RaftServerConfigKeys (ConfUtils.java:logGet(43)) - raft.server.log.write.buffer.size = 33554432 (custom)
2019-09-19 14:32:39,225 [pool-71-thread-1] INFO  server.RaftServerConfigKeys (ConfUtils.java:logGet(43)) - raft.server.log.force.sync.num = 128 (default)
2019-09-19 14:32:39,225 [pool-71-thread-1] INFO  server.RaftServerConfigKeys (ConfUtils.java:logGet(43)) - raft.server.log.statemachine.data.sync = true (default)
2019-09-19 14:32:39,225 [pool-71-thread-1] INFO  server.RaftServerConfigKeys (ConfUtils.java:logGet(43)) - raft.server.log.statemachine.data.sync.timeout = 10s (default)
2019-09-19 14:32:39,225 [pool-71-thread-1] INFO  server.RaftServerConfigKeys (ConfUtils.java:logGet(43)) - raft.server.log.statemachine.data.sync.timeout.retry = -1 (default)
2019-09-19 14:32:39,226 [pool-71-thread-1] INFO  server.RaftServerConfigKeys (ConfUtils.java:logGet(43)) - raft.server.log.statemachine.data.caching.enabled = true (custom)
2019-09-19 14:32:39,226 [pool-71-thread-1] INFO  segmented.SegmentedRaftLogWorker (SegmentedRaftLogWorker.java:lambda$new$0(132)) - 6869628d-08da-4946-b9e3-2b0ea0688e78-SegmentedRaftLogWorker:Storage Directory /workdir/hadoop-ozone/ozonefs/target/test-dir/MiniOzoneClusterImpl-7fd34b2e-4b5a-464b-80ea-73e41b6bd6cd/datanode-4/data/ratis/ef0c2a02-771a-46b3-96bb-1d6b1e042fb2: flushIndex: setUnconditionally 0 -> -1
2019-09-19 14:32:39,227 [pool-71-thread-1] INFO  server.RaftServerConfigKeys (ConfUtils.java:logGet(43)) - raft.server.snapshot.auto.trigger.enabled = true (custom)
2019-09-19 14:32:39,227 [pool-71-thread-1] INFO  server.RaftServerConfigKeys (ConfUtils.java:logGet(43)) - raft.server.snapshot.auto.trigger.threshold = 10000 (custom)
2019-09-19 14:32:39,227 [pool-71-thread-1] INFO  server.RaftServerConfigKeys (ConfUtils.java:logGet(43)) - raft.server.retrycache.expirytime = 600000ms (custom)
2019-09-19 14:32:39,227 [pool-71-thread-1] INFO  impl.RaftServerImpl (RaftServerImpl.java:start(180)) - 6869628d-08da-4946-b9e3-2b0ea0688e78: start group-1D6B1E042FB2
2019-09-19 14:32:39,228 [pool-71-thread-1] INFO  impl.RaftServerImpl (RaftServerImpl.java:setRole(171)) - 6869628d-08da-4946-b9e3-2b0ea0688e78:group-1D6B1E042FB2 changes role from null to FOLLOWER at term 0 for startAsFollower
2019-09-19 14:32:39,228 [pool-71-thread-1] INFO  impl.RoleInfo (RoleInfo.java:updateAndGet(143)) - 6869628d-08da-4946-b9e3-2b0ea0688e78: start FollowerState
2019-09-19 14:32:39,228 [pool-71-thread-1] INFO  util.JmxRegister (JmxRegister.java:tryRegister(44)) - Successfully registered JMX Bean with object name Ratis:service=RaftServer,group=group-1D6B1E042FB2,id=6869628d-08da-4946-b9e3-2b0ea0688e78
2019-09-19 14:32:39,240 [RatisPipelineUtilsThread] INFO  pipeline.PipelineStateManager (PipelineStateManager.java:addPipeline(56)) - Created pipeline Pipeline[ Id: ef0c2a02-771a-46b3-96bb-1d6b1e042fb2, Nodes: 6869628d-08da-4946-b9e3-2b0ea0688e78{ip: 192.168.5.132, host: pr-hdds-1569-rzdr8-3403194166, networkLocation: /default-rack, certSerialId: null}, Type:RATIS, Factor:ONE, State:OPEN]
2019-09-19 14:32:39,254 | INFO  | SCMAudit | user=jenkins1000 | ip=192.168.5.132 | op=SEND_HEARTBEAT {datanodeUUID=ce50d529-02c7-4d8b-8f37-5cc78bb94e38, command=[]} | ret=SUCCESS |  
2019-09-19 14:32:39,257 [grpc-default-executor-0] INFO  impl.RaftServerProxy (RaftServerProxy.java:addNew(89)) - afe05dc7-b5f4-4b7b-b2b1-a227635ab2f1: addNew group-B963966F0BC0:[afe05dc7-b5f4-4b7b-b2b1-a227635ab2f1:192.168.5.132:43858] returns group-B963966F0BC0:java.util.concurrent.CompletableFuture@3adbfee[Not completed]
2019-09-19 14:32:39,259 [pool-49-thread-1] INFO  impl.RaftServerImpl (RaftServerImpl.java:<init>(93)) - afe05dc7-b5f4-4b7b-b2b1-a227635ab2f1: new RaftServerImpl for group-B963966F0BC0:[afe05dc7-b5f4-4b7b-b2b1-a227635ab2f1:192.168.5.132:43858] with ContainerStateMachine:uninitialized
2019-09-19 14:32:39,259 [pool-49-thread-1] INFO  server.RaftServerConfigKeys (ConfUtils.java:logGet(43)) - raft.server.rpc.timeout.min = 5s (custom)
2019-09-19 14:32:39,259 [pool-49-thread-1] INFO  server.RaftServerConfigKeys (ConfUtils.java:logGet(43)) - raft.server.rpc.timeout.max = 5200ms (custom)
2019-09-19 14:32:39,260 [pool-49-thread-1] INFO  server.RaftServerConfigKeys (ConfUtils.java:logGet(43)) - raft.server.rpcslowness.timeout = 120s (custom)
2019-09-19 14:32:39,260 [pool-49-thread-1] INFO  server.RaftServerConfigKeys (ConfUtils.java:logGet(43)) - raft.server.sleep.deviation.threshold = 300 (default)
2019-09-19 14:32:39,260 [pool-49-thread-1] INFO  server.RaftServerConfigKeys (ConfUtils.java:logGet(43)) - raft.server.log.appender.install.snapshot.enabled = false (custom)
2019-09-19 14:32:39,260 [pool-49-thread-1] INFO  impl.RaftServerImpl (ServerState.java:<init>(105)) - afe05dc7-b5f4-4b7b-b2b1-a227635ab2f1:group-B963966F0BC0 ConfigurationManager, init=-1: [afe05dc7-b5f4-4b7b-b2b1-a227635ab2f1:192.168.5.132:43858], old=null, confs=<EMPTY_MAP>
2019-09-19 14:32:39,260 [pool-49-thread-1] INFO  server.RaftServerConfigKeys (ConfUtils.java:logGet(43)) - raft.server.storage.dir = [/workdir/hadoop-ozone/ozonefs/target/test-dir/MiniOzoneClusterImpl-7fd34b2e-4b5a-464b-80ea-73e41b6bd6cd/datanode-2/data/ratis] (custom)
2019-09-19 14:32:39,261 [pool-49-thread-1] INFO  storage.RaftStorageDirectory (RaftStorageDirectory.java:analyzeStorage(246)) - The storage directory /workdir/hadoop-ozone/ozonefs/target/test-dir/MiniOzoneClusterImpl-7fd34b2e-4b5a-464b-80ea-73e41b6bd6cd/datanode-2/data/ratis/d9a90479-b5e7-4379-885d-b963966f0bc0 does not exist. Creating ...
2019-09-19 14:32:39,299 [pool-49-thread-1] INFO  storage.RaftStorageDirectory (RaftStorageDirectory.java:tryLock(328)) - Lock on /workdir/hadoop-ozone/ozonefs/target/test-dir/MiniOzoneClusterImpl-7fd34b2e-4b5a-464b-80ea-73e41b6bd6cd/datanode-2/data/ratis/d9a90479-b5e7-4379-885d-b963966f0bc0/in_use.lock acquired by nodename 17492@pr-hdds-1569-rzdr8-3403194166
2019-09-19 14:32:39,317 [pool-49-thread-1] INFO  storage.RaftStorage (RaftStorage.java:format(72)) - Storage directory /workdir/hadoop-ozone/ozonefs/target/test-dir/MiniOzoneClusterImpl-7fd34b2e-4b5a-464b-80ea-73e41b6bd6cd/datanode-2/data/ratis/d9a90479-b5e7-4379-885d-b963966f0bc0 has been successfully formatted.
2019-09-19 14:32:39,317 [pool-49-thread-1] INFO  ratis.ContainerStateMachine (ContainerStateMachine.java:loadSnapshot(226)) - group-B963966F0BC0: The snapshot info is null. Setting the last applied indexto:(t:0, i:~)
2019-09-19 14:32:39,318 [pool-49-thread-1] INFO  server.RaftServerConfigKeys (ConfUtils.java:logGet(43)) - raft.server.leader.election.timeout = 120s (custom)
2019-09-19 14:32:39,318 [pool-49-thread-1] INFO  server.RaftServerConfigKeys (ConfUtils.java:logGet(43)) - raft.server.log.use.memory = false (default)
2019-09-19 14:32:39,318 [pool-49-thread-1] INFO  server.RaftServerConfigKeys (ConfUtils.java:logGet(43)) - raft.server.log.purge.gap = 1000000 (custom)
2019-09-19 14:32:39,318 [pool-49-thread-1] INFO  server.RaftServerConfigKeys (ConfUtils.java:logGet(43)) - raft.server.log.appender.buffer.byte-limit = 33554432 (custom)
2019-09-19 14:32:39,318 [pool-49-thread-1] INFO  server.RaftServerConfigKeys (ConfUtils.java:logGet(43)) - raft.server.log.segment.size.max = 1048576 (custom)
2019-09-19 14:32:39,319 [pool-49-thread-1] INFO  server.RaftServerConfigKeys (ConfUtils.java:logGet(43)) - raft.server.log.segment.cache.num.max = 2 (custom)
2019-09-19 14:32:39,319 [pool-49-thread-1] INFO  segmented.SegmentedRaftLogWorker (SegmentedRaftLogWorker.java:<init>(172)) - new afe05dc7-b5f4-4b7b-b2b1-a227635ab2f1-SegmentedRaftLogWorker:Storage Directory /workdir/hadoop-ozone/ozonefs/target/test-dir/MiniOzoneClusterImpl-7fd34b2e-4b5a-464b-80ea-73e41b6bd6cd/datanode-2/data/ratis/d9a90479-b5e7-4379-885d-b963966f0bc0 for RaftStorage:Storage Directory /workdir/hadoop-ozone/ozonefs/target/test-dir/MiniOzoneClusterImpl-7fd34b2e-4b5a-464b-80ea-73e41b6bd6cd/datanode-2/data/ratis/d9a90479-b5e7-4379-885d-b963966f0bc0
2019-09-19 14:32:39,319 [pool-49-thread-1] INFO  server.RaftServerConfigKeys (ConfUtils.java:logGet(43)) - raft.server.log.queue.byte-limit = 2147483647 (custom)
2019-09-19 14:32:39,319 [pool-49-thread-1] INFO  server.RaftServerConfigKeys (ConfUtils.java:logGet(43)) - raft.server.log.queue.element-limit = 1024 (custom)
2019-09-19 14:32:39,319 [pool-49-thread-1] INFO  server.RaftServerConfigKeys (ConfUtils.java:logGet(43)) - raft.server.log.segment.size.max = 1048576 (custom)
2019-09-19 14:32:39,319 [pool-49-thread-1] INFO  server.RaftServerConfigKeys (ConfUtils.java:logGet(43)) - raft.server.log.preallocated.size = 16384 (custom)
2019-09-19 14:32:39,320 [pool-49-thread-1] INFO  server.RaftServerConfigKeys (ConfUtils.java:logGet(43)) - raft.server.log.write.buffer.size = 33554432 (custom)
2019-09-19 14:32:39,320 [pool-49-thread-1] INFO  server.RaftServerConfigKeys (ConfUtils.java:logGet(43)) - raft.server.log.force.sync.num = 128 (default)
2019-09-19 14:32:39,320 [pool-49-thread-1] INFO  server.RaftServerConfigKeys (ConfUtils.java:logGet(43)) - raft.server.log.statemachine.data.sync = true (default)
2019-09-19 14:32:39,320 [pool-49-thread-1] INFO  server.RaftServerConfigKeys (ConfUtils.java:logGet(43)) - raft.server.log.statemachine.data.sync.timeout = 10s (default)
2019-09-19 14:32:39,320 [pool-49-thread-1] INFO  server.RaftServerConfigKeys (ConfUtils.java:logGet(43)) - raft.server.log.statemachine.data.sync.timeout.retry = -1 (default)
2019-09-19 14:32:39,320 [pool-49-thread-1] INFO  server.RaftServerConfigKeys (ConfUtils.java:logGet(43)) - raft.server.log.statemachine.data.caching.enabled = true (custom)
2019-09-19 14:32:39,321 [pool-49-thread-1] INFO  segmented.SegmentedRaftLogWorker (SegmentedRaftLogWorker.java:lambda$new$0(132)) - afe05dc7-b5f4-4b7b-b2b1-a227635ab2f1-SegmentedRaftLogWorker:Storage Directory /workdir/hadoop-ozone/ozonefs/target/test-dir/MiniOzoneClusterImpl-7fd34b2e-4b5a-464b-80ea-73e41b6bd6cd/datanode-2/data/ratis/d9a90479-b5e7-4379-885d-b963966f0bc0: flushIndex: setUnconditionally 0 -> -1
2019-09-19 14:32:39,321 [pool-49-thread-1] INFO  server.RaftServerConfigKeys (ConfUtils.java:logGet(43)) - raft.server.snapshot.auto.trigger.enabled = true (custom)
2019-09-19 14:32:39,321 [pool-49-thread-1] INFO  server.RaftServerConfigKeys (ConfUtils.java:logGet(43)) - raft.server.snapshot.auto.trigger.threshold = 10000 (custom)
2019-09-19 14:32:39,322 [pool-49-thread-1] INFO  server.RaftServerConfigKeys (ConfUtils.java:logGet(43)) - raft.server.retrycache.expirytime = 600000ms (custom)
2019-09-19 14:32:39,322 [pool-49-thread-1] INFO  impl.RaftServerImpl (RaftServerImpl.java:start(180)) - afe05dc7-b5f4-4b7b-b2b1-a227635ab2f1: start group-B963966F0BC0
2019-09-19 14:32:39,322 [pool-49-thread-1] INFO  impl.RaftServerImpl (RaftServerImpl.java:setRole(171)) - afe05dc7-b5f4-4b7b-b2b1-a227635ab2f1:group-B963966F0BC0 changes role from null to FOLLOWER at term 0 for startAsFollower
2019-09-19 14:32:39,322 [pool-49-thread-1] INFO  impl.RoleInfo (RoleInfo.java:updateAndGet(143)) - afe05dc7-b5f4-4b7b-b2b1-a227635ab2f1: start FollowerState
2019-09-19 14:32:39,323 [pool-49-thread-1] INFO  util.JmxRegister (JmxRegister.java:tryRegister(44)) - Successfully registered JMX Bean with object name Ratis:service=RaftServer,group=group-B963966F0BC0,id=afe05dc7-b5f4-4b7b-b2b1-a227635ab2f1
2019-09-19 14:32:39,335 [RatisPipelineUtilsThread] INFO  pipeline.PipelineStateManager (PipelineStateManager.java:addPipeline(56)) - Created pipeline Pipeline[ Id: d9a90479-b5e7-4379-885d-b963966f0bc0, Nodes: afe05dc7-b5f4-4b7b-b2b1-a227635ab2f1{ip: 192.168.5.132, host: pr-hdds-1569-rzdr8-3403194166, networkLocation: /default-rack, certSerialId: null}, Type:RATIS, Factor:ONE, State:OPEN]
2019-09-19 14:32:39,351 [grpc-default-executor-0] INFO  impl.RaftServerProxy (RaftServerProxy.java:addNew(89)) - 6869628d-08da-4946-b9e3-2b0ea0688e78: addNew group-A1C76D8A80A2:[6869628d-08da-4946-b9e3-2b0ea0688e78:192.168.5.132:37368] returns group-A1C76D8A80A2:java.util.concurrent.CompletableFuture@23c7dc06[Not completed]
2019-09-19 14:32:39,352 [pool-71-thread-1] INFO  impl.RaftServerImpl (RaftServerImpl.java:<init>(93)) - 6869628d-08da-4946-b9e3-2b0ea0688e78: new RaftServerImpl for group-A1C76D8A80A2:[6869628d-08da-4946-b9e3-2b0ea0688e78:192.168.5.132:37368] with ContainerStateMachine:uninitialized
2019-09-19 14:32:39,353 [pool-71-thread-1] INFO  server.RaftServerConfigKeys (ConfUtils.java:logGet(43)) - raft.server.rpc.timeout.min = 5s (custom)
2019-09-19 14:32:39,353 [pool-71-thread-1] INFO  server.RaftServerConfigKeys (ConfUtils.java:logGet(43)) - raft.server.rpc.timeout.max = 5200ms (custom)
2019-09-19 14:32:39,353 [pool-71-thread-1] INFO  server.RaftServerConfigKeys (ConfUtils.java:logGet(43)) - raft.server.rpcslowness.timeout = 120s (custom)
2019-09-19 14:32:39,353 [pool-71-thread-1] INFO  server.RaftServerConfigKeys (ConfUtils.java:logGet(43)) - raft.server.sleep.deviation.threshold = 300 (default)
2019-09-19 14:32:39,353 [pool-71-thread-1] INFO  server.RaftServerConfigKeys (ConfUtils.java:logGet(43)) - raft.server.log.appender.install.snapshot.enabled = false (custom)
2019-09-19 14:32:39,353 [pool-71-thread-1] INFO  impl.RaftServerImpl (ServerState.java:<init>(105)) - 6869628d-08da-4946-b9e3-2b0ea0688e78:group-A1C76D8A80A2 ConfigurationManager, init=-1: [6869628d-08da-4946-b9e3-2b0ea0688e78:192.168.5.132:37368], old=null, confs=<EMPTY_MAP>
2019-09-19 14:32:39,354 [pool-71-thread-1] INFO  server.RaftServerConfigKeys (ConfUtils.java:logGet(43)) - raft.server.storage.dir = [/workdir/hadoop-ozone/ozonefs/target/test-dir/MiniOzoneClusterImpl-7fd34b2e-4b5a-464b-80ea-73e41b6bd6cd/datanode-4/data/ratis] (custom)
2019-09-19 14:32:39,354 [pool-71-thread-1] INFO  storage.RaftStorageDirectory (RaftStorageDirectory.java:analyzeStorage(246)) - The storage directory /workdir/hadoop-ozone/ozonefs/target/test-dir/MiniOzoneClusterImpl-7fd34b2e-4b5a-464b-80ea-73e41b6bd6cd/datanode-4/data/ratis/fd848768-9cb3-4ffb-aaf3-a1c76d8a80a2 does not exist. Creating ...
2019-09-19 14:32:39,402 [pool-71-thread-1] INFO  storage.RaftStorageDirectory (RaftStorageDirectory.java:tryLock(328)) - Lock on /workdir/hadoop-ozone/ozonefs/target/test-dir/MiniOzoneClusterImpl-7fd34b2e-4b5a-464b-80ea-73e41b6bd6cd/datanode-4/data/ratis/fd848768-9cb3-4ffb-aaf3-a1c76d8a80a2/in_use.lock acquired by nodename 17492@pr-hdds-1569-rzdr8-3403194166
2019-09-19 14:32:39,419 [pool-71-thread-1] INFO  storage.RaftStorage (RaftStorage.java:format(72)) - Storage directory /workdir/hadoop-ozone/ozonefs/target/test-dir/MiniOzoneClusterImpl-7fd34b2e-4b5a-464b-80ea-73e41b6bd6cd/datanode-4/data/ratis/fd848768-9cb3-4ffb-aaf3-a1c76d8a80a2 has been successfully formatted.
2019-09-19 14:32:39,420 [pool-71-thread-1] INFO  ratis.ContainerStateMachine (ContainerStateMachine.java:loadSnapshot(226)) - group-A1C76D8A80A2: The snapshot info is null. Setting the last applied indexto:(t:0, i:~)
2019-09-19 14:32:39,420 [pool-71-thread-1] INFO  server.RaftServerConfigKeys (ConfUtils.java:logGet(43)) - raft.server.leader.election.timeout = 120s (custom)
2019-09-19 14:32:39,420 [pool-71-thread-1] INFO  server.RaftServerConfigKeys (ConfUtils.java:logGet(43)) - raft.server.log.use.memory = false (default)
2019-09-19 14:32:39,420 [pool-71-thread-1] INFO  server.RaftServerConfigKeys (ConfUtils.java:logGet(43)) - raft.server.log.purge.gap = 1000000 (custom)
2019-09-19 14:32:39,421 [pool-71-thread-1] INFO  server.RaftServerConfigKeys (ConfUtils.java:logGet(43)) - raft.server.log.appender.buffer.byte-limit = 33554432 (custom)
2019-09-19 14:32:39,421 [pool-71-thread-1] INFO  server.RaftServerConfigKeys (ConfUtils.java:logGet(43)) - raft.server.log.segment.size.max = 1048576 (custom)
2019-09-19 14:32:39,421 [pool-71-thread-1] INFO  server.RaftServerConfigKeys (ConfUtils.java:logGet(43)) - raft.server.log.segment.cache.num.max = 2 (custom)
2019-09-19 14:32:39,421 [pool-71-thread-1] INFO  segmented.SegmentedRaftLogWorker (SegmentedRaftLogWorker.java:<init>(172)) - new 6869628d-08da-4946-b9e3-2b0ea0688e78-SegmentedRaftLogWorker:Storage Directory /workdir/hadoop-ozone/ozonefs/target/test-dir/MiniOzoneClusterImpl-7fd34b2e-4b5a-464b-80ea-73e41b6bd6cd/datanode-4/data/ratis/fd848768-9cb3-4ffb-aaf3-a1c76d8a80a2 for RaftStorage:Storage Directory /workdir/hadoop-ozone/ozonefs/target/test-dir/MiniOzoneClusterImpl-7fd34b2e-4b5a-464b-80ea-73e41b6bd6cd/datanode-4/data/ratis/fd848768-9cb3-4ffb-aaf3-a1c76d8a80a2
2019-09-19 14:32:39,421 [pool-71-thread-1] INFO  server.RaftServerConfigKeys (ConfUtils.java:logGet(43)) - raft.server.log.queue.byte-limit = 2147483647 (custom)
2019-09-19 14:32:39,422 [pool-71-thread-1] INFO  server.RaftServerConfigKeys (ConfUtils.java:logGet(43)) - raft.server.log.queue.element-limit = 1024 (custom)
2019-09-19 14:32:39,422 [pool-71-thread-1] INFO  server.RaftServerConfigKeys (ConfUtils.java:logGet(43)) - raft.server.log.segment.size.max = 1048576 (custom)
2019-09-19 14:32:39,422 [pool-71-thread-1] INFO  server.RaftServerConfigKeys (ConfUtils.java:logGet(43)) - raft.server.log.preallocated.size = 16384 (custom)
2019-09-19 14:32:39,422 [pool-71-thread-1] INFO  server.RaftServerConfigKeys (ConfUtils.java:logGet(43)) - raft.server.log.write.buffer.size = 33554432 (custom)
2019-09-19 14:32:39,422 [pool-71-thread-1] INFO  server.RaftServerConfigKeys (ConfUtils.java:logGet(43)) - raft.server.log.force.sync.num = 128 (default)
2019-09-19 14:32:39,422 [pool-71-thread-1] INFO  server.RaftServerConfigKeys (ConfUtils.java:logGet(43)) - raft.server.log.statemachine.data.sync = true (default)
2019-09-19 14:32:39,423 [pool-71-thread-1] INFO  server.RaftServerConfigKeys (ConfUtils.java:logGet(43)) - raft.server.log.statemachine.data.sync.timeout = 10s (default)
2019-09-19 14:32:39,423 [pool-71-thread-1] INFO  server.RaftServerConfigKeys (ConfUtils.java:logGet(43)) - raft.server.log.statemachine.data.sync.timeout.retry = -1 (default)
2019-09-19 14:32:39,423 [pool-71-thread-1] INFO  server.RaftServerConfigKeys (ConfUtils.java:logGet(43)) - raft.server.log.statemachine.data.caching.enabled = true (custom)
2019-09-19 14:32:39,423 [pool-71-thread-1] INFO  segmented.SegmentedRaftLogWorker (SegmentedRaftLogWorker.java:lambda$new$0(132)) - 6869628d-08da-4946-b9e3-2b0ea0688e78-SegmentedRaftLogWorker:Storage Directory /workdir/hadoop-ozone/ozonefs/target/test-dir/MiniOzoneClusterImpl-7fd34b2e-4b5a-464b-80ea-73e41b6bd6cd/datanode-4/data/ratis/fd848768-9cb3-4ffb-aaf3-a1c76d8a80a2: flushIndex: setUnconditionally 0 -> -1
2019-09-19 14:32:39,424 [pool-71-thread-1] INFO  server.RaftServerConfigKeys (ConfUtils.java:logGet(43)) - raft.server.snapshot.auto.trigger.enabled = true (custom)
2019-09-19 14:32:39,424 [pool-71-thread-1] INFO  server.RaftServerConfigKeys (ConfUtils.java:logGet(43)) - raft.server.snapshot.auto.trigger.threshold = 10000 (custom)
2019-09-19 14:32:39,424 [pool-71-thread-1] INFO  server.RaftServerConfigKeys (ConfUtils.java:logGet(43)) - raft.server.retrycache.expirytime = 600000ms (custom)
2019-09-19 14:32:39,425 [pool-71-thread-1] INFO  impl.RaftServerImpl (RaftServerImpl.java:start(180)) - 6869628d-08da-4946-b9e3-2b0ea0688e78: start group-A1C76D8A80A2
2019-09-19 14:32:39,425 [pool-71-thread-1] INFO  impl.RaftServerImpl (RaftServerImpl.java:setRole(171)) - 6869628d-08da-4946-b9e3-2b0ea0688e78:group-A1C76D8A80A2 changes role from null to FOLLOWER at term 0 for startAsFollower
2019-09-19 14:32:39,425 [pool-71-thread-1] INFO  impl.RoleInfo (RoleInfo.java:updateAndGet(143)) - 6869628d-08da-4946-b9e3-2b0ea0688e78: start FollowerState
2019-09-19 14:32:39,425 [pool-71-thread-1] INFO  util.JmxRegister (JmxRegister.java:tryRegister(44)) - Successfully registered JMX Bean with object name Ratis:service=RaftServer,group=group-A1C76D8A80A2,id=6869628d-08da-4946-b9e3-2b0ea0688e78
2019-09-19 14:32:39,444 [RatisPipelineUtilsThread] INFO  pipeline.PipelineStateManager (PipelineStateManager.java:addPipeline(56)) - Created pipeline Pipeline[ Id: fd848768-9cb3-4ffb-aaf3-a1c76d8a80a2, Nodes: 6869628d-08da-4946-b9e3-2b0ea0688e78{ip: 192.168.5.132, host: pr-hdds-1569-rzdr8-3403194166, networkLocation: /default-rack, certSerialId: null}, Type:RATIS, Factor:ONE, State:OPEN]
2019-09-19 14:32:39,467 [grpc-default-executor-0] INFO  impl.RaftServerProxy (RaftServerProxy.java:addNew(89)) - 570e97a0-06fc-447e-8972-b83f57a17e92: addNew group-F6C4F81F4E33:[570e97a0-06fc-447e-8972-b83f57a17e92:192.168.5.132:45013] returns group-F6C4F81F4E33:java.util.concurrent.CompletableFuture@2ac98cee[Not completed]
2019-09-19 14:32:39,469 [pool-60-thread-1] INFO  impl.RaftServerImpl (RaftServerImpl.java:<init>(93)) - 570e97a0-06fc-447e-8972-b83f57a17e92: new RaftServerImpl for group-F6C4F81F4E33:[570e97a0-06fc-447e-8972-b83f57a17e92:192.168.5.132:45013] with ContainerStateMachine:uninitialized
2019-09-19 14:32:39,469 [pool-60-thread-1] INFO  server.RaftServerConfigKeys (ConfUtils.java:logGet(43)) - raft.server.rpc.timeout.min = 5s (custom)
2019-09-19 14:32:39,469 [pool-60-thread-1] INFO  server.RaftServerConfigKeys (ConfUtils.java:logGet(43)) - raft.server.rpc.timeout.max = 5200ms (custom)
2019-09-19 14:32:39,469 [pool-60-thread-1] INFO  server.RaftServerConfigKeys (ConfUtils.java:logGet(43)) - raft.server.rpcslowness.timeout = 120s (custom)
2019-09-19 14:32:39,470 [pool-60-thread-1] INFO  server.RaftServerConfigKeys (ConfUtils.java:logGet(43)) - raft.server.sleep.deviation.threshold = 300 (default)
2019-09-19 14:32:39,470 [pool-60-thread-1] INFO  server.RaftServerConfigKeys (ConfUtils.java:logGet(43)) - raft.server.log.appender.install.snapshot.enabled = false (custom)
2019-09-19 14:32:39,470 [pool-60-thread-1] INFO  impl.RaftServerImpl (ServerState.java:<init>(105)) - 570e97a0-06fc-447e-8972-b83f57a17e92:group-F6C4F81F4E33 ConfigurationManager, init=-1: [570e97a0-06fc-447e-8972-b83f57a17e92:192.168.5.132:45013], old=null, confs=<EMPTY_MAP>
2019-09-19 14:32:39,470 [pool-60-thread-1] INFO  server.RaftServerConfigKeys (ConfUtils.java:logGet(43)) - raft.server.storage.dir = [/workdir/hadoop-ozone/ozonefs/target/test-dir/MiniOzoneClusterImpl-7fd34b2e-4b5a-464b-80ea-73e41b6bd6cd/datanode-3/data/ratis] (custom)
2019-09-19 14:32:39,471 [pool-60-thread-1] INFO  storage.RaftStorageDirectory (RaftStorageDirectory.java:analyzeStorage(246)) - The storage directory /workdir/hadoop-ozone/ozonefs/target/test-dir/MiniOzoneClusterImpl-7fd34b2e-4b5a-464b-80ea-73e41b6bd6cd/datanode-3/data/ratis/b0ca4e8c-7802-4b2c-ad1d-f6c4f81f4e33 does not exist. Creating ...
2019-09-19 14:32:39,497 [pool-60-thread-1] INFO  storage.RaftStorageDirectory (RaftStorageDirectory.java:tryLock(328)) - Lock on /workdir/hadoop-ozone/ozonefs/target/test-dir/MiniOzoneClusterImpl-7fd34b2e-4b5a-464b-80ea-73e41b6bd6cd/datanode-3/data/ratis/b0ca4e8c-7802-4b2c-ad1d-f6c4f81f4e33/in_use.lock acquired by nodename 17492@pr-hdds-1569-rzdr8-3403194166
2019-09-19 14:32:39,500 | INFO  | SCMAudit | user=jenkins1000 | ip=192.168.5.132 | op=SEND_HEARTBEAT {datanodeUUID=afe05dc7-b5f4-4b7b-b2b1-a227635ab2f1, command=[]} | ret=SUCCESS |  
2019-09-19 14:32:39,520 [pool-60-thread-1] INFO  storage.RaftStorage (RaftStorage.java:format(72)) - Storage directory /workdir/hadoop-ozone/ozonefs/target/test-dir/MiniOzoneClusterImpl-7fd34b2e-4b5a-464b-80ea-73e41b6bd6cd/datanode-3/data/ratis/b0ca4e8c-7802-4b2c-ad1d-f6c4f81f4e33 has been successfully formatted.
2019-09-19 14:32:39,520 [pool-60-thread-1] INFO  ratis.ContainerStateMachine (ContainerStateMachine.java:loadSnapshot(226)) - group-F6C4F81F4E33: The snapshot info is null. Setting the last applied indexto:(t:0, i:~)
2019-09-19 14:32:39,520 [pool-60-thread-1] INFO  server.RaftServerConfigKeys (ConfUtils.java:logGet(43)) - raft.server.leader.election.timeout = 120s (custom)
2019-09-19 14:32:39,520 [pool-60-thread-1] INFO  server.RaftServerConfigKeys (ConfUtils.java:logGet(43)) - raft.server.log.use.memory = false (default)
2019-09-19 14:32:39,521 [pool-60-thread-1] INFO  server.RaftServerConfigKeys (ConfUtils.java:logGet(43)) - raft.server.log.purge.gap = 1000000 (custom)
2019-09-19 14:32:39,521 [pool-60-thread-1] INFO  server.RaftServerConfigKeys (ConfUtils.java:logGet(43)) - raft.server.log.appender.buffer.byte-limit = 33554432 (custom)
2019-09-19 14:32:39,521 [pool-60-thread-1] INFO  server.RaftServerConfigKeys (ConfUtils.java:logGet(43)) - raft.server.log.segment.size.max = 1048576 (custom)
2019-09-19 14:32:39,521 [pool-60-thread-1] INFO  server.RaftServerConfigKeys (ConfUtils.java:logGet(43)) - raft.server.log.segment.cache.num.max = 2 (custom)
2019-09-19 14:32:39,521 [pool-60-thread-1] INFO  segmented.SegmentedRaftLogWorker (SegmentedRaftLogWorker.java:<init>(172)) - new 570e97a0-06fc-447e-8972-b83f57a17e92-SegmentedRaftLogWorker:Storage Directory /workdir/hadoop-ozone/ozonefs/target/test-dir/MiniOzoneClusterImpl-7fd34b2e-4b5a-464b-80ea-73e41b6bd6cd/datanode-3/data/ratis/b0ca4e8c-7802-4b2c-ad1d-f6c4f81f4e33 for RaftStorage:Storage Directory /workdir/hadoop-ozone/ozonefs/target/test-dir/MiniOzoneClusterImpl-7fd34b2e-4b5a-464b-80ea-73e41b6bd6cd/datanode-3/data/ratis/b0ca4e8c-7802-4b2c-ad1d-f6c4f81f4e33
2019-09-19 14:32:39,521 [pool-60-thread-1] INFO  server.RaftServerConfigKeys (ConfUtils.java:logGet(43)) - raft.server.log.queue.byte-limit = 2147483647 (custom)
2019-09-19 14:32:39,521 [pool-60-thread-1] INFO  server.RaftServerConfigKeys (ConfUtils.java:logGet(43)) - raft.server.log.queue.element-limit = 1024 (custom)
2019-09-19 14:32:39,522 [pool-60-thread-1] INFO  server.RaftServerConfigKeys (ConfUtils.java:logGet(43)) - raft.server.log.segment.size.max = 1048576 (custom)
2019-09-19 14:32:39,522 [pool-60-thread-1] INFO  server.RaftServerConfigKeys (ConfUtils.java:logGet(43)) - raft.server.log.preallocated.size = 16384 (custom)
2019-09-19 14:32:39,522 [pool-60-thread-1] INFO  server.RaftServerConfigKeys (ConfUtils.java:logGet(43)) - raft.server.log.write.buffer.size = 33554432 (custom)
2019-09-19 14:32:39,522 [pool-60-thread-1] INFO  server.RaftServerConfigKeys (ConfUtils.java:logGet(43)) - raft.server.log.force.sync.num = 128 (default)
2019-09-19 14:32:39,522 [pool-60-thread-1] INFO  server.RaftServerConfigKeys (ConfUtils.java:logGet(43)) - raft.server.log.statemachine.data.sync = true (default)
2019-09-19 14:32:39,522 [pool-60-thread-1] INFO  server.RaftServerConfigKeys (ConfUtils.java:logGet(43)) - raft.server.log.statemachine.data.sync.timeout = 10s (default)
2019-09-19 14:32:39,523 [pool-60-thread-1] INFO  server.RaftServerConfigKeys (ConfUtils.java:logGet(43)) - raft.server.log.statemachine.data.sync.timeout.retry = -1 (default)
2019-09-19 14:32:39,523 [pool-60-thread-1] INFO  server.RaftServerConfigKeys (ConfUtils.java:logGet(43)) - raft.server.log.statemachine.data.caching.enabled = true (custom)
2019-09-19 14:32:39,523 [pool-60-thread-1] INFO  segmented.SegmentedRaftLogWorker (SegmentedRaftLogWorker.java:lambda$new$0(132)) - 570e97a0-06fc-447e-8972-b83f57a17e92-SegmentedRaftLogWorker:Storage Directory /workdir/hadoop-ozone/ozonefs/target/test-dir/MiniOzoneClusterImpl-7fd34b2e-4b5a-464b-80ea-73e41b6bd6cd/datanode-3/data/ratis/b0ca4e8c-7802-4b2c-ad1d-f6c4f81f4e33: flushIndex: setUnconditionally 0 -> -1
2019-09-19 14:32:39,523 [pool-60-thread-1] INFO  server.RaftServerConfigKeys (ConfUtils.java:logGet(43)) - raft.server.snapshot.auto.trigger.enabled = true (custom)
2019-09-19 14:32:39,524 [pool-60-thread-1] INFO  server.RaftServerConfigKeys (ConfUtils.java:logGet(43)) - raft.server.snapshot.auto.trigger.threshold = 10000 (custom)
2019-09-19 14:32:39,524 [pool-60-thread-1] INFO  server.RaftServerConfigKeys (ConfUtils.java:logGet(43)) - raft.server.retrycache.expirytime = 600000ms (custom)
2019-09-19 14:32:39,524 [pool-60-thread-1] INFO  impl.RaftServerImpl (RaftServerImpl.java:start(180)) - 570e97a0-06fc-447e-8972-b83f57a17e92: start group-F6C4F81F4E33
2019-09-19 14:32:39,524 [pool-60-thread-1] INFO  impl.RaftServerImpl (RaftServerImpl.java:setRole(171)) - 570e97a0-06fc-447e-8972-b83f57a17e92:group-F6C4F81F4E33 changes role from null to FOLLOWER at term 0 for startAsFollower
2019-09-19 14:32:39,524 [pool-60-thread-1] INFO  impl.RoleInfo (RoleInfo.java:updateAndGet(143)) - 570e97a0-06fc-447e-8972-b83f57a17e92: start FollowerState
2019-09-19 14:32:39,525 [pool-60-thread-1] INFO  util.JmxRegister (JmxRegister.java:tryRegister(44)) - Successfully registered JMX Bean with object name Ratis:service=RaftServer,group=group-F6C4F81F4E33,id=570e97a0-06fc-447e-8972-b83f57a17e92
2019-09-19 14:32:39,530 [RatisPipelineUtilsThread] INFO  pipeline.PipelineStateManager (PipelineStateManager.java:addPipeline(56)) - Created pipeline Pipeline[ Id: b0ca4e8c-7802-4b2c-ad1d-f6c4f81f4e33, Nodes: 570e97a0-06fc-447e-8972-b83f57a17e92{ip: 192.168.5.132, host: pr-hdds-1569-rzdr8-3403194166, networkLocation: /default-rack, certSerialId: null}, Type:RATIS, Factor:ONE, State:OPEN]
2019-09-19 14:32:39,543 [grpc-default-executor-0] INFO  impl.RaftServerProxy (RaftServerProxy.java:addNew(89)) - 570e97a0-06fc-447e-8972-b83f57a17e92: addNew group-15B66BA85C9E:[570e97a0-06fc-447e-8972-b83f57a17e92:192.168.5.132:45013] returns group-15B66BA85C9E:java.util.concurrent.CompletableFuture@3425be63[Not completed]
2019-09-19 14:32:39,544 [pool-60-thread-1] INFO  impl.RaftServerImpl (RaftServerImpl.java:<init>(93)) - 570e97a0-06fc-447e-8972-b83f57a17e92: new RaftServerImpl for group-15B66BA85C9E:[570e97a0-06fc-447e-8972-b83f57a17e92:192.168.5.132:45013] with ContainerStateMachine:uninitialized
2019-09-19 14:32:39,545 [pool-60-thread-1] INFO  server.RaftServerConfigKeys (ConfUtils.java:logGet(43)) - raft.server.rpc.timeout.min = 5s (custom)
2019-09-19 14:32:39,545 [pool-60-thread-1] INFO  server.RaftServerConfigKeys (ConfUtils.java:logGet(43)) - raft.server.rpc.timeout.max = 5200ms (custom)
2019-09-19 14:32:39,545 [pool-60-thread-1] INFO  server.RaftServerConfigKeys (ConfUtils.java:logGet(43)) - raft.server.rpcslowness.timeout = 120s (custom)
2019-09-19 14:32:39,545 [pool-60-thread-1] INFO  server.RaftServerConfigKeys (ConfUtils.java:logGet(43)) - raft.server.sleep.deviation.threshold = 300 (default)
2019-09-19 14:32:39,545 [pool-60-thread-1] INFO  server.RaftServerConfigKeys (ConfUtils.java:logGet(43)) - raft.server.log.appender.install.snapshot.enabled = false (custom)
2019-09-19 14:32:39,545 [pool-60-thread-1] INFO  impl.RaftServerImpl (ServerState.java:<init>(105)) - 570e97a0-06fc-447e-8972-b83f57a17e92:group-15B66BA85C9E ConfigurationManager, init=-1: [570e97a0-06fc-447e-8972-b83f57a17e92:192.168.5.132:45013], old=null, confs=<EMPTY_MAP>
2019-09-19 14:32:39,545 [pool-60-thread-1] INFO  server.RaftServerConfigKeys (ConfUtils.java:logGet(43)) - raft.server.storage.dir = [/workdir/hadoop-ozone/ozonefs/target/test-dir/MiniOzoneClusterImpl-7fd34b2e-4b5a-464b-80ea-73e41b6bd6cd/datanode-3/data/ratis] (custom)
2019-09-19 14:32:39,546 [pool-60-thread-1] INFO  storage.RaftStorageDirectory (RaftStorageDirectory.java:analyzeStorage(246)) - The storage directory /workdir/hadoop-ozone/ozonefs/target/test-dir/MiniOzoneClusterImpl-7fd34b2e-4b5a-464b-80ea-73e41b6bd6cd/datanode-3/data/ratis/350f9533-15d2-467c-a630-15b66ba85c9e does not exist. Creating ...
2019-09-19 14:32:39,560 [pool-60-thread-1] INFO  storage.RaftStorageDirectory (RaftStorageDirectory.java:tryLock(328)) - Lock on /workdir/hadoop-ozone/ozonefs/target/test-dir/MiniOzoneClusterImpl-7fd34b2e-4b5a-464b-80ea-73e41b6bd6cd/datanode-3/data/ratis/350f9533-15d2-467c-a630-15b66ba85c9e/in_use.lock acquired by nodename 17492@pr-hdds-1569-rzdr8-3403194166
2019-09-19 14:32:39,572 [pool-60-thread-1] INFO  storage.RaftStorage (RaftStorage.java:format(72)) - Storage directory /workdir/hadoop-ozone/ozonefs/target/test-dir/MiniOzoneClusterImpl-7fd34b2e-4b5a-464b-80ea-73e41b6bd6cd/datanode-3/data/ratis/350f9533-15d2-467c-a630-15b66ba85c9e has been successfully formatted.
2019-09-19 14:32:39,572 [pool-60-thread-1] INFO  ratis.ContainerStateMachine (ContainerStateMachine.java:loadSnapshot(226)) - group-15B66BA85C9E: The snapshot info is null. Setting the last applied indexto:(t:0, i:~)
2019-09-19 14:32:39,572 [pool-60-thread-1] INFO  server.RaftServerConfigKeys (ConfUtils.java:logGet(43)) - raft.server.leader.election.timeout = 120s (custom)
2019-09-19 14:32:39,572 [pool-60-thread-1] INFO  server.RaftServerConfigKeys (ConfUtils.java:logGet(43)) - raft.server.log.use.memory = false (default)
2019-09-19 14:32:39,573 [pool-60-thread-1] INFO  server.RaftServerConfigKeys (ConfUtils.java:logGet(43)) - raft.server.log.purge.gap = 1000000 (custom)
2019-09-19 14:32:39,573 [pool-60-thread-1] INFO  server.RaftServerConfigKeys (ConfUtils.java:logGet(43)) - raft.server.log.appender.buffer.byte-limit = 33554432 (custom)
2019-09-19 14:32:39,573 [pool-60-thread-1] INFO  server.RaftServerConfigKeys (ConfUtils.java:logGet(43)) - raft.server.log.segment.size.max = 1048576 (custom)
2019-09-19 14:32:39,573 [pool-60-thread-1] INFO  server.RaftServerConfigKeys (ConfUtils.java:logGet(43)) - raft.server.log.segment.cache.num.max = 2 (custom)
2019-09-19 14:32:39,573 [pool-60-thread-1] INFO  segmented.SegmentedRaftLogWorker (SegmentedRaftLogWorker.java:<init>(172)) - new 570e97a0-06fc-447e-8972-b83f57a17e92-SegmentedRaftLogWorker:Storage Directory /workdir/hadoop-ozone/ozonefs/target/test-dir/MiniOzoneClusterImpl-7fd34b2e-4b5a-464b-80ea-73e41b6bd6cd/datanode-3/data/ratis/350f9533-15d2-467c-a630-15b66ba85c9e for RaftStorage:Storage Directory /workdir/hadoop-ozone/ozonefs/target/test-dir/MiniOzoneClusterImpl-7fd34b2e-4b5a-464b-80ea-73e41b6bd6cd/datanode-3/data/ratis/350f9533-15d2-467c-a630-15b66ba85c9e
2019-09-19 14:32:39,573 [pool-60-thread-1] INFO  server.RaftServerConfigKeys (ConfUtils.java:logGet(43)) - raft.server.log.queue.byte-limit = 2147483647 (custom)
2019-09-19 14:32:39,573 [pool-60-thread-1] INFO  server.RaftServerConfigKeys (ConfUtils.java:logGet(43)) - raft.server.log.queue.element-limit = 1024 (custom)
2019-09-19 14:32:39,574 [pool-60-thread-1] INFO  server.RaftServerConfigKeys (ConfUtils.java:logGet(43)) - raft.server.log.segment.size.max = 1048576 (custom)
2019-09-19 14:32:39,574 [pool-60-thread-1] INFO  server.RaftServerConfigKeys (ConfUtils.java:logGet(43)) - raft.server.log.preallocated.size = 16384 (custom)
2019-09-19 14:32:39,574 [pool-60-thread-1] INFO  server.RaftServerConfigKeys (ConfUtils.java:logGet(43)) - raft.server.log.write.buffer.size = 33554432 (custom)
2019-09-19 14:32:39,574 [pool-60-thread-1] INFO  server.RaftServerConfigKeys (ConfUtils.java:logGet(43)) - raft.server.log.force.sync.num = 128 (default)
2019-09-19 14:32:39,574 [pool-60-thread-1] INFO  server.RaftServerConfigKeys (ConfUtils.java:logGet(43)) - raft.server.log.statemachine.data.sync = true (default)
2019-09-19 14:32:39,574 [pool-60-thread-1] INFO  server.RaftServerConfigKeys (ConfUtils.java:logGet(43)) - raft.server.log.statemachine.data.sync.timeout = 10s (default)
2019-09-19 14:32:39,574 [pool-60-thread-1] INFO  server.RaftServerConfigKeys (ConfUtils.java:logGet(43)) - raft.server.log.statemachine.data.sync.timeout.retry = -1 (default)
2019-09-19 14:32:39,574 [pool-60-thread-1] INFO  server.RaftServerConfigKeys (ConfUtils.java:logGet(43)) - raft.server.log.statemachine.data.caching.enabled = true (custom)
2019-09-19 14:32:39,575 [pool-60-thread-1] INFO  segmented.SegmentedRaftLogWorker (SegmentedRaftLogWorker.java:lambda$new$0(132)) - 570e97a0-06fc-447e-8972-b83f57a17e92-SegmentedRaftLogWorker:Storage Directory /workdir/hadoop-ozone/ozonefs/target/test-dir/MiniOzoneClusterImpl-7fd34b2e-4b5a-464b-80ea-73e41b6bd6cd/datanode-3/data/ratis/350f9533-15d2-467c-a630-15b66ba85c9e: flushIndex: setUnconditionally 0 -> -1
2019-09-19 14:32:39,575 [pool-60-thread-1] INFO  server.RaftServerConfigKeys (ConfUtils.java:logGet(43)) - raft.server.snapshot.auto.trigger.enabled = true (custom)
2019-09-19 14:32:39,575 [pool-60-thread-1] INFO  server.RaftServerConfigKeys (ConfUtils.java:logGet(43)) - raft.server.snapshot.auto.trigger.threshold = 10000 (custom)
2019-09-19 14:32:39,575 [pool-60-thread-1] INFO  server.RaftServerConfigKeys (ConfUtils.java:logGet(43)) - raft.server.retrycache.expirytime = 600000ms (custom)
2019-09-19 14:32:39,576 [pool-60-thread-1] INFO  impl.RaftServerImpl (RaftServerImpl.java:start(180)) - 570e97a0-06fc-447e-8972-b83f57a17e92: start group-15B66BA85C9E
2019-09-19 14:32:39,576 [pool-60-thread-1] INFO  impl.RaftServerImpl (RaftServerImpl.java:setRole(171)) - 570e97a0-06fc-447e-8972-b83f57a17e92:group-15B66BA85C9E changes role from null to FOLLOWER at term 0 for startAsFollower
2019-09-19 14:32:39,576 [pool-60-thread-1] INFO  impl.RoleInfo (RoleInfo.java:updateAndGet(143)) - 570e97a0-06fc-447e-8972-b83f57a17e92: start FollowerState
2019-09-19 14:32:39,576 [pool-60-thread-1] INFO  util.JmxRegister (JmxRegister.java:tryRegister(44)) - Successfully registered JMX Bean with object name Ratis:service=RaftServer,group=group-15B66BA85C9E,id=570e97a0-06fc-447e-8972-b83f57a17e92
2019-09-19 14:32:39,583 [RatisPipelineUtilsThread] INFO  pipeline.PipelineStateManager (PipelineStateManager.java:addPipeline(56)) - Created pipeline Pipeline[ Id: 350f9533-15d2-467c-a630-15b66ba85c9e, Nodes: 570e97a0-06fc-447e-8972-b83f57a17e92{ip: 192.168.5.132, host: pr-hdds-1569-rzdr8-3403194166, networkLocation: /default-rack, certSerialId: null}, Type:RATIS, Factor:ONE, State:OPEN]
2019-09-19 14:32:39,595 [grpc-default-executor-0] INFO  impl.RaftServerProxy (RaftServerProxy.java:addNew(89)) - ce50d529-02c7-4d8b-8f37-5cc78bb94e38: addNew group-0A569150D944:[ce50d529-02c7-4d8b-8f37-5cc78bb94e38:192.168.5.132:44387] returns group-0A569150D944:java.util.concurrent.CompletableFuture@7f28e716[Not completed]
2019-09-19 14:32:39,597 [pool-38-thread-1] INFO  impl.RaftServerImpl (RaftServerImpl.java:<init>(93)) - ce50d529-02c7-4d8b-8f37-5cc78bb94e38: new RaftServerImpl for group-0A569150D944:[ce50d529-02c7-4d8b-8f37-5cc78bb94e38:192.168.5.132:44387] with ContainerStateMachine:uninitialized
2019-09-19 14:32:39,597 [pool-38-thread-1] INFO  server.RaftServerConfigKeys (ConfUtils.java:logGet(43)) - raft.server.rpc.timeout.min = 5s (custom)
2019-09-19 14:32:39,598 [pool-38-thread-1] INFO  server.RaftServerConfigKeys (ConfUtils.java:logGet(43)) - raft.server.rpc.timeout.max = 5200ms (custom)
2019-09-19 14:32:39,598 [pool-38-thread-1] INFO  server.RaftServerConfigKeys (ConfUtils.java:logGet(43)) - raft.server.rpcslowness.timeout = 120s (custom)
2019-09-19 14:32:39,598 [pool-38-thread-1] INFO  server.RaftServerConfigKeys (ConfUtils.java:logGet(43)) - raft.server.sleep.deviation.threshold = 300 (default)
2019-09-19 14:32:39,598 [pool-38-thread-1] INFO  server.RaftServerConfigKeys (ConfUtils.java:logGet(43)) - raft.server.log.appender.install.snapshot.enabled = false (custom)
2019-09-19 14:32:39,598 [pool-38-thread-1] INFO  impl.RaftServerImpl (ServerState.java:<init>(105)) - ce50d529-02c7-4d8b-8f37-5cc78bb94e38:group-0A569150D944 ConfigurationManager, init=-1: [ce50d529-02c7-4d8b-8f37-5cc78bb94e38:192.168.5.132:44387], old=null, confs=<EMPTY_MAP>
2019-09-19 14:32:39,599 [pool-38-thread-1] INFO  server.RaftServerConfigKeys (ConfUtils.java:logGet(43)) - raft.server.storage.dir = [/workdir/hadoop-ozone/ozonefs/target/test-dir/MiniOzoneClusterImpl-7fd34b2e-4b5a-464b-80ea-73e41b6bd6cd/datanode-1/data/ratis] (custom)
2019-09-19 14:32:39,599 [pool-38-thread-1] INFO  storage.RaftStorageDirectory (RaftStorageDirectory.java:analyzeStorage(246)) - The storage directory /workdir/hadoop-ozone/ozonefs/target/test-dir/MiniOzoneClusterImpl-7fd34b2e-4b5a-464b-80ea-73e41b6bd6cd/datanode-1/data/ratis/58d39534-ebc5-457d-bd24-0a569150d944 does not exist. Creating ...
2019-09-19 14:32:39,618 [pool-38-thread-1] INFO  storage.RaftStorageDirectory (RaftStorageDirectory.java:tryLock(328)) - Lock on /workdir/hadoop-ozone/ozonefs/target/test-dir/MiniOzoneClusterImpl-7fd34b2e-4b5a-464b-80ea-73e41b6bd6cd/datanode-1/data/ratis/58d39534-ebc5-457d-bd24-0a569150d944/in_use.lock acquired by nodename 17492@pr-hdds-1569-rzdr8-3403194166
2019-09-19 14:32:39,635 [pool-38-thread-1] INFO  storage.RaftStorage (RaftStorage.java:format(72)) - Storage directory /workdir/hadoop-ozone/ozonefs/target/test-dir/MiniOzoneClusterImpl-7fd34b2e-4b5a-464b-80ea-73e41b6bd6cd/datanode-1/data/ratis/58d39534-ebc5-457d-bd24-0a569150d944 has been successfully formatted.
2019-09-19 14:32:39,635 [pool-38-thread-1] INFO  ratis.ContainerStateMachine (ContainerStateMachine.java:loadSnapshot(226)) - group-0A569150D944: The snapshot info is null. Setting the last applied indexto:(t:0, i:~)
2019-09-19 14:32:39,636 [pool-38-thread-1] INFO  server.RaftServerConfigKeys (ConfUtils.java:logGet(43)) - raft.server.leader.election.timeout = 120s (custom)
2019-09-19 14:32:39,636 [pool-38-thread-1] INFO  server.RaftServerConfigKeys (ConfUtils.java:logGet(43)) - raft.server.log.use.memory = false (default)
2019-09-19 14:32:39,636 [pool-38-thread-1] INFO  server.RaftServerConfigKeys (ConfUtils.java:logGet(43)) - raft.server.log.purge.gap = 1000000 (custom)
2019-09-19 14:32:39,636 [pool-38-thread-1] INFO  server.RaftServerConfigKeys (ConfUtils.java:logGet(43)) - raft.server.log.appender.buffer.byte-limit = 33554432 (custom)
2019-09-19 14:32:39,636 [pool-38-thread-1] INFO  server.RaftServerConfigKeys (ConfUtils.java:logGet(43)) - raft.server.log.segment.size.max = 1048576 (custom)
2019-09-19 14:32:39,636 [pool-38-thread-1] INFO  server.RaftServerConfigKeys (ConfUtils.java:logGet(43)) - raft.server.log.segment.cache.num.max = 2 (custom)
2019-09-19 14:32:39,637 [pool-38-thread-1] INFO  segmented.SegmentedRaftLogWorker (SegmentedRaftLogWorker.java:<init>(172)) - new ce50d529-02c7-4d8b-8f37-5cc78bb94e38-SegmentedRaftLogWorker:Storage Directory /workdir/hadoop-ozone/ozonefs/target/test-dir/MiniOzoneClusterImpl-7fd34b2e-4b5a-464b-80ea-73e41b6bd6cd/datanode-1/data/ratis/58d39534-ebc5-457d-bd24-0a569150d944 for RaftStorage:Storage Directory /workdir/hadoop-ozone/ozonefs/target/test-dir/MiniOzoneClusterImpl-7fd34b2e-4b5a-464b-80ea-73e41b6bd6cd/datanode-1/data/ratis/58d39534-ebc5-457d-bd24-0a569150d944
2019-09-19 14:32:39,637 [pool-38-thread-1] INFO  server.RaftServerConfigKeys (ConfUtils.java:logGet(43)) - raft.server.log.queue.byte-limit = 2147483647 (custom)
2019-09-19 14:32:39,637 [pool-38-thread-1] INFO  server.RaftServerConfigKeys (ConfUtils.java:logGet(43)) - raft.server.log.queue.element-limit = 1024 (custom)
2019-09-19 14:32:39,637 [pool-38-thread-1] INFO  server.RaftServerConfigKeys (ConfUtils.java:logGet(43)) - raft.server.log.segment.size.max = 1048576 (custom)
2019-09-19 14:32:39,637 [pool-38-thread-1] INFO  server.RaftServerConfigKeys (ConfUtils.java:logGet(43)) - raft.server.log.preallocated.size = 16384 (custom)
2019-09-19 14:32:39,637 [pool-38-thread-1] INFO  server.RaftServerConfigKeys (ConfUtils.java:logGet(43)) - raft.server.log.write.buffer.size = 33554432 (custom)
2019-09-19 14:32:39,638 [pool-38-thread-1] INFO  server.RaftServerConfigKeys (ConfUtils.java:logGet(43)) - raft.server.log.force.sync.num = 128 (default)
2019-09-19 14:32:39,638 [pool-38-thread-1] INFO  server.RaftServerConfigKeys (ConfUtils.java:logGet(43)) - raft.server.log.statemachine.data.sync = true (default)
2019-09-19 14:32:39,638 [pool-38-thread-1] INFO  server.RaftServerConfigKeys (ConfUtils.java:logGet(43)) - raft.server.log.statemachine.data.sync.timeout = 10s (default)
2019-09-19 14:32:39,638 [pool-38-thread-1] INFO  server.RaftServerConfigKeys (ConfUtils.java:logGet(43)) - raft.server.log.statemachine.data.sync.timeout.retry = -1 (default)
2019-09-19 14:32:39,638 [pool-38-thread-1] INFO  server.RaftServerConfigKeys (ConfUtils.java:logGet(43)) - raft.server.log.statemachine.data.caching.enabled = true (custom)
2019-09-19 14:32:39,639 [pool-38-thread-1] INFO  segmented.SegmentedRaftLogWorker (SegmentedRaftLogWorker.java:lambda$new$0(132)) - ce50d529-02c7-4d8b-8f37-5cc78bb94e38-SegmentedRaftLogWorker:Storage Directory /workdir/hadoop-ozone/ozonefs/target/test-dir/MiniOzoneClusterImpl-7fd34b2e-4b5a-464b-80ea-73e41b6bd6cd/datanode-1/data/ratis/58d39534-ebc5-457d-bd24-0a569150d944: flushIndex: setUnconditionally 0 -> -1
2019-09-19 14:32:39,639 [pool-38-thread-1] INFO  server.RaftServerConfigKeys (ConfUtils.java:logGet(43)) - raft.server.snapshot.auto.trigger.enabled = true (custom)
2019-09-19 14:32:39,639 [pool-38-thread-1] INFO  server.RaftServerConfigKeys (ConfUtils.java:logGet(43)) - raft.server.snapshot.auto.trigger.threshold = 10000 (custom)
2019-09-19 14:32:39,639 [pool-38-thread-1] INFO  server.RaftServerConfigKeys (ConfUtils.java:logGet(43)) - raft.server.retrycache.expirytime = 600000ms (custom)
2019-09-19 14:32:39,640 [pool-38-thread-1] INFO  impl.RaftServerImpl (RaftServerImpl.java:start(180)) - ce50d529-02c7-4d8b-8f37-5cc78bb94e38: start group-0A569150D944
2019-09-19 14:32:39,640 [pool-38-thread-1] INFO  impl.RaftServerImpl (RaftServerImpl.java:setRole(171)) - ce50d529-02c7-4d8b-8f37-5cc78bb94e38:group-0A569150D944 changes role from null to FOLLOWER at term 0 for startAsFollower
2019-09-19 14:32:39,640 [pool-38-thread-1] INFO  impl.RoleInfo (RoleInfo.java:updateAndGet(143)) - ce50d529-02c7-4d8b-8f37-5cc78bb94e38: start FollowerState
2019-09-19 14:32:39,641 [pool-38-thread-1] INFO  util.JmxRegister (JmxRegister.java:tryRegister(44)) - Successfully registered JMX Bean with object name Ratis:service=RaftServer,group=group-0A569150D944,id=ce50d529-02c7-4d8b-8f37-5cc78bb94e38
2019-09-19 14:32:39,648 [RatisPipelineUtilsThread] INFO  pipeline.PipelineStateManager (PipelineStateManager.java:addPipeline(56)) - Created pipeline Pipeline[ Id: 58d39534-ebc5-457d-bd24-0a569150d944, Nodes: ce50d529-02c7-4d8b-8f37-5cc78bb94e38{ip: 192.168.5.132, host: pr-hdds-1569-rzdr8-3403194166, networkLocation: /default-rack, certSerialId: null}, Type:RATIS, Factor:ONE, State:OPEN]
2019-09-19 14:32:39,663 [grpc-default-executor-0] INFO  impl.RaftServerProxy (RaftServerProxy.java:addNew(89)) - 7a325ef5-9e46-4d2e-b6ac-02f5003c9e57: addNew group-F62A12656C24:[7a325ef5-9e46-4d2e-b6ac-02f5003c9e57:192.168.5.132:36525] returns group-F62A12656C24:java.util.concurrent.CompletableFuture@5b864ad5[Not completed]
2019-09-19 14:32:39,659 | INFO  | OMAudit | user=jenkins1000 | ip=127.0.0.1 | op=CREATE_VOLUME {admin=admin34469, owner=user79153, volume=volume71407, creationTime=1568903559633, quotaInBytes=1152921504606846976} | ret=SUCCESS |  
2019-09-19 14:32:39,665 [pool-27-thread-1] INFO  impl.RaftServerImpl (RaftServerImpl.java:<init>(93)) - 7a325ef5-9e46-4d2e-b6ac-02f5003c9e57: new RaftServerImpl for group-F62A12656C24:[7a325ef5-9e46-4d2e-b6ac-02f5003c9e57:192.168.5.132:36525] with ContainerStateMachine:uninitialized
2019-09-19 14:32:39,665 [pool-27-thread-1] INFO  server.RaftServerConfigKeys (ConfUtils.java:logGet(43)) - raft.server.rpc.timeout.min = 5s (custom)
2019-09-19 14:32:39,665 [pool-27-thread-1] INFO  server.RaftServerConfigKeys (ConfUtils.java:logGet(43)) - raft.server.rpc.timeout.max = 5200ms (custom)
2019-09-19 14:32:39,665 [pool-27-thread-1] INFO  server.RaftServerConfigKeys (ConfUtils.java:logGet(43)) - raft.server.rpcslowness.timeout = 120s (custom)
2019-09-19 14:32:39,665 [pool-27-thread-1] INFO  server.RaftServerConfigKeys (ConfUtils.java:logGet(43)) - raft.server.sleep.deviation.threshold = 300 (default)
2019-09-19 14:32:39,665 [pool-27-thread-1] INFO  server.RaftServerConfigKeys (ConfUtils.java:logGet(43)) - raft.server.log.appender.install.snapshot.enabled = false (custom)
2019-09-19 14:32:39,666 [pool-27-thread-1] INFO  impl.RaftServerImpl (ServerState.java:<init>(105)) - 7a325ef5-9e46-4d2e-b6ac-02f5003c9e57:group-F62A12656C24 ConfigurationManager, init=-1: [7a325ef5-9e46-4d2e-b6ac-02f5003c9e57:192.168.5.132:36525], old=null, confs=<EMPTY_MAP>
2019-09-19 14:32:39,666 [pool-27-thread-1] INFO  server.RaftServerConfigKeys (ConfUtils.java:logGet(43)) - raft.server.storage.dir = [/workdir/hadoop-ozone/ozonefs/target/test-dir/MiniOzoneClusterImpl-7fd34b2e-4b5a-464b-80ea-73e41b6bd6cd/datanode-0/data/ratis] (custom)
2019-09-19 14:32:39,670 [pool-27-thread-1] INFO  storage.RaftStorageDirectory (RaftStorageDirectory.java:analyzeStorage(246)) - The storage directory /workdir/hadoop-ozone/ozonefs/target/test-dir/MiniOzoneClusterImpl-7fd34b2e-4b5a-464b-80ea-73e41b6bd6cd/datanode-0/data/ratis/4cdb692e-174f-4b13-b262-f62a12656c24 does not exist. Creating ...
2019-09-19 14:32:39,683 [pool-27-thread-1] INFO  storage.RaftStorageDirectory (RaftStorageDirectory.java:tryLock(328)) - Lock on /workdir/hadoop-ozone/ozonefs/target/test-dir/MiniOzoneClusterImpl-7fd34b2e-4b5a-464b-80ea-73e41b6bd6cd/datanode-0/data/ratis/4cdb692e-174f-4b13-b262-f62a12656c24/in_use.lock acquired by nodename 17492@pr-hdds-1569-rzdr8-3403194166
2019-09-19 14:32:39,696 [pool-27-thread-1] INFO  storage.RaftStorage (RaftStorage.java:format(72)) - Storage directory /workdir/hadoop-ozone/ozonefs/target/test-dir/MiniOzoneClusterImpl-7fd34b2e-4b5a-464b-80ea-73e41b6bd6cd/datanode-0/data/ratis/4cdb692e-174f-4b13-b262-f62a12656c24 has been successfully formatted.
2019-09-19 14:32:39,698 [pool-27-thread-1] INFO  ratis.ContainerStateMachine (ContainerStateMachine.java:loadSnapshot(226)) - group-F62A12656C24: The snapshot info is null. Setting the last applied indexto:(t:0, i:~)
2019-09-19 14:32:39,698 [pool-27-thread-1] INFO  server.RaftServerConfigKeys (ConfUtils.java:logGet(43)) - raft.server.leader.election.timeout = 120s (custom)
2019-09-19 14:32:39,698 [pool-27-thread-1] INFO  server.RaftServerConfigKeys (ConfUtils.java:logGet(43)) - raft.server.log.use.memory = false (default)
2019-09-19 14:32:39,699 [pool-27-thread-1] INFO  server.RaftServerConfigKeys (ConfUtils.java:logGet(43)) - raft.server.log.purge.gap = 1000000 (custom)
2019-09-19 14:32:39,699 [pool-27-thread-1] INFO  server.RaftServerConfigKeys (ConfUtils.java:logGet(43)) - raft.server.log.appender.buffer.byte-limit = 33554432 (custom)
2019-09-19 14:32:39,699 [pool-27-thread-1] INFO  server.RaftServerConfigKeys (ConfUtils.java:logGet(43)) - raft.server.log.segment.size.max = 1048576 (custom)
2019-09-19 14:32:39,699 [pool-27-thread-1] INFO  server.RaftServerConfigKeys (ConfUtils.java:logGet(43)) - raft.server.log.segment.cache.num.max = 2 (custom)
2019-09-19 14:32:39,699 [pool-27-thread-1] INFO  segmented.SegmentedRaftLogWorker (SegmentedRaftLogWorker.java:<init>(172)) - new 7a325ef5-9e46-4d2e-b6ac-02f5003c9e57-SegmentedRaftLogWorker:Storage Directory /workdir/hadoop-ozone/ozonefs/target/test-dir/MiniOzoneClusterImpl-7fd34b2e-4b5a-464b-80ea-73e41b6bd6cd/datanode-0/data/ratis/4cdb692e-174f-4b13-b262-f62a12656c24 for RaftStorage:Storage Directory /workdir/hadoop-ozone/ozonefs/target/test-dir/MiniOzoneClusterImpl-7fd34b2e-4b5a-464b-80ea-73e41b6bd6cd/datanode-0/data/ratis/4cdb692e-174f-4b13-b262-f62a12656c24
2019-09-19 14:32:39,699 [pool-27-thread-1] INFO  server.RaftServerConfigKeys (ConfUtils.java:logGet(43)) - raft.server.log.queue.byte-limit = 2147483647 (custom)
2019-09-19 14:32:39,701 [pool-27-thread-1] INFO  server.RaftServerConfigKeys (ConfUtils.java:logGet(43)) - raft.server.log.queue.element-limit = 1024 (custom)
2019-09-19 14:32:39,702 [pool-27-thread-1] INFO  server.RaftServerConfigKeys (ConfUtils.java:logGet(43)) - raft.server.log.segment.size.max = 1048576 (custom)
2019-09-19 14:32:39,702 | INFO  | OMAudit | user=jenkins1000 | ip=127.0.0.1 | op=CREATE_BUCKET {volume=volume71407, bucket=bucket41809, acls=[], isVersionEnabled=false, storageType=DISK, creationTime=0} | ret=SUCCESS |  
2019-09-19 14:32:39,702 [pool-27-thread-1] INFO  server.RaftServerConfigKeys (ConfUtils.java:logGet(43)) - raft.server.log.preallocated.size = 16384 (custom)
2019-09-19 14:32:39,702 [pool-27-thread-1] INFO  server.RaftServerConfigKeys (ConfUtils.java:logGet(43)) - raft.server.log.write.buffer.size = 33554432 (custom)
2019-09-19 14:32:39,704 [pool-27-thread-1] INFO  server.RaftServerConfigKeys (ConfUtils.java:logGet(43)) - raft.server.log.force.sync.num = 128 (default)
2019-09-19 14:32:39,704 [pool-27-thread-1] INFO  server.RaftServerConfigKeys (ConfUtils.java:logGet(43)) - raft.server.log.statemachine.data.sync = true (default)
2019-09-19 14:32:39,704 [pool-27-thread-1] INFO  server.RaftServerConfigKeys (ConfUtils.java:logGet(43)) - raft.server.log.statemachine.data.sync.timeout = 10s (default)
2019-09-19 14:32:39,704 [pool-27-thread-1] INFO  server.RaftServerConfigKeys (ConfUtils.java:logGet(43)) - raft.server.log.statemachine.data.sync.timeout.retry = -1 (default)
2019-09-19 14:32:39,705 [pool-27-thread-1] INFO  server.RaftServerConfigKeys (ConfUtils.java:logGet(43)) - raft.server.log.statemachine.data.caching.enabled = true (custom)
2019-09-19 14:32:39,705 [pool-27-thread-1] INFO  segmented.SegmentedRaftLogWorker (SegmentedRaftLogWorker.java:lambda$new$0(132)) - 7a325ef5-9e46-4d2e-b6ac-02f5003c9e57-SegmentedRaftLogWorker:Storage Directory /workdir/hadoop-ozone/ozonefs/target/test-dir/MiniOzoneClusterImpl-7fd34b2e-4b5a-464b-80ea-73e41b6bd6cd/datanode-0/data/ratis/4cdb692e-174f-4b13-b262-f62a12656c24: flushIndex: setUnconditionally 0 -> -1
2019-09-19 14:32:39,705 [pool-27-thread-1] INFO  server.RaftServerConfigKeys (ConfUtils.java:logGet(43)) - raft.server.snapshot.auto.trigger.enabled = true (custom)
2019-09-19 14:32:39,705 [pool-27-thread-1] INFO  server.RaftServerConfigKeys (ConfUtils.java:logGet(43)) - raft.server.snapshot.auto.trigger.threshold = 10000 (custom)
2019-09-19 14:32:39,706 [pool-27-thread-1] INFO  server.RaftServerConfigKeys (ConfUtils.java:logGet(43)) - raft.server.retrycache.expirytime = 600000ms (custom)
2019-09-19 14:32:39,706 [pool-27-thread-1] INFO  impl.RaftServerImpl (RaftServerImpl.java:start(180)) - 7a325ef5-9e46-4d2e-b6ac-02f5003c9e57: start group-F62A12656C24
2019-09-19 14:32:39,706 [pool-27-thread-1] INFO  impl.RaftServerImpl (RaftServerImpl.java:setRole(171)) - 7a325ef5-9e46-4d2e-b6ac-02f5003c9e57:group-F62A12656C24 changes role from null to FOLLOWER at term 0 for startAsFollower
2019-09-19 14:32:39,706 [pool-27-thread-1] INFO  impl.RoleInfo (RoleInfo.java:updateAndGet(143)) - 7a325ef5-9e46-4d2e-b6ac-02f5003c9e57: start FollowerState
2019-09-19 14:32:39,707 [pool-27-thread-1] INFO  util.JmxRegister (JmxRegister.java:tryRegister(44)) - Successfully registered JMX Bean with object name Ratis:service=RaftServer,group=group-F62A12656C24,id=7a325ef5-9e46-4d2e-b6ac-02f5003c9e57
2019-09-19 14:32:39,712 [RatisPipelineUtilsThread] INFO  pipeline.PipelineStateManager (PipelineStateManager.java:addPipeline(56)) - Created pipeline Pipeline[ Id: 4cdb692e-174f-4b13-b262-f62a12656c24, Nodes: 7a325ef5-9e46-4d2e-b6ac-02f5003c9e57{ip: 192.168.5.132, host: pr-hdds-1569-rzdr8-3403194166, networkLocation: /default-rack, certSerialId: null}, Type:RATIS, Factor:ONE, State:OPEN]
2019-09-19 14:32:39,714 [RatisPipelineUtilsThread] ERROR pipeline.PipelinePlacementPolicy (PipelinePlacementPolicy.java:meetCriteria(91)) - Pipeline Placement: Doesn't meet the criteria to be viable node. Heaviness: 6
2019-09-19 14:32:39,725 [grpc-default-executor-0] INFO  impl.RaftServerProxy (RaftServerProxy.java:addNew(89)) - ce50d529-02c7-4d8b-8f37-5cc78bb94e38: addNew group-DDC2D8E1A54E:[ce50d529-02c7-4d8b-8f37-5cc78bb94e38:192.168.5.132:44387] returns group-DDC2D8E1A54E:java.util.concurrent.CompletableFuture@492df05b[Not completed]
2019-09-19 14:32:39,727 [pool-38-thread-1] INFO  impl.RaftServerImpl (RaftServerImpl.java:<init>(93)) - ce50d529-02c7-4d8b-8f37-5cc78bb94e38: new RaftServerImpl for group-DDC2D8E1A54E:[ce50d529-02c7-4d8b-8f37-5cc78bb94e38:192.168.5.132:44387] with ContainerStateMachine:uninitialized
2019-09-19 14:32:39,727 [pool-38-thread-1] INFO  server.RaftServerConfigKeys (ConfUtils.java:logGet(43)) - raft.server.rpc.timeout.min = 5s (custom)
2019-09-19 14:32:39,727 [pool-38-thread-1] INFO  server.RaftServerConfigKeys (ConfUtils.java:logGet(43)) - raft.server.rpc.timeout.max = 5200ms (custom)
2019-09-19 14:32:39,727 [pool-38-thread-1] INFO  server.RaftServerConfigKeys (ConfUtils.java:logGet(43)) - raft.server.rpcslowness.timeout = 120s (custom)
2019-09-19 14:32:39,727 [pool-38-thread-1] INFO  server.RaftServerConfigKeys (ConfUtils.java:logGet(43)) - raft.server.sleep.deviation.threshold = 300 (default)
2019-09-19 14:32:39,728 [pool-38-thread-1] INFO  server.RaftServerConfigKeys (ConfUtils.java:logGet(43)) - raft.server.log.appender.install.snapshot.enabled = false (custom)
2019-09-19 14:32:39,728 [pool-38-thread-1] INFO  impl.RaftServerImpl (ServerState.java:<init>(105)) - ce50d529-02c7-4d8b-8f37-5cc78bb94e38:group-DDC2D8E1A54E ConfigurationManager, init=-1: [ce50d529-02c7-4d8b-8f37-5cc78bb94e38:192.168.5.132:44387], old=null, confs=<EMPTY_MAP>
2019-09-19 14:32:39,728 [pool-38-thread-1] INFO  server.RaftServerConfigKeys (ConfUtils.java:logGet(43)) - raft.server.storage.dir = [/workdir/hadoop-ozone/ozonefs/target/test-dir/MiniOzoneClusterImpl-7fd34b2e-4b5a-464b-80ea-73e41b6bd6cd/datanode-1/data/ratis] (custom)
2019-09-19 14:32:39,728 [pool-38-thread-1] INFO  storage.RaftStorageDirectory (RaftStorageDirectory.java:analyzeStorage(246)) - The storage directory /workdir/hadoop-ozone/ozonefs/target/test-dir/MiniOzoneClusterImpl-7fd34b2e-4b5a-464b-80ea-73e41b6bd6cd/datanode-1/data/ratis/5169c653-19f2-4eff-9910-ddc2d8e1a54e does not exist. Creating ...
2019-09-19 14:32:39,746 [pool-38-thread-1] INFO  storage.RaftStorageDirectory (RaftStorageDirectory.java:tryLock(328)) - Lock on /workdir/hadoop-ozone/ozonefs/target/test-dir/MiniOzoneClusterImpl-7fd34b2e-4b5a-464b-80ea-73e41b6bd6cd/datanode-1/data/ratis/5169c653-19f2-4eff-9910-ddc2d8e1a54e/in_use.lock acquired by nodename 17492@pr-hdds-1569-rzdr8-3403194166
2019-09-19 14:32:39,765 [pool-38-thread-1] INFO  storage.RaftStorage (RaftStorage.java:format(72)) - Storage directory /workdir/hadoop-ozone/ozonefs/target/test-dir/MiniOzoneClusterImpl-7fd34b2e-4b5a-464b-80ea-73e41b6bd6cd/datanode-1/data/ratis/5169c653-19f2-4eff-9910-ddc2d8e1a54e has been successfully formatted.
2019-09-19 14:32:39,766 [pool-38-thread-1] INFO  ratis.ContainerStateMachine (ContainerStateMachine.java:loadSnapshot(226)) - group-DDC2D8E1A54E: The snapshot info is null. Setting the last applied indexto:(t:0, i:~)
2019-09-19 14:32:39,766 [pool-38-thread-1] INFO  server.RaftServerConfigKeys (ConfUtils.java:logGet(43)) - raft.server.leader.election.timeout = 120s (custom)
2019-09-19 14:32:39,766 [pool-38-thread-1] INFO  server.RaftServerConfigKeys (ConfUtils.java:logGet(43)) - raft.server.log.use.memory = false (default)
2019-09-19 14:32:39,766 [pool-38-thread-1] INFO  server.RaftServerConfigKeys (ConfUtils.java:logGet(43)) - raft.server.log.purge.gap = 1000000 (custom)
2019-09-19 14:32:39,766 [pool-38-thread-1] INFO  server.RaftServerConfigKeys (ConfUtils.java:logGet(43)) - raft.server.log.appender.buffer.byte-limit = 33554432 (custom)
2019-09-19 14:32:39,767 [pool-38-thread-1] INFO  server.RaftServerConfigKeys (ConfUtils.java:logGet(43)) - raft.server.log.segment.size.max = 1048576 (custom)
2019-09-19 14:32:39,767 [pool-38-thread-1] INFO  server.RaftServerConfigKeys (ConfUtils.java:logGet(43)) - raft.server.log.segment.cache.num.max = 2 (custom)
2019-09-19 14:32:39,767 [pool-38-thread-1] INFO  segmented.SegmentedRaftLogWorker (SegmentedRaftLogWorker.java:<init>(172)) - new ce50d529-02c7-4d8b-8f37-5cc78bb94e38-SegmentedRaftLogWorker:Storage Directory /workdir/hadoop-ozone/ozonefs/target/test-dir/MiniOzoneClusterImpl-7fd34b2e-4b5a-464b-80ea-73e41b6bd6cd/datanode-1/data/ratis/5169c653-19f2-4eff-9910-ddc2d8e1a54e for RaftStorage:Storage Directory /workdir/hadoop-ozone/ozonefs/target/test-dir/MiniOzoneClusterImpl-7fd34b2e-4b5a-464b-80ea-73e41b6bd6cd/datanode-1/data/ratis/5169c653-19f2-4eff-9910-ddc2d8e1a54e
2019-09-19 14:32:39,767 [pool-38-thread-1] INFO  server.RaftServerConfigKeys (ConfUtils.java:logGet(43)) - raft.server.log.queue.byte-limit = 2147483647 (custom)
2019-09-19 14:32:39,767 [pool-38-thread-1] INFO  server.RaftServerConfigKeys (ConfUtils.java:logGet(43)) - raft.server.log.queue.element-limit = 1024 (custom)
2019-09-19 14:32:39,768 [pool-38-thread-1] INFO  server.RaftServerConfigKeys (ConfUtils.java:logGet(43)) - raft.server.log.segment.size.max = 1048576 (custom)
2019-09-19 14:32:39,768 [pool-38-thread-1] INFO  server.RaftServerConfigKeys (ConfUtils.java:logGet(43)) - raft.server.log.preallocated.size = 16384 (custom)
2019-09-19 14:32:39,768 [pool-38-thread-1] INFO  server.RaftServerConfigKeys (ConfUtils.java:logGet(43)) - raft.server.log.write.buffer.size = 33554432 (custom)
2019-09-19 14:32:39,768 [pool-38-thread-1] INFO  server.RaftServerConfigKeys (ConfUtils.java:logGet(43)) - raft.server.log.force.sync.num = 128 (default)
2019-09-19 14:32:39,768 [pool-38-thread-1] INFO  server.RaftServerConfigKeys (ConfUtils.java:logGet(43)) - raft.server.log.statemachine.data.sync = true (default)
2019-09-19 14:32:39,769 [pool-38-thread-1] INFO  server.RaftServerConfigKeys (ConfUtils.java:logGet(43)) - raft.server.log.statemachine.data.sync.timeout = 10s (default)
2019-09-19 14:32:39,769 [pool-38-thread-1] INFO  server.RaftServerConfigKeys (ConfUtils.java:logGet(43)) - raft.server.log.statemachine.data.sync.timeout.retry = -1 (default)
2019-09-19 14:32:39,769 [pool-38-thread-1] INFO  server.RaftServerConfigKeys (ConfUtils.java:logGet(43)) - raft.server.log.statemachine.data.caching.enabled = true (custom)
2019-09-19 14:32:39,770 [pool-38-thread-1] INFO  segmented.SegmentedRaftLogWorker (SegmentedRaftLogWorker.java:lambda$new$0(132)) - ce50d529-02c7-4d8b-8f37-5cc78bb94e38-SegmentedRaftLogWorker:Storage Directory /workdir/hadoop-ozone/ozonefs/target/test-dir/MiniOzoneClusterImpl-7fd34b2e-4b5a-464b-80ea-73e41b6bd6cd/datanode-1/data/ratis/5169c653-19f2-4eff-9910-ddc2d8e1a54e: flushIndex: setUnconditionally 0 -> -1
2019-09-19 14:32:39,770 [pool-38-thread-1] INFO  server.RaftServerConfigKeys (ConfUtils.java:logGet(43)) - raft.server.snapshot.auto.trigger.enabled = true (custom)
2019-09-19 14:32:39,770 [pool-38-thread-1] INFO  server.RaftServerConfigKeys (ConfUtils.java:logGet(43)) - raft.server.snapshot.auto.trigger.threshold = 10000 (custom)
2019-09-19 14:32:39,770 [pool-38-thread-1] INFO  server.RaftServerConfigKeys (ConfUtils.java:logGet(43)) - raft.server.retrycache.expirytime = 600000ms (custom)
2019-09-19 14:32:39,771 [pool-38-thread-1] INFO  impl.RaftServerImpl (RaftServerImpl.java:start(180)) - ce50d529-02c7-4d8b-8f37-5cc78bb94e38: start group-DDC2D8E1A54E
2019-09-19 14:32:39,771 [pool-38-thread-1] INFO  impl.RaftServerImpl (RaftServerImpl.java:setRole(171)) - ce50d529-02c7-4d8b-8f37-5cc78bb94e38:group-DDC2D8E1A54E changes role from null to FOLLOWER at term 0 for startAsFollower
2019-09-19 14:32:39,771 [pool-38-thread-1] INFO  impl.RoleInfo (RoleInfo.java:updateAndGet(143)) - ce50d529-02c7-4d8b-8f37-5cc78bb94e38: start FollowerState
2019-09-19 14:32:39,772 [pool-38-thread-1] INFO  util.JmxRegister (JmxRegister.java:tryRegister(44)) - Successfully registered JMX Bean with object name Ratis:service=RaftServer,group=group-DDC2D8E1A54E,id=ce50d529-02c7-4d8b-8f37-5cc78bb94e38
2019-09-19 14:32:39,778 [RatisPipelineUtilsThread] INFO  pipeline.PipelineStateManager (PipelineStateManager.java:addPipeline(56)) - Created pipeline Pipeline[ Id: 5169c653-19f2-4eff-9910-ddc2d8e1a54e, Nodes: ce50d529-02c7-4d8b-8f37-5cc78bb94e38{ip: 192.168.5.132, host: pr-hdds-1569-rzdr8-3403194166, networkLocation: /default-rack, certSerialId: null}, Type:RATIS, Factor:ONE, State:OPEN]
2019-09-19 14:32:39,779 [RatisPipelineUtilsThread] ERROR pipeline.PipelinePlacementPolicy (PipelinePlacementPolicy.java:meetCriteria(91)) - Pipeline Placement: Doesn't meet the criteria to be viable node. Heaviness: 6
2019-09-19 14:32:39,800 [grpc-default-executor-0] INFO  impl.RaftServerProxy (RaftServerProxy.java:addNew(89)) - ce50d529-02c7-4d8b-8f37-5cc78bb94e38: addNew group-AB65037DFF2B:[ce50d529-02c7-4d8b-8f37-5cc78bb94e38:192.168.5.132:44387] returns group-AB65037DFF2B:java.util.concurrent.CompletableFuture@2b44e235[Not completed]
2019-09-19 14:32:39,802 [pool-38-thread-1] INFO  impl.RaftServerImpl (RaftServerImpl.java:<init>(93)) - ce50d529-02c7-4d8b-8f37-5cc78bb94e38: new RaftServerImpl for group-AB65037DFF2B:[ce50d529-02c7-4d8b-8f37-5cc78bb94e38:192.168.5.132:44387] with ContainerStateMachine:uninitialized
2019-09-19 14:32:39,802 [pool-38-thread-1] INFO  server.RaftServerConfigKeys (ConfUtils.java:logGet(43)) - raft.server.rpc.timeout.min = 5s (custom)
2019-09-19 14:32:39,802 [pool-38-thread-1] INFO  server.RaftServerConfigKeys (ConfUtils.java:logGet(43)) - raft.server.rpc.timeout.max = 5200ms (custom)
2019-09-19 14:32:39,802 [pool-38-thread-1] INFO  server.RaftServerConfigKeys (ConfUtils.java:logGet(43)) - raft.server.rpcslowness.timeout = 120s (custom)
2019-09-19 14:32:39,802 [pool-38-thread-1] INFO  server.RaftServerConfigKeys (ConfUtils.java:logGet(43)) - raft.server.sleep.deviation.threshold = 300 (default)
2019-09-19 14:32:39,803 [pool-38-thread-1] INFO  server.RaftServerConfigKeys (ConfUtils.java:logGet(43)) - raft.server.log.appender.install.snapshot.enabled = false (custom)
2019-09-19 14:32:39,803 [pool-38-thread-1] INFO  impl.RaftServerImpl (ServerState.java:<init>(105)) - ce50d529-02c7-4d8b-8f37-5cc78bb94e38:group-AB65037DFF2B ConfigurationManager, init=-1: [ce50d529-02c7-4d8b-8f37-5cc78bb94e38:192.168.5.132:44387], old=null, confs=<EMPTY_MAP>
2019-09-19 14:32:39,803 [pool-38-thread-1] INFO  server.RaftServerConfigKeys (ConfUtils.java:logGet(43)) - raft.server.storage.dir = [/workdir/hadoop-ozone/ozonefs/target/test-dir/MiniOzoneClusterImpl-7fd34b2e-4b5a-464b-80ea-73e41b6bd6cd/datanode-1/data/ratis] (custom)
2019-09-19 14:32:39,803 [pool-38-thread-1] INFO  storage.RaftStorageDirectory (RaftStorageDirectory.java:analyzeStorage(246)) - The storage directory /workdir/hadoop-ozone/ozonefs/target/test-dir/MiniOzoneClusterImpl-7fd34b2e-4b5a-464b-80ea-73e41b6bd6cd/datanode-1/data/ratis/dcfc3994-1618-40e0-8fbd-ab65037dff2b does not exist. Creating ...
2019-09-19 14:32:39,821 [pool-38-thread-1] INFO  storage.RaftStorageDirectory (RaftStorageDirectory.java:tryLock(328)) - Lock on /workdir/hadoop-ozone/ozonefs/target/test-dir/MiniOzoneClusterImpl-7fd34b2e-4b5a-464b-80ea-73e41b6bd6cd/datanode-1/data/ratis/dcfc3994-1618-40e0-8fbd-ab65037dff2b/in_use.lock acquired by nodename 17492@pr-hdds-1569-rzdr8-3403194166
2019-09-19 14:32:39,838 [pool-38-thread-1] INFO  storage.RaftStorage (RaftStorage.java:format(72)) - Storage directory /workdir/hadoop-ozone/ozonefs/target/test-dir/MiniOzoneClusterImpl-7fd34b2e-4b5a-464b-80ea-73e41b6bd6cd/datanode-1/data/ratis/dcfc3994-1618-40e0-8fbd-ab65037dff2b has been successfully formatted.
2019-09-19 14:32:39,838 [pool-38-thread-1] INFO  ratis.ContainerStateMachine (ContainerStateMachine.java:loadSnapshot(226)) - group-AB65037DFF2B: The snapshot info is null. Setting the last applied indexto:(t:0, i:~)
2019-09-19 14:32:39,838 [pool-38-thread-1] INFO  server.RaftServerConfigKeys (ConfUtils.java:logGet(43)) - raft.server.leader.election.timeout = 120s (custom)
2019-09-19 14:32:39,839 [pool-38-thread-1] INFO  server.RaftServerConfigKeys (ConfUtils.java:logGet(43)) - raft.server.log.use.memory = false (default)
2019-09-19 14:32:39,839 [pool-38-thread-1] INFO  server.RaftServerConfigKeys (ConfUtils.java:logGet(43)) - raft.server.log.purge.gap = 1000000 (custom)
2019-09-19 14:32:39,839 [pool-38-thread-1] INFO  server.RaftServerConfigKeys (ConfUtils.java:logGet(43)) - raft.server.log.appender.buffer.byte-limit = 33554432 (custom)
2019-09-19 14:32:39,839 [pool-38-thread-1] INFO  server.RaftServerConfigKeys (ConfUtils.java:logGet(43)) - raft.server.log.segment.size.max = 1048576 (custom)
2019-09-19 14:32:39,839 [pool-38-thread-1] INFO  server.RaftServerConfigKeys (ConfUtils.java:logGet(43)) - raft.server.log.segment.cache.num.max = 2 (custom)
2019-09-19 14:32:39,840 [pool-38-thread-1] INFO  segmented.SegmentedRaftLogWorker (SegmentedRaftLogWorker.java:<init>(172)) - new ce50d529-02c7-4d8b-8f37-5cc78bb94e38-SegmentedRaftLogWorker:Storage Directory /workdir/hadoop-ozone/ozonefs/target/test-dir/MiniOzoneClusterImpl-7fd34b2e-4b5a-464b-80ea-73e41b6bd6cd/datanode-1/data/ratis/dcfc3994-1618-40e0-8fbd-ab65037dff2b for RaftStorage:Storage Directory /workdir/hadoop-ozone/ozonefs/target/test-dir/MiniOzoneClusterImpl-7fd34b2e-4b5a-464b-80ea-73e41b6bd6cd/datanode-1/data/ratis/dcfc3994-1618-40e0-8fbd-ab65037dff2b
2019-09-19 14:32:39,840 [pool-38-thread-1] INFO  server.RaftServerConfigKeys (ConfUtils.java:logGet(43)) - raft.server.log.queue.byte-limit = 2147483647 (custom)
2019-09-19 14:32:39,840 [pool-38-thread-1] INFO  server.RaftServerConfigKeys (ConfUtils.java:logGet(43)) - raft.server.log.queue.element-limit = 1024 (custom)
2019-09-19 14:32:39,840 [pool-38-thread-1] INFO  server.RaftServerConfigKeys (ConfUtils.java:logGet(43)) - raft.server.log.segment.size.max = 1048576 (custom)
2019-09-19 14:32:39,840 [pool-38-thread-1] INFO  server.RaftServerConfigKeys (ConfUtils.java:logGet(43)) - raft.server.log.preallocated.size = 16384 (custom)
2019-09-19 14:32:39,840 [pool-38-thread-1] INFO  server.RaftServerConfigKeys (ConfUtils.java:logGet(43)) - raft.server.log.write.buffer.size = 33554432 (custom)
2019-09-19 14:32:39,841 [pool-38-thread-1] INFO  server.RaftServerConfigKeys (ConfUtils.java:logGet(43)) - raft.server.log.force.sync.num = 128 (default)
2019-09-19 14:32:39,841 [pool-38-thread-1] INFO  server.RaftServerConfigKeys (ConfUtils.java:logGet(43)) - raft.server.log.statemachine.data.sync = true (default)
2019-09-19 14:32:39,841 [pool-38-thread-1] INFO  server.RaftServerConfigKeys (ConfUtils.java:logGet(43)) - raft.server.log.statemachine.data.sync.timeout = 10s (default)
2019-09-19 14:32:39,841 [pool-38-thread-1] INFO  server.RaftServerConfigKeys (ConfUtils.java:logGet(43)) - raft.server.log.statemachine.data.sync.timeout.retry = -1 (default)
2019-09-19 14:32:39,841 [pool-38-thread-1] INFO  server.RaftServerConfigKeys (ConfUtils.java:logGet(43)) - raft.server.log.statemachine.data.caching.enabled = true (custom)
2019-09-19 14:32:39,842 [pool-38-thread-1] INFO  segmented.SegmentedRaftLogWorker (SegmentedRaftLogWorker.java:lambda$new$0(132)) - ce50d529-02c7-4d8b-8f37-5cc78bb94e38-SegmentedRaftLogWorker:Storage Directory /workdir/hadoop-ozone/ozonefs/target/test-dir/MiniOzoneClusterImpl-7fd34b2e-4b5a-464b-80ea-73e41b6bd6cd/datanode-1/data/ratis/dcfc3994-1618-40e0-8fbd-ab65037dff2b: flushIndex: setUnconditionally 0 -> -1
2019-09-19 14:32:39,842 [pool-38-thread-1] INFO  server.RaftServerConfigKeys (ConfUtils.java:logGet(43)) - raft.server.snapshot.auto.trigger.enabled = true (custom)
2019-09-19 14:32:39,842 [pool-38-thread-1] INFO  server.RaftServerConfigKeys (ConfUtils.java:logGet(43)) - raft.server.snapshot.auto.trigger.threshold = 10000 (custom)
2019-09-19 14:32:39,843 [pool-38-thread-1] INFO  server.RaftServerConfigKeys (ConfUtils.java:logGet(43)) - raft.server.retrycache.expirytime = 600000ms (custom)
2019-09-19 14:32:39,843 [pool-38-thread-1] INFO  impl.RaftServerImpl (RaftServerImpl.java:start(180)) - ce50d529-02c7-4d8b-8f37-5cc78bb94e38: start group-AB65037DFF2B
2019-09-19 14:32:39,843 [pool-38-thread-1] INFO  impl.RaftServerImpl (RaftServerImpl.java:setRole(171)) - ce50d529-02c7-4d8b-8f37-5cc78bb94e38:group-AB65037DFF2B changes role from null to FOLLOWER at term 0 for startAsFollower
2019-09-19 14:32:39,843 [pool-38-thread-1] INFO  impl.RoleInfo (RoleInfo.java:updateAndGet(143)) - ce50d529-02c7-4d8b-8f37-5cc78bb94e38: start FollowerState
2019-09-19 14:32:39,849 [pool-38-thread-1] INFO  util.JmxRegister (JmxRegister.java:tryRegister(44)) - Successfully registered JMX Bean with object name Ratis:service=RaftServer,group=group-AB65037DFF2B,id=ce50d529-02c7-4d8b-8f37-5cc78bb94e38
2019-09-19 14:32:39,860 [RatisPipelineUtilsThread] INFO  pipeline.PipelineStateManager (PipelineStateManager.java:addPipeline(56)) - Created pipeline Pipeline[ Id: dcfc3994-1618-40e0-8fbd-ab65037dff2b, Nodes: ce50d529-02c7-4d8b-8f37-5cc78bb94e38{ip: 192.168.5.132, host: pr-hdds-1569-rzdr8-3403194166, networkLocation: /default-rack, certSerialId: null}, Type:RATIS, Factor:ONE, State:OPEN]
2019-09-19 14:32:39,863 [RatisPipelineUtilsThread] ERROR pipeline.PipelinePlacementPolicy (PipelinePlacementPolicy.java:meetCriteria(91)) - Pipeline Placement: Doesn't meet the criteria to be viable node. Heaviness: 6
2019-09-19 14:32:39,873 [grpc-default-executor-0] INFO  impl.RaftServerProxy (RaftServerProxy.java:addNew(89)) - ce50d529-02c7-4d8b-8f37-5cc78bb94e38: addNew group-79D3CC829C13:[ce50d529-02c7-4d8b-8f37-5cc78bb94e38:192.168.5.132:44387] returns group-79D3CC829C13:java.util.concurrent.CompletableFuture@51dd4b17[Not completed]
2019-09-19 14:32:39,879 [pool-38-thread-1] INFO  impl.RaftServerImpl (RaftServerImpl.java:<init>(93)) - ce50d529-02c7-4d8b-8f37-5cc78bb94e38: new RaftServerImpl for group-79D3CC829C13:[ce50d529-02c7-4d8b-8f37-5cc78bb94e38:192.168.5.132:44387] with ContainerStateMachine:uninitialized
2019-09-19 14:32:39,879 [pool-38-thread-1] INFO  server.RaftServerConfigKeys (ConfUtils.java:logGet(43)) - raft.server.rpc.timeout.min = 5s (custom)
2019-09-19 14:32:39,880 [pool-38-thread-1] INFO  server.RaftServerConfigKeys (ConfUtils.java:logGet(43)) - raft.server.rpc.timeout.max = 5200ms (custom)
2019-09-19 14:32:39,880 [pool-38-thread-1] INFO  server.RaftServerConfigKeys (ConfUtils.java:logGet(43)) - raft.server.rpcslowness.timeout = 120s (custom)
2019-09-19 14:32:39,880 [pool-38-thread-1] INFO  server.RaftServerConfigKeys (ConfUtils.java:logGet(43)) - raft.server.sleep.deviation.threshold = 300 (default)
2019-09-19 14:32:39,880 [pool-38-thread-1] INFO  server.RaftServerConfigKeys (ConfUtils.java:logGet(43)) - raft.server.log.appender.install.snapshot.enabled = false (custom)
2019-09-19 14:32:39,880 [pool-38-thread-1] INFO  impl.RaftServerImpl (ServerState.java:<init>(105)) - ce50d529-02c7-4d8b-8f37-5cc78bb94e38:group-79D3CC829C13 ConfigurationManager, init=-1: [ce50d529-02c7-4d8b-8f37-5cc78bb94e38:192.168.5.132:44387], old=null, confs=<EMPTY_MAP>
2019-09-19 14:32:39,881 [pool-38-thread-1] INFO  server.RaftServerConfigKeys (ConfUtils.java:logGet(43)) - raft.server.storage.dir = [/workdir/hadoop-ozone/ozonefs/target/test-dir/MiniOzoneClusterImpl-7fd34b2e-4b5a-464b-80ea-73e41b6bd6cd/datanode-1/data/ratis] (custom)
2019-09-19 14:32:39,881 [pool-38-thread-1] INFO  storage.RaftStorageDirectory (RaftStorageDirectory.java:analyzeStorage(246)) - The storage directory /workdir/hadoop-ozone/ozonefs/target/test-dir/MiniOzoneClusterImpl-7fd34b2e-4b5a-464b-80ea-73e41b6bd6cd/datanode-1/data/ratis/2aeaf22e-1729-4b9f-b2f5-79d3cc829c13 does not exist. Creating ...
2019-09-19 14:32:39,908 [pool-38-thread-1] INFO  storage.RaftStorageDirectory (RaftStorageDirectory.java:tryLock(328)) - Lock on /workdir/hadoop-ozone/ozonefs/target/test-dir/MiniOzoneClusterImpl-7fd34b2e-4b5a-464b-80ea-73e41b6bd6cd/datanode-1/data/ratis/2aeaf22e-1729-4b9f-b2f5-79d3cc829c13/in_use.lock acquired by nodename 17492@pr-hdds-1569-rzdr8-3403194166
2019-09-19 14:32:39,925 [pool-38-thread-1] INFO  storage.RaftStorage (RaftStorage.java:format(72)) - Storage directory /workdir/hadoop-ozone/ozonefs/target/test-dir/MiniOzoneClusterImpl-7fd34b2e-4b5a-464b-80ea-73e41b6bd6cd/datanode-1/data/ratis/2aeaf22e-1729-4b9f-b2f5-79d3cc829c13 has been successfully formatted.
2019-09-19 14:32:39,926 [pool-38-thread-1] INFO  ratis.ContainerStateMachine (ContainerStateMachine.java:loadSnapshot(226)) - group-79D3CC829C13: The snapshot info is null. Setting the last applied indexto:(t:0, i:~)
2019-09-19 14:32:39,926 [pool-38-thread-1] INFO  server.RaftServerConfigKeys (ConfUtils.java:logGet(43)) - raft.server.leader.election.timeout = 120s (custom)
2019-09-19 14:32:39,926 [pool-38-thread-1] INFO  server.RaftServerConfigKeys (ConfUtils.java:logGet(43)) - raft.server.log.use.memory = false (default)
2019-09-19 14:32:39,926 [pool-38-thread-1] INFO  server.RaftServerConfigKeys (ConfUtils.java:logGet(43)) - raft.server.log.purge.gap = 1000000 (custom)
2019-09-19 14:32:39,926 [pool-38-thread-1] INFO  server.RaftServerConfigKeys (ConfUtils.java:logGet(43)) - raft.server.log.appender.buffer.byte-limit = 33554432 (custom)
2019-09-19 14:32:39,927 [pool-38-thread-1] INFO  server.RaftServerConfigKeys (ConfUtils.java:logGet(43)) - raft.server.log.segment.size.max = 1048576 (custom)
2019-09-19 14:32:39,927 [pool-38-thread-1] INFO  server.RaftServerConfigKeys (ConfUtils.java:logGet(43)) - raft.server.log.segment.cache.num.max = 2 (custom)
2019-09-19 14:32:39,927 [pool-38-thread-1] INFO  segmented.SegmentedRaftLogWorker (SegmentedRaftLogWorker.java:<init>(172)) - new ce50d529-02c7-4d8b-8f37-5cc78bb94e38-SegmentedRaftLogWorker:Storage Directory /workdir/hadoop-ozone/ozonefs/target/test-dir/MiniOzoneClusterImpl-7fd34b2e-4b5a-464b-80ea-73e41b6bd6cd/datanode-1/data/ratis/2aeaf22e-1729-4b9f-b2f5-79d3cc829c13 for RaftStorage:Storage Directory /workdir/hadoop-ozone/ozonefs/target/test-dir/MiniOzoneClusterImpl-7fd34b2e-4b5a-464b-80ea-73e41b6bd6cd/datanode-1/data/ratis/2aeaf22e-1729-4b9f-b2f5-79d3cc829c13
2019-09-19 14:32:39,927 [pool-38-thread-1] INFO  server.RaftServerConfigKeys (ConfUtils.java:logGet(43)) - raft.server.log.queue.byte-limit = 2147483647 (custom)
2019-09-19 14:32:39,927 [pool-38-thread-1] INFO  server.RaftServerConfigKeys (ConfUtils.java:logGet(43)) - raft.server.log.queue.element-limit = 1024 (custom)
2019-09-19 14:32:39,928 [pool-38-thread-1] INFO  server.RaftServerConfigKeys (ConfUtils.java:logGet(43)) - raft.server.log.segment.size.max = 1048576 (custom)
2019-09-19 14:32:39,928 [pool-38-thread-1] INFO  server.RaftServerConfigKeys (ConfUtils.java:logGet(43)) - raft.server.log.preallocated.size = 16384 (custom)
2019-09-19 14:32:39,928 [pool-38-thread-1] INFO  server.RaftServerConfigKeys (ConfUtils.java:logGet(43)) - raft.server.log.write.buffer.size = 33554432 (custom)
2019-09-19 14:32:39,928 [pool-38-thread-1] INFO  server.RaftServerConfigKeys (ConfUtils.java:logGet(43)) - raft.server.log.force.sync.num = 128 (default)
2019-09-19 14:32:39,928 [pool-38-thread-1] INFO  server.RaftServerConfigKeys (ConfUtils.java:logGet(43)) - raft.server.log.statemachine.data.sync = true (default)
2019-09-19 14:32:39,928 [pool-38-thread-1] INFO  server.RaftServerConfigKeys (ConfUtils.java:logGet(43)) - raft.server.log.statemachine.data.sync.timeout = 10s (default)
2019-09-19 14:32:39,929 [pool-38-thread-1] INFO  server.RaftServerConfigKeys (ConfUtils.java:logGet(43)) - raft.server.log.statemachine.data.sync.timeout.retry = -1 (default)
2019-09-19 14:32:39,929 [pool-38-thread-1] INFO  server.RaftServerConfigKeys (ConfUtils.java:logGet(43)) - raft.server.log.statemachine.data.caching.enabled = true (custom)
2019-09-19 14:32:39,929 [pool-38-thread-1] INFO  segmented.SegmentedRaftLogWorker (SegmentedRaftLogWorker.java:lambda$new$0(132)) - ce50d529-02c7-4d8b-8f37-5cc78bb94e38-SegmentedRaftLogWorker:Storage Directory /workdir/hadoop-ozone/ozonefs/target/test-dir/MiniOzoneClusterImpl-7fd34b2e-4b5a-464b-80ea-73e41b6bd6cd/datanode-1/data/ratis/2aeaf22e-1729-4b9f-b2f5-79d3cc829c13: flushIndex: setUnconditionally 0 -> -1
2019-09-19 14:32:39,931 [pool-38-thread-1] INFO  server.RaftServerConfigKeys (ConfUtils.java:logGet(43)) - raft.server.snapshot.auto.trigger.enabled = true (custom)
2019-09-19 14:32:39,937 [pool-38-thread-1] INFO  server.RaftServerConfigKeys (ConfUtils.java:logGet(43)) - raft.server.snapshot.auto.trigger.threshold = 10000 (custom)
2019-09-19 14:32:39,938 [pool-38-thread-1] INFO  server.RaftServerConfigKeys (ConfUtils.java:logGet(43)) - raft.server.retrycache.expirytime = 600000ms (custom)
2019-09-19 14:32:39,943 [pool-38-thread-1] INFO  impl.RaftServerImpl (RaftServerImpl.java:start(180)) - ce50d529-02c7-4d8b-8f37-5cc78bb94e38: start group-79D3CC829C13
2019-09-19 14:32:39,943 [pool-38-thread-1] INFO  impl.RaftServerImpl (RaftServerImpl.java:setRole(171)) - ce50d529-02c7-4d8b-8f37-5cc78bb94e38:group-79D3CC829C13 changes role from null to FOLLOWER at term 0 for startAsFollower
2019-09-19 14:32:39,944 [pool-38-thread-1] INFO  impl.RoleInfo (RoleInfo.java:updateAndGet(143)) - ce50d529-02c7-4d8b-8f37-5cc78bb94e38: start FollowerState
2019-09-19 14:32:39,944 [pool-38-thread-1] INFO  util.JmxRegister (JmxRegister.java:tryRegister(44)) - Successfully registered JMX Bean with object name Ratis:service=RaftServer,group=group-79D3CC829C13,id=ce50d529-02c7-4d8b-8f37-5cc78bb94e38
2019-09-19 14:32:39,950 [RatisPipelineUtilsThread] INFO  pipeline.PipelineStateManager (PipelineStateManager.java:addPipeline(56)) - Created pipeline Pipeline[ Id: 2aeaf22e-1729-4b9f-b2f5-79d3cc829c13, Nodes: ce50d529-02c7-4d8b-8f37-5cc78bb94e38{ip: 192.168.5.132, host: pr-hdds-1569-rzdr8-3403194166, networkLocation: /default-rack, certSerialId: null}, Type:RATIS, Factor:ONE, State:OPEN]
2019-09-19 14:32:39,952 [RatisPipelineUtilsThread] ERROR pipeline.PipelinePlacementPolicy (PipelinePlacementPolicy.java:meetCriteria(91)) - Pipeline Placement: Doesn't meet the criteria to be viable node. Heaviness: 6
2019-09-19 14:32:39,952 [RatisPipelineUtilsThread] ERROR pipeline.PipelinePlacementPolicy (PipelinePlacementPolicy.java:meetCriteria(91)) - Pipeline Placement: Doesn't meet the criteria to be viable node. Heaviness: 6
2019-09-19 14:32:39,955 | INFO  | SCMAudit | user=jenkins1000 | ip=192.168.5.132 | op=SEND_HEARTBEAT {datanodeUUID=570e97a0-06fc-447e-8972-b83f57a17e92, command=[]} | ret=SUCCESS |  
2019-09-19 14:32:39,964 [grpc-default-executor-0] INFO  impl.RaftServerProxy (RaftServerProxy.java:addNew(89)) - 570e97a0-06fc-447e-8972-b83f57a17e92: addNew group-09E28C02D921:[570e97a0-06fc-447e-8972-b83f57a17e92:192.168.5.132:45013] returns group-09E28C02D921:java.util.concurrent.CompletableFuture@71174e17[Not completed]
2019-09-19 14:32:39,966 [pool-60-thread-1] INFO  impl.RaftServerImpl (RaftServerImpl.java:<init>(93)) - 570e97a0-06fc-447e-8972-b83f57a17e92: new RaftServerImpl for group-09E28C02D921:[570e97a0-06fc-447e-8972-b83f57a17e92:192.168.5.132:45013] with ContainerStateMachine:uninitialized
2019-09-19 14:32:39,966 [pool-60-thread-1] INFO  server.RaftServerConfigKeys (ConfUtils.java:logGet(43)) - raft.server.rpc.timeout.min = 5s (custom)
2019-09-19 14:32:39,966 [pool-60-thread-1] INFO  server.RaftServerConfigKeys (ConfUtils.java:logGet(43)) - raft.server.rpc.timeout.max = 5200ms (custom)
2019-09-19 14:32:39,966 [pool-60-thread-1] INFO  server.RaftServerConfigKeys (ConfUtils.java:logGet(43)) - raft.server.rpcslowness.timeout = 120s (custom)
2019-09-19 14:32:39,966 [pool-60-thread-1] INFO  server.RaftServerConfigKeys (ConfUtils.java:logGet(43)) - raft.server.sleep.deviation.threshold = 300 (default)
2019-09-19 14:32:39,966 [pool-60-thread-1] INFO  server.RaftServerConfigKeys (ConfUtils.java:logGet(43)) - raft.server.log.appender.install.snapshot.enabled = false (custom)
2019-09-19 14:32:39,967 [pool-60-thread-1] INFO  impl.RaftServerImpl (ServerState.java:<init>(105)) - 570e97a0-06fc-447e-8972-b83f57a17e92:group-09E28C02D921 ConfigurationManager, init=-1: [570e97a0-06fc-447e-8972-b83f57a17e92:192.168.5.132:45013], old=null, confs=<EMPTY_MAP>
2019-09-19 14:32:39,967 [pool-60-thread-1] INFO  server.RaftServerConfigKeys (ConfUtils.java:logGet(43)) - raft.server.storage.dir = [/workdir/hadoop-ozone/ozonefs/target/test-dir/MiniOzoneClusterImpl-7fd34b2e-4b5a-464b-80ea-73e41b6bd6cd/datanode-3/data/ratis] (custom)
2019-09-19 14:32:39,967 [pool-60-thread-1] INFO  storage.RaftStorageDirectory (RaftStorageDirectory.java:analyzeStorage(246)) - The storage directory /workdir/hadoop-ozone/ozonefs/target/test-dir/MiniOzoneClusterImpl-7fd34b2e-4b5a-464b-80ea-73e41b6bd6cd/datanode-3/data/ratis/7d715de1-a01c-4176-8da1-09e28c02d921 does not exist. Creating ...
2019-09-19 14:32:39,980 [pool-60-thread-1] INFO  storage.RaftStorageDirectory (RaftStorageDirectory.java:tryLock(328)) - Lock on /workdir/hadoop-ozone/ozonefs/target/test-dir/MiniOzoneClusterImpl-7fd34b2e-4b5a-464b-80ea-73e41b6bd6cd/datanode-3/data/ratis/7d715de1-a01c-4176-8da1-09e28c02d921/in_use.lock acquired by nodename 17492@pr-hdds-1569-rzdr8-3403194166
2019-09-19 14:32:39,986 | INFO  | SCMAudit | user=jenkins1000 | ip=192.168.5.132 | op=SEND_HEARTBEAT {datanodeUUID=7a325ef5-9e46-4d2e-b6ac-02f5003c9e57, command=[]} | ret=SUCCESS |  
2019-09-19 14:32:39,993 [pool-60-thread-1] INFO  storage.RaftStorage (RaftStorage.java:format(72)) - Storage directory /workdir/hadoop-ozone/ozonefs/target/test-dir/MiniOzoneClusterImpl-7fd34b2e-4b5a-464b-80ea-73e41b6bd6cd/datanode-3/data/ratis/7d715de1-a01c-4176-8da1-09e28c02d921 has been successfully formatted.
2019-09-19 14:32:39,993 [pool-60-thread-1] INFO  ratis.ContainerStateMachine (ContainerStateMachine.java:loadSnapshot(226)) - group-09E28C02D921: The snapshot info is null. Setting the last applied indexto:(t:0, i:~)
2019-09-19 14:32:39,993 [pool-60-thread-1] INFO  server.RaftServerConfigKeys (ConfUtils.java:logGet(43)) - raft.server.leader.election.timeout = 120s (custom)
2019-09-19 14:32:39,993 [pool-60-thread-1] INFO  server.RaftServerConfigKeys (ConfUtils.java:logGet(43)) - raft.server.log.use.memory = false (default)
2019-09-19 14:32:39,993 [pool-60-thread-1] INFO  server.RaftServerConfigKeys (ConfUtils.java:logGet(43)) - raft.server.log.purge.gap = 1000000 (custom)
2019-09-19 14:32:39,993 [pool-60-thread-1] INFO  server.RaftServerConfigKeys (ConfUtils.java:logGet(43)) - raft.server.log.appender.buffer.byte-limit = 33554432 (custom)
2019-09-19 14:32:39,994 [pool-60-thread-1] INFO  server.RaftServerConfigKeys (ConfUtils.java:logGet(43)) - raft.server.log.segment.size.max = 1048576 (custom)
2019-09-19 14:32:39,994 [pool-60-thread-1] INFO  server.RaftServerConfigKeys (ConfUtils.java:logGet(43)) - raft.server.log.segment.cache.num.max = 2 (custom)
2019-09-19 14:32:39,994 [pool-60-thread-1] INFO  segmented.SegmentedRaftLogWorker (SegmentedRaftLogWorker.java:<init>(172)) - new 570e97a0-06fc-447e-8972-b83f57a17e92-SegmentedRaftLogWorker:Storage Directory /workdir/hadoop-ozone/ozonefs/target/test-dir/MiniOzoneClusterImpl-7fd34b2e-4b5a-464b-80ea-73e41b6bd6cd/datanode-3/data/ratis/7d715de1-a01c-4176-8da1-09e28c02d921 for RaftStorage:Storage Directory /workdir/hadoop-ozone/ozonefs/target/test-dir/MiniOzoneClusterImpl-7fd34b2e-4b5a-464b-80ea-73e41b6bd6cd/datanode-3/data/ratis/7d715de1-a01c-4176-8da1-09e28c02d921
2019-09-19 14:32:39,994 [pool-60-thread-1] INFO  server.RaftServerConfigKeys (ConfUtils.java:logGet(43)) - raft.server.log.queue.byte-limit = 2147483647 (custom)
2019-09-19 14:32:39,994 [pool-60-thread-1] INFO  server.RaftServerConfigKeys (ConfUtils.java:logGet(43)) - raft.server.log.queue.element-limit = 1024 (custom)
2019-09-19 14:32:39,994 [pool-60-thread-1] INFO  server.RaftServerConfigKeys (ConfUtils.java:logGet(43)) - raft.server.log.segment.size.max = 1048576 (custom)
2019-09-19 14:32:39,994 [pool-60-thread-1] INFO  server.RaftServerConfigKeys (ConfUtils.java:logGet(43)) - raft.server.log.preallocated.size = 16384 (custom)
2019-09-19 14:32:39,995 [pool-60-thread-1] INFO  server.RaftServerConfigKeys (ConfUtils.java:logGet(43)) - raft.server.log.write.buffer.size = 33554432 (custom)
2019-09-19 14:32:39,995 [pool-60-thread-1] INFO  server.RaftServerConfigKeys (ConfUtils.java:logGet(43)) - raft.server.log.force.sync.num = 128 (default)
2019-09-19 14:32:39,995 [pool-60-thread-1] INFO  server.RaftServerConfigKeys (ConfUtils.java:logGet(43)) - raft.server.log.statemachine.data.sync = true (default)
2019-09-19 14:32:39,995 [pool-60-thread-1] INFO  server.RaftServerConfigKeys (ConfUtils.java:logGet(43)) - raft.server.log.statemachine.data.sync.timeout = 10s (default)
2019-09-19 14:32:39,995 [pool-60-thread-1] INFO  server.RaftServerConfigKeys (ConfUtils.java:logGet(43)) - raft.server.log.statemachine.data.sync.timeout.retry = -1 (default)
2019-09-19 14:32:39,995 [pool-60-thread-1] INFO  server.RaftServerConfigKeys (ConfUtils.java:logGet(43)) - raft.server.log.statemachine.data.caching.enabled = true (custom)
2019-09-19 14:32:39,996 [pool-60-thread-1] INFO  segmented.SegmentedRaftLogWorker (SegmentedRaftLogWorker.java:lambda$new$0(132)) - 570e97a0-06fc-447e-8972-b83f57a17e92-SegmentedRaftLogWorker:Storage Directory /workdir/hadoop-ozone/ozonefs/target/test-dir/MiniOzoneClusterImpl-7fd34b2e-4b5a-464b-80ea-73e41b6bd6cd/datanode-3/data/ratis/7d715de1-a01c-4176-8da1-09e28c02d921: flushIndex: setUnconditionally 0 -> -1
2019-09-19 14:32:39,996 [pool-60-thread-1] INFO  server.RaftServerConfigKeys (ConfUtils.java:logGet(43)) - raft.server.snapshot.auto.trigger.enabled = true (custom)
2019-09-19 14:32:39,996 [pool-60-thread-1] INFO  server.RaftServerConfigKeys (ConfUtils.java:logGet(43)) - raft.server.snapshot.auto.trigger.threshold = 10000 (custom)
2019-09-19 14:32:39,996 [pool-60-thread-1] INFO  server.RaftServerConfigKeys (ConfUtils.java:logGet(43)) - raft.server.retrycache.expirytime = 600000ms (custom)
2019-09-19 14:32:39,996 [pool-60-thread-1] INFO  impl.RaftServerImpl (RaftServerImpl.java:start(180)) - 570e97a0-06fc-447e-8972-b83f57a17e92: start group-09E28C02D921
2019-09-19 14:32:39,997 [pool-60-thread-1] INFO  impl.RaftServerImpl (RaftServerImpl.java:setRole(171)) - 570e97a0-06fc-447e-8972-b83f57a17e92:group-09E28C02D921 changes role from null to FOLLOWER at term 0 for startAsFollower
2019-09-19 14:32:39,997 [pool-60-thread-1] INFO  impl.RoleInfo (RoleInfo.java:updateAndGet(143)) - 570e97a0-06fc-447e-8972-b83f57a17e92: start FollowerState
2019-09-19 14:32:39,997 [pool-60-thread-1] INFO  util.JmxRegister (JmxRegister.java:tryRegister(44)) - Successfully registered JMX Bean with object name Ratis:service=RaftServer,group=group-09E28C02D921,id=570e97a0-06fc-447e-8972-b83f57a17e92
2019-09-19 14:32:40,002 [RatisPipelineUtilsThread] INFO  pipeline.PipelineStateManager (PipelineStateManager.java:addPipeline(56)) - Created pipeline Pipeline[ Id: 7d715de1-a01c-4176-8da1-09e28c02d921, Nodes: 570e97a0-06fc-447e-8972-b83f57a17e92{ip: 192.168.5.132, host: pr-hdds-1569-rzdr8-3403194166, networkLocation: /default-rack, certSerialId: null}, Type:RATIS, Factor:ONE, State:OPEN]
2019-09-19 14:32:40,004 [RatisPipelineUtilsThread] ERROR pipeline.PipelinePlacementPolicy (PipelinePlacementPolicy.java:meetCriteria(91)) - Pipeline Placement: Doesn't meet the criteria to be viable node. Heaviness: 6
2019-09-19 14:32:40,004 [RatisPipelineUtilsThread] ERROR pipeline.PipelinePlacementPolicy (PipelinePlacementPolicy.java:meetCriteria(91)) - Pipeline Placement: Doesn't meet the criteria to be viable node. Heaviness: 6
2019-09-19 14:32:40,018 | INFO  | OMAudit | user=jenkins1000 | ip=127.0.0.1 | op=READ_VOLUME {volume=volume71407} | ret=SUCCESS |  
2019-09-19 14:32:40,025 [grpc-default-executor-0] INFO  impl.RaftServerProxy (RaftServerProxy.java:addNew(89)) - 6869628d-08da-4946-b9e3-2b0ea0688e78: addNew group-44C57C47CDF0:[6869628d-08da-4946-b9e3-2b0ea0688e78:192.168.5.132:37368] returns group-44C57C47CDF0:java.util.concurrent.CompletableFuture@1bb8d0fd[Not completed]
2019-09-19 14:32:40,027 [pool-71-thread-1] INFO  impl.RaftServerImpl (RaftServerImpl.java:<init>(93)) - 6869628d-08da-4946-b9e3-2b0ea0688e78: new RaftServerImpl for group-44C57C47CDF0:[6869628d-08da-4946-b9e3-2b0ea0688e78:192.168.5.132:37368] with ContainerStateMachine:uninitialized
2019-09-19 14:32:40,027 [pool-71-thread-1] INFO  server.RaftServerConfigKeys (ConfUtils.java:logGet(43)) - raft.server.rpc.timeout.min = 5s (custom)
2019-09-19 14:32:40,027 [pool-71-thread-1] INFO  server.RaftServerConfigKeys (ConfUtils.java:logGet(43)) - raft.server.rpc.timeout.max = 5200ms (custom)
2019-09-19 14:32:40,027 [pool-71-thread-1] INFO  server.RaftServerConfigKeys (ConfUtils.java:logGet(43)) - raft.server.rpcslowness.timeout = 120s (custom)
2019-09-19 14:32:40,027 [pool-71-thread-1] INFO  server.RaftServerConfigKeys (ConfUtils.java:logGet(43)) - raft.server.sleep.deviation.threshold = 300 (default)
2019-09-19 14:32:40,028 [pool-71-thread-1] INFO  server.RaftServerConfigKeys (ConfUtils.java:logGet(43)) - raft.server.log.appender.install.snapshot.enabled = false (custom)
2019-09-19 14:32:40,028 [pool-71-thread-1] INFO  impl.RaftServerImpl (ServerState.java:<init>(105)) - 6869628d-08da-4946-b9e3-2b0ea0688e78:group-44C57C47CDF0 ConfigurationManager, init=-1: [6869628d-08da-4946-b9e3-2b0ea0688e78:192.168.5.132:37368], old=null, confs=<EMPTY_MAP>
2019-09-19 14:32:40,028 [pool-71-thread-1] INFO  server.RaftServerConfigKeys (ConfUtils.java:logGet(43)) - raft.server.storage.dir = [/workdir/hadoop-ozone/ozonefs/target/test-dir/MiniOzoneClusterImpl-7fd34b2e-4b5a-464b-80ea-73e41b6bd6cd/datanode-4/data/ratis] (custom)
2019-09-19 14:32:40,029 [pool-71-thread-1] INFO  storage.RaftStorageDirectory (RaftStorageDirectory.java:analyzeStorage(246)) - The storage directory /workdir/hadoop-ozone/ozonefs/target/test-dir/MiniOzoneClusterImpl-7fd34b2e-4b5a-464b-80ea-73e41b6bd6cd/datanode-4/data/ratis/4e69571f-a286-43c6-96c2-44c57c47cdf0 does not exist. Creating ...
2019-09-19 14:32:40,029 | INFO  | OMAudit | user=jenkins1000 | ip=127.0.0.1 | op=READ_BUCKET {volume=volume71407, bucket=bucket41809} | ret=SUCCESS |  
2019-09-19 14:32:40,043 [Thread-207] INFO  container.ReplicationManager (ReplicationManager.java:start(151)) - Starting Replication Monitor Thread.
2019-09-19 14:32:40,045 [pool-71-thread-1] INFO  storage.RaftStorageDirectory (RaftStorageDirectory.java:tryLock(328)) - Lock on /workdir/hadoop-ozone/ozonefs/target/test-dir/MiniOzoneClusterImpl-7fd34b2e-4b5a-464b-80ea-73e41b6bd6cd/datanode-4/data/ratis/4e69571f-a286-43c6-96c2-44c57c47cdf0/in_use.lock acquired by nodename 17492@pr-hdds-1569-rzdr8-3403194166
2019-09-19 14:32:40,045 [ReplicationMonitor] INFO  container.ReplicationManager (ReplicationManager.java:run(214)) - Replication Monitor Thread took 1 milliseconds for processing 0 containers.
2019-09-19 14:32:40,059 [Thread-247] INFO  contract.AbstractFSContractTestBase (AbstractFSContractTestBase.java:setup(184)) - Test filesystem = o3fs://bucket41809.volume71407 implemented by OzoneFileSystem{URI=o3fs://bucket41809.volume71407, workingDir=o3fs://bucket41809.volume71407/user/jenkins1000, userName=jenkins1000, statistics=0 bytes read, 0 bytes written, 0 read ops, 0 large read ops, 0 write ops}
2019-09-19 14:32:40,074 [pool-71-thread-1] INFO  storage.RaftStorage (RaftStorage.java:format(72)) - Storage directory /workdir/hadoop-ozone/ozonefs/target/test-dir/MiniOzoneClusterImpl-7fd34b2e-4b5a-464b-80ea-73e41b6bd6cd/datanode-4/data/ratis/4e69571f-a286-43c6-96c2-44c57c47cdf0 has been successfully formatted.
2019-09-19 14:32:40,074 [pool-71-thread-1] INFO  ratis.ContainerStateMachine (ContainerStateMachine.java:loadSnapshot(226)) - group-44C57C47CDF0: The snapshot info is null. Setting the last applied indexto:(t:0, i:~)
2019-09-19 14:32:40,074 [pool-71-thread-1] INFO  server.RaftServerConfigKeys (ConfUtils.java:logGet(43)) - raft.server.leader.election.timeout = 120s (custom)
2019-09-19 14:32:40,075 [pool-71-thread-1] INFO  server.RaftServerConfigKeys (ConfUtils.java:logGet(43)) - raft.server.log.use.memory = false (default)
2019-09-19 14:32:40,075 [pool-71-thread-1] INFO  server.RaftServerConfigKeys (ConfUtils.java:logGet(43)) - raft.server.log.purge.gap = 1000000 (custom)
2019-09-19 14:32:40,075 [pool-71-thread-1] INFO  server.RaftServerConfigKeys (ConfUtils.java:logGet(43)) - raft.server.log.appender.buffer.byte-limit = 33554432 (custom)
2019-09-19 14:32:40,075 [pool-71-thread-1] INFO  server.RaftServerConfigKeys (ConfUtils.java:logGet(43)) - raft.server.log.segment.size.max = 1048576 (custom)
2019-09-19 14:32:40,075 [pool-71-thread-1] INFO  server.RaftServerConfigKeys (ConfUtils.java:logGet(43)) - raft.server.log.segment.cache.num.max = 2 (custom)
2019-09-19 14:32:40,075 [pool-71-thread-1] INFO  segmented.SegmentedRaftLogWorker (SegmentedRaftLogWorker.java:<init>(172)) - new 6869628d-08da-4946-b9e3-2b0ea0688e78-SegmentedRaftLogWorker:Storage Directory /workdir/hadoop-ozone/ozonefs/target/test-dir/MiniOzoneClusterImpl-7fd34b2e-4b5a-464b-80ea-73e41b6bd6cd/datanode-4/data/ratis/4e69571f-a286-43c6-96c2-44c57c47cdf0 for RaftStorage:Storage Directory /workdir/hadoop-ozone/ozonefs/target/test-dir/MiniOzoneClusterImpl-7fd34b2e-4b5a-464b-80ea-73e41b6bd6cd/datanode-4/data/ratis/4e69571f-a286-43c6-96c2-44c57c47cdf0
2019-09-19 14:32:40,076 [pool-71-thread-1] INFO  server.RaftServerConfigKeys (ConfUtils.java:logGet(43)) - raft.server.log.queue.byte-limit = 2147483647 (custom)
2019-09-19 14:32:40,076 [pool-71-thread-1] INFO  server.RaftServerConfigKeys (ConfUtils.java:logGet(43)) - raft.server.log.queue.element-limit = 1024 (custom)
2019-09-19 14:32:40,076 [pool-71-thread-1] INFO  server.RaftServerConfigKeys (ConfUtils.java:logGet(43)) - raft.server.log.segment.size.max = 1048576 (custom)
2019-09-19 14:32:40,076 [pool-71-thread-1] INFO  server.RaftServerConfigKeys (ConfUtils.java:logGet(43)) - raft.server.log.preallocated.size = 16384 (custom)
2019-09-19 14:32:40,076 [pool-71-thread-1] INFO  server.RaftServerConfigKeys (ConfUtils.java:logGet(43)) - raft.server.log.write.buffer.size = 33554432 (custom)
2019-09-19 14:32:40,076 [pool-71-thread-1] INFO  server.RaftServerConfigKeys (ConfUtils.java:logGet(43)) - raft.server.log.force.sync.num = 128 (default)
2019-09-19 14:32:40,077 [pool-71-thread-1] INFO  server.RaftServerConfigKeys (ConfUtils.java:logGet(43)) - raft.server.log.statemachine.data.sync = true (default)
2019-09-19 14:32:40,077 [pool-71-thread-1] INFO  server.RaftServerConfigKeys (ConfUtils.java:logGet(43)) - raft.server.log.statemachine.data.sync.timeout = 10s (default)
2019-09-19 14:32:40,077 [pool-71-thread-1] INFO  server.RaftServerConfigKeys (ConfUtils.java:logGet(43)) - raft.server.log.statemachine.data.sync.timeout.retry = -1 (default)
2019-09-19 14:32:40,077 [pool-71-thread-1] INFO  server.RaftServerConfigKeys (ConfUtils.java:logGet(43)) - raft.server.log.statemachine.data.caching.enabled = true (custom)
2019-09-19 14:32:40,077 [pool-71-thread-1] INFO  segmented.SegmentedRaftLogWorker (SegmentedRaftLogWorker.java:lambda$new$0(132)) - 6869628d-08da-4946-b9e3-2b0ea0688e78-SegmentedRaftLogWorker:Storage Directory /workdir/hadoop-ozone/ozonefs/target/test-dir/MiniOzoneClusterImpl-7fd34b2e-4b5a-464b-80ea-73e41b6bd6cd/datanode-4/data/ratis/4e69571f-a286-43c6-96c2-44c57c47cdf0: flushIndex: setUnconditionally 0 -> -1
2019-09-19 14:32:40,078 [pool-71-thread-1] INFO  server.RaftServerConfigKeys (ConfUtils.java:logGet(43)) - raft.server.snapshot.auto.trigger.enabled = true (custom)
2019-09-19 14:32:40,078 [pool-71-thread-1] INFO  server.RaftServerConfigKeys (ConfUtils.java:logGet(43)) - raft.server.snapshot.auto.trigger.threshold = 10000 (custom)
2019-09-19 14:32:40,088 [pool-71-thread-1] INFO  server.RaftServerConfigKeys (ConfUtils.java:logGet(43)) - raft.server.retrycache.expirytime = 600000ms (custom)
2019-09-19 14:32:40,088 [pool-71-thread-1] INFO  impl.RaftServerImpl (RaftServerImpl.java:start(180)) - 6869628d-08da-4946-b9e3-2b0ea0688e78: start group-44C57C47CDF0
2019-09-19 14:32:40,088 [pool-71-thread-1] INFO  impl.RaftServerImpl (RaftServerImpl.java:setRole(171)) - 6869628d-08da-4946-b9e3-2b0ea0688e78:group-44C57C47CDF0 changes role from null to FOLLOWER at term 0 for startAsFollower
2019-09-19 14:32:40,089 [pool-71-thread-1] INFO  impl.RoleInfo (RoleInfo.java:updateAndGet(143)) - 6869628d-08da-4946-b9e3-2b0ea0688e78: start FollowerState
2019-09-19 14:32:40,089 [pool-71-thread-1] INFO  util.JmxRegister (JmxRegister.java:tryRegister(44)) - Successfully registered JMX Bean with object name Ratis:service=RaftServer,group=group-44C57C47CDF0,id=6869628d-08da-4946-b9e3-2b0ea0688e78
2019-09-19 14:32:40,095 [RatisPipelineUtilsThread] INFO  pipeline.PipelineStateManager (PipelineStateManager.java:addPipeline(56)) - Created pipeline Pipeline[ Id: 4e69571f-a286-43c6-96c2-44c57c47cdf0, Nodes: 6869628d-08da-4946-b9e3-2b0ea0688e78{ip: 192.168.5.132, host: pr-hdds-1569-rzdr8-3403194166, networkLocation: /default-rack, certSerialId: null}, Type:RATIS, Factor:ONE, State:OPEN]
2019-09-19 14:32:40,097 [RatisPipelineUtilsThread] ERROR pipeline.PipelinePlacementPolicy (PipelinePlacementPolicy.java:meetCriteria(91)) - Pipeline Placement: Doesn't meet the criteria to be viable node. Heaviness: 6
2019-09-19 14:32:40,097 [RatisPipelineUtilsThread] ERROR pipeline.PipelinePlacementPolicy (PipelinePlacementPolicy.java:meetCriteria(91)) - Pipeline Placement: Doesn't meet the criteria to be viable node. Heaviness: 6
2019-09-19 14:32:40,108 [grpc-default-executor-1] INFO  impl.RaftServerProxy (RaftServerProxy.java:addNew(89)) - 6869628d-08da-4946-b9e3-2b0ea0688e78: addNew group-7C9F7EE33E07:[6869628d-08da-4946-b9e3-2b0ea0688e78:192.168.5.132:37368] returns group-7C9F7EE33E07:java.util.concurrent.CompletableFuture@2d7e6038[Not completed]
2019-09-19 14:32:40,109 [pool-71-thread-1] INFO  impl.RaftServerImpl (RaftServerImpl.java:<init>(93)) - 6869628d-08da-4946-b9e3-2b0ea0688e78: new RaftServerImpl for group-7C9F7EE33E07:[6869628d-08da-4946-b9e3-2b0ea0688e78:192.168.5.132:37368] with ContainerStateMachine:uninitialized
2019-09-19 14:32:40,110 [pool-71-thread-1] INFO  server.RaftServerConfigKeys (ConfUtils.java:logGet(43)) - raft.server.rpc.timeout.min = 5s (custom)
2019-09-19 14:32:40,110 [pool-71-thread-1] INFO  server.RaftServerConfigKeys (ConfUtils.java:logGet(43)) - raft.server.rpc.timeout.max = 5200ms (custom)
2019-09-19 14:32:40,110 [pool-71-thread-1] INFO  server.RaftServerConfigKeys (ConfUtils.java:logGet(43)) - raft.server.rpcslowness.timeout = 120s (custom)
2019-09-19 14:32:40,110 [pool-71-thread-1] INFO  server.RaftServerConfigKeys (ConfUtils.java:logGet(43)) - raft.server.sleep.deviation.threshold = 300 (default)
2019-09-19 14:32:40,110 [pool-71-thread-1] INFO  server.RaftServerConfigKeys (ConfUtils.java:logGet(43)) - raft.server.log.appender.install.snapshot.enabled = false (custom)
2019-09-19 14:32:40,110 [pool-71-thread-1] INFO  impl.RaftServerImpl (ServerState.java:<init>(105)) - 6869628d-08da-4946-b9e3-2b0ea0688e78:group-7C9F7EE33E07 ConfigurationManager, init=-1: [6869628d-08da-4946-b9e3-2b0ea0688e78:192.168.5.132:37368], old=null, confs=<EMPTY_MAP>
2019-09-19 14:32:40,110 [pool-71-thread-1] INFO  server.RaftServerConfigKeys (ConfUtils.java:logGet(43)) - raft.server.storage.dir = [/workdir/hadoop-ozone/ozonefs/target/test-dir/MiniOzoneClusterImpl-7fd34b2e-4b5a-464b-80ea-73e41b6bd6cd/datanode-4/data/ratis] (custom)
2019-09-19 14:32:40,111 [pool-71-thread-1] INFO  storage.RaftStorageDirectory (RaftStorageDirectory.java:analyzeStorage(246)) - The storage directory /workdir/hadoop-ozone/ozonefs/target/test-dir/MiniOzoneClusterImpl-7fd34b2e-4b5a-464b-80ea-73e41b6bd6cd/datanode-4/data/ratis/3ffdc4db-6f73-4fbd-9a8f-7c9f7ee33e07 does not exist. Creating ...
2019-09-19 14:32:40,123 [pool-71-thread-1] INFO  storage.RaftStorageDirectory (RaftStorageDirectory.java:tryLock(328)) - Lock on /workdir/hadoop-ozone/ozonefs/target/test-dir/MiniOzoneClusterImpl-7fd34b2e-4b5a-464b-80ea-73e41b6bd6cd/datanode-4/data/ratis/3ffdc4db-6f73-4fbd-9a8f-7c9f7ee33e07/in_use.lock acquired by nodename 17492@pr-hdds-1569-rzdr8-3403194166
2019-09-19 14:32:40,126 | INFO  | OMAudit | user=jenkins1000 | ip=127.0.0.1 | op=CREATE_DIRECTORY {volume=volume71407, bucket=bucket41809, key=test, dataSize=0, replicationType=null, replicationFactor=null, keyLocationInfo=null} | ret=SUCCESS |  
2019-09-19 14:32:40,127 [Thread-247] INFO  contract.AbstractFSContractTestBase (AbstractFSContractTestBase.java:describe(255)) - create & read a 0 byte file
2019-09-19 14:32:40,136 [pool-71-thread-1] INFO  storage.RaftStorage (RaftStorage.java:format(72)) - Storage directory /workdir/hadoop-ozone/ozonefs/target/test-dir/MiniOzoneClusterImpl-7fd34b2e-4b5a-464b-80ea-73e41b6bd6cd/datanode-4/data/ratis/3ffdc4db-6f73-4fbd-9a8f-7c9f7ee33e07 has been successfully formatted.
2019-09-19 14:32:40,137 [pool-71-thread-1] INFO  ratis.ContainerStateMachine (ContainerStateMachine.java:loadSnapshot(226)) - group-7C9F7EE33E07: The snapshot info is null. Setting the last applied indexto:(t:0, i:~)
2019-09-19 14:32:40,139 [pool-71-thread-1] INFO  server.RaftServerConfigKeys (ConfUtils.java:logGet(43)) - raft.server.leader.election.timeout = 120s (custom)
2019-09-19 14:32:40,139 [pool-71-thread-1] INFO  server.RaftServerConfigKeys (ConfUtils.java:logGet(43)) - raft.server.log.use.memory = false (default)
2019-09-19 14:32:40,139 [pool-71-thread-1] INFO  server.RaftServerConfigKeys (ConfUtils.java:logGet(43)) - raft.server.log.purge.gap = 1000000 (custom)
2019-09-19 14:32:40,140 [pool-71-thread-1] INFO  server.RaftServerConfigKeys (ConfUtils.java:logGet(43)) - raft.server.log.appender.buffer.byte-limit = 33554432 (custom)
2019-09-19 14:32:40,140 | INFO  | SCMAudit | user=jenkins1000 | ip=192.168.5.132 | op=SEND_HEARTBEAT {datanodeUUID=6869628d-08da-4946-b9e3-2b0ea0688e78, command=[]} | ret=SUCCESS |  
2019-09-19 14:32:40,141 [pool-71-thread-1] INFO  server.RaftServerConfigKeys (ConfUtils.java:logGet(43)) - raft.server.log.segment.size.max = 1048576 (custom)
2019-09-19 14:32:40,141 [pool-71-thread-1] INFO  server.RaftServerConfigKeys (ConfUtils.java:logGet(43)) - raft.server.log.segment.cache.num.max = 2 (custom)
2019-09-19 14:32:40,141 [pool-71-thread-1] INFO  segmented.SegmentedRaftLogWorker (SegmentedRaftLogWorker.java:<init>(172)) - new 6869628d-08da-4946-b9e3-2b0ea0688e78-SegmentedRaftLogWorker:Storage Directory /workdir/hadoop-ozone/ozonefs/target/test-dir/MiniOzoneClusterImpl-7fd34b2e-4b5a-464b-80ea-73e41b6bd6cd/datanode-4/data/ratis/3ffdc4db-6f73-4fbd-9a8f-7c9f7ee33e07 for RaftStorage:Storage Directory /workdir/hadoop-ozone/ozonefs/target/test-dir/MiniOzoneClusterImpl-7fd34b2e-4b5a-464b-80ea-73e41b6bd6cd/datanode-4/data/ratis/3ffdc4db-6f73-4fbd-9a8f-7c9f7ee33e07
2019-09-19 14:32:40,142 [pool-71-thread-1] INFO  server.RaftServerConfigKeys (ConfUtils.java:logGet(43)) - raft.server.log.queue.byte-limit = 2147483647 (custom)
2019-09-19 14:32:40,142 [pool-71-thread-1] INFO  server.RaftServerConfigKeys (ConfUtils.java:logGet(43)) - raft.server.log.queue.element-limit = 1024 (custom)
2019-09-19 14:32:40,142 [pool-71-thread-1] INFO  server.RaftServerConfigKeys (ConfUtils.java:logGet(43)) - raft.server.log.segment.size.max = 1048576 (custom)
2019-09-19 14:32:40,142 [pool-71-thread-1] INFO  server.RaftServerConfigKeys (ConfUtils.java:logGet(43)) - raft.server.log.preallocated.size = 16384 (custom)
2019-09-19 14:32:40,142 [pool-71-thread-1] INFO  server.RaftServerConfigKeys (ConfUtils.java:logGet(43)) - raft.server.log.write.buffer.size = 33554432 (custom)
2019-09-19 14:32:40,142 [pool-71-thread-1] INFO  server.RaftServerConfigKeys (ConfUtils.java:logGet(43)) - raft.server.log.force.sync.num = 128 (default)
2019-09-19 14:32:40,142 [pool-71-thread-1] INFO  server.RaftServerConfigKeys (ConfUtils.java:logGet(43)) - raft.server.log.statemachine.data.sync = true (default)
2019-09-19 14:32:40,143 [pool-71-thread-1] INFO  server.RaftServerConfigKeys (ConfUtils.java:logGet(43)) - raft.server.log.statemachine.data.sync.timeout = 10s (default)
2019-09-19 14:32:40,143 [pool-71-thread-1] INFO  server.RaftServerConfigKeys (ConfUtils.java:logGet(43)) - raft.server.log.statemachine.data.sync.timeout.retry = -1 (default)
2019-09-19 14:32:40,143 [pool-71-thread-1] INFO  server.RaftServerConfigKeys (ConfUtils.java:logGet(43)) - raft.server.log.statemachine.data.caching.enabled = true (custom)
2019-09-19 14:32:40,143 [pool-71-thread-1] INFO  segmented.SegmentedRaftLogWorker (SegmentedRaftLogWorker.java:lambda$new$0(132)) - 6869628d-08da-4946-b9e3-2b0ea0688e78-SegmentedRaftLogWorker:Storage Directory /workdir/hadoop-ozone/ozonefs/target/test-dir/MiniOzoneClusterImpl-7fd34b2e-4b5a-464b-80ea-73e41b6bd6cd/datanode-4/data/ratis/3ffdc4db-6f73-4fbd-9a8f-7c9f7ee33e07: flushIndex: setUnconditionally 0 -> -1
2019-09-19 14:32:40,144 [pool-71-thread-1] INFO  server.RaftServerConfigKeys (ConfUtils.java:logGet(43)) - raft.server.snapshot.auto.trigger.enabled = true (custom)
2019-09-19 14:32:40,144 [pool-71-thread-1] INFO  server.RaftServerConfigKeys (ConfUtils.java:logGet(43)) - raft.server.snapshot.auto.trigger.threshold = 10000 (custom)
2019-09-19 14:32:40,144 [pool-71-thread-1] INFO  server.RaftServerConfigKeys (ConfUtils.java:logGet(43)) - raft.server.retrycache.expirytime = 600000ms (custom)
2019-09-19 14:32:40,144 [pool-71-thread-1] INFO  impl.RaftServerImpl (RaftServerImpl.java:start(180)) - 6869628d-08da-4946-b9e3-2b0ea0688e78: start group-7C9F7EE33E07
2019-09-19 14:32:40,144 [pool-71-thread-1] INFO  impl.RaftServerImpl (RaftServerImpl.java:setRole(171)) - 6869628d-08da-4946-b9e3-2b0ea0688e78:group-7C9F7EE33E07 changes role from null to FOLLOWER at term 0 for startAsFollower
2019-09-19 14:32:40,144 [pool-71-thread-1] INFO  impl.RoleInfo (RoleInfo.java:updateAndGet(143)) - 6869628d-08da-4946-b9e3-2b0ea0688e78: start FollowerState
2019-09-19 14:32:40,145 [pool-71-thread-1] INFO  util.JmxRegister (JmxRegister.java:tryRegister(44)) - Successfully registered JMX Bean with object name Ratis:service=RaftServer,group=group-7C9F7EE33E07,id=6869628d-08da-4946-b9e3-2b0ea0688e78
2019-09-19 14:32:40,150 [RatisPipelineUtilsThread] INFO  pipeline.PipelineStateManager (PipelineStateManager.java:addPipeline(56)) - Created pipeline Pipeline[ Id: 3ffdc4db-6f73-4fbd-9a8f-7c9f7ee33e07, Nodes: 6869628d-08da-4946-b9e3-2b0ea0688e78{ip: 192.168.5.132, host: pr-hdds-1569-rzdr8-3403194166, networkLocation: /default-rack, certSerialId: null}, Type:RATIS, Factor:ONE, State:OPEN]
2019-09-19 14:32:40,151 [RatisPipelineUtilsThread] ERROR pipeline.PipelinePlacementPolicy (PipelinePlacementPolicy.java:meetCriteria(91)) - Pipeline Placement: Doesn't meet the criteria to be viable node. Heaviness: 6
2019-09-19 14:32:40,152 [RatisPipelineUtilsThread] ERROR pipeline.PipelinePlacementPolicy (PipelinePlacementPolicy.java:meetCriteria(91)) - Pipeline Placement: Doesn't meet the criteria to be viable node. Heaviness: 6
2019-09-19 14:32:40,162 [grpc-default-executor-1] INFO  impl.RaftServerProxy (RaftServerProxy.java:addNew(89)) - afe05dc7-b5f4-4b7b-b2b1-a227635ab2f1: addNew group-BE1843772DE3:[afe05dc7-b5f4-4b7b-b2b1-a227635ab2f1:192.168.5.132:43858] returns group-BE1843772DE3:java.util.concurrent.CompletableFuture@27860b48[Not completed]
2019-09-19 14:32:40,168 [pool-49-thread-1] INFO  impl.RaftServerImpl (RaftServerImpl.java:<init>(93)) - afe05dc7-b5f4-4b7b-b2b1-a227635ab2f1: new RaftServerImpl for group-BE1843772DE3:[afe05dc7-b5f4-4b7b-b2b1-a227635ab2f1:192.168.5.132:43858] with ContainerStateMachine:uninitialized
2019-09-19 14:32:40,169 [pool-49-thread-1] INFO  server.RaftServerConfigKeys (ConfUtils.java:logGet(43)) - raft.server.rpc.timeout.min = 5s (custom)
2019-09-19 14:32:40,169 [pool-49-thread-1] INFO  server.RaftServerConfigKeys (ConfUtils.java:logGet(43)) - raft.server.rpc.timeout.max = 5200ms (custom)
2019-09-19 14:32:40,169 [pool-49-thread-1] INFO  server.RaftServerConfigKeys (ConfUtils.java:logGet(43)) - raft.server.rpcslowness.timeout = 120s (custom)
2019-09-19 14:32:40,169 [pool-49-thread-1] INFO  server.RaftServerConfigKeys (ConfUtils.java:logGet(43)) - raft.server.sleep.deviation.threshold = 300 (default)
2019-09-19 14:32:40,169 [pool-49-thread-1] INFO  server.RaftServerConfigKeys (ConfUtils.java:logGet(43)) - raft.server.log.appender.install.snapshot.enabled = false (custom)
2019-09-19 14:32:40,169 [pool-49-thread-1] INFO  impl.RaftServerImpl (ServerState.java:<init>(105)) - afe05dc7-b5f4-4b7b-b2b1-a227635ab2f1:group-BE1843772DE3 ConfigurationManager, init=-1: [afe05dc7-b5f4-4b7b-b2b1-a227635ab2f1:192.168.5.132:43858], old=null, confs=<EMPTY_MAP>
2019-09-19 14:32:40,170 [pool-49-thread-1] INFO  server.RaftServerConfigKeys (ConfUtils.java:logGet(43)) - raft.server.storage.dir = [/workdir/hadoop-ozone/ozonefs/target/test-dir/MiniOzoneClusterImpl-7fd34b2e-4b5a-464b-80ea-73e41b6bd6cd/datanode-2/data/ratis] (custom)
2019-09-19 14:32:40,170 [pool-49-thread-1] INFO  storage.RaftStorageDirectory (RaftStorageDirectory.java:analyzeStorage(246)) - The storage directory /workdir/hadoop-ozone/ozonefs/target/test-dir/MiniOzoneClusterImpl-7fd34b2e-4b5a-464b-80ea-73e41b6bd6cd/datanode-2/data/ratis/b3f48134-81d6-49bd-80c0-be1843772de3 does not exist. Creating ...
2019-09-19 14:32:40,194 [pool-49-thread-1] INFO  storage.RaftStorageDirectory (RaftStorageDirectory.java:tryLock(328)) - Lock on /workdir/hadoop-ozone/ozonefs/target/test-dir/MiniOzoneClusterImpl-7fd34b2e-4b5a-464b-80ea-73e41b6bd6cd/datanode-2/data/ratis/b3f48134-81d6-49bd-80c0-be1843772de3/in_use.lock acquired by nodename 17492@pr-hdds-1569-rzdr8-3403194166
2019-09-19 14:32:40,217 [pool-49-thread-1] INFO  storage.RaftStorage (RaftStorage.java:format(72)) - Storage directory /workdir/hadoop-ozone/ozonefs/target/test-dir/MiniOzoneClusterImpl-7fd34b2e-4b5a-464b-80ea-73e41b6bd6cd/datanode-2/data/ratis/b3f48134-81d6-49bd-80c0-be1843772de3 has been successfully formatted.
2019-09-19 14:32:40,217 [pool-49-thread-1] INFO  ratis.ContainerStateMachine (ContainerStateMachine.java:loadSnapshot(226)) - group-BE1843772DE3: The snapshot info is null. Setting the last applied indexto:(t:0, i:~)
2019-09-19 14:32:40,217 [pool-49-thread-1] INFO  server.RaftServerConfigKeys (ConfUtils.java:logGet(43)) - raft.server.leader.election.timeout = 120s (custom)
2019-09-19 14:32:40,218 [pool-49-thread-1] INFO  server.RaftServerConfigKeys (ConfUtils.java:logGet(43)) - raft.server.log.use.memory = false (default)
2019-09-19 14:32:40,218 [pool-49-thread-1] INFO  server.RaftServerConfigKeys (ConfUtils.java:logGet(43)) - raft.server.log.purge.gap = 1000000 (custom)
2019-09-19 14:32:40,218 [pool-49-thread-1] INFO  server.RaftServerConfigKeys (ConfUtils.java:logGet(43)) - raft.server.log.appender.buffer.byte-limit = 33554432 (custom)
2019-09-19 14:32:40,218 [pool-49-thread-1] INFO  server.RaftServerConfigKeys (ConfUtils.java:logGet(43)) - raft.server.log.segment.size.max = 1048576 (custom)
2019-09-19 14:32:40,218 [pool-49-thread-1] INFO  server.RaftServerConfigKeys (ConfUtils.java:logGet(43)) - raft.server.log.segment.cache.num.max = 2 (custom)
2019-09-19 14:32:40,219 [pool-49-thread-1] INFO  segmented.SegmentedRaftLogWorker (SegmentedRaftLogWorker.java:<init>(172)) - new afe05dc7-b5f4-4b7b-b2b1-a227635ab2f1-SegmentedRaftLogWorker:Storage Directory /workdir/hadoop-ozone/ozonefs/target/test-dir/MiniOzoneClusterImpl-7fd34b2e-4b5a-464b-80ea-73e41b6bd6cd/datanode-2/data/ratis/b3f48134-81d6-49bd-80c0-be1843772de3 for RaftStorage:Storage Directory /workdir/hadoop-ozone/ozonefs/target/test-dir/MiniOzoneClusterImpl-7fd34b2e-4b5a-464b-80ea-73e41b6bd6cd/datanode-2/data/ratis/b3f48134-81d6-49bd-80c0-be1843772de3
2019-09-19 14:32:40,219 [pool-49-thread-1] INFO  server.RaftServerConfigKeys (ConfUtils.java:logGet(43)) - raft.server.log.queue.byte-limit = 2147483647 (custom)
2019-09-19 14:32:40,219 [pool-49-thread-1] INFO  server.RaftServerConfigKeys (ConfUtils.java:logGet(43)) - raft.server.log.queue.element-limit = 1024 (custom)
2019-09-19 14:32:40,219 [pool-49-thread-1] INFO  server.RaftServerConfigKeys (ConfUtils.java:logGet(43)) - raft.server.log.segment.size.max = 1048576 (custom)
2019-09-19 14:32:40,219 [pool-49-thread-1] INFO  server.RaftServerConfigKeys (ConfUtils.java:logGet(43)) - raft.server.log.preallocated.size = 16384 (custom)
2019-09-19 14:32:40,219 [pool-49-thread-1] INFO  server.RaftServerConfigKeys (ConfUtils.java:logGet(43)) - raft.server.log.write.buffer.size = 33554432 (custom)
2019-09-19 14:32:40,220 [pool-49-thread-1] INFO  server.RaftServerConfigKeys (ConfUtils.java:logGet(43)) - raft.server.log.force.sync.num = 128 (default)
2019-09-19 14:32:40,220 [pool-49-thread-1] INFO  server.RaftServerConfigKeys (ConfUtils.java:logGet(43)) - raft.server.log.statemachine.data.sync = true (default)
2019-09-19 14:32:40,220 [pool-49-thread-1] INFO  server.RaftServerConfigKeys (ConfUtils.java:logGet(43)) - raft.server.log.statemachine.data.sync.timeout = 10s (default)
2019-09-19 14:32:40,220 [pool-49-thread-1] INFO  server.RaftServerConfigKeys (ConfUtils.java:logGet(43)) - raft.server.log.statemachine.data.sync.timeout.retry = -1 (default)
2019-09-19 14:32:40,220 [pool-49-thread-1] INFO  server.RaftServerConfigKeys (ConfUtils.java:logGet(43)) - raft.server.log.statemachine.data.caching.enabled = true (custom)
2019-09-19 14:32:40,221 [pool-49-thread-1] INFO  segmented.SegmentedRaftLogWorker (SegmentedRaftLogWorker.java:lambda$new$0(132)) - afe05dc7-b5f4-4b7b-b2b1-a227635ab2f1-SegmentedRaftLogWorker:Storage Directory /workdir/hadoop-ozone/ozonefs/target/test-dir/MiniOzoneClusterImpl-7fd34b2e-4b5a-464b-80ea-73e41b6bd6cd/datanode-2/data/ratis/b3f48134-81d6-49bd-80c0-be1843772de3: flushIndex: setUnconditionally 0 -> -1
2019-09-19 14:32:40,221 [pool-49-thread-1] INFO  server.RaftServerConfigKeys (ConfUtils.java:logGet(43)) - raft.server.snapshot.auto.trigger.enabled = true (custom)
2019-09-19 14:32:40,222 [pool-49-thread-1] INFO  server.RaftServerConfigKeys (ConfUtils.java:logGet(43)) - raft.server.snapshot.auto.trigger.threshold = 10000 (custom)
2019-09-19 14:32:40,222 [pool-49-thread-1] INFO  server.RaftServerConfigKeys (ConfUtils.java:logGet(43)) - raft.server.retrycache.expirytime = 600000ms (custom)
2019-09-19 14:32:40,222 [pool-49-thread-1] INFO  impl.RaftServerImpl (RaftServerImpl.java:start(180)) - afe05dc7-b5f4-4b7b-b2b1-a227635ab2f1: start group-BE1843772DE3
2019-09-19 14:32:40,222 [pool-49-thread-1] INFO  impl.RaftServerImpl (RaftServerImpl.java:setRole(171)) - afe05dc7-b5f4-4b7b-b2b1-a227635ab2f1:group-BE1843772DE3 changes role from null to FOLLOWER at term 0 for startAsFollower
2019-09-19 14:32:40,222 [pool-49-thread-1] INFO  impl.RoleInfo (RoleInfo.java:updateAndGet(143)) - afe05dc7-b5f4-4b7b-b2b1-a227635ab2f1: start FollowerState
2019-09-19 14:32:40,223 [pool-49-thread-1] INFO  util.JmxRegister (JmxRegister.java:tryRegister(44)) - Successfully registered JMX Bean with object name Ratis:service=RaftServer,group=group-BE1843772DE3,id=afe05dc7-b5f4-4b7b-b2b1-a227635ab2f1
2019-09-19 14:32:40,229 [RatisPipelineUtilsThread] INFO  pipeline.PipelineStateManager (PipelineStateManager.java:addPipeline(56)) - Created pipeline Pipeline[ Id: b3f48134-81d6-49bd-80c0-be1843772de3, Nodes: afe05dc7-b5f4-4b7b-b2b1-a227635ab2f1{ip: 192.168.5.132, host: pr-hdds-1569-rzdr8-3403194166, networkLocation: /default-rack, certSerialId: null}, Type:RATIS, Factor:ONE, State:OPEN]
2019-09-19 14:32:40,231 [RatisPipelineUtilsThread] ERROR pipeline.PipelinePlacementPolicy (PipelinePlacementPolicy.java:meetCriteria(91)) - Pipeline Placement: Doesn't meet the criteria to be viable node. Heaviness: 6
2019-09-19 14:32:40,231 [RatisPipelineUtilsThread] ERROR pipeline.PipelinePlacementPolicy (PipelinePlacementPolicy.java:meetCriteria(91)) - Pipeline Placement: Doesn't meet the criteria to be viable node. Heaviness: 6
2019-09-19 14:32:40,240 [grpc-default-executor-1] INFO  impl.RaftServerProxy (RaftServerProxy.java:addNew(89)) - afe05dc7-b5f4-4b7b-b2b1-a227635ab2f1: addNew group-BF00A8AC483C:[afe05dc7-b5f4-4b7b-b2b1-a227635ab2f1:192.168.5.132:43858] returns group-BF00A8AC483C:java.util.concurrent.CompletableFuture@3ca55214[Not completed]
2019-09-19 14:32:40,242 [pool-49-thread-1] INFO  impl.RaftServerImpl (RaftServerImpl.java:<init>(93)) - afe05dc7-b5f4-4b7b-b2b1-a227635ab2f1: new RaftServerImpl for group-BF00A8AC483C:[afe05dc7-b5f4-4b7b-b2b1-a227635ab2f1:192.168.5.132:43858] with ContainerStateMachine:uninitialized
2019-09-19 14:32:40,242 [pool-49-thread-1] INFO  server.RaftServerConfigKeys (ConfUtils.java:logGet(43)) - raft.server.rpc.timeout.min = 5s (custom)
2019-09-19 14:32:40,242 [pool-49-thread-1] INFO  server.RaftServerConfigKeys (ConfUtils.java:logGet(43)) - raft.server.rpc.timeout.max = 5200ms (custom)
2019-09-19 14:32:40,243 [pool-49-thread-1] INFO  server.RaftServerConfigKeys (ConfUtils.java:logGet(43)) - raft.server.rpcslowness.timeout = 120s (custom)
2019-09-19 14:32:40,243 [pool-49-thread-1] INFO  server.RaftServerConfigKeys (ConfUtils.java:logGet(43)) - raft.server.sleep.deviation.threshold = 300 (default)
2019-09-19 14:32:40,243 [pool-49-thread-1] INFO  server.RaftServerConfigKeys (ConfUtils.java:logGet(43)) - raft.server.log.appender.install.snapshot.enabled = false (custom)
2019-09-19 14:32:40,243 [pool-49-thread-1] INFO  impl.RaftServerImpl (ServerState.java:<init>(105)) - afe05dc7-b5f4-4b7b-b2b1-a227635ab2f1:group-BF00A8AC483C ConfigurationManager, init=-1: [afe05dc7-b5f4-4b7b-b2b1-a227635ab2f1:192.168.5.132:43858], old=null, confs=<EMPTY_MAP>
2019-09-19 14:32:40,243 [pool-49-thread-1] INFO  server.RaftServerConfigKeys (ConfUtils.java:logGet(43)) - raft.server.storage.dir = [/workdir/hadoop-ozone/ozonefs/target/test-dir/MiniOzoneClusterImpl-7fd34b2e-4b5a-464b-80ea-73e41b6bd6cd/datanode-2/data/ratis] (custom)
2019-09-19 14:32:40,244 [pool-49-thread-1] INFO  storage.RaftStorageDirectory (RaftStorageDirectory.java:analyzeStorage(246)) - The storage directory /workdir/hadoop-ozone/ozonefs/target/test-dir/MiniOzoneClusterImpl-7fd34b2e-4b5a-464b-80ea-73e41b6bd6cd/datanode-2/data/ratis/65d32ea6-d9af-4b78-87b7-bf00a8ac483c does not exist. Creating ...
2019-09-19 14:32:40,254 | INFO  | SCMAudit | user=jenkins1000 | ip=192.168.5.132 | op=SEND_HEARTBEAT {datanodeUUID=ce50d529-02c7-4d8b-8f37-5cc78bb94e38, command=[]} | ret=SUCCESS |  
2019-09-19 14:32:40,269 [pool-49-thread-1] INFO  storage.RaftStorageDirectory (RaftStorageDirectory.java:tryLock(328)) - Lock on /workdir/hadoop-ozone/ozonefs/target/test-dir/MiniOzoneClusterImpl-7fd34b2e-4b5a-464b-80ea-73e41b6bd6cd/datanode-2/data/ratis/65d32ea6-d9af-4b78-87b7-bf00a8ac483c/in_use.lock acquired by nodename 17492@pr-hdds-1569-rzdr8-3403194166
2019-09-19 14:32:40,292 [pool-49-thread-1] INFO  storage.RaftStorage (RaftStorage.java:format(72)) - Storage directory /workdir/hadoop-ozone/ozonefs/target/test-dir/MiniOzoneClusterImpl-7fd34b2e-4b5a-464b-80ea-73e41b6bd6cd/datanode-2/data/ratis/65d32ea6-d9af-4b78-87b7-bf00a8ac483c has been successfully formatted.
2019-09-19 14:32:40,293 [pool-49-thread-1] INFO  ratis.ContainerStateMachine (ContainerStateMachine.java:loadSnapshot(226)) - group-BF00A8AC483C: The snapshot info is null. Setting the last applied indexto:(t:0, i:~)
2019-09-19 14:32:40,293 [pool-49-thread-1] INFO  server.RaftServerConfigKeys (ConfUtils.java:logGet(43)) - raft.server.leader.election.timeout = 120s (custom)
2019-09-19 14:32:40,293 [pool-49-thread-1] INFO  server.RaftServerConfigKeys (ConfUtils.java:logGet(43)) - raft.server.log.use.memory = false (default)
2019-09-19 14:32:40,293 [pool-49-thread-1] INFO  server.RaftServerConfigKeys (ConfUtils.java:logGet(43)) - raft.server.log.purge.gap = 1000000 (custom)
2019-09-19 14:32:40,293 [pool-49-thread-1] INFO  server.RaftServerConfigKeys (ConfUtils.java:logGet(43)) - raft.server.log.appender.buffer.byte-limit = 33554432 (custom)
2019-09-19 14:32:40,294 [pool-49-thread-1] INFO  server.RaftServerConfigKeys (ConfUtils.java:logGet(43)) - raft.server.log.segment.size.max = 1048576 (custom)
2019-09-19 14:32:40,294 [pool-49-thread-1] INFO  server.RaftServerConfigKeys (ConfUtils.java:logGet(43)) - raft.server.log.segment.cache.num.max = 2 (custom)
2019-09-19 14:32:40,294 [pool-49-thread-1] INFO  segmented.SegmentedRaftLogWorker (SegmentedRaftLogWorker.java:<init>(172)) - new afe05dc7-b5f4-4b7b-b2b1-a227635ab2f1-SegmentedRaftLogWorker:Storage Directory /workdir/hadoop-ozone/ozonefs/target/test-dir/MiniOzoneClusterImpl-7fd34b2e-4b5a-464b-80ea-73e41b6bd6cd/datanode-2/data/ratis/65d32ea6-d9af-4b78-87b7-bf00a8ac483c for RaftStorage:Storage Directory /workdir/hadoop-ozone/ozonefs/target/test-dir/MiniOzoneClusterImpl-7fd34b2e-4b5a-464b-80ea-73e41b6bd6cd/datanode-2/data/ratis/65d32ea6-d9af-4b78-87b7-bf00a8ac483c
2019-09-19 14:32:40,294 [pool-49-thread-1] INFO  server.RaftServerConfigKeys (ConfUtils.java:logGet(43)) - raft.server.log.queue.byte-limit = 2147483647 (custom)
2019-09-19 14:32:40,294 [pool-49-thread-1] INFO  server.RaftServerConfigKeys (ConfUtils.java:logGet(43)) - raft.server.log.queue.element-limit = 1024 (custom)
2019-09-19 14:32:40,294 [pool-49-thread-1] INFO  server.RaftServerConfigKeys (ConfUtils.java:logGet(43)) - raft.server.log.segment.size.max = 1048576 (custom)
2019-09-19 14:32:40,294 [pool-49-thread-1] INFO  server.RaftServerConfigKeys (ConfUtils.java:logGet(43)) - raft.server.log.preallocated.size = 16384 (custom)
2019-09-19 14:32:40,294 [pool-49-thread-1] INFO  server.RaftServerConfigKeys (ConfUtils.java:logGet(43)) - raft.server.log.write.buffer.size = 33554432 (custom)
2019-09-19 14:32:40,294 [pool-49-thread-1] INFO  server.RaftServerConfigKeys (ConfUtils.java:logGet(43)) - raft.server.log.force.sync.num = 128 (default)
2019-09-19 14:32:40,294 [pool-49-thread-1] INFO  server.RaftServerConfigKeys (ConfUtils.java:logGet(43)) - raft.server.log.statemachine.data.sync = true (default)
2019-09-19 14:32:40,295 [pool-49-thread-1] INFO  server.RaftServerConfigKeys (ConfUtils.java:logGet(43)) - raft.server.log.statemachine.data.sync.timeout = 10s (default)
2019-09-19 14:32:40,295 [pool-49-thread-1] INFO  server.RaftServerConfigKeys (ConfUtils.java:logGet(43)) - raft.server.log.statemachine.data.sync.timeout.retry = -1 (default)
2019-09-19 14:32:40,295 [pool-49-thread-1] INFO  server.RaftServerConfigKeys (ConfUtils.java:logGet(43)) - raft.server.log.statemachine.data.caching.enabled = true (custom)
2019-09-19 14:32:40,295 [pool-49-thread-1] INFO  segmented.SegmentedRaftLogWorker (SegmentedRaftLogWorker.java:lambda$new$0(132)) - afe05dc7-b5f4-4b7b-b2b1-a227635ab2f1-SegmentedRaftLogWorker:Storage Directory /workdir/hadoop-ozone/ozonefs/target/test-dir/MiniOzoneClusterImpl-7fd34b2e-4b5a-464b-80ea-73e41b6bd6cd/datanode-2/data/ratis/65d32ea6-d9af-4b78-87b7-bf00a8ac483c: flushIndex: setUnconditionally 0 -> -1
2019-09-19 14:32:40,296 [pool-49-thread-1] INFO  server.RaftServerConfigKeys (ConfUtils.java:logGet(43)) - raft.server.snapshot.auto.trigger.enabled = true (custom)
2019-09-19 14:32:40,296 [pool-49-thread-1] INFO  server.RaftServerConfigKeys (ConfUtils.java:logGet(43)) - raft.server.snapshot.auto.trigger.threshold = 10000 (custom)
2019-09-19 14:32:40,296 [pool-49-thread-1] INFO  server.RaftServerConfigKeys (ConfUtils.java:logGet(43)) - raft.server.retrycache.expirytime = 600000ms (custom)
2019-09-19 14:32:40,296 [pool-49-thread-1] INFO  impl.RaftServerImpl (RaftServerImpl.java:start(180)) - afe05dc7-b5f4-4b7b-b2b1-a227635ab2f1: start group-BF00A8AC483C
2019-09-19 14:32:40,296 [pool-49-thread-1] INFO  impl.RaftServerImpl (RaftServerImpl.java:setRole(171)) - afe05dc7-b5f4-4b7b-b2b1-a227635ab2f1:group-BF00A8AC483C changes role from null to FOLLOWER at term 0 for startAsFollower
2019-09-19 14:32:40,296 [pool-49-thread-1] INFO  impl.RoleInfo (RoleInfo.java:updateAndGet(143)) - afe05dc7-b5f4-4b7b-b2b1-a227635ab2f1: start FollowerState
2019-09-19 14:32:40,297 [pool-49-thread-1] INFO  util.JmxRegister (JmxRegister.java:tryRegister(44)) - Successfully registered JMX Bean with object name Ratis:service=RaftServer,group=group-BF00A8AC483C,id=afe05dc7-b5f4-4b7b-b2b1-a227635ab2f1
2019-09-19 14:32:40,302 [RatisPipelineUtilsThread] INFO  pipeline.PipelineStateManager (PipelineStateManager.java:addPipeline(56)) - Created pipeline Pipeline[ Id: 65d32ea6-d9af-4b78-87b7-bf00a8ac483c, Nodes: afe05dc7-b5f4-4b7b-b2b1-a227635ab2f1{ip: 192.168.5.132, host: pr-hdds-1569-rzdr8-3403194166, networkLocation: /default-rack, certSerialId: null}, Type:RATIS, Factor:ONE, State:OPEN]
2019-09-19 14:32:40,304 [RatisPipelineUtilsThread] ERROR pipeline.PipelinePlacementPolicy (PipelinePlacementPolicy.java:meetCriteria(91)) - Pipeline Placement: Doesn't meet the criteria to be viable node. Heaviness: 6
2019-09-19 14:32:40,304 [RatisPipelineUtilsThread] ERROR pipeline.PipelinePlacementPolicy (PipelinePlacementPolicy.java:meetCriteria(91)) - Pipeline Placement: Doesn't meet the criteria to be viable node. Heaviness: 6
2019-09-19 14:32:40,304 [RatisPipelineUtilsThread] ERROR pipeline.PipelinePlacementPolicy (PipelinePlacementPolicy.java:meetCriteria(91)) - Pipeline Placement: Doesn't meet the criteria to be viable node. Heaviness: 6
2019-09-19 14:32:40,312 [grpc-default-executor-1] INFO  impl.RaftServerProxy (RaftServerProxy.java:addNew(89)) - 570e97a0-06fc-447e-8972-b83f57a17e92: addNew group-BB80E521CF19:[570e97a0-06fc-447e-8972-b83f57a17e92:192.168.5.132:45013] returns group-BB80E521CF19:java.util.concurrent.CompletableFuture@44678da2[Not completed]
2019-09-19 14:32:40,313 [pool-60-thread-1] INFO  impl.RaftServerImpl (RaftServerImpl.java:<init>(93)) - 570e97a0-06fc-447e-8972-b83f57a17e92: new RaftServerImpl for group-BB80E521CF19:[570e97a0-06fc-447e-8972-b83f57a17e92:192.168.5.132:45013] with ContainerStateMachine:uninitialized
2019-09-19 14:32:40,313 [pool-60-thread-1] INFO  server.RaftServerConfigKeys (ConfUtils.java:logGet(43)) - raft.server.rpc.timeout.min = 5s (custom)
2019-09-19 14:32:40,313 [pool-60-thread-1] INFO  server.RaftServerConfigKeys (ConfUtils.java:logGet(43)) - raft.server.rpc.timeout.max = 5200ms (custom)
2019-09-19 14:32:40,313 [pool-60-thread-1] INFO  server.RaftServerConfigKeys (ConfUtils.java:logGet(43)) - raft.server.rpcslowness.timeout = 120s (custom)
2019-09-19 14:32:40,314 [pool-60-thread-1] INFO  server.RaftServerConfigKeys (ConfUtils.java:logGet(43)) - raft.server.sleep.deviation.threshold = 300 (default)
2019-09-19 14:32:40,314 [pool-60-thread-1] INFO  server.RaftServerConfigKeys (ConfUtils.java:logGet(43)) - raft.server.log.appender.install.snapshot.enabled = false (custom)
2019-09-19 14:32:40,314 [pool-60-thread-1] INFO  impl.RaftServerImpl (ServerState.java:<init>(105)) - 570e97a0-06fc-447e-8972-b83f57a17e92:group-BB80E521CF19 ConfigurationManager, init=-1: [570e97a0-06fc-447e-8972-b83f57a17e92:192.168.5.132:45013], old=null, confs=<EMPTY_MAP>
2019-09-19 14:32:40,314 [pool-60-thread-1] INFO  server.RaftServerConfigKeys (ConfUtils.java:logGet(43)) - raft.server.storage.dir = [/workdir/hadoop-ozone/ozonefs/target/test-dir/MiniOzoneClusterImpl-7fd34b2e-4b5a-464b-80ea-73e41b6bd6cd/datanode-3/data/ratis] (custom)
2019-09-19 14:32:40,314 [pool-60-thread-1] INFO  storage.RaftStorageDirectory (RaftStorageDirectory.java:analyzeStorage(246)) - The storage directory /workdir/hadoop-ozone/ozonefs/target/test-dir/MiniOzoneClusterImpl-7fd34b2e-4b5a-464b-80ea-73e41b6bd6cd/datanode-3/data/ratis/4f73cc37-a74f-4ffb-8967-bb80e521cf19 does not exist. Creating ...
2019-09-19 14:32:40,364 [pool-60-thread-1] INFO  storage.RaftStorageDirectory (RaftStorageDirectory.java:tryLock(328)) - Lock on /workdir/hadoop-ozone/ozonefs/target/test-dir/MiniOzoneClusterImpl-7fd34b2e-4b5a-464b-80ea-73e41b6bd6cd/datanode-3/data/ratis/4f73cc37-a74f-4ffb-8967-bb80e521cf19/in_use.lock acquired by nodename 17492@pr-hdds-1569-rzdr8-3403194166
2019-09-19 14:32:40,379 [pool-60-thread-1] INFO  storage.RaftStorage (RaftStorage.java:format(72)) - Storage directory /workdir/hadoop-ozone/ozonefs/target/test-dir/MiniOzoneClusterImpl-7fd34b2e-4b5a-464b-80ea-73e41b6bd6cd/datanode-3/data/ratis/4f73cc37-a74f-4ffb-8967-bb80e521cf19 has been successfully formatted.
2019-09-19 14:32:40,380 [pool-60-thread-1] INFO  ratis.ContainerStateMachine (ContainerStateMachine.java:loadSnapshot(226)) - group-BB80E521CF19: The snapshot info is null. Setting the last applied indexto:(t:0, i:~)
2019-09-19 14:32:40,380 [pool-60-thread-1] INFO  server.RaftServerConfigKeys (ConfUtils.java:logGet(43)) - raft.server.leader.election.timeout = 120s (custom)
2019-09-19 14:32:40,380 [pool-60-thread-1] INFO  server.RaftServerConfigKeys (ConfUtils.java:logGet(43)) - raft.server.log.use.memory = false (default)
2019-09-19 14:32:40,381 [pool-60-thread-1] INFO  server.RaftServerConfigKeys (ConfUtils.java:logGet(43)) - raft.server.log.purge.gap = 1000000 (custom)
2019-09-19 14:32:40,381 [pool-60-thread-1] INFO  server.RaftServerConfigKeys (ConfUtils.java:logGet(43)) - raft.server.log.appender.buffer.byte-limit = 33554432 (custom)
2019-09-19 14:32:40,381 [pool-60-thread-1] INFO  server.RaftServerConfigKeys (ConfUtils.java:logGet(43)) - raft.server.log.segment.size.max = 1048576 (custom)
2019-09-19 14:32:40,381 [pool-60-thread-1] INFO  server.RaftServerConfigKeys (ConfUtils.java:logGet(43)) - raft.server.log.segment.cache.num.max = 2 (custom)
2019-09-19 14:32:40,382 [pool-60-thread-1] INFO  segmented.SegmentedRaftLogWorker (SegmentedRaftLogWorker.java:<init>(172)) - new 570e97a0-06fc-447e-8972-b83f57a17e92-SegmentedRaftLogWorker:Storage Directory /workdir/hadoop-ozone/ozonefs/target/test-dir/MiniOzoneClusterImpl-7fd34b2e-4b5a-464b-80ea-73e41b6bd6cd/datanode-3/data/ratis/4f73cc37-a74f-4ffb-8967-bb80e521cf19 for RaftStorage:Storage Directory /workdir/hadoop-ozone/ozonefs/target/test-dir/MiniOzoneClusterImpl-7fd34b2e-4b5a-464b-80ea-73e41b6bd6cd/datanode-3/data/ratis/4f73cc37-a74f-4ffb-8967-bb80e521cf19
2019-09-19 14:32:40,382 [pool-60-thread-1] INFO  server.RaftServerConfigKeys (ConfUtils.java:logGet(43)) - raft.server.log.queue.byte-limit = 2147483647 (custom)
2019-09-19 14:32:40,382 [pool-60-thread-1] INFO  server.RaftServerConfigKeys (ConfUtils.java:logGet(43)) - raft.server.log.queue.element-limit = 1024 (custom)
2019-09-19 14:32:40,382 [pool-60-thread-1] INFO  server.RaftServerConfigKeys (ConfUtils.java:logGet(43)) - raft.server.log.segment.size.max = 1048576 (custom)
2019-09-19 14:32:40,383 [pool-60-thread-1] INFO  server.RaftServerConfigKeys (ConfUtils.java:logGet(43)) - raft.server.log.preallocated.size = 16384 (custom)
2019-09-19 14:32:40,383 [pool-60-thread-1] INFO  server.RaftServerConfigKeys (ConfUtils.java:logGet(43)) - raft.server.log.write.buffer.size = 33554432 (custom)
2019-09-19 14:32:40,383 [pool-60-thread-1] INFO  server.RaftServerConfigKeys (ConfUtils.java:logGet(43)) - raft.server.log.force.sync.num = 128 (default)
2019-09-19 14:32:40,383 [pool-60-thread-1] INFO  server.RaftServerConfigKeys (ConfUtils.java:logGet(43)) - raft.server.log.statemachine.data.sync = true (default)
2019-09-19 14:32:40,383 [pool-60-thread-1] INFO  server.RaftServerConfigKeys (ConfUtils.java:logGet(43)) - raft.server.log.statemachine.data.sync.timeout = 10s (default)
2019-09-19 14:32:40,384 [pool-60-thread-1] INFO  server.RaftServerConfigKeys (ConfUtils.java:logGet(43)) - raft.server.log.statemachine.data.sync.timeout.retry = -1 (default)
2019-09-19 14:32:40,384 [pool-60-thread-1] INFO  server.RaftServerConfigKeys (ConfUtils.java:logGet(43)) - raft.server.log.statemachine.data.caching.enabled = true (custom)
2019-09-19 14:32:40,385 [pool-60-thread-1] INFO  segmented.SegmentedRaftLogWorker (SegmentedRaftLogWorker.java:lambda$new$0(132)) - 570e97a0-06fc-447e-8972-b83f57a17e92-SegmentedRaftLogWorker:Storage Directory /workdir/hadoop-ozone/ozonefs/target/test-dir/MiniOzoneClusterImpl-7fd34b2e-4b5a-464b-80ea-73e41b6bd6cd/datanode-3/data/ratis/4f73cc37-a74f-4ffb-8967-bb80e521cf19: flushIndex: setUnconditionally 0 -> -1
2019-09-19 14:32:40,385 [pool-60-thread-1] INFO  server.RaftServerConfigKeys (ConfUtils.java:logGet(43)) - raft.server.snapshot.auto.trigger.enabled = true (custom)
2019-09-19 14:32:40,385 [pool-60-thread-1] INFO  server.RaftServerConfigKeys (ConfUtils.java:logGet(43)) - raft.server.snapshot.auto.trigger.threshold = 10000 (custom)
2019-09-19 14:32:40,386 [pool-60-thread-1] INFO  server.RaftServerConfigKeys (ConfUtils.java:logGet(43)) - raft.server.retrycache.expirytime = 600000ms (custom)
2019-09-19 14:32:40,386 [pool-60-thread-1] INFO  impl.RaftServerImpl (RaftServerImpl.java:start(180)) - 570e97a0-06fc-447e-8972-b83f57a17e92: start group-BB80E521CF19
2019-09-19 14:32:40,386 [pool-60-thread-1] INFO  impl.RaftServerImpl (RaftServerImpl.java:setRole(171)) - 570e97a0-06fc-447e-8972-b83f57a17e92:group-BB80E521CF19 changes role from null to FOLLOWER at term 0 for startAsFollower
2019-09-19 14:32:40,386 [pool-60-thread-1] INFO  impl.RoleInfo (RoleInfo.java:updateAndGet(143)) - 570e97a0-06fc-447e-8972-b83f57a17e92: start FollowerState
2019-09-19 14:32:40,387 [pool-60-thread-1] INFO  util.JmxRegister (JmxRegister.java:tryRegister(44)) - Successfully registered JMX Bean with object name Ratis:service=RaftServer,group=group-BB80E521CF19,id=570e97a0-06fc-447e-8972-b83f57a17e92
2019-09-19 14:32:40,393 [RatisPipelineUtilsThread] INFO  pipeline.PipelineStateManager (PipelineStateManager.java:addPipeline(56)) - Created pipeline Pipeline[ Id: 4f73cc37-a74f-4ffb-8967-bb80e521cf19, Nodes: 570e97a0-06fc-447e-8972-b83f57a17e92{ip: 192.168.5.132, host: pr-hdds-1569-rzdr8-3403194166, networkLocation: /default-rack, certSerialId: null}, Type:RATIS, Factor:ONE, State:OPEN]
2019-09-19 14:32:40,394 [RatisPipelineUtilsThread] ERROR pipeline.PipelinePlacementPolicy (PipelinePlacementPolicy.java:meetCriteria(91)) - Pipeline Placement: Doesn't meet the criteria to be viable node. Heaviness: 6
2019-09-19 14:32:40,394 [RatisPipelineUtilsThread] ERROR pipeline.PipelinePlacementPolicy (PipelinePlacementPolicy.java:meetCriteria(91)) - Pipeline Placement: Doesn't meet the criteria to be viable node. Heaviness: 6
2019-09-19 14:32:40,394 [RatisPipelineUtilsThread] ERROR pipeline.PipelinePlacementPolicy (PipelinePlacementPolicy.java:meetCriteria(91)) - Pipeline Placement: Doesn't meet the criteria to be viable node. Heaviness: 6
2019-09-19 14:32:40,403 [grpc-default-executor-1] INFO  impl.RaftServerProxy (RaftServerProxy.java:addNew(89)) - 570e97a0-06fc-447e-8972-b83f57a17e92: addNew group-48C0662C032E:[570e97a0-06fc-447e-8972-b83f57a17e92:192.168.5.132:45013] returns group-48C0662C032E:java.util.concurrent.CompletableFuture@1488a920[Not completed]
2019-09-19 14:32:40,405 [pool-60-thread-1] INFO  impl.RaftServerImpl (RaftServerImpl.java:<init>(93)) - 570e97a0-06fc-447e-8972-b83f57a17e92: new RaftServerImpl for group-48C0662C032E:[570e97a0-06fc-447e-8972-b83f57a17e92:192.168.5.132:45013] with ContainerStateMachine:uninitialized
2019-09-19 14:32:40,405 [pool-60-thread-1] INFO  server.RaftServerConfigKeys (ConfUtils.java:logGet(43)) - raft.server.rpc.timeout.min = 5s (custom)
2019-09-19 14:32:40,405 [pool-60-thread-1] INFO  server.RaftServerConfigKeys (ConfUtils.java:logGet(43)) - raft.server.rpc.timeout.max = 5200ms (custom)
2019-09-19 14:32:40,406 [pool-60-thread-1] INFO  server.RaftServerConfigKeys (ConfUtils.java:logGet(43)) - raft.server.rpcslowness.timeout = 120s (custom)
2019-09-19 14:32:40,406 [pool-60-thread-1] INFO  server.RaftServerConfigKeys (ConfUtils.java:logGet(43)) - raft.server.sleep.deviation.threshold = 300 (default)
2019-09-19 14:32:40,406 [pool-60-thread-1] INFO  server.RaftServerConfigKeys (ConfUtils.java:logGet(43)) - raft.server.log.appender.install.snapshot.enabled = false (custom)
2019-09-19 14:32:40,406 [pool-60-thread-1] INFO  impl.RaftServerImpl (ServerState.java:<init>(105)) - 570e97a0-06fc-447e-8972-b83f57a17e92:group-48C0662C032E ConfigurationManager, init=-1: [570e97a0-06fc-447e-8972-b83f57a17e92:192.168.5.132:45013], old=null, confs=<EMPTY_MAP>
2019-09-19 14:32:40,406 [pool-60-thread-1] INFO  server.RaftServerConfigKeys (ConfUtils.java:logGet(43)) - raft.server.storage.dir = [/workdir/hadoop-ozone/ozonefs/target/test-dir/MiniOzoneClusterImpl-7fd34b2e-4b5a-464b-80ea-73e41b6bd6cd/datanode-3/data/ratis] (custom)
2019-09-19 14:32:40,407 [pool-60-thread-1] INFO  storage.RaftStorageDirectory (RaftStorageDirectory.java:analyzeStorage(246)) - The storage directory /workdir/hadoop-ozone/ozonefs/target/test-dir/MiniOzoneClusterImpl-7fd34b2e-4b5a-464b-80ea-73e41b6bd6cd/datanode-3/data/ratis/bb69e990-9a55-4a27-baf7-48c0662c032e does not exist. Creating ...
2019-09-19 14:32:40,420 [pool-60-thread-1] INFO  storage.RaftStorageDirectory (RaftStorageDirectory.java:tryLock(328)) - Lock on /workdir/hadoop-ozone/ozonefs/target/test-dir/MiniOzoneClusterImpl-7fd34b2e-4b5a-464b-80ea-73e41b6bd6cd/datanode-3/data/ratis/bb69e990-9a55-4a27-baf7-48c0662c032e/in_use.lock acquired by nodename 17492@pr-hdds-1569-rzdr8-3403194166
2019-09-19 14:32:40,433 [pool-60-thread-1] INFO  storage.RaftStorage (RaftStorage.java:format(72)) - Storage directory /workdir/hadoop-ozone/ozonefs/target/test-dir/MiniOzoneClusterImpl-7fd34b2e-4b5a-464b-80ea-73e41b6bd6cd/datanode-3/data/ratis/bb69e990-9a55-4a27-baf7-48c0662c032e has been successfully formatted.
2019-09-19 14:32:40,434 [pool-60-thread-1] INFO  ratis.ContainerStateMachine (ContainerStateMachine.java:loadSnapshot(226)) - group-48C0662C032E: The snapshot info is null. Setting the last applied indexto:(t:0, i:~)
2019-09-19 14:32:40,434 [pool-60-thread-1] INFO  server.RaftServerConfigKeys (ConfUtils.java:logGet(43)) - raft.server.leader.election.timeout = 120s (custom)
2019-09-19 14:32:40,434 [pool-60-thread-1] INFO  server.RaftServerConfigKeys (ConfUtils.java:logGet(43)) - raft.server.log.use.memory = false (default)
2019-09-19 14:32:40,434 [pool-60-thread-1] INFO  server.RaftServerConfigKeys (ConfUtils.java:logGet(43)) - raft.server.log.purge.gap = 1000000 (custom)
2019-09-19 14:32:40,434 [pool-60-thread-1] INFO  server.RaftServerConfigKeys (ConfUtils.java:logGet(43)) - raft.server.log.appender.buffer.byte-limit = 33554432 (custom)
2019-09-19 14:32:40,434 [pool-60-thread-1] INFO  server.RaftServerConfigKeys (ConfUtils.java:logGet(43)) - raft.server.log.segment.size.max = 1048576 (custom)
2019-09-19 14:32:40,434 [pool-60-thread-1] INFO  server.RaftServerConfigKeys (ConfUtils.java:logGet(43)) - raft.server.log.segment.cache.num.max = 2 (custom)
2019-09-19 14:32:40,435 [pool-60-thread-1] INFO  segmented.SegmentedRaftLogWorker (SegmentedRaftLogWorker.java:<init>(172)) - new 570e97a0-06fc-447e-8972-b83f57a17e92-SegmentedRaftLogWorker:Storage Directory /workdir/hadoop-ozone/ozonefs/target/test-dir/MiniOzoneClusterImpl-7fd34b2e-4b5a-464b-80ea-73e41b6bd6cd/datanode-3/data/ratis/bb69e990-9a55-4a27-baf7-48c0662c032e for RaftStorage:Storage Directory /workdir/hadoop-ozone/ozonefs/target/test-dir/MiniOzoneClusterImpl-7fd34b2e-4b5a-464b-80ea-73e41b6bd6cd/datanode-3/data/ratis/bb69e990-9a55-4a27-baf7-48c0662c032e
2019-09-19 14:32:40,435 [pool-60-thread-1] INFO  server.RaftServerConfigKeys (ConfUtils.java:logGet(43)) - raft.server.log.queue.byte-limit = 2147483647 (custom)
2019-09-19 14:32:40,435 [pool-60-thread-1] INFO  server.RaftServerConfigKeys (ConfUtils.java:logGet(43)) - raft.server.log.queue.element-limit = 1024 (custom)
2019-09-19 14:32:40,435 [pool-60-thread-1] INFO  server.RaftServerConfigKeys (ConfUtils.java:logGet(43)) - raft.server.log.segment.size.max = 1048576 (custom)
2019-09-19 14:32:40,435 [pool-60-thread-1] INFO  server.RaftServerConfigKeys (ConfUtils.java:logGet(43)) - raft.server.log.preallocated.size = 16384 (custom)
2019-09-19 14:32:40,435 [pool-60-thread-1] INFO  server.RaftServerConfigKeys (ConfUtils.java:logGet(43)) - raft.server.log.write.buffer.size = 33554432 (custom)
2019-09-19 14:32:40,435 [pool-60-thread-1] INFO  server.RaftServerConfigKeys (ConfUtils.java:logGet(43)) - raft.server.log.force.sync.num = 128 (default)
2019-09-19 14:32:40,435 [pool-60-thread-1] INFO  server.RaftServerConfigKeys (ConfUtils.java:logGet(43)) - raft.server.log.statemachine.data.sync = true (default)
2019-09-19 14:32:40,435 [pool-60-thread-1] INFO  server.RaftServerConfigKeys (ConfUtils.java:logGet(43)) - raft.server.log.statemachine.data.sync.timeout = 10s (default)
2019-09-19 14:32:40,436 [pool-60-thread-1] INFO  server.RaftServerConfigKeys (ConfUtils.java:logGet(43)) - raft.server.log.statemachine.data.sync.timeout.retry = -1 (default)
2019-09-19 14:32:40,436 [pool-60-thread-1] INFO  server.RaftServerConfigKeys (ConfUtils.java:logGet(43)) - raft.server.log.statemachine.data.caching.enabled = true (custom)
2019-09-19 14:32:40,436 [pool-60-thread-1] INFO  segmented.SegmentedRaftLogWorker (SegmentedRaftLogWorker.java:lambda$new$0(132)) - 570e97a0-06fc-447e-8972-b83f57a17e92-SegmentedRaftLogWorker:Storage Directory /workdir/hadoop-ozone/ozonefs/target/test-dir/MiniOzoneClusterImpl-7fd34b2e-4b5a-464b-80ea-73e41b6bd6cd/datanode-3/data/ratis/bb69e990-9a55-4a27-baf7-48c0662c032e: flushIndex: setUnconditionally 0 -> -1
2019-09-19 14:32:40,436 [pool-60-thread-1] INFO  server.RaftServerConfigKeys (ConfUtils.java:logGet(43)) - raft.server.snapshot.auto.trigger.enabled = true (custom)
2019-09-19 14:32:40,437 [pool-60-thread-1] INFO  server.RaftServerConfigKeys (ConfUtils.java:logGet(43)) - raft.server.snapshot.auto.trigger.threshold = 10000 (custom)
2019-09-19 14:32:40,437 [pool-60-thread-1] INFO  server.RaftServerConfigKeys (ConfUtils.java:logGet(43)) - raft.server.retrycache.expirytime = 600000ms (custom)
2019-09-19 14:32:40,437 [pool-60-thread-1] INFO  impl.RaftServerImpl (RaftServerImpl.java:start(180)) - 570e97a0-06fc-447e-8972-b83f57a17e92: start group-48C0662C032E
2019-09-19 14:32:40,437 [pool-60-thread-1] INFO  impl.RaftServerImpl (RaftServerImpl.java:setRole(171)) - 570e97a0-06fc-447e-8972-b83f57a17e92:group-48C0662C032E changes role from null to FOLLOWER at term 0 for startAsFollower
2019-09-19 14:32:40,437 [pool-60-thread-1] INFO  impl.RoleInfo (RoleInfo.java:updateAndGet(143)) - 570e97a0-06fc-447e-8972-b83f57a17e92: start FollowerState
2019-09-19 14:32:40,438 [pool-60-thread-1] INFO  util.JmxRegister (JmxRegister.java:tryRegister(44)) - Successfully registered JMX Bean with object name Ratis:service=RaftServer,group=group-48C0662C032E,id=570e97a0-06fc-447e-8972-b83f57a17e92
2019-09-19 14:32:40,443 [RatisPipelineUtilsThread] INFO  pipeline.PipelineStateManager (PipelineStateManager.java:addPipeline(56)) - Created pipeline Pipeline[ Id: bb69e990-9a55-4a27-baf7-48c0662c032e, Nodes: 570e97a0-06fc-447e-8972-b83f57a17e92{ip: 192.168.5.132, host: pr-hdds-1569-rzdr8-3403194166, networkLocation: /default-rack, certSerialId: null}, Type:RATIS, Factor:ONE, State:OPEN]
2019-09-19 14:32:40,445 [RatisPipelineUtilsThread] ERROR pipeline.PipelinePlacementPolicy (PipelinePlacementPolicy.java:meetCriteria(91)) - Pipeline Placement: Doesn't meet the criteria to be viable node. Heaviness: 6
2019-09-19 14:32:40,445 [RatisPipelineUtilsThread] ERROR pipeline.PipelinePlacementPolicy (PipelinePlacementPolicy.java:meetCriteria(91)) - Pipeline Placement: Doesn't meet the criteria to be viable node. Heaviness: 6
2019-09-19 14:32:40,446 [RatisPipelineUtilsThread] ERROR pipeline.PipelinePlacementPolicy (PipelinePlacementPolicy.java:meetCriteria(91)) - Pipeline Placement: Doesn't meet the criteria to be viable node. Heaviness: 6
2019-09-19 14:32:40,446 [RatisPipelineUtilsThread] ERROR pipeline.PipelinePlacementPolicy (PipelinePlacementPolicy.java:meetCriteria(91)) - Pipeline Placement: Doesn't meet the criteria to be viable node. Heaviness: 6
2019-09-19 14:32:40,455 [grpc-default-executor-1] INFO  impl.RaftServerProxy (RaftServerProxy.java:addNew(89)) - 6869628d-08da-4946-b9e3-2b0ea0688e78: addNew group-2F4FB4A954AA:[6869628d-08da-4946-b9e3-2b0ea0688e78:192.168.5.132:37368] returns group-2F4FB4A954AA:java.util.concurrent.CompletableFuture@5f632208[Not completed]
2019-09-19 14:32:40,457 [pool-71-thread-1] INFO  impl.RaftServerImpl (RaftServerImpl.java:<init>(93)) - 6869628d-08da-4946-b9e3-2b0ea0688e78: new RaftServerImpl for group-2F4FB4A954AA:[6869628d-08da-4946-b9e3-2b0ea0688e78:192.168.5.132:37368] with ContainerStateMachine:uninitialized
2019-09-19 14:32:40,457 [pool-71-thread-1] INFO  server.RaftServerConfigKeys (ConfUtils.java:logGet(43)) - raft.server.rpc.timeout.min = 5s (custom)
2019-09-19 14:32:40,457 [pool-71-thread-1] INFO  server.RaftServerConfigKeys (ConfUtils.java:logGet(43)) - raft.server.rpc.timeout.max = 5200ms (custom)
2019-09-19 14:32:40,458 [pool-71-thread-1] INFO  server.RaftServerConfigKeys (ConfUtils.java:logGet(43)) - raft.server.rpcslowness.timeout = 120s (custom)
2019-09-19 14:32:40,458 [pool-71-thread-1] INFO  server.RaftServerConfigKeys (ConfUtils.java:logGet(43)) - raft.server.sleep.deviation.threshold = 300 (default)
2019-09-19 14:32:40,458 [pool-71-thread-1] INFO  server.RaftServerConfigKeys (ConfUtils.java:logGet(43)) - raft.server.log.appender.install.snapshot.enabled = false (custom)
2019-09-19 14:32:40,458 [pool-71-thread-1] INFO  impl.RaftServerImpl (ServerState.java:<init>(105)) - 6869628d-08da-4946-b9e3-2b0ea0688e78:group-2F4FB4A954AA ConfigurationManager, init=-1: [6869628d-08da-4946-b9e3-2b0ea0688e78:192.168.5.132:37368], old=null, confs=<EMPTY_MAP>
2019-09-19 14:32:40,458 [pool-71-thread-1] INFO  server.RaftServerConfigKeys (ConfUtils.java:logGet(43)) - raft.server.storage.dir = [/workdir/hadoop-ozone/ozonefs/target/test-dir/MiniOzoneClusterImpl-7fd34b2e-4b5a-464b-80ea-73e41b6bd6cd/datanode-4/data/ratis] (custom)
2019-09-19 14:32:40,459 [pool-71-thread-1] INFO  storage.RaftStorageDirectory (RaftStorageDirectory.java:analyzeStorage(246)) - The storage directory /workdir/hadoop-ozone/ozonefs/target/test-dir/MiniOzoneClusterImpl-7fd34b2e-4b5a-464b-80ea-73e41b6bd6cd/datanode-4/data/ratis/649d3e1a-b08a-4d44-b61a-2f4fb4a954aa does not exist. Creating ...
2019-09-19 14:32:40,472 [pool-71-thread-1] INFO  storage.RaftStorageDirectory (RaftStorageDirectory.java:tryLock(328)) - Lock on /workdir/hadoop-ozone/ozonefs/target/test-dir/MiniOzoneClusterImpl-7fd34b2e-4b5a-464b-80ea-73e41b6bd6cd/datanode-4/data/ratis/649d3e1a-b08a-4d44-b61a-2f4fb4a954aa/in_use.lock acquired by nodename 17492@pr-hdds-1569-rzdr8-3403194166
2019-09-19 14:32:40,485 [pool-71-thread-1] INFO  storage.RaftStorage (RaftStorage.java:format(72)) - Storage directory /workdir/hadoop-ozone/ozonefs/target/test-dir/MiniOzoneClusterImpl-7fd34b2e-4b5a-464b-80ea-73e41b6bd6cd/datanode-4/data/ratis/649d3e1a-b08a-4d44-b61a-2f4fb4a954aa has been successfully formatted.
2019-09-19 14:32:40,485 [pool-71-thread-1] INFO  ratis.ContainerStateMachine (ContainerStateMachine.java:loadSnapshot(226)) - group-2F4FB4A954AA: The snapshot info is null. Setting the last applied indexto:(t:0, i:~)
2019-09-19 14:32:40,485 [pool-71-thread-1] INFO  server.RaftServerConfigKeys (ConfUtils.java:logGet(43)) - raft.server.leader.election.timeout = 120s (custom)
2019-09-19 14:32:40,486 [pool-71-thread-1] INFO  server.RaftServerConfigKeys (ConfUtils.java:logGet(43)) - raft.server.log.use.memory = false (default)
2019-09-19 14:32:40,486 [pool-71-thread-1] INFO  server.RaftServerConfigKeys (ConfUtils.java:logGet(43)) - raft.server.log.purge.gap = 1000000 (custom)
2019-09-19 14:32:40,486 [pool-71-thread-1] INFO  server.RaftServerConfigKeys (ConfUtils.java:logGet(43)) - raft.server.log.appender.buffer.byte-limit = 33554432 (custom)
2019-09-19 14:32:40,486 [pool-71-thread-1] INFO  server.RaftServerConfigKeys (ConfUtils.java:logGet(43)) - raft.server.log.segment.size.max = 1048576 (custom)
2019-09-19 14:32:40,486 [pool-71-thread-1] INFO  server.RaftServerConfigKeys (ConfUtils.java:logGet(43)) - raft.server.log.segment.cache.num.max = 2 (custom)
2019-09-19 14:32:40,486 [pool-71-thread-1] INFO  segmented.SegmentedRaftLogWorker (SegmentedRaftLogWorker.java:<init>(172)) - new 6869628d-08da-4946-b9e3-2b0ea0688e78-SegmentedRaftLogWorker:Storage Directory /workdir/hadoop-ozone/ozonefs/target/test-dir/MiniOzoneClusterImpl-7fd34b2e-4b5a-464b-80ea-73e41b6bd6cd/datanode-4/data/ratis/649d3e1a-b08a-4d44-b61a-2f4fb4a954aa for RaftStorage:Storage Directory /workdir/hadoop-ozone/ozonefs/target/test-dir/MiniOzoneClusterImpl-7fd34b2e-4b5a-464b-80ea-73e41b6bd6cd/datanode-4/data/ratis/649d3e1a-b08a-4d44-b61a-2f4fb4a954aa
2019-09-19 14:32:40,487 [pool-71-thread-1] INFO  server.RaftServerConfigKeys (ConfUtils.java:logGet(43)) - raft.server.log.queue.byte-limit = 2147483647 (custom)
2019-09-19 14:32:40,487 [pool-71-thread-1] INFO  server.RaftServerConfigKeys (ConfUtils.java:logGet(43)) - raft.server.log.queue.element-limit = 1024 (custom)
2019-09-19 14:32:40,487 [pool-71-thread-1] INFO  server.RaftServerConfigKeys (ConfUtils.java:logGet(43)) - raft.server.log.segment.size.max = 1048576 (custom)
2019-09-19 14:32:40,487 [pool-71-thread-1] INFO  server.RaftServerConfigKeys (ConfUtils.java:logGet(43)) - raft.server.log.preallocated.size = 16384 (custom)
2019-09-19 14:32:40,487 [pool-71-thread-1] INFO  server.RaftServerConfigKeys (ConfUtils.java:logGet(43)) - raft.server.log.write.buffer.size = 33554432 (custom)
2019-09-19 14:32:40,487 [pool-71-thread-1] INFO  server.RaftServerConfigKeys (ConfUtils.java:logGet(43)) - raft.server.log.force.sync.num = 128 (default)
2019-09-19 14:32:40,488 [pool-71-thread-1] INFO  server.RaftServerConfigKeys (ConfUtils.java:logGet(43)) - raft.server.log.statemachine.data.sync = true (default)
2019-09-19 14:32:40,488 [pool-71-thread-1] INFO  server.RaftServerConfigKeys (ConfUtils.java:logGet(43)) - raft.server.log.statemachine.data.sync.timeout = 10s (default)
2019-09-19 14:32:40,488 [pool-71-thread-1] INFO  server.RaftServerConfigKeys (ConfUtils.java:logGet(43)) - raft.server.log.statemachine.data.sync.timeout.retry = -1 (default)
2019-09-19 14:32:40,488 [pool-71-thread-1] INFO  server.RaftServerConfigKeys (ConfUtils.java:logGet(43)) - raft.server.log.statemachine.data.caching.enabled = true (custom)
2019-09-19 14:32:40,489 [pool-71-thread-1] INFO  segmented.SegmentedRaftLogWorker (SegmentedRaftLogWorker.java:lambda$new$0(132)) - 6869628d-08da-4946-b9e3-2b0ea0688e78-SegmentedRaftLogWorker:Storage Directory /workdir/hadoop-ozone/ozonefs/target/test-dir/MiniOzoneClusterImpl-7fd34b2e-4b5a-464b-80ea-73e41b6bd6cd/datanode-4/data/ratis/649d3e1a-b08a-4d44-b61a-2f4fb4a954aa: flushIndex: setUnconditionally 0 -> -1
2019-09-19 14:32:40,489 [pool-71-thread-1] INFO  server.RaftServerConfigKeys (ConfUtils.java:logGet(43)) - raft.server.snapshot.auto.trigger.enabled = true (custom)
2019-09-19 14:32:40,489 [pool-71-thread-1] INFO  server.RaftServerConfigKeys (ConfUtils.java:logGet(43)) - raft.server.snapshot.auto.trigger.threshold = 10000 (custom)
2019-09-19 14:32:40,489 [pool-71-thread-1] INFO  server.RaftServerConfigKeys (ConfUtils.java:logGet(43)) - raft.server.retrycache.expirytime = 600000ms (custom)
2019-09-19 14:32:40,490 [pool-71-thread-1] INFO  impl.RaftServerImpl (RaftServerImpl.java:start(180)) - 6869628d-08da-4946-b9e3-2b0ea0688e78: start group-2F4FB4A954AA
2019-09-19 14:32:40,490 [pool-71-thread-1] INFO  impl.RaftServerImpl (RaftServerImpl.java:setRole(171)) - 6869628d-08da-4946-b9e3-2b0ea0688e78:group-2F4FB4A954AA changes role from null to FOLLOWER at term 0 for startAsFollower
2019-09-19 14:32:40,490 [pool-71-thread-1] INFO  impl.RoleInfo (RoleInfo.java:updateAndGet(143)) - 6869628d-08da-4946-b9e3-2b0ea0688e78: start FollowerState
2019-09-19 14:32:40,490 [pool-71-thread-1] INFO  util.JmxRegister (JmxRegister.java:tryRegister(44)) - Successfully registered JMX Bean with object name Ratis:service=RaftServer,group=group-2F4FB4A954AA,id=6869628d-08da-4946-b9e3-2b0ea0688e78
2019-09-19 14:32:40,496 [RatisPipelineUtilsThread] INFO  pipeline.PipelineStateManager (PipelineStateManager.java:addPipeline(56)) - Created pipeline Pipeline[ Id: 649d3e1a-b08a-4d44-b61a-2f4fb4a954aa, Nodes: 6869628d-08da-4946-b9e3-2b0ea0688e78{ip: 192.168.5.132, host: pr-hdds-1569-rzdr8-3403194166, networkLocation: /default-rack, certSerialId: null}, Type:RATIS, Factor:ONE, State:OPEN]
2019-09-19 14:32:40,499 [RatisPipelineUtilsThread] ERROR pipeline.PipelinePlacementPolicy (PipelinePlacementPolicy.java:meetCriteria(91)) - Pipeline Placement: Doesn't meet the criteria to be viable node. Heaviness: 6
2019-09-19 14:32:40,499 [RatisPipelineUtilsThread] ERROR pipeline.PipelinePlacementPolicy (PipelinePlacementPolicy.java:meetCriteria(91)) - Pipeline Placement: Doesn't meet the criteria to be viable node. Heaviness: 6
2019-09-19 14:32:40,501 [RatisPipelineUtilsThread] ERROR pipeline.PipelinePlacementPolicy (PipelinePlacementPolicy.java:meetCriteria(91)) - Pipeline Placement: Doesn't meet the criteria to be viable node. Heaviness: 6
2019-09-19 14:32:40,501 [RatisPipelineUtilsThread] ERROR pipeline.PipelinePlacementPolicy (PipelinePlacementPolicy.java:meetCriteria(91)) - Pipeline Placement: Doesn't meet the criteria to be viable node. Heaviness: 6
2019-09-19 14:32:40,501 | INFO  | SCMAudit | user=jenkins1000 | ip=192.168.5.132 | op=SEND_HEARTBEAT {datanodeUUID=afe05dc7-b5f4-4b7b-b2b1-a227635ab2f1, command=[]} | ret=SUCCESS |  
2019-09-19 14:32:40,518 [grpc-default-executor-1] INFO  impl.RaftServerProxy (RaftServerProxy.java:addNew(89)) - 6869628d-08da-4946-b9e3-2b0ea0688e78: addNew group-84D9021D996B:[6869628d-08da-4946-b9e3-2b0ea0688e78:192.168.5.132:37368] returns group-84D9021D996B:java.util.concurrent.CompletableFuture@57f5e8c4[Not completed]
2019-09-19 14:32:40,519 [pool-71-thread-1] INFO  impl.RaftServerImpl (RaftServerImpl.java:<init>(93)) - 6869628d-08da-4946-b9e3-2b0ea0688e78: new RaftServerImpl for group-84D9021D996B:[6869628d-08da-4946-b9e3-2b0ea0688e78:192.168.5.132:37368] with ContainerStateMachine:uninitialized
2019-09-19 14:32:40,520 [pool-71-thread-1] INFO  server.RaftServerConfigKeys (ConfUtils.java:logGet(43)) - raft.server.rpc.timeout.min = 5s (custom)
2019-09-19 14:32:40,520 [pool-71-thread-1] INFO  server.RaftServerConfigKeys (ConfUtils.java:logGet(43)) - raft.server.rpc.timeout.max = 5200ms (custom)
2019-09-19 14:32:40,520 [pool-71-thread-1] INFO  server.RaftServerConfigKeys (ConfUtils.java:logGet(43)) - raft.server.rpcslowness.timeout = 120s (custom)
2019-09-19 14:32:40,520 [pool-71-thread-1] INFO  server.RaftServerConfigKeys (ConfUtils.java:logGet(43)) - raft.server.sleep.deviation.threshold = 300 (default)
2019-09-19 14:32:40,520 [pool-71-thread-1] INFO  server.RaftServerConfigKeys (ConfUtils.java:logGet(43)) - raft.server.log.appender.install.snapshot.enabled = false (custom)
2019-09-19 14:32:40,520 [pool-71-thread-1] INFO  impl.RaftServerImpl (ServerState.java:<init>(105)) - 6869628d-08da-4946-b9e3-2b0ea0688e78:group-84D9021D996B ConfigurationManager, init=-1: [6869628d-08da-4946-b9e3-2b0ea0688e78:192.168.5.132:37368], old=null, confs=<EMPTY_MAP>
2019-09-19 14:32:40,520 [pool-71-thread-1] INFO  server.RaftServerConfigKeys (ConfUtils.java:logGet(43)) - raft.server.storage.dir = [/workdir/hadoop-ozone/ozonefs/target/test-dir/MiniOzoneClusterImpl-7fd34b2e-4b5a-464b-80ea-73e41b6bd6cd/datanode-4/data/ratis] (custom)
2019-09-19 14:32:40,521 [pool-71-thread-1] INFO  storage.RaftStorageDirectory (RaftStorageDirectory.java:analyzeStorage(246)) - The storage directory /workdir/hadoop-ozone/ozonefs/target/test-dir/MiniOzoneClusterImpl-7fd34b2e-4b5a-464b-80ea-73e41b6bd6cd/datanode-4/data/ratis/967a87ee-cde5-49b0-b4db-84d9021d996b does not exist. Creating ...
2019-09-19 14:32:40,525 [pool-71-thread-1] INFO  storage.RaftStorageDirectory (RaftStorageDirectory.java:tryLock(328)) - Lock on /workdir/hadoop-ozone/ozonefs/target/test-dir/MiniOzoneClusterImpl-7fd34b2e-4b5a-464b-80ea-73e41b6bd6cd/datanode-4/data/ratis/967a87ee-cde5-49b0-b4db-84d9021d996b/in_use.lock acquired by nodename 17492@pr-hdds-1569-rzdr8-3403194166
2019-09-19 14:32:40,529 [pool-71-thread-1] INFO  storage.RaftStorage (RaftStorage.java:format(72)) - Storage directory /workdir/hadoop-ozone/ozonefs/target/test-dir/MiniOzoneClusterImpl-7fd34b2e-4b5a-464b-80ea-73e41b6bd6cd/datanode-4/data/ratis/967a87ee-cde5-49b0-b4db-84d9021d996b has been successfully formatted.
2019-09-19 14:32:40,529 [pool-71-thread-1] INFO  ratis.ContainerStateMachine (ContainerStateMachine.java:loadSnapshot(226)) - group-84D9021D996B: The snapshot info is null. Setting the last applied indexto:(t:0, i:~)
2019-09-19 14:32:40,529 [pool-71-thread-1] INFO  server.RaftServerConfigKeys (ConfUtils.java:logGet(43)) - raft.server.leader.election.timeout = 120s (custom)
2019-09-19 14:32:40,530 [pool-71-thread-1] INFO  server.RaftServerConfigKeys (ConfUtils.java:logGet(43)) - raft.server.log.use.memory = false (default)
2019-09-19 14:32:40,530 [pool-71-thread-1] INFO  server.RaftServerConfigKeys (ConfUtils.java:logGet(43)) - raft.server.log.purge.gap = 1000000 (custom)
2019-09-19 14:32:40,530 [pool-71-thread-1] INFO  server.RaftServerConfigKeys (ConfUtils.java:logGet(43)) - raft.server.log.appender.buffer.byte-limit = 33554432 (custom)
2019-09-19 14:32:40,530 [pool-71-thread-1] INFO  server.RaftServerConfigKeys (ConfUtils.java:logGet(43)) - raft.server.log.segment.size.max = 1048576 (custom)
2019-09-19 14:32:40,530 [pool-71-thread-1] INFO  server.RaftServerConfigKeys (ConfUtils.java:logGet(43)) - raft.server.log.segment.cache.num.max = 2 (custom)
2019-09-19 14:32:40,530 [pool-71-thread-1] INFO  segmented.SegmentedRaftLogWorker (SegmentedRaftLogWorker.java:<init>(172)) - new 6869628d-08da-4946-b9e3-2b0ea0688e78-SegmentedRaftLogWorker:Storage Directory /workdir/hadoop-ozone/ozonefs/target/test-dir/MiniOzoneClusterImpl-7fd34b2e-4b5a-464b-80ea-73e41b6bd6cd/datanode-4/data/ratis/967a87ee-cde5-49b0-b4db-84d9021d996b for RaftStorage:Storage Directory /workdir/hadoop-ozone/ozonefs/target/test-dir/MiniOzoneClusterImpl-7fd34b2e-4b5a-464b-80ea-73e41b6bd6cd/datanode-4/data/ratis/967a87ee-cde5-49b0-b4db-84d9021d996b
2019-09-19 14:32:40,530 [pool-71-thread-1] INFO  server.RaftServerConfigKeys (ConfUtils.java:logGet(43)) - raft.server.log.queue.byte-limit = 2147483647 (custom)
2019-09-19 14:32:40,531 [pool-71-thread-1] INFO  server.RaftServerConfigKeys (ConfUtils.java:logGet(43)) - raft.server.log.queue.element-limit = 1024 (custom)
2019-09-19 14:32:40,531 [pool-71-thread-1] INFO  server.RaftServerConfigKeys (ConfUtils.java:logGet(43)) - raft.server.log.segment.size.max = 1048576 (custom)
2019-09-19 14:32:40,531 [pool-71-thread-1] INFO  server.RaftServerConfigKeys (ConfUtils.java:logGet(43)) - raft.server.log.preallocated.size = 16384 (custom)
2019-09-19 14:32:40,531 [pool-71-thread-1] INFO  server.RaftServerConfigKeys (ConfUtils.java:logGet(43)) - raft.server.log.write.buffer.size = 33554432 (custom)
2019-09-19 14:32:40,531 [pool-71-thread-1] INFO  server.RaftServerConfigKeys (ConfUtils.java:logGet(43)) - raft.server.log.force.sync.num = 128 (default)
2019-09-19 14:32:40,531 [pool-71-thread-1] INFO  server.RaftServerConfigKeys (ConfUtils.java:logGet(43)) - raft.server.log.statemachine.data.sync = true (default)
2019-09-19 14:32:40,531 [pool-71-thread-1] INFO  server.RaftServerConfigKeys (ConfUtils.java:logGet(43)) - raft.server.log.statemachine.data.sync.timeout = 10s (default)
2019-09-19 14:32:40,531 [pool-71-thread-1] INFO  server.RaftServerConfigKeys (ConfUtils.java:logGet(43)) - raft.server.log.statemachine.data.sync.timeout.retry = -1 (default)
2019-09-19 14:32:40,532 [pool-71-thread-1] INFO  server.RaftServerConfigKeys (ConfUtils.java:logGet(43)) - raft.server.log.statemachine.data.caching.enabled = true (custom)
2019-09-19 14:32:40,532 [pool-71-thread-1] INFO  segmented.SegmentedRaftLogWorker (SegmentedRaftLogWorker.java:lambda$new$0(132)) - 6869628d-08da-4946-b9e3-2b0ea0688e78-SegmentedRaftLogWorker:Storage Directory /workdir/hadoop-ozone/ozonefs/target/test-dir/MiniOzoneClusterImpl-7fd34b2e-4b5a-464b-80ea-73e41b6bd6cd/datanode-4/data/ratis/967a87ee-cde5-49b0-b4db-84d9021d996b: flushIndex: setUnconditionally 0 -> -1
2019-09-19 14:32:40,532 [pool-71-thread-1] INFO  server.RaftServerConfigKeys (ConfUtils.java:logGet(43)) - raft.server.snapshot.auto.trigger.enabled = true (custom)
2019-09-19 14:32:40,532 [pool-71-thread-1] INFO  server.RaftServerConfigKeys (ConfUtils.java:logGet(43)) - raft.server.snapshot.auto.trigger.threshold = 10000 (custom)
2019-09-19 14:32:40,533 [pool-71-thread-1] INFO  server.RaftServerConfigKeys (ConfUtils.java:logGet(43)) - raft.server.retrycache.expirytime = 600000ms (custom)
2019-09-19 14:32:40,533 [pool-71-thread-1] INFO  impl.RaftServerImpl (RaftServerImpl.java:start(180)) - 6869628d-08da-4946-b9e3-2b0ea0688e78: start group-84D9021D996B
2019-09-19 14:32:40,533 [pool-71-thread-1] INFO  impl.RaftServerImpl (RaftServerImpl.java:setRole(171)) - 6869628d-08da-4946-b9e3-2b0ea0688e78:group-84D9021D996B changes role from null to FOLLOWER at term 0 for startAsFollower
2019-09-19 14:32:40,533 [pool-71-thread-1] INFO  impl.RoleInfo (RoleInfo.java:updateAndGet(143)) - 6869628d-08da-4946-b9e3-2b0ea0688e78: start FollowerState
2019-09-19 14:32:40,533 [pool-71-thread-1] INFO  util.JmxRegister (JmxRegister.java:tryRegister(44)) - Successfully registered JMX Bean with object name Ratis:service=RaftServer,group=group-84D9021D996B,id=6869628d-08da-4946-b9e3-2b0ea0688e78
2019-09-19 14:32:40,538 [RatisPipelineUtilsThread] INFO  pipeline.PipelineStateManager (PipelineStateManager.java:addPipeline(56)) - Created pipeline Pipeline[ Id: 967a87ee-cde5-49b0-b4db-84d9021d996b, Nodes: 6869628d-08da-4946-b9e3-2b0ea0688e78{ip: 192.168.5.132, host: pr-hdds-1569-rzdr8-3403194166, networkLocation: /default-rack, certSerialId: null}, Type:RATIS, Factor:ONE, State:OPEN]
2019-09-19 14:32:40,540 [RatisPipelineUtilsThread] ERROR pipeline.PipelinePlacementPolicy (PipelinePlacementPolicy.java:meetCriteria(91)) - Pipeline Placement: Doesn't meet the criteria to be viable node. Heaviness: 6
2019-09-19 14:32:40,540 [RatisPipelineUtilsThread] ERROR pipeline.PipelinePlacementPolicy (PipelinePlacementPolicy.java:meetCriteria(91)) - Pipeline Placement: Doesn't meet the criteria to be viable node. Heaviness: 6
2019-09-19 14:32:40,540 [RatisPipelineUtilsThread] ERROR pipeline.PipelinePlacementPolicy (PipelinePlacementPolicy.java:meetCriteria(91)) - Pipeline Placement: Doesn't meet the criteria to be viable node. Heaviness: 6
2019-09-19 14:32:40,540 [RatisPipelineUtilsThread] ERROR pipeline.PipelinePlacementPolicy (PipelinePlacementPolicy.java:meetCriteria(91)) - Pipeline Placement: Doesn't meet the criteria to be viable node. Heaviness: 6
2019-09-19 14:32:40,540 [RatisPipelineUtilsThread] ERROR pipeline.PipelinePlacementPolicy (PipelinePlacementPolicy.java:meetCriteria(91)) - Pipeline Placement: Doesn't meet the criteria to be viable node. Heaviness: 6
2019-09-19 14:32:40,540 [RatisPipelineUtilsThread] ERROR pipeline.PipelinePlacementPolicy (PipelinePlacementPolicy.java:filterViableNodes(146)) - Unable to find enough nodes that meet the criteria that cannot engage in more than 5 pipelines. Nodes required: 1 Found: 0, healthy nodes count inNodeManager: 5.
2019-09-19 14:32:40,542 [RatisPipelineUtilsThread] ERROR pipeline.SCMPipelineManager (SCMPipelineManager.java:createPipeline(161)) - Pipeline creation failed due to exception: Unable to find enough nodes that meet the criteria that cannot engage in more than 5 pipelines. Nodes required: 1 Found: 0, healthy nodes count inNodeManager: 5.
2019-09-19 14:32:40,542 [RatisPipelineUtilsThread] ERROR pipeline.PipelinePlacementPolicy (PipelinePlacementPolicy.java:meetCriteria(91)) - Pipeline Placement: Doesn't meet the criteria to be viable node. Heaviness: 6
2019-09-19 14:32:40,542 [RatisPipelineUtilsThread] ERROR pipeline.PipelinePlacementPolicy (PipelinePlacementPolicy.java:meetCriteria(91)) - Pipeline Placement: Doesn't meet the criteria to be viable node. Heaviness: 6
2019-09-19 14:32:40,543 [RatisPipelineUtilsThread] ERROR pipeline.PipelinePlacementPolicy (PipelinePlacementPolicy.java:meetCriteria(91)) - Pipeline Placement: Doesn't meet the criteria to be viable node. Heaviness: 6
2019-09-19 14:32:40,543 [RatisPipelineUtilsThread] ERROR pipeline.PipelinePlacementPolicy (PipelinePlacementPolicy.java:meetCriteria(91)) - Pipeline Placement: Doesn't meet the criteria to be viable node. Heaviness: 6
2019-09-19 14:32:40,543 [RatisPipelineUtilsThread] ERROR pipeline.PipelinePlacementPolicy (PipelinePlacementPolicy.java:meetCriteria(91)) - Pipeline Placement: Doesn't meet the criteria to be viable node. Heaviness: 6
2019-09-19 14:32:40,543 [RatisPipelineUtilsThread] ERROR pipeline.PipelinePlacementPolicy (PipelinePlacementPolicy.java:filterViableNodes(146)) - Unable to find enough nodes that meet the criteria that cannot engage in more than 5 pipelines. Nodes required: 3 Found: 0, healthy nodes count inNodeManager: 5.
2019-09-19 14:32:40,543 [RatisPipelineUtilsThread] ERROR pipeline.SCMPipelineManager (SCMPipelineManager.java:createPipeline(161)) - Pipeline creation failed due to exception: Unable to find enough nodes that meet the criteria that cannot engage in more than 5 pipelines. Nodes required: 3 Found: 0, healthy nodes count inNodeManager: 5.
2019-09-19 14:32:40,545 [RatisPipelineUtilsThread] ERROR pipeline.PipelinePlacementPolicy (PipelinePlacementPolicy.java:meetCriteria(91)) - Pipeline Placement: Doesn't meet the criteria to be viable node. Heaviness: 6
2019-09-19 14:32:40,545 [RatisPipelineUtilsThread] ERROR pipeline.PipelinePlacementPolicy (PipelinePlacementPolicy.java:meetCriteria(91)) - Pipeline Placement: Doesn't meet the criteria to be viable node. Heaviness: 6
2019-09-19 14:32:40,545 [RatisPipelineUtilsThread] ERROR pipeline.PipelinePlacementPolicy (PipelinePlacementPolicy.java:meetCriteria(91)) - Pipeline Placement: Doesn't meet the criteria to be viable node. Heaviness: 6
2019-09-19 14:32:40,546 [RatisPipelineUtilsThread] ERROR pipeline.PipelinePlacementPolicy (PipelinePlacementPolicy.java:meetCriteria(91)) - Pipeline Placement: Doesn't meet the criteria to be viable node. Heaviness: 6
2019-09-19 14:32:40,546 [RatisPipelineUtilsThread] ERROR pipeline.PipelinePlacementPolicy (PipelinePlacementPolicy.java:meetCriteria(91)) - Pipeline Placement: Doesn't meet the criteria to be viable node. Heaviness: 6
2019-09-19 14:32:40,546 [RatisPipelineUtilsThread] ERROR pipeline.PipelinePlacementPolicy (PipelinePlacementPolicy.java:filterViableNodes(146)) - Unable to find enough nodes that meet the criteria that cannot engage in more than 5 pipelines. Nodes required: 1 Found: 0, healthy nodes count inNodeManager: 5.
2019-09-19 14:32:40,546 [RatisPipelineUtilsThread] ERROR pipeline.SCMPipelineManager (SCMPipelineManager.java:createPipeline(161)) - Pipeline creation failed due to exception: Unable to find enough nodes that meet the criteria that cannot engage in more than 5 pipelines. Nodes required: 1 Found: 0, healthy nodes count inNodeManager: 5.
2019-09-19 14:32:40,546 [RatisPipelineUtilsThread] ERROR pipeline.PipelinePlacementPolicy (PipelinePlacementPolicy.java:meetCriteria(91)) - Pipeline Placement: Doesn't meet the criteria to be viable node. Heaviness: 6
2019-09-19 14:32:40,546 [RatisPipelineUtilsThread] ERROR pipeline.PipelinePlacementPolicy (PipelinePlacementPolicy.java:meetCriteria(91)) - Pipeline Placement: Doesn't meet the criteria to be viable node. Heaviness: 6
2019-09-19 14:32:40,547 [RatisPipelineUtilsThread] ERROR pipeline.PipelinePlacementPolicy (PipelinePlacementPolicy.java:meetCriteria(91)) - Pipeline Placement: Doesn't meet the criteria to be viable node. Heaviness: 6
2019-09-19 14:32:40,547 [RatisPipelineUtilsThread] ERROR pipeline.PipelinePlacementPolicy (PipelinePlacementPolicy.java:meetCriteria(91)) - Pipeline Placement: Doesn't meet the criteria to be viable node. Heaviness: 6
2019-09-19 14:32:40,547 [RatisPipelineUtilsThread] ERROR pipeline.PipelinePlacementPolicy (PipelinePlacementPolicy.java:meetCriteria(91)) - Pipeline Placement: Doesn't meet the criteria to be viable node. Heaviness: 6
2019-09-19 14:32:40,547 [RatisPipelineUtilsThread] ERROR pipeline.PipelinePlacementPolicy (PipelinePlacementPolicy.java:filterViableNodes(146)) - Unable to find enough nodes that meet the criteria that cannot engage in more than 5 pipelines. Nodes required: 3 Found: 0, healthy nodes count inNodeManager: 5.
2019-09-19 14:32:40,547 [RatisPipelineUtilsThread] ERROR pipeline.SCMPipelineManager (SCMPipelineManager.java:createPipeline(161)) - Pipeline creation failed due to exception: Unable to find enough nodes that meet the criteria that cannot engage in more than 5 pipelines. Nodes required: 3 Found: 0, healthy nodes count inNodeManager: 5.
2019-09-19 14:32:40,548 [IPC Server handler 2 on 45241] ERROR pipeline.PipelinePlacementPolicy (PipelinePlacementPolicy.java:meetCriteria(91)) - Pipeline Placement: Doesn't meet the criteria to be viable node. Heaviness: 6
2019-09-19 14:32:40,548 [IPC Server handler 2 on 45241] ERROR pipeline.PipelinePlacementPolicy (PipelinePlacementPolicy.java:meetCriteria(91)) - Pipeline Placement: Doesn't meet the criteria to be viable node. Heaviness: 6
2019-09-19 14:32:40,548 [IPC Server handler 2 on 45241] ERROR pipeline.PipelinePlacementPolicy (PipelinePlacementPolicy.java:meetCriteria(91)) - Pipeline Placement: Doesn't meet the criteria to be viable node. Heaviness: 6
2019-09-19 14:32:40,548 [IPC Server handler 2 on 45241] ERROR pipeline.PipelinePlacementPolicy (PipelinePlacementPolicy.java:meetCriteria(91)) - Pipeline Placement: Doesn't meet the criteria to be viable node. Heaviness: 6
2019-09-19 14:32:40,549 [IPC Server handler 2 on 45241] ERROR pipeline.PipelinePlacementPolicy (PipelinePlacementPolicy.java:meetCriteria(91)) - Pipeline Placement: Doesn't meet the criteria to be viable node. Heaviness: 6
2019-09-19 14:32:40,549 [IPC Server handler 2 on 45241] ERROR pipeline.PipelinePlacementPolicy (PipelinePlacementPolicy.java:filterViableNodes(146)) - Unable to find enough nodes that meet the criteria that cannot engage in more than 5 pipelines. Nodes required: 3 Found: 0, healthy nodes count inNodeManager: 5.
2019-09-19 14:32:40,549 [IPC Server handler 2 on 45241] ERROR pipeline.SCMPipelineManager (SCMPipelineManager.java:createPipeline(161)) - Pipeline creation failed due to exception: Unable to find enough nodes that meet the criteria that cannot engage in more than 5 pipelines. Nodes required: 3 Found: 0, healthy nodes count inNodeManager: 5.
2019-09-19 14:32:40,550 [IPC Server handler 2 on 45241] WARN  block.BlockManagerImpl (BlockManagerImpl.java:allocateBlock(192)) - Pipeline creation failed for type:RATIS factor:THREE. Retrying get pipelines call once.
org.apache.hadoop.hdds.scm.exceptions.SCMException: Unable to find enough nodes that meet the criteria that cannot engage in more than 5 pipelines. Nodes required: 3 Found: 0, healthy nodes count inNodeManager: 5.
	at org.apache.hadoop.hdds.scm.pipeline.PipelinePlacementPolicy.filterViableNodes(PipelinePlacementPolicy.java:147)
	at org.apache.hadoop.hdds.scm.pipeline.PipelinePlacementPolicy.chooseDatanodes(PipelinePlacementPolicy.java:170)
	at org.apache.hadoop.hdds.scm.pipeline.RatisPipelineProvider.create(RatisPipelineProvider.java:92)
	at org.apache.hadoop.hdds.scm.pipeline.PipelineFactory.create(PipelineFactory.java:57)
	at org.apache.hadoop.hdds.scm.pipeline.SCMPipelineManager.createPipeline(SCMPipelineManager.java:149)
	at org.apache.hadoop.hdds.scm.block.BlockManagerImpl.allocateBlock(BlockManagerImpl.java:190)
	at org.apache.hadoop.hdds.scm.server.SCMBlockProtocolServer.allocateBlock(SCMBlockProtocolServer.java:175)
	at org.apache.hadoop.ozone.protocolPB.ScmBlockLocationProtocolServerSideTranslatorPB.allocateScmBlock(ScmBlockLocationProtocolServerSideTranslatorPB.java:153)
	at org.apache.hadoop.ozone.protocolPB.ScmBlockLocationProtocolServerSideTranslatorPB.send(ScmBlockLocationProtocolServerSideTranslatorPB.java:112)
	at org.apache.hadoop.hdds.protocol.proto.ScmBlockLocationProtocolProtos$ScmBlockLocationProtocolService$2.callBlockingMethod(ScmBlockLocationProtocolProtos.java:13157)
	at org.apache.hadoop.ipc.ProtobufRpcEngine$Server$ProtoBufRpcInvoker.call(ProtobufRpcEngine.java:524)
	at org.apache.hadoop.ipc.RPC$Server.call(RPC.java:1025)
	at org.apache.hadoop.ipc.Server$RpcCall.run(Server.java:876)
	at org.apache.hadoop.ipc.Server$RpcCall.run(Server.java:822)
	at java.security.AccessController.doPrivileged(Native Method)
	at javax.security.auth.Subject.doAs(Subject.java:422)
	at org.apache.hadoop.security.UserGroupInformation.doAs(UserGroupInformation.java:1730)
	at org.apache.hadoop.ipc.Server$Handler.run(Server.java:2682)
2019-09-19 14:32:40,552 [IPC Server handler 2 on 45241] INFO  block.BlockManagerImpl (BlockManagerImpl.java:allocateBlock(198)) - Could not find available pipeline of type:RATIS and factor:THREE even after retrying
2019-09-19 14:32:40,552 [IPC Server handler 2 on 45241] ERROR block.BlockManagerImpl (BlockManagerImpl.java:allocateBlock(222)) - Unable to allocate a block for the size: 4194304, type: RATIS, factor: THREE
2019-09-19 14:32:40,552 | INFO  | SCMAudit | user=jenkins1000 | ip=192.168.5.132 | op=ALLOCATE_BLOCK {owner=f2bd3e2b-7377-4ef4-9ae2-50ad1b64c7af, size=4194304, type=RATIS, factor=THREE} | ret=SUCCESS |  
2019-09-19 14:32:40,558 | ERROR | OMAudit | user=jenkins1000 | ip=127.0.0.1 | op=CREATE_FILE {volume=volume71407, bucket=bucket41809, key=test/zero.txt, dataSize=0, replicationType=RATIS, replicationFactor=THREE, keyLocationInfo=null} | ret=FAILURE | org.apache.hadoop.hdds.scm.exceptions.SCMException: Allocated 0 blocks. Requested 1 blocks
	at org.apache.hadoop.hdds.scm.protocolPB.ScmBlockLocationProtocolClientSideTranslatorPB.handleError(ScmBlockLocationProtocolClientSideTranslatorPB.java:118)
	at org.apache.hadoop.hdds.scm.protocolPB.ScmBlockLocationProtocolClientSideTranslatorPB.allocateBlock(ScmBlockLocationProtocolClientSideTranslatorPB.java:156) 
2019-09-19 14:32:40,570 | INFO  | OMAudit | user=jenkins1000 | ip=127.0.0.1 | op=GET_FILE_STATUS {volume=volume71407, bucket=bucket41809, key=test, dataSize=0, replicationType=null, replicationFactor=null, keyLocationInfo=null} | ret=SUCCESS |  
2019-09-19 14:32:40,583 | INFO  | OMAudit | user=jenkins1000 | ip=127.0.0.1 | op=GET_FILE_STATUS {volume=volume71407, bucket=bucket41809, key=test, dataSize=0, replicationType=null, replicationFactor=null, keyLocationInfo=null} | ret=SUCCESS |  
2019-09-19 14:32:40,588 | INFO  | OMAudit | user=jenkins1000 | ip=127.0.0.1 | op=GET_FILE_STATUS {volume=volume71407, bucket=bucket41809, key=test, dataSize=0, replicationType=null, replicationFactor=null, keyLocationInfo=null} | ret=SUCCESS |  
2019-09-19 14:32:40,599 | INFO  | OMAudit | user=jenkins1000 | ip=127.0.0.1 | op=LIST_KEYS {volume=volume71407, bucket=bucket41809, startKey=, maxKeys=1000, keyPrefix=test/} | ret=SUCCESS |  
2019-09-19 14:32:40,610 | INFO  | OMAudit | user=jenkins1000 | ip=127.0.0.1 | op=DELETE_KEY {volume=volume71407, bucket=bucket41809, key=test/, dataSize=0, replicationType=null, replicationFactor=null, keyLocationInfo=null} | ret=SUCCESS |  
2019-09-19 14:32:40,613 | INFO  | OMAudit | user=jenkins1000 | ip=127.0.0.1 | op=LIST_KEYS {volume=volume71407, bucket=bucket41809, startKey=test/, maxKeys=1000, keyPrefix=test/} | ret=SUCCESS |  
]]></system-out>
    <system-err><![CDATA[Sep 19, 2019 2:32:32 PM com.sun.jersey.server.impl.application.WebApplicationImpl _initiate
INFO: Initiating Jersey application, version 'Jersey: 1.19 02/11/2015 03:25 AM'
Sep 19, 2019 2:32:33 PM com.sun.jersey.server.impl.application.WebApplicationImpl _initiate
INFO: Initiating Jersey application, version 'Jersey: 1.19 02/11/2015 03:25 AM'
Sep 19, 2019 2:32:33 PM com.sun.jersey.server.impl.application.WebApplicationImpl _initiate
INFO: Initiating Jersey application, version 'Jersey: 1.19 02/11/2015 03:25 AM'
Sep 19, 2019 2:32:33 PM com.sun.jersey.server.impl.application.WebApplicationImpl _initiate
INFO: Initiating Jersey application, version 'Jersey: 1.19 02/11/2015 03:25 AM'
Sep 19, 2019 2:32:33 PM com.sun.jersey.server.impl.application.WebApplicationImpl _initiate
INFO: Initiating Jersey application, version 'Jersey: 1.19 02/11/2015 03:25 AM'
Sep 19, 2019 2:32:39 PM com.sun.jersey.server.impl.application.WebApplicationImpl _initiate
INFO: Initiating Jersey application, version 'Jersey: 1.19 02/11/2015 03:25 AM'
]]></system-err>
  </testcase>
  <testcase name="testFsIsEncrypted" classname="org.apache.hadoop.fs.ozone.contract.ITestOzoneContractOpen" time="0.141">
    <error message="Allocated 0 blocks. Requested 1 blocks" type="INTERNAL_ERROR org.apache.hadoop.ozone.om.exceptions.OMException">INTERNAL_ERROR org.apache.hadoop.ozone.om.exceptions.OMException: Allocated 0 blocks. Requested 1 blocks
	at org.apache.hadoop.ozone.om.protocolPB.OzoneManagerProtocolClientSideTranslatorPB.handleError(OzoneManagerProtocolClientSideTranslatorPB.java:725)
	at org.apache.hadoop.ozone.om.protocolPB.OzoneManagerProtocolClientSideTranslatorPB.createFile(OzoneManagerProtocolClientSideTranslatorPB.java:1474)
	at org.apache.hadoop.ozone.client.rpc.RpcClient.createFile(RpcClient.java:984)
	at org.apache.hadoop.ozone.client.OzoneBucket.createFile(OzoneBucket.java:535)
	at org.apache.hadoop.fs.ozone.BasicOzoneClientAdapterImpl.createFile(BasicOzoneClientAdapterImpl.java:181)
	at org.apache.hadoop.fs.ozone.BasicOzoneFileSystem.createOutputStream(BasicOzoneFileSystem.java:249)
	at org.apache.hadoop.fs.ozone.BasicOzoneFileSystem.create(BasicOzoneFileSystem.java:230)
	at org.apache.hadoop.fs.FileSystem.create(FileSystem.java:1118)
	at org.apache.hadoop.fs.FileSystem.create(FileSystem.java:1098)
	at org.apache.hadoop.fs.FileSystem.create(FileSystem.java:987)
	at org.apache.hadoop.fs.contract.ContractTestUtils.createFile(ContractTestUtils.java:633)
	at org.apache.hadoop.fs.contract.AbstractContractOpenTest.testFsIsEncrypted(AbstractContractOpenTest.java:74)
	at sun.reflect.NativeMethodAccessorImpl.invoke0(Native Method)
	at sun.reflect.NativeMethodAccessorImpl.invoke(NativeMethodAccessorImpl.java:62)
	at sun.reflect.DelegatingMethodAccessorImpl.invoke(DelegatingMethodAccessorImpl.java:43)
	at java.lang.reflect.Method.invoke(Method.java:498)
	at org.junit.runners.model.FrameworkMethod$1.runReflectiveCall(FrameworkMethod.java:47)
	at org.junit.internal.runners.model.ReflectiveCallable.run(ReflectiveCallable.java:12)
	at org.junit.runners.model.FrameworkMethod.invokeExplosively(FrameworkMethod.java:44)
	at org.junit.internal.runners.statements.InvokeMethod.evaluate(InvokeMethod.java:17)
	at org.junit.internal.runners.statements.RunBefores.evaluate(RunBefores.java:26)
	at org.junit.internal.runners.statements.RunAfters.evaluate(RunAfters.java:27)
	at org.junit.rules.TestWatcher$1.evaluate(TestWatcher.java:55)
	at org.junit.internal.runners.statements.FailOnTimeout$StatementThread.run(FailOnTimeout.java:74)
</error>
    <system-out><![CDATA[2019-09-19 14:32:40,658 | INFO  | OMAudit | user=jenkins1000 | ip=127.0.0.1 | op=CREATE_VOLUME {admin=admin85696, owner=user16711, volume=volume25366, creationTime=1568903560658, quotaInBytes=1152921504606846976} | ret=SUCCESS |  
2019-09-19 14:32:40,662 | INFO  | OMAudit | user=jenkins1000 | ip=127.0.0.1 | op=CREATE_BUCKET {volume=volume25366, bucket=bucket63878, acls=[], isVersionEnabled=false, storageType=DISK, creationTime=0} | ret=SUCCESS |  
2019-09-19 14:32:40,724 | INFO  | OMAudit | user=jenkins1000 | ip=127.0.0.1 | op=READ_VOLUME {volume=volume25366} | ret=SUCCESS |  
2019-09-19 14:32:40,728 | INFO  | OMAudit | user=jenkins1000 | ip=127.0.0.1 | op=READ_BUCKET {volume=volume25366, bucket=bucket63878} | ret=SUCCESS |  
2019-09-19 14:32:40,731 [Thread-305] INFO  contract.AbstractFSContractTestBase (AbstractFSContractTestBase.java:setup(184)) - Test filesystem = o3fs://bucket63878.volume25366 implemented by OzoneFileSystem{URI=o3fs://bucket63878.volume25366, workingDir=o3fs://bucket63878.volume25366/user/jenkins1000, userName=jenkins1000, statistics=0 bytes read, 0 bytes written, 3 read ops, 0 large read ops, 2 write ops}
2019-09-19 14:32:40,744 | INFO  | OMAudit | user=jenkins1000 | ip=127.0.0.1 | op=CREATE_DIRECTORY {volume=volume25366, bucket=bucket63878, key=test, dataSize=0, replicationType=null, replicationFactor=null, keyLocationInfo=null} | ret=SUCCESS |  
2019-09-19 14:32:40,744 [Thread-305] INFO  contract.AbstractFSContractTestBase (AbstractFSContractTestBase.java:describe(255)) - create an empty file and call FileStatus.isEncrypted()
2019-09-19 14:32:40,750 [IPC Server handler 0 on 45241] ERROR pipeline.PipelinePlacementPolicy (PipelinePlacementPolicy.java:meetCriteria(91)) - Pipeline Placement: Doesn't meet the criteria to be viable node. Heaviness: 6
2019-09-19 14:32:40,751 [IPC Server handler 0 on 45241] ERROR pipeline.PipelinePlacementPolicy (PipelinePlacementPolicy.java:meetCriteria(91)) - Pipeline Placement: Doesn't meet the criteria to be viable node. Heaviness: 6
2019-09-19 14:32:40,751 [IPC Server handler 0 on 45241] ERROR pipeline.PipelinePlacementPolicy (PipelinePlacementPolicy.java:meetCriteria(91)) - Pipeline Placement: Doesn't meet the criteria to be viable node. Heaviness: 6
2019-09-19 14:32:40,751 [IPC Server handler 0 on 45241] ERROR pipeline.PipelinePlacementPolicy (PipelinePlacementPolicy.java:meetCriteria(91)) - Pipeline Placement: Doesn't meet the criteria to be viable node. Heaviness: 6
2019-09-19 14:32:40,751 [IPC Server handler 0 on 45241] ERROR pipeline.PipelinePlacementPolicy (PipelinePlacementPolicy.java:meetCriteria(91)) - Pipeline Placement: Doesn't meet the criteria to be viable node. Heaviness: 6
2019-09-19 14:32:40,751 [IPC Server handler 0 on 45241] ERROR pipeline.PipelinePlacementPolicy (PipelinePlacementPolicy.java:filterViableNodes(146)) - Unable to find enough nodes that meet the criteria that cannot engage in more than 5 pipelines. Nodes required: 3 Found: 0, healthy nodes count inNodeManager: 5.
2019-09-19 14:32:40,752 [IPC Server handler 0 on 45241] ERROR pipeline.SCMPipelineManager (SCMPipelineManager.java:createPipeline(161)) - Pipeline creation failed due to exception: Unable to find enough nodes that meet the criteria that cannot engage in more than 5 pipelines. Nodes required: 3 Found: 0, healthy nodes count inNodeManager: 5.
2019-09-19 14:32:40,752 [IPC Server handler 0 on 45241] WARN  block.BlockManagerImpl (BlockManagerImpl.java:allocateBlock(192)) - Pipeline creation failed for type:RATIS factor:THREE. Retrying get pipelines call once.
org.apache.hadoop.hdds.scm.exceptions.SCMException: Unable to find enough nodes that meet the criteria that cannot engage in more than 5 pipelines. Nodes required: 3 Found: 0, healthy nodes count inNodeManager: 5.
	at org.apache.hadoop.hdds.scm.pipeline.PipelinePlacementPolicy.filterViableNodes(PipelinePlacementPolicy.java:147)
	at org.apache.hadoop.hdds.scm.pipeline.PipelinePlacementPolicy.chooseDatanodes(PipelinePlacementPolicy.java:170)
	at org.apache.hadoop.hdds.scm.pipeline.RatisPipelineProvider.create(RatisPipelineProvider.java:92)
	at org.apache.hadoop.hdds.scm.pipeline.PipelineFactory.create(PipelineFactory.java:57)
	at org.apache.hadoop.hdds.scm.pipeline.SCMPipelineManager.createPipeline(SCMPipelineManager.java:149)
	at org.apache.hadoop.hdds.scm.block.BlockManagerImpl.allocateBlock(BlockManagerImpl.java:190)
	at org.apache.hadoop.hdds.scm.server.SCMBlockProtocolServer.allocateBlock(SCMBlockProtocolServer.java:175)
	at org.apache.hadoop.ozone.protocolPB.ScmBlockLocationProtocolServerSideTranslatorPB.allocateScmBlock(ScmBlockLocationProtocolServerSideTranslatorPB.java:153)
	at org.apache.hadoop.ozone.protocolPB.ScmBlockLocationProtocolServerSideTranslatorPB.send(ScmBlockLocationProtocolServerSideTranslatorPB.java:112)
	at org.apache.hadoop.hdds.protocol.proto.ScmBlockLocationProtocolProtos$ScmBlockLocationProtocolService$2.callBlockingMethod(ScmBlockLocationProtocolProtos.java:13157)
	at org.apache.hadoop.ipc.ProtobufRpcEngine$Server$ProtoBufRpcInvoker.call(ProtobufRpcEngine.java:524)
	at org.apache.hadoop.ipc.RPC$Server.call(RPC.java:1025)
	at org.apache.hadoop.ipc.Server$RpcCall.run(Server.java:876)
	at org.apache.hadoop.ipc.Server$RpcCall.run(Server.java:822)
	at java.security.AccessController.doPrivileged(Native Method)
	at javax.security.auth.Subject.doAs(Subject.java:422)
	at org.apache.hadoop.security.UserGroupInformation.doAs(UserGroupInformation.java:1730)
	at org.apache.hadoop.ipc.Server$Handler.run(Server.java:2682)
2019-09-19 14:32:40,752 [IPC Server handler 0 on 45241] INFO  block.BlockManagerImpl (BlockManagerImpl.java:allocateBlock(198)) - Could not find available pipeline of type:RATIS and factor:THREE even after retrying
2019-09-19 14:32:40,753 [IPC Server handler 0 on 45241] ERROR block.BlockManagerImpl (BlockManagerImpl.java:allocateBlock(222)) - Unable to allocate a block for the size: 4194304, type: RATIS, factor: THREE
2019-09-19 14:32:40,753 | INFO  | SCMAudit | user=jenkins1000 | ip=192.168.5.132 | op=ALLOCATE_BLOCK {owner=f2bd3e2b-7377-4ef4-9ae2-50ad1b64c7af, size=4194304, type=RATIS, factor=THREE} | ret=SUCCESS |  
2019-09-19 14:32:40,755 | ERROR | OMAudit | user=jenkins1000 | ip=127.0.0.1 | op=CREATE_FILE {volume=volume25366, bucket=bucket63878, key=test/file, dataSize=0, replicationType=RATIS, replicationFactor=THREE, keyLocationInfo=null} | ret=FAILURE | org.apache.hadoop.hdds.scm.exceptions.SCMException: Allocated 0 blocks. Requested 1 blocks
	at org.apache.hadoop.hdds.scm.protocolPB.ScmBlockLocationProtocolClientSideTranslatorPB.handleError(ScmBlockLocationProtocolClientSideTranslatorPB.java:118)
	at org.apache.hadoop.hdds.scm.protocolPB.ScmBlockLocationProtocolClientSideTranslatorPB.allocateBlock(ScmBlockLocationProtocolClientSideTranslatorPB.java:156) 
2019-09-19 14:32:40,758 | INFO  | OMAudit | user=jenkins1000 | ip=127.0.0.1 | op=GET_FILE_STATUS {volume=volume25366, bucket=bucket63878, key=test, dataSize=0, replicationType=null, replicationFactor=null, keyLocationInfo=null} | ret=SUCCESS |  
2019-09-19 14:32:40,760 | INFO  | OMAudit | user=jenkins1000 | ip=127.0.0.1 | op=GET_FILE_STATUS {volume=volume25366, bucket=bucket63878, key=test, dataSize=0, replicationType=null, replicationFactor=null, keyLocationInfo=null} | ret=SUCCESS |  
2019-09-19 14:32:40,762 | INFO  | OMAudit | user=jenkins1000 | ip=127.0.0.1 | op=GET_FILE_STATUS {volume=volume25366, bucket=bucket63878, key=test, dataSize=0, replicationType=null, replicationFactor=null, keyLocationInfo=null} | ret=SUCCESS |  
2019-09-19 14:32:40,763 | INFO  | OMAudit | user=jenkins1000 | ip=127.0.0.1 | op=LIST_KEYS {volume=volume25366, bucket=bucket63878, startKey=, maxKeys=1000, keyPrefix=test/} | ret=SUCCESS |  
2019-09-19 14:32:40,766 | INFO  | OMAudit | user=jenkins1000 | ip=127.0.0.1 | op=DELETE_KEY {volume=volume25366, bucket=bucket63878, key=test/, dataSize=0, replicationType=null, replicationFactor=null, keyLocationInfo=null} | ret=SUCCESS |  
2019-09-19 14:32:40,767 | INFO  | OMAudit | user=jenkins1000 | ip=127.0.0.1 | op=LIST_KEYS {volume=volume25366, bucket=bucket63878, startKey=test/, maxKeys=1000, keyPrefix=test/} | ret=SUCCESS |  
]]></system-out>
  </testcase>
  <testcase name="testOpenReadDir" classname="org.apache.hadoop.fs.ozone.contract.ITestOzoneContractOpen" time="0.097"/>
  <testcase name="testOpenFileTwice" classname="org.apache.hadoop.fs.ozone.contract.ITestOzoneContractOpen" time="0.091">
    <error message="Allocated 0 blocks. Requested 1 blocks" type="INTERNAL_ERROR org.apache.hadoop.ozone.om.exceptions.OMException">INTERNAL_ERROR org.apache.hadoop.ozone.om.exceptions.OMException: Allocated 0 blocks. Requested 1 blocks
	at org.apache.hadoop.ozone.om.protocolPB.OzoneManagerProtocolClientSideTranslatorPB.handleError(OzoneManagerProtocolClientSideTranslatorPB.java:725)
	at org.apache.hadoop.ozone.om.protocolPB.OzoneManagerProtocolClientSideTranslatorPB.createFile(OzoneManagerProtocolClientSideTranslatorPB.java:1474)
	at org.apache.hadoop.ozone.client.rpc.RpcClient.createFile(RpcClient.java:984)
	at org.apache.hadoop.ozone.client.OzoneBucket.createFile(OzoneBucket.java:535)
	at org.apache.hadoop.fs.ozone.BasicOzoneClientAdapterImpl.createFile(BasicOzoneClientAdapterImpl.java:181)
	at org.apache.hadoop.fs.ozone.BasicOzoneFileSystem.createOutputStream(BasicOzoneFileSystem.java:249)
	at org.apache.hadoop.fs.ozone.BasicOzoneFileSystem.create(BasicOzoneFileSystem.java:230)
	at org.apache.hadoop.fs.FileSystem.create(FileSystem.java:1118)
	at org.apache.hadoop.fs.FileSystem.create(FileSystem.java:1098)
	at org.apache.hadoop.fs.FileSystem.create(FileSystem.java:987)
	at org.apache.hadoop.fs.contract.ContractTestUtils.createFile(ContractTestUtils.java:633)
	at org.apache.hadoop.fs.contract.AbstractContractOpenTest.testOpenFileTwice(AbstractContractOpenTest.java:125)
	at sun.reflect.NativeMethodAccessorImpl.invoke0(Native Method)
	at sun.reflect.NativeMethodAccessorImpl.invoke(NativeMethodAccessorImpl.java:62)
	at sun.reflect.DelegatingMethodAccessorImpl.invoke(DelegatingMethodAccessorImpl.java:43)
	at java.lang.reflect.Method.invoke(Method.java:498)
	at org.junit.runners.model.FrameworkMethod$1.runReflectiveCall(FrameworkMethod.java:47)
	at org.junit.internal.runners.model.ReflectiveCallable.run(ReflectiveCallable.java:12)
	at org.junit.runners.model.FrameworkMethod.invokeExplosively(FrameworkMethod.java:44)
	at org.junit.internal.runners.statements.InvokeMethod.evaluate(InvokeMethod.java:17)
	at org.junit.internal.runners.statements.RunBefores.evaluate(RunBefores.java:26)
	at org.junit.internal.runners.statements.RunAfters.evaluate(RunAfters.java:27)
	at org.junit.rules.TestWatcher$1.evaluate(TestWatcher.java:55)
	at org.junit.internal.runners.statements.FailOnTimeout$StatementThread.run(FailOnTimeout.java:74)
</error>
    <system-out><![CDATA[2019-09-19 14:32:40,885 | INFO  | OMAudit | user=jenkins1000 | ip=127.0.0.1 | op=CREATE_VOLUME {admin=admin86078, owner=user29621, volume=volume11250, creationTime=1568903560884, quotaInBytes=1152921504606846976} | ret=SUCCESS |  
2019-09-19 14:32:40,886 | INFO  | OMAudit | user=jenkins1000 | ip=127.0.0.1 | op=CREATE_BUCKET {volume=volume11250, bucket=bucket11081, acls=[], isVersionEnabled=false, storageType=DISK, creationTime=0} | ret=SUCCESS |  
2019-09-19 14:32:40,929 | INFO  | OMAudit | user=jenkins1000 | ip=127.0.0.1 | op=READ_VOLUME {volume=volume11250} | ret=SUCCESS |  
2019-09-19 14:32:40,931 | INFO  | OMAudit | user=jenkins1000 | ip=127.0.0.1 | op=READ_BUCKET {volume=volume11250, bucket=bucket11081} | ret=SUCCESS |  
2019-09-19 14:32:40,931 [Thread-307] INFO  contract.AbstractFSContractTestBase (AbstractFSContractTestBase.java:setup(184)) - Test filesystem = o3fs://bucket11081.volume11250 implemented by OzoneFileSystem{URI=o3fs://bucket11081.volume11250, workingDir=o3fs://bucket11081.volume11250/user/jenkins1000, userName=jenkins1000, statistics=0 bytes read, 0 bytes written, 9 read ops, 0 large read ops, 6 write ops}
2019-09-19 14:32:40,933 | INFO  | OMAudit | user=jenkins1000 | ip=127.0.0.1 | op=CREATE_DIRECTORY {volume=volume11250, bucket=bucket11081, key=test, dataSize=0, replicationType=null, replicationFactor=null, keyLocationInfo=null} | ret=SUCCESS |  
2019-09-19 14:32:40,934 [Thread-307] INFO  contract.AbstractFSContractTestBase (AbstractFSContractTestBase.java:describe(255)) - verify that two opened file streams are independent
2019-09-19 14:32:40,938 [IPC Server handler 1 on 45241] ERROR pipeline.PipelinePlacementPolicy (PipelinePlacementPolicy.java:meetCriteria(91)) - Pipeline Placement: Doesn't meet the criteria to be viable node. Heaviness: 6
2019-09-19 14:32:40,938 [IPC Server handler 1 on 45241] ERROR pipeline.PipelinePlacementPolicy (PipelinePlacementPolicy.java:meetCriteria(91)) - Pipeline Placement: Doesn't meet the criteria to be viable node. Heaviness: 6
2019-09-19 14:32:40,938 [IPC Server handler 1 on 45241] ERROR pipeline.PipelinePlacementPolicy (PipelinePlacementPolicy.java:meetCriteria(91)) - Pipeline Placement: Doesn't meet the criteria to be viable node. Heaviness: 6
2019-09-19 14:32:40,938 [IPC Server handler 1 on 45241] ERROR pipeline.PipelinePlacementPolicy (PipelinePlacementPolicy.java:meetCriteria(91)) - Pipeline Placement: Doesn't meet the criteria to be viable node. Heaviness: 6
2019-09-19 14:32:40,939 [IPC Server handler 1 on 45241] ERROR pipeline.PipelinePlacementPolicy (PipelinePlacementPolicy.java:meetCriteria(91)) - Pipeline Placement: Doesn't meet the criteria to be viable node. Heaviness: 6
2019-09-19 14:32:40,939 [IPC Server handler 1 on 45241] ERROR pipeline.PipelinePlacementPolicy (PipelinePlacementPolicy.java:filterViableNodes(146)) - Unable to find enough nodes that meet the criteria that cannot engage in more than 5 pipelines. Nodes required: 3 Found: 0, healthy nodes count inNodeManager: 5.
2019-09-19 14:32:40,939 [IPC Server handler 1 on 45241] ERROR pipeline.SCMPipelineManager (SCMPipelineManager.java:createPipeline(161)) - Pipeline creation failed due to exception: Unable to find enough nodes that meet the criteria that cannot engage in more than 5 pipelines. Nodes required: 3 Found: 0, healthy nodes count inNodeManager: 5.
2019-09-19 14:32:40,939 [IPC Server handler 1 on 45241] WARN  block.BlockManagerImpl (BlockManagerImpl.java:allocateBlock(192)) - Pipeline creation failed for type:RATIS factor:THREE. Retrying get pipelines call once.
org.apache.hadoop.hdds.scm.exceptions.SCMException: Unable to find enough nodes that meet the criteria that cannot engage in more than 5 pipelines. Nodes required: 3 Found: 0, healthy nodes count inNodeManager: 5.
	at org.apache.hadoop.hdds.scm.pipeline.PipelinePlacementPolicy.filterViableNodes(PipelinePlacementPolicy.java:147)
	at org.apache.hadoop.hdds.scm.pipeline.PipelinePlacementPolicy.chooseDatanodes(PipelinePlacementPolicy.java:170)
	at org.apache.hadoop.hdds.scm.pipeline.RatisPipelineProvider.create(RatisPipelineProvider.java:92)
	at org.apache.hadoop.hdds.scm.pipeline.PipelineFactory.create(PipelineFactory.java:57)
	at org.apache.hadoop.hdds.scm.pipeline.SCMPipelineManager.createPipeline(SCMPipelineManager.java:149)
	at org.apache.hadoop.hdds.scm.block.BlockManagerImpl.allocateBlock(BlockManagerImpl.java:190)
	at org.apache.hadoop.hdds.scm.server.SCMBlockProtocolServer.allocateBlock(SCMBlockProtocolServer.java:175)
	at org.apache.hadoop.ozone.protocolPB.ScmBlockLocationProtocolServerSideTranslatorPB.allocateScmBlock(ScmBlockLocationProtocolServerSideTranslatorPB.java:153)
	at org.apache.hadoop.ozone.protocolPB.ScmBlockLocationProtocolServerSideTranslatorPB.send(ScmBlockLocationProtocolServerSideTranslatorPB.java:112)
	at org.apache.hadoop.hdds.protocol.proto.ScmBlockLocationProtocolProtos$ScmBlockLocationProtocolService$2.callBlockingMethod(ScmBlockLocationProtocolProtos.java:13157)
	at org.apache.hadoop.ipc.ProtobufRpcEngine$Server$ProtoBufRpcInvoker.call(ProtobufRpcEngine.java:524)
	at org.apache.hadoop.ipc.RPC$Server.call(RPC.java:1025)
	at org.apache.hadoop.ipc.Server$RpcCall.run(Server.java:876)
	at org.apache.hadoop.ipc.Server$RpcCall.run(Server.java:822)
	at java.security.AccessController.doPrivileged(Native Method)
	at javax.security.auth.Subject.doAs(Subject.java:422)
	at org.apache.hadoop.security.UserGroupInformation.doAs(UserGroupInformation.java:1730)
	at org.apache.hadoop.ipc.Server$Handler.run(Server.java:2682)
2019-09-19 14:32:40,940 [IPC Server handler 1 on 45241] INFO  block.BlockManagerImpl (BlockManagerImpl.java:allocateBlock(198)) - Could not find available pipeline of type:RATIS and factor:THREE even after retrying
2019-09-19 14:32:40,940 [IPC Server handler 1 on 45241] ERROR block.BlockManagerImpl (BlockManagerImpl.java:allocateBlock(222)) - Unable to allocate a block for the size: 4194304, type: RATIS, factor: THREE
2019-09-19 14:32:40,940 | INFO  | SCMAudit | user=jenkins1000 | ip=192.168.5.132 | op=ALLOCATE_BLOCK {owner=f2bd3e2b-7377-4ef4-9ae2-50ad1b64c7af, size=4194304, type=RATIS, factor=THREE} | ret=SUCCESS |  
2019-09-19 14:32:40,941 | ERROR | OMAudit | user=jenkins1000 | ip=127.0.0.1 | op=CREATE_FILE {volume=volume11250, bucket=bucket11081, key=test/testopenfiletwice.txt, dataSize=0, replicationType=RATIS, replicationFactor=THREE, keyLocationInfo=null} | ret=FAILURE | org.apache.hadoop.hdds.scm.exceptions.SCMException: Allocated 0 blocks. Requested 1 blocks
	at org.apache.hadoop.hdds.scm.protocolPB.ScmBlockLocationProtocolClientSideTranslatorPB.handleError(ScmBlockLocationProtocolClientSideTranslatorPB.java:118)
	at org.apache.hadoop.hdds.scm.protocolPB.ScmBlockLocationProtocolClientSideTranslatorPB.allocateBlock(ScmBlockLocationProtocolClientSideTranslatorPB.java:156) 
2019-09-19 14:32:40,946 | INFO  | OMAudit | user=jenkins1000 | ip=127.0.0.1 | op=GET_FILE_STATUS {volume=volume11250, bucket=bucket11081, key=test, dataSize=0, replicationType=null, replicationFactor=null, keyLocationInfo=null} | ret=SUCCESS |  
2019-09-19 14:32:40,948 | INFO  | OMAudit | user=jenkins1000 | ip=127.0.0.1 | op=GET_FILE_STATUS {volume=volume11250, bucket=bucket11081, key=test, dataSize=0, replicationType=null, replicationFactor=null, keyLocationInfo=null} | ret=SUCCESS |  
2019-09-19 14:32:40,950 | INFO  | OMAudit | user=jenkins1000 | ip=127.0.0.1 | op=GET_FILE_STATUS {volume=volume11250, bucket=bucket11081, key=test, dataSize=0, replicationType=null, replicationFactor=null, keyLocationInfo=null} | ret=SUCCESS |  
2019-09-19 14:32:40,951 | INFO  | OMAudit | user=jenkins1000 | ip=127.0.0.1 | op=LIST_KEYS {volume=volume11250, bucket=bucket11081, startKey=, maxKeys=1000, keyPrefix=test/} | ret=SUCCESS |  
2019-09-19 14:32:40,954 | INFO  | OMAudit | user=jenkins1000 | ip=127.0.0.1 | op=DELETE_KEY {volume=volume11250, bucket=bucket11081, key=test/, dataSize=0, replicationType=null, replicationFactor=null, keyLocationInfo=null} | ret=SUCCESS |  
2019-09-19 14:32:40,954 | INFO  | SCMAudit | user=jenkins1000 | ip=192.168.5.132 | op=SEND_HEARTBEAT {datanodeUUID=570e97a0-06fc-447e-8972-b83f57a17e92, command=[]} | ret=SUCCESS |  
2019-09-19 14:32:40,955 | INFO  | OMAudit | user=jenkins1000 | ip=127.0.0.1 | op=LIST_KEYS {volume=volume11250, bucket=bucket11081, startKey=test/, maxKeys=1000, keyPrefix=test/} | ret=SUCCESS |  
]]></system-out>
  </testcase>
  <testcase name="testSequentialRead" classname="org.apache.hadoop.fs.ozone.contract.ITestOzoneContractOpen" time="0.1">
    <error message="Allocated 0 blocks. Requested 1 blocks" type="INTERNAL_ERROR org.apache.hadoop.ozone.om.exceptions.OMException">INTERNAL_ERROR org.apache.hadoop.ozone.om.exceptions.OMException: Allocated 0 blocks. Requested 1 blocks
	at org.apache.hadoop.ozone.om.protocolPB.OzoneManagerProtocolClientSideTranslatorPB.handleError(OzoneManagerProtocolClientSideTranslatorPB.java:725)
	at org.apache.hadoop.ozone.om.protocolPB.OzoneManagerProtocolClientSideTranslatorPB.createFile(OzoneManagerProtocolClientSideTranslatorPB.java:1474)
	at org.apache.hadoop.ozone.client.rpc.RpcClient.createFile(RpcClient.java:984)
	at org.apache.hadoop.ozone.client.OzoneBucket.createFile(OzoneBucket.java:535)
	at org.apache.hadoop.fs.ozone.BasicOzoneClientAdapterImpl.createFile(BasicOzoneClientAdapterImpl.java:181)
	at org.apache.hadoop.fs.ozone.BasicOzoneFileSystem.createOutputStream(BasicOzoneFileSystem.java:249)
	at org.apache.hadoop.fs.ozone.BasicOzoneFileSystem.create(BasicOzoneFileSystem.java:230)
	at org.apache.hadoop.fs.FileSystem.create(FileSystem.java:1118)
	at org.apache.hadoop.fs.FileSystem.create(FileSystem.java:1098)
	at org.apache.hadoop.fs.FileSystem.create(FileSystem.java:987)
	at org.apache.hadoop.fs.contract.ContractTestUtils.createFile(ContractTestUtils.java:633)
	at org.apache.hadoop.fs.contract.AbstractContractOpenTest.testSequentialRead(AbstractContractOpenTest.java:153)
	at sun.reflect.NativeMethodAccessorImpl.invoke0(Native Method)
	at sun.reflect.NativeMethodAccessorImpl.invoke(NativeMethodAccessorImpl.java:62)
	at sun.reflect.DelegatingMethodAccessorImpl.invoke(DelegatingMethodAccessorImpl.java:43)
	at java.lang.reflect.Method.invoke(Method.java:498)
	at org.junit.runners.model.FrameworkMethod$1.runReflectiveCall(FrameworkMethod.java:47)
	at org.junit.internal.runners.model.ReflectiveCallable.run(ReflectiveCallable.java:12)
	at org.junit.runners.model.FrameworkMethod.invokeExplosively(FrameworkMethod.java:44)
	at org.junit.internal.runners.statements.InvokeMethod.evaluate(InvokeMethod.java:17)
	at org.junit.internal.runners.statements.RunBefores.evaluate(RunBefores.java:26)
	at org.junit.internal.runners.statements.RunAfters.evaluate(RunAfters.java:27)
	at org.junit.rules.TestWatcher$1.evaluate(TestWatcher.java:55)
	at org.junit.internal.runners.statements.FailOnTimeout$StatementThread.run(FailOnTimeout.java:74)
</error>
    <system-out><![CDATA[2019-09-19 14:32:40,980 | INFO  | OMAudit | user=jenkins1000 | ip=127.0.0.1 | op=CREATE_VOLUME {admin=admin19378, owner=user52666, volume=volume78534, creationTime=1568903560980, quotaInBytes=1152921504606846976} | ret=SUCCESS |  
2019-09-19 14:32:40,982 | INFO  | OMAudit | user=jenkins1000 | ip=127.0.0.1 | op=CREATE_BUCKET {volume=volume78534, bucket=bucket90724, acls=[], isVersionEnabled=false, storageType=DISK, creationTime=0} | ret=SUCCESS |  
2019-09-19 14:32:40,986 | INFO  | SCMAudit | user=jenkins1000 | ip=192.168.5.132 | op=SEND_HEARTBEAT {datanodeUUID=7a325ef5-9e46-4d2e-b6ac-02f5003c9e57, command=[]} | ret=SUCCESS |  
2019-09-19 14:32:41,034 | INFO  | OMAudit | user=jenkins1000 | ip=127.0.0.1 | op=READ_VOLUME {volume=volume78534} | ret=SUCCESS |  
2019-09-19 14:32:41,036 | INFO  | OMAudit | user=jenkins1000 | ip=127.0.0.1 | op=READ_BUCKET {volume=volume78534, bucket=bucket90724} | ret=SUCCESS |  
2019-09-19 14:32:41,037 [Thread-308] INFO  contract.AbstractFSContractTestBase (AbstractFSContractTestBase.java:setup(184)) - Test filesystem = o3fs://bucket90724.volume78534 implemented by OzoneFileSystem{URI=o3fs://bucket90724.volume78534, workingDir=o3fs://bucket90724.volume78534/user/jenkins1000, userName=jenkins1000, statistics=0 bytes read, 0 bytes written, 12 read ops, 0 large read ops, 8 write ops}
2019-09-19 14:32:41,040 | INFO  | OMAudit | user=jenkins1000 | ip=127.0.0.1 | op=CREATE_DIRECTORY {volume=volume78534, bucket=bucket90724, key=test, dataSize=0, replicationType=null, replicationFactor=null, keyLocationInfo=null} | ret=SUCCESS |  
2019-09-19 14:32:41,040 [Thread-308] INFO  contract.AbstractFSContractTestBase (AbstractFSContractTestBase.java:describe(255)) - verify that sequential read() operations return values
2019-09-19 14:32:41,043 [IPC Server handler 3 on 45241] ERROR pipeline.PipelinePlacementPolicy (PipelinePlacementPolicy.java:meetCriteria(91)) - Pipeline Placement: Doesn't meet the criteria to be viable node. Heaviness: 6
2019-09-19 14:32:41,044 [IPC Server handler 3 on 45241] ERROR pipeline.PipelinePlacementPolicy (PipelinePlacementPolicy.java:meetCriteria(91)) - Pipeline Placement: Doesn't meet the criteria to be viable node. Heaviness: 6
2019-09-19 14:32:41,044 [IPC Server handler 3 on 45241] ERROR pipeline.PipelinePlacementPolicy (PipelinePlacementPolicy.java:meetCriteria(91)) - Pipeline Placement: Doesn't meet the criteria to be viable node. Heaviness: 6
2019-09-19 14:32:41,044 [IPC Server handler 3 on 45241] ERROR pipeline.PipelinePlacementPolicy (PipelinePlacementPolicy.java:meetCriteria(91)) - Pipeline Placement: Doesn't meet the criteria to be viable node. Heaviness: 6
2019-09-19 14:32:41,044 [IPC Server handler 3 on 45241] ERROR pipeline.PipelinePlacementPolicy (PipelinePlacementPolicy.java:meetCriteria(91)) - Pipeline Placement: Doesn't meet the criteria to be viable node. Heaviness: 6
2019-09-19 14:32:41,044 [IPC Server handler 3 on 45241] ERROR pipeline.PipelinePlacementPolicy (PipelinePlacementPolicy.java:filterViableNodes(146)) - Unable to find enough nodes that meet the criteria that cannot engage in more than 5 pipelines. Nodes required: 3 Found: 0, healthy nodes count inNodeManager: 5.
2019-09-19 14:32:41,045 [IPC Server handler 3 on 45241] ERROR pipeline.SCMPipelineManager (SCMPipelineManager.java:createPipeline(161)) - Pipeline creation failed due to exception: Unable to find enough nodes that meet the criteria that cannot engage in more than 5 pipelines. Nodes required: 3 Found: 0, healthy nodes count inNodeManager: 5.
2019-09-19 14:32:41,045 [IPC Server handler 3 on 45241] WARN  block.BlockManagerImpl (BlockManagerImpl.java:allocateBlock(192)) - Pipeline creation failed for type:RATIS factor:THREE. Retrying get pipelines call once.
org.apache.hadoop.hdds.scm.exceptions.SCMException: Unable to find enough nodes that meet the criteria that cannot engage in more than 5 pipelines. Nodes required: 3 Found: 0, healthy nodes count inNodeManager: 5.
	at org.apache.hadoop.hdds.scm.pipeline.PipelinePlacementPolicy.filterViableNodes(PipelinePlacementPolicy.java:147)
	at org.apache.hadoop.hdds.scm.pipeline.PipelinePlacementPolicy.chooseDatanodes(PipelinePlacementPolicy.java:170)
	at org.apache.hadoop.hdds.scm.pipeline.RatisPipelineProvider.create(RatisPipelineProvider.java:92)
	at org.apache.hadoop.hdds.scm.pipeline.PipelineFactory.create(PipelineFactory.java:57)
	at org.apache.hadoop.hdds.scm.pipeline.SCMPipelineManager.createPipeline(SCMPipelineManager.java:149)
	at org.apache.hadoop.hdds.scm.block.BlockManagerImpl.allocateBlock(BlockManagerImpl.java:190)
	at org.apache.hadoop.hdds.scm.server.SCMBlockProtocolServer.allocateBlock(SCMBlockProtocolServer.java:175)
	at org.apache.hadoop.ozone.protocolPB.ScmBlockLocationProtocolServerSideTranslatorPB.allocateScmBlock(ScmBlockLocationProtocolServerSideTranslatorPB.java:153)
	at org.apache.hadoop.ozone.protocolPB.ScmBlockLocationProtocolServerSideTranslatorPB.send(ScmBlockLocationProtocolServerSideTranslatorPB.java:112)
	at org.apache.hadoop.hdds.protocol.proto.ScmBlockLocationProtocolProtos$ScmBlockLocationProtocolService$2.callBlockingMethod(ScmBlockLocationProtocolProtos.java:13157)
	at org.apache.hadoop.ipc.ProtobufRpcEngine$Server$ProtoBufRpcInvoker.call(ProtobufRpcEngine.java:524)
	at org.apache.hadoop.ipc.RPC$Server.call(RPC.java:1025)
	at org.apache.hadoop.ipc.Server$RpcCall.run(Server.java:876)
	at org.apache.hadoop.ipc.Server$RpcCall.run(Server.java:822)
	at java.security.AccessController.doPrivileged(Native Method)
	at javax.security.auth.Subject.doAs(Subject.java:422)
	at org.apache.hadoop.security.UserGroupInformation.doAs(UserGroupInformation.java:1730)
	at org.apache.hadoop.ipc.Server$Handler.run(Server.java:2682)
2019-09-19 14:32:41,045 [IPC Server handler 3 on 45241] INFO  block.BlockManagerImpl (BlockManagerImpl.java:allocateBlock(198)) - Could not find available pipeline of type:RATIS and factor:THREE even after retrying
2019-09-19 14:32:41,045 [IPC Server handler 3 on 45241] ERROR block.BlockManagerImpl (BlockManagerImpl.java:allocateBlock(222)) - Unable to allocate a block for the size: 4194304, type: RATIS, factor: THREE
2019-09-19 14:32:41,046 | INFO  | SCMAudit | user=jenkins1000 | ip=192.168.5.132 | op=ALLOCATE_BLOCK {owner=f2bd3e2b-7377-4ef4-9ae2-50ad1b64c7af, size=4194304, type=RATIS, factor=THREE} | ret=SUCCESS |  
2019-09-19 14:32:41,046 | ERROR | OMAudit | user=jenkins1000 | ip=127.0.0.1 | op=CREATE_FILE {volume=volume78534, bucket=bucket90724, key=test/testsequentialread.txt, dataSize=0, replicationType=RATIS, replicationFactor=THREE, keyLocationInfo=null} | ret=FAILURE | org.apache.hadoop.hdds.scm.exceptions.SCMException: Allocated 0 blocks. Requested 1 blocks
	at org.apache.hadoop.hdds.scm.protocolPB.ScmBlockLocationProtocolClientSideTranslatorPB.handleError(ScmBlockLocationProtocolClientSideTranslatorPB.java:118)
	at org.apache.hadoop.hdds.scm.protocolPB.ScmBlockLocationProtocolClientSideTranslatorPB.allocateBlock(ScmBlockLocationProtocolClientSideTranslatorPB.java:156) 
2019-09-19 14:32:41,048 | INFO  | OMAudit | user=jenkins1000 | ip=127.0.0.1 | op=GET_FILE_STATUS {volume=volume78534, bucket=bucket90724, key=test, dataSize=0, replicationType=null, replicationFactor=null, keyLocationInfo=null} | ret=SUCCESS |  
2019-09-19 14:32:41,050 | INFO  | OMAudit | user=jenkins1000 | ip=127.0.0.1 | op=GET_FILE_STATUS {volume=volume78534, bucket=bucket90724, key=test, dataSize=0, replicationType=null, replicationFactor=null, keyLocationInfo=null} | ret=SUCCESS |  
2019-09-19 14:32:41,051 | INFO  | OMAudit | user=jenkins1000 | ip=127.0.0.1 | op=GET_FILE_STATUS {volume=volume78534, bucket=bucket90724, key=test, dataSize=0, replicationType=null, replicationFactor=null, keyLocationInfo=null} | ret=SUCCESS |  
2019-09-19 14:32:41,053 | INFO  | OMAudit | user=jenkins1000 | ip=127.0.0.1 | op=LIST_KEYS {volume=volume78534, bucket=bucket90724, startKey=, maxKeys=1000, keyPrefix=test/} | ret=SUCCESS |  
2019-09-19 14:32:41,055 | INFO  | OMAudit | user=jenkins1000 | ip=127.0.0.1 | op=DELETE_KEY {volume=volume78534, bucket=bucket90724, key=test/, dataSize=0, replicationType=null, replicationFactor=null, keyLocationInfo=null} | ret=SUCCESS |  
2019-09-19 14:32:41,056 | INFO  | OMAudit | user=jenkins1000 | ip=127.0.0.1 | op=LIST_KEYS {volume=volume78534, bucket=bucket90724, startKey=test/, maxKeys=1000, keyPrefix=test/} | ret=SUCCESS |  
]]></system-out>
  </testcase>
  <testcase name="testOpenReadDirWithChild" classname="org.apache.hadoop.fs.ozone.contract.ITestOzoneContractOpen" time="0.085"/>
</testsuite>