<?xml version="1.0" encoding="UTF-8"?>
<testsuite xmlns:xsi="http://www.w3.org/2001/XMLSchema-instance" xsi:noNamespaceSchemaLocation="https://maven.apache.org/surefire/maven-surefire-plugin/xsd/surefire-test-report.xsd" name="org.apache.hadoop.fs.ozone.TestOzoneFSInputStream" time="50.292" tests="1" errors="1" skipped="0" failures="0">
  <properties>
    <property name="awt.toolkit" value="sun.awt.X11.XToolkit"/>
    <property name="file.encoding.pkg" value="sun.io"/>
    <property name="java.specification.version" value="1.8"/>
    <property name="sun.cpu.isalist" value=""/>
    <property name="sun.jnu.encoding" value="UTF-8"/>
    <property name="java.class.path" value="/workdir/hadoop-ozone/ozonefs/target/test-classes:/workdir/hadoop-ozone/ozonefs/target/classes:/home/user/.m2/repository/org/apache/hadoop/hadoop-common/3.2.0/hadoop-common-3.2.0.jar:/home/user/.m2/repository/org/apache/hadoop/hadoop-annotations/3.2.0/hadoop-annotations-3.2.0.jar:/usr/lib/jvm/java-1.8-openjdk/jre/../lib/tools.jar:/home/user/.m2/repository/com/google/guava/guava/11.0.2/guava-11.0.2.jar:/home/user/.m2/repository/commons-cli/commons-cli/1.2/commons-cli-1.2.jar:/home/user/.m2/repository/org/apache/commons/commons-math3/3.1.1/commons-math3-3.1.1.jar:/home/user/.m2/repository/org/apache/httpcomponents/httpclient/4.5.2/httpclient-4.5.2.jar:/home/user/.m2/repository/org/apache/httpcomponents/httpcore/4.4.4/httpcore-4.4.4.jar:/home/user/.m2/repository/commons-codec/commons-codec/1.11/commons-codec-1.11.jar:/home/user/.m2/repository/commons-io/commons-io/2.5/commons-io-2.5.jar:/home/user/.m2/repository/commons-net/commons-net/3.6/commons-net-3.6.jar:/home/user/.m2/repository/commons-collections/commons-collections/3.2.2/commons-collections-3.2.2.jar:/home/user/.m2/repository/javax/servlet/javax.servlet-api/3.1.0/javax.servlet-api-3.1.0.jar:/home/user/.m2/repository/org/eclipse/jetty/jetty-server/9.3.24.v20180605/jetty-server-9.3.24.v20180605.jar:/home/user/.m2/repository/org/eclipse/jetty/jetty-http/9.3.24.v20180605/jetty-http-9.3.24.v20180605.jar:/home/user/.m2/repository/org/eclipse/jetty/jetty-io/9.3.24.v20180605/jetty-io-9.3.24.v20180605.jar:/home/user/.m2/repository/org/eclipse/jetty/jetty-util/9.3.24.v20180605/jetty-util-9.3.24.v20180605.jar:/home/user/.m2/repository/org/eclipse/jetty/jetty-servlet/9.3.24.v20180605/jetty-servlet-9.3.24.v20180605.jar:/home/user/.m2/repository/org/eclipse/jetty/jetty-security/9.3.24.v20180605/jetty-security-9.3.24.v20180605.jar:/home/user/.m2/repository/org/eclipse/jetty/jetty-webapp/9.3.24.v20180605/jetty-webapp-9.3.24.v20180605.jar:/home/user/.m2/repository/org/eclipse/jetty/jetty-xml/9.3.24.v20180605/jetty-xml-9.3.24.v20180605.jar:/home/user/.m2/repository/javax/servlet/jsp/jsp-api/2.1/jsp-api-2.1.jar:/home/user/.m2/repository/com/sun/jersey/jersey-core/1.19/jersey-core-1.19.jar:/home/user/.m2/repository/javax/ws/rs/jsr311-api/1.1.1/jsr311-api-1.1.1.jar:/home/user/.m2/repository/com/sun/jersey/jersey-servlet/1.19/jersey-servlet-1.19.jar:/home/user/.m2/repository/com/sun/jersey/jersey-json/1.19/jersey-json-1.19.jar:/home/user/.m2/repository/org/codehaus/jettison/jettison/1.1/jettison-1.1.jar:/home/user/.m2/repository/com/sun/xml/bind/jaxb-impl/2.3.0.1/jaxb-impl-2.3.0.1.jar:/home/user/.m2/repository/org/codehaus/jackson/jackson-core-asl/1.9.13/jackson-core-asl-1.9.13.jar:/home/user/.m2/repository/org/codehaus/jackson/jackson-mapper-asl/1.9.13/jackson-mapper-asl-1.9.13.jar:/home/user/.m2/repository/org/codehaus/jackson/jackson-jaxrs/1.9.13/jackson-jaxrs-1.9.13.jar:/home/user/.m2/repository/org/codehaus/jackson/jackson-xc/1.9.13/jackson-xc-1.9.13.jar:/home/user/.m2/repository/com/sun/jersey/jersey-server/1.19/jersey-server-1.19.jar:/home/user/.m2/repository/commons-logging/commons-logging/1.1.3/commons-logging-1.1.3.jar:/home/user/.m2/repository/log4j/log4j/1.2.17/log4j-1.2.17.jar:/home/user/.m2/repository/commons-beanutils/commons-beanutils/1.9.3/commons-beanutils-1.9.3.jar:/home/user/.m2/repository/org/apache/commons/commons-configuration2/2.1.1/commons-configuration2-2.1.1.jar:/home/user/.m2/repository/org/apache/commons/commons-lang3/3.7/commons-lang3-3.7.jar:/home/user/.m2/repository/org/apache/commons/commons-text/1.4/commons-text-1.4.jar:/home/user/.m2/repository/org/slf4j/slf4j-api/1.7.25/slf4j-api-1.7.25.jar:/home/user/.m2/repository/org/slf4j/slf4j-log4j12/1.7.25/slf4j-log4j12-1.7.25.jar:/home/user/.m2/repository/org/apache/avro/avro/1.7.7/avro-1.7.7.jar:/home/user/.m2/repository/com/thoughtworks/paranamer/paranamer/2.3/paranamer-2.3.jar:/home/user/.m2/repository/org/xerial/snappy/snappy-java/1.0.5/snappy-java-1.0.5.jar:/home/user/.m2/repository/com/google/re2j/re2j/1.1/re2j-1.1.jar:/home/user/.m2/repository/com/google/protobuf/protobuf-java/2.5.0/protobuf-java-2.5.0.jar:/home/user/.m2/repository/com/google/code/gson/gson/2.2.4/gson-2.2.4.jar:/home/user/.m2/repository/org/apache/hadoop/hadoop-auth/3.2.0/hadoop-auth-3.2.0.jar:/home/user/.m2/repository/com/nimbusds/nimbus-jose-jwt/4.41.1/nimbus-jose-jwt-4.41.1.jar:/home/user/.m2/repository/com/github/stephenc/jcip/jcip-annotations/1.0-1/jcip-annotations-1.0-1.jar:/home/user/.m2/repository/net/minidev/json-smart/2.3/json-smart-2.3.jar:/home/user/.m2/repository/net/minidev/accessors-smart/1.2/accessors-smart-1.2.jar:/home/user/.m2/repository/org/apache/curator/curator-framework/2.12.0/curator-framework-2.12.0.jar:/home/user/.m2/repository/com/jcraft/jsch/0.1.54/jsch-0.1.54.jar:/home/user/.m2/repository/org/apache/curator/curator-client/2.12.0/curator-client-2.12.0.jar:/home/user/.m2/repository/org/apache/curator/curator-recipes/2.12.0/curator-recipes-2.12.0.jar:/home/user/.m2/repository/com/google/code/findbugs/jsr305/3.0.0/jsr305-3.0.0.jar:/home/user/.m2/repository/org/apache/htrace/htrace-core4/4.1.0-incubating/htrace-core4-4.1.0-incubating.jar:/home/user/.m2/repository/org/apache/zookeeper/zookeeper/3.4.13/zookeeper-3.4.13.jar:/home/user/.m2/repository/org/apache/yetus/audience-annotations/0.5.0/audience-annotations-0.5.0.jar:/home/user/.m2/repository/org/apache/commons/commons-compress/1.4.1/commons-compress-1.4.1.jar:/home/user/.m2/repository/org/tukaani/xz/1.0/xz-1.0.jar:/home/user/.m2/repository/org/apache/kerby/kerb-simplekdc/1.0.1/kerb-simplekdc-1.0.1.jar:/home/user/.m2/repository/org/apache/kerby/kerb-client/1.0.1/kerb-client-1.0.1.jar:/home/user/.m2/repository/org/apache/kerby/kerby-config/1.0.1/kerby-config-1.0.1.jar:/home/user/.m2/repository/org/apache/kerby/kerb-core/1.0.1/kerb-core-1.0.1.jar:/home/user/.m2/repository/org/apache/kerby/kerby-pkix/1.0.1/kerby-pkix-1.0.1.jar:/home/user/.m2/repository/org/apache/kerby/kerby-asn1/1.0.1/kerby-asn1-1.0.1.jar:/home/user/.m2/repository/org/apache/kerby/kerby-util/1.0.1/kerby-util-1.0.1.jar:/home/user/.m2/repository/org/apache/kerby/kerb-common/1.0.1/kerb-common-1.0.1.jar:/home/user/.m2/repository/org/apache/kerby/kerb-crypto/1.0.1/kerb-crypto-1.0.1.jar:/home/user/.m2/repository/org/apache/kerby/kerb-util/1.0.1/kerb-util-1.0.1.jar:/home/user/.m2/repository/org/apache/kerby/token-provider/1.0.1/token-provider-1.0.1.jar:/home/user/.m2/repository/org/apache/kerby/kerb-admin/1.0.1/kerb-admin-1.0.1.jar:/home/user/.m2/repository/org/apache/kerby/kerb-server/1.0.1/kerb-server-1.0.1.jar:/home/user/.m2/repository/org/apache/kerby/kerb-identity/1.0.1/kerb-identity-1.0.1.jar:/home/user/.m2/repository/org/apache/kerby/kerby-xdr/1.0.1/kerby-xdr-1.0.1.jar:/home/user/.m2/repository/com/fasterxml/jackson/core/jackson-databind/2.9.5/jackson-databind-2.9.5.jar:/home/user/.m2/repository/com/fasterxml/jackson/core/jackson-annotations/2.9.5/jackson-annotations-2.9.5.jar:/home/user/.m2/repository/com/fasterxml/jackson/core/jackson-core/2.9.5/jackson-core-2.9.5.jar:/home/user/.m2/repository/org/codehaus/woodstox/stax2-api/3.1.4/stax2-api-3.1.4.jar:/home/user/.m2/repository/com/fasterxml/woodstox/woodstox-core/5.0.3/woodstox-core-5.0.3.jar:/home/user/.m2/repository/dnsjava/dnsjava/2.1.7/dnsjava-2.1.7.jar:/home/user/.m2/repository/org/apache/hadoop/hadoop-hdfs/3.2.0/hadoop-hdfs-3.2.0.jar:/home/user/.m2/repository/org/eclipse/jetty/jetty-util-ajax/9.3.24.v20180605/jetty-util-ajax-9.3.24.v20180605.jar:/home/user/.m2/repository/commons-daemon/commons-daemon/1.0.13/commons-daemon-1.0.13.jar:/home/user/.m2/repository/io/netty/netty/3.10.5.Final/netty-3.10.5.Final.jar:/home/user/.m2/repository/io/netty/netty-all/4.0.52.Final/netty-all-4.0.52.Final.jar:/home/user/.m2/repository/org/fusesource/leveldbjni/leveldbjni-all/1.8/leveldbjni-all-1.8.jar:/home/user/.m2/repository/org/apache/hadoop/hadoop-hdds-common/0.5.0-SNAPSHOT/hadoop-hdds-common-0.5.0-SNAPSHOT.jar:/home/user/.m2/repository/org/apache/hadoop/hadoop-hdds-config/0.5.0-SNAPSHOT/hadoop-hdds-config-0.5.0-SNAPSHOT.jar:/home/user/.m2/repository/javax/annotation/javax.annotation-api/1.2/javax.annotation-api-1.2.jar:/home/user/.m2/repository/org/apache/ratis/ratis-server/0.4.0-2337318-SNAPSHOT/ratis-server-0.4.0-2337318-SNAPSHOT.jar:/home/user/.m2/repository/org/apache/ratis/ratis-thirdparty-misc/0.2.0/ratis-thirdparty-misc-0.2.0.jar:/home/user/.m2/repository/org/apache/ratis/ratis-proto/0.4.0-2337318-SNAPSHOT/ratis-proto-0.4.0-2337318-SNAPSHOT.jar:/home/user/.m2/repository/org/apache/ratis/ratis-common/0.4.0-2337318-SNAPSHOT/ratis-common-0.4.0-2337318-SNAPSHOT.jar:/home/user/.m2/repository/org/apache/ratis/ratis-client/0.4.0-2337318-SNAPSHOT/ratis-client-0.4.0-2337318-SNAPSHOT.jar:/home/user/.m2/repository/org/apache/ratis/ratis-metrics/0.4.0-2337318-SNAPSHOT/ratis-metrics-0.4.0-2337318-SNAPSHOT.jar:/home/user/.m2/repository/org/apache/ratis/ratis-netty/0.4.0-2337318-SNAPSHOT/ratis-netty-0.4.0-2337318-SNAPSHOT.jar:/home/user/.m2/repository/org/apache/ratis/ratis-grpc/0.4.0-2337318-SNAPSHOT/ratis-grpc-0.4.0-2337318-SNAPSHOT.jar:/home/user/.m2/repository/org/rocksdb/rocksdbjni/6.0.1/rocksdbjni-6.0.1.jar:/home/user/.m2/repository/org/apache/logging/log4j/log4j-api/2.11.0/log4j-api-2.11.0.jar:/home/user/.m2/repository/org/apache/logging/log4j/log4j-core/2.11.0/log4j-core-2.11.0.jar:/home/user/.m2/repository/com/lmax/disruptor/3.4.2/disruptor-3.4.2.jar:/home/user/.m2/repository/org/apache/commons/commons-pool2/2.6.0/commons-pool2-2.6.0.jar:/home/user/.m2/repository/org/bouncycastle/bcpkix-jdk15on/1.60/bcpkix-jdk15on-1.60.jar:/home/user/.m2/repository/commons-validator/commons-validator/1.6/commons-validator-1.6.jar:/home/user/.m2/repository/commons-digester/commons-digester/1.8.1/commons-digester-1.8.1.jar:/home/user/.m2/repository/io/jaegertracing/jaeger-client/0.33.1/jaeger-client-0.33.1.jar:/home/user/.m2/repository/io/jaegertracing/jaeger-thrift/0.33.1/jaeger-thrift-0.33.1.jar:/home/user/.m2/repository/org/apache/thrift/libthrift/0.11.0/libthrift-0.11.0.jar:/home/user/.m2/repository/com/squareup/okhttp3/okhttp/3.9.0/okhttp-3.9.0.jar:/home/user/.m2/repository/com/squareup/okio/okio/1.13.0/okio-1.13.0.jar:/home/user/.m2/repository/io/jaegertracing/jaeger-core/0.33.1/jaeger-core-0.33.1.jar:/home/user/.m2/repository/io/jaegertracing/jaeger-tracerresolver/0.33.1/jaeger-tracerresolver-0.33.1.jar:/home/user/.m2/repository/io/opentracing/contrib/opentracing-tracerresolver/0.1.5/opentracing-tracerresolver-0.1.5.jar:/home/user/.m2/repository/io/opentracing/opentracing-util/0.31.0/opentracing-util-0.31.0.jar:/home/user/.m2/repository/io/opentracing/opentracing-api/0.31.0/opentracing-api-0.31.0.jar:/home/user/.m2/repository/io/opentracing/opentracing-noop/0.31.0/opentracing-noop-0.31.0.jar:/home/user/.m2/repository/org/yaml/snakeyaml/1.16/snakeyaml-1.16.jar:/home/user/.m2/repository/org/apache/hadoop/hadoop-hdfs-client/3.2.0/hadoop-hdfs-client-3.2.0.jar:/home/user/.m2/repository/info/picocli/picocli/3.9.6/picocli-3.9.6.jar:/home/user/.m2/repository/org/apache/hadoop/hadoop-hdds-server-scm/0.5.0-SNAPSHOT/hadoop-hdds-server-scm-0.5.0-SNAPSHOT.jar:/home/user/.m2/repository/org/apache/hadoop/hadoop-hdds-docs/0.5.0-SNAPSHOT/hadoop-hdds-docs-0.5.0-SNAPSHOT.jar:/home/user/.m2/repository/io/dropwizard/metrics/metrics-core/3.2.4/metrics-core-3.2.4.jar:/home/user/.m2/repository/org/hamcrest/hamcrest-all/1.3/hamcrest-all-1.3.jar:/home/user/.m2/repository/org/bouncycastle/bcprov-jdk15on/1.60/bcprov-jdk15on-1.60.jar:/home/user/.m2/repository/org/apache/hadoop/hadoop-hdds-server-framework/0.5.0-SNAPSHOT/hadoop-hdds-server-framework-0.5.0-SNAPSHOT.jar:/home/user/.m2/repository/org/apache/hadoop/hadoop-ozone-ozone-manager/0.5.0-SNAPSHOT/hadoop-ozone-ozone-manager-0.5.0-SNAPSHOT.jar:/home/user/.m2/repository/org/apache/hadoop/hadoop-hdds-container-service/0.5.0-SNAPSHOT/hadoop-hdds-container-service-0.5.0-SNAPSHOT.jar:/home/user/.m2/repository/org/apache/hadoop/hadoop-hdds-client/0.5.0-SNAPSHOT/hadoop-hdds-client-0.5.0-SNAPSHOT.jar:/home/user/.m2/repository/org/apache/hadoop/hadoop-ozone-common/0.5.0-SNAPSHOT/hadoop-ozone-common-0.5.0-SNAPSHOT.jar:/home/user/.m2/repository/org/apache/hadoop/hadoop-hdds-tools/0.5.0-SNAPSHOT/hadoop-hdds-tools-0.5.0-SNAPSHOT.jar:/home/user/.m2/repository/org/xerial/sqlite-jdbc/3.25.2/sqlite-jdbc-3.25.2.jar:/home/user/.m2/repository/org/apache/hadoop/hadoop-ozone-objectstore-service/0.5.0-SNAPSHOT/hadoop-ozone-objectstore-service-0.5.0-SNAPSHOT.jar:/home/user/.m2/repository/com/google/code/findbugs/findbugs/3.0.1/findbugs-3.0.1.jar:/home/user/.m2/repository/net/jcip/jcip-annotations/1.0/jcip-annotations-1.0.jar:/home/user/.m2/repository/com/google/code/findbugs/bcel-findbugs/6.0/bcel-findbugs-6.0.jar:/home/user/.m2/repository/com/google/code/findbugs/jFormatString/2.0.1/jFormatString-2.0.1.jar:/home/user/.m2/repository/dom4j/dom4j/1.6.1/dom4j-1.6.1.jar:/home/user/.m2/repository/xml-apis/xml-apis/1.0.b2/xml-apis-1.0.b2.jar:/home/user/.m2/repository/org/ow2/asm/asm-debug-all/5.0.2/asm-debug-all-5.0.2.jar:/home/user/.m2/repository/org/ow2/asm/asm-commons/5.0.2/asm-commons-5.0.2.jar:/home/user/.m2/repository/org/ow2/asm/asm-tree/5.0.2/asm-tree-5.0.2.jar:/home/user/.m2/repository/org/ow2/asm/asm/5.0.4/asm-5.0.4.jar:/home/user/.m2/repository/commons-lang/commons-lang/2.6/commons-lang-2.6.jar:/home/user/.m2/repository/com/apple/AppleJavaExtensions/1.4/AppleJavaExtensions-1.4.jar:/home/user/.m2/repository/jaxen/jaxen/1.1.6/jaxen-1.1.6.jar:/home/user/.m2/repository/org/apache/hadoop/hadoop-common/3.2.0/hadoop-common-3.2.0-tests.jar:/home/user/.m2/repository/org/apache/hadoop/hadoop-ozone-client/0.5.0-SNAPSHOT/hadoop-ozone-client-0.5.0-SNAPSHOT.jar:/home/user/.m2/repository/org/apache/hadoop/hadoop-hdfs/3.2.0/hadoop-hdfs-3.2.0-tests.jar:/workdir/hadoop-ozone/integration-test/target/test-classes:/home/user/.m2/repository/org/apache/hadoop/hadoop-ozone-s3gateway/0.5.0-SNAPSHOT/hadoop-ozone-s3gateway-0.5.0-SNAPSHOT.jar:/home/user/.m2/repository/org/jboss/weld/servlet/weld-servlet/2.4.7.Final/weld-servlet-2.4.7.Final.jar:/home/user/.m2/repository/org/glassfish/jersey/containers/jersey-container-servlet-core/2.27/jersey-container-servlet-core-2.27.jar:/home/user/.m2/repository/org/glassfish/hk2/external/javax.inject/2.5.0-b42/javax.inject-2.5.0-b42.jar:/home/user/.m2/repository/org/glassfish/jersey/core/jersey-common/2.27/jersey-common-2.27.jar:/home/user/.m2/repository/org/glassfish/hk2/osgi-resource-locator/1.0.1/osgi-resource-locator-1.0.1.jar:/home/user/.m2/repository/javax/ws/rs/javax.ws.rs-api/2.1/javax.ws.rs-api-2.1.jar:/home/user/.m2/repository/org/glassfish/jersey/ext/cdi/jersey-cdi1x/2.27/jersey-cdi1x-2.27.jar:/home/user/.m2/repository/org/glassfish/jersey/inject/jersey-hk2/2.27/jersey-hk2-2.27.jar:/home/user/.m2/repository/org/glassfish/hk2/hk2-locator/2.5.0-b42/hk2-locator-2.5.0-b42.jar:/home/user/.m2/repository/org/javassist/javassist/3.22.0-CR2/javassist-3.22.0-CR2.jar:/home/user/.m2/repository/org/glassfish/hk2/hk2-api/2.5.0/hk2-api-2.5.0.jar:/home/user/.m2/repository/org/glassfish/hk2/external/jakarta.inject/2.5.0/jakarta.inject-2.5.0.jar:/home/user/.m2/repository/org/glassfish/hk2/hk2-utils/2.5.0/hk2-utils-2.5.0.jar:/home/user/.m2/repository/jakarta/annotation/jakarta.annotation-api/1.3.4/jakarta.annotation-api-1.3.4.jar:/home/user/.m2/repository/org/glassfish/hk2/external/aopalliance-repackaged/2.5.0/aopalliance-repackaged-2.5.0.jar:/home/user/.m2/repository/com/fasterxml/jackson/dataformat/jackson-dataformat-xml/2.9.0/jackson-dataformat-xml-2.9.0.jar:/home/user/.m2/repository/com/fasterxml/jackson/module/jackson-module-jaxb-annotations/2.9.5/jackson-module-jaxb-annotations-2.9.5.jar:/home/user/.m2/repository/javax/enterprise/cdi-api/1.2/cdi-api-1.2.jar:/home/user/.m2/repository/javax/el/javax.el-api/3.0.0/javax.el-api-3.0.0.jar:/home/user/.m2/repository/javax/interceptor/javax.interceptor-api/1.2/javax.interceptor-api-1.2.jar:/home/user/.m2/repository/javax/inject/javax.inject/1/javax.inject-1.jar:/home/user/.m2/repository/com/sun/xml/bind/jaxb-core/2.3.0.1/jaxb-core-2.3.0.1.jar:/home/user/.m2/repository/javax/xml/bind/jaxb-api/2.3.0/jaxb-api-2.3.0.jar:/home/user/.m2/repository/javax/activation/activation/1.1.1/activation-1.1.1.jar:/home/user/.m2/repository/org/apache/hadoop/hadoop-ozone-csi/0.5.0-SNAPSHOT/hadoop-ozone-csi-0.5.0-SNAPSHOT.jar:/home/user/.m2/repository/com/google/protobuf/protobuf-java-util/3.5.1/protobuf-java-util-3.5.1.jar:/home/user/.m2/repository/io/grpc/grpc-netty/1.17.1/grpc-netty-1.17.1.jar:/home/user/.m2/repository/io/grpc/grpc-core/1.17.1/grpc-core-1.17.1.jar:/home/user/.m2/repository/io/grpc/grpc-context/1.17.1/grpc-context-1.17.1.jar:/home/user/.m2/repository/com/google/errorprone/error_prone_annotations/2.2.0/error_prone_annotations-2.2.0.jar:/home/user/.m2/repository/org/codehaus/mojo/animal-sniffer-annotations/1.17/animal-sniffer-annotations-1.17.jar:/home/user/.m2/repository/io/opencensus/opencensus-api/0.17.0/opencensus-api-0.17.0.jar:/home/user/.m2/repository/io/opencensus/opencensus-contrib-grpc-metrics/0.17.0/opencensus-contrib-grpc-metrics-0.17.0.jar:/home/user/.m2/repository/io/netty/netty-codec-http2/4.1.30.Final/netty-codec-http2-4.1.30.Final.jar:/home/user/.m2/repository/io/netty/netty-codec-http/4.1.30.Final/netty-codec-http-4.1.30.Final.jar:/home/user/.m2/repository/io/netty/netty-codec/4.1.30.Final/netty-codec-4.1.30.Final.jar:/home/user/.m2/repository/io/netty/netty-handler/4.1.30.Final/netty-handler-4.1.30.Final.jar:/home/user/.m2/repository/io/netty/netty-handler-proxy/4.1.30.Final/netty-handler-proxy-4.1.30.Final.jar:/home/user/.m2/repository/io/netty/netty-codec-socks/4.1.30.Final/netty-codec-socks-4.1.30.Final.jar:/home/user/.m2/repository/io/netty/netty-transport-native-epoll/4.1.30.Final/netty-transport-native-epoll-4.1.30.Final.jar:/home/user/.m2/repository/io/netty/netty-common/4.1.30.Final/netty-common-4.1.30.Final.jar:/home/user/.m2/repository/io/netty/netty-buffer/4.1.30.Final/netty-buffer-4.1.30.Final.jar:/home/user/.m2/repository/io/netty/netty-transport/4.1.30.Final/netty-transport-4.1.30.Final.jar:/home/user/.m2/repository/io/netty/netty-resolver/4.1.30.Final/netty-resolver-4.1.30.Final.jar:/home/user/.m2/repository/io/netty/netty-transport-native-unix-common/4.1.30.Final/netty-transport-native-unix-common-4.1.30.Final.jar:/home/user/.m2/repository/io/grpc/grpc-protobuf/1.17.1/grpc-protobuf-1.17.1.jar:/home/user/.m2/repository/com/google/api/grpc/proto-google-common-protos/1.0.0/proto-google-common-protos-1.0.0.jar:/home/user/.m2/repository/io/grpc/grpc-protobuf-lite/1.17.1/grpc-protobuf-lite-1.17.1.jar:/home/user/.m2/repository/io/grpc/grpc-stub/1.17.1/grpc-stub-1.17.1.jar:/home/user/.m2/repository/org/apache/hadoop/hadoop-ozone-recon/0.5.0-SNAPSHOT/hadoop-ozone-recon-0.5.0-SNAPSHOT.jar:/home/user/.m2/repository/org/apache/hadoop/hadoop-ozone-reconcodegen/0.5.0-SNAPSHOT/hadoop-ozone-reconcodegen-0.5.0-SNAPSHOT.jar:/home/user/.m2/repository/com/google/inject/extensions/guice-multibindings/4.0/guice-multibindings-4.0.jar:/home/user/.m2/repository/com/google/inject/guice/4.0/guice-4.0.jar:/home/user/.m2/repository/aopalliance/aopalliance/1.0/aopalliance-1.0.jar:/home/user/.m2/repository/org/glassfish/jersey/containers/jersey-container-servlet/2.27/jersey-container-servlet-2.27.jar:/home/user/.m2/repository/org/glassfish/hk2/guice-bridge/2.5.0/guice-bridge-2.5.0.jar:/home/user/.m2/repository/org/glassfish/jersey/core/jersey-server/2.27/jersey-server-2.27.jar:/home/user/.m2/repository/org/glassfish/jersey/core/jersey-client/2.27/jersey-client-2.27.jar:/home/user/.m2/repository/org/glassfish/jersey/media/jersey-media-jaxb/2.27/jersey-media-jaxb-2.27.jar:/home/user/.m2/repository/javax/validation/validation-api/1.1.0.Final/validation-api-1.1.0.Final.jar:/home/user/.m2/repository/org/glassfish/jersey/media/jersey-media-json-jackson/2.27/jersey-media-json-jackson-2.27.jar:/home/user/.m2/repository/org/glassfish/jersey/ext/jersey-entity-filtering/2.27/jersey-entity-filtering-2.27.jar:/home/user/.m2/repository/com/google/inject/extensions/guice-assistedinject/4.0/guice-assistedinject-4.0.jar:/home/user/.m2/repository/org/jooq/jooq/3.11.10/jooq-3.11.10.jar:/home/user/.m2/repository/org/jooq/jooq-meta/3.11.10/jooq-meta-3.11.10.jar:/home/user/.m2/repository/org/jooq/jooq-codegen/3.11.10/jooq-codegen-3.11.10.jar:/home/user/.m2/repository/com/jolbox/bonecp/0.8.0.RELEASE/bonecp-0.8.0.RELEASE.jar:/home/user/.m2/repository/org/springframework/spring-jdbc/5.1.3.RELEASE/spring-jdbc-5.1.3.RELEASE.jar:/home/user/.m2/repository/org/springframework/spring-beans/5.1.3.RELEASE/spring-beans-5.1.3.RELEASE.jar:/home/user/.m2/repository/org/springframework/spring-core/5.1.3.RELEASE/spring-core-5.1.3.RELEASE.jar:/home/user/.m2/repository/org/springframework/spring-jcl/5.1.3.RELEASE/spring-jcl-5.1.3.RELEASE.jar:/home/user/.m2/repository/org/springframework/spring-tx/5.1.3.RELEASE/spring-tx-5.1.3.RELEASE.jar:/home/user/.m2/repository/org/mockito/mockito-all/1.10.19/mockito-all-1.10.19.jar:/home/user/.m2/repository/junit/junit/4.11/junit-4.11.jar:/home/user/.m2/repository/org/hamcrest/hamcrest-core/1.3/hamcrest-core-1.3.jar:/home/user/.m2/repository/org/apache/hadoop/hadoop-distcp/3.2.0/hadoop-distcp-3.2.0.jar:/home/user/.m2/repository/org/apache/hadoop/hadoop-distcp/3.2.0/hadoop-distcp-3.2.0-tests.jar:/home/user/.m2/repository/org/apache/hadoop/hadoop-mapreduce-client-jobclient/3.2.0/hadoop-mapreduce-client-jobclient-3.2.0.jar:/home/user/.m2/repository/org/apache/hadoop/hadoop-mapreduce-client-common/3.2.0/hadoop-mapreduce-client-common-3.2.0.jar:/home/user/.m2/repository/org/apache/hadoop/hadoop-yarn-common/3.2.0/hadoop-yarn-common-3.2.0.jar:/home/user/.m2/repository/org/apache/hadoop/hadoop-yarn-api/3.2.0/hadoop-yarn-api-3.2.0.jar:/home/user/.m2/repository/com/sun/jersey/jersey-client/1.19/jersey-client-1.19.jar:/home/user/.m2/repository/com/sun/jersey/contribs/jersey-guice/1.19/jersey-guice-1.19.jar:/home/user/.m2/repository/com/fasterxml/jackson/jaxrs/jackson-jaxrs-json-provider/2.9.5/jackson-jaxrs-json-provider-2.9.5.jar:/home/user/.m2/repository/com/fasterxml/jackson/jaxrs/jackson-jaxrs-base/2.9.5/jackson-jaxrs-base-2.9.5.jar:/home/user/.m2/repository/org/apache/hadoop/hadoop-yarn-client/3.2.0/hadoop-yarn-client-3.2.0.jar:/home/user/.m2/repository/org/apache/hadoop/hadoop-mapreduce-client-core/3.2.0/hadoop-mapreduce-client-core-3.2.0.jar:/home/user/.m2/repository/com/google/inject/extensions/guice-servlet/4.0/guice-servlet-4.0.jar:/home/user/.m2/repository/org/powermock/powermock-module-junit4/1.6.5/powermock-module-junit4-1.6.5.jar:/home/user/.m2/repository/org/powermock/powermock-module-junit4-common/1.6.5/powermock-module-junit4-common-1.6.5.jar:/home/user/.m2/repository/org/powermock/powermock-core/1.6.5/powermock-core-1.6.5.jar:/home/user/.m2/repository/org/powermock/powermock-reflect/1.6.5/powermock-reflect-1.6.5.jar:/home/user/.m2/repository/org/powermock/powermock-api-mockito/1.6.5/powermock-api-mockito-1.6.5.jar:/home/user/.m2/repository/org/mockito/mockito-core/1.10.19/mockito-core-1.10.19.jar:/home/user/.m2/repository/org/objenesis/objenesis/1.0/objenesis-1.0.jar:/home/user/.m2/repository/org/powermock/powermock-api-mockito-common/1.6.5/powermock-api-mockito-common-1.6.5.jar:/home/user/.m2/repository/org/powermock/powermock-api-support/1.6.5/powermock-api-support-1.6.5.jar:"/>
    <property name="java.vm.vendor" value="IcedTea"/>
    <property name="sun.arch.data.model" value="64"/>
    <property name="test.build.dir" value="/workdir/hadoop-ozone/ozonefs/target/test-dir"/>
    <property name="test.cache.data" value=""/>
    <property name="java.vendor.url" value="https://icedtea.classpath.org"/>
    <property name="user.timezone" value=""/>
    <property name="java.vm.specification.version" value="1.8"/>
    <property name="os.name" value="Linux"/>
    <property name="test.build.data" value="/workdir/hadoop-ozone/ozonefs/target/test-dir"/>
    <property name="user.country" value="US"/>
    <property name="sun.java.launcher" value="SUN_STANDARD"/>
    <property name="sun.boot.library.path" value="/usr/lib/jvm/java-1.8-openjdk/jre/lib/amd64"/>
    <property name="sun.java.command" value="/workdir/hadoop-ozone/ozonefs/target/surefire/surefirebooter212133606420661524.jar /workdir/hadoop-ozone/ozonefs/target/surefire 2019-09-19T09-27-26_393-jvmRun1 surefire6330999078112858067tmp surefire_1142999893514522060597tmp"/>
    <property name="test" value="!TestMiniChaosOzoneCluster"/>
    <property name="surefire.test.class.path" value="/workdir/hadoop-ozone/ozonefs/target/test-classes:/workdir/hadoop-ozone/ozonefs/target/classes:/home/user/.m2/repository/org/apache/hadoop/hadoop-common/3.2.0/hadoop-common-3.2.0.jar:/home/user/.m2/repository/org/apache/hadoop/hadoop-annotations/3.2.0/hadoop-annotations-3.2.0.jar:/usr/lib/jvm/java-1.8-openjdk/jre/../lib/tools.jar:/home/user/.m2/repository/com/google/guava/guava/11.0.2/guava-11.0.2.jar:/home/user/.m2/repository/commons-cli/commons-cli/1.2/commons-cli-1.2.jar:/home/user/.m2/repository/org/apache/commons/commons-math3/3.1.1/commons-math3-3.1.1.jar:/home/user/.m2/repository/org/apache/httpcomponents/httpclient/4.5.2/httpclient-4.5.2.jar:/home/user/.m2/repository/org/apache/httpcomponents/httpcore/4.4.4/httpcore-4.4.4.jar:/home/user/.m2/repository/commons-codec/commons-codec/1.11/commons-codec-1.11.jar:/home/user/.m2/repository/commons-io/commons-io/2.5/commons-io-2.5.jar:/home/user/.m2/repository/commons-net/commons-net/3.6/commons-net-3.6.jar:/home/user/.m2/repository/commons-collections/commons-collections/3.2.2/commons-collections-3.2.2.jar:/home/user/.m2/repository/javax/servlet/javax.servlet-api/3.1.0/javax.servlet-api-3.1.0.jar:/home/user/.m2/repository/org/eclipse/jetty/jetty-server/9.3.24.v20180605/jetty-server-9.3.24.v20180605.jar:/home/user/.m2/repository/org/eclipse/jetty/jetty-http/9.3.24.v20180605/jetty-http-9.3.24.v20180605.jar:/home/user/.m2/repository/org/eclipse/jetty/jetty-io/9.3.24.v20180605/jetty-io-9.3.24.v20180605.jar:/home/user/.m2/repository/org/eclipse/jetty/jetty-util/9.3.24.v20180605/jetty-util-9.3.24.v20180605.jar:/home/user/.m2/repository/org/eclipse/jetty/jetty-servlet/9.3.24.v20180605/jetty-servlet-9.3.24.v20180605.jar:/home/user/.m2/repository/org/eclipse/jetty/jetty-security/9.3.24.v20180605/jetty-security-9.3.24.v20180605.jar:/home/user/.m2/repository/org/eclipse/jetty/jetty-webapp/9.3.24.v20180605/jetty-webapp-9.3.24.v20180605.jar:/home/user/.m2/repository/org/eclipse/jetty/jetty-xml/9.3.24.v20180605/jetty-xml-9.3.24.v20180605.jar:/home/user/.m2/repository/javax/servlet/jsp/jsp-api/2.1/jsp-api-2.1.jar:/home/user/.m2/repository/com/sun/jersey/jersey-core/1.19/jersey-core-1.19.jar:/home/user/.m2/repository/javax/ws/rs/jsr311-api/1.1.1/jsr311-api-1.1.1.jar:/home/user/.m2/repository/com/sun/jersey/jersey-servlet/1.19/jersey-servlet-1.19.jar:/home/user/.m2/repository/com/sun/jersey/jersey-json/1.19/jersey-json-1.19.jar:/home/user/.m2/repository/org/codehaus/jettison/jettison/1.1/jettison-1.1.jar:/home/user/.m2/repository/com/sun/xml/bind/jaxb-impl/2.3.0.1/jaxb-impl-2.3.0.1.jar:/home/user/.m2/repository/org/codehaus/jackson/jackson-core-asl/1.9.13/jackson-core-asl-1.9.13.jar:/home/user/.m2/repository/org/codehaus/jackson/jackson-mapper-asl/1.9.13/jackson-mapper-asl-1.9.13.jar:/home/user/.m2/repository/org/codehaus/jackson/jackson-jaxrs/1.9.13/jackson-jaxrs-1.9.13.jar:/home/user/.m2/repository/org/codehaus/jackson/jackson-xc/1.9.13/jackson-xc-1.9.13.jar:/home/user/.m2/repository/com/sun/jersey/jersey-server/1.19/jersey-server-1.19.jar:/home/user/.m2/repository/commons-logging/commons-logging/1.1.3/commons-logging-1.1.3.jar:/home/user/.m2/repository/log4j/log4j/1.2.17/log4j-1.2.17.jar:/home/user/.m2/repository/commons-beanutils/commons-beanutils/1.9.3/commons-beanutils-1.9.3.jar:/home/user/.m2/repository/org/apache/commons/commons-configuration2/2.1.1/commons-configuration2-2.1.1.jar:/home/user/.m2/repository/org/apache/commons/commons-lang3/3.7/commons-lang3-3.7.jar:/home/user/.m2/repository/org/apache/commons/commons-text/1.4/commons-text-1.4.jar:/home/user/.m2/repository/org/slf4j/slf4j-api/1.7.25/slf4j-api-1.7.25.jar:/home/user/.m2/repository/org/slf4j/slf4j-log4j12/1.7.25/slf4j-log4j12-1.7.25.jar:/home/user/.m2/repository/org/apache/avro/avro/1.7.7/avro-1.7.7.jar:/home/user/.m2/repository/com/thoughtworks/paranamer/paranamer/2.3/paranamer-2.3.jar:/home/user/.m2/repository/org/xerial/snappy/snappy-java/1.0.5/snappy-java-1.0.5.jar:/home/user/.m2/repository/com/google/re2j/re2j/1.1/re2j-1.1.jar:/home/user/.m2/repository/com/google/protobuf/protobuf-java/2.5.0/protobuf-java-2.5.0.jar:/home/user/.m2/repository/com/google/code/gson/gson/2.2.4/gson-2.2.4.jar:/home/user/.m2/repository/org/apache/hadoop/hadoop-auth/3.2.0/hadoop-auth-3.2.0.jar:/home/user/.m2/repository/com/nimbusds/nimbus-jose-jwt/4.41.1/nimbus-jose-jwt-4.41.1.jar:/home/user/.m2/repository/com/github/stephenc/jcip/jcip-annotations/1.0-1/jcip-annotations-1.0-1.jar:/home/user/.m2/repository/net/minidev/json-smart/2.3/json-smart-2.3.jar:/home/user/.m2/repository/net/minidev/accessors-smart/1.2/accessors-smart-1.2.jar:/home/user/.m2/repository/org/apache/curator/curator-framework/2.12.0/curator-framework-2.12.0.jar:/home/user/.m2/repository/com/jcraft/jsch/0.1.54/jsch-0.1.54.jar:/home/user/.m2/repository/org/apache/curator/curator-client/2.12.0/curator-client-2.12.0.jar:/home/user/.m2/repository/org/apache/curator/curator-recipes/2.12.0/curator-recipes-2.12.0.jar:/home/user/.m2/repository/com/google/code/findbugs/jsr305/3.0.0/jsr305-3.0.0.jar:/home/user/.m2/repository/org/apache/htrace/htrace-core4/4.1.0-incubating/htrace-core4-4.1.0-incubating.jar:/home/user/.m2/repository/org/apache/zookeeper/zookeeper/3.4.13/zookeeper-3.4.13.jar:/home/user/.m2/repository/org/apache/yetus/audience-annotations/0.5.0/audience-annotations-0.5.0.jar:/home/user/.m2/repository/org/apache/commons/commons-compress/1.4.1/commons-compress-1.4.1.jar:/home/user/.m2/repository/org/tukaani/xz/1.0/xz-1.0.jar:/home/user/.m2/repository/org/apache/kerby/kerb-simplekdc/1.0.1/kerb-simplekdc-1.0.1.jar:/home/user/.m2/repository/org/apache/kerby/kerb-client/1.0.1/kerb-client-1.0.1.jar:/home/user/.m2/repository/org/apache/kerby/kerby-config/1.0.1/kerby-config-1.0.1.jar:/home/user/.m2/repository/org/apache/kerby/kerb-core/1.0.1/kerb-core-1.0.1.jar:/home/user/.m2/repository/org/apache/kerby/kerby-pkix/1.0.1/kerby-pkix-1.0.1.jar:/home/user/.m2/repository/org/apache/kerby/kerby-asn1/1.0.1/kerby-asn1-1.0.1.jar:/home/user/.m2/repository/org/apache/kerby/kerby-util/1.0.1/kerby-util-1.0.1.jar:/home/user/.m2/repository/org/apache/kerby/kerb-common/1.0.1/kerb-common-1.0.1.jar:/home/user/.m2/repository/org/apache/kerby/kerb-crypto/1.0.1/kerb-crypto-1.0.1.jar:/home/user/.m2/repository/org/apache/kerby/kerb-util/1.0.1/kerb-util-1.0.1.jar:/home/user/.m2/repository/org/apache/kerby/token-provider/1.0.1/token-provider-1.0.1.jar:/home/user/.m2/repository/org/apache/kerby/kerb-admin/1.0.1/kerb-admin-1.0.1.jar:/home/user/.m2/repository/org/apache/kerby/kerb-server/1.0.1/kerb-server-1.0.1.jar:/home/user/.m2/repository/org/apache/kerby/kerb-identity/1.0.1/kerb-identity-1.0.1.jar:/home/user/.m2/repository/org/apache/kerby/kerby-xdr/1.0.1/kerby-xdr-1.0.1.jar:/home/user/.m2/repository/com/fasterxml/jackson/core/jackson-databind/2.9.5/jackson-databind-2.9.5.jar:/home/user/.m2/repository/com/fasterxml/jackson/core/jackson-annotations/2.9.5/jackson-annotations-2.9.5.jar:/home/user/.m2/repository/com/fasterxml/jackson/core/jackson-core/2.9.5/jackson-core-2.9.5.jar:/home/user/.m2/repository/org/codehaus/woodstox/stax2-api/3.1.4/stax2-api-3.1.4.jar:/home/user/.m2/repository/com/fasterxml/woodstox/woodstox-core/5.0.3/woodstox-core-5.0.3.jar:/home/user/.m2/repository/dnsjava/dnsjava/2.1.7/dnsjava-2.1.7.jar:/home/user/.m2/repository/org/apache/hadoop/hadoop-hdfs/3.2.0/hadoop-hdfs-3.2.0.jar:/home/user/.m2/repository/org/eclipse/jetty/jetty-util-ajax/9.3.24.v20180605/jetty-util-ajax-9.3.24.v20180605.jar:/home/user/.m2/repository/commons-daemon/commons-daemon/1.0.13/commons-daemon-1.0.13.jar:/home/user/.m2/repository/io/netty/netty/3.10.5.Final/netty-3.10.5.Final.jar:/home/user/.m2/repository/io/netty/netty-all/4.0.52.Final/netty-all-4.0.52.Final.jar:/home/user/.m2/repository/org/fusesource/leveldbjni/leveldbjni-all/1.8/leveldbjni-all-1.8.jar:/home/user/.m2/repository/org/apache/hadoop/hadoop-hdds-common/0.5.0-SNAPSHOT/hadoop-hdds-common-0.5.0-SNAPSHOT.jar:/home/user/.m2/repository/org/apache/hadoop/hadoop-hdds-config/0.5.0-SNAPSHOT/hadoop-hdds-config-0.5.0-SNAPSHOT.jar:/home/user/.m2/repository/javax/annotation/javax.annotation-api/1.2/javax.annotation-api-1.2.jar:/home/user/.m2/repository/org/apache/ratis/ratis-server/0.4.0-2337318-SNAPSHOT/ratis-server-0.4.0-2337318-SNAPSHOT.jar:/home/user/.m2/repository/org/apache/ratis/ratis-thirdparty-misc/0.2.0/ratis-thirdparty-misc-0.2.0.jar:/home/user/.m2/repository/org/apache/ratis/ratis-proto/0.4.0-2337318-SNAPSHOT/ratis-proto-0.4.0-2337318-SNAPSHOT.jar:/home/user/.m2/repository/org/apache/ratis/ratis-common/0.4.0-2337318-SNAPSHOT/ratis-common-0.4.0-2337318-SNAPSHOT.jar:/home/user/.m2/repository/org/apache/ratis/ratis-client/0.4.0-2337318-SNAPSHOT/ratis-client-0.4.0-2337318-SNAPSHOT.jar:/home/user/.m2/repository/org/apache/ratis/ratis-metrics/0.4.0-2337318-SNAPSHOT/ratis-metrics-0.4.0-2337318-SNAPSHOT.jar:/home/user/.m2/repository/org/apache/ratis/ratis-netty/0.4.0-2337318-SNAPSHOT/ratis-netty-0.4.0-2337318-SNAPSHOT.jar:/home/user/.m2/repository/org/apache/ratis/ratis-grpc/0.4.0-2337318-SNAPSHOT/ratis-grpc-0.4.0-2337318-SNAPSHOT.jar:/home/user/.m2/repository/org/rocksdb/rocksdbjni/6.0.1/rocksdbjni-6.0.1.jar:/home/user/.m2/repository/org/apache/logging/log4j/log4j-api/2.11.0/log4j-api-2.11.0.jar:/home/user/.m2/repository/org/apache/logging/log4j/log4j-core/2.11.0/log4j-core-2.11.0.jar:/home/user/.m2/repository/com/lmax/disruptor/3.4.2/disruptor-3.4.2.jar:/home/user/.m2/repository/org/apache/commons/commons-pool2/2.6.0/commons-pool2-2.6.0.jar:/home/user/.m2/repository/org/bouncycastle/bcpkix-jdk15on/1.60/bcpkix-jdk15on-1.60.jar:/home/user/.m2/repository/commons-validator/commons-validator/1.6/commons-validator-1.6.jar:/home/user/.m2/repository/commons-digester/commons-digester/1.8.1/commons-digester-1.8.1.jar:/home/user/.m2/repository/io/jaegertracing/jaeger-client/0.33.1/jaeger-client-0.33.1.jar:/home/user/.m2/repository/io/jaegertracing/jaeger-thrift/0.33.1/jaeger-thrift-0.33.1.jar:/home/user/.m2/repository/org/apache/thrift/libthrift/0.11.0/libthrift-0.11.0.jar:/home/user/.m2/repository/com/squareup/okhttp3/okhttp/3.9.0/okhttp-3.9.0.jar:/home/user/.m2/repository/com/squareup/okio/okio/1.13.0/okio-1.13.0.jar:/home/user/.m2/repository/io/jaegertracing/jaeger-core/0.33.1/jaeger-core-0.33.1.jar:/home/user/.m2/repository/io/jaegertracing/jaeger-tracerresolver/0.33.1/jaeger-tracerresolver-0.33.1.jar:/home/user/.m2/repository/io/opentracing/contrib/opentracing-tracerresolver/0.1.5/opentracing-tracerresolver-0.1.5.jar:/home/user/.m2/repository/io/opentracing/opentracing-util/0.31.0/opentracing-util-0.31.0.jar:/home/user/.m2/repository/io/opentracing/opentracing-api/0.31.0/opentracing-api-0.31.0.jar:/home/user/.m2/repository/io/opentracing/opentracing-noop/0.31.0/opentracing-noop-0.31.0.jar:/home/user/.m2/repository/org/yaml/snakeyaml/1.16/snakeyaml-1.16.jar:/home/user/.m2/repository/org/apache/hadoop/hadoop-hdfs-client/3.2.0/hadoop-hdfs-client-3.2.0.jar:/home/user/.m2/repository/info/picocli/picocli/3.9.6/picocli-3.9.6.jar:/home/user/.m2/repository/org/apache/hadoop/hadoop-hdds-server-scm/0.5.0-SNAPSHOT/hadoop-hdds-server-scm-0.5.0-SNAPSHOT.jar:/home/user/.m2/repository/org/apache/hadoop/hadoop-hdds-docs/0.5.0-SNAPSHOT/hadoop-hdds-docs-0.5.0-SNAPSHOT.jar:/home/user/.m2/repository/io/dropwizard/metrics/metrics-core/3.2.4/metrics-core-3.2.4.jar:/home/user/.m2/repository/org/hamcrest/hamcrest-all/1.3/hamcrest-all-1.3.jar:/home/user/.m2/repository/org/bouncycastle/bcprov-jdk15on/1.60/bcprov-jdk15on-1.60.jar:/home/user/.m2/repository/org/apache/hadoop/hadoop-hdds-server-framework/0.5.0-SNAPSHOT/hadoop-hdds-server-framework-0.5.0-SNAPSHOT.jar:/home/user/.m2/repository/org/apache/hadoop/hadoop-ozone-ozone-manager/0.5.0-SNAPSHOT/hadoop-ozone-ozone-manager-0.5.0-SNAPSHOT.jar:/home/user/.m2/repository/org/apache/hadoop/hadoop-hdds-container-service/0.5.0-SNAPSHOT/hadoop-hdds-container-service-0.5.0-SNAPSHOT.jar:/home/user/.m2/repository/org/apache/hadoop/hadoop-hdds-client/0.5.0-SNAPSHOT/hadoop-hdds-client-0.5.0-SNAPSHOT.jar:/home/user/.m2/repository/org/apache/hadoop/hadoop-ozone-common/0.5.0-SNAPSHOT/hadoop-ozone-common-0.5.0-SNAPSHOT.jar:/home/user/.m2/repository/org/apache/hadoop/hadoop-hdds-tools/0.5.0-SNAPSHOT/hadoop-hdds-tools-0.5.0-SNAPSHOT.jar:/home/user/.m2/repository/org/xerial/sqlite-jdbc/3.25.2/sqlite-jdbc-3.25.2.jar:/home/user/.m2/repository/org/apache/hadoop/hadoop-ozone-objectstore-service/0.5.0-SNAPSHOT/hadoop-ozone-objectstore-service-0.5.0-SNAPSHOT.jar:/home/user/.m2/repository/com/google/code/findbugs/findbugs/3.0.1/findbugs-3.0.1.jar:/home/user/.m2/repository/net/jcip/jcip-annotations/1.0/jcip-annotations-1.0.jar:/home/user/.m2/repository/com/google/code/findbugs/bcel-findbugs/6.0/bcel-findbugs-6.0.jar:/home/user/.m2/repository/com/google/code/findbugs/jFormatString/2.0.1/jFormatString-2.0.1.jar:/home/user/.m2/repository/dom4j/dom4j/1.6.1/dom4j-1.6.1.jar:/home/user/.m2/repository/xml-apis/xml-apis/1.0.b2/xml-apis-1.0.b2.jar:/home/user/.m2/repository/org/ow2/asm/asm-debug-all/5.0.2/asm-debug-all-5.0.2.jar:/home/user/.m2/repository/org/ow2/asm/asm-commons/5.0.2/asm-commons-5.0.2.jar:/home/user/.m2/repository/org/ow2/asm/asm-tree/5.0.2/asm-tree-5.0.2.jar:/home/user/.m2/repository/org/ow2/asm/asm/5.0.4/asm-5.0.4.jar:/home/user/.m2/repository/commons-lang/commons-lang/2.6/commons-lang-2.6.jar:/home/user/.m2/repository/com/apple/AppleJavaExtensions/1.4/AppleJavaExtensions-1.4.jar:/home/user/.m2/repository/jaxen/jaxen/1.1.6/jaxen-1.1.6.jar:/home/user/.m2/repository/org/apache/hadoop/hadoop-common/3.2.0/hadoop-common-3.2.0-tests.jar:/home/user/.m2/repository/org/apache/hadoop/hadoop-ozone-client/0.5.0-SNAPSHOT/hadoop-ozone-client-0.5.0-SNAPSHOT.jar:/home/user/.m2/repository/org/apache/hadoop/hadoop-hdfs/3.2.0/hadoop-hdfs-3.2.0-tests.jar:/workdir/hadoop-ozone/integration-test/target/test-classes:/home/user/.m2/repository/org/apache/hadoop/hadoop-ozone-s3gateway/0.5.0-SNAPSHOT/hadoop-ozone-s3gateway-0.5.0-SNAPSHOT.jar:/home/user/.m2/repository/org/jboss/weld/servlet/weld-servlet/2.4.7.Final/weld-servlet-2.4.7.Final.jar:/home/user/.m2/repository/org/glassfish/jersey/containers/jersey-container-servlet-core/2.27/jersey-container-servlet-core-2.27.jar:/home/user/.m2/repository/org/glassfish/hk2/external/javax.inject/2.5.0-b42/javax.inject-2.5.0-b42.jar:/home/user/.m2/repository/org/glassfish/jersey/core/jersey-common/2.27/jersey-common-2.27.jar:/home/user/.m2/repository/org/glassfish/hk2/osgi-resource-locator/1.0.1/osgi-resource-locator-1.0.1.jar:/home/user/.m2/repository/javax/ws/rs/javax.ws.rs-api/2.1/javax.ws.rs-api-2.1.jar:/home/user/.m2/repository/org/glassfish/jersey/ext/cdi/jersey-cdi1x/2.27/jersey-cdi1x-2.27.jar:/home/user/.m2/repository/org/glassfish/jersey/inject/jersey-hk2/2.27/jersey-hk2-2.27.jar:/home/user/.m2/repository/org/glassfish/hk2/hk2-locator/2.5.0-b42/hk2-locator-2.5.0-b42.jar:/home/user/.m2/repository/org/javassist/javassist/3.22.0-CR2/javassist-3.22.0-CR2.jar:/home/user/.m2/repository/org/glassfish/hk2/hk2-api/2.5.0/hk2-api-2.5.0.jar:/home/user/.m2/repository/org/glassfish/hk2/external/jakarta.inject/2.5.0/jakarta.inject-2.5.0.jar:/home/user/.m2/repository/org/glassfish/hk2/hk2-utils/2.5.0/hk2-utils-2.5.0.jar:/home/user/.m2/repository/jakarta/annotation/jakarta.annotation-api/1.3.4/jakarta.annotation-api-1.3.4.jar:/home/user/.m2/repository/org/glassfish/hk2/external/aopalliance-repackaged/2.5.0/aopalliance-repackaged-2.5.0.jar:/home/user/.m2/repository/com/fasterxml/jackson/dataformat/jackson-dataformat-xml/2.9.0/jackson-dataformat-xml-2.9.0.jar:/home/user/.m2/repository/com/fasterxml/jackson/module/jackson-module-jaxb-annotations/2.9.5/jackson-module-jaxb-annotations-2.9.5.jar:/home/user/.m2/repository/javax/enterprise/cdi-api/1.2/cdi-api-1.2.jar:/home/user/.m2/repository/javax/el/javax.el-api/3.0.0/javax.el-api-3.0.0.jar:/home/user/.m2/repository/javax/interceptor/javax.interceptor-api/1.2/javax.interceptor-api-1.2.jar:/home/user/.m2/repository/javax/inject/javax.inject/1/javax.inject-1.jar:/home/user/.m2/repository/com/sun/xml/bind/jaxb-core/2.3.0.1/jaxb-core-2.3.0.1.jar:/home/user/.m2/repository/javax/xml/bind/jaxb-api/2.3.0/jaxb-api-2.3.0.jar:/home/user/.m2/repository/javax/activation/activation/1.1.1/activation-1.1.1.jar:/home/user/.m2/repository/org/apache/hadoop/hadoop-ozone-csi/0.5.0-SNAPSHOT/hadoop-ozone-csi-0.5.0-SNAPSHOT.jar:/home/user/.m2/repository/com/google/protobuf/protobuf-java-util/3.5.1/protobuf-java-util-3.5.1.jar:/home/user/.m2/repository/io/grpc/grpc-netty/1.17.1/grpc-netty-1.17.1.jar:/home/user/.m2/repository/io/grpc/grpc-core/1.17.1/grpc-core-1.17.1.jar:/home/user/.m2/repository/io/grpc/grpc-context/1.17.1/grpc-context-1.17.1.jar:/home/user/.m2/repository/com/google/errorprone/error_prone_annotations/2.2.0/error_prone_annotations-2.2.0.jar:/home/user/.m2/repository/org/codehaus/mojo/animal-sniffer-annotations/1.17/animal-sniffer-annotations-1.17.jar:/home/user/.m2/repository/io/opencensus/opencensus-api/0.17.0/opencensus-api-0.17.0.jar:/home/user/.m2/repository/io/opencensus/opencensus-contrib-grpc-metrics/0.17.0/opencensus-contrib-grpc-metrics-0.17.0.jar:/home/user/.m2/repository/io/netty/netty-codec-http2/4.1.30.Final/netty-codec-http2-4.1.30.Final.jar:/home/user/.m2/repository/io/netty/netty-codec-http/4.1.30.Final/netty-codec-http-4.1.30.Final.jar:/home/user/.m2/repository/io/netty/netty-codec/4.1.30.Final/netty-codec-4.1.30.Final.jar:/home/user/.m2/repository/io/netty/netty-handler/4.1.30.Final/netty-handler-4.1.30.Final.jar:/home/user/.m2/repository/io/netty/netty-handler-proxy/4.1.30.Final/netty-handler-proxy-4.1.30.Final.jar:/home/user/.m2/repository/io/netty/netty-codec-socks/4.1.30.Final/netty-codec-socks-4.1.30.Final.jar:/home/user/.m2/repository/io/netty/netty-transport-native-epoll/4.1.30.Final/netty-transport-native-epoll-4.1.30.Final.jar:/home/user/.m2/repository/io/netty/netty-common/4.1.30.Final/netty-common-4.1.30.Final.jar:/home/user/.m2/repository/io/netty/netty-buffer/4.1.30.Final/netty-buffer-4.1.30.Final.jar:/home/user/.m2/repository/io/netty/netty-transport/4.1.30.Final/netty-transport-4.1.30.Final.jar:/home/user/.m2/repository/io/netty/netty-resolver/4.1.30.Final/netty-resolver-4.1.30.Final.jar:/home/user/.m2/repository/io/netty/netty-transport-native-unix-common/4.1.30.Final/netty-transport-native-unix-common-4.1.30.Final.jar:/home/user/.m2/repository/io/grpc/grpc-protobuf/1.17.1/grpc-protobuf-1.17.1.jar:/home/user/.m2/repository/com/google/api/grpc/proto-google-common-protos/1.0.0/proto-google-common-protos-1.0.0.jar:/home/user/.m2/repository/io/grpc/grpc-protobuf-lite/1.17.1/grpc-protobuf-lite-1.17.1.jar:/home/user/.m2/repository/io/grpc/grpc-stub/1.17.1/grpc-stub-1.17.1.jar:/home/user/.m2/repository/org/apache/hadoop/hadoop-ozone-recon/0.5.0-SNAPSHOT/hadoop-ozone-recon-0.5.0-SNAPSHOT.jar:/home/user/.m2/repository/org/apache/hadoop/hadoop-ozone-reconcodegen/0.5.0-SNAPSHOT/hadoop-ozone-reconcodegen-0.5.0-SNAPSHOT.jar:/home/user/.m2/repository/com/google/inject/extensions/guice-multibindings/4.0/guice-multibindings-4.0.jar:/home/user/.m2/repository/com/google/inject/guice/4.0/guice-4.0.jar:/home/user/.m2/repository/aopalliance/aopalliance/1.0/aopalliance-1.0.jar:/home/user/.m2/repository/org/glassfish/jersey/containers/jersey-container-servlet/2.27/jersey-container-servlet-2.27.jar:/home/user/.m2/repository/org/glassfish/hk2/guice-bridge/2.5.0/guice-bridge-2.5.0.jar:/home/user/.m2/repository/org/glassfish/jersey/core/jersey-server/2.27/jersey-server-2.27.jar:/home/user/.m2/repository/org/glassfish/jersey/core/jersey-client/2.27/jersey-client-2.27.jar:/home/user/.m2/repository/org/glassfish/jersey/media/jersey-media-jaxb/2.27/jersey-media-jaxb-2.27.jar:/home/user/.m2/repository/javax/validation/validation-api/1.1.0.Final/validation-api-1.1.0.Final.jar:/home/user/.m2/repository/org/glassfish/jersey/media/jersey-media-json-jackson/2.27/jersey-media-json-jackson-2.27.jar:/home/user/.m2/repository/org/glassfish/jersey/ext/jersey-entity-filtering/2.27/jersey-entity-filtering-2.27.jar:/home/user/.m2/repository/com/google/inject/extensions/guice-assistedinject/4.0/guice-assistedinject-4.0.jar:/home/user/.m2/repository/org/jooq/jooq/3.11.10/jooq-3.11.10.jar:/home/user/.m2/repository/org/jooq/jooq-meta/3.11.10/jooq-meta-3.11.10.jar:/home/user/.m2/repository/org/jooq/jooq-codegen/3.11.10/jooq-codegen-3.11.10.jar:/home/user/.m2/repository/com/jolbox/bonecp/0.8.0.RELEASE/bonecp-0.8.0.RELEASE.jar:/home/user/.m2/repository/org/springframework/spring-jdbc/5.1.3.RELEASE/spring-jdbc-5.1.3.RELEASE.jar:/home/user/.m2/repository/org/springframework/spring-beans/5.1.3.RELEASE/spring-beans-5.1.3.RELEASE.jar:/home/user/.m2/repository/org/springframework/spring-core/5.1.3.RELEASE/spring-core-5.1.3.RELEASE.jar:/home/user/.m2/repository/org/springframework/spring-jcl/5.1.3.RELEASE/spring-jcl-5.1.3.RELEASE.jar:/home/user/.m2/repository/org/springframework/spring-tx/5.1.3.RELEASE/spring-tx-5.1.3.RELEASE.jar:/home/user/.m2/repository/org/mockito/mockito-all/1.10.19/mockito-all-1.10.19.jar:/home/user/.m2/repository/junit/junit/4.11/junit-4.11.jar:/home/user/.m2/repository/org/hamcrest/hamcrest-core/1.3/hamcrest-core-1.3.jar:/home/user/.m2/repository/org/apache/hadoop/hadoop-distcp/3.2.0/hadoop-distcp-3.2.0.jar:/home/user/.m2/repository/org/apache/hadoop/hadoop-distcp/3.2.0/hadoop-distcp-3.2.0-tests.jar:/home/user/.m2/repository/org/apache/hadoop/hadoop-mapreduce-client-jobclient/3.2.0/hadoop-mapreduce-client-jobclient-3.2.0.jar:/home/user/.m2/repository/org/apache/hadoop/hadoop-mapreduce-client-common/3.2.0/hadoop-mapreduce-client-common-3.2.0.jar:/home/user/.m2/repository/org/apache/hadoop/hadoop-yarn-common/3.2.0/hadoop-yarn-common-3.2.0.jar:/home/user/.m2/repository/org/apache/hadoop/hadoop-yarn-api/3.2.0/hadoop-yarn-api-3.2.0.jar:/home/user/.m2/repository/com/sun/jersey/jersey-client/1.19/jersey-client-1.19.jar:/home/user/.m2/repository/com/sun/jersey/contribs/jersey-guice/1.19/jersey-guice-1.19.jar:/home/user/.m2/repository/com/fasterxml/jackson/jaxrs/jackson-jaxrs-json-provider/2.9.5/jackson-jaxrs-json-provider-2.9.5.jar:/home/user/.m2/repository/com/fasterxml/jackson/jaxrs/jackson-jaxrs-base/2.9.5/jackson-jaxrs-base-2.9.5.jar:/home/user/.m2/repository/org/apache/hadoop/hadoop-yarn-client/3.2.0/hadoop-yarn-client-3.2.0.jar:/home/user/.m2/repository/org/apache/hadoop/hadoop-mapreduce-client-core/3.2.0/hadoop-mapreduce-client-core-3.2.0.jar:/home/user/.m2/repository/com/google/inject/extensions/guice-servlet/4.0/guice-servlet-4.0.jar:/home/user/.m2/repository/org/powermock/powermock-module-junit4/1.6.5/powermock-module-junit4-1.6.5.jar:/home/user/.m2/repository/org/powermock/powermock-module-junit4-common/1.6.5/powermock-module-junit4-common-1.6.5.jar:/home/user/.m2/repository/org/powermock/powermock-core/1.6.5/powermock-core-1.6.5.jar:/home/user/.m2/repository/org/powermock/powermock-reflect/1.6.5/powermock-reflect-1.6.5.jar:/home/user/.m2/repository/org/powermock/powermock-api-mockito/1.6.5/powermock-api-mockito-1.6.5.jar:/home/user/.m2/repository/org/mockito/mockito-core/1.10.19/mockito-core-1.10.19.jar:/home/user/.m2/repository/org/objenesis/objenesis/1.0/objenesis-1.0.jar:/home/user/.m2/repository/org/powermock/powermock-api-mockito-common/1.6.5/powermock-api-mockito-common-1.6.5.jar:/home/user/.m2/repository/org/powermock/powermock-api-support/1.6.5/powermock-api-support-1.6.5.jar:"/>
    <property name="sun.cpu.endian" value="little"/>
    <property name="user.home" value="/home/user"/>
    <property name="user.language" value="en"/>
    <property name="java.specification.vendor" value="Oracle Corporation"/>
    <property name="java.home" value="/usr/lib/jvm/java-1.8-openjdk/jre"/>
    <property name="java.security.krb5.conf" value="/workdir/hadoop-ozone/ozonefs/target/test-classes/krb5.conf"/>
    <property name="basedir" value="/workdir/hadoop-ozone/ozonefs"/>
    <property name="file.separator" value="/"/>
    <property name="line.separator" value="&#10;"/>
    <property name="java.vm.specification.vendor" value="Oracle Corporation"/>
    <property name="java.specification.name" value="Java Platform API Specification"/>
    <property name="java.awt.graphicsenv" value="sun.awt.X11GraphicsEnvironment"/>
    <property name="surefire.real.class.path" value="/workdir/hadoop-ozone/ozonefs/target/surefire/surefirebooter212133606420661524.jar"/>
    <property name="hadoop.log.dir" value="/workdir/hadoop-ozone/ozonefs/target/log"/>
    <property name="sun.boot.class.path" value="/usr/lib/jvm/java-1.8-openjdk/jre/lib/resources.jar:/usr/lib/jvm/java-1.8-openjdk/jre/lib/rt.jar:/usr/lib/jvm/java-1.8-openjdk/jre/lib/sunrsasign.jar:/usr/lib/jvm/java-1.8-openjdk/jre/lib/jsse.jar:/usr/lib/jvm/java-1.8-openjdk/jre/lib/jce.jar:/usr/lib/jvm/java-1.8-openjdk/jre/lib/charsets.jar:/usr/lib/jvm/java-1.8-openjdk/jre/lib/jfr.jar:/usr/lib/jvm/java-1.8-openjdk/jre/classes"/>
    <property name="sun.management.compiler" value="HotSpot 64-Bit Tiered Compilers"/>
    <property name="java.runtime.version" value="1.8.0_212-b04"/>
    <property name="java.net.preferIPv4Stack" value="true"/>
    <property name="user.name" value="jenkins1000"/>
    <property name="path.separator" value=":"/>
    <property name="java.security.egd" value="file:///dev/urandom"/>
    <property name="os.version" value="3.10.0-957.12.2.el7.x86_64"/>
    <property name="java.endorsed.dirs" value="/usr/lib/jvm/java-1.8-openjdk/jre/lib/endorsed"/>
    <property name="java.runtime.name" value="OpenJDK Runtime Environment"/>
    <property name="file.encoding" value="UTF-8"/>
    <property name="java.vm.name" value="OpenJDK 64-Bit Server VM"/>
    <property name="test.build.webapps" value=""/>
    <property name="localRepository" value="/home/user/.m2/repository"/>
    <property name="java.vendor.url.bug" value="https://icedtea.classpath.org/bugzilla"/>
    <property name="java.io.tmpdir" value="/tmp"/>
    <property name="require.test.libhadoop" value=""/>
    <property name="java.version" value="1.8.0_212"/>
    <property name="user.dir" value="/workdir/hadoop-ozone/ozonefs"/>
    <property name="os.arch" value="amd64"/>
    <property name="java.vm.specification.name" value="Java Virtual Machine Specification"/>
    <property name="test.build.classes" value="/workdir/hadoop-ozone/ozonefs/target/test-classes"/>
    <property name="java.awt.printerjob" value="sun.print.PSPrinterJob"/>
    <property name="sun.os.patch.level" value="unknown"/>
    <property name="hadoop.tmp.dir" value="/workdir/hadoop-ozone/ozonefs/target/tmp"/>
    <property name="java.library.path" value="/usr/lib/jvm/java-1.8-openjdk/jre/lib/amd64/server:/usr/lib/jvm/java-1.8-openjdk/jre/lib/amd64:/usr/lib/jvm/java-1.8-openjdk/jre/../lib/amd64:/workdir/hadoop-ozone/ozonefs/target/native/target/usr/local/lib:/workdir/hadoop-ozone/ozonefs/../../hadoop-common-project/hadoop-common/target/native/target/usr/local/lib:/usr/java/packages/lib/amd64:/usr/lib64:/lib64:/lib:/usr/lib"/>
    <property name="java.vm.info" value="mixed mode"/>
    <property name="java.vendor" value="IcedTea"/>
    <property name="java.vm.version" value="25.212-b04"/>
    <property name="java.ext.dirs" value="/usr/lib/jvm/java-1.8-openjdk/jre/lib/ext:/usr/java/packages/lib/ext"/>
    <property name="sun.io.unicode.encoding" value="UnicodeLittle"/>
    <property name="java.class.version" value="52.0"/>
  </properties>
  <testcase name="org.apache.hadoop.fs.ozone.TestOzoneFSInputStream" classname="org.apache.hadoop.fs.ozone.TestOzoneFSInputStream" time="50.292">
    <error message="Allocated 0 blocks. Requested 1 blocks" type="INTERNAL_ERROR org.apache.hadoop.ozone.om.exceptions.OMException">INTERNAL_ERROR org.apache.hadoop.ozone.om.exceptions.OMException: Allocated 0 blocks. Requested 1 blocks
	at org.apache.hadoop.ozone.om.protocolPB.OzoneManagerProtocolClientSideTranslatorPB.handleError(OzoneManagerProtocolClientSideTranslatorPB.java:725)
	at org.apache.hadoop.ozone.om.protocolPB.OzoneManagerProtocolClientSideTranslatorPB.createFile(OzoneManagerProtocolClientSideTranslatorPB.java:1474)
	at org.apache.hadoop.ozone.client.rpc.RpcClient.createFile(RpcClient.java:984)
	at org.apache.hadoop.ozone.client.OzoneBucket.createFile(OzoneBucket.java:535)
	at org.apache.hadoop.fs.ozone.BasicOzoneClientAdapterImpl.createFile(BasicOzoneClientAdapterImpl.java:181)
	at org.apache.hadoop.fs.ozone.BasicOzoneFileSystem.createOutputStream(BasicOzoneFileSystem.java:249)
	at org.apache.hadoop.fs.ozone.BasicOzoneFileSystem.create(BasicOzoneFileSystem.java:230)
	at org.apache.hadoop.fs.FileSystem.create(FileSystem.java:1118)
	at org.apache.hadoop.fs.FileSystem.create(FileSystem.java:1098)
	at org.apache.hadoop.fs.FileSystem.create(FileSystem.java:987)
	at org.apache.hadoop.fs.FileSystem.create(FileSystem.java:975)
	at org.apache.hadoop.fs.ozone.TestOzoneFSInputStream.init(TestOzoneFSInputStream.java:103)
	at sun.reflect.NativeMethodAccessorImpl.invoke0(Native Method)
	at sun.reflect.NativeMethodAccessorImpl.invoke(NativeMethodAccessorImpl.java:62)
	at sun.reflect.DelegatingMethodAccessorImpl.invoke(DelegatingMethodAccessorImpl.java:43)
	at java.lang.reflect.Method.invoke(Method.java:498)
	at org.junit.runners.model.FrameworkMethod$1.runReflectiveCall(FrameworkMethod.java:47)
	at org.junit.internal.runners.model.ReflectiveCallable.run(ReflectiveCallable.java:12)
	at org.junit.runners.model.FrameworkMethod.invokeExplosively(FrameworkMethod.java:44)
	at org.junit.internal.runners.statements.RunBefores.evaluate(RunBefores.java:24)
	at org.junit.internal.runners.statements.RunAfters.evaluate(RunAfters.java:27)
	at org.junit.runners.ParentRunner.run(ParentRunner.java:309)
	at org.apache.maven.surefire.junit4.JUnit4Provider.execute(JUnit4Provider.java:365)
	at org.apache.maven.surefire.junit4.JUnit4Provider.executeWithRerun(JUnit4Provider.java:273)
	at org.apache.maven.surefire.junit4.JUnit4Provider.executeTestSet(JUnit4Provider.java:238)
	at org.apache.maven.surefire.junit4.JUnit4Provider.invoke(JUnit4Provider.java:159)
	at org.apache.maven.surefire.booter.ForkedBooter.invokeProviderInSameClassLoader(ForkedBooter.java:384)
	at org.apache.maven.surefire.booter.ForkedBooter.runSuitesInProcess(ForkedBooter.java:345)
	at org.apache.maven.surefire.booter.ForkedBooter.execute(ForkedBooter.java:126)
	at org.apache.maven.surefire.booter.ForkedBooter.main(ForkedBooter.java:418)
</error>
    <system-out><![CDATA[2019-09-19 14:39:48,032 [main] WARN  server.ServerUtils (ServerUtils.java:getScmDbDir(145)) - ozone.scm.db.dirs is not configured. We recommend adding this setting. Falling back to ozone.metadata.dirs instead.
2019-09-19 14:39:48,185 [main] WARN  server.ServerUtils (ServerUtils.java:getScmDbDir(145)) - ozone.scm.db.dirs is not configured. We recommend adding this setting. Falling back to ozone.metadata.dirs instead.
2019-09-19 14:39:48,189 [main] WARN  server.ServerUtils (ServerUtils.java:getScmDbDir(145)) - ozone.scm.db.dirs is not configured. We recommend adding this setting. Falling back to ozone.metadata.dirs instead.
2019-09-19 14:39:48,210 [main] INFO  util.log (Log.java:initialized(192)) - Logging initialized @856ms
2019-09-19 14:39:48,334 [main] INFO  db.DBStoreBuilder (DBStoreBuilder.java:addTable(110)) - using custom profile for table: deletedBlocks
2019-09-19 14:39:48,334 [main] INFO  db.DBStoreBuilder (DBStoreBuilder.java:processTables(161)) - Using default column profile:DBProfile.DISK for Table:deletedBlocks
2019-09-19 14:39:48,334 [main] INFO  db.DBStoreBuilder (DBStoreBuilder.java:addTable(110)) - using custom profile for table: validCerts
2019-09-19 14:39:48,335 [main] INFO  db.DBStoreBuilder (DBStoreBuilder.java:processTables(161)) - Using default column profile:DBProfile.DISK for Table:validCerts
2019-09-19 14:39:48,335 [main] INFO  db.DBStoreBuilder (DBStoreBuilder.java:addTable(110)) - using custom profile for table: revokedCerts
2019-09-19 14:39:48,335 [main] INFO  db.DBStoreBuilder (DBStoreBuilder.java:processTables(161)) - Using default column profile:DBProfile.DISK for Table:revokedCerts
2019-09-19 14:39:48,348 [main] INFO  db.DBStoreBuilder (DBStoreBuilder.java:addTable(110)) - using custom profile for table: default
2019-09-19 14:39:48,349 [main] INFO  db.DBStoreBuilder (DBStoreBuilder.java:processTables(167)) - Using default column profile:DBProfile.DISK for Table:default
2019-09-19 14:39:48,350 [main] INFO  db.DBStoreBuilder (DBStoreBuilder.java:getDbProfile(198)) - Using default options. DBProfile.DISK
2019-09-19 14:39:48,778 [main] INFO  net.NodeSchemaLoader (NodeSchemaLoader.java:loadSchemaFromFile(125)) - Loading file from sun.misc.CompoundEnumeration@62150f9e
2019-09-19 14:39:48,782 [main] INFO  net.NodeSchemaLoader (NodeSchemaLoader.java:loadSchema(171)) - Loading network topology layer schema file
2019-09-19 14:39:48,874 [main] WARN  server.ServerUtils (ServerUtils.java:sanitizeUserArgs(70)) - ozone.scm.stale.node.interval value = 300000 is larger than max = 100000 based on the key value of ozone.scm.heartbeat.thread.interval, reset to the max value 100000.
2019-09-19 14:39:48,876 [main] WARN  server.ServerUtils (ServerUtils.java:sanitizeUserArgs(70)) - ozone.scm.stale.node.interval value = 300000 is larger than max = 100000 based on the key value of ozone.scm.heartbeat.thread.interval, reset to the max value 100000.
2019-09-19 14:39:48,879 [main] INFO  node.SCMNodeManager (SCMNodeManager.java:<init>(121)) - Entering startup safe mode.
2019-09-19 14:39:49,046 [main] INFO  algorithms.ContainerPlacementPolicyFactory (ContainerPlacementPolicyFactory.java:getPolicy(56)) - Create container placement policy of type org.apache.hadoop.hdds.scm.container.placement.algorithms.SCMContainerPlacementRandom
2019-09-19 14:39:49,063 [main] WARN  server.ServerUtils (ServerUtils.java:getScmDbDir(145)) - ozone.scm.db.dirs is not configured. We recommend adding this setting. Falling back to ozone.metadata.dirs instead.
2019-09-19 14:39:49,172 [main] INFO  pipeline.SCMPipelineManager (SCMPipelineManager.java:initializePipelineState(126)) - No pipeline exists in current db
2019-09-19 14:39:49,177 [main] WARN  server.ServerUtils (ServerUtils.java:getScmDbDir(145)) - ozone.scm.db.dirs is not configured. We recommend adding this setting. Falling back to ozone.metadata.dirs instead.
2019-09-19 14:39:49,430 [main] WARN  events.EventQueue (EventQueue.java:fireEvent(175)) - No event handler registered for event TypedEvent{payloadType=SafeModeStatus, name='SafeModeStatus'}
2019-09-19 14:39:50,288 [main] INFO  ipc.CallQueueManager (CallQueueManager.java:<init>(84)) - Using callQueue: class java.util.concurrent.LinkedBlockingQueue, queueCapacity: 2000, scheduler: class org.apache.hadoop.ipc.DefaultRpcScheduler, ipcBackoff: false.
2019-09-19 14:39:50,329 [Socket Reader #1 for port 40220] INFO  ipc.Server (Server.java:run(1074)) - Starting Socket Reader #1 for port 40220
2019-09-19 14:39:50,359 [main] INFO  ipc.CallQueueManager (CallQueueManager.java:<init>(84)) - Using callQueue: class java.util.concurrent.LinkedBlockingQueue, queueCapacity: 2000, scheduler: class org.apache.hadoop.ipc.DefaultRpcScheduler, ipcBackoff: false.
2019-09-19 14:39:50,360 [Socket Reader #1 for port 42904] INFO  ipc.Server (Server.java:run(1074)) - Starting Socket Reader #1 for port 42904
2019-09-19 14:39:50,370 [main] INFO  ipc.CallQueueManager (CallQueueManager.java:<init>(84)) - Using callQueue: class java.util.concurrent.LinkedBlockingQueue, queueCapacity: 2000, scheduler: class org.apache.hadoop.ipc.DefaultRpcScheduler, ipcBackoff: false.
2019-09-19 14:39:50,371 [Socket Reader #1 for port 45104] INFO  ipc.Server (Server.java:run(1074)) - Starting Socket Reader #1 for port 45104
2019-09-19 14:39:50,395 [main] INFO  hdfs.DFSUtil (DFSUtil.java:httpServerTemplateForNNAndJN(1641)) - Starting Web-server for scm at: http://0.0.0.0:0
2019-09-19 14:39:50,517 [main] INFO  server.AuthenticationFilter (AuthenticationFilter.java:constructSecretProvider(240)) - Unable to initialize FileSignerSecretProvider, falling back to use random secrets.
2019-09-19 14:39:50,534 [main] WARN  http.HttpRequestLog (HttpRequestLog.java:getRequestLog(97)) - Jetty request log can only be enabled using Log4j
2019-09-19 14:39:50,544 [main] INFO  http.HttpServer2 (HttpServer2.java:addGlobalFilter(975)) - Added global filter 'safety' (class=org.apache.hadoop.http.HttpServer2$QuotingInputFilter)
2019-09-19 14:39:50,547 [main] INFO  http.HttpServer2 (HttpServer2.java:addFilter(948)) - Added filter static_user_filter (class=org.apache.hadoop.http.lib.StaticUserWebFilter$StaticUserFilter) to context scm
2019-09-19 14:39:50,547 [main] INFO  http.HttpServer2 (HttpServer2.java:addFilter(958)) - Added filter static_user_filter (class=org.apache.hadoop.http.lib.StaticUserWebFilter$StaticUserFilter) to context logs
2019-09-19 14:39:50,547 [main] INFO  http.HttpServer2 (HttpServer2.java:addFilter(958)) - Added filter static_user_filter (class=org.apache.hadoop.http.lib.StaticUserWebFilter$StaticUserFilter) to context static
2019-09-19 14:39:50,574 [main] INFO  server.StorageContainerManager (StorageContainerManager.java:start(759)) - StorageContainerLocationProtocol RPC server is listening at /0.0.0.0:45104
2019-09-19 14:39:50,635 [main] WARN  impl.MetricsConfig (MetricsConfig.java:loadFirst(134)) - Cannot locate configuration: tried hadoop-metrics2-storagecontainermanager.properties,hadoop-metrics2.properties
2019-09-19 14:39:50,654 [main] INFO  impl.MetricsSystemImpl (MetricsSystemImpl.java:startTimer(374)) - Scheduled Metric snapshot period at 10 second(s).
2019-09-19 14:39:50,654 [main] INFO  impl.MetricsSystemImpl (MetricsSystemImpl.java:start(191)) - StorageContainerManager metrics system started
2019-09-19 14:39:50,924 [main] INFO  server.SCMClientProtocolServer (SCMClientProtocolServer.java:start(151)) - RPC server for Client  is listening at /0.0.0.0:45104
2019-09-19 14:39:50,925 [IPC Server Responder] INFO  ipc.Server (Server.java:run(1314)) - IPC Server Responder: starting
2019-09-19 14:39:50,925 [IPC Server listener on 45104] INFO  ipc.Server (Server.java:run(1153)) - IPC Server listener on 45104: starting
2019-09-19 14:39:50,928 [main] INFO  server.StorageContainerManager (StorageContainerManager.java:start(769)) - ScmBlockLocationProtocol RPC server is listening at /0.0.0.0:42904
2019-09-19 14:39:50,928 [main] INFO  server.SCMBlockProtocolServer (SCMBlockProtocolServer.java:start(140)) - RPC server for Block Protocol is listening at /0.0.0.0:42904
2019-09-19 14:39:50,929 [IPC Server Responder] INFO  ipc.Server (Server.java:run(1314)) - IPC Server Responder: starting
2019-09-19 14:39:50,929 [IPC Server listener on 42904] INFO  ipc.Server (Server.java:run(1153)) - IPC Server listener on 42904: starting
2019-09-19 14:39:50,932 [main] INFO  server.StorageContainerManager (StorageContainerManager.java:start(773)) - ScmDatanodeProtocl RPC server is listening at /0.0.0.0:40220
2019-09-19 14:39:50,932 [main] INFO  server.SCMDatanodeProtocolServer (SCMDatanodeProtocolServer.java:start(191)) - RPC server for DataNodes is listening at /0.0.0.0:40220
2019-09-19 14:39:50,933 [IPC Server Responder] INFO  ipc.Server (Server.java:run(1314)) - IPC Server Responder: starting
2019-09-19 14:39:50,933 [IPC Server listener on 40220] INFO  ipc.Server (Server.java:run(1153)) - IPC Server listener on 40220: starting
2019-09-19 14:39:50,937 [main] INFO  http.HttpServer2 (HttpServer2.java:bindListener(1191)) - Jetty bound to port 41589
2019-09-19 14:39:50,940 [main] INFO  server.Server (Server.java:doStart(351)) - jetty-9.3.24.v20180605, build timestamp: 2018-06-05T17:11:56Z, git hash: 84205aa28f11a4f31f2a3b86d1bba2cc8ab69827
2019-09-19 14:39:50,981 [main] INFO  handler.ContextHandler (ContextHandler.java:doStart(781)) - Started o.e.j.s.ServletContextHandler@6aecbb8d{/logs,file:///workdir/hadoop-ozone/ozonefs/target/log,AVAILABLE}
2019-09-19 14:39:50,982 [main] INFO  handler.ContextHandler (ContextHandler.java:doStart(781)) - Started o.e.j.s.ServletContextHandler@25b2cfcb{/static,jar:file:/home/user/.m2/repository/org/apache/hadoop/hadoop-hdds-server-scm/0.5.0-SNAPSHOT/hadoop-hdds-server-scm-0.5.0-SNAPSHOT.jar!/webapps/static,AVAILABLE}
2019-09-19 14:39:51,049 [main] INFO  handler.ContextHandler (ContextHandler.java:doStart(781)) - Started o.e.j.w.WebAppContext@433ffad1{/,file:///tmp/jetty-0.0.0.0-41589-scm-_-any-6337127276704450853.dir/webapp/,AVAILABLE}{/scm}
2019-09-19 14:39:51,054 [main] INFO  server.AbstractConnector (AbstractConnector.java:doStart(278)) - Started ServerConnector@46cf05f7{HTTP/1.1,[http/1.1]}{0.0.0.0:41589}
2019-09-19 14:39:51,054 [main] INFO  server.Server (Server.java:doStart(419)) - Started @3701ms
2019-09-19 14:39:51,055 [main] INFO  server.BaseHttpServer (BaseHttpServer.java:updateConnectorAddress(213)) - HTTP server of SCM is listening at http://0.0.0.0:41589
2019-09-19 14:39:51,064 [org.apache.hadoop.util.JvmPauseMonitor$Monitor@c074c0c] INFO  util.JvmPauseMonitor (JvmPauseMonitor.java:run(188)) - Starting JVM pause monitor
2019-09-19 14:39:51,070 [main] WARN  server.ServerUtils (ServerUtils.java:getDBPath(222)) - ozone.om.db.dirs is not configured. We recommend adding this setting. Falling back to ozone.metadata.dirs instead.
2019-09-19 14:39:51,223 [main] WARN  server.ServerUtils (ServerUtils.java:getDBPath(222)) - ozone.om.db.dirs is not configured. We recommend adding this setting. Falling back to ozone.metadata.dirs instead.
2019-09-19 14:39:51,223 [main] WARN  server.ServerUtils (ServerUtils.java:getDBPath(222)) - ozone.om.db.dirs is not configured. We recommend adding this setting. Falling back to ozone.metadata.dirs instead.
2019-09-19 14:39:51,225 [main] INFO  om.OzoneManager (OzoneManager.java:setOMNodeDetails(645)) - OM Service ID is not set. Setting it to the default ID: omServiceIdDefault
2019-09-19 14:39:51,225 [main] INFO  om.OzoneManager (OzoneManager.java:setOMNodeDetails(651)) - OM Node ID is not set. Setting it to the OmStorage's OmID: bb7e542e-1547-4289-8bb1-6e731d42f055
2019-09-19 14:39:51,226 [main] INFO  om.OzoneManager (OzoneManager.java:loadOMHAConfigs(602)) - Found matching OM address with OMServiceId: null, OMNodeId: null, RPC Address: localhost:0 and Ratis port: 9872
2019-09-19 14:39:51,521 | INFO  | SCMAudit | user=jenkins1000 | ip=192.168.5.132 | op=GET_SCM_INFO null | ret=SUCCESS |  
2019-09-19 14:39:51,994 [main] WARN  server.ServerUtils (ServerUtils.java:getDBPath(222)) - ozone.om.db.dirs is not configured. We recommend adding this setting. Falling back to ozone.metadata.dirs instead.
2019-09-19 14:39:52,004 [main] INFO  db.DBStoreBuilder (DBStoreBuilder.java:addTable(110)) - using custom profile for table: userTable
2019-09-19 14:39:52,004 [main] INFO  db.DBStoreBuilder (DBStoreBuilder.java:processTables(161)) - Using default column profile:DBProfile.DISK for Table:userTable
2019-09-19 14:39:52,004 [main] INFO  db.DBStoreBuilder (DBStoreBuilder.java:addTable(110)) - using custom profile for table: volumeTable
2019-09-19 14:39:52,004 [main] INFO  db.DBStoreBuilder (DBStoreBuilder.java:processTables(161)) - Using default column profile:DBProfile.DISK for Table:volumeTable
2019-09-19 14:39:52,005 [main] INFO  db.DBStoreBuilder (DBStoreBuilder.java:addTable(110)) - using custom profile for table: bucketTable
2019-09-19 14:39:52,005 [main] INFO  db.DBStoreBuilder (DBStoreBuilder.java:processTables(161)) - Using default column profile:DBProfile.DISK for Table:bucketTable
2019-09-19 14:39:52,005 [main] INFO  db.DBStoreBuilder (DBStoreBuilder.java:addTable(110)) - using custom profile for table: keyTable
2019-09-19 14:39:52,005 [main] INFO  db.DBStoreBuilder (DBStoreBuilder.java:processTables(161)) - Using default column profile:DBProfile.DISK for Table:keyTable
2019-09-19 14:39:52,006 [main] INFO  db.DBStoreBuilder (DBStoreBuilder.java:addTable(110)) - using custom profile for table: deletedTable
2019-09-19 14:39:52,006 [main] INFO  db.DBStoreBuilder (DBStoreBuilder.java:processTables(161)) - Using default column profile:DBProfile.DISK for Table:deletedTable
2019-09-19 14:39:52,006 [main] INFO  db.DBStoreBuilder (DBStoreBuilder.java:addTable(110)) - using custom profile for table: openKeyTable
2019-09-19 14:39:52,006 [main] INFO  db.DBStoreBuilder (DBStoreBuilder.java:processTables(161)) - Using default column profile:DBProfile.DISK for Table:openKeyTable
2019-09-19 14:39:52,007 [main] INFO  db.DBStoreBuilder (DBStoreBuilder.java:addTable(110)) - using custom profile for table: s3Table
2019-09-19 14:39:52,007 [main] INFO  db.DBStoreBuilder (DBStoreBuilder.java:processTables(161)) - Using default column profile:DBProfile.DISK for Table:s3Table
2019-09-19 14:39:52,007 [main] INFO  db.DBStoreBuilder (DBStoreBuilder.java:addTable(110)) - using custom profile for table: multipartInfoTable
2019-09-19 14:39:52,007 [main] INFO  db.DBStoreBuilder (DBStoreBuilder.java:processTables(161)) - Using default column profile:DBProfile.DISK for Table:multipartInfoTable
2019-09-19 14:39:52,008 [main] INFO  db.DBStoreBuilder (DBStoreBuilder.java:addTable(110)) - using custom profile for table: dTokenTable
2019-09-19 14:39:52,008 [main] INFO  db.DBStoreBuilder (DBStoreBuilder.java:processTables(161)) - Using default column profile:DBProfile.DISK for Table:dTokenTable
2019-09-19 14:39:52,008 [main] INFO  db.DBStoreBuilder (DBStoreBuilder.java:addTable(110)) - using custom profile for table: s3SecretTable
2019-09-19 14:39:52,008 [main] INFO  db.DBStoreBuilder (DBStoreBuilder.java:processTables(161)) - Using default column profile:DBProfile.DISK for Table:s3SecretTable
2019-09-19 14:39:52,009 [main] INFO  db.DBStoreBuilder (DBStoreBuilder.java:addTable(110)) - using custom profile for table: prefixTable
2019-09-19 14:39:52,009 [main] INFO  db.DBStoreBuilder (DBStoreBuilder.java:processTables(161)) - Using default column profile:DBProfile.DISK for Table:prefixTable
2019-09-19 14:39:52,009 [main] INFO  db.DBStoreBuilder (DBStoreBuilder.java:addTable(110)) - using custom profile for table: default
2019-09-19 14:39:52,009 [main] INFO  db.DBStoreBuilder (DBStoreBuilder.java:processTables(167)) - Using default column profile:DBProfile.DISK for Table:default
2019-09-19 14:39:52,010 [main] INFO  db.DBStoreBuilder (DBStoreBuilder.java:getDbProfile(198)) - Using default options. DBProfile.DISK
2019-09-19 14:39:53,211 [main] INFO  ipc.CallQueueManager (CallQueueManager.java:<init>(84)) - Using callQueue: class java.util.concurrent.LinkedBlockingQueue, queueCapacity: 2000, scheduler: class org.apache.hadoop.ipc.DefaultRpcScheduler, ipcBackoff: false.
2019-09-19 14:39:53,213 [Socket Reader #1 for port 41769] INFO  ipc.Server (Server.java:run(1074)) - Starting Socket Reader #1 for port 41769
2019-09-19 14:39:53,246 [main] INFO  om.OzoneManager (OzoneManager.java:start(1256)) - OzoneManager RPC server is listening at localhost/127.0.0.1:41769
2019-09-19 14:39:53,246 [main] INFO  impl.MetricsSystemImpl (MetricsSystemImpl.java:init(158)) - OzoneManager metrics system started (again)
2019-09-19 14:39:53,248 [IPC Server Responder] INFO  ipc.Server (Server.java:run(1314)) - IPC Server Responder: starting
2019-09-19 14:39:53,248 [IPC Server listener on 41769] INFO  ipc.Server (Server.java:run(1153)) - IPC Server listener on 41769: starting
2019-09-19 14:39:53,254 [main] INFO  hdfs.DFSUtil (DFSUtil.java:httpServerTemplateForNNAndJN(1641)) - Starting Web-server for ozoneManager at: http://0.0.0.0:0
2019-09-19 14:39:53,257 [main] INFO  server.AuthenticationFilter (AuthenticationFilter.java:constructSecretProvider(240)) - Unable to initialize FileSignerSecretProvider, falling back to use random secrets.
2019-09-19 14:39:53,258 [main] WARN  http.HttpRequestLog (HttpRequestLog.java:getRequestLog(97)) - Jetty request log can only be enabled using Log4j
2019-09-19 14:39:53,260 [main] INFO  http.HttpServer2 (HttpServer2.java:addGlobalFilter(975)) - Added global filter 'safety' (class=org.apache.hadoop.http.HttpServer2$QuotingInputFilter)
2019-09-19 14:39:53,262 [main] INFO  http.HttpServer2 (HttpServer2.java:addFilter(948)) - Added filter static_user_filter (class=org.apache.hadoop.http.lib.StaticUserWebFilter$StaticUserFilter) to context ozoneManager
2019-09-19 14:39:53,262 [main] INFO  http.HttpServer2 (HttpServer2.java:addFilter(958)) - Added filter static_user_filter (class=org.apache.hadoop.http.lib.StaticUserWebFilter$StaticUserFilter) to context logs
2019-09-19 14:39:53,263 [main] INFO  http.HttpServer2 (HttpServer2.java:addFilter(958)) - Added filter static_user_filter (class=org.apache.hadoop.http.lib.StaticUserWebFilter$StaticUserFilter) to context static
2019-09-19 14:39:53,265 [main] INFO  http.HttpServer2 (HttpServer2.java:bindListener(1191)) - Jetty bound to port 43911
2019-09-19 14:39:53,266 [main] INFO  server.Server (Server.java:doStart(351)) - jetty-9.3.24.v20180605, build timestamp: 2018-06-05T17:11:56Z, git hash: 84205aa28f11a4f31f2a3b86d1bba2cc8ab69827
2019-09-19 14:39:53,268 [main] INFO  handler.ContextHandler (ContextHandler.java:doStart(781)) - Started o.e.j.s.ServletContextHandler@109d724c{/logs,file:///workdir/hadoop-ozone/ozonefs/target/log,AVAILABLE}
2019-09-19 14:39:53,268 [main] INFO  handler.ContextHandler (ContextHandler.java:doStart(781)) - Started o.e.j.s.ServletContextHandler@e4d2696{/static,jar:file:/home/user/.m2/repository/org/apache/hadoop/hadoop-ozone-ozone-manager/0.5.0-SNAPSHOT/hadoop-ozone-ozone-manager-0.5.0-SNAPSHOT.jar!/webapps/static,AVAILABLE}
2019-09-19 14:39:53,318 [main] INFO  handler.ContextHandler (ContextHandler.java:doStart(781)) - Started o.e.j.w.WebAppContext@2098d37d{/,file:///tmp/jetty-0.0.0.0-43911-ozoneManager-_-any-5164328794273979250.dir/webapp/,AVAILABLE}{/ozoneManager}
2019-09-19 14:39:53,319 [main] INFO  server.AbstractConnector (AbstractConnector.java:doStart(278)) - Started ServerConnector@77b9d0c7{HTTP/1.1,[http/1.1]}{0.0.0.0:43911}
2019-09-19 14:39:53,320 [main] INFO  server.Server (Server.java:doStart(419)) - Started @5967ms
2019-09-19 14:39:53,321 [main] INFO  server.BaseHttpServer (BaseHttpServer.java:updateConnectorAddress(213)) - HTTP server of OZONEMANAGER is listening at http://0.0.0.0:43911
2019-09-19 14:39:53,519 [main] INFO  impl.MetricsSystemImpl (MetricsSystemImpl.java:init(158)) - HddsDatanode metrics system started (again)
2019-09-19 14:39:53,622 [main] INFO  ozone.HddsDatanodeService (HddsDatanodeService.java:start(184)) - HddsDatanodeService host:pr-hdds-1569-rzdr8-3403194166 ip:192.168.5.132
2019-09-19 14:39:53,667 [main] INFO  volume.HddsVolume (HddsVolume.java:<init>(176)) - Creating Volume: /workdir/hadoop-ozone/ozonefs/target/test-dir/MiniOzoneClusterImpl-889e9801-d8cd-4d64-ad06-78e1b934daf6/datanode-0/data/containers/hdds of  storage type : DISK and capacity : 1482555576320
2019-09-19 14:39:53,670 [main] INFO  volume.VolumeSet (VolumeSet.java:initializeVolumeSet(170)) - Added Volume : /workdir/hadoop-ozone/ozonefs/target/test-dir/MiniOzoneClusterImpl-889e9801-d8cd-4d64-ad06-78e1b934daf6/datanode-0/data/containers/hdds to VolumeSet
2019-09-19 14:39:53,675 [main] INFO  volume.ThrottledAsyncChecker (ThrottledAsyncChecker.java:schedule(140)) - Scheduling a check for org.apache.hadoop.ozone.container.common.volume.HddsVolume@243f003c
2019-09-19 14:39:53,702 [main] INFO  volume.HddsVolumeChecker (HddsVolumeChecker.java:checkAllVolumes(203)) - Scheduled health check for volume org.apache.hadoop.ozone.container.common.volume.HddsVolume@243f003c
2019-09-19 14:39:53,880 [main] INFO  impl.RaftServerProxy (ConfUtils.java:logGet(43)) - raft.rpc.type = GRPC (default)
2019-09-19 14:39:53,980 [main] INFO  grpc.GrpcFactory (GrpcFactory.java:checkPooledByteBufAllocatorUseCacheForAllThreads(45)) - PERFORMANCE WARNING: useCacheForAllThreads is true that may cause Netty to create a lot garbage objects and, as a result, trigger GC.
	It is recommended to disable useCacheForAllThreads by setting -Dorg.apache.ratis.thirdparty.io.netty.allocator.useCacheForAllThreads=false in command line.
2019-09-19 14:39:53,987 [main] INFO  grpc.GrpcConfigKeys$Server (ConfUtils.java:logGet(43)) - raft.grpc.server.port = 0 (default)
2019-09-19 14:39:53,988 [main] INFO  server.GrpcService (ConfUtils.java:logGet(43)) - raft.grpc.message.size.max = 33570816 (custom)
2019-09-19 14:39:53,990 [main] INFO  server.RaftServerConfigKeys (ConfUtils.java:logGet(43)) - raft.server.log.appender.buffer.byte-limit = 33554432 (custom)
2019-09-19 14:39:53,991 [main] INFO  server.GrpcService (ConfUtils.java:logGet(43)) - raft.grpc.flow.control.window = 1MB (=1048576) (default)
2019-09-19 14:39:53,992 [main] INFO  server.RaftServerConfigKeys (ConfUtils.java:logGet(43)) - raft.server.rpc.request.timeout = 3000ms (default)
2019-09-19 14:39:54,225 [main] INFO  server.RaftServerConfigKeys (ConfUtils.java:logGet(43)) - raft.server.storage.dir = [/workdir/hadoop-ozone/ozonefs/target/test-dir/MiniOzoneClusterImpl-889e9801-d8cd-4d64-ad06-78e1b934daf6/datanode-0/data/ratis] (custom)
2019-09-19 14:39:54,298 [main] INFO  replication.SimpleContainerDownloader (SimpleContainerDownloader.java:<init>(72)) - Starting container downloader service to copy containers to replicate.
2019-09-19 14:39:54,317 [main] INFO  hdfs.DFSUtil (DFSUtil.java:httpServerTemplateForNNAndJN(1641)) - Starting Web-server for hddsDatanode at: http://0.0.0.0:0
2019-09-19 14:39:54,320 [main] INFO  server.AuthenticationFilter (AuthenticationFilter.java:constructSecretProvider(240)) - Unable to initialize FileSignerSecretProvider, falling back to use random secrets.
2019-09-19 14:39:54,321 [main] WARN  http.HttpRequestLog (HttpRequestLog.java:getRequestLog(97)) - Jetty request log can only be enabled using Log4j
2019-09-19 14:39:54,324 [main] INFO  http.HttpServer2 (HttpServer2.java:addGlobalFilter(975)) - Added global filter 'safety' (class=org.apache.hadoop.http.HttpServer2$QuotingInputFilter)
2019-09-19 14:39:54,325 [main] INFO  http.HttpServer2 (HttpServer2.java:addFilter(948)) - Added filter static_user_filter (class=org.apache.hadoop.http.lib.StaticUserWebFilter$StaticUserFilter) to context hddsDatanode
2019-09-19 14:39:54,325 [main] INFO  http.HttpServer2 (HttpServer2.java:addFilter(958)) - Added filter static_user_filter (class=org.apache.hadoop.http.lib.StaticUserWebFilter$StaticUserFilter) to context static
2019-09-19 14:39:54,325 [main] INFO  http.HttpServer2 (HttpServer2.java:addFilter(958)) - Added filter static_user_filter (class=org.apache.hadoop.http.lib.StaticUserWebFilter$StaticUserFilter) to context logs
2019-09-19 14:39:54,327 [main] INFO  http.HttpServer2 (HttpServer2.java:bindListener(1191)) - Jetty bound to port 44690
2019-09-19 14:39:54,327 [main] INFO  server.Server (Server.java:doStart(351)) - jetty-9.3.24.v20180605, build timestamp: 2018-06-05T17:11:56Z, git hash: 84205aa28f11a4f31f2a3b86d1bba2cc8ab69827
2019-09-19 14:39:54,329 [main] INFO  handler.ContextHandler (ContextHandler.java:doStart(781)) - Started o.e.j.s.ServletContextHandler@5c5d6175{/logs,file:///workdir/hadoop-ozone/ozonefs/target/log,AVAILABLE}
2019-09-19 14:39:54,330 [main] INFO  handler.ContextHandler (ContextHandler.java:doStart(781)) - Started o.e.j.s.ServletContextHandler@3b27b497{/static,jar:file:/home/user/.m2/repository/org/apache/hadoop/hadoop-hdds-container-service/0.5.0-SNAPSHOT/hadoop-hdds-container-service-0.5.0-SNAPSHOT.jar!/webapps/static,AVAILABLE}
2019-09-19 14:39:54,359 [main] INFO  handler.ContextHandler (ContextHandler.java:doStart(781)) - Started o.e.j.w.WebAppContext@19a64eae{/,file:///tmp/jetty-0.0.0.0-44690-hddsDatanode-_-any-134360430374352906.dir/webapp/,AVAILABLE}{/hddsDatanode}
2019-09-19 14:39:54,361 [main] INFO  server.AbstractConnector (AbstractConnector.java:doStart(278)) - Started ServerConnector@29a98d9f{HTTP/1.1,[http/1.1]}{0.0.0.0:44690}
2019-09-19 14:39:54,361 [main] INFO  server.Server (Server.java:doStart(419)) - Started @7008ms
2019-09-19 14:39:54,363 [main] INFO  server.BaseHttpServer (BaseHttpServer.java:updateConnectorAddress(213)) - HTTP server of HDDSDATANODE is listening at http://0.0.0.0:44690
2019-09-19 14:39:55,262 | INFO  | ObjectStoreRestHttpServer | Listening HDDS REST traffic on /0.0.0.0:40116 |  
2019-09-19 14:39:55,265 [main] INFO  ozone.HddsDatanodeService (HddsDatanodeService.java:startPlugins(395)) - Started plug-in org.apache.hadoop.ozone.web.OzoneHddsDatanodeService@b14b60a
2019-09-19 14:39:55,267 [main] INFO  impl.MetricsSystemImpl (MetricsSystemImpl.java:init(158)) - HddsDatanode metrics system started (again)
2019-09-19 14:39:55,273 [main] INFO  ozone.HddsDatanodeService (HddsDatanodeService.java:start(184)) - HddsDatanodeService host:pr-hdds-1569-rzdr8-3403194166 ip:192.168.5.132
2019-09-19 14:39:55,275 [org.apache.hadoop.util.JvmPauseMonitor$Monitor@767119b7] INFO  util.JvmPauseMonitor (JvmPauseMonitor.java:run(188)) - Starting JVM pause monitor
2019-09-19 14:39:55,286 [main] INFO  volume.HddsVolume (HddsVolume.java:<init>(176)) - Creating Volume: /workdir/hadoop-ozone/ozonefs/target/test-dir/MiniOzoneClusterImpl-889e9801-d8cd-4d64-ad06-78e1b934daf6/datanode-1/data/containers/hdds of  storage type : DISK and capacity : 1482555576320
2019-09-19 14:39:55,287 [main] INFO  volume.VolumeSet (VolumeSet.java:initializeVolumeSet(170)) - Added Volume : /workdir/hadoop-ozone/ozonefs/target/test-dir/MiniOzoneClusterImpl-889e9801-d8cd-4d64-ad06-78e1b934daf6/datanode-1/data/containers/hdds to VolumeSet
2019-09-19 14:39:55,287 [main] INFO  volume.ThrottledAsyncChecker (ThrottledAsyncChecker.java:schedule(140)) - Scheduling a check for org.apache.hadoop.ozone.container.common.volume.HddsVolume@7f5614f9
2019-09-19 14:39:55,288 [main] INFO  volume.HddsVolumeChecker (HddsVolumeChecker.java:checkAllVolumes(203)) - Scheduled health check for volume org.apache.hadoop.ozone.container.common.volume.HddsVolume@7f5614f9
2019-09-19 14:39:55,326 [main] INFO  impl.RaftServerProxy (ConfUtils.java:logGet(43)) - raft.rpc.type = GRPC (default)
2019-09-19 14:39:55,326 [main] INFO  grpc.GrpcFactory (GrpcFactory.java:checkPooledByteBufAllocatorUseCacheForAllThreads(45)) - PERFORMANCE WARNING: useCacheForAllThreads is true that may cause Netty to create a lot garbage objects and, as a result, trigger GC.
	It is recommended to disable useCacheForAllThreads by setting -Dorg.apache.ratis.thirdparty.io.netty.allocator.useCacheForAllThreads=false in command line.
2019-09-19 14:39:55,327 [main] INFO  grpc.GrpcConfigKeys$Server (ConfUtils.java:logGet(43)) - raft.grpc.server.port = 0 (default)
2019-09-19 14:39:55,327 [main] INFO  server.GrpcService (ConfUtils.java:logGet(43)) - raft.grpc.message.size.max = 33570816 (custom)
2019-09-19 14:39:55,327 [main] INFO  server.RaftServerConfigKeys (ConfUtils.java:logGet(43)) - raft.server.log.appender.buffer.byte-limit = 33554432 (custom)
2019-09-19 14:39:55,328 [main] INFO  server.GrpcService (ConfUtils.java:logGet(43)) - raft.grpc.flow.control.window = 1MB (=1048576) (default)
2019-09-19 14:39:55,328 [main] INFO  server.RaftServerConfigKeys (ConfUtils.java:logGet(43)) - raft.server.rpc.request.timeout = 3000ms (default)
2019-09-19 14:39:55,329 [main] INFO  server.RaftServerConfigKeys (ConfUtils.java:logGet(43)) - raft.server.storage.dir = [/workdir/hadoop-ozone/ozonefs/target/test-dir/MiniOzoneClusterImpl-889e9801-d8cd-4d64-ad06-78e1b934daf6/datanode-1/data/ratis] (custom)
2019-09-19 14:39:55,330 [main] INFO  replication.SimpleContainerDownloader (SimpleContainerDownloader.java:<init>(72)) - Starting container downloader service to copy containers to replicate.
2019-09-19 14:39:55,331 [main] INFO  hdfs.DFSUtil (DFSUtil.java:httpServerTemplateForNNAndJN(1641)) - Starting Web-server for hddsDatanode at: http://0.0.0.0:0
2019-09-19 14:39:55,334 [main] INFO  server.AuthenticationFilter (AuthenticationFilter.java:constructSecretProvider(240)) - Unable to initialize FileSignerSecretProvider, falling back to use random secrets.
2019-09-19 14:39:55,335 [main] WARN  http.HttpRequestLog (HttpRequestLog.java:getRequestLog(97)) - Jetty request log can only be enabled using Log4j
2019-09-19 14:39:55,338 [main] INFO  http.HttpServer2 (HttpServer2.java:addGlobalFilter(975)) - Added global filter 'safety' (class=org.apache.hadoop.http.HttpServer2$QuotingInputFilter)
2019-09-19 14:39:55,340 [main] INFO  http.HttpServer2 (HttpServer2.java:addFilter(948)) - Added filter static_user_filter (class=org.apache.hadoop.http.lib.StaticUserWebFilter$StaticUserFilter) to context hddsDatanode
2019-09-19 14:39:55,340 [main] INFO  http.HttpServer2 (HttpServer2.java:addFilter(958)) - Added filter static_user_filter (class=org.apache.hadoop.http.lib.StaticUserWebFilter$StaticUserFilter) to context static
2019-09-19 14:39:55,340 [main] INFO  http.HttpServer2 (HttpServer2.java:addFilter(958)) - Added filter static_user_filter (class=org.apache.hadoop.http.lib.StaticUserWebFilter$StaticUserFilter) to context logs
2019-09-19 14:39:55,341 [main] INFO  http.HttpServer2 (HttpServer2.java:bindListener(1191)) - Jetty bound to port 39721
2019-09-19 14:39:55,342 [main] INFO  server.Server (Server.java:doStart(351)) - jetty-9.3.24.v20180605, build timestamp: 2018-06-05T17:11:56Z, git hash: 84205aa28f11a4f31f2a3b86d1bba2cc8ab69827
2019-09-19 14:39:55,345 [main] INFO  handler.ContextHandler (ContextHandler.java:doStart(781)) - Started o.e.j.s.ServletContextHandler@650aa077{/logs,file:///workdir/hadoop-ozone/ozonefs/target/log,AVAILABLE}
2019-09-19 14:39:55,346 [main] INFO  handler.ContextHandler (ContextHandler.java:doStart(781)) - Started o.e.j.s.ServletContextHandler@457a5b2d{/static,jar:file:/home/user/.m2/repository/org/apache/hadoop/hadoop-hdds-container-service/0.5.0-SNAPSHOT/hadoop-hdds-container-service-0.5.0-SNAPSHOT.jar!/webapps/static,AVAILABLE}
2019-09-19 14:39:55,388 [main] INFO  handler.ContextHandler (ContextHandler.java:doStart(781)) - Started o.e.j.w.WebAppContext@616a06e3{/,file:///tmp/jetty-0.0.0.0-39721-hddsDatanode-_-any-4652290183073638760.dir/webapp/,AVAILABLE}{/hddsDatanode}
2019-09-19 14:39:55,389 [main] INFO  server.AbstractConnector (AbstractConnector.java:doStart(278)) - Started ServerConnector@42297bdf{HTTP/1.1,[http/1.1]}{0.0.0.0:39721}
2019-09-19 14:39:55,390 [main] INFO  server.Server (Server.java:doStart(419)) - Started @8037ms
2019-09-19 14:39:55,391 [main] INFO  server.BaseHttpServer (BaseHttpServer.java:updateConnectorAddress(213)) - HTTP server of HDDSDATANODE is listening at http://0.0.0.0:39721
2019-09-19 14:39:55,412 [Datanode State Machine Thread - 0] INFO  datanode.InitDatanodeState (InitDatanodeState.java:persistContainerDatanodeDetails(140)) - DatanodeDetails is persisted to /workdir/hadoop-ozone/ozonefs/target/test-dir/MiniOzoneClusterImpl-889e9801-d8cd-4d64-ad06-78e1b934daf6/datanode-0/meta/datanode.id
2019-09-19 14:39:55,557 | INFO  | ObjectStoreRestHttpServer | Listening HDDS REST traffic on /0.0.0.0:37687 |  
2019-09-19 14:39:55,557 [main] INFO  ozone.HddsDatanodeService (HddsDatanodeService.java:startPlugins(395)) - Started plug-in org.apache.hadoop.ozone.web.OzoneHddsDatanodeService@2fd39436
2019-09-19 14:39:55,558 [main] INFO  impl.MetricsSystemImpl (MetricsSystemImpl.java:init(158)) - HddsDatanode metrics system started (again)
2019-09-19 14:39:55,560 [main] INFO  ozone.HddsDatanodeService (HddsDatanodeService.java:start(184)) - HddsDatanodeService host:pr-hdds-1569-rzdr8-3403194166 ip:192.168.5.132
2019-09-19 14:39:55,562 [org.apache.hadoop.util.JvmPauseMonitor$Monitor@1e5bc958] INFO  util.JvmPauseMonitor (JvmPauseMonitor.java:run(188)) - Starting JVM pause monitor
2019-09-19 14:39:55,569 [main] INFO  volume.HddsVolume (HddsVolume.java:<init>(176)) - Creating Volume: /workdir/hadoop-ozone/ozonefs/target/test-dir/MiniOzoneClusterImpl-889e9801-d8cd-4d64-ad06-78e1b934daf6/datanode-2/data/containers/hdds of  storage type : DISK and capacity : 1482555576320
2019-09-19 14:39:55,570 [main] INFO  volume.VolumeSet (VolumeSet.java:initializeVolumeSet(170)) - Added Volume : /workdir/hadoop-ozone/ozonefs/target/test-dir/MiniOzoneClusterImpl-889e9801-d8cd-4d64-ad06-78e1b934daf6/datanode-2/data/containers/hdds to VolumeSet
2019-09-19 14:39:55,570 [main] INFO  volume.ThrottledAsyncChecker (ThrottledAsyncChecker.java:schedule(140)) - Scheduling a check for org.apache.hadoop.ozone.container.common.volume.HddsVolume@b5aa65b
2019-09-19 14:39:55,570 [main] INFO  volume.HddsVolumeChecker (HddsVolumeChecker.java:checkAllVolumes(203)) - Scheduled health check for volume org.apache.hadoop.ozone.container.common.volume.HddsVolume@b5aa65b
2019-09-19 14:39:55,570 [Datanode State Machine Thread - 0] INFO  datanode.InitDatanodeState (InitDatanodeState.java:persistContainerDatanodeDetails(140)) - DatanodeDetails is persisted to /workdir/hadoop-ozone/ozonefs/target/test-dir/MiniOzoneClusterImpl-889e9801-d8cd-4d64-ad06-78e1b934daf6/datanode-1/meta/datanode.id
2019-09-19 14:39:55,589 [main] INFO  impl.RaftServerProxy (ConfUtils.java:logGet(43)) - raft.rpc.type = GRPC (default)
2019-09-19 14:39:55,590 [main] INFO  grpc.GrpcFactory (GrpcFactory.java:checkPooledByteBufAllocatorUseCacheForAllThreads(45)) - PERFORMANCE WARNING: useCacheForAllThreads is true that may cause Netty to create a lot garbage objects and, as a result, trigger GC.
	It is recommended to disable useCacheForAllThreads by setting -Dorg.apache.ratis.thirdparty.io.netty.allocator.useCacheForAllThreads=false in command line.
2019-09-19 14:39:55,590 [main] INFO  grpc.GrpcConfigKeys$Server (ConfUtils.java:logGet(43)) - raft.grpc.server.port = 0 (default)
2019-09-19 14:39:55,590 [main] INFO  server.GrpcService (ConfUtils.java:logGet(43)) - raft.grpc.message.size.max = 33570816 (custom)
2019-09-19 14:39:55,590 [main] INFO  server.RaftServerConfigKeys (ConfUtils.java:logGet(43)) - raft.server.log.appender.buffer.byte-limit = 33554432 (custom)
2019-09-19 14:39:55,590 [main] INFO  server.GrpcService (ConfUtils.java:logGet(43)) - raft.grpc.flow.control.window = 1MB (=1048576) (default)
2019-09-19 14:39:55,591 [main] INFO  server.RaftServerConfigKeys (ConfUtils.java:logGet(43)) - raft.server.rpc.request.timeout = 3000ms (default)
2019-09-19 14:39:55,591 [main] INFO  server.RaftServerConfigKeys (ConfUtils.java:logGet(43)) - raft.server.storage.dir = [/workdir/hadoop-ozone/ozonefs/target/test-dir/MiniOzoneClusterImpl-889e9801-d8cd-4d64-ad06-78e1b934daf6/datanode-2/data/ratis] (custom)
2019-09-19 14:39:55,592 [main] INFO  replication.SimpleContainerDownloader (SimpleContainerDownloader.java:<init>(72)) - Starting container downloader service to copy containers to replicate.
2019-09-19 14:39:55,593 [main] INFO  hdfs.DFSUtil (DFSUtil.java:httpServerTemplateForNNAndJN(1641)) - Starting Web-server for hddsDatanode at: http://0.0.0.0:0
2019-09-19 14:39:55,595 [main] INFO  server.AuthenticationFilter (AuthenticationFilter.java:constructSecretProvider(240)) - Unable to initialize FileSignerSecretProvider, falling back to use random secrets.
2019-09-19 14:39:55,595 [main] WARN  http.HttpRequestLog (HttpRequestLog.java:getRequestLog(97)) - Jetty request log can only be enabled using Log4j
2019-09-19 14:39:55,597 [main] INFO  http.HttpServer2 (HttpServer2.java:addGlobalFilter(975)) - Added global filter 'safety' (class=org.apache.hadoop.http.HttpServer2$QuotingInputFilter)
2019-09-19 14:39:55,598 [main] INFO  http.HttpServer2 (HttpServer2.java:addFilter(948)) - Added filter static_user_filter (class=org.apache.hadoop.http.lib.StaticUserWebFilter$StaticUserFilter) to context hddsDatanode
2019-09-19 14:39:55,598 [main] INFO  http.HttpServer2 (HttpServer2.java:addFilter(958)) - Added filter static_user_filter (class=org.apache.hadoop.http.lib.StaticUserWebFilter$StaticUserFilter) to context static
2019-09-19 14:39:55,598 [main] INFO  http.HttpServer2 (HttpServer2.java:addFilter(958)) - Added filter static_user_filter (class=org.apache.hadoop.http.lib.StaticUserWebFilter$StaticUserFilter) to context logs
2019-09-19 14:39:55,599 [main] INFO  http.HttpServer2 (HttpServer2.java:bindListener(1191)) - Jetty bound to port 36137
2019-09-19 14:39:55,599 [main] INFO  server.Server (Server.java:doStart(351)) - jetty-9.3.24.v20180605, build timestamp: 2018-06-05T17:11:56Z, git hash: 84205aa28f11a4f31f2a3b86d1bba2cc8ab69827
2019-09-19 14:39:55,601 [main] INFO  handler.ContextHandler (ContextHandler.java:doStart(781)) - Started o.e.j.s.ServletContextHandler@4aed311e{/logs,file:///workdir/hadoop-ozone/ozonefs/target/log,AVAILABLE}
2019-09-19 14:39:55,602 [main] INFO  handler.ContextHandler (ContextHandler.java:doStart(781)) - Started o.e.j.s.ServletContextHandler@7ddcb0dc{/static,jar:file:/home/user/.m2/repository/org/apache/hadoop/hadoop-hdds-container-service/0.5.0-SNAPSHOT/hadoop-hdds-container-service-0.5.0-SNAPSHOT.jar!/webapps/static,AVAILABLE}
2019-09-19 14:39:55,630 [main] INFO  handler.ContextHandler (ContextHandler.java:doStart(781)) - Started o.e.j.w.WebAppContext@15e8f9b2{/,file:///tmp/jetty-0.0.0.0-36137-hddsDatanode-_-any-7563232467126093786.dir/webapp/,AVAILABLE}{/hddsDatanode}
2019-09-19 14:39:55,631 [main] INFO  server.AbstractConnector (AbstractConnector.java:doStart(278)) - Started ServerConnector@7a65c995{HTTP/1.1,[http/1.1]}{0.0.0.0:36137}
2019-09-19 14:39:55,631 [main] INFO  server.Server (Server.java:doStart(419)) - Started @8278ms
2019-09-19 14:39:55,632 [main] INFO  server.BaseHttpServer (BaseHttpServer.java:updateConnectorAddress(213)) - HTTP server of HDDSDATANODE is listening at http://0.0.0.0:36137
2019-09-19 14:39:55,817 | INFO  | ObjectStoreRestHttpServer | Listening HDDS REST traffic on /0.0.0.0:38871 |  
2019-09-19 14:39:55,817 [main] INFO  ozone.HddsDatanodeService (HddsDatanodeService.java:startPlugins(395)) - Started plug-in org.apache.hadoop.ozone.web.OzoneHddsDatanodeService@3487442d
2019-09-19 14:39:55,817 [main] INFO  impl.MetricsSystemImpl (MetricsSystemImpl.java:init(158)) - HddsDatanode metrics system started (again)
2019-09-19 14:39:55,820 [main] INFO  ozone.HddsDatanodeService (HddsDatanodeService.java:start(184)) - HddsDatanodeService host:pr-hdds-1569-rzdr8-3403194166 ip:192.168.5.132
2019-09-19 14:39:55,820 [org.apache.hadoop.util.JvmPauseMonitor$Monitor@772c0c21] INFO  util.JvmPauseMonitor (JvmPauseMonitor.java:run(188)) - Starting JVM pause monitor
2019-09-19 14:39:55,823 [Datanode State Machine Thread - 0] INFO  datanode.InitDatanodeState (InitDatanodeState.java:persistContainerDatanodeDetails(140)) - DatanodeDetails is persisted to /workdir/hadoop-ozone/ozonefs/target/test-dir/MiniOzoneClusterImpl-889e9801-d8cd-4d64-ad06-78e1b934daf6/datanode-2/meta/datanode.id
2019-09-19 14:39:55,828 [main] INFO  volume.HddsVolume (HddsVolume.java:<init>(176)) - Creating Volume: /workdir/hadoop-ozone/ozonefs/target/test-dir/MiniOzoneClusterImpl-889e9801-d8cd-4d64-ad06-78e1b934daf6/datanode-3/data/containers/hdds of  storage type : DISK and capacity : 1482555576320
2019-09-19 14:39:55,828 [main] INFO  volume.VolumeSet (VolumeSet.java:initializeVolumeSet(170)) - Added Volume : /workdir/hadoop-ozone/ozonefs/target/test-dir/MiniOzoneClusterImpl-889e9801-d8cd-4d64-ad06-78e1b934daf6/datanode-3/data/containers/hdds to VolumeSet
2019-09-19 14:39:55,829 [main] INFO  volume.ThrottledAsyncChecker (ThrottledAsyncChecker.java:schedule(140)) - Scheduling a check for org.apache.hadoop.ozone.container.common.volume.HddsVolume@1b8aaeab
2019-09-19 14:39:55,829 [main] INFO  volume.HddsVolumeChecker (HddsVolumeChecker.java:checkAllVolumes(203)) - Scheduled health check for volume org.apache.hadoop.ozone.container.common.volume.HddsVolume@1b8aaeab
2019-09-19 14:39:55,851 [main] INFO  impl.RaftServerProxy (ConfUtils.java:logGet(43)) - raft.rpc.type = GRPC (default)
2019-09-19 14:39:55,851 [main] INFO  grpc.GrpcFactory (GrpcFactory.java:checkPooledByteBufAllocatorUseCacheForAllThreads(45)) - PERFORMANCE WARNING: useCacheForAllThreads is true that may cause Netty to create a lot garbage objects and, as a result, trigger GC.
	It is recommended to disable useCacheForAllThreads by setting -Dorg.apache.ratis.thirdparty.io.netty.allocator.useCacheForAllThreads=false in command line.
2019-09-19 14:39:55,852 [main] INFO  grpc.GrpcConfigKeys$Server (ConfUtils.java:logGet(43)) - raft.grpc.server.port = 0 (default)
2019-09-19 14:39:55,852 [main] INFO  server.GrpcService (ConfUtils.java:logGet(43)) - raft.grpc.message.size.max = 33570816 (custom)
2019-09-19 14:39:55,852 [main] INFO  server.RaftServerConfigKeys (ConfUtils.java:logGet(43)) - raft.server.log.appender.buffer.byte-limit = 33554432 (custom)
2019-09-19 14:39:55,852 [main] INFO  server.GrpcService (ConfUtils.java:logGet(43)) - raft.grpc.flow.control.window = 1MB (=1048576) (default)
2019-09-19 14:39:55,853 [main] INFO  server.RaftServerConfigKeys (ConfUtils.java:logGet(43)) - raft.server.rpc.request.timeout = 3000ms (default)
2019-09-19 14:39:55,853 [main] INFO  server.RaftServerConfigKeys (ConfUtils.java:logGet(43)) - raft.server.storage.dir = [/workdir/hadoop-ozone/ozonefs/target/test-dir/MiniOzoneClusterImpl-889e9801-d8cd-4d64-ad06-78e1b934daf6/datanode-3/data/ratis] (custom)
2019-09-19 14:39:55,854 [main] INFO  replication.SimpleContainerDownloader (SimpleContainerDownloader.java:<init>(72)) - Starting container downloader service to copy containers to replicate.
2019-09-19 14:39:55,855 [main] INFO  hdfs.DFSUtil (DFSUtil.java:httpServerTemplateForNNAndJN(1641)) - Starting Web-server for hddsDatanode at: http://0.0.0.0:0
2019-09-19 14:39:55,858 [main] INFO  server.AuthenticationFilter (AuthenticationFilter.java:constructSecretProvider(240)) - Unable to initialize FileSignerSecretProvider, falling back to use random secrets.
2019-09-19 14:39:55,859 [main] WARN  http.HttpRequestLog (HttpRequestLog.java:getRequestLog(97)) - Jetty request log can only be enabled using Log4j
2019-09-19 14:39:55,861 [main] INFO  http.HttpServer2 (HttpServer2.java:addGlobalFilter(975)) - Added global filter 'safety' (class=org.apache.hadoop.http.HttpServer2$QuotingInputFilter)
2019-09-19 14:39:55,862 [main] INFO  http.HttpServer2 (HttpServer2.java:addFilter(948)) - Added filter static_user_filter (class=org.apache.hadoop.http.lib.StaticUserWebFilter$StaticUserFilter) to context hddsDatanode
2019-09-19 14:39:55,863 [main] INFO  http.HttpServer2 (HttpServer2.java:addFilter(958)) - Added filter static_user_filter (class=org.apache.hadoop.http.lib.StaticUserWebFilter$StaticUserFilter) to context logs
2019-09-19 14:39:55,863 [main] INFO  http.HttpServer2 (HttpServer2.java:addFilter(958)) - Added filter static_user_filter (class=org.apache.hadoop.http.lib.StaticUserWebFilter$StaticUserFilter) to context static
2019-09-19 14:39:55,864 [main] INFO  http.HttpServer2 (HttpServer2.java:bindListener(1191)) - Jetty bound to port 38704
2019-09-19 14:39:55,864 [main] INFO  server.Server (Server.java:doStart(351)) - jetty-9.3.24.v20180605, build timestamp: 2018-06-05T17:11:56Z, git hash: 84205aa28f11a4f31f2a3b86d1bba2cc8ab69827
2019-09-19 14:39:55,870 [main] INFO  handler.ContextHandler (ContextHandler.java:doStart(781)) - Started o.e.j.s.ServletContextHandler@656842bc{/logs,file:///workdir/hadoop-ozone/ozonefs/target/log,AVAILABLE}
2019-09-19 14:39:55,871 [main] INFO  handler.ContextHandler (ContextHandler.java:doStart(781)) - Started o.e.j.s.ServletContextHandler@3dec3f87{/static,jar:file:/home/user/.m2/repository/org/apache/hadoop/hadoop-hdds-container-service/0.5.0-SNAPSHOT/hadoop-hdds-container-service-0.5.0-SNAPSHOT.jar!/webapps/static,AVAILABLE}
2019-09-19 14:39:55,905 [main] INFO  handler.ContextHandler (ContextHandler.java:doStart(781)) - Started o.e.j.w.WebAppContext@28ee882c{/,file:///tmp/jetty-0.0.0.0-38704-hddsDatanode-_-any-6067367236169226800.dir/webapp/,AVAILABLE}{/hddsDatanode}
2019-09-19 14:39:55,906 [main] INFO  server.AbstractConnector (AbstractConnector.java:doStart(278)) - Started ServerConnector@78d73b1b{HTTP/1.1,[http/1.1]}{0.0.0.0:38704}
2019-09-19 14:39:55,907 [main] INFO  server.Server (Server.java:doStart(419)) - Started @8554ms
2019-09-19 14:39:55,908 [main] INFO  server.BaseHttpServer (BaseHttpServer.java:updateConnectorAddress(213)) - HTTP server of HDDSDATANODE is listening at http://0.0.0.0:38704
2019-09-19 14:39:56,110 | INFO  | ObjectStoreRestHttpServer | Listening HDDS REST traffic on /0.0.0.0:42746 |  
2019-09-19 14:39:56,110 [main] INFO  ozone.HddsDatanodeService (HddsDatanodeService.java:startPlugins(395)) - Started plug-in org.apache.hadoop.ozone.web.OzoneHddsDatanodeService@11eec06b
2019-09-19 14:39:56,111 [main] INFO  impl.MetricsSystemImpl (MetricsSystemImpl.java:init(158)) - HddsDatanode metrics system started (again)
2019-09-19 14:39:56,115 [main] INFO  ozone.HddsDatanodeService (HddsDatanodeService.java:start(184)) - HddsDatanodeService host:pr-hdds-1569-rzdr8-3403194166 ip:192.168.5.132
2019-09-19 14:39:56,115 [org.apache.hadoop.util.JvmPauseMonitor$Monitor@50786ad7] INFO  util.JvmPauseMonitor (JvmPauseMonitor.java:run(188)) - Starting JVM pause monitor
2019-09-19 14:39:56,118 [Datanode State Machine Thread - 0] INFO  datanode.InitDatanodeState (InitDatanodeState.java:persistContainerDatanodeDetails(140)) - DatanodeDetails is persisted to /workdir/hadoop-ozone/ozonefs/target/test-dir/MiniOzoneClusterImpl-889e9801-d8cd-4d64-ad06-78e1b934daf6/datanode-3/meta/datanode.id
2019-09-19 14:39:56,125 [main] INFO  volume.HddsVolume (HddsVolume.java:<init>(176)) - Creating Volume: /workdir/hadoop-ozone/ozonefs/target/test-dir/MiniOzoneClusterImpl-889e9801-d8cd-4d64-ad06-78e1b934daf6/datanode-4/data/containers/hdds of  storage type : DISK and capacity : 1482555576320
2019-09-19 14:39:56,125 [main] INFO  volume.VolumeSet (VolumeSet.java:initializeVolumeSet(170)) - Added Volume : /workdir/hadoop-ozone/ozonefs/target/test-dir/MiniOzoneClusterImpl-889e9801-d8cd-4d64-ad06-78e1b934daf6/datanode-4/data/containers/hdds to VolumeSet
2019-09-19 14:39:56,126 [main] INFO  volume.ThrottledAsyncChecker (ThrottledAsyncChecker.java:schedule(140)) - Scheduling a check for org.apache.hadoop.ozone.container.common.volume.HddsVolume@2f8c4fae
2019-09-19 14:39:56,126 [main] INFO  volume.HddsVolumeChecker (HddsVolumeChecker.java:checkAllVolumes(203)) - Scheduled health check for volume org.apache.hadoop.ozone.container.common.volume.HddsVolume@2f8c4fae
2019-09-19 14:39:56,149 [main] INFO  impl.RaftServerProxy (ConfUtils.java:logGet(43)) - raft.rpc.type = GRPC (default)
2019-09-19 14:39:56,149 [main] INFO  grpc.GrpcFactory (GrpcFactory.java:checkPooledByteBufAllocatorUseCacheForAllThreads(45)) - PERFORMANCE WARNING: useCacheForAllThreads is true that may cause Netty to create a lot garbage objects and, as a result, trigger GC.
	It is recommended to disable useCacheForAllThreads by setting -Dorg.apache.ratis.thirdparty.io.netty.allocator.useCacheForAllThreads=false in command line.
2019-09-19 14:39:56,149 [main] INFO  grpc.GrpcConfigKeys$Server (ConfUtils.java:logGet(43)) - raft.grpc.server.port = 0 (default)
2019-09-19 14:39:56,150 [main] INFO  server.GrpcService (ConfUtils.java:logGet(43)) - raft.grpc.message.size.max = 33570816 (custom)
2019-09-19 14:39:56,150 [main] INFO  server.RaftServerConfigKeys (ConfUtils.java:logGet(43)) - raft.server.log.appender.buffer.byte-limit = 33554432 (custom)
2019-09-19 14:39:56,150 [main] INFO  server.GrpcService (ConfUtils.java:logGet(43)) - raft.grpc.flow.control.window = 1MB (=1048576) (default)
2019-09-19 14:39:56,151 [main] INFO  server.RaftServerConfigKeys (ConfUtils.java:logGet(43)) - raft.server.rpc.request.timeout = 3000ms (default)
2019-09-19 14:39:56,151 [main] INFO  server.RaftServerConfigKeys (ConfUtils.java:logGet(43)) - raft.server.storage.dir = [/workdir/hadoop-ozone/ozonefs/target/test-dir/MiniOzoneClusterImpl-889e9801-d8cd-4d64-ad06-78e1b934daf6/datanode-4/data/ratis] (custom)
2019-09-19 14:39:56,152 [main] INFO  replication.SimpleContainerDownloader (SimpleContainerDownloader.java:<init>(72)) - Starting container downloader service to copy containers to replicate.
2019-09-19 14:39:56,153 [main] INFO  hdfs.DFSUtil (DFSUtil.java:httpServerTemplateForNNAndJN(1641)) - Starting Web-server for hddsDatanode at: http://0.0.0.0:0
2019-09-19 14:39:56,156 [main] INFO  server.AuthenticationFilter (AuthenticationFilter.java:constructSecretProvider(240)) - Unable to initialize FileSignerSecretProvider, falling back to use random secrets.
2019-09-19 14:39:56,157 [main] WARN  http.HttpRequestLog (HttpRequestLog.java:getRequestLog(97)) - Jetty request log can only be enabled using Log4j
2019-09-19 14:39:56,160 [main] INFO  http.HttpServer2 (HttpServer2.java:addGlobalFilter(975)) - Added global filter 'safety' (class=org.apache.hadoop.http.HttpServer2$QuotingInputFilter)
2019-09-19 14:39:56,162 [main] INFO  http.HttpServer2 (HttpServer2.java:addFilter(948)) - Added filter static_user_filter (class=org.apache.hadoop.http.lib.StaticUserWebFilter$StaticUserFilter) to context hddsDatanode
2019-09-19 14:39:56,162 [main] INFO  http.HttpServer2 (HttpServer2.java:addFilter(958)) - Added filter static_user_filter (class=org.apache.hadoop.http.lib.StaticUserWebFilter$StaticUserFilter) to context logs
2019-09-19 14:39:56,162 [main] INFO  http.HttpServer2 (HttpServer2.java:addFilter(958)) - Added filter static_user_filter (class=org.apache.hadoop.http.lib.StaticUserWebFilter$StaticUserFilter) to context static
2019-09-19 14:39:56,164 [main] INFO  http.HttpServer2 (HttpServer2.java:bindListener(1191)) - Jetty bound to port 42976
2019-09-19 14:39:56,164 [main] INFO  server.Server (Server.java:doStart(351)) - jetty-9.3.24.v20180605, build timestamp: 2018-06-05T17:11:56Z, git hash: 84205aa28f11a4f31f2a3b86d1bba2cc8ab69827
2019-09-19 14:39:56,167 [main] INFO  handler.ContextHandler (ContextHandler.java:doStart(781)) - Started o.e.j.s.ServletContextHandler@77c66a4f{/logs,file:///workdir/hadoop-ozone/ozonefs/target/log,AVAILABLE}
2019-09-19 14:39:56,168 [main] INFO  handler.ContextHandler (ContextHandler.java:doStart(781)) - Started o.e.j.s.ServletContextHandler@7a3f08b6{/static,jar:file:/home/user/.m2/repository/org/apache/hadoop/hadoop-hdds-container-service/0.5.0-SNAPSHOT/hadoop-hdds-container-service-0.5.0-SNAPSHOT.jar!/webapps/static,AVAILABLE}
2019-09-19 14:39:56,209 [main] INFO  handler.ContextHandler (ContextHandler.java:doStart(781)) - Started o.e.j.w.WebAppContext@2616b618{/,file:///tmp/jetty-0.0.0.0-42976-hddsDatanode-_-any-6749557854155066336.dir/webapp/,AVAILABLE}{/hddsDatanode}
2019-09-19 14:39:56,210 [main] INFO  server.AbstractConnector (AbstractConnector.java:doStart(278)) - Started ServerConnector@73bb573d{HTTP/1.1,[http/1.1]}{0.0.0.0:42976}
2019-09-19 14:39:56,211 [main] INFO  server.Server (Server.java:doStart(419)) - Started @8858ms
2019-09-19 14:39:56,212 [main] INFO  server.BaseHttpServer (BaseHttpServer.java:updateConnectorAddress(213)) - HTTP server of HDDSDATANODE is listening at http://0.0.0.0:42976
2019-09-19 14:39:56,494 | INFO  | ObjectStoreRestHttpServer | Listening HDDS REST traffic on /0.0.0.0:44666 |  
2019-09-19 14:39:56,494 [main] INFO  ozone.HddsDatanodeService (HddsDatanodeService.java:startPlugins(395)) - Started plug-in org.apache.hadoop.ozone.web.OzoneHddsDatanodeService@67763ebe
2019-09-19 14:39:56,494 [main] INFO  impl.MetricsSystemImpl (MetricsSystemImpl.java:init(158)) - HddsDatanode metrics system started (again)
2019-09-19 14:39:56,497 [org.apache.hadoop.util.JvmPauseMonitor$Monitor@1b04adc8] INFO  util.JvmPauseMonitor (JvmPauseMonitor.java:run(188)) - Starting JVM pause monitor
2019-09-19 14:39:56,498 [main] INFO  ozone.HddsDatanodeService (HddsDatanodeService.java:start(184)) - HddsDatanodeService host:pr-hdds-1569-rzdr8-3403194166 ip:192.168.5.132
2019-09-19 14:39:56,500 [Datanode State Machine Thread - 0] INFO  datanode.InitDatanodeState (InitDatanodeState.java:persistContainerDatanodeDetails(140)) - DatanodeDetails is persisted to /workdir/hadoop-ozone/ozonefs/target/test-dir/MiniOzoneClusterImpl-889e9801-d8cd-4d64-ad06-78e1b934daf6/datanode-4/meta/datanode.id
2019-09-19 14:39:56,504 [main] INFO  volume.HddsVolume (HddsVolume.java:<init>(176)) - Creating Volume: /workdir/hadoop-ozone/ozonefs/target/test-dir/MiniOzoneClusterImpl-889e9801-d8cd-4d64-ad06-78e1b934daf6/datanode-5/data/containers/hdds of  storage type : DISK and capacity : 1482555576320
2019-09-19 14:39:56,505 [main] INFO  volume.VolumeSet (VolumeSet.java:initializeVolumeSet(170)) - Added Volume : /workdir/hadoop-ozone/ozonefs/target/test-dir/MiniOzoneClusterImpl-889e9801-d8cd-4d64-ad06-78e1b934daf6/datanode-5/data/containers/hdds to VolumeSet
2019-09-19 14:39:56,505 [main] INFO  volume.ThrottledAsyncChecker (ThrottledAsyncChecker.java:schedule(140)) - Scheduling a check for org.apache.hadoop.ozone.container.common.volume.HddsVolume@76d0ecd7
2019-09-19 14:39:56,505 [main] INFO  volume.HddsVolumeChecker (HddsVolumeChecker.java:checkAllVolumes(203)) - Scheduled health check for volume org.apache.hadoop.ozone.container.common.volume.HddsVolume@76d0ecd7
2019-09-19 14:39:56,525 [main] INFO  impl.RaftServerProxy (ConfUtils.java:logGet(43)) - raft.rpc.type = GRPC (default)
2019-09-19 14:39:56,525 [main] INFO  grpc.GrpcFactory (GrpcFactory.java:checkPooledByteBufAllocatorUseCacheForAllThreads(45)) - PERFORMANCE WARNING: useCacheForAllThreads is true that may cause Netty to create a lot garbage objects and, as a result, trigger GC.
	It is recommended to disable useCacheForAllThreads by setting -Dorg.apache.ratis.thirdparty.io.netty.allocator.useCacheForAllThreads=false in command line.
2019-09-19 14:39:56,525 [main] INFO  grpc.GrpcConfigKeys$Server (ConfUtils.java:logGet(43)) - raft.grpc.server.port = 0 (default)
2019-09-19 14:39:56,526 [main] INFO  server.GrpcService (ConfUtils.java:logGet(43)) - raft.grpc.message.size.max = 33570816 (custom)
2019-09-19 14:39:56,526 [main] INFO  server.RaftServerConfigKeys (ConfUtils.java:logGet(43)) - raft.server.log.appender.buffer.byte-limit = 33554432 (custom)
2019-09-19 14:39:56,526 [main] INFO  server.GrpcService (ConfUtils.java:logGet(43)) - raft.grpc.flow.control.window = 1MB (=1048576) (default)
2019-09-19 14:39:56,526 [main] INFO  server.RaftServerConfigKeys (ConfUtils.java:logGet(43)) - raft.server.rpc.request.timeout = 3000ms (default)
2019-09-19 14:39:56,527 [main] INFO  server.RaftServerConfigKeys (ConfUtils.java:logGet(43)) - raft.server.storage.dir = [/workdir/hadoop-ozone/ozonefs/target/test-dir/MiniOzoneClusterImpl-889e9801-d8cd-4d64-ad06-78e1b934daf6/datanode-5/data/ratis] (custom)
2019-09-19 14:39:56,527 [main] INFO  replication.SimpleContainerDownloader (SimpleContainerDownloader.java:<init>(72)) - Starting container downloader service to copy containers to replicate.
2019-09-19 14:39:56,529 [main] INFO  hdfs.DFSUtil (DFSUtil.java:httpServerTemplateForNNAndJN(1641)) - Starting Web-server for hddsDatanode at: http://0.0.0.0:0
2019-09-19 14:39:56,530 [main] INFO  server.AuthenticationFilter (AuthenticationFilter.java:constructSecretProvider(240)) - Unable to initialize FileSignerSecretProvider, falling back to use random secrets.
2019-09-19 14:39:56,531 [main] WARN  http.HttpRequestLog (HttpRequestLog.java:getRequestLog(97)) - Jetty request log can only be enabled using Log4j
2019-09-19 14:39:56,533 [main] INFO  http.HttpServer2 (HttpServer2.java:addGlobalFilter(975)) - Added global filter 'safety' (class=org.apache.hadoop.http.HttpServer2$QuotingInputFilter)
2019-09-19 14:39:56,533 [main] INFO  http.HttpServer2 (HttpServer2.java:addFilter(948)) - Added filter static_user_filter (class=org.apache.hadoop.http.lib.StaticUserWebFilter$StaticUserFilter) to context hddsDatanode
2019-09-19 14:39:56,533 [main] INFO  http.HttpServer2 (HttpServer2.java:addFilter(958)) - Added filter static_user_filter (class=org.apache.hadoop.http.lib.StaticUserWebFilter$StaticUserFilter) to context logs
2019-09-19 14:39:56,534 [main] INFO  http.HttpServer2 (HttpServer2.java:addFilter(958)) - Added filter static_user_filter (class=org.apache.hadoop.http.lib.StaticUserWebFilter$StaticUserFilter) to context static
2019-09-19 14:39:56,534 [main] INFO  http.HttpServer2 (HttpServer2.java:bindListener(1191)) - Jetty bound to port 33396
2019-09-19 14:39:56,534 [main] INFO  server.Server (Server.java:doStart(351)) - jetty-9.3.24.v20180605, build timestamp: 2018-06-05T17:11:56Z, git hash: 84205aa28f11a4f31f2a3b86d1bba2cc8ab69827
2019-09-19 14:39:56,536 [main] INFO  handler.ContextHandler (ContextHandler.java:doStart(781)) - Started o.e.j.s.ServletContextHandler@19eea77c{/logs,file:///workdir/hadoop-ozone/ozonefs/target/log,AVAILABLE}
2019-09-19 14:39:56,537 [main] INFO  handler.ContextHandler (ContextHandler.java:doStart(781)) - Started o.e.j.s.ServletContextHandler@ac4915e{/static,jar:file:/home/user/.m2/repository/org/apache/hadoop/hadoop-hdds-container-service/0.5.0-SNAPSHOT/hadoop-hdds-container-service-0.5.0-SNAPSHOT.jar!/webapps/static,AVAILABLE}
2019-09-19 14:39:56,564 [main] INFO  handler.ContextHandler (ContextHandler.java:doStart(781)) - Started o.e.j.w.WebAppContext@7336fd8f{/,file:///tmp/jetty-0.0.0.0-33396-hddsDatanode-_-any-2836320950643690820.dir/webapp/,AVAILABLE}{/hddsDatanode}
2019-09-19 14:39:56,566 [main] INFO  server.AbstractConnector (AbstractConnector.java:doStart(278)) - Started ServerConnector@701c223a{HTTP/1.1,[http/1.1]}{0.0.0.0:33396}
2019-09-19 14:39:56,566 [main] INFO  server.Server (Server.java:doStart(419)) - Started @9213ms
2019-09-19 14:39:56,566 [main] INFO  server.BaseHttpServer (BaseHttpServer.java:updateConnectorAddress(213)) - HTTP server of HDDSDATANODE is listening at http://0.0.0.0:33396
2019-09-19 14:39:56,726 | INFO  | ObjectStoreRestHttpServer | Listening HDDS REST traffic on /0.0.0.0:36698 |  
2019-09-19 14:39:56,726 [main] INFO  ozone.HddsDatanodeService (HddsDatanodeService.java:startPlugins(395)) - Started plug-in org.apache.hadoop.ozone.web.OzoneHddsDatanodeService@2296127
2019-09-19 14:39:56,727 [main] INFO  impl.MetricsSystemImpl (MetricsSystemImpl.java:init(158)) - HddsDatanode metrics system started (again)
2019-09-19 14:39:56,730 [org.apache.hadoop.util.JvmPauseMonitor$Monitor@13f19d2c] INFO  util.JvmPauseMonitor (JvmPauseMonitor.java:run(188)) - Starting JVM pause monitor
2019-09-19 14:39:56,730 [main] INFO  ozone.HddsDatanodeService (HddsDatanodeService.java:start(184)) - HddsDatanodeService host:pr-hdds-1569-rzdr8-3403194166 ip:192.168.5.132
2019-09-19 14:39:56,732 [Datanode State Machine Thread - 0] INFO  datanode.InitDatanodeState (InitDatanodeState.java:persistContainerDatanodeDetails(140)) - DatanodeDetails is persisted to /workdir/hadoop-ozone/ozonefs/target/test-dir/MiniOzoneClusterImpl-889e9801-d8cd-4d64-ad06-78e1b934daf6/datanode-5/meta/datanode.id
2019-09-19 14:39:56,738 [main] INFO  volume.HddsVolume (HddsVolume.java:<init>(176)) - Creating Volume: /workdir/hadoop-ozone/ozonefs/target/test-dir/MiniOzoneClusterImpl-889e9801-d8cd-4d64-ad06-78e1b934daf6/datanode-6/data/containers/hdds of  storage type : DISK and capacity : 1482555576320
2019-09-19 14:39:56,739 [main] INFO  volume.VolumeSet (VolumeSet.java:initializeVolumeSet(170)) - Added Volume : /workdir/hadoop-ozone/ozonefs/target/test-dir/MiniOzoneClusterImpl-889e9801-d8cd-4d64-ad06-78e1b934daf6/datanode-6/data/containers/hdds to VolumeSet
2019-09-19 14:39:56,739 [main] INFO  volume.ThrottledAsyncChecker (ThrottledAsyncChecker.java:schedule(140)) - Scheduling a check for org.apache.hadoop.ozone.container.common.volume.HddsVolume@59ec7020
2019-09-19 14:39:56,739 [main] INFO  volume.HddsVolumeChecker (HddsVolumeChecker.java:checkAllVolumes(203)) - Scheduled health check for volume org.apache.hadoop.ozone.container.common.volume.HddsVolume@59ec7020
2019-09-19 14:39:56,761 [main] INFO  impl.RaftServerProxy (ConfUtils.java:logGet(43)) - raft.rpc.type = GRPC (default)
2019-09-19 14:39:56,761 [main] INFO  grpc.GrpcFactory (GrpcFactory.java:checkPooledByteBufAllocatorUseCacheForAllThreads(45)) - PERFORMANCE WARNING: useCacheForAllThreads is true that may cause Netty to create a lot garbage objects and, as a result, trigger GC.
	It is recommended to disable useCacheForAllThreads by setting -Dorg.apache.ratis.thirdparty.io.netty.allocator.useCacheForAllThreads=false in command line.
2019-09-19 14:39:56,761 [main] INFO  grpc.GrpcConfigKeys$Server (ConfUtils.java:logGet(43)) - raft.grpc.server.port = 0 (default)
2019-09-19 14:39:56,761 [main] INFO  server.GrpcService (ConfUtils.java:logGet(43)) - raft.grpc.message.size.max = 33570816 (custom)
2019-09-19 14:39:56,762 [main] INFO  server.RaftServerConfigKeys (ConfUtils.java:logGet(43)) - raft.server.log.appender.buffer.byte-limit = 33554432 (custom)
2019-09-19 14:39:56,762 [main] INFO  server.GrpcService (ConfUtils.java:logGet(43)) - raft.grpc.flow.control.window = 1MB (=1048576) (default)
2019-09-19 14:39:56,762 [main] INFO  server.RaftServerConfigKeys (ConfUtils.java:logGet(43)) - raft.server.rpc.request.timeout = 3000ms (default)
2019-09-19 14:39:56,763 [main] INFO  server.RaftServerConfigKeys (ConfUtils.java:logGet(43)) - raft.server.storage.dir = [/workdir/hadoop-ozone/ozonefs/target/test-dir/MiniOzoneClusterImpl-889e9801-d8cd-4d64-ad06-78e1b934daf6/datanode-6/data/ratis] (custom)
2019-09-19 14:39:56,763 [main] INFO  replication.SimpleContainerDownloader (SimpleContainerDownloader.java:<init>(72)) - Starting container downloader service to copy containers to replicate.
2019-09-19 14:39:56,764 [main] INFO  hdfs.DFSUtil (DFSUtil.java:httpServerTemplateForNNAndJN(1641)) - Starting Web-server for hddsDatanode at: http://0.0.0.0:0
2019-09-19 14:39:56,767 [main] INFO  server.AuthenticationFilter (AuthenticationFilter.java:constructSecretProvider(240)) - Unable to initialize FileSignerSecretProvider, falling back to use random secrets.
2019-09-19 14:39:56,767 [main] WARN  http.HttpRequestLog (HttpRequestLog.java:getRequestLog(97)) - Jetty request log can only be enabled using Log4j
2019-09-19 14:39:56,770 [main] INFO  http.HttpServer2 (HttpServer2.java:addGlobalFilter(975)) - Added global filter 'safety' (class=org.apache.hadoop.http.HttpServer2$QuotingInputFilter)
2019-09-19 14:39:56,771 [main] INFO  http.HttpServer2 (HttpServer2.java:addFilter(948)) - Added filter static_user_filter (class=org.apache.hadoop.http.lib.StaticUserWebFilter$StaticUserFilter) to context hddsDatanode
2019-09-19 14:39:56,771 [main] INFO  http.HttpServer2 (HttpServer2.java:addFilter(958)) - Added filter static_user_filter (class=org.apache.hadoop.http.lib.StaticUserWebFilter$StaticUserFilter) to context static
2019-09-19 14:39:56,771 [main] INFO  http.HttpServer2 (HttpServer2.java:addFilter(958)) - Added filter static_user_filter (class=org.apache.hadoop.http.lib.StaticUserWebFilter$StaticUserFilter) to context logs
2019-09-19 14:39:56,772 [main] INFO  http.HttpServer2 (HttpServer2.java:bindListener(1191)) - Jetty bound to port 45324
2019-09-19 14:39:56,773 [main] INFO  server.Server (Server.java:doStart(351)) - jetty-9.3.24.v20180605, build timestamp: 2018-06-05T17:11:56Z, git hash: 84205aa28f11a4f31f2a3b86d1bba2cc8ab69827
2019-09-19 14:39:56,776 [main] INFO  handler.ContextHandler (ContextHandler.java:doStart(781)) - Started o.e.j.s.ServletContextHandler@2120bed{/logs,file:///workdir/hadoop-ozone/ozonefs/target/log,AVAILABLE}
2019-09-19 14:39:56,776 [main] INFO  handler.ContextHandler (ContextHandler.java:doStart(781)) - Started o.e.j.s.ServletContextHandler@743bb39a{/static,jar:file:/home/user/.m2/repository/org/apache/hadoop/hadoop-hdds-container-service/0.5.0-SNAPSHOT/hadoop-hdds-container-service-0.5.0-SNAPSHOT.jar!/webapps/static,AVAILABLE}
2019-09-19 14:39:56,821 [main] INFO  handler.ContextHandler (ContextHandler.java:doStart(781)) - Started o.e.j.w.WebAppContext@23b71d24{/,file:///tmp/jetty-0.0.0.0-45324-hddsDatanode-_-any-4633417320557825878.dir/webapp/,AVAILABLE}{/hddsDatanode}
2019-09-19 14:39:56,822 [main] INFO  server.AbstractConnector (AbstractConnector.java:doStart(278)) - Started ServerConnector@568f4faa{HTTP/1.1,[http/1.1]}{0.0.0.0:45324}
2019-09-19 14:39:56,822 [main] INFO  server.Server (Server.java:doStart(419)) - Started @9469ms
2019-09-19 14:39:56,823 [main] INFO  server.BaseHttpServer (BaseHttpServer.java:updateConnectorAddress(213)) - HTTP server of HDDSDATANODE is listening at http://0.0.0.0:45324
2019-09-19 14:39:56,978 | INFO  | ObjectStoreRestHttpServer | Listening HDDS REST traffic on /0.0.0.0:33783 |  
2019-09-19 14:39:56,978 [main] INFO  ozone.HddsDatanodeService (HddsDatanodeService.java:startPlugins(395)) - Started plug-in org.apache.hadoop.ozone.web.OzoneHddsDatanodeService@79f1e22e
2019-09-19 14:39:56,979 [main] INFO  impl.MetricsSystemImpl (MetricsSystemImpl.java:init(158)) - HddsDatanode metrics system started (again)
2019-09-19 14:39:56,983 [org.apache.hadoop.util.JvmPauseMonitor$Monitor@79cc8147] INFO  util.JvmPauseMonitor (JvmPauseMonitor.java:run(188)) - Starting JVM pause monitor
2019-09-19 14:39:56,983 [main] INFO  ozone.HddsDatanodeService (HddsDatanodeService.java:start(184)) - HddsDatanodeService host:pr-hdds-1569-rzdr8-3403194166 ip:192.168.5.132
2019-09-19 14:39:56,986 [Datanode State Machine Thread - 0] INFO  datanode.InitDatanodeState (InitDatanodeState.java:persistContainerDatanodeDetails(140)) - DatanodeDetails is persisted to /workdir/hadoop-ozone/ozonefs/target/test-dir/MiniOzoneClusterImpl-889e9801-d8cd-4d64-ad06-78e1b934daf6/datanode-6/meta/datanode.id
2019-09-19 14:39:56,992 [main] INFO  volume.HddsVolume (HddsVolume.java:<init>(176)) - Creating Volume: /workdir/hadoop-ozone/ozonefs/target/test-dir/MiniOzoneClusterImpl-889e9801-d8cd-4d64-ad06-78e1b934daf6/datanode-7/data/containers/hdds of  storage type : DISK and capacity : 1482555576320
2019-09-19 14:39:56,993 [main] INFO  volume.VolumeSet (VolumeSet.java:initializeVolumeSet(170)) - Added Volume : /workdir/hadoop-ozone/ozonefs/target/test-dir/MiniOzoneClusterImpl-889e9801-d8cd-4d64-ad06-78e1b934daf6/datanode-7/data/containers/hdds to VolumeSet
2019-09-19 14:39:56,993 [main] INFO  volume.ThrottledAsyncChecker (ThrottledAsyncChecker.java:schedule(140)) - Scheduling a check for org.apache.hadoop.ozone.container.common.volume.HddsVolume@e795a1d
2019-09-19 14:39:56,994 [main] INFO  volume.HddsVolumeChecker (HddsVolumeChecker.java:checkAllVolumes(203)) - Scheduled health check for volume org.apache.hadoop.ozone.container.common.volume.HddsVolume@e795a1d
2019-09-19 14:39:57,028 [main] INFO  impl.RaftServerProxy (ConfUtils.java:logGet(43)) - raft.rpc.type = GRPC (default)
2019-09-19 14:39:57,028 [main] INFO  grpc.GrpcFactory (GrpcFactory.java:checkPooledByteBufAllocatorUseCacheForAllThreads(45)) - PERFORMANCE WARNING: useCacheForAllThreads is true that may cause Netty to create a lot garbage objects and, as a result, trigger GC.
	It is recommended to disable useCacheForAllThreads by setting -Dorg.apache.ratis.thirdparty.io.netty.allocator.useCacheForAllThreads=false in command line.
2019-09-19 14:39:57,028 [main] INFO  grpc.GrpcConfigKeys$Server (ConfUtils.java:logGet(43)) - raft.grpc.server.port = 0 (default)
2019-09-19 14:39:57,029 [main] INFO  server.GrpcService (ConfUtils.java:logGet(43)) - raft.grpc.message.size.max = 33570816 (custom)
2019-09-19 14:39:57,029 [main] INFO  server.RaftServerConfigKeys (ConfUtils.java:logGet(43)) - raft.server.log.appender.buffer.byte-limit = 33554432 (custom)
2019-09-19 14:39:57,029 [main] INFO  server.GrpcService (ConfUtils.java:logGet(43)) - raft.grpc.flow.control.window = 1MB (=1048576) (default)
2019-09-19 14:39:57,029 [main] INFO  server.RaftServerConfigKeys (ConfUtils.java:logGet(43)) - raft.server.rpc.request.timeout = 3000ms (default)
2019-09-19 14:39:57,030 [main] INFO  server.RaftServerConfigKeys (ConfUtils.java:logGet(43)) - raft.server.storage.dir = [/workdir/hadoop-ozone/ozonefs/target/test-dir/MiniOzoneClusterImpl-889e9801-d8cd-4d64-ad06-78e1b934daf6/datanode-7/data/ratis] (custom)
2019-09-19 14:39:57,031 [main] INFO  replication.SimpleContainerDownloader (SimpleContainerDownloader.java:<init>(72)) - Starting container downloader service to copy containers to replicate.
2019-09-19 14:39:57,032 [main] INFO  hdfs.DFSUtil (DFSUtil.java:httpServerTemplateForNNAndJN(1641)) - Starting Web-server for hddsDatanode at: http://0.0.0.0:0
2019-09-19 14:39:57,035 [main] INFO  server.AuthenticationFilter (AuthenticationFilter.java:constructSecretProvider(240)) - Unable to initialize FileSignerSecretProvider, falling back to use random secrets.
2019-09-19 14:39:57,035 [main] WARN  http.HttpRequestLog (HttpRequestLog.java:getRequestLog(97)) - Jetty request log can only be enabled using Log4j
2019-09-19 14:39:57,037 [main] INFO  http.HttpServer2 (HttpServer2.java:addGlobalFilter(975)) - Added global filter 'safety' (class=org.apache.hadoop.http.HttpServer2$QuotingInputFilter)
2019-09-19 14:39:57,038 [main] INFO  http.HttpServer2 (HttpServer2.java:addFilter(948)) - Added filter static_user_filter (class=org.apache.hadoop.http.lib.StaticUserWebFilter$StaticUserFilter) to context hddsDatanode
2019-09-19 14:39:57,038 [main] INFO  http.HttpServer2 (HttpServer2.java:addFilter(958)) - Added filter static_user_filter (class=org.apache.hadoop.http.lib.StaticUserWebFilter$StaticUserFilter) to context logs
2019-09-19 14:39:57,038 [main] INFO  http.HttpServer2 (HttpServer2.java:addFilter(958)) - Added filter static_user_filter (class=org.apache.hadoop.http.lib.StaticUserWebFilter$StaticUserFilter) to context static
2019-09-19 14:39:57,039 [main] INFO  http.HttpServer2 (HttpServer2.java:bindListener(1191)) - Jetty bound to port 33584
2019-09-19 14:39:57,039 [main] INFO  server.Server (Server.java:doStart(351)) - jetty-9.3.24.v20180605, build timestamp: 2018-06-05T17:11:56Z, git hash: 84205aa28f11a4f31f2a3b86d1bba2cc8ab69827
2019-09-19 14:39:57,041 [main] INFO  handler.ContextHandler (ContextHandler.java:doStart(781)) - Started o.e.j.s.ServletContextHandler@e972ee1{/logs,file:///workdir/hadoop-ozone/ozonefs/target/log,AVAILABLE}
2019-09-19 14:39:57,042 [main] INFO  handler.ContextHandler (ContextHandler.java:doStart(781)) - Started o.e.j.s.ServletContextHandler@6f0a4e30{/static,jar:file:/home/user/.m2/repository/org/apache/hadoop/hadoop-hdds-container-service/0.5.0-SNAPSHOT/hadoop-hdds-container-service-0.5.0-SNAPSHOT.jar!/webapps/static,AVAILABLE}
2019-09-19 14:39:57,070 [main] INFO  handler.ContextHandler (ContextHandler.java:doStart(781)) - Started o.e.j.w.WebAppContext@45571cfc{/,file:///tmp/jetty-0.0.0.0-33584-hddsDatanode-_-any-1294535914020807929.dir/webapp/,AVAILABLE}{/hddsDatanode}
2019-09-19 14:39:57,071 [main] INFO  server.AbstractConnector (AbstractConnector.java:doStart(278)) - Started ServerConnector@faec277{HTTP/1.1,[http/1.1]}{0.0.0.0:33584}
2019-09-19 14:39:57,072 [main] INFO  server.Server (Server.java:doStart(419)) - Started @9719ms
2019-09-19 14:39:57,073 [main] INFO  server.BaseHttpServer (BaseHttpServer.java:updateConnectorAddress(213)) - HTTP server of HDDSDATANODE is listening at http://0.0.0.0:33584
2019-09-19 14:39:57,195 | INFO  | ObjectStoreRestHttpServer | Listening HDDS REST traffic on /0.0.0.0:35203 |  
2019-09-19 14:39:57,195 [main] INFO  ozone.HddsDatanodeService (HddsDatanodeService.java:startPlugins(395)) - Started plug-in org.apache.hadoop.ozone.web.OzoneHddsDatanodeService@631bc9f4
2019-09-19 14:39:57,196 [main] INFO  impl.MetricsSystemImpl (MetricsSystemImpl.java:init(158)) - HddsDatanode metrics system started (again)
2019-09-19 14:39:57,200 [org.apache.hadoop.util.JvmPauseMonitor$Monitor@1b5e7901] INFO  util.JvmPauseMonitor (JvmPauseMonitor.java:run(188)) - Starting JVM pause monitor
2019-09-19 14:39:57,200 [main] INFO  ozone.HddsDatanodeService (HddsDatanodeService.java:start(184)) - HddsDatanodeService host:pr-hdds-1569-rzdr8-3403194166 ip:192.168.5.132
2019-09-19 14:39:57,203 [Datanode State Machine Thread - 0] INFO  datanode.InitDatanodeState (InitDatanodeState.java:persistContainerDatanodeDetails(140)) - DatanodeDetails is persisted to /workdir/hadoop-ozone/ozonefs/target/test-dir/MiniOzoneClusterImpl-889e9801-d8cd-4d64-ad06-78e1b934daf6/datanode-7/meta/datanode.id
2019-09-19 14:39:57,212 [main] INFO  volume.HddsVolume (HddsVolume.java:<init>(176)) - Creating Volume: /workdir/hadoop-ozone/ozonefs/target/test-dir/MiniOzoneClusterImpl-889e9801-d8cd-4d64-ad06-78e1b934daf6/datanode-8/data/containers/hdds of  storage type : DISK and capacity : 1482555576320
2019-09-19 14:39:57,212 [main] INFO  volume.VolumeSet (VolumeSet.java:initializeVolumeSet(170)) - Added Volume : /workdir/hadoop-ozone/ozonefs/target/test-dir/MiniOzoneClusterImpl-889e9801-d8cd-4d64-ad06-78e1b934daf6/datanode-8/data/containers/hdds to VolumeSet
2019-09-19 14:39:57,213 [main] INFO  volume.ThrottledAsyncChecker (ThrottledAsyncChecker.java:schedule(140)) - Scheduling a check for org.apache.hadoop.ozone.container.common.volume.HddsVolume@15186ce0
2019-09-19 14:39:57,213 [main] INFO  volume.HddsVolumeChecker (HddsVolumeChecker.java:checkAllVolumes(203)) - Scheduled health check for volume org.apache.hadoop.ozone.container.common.volume.HddsVolume@15186ce0
2019-09-19 14:39:57,230 [main] INFO  impl.RaftServerProxy (ConfUtils.java:logGet(43)) - raft.rpc.type = GRPC (default)
2019-09-19 14:39:57,231 [main] INFO  grpc.GrpcFactory (GrpcFactory.java:checkPooledByteBufAllocatorUseCacheForAllThreads(45)) - PERFORMANCE WARNING: useCacheForAllThreads is true that may cause Netty to create a lot garbage objects and, as a result, trigger GC.
	It is recommended to disable useCacheForAllThreads by setting -Dorg.apache.ratis.thirdparty.io.netty.allocator.useCacheForAllThreads=false in command line.
2019-09-19 14:39:57,231 [main] INFO  grpc.GrpcConfigKeys$Server (ConfUtils.java:logGet(43)) - raft.grpc.server.port = 0 (default)
2019-09-19 14:39:57,231 [main] INFO  server.GrpcService (ConfUtils.java:logGet(43)) - raft.grpc.message.size.max = 33570816 (custom)
2019-09-19 14:39:57,231 [main] INFO  server.RaftServerConfigKeys (ConfUtils.java:logGet(43)) - raft.server.log.appender.buffer.byte-limit = 33554432 (custom)
2019-09-19 14:39:57,231 [main] INFO  server.GrpcService (ConfUtils.java:logGet(43)) - raft.grpc.flow.control.window = 1MB (=1048576) (default)
2019-09-19 14:39:57,232 [main] INFO  server.RaftServerConfigKeys (ConfUtils.java:logGet(43)) - raft.server.rpc.request.timeout = 3000ms (default)
2019-09-19 14:39:57,232 [main] INFO  server.RaftServerConfigKeys (ConfUtils.java:logGet(43)) - raft.server.storage.dir = [/workdir/hadoop-ozone/ozonefs/target/test-dir/MiniOzoneClusterImpl-889e9801-d8cd-4d64-ad06-78e1b934daf6/datanode-8/data/ratis] (custom)
2019-09-19 14:39:57,233 [main] INFO  replication.SimpleContainerDownloader (SimpleContainerDownloader.java:<init>(72)) - Starting container downloader service to copy containers to replicate.
2019-09-19 14:39:57,234 [main] INFO  hdfs.DFSUtil (DFSUtil.java:httpServerTemplateForNNAndJN(1641)) - Starting Web-server for hddsDatanode at: http://0.0.0.0:0
2019-09-19 14:39:57,236 [main] INFO  server.AuthenticationFilter (AuthenticationFilter.java:constructSecretProvider(240)) - Unable to initialize FileSignerSecretProvider, falling back to use random secrets.
2019-09-19 14:39:57,236 [main] WARN  http.HttpRequestLog (HttpRequestLog.java:getRequestLog(97)) - Jetty request log can only be enabled using Log4j
2019-09-19 14:39:57,238 [main] INFO  http.HttpServer2 (HttpServer2.java:addGlobalFilter(975)) - Added global filter 'safety' (class=org.apache.hadoop.http.HttpServer2$QuotingInputFilter)
2019-09-19 14:39:57,239 [main] INFO  http.HttpServer2 (HttpServer2.java:addFilter(948)) - Added filter static_user_filter (class=org.apache.hadoop.http.lib.StaticUserWebFilter$StaticUserFilter) to context hddsDatanode
2019-09-19 14:39:57,239 [main] INFO  http.HttpServer2 (HttpServer2.java:addFilter(958)) - Added filter static_user_filter (class=org.apache.hadoop.http.lib.StaticUserWebFilter$StaticUserFilter) to context static
2019-09-19 14:39:57,239 [main] INFO  http.HttpServer2 (HttpServer2.java:addFilter(958)) - Added filter static_user_filter (class=org.apache.hadoop.http.lib.StaticUserWebFilter$StaticUserFilter) to context logs
2019-09-19 14:39:57,240 [main] INFO  http.HttpServer2 (HttpServer2.java:bindListener(1191)) - Jetty bound to port 39701
2019-09-19 14:39:57,240 [main] INFO  server.Server (Server.java:doStart(351)) - jetty-9.3.24.v20180605, build timestamp: 2018-06-05T17:11:56Z, git hash: 84205aa28f11a4f31f2a3b86d1bba2cc8ab69827
2019-09-19 14:39:57,242 [main] INFO  handler.ContextHandler (ContextHandler.java:doStart(781)) - Started o.e.j.s.ServletContextHandler@5ed65e4b{/logs,file:///workdir/hadoop-ozone/ozonefs/target/log,AVAILABLE}
2019-09-19 14:39:57,242 [main] INFO  handler.ContextHandler (ContextHandler.java:doStart(781)) - Started o.e.j.s.ServletContextHandler@40cf6254{/static,jar:file:/home/user/.m2/repository/org/apache/hadoop/hadoop-hdds-container-service/0.5.0-SNAPSHOT/hadoop-hdds-container-service-0.5.0-SNAPSHOT.jar!/webapps/static,AVAILABLE}
2019-09-19 14:39:57,271 [main] INFO  handler.ContextHandler (ContextHandler.java:doStart(781)) - Started o.e.j.w.WebAppContext@8851ec{/,file:///tmp/jetty-0.0.0.0-39701-hddsDatanode-_-any-6245944276061012582.dir/webapp/,AVAILABLE}{/hddsDatanode}
2019-09-19 14:39:57,271 [main] INFO  server.AbstractConnector (AbstractConnector.java:doStart(278)) - Started ServerConnector@18b40fe6{HTTP/1.1,[http/1.1]}{0.0.0.0:39701}
2019-09-19 14:39:57,272 [main] INFO  server.Server (Server.java:doStart(419)) - Started @9919ms
2019-09-19 14:39:57,273 [main] INFO  server.BaseHttpServer (BaseHttpServer.java:updateConnectorAddress(213)) - HTTP server of HDDSDATANODE is listening at http://0.0.0.0:39701
2019-09-19 14:39:57,302 | INFO  | SCMAudit | user=jenkins1000 | ip=192.168.5.132 | op=GET_VERSION null | ret=SUCCESS |  
2019-09-19 14:39:57,327 [Datanode State Machine Thread - 0] INFO  ozoneimpl.OzoneContainer (OzoneContainer.java:start(186)) - Attempting to start container services.
2019-09-19 14:39:57,329 [Datanode State Machine Thread - 0] INFO  ozoneimpl.OzoneContainer (OzoneContainer.java:startContainerScrub(160)) - Background container scrubber has been disabled by hdds.containerscrub.enabled
2019-09-19 14:39:57,330 [Datanode State Machine Thread - 0] INFO  ratis.XceiverServerRatis (XceiverServerRatis.java:start(404)) - Starting XceiverServerRatis f70b6c3b-be29-4a26-a238-fb2d839120cd at port 0
2019-09-19 14:39:57,347 [Datanode State Machine Thread - 0] INFO  impl.RaftServerProxy (RaftServerProxy.java:lambda$start$3(299)) - f70b6c3b-be29-4a26-a238-fb2d839120cd: start RPC server
2019-09-19 14:39:57,440 | INFO  | ObjectStoreRestHttpServer | Listening HDDS REST traffic on /0.0.0.0:42906 |  
2019-09-19 14:39:57,440 [main] INFO  ozone.HddsDatanodeService (HddsDatanodeService.java:startPlugins(395)) - Started plug-in org.apache.hadoop.ozone.web.OzoneHddsDatanodeService@27db45f
2019-09-19 14:39:57,441 [main] INFO  impl.MetricsSystemImpl (MetricsSystemImpl.java:init(158)) - HddsDatanode metrics system started (again)
2019-09-19 14:39:57,449 [org.apache.hadoop.util.JvmPauseMonitor$Monitor@768846f] INFO  util.JvmPauseMonitor (JvmPauseMonitor.java:run(188)) - Starting JVM pause monitor
2019-09-19 14:39:57,449 [main] INFO  ozone.HddsDatanodeService (HddsDatanodeService.java:start(184)) - HddsDatanodeService host:pr-hdds-1569-rzdr8-3403194166 ip:192.168.5.132
2019-09-19 14:39:57,453 [Datanode State Machine Thread - 0] INFO  datanode.InitDatanodeState (InitDatanodeState.java:persistContainerDatanodeDetails(140)) - DatanodeDetails is persisted to /workdir/hadoop-ozone/ozonefs/target/test-dir/MiniOzoneClusterImpl-889e9801-d8cd-4d64-ad06-78e1b934daf6/datanode-8/meta/datanode.id
2019-09-19 14:39:57,462 [main] INFO  volume.HddsVolume (HddsVolume.java:<init>(176)) - Creating Volume: /workdir/hadoop-ozone/ozonefs/target/test-dir/MiniOzoneClusterImpl-889e9801-d8cd-4d64-ad06-78e1b934daf6/datanode-9/data/containers/hdds of  storage type : DISK and capacity : 1482555576320
2019-09-19 14:39:57,462 [main] INFO  volume.VolumeSet (VolumeSet.java:initializeVolumeSet(170)) - Added Volume : /workdir/hadoop-ozone/ozonefs/target/test-dir/MiniOzoneClusterImpl-889e9801-d8cd-4d64-ad06-78e1b934daf6/datanode-9/data/containers/hdds to VolumeSet
2019-09-19 14:39:57,462 [main] INFO  volume.ThrottledAsyncChecker (ThrottledAsyncChecker.java:schedule(140)) - Scheduling a check for org.apache.hadoop.ozone.container.common.volume.HddsVolume@52285a5f
2019-09-19 14:39:57,463 [main] INFO  volume.HddsVolumeChecker (HddsVolumeChecker.java:checkAllVolumes(203)) - Scheduled health check for volume org.apache.hadoop.ozone.container.common.volume.HddsVolume@52285a5f
2019-09-19 14:39:57,492 [Datanode State Machine Thread - 0] INFO  server.GrpcService (GrpcService.java:startImpl(149)) - f70b6c3b-be29-4a26-a238-fb2d839120cd: GrpcService started, listening on 0.0.0.0/0.0.0.0:34965
2019-09-19 14:39:57,494 [Datanode State Machine Thread - 0] INFO  ratis.XceiverServerRatis (XceiverServerRatis.java:start(414)) - XceiverServerRatis f70b6c3b-be29-4a26-a238-fb2d839120cd is started using port 34965
2019-09-19 14:39:57,496 [main] INFO  impl.RaftServerProxy (ConfUtils.java:logGet(43)) - raft.rpc.type = GRPC (default)
2019-09-19 14:39:57,497 [main] INFO  grpc.GrpcFactory (GrpcFactory.java:checkPooledByteBufAllocatorUseCacheForAllThreads(45)) - PERFORMANCE WARNING: useCacheForAllThreads is true that may cause Netty to create a lot garbage objects and, as a result, trigger GC.
	It is recommended to disable useCacheForAllThreads by setting -Dorg.apache.ratis.thirdparty.io.netty.allocator.useCacheForAllThreads=false in command line.
2019-09-19 14:39:57,497 [Datanode State Machine Thread - 0] INFO  server.XceiverServerGrpc (XceiverServerGrpc.java:start(163)) - XceiverServerGrpc f70b6c3b-be29-4a26-a238-fb2d839120cd is started using port 37843
2019-09-19 14:39:57,497 [main] INFO  grpc.GrpcConfigKeys$Server (ConfUtils.java:logGet(43)) - raft.grpc.server.port = 0 (default)
2019-09-19 14:39:57,497 [main] INFO  server.GrpcService (ConfUtils.java:logGet(43)) - raft.grpc.message.size.max = 33570816 (custom)
2019-09-19 14:39:57,497 [main] INFO  server.RaftServerConfigKeys (ConfUtils.java:logGet(43)) - raft.server.log.appender.buffer.byte-limit = 33554432 (custom)
2019-09-19 14:39:57,498 [main] INFO  server.GrpcService (ConfUtils.java:logGet(43)) - raft.grpc.flow.control.window = 1MB (=1048576) (default)
2019-09-19 14:39:57,498 [main] INFO  server.RaftServerConfigKeys (ConfUtils.java:logGet(43)) - raft.server.rpc.request.timeout = 3000ms (default)
2019-09-19 14:39:57,498 [main] INFO  server.RaftServerConfigKeys (ConfUtils.java:logGet(43)) - raft.server.storage.dir = [/workdir/hadoop-ozone/ozonefs/target/test-dir/MiniOzoneClusterImpl-889e9801-d8cd-4d64-ad06-78e1b934daf6/datanode-9/data/ratis] (custom)
2019-09-19 14:39:57,499 [main] INFO  replication.SimpleContainerDownloader (SimpleContainerDownloader.java:<init>(72)) - Starting container downloader service to copy containers to replicate.
2019-09-19 14:39:57,500 [main] INFO  hdfs.DFSUtil (DFSUtil.java:httpServerTemplateForNNAndJN(1641)) - Starting Web-server for hddsDatanode at: http://0.0.0.0:0
2019-09-19 14:39:57,501 [main] INFO  server.AuthenticationFilter (AuthenticationFilter.java:constructSecretProvider(240)) - Unable to initialize FileSignerSecretProvider, falling back to use random secrets.
2019-09-19 14:39:57,502 [main] WARN  http.HttpRequestLog (HttpRequestLog.java:getRequestLog(97)) - Jetty request log can only be enabled using Log4j
2019-09-19 14:39:57,503 [main] INFO  http.HttpServer2 (HttpServer2.java:addGlobalFilter(975)) - Added global filter 'safety' (class=org.apache.hadoop.http.HttpServer2$QuotingInputFilter)
2019-09-19 14:39:57,504 [main] INFO  http.HttpServer2 (HttpServer2.java:addFilter(948)) - Added filter static_user_filter (class=org.apache.hadoop.http.lib.StaticUserWebFilter$StaticUserFilter) to context hddsDatanode
2019-09-19 14:39:57,504 [main] INFO  http.HttpServer2 (HttpServer2.java:addFilter(958)) - Added filter static_user_filter (class=org.apache.hadoop.http.lib.StaticUserWebFilter$StaticUserFilter) to context logs
2019-09-19 14:39:57,504 [main] INFO  http.HttpServer2 (HttpServer2.java:addFilter(958)) - Added filter static_user_filter (class=org.apache.hadoop.http.lib.StaticUserWebFilter$StaticUserFilter) to context static
2019-09-19 14:39:57,505 [main] INFO  http.HttpServer2 (HttpServer2.java:bindListener(1191)) - Jetty bound to port 32776
2019-09-19 14:39:57,505 [main] INFO  server.Server (Server.java:doStart(351)) - jetty-9.3.24.v20180605, build timestamp: 2018-06-05T17:11:56Z, git hash: 84205aa28f11a4f31f2a3b86d1bba2cc8ab69827
2019-09-19 14:39:57,507 [main] INFO  handler.ContextHandler (ContextHandler.java:doStart(781)) - Started o.e.j.s.ServletContextHandler@645ba24a{/logs,file:///workdir/hadoop-ozone/ozonefs/target/log,AVAILABLE}
2019-09-19 14:39:57,508 [main] INFO  handler.ContextHandler (ContextHandler.java:doStart(781)) - Started o.e.j.s.ServletContextHandler@3dd2b9c1{/static,jar:file:/home/user/.m2/repository/org/apache/hadoop/hadoop-hdds-container-service/0.5.0-SNAPSHOT/hadoop-hdds-container-service-0.5.0-SNAPSHOT.jar!/webapps/static,AVAILABLE}
2019-09-19 14:39:57,535 [main] INFO  handler.ContextHandler (ContextHandler.java:doStart(781)) - Started o.e.j.w.WebAppContext@11ad095c{/,file:///tmp/jetty-0.0.0.0-32776-hddsDatanode-_-any-4006972834646040608.dir/webapp/,AVAILABLE}{/hddsDatanode}
2019-09-19 14:39:57,537 [main] INFO  server.AbstractConnector (AbstractConnector.java:doStart(278)) - Started ServerConnector@2c2a903f{HTTP/1.1,[http/1.1]}{0.0.0.0:32776}
2019-09-19 14:39:57,537 [main] INFO  server.Server (Server.java:doStart(419)) - Started @10184ms
2019-09-19 14:39:57,538 [main] INFO  server.BaseHttpServer (BaseHttpServer.java:updateConnectorAddress(213)) - HTTP server of HDDSDATANODE is listening at http://0.0.0.0:32776
2019-09-19 14:39:57,564 | INFO  | SCMAudit | user=jenkins1000 | ip=192.168.5.132 | op=GET_VERSION null | ret=SUCCESS |  
2019-09-19 14:39:57,580 [Datanode State Machine Thread - 0] INFO  ozoneimpl.OzoneContainer (OzoneContainer.java:start(186)) - Attempting to start container services.
2019-09-19 14:39:57,581 [Datanode State Machine Thread - 0] INFO  ozoneimpl.OzoneContainer (OzoneContainer.java:startContainerScrub(160)) - Background container scrubber has been disabled by hdds.containerscrub.enabled
2019-09-19 14:39:57,582 [Datanode State Machine Thread - 0] INFO  ratis.XceiverServerRatis (XceiverServerRatis.java:start(404)) - Starting XceiverServerRatis c157b6a0-3602-4e04-89f3-2eaad4ae05f6 at port 0
2019-09-19 14:39:57,591 [Datanode State Machine Thread - 0] INFO  impl.RaftServerProxy (RaftServerProxy.java:lambda$start$3(299)) - c157b6a0-3602-4e04-89f3-2eaad4ae05f6: start RPC server
2019-09-19 14:39:57,600 [Datanode State Machine Thread - 0] INFO  server.GrpcService (GrpcService.java:startImpl(149)) - c157b6a0-3602-4e04-89f3-2eaad4ae05f6: GrpcService started, listening on 0.0.0.0/0.0.0.0:35760
2019-09-19 14:39:57,600 [Datanode State Machine Thread - 0] INFO  ratis.XceiverServerRatis (XceiverServerRatis.java:start(414)) - XceiverServerRatis c157b6a0-3602-4e04-89f3-2eaad4ae05f6 is started using port 35760
2019-09-19 14:39:57,603 [Datanode State Machine Thread - 0] INFO  server.XceiverServerGrpc (XceiverServerGrpc.java:start(163)) - XceiverServerGrpc c157b6a0-3602-4e04-89f3-2eaad4ae05f6 is started using port 38170
2019-09-19 14:39:57,670 | INFO  | ObjectStoreRestHttpServer | Listening HDDS REST traffic on /0.0.0.0:45704 |  
2019-09-19 14:39:57,670 [main] INFO  ozone.HddsDatanodeService (HddsDatanodeService.java:startPlugins(395)) - Started plug-in org.apache.hadoop.ozone.web.OzoneHddsDatanodeService@37806be6
2019-09-19 14:39:57,674 [main] INFO  ozone.MiniOzoneClusterImpl (MiniOzoneClusterImpl.java:lambda$waitForClusterToBeReady$0(142)) - Waiting for cluster to be ready. Got 0 of 10 DN Heartbeats.
2019-09-19 14:39:57,675 [org.apache.hadoop.util.JvmPauseMonitor$Monitor@5a62819a] INFO  util.JvmPauseMonitor (JvmPauseMonitor.java:run(188)) - Starting JVM pause monitor
2019-09-19 14:39:57,677 [Datanode State Machine Thread - 0] INFO  datanode.InitDatanodeState (InitDatanodeState.java:persistContainerDatanodeDetails(140)) - DatanodeDetails is persisted to /workdir/hadoop-ozone/ozonefs/target/test-dir/MiniOzoneClusterImpl-889e9801-d8cd-4d64-ad06-78e1b934daf6/datanode-9/meta/datanode.id
2019-09-19 14:39:57,823 | INFO  | SCMAudit | user=jenkins1000 | ip=192.168.5.132 | op=GET_VERSION null | ret=SUCCESS |  
2019-09-19 14:39:57,850 [Datanode State Machine Thread - 0] INFO  ozoneimpl.OzoneContainer (OzoneContainer.java:start(186)) - Attempting to start container services.
2019-09-19 14:39:57,850 [Datanode State Machine Thread - 0] INFO  ozoneimpl.OzoneContainer (OzoneContainer.java:startContainerScrub(160)) - Background container scrubber has been disabled by hdds.containerscrub.enabled
2019-09-19 14:39:57,850 [Datanode State Machine Thread - 0] INFO  ratis.XceiverServerRatis (XceiverServerRatis.java:start(404)) - Starting XceiverServerRatis cda53276-4c02-47df-9243-aafa1631e748 at port 0
2019-09-19 14:39:57,860 [Datanode State Machine Thread - 0] INFO  impl.RaftServerProxy (RaftServerProxy.java:lambda$start$3(299)) - cda53276-4c02-47df-9243-aafa1631e748: start RPC server
2019-09-19 14:39:57,865 [Datanode State Machine Thread - 0] INFO  server.GrpcService (GrpcService.java:startImpl(149)) - cda53276-4c02-47df-9243-aafa1631e748: GrpcService started, listening on 0.0.0.0/0.0.0.0:44276
2019-09-19 14:39:57,865 [Datanode State Machine Thread - 0] INFO  ratis.XceiverServerRatis (XceiverServerRatis.java:start(414)) - XceiverServerRatis cda53276-4c02-47df-9243-aafa1631e748 is started using port 44276
2019-09-19 14:39:57,868 [Datanode State Machine Thread - 0] INFO  server.XceiverServerGrpc (XceiverServerGrpc.java:start(163)) - XceiverServerGrpc cda53276-4c02-47df-9243-aafa1631e748 is started using port 36851
2019-09-19 14:39:58,117 | INFO  | SCMAudit | user=jenkins1000 | ip=192.168.5.132 | op=GET_VERSION null | ret=SUCCESS |  
2019-09-19 14:39:58,146 [Datanode State Machine Thread - 0] INFO  ozoneimpl.OzoneContainer (OzoneContainer.java:start(186)) - Attempting to start container services.
2019-09-19 14:39:58,146 [Datanode State Machine Thread - 0] INFO  ozoneimpl.OzoneContainer (OzoneContainer.java:startContainerScrub(160)) - Background container scrubber has been disabled by hdds.containerscrub.enabled
2019-09-19 14:39:58,147 [Datanode State Machine Thread - 0] INFO  ratis.XceiverServerRatis (XceiverServerRatis.java:start(404)) - Starting XceiverServerRatis 7354d665-2a20-43d9-a220-6cd224d5c3fe at port 0
2019-09-19 14:39:58,155 [Datanode State Machine Thread - 0] INFO  impl.RaftServerProxy (RaftServerProxy.java:lambda$start$3(299)) - 7354d665-2a20-43d9-a220-6cd224d5c3fe: start RPC server
2019-09-19 14:39:58,159 [Datanode State Machine Thread - 0] INFO  server.GrpcService (GrpcService.java:startImpl(149)) - 7354d665-2a20-43d9-a220-6cd224d5c3fe: GrpcService started, listening on 0.0.0.0/0.0.0.0:32973
2019-09-19 14:39:58,159 [Datanode State Machine Thread - 0] INFO  ratis.XceiverServerRatis (XceiverServerRatis.java:start(414)) - XceiverServerRatis 7354d665-2a20-43d9-a220-6cd224d5c3fe is started using port 32973
2019-09-19 14:39:58,162 [Datanode State Machine Thread - 0] INFO  server.XceiverServerGrpc (XceiverServerGrpc.java:start(163)) - XceiverServerGrpc 7354d665-2a20-43d9-a220-6cd224d5c3fe is started using port 35447
2019-09-19 14:39:58,501 | INFO  | SCMAudit | user=jenkins1000 | ip=192.168.5.132 | op=GET_VERSION null | ret=SUCCESS |  
2019-09-19 14:39:58,524 [Datanode State Machine Thread - 0] INFO  ozoneimpl.OzoneContainer (OzoneContainer.java:start(186)) - Attempting to start container services.
2019-09-19 14:39:58,525 [Datanode State Machine Thread - 0] INFO  ozoneimpl.OzoneContainer (OzoneContainer.java:startContainerScrub(160)) - Background container scrubber has been disabled by hdds.containerscrub.enabled
2019-09-19 14:39:58,525 [Datanode State Machine Thread - 0] INFO  ratis.XceiverServerRatis (XceiverServerRatis.java:start(404)) - Starting XceiverServerRatis 6aa361a5-10ee-4e6c-9990-87c23e670156 at port 0
2019-09-19 14:39:58,534 [Datanode State Machine Thread - 0] INFO  impl.RaftServerProxy (RaftServerProxy.java:lambda$start$3(299)) - 6aa361a5-10ee-4e6c-9990-87c23e670156: start RPC server
2019-09-19 14:39:58,539 [Datanode State Machine Thread - 0] INFO  server.GrpcService (GrpcService.java:startImpl(149)) - 6aa361a5-10ee-4e6c-9990-87c23e670156: GrpcService started, listening on 0.0.0.0/0.0.0.0:41011
2019-09-19 14:39:58,539 [Datanode State Machine Thread - 0] INFO  ratis.XceiverServerRatis (XceiverServerRatis.java:start(414)) - XceiverServerRatis 6aa361a5-10ee-4e6c-9990-87c23e670156 is started using port 41011
2019-09-19 14:39:58,543 [Datanode State Machine Thread - 0] INFO  server.XceiverServerGrpc (XceiverServerGrpc.java:start(163)) - XceiverServerGrpc 6aa361a5-10ee-4e6c-9990-87c23e670156 is started using port 44178
2019-09-19 14:39:58,675 [main] INFO  ozone.MiniOzoneClusterImpl (MiniOzoneClusterImpl.java:lambda$waitForClusterToBeReady$0(142)) - Waiting for cluster to be ready. Got 0 of 10 DN Heartbeats.
2019-09-19 14:39:58,733 | INFO  | SCMAudit | user=jenkins1000 | ip=192.168.5.132 | op=GET_VERSION null | ret=SUCCESS |  
2019-09-19 14:39:58,776 [Datanode State Machine Thread - 0] INFO  ozoneimpl.OzoneContainer (OzoneContainer.java:start(186)) - Attempting to start container services.
2019-09-19 14:39:58,776 [Datanode State Machine Thread - 0] INFO  ozoneimpl.OzoneContainer (OzoneContainer.java:startContainerScrub(160)) - Background container scrubber has been disabled by hdds.containerscrub.enabled
2019-09-19 14:39:58,776 [Datanode State Machine Thread - 0] INFO  ratis.XceiverServerRatis (XceiverServerRatis.java:start(404)) - Starting XceiverServerRatis afbae23f-b8a7-4a0f-ac57-bc0dcc025f7c at port 0
2019-09-19 14:39:58,784 [Datanode State Machine Thread - 0] INFO  impl.RaftServerProxy (RaftServerProxy.java:lambda$start$3(299)) - afbae23f-b8a7-4a0f-ac57-bc0dcc025f7c: start RPC server
2019-09-19 14:39:58,790 [Datanode State Machine Thread - 0] INFO  server.GrpcService (GrpcService.java:startImpl(149)) - afbae23f-b8a7-4a0f-ac57-bc0dcc025f7c: GrpcService started, listening on 0.0.0.0/0.0.0.0:44695
2019-09-19 14:39:58,790 [Datanode State Machine Thread - 0] INFO  ratis.XceiverServerRatis (XceiverServerRatis.java:start(414)) - XceiverServerRatis afbae23f-b8a7-4a0f-ac57-bc0dcc025f7c is started using port 44695
2019-09-19 14:39:58,793 [Datanode State Machine Thread - 0] INFO  server.XceiverServerGrpc (XceiverServerGrpc.java:start(163)) - XceiverServerGrpc afbae23f-b8a7-4a0f-ac57-bc0dcc025f7c is started using port 46590
2019-09-19 14:39:58,987 | INFO  | SCMAudit | user=jenkins1000 | ip=192.168.5.132 | op=GET_VERSION null | ret=SUCCESS |  
2019-09-19 14:39:59,018 [Datanode State Machine Thread - 0] INFO  ozoneimpl.OzoneContainer (OzoneContainer.java:start(186)) - Attempting to start container services.
2019-09-19 14:39:59,018 [Datanode State Machine Thread - 0] INFO  ozoneimpl.OzoneContainer (OzoneContainer.java:startContainerScrub(160)) - Background container scrubber has been disabled by hdds.containerscrub.enabled
2019-09-19 14:39:59,018 [Datanode State Machine Thread - 0] INFO  ratis.XceiverServerRatis (XceiverServerRatis.java:start(404)) - Starting XceiverServerRatis b84a7c4a-6ef7-4bd2-bf64-eea4d8e07688 at port 0
2019-09-19 14:39:59,027 [Datanode State Machine Thread - 0] INFO  impl.RaftServerProxy (RaftServerProxy.java:lambda$start$3(299)) - b84a7c4a-6ef7-4bd2-bf64-eea4d8e07688: start RPC server
2019-09-19 14:39:59,032 [Datanode State Machine Thread - 0] INFO  server.GrpcService (GrpcService.java:startImpl(149)) - b84a7c4a-6ef7-4bd2-bf64-eea4d8e07688: GrpcService started, listening on 0.0.0.0/0.0.0.0:41504
2019-09-19 14:39:59,032 [Datanode State Machine Thread - 0] INFO  ratis.XceiverServerRatis (XceiverServerRatis.java:start(414)) - XceiverServerRatis b84a7c4a-6ef7-4bd2-bf64-eea4d8e07688 is started using port 41504
2019-09-19 14:39:59,036 [Datanode State Machine Thread - 0] INFO  server.XceiverServerGrpc (XceiverServerGrpc.java:start(163)) - XceiverServerGrpc b84a7c4a-6ef7-4bd2-bf64-eea4d8e07688 is started using port 41421
2019-09-19 14:39:59,206 | INFO  | SCMAudit | user=jenkins1000 | ip=192.168.5.132 | op=GET_VERSION null | ret=SUCCESS |  
2019-09-19 14:39:59,235 [Datanode State Machine Thread - 0] INFO  ozoneimpl.OzoneContainer (OzoneContainer.java:start(186)) - Attempting to start container services.
2019-09-19 14:39:59,235 [Datanode State Machine Thread - 0] INFO  ozoneimpl.OzoneContainer (OzoneContainer.java:startContainerScrub(160)) - Background container scrubber has been disabled by hdds.containerscrub.enabled
2019-09-19 14:39:59,236 [Datanode State Machine Thread - 0] INFO  ratis.XceiverServerRatis (XceiverServerRatis.java:start(404)) - Starting XceiverServerRatis a1dec692-f01d-4dc4-b8c6-c1af31f4a539 at port 0
2019-09-19 14:39:59,242 [Datanode State Machine Thread - 0] INFO  impl.RaftServerProxy (RaftServerProxy.java:lambda$start$3(299)) - a1dec692-f01d-4dc4-b8c6-c1af31f4a539: start RPC server
2019-09-19 14:39:59,250 [Datanode State Machine Thread - 0] INFO  server.GrpcService (GrpcService.java:startImpl(149)) - a1dec692-f01d-4dc4-b8c6-c1af31f4a539: GrpcService started, listening on 0.0.0.0/0.0.0.0:43958
2019-09-19 14:39:59,250 [Datanode State Machine Thread - 0] INFO  ratis.XceiverServerRatis (XceiverServerRatis.java:start(414)) - XceiverServerRatis a1dec692-f01d-4dc4-b8c6-c1af31f4a539 is started using port 43958
2019-09-19 14:39:59,255 [Datanode State Machine Thread - 0] INFO  server.XceiverServerGrpc (XceiverServerGrpc.java:start(163)) - XceiverServerGrpc a1dec692-f01d-4dc4-b8c6-c1af31f4a539 is started using port 36184
2019-09-19 14:39:59,315 [IPC Server handler 3 on 40220] INFO  net.NetworkTopology (NetworkTopologyImpl.java:add(110)) - Added a new node: /default-rack/f70b6c3b-be29-4a26-a238-fb2d839120cd
2019-09-19 14:39:59,316 [IPC Server handler 3 on 40220] INFO  node.SCMNodeManager (SCMNodeManager.java:register(273)) - Registered Data node : f70b6c3b-be29-4a26-a238-fb2d839120cd{ip: 192.168.5.132, host: pr-hdds-1569-rzdr8-3403194166, networkLocation: /default-rack, certSerialId: null}
2019-09-19 14:39:59,322 [EventQueue-NodeRegistrationContainerReportForDataNodeSafeModeRule] INFO  safemode.SCMSafeModeManager (DataNodeSafeModeRule.java:process(71)) - SCM in safe mode. 1 DataNodes registered, 1 required.
2019-09-19 14:39:59,323 [EventQueue-NodeRegistrationContainerReportForDataNodeSafeModeRule] INFO  safemode.SCMSafeModeManager (SCMSafeModeManager.java:validateSafeModeExitRules(177)) - ScmSafeModeManager, all rules are successfully validated
2019-09-19 14:39:59,323 [EventQueue-NodeRegistrationContainerReportForDataNodeSafeModeRule] INFO  safemode.SCMSafeModeManager (SCMSafeModeManager.java:exitSafeMode(193)) - SCM exiting safe mode.
2019-09-19 14:39:59,331 | INFO  | SCMAudit | user=jenkins1000 | ip=192.168.5.132 | op=REGISTER {datanodeDetails=f70b6c3b-be29-4a26-a238-fb2d839120cd{ip: 192.168.5.132, host: pr-hdds-1569-rzdr8-3403194166, networkLocation: /default-rack, certSerialId: null}} | ret=SUCCESS |  
2019-09-19 14:39:59,452 | INFO  | SCMAudit | user=jenkins1000 | ip=192.168.5.132 | op=GET_VERSION null | ret=SUCCESS |  
2019-09-19 14:39:59,477 [Datanode State Machine Thread - 0] INFO  ozoneimpl.OzoneContainer (OzoneContainer.java:start(186)) - Attempting to start container services.
2019-09-19 14:39:59,477 [Datanode State Machine Thread - 0] INFO  ozoneimpl.OzoneContainer (OzoneContainer.java:startContainerScrub(160)) - Background container scrubber has been disabled by hdds.containerscrub.enabled
2019-09-19 14:39:59,478 [Datanode State Machine Thread - 0] INFO  ratis.XceiverServerRatis (XceiverServerRatis.java:start(404)) - Starting XceiverServerRatis 7bfd0aba-89d9-48be-a848-6a4500b14ddf at port 0
2019-09-19 14:39:59,483 [Datanode State Machine Thread - 0] INFO  impl.RaftServerProxy (RaftServerProxy.java:lambda$start$3(299)) - 7bfd0aba-89d9-48be-a848-6a4500b14ddf: start RPC server
2019-09-19 14:39:59,488 [Datanode State Machine Thread - 0] INFO  server.GrpcService (GrpcService.java:startImpl(149)) - 7bfd0aba-89d9-48be-a848-6a4500b14ddf: GrpcService started, listening on 0.0.0.0/0.0.0.0:45019
2019-09-19 14:39:59,488 [Datanode State Machine Thread - 0] INFO  ratis.XceiverServerRatis (XceiverServerRatis.java:start(414)) - XceiverServerRatis 7bfd0aba-89d9-48be-a848-6a4500b14ddf is started using port 45019
2019-09-19 14:39:59,492 [Datanode State Machine Thread - 0] INFO  server.XceiverServerGrpc (XceiverServerGrpc.java:start(163)) - XceiverServerGrpc 7bfd0aba-89d9-48be-a848-6a4500b14ddf is started using port 43033
2019-09-19 14:39:59,566 [IPC Server handler 5 on 40220] INFO  net.NetworkTopology (NetworkTopologyImpl.java:add(110)) - Added a new node: /default-rack/c157b6a0-3602-4e04-89f3-2eaad4ae05f6
2019-09-19 14:39:59,569 [IPC Server handler 5 on 40220] INFO  node.SCMNodeManager (SCMNodeManager.java:register(273)) - Registered Data node : c157b6a0-3602-4e04-89f3-2eaad4ae05f6{ip: 192.168.5.132, host: pr-hdds-1569-rzdr8-3403194166, networkLocation: /default-rack, certSerialId: null}
2019-09-19 14:39:59,569 | INFO  | SCMAudit | user=jenkins1000 | ip=192.168.5.132 | op=REGISTER {datanodeDetails=c157b6a0-3602-4e04-89f3-2eaad4ae05f6{ip: 192.168.5.132, host: pr-hdds-1569-rzdr8-3403194166, networkLocation: /default-rack, certSerialId: null}} | ret=SUCCESS |  
2019-09-19 14:39:59,681 [main] INFO  ozone.MiniOzoneClusterImpl (MiniOzoneClusterImpl.java:lambda$waitForClusterToBeReady$0(142)) - Waiting for cluster to be ready. Got 2 of 10 DN Heartbeats.
2019-09-19 14:39:59,685 | INFO  | SCMAudit | user=jenkins1000 | ip=192.168.5.132 | op=GET_VERSION null | ret=SUCCESS |  
2019-09-19 14:39:59,714 [Datanode State Machine Thread - 0] INFO  ozoneimpl.OzoneContainer (OzoneContainer.java:start(186)) - Attempting to start container services.
2019-09-19 14:39:59,719 [Datanode State Machine Thread - 0] INFO  ozoneimpl.OzoneContainer (OzoneContainer.java:startContainerScrub(160)) - Background container scrubber has been disabled by hdds.containerscrub.enabled
2019-09-19 14:39:59,719 [Datanode State Machine Thread - 0] INFO  ratis.XceiverServerRatis (XceiverServerRatis.java:start(404)) - Starting XceiverServerRatis 942b50b4-c7bf-487c-9057-9f9e637dbe53 at port 0
2019-09-19 14:39:59,736 [Datanode State Machine Thread - 0] INFO  impl.RaftServerProxy (RaftServerProxy.java:lambda$start$3(299)) - 942b50b4-c7bf-487c-9057-9f9e637dbe53: start RPC server
2019-09-19 14:39:59,750 [Datanode State Machine Thread - 0] INFO  server.GrpcService (GrpcService.java:startImpl(149)) - 942b50b4-c7bf-487c-9057-9f9e637dbe53: GrpcService started, listening on 0.0.0.0/0.0.0.0:34014
2019-09-19 14:39:59,750 [Datanode State Machine Thread - 0] INFO  ratis.XceiverServerRatis (XceiverServerRatis.java:start(414)) - XceiverServerRatis 942b50b4-c7bf-487c-9057-9f9e637dbe53 is started using port 34014
2019-09-19 14:39:59,777 [Datanode State Machine Thread - 0] INFO  server.XceiverServerGrpc (XceiverServerGrpc.java:start(163)) - XceiverServerGrpc 942b50b4-c7bf-487c-9057-9f9e637dbe53 is started using port 44925
2019-09-19 14:39:59,835 [IPC Server handler 4 on 40220] INFO  net.NetworkTopology (NetworkTopologyImpl.java:add(110)) - Added a new node: /default-rack/cda53276-4c02-47df-9243-aafa1631e748
2019-09-19 14:39:59,836 [IPC Server handler 4 on 40220] INFO  node.SCMNodeManager (SCMNodeManager.java:register(273)) - Registered Data node : cda53276-4c02-47df-9243-aafa1631e748{ip: 192.168.5.132, host: pr-hdds-1569-rzdr8-3403194166, networkLocation: /default-rack, certSerialId: null}
2019-09-19 14:39:59,836 | INFO  | SCMAudit | user=jenkins1000 | ip=192.168.5.132 | op=REGISTER {datanodeDetails=cda53276-4c02-47df-9243-aafa1631e748{ip: 192.168.5.132, host: pr-hdds-1569-rzdr8-3403194166, networkLocation: /default-rack, certSerialId: null}} | ret=SUCCESS |  
2019-09-19 14:40:00,364 [IPC Server handler 7 on 40220] INFO  net.NetworkTopology (NetworkTopologyImpl.java:add(110)) - Added a new node: /default-rack/7354d665-2a20-43d9-a220-6cd224d5c3fe
2019-09-19 14:40:00,371 [IPC Server handler 7 on 40220] INFO  node.SCMNodeManager (SCMNodeManager.java:register(273)) - Registered Data node : 7354d665-2a20-43d9-a220-6cd224d5c3fe{ip: 192.168.5.132, host: pr-hdds-1569-rzdr8-3403194166, networkLocation: /default-rack, certSerialId: null}
2019-09-19 14:40:00,374 | INFO  | SCMAudit | user=jenkins1000 | ip=192.168.5.132 | op=REGISTER {datanodeDetails=7354d665-2a20-43d9-a220-6cd224d5c3fe{ip: 192.168.5.132, host: pr-hdds-1569-rzdr8-3403194166, networkLocation: /default-rack, certSerialId: null}} | ret=SUCCESS |  
2019-09-19 14:40:00,503 [IPC Server handler 5 on 40220] INFO  net.NetworkTopology (NetworkTopologyImpl.java:add(110)) - Added a new node: /default-rack/6aa361a5-10ee-4e6c-9990-87c23e670156
2019-09-19 14:40:00,503 [IPC Server handler 5 on 40220] INFO  node.SCMNodeManager (SCMNodeManager.java:register(273)) - Registered Data node : 6aa361a5-10ee-4e6c-9990-87c23e670156{ip: 192.168.5.132, host: pr-hdds-1569-rzdr8-3403194166, networkLocation: /default-rack, certSerialId: null}
2019-09-19 14:40:00,504 | INFO  | SCMAudit | user=jenkins1000 | ip=192.168.5.132 | op=REGISTER {datanodeDetails=6aa361a5-10ee-4e6c-9990-87c23e670156{ip: 192.168.5.132, host: pr-hdds-1569-rzdr8-3403194166, networkLocation: /default-rack, certSerialId: null}} | ret=SUCCESS |  
2019-09-19 14:40:00,575 [grpc-default-executor-0] INFO  impl.RaftServerProxy (RaftServerProxy.java:addNew(89)) - f70b6c3b-be29-4a26-a238-fb2d839120cd: addNew group-C473F2A747EF:[f70b6c3b-be29-4a26-a238-fb2d839120cd:192.168.5.132:34965] returns group-C473F2A747EF:java.util.concurrent.CompletableFuture@4392088c[Not completed]
2019-09-19 14:40:00,598 [pool-27-thread-1] INFO  impl.RaftServerImpl (RaftServerImpl.java:<init>(93)) - f70b6c3b-be29-4a26-a238-fb2d839120cd: new RaftServerImpl for group-C473F2A747EF:[f70b6c3b-be29-4a26-a238-fb2d839120cd:192.168.5.132:34965] with ContainerStateMachine:uninitialized
2019-09-19 14:40:00,600 [pool-27-thread-1] INFO  server.RaftServerConfigKeys (ConfUtils.java:logGet(43)) - raft.server.rpc.timeout.min = 5s (custom)
2019-09-19 14:40:00,602 [pool-27-thread-1] INFO  server.RaftServerConfigKeys (ConfUtils.java:logGet(43)) - raft.server.rpc.timeout.max = 5200ms (custom)
2019-09-19 14:40:00,602 [pool-27-thread-1] INFO  server.RaftServerConfigKeys (ConfUtils.java:logGet(43)) - raft.server.rpcslowness.timeout = 120s (custom)
2019-09-19 14:40:00,603 [pool-27-thread-1] INFO  server.RaftServerConfigKeys (ConfUtils.java:logGet(43)) - raft.server.sleep.deviation.threshold = 300 (default)
2019-09-19 14:40:00,603 [pool-27-thread-1] INFO  server.RaftServerConfigKeys (ConfUtils.java:logGet(43)) - raft.server.log.appender.install.snapshot.enabled = false (custom)
2019-09-19 14:40:00,610 [pool-27-thread-1] INFO  impl.RaftServerImpl (ServerState.java:<init>(105)) - f70b6c3b-be29-4a26-a238-fb2d839120cd:group-C473F2A747EF ConfigurationManager, init=-1: [f70b6c3b-be29-4a26-a238-fb2d839120cd:192.168.5.132:34965], old=null, confs=<EMPTY_MAP>
2019-09-19 14:40:00,610 [pool-27-thread-1] INFO  server.RaftServerConfigKeys (ConfUtils.java:logGet(43)) - raft.server.storage.dir = [/workdir/hadoop-ozone/ozonefs/target/test-dir/MiniOzoneClusterImpl-889e9801-d8cd-4d64-ad06-78e1b934daf6/datanode-0/data/ratis] (custom)
2019-09-19 14:40:00,617 [pool-27-thread-1] INFO  storage.RaftStorageDirectory (RaftStorageDirectory.java:analyzeStorage(246)) - The storage directory /workdir/hadoop-ozone/ozonefs/target/test-dir/MiniOzoneClusterImpl-889e9801-d8cd-4d64-ad06-78e1b934daf6/datanode-0/data/ratis/8360378b-e7e6-42ca-bbf7-c473f2a747ef does not exist. Creating ...
2019-09-19 14:40:00,654 [pool-27-thread-1] INFO  storage.RaftStorageDirectory (RaftStorageDirectory.java:tryLock(328)) - Lock on /workdir/hadoop-ozone/ozonefs/target/test-dir/MiniOzoneClusterImpl-889e9801-d8cd-4d64-ad06-78e1b934daf6/datanode-0/data/ratis/8360378b-e7e6-42ca-bbf7-c473f2a747ef/in_use.lock acquired by nodename 29702@pr-hdds-1569-rzdr8-3403194166
2019-09-19 14:40:00,679 [pool-27-thread-1] INFO  storage.RaftStorage (RaftStorage.java:format(72)) - Storage directory /workdir/hadoop-ozone/ozonefs/target/test-dir/MiniOzoneClusterImpl-889e9801-d8cd-4d64-ad06-78e1b934daf6/datanode-0/data/ratis/8360378b-e7e6-42ca-bbf7-c473f2a747ef has been successfully formatted.
2019-09-19 14:40:00,682 [main] INFO  ozone.MiniOzoneClusterImpl (MiniOzoneClusterImpl.java:lambda$waitForClusterToBeReady$0(142)) - Waiting for cluster to be ready. Got 5 of 10 DN Heartbeats.
2019-09-19 14:40:00,682 [pool-27-thread-1] INFO  ratis.ContainerStateMachine (ContainerStateMachine.java:loadSnapshot(226)) - group-C473F2A747EF: The snapshot info is null. Setting the last applied indexto:(t:0, i:~)
2019-09-19 14:40:00,682 [pool-27-thread-1] INFO  server.RaftServerConfigKeys (ConfUtils.java:logGet(43)) - raft.server.leader.election.timeout = 120s (custom)
2019-09-19 14:40:00,686 [pool-27-thread-1] INFO  server.RaftServerConfigKeys (ConfUtils.java:logGet(43)) - raft.server.log.use.memory = false (default)
2019-09-19 14:40:00,693 [pool-27-thread-1] INFO  server.RaftServerConfigKeys (ConfUtils.java:logGet(43)) - raft.server.log.purge.gap = 1000000 (custom)
2019-09-19 14:40:00,693 [pool-27-thread-1] INFO  server.RaftServerConfigKeys (ConfUtils.java:logGet(43)) - raft.server.log.appender.buffer.byte-limit = 33554432 (custom)
2019-09-19 14:40:00,695 [pool-27-thread-1] INFO  server.RaftServerConfigKeys (ConfUtils.java:logGet(43)) - raft.server.log.segment.size.max = 1048576 (custom)
2019-09-19 14:40:00,701 [pool-27-thread-1] INFO  server.RaftServerConfigKeys (ConfUtils.java:logGet(43)) - raft.server.log.segment.cache.num.max = 2 (custom)
2019-09-19 14:40:00,708 [pool-27-thread-1] INFO  segmented.SegmentedRaftLogWorker (SegmentedRaftLogWorker.java:<init>(172)) - new f70b6c3b-be29-4a26-a238-fb2d839120cd-SegmentedRaftLogWorker:Storage Directory /workdir/hadoop-ozone/ozonefs/target/test-dir/MiniOzoneClusterImpl-889e9801-d8cd-4d64-ad06-78e1b934daf6/datanode-0/data/ratis/8360378b-e7e6-42ca-bbf7-c473f2a747ef for RaftStorage:Storage Directory /workdir/hadoop-ozone/ozonefs/target/test-dir/MiniOzoneClusterImpl-889e9801-d8cd-4d64-ad06-78e1b934daf6/datanode-0/data/ratis/8360378b-e7e6-42ca-bbf7-c473f2a747ef
2019-09-19 14:40:00,724 [pool-27-thread-1] INFO  server.RaftServerConfigKeys (ConfUtils.java:logGet(43)) - raft.server.log.queue.byte-limit = 2147483647 (custom)
2019-09-19 14:40:00,724 [pool-27-thread-1] INFO  server.RaftServerConfigKeys (ConfUtils.java:logGet(43)) - raft.server.log.queue.element-limit = 1024 (custom)
2019-09-19 14:40:00,730 [pool-27-thread-1] INFO  server.RaftServerConfigKeys (ConfUtils.java:logGet(43)) - raft.server.log.segment.size.max = 1048576 (custom)
2019-09-19 14:40:00,735 [pool-27-thread-1] INFO  server.RaftServerConfigKeys (ConfUtils.java:logGet(43)) - raft.server.log.preallocated.size = 16384 (custom)
2019-09-19 14:40:00,735 [pool-27-thread-1] INFO  server.RaftServerConfigKeys (ConfUtils.java:logGet(43)) - raft.server.log.write.buffer.size = 33554432 (custom)
2019-09-19 14:40:00,735 [IPC Server handler 4 on 40220] INFO  net.NetworkTopology (NetworkTopologyImpl.java:add(110)) - Added a new node: /default-rack/afbae23f-b8a7-4a0f-ac57-bc0dcc025f7c
2019-09-19 14:40:00,738 [IPC Server handler 4 on 40220] INFO  node.SCMNodeManager (SCMNodeManager.java:register(273)) - Registered Data node : afbae23f-b8a7-4a0f-ac57-bc0dcc025f7c{ip: 192.168.5.132, host: pr-hdds-1569-rzdr8-3403194166, networkLocation: /default-rack, certSerialId: null}
2019-09-19 14:40:00,738 [pool-27-thread-1] INFO  server.RaftServerConfigKeys (ConfUtils.java:logGet(43)) - raft.server.log.force.sync.num = 128 (default)
2019-09-19 14:40:00,738 | INFO  | SCMAudit | user=jenkins1000 | ip=192.168.5.132 | op=REGISTER {datanodeDetails=afbae23f-b8a7-4a0f-ac57-bc0dcc025f7c{ip: 192.168.5.132, host: pr-hdds-1569-rzdr8-3403194166, networkLocation: /default-rack, certSerialId: null}} | ret=SUCCESS |  
2019-09-19 14:40:00,739 [pool-27-thread-1] INFO  server.RaftServerConfigKeys (ConfUtils.java:logGet(43)) - raft.server.log.statemachine.data.sync = true (default)
2019-09-19 14:40:00,739 [pool-27-thread-1] INFO  server.RaftServerConfigKeys (ConfUtils.java:logGet(43)) - raft.server.log.statemachine.data.sync.timeout = 10s (default)
2019-09-19 14:40:00,740 [pool-27-thread-1] INFO  server.RaftServerConfigKeys (ConfUtils.java:logGet(43)) - raft.server.log.statemachine.data.sync.timeout.retry = -1 (default)
2019-09-19 14:40:00,751 [pool-27-thread-1] INFO  server.RaftServerConfigKeys (ConfUtils.java:logGet(43)) - raft.server.log.statemachine.data.caching.enabled = true (custom)
2019-09-19 14:40:00,757 [pool-27-thread-1] INFO  segmented.SegmentedRaftLogWorker (SegmentedRaftLogWorker.java:lambda$new$0(132)) - f70b6c3b-be29-4a26-a238-fb2d839120cd-SegmentedRaftLogWorker:Storage Directory /workdir/hadoop-ozone/ozonefs/target/test-dir/MiniOzoneClusterImpl-889e9801-d8cd-4d64-ad06-78e1b934daf6/datanode-0/data/ratis/8360378b-e7e6-42ca-bbf7-c473f2a747ef: flushIndex: setUnconditionally 0 -> -1
2019-09-19 14:40:00,761 [pool-27-thread-1] INFO  server.RaftServerConfigKeys (ConfUtils.java:logGet(43)) - raft.server.snapshot.auto.trigger.enabled = true (custom)
2019-09-19 14:40:00,762 [pool-27-thread-1] INFO  server.RaftServerConfigKeys (ConfUtils.java:logGet(43)) - raft.server.snapshot.auto.trigger.threshold = 10000 (custom)
2019-09-19 14:40:00,763 [pool-27-thread-1] INFO  server.RaftServerConfigKeys (ConfUtils.java:logGet(43)) - raft.server.retrycache.expirytime = 600000ms (custom)
2019-09-19 14:40:00,788 [pool-27-thread-1] INFO  impl.RaftServerImpl (RaftServerImpl.java:start(180)) - f70b6c3b-be29-4a26-a238-fb2d839120cd: start group-C473F2A747EF
2019-09-19 14:40:00,789 [pool-27-thread-1] INFO  impl.RaftServerImpl (RaftServerImpl.java:setRole(171)) - f70b6c3b-be29-4a26-a238-fb2d839120cd:group-C473F2A747EF changes role from null to FOLLOWER at term 0 for startAsFollower
2019-09-19 14:40:00,791 [pool-27-thread-1] INFO  impl.RoleInfo (RoleInfo.java:updateAndGet(143)) - f70b6c3b-be29-4a26-a238-fb2d839120cd: start FollowerState
2019-09-19 14:40:00,792 [pool-27-thread-1] INFO  util.JmxRegister (JmxRegister.java:tryRegister(44)) - Successfully registered JMX Bean with object name Ratis:service=RaftServer,group=group-C473F2A747EF,id=f70b6c3b-be29-4a26-a238-fb2d839120cd
2019-09-19 14:40:00,894 [RatisPipelineUtilsThread] INFO  pipeline.PipelineStateManager (PipelineStateManager.java:addPipeline(56)) - Created pipeline Pipeline[ Id: 8360378b-e7e6-42ca-bbf7-c473f2a747ef, Nodes: f70b6c3b-be29-4a26-a238-fb2d839120cd{ip: 192.168.5.132, host: pr-hdds-1569-rzdr8-3403194166, networkLocation: /default-rack, certSerialId: null}, Type:RATIS, Factor:ONE, State:OPEN]
2019-09-19 14:40:00,927 [grpc-default-executor-0] INFO  impl.RaftServerProxy (RaftServerProxy.java:addNew(89)) - f70b6c3b-be29-4a26-a238-fb2d839120cd: addNew group-B03EF69F8E93:[f70b6c3b-be29-4a26-a238-fb2d839120cd:192.168.5.132:34965] returns group-B03EF69F8E93:java.util.concurrent.CompletableFuture@431077e0[Not completed]
2019-09-19 14:40:00,929 [pool-27-thread-1] INFO  impl.RaftServerImpl (RaftServerImpl.java:<init>(93)) - f70b6c3b-be29-4a26-a238-fb2d839120cd: new RaftServerImpl for group-B03EF69F8E93:[f70b6c3b-be29-4a26-a238-fb2d839120cd:192.168.5.132:34965] with ContainerStateMachine:uninitialized
2019-09-19 14:40:00,930 [pool-27-thread-1] INFO  server.RaftServerConfigKeys (ConfUtils.java:logGet(43)) - raft.server.rpc.timeout.min = 5s (custom)
2019-09-19 14:40:00,930 [pool-27-thread-1] INFO  server.RaftServerConfigKeys (ConfUtils.java:logGet(43)) - raft.server.rpc.timeout.max = 5200ms (custom)
2019-09-19 14:40:00,930 [pool-27-thread-1] INFO  server.RaftServerConfigKeys (ConfUtils.java:logGet(43)) - raft.server.rpcslowness.timeout = 120s (custom)
2019-09-19 14:40:00,930 [pool-27-thread-1] INFO  server.RaftServerConfigKeys (ConfUtils.java:logGet(43)) - raft.server.sleep.deviation.threshold = 300 (default)
2019-09-19 14:40:00,930 [pool-27-thread-1] INFO  server.RaftServerConfigKeys (ConfUtils.java:logGet(43)) - raft.server.log.appender.install.snapshot.enabled = false (custom)
2019-09-19 14:40:00,931 [pool-27-thread-1] INFO  impl.RaftServerImpl (ServerState.java:<init>(105)) - f70b6c3b-be29-4a26-a238-fb2d839120cd:group-B03EF69F8E93 ConfigurationManager, init=-1: [f70b6c3b-be29-4a26-a238-fb2d839120cd:192.168.5.132:34965], old=null, confs=<EMPTY_MAP>
2019-09-19 14:40:00,931 [pool-27-thread-1] INFO  server.RaftServerConfigKeys (ConfUtils.java:logGet(43)) - raft.server.storage.dir = [/workdir/hadoop-ozone/ozonefs/target/test-dir/MiniOzoneClusterImpl-889e9801-d8cd-4d64-ad06-78e1b934daf6/datanode-0/data/ratis] (custom)
2019-09-19 14:40:00,931 [pool-27-thread-1] INFO  storage.RaftStorageDirectory (RaftStorageDirectory.java:analyzeStorage(246)) - The storage directory /workdir/hadoop-ozone/ozonefs/target/test-dir/MiniOzoneClusterImpl-889e9801-d8cd-4d64-ad06-78e1b934daf6/datanode-0/data/ratis/e2eb8442-73c8-42c6-8b96-b03ef69f8e93 does not exist. Creating ...
2019-09-19 14:40:00,956 [pool-27-thread-1] INFO  storage.RaftStorageDirectory (RaftStorageDirectory.java:tryLock(328)) - Lock on /workdir/hadoop-ozone/ozonefs/target/test-dir/MiniOzoneClusterImpl-889e9801-d8cd-4d64-ad06-78e1b934daf6/datanode-0/data/ratis/e2eb8442-73c8-42c6-8b96-b03ef69f8e93/in_use.lock acquired by nodename 29702@pr-hdds-1569-rzdr8-3403194166
2019-09-19 14:40:00,981 [pool-27-thread-1] INFO  storage.RaftStorage (RaftStorage.java:format(72)) - Storage directory /workdir/hadoop-ozone/ozonefs/target/test-dir/MiniOzoneClusterImpl-889e9801-d8cd-4d64-ad06-78e1b934daf6/datanode-0/data/ratis/e2eb8442-73c8-42c6-8b96-b03ef69f8e93 has been successfully formatted.
2019-09-19 14:40:00,982 [pool-27-thread-1] INFO  ratis.ContainerStateMachine (ContainerStateMachine.java:loadSnapshot(226)) - group-B03EF69F8E93: The snapshot info is null. Setting the last applied indexto:(t:0, i:~)
2019-09-19 14:40:00,982 [pool-27-thread-1] INFO  server.RaftServerConfigKeys (ConfUtils.java:logGet(43)) - raft.server.leader.election.timeout = 120s (custom)
2019-09-19 14:40:00,982 [pool-27-thread-1] INFO  server.RaftServerConfigKeys (ConfUtils.java:logGet(43)) - raft.server.log.use.memory = false (default)
2019-09-19 14:40:00,983 [pool-27-thread-1] INFO  server.RaftServerConfigKeys (ConfUtils.java:logGet(43)) - raft.server.log.purge.gap = 1000000 (custom)
2019-09-19 14:40:00,983 [pool-27-thread-1] INFO  server.RaftServerConfigKeys (ConfUtils.java:logGet(43)) - raft.server.log.appender.buffer.byte-limit = 33554432 (custom)
2019-09-19 14:40:00,983 [pool-27-thread-1] INFO  server.RaftServerConfigKeys (ConfUtils.java:logGet(43)) - raft.server.log.segment.size.max = 1048576 (custom)
2019-09-19 14:40:00,983 [pool-27-thread-1] INFO  server.RaftServerConfigKeys (ConfUtils.java:logGet(43)) - raft.server.log.segment.cache.num.max = 2 (custom)
2019-09-19 14:40:00,983 [pool-27-thread-1] INFO  segmented.SegmentedRaftLogWorker (SegmentedRaftLogWorker.java:<init>(172)) - new f70b6c3b-be29-4a26-a238-fb2d839120cd-SegmentedRaftLogWorker:Storage Directory /workdir/hadoop-ozone/ozonefs/target/test-dir/MiniOzoneClusterImpl-889e9801-d8cd-4d64-ad06-78e1b934daf6/datanode-0/data/ratis/e2eb8442-73c8-42c6-8b96-b03ef69f8e93 for RaftStorage:Storage Directory /workdir/hadoop-ozone/ozonefs/target/test-dir/MiniOzoneClusterImpl-889e9801-d8cd-4d64-ad06-78e1b934daf6/datanode-0/data/ratis/e2eb8442-73c8-42c6-8b96-b03ef69f8e93
2019-09-19 14:40:00,984 [pool-27-thread-1] INFO  server.RaftServerConfigKeys (ConfUtils.java:logGet(43)) - raft.server.log.queue.byte-limit = 2147483647 (custom)
2019-09-19 14:40:00,984 [pool-27-thread-1] INFO  server.RaftServerConfigKeys (ConfUtils.java:logGet(43)) - raft.server.log.queue.element-limit = 1024 (custom)
2019-09-19 14:40:00,984 [pool-27-thread-1] INFO  server.RaftServerConfigKeys (ConfUtils.java:logGet(43)) - raft.server.log.segment.size.max = 1048576 (custom)
2019-09-19 14:40:00,984 [pool-27-thread-1] INFO  server.RaftServerConfigKeys (ConfUtils.java:logGet(43)) - raft.server.log.preallocated.size = 16384 (custom)
2019-09-19 14:40:00,984 [pool-27-thread-1] INFO  server.RaftServerConfigKeys (ConfUtils.java:logGet(43)) - raft.server.log.write.buffer.size = 33554432 (custom)
2019-09-19 14:40:00,987 [pool-27-thread-1] INFO  server.RaftServerConfigKeys (ConfUtils.java:logGet(43)) - raft.server.log.force.sync.num = 128 (default)
2019-09-19 14:40:00,987 [pool-27-thread-1] INFO  server.RaftServerConfigKeys (ConfUtils.java:logGet(43)) - raft.server.log.statemachine.data.sync = true (default)
2019-09-19 14:40:00,988 [pool-27-thread-1] INFO  server.RaftServerConfigKeys (ConfUtils.java:logGet(43)) - raft.server.log.statemachine.data.sync.timeout = 10s (default)
2019-09-19 14:40:00,988 [pool-27-thread-1] INFO  server.RaftServerConfigKeys (ConfUtils.java:logGet(43)) - raft.server.log.statemachine.data.sync.timeout.retry = -1 (default)
2019-09-19 14:40:00,988 [IPC Server handler 3 on 40220] INFO  net.NetworkTopology (NetworkTopologyImpl.java:add(110)) - Added a new node: /default-rack/b84a7c4a-6ef7-4bd2-bf64-eea4d8e07688
2019-09-19 14:40:00,991 [pool-27-thread-1] INFO  server.RaftServerConfigKeys (ConfUtils.java:logGet(43)) - raft.server.log.statemachine.data.caching.enabled = true (custom)
2019-09-19 14:40:00,991 [IPC Server handler 3 on 40220] INFO  node.SCMNodeManager (SCMNodeManager.java:register(273)) - Registered Data node : b84a7c4a-6ef7-4bd2-bf64-eea4d8e07688{ip: 192.168.5.132, host: pr-hdds-1569-rzdr8-3403194166, networkLocation: /default-rack, certSerialId: null}
2019-09-19 14:40:00,991 [pool-27-thread-1] INFO  segmented.SegmentedRaftLogWorker (SegmentedRaftLogWorker.java:lambda$new$0(132)) - f70b6c3b-be29-4a26-a238-fb2d839120cd-SegmentedRaftLogWorker:Storage Directory /workdir/hadoop-ozone/ozonefs/target/test-dir/MiniOzoneClusterImpl-889e9801-d8cd-4d64-ad06-78e1b934daf6/datanode-0/data/ratis/e2eb8442-73c8-42c6-8b96-b03ef69f8e93: flushIndex: setUnconditionally 0 -> -1
2019-09-19 14:40:00,992 | INFO  | SCMAudit | user=jenkins1000 | ip=192.168.5.132 | op=REGISTER {datanodeDetails=b84a7c4a-6ef7-4bd2-bf64-eea4d8e07688{ip: 192.168.5.132, host: pr-hdds-1569-rzdr8-3403194166, networkLocation: /default-rack, certSerialId: null}} | ret=SUCCESS |  
2019-09-19 14:40:00,992 [pool-27-thread-1] INFO  server.RaftServerConfigKeys (ConfUtils.java:logGet(43)) - raft.server.snapshot.auto.trigger.enabled = true (custom)
2019-09-19 14:40:00,992 [pool-27-thread-1] INFO  server.RaftServerConfigKeys (ConfUtils.java:logGet(43)) - raft.server.snapshot.auto.trigger.threshold = 10000 (custom)
2019-09-19 14:40:00,992 [pool-27-thread-1] INFO  server.RaftServerConfigKeys (ConfUtils.java:logGet(43)) - raft.server.retrycache.expirytime = 600000ms (custom)
2019-09-19 14:40:00,993 [pool-27-thread-1] INFO  impl.RaftServerImpl (RaftServerImpl.java:start(180)) - f70b6c3b-be29-4a26-a238-fb2d839120cd: start group-B03EF69F8E93
2019-09-19 14:40:00,993 [pool-27-thread-1] INFO  impl.RaftServerImpl (RaftServerImpl.java:setRole(171)) - f70b6c3b-be29-4a26-a238-fb2d839120cd:group-B03EF69F8E93 changes role from null to FOLLOWER at term 0 for startAsFollower
2019-09-19 14:40:00,993 [pool-27-thread-1] INFO  impl.RoleInfo (RoleInfo.java:updateAndGet(143)) - f70b6c3b-be29-4a26-a238-fb2d839120cd: start FollowerState
2019-09-19 14:40:00,994 [pool-27-thread-1] INFO  util.JmxRegister (JmxRegister.java:tryRegister(44)) - Successfully registered JMX Bean with object name Ratis:service=RaftServer,group=group-B03EF69F8E93,id=f70b6c3b-be29-4a26-a238-fb2d839120cd
2019-09-19 14:40:01,013 [RatisPipelineUtilsThread] INFO  pipeline.PipelineStateManager (PipelineStateManager.java:addPipeline(56)) - Created pipeline Pipeline[ Id: e2eb8442-73c8-42c6-8b96-b03ef69f8e93, Nodes: f70b6c3b-be29-4a26-a238-fb2d839120cd{ip: 192.168.5.132, host: pr-hdds-1569-rzdr8-3403194166, networkLocation: /default-rack, certSerialId: null}, Type:RATIS, Factor:ONE, State:OPEN]
2019-09-19 14:40:01,040 [grpc-default-executor-0] INFO  impl.RaftServerProxy (RaftServerProxy.java:addNew(89)) - 7354d665-2a20-43d9-a220-6cd224d5c3fe: addNew group-DE4F85B24F6B:[7354d665-2a20-43d9-a220-6cd224d5c3fe:192.168.5.132:32973] returns group-DE4F85B24F6B:java.util.concurrent.CompletableFuture@1193061c[Not completed]
2019-09-19 14:40:01,145 [pool-60-thread-1] INFO  impl.RaftServerImpl (RaftServerImpl.java:<init>(93)) - 7354d665-2a20-43d9-a220-6cd224d5c3fe: new RaftServerImpl for group-DE4F85B24F6B:[7354d665-2a20-43d9-a220-6cd224d5c3fe:192.168.5.132:32973] with ContainerStateMachine:uninitialized
2019-09-19 14:40:01,147 [pool-60-thread-1] INFO  server.RaftServerConfigKeys (ConfUtils.java:logGet(43)) - raft.server.rpc.timeout.min = 5s (custom)
2019-09-19 14:40:01,148 [pool-60-thread-1] INFO  server.RaftServerConfigKeys (ConfUtils.java:logGet(43)) - raft.server.rpc.timeout.max = 5200ms (custom)
2019-09-19 14:40:01,148 [pool-60-thread-1] INFO  server.RaftServerConfigKeys (ConfUtils.java:logGet(43)) - raft.server.rpcslowness.timeout = 120s (custom)
2019-09-19 14:40:01,148 [pool-60-thread-1] INFO  server.RaftServerConfigKeys (ConfUtils.java:logGet(43)) - raft.server.sleep.deviation.threshold = 300 (default)
2019-09-19 14:40:01,148 [pool-60-thread-1] INFO  server.RaftServerConfigKeys (ConfUtils.java:logGet(43)) - raft.server.log.appender.install.snapshot.enabled = false (custom)
2019-09-19 14:40:01,148 [pool-60-thread-1] INFO  impl.RaftServerImpl (ServerState.java:<init>(105)) - 7354d665-2a20-43d9-a220-6cd224d5c3fe:group-DE4F85B24F6B ConfigurationManager, init=-1: [7354d665-2a20-43d9-a220-6cd224d5c3fe:192.168.5.132:32973], old=null, confs=<EMPTY_MAP>
2019-09-19 14:40:01,149 [pool-60-thread-1] INFO  server.RaftServerConfigKeys (ConfUtils.java:logGet(43)) - raft.server.storage.dir = [/workdir/hadoop-ozone/ozonefs/target/test-dir/MiniOzoneClusterImpl-889e9801-d8cd-4d64-ad06-78e1b934daf6/datanode-3/data/ratis] (custom)
2019-09-19 14:40:01,149 [pool-60-thread-1] INFO  storage.RaftStorageDirectory (RaftStorageDirectory.java:analyzeStorage(246)) - The storage directory /workdir/hadoop-ozone/ozonefs/target/test-dir/MiniOzoneClusterImpl-889e9801-d8cd-4d64-ad06-78e1b934daf6/datanode-3/data/ratis/e3087218-e5db-407b-919b-de4f85b24f6b does not exist. Creating ...
2019-09-19 14:40:01,182 [pool-60-thread-1] INFO  storage.RaftStorageDirectory (RaftStorageDirectory.java:tryLock(328)) - Lock on /workdir/hadoop-ozone/ozonefs/target/test-dir/MiniOzoneClusterImpl-889e9801-d8cd-4d64-ad06-78e1b934daf6/datanode-3/data/ratis/e3087218-e5db-407b-919b-de4f85b24f6b/in_use.lock acquired by nodename 29702@pr-hdds-1569-rzdr8-3403194166
2019-09-19 14:40:01,205 [IPC Server handler 1 on 40220] INFO  net.NetworkTopology (NetworkTopologyImpl.java:add(110)) - Added a new node: /default-rack/a1dec692-f01d-4dc4-b8c6-c1af31f4a539
2019-09-19 14:40:01,205 [IPC Server handler 1 on 40220] INFO  node.SCMNodeManager (SCMNodeManager.java:register(273)) - Registered Data node : a1dec692-f01d-4dc4-b8c6-c1af31f4a539{ip: 192.168.5.132, host: pr-hdds-1569-rzdr8-3403194166, networkLocation: /default-rack, certSerialId: null}
2019-09-19 14:40:01,206 | INFO  | SCMAudit | user=jenkins1000 | ip=192.168.5.132 | op=REGISTER {datanodeDetails=a1dec692-f01d-4dc4-b8c6-c1af31f4a539{ip: 192.168.5.132, host: pr-hdds-1569-rzdr8-3403194166, networkLocation: /default-rack, certSerialId: null}} | ret=SUCCESS |  
2019-09-19 14:40:01,207 [pool-60-thread-1] INFO  storage.RaftStorage (RaftStorage.java:format(72)) - Storage directory /workdir/hadoop-ozone/ozonefs/target/test-dir/MiniOzoneClusterImpl-889e9801-d8cd-4d64-ad06-78e1b934daf6/datanode-3/data/ratis/e3087218-e5db-407b-919b-de4f85b24f6b has been successfully formatted.
2019-09-19 14:40:01,210 [pool-60-thread-1] INFO  ratis.ContainerStateMachine (ContainerStateMachine.java:loadSnapshot(226)) - group-DE4F85B24F6B: The snapshot info is null. Setting the last applied indexto:(t:0, i:~)
2019-09-19 14:40:01,212 [pool-60-thread-1] INFO  server.RaftServerConfigKeys (ConfUtils.java:logGet(43)) - raft.server.leader.election.timeout = 120s (custom)
2019-09-19 14:40:01,212 [pool-60-thread-1] INFO  server.RaftServerConfigKeys (ConfUtils.java:logGet(43)) - raft.server.log.use.memory = false (default)
2019-09-19 14:40:01,212 [pool-60-thread-1] INFO  server.RaftServerConfigKeys (ConfUtils.java:logGet(43)) - raft.server.log.purge.gap = 1000000 (custom)
2019-09-19 14:40:01,213 [pool-60-thread-1] INFO  server.RaftServerConfigKeys (ConfUtils.java:logGet(43)) - raft.server.log.appender.buffer.byte-limit = 33554432 (custom)
2019-09-19 14:40:01,213 [pool-60-thread-1] INFO  server.RaftServerConfigKeys (ConfUtils.java:logGet(43)) - raft.server.log.segment.size.max = 1048576 (custom)
2019-09-19 14:40:01,213 [pool-60-thread-1] INFO  server.RaftServerConfigKeys (ConfUtils.java:logGet(43)) - raft.server.log.segment.cache.num.max = 2 (custom)
2019-09-19 14:40:01,213 [pool-60-thread-1] INFO  segmented.SegmentedRaftLogWorker (SegmentedRaftLogWorker.java:<init>(172)) - new 7354d665-2a20-43d9-a220-6cd224d5c3fe-SegmentedRaftLogWorker:Storage Directory /workdir/hadoop-ozone/ozonefs/target/test-dir/MiniOzoneClusterImpl-889e9801-d8cd-4d64-ad06-78e1b934daf6/datanode-3/data/ratis/e3087218-e5db-407b-919b-de4f85b24f6b for RaftStorage:Storage Directory /workdir/hadoop-ozone/ozonefs/target/test-dir/MiniOzoneClusterImpl-889e9801-d8cd-4d64-ad06-78e1b934daf6/datanode-3/data/ratis/e3087218-e5db-407b-919b-de4f85b24f6b
2019-09-19 14:40:01,215 [pool-60-thread-1] INFO  server.RaftServerConfigKeys (ConfUtils.java:logGet(43)) - raft.server.log.queue.byte-limit = 2147483647 (custom)
2019-09-19 14:40:01,216 [pool-60-thread-1] INFO  server.RaftServerConfigKeys (ConfUtils.java:logGet(43)) - raft.server.log.queue.element-limit = 1024 (custom)
2019-09-19 14:40:01,216 [pool-60-thread-1] INFO  server.RaftServerConfigKeys (ConfUtils.java:logGet(43)) - raft.server.log.segment.size.max = 1048576 (custom)
2019-09-19 14:40:01,216 [pool-60-thread-1] INFO  server.RaftServerConfigKeys (ConfUtils.java:logGet(43)) - raft.server.log.preallocated.size = 16384 (custom)
2019-09-19 14:40:01,216 [pool-60-thread-1] INFO  server.RaftServerConfigKeys (ConfUtils.java:logGet(43)) - raft.server.log.write.buffer.size = 33554432 (custom)
2019-09-19 14:40:01,217 [pool-60-thread-1] INFO  server.RaftServerConfigKeys (ConfUtils.java:logGet(43)) - raft.server.log.force.sync.num = 128 (default)
2019-09-19 14:40:01,217 [pool-60-thread-1] INFO  server.RaftServerConfigKeys (ConfUtils.java:logGet(43)) - raft.server.log.statemachine.data.sync = true (default)
2019-09-19 14:40:01,217 [pool-60-thread-1] INFO  server.RaftServerConfigKeys (ConfUtils.java:logGet(43)) - raft.server.log.statemachine.data.sync.timeout = 10s (default)
2019-09-19 14:40:01,217 [pool-60-thread-1] INFO  server.RaftServerConfigKeys (ConfUtils.java:logGet(43)) - raft.server.log.statemachine.data.sync.timeout.retry = -1 (default)
2019-09-19 14:40:01,218 [pool-60-thread-1] INFO  server.RaftServerConfigKeys (ConfUtils.java:logGet(43)) - raft.server.log.statemachine.data.caching.enabled = true (custom)
2019-09-19 14:40:01,218 [pool-60-thread-1] INFO  segmented.SegmentedRaftLogWorker (SegmentedRaftLogWorker.java:lambda$new$0(132)) - 7354d665-2a20-43d9-a220-6cd224d5c3fe-SegmentedRaftLogWorker:Storage Directory /workdir/hadoop-ozone/ozonefs/target/test-dir/MiniOzoneClusterImpl-889e9801-d8cd-4d64-ad06-78e1b934daf6/datanode-3/data/ratis/e3087218-e5db-407b-919b-de4f85b24f6b: flushIndex: setUnconditionally 0 -> -1
2019-09-19 14:40:01,218 [pool-60-thread-1] INFO  server.RaftServerConfigKeys (ConfUtils.java:logGet(43)) - raft.server.snapshot.auto.trigger.enabled = true (custom)
2019-09-19 14:40:01,219 [pool-60-thread-1] INFO  server.RaftServerConfigKeys (ConfUtils.java:logGet(43)) - raft.server.snapshot.auto.trigger.threshold = 10000 (custom)
2019-09-19 14:40:01,219 [pool-60-thread-1] INFO  server.RaftServerConfigKeys (ConfUtils.java:logGet(43)) - raft.server.retrycache.expirytime = 600000ms (custom)
2019-09-19 14:40:01,219 [pool-60-thread-1] INFO  impl.RaftServerImpl (RaftServerImpl.java:start(180)) - 7354d665-2a20-43d9-a220-6cd224d5c3fe: start group-DE4F85B24F6B
2019-09-19 14:40:01,219 [pool-60-thread-1] INFO  impl.RaftServerImpl (RaftServerImpl.java:setRole(171)) - 7354d665-2a20-43d9-a220-6cd224d5c3fe:group-DE4F85B24F6B changes role from null to FOLLOWER at term 0 for startAsFollower
2019-09-19 14:40:01,219 [pool-60-thread-1] INFO  impl.RoleInfo (RoleInfo.java:updateAndGet(143)) - 7354d665-2a20-43d9-a220-6cd224d5c3fe: start FollowerState
2019-09-19 14:40:01,222 [pool-60-thread-1] INFO  util.JmxRegister (JmxRegister.java:tryRegister(44)) - Successfully registered JMX Bean with object name Ratis:service=RaftServer,group=group-DE4F85B24F6B,id=7354d665-2a20-43d9-a220-6cd224d5c3fe
2019-09-19 14:40:01,241 [RatisPipelineUtilsThread] INFO  pipeline.PipelineStateManager (PipelineStateManager.java:addPipeline(56)) - Created pipeline Pipeline[ Id: e3087218-e5db-407b-919b-de4f85b24f6b, Nodes: 7354d665-2a20-43d9-a220-6cd224d5c3fe{ip: 192.168.5.132, host: pr-hdds-1569-rzdr8-3403194166, networkLocation: /default-rack, certSerialId: null}, Type:RATIS, Factor:ONE, State:OPEN]
2019-09-19 14:40:01,270 [grpc-default-executor-0] INFO  impl.RaftServerProxy (RaftServerProxy.java:addNew(89)) - 6aa361a5-10ee-4e6c-9990-87c23e670156: addNew group-E05125B01A69:[6aa361a5-10ee-4e6c-9990-87c23e670156:192.168.5.132:41011] returns group-E05125B01A69:java.util.concurrent.CompletableFuture@78577dee[Not completed]
2019-09-19 14:40:01,299 [pool-71-thread-1] INFO  impl.RaftServerImpl (RaftServerImpl.java:<init>(93)) - 6aa361a5-10ee-4e6c-9990-87c23e670156: new RaftServerImpl for group-E05125B01A69:[6aa361a5-10ee-4e6c-9990-87c23e670156:192.168.5.132:41011] with ContainerStateMachine:uninitialized
2019-09-19 14:40:01,299 [pool-71-thread-1] INFO  server.RaftServerConfigKeys (ConfUtils.java:logGet(43)) - raft.server.rpc.timeout.min = 5s (custom)
2019-09-19 14:40:01,299 [pool-71-thread-1] INFO  server.RaftServerConfigKeys (ConfUtils.java:logGet(43)) - raft.server.rpc.timeout.max = 5200ms (custom)
2019-09-19 14:40:01,299 [pool-71-thread-1] INFO  server.RaftServerConfigKeys (ConfUtils.java:logGet(43)) - raft.server.rpcslowness.timeout = 120s (custom)
2019-09-19 14:40:01,300 [pool-71-thread-1] INFO  server.RaftServerConfigKeys (ConfUtils.java:logGet(43)) - raft.server.sleep.deviation.threshold = 300 (default)
2019-09-19 14:40:01,300 [pool-71-thread-1] INFO  server.RaftServerConfigKeys (ConfUtils.java:logGet(43)) - raft.server.log.appender.install.snapshot.enabled = false (custom)
2019-09-19 14:40:01,300 [pool-71-thread-1] INFO  impl.RaftServerImpl (ServerState.java:<init>(105)) - 6aa361a5-10ee-4e6c-9990-87c23e670156:group-E05125B01A69 ConfigurationManager, init=-1: [6aa361a5-10ee-4e6c-9990-87c23e670156:192.168.5.132:41011], old=null, confs=<EMPTY_MAP>
2019-09-19 14:40:01,300 [pool-71-thread-1] INFO  server.RaftServerConfigKeys (ConfUtils.java:logGet(43)) - raft.server.storage.dir = [/workdir/hadoop-ozone/ozonefs/target/test-dir/MiniOzoneClusterImpl-889e9801-d8cd-4d64-ad06-78e1b934daf6/datanode-4/data/ratis] (custom)
2019-09-19 14:40:01,301 [pool-71-thread-1] INFO  storage.RaftStorageDirectory (RaftStorageDirectory.java:analyzeStorage(246)) - The storage directory /workdir/hadoop-ozone/ozonefs/target/test-dir/MiniOzoneClusterImpl-889e9801-d8cd-4d64-ad06-78e1b934daf6/datanode-4/data/ratis/f591dd85-9172-4564-b16e-e05125b01a69 does not exist. Creating ...
2019-09-19 14:40:01,315 | INFO  | SCMAudit | user=jenkins1000 | ip=192.168.5.132 | op=SEND_HEARTBEAT {datanodeUUID=f70b6c3b-be29-4a26-a238-fb2d839120cd, command=[]} | ret=SUCCESS |  
2019-09-19 14:40:01,399 [pool-71-thread-1] INFO  storage.RaftStorageDirectory (RaftStorageDirectory.java:tryLock(328)) - Lock on /workdir/hadoop-ozone/ozonefs/target/test-dir/MiniOzoneClusterImpl-889e9801-d8cd-4d64-ad06-78e1b934daf6/datanode-4/data/ratis/f591dd85-9172-4564-b16e-e05125b01a69/in_use.lock acquired by nodename 29702@pr-hdds-1569-rzdr8-3403194166
2019-09-19 14:40:01,425 [pool-71-thread-1] INFO  storage.RaftStorage (RaftStorage.java:format(72)) - Storage directory /workdir/hadoop-ozone/ozonefs/target/test-dir/MiniOzoneClusterImpl-889e9801-d8cd-4d64-ad06-78e1b934daf6/datanode-4/data/ratis/f591dd85-9172-4564-b16e-e05125b01a69 has been successfully formatted.
2019-09-19 14:40:01,425 [pool-71-thread-1] INFO  ratis.ContainerStateMachine (ContainerStateMachine.java:loadSnapshot(226)) - group-E05125B01A69: The snapshot info is null. Setting the last applied indexto:(t:0, i:~)
2019-09-19 14:40:01,425 [pool-71-thread-1] INFO  server.RaftServerConfigKeys (ConfUtils.java:logGet(43)) - raft.server.leader.election.timeout = 120s (custom)
2019-09-19 14:40:01,426 [pool-71-thread-1] INFO  server.RaftServerConfigKeys (ConfUtils.java:logGet(43)) - raft.server.log.use.memory = false (default)
2019-09-19 14:40:01,426 [pool-71-thread-1] INFO  server.RaftServerConfigKeys (ConfUtils.java:logGet(43)) - raft.server.log.purge.gap = 1000000 (custom)
2019-09-19 14:40:01,426 [pool-71-thread-1] INFO  server.RaftServerConfigKeys (ConfUtils.java:logGet(43)) - raft.server.log.appender.buffer.byte-limit = 33554432 (custom)
2019-09-19 14:40:01,426 [pool-71-thread-1] INFO  server.RaftServerConfigKeys (ConfUtils.java:logGet(43)) - raft.server.log.segment.size.max = 1048576 (custom)
2019-09-19 14:40:01,427 [pool-71-thread-1] INFO  server.RaftServerConfigKeys (ConfUtils.java:logGet(43)) - raft.server.log.segment.cache.num.max = 2 (custom)
2019-09-19 14:40:01,427 [pool-71-thread-1] INFO  segmented.SegmentedRaftLogWorker (SegmentedRaftLogWorker.java:<init>(172)) - new 6aa361a5-10ee-4e6c-9990-87c23e670156-SegmentedRaftLogWorker:Storage Directory /workdir/hadoop-ozone/ozonefs/target/test-dir/MiniOzoneClusterImpl-889e9801-d8cd-4d64-ad06-78e1b934daf6/datanode-4/data/ratis/f591dd85-9172-4564-b16e-e05125b01a69 for RaftStorage:Storage Directory /workdir/hadoop-ozone/ozonefs/target/test-dir/MiniOzoneClusterImpl-889e9801-d8cd-4d64-ad06-78e1b934daf6/datanode-4/data/ratis/f591dd85-9172-4564-b16e-e05125b01a69
2019-09-19 14:40:01,427 [pool-71-thread-1] INFO  server.RaftServerConfigKeys (ConfUtils.java:logGet(43)) - raft.server.log.queue.byte-limit = 2147483647 (custom)
2019-09-19 14:40:01,427 [pool-71-thread-1] INFO  server.RaftServerConfigKeys (ConfUtils.java:logGet(43)) - raft.server.log.queue.element-limit = 1024 (custom)
2019-09-19 14:40:01,428 [pool-71-thread-1] INFO  server.RaftServerConfigKeys (ConfUtils.java:logGet(43)) - raft.server.log.segment.size.max = 1048576 (custom)
2019-09-19 14:40:01,428 [pool-71-thread-1] INFO  server.RaftServerConfigKeys (ConfUtils.java:logGet(43)) - raft.server.log.preallocated.size = 16384 (custom)
2019-09-19 14:40:01,428 [pool-71-thread-1] INFO  server.RaftServerConfigKeys (ConfUtils.java:logGet(43)) - raft.server.log.write.buffer.size = 33554432 (custom)
2019-09-19 14:40:01,429 [pool-71-thread-1] INFO  server.RaftServerConfigKeys (ConfUtils.java:logGet(43)) - raft.server.log.force.sync.num = 128 (default)
2019-09-19 14:40:01,429 [pool-71-thread-1] INFO  server.RaftServerConfigKeys (ConfUtils.java:logGet(43)) - raft.server.log.statemachine.data.sync = true (default)
2019-09-19 14:40:01,429 [pool-71-thread-1] INFO  server.RaftServerConfigKeys (ConfUtils.java:logGet(43)) - raft.server.log.statemachine.data.sync.timeout = 10s (default)
2019-09-19 14:40:01,429 [pool-71-thread-1] INFO  server.RaftServerConfigKeys (ConfUtils.java:logGet(43)) - raft.server.log.statemachine.data.sync.timeout.retry = -1 (default)
2019-09-19 14:40:01,430 [pool-71-thread-1] INFO  server.RaftServerConfigKeys (ConfUtils.java:logGet(43)) - raft.server.log.statemachine.data.caching.enabled = true (custom)
2019-09-19 14:40:01,430 [pool-71-thread-1] INFO  segmented.SegmentedRaftLogWorker (SegmentedRaftLogWorker.java:lambda$new$0(132)) - 6aa361a5-10ee-4e6c-9990-87c23e670156-SegmentedRaftLogWorker:Storage Directory /workdir/hadoop-ozone/ozonefs/target/test-dir/MiniOzoneClusterImpl-889e9801-d8cd-4d64-ad06-78e1b934daf6/datanode-4/data/ratis/f591dd85-9172-4564-b16e-e05125b01a69: flushIndex: setUnconditionally 0 -> -1
2019-09-19 14:40:01,431 [pool-71-thread-1] INFO  server.RaftServerConfigKeys (ConfUtils.java:logGet(43)) - raft.server.snapshot.auto.trigger.enabled = true (custom)
2019-09-19 14:40:01,431 [pool-71-thread-1] INFO  server.RaftServerConfigKeys (ConfUtils.java:logGet(43)) - raft.server.snapshot.auto.trigger.threshold = 10000 (custom)
2019-09-19 14:40:01,431 [pool-71-thread-1] INFO  server.RaftServerConfigKeys (ConfUtils.java:logGet(43)) - raft.server.retrycache.expirytime = 600000ms (custom)
2019-09-19 14:40:01,432 [pool-71-thread-1] INFO  impl.RaftServerImpl (RaftServerImpl.java:start(180)) - 6aa361a5-10ee-4e6c-9990-87c23e670156: start group-E05125B01A69
2019-09-19 14:40:01,432 [pool-71-thread-1] INFO  impl.RaftServerImpl (RaftServerImpl.java:setRole(171)) - 6aa361a5-10ee-4e6c-9990-87c23e670156:group-E05125B01A69 changes role from null to FOLLOWER at term 0 for startAsFollower
2019-09-19 14:40:01,432 [pool-71-thread-1] INFO  impl.RoleInfo (RoleInfo.java:updateAndGet(143)) - 6aa361a5-10ee-4e6c-9990-87c23e670156: start FollowerState
2019-09-19 14:40:01,433 [pool-71-thread-1] INFO  util.JmxRegister (JmxRegister.java:tryRegister(44)) - Successfully registered JMX Bean with object name Ratis:service=RaftServer,group=group-E05125B01A69,id=6aa361a5-10ee-4e6c-9990-87c23e670156
2019-09-19 14:40:01,478 [IPC Server handler 5 on 40220] INFO  net.NetworkTopology (NetworkTopologyImpl.java:add(110)) - Added a new node: /default-rack/7bfd0aba-89d9-48be-a848-6a4500b14ddf
2019-09-19 14:40:01,478 [RatisPipelineUtilsThread] INFO  pipeline.PipelineStateManager (PipelineStateManager.java:addPipeline(56)) - Created pipeline Pipeline[ Id: f591dd85-9172-4564-b16e-e05125b01a69, Nodes: 6aa361a5-10ee-4e6c-9990-87c23e670156{ip: 192.168.5.132, host: pr-hdds-1569-rzdr8-3403194166, networkLocation: /default-rack, certSerialId: null}, Type:RATIS, Factor:ONE, State:OPEN]
2019-09-19 14:40:01,482 [IPC Server handler 5 on 40220] INFO  node.SCMNodeManager (SCMNodeManager.java:register(273)) - Registered Data node : 7bfd0aba-89d9-48be-a848-6a4500b14ddf{ip: 192.168.5.132, host: pr-hdds-1569-rzdr8-3403194166, networkLocation: /default-rack, certSerialId: null}
2019-09-19 14:40:01,482 | INFO  | SCMAudit | user=jenkins1000 | ip=192.168.5.132 | op=REGISTER {datanodeDetails=7bfd0aba-89d9-48be-a848-6a4500b14ddf{ip: 192.168.5.132, host: pr-hdds-1569-rzdr8-3403194166, networkLocation: /default-rack, certSerialId: null}} | ret=SUCCESS |  
2019-09-19 14:40:01,507 [grpc-default-executor-0] INFO  impl.RaftServerProxy (RaftServerProxy.java:addNew(89)) - 6aa361a5-10ee-4e6c-9990-87c23e670156: addNew group-E18B669BFD42:[6aa361a5-10ee-4e6c-9990-87c23e670156:192.168.5.132:41011] returns group-E18B669BFD42:java.util.concurrent.CompletableFuture@4653a49c[Not completed]
2019-09-19 14:40:01,509 [pool-71-thread-1] INFO  impl.RaftServerImpl (RaftServerImpl.java:<init>(93)) - 6aa361a5-10ee-4e6c-9990-87c23e670156: new RaftServerImpl for group-E18B669BFD42:[6aa361a5-10ee-4e6c-9990-87c23e670156:192.168.5.132:41011] with ContainerStateMachine:uninitialized
2019-09-19 14:40:01,509 [pool-71-thread-1] INFO  server.RaftServerConfigKeys (ConfUtils.java:logGet(43)) - raft.server.rpc.timeout.min = 5s (custom)
2019-09-19 14:40:01,509 [pool-71-thread-1] INFO  server.RaftServerConfigKeys (ConfUtils.java:logGet(43)) - raft.server.rpc.timeout.max = 5200ms (custom)
2019-09-19 14:40:01,509 [pool-71-thread-1] INFO  server.RaftServerConfigKeys (ConfUtils.java:logGet(43)) - raft.server.rpcslowness.timeout = 120s (custom)
2019-09-19 14:40:01,510 [pool-71-thread-1] INFO  server.RaftServerConfigKeys (ConfUtils.java:logGet(43)) - raft.server.sleep.deviation.threshold = 300 (default)
2019-09-19 14:40:01,510 [pool-71-thread-1] INFO  server.RaftServerConfigKeys (ConfUtils.java:logGet(43)) - raft.server.log.appender.install.snapshot.enabled = false (custom)
2019-09-19 14:40:01,510 [pool-71-thread-1] INFO  impl.RaftServerImpl (ServerState.java:<init>(105)) - 6aa361a5-10ee-4e6c-9990-87c23e670156:group-E18B669BFD42 ConfigurationManager, init=-1: [6aa361a5-10ee-4e6c-9990-87c23e670156:192.168.5.132:41011], old=null, confs=<EMPTY_MAP>
2019-09-19 14:40:01,510 [pool-71-thread-1] INFO  server.RaftServerConfigKeys (ConfUtils.java:logGet(43)) - raft.server.storage.dir = [/workdir/hadoop-ozone/ozonefs/target/test-dir/MiniOzoneClusterImpl-889e9801-d8cd-4d64-ad06-78e1b934daf6/datanode-4/data/ratis] (custom)
2019-09-19 14:40:01,511 [pool-71-thread-1] INFO  storage.RaftStorageDirectory (RaftStorageDirectory.java:analyzeStorage(246)) - The storage directory /workdir/hadoop-ozone/ozonefs/target/test-dir/MiniOzoneClusterImpl-889e9801-d8cd-4d64-ad06-78e1b934daf6/datanode-4/data/ratis/3086135f-a6db-46ff-a7f9-e18b669bfd42 does not exist. Creating ...
2019-09-19 14:40:01,533 [pool-71-thread-1] INFO  storage.RaftStorageDirectory (RaftStorageDirectory.java:tryLock(328)) - Lock on /workdir/hadoop-ozone/ozonefs/target/test-dir/MiniOzoneClusterImpl-889e9801-d8cd-4d64-ad06-78e1b934daf6/datanode-4/data/ratis/3086135f-a6db-46ff-a7f9-e18b669bfd42/in_use.lock acquired by nodename 29702@pr-hdds-1569-rzdr8-3403194166
2019-09-19 14:40:01,551 [pool-71-thread-1] INFO  storage.RaftStorage (RaftStorage.java:format(72)) - Storage directory /workdir/hadoop-ozone/ozonefs/target/test-dir/MiniOzoneClusterImpl-889e9801-d8cd-4d64-ad06-78e1b934daf6/datanode-4/data/ratis/3086135f-a6db-46ff-a7f9-e18b669bfd42 has been successfully formatted.
2019-09-19 14:40:01,551 [pool-71-thread-1] INFO  ratis.ContainerStateMachine (ContainerStateMachine.java:loadSnapshot(226)) - group-E18B669BFD42: The snapshot info is null. Setting the last applied indexto:(t:0, i:~)
2019-09-19 14:40:01,551 [pool-71-thread-1] INFO  server.RaftServerConfigKeys (ConfUtils.java:logGet(43)) - raft.server.leader.election.timeout = 120s (custom)
2019-09-19 14:40:01,551 [pool-71-thread-1] INFO  server.RaftServerConfigKeys (ConfUtils.java:logGet(43)) - raft.server.log.use.memory = false (default)
2019-09-19 14:40:01,552 [pool-71-thread-1] INFO  server.RaftServerConfigKeys (ConfUtils.java:logGet(43)) - raft.server.log.purge.gap = 1000000 (custom)
2019-09-19 14:40:01,552 [pool-71-thread-1] INFO  server.RaftServerConfigKeys (ConfUtils.java:logGet(43)) - raft.server.log.appender.buffer.byte-limit = 33554432 (custom)
2019-09-19 14:40:01,552 [pool-71-thread-1] INFO  server.RaftServerConfigKeys (ConfUtils.java:logGet(43)) - raft.server.log.segment.size.max = 1048576 (custom)
2019-09-19 14:40:01,552 [pool-71-thread-1] INFO  server.RaftServerConfigKeys (ConfUtils.java:logGet(43)) - raft.server.log.segment.cache.num.max = 2 (custom)
2019-09-19 14:40:01,552 [pool-71-thread-1] INFO  segmented.SegmentedRaftLogWorker (SegmentedRaftLogWorker.java:<init>(172)) - new 6aa361a5-10ee-4e6c-9990-87c23e670156-SegmentedRaftLogWorker:Storage Directory /workdir/hadoop-ozone/ozonefs/target/test-dir/MiniOzoneClusterImpl-889e9801-d8cd-4d64-ad06-78e1b934daf6/datanode-4/data/ratis/3086135f-a6db-46ff-a7f9-e18b669bfd42 for RaftStorage:Storage Directory /workdir/hadoop-ozone/ozonefs/target/test-dir/MiniOzoneClusterImpl-889e9801-d8cd-4d64-ad06-78e1b934daf6/datanode-4/data/ratis/3086135f-a6db-46ff-a7f9-e18b669bfd42
2019-09-19 14:40:01,553 [pool-71-thread-1] INFO  server.RaftServerConfigKeys (ConfUtils.java:logGet(43)) - raft.server.log.queue.byte-limit = 2147483647 (custom)
2019-09-19 14:40:01,553 [pool-71-thread-1] INFO  server.RaftServerConfigKeys (ConfUtils.java:logGet(43)) - raft.server.log.queue.element-limit = 1024 (custom)
2019-09-19 14:40:01,553 [pool-71-thread-1] INFO  server.RaftServerConfigKeys (ConfUtils.java:logGet(43)) - raft.server.log.segment.size.max = 1048576 (custom)
2019-09-19 14:40:01,553 [pool-71-thread-1] INFO  server.RaftServerConfigKeys (ConfUtils.java:logGet(43)) - raft.server.log.preallocated.size = 16384 (custom)
2019-09-19 14:40:01,553 [pool-71-thread-1] INFO  server.RaftServerConfigKeys (ConfUtils.java:logGet(43)) - raft.server.log.write.buffer.size = 33554432 (custom)
2019-09-19 14:40:01,554 [pool-71-thread-1] INFO  server.RaftServerConfigKeys (ConfUtils.java:logGet(43)) - raft.server.log.force.sync.num = 128 (default)
2019-09-19 14:40:01,554 [pool-71-thread-1] INFO  server.RaftServerConfigKeys (ConfUtils.java:logGet(43)) - raft.server.log.statemachine.data.sync = true (default)
2019-09-19 14:40:01,554 [pool-71-thread-1] INFO  server.RaftServerConfigKeys (ConfUtils.java:logGet(43)) - raft.server.log.statemachine.data.sync.timeout = 10s (default)
2019-09-19 14:40:01,554 [pool-71-thread-1] INFO  server.RaftServerConfigKeys (ConfUtils.java:logGet(43)) - raft.server.log.statemachine.data.sync.timeout.retry = -1 (default)
2019-09-19 14:40:01,555 [pool-71-thread-1] INFO  server.RaftServerConfigKeys (ConfUtils.java:logGet(43)) - raft.server.log.statemachine.data.caching.enabled = true (custom)
2019-09-19 14:40:01,555 [pool-71-thread-1] INFO  segmented.SegmentedRaftLogWorker (SegmentedRaftLogWorker.java:lambda$new$0(132)) - 6aa361a5-10ee-4e6c-9990-87c23e670156-SegmentedRaftLogWorker:Storage Directory /workdir/hadoop-ozone/ozonefs/target/test-dir/MiniOzoneClusterImpl-889e9801-d8cd-4d64-ad06-78e1b934daf6/datanode-4/data/ratis/3086135f-a6db-46ff-a7f9-e18b669bfd42: flushIndex: setUnconditionally 0 -> -1
2019-09-19 14:40:01,555 [pool-71-thread-1] INFO  server.RaftServerConfigKeys (ConfUtils.java:logGet(43)) - raft.server.snapshot.auto.trigger.enabled = true (custom)
2019-09-19 14:40:01,556 [pool-71-thread-1] INFO  server.RaftServerConfigKeys (ConfUtils.java:logGet(43)) - raft.server.snapshot.auto.trigger.threshold = 10000 (custom)
2019-09-19 14:40:01,556 [pool-71-thread-1] INFO  server.RaftServerConfigKeys (ConfUtils.java:logGet(43)) - raft.server.retrycache.expirytime = 600000ms (custom)
2019-09-19 14:40:01,556 [pool-71-thread-1] INFO  impl.RaftServerImpl (RaftServerImpl.java:start(180)) - 6aa361a5-10ee-4e6c-9990-87c23e670156: start group-E18B669BFD42
2019-09-19 14:40:01,556 [pool-71-thread-1] INFO  impl.RaftServerImpl (RaftServerImpl.java:setRole(171)) - 6aa361a5-10ee-4e6c-9990-87c23e670156:group-E18B669BFD42 changes role from null to FOLLOWER at term 0 for startAsFollower
2019-09-19 14:40:01,557 [pool-71-thread-1] INFO  impl.RoleInfo (RoleInfo.java:updateAndGet(143)) - 6aa361a5-10ee-4e6c-9990-87c23e670156: start FollowerState
2019-09-19 14:40:01,557 [pool-71-thread-1] INFO  util.JmxRegister (JmxRegister.java:tryRegister(44)) - Successfully registered JMX Bean with object name Ratis:service=RaftServer,group=group-E18B669BFD42,id=6aa361a5-10ee-4e6c-9990-87c23e670156
2019-09-19 14:40:01,570 | INFO  | SCMAudit | user=jenkins1000 | ip=192.168.5.132 | op=SEND_HEARTBEAT {datanodeUUID=c157b6a0-3602-4e04-89f3-2eaad4ae05f6, command=[]} | ret=SUCCESS |  
2019-09-19 14:40:01,573 [RatisPipelineUtilsThread] INFO  pipeline.PipelineStateManager (PipelineStateManager.java:addPipeline(56)) - Created pipeline Pipeline[ Id: 3086135f-a6db-46ff-a7f9-e18b669bfd42, Nodes: 6aa361a5-10ee-4e6c-9990-87c23e670156{ip: 192.168.5.132, host: pr-hdds-1569-rzdr8-3403194166, networkLocation: /default-rack, certSerialId: null}, Type:RATIS, Factor:ONE, State:OPEN]
2019-09-19 14:40:01,594 [grpc-default-executor-0] INFO  impl.RaftServerProxy (RaftServerProxy.java:addNew(89)) - afbae23f-b8a7-4a0f-ac57-bc0dcc025f7c: addNew group-B07DBF0A6036:[afbae23f-b8a7-4a0f-ac57-bc0dcc025f7c:192.168.5.132:44695] returns group-B07DBF0A6036:java.util.concurrent.CompletableFuture@5dd8c522[Not completed]
2019-09-19 14:40:01,599 [pool-82-thread-1] INFO  impl.RaftServerImpl (RaftServerImpl.java:<init>(93)) - afbae23f-b8a7-4a0f-ac57-bc0dcc025f7c: new RaftServerImpl for group-B07DBF0A6036:[afbae23f-b8a7-4a0f-ac57-bc0dcc025f7c:192.168.5.132:44695] with ContainerStateMachine:uninitialized
2019-09-19 14:40:01,600 [pool-82-thread-1] INFO  server.RaftServerConfigKeys (ConfUtils.java:logGet(43)) - raft.server.rpc.timeout.min = 5s (custom)
2019-09-19 14:40:01,600 [pool-82-thread-1] INFO  server.RaftServerConfigKeys (ConfUtils.java:logGet(43)) - raft.server.rpc.timeout.max = 5200ms (custom)
2019-09-19 14:40:01,600 [pool-82-thread-1] INFO  server.RaftServerConfigKeys (ConfUtils.java:logGet(43)) - raft.server.rpcslowness.timeout = 120s (custom)
2019-09-19 14:40:01,600 [pool-82-thread-1] INFO  server.RaftServerConfigKeys (ConfUtils.java:logGet(43)) - raft.server.sleep.deviation.threshold = 300 (default)
2019-09-19 14:40:01,601 [pool-82-thread-1] INFO  server.RaftServerConfigKeys (ConfUtils.java:logGet(43)) - raft.server.log.appender.install.snapshot.enabled = false (custom)
2019-09-19 14:40:01,601 [pool-82-thread-1] INFO  impl.RaftServerImpl (ServerState.java:<init>(105)) - afbae23f-b8a7-4a0f-ac57-bc0dcc025f7c:group-B07DBF0A6036 ConfigurationManager, init=-1: [afbae23f-b8a7-4a0f-ac57-bc0dcc025f7c:192.168.5.132:44695], old=null, confs=<EMPTY_MAP>
2019-09-19 14:40:01,601 [pool-82-thread-1] INFO  server.RaftServerConfigKeys (ConfUtils.java:logGet(43)) - raft.server.storage.dir = [/workdir/hadoop-ozone/ozonefs/target/test-dir/MiniOzoneClusterImpl-889e9801-d8cd-4d64-ad06-78e1b934daf6/datanode-5/data/ratis] (custom)
2019-09-19 14:40:01,602 [pool-82-thread-1] INFO  storage.RaftStorageDirectory (RaftStorageDirectory.java:analyzeStorage(246)) - The storage directory /workdir/hadoop-ozone/ozonefs/target/test-dir/MiniOzoneClusterImpl-889e9801-d8cd-4d64-ad06-78e1b934daf6/datanode-5/data/ratis/2d6220be-0102-4e9d-9db8-b07dbf0a6036 does not exist. Creating ...
2019-09-19 14:40:01,676 [pool-82-thread-1] INFO  storage.RaftStorageDirectory (RaftStorageDirectory.java:tryLock(328)) - Lock on /workdir/hadoop-ozone/ozonefs/target/test-dir/MiniOzoneClusterImpl-889e9801-d8cd-4d64-ad06-78e1b934daf6/datanode-5/data/ratis/2d6220be-0102-4e9d-9db8-b07dbf0a6036/in_use.lock acquired by nodename 29702@pr-hdds-1569-rzdr8-3403194166
2019-09-19 14:40:01,682 [main] INFO  ozone.MiniOzoneClusterImpl (MiniOzoneClusterImpl.java:lambda$waitForClusterToBeReady$0(142)) - Waiting for cluster to be ready. Got 9 of 10 DN Heartbeats.
2019-09-19 14:40:01,686 [IPC Server handler 4 on 40220] INFO  net.NetworkTopology (NetworkTopologyImpl.java:add(110)) - Added a new node: /default-rack/942b50b4-c7bf-487c-9057-9f9e637dbe53
2019-09-19 14:40:01,686 [IPC Server handler 4 on 40220] INFO  node.SCMNodeManager (SCMNodeManager.java:register(273)) - Registered Data node : 942b50b4-c7bf-487c-9057-9f9e637dbe53{ip: 192.168.5.132, host: pr-hdds-1569-rzdr8-3403194166, networkLocation: /default-rack, certSerialId: null}
2019-09-19 14:40:01,687 | INFO  | SCMAudit | user=jenkins1000 | ip=192.168.5.132 | op=REGISTER {datanodeDetails=942b50b4-c7bf-487c-9057-9f9e637dbe53{ip: 192.168.5.132, host: pr-hdds-1569-rzdr8-3403194166, networkLocation: /default-rack, certSerialId: null}} | ret=SUCCESS |  
2019-09-19 14:40:01,693 [pool-82-thread-1] INFO  storage.RaftStorage (RaftStorage.java:format(72)) - Storage directory /workdir/hadoop-ozone/ozonefs/target/test-dir/MiniOzoneClusterImpl-889e9801-d8cd-4d64-ad06-78e1b934daf6/datanode-5/data/ratis/2d6220be-0102-4e9d-9db8-b07dbf0a6036 has been successfully formatted.
2019-09-19 14:40:01,693 [pool-82-thread-1] INFO  ratis.ContainerStateMachine (ContainerStateMachine.java:loadSnapshot(226)) - group-B07DBF0A6036: The snapshot info is null. Setting the last applied indexto:(t:0, i:~)
2019-09-19 14:40:01,694 [pool-82-thread-1] INFO  server.RaftServerConfigKeys (ConfUtils.java:logGet(43)) - raft.server.leader.election.timeout = 120s (custom)
2019-09-19 14:40:01,694 [pool-82-thread-1] INFO  server.RaftServerConfigKeys (ConfUtils.java:logGet(43)) - raft.server.log.use.memory = false (default)
2019-09-19 14:40:01,694 [pool-82-thread-1] INFO  server.RaftServerConfigKeys (ConfUtils.java:logGet(43)) - raft.server.log.purge.gap = 1000000 (custom)
2019-09-19 14:40:01,694 [pool-82-thread-1] INFO  server.RaftServerConfigKeys (ConfUtils.java:logGet(43)) - raft.server.log.appender.buffer.byte-limit = 33554432 (custom)
2019-09-19 14:40:01,695 [pool-82-thread-1] INFO  server.RaftServerConfigKeys (ConfUtils.java:logGet(43)) - raft.server.log.segment.size.max = 1048576 (custom)
2019-09-19 14:40:01,695 [pool-82-thread-1] INFO  server.RaftServerConfigKeys (ConfUtils.java:logGet(43)) - raft.server.log.segment.cache.num.max = 2 (custom)
2019-09-19 14:40:01,695 [pool-82-thread-1] INFO  segmented.SegmentedRaftLogWorker (SegmentedRaftLogWorker.java:<init>(172)) - new afbae23f-b8a7-4a0f-ac57-bc0dcc025f7c-SegmentedRaftLogWorker:Storage Directory /workdir/hadoop-ozone/ozonefs/target/test-dir/MiniOzoneClusterImpl-889e9801-d8cd-4d64-ad06-78e1b934daf6/datanode-5/data/ratis/2d6220be-0102-4e9d-9db8-b07dbf0a6036 for RaftStorage:Storage Directory /workdir/hadoop-ozone/ozonefs/target/test-dir/MiniOzoneClusterImpl-889e9801-d8cd-4d64-ad06-78e1b934daf6/datanode-5/data/ratis/2d6220be-0102-4e9d-9db8-b07dbf0a6036
2019-09-19 14:40:01,695 [pool-82-thread-1] INFO  server.RaftServerConfigKeys (ConfUtils.java:logGet(43)) - raft.server.log.queue.byte-limit = 2147483647 (custom)
2019-09-19 14:40:01,696 [pool-82-thread-1] INFO  server.RaftServerConfigKeys (ConfUtils.java:logGet(43)) - raft.server.log.queue.element-limit = 1024 (custom)
2019-09-19 14:40:01,696 [pool-82-thread-1] INFO  server.RaftServerConfigKeys (ConfUtils.java:logGet(43)) - raft.server.log.segment.size.max = 1048576 (custom)
2019-09-19 14:40:01,696 [pool-82-thread-1] INFO  server.RaftServerConfigKeys (ConfUtils.java:logGet(43)) - raft.server.log.preallocated.size = 16384 (custom)
2019-09-19 14:40:01,696 [pool-82-thread-1] INFO  server.RaftServerConfigKeys (ConfUtils.java:logGet(43)) - raft.server.log.write.buffer.size = 33554432 (custom)
2019-09-19 14:40:01,697 [pool-82-thread-1] INFO  server.RaftServerConfigKeys (ConfUtils.java:logGet(43)) - raft.server.log.force.sync.num = 128 (default)
2019-09-19 14:40:01,697 [pool-82-thread-1] INFO  server.RaftServerConfigKeys (ConfUtils.java:logGet(43)) - raft.server.log.statemachine.data.sync = true (default)
2019-09-19 14:40:01,697 [pool-82-thread-1] INFO  server.RaftServerConfigKeys (ConfUtils.java:logGet(43)) - raft.server.log.statemachine.data.sync.timeout = 10s (default)
2019-09-19 14:40:01,697 [pool-82-thread-1] INFO  server.RaftServerConfigKeys (ConfUtils.java:logGet(43)) - raft.server.log.statemachine.data.sync.timeout.retry = -1 (default)
2019-09-19 14:40:01,698 [pool-82-thread-1] INFO  server.RaftServerConfigKeys (ConfUtils.java:logGet(43)) - raft.server.log.statemachine.data.caching.enabled = true (custom)
2019-09-19 14:40:01,698 [pool-82-thread-1] INFO  segmented.SegmentedRaftLogWorker (SegmentedRaftLogWorker.java:lambda$new$0(132)) - afbae23f-b8a7-4a0f-ac57-bc0dcc025f7c-SegmentedRaftLogWorker:Storage Directory /workdir/hadoop-ozone/ozonefs/target/test-dir/MiniOzoneClusterImpl-889e9801-d8cd-4d64-ad06-78e1b934daf6/datanode-5/data/ratis/2d6220be-0102-4e9d-9db8-b07dbf0a6036: flushIndex: setUnconditionally 0 -> -1
2019-09-19 14:40:01,699 [pool-82-thread-1] INFO  server.RaftServerConfigKeys (ConfUtils.java:logGet(43)) - raft.server.snapshot.auto.trigger.enabled = true (custom)
2019-09-19 14:40:01,699 [pool-82-thread-1] INFO  server.RaftServerConfigKeys (ConfUtils.java:logGet(43)) - raft.server.snapshot.auto.trigger.threshold = 10000 (custom)
2019-09-19 14:40:01,699 [pool-82-thread-1] INFO  server.RaftServerConfigKeys (ConfUtils.java:logGet(43)) - raft.server.retrycache.expirytime = 600000ms (custom)
2019-09-19 14:40:01,699 [pool-82-thread-1] INFO  impl.RaftServerImpl (RaftServerImpl.java:start(180)) - afbae23f-b8a7-4a0f-ac57-bc0dcc025f7c: start group-B07DBF0A6036
2019-09-19 14:40:01,700 [pool-82-thread-1] INFO  impl.RaftServerImpl (RaftServerImpl.java:setRole(171)) - afbae23f-b8a7-4a0f-ac57-bc0dcc025f7c:group-B07DBF0A6036 changes role from null to FOLLOWER at term 0 for startAsFollower
2019-09-19 14:40:01,700 [pool-82-thread-1] INFO  impl.RoleInfo (RoleInfo.java:updateAndGet(143)) - afbae23f-b8a7-4a0f-ac57-bc0dcc025f7c: start FollowerState
2019-09-19 14:40:01,701 [pool-82-thread-1] INFO  util.JmxRegister (JmxRegister.java:tryRegister(44)) - Successfully registered JMX Bean with object name Ratis:service=RaftServer,group=group-B07DBF0A6036,id=afbae23f-b8a7-4a0f-ac57-bc0dcc025f7c
2019-09-19 14:40:01,716 [RatisPipelineUtilsThread] INFO  pipeline.PipelineStateManager (PipelineStateManager.java:addPipeline(56)) - Created pipeline Pipeline[ Id: 2d6220be-0102-4e9d-9db8-b07dbf0a6036, Nodes: afbae23f-b8a7-4a0f-ac57-bc0dcc025f7c{ip: 192.168.5.132, host: pr-hdds-1569-rzdr8-3403194166, networkLocation: /default-rack, certSerialId: null}, Type:RATIS, Factor:ONE, State:OPEN]
2019-09-19 14:40:01,736 [grpc-default-executor-0] INFO  impl.RaftServerProxy (RaftServerProxy.java:addNew(89)) - f70b6c3b-be29-4a26-a238-fb2d839120cd: addNew group-806A84710F15:[f70b6c3b-be29-4a26-a238-fb2d839120cd:192.168.5.132:34965] returns group-806A84710F15:java.util.concurrent.CompletableFuture@772802ba[Not completed]
2019-09-19 14:40:01,738 [pool-27-thread-1] INFO  impl.RaftServerImpl (RaftServerImpl.java:<init>(93)) - f70b6c3b-be29-4a26-a238-fb2d839120cd: new RaftServerImpl for group-806A84710F15:[f70b6c3b-be29-4a26-a238-fb2d839120cd:192.168.5.132:34965] with ContainerStateMachine:uninitialized
2019-09-19 14:40:01,739 [pool-27-thread-1] INFO  server.RaftServerConfigKeys (ConfUtils.java:logGet(43)) - raft.server.rpc.timeout.min = 5s (custom)
2019-09-19 14:40:01,739 [pool-27-thread-1] INFO  server.RaftServerConfigKeys (ConfUtils.java:logGet(43)) - raft.server.rpc.timeout.max = 5200ms (custom)
2019-09-19 14:40:01,739 [pool-27-thread-1] INFO  server.RaftServerConfigKeys (ConfUtils.java:logGet(43)) - raft.server.rpcslowness.timeout = 120s (custom)
2019-09-19 14:40:01,739 [pool-27-thread-1] INFO  server.RaftServerConfigKeys (ConfUtils.java:logGet(43)) - raft.server.sleep.deviation.threshold = 300 (default)
2019-09-19 14:40:01,739 [pool-27-thread-1] INFO  server.RaftServerConfigKeys (ConfUtils.java:logGet(43)) - raft.server.log.appender.install.snapshot.enabled = false (custom)
2019-09-19 14:40:01,740 [pool-27-thread-1] INFO  impl.RaftServerImpl (ServerState.java:<init>(105)) - f70b6c3b-be29-4a26-a238-fb2d839120cd:group-806A84710F15 ConfigurationManager, init=-1: [f70b6c3b-be29-4a26-a238-fb2d839120cd:192.168.5.132:34965], old=null, confs=<EMPTY_MAP>
2019-09-19 14:40:01,740 [pool-27-thread-1] INFO  server.RaftServerConfigKeys (ConfUtils.java:logGet(43)) - raft.server.storage.dir = [/workdir/hadoop-ozone/ozonefs/target/test-dir/MiniOzoneClusterImpl-889e9801-d8cd-4d64-ad06-78e1b934daf6/datanode-0/data/ratis] (custom)
2019-09-19 14:40:01,740 [pool-27-thread-1] INFO  storage.RaftStorageDirectory (RaftStorageDirectory.java:analyzeStorage(246)) - The storage directory /workdir/hadoop-ozone/ozonefs/target/test-dir/MiniOzoneClusterImpl-889e9801-d8cd-4d64-ad06-78e1b934daf6/datanode-0/data/ratis/af8371fc-e11a-41c1-974b-806a84710f15 does not exist. Creating ...
2019-09-19 14:40:01,768 [pool-27-thread-1] INFO  storage.RaftStorageDirectory (RaftStorageDirectory.java:tryLock(328)) - Lock on /workdir/hadoop-ozone/ozonefs/target/test-dir/MiniOzoneClusterImpl-889e9801-d8cd-4d64-ad06-78e1b934daf6/datanode-0/data/ratis/af8371fc-e11a-41c1-974b-806a84710f15/in_use.lock acquired by nodename 29702@pr-hdds-1569-rzdr8-3403194166
2019-09-19 14:40:01,786 [pool-27-thread-1] INFO  storage.RaftStorage (RaftStorage.java:format(72)) - Storage directory /workdir/hadoop-ozone/ozonefs/target/test-dir/MiniOzoneClusterImpl-889e9801-d8cd-4d64-ad06-78e1b934daf6/datanode-0/data/ratis/af8371fc-e11a-41c1-974b-806a84710f15 has been successfully formatted.
2019-09-19 14:40:01,786 [pool-27-thread-1] INFO  ratis.ContainerStateMachine (ContainerStateMachine.java:loadSnapshot(226)) - group-806A84710F15: The snapshot info is null. Setting the last applied indexto:(t:0, i:~)
2019-09-19 14:40:01,786 [pool-27-thread-1] INFO  server.RaftServerConfigKeys (ConfUtils.java:logGet(43)) - raft.server.leader.election.timeout = 120s (custom)
2019-09-19 14:40:01,786 [pool-27-thread-1] INFO  server.RaftServerConfigKeys (ConfUtils.java:logGet(43)) - raft.server.log.use.memory = false (default)
2019-09-19 14:40:01,787 [pool-27-thread-1] INFO  server.RaftServerConfigKeys (ConfUtils.java:logGet(43)) - raft.server.log.purge.gap = 1000000 (custom)
2019-09-19 14:40:01,787 [pool-27-thread-1] INFO  server.RaftServerConfigKeys (ConfUtils.java:logGet(43)) - raft.server.log.appender.buffer.byte-limit = 33554432 (custom)
2019-09-19 14:40:01,787 [pool-27-thread-1] INFO  server.RaftServerConfigKeys (ConfUtils.java:logGet(43)) - raft.server.log.segment.size.max = 1048576 (custom)
2019-09-19 14:40:01,787 [pool-27-thread-1] INFO  server.RaftServerConfigKeys (ConfUtils.java:logGet(43)) - raft.server.log.segment.cache.num.max = 2 (custom)
2019-09-19 14:40:01,787 [pool-27-thread-1] INFO  segmented.SegmentedRaftLogWorker (SegmentedRaftLogWorker.java:<init>(172)) - new f70b6c3b-be29-4a26-a238-fb2d839120cd-SegmentedRaftLogWorker:Storage Directory /workdir/hadoop-ozone/ozonefs/target/test-dir/MiniOzoneClusterImpl-889e9801-d8cd-4d64-ad06-78e1b934daf6/datanode-0/data/ratis/af8371fc-e11a-41c1-974b-806a84710f15 for RaftStorage:Storage Directory /workdir/hadoop-ozone/ozonefs/target/test-dir/MiniOzoneClusterImpl-889e9801-d8cd-4d64-ad06-78e1b934daf6/datanode-0/data/ratis/af8371fc-e11a-41c1-974b-806a84710f15
2019-09-19 14:40:01,788 [pool-27-thread-1] INFO  server.RaftServerConfigKeys (ConfUtils.java:logGet(43)) - raft.server.log.queue.byte-limit = 2147483647 (custom)
2019-09-19 14:40:01,788 [pool-27-thread-1] INFO  server.RaftServerConfigKeys (ConfUtils.java:logGet(43)) - raft.server.log.queue.element-limit = 1024 (custom)
2019-09-19 14:40:01,788 [pool-27-thread-1] INFO  server.RaftServerConfigKeys (ConfUtils.java:logGet(43)) - raft.server.log.segment.size.max = 1048576 (custom)
2019-09-19 14:40:01,788 [pool-27-thread-1] INFO  server.RaftServerConfigKeys (ConfUtils.java:logGet(43)) - raft.server.log.preallocated.size = 16384 (custom)
2019-09-19 14:40:01,789 [pool-27-thread-1] INFO  server.RaftServerConfigKeys (ConfUtils.java:logGet(43)) - raft.server.log.write.buffer.size = 33554432 (custom)
2019-09-19 14:40:01,789 [pool-27-thread-1] INFO  server.RaftServerConfigKeys (ConfUtils.java:logGet(43)) - raft.server.log.force.sync.num = 128 (default)
2019-09-19 14:40:01,789 [pool-27-thread-1] INFO  server.RaftServerConfigKeys (ConfUtils.java:logGet(43)) - raft.server.log.statemachine.data.sync = true (default)
2019-09-19 14:40:01,789 [pool-27-thread-1] INFO  server.RaftServerConfigKeys (ConfUtils.java:logGet(43)) - raft.server.log.statemachine.data.sync.timeout = 10s (default)
2019-09-19 14:40:01,789 [pool-27-thread-1] INFO  server.RaftServerConfigKeys (ConfUtils.java:logGet(43)) - raft.server.log.statemachine.data.sync.timeout.retry = -1 (default)
2019-09-19 14:40:01,790 [pool-27-thread-1] INFO  server.RaftServerConfigKeys (ConfUtils.java:logGet(43)) - raft.server.log.statemachine.data.caching.enabled = true (custom)
2019-09-19 14:40:01,790 [pool-27-thread-1] INFO  segmented.SegmentedRaftLogWorker (SegmentedRaftLogWorker.java:lambda$new$0(132)) - f70b6c3b-be29-4a26-a238-fb2d839120cd-SegmentedRaftLogWorker:Storage Directory /workdir/hadoop-ozone/ozonefs/target/test-dir/MiniOzoneClusterImpl-889e9801-d8cd-4d64-ad06-78e1b934daf6/datanode-0/data/ratis/af8371fc-e11a-41c1-974b-806a84710f15: flushIndex: setUnconditionally 0 -> -1
2019-09-19 14:40:01,790 [pool-27-thread-1] INFO  server.RaftServerConfigKeys (ConfUtils.java:logGet(43)) - raft.server.snapshot.auto.trigger.enabled = true (custom)
2019-09-19 14:40:01,791 [pool-27-thread-1] INFO  server.RaftServerConfigKeys (ConfUtils.java:logGet(43)) - raft.server.snapshot.auto.trigger.threshold = 10000 (custom)
2019-09-19 14:40:01,791 [pool-27-thread-1] INFO  server.RaftServerConfigKeys (ConfUtils.java:logGet(43)) - raft.server.retrycache.expirytime = 600000ms (custom)
2019-09-19 14:40:01,791 [pool-27-thread-1] INFO  impl.RaftServerImpl (RaftServerImpl.java:start(180)) - f70b6c3b-be29-4a26-a238-fb2d839120cd: start group-806A84710F15
2019-09-19 14:40:01,791 [pool-27-thread-1] INFO  impl.RaftServerImpl (RaftServerImpl.java:setRole(171)) - f70b6c3b-be29-4a26-a238-fb2d839120cd:group-806A84710F15 changes role from null to FOLLOWER at term 0 for startAsFollower
2019-09-19 14:40:01,792 [pool-27-thread-1] INFO  impl.RoleInfo (RoleInfo.java:updateAndGet(143)) - f70b6c3b-be29-4a26-a238-fb2d839120cd: start FollowerState
2019-09-19 14:40:01,792 [pool-27-thread-1] INFO  util.JmxRegister (JmxRegister.java:tryRegister(44)) - Successfully registered JMX Bean with object name Ratis:service=RaftServer,group=group-806A84710F15,id=f70b6c3b-be29-4a26-a238-fb2d839120cd
2019-09-19 14:40:01,819 [RatisPipelineUtilsThread] INFO  pipeline.PipelineStateManager (PipelineStateManager.java:addPipeline(56)) - Created pipeline Pipeline[ Id: af8371fc-e11a-41c1-974b-806a84710f15, Nodes: f70b6c3b-be29-4a26-a238-fb2d839120cd{ip: 192.168.5.132, host: pr-hdds-1569-rzdr8-3403194166, networkLocation: /default-rack, certSerialId: null}, Type:RATIS, Factor:ONE, State:OPEN]
2019-09-19 14:40:01,837 | INFO  | SCMAudit | user=jenkins1000 | ip=192.168.5.132 | op=SEND_HEARTBEAT {datanodeUUID=cda53276-4c02-47df-9243-aafa1631e748, command=[]} | ret=SUCCESS |  
2019-09-19 14:40:01,845 [grpc-default-executor-1] INFO  impl.RaftServerProxy (RaftServerProxy.java:addNew(89)) - cda53276-4c02-47df-9243-aafa1631e748: addNew group-709D6C958EBF:[cda53276-4c02-47df-9243-aafa1631e748:192.168.5.132:44276] returns group-709D6C958EBF:java.util.concurrent.CompletableFuture@504634e6[Not completed]
2019-09-19 14:40:01,852 [pool-49-thread-1] INFO  impl.RaftServerImpl (RaftServerImpl.java:<init>(93)) - cda53276-4c02-47df-9243-aafa1631e748: new RaftServerImpl for group-709D6C958EBF:[cda53276-4c02-47df-9243-aafa1631e748:192.168.5.132:44276] with ContainerStateMachine:uninitialized
2019-09-19 14:40:01,852 [pool-49-thread-1] INFO  server.RaftServerConfigKeys (ConfUtils.java:logGet(43)) - raft.server.rpc.timeout.min = 5s (custom)
2019-09-19 14:40:01,852 [pool-49-thread-1] INFO  server.RaftServerConfigKeys (ConfUtils.java:logGet(43)) - raft.server.rpc.timeout.max = 5200ms (custom)
2019-09-19 14:40:01,853 [pool-49-thread-1] INFO  server.RaftServerConfigKeys (ConfUtils.java:logGet(43)) - raft.server.rpcslowness.timeout = 120s (custom)
2019-09-19 14:40:01,853 [pool-49-thread-1] INFO  server.RaftServerConfigKeys (ConfUtils.java:logGet(43)) - raft.server.sleep.deviation.threshold = 300 (default)
2019-09-19 14:40:01,853 [pool-49-thread-1] INFO  server.RaftServerConfigKeys (ConfUtils.java:logGet(43)) - raft.server.log.appender.install.snapshot.enabled = false (custom)
2019-09-19 14:40:01,853 [pool-49-thread-1] INFO  impl.RaftServerImpl (ServerState.java:<init>(105)) - cda53276-4c02-47df-9243-aafa1631e748:group-709D6C958EBF ConfigurationManager, init=-1: [cda53276-4c02-47df-9243-aafa1631e748:192.168.5.132:44276], old=null, confs=<EMPTY_MAP>
2019-09-19 14:40:01,853 [pool-49-thread-1] INFO  server.RaftServerConfigKeys (ConfUtils.java:logGet(43)) - raft.server.storage.dir = [/workdir/hadoop-ozone/ozonefs/target/test-dir/MiniOzoneClusterImpl-889e9801-d8cd-4d64-ad06-78e1b934daf6/datanode-2/data/ratis] (custom)
2019-09-19 14:40:01,854 [pool-49-thread-1] INFO  storage.RaftStorageDirectory (RaftStorageDirectory.java:analyzeStorage(246)) - The storage directory /workdir/hadoop-ozone/ozonefs/target/test-dir/MiniOzoneClusterImpl-889e9801-d8cd-4d64-ad06-78e1b934daf6/datanode-2/data/ratis/99daf119-9816-4095-b08b-709d6c958ebf does not exist. Creating ...
2019-09-19 14:40:01,878 [pool-49-thread-1] INFO  storage.RaftStorageDirectory (RaftStorageDirectory.java:tryLock(328)) - Lock on /workdir/hadoop-ozone/ozonefs/target/test-dir/MiniOzoneClusterImpl-889e9801-d8cd-4d64-ad06-78e1b934daf6/datanode-2/data/ratis/99daf119-9816-4095-b08b-709d6c958ebf/in_use.lock acquired by nodename 29702@pr-hdds-1569-rzdr8-3403194166
2019-09-19 14:40:01,897 [pool-49-thread-1] INFO  storage.RaftStorage (RaftStorage.java:format(72)) - Storage directory /workdir/hadoop-ozone/ozonefs/target/test-dir/MiniOzoneClusterImpl-889e9801-d8cd-4d64-ad06-78e1b934daf6/datanode-2/data/ratis/99daf119-9816-4095-b08b-709d6c958ebf has been successfully formatted.
2019-09-19 14:40:01,906 [pool-49-thread-1] INFO  ratis.ContainerStateMachine (ContainerStateMachine.java:loadSnapshot(226)) - group-709D6C958EBF: The snapshot info is null. Setting the last applied indexto:(t:0, i:~)
2019-09-19 14:40:01,906 [pool-49-thread-1] INFO  server.RaftServerConfigKeys (ConfUtils.java:logGet(43)) - raft.server.leader.election.timeout = 120s (custom)
2019-09-19 14:40:01,906 [pool-49-thread-1] INFO  server.RaftServerConfigKeys (ConfUtils.java:logGet(43)) - raft.server.log.use.memory = false (default)
2019-09-19 14:40:01,906 [pool-49-thread-1] INFO  server.RaftServerConfigKeys (ConfUtils.java:logGet(43)) - raft.server.log.purge.gap = 1000000 (custom)
2019-09-19 14:40:01,907 [pool-49-thread-1] INFO  server.RaftServerConfigKeys (ConfUtils.java:logGet(43)) - raft.server.log.appender.buffer.byte-limit = 33554432 (custom)
2019-09-19 14:40:01,907 [pool-49-thread-1] INFO  server.RaftServerConfigKeys (ConfUtils.java:logGet(43)) - raft.server.log.segment.size.max = 1048576 (custom)
2019-09-19 14:40:01,907 [pool-49-thread-1] INFO  server.RaftServerConfigKeys (ConfUtils.java:logGet(43)) - raft.server.log.segment.cache.num.max = 2 (custom)
2019-09-19 14:40:01,907 [pool-49-thread-1] INFO  segmented.SegmentedRaftLogWorker (SegmentedRaftLogWorker.java:<init>(172)) - new cda53276-4c02-47df-9243-aafa1631e748-SegmentedRaftLogWorker:Storage Directory /workdir/hadoop-ozone/ozonefs/target/test-dir/MiniOzoneClusterImpl-889e9801-d8cd-4d64-ad06-78e1b934daf6/datanode-2/data/ratis/99daf119-9816-4095-b08b-709d6c958ebf for RaftStorage:Storage Directory /workdir/hadoop-ozone/ozonefs/target/test-dir/MiniOzoneClusterImpl-889e9801-d8cd-4d64-ad06-78e1b934daf6/datanode-2/data/ratis/99daf119-9816-4095-b08b-709d6c958ebf
2019-09-19 14:40:01,908 [pool-49-thread-1] INFO  server.RaftServerConfigKeys (ConfUtils.java:logGet(43)) - raft.server.log.queue.byte-limit = 2147483647 (custom)
2019-09-19 14:40:01,908 [pool-49-thread-1] INFO  server.RaftServerConfigKeys (ConfUtils.java:logGet(43)) - raft.server.log.queue.element-limit = 1024 (custom)
2019-09-19 14:40:01,908 [pool-49-thread-1] INFO  server.RaftServerConfigKeys (ConfUtils.java:logGet(43)) - raft.server.log.segment.size.max = 1048576 (custom)
2019-09-19 14:40:01,909 [pool-49-thread-1] INFO  server.RaftServerConfigKeys (ConfUtils.java:logGet(43)) - raft.server.log.preallocated.size = 16384 (custom)
2019-09-19 14:40:01,909 [pool-49-thread-1] INFO  server.RaftServerConfigKeys (ConfUtils.java:logGet(43)) - raft.server.log.write.buffer.size = 33554432 (custom)
2019-09-19 14:40:01,909 [pool-49-thread-1] INFO  server.RaftServerConfigKeys (ConfUtils.java:logGet(43)) - raft.server.log.force.sync.num = 128 (default)
2019-09-19 14:40:01,909 [pool-49-thread-1] INFO  server.RaftServerConfigKeys (ConfUtils.java:logGet(43)) - raft.server.log.statemachine.data.sync = true (default)
2019-09-19 14:40:01,910 [pool-49-thread-1] INFO  server.RaftServerConfigKeys (ConfUtils.java:logGet(43)) - raft.server.log.statemachine.data.sync.timeout = 10s (default)
2019-09-19 14:40:01,910 [pool-49-thread-1] INFO  server.RaftServerConfigKeys (ConfUtils.java:logGet(43)) - raft.server.log.statemachine.data.sync.timeout.retry = -1 (default)
2019-09-19 14:40:01,910 [pool-49-thread-1] INFO  server.RaftServerConfigKeys (ConfUtils.java:logGet(43)) - raft.server.log.statemachine.data.caching.enabled = true (custom)
2019-09-19 14:40:01,911 [pool-49-thread-1] INFO  segmented.SegmentedRaftLogWorker (SegmentedRaftLogWorker.java:lambda$new$0(132)) - cda53276-4c02-47df-9243-aafa1631e748-SegmentedRaftLogWorker:Storage Directory /workdir/hadoop-ozone/ozonefs/target/test-dir/MiniOzoneClusterImpl-889e9801-d8cd-4d64-ad06-78e1b934daf6/datanode-2/data/ratis/99daf119-9816-4095-b08b-709d6c958ebf: flushIndex: setUnconditionally 0 -> -1
2019-09-19 14:40:01,911 [pool-49-thread-1] INFO  server.RaftServerConfigKeys (ConfUtils.java:logGet(43)) - raft.server.snapshot.auto.trigger.enabled = true (custom)
2019-09-19 14:40:01,911 [pool-49-thread-1] INFO  server.RaftServerConfigKeys (ConfUtils.java:logGet(43)) - raft.server.snapshot.auto.trigger.threshold = 10000 (custom)
2019-09-19 14:40:01,912 [pool-49-thread-1] INFO  server.RaftServerConfigKeys (ConfUtils.java:logGet(43)) - raft.server.retrycache.expirytime = 600000ms (custom)
2019-09-19 14:40:01,912 [pool-49-thread-1] INFO  impl.RaftServerImpl (RaftServerImpl.java:start(180)) - cda53276-4c02-47df-9243-aafa1631e748: start group-709D6C958EBF
2019-09-19 14:40:01,912 [pool-49-thread-1] INFO  impl.RaftServerImpl (RaftServerImpl.java:setRole(171)) - cda53276-4c02-47df-9243-aafa1631e748:group-709D6C958EBF changes role from null to FOLLOWER at term 0 for startAsFollower
2019-09-19 14:40:01,912 [pool-49-thread-1] INFO  impl.RoleInfo (RoleInfo.java:updateAndGet(143)) - cda53276-4c02-47df-9243-aafa1631e748: start FollowerState
2019-09-19 14:40:01,913 [pool-49-thread-1] INFO  util.JmxRegister (JmxRegister.java:tryRegister(44)) - Successfully registered JMX Bean with object name Ratis:service=RaftServer,group=group-709D6C958EBF,id=cda53276-4c02-47df-9243-aafa1631e748
2019-09-19 14:40:01,929 [RatisPipelineUtilsThread] INFO  pipeline.PipelineStateManager (PipelineStateManager.java:addPipeline(56)) - Created pipeline Pipeline[ Id: 99daf119-9816-4095-b08b-709d6c958ebf, Nodes: cda53276-4c02-47df-9243-aafa1631e748{ip: 192.168.5.132, host: pr-hdds-1569-rzdr8-3403194166, networkLocation: /default-rack, certSerialId: null}, Type:RATIS, Factor:ONE, State:OPEN]
2019-09-19 14:40:01,954 [grpc-default-executor-1] INFO  impl.RaftServerProxy (RaftServerProxy.java:addNew(89)) - c157b6a0-3602-4e04-89f3-2eaad4ae05f6: addNew group-4A17761265BF:[c157b6a0-3602-4e04-89f3-2eaad4ae05f6:192.168.5.132:35760] returns group-4A17761265BF:java.util.concurrent.CompletableFuture@41a0d655[Not completed]
2019-09-19 14:40:01,961 [pool-38-thread-1] INFO  impl.RaftServerImpl (RaftServerImpl.java:<init>(93)) - c157b6a0-3602-4e04-89f3-2eaad4ae05f6: new RaftServerImpl for group-4A17761265BF:[c157b6a0-3602-4e04-89f3-2eaad4ae05f6:192.168.5.132:35760] with ContainerStateMachine:uninitialized
2019-09-19 14:40:01,962 [pool-38-thread-1] INFO  server.RaftServerConfigKeys (ConfUtils.java:logGet(43)) - raft.server.rpc.timeout.min = 5s (custom)
2019-09-19 14:40:01,962 [pool-38-thread-1] INFO  server.RaftServerConfigKeys (ConfUtils.java:logGet(43)) - raft.server.rpc.timeout.max = 5200ms (custom)
2019-09-19 14:40:01,962 [pool-38-thread-1] INFO  server.RaftServerConfigKeys (ConfUtils.java:logGet(43)) - raft.server.rpcslowness.timeout = 120s (custom)
2019-09-19 14:40:01,962 [pool-38-thread-1] INFO  server.RaftServerConfigKeys (ConfUtils.java:logGet(43)) - raft.server.sleep.deviation.threshold = 300 (default)
2019-09-19 14:40:01,962 [pool-38-thread-1] INFO  server.RaftServerConfigKeys (ConfUtils.java:logGet(43)) - raft.server.log.appender.install.snapshot.enabled = false (custom)
2019-09-19 14:40:01,963 [pool-38-thread-1] INFO  impl.RaftServerImpl (ServerState.java:<init>(105)) - c157b6a0-3602-4e04-89f3-2eaad4ae05f6:group-4A17761265BF ConfigurationManager, init=-1: [c157b6a0-3602-4e04-89f3-2eaad4ae05f6:192.168.5.132:35760], old=null, confs=<EMPTY_MAP>
2019-09-19 14:40:01,963 [pool-38-thread-1] INFO  server.RaftServerConfigKeys (ConfUtils.java:logGet(43)) - raft.server.storage.dir = [/workdir/hadoop-ozone/ozonefs/target/test-dir/MiniOzoneClusterImpl-889e9801-d8cd-4d64-ad06-78e1b934daf6/datanode-1/data/ratis] (custom)
2019-09-19 14:40:01,963 [pool-38-thread-1] INFO  storage.RaftStorageDirectory (RaftStorageDirectory.java:analyzeStorage(246)) - The storage directory /workdir/hadoop-ozone/ozonefs/target/test-dir/MiniOzoneClusterImpl-889e9801-d8cd-4d64-ad06-78e1b934daf6/datanode-1/data/ratis/5db79591-e67f-4647-9e94-4a17761265bf does not exist. Creating ...
2019-09-19 14:40:01,987 [pool-38-thread-1] INFO  storage.RaftStorageDirectory (RaftStorageDirectory.java:tryLock(328)) - Lock on /workdir/hadoop-ozone/ozonefs/target/test-dir/MiniOzoneClusterImpl-889e9801-d8cd-4d64-ad06-78e1b934daf6/datanode-1/data/ratis/5db79591-e67f-4647-9e94-4a17761265bf/in_use.lock acquired by nodename 29702@pr-hdds-1569-rzdr8-3403194166
2019-09-19 14:40:02,013 [pool-38-thread-1] INFO  storage.RaftStorage (RaftStorage.java:format(72)) - Storage directory /workdir/hadoop-ozone/ozonefs/target/test-dir/MiniOzoneClusterImpl-889e9801-d8cd-4d64-ad06-78e1b934daf6/datanode-1/data/ratis/5db79591-e67f-4647-9e94-4a17761265bf has been successfully formatted.
2019-09-19 14:40:02,014 [pool-38-thread-1] INFO  ratis.ContainerStateMachine (ContainerStateMachine.java:loadSnapshot(226)) - group-4A17761265BF: The snapshot info is null. Setting the last applied indexto:(t:0, i:~)
2019-09-19 14:40:02,014 [pool-38-thread-1] INFO  server.RaftServerConfigKeys (ConfUtils.java:logGet(43)) - raft.server.leader.election.timeout = 120s (custom)
2019-09-19 14:40:02,014 [pool-38-thread-1] INFO  server.RaftServerConfigKeys (ConfUtils.java:logGet(43)) - raft.server.log.use.memory = false (default)
2019-09-19 14:40:02,015 [pool-38-thread-1] INFO  server.RaftServerConfigKeys (ConfUtils.java:logGet(43)) - raft.server.log.purge.gap = 1000000 (custom)
2019-09-19 14:40:02,015 [pool-38-thread-1] INFO  server.RaftServerConfigKeys (ConfUtils.java:logGet(43)) - raft.server.log.appender.buffer.byte-limit = 33554432 (custom)
2019-09-19 14:40:02,015 [pool-38-thread-1] INFO  server.RaftServerConfigKeys (ConfUtils.java:logGet(43)) - raft.server.log.segment.size.max = 1048576 (custom)
2019-09-19 14:40:02,015 [pool-38-thread-1] INFO  server.RaftServerConfigKeys (ConfUtils.java:logGet(43)) - raft.server.log.segment.cache.num.max = 2 (custom)
2019-09-19 14:40:02,015 [pool-38-thread-1] INFO  segmented.SegmentedRaftLogWorker (SegmentedRaftLogWorker.java:<init>(172)) - new c157b6a0-3602-4e04-89f3-2eaad4ae05f6-SegmentedRaftLogWorker:Storage Directory /workdir/hadoop-ozone/ozonefs/target/test-dir/MiniOzoneClusterImpl-889e9801-d8cd-4d64-ad06-78e1b934daf6/datanode-1/data/ratis/5db79591-e67f-4647-9e94-4a17761265bf for RaftStorage:Storage Directory /workdir/hadoop-ozone/ozonefs/target/test-dir/MiniOzoneClusterImpl-889e9801-d8cd-4d64-ad06-78e1b934daf6/datanode-1/data/ratis/5db79591-e67f-4647-9e94-4a17761265bf
2019-09-19 14:40:02,016 [pool-38-thread-1] INFO  server.RaftServerConfigKeys (ConfUtils.java:logGet(43)) - raft.server.log.queue.byte-limit = 2147483647 (custom)
2019-09-19 14:40:02,016 [pool-38-thread-1] INFO  server.RaftServerConfigKeys (ConfUtils.java:logGet(43)) - raft.server.log.queue.element-limit = 1024 (custom)
2019-09-19 14:40:02,016 [pool-38-thread-1] INFO  server.RaftServerConfigKeys (ConfUtils.java:logGet(43)) - raft.server.log.segment.size.max = 1048576 (custom)
2019-09-19 14:40:02,017 [pool-38-thread-1] INFO  server.RaftServerConfigKeys (ConfUtils.java:logGet(43)) - raft.server.log.preallocated.size = 16384 (custom)
2019-09-19 14:40:02,017 [pool-38-thread-1] INFO  server.RaftServerConfigKeys (ConfUtils.java:logGet(43)) - raft.server.log.write.buffer.size = 33554432 (custom)
2019-09-19 14:40:02,017 [pool-38-thread-1] INFO  server.RaftServerConfigKeys (ConfUtils.java:logGet(43)) - raft.server.log.force.sync.num = 128 (default)
2019-09-19 14:40:02,017 [pool-38-thread-1] INFO  server.RaftServerConfigKeys (ConfUtils.java:logGet(43)) - raft.server.log.statemachine.data.sync = true (default)
2019-09-19 14:40:02,018 [pool-38-thread-1] INFO  server.RaftServerConfigKeys (ConfUtils.java:logGet(43)) - raft.server.log.statemachine.data.sync.timeout = 10s (default)
2019-09-19 14:40:02,018 [pool-38-thread-1] INFO  server.RaftServerConfigKeys (ConfUtils.java:logGet(43)) - raft.server.log.statemachine.data.sync.timeout.retry = -1 (default)
2019-09-19 14:40:02,018 [pool-38-thread-1] INFO  server.RaftServerConfigKeys (ConfUtils.java:logGet(43)) - raft.server.log.statemachine.data.caching.enabled = true (custom)
2019-09-19 14:40:02,019 [pool-38-thread-1] INFO  segmented.SegmentedRaftLogWorker (SegmentedRaftLogWorker.java:lambda$new$0(132)) - c157b6a0-3602-4e04-89f3-2eaad4ae05f6-SegmentedRaftLogWorker:Storage Directory /workdir/hadoop-ozone/ozonefs/target/test-dir/MiniOzoneClusterImpl-889e9801-d8cd-4d64-ad06-78e1b934daf6/datanode-1/data/ratis/5db79591-e67f-4647-9e94-4a17761265bf: flushIndex: setUnconditionally 0 -> -1
2019-09-19 14:40:02,019 [pool-38-thread-1] INFO  server.RaftServerConfigKeys (ConfUtils.java:logGet(43)) - raft.server.snapshot.auto.trigger.enabled = true (custom)
2019-09-19 14:40:02,019 [pool-38-thread-1] INFO  server.RaftServerConfigKeys (ConfUtils.java:logGet(43)) - raft.server.snapshot.auto.trigger.threshold = 10000 (custom)
2019-09-19 14:40:02,020 [pool-38-thread-1] INFO  server.RaftServerConfigKeys (ConfUtils.java:logGet(43)) - raft.server.retrycache.expirytime = 600000ms (custom)
2019-09-19 14:40:02,020 [pool-38-thread-1] INFO  impl.RaftServerImpl (RaftServerImpl.java:start(180)) - c157b6a0-3602-4e04-89f3-2eaad4ae05f6: start group-4A17761265BF
2019-09-19 14:40:02,020 [pool-38-thread-1] INFO  impl.RaftServerImpl (RaftServerImpl.java:setRole(171)) - c157b6a0-3602-4e04-89f3-2eaad4ae05f6:group-4A17761265BF changes role from null to FOLLOWER at term 0 for startAsFollower
2019-09-19 14:40:02,020 [pool-38-thread-1] INFO  impl.RoleInfo (RoleInfo.java:updateAndGet(143)) - c157b6a0-3602-4e04-89f3-2eaad4ae05f6: start FollowerState
2019-09-19 14:40:02,021 [pool-38-thread-1] INFO  util.JmxRegister (JmxRegister.java:tryRegister(44)) - Successfully registered JMX Bean with object name Ratis:service=RaftServer,group=group-4A17761265BF,id=c157b6a0-3602-4e04-89f3-2eaad4ae05f6
2019-09-19 14:40:02,038 [RatisPipelineUtilsThread] INFO  pipeline.PipelineStateManager (PipelineStateManager.java:addPipeline(56)) - Created pipeline Pipeline[ Id: 5db79591-e67f-4647-9e94-4a17761265bf, Nodes: c157b6a0-3602-4e04-89f3-2eaad4ae05f6{ip: 192.168.5.132, host: pr-hdds-1569-rzdr8-3403194166, networkLocation: /default-rack, certSerialId: null}, Type:RATIS, Factor:ONE, State:OPEN]
2019-09-19 14:40:02,066 [grpc-default-executor-1] INFO  impl.RaftServerProxy (RaftServerProxy.java:addNew(89)) - 6aa361a5-10ee-4e6c-9990-87c23e670156: addNew group-A743ECD366E0:[6aa361a5-10ee-4e6c-9990-87c23e670156:192.168.5.132:41011] returns group-A743ECD366E0:java.util.concurrent.CompletableFuture@39119dbb[Not completed]
2019-09-19 14:40:02,068 [pool-71-thread-1] INFO  impl.RaftServerImpl (RaftServerImpl.java:<init>(93)) - 6aa361a5-10ee-4e6c-9990-87c23e670156: new RaftServerImpl for group-A743ECD366E0:[6aa361a5-10ee-4e6c-9990-87c23e670156:192.168.5.132:41011] with ContainerStateMachine:uninitialized
2019-09-19 14:40:02,068 [pool-71-thread-1] INFO  server.RaftServerConfigKeys (ConfUtils.java:logGet(43)) - raft.server.rpc.timeout.min = 5s (custom)
2019-09-19 14:40:02,068 [pool-71-thread-1] INFO  server.RaftServerConfigKeys (ConfUtils.java:logGet(43)) - raft.server.rpc.timeout.max = 5200ms (custom)
2019-09-19 14:40:02,068 [pool-71-thread-1] INFO  server.RaftServerConfigKeys (ConfUtils.java:logGet(43)) - raft.server.rpcslowness.timeout = 120s (custom)
2019-09-19 14:40:02,068 [pool-71-thread-1] INFO  server.RaftServerConfigKeys (ConfUtils.java:logGet(43)) - raft.server.sleep.deviation.threshold = 300 (default)
2019-09-19 14:40:02,069 [pool-71-thread-1] INFO  server.RaftServerConfigKeys (ConfUtils.java:logGet(43)) - raft.server.log.appender.install.snapshot.enabled = false (custom)
2019-09-19 14:40:02,069 [pool-71-thread-1] INFO  impl.RaftServerImpl (ServerState.java:<init>(105)) - 6aa361a5-10ee-4e6c-9990-87c23e670156:group-A743ECD366E0 ConfigurationManager, init=-1: [6aa361a5-10ee-4e6c-9990-87c23e670156:192.168.5.132:41011], old=null, confs=<EMPTY_MAP>
2019-09-19 14:40:02,069 [pool-71-thread-1] INFO  server.RaftServerConfigKeys (ConfUtils.java:logGet(43)) - raft.server.storage.dir = [/workdir/hadoop-ozone/ozonefs/target/test-dir/MiniOzoneClusterImpl-889e9801-d8cd-4d64-ad06-78e1b934daf6/datanode-4/data/ratis] (custom)
2019-09-19 14:40:02,069 [pool-71-thread-1] INFO  storage.RaftStorageDirectory (RaftStorageDirectory.java:analyzeStorage(246)) - The storage directory /workdir/hadoop-ozone/ozonefs/target/test-dir/MiniOzoneClusterImpl-889e9801-d8cd-4d64-ad06-78e1b934daf6/datanode-4/data/ratis/868bbf1a-831f-47b3-b999-a743ecd366e0 does not exist. Creating ...
2019-09-19 14:40:02,097 [pool-71-thread-1] INFO  storage.RaftStorageDirectory (RaftStorageDirectory.java:tryLock(328)) - Lock on /workdir/hadoop-ozone/ozonefs/target/test-dir/MiniOzoneClusterImpl-889e9801-d8cd-4d64-ad06-78e1b934daf6/datanode-4/data/ratis/868bbf1a-831f-47b3-b999-a743ecd366e0/in_use.lock acquired by nodename 29702@pr-hdds-1569-rzdr8-3403194166
2019-09-19 14:40:02,122 [pool-71-thread-1] INFO  storage.RaftStorage (RaftStorage.java:format(72)) - Storage directory /workdir/hadoop-ozone/ozonefs/target/test-dir/MiniOzoneClusterImpl-889e9801-d8cd-4d64-ad06-78e1b934daf6/datanode-4/data/ratis/868bbf1a-831f-47b3-b999-a743ecd366e0 has been successfully formatted.
2019-09-19 14:40:02,123 [pool-71-thread-1] INFO  ratis.ContainerStateMachine (ContainerStateMachine.java:loadSnapshot(226)) - group-A743ECD366E0: The snapshot info is null. Setting the last applied indexto:(t:0, i:~)
2019-09-19 14:40:02,123 [pool-71-thread-1] INFO  server.RaftServerConfigKeys (ConfUtils.java:logGet(43)) - raft.server.leader.election.timeout = 120s (custom)
2019-09-19 14:40:02,123 [pool-71-thread-1] INFO  server.RaftServerConfigKeys (ConfUtils.java:logGet(43)) - raft.server.log.use.memory = false (default)
2019-09-19 14:40:02,123 [pool-71-thread-1] INFO  server.RaftServerConfigKeys (ConfUtils.java:logGet(43)) - raft.server.log.purge.gap = 1000000 (custom)
2019-09-19 14:40:02,123 [pool-71-thread-1] INFO  server.RaftServerConfigKeys (ConfUtils.java:logGet(43)) - raft.server.log.appender.buffer.byte-limit = 33554432 (custom)
2019-09-19 14:40:02,124 [pool-71-thread-1] INFO  server.RaftServerConfigKeys (ConfUtils.java:logGet(43)) - raft.server.log.segment.size.max = 1048576 (custom)
2019-09-19 14:40:02,124 [pool-71-thread-1] INFO  server.RaftServerConfigKeys (ConfUtils.java:logGet(43)) - raft.server.log.segment.cache.num.max = 2 (custom)
2019-09-19 14:40:02,124 [pool-71-thread-1] INFO  segmented.SegmentedRaftLogWorker (SegmentedRaftLogWorker.java:<init>(172)) - new 6aa361a5-10ee-4e6c-9990-87c23e670156-SegmentedRaftLogWorker:Storage Directory /workdir/hadoop-ozone/ozonefs/target/test-dir/MiniOzoneClusterImpl-889e9801-d8cd-4d64-ad06-78e1b934daf6/datanode-4/data/ratis/868bbf1a-831f-47b3-b999-a743ecd366e0 for RaftStorage:Storage Directory /workdir/hadoop-ozone/ozonefs/target/test-dir/MiniOzoneClusterImpl-889e9801-d8cd-4d64-ad06-78e1b934daf6/datanode-4/data/ratis/868bbf1a-831f-47b3-b999-a743ecd366e0
2019-09-19 14:40:02,124 [pool-71-thread-1] INFO  server.RaftServerConfigKeys (ConfUtils.java:logGet(43)) - raft.server.log.queue.byte-limit = 2147483647 (custom)
2019-09-19 14:40:02,124 [pool-71-thread-1] INFO  server.RaftServerConfigKeys (ConfUtils.java:logGet(43)) - raft.server.log.queue.element-limit = 1024 (custom)
2019-09-19 14:40:02,125 [pool-71-thread-1] INFO  server.RaftServerConfigKeys (ConfUtils.java:logGet(43)) - raft.server.log.segment.size.max = 1048576 (custom)
2019-09-19 14:40:02,125 [pool-71-thread-1] INFO  server.RaftServerConfigKeys (ConfUtils.java:logGet(43)) - raft.server.log.preallocated.size = 16384 (custom)
2019-09-19 14:40:02,125 [pool-71-thread-1] INFO  server.RaftServerConfigKeys (ConfUtils.java:logGet(43)) - raft.server.log.write.buffer.size = 33554432 (custom)
2019-09-19 14:40:02,125 [pool-71-thread-1] INFO  server.RaftServerConfigKeys (ConfUtils.java:logGet(43)) - raft.server.log.force.sync.num = 128 (default)
2019-09-19 14:40:02,125 [pool-71-thread-1] INFO  server.RaftServerConfigKeys (ConfUtils.java:logGet(43)) - raft.server.log.statemachine.data.sync = true (default)
2019-09-19 14:40:02,126 [pool-71-thread-1] INFO  server.RaftServerConfigKeys (ConfUtils.java:logGet(43)) - raft.server.log.statemachine.data.sync.timeout = 10s (default)
2019-09-19 14:40:02,126 [pool-71-thread-1] INFO  server.RaftServerConfigKeys (ConfUtils.java:logGet(43)) - raft.server.log.statemachine.data.sync.timeout.retry = -1 (default)
2019-09-19 14:40:02,126 [pool-71-thread-1] INFO  server.RaftServerConfigKeys (ConfUtils.java:logGet(43)) - raft.server.log.statemachine.data.caching.enabled = true (custom)
2019-09-19 14:40:02,126 [pool-71-thread-1] INFO  segmented.SegmentedRaftLogWorker (SegmentedRaftLogWorker.java:lambda$new$0(132)) - 6aa361a5-10ee-4e6c-9990-87c23e670156-SegmentedRaftLogWorker:Storage Directory /workdir/hadoop-ozone/ozonefs/target/test-dir/MiniOzoneClusterImpl-889e9801-d8cd-4d64-ad06-78e1b934daf6/datanode-4/data/ratis/868bbf1a-831f-47b3-b999-a743ecd366e0: flushIndex: setUnconditionally 0 -> -1
2019-09-19 14:40:02,127 [pool-71-thread-1] INFO  server.RaftServerConfigKeys (ConfUtils.java:logGet(43)) - raft.server.snapshot.auto.trigger.enabled = true (custom)
2019-09-19 14:40:02,127 [pool-71-thread-1] INFO  server.RaftServerConfigKeys (ConfUtils.java:logGet(43)) - raft.server.snapshot.auto.trigger.threshold = 10000 (custom)
2019-09-19 14:40:02,127 [pool-71-thread-1] INFO  server.RaftServerConfigKeys (ConfUtils.java:logGet(43)) - raft.server.retrycache.expirytime = 600000ms (custom)
2019-09-19 14:40:02,128 [pool-71-thread-1] INFO  impl.RaftServerImpl (RaftServerImpl.java:start(180)) - 6aa361a5-10ee-4e6c-9990-87c23e670156: start group-A743ECD366E0
2019-09-19 14:40:02,128 [pool-71-thread-1] INFO  impl.RaftServerImpl (RaftServerImpl.java:setRole(171)) - 6aa361a5-10ee-4e6c-9990-87c23e670156:group-A743ECD366E0 changes role from null to FOLLOWER at term 0 for startAsFollower
2019-09-19 14:40:02,128 [pool-71-thread-1] INFO  impl.RoleInfo (RoleInfo.java:updateAndGet(143)) - 6aa361a5-10ee-4e6c-9990-87c23e670156: start FollowerState
2019-09-19 14:40:02,128 [pool-71-thread-1] INFO  util.JmxRegister (JmxRegister.java:tryRegister(44)) - Successfully registered JMX Bean with object name Ratis:service=RaftServer,group=group-A743ECD366E0,id=6aa361a5-10ee-4e6c-9990-87c23e670156
2019-09-19 14:40:02,143 [RatisPipelineUtilsThread] INFO  pipeline.PipelineStateManager (PipelineStateManager.java:addPipeline(56)) - Created pipeline Pipeline[ Id: 868bbf1a-831f-47b3-b999-a743ecd366e0, Nodes: 6aa361a5-10ee-4e6c-9990-87c23e670156{ip: 192.168.5.132, host: pr-hdds-1569-rzdr8-3403194166, networkLocation: /default-rack, certSerialId: null}, Type:RATIS, Factor:ONE, State:OPEN]
2019-09-19 14:40:02,158 [grpc-default-executor-1] INFO  impl.RaftServerProxy (RaftServerProxy.java:addNew(89)) - c157b6a0-3602-4e04-89f3-2eaad4ae05f6: addNew group-C563EC252F90:[c157b6a0-3602-4e04-89f3-2eaad4ae05f6:192.168.5.132:35760] returns group-C563EC252F90:java.util.concurrent.CompletableFuture@3681b393[Not completed]
2019-09-19 14:40:02,162 [pool-38-thread-1] INFO  impl.RaftServerImpl (RaftServerImpl.java:<init>(93)) - c157b6a0-3602-4e04-89f3-2eaad4ae05f6: new RaftServerImpl for group-C563EC252F90:[c157b6a0-3602-4e04-89f3-2eaad4ae05f6:192.168.5.132:35760] with ContainerStateMachine:uninitialized
2019-09-19 14:40:02,162 [pool-38-thread-1] INFO  server.RaftServerConfigKeys (ConfUtils.java:logGet(43)) - raft.server.rpc.timeout.min = 5s (custom)
2019-09-19 14:40:02,162 [pool-38-thread-1] INFO  server.RaftServerConfigKeys (ConfUtils.java:logGet(43)) - raft.server.rpc.timeout.max = 5200ms (custom)
2019-09-19 14:40:02,162 [pool-38-thread-1] INFO  server.RaftServerConfigKeys (ConfUtils.java:logGet(43)) - raft.server.rpcslowness.timeout = 120s (custom)
2019-09-19 14:40:02,163 [pool-38-thread-1] INFO  server.RaftServerConfigKeys (ConfUtils.java:logGet(43)) - raft.server.sleep.deviation.threshold = 300 (default)
2019-09-19 14:40:02,163 [pool-38-thread-1] INFO  server.RaftServerConfigKeys (ConfUtils.java:logGet(43)) - raft.server.log.appender.install.snapshot.enabled = false (custom)
2019-09-19 14:40:02,163 [pool-38-thread-1] INFO  impl.RaftServerImpl (ServerState.java:<init>(105)) - c157b6a0-3602-4e04-89f3-2eaad4ae05f6:group-C563EC252F90 ConfigurationManager, init=-1: [c157b6a0-3602-4e04-89f3-2eaad4ae05f6:192.168.5.132:35760], old=null, confs=<EMPTY_MAP>
2019-09-19 14:40:02,163 [pool-38-thread-1] INFO  server.RaftServerConfigKeys (ConfUtils.java:logGet(43)) - raft.server.storage.dir = [/workdir/hadoop-ozone/ozonefs/target/test-dir/MiniOzoneClusterImpl-889e9801-d8cd-4d64-ad06-78e1b934daf6/datanode-1/data/ratis] (custom)
2019-09-19 14:40:02,164 [pool-38-thread-1] INFO  storage.RaftStorageDirectory (RaftStorageDirectory.java:analyzeStorage(246)) - The storage directory /workdir/hadoop-ozone/ozonefs/target/test-dir/MiniOzoneClusterImpl-889e9801-d8cd-4d64-ad06-78e1b934daf6/datanode-1/data/ratis/5dd8f84a-b028-48f4-acc4-c563ec252f90 does not exist. Creating ...
2019-09-19 14:40:02,189 [pool-38-thread-1] INFO  storage.RaftStorageDirectory (RaftStorageDirectory.java:tryLock(328)) - Lock on /workdir/hadoop-ozone/ozonefs/target/test-dir/MiniOzoneClusterImpl-889e9801-d8cd-4d64-ad06-78e1b934daf6/datanode-1/data/ratis/5dd8f84a-b028-48f4-acc4-c563ec252f90/in_use.lock acquired by nodename 29702@pr-hdds-1569-rzdr8-3403194166
2019-09-19 14:40:02,215 [pool-38-thread-1] INFO  storage.RaftStorage (RaftStorage.java:format(72)) - Storage directory /workdir/hadoop-ozone/ozonefs/target/test-dir/MiniOzoneClusterImpl-889e9801-d8cd-4d64-ad06-78e1b934daf6/datanode-1/data/ratis/5dd8f84a-b028-48f4-acc4-c563ec252f90 has been successfully formatted.
2019-09-19 14:40:02,215 [pool-38-thread-1] INFO  ratis.ContainerStateMachine (ContainerStateMachine.java:loadSnapshot(226)) - group-C563EC252F90: The snapshot info is null. Setting the last applied indexto:(t:0, i:~)
2019-09-19 14:40:02,215 [pool-38-thread-1] INFO  server.RaftServerConfigKeys (ConfUtils.java:logGet(43)) - raft.server.leader.election.timeout = 120s (custom)
2019-09-19 14:40:02,216 [pool-38-thread-1] INFO  server.RaftServerConfigKeys (ConfUtils.java:logGet(43)) - raft.server.log.use.memory = false (default)
2019-09-19 14:40:02,216 [pool-38-thread-1] INFO  server.RaftServerConfigKeys (ConfUtils.java:logGet(43)) - raft.server.log.purge.gap = 1000000 (custom)
2019-09-19 14:40:02,216 [pool-38-thread-1] INFO  server.RaftServerConfigKeys (ConfUtils.java:logGet(43)) - raft.server.log.appender.buffer.byte-limit = 33554432 (custom)
2019-09-19 14:40:02,216 [pool-38-thread-1] INFO  server.RaftServerConfigKeys (ConfUtils.java:logGet(43)) - raft.server.log.segment.size.max = 1048576 (custom)
2019-09-19 14:40:02,217 [pool-38-thread-1] INFO  server.RaftServerConfigKeys (ConfUtils.java:logGet(43)) - raft.server.log.segment.cache.num.max = 2 (custom)
2019-09-19 14:40:02,217 [pool-38-thread-1] INFO  segmented.SegmentedRaftLogWorker (SegmentedRaftLogWorker.java:<init>(172)) - new c157b6a0-3602-4e04-89f3-2eaad4ae05f6-SegmentedRaftLogWorker:Storage Directory /workdir/hadoop-ozone/ozonefs/target/test-dir/MiniOzoneClusterImpl-889e9801-d8cd-4d64-ad06-78e1b934daf6/datanode-1/data/ratis/5dd8f84a-b028-48f4-acc4-c563ec252f90 for RaftStorage:Storage Directory /workdir/hadoop-ozone/ozonefs/target/test-dir/MiniOzoneClusterImpl-889e9801-d8cd-4d64-ad06-78e1b934daf6/datanode-1/data/ratis/5dd8f84a-b028-48f4-acc4-c563ec252f90
2019-09-19 14:40:02,217 [pool-38-thread-1] INFO  server.RaftServerConfigKeys (ConfUtils.java:logGet(43)) - raft.server.log.queue.byte-limit = 2147483647 (custom)
2019-09-19 14:40:02,217 [pool-38-thread-1] INFO  server.RaftServerConfigKeys (ConfUtils.java:logGet(43)) - raft.server.log.queue.element-limit = 1024 (custom)
2019-09-19 14:40:02,217 [pool-38-thread-1] INFO  server.RaftServerConfigKeys (ConfUtils.java:logGet(43)) - raft.server.log.segment.size.max = 1048576 (custom)
2019-09-19 14:40:02,218 [pool-38-thread-1] INFO  server.RaftServerConfigKeys (ConfUtils.java:logGet(43)) - raft.server.log.preallocated.size = 16384 (custom)
2019-09-19 14:40:02,218 [pool-38-thread-1] INFO  server.RaftServerConfigKeys (ConfUtils.java:logGet(43)) - raft.server.log.write.buffer.size = 33554432 (custom)
2019-09-19 14:40:02,218 [pool-38-thread-1] INFO  server.RaftServerConfigKeys (ConfUtils.java:logGet(43)) - raft.server.log.force.sync.num = 128 (default)
2019-09-19 14:40:02,218 [pool-38-thread-1] INFO  server.RaftServerConfigKeys (ConfUtils.java:logGet(43)) - raft.server.log.statemachine.data.sync = true (default)
2019-09-19 14:40:02,219 [pool-38-thread-1] INFO  server.RaftServerConfigKeys (ConfUtils.java:logGet(43)) - raft.server.log.statemachine.data.sync.timeout = 10s (default)
2019-09-19 14:40:02,219 [pool-38-thread-1] INFO  server.RaftServerConfigKeys (ConfUtils.java:logGet(43)) - raft.server.log.statemachine.data.sync.timeout.retry = -1 (default)
2019-09-19 14:40:02,219 [pool-38-thread-1] INFO  server.RaftServerConfigKeys (ConfUtils.java:logGet(43)) - raft.server.log.statemachine.data.caching.enabled = true (custom)
2019-09-19 14:40:02,220 [pool-38-thread-1] INFO  segmented.SegmentedRaftLogWorker (SegmentedRaftLogWorker.java:lambda$new$0(132)) - c157b6a0-3602-4e04-89f3-2eaad4ae05f6-SegmentedRaftLogWorker:Storage Directory /workdir/hadoop-ozone/ozonefs/target/test-dir/MiniOzoneClusterImpl-889e9801-d8cd-4d64-ad06-78e1b934daf6/datanode-1/data/ratis/5dd8f84a-b028-48f4-acc4-c563ec252f90: flushIndex: setUnconditionally 0 -> -1
2019-09-19 14:40:02,220 [pool-38-thread-1] INFO  server.RaftServerConfigKeys (ConfUtils.java:logGet(43)) - raft.server.snapshot.auto.trigger.enabled = true (custom)
2019-09-19 14:40:02,220 [pool-38-thread-1] INFO  server.RaftServerConfigKeys (ConfUtils.java:logGet(43)) - raft.server.snapshot.auto.trigger.threshold = 10000 (custom)
2019-09-19 14:40:02,221 [pool-38-thread-1] INFO  server.RaftServerConfigKeys (ConfUtils.java:logGet(43)) - raft.server.retrycache.expirytime = 600000ms (custom)
2019-09-19 14:40:02,221 [pool-38-thread-1] INFO  impl.RaftServerImpl (RaftServerImpl.java:start(180)) - c157b6a0-3602-4e04-89f3-2eaad4ae05f6: start group-C563EC252F90
2019-09-19 14:40:02,221 [pool-38-thread-1] INFO  impl.RaftServerImpl (RaftServerImpl.java:setRole(171)) - c157b6a0-3602-4e04-89f3-2eaad4ae05f6:group-C563EC252F90 changes role from null to FOLLOWER at term 0 for startAsFollower
2019-09-19 14:40:02,221 [pool-38-thread-1] INFO  impl.RoleInfo (RoleInfo.java:updateAndGet(143)) - c157b6a0-3602-4e04-89f3-2eaad4ae05f6: start FollowerState
2019-09-19 14:40:02,222 [pool-38-thread-1] INFO  util.JmxRegister (JmxRegister.java:tryRegister(44)) - Successfully registered JMX Bean with object name Ratis:service=RaftServer,group=group-C563EC252F90,id=c157b6a0-3602-4e04-89f3-2eaad4ae05f6
2019-09-19 14:40:02,237 [RatisPipelineUtilsThread] INFO  pipeline.PipelineStateManager (PipelineStateManager.java:addPipeline(56)) - Created pipeline Pipeline[ Id: 5dd8f84a-b028-48f4-acc4-c563ec252f90, Nodes: c157b6a0-3602-4e04-89f3-2eaad4ae05f6{ip: 192.168.5.132, host: pr-hdds-1569-rzdr8-3403194166, networkLocation: /default-rack, certSerialId: null}, Type:RATIS, Factor:ONE, State:OPEN]
2019-09-19 14:40:02,252 [grpc-default-executor-1] INFO  impl.RaftServerProxy (RaftServerProxy.java:addNew(89)) - 7354d665-2a20-43d9-a220-6cd224d5c3fe: addNew group-5B1728CA1C8E:[7354d665-2a20-43d9-a220-6cd224d5c3fe:192.168.5.132:32973] returns group-5B1728CA1C8E:java.util.concurrent.CompletableFuture@221551e6[Not completed]
2019-09-19 14:40:02,254 [pool-60-thread-1] INFO  impl.RaftServerImpl (RaftServerImpl.java:<init>(93)) - 7354d665-2a20-43d9-a220-6cd224d5c3fe: new RaftServerImpl for group-5B1728CA1C8E:[7354d665-2a20-43d9-a220-6cd224d5c3fe:192.168.5.132:32973] with ContainerStateMachine:uninitialized
2019-09-19 14:40:02,255 [pool-60-thread-1] INFO  server.RaftServerConfigKeys (ConfUtils.java:logGet(43)) - raft.server.rpc.timeout.min = 5s (custom)
2019-09-19 14:40:02,255 [pool-60-thread-1] INFO  server.RaftServerConfigKeys (ConfUtils.java:logGet(43)) - raft.server.rpc.timeout.max = 5200ms (custom)
2019-09-19 14:40:02,255 [pool-60-thread-1] INFO  server.RaftServerConfigKeys (ConfUtils.java:logGet(43)) - raft.server.rpcslowness.timeout = 120s (custom)
2019-09-19 14:40:02,255 [pool-60-thread-1] INFO  server.RaftServerConfigKeys (ConfUtils.java:logGet(43)) - raft.server.sleep.deviation.threshold = 300 (default)
2019-09-19 14:40:02,255 [pool-60-thread-1] INFO  server.RaftServerConfigKeys (ConfUtils.java:logGet(43)) - raft.server.log.appender.install.snapshot.enabled = false (custom)
2019-09-19 14:40:02,255 [pool-60-thread-1] INFO  impl.RaftServerImpl (ServerState.java:<init>(105)) - 7354d665-2a20-43d9-a220-6cd224d5c3fe:group-5B1728CA1C8E ConfigurationManager, init=-1: [7354d665-2a20-43d9-a220-6cd224d5c3fe:192.168.5.132:32973], old=null, confs=<EMPTY_MAP>
2019-09-19 14:40:02,256 [pool-60-thread-1] INFO  server.RaftServerConfigKeys (ConfUtils.java:logGet(43)) - raft.server.storage.dir = [/workdir/hadoop-ozone/ozonefs/target/test-dir/MiniOzoneClusterImpl-889e9801-d8cd-4d64-ad06-78e1b934daf6/datanode-3/data/ratis] (custom)
2019-09-19 14:40:02,256 [pool-60-thread-1] INFO  storage.RaftStorageDirectory (RaftStorageDirectory.java:analyzeStorage(246)) - The storage directory /workdir/hadoop-ozone/ozonefs/target/test-dir/MiniOzoneClusterImpl-889e9801-d8cd-4d64-ad06-78e1b934daf6/datanode-3/data/ratis/789a3bfa-f197-4578-9a3b-5b1728ca1c8e does not exist. Creating ...
2019-09-19 14:40:02,281 | INFO  | SCMAudit | user=jenkins1000 | ip=192.168.5.132 | op=SEND_HEARTBEAT {datanodeUUID=f70b6c3b-be29-4a26-a238-fb2d839120cd, command=[]} | ret=SUCCESS |  
2019-09-19 14:40:02,282 [pool-60-thread-1] INFO  storage.RaftStorageDirectory (RaftStorageDirectory.java:tryLock(328)) - Lock on /workdir/hadoop-ozone/ozonefs/target/test-dir/MiniOzoneClusterImpl-889e9801-d8cd-4d64-ad06-78e1b934daf6/datanode-3/data/ratis/789a3bfa-f197-4578-9a3b-5b1728ca1c8e/in_use.lock acquired by nodename 29702@pr-hdds-1569-rzdr8-3403194166
2019-09-19 14:40:02,307 [pool-60-thread-1] INFO  storage.RaftStorage (RaftStorage.java:format(72)) - Storage directory /workdir/hadoop-ozone/ozonefs/target/test-dir/MiniOzoneClusterImpl-889e9801-d8cd-4d64-ad06-78e1b934daf6/datanode-3/data/ratis/789a3bfa-f197-4578-9a3b-5b1728ca1c8e has been successfully formatted.
2019-09-19 14:40:02,307 [pool-60-thread-1] INFO  ratis.ContainerStateMachine (ContainerStateMachine.java:loadSnapshot(226)) - group-5B1728CA1C8E: The snapshot info is null. Setting the last applied indexto:(t:0, i:~)
2019-09-19 14:40:02,308 [pool-60-thread-1] INFO  server.RaftServerConfigKeys (ConfUtils.java:logGet(43)) - raft.server.leader.election.timeout = 120s (custom)
2019-09-19 14:40:02,308 [pool-60-thread-1] INFO  server.RaftServerConfigKeys (ConfUtils.java:logGet(43)) - raft.server.log.use.memory = false (default)
2019-09-19 14:40:02,308 [pool-60-thread-1] INFO  server.RaftServerConfigKeys (ConfUtils.java:logGet(43)) - raft.server.log.purge.gap = 1000000 (custom)
2019-09-19 14:40:02,308 [pool-60-thread-1] INFO  server.RaftServerConfigKeys (ConfUtils.java:logGet(43)) - raft.server.log.appender.buffer.byte-limit = 33554432 (custom)
2019-09-19 14:40:02,308 [pool-60-thread-1] INFO  server.RaftServerConfigKeys (ConfUtils.java:logGet(43)) - raft.server.log.segment.size.max = 1048576 (custom)
2019-09-19 14:40:02,308 [pool-60-thread-1] INFO  server.RaftServerConfigKeys (ConfUtils.java:logGet(43)) - raft.server.log.segment.cache.num.max = 2 (custom)
2019-09-19 14:40:02,309 [pool-60-thread-1] INFO  segmented.SegmentedRaftLogWorker (SegmentedRaftLogWorker.java:<init>(172)) - new 7354d665-2a20-43d9-a220-6cd224d5c3fe-SegmentedRaftLogWorker:Storage Directory /workdir/hadoop-ozone/ozonefs/target/test-dir/MiniOzoneClusterImpl-889e9801-d8cd-4d64-ad06-78e1b934daf6/datanode-3/data/ratis/789a3bfa-f197-4578-9a3b-5b1728ca1c8e for RaftStorage:Storage Directory /workdir/hadoop-ozone/ozonefs/target/test-dir/MiniOzoneClusterImpl-889e9801-d8cd-4d64-ad06-78e1b934daf6/datanode-3/data/ratis/789a3bfa-f197-4578-9a3b-5b1728ca1c8e
2019-09-19 14:40:02,309 [pool-60-thread-1] INFO  server.RaftServerConfigKeys (ConfUtils.java:logGet(43)) - raft.server.log.queue.byte-limit = 2147483647 (custom)
2019-09-19 14:40:02,309 [pool-60-thread-1] INFO  server.RaftServerConfigKeys (ConfUtils.java:logGet(43)) - raft.server.log.queue.element-limit = 1024 (custom)
2019-09-19 14:40:02,309 [pool-60-thread-1] INFO  server.RaftServerConfigKeys (ConfUtils.java:logGet(43)) - raft.server.log.segment.size.max = 1048576 (custom)
2019-09-19 14:40:02,309 [pool-60-thread-1] INFO  server.RaftServerConfigKeys (ConfUtils.java:logGet(43)) - raft.server.log.preallocated.size = 16384 (custom)
2019-09-19 14:40:02,309 [pool-60-thread-1] INFO  server.RaftServerConfigKeys (ConfUtils.java:logGet(43)) - raft.server.log.write.buffer.size = 33554432 (custom)
2019-09-19 14:40:02,309 [pool-60-thread-1] INFO  server.RaftServerConfigKeys (ConfUtils.java:logGet(43)) - raft.server.log.force.sync.num = 128 (default)
2019-09-19 14:40:02,310 [pool-60-thread-1] INFO  server.RaftServerConfigKeys (ConfUtils.java:logGet(43)) - raft.server.log.statemachine.data.sync = true (default)
2019-09-19 14:40:02,310 [pool-60-thread-1] INFO  server.RaftServerConfigKeys (ConfUtils.java:logGet(43)) - raft.server.log.statemachine.data.sync.timeout = 10s (default)
2019-09-19 14:40:02,310 [pool-60-thread-1] INFO  server.RaftServerConfigKeys (ConfUtils.java:logGet(43)) - raft.server.log.statemachine.data.sync.timeout.retry = -1 (default)
2019-09-19 14:40:02,310 [pool-60-thread-1] INFO  server.RaftServerConfigKeys (ConfUtils.java:logGet(43)) - raft.server.log.statemachine.data.caching.enabled = true (custom)
2019-09-19 14:40:02,310 [pool-60-thread-1] INFO  segmented.SegmentedRaftLogWorker (SegmentedRaftLogWorker.java:lambda$new$0(132)) - 7354d665-2a20-43d9-a220-6cd224d5c3fe-SegmentedRaftLogWorker:Storage Directory /workdir/hadoop-ozone/ozonefs/target/test-dir/MiniOzoneClusterImpl-889e9801-d8cd-4d64-ad06-78e1b934daf6/datanode-3/data/ratis/789a3bfa-f197-4578-9a3b-5b1728ca1c8e: flushIndex: setUnconditionally 0 -> -1
2019-09-19 14:40:02,311 [pool-60-thread-1] INFO  server.RaftServerConfigKeys (ConfUtils.java:logGet(43)) - raft.server.snapshot.auto.trigger.enabled = true (custom)
2019-09-19 14:40:02,311 [pool-60-thread-1] INFO  server.RaftServerConfigKeys (ConfUtils.java:logGet(43)) - raft.server.snapshot.auto.trigger.threshold = 10000 (custom)
2019-09-19 14:40:02,311 [pool-60-thread-1] INFO  server.RaftServerConfigKeys (ConfUtils.java:logGet(43)) - raft.server.retrycache.expirytime = 600000ms (custom)
2019-09-19 14:40:02,311 [pool-60-thread-1] INFO  impl.RaftServerImpl (RaftServerImpl.java:start(180)) - 7354d665-2a20-43d9-a220-6cd224d5c3fe: start group-5B1728CA1C8E
2019-09-19 14:40:02,311 [pool-60-thread-1] INFO  impl.RaftServerImpl (RaftServerImpl.java:setRole(171)) - 7354d665-2a20-43d9-a220-6cd224d5c3fe:group-5B1728CA1C8E changes role from null to FOLLOWER at term 0 for startAsFollower
2019-09-19 14:40:02,312 [pool-60-thread-1] INFO  impl.RoleInfo (RoleInfo.java:updateAndGet(143)) - 7354d665-2a20-43d9-a220-6cd224d5c3fe: start FollowerState
2019-09-19 14:40:02,312 [pool-60-thread-1] INFO  util.JmxRegister (JmxRegister.java:tryRegister(44)) - Successfully registered JMX Bean with object name Ratis:service=RaftServer,group=group-5B1728CA1C8E,id=7354d665-2a20-43d9-a220-6cd224d5c3fe
2019-09-19 14:40:02,323 [RatisPipelineUtilsThread] INFO  pipeline.PipelineStateManager (PipelineStateManager.java:addPipeline(56)) - Created pipeline Pipeline[ Id: 789a3bfa-f197-4578-9a3b-5b1728ca1c8e, Nodes: 7354d665-2a20-43d9-a220-6cd224d5c3fe{ip: 192.168.5.132, host: pr-hdds-1569-rzdr8-3403194166, networkLocation: /default-rack, certSerialId: null}, Type:RATIS, Factor:ONE, State:OPEN]
2019-09-19 14:40:02,325 [Thread-282] INFO  container.ReplicationManager (ReplicationManager.java:start(151)) - Starting Replication Monitor Thread.
2019-09-19 14:40:02,327 [ReplicationMonitor] INFO  container.ReplicationManager (ReplicationManager.java:run(214)) - Replication Monitor Thread took 1 milliseconds for processing 0 containers.
2019-09-19 14:40:02,336 [grpc-default-executor-1] INFO  impl.RaftServerProxy (RaftServerProxy.java:addNew(89)) - cda53276-4c02-47df-9243-aafa1631e748: addNew group-A0758BB62106:[cda53276-4c02-47df-9243-aafa1631e748:192.168.5.132:44276] returns group-A0758BB62106:java.util.concurrent.CompletableFuture@4e3c647c[Not completed]
2019-09-19 14:40:02,339 [pool-49-thread-1] INFO  impl.RaftServerImpl (RaftServerImpl.java:<init>(93)) - cda53276-4c02-47df-9243-aafa1631e748: new RaftServerImpl for group-A0758BB62106:[cda53276-4c02-47df-9243-aafa1631e748:192.168.5.132:44276] with ContainerStateMachine:uninitialized
2019-09-19 14:40:02,339 [pool-49-thread-1] INFO  server.RaftServerConfigKeys (ConfUtils.java:logGet(43)) - raft.server.rpc.timeout.min = 5s (custom)
2019-09-19 14:40:02,339 [pool-49-thread-1] INFO  server.RaftServerConfigKeys (ConfUtils.java:logGet(43)) - raft.server.rpc.timeout.max = 5200ms (custom)
2019-09-19 14:40:02,340 [pool-49-thread-1] INFO  server.RaftServerConfigKeys (ConfUtils.java:logGet(43)) - raft.server.rpcslowness.timeout = 120s (custom)
2019-09-19 14:40:02,340 [pool-49-thread-1] INFO  server.RaftServerConfigKeys (ConfUtils.java:logGet(43)) - raft.server.sleep.deviation.threshold = 300 (default)
2019-09-19 14:40:02,340 [pool-49-thread-1] INFO  server.RaftServerConfigKeys (ConfUtils.java:logGet(43)) - raft.server.log.appender.install.snapshot.enabled = false (custom)
2019-09-19 14:40:02,340 [pool-49-thread-1] INFO  impl.RaftServerImpl (ServerState.java:<init>(105)) - cda53276-4c02-47df-9243-aafa1631e748:group-A0758BB62106 ConfigurationManager, init=-1: [cda53276-4c02-47df-9243-aafa1631e748:192.168.5.132:44276], old=null, confs=<EMPTY_MAP>
2019-09-19 14:40:02,340 [pool-49-thread-1] INFO  server.RaftServerConfigKeys (ConfUtils.java:logGet(43)) - raft.server.storage.dir = [/workdir/hadoop-ozone/ozonefs/target/test-dir/MiniOzoneClusterImpl-889e9801-d8cd-4d64-ad06-78e1b934daf6/datanode-2/data/ratis] (custom)
2019-09-19 14:40:02,341 [pool-49-thread-1] INFO  storage.RaftStorageDirectory (RaftStorageDirectory.java:analyzeStorage(246)) - The storage directory /workdir/hadoop-ozone/ozonefs/target/test-dir/MiniOzoneClusterImpl-889e9801-d8cd-4d64-ad06-78e1b934daf6/datanode-2/data/ratis/dc6dbd04-84b5-421e-b168-a0758bb62106 does not exist. Creating ...
2019-09-19 14:40:02,353 | INFO  | SCMAudit | user=jenkins1000 | ip=192.168.5.132 | op=SEND_HEARTBEAT {datanodeUUID=7354d665-2a20-43d9-a220-6cd224d5c3fe, command=[]} | ret=SUCCESS |  
2019-09-19 14:40:02,366 [pool-49-thread-1] INFO  storage.RaftStorageDirectory (RaftStorageDirectory.java:tryLock(328)) - Lock on /workdir/hadoop-ozone/ozonefs/target/test-dir/MiniOzoneClusterImpl-889e9801-d8cd-4d64-ad06-78e1b934daf6/datanode-2/data/ratis/dc6dbd04-84b5-421e-b168-a0758bb62106/in_use.lock acquired by nodename 29702@pr-hdds-1569-rzdr8-3403194166
2019-09-19 14:40:02,391 [pool-49-thread-1] INFO  storage.RaftStorage (RaftStorage.java:format(72)) - Storage directory /workdir/hadoop-ozone/ozonefs/target/test-dir/MiniOzoneClusterImpl-889e9801-d8cd-4d64-ad06-78e1b934daf6/datanode-2/data/ratis/dc6dbd04-84b5-421e-b168-a0758bb62106 has been successfully formatted.
2019-09-19 14:40:02,392 [pool-49-thread-1] INFO  ratis.ContainerStateMachine (ContainerStateMachine.java:loadSnapshot(226)) - group-A0758BB62106: The snapshot info is null. Setting the last applied indexto:(t:0, i:~)
2019-09-19 14:40:02,392 [pool-49-thread-1] INFO  server.RaftServerConfigKeys (ConfUtils.java:logGet(43)) - raft.server.leader.election.timeout = 120s (custom)
2019-09-19 14:40:02,392 [pool-49-thread-1] INFO  server.RaftServerConfigKeys (ConfUtils.java:logGet(43)) - raft.server.log.use.memory = false (default)
2019-09-19 14:40:02,392 [pool-49-thread-1] INFO  server.RaftServerConfigKeys (ConfUtils.java:logGet(43)) - raft.server.log.purge.gap = 1000000 (custom)
2019-09-19 14:40:02,392 [pool-49-thread-1] INFO  server.RaftServerConfigKeys (ConfUtils.java:logGet(43)) - raft.server.log.appender.buffer.byte-limit = 33554432 (custom)
2019-09-19 14:40:02,393 [pool-49-thread-1] INFO  server.RaftServerConfigKeys (ConfUtils.java:logGet(43)) - raft.server.log.segment.size.max = 1048576 (custom)
2019-09-19 14:40:02,393 [pool-49-thread-1] INFO  server.RaftServerConfigKeys (ConfUtils.java:logGet(43)) - raft.server.log.segment.cache.num.max = 2 (custom)
2019-09-19 14:40:02,393 [pool-49-thread-1] INFO  segmented.SegmentedRaftLogWorker (SegmentedRaftLogWorker.java:<init>(172)) - new cda53276-4c02-47df-9243-aafa1631e748-SegmentedRaftLogWorker:Storage Directory /workdir/hadoop-ozone/ozonefs/target/test-dir/MiniOzoneClusterImpl-889e9801-d8cd-4d64-ad06-78e1b934daf6/datanode-2/data/ratis/dc6dbd04-84b5-421e-b168-a0758bb62106 for RaftStorage:Storage Directory /workdir/hadoop-ozone/ozonefs/target/test-dir/MiniOzoneClusterImpl-889e9801-d8cd-4d64-ad06-78e1b934daf6/datanode-2/data/ratis/dc6dbd04-84b5-421e-b168-a0758bb62106
2019-09-19 14:40:02,393 [pool-49-thread-1] INFO  server.RaftServerConfigKeys (ConfUtils.java:logGet(43)) - raft.server.log.queue.byte-limit = 2147483647 (custom)
2019-09-19 14:40:02,393 [pool-49-thread-1] INFO  server.RaftServerConfigKeys (ConfUtils.java:logGet(43)) - raft.server.log.queue.element-limit = 1024 (custom)
2019-09-19 14:40:02,394 [pool-49-thread-1] INFO  server.RaftServerConfigKeys (ConfUtils.java:logGet(43)) - raft.server.log.segment.size.max = 1048576 (custom)
2019-09-19 14:40:02,394 [pool-49-thread-1] INFO  server.RaftServerConfigKeys (ConfUtils.java:logGet(43)) - raft.server.log.preallocated.size = 16384 (custom)
2019-09-19 14:40:02,394 [pool-49-thread-1] INFO  server.RaftServerConfigKeys (ConfUtils.java:logGet(43)) - raft.server.log.write.buffer.size = 33554432 (custom)
2019-09-19 14:40:02,394 [pool-49-thread-1] INFO  server.RaftServerConfigKeys (ConfUtils.java:logGet(43)) - raft.server.log.force.sync.num = 128 (default)
2019-09-19 14:40:02,394 [pool-49-thread-1] INFO  server.RaftServerConfigKeys (ConfUtils.java:logGet(43)) - raft.server.log.statemachine.data.sync = true (default)
2019-09-19 14:40:02,394 [pool-49-thread-1] INFO  server.RaftServerConfigKeys (ConfUtils.java:logGet(43)) - raft.server.log.statemachine.data.sync.timeout = 10s (default)
2019-09-19 14:40:02,395 [pool-49-thread-1] INFO  server.RaftServerConfigKeys (ConfUtils.java:logGet(43)) - raft.server.log.statemachine.data.sync.timeout.retry = -1 (default)
2019-09-19 14:40:02,395 [pool-49-thread-1] INFO  server.RaftServerConfigKeys (ConfUtils.java:logGet(43)) - raft.server.log.statemachine.data.caching.enabled = true (custom)
2019-09-19 14:40:02,395 [pool-49-thread-1] INFO  segmented.SegmentedRaftLogWorker (SegmentedRaftLogWorker.java:lambda$new$0(132)) - cda53276-4c02-47df-9243-aafa1631e748-SegmentedRaftLogWorker:Storage Directory /workdir/hadoop-ozone/ozonefs/target/test-dir/MiniOzoneClusterImpl-889e9801-d8cd-4d64-ad06-78e1b934daf6/datanode-2/data/ratis/dc6dbd04-84b5-421e-b168-a0758bb62106: flushIndex: setUnconditionally 0 -> -1
2019-09-19 14:40:02,396 [pool-49-thread-1] INFO  server.RaftServerConfigKeys (ConfUtils.java:logGet(43)) - raft.server.snapshot.auto.trigger.enabled = true (custom)
2019-09-19 14:40:02,396 [pool-49-thread-1] INFO  server.RaftServerConfigKeys (ConfUtils.java:logGet(43)) - raft.server.snapshot.auto.trigger.threshold = 10000 (custom)
2019-09-19 14:40:02,396 [pool-49-thread-1] INFO  server.RaftServerConfigKeys (ConfUtils.java:logGet(43)) - raft.server.retrycache.expirytime = 600000ms (custom)
2019-09-19 14:40:02,396 [pool-49-thread-1] INFO  impl.RaftServerImpl (RaftServerImpl.java:start(180)) - cda53276-4c02-47df-9243-aafa1631e748: start group-A0758BB62106
2019-09-19 14:40:02,396 [pool-49-thread-1] INFO  impl.RaftServerImpl (RaftServerImpl.java:setRole(171)) - cda53276-4c02-47df-9243-aafa1631e748:group-A0758BB62106 changes role from null to FOLLOWER at term 0 for startAsFollower
2019-09-19 14:40:02,397 [pool-49-thread-1] INFO  impl.RoleInfo (RoleInfo.java:updateAndGet(143)) - cda53276-4c02-47df-9243-aafa1631e748: start FollowerState
2019-09-19 14:40:02,397 [pool-49-thread-1] INFO  util.JmxRegister (JmxRegister.java:tryRegister(44)) - Successfully registered JMX Bean with object name Ratis:service=RaftServer,group=group-A0758BB62106,id=cda53276-4c02-47df-9243-aafa1631e748
2019-09-19 14:40:02,410 [RatisPipelineUtilsThread] INFO  pipeline.PipelineStateManager (PipelineStateManager.java:addPipeline(56)) - Created pipeline Pipeline[ Id: dc6dbd04-84b5-421e-b168-a0758bb62106, Nodes: cda53276-4c02-47df-9243-aafa1631e748{ip: 192.168.5.132, host: pr-hdds-1569-rzdr8-3403194166, networkLocation: /default-rack, certSerialId: null}, Type:RATIS, Factor:ONE, State:OPEN]
2019-09-19 14:40:02,423 [grpc-default-executor-1] INFO  impl.RaftServerProxy (RaftServerProxy.java:addNew(89)) - afbae23f-b8a7-4a0f-ac57-bc0dcc025f7c: addNew group-A84DB0A4DA5B:[afbae23f-b8a7-4a0f-ac57-bc0dcc025f7c:192.168.5.132:44695] returns group-A84DB0A4DA5B:java.util.concurrent.CompletableFuture@36d57875[Not completed]
2019-09-19 14:40:02,425 [pool-82-thread-1] INFO  impl.RaftServerImpl (RaftServerImpl.java:<init>(93)) - afbae23f-b8a7-4a0f-ac57-bc0dcc025f7c: new RaftServerImpl for group-A84DB0A4DA5B:[afbae23f-b8a7-4a0f-ac57-bc0dcc025f7c:192.168.5.132:44695] with ContainerStateMachine:uninitialized
2019-09-19 14:40:02,425 [pool-82-thread-1] INFO  server.RaftServerConfigKeys (ConfUtils.java:logGet(43)) - raft.server.rpc.timeout.min = 5s (custom)
2019-09-19 14:40:02,425 [pool-82-thread-1] INFO  server.RaftServerConfigKeys (ConfUtils.java:logGet(43)) - raft.server.rpc.timeout.max = 5200ms (custom)
2019-09-19 14:40:02,425 [pool-82-thread-1] INFO  server.RaftServerConfigKeys (ConfUtils.java:logGet(43)) - raft.server.rpcslowness.timeout = 120s (custom)
2019-09-19 14:40:02,425 [pool-82-thread-1] INFO  server.RaftServerConfigKeys (ConfUtils.java:logGet(43)) - raft.server.sleep.deviation.threshold = 300 (default)
2019-09-19 14:40:02,425 [pool-82-thread-1] INFO  server.RaftServerConfigKeys (ConfUtils.java:logGet(43)) - raft.server.log.appender.install.snapshot.enabled = false (custom)
2019-09-19 14:40:02,425 [pool-82-thread-1] INFO  impl.RaftServerImpl (ServerState.java:<init>(105)) - afbae23f-b8a7-4a0f-ac57-bc0dcc025f7c:group-A84DB0A4DA5B ConfigurationManager, init=-1: [afbae23f-b8a7-4a0f-ac57-bc0dcc025f7c:192.168.5.132:44695], old=null, confs=<EMPTY_MAP>
2019-09-19 14:40:02,425 [pool-82-thread-1] INFO  server.RaftServerConfigKeys (ConfUtils.java:logGet(43)) - raft.server.storage.dir = [/workdir/hadoop-ozone/ozonefs/target/test-dir/MiniOzoneClusterImpl-889e9801-d8cd-4d64-ad06-78e1b934daf6/datanode-5/data/ratis] (custom)
2019-09-19 14:40:02,426 [pool-82-thread-1] INFO  storage.RaftStorageDirectory (RaftStorageDirectory.java:analyzeStorage(246)) - The storage directory /workdir/hadoop-ozone/ozonefs/target/test-dir/MiniOzoneClusterImpl-889e9801-d8cd-4d64-ad06-78e1b934daf6/datanode-5/data/ratis/c4217b44-865e-4e5e-b3e1-a84db0a4da5b does not exist. Creating ...
2019-09-19 14:40:02,450 [pool-82-thread-1] INFO  storage.RaftStorageDirectory (RaftStorageDirectory.java:tryLock(328)) - Lock on /workdir/hadoop-ozone/ozonefs/target/test-dir/MiniOzoneClusterImpl-889e9801-d8cd-4d64-ad06-78e1b934daf6/datanode-5/data/ratis/c4217b44-865e-4e5e-b3e1-a84db0a4da5b/in_use.lock acquired by nodename 29702@pr-hdds-1569-rzdr8-3403194166
2019-09-19 14:40:02,467 [pool-82-thread-1] INFO  storage.RaftStorage (RaftStorage.java:format(72)) - Storage directory /workdir/hadoop-ozone/ozonefs/target/test-dir/MiniOzoneClusterImpl-889e9801-d8cd-4d64-ad06-78e1b934daf6/datanode-5/data/ratis/c4217b44-865e-4e5e-b3e1-a84db0a4da5b has been successfully formatted.
2019-09-19 14:40:02,467 [pool-82-thread-1] INFO  ratis.ContainerStateMachine (ContainerStateMachine.java:loadSnapshot(226)) - group-A84DB0A4DA5B: The snapshot info is null. Setting the last applied indexto:(t:0, i:~)
2019-09-19 14:40:02,467 [pool-82-thread-1] INFO  server.RaftServerConfigKeys (ConfUtils.java:logGet(43)) - raft.server.leader.election.timeout = 120s (custom)
2019-09-19 14:40:02,468 [pool-82-thread-1] INFO  server.RaftServerConfigKeys (ConfUtils.java:logGet(43)) - raft.server.log.use.memory = false (default)
2019-09-19 14:40:02,468 [pool-82-thread-1] INFO  server.RaftServerConfigKeys (ConfUtils.java:logGet(43)) - raft.server.log.purge.gap = 1000000 (custom)
2019-09-19 14:40:02,468 [pool-82-thread-1] INFO  server.RaftServerConfigKeys (ConfUtils.java:logGet(43)) - raft.server.log.appender.buffer.byte-limit = 33554432 (custom)
2019-09-19 14:40:02,468 [pool-82-thread-1] INFO  server.RaftServerConfigKeys (ConfUtils.java:logGet(43)) - raft.server.log.segment.size.max = 1048576 (custom)
2019-09-19 14:40:02,468 [pool-82-thread-1] INFO  server.RaftServerConfigKeys (ConfUtils.java:logGet(43)) - raft.server.log.segment.cache.num.max = 2 (custom)
2019-09-19 14:40:02,468 [pool-82-thread-1] INFO  segmented.SegmentedRaftLogWorker (SegmentedRaftLogWorker.java:<init>(172)) - new afbae23f-b8a7-4a0f-ac57-bc0dcc025f7c-SegmentedRaftLogWorker:Storage Directory /workdir/hadoop-ozone/ozonefs/target/test-dir/MiniOzoneClusterImpl-889e9801-d8cd-4d64-ad06-78e1b934daf6/datanode-5/data/ratis/c4217b44-865e-4e5e-b3e1-a84db0a4da5b for RaftStorage:Storage Directory /workdir/hadoop-ozone/ozonefs/target/test-dir/MiniOzoneClusterImpl-889e9801-d8cd-4d64-ad06-78e1b934daf6/datanode-5/data/ratis/c4217b44-865e-4e5e-b3e1-a84db0a4da5b
2019-09-19 14:40:02,468 [pool-82-thread-1] INFO  server.RaftServerConfigKeys (ConfUtils.java:logGet(43)) - raft.server.log.queue.byte-limit = 2147483647 (custom)
2019-09-19 14:40:02,468 [pool-82-thread-1] INFO  server.RaftServerConfigKeys (ConfUtils.java:logGet(43)) - raft.server.log.queue.element-limit = 1024 (custom)
2019-09-19 14:40:02,469 [pool-82-thread-1] INFO  server.RaftServerConfigKeys (ConfUtils.java:logGet(43)) - raft.server.log.segment.size.max = 1048576 (custom)
2019-09-19 14:40:02,469 [pool-82-thread-1] INFO  server.RaftServerConfigKeys (ConfUtils.java:logGet(43)) - raft.server.log.preallocated.size = 16384 (custom)
2019-09-19 14:40:02,469 [pool-82-thread-1] INFO  server.RaftServerConfigKeys (ConfUtils.java:logGet(43)) - raft.server.log.write.buffer.size = 33554432 (custom)
2019-09-19 14:40:02,469 [pool-82-thread-1] INFO  server.RaftServerConfigKeys (ConfUtils.java:logGet(43)) - raft.server.log.force.sync.num = 128 (default)
2019-09-19 14:40:02,469 [pool-82-thread-1] INFO  server.RaftServerConfigKeys (ConfUtils.java:logGet(43)) - raft.server.log.statemachine.data.sync = true (default)
2019-09-19 14:40:02,469 [pool-82-thread-1] INFO  server.RaftServerConfigKeys (ConfUtils.java:logGet(43)) - raft.server.log.statemachine.data.sync.timeout = 10s (default)
2019-09-19 14:40:02,469 [pool-82-thread-1] INFO  server.RaftServerConfigKeys (ConfUtils.java:logGet(43)) - raft.server.log.statemachine.data.sync.timeout.retry = -1 (default)
2019-09-19 14:40:02,470 [pool-82-thread-1] INFO  server.RaftServerConfigKeys (ConfUtils.java:logGet(43)) - raft.server.log.statemachine.data.caching.enabled = true (custom)
2019-09-19 14:40:02,470 [pool-82-thread-1] INFO  segmented.SegmentedRaftLogWorker (SegmentedRaftLogWorker.java:lambda$new$0(132)) - afbae23f-b8a7-4a0f-ac57-bc0dcc025f7c-SegmentedRaftLogWorker:Storage Directory /workdir/hadoop-ozone/ozonefs/target/test-dir/MiniOzoneClusterImpl-889e9801-d8cd-4d64-ad06-78e1b934daf6/datanode-5/data/ratis/c4217b44-865e-4e5e-b3e1-a84db0a4da5b: flushIndex: setUnconditionally 0 -> -1
2019-09-19 14:40:02,470 [pool-82-thread-1] INFO  server.RaftServerConfigKeys (ConfUtils.java:logGet(43)) - raft.server.snapshot.auto.trigger.enabled = true (custom)
2019-09-19 14:40:02,470 [pool-82-thread-1] INFO  server.RaftServerConfigKeys (ConfUtils.java:logGet(43)) - raft.server.snapshot.auto.trigger.threshold = 10000 (custom)
2019-09-19 14:40:02,470 [pool-82-thread-1] INFO  server.RaftServerConfigKeys (ConfUtils.java:logGet(43)) - raft.server.retrycache.expirytime = 600000ms (custom)
2019-09-19 14:40:02,471 [pool-82-thread-1] INFO  impl.RaftServerImpl (RaftServerImpl.java:start(180)) - afbae23f-b8a7-4a0f-ac57-bc0dcc025f7c: start group-A84DB0A4DA5B
2019-09-19 14:40:02,471 [pool-82-thread-1] INFO  impl.RaftServerImpl (RaftServerImpl.java:setRole(171)) - afbae23f-b8a7-4a0f-ac57-bc0dcc025f7c:group-A84DB0A4DA5B changes role from null to FOLLOWER at term 0 for startAsFollower
2019-09-19 14:40:02,471 [pool-82-thread-1] INFO  impl.RoleInfo (RoleInfo.java:updateAndGet(143)) - afbae23f-b8a7-4a0f-ac57-bc0dcc025f7c: start FollowerState
2019-09-19 14:40:02,471 [pool-82-thread-1] INFO  util.JmxRegister (JmxRegister.java:tryRegister(44)) - Successfully registered JMX Bean with object name Ratis:service=RaftServer,group=group-A84DB0A4DA5B,id=afbae23f-b8a7-4a0f-ac57-bc0dcc025f7c
2019-09-19 14:40:02,486 [RatisPipelineUtilsThread] INFO  pipeline.PipelineStateManager (PipelineStateManager.java:addPipeline(56)) - Created pipeline Pipeline[ Id: c4217b44-865e-4e5e-b3e1-a84db0a4da5b, Nodes: afbae23f-b8a7-4a0f-ac57-bc0dcc025f7c{ip: 192.168.5.132, host: pr-hdds-1569-rzdr8-3403194166, networkLocation: /default-rack, certSerialId: null}, Type:RATIS, Factor:ONE, State:OPEN]
2019-09-19 14:40:02,501 [grpc-default-executor-1] INFO  impl.RaftServerProxy (RaftServerProxy.java:addNew(89)) - c157b6a0-3602-4e04-89f3-2eaad4ae05f6: addNew group-DEB74EE49D73:[c157b6a0-3602-4e04-89f3-2eaad4ae05f6:192.168.5.132:35760] returns group-DEB74EE49D73:java.util.concurrent.CompletableFuture@3c396a65[Not completed]
2019-09-19 14:40:02,502 | INFO  | SCMAudit | user=jenkins1000 | ip=192.168.5.132 | op=SEND_HEARTBEAT {datanodeUUID=6aa361a5-10ee-4e6c-9990-87c23e670156, command=[]} | ret=SUCCESS |  
2019-09-19 14:40:02,504 [pool-38-thread-1] INFO  impl.RaftServerImpl (RaftServerImpl.java:<init>(93)) - c157b6a0-3602-4e04-89f3-2eaad4ae05f6: new RaftServerImpl for group-DEB74EE49D73:[c157b6a0-3602-4e04-89f3-2eaad4ae05f6:192.168.5.132:35760] with ContainerStateMachine:uninitialized
2019-09-19 14:40:02,504 [pool-38-thread-1] INFO  server.RaftServerConfigKeys (ConfUtils.java:logGet(43)) - raft.server.rpc.timeout.min = 5s (custom)
2019-09-19 14:40:02,505 [pool-38-thread-1] INFO  server.RaftServerConfigKeys (ConfUtils.java:logGet(43)) - raft.server.rpc.timeout.max = 5200ms (custom)
2019-09-19 14:40:02,505 [pool-38-thread-1] INFO  server.RaftServerConfigKeys (ConfUtils.java:logGet(43)) - raft.server.rpcslowness.timeout = 120s (custom)
2019-09-19 14:40:02,505 [pool-38-thread-1] INFO  server.RaftServerConfigKeys (ConfUtils.java:logGet(43)) - raft.server.sleep.deviation.threshold = 300 (default)
2019-09-19 14:40:02,505 [pool-38-thread-1] INFO  server.RaftServerConfigKeys (ConfUtils.java:logGet(43)) - raft.server.log.appender.install.snapshot.enabled = false (custom)
2019-09-19 14:40:02,506 [pool-38-thread-1] INFO  impl.RaftServerImpl (ServerState.java:<init>(105)) - c157b6a0-3602-4e04-89f3-2eaad4ae05f6:group-DEB74EE49D73 ConfigurationManager, init=-1: [c157b6a0-3602-4e04-89f3-2eaad4ae05f6:192.168.5.132:35760], old=null, confs=<EMPTY_MAP>
2019-09-19 14:40:02,506 [pool-38-thread-1] INFO  server.RaftServerConfigKeys (ConfUtils.java:logGet(43)) - raft.server.storage.dir = [/workdir/hadoop-ozone/ozonefs/target/test-dir/MiniOzoneClusterImpl-889e9801-d8cd-4d64-ad06-78e1b934daf6/datanode-1/data/ratis] (custom)
2019-09-19 14:40:02,506 [pool-38-thread-1] INFO  storage.RaftStorageDirectory (RaftStorageDirectory.java:analyzeStorage(246)) - The storage directory /workdir/hadoop-ozone/ozonefs/target/test-dir/MiniOzoneClusterImpl-889e9801-d8cd-4d64-ad06-78e1b934daf6/datanode-1/data/ratis/5d7a273f-de7f-4c9e-9dba-deb74ee49d73 does not exist. Creating ...
2019-09-19 14:40:02,534 [pool-38-thread-1] INFO  storage.RaftStorageDirectory (RaftStorageDirectory.java:tryLock(328)) - Lock on /workdir/hadoop-ozone/ozonefs/target/test-dir/MiniOzoneClusterImpl-889e9801-d8cd-4d64-ad06-78e1b934daf6/datanode-1/data/ratis/5d7a273f-de7f-4c9e-9dba-deb74ee49d73/in_use.lock acquired by nodename 29702@pr-hdds-1569-rzdr8-3403194166
2019-09-19 14:40:02,560 [pool-38-thread-1] INFO  storage.RaftStorage (RaftStorage.java:format(72)) - Storage directory /workdir/hadoop-ozone/ozonefs/target/test-dir/MiniOzoneClusterImpl-889e9801-d8cd-4d64-ad06-78e1b934daf6/datanode-1/data/ratis/5d7a273f-de7f-4c9e-9dba-deb74ee49d73 has been successfully formatted.
2019-09-19 14:40:02,560 [pool-38-thread-1] INFO  ratis.ContainerStateMachine (ContainerStateMachine.java:loadSnapshot(226)) - group-DEB74EE49D73: The snapshot info is null. Setting the last applied indexto:(t:0, i:~)
2019-09-19 14:40:02,560 [pool-38-thread-1] INFO  server.RaftServerConfigKeys (ConfUtils.java:logGet(43)) - raft.server.leader.election.timeout = 120s (custom)
2019-09-19 14:40:02,561 [pool-38-thread-1] INFO  server.RaftServerConfigKeys (ConfUtils.java:logGet(43)) - raft.server.log.use.memory = false (default)
2019-09-19 14:40:02,561 [pool-38-thread-1] INFO  server.RaftServerConfigKeys (ConfUtils.java:logGet(43)) - raft.server.log.purge.gap = 1000000 (custom)
2019-09-19 14:40:02,561 [pool-38-thread-1] INFO  server.RaftServerConfigKeys (ConfUtils.java:logGet(43)) - raft.server.log.appender.buffer.byte-limit = 33554432 (custom)
2019-09-19 14:40:02,561 [pool-38-thread-1] INFO  server.RaftServerConfigKeys (ConfUtils.java:logGet(43)) - raft.server.log.segment.size.max = 1048576 (custom)
2019-09-19 14:40:02,561 [pool-38-thread-1] INFO  server.RaftServerConfigKeys (ConfUtils.java:logGet(43)) - raft.server.log.segment.cache.num.max = 2 (custom)
2019-09-19 14:40:02,561 [pool-38-thread-1] INFO  segmented.SegmentedRaftLogWorker (SegmentedRaftLogWorker.java:<init>(172)) - new c157b6a0-3602-4e04-89f3-2eaad4ae05f6-SegmentedRaftLogWorker:Storage Directory /workdir/hadoop-ozone/ozonefs/target/test-dir/MiniOzoneClusterImpl-889e9801-d8cd-4d64-ad06-78e1b934daf6/datanode-1/data/ratis/5d7a273f-de7f-4c9e-9dba-deb74ee49d73 for RaftStorage:Storage Directory /workdir/hadoop-ozone/ozonefs/target/test-dir/MiniOzoneClusterImpl-889e9801-d8cd-4d64-ad06-78e1b934daf6/datanode-1/data/ratis/5d7a273f-de7f-4c9e-9dba-deb74ee49d73
2019-09-19 14:40:02,561 [pool-38-thread-1] INFO  server.RaftServerConfigKeys (ConfUtils.java:logGet(43)) - raft.server.log.queue.byte-limit = 2147483647 (custom)
2019-09-19 14:40:02,562 [pool-38-thread-1] INFO  server.RaftServerConfigKeys (ConfUtils.java:logGet(43)) - raft.server.log.queue.element-limit = 1024 (custom)
2019-09-19 14:40:02,562 [pool-38-thread-1] INFO  server.RaftServerConfigKeys (ConfUtils.java:logGet(43)) - raft.server.log.segment.size.max = 1048576 (custom)
2019-09-19 14:40:02,562 [pool-38-thread-1] INFO  server.RaftServerConfigKeys (ConfUtils.java:logGet(43)) - raft.server.log.preallocated.size = 16384 (custom)
2019-09-19 14:40:02,562 [pool-38-thread-1] INFO  server.RaftServerConfigKeys (ConfUtils.java:logGet(43)) - raft.server.log.write.buffer.size = 33554432 (custom)
2019-09-19 14:40:02,562 [pool-38-thread-1] INFO  server.RaftServerConfigKeys (ConfUtils.java:logGet(43)) - raft.server.log.force.sync.num = 128 (default)
2019-09-19 14:40:02,562 [pool-38-thread-1] INFO  server.RaftServerConfigKeys (ConfUtils.java:logGet(43)) - raft.server.log.statemachine.data.sync = true (default)
2019-09-19 14:40:02,562 [pool-38-thread-1] INFO  server.RaftServerConfigKeys (ConfUtils.java:logGet(43)) - raft.server.log.statemachine.data.sync.timeout = 10s (default)
2019-09-19 14:40:02,563 [pool-38-thread-1] INFO  server.RaftServerConfigKeys (ConfUtils.java:logGet(43)) - raft.server.log.statemachine.data.sync.timeout.retry = -1 (default)
2019-09-19 14:40:02,563 [pool-38-thread-1] INFO  server.RaftServerConfigKeys (ConfUtils.java:logGet(43)) - raft.server.log.statemachine.data.caching.enabled = true (custom)
2019-09-19 14:40:02,563 [pool-38-thread-1] INFO  segmented.SegmentedRaftLogWorker (SegmentedRaftLogWorker.java:lambda$new$0(132)) - c157b6a0-3602-4e04-89f3-2eaad4ae05f6-SegmentedRaftLogWorker:Storage Directory /workdir/hadoop-ozone/ozonefs/target/test-dir/MiniOzoneClusterImpl-889e9801-d8cd-4d64-ad06-78e1b934daf6/datanode-1/data/ratis/5d7a273f-de7f-4c9e-9dba-deb74ee49d73: flushIndex: setUnconditionally 0 -> -1
2019-09-19 14:40:02,563 [pool-38-thread-1] INFO  server.RaftServerConfigKeys (ConfUtils.java:logGet(43)) - raft.server.snapshot.auto.trigger.enabled = true (custom)
2019-09-19 14:40:02,564 [pool-38-thread-1] INFO  server.RaftServerConfigKeys (ConfUtils.java:logGet(43)) - raft.server.snapshot.auto.trigger.threshold = 10000 (custom)
2019-09-19 14:40:02,564 [pool-38-thread-1] INFO  server.RaftServerConfigKeys (ConfUtils.java:logGet(43)) - raft.server.retrycache.expirytime = 600000ms (custom)
2019-09-19 14:40:02,564 [pool-38-thread-1] INFO  impl.RaftServerImpl (RaftServerImpl.java:start(180)) - c157b6a0-3602-4e04-89f3-2eaad4ae05f6: start group-DEB74EE49D73
2019-09-19 14:40:02,564 [pool-38-thread-1] INFO  impl.RaftServerImpl (RaftServerImpl.java:setRole(171)) - c157b6a0-3602-4e04-89f3-2eaad4ae05f6:group-DEB74EE49D73 changes role from null to FOLLOWER at term 0 for startAsFollower
2019-09-19 14:40:02,564 [pool-38-thread-1] INFO  impl.RoleInfo (RoleInfo.java:updateAndGet(143)) - c157b6a0-3602-4e04-89f3-2eaad4ae05f6: start FollowerState
2019-09-19 14:40:02,568 [pool-38-thread-1] INFO  util.JmxRegister (JmxRegister.java:tryRegister(44)) - Successfully registered JMX Bean with object name Ratis:service=RaftServer,group=group-DEB74EE49D73,id=c157b6a0-3602-4e04-89f3-2eaad4ae05f6
2019-09-19 14:40:02,568 | INFO  | SCMAudit | user=jenkins1000 | ip=192.168.5.132 | op=SEND_HEARTBEAT {datanodeUUID=c157b6a0-3602-4e04-89f3-2eaad4ae05f6, command=[]} | ret=SUCCESS |  
2019-09-19 14:40:02,575 [RatisPipelineUtilsThread] INFO  pipeline.PipelineStateManager (PipelineStateManager.java:addPipeline(56)) - Created pipeline Pipeline[ Id: 5d7a273f-de7f-4c9e-9dba-deb74ee49d73, Nodes: c157b6a0-3602-4e04-89f3-2eaad4ae05f6{ip: 192.168.5.132, host: pr-hdds-1569-rzdr8-3403194166, networkLocation: /default-rack, certSerialId: null}, Type:RATIS, Factor:ONE, State:OPEN]
2019-09-19 14:40:02,590 [grpc-default-executor-1] INFO  impl.RaftServerProxy (RaftServerProxy.java:addNew(89)) - f70b6c3b-be29-4a26-a238-fb2d839120cd: addNew group-D99506144EB3:[f70b6c3b-be29-4a26-a238-fb2d839120cd:192.168.5.132:34965] returns group-D99506144EB3:java.util.concurrent.CompletableFuture@1a933ab1[Not completed]
2019-09-19 14:40:02,592 [pool-27-thread-1] INFO  impl.RaftServerImpl (RaftServerImpl.java:<init>(93)) - f70b6c3b-be29-4a26-a238-fb2d839120cd: new RaftServerImpl for group-D99506144EB3:[f70b6c3b-be29-4a26-a238-fb2d839120cd:192.168.5.132:34965] with ContainerStateMachine:uninitialized
2019-09-19 14:40:02,592 [pool-27-thread-1] INFO  server.RaftServerConfigKeys (ConfUtils.java:logGet(43)) - raft.server.rpc.timeout.min = 5s (custom)
2019-09-19 14:40:02,592 [pool-27-thread-1] INFO  server.RaftServerConfigKeys (ConfUtils.java:logGet(43)) - raft.server.rpc.timeout.max = 5200ms (custom)
2019-09-19 14:40:02,592 [pool-27-thread-1] INFO  server.RaftServerConfigKeys (ConfUtils.java:logGet(43)) - raft.server.rpcslowness.timeout = 120s (custom)
2019-09-19 14:40:02,592 [pool-27-thread-1] INFO  server.RaftServerConfigKeys (ConfUtils.java:logGet(43)) - raft.server.sleep.deviation.threshold = 300 (default)
2019-09-19 14:40:02,592 [pool-27-thread-1] INFO  server.RaftServerConfigKeys (ConfUtils.java:logGet(43)) - raft.server.log.appender.install.snapshot.enabled = false (custom)
2019-09-19 14:40:02,593 [pool-27-thread-1] INFO  impl.RaftServerImpl (ServerState.java:<init>(105)) - f70b6c3b-be29-4a26-a238-fb2d839120cd:group-D99506144EB3 ConfigurationManager, init=-1: [f70b6c3b-be29-4a26-a238-fb2d839120cd:192.168.5.132:34965], old=null, confs=<EMPTY_MAP>
2019-09-19 14:40:02,593 [pool-27-thread-1] INFO  server.RaftServerConfigKeys (ConfUtils.java:logGet(43)) - raft.server.storage.dir = [/workdir/hadoop-ozone/ozonefs/target/test-dir/MiniOzoneClusterImpl-889e9801-d8cd-4d64-ad06-78e1b934daf6/datanode-0/data/ratis] (custom)
2019-09-19 14:40:02,593 [pool-27-thread-1] INFO  storage.RaftStorageDirectory (RaftStorageDirectory.java:analyzeStorage(246)) - The storage directory /workdir/hadoop-ozone/ozonefs/target/test-dir/MiniOzoneClusterImpl-889e9801-d8cd-4d64-ad06-78e1b934daf6/datanode-0/data/ratis/c60be1e8-64dc-4de1-98c7-d99506144eb3 does not exist. Creating ...
2019-09-19 14:40:02,618 [pool-27-thread-1] INFO  storage.RaftStorageDirectory (RaftStorageDirectory.java:tryLock(328)) - Lock on /workdir/hadoop-ozone/ozonefs/target/test-dir/MiniOzoneClusterImpl-889e9801-d8cd-4d64-ad06-78e1b934daf6/datanode-0/data/ratis/c60be1e8-64dc-4de1-98c7-d99506144eb3/in_use.lock acquired by nodename 29702@pr-hdds-1569-rzdr8-3403194166
2019-09-19 14:40:02,644 [pool-27-thread-1] INFO  storage.RaftStorage (RaftStorage.java:format(72)) - Storage directory /workdir/hadoop-ozone/ozonefs/target/test-dir/MiniOzoneClusterImpl-889e9801-d8cd-4d64-ad06-78e1b934daf6/datanode-0/data/ratis/c60be1e8-64dc-4de1-98c7-d99506144eb3 has been successfully formatted.
2019-09-19 14:40:02,644 [pool-27-thread-1] INFO  ratis.ContainerStateMachine (ContainerStateMachine.java:loadSnapshot(226)) - group-D99506144EB3: The snapshot info is null. Setting the last applied indexto:(t:0, i:~)
2019-09-19 14:40:02,644 [pool-27-thread-1] INFO  server.RaftServerConfigKeys (ConfUtils.java:logGet(43)) - raft.server.leader.election.timeout = 120s (custom)
2019-09-19 14:40:02,644 [pool-27-thread-1] INFO  server.RaftServerConfigKeys (ConfUtils.java:logGet(43)) - raft.server.log.use.memory = false (default)
2019-09-19 14:40:02,645 [pool-27-thread-1] INFO  server.RaftServerConfigKeys (ConfUtils.java:logGet(43)) - raft.server.log.purge.gap = 1000000 (custom)
2019-09-19 14:40:02,645 [pool-27-thread-1] INFO  server.RaftServerConfigKeys (ConfUtils.java:logGet(43)) - raft.server.log.appender.buffer.byte-limit = 33554432 (custom)
2019-09-19 14:40:02,645 [pool-27-thread-1] INFO  server.RaftServerConfigKeys (ConfUtils.java:logGet(43)) - raft.server.log.segment.size.max = 1048576 (custom)
2019-09-19 14:40:02,645 [pool-27-thread-1] INFO  server.RaftServerConfigKeys (ConfUtils.java:logGet(43)) - raft.server.log.segment.cache.num.max = 2 (custom)
2019-09-19 14:40:02,645 [pool-27-thread-1] INFO  segmented.SegmentedRaftLogWorker (SegmentedRaftLogWorker.java:<init>(172)) - new f70b6c3b-be29-4a26-a238-fb2d839120cd-SegmentedRaftLogWorker:Storage Directory /workdir/hadoop-ozone/ozonefs/target/test-dir/MiniOzoneClusterImpl-889e9801-d8cd-4d64-ad06-78e1b934daf6/datanode-0/data/ratis/c60be1e8-64dc-4de1-98c7-d99506144eb3 for RaftStorage:Storage Directory /workdir/hadoop-ozone/ozonefs/target/test-dir/MiniOzoneClusterImpl-889e9801-d8cd-4d64-ad06-78e1b934daf6/datanode-0/data/ratis/c60be1e8-64dc-4de1-98c7-d99506144eb3
2019-09-19 14:40:02,646 [pool-27-thread-1] INFO  server.RaftServerConfigKeys (ConfUtils.java:logGet(43)) - raft.server.log.queue.byte-limit = 2147483647 (custom)
2019-09-19 14:40:02,646 [pool-27-thread-1] INFO  server.RaftServerConfigKeys (ConfUtils.java:logGet(43)) - raft.server.log.queue.element-limit = 1024 (custom)
2019-09-19 14:40:02,646 [pool-27-thread-1] INFO  server.RaftServerConfigKeys (ConfUtils.java:logGet(43)) - raft.server.log.segment.size.max = 1048576 (custom)
2019-09-19 14:40:02,646 [pool-27-thread-1] INFO  server.RaftServerConfigKeys (ConfUtils.java:logGet(43)) - raft.server.log.preallocated.size = 16384 (custom)
2019-09-19 14:40:02,646 [pool-27-thread-1] INFO  server.RaftServerConfigKeys (ConfUtils.java:logGet(43)) - raft.server.log.write.buffer.size = 33554432 (custom)
2019-09-19 14:40:02,647 [pool-27-thread-1] INFO  server.RaftServerConfigKeys (ConfUtils.java:logGet(43)) - raft.server.log.force.sync.num = 128 (default)
2019-09-19 14:40:02,647 [pool-27-thread-1] INFO  server.RaftServerConfigKeys (ConfUtils.java:logGet(43)) - raft.server.log.statemachine.data.sync = true (default)
2019-09-19 14:40:02,647 [pool-27-thread-1] INFO  server.RaftServerConfigKeys (ConfUtils.java:logGet(43)) - raft.server.log.statemachine.data.sync.timeout = 10s (default)
2019-09-19 14:40:02,647 [pool-27-thread-1] INFO  server.RaftServerConfigKeys (ConfUtils.java:logGet(43)) - raft.server.log.statemachine.data.sync.timeout.retry = -1 (default)
2019-09-19 14:40:02,648 [pool-27-thread-1] INFO  server.RaftServerConfigKeys (ConfUtils.java:logGet(43)) - raft.server.log.statemachine.data.caching.enabled = true (custom)
2019-09-19 14:40:02,648 [pool-27-thread-1] INFO  segmented.SegmentedRaftLogWorker (SegmentedRaftLogWorker.java:lambda$new$0(132)) - f70b6c3b-be29-4a26-a238-fb2d839120cd-SegmentedRaftLogWorker:Storage Directory /workdir/hadoop-ozone/ozonefs/target/test-dir/MiniOzoneClusterImpl-889e9801-d8cd-4d64-ad06-78e1b934daf6/datanode-0/data/ratis/c60be1e8-64dc-4de1-98c7-d99506144eb3: flushIndex: setUnconditionally 0 -> -1
2019-09-19 14:40:02,648 [pool-27-thread-1] INFO  server.RaftServerConfigKeys (ConfUtils.java:logGet(43)) - raft.server.snapshot.auto.trigger.enabled = true (custom)
2019-09-19 14:40:02,649 [pool-27-thread-1] INFO  server.RaftServerConfigKeys (ConfUtils.java:logGet(43)) - raft.server.snapshot.auto.trigger.threshold = 10000 (custom)
2019-09-19 14:40:02,649 [pool-27-thread-1] INFO  server.RaftServerConfigKeys (ConfUtils.java:logGet(43)) - raft.server.retrycache.expirytime = 600000ms (custom)
2019-09-19 14:40:02,649 [pool-27-thread-1] INFO  impl.RaftServerImpl (RaftServerImpl.java:start(180)) - f70b6c3b-be29-4a26-a238-fb2d839120cd: start group-D99506144EB3
2019-09-19 14:40:02,649 [pool-27-thread-1] INFO  impl.RaftServerImpl (RaftServerImpl.java:setRole(171)) - f70b6c3b-be29-4a26-a238-fb2d839120cd:group-D99506144EB3 changes role from null to FOLLOWER at term 0 for startAsFollower
2019-09-19 14:40:02,650 [pool-27-thread-1] INFO  impl.RoleInfo (RoleInfo.java:updateAndGet(143)) - f70b6c3b-be29-4a26-a238-fb2d839120cd: start FollowerState
2019-09-19 14:40:02,650 [pool-27-thread-1] INFO  util.JmxRegister (JmxRegister.java:tryRegister(44)) - Successfully registered JMX Bean with object name Ratis:service=RaftServer,group=group-D99506144EB3,id=f70b6c3b-be29-4a26-a238-fb2d839120cd
2019-09-19 14:40:02,657 [RatisPipelineUtilsThread] INFO  pipeline.PipelineStateManager (PipelineStateManager.java:addPipeline(56)) - Created pipeline Pipeline[ Id: c60be1e8-64dc-4de1-98c7-d99506144eb3, Nodes: f70b6c3b-be29-4a26-a238-fb2d839120cd{ip: 192.168.5.132, host: pr-hdds-1569-rzdr8-3403194166, networkLocation: /default-rack, certSerialId: null}, Type:RATIS, Factor:ONE, State:OPEN]
2019-09-19 14:40:02,669 [grpc-default-executor-1] INFO  impl.RaftServerProxy (RaftServerProxy.java:addNew(89)) - 6aa361a5-10ee-4e6c-9990-87c23e670156: addNew group-65F484EB8CB3:[6aa361a5-10ee-4e6c-9990-87c23e670156:192.168.5.132:41011] returns group-65F484EB8CB3:java.util.concurrent.CompletableFuture@59509170[Not completed]
2019-09-19 14:40:02,672 [pool-71-thread-1] INFO  impl.RaftServerImpl (RaftServerImpl.java:<init>(93)) - 6aa361a5-10ee-4e6c-9990-87c23e670156: new RaftServerImpl for group-65F484EB8CB3:[6aa361a5-10ee-4e6c-9990-87c23e670156:192.168.5.132:41011] with ContainerStateMachine:uninitialized
2019-09-19 14:40:02,672 [pool-71-thread-1] INFO  server.RaftServerConfigKeys (ConfUtils.java:logGet(43)) - raft.server.rpc.timeout.min = 5s (custom)
2019-09-19 14:40:02,672 [pool-71-thread-1] INFO  server.RaftServerConfigKeys (ConfUtils.java:logGet(43)) - raft.server.rpc.timeout.max = 5200ms (custom)
2019-09-19 14:40:02,672 [pool-71-thread-1] INFO  server.RaftServerConfigKeys (ConfUtils.java:logGet(43)) - raft.server.rpcslowness.timeout = 120s (custom)
2019-09-19 14:40:02,672 [pool-71-thread-1] INFO  server.RaftServerConfigKeys (ConfUtils.java:logGet(43)) - raft.server.sleep.deviation.threshold = 300 (default)
2019-09-19 14:40:02,672 [pool-71-thread-1] INFO  server.RaftServerConfigKeys (ConfUtils.java:logGet(43)) - raft.server.log.appender.install.snapshot.enabled = false (custom)
2019-09-19 14:40:02,673 [pool-71-thread-1] INFO  impl.RaftServerImpl (ServerState.java:<init>(105)) - 6aa361a5-10ee-4e6c-9990-87c23e670156:group-65F484EB8CB3 ConfigurationManager, init=-1: [6aa361a5-10ee-4e6c-9990-87c23e670156:192.168.5.132:41011], old=null, confs=<EMPTY_MAP>
2019-09-19 14:40:02,673 [pool-71-thread-1] INFO  server.RaftServerConfigKeys (ConfUtils.java:logGet(43)) - raft.server.storage.dir = [/workdir/hadoop-ozone/ozonefs/target/test-dir/MiniOzoneClusterImpl-889e9801-d8cd-4d64-ad06-78e1b934daf6/datanode-4/data/ratis] (custom)
2019-09-19 14:40:02,673 [pool-71-thread-1] INFO  storage.RaftStorageDirectory (RaftStorageDirectory.java:analyzeStorage(246)) - The storage directory /workdir/hadoop-ozone/ozonefs/target/test-dir/MiniOzoneClusterImpl-889e9801-d8cd-4d64-ad06-78e1b934daf6/datanode-4/data/ratis/b5ab0068-039d-419e-8829-65f484eb8cb3 does not exist. Creating ...
2019-09-19 14:40:02,683 [main] INFO  ozone.MiniOzoneClusterImpl (MiniOzoneClusterImpl.java:lambda$waitForClusterToBeReady$0(142)) - Cluster is ready. Got 10 of 10 DN Heartbeats.
2019-09-19 14:40:02,702 [pool-71-thread-1] INFO  storage.RaftStorageDirectory (RaftStorageDirectory.java:tryLock(328)) - Lock on /workdir/hadoop-ozone/ozonefs/target/test-dir/MiniOzoneClusterImpl-889e9801-d8cd-4d64-ad06-78e1b934daf6/datanode-4/data/ratis/b5ab0068-039d-419e-8829-65f484eb8cb3/in_use.lock acquired by nodename 29702@pr-hdds-1569-rzdr8-3403194166
2019-09-19 14:40:02,734 | INFO  | SCMAudit | user=jenkins1000 | ip=192.168.5.132 | op=SEND_HEARTBEAT {datanodeUUID=afbae23f-b8a7-4a0f-ac57-bc0dcc025f7c, command=[]} | ret=SUCCESS |  
2019-09-19 14:40:02,736 [pool-71-thread-1] INFO  storage.RaftStorage (RaftStorage.java:format(72)) - Storage directory /workdir/hadoop-ozone/ozonefs/target/test-dir/MiniOzoneClusterImpl-889e9801-d8cd-4d64-ad06-78e1b934daf6/datanode-4/data/ratis/b5ab0068-039d-419e-8829-65f484eb8cb3 has been successfully formatted.
2019-09-19 14:40:02,737 [pool-71-thread-1] INFO  ratis.ContainerStateMachine (ContainerStateMachine.java:loadSnapshot(226)) - group-65F484EB8CB3: The snapshot info is null. Setting the last applied indexto:(t:0, i:~)
2019-09-19 14:40:02,737 [pool-71-thread-1] INFO  server.RaftServerConfigKeys (ConfUtils.java:logGet(43)) - raft.server.leader.election.timeout = 120s (custom)
2019-09-19 14:40:02,737 [pool-71-thread-1] INFO  server.RaftServerConfigKeys (ConfUtils.java:logGet(43)) - raft.server.log.use.memory = false (default)
2019-09-19 14:40:02,737 [pool-71-thread-1] INFO  server.RaftServerConfigKeys (ConfUtils.java:logGet(43)) - raft.server.log.purge.gap = 1000000 (custom)
2019-09-19 14:40:02,737 [pool-71-thread-1] INFO  server.RaftServerConfigKeys (ConfUtils.java:logGet(43)) - raft.server.log.appender.buffer.byte-limit = 33554432 (custom)
2019-09-19 14:40:02,738 [pool-71-thread-1] INFO  server.RaftServerConfigKeys (ConfUtils.java:logGet(43)) - raft.server.log.segment.size.max = 1048576 (custom)
2019-09-19 14:40:02,738 [pool-71-thread-1] INFO  server.RaftServerConfigKeys (ConfUtils.java:logGet(43)) - raft.server.log.segment.cache.num.max = 2 (custom)
2019-09-19 14:40:02,738 [pool-71-thread-1] INFO  segmented.SegmentedRaftLogWorker (SegmentedRaftLogWorker.java:<init>(172)) - new 6aa361a5-10ee-4e6c-9990-87c23e670156-SegmentedRaftLogWorker:Storage Directory /workdir/hadoop-ozone/ozonefs/target/test-dir/MiniOzoneClusterImpl-889e9801-d8cd-4d64-ad06-78e1b934daf6/datanode-4/data/ratis/b5ab0068-039d-419e-8829-65f484eb8cb3 for RaftStorage:Storage Directory /workdir/hadoop-ozone/ozonefs/target/test-dir/MiniOzoneClusterImpl-889e9801-d8cd-4d64-ad06-78e1b934daf6/datanode-4/data/ratis/b5ab0068-039d-419e-8829-65f484eb8cb3
2019-09-19 14:40:02,738 [pool-71-thread-1] INFO  server.RaftServerConfigKeys (ConfUtils.java:logGet(43)) - raft.server.log.queue.byte-limit = 2147483647 (custom)
2019-09-19 14:40:02,738 [pool-71-thread-1] INFO  server.RaftServerConfigKeys (ConfUtils.java:logGet(43)) - raft.server.log.queue.element-limit = 1024 (custom)
2019-09-19 14:40:02,738 [pool-71-thread-1] INFO  server.RaftServerConfigKeys (ConfUtils.java:logGet(43)) - raft.server.log.segment.size.max = 1048576 (custom)
2019-09-19 14:40:02,738 [pool-71-thread-1] INFO  server.RaftServerConfigKeys (ConfUtils.java:logGet(43)) - raft.server.log.preallocated.size = 16384 (custom)
2019-09-19 14:40:02,738 [pool-71-thread-1] INFO  server.RaftServerConfigKeys (ConfUtils.java:logGet(43)) - raft.server.log.write.buffer.size = 33554432 (custom)
2019-09-19 14:40:02,739 [pool-71-thread-1] INFO  server.RaftServerConfigKeys (ConfUtils.java:logGet(43)) - raft.server.log.force.sync.num = 128 (default)
2019-09-19 14:40:02,739 [pool-71-thread-1] INFO  server.RaftServerConfigKeys (ConfUtils.java:logGet(43)) - raft.server.log.statemachine.data.sync = true (default)
2019-09-19 14:40:02,739 [pool-71-thread-1] INFO  server.RaftServerConfigKeys (ConfUtils.java:logGet(43)) - raft.server.log.statemachine.data.sync.timeout = 10s (default)
2019-09-19 14:40:02,739 [pool-71-thread-1] INFO  server.RaftServerConfigKeys (ConfUtils.java:logGet(43)) - raft.server.log.statemachine.data.sync.timeout.retry = -1 (default)
2019-09-19 14:40:02,739 [pool-71-thread-1] INFO  server.RaftServerConfigKeys (ConfUtils.java:logGet(43)) - raft.server.log.statemachine.data.caching.enabled = true (custom)
2019-09-19 14:40:02,739 [pool-71-thread-1] INFO  segmented.SegmentedRaftLogWorker (SegmentedRaftLogWorker.java:lambda$new$0(132)) - 6aa361a5-10ee-4e6c-9990-87c23e670156-SegmentedRaftLogWorker:Storage Directory /workdir/hadoop-ozone/ozonefs/target/test-dir/MiniOzoneClusterImpl-889e9801-d8cd-4d64-ad06-78e1b934daf6/datanode-4/data/ratis/b5ab0068-039d-419e-8829-65f484eb8cb3: flushIndex: setUnconditionally 0 -> -1
2019-09-19 14:40:02,740 [pool-71-thread-1] INFO  server.RaftServerConfigKeys (ConfUtils.java:logGet(43)) - raft.server.snapshot.auto.trigger.enabled = true (custom)
2019-09-19 14:40:02,740 [pool-71-thread-1] INFO  server.RaftServerConfigKeys (ConfUtils.java:logGet(43)) - raft.server.snapshot.auto.trigger.threshold = 10000 (custom)
2019-09-19 14:40:02,740 [pool-71-thread-1] INFO  server.RaftServerConfigKeys (ConfUtils.java:logGet(43)) - raft.server.retrycache.expirytime = 600000ms (custom)
2019-09-19 14:40:02,740 [pool-71-thread-1] INFO  impl.RaftServerImpl (RaftServerImpl.java:start(180)) - 6aa361a5-10ee-4e6c-9990-87c23e670156: start group-65F484EB8CB3
2019-09-19 14:40:02,740 [pool-71-thread-1] INFO  impl.RaftServerImpl (RaftServerImpl.java:setRole(171)) - 6aa361a5-10ee-4e6c-9990-87c23e670156:group-65F484EB8CB3 changes role from null to FOLLOWER at term 0 for startAsFollower
2019-09-19 14:40:02,741 [pool-71-thread-1] INFO  impl.RoleInfo (RoleInfo.java:updateAndGet(143)) - 6aa361a5-10ee-4e6c-9990-87c23e670156: start FollowerState
2019-09-19 14:40:02,741 [pool-71-thread-1] INFO  util.JmxRegister (JmxRegister.java:tryRegister(44)) - Successfully registered JMX Bean with object name Ratis:service=RaftServer,group=group-65F484EB8CB3,id=6aa361a5-10ee-4e6c-9990-87c23e670156
2019-09-19 14:40:02,748 [RatisPipelineUtilsThread] INFO  pipeline.PipelineStateManager (PipelineStateManager.java:addPipeline(56)) - Created pipeline Pipeline[ Id: b5ab0068-039d-419e-8829-65f484eb8cb3, Nodes: 6aa361a5-10ee-4e6c-9990-87c23e670156{ip: 192.168.5.132, host: pr-hdds-1569-rzdr8-3403194166, networkLocation: /default-rack, certSerialId: null}, Type:RATIS, Factor:ONE, State:OPEN]
2019-09-19 14:40:02,762 [grpc-default-executor-1] INFO  impl.RaftServerProxy (RaftServerProxy.java:addNew(89)) - cda53276-4c02-47df-9243-aafa1631e748: addNew group-CA575C7249A7:[cda53276-4c02-47df-9243-aafa1631e748:192.168.5.132:44276] returns group-CA575C7249A7:java.util.concurrent.CompletableFuture@477fb6ce[Not completed]
2019-09-19 14:40:02,765 [pool-49-thread-1] INFO  impl.RaftServerImpl (RaftServerImpl.java:<init>(93)) - cda53276-4c02-47df-9243-aafa1631e748: new RaftServerImpl for group-CA575C7249A7:[cda53276-4c02-47df-9243-aafa1631e748:192.168.5.132:44276] with ContainerStateMachine:uninitialized
2019-09-19 14:40:02,765 [pool-49-thread-1] INFO  server.RaftServerConfigKeys (ConfUtils.java:logGet(43)) - raft.server.rpc.timeout.min = 5s (custom)
2019-09-19 14:40:02,765 [pool-49-thread-1] INFO  server.RaftServerConfigKeys (ConfUtils.java:logGet(43)) - raft.server.rpc.timeout.max = 5200ms (custom)
2019-09-19 14:40:02,765 [pool-49-thread-1] INFO  server.RaftServerConfigKeys (ConfUtils.java:logGet(43)) - raft.server.rpcslowness.timeout = 120s (custom)
2019-09-19 14:40:02,766 [pool-49-thread-1] INFO  server.RaftServerConfigKeys (ConfUtils.java:logGet(43)) - raft.server.sleep.deviation.threshold = 300 (default)
2019-09-19 14:40:02,766 [pool-49-thread-1] INFO  server.RaftServerConfigKeys (ConfUtils.java:logGet(43)) - raft.server.log.appender.install.snapshot.enabled = false (custom)
2019-09-19 14:40:02,766 [pool-49-thread-1] INFO  impl.RaftServerImpl (ServerState.java:<init>(105)) - cda53276-4c02-47df-9243-aafa1631e748:group-CA575C7249A7 ConfigurationManager, init=-1: [cda53276-4c02-47df-9243-aafa1631e748:192.168.5.132:44276], old=null, confs=<EMPTY_MAP>
2019-09-19 14:40:02,766 [pool-49-thread-1] INFO  server.RaftServerConfigKeys (ConfUtils.java:logGet(43)) - raft.server.storage.dir = [/workdir/hadoop-ozone/ozonefs/target/test-dir/MiniOzoneClusterImpl-889e9801-d8cd-4d64-ad06-78e1b934daf6/datanode-2/data/ratis] (custom)
2019-09-19 14:40:02,767 [pool-49-thread-1] INFO  storage.RaftStorageDirectory (RaftStorageDirectory.java:analyzeStorage(246)) - The storage directory /workdir/hadoop-ozone/ozonefs/target/test-dir/MiniOzoneClusterImpl-889e9801-d8cd-4d64-ad06-78e1b934daf6/datanode-2/data/ratis/db2e3ba5-57f1-4562-a5ab-ca575c7249a7 does not exist. Creating ...
2019-09-19 14:40:02,796 [pool-49-thread-1] INFO  storage.RaftStorageDirectory (RaftStorageDirectory.java:tryLock(328)) - Lock on /workdir/hadoop-ozone/ozonefs/target/test-dir/MiniOzoneClusterImpl-889e9801-d8cd-4d64-ad06-78e1b934daf6/datanode-2/data/ratis/db2e3ba5-57f1-4562-a5ab-ca575c7249a7/in_use.lock acquired by nodename 29702@pr-hdds-1569-rzdr8-3403194166
2019-09-19 14:40:02,813 [pool-49-thread-1] INFO  storage.RaftStorage (RaftStorage.java:format(72)) - Storage directory /workdir/hadoop-ozone/ozonefs/target/test-dir/MiniOzoneClusterImpl-889e9801-d8cd-4d64-ad06-78e1b934daf6/datanode-2/data/ratis/db2e3ba5-57f1-4562-a5ab-ca575c7249a7 has been successfully formatted.
2019-09-19 14:40:02,813 [pool-49-thread-1] INFO  ratis.ContainerStateMachine (ContainerStateMachine.java:loadSnapshot(226)) - group-CA575C7249A7: The snapshot info is null. Setting the last applied indexto:(t:0, i:~)
2019-09-19 14:40:02,814 [pool-49-thread-1] INFO  server.RaftServerConfigKeys (ConfUtils.java:logGet(43)) - raft.server.leader.election.timeout = 120s (custom)
2019-09-19 14:40:02,814 [pool-49-thread-1] INFO  server.RaftServerConfigKeys (ConfUtils.java:logGet(43)) - raft.server.log.use.memory = false (default)
2019-09-19 14:40:02,814 [pool-49-thread-1] INFO  server.RaftServerConfigKeys (ConfUtils.java:logGet(43)) - raft.server.log.purge.gap = 1000000 (custom)
2019-09-19 14:40:02,814 [pool-49-thread-1] INFO  server.RaftServerConfigKeys (ConfUtils.java:logGet(43)) - raft.server.log.appender.buffer.byte-limit = 33554432 (custom)
2019-09-19 14:40:02,814 [pool-49-thread-1] INFO  server.RaftServerConfigKeys (ConfUtils.java:logGet(43)) - raft.server.log.segment.size.max = 1048576 (custom)
2019-09-19 14:40:02,814 [pool-49-thread-1] INFO  server.RaftServerConfigKeys (ConfUtils.java:logGet(43)) - raft.server.log.segment.cache.num.max = 2 (custom)
2019-09-19 14:40:02,814 [pool-49-thread-1] INFO  segmented.SegmentedRaftLogWorker (SegmentedRaftLogWorker.java:<init>(172)) - new cda53276-4c02-47df-9243-aafa1631e748-SegmentedRaftLogWorker:Storage Directory /workdir/hadoop-ozone/ozonefs/target/test-dir/MiniOzoneClusterImpl-889e9801-d8cd-4d64-ad06-78e1b934daf6/datanode-2/data/ratis/db2e3ba5-57f1-4562-a5ab-ca575c7249a7 for RaftStorage:Storage Directory /workdir/hadoop-ozone/ozonefs/target/test-dir/MiniOzoneClusterImpl-889e9801-d8cd-4d64-ad06-78e1b934daf6/datanode-2/data/ratis/db2e3ba5-57f1-4562-a5ab-ca575c7249a7
2019-09-19 14:40:02,815 [pool-49-thread-1] INFO  server.RaftServerConfigKeys (ConfUtils.java:logGet(43)) - raft.server.log.queue.byte-limit = 2147483647 (custom)
2019-09-19 14:40:02,815 [pool-49-thread-1] INFO  server.RaftServerConfigKeys (ConfUtils.java:logGet(43)) - raft.server.log.queue.element-limit = 1024 (custom)
2019-09-19 14:40:02,815 [pool-49-thread-1] INFO  server.RaftServerConfigKeys (ConfUtils.java:logGet(43)) - raft.server.log.segment.size.max = 1048576 (custom)
2019-09-19 14:40:02,815 [pool-49-thread-1] INFO  server.RaftServerConfigKeys (ConfUtils.java:logGet(43)) - raft.server.log.preallocated.size = 16384 (custom)
2019-09-19 14:40:02,815 [pool-49-thread-1] INFO  server.RaftServerConfigKeys (ConfUtils.java:logGet(43)) - raft.server.log.write.buffer.size = 33554432 (custom)
2019-09-19 14:40:02,815 [pool-49-thread-1] INFO  server.RaftServerConfigKeys (ConfUtils.java:logGet(43)) - raft.server.log.force.sync.num = 128 (default)
2019-09-19 14:40:02,815 [pool-49-thread-1] INFO  server.RaftServerConfigKeys (ConfUtils.java:logGet(43)) - raft.server.log.statemachine.data.sync = true (default)
2019-09-19 14:40:02,815 [pool-49-thread-1] INFO  server.RaftServerConfigKeys (ConfUtils.java:logGet(43)) - raft.server.log.statemachine.data.sync.timeout = 10s (default)
2019-09-19 14:40:02,816 [pool-49-thread-1] INFO  server.RaftServerConfigKeys (ConfUtils.java:logGet(43)) - raft.server.log.statemachine.data.sync.timeout.retry = -1 (default)
2019-09-19 14:40:02,816 [pool-49-thread-1] INFO  server.RaftServerConfigKeys (ConfUtils.java:logGet(43)) - raft.server.log.statemachine.data.caching.enabled = true (custom)
2019-09-19 14:40:02,816 [pool-49-thread-1] INFO  segmented.SegmentedRaftLogWorker (SegmentedRaftLogWorker.java:lambda$new$0(132)) - cda53276-4c02-47df-9243-aafa1631e748-SegmentedRaftLogWorker:Storage Directory /workdir/hadoop-ozone/ozonefs/target/test-dir/MiniOzoneClusterImpl-889e9801-d8cd-4d64-ad06-78e1b934daf6/datanode-2/data/ratis/db2e3ba5-57f1-4562-a5ab-ca575c7249a7: flushIndex: setUnconditionally 0 -> -1
2019-09-19 14:40:02,816 [pool-49-thread-1] INFO  server.RaftServerConfigKeys (ConfUtils.java:logGet(43)) - raft.server.snapshot.auto.trigger.enabled = true (custom)
2019-09-19 14:40:02,816 [pool-49-thread-1] INFO  server.RaftServerConfigKeys (ConfUtils.java:logGet(43)) - raft.server.snapshot.auto.trigger.threshold = 10000 (custom)
2019-09-19 14:40:02,817 [pool-49-thread-1] INFO  server.RaftServerConfigKeys (ConfUtils.java:logGet(43)) - raft.server.retrycache.expirytime = 600000ms (custom)
2019-09-19 14:40:02,817 [pool-49-thread-1] INFO  impl.RaftServerImpl (RaftServerImpl.java:start(180)) - cda53276-4c02-47df-9243-aafa1631e748: start group-CA575C7249A7
2019-09-19 14:40:02,817 [pool-49-thread-1] INFO  impl.RaftServerImpl (RaftServerImpl.java:setRole(171)) - cda53276-4c02-47df-9243-aafa1631e748:group-CA575C7249A7 changes role from null to FOLLOWER at term 0 for startAsFollower
2019-09-19 14:40:02,817 [pool-49-thread-1] INFO  impl.RoleInfo (RoleInfo.java:updateAndGet(143)) - cda53276-4c02-47df-9243-aafa1631e748: start FollowerState
2019-09-19 14:40:02,817 [pool-49-thread-1] INFO  util.JmxRegister (JmxRegister.java:tryRegister(44)) - Successfully registered JMX Bean with object name Ratis:service=RaftServer,group=group-CA575C7249A7,id=cda53276-4c02-47df-9243-aafa1631e748
2019-09-19 14:40:02,824 [RatisPipelineUtilsThread] INFO  pipeline.PipelineStateManager (PipelineStateManager.java:addPipeline(56)) - Created pipeline Pipeline[ Id: db2e3ba5-57f1-4562-a5ab-ca575c7249a7, Nodes: cda53276-4c02-47df-9243-aafa1631e748{ip: 192.168.5.132, host: pr-hdds-1569-rzdr8-3403194166, networkLocation: /default-rack, certSerialId: null}, Type:RATIS, Factor:ONE, State:OPEN]
2019-09-19 14:40:02,837 | INFO  | SCMAudit | user=jenkins1000 | ip=192.168.5.132 | op=SEND_HEARTBEAT {datanodeUUID=cda53276-4c02-47df-9243-aafa1631e748, command=[]} | ret=SUCCESS |  
2019-09-19 14:40:02,839 [grpc-default-executor-1] INFO  impl.RaftServerProxy (RaftServerProxy.java:addNew(89)) - 6aa361a5-10ee-4e6c-9990-87c23e670156: addNew group-C33BC8936306:[6aa361a5-10ee-4e6c-9990-87c23e670156:192.168.5.132:41011] returns group-C33BC8936306:java.util.concurrent.CompletableFuture@455ebca8[Not completed]
2019-09-19 14:40:02,841 [pool-71-thread-1] INFO  impl.RaftServerImpl (RaftServerImpl.java:<init>(93)) - 6aa361a5-10ee-4e6c-9990-87c23e670156: new RaftServerImpl for group-C33BC8936306:[6aa361a5-10ee-4e6c-9990-87c23e670156:192.168.5.132:41011] with ContainerStateMachine:uninitialized
2019-09-19 14:40:02,841 [pool-71-thread-1] INFO  server.RaftServerConfigKeys (ConfUtils.java:logGet(43)) - raft.server.rpc.timeout.min = 5s (custom)
2019-09-19 14:40:02,841 [pool-71-thread-1] INFO  server.RaftServerConfigKeys (ConfUtils.java:logGet(43)) - raft.server.rpc.timeout.max = 5200ms (custom)
2019-09-19 14:40:02,841 [pool-71-thread-1] INFO  server.RaftServerConfigKeys (ConfUtils.java:logGet(43)) - raft.server.rpcslowness.timeout = 120s (custom)
2019-09-19 14:40:02,842 [pool-71-thread-1] INFO  server.RaftServerConfigKeys (ConfUtils.java:logGet(43)) - raft.server.sleep.deviation.threshold = 300 (default)
2019-09-19 14:40:02,842 [pool-71-thread-1] INFO  server.RaftServerConfigKeys (ConfUtils.java:logGet(43)) - raft.server.log.appender.install.snapshot.enabled = false (custom)
2019-09-19 14:40:02,842 [pool-71-thread-1] INFO  impl.RaftServerImpl (ServerState.java:<init>(105)) - 6aa361a5-10ee-4e6c-9990-87c23e670156:group-C33BC8936306 ConfigurationManager, init=-1: [6aa361a5-10ee-4e6c-9990-87c23e670156:192.168.5.132:41011], old=null, confs=<EMPTY_MAP>
2019-09-19 14:40:02,842 [pool-71-thread-1] INFO  server.RaftServerConfigKeys (ConfUtils.java:logGet(43)) - raft.server.storage.dir = [/workdir/hadoop-ozone/ozonefs/target/test-dir/MiniOzoneClusterImpl-889e9801-d8cd-4d64-ad06-78e1b934daf6/datanode-4/data/ratis] (custom)
2019-09-19 14:40:02,843 [pool-71-thread-1] INFO  storage.RaftStorageDirectory (RaftStorageDirectory.java:analyzeStorage(246)) - The storage directory /workdir/hadoop-ozone/ozonefs/target/test-dir/MiniOzoneClusterImpl-889e9801-d8cd-4d64-ad06-78e1b934daf6/datanode-4/data/ratis/108b107a-292c-450c-b686-c33bc8936306 does not exist. Creating ...
2019-09-19 14:40:02,866 [pool-71-thread-1] INFO  storage.RaftStorageDirectory (RaftStorageDirectory.java:tryLock(328)) - Lock on /workdir/hadoop-ozone/ozonefs/target/test-dir/MiniOzoneClusterImpl-889e9801-d8cd-4d64-ad06-78e1b934daf6/datanode-4/data/ratis/108b107a-292c-450c-b686-c33bc8936306/in_use.lock acquired by nodename 29702@pr-hdds-1569-rzdr8-3403194166
2019-09-19 14:40:02,891 [pool-71-thread-1] INFO  storage.RaftStorage (RaftStorage.java:format(72)) - Storage directory /workdir/hadoop-ozone/ozonefs/target/test-dir/MiniOzoneClusterImpl-889e9801-d8cd-4d64-ad06-78e1b934daf6/datanode-4/data/ratis/108b107a-292c-450c-b686-c33bc8936306 has been successfully formatted.
2019-09-19 14:40:02,891 [pool-71-thread-1] INFO  ratis.ContainerStateMachine (ContainerStateMachine.java:loadSnapshot(226)) - group-C33BC8936306: The snapshot info is null. Setting the last applied indexto:(t:0, i:~)
2019-09-19 14:40:02,891 [pool-71-thread-1] INFO  server.RaftServerConfigKeys (ConfUtils.java:logGet(43)) - raft.server.leader.election.timeout = 120s (custom)
2019-09-19 14:40:02,891 [pool-71-thread-1] INFO  server.RaftServerConfigKeys (ConfUtils.java:logGet(43)) - raft.server.log.use.memory = false (default)
2019-09-19 14:40:02,892 [pool-71-thread-1] INFO  server.RaftServerConfigKeys (ConfUtils.java:logGet(43)) - raft.server.log.purge.gap = 1000000 (custom)
2019-09-19 14:40:02,892 [pool-71-thread-1] INFO  server.RaftServerConfigKeys (ConfUtils.java:logGet(43)) - raft.server.log.appender.buffer.byte-limit = 33554432 (custom)
2019-09-19 14:40:02,892 [pool-71-thread-1] INFO  server.RaftServerConfigKeys (ConfUtils.java:logGet(43)) - raft.server.log.segment.size.max = 1048576 (custom)
2019-09-19 14:40:02,892 [pool-71-thread-1] INFO  server.RaftServerConfigKeys (ConfUtils.java:logGet(43)) - raft.server.log.segment.cache.num.max = 2 (custom)
2019-09-19 14:40:02,892 [pool-71-thread-1] INFO  segmented.SegmentedRaftLogWorker (SegmentedRaftLogWorker.java:<init>(172)) - new 6aa361a5-10ee-4e6c-9990-87c23e670156-SegmentedRaftLogWorker:Storage Directory /workdir/hadoop-ozone/ozonefs/target/test-dir/MiniOzoneClusterImpl-889e9801-d8cd-4d64-ad06-78e1b934daf6/datanode-4/data/ratis/108b107a-292c-450c-b686-c33bc8936306 for RaftStorage:Storage Directory /workdir/hadoop-ozone/ozonefs/target/test-dir/MiniOzoneClusterImpl-889e9801-d8cd-4d64-ad06-78e1b934daf6/datanode-4/data/ratis/108b107a-292c-450c-b686-c33bc8936306
2019-09-19 14:40:02,893 [pool-71-thread-1] INFO  server.RaftServerConfigKeys (ConfUtils.java:logGet(43)) - raft.server.log.queue.byte-limit = 2147483647 (custom)
2019-09-19 14:40:02,893 [pool-71-thread-1] INFO  server.RaftServerConfigKeys (ConfUtils.java:logGet(43)) - raft.server.log.queue.element-limit = 1024 (custom)
2019-09-19 14:40:02,893 [pool-71-thread-1] INFO  server.RaftServerConfigKeys (ConfUtils.java:logGet(43)) - raft.server.log.segment.size.max = 1048576 (custom)
2019-09-19 14:40:02,893 [pool-71-thread-1] INFO  server.RaftServerConfigKeys (ConfUtils.java:logGet(43)) - raft.server.log.preallocated.size = 16384 (custom)
2019-09-19 14:40:02,893 [pool-71-thread-1] INFO  server.RaftServerConfigKeys (ConfUtils.java:logGet(43)) - raft.server.log.write.buffer.size = 33554432 (custom)
2019-09-19 14:40:02,893 [pool-71-thread-1] INFO  server.RaftServerConfigKeys (ConfUtils.java:logGet(43)) - raft.server.log.force.sync.num = 128 (default)
2019-09-19 14:40:02,893 [pool-71-thread-1] INFO  server.RaftServerConfigKeys (ConfUtils.java:logGet(43)) - raft.server.log.statemachine.data.sync = true (default)
2019-09-19 14:40:02,894 [pool-71-thread-1] INFO  server.RaftServerConfigKeys (ConfUtils.java:logGet(43)) - raft.server.log.statemachine.data.sync.timeout = 10s (default)
2019-09-19 14:40:02,894 [pool-71-thread-1] INFO  server.RaftServerConfigKeys (ConfUtils.java:logGet(43)) - raft.server.log.statemachine.data.sync.timeout.retry = -1 (default)
2019-09-19 14:40:02,894 [pool-71-thread-1] INFO  server.RaftServerConfigKeys (ConfUtils.java:logGet(43)) - raft.server.log.statemachine.data.caching.enabled = true (custom)
2019-09-19 14:40:02,894 [pool-71-thread-1] INFO  segmented.SegmentedRaftLogWorker (SegmentedRaftLogWorker.java:lambda$new$0(132)) - 6aa361a5-10ee-4e6c-9990-87c23e670156-SegmentedRaftLogWorker:Storage Directory /workdir/hadoop-ozone/ozonefs/target/test-dir/MiniOzoneClusterImpl-889e9801-d8cd-4d64-ad06-78e1b934daf6/datanode-4/data/ratis/108b107a-292c-450c-b686-c33bc8936306: flushIndex: setUnconditionally 0 -> -1
2019-09-19 14:40:02,895 [pool-71-thread-1] INFO  server.RaftServerConfigKeys (ConfUtils.java:logGet(43)) - raft.server.snapshot.auto.trigger.enabled = true (custom)
2019-09-19 14:40:02,895 [pool-71-thread-1] INFO  server.RaftServerConfigKeys (ConfUtils.java:logGet(43)) - raft.server.snapshot.auto.trigger.threshold = 10000 (custom)
2019-09-19 14:40:02,895 [pool-71-thread-1] INFO  server.RaftServerConfigKeys (ConfUtils.java:logGet(43)) - raft.server.retrycache.expirytime = 600000ms (custom)
2019-09-19 14:40:02,895 [pool-71-thread-1] INFO  impl.RaftServerImpl (RaftServerImpl.java:start(180)) - 6aa361a5-10ee-4e6c-9990-87c23e670156: start group-C33BC8936306
2019-09-19 14:40:02,895 [pool-71-thread-1] INFO  impl.RaftServerImpl (RaftServerImpl.java:setRole(171)) - 6aa361a5-10ee-4e6c-9990-87c23e670156:group-C33BC8936306 changes role from null to FOLLOWER at term 0 for startAsFollower
2019-09-19 14:40:02,896 [pool-71-thread-1] INFO  impl.RoleInfo (RoleInfo.java:updateAndGet(143)) - 6aa361a5-10ee-4e6c-9990-87c23e670156: start FollowerState
2019-09-19 14:40:02,896 [pool-71-thread-1] INFO  util.JmxRegister (JmxRegister.java:tryRegister(44)) - Successfully registered JMX Bean with object name Ratis:service=RaftServer,group=group-C33BC8936306,id=6aa361a5-10ee-4e6c-9990-87c23e670156
2019-09-19 14:40:02,903 [RatisPipelineUtilsThread] INFO  pipeline.PipelineStateManager (PipelineStateManager.java:addPipeline(56)) - Created pipeline Pipeline[ Id: 108b107a-292c-450c-b686-c33bc8936306, Nodes: 6aa361a5-10ee-4e6c-9990-87c23e670156{ip: 192.168.5.132, host: pr-hdds-1569-rzdr8-3403194166, networkLocation: /default-rack, certSerialId: null}, Type:RATIS, Factor:ONE, State:OPEN]
2019-09-19 14:40:02,967 [grpc-default-executor-1] INFO  impl.RaftServerProxy (RaftServerProxy.java:addNew(89)) - afbae23f-b8a7-4a0f-ac57-bc0dcc025f7c: addNew group-656D209D31AE:[afbae23f-b8a7-4a0f-ac57-bc0dcc025f7c:192.168.5.132:44695] returns group-656D209D31AE:java.util.concurrent.CompletableFuture@69d3d32f[Not completed]
2019-09-19 14:40:02,968 [pool-82-thread-1] INFO  impl.RaftServerImpl (RaftServerImpl.java:<init>(93)) - afbae23f-b8a7-4a0f-ac57-bc0dcc025f7c: new RaftServerImpl for group-656D209D31AE:[afbae23f-b8a7-4a0f-ac57-bc0dcc025f7c:192.168.5.132:44695] with ContainerStateMachine:uninitialized
2019-09-19 14:40:02,968 [pool-82-thread-1] INFO  server.RaftServerConfigKeys (ConfUtils.java:logGet(43)) - raft.server.rpc.timeout.min = 5s (custom)
2019-09-19 14:40:02,968 [pool-82-thread-1] INFO  server.RaftServerConfigKeys (ConfUtils.java:logGet(43)) - raft.server.rpc.timeout.max = 5200ms (custom)
2019-09-19 14:40:02,969 [pool-82-thread-1] INFO  server.RaftServerConfigKeys (ConfUtils.java:logGet(43)) - raft.server.rpcslowness.timeout = 120s (custom)
2019-09-19 14:40:02,969 [pool-82-thread-1] INFO  server.RaftServerConfigKeys (ConfUtils.java:logGet(43)) - raft.server.sleep.deviation.threshold = 300 (default)
2019-09-19 14:40:02,969 [pool-82-thread-1] INFO  server.RaftServerConfigKeys (ConfUtils.java:logGet(43)) - raft.server.log.appender.install.snapshot.enabled = false (custom)
2019-09-19 14:40:02,969 [pool-82-thread-1] INFO  impl.RaftServerImpl (ServerState.java:<init>(105)) - afbae23f-b8a7-4a0f-ac57-bc0dcc025f7c:group-656D209D31AE ConfigurationManager, init=-1: [afbae23f-b8a7-4a0f-ac57-bc0dcc025f7c:192.168.5.132:44695], old=null, confs=<EMPTY_MAP>
2019-09-19 14:40:02,969 [pool-82-thread-1] INFO  server.RaftServerConfigKeys (ConfUtils.java:logGet(43)) - raft.server.storage.dir = [/workdir/hadoop-ozone/ozonefs/target/test-dir/MiniOzoneClusterImpl-889e9801-d8cd-4d64-ad06-78e1b934daf6/datanode-5/data/ratis] (custom)
2019-09-19 14:40:02,969 [pool-82-thread-1] INFO  storage.RaftStorageDirectory (RaftStorageDirectory.java:analyzeStorage(246)) - The storage directory /workdir/hadoop-ozone/ozonefs/target/test-dir/MiniOzoneClusterImpl-889e9801-d8cd-4d64-ad06-78e1b934daf6/datanode-5/data/ratis/823fe8a7-0595-4d97-9557-656d209d31ae does not exist. Creating ...
2019-09-19 14:40:02,988 | INFO  | SCMAudit | user=jenkins1000 | ip=192.168.5.132 | op=SEND_HEARTBEAT {datanodeUUID=b84a7c4a-6ef7-4bd2-bf64-eea4d8e07688, command=[]} | ret=SUCCESS |  
2019-09-19 14:40:02,992 [pool-82-thread-1] INFO  storage.RaftStorageDirectory (RaftStorageDirectory.java:tryLock(328)) - Lock on /workdir/hadoop-ozone/ozonefs/target/test-dir/MiniOzoneClusterImpl-889e9801-d8cd-4d64-ad06-78e1b934daf6/datanode-5/data/ratis/823fe8a7-0595-4d97-9557-656d209d31ae/in_use.lock acquired by nodename 29702@pr-hdds-1569-rzdr8-3403194166
2019-09-19 14:40:03,010 [pool-82-thread-1] INFO  storage.RaftStorage (RaftStorage.java:format(72)) - Storage directory /workdir/hadoop-ozone/ozonefs/target/test-dir/MiniOzoneClusterImpl-889e9801-d8cd-4d64-ad06-78e1b934daf6/datanode-5/data/ratis/823fe8a7-0595-4d97-9557-656d209d31ae has been successfully formatted.
2019-09-19 14:40:03,010 [pool-82-thread-1] INFO  ratis.ContainerStateMachine (ContainerStateMachine.java:loadSnapshot(226)) - group-656D209D31AE: The snapshot info is null. Setting the last applied indexto:(t:0, i:~)
2019-09-19 14:40:03,010 [pool-82-thread-1] INFO  server.RaftServerConfigKeys (ConfUtils.java:logGet(43)) - raft.server.leader.election.timeout = 120s (custom)
2019-09-19 14:40:03,010 [pool-82-thread-1] INFO  server.RaftServerConfigKeys (ConfUtils.java:logGet(43)) - raft.server.log.use.memory = false (default)
2019-09-19 14:40:03,010 [pool-82-thread-1] INFO  server.RaftServerConfigKeys (ConfUtils.java:logGet(43)) - raft.server.log.purge.gap = 1000000 (custom)
2019-09-19 14:40:03,011 [pool-82-thread-1] INFO  server.RaftServerConfigKeys (ConfUtils.java:logGet(43)) - raft.server.log.appender.buffer.byte-limit = 33554432 (custom)
2019-09-19 14:40:03,011 [pool-82-thread-1] INFO  server.RaftServerConfigKeys (ConfUtils.java:logGet(43)) - raft.server.log.segment.size.max = 1048576 (custom)
2019-09-19 14:40:03,011 [pool-82-thread-1] INFO  server.RaftServerConfigKeys (ConfUtils.java:logGet(43)) - raft.server.log.segment.cache.num.max = 2 (custom)
2019-09-19 14:40:03,011 [pool-82-thread-1] INFO  segmented.SegmentedRaftLogWorker (SegmentedRaftLogWorker.java:<init>(172)) - new afbae23f-b8a7-4a0f-ac57-bc0dcc025f7c-SegmentedRaftLogWorker:Storage Directory /workdir/hadoop-ozone/ozonefs/target/test-dir/MiniOzoneClusterImpl-889e9801-d8cd-4d64-ad06-78e1b934daf6/datanode-5/data/ratis/823fe8a7-0595-4d97-9557-656d209d31ae for RaftStorage:Storage Directory /workdir/hadoop-ozone/ozonefs/target/test-dir/MiniOzoneClusterImpl-889e9801-d8cd-4d64-ad06-78e1b934daf6/datanode-5/data/ratis/823fe8a7-0595-4d97-9557-656d209d31ae
2019-09-19 14:40:03,011 [pool-82-thread-1] INFO  server.RaftServerConfigKeys (ConfUtils.java:logGet(43)) - raft.server.log.queue.byte-limit = 2147483647 (custom)
2019-09-19 14:40:03,011 [pool-82-thread-1] INFO  server.RaftServerConfigKeys (ConfUtils.java:logGet(43)) - raft.server.log.queue.element-limit = 1024 (custom)
2019-09-19 14:40:03,011 [pool-82-thread-1] INFO  server.RaftServerConfigKeys (ConfUtils.java:logGet(43)) - raft.server.log.segment.size.max = 1048576 (custom)
2019-09-19 14:40:03,011 [pool-82-thread-1] INFO  server.RaftServerConfigKeys (ConfUtils.java:logGet(43)) - raft.server.log.preallocated.size = 16384 (custom)
2019-09-19 14:40:03,012 [pool-82-thread-1] INFO  server.RaftServerConfigKeys (ConfUtils.java:logGet(43)) - raft.server.log.write.buffer.size = 33554432 (custom)
2019-09-19 14:40:03,012 [pool-82-thread-1] INFO  server.RaftServerConfigKeys (ConfUtils.java:logGet(43)) - raft.server.log.force.sync.num = 128 (default)
2019-09-19 14:40:03,012 [pool-82-thread-1] INFO  server.RaftServerConfigKeys (ConfUtils.java:logGet(43)) - raft.server.log.statemachine.data.sync = true (default)
2019-09-19 14:40:03,012 [pool-82-thread-1] INFO  server.RaftServerConfigKeys (ConfUtils.java:logGet(43)) - raft.server.log.statemachine.data.sync.timeout = 10s (default)
2019-09-19 14:40:03,012 [pool-82-thread-1] INFO  server.RaftServerConfigKeys (ConfUtils.java:logGet(43)) - raft.server.log.statemachine.data.sync.timeout.retry = -1 (default)
2019-09-19 14:40:03,012 [pool-82-thread-1] INFO  server.RaftServerConfigKeys (ConfUtils.java:logGet(43)) - raft.server.log.statemachine.data.caching.enabled = true (custom)
2019-09-19 14:40:03,012 [pool-82-thread-1] INFO  segmented.SegmentedRaftLogWorker (SegmentedRaftLogWorker.java:lambda$new$0(132)) - afbae23f-b8a7-4a0f-ac57-bc0dcc025f7c-SegmentedRaftLogWorker:Storage Directory /workdir/hadoop-ozone/ozonefs/target/test-dir/MiniOzoneClusterImpl-889e9801-d8cd-4d64-ad06-78e1b934daf6/datanode-5/data/ratis/823fe8a7-0595-4d97-9557-656d209d31ae: flushIndex: setUnconditionally 0 -> -1
2019-09-19 14:40:03,013 [pool-82-thread-1] INFO  server.RaftServerConfigKeys (ConfUtils.java:logGet(43)) - raft.server.snapshot.auto.trigger.enabled = true (custom)
2019-09-19 14:40:03,013 [pool-82-thread-1] INFO  server.RaftServerConfigKeys (ConfUtils.java:logGet(43)) - raft.server.snapshot.auto.trigger.threshold = 10000 (custom)
2019-09-19 14:40:03,013 [pool-82-thread-1] INFO  server.RaftServerConfigKeys (ConfUtils.java:logGet(43)) - raft.server.retrycache.expirytime = 600000ms (custom)
2019-09-19 14:40:03,013 [pool-82-thread-1] INFO  impl.RaftServerImpl (RaftServerImpl.java:start(180)) - afbae23f-b8a7-4a0f-ac57-bc0dcc025f7c: start group-656D209D31AE
2019-09-19 14:40:03,013 [pool-82-thread-1] INFO  impl.RaftServerImpl (RaftServerImpl.java:setRole(171)) - afbae23f-b8a7-4a0f-ac57-bc0dcc025f7c:group-656D209D31AE changes role from null to FOLLOWER at term 0 for startAsFollower
2019-09-19 14:40:03,013 [pool-82-thread-1] INFO  impl.RoleInfo (RoleInfo.java:updateAndGet(143)) - afbae23f-b8a7-4a0f-ac57-bc0dcc025f7c: start FollowerState
2019-09-19 14:40:03,024 [pool-82-thread-1] INFO  util.JmxRegister (JmxRegister.java:tryRegister(44)) - Successfully registered JMX Bean with object name Ratis:service=RaftServer,group=group-656D209D31AE,id=afbae23f-b8a7-4a0f-ac57-bc0dcc025f7c
2019-09-19 14:40:03,046 [RatisPipelineUtilsThread] INFO  pipeline.PipelineStateManager (PipelineStateManager.java:addPipeline(56)) - Created pipeline Pipeline[ Id: 823fe8a7-0595-4d97-9557-656d209d31ae, Nodes: afbae23f-b8a7-4a0f-ac57-bc0dcc025f7c{ip: 192.168.5.132, host: pr-hdds-1569-rzdr8-3403194166, networkLocation: /default-rack, certSerialId: null}, Type:RATIS, Factor:ONE, State:OPEN]
2019-09-19 14:40:03,065 [grpc-default-executor-1] INFO  impl.RaftServerProxy (RaftServerProxy.java:addNew(89)) - f70b6c3b-be29-4a26-a238-fb2d839120cd: addNew group-3C687551CB36:[f70b6c3b-be29-4a26-a238-fb2d839120cd:192.168.5.132:34965] returns group-3C687551CB36:java.util.concurrent.CompletableFuture@2f59c29[Not completed]
2019-09-19 14:40:03,068 [pool-27-thread-1] INFO  impl.RaftServerImpl (RaftServerImpl.java:<init>(93)) - f70b6c3b-be29-4a26-a238-fb2d839120cd: new RaftServerImpl for group-3C687551CB36:[f70b6c3b-be29-4a26-a238-fb2d839120cd:192.168.5.132:34965] with ContainerStateMachine:uninitialized
2019-09-19 14:40:03,068 [pool-27-thread-1] INFO  server.RaftServerConfigKeys (ConfUtils.java:logGet(43)) - raft.server.rpc.timeout.min = 5s (custom)
2019-09-19 14:40:03,069 [pool-27-thread-1] INFO  server.RaftServerConfigKeys (ConfUtils.java:logGet(43)) - raft.server.rpc.timeout.max = 5200ms (custom)
2019-09-19 14:40:03,069 [pool-27-thread-1] INFO  server.RaftServerConfigKeys (ConfUtils.java:logGet(43)) - raft.server.rpcslowness.timeout = 120s (custom)
2019-09-19 14:40:03,069 [pool-27-thread-1] INFO  server.RaftServerConfigKeys (ConfUtils.java:logGet(43)) - raft.server.sleep.deviation.threshold = 300 (default)
2019-09-19 14:40:03,069 [pool-27-thread-1] INFO  server.RaftServerConfigKeys (ConfUtils.java:logGet(43)) - raft.server.log.appender.install.snapshot.enabled = false (custom)
2019-09-19 14:40:03,069 [pool-27-thread-1] INFO  impl.RaftServerImpl (ServerState.java:<init>(105)) - f70b6c3b-be29-4a26-a238-fb2d839120cd:group-3C687551CB36 ConfigurationManager, init=-1: [f70b6c3b-be29-4a26-a238-fb2d839120cd:192.168.5.132:34965], old=null, confs=<EMPTY_MAP>
2019-09-19 14:40:03,070 [pool-27-thread-1] INFO  server.RaftServerConfigKeys (ConfUtils.java:logGet(43)) - raft.server.storage.dir = [/workdir/hadoop-ozone/ozonefs/target/test-dir/MiniOzoneClusterImpl-889e9801-d8cd-4d64-ad06-78e1b934daf6/datanode-0/data/ratis] (custom)
2019-09-19 14:40:03,070 [pool-27-thread-1] INFO  storage.RaftStorageDirectory (RaftStorageDirectory.java:analyzeStorage(246)) - The storage directory /workdir/hadoop-ozone/ozonefs/target/test-dir/MiniOzoneClusterImpl-889e9801-d8cd-4d64-ad06-78e1b934daf6/datanode-0/data/ratis/cb3ba88b-bb4a-4d87-9ac4-3c687551cb36 does not exist. Creating ...
2019-09-19 14:40:03,094 [pool-27-thread-1] INFO  storage.RaftStorageDirectory (RaftStorageDirectory.java:tryLock(328)) - Lock on /workdir/hadoop-ozone/ozonefs/target/test-dir/MiniOzoneClusterImpl-889e9801-d8cd-4d64-ad06-78e1b934daf6/datanode-0/data/ratis/cb3ba88b-bb4a-4d87-9ac4-3c687551cb36/in_use.lock acquired by nodename 29702@pr-hdds-1569-rzdr8-3403194166
2019-09-19 14:40:03,119 [pool-27-thread-1] INFO  storage.RaftStorage (RaftStorage.java:format(72)) - Storage directory /workdir/hadoop-ozone/ozonefs/target/test-dir/MiniOzoneClusterImpl-889e9801-d8cd-4d64-ad06-78e1b934daf6/datanode-0/data/ratis/cb3ba88b-bb4a-4d87-9ac4-3c687551cb36 has been successfully formatted.
2019-09-19 14:40:03,119 [pool-27-thread-1] INFO  ratis.ContainerStateMachine (ContainerStateMachine.java:loadSnapshot(226)) - group-3C687551CB36: The snapshot info is null. Setting the last applied indexto:(t:0, i:~)
2019-09-19 14:40:03,120 [pool-27-thread-1] INFO  server.RaftServerConfigKeys (ConfUtils.java:logGet(43)) - raft.server.leader.election.timeout = 120s (custom)
2019-09-19 14:40:03,120 [pool-27-thread-1] INFO  server.RaftServerConfigKeys (ConfUtils.java:logGet(43)) - raft.server.log.use.memory = false (default)
2019-09-19 14:40:03,120 [pool-27-thread-1] INFO  server.RaftServerConfigKeys (ConfUtils.java:logGet(43)) - raft.server.log.purge.gap = 1000000 (custom)
2019-09-19 14:40:03,120 [pool-27-thread-1] INFO  server.RaftServerConfigKeys (ConfUtils.java:logGet(43)) - raft.server.log.appender.buffer.byte-limit = 33554432 (custom)
2019-09-19 14:40:03,120 [pool-27-thread-1] INFO  server.RaftServerConfigKeys (ConfUtils.java:logGet(43)) - raft.server.log.segment.size.max = 1048576 (custom)
2019-09-19 14:40:03,120 [pool-27-thread-1] INFO  server.RaftServerConfigKeys (ConfUtils.java:logGet(43)) - raft.server.log.segment.cache.num.max = 2 (custom)
2019-09-19 14:40:03,121 [pool-27-thread-1] INFO  segmented.SegmentedRaftLogWorker (SegmentedRaftLogWorker.java:<init>(172)) - new f70b6c3b-be29-4a26-a238-fb2d839120cd-SegmentedRaftLogWorker:Storage Directory /workdir/hadoop-ozone/ozonefs/target/test-dir/MiniOzoneClusterImpl-889e9801-d8cd-4d64-ad06-78e1b934daf6/datanode-0/data/ratis/cb3ba88b-bb4a-4d87-9ac4-3c687551cb36 for RaftStorage:Storage Directory /workdir/hadoop-ozone/ozonefs/target/test-dir/MiniOzoneClusterImpl-889e9801-d8cd-4d64-ad06-78e1b934daf6/datanode-0/data/ratis/cb3ba88b-bb4a-4d87-9ac4-3c687551cb36
2019-09-19 14:40:03,121 [pool-27-thread-1] INFO  server.RaftServerConfigKeys (ConfUtils.java:logGet(43)) - raft.server.log.queue.byte-limit = 2147483647 (custom)
2019-09-19 14:40:03,121 [pool-27-thread-1] INFO  server.RaftServerConfigKeys (ConfUtils.java:logGet(43)) - raft.server.log.queue.element-limit = 1024 (custom)
2019-09-19 14:40:03,121 [pool-27-thread-1] INFO  server.RaftServerConfigKeys (ConfUtils.java:logGet(43)) - raft.server.log.segment.size.max = 1048576 (custom)
2019-09-19 14:40:03,121 [pool-27-thread-1] INFO  server.RaftServerConfigKeys (ConfUtils.java:logGet(43)) - raft.server.log.preallocated.size = 16384 (custom)
2019-09-19 14:40:03,121 [pool-27-thread-1] INFO  server.RaftServerConfigKeys (ConfUtils.java:logGet(43)) - raft.server.log.write.buffer.size = 33554432 (custom)
2019-09-19 14:40:03,121 [pool-27-thread-1] INFO  server.RaftServerConfigKeys (ConfUtils.java:logGet(43)) - raft.server.log.force.sync.num = 128 (default)
2019-09-19 14:40:03,122 [pool-27-thread-1] INFO  server.RaftServerConfigKeys (ConfUtils.java:logGet(43)) - raft.server.log.statemachine.data.sync = true (default)
2019-09-19 14:40:03,122 [pool-27-thread-1] INFO  server.RaftServerConfigKeys (ConfUtils.java:logGet(43)) - raft.server.log.statemachine.data.sync.timeout = 10s (default)
2019-09-19 14:40:03,122 [pool-27-thread-1] INFO  server.RaftServerConfigKeys (ConfUtils.java:logGet(43)) - raft.server.log.statemachine.data.sync.timeout.retry = -1 (default)
2019-09-19 14:40:03,122 [pool-27-thread-1] INFO  server.RaftServerConfigKeys (ConfUtils.java:logGet(43)) - raft.server.log.statemachine.data.caching.enabled = true (custom)
2019-09-19 14:40:03,122 [pool-27-thread-1] INFO  segmented.SegmentedRaftLogWorker (SegmentedRaftLogWorker.java:lambda$new$0(132)) - f70b6c3b-be29-4a26-a238-fb2d839120cd-SegmentedRaftLogWorker:Storage Directory /workdir/hadoop-ozone/ozonefs/target/test-dir/MiniOzoneClusterImpl-889e9801-d8cd-4d64-ad06-78e1b934daf6/datanode-0/data/ratis/cb3ba88b-bb4a-4d87-9ac4-3c687551cb36: flushIndex: setUnconditionally 0 -> -1
2019-09-19 14:40:03,123 [pool-27-thread-1] INFO  server.RaftServerConfigKeys (ConfUtils.java:logGet(43)) - raft.server.snapshot.auto.trigger.enabled = true (custom)
2019-09-19 14:40:03,123 [pool-27-thread-1] INFO  server.RaftServerConfigKeys (ConfUtils.java:logGet(43)) - raft.server.snapshot.auto.trigger.threshold = 10000 (custom)
2019-09-19 14:40:03,123 [pool-27-thread-1] INFO  server.RaftServerConfigKeys (ConfUtils.java:logGet(43)) - raft.server.retrycache.expirytime = 600000ms (custom)
2019-09-19 14:40:03,123 [pool-27-thread-1] INFO  impl.RaftServerImpl (RaftServerImpl.java:start(180)) - f70b6c3b-be29-4a26-a238-fb2d839120cd: start group-3C687551CB36
2019-09-19 14:40:03,123 [pool-27-thread-1] INFO  impl.RaftServerImpl (RaftServerImpl.java:setRole(171)) - f70b6c3b-be29-4a26-a238-fb2d839120cd:group-3C687551CB36 changes role from null to FOLLOWER at term 0 for startAsFollower
2019-09-19 14:40:03,124 [pool-27-thread-1] INFO  impl.RoleInfo (RoleInfo.java:updateAndGet(143)) - f70b6c3b-be29-4a26-a238-fb2d839120cd: start FollowerState
2019-09-19 14:40:03,124 [pool-27-thread-1] INFO  util.JmxRegister (JmxRegister.java:tryRegister(44)) - Successfully registered JMX Bean with object name Ratis:service=RaftServer,group=group-3C687551CB36,id=f70b6c3b-be29-4a26-a238-fb2d839120cd
2019-09-19 14:40:03,133 [RatisPipelineUtilsThread] INFO  pipeline.PipelineStateManager (PipelineStateManager.java:addPipeline(56)) - Created pipeline Pipeline[ Id: cb3ba88b-bb4a-4d87-9ac4-3c687551cb36, Nodes: f70b6c3b-be29-4a26-a238-fb2d839120cd{ip: 192.168.5.132, host: pr-hdds-1569-rzdr8-3403194166, networkLocation: /default-rack, certSerialId: null}, Type:RATIS, Factor:ONE, State:OPEN]
2019-09-19 14:40:03,158 [grpc-default-executor-1] INFO  impl.RaftServerProxy (RaftServerProxy.java:addNew(89)) - f70b6c3b-be29-4a26-a238-fb2d839120cd: addNew group-8AF369EC8C0A:[f70b6c3b-be29-4a26-a238-fb2d839120cd:192.168.5.132:34965] returns group-8AF369EC8C0A:java.util.concurrent.CompletableFuture@208f2b18[Not completed]
2019-09-19 14:40:03,160 [pool-27-thread-1] INFO  impl.RaftServerImpl (RaftServerImpl.java:<init>(93)) - f70b6c3b-be29-4a26-a238-fb2d839120cd: new RaftServerImpl for group-8AF369EC8C0A:[f70b6c3b-be29-4a26-a238-fb2d839120cd:192.168.5.132:34965] with ContainerStateMachine:uninitialized
2019-09-19 14:40:03,160 [pool-27-thread-1] INFO  server.RaftServerConfigKeys (ConfUtils.java:logGet(43)) - raft.server.rpc.timeout.min = 5s (custom)
2019-09-19 14:40:03,160 [pool-27-thread-1] INFO  server.RaftServerConfigKeys (ConfUtils.java:logGet(43)) - raft.server.rpc.timeout.max = 5200ms (custom)
2019-09-19 14:40:03,160 [pool-27-thread-1] INFO  server.RaftServerConfigKeys (ConfUtils.java:logGet(43)) - raft.server.rpcslowness.timeout = 120s (custom)
2019-09-19 14:40:03,160 [pool-27-thread-1] INFO  server.RaftServerConfigKeys (ConfUtils.java:logGet(43)) - raft.server.sleep.deviation.threshold = 300 (default)
2019-09-19 14:40:03,160 [pool-27-thread-1] INFO  server.RaftServerConfigKeys (ConfUtils.java:logGet(43)) - raft.server.log.appender.install.snapshot.enabled = false (custom)
2019-09-19 14:40:03,161 [pool-27-thread-1] INFO  impl.RaftServerImpl (ServerState.java:<init>(105)) - f70b6c3b-be29-4a26-a238-fb2d839120cd:group-8AF369EC8C0A ConfigurationManager, init=-1: [f70b6c3b-be29-4a26-a238-fb2d839120cd:192.168.5.132:34965], old=null, confs=<EMPTY_MAP>
2019-09-19 14:40:03,161 [pool-27-thread-1] INFO  server.RaftServerConfigKeys (ConfUtils.java:logGet(43)) - raft.server.storage.dir = [/workdir/hadoop-ozone/ozonefs/target/test-dir/MiniOzoneClusterImpl-889e9801-d8cd-4d64-ad06-78e1b934daf6/datanode-0/data/ratis] (custom)
2019-09-19 14:40:03,161 [pool-27-thread-1] INFO  storage.RaftStorageDirectory (RaftStorageDirectory.java:analyzeStorage(246)) - The storage directory /workdir/hadoop-ozone/ozonefs/target/test-dir/MiniOzoneClusterImpl-889e9801-d8cd-4d64-ad06-78e1b934daf6/datanode-0/data/ratis/6c073a33-a7c8-4b6a-b7b5-8af369ec8c0a does not exist. Creating ...
2019-09-19 14:40:03,186 [pool-27-thread-1] INFO  storage.RaftStorageDirectory (RaftStorageDirectory.java:tryLock(328)) - Lock on /workdir/hadoop-ozone/ozonefs/target/test-dir/MiniOzoneClusterImpl-889e9801-d8cd-4d64-ad06-78e1b934daf6/datanode-0/data/ratis/6c073a33-a7c8-4b6a-b7b5-8af369ec8c0a/in_use.lock acquired by nodename 29702@pr-hdds-1569-rzdr8-3403194166
2019-09-19 14:40:03,199 | INFO  | OMAudit | user=jenkins1000 | ip=127.0.0.1 | op=CREATE_VOLUME {admin=admin96394, owner=user75249, volume=volume27944, creationTime=1568904003195, quotaInBytes=1152921504606846976} | ret=SUCCESS |  
2019-09-19 14:40:03,210 | INFO  | SCMAudit | user=jenkins1000 | ip=192.168.5.132 | op=SEND_HEARTBEAT {datanodeUUID=a1dec692-f01d-4dc4-b8c6-c1af31f4a539, command=[]} | ret=SUCCESS |  
2019-09-19 14:40:03,212 [pool-27-thread-1] INFO  storage.RaftStorage (RaftStorage.java:format(72)) - Storage directory /workdir/hadoop-ozone/ozonefs/target/test-dir/MiniOzoneClusterImpl-889e9801-d8cd-4d64-ad06-78e1b934daf6/datanode-0/data/ratis/6c073a33-a7c8-4b6a-b7b5-8af369ec8c0a has been successfully formatted.
2019-09-19 14:40:03,212 [pool-27-thread-1] INFO  ratis.ContainerStateMachine (ContainerStateMachine.java:loadSnapshot(226)) - group-8AF369EC8C0A: The snapshot info is null. Setting the last applied indexto:(t:0, i:~)
2019-09-19 14:40:03,212 [pool-27-thread-1] INFO  server.RaftServerConfigKeys (ConfUtils.java:logGet(43)) - raft.server.leader.election.timeout = 120s (custom)
2019-09-19 14:40:03,212 [pool-27-thread-1] INFO  server.RaftServerConfigKeys (ConfUtils.java:logGet(43)) - raft.server.log.use.memory = false (default)
2019-09-19 14:40:03,212 [pool-27-thread-1] INFO  server.RaftServerConfigKeys (ConfUtils.java:logGet(43)) - raft.server.log.purge.gap = 1000000 (custom)
2019-09-19 14:40:03,212 [pool-27-thread-1] INFO  server.RaftServerConfigKeys (ConfUtils.java:logGet(43)) - raft.server.log.appender.buffer.byte-limit = 33554432 (custom)
2019-09-19 14:40:03,213 [pool-27-thread-1] INFO  server.RaftServerConfigKeys (ConfUtils.java:logGet(43)) - raft.server.log.segment.size.max = 1048576 (custom)
2019-09-19 14:40:03,213 [pool-27-thread-1] INFO  server.RaftServerConfigKeys (ConfUtils.java:logGet(43)) - raft.server.log.segment.cache.num.max = 2 (custom)
2019-09-19 14:40:03,213 [pool-27-thread-1] INFO  segmented.SegmentedRaftLogWorker (SegmentedRaftLogWorker.java:<init>(172)) - new f70b6c3b-be29-4a26-a238-fb2d839120cd-SegmentedRaftLogWorker:Storage Directory /workdir/hadoop-ozone/ozonefs/target/test-dir/MiniOzoneClusterImpl-889e9801-d8cd-4d64-ad06-78e1b934daf6/datanode-0/data/ratis/6c073a33-a7c8-4b6a-b7b5-8af369ec8c0a for RaftStorage:Storage Directory /workdir/hadoop-ozone/ozonefs/target/test-dir/MiniOzoneClusterImpl-889e9801-d8cd-4d64-ad06-78e1b934daf6/datanode-0/data/ratis/6c073a33-a7c8-4b6a-b7b5-8af369ec8c0a
2019-09-19 14:40:03,213 [pool-27-thread-1] INFO  server.RaftServerConfigKeys (ConfUtils.java:logGet(43)) - raft.server.log.queue.byte-limit = 2147483647 (custom)
2019-09-19 14:40:03,213 [pool-27-thread-1] INFO  server.RaftServerConfigKeys (ConfUtils.java:logGet(43)) - raft.server.log.queue.element-limit = 1024 (custom)
2019-09-19 14:40:03,213 [pool-27-thread-1] INFO  server.RaftServerConfigKeys (ConfUtils.java:logGet(43)) - raft.server.log.segment.size.max = 1048576 (custom)
2019-09-19 14:40:03,213 [pool-27-thread-1] INFO  server.RaftServerConfigKeys (ConfUtils.java:logGet(43)) - raft.server.log.preallocated.size = 16384 (custom)
2019-09-19 14:40:03,214 [pool-27-thread-1] INFO  server.RaftServerConfigKeys (ConfUtils.java:logGet(43)) - raft.server.log.write.buffer.size = 33554432 (custom)
2019-09-19 14:40:03,214 [pool-27-thread-1] INFO  server.RaftServerConfigKeys (ConfUtils.java:logGet(43)) - raft.server.log.force.sync.num = 128 (default)
2019-09-19 14:40:03,214 [pool-27-thread-1] INFO  server.RaftServerConfigKeys (ConfUtils.java:logGet(43)) - raft.server.log.statemachine.data.sync = true (default)
2019-09-19 14:40:03,214 [pool-27-thread-1] INFO  server.RaftServerConfigKeys (ConfUtils.java:logGet(43)) - raft.server.log.statemachine.data.sync.timeout = 10s (default)
2019-09-19 14:40:03,214 [pool-27-thread-1] INFO  server.RaftServerConfigKeys (ConfUtils.java:logGet(43)) - raft.server.log.statemachine.data.sync.timeout.retry = -1 (default)
2019-09-19 14:40:03,214 [pool-27-thread-1] INFO  server.RaftServerConfigKeys (ConfUtils.java:logGet(43)) - raft.server.log.statemachine.data.caching.enabled = true (custom)
2019-09-19 14:40:03,215 [pool-27-thread-1] INFO  segmented.SegmentedRaftLogWorker (SegmentedRaftLogWorker.java:lambda$new$0(132)) - f70b6c3b-be29-4a26-a238-fb2d839120cd-SegmentedRaftLogWorker:Storage Directory /workdir/hadoop-ozone/ozonefs/target/test-dir/MiniOzoneClusterImpl-889e9801-d8cd-4d64-ad06-78e1b934daf6/datanode-0/data/ratis/6c073a33-a7c8-4b6a-b7b5-8af369ec8c0a: flushIndex: setUnconditionally 0 -> -1
2019-09-19 14:40:03,215 [pool-27-thread-1] INFO  server.RaftServerConfigKeys (ConfUtils.java:logGet(43)) - raft.server.snapshot.auto.trigger.enabled = true (custom)
2019-09-19 14:40:03,215 [pool-27-thread-1] INFO  server.RaftServerConfigKeys (ConfUtils.java:logGet(43)) - raft.server.snapshot.auto.trigger.threshold = 10000 (custom)
2019-09-19 14:40:03,215 [pool-27-thread-1] INFO  server.RaftServerConfigKeys (ConfUtils.java:logGet(43)) - raft.server.retrycache.expirytime = 600000ms (custom)
2019-09-19 14:40:03,216 [pool-27-thread-1] INFO  impl.RaftServerImpl (RaftServerImpl.java:start(180)) - f70b6c3b-be29-4a26-a238-fb2d839120cd: start group-8AF369EC8C0A
2019-09-19 14:40:03,216 [pool-27-thread-1] INFO  impl.RaftServerImpl (RaftServerImpl.java:setRole(171)) - f70b6c3b-be29-4a26-a238-fb2d839120cd:group-8AF369EC8C0A changes role from null to FOLLOWER at term 0 for startAsFollower
2019-09-19 14:40:03,216 [pool-27-thread-1] INFO  impl.RoleInfo (RoleInfo.java:updateAndGet(143)) - f70b6c3b-be29-4a26-a238-fb2d839120cd: start FollowerState
2019-09-19 14:40:03,216 [pool-27-thread-1] INFO  util.JmxRegister (JmxRegister.java:tryRegister(44)) - Successfully registered JMX Bean with object name Ratis:service=RaftServer,group=group-8AF369EC8C0A,id=f70b6c3b-be29-4a26-a238-fb2d839120cd
2019-09-19 14:40:03,223 [RatisPipelineUtilsThread] INFO  pipeline.PipelineStateManager (PipelineStateManager.java:addPipeline(56)) - Created pipeline Pipeline[ Id: 6c073a33-a7c8-4b6a-b7b5-8af369ec8c0a, Nodes: f70b6c3b-be29-4a26-a238-fb2d839120cd{ip: 192.168.5.132, host: pr-hdds-1569-rzdr8-3403194166, networkLocation: /default-rack, certSerialId: null}, Type:RATIS, Factor:ONE, State:OPEN]
2019-09-19 14:40:03,226 [RatisPipelineUtilsThread] ERROR pipeline.PipelinePlacementPolicy (PipelinePlacementPolicy.java:meetCriteria(91)) - Pipeline Placement: Doesn't meet the criteria to be viable node. Heaviness: 6
2019-09-19 14:40:03,251 | INFO  | OMAudit | user=jenkins1000 | ip=127.0.0.1 | op=CREATE_BUCKET {volume=volume27944, bucket=bucket21310, acls=[], isVersionEnabled=false, storageType=DISK, creationTime=0} | ret=SUCCESS |  
2019-09-19 14:40:03,255 [grpc-default-executor-1] INFO  impl.RaftServerProxy (RaftServerProxy.java:addNew(89)) - cda53276-4c02-47df-9243-aafa1631e748: addNew group-5323F77E4C5D:[cda53276-4c02-47df-9243-aafa1631e748:192.168.5.132:44276] returns group-5323F77E4C5D:java.util.concurrent.CompletableFuture@4ae6a900[Not completed]
2019-09-19 14:40:03,256 [pool-49-thread-1] INFO  impl.RaftServerImpl (RaftServerImpl.java:<init>(93)) - cda53276-4c02-47df-9243-aafa1631e748: new RaftServerImpl for group-5323F77E4C5D:[cda53276-4c02-47df-9243-aafa1631e748:192.168.5.132:44276] with ContainerStateMachine:uninitialized
2019-09-19 14:40:03,256 [pool-49-thread-1] INFO  server.RaftServerConfigKeys (ConfUtils.java:logGet(43)) - raft.server.rpc.timeout.min = 5s (custom)
2019-09-19 14:40:03,256 [pool-49-thread-1] INFO  server.RaftServerConfigKeys (ConfUtils.java:logGet(43)) - raft.server.rpc.timeout.max = 5200ms (custom)
2019-09-19 14:40:03,257 [pool-49-thread-1] INFO  server.RaftServerConfigKeys (ConfUtils.java:logGet(43)) - raft.server.rpcslowness.timeout = 120s (custom)
2019-09-19 14:40:03,257 [pool-49-thread-1] INFO  server.RaftServerConfigKeys (ConfUtils.java:logGet(43)) - raft.server.sleep.deviation.threshold = 300 (default)
2019-09-19 14:40:03,257 [pool-49-thread-1] INFO  server.RaftServerConfigKeys (ConfUtils.java:logGet(43)) - raft.server.log.appender.install.snapshot.enabled = false (custom)
2019-09-19 14:40:03,257 [pool-49-thread-1] INFO  impl.RaftServerImpl (ServerState.java:<init>(105)) - cda53276-4c02-47df-9243-aafa1631e748:group-5323F77E4C5D ConfigurationManager, init=-1: [cda53276-4c02-47df-9243-aafa1631e748:192.168.5.132:44276], old=null, confs=<EMPTY_MAP>
2019-09-19 14:40:03,257 [pool-49-thread-1] INFO  server.RaftServerConfigKeys (ConfUtils.java:logGet(43)) - raft.server.storage.dir = [/workdir/hadoop-ozone/ozonefs/target/test-dir/MiniOzoneClusterImpl-889e9801-d8cd-4d64-ad06-78e1b934daf6/datanode-2/data/ratis] (custom)
2019-09-19 14:40:03,257 [pool-49-thread-1] INFO  storage.RaftStorageDirectory (RaftStorageDirectory.java:analyzeStorage(246)) - The storage directory /workdir/hadoop-ozone/ozonefs/target/test-dir/MiniOzoneClusterImpl-889e9801-d8cd-4d64-ad06-78e1b934daf6/datanode-2/data/ratis/4e261ee1-bf6d-4e4e-9ffb-5323f77e4c5d does not exist. Creating ...
2019-09-19 14:40:03,280 | INFO  | SCMAudit | user=jenkins1000 | ip=192.168.5.132 | op=SEND_HEARTBEAT {datanodeUUID=f70b6c3b-be29-4a26-a238-fb2d839120cd, command=[]} | ret=SUCCESS |  
2019-09-19 14:40:03,287 [pool-49-thread-1] INFO  storage.RaftStorageDirectory (RaftStorageDirectory.java:tryLock(328)) - Lock on /workdir/hadoop-ozone/ozonefs/target/test-dir/MiniOzoneClusterImpl-889e9801-d8cd-4d64-ad06-78e1b934daf6/datanode-2/data/ratis/4e261ee1-bf6d-4e4e-9ffb-5323f77e4c5d/in_use.lock acquired by nodename 29702@pr-hdds-1569-rzdr8-3403194166
2019-09-19 14:40:03,312 [pool-49-thread-1] INFO  storage.RaftStorage (RaftStorage.java:format(72)) - Storage directory /workdir/hadoop-ozone/ozonefs/target/test-dir/MiniOzoneClusterImpl-889e9801-d8cd-4d64-ad06-78e1b934daf6/datanode-2/data/ratis/4e261ee1-bf6d-4e4e-9ffb-5323f77e4c5d has been successfully formatted.
2019-09-19 14:40:03,313 [pool-49-thread-1] INFO  ratis.ContainerStateMachine (ContainerStateMachine.java:loadSnapshot(226)) - group-5323F77E4C5D: The snapshot info is null. Setting the last applied indexto:(t:0, i:~)
2019-09-19 14:40:03,313 [pool-49-thread-1] INFO  server.RaftServerConfigKeys (ConfUtils.java:logGet(43)) - raft.server.leader.election.timeout = 120s (custom)
2019-09-19 14:40:03,313 [pool-49-thread-1] INFO  server.RaftServerConfigKeys (ConfUtils.java:logGet(43)) - raft.server.log.use.memory = false (default)
2019-09-19 14:40:03,313 [pool-49-thread-1] INFO  server.RaftServerConfigKeys (ConfUtils.java:logGet(43)) - raft.server.log.purge.gap = 1000000 (custom)
2019-09-19 14:40:03,313 [pool-49-thread-1] INFO  server.RaftServerConfigKeys (ConfUtils.java:logGet(43)) - raft.server.log.appender.buffer.byte-limit = 33554432 (custom)
2019-09-19 14:40:03,314 [pool-49-thread-1] INFO  server.RaftServerConfigKeys (ConfUtils.java:logGet(43)) - raft.server.log.segment.size.max = 1048576 (custom)
2019-09-19 14:40:03,314 [pool-49-thread-1] INFO  server.RaftServerConfigKeys (ConfUtils.java:logGet(43)) - raft.server.log.segment.cache.num.max = 2 (custom)
2019-09-19 14:40:03,314 [pool-49-thread-1] INFO  segmented.SegmentedRaftLogWorker (SegmentedRaftLogWorker.java:<init>(172)) - new cda53276-4c02-47df-9243-aafa1631e748-SegmentedRaftLogWorker:Storage Directory /workdir/hadoop-ozone/ozonefs/target/test-dir/MiniOzoneClusterImpl-889e9801-d8cd-4d64-ad06-78e1b934daf6/datanode-2/data/ratis/4e261ee1-bf6d-4e4e-9ffb-5323f77e4c5d for RaftStorage:Storage Directory /workdir/hadoop-ozone/ozonefs/target/test-dir/MiniOzoneClusterImpl-889e9801-d8cd-4d64-ad06-78e1b934daf6/datanode-2/data/ratis/4e261ee1-bf6d-4e4e-9ffb-5323f77e4c5d
2019-09-19 14:40:03,314 [pool-49-thread-1] INFO  server.RaftServerConfigKeys (ConfUtils.java:logGet(43)) - raft.server.log.queue.byte-limit = 2147483647 (custom)
2019-09-19 14:40:03,314 [pool-49-thread-1] INFO  server.RaftServerConfigKeys (ConfUtils.java:logGet(43)) - raft.server.log.queue.element-limit = 1024 (custom)
2019-09-19 14:40:03,315 [pool-49-thread-1] INFO  server.RaftServerConfigKeys (ConfUtils.java:logGet(43)) - raft.server.log.segment.size.max = 1048576 (custom)
2019-09-19 14:40:03,315 [pool-49-thread-1] INFO  server.RaftServerConfigKeys (ConfUtils.java:logGet(43)) - raft.server.log.preallocated.size = 16384 (custom)
2019-09-19 14:40:03,315 [pool-49-thread-1] INFO  server.RaftServerConfigKeys (ConfUtils.java:logGet(43)) - raft.server.log.write.buffer.size = 33554432 (custom)
2019-09-19 14:40:03,315 [pool-49-thread-1] INFO  server.RaftServerConfigKeys (ConfUtils.java:logGet(43)) - raft.server.log.force.sync.num = 128 (default)
2019-09-19 14:40:03,315 [pool-49-thread-1] INFO  server.RaftServerConfigKeys (ConfUtils.java:logGet(43)) - raft.server.log.statemachine.data.sync = true (default)
2019-09-19 14:40:03,316 [pool-49-thread-1] INFO  server.RaftServerConfigKeys (ConfUtils.java:logGet(43)) - raft.server.log.statemachine.data.sync.timeout = 10s (default)
2019-09-19 14:40:03,316 [pool-49-thread-1] INFO  server.RaftServerConfigKeys (ConfUtils.java:logGet(43)) - raft.server.log.statemachine.data.sync.timeout.retry = -1 (default)
2019-09-19 14:40:03,316 [pool-49-thread-1] INFO  server.RaftServerConfigKeys (ConfUtils.java:logGet(43)) - raft.server.log.statemachine.data.caching.enabled = true (custom)
2019-09-19 14:40:03,316 [pool-49-thread-1] INFO  segmented.SegmentedRaftLogWorker (SegmentedRaftLogWorker.java:lambda$new$0(132)) - cda53276-4c02-47df-9243-aafa1631e748-SegmentedRaftLogWorker:Storage Directory /workdir/hadoop-ozone/ozonefs/target/test-dir/MiniOzoneClusterImpl-889e9801-d8cd-4d64-ad06-78e1b934daf6/datanode-2/data/ratis/4e261ee1-bf6d-4e4e-9ffb-5323f77e4c5d: flushIndex: setUnconditionally 0 -> -1
2019-09-19 14:40:03,317 [pool-49-thread-1] INFO  server.RaftServerConfigKeys (ConfUtils.java:logGet(43)) - raft.server.snapshot.auto.trigger.enabled = true (custom)
2019-09-19 14:40:03,317 [pool-49-thread-1] INFO  server.RaftServerConfigKeys (ConfUtils.java:logGet(43)) - raft.server.snapshot.auto.trigger.threshold = 10000 (custom)
2019-09-19 14:40:03,317 [pool-49-thread-1] INFO  server.RaftServerConfigKeys (ConfUtils.java:logGet(43)) - raft.server.retrycache.expirytime = 600000ms (custom)
2019-09-19 14:40:03,317 [pool-49-thread-1] INFO  impl.RaftServerImpl (RaftServerImpl.java:start(180)) - cda53276-4c02-47df-9243-aafa1631e748: start group-5323F77E4C5D
2019-09-19 14:40:03,318 [pool-49-thread-1] INFO  impl.RaftServerImpl (RaftServerImpl.java:setRole(171)) - cda53276-4c02-47df-9243-aafa1631e748:group-5323F77E4C5D changes role from null to FOLLOWER at term 0 for startAsFollower
2019-09-19 14:40:03,318 [pool-49-thread-1] INFO  impl.RoleInfo (RoleInfo.java:updateAndGet(143)) - cda53276-4c02-47df-9243-aafa1631e748: start FollowerState
2019-09-19 14:40:03,318 [pool-49-thread-1] INFO  util.JmxRegister (JmxRegister.java:tryRegister(44)) - Successfully registered JMX Bean with object name Ratis:service=RaftServer,group=group-5323F77E4C5D,id=cda53276-4c02-47df-9243-aafa1631e748
2019-09-19 14:40:03,325 [RatisPipelineUtilsThread] INFO  pipeline.PipelineStateManager (PipelineStateManager.java:addPipeline(56)) - Created pipeline Pipeline[ Id: 4e261ee1-bf6d-4e4e-9ffb-5323f77e4c5d, Nodes: cda53276-4c02-47df-9243-aafa1631e748{ip: 192.168.5.132, host: pr-hdds-1569-rzdr8-3403194166, networkLocation: /default-rack, certSerialId: null}, Type:RATIS, Factor:ONE, State:OPEN]
2019-09-19 14:40:03,327 [RatisPipelineUtilsThread] ERROR pipeline.PipelinePlacementPolicy (PipelinePlacementPolicy.java:meetCriteria(91)) - Pipeline Placement: Doesn't meet the criteria to be viable node. Heaviness: 6
2019-09-19 14:40:03,338 [grpc-default-executor-1] INFO  impl.RaftServerProxy (RaftServerProxy.java:addNew(89)) - 7354d665-2a20-43d9-a220-6cd224d5c3fe: addNew group-8929965143DB:[7354d665-2a20-43d9-a220-6cd224d5c3fe:192.168.5.132:32973] returns group-8929965143DB:java.util.concurrent.CompletableFuture@52982c37[Not completed]
2019-09-19 14:40:03,340 [pool-60-thread-1] INFO  impl.RaftServerImpl (RaftServerImpl.java:<init>(93)) - 7354d665-2a20-43d9-a220-6cd224d5c3fe: new RaftServerImpl for group-8929965143DB:[7354d665-2a20-43d9-a220-6cd224d5c3fe:192.168.5.132:32973] with ContainerStateMachine:uninitialized
2019-09-19 14:40:03,340 [pool-60-thread-1] INFO  server.RaftServerConfigKeys (ConfUtils.java:logGet(43)) - raft.server.rpc.timeout.min = 5s (custom)
2019-09-19 14:40:03,340 [pool-60-thread-1] INFO  server.RaftServerConfigKeys (ConfUtils.java:logGet(43)) - raft.server.rpc.timeout.max = 5200ms (custom)
2019-09-19 14:40:03,341 [pool-60-thread-1] INFO  server.RaftServerConfigKeys (ConfUtils.java:logGet(43)) - raft.server.rpcslowness.timeout = 120s (custom)
2019-09-19 14:40:03,341 [pool-60-thread-1] INFO  server.RaftServerConfigKeys (ConfUtils.java:logGet(43)) - raft.server.sleep.deviation.threshold = 300 (default)
2019-09-19 14:40:03,341 [pool-60-thread-1] INFO  server.RaftServerConfigKeys (ConfUtils.java:logGet(43)) - raft.server.log.appender.install.snapshot.enabled = false (custom)
2019-09-19 14:40:03,341 [pool-60-thread-1] INFO  impl.RaftServerImpl (ServerState.java:<init>(105)) - 7354d665-2a20-43d9-a220-6cd224d5c3fe:group-8929965143DB ConfigurationManager, init=-1: [7354d665-2a20-43d9-a220-6cd224d5c3fe:192.168.5.132:32973], old=null, confs=<EMPTY_MAP>
2019-09-19 14:40:03,341 [pool-60-thread-1] INFO  server.RaftServerConfigKeys (ConfUtils.java:logGet(43)) - raft.server.storage.dir = [/workdir/hadoop-ozone/ozonefs/target/test-dir/MiniOzoneClusterImpl-889e9801-d8cd-4d64-ad06-78e1b934daf6/datanode-3/data/ratis] (custom)
2019-09-19 14:40:03,343 [pool-60-thread-1] INFO  storage.RaftStorageDirectory (RaftStorageDirectory.java:analyzeStorage(246)) - The storage directory /workdir/hadoop-ozone/ozonefs/target/test-dir/MiniOzoneClusterImpl-889e9801-d8cd-4d64-ad06-78e1b934daf6/datanode-3/data/ratis/85d71af2-8e08-4eaf-adcd-8929965143db does not exist. Creating ...
2019-09-19 14:40:03,353 | INFO  | SCMAudit | user=jenkins1000 | ip=192.168.5.132 | op=SEND_HEARTBEAT {datanodeUUID=7354d665-2a20-43d9-a220-6cd224d5c3fe, command=[]} | ret=SUCCESS |  
2019-09-19 14:40:03,371 [pool-60-thread-1] INFO  storage.RaftStorageDirectory (RaftStorageDirectory.java:tryLock(328)) - Lock on /workdir/hadoop-ozone/ozonefs/target/test-dir/MiniOzoneClusterImpl-889e9801-d8cd-4d64-ad06-78e1b934daf6/datanode-3/data/ratis/85d71af2-8e08-4eaf-adcd-8929965143db/in_use.lock acquired by nodename 29702@pr-hdds-1569-rzdr8-3403194166
2019-09-19 14:40:03,401 [pool-60-thread-1] INFO  storage.RaftStorage (RaftStorage.java:format(72)) - Storage directory /workdir/hadoop-ozone/ozonefs/target/test-dir/MiniOzoneClusterImpl-889e9801-d8cd-4d64-ad06-78e1b934daf6/datanode-3/data/ratis/85d71af2-8e08-4eaf-adcd-8929965143db has been successfully formatted.
2019-09-19 14:40:03,401 [pool-60-thread-1] INFO  ratis.ContainerStateMachine (ContainerStateMachine.java:loadSnapshot(226)) - group-8929965143DB: The snapshot info is null. Setting the last applied indexto:(t:0, i:~)
2019-09-19 14:40:03,401 [pool-60-thread-1] INFO  server.RaftServerConfigKeys (ConfUtils.java:logGet(43)) - raft.server.leader.election.timeout = 120s (custom)
2019-09-19 14:40:03,402 [pool-60-thread-1] INFO  server.RaftServerConfigKeys (ConfUtils.java:logGet(43)) - raft.server.log.use.memory = false (default)
2019-09-19 14:40:03,402 [pool-60-thread-1] INFO  server.RaftServerConfigKeys (ConfUtils.java:logGet(43)) - raft.server.log.purge.gap = 1000000 (custom)
2019-09-19 14:40:03,402 [pool-60-thread-1] INFO  server.RaftServerConfigKeys (ConfUtils.java:logGet(43)) - raft.server.log.appender.buffer.byte-limit = 33554432 (custom)
2019-09-19 14:40:03,402 [pool-60-thread-1] INFO  server.RaftServerConfigKeys (ConfUtils.java:logGet(43)) - raft.server.log.segment.size.max = 1048576 (custom)
2019-09-19 14:40:03,402 [pool-60-thread-1] INFO  server.RaftServerConfigKeys (ConfUtils.java:logGet(43)) - raft.server.log.segment.cache.num.max = 2 (custom)
2019-09-19 14:40:03,403 [pool-60-thread-1] INFO  segmented.SegmentedRaftLogWorker (SegmentedRaftLogWorker.java:<init>(172)) - new 7354d665-2a20-43d9-a220-6cd224d5c3fe-SegmentedRaftLogWorker:Storage Directory /workdir/hadoop-ozone/ozonefs/target/test-dir/MiniOzoneClusterImpl-889e9801-d8cd-4d64-ad06-78e1b934daf6/datanode-3/data/ratis/85d71af2-8e08-4eaf-adcd-8929965143db for RaftStorage:Storage Directory /workdir/hadoop-ozone/ozonefs/target/test-dir/MiniOzoneClusterImpl-889e9801-d8cd-4d64-ad06-78e1b934daf6/datanode-3/data/ratis/85d71af2-8e08-4eaf-adcd-8929965143db
2019-09-19 14:40:03,403 [pool-60-thread-1] INFO  server.RaftServerConfigKeys (ConfUtils.java:logGet(43)) - raft.server.log.queue.byte-limit = 2147483647 (custom)
2019-09-19 14:40:03,403 [pool-60-thread-1] INFO  server.RaftServerConfigKeys (ConfUtils.java:logGet(43)) - raft.server.log.queue.element-limit = 1024 (custom)
2019-09-19 14:40:03,403 [pool-60-thread-1] INFO  server.RaftServerConfigKeys (ConfUtils.java:logGet(43)) - raft.server.log.segment.size.max = 1048576 (custom)
2019-09-19 14:40:03,403 [pool-60-thread-1] INFO  server.RaftServerConfigKeys (ConfUtils.java:logGet(43)) - raft.server.log.preallocated.size = 16384 (custom)
2019-09-19 14:40:03,403 [pool-60-thread-1] INFO  server.RaftServerConfigKeys (ConfUtils.java:logGet(43)) - raft.server.log.write.buffer.size = 33554432 (custom)
2019-09-19 14:40:03,404 [pool-60-thread-1] INFO  server.RaftServerConfigKeys (ConfUtils.java:logGet(43)) - raft.server.log.force.sync.num = 128 (default)
2019-09-19 14:40:03,404 [pool-60-thread-1] INFO  server.RaftServerConfigKeys (ConfUtils.java:logGet(43)) - raft.server.log.statemachine.data.sync = true (default)
2019-09-19 14:40:03,404 [pool-60-thread-1] INFO  server.RaftServerConfigKeys (ConfUtils.java:logGet(43)) - raft.server.log.statemachine.data.sync.timeout = 10s (default)
2019-09-19 14:40:03,404 [pool-60-thread-1] INFO  server.RaftServerConfigKeys (ConfUtils.java:logGet(43)) - raft.server.log.statemachine.data.sync.timeout.retry = -1 (default)
2019-09-19 14:40:03,404 [pool-60-thread-1] INFO  server.RaftServerConfigKeys (ConfUtils.java:logGet(43)) - raft.server.log.statemachine.data.caching.enabled = true (custom)
2019-09-19 14:40:03,405 [pool-60-thread-1] INFO  segmented.SegmentedRaftLogWorker (SegmentedRaftLogWorker.java:lambda$new$0(132)) - 7354d665-2a20-43d9-a220-6cd224d5c3fe-SegmentedRaftLogWorker:Storage Directory /workdir/hadoop-ozone/ozonefs/target/test-dir/MiniOzoneClusterImpl-889e9801-d8cd-4d64-ad06-78e1b934daf6/datanode-3/data/ratis/85d71af2-8e08-4eaf-adcd-8929965143db: flushIndex: setUnconditionally 0 -> -1
2019-09-19 14:40:03,405 [pool-60-thread-1] INFO  server.RaftServerConfigKeys (ConfUtils.java:logGet(43)) - raft.server.snapshot.auto.trigger.enabled = true (custom)
2019-09-19 14:40:03,405 [pool-60-thread-1] INFO  server.RaftServerConfigKeys (ConfUtils.java:logGet(43)) - raft.server.snapshot.auto.trigger.threshold = 10000 (custom)
2019-09-19 14:40:03,406 [pool-60-thread-1] INFO  server.RaftServerConfigKeys (ConfUtils.java:logGet(43)) - raft.server.retrycache.expirytime = 600000ms (custom)
2019-09-19 14:40:03,406 [pool-60-thread-1] INFO  impl.RaftServerImpl (RaftServerImpl.java:start(180)) - 7354d665-2a20-43d9-a220-6cd224d5c3fe: start group-8929965143DB
2019-09-19 14:40:03,406 [pool-60-thread-1] INFO  impl.RaftServerImpl (RaftServerImpl.java:setRole(171)) - 7354d665-2a20-43d9-a220-6cd224d5c3fe:group-8929965143DB changes role from null to FOLLOWER at term 0 for startAsFollower
2019-09-19 14:40:03,406 [pool-60-thread-1] INFO  impl.RoleInfo (RoleInfo.java:updateAndGet(143)) - 7354d665-2a20-43d9-a220-6cd224d5c3fe: start FollowerState
2019-09-19 14:40:03,407 [pool-60-thread-1] INFO  util.JmxRegister (JmxRegister.java:tryRegister(44)) - Successfully registered JMX Bean with object name Ratis:service=RaftServer,group=group-8929965143DB,id=7354d665-2a20-43d9-a220-6cd224d5c3fe
2019-09-19 14:40:03,412 [RatisPipelineUtilsThread] INFO  pipeline.PipelineStateManager (PipelineStateManager.java:addPipeline(56)) - Created pipeline Pipeline[ Id: 85d71af2-8e08-4eaf-adcd-8929965143db, Nodes: 7354d665-2a20-43d9-a220-6cd224d5c3fe{ip: 192.168.5.132, host: pr-hdds-1569-rzdr8-3403194166, networkLocation: /default-rack, certSerialId: null}, Type:RATIS, Factor:ONE, State:OPEN]
2019-09-19 14:40:03,414 [RatisPipelineUtilsThread] ERROR pipeline.PipelinePlacementPolicy (PipelinePlacementPolicy.java:meetCriteria(91)) - Pipeline Placement: Doesn't meet the criteria to be viable node. Heaviness: 6
2019-09-19 14:40:03,427 [grpc-default-executor-1] INFO  impl.RaftServerProxy (RaftServerProxy.java:addNew(89)) - 942b50b4-c7bf-487c-9057-9f9e637dbe53: addNew group-E93A5BCC0F72:[942b50b4-c7bf-487c-9057-9f9e637dbe53:192.168.5.132:34014] returns group-E93A5BCC0F72:java.util.concurrent.CompletableFuture@11192603[Not completed]
2019-09-19 14:40:03,428 [pool-127-thread-1] INFO  impl.RaftServerImpl (RaftServerImpl.java:<init>(93)) - 942b50b4-c7bf-487c-9057-9f9e637dbe53: new RaftServerImpl for group-E93A5BCC0F72:[942b50b4-c7bf-487c-9057-9f9e637dbe53:192.168.5.132:34014] with ContainerStateMachine:uninitialized
2019-09-19 14:40:03,431 [pool-127-thread-1] INFO  server.RaftServerConfigKeys (ConfUtils.java:logGet(43)) - raft.server.rpc.timeout.min = 5s (custom)
2019-09-19 14:40:03,431 [pool-127-thread-1] INFO  server.RaftServerConfigKeys (ConfUtils.java:logGet(43)) - raft.server.rpc.timeout.max = 5200ms (custom)
2019-09-19 14:40:03,431 [pool-127-thread-1] INFO  server.RaftServerConfigKeys (ConfUtils.java:logGet(43)) - raft.server.rpcslowness.timeout = 120s (custom)
2019-09-19 14:40:03,431 [pool-127-thread-1] INFO  server.RaftServerConfigKeys (ConfUtils.java:logGet(43)) - raft.server.sleep.deviation.threshold = 300 (default)
2019-09-19 14:40:03,431 [pool-127-thread-1] INFO  server.RaftServerConfigKeys (ConfUtils.java:logGet(43)) - raft.server.log.appender.install.snapshot.enabled = false (custom)
2019-09-19 14:40:03,431 [pool-127-thread-1] INFO  impl.RaftServerImpl (ServerState.java:<init>(105)) - 942b50b4-c7bf-487c-9057-9f9e637dbe53:group-E93A5BCC0F72 ConfigurationManager, init=-1: [942b50b4-c7bf-487c-9057-9f9e637dbe53:192.168.5.132:34014], old=null, confs=<EMPTY_MAP>
2019-09-19 14:40:03,431 [pool-127-thread-1] INFO  server.RaftServerConfigKeys (ConfUtils.java:logGet(43)) - raft.server.storage.dir = [/workdir/hadoop-ozone/ozonefs/target/test-dir/MiniOzoneClusterImpl-889e9801-d8cd-4d64-ad06-78e1b934daf6/datanode-9/data/ratis] (custom)
2019-09-19 14:40:03,432 [pool-127-thread-1] INFO  storage.RaftStorageDirectory (RaftStorageDirectory.java:analyzeStorage(246)) - The storage directory /workdir/hadoop-ozone/ozonefs/target/test-dir/MiniOzoneClusterImpl-889e9801-d8cd-4d64-ad06-78e1b934daf6/datanode-9/data/ratis/20033b04-a110-4dbb-8e45-e93a5bcc0f72 does not exist. Creating ...
2019-09-19 14:40:03,456 [pool-127-thread-1] INFO  storage.RaftStorageDirectory (RaftStorageDirectory.java:tryLock(328)) - Lock on /workdir/hadoop-ozone/ozonefs/target/test-dir/MiniOzoneClusterImpl-889e9801-d8cd-4d64-ad06-78e1b934daf6/datanode-9/data/ratis/20033b04-a110-4dbb-8e45-e93a5bcc0f72/in_use.lock acquired by nodename 29702@pr-hdds-1569-rzdr8-3403194166
2019-09-19 14:40:03,457 | INFO  | SCMAudit | user=jenkins1000 | ip=192.168.5.132 | op=SEND_HEARTBEAT {datanodeUUID=7bfd0aba-89d9-48be-a848-6a4500b14ddf, command=[]} | ret=SUCCESS |  
2019-09-19 14:40:03,466 | INFO  | OMAudit | user=jenkins1000 | ip=127.0.0.1 | op=READ_VOLUME {volume=volume27944} | ret=SUCCESS |  
2019-09-19 14:40:03,487 [pool-127-thread-1] INFO  storage.RaftStorage (RaftStorage.java:format(72)) - Storage directory /workdir/hadoop-ozone/ozonefs/target/test-dir/MiniOzoneClusterImpl-889e9801-d8cd-4d64-ad06-78e1b934daf6/datanode-9/data/ratis/20033b04-a110-4dbb-8e45-e93a5bcc0f72 has been successfully formatted.
2019-09-19 14:40:03,488 [pool-127-thread-1] INFO  ratis.ContainerStateMachine (ContainerStateMachine.java:loadSnapshot(226)) - group-E93A5BCC0F72: The snapshot info is null. Setting the last applied indexto:(t:0, i:~)
2019-09-19 14:40:03,488 [pool-127-thread-1] INFO  server.RaftServerConfigKeys (ConfUtils.java:logGet(43)) - raft.server.leader.election.timeout = 120s (custom)
2019-09-19 14:40:03,488 [pool-127-thread-1] INFO  server.RaftServerConfigKeys (ConfUtils.java:logGet(43)) - raft.server.log.use.memory = false (default)
2019-09-19 14:40:03,488 [pool-127-thread-1] INFO  server.RaftServerConfigKeys (ConfUtils.java:logGet(43)) - raft.server.log.purge.gap = 1000000 (custom)
2019-09-19 14:40:03,488 [pool-127-thread-1] INFO  server.RaftServerConfigKeys (ConfUtils.java:logGet(43)) - raft.server.log.appender.buffer.byte-limit = 33554432 (custom)
2019-09-19 14:40:03,488 [pool-127-thread-1] INFO  server.RaftServerConfigKeys (ConfUtils.java:logGet(43)) - raft.server.log.segment.size.max = 1048576 (custom)
2019-09-19 14:40:03,488 [pool-127-thread-1] INFO  server.RaftServerConfigKeys (ConfUtils.java:logGet(43)) - raft.server.log.segment.cache.num.max = 2 (custom)
2019-09-19 14:40:03,489 [pool-127-thread-1] INFO  segmented.SegmentedRaftLogWorker (SegmentedRaftLogWorker.java:<init>(172)) - new 942b50b4-c7bf-487c-9057-9f9e637dbe53-SegmentedRaftLogWorker:Storage Directory /workdir/hadoop-ozone/ozonefs/target/test-dir/MiniOzoneClusterImpl-889e9801-d8cd-4d64-ad06-78e1b934daf6/datanode-9/data/ratis/20033b04-a110-4dbb-8e45-e93a5bcc0f72 for RaftStorage:Storage Directory /workdir/hadoop-ozone/ozonefs/target/test-dir/MiniOzoneClusterImpl-889e9801-d8cd-4d64-ad06-78e1b934daf6/datanode-9/data/ratis/20033b04-a110-4dbb-8e45-e93a5bcc0f72
2019-09-19 14:40:03,489 [pool-127-thread-1] INFO  server.RaftServerConfigKeys (ConfUtils.java:logGet(43)) - raft.server.log.queue.byte-limit = 2147483647 (custom)
2019-09-19 14:40:03,489 [pool-127-thread-1] INFO  server.RaftServerConfigKeys (ConfUtils.java:logGet(43)) - raft.server.log.queue.element-limit = 1024 (custom)
2019-09-19 14:40:03,489 [pool-127-thread-1] INFO  server.RaftServerConfigKeys (ConfUtils.java:logGet(43)) - raft.server.log.segment.size.max = 1048576 (custom)
2019-09-19 14:40:03,489 [pool-127-thread-1] INFO  server.RaftServerConfigKeys (ConfUtils.java:logGet(43)) - raft.server.log.preallocated.size = 16384 (custom)
2019-09-19 14:40:03,489 [pool-127-thread-1] INFO  server.RaftServerConfigKeys (ConfUtils.java:logGet(43)) - raft.server.log.write.buffer.size = 33554432 (custom)
2019-09-19 14:40:03,489 [pool-127-thread-1] INFO  server.RaftServerConfigKeys (ConfUtils.java:logGet(43)) - raft.server.log.force.sync.num = 128 (default)
2019-09-19 14:40:03,489 [pool-127-thread-1] INFO  server.RaftServerConfigKeys (ConfUtils.java:logGet(43)) - raft.server.log.statemachine.data.sync = true (default)
2019-09-19 14:40:03,490 [pool-127-thread-1] INFO  server.RaftServerConfigKeys (ConfUtils.java:logGet(43)) - raft.server.log.statemachine.data.sync.timeout = 10s (default)
2019-09-19 14:40:03,490 [pool-127-thread-1] INFO  server.RaftServerConfigKeys (ConfUtils.java:logGet(43)) - raft.server.log.statemachine.data.sync.timeout.retry = -1 (default)
2019-09-19 14:40:03,490 [pool-127-thread-1] INFO  server.RaftServerConfigKeys (ConfUtils.java:logGet(43)) - raft.server.log.statemachine.data.caching.enabled = true (custom)
2019-09-19 14:40:03,490 [pool-127-thread-1] INFO  segmented.SegmentedRaftLogWorker (SegmentedRaftLogWorker.java:lambda$new$0(132)) - 942b50b4-c7bf-487c-9057-9f9e637dbe53-SegmentedRaftLogWorker:Storage Directory /workdir/hadoop-ozone/ozonefs/target/test-dir/MiniOzoneClusterImpl-889e9801-d8cd-4d64-ad06-78e1b934daf6/datanode-9/data/ratis/20033b04-a110-4dbb-8e45-e93a5bcc0f72: flushIndex: setUnconditionally 0 -> -1
2019-09-19 14:40:03,490 [pool-127-thread-1] INFO  server.RaftServerConfigKeys (ConfUtils.java:logGet(43)) - raft.server.snapshot.auto.trigger.enabled = true (custom)
2019-09-19 14:40:03,491 [pool-127-thread-1] INFO  server.RaftServerConfigKeys (ConfUtils.java:logGet(43)) - raft.server.snapshot.auto.trigger.threshold = 10000 (custom)
2019-09-19 14:40:03,491 [pool-127-thread-1] INFO  server.RaftServerConfigKeys (ConfUtils.java:logGet(43)) - raft.server.retrycache.expirytime = 600000ms (custom)
2019-09-19 14:40:03,491 [pool-127-thread-1] INFO  impl.RaftServerImpl (RaftServerImpl.java:start(180)) - 942b50b4-c7bf-487c-9057-9f9e637dbe53: start group-E93A5BCC0F72
2019-09-19 14:40:03,491 [pool-127-thread-1] INFO  impl.RaftServerImpl (RaftServerImpl.java:setRole(171)) - 942b50b4-c7bf-487c-9057-9f9e637dbe53:group-E93A5BCC0F72 changes role from null to FOLLOWER at term 0 for startAsFollower
2019-09-19 14:40:03,491 | INFO  | OMAudit | user=jenkins1000 | ip=127.0.0.1 | op=READ_BUCKET {volume=volume27944, bucket=bucket21310} | ret=SUCCESS |  
2019-09-19 14:40:03,491 [pool-127-thread-1] INFO  impl.RoleInfo (RoleInfo.java:updateAndGet(143)) - 942b50b4-c7bf-487c-9057-9f9e637dbe53: start FollowerState
2019-09-19 14:40:03,492 [pool-127-thread-1] INFO  util.JmxRegister (JmxRegister.java:tryRegister(44)) - Successfully registered JMX Bean with object name Ratis:service=RaftServer,group=group-E93A5BCC0F72,id=942b50b4-c7bf-487c-9057-9f9e637dbe53
2019-09-19 14:40:03,498 [RatisPipelineUtilsThread] INFO  pipeline.PipelineStateManager (PipelineStateManager.java:addPipeline(56)) - Created pipeline Pipeline[ Id: 20033b04-a110-4dbb-8e45-e93a5bcc0f72, Nodes: 942b50b4-c7bf-487c-9057-9f9e637dbe53{ip: 192.168.5.132, host: pr-hdds-1569-rzdr8-3403194166, networkLocation: /default-rack, certSerialId: null}, Type:RATIS, Factor:ONE, State:OPEN]
2019-09-19 14:40:03,501 | INFO  | SCMAudit | user=jenkins1000 | ip=192.168.5.132 | op=SEND_HEARTBEAT {datanodeUUID=6aa361a5-10ee-4e6c-9990-87c23e670156, command=[]} | ret=SUCCESS |  
2019-09-19 14:40:03,501 [RatisPipelineUtilsThread] ERROR pipeline.PipelinePlacementPolicy (PipelinePlacementPolicy.java:meetCriteria(91)) - Pipeline Placement: Doesn't meet the criteria to be viable node. Heaviness: 6
2019-09-19 14:40:03,514 [grpc-default-executor-1] INFO  impl.RaftServerProxy (RaftServerProxy.java:addNew(89)) - afbae23f-b8a7-4a0f-ac57-bc0dcc025f7c: addNew group-9659289A4561:[afbae23f-b8a7-4a0f-ac57-bc0dcc025f7c:192.168.5.132:44695] returns group-9659289A4561:java.util.concurrent.CompletableFuture@172c3fa6[Not completed]
2019-09-19 14:40:03,515 [pool-82-thread-1] INFO  impl.RaftServerImpl (RaftServerImpl.java:<init>(93)) - afbae23f-b8a7-4a0f-ac57-bc0dcc025f7c: new RaftServerImpl for group-9659289A4561:[afbae23f-b8a7-4a0f-ac57-bc0dcc025f7c:192.168.5.132:44695] with ContainerStateMachine:uninitialized
2019-09-19 14:40:03,515 [pool-82-thread-1] INFO  server.RaftServerConfigKeys (ConfUtils.java:logGet(43)) - raft.server.rpc.timeout.min = 5s (custom)
2019-09-19 14:40:03,515 [pool-82-thread-1] INFO  server.RaftServerConfigKeys (ConfUtils.java:logGet(43)) - raft.server.rpc.timeout.max = 5200ms (custom)
2019-09-19 14:40:03,516 [pool-82-thread-1] INFO  server.RaftServerConfigKeys (ConfUtils.java:logGet(43)) - raft.server.rpcslowness.timeout = 120s (custom)
2019-09-19 14:40:03,516 [pool-82-thread-1] INFO  server.RaftServerConfigKeys (ConfUtils.java:logGet(43)) - raft.server.sleep.deviation.threshold = 300 (default)
2019-09-19 14:40:03,516 [pool-82-thread-1] INFO  server.RaftServerConfigKeys (ConfUtils.java:logGet(43)) - raft.server.log.appender.install.snapshot.enabled = false (custom)
2019-09-19 14:40:03,516 [pool-82-thread-1] INFO  impl.RaftServerImpl (ServerState.java:<init>(105)) - afbae23f-b8a7-4a0f-ac57-bc0dcc025f7c:group-9659289A4561 ConfigurationManager, init=-1: [afbae23f-b8a7-4a0f-ac57-bc0dcc025f7c:192.168.5.132:44695], old=null, confs=<EMPTY_MAP>
2019-09-19 14:40:03,516 [pool-82-thread-1] INFO  server.RaftServerConfigKeys (ConfUtils.java:logGet(43)) - raft.server.storage.dir = [/workdir/hadoop-ozone/ozonefs/target/test-dir/MiniOzoneClusterImpl-889e9801-d8cd-4d64-ad06-78e1b934daf6/datanode-5/data/ratis] (custom)
2019-09-19 14:40:03,517 [pool-82-thread-1] INFO  storage.RaftStorageDirectory (RaftStorageDirectory.java:analyzeStorage(246)) - The storage directory /workdir/hadoop-ozone/ozonefs/target/test-dir/MiniOzoneClusterImpl-889e9801-d8cd-4d64-ad06-78e1b934daf6/datanode-5/data/ratis/5dfe44c1-8a74-4b5c-98f4-9659289a4561 does not exist. Creating ...
2019-09-19 14:40:03,541 [pool-82-thread-1] INFO  storage.RaftStorageDirectory (RaftStorageDirectory.java:tryLock(328)) - Lock on /workdir/hadoop-ozone/ozonefs/target/test-dir/MiniOzoneClusterImpl-889e9801-d8cd-4d64-ad06-78e1b934daf6/datanode-5/data/ratis/5dfe44c1-8a74-4b5c-98f4-9659289a4561/in_use.lock acquired by nodename 29702@pr-hdds-1569-rzdr8-3403194166
2019-09-19 14:40:03,566 | INFO  | SCMAudit | user=jenkins1000 | ip=192.168.5.132 | op=SEND_HEARTBEAT {datanodeUUID=c157b6a0-3602-4e04-89f3-2eaad4ae05f6, command=[]} | ret=SUCCESS |  
2019-09-19 14:40:03,566 [pool-82-thread-1] INFO  storage.RaftStorage (RaftStorage.java:format(72)) - Storage directory /workdir/hadoop-ozone/ozonefs/target/test-dir/MiniOzoneClusterImpl-889e9801-d8cd-4d64-ad06-78e1b934daf6/datanode-5/data/ratis/5dfe44c1-8a74-4b5c-98f4-9659289a4561 has been successfully formatted.
2019-09-19 14:40:03,567 [pool-82-thread-1] INFO  ratis.ContainerStateMachine (ContainerStateMachine.java:loadSnapshot(226)) - group-9659289A4561: The snapshot info is null. Setting the last applied indexto:(t:0, i:~)
2019-09-19 14:40:03,567 [pool-82-thread-1] INFO  server.RaftServerConfigKeys (ConfUtils.java:logGet(43)) - raft.server.leader.election.timeout = 120s (custom)
2019-09-19 14:40:03,567 [pool-82-thread-1] INFO  server.RaftServerConfigKeys (ConfUtils.java:logGet(43)) - raft.server.log.use.memory = false (default)
2019-09-19 14:40:03,567 [pool-82-thread-1] INFO  server.RaftServerConfigKeys (ConfUtils.java:logGet(43)) - raft.server.log.purge.gap = 1000000 (custom)
2019-09-19 14:40:03,568 [pool-82-thread-1] INFO  server.RaftServerConfigKeys (ConfUtils.java:logGet(43)) - raft.server.log.appender.buffer.byte-limit = 33554432 (custom)
2019-09-19 14:40:03,568 [pool-82-thread-1] INFO  server.RaftServerConfigKeys (ConfUtils.java:logGet(43)) - raft.server.log.segment.size.max = 1048576 (custom)
2019-09-19 14:40:03,568 [pool-82-thread-1] INFO  server.RaftServerConfigKeys (ConfUtils.java:logGet(43)) - raft.server.log.segment.cache.num.max = 2 (custom)
2019-09-19 14:40:03,568 [pool-82-thread-1] INFO  segmented.SegmentedRaftLogWorker (SegmentedRaftLogWorker.java:<init>(172)) - new afbae23f-b8a7-4a0f-ac57-bc0dcc025f7c-SegmentedRaftLogWorker:Storage Directory /workdir/hadoop-ozone/ozonefs/target/test-dir/MiniOzoneClusterImpl-889e9801-d8cd-4d64-ad06-78e1b934daf6/datanode-5/data/ratis/5dfe44c1-8a74-4b5c-98f4-9659289a4561 for RaftStorage:Storage Directory /workdir/hadoop-ozone/ozonefs/target/test-dir/MiniOzoneClusterImpl-889e9801-d8cd-4d64-ad06-78e1b934daf6/datanode-5/data/ratis/5dfe44c1-8a74-4b5c-98f4-9659289a4561
2019-09-19 14:40:03,568 [pool-82-thread-1] INFO  server.RaftServerConfigKeys (ConfUtils.java:logGet(43)) - raft.server.log.queue.byte-limit = 2147483647 (custom)
2019-09-19 14:40:03,568 [pool-82-thread-1] INFO  server.RaftServerConfigKeys (ConfUtils.java:logGet(43)) - raft.server.log.queue.element-limit = 1024 (custom)
2019-09-19 14:40:03,569 [pool-82-thread-1] INFO  server.RaftServerConfigKeys (ConfUtils.java:logGet(43)) - raft.server.log.segment.size.max = 1048576 (custom)
2019-09-19 14:40:03,569 [pool-82-thread-1] INFO  server.RaftServerConfigKeys (ConfUtils.java:logGet(43)) - raft.server.log.preallocated.size = 16384 (custom)
2019-09-19 14:40:03,569 [pool-82-thread-1] INFO  server.RaftServerConfigKeys (ConfUtils.java:logGet(43)) - raft.server.log.write.buffer.size = 33554432 (custom)
2019-09-19 14:40:03,569 [pool-82-thread-1] INFO  server.RaftServerConfigKeys (ConfUtils.java:logGet(43)) - raft.server.log.force.sync.num = 128 (default)
2019-09-19 14:40:03,569 [pool-82-thread-1] INFO  server.RaftServerConfigKeys (ConfUtils.java:logGet(43)) - raft.server.log.statemachine.data.sync = true (default)
2019-09-19 14:40:03,569 [pool-82-thread-1] INFO  server.RaftServerConfigKeys (ConfUtils.java:logGet(43)) - raft.server.log.statemachine.data.sync.timeout = 10s (default)
2019-09-19 14:40:03,569 [pool-82-thread-1] INFO  server.RaftServerConfigKeys (ConfUtils.java:logGet(43)) - raft.server.log.statemachine.data.sync.timeout.retry = -1 (default)
2019-09-19 14:40:03,570 [pool-82-thread-1] INFO  server.RaftServerConfigKeys (ConfUtils.java:logGet(43)) - raft.server.log.statemachine.data.caching.enabled = true (custom)
2019-09-19 14:40:03,570 [pool-82-thread-1] INFO  segmented.SegmentedRaftLogWorker (SegmentedRaftLogWorker.java:lambda$new$0(132)) - afbae23f-b8a7-4a0f-ac57-bc0dcc025f7c-SegmentedRaftLogWorker:Storage Directory /workdir/hadoop-ozone/ozonefs/target/test-dir/MiniOzoneClusterImpl-889e9801-d8cd-4d64-ad06-78e1b934daf6/datanode-5/data/ratis/5dfe44c1-8a74-4b5c-98f4-9659289a4561: flushIndex: setUnconditionally 0 -> -1
2019-09-19 14:40:03,570 [pool-82-thread-1] INFO  server.RaftServerConfigKeys (ConfUtils.java:logGet(43)) - raft.server.snapshot.auto.trigger.enabled = true (custom)
2019-09-19 14:40:03,570 [pool-82-thread-1] INFO  server.RaftServerConfigKeys (ConfUtils.java:logGet(43)) - raft.server.snapshot.auto.trigger.threshold = 10000 (custom)
2019-09-19 14:40:03,571 [pool-82-thread-1] INFO  server.RaftServerConfigKeys (ConfUtils.java:logGet(43)) - raft.server.retrycache.expirytime = 600000ms (custom)
2019-09-19 14:40:03,571 [pool-82-thread-1] INFO  impl.RaftServerImpl (RaftServerImpl.java:start(180)) - afbae23f-b8a7-4a0f-ac57-bc0dcc025f7c: start group-9659289A4561
2019-09-19 14:40:03,571 [pool-82-thread-1] INFO  impl.RaftServerImpl (RaftServerImpl.java:setRole(171)) - afbae23f-b8a7-4a0f-ac57-bc0dcc025f7c:group-9659289A4561 changes role from null to FOLLOWER at term 0 for startAsFollower
2019-09-19 14:40:03,571 [pool-82-thread-1] INFO  impl.RoleInfo (RoleInfo.java:updateAndGet(143)) - afbae23f-b8a7-4a0f-ac57-bc0dcc025f7c: start FollowerState
2019-09-19 14:40:03,572 [pool-82-thread-1] INFO  util.JmxRegister (JmxRegister.java:tryRegister(44)) - Successfully registered JMX Bean with object name Ratis:service=RaftServer,group=group-9659289A4561,id=afbae23f-b8a7-4a0f-ac57-bc0dcc025f7c
2019-09-19 14:40:03,579 [RatisPipelineUtilsThread] INFO  pipeline.PipelineStateManager (PipelineStateManager.java:addPipeline(56)) - Created pipeline Pipeline[ Id: 5dfe44c1-8a74-4b5c-98f4-9659289a4561, Nodes: afbae23f-b8a7-4a0f-ac57-bc0dcc025f7c{ip: 192.168.5.132, host: pr-hdds-1569-rzdr8-3403194166, networkLocation: /default-rack, certSerialId: null}, Type:RATIS, Factor:ONE, State:OPEN]
2019-09-19 14:40:03,582 [RatisPipelineUtilsThread] ERROR pipeline.PipelinePlacementPolicy (PipelinePlacementPolicy.java:meetCriteria(91)) - Pipeline Placement: Doesn't meet the criteria to be viable node. Heaviness: 6
2019-09-19 14:40:03,594 [grpc-default-executor-1] INFO  impl.RaftServerProxy (RaftServerProxy.java:addNew(89)) - c157b6a0-3602-4e04-89f3-2eaad4ae05f6: addNew group-0AFBC0D13B45:[c157b6a0-3602-4e04-89f3-2eaad4ae05f6:192.168.5.132:35760] returns group-0AFBC0D13B45:java.util.concurrent.CompletableFuture@2d4cd60b[Not completed]
2019-09-19 14:40:03,595 [pool-38-thread-1] INFO  impl.RaftServerImpl (RaftServerImpl.java:<init>(93)) - c157b6a0-3602-4e04-89f3-2eaad4ae05f6: new RaftServerImpl for group-0AFBC0D13B45:[c157b6a0-3602-4e04-89f3-2eaad4ae05f6:192.168.5.132:35760] with ContainerStateMachine:uninitialized
2019-09-19 14:40:03,595 [pool-38-thread-1] INFO  server.RaftServerConfigKeys (ConfUtils.java:logGet(43)) - raft.server.rpc.timeout.min = 5s (custom)
2019-09-19 14:40:03,595 [pool-38-thread-1] INFO  server.RaftServerConfigKeys (ConfUtils.java:logGet(43)) - raft.server.rpc.timeout.max = 5200ms (custom)
2019-09-19 14:40:03,596 [pool-38-thread-1] INFO  server.RaftServerConfigKeys (ConfUtils.java:logGet(43)) - raft.server.rpcslowness.timeout = 120s (custom)
2019-09-19 14:40:03,596 [pool-38-thread-1] INFO  server.RaftServerConfigKeys (ConfUtils.java:logGet(43)) - raft.server.sleep.deviation.threshold = 300 (default)
2019-09-19 14:40:03,596 [pool-38-thread-1] INFO  server.RaftServerConfigKeys (ConfUtils.java:logGet(43)) - raft.server.log.appender.install.snapshot.enabled = false (custom)
2019-09-19 14:40:03,596 [pool-38-thread-1] INFO  impl.RaftServerImpl (ServerState.java:<init>(105)) - c157b6a0-3602-4e04-89f3-2eaad4ae05f6:group-0AFBC0D13B45 ConfigurationManager, init=-1: [c157b6a0-3602-4e04-89f3-2eaad4ae05f6:192.168.5.132:35760], old=null, confs=<EMPTY_MAP>
2019-09-19 14:40:03,596 [pool-38-thread-1] INFO  server.RaftServerConfigKeys (ConfUtils.java:logGet(43)) - raft.server.storage.dir = [/workdir/hadoop-ozone/ozonefs/target/test-dir/MiniOzoneClusterImpl-889e9801-d8cd-4d64-ad06-78e1b934daf6/datanode-1/data/ratis] (custom)
2019-09-19 14:40:03,597 [pool-38-thread-1] INFO  storage.RaftStorageDirectory (RaftStorageDirectory.java:analyzeStorage(246)) - The storage directory /workdir/hadoop-ozone/ozonefs/target/test-dir/MiniOzoneClusterImpl-889e9801-d8cd-4d64-ad06-78e1b934daf6/datanode-1/data/ratis/e02b644f-5eb3-4583-8a1e-0afbc0d13b45 does not exist. Creating ...
2019-09-19 14:40:03,625 [pool-38-thread-1] INFO  storage.RaftStorageDirectory (RaftStorageDirectory.java:tryLock(328)) - Lock on /workdir/hadoop-ozone/ozonefs/target/test-dir/MiniOzoneClusterImpl-889e9801-d8cd-4d64-ad06-78e1b934daf6/datanode-1/data/ratis/e02b644f-5eb3-4583-8a1e-0afbc0d13b45/in_use.lock acquired by nodename 29702@pr-hdds-1569-rzdr8-3403194166
2019-09-19 14:40:03,650 [pool-38-thread-1] INFO  storage.RaftStorage (RaftStorage.java:format(72)) - Storage directory /workdir/hadoop-ozone/ozonefs/target/test-dir/MiniOzoneClusterImpl-889e9801-d8cd-4d64-ad06-78e1b934daf6/datanode-1/data/ratis/e02b644f-5eb3-4583-8a1e-0afbc0d13b45 has been successfully formatted.
2019-09-19 14:40:03,650 [pool-38-thread-1] INFO  ratis.ContainerStateMachine (ContainerStateMachine.java:loadSnapshot(226)) - group-0AFBC0D13B45: The snapshot info is null. Setting the last applied indexto:(t:0, i:~)
2019-09-19 14:40:03,650 [pool-38-thread-1] INFO  server.RaftServerConfigKeys (ConfUtils.java:logGet(43)) - raft.server.leader.election.timeout = 120s (custom)
2019-09-19 14:40:03,651 [pool-38-thread-1] INFO  server.RaftServerConfigKeys (ConfUtils.java:logGet(43)) - raft.server.log.use.memory = false (default)
2019-09-19 14:40:03,651 [pool-38-thread-1] INFO  server.RaftServerConfigKeys (ConfUtils.java:logGet(43)) - raft.server.log.purge.gap = 1000000 (custom)
2019-09-19 14:40:03,651 [pool-38-thread-1] INFO  server.RaftServerConfigKeys (ConfUtils.java:logGet(43)) - raft.server.log.appender.buffer.byte-limit = 33554432 (custom)
2019-09-19 14:40:03,651 [pool-38-thread-1] INFO  server.RaftServerConfigKeys (ConfUtils.java:logGet(43)) - raft.server.log.segment.size.max = 1048576 (custom)
2019-09-19 14:40:03,651 [pool-38-thread-1] INFO  server.RaftServerConfigKeys (ConfUtils.java:logGet(43)) - raft.server.log.segment.cache.num.max = 2 (custom)
2019-09-19 14:40:03,651 [pool-38-thread-1] INFO  segmented.SegmentedRaftLogWorker (SegmentedRaftLogWorker.java:<init>(172)) - new c157b6a0-3602-4e04-89f3-2eaad4ae05f6-SegmentedRaftLogWorker:Storage Directory /workdir/hadoop-ozone/ozonefs/target/test-dir/MiniOzoneClusterImpl-889e9801-d8cd-4d64-ad06-78e1b934daf6/datanode-1/data/ratis/e02b644f-5eb3-4583-8a1e-0afbc0d13b45 for RaftStorage:Storage Directory /workdir/hadoop-ozone/ozonefs/target/test-dir/MiniOzoneClusterImpl-889e9801-d8cd-4d64-ad06-78e1b934daf6/datanode-1/data/ratis/e02b644f-5eb3-4583-8a1e-0afbc0d13b45
2019-09-19 14:40:03,651 [pool-38-thread-1] INFO  server.RaftServerConfigKeys (ConfUtils.java:logGet(43)) - raft.server.log.queue.byte-limit = 2147483647 (custom)
2019-09-19 14:40:03,651 [pool-38-thread-1] INFO  server.RaftServerConfigKeys (ConfUtils.java:logGet(43)) - raft.server.log.queue.element-limit = 1024 (custom)
2019-09-19 14:40:03,651 [pool-38-thread-1] INFO  server.RaftServerConfigKeys (ConfUtils.java:logGet(43)) - raft.server.log.segment.size.max = 1048576 (custom)
2019-09-19 14:40:03,652 [pool-38-thread-1] INFO  server.RaftServerConfigKeys (ConfUtils.java:logGet(43)) - raft.server.log.preallocated.size = 16384 (custom)
2019-09-19 14:40:03,652 [pool-38-thread-1] INFO  server.RaftServerConfigKeys (ConfUtils.java:logGet(43)) - raft.server.log.write.buffer.size = 33554432 (custom)
2019-09-19 14:40:03,652 [pool-38-thread-1] INFO  server.RaftServerConfigKeys (ConfUtils.java:logGet(43)) - raft.server.log.force.sync.num = 128 (default)
2019-09-19 14:40:03,652 [pool-38-thread-1] INFO  server.RaftServerConfigKeys (ConfUtils.java:logGet(43)) - raft.server.log.statemachine.data.sync = true (default)
2019-09-19 14:40:03,652 [pool-38-thread-1] INFO  server.RaftServerConfigKeys (ConfUtils.java:logGet(43)) - raft.server.log.statemachine.data.sync.timeout = 10s (default)
2019-09-19 14:40:03,652 [pool-38-thread-1] INFO  server.RaftServerConfigKeys (ConfUtils.java:logGet(43)) - raft.server.log.statemachine.data.sync.timeout.retry = -1 (default)
2019-09-19 14:40:03,652 [pool-38-thread-1] INFO  server.RaftServerConfigKeys (ConfUtils.java:logGet(43)) - raft.server.log.statemachine.data.caching.enabled = true (custom)
2019-09-19 14:40:03,652 [pool-38-thread-1] INFO  segmented.SegmentedRaftLogWorker (SegmentedRaftLogWorker.java:lambda$new$0(132)) - c157b6a0-3602-4e04-89f3-2eaad4ae05f6-SegmentedRaftLogWorker:Storage Directory /workdir/hadoop-ozone/ozonefs/target/test-dir/MiniOzoneClusterImpl-889e9801-d8cd-4d64-ad06-78e1b934daf6/datanode-1/data/ratis/e02b644f-5eb3-4583-8a1e-0afbc0d13b45: flushIndex: setUnconditionally 0 -> -1
2019-09-19 14:40:03,653 [pool-38-thread-1] INFO  server.RaftServerConfigKeys (ConfUtils.java:logGet(43)) - raft.server.snapshot.auto.trigger.enabled = true (custom)
2019-09-19 14:40:03,653 [pool-38-thread-1] INFO  server.RaftServerConfigKeys (ConfUtils.java:logGet(43)) - raft.server.snapshot.auto.trigger.threshold = 10000 (custom)
2019-09-19 14:40:03,653 [pool-38-thread-1] INFO  server.RaftServerConfigKeys (ConfUtils.java:logGet(43)) - raft.server.retrycache.expirytime = 600000ms (custom)
2019-09-19 14:40:03,653 [pool-38-thread-1] INFO  impl.RaftServerImpl (RaftServerImpl.java:start(180)) - c157b6a0-3602-4e04-89f3-2eaad4ae05f6: start group-0AFBC0D13B45
2019-09-19 14:40:03,653 [pool-38-thread-1] INFO  impl.RaftServerImpl (RaftServerImpl.java:setRole(171)) - c157b6a0-3602-4e04-89f3-2eaad4ae05f6:group-0AFBC0D13B45 changes role from null to FOLLOWER at term 0 for startAsFollower
2019-09-19 14:40:03,653 [pool-38-thread-1] INFO  impl.RoleInfo (RoleInfo.java:updateAndGet(143)) - c157b6a0-3602-4e04-89f3-2eaad4ae05f6: start FollowerState
2019-09-19 14:40:03,654 [pool-38-thread-1] INFO  util.JmxRegister (JmxRegister.java:tryRegister(44)) - Successfully registered JMX Bean with object name Ratis:service=RaftServer,group=group-0AFBC0D13B45,id=c157b6a0-3602-4e04-89f3-2eaad4ae05f6
2019-09-19 14:40:03,660 [RatisPipelineUtilsThread] INFO  pipeline.PipelineStateManager (PipelineStateManager.java:addPipeline(56)) - Created pipeline Pipeline[ Id: e02b644f-5eb3-4583-8a1e-0afbc0d13b45, Nodes: c157b6a0-3602-4e04-89f3-2eaad4ae05f6{ip: 192.168.5.132, host: pr-hdds-1569-rzdr8-3403194166, networkLocation: /default-rack, certSerialId: null}, Type:RATIS, Factor:ONE, State:OPEN]
2019-09-19 14:40:03,663 [RatisPipelineUtilsThread] ERROR pipeline.PipelinePlacementPolicy (PipelinePlacementPolicy.java:meetCriteria(91)) - Pipeline Placement: Doesn't meet the criteria to be viable node. Heaviness: 6
2019-09-19 14:40:03,675 [grpc-default-executor-1] INFO  impl.RaftServerProxy (RaftServerProxy.java:addNew(89)) - 7354d665-2a20-43d9-a220-6cd224d5c3fe: addNew group-C9D550F9B02A:[7354d665-2a20-43d9-a220-6cd224d5c3fe:192.168.5.132:32973] returns group-C9D550F9B02A:java.util.concurrent.CompletableFuture@43cce564[Not completed]
2019-09-19 14:40:03,676 [pool-60-thread-1] INFO  impl.RaftServerImpl (RaftServerImpl.java:<init>(93)) - 7354d665-2a20-43d9-a220-6cd224d5c3fe: new RaftServerImpl for group-C9D550F9B02A:[7354d665-2a20-43d9-a220-6cd224d5c3fe:192.168.5.132:32973] with ContainerStateMachine:uninitialized
2019-09-19 14:40:03,677 [pool-60-thread-1] INFO  server.RaftServerConfigKeys (ConfUtils.java:logGet(43)) - raft.server.rpc.timeout.min = 5s (custom)
2019-09-19 14:40:03,677 [pool-60-thread-1] INFO  server.RaftServerConfigKeys (ConfUtils.java:logGet(43)) - raft.server.rpc.timeout.max = 5200ms (custom)
2019-09-19 14:40:03,677 [pool-60-thread-1] INFO  server.RaftServerConfigKeys (ConfUtils.java:logGet(43)) - raft.server.rpcslowness.timeout = 120s (custom)
2019-09-19 14:40:03,677 [pool-60-thread-1] INFO  server.RaftServerConfigKeys (ConfUtils.java:logGet(43)) - raft.server.sleep.deviation.threshold = 300 (default)
2019-09-19 14:40:03,677 [pool-60-thread-1] INFO  server.RaftServerConfigKeys (ConfUtils.java:logGet(43)) - raft.server.log.appender.install.snapshot.enabled = false (custom)
2019-09-19 14:40:03,677 [pool-60-thread-1] INFO  impl.RaftServerImpl (ServerState.java:<init>(105)) - 7354d665-2a20-43d9-a220-6cd224d5c3fe:group-C9D550F9B02A ConfigurationManager, init=-1: [7354d665-2a20-43d9-a220-6cd224d5c3fe:192.168.5.132:32973], old=null, confs=<EMPTY_MAP>
2019-09-19 14:40:03,678 [pool-60-thread-1] INFO  server.RaftServerConfigKeys (ConfUtils.java:logGet(43)) - raft.server.storage.dir = [/workdir/hadoop-ozone/ozonefs/target/test-dir/MiniOzoneClusterImpl-889e9801-d8cd-4d64-ad06-78e1b934daf6/datanode-3/data/ratis] (custom)
2019-09-19 14:40:03,678 [pool-60-thread-1] INFO  storage.RaftStorageDirectory (RaftStorageDirectory.java:analyzeStorage(246)) - The storage directory /workdir/hadoop-ozone/ozonefs/target/test-dir/MiniOzoneClusterImpl-889e9801-d8cd-4d64-ad06-78e1b934daf6/datanode-3/data/ratis/2ae7cdbe-028a-42e0-82a1-c9d550f9b02a does not exist. Creating ...
2019-09-19 14:40:03,682 | INFO  | SCMAudit | user=jenkins1000 | ip=192.168.5.132 | op=SEND_HEARTBEAT {datanodeUUID=942b50b4-c7bf-487c-9057-9f9e637dbe53, command=[]} | ret=SUCCESS |  
2019-09-19 14:40:03,700 [pool-60-thread-1] INFO  storage.RaftStorageDirectory (RaftStorageDirectory.java:tryLock(328)) - Lock on /workdir/hadoop-ozone/ozonefs/target/test-dir/MiniOzoneClusterImpl-889e9801-d8cd-4d64-ad06-78e1b934daf6/datanode-3/data/ratis/2ae7cdbe-028a-42e0-82a1-c9d550f9b02a/in_use.lock acquired by nodename 29702@pr-hdds-1569-rzdr8-3403194166
2019-09-19 14:40:03,726 [pool-60-thread-1] INFO  storage.RaftStorage (RaftStorage.java:format(72)) - Storage directory /workdir/hadoop-ozone/ozonefs/target/test-dir/MiniOzoneClusterImpl-889e9801-d8cd-4d64-ad06-78e1b934daf6/datanode-3/data/ratis/2ae7cdbe-028a-42e0-82a1-c9d550f9b02a has been successfully formatted.
2019-09-19 14:40:03,726 [pool-60-thread-1] INFO  ratis.ContainerStateMachine (ContainerStateMachine.java:loadSnapshot(226)) - group-C9D550F9B02A: The snapshot info is null. Setting the last applied indexto:(t:0, i:~)
2019-09-19 14:40:03,726 [pool-60-thread-1] INFO  server.RaftServerConfigKeys (ConfUtils.java:logGet(43)) - raft.server.leader.election.timeout = 120s (custom)
2019-09-19 14:40:03,726 [pool-60-thread-1] INFO  server.RaftServerConfigKeys (ConfUtils.java:logGet(43)) - raft.server.log.use.memory = false (default)
2019-09-19 14:40:03,727 [pool-60-thread-1] INFO  server.RaftServerConfigKeys (ConfUtils.java:logGet(43)) - raft.server.log.purge.gap = 1000000 (custom)
2019-09-19 14:40:03,727 [pool-60-thread-1] INFO  server.RaftServerConfigKeys (ConfUtils.java:logGet(43)) - raft.server.log.appender.buffer.byte-limit = 33554432 (custom)
2019-09-19 14:40:03,727 [pool-60-thread-1] INFO  server.RaftServerConfigKeys (ConfUtils.java:logGet(43)) - raft.server.log.segment.size.max = 1048576 (custom)
2019-09-19 14:40:03,727 [pool-60-thread-1] INFO  server.RaftServerConfigKeys (ConfUtils.java:logGet(43)) - raft.server.log.segment.cache.num.max = 2 (custom)
2019-09-19 14:40:03,727 [pool-60-thread-1] INFO  segmented.SegmentedRaftLogWorker (SegmentedRaftLogWorker.java:<init>(172)) - new 7354d665-2a20-43d9-a220-6cd224d5c3fe-SegmentedRaftLogWorker:Storage Directory /workdir/hadoop-ozone/ozonefs/target/test-dir/MiniOzoneClusterImpl-889e9801-d8cd-4d64-ad06-78e1b934daf6/datanode-3/data/ratis/2ae7cdbe-028a-42e0-82a1-c9d550f9b02a for RaftStorage:Storage Directory /workdir/hadoop-ozone/ozonefs/target/test-dir/MiniOzoneClusterImpl-889e9801-d8cd-4d64-ad06-78e1b934daf6/datanode-3/data/ratis/2ae7cdbe-028a-42e0-82a1-c9d550f9b02a
2019-09-19 14:40:03,728 [pool-60-thread-1] INFO  server.RaftServerConfigKeys (ConfUtils.java:logGet(43)) - raft.server.log.queue.byte-limit = 2147483647 (custom)
2019-09-19 14:40:03,728 [pool-60-thread-1] INFO  server.RaftServerConfigKeys (ConfUtils.java:logGet(43)) - raft.server.log.queue.element-limit = 1024 (custom)
2019-09-19 14:40:03,728 [pool-60-thread-1] INFO  server.RaftServerConfigKeys (ConfUtils.java:logGet(43)) - raft.server.log.segment.size.max = 1048576 (custom)
2019-09-19 14:40:03,728 [pool-60-thread-1] INFO  server.RaftServerConfigKeys (ConfUtils.java:logGet(43)) - raft.server.log.preallocated.size = 16384 (custom)
2019-09-19 14:40:03,728 [pool-60-thread-1] INFO  server.RaftServerConfigKeys (ConfUtils.java:logGet(43)) - raft.server.log.write.buffer.size = 33554432 (custom)
2019-09-19 14:40:03,728 [pool-60-thread-1] INFO  server.RaftServerConfigKeys (ConfUtils.java:logGet(43)) - raft.server.log.force.sync.num = 128 (default)
2019-09-19 14:40:03,729 [pool-60-thread-1] INFO  server.RaftServerConfigKeys (ConfUtils.java:logGet(43)) - raft.server.log.statemachine.data.sync = true (default)
2019-09-19 14:40:03,729 [pool-60-thread-1] INFO  server.RaftServerConfigKeys (ConfUtils.java:logGet(43)) - raft.server.log.statemachine.data.sync.timeout = 10s (default)
2019-09-19 14:40:03,729 [pool-60-thread-1] INFO  server.RaftServerConfigKeys (ConfUtils.java:logGet(43)) - raft.server.log.statemachine.data.sync.timeout.retry = -1 (default)
2019-09-19 14:40:03,729 [pool-60-thread-1] INFO  server.RaftServerConfigKeys (ConfUtils.java:logGet(43)) - raft.server.log.statemachine.data.caching.enabled = true (custom)
2019-09-19 14:40:03,730 [pool-60-thread-1] INFO  segmented.SegmentedRaftLogWorker (SegmentedRaftLogWorker.java:lambda$new$0(132)) - 7354d665-2a20-43d9-a220-6cd224d5c3fe-SegmentedRaftLogWorker:Storage Directory /workdir/hadoop-ozone/ozonefs/target/test-dir/MiniOzoneClusterImpl-889e9801-d8cd-4d64-ad06-78e1b934daf6/datanode-3/data/ratis/2ae7cdbe-028a-42e0-82a1-c9d550f9b02a: flushIndex: setUnconditionally 0 -> -1
2019-09-19 14:40:03,730 [pool-60-thread-1] INFO  server.RaftServerConfigKeys (ConfUtils.java:logGet(43)) - raft.server.snapshot.auto.trigger.enabled = true (custom)
2019-09-19 14:40:03,730 [pool-60-thread-1] INFO  server.RaftServerConfigKeys (ConfUtils.java:logGet(43)) - raft.server.snapshot.auto.trigger.threshold = 10000 (custom)
2019-09-19 14:40:03,730 | INFO  | SCMAudit | user=jenkins1000 | ip=192.168.5.132 | op=SEND_HEARTBEAT {datanodeUUID=afbae23f-b8a7-4a0f-ac57-bc0dcc025f7c, command=[]} | ret=SUCCESS |  
2019-09-19 14:40:03,730 [pool-60-thread-1] INFO  server.RaftServerConfigKeys (ConfUtils.java:logGet(43)) - raft.server.retrycache.expirytime = 600000ms (custom)
2019-09-19 14:40:03,731 [pool-60-thread-1] INFO  impl.RaftServerImpl (RaftServerImpl.java:start(180)) - 7354d665-2a20-43d9-a220-6cd224d5c3fe: start group-C9D550F9B02A
2019-09-19 14:40:03,731 [pool-60-thread-1] INFO  impl.RaftServerImpl (RaftServerImpl.java:setRole(171)) - 7354d665-2a20-43d9-a220-6cd224d5c3fe:group-C9D550F9B02A changes role from null to FOLLOWER at term 0 for startAsFollower
2019-09-19 14:40:03,731 [pool-60-thread-1] INFO  impl.RoleInfo (RoleInfo.java:updateAndGet(143)) - 7354d665-2a20-43d9-a220-6cd224d5c3fe: start FollowerState
2019-09-19 14:40:03,732 [pool-60-thread-1] INFO  util.JmxRegister (JmxRegister.java:tryRegister(44)) - Successfully registered JMX Bean with object name Ratis:service=RaftServer,group=group-C9D550F9B02A,id=7354d665-2a20-43d9-a220-6cd224d5c3fe
2019-09-19 14:40:03,737 [RatisPipelineUtilsThread] INFO  pipeline.PipelineStateManager (PipelineStateManager.java:addPipeline(56)) - Created pipeline Pipeline[ Id: 2ae7cdbe-028a-42e0-82a1-c9d550f9b02a, Nodes: 7354d665-2a20-43d9-a220-6cd224d5c3fe{ip: 192.168.5.132, host: pr-hdds-1569-rzdr8-3403194166, networkLocation: /default-rack, certSerialId: null}, Type:RATIS, Factor:ONE, State:OPEN]
2019-09-19 14:40:03,740 [RatisPipelineUtilsThread] ERROR pipeline.PipelinePlacementPolicy (PipelinePlacementPolicy.java:meetCriteria(91)) - Pipeline Placement: Doesn't meet the criteria to be viable node. Heaviness: 6
2019-09-19 14:40:03,754 [grpc-default-executor-1] INFO  impl.RaftServerProxy (RaftServerProxy.java:addNew(89)) - b84a7c4a-6ef7-4bd2-bf64-eea4d8e07688: addNew group-DEAB6AC1C231:[b84a7c4a-6ef7-4bd2-bf64-eea4d8e07688:192.168.5.132:41504] returns group-DEAB6AC1C231:java.util.concurrent.CompletableFuture@7f4dad75[Not completed]
2019-09-19 14:40:03,760 [pool-93-thread-1] INFO  impl.RaftServerImpl (RaftServerImpl.java:<init>(93)) - b84a7c4a-6ef7-4bd2-bf64-eea4d8e07688: new RaftServerImpl for group-DEAB6AC1C231:[b84a7c4a-6ef7-4bd2-bf64-eea4d8e07688:192.168.5.132:41504] with ContainerStateMachine:uninitialized
2019-09-19 14:40:03,760 [pool-93-thread-1] INFO  server.RaftServerConfigKeys (ConfUtils.java:logGet(43)) - raft.server.rpc.timeout.min = 5s (custom)
2019-09-19 14:40:03,760 [pool-93-thread-1] INFO  server.RaftServerConfigKeys (ConfUtils.java:logGet(43)) - raft.server.rpc.timeout.max = 5200ms (custom)
2019-09-19 14:40:03,761 [pool-93-thread-1] INFO  server.RaftServerConfigKeys (ConfUtils.java:logGet(43)) - raft.server.rpcslowness.timeout = 120s (custom)
2019-09-19 14:40:03,761 [pool-93-thread-1] INFO  server.RaftServerConfigKeys (ConfUtils.java:logGet(43)) - raft.server.sleep.deviation.threshold = 300 (default)
2019-09-19 14:40:03,761 [pool-93-thread-1] INFO  server.RaftServerConfigKeys (ConfUtils.java:logGet(43)) - raft.server.log.appender.install.snapshot.enabled = false (custom)
2019-09-19 14:40:03,761 [pool-93-thread-1] INFO  impl.RaftServerImpl (ServerState.java:<init>(105)) - b84a7c4a-6ef7-4bd2-bf64-eea4d8e07688:group-DEAB6AC1C231 ConfigurationManager, init=-1: [b84a7c4a-6ef7-4bd2-bf64-eea4d8e07688:192.168.5.132:41504], old=null, confs=<EMPTY_MAP>
2019-09-19 14:40:03,761 [pool-93-thread-1] INFO  server.RaftServerConfigKeys (ConfUtils.java:logGet(43)) - raft.server.storage.dir = [/workdir/hadoop-ozone/ozonefs/target/test-dir/MiniOzoneClusterImpl-889e9801-d8cd-4d64-ad06-78e1b934daf6/datanode-6/data/ratis] (custom)
2019-09-19 14:40:03,762 [pool-93-thread-1] INFO  storage.RaftStorageDirectory (RaftStorageDirectory.java:analyzeStorage(246)) - The storage directory /workdir/hadoop-ozone/ozonefs/target/test-dir/MiniOzoneClusterImpl-889e9801-d8cd-4d64-ad06-78e1b934daf6/datanode-6/data/ratis/f337fd6c-3741-4d75-9d4f-deab6ac1c231 does not exist. Creating ...
2019-09-19 14:40:03,784 [pool-93-thread-1] INFO  storage.RaftStorageDirectory (RaftStorageDirectory.java:tryLock(328)) - Lock on /workdir/hadoop-ozone/ozonefs/target/test-dir/MiniOzoneClusterImpl-889e9801-d8cd-4d64-ad06-78e1b934daf6/datanode-6/data/ratis/f337fd6c-3741-4d75-9d4f-deab6ac1c231/in_use.lock acquired by nodename 29702@pr-hdds-1569-rzdr8-3403194166
2019-09-19 14:40:03,801 [pool-93-thread-1] INFO  storage.RaftStorage (RaftStorage.java:format(72)) - Storage directory /workdir/hadoop-ozone/ozonefs/target/test-dir/MiniOzoneClusterImpl-889e9801-d8cd-4d64-ad06-78e1b934daf6/datanode-6/data/ratis/f337fd6c-3741-4d75-9d4f-deab6ac1c231 has been successfully formatted.
2019-09-19 14:40:03,802 [pool-93-thread-1] INFO  ratis.ContainerStateMachine (ContainerStateMachine.java:loadSnapshot(226)) - group-DEAB6AC1C231: The snapshot info is null. Setting the last applied indexto:(t:0, i:~)
2019-09-19 14:40:03,802 [pool-93-thread-1] INFO  server.RaftServerConfigKeys (ConfUtils.java:logGet(43)) - raft.server.leader.election.timeout = 120s (custom)
2019-09-19 14:40:03,802 [pool-93-thread-1] INFO  server.RaftServerConfigKeys (ConfUtils.java:logGet(43)) - raft.server.log.use.memory = false (default)
2019-09-19 14:40:03,802 [pool-93-thread-1] INFO  server.RaftServerConfigKeys (ConfUtils.java:logGet(43)) - raft.server.log.purge.gap = 1000000 (custom)
2019-09-19 14:40:03,802 [pool-93-thread-1] INFO  server.RaftServerConfigKeys (ConfUtils.java:logGet(43)) - raft.server.log.appender.buffer.byte-limit = 33554432 (custom)
2019-09-19 14:40:03,803 [pool-93-thread-1] INFO  server.RaftServerConfigKeys (ConfUtils.java:logGet(43)) - raft.server.log.segment.size.max = 1048576 (custom)
2019-09-19 14:40:03,803 [pool-93-thread-1] INFO  server.RaftServerConfigKeys (ConfUtils.java:logGet(43)) - raft.server.log.segment.cache.num.max = 2 (custom)
2019-09-19 14:40:03,803 [pool-93-thread-1] INFO  segmented.SegmentedRaftLogWorker (SegmentedRaftLogWorker.java:<init>(172)) - new b84a7c4a-6ef7-4bd2-bf64-eea4d8e07688-SegmentedRaftLogWorker:Storage Directory /workdir/hadoop-ozone/ozonefs/target/test-dir/MiniOzoneClusterImpl-889e9801-d8cd-4d64-ad06-78e1b934daf6/datanode-6/data/ratis/f337fd6c-3741-4d75-9d4f-deab6ac1c231 for RaftStorage:Storage Directory /workdir/hadoop-ozone/ozonefs/target/test-dir/MiniOzoneClusterImpl-889e9801-d8cd-4d64-ad06-78e1b934daf6/datanode-6/data/ratis/f337fd6c-3741-4d75-9d4f-deab6ac1c231
2019-09-19 14:40:03,803 [pool-93-thread-1] INFO  server.RaftServerConfigKeys (ConfUtils.java:logGet(43)) - raft.server.log.queue.byte-limit = 2147483647 (custom)
2019-09-19 14:40:03,803 [pool-93-thread-1] INFO  server.RaftServerConfigKeys (ConfUtils.java:logGet(43)) - raft.server.log.queue.element-limit = 1024 (custom)
2019-09-19 14:40:03,803 [pool-93-thread-1] INFO  server.RaftServerConfigKeys (ConfUtils.java:logGet(43)) - raft.server.log.segment.size.max = 1048576 (custom)
2019-09-19 14:40:03,804 [pool-93-thread-1] INFO  server.RaftServerConfigKeys (ConfUtils.java:logGet(43)) - raft.server.log.preallocated.size = 16384 (custom)
2019-09-19 14:40:03,804 [pool-93-thread-1] INFO  server.RaftServerConfigKeys (ConfUtils.java:logGet(43)) - raft.server.log.write.buffer.size = 33554432 (custom)
2019-09-19 14:40:03,804 [pool-93-thread-1] INFO  server.RaftServerConfigKeys (ConfUtils.java:logGet(43)) - raft.server.log.force.sync.num = 128 (default)
2019-09-19 14:40:03,804 [pool-93-thread-1] INFO  server.RaftServerConfigKeys (ConfUtils.java:logGet(43)) - raft.server.log.statemachine.data.sync = true (default)
2019-09-19 14:40:03,804 [pool-93-thread-1] INFO  server.RaftServerConfigKeys (ConfUtils.java:logGet(43)) - raft.server.log.statemachine.data.sync.timeout = 10s (default)
2019-09-19 14:40:03,804 [pool-93-thread-1] INFO  server.RaftServerConfigKeys (ConfUtils.java:logGet(43)) - raft.server.log.statemachine.data.sync.timeout.retry = -1 (default)
2019-09-19 14:40:03,805 [pool-93-thread-1] INFO  server.RaftServerConfigKeys (ConfUtils.java:logGet(43)) - raft.server.log.statemachine.data.caching.enabled = true (custom)
2019-09-19 14:40:03,805 [pool-93-thread-1] INFO  segmented.SegmentedRaftLogWorker (SegmentedRaftLogWorker.java:lambda$new$0(132)) - b84a7c4a-6ef7-4bd2-bf64-eea4d8e07688-SegmentedRaftLogWorker:Storage Directory /workdir/hadoop-ozone/ozonefs/target/test-dir/MiniOzoneClusterImpl-889e9801-d8cd-4d64-ad06-78e1b934daf6/datanode-6/data/ratis/f337fd6c-3741-4d75-9d4f-deab6ac1c231: flushIndex: setUnconditionally 0 -> -1
2019-09-19 14:40:03,805 [pool-93-thread-1] INFO  server.RaftServerConfigKeys (ConfUtils.java:logGet(43)) - raft.server.snapshot.auto.trigger.enabled = true (custom)
2019-09-19 14:40:03,805 [pool-93-thread-1] INFO  server.RaftServerConfigKeys (ConfUtils.java:logGet(43)) - raft.server.snapshot.auto.trigger.threshold = 10000 (custom)
2019-09-19 14:40:03,806 [pool-93-thread-1] INFO  server.RaftServerConfigKeys (ConfUtils.java:logGet(43)) - raft.server.retrycache.expirytime = 600000ms (custom)
2019-09-19 14:40:03,806 [pool-93-thread-1] INFO  impl.RaftServerImpl (RaftServerImpl.java:start(180)) - b84a7c4a-6ef7-4bd2-bf64-eea4d8e07688: start group-DEAB6AC1C231
2019-09-19 14:40:03,806 [pool-93-thread-1] INFO  impl.RaftServerImpl (RaftServerImpl.java:setRole(171)) - b84a7c4a-6ef7-4bd2-bf64-eea4d8e07688:group-DEAB6AC1C231 changes role from null to FOLLOWER at term 0 for startAsFollower
2019-09-19 14:40:03,806 [pool-93-thread-1] INFO  impl.RoleInfo (RoleInfo.java:updateAndGet(143)) - b84a7c4a-6ef7-4bd2-bf64-eea4d8e07688: start FollowerState
2019-09-19 14:40:03,806 [pool-93-thread-1] INFO  util.JmxRegister (JmxRegister.java:tryRegister(44)) - Successfully registered JMX Bean with object name Ratis:service=RaftServer,group=group-DEAB6AC1C231,id=b84a7c4a-6ef7-4bd2-bf64-eea4d8e07688
2019-09-19 14:40:03,812 [RatisPipelineUtilsThread] INFO  pipeline.PipelineStateManager (PipelineStateManager.java:addPipeline(56)) - Created pipeline Pipeline[ Id: f337fd6c-3741-4d75-9d4f-deab6ac1c231, Nodes: b84a7c4a-6ef7-4bd2-bf64-eea4d8e07688{ip: 192.168.5.132, host: pr-hdds-1569-rzdr8-3403194166, networkLocation: /default-rack, certSerialId: null}, Type:RATIS, Factor:ONE, State:OPEN]
2019-09-19 14:40:03,815 [RatisPipelineUtilsThread] ERROR pipeline.PipelinePlacementPolicy (PipelinePlacementPolicy.java:meetCriteria(91)) - Pipeline Placement: Doesn't meet the criteria to be viable node. Heaviness: 6
2019-09-19 14:40:03,826 [grpc-default-executor-1] INFO  impl.RaftServerProxy (RaftServerProxy.java:addNew(89)) - 7354d665-2a20-43d9-a220-6cd224d5c3fe: addNew group-08ED4D1C5B80:[7354d665-2a20-43d9-a220-6cd224d5c3fe:192.168.5.132:32973] returns group-08ED4D1C5B80:java.util.concurrent.CompletableFuture@3429f034[Not completed]
2019-09-19 14:40:03,828 [pool-60-thread-1] INFO  impl.RaftServerImpl (RaftServerImpl.java:<init>(93)) - 7354d665-2a20-43d9-a220-6cd224d5c3fe: new RaftServerImpl for group-08ED4D1C5B80:[7354d665-2a20-43d9-a220-6cd224d5c3fe:192.168.5.132:32973] with ContainerStateMachine:uninitialized
2019-09-19 14:40:03,828 [pool-60-thread-1] INFO  server.RaftServerConfigKeys (ConfUtils.java:logGet(43)) - raft.server.rpc.timeout.min = 5s (custom)
2019-09-19 14:40:03,828 [pool-60-thread-1] INFO  server.RaftServerConfigKeys (ConfUtils.java:logGet(43)) - raft.server.rpc.timeout.max = 5200ms (custom)
2019-09-19 14:40:03,828 [pool-60-thread-1] INFO  server.RaftServerConfigKeys (ConfUtils.java:logGet(43)) - raft.server.rpcslowness.timeout = 120s (custom)
2019-09-19 14:40:03,829 [pool-60-thread-1] INFO  server.RaftServerConfigKeys (ConfUtils.java:logGet(43)) - raft.server.sleep.deviation.threshold = 300 (default)
2019-09-19 14:40:03,829 [pool-60-thread-1] INFO  server.RaftServerConfigKeys (ConfUtils.java:logGet(43)) - raft.server.log.appender.install.snapshot.enabled = false (custom)
2019-09-19 14:40:03,829 [pool-60-thread-1] INFO  impl.RaftServerImpl (ServerState.java:<init>(105)) - 7354d665-2a20-43d9-a220-6cd224d5c3fe:group-08ED4D1C5B80 ConfigurationManager, init=-1: [7354d665-2a20-43d9-a220-6cd224d5c3fe:192.168.5.132:32973], old=null, confs=<EMPTY_MAP>
2019-09-19 14:40:03,829 [pool-60-thread-1] INFO  server.RaftServerConfigKeys (ConfUtils.java:logGet(43)) - raft.server.storage.dir = [/workdir/hadoop-ozone/ozonefs/target/test-dir/MiniOzoneClusterImpl-889e9801-d8cd-4d64-ad06-78e1b934daf6/datanode-3/data/ratis] (custom)
2019-09-19 14:40:03,830 [pool-60-thread-1] INFO  storage.RaftStorageDirectory (RaftStorageDirectory.java:analyzeStorage(246)) - The storage directory /workdir/hadoop-ozone/ozonefs/target/test-dir/MiniOzoneClusterImpl-889e9801-d8cd-4d64-ad06-78e1b934daf6/datanode-3/data/ratis/9ed11ed8-becb-4865-9a10-08ed4d1c5b80 does not exist. Creating ...
2019-09-19 14:40:03,836 | INFO  | SCMAudit | user=jenkins1000 | ip=192.168.5.132 | op=SEND_HEARTBEAT {datanodeUUID=cda53276-4c02-47df-9243-aafa1631e748, command=[]} | ret=SUCCESS |  
2019-09-19 14:40:03,852 [pool-60-thread-1] INFO  storage.RaftStorageDirectory (RaftStorageDirectory.java:tryLock(328)) - Lock on /workdir/hadoop-ozone/ozonefs/target/test-dir/MiniOzoneClusterImpl-889e9801-d8cd-4d64-ad06-78e1b934daf6/datanode-3/data/ratis/9ed11ed8-becb-4865-9a10-08ed4d1c5b80/in_use.lock acquired by nodename 29702@pr-hdds-1569-rzdr8-3403194166
2019-09-19 14:40:03,878 [pool-60-thread-1] INFO  storage.RaftStorage (RaftStorage.java:format(72)) - Storage directory /workdir/hadoop-ozone/ozonefs/target/test-dir/MiniOzoneClusterImpl-889e9801-d8cd-4d64-ad06-78e1b934daf6/datanode-3/data/ratis/9ed11ed8-becb-4865-9a10-08ed4d1c5b80 has been successfully formatted.
2019-09-19 14:40:03,878 [pool-60-thread-1] INFO  ratis.ContainerStateMachine (ContainerStateMachine.java:loadSnapshot(226)) - group-08ED4D1C5B80: The snapshot info is null. Setting the last applied indexto:(t:0, i:~)
2019-09-19 14:40:03,878 [pool-60-thread-1] INFO  server.RaftServerConfigKeys (ConfUtils.java:logGet(43)) - raft.server.leader.election.timeout = 120s (custom)
2019-09-19 14:40:03,878 [pool-60-thread-1] INFO  server.RaftServerConfigKeys (ConfUtils.java:logGet(43)) - raft.server.log.use.memory = false (default)
2019-09-19 14:40:03,879 [pool-60-thread-1] INFO  server.RaftServerConfigKeys (ConfUtils.java:logGet(43)) - raft.server.log.purge.gap = 1000000 (custom)
2019-09-19 14:40:03,879 [pool-60-thread-1] INFO  server.RaftServerConfigKeys (ConfUtils.java:logGet(43)) - raft.server.log.appender.buffer.byte-limit = 33554432 (custom)
2019-09-19 14:40:03,879 [pool-60-thread-1] INFO  server.RaftServerConfigKeys (ConfUtils.java:logGet(43)) - raft.server.log.segment.size.max = 1048576 (custom)
2019-09-19 14:40:03,879 [pool-60-thread-1] INFO  server.RaftServerConfigKeys (ConfUtils.java:logGet(43)) - raft.server.log.segment.cache.num.max = 2 (custom)
2019-09-19 14:40:03,879 [pool-60-thread-1] INFO  segmented.SegmentedRaftLogWorker (SegmentedRaftLogWorker.java:<init>(172)) - new 7354d665-2a20-43d9-a220-6cd224d5c3fe-SegmentedRaftLogWorker:Storage Directory /workdir/hadoop-ozone/ozonefs/target/test-dir/MiniOzoneClusterImpl-889e9801-d8cd-4d64-ad06-78e1b934daf6/datanode-3/data/ratis/9ed11ed8-becb-4865-9a10-08ed4d1c5b80 for RaftStorage:Storage Directory /workdir/hadoop-ozone/ozonefs/target/test-dir/MiniOzoneClusterImpl-889e9801-d8cd-4d64-ad06-78e1b934daf6/datanode-3/data/ratis/9ed11ed8-becb-4865-9a10-08ed4d1c5b80
2019-09-19 14:40:03,879 [pool-60-thread-1] INFO  server.RaftServerConfigKeys (ConfUtils.java:logGet(43)) - raft.server.log.queue.byte-limit = 2147483647 (custom)
2019-09-19 14:40:03,879 [pool-60-thread-1] INFO  server.RaftServerConfigKeys (ConfUtils.java:logGet(43)) - raft.server.log.queue.element-limit = 1024 (custom)
2019-09-19 14:40:03,879 [pool-60-thread-1] INFO  server.RaftServerConfigKeys (ConfUtils.java:logGet(43)) - raft.server.log.segment.size.max = 1048576 (custom)
2019-09-19 14:40:03,880 [pool-60-thread-1] INFO  server.RaftServerConfigKeys (ConfUtils.java:logGet(43)) - raft.server.log.preallocated.size = 16384 (custom)
2019-09-19 14:40:03,880 [pool-60-thread-1] INFO  server.RaftServerConfigKeys (ConfUtils.java:logGet(43)) - raft.server.log.write.buffer.size = 33554432 (custom)
2019-09-19 14:40:03,880 [pool-60-thread-1] INFO  server.RaftServerConfigKeys (ConfUtils.java:logGet(43)) - raft.server.log.force.sync.num = 128 (default)
2019-09-19 14:40:03,880 [pool-60-thread-1] INFO  server.RaftServerConfigKeys (ConfUtils.java:logGet(43)) - raft.server.log.statemachine.data.sync = true (default)
2019-09-19 14:40:03,880 [pool-60-thread-1] INFO  server.RaftServerConfigKeys (ConfUtils.java:logGet(43)) - raft.server.log.statemachine.data.sync.timeout = 10s (default)
2019-09-19 14:40:03,880 [pool-60-thread-1] INFO  server.RaftServerConfigKeys (ConfUtils.java:logGet(43)) - raft.server.log.statemachine.data.sync.timeout.retry = -1 (default)
2019-09-19 14:40:03,880 [pool-60-thread-1] INFO  server.RaftServerConfigKeys (ConfUtils.java:logGet(43)) - raft.server.log.statemachine.data.caching.enabled = true (custom)
2019-09-19 14:40:03,881 [pool-60-thread-1] INFO  segmented.SegmentedRaftLogWorker (SegmentedRaftLogWorker.java:lambda$new$0(132)) - 7354d665-2a20-43d9-a220-6cd224d5c3fe-SegmentedRaftLogWorker:Storage Directory /workdir/hadoop-ozone/ozonefs/target/test-dir/MiniOzoneClusterImpl-889e9801-d8cd-4d64-ad06-78e1b934daf6/datanode-3/data/ratis/9ed11ed8-becb-4865-9a10-08ed4d1c5b80: flushIndex: setUnconditionally 0 -> -1
2019-09-19 14:40:03,881 [pool-60-thread-1] INFO  server.RaftServerConfigKeys (ConfUtils.java:logGet(43)) - raft.server.snapshot.auto.trigger.enabled = true (custom)
2019-09-19 14:40:03,881 [pool-60-thread-1] INFO  server.RaftServerConfigKeys (ConfUtils.java:logGet(43)) - raft.server.snapshot.auto.trigger.threshold = 10000 (custom)
2019-09-19 14:40:03,881 [pool-60-thread-1] INFO  server.RaftServerConfigKeys (ConfUtils.java:logGet(43)) - raft.server.retrycache.expirytime = 600000ms (custom)
2019-09-19 14:40:03,882 [pool-60-thread-1] INFO  impl.RaftServerImpl (RaftServerImpl.java:start(180)) - 7354d665-2a20-43d9-a220-6cd224d5c3fe: start group-08ED4D1C5B80
2019-09-19 14:40:03,882 [pool-60-thread-1] INFO  impl.RaftServerImpl (RaftServerImpl.java:setRole(171)) - 7354d665-2a20-43d9-a220-6cd224d5c3fe:group-08ED4D1C5B80 changes role from null to FOLLOWER at term 0 for startAsFollower
2019-09-19 14:40:03,882 [pool-60-thread-1] INFO  impl.RoleInfo (RoleInfo.java:updateAndGet(143)) - 7354d665-2a20-43d9-a220-6cd224d5c3fe: start FollowerState
2019-09-19 14:40:03,882 [pool-60-thread-1] INFO  util.JmxRegister (JmxRegister.java:tryRegister(44)) - Successfully registered JMX Bean with object name Ratis:service=RaftServer,group=group-08ED4D1C5B80,id=7354d665-2a20-43d9-a220-6cd224d5c3fe
2019-09-19 14:40:03,889 [RatisPipelineUtilsThread] INFO  pipeline.PipelineStateManager (PipelineStateManager.java:addPipeline(56)) - Created pipeline Pipeline[ Id: 9ed11ed8-becb-4865-9a10-08ed4d1c5b80, Nodes: 7354d665-2a20-43d9-a220-6cd224d5c3fe{ip: 192.168.5.132, host: pr-hdds-1569-rzdr8-3403194166, networkLocation: /default-rack, certSerialId: null}, Type:RATIS, Factor:ONE, State:OPEN]
2019-09-19 14:40:03,891 [RatisPipelineUtilsThread] ERROR pipeline.PipelinePlacementPolicy (PipelinePlacementPolicy.java:meetCriteria(91)) - Pipeline Placement: Doesn't meet the criteria to be viable node. Heaviness: 6
2019-09-19 14:40:03,901 [grpc-default-executor-1] INFO  impl.RaftServerProxy (RaftServerProxy.java:addNew(89)) - 6aa361a5-10ee-4e6c-9990-87c23e670156: addNew group-4C8FEBBF91FA:[6aa361a5-10ee-4e6c-9990-87c23e670156:192.168.5.132:41011] returns group-4C8FEBBF91FA:java.util.concurrent.CompletableFuture@3931811f[Not completed]
2019-09-19 14:40:03,903 [pool-71-thread-1] INFO  impl.RaftServerImpl (RaftServerImpl.java:<init>(93)) - 6aa361a5-10ee-4e6c-9990-87c23e670156: new RaftServerImpl for group-4C8FEBBF91FA:[6aa361a5-10ee-4e6c-9990-87c23e670156:192.168.5.132:41011] with ContainerStateMachine:uninitialized
2019-09-19 14:40:03,903 [pool-71-thread-1] INFO  server.RaftServerConfigKeys (ConfUtils.java:logGet(43)) - raft.server.rpc.timeout.min = 5s (custom)
2019-09-19 14:40:03,903 [pool-71-thread-1] INFO  server.RaftServerConfigKeys (ConfUtils.java:logGet(43)) - raft.server.rpc.timeout.max = 5200ms (custom)
2019-09-19 14:40:03,903 [pool-71-thread-1] INFO  server.RaftServerConfigKeys (ConfUtils.java:logGet(43)) - raft.server.rpcslowness.timeout = 120s (custom)
2019-09-19 14:40:03,903 [pool-71-thread-1] INFO  server.RaftServerConfigKeys (ConfUtils.java:logGet(43)) - raft.server.sleep.deviation.threshold = 300 (default)
2019-09-19 14:40:03,904 [pool-71-thread-1] INFO  server.RaftServerConfigKeys (ConfUtils.java:logGet(43)) - raft.server.log.appender.install.snapshot.enabled = false (custom)
2019-09-19 14:40:03,904 [pool-71-thread-1] INFO  impl.RaftServerImpl (ServerState.java:<init>(105)) - 6aa361a5-10ee-4e6c-9990-87c23e670156:group-4C8FEBBF91FA ConfigurationManager, init=-1: [6aa361a5-10ee-4e6c-9990-87c23e670156:192.168.5.132:41011], old=null, confs=<EMPTY_MAP>
2019-09-19 14:40:03,904 [pool-71-thread-1] INFO  server.RaftServerConfigKeys (ConfUtils.java:logGet(43)) - raft.server.storage.dir = [/workdir/hadoop-ozone/ozonefs/target/test-dir/MiniOzoneClusterImpl-889e9801-d8cd-4d64-ad06-78e1b934daf6/datanode-4/data/ratis] (custom)
2019-09-19 14:40:03,904 [pool-71-thread-1] INFO  storage.RaftStorageDirectory (RaftStorageDirectory.java:analyzeStorage(246)) - The storage directory /workdir/hadoop-ozone/ozonefs/target/test-dir/MiniOzoneClusterImpl-889e9801-d8cd-4d64-ad06-78e1b934daf6/datanode-4/data/ratis/aa2ee715-f3dc-42ff-b7fe-4c8febbf91fa does not exist. Creating ...
2019-09-19 14:40:03,928 [pool-71-thread-1] INFO  storage.RaftStorageDirectory (RaftStorageDirectory.java:tryLock(328)) - Lock on /workdir/hadoop-ozone/ozonefs/target/test-dir/MiniOzoneClusterImpl-889e9801-d8cd-4d64-ad06-78e1b934daf6/datanode-4/data/ratis/aa2ee715-f3dc-42ff-b7fe-4c8febbf91fa/in_use.lock acquired by nodename 29702@pr-hdds-1569-rzdr8-3403194166
2019-09-19 14:40:03,953 [pool-71-thread-1] INFO  storage.RaftStorage (RaftStorage.java:format(72)) - Storage directory /workdir/hadoop-ozone/ozonefs/target/test-dir/MiniOzoneClusterImpl-889e9801-d8cd-4d64-ad06-78e1b934daf6/datanode-4/data/ratis/aa2ee715-f3dc-42ff-b7fe-4c8febbf91fa has been successfully formatted.
2019-09-19 14:40:03,954 [pool-71-thread-1] INFO  ratis.ContainerStateMachine (ContainerStateMachine.java:loadSnapshot(226)) - group-4C8FEBBF91FA: The snapshot info is null. Setting the last applied indexto:(t:0, i:~)
2019-09-19 14:40:03,954 [pool-71-thread-1] INFO  server.RaftServerConfigKeys (ConfUtils.java:logGet(43)) - raft.server.leader.election.timeout = 120s (custom)
2019-09-19 14:40:03,954 [pool-71-thread-1] INFO  server.RaftServerConfigKeys (ConfUtils.java:logGet(43)) - raft.server.log.use.memory = false (default)
2019-09-19 14:40:03,954 [pool-71-thread-1] INFO  server.RaftServerConfigKeys (ConfUtils.java:logGet(43)) - raft.server.log.purge.gap = 1000000 (custom)
2019-09-19 14:40:03,954 [pool-71-thread-1] INFO  server.RaftServerConfigKeys (ConfUtils.java:logGet(43)) - raft.server.log.appender.buffer.byte-limit = 33554432 (custom)
2019-09-19 14:40:03,955 [pool-71-thread-1] INFO  server.RaftServerConfigKeys (ConfUtils.java:logGet(43)) - raft.server.log.segment.size.max = 1048576 (custom)
2019-09-19 14:40:03,955 [pool-71-thread-1] INFO  server.RaftServerConfigKeys (ConfUtils.java:logGet(43)) - raft.server.log.segment.cache.num.max = 2 (custom)
2019-09-19 14:40:03,955 [pool-71-thread-1] INFO  segmented.SegmentedRaftLogWorker (SegmentedRaftLogWorker.java:<init>(172)) - new 6aa361a5-10ee-4e6c-9990-87c23e670156-SegmentedRaftLogWorker:Storage Directory /workdir/hadoop-ozone/ozonefs/target/test-dir/MiniOzoneClusterImpl-889e9801-d8cd-4d64-ad06-78e1b934daf6/datanode-4/data/ratis/aa2ee715-f3dc-42ff-b7fe-4c8febbf91fa for RaftStorage:Storage Directory /workdir/hadoop-ozone/ozonefs/target/test-dir/MiniOzoneClusterImpl-889e9801-d8cd-4d64-ad06-78e1b934daf6/datanode-4/data/ratis/aa2ee715-f3dc-42ff-b7fe-4c8febbf91fa
2019-09-19 14:40:03,955 [pool-71-thread-1] INFO  server.RaftServerConfigKeys (ConfUtils.java:logGet(43)) - raft.server.log.queue.byte-limit = 2147483647 (custom)
2019-09-19 14:40:03,955 [pool-71-thread-1] INFO  server.RaftServerConfigKeys (ConfUtils.java:logGet(43)) - raft.server.log.queue.element-limit = 1024 (custom)
2019-09-19 14:40:03,955 [pool-71-thread-1] INFO  server.RaftServerConfigKeys (ConfUtils.java:logGet(43)) - raft.server.log.segment.size.max = 1048576 (custom)
2019-09-19 14:40:03,956 [pool-71-thread-1] INFO  server.RaftServerConfigKeys (ConfUtils.java:logGet(43)) - raft.server.log.preallocated.size = 16384 (custom)
2019-09-19 14:40:03,956 [pool-71-thread-1] INFO  server.RaftServerConfigKeys (ConfUtils.java:logGet(43)) - raft.server.log.write.buffer.size = 33554432 (custom)
2019-09-19 14:40:03,956 [pool-71-thread-1] INFO  server.RaftServerConfigKeys (ConfUtils.java:logGet(43)) - raft.server.log.force.sync.num = 128 (default)
2019-09-19 14:40:03,956 [pool-71-thread-1] INFO  server.RaftServerConfigKeys (ConfUtils.java:logGet(43)) - raft.server.log.statemachine.data.sync = true (default)
2019-09-19 14:40:03,956 [pool-71-thread-1] INFO  server.RaftServerConfigKeys (ConfUtils.java:logGet(43)) - raft.server.log.statemachine.data.sync.timeout = 10s (default)
2019-09-19 14:40:03,956 [pool-71-thread-1] INFO  server.RaftServerConfigKeys (ConfUtils.java:logGet(43)) - raft.server.log.statemachine.data.sync.timeout.retry = -1 (default)
2019-09-19 14:40:03,957 [pool-71-thread-1] INFO  server.RaftServerConfigKeys (ConfUtils.java:logGet(43)) - raft.server.log.statemachine.data.caching.enabled = true (custom)
2019-09-19 14:40:03,957 [pool-71-thread-1] INFO  segmented.SegmentedRaftLogWorker (SegmentedRaftLogWorker.java:lambda$new$0(132)) - 6aa361a5-10ee-4e6c-9990-87c23e670156-SegmentedRaftLogWorker:Storage Directory /workdir/hadoop-ozone/ozonefs/target/test-dir/MiniOzoneClusterImpl-889e9801-d8cd-4d64-ad06-78e1b934daf6/datanode-4/data/ratis/aa2ee715-f3dc-42ff-b7fe-4c8febbf91fa: flushIndex: setUnconditionally 0 -> -1
2019-09-19 14:40:03,957 [pool-71-thread-1] INFO  server.RaftServerConfigKeys (ConfUtils.java:logGet(43)) - raft.server.snapshot.auto.trigger.enabled = true (custom)
2019-09-19 14:40:03,957 [pool-71-thread-1] INFO  server.RaftServerConfigKeys (ConfUtils.java:logGet(43)) - raft.server.snapshot.auto.trigger.threshold = 10000 (custom)
2019-09-19 14:40:03,958 [pool-71-thread-1] INFO  server.RaftServerConfigKeys (ConfUtils.java:logGet(43)) - raft.server.retrycache.expirytime = 600000ms (custom)
2019-09-19 14:40:03,958 [pool-71-thread-1] INFO  impl.RaftServerImpl (RaftServerImpl.java:start(180)) - 6aa361a5-10ee-4e6c-9990-87c23e670156: start group-4C8FEBBF91FA
2019-09-19 14:40:03,958 [pool-71-thread-1] INFO  impl.RaftServerImpl (RaftServerImpl.java:setRole(171)) - 6aa361a5-10ee-4e6c-9990-87c23e670156:group-4C8FEBBF91FA changes role from null to FOLLOWER at term 0 for startAsFollower
2019-09-19 14:40:03,958 [pool-71-thread-1] INFO  impl.RoleInfo (RoleInfo.java:updateAndGet(143)) - 6aa361a5-10ee-4e6c-9990-87c23e670156: start FollowerState
2019-09-19 14:40:03,959 [pool-71-thread-1] INFO  util.JmxRegister (JmxRegister.java:tryRegister(44)) - Successfully registered JMX Bean with object name Ratis:service=RaftServer,group=group-4C8FEBBF91FA,id=6aa361a5-10ee-4e6c-9990-87c23e670156
2019-09-19 14:40:03,972 [RatisPipelineUtilsThread] INFO  pipeline.PipelineStateManager (PipelineStateManager.java:addPipeline(56)) - Created pipeline Pipeline[ Id: aa2ee715-f3dc-42ff-b7fe-4c8febbf91fa, Nodes: 6aa361a5-10ee-4e6c-9990-87c23e670156{ip: 192.168.5.132, host: pr-hdds-1569-rzdr8-3403194166, networkLocation: /default-rack, certSerialId: null}, Type:RATIS, Factor:ONE, State:OPEN]
2019-09-19 14:40:03,974 [RatisPipelineUtilsThread] ERROR pipeline.PipelinePlacementPolicy (PipelinePlacementPolicy.java:meetCriteria(91)) - Pipeline Placement: Doesn't meet the criteria to be viable node. Heaviness: 6
2019-09-19 14:40:03,974 [RatisPipelineUtilsThread] ERROR pipeline.PipelinePlacementPolicy (PipelinePlacementPolicy.java:meetCriteria(91)) - Pipeline Placement: Doesn't meet the criteria to be viable node. Heaviness: 6
2019-09-19 14:40:03,985 [grpc-default-executor-1] INFO  impl.RaftServerProxy (RaftServerProxy.java:addNew(89)) - 7354d665-2a20-43d9-a220-6cd224d5c3fe: addNew group-375B323AC00C:[7354d665-2a20-43d9-a220-6cd224d5c3fe:192.168.5.132:32973] returns group-375B323AC00C:java.util.concurrent.CompletableFuture@6dc28bca[Not completed]
2019-09-19 14:40:03,986 | INFO  | SCMAudit | user=jenkins1000 | ip=192.168.5.132 | op=SEND_HEARTBEAT {datanodeUUID=b84a7c4a-6ef7-4bd2-bf64-eea4d8e07688, command=[]} | ret=SUCCESS |  
2019-09-19 14:40:03,987 [pool-60-thread-1] INFO  impl.RaftServerImpl (RaftServerImpl.java:<init>(93)) - 7354d665-2a20-43d9-a220-6cd224d5c3fe: new RaftServerImpl for group-375B323AC00C:[7354d665-2a20-43d9-a220-6cd224d5c3fe:192.168.5.132:32973] with ContainerStateMachine:uninitialized
2019-09-19 14:40:03,987 [pool-60-thread-1] INFO  server.RaftServerConfigKeys (ConfUtils.java:logGet(43)) - raft.server.rpc.timeout.min = 5s (custom)
2019-09-19 14:40:03,987 [pool-60-thread-1] INFO  server.RaftServerConfigKeys (ConfUtils.java:logGet(43)) - raft.server.rpc.timeout.max = 5200ms (custom)
2019-09-19 14:40:03,987 [pool-60-thread-1] INFO  server.RaftServerConfigKeys (ConfUtils.java:logGet(43)) - raft.server.rpcslowness.timeout = 120s (custom)
2019-09-19 14:40:03,987 [pool-60-thread-1] INFO  server.RaftServerConfigKeys (ConfUtils.java:logGet(43)) - raft.server.sleep.deviation.threshold = 300 (default)
2019-09-19 14:40:03,987 [pool-60-thread-1] INFO  server.RaftServerConfigKeys (ConfUtils.java:logGet(43)) - raft.server.log.appender.install.snapshot.enabled = false (custom)
2019-09-19 14:40:03,987 [pool-60-thread-1] INFO  impl.RaftServerImpl (ServerState.java:<init>(105)) - 7354d665-2a20-43d9-a220-6cd224d5c3fe:group-375B323AC00C ConfigurationManager, init=-1: [7354d665-2a20-43d9-a220-6cd224d5c3fe:192.168.5.132:32973], old=null, confs=<EMPTY_MAP>
2019-09-19 14:40:03,988 [pool-60-thread-1] INFO  server.RaftServerConfigKeys (ConfUtils.java:logGet(43)) - raft.server.storage.dir = [/workdir/hadoop-ozone/ozonefs/target/test-dir/MiniOzoneClusterImpl-889e9801-d8cd-4d64-ad06-78e1b934daf6/datanode-3/data/ratis] (custom)
2019-09-19 14:40:03,988 [pool-60-thread-1] INFO  storage.RaftStorageDirectory (RaftStorageDirectory.java:analyzeStorage(246)) - The storage directory /workdir/hadoop-ozone/ozonefs/target/test-dir/MiniOzoneClusterImpl-889e9801-d8cd-4d64-ad06-78e1b934daf6/datanode-3/data/ratis/d607064e-0017-475e-bee3-375b323ac00c does not exist. Creating ...
2019-09-19 14:40:04,012 [pool-60-thread-1] INFO  storage.RaftStorageDirectory (RaftStorageDirectory.java:tryLock(328)) - Lock on /workdir/hadoop-ozone/ozonefs/target/test-dir/MiniOzoneClusterImpl-889e9801-d8cd-4d64-ad06-78e1b934daf6/datanode-3/data/ratis/d607064e-0017-475e-bee3-375b323ac00c/in_use.lock acquired by nodename 29702@pr-hdds-1569-rzdr8-3403194166
2019-09-19 14:40:04,038 [pool-60-thread-1] INFO  storage.RaftStorage (RaftStorage.java:format(72)) - Storage directory /workdir/hadoop-ozone/ozonefs/target/test-dir/MiniOzoneClusterImpl-889e9801-d8cd-4d64-ad06-78e1b934daf6/datanode-3/data/ratis/d607064e-0017-475e-bee3-375b323ac00c has been successfully formatted.
2019-09-19 14:40:04,038 [pool-60-thread-1] INFO  ratis.ContainerStateMachine (ContainerStateMachine.java:loadSnapshot(226)) - group-375B323AC00C: The snapshot info is null. Setting the last applied indexto:(t:0, i:~)
2019-09-19 14:40:04,038 [pool-60-thread-1] INFO  server.RaftServerConfigKeys (ConfUtils.java:logGet(43)) - raft.server.leader.election.timeout = 120s (custom)
2019-09-19 14:40:04,038 [pool-60-thread-1] INFO  server.RaftServerConfigKeys (ConfUtils.java:logGet(43)) - raft.server.log.use.memory = false (default)
2019-09-19 14:40:04,039 [pool-60-thread-1] INFO  server.RaftServerConfigKeys (ConfUtils.java:logGet(43)) - raft.server.log.purge.gap = 1000000 (custom)
2019-09-19 14:40:04,039 [pool-60-thread-1] INFO  server.RaftServerConfigKeys (ConfUtils.java:logGet(43)) - raft.server.log.appender.buffer.byte-limit = 33554432 (custom)
2019-09-19 14:40:04,039 [pool-60-thread-1] INFO  server.RaftServerConfigKeys (ConfUtils.java:logGet(43)) - raft.server.log.segment.size.max = 1048576 (custom)
2019-09-19 14:40:04,039 [pool-60-thread-1] INFO  server.RaftServerConfigKeys (ConfUtils.java:logGet(43)) - raft.server.log.segment.cache.num.max = 2 (custom)
2019-09-19 14:40:04,039 [pool-60-thread-1] INFO  segmented.SegmentedRaftLogWorker (SegmentedRaftLogWorker.java:<init>(172)) - new 7354d665-2a20-43d9-a220-6cd224d5c3fe-SegmentedRaftLogWorker:Storage Directory /workdir/hadoop-ozone/ozonefs/target/test-dir/MiniOzoneClusterImpl-889e9801-d8cd-4d64-ad06-78e1b934daf6/datanode-3/data/ratis/d607064e-0017-475e-bee3-375b323ac00c for RaftStorage:Storage Directory /workdir/hadoop-ozone/ozonefs/target/test-dir/MiniOzoneClusterImpl-889e9801-d8cd-4d64-ad06-78e1b934daf6/datanode-3/data/ratis/d607064e-0017-475e-bee3-375b323ac00c
2019-09-19 14:40:04,039 [pool-60-thread-1] INFO  server.RaftServerConfigKeys (ConfUtils.java:logGet(43)) - raft.server.log.queue.byte-limit = 2147483647 (custom)
2019-09-19 14:40:04,040 [pool-60-thread-1] INFO  server.RaftServerConfigKeys (ConfUtils.java:logGet(43)) - raft.server.log.queue.element-limit = 1024 (custom)
2019-09-19 14:40:04,040 [pool-60-thread-1] INFO  server.RaftServerConfigKeys (ConfUtils.java:logGet(43)) - raft.server.log.segment.size.max = 1048576 (custom)
2019-09-19 14:40:04,040 [pool-60-thread-1] INFO  server.RaftServerConfigKeys (ConfUtils.java:logGet(43)) - raft.server.log.preallocated.size = 16384 (custom)
2019-09-19 14:40:04,040 [pool-60-thread-1] INFO  server.RaftServerConfigKeys (ConfUtils.java:logGet(43)) - raft.server.log.write.buffer.size = 33554432 (custom)
2019-09-19 14:40:04,040 [pool-60-thread-1] INFO  server.RaftServerConfigKeys (ConfUtils.java:logGet(43)) - raft.server.log.force.sync.num = 128 (default)
2019-09-19 14:40:04,041 [pool-60-thread-1] INFO  server.RaftServerConfigKeys (ConfUtils.java:logGet(43)) - raft.server.log.statemachine.data.sync = true (default)
2019-09-19 14:40:04,041 [pool-60-thread-1] INFO  server.RaftServerConfigKeys (ConfUtils.java:logGet(43)) - raft.server.log.statemachine.data.sync.timeout = 10s (default)
2019-09-19 14:40:04,041 [pool-60-thread-1] INFO  server.RaftServerConfigKeys (ConfUtils.java:logGet(43)) - raft.server.log.statemachine.data.sync.timeout.retry = -1 (default)
2019-09-19 14:40:04,041 [pool-60-thread-1] INFO  server.RaftServerConfigKeys (ConfUtils.java:logGet(43)) - raft.server.log.statemachine.data.caching.enabled = true (custom)
2019-09-19 14:40:04,042 [pool-60-thread-1] INFO  segmented.SegmentedRaftLogWorker (SegmentedRaftLogWorker.java:lambda$new$0(132)) - 7354d665-2a20-43d9-a220-6cd224d5c3fe-SegmentedRaftLogWorker:Storage Directory /workdir/hadoop-ozone/ozonefs/target/test-dir/MiniOzoneClusterImpl-889e9801-d8cd-4d64-ad06-78e1b934daf6/datanode-3/data/ratis/d607064e-0017-475e-bee3-375b323ac00c: flushIndex: setUnconditionally 0 -> -1
2019-09-19 14:40:04,042 [pool-60-thread-1] INFO  server.RaftServerConfigKeys (ConfUtils.java:logGet(43)) - raft.server.snapshot.auto.trigger.enabled = true (custom)
2019-09-19 14:40:04,042 [pool-60-thread-1] INFO  server.RaftServerConfigKeys (ConfUtils.java:logGet(43)) - raft.server.snapshot.auto.trigger.threshold = 10000 (custom)
2019-09-19 14:40:04,042 [pool-60-thread-1] INFO  server.RaftServerConfigKeys (ConfUtils.java:logGet(43)) - raft.server.retrycache.expirytime = 600000ms (custom)
2019-09-19 14:40:04,043 [pool-60-thread-1] INFO  impl.RaftServerImpl (RaftServerImpl.java:start(180)) - 7354d665-2a20-43d9-a220-6cd224d5c3fe: start group-375B323AC00C
2019-09-19 14:40:04,043 [pool-60-thread-1] INFO  impl.RaftServerImpl (RaftServerImpl.java:setRole(171)) - 7354d665-2a20-43d9-a220-6cd224d5c3fe:group-375B323AC00C changes role from null to FOLLOWER at term 0 for startAsFollower
2019-09-19 14:40:04,043 [pool-60-thread-1] INFO  impl.RoleInfo (RoleInfo.java:updateAndGet(143)) - 7354d665-2a20-43d9-a220-6cd224d5c3fe: start FollowerState
2019-09-19 14:40:04,044 [pool-60-thread-1] INFO  util.JmxRegister (JmxRegister.java:tryRegister(44)) - Successfully registered JMX Bean with object name Ratis:service=RaftServer,group=group-375B323AC00C,id=7354d665-2a20-43d9-a220-6cd224d5c3fe
2019-09-19 14:40:04,051 [RatisPipelineUtilsThread] INFO  pipeline.PipelineStateManager (PipelineStateManager.java:addPipeline(56)) - Created pipeline Pipeline[ Id: d607064e-0017-475e-bee3-375b323ac00c, Nodes: 7354d665-2a20-43d9-a220-6cd224d5c3fe{ip: 192.168.5.132, host: pr-hdds-1569-rzdr8-3403194166, networkLocation: /default-rack, certSerialId: null}, Type:RATIS, Factor:ONE, State:OPEN]
2019-09-19 14:40:04,054 [RatisPipelineUtilsThread] ERROR pipeline.PipelinePlacementPolicy (PipelinePlacementPolicy.java:meetCriteria(91)) - Pipeline Placement: Doesn't meet the criteria to be viable node. Heaviness: 6
2019-09-19 14:40:04,055 [RatisPipelineUtilsThread] ERROR pipeline.PipelinePlacementPolicy (PipelinePlacementPolicy.java:meetCriteria(91)) - Pipeline Placement: Doesn't meet the criteria to be viable node. Heaviness: 6
2019-09-19 14:40:04,055 [RatisPipelineUtilsThread] ERROR pipeline.PipelinePlacementPolicy (PipelinePlacementPolicy.java:meetCriteria(91)) - Pipeline Placement: Doesn't meet the criteria to be viable node. Heaviness: 6
2019-09-19 14:40:04,067 [grpc-default-executor-1] INFO  impl.RaftServerProxy (RaftServerProxy.java:addNew(89)) - cda53276-4c02-47df-9243-aafa1631e748: addNew group-C483CF7DDE99:[cda53276-4c02-47df-9243-aafa1631e748:192.168.5.132:44276] returns group-C483CF7DDE99:java.util.concurrent.CompletableFuture@5ef5a92b[Not completed]
2019-09-19 14:40:04,069 [pool-49-thread-1] INFO  impl.RaftServerImpl (RaftServerImpl.java:<init>(93)) - cda53276-4c02-47df-9243-aafa1631e748: new RaftServerImpl for group-C483CF7DDE99:[cda53276-4c02-47df-9243-aafa1631e748:192.168.5.132:44276] with ContainerStateMachine:uninitialized
2019-09-19 14:40:04,069 [pool-49-thread-1] INFO  server.RaftServerConfigKeys (ConfUtils.java:logGet(43)) - raft.server.rpc.timeout.min = 5s (custom)
2019-09-19 14:40:04,069 [pool-49-thread-1] INFO  server.RaftServerConfigKeys (ConfUtils.java:logGet(43)) - raft.server.rpc.timeout.max = 5200ms (custom)
2019-09-19 14:40:04,069 [pool-49-thread-1] INFO  server.RaftServerConfigKeys (ConfUtils.java:logGet(43)) - raft.server.rpcslowness.timeout = 120s (custom)
2019-09-19 14:40:04,069 [pool-49-thread-1] INFO  server.RaftServerConfigKeys (ConfUtils.java:logGet(43)) - raft.server.sleep.deviation.threshold = 300 (default)
2019-09-19 14:40:04,070 [pool-49-thread-1] INFO  server.RaftServerConfigKeys (ConfUtils.java:logGet(43)) - raft.server.log.appender.install.snapshot.enabled = false (custom)
2019-09-19 14:40:04,070 [pool-49-thread-1] INFO  impl.RaftServerImpl (ServerState.java:<init>(105)) - cda53276-4c02-47df-9243-aafa1631e748:group-C483CF7DDE99 ConfigurationManager, init=-1: [cda53276-4c02-47df-9243-aafa1631e748:192.168.5.132:44276], old=null, confs=<EMPTY_MAP>
2019-09-19 14:40:04,070 [pool-49-thread-1] INFO  server.RaftServerConfigKeys (ConfUtils.java:logGet(43)) - raft.server.storage.dir = [/workdir/hadoop-ozone/ozonefs/target/test-dir/MiniOzoneClusterImpl-889e9801-d8cd-4d64-ad06-78e1b934daf6/datanode-2/data/ratis] (custom)
2019-09-19 14:40:04,070 [pool-49-thread-1] INFO  storage.RaftStorageDirectory (RaftStorageDirectory.java:analyzeStorage(246)) - The storage directory /workdir/hadoop-ozone/ozonefs/target/test-dir/MiniOzoneClusterImpl-889e9801-d8cd-4d64-ad06-78e1b934daf6/datanode-2/data/ratis/08e61562-47cc-4e16-80de-c483cf7dde99 does not exist. Creating ...
2019-09-19 14:40:04,096 [pool-49-thread-1] INFO  storage.RaftStorageDirectory (RaftStorageDirectory.java:tryLock(328)) - Lock on /workdir/hadoop-ozone/ozonefs/target/test-dir/MiniOzoneClusterImpl-889e9801-d8cd-4d64-ad06-78e1b934daf6/datanode-2/data/ratis/08e61562-47cc-4e16-80de-c483cf7dde99/in_use.lock acquired by nodename 29702@pr-hdds-1569-rzdr8-3403194166
2019-09-19 14:40:04,122 [pool-49-thread-1] INFO  storage.RaftStorage (RaftStorage.java:format(72)) - Storage directory /workdir/hadoop-ozone/ozonefs/target/test-dir/MiniOzoneClusterImpl-889e9801-d8cd-4d64-ad06-78e1b934daf6/datanode-2/data/ratis/08e61562-47cc-4e16-80de-c483cf7dde99 has been successfully formatted.
2019-09-19 14:40:04,122 [pool-49-thread-1] INFO  ratis.ContainerStateMachine (ContainerStateMachine.java:loadSnapshot(226)) - group-C483CF7DDE99: The snapshot info is null. Setting the last applied indexto:(t:0, i:~)
2019-09-19 14:40:04,122 [pool-49-thread-1] INFO  server.RaftServerConfigKeys (ConfUtils.java:logGet(43)) - raft.server.leader.election.timeout = 120s (custom)
2019-09-19 14:40:04,123 [pool-49-thread-1] INFO  server.RaftServerConfigKeys (ConfUtils.java:logGet(43)) - raft.server.log.use.memory = false (default)
2019-09-19 14:40:04,123 [pool-49-thread-1] INFO  server.RaftServerConfigKeys (ConfUtils.java:logGet(43)) - raft.server.log.purge.gap = 1000000 (custom)
2019-09-19 14:40:04,123 [pool-49-thread-1] INFO  server.RaftServerConfigKeys (ConfUtils.java:logGet(43)) - raft.server.log.appender.buffer.byte-limit = 33554432 (custom)
2019-09-19 14:40:04,123 [pool-49-thread-1] INFO  server.RaftServerConfigKeys (ConfUtils.java:logGet(43)) - raft.server.log.segment.size.max = 1048576 (custom)
2019-09-19 14:40:04,123 [pool-49-thread-1] INFO  server.RaftServerConfigKeys (ConfUtils.java:logGet(43)) - raft.server.log.segment.cache.num.max = 2 (custom)
2019-09-19 14:40:04,123 [pool-49-thread-1] INFO  segmented.SegmentedRaftLogWorker (SegmentedRaftLogWorker.java:<init>(172)) - new cda53276-4c02-47df-9243-aafa1631e748-SegmentedRaftLogWorker:Storage Directory /workdir/hadoop-ozone/ozonefs/target/test-dir/MiniOzoneClusterImpl-889e9801-d8cd-4d64-ad06-78e1b934daf6/datanode-2/data/ratis/08e61562-47cc-4e16-80de-c483cf7dde99 for RaftStorage:Storage Directory /workdir/hadoop-ozone/ozonefs/target/test-dir/MiniOzoneClusterImpl-889e9801-d8cd-4d64-ad06-78e1b934daf6/datanode-2/data/ratis/08e61562-47cc-4e16-80de-c483cf7dde99
2019-09-19 14:40:04,123 [pool-49-thread-1] INFO  server.RaftServerConfigKeys (ConfUtils.java:logGet(43)) - raft.server.log.queue.byte-limit = 2147483647 (custom)
2019-09-19 14:40:04,124 [pool-49-thread-1] INFO  server.RaftServerConfigKeys (ConfUtils.java:logGet(43)) - raft.server.log.queue.element-limit = 1024 (custom)
2019-09-19 14:40:04,124 [pool-49-thread-1] INFO  server.RaftServerConfigKeys (ConfUtils.java:logGet(43)) - raft.server.log.segment.size.max = 1048576 (custom)
2019-09-19 14:40:04,124 [pool-49-thread-1] INFO  server.RaftServerConfigKeys (ConfUtils.java:logGet(43)) - raft.server.log.preallocated.size = 16384 (custom)
2019-09-19 14:40:04,124 [pool-49-thread-1] INFO  server.RaftServerConfigKeys (ConfUtils.java:logGet(43)) - raft.server.log.write.buffer.size = 33554432 (custom)
2019-09-19 14:40:04,124 [pool-49-thread-1] INFO  server.RaftServerConfigKeys (ConfUtils.java:logGet(43)) - raft.server.log.force.sync.num = 128 (default)
2019-09-19 14:40:04,124 [pool-49-thread-1] INFO  server.RaftServerConfigKeys (ConfUtils.java:logGet(43)) - raft.server.log.statemachine.data.sync = true (default)
2019-09-19 14:40:04,124 [pool-49-thread-1] INFO  server.RaftServerConfigKeys (ConfUtils.java:logGet(43)) - raft.server.log.statemachine.data.sync.timeout = 10s (default)
2019-09-19 14:40:04,124 [pool-49-thread-1] INFO  server.RaftServerConfigKeys (ConfUtils.java:logGet(43)) - raft.server.log.statemachine.data.sync.timeout.retry = -1 (default)
2019-09-19 14:40:04,125 [pool-49-thread-1] INFO  server.RaftServerConfigKeys (ConfUtils.java:logGet(43)) - raft.server.log.statemachine.data.caching.enabled = true (custom)
2019-09-19 14:40:04,125 [pool-49-thread-1] INFO  segmented.SegmentedRaftLogWorker (SegmentedRaftLogWorker.java:lambda$new$0(132)) - cda53276-4c02-47df-9243-aafa1631e748-SegmentedRaftLogWorker:Storage Directory /workdir/hadoop-ozone/ozonefs/target/test-dir/MiniOzoneClusterImpl-889e9801-d8cd-4d64-ad06-78e1b934daf6/datanode-2/data/ratis/08e61562-47cc-4e16-80de-c483cf7dde99: flushIndex: setUnconditionally 0 -> -1
2019-09-19 14:40:04,125 [pool-49-thread-1] INFO  server.RaftServerConfigKeys (ConfUtils.java:logGet(43)) - raft.server.snapshot.auto.trigger.enabled = true (custom)
2019-09-19 14:40:04,125 [pool-49-thread-1] INFO  server.RaftServerConfigKeys (ConfUtils.java:logGet(43)) - raft.server.snapshot.auto.trigger.threshold = 10000 (custom)
2019-09-19 14:40:04,125 [pool-49-thread-1] INFO  server.RaftServerConfigKeys (ConfUtils.java:logGet(43)) - raft.server.retrycache.expirytime = 600000ms (custom)
2019-09-19 14:40:04,126 [pool-49-thread-1] INFO  impl.RaftServerImpl (RaftServerImpl.java:start(180)) - cda53276-4c02-47df-9243-aafa1631e748: start group-C483CF7DDE99
2019-09-19 14:40:04,126 [pool-49-thread-1] INFO  impl.RaftServerImpl (RaftServerImpl.java:setRole(171)) - cda53276-4c02-47df-9243-aafa1631e748:group-C483CF7DDE99 changes role from null to FOLLOWER at term 0 for startAsFollower
2019-09-19 14:40:04,126 [pool-49-thread-1] INFO  impl.RoleInfo (RoleInfo.java:updateAndGet(143)) - cda53276-4c02-47df-9243-aafa1631e748: start FollowerState
2019-09-19 14:40:04,126 [pool-49-thread-1] INFO  util.JmxRegister (JmxRegister.java:tryRegister(44)) - Successfully registered JMX Bean with object name Ratis:service=RaftServer,group=group-C483CF7DDE99,id=cda53276-4c02-47df-9243-aafa1631e748
2019-09-19 14:40:04,134 [RatisPipelineUtilsThread] INFO  pipeline.PipelineStateManager (PipelineStateManager.java:addPipeline(56)) - Created pipeline Pipeline[ Id: 08e61562-47cc-4e16-80de-c483cf7dde99, Nodes: cda53276-4c02-47df-9243-aafa1631e748{ip: 192.168.5.132, host: pr-hdds-1569-rzdr8-3403194166, networkLocation: /default-rack, certSerialId: null}, Type:RATIS, Factor:ONE, State:OPEN]
2019-09-19 14:40:04,137 [RatisPipelineUtilsThread] ERROR pipeline.PipelinePlacementPolicy (PipelinePlacementPolicy.java:meetCriteria(91)) - Pipeline Placement: Doesn't meet the criteria to be viable node. Heaviness: 6
2019-09-19 14:40:04,138 [RatisPipelineUtilsThread] ERROR pipeline.PipelinePlacementPolicy (PipelinePlacementPolicy.java:meetCriteria(91)) - Pipeline Placement: Doesn't meet the criteria to be viable node. Heaviness: 6
2019-09-19 14:40:04,138 [RatisPipelineUtilsThread] ERROR pipeline.PipelinePlacementPolicy (PipelinePlacementPolicy.java:meetCriteria(91)) - Pipeline Placement: Doesn't meet the criteria to be viable node. Heaviness: 6
2019-09-19 14:40:04,149 [grpc-default-executor-1] INFO  impl.RaftServerProxy (RaftServerProxy.java:addNew(89)) - cda53276-4c02-47df-9243-aafa1631e748: addNew group-F25C0518CF7D:[cda53276-4c02-47df-9243-aafa1631e748:192.168.5.132:44276] returns group-F25C0518CF7D:java.util.concurrent.CompletableFuture@3a177667[Not completed]
2019-09-19 14:40:04,150 [pool-49-thread-1] INFO  impl.RaftServerImpl (RaftServerImpl.java:<init>(93)) - cda53276-4c02-47df-9243-aafa1631e748: new RaftServerImpl for group-F25C0518CF7D:[cda53276-4c02-47df-9243-aafa1631e748:192.168.5.132:44276] with ContainerStateMachine:uninitialized
2019-09-19 14:40:04,150 [pool-49-thread-1] INFO  server.RaftServerConfigKeys (ConfUtils.java:logGet(43)) - raft.server.rpc.timeout.min = 5s (custom)
2019-09-19 14:40:04,151 [pool-49-thread-1] INFO  server.RaftServerConfigKeys (ConfUtils.java:logGet(43)) - raft.server.rpc.timeout.max = 5200ms (custom)
2019-09-19 14:40:04,151 [pool-49-thread-1] INFO  server.RaftServerConfigKeys (ConfUtils.java:logGet(43)) - raft.server.rpcslowness.timeout = 120s (custom)
2019-09-19 14:40:04,151 [pool-49-thread-1] INFO  server.RaftServerConfigKeys (ConfUtils.java:logGet(43)) - raft.server.sleep.deviation.threshold = 300 (default)
2019-09-19 14:40:04,151 [pool-49-thread-1] INFO  server.RaftServerConfigKeys (ConfUtils.java:logGet(43)) - raft.server.log.appender.install.snapshot.enabled = false (custom)
2019-09-19 14:40:04,151 [pool-49-thread-1] INFO  impl.RaftServerImpl (ServerState.java:<init>(105)) - cda53276-4c02-47df-9243-aafa1631e748:group-F25C0518CF7D ConfigurationManager, init=-1: [cda53276-4c02-47df-9243-aafa1631e748:192.168.5.132:44276], old=null, confs=<EMPTY_MAP>
2019-09-19 14:40:04,151 [pool-49-thread-1] INFO  server.RaftServerConfigKeys (ConfUtils.java:logGet(43)) - raft.server.storage.dir = [/workdir/hadoop-ozone/ozonefs/target/test-dir/MiniOzoneClusterImpl-889e9801-d8cd-4d64-ad06-78e1b934daf6/datanode-2/data/ratis] (custom)
2019-09-19 14:40:04,151 [pool-49-thread-1] INFO  storage.RaftStorageDirectory (RaftStorageDirectory.java:analyzeStorage(246)) - The storage directory /workdir/hadoop-ozone/ozonefs/target/test-dir/MiniOzoneClusterImpl-889e9801-d8cd-4d64-ad06-78e1b934daf6/datanode-2/data/ratis/2f007bdb-b3c0-4af7-b062-f25c0518cf7d does not exist. Creating ...
2019-09-19 14:40:04,180 [pool-49-thread-1] INFO  storage.RaftStorageDirectory (RaftStorageDirectory.java:tryLock(328)) - Lock on /workdir/hadoop-ozone/ozonefs/target/test-dir/MiniOzoneClusterImpl-889e9801-d8cd-4d64-ad06-78e1b934daf6/datanode-2/data/ratis/2f007bdb-b3c0-4af7-b062-f25c0518cf7d/in_use.lock acquired by nodename 29702@pr-hdds-1569-rzdr8-3403194166
2019-09-19 14:40:04,203 | INFO  | SCMAudit | user=jenkins1000 | ip=192.168.5.132 | op=SEND_HEARTBEAT {datanodeUUID=a1dec692-f01d-4dc4-b8c6-c1af31f4a539, command=[]} | ret=SUCCESS |  
2019-09-19 14:40:04,206 [pool-49-thread-1] INFO  storage.RaftStorage (RaftStorage.java:format(72)) - Storage directory /workdir/hadoop-ozone/ozonefs/target/test-dir/MiniOzoneClusterImpl-889e9801-d8cd-4d64-ad06-78e1b934daf6/datanode-2/data/ratis/2f007bdb-b3c0-4af7-b062-f25c0518cf7d has been successfully formatted.
2019-09-19 14:40:04,206 [pool-49-thread-1] INFO  ratis.ContainerStateMachine (ContainerStateMachine.java:loadSnapshot(226)) - group-F25C0518CF7D: The snapshot info is null. Setting the last applied indexto:(t:0, i:~)
2019-09-19 14:40:04,206 [pool-49-thread-1] INFO  server.RaftServerConfigKeys (ConfUtils.java:logGet(43)) - raft.server.leader.election.timeout = 120s (custom)
2019-09-19 14:40:04,206 [pool-49-thread-1] INFO  server.RaftServerConfigKeys (ConfUtils.java:logGet(43)) - raft.server.log.use.memory = false (default)
2019-09-19 14:40:04,206 [pool-49-thread-1] INFO  server.RaftServerConfigKeys (ConfUtils.java:logGet(43)) - raft.server.log.purge.gap = 1000000 (custom)
2019-09-19 14:40:04,207 [pool-49-thread-1] INFO  server.RaftServerConfigKeys (ConfUtils.java:logGet(43)) - raft.server.log.appender.buffer.byte-limit = 33554432 (custom)
2019-09-19 14:40:04,207 [pool-49-thread-1] INFO  server.RaftServerConfigKeys (ConfUtils.java:logGet(43)) - raft.server.log.segment.size.max = 1048576 (custom)
2019-09-19 14:40:04,207 [pool-49-thread-1] INFO  server.RaftServerConfigKeys (ConfUtils.java:logGet(43)) - raft.server.log.segment.cache.num.max = 2 (custom)
2019-09-19 14:40:04,207 [pool-49-thread-1] INFO  segmented.SegmentedRaftLogWorker (SegmentedRaftLogWorker.java:<init>(172)) - new cda53276-4c02-47df-9243-aafa1631e748-SegmentedRaftLogWorker:Storage Directory /workdir/hadoop-ozone/ozonefs/target/test-dir/MiniOzoneClusterImpl-889e9801-d8cd-4d64-ad06-78e1b934daf6/datanode-2/data/ratis/2f007bdb-b3c0-4af7-b062-f25c0518cf7d for RaftStorage:Storage Directory /workdir/hadoop-ozone/ozonefs/target/test-dir/MiniOzoneClusterImpl-889e9801-d8cd-4d64-ad06-78e1b934daf6/datanode-2/data/ratis/2f007bdb-b3c0-4af7-b062-f25c0518cf7d
2019-09-19 14:40:04,207 [pool-49-thread-1] INFO  server.RaftServerConfigKeys (ConfUtils.java:logGet(43)) - raft.server.log.queue.byte-limit = 2147483647 (custom)
2019-09-19 14:40:04,207 [pool-49-thread-1] INFO  server.RaftServerConfigKeys (ConfUtils.java:logGet(43)) - raft.server.log.queue.element-limit = 1024 (custom)
2019-09-19 14:40:04,207 [pool-49-thread-1] INFO  server.RaftServerConfigKeys (ConfUtils.java:logGet(43)) - raft.server.log.segment.size.max = 1048576 (custom)
2019-09-19 14:40:04,207 [pool-49-thread-1] INFO  server.RaftServerConfigKeys (ConfUtils.java:logGet(43)) - raft.server.log.preallocated.size = 16384 (custom)
2019-09-19 14:40:04,207 [pool-49-thread-1] INFO  server.RaftServerConfigKeys (ConfUtils.java:logGet(43)) - raft.server.log.write.buffer.size = 33554432 (custom)
2019-09-19 14:40:04,208 [pool-49-thread-1] INFO  server.RaftServerConfigKeys (ConfUtils.java:logGet(43)) - raft.server.log.force.sync.num = 128 (default)
2019-09-19 14:40:04,208 [pool-49-thread-1] INFO  server.RaftServerConfigKeys (ConfUtils.java:logGet(43)) - raft.server.log.statemachine.data.sync = true (default)
2019-09-19 14:40:04,208 [pool-49-thread-1] INFO  server.RaftServerConfigKeys (ConfUtils.java:logGet(43)) - raft.server.log.statemachine.data.sync.timeout = 10s (default)
2019-09-19 14:40:04,208 [pool-49-thread-1] INFO  server.RaftServerConfigKeys (ConfUtils.java:logGet(43)) - raft.server.log.statemachine.data.sync.timeout.retry = -1 (default)
2019-09-19 14:40:04,208 [pool-49-thread-1] INFO  server.RaftServerConfigKeys (ConfUtils.java:logGet(43)) - raft.server.log.statemachine.data.caching.enabled = true (custom)
2019-09-19 14:40:04,208 [pool-49-thread-1] INFO  segmented.SegmentedRaftLogWorker (SegmentedRaftLogWorker.java:lambda$new$0(132)) - cda53276-4c02-47df-9243-aafa1631e748-SegmentedRaftLogWorker:Storage Directory /workdir/hadoop-ozone/ozonefs/target/test-dir/MiniOzoneClusterImpl-889e9801-d8cd-4d64-ad06-78e1b934daf6/datanode-2/data/ratis/2f007bdb-b3c0-4af7-b062-f25c0518cf7d: flushIndex: setUnconditionally 0 -> -1
2019-09-19 14:40:04,208 [pool-49-thread-1] INFO  server.RaftServerConfigKeys (ConfUtils.java:logGet(43)) - raft.server.snapshot.auto.trigger.enabled = true (custom)
2019-09-19 14:40:04,209 [pool-49-thread-1] INFO  server.RaftServerConfigKeys (ConfUtils.java:logGet(43)) - raft.server.snapshot.auto.trigger.threshold = 10000 (custom)
2019-09-19 14:40:04,209 [pool-49-thread-1] INFO  server.RaftServerConfigKeys (ConfUtils.java:logGet(43)) - raft.server.retrycache.expirytime = 600000ms (custom)
2019-09-19 14:40:04,209 [pool-49-thread-1] INFO  impl.RaftServerImpl (RaftServerImpl.java:start(180)) - cda53276-4c02-47df-9243-aafa1631e748: start group-F25C0518CF7D
2019-09-19 14:40:04,209 [pool-49-thread-1] INFO  impl.RaftServerImpl (RaftServerImpl.java:setRole(171)) - cda53276-4c02-47df-9243-aafa1631e748:group-F25C0518CF7D changes role from null to FOLLOWER at term 0 for startAsFollower
2019-09-19 14:40:04,209 [pool-49-thread-1] INFO  impl.RoleInfo (RoleInfo.java:updateAndGet(143)) - cda53276-4c02-47df-9243-aafa1631e748: start FollowerState
2019-09-19 14:40:04,209 [pool-49-thread-1] INFO  util.JmxRegister (JmxRegister.java:tryRegister(44)) - Successfully registered JMX Bean with object name Ratis:service=RaftServer,group=group-F25C0518CF7D,id=cda53276-4c02-47df-9243-aafa1631e748
2019-09-19 14:40:04,215 [RatisPipelineUtilsThread] INFO  pipeline.PipelineStateManager (PipelineStateManager.java:addPipeline(56)) - Created pipeline Pipeline[ Id: 2f007bdb-b3c0-4af7-b062-f25c0518cf7d, Nodes: cda53276-4c02-47df-9243-aafa1631e748{ip: 192.168.5.132, host: pr-hdds-1569-rzdr8-3403194166, networkLocation: /default-rack, certSerialId: null}, Type:RATIS, Factor:ONE, State:OPEN]
2019-09-19 14:40:04,217 [RatisPipelineUtilsThread] ERROR pipeline.PipelinePlacementPolicy (PipelinePlacementPolicy.java:meetCriteria(91)) - Pipeline Placement: Doesn't meet the criteria to be viable node. Heaviness: 6
2019-09-19 14:40:04,217 [RatisPipelineUtilsThread] ERROR pipeline.PipelinePlacementPolicy (PipelinePlacementPolicy.java:meetCriteria(91)) - Pipeline Placement: Doesn't meet the criteria to be viable node. Heaviness: 6
2019-09-19 14:40:04,217 [RatisPipelineUtilsThread] ERROR pipeline.PipelinePlacementPolicy (PipelinePlacementPolicy.java:meetCriteria(91)) - Pipeline Placement: Doesn't meet the criteria to be viable node. Heaviness: 6
2019-09-19 14:40:04,217 [RatisPipelineUtilsThread] ERROR pipeline.PipelinePlacementPolicy (PipelinePlacementPolicy.java:meetCriteria(91)) - Pipeline Placement: Doesn't meet the criteria to be viable node. Heaviness: 6
2019-09-19 14:40:04,228 [grpc-default-executor-1] INFO  impl.RaftServerProxy (RaftServerProxy.java:addNew(89)) - 7bfd0aba-89d9-48be-a848-6a4500b14ddf: addNew group-AE278FE05521:[7bfd0aba-89d9-48be-a848-6a4500b14ddf:192.168.5.132:45019] returns group-AE278FE05521:java.util.concurrent.CompletableFuture@3f4ccdb1[Not completed]
2019-09-19 14:40:04,237 [pool-115-thread-1] INFO  impl.RaftServerImpl (RaftServerImpl.java:<init>(93)) - 7bfd0aba-89d9-48be-a848-6a4500b14ddf: new RaftServerImpl for group-AE278FE05521:[7bfd0aba-89d9-48be-a848-6a4500b14ddf:192.168.5.132:45019] with ContainerStateMachine:uninitialized
2019-09-19 14:40:04,237 [pool-115-thread-1] INFO  server.RaftServerConfigKeys (ConfUtils.java:logGet(43)) - raft.server.rpc.timeout.min = 5s (custom)
2019-09-19 14:40:04,237 [pool-115-thread-1] INFO  server.RaftServerConfigKeys (ConfUtils.java:logGet(43)) - raft.server.rpc.timeout.max = 5200ms (custom)
2019-09-19 14:40:04,237 [pool-115-thread-1] INFO  server.RaftServerConfigKeys (ConfUtils.java:logGet(43)) - raft.server.rpcslowness.timeout = 120s (custom)
2019-09-19 14:40:04,237 [pool-115-thread-1] INFO  server.RaftServerConfigKeys (ConfUtils.java:logGet(43)) - raft.server.sleep.deviation.threshold = 300 (default)
2019-09-19 14:40:04,237 [pool-115-thread-1] INFO  server.RaftServerConfigKeys (ConfUtils.java:logGet(43)) - raft.server.log.appender.install.snapshot.enabled = false (custom)
2019-09-19 14:40:04,237 [pool-115-thread-1] INFO  impl.RaftServerImpl (ServerState.java:<init>(105)) - 7bfd0aba-89d9-48be-a848-6a4500b14ddf:group-AE278FE05521 ConfigurationManager, init=-1: [7bfd0aba-89d9-48be-a848-6a4500b14ddf:192.168.5.132:45019], old=null, confs=<EMPTY_MAP>
2019-09-19 14:40:04,238 [pool-115-thread-1] INFO  server.RaftServerConfigKeys (ConfUtils.java:logGet(43)) - raft.server.storage.dir = [/workdir/hadoop-ozone/ozonefs/target/test-dir/MiniOzoneClusterImpl-889e9801-d8cd-4d64-ad06-78e1b934daf6/datanode-8/data/ratis] (custom)
2019-09-19 14:40:04,238 [pool-115-thread-1] INFO  storage.RaftStorageDirectory (RaftStorageDirectory.java:analyzeStorage(246)) - The storage directory /workdir/hadoop-ozone/ozonefs/target/test-dir/MiniOzoneClusterImpl-889e9801-d8cd-4d64-ad06-78e1b934daf6/datanode-8/data/ratis/5e1ca417-a893-4a27-b4b2-ae278fe05521 does not exist. Creating ...
2019-09-19 14:40:04,265 [pool-115-thread-1] INFO  storage.RaftStorageDirectory (RaftStorageDirectory.java:tryLock(328)) - Lock on /workdir/hadoop-ozone/ozonefs/target/test-dir/MiniOzoneClusterImpl-889e9801-d8cd-4d64-ad06-78e1b934daf6/datanode-8/data/ratis/5e1ca417-a893-4a27-b4b2-ae278fe05521/in_use.lock acquired by nodename 29702@pr-hdds-1569-rzdr8-3403194166
2019-09-19 14:40:04,278 | INFO  | SCMAudit | user=jenkins1000 | ip=192.168.5.132 | op=SEND_HEARTBEAT {datanodeUUID=f70b6c3b-be29-4a26-a238-fb2d839120cd, command=[]} | ret=SUCCESS |  
2019-09-19 14:40:04,290 [pool-115-thread-1] INFO  storage.RaftStorage (RaftStorage.java:format(72)) - Storage directory /workdir/hadoop-ozone/ozonefs/target/test-dir/MiniOzoneClusterImpl-889e9801-d8cd-4d64-ad06-78e1b934daf6/datanode-8/data/ratis/5e1ca417-a893-4a27-b4b2-ae278fe05521 has been successfully formatted.
2019-09-19 14:40:04,290 [pool-115-thread-1] INFO  ratis.ContainerStateMachine (ContainerStateMachine.java:loadSnapshot(226)) - group-AE278FE05521: The snapshot info is null. Setting the last applied indexto:(t:0, i:~)
2019-09-19 14:40:04,291 [pool-115-thread-1] INFO  server.RaftServerConfigKeys (ConfUtils.java:logGet(43)) - raft.server.leader.election.timeout = 120s (custom)
2019-09-19 14:40:04,291 [pool-115-thread-1] INFO  server.RaftServerConfigKeys (ConfUtils.java:logGet(43)) - raft.server.log.use.memory = false (default)
2019-09-19 14:40:04,291 [pool-115-thread-1] INFO  server.RaftServerConfigKeys (ConfUtils.java:logGet(43)) - raft.server.log.purge.gap = 1000000 (custom)
2019-09-19 14:40:04,291 [pool-115-thread-1] INFO  server.RaftServerConfigKeys (ConfUtils.java:logGet(43)) - raft.server.log.appender.buffer.byte-limit = 33554432 (custom)
2019-09-19 14:40:04,291 [pool-115-thread-1] INFO  server.RaftServerConfigKeys (ConfUtils.java:logGet(43)) - raft.server.log.segment.size.max = 1048576 (custom)
2019-09-19 14:40:04,291 [pool-115-thread-1] INFO  server.RaftServerConfigKeys (ConfUtils.java:logGet(43)) - raft.server.log.segment.cache.num.max = 2 (custom)
2019-09-19 14:40:04,292 [pool-115-thread-1] INFO  segmented.SegmentedRaftLogWorker (SegmentedRaftLogWorker.java:<init>(172)) - new 7bfd0aba-89d9-48be-a848-6a4500b14ddf-SegmentedRaftLogWorker:Storage Directory /workdir/hadoop-ozone/ozonefs/target/test-dir/MiniOzoneClusterImpl-889e9801-d8cd-4d64-ad06-78e1b934daf6/datanode-8/data/ratis/5e1ca417-a893-4a27-b4b2-ae278fe05521 for RaftStorage:Storage Directory /workdir/hadoop-ozone/ozonefs/target/test-dir/MiniOzoneClusterImpl-889e9801-d8cd-4d64-ad06-78e1b934daf6/datanode-8/data/ratis/5e1ca417-a893-4a27-b4b2-ae278fe05521
2019-09-19 14:40:04,292 [pool-115-thread-1] INFO  server.RaftServerConfigKeys (ConfUtils.java:logGet(43)) - raft.server.log.queue.byte-limit = 2147483647 (custom)
2019-09-19 14:40:04,292 [pool-115-thread-1] INFO  server.RaftServerConfigKeys (ConfUtils.java:logGet(43)) - raft.server.log.queue.element-limit = 1024 (custom)
2019-09-19 14:40:04,292 [pool-115-thread-1] INFO  server.RaftServerConfigKeys (ConfUtils.java:logGet(43)) - raft.server.log.segment.size.max = 1048576 (custom)
2019-09-19 14:40:04,293 [pool-115-thread-1] INFO  server.RaftServerConfigKeys (ConfUtils.java:logGet(43)) - raft.server.log.preallocated.size = 16384 (custom)
2019-09-19 14:40:04,293 [pool-115-thread-1] INFO  server.RaftServerConfigKeys (ConfUtils.java:logGet(43)) - raft.server.log.write.buffer.size = 33554432 (custom)
2019-09-19 14:40:04,293 [pool-115-thread-1] INFO  server.RaftServerConfigKeys (ConfUtils.java:logGet(43)) - raft.server.log.force.sync.num = 128 (default)
2019-09-19 14:40:04,293 [pool-115-thread-1] INFO  server.RaftServerConfigKeys (ConfUtils.java:logGet(43)) - raft.server.log.statemachine.data.sync = true (default)
2019-09-19 14:40:04,293 [pool-115-thread-1] INFO  server.RaftServerConfigKeys (ConfUtils.java:logGet(43)) - raft.server.log.statemachine.data.sync.timeout = 10s (default)
2019-09-19 14:40:04,293 [pool-115-thread-1] INFO  server.RaftServerConfigKeys (ConfUtils.java:logGet(43)) - raft.server.log.statemachine.data.sync.timeout.retry = -1 (default)
2019-09-19 14:40:04,294 [pool-115-thread-1] INFO  server.RaftServerConfigKeys (ConfUtils.java:logGet(43)) - raft.server.log.statemachine.data.caching.enabled = true (custom)
2019-09-19 14:40:04,294 [pool-115-thread-1] INFO  segmented.SegmentedRaftLogWorker (SegmentedRaftLogWorker.java:lambda$new$0(132)) - 7bfd0aba-89d9-48be-a848-6a4500b14ddf-SegmentedRaftLogWorker:Storage Directory /workdir/hadoop-ozone/ozonefs/target/test-dir/MiniOzoneClusterImpl-889e9801-d8cd-4d64-ad06-78e1b934daf6/datanode-8/data/ratis/5e1ca417-a893-4a27-b4b2-ae278fe05521: flushIndex: setUnconditionally 0 -> -1
2019-09-19 14:40:04,294 [pool-115-thread-1] INFO  server.RaftServerConfigKeys (ConfUtils.java:logGet(43)) - raft.server.snapshot.auto.trigger.enabled = true (custom)
2019-09-19 14:40:04,295 [pool-115-thread-1] INFO  server.RaftServerConfigKeys (ConfUtils.java:logGet(43)) - raft.server.snapshot.auto.trigger.threshold = 10000 (custom)
2019-09-19 14:40:04,295 [pool-115-thread-1] INFO  server.RaftServerConfigKeys (ConfUtils.java:logGet(43)) - raft.server.retrycache.expirytime = 600000ms (custom)
2019-09-19 14:40:04,295 [pool-115-thread-1] INFO  impl.RaftServerImpl (RaftServerImpl.java:start(180)) - 7bfd0aba-89d9-48be-a848-6a4500b14ddf: start group-AE278FE05521
2019-09-19 14:40:04,295 [pool-115-thread-1] INFO  impl.RaftServerImpl (RaftServerImpl.java:setRole(171)) - 7bfd0aba-89d9-48be-a848-6a4500b14ddf:group-AE278FE05521 changes role from null to FOLLOWER at term 0 for startAsFollower
2019-09-19 14:40:04,295 [pool-115-thread-1] INFO  impl.RoleInfo (RoleInfo.java:updateAndGet(143)) - 7bfd0aba-89d9-48be-a848-6a4500b14ddf: start FollowerState
2019-09-19 14:40:04,296 [pool-115-thread-1] INFO  util.JmxRegister (JmxRegister.java:tryRegister(44)) - Successfully registered JMX Bean with object name Ratis:service=RaftServer,group=group-AE278FE05521,id=7bfd0aba-89d9-48be-a848-6a4500b14ddf
2019-09-19 14:40:04,301 [RatisPipelineUtilsThread] INFO  pipeline.PipelineStateManager (PipelineStateManager.java:addPipeline(56)) - Created pipeline Pipeline[ Id: 5e1ca417-a893-4a27-b4b2-ae278fe05521, Nodes: 7bfd0aba-89d9-48be-a848-6a4500b14ddf{ip: 192.168.5.132, host: pr-hdds-1569-rzdr8-3403194166, networkLocation: /default-rack, certSerialId: null}, Type:RATIS, Factor:ONE, State:OPEN]
2019-09-19 14:40:04,302 [RatisPipelineUtilsThread] ERROR pipeline.PipelinePlacementPolicy (PipelinePlacementPolicy.java:meetCriteria(91)) - Pipeline Placement: Doesn't meet the criteria to be viable node. Heaviness: 6
2019-09-19 14:40:04,303 [RatisPipelineUtilsThread] ERROR pipeline.PipelinePlacementPolicy (PipelinePlacementPolicy.java:meetCriteria(91)) - Pipeline Placement: Doesn't meet the criteria to be viable node. Heaviness: 6
2019-09-19 14:40:04,303 [RatisPipelineUtilsThread] ERROR pipeline.PipelinePlacementPolicy (PipelinePlacementPolicy.java:meetCriteria(91)) - Pipeline Placement: Doesn't meet the criteria to be viable node. Heaviness: 6
2019-09-19 14:40:04,303 [RatisPipelineUtilsThread] ERROR pipeline.PipelinePlacementPolicy (PipelinePlacementPolicy.java:meetCriteria(91)) - Pipeline Placement: Doesn't meet the criteria to be viable node. Heaviness: 6
2019-09-19 14:40:04,312 [grpc-default-executor-1] INFO  impl.RaftServerProxy (RaftServerProxy.java:addNew(89)) - b84a7c4a-6ef7-4bd2-bf64-eea4d8e07688: addNew group-448155F51E39:[b84a7c4a-6ef7-4bd2-bf64-eea4d8e07688:192.168.5.132:41504] returns group-448155F51E39:java.util.concurrent.CompletableFuture@7e2df60a[Not completed]
2019-09-19 14:40:04,313 [pool-93-thread-1] INFO  impl.RaftServerImpl (RaftServerImpl.java:<init>(93)) - b84a7c4a-6ef7-4bd2-bf64-eea4d8e07688: new RaftServerImpl for group-448155F51E39:[b84a7c4a-6ef7-4bd2-bf64-eea4d8e07688:192.168.5.132:41504] with ContainerStateMachine:uninitialized
2019-09-19 14:40:04,314 [pool-93-thread-1] INFO  server.RaftServerConfigKeys (ConfUtils.java:logGet(43)) - raft.server.rpc.timeout.min = 5s (custom)
2019-09-19 14:40:04,314 [pool-93-thread-1] INFO  server.RaftServerConfigKeys (ConfUtils.java:logGet(43)) - raft.server.rpc.timeout.max = 5200ms (custom)
2019-09-19 14:40:04,314 [pool-93-thread-1] INFO  server.RaftServerConfigKeys (ConfUtils.java:logGet(43)) - raft.server.rpcslowness.timeout = 120s (custom)
2019-09-19 14:40:04,314 [pool-93-thread-1] INFO  server.RaftServerConfigKeys (ConfUtils.java:logGet(43)) - raft.server.sleep.deviation.threshold = 300 (default)
2019-09-19 14:40:04,314 [pool-93-thread-1] INFO  server.RaftServerConfigKeys (ConfUtils.java:logGet(43)) - raft.server.log.appender.install.snapshot.enabled = false (custom)
2019-09-19 14:40:04,314 [pool-93-thread-1] INFO  impl.RaftServerImpl (ServerState.java:<init>(105)) - b84a7c4a-6ef7-4bd2-bf64-eea4d8e07688:group-448155F51E39 ConfigurationManager, init=-1: [b84a7c4a-6ef7-4bd2-bf64-eea4d8e07688:192.168.5.132:41504], old=null, confs=<EMPTY_MAP>
2019-09-19 14:40:04,315 [pool-93-thread-1] INFO  server.RaftServerConfigKeys (ConfUtils.java:logGet(43)) - raft.server.storage.dir = [/workdir/hadoop-ozone/ozonefs/target/test-dir/MiniOzoneClusterImpl-889e9801-d8cd-4d64-ad06-78e1b934daf6/datanode-6/data/ratis] (custom)
2019-09-19 14:40:04,315 [pool-93-thread-1] INFO  storage.RaftStorageDirectory (RaftStorageDirectory.java:analyzeStorage(246)) - The storage directory /workdir/hadoop-ozone/ozonefs/target/test-dir/MiniOzoneClusterImpl-889e9801-d8cd-4d64-ad06-78e1b934daf6/datanode-6/data/ratis/ed1c32e1-11c5-4430-ada6-448155f51e39 does not exist. Creating ...
2019-09-19 14:40:04,341 [pool-93-thread-1] INFO  storage.RaftStorageDirectory (RaftStorageDirectory.java:tryLock(328)) - Lock on /workdir/hadoop-ozone/ozonefs/target/test-dir/MiniOzoneClusterImpl-889e9801-d8cd-4d64-ad06-78e1b934daf6/datanode-6/data/ratis/ed1c32e1-11c5-4430-ada6-448155f51e39/in_use.lock acquired by nodename 29702@pr-hdds-1569-rzdr8-3403194166
2019-09-19 14:40:04,350 | INFO  | SCMAudit | user=jenkins1000 | ip=192.168.5.132 | op=SEND_HEARTBEAT {datanodeUUID=7354d665-2a20-43d9-a220-6cd224d5c3fe, command=[]} | ret=SUCCESS |  
2019-09-19 14:40:04,367 [pool-93-thread-1] INFO  storage.RaftStorage (RaftStorage.java:format(72)) - Storage directory /workdir/hadoop-ozone/ozonefs/target/test-dir/MiniOzoneClusterImpl-889e9801-d8cd-4d64-ad06-78e1b934daf6/datanode-6/data/ratis/ed1c32e1-11c5-4430-ada6-448155f51e39 has been successfully formatted.
2019-09-19 14:40:04,367 [pool-93-thread-1] INFO  ratis.ContainerStateMachine (ContainerStateMachine.java:loadSnapshot(226)) - group-448155F51E39: The snapshot info is null. Setting the last applied indexto:(t:0, i:~)
2019-09-19 14:40:04,367 [pool-93-thread-1] INFO  server.RaftServerConfigKeys (ConfUtils.java:logGet(43)) - raft.server.leader.election.timeout = 120s (custom)
2019-09-19 14:40:04,368 [pool-93-thread-1] INFO  server.RaftServerConfigKeys (ConfUtils.java:logGet(43)) - raft.server.log.use.memory = false (default)
2019-09-19 14:40:04,368 [pool-93-thread-1] INFO  server.RaftServerConfigKeys (ConfUtils.java:logGet(43)) - raft.server.log.purge.gap = 1000000 (custom)
2019-09-19 14:40:04,368 [pool-93-thread-1] INFO  server.RaftServerConfigKeys (ConfUtils.java:logGet(43)) - raft.server.log.appender.buffer.byte-limit = 33554432 (custom)
2019-09-19 14:40:04,368 [pool-93-thread-1] INFO  server.RaftServerConfigKeys (ConfUtils.java:logGet(43)) - raft.server.log.segment.size.max = 1048576 (custom)
2019-09-19 14:40:04,369 [pool-93-thread-1] INFO  server.RaftServerConfigKeys (ConfUtils.java:logGet(43)) - raft.server.log.segment.cache.num.max = 2 (custom)
2019-09-19 14:40:04,369 [pool-93-thread-1] INFO  segmented.SegmentedRaftLogWorker (SegmentedRaftLogWorker.java:<init>(172)) - new b84a7c4a-6ef7-4bd2-bf64-eea4d8e07688-SegmentedRaftLogWorker:Storage Directory /workdir/hadoop-ozone/ozonefs/target/test-dir/MiniOzoneClusterImpl-889e9801-d8cd-4d64-ad06-78e1b934daf6/datanode-6/data/ratis/ed1c32e1-11c5-4430-ada6-448155f51e39 for RaftStorage:Storage Directory /workdir/hadoop-ozone/ozonefs/target/test-dir/MiniOzoneClusterImpl-889e9801-d8cd-4d64-ad06-78e1b934daf6/datanode-6/data/ratis/ed1c32e1-11c5-4430-ada6-448155f51e39
2019-09-19 14:40:04,369 [pool-93-thread-1] INFO  server.RaftServerConfigKeys (ConfUtils.java:logGet(43)) - raft.server.log.queue.byte-limit = 2147483647 (custom)
2019-09-19 14:40:04,369 [pool-93-thread-1] INFO  server.RaftServerConfigKeys (ConfUtils.java:logGet(43)) - raft.server.log.queue.element-limit = 1024 (custom)
2019-09-19 14:40:04,369 [pool-93-thread-1] INFO  server.RaftServerConfigKeys (ConfUtils.java:logGet(43)) - raft.server.log.segment.size.max = 1048576 (custom)
2019-09-19 14:40:04,370 [pool-93-thread-1] INFO  server.RaftServerConfigKeys (ConfUtils.java:logGet(43)) - raft.server.log.preallocated.size = 16384 (custom)
2019-09-19 14:40:04,370 [pool-93-thread-1] INFO  server.RaftServerConfigKeys (ConfUtils.java:logGet(43)) - raft.server.log.write.buffer.size = 33554432 (custom)
2019-09-19 14:40:04,370 [pool-93-thread-1] INFO  server.RaftServerConfigKeys (ConfUtils.java:logGet(43)) - raft.server.log.force.sync.num = 128 (default)
2019-09-19 14:40:04,370 [pool-93-thread-1] INFO  server.RaftServerConfigKeys (ConfUtils.java:logGet(43)) - raft.server.log.statemachine.data.sync = true (default)
2019-09-19 14:40:04,370 [pool-93-thread-1] INFO  server.RaftServerConfigKeys (ConfUtils.java:logGet(43)) - raft.server.log.statemachine.data.sync.timeout = 10s (default)
2019-09-19 14:40:04,371 [pool-93-thread-1] INFO  server.RaftServerConfigKeys (ConfUtils.java:logGet(43)) - raft.server.log.statemachine.data.sync.timeout.retry = -1 (default)
2019-09-19 14:40:04,371 [pool-93-thread-1] INFO  server.RaftServerConfigKeys (ConfUtils.java:logGet(43)) - raft.server.log.statemachine.data.caching.enabled = true (custom)
2019-09-19 14:40:04,371 [pool-93-thread-1] INFO  segmented.SegmentedRaftLogWorker (SegmentedRaftLogWorker.java:lambda$new$0(132)) - b84a7c4a-6ef7-4bd2-bf64-eea4d8e07688-SegmentedRaftLogWorker:Storage Directory /workdir/hadoop-ozone/ozonefs/target/test-dir/MiniOzoneClusterImpl-889e9801-d8cd-4d64-ad06-78e1b934daf6/datanode-6/data/ratis/ed1c32e1-11c5-4430-ada6-448155f51e39: flushIndex: setUnconditionally 0 -> -1
2019-09-19 14:40:04,372 [pool-93-thread-1] INFO  server.RaftServerConfigKeys (ConfUtils.java:logGet(43)) - raft.server.snapshot.auto.trigger.enabled = true (custom)
2019-09-19 14:40:04,372 [pool-93-thread-1] INFO  server.RaftServerConfigKeys (ConfUtils.java:logGet(43)) - raft.server.snapshot.auto.trigger.threshold = 10000 (custom)
2019-09-19 14:40:04,372 [pool-93-thread-1] INFO  server.RaftServerConfigKeys (ConfUtils.java:logGet(43)) - raft.server.retrycache.expirytime = 600000ms (custom)
2019-09-19 14:40:04,373 [pool-93-thread-1] INFO  impl.RaftServerImpl (RaftServerImpl.java:start(180)) - b84a7c4a-6ef7-4bd2-bf64-eea4d8e07688: start group-448155F51E39
2019-09-19 14:40:04,373 [pool-93-thread-1] INFO  impl.RaftServerImpl (RaftServerImpl.java:setRole(171)) - b84a7c4a-6ef7-4bd2-bf64-eea4d8e07688:group-448155F51E39 changes role from null to FOLLOWER at term 0 for startAsFollower
2019-09-19 14:40:04,373 [pool-93-thread-1] INFO  impl.RoleInfo (RoleInfo.java:updateAndGet(143)) - b84a7c4a-6ef7-4bd2-bf64-eea4d8e07688: start FollowerState
2019-09-19 14:40:04,373 [pool-93-thread-1] INFO  util.JmxRegister (JmxRegister.java:tryRegister(44)) - Successfully registered JMX Bean with object name Ratis:service=RaftServer,group=group-448155F51E39,id=b84a7c4a-6ef7-4bd2-bf64-eea4d8e07688
2019-09-19 14:40:04,380 [RatisPipelineUtilsThread] INFO  pipeline.PipelineStateManager (PipelineStateManager.java:addPipeline(56)) - Created pipeline Pipeline[ Id: ed1c32e1-11c5-4430-ada6-448155f51e39, Nodes: b84a7c4a-6ef7-4bd2-bf64-eea4d8e07688{ip: 192.168.5.132, host: pr-hdds-1569-rzdr8-3403194166, networkLocation: /default-rack, certSerialId: null}, Type:RATIS, Factor:ONE, State:OPEN]
2019-09-19 14:40:04,382 [RatisPipelineUtilsThread] ERROR pipeline.PipelinePlacementPolicy (PipelinePlacementPolicy.java:meetCriteria(91)) - Pipeline Placement: Doesn't meet the criteria to be viable node. Heaviness: 6
2019-09-19 14:40:04,382 [RatisPipelineUtilsThread] ERROR pipeline.PipelinePlacementPolicy (PipelinePlacementPolicy.java:meetCriteria(91)) - Pipeline Placement: Doesn't meet the criteria to be viable node. Heaviness: 6
2019-09-19 14:40:04,382 [RatisPipelineUtilsThread] ERROR pipeline.PipelinePlacementPolicy (PipelinePlacementPolicy.java:meetCriteria(91)) - Pipeline Placement: Doesn't meet the criteria to be viable node. Heaviness: 6
2019-09-19 14:40:04,383 [RatisPipelineUtilsThread] ERROR pipeline.PipelinePlacementPolicy (PipelinePlacementPolicy.java:meetCriteria(91)) - Pipeline Placement: Doesn't meet the criteria to be viable node. Heaviness: 6
2019-09-19 14:40:04,395 [grpc-default-executor-1] INFO  impl.RaftServerProxy (RaftServerProxy.java:addNew(89)) - c157b6a0-3602-4e04-89f3-2eaad4ae05f6: addNew group-3CC7DCB36CCF:[c157b6a0-3602-4e04-89f3-2eaad4ae05f6:192.168.5.132:35760] returns group-3CC7DCB36CCF:java.util.concurrent.CompletableFuture@6ea78307[Not completed]
2019-09-19 14:40:04,397 [pool-38-thread-1] INFO  impl.RaftServerImpl (RaftServerImpl.java:<init>(93)) - c157b6a0-3602-4e04-89f3-2eaad4ae05f6: new RaftServerImpl for group-3CC7DCB36CCF:[c157b6a0-3602-4e04-89f3-2eaad4ae05f6:192.168.5.132:35760] with ContainerStateMachine:uninitialized
2019-09-19 14:40:04,397 [pool-38-thread-1] INFO  server.RaftServerConfigKeys (ConfUtils.java:logGet(43)) - raft.server.rpc.timeout.min = 5s (custom)
2019-09-19 14:40:04,397 [pool-38-thread-1] INFO  server.RaftServerConfigKeys (ConfUtils.java:logGet(43)) - raft.server.rpc.timeout.max = 5200ms (custom)
2019-09-19 14:40:04,398 [pool-38-thread-1] INFO  server.RaftServerConfigKeys (ConfUtils.java:logGet(43)) - raft.server.rpcslowness.timeout = 120s (custom)
2019-09-19 14:40:04,398 [pool-38-thread-1] INFO  server.RaftServerConfigKeys (ConfUtils.java:logGet(43)) - raft.server.sleep.deviation.threshold = 300 (default)
2019-09-19 14:40:04,398 [pool-38-thread-1] INFO  server.RaftServerConfigKeys (ConfUtils.java:logGet(43)) - raft.server.log.appender.install.snapshot.enabled = false (custom)
2019-09-19 14:40:04,398 [pool-38-thread-1] INFO  impl.RaftServerImpl (ServerState.java:<init>(105)) - c157b6a0-3602-4e04-89f3-2eaad4ae05f6:group-3CC7DCB36CCF ConfigurationManager, init=-1: [c157b6a0-3602-4e04-89f3-2eaad4ae05f6:192.168.5.132:35760], old=null, confs=<EMPTY_MAP>
2019-09-19 14:40:04,398 [pool-38-thread-1] INFO  server.RaftServerConfigKeys (ConfUtils.java:logGet(43)) - raft.server.storage.dir = [/workdir/hadoop-ozone/ozonefs/target/test-dir/MiniOzoneClusterImpl-889e9801-d8cd-4d64-ad06-78e1b934daf6/datanode-1/data/ratis] (custom)
2019-09-19 14:40:04,399 [pool-38-thread-1] INFO  storage.RaftStorageDirectory (RaftStorageDirectory.java:analyzeStorage(246)) - The storage directory /workdir/hadoop-ozone/ozonefs/target/test-dir/MiniOzoneClusterImpl-889e9801-d8cd-4d64-ad06-78e1b934daf6/datanode-1/data/ratis/0e300aa6-8600-4c73-a5e2-3cc7dcb36ccf does not exist. Creating ...
2019-09-19 14:40:04,426 [pool-38-thread-1] INFO  storage.RaftStorageDirectory (RaftStorageDirectory.java:tryLock(328)) - Lock on /workdir/hadoop-ozone/ozonefs/target/test-dir/MiniOzoneClusterImpl-889e9801-d8cd-4d64-ad06-78e1b934daf6/datanode-1/data/ratis/0e300aa6-8600-4c73-a5e2-3cc7dcb36ccf/in_use.lock acquired by nodename 29702@pr-hdds-1569-rzdr8-3403194166
2019-09-19 14:40:04,451 [pool-38-thread-1] INFO  storage.RaftStorage (RaftStorage.java:format(72)) - Storage directory /workdir/hadoop-ozone/ozonefs/target/test-dir/MiniOzoneClusterImpl-889e9801-d8cd-4d64-ad06-78e1b934daf6/datanode-1/data/ratis/0e300aa6-8600-4c73-a5e2-3cc7dcb36ccf has been successfully formatted.
2019-09-19 14:40:04,451 [pool-38-thread-1] INFO  ratis.ContainerStateMachine (ContainerStateMachine.java:loadSnapshot(226)) - group-3CC7DCB36CCF: The snapshot info is null. Setting the last applied indexto:(t:0, i:~)
2019-09-19 14:40:04,451 [pool-38-thread-1] INFO  server.RaftServerConfigKeys (ConfUtils.java:logGet(43)) - raft.server.leader.election.timeout = 120s (custom)
2019-09-19 14:40:04,452 [pool-38-thread-1] INFO  server.RaftServerConfigKeys (ConfUtils.java:logGet(43)) - raft.server.log.use.memory = false (default)
2019-09-19 14:40:04,452 [pool-38-thread-1] INFO  server.RaftServerConfigKeys (ConfUtils.java:logGet(43)) - raft.server.log.purge.gap = 1000000 (custom)
2019-09-19 14:40:04,452 [pool-38-thread-1] INFO  server.RaftServerConfigKeys (ConfUtils.java:logGet(43)) - raft.server.log.appender.buffer.byte-limit = 33554432 (custom)
2019-09-19 14:40:04,452 [pool-38-thread-1] INFO  server.RaftServerConfigKeys (ConfUtils.java:logGet(43)) - raft.server.log.segment.size.max = 1048576 (custom)
2019-09-19 14:40:04,452 [pool-38-thread-1] INFO  server.RaftServerConfigKeys (ConfUtils.java:logGet(43)) - raft.server.log.segment.cache.num.max = 2 (custom)
2019-09-19 14:40:04,452 [pool-38-thread-1] INFO  segmented.SegmentedRaftLogWorker (SegmentedRaftLogWorker.java:<init>(172)) - new c157b6a0-3602-4e04-89f3-2eaad4ae05f6-SegmentedRaftLogWorker:Storage Directory /workdir/hadoop-ozone/ozonefs/target/test-dir/MiniOzoneClusterImpl-889e9801-d8cd-4d64-ad06-78e1b934daf6/datanode-1/data/ratis/0e300aa6-8600-4c73-a5e2-3cc7dcb36ccf for RaftStorage:Storage Directory /workdir/hadoop-ozone/ozonefs/target/test-dir/MiniOzoneClusterImpl-889e9801-d8cd-4d64-ad06-78e1b934daf6/datanode-1/data/ratis/0e300aa6-8600-4c73-a5e2-3cc7dcb36ccf
2019-09-19 14:40:04,453 [pool-38-thread-1] INFO  server.RaftServerConfigKeys (ConfUtils.java:logGet(43)) - raft.server.log.queue.byte-limit = 2147483647 (custom)
2019-09-19 14:40:04,453 [pool-38-thread-1] INFO  server.RaftServerConfigKeys (ConfUtils.java:logGet(43)) - raft.server.log.queue.element-limit = 1024 (custom)
2019-09-19 14:40:04,453 [pool-38-thread-1] INFO  server.RaftServerConfigKeys (ConfUtils.java:logGet(43)) - raft.server.log.segment.size.max = 1048576 (custom)
2019-09-19 14:40:04,453 [pool-38-thread-1] INFO  server.RaftServerConfigKeys (ConfUtils.java:logGet(43)) - raft.server.log.preallocated.size = 16384 (custom)
2019-09-19 14:40:04,453 [pool-38-thread-1] INFO  server.RaftServerConfigKeys (ConfUtils.java:logGet(43)) - raft.server.log.write.buffer.size = 33554432 (custom)
2019-09-19 14:40:04,454 [pool-38-thread-1] INFO  server.RaftServerConfigKeys (ConfUtils.java:logGet(43)) - raft.server.log.force.sync.num = 128 (default)
2019-09-19 14:40:04,454 [pool-38-thread-1] INFO  server.RaftServerConfigKeys (ConfUtils.java:logGet(43)) - raft.server.log.statemachine.data.sync = true (default)
2019-09-19 14:40:04,454 [pool-38-thread-1] INFO  server.RaftServerConfigKeys (ConfUtils.java:logGet(43)) - raft.server.log.statemachine.data.sync.timeout = 10s (default)
2019-09-19 14:40:04,454 [pool-38-thread-1] INFO  server.RaftServerConfigKeys (ConfUtils.java:logGet(43)) - raft.server.log.statemachine.data.sync.timeout.retry = -1 (default)
2019-09-19 14:40:04,454 [pool-38-thread-1] INFO  server.RaftServerConfigKeys (ConfUtils.java:logGet(43)) - raft.server.log.statemachine.data.caching.enabled = true (custom)
2019-09-19 14:40:04,455 | INFO  | SCMAudit | user=jenkins1000 | ip=192.168.5.132 | op=SEND_HEARTBEAT {datanodeUUID=7bfd0aba-89d9-48be-a848-6a4500b14ddf, command=[]} | ret=SUCCESS |  
2019-09-19 14:40:04,455 [pool-38-thread-1] INFO  segmented.SegmentedRaftLogWorker (SegmentedRaftLogWorker.java:lambda$new$0(132)) - c157b6a0-3602-4e04-89f3-2eaad4ae05f6-SegmentedRaftLogWorker:Storage Directory /workdir/hadoop-ozone/ozonefs/target/test-dir/MiniOzoneClusterImpl-889e9801-d8cd-4d64-ad06-78e1b934daf6/datanode-1/data/ratis/0e300aa6-8600-4c73-a5e2-3cc7dcb36ccf: flushIndex: setUnconditionally 0 -> -1
2019-09-19 14:40:04,455 [pool-38-thread-1] INFO  server.RaftServerConfigKeys (ConfUtils.java:logGet(43)) - raft.server.snapshot.auto.trigger.enabled = true (custom)
2019-09-19 14:40:04,455 [pool-38-thread-1] INFO  server.RaftServerConfigKeys (ConfUtils.java:logGet(43)) - raft.server.snapshot.auto.trigger.threshold = 10000 (custom)
2019-09-19 14:40:04,455 [pool-38-thread-1] INFO  server.RaftServerConfigKeys (ConfUtils.java:logGet(43)) - raft.server.retrycache.expirytime = 600000ms (custom)
2019-09-19 14:40:04,456 [pool-38-thread-1] INFO  impl.RaftServerImpl (RaftServerImpl.java:start(180)) - c157b6a0-3602-4e04-89f3-2eaad4ae05f6: start group-3CC7DCB36CCF
2019-09-19 14:40:04,456 [pool-38-thread-1] INFO  impl.RaftServerImpl (RaftServerImpl.java:setRole(171)) - c157b6a0-3602-4e04-89f3-2eaad4ae05f6:group-3CC7DCB36CCF changes role from null to FOLLOWER at term 0 for startAsFollower
2019-09-19 14:40:04,456 [pool-38-thread-1] INFO  impl.RoleInfo (RoleInfo.java:updateAndGet(143)) - c157b6a0-3602-4e04-89f3-2eaad4ae05f6: start FollowerState
2019-09-19 14:40:04,457 [pool-38-thread-1] INFO  util.JmxRegister (JmxRegister.java:tryRegister(44)) - Successfully registered JMX Bean with object name Ratis:service=RaftServer,group=group-3CC7DCB36CCF,id=c157b6a0-3602-4e04-89f3-2eaad4ae05f6
2019-09-19 14:40:04,463 [RatisPipelineUtilsThread] INFO  pipeline.PipelineStateManager (PipelineStateManager.java:addPipeline(56)) - Created pipeline Pipeline[ Id: 0e300aa6-8600-4c73-a5e2-3cc7dcb36ccf, Nodes: c157b6a0-3602-4e04-89f3-2eaad4ae05f6{ip: 192.168.5.132, host: pr-hdds-1569-rzdr8-3403194166, networkLocation: /default-rack, certSerialId: null}, Type:RATIS, Factor:ONE, State:OPEN]
2019-09-19 14:40:04,466 [RatisPipelineUtilsThread] ERROR pipeline.PipelinePlacementPolicy (PipelinePlacementPolicy.java:meetCriteria(91)) - Pipeline Placement: Doesn't meet the criteria to be viable node. Heaviness: 6
2019-09-19 14:40:04,466 [RatisPipelineUtilsThread] ERROR pipeline.PipelinePlacementPolicy (PipelinePlacementPolicy.java:meetCriteria(91)) - Pipeline Placement: Doesn't meet the criteria to be viable node. Heaviness: 6
2019-09-19 14:40:04,466 [RatisPipelineUtilsThread] ERROR pipeline.PipelinePlacementPolicy (PipelinePlacementPolicy.java:meetCriteria(91)) - Pipeline Placement: Doesn't meet the criteria to be viable node. Heaviness: 6
2019-09-19 14:40:04,466 [RatisPipelineUtilsThread] ERROR pipeline.PipelinePlacementPolicy (PipelinePlacementPolicy.java:meetCriteria(91)) - Pipeline Placement: Doesn't meet the criteria to be viable node. Heaviness: 6
2019-09-19 14:40:04,477 [grpc-default-executor-1] INFO  impl.RaftServerProxy (RaftServerProxy.java:addNew(89)) - b84a7c4a-6ef7-4bd2-bf64-eea4d8e07688: addNew group-DDE047CEBC03:[b84a7c4a-6ef7-4bd2-bf64-eea4d8e07688:192.168.5.132:41504] returns group-DDE047CEBC03:java.util.concurrent.CompletableFuture@8367491[Not completed]
2019-09-19 14:40:04,479 [pool-93-thread-1] INFO  impl.RaftServerImpl (RaftServerImpl.java:<init>(93)) - b84a7c4a-6ef7-4bd2-bf64-eea4d8e07688: new RaftServerImpl for group-DDE047CEBC03:[b84a7c4a-6ef7-4bd2-bf64-eea4d8e07688:192.168.5.132:41504] with ContainerStateMachine:uninitialized
2019-09-19 14:40:04,479 [pool-93-thread-1] INFO  server.RaftServerConfigKeys (ConfUtils.java:logGet(43)) - raft.server.rpc.timeout.min = 5s (custom)
2019-09-19 14:40:04,480 [pool-93-thread-1] INFO  server.RaftServerConfigKeys (ConfUtils.java:logGet(43)) - raft.server.rpc.timeout.max = 5200ms (custom)
2019-09-19 14:40:04,480 [pool-93-thread-1] INFO  server.RaftServerConfigKeys (ConfUtils.java:logGet(43)) - raft.server.rpcslowness.timeout = 120s (custom)
2019-09-19 14:40:04,480 [pool-93-thread-1] INFO  server.RaftServerConfigKeys (ConfUtils.java:logGet(43)) - raft.server.sleep.deviation.threshold = 300 (default)
2019-09-19 14:40:04,480 [pool-93-thread-1] INFO  server.RaftServerConfigKeys (ConfUtils.java:logGet(43)) - raft.server.log.appender.install.snapshot.enabled = false (custom)
2019-09-19 14:40:04,480 [pool-93-thread-1] INFO  impl.RaftServerImpl (ServerState.java:<init>(105)) - b84a7c4a-6ef7-4bd2-bf64-eea4d8e07688:group-DDE047CEBC03 ConfigurationManager, init=-1: [b84a7c4a-6ef7-4bd2-bf64-eea4d8e07688:192.168.5.132:41504], old=null, confs=<EMPTY_MAP>
2019-09-19 14:40:04,481 [pool-93-thread-1] INFO  server.RaftServerConfigKeys (ConfUtils.java:logGet(43)) - raft.server.storage.dir = [/workdir/hadoop-ozone/ozonefs/target/test-dir/MiniOzoneClusterImpl-889e9801-d8cd-4d64-ad06-78e1b934daf6/datanode-6/data/ratis] (custom)
2019-09-19 14:40:04,481 [pool-93-thread-1] INFO  storage.RaftStorageDirectory (RaftStorageDirectory.java:analyzeStorage(246)) - The storage directory /workdir/hadoop-ozone/ozonefs/target/test-dir/MiniOzoneClusterImpl-889e9801-d8cd-4d64-ad06-78e1b934daf6/datanode-6/data/ratis/af3427eb-eb13-4b22-a7c9-dde047cebc03 does not exist. Creating ...
2019-09-19 14:40:04,498 | INFO  | SCMAudit | user=jenkins1000 | ip=192.168.5.132 | op=SEND_HEARTBEAT {datanodeUUID=6aa361a5-10ee-4e6c-9990-87c23e670156, command=[]} | ret=SUCCESS |  
2019-09-19 14:40:04,510 [pool-93-thread-1] INFO  storage.RaftStorageDirectory (RaftStorageDirectory.java:tryLock(328)) - Lock on /workdir/hadoop-ozone/ozonefs/target/test-dir/MiniOzoneClusterImpl-889e9801-d8cd-4d64-ad06-78e1b934daf6/datanode-6/data/ratis/af3427eb-eb13-4b22-a7c9-dde047cebc03/in_use.lock acquired by nodename 29702@pr-hdds-1569-rzdr8-3403194166
2019-09-19 14:40:04,535 [pool-93-thread-1] INFO  storage.RaftStorage (RaftStorage.java:format(72)) - Storage directory /workdir/hadoop-ozone/ozonefs/target/test-dir/MiniOzoneClusterImpl-889e9801-d8cd-4d64-ad06-78e1b934daf6/datanode-6/data/ratis/af3427eb-eb13-4b22-a7c9-dde047cebc03 has been successfully formatted.
2019-09-19 14:40:04,535 [pool-93-thread-1] INFO  ratis.ContainerStateMachine (ContainerStateMachine.java:loadSnapshot(226)) - group-DDE047CEBC03: The snapshot info is null. Setting the last applied indexto:(t:0, i:~)
2019-09-19 14:40:04,535 [pool-93-thread-1] INFO  server.RaftServerConfigKeys (ConfUtils.java:logGet(43)) - raft.server.leader.election.timeout = 120s (custom)
2019-09-19 14:40:04,536 [pool-93-thread-1] INFO  server.RaftServerConfigKeys (ConfUtils.java:logGet(43)) - raft.server.log.use.memory = false (default)
2019-09-19 14:40:04,536 [pool-93-thread-1] INFO  server.RaftServerConfigKeys (ConfUtils.java:logGet(43)) - raft.server.log.purge.gap = 1000000 (custom)
2019-09-19 14:40:04,536 [pool-93-thread-1] INFO  server.RaftServerConfigKeys (ConfUtils.java:logGet(43)) - raft.server.log.appender.buffer.byte-limit = 33554432 (custom)
2019-09-19 14:40:04,536 [pool-93-thread-1] INFO  server.RaftServerConfigKeys (ConfUtils.java:logGet(43)) - raft.server.log.segment.size.max = 1048576 (custom)
2019-09-19 14:40:04,536 [pool-93-thread-1] INFO  server.RaftServerConfigKeys (ConfUtils.java:logGet(43)) - raft.server.log.segment.cache.num.max = 2 (custom)
2019-09-19 14:40:04,536 [pool-93-thread-1] INFO  segmented.SegmentedRaftLogWorker (SegmentedRaftLogWorker.java:<init>(172)) - new b84a7c4a-6ef7-4bd2-bf64-eea4d8e07688-SegmentedRaftLogWorker:Storage Directory /workdir/hadoop-ozone/ozonefs/target/test-dir/MiniOzoneClusterImpl-889e9801-d8cd-4d64-ad06-78e1b934daf6/datanode-6/data/ratis/af3427eb-eb13-4b22-a7c9-dde047cebc03 for RaftStorage:Storage Directory /workdir/hadoop-ozone/ozonefs/target/test-dir/MiniOzoneClusterImpl-889e9801-d8cd-4d64-ad06-78e1b934daf6/datanode-6/data/ratis/af3427eb-eb13-4b22-a7c9-dde047cebc03
2019-09-19 14:40:04,536 [pool-93-thread-1] INFO  server.RaftServerConfigKeys (ConfUtils.java:logGet(43)) - raft.server.log.queue.byte-limit = 2147483647 (custom)
2019-09-19 14:40:04,537 [pool-93-thread-1] INFO  server.RaftServerConfigKeys (ConfUtils.java:logGet(43)) - raft.server.log.queue.element-limit = 1024 (custom)
2019-09-19 14:40:04,537 [pool-93-thread-1] INFO  server.RaftServerConfigKeys (ConfUtils.java:logGet(43)) - raft.server.log.segment.size.max = 1048576 (custom)
2019-09-19 14:40:04,537 [pool-93-thread-1] INFO  server.RaftServerConfigKeys (ConfUtils.java:logGet(43)) - raft.server.log.preallocated.size = 16384 (custom)
2019-09-19 14:40:04,537 [pool-93-thread-1] INFO  server.RaftServerConfigKeys (ConfUtils.java:logGet(43)) - raft.server.log.write.buffer.size = 33554432 (custom)
2019-09-19 14:40:04,537 [pool-93-thread-1] INFO  server.RaftServerConfigKeys (ConfUtils.java:logGet(43)) - raft.server.log.force.sync.num = 128 (default)
2019-09-19 14:40:04,537 [pool-93-thread-1] INFO  server.RaftServerConfigKeys (ConfUtils.java:logGet(43)) - raft.server.log.statemachine.data.sync = true (default)
2019-09-19 14:40:04,537 [pool-93-thread-1] INFO  server.RaftServerConfigKeys (ConfUtils.java:logGet(43)) - raft.server.log.statemachine.data.sync.timeout = 10s (default)
2019-09-19 14:40:04,538 [pool-93-thread-1] INFO  server.RaftServerConfigKeys (ConfUtils.java:logGet(43)) - raft.server.log.statemachine.data.sync.timeout.retry = -1 (default)
2019-09-19 14:40:04,538 [pool-93-thread-1] INFO  server.RaftServerConfigKeys (ConfUtils.java:logGet(43)) - raft.server.log.statemachine.data.caching.enabled = true (custom)
2019-09-19 14:40:04,538 [pool-93-thread-1] INFO  segmented.SegmentedRaftLogWorker (SegmentedRaftLogWorker.java:lambda$new$0(132)) - b84a7c4a-6ef7-4bd2-bf64-eea4d8e07688-SegmentedRaftLogWorker:Storage Directory /workdir/hadoop-ozone/ozonefs/target/test-dir/MiniOzoneClusterImpl-889e9801-d8cd-4d64-ad06-78e1b934daf6/datanode-6/data/ratis/af3427eb-eb13-4b22-a7c9-dde047cebc03: flushIndex: setUnconditionally 0 -> -1
2019-09-19 14:40:04,538 [pool-93-thread-1] INFO  server.RaftServerConfigKeys (ConfUtils.java:logGet(43)) - raft.server.snapshot.auto.trigger.enabled = true (custom)
2019-09-19 14:40:04,538 [pool-93-thread-1] INFO  server.RaftServerConfigKeys (ConfUtils.java:logGet(43)) - raft.server.snapshot.auto.trigger.threshold = 10000 (custom)
2019-09-19 14:40:04,539 [pool-93-thread-1] INFO  server.RaftServerConfigKeys (ConfUtils.java:logGet(43)) - raft.server.retrycache.expirytime = 600000ms (custom)
2019-09-19 14:40:04,539 [pool-93-thread-1] INFO  impl.RaftServerImpl (RaftServerImpl.java:start(180)) - b84a7c4a-6ef7-4bd2-bf64-eea4d8e07688: start group-DDE047CEBC03
2019-09-19 14:40:04,539 [pool-93-thread-1] INFO  impl.RaftServerImpl (RaftServerImpl.java:setRole(171)) - b84a7c4a-6ef7-4bd2-bf64-eea4d8e07688:group-DDE047CEBC03 changes role from null to FOLLOWER at term 0 for startAsFollower
2019-09-19 14:40:04,539 [pool-93-thread-1] INFO  impl.RoleInfo (RoleInfo.java:updateAndGet(143)) - b84a7c4a-6ef7-4bd2-bf64-eea4d8e07688: start FollowerState
2019-09-19 14:40:04,539 [pool-93-thread-1] INFO  util.JmxRegister (JmxRegister.java:tryRegister(44)) - Successfully registered JMX Bean with object name Ratis:service=RaftServer,group=group-DDE047CEBC03,id=b84a7c4a-6ef7-4bd2-bf64-eea4d8e07688
2019-09-19 14:40:04,546 [RatisPipelineUtilsThread] INFO  pipeline.PipelineStateManager (PipelineStateManager.java:addPipeline(56)) - Created pipeline Pipeline[ Id: af3427eb-eb13-4b22-a7c9-dde047cebc03, Nodes: b84a7c4a-6ef7-4bd2-bf64-eea4d8e07688{ip: 192.168.5.132, host: pr-hdds-1569-rzdr8-3403194166, networkLocation: /default-rack, certSerialId: null}, Type:RATIS, Factor:ONE, State:OPEN]
2019-09-19 14:40:04,549 [RatisPipelineUtilsThread] ERROR pipeline.PipelinePlacementPolicy (PipelinePlacementPolicy.java:meetCriteria(91)) - Pipeline Placement: Doesn't meet the criteria to be viable node. Heaviness: 6
2019-09-19 14:40:04,549 [RatisPipelineUtilsThread] ERROR pipeline.PipelinePlacementPolicy (PipelinePlacementPolicy.java:meetCriteria(91)) - Pipeline Placement: Doesn't meet the criteria to be viable node. Heaviness: 6
2019-09-19 14:40:04,549 [RatisPipelineUtilsThread] ERROR pipeline.PipelinePlacementPolicy (PipelinePlacementPolicy.java:meetCriteria(91)) - Pipeline Placement: Doesn't meet the criteria to be viable node. Heaviness: 6
2019-09-19 14:40:04,549 [RatisPipelineUtilsThread] ERROR pipeline.PipelinePlacementPolicy (PipelinePlacementPolicy.java:meetCriteria(91)) - Pipeline Placement: Doesn't meet the criteria to be viable node. Heaviness: 6
2019-09-19 14:40:04,568 | INFO  | SCMAudit | user=jenkins1000 | ip=192.168.5.132 | op=SEND_HEARTBEAT {datanodeUUID=c157b6a0-3602-4e04-89f3-2eaad4ae05f6, command=[]} | ret=SUCCESS |  
2019-09-19 14:40:04,568 [grpc-default-executor-1] INFO  impl.RaftServerProxy (RaftServerProxy.java:addNew(89)) - afbae23f-b8a7-4a0f-ac57-bc0dcc025f7c: addNew group-BC3C5938A6A4:[afbae23f-b8a7-4a0f-ac57-bc0dcc025f7c:192.168.5.132:44695] returns group-BC3C5938A6A4:java.util.concurrent.CompletableFuture@12449f17[Not completed]
2019-09-19 14:40:04,570 [pool-82-thread-1] INFO  impl.RaftServerImpl (RaftServerImpl.java:<init>(93)) - afbae23f-b8a7-4a0f-ac57-bc0dcc025f7c: new RaftServerImpl for group-BC3C5938A6A4:[afbae23f-b8a7-4a0f-ac57-bc0dcc025f7c:192.168.5.132:44695] with ContainerStateMachine:uninitialized
2019-09-19 14:40:04,570 [pool-82-thread-1] INFO  server.RaftServerConfigKeys (ConfUtils.java:logGet(43)) - raft.server.rpc.timeout.min = 5s (custom)
2019-09-19 14:40:04,570 [pool-82-thread-1] INFO  server.RaftServerConfigKeys (ConfUtils.java:logGet(43)) - raft.server.rpc.timeout.max = 5200ms (custom)
2019-09-19 14:40:04,571 [pool-82-thread-1] INFO  server.RaftServerConfigKeys (ConfUtils.java:logGet(43)) - raft.server.rpcslowness.timeout = 120s (custom)
2019-09-19 14:40:04,571 [pool-82-thread-1] INFO  server.RaftServerConfigKeys (ConfUtils.java:logGet(43)) - raft.server.sleep.deviation.threshold = 300 (default)
2019-09-19 14:40:04,571 [pool-82-thread-1] INFO  server.RaftServerConfigKeys (ConfUtils.java:logGet(43)) - raft.server.log.appender.install.snapshot.enabled = false (custom)
2019-09-19 14:40:04,571 [pool-82-thread-1] INFO  impl.RaftServerImpl (ServerState.java:<init>(105)) - afbae23f-b8a7-4a0f-ac57-bc0dcc025f7c:group-BC3C5938A6A4 ConfigurationManager, init=-1: [afbae23f-b8a7-4a0f-ac57-bc0dcc025f7c:192.168.5.132:44695], old=null, confs=<EMPTY_MAP>
2019-09-19 14:40:04,572 [pool-82-thread-1] INFO  server.RaftServerConfigKeys (ConfUtils.java:logGet(43)) - raft.server.storage.dir = [/workdir/hadoop-ozone/ozonefs/target/test-dir/MiniOzoneClusterImpl-889e9801-d8cd-4d64-ad06-78e1b934daf6/datanode-5/data/ratis] (custom)
2019-09-19 14:40:04,572 [pool-82-thread-1] INFO  storage.RaftStorageDirectory (RaftStorageDirectory.java:analyzeStorage(246)) - The storage directory /workdir/hadoop-ozone/ozonefs/target/test-dir/MiniOzoneClusterImpl-889e9801-d8cd-4d64-ad06-78e1b934daf6/datanode-5/data/ratis/ef0be53b-eb4c-4668-ac72-bc3c5938a6a4 does not exist. Creating ...
2019-09-19 14:40:04,602 [pool-82-thread-1] INFO  storage.RaftStorageDirectory (RaftStorageDirectory.java:tryLock(328)) - Lock on /workdir/hadoop-ozone/ozonefs/target/test-dir/MiniOzoneClusterImpl-889e9801-d8cd-4d64-ad06-78e1b934daf6/datanode-5/data/ratis/ef0be53b-eb4c-4668-ac72-bc3c5938a6a4/in_use.lock acquired by nodename 29702@pr-hdds-1569-rzdr8-3403194166
2019-09-19 14:40:04,628 [pool-82-thread-1] INFO  storage.RaftStorage (RaftStorage.java:format(72)) - Storage directory /workdir/hadoop-ozone/ozonefs/target/test-dir/MiniOzoneClusterImpl-889e9801-d8cd-4d64-ad06-78e1b934daf6/datanode-5/data/ratis/ef0be53b-eb4c-4668-ac72-bc3c5938a6a4 has been successfully formatted.
2019-09-19 14:40:04,628 [pool-82-thread-1] INFO  ratis.ContainerStateMachine (ContainerStateMachine.java:loadSnapshot(226)) - group-BC3C5938A6A4: The snapshot info is null. Setting the last applied indexto:(t:0, i:~)
2019-09-19 14:40:04,628 [pool-82-thread-1] INFO  server.RaftServerConfigKeys (ConfUtils.java:logGet(43)) - raft.server.leader.election.timeout = 120s (custom)
2019-09-19 14:40:04,628 [pool-82-thread-1] INFO  server.RaftServerConfigKeys (ConfUtils.java:logGet(43)) - raft.server.log.use.memory = false (default)
2019-09-19 14:40:04,628 [pool-82-thread-1] INFO  server.RaftServerConfigKeys (ConfUtils.java:logGet(43)) - raft.server.log.purge.gap = 1000000 (custom)
2019-09-19 14:40:04,629 [pool-82-thread-1] INFO  server.RaftServerConfigKeys (ConfUtils.java:logGet(43)) - raft.server.log.appender.buffer.byte-limit = 33554432 (custom)
2019-09-19 14:40:04,629 [pool-82-thread-1] INFO  server.RaftServerConfigKeys (ConfUtils.java:logGet(43)) - raft.server.log.segment.size.max = 1048576 (custom)
2019-09-19 14:40:04,629 [pool-82-thread-1] INFO  server.RaftServerConfigKeys (ConfUtils.java:logGet(43)) - raft.server.log.segment.cache.num.max = 2 (custom)
2019-09-19 14:40:04,629 [pool-82-thread-1] INFO  segmented.SegmentedRaftLogWorker (SegmentedRaftLogWorker.java:<init>(172)) - new afbae23f-b8a7-4a0f-ac57-bc0dcc025f7c-SegmentedRaftLogWorker:Storage Directory /workdir/hadoop-ozone/ozonefs/target/test-dir/MiniOzoneClusterImpl-889e9801-d8cd-4d64-ad06-78e1b934daf6/datanode-5/data/ratis/ef0be53b-eb4c-4668-ac72-bc3c5938a6a4 for RaftStorage:Storage Directory /workdir/hadoop-ozone/ozonefs/target/test-dir/MiniOzoneClusterImpl-889e9801-d8cd-4d64-ad06-78e1b934daf6/datanode-5/data/ratis/ef0be53b-eb4c-4668-ac72-bc3c5938a6a4
2019-09-19 14:40:04,629 [pool-82-thread-1] INFO  server.RaftServerConfigKeys (ConfUtils.java:logGet(43)) - raft.server.log.queue.byte-limit = 2147483647 (custom)
2019-09-19 14:40:04,629 [pool-82-thread-1] INFO  server.RaftServerConfigKeys (ConfUtils.java:logGet(43)) - raft.server.log.queue.element-limit = 1024 (custom)
2019-09-19 14:40:04,630 [pool-82-thread-1] INFO  server.RaftServerConfigKeys (ConfUtils.java:logGet(43)) - raft.server.log.segment.size.max = 1048576 (custom)
2019-09-19 14:40:04,630 [pool-82-thread-1] INFO  server.RaftServerConfigKeys (ConfUtils.java:logGet(43)) - raft.server.log.preallocated.size = 16384 (custom)
2019-09-19 14:40:04,630 [pool-82-thread-1] INFO  server.RaftServerConfigKeys (ConfUtils.java:logGet(43)) - raft.server.log.write.buffer.size = 33554432 (custom)
2019-09-19 14:40:04,630 [pool-82-thread-1] INFO  server.RaftServerConfigKeys (ConfUtils.java:logGet(43)) - raft.server.log.force.sync.num = 128 (default)
2019-09-19 14:40:04,630 [pool-82-thread-1] INFO  server.RaftServerConfigKeys (ConfUtils.java:logGet(43)) - raft.server.log.statemachine.data.sync = true (default)
2019-09-19 14:40:04,630 [pool-82-thread-1] INFO  server.RaftServerConfigKeys (ConfUtils.java:logGet(43)) - raft.server.log.statemachine.data.sync.timeout = 10s (default)
2019-09-19 14:40:04,630 [pool-82-thread-1] INFO  server.RaftServerConfigKeys (ConfUtils.java:logGet(43)) - raft.server.log.statemachine.data.sync.timeout.retry = -1 (default)
2019-09-19 14:40:04,631 [pool-82-thread-1] INFO  server.RaftServerConfigKeys (ConfUtils.java:logGet(43)) - raft.server.log.statemachine.data.caching.enabled = true (custom)
2019-09-19 14:40:04,631 [pool-82-thread-1] INFO  segmented.SegmentedRaftLogWorker (SegmentedRaftLogWorker.java:lambda$new$0(132)) - afbae23f-b8a7-4a0f-ac57-bc0dcc025f7c-SegmentedRaftLogWorker:Storage Directory /workdir/hadoop-ozone/ozonefs/target/test-dir/MiniOzoneClusterImpl-889e9801-d8cd-4d64-ad06-78e1b934daf6/datanode-5/data/ratis/ef0be53b-eb4c-4668-ac72-bc3c5938a6a4: flushIndex: setUnconditionally 0 -> -1
2019-09-19 14:40:04,631 [pool-82-thread-1] INFO  server.RaftServerConfigKeys (ConfUtils.java:logGet(43)) - raft.server.snapshot.auto.trigger.enabled = true (custom)
2019-09-19 14:40:04,632 [pool-82-thread-1] INFO  server.RaftServerConfigKeys (ConfUtils.java:logGet(43)) - raft.server.snapshot.auto.trigger.threshold = 10000 (custom)
2019-09-19 14:40:04,632 [pool-82-thread-1] INFO  server.RaftServerConfigKeys (ConfUtils.java:logGet(43)) - raft.server.retrycache.expirytime = 600000ms (custom)
2019-09-19 14:40:04,632 [pool-82-thread-1] INFO  impl.RaftServerImpl (RaftServerImpl.java:start(180)) - afbae23f-b8a7-4a0f-ac57-bc0dcc025f7c: start group-BC3C5938A6A4
2019-09-19 14:40:04,632 [pool-82-thread-1] INFO  impl.RaftServerImpl (RaftServerImpl.java:setRole(171)) - afbae23f-b8a7-4a0f-ac57-bc0dcc025f7c:group-BC3C5938A6A4 changes role from null to FOLLOWER at term 0 for startAsFollower
2019-09-19 14:40:04,632 [pool-82-thread-1] INFO  impl.RoleInfo (RoleInfo.java:updateAndGet(143)) - afbae23f-b8a7-4a0f-ac57-bc0dcc025f7c: start FollowerState
2019-09-19 14:40:04,633 [pool-82-thread-1] INFO  util.JmxRegister (JmxRegister.java:tryRegister(44)) - Successfully registered JMX Bean with object name Ratis:service=RaftServer,group=group-BC3C5938A6A4,id=afbae23f-b8a7-4a0f-ac57-bc0dcc025f7c
2019-09-19 14:40:04,639 [RatisPipelineUtilsThread] INFO  pipeline.PipelineStateManager (PipelineStateManager.java:addPipeline(56)) - Created pipeline Pipeline[ Id: ef0be53b-eb4c-4668-ac72-bc3c5938a6a4, Nodes: afbae23f-b8a7-4a0f-ac57-bc0dcc025f7c{ip: 192.168.5.132, host: pr-hdds-1569-rzdr8-3403194166, networkLocation: /default-rack, certSerialId: null}, Type:RATIS, Factor:ONE, State:OPEN]
2019-09-19 14:40:04,649 [RatisPipelineUtilsThread] ERROR pipeline.PipelinePlacementPolicy (PipelinePlacementPolicy.java:meetCriteria(91)) - Pipeline Placement: Doesn't meet the criteria to be viable node. Heaviness: 6
2019-09-19 14:40:04,649 [RatisPipelineUtilsThread] ERROR pipeline.PipelinePlacementPolicy (PipelinePlacementPolicy.java:meetCriteria(91)) - Pipeline Placement: Doesn't meet the criteria to be viable node. Heaviness: 6
2019-09-19 14:40:04,650 [RatisPipelineUtilsThread] ERROR pipeline.PipelinePlacementPolicy (PipelinePlacementPolicy.java:meetCriteria(91)) - Pipeline Placement: Doesn't meet the criteria to be viable node. Heaviness: 6
2019-09-19 14:40:04,650 [RatisPipelineUtilsThread] ERROR pipeline.PipelinePlacementPolicy (PipelinePlacementPolicy.java:meetCriteria(91)) - Pipeline Placement: Doesn't meet the criteria to be viable node. Heaviness: 6
2019-09-19 14:40:04,674 [grpc-default-executor-1] INFO  impl.RaftServerProxy (RaftServerProxy.java:addNew(89)) - b84a7c4a-6ef7-4bd2-bf64-eea4d8e07688: addNew group-64590F93AEF5:[b84a7c4a-6ef7-4bd2-bf64-eea4d8e07688:192.168.5.132:41504] returns group-64590F93AEF5:java.util.concurrent.CompletableFuture@62fcae9e[Not completed]
2019-09-19 14:40:04,676 [pool-93-thread-1] INFO  impl.RaftServerImpl (RaftServerImpl.java:<init>(93)) - b84a7c4a-6ef7-4bd2-bf64-eea4d8e07688: new RaftServerImpl for group-64590F93AEF5:[b84a7c4a-6ef7-4bd2-bf64-eea4d8e07688:192.168.5.132:41504] with ContainerStateMachine:uninitialized
2019-09-19 14:40:04,676 [pool-93-thread-1] INFO  server.RaftServerConfigKeys (ConfUtils.java:logGet(43)) - raft.server.rpc.timeout.min = 5s (custom)
2019-09-19 14:40:04,676 [pool-93-thread-1] INFO  server.RaftServerConfigKeys (ConfUtils.java:logGet(43)) - raft.server.rpc.timeout.max = 5200ms (custom)
2019-09-19 14:40:04,677 [pool-93-thread-1] INFO  server.RaftServerConfigKeys (ConfUtils.java:logGet(43)) - raft.server.rpcslowness.timeout = 120s (custom)
2019-09-19 14:40:04,677 [pool-93-thread-1] INFO  server.RaftServerConfigKeys (ConfUtils.java:logGet(43)) - raft.server.sleep.deviation.threshold = 300 (default)
2019-09-19 14:40:04,677 [pool-93-thread-1] INFO  server.RaftServerConfigKeys (ConfUtils.java:logGet(43)) - raft.server.log.appender.install.snapshot.enabled = false (custom)
2019-09-19 14:40:04,677 [pool-93-thread-1] INFO  impl.RaftServerImpl (ServerState.java:<init>(105)) - b84a7c4a-6ef7-4bd2-bf64-eea4d8e07688:group-64590F93AEF5 ConfigurationManager, init=-1: [b84a7c4a-6ef7-4bd2-bf64-eea4d8e07688:192.168.5.132:41504], old=null, confs=<EMPTY_MAP>
2019-09-19 14:40:04,677 [pool-93-thread-1] INFO  server.RaftServerConfigKeys (ConfUtils.java:logGet(43)) - raft.server.storage.dir = [/workdir/hadoop-ozone/ozonefs/target/test-dir/MiniOzoneClusterImpl-889e9801-d8cd-4d64-ad06-78e1b934daf6/datanode-6/data/ratis] (custom)
2019-09-19 14:40:04,678 [pool-93-thread-1] INFO  storage.RaftStorageDirectory (RaftStorageDirectory.java:analyzeStorage(246)) - The storage directory /workdir/hadoop-ozone/ozonefs/target/test-dir/MiniOzoneClusterImpl-889e9801-d8cd-4d64-ad06-78e1b934daf6/datanode-6/data/ratis/7d489252-73fc-42a8-8864-64590f93aef5 does not exist. Creating ...
2019-09-19 14:40:04,683 | INFO  | SCMAudit | user=jenkins1000 | ip=192.168.5.132 | op=SEND_HEARTBEAT {datanodeUUID=942b50b4-c7bf-487c-9057-9f9e637dbe53, command=[]} | ret=SUCCESS |  
2019-09-19 14:40:04,703 [pool-93-thread-1] INFO  storage.RaftStorageDirectory (RaftStorageDirectory.java:tryLock(328)) - Lock on /workdir/hadoop-ozone/ozonefs/target/test-dir/MiniOzoneClusterImpl-889e9801-d8cd-4d64-ad06-78e1b934daf6/datanode-6/data/ratis/7d489252-73fc-42a8-8864-64590f93aef5/in_use.lock acquired by nodename 29702@pr-hdds-1569-rzdr8-3403194166
2019-09-19 14:40:04,728 [pool-93-thread-1] INFO  storage.RaftStorage (RaftStorage.java:format(72)) - Storage directory /workdir/hadoop-ozone/ozonefs/target/test-dir/MiniOzoneClusterImpl-889e9801-d8cd-4d64-ad06-78e1b934daf6/datanode-6/data/ratis/7d489252-73fc-42a8-8864-64590f93aef5 has been successfully formatted.
2019-09-19 14:40:04,728 [pool-93-thread-1] INFO  ratis.ContainerStateMachine (ContainerStateMachine.java:loadSnapshot(226)) - group-64590F93AEF5: The snapshot info is null. Setting the last applied indexto:(t:0, i:~)
2019-09-19 14:40:04,729 [pool-93-thread-1] INFO  server.RaftServerConfigKeys (ConfUtils.java:logGet(43)) - raft.server.leader.election.timeout = 120s (custom)
2019-09-19 14:40:04,729 [pool-93-thread-1] INFO  server.RaftServerConfigKeys (ConfUtils.java:logGet(43)) - raft.server.log.use.memory = false (default)
2019-09-19 14:40:04,729 [pool-93-thread-1] INFO  server.RaftServerConfigKeys (ConfUtils.java:logGet(43)) - raft.server.log.purge.gap = 1000000 (custom)
2019-09-19 14:40:04,729 [pool-93-thread-1] INFO  server.RaftServerConfigKeys (ConfUtils.java:logGet(43)) - raft.server.log.appender.buffer.byte-limit = 33554432 (custom)
2019-09-19 14:40:04,729 [pool-93-thread-1] INFO  server.RaftServerConfigKeys (ConfUtils.java:logGet(43)) - raft.server.log.segment.size.max = 1048576 (custom)
2019-09-19 14:40:04,729 [pool-93-thread-1] INFO  server.RaftServerConfigKeys (ConfUtils.java:logGet(43)) - raft.server.log.segment.cache.num.max = 2 (custom)
2019-09-19 14:40:04,730 [pool-93-thread-1] INFO  segmented.SegmentedRaftLogWorker (SegmentedRaftLogWorker.java:<init>(172)) - new b84a7c4a-6ef7-4bd2-bf64-eea4d8e07688-SegmentedRaftLogWorker:Storage Directory /workdir/hadoop-ozone/ozonefs/target/test-dir/MiniOzoneClusterImpl-889e9801-d8cd-4d64-ad06-78e1b934daf6/datanode-6/data/ratis/7d489252-73fc-42a8-8864-64590f93aef5 for RaftStorage:Storage Directory /workdir/hadoop-ozone/ozonefs/target/test-dir/MiniOzoneClusterImpl-889e9801-d8cd-4d64-ad06-78e1b934daf6/datanode-6/data/ratis/7d489252-73fc-42a8-8864-64590f93aef5
2019-09-19 14:40:04,730 [pool-93-thread-1] INFO  server.RaftServerConfigKeys (ConfUtils.java:logGet(43)) - raft.server.log.queue.byte-limit = 2147483647 (custom)
2019-09-19 14:40:04,730 [pool-93-thread-1] INFO  server.RaftServerConfigKeys (ConfUtils.java:logGet(43)) - raft.server.log.queue.element-limit = 1024 (custom)
2019-09-19 14:40:04,730 [pool-93-thread-1] INFO  server.RaftServerConfigKeys (ConfUtils.java:logGet(43)) - raft.server.log.segment.size.max = 1048576 (custom)
2019-09-19 14:40:04,730 [pool-93-thread-1] INFO  server.RaftServerConfigKeys (ConfUtils.java:logGet(43)) - raft.server.log.preallocated.size = 16384 (custom)
2019-09-19 14:40:04,730 [pool-93-thread-1] INFO  server.RaftServerConfigKeys (ConfUtils.java:logGet(43)) - raft.server.log.write.buffer.size = 33554432 (custom)
2019-09-19 14:40:04,730 [pool-93-thread-1] INFO  server.RaftServerConfigKeys (ConfUtils.java:logGet(43)) - raft.server.log.force.sync.num = 128 (default)
2019-09-19 14:40:04,731 [pool-93-thread-1] INFO  server.RaftServerConfigKeys (ConfUtils.java:logGet(43)) - raft.server.log.statemachine.data.sync = true (default)
2019-09-19 14:40:04,731 | INFO  | SCMAudit | user=jenkins1000 | ip=192.168.5.132 | op=SEND_HEARTBEAT {datanodeUUID=afbae23f-b8a7-4a0f-ac57-bc0dcc025f7c, command=[]} | ret=SUCCESS |  
2019-09-19 14:40:04,731 [pool-93-thread-1] INFO  server.RaftServerConfigKeys (ConfUtils.java:logGet(43)) - raft.server.log.statemachine.data.sync.timeout = 10s (default)
2019-09-19 14:40:04,731 [pool-93-thread-1] INFO  server.RaftServerConfigKeys (ConfUtils.java:logGet(43)) - raft.server.log.statemachine.data.sync.timeout.retry = -1 (default)
2019-09-19 14:40:04,731 [pool-93-thread-1] INFO  server.RaftServerConfigKeys (ConfUtils.java:logGet(43)) - raft.server.log.statemachine.data.caching.enabled = true (custom)
2019-09-19 14:40:04,731 [pool-93-thread-1] INFO  segmented.SegmentedRaftLogWorker (SegmentedRaftLogWorker.java:lambda$new$0(132)) - b84a7c4a-6ef7-4bd2-bf64-eea4d8e07688-SegmentedRaftLogWorker:Storage Directory /workdir/hadoop-ozone/ozonefs/target/test-dir/MiniOzoneClusterImpl-889e9801-d8cd-4d64-ad06-78e1b934daf6/datanode-6/data/ratis/7d489252-73fc-42a8-8864-64590f93aef5: flushIndex: setUnconditionally 0 -> -1
2019-09-19 14:40:04,732 [pool-93-thread-1] INFO  server.RaftServerConfigKeys (ConfUtils.java:logGet(43)) - raft.server.snapshot.auto.trigger.enabled = true (custom)
2019-09-19 14:40:04,732 [pool-93-thread-1] INFO  server.RaftServerConfigKeys (ConfUtils.java:logGet(43)) - raft.server.snapshot.auto.trigger.threshold = 10000 (custom)
2019-09-19 14:40:04,732 [pool-93-thread-1] INFO  server.RaftServerConfigKeys (ConfUtils.java:logGet(43)) - raft.server.retrycache.expirytime = 600000ms (custom)
2019-09-19 14:40:04,732 [pool-93-thread-1] INFO  impl.RaftServerImpl (RaftServerImpl.java:start(180)) - b84a7c4a-6ef7-4bd2-bf64-eea4d8e07688: start group-64590F93AEF5
2019-09-19 14:40:04,732 [pool-93-thread-1] INFO  impl.RaftServerImpl (RaftServerImpl.java:setRole(171)) - b84a7c4a-6ef7-4bd2-bf64-eea4d8e07688:group-64590F93AEF5 changes role from null to FOLLOWER at term 0 for startAsFollower
2019-09-19 14:40:04,732 [pool-93-thread-1] INFO  impl.RoleInfo (RoleInfo.java:updateAndGet(143)) - b84a7c4a-6ef7-4bd2-bf64-eea4d8e07688: start FollowerState
2019-09-19 14:40:04,745 [pool-93-thread-1] INFO  util.JmxRegister (JmxRegister.java:tryRegister(44)) - Successfully registered JMX Bean with object name Ratis:service=RaftServer,group=group-64590F93AEF5,id=b84a7c4a-6ef7-4bd2-bf64-eea4d8e07688
2019-09-19 14:40:04,769 [RatisPipelineUtilsThread] INFO  pipeline.PipelineStateManager (PipelineStateManager.java:addPipeline(56)) - Created pipeline Pipeline[ Id: 7d489252-73fc-42a8-8864-64590f93aef5, Nodes: b84a7c4a-6ef7-4bd2-bf64-eea4d8e07688{ip: 192.168.5.132, host: pr-hdds-1569-rzdr8-3403194166, networkLocation: /default-rack, certSerialId: null}, Type:RATIS, Factor:ONE, State:OPEN]
2019-09-19 14:40:04,769 [RatisPipelineUtilsThread] ERROR pipeline.PipelinePlacementPolicy (PipelinePlacementPolicy.java:meetCriteria(91)) - Pipeline Placement: Doesn't meet the criteria to be viable node. Heaviness: 6
2019-09-19 14:40:04,770 [RatisPipelineUtilsThread] ERROR pipeline.PipelinePlacementPolicy (PipelinePlacementPolicy.java:meetCriteria(91)) - Pipeline Placement: Doesn't meet the criteria to be viable node. Heaviness: 6
2019-09-19 14:40:04,770 [RatisPipelineUtilsThread] ERROR pipeline.PipelinePlacementPolicy (PipelinePlacementPolicy.java:meetCriteria(91)) - Pipeline Placement: Doesn't meet the criteria to be viable node. Heaviness: 6
2019-09-19 14:40:04,770 [RatisPipelineUtilsThread] ERROR pipeline.PipelinePlacementPolicy (PipelinePlacementPolicy.java:meetCriteria(91)) - Pipeline Placement: Doesn't meet the criteria to be viable node. Heaviness: 6
2019-09-19 14:40:04,776 [grpc-default-executor-1] INFO  impl.RaftServerProxy (RaftServerProxy.java:addNew(89)) - c157b6a0-3602-4e04-89f3-2eaad4ae05f6: addNew group-811704628034:[c157b6a0-3602-4e04-89f3-2eaad4ae05f6:192.168.5.132:35760] returns group-811704628034:java.util.concurrent.CompletableFuture@584e63f4[Not completed]
2019-09-19 14:40:04,778 [pool-38-thread-1] INFO  impl.RaftServerImpl (RaftServerImpl.java:<init>(93)) - c157b6a0-3602-4e04-89f3-2eaad4ae05f6: new RaftServerImpl for group-811704628034:[c157b6a0-3602-4e04-89f3-2eaad4ae05f6:192.168.5.132:35760] with ContainerStateMachine:uninitialized
2019-09-19 14:40:04,778 [pool-38-thread-1] INFO  server.RaftServerConfigKeys (ConfUtils.java:logGet(43)) - raft.server.rpc.timeout.min = 5s (custom)
2019-09-19 14:40:04,778 [pool-38-thread-1] INFO  server.RaftServerConfigKeys (ConfUtils.java:logGet(43)) - raft.server.rpc.timeout.max = 5200ms (custom)
2019-09-19 14:40:04,778 [pool-38-thread-1] INFO  server.RaftServerConfigKeys (ConfUtils.java:logGet(43)) - raft.server.rpcslowness.timeout = 120s (custom)
2019-09-19 14:40:04,778 [pool-38-thread-1] INFO  server.RaftServerConfigKeys (ConfUtils.java:logGet(43)) - raft.server.sleep.deviation.threshold = 300 (default)
2019-09-19 14:40:04,778 [pool-38-thread-1] INFO  server.RaftServerConfigKeys (ConfUtils.java:logGet(43)) - raft.server.log.appender.install.snapshot.enabled = false (custom)
2019-09-19 14:40:04,778 [pool-38-thread-1] INFO  impl.RaftServerImpl (ServerState.java:<init>(105)) - c157b6a0-3602-4e04-89f3-2eaad4ae05f6:group-811704628034 ConfigurationManager, init=-1: [c157b6a0-3602-4e04-89f3-2eaad4ae05f6:192.168.5.132:35760], old=null, confs=<EMPTY_MAP>
2019-09-19 14:40:04,778 [pool-38-thread-1] INFO  server.RaftServerConfigKeys (ConfUtils.java:logGet(43)) - raft.server.storage.dir = [/workdir/hadoop-ozone/ozonefs/target/test-dir/MiniOzoneClusterImpl-889e9801-d8cd-4d64-ad06-78e1b934daf6/datanode-1/data/ratis] (custom)
2019-09-19 14:40:04,779 [pool-38-thread-1] INFO  storage.RaftStorageDirectory (RaftStorageDirectory.java:analyzeStorage(246)) - The storage directory /workdir/hadoop-ozone/ozonefs/target/test-dir/MiniOzoneClusterImpl-889e9801-d8cd-4d64-ad06-78e1b934daf6/datanode-1/data/ratis/2fd4ff42-b2d1-4838-bb91-811704628034 does not exist. Creating ...
2019-09-19 14:40:04,804 [pool-38-thread-1] INFO  storage.RaftStorageDirectory (RaftStorageDirectory.java:tryLock(328)) - Lock on /workdir/hadoop-ozone/ozonefs/target/test-dir/MiniOzoneClusterImpl-889e9801-d8cd-4d64-ad06-78e1b934daf6/datanode-1/data/ratis/2fd4ff42-b2d1-4838-bb91-811704628034/in_use.lock acquired by nodename 29702@pr-hdds-1569-rzdr8-3403194166
2019-09-19 14:40:04,829 [pool-38-thread-1] INFO  storage.RaftStorage (RaftStorage.java:format(72)) - Storage directory /workdir/hadoop-ozone/ozonefs/target/test-dir/MiniOzoneClusterImpl-889e9801-d8cd-4d64-ad06-78e1b934daf6/datanode-1/data/ratis/2fd4ff42-b2d1-4838-bb91-811704628034 has been successfully formatted.
2019-09-19 14:40:04,829 [pool-38-thread-1] INFO  ratis.ContainerStateMachine (ContainerStateMachine.java:loadSnapshot(226)) - group-811704628034: The snapshot info is null. Setting the last applied indexto:(t:0, i:~)
2019-09-19 14:40:04,830 [pool-38-thread-1] INFO  server.RaftServerConfigKeys (ConfUtils.java:logGet(43)) - raft.server.leader.election.timeout = 120s (custom)
2019-09-19 14:40:04,830 [pool-38-thread-1] INFO  server.RaftServerConfigKeys (ConfUtils.java:logGet(43)) - raft.server.log.use.memory = false (default)
2019-09-19 14:40:04,830 [pool-38-thread-1] INFO  server.RaftServerConfigKeys (ConfUtils.java:logGet(43)) - raft.server.log.purge.gap = 1000000 (custom)
2019-09-19 14:40:04,830 [pool-38-thread-1] INFO  server.RaftServerConfigKeys (ConfUtils.java:logGet(43)) - raft.server.log.appender.buffer.byte-limit = 33554432 (custom)
2019-09-19 14:40:04,830 [pool-38-thread-1] INFO  server.RaftServerConfigKeys (ConfUtils.java:logGet(43)) - raft.server.log.segment.size.max = 1048576 (custom)
2019-09-19 14:40:04,830 [pool-38-thread-1] INFO  server.RaftServerConfigKeys (ConfUtils.java:logGet(43)) - raft.server.log.segment.cache.num.max = 2 (custom)
2019-09-19 14:40:04,831 [pool-38-thread-1] INFO  segmented.SegmentedRaftLogWorker (SegmentedRaftLogWorker.java:<init>(172)) - new c157b6a0-3602-4e04-89f3-2eaad4ae05f6-SegmentedRaftLogWorker:Storage Directory /workdir/hadoop-ozone/ozonefs/target/test-dir/MiniOzoneClusterImpl-889e9801-d8cd-4d64-ad06-78e1b934daf6/datanode-1/data/ratis/2fd4ff42-b2d1-4838-bb91-811704628034 for RaftStorage:Storage Directory /workdir/hadoop-ozone/ozonefs/target/test-dir/MiniOzoneClusterImpl-889e9801-d8cd-4d64-ad06-78e1b934daf6/datanode-1/data/ratis/2fd4ff42-b2d1-4838-bb91-811704628034
2019-09-19 14:40:04,831 [pool-38-thread-1] INFO  server.RaftServerConfigKeys (ConfUtils.java:logGet(43)) - raft.server.log.queue.byte-limit = 2147483647 (custom)
2019-09-19 14:40:04,831 [pool-38-thread-1] INFO  server.RaftServerConfigKeys (ConfUtils.java:logGet(43)) - raft.server.log.queue.element-limit = 1024 (custom)
2019-09-19 14:40:04,831 [pool-38-thread-1] INFO  server.RaftServerConfigKeys (ConfUtils.java:logGet(43)) - raft.server.log.segment.size.max = 1048576 (custom)
2019-09-19 14:40:04,831 [pool-38-thread-1] INFO  server.RaftServerConfigKeys (ConfUtils.java:logGet(43)) - raft.server.log.preallocated.size = 16384 (custom)
2019-09-19 14:40:04,831 [pool-38-thread-1] INFO  server.RaftServerConfigKeys (ConfUtils.java:logGet(43)) - raft.server.log.write.buffer.size = 33554432 (custom)
2019-09-19 14:40:04,831 [pool-38-thread-1] INFO  server.RaftServerConfigKeys (ConfUtils.java:logGet(43)) - raft.server.log.force.sync.num = 128 (default)
2019-09-19 14:40:04,832 [pool-38-thread-1] INFO  server.RaftServerConfigKeys (ConfUtils.java:logGet(43)) - raft.server.log.statemachine.data.sync = true (default)
2019-09-19 14:40:04,832 [pool-38-thread-1] INFO  server.RaftServerConfigKeys (ConfUtils.java:logGet(43)) - raft.server.log.statemachine.data.sync.timeout = 10s (default)
2019-09-19 14:40:04,832 [pool-38-thread-1] INFO  server.RaftServerConfigKeys (ConfUtils.java:logGet(43)) - raft.server.log.statemachine.data.sync.timeout.retry = -1 (default)
2019-09-19 14:40:04,832 [pool-38-thread-1] INFO  server.RaftServerConfigKeys (ConfUtils.java:logGet(43)) - raft.server.log.statemachine.data.caching.enabled = true (custom)
2019-09-19 14:40:04,833 [pool-38-thread-1] INFO  segmented.SegmentedRaftLogWorker (SegmentedRaftLogWorker.java:lambda$new$0(132)) - c157b6a0-3602-4e04-89f3-2eaad4ae05f6-SegmentedRaftLogWorker:Storage Directory /workdir/hadoop-ozone/ozonefs/target/test-dir/MiniOzoneClusterImpl-889e9801-d8cd-4d64-ad06-78e1b934daf6/datanode-1/data/ratis/2fd4ff42-b2d1-4838-bb91-811704628034: flushIndex: setUnconditionally 0 -> -1
2019-09-19 14:40:04,833 [pool-38-thread-1] INFO  server.RaftServerConfigKeys (ConfUtils.java:logGet(43)) - raft.server.snapshot.auto.trigger.enabled = true (custom)
2019-09-19 14:40:04,833 [pool-38-thread-1] INFO  server.RaftServerConfigKeys (ConfUtils.java:logGet(43)) - raft.server.snapshot.auto.trigger.threshold = 10000 (custom)
2019-09-19 14:40:04,833 [pool-38-thread-1] INFO  server.RaftServerConfigKeys (ConfUtils.java:logGet(43)) - raft.server.retrycache.expirytime = 600000ms (custom)
2019-09-19 14:40:04,833 [pool-38-thread-1] INFO  impl.RaftServerImpl (RaftServerImpl.java:start(180)) - c157b6a0-3602-4e04-89f3-2eaad4ae05f6: start group-811704628034
2019-09-19 14:40:04,834 [pool-38-thread-1] INFO  impl.RaftServerImpl (RaftServerImpl.java:setRole(171)) - c157b6a0-3602-4e04-89f3-2eaad4ae05f6:group-811704628034 changes role from null to FOLLOWER at term 0 for startAsFollower
2019-09-19 14:40:04,834 [pool-38-thread-1] INFO  impl.RoleInfo (RoleInfo.java:updateAndGet(143)) - c157b6a0-3602-4e04-89f3-2eaad4ae05f6: start FollowerState
2019-09-19 14:40:04,834 [pool-38-thread-1] INFO  util.JmxRegister (JmxRegister.java:tryRegister(44)) - Successfully registered JMX Bean with object name Ratis:service=RaftServer,group=group-811704628034,id=c157b6a0-3602-4e04-89f3-2eaad4ae05f6
2019-09-19 14:40:04,836 | INFO  | SCMAudit | user=jenkins1000 | ip=192.168.5.132 | op=SEND_HEARTBEAT {datanodeUUID=cda53276-4c02-47df-9243-aafa1631e748, command=[]} | ret=SUCCESS |  
2019-09-19 14:40:04,837 [RatisPipelineUtilsThread] INFO  pipeline.PipelineStateManager (PipelineStateManager.java:addPipeline(56)) - Created pipeline Pipeline[ Id: 2fd4ff42-b2d1-4838-bb91-811704628034, Nodes: c157b6a0-3602-4e04-89f3-2eaad4ae05f6{ip: 192.168.5.132, host: pr-hdds-1569-rzdr8-3403194166, networkLocation: /default-rack, certSerialId: null}, Type:RATIS, Factor:ONE, State:OPEN]
2019-09-19 14:40:04,838 [RatisPipelineUtilsThread] ERROR pipeline.PipelinePlacementPolicy (PipelinePlacementPolicy.java:meetCriteria(91)) - Pipeline Placement: Doesn't meet the criteria to be viable node. Heaviness: 6
2019-09-19 14:40:04,838 [RatisPipelineUtilsThread] ERROR pipeline.PipelinePlacementPolicy (PipelinePlacementPolicy.java:meetCriteria(91)) - Pipeline Placement: Doesn't meet the criteria to be viable node. Heaviness: 6
2019-09-19 14:40:04,838 [RatisPipelineUtilsThread] ERROR pipeline.PipelinePlacementPolicy (PipelinePlacementPolicy.java:meetCriteria(91)) - Pipeline Placement: Doesn't meet the criteria to be viable node. Heaviness: 6
2019-09-19 14:40:04,838 [RatisPipelineUtilsThread] ERROR pipeline.PipelinePlacementPolicy (PipelinePlacementPolicy.java:meetCriteria(91)) - Pipeline Placement: Doesn't meet the criteria to be viable node. Heaviness: 6
2019-09-19 14:40:04,838 [RatisPipelineUtilsThread] ERROR pipeline.PipelinePlacementPolicy (PipelinePlacementPolicy.java:meetCriteria(91)) - Pipeline Placement: Doesn't meet the criteria to be viable node. Heaviness: 6
2019-09-19 14:40:04,848 [grpc-default-executor-1] INFO  impl.RaftServerProxy (RaftServerProxy.java:addNew(89)) - a1dec692-f01d-4dc4-b8c6-c1af31f4a539: addNew group-6A7ABF3EE4B9:[a1dec692-f01d-4dc4-b8c6-c1af31f4a539:192.168.5.132:43958] returns group-6A7ABF3EE4B9:java.util.concurrent.CompletableFuture@61984f9f[Not completed]
2019-09-19 14:40:04,850 [pool-104-thread-1] INFO  impl.RaftServerImpl (RaftServerImpl.java:<init>(93)) - a1dec692-f01d-4dc4-b8c6-c1af31f4a539: new RaftServerImpl for group-6A7ABF3EE4B9:[a1dec692-f01d-4dc4-b8c6-c1af31f4a539:192.168.5.132:43958] with ContainerStateMachine:uninitialized
2019-09-19 14:40:04,850 [pool-104-thread-1] INFO  server.RaftServerConfigKeys (ConfUtils.java:logGet(43)) - raft.server.rpc.timeout.min = 5s (custom)
2019-09-19 14:40:04,851 [pool-104-thread-1] INFO  server.RaftServerConfigKeys (ConfUtils.java:logGet(43)) - raft.server.rpc.timeout.max = 5200ms (custom)
2019-09-19 14:40:04,851 [pool-104-thread-1] INFO  server.RaftServerConfigKeys (ConfUtils.java:logGet(43)) - raft.server.rpcslowness.timeout = 120s (custom)
2019-09-19 14:40:04,851 [pool-104-thread-1] INFO  server.RaftServerConfigKeys (ConfUtils.java:logGet(43)) - raft.server.sleep.deviation.threshold = 300 (default)
2019-09-19 14:40:04,851 [pool-104-thread-1] INFO  server.RaftServerConfigKeys (ConfUtils.java:logGet(43)) - raft.server.log.appender.install.snapshot.enabled = false (custom)
2019-09-19 14:40:04,851 [pool-104-thread-1] INFO  impl.RaftServerImpl (ServerState.java:<init>(105)) - a1dec692-f01d-4dc4-b8c6-c1af31f4a539:group-6A7ABF3EE4B9 ConfigurationManager, init=-1: [a1dec692-f01d-4dc4-b8c6-c1af31f4a539:192.168.5.132:43958], old=null, confs=<EMPTY_MAP>
2019-09-19 14:40:04,851 [pool-104-thread-1] INFO  server.RaftServerConfigKeys (ConfUtils.java:logGet(43)) - raft.server.storage.dir = [/workdir/hadoop-ozone/ozonefs/target/test-dir/MiniOzoneClusterImpl-889e9801-d8cd-4d64-ad06-78e1b934daf6/datanode-7/data/ratis] (custom)
2019-09-19 14:40:04,852 [pool-104-thread-1] INFO  storage.RaftStorageDirectory (RaftStorageDirectory.java:analyzeStorage(246)) - The storage directory /workdir/hadoop-ozone/ozonefs/target/test-dir/MiniOzoneClusterImpl-889e9801-d8cd-4d64-ad06-78e1b934daf6/datanode-7/data/ratis/9ad7aa6a-a5f7-4596-8032-6a7abf3ee4b9 does not exist. Creating ...
2019-09-19 14:40:04,877 [pool-104-thread-1] INFO  storage.RaftStorageDirectory (RaftStorageDirectory.java:tryLock(328)) - Lock on /workdir/hadoop-ozone/ozonefs/target/test-dir/MiniOzoneClusterImpl-889e9801-d8cd-4d64-ad06-78e1b934daf6/datanode-7/data/ratis/9ad7aa6a-a5f7-4596-8032-6a7abf3ee4b9/in_use.lock acquired by nodename 29702@pr-hdds-1569-rzdr8-3403194166
2019-09-19 14:40:04,890 [pool-104-thread-1] INFO  storage.RaftStorage (RaftStorage.java:format(72)) - Storage directory /workdir/hadoop-ozone/ozonefs/target/test-dir/MiniOzoneClusterImpl-889e9801-d8cd-4d64-ad06-78e1b934daf6/datanode-7/data/ratis/9ad7aa6a-a5f7-4596-8032-6a7abf3ee4b9 has been successfully formatted.
2019-09-19 14:40:04,890 [pool-104-thread-1] INFO  ratis.ContainerStateMachine (ContainerStateMachine.java:loadSnapshot(226)) - group-6A7ABF3EE4B9: The snapshot info is null. Setting the last applied indexto:(t:0, i:~)
2019-09-19 14:40:04,890 [pool-104-thread-1] INFO  server.RaftServerConfigKeys (ConfUtils.java:logGet(43)) - raft.server.leader.election.timeout = 120s (custom)
2019-09-19 14:40:04,891 [pool-104-thread-1] INFO  server.RaftServerConfigKeys (ConfUtils.java:logGet(43)) - raft.server.log.use.memory = false (default)
2019-09-19 14:40:04,891 [pool-104-thread-1] INFO  server.RaftServerConfigKeys (ConfUtils.java:logGet(43)) - raft.server.log.purge.gap = 1000000 (custom)
2019-09-19 14:40:04,891 [pool-104-thread-1] INFO  server.RaftServerConfigKeys (ConfUtils.java:logGet(43)) - raft.server.log.appender.buffer.byte-limit = 33554432 (custom)
2019-09-19 14:40:04,891 [pool-104-thread-1] INFO  server.RaftServerConfigKeys (ConfUtils.java:logGet(43)) - raft.server.log.segment.size.max = 1048576 (custom)
2019-09-19 14:40:04,891 [pool-104-thread-1] INFO  server.RaftServerConfigKeys (ConfUtils.java:logGet(43)) - raft.server.log.segment.cache.num.max = 2 (custom)
2019-09-19 14:40:04,892 [pool-104-thread-1] INFO  segmented.SegmentedRaftLogWorker (SegmentedRaftLogWorker.java:<init>(172)) - new a1dec692-f01d-4dc4-b8c6-c1af31f4a539-SegmentedRaftLogWorker:Storage Directory /workdir/hadoop-ozone/ozonefs/target/test-dir/MiniOzoneClusterImpl-889e9801-d8cd-4d64-ad06-78e1b934daf6/datanode-7/data/ratis/9ad7aa6a-a5f7-4596-8032-6a7abf3ee4b9 for RaftStorage:Storage Directory /workdir/hadoop-ozone/ozonefs/target/test-dir/MiniOzoneClusterImpl-889e9801-d8cd-4d64-ad06-78e1b934daf6/datanode-7/data/ratis/9ad7aa6a-a5f7-4596-8032-6a7abf3ee4b9
2019-09-19 14:40:04,892 [pool-104-thread-1] INFO  server.RaftServerConfigKeys (ConfUtils.java:logGet(43)) - raft.server.log.queue.byte-limit = 2147483647 (custom)
2019-09-19 14:40:04,892 [pool-104-thread-1] INFO  server.RaftServerConfigKeys (ConfUtils.java:logGet(43)) - raft.server.log.queue.element-limit = 1024 (custom)
2019-09-19 14:40:04,892 [pool-104-thread-1] INFO  server.RaftServerConfigKeys (ConfUtils.java:logGet(43)) - raft.server.log.segment.size.max = 1048576 (custom)
2019-09-19 14:40:04,893 [pool-104-thread-1] INFO  server.RaftServerConfigKeys (ConfUtils.java:logGet(43)) - raft.server.log.preallocated.size = 16384 (custom)
2019-09-19 14:40:04,893 [pool-104-thread-1] INFO  server.RaftServerConfigKeys (ConfUtils.java:logGet(43)) - raft.server.log.write.buffer.size = 33554432 (custom)
2019-09-19 14:40:04,893 [pool-104-thread-1] INFO  server.RaftServerConfigKeys (ConfUtils.java:logGet(43)) - raft.server.log.force.sync.num = 128 (default)
2019-09-19 14:40:04,893 [pool-104-thread-1] INFO  server.RaftServerConfigKeys (ConfUtils.java:logGet(43)) - raft.server.log.statemachine.data.sync = true (default)
2019-09-19 14:40:04,893 [pool-104-thread-1] INFO  server.RaftServerConfigKeys (ConfUtils.java:logGet(43)) - raft.server.log.statemachine.data.sync.timeout = 10s (default)
2019-09-19 14:40:04,893 [pool-104-thread-1] INFO  server.RaftServerConfigKeys (ConfUtils.java:logGet(43)) - raft.server.log.statemachine.data.sync.timeout.retry = -1 (default)
2019-09-19 14:40:04,894 [pool-104-thread-1] INFO  server.RaftServerConfigKeys (ConfUtils.java:logGet(43)) - raft.server.log.statemachine.data.caching.enabled = true (custom)
2019-09-19 14:40:04,894 [pool-104-thread-1] INFO  segmented.SegmentedRaftLogWorker (SegmentedRaftLogWorker.java:lambda$new$0(132)) - a1dec692-f01d-4dc4-b8c6-c1af31f4a539-SegmentedRaftLogWorker:Storage Directory /workdir/hadoop-ozone/ozonefs/target/test-dir/MiniOzoneClusterImpl-889e9801-d8cd-4d64-ad06-78e1b934daf6/datanode-7/data/ratis/9ad7aa6a-a5f7-4596-8032-6a7abf3ee4b9: flushIndex: setUnconditionally 0 -> -1
2019-09-19 14:40:04,894 [pool-104-thread-1] INFO  server.RaftServerConfigKeys (ConfUtils.java:logGet(43)) - raft.server.snapshot.auto.trigger.enabled = true (custom)
2019-09-19 14:40:04,895 [pool-104-thread-1] INFO  server.RaftServerConfigKeys (ConfUtils.java:logGet(43)) - raft.server.snapshot.auto.trigger.threshold = 10000 (custom)
2019-09-19 14:40:04,895 [pool-104-thread-1] INFO  server.RaftServerConfigKeys (ConfUtils.java:logGet(43)) - raft.server.retrycache.expirytime = 600000ms (custom)
2019-09-19 14:40:04,895 [pool-104-thread-1] INFO  impl.RaftServerImpl (RaftServerImpl.java:start(180)) - a1dec692-f01d-4dc4-b8c6-c1af31f4a539: start group-6A7ABF3EE4B9
2019-09-19 14:40:04,895 [pool-104-thread-1] INFO  impl.RaftServerImpl (RaftServerImpl.java:setRole(171)) - a1dec692-f01d-4dc4-b8c6-c1af31f4a539:group-6A7ABF3EE4B9 changes role from null to FOLLOWER at term 0 for startAsFollower
2019-09-19 14:40:04,895 [pool-104-thread-1] INFO  impl.RoleInfo (RoleInfo.java:updateAndGet(143)) - a1dec692-f01d-4dc4-b8c6-c1af31f4a539: start FollowerState
2019-09-19 14:40:04,896 [pool-104-thread-1] INFO  util.JmxRegister (JmxRegister.java:tryRegister(44)) - Successfully registered JMX Bean with object name Ratis:service=RaftServer,group=group-6A7ABF3EE4B9,id=a1dec692-f01d-4dc4-b8c6-c1af31f4a539
2019-09-19 14:40:04,899 [RatisPipelineUtilsThread] INFO  pipeline.PipelineStateManager (PipelineStateManager.java:addPipeline(56)) - Created pipeline Pipeline[ Id: 9ad7aa6a-a5f7-4596-8032-6a7abf3ee4b9, Nodes: a1dec692-f01d-4dc4-b8c6-c1af31f4a539{ip: 192.168.5.132, host: pr-hdds-1569-rzdr8-3403194166, networkLocation: /default-rack, certSerialId: null}, Type:RATIS, Factor:ONE, State:OPEN]
2019-09-19 14:40:04,899 [RatisPipelineUtilsThread] ERROR pipeline.PipelinePlacementPolicy (PipelinePlacementPolicy.java:meetCriteria(91)) - Pipeline Placement: Doesn't meet the criteria to be viable node. Heaviness: 6
2019-09-19 14:40:04,899 [RatisPipelineUtilsThread] ERROR pipeline.PipelinePlacementPolicy (PipelinePlacementPolicy.java:meetCriteria(91)) - Pipeline Placement: Doesn't meet the criteria to be viable node. Heaviness: 6
2019-09-19 14:40:04,900 [RatisPipelineUtilsThread] ERROR pipeline.PipelinePlacementPolicy (PipelinePlacementPolicy.java:meetCriteria(91)) - Pipeline Placement: Doesn't meet the criteria to be viable node. Heaviness: 6
2019-09-19 14:40:04,900 [RatisPipelineUtilsThread] ERROR pipeline.PipelinePlacementPolicy (PipelinePlacementPolicy.java:meetCriteria(91)) - Pipeline Placement: Doesn't meet the criteria to be viable node. Heaviness: 6
2019-09-19 14:40:04,900 [RatisPipelineUtilsThread] ERROR pipeline.PipelinePlacementPolicy (PipelinePlacementPolicy.java:meetCriteria(91)) - Pipeline Placement: Doesn't meet the criteria to be viable node. Heaviness: 6
2019-09-19 14:40:04,906 [grpc-default-executor-1] INFO  impl.RaftServerProxy (RaftServerProxy.java:addNew(89)) - afbae23f-b8a7-4a0f-ac57-bc0dcc025f7c: addNew group-8470D79F4598:[afbae23f-b8a7-4a0f-ac57-bc0dcc025f7c:192.168.5.132:44695] returns group-8470D79F4598:java.util.concurrent.CompletableFuture@7669b7a8[Not completed]
2019-09-19 14:40:04,908 [pool-82-thread-1] INFO  impl.RaftServerImpl (RaftServerImpl.java:<init>(93)) - afbae23f-b8a7-4a0f-ac57-bc0dcc025f7c: new RaftServerImpl for group-8470D79F4598:[afbae23f-b8a7-4a0f-ac57-bc0dcc025f7c:192.168.5.132:44695] with ContainerStateMachine:uninitialized
2019-09-19 14:40:04,908 [pool-82-thread-1] INFO  server.RaftServerConfigKeys (ConfUtils.java:logGet(43)) - raft.server.rpc.timeout.min = 5s (custom)
2019-09-19 14:40:04,909 [pool-82-thread-1] INFO  server.RaftServerConfigKeys (ConfUtils.java:logGet(43)) - raft.server.rpc.timeout.max = 5200ms (custom)
2019-09-19 14:40:04,909 [pool-82-thread-1] INFO  server.RaftServerConfigKeys (ConfUtils.java:logGet(43)) - raft.server.rpcslowness.timeout = 120s (custom)
2019-09-19 14:40:04,909 [pool-82-thread-1] INFO  server.RaftServerConfigKeys (ConfUtils.java:logGet(43)) - raft.server.sleep.deviation.threshold = 300 (default)
2019-09-19 14:40:04,909 [pool-82-thread-1] INFO  server.RaftServerConfigKeys (ConfUtils.java:logGet(43)) - raft.server.log.appender.install.snapshot.enabled = false (custom)
2019-09-19 14:40:04,909 [pool-82-thread-1] INFO  impl.RaftServerImpl (ServerState.java:<init>(105)) - afbae23f-b8a7-4a0f-ac57-bc0dcc025f7c:group-8470D79F4598 ConfigurationManager, init=-1: [afbae23f-b8a7-4a0f-ac57-bc0dcc025f7c:192.168.5.132:44695], old=null, confs=<EMPTY_MAP>
2019-09-19 14:40:04,910 [pool-82-thread-1] INFO  server.RaftServerConfigKeys (ConfUtils.java:logGet(43)) - raft.server.storage.dir = [/workdir/hadoop-ozone/ozonefs/target/test-dir/MiniOzoneClusterImpl-889e9801-d8cd-4d64-ad06-78e1b934daf6/datanode-5/data/ratis] (custom)
2019-09-19 14:40:04,910 [pool-82-thread-1] INFO  storage.RaftStorageDirectory (RaftStorageDirectory.java:analyzeStorage(246)) - The storage directory /workdir/hadoop-ozone/ozonefs/target/test-dir/MiniOzoneClusterImpl-889e9801-d8cd-4d64-ad06-78e1b934daf6/datanode-5/data/ratis/19703fca-eb92-49e8-926d-8470d79f4598 does not exist. Creating ...
2019-09-19 14:40:04,933 [pool-82-thread-1] INFO  storage.RaftStorageDirectory (RaftStorageDirectory.java:tryLock(328)) - Lock on /workdir/hadoop-ozone/ozonefs/target/test-dir/MiniOzoneClusterImpl-889e9801-d8cd-4d64-ad06-78e1b934daf6/datanode-5/data/ratis/19703fca-eb92-49e8-926d-8470d79f4598/in_use.lock acquired by nodename 29702@pr-hdds-1569-rzdr8-3403194166
2019-09-19 14:40:04,958 [pool-82-thread-1] INFO  storage.RaftStorage (RaftStorage.java:format(72)) - Storage directory /workdir/hadoop-ozone/ozonefs/target/test-dir/MiniOzoneClusterImpl-889e9801-d8cd-4d64-ad06-78e1b934daf6/datanode-5/data/ratis/19703fca-eb92-49e8-926d-8470d79f4598 has been successfully formatted.
2019-09-19 14:40:04,958 [pool-82-thread-1] INFO  ratis.ContainerStateMachine (ContainerStateMachine.java:loadSnapshot(226)) - group-8470D79F4598: The snapshot info is null. Setting the last applied indexto:(t:0, i:~)
2019-09-19 14:40:04,959 [pool-82-thread-1] INFO  server.RaftServerConfigKeys (ConfUtils.java:logGet(43)) - raft.server.leader.election.timeout = 120s (custom)
2019-09-19 14:40:04,959 [pool-82-thread-1] INFO  server.RaftServerConfigKeys (ConfUtils.java:logGet(43)) - raft.server.log.use.memory = false (default)
2019-09-19 14:40:04,959 [pool-82-thread-1] INFO  server.RaftServerConfigKeys (ConfUtils.java:logGet(43)) - raft.server.log.purge.gap = 1000000 (custom)
2019-09-19 14:40:04,959 [pool-82-thread-1] INFO  server.RaftServerConfigKeys (ConfUtils.java:logGet(43)) - raft.server.log.appender.buffer.byte-limit = 33554432 (custom)
2019-09-19 14:40:04,959 [pool-82-thread-1] INFO  server.RaftServerConfigKeys (ConfUtils.java:logGet(43)) - raft.server.log.segment.size.max = 1048576 (custom)
2019-09-19 14:40:04,960 [pool-82-thread-1] INFO  server.RaftServerConfigKeys (ConfUtils.java:logGet(43)) - raft.server.log.segment.cache.num.max = 2 (custom)
2019-09-19 14:40:04,960 [pool-82-thread-1] INFO  segmented.SegmentedRaftLogWorker (SegmentedRaftLogWorker.java:<init>(172)) - new afbae23f-b8a7-4a0f-ac57-bc0dcc025f7c-SegmentedRaftLogWorker:Storage Directory /workdir/hadoop-ozone/ozonefs/target/test-dir/MiniOzoneClusterImpl-889e9801-d8cd-4d64-ad06-78e1b934daf6/datanode-5/data/ratis/19703fca-eb92-49e8-926d-8470d79f4598 for RaftStorage:Storage Directory /workdir/hadoop-ozone/ozonefs/target/test-dir/MiniOzoneClusterImpl-889e9801-d8cd-4d64-ad06-78e1b934daf6/datanode-5/data/ratis/19703fca-eb92-49e8-926d-8470d79f4598
2019-09-19 14:40:04,960 [pool-82-thread-1] INFO  server.RaftServerConfigKeys (ConfUtils.java:logGet(43)) - raft.server.log.queue.byte-limit = 2147483647 (custom)
2019-09-19 14:40:04,960 [pool-82-thread-1] INFO  server.RaftServerConfigKeys (ConfUtils.java:logGet(43)) - raft.server.log.queue.element-limit = 1024 (custom)
2019-09-19 14:40:04,960 [pool-82-thread-1] INFO  server.RaftServerConfigKeys (ConfUtils.java:logGet(43)) - raft.server.log.segment.size.max = 1048576 (custom)
2019-09-19 14:40:04,960 [pool-82-thread-1] INFO  server.RaftServerConfigKeys (ConfUtils.java:logGet(43)) - raft.server.log.preallocated.size = 16384 (custom)
2019-09-19 14:40:04,961 [pool-82-thread-1] INFO  server.RaftServerConfigKeys (ConfUtils.java:logGet(43)) - raft.server.log.write.buffer.size = 33554432 (custom)
2019-09-19 14:40:04,961 [pool-82-thread-1] INFO  server.RaftServerConfigKeys (ConfUtils.java:logGet(43)) - raft.server.log.force.sync.num = 128 (default)
2019-09-19 14:40:04,961 [pool-82-thread-1] INFO  server.RaftServerConfigKeys (ConfUtils.java:logGet(43)) - raft.server.log.statemachine.data.sync = true (default)
2019-09-19 14:40:04,961 [pool-82-thread-1] INFO  server.RaftServerConfigKeys (ConfUtils.java:logGet(43)) - raft.server.log.statemachine.data.sync.timeout = 10s (default)
2019-09-19 14:40:04,961 [pool-82-thread-1] INFO  server.RaftServerConfigKeys (ConfUtils.java:logGet(43)) - raft.server.log.statemachine.data.sync.timeout.retry = -1 (default)
2019-09-19 14:40:04,962 [pool-82-thread-1] INFO  server.RaftServerConfigKeys (ConfUtils.java:logGet(43)) - raft.server.log.statemachine.data.caching.enabled = true (custom)
2019-09-19 14:40:04,962 [pool-82-thread-1] INFO  segmented.SegmentedRaftLogWorker (SegmentedRaftLogWorker.java:lambda$new$0(132)) - afbae23f-b8a7-4a0f-ac57-bc0dcc025f7c-SegmentedRaftLogWorker:Storage Directory /workdir/hadoop-ozone/ozonefs/target/test-dir/MiniOzoneClusterImpl-889e9801-d8cd-4d64-ad06-78e1b934daf6/datanode-5/data/ratis/19703fca-eb92-49e8-926d-8470d79f4598: flushIndex: setUnconditionally 0 -> -1
2019-09-19 14:40:04,962 [pool-82-thread-1] INFO  server.RaftServerConfigKeys (ConfUtils.java:logGet(43)) - raft.server.snapshot.auto.trigger.enabled = true (custom)
2019-09-19 14:40:04,963 [pool-82-thread-1] INFO  server.RaftServerConfigKeys (ConfUtils.java:logGet(43)) - raft.server.snapshot.auto.trigger.threshold = 10000 (custom)
2019-09-19 14:40:04,963 [pool-82-thread-1] INFO  server.RaftServerConfigKeys (ConfUtils.java:logGet(43)) - raft.server.retrycache.expirytime = 600000ms (custom)
2019-09-19 14:40:04,963 [pool-82-thread-1] INFO  impl.RaftServerImpl (RaftServerImpl.java:start(180)) - afbae23f-b8a7-4a0f-ac57-bc0dcc025f7c: start group-8470D79F4598
2019-09-19 14:40:04,963 [pool-82-thread-1] INFO  impl.RaftServerImpl (RaftServerImpl.java:setRole(171)) - afbae23f-b8a7-4a0f-ac57-bc0dcc025f7c:group-8470D79F4598 changes role from null to FOLLOWER at term 0 for startAsFollower
2019-09-19 14:40:04,964 [pool-82-thread-1] INFO  impl.RoleInfo (RoleInfo.java:updateAndGet(143)) - afbae23f-b8a7-4a0f-ac57-bc0dcc025f7c: start FollowerState
2019-09-19 14:40:04,964 [pool-82-thread-1] INFO  util.JmxRegister (JmxRegister.java:tryRegister(44)) - Successfully registered JMX Bean with object name Ratis:service=RaftServer,group=group-8470D79F4598,id=afbae23f-b8a7-4a0f-ac57-bc0dcc025f7c
2019-09-19 14:40:04,968 [RatisPipelineUtilsThread] INFO  pipeline.PipelineStateManager (PipelineStateManager.java:addPipeline(56)) - Created pipeline Pipeline[ Id: 19703fca-eb92-49e8-926d-8470d79f4598, Nodes: afbae23f-b8a7-4a0f-ac57-bc0dcc025f7c{ip: 192.168.5.132, host: pr-hdds-1569-rzdr8-3403194166, networkLocation: /default-rack, certSerialId: null}, Type:RATIS, Factor:ONE, State:OPEN]
2019-09-19 14:40:04,968 [RatisPipelineUtilsThread] ERROR pipeline.PipelinePlacementPolicy (PipelinePlacementPolicy.java:meetCriteria(91)) - Pipeline Placement: Doesn't meet the criteria to be viable node. Heaviness: 6
2019-09-19 14:40:04,968 [RatisPipelineUtilsThread] ERROR pipeline.PipelinePlacementPolicy (PipelinePlacementPolicy.java:meetCriteria(91)) - Pipeline Placement: Doesn't meet the criteria to be viable node. Heaviness: 6
2019-09-19 14:40:04,968 [RatisPipelineUtilsThread] ERROR pipeline.PipelinePlacementPolicy (PipelinePlacementPolicy.java:meetCriteria(91)) - Pipeline Placement: Doesn't meet the criteria to be viable node. Heaviness: 6
2019-09-19 14:40:04,968 [RatisPipelineUtilsThread] ERROR pipeline.PipelinePlacementPolicy (PipelinePlacementPolicy.java:meetCriteria(91)) - Pipeline Placement: Doesn't meet the criteria to be viable node. Heaviness: 6
2019-09-19 14:40:04,968 [RatisPipelineUtilsThread] ERROR pipeline.PipelinePlacementPolicy (PipelinePlacementPolicy.java:meetCriteria(91)) - Pipeline Placement: Doesn't meet the criteria to be viable node. Heaviness: 6
2019-09-19 14:40:04,969 [RatisPipelineUtilsThread] ERROR pipeline.PipelinePlacementPolicy (PipelinePlacementPolicy.java:meetCriteria(91)) - Pipeline Placement: Doesn't meet the criteria to be viable node. Heaviness: 6
2019-09-19 14:40:04,974 [grpc-default-executor-1] INFO  impl.RaftServerProxy (RaftServerProxy.java:addNew(89)) - b84a7c4a-6ef7-4bd2-bf64-eea4d8e07688: addNew group-94AAAC36CF3E:[b84a7c4a-6ef7-4bd2-bf64-eea4d8e07688:192.168.5.132:41504] returns group-94AAAC36CF3E:java.util.concurrent.CompletableFuture@10ca7696[Not completed]
2019-09-19 14:40:04,988 [pool-93-thread-1] INFO  impl.RaftServerImpl (RaftServerImpl.java:<init>(93)) - b84a7c4a-6ef7-4bd2-bf64-eea4d8e07688: new RaftServerImpl for group-94AAAC36CF3E:[b84a7c4a-6ef7-4bd2-bf64-eea4d8e07688:192.168.5.132:41504] with ContainerStateMachine:uninitialized
2019-09-19 14:40:04,988 [pool-93-thread-1] INFO  server.RaftServerConfigKeys (ConfUtils.java:logGet(43)) - raft.server.rpc.timeout.min = 5s (custom)
2019-09-19 14:40:04,989 [pool-93-thread-1] INFO  server.RaftServerConfigKeys (ConfUtils.java:logGet(43)) - raft.server.rpc.timeout.max = 5200ms (custom)
2019-09-19 14:40:04,989 [pool-93-thread-1] INFO  server.RaftServerConfigKeys (ConfUtils.java:logGet(43)) - raft.server.rpcslowness.timeout = 120s (custom)
2019-09-19 14:40:04,989 [pool-93-thread-1] INFO  server.RaftServerConfigKeys (ConfUtils.java:logGet(43)) - raft.server.sleep.deviation.threshold = 300 (default)
2019-09-19 14:40:04,989 [pool-93-thread-1] INFO  server.RaftServerConfigKeys (ConfUtils.java:logGet(43)) - raft.server.log.appender.install.snapshot.enabled = false (custom)
2019-09-19 14:40:04,989 [pool-93-thread-1] INFO  impl.RaftServerImpl (ServerState.java:<init>(105)) - b84a7c4a-6ef7-4bd2-bf64-eea4d8e07688:group-94AAAC36CF3E ConfigurationManager, init=-1: [b84a7c4a-6ef7-4bd2-bf64-eea4d8e07688:192.168.5.132:41504], old=null, confs=<EMPTY_MAP>
2019-09-19 14:40:04,990 [pool-93-thread-1] INFO  server.RaftServerConfigKeys (ConfUtils.java:logGet(43)) - raft.server.storage.dir = [/workdir/hadoop-ozone/ozonefs/target/test-dir/MiniOzoneClusterImpl-889e9801-d8cd-4d64-ad06-78e1b934daf6/datanode-6/data/ratis] (custom)
2019-09-19 14:40:04,990 [pool-93-thread-1] INFO  storage.RaftStorageDirectory (RaftStorageDirectory.java:analyzeStorage(246)) - The storage directory /workdir/hadoop-ozone/ozonefs/target/test-dir/MiniOzoneClusterImpl-889e9801-d8cd-4d64-ad06-78e1b934daf6/datanode-6/data/ratis/4168b524-298d-4a9a-a957-94aaac36cf3e does not exist. Creating ...
2019-09-19 14:40:04,991 | INFO  | SCMAudit | user=jenkins1000 | ip=192.168.5.132 | op=SEND_HEARTBEAT {datanodeUUID=b84a7c4a-6ef7-4bd2-bf64-eea4d8e07688, command=[]} | ret=SUCCESS |  
2019-09-19 14:40:05,013 [pool-93-thread-1] INFO  storage.RaftStorageDirectory (RaftStorageDirectory.java:tryLock(328)) - Lock on /workdir/hadoop-ozone/ozonefs/target/test-dir/MiniOzoneClusterImpl-889e9801-d8cd-4d64-ad06-78e1b934daf6/datanode-6/data/ratis/4168b524-298d-4a9a-a957-94aaac36cf3e/in_use.lock acquired by nodename 29702@pr-hdds-1569-rzdr8-3403194166
2019-09-19 14:40:05,036 [pool-93-thread-1] INFO  storage.RaftStorage (RaftStorage.java:format(72)) - Storage directory /workdir/hadoop-ozone/ozonefs/target/test-dir/MiniOzoneClusterImpl-889e9801-d8cd-4d64-ad06-78e1b934daf6/datanode-6/data/ratis/4168b524-298d-4a9a-a957-94aaac36cf3e has been successfully formatted.
2019-09-19 14:40:05,037 [pool-93-thread-1] INFO  ratis.ContainerStateMachine (ContainerStateMachine.java:loadSnapshot(226)) - group-94AAAC36CF3E: The snapshot info is null. Setting the last applied indexto:(t:0, i:~)
2019-09-19 14:40:05,037 [pool-93-thread-1] INFO  server.RaftServerConfigKeys (ConfUtils.java:logGet(43)) - raft.server.leader.election.timeout = 120s (custom)
2019-09-19 14:40:05,037 [pool-93-thread-1] INFO  server.RaftServerConfigKeys (ConfUtils.java:logGet(43)) - raft.server.log.use.memory = false (default)
2019-09-19 14:40:05,037 [pool-93-thread-1] INFO  server.RaftServerConfigKeys (ConfUtils.java:logGet(43)) - raft.server.log.purge.gap = 1000000 (custom)
2019-09-19 14:40:05,037 [pool-93-thread-1] INFO  server.RaftServerConfigKeys (ConfUtils.java:logGet(43)) - raft.server.log.appender.buffer.byte-limit = 33554432 (custom)
2019-09-19 14:40:05,038 [pool-93-thread-1] INFO  server.RaftServerConfigKeys (ConfUtils.java:logGet(43)) - raft.server.log.segment.size.max = 1048576 (custom)
2019-09-19 14:40:05,038 [pool-93-thread-1] INFO  server.RaftServerConfigKeys (ConfUtils.java:logGet(43)) - raft.server.log.segment.cache.num.max = 2 (custom)
2019-09-19 14:40:05,038 [pool-93-thread-1] INFO  segmented.SegmentedRaftLogWorker (SegmentedRaftLogWorker.java:<init>(172)) - new b84a7c4a-6ef7-4bd2-bf64-eea4d8e07688-SegmentedRaftLogWorker:Storage Directory /workdir/hadoop-ozone/ozonefs/target/test-dir/MiniOzoneClusterImpl-889e9801-d8cd-4d64-ad06-78e1b934daf6/datanode-6/data/ratis/4168b524-298d-4a9a-a957-94aaac36cf3e for RaftStorage:Storage Directory /workdir/hadoop-ozone/ozonefs/target/test-dir/MiniOzoneClusterImpl-889e9801-d8cd-4d64-ad06-78e1b934daf6/datanode-6/data/ratis/4168b524-298d-4a9a-a957-94aaac36cf3e
2019-09-19 14:40:05,038 [pool-93-thread-1] INFO  server.RaftServerConfigKeys (ConfUtils.java:logGet(43)) - raft.server.log.queue.byte-limit = 2147483647 (custom)
2019-09-19 14:40:05,038 [pool-93-thread-1] INFO  server.RaftServerConfigKeys (ConfUtils.java:logGet(43)) - raft.server.log.queue.element-limit = 1024 (custom)
2019-09-19 14:40:05,038 [pool-93-thread-1] INFO  server.RaftServerConfigKeys (ConfUtils.java:logGet(43)) - raft.server.log.segment.size.max = 1048576 (custom)
2019-09-19 14:40:05,038 [pool-93-thread-1] INFO  server.RaftServerConfigKeys (ConfUtils.java:logGet(43)) - raft.server.log.preallocated.size = 16384 (custom)
2019-09-19 14:40:05,038 [pool-93-thread-1] INFO  server.RaftServerConfigKeys (ConfUtils.java:logGet(43)) - raft.server.log.write.buffer.size = 33554432 (custom)
2019-09-19 14:40:05,039 [pool-93-thread-1] INFO  server.RaftServerConfigKeys (ConfUtils.java:logGet(43)) - raft.server.log.force.sync.num = 128 (default)
2019-09-19 14:40:05,039 [pool-93-thread-1] INFO  server.RaftServerConfigKeys (ConfUtils.java:logGet(43)) - raft.server.log.statemachine.data.sync = true (default)
2019-09-19 14:40:05,039 [pool-93-thread-1] INFO  server.RaftServerConfigKeys (ConfUtils.java:logGet(43)) - raft.server.log.statemachine.data.sync.timeout = 10s (default)
2019-09-19 14:40:05,039 [pool-93-thread-1] INFO  server.RaftServerConfigKeys (ConfUtils.java:logGet(43)) - raft.server.log.statemachine.data.sync.timeout.retry = -1 (default)
2019-09-19 14:40:05,039 [pool-93-thread-1] INFO  server.RaftServerConfigKeys (ConfUtils.java:logGet(43)) - raft.server.log.statemachine.data.caching.enabled = true (custom)
2019-09-19 14:40:05,039 [pool-93-thread-1] INFO  segmented.SegmentedRaftLogWorker (SegmentedRaftLogWorker.java:lambda$new$0(132)) - b84a7c4a-6ef7-4bd2-bf64-eea4d8e07688-SegmentedRaftLogWorker:Storage Directory /workdir/hadoop-ozone/ozonefs/target/test-dir/MiniOzoneClusterImpl-889e9801-d8cd-4d64-ad06-78e1b934daf6/datanode-6/data/ratis/4168b524-298d-4a9a-a957-94aaac36cf3e: flushIndex: setUnconditionally 0 -> -1
2019-09-19 14:40:05,040 [pool-93-thread-1] INFO  server.RaftServerConfigKeys (ConfUtils.java:logGet(43)) - raft.server.snapshot.auto.trigger.enabled = true (custom)
2019-09-19 14:40:05,040 [pool-93-thread-1] INFO  server.RaftServerConfigKeys (ConfUtils.java:logGet(43)) - raft.server.snapshot.auto.trigger.threshold = 10000 (custom)
2019-09-19 14:40:05,040 [pool-93-thread-1] INFO  server.RaftServerConfigKeys (ConfUtils.java:logGet(43)) - raft.server.retrycache.expirytime = 600000ms (custom)
2019-09-19 14:40:05,040 [pool-93-thread-1] INFO  impl.RaftServerImpl (RaftServerImpl.java:start(180)) - b84a7c4a-6ef7-4bd2-bf64-eea4d8e07688: start group-94AAAC36CF3E
2019-09-19 14:40:05,040 [pool-93-thread-1] INFO  impl.RaftServerImpl (RaftServerImpl.java:setRole(171)) - b84a7c4a-6ef7-4bd2-bf64-eea4d8e07688:group-94AAAC36CF3E changes role from null to FOLLOWER at term 0 for startAsFollower
2019-09-19 14:40:05,040 [pool-93-thread-1] INFO  impl.RoleInfo (RoleInfo.java:updateAndGet(143)) - b84a7c4a-6ef7-4bd2-bf64-eea4d8e07688: start FollowerState
2019-09-19 14:40:05,041 [pool-93-thread-1] INFO  util.JmxRegister (JmxRegister.java:tryRegister(44)) - Successfully registered JMX Bean with object name Ratis:service=RaftServer,group=group-94AAAC36CF3E,id=b84a7c4a-6ef7-4bd2-bf64-eea4d8e07688
2019-09-19 14:40:05,044 [RatisPipelineUtilsThread] INFO  pipeline.PipelineStateManager (PipelineStateManager.java:addPipeline(56)) - Created pipeline Pipeline[ Id: 4168b524-298d-4a9a-a957-94aaac36cf3e, Nodes: b84a7c4a-6ef7-4bd2-bf64-eea4d8e07688{ip: 192.168.5.132, host: pr-hdds-1569-rzdr8-3403194166, networkLocation: /default-rack, certSerialId: null}, Type:RATIS, Factor:ONE, State:OPEN]
2019-09-19 14:40:05,045 [RatisPipelineUtilsThread] ERROR pipeline.PipelinePlacementPolicy (PipelinePlacementPolicy.java:meetCriteria(91)) - Pipeline Placement: Doesn't meet the criteria to be viable node. Heaviness: 6
2019-09-19 14:40:05,045 [RatisPipelineUtilsThread] ERROR pipeline.PipelinePlacementPolicy (PipelinePlacementPolicy.java:meetCriteria(91)) - Pipeline Placement: Doesn't meet the criteria to be viable node. Heaviness: 6
2019-09-19 14:40:05,045 [RatisPipelineUtilsThread] ERROR pipeline.PipelinePlacementPolicy (PipelinePlacementPolicy.java:meetCriteria(91)) - Pipeline Placement: Doesn't meet the criteria to be viable node. Heaviness: 6
2019-09-19 14:40:05,045 [RatisPipelineUtilsThread] ERROR pipeline.PipelinePlacementPolicy (PipelinePlacementPolicy.java:meetCriteria(91)) - Pipeline Placement: Doesn't meet the criteria to be viable node. Heaviness: 6
2019-09-19 14:40:05,045 [RatisPipelineUtilsThread] ERROR pipeline.PipelinePlacementPolicy (PipelinePlacementPolicy.java:meetCriteria(91)) - Pipeline Placement: Doesn't meet the criteria to be viable node. Heaviness: 6
2019-09-19 14:40:05,045 [RatisPipelineUtilsThread] ERROR pipeline.PipelinePlacementPolicy (PipelinePlacementPolicy.java:meetCriteria(91)) - Pipeline Placement: Doesn't meet the criteria to be viable node. Heaviness: 6
2019-09-19 14:40:05,052 [grpc-default-executor-1] INFO  impl.RaftServerProxy (RaftServerProxy.java:addNew(89)) - b84a7c4a-6ef7-4bd2-bf64-eea4d8e07688: addNew group-BD3D8A9C920B:[b84a7c4a-6ef7-4bd2-bf64-eea4d8e07688:192.168.5.132:41504] returns group-BD3D8A9C920B:java.util.concurrent.CompletableFuture@779729cd[Not completed]
2019-09-19 14:40:05,053 [pool-93-thread-1] INFO  impl.RaftServerImpl (RaftServerImpl.java:<init>(93)) - b84a7c4a-6ef7-4bd2-bf64-eea4d8e07688: new RaftServerImpl for group-BD3D8A9C920B:[b84a7c4a-6ef7-4bd2-bf64-eea4d8e07688:192.168.5.132:41504] with ContainerStateMachine:uninitialized
2019-09-19 14:40:05,053 [pool-93-thread-1] INFO  server.RaftServerConfigKeys (ConfUtils.java:logGet(43)) - raft.server.rpc.timeout.min = 5s (custom)
2019-09-19 14:40:05,054 [pool-93-thread-1] INFO  server.RaftServerConfigKeys (ConfUtils.java:logGet(43)) - raft.server.rpc.timeout.max = 5200ms (custom)
2019-09-19 14:40:05,054 [pool-93-thread-1] INFO  server.RaftServerConfigKeys (ConfUtils.java:logGet(43)) - raft.server.rpcslowness.timeout = 120s (custom)
2019-09-19 14:40:05,054 [pool-93-thread-1] INFO  server.RaftServerConfigKeys (ConfUtils.java:logGet(43)) - raft.server.sleep.deviation.threshold = 300 (default)
2019-09-19 14:40:05,054 [pool-93-thread-1] INFO  server.RaftServerConfigKeys (ConfUtils.java:logGet(43)) - raft.server.log.appender.install.snapshot.enabled = false (custom)
2019-09-19 14:40:05,054 [pool-93-thread-1] INFO  impl.RaftServerImpl (ServerState.java:<init>(105)) - b84a7c4a-6ef7-4bd2-bf64-eea4d8e07688:group-BD3D8A9C920B ConfigurationManager, init=-1: [b84a7c4a-6ef7-4bd2-bf64-eea4d8e07688:192.168.5.132:41504], old=null, confs=<EMPTY_MAP>
2019-09-19 14:40:05,054 [pool-93-thread-1] INFO  server.RaftServerConfigKeys (ConfUtils.java:logGet(43)) - raft.server.storage.dir = [/workdir/hadoop-ozone/ozonefs/target/test-dir/MiniOzoneClusterImpl-889e9801-d8cd-4d64-ad06-78e1b934daf6/datanode-6/data/ratis] (custom)
2019-09-19 14:40:05,055 [pool-93-thread-1] INFO  storage.RaftStorageDirectory (RaftStorageDirectory.java:analyzeStorage(246)) - The storage directory /workdir/hadoop-ozone/ozonefs/target/test-dir/MiniOzoneClusterImpl-889e9801-d8cd-4d64-ad06-78e1b934daf6/datanode-6/data/ratis/0392bf01-85ed-4624-ba3b-bd3d8a9c920b does not exist. Creating ...
2019-09-19 14:40:05,080 [pool-93-thread-1] INFO  storage.RaftStorageDirectory (RaftStorageDirectory.java:tryLock(328)) - Lock on /workdir/hadoop-ozone/ozonefs/target/test-dir/MiniOzoneClusterImpl-889e9801-d8cd-4d64-ad06-78e1b934daf6/datanode-6/data/ratis/0392bf01-85ed-4624-ba3b-bd3d8a9c920b/in_use.lock acquired by nodename 29702@pr-hdds-1569-rzdr8-3403194166
2019-09-19 14:40:05,104 [pool-93-thread-1] INFO  storage.RaftStorage (RaftStorage.java:format(72)) - Storage directory /workdir/hadoop-ozone/ozonefs/target/test-dir/MiniOzoneClusterImpl-889e9801-d8cd-4d64-ad06-78e1b934daf6/datanode-6/data/ratis/0392bf01-85ed-4624-ba3b-bd3d8a9c920b has been successfully formatted.
2019-09-19 14:40:05,105 [pool-93-thread-1] INFO  ratis.ContainerStateMachine (ContainerStateMachine.java:loadSnapshot(226)) - group-BD3D8A9C920B: The snapshot info is null. Setting the last applied indexto:(t:0, i:~)
2019-09-19 14:40:05,105 [pool-93-thread-1] INFO  server.RaftServerConfigKeys (ConfUtils.java:logGet(43)) - raft.server.leader.election.timeout = 120s (custom)
2019-09-19 14:40:05,105 [pool-93-thread-1] INFO  server.RaftServerConfigKeys (ConfUtils.java:logGet(43)) - raft.server.log.use.memory = false (default)
2019-09-19 14:40:05,105 [pool-93-thread-1] INFO  server.RaftServerConfigKeys (ConfUtils.java:logGet(43)) - raft.server.log.purge.gap = 1000000 (custom)
2019-09-19 14:40:05,105 [pool-93-thread-1] INFO  server.RaftServerConfigKeys (ConfUtils.java:logGet(43)) - raft.server.log.appender.buffer.byte-limit = 33554432 (custom)
2019-09-19 14:40:05,105 [pool-93-thread-1] INFO  server.RaftServerConfigKeys (ConfUtils.java:logGet(43)) - raft.server.log.segment.size.max = 1048576 (custom)
2019-09-19 14:40:05,105 [pool-93-thread-1] INFO  server.RaftServerConfigKeys (ConfUtils.java:logGet(43)) - raft.server.log.segment.cache.num.max = 2 (custom)
2019-09-19 14:40:05,106 [pool-93-thread-1] INFO  segmented.SegmentedRaftLogWorker (SegmentedRaftLogWorker.java:<init>(172)) - new b84a7c4a-6ef7-4bd2-bf64-eea4d8e07688-SegmentedRaftLogWorker:Storage Directory /workdir/hadoop-ozone/ozonefs/target/test-dir/MiniOzoneClusterImpl-889e9801-d8cd-4d64-ad06-78e1b934daf6/datanode-6/data/ratis/0392bf01-85ed-4624-ba3b-bd3d8a9c920b for RaftStorage:Storage Directory /workdir/hadoop-ozone/ozonefs/target/test-dir/MiniOzoneClusterImpl-889e9801-d8cd-4d64-ad06-78e1b934daf6/datanode-6/data/ratis/0392bf01-85ed-4624-ba3b-bd3d8a9c920b
2019-09-19 14:40:05,106 [pool-93-thread-1] INFO  server.RaftServerConfigKeys (ConfUtils.java:logGet(43)) - raft.server.log.queue.byte-limit = 2147483647 (custom)
2019-09-19 14:40:05,106 [pool-93-thread-1] INFO  server.RaftServerConfigKeys (ConfUtils.java:logGet(43)) - raft.server.log.queue.element-limit = 1024 (custom)
2019-09-19 14:40:05,106 [pool-93-thread-1] INFO  server.RaftServerConfigKeys (ConfUtils.java:logGet(43)) - raft.server.log.segment.size.max = 1048576 (custom)
2019-09-19 14:40:05,106 [pool-93-thread-1] INFO  server.RaftServerConfigKeys (ConfUtils.java:logGet(43)) - raft.server.log.preallocated.size = 16384 (custom)
2019-09-19 14:40:05,106 [pool-93-thread-1] INFO  server.RaftServerConfigKeys (ConfUtils.java:logGet(43)) - raft.server.log.write.buffer.size = 33554432 (custom)
2019-09-19 14:40:05,106 [pool-93-thread-1] INFO  server.RaftServerConfigKeys (ConfUtils.java:logGet(43)) - raft.server.log.force.sync.num = 128 (default)
2019-09-19 14:40:05,106 [pool-93-thread-1] INFO  server.RaftServerConfigKeys (ConfUtils.java:logGet(43)) - raft.server.log.statemachine.data.sync = true (default)
2019-09-19 14:40:05,107 [pool-93-thread-1] INFO  server.RaftServerConfigKeys (ConfUtils.java:logGet(43)) - raft.server.log.statemachine.data.sync.timeout = 10s (default)
2019-09-19 14:40:05,107 [pool-93-thread-1] INFO  server.RaftServerConfigKeys (ConfUtils.java:logGet(43)) - raft.server.log.statemachine.data.sync.timeout.retry = -1 (default)
2019-09-19 14:40:05,107 [pool-93-thread-1] INFO  server.RaftServerConfigKeys (ConfUtils.java:logGet(43)) - raft.server.log.statemachine.data.caching.enabled = true (custom)
2019-09-19 14:40:05,107 [pool-93-thread-1] INFO  segmented.SegmentedRaftLogWorker (SegmentedRaftLogWorker.java:lambda$new$0(132)) - b84a7c4a-6ef7-4bd2-bf64-eea4d8e07688-SegmentedRaftLogWorker:Storage Directory /workdir/hadoop-ozone/ozonefs/target/test-dir/MiniOzoneClusterImpl-889e9801-d8cd-4d64-ad06-78e1b934daf6/datanode-6/data/ratis/0392bf01-85ed-4624-ba3b-bd3d8a9c920b: flushIndex: setUnconditionally 0 -> -1
2019-09-19 14:40:05,108 [pool-93-thread-1] INFO  server.RaftServerConfigKeys (ConfUtils.java:logGet(43)) - raft.server.snapshot.auto.trigger.enabled = true (custom)
2019-09-19 14:40:05,108 [pool-93-thread-1] INFO  server.RaftServerConfigKeys (ConfUtils.java:logGet(43)) - raft.server.snapshot.auto.trigger.threshold = 10000 (custom)
2019-09-19 14:40:05,108 [pool-93-thread-1] INFO  server.RaftServerConfigKeys (ConfUtils.java:logGet(43)) - raft.server.retrycache.expirytime = 600000ms (custom)
2019-09-19 14:40:05,108 [pool-93-thread-1] INFO  impl.RaftServerImpl (RaftServerImpl.java:start(180)) - b84a7c4a-6ef7-4bd2-bf64-eea4d8e07688: start group-BD3D8A9C920B
2019-09-19 14:40:05,108 [pool-93-thread-1] INFO  impl.RaftServerImpl (RaftServerImpl.java:setRole(171)) - b84a7c4a-6ef7-4bd2-bf64-eea4d8e07688:group-BD3D8A9C920B changes role from null to FOLLOWER at term 0 for startAsFollower
2019-09-19 14:40:05,108 [pool-93-thread-1] INFO  impl.RoleInfo (RoleInfo.java:updateAndGet(143)) - b84a7c4a-6ef7-4bd2-bf64-eea4d8e07688: start FollowerState
2019-09-19 14:40:05,109 [pool-93-thread-1] INFO  util.JmxRegister (JmxRegister.java:tryRegister(44)) - Successfully registered JMX Bean with object name Ratis:service=RaftServer,group=group-BD3D8A9C920B,id=b84a7c4a-6ef7-4bd2-bf64-eea4d8e07688
2019-09-19 14:40:05,112 [RatisPipelineUtilsThread] INFO  pipeline.PipelineStateManager (PipelineStateManager.java:addPipeline(56)) - Created pipeline Pipeline[ Id: 0392bf01-85ed-4624-ba3b-bd3d8a9c920b, Nodes: b84a7c4a-6ef7-4bd2-bf64-eea4d8e07688{ip: 192.168.5.132, host: pr-hdds-1569-rzdr8-3403194166, networkLocation: /default-rack, certSerialId: null}, Type:RATIS, Factor:ONE, State:OPEN]
2019-09-19 14:40:05,112 [RatisPipelineUtilsThread] ERROR pipeline.PipelinePlacementPolicy (PipelinePlacementPolicy.java:meetCriteria(91)) - Pipeline Placement: Doesn't meet the criteria to be viable node. Heaviness: 6
2019-09-19 14:40:05,112 [RatisPipelineUtilsThread] ERROR pipeline.PipelinePlacementPolicy (PipelinePlacementPolicy.java:meetCriteria(91)) - Pipeline Placement: Doesn't meet the criteria to be viable node. Heaviness: 6
2019-09-19 14:40:05,113 [RatisPipelineUtilsThread] ERROR pipeline.PipelinePlacementPolicy (PipelinePlacementPolicy.java:meetCriteria(91)) - Pipeline Placement: Doesn't meet the criteria to be viable node. Heaviness: 6
2019-09-19 14:40:05,113 [RatisPipelineUtilsThread] ERROR pipeline.PipelinePlacementPolicy (PipelinePlacementPolicy.java:meetCriteria(91)) - Pipeline Placement: Doesn't meet the criteria to be viable node. Heaviness: 6
2019-09-19 14:40:05,113 [RatisPipelineUtilsThread] ERROR pipeline.PipelinePlacementPolicy (PipelinePlacementPolicy.java:meetCriteria(91)) - Pipeline Placement: Doesn't meet the criteria to be viable node. Heaviness: 6
2019-09-19 14:40:05,113 [RatisPipelineUtilsThread] ERROR pipeline.PipelinePlacementPolicy (PipelinePlacementPolicy.java:meetCriteria(91)) - Pipeline Placement: Doesn't meet the criteria to be viable node. Heaviness: 6
2019-09-19 14:40:05,113 [RatisPipelineUtilsThread] ERROR pipeline.PipelinePlacementPolicy (PipelinePlacementPolicy.java:meetCriteria(91)) - Pipeline Placement: Doesn't meet the criteria to be viable node. Heaviness: 6
2019-09-19 14:40:05,118 [grpc-default-executor-1] INFO  impl.RaftServerProxy (RaftServerProxy.java:addNew(89)) - 942b50b4-c7bf-487c-9057-9f9e637dbe53: addNew group-07C1D3A793DC:[942b50b4-c7bf-487c-9057-9f9e637dbe53:192.168.5.132:34014] returns group-07C1D3A793DC:java.util.concurrent.CompletableFuture@6ee352d0[Not completed]
2019-09-19 14:40:05,119 [pool-127-thread-1] INFO  impl.RaftServerImpl (RaftServerImpl.java:<init>(93)) - 942b50b4-c7bf-487c-9057-9f9e637dbe53: new RaftServerImpl for group-07C1D3A793DC:[942b50b4-c7bf-487c-9057-9f9e637dbe53:192.168.5.132:34014] with ContainerStateMachine:uninitialized
2019-09-19 14:40:05,119 [pool-127-thread-1] INFO  server.RaftServerConfigKeys (ConfUtils.java:logGet(43)) - raft.server.rpc.timeout.min = 5s (custom)
2019-09-19 14:40:05,119 [pool-127-thread-1] INFO  server.RaftServerConfigKeys (ConfUtils.java:logGet(43)) - raft.server.rpc.timeout.max = 5200ms (custom)
2019-09-19 14:40:05,119 [pool-127-thread-1] INFO  server.RaftServerConfigKeys (ConfUtils.java:logGet(43)) - raft.server.rpcslowness.timeout = 120s (custom)
2019-09-19 14:40:05,119 [pool-127-thread-1] INFO  server.RaftServerConfigKeys (ConfUtils.java:logGet(43)) - raft.server.sleep.deviation.threshold = 300 (default)
2019-09-19 14:40:05,119 [pool-127-thread-1] INFO  server.RaftServerConfigKeys (ConfUtils.java:logGet(43)) - raft.server.log.appender.install.snapshot.enabled = false (custom)
2019-09-19 14:40:05,120 [pool-127-thread-1] INFO  impl.RaftServerImpl (ServerState.java:<init>(105)) - 942b50b4-c7bf-487c-9057-9f9e637dbe53:group-07C1D3A793DC ConfigurationManager, init=-1: [942b50b4-c7bf-487c-9057-9f9e637dbe53:192.168.5.132:34014], old=null, confs=<EMPTY_MAP>
2019-09-19 14:40:05,120 [pool-127-thread-1] INFO  server.RaftServerConfigKeys (ConfUtils.java:logGet(43)) - raft.server.storage.dir = [/workdir/hadoop-ozone/ozonefs/target/test-dir/MiniOzoneClusterImpl-889e9801-d8cd-4d64-ad06-78e1b934daf6/datanode-9/data/ratis] (custom)
2019-09-19 14:40:05,120 [pool-127-thread-1] INFO  storage.RaftStorageDirectory (RaftStorageDirectory.java:analyzeStorage(246)) - The storage directory /workdir/hadoop-ozone/ozonefs/target/test-dir/MiniOzoneClusterImpl-889e9801-d8cd-4d64-ad06-78e1b934daf6/datanode-9/data/ratis/6e4214a5-9fe8-48bb-bce4-07c1d3a793dc does not exist. Creating ...
2019-09-19 14:40:05,158 [pool-127-thread-1] INFO  storage.RaftStorageDirectory (RaftStorageDirectory.java:tryLock(328)) - Lock on /workdir/hadoop-ozone/ozonefs/target/test-dir/MiniOzoneClusterImpl-889e9801-d8cd-4d64-ad06-78e1b934daf6/datanode-9/data/ratis/6e4214a5-9fe8-48bb-bce4-07c1d3a793dc/in_use.lock acquired by nodename 29702@pr-hdds-1569-rzdr8-3403194166
2019-09-19 14:40:05,201 [pool-127-thread-1] INFO  storage.RaftStorage (RaftStorage.java:format(72)) - Storage directory /workdir/hadoop-ozone/ozonefs/target/test-dir/MiniOzoneClusterImpl-889e9801-d8cd-4d64-ad06-78e1b934daf6/datanode-9/data/ratis/6e4214a5-9fe8-48bb-bce4-07c1d3a793dc has been successfully formatted.
2019-09-19 14:40:05,201 [pool-127-thread-1] INFO  ratis.ContainerStateMachine (ContainerStateMachine.java:loadSnapshot(226)) - group-07C1D3A793DC: The snapshot info is null. Setting the last applied indexto:(t:0, i:~)
2019-09-19 14:40:05,201 [pool-127-thread-1] INFO  server.RaftServerConfigKeys (ConfUtils.java:logGet(43)) - raft.server.leader.election.timeout = 120s (custom)
2019-09-19 14:40:05,202 [pool-127-thread-1] INFO  server.RaftServerConfigKeys (ConfUtils.java:logGet(43)) - raft.server.log.use.memory = false (default)
2019-09-19 14:40:05,202 [pool-127-thread-1] INFO  server.RaftServerConfigKeys (ConfUtils.java:logGet(43)) - raft.server.log.purge.gap = 1000000 (custom)
2019-09-19 14:40:05,202 [pool-127-thread-1] INFO  server.RaftServerConfigKeys (ConfUtils.java:logGet(43)) - raft.server.log.appender.buffer.byte-limit = 33554432 (custom)
2019-09-19 14:40:05,202 [pool-127-thread-1] INFO  server.RaftServerConfigKeys (ConfUtils.java:logGet(43)) - raft.server.log.segment.size.max = 1048576 (custom)
2019-09-19 14:40:05,202 [pool-127-thread-1] INFO  server.RaftServerConfigKeys (ConfUtils.java:logGet(43)) - raft.server.log.segment.cache.num.max = 2 (custom)
2019-09-19 14:40:05,202 [pool-127-thread-1] INFO  segmented.SegmentedRaftLogWorker (SegmentedRaftLogWorker.java:<init>(172)) - new 942b50b4-c7bf-487c-9057-9f9e637dbe53-SegmentedRaftLogWorker:Storage Directory /workdir/hadoop-ozone/ozonefs/target/test-dir/MiniOzoneClusterImpl-889e9801-d8cd-4d64-ad06-78e1b934daf6/datanode-9/data/ratis/6e4214a5-9fe8-48bb-bce4-07c1d3a793dc for RaftStorage:Storage Directory /workdir/hadoop-ozone/ozonefs/target/test-dir/MiniOzoneClusterImpl-889e9801-d8cd-4d64-ad06-78e1b934daf6/datanode-9/data/ratis/6e4214a5-9fe8-48bb-bce4-07c1d3a793dc
2019-09-19 14:40:05,202 | INFO  | SCMAudit | user=jenkins1000 | ip=192.168.5.132 | op=SEND_HEARTBEAT {datanodeUUID=a1dec692-f01d-4dc4-b8c6-c1af31f4a539, command=[]} | ret=SUCCESS |  
2019-09-19 14:40:05,203 [pool-127-thread-1] INFO  server.RaftServerConfigKeys (ConfUtils.java:logGet(43)) - raft.server.log.queue.byte-limit = 2147483647 (custom)
2019-09-19 14:40:05,203 [pool-127-thread-1] INFO  server.RaftServerConfigKeys (ConfUtils.java:logGet(43)) - raft.server.log.queue.element-limit = 1024 (custom)
2019-09-19 14:40:05,203 [pool-127-thread-1] INFO  server.RaftServerConfigKeys (ConfUtils.java:logGet(43)) - raft.server.log.segment.size.max = 1048576 (custom)
2019-09-19 14:40:05,203 [pool-127-thread-1] INFO  server.RaftServerConfigKeys (ConfUtils.java:logGet(43)) - raft.server.log.preallocated.size = 16384 (custom)
2019-09-19 14:40:05,203 [pool-127-thread-1] INFO  server.RaftServerConfigKeys (ConfUtils.java:logGet(43)) - raft.server.log.write.buffer.size = 33554432 (custom)
2019-09-19 14:40:05,203 [pool-127-thread-1] INFO  server.RaftServerConfigKeys (ConfUtils.java:logGet(43)) - raft.server.log.force.sync.num = 128 (default)
2019-09-19 14:40:05,203 [pool-127-thread-1] INFO  server.RaftServerConfigKeys (ConfUtils.java:logGet(43)) - raft.server.log.statemachine.data.sync = true (default)
2019-09-19 14:40:05,204 [pool-127-thread-1] INFO  server.RaftServerConfigKeys (ConfUtils.java:logGet(43)) - raft.server.log.statemachine.data.sync.timeout = 10s (default)
2019-09-19 14:40:05,204 [pool-127-thread-1] INFO  server.RaftServerConfigKeys (ConfUtils.java:logGet(43)) - raft.server.log.statemachine.data.sync.timeout.retry = -1 (default)
2019-09-19 14:40:05,204 [pool-127-thread-1] INFO  server.RaftServerConfigKeys (ConfUtils.java:logGet(43)) - raft.server.log.statemachine.data.caching.enabled = true (custom)
2019-09-19 14:40:05,204 [pool-127-thread-1] INFO  segmented.SegmentedRaftLogWorker (SegmentedRaftLogWorker.java:lambda$new$0(132)) - 942b50b4-c7bf-487c-9057-9f9e637dbe53-SegmentedRaftLogWorker:Storage Directory /workdir/hadoop-ozone/ozonefs/target/test-dir/MiniOzoneClusterImpl-889e9801-d8cd-4d64-ad06-78e1b934daf6/datanode-9/data/ratis/6e4214a5-9fe8-48bb-bce4-07c1d3a793dc: flushIndex: setUnconditionally 0 -> -1
2019-09-19 14:40:05,205 [pool-127-thread-1] INFO  server.RaftServerConfigKeys (ConfUtils.java:logGet(43)) - raft.server.snapshot.auto.trigger.enabled = true (custom)
2019-09-19 14:40:05,205 [pool-127-thread-1] INFO  server.RaftServerConfigKeys (ConfUtils.java:logGet(43)) - raft.server.snapshot.auto.trigger.threshold = 10000 (custom)
2019-09-19 14:40:05,205 [pool-127-thread-1] INFO  server.RaftServerConfigKeys (ConfUtils.java:logGet(43)) - raft.server.retrycache.expirytime = 600000ms (custom)
2019-09-19 14:40:05,205 [pool-127-thread-1] INFO  impl.RaftServerImpl (RaftServerImpl.java:start(180)) - 942b50b4-c7bf-487c-9057-9f9e637dbe53: start group-07C1D3A793DC
2019-09-19 14:40:05,205 [pool-127-thread-1] INFO  impl.RaftServerImpl (RaftServerImpl.java:setRole(171)) - 942b50b4-c7bf-487c-9057-9f9e637dbe53:group-07C1D3A793DC changes role from null to FOLLOWER at term 0 for startAsFollower
2019-09-19 14:40:05,205 [pool-127-thread-1] INFO  impl.RoleInfo (RoleInfo.java:updateAndGet(143)) - 942b50b4-c7bf-487c-9057-9f9e637dbe53: start FollowerState
2019-09-19 14:40:05,206 [pool-127-thread-1] INFO  util.JmxRegister (JmxRegister.java:tryRegister(44)) - Successfully registered JMX Bean with object name Ratis:service=RaftServer,group=group-07C1D3A793DC,id=942b50b4-c7bf-487c-9057-9f9e637dbe53
2019-09-19 14:40:05,209 [RatisPipelineUtilsThread] INFO  pipeline.PipelineStateManager (PipelineStateManager.java:addPipeline(56)) - Created pipeline Pipeline[ Id: 6e4214a5-9fe8-48bb-bce4-07c1d3a793dc, Nodes: 942b50b4-c7bf-487c-9057-9f9e637dbe53{ip: 192.168.5.132, host: pr-hdds-1569-rzdr8-3403194166, networkLocation: /default-rack, certSerialId: null}, Type:RATIS, Factor:ONE, State:OPEN]
2019-09-19 14:40:05,209 [RatisPipelineUtilsThread] ERROR pipeline.PipelinePlacementPolicy (PipelinePlacementPolicy.java:meetCriteria(91)) - Pipeline Placement: Doesn't meet the criteria to be viable node. Heaviness: 6
2019-09-19 14:40:05,209 [RatisPipelineUtilsThread] ERROR pipeline.PipelinePlacementPolicy (PipelinePlacementPolicy.java:meetCriteria(91)) - Pipeline Placement: Doesn't meet the criteria to be viable node. Heaviness: 6
2019-09-19 14:40:05,209 [RatisPipelineUtilsThread] ERROR pipeline.PipelinePlacementPolicy (PipelinePlacementPolicy.java:meetCriteria(91)) - Pipeline Placement: Doesn't meet the criteria to be viable node. Heaviness: 6
2019-09-19 14:40:05,209 [RatisPipelineUtilsThread] ERROR pipeline.PipelinePlacementPolicy (PipelinePlacementPolicy.java:meetCriteria(91)) - Pipeline Placement: Doesn't meet the criteria to be viable node. Heaviness: 6
2019-09-19 14:40:05,210 [RatisPipelineUtilsThread] ERROR pipeline.PipelinePlacementPolicy (PipelinePlacementPolicy.java:meetCriteria(91)) - Pipeline Placement: Doesn't meet the criteria to be viable node. Heaviness: 6
2019-09-19 14:40:05,210 [RatisPipelineUtilsThread] ERROR pipeline.PipelinePlacementPolicy (PipelinePlacementPolicy.java:meetCriteria(91)) - Pipeline Placement: Doesn't meet the criteria to be viable node. Heaviness: 6
2019-09-19 14:40:05,210 [RatisPipelineUtilsThread] ERROR pipeline.PipelinePlacementPolicy (PipelinePlacementPolicy.java:meetCriteria(91)) - Pipeline Placement: Doesn't meet the criteria to be viable node. Heaviness: 6
2019-09-19 14:40:05,216 [grpc-default-executor-1] INFO  impl.RaftServerProxy (RaftServerProxy.java:addNew(89)) - 7bfd0aba-89d9-48be-a848-6a4500b14ddf: addNew group-0D995CD0ABE8:[7bfd0aba-89d9-48be-a848-6a4500b14ddf:192.168.5.132:45019] returns group-0D995CD0ABE8:java.util.concurrent.CompletableFuture@2c1850b7[Not completed]
2019-09-19 14:40:05,217 [pool-115-thread-1] INFO  impl.RaftServerImpl (RaftServerImpl.java:<init>(93)) - 7bfd0aba-89d9-48be-a848-6a4500b14ddf: new RaftServerImpl for group-0D995CD0ABE8:[7bfd0aba-89d9-48be-a848-6a4500b14ddf:192.168.5.132:45019] with ContainerStateMachine:uninitialized
2019-09-19 14:40:05,217 [pool-115-thread-1] INFO  server.RaftServerConfigKeys (ConfUtils.java:logGet(43)) - raft.server.rpc.timeout.min = 5s (custom)
2019-09-19 14:40:05,218 [pool-115-thread-1] INFO  server.RaftServerConfigKeys (ConfUtils.java:logGet(43)) - raft.server.rpc.timeout.max = 5200ms (custom)
2019-09-19 14:40:05,218 [pool-115-thread-1] INFO  server.RaftServerConfigKeys (ConfUtils.java:logGet(43)) - raft.server.rpcslowness.timeout = 120s (custom)
2019-09-19 14:40:05,218 [pool-115-thread-1] INFO  server.RaftServerConfigKeys (ConfUtils.java:logGet(43)) - raft.server.sleep.deviation.threshold = 300 (default)
2019-09-19 14:40:05,218 [pool-115-thread-1] INFO  server.RaftServerConfigKeys (ConfUtils.java:logGet(43)) - raft.server.log.appender.install.snapshot.enabled = false (custom)
2019-09-19 14:40:05,218 [pool-115-thread-1] INFO  impl.RaftServerImpl (ServerState.java:<init>(105)) - 7bfd0aba-89d9-48be-a848-6a4500b14ddf:group-0D995CD0ABE8 ConfigurationManager, init=-1: [7bfd0aba-89d9-48be-a848-6a4500b14ddf:192.168.5.132:45019], old=null, confs=<EMPTY_MAP>
2019-09-19 14:40:05,218 [pool-115-thread-1] INFO  server.RaftServerConfigKeys (ConfUtils.java:logGet(43)) - raft.server.storage.dir = [/workdir/hadoop-ozone/ozonefs/target/test-dir/MiniOzoneClusterImpl-889e9801-d8cd-4d64-ad06-78e1b934daf6/datanode-8/data/ratis] (custom)
2019-09-19 14:40:05,219 [pool-115-thread-1] INFO  storage.RaftStorageDirectory (RaftStorageDirectory.java:analyzeStorage(246)) - The storage directory /workdir/hadoop-ozone/ozonefs/target/test-dir/MiniOzoneClusterImpl-889e9801-d8cd-4d64-ad06-78e1b934daf6/datanode-8/data/ratis/94103975-c926-4c7c-850b-0d995cd0abe8 does not exist. Creating ...
2019-09-19 14:40:05,243 [pool-115-thread-1] INFO  storage.RaftStorageDirectory (RaftStorageDirectory.java:tryLock(328)) - Lock on /workdir/hadoop-ozone/ozonefs/target/test-dir/MiniOzoneClusterImpl-889e9801-d8cd-4d64-ad06-78e1b934daf6/datanode-8/data/ratis/94103975-c926-4c7c-850b-0d995cd0abe8/in_use.lock acquired by nodename 29702@pr-hdds-1569-rzdr8-3403194166
2019-09-19 14:40:05,268 [pool-115-thread-1] INFO  storage.RaftStorage (RaftStorage.java:format(72)) - Storage directory /workdir/hadoop-ozone/ozonefs/target/test-dir/MiniOzoneClusterImpl-889e9801-d8cd-4d64-ad06-78e1b934daf6/datanode-8/data/ratis/94103975-c926-4c7c-850b-0d995cd0abe8 has been successfully formatted.
2019-09-19 14:40:05,269 [pool-115-thread-1] INFO  ratis.ContainerStateMachine (ContainerStateMachine.java:loadSnapshot(226)) - group-0D995CD0ABE8: The snapshot info is null. Setting the last applied indexto:(t:0, i:~)
2019-09-19 14:40:05,269 [pool-115-thread-1] INFO  server.RaftServerConfigKeys (ConfUtils.java:logGet(43)) - raft.server.leader.election.timeout = 120s (custom)
2019-09-19 14:40:05,269 [pool-115-thread-1] INFO  server.RaftServerConfigKeys (ConfUtils.java:logGet(43)) - raft.server.log.use.memory = false (default)
2019-09-19 14:40:05,269 [pool-115-thread-1] INFO  server.RaftServerConfigKeys (ConfUtils.java:logGet(43)) - raft.server.log.purge.gap = 1000000 (custom)
2019-09-19 14:40:05,269 [pool-115-thread-1] INFO  server.RaftServerConfigKeys (ConfUtils.java:logGet(43)) - raft.server.log.appender.buffer.byte-limit = 33554432 (custom)
2019-09-19 14:40:05,269 [pool-115-thread-1] INFO  server.RaftServerConfigKeys (ConfUtils.java:logGet(43)) - raft.server.log.segment.size.max = 1048576 (custom)
2019-09-19 14:40:05,269 [pool-115-thread-1] INFO  server.RaftServerConfigKeys (ConfUtils.java:logGet(43)) - raft.server.log.segment.cache.num.max = 2 (custom)
2019-09-19 14:40:05,269 [pool-115-thread-1] INFO  segmented.SegmentedRaftLogWorker (SegmentedRaftLogWorker.java:<init>(172)) - new 7bfd0aba-89d9-48be-a848-6a4500b14ddf-SegmentedRaftLogWorker:Storage Directory /workdir/hadoop-ozone/ozonefs/target/test-dir/MiniOzoneClusterImpl-889e9801-d8cd-4d64-ad06-78e1b934daf6/datanode-8/data/ratis/94103975-c926-4c7c-850b-0d995cd0abe8 for RaftStorage:Storage Directory /workdir/hadoop-ozone/ozonefs/target/test-dir/MiniOzoneClusterImpl-889e9801-d8cd-4d64-ad06-78e1b934daf6/datanode-8/data/ratis/94103975-c926-4c7c-850b-0d995cd0abe8
2019-09-19 14:40:05,270 [pool-115-thread-1] INFO  server.RaftServerConfigKeys (ConfUtils.java:logGet(43)) - raft.server.log.queue.byte-limit = 2147483647 (custom)
2019-09-19 14:40:05,270 [pool-115-thread-1] INFO  server.RaftServerConfigKeys (ConfUtils.java:logGet(43)) - raft.server.log.queue.element-limit = 1024 (custom)
2019-09-19 14:40:05,270 [pool-115-thread-1] INFO  server.RaftServerConfigKeys (ConfUtils.java:logGet(43)) - raft.server.log.segment.size.max = 1048576 (custom)
2019-09-19 14:40:05,270 [pool-115-thread-1] INFO  server.RaftServerConfigKeys (ConfUtils.java:logGet(43)) - raft.server.log.preallocated.size = 16384 (custom)
2019-09-19 14:40:05,270 [pool-115-thread-1] INFO  server.RaftServerConfigKeys (ConfUtils.java:logGet(43)) - raft.server.log.write.buffer.size = 33554432 (custom)
2019-09-19 14:40:05,270 [pool-115-thread-1] INFO  server.RaftServerConfigKeys (ConfUtils.java:logGet(43)) - raft.server.log.force.sync.num = 128 (default)
2019-09-19 14:40:05,270 [pool-115-thread-1] INFO  server.RaftServerConfigKeys (ConfUtils.java:logGet(43)) - raft.server.log.statemachine.data.sync = true (default)
2019-09-19 14:40:05,270 [pool-115-thread-1] INFO  server.RaftServerConfigKeys (ConfUtils.java:logGet(43)) - raft.server.log.statemachine.data.sync.timeout = 10s (default)
2019-09-19 14:40:05,270 [pool-115-thread-1] INFO  server.RaftServerConfigKeys (ConfUtils.java:logGet(43)) - raft.server.log.statemachine.data.sync.timeout.retry = -1 (default)
2019-09-19 14:40:05,271 [pool-115-thread-1] INFO  server.RaftServerConfigKeys (ConfUtils.java:logGet(43)) - raft.server.log.statemachine.data.caching.enabled = true (custom)
2019-09-19 14:40:05,271 [pool-115-thread-1] INFO  segmented.SegmentedRaftLogWorker (SegmentedRaftLogWorker.java:lambda$new$0(132)) - 7bfd0aba-89d9-48be-a848-6a4500b14ddf-SegmentedRaftLogWorker:Storage Directory /workdir/hadoop-ozone/ozonefs/target/test-dir/MiniOzoneClusterImpl-889e9801-d8cd-4d64-ad06-78e1b934daf6/datanode-8/data/ratis/94103975-c926-4c7c-850b-0d995cd0abe8: flushIndex: setUnconditionally 0 -> -1
2019-09-19 14:40:05,271 [pool-115-thread-1] INFO  server.RaftServerConfigKeys (ConfUtils.java:logGet(43)) - raft.server.snapshot.auto.trigger.enabled = true (custom)
2019-09-19 14:40:05,271 [pool-115-thread-1] INFO  server.RaftServerConfigKeys (ConfUtils.java:logGet(43)) - raft.server.snapshot.auto.trigger.threshold = 10000 (custom)
2019-09-19 14:40:05,271 [pool-115-thread-1] INFO  server.RaftServerConfigKeys (ConfUtils.java:logGet(43)) - raft.server.retrycache.expirytime = 600000ms (custom)
2019-09-19 14:40:05,271 [pool-115-thread-1] INFO  impl.RaftServerImpl (RaftServerImpl.java:start(180)) - 7bfd0aba-89d9-48be-a848-6a4500b14ddf: start group-0D995CD0ABE8
2019-09-19 14:40:05,272 [pool-115-thread-1] INFO  impl.RaftServerImpl (RaftServerImpl.java:setRole(171)) - 7bfd0aba-89d9-48be-a848-6a4500b14ddf:group-0D995CD0ABE8 changes role from null to FOLLOWER at term 0 for startAsFollower
2019-09-19 14:40:05,272 [pool-115-thread-1] INFO  impl.RoleInfo (RoleInfo.java:updateAndGet(143)) - 7bfd0aba-89d9-48be-a848-6a4500b14ddf: start FollowerState
2019-09-19 14:40:05,272 [pool-115-thread-1] INFO  util.JmxRegister (JmxRegister.java:tryRegister(44)) - Successfully registered JMX Bean with object name Ratis:service=RaftServer,group=group-0D995CD0ABE8,id=7bfd0aba-89d9-48be-a848-6a4500b14ddf
2019-09-19 14:40:05,275 [RatisPipelineUtilsThread] INFO  pipeline.PipelineStateManager (PipelineStateManager.java:addPipeline(56)) - Created pipeline Pipeline[ Id: 94103975-c926-4c7c-850b-0d995cd0abe8, Nodes: 7bfd0aba-89d9-48be-a848-6a4500b14ddf{ip: 192.168.5.132, host: pr-hdds-1569-rzdr8-3403194166, networkLocation: /default-rack, certSerialId: null}, Type:RATIS, Factor:ONE, State:OPEN]
2019-09-19 14:40:05,275 [RatisPipelineUtilsThread] ERROR pipeline.PipelinePlacementPolicy (PipelinePlacementPolicy.java:meetCriteria(91)) - Pipeline Placement: Doesn't meet the criteria to be viable node. Heaviness: 6
2019-09-19 14:40:05,275 [RatisPipelineUtilsThread] ERROR pipeline.PipelinePlacementPolicy (PipelinePlacementPolicy.java:meetCriteria(91)) - Pipeline Placement: Doesn't meet the criteria to be viable node. Heaviness: 6
2019-09-19 14:40:05,276 [RatisPipelineUtilsThread] ERROR pipeline.PipelinePlacementPolicy (PipelinePlacementPolicy.java:meetCriteria(91)) - Pipeline Placement: Doesn't meet the criteria to be viable node. Heaviness: 6
2019-09-19 14:40:05,276 [RatisPipelineUtilsThread] ERROR pipeline.PipelinePlacementPolicy (PipelinePlacementPolicy.java:meetCriteria(91)) - Pipeline Placement: Doesn't meet the criteria to be viable node. Heaviness: 6
2019-09-19 14:40:05,276 [RatisPipelineUtilsThread] ERROR pipeline.PipelinePlacementPolicy (PipelinePlacementPolicy.java:meetCriteria(91)) - Pipeline Placement: Doesn't meet the criteria to be viable node. Heaviness: 6
2019-09-19 14:40:05,276 [RatisPipelineUtilsThread] ERROR pipeline.PipelinePlacementPolicy (PipelinePlacementPolicy.java:meetCriteria(91)) - Pipeline Placement: Doesn't meet the criteria to be viable node. Heaviness: 6
2019-09-19 14:40:05,276 [RatisPipelineUtilsThread] ERROR pipeline.PipelinePlacementPolicy (PipelinePlacementPolicy.java:meetCriteria(91)) - Pipeline Placement: Doesn't meet the criteria to be viable node. Heaviness: 6
2019-09-19 14:40:05,278 | INFO  | SCMAudit | user=jenkins1000 | ip=192.168.5.132 | op=SEND_HEARTBEAT {datanodeUUID=f70b6c3b-be29-4a26-a238-fb2d839120cd, command=[]} | ret=SUCCESS |  
2019-09-19 14:40:05,281 [grpc-default-executor-1] INFO  impl.RaftServerProxy (RaftServerProxy.java:addNew(89)) - 7bfd0aba-89d9-48be-a848-6a4500b14ddf: addNew group-47800A5D42C0:[7bfd0aba-89d9-48be-a848-6a4500b14ddf:192.168.5.132:45019] returns group-47800A5D42C0:java.util.concurrent.CompletableFuture@2e4fce6[Not completed]
2019-09-19 14:40:05,282 [pool-115-thread-1] INFO  impl.RaftServerImpl (RaftServerImpl.java:<init>(93)) - 7bfd0aba-89d9-48be-a848-6a4500b14ddf: new RaftServerImpl for group-47800A5D42C0:[7bfd0aba-89d9-48be-a848-6a4500b14ddf:192.168.5.132:45019] with ContainerStateMachine:uninitialized
2019-09-19 14:40:05,282 [pool-115-thread-1] INFO  server.RaftServerConfigKeys (ConfUtils.java:logGet(43)) - raft.server.rpc.timeout.min = 5s (custom)
2019-09-19 14:40:05,282 [pool-115-thread-1] INFO  server.RaftServerConfigKeys (ConfUtils.java:logGet(43)) - raft.server.rpc.timeout.max = 5200ms (custom)
2019-09-19 14:40:05,283 [pool-115-thread-1] INFO  server.RaftServerConfigKeys (ConfUtils.java:logGet(43)) - raft.server.rpcslowness.timeout = 120s (custom)
2019-09-19 14:40:05,283 [pool-115-thread-1] INFO  server.RaftServerConfigKeys (ConfUtils.java:logGet(43)) - raft.server.sleep.deviation.threshold = 300 (default)
2019-09-19 14:40:05,283 [pool-115-thread-1] INFO  server.RaftServerConfigKeys (ConfUtils.java:logGet(43)) - raft.server.log.appender.install.snapshot.enabled = false (custom)
2019-09-19 14:40:05,283 [pool-115-thread-1] INFO  impl.RaftServerImpl (ServerState.java:<init>(105)) - 7bfd0aba-89d9-48be-a848-6a4500b14ddf:group-47800A5D42C0 ConfigurationManager, init=-1: [7bfd0aba-89d9-48be-a848-6a4500b14ddf:192.168.5.132:45019], old=null, confs=<EMPTY_MAP>
2019-09-19 14:40:05,283 [pool-115-thread-1] INFO  server.RaftServerConfigKeys (ConfUtils.java:logGet(43)) - raft.server.storage.dir = [/workdir/hadoop-ozone/ozonefs/target/test-dir/MiniOzoneClusterImpl-889e9801-d8cd-4d64-ad06-78e1b934daf6/datanode-8/data/ratis] (custom)
2019-09-19 14:40:05,283 [pool-115-thread-1] INFO  storage.RaftStorageDirectory (RaftStorageDirectory.java:analyzeStorage(246)) - The storage directory /workdir/hadoop-ozone/ozonefs/target/test-dir/MiniOzoneClusterImpl-889e9801-d8cd-4d64-ad06-78e1b934daf6/datanode-8/data/ratis/99022dd2-873d-4dd8-9991-47800a5d42c0 does not exist. Creating ...
2019-09-19 14:40:05,310 [pool-115-thread-1] INFO  storage.RaftStorageDirectory (RaftStorageDirectory.java:tryLock(328)) - Lock on /workdir/hadoop-ozone/ozonefs/target/test-dir/MiniOzoneClusterImpl-889e9801-d8cd-4d64-ad06-78e1b934daf6/datanode-8/data/ratis/99022dd2-873d-4dd8-9991-47800a5d42c0/in_use.lock acquired by nodename 29702@pr-hdds-1569-rzdr8-3403194166
2019-09-19 14:40:05,336 [pool-115-thread-1] INFO  storage.RaftStorage (RaftStorage.java:format(72)) - Storage directory /workdir/hadoop-ozone/ozonefs/target/test-dir/MiniOzoneClusterImpl-889e9801-d8cd-4d64-ad06-78e1b934daf6/datanode-8/data/ratis/99022dd2-873d-4dd8-9991-47800a5d42c0 has been successfully formatted.
2019-09-19 14:40:05,336 [pool-115-thread-1] INFO  ratis.ContainerStateMachine (ContainerStateMachine.java:loadSnapshot(226)) - group-47800A5D42C0: The snapshot info is null. Setting the last applied indexto:(t:0, i:~)
2019-09-19 14:40:05,336 [pool-115-thread-1] INFO  server.RaftServerConfigKeys (ConfUtils.java:logGet(43)) - raft.server.leader.election.timeout = 120s (custom)
2019-09-19 14:40:05,336 [pool-115-thread-1] INFO  server.RaftServerConfigKeys (ConfUtils.java:logGet(43)) - raft.server.log.use.memory = false (default)
2019-09-19 14:40:05,337 [pool-115-thread-1] INFO  server.RaftServerConfigKeys (ConfUtils.java:logGet(43)) - raft.server.log.purge.gap = 1000000 (custom)
2019-09-19 14:40:05,337 [pool-115-thread-1] INFO  server.RaftServerConfigKeys (ConfUtils.java:logGet(43)) - raft.server.log.appender.buffer.byte-limit = 33554432 (custom)
2019-09-19 14:40:05,337 [pool-115-thread-1] INFO  server.RaftServerConfigKeys (ConfUtils.java:logGet(43)) - raft.server.log.segment.size.max = 1048576 (custom)
2019-09-19 14:40:05,337 [pool-115-thread-1] INFO  server.RaftServerConfigKeys (ConfUtils.java:logGet(43)) - raft.server.log.segment.cache.num.max = 2 (custom)
2019-09-19 14:40:05,337 [pool-115-thread-1] INFO  segmented.SegmentedRaftLogWorker (SegmentedRaftLogWorker.java:<init>(172)) - new 7bfd0aba-89d9-48be-a848-6a4500b14ddf-SegmentedRaftLogWorker:Storage Directory /workdir/hadoop-ozone/ozonefs/target/test-dir/MiniOzoneClusterImpl-889e9801-d8cd-4d64-ad06-78e1b934daf6/datanode-8/data/ratis/99022dd2-873d-4dd8-9991-47800a5d42c0 for RaftStorage:Storage Directory /workdir/hadoop-ozone/ozonefs/target/test-dir/MiniOzoneClusterImpl-889e9801-d8cd-4d64-ad06-78e1b934daf6/datanode-8/data/ratis/99022dd2-873d-4dd8-9991-47800a5d42c0
2019-09-19 14:40:05,337 [pool-115-thread-1] INFO  server.RaftServerConfigKeys (ConfUtils.java:logGet(43)) - raft.server.log.queue.byte-limit = 2147483647 (custom)
2019-09-19 14:40:05,337 [pool-115-thread-1] INFO  server.RaftServerConfigKeys (ConfUtils.java:logGet(43)) - raft.server.log.queue.element-limit = 1024 (custom)
2019-09-19 14:40:05,338 [pool-115-thread-1] INFO  server.RaftServerConfigKeys (ConfUtils.java:logGet(43)) - raft.server.log.segment.size.max = 1048576 (custom)
2019-09-19 14:40:05,338 [pool-115-thread-1] INFO  server.RaftServerConfigKeys (ConfUtils.java:logGet(43)) - raft.server.log.preallocated.size = 16384 (custom)
2019-09-19 14:40:05,338 [pool-115-thread-1] INFO  server.RaftServerConfigKeys (ConfUtils.java:logGet(43)) - raft.server.log.write.buffer.size = 33554432 (custom)
2019-09-19 14:40:05,338 [pool-115-thread-1] INFO  server.RaftServerConfigKeys (ConfUtils.java:logGet(43)) - raft.server.log.force.sync.num = 128 (default)
2019-09-19 14:40:05,338 [pool-115-thread-1] INFO  server.RaftServerConfigKeys (ConfUtils.java:logGet(43)) - raft.server.log.statemachine.data.sync = true (default)
2019-09-19 14:40:05,338 [pool-115-thread-1] INFO  server.RaftServerConfigKeys (ConfUtils.java:logGet(43)) - raft.server.log.statemachine.data.sync.timeout = 10s (default)
2019-09-19 14:40:05,338 [pool-115-thread-1] INFO  server.RaftServerConfigKeys (ConfUtils.java:logGet(43)) - raft.server.log.statemachine.data.sync.timeout.retry = -1 (default)
2019-09-19 14:40:05,339 [pool-115-thread-1] INFO  server.RaftServerConfigKeys (ConfUtils.java:logGet(43)) - raft.server.log.statemachine.data.caching.enabled = true (custom)
2019-09-19 14:40:05,339 [pool-115-thread-1] INFO  segmented.SegmentedRaftLogWorker (SegmentedRaftLogWorker.java:lambda$new$0(132)) - 7bfd0aba-89d9-48be-a848-6a4500b14ddf-SegmentedRaftLogWorker:Storage Directory /workdir/hadoop-ozone/ozonefs/target/test-dir/MiniOzoneClusterImpl-889e9801-d8cd-4d64-ad06-78e1b934daf6/datanode-8/data/ratis/99022dd2-873d-4dd8-9991-47800a5d42c0: flushIndex: setUnconditionally 0 -> -1
2019-09-19 14:40:05,339 [pool-115-thread-1] INFO  server.RaftServerConfigKeys (ConfUtils.java:logGet(43)) - raft.server.snapshot.auto.trigger.enabled = true (custom)
2019-09-19 14:40:05,339 [pool-115-thread-1] INFO  server.RaftServerConfigKeys (ConfUtils.java:logGet(43)) - raft.server.snapshot.auto.trigger.threshold = 10000 (custom)
2019-09-19 14:40:05,340 [pool-115-thread-1] INFO  server.RaftServerConfigKeys (ConfUtils.java:logGet(43)) - raft.server.retrycache.expirytime = 600000ms (custom)
2019-09-19 14:40:05,340 [pool-115-thread-1] INFO  impl.RaftServerImpl (RaftServerImpl.java:start(180)) - 7bfd0aba-89d9-48be-a848-6a4500b14ddf: start group-47800A5D42C0
2019-09-19 14:40:05,340 [pool-115-thread-1] INFO  impl.RaftServerImpl (RaftServerImpl.java:setRole(171)) - 7bfd0aba-89d9-48be-a848-6a4500b14ddf:group-47800A5D42C0 changes role from null to FOLLOWER at term 0 for startAsFollower
2019-09-19 14:40:05,340 [pool-115-thread-1] INFO  impl.RoleInfo (RoleInfo.java:updateAndGet(143)) - 7bfd0aba-89d9-48be-a848-6a4500b14ddf: start FollowerState
2019-09-19 14:40:05,340 [pool-115-thread-1] INFO  util.JmxRegister (JmxRegister.java:tryRegister(44)) - Successfully registered JMX Bean with object name Ratis:service=RaftServer,group=group-47800A5D42C0,id=7bfd0aba-89d9-48be-a848-6a4500b14ddf
2019-09-19 14:40:05,345 [RatisPipelineUtilsThread] INFO  pipeline.PipelineStateManager (PipelineStateManager.java:addPipeline(56)) - Created pipeline Pipeline[ Id: 99022dd2-873d-4dd8-9991-47800a5d42c0, Nodes: 7bfd0aba-89d9-48be-a848-6a4500b14ddf{ip: 192.168.5.132, host: pr-hdds-1569-rzdr8-3403194166, networkLocation: /default-rack, certSerialId: null}, Type:RATIS, Factor:ONE, State:OPEN]
2019-09-19 14:40:05,346 [RatisPipelineUtilsThread] ERROR pipeline.PipelinePlacementPolicy (PipelinePlacementPolicy.java:meetCriteria(91)) - Pipeline Placement: Doesn't meet the criteria to be viable node. Heaviness: 6
2019-09-19 14:40:05,346 [RatisPipelineUtilsThread] ERROR pipeline.PipelinePlacementPolicy (PipelinePlacementPolicy.java:meetCriteria(91)) - Pipeline Placement: Doesn't meet the criteria to be viable node. Heaviness: 6
2019-09-19 14:40:05,346 [RatisPipelineUtilsThread] ERROR pipeline.PipelinePlacementPolicy (PipelinePlacementPolicy.java:meetCriteria(91)) - Pipeline Placement: Doesn't meet the criteria to be viable node. Heaviness: 6
2019-09-19 14:40:05,346 [RatisPipelineUtilsThread] ERROR pipeline.PipelinePlacementPolicy (PipelinePlacementPolicy.java:meetCriteria(91)) - Pipeline Placement: Doesn't meet the criteria to be viable node. Heaviness: 6
2019-09-19 14:40:05,346 [RatisPipelineUtilsThread] ERROR pipeline.PipelinePlacementPolicy (PipelinePlacementPolicy.java:meetCriteria(91)) - Pipeline Placement: Doesn't meet the criteria to be viable node. Heaviness: 6
2019-09-19 14:40:05,346 [RatisPipelineUtilsThread] ERROR pipeline.PipelinePlacementPolicy (PipelinePlacementPolicy.java:meetCriteria(91)) - Pipeline Placement: Doesn't meet the criteria to be viable node. Heaviness: 6
2019-09-19 14:40:05,347 [RatisPipelineUtilsThread] ERROR pipeline.PipelinePlacementPolicy (PipelinePlacementPolicy.java:meetCriteria(91)) - Pipeline Placement: Doesn't meet the criteria to be viable node. Heaviness: 6
2019-09-19 14:40:05,352 | INFO  | SCMAudit | user=jenkins1000 | ip=192.168.5.132 | op=SEND_HEARTBEAT {datanodeUUID=7354d665-2a20-43d9-a220-6cd224d5c3fe, command=[]} | ret=SUCCESS |  
2019-09-19 14:40:05,354 [grpc-default-executor-1] INFO  impl.RaftServerProxy (RaftServerProxy.java:addNew(89)) - a1dec692-f01d-4dc4-b8c6-c1af31f4a539: addNew group-CB7ADE55A14D:[a1dec692-f01d-4dc4-b8c6-c1af31f4a539:192.168.5.132:43958] returns group-CB7ADE55A14D:java.util.concurrent.CompletableFuture@1e54d444[Not completed]
2019-09-19 14:40:05,356 [pool-104-thread-1] INFO  impl.RaftServerImpl (RaftServerImpl.java:<init>(93)) - a1dec692-f01d-4dc4-b8c6-c1af31f4a539: new RaftServerImpl for group-CB7ADE55A14D:[a1dec692-f01d-4dc4-b8c6-c1af31f4a539:192.168.5.132:43958] with ContainerStateMachine:uninitialized
2019-09-19 14:40:05,356 [pool-104-thread-1] INFO  server.RaftServerConfigKeys (ConfUtils.java:logGet(43)) - raft.server.rpc.timeout.min = 5s (custom)
2019-09-19 14:40:05,356 [pool-104-thread-1] INFO  server.RaftServerConfigKeys (ConfUtils.java:logGet(43)) - raft.server.rpc.timeout.max = 5200ms (custom)
2019-09-19 14:40:05,356 [pool-104-thread-1] INFO  server.RaftServerConfigKeys (ConfUtils.java:logGet(43)) - raft.server.rpcslowness.timeout = 120s (custom)
2019-09-19 14:40:05,357 [pool-104-thread-1] INFO  server.RaftServerConfigKeys (ConfUtils.java:logGet(43)) - raft.server.sleep.deviation.threshold = 300 (default)
2019-09-19 14:40:05,357 [pool-104-thread-1] INFO  server.RaftServerConfigKeys (ConfUtils.java:logGet(43)) - raft.server.log.appender.install.snapshot.enabled = false (custom)
2019-09-19 14:40:05,357 [pool-104-thread-1] INFO  impl.RaftServerImpl (ServerState.java:<init>(105)) - a1dec692-f01d-4dc4-b8c6-c1af31f4a539:group-CB7ADE55A14D ConfigurationManager, init=-1: [a1dec692-f01d-4dc4-b8c6-c1af31f4a539:192.168.5.132:43958], old=null, confs=<EMPTY_MAP>
2019-09-19 14:40:05,357 [pool-104-thread-1] INFO  server.RaftServerConfigKeys (ConfUtils.java:logGet(43)) - raft.server.storage.dir = [/workdir/hadoop-ozone/ozonefs/target/test-dir/MiniOzoneClusterImpl-889e9801-d8cd-4d64-ad06-78e1b934daf6/datanode-7/data/ratis] (custom)
2019-09-19 14:40:05,358 [pool-104-thread-1] INFO  storage.RaftStorageDirectory (RaftStorageDirectory.java:analyzeStorage(246)) - The storage directory /workdir/hadoop-ozone/ozonefs/target/test-dir/MiniOzoneClusterImpl-889e9801-d8cd-4d64-ad06-78e1b934daf6/datanode-7/data/ratis/588b253f-0008-4900-97e7-cb7ade55a14d does not exist. Creating ...
2019-09-19 14:40:05,386 [pool-104-thread-1] INFO  storage.RaftStorageDirectory (RaftStorageDirectory.java:tryLock(328)) - Lock on /workdir/hadoop-ozone/ozonefs/target/test-dir/MiniOzoneClusterImpl-889e9801-d8cd-4d64-ad06-78e1b934daf6/datanode-7/data/ratis/588b253f-0008-4900-97e7-cb7ade55a14d/in_use.lock acquired by nodename 29702@pr-hdds-1569-rzdr8-3403194166
2019-09-19 14:40:05,411 [pool-104-thread-1] INFO  storage.RaftStorage (RaftStorage.java:format(72)) - Storage directory /workdir/hadoop-ozone/ozonefs/target/test-dir/MiniOzoneClusterImpl-889e9801-d8cd-4d64-ad06-78e1b934daf6/datanode-7/data/ratis/588b253f-0008-4900-97e7-cb7ade55a14d has been successfully formatted.
2019-09-19 14:40:05,412 [pool-104-thread-1] INFO  ratis.ContainerStateMachine (ContainerStateMachine.java:loadSnapshot(226)) - group-CB7ADE55A14D: The snapshot info is null. Setting the last applied indexto:(t:0, i:~)
2019-09-19 14:40:05,412 [pool-104-thread-1] INFO  server.RaftServerConfigKeys (ConfUtils.java:logGet(43)) - raft.server.leader.election.timeout = 120s (custom)
2019-09-19 14:40:05,412 [pool-104-thread-1] INFO  server.RaftServerConfigKeys (ConfUtils.java:logGet(43)) - raft.server.log.use.memory = false (default)
2019-09-19 14:40:05,412 [pool-104-thread-1] INFO  server.RaftServerConfigKeys (ConfUtils.java:logGet(43)) - raft.server.log.purge.gap = 1000000 (custom)
2019-09-19 14:40:05,413 [pool-104-thread-1] INFO  server.RaftServerConfigKeys (ConfUtils.java:logGet(43)) - raft.server.log.appender.buffer.byte-limit = 33554432 (custom)
2019-09-19 14:40:05,413 [pool-104-thread-1] INFO  server.RaftServerConfigKeys (ConfUtils.java:logGet(43)) - raft.server.log.segment.size.max = 1048576 (custom)
2019-09-19 14:40:05,413 [pool-104-thread-1] INFO  server.RaftServerConfigKeys (ConfUtils.java:logGet(43)) - raft.server.log.segment.cache.num.max = 2 (custom)
2019-09-19 14:40:05,413 [pool-104-thread-1] INFO  segmented.SegmentedRaftLogWorker (SegmentedRaftLogWorker.java:<init>(172)) - new a1dec692-f01d-4dc4-b8c6-c1af31f4a539-SegmentedRaftLogWorker:Storage Directory /workdir/hadoop-ozone/ozonefs/target/test-dir/MiniOzoneClusterImpl-889e9801-d8cd-4d64-ad06-78e1b934daf6/datanode-7/data/ratis/588b253f-0008-4900-97e7-cb7ade55a14d for RaftStorage:Storage Directory /workdir/hadoop-ozone/ozonefs/target/test-dir/MiniOzoneClusterImpl-889e9801-d8cd-4d64-ad06-78e1b934daf6/datanode-7/data/ratis/588b253f-0008-4900-97e7-cb7ade55a14d
2019-09-19 14:40:05,413 [pool-104-thread-1] INFO  server.RaftServerConfigKeys (ConfUtils.java:logGet(43)) - raft.server.log.queue.byte-limit = 2147483647 (custom)
2019-09-19 14:40:05,413 [pool-104-thread-1] INFO  server.RaftServerConfigKeys (ConfUtils.java:logGet(43)) - raft.server.log.queue.element-limit = 1024 (custom)
2019-09-19 14:40:05,413 [pool-104-thread-1] INFO  server.RaftServerConfigKeys (ConfUtils.java:logGet(43)) - raft.server.log.segment.size.max = 1048576 (custom)
2019-09-19 14:40:05,414 [pool-104-thread-1] INFO  server.RaftServerConfigKeys (ConfUtils.java:logGet(43)) - raft.server.log.preallocated.size = 16384 (custom)
2019-09-19 14:40:05,414 [pool-104-thread-1] INFO  server.RaftServerConfigKeys (ConfUtils.java:logGet(43)) - raft.server.log.write.buffer.size = 33554432 (custom)
2019-09-19 14:40:05,414 [pool-104-thread-1] INFO  server.RaftServerConfigKeys (ConfUtils.java:logGet(43)) - raft.server.log.force.sync.num = 128 (default)
2019-09-19 14:40:05,414 [pool-104-thread-1] INFO  server.RaftServerConfigKeys (ConfUtils.java:logGet(43)) - raft.server.log.statemachine.data.sync = true (default)
2019-09-19 14:40:05,414 [pool-104-thread-1] INFO  server.RaftServerConfigKeys (ConfUtils.java:logGet(43)) - raft.server.log.statemachine.data.sync.timeout = 10s (default)
2019-09-19 14:40:05,414 [pool-104-thread-1] INFO  server.RaftServerConfigKeys (ConfUtils.java:logGet(43)) - raft.server.log.statemachine.data.sync.timeout.retry = -1 (default)
2019-09-19 14:40:05,415 [pool-104-thread-1] INFO  server.RaftServerConfigKeys (ConfUtils.java:logGet(43)) - raft.server.log.statemachine.data.caching.enabled = true (custom)
2019-09-19 14:40:05,415 [pool-104-thread-1] INFO  segmented.SegmentedRaftLogWorker (SegmentedRaftLogWorker.java:lambda$new$0(132)) - a1dec692-f01d-4dc4-b8c6-c1af31f4a539-SegmentedRaftLogWorker:Storage Directory /workdir/hadoop-ozone/ozonefs/target/test-dir/MiniOzoneClusterImpl-889e9801-d8cd-4d64-ad06-78e1b934daf6/datanode-7/data/ratis/588b253f-0008-4900-97e7-cb7ade55a14d: flushIndex: setUnconditionally 0 -> -1
2019-09-19 14:40:05,417 [pool-104-thread-1] INFO  server.RaftServerConfigKeys (ConfUtils.java:logGet(43)) - raft.server.snapshot.auto.trigger.enabled = true (custom)
2019-09-19 14:40:05,418 [pool-104-thread-1] INFO  server.RaftServerConfigKeys (ConfUtils.java:logGet(43)) - raft.server.snapshot.auto.trigger.threshold = 10000 (custom)
2019-09-19 14:40:05,418 [pool-104-thread-1] INFO  server.RaftServerConfigKeys (ConfUtils.java:logGet(43)) - raft.server.retrycache.expirytime = 600000ms (custom)
2019-09-19 14:40:05,418 [pool-104-thread-1] INFO  impl.RaftServerImpl (RaftServerImpl.java:start(180)) - a1dec692-f01d-4dc4-b8c6-c1af31f4a539: start group-CB7ADE55A14D
2019-09-19 14:40:05,419 [pool-104-thread-1] INFO  impl.RaftServerImpl (RaftServerImpl.java:setRole(171)) - a1dec692-f01d-4dc4-b8c6-c1af31f4a539:group-CB7ADE55A14D changes role from null to FOLLOWER at term 0 for startAsFollower
2019-09-19 14:40:05,419 [pool-104-thread-1] INFO  impl.RoleInfo (RoleInfo.java:updateAndGet(143)) - a1dec692-f01d-4dc4-b8c6-c1af31f4a539: start FollowerState
2019-09-19 14:40:05,420 [pool-104-thread-1] INFO  util.JmxRegister (JmxRegister.java:tryRegister(44)) - Successfully registered JMX Bean with object name Ratis:service=RaftServer,group=group-CB7ADE55A14D,id=a1dec692-f01d-4dc4-b8c6-c1af31f4a539
2019-09-19 14:40:05,423 [RatisPipelineUtilsThread] INFO  pipeline.PipelineStateManager (PipelineStateManager.java:addPipeline(56)) - Created pipeline Pipeline[ Id: 588b253f-0008-4900-97e7-cb7ade55a14d, Nodes: a1dec692-f01d-4dc4-b8c6-c1af31f4a539{ip: 192.168.5.132, host: pr-hdds-1569-rzdr8-3403194166, networkLocation: /default-rack, certSerialId: null}, Type:RATIS, Factor:ONE, State:OPEN]
2019-09-19 14:40:05,424 [RatisPipelineUtilsThread] ERROR pipeline.PipelinePlacementPolicy (PipelinePlacementPolicy.java:meetCriteria(91)) - Pipeline Placement: Doesn't meet the criteria to be viable node. Heaviness: 6
2019-09-19 14:40:05,424 [RatisPipelineUtilsThread] ERROR pipeline.PipelinePlacementPolicy (PipelinePlacementPolicy.java:meetCriteria(91)) - Pipeline Placement: Doesn't meet the criteria to be viable node. Heaviness: 6
2019-09-19 14:40:05,424 [RatisPipelineUtilsThread] ERROR pipeline.PipelinePlacementPolicy (PipelinePlacementPolicy.java:meetCriteria(91)) - Pipeline Placement: Doesn't meet the criteria to be viable node. Heaviness: 6
2019-09-19 14:40:05,424 [RatisPipelineUtilsThread] ERROR pipeline.PipelinePlacementPolicy (PipelinePlacementPolicy.java:meetCriteria(91)) - Pipeline Placement: Doesn't meet the criteria to be viable node. Heaviness: 6
2019-09-19 14:40:05,424 [RatisPipelineUtilsThread] ERROR pipeline.PipelinePlacementPolicy (PipelinePlacementPolicy.java:meetCriteria(91)) - Pipeline Placement: Doesn't meet the criteria to be viable node. Heaviness: 6
2019-09-19 14:40:05,425 [RatisPipelineUtilsThread] ERROR pipeline.PipelinePlacementPolicy (PipelinePlacementPolicy.java:meetCriteria(91)) - Pipeline Placement: Doesn't meet the criteria to be viable node. Heaviness: 6
2019-09-19 14:40:05,425 [RatisPipelineUtilsThread] ERROR pipeline.PipelinePlacementPolicy (PipelinePlacementPolicy.java:meetCriteria(91)) - Pipeline Placement: Doesn't meet the criteria to be viable node. Heaviness: 6
2019-09-19 14:40:05,430 [grpc-default-executor-1] INFO  impl.RaftServerProxy (RaftServerProxy.java:addNew(89)) - 942b50b4-c7bf-487c-9057-9f9e637dbe53: addNew group-5430856CAA6C:[942b50b4-c7bf-487c-9057-9f9e637dbe53:192.168.5.132:34014] returns group-5430856CAA6C:java.util.concurrent.CompletableFuture@2cb765e8[Not completed]
2019-09-19 14:40:05,432 [pool-127-thread-1] INFO  impl.RaftServerImpl (RaftServerImpl.java:<init>(93)) - 942b50b4-c7bf-487c-9057-9f9e637dbe53: new RaftServerImpl for group-5430856CAA6C:[942b50b4-c7bf-487c-9057-9f9e637dbe53:192.168.5.132:34014] with ContainerStateMachine:uninitialized
2019-09-19 14:40:05,432 [pool-127-thread-1] INFO  server.RaftServerConfigKeys (ConfUtils.java:logGet(43)) - raft.server.rpc.timeout.min = 5s (custom)
2019-09-19 14:40:05,432 [pool-127-thread-1] INFO  server.RaftServerConfigKeys (ConfUtils.java:logGet(43)) - raft.server.rpc.timeout.max = 5200ms (custom)
2019-09-19 14:40:05,432 [pool-127-thread-1] INFO  server.RaftServerConfigKeys (ConfUtils.java:logGet(43)) - raft.server.rpcslowness.timeout = 120s (custom)
2019-09-19 14:40:05,432 [pool-127-thread-1] INFO  server.RaftServerConfigKeys (ConfUtils.java:logGet(43)) - raft.server.sleep.deviation.threshold = 300 (default)
2019-09-19 14:40:05,432 [pool-127-thread-1] INFO  server.RaftServerConfigKeys (ConfUtils.java:logGet(43)) - raft.server.log.appender.install.snapshot.enabled = false (custom)
2019-09-19 14:40:05,433 [pool-127-thread-1] INFO  impl.RaftServerImpl (ServerState.java:<init>(105)) - 942b50b4-c7bf-487c-9057-9f9e637dbe53:group-5430856CAA6C ConfigurationManager, init=-1: [942b50b4-c7bf-487c-9057-9f9e637dbe53:192.168.5.132:34014], old=null, confs=<EMPTY_MAP>
2019-09-19 14:40:05,433 [pool-127-thread-1] INFO  server.RaftServerConfigKeys (ConfUtils.java:logGet(43)) - raft.server.storage.dir = [/workdir/hadoop-ozone/ozonefs/target/test-dir/MiniOzoneClusterImpl-889e9801-d8cd-4d64-ad06-78e1b934daf6/datanode-9/data/ratis] (custom)
2019-09-19 14:40:05,433 [pool-127-thread-1] INFO  storage.RaftStorageDirectory (RaftStorageDirectory.java:analyzeStorage(246)) - The storage directory /workdir/hadoop-ozone/ozonefs/target/test-dir/MiniOzoneClusterImpl-889e9801-d8cd-4d64-ad06-78e1b934daf6/datanode-9/data/ratis/8ac7356e-dbeb-456f-8d4f-5430856caa6c does not exist. Creating ...
2019-09-19 14:40:05,454 | INFO  | SCMAudit | user=jenkins1000 | ip=192.168.5.132 | op=SEND_HEARTBEAT {datanodeUUID=7bfd0aba-89d9-48be-a848-6a4500b14ddf, command=[]} | ret=SUCCESS |  
2019-09-19 14:40:05,462 [pool-127-thread-1] INFO  storage.RaftStorageDirectory (RaftStorageDirectory.java:tryLock(328)) - Lock on /workdir/hadoop-ozone/ozonefs/target/test-dir/MiniOzoneClusterImpl-889e9801-d8cd-4d64-ad06-78e1b934daf6/datanode-9/data/ratis/8ac7356e-dbeb-456f-8d4f-5430856caa6c/in_use.lock acquired by nodename 29702@pr-hdds-1569-rzdr8-3403194166
2019-09-19 14:40:05,487 [pool-127-thread-1] INFO  storage.RaftStorage (RaftStorage.java:format(72)) - Storage directory /workdir/hadoop-ozone/ozonefs/target/test-dir/MiniOzoneClusterImpl-889e9801-d8cd-4d64-ad06-78e1b934daf6/datanode-9/data/ratis/8ac7356e-dbeb-456f-8d4f-5430856caa6c has been successfully formatted.
2019-09-19 14:40:05,488 [pool-127-thread-1] INFO  ratis.ContainerStateMachine (ContainerStateMachine.java:loadSnapshot(226)) - group-5430856CAA6C: The snapshot info is null. Setting the last applied indexto:(t:0, i:~)
2019-09-19 14:40:05,488 [pool-127-thread-1] INFO  server.RaftServerConfigKeys (ConfUtils.java:logGet(43)) - raft.server.leader.election.timeout = 120s (custom)
2019-09-19 14:40:05,488 [pool-127-thread-1] INFO  server.RaftServerConfigKeys (ConfUtils.java:logGet(43)) - raft.server.log.use.memory = false (default)
2019-09-19 14:40:05,488 [pool-127-thread-1] INFO  server.RaftServerConfigKeys (ConfUtils.java:logGet(43)) - raft.server.log.purge.gap = 1000000 (custom)
2019-09-19 14:40:05,488 [pool-127-thread-1] INFO  server.RaftServerConfigKeys (ConfUtils.java:logGet(43)) - raft.server.log.appender.buffer.byte-limit = 33554432 (custom)
2019-09-19 14:40:05,489 [pool-127-thread-1] INFO  server.RaftServerConfigKeys (ConfUtils.java:logGet(43)) - raft.server.log.segment.size.max = 1048576 (custom)
2019-09-19 14:40:05,489 [pool-127-thread-1] INFO  server.RaftServerConfigKeys (ConfUtils.java:logGet(43)) - raft.server.log.segment.cache.num.max = 2 (custom)
2019-09-19 14:40:05,489 [pool-127-thread-1] INFO  segmented.SegmentedRaftLogWorker (SegmentedRaftLogWorker.java:<init>(172)) - new 942b50b4-c7bf-487c-9057-9f9e637dbe53-SegmentedRaftLogWorker:Storage Directory /workdir/hadoop-ozone/ozonefs/target/test-dir/MiniOzoneClusterImpl-889e9801-d8cd-4d64-ad06-78e1b934daf6/datanode-9/data/ratis/8ac7356e-dbeb-456f-8d4f-5430856caa6c for RaftStorage:Storage Directory /workdir/hadoop-ozone/ozonefs/target/test-dir/MiniOzoneClusterImpl-889e9801-d8cd-4d64-ad06-78e1b934daf6/datanode-9/data/ratis/8ac7356e-dbeb-456f-8d4f-5430856caa6c
2019-09-19 14:40:05,489 [pool-127-thread-1] INFO  server.RaftServerConfigKeys (ConfUtils.java:logGet(43)) - raft.server.log.queue.byte-limit = 2147483647 (custom)
2019-09-19 14:40:05,489 [pool-127-thread-1] INFO  server.RaftServerConfigKeys (ConfUtils.java:logGet(43)) - raft.server.log.queue.element-limit = 1024 (custom)
2019-09-19 14:40:05,490 [pool-127-thread-1] INFO  server.RaftServerConfigKeys (ConfUtils.java:logGet(43)) - raft.server.log.segment.size.max = 1048576 (custom)
2019-09-19 14:40:05,490 [pool-127-thread-1] INFO  server.RaftServerConfigKeys (ConfUtils.java:logGet(43)) - raft.server.log.preallocated.size = 16384 (custom)
2019-09-19 14:40:05,490 [pool-127-thread-1] INFO  server.RaftServerConfigKeys (ConfUtils.java:logGet(43)) - raft.server.log.write.buffer.size = 33554432 (custom)
2019-09-19 14:40:05,490 [pool-127-thread-1] INFO  server.RaftServerConfigKeys (ConfUtils.java:logGet(43)) - raft.server.log.force.sync.num = 128 (default)
2019-09-19 14:40:05,490 [pool-127-thread-1] INFO  server.RaftServerConfigKeys (ConfUtils.java:logGet(43)) - raft.server.log.statemachine.data.sync = true (default)
2019-09-19 14:40:05,490 [pool-127-thread-1] INFO  server.RaftServerConfigKeys (ConfUtils.java:logGet(43)) - raft.server.log.statemachine.data.sync.timeout = 10s (default)
2019-09-19 14:40:05,490 [pool-127-thread-1] INFO  server.RaftServerConfigKeys (ConfUtils.java:logGet(43)) - raft.server.log.statemachine.data.sync.timeout.retry = -1 (default)
2019-09-19 14:40:05,491 [pool-127-thread-1] INFO  server.RaftServerConfigKeys (ConfUtils.java:logGet(43)) - raft.server.log.statemachine.data.caching.enabled = true (custom)
2019-09-19 14:40:05,491 [pool-127-thread-1] INFO  segmented.SegmentedRaftLogWorker (SegmentedRaftLogWorker.java:lambda$new$0(132)) - 942b50b4-c7bf-487c-9057-9f9e637dbe53-SegmentedRaftLogWorker:Storage Directory /workdir/hadoop-ozone/ozonefs/target/test-dir/MiniOzoneClusterImpl-889e9801-d8cd-4d64-ad06-78e1b934daf6/datanode-9/data/ratis/8ac7356e-dbeb-456f-8d4f-5430856caa6c: flushIndex: setUnconditionally 0 -> -1
2019-09-19 14:40:05,492 [pool-127-thread-1] INFO  server.RaftServerConfigKeys (ConfUtils.java:logGet(43)) - raft.server.snapshot.auto.trigger.enabled = true (custom)
2019-09-19 14:40:05,492 [pool-127-thread-1] INFO  server.RaftServerConfigKeys (ConfUtils.java:logGet(43)) - raft.server.snapshot.auto.trigger.threshold = 10000 (custom)
2019-09-19 14:40:05,492 [pool-127-thread-1] INFO  server.RaftServerConfigKeys (ConfUtils.java:logGet(43)) - raft.server.retrycache.expirytime = 600000ms (custom)
2019-09-19 14:40:05,492 [pool-127-thread-1] INFO  impl.RaftServerImpl (RaftServerImpl.java:start(180)) - 942b50b4-c7bf-487c-9057-9f9e637dbe53: start group-5430856CAA6C
2019-09-19 14:40:05,492 [pool-127-thread-1] INFO  impl.RaftServerImpl (RaftServerImpl.java:setRole(171)) - 942b50b4-c7bf-487c-9057-9f9e637dbe53:group-5430856CAA6C changes role from null to FOLLOWER at term 0 for startAsFollower
2019-09-19 14:40:05,493 [pool-127-thread-1] INFO  impl.RoleInfo (RoleInfo.java:updateAndGet(143)) - 942b50b4-c7bf-487c-9057-9f9e637dbe53: start FollowerState
2019-09-19 14:40:05,493 [pool-127-thread-1] INFO  util.JmxRegister (JmxRegister.java:tryRegister(44)) - Successfully registered JMX Bean with object name Ratis:service=RaftServer,group=group-5430856CAA6C,id=942b50b4-c7bf-487c-9057-9f9e637dbe53
2019-09-19 14:40:05,496 [RatisPipelineUtilsThread] INFO  pipeline.PipelineStateManager (PipelineStateManager.java:addPipeline(56)) - Created pipeline Pipeline[ Id: 8ac7356e-dbeb-456f-8d4f-5430856caa6c, Nodes: 942b50b4-c7bf-487c-9057-9f9e637dbe53{ip: 192.168.5.132, host: pr-hdds-1569-rzdr8-3403194166, networkLocation: /default-rack, certSerialId: null}, Type:RATIS, Factor:ONE, State:OPEN]
2019-09-19 14:40:05,497 [RatisPipelineUtilsThread] ERROR pipeline.PipelinePlacementPolicy (PipelinePlacementPolicy.java:meetCriteria(91)) - Pipeline Placement: Doesn't meet the criteria to be viable node. Heaviness: 6
2019-09-19 14:40:05,497 [RatisPipelineUtilsThread] ERROR pipeline.PipelinePlacementPolicy (PipelinePlacementPolicy.java:meetCriteria(91)) - Pipeline Placement: Doesn't meet the criteria to be viable node. Heaviness: 6
2019-09-19 14:40:05,497 [RatisPipelineUtilsThread] ERROR pipeline.PipelinePlacementPolicy (PipelinePlacementPolicy.java:meetCriteria(91)) - Pipeline Placement: Doesn't meet the criteria to be viable node. Heaviness: 6
2019-09-19 14:40:05,497 [RatisPipelineUtilsThread] ERROR pipeline.PipelinePlacementPolicy (PipelinePlacementPolicy.java:meetCriteria(91)) - Pipeline Placement: Doesn't meet the criteria to be viable node. Heaviness: 6
2019-09-19 14:40:05,497 [RatisPipelineUtilsThread] ERROR pipeline.PipelinePlacementPolicy (PipelinePlacementPolicy.java:meetCriteria(91)) - Pipeline Placement: Doesn't meet the criteria to be viable node. Heaviness: 6
2019-09-19 14:40:05,497 [RatisPipelineUtilsThread] ERROR pipeline.PipelinePlacementPolicy (PipelinePlacementPolicy.java:meetCriteria(91)) - Pipeline Placement: Doesn't meet the criteria to be viable node. Heaviness: 6
2019-09-19 14:40:05,498 [RatisPipelineUtilsThread] ERROR pipeline.PipelinePlacementPolicy (PipelinePlacementPolicy.java:meetCriteria(91)) - Pipeline Placement: Doesn't meet the criteria to be viable node. Heaviness: 6
2019-09-19 14:40:05,498 | INFO  | SCMAudit | user=jenkins1000 | ip=192.168.5.132 | op=SEND_HEARTBEAT {datanodeUUID=6aa361a5-10ee-4e6c-9990-87c23e670156, command=[]} | ret=SUCCESS |  
2019-09-19 14:40:05,504 [grpc-default-executor-1] INFO  impl.RaftServerProxy (RaftServerProxy.java:addNew(89)) - a1dec692-f01d-4dc4-b8c6-c1af31f4a539: addNew group-017D4710A8E6:[a1dec692-f01d-4dc4-b8c6-c1af31f4a539:192.168.5.132:43958] returns group-017D4710A8E6:java.util.concurrent.CompletableFuture@31dfbcc6[Not completed]
2019-09-19 14:40:05,507 [pool-104-thread-1] INFO  impl.RaftServerImpl (RaftServerImpl.java:<init>(93)) - a1dec692-f01d-4dc4-b8c6-c1af31f4a539: new RaftServerImpl for group-017D4710A8E6:[a1dec692-f01d-4dc4-b8c6-c1af31f4a539:192.168.5.132:43958] with ContainerStateMachine:uninitialized
2019-09-19 14:40:05,507 [pool-104-thread-1] INFO  server.RaftServerConfigKeys (ConfUtils.java:logGet(43)) - raft.server.rpc.timeout.min = 5s (custom)
2019-09-19 14:40:05,507 [pool-104-thread-1] INFO  server.RaftServerConfigKeys (ConfUtils.java:logGet(43)) - raft.server.rpc.timeout.max = 5200ms (custom)
2019-09-19 14:40:05,508 [pool-104-thread-1] INFO  server.RaftServerConfigKeys (ConfUtils.java:logGet(43)) - raft.server.rpcslowness.timeout = 120s (custom)
2019-09-19 14:40:05,508 [pool-104-thread-1] INFO  server.RaftServerConfigKeys (ConfUtils.java:logGet(43)) - raft.server.sleep.deviation.threshold = 300 (default)
2019-09-19 14:40:05,508 [pool-104-thread-1] INFO  server.RaftServerConfigKeys (ConfUtils.java:logGet(43)) - raft.server.log.appender.install.snapshot.enabled = false (custom)
2019-09-19 14:40:05,508 [pool-104-thread-1] INFO  impl.RaftServerImpl (ServerState.java:<init>(105)) - a1dec692-f01d-4dc4-b8c6-c1af31f4a539:group-017D4710A8E6 ConfigurationManager, init=-1: [a1dec692-f01d-4dc4-b8c6-c1af31f4a539:192.168.5.132:43958], old=null, confs=<EMPTY_MAP>
2019-09-19 14:40:05,508 [pool-104-thread-1] INFO  server.RaftServerConfigKeys (ConfUtils.java:logGet(43)) - raft.server.storage.dir = [/workdir/hadoop-ozone/ozonefs/target/test-dir/MiniOzoneClusterImpl-889e9801-d8cd-4d64-ad06-78e1b934daf6/datanode-7/data/ratis] (custom)
2019-09-19 14:40:05,509 [pool-104-thread-1] INFO  storage.RaftStorageDirectory (RaftStorageDirectory.java:analyzeStorage(246)) - The storage directory /workdir/hadoop-ozone/ozonefs/target/test-dir/MiniOzoneClusterImpl-889e9801-d8cd-4d64-ad06-78e1b934daf6/datanode-7/data/ratis/6065fc7c-d550-4532-9154-017d4710a8e6 does not exist. Creating ...
2019-09-19 14:40:05,538 [pool-104-thread-1] INFO  storage.RaftStorageDirectory (RaftStorageDirectory.java:tryLock(328)) - Lock on /workdir/hadoop-ozone/ozonefs/target/test-dir/MiniOzoneClusterImpl-889e9801-d8cd-4d64-ad06-78e1b934daf6/datanode-7/data/ratis/6065fc7c-d550-4532-9154-017d4710a8e6/in_use.lock acquired by nodename 29702@pr-hdds-1569-rzdr8-3403194166
2019-09-19 14:40:05,566 | INFO  | SCMAudit | user=jenkins1000 | ip=192.168.5.132 | op=SEND_HEARTBEAT {datanodeUUID=c157b6a0-3602-4e04-89f3-2eaad4ae05f6, command=[]} | ret=SUCCESS |  
2019-09-19 14:40:05,580 [pool-104-thread-1] INFO  storage.RaftStorage (RaftStorage.java:format(72)) - Storage directory /workdir/hadoop-ozone/ozonefs/target/test-dir/MiniOzoneClusterImpl-889e9801-d8cd-4d64-ad06-78e1b934daf6/datanode-7/data/ratis/6065fc7c-d550-4532-9154-017d4710a8e6 has been successfully formatted.
2019-09-19 14:40:05,580 [pool-104-thread-1] INFO  ratis.ContainerStateMachine (ContainerStateMachine.java:loadSnapshot(226)) - group-017D4710A8E6: The snapshot info is null. Setting the last applied indexto:(t:0, i:~)
2019-09-19 14:40:05,580 [pool-104-thread-1] INFO  server.RaftServerConfigKeys (ConfUtils.java:logGet(43)) - raft.server.leader.election.timeout = 120s (custom)
2019-09-19 14:40:05,581 [pool-104-thread-1] INFO  server.RaftServerConfigKeys (ConfUtils.java:logGet(43)) - raft.server.log.use.memory = false (default)
2019-09-19 14:40:05,581 [pool-104-thread-1] INFO  server.RaftServerConfigKeys (ConfUtils.java:logGet(43)) - raft.server.log.purge.gap = 1000000 (custom)
2019-09-19 14:40:05,581 [pool-104-thread-1] INFO  server.RaftServerConfigKeys (ConfUtils.java:logGet(43)) - raft.server.log.appender.buffer.byte-limit = 33554432 (custom)
2019-09-19 14:40:05,581 [pool-104-thread-1] INFO  server.RaftServerConfigKeys (ConfUtils.java:logGet(43)) - raft.server.log.segment.size.max = 1048576 (custom)
2019-09-19 14:40:05,582 [pool-104-thread-1] INFO  server.RaftServerConfigKeys (ConfUtils.java:logGet(43)) - raft.server.log.segment.cache.num.max = 2 (custom)
2019-09-19 14:40:05,582 [pool-104-thread-1] INFO  segmented.SegmentedRaftLogWorker (SegmentedRaftLogWorker.java:<init>(172)) - new a1dec692-f01d-4dc4-b8c6-c1af31f4a539-SegmentedRaftLogWorker:Storage Directory /workdir/hadoop-ozone/ozonefs/target/test-dir/MiniOzoneClusterImpl-889e9801-d8cd-4d64-ad06-78e1b934daf6/datanode-7/data/ratis/6065fc7c-d550-4532-9154-017d4710a8e6 for RaftStorage:Storage Directory /workdir/hadoop-ozone/ozonefs/target/test-dir/MiniOzoneClusterImpl-889e9801-d8cd-4d64-ad06-78e1b934daf6/datanode-7/data/ratis/6065fc7c-d550-4532-9154-017d4710a8e6
2019-09-19 14:40:05,582 [pool-104-thread-1] INFO  server.RaftServerConfigKeys (ConfUtils.java:logGet(43)) - raft.server.log.queue.byte-limit = 2147483647 (custom)
2019-09-19 14:40:05,582 [pool-104-thread-1] INFO  server.RaftServerConfigKeys (ConfUtils.java:logGet(43)) - raft.server.log.queue.element-limit = 1024 (custom)
2019-09-19 14:40:05,582 [pool-104-thread-1] INFO  server.RaftServerConfigKeys (ConfUtils.java:logGet(43)) - raft.server.log.segment.size.max = 1048576 (custom)
2019-09-19 14:40:05,583 [pool-104-thread-1] INFO  server.RaftServerConfigKeys (ConfUtils.java:logGet(43)) - raft.server.log.preallocated.size = 16384 (custom)
2019-09-19 14:40:05,583 [pool-104-thread-1] INFO  server.RaftServerConfigKeys (ConfUtils.java:logGet(43)) - raft.server.log.write.buffer.size = 33554432 (custom)
2019-09-19 14:40:05,583 [pool-104-thread-1] INFO  server.RaftServerConfigKeys (ConfUtils.java:logGet(43)) - raft.server.log.force.sync.num = 128 (default)
2019-09-19 14:40:05,583 [pool-104-thread-1] INFO  server.RaftServerConfigKeys (ConfUtils.java:logGet(43)) - raft.server.log.statemachine.data.sync = true (default)
2019-09-19 14:40:05,583 [pool-104-thread-1] INFO  server.RaftServerConfigKeys (ConfUtils.java:logGet(43)) - raft.server.log.statemachine.data.sync.timeout = 10s (default)
2019-09-19 14:40:05,584 [pool-104-thread-1] INFO  server.RaftServerConfigKeys (ConfUtils.java:logGet(43)) - raft.server.log.statemachine.data.sync.timeout.retry = -1 (default)
2019-09-19 14:40:05,584 [pool-104-thread-1] INFO  server.RaftServerConfigKeys (ConfUtils.java:logGet(43)) - raft.server.log.statemachine.data.caching.enabled = true (custom)
2019-09-19 14:40:05,584 [pool-104-thread-1] INFO  segmented.SegmentedRaftLogWorker (SegmentedRaftLogWorker.java:lambda$new$0(132)) - a1dec692-f01d-4dc4-b8c6-c1af31f4a539-SegmentedRaftLogWorker:Storage Directory /workdir/hadoop-ozone/ozonefs/target/test-dir/MiniOzoneClusterImpl-889e9801-d8cd-4d64-ad06-78e1b934daf6/datanode-7/data/ratis/6065fc7c-d550-4532-9154-017d4710a8e6: flushIndex: setUnconditionally 0 -> -1
2019-09-19 14:40:05,585 [pool-104-thread-1] INFO  server.RaftServerConfigKeys (ConfUtils.java:logGet(43)) - raft.server.snapshot.auto.trigger.enabled = true (custom)
2019-09-19 14:40:05,585 [pool-104-thread-1] INFO  server.RaftServerConfigKeys (ConfUtils.java:logGet(43)) - raft.server.snapshot.auto.trigger.threshold = 10000 (custom)
2019-09-19 14:40:05,585 [pool-104-thread-1] INFO  server.RaftServerConfigKeys (ConfUtils.java:logGet(43)) - raft.server.retrycache.expirytime = 600000ms (custom)
2019-09-19 14:40:05,585 [pool-104-thread-1] INFO  impl.RaftServerImpl (RaftServerImpl.java:start(180)) - a1dec692-f01d-4dc4-b8c6-c1af31f4a539: start group-017D4710A8E6
2019-09-19 14:40:05,586 [pool-104-thread-1] INFO  impl.RaftServerImpl (RaftServerImpl.java:setRole(171)) - a1dec692-f01d-4dc4-b8c6-c1af31f4a539:group-017D4710A8E6 changes role from null to FOLLOWER at term 0 for startAsFollower
2019-09-19 14:40:05,586 [pool-104-thread-1] INFO  impl.RoleInfo (RoleInfo.java:updateAndGet(143)) - a1dec692-f01d-4dc4-b8c6-c1af31f4a539: start FollowerState
2019-09-19 14:40:05,586 [pool-104-thread-1] INFO  util.JmxRegister (JmxRegister.java:tryRegister(44)) - Successfully registered JMX Bean with object name Ratis:service=RaftServer,group=group-017D4710A8E6,id=a1dec692-f01d-4dc4-b8c6-c1af31f4a539
2019-09-19 14:40:05,590 [RatisPipelineUtilsThread] INFO  pipeline.PipelineStateManager (PipelineStateManager.java:addPipeline(56)) - Created pipeline Pipeline[ Id: 6065fc7c-d550-4532-9154-017d4710a8e6, Nodes: a1dec692-f01d-4dc4-b8c6-c1af31f4a539{ip: 192.168.5.132, host: pr-hdds-1569-rzdr8-3403194166, networkLocation: /default-rack, certSerialId: null}, Type:RATIS, Factor:ONE, State:OPEN]
2019-09-19 14:40:05,590 [RatisPipelineUtilsThread] ERROR pipeline.PipelinePlacementPolicy (PipelinePlacementPolicy.java:meetCriteria(91)) - Pipeline Placement: Doesn't meet the criteria to be viable node. Heaviness: 6
2019-09-19 14:40:05,590 [RatisPipelineUtilsThread] ERROR pipeline.PipelinePlacementPolicy (PipelinePlacementPolicy.java:meetCriteria(91)) - Pipeline Placement: Doesn't meet the criteria to be viable node. Heaviness: 6
2019-09-19 14:40:05,590 [RatisPipelineUtilsThread] ERROR pipeline.PipelinePlacementPolicy (PipelinePlacementPolicy.java:meetCriteria(91)) - Pipeline Placement: Doesn't meet the criteria to be viable node. Heaviness: 6
2019-09-19 14:40:05,590 [RatisPipelineUtilsThread] ERROR pipeline.PipelinePlacementPolicy (PipelinePlacementPolicy.java:meetCriteria(91)) - Pipeline Placement: Doesn't meet the criteria to be viable node. Heaviness: 6
2019-09-19 14:40:05,591 [RatisPipelineUtilsThread] ERROR pipeline.PipelinePlacementPolicy (PipelinePlacementPolicy.java:meetCriteria(91)) - Pipeline Placement: Doesn't meet the criteria to be viable node. Heaviness: 6
2019-09-19 14:40:05,591 [RatisPipelineUtilsThread] ERROR pipeline.PipelinePlacementPolicy (PipelinePlacementPolicy.java:meetCriteria(91)) - Pipeline Placement: Doesn't meet the criteria to be viable node. Heaviness: 6
2019-09-19 14:40:05,591 [RatisPipelineUtilsThread] ERROR pipeline.PipelinePlacementPolicy (PipelinePlacementPolicy.java:meetCriteria(91)) - Pipeline Placement: Doesn't meet the criteria to be viable node. Heaviness: 6
2019-09-19 14:40:05,597 [grpc-default-executor-1] INFO  impl.RaftServerProxy (RaftServerProxy.java:addNew(89)) - a1dec692-f01d-4dc4-b8c6-c1af31f4a539: addNew group-39B56B7DC724:[a1dec692-f01d-4dc4-b8c6-c1af31f4a539:192.168.5.132:43958] returns group-39B56B7DC724:java.util.concurrent.CompletableFuture@6b2c835f[Not completed]
2019-09-19 14:40:05,600 [pool-104-thread-1] INFO  impl.RaftServerImpl (RaftServerImpl.java:<init>(93)) - a1dec692-f01d-4dc4-b8c6-c1af31f4a539: new RaftServerImpl for group-39B56B7DC724:[a1dec692-f01d-4dc4-b8c6-c1af31f4a539:192.168.5.132:43958] with ContainerStateMachine:uninitialized
2019-09-19 14:40:05,601 [pool-104-thread-1] INFO  server.RaftServerConfigKeys (ConfUtils.java:logGet(43)) - raft.server.rpc.timeout.min = 5s (custom)
2019-09-19 14:40:05,601 [pool-104-thread-1] INFO  server.RaftServerConfigKeys (ConfUtils.java:logGet(43)) - raft.server.rpc.timeout.max = 5200ms (custom)
2019-09-19 14:40:05,601 [pool-104-thread-1] INFO  server.RaftServerConfigKeys (ConfUtils.java:logGet(43)) - raft.server.rpcslowness.timeout = 120s (custom)
2019-09-19 14:40:05,601 [pool-104-thread-1] INFO  server.RaftServerConfigKeys (ConfUtils.java:logGet(43)) - raft.server.sleep.deviation.threshold = 300 (default)
2019-09-19 14:40:05,602 [pool-104-thread-1] INFO  server.RaftServerConfigKeys (ConfUtils.java:logGet(43)) - raft.server.log.appender.install.snapshot.enabled = false (custom)
2019-09-19 14:40:05,602 [pool-104-thread-1] INFO  impl.RaftServerImpl (ServerState.java:<init>(105)) - a1dec692-f01d-4dc4-b8c6-c1af31f4a539:group-39B56B7DC724 ConfigurationManager, init=-1: [a1dec692-f01d-4dc4-b8c6-c1af31f4a539:192.168.5.132:43958], old=null, confs=<EMPTY_MAP>
2019-09-19 14:40:05,602 [pool-104-thread-1] INFO  server.RaftServerConfigKeys (ConfUtils.java:logGet(43)) - raft.server.storage.dir = [/workdir/hadoop-ozone/ozonefs/target/test-dir/MiniOzoneClusterImpl-889e9801-d8cd-4d64-ad06-78e1b934daf6/datanode-7/data/ratis] (custom)
2019-09-19 14:40:05,603 [pool-104-thread-1] INFO  storage.RaftStorageDirectory (RaftStorageDirectory.java:analyzeStorage(246)) - The storage directory /workdir/hadoop-ozone/ozonefs/target/test-dir/MiniOzoneClusterImpl-889e9801-d8cd-4d64-ad06-78e1b934daf6/datanode-7/data/ratis/f981db00-2e81-4179-befd-39b56b7dc724 does not exist. Creating ...
2019-09-19 14:40:05,630 [pool-104-thread-1] INFO  storage.RaftStorageDirectory (RaftStorageDirectory.java:tryLock(328)) - Lock on /workdir/hadoop-ozone/ozonefs/target/test-dir/MiniOzoneClusterImpl-889e9801-d8cd-4d64-ad06-78e1b934daf6/datanode-7/data/ratis/f981db00-2e81-4179-befd-39b56b7dc724/in_use.lock acquired by nodename 29702@pr-hdds-1569-rzdr8-3403194166
2019-09-19 14:40:05,655 [pool-104-thread-1] INFO  storage.RaftStorage (RaftStorage.java:format(72)) - Storage directory /workdir/hadoop-ozone/ozonefs/target/test-dir/MiniOzoneClusterImpl-889e9801-d8cd-4d64-ad06-78e1b934daf6/datanode-7/data/ratis/f981db00-2e81-4179-befd-39b56b7dc724 has been successfully formatted.
2019-09-19 14:40:05,656 [pool-104-thread-1] INFO  ratis.ContainerStateMachine (ContainerStateMachine.java:loadSnapshot(226)) - group-39B56B7DC724: The snapshot info is null. Setting the last applied indexto:(t:0, i:~)
2019-09-19 14:40:05,656 [pool-104-thread-1] INFO  server.RaftServerConfigKeys (ConfUtils.java:logGet(43)) - raft.server.leader.election.timeout = 120s (custom)
2019-09-19 14:40:05,656 [pool-104-thread-1] INFO  server.RaftServerConfigKeys (ConfUtils.java:logGet(43)) - raft.server.log.use.memory = false (default)
2019-09-19 14:40:05,656 [pool-104-thread-1] INFO  server.RaftServerConfigKeys (ConfUtils.java:logGet(43)) - raft.server.log.purge.gap = 1000000 (custom)
2019-09-19 14:40:05,656 [pool-104-thread-1] INFO  server.RaftServerConfigKeys (ConfUtils.java:logGet(43)) - raft.server.log.appender.buffer.byte-limit = 33554432 (custom)
2019-09-19 14:40:05,657 [pool-104-thread-1] INFO  server.RaftServerConfigKeys (ConfUtils.java:logGet(43)) - raft.server.log.segment.size.max = 1048576 (custom)
2019-09-19 14:40:05,657 [pool-104-thread-1] INFO  server.RaftServerConfigKeys (ConfUtils.java:logGet(43)) - raft.server.log.segment.cache.num.max = 2 (custom)
2019-09-19 14:40:05,657 [pool-104-thread-1] INFO  segmented.SegmentedRaftLogWorker (SegmentedRaftLogWorker.java:<init>(172)) - new a1dec692-f01d-4dc4-b8c6-c1af31f4a539-SegmentedRaftLogWorker:Storage Directory /workdir/hadoop-ozone/ozonefs/target/test-dir/MiniOzoneClusterImpl-889e9801-d8cd-4d64-ad06-78e1b934daf6/datanode-7/data/ratis/f981db00-2e81-4179-befd-39b56b7dc724 for RaftStorage:Storage Directory /workdir/hadoop-ozone/ozonefs/target/test-dir/MiniOzoneClusterImpl-889e9801-d8cd-4d64-ad06-78e1b934daf6/datanode-7/data/ratis/f981db00-2e81-4179-befd-39b56b7dc724
2019-09-19 14:40:05,657 [pool-104-thread-1] INFO  server.RaftServerConfigKeys (ConfUtils.java:logGet(43)) - raft.server.log.queue.byte-limit = 2147483647 (custom)
2019-09-19 14:40:05,657 [pool-104-thread-1] INFO  server.RaftServerConfigKeys (ConfUtils.java:logGet(43)) - raft.server.log.queue.element-limit = 1024 (custom)
2019-09-19 14:40:05,657 [pool-104-thread-1] INFO  server.RaftServerConfigKeys (ConfUtils.java:logGet(43)) - raft.server.log.segment.size.max = 1048576 (custom)
2019-09-19 14:40:05,657 [pool-104-thread-1] INFO  server.RaftServerConfigKeys (ConfUtils.java:logGet(43)) - raft.server.log.preallocated.size = 16384 (custom)
2019-09-19 14:40:05,658 [pool-104-thread-1] INFO  server.RaftServerConfigKeys (ConfUtils.java:logGet(43)) - raft.server.log.write.buffer.size = 33554432 (custom)
2019-09-19 14:40:05,658 [pool-104-thread-1] INFO  server.RaftServerConfigKeys (ConfUtils.java:logGet(43)) - raft.server.log.force.sync.num = 128 (default)
2019-09-19 14:40:05,658 [pool-104-thread-1] INFO  server.RaftServerConfigKeys (ConfUtils.java:logGet(43)) - raft.server.log.statemachine.data.sync = true (default)
2019-09-19 14:40:05,658 [pool-104-thread-1] INFO  server.RaftServerConfigKeys (ConfUtils.java:logGet(43)) - raft.server.log.statemachine.data.sync.timeout = 10s (default)
2019-09-19 14:40:05,658 [pool-104-thread-1] INFO  server.RaftServerConfigKeys (ConfUtils.java:logGet(43)) - raft.server.log.statemachine.data.sync.timeout.retry = -1 (default)
2019-09-19 14:40:05,658 [pool-104-thread-1] INFO  server.RaftServerConfigKeys (ConfUtils.java:logGet(43)) - raft.server.log.statemachine.data.caching.enabled = true (custom)
2019-09-19 14:40:05,659 [pool-104-thread-1] INFO  segmented.SegmentedRaftLogWorker (SegmentedRaftLogWorker.java:lambda$new$0(132)) - a1dec692-f01d-4dc4-b8c6-c1af31f4a539-SegmentedRaftLogWorker:Storage Directory /workdir/hadoop-ozone/ozonefs/target/test-dir/MiniOzoneClusterImpl-889e9801-d8cd-4d64-ad06-78e1b934daf6/datanode-7/data/ratis/f981db00-2e81-4179-befd-39b56b7dc724: flushIndex: setUnconditionally 0 -> -1
2019-09-19 14:40:05,659 [pool-104-thread-1] INFO  server.RaftServerConfigKeys (ConfUtils.java:logGet(43)) - raft.server.snapshot.auto.trigger.enabled = true (custom)
2019-09-19 14:40:05,659 [pool-104-thread-1] INFO  server.RaftServerConfigKeys (ConfUtils.java:logGet(43)) - raft.server.snapshot.auto.trigger.threshold = 10000 (custom)
2019-09-19 14:40:05,659 [pool-104-thread-1] INFO  server.RaftServerConfigKeys (ConfUtils.java:logGet(43)) - raft.server.retrycache.expirytime = 600000ms (custom)
2019-09-19 14:40:05,660 [pool-104-thread-1] INFO  impl.RaftServerImpl (RaftServerImpl.java:start(180)) - a1dec692-f01d-4dc4-b8c6-c1af31f4a539: start group-39B56B7DC724
2019-09-19 14:40:05,660 [pool-104-thread-1] INFO  impl.RaftServerImpl (RaftServerImpl.java:setRole(171)) - a1dec692-f01d-4dc4-b8c6-c1af31f4a539:group-39B56B7DC724 changes role from null to FOLLOWER at term 0 for startAsFollower
2019-09-19 14:40:05,660 [pool-104-thread-1] INFO  impl.RoleInfo (RoleInfo.java:updateAndGet(143)) - a1dec692-f01d-4dc4-b8c6-c1af31f4a539: start FollowerState
2019-09-19 14:40:05,660 [pool-104-thread-1] INFO  util.JmxRegister (JmxRegister.java:tryRegister(44)) - Successfully registered JMX Bean with object name Ratis:service=RaftServer,group=group-39B56B7DC724,id=a1dec692-f01d-4dc4-b8c6-c1af31f4a539
2019-09-19 14:40:05,663 [RatisPipelineUtilsThread] INFO  pipeline.PipelineStateManager (PipelineStateManager.java:addPipeline(56)) - Created pipeline Pipeline[ Id: f981db00-2e81-4179-befd-39b56b7dc724, Nodes: a1dec692-f01d-4dc4-b8c6-c1af31f4a539{ip: 192.168.5.132, host: pr-hdds-1569-rzdr8-3403194166, networkLocation: /default-rack, certSerialId: null}, Type:RATIS, Factor:ONE, State:OPEN]
2019-09-19 14:40:05,664 [RatisPipelineUtilsThread] ERROR pipeline.PipelinePlacementPolicy (PipelinePlacementPolicy.java:meetCriteria(91)) - Pipeline Placement: Doesn't meet the criteria to be viable node. Heaviness: 6
2019-09-19 14:40:05,664 [RatisPipelineUtilsThread] ERROR pipeline.PipelinePlacementPolicy (PipelinePlacementPolicy.java:meetCriteria(91)) - Pipeline Placement: Doesn't meet the criteria to be viable node. Heaviness: 6
2019-09-19 14:40:05,664 [RatisPipelineUtilsThread] ERROR pipeline.PipelinePlacementPolicy (PipelinePlacementPolicy.java:meetCriteria(91)) - Pipeline Placement: Doesn't meet the criteria to be viable node. Heaviness: 6
2019-09-19 14:40:05,664 [RatisPipelineUtilsThread] ERROR pipeline.PipelinePlacementPolicy (PipelinePlacementPolicy.java:meetCriteria(91)) - Pipeline Placement: Doesn't meet the criteria to be viable node. Heaviness: 6
2019-09-19 14:40:05,664 [RatisPipelineUtilsThread] ERROR pipeline.PipelinePlacementPolicy (PipelinePlacementPolicy.java:meetCriteria(91)) - Pipeline Placement: Doesn't meet the criteria to be viable node. Heaviness: 6
2019-09-19 14:40:05,664 [RatisPipelineUtilsThread] ERROR pipeline.PipelinePlacementPolicy (PipelinePlacementPolicy.java:meetCriteria(91)) - Pipeline Placement: Doesn't meet the criteria to be viable node. Heaviness: 6
2019-09-19 14:40:05,664 [RatisPipelineUtilsThread] ERROR pipeline.PipelinePlacementPolicy (PipelinePlacementPolicy.java:meetCriteria(91)) - Pipeline Placement: Doesn't meet the criteria to be viable node. Heaviness: 6
2019-09-19 14:40:05,670 [grpc-default-executor-1] INFO  impl.RaftServerProxy (RaftServerProxy.java:addNew(89)) - a1dec692-f01d-4dc4-b8c6-c1af31f4a539: addNew group-E59EF42782B2:[a1dec692-f01d-4dc4-b8c6-c1af31f4a539:192.168.5.132:43958] returns group-E59EF42782B2:java.util.concurrent.CompletableFuture@233652c3[Not completed]
2019-09-19 14:40:05,672 [pool-104-thread-1] INFO  impl.RaftServerImpl (RaftServerImpl.java:<init>(93)) - a1dec692-f01d-4dc4-b8c6-c1af31f4a539: new RaftServerImpl for group-E59EF42782B2:[a1dec692-f01d-4dc4-b8c6-c1af31f4a539:192.168.5.132:43958] with ContainerStateMachine:uninitialized
2019-09-19 14:40:05,672 [pool-104-thread-1] INFO  server.RaftServerConfigKeys (ConfUtils.java:logGet(43)) - raft.server.rpc.timeout.min = 5s (custom)
2019-09-19 14:40:05,672 [pool-104-thread-1] INFO  server.RaftServerConfigKeys (ConfUtils.java:logGet(43)) - raft.server.rpc.timeout.max = 5200ms (custom)
2019-09-19 14:40:05,672 [pool-104-thread-1] INFO  server.RaftServerConfigKeys (ConfUtils.java:logGet(43)) - raft.server.rpcslowness.timeout = 120s (custom)
2019-09-19 14:40:05,672 [pool-104-thread-1] INFO  server.RaftServerConfigKeys (ConfUtils.java:logGet(43)) - raft.server.sleep.deviation.threshold = 300 (default)
2019-09-19 14:40:05,673 [pool-104-thread-1] INFO  server.RaftServerConfigKeys (ConfUtils.java:logGet(43)) - raft.server.log.appender.install.snapshot.enabled = false (custom)
2019-09-19 14:40:05,673 [pool-104-thread-1] INFO  impl.RaftServerImpl (ServerState.java:<init>(105)) - a1dec692-f01d-4dc4-b8c6-c1af31f4a539:group-E59EF42782B2 ConfigurationManager, init=-1: [a1dec692-f01d-4dc4-b8c6-c1af31f4a539:192.168.5.132:43958], old=null, confs=<EMPTY_MAP>
2019-09-19 14:40:05,673 [pool-104-thread-1] INFO  server.RaftServerConfigKeys (ConfUtils.java:logGet(43)) - raft.server.storage.dir = [/workdir/hadoop-ozone/ozonefs/target/test-dir/MiniOzoneClusterImpl-889e9801-d8cd-4d64-ad06-78e1b934daf6/datanode-7/data/ratis] (custom)
2019-09-19 14:40:05,673 [pool-104-thread-1] INFO  storage.RaftStorageDirectory (RaftStorageDirectory.java:analyzeStorage(246)) - The storage directory /workdir/hadoop-ozone/ozonefs/target/test-dir/MiniOzoneClusterImpl-889e9801-d8cd-4d64-ad06-78e1b934daf6/datanode-7/data/ratis/064e5e2f-523b-4f83-a693-e59ef42782b2 does not exist. Creating ...
2019-09-19 14:40:05,683 | INFO  | SCMAudit | user=jenkins1000 | ip=192.168.5.132 | op=SEND_HEARTBEAT {datanodeUUID=942b50b4-c7bf-487c-9057-9f9e637dbe53, command=[]} | ret=SUCCESS |  
2019-09-19 14:40:05,697 [pool-104-thread-1] INFO  storage.RaftStorageDirectory (RaftStorageDirectory.java:tryLock(328)) - Lock on /workdir/hadoop-ozone/ozonefs/target/test-dir/MiniOzoneClusterImpl-889e9801-d8cd-4d64-ad06-78e1b934daf6/datanode-7/data/ratis/064e5e2f-523b-4f83-a693-e59ef42782b2/in_use.lock acquired by nodename 29702@pr-hdds-1569-rzdr8-3403194166
2019-09-19 14:40:05,711 [pool-104-thread-1] INFO  storage.RaftStorage (RaftStorage.java:format(72)) - Storage directory /workdir/hadoop-ozone/ozonefs/target/test-dir/MiniOzoneClusterImpl-889e9801-d8cd-4d64-ad06-78e1b934daf6/datanode-7/data/ratis/064e5e2f-523b-4f83-a693-e59ef42782b2 has been successfully formatted.
2019-09-19 14:40:05,712 [pool-104-thread-1] INFO  ratis.ContainerStateMachine (ContainerStateMachine.java:loadSnapshot(226)) - group-E59EF42782B2: The snapshot info is null. Setting the last applied indexto:(t:0, i:~)
2019-09-19 14:40:05,712 [pool-104-thread-1] INFO  server.RaftServerConfigKeys (ConfUtils.java:logGet(43)) - raft.server.leader.election.timeout = 120s (custom)
2019-09-19 14:40:05,712 [pool-104-thread-1] INFO  server.RaftServerConfigKeys (ConfUtils.java:logGet(43)) - raft.server.log.use.memory = false (default)
2019-09-19 14:40:05,712 [pool-104-thread-1] INFO  server.RaftServerConfigKeys (ConfUtils.java:logGet(43)) - raft.server.log.purge.gap = 1000000 (custom)
2019-09-19 14:40:05,712 [pool-104-thread-1] INFO  server.RaftServerConfigKeys (ConfUtils.java:logGet(43)) - raft.server.log.appender.buffer.byte-limit = 33554432 (custom)
2019-09-19 14:40:05,712 [pool-104-thread-1] INFO  server.RaftServerConfigKeys (ConfUtils.java:logGet(43)) - raft.server.log.segment.size.max = 1048576 (custom)
2019-09-19 14:40:05,712 [pool-104-thread-1] INFO  server.RaftServerConfigKeys (ConfUtils.java:logGet(43)) - raft.server.log.segment.cache.num.max = 2 (custom)
2019-09-19 14:40:05,712 [pool-104-thread-1] INFO  segmented.SegmentedRaftLogWorker (SegmentedRaftLogWorker.java:<init>(172)) - new a1dec692-f01d-4dc4-b8c6-c1af31f4a539-SegmentedRaftLogWorker:Storage Directory /workdir/hadoop-ozone/ozonefs/target/test-dir/MiniOzoneClusterImpl-889e9801-d8cd-4d64-ad06-78e1b934daf6/datanode-7/data/ratis/064e5e2f-523b-4f83-a693-e59ef42782b2 for RaftStorage:Storage Directory /workdir/hadoop-ozone/ozonefs/target/test-dir/MiniOzoneClusterImpl-889e9801-d8cd-4d64-ad06-78e1b934daf6/datanode-7/data/ratis/064e5e2f-523b-4f83-a693-e59ef42782b2
2019-09-19 14:40:05,712 [pool-104-thread-1] INFO  server.RaftServerConfigKeys (ConfUtils.java:logGet(43)) - raft.server.log.queue.byte-limit = 2147483647 (custom)
2019-09-19 14:40:05,712 [pool-104-thread-1] INFO  server.RaftServerConfigKeys (ConfUtils.java:logGet(43)) - raft.server.log.queue.element-limit = 1024 (custom)
2019-09-19 14:40:05,712 [pool-104-thread-1] INFO  server.RaftServerConfigKeys (ConfUtils.java:logGet(43)) - raft.server.log.segment.size.max = 1048576 (custom)
2019-09-19 14:40:05,713 [pool-104-thread-1] INFO  server.RaftServerConfigKeys (ConfUtils.java:logGet(43)) - raft.server.log.preallocated.size = 16384 (custom)
2019-09-19 14:40:05,713 [pool-104-thread-1] INFO  server.RaftServerConfigKeys (ConfUtils.java:logGet(43)) - raft.server.log.write.buffer.size = 33554432 (custom)
2019-09-19 14:40:05,713 [pool-104-thread-1] INFO  server.RaftServerConfigKeys (ConfUtils.java:logGet(43)) - raft.server.log.force.sync.num = 128 (default)
2019-09-19 14:40:05,713 [pool-104-thread-1] INFO  server.RaftServerConfigKeys (ConfUtils.java:logGet(43)) - raft.server.log.statemachine.data.sync = true (default)
2019-09-19 14:40:05,713 [pool-104-thread-1] INFO  server.RaftServerConfigKeys (ConfUtils.java:logGet(43)) - raft.server.log.statemachine.data.sync.timeout = 10s (default)
2019-09-19 14:40:05,713 [pool-104-thread-1] INFO  server.RaftServerConfigKeys (ConfUtils.java:logGet(43)) - raft.server.log.statemachine.data.sync.timeout.retry = -1 (default)
2019-09-19 14:40:05,713 [pool-104-thread-1] INFO  server.RaftServerConfigKeys (ConfUtils.java:logGet(43)) - raft.server.log.statemachine.data.caching.enabled = true (custom)
2019-09-19 14:40:05,713 [pool-104-thread-1] INFO  segmented.SegmentedRaftLogWorker (SegmentedRaftLogWorker.java:lambda$new$0(132)) - a1dec692-f01d-4dc4-b8c6-c1af31f4a539-SegmentedRaftLogWorker:Storage Directory /workdir/hadoop-ozone/ozonefs/target/test-dir/MiniOzoneClusterImpl-889e9801-d8cd-4d64-ad06-78e1b934daf6/datanode-7/data/ratis/064e5e2f-523b-4f83-a693-e59ef42782b2: flushIndex: setUnconditionally 0 -> -1
2019-09-19 14:40:05,714 [pool-104-thread-1] INFO  server.RaftServerConfigKeys (ConfUtils.java:logGet(43)) - raft.server.snapshot.auto.trigger.enabled = true (custom)
2019-09-19 14:40:05,714 [pool-104-thread-1] INFO  server.RaftServerConfigKeys (ConfUtils.java:logGet(43)) - raft.server.snapshot.auto.trigger.threshold = 10000 (custom)
2019-09-19 14:40:05,714 [pool-104-thread-1] INFO  server.RaftServerConfigKeys (ConfUtils.java:logGet(43)) - raft.server.retrycache.expirytime = 600000ms (custom)
2019-09-19 14:40:05,714 [pool-104-thread-1] INFO  impl.RaftServerImpl (RaftServerImpl.java:start(180)) - a1dec692-f01d-4dc4-b8c6-c1af31f4a539: start group-E59EF42782B2
2019-09-19 14:40:05,714 [pool-104-thread-1] INFO  impl.RaftServerImpl (RaftServerImpl.java:setRole(171)) - a1dec692-f01d-4dc4-b8c6-c1af31f4a539:group-E59EF42782B2 changes role from null to FOLLOWER at term 0 for startAsFollower
2019-09-19 14:40:05,714 [pool-104-thread-1] INFO  impl.RoleInfo (RoleInfo.java:updateAndGet(143)) - a1dec692-f01d-4dc4-b8c6-c1af31f4a539: start FollowerState
2019-09-19 14:40:05,714 [pool-104-thread-1] INFO  util.JmxRegister (JmxRegister.java:tryRegister(44)) - Successfully registered JMX Bean with object name Ratis:service=RaftServer,group=group-E59EF42782B2,id=a1dec692-f01d-4dc4-b8c6-c1af31f4a539
2019-09-19 14:40:05,717 [RatisPipelineUtilsThread] INFO  pipeline.PipelineStateManager (PipelineStateManager.java:addPipeline(56)) - Created pipeline Pipeline[ Id: 064e5e2f-523b-4f83-a693-e59ef42782b2, Nodes: a1dec692-f01d-4dc4-b8c6-c1af31f4a539{ip: 192.168.5.132, host: pr-hdds-1569-rzdr8-3403194166, networkLocation: /default-rack, certSerialId: null}, Type:RATIS, Factor:ONE, State:OPEN]
2019-09-19 14:40:05,717 [RatisPipelineUtilsThread] ERROR pipeline.PipelinePlacementPolicy (PipelinePlacementPolicy.java:meetCriteria(91)) - Pipeline Placement: Doesn't meet the criteria to be viable node. Heaviness: 6
2019-09-19 14:40:05,717 [RatisPipelineUtilsThread] ERROR pipeline.PipelinePlacementPolicy (PipelinePlacementPolicy.java:meetCriteria(91)) - Pipeline Placement: Doesn't meet the criteria to be viable node. Heaviness: 6
2019-09-19 14:40:05,717 [RatisPipelineUtilsThread] ERROR pipeline.PipelinePlacementPolicy (PipelinePlacementPolicy.java:meetCriteria(91)) - Pipeline Placement: Doesn't meet the criteria to be viable node. Heaviness: 6
2019-09-19 14:40:05,718 [RatisPipelineUtilsThread] ERROR pipeline.PipelinePlacementPolicy (PipelinePlacementPolicy.java:meetCriteria(91)) - Pipeline Placement: Doesn't meet the criteria to be viable node. Heaviness: 6
2019-09-19 14:40:05,718 [RatisPipelineUtilsThread] ERROR pipeline.PipelinePlacementPolicy (PipelinePlacementPolicy.java:meetCriteria(91)) - Pipeline Placement: Doesn't meet the criteria to be viable node. Heaviness: 6
2019-09-19 14:40:05,718 [RatisPipelineUtilsThread] ERROR pipeline.PipelinePlacementPolicy (PipelinePlacementPolicy.java:meetCriteria(91)) - Pipeline Placement: Doesn't meet the criteria to be viable node. Heaviness: 6
2019-09-19 14:40:05,718 [RatisPipelineUtilsThread] ERROR pipeline.PipelinePlacementPolicy (PipelinePlacementPolicy.java:meetCriteria(91)) - Pipeline Placement: Doesn't meet the criteria to be viable node. Heaviness: 6
2019-09-19 14:40:05,724 [grpc-default-executor-1] INFO  impl.RaftServerProxy (RaftServerProxy.java:addNew(89)) - a1dec692-f01d-4dc4-b8c6-c1af31f4a539: addNew group-94AEEAAB19DD:[a1dec692-f01d-4dc4-b8c6-c1af31f4a539:192.168.5.132:43958] returns group-94AEEAAB19DD:java.util.concurrent.CompletableFuture@49c1b9d9[Not completed]
2019-09-19 14:40:05,725 [pool-104-thread-1] INFO  impl.RaftServerImpl (RaftServerImpl.java:<init>(93)) - a1dec692-f01d-4dc4-b8c6-c1af31f4a539: new RaftServerImpl for group-94AEEAAB19DD:[a1dec692-f01d-4dc4-b8c6-c1af31f4a539:192.168.5.132:43958] with ContainerStateMachine:uninitialized
2019-09-19 14:40:05,725 [pool-104-thread-1] INFO  server.RaftServerConfigKeys (ConfUtils.java:logGet(43)) - raft.server.rpc.timeout.min = 5s (custom)
2019-09-19 14:40:05,725 [pool-104-thread-1] INFO  server.RaftServerConfigKeys (ConfUtils.java:logGet(43)) - raft.server.rpc.timeout.max = 5200ms (custom)
2019-09-19 14:40:05,725 [pool-104-thread-1] INFO  server.RaftServerConfigKeys (ConfUtils.java:logGet(43)) - raft.server.rpcslowness.timeout = 120s (custom)
2019-09-19 14:40:05,725 [pool-104-thread-1] INFO  server.RaftServerConfigKeys (ConfUtils.java:logGet(43)) - raft.server.sleep.deviation.threshold = 300 (default)
2019-09-19 14:40:05,725 [pool-104-thread-1] INFO  server.RaftServerConfigKeys (ConfUtils.java:logGet(43)) - raft.server.log.appender.install.snapshot.enabled = false (custom)
2019-09-19 14:40:05,725 [pool-104-thread-1] INFO  impl.RaftServerImpl (ServerState.java:<init>(105)) - a1dec692-f01d-4dc4-b8c6-c1af31f4a539:group-94AEEAAB19DD ConfigurationManager, init=-1: [a1dec692-f01d-4dc4-b8c6-c1af31f4a539:192.168.5.132:43958], old=null, confs=<EMPTY_MAP>
2019-09-19 14:40:05,725 [pool-104-thread-1] INFO  server.RaftServerConfigKeys (ConfUtils.java:logGet(43)) - raft.server.storage.dir = [/workdir/hadoop-ozone/ozonefs/target/test-dir/MiniOzoneClusterImpl-889e9801-d8cd-4d64-ad06-78e1b934daf6/datanode-7/data/ratis] (custom)
2019-09-19 14:40:05,726 [pool-104-thread-1] INFO  storage.RaftStorageDirectory (RaftStorageDirectory.java:analyzeStorage(246)) - The storage directory /workdir/hadoop-ozone/ozonefs/target/test-dir/MiniOzoneClusterImpl-889e9801-d8cd-4d64-ad06-78e1b934daf6/datanode-7/data/ratis/c1767c15-31cf-401e-adf0-94aeeaab19dd does not exist. Creating ...
2019-09-19 14:40:05,731 | INFO  | SCMAudit | user=jenkins1000 | ip=192.168.5.132 | op=SEND_HEARTBEAT {datanodeUUID=afbae23f-b8a7-4a0f-ac57-bc0dcc025f7c, command=[]} | ret=SUCCESS |  
2019-09-19 14:40:05,746 [pool-104-thread-1] INFO  storage.RaftStorageDirectory (RaftStorageDirectory.java:tryLock(328)) - Lock on /workdir/hadoop-ozone/ozonefs/target/test-dir/MiniOzoneClusterImpl-889e9801-d8cd-4d64-ad06-78e1b934daf6/datanode-7/data/ratis/c1767c15-31cf-401e-adf0-94aeeaab19dd/in_use.lock acquired by nodename 29702@pr-hdds-1569-rzdr8-3403194166
2019-09-19 14:40:05,758 [pool-104-thread-1] INFO  storage.RaftStorage (RaftStorage.java:format(72)) - Storage directory /workdir/hadoop-ozone/ozonefs/target/test-dir/MiniOzoneClusterImpl-889e9801-d8cd-4d64-ad06-78e1b934daf6/datanode-7/data/ratis/c1767c15-31cf-401e-adf0-94aeeaab19dd has been successfully formatted.
2019-09-19 14:40:05,759 [pool-104-thread-1] INFO  ratis.ContainerStateMachine (ContainerStateMachine.java:loadSnapshot(226)) - group-94AEEAAB19DD: The snapshot info is null. Setting the last applied indexto:(t:0, i:~)
2019-09-19 14:40:05,759 [pool-104-thread-1] INFO  server.RaftServerConfigKeys (ConfUtils.java:logGet(43)) - raft.server.leader.election.timeout = 120s (custom)
2019-09-19 14:40:05,759 [pool-104-thread-1] INFO  server.RaftServerConfigKeys (ConfUtils.java:logGet(43)) - raft.server.log.use.memory = false (default)
2019-09-19 14:40:05,759 [pool-104-thread-1] INFO  server.RaftServerConfigKeys (ConfUtils.java:logGet(43)) - raft.server.log.purge.gap = 1000000 (custom)
2019-09-19 14:40:05,759 [pool-104-thread-1] INFO  server.RaftServerConfigKeys (ConfUtils.java:logGet(43)) - raft.server.log.appender.buffer.byte-limit = 33554432 (custom)
2019-09-19 14:40:05,760 [pool-104-thread-1] INFO  server.RaftServerConfigKeys (ConfUtils.java:logGet(43)) - raft.server.log.segment.size.max = 1048576 (custom)
2019-09-19 14:40:05,760 [pool-104-thread-1] INFO  server.RaftServerConfigKeys (ConfUtils.java:logGet(43)) - raft.server.log.segment.cache.num.max = 2 (custom)
2019-09-19 14:40:05,760 [pool-104-thread-1] INFO  segmented.SegmentedRaftLogWorker (SegmentedRaftLogWorker.java:<init>(172)) - new a1dec692-f01d-4dc4-b8c6-c1af31f4a539-SegmentedRaftLogWorker:Storage Directory /workdir/hadoop-ozone/ozonefs/target/test-dir/MiniOzoneClusterImpl-889e9801-d8cd-4d64-ad06-78e1b934daf6/datanode-7/data/ratis/c1767c15-31cf-401e-adf0-94aeeaab19dd for RaftStorage:Storage Directory /workdir/hadoop-ozone/ozonefs/target/test-dir/MiniOzoneClusterImpl-889e9801-d8cd-4d64-ad06-78e1b934daf6/datanode-7/data/ratis/c1767c15-31cf-401e-adf0-94aeeaab19dd
2019-09-19 14:40:05,760 [pool-104-thread-1] INFO  server.RaftServerConfigKeys (ConfUtils.java:logGet(43)) - raft.server.log.queue.byte-limit = 2147483647 (custom)
2019-09-19 14:40:05,760 [pool-104-thread-1] INFO  server.RaftServerConfigKeys (ConfUtils.java:logGet(43)) - raft.server.log.queue.element-limit = 1024 (custom)
2019-09-19 14:40:05,761 [pool-104-thread-1] INFO  server.RaftServerConfigKeys (ConfUtils.java:logGet(43)) - raft.server.log.segment.size.max = 1048576 (custom)
2019-09-19 14:40:05,761 [pool-104-thread-1] INFO  server.RaftServerConfigKeys (ConfUtils.java:logGet(43)) - raft.server.log.preallocated.size = 16384 (custom)
2019-09-19 14:40:05,761 [pool-104-thread-1] INFO  server.RaftServerConfigKeys (ConfUtils.java:logGet(43)) - raft.server.log.write.buffer.size = 33554432 (custom)
2019-09-19 14:40:05,761 [pool-104-thread-1] INFO  server.RaftServerConfigKeys (ConfUtils.java:logGet(43)) - raft.server.log.force.sync.num = 128 (default)
2019-09-19 14:40:05,761 [pool-104-thread-1] INFO  server.RaftServerConfigKeys (ConfUtils.java:logGet(43)) - raft.server.log.statemachine.data.sync = true (default)
2019-09-19 14:40:05,762 [pool-104-thread-1] INFO  server.RaftServerConfigKeys (ConfUtils.java:logGet(43)) - raft.server.log.statemachine.data.sync.timeout = 10s (default)
2019-09-19 14:40:05,762 [pool-104-thread-1] INFO  server.RaftServerConfigKeys (ConfUtils.java:logGet(43)) - raft.server.log.statemachine.data.sync.timeout.retry = -1 (default)
2019-09-19 14:40:05,762 [pool-104-thread-1] INFO  server.RaftServerConfigKeys (ConfUtils.java:logGet(43)) - raft.server.log.statemachine.data.caching.enabled = true (custom)
2019-09-19 14:40:05,762 [pool-104-thread-1] INFO  segmented.SegmentedRaftLogWorker (SegmentedRaftLogWorker.java:lambda$new$0(132)) - a1dec692-f01d-4dc4-b8c6-c1af31f4a539-SegmentedRaftLogWorker:Storage Directory /workdir/hadoop-ozone/ozonefs/target/test-dir/MiniOzoneClusterImpl-889e9801-d8cd-4d64-ad06-78e1b934daf6/datanode-7/data/ratis/c1767c15-31cf-401e-adf0-94aeeaab19dd: flushIndex: setUnconditionally 0 -> -1
2019-09-19 14:40:05,763 [pool-104-thread-1] INFO  server.RaftServerConfigKeys (ConfUtils.java:logGet(43)) - raft.server.snapshot.auto.trigger.enabled = true (custom)
2019-09-19 14:40:05,763 [pool-104-thread-1] INFO  server.RaftServerConfigKeys (ConfUtils.java:logGet(43)) - raft.server.snapshot.auto.trigger.threshold = 10000 (custom)
2019-09-19 14:40:05,763 [pool-104-thread-1] INFO  server.RaftServerConfigKeys (ConfUtils.java:logGet(43)) - raft.server.retrycache.expirytime = 600000ms (custom)
2019-09-19 14:40:05,763 [pool-104-thread-1] INFO  impl.RaftServerImpl (RaftServerImpl.java:start(180)) - a1dec692-f01d-4dc4-b8c6-c1af31f4a539: start group-94AEEAAB19DD
2019-09-19 14:40:05,764 [pool-104-thread-1] INFO  impl.RaftServerImpl (RaftServerImpl.java:setRole(171)) - a1dec692-f01d-4dc4-b8c6-c1af31f4a539:group-94AEEAAB19DD changes role from null to FOLLOWER at term 0 for startAsFollower
2019-09-19 14:40:05,764 [pool-104-thread-1] INFO  impl.RoleInfo (RoleInfo.java:updateAndGet(143)) - a1dec692-f01d-4dc4-b8c6-c1af31f4a539: start FollowerState
2019-09-19 14:40:05,764 [pool-104-thread-1] INFO  util.JmxRegister (JmxRegister.java:tryRegister(44)) - Successfully registered JMX Bean with object name Ratis:service=RaftServer,group=group-94AEEAAB19DD,id=a1dec692-f01d-4dc4-b8c6-c1af31f4a539
2019-09-19 14:40:05,767 [RatisPipelineUtilsThread] INFO  pipeline.PipelineStateManager (PipelineStateManager.java:addPipeline(56)) - Created pipeline Pipeline[ Id: c1767c15-31cf-401e-adf0-94aeeaab19dd, Nodes: a1dec692-f01d-4dc4-b8c6-c1af31f4a539{ip: 192.168.5.132, host: pr-hdds-1569-rzdr8-3403194166, networkLocation: /default-rack, certSerialId: null}, Type:RATIS, Factor:ONE, State:OPEN]
2019-09-19 14:40:05,768 [RatisPipelineUtilsThread] ERROR pipeline.PipelinePlacementPolicy (PipelinePlacementPolicy.java:meetCriteria(91)) - Pipeline Placement: Doesn't meet the criteria to be viable node. Heaviness: 6
2019-09-19 14:40:05,768 [RatisPipelineUtilsThread] ERROR pipeline.PipelinePlacementPolicy (PipelinePlacementPolicy.java:meetCriteria(91)) - Pipeline Placement: Doesn't meet the criteria to be viable node. Heaviness: 6
2019-09-19 14:40:05,768 [RatisPipelineUtilsThread] ERROR pipeline.PipelinePlacementPolicy (PipelinePlacementPolicy.java:meetCriteria(91)) - Pipeline Placement: Doesn't meet the criteria to be viable node. Heaviness: 6
2019-09-19 14:40:05,768 [RatisPipelineUtilsThread] ERROR pipeline.PipelinePlacementPolicy (PipelinePlacementPolicy.java:meetCriteria(91)) - Pipeline Placement: Doesn't meet the criteria to be viable node. Heaviness: 6
2019-09-19 14:40:05,768 [RatisPipelineUtilsThread] ERROR pipeline.PipelinePlacementPolicy (PipelinePlacementPolicy.java:meetCriteria(91)) - Pipeline Placement: Doesn't meet the criteria to be viable node. Heaviness: 6
2019-09-19 14:40:05,768 [RatisPipelineUtilsThread] ERROR pipeline.PipelinePlacementPolicy (PipelinePlacementPolicy.java:meetCriteria(91)) - Pipeline Placement: Doesn't meet the criteria to be viable node. Heaviness: 6
2019-09-19 14:40:05,768 [RatisPipelineUtilsThread] ERROR pipeline.PipelinePlacementPolicy (PipelinePlacementPolicy.java:meetCriteria(91)) - Pipeline Placement: Doesn't meet the criteria to be viable node. Heaviness: 6
2019-09-19 14:40:05,768 [RatisPipelineUtilsThread] ERROR pipeline.PipelinePlacementPolicy (PipelinePlacementPolicy.java:meetCriteria(91)) - Pipeline Placement: Doesn't meet the criteria to be viable node. Heaviness: 6
2019-09-19 14:40:05,774 [grpc-default-executor-1] INFO  impl.RaftServerProxy (RaftServerProxy.java:addNew(89)) - 7bfd0aba-89d9-48be-a848-6a4500b14ddf: addNew group-B175B188F4FA:[7bfd0aba-89d9-48be-a848-6a4500b14ddf:192.168.5.132:45019] returns group-B175B188F4FA:java.util.concurrent.CompletableFuture@2890afdf[Not completed]
2019-09-19 14:40:05,775 [pool-115-thread-1] INFO  impl.RaftServerImpl (RaftServerImpl.java:<init>(93)) - 7bfd0aba-89d9-48be-a848-6a4500b14ddf: new RaftServerImpl for group-B175B188F4FA:[7bfd0aba-89d9-48be-a848-6a4500b14ddf:192.168.5.132:45019] with ContainerStateMachine:uninitialized
2019-09-19 14:40:05,775 [pool-115-thread-1] INFO  server.RaftServerConfigKeys (ConfUtils.java:logGet(43)) - raft.server.rpc.timeout.min = 5s (custom)
2019-09-19 14:40:05,775 [pool-115-thread-1] INFO  server.RaftServerConfigKeys (ConfUtils.java:logGet(43)) - raft.server.rpc.timeout.max = 5200ms (custom)
2019-09-19 14:40:05,775 [pool-115-thread-1] INFO  server.RaftServerConfigKeys (ConfUtils.java:logGet(43)) - raft.server.rpcslowness.timeout = 120s (custom)
2019-09-19 14:40:05,775 [pool-115-thread-1] INFO  server.RaftServerConfigKeys (ConfUtils.java:logGet(43)) - raft.server.sleep.deviation.threshold = 300 (default)
2019-09-19 14:40:05,775 [pool-115-thread-1] INFO  server.RaftServerConfigKeys (ConfUtils.java:logGet(43)) - raft.server.log.appender.install.snapshot.enabled = false (custom)
2019-09-19 14:40:05,775 [pool-115-thread-1] INFO  impl.RaftServerImpl (ServerState.java:<init>(105)) - 7bfd0aba-89d9-48be-a848-6a4500b14ddf:group-B175B188F4FA ConfigurationManager, init=-1: [7bfd0aba-89d9-48be-a848-6a4500b14ddf:192.168.5.132:45019], old=null, confs=<EMPTY_MAP>
2019-09-19 14:40:05,775 [pool-115-thread-1] INFO  server.RaftServerConfigKeys (ConfUtils.java:logGet(43)) - raft.server.storage.dir = [/workdir/hadoop-ozone/ozonefs/target/test-dir/MiniOzoneClusterImpl-889e9801-d8cd-4d64-ad06-78e1b934daf6/datanode-8/data/ratis] (custom)
2019-09-19 14:40:05,776 [pool-115-thread-1] INFO  storage.RaftStorageDirectory (RaftStorageDirectory.java:analyzeStorage(246)) - The storage directory /workdir/hadoop-ozone/ozonefs/target/test-dir/MiniOzoneClusterImpl-889e9801-d8cd-4d64-ad06-78e1b934daf6/datanode-8/data/ratis/50efdd74-2d2f-4f60-b17b-b175b188f4fa does not exist. Creating ...
2019-09-19 14:40:05,798 [pool-115-thread-1] INFO  storage.RaftStorageDirectory (RaftStorageDirectory.java:tryLock(328)) - Lock on /workdir/hadoop-ozone/ozonefs/target/test-dir/MiniOzoneClusterImpl-889e9801-d8cd-4d64-ad06-78e1b934daf6/datanode-8/data/ratis/50efdd74-2d2f-4f60-b17b-b175b188f4fa/in_use.lock acquired by nodename 29702@pr-hdds-1569-rzdr8-3403194166
2019-09-19 14:40:05,822 [pool-115-thread-1] INFO  storage.RaftStorage (RaftStorage.java:format(72)) - Storage directory /workdir/hadoop-ozone/ozonefs/target/test-dir/MiniOzoneClusterImpl-889e9801-d8cd-4d64-ad06-78e1b934daf6/datanode-8/data/ratis/50efdd74-2d2f-4f60-b17b-b175b188f4fa has been successfully formatted.
2019-09-19 14:40:05,823 [pool-115-thread-1] INFO  ratis.ContainerStateMachine (ContainerStateMachine.java:loadSnapshot(226)) - group-B175B188F4FA: The snapshot info is null. Setting the last applied indexto:(t:0, i:~)
2019-09-19 14:40:05,823 [pool-115-thread-1] INFO  server.RaftServerConfigKeys (ConfUtils.java:logGet(43)) - raft.server.leader.election.timeout = 120s (custom)
2019-09-19 14:40:05,823 [pool-115-thread-1] INFO  server.RaftServerConfigKeys (ConfUtils.java:logGet(43)) - raft.server.log.use.memory = false (default)
2019-09-19 14:40:05,823 [pool-115-thread-1] INFO  server.RaftServerConfigKeys (ConfUtils.java:logGet(43)) - raft.server.log.purge.gap = 1000000 (custom)
2019-09-19 14:40:05,823 [pool-115-thread-1] INFO  server.RaftServerConfigKeys (ConfUtils.java:logGet(43)) - raft.server.log.appender.buffer.byte-limit = 33554432 (custom)
2019-09-19 14:40:05,824 [pool-115-thread-1] INFO  server.RaftServerConfigKeys (ConfUtils.java:logGet(43)) - raft.server.log.segment.size.max = 1048576 (custom)
2019-09-19 14:40:05,824 [pool-115-thread-1] INFO  server.RaftServerConfigKeys (ConfUtils.java:logGet(43)) - raft.server.log.segment.cache.num.max = 2 (custom)
2019-09-19 14:40:05,824 [pool-115-thread-1] INFO  segmented.SegmentedRaftLogWorker (SegmentedRaftLogWorker.java:<init>(172)) - new 7bfd0aba-89d9-48be-a848-6a4500b14ddf-SegmentedRaftLogWorker:Storage Directory /workdir/hadoop-ozone/ozonefs/target/test-dir/MiniOzoneClusterImpl-889e9801-d8cd-4d64-ad06-78e1b934daf6/datanode-8/data/ratis/50efdd74-2d2f-4f60-b17b-b175b188f4fa for RaftStorage:Storage Directory /workdir/hadoop-ozone/ozonefs/target/test-dir/MiniOzoneClusterImpl-889e9801-d8cd-4d64-ad06-78e1b934daf6/datanode-8/data/ratis/50efdd74-2d2f-4f60-b17b-b175b188f4fa
2019-09-19 14:40:05,824 [pool-115-thread-1] INFO  server.RaftServerConfigKeys (ConfUtils.java:logGet(43)) - raft.server.log.queue.byte-limit = 2147483647 (custom)
2019-09-19 14:40:05,824 [pool-115-thread-1] INFO  server.RaftServerConfigKeys (ConfUtils.java:logGet(43)) - raft.server.log.queue.element-limit = 1024 (custom)
2019-09-19 14:40:05,825 [pool-115-thread-1] INFO  server.RaftServerConfigKeys (ConfUtils.java:logGet(43)) - raft.server.log.segment.size.max = 1048576 (custom)
2019-09-19 14:40:05,825 [pool-115-thread-1] INFO  server.RaftServerConfigKeys (ConfUtils.java:logGet(43)) - raft.server.log.preallocated.size = 16384 (custom)
2019-09-19 14:40:05,825 [pool-115-thread-1] INFO  server.RaftServerConfigKeys (ConfUtils.java:logGet(43)) - raft.server.log.write.buffer.size = 33554432 (custom)
2019-09-19 14:40:05,825 [pool-115-thread-1] INFO  server.RaftServerConfigKeys (ConfUtils.java:logGet(43)) - raft.server.log.force.sync.num = 128 (default)
2019-09-19 14:40:05,825 [pool-115-thread-1] INFO  server.RaftServerConfigKeys (ConfUtils.java:logGet(43)) - raft.server.log.statemachine.data.sync = true (default)
2019-09-19 14:40:05,825 [pool-115-thread-1] INFO  server.RaftServerConfigKeys (ConfUtils.java:logGet(43)) - raft.server.log.statemachine.data.sync.timeout = 10s (default)
2019-09-19 14:40:05,825 [pool-115-thread-1] INFO  server.RaftServerConfigKeys (ConfUtils.java:logGet(43)) - raft.server.log.statemachine.data.sync.timeout.retry = -1 (default)
2019-09-19 14:40:05,826 [pool-115-thread-1] INFO  server.RaftServerConfigKeys (ConfUtils.java:logGet(43)) - raft.server.log.statemachine.data.caching.enabled = true (custom)
2019-09-19 14:40:05,826 [pool-115-thread-1] INFO  segmented.SegmentedRaftLogWorker (SegmentedRaftLogWorker.java:lambda$new$0(132)) - 7bfd0aba-89d9-48be-a848-6a4500b14ddf-SegmentedRaftLogWorker:Storage Directory /workdir/hadoop-ozone/ozonefs/target/test-dir/MiniOzoneClusterImpl-889e9801-d8cd-4d64-ad06-78e1b934daf6/datanode-8/data/ratis/50efdd74-2d2f-4f60-b17b-b175b188f4fa: flushIndex: setUnconditionally 0 -> -1
2019-09-19 14:40:05,826 [pool-115-thread-1] INFO  server.RaftServerConfigKeys (ConfUtils.java:logGet(43)) - raft.server.snapshot.auto.trigger.enabled = true (custom)
2019-09-19 14:40:05,826 [pool-115-thread-1] INFO  server.RaftServerConfigKeys (ConfUtils.java:logGet(43)) - raft.server.snapshot.auto.trigger.threshold = 10000 (custom)
2019-09-19 14:40:05,827 [pool-115-thread-1] INFO  server.RaftServerConfigKeys (ConfUtils.java:logGet(43)) - raft.server.retrycache.expirytime = 600000ms (custom)
2019-09-19 14:40:05,827 [pool-115-thread-1] INFO  impl.RaftServerImpl (RaftServerImpl.java:start(180)) - 7bfd0aba-89d9-48be-a848-6a4500b14ddf: start group-B175B188F4FA
2019-09-19 14:40:05,827 [pool-115-thread-1] INFO  impl.RaftServerImpl (RaftServerImpl.java:setRole(171)) - 7bfd0aba-89d9-48be-a848-6a4500b14ddf:group-B175B188F4FA changes role from null to FOLLOWER at term 0 for startAsFollower
2019-09-19 14:40:05,827 [pool-115-thread-1] INFO  impl.RoleInfo (RoleInfo.java:updateAndGet(143)) - 7bfd0aba-89d9-48be-a848-6a4500b14ddf: start FollowerState
2019-09-19 14:40:05,828 [pool-115-thread-1] INFO  util.JmxRegister (JmxRegister.java:tryRegister(44)) - Successfully registered JMX Bean with object name Ratis:service=RaftServer,group=group-B175B188F4FA,id=7bfd0aba-89d9-48be-a848-6a4500b14ddf
2019-09-19 14:40:05,831 [RatisPipelineUtilsThread] INFO  pipeline.PipelineStateManager (PipelineStateManager.java:addPipeline(56)) - Created pipeline Pipeline[ Id: 50efdd74-2d2f-4f60-b17b-b175b188f4fa, Nodes: 7bfd0aba-89d9-48be-a848-6a4500b14ddf{ip: 192.168.5.132, host: pr-hdds-1569-rzdr8-3403194166, networkLocation: /default-rack, certSerialId: null}, Type:RATIS, Factor:ONE, State:OPEN]
2019-09-19 14:40:05,831 [RatisPipelineUtilsThread] ERROR pipeline.PipelinePlacementPolicy (PipelinePlacementPolicy.java:meetCriteria(91)) - Pipeline Placement: Doesn't meet the criteria to be viable node. Heaviness: 6
2019-09-19 14:40:05,832 [RatisPipelineUtilsThread] ERROR pipeline.PipelinePlacementPolicy (PipelinePlacementPolicy.java:meetCriteria(91)) - Pipeline Placement: Doesn't meet the criteria to be viable node. Heaviness: 6
2019-09-19 14:40:05,832 [RatisPipelineUtilsThread] ERROR pipeline.PipelinePlacementPolicy (PipelinePlacementPolicy.java:meetCriteria(91)) - Pipeline Placement: Doesn't meet the criteria to be viable node. Heaviness: 6
2019-09-19 14:40:05,832 [RatisPipelineUtilsThread] ERROR pipeline.PipelinePlacementPolicy (PipelinePlacementPolicy.java:meetCriteria(91)) - Pipeline Placement: Doesn't meet the criteria to be viable node. Heaviness: 6
2019-09-19 14:40:05,832 [RatisPipelineUtilsThread] ERROR pipeline.PipelinePlacementPolicy (PipelinePlacementPolicy.java:meetCriteria(91)) - Pipeline Placement: Doesn't meet the criteria to be viable node. Heaviness: 6
2019-09-19 14:40:05,832 [RatisPipelineUtilsThread] ERROR pipeline.PipelinePlacementPolicy (PipelinePlacementPolicy.java:meetCriteria(91)) - Pipeline Placement: Doesn't meet the criteria to be viable node. Heaviness: 6
2019-09-19 14:40:05,832 [RatisPipelineUtilsThread] ERROR pipeline.PipelinePlacementPolicy (PipelinePlacementPolicy.java:meetCriteria(91)) - Pipeline Placement: Doesn't meet the criteria to be viable node. Heaviness: 6
2019-09-19 14:40:05,833 [RatisPipelineUtilsThread] ERROR pipeline.PipelinePlacementPolicy (PipelinePlacementPolicy.java:meetCriteria(91)) - Pipeline Placement: Doesn't meet the criteria to be viable node. Heaviness: 6
2019-09-19 14:40:05,836 | INFO  | SCMAudit | user=jenkins1000 | ip=192.168.5.132 | op=SEND_HEARTBEAT {datanodeUUID=cda53276-4c02-47df-9243-aafa1631e748, command=[]} | ret=SUCCESS |  
2019-09-19 14:40:05,839 [grpc-default-executor-1] INFO  impl.RaftServerProxy (RaftServerProxy.java:addNew(89)) - 7bfd0aba-89d9-48be-a848-6a4500b14ddf: addNew group-B5D94F720381:[7bfd0aba-89d9-48be-a848-6a4500b14ddf:192.168.5.132:45019] returns group-B5D94F720381:java.util.concurrent.CompletableFuture@6dc3b49a[Not completed]
2019-09-19 14:40:05,840 [pool-115-thread-1] INFO  impl.RaftServerImpl (RaftServerImpl.java:<init>(93)) - 7bfd0aba-89d9-48be-a848-6a4500b14ddf: new RaftServerImpl for group-B5D94F720381:[7bfd0aba-89d9-48be-a848-6a4500b14ddf:192.168.5.132:45019] with ContainerStateMachine:uninitialized
2019-09-19 14:40:05,840 [pool-115-thread-1] INFO  server.RaftServerConfigKeys (ConfUtils.java:logGet(43)) - raft.server.rpc.timeout.min = 5s (custom)
2019-09-19 14:40:05,840 [pool-115-thread-1] INFO  server.RaftServerConfigKeys (ConfUtils.java:logGet(43)) - raft.server.rpc.timeout.max = 5200ms (custom)
2019-09-19 14:40:05,840 [pool-115-thread-1] INFO  server.RaftServerConfigKeys (ConfUtils.java:logGet(43)) - raft.server.rpcslowness.timeout = 120s (custom)
2019-09-19 14:40:05,840 [pool-115-thread-1] INFO  server.RaftServerConfigKeys (ConfUtils.java:logGet(43)) - raft.server.sleep.deviation.threshold = 300 (default)
2019-09-19 14:40:05,841 [pool-115-thread-1] INFO  server.RaftServerConfigKeys (ConfUtils.java:logGet(43)) - raft.server.log.appender.install.snapshot.enabled = false (custom)
2019-09-19 14:40:05,841 [pool-115-thread-1] INFO  impl.RaftServerImpl (ServerState.java:<init>(105)) - 7bfd0aba-89d9-48be-a848-6a4500b14ddf:group-B5D94F720381 ConfigurationManager, init=-1: [7bfd0aba-89d9-48be-a848-6a4500b14ddf:192.168.5.132:45019], old=null, confs=<EMPTY_MAP>
2019-09-19 14:40:05,841 [pool-115-thread-1] INFO  server.RaftServerConfigKeys (ConfUtils.java:logGet(43)) - raft.server.storage.dir = [/workdir/hadoop-ozone/ozonefs/target/test-dir/MiniOzoneClusterImpl-889e9801-d8cd-4d64-ad06-78e1b934daf6/datanode-8/data/ratis] (custom)
2019-09-19 14:40:05,841 [pool-115-thread-1] INFO  storage.RaftStorageDirectory (RaftStorageDirectory.java:analyzeStorage(246)) - The storage directory /workdir/hadoop-ozone/ozonefs/target/test-dir/MiniOzoneClusterImpl-889e9801-d8cd-4d64-ad06-78e1b934daf6/datanode-8/data/ratis/05a6388c-8bc8-4422-9ed3-b5d94f720381 does not exist. Creating ...
2019-09-19 14:40:05,869 [pool-115-thread-1] INFO  storage.RaftStorageDirectory (RaftStorageDirectory.java:tryLock(328)) - Lock on /workdir/hadoop-ozone/ozonefs/target/test-dir/MiniOzoneClusterImpl-889e9801-d8cd-4d64-ad06-78e1b934daf6/datanode-8/data/ratis/05a6388c-8bc8-4422-9ed3-b5d94f720381/in_use.lock acquired by nodename 29702@pr-hdds-1569-rzdr8-3403194166
2019-09-19 14:40:05,886 [Thread-284] INFO  impl.FollowerState (FollowerState.java:run(106)) - f70b6c3b-be29-4a26-a238-fb2d839120cd:group-C473F2A747EF changes to CANDIDATE, lastRpcTime:5095, electionTimeout:5095ms
2019-09-19 14:40:05,886 [Thread-284] INFO  impl.RoleInfo (RoleInfo.java:shutdownFollowerState(121)) - f70b6c3b-be29-4a26-a238-fb2d839120cd: shutdown FollowerState
2019-09-19 14:40:05,886 [Thread-284] INFO  impl.RaftServerImpl (RaftServerImpl.java:setRole(171)) - f70b6c3b-be29-4a26-a238-fb2d839120cd:group-C473F2A747EF changes role from FOLLOWER to CANDIDATE at term 0 for changeToCandidate
2019-09-19 14:40:05,889 [Thread-284] INFO  impl.RoleInfo (RoleInfo.java:updateAndGet(143)) - f70b6c3b-be29-4a26-a238-fb2d839120cd: start LeaderElection
2019-09-19 14:40:05,937 [pool-115-thread-1] INFO  storage.RaftStorage (RaftStorage.java:format(72)) - Storage directory /workdir/hadoop-ozone/ozonefs/target/test-dir/MiniOzoneClusterImpl-889e9801-d8cd-4d64-ad06-78e1b934daf6/datanode-8/data/ratis/05a6388c-8bc8-4422-9ed3-b5d94f720381 has been successfully formatted.
2019-09-19 14:40:05,937 [pool-115-thread-1] INFO  ratis.ContainerStateMachine (ContainerStateMachine.java:loadSnapshot(226)) - group-B5D94F720381: The snapshot info is null. Setting the last applied indexto:(t:0, i:~)
2019-09-19 14:40:05,937 [pool-115-thread-1] INFO  server.RaftServerConfigKeys (ConfUtils.java:logGet(43)) - raft.server.leader.election.timeout = 120s (custom)
2019-09-19 14:40:05,938 [pool-115-thread-1] INFO  server.RaftServerConfigKeys (ConfUtils.java:logGet(43)) - raft.server.log.use.memory = false (default)
2019-09-19 14:40:05,938 [pool-115-thread-1] INFO  server.RaftServerConfigKeys (ConfUtils.java:logGet(43)) - raft.server.log.purge.gap = 1000000 (custom)
2019-09-19 14:40:05,938 [pool-115-thread-1] INFO  server.RaftServerConfigKeys (ConfUtils.java:logGet(43)) - raft.server.log.appender.buffer.byte-limit = 33554432 (custom)
2019-09-19 14:40:05,938 [pool-115-thread-1] INFO  server.RaftServerConfigKeys (ConfUtils.java:logGet(43)) - raft.server.log.segment.size.max = 1048576 (custom)
2019-09-19 14:40:05,938 [pool-115-thread-1] INFO  server.RaftServerConfigKeys (ConfUtils.java:logGet(43)) - raft.server.log.segment.cache.num.max = 2 (custom)
2019-09-19 14:40:05,938 [pool-115-thread-1] INFO  segmented.SegmentedRaftLogWorker (SegmentedRaftLogWorker.java:<init>(172)) - new 7bfd0aba-89d9-48be-a848-6a4500b14ddf-SegmentedRaftLogWorker:Storage Directory /workdir/hadoop-ozone/ozonefs/target/test-dir/MiniOzoneClusterImpl-889e9801-d8cd-4d64-ad06-78e1b934daf6/datanode-8/data/ratis/05a6388c-8bc8-4422-9ed3-b5d94f720381 for RaftStorage:Storage Directory /workdir/hadoop-ozone/ozonefs/target/test-dir/MiniOzoneClusterImpl-889e9801-d8cd-4d64-ad06-78e1b934daf6/datanode-8/data/ratis/05a6388c-8bc8-4422-9ed3-b5d94f720381
2019-09-19 14:40:05,938 [pool-115-thread-1] INFO  server.RaftServerConfigKeys (ConfUtils.java:logGet(43)) - raft.server.log.queue.byte-limit = 2147483647 (custom)
2019-09-19 14:40:05,938 [pool-115-thread-1] INFO  server.RaftServerConfigKeys (ConfUtils.java:logGet(43)) - raft.server.log.queue.element-limit = 1024 (custom)
2019-09-19 14:40:05,939 [pool-115-thread-1] INFO  server.RaftServerConfigKeys (ConfUtils.java:logGet(43)) - raft.server.log.segment.size.max = 1048576 (custom)
2019-09-19 14:40:05,939 [pool-115-thread-1] INFO  server.RaftServerConfigKeys (ConfUtils.java:logGet(43)) - raft.server.log.preallocated.size = 16384 (custom)
2019-09-19 14:40:05,939 [pool-115-thread-1] INFO  server.RaftServerConfigKeys (ConfUtils.java:logGet(43)) - raft.server.log.write.buffer.size = 33554432 (custom)
2019-09-19 14:40:05,939 [pool-115-thread-1] INFO  server.RaftServerConfigKeys (ConfUtils.java:logGet(43)) - raft.server.log.force.sync.num = 128 (default)
2019-09-19 14:40:05,939 [pool-115-thread-1] INFO  server.RaftServerConfigKeys (ConfUtils.java:logGet(43)) - raft.server.log.statemachine.data.sync = true (default)
2019-09-19 14:40:05,939 [pool-115-thread-1] INFO  server.RaftServerConfigKeys (ConfUtils.java:logGet(43)) - raft.server.log.statemachine.data.sync.timeout = 10s (default)
2019-09-19 14:40:05,939 [pool-115-thread-1] INFO  server.RaftServerConfigKeys (ConfUtils.java:logGet(43)) - raft.server.log.statemachine.data.sync.timeout.retry = -1 (default)
2019-09-19 14:40:05,939 [pool-115-thread-1] INFO  server.RaftServerConfigKeys (ConfUtils.java:logGet(43)) - raft.server.log.statemachine.data.caching.enabled = true (custom)
2019-09-19 14:40:05,939 [pool-115-thread-1] INFO  segmented.SegmentedRaftLogWorker (SegmentedRaftLogWorker.java:lambda$new$0(132)) - 7bfd0aba-89d9-48be-a848-6a4500b14ddf-SegmentedRaftLogWorker:Storage Directory /workdir/hadoop-ozone/ozonefs/target/test-dir/MiniOzoneClusterImpl-889e9801-d8cd-4d64-ad06-78e1b934daf6/datanode-8/data/ratis/05a6388c-8bc8-4422-9ed3-b5d94f720381: flushIndex: setUnconditionally 0 -> -1
2019-09-19 14:40:05,940 [pool-115-thread-1] INFO  server.RaftServerConfigKeys (ConfUtils.java:logGet(43)) - raft.server.snapshot.auto.trigger.enabled = true (custom)
2019-09-19 14:40:05,940 [pool-115-thread-1] INFO  server.RaftServerConfigKeys (ConfUtils.java:logGet(43)) - raft.server.snapshot.auto.trigger.threshold = 10000 (custom)
2019-09-19 14:40:05,940 [pool-115-thread-1] INFO  server.RaftServerConfigKeys (ConfUtils.java:logGet(43)) - raft.server.retrycache.expirytime = 600000ms (custom)
2019-09-19 14:40:05,940 [pool-115-thread-1] INFO  impl.RaftServerImpl (RaftServerImpl.java:start(180)) - 7bfd0aba-89d9-48be-a848-6a4500b14ddf: start group-B5D94F720381
2019-09-19 14:40:05,940 [pool-115-thread-1] INFO  impl.RaftServerImpl (RaftServerImpl.java:setRole(171)) - 7bfd0aba-89d9-48be-a848-6a4500b14ddf:group-B5D94F720381 changes role from null to FOLLOWER at term 0 for startAsFollower
2019-09-19 14:40:05,940 [pool-115-thread-1] INFO  impl.RoleInfo (RoleInfo.java:updateAndGet(143)) - 7bfd0aba-89d9-48be-a848-6a4500b14ddf: start FollowerState
2019-09-19 14:40:05,941 [pool-115-thread-1] INFO  util.JmxRegister (JmxRegister.java:tryRegister(44)) - Successfully registered JMX Bean with object name Ratis:service=RaftServer,group=group-B5D94F720381,id=7bfd0aba-89d9-48be-a848-6a4500b14ddf
2019-09-19 14:40:05,944 [RatisPipelineUtilsThread] INFO  pipeline.PipelineStateManager (PipelineStateManager.java:addPipeline(56)) - Created pipeline Pipeline[ Id: 05a6388c-8bc8-4422-9ed3-b5d94f720381, Nodes: 7bfd0aba-89d9-48be-a848-6a4500b14ddf{ip: 192.168.5.132, host: pr-hdds-1569-rzdr8-3403194166, networkLocation: /default-rack, certSerialId: null}, Type:RATIS, Factor:ONE, State:OPEN]
2019-09-19 14:40:05,945 [RatisPipelineUtilsThread] ERROR pipeline.PipelinePlacementPolicy (PipelinePlacementPolicy.java:meetCriteria(91)) - Pipeline Placement: Doesn't meet the criteria to be viable node. Heaviness: 6
2019-09-19 14:40:05,945 [RatisPipelineUtilsThread] ERROR pipeline.PipelinePlacementPolicy (PipelinePlacementPolicy.java:meetCriteria(91)) - Pipeline Placement: Doesn't meet the criteria to be viable node. Heaviness: 6
2019-09-19 14:40:05,945 [RatisPipelineUtilsThread] ERROR pipeline.PipelinePlacementPolicy (PipelinePlacementPolicy.java:meetCriteria(91)) - Pipeline Placement: Doesn't meet the criteria to be viable node. Heaviness: 6
2019-09-19 14:40:05,945 [RatisPipelineUtilsThread] ERROR pipeline.PipelinePlacementPolicy (PipelinePlacementPolicy.java:meetCriteria(91)) - Pipeline Placement: Doesn't meet the criteria to be viable node. Heaviness: 6
2019-09-19 14:40:05,945 [RatisPipelineUtilsThread] ERROR pipeline.PipelinePlacementPolicy (PipelinePlacementPolicy.java:meetCriteria(91)) - Pipeline Placement: Doesn't meet the criteria to be viable node. Heaviness: 6
2019-09-19 14:40:05,946 [RatisPipelineUtilsThread] ERROR pipeline.PipelinePlacementPolicy (PipelinePlacementPolicy.java:meetCriteria(91)) - Pipeline Placement: Doesn't meet the criteria to be viable node. Heaviness: 6
2019-09-19 14:40:05,946 [RatisPipelineUtilsThread] ERROR pipeline.PipelinePlacementPolicy (PipelinePlacementPolicy.java:meetCriteria(91)) - Pipeline Placement: Doesn't meet the criteria to be viable node. Heaviness: 6
2019-09-19 14:40:05,946 [RatisPipelineUtilsThread] ERROR pipeline.PipelinePlacementPolicy (PipelinePlacementPolicy.java:meetCriteria(91)) - Pipeline Placement: Doesn't meet the criteria to be viable node. Heaviness: 6
2019-09-19 14:40:05,952 [grpc-default-executor-1] INFO  impl.RaftServerProxy (RaftServerProxy.java:addNew(89)) - 7bfd0aba-89d9-48be-a848-6a4500b14ddf: addNew group-82ABAD750664:[7bfd0aba-89d9-48be-a848-6a4500b14ddf:192.168.5.132:45019] returns group-82ABAD750664:java.util.concurrent.CompletableFuture@73016b42[Not completed]
2019-09-19 14:40:05,953 [pool-115-thread-1] INFO  impl.RaftServerImpl (RaftServerImpl.java:<init>(93)) - 7bfd0aba-89d9-48be-a848-6a4500b14ddf: new RaftServerImpl for group-82ABAD750664:[7bfd0aba-89d9-48be-a848-6a4500b14ddf:192.168.5.132:45019] with ContainerStateMachine:uninitialized
2019-09-19 14:40:05,954 [pool-115-thread-1] INFO  server.RaftServerConfigKeys (ConfUtils.java:logGet(43)) - raft.server.rpc.timeout.min = 5s (custom)
2019-09-19 14:40:05,954 [pool-115-thread-1] INFO  server.RaftServerConfigKeys (ConfUtils.java:logGet(43)) - raft.server.rpc.timeout.max = 5200ms (custom)
2019-09-19 14:40:05,954 [pool-115-thread-1] INFO  server.RaftServerConfigKeys (ConfUtils.java:logGet(43)) - raft.server.rpcslowness.timeout = 120s (custom)
2019-09-19 14:40:05,954 [pool-115-thread-1] INFO  server.RaftServerConfigKeys (ConfUtils.java:logGet(43)) - raft.server.sleep.deviation.threshold = 300 (default)
2019-09-19 14:40:05,954 [pool-115-thread-1] INFO  server.RaftServerConfigKeys (ConfUtils.java:logGet(43)) - raft.server.log.appender.install.snapshot.enabled = false (custom)
2019-09-19 14:40:05,954 [pool-115-thread-1] INFO  impl.RaftServerImpl (ServerState.java:<init>(105)) - 7bfd0aba-89d9-48be-a848-6a4500b14ddf:group-82ABAD750664 ConfigurationManager, init=-1: [7bfd0aba-89d9-48be-a848-6a4500b14ddf:192.168.5.132:45019], old=null, confs=<EMPTY_MAP>
2019-09-19 14:40:05,954 [pool-115-thread-1] INFO  server.RaftServerConfigKeys (ConfUtils.java:logGet(43)) - raft.server.storage.dir = [/workdir/hadoop-ozone/ozonefs/target/test-dir/MiniOzoneClusterImpl-889e9801-d8cd-4d64-ad06-78e1b934daf6/datanode-8/data/ratis] (custom)
2019-09-19 14:40:05,954 [pool-115-thread-1] INFO  storage.RaftStorageDirectory (RaftStorageDirectory.java:analyzeStorage(246)) - The storage directory /workdir/hadoop-ozone/ozonefs/target/test-dir/MiniOzoneClusterImpl-889e9801-d8cd-4d64-ad06-78e1b934daf6/datanode-8/data/ratis/e9a3016e-e952-44c3-8636-82abad750664 does not exist. Creating ...
2019-09-19 14:40:05,960 [f70b6c3b-be29-4a26-a238-fb2d839120cd:group-C473F2A747EF:LeaderElection1] INFO  impl.LeaderElection (LeaderElection.java:askForVotes(181)) - f70b6c3b-be29-4a26-a238-fb2d839120cd:group-C473F2A747EF:LeaderElection1: begin an election at term 1 for -1: [f70b6c3b-be29-4a26-a238-fb2d839120cd:192.168.5.132:34965], old=null
2019-09-19 14:40:05,963 [f70b6c3b-be29-4a26-a238-fb2d839120cd:group-C473F2A747EF:LeaderElection1] INFO  impl.RoleInfo (RoleInfo.java:shutdownLeaderElection(134)) - f70b6c3b-be29-4a26-a238-fb2d839120cd: shutdown LeaderElection
2019-09-19 14:40:05,964 [f70b6c3b-be29-4a26-a238-fb2d839120cd:group-C473F2A747EF:LeaderElection1] INFO  impl.RaftServerImpl (RaftServerImpl.java:setRole(171)) - f70b6c3b-be29-4a26-a238-fb2d839120cd:group-C473F2A747EF changes role from CANDIDATE to LEADER at term 1 for changeToLeader
2019-09-19 14:40:05,964 [f70b6c3b-be29-4a26-a238-fb2d839120cd:group-C473F2A747EF:LeaderElection1] INFO  impl.RaftServerImpl (ServerState.java:setLeader(263)) - f70b6c3b-be29-4a26-a238-fb2d839120cd:group-C473F2A747EF change Leader from null to f70b6c3b-be29-4a26-a238-fb2d839120cd at term 1 for becomeLeader, leader elected after 5281ms
2019-09-19 14:40:05,972 [f70b6c3b-be29-4a26-a238-fb2d839120cd:group-C473F2A747EF:LeaderElection1] INFO  server.RaftServerConfigKeys (ConfUtils.java:logGet(43)) - raft.server.staging.catchup.gap = 1000 (default)
2019-09-19 14:40:05,973 [f70b6c3b-be29-4a26-a238-fb2d839120cd:group-C473F2A747EF:LeaderElection1] INFO  server.RaftServerConfigKeys (ConfUtils.java:logGet(43)) - raft.server.rpc.sleep.time = 25ms (default)
2019-09-19 14:40:05,974 [pool-115-thread-1] INFO  storage.RaftStorageDirectory (RaftStorageDirectory.java:tryLock(328)) - Lock on /workdir/hadoop-ozone/ozonefs/target/test-dir/MiniOzoneClusterImpl-889e9801-d8cd-4d64-ad06-78e1b934daf6/datanode-8/data/ratis/e9a3016e-e952-44c3-8636-82abad750664/in_use.lock acquired by nodename 29702@pr-hdds-1569-rzdr8-3403194166
2019-09-19 14:40:05,977 [f70b6c3b-be29-4a26-a238-fb2d839120cd:group-C473F2A747EF:LeaderElection1] INFO  server.RaftServerConfigKeys (ConfUtils.java:logGet(43)) - raft.server.write.element-limit = 4096 (default)
2019-09-19 14:40:05,981 [f70b6c3b-be29-4a26-a238-fb2d839120cd:group-C473F2A747EF:LeaderElection1] INFO  server.RaftServerConfigKeys (ConfUtils.java:logGet(43)) - raft.server.watch.timeout = 10s (default)
2019-09-19 14:40:05,981 [f70b6c3b-be29-4a26-a238-fb2d839120cd:group-C473F2A747EF:LeaderElection1] INFO  server.RaftServerConfigKeys (ConfUtils.java:logGet(43)) - raft.server.watch.timeout.denomination = 1s (default)
2019-09-19 14:40:05,982 [f70b6c3b-be29-4a26-a238-fb2d839120cd:group-C473F2A747EF:LeaderElection1] INFO  server.RaftServerConfigKeys (ConfUtils.java:logGet(43)) - raft.server.watch.element-limit = 65536 (default)
2019-09-19 14:40:05,988 | INFO  | SCMAudit | user=jenkins1000 | ip=192.168.5.132 | op=SEND_HEARTBEAT {datanodeUUID=b84a7c4a-6ef7-4bd2-bf64-eea4d8e07688, command=[]} | ret=SUCCESS |  
2019-09-19 14:40:06,001 [pool-115-thread-1] INFO  storage.RaftStorage (RaftStorage.java:format(72)) - Storage directory /workdir/hadoop-ozone/ozonefs/target/test-dir/MiniOzoneClusterImpl-889e9801-d8cd-4d64-ad06-78e1b934daf6/datanode-8/data/ratis/e9a3016e-e952-44c3-8636-82abad750664 has been successfully formatted.
2019-09-19 14:40:06,001 [pool-115-thread-1] INFO  ratis.ContainerStateMachine (ContainerStateMachine.java:loadSnapshot(226)) - group-82ABAD750664: The snapshot info is null. Setting the last applied indexto:(t:0, i:~)
2019-09-19 14:40:06,002 [pool-115-thread-1] INFO  server.RaftServerConfigKeys (ConfUtils.java:logGet(43)) - raft.server.leader.election.timeout = 120s (custom)
2019-09-19 14:40:06,002 [pool-115-thread-1] INFO  server.RaftServerConfigKeys (ConfUtils.java:logGet(43)) - raft.server.log.use.memory = false (default)
2019-09-19 14:40:06,002 [pool-115-thread-1] INFO  server.RaftServerConfigKeys (ConfUtils.java:logGet(43)) - raft.server.log.purge.gap = 1000000 (custom)
2019-09-19 14:40:06,002 [pool-115-thread-1] INFO  server.RaftServerConfigKeys (ConfUtils.java:logGet(43)) - raft.server.log.appender.buffer.byte-limit = 33554432 (custom)
2019-09-19 14:40:06,002 [pool-115-thread-1] INFO  server.RaftServerConfigKeys (ConfUtils.java:logGet(43)) - raft.server.log.segment.size.max = 1048576 (custom)
2019-09-19 14:40:06,002 [pool-115-thread-1] INFO  server.RaftServerConfigKeys (ConfUtils.java:logGet(43)) - raft.server.log.segment.cache.num.max = 2 (custom)
2019-09-19 14:40:06,002 [pool-115-thread-1] INFO  segmented.SegmentedRaftLogWorker (SegmentedRaftLogWorker.java:<init>(172)) - new 7bfd0aba-89d9-48be-a848-6a4500b14ddf-SegmentedRaftLogWorker:Storage Directory /workdir/hadoop-ozone/ozonefs/target/test-dir/MiniOzoneClusterImpl-889e9801-d8cd-4d64-ad06-78e1b934daf6/datanode-8/data/ratis/e9a3016e-e952-44c3-8636-82abad750664 for RaftStorage:Storage Directory /workdir/hadoop-ozone/ozonefs/target/test-dir/MiniOzoneClusterImpl-889e9801-d8cd-4d64-ad06-78e1b934daf6/datanode-8/data/ratis/e9a3016e-e952-44c3-8636-82abad750664
2019-09-19 14:40:06,002 [pool-115-thread-1] INFO  server.RaftServerConfigKeys (ConfUtils.java:logGet(43)) - raft.server.log.queue.byte-limit = 2147483647 (custom)
2019-09-19 14:40:06,002 [pool-115-thread-1] INFO  server.RaftServerConfigKeys (ConfUtils.java:logGet(43)) - raft.server.log.queue.element-limit = 1024 (custom)
2019-09-19 14:40:06,003 [pool-115-thread-1] INFO  server.RaftServerConfigKeys (ConfUtils.java:logGet(43)) - raft.server.log.segment.size.max = 1048576 (custom)
2019-09-19 14:40:06,003 [pool-115-thread-1] INFO  server.RaftServerConfigKeys (ConfUtils.java:logGet(43)) - raft.server.log.preallocated.size = 16384 (custom)
2019-09-19 14:40:06,003 [pool-115-thread-1] INFO  server.RaftServerConfigKeys (ConfUtils.java:logGet(43)) - raft.server.log.write.buffer.size = 33554432 (custom)
2019-09-19 14:40:06,003 [pool-115-thread-1] INFO  server.RaftServerConfigKeys (ConfUtils.java:logGet(43)) - raft.server.log.force.sync.num = 128 (default)
2019-09-19 14:40:06,003 [pool-115-thread-1] INFO  server.RaftServerConfigKeys (ConfUtils.java:logGet(43)) - raft.server.log.statemachine.data.sync = true (default)
2019-09-19 14:40:06,003 [pool-115-thread-1] INFO  server.RaftServerConfigKeys (ConfUtils.java:logGet(43)) - raft.server.log.statemachine.data.sync.timeout = 10s (default)
2019-09-19 14:40:06,003 [pool-115-thread-1] INFO  server.RaftServerConfigKeys (ConfUtils.java:logGet(43)) - raft.server.log.statemachine.data.sync.timeout.retry = -1 (default)
2019-09-19 14:40:06,003 [pool-115-thread-1] INFO  server.RaftServerConfigKeys (ConfUtils.java:logGet(43)) - raft.server.log.statemachine.data.caching.enabled = true (custom)
2019-09-19 14:40:06,004 [pool-115-thread-1] INFO  segmented.SegmentedRaftLogWorker (SegmentedRaftLogWorker.java:lambda$new$0(132)) - 7bfd0aba-89d9-48be-a848-6a4500b14ddf-SegmentedRaftLogWorker:Storage Directory /workdir/hadoop-ozone/ozonefs/target/test-dir/MiniOzoneClusterImpl-889e9801-d8cd-4d64-ad06-78e1b934daf6/datanode-8/data/ratis/e9a3016e-e952-44c3-8636-82abad750664: flushIndex: setUnconditionally 0 -> -1
2019-09-19 14:40:06,004 [pool-115-thread-1] INFO  server.RaftServerConfigKeys (ConfUtils.java:logGet(43)) - raft.server.snapshot.auto.trigger.enabled = true (custom)
2019-09-19 14:40:06,004 [pool-115-thread-1] INFO  server.RaftServerConfigKeys (ConfUtils.java:logGet(43)) - raft.server.snapshot.auto.trigger.threshold = 10000 (custom)
2019-09-19 14:40:06,004 [pool-115-thread-1] INFO  server.RaftServerConfigKeys (ConfUtils.java:logGet(43)) - raft.server.retrycache.expirytime = 600000ms (custom)
2019-09-19 14:40:06,004 [pool-115-thread-1] INFO  impl.RaftServerImpl (RaftServerImpl.java:start(180)) - 7bfd0aba-89d9-48be-a848-6a4500b14ddf: start group-82ABAD750664
2019-09-19 14:40:06,004 [pool-115-thread-1] INFO  impl.RaftServerImpl (RaftServerImpl.java:setRole(171)) - 7bfd0aba-89d9-48be-a848-6a4500b14ddf:group-82ABAD750664 changes role from null to FOLLOWER at term 0 for startAsFollower
2019-09-19 14:40:06,004 [pool-115-thread-1] INFO  impl.RoleInfo (RoleInfo.java:updateAndGet(143)) - 7bfd0aba-89d9-48be-a848-6a4500b14ddf: start FollowerState
2019-09-19 14:40:06,005 [pool-115-thread-1] INFO  util.JmxRegister (JmxRegister.java:tryRegister(44)) - Successfully registered JMX Bean with object name Ratis:service=RaftServer,group=group-82ABAD750664,id=7bfd0aba-89d9-48be-a848-6a4500b14ddf
2019-09-19 14:40:06,005 [f70b6c3b-be29-4a26-a238-fb2d839120cd:group-C473F2A747EF:LeaderElection1] INFO  impl.RoleInfo (RoleInfo.java:updateAndGet(143)) - f70b6c3b-be29-4a26-a238-fb2d839120cd: start LeaderState
2019-09-19 14:40:06,008 [RatisPipelineUtilsThread] INFO  pipeline.PipelineStateManager (PipelineStateManager.java:addPipeline(56)) - Created pipeline Pipeline[ Id: e9a3016e-e952-44c3-8636-82abad750664, Nodes: 7bfd0aba-89d9-48be-a848-6a4500b14ddf{ip: 192.168.5.132, host: pr-hdds-1569-rzdr8-3403194166, networkLocation: /default-rack, certSerialId: null}, Type:RATIS, Factor:ONE, State:OPEN]
2019-09-19 14:40:06,008 [RatisPipelineUtilsThread] ERROR pipeline.PipelinePlacementPolicy (PipelinePlacementPolicy.java:meetCriteria(91)) - Pipeline Placement: Doesn't meet the criteria to be viable node. Heaviness: 6
2019-09-19 14:40:06,009 [RatisPipelineUtilsThread] ERROR pipeline.PipelinePlacementPolicy (PipelinePlacementPolicy.java:meetCriteria(91)) - Pipeline Placement: Doesn't meet the criteria to be viable node. Heaviness: 6
2019-09-19 14:40:06,009 [RatisPipelineUtilsThread] ERROR pipeline.PipelinePlacementPolicy (PipelinePlacementPolicy.java:meetCriteria(91)) - Pipeline Placement: Doesn't meet the criteria to be viable node. Heaviness: 6
2019-09-19 14:40:06,009 [RatisPipelineUtilsThread] ERROR pipeline.PipelinePlacementPolicy (PipelinePlacementPolicy.java:meetCriteria(91)) - Pipeline Placement: Doesn't meet the criteria to be viable node. Heaviness: 6
2019-09-19 14:40:06,009 [RatisPipelineUtilsThread] ERROR pipeline.PipelinePlacementPolicy (PipelinePlacementPolicy.java:meetCriteria(91)) - Pipeline Placement: Doesn't meet the criteria to be viable node. Heaviness: 6
2019-09-19 14:40:06,010 [RatisPipelineUtilsThread] ERROR pipeline.PipelinePlacementPolicy (PipelinePlacementPolicy.java:meetCriteria(91)) - Pipeline Placement: Doesn't meet the criteria to be viable node. Heaviness: 6
2019-09-19 14:40:06,010 [RatisPipelineUtilsThread] ERROR pipeline.PipelinePlacementPolicy (PipelinePlacementPolicy.java:meetCriteria(91)) - Pipeline Placement: Doesn't meet the criteria to be viable node. Heaviness: 6
2019-09-19 14:40:06,010 [RatisPipelineUtilsThread] ERROR pipeline.PipelinePlacementPolicy (PipelinePlacementPolicy.java:meetCriteria(91)) - Pipeline Placement: Doesn't meet the criteria to be viable node. Heaviness: 6
2019-09-19 14:40:06,011 [RatisPipelineUtilsThread] ERROR pipeline.PipelinePlacementPolicy (PipelinePlacementPolicy.java:meetCriteria(91)) - Pipeline Placement: Doesn't meet the criteria to be viable node. Heaviness: 6
2019-09-19 14:40:06,018 [grpc-default-executor-1] INFO  impl.RaftServerProxy (RaftServerProxy.java:addNew(89)) - 942b50b4-c7bf-487c-9057-9f9e637dbe53: addNew group-D85E527F45F5:[942b50b4-c7bf-487c-9057-9f9e637dbe53:192.168.5.132:34014] returns group-D85E527F45F5:java.util.concurrent.CompletableFuture@6c89421b[Not completed]
2019-09-19 14:40:06,019 [pool-127-thread-1] INFO  impl.RaftServerImpl (RaftServerImpl.java:<init>(93)) - 942b50b4-c7bf-487c-9057-9f9e637dbe53: new RaftServerImpl for group-D85E527F45F5:[942b50b4-c7bf-487c-9057-9f9e637dbe53:192.168.5.132:34014] with ContainerStateMachine:uninitialized
2019-09-19 14:40:06,019 [pool-127-thread-1] INFO  server.RaftServerConfigKeys (ConfUtils.java:logGet(43)) - raft.server.rpc.timeout.min = 5s (custom)
2019-09-19 14:40:06,020 [pool-127-thread-1] INFO  server.RaftServerConfigKeys (ConfUtils.java:logGet(43)) - raft.server.rpc.timeout.max = 5200ms (custom)
2019-09-19 14:40:06,020 [pool-127-thread-1] INFO  server.RaftServerConfigKeys (ConfUtils.java:logGet(43)) - raft.server.rpcslowness.timeout = 120s (custom)
2019-09-19 14:40:06,020 [pool-127-thread-1] INFO  server.RaftServerConfigKeys (ConfUtils.java:logGet(43)) - raft.server.sleep.deviation.threshold = 300 (default)
2019-09-19 14:40:06,020 [pool-127-thread-1] INFO  server.RaftServerConfigKeys (ConfUtils.java:logGet(43)) - raft.server.log.appender.install.snapshot.enabled = false (custom)
2019-09-19 14:40:06,020 [pool-127-thread-1] INFO  impl.RaftServerImpl (ServerState.java:<init>(105)) - 942b50b4-c7bf-487c-9057-9f9e637dbe53:group-D85E527F45F5 ConfigurationManager, init=-1: [942b50b4-c7bf-487c-9057-9f9e637dbe53:192.168.5.132:34014], old=null, confs=<EMPTY_MAP>
2019-09-19 14:40:06,021 [pool-127-thread-1] INFO  server.RaftServerConfigKeys (ConfUtils.java:logGet(43)) - raft.server.storage.dir = [/workdir/hadoop-ozone/ozonefs/target/test-dir/MiniOzoneClusterImpl-889e9801-d8cd-4d64-ad06-78e1b934daf6/datanode-9/data/ratis] (custom)
2019-09-19 14:40:06,021 [pool-127-thread-1] INFO  storage.RaftStorageDirectory (RaftStorageDirectory.java:analyzeStorage(246)) - The storage directory /workdir/hadoop-ozone/ozonefs/target/test-dir/MiniOzoneClusterImpl-889e9801-d8cd-4d64-ad06-78e1b934daf6/datanode-9/data/ratis/81a8a7cc-5070-42cb-8ee6-d85e527f45f5 does not exist. Creating ...
2019-09-19 14:40:06,026 [Thread-287] INFO  impl.FollowerState (FollowerState.java:run(106)) - f70b6c3b-be29-4a26-a238-fb2d839120cd:group-B03EF69F8E93 changes to CANDIDATE, lastRpcTime:5032, electionTimeout:5032ms
2019-09-19 14:40:06,029 [Thread-287] INFO  impl.RoleInfo (RoleInfo.java:shutdownFollowerState(121)) - f70b6c3b-be29-4a26-a238-fb2d839120cd: shutdown FollowerState
2019-09-19 14:40:06,029 [Thread-287] INFO  impl.RaftServerImpl (RaftServerImpl.java:setRole(171)) - f70b6c3b-be29-4a26-a238-fb2d839120cd:group-B03EF69F8E93 changes role from FOLLOWER to CANDIDATE at term 0 for changeToCandidate
2019-09-19 14:40:06,029 [Thread-287] INFO  impl.RoleInfo (RoleInfo.java:updateAndGet(143)) - f70b6c3b-be29-4a26-a238-fb2d839120cd: start LeaderElection
2019-09-19 14:40:06,046 [pool-127-thread-1] INFO  storage.RaftStorageDirectory (RaftStorageDirectory.java:tryLock(328)) - Lock on /workdir/hadoop-ozone/ozonefs/target/test-dir/MiniOzoneClusterImpl-889e9801-d8cd-4d64-ad06-78e1b934daf6/datanode-9/data/ratis/81a8a7cc-5070-42cb-8ee6-d85e527f45f5/in_use.lock acquired by nodename 29702@pr-hdds-1569-rzdr8-3403194166
2019-09-19 14:40:06,049 [f70b6c3b-be29-4a26-a238-fb2d839120cd:group-C473F2A747EF:LeaderElection1] INFO  segmented.SegmentedRaftLogWorker (SegmentedRaftLogWorker.java:startLogSegment(380)) - f70b6c3b-be29-4a26-a238-fb2d839120cd-SegmentedRaftLogWorker:Storage Directory /workdir/hadoop-ozone/ozonefs/target/test-dir/MiniOzoneClusterImpl-889e9801-d8cd-4d64-ad06-78e1b934daf6/datanode-0/data/ratis/8360378b-e7e6-42ca-bbf7-c473f2a747ef: Starting segment from index:0
2019-09-19 14:40:06,060 [f70b6c3b-be29-4a26-a238-fb2d839120cd:group-C473F2A747EF:LeaderElection1] INFO  impl.RaftServerImpl (ServerState.java:setRaftConf(361)) - f70b6c3b-be29-4a26-a238-fb2d839120cd:group-C473F2A747EF set configuration 0: [f70b6c3b-be29-4a26-a238-fb2d839120cd:192.168.5.132:34965], old=null at 0
2019-09-19 14:40:06,070 [pool-127-thread-1] INFO  storage.RaftStorage (RaftStorage.java:format(72)) - Storage directory /workdir/hadoop-ozone/ozonefs/target/test-dir/MiniOzoneClusterImpl-889e9801-d8cd-4d64-ad06-78e1b934daf6/datanode-9/data/ratis/81a8a7cc-5070-42cb-8ee6-d85e527f45f5 has been successfully formatted.
2019-09-19 14:40:06,070 [f70b6c3b-be29-4a26-a238-fb2d839120cd:group-B03EF69F8E93:LeaderElection2] INFO  impl.LeaderElection (LeaderElection.java:askForVotes(181)) - f70b6c3b-be29-4a26-a238-fb2d839120cd:group-B03EF69F8E93:LeaderElection2: begin an election at term 1 for -1: [f70b6c3b-be29-4a26-a238-fb2d839120cd:192.168.5.132:34965], old=null
2019-09-19 14:40:06,072 [f70b6c3b-be29-4a26-a238-fb2d839120cd:group-B03EF69F8E93:LeaderElection2] INFO  impl.RoleInfo (RoleInfo.java:shutdownLeaderElection(134)) - f70b6c3b-be29-4a26-a238-fb2d839120cd: shutdown LeaderElection
2019-09-19 14:40:06,073 [pool-127-thread-1] INFO  ratis.ContainerStateMachine (ContainerStateMachine.java:loadSnapshot(226)) - group-D85E527F45F5: The snapshot info is null. Setting the last applied indexto:(t:0, i:~)
2019-09-19 14:40:06,073 [f70b6c3b-be29-4a26-a238-fb2d839120cd:group-B03EF69F8E93:LeaderElection2] INFO  impl.RaftServerImpl (RaftServerImpl.java:setRole(171)) - f70b6c3b-be29-4a26-a238-fb2d839120cd:group-B03EF69F8E93 changes role from CANDIDATE to LEADER at term 1 for changeToLeader
2019-09-19 14:40:06,073 [pool-127-thread-1] INFO  server.RaftServerConfigKeys (ConfUtils.java:logGet(43)) - raft.server.leader.election.timeout = 120s (custom)
2019-09-19 14:40:06,073 [f70b6c3b-be29-4a26-a238-fb2d839120cd:group-B03EF69F8E93:LeaderElection2] INFO  impl.RaftServerImpl (ServerState.java:setLeader(263)) - f70b6c3b-be29-4a26-a238-fb2d839120cd:group-B03EF69F8E93 change Leader from null to f70b6c3b-be29-4a26-a238-fb2d839120cd at term 1 for becomeLeader, leader elected after 5090ms
2019-09-19 14:40:06,073 [pool-127-thread-1] INFO  server.RaftServerConfigKeys (ConfUtils.java:logGet(43)) - raft.server.log.use.memory = false (default)
2019-09-19 14:40:06,073 [f70b6c3b-be29-4a26-a238-fb2d839120cd:group-B03EF69F8E93:LeaderElection2] INFO  server.RaftServerConfigKeys (ConfUtils.java:logGet(43)) - raft.server.staging.catchup.gap = 1000 (default)
2019-09-19 14:40:06,073 [pool-127-thread-1] INFO  server.RaftServerConfigKeys (ConfUtils.java:logGet(43)) - raft.server.log.purge.gap = 1000000 (custom)
2019-09-19 14:40:06,073 [f70b6c3b-be29-4a26-a238-fb2d839120cd:group-B03EF69F8E93:LeaderElection2] INFO  server.RaftServerConfigKeys (ConfUtils.java:logGet(43)) - raft.server.rpc.sleep.time = 25ms (default)
2019-09-19 14:40:06,074 [pool-127-thread-1] INFO  server.RaftServerConfigKeys (ConfUtils.java:logGet(43)) - raft.server.log.appender.buffer.byte-limit = 33554432 (custom)
2019-09-19 14:40:06,074 [f70b6c3b-be29-4a26-a238-fb2d839120cd:group-B03EF69F8E93:LeaderElection2] INFO  server.RaftServerConfigKeys (ConfUtils.java:logGet(43)) - raft.server.write.element-limit = 4096 (default)
2019-09-19 14:40:06,074 [pool-127-thread-1] INFO  server.RaftServerConfigKeys (ConfUtils.java:logGet(43)) - raft.server.log.segment.size.max = 1048576 (custom)
2019-09-19 14:40:06,074 [f70b6c3b-be29-4a26-a238-fb2d839120cd:group-B03EF69F8E93:LeaderElection2] INFO  server.RaftServerConfigKeys (ConfUtils.java:logGet(43)) - raft.server.watch.timeout = 10s (default)
2019-09-19 14:40:06,074 [pool-127-thread-1] INFO  server.RaftServerConfigKeys (ConfUtils.java:logGet(43)) - raft.server.log.segment.cache.num.max = 2 (custom)
2019-09-19 14:40:06,074 [f70b6c3b-be29-4a26-a238-fb2d839120cd:group-B03EF69F8E93:LeaderElection2] INFO  server.RaftServerConfigKeys (ConfUtils.java:logGet(43)) - raft.server.watch.timeout.denomination = 1s (default)
2019-09-19 14:40:06,075 [pool-127-thread-1] INFO  segmented.SegmentedRaftLogWorker (SegmentedRaftLogWorker.java:<init>(172)) - new 942b50b4-c7bf-487c-9057-9f9e637dbe53-SegmentedRaftLogWorker:Storage Directory /workdir/hadoop-ozone/ozonefs/target/test-dir/MiniOzoneClusterImpl-889e9801-d8cd-4d64-ad06-78e1b934daf6/datanode-9/data/ratis/81a8a7cc-5070-42cb-8ee6-d85e527f45f5 for RaftStorage:Storage Directory /workdir/hadoop-ozone/ozonefs/target/test-dir/MiniOzoneClusterImpl-889e9801-d8cd-4d64-ad06-78e1b934daf6/datanode-9/data/ratis/81a8a7cc-5070-42cb-8ee6-d85e527f45f5
2019-09-19 14:40:06,075 [f70b6c3b-be29-4a26-a238-fb2d839120cd:group-B03EF69F8E93:LeaderElection2] INFO  server.RaftServerConfigKeys (ConfUtils.java:logGet(43)) - raft.server.watch.element-limit = 65536 (default)
2019-09-19 14:40:06,075 [pool-127-thread-1] INFO  server.RaftServerConfigKeys (ConfUtils.java:logGet(43)) - raft.server.log.queue.byte-limit = 2147483647 (custom)
2019-09-19 14:40:06,075 [f70b6c3b-be29-4a26-a238-fb2d839120cd:group-B03EF69F8E93:LeaderElection2] INFO  impl.RoleInfo (RoleInfo.java:updateAndGet(143)) - f70b6c3b-be29-4a26-a238-fb2d839120cd: start LeaderState
2019-09-19 14:40:06,075 [pool-127-thread-1] INFO  server.RaftServerConfigKeys (ConfUtils.java:logGet(43)) - raft.server.log.queue.element-limit = 1024 (custom)
2019-09-19 14:40:06,076 [f70b6c3b-be29-4a26-a238-fb2d839120cd:group-B03EF69F8E93:LeaderElection2] INFO  segmented.SegmentedRaftLogWorker (SegmentedRaftLogWorker.java:startLogSegment(380)) - f70b6c3b-be29-4a26-a238-fb2d839120cd-SegmentedRaftLogWorker:Storage Directory /workdir/hadoop-ozone/ozonefs/target/test-dir/MiniOzoneClusterImpl-889e9801-d8cd-4d64-ad06-78e1b934daf6/datanode-0/data/ratis/e2eb8442-73c8-42c6-8b96-b03ef69f8e93: Starting segment from index:0
2019-09-19 14:40:06,076 [pool-127-thread-1] INFO  server.RaftServerConfigKeys (ConfUtils.java:logGet(43)) - raft.server.log.segment.size.max = 1048576 (custom)
2019-09-19 14:40:06,076 [pool-127-thread-1] INFO  server.RaftServerConfigKeys (ConfUtils.java:logGet(43)) - raft.server.log.preallocated.size = 16384 (custom)
2019-09-19 14:40:06,076 [pool-127-thread-1] INFO  server.RaftServerConfigKeys (ConfUtils.java:logGet(43)) - raft.server.log.write.buffer.size = 33554432 (custom)
2019-09-19 14:40:06,076 [pool-127-thread-1] INFO  server.RaftServerConfigKeys (ConfUtils.java:logGet(43)) - raft.server.log.force.sync.num = 128 (default)
2019-09-19 14:40:06,076 [f70b6c3b-be29-4a26-a238-fb2d839120cd:group-B03EF69F8E93:LeaderElection2] INFO  impl.RaftServerImpl (ServerState.java:setRaftConf(361)) - f70b6c3b-be29-4a26-a238-fb2d839120cd:group-B03EF69F8E93 set configuration 0: [f70b6c3b-be29-4a26-a238-fb2d839120cd:192.168.5.132:34965], old=null at 0
2019-09-19 14:40:06,076 [pool-127-thread-1] INFO  server.RaftServerConfigKeys (ConfUtils.java:logGet(43)) - raft.server.log.statemachine.data.sync = true (default)
2019-09-19 14:40:06,079 [pool-127-thread-1] INFO  server.RaftServerConfigKeys (ConfUtils.java:logGet(43)) - raft.server.log.statemachine.data.sync.timeout = 10s (default)
2019-09-19 14:40:06,080 [pool-127-thread-1] INFO  server.RaftServerConfigKeys (ConfUtils.java:logGet(43)) - raft.server.log.statemachine.data.sync.timeout.retry = -1 (default)
2019-09-19 14:40:06,080 [pool-127-thread-1] INFO  server.RaftServerConfigKeys (ConfUtils.java:logGet(43)) - raft.server.log.statemachine.data.caching.enabled = true (custom)
2019-09-19 14:40:06,080 [pool-127-thread-1] INFO  segmented.SegmentedRaftLogWorker (SegmentedRaftLogWorker.java:lambda$new$0(132)) - 942b50b4-c7bf-487c-9057-9f9e637dbe53-SegmentedRaftLogWorker:Storage Directory /workdir/hadoop-ozone/ozonefs/target/test-dir/MiniOzoneClusterImpl-889e9801-d8cd-4d64-ad06-78e1b934daf6/datanode-9/data/ratis/81a8a7cc-5070-42cb-8ee6-d85e527f45f5: flushIndex: setUnconditionally 0 -> -1
2019-09-19 14:40:06,081 [pool-127-thread-1] INFO  server.RaftServerConfigKeys (ConfUtils.java:logGet(43)) - raft.server.snapshot.auto.trigger.enabled = true (custom)
2019-09-19 14:40:06,081 [pool-127-thread-1] INFO  server.RaftServerConfigKeys (ConfUtils.java:logGet(43)) - raft.server.snapshot.auto.trigger.threshold = 10000 (custom)
2019-09-19 14:40:06,081 [pool-127-thread-1] INFO  server.RaftServerConfigKeys (ConfUtils.java:logGet(43)) - raft.server.retrycache.expirytime = 600000ms (custom)
2019-09-19 14:40:06,081 [pool-127-thread-1] INFO  impl.RaftServerImpl (RaftServerImpl.java:start(180)) - 942b50b4-c7bf-487c-9057-9f9e637dbe53: start group-D85E527F45F5
2019-09-19 14:40:06,081 [pool-127-thread-1] INFO  impl.RaftServerImpl (RaftServerImpl.java:setRole(171)) - 942b50b4-c7bf-487c-9057-9f9e637dbe53:group-D85E527F45F5 changes role from null to FOLLOWER at term 0 for startAsFollower
2019-09-19 14:40:06,082 [pool-127-thread-1] INFO  impl.RoleInfo (RoleInfo.java:updateAndGet(143)) - 942b50b4-c7bf-487c-9057-9f9e637dbe53: start FollowerState
2019-09-19 14:40:06,082 [pool-127-thread-1] INFO  util.JmxRegister (JmxRegister.java:tryRegister(44)) - Successfully registered JMX Bean with object name Ratis:service=RaftServer,group=group-D85E527F45F5,id=942b50b4-c7bf-487c-9057-9f9e637dbe53
2019-09-19 14:40:06,086 [RatisPipelineUtilsThread] INFO  pipeline.PipelineStateManager (PipelineStateManager.java:addPipeline(56)) - Created pipeline Pipeline[ Id: 81a8a7cc-5070-42cb-8ee6-d85e527f45f5, Nodes: 942b50b4-c7bf-487c-9057-9f9e637dbe53{ip: 192.168.5.132, host: pr-hdds-1569-rzdr8-3403194166, networkLocation: /default-rack, certSerialId: null}, Type:RATIS, Factor:ONE, State:OPEN]
2019-09-19 14:40:06,086 [RatisPipelineUtilsThread] ERROR pipeline.PipelinePlacementPolicy (PipelinePlacementPolicy.java:meetCriteria(91)) - Pipeline Placement: Doesn't meet the criteria to be viable node. Heaviness: 6
2019-09-19 14:40:06,086 [RatisPipelineUtilsThread] ERROR pipeline.PipelinePlacementPolicy (PipelinePlacementPolicy.java:meetCriteria(91)) - Pipeline Placement: Doesn't meet the criteria to be viable node. Heaviness: 6
2019-09-19 14:40:06,086 [RatisPipelineUtilsThread] ERROR pipeline.PipelinePlacementPolicy (PipelinePlacementPolicy.java:meetCriteria(91)) - Pipeline Placement: Doesn't meet the criteria to be viable node. Heaviness: 6
2019-09-19 14:40:06,086 [RatisPipelineUtilsThread] ERROR pipeline.PipelinePlacementPolicy (PipelinePlacementPolicy.java:meetCriteria(91)) - Pipeline Placement: Doesn't meet the criteria to be viable node. Heaviness: 6
2019-09-19 14:40:06,086 [RatisPipelineUtilsThread] ERROR pipeline.PipelinePlacementPolicy (PipelinePlacementPolicy.java:meetCriteria(91)) - Pipeline Placement: Doesn't meet the criteria to be viable node. Heaviness: 6
2019-09-19 14:40:06,087 [RatisPipelineUtilsThread] ERROR pipeline.PipelinePlacementPolicy (PipelinePlacementPolicy.java:meetCriteria(91)) - Pipeline Placement: Doesn't meet the criteria to be viable node. Heaviness: 6
2019-09-19 14:40:06,087 [RatisPipelineUtilsThread] ERROR pipeline.PipelinePlacementPolicy (PipelinePlacementPolicy.java:meetCriteria(91)) - Pipeline Placement: Doesn't meet the criteria to be viable node. Heaviness: 6
2019-09-19 14:40:06,087 [RatisPipelineUtilsThread] ERROR pipeline.PipelinePlacementPolicy (PipelinePlacementPolicy.java:meetCriteria(91)) - Pipeline Placement: Doesn't meet the criteria to be viable node. Heaviness: 6
2019-09-19 14:40:06,087 [RatisPipelineUtilsThread] ERROR pipeline.PipelinePlacementPolicy (PipelinePlacementPolicy.java:meetCriteria(91)) - Pipeline Placement: Doesn't meet the criteria to be viable node. Heaviness: 6
2019-09-19 14:40:06,093 [grpc-default-executor-1] INFO  impl.RaftServerProxy (RaftServerProxy.java:addNew(89)) - 942b50b4-c7bf-487c-9057-9f9e637dbe53: addNew group-A9413BB7F6E6:[942b50b4-c7bf-487c-9057-9f9e637dbe53:192.168.5.132:34014] returns group-A9413BB7F6E6:java.util.concurrent.CompletableFuture@5ce828f1[Not completed]
2019-09-19 14:40:06,094 [pool-127-thread-1] INFO  impl.RaftServerImpl (RaftServerImpl.java:<init>(93)) - 942b50b4-c7bf-487c-9057-9f9e637dbe53: new RaftServerImpl for group-A9413BB7F6E6:[942b50b4-c7bf-487c-9057-9f9e637dbe53:192.168.5.132:34014] with ContainerStateMachine:uninitialized
2019-09-19 14:40:06,094 [pool-127-thread-1] INFO  server.RaftServerConfigKeys (ConfUtils.java:logGet(43)) - raft.server.rpc.timeout.min = 5s (custom)
2019-09-19 14:40:06,095 [pool-127-thread-1] INFO  server.RaftServerConfigKeys (ConfUtils.java:logGet(43)) - raft.server.rpc.timeout.max = 5200ms (custom)
2019-09-19 14:40:06,095 [pool-127-thread-1] INFO  server.RaftServerConfigKeys (ConfUtils.java:logGet(43)) - raft.server.rpcslowness.timeout = 120s (custom)
2019-09-19 14:40:06,095 [pool-127-thread-1] INFO  server.RaftServerConfigKeys (ConfUtils.java:logGet(43)) - raft.server.sleep.deviation.threshold = 300 (default)
2019-09-19 14:40:06,095 [pool-127-thread-1] INFO  server.RaftServerConfigKeys (ConfUtils.java:logGet(43)) - raft.server.log.appender.install.snapshot.enabled = false (custom)
2019-09-19 14:40:06,095 [pool-127-thread-1] INFO  impl.RaftServerImpl (ServerState.java:<init>(105)) - 942b50b4-c7bf-487c-9057-9f9e637dbe53:group-A9413BB7F6E6 ConfigurationManager, init=-1: [942b50b4-c7bf-487c-9057-9f9e637dbe53:192.168.5.132:34014], old=null, confs=<EMPTY_MAP>
2019-09-19 14:40:06,095 [pool-127-thread-1] INFO  server.RaftServerConfigKeys (ConfUtils.java:logGet(43)) - raft.server.storage.dir = [/workdir/hadoop-ozone/ozonefs/target/test-dir/MiniOzoneClusterImpl-889e9801-d8cd-4d64-ad06-78e1b934daf6/datanode-9/data/ratis] (custom)
2019-09-19 14:40:06,096 [pool-127-thread-1] INFO  storage.RaftStorageDirectory (RaftStorageDirectory.java:analyzeStorage(246)) - The storage directory /workdir/hadoop-ozone/ozonefs/target/test-dir/MiniOzoneClusterImpl-889e9801-d8cd-4d64-ad06-78e1b934daf6/datanode-9/data/ratis/05cfd697-6bb1-4ba7-b697-a9413bb7f6e6 does not exist. Creating ...
2019-09-19 14:40:06,119 [pool-127-thread-1] INFO  storage.RaftStorageDirectory (RaftStorageDirectory.java:tryLock(328)) - Lock on /workdir/hadoop-ozone/ozonefs/target/test-dir/MiniOzoneClusterImpl-889e9801-d8cd-4d64-ad06-78e1b934daf6/datanode-9/data/ratis/05cfd697-6bb1-4ba7-b697-a9413bb7f6e6/in_use.lock acquired by nodename 29702@pr-hdds-1569-rzdr8-3403194166
2019-09-19 14:40:06,139 [pool-127-thread-1] INFO  storage.RaftStorage (RaftStorage.java:format(72)) - Storage directory /workdir/hadoop-ozone/ozonefs/target/test-dir/MiniOzoneClusterImpl-889e9801-d8cd-4d64-ad06-78e1b934daf6/datanode-9/data/ratis/05cfd697-6bb1-4ba7-b697-a9413bb7f6e6 has been successfully formatted.
2019-09-19 14:40:06,140 [pool-127-thread-1] INFO  ratis.ContainerStateMachine (ContainerStateMachine.java:loadSnapshot(226)) - group-A9413BB7F6E6: The snapshot info is null. Setting the last applied indexto:(t:0, i:~)
2019-09-19 14:40:06,140 [pool-127-thread-1] INFO  server.RaftServerConfigKeys (ConfUtils.java:logGet(43)) - raft.server.leader.election.timeout = 120s (custom)
2019-09-19 14:40:06,140 [pool-127-thread-1] INFO  server.RaftServerConfigKeys (ConfUtils.java:logGet(43)) - raft.server.log.use.memory = false (default)
2019-09-19 14:40:06,140 [pool-127-thread-1] INFO  server.RaftServerConfigKeys (ConfUtils.java:logGet(43)) - raft.server.log.purge.gap = 1000000 (custom)
2019-09-19 14:40:06,140 [pool-127-thread-1] INFO  server.RaftServerConfigKeys (ConfUtils.java:logGet(43)) - raft.server.log.appender.buffer.byte-limit = 33554432 (custom)
2019-09-19 14:40:06,140 [pool-127-thread-1] INFO  server.RaftServerConfigKeys (ConfUtils.java:logGet(43)) - raft.server.log.segment.size.max = 1048576 (custom)
2019-09-19 14:40:06,141 [pool-127-thread-1] INFO  server.RaftServerConfigKeys (ConfUtils.java:logGet(43)) - raft.server.log.segment.cache.num.max = 2 (custom)
2019-09-19 14:40:06,141 [pool-127-thread-1] INFO  segmented.SegmentedRaftLogWorker (SegmentedRaftLogWorker.java:<init>(172)) - new 942b50b4-c7bf-487c-9057-9f9e637dbe53-SegmentedRaftLogWorker:Storage Directory /workdir/hadoop-ozone/ozonefs/target/test-dir/MiniOzoneClusterImpl-889e9801-d8cd-4d64-ad06-78e1b934daf6/datanode-9/data/ratis/05cfd697-6bb1-4ba7-b697-a9413bb7f6e6 for RaftStorage:Storage Directory /workdir/hadoop-ozone/ozonefs/target/test-dir/MiniOzoneClusterImpl-889e9801-d8cd-4d64-ad06-78e1b934daf6/datanode-9/data/ratis/05cfd697-6bb1-4ba7-b697-a9413bb7f6e6
2019-09-19 14:40:06,141 [pool-127-thread-1] INFO  server.RaftServerConfigKeys (ConfUtils.java:logGet(43)) - raft.server.log.queue.byte-limit = 2147483647 (custom)
2019-09-19 14:40:06,141 [pool-127-thread-1] INFO  server.RaftServerConfigKeys (ConfUtils.java:logGet(43)) - raft.server.log.queue.element-limit = 1024 (custom)
2019-09-19 14:40:06,141 [pool-127-thread-1] INFO  server.RaftServerConfigKeys (ConfUtils.java:logGet(43)) - raft.server.log.segment.size.max = 1048576 (custom)
2019-09-19 14:40:06,141 [pool-127-thread-1] INFO  server.RaftServerConfigKeys (ConfUtils.java:logGet(43)) - raft.server.log.preallocated.size = 16384 (custom)
2019-09-19 14:40:06,141 [pool-127-thread-1] INFO  server.RaftServerConfigKeys (ConfUtils.java:logGet(43)) - raft.server.log.write.buffer.size = 33554432 (custom)
2019-09-19 14:40:06,142 [pool-127-thread-1] INFO  server.RaftServerConfigKeys (ConfUtils.java:logGet(43)) - raft.server.log.force.sync.num = 128 (default)
2019-09-19 14:40:06,142 [pool-127-thread-1] INFO  server.RaftServerConfigKeys (ConfUtils.java:logGet(43)) - raft.server.log.statemachine.data.sync = true (default)
2019-09-19 14:40:06,142 [pool-127-thread-1] INFO  server.RaftServerConfigKeys (ConfUtils.java:logGet(43)) - raft.server.log.statemachine.data.sync.timeout = 10s (default)
2019-09-19 14:40:06,142 [pool-127-thread-1] INFO  server.RaftServerConfigKeys (ConfUtils.java:logGet(43)) - raft.server.log.statemachine.data.sync.timeout.retry = -1 (default)
2019-09-19 14:40:06,142 [pool-127-thread-1] INFO  server.RaftServerConfigKeys (ConfUtils.java:logGet(43)) - raft.server.log.statemachine.data.caching.enabled = true (custom)
2019-09-19 14:40:06,143 [pool-127-thread-1] INFO  segmented.SegmentedRaftLogWorker (SegmentedRaftLogWorker.java:lambda$new$0(132)) - 942b50b4-c7bf-487c-9057-9f9e637dbe53-SegmentedRaftLogWorker:Storage Directory /workdir/hadoop-ozone/ozonefs/target/test-dir/MiniOzoneClusterImpl-889e9801-d8cd-4d64-ad06-78e1b934daf6/datanode-9/data/ratis/05cfd697-6bb1-4ba7-b697-a9413bb7f6e6: flushIndex: setUnconditionally 0 -> -1
2019-09-19 14:40:06,143 [pool-127-thread-1] INFO  server.RaftServerConfigKeys (ConfUtils.java:logGet(43)) - raft.server.snapshot.auto.trigger.enabled = true (custom)
2019-09-19 14:40:06,143 [pool-127-thread-1] INFO  server.RaftServerConfigKeys (ConfUtils.java:logGet(43)) - raft.server.snapshot.auto.trigger.threshold = 10000 (custom)
2019-09-19 14:40:06,143 [pool-127-thread-1] INFO  server.RaftServerConfigKeys (ConfUtils.java:logGet(43)) - raft.server.retrycache.expirytime = 600000ms (custom)
2019-09-19 14:40:06,144 [pool-127-thread-1] INFO  impl.RaftServerImpl (RaftServerImpl.java:start(180)) - 942b50b4-c7bf-487c-9057-9f9e637dbe53: start group-A9413BB7F6E6
2019-09-19 14:40:06,144 [pool-127-thread-1] INFO  impl.RaftServerImpl (RaftServerImpl.java:setRole(171)) - 942b50b4-c7bf-487c-9057-9f9e637dbe53:group-A9413BB7F6E6 changes role from null to FOLLOWER at term 0 for startAsFollower
2019-09-19 14:40:06,144 [pool-127-thread-1] INFO  impl.RoleInfo (RoleInfo.java:updateAndGet(143)) - 942b50b4-c7bf-487c-9057-9f9e637dbe53: start FollowerState
2019-09-19 14:40:06,144 [pool-127-thread-1] INFO  util.JmxRegister (JmxRegister.java:tryRegister(44)) - Successfully registered JMX Bean with object name Ratis:service=RaftServer,group=group-A9413BB7F6E6,id=942b50b4-c7bf-487c-9057-9f9e637dbe53
2019-09-19 14:40:06,147 [RatisPipelineUtilsThread] INFO  pipeline.PipelineStateManager (PipelineStateManager.java:addPipeline(56)) - Created pipeline Pipeline[ Id: 05cfd697-6bb1-4ba7-b697-a9413bb7f6e6, Nodes: 942b50b4-c7bf-487c-9057-9f9e637dbe53{ip: 192.168.5.132, host: pr-hdds-1569-rzdr8-3403194166, networkLocation: /default-rack, certSerialId: null}, Type:RATIS, Factor:ONE, State:OPEN]
2019-09-19 14:40:06,148 [RatisPipelineUtilsThread] ERROR pipeline.PipelinePlacementPolicy (PipelinePlacementPolicy.java:meetCriteria(91)) - Pipeline Placement: Doesn't meet the criteria to be viable node. Heaviness: 6
2019-09-19 14:40:06,148 [RatisPipelineUtilsThread] ERROR pipeline.PipelinePlacementPolicy (PipelinePlacementPolicy.java:meetCriteria(91)) - Pipeline Placement: Doesn't meet the criteria to be viable node. Heaviness: 6
2019-09-19 14:40:06,148 [RatisPipelineUtilsThread] ERROR pipeline.PipelinePlacementPolicy (PipelinePlacementPolicy.java:meetCriteria(91)) - Pipeline Placement: Doesn't meet the criteria to be viable node. Heaviness: 6
2019-09-19 14:40:06,148 [RatisPipelineUtilsThread] ERROR pipeline.PipelinePlacementPolicy (PipelinePlacementPolicy.java:meetCriteria(91)) - Pipeline Placement: Doesn't meet the criteria to be viable node. Heaviness: 6
2019-09-19 14:40:06,149 [RatisPipelineUtilsThread] ERROR pipeline.PipelinePlacementPolicy (PipelinePlacementPolicy.java:meetCriteria(91)) - Pipeline Placement: Doesn't meet the criteria to be viable node. Heaviness: 6
2019-09-19 14:40:06,149 [RatisPipelineUtilsThread] ERROR pipeline.PipelinePlacementPolicy (PipelinePlacementPolicy.java:meetCriteria(91)) - Pipeline Placement: Doesn't meet the criteria to be viable node. Heaviness: 6
2019-09-19 14:40:06,149 [RatisPipelineUtilsThread] ERROR pipeline.PipelinePlacementPolicy (PipelinePlacementPolicy.java:meetCriteria(91)) - Pipeline Placement: Doesn't meet the criteria to be viable node. Heaviness: 6
2019-09-19 14:40:06,149 [RatisPipelineUtilsThread] ERROR pipeline.PipelinePlacementPolicy (PipelinePlacementPolicy.java:meetCriteria(91)) - Pipeline Placement: Doesn't meet the criteria to be viable node. Heaviness: 6
2019-09-19 14:40:06,149 [RatisPipelineUtilsThread] ERROR pipeline.PipelinePlacementPolicy (PipelinePlacementPolicy.java:meetCriteria(91)) - Pipeline Placement: Doesn't meet the criteria to be viable node. Heaviness: 6
2019-09-19 14:40:06,155 [grpc-default-executor-1] INFO  impl.RaftServerProxy (RaftServerProxy.java:addNew(89)) - 942b50b4-c7bf-487c-9057-9f9e637dbe53: addNew group-8F9847189440:[942b50b4-c7bf-487c-9057-9f9e637dbe53:192.168.5.132:34014] returns group-8F9847189440:java.util.concurrent.CompletableFuture@14b4c9a8[Not completed]
2019-09-19 14:40:06,157 [pool-127-thread-1] INFO  impl.RaftServerImpl (RaftServerImpl.java:<init>(93)) - 942b50b4-c7bf-487c-9057-9f9e637dbe53: new RaftServerImpl for group-8F9847189440:[942b50b4-c7bf-487c-9057-9f9e637dbe53:192.168.5.132:34014] with ContainerStateMachine:uninitialized
2019-09-19 14:40:06,157 [pool-127-thread-1] INFO  server.RaftServerConfigKeys (ConfUtils.java:logGet(43)) - raft.server.rpc.timeout.min = 5s (custom)
2019-09-19 14:40:06,157 [pool-127-thread-1] INFO  server.RaftServerConfigKeys (ConfUtils.java:logGet(43)) - raft.server.rpc.timeout.max = 5200ms (custom)
2019-09-19 14:40:06,157 [pool-127-thread-1] INFO  server.RaftServerConfigKeys (ConfUtils.java:logGet(43)) - raft.server.rpcslowness.timeout = 120s (custom)
2019-09-19 14:40:06,157 [pool-127-thread-1] INFO  server.RaftServerConfigKeys (ConfUtils.java:logGet(43)) - raft.server.sleep.deviation.threshold = 300 (default)
2019-09-19 14:40:06,157 [pool-127-thread-1] INFO  server.RaftServerConfigKeys (ConfUtils.java:logGet(43)) - raft.server.log.appender.install.snapshot.enabled = false (custom)
2019-09-19 14:40:06,157 [pool-127-thread-1] INFO  impl.RaftServerImpl (ServerState.java:<init>(105)) - 942b50b4-c7bf-487c-9057-9f9e637dbe53:group-8F9847189440 ConfigurationManager, init=-1: [942b50b4-c7bf-487c-9057-9f9e637dbe53:192.168.5.132:34014], old=null, confs=<EMPTY_MAP>
2019-09-19 14:40:06,158 [pool-127-thread-1] INFO  server.RaftServerConfigKeys (ConfUtils.java:logGet(43)) - raft.server.storage.dir = [/workdir/hadoop-ozone/ozonefs/target/test-dir/MiniOzoneClusterImpl-889e9801-d8cd-4d64-ad06-78e1b934daf6/datanode-9/data/ratis] (custom)
2019-09-19 14:40:06,158 [pool-127-thread-1] INFO  storage.RaftStorageDirectory (RaftStorageDirectory.java:analyzeStorage(246)) - The storage directory /workdir/hadoop-ozone/ozonefs/target/test-dir/MiniOzoneClusterImpl-889e9801-d8cd-4d64-ad06-78e1b934daf6/datanode-9/data/ratis/a3f0ba4f-e436-4058-96e5-8f9847189440 does not exist. Creating ...
2019-09-19 14:40:06,181 [pool-127-thread-1] INFO  storage.RaftStorageDirectory (RaftStorageDirectory.java:tryLock(328)) - Lock on /workdir/hadoop-ozone/ozonefs/target/test-dir/MiniOzoneClusterImpl-889e9801-d8cd-4d64-ad06-78e1b934daf6/datanode-9/data/ratis/a3f0ba4f-e436-4058-96e5-8f9847189440/in_use.lock acquired by nodename 29702@pr-hdds-1569-rzdr8-3403194166
2019-09-19 14:40:06,202 | INFO  | SCMAudit | user=jenkins1000 | ip=192.168.5.132 | op=SEND_HEARTBEAT {datanodeUUID=a1dec692-f01d-4dc4-b8c6-c1af31f4a539, command=[]} | ret=SUCCESS |  
2019-09-19 14:40:06,206 [pool-127-thread-1] INFO  storage.RaftStorage (RaftStorage.java:format(72)) - Storage directory /workdir/hadoop-ozone/ozonefs/target/test-dir/MiniOzoneClusterImpl-889e9801-d8cd-4d64-ad06-78e1b934daf6/datanode-9/data/ratis/a3f0ba4f-e436-4058-96e5-8f9847189440 has been successfully formatted.
2019-09-19 14:40:06,206 [pool-127-thread-1] INFO  ratis.ContainerStateMachine (ContainerStateMachine.java:loadSnapshot(226)) - group-8F9847189440: The snapshot info is null. Setting the last applied indexto:(t:0, i:~)
2019-09-19 14:40:06,207 [pool-127-thread-1] INFO  server.RaftServerConfigKeys (ConfUtils.java:logGet(43)) - raft.server.leader.election.timeout = 120s (custom)
2019-09-19 14:40:06,207 [pool-127-thread-1] INFO  server.RaftServerConfigKeys (ConfUtils.java:logGet(43)) - raft.server.log.use.memory = false (default)
2019-09-19 14:40:06,207 [pool-127-thread-1] INFO  server.RaftServerConfigKeys (ConfUtils.java:logGet(43)) - raft.server.log.purge.gap = 1000000 (custom)
2019-09-19 14:40:06,207 [pool-127-thread-1] INFO  server.RaftServerConfigKeys (ConfUtils.java:logGet(43)) - raft.server.log.appender.buffer.byte-limit = 33554432 (custom)
2019-09-19 14:40:06,207 [pool-127-thread-1] INFO  server.RaftServerConfigKeys (ConfUtils.java:logGet(43)) - raft.server.log.segment.size.max = 1048576 (custom)
2019-09-19 14:40:06,207 [pool-127-thread-1] INFO  server.RaftServerConfigKeys (ConfUtils.java:logGet(43)) - raft.server.log.segment.cache.num.max = 2 (custom)
2019-09-19 14:40:06,208 [pool-127-thread-1] INFO  segmented.SegmentedRaftLogWorker (SegmentedRaftLogWorker.java:<init>(172)) - new 942b50b4-c7bf-487c-9057-9f9e637dbe53-SegmentedRaftLogWorker:Storage Directory /workdir/hadoop-ozone/ozonefs/target/test-dir/MiniOzoneClusterImpl-889e9801-d8cd-4d64-ad06-78e1b934daf6/datanode-9/data/ratis/a3f0ba4f-e436-4058-96e5-8f9847189440 for RaftStorage:Storage Directory /workdir/hadoop-ozone/ozonefs/target/test-dir/MiniOzoneClusterImpl-889e9801-d8cd-4d64-ad06-78e1b934daf6/datanode-9/data/ratis/a3f0ba4f-e436-4058-96e5-8f9847189440
2019-09-19 14:40:06,208 [pool-127-thread-1] INFO  server.RaftServerConfigKeys (ConfUtils.java:logGet(43)) - raft.server.log.queue.byte-limit = 2147483647 (custom)
2019-09-19 14:40:06,208 [pool-127-thread-1] INFO  server.RaftServerConfigKeys (ConfUtils.java:logGet(43)) - raft.server.log.queue.element-limit = 1024 (custom)
2019-09-19 14:40:06,208 [pool-127-thread-1] INFO  server.RaftServerConfigKeys (ConfUtils.java:logGet(43)) - raft.server.log.segment.size.max = 1048576 (custom)
2019-09-19 14:40:06,208 [pool-127-thread-1] INFO  server.RaftServerConfigKeys (ConfUtils.java:logGet(43)) - raft.server.log.preallocated.size = 16384 (custom)
2019-09-19 14:40:06,209 [pool-127-thread-1] INFO  server.RaftServerConfigKeys (ConfUtils.java:logGet(43)) - raft.server.log.write.buffer.size = 33554432 (custom)
2019-09-19 14:40:06,209 [pool-127-thread-1] INFO  server.RaftServerConfigKeys (ConfUtils.java:logGet(43)) - raft.server.log.force.sync.num = 128 (default)
2019-09-19 14:40:06,209 [pool-127-thread-1] INFO  server.RaftServerConfigKeys (ConfUtils.java:logGet(43)) - raft.server.log.statemachine.data.sync = true (default)
2019-09-19 14:40:06,209 [pool-127-thread-1] INFO  server.RaftServerConfigKeys (ConfUtils.java:logGet(43)) - raft.server.log.statemachine.data.sync.timeout = 10s (default)
2019-09-19 14:40:06,209 [pool-127-thread-1] INFO  server.RaftServerConfigKeys (ConfUtils.java:logGet(43)) - raft.server.log.statemachine.data.sync.timeout.retry = -1 (default)
2019-09-19 14:40:06,209 [pool-127-thread-1] INFO  server.RaftServerConfigKeys (ConfUtils.java:logGet(43)) - raft.server.log.statemachine.data.caching.enabled = true (custom)
2019-09-19 14:40:06,210 [pool-127-thread-1] INFO  segmented.SegmentedRaftLogWorker (SegmentedRaftLogWorker.java:lambda$new$0(132)) - 942b50b4-c7bf-487c-9057-9f9e637dbe53-SegmentedRaftLogWorker:Storage Directory /workdir/hadoop-ozone/ozonefs/target/test-dir/MiniOzoneClusterImpl-889e9801-d8cd-4d64-ad06-78e1b934daf6/datanode-9/data/ratis/a3f0ba4f-e436-4058-96e5-8f9847189440: flushIndex: setUnconditionally 0 -> -1
2019-09-19 14:40:06,210 [pool-127-thread-1] INFO  server.RaftServerConfigKeys (ConfUtils.java:logGet(43)) - raft.server.snapshot.auto.trigger.enabled = true (custom)
2019-09-19 14:40:06,210 [pool-127-thread-1] INFO  server.RaftServerConfigKeys (ConfUtils.java:logGet(43)) - raft.server.snapshot.auto.trigger.threshold = 10000 (custom)
2019-09-19 14:40:06,211 [pool-127-thread-1] INFO  server.RaftServerConfigKeys (ConfUtils.java:logGet(43)) - raft.server.retrycache.expirytime = 600000ms (custom)
2019-09-19 14:40:06,211 [pool-127-thread-1] INFO  impl.RaftServerImpl (RaftServerImpl.java:start(180)) - 942b50b4-c7bf-487c-9057-9f9e637dbe53: start group-8F9847189440
2019-09-19 14:40:06,211 [pool-127-thread-1] INFO  impl.RaftServerImpl (RaftServerImpl.java:setRole(171)) - 942b50b4-c7bf-487c-9057-9f9e637dbe53:group-8F9847189440 changes role from null to FOLLOWER at term 0 for startAsFollower
2019-09-19 14:40:06,211 [pool-127-thread-1] INFO  impl.RoleInfo (RoleInfo.java:updateAndGet(143)) - 942b50b4-c7bf-487c-9057-9f9e637dbe53: start FollowerState
2019-09-19 14:40:06,212 [pool-127-thread-1] INFO  util.JmxRegister (JmxRegister.java:tryRegister(44)) - Successfully registered JMX Bean with object name Ratis:service=RaftServer,group=group-8F9847189440,id=942b50b4-c7bf-487c-9057-9f9e637dbe53
2019-09-19 14:40:06,216 [RatisPipelineUtilsThread] INFO  pipeline.PipelineStateManager (PipelineStateManager.java:addPipeline(56)) - Created pipeline Pipeline[ Id: a3f0ba4f-e436-4058-96e5-8f9847189440, Nodes: 942b50b4-c7bf-487c-9057-9f9e637dbe53{ip: 192.168.5.132, host: pr-hdds-1569-rzdr8-3403194166, networkLocation: /default-rack, certSerialId: null}, Type:RATIS, Factor:ONE, State:OPEN]
2019-09-19 14:40:06,216 [RatisPipelineUtilsThread] ERROR pipeline.PipelinePlacementPolicy (PipelinePlacementPolicy.java:meetCriteria(91)) - Pipeline Placement: Doesn't meet the criteria to be viable node. Heaviness: 6
2019-09-19 14:40:06,216 [RatisPipelineUtilsThread] ERROR pipeline.PipelinePlacementPolicy (PipelinePlacementPolicy.java:meetCriteria(91)) - Pipeline Placement: Doesn't meet the criteria to be viable node. Heaviness: 6
2019-09-19 14:40:06,217 [RatisPipelineUtilsThread] ERROR pipeline.PipelinePlacementPolicy (PipelinePlacementPolicy.java:meetCriteria(91)) - Pipeline Placement: Doesn't meet the criteria to be viable node. Heaviness: 6
2019-09-19 14:40:06,217 [RatisPipelineUtilsThread] ERROR pipeline.PipelinePlacementPolicy (PipelinePlacementPolicy.java:meetCriteria(91)) - Pipeline Placement: Doesn't meet the criteria to be viable node. Heaviness: 6
2019-09-19 14:40:06,217 [RatisPipelineUtilsThread] ERROR pipeline.PipelinePlacementPolicy (PipelinePlacementPolicy.java:meetCriteria(91)) - Pipeline Placement: Doesn't meet the criteria to be viable node. Heaviness: 6
2019-09-19 14:40:06,217 [RatisPipelineUtilsThread] ERROR pipeline.PipelinePlacementPolicy (PipelinePlacementPolicy.java:meetCriteria(91)) - Pipeline Placement: Doesn't meet the criteria to be viable node. Heaviness: 6
2019-09-19 14:40:06,217 [RatisPipelineUtilsThread] ERROR pipeline.PipelinePlacementPolicy (PipelinePlacementPolicy.java:meetCriteria(91)) - Pipeline Placement: Doesn't meet the criteria to be viable node. Heaviness: 6
2019-09-19 14:40:06,217 [RatisPipelineUtilsThread] ERROR pipeline.PipelinePlacementPolicy (PipelinePlacementPolicy.java:meetCriteria(91)) - Pipeline Placement: Doesn't meet the criteria to be viable node. Heaviness: 6
2019-09-19 14:40:06,218 [RatisPipelineUtilsThread] ERROR pipeline.PipelinePlacementPolicy (PipelinePlacementPolicy.java:meetCriteria(91)) - Pipeline Placement: Doesn't meet the criteria to be viable node. Heaviness: 6
2019-09-19 14:40:06,218 [RatisPipelineUtilsThread] ERROR pipeline.PipelinePlacementPolicy (PipelinePlacementPolicy.java:meetCriteria(91)) - Pipeline Placement: Doesn't meet the criteria to be viable node. Heaviness: 6
2019-09-19 14:40:06,218 [RatisPipelineUtilsThread] ERROR pipeline.PipelinePlacementPolicy (PipelinePlacementPolicy.java:filterViableNodes(146)) - Unable to find enough nodes that meet the criteria that cannot engage in more than 5 pipelines. Nodes required: 1 Found: 0, healthy nodes count inNodeManager: 10.
2019-09-19 14:40:06,220 [RatisPipelineUtilsThread] ERROR pipeline.SCMPipelineManager (SCMPipelineManager.java:createPipeline(161)) - Pipeline creation failed due to exception: Unable to find enough nodes that meet the criteria that cannot engage in more than 5 pipelines. Nodes required: 1 Found: 0, healthy nodes count inNodeManager: 10.
2019-09-19 14:40:06,220 [RatisPipelineUtilsThread] ERROR pipeline.PipelinePlacementPolicy (PipelinePlacementPolicy.java:meetCriteria(91)) - Pipeline Placement: Doesn't meet the criteria to be viable node. Heaviness: 6
2019-09-19 14:40:06,221 [RatisPipelineUtilsThread] ERROR pipeline.PipelinePlacementPolicy (PipelinePlacementPolicy.java:meetCriteria(91)) - Pipeline Placement: Doesn't meet the criteria to be viable node. Heaviness: 6
2019-09-19 14:40:06,221 [RatisPipelineUtilsThread] ERROR pipeline.PipelinePlacementPolicy (PipelinePlacementPolicy.java:meetCriteria(91)) - Pipeline Placement: Doesn't meet the criteria to be viable node. Heaviness: 6
2019-09-19 14:40:06,221 [RatisPipelineUtilsThread] ERROR pipeline.PipelinePlacementPolicy (PipelinePlacementPolicy.java:meetCriteria(91)) - Pipeline Placement: Doesn't meet the criteria to be viable node. Heaviness: 6
2019-09-19 14:40:06,221 [RatisPipelineUtilsThread] ERROR pipeline.PipelinePlacementPolicy (PipelinePlacementPolicy.java:meetCriteria(91)) - Pipeline Placement: Doesn't meet the criteria to be viable node. Heaviness: 6
2019-09-19 14:40:06,222 [RatisPipelineUtilsThread] ERROR pipeline.PipelinePlacementPolicy (PipelinePlacementPolicy.java:meetCriteria(91)) - Pipeline Placement: Doesn't meet the criteria to be viable node. Heaviness: 6
2019-09-19 14:40:06,222 [RatisPipelineUtilsThread] ERROR pipeline.PipelinePlacementPolicy (PipelinePlacementPolicy.java:meetCriteria(91)) - Pipeline Placement: Doesn't meet the criteria to be viable node. Heaviness: 6
2019-09-19 14:40:06,222 [RatisPipelineUtilsThread] ERROR pipeline.PipelinePlacementPolicy (PipelinePlacementPolicy.java:meetCriteria(91)) - Pipeline Placement: Doesn't meet the criteria to be viable node. Heaviness: 6
2019-09-19 14:40:06,222 [RatisPipelineUtilsThread] ERROR pipeline.PipelinePlacementPolicy (PipelinePlacementPolicy.java:meetCriteria(91)) - Pipeline Placement: Doesn't meet the criteria to be viable node. Heaviness: 6
2019-09-19 14:40:06,222 [RatisPipelineUtilsThread] ERROR pipeline.PipelinePlacementPolicy (PipelinePlacementPolicy.java:meetCriteria(91)) - Pipeline Placement: Doesn't meet the criteria to be viable node. Heaviness: 6
2019-09-19 14:40:06,222 [RatisPipelineUtilsThread] ERROR pipeline.PipelinePlacementPolicy (PipelinePlacementPolicy.java:filterViableNodes(146)) - Unable to find enough nodes that meet the criteria that cannot engage in more than 5 pipelines. Nodes required: 3 Found: 0, healthy nodes count inNodeManager: 10.
2019-09-19 14:40:06,223 [RatisPipelineUtilsThread] ERROR pipeline.SCMPipelineManager (SCMPipelineManager.java:createPipeline(161)) - Pipeline creation failed due to exception: Unable to find enough nodes that meet the criteria that cannot engage in more than 5 pipelines. Nodes required: 3 Found: 0, healthy nodes count inNodeManager: 10.
2019-09-19 14:40:06,223 [RatisPipelineUtilsThread] ERROR pipeline.PipelinePlacementPolicy (PipelinePlacementPolicy.java:meetCriteria(91)) - Pipeline Placement: Doesn't meet the criteria to be viable node. Heaviness: 6
2019-09-19 14:40:06,223 [RatisPipelineUtilsThread] ERROR pipeline.PipelinePlacementPolicy (PipelinePlacementPolicy.java:meetCriteria(91)) - Pipeline Placement: Doesn't meet the criteria to be viable node. Heaviness: 6
2019-09-19 14:40:06,223 [RatisPipelineUtilsThread] ERROR pipeline.PipelinePlacementPolicy (PipelinePlacementPolicy.java:meetCriteria(91)) - Pipeline Placement: Doesn't meet the criteria to be viable node. Heaviness: 6
2019-09-19 14:40:06,223 [RatisPipelineUtilsThread] ERROR pipeline.PipelinePlacementPolicy (PipelinePlacementPolicy.java:meetCriteria(91)) - Pipeline Placement: Doesn't meet the criteria to be viable node. Heaviness: 6
2019-09-19 14:40:06,224 [RatisPipelineUtilsThread] ERROR pipeline.PipelinePlacementPolicy (PipelinePlacementPolicy.java:meetCriteria(91)) - Pipeline Placement: Doesn't meet the criteria to be viable node. Heaviness: 6
2019-09-19 14:40:06,224 [RatisPipelineUtilsThread] ERROR pipeline.PipelinePlacementPolicy (PipelinePlacementPolicy.java:meetCriteria(91)) - Pipeline Placement: Doesn't meet the criteria to be viable node. Heaviness: 6
2019-09-19 14:40:06,224 [RatisPipelineUtilsThread] ERROR pipeline.PipelinePlacementPolicy (PipelinePlacementPolicy.java:meetCriteria(91)) - Pipeline Placement: Doesn't meet the criteria to be viable node. Heaviness: 6
2019-09-19 14:40:06,224 [RatisPipelineUtilsThread] ERROR pipeline.PipelinePlacementPolicy (PipelinePlacementPolicy.java:meetCriteria(91)) - Pipeline Placement: Doesn't meet the criteria to be viable node. Heaviness: 6
2019-09-19 14:40:06,224 [RatisPipelineUtilsThread] ERROR pipeline.PipelinePlacementPolicy (PipelinePlacementPolicy.java:meetCriteria(91)) - Pipeline Placement: Doesn't meet the criteria to be viable node. Heaviness: 6
2019-09-19 14:40:06,224 [RatisPipelineUtilsThread] ERROR pipeline.PipelinePlacementPolicy (PipelinePlacementPolicy.java:meetCriteria(91)) - Pipeline Placement: Doesn't meet the criteria to be viable node. Heaviness: 6
2019-09-19 14:40:06,225 [RatisPipelineUtilsThread] ERROR pipeline.PipelinePlacementPolicy (PipelinePlacementPolicy.java:filterViableNodes(146)) - Unable to find enough nodes that meet the criteria that cannot engage in more than 5 pipelines. Nodes required: 1 Found: 0, healthy nodes count inNodeManager: 10.
2019-09-19 14:40:06,225 [RatisPipelineUtilsThread] ERROR pipeline.SCMPipelineManager (SCMPipelineManager.java:createPipeline(161)) - Pipeline creation failed due to exception: Unable to find enough nodes that meet the criteria that cannot engage in more than 5 pipelines. Nodes required: 1 Found: 0, healthy nodes count inNodeManager: 10.
2019-09-19 14:40:06,225 [RatisPipelineUtilsThread] ERROR pipeline.PipelinePlacementPolicy (PipelinePlacementPolicy.java:meetCriteria(91)) - Pipeline Placement: Doesn't meet the criteria to be viable node. Heaviness: 6
2019-09-19 14:40:06,225 [RatisPipelineUtilsThread] ERROR pipeline.PipelinePlacementPolicy (PipelinePlacementPolicy.java:meetCriteria(91)) - Pipeline Placement: Doesn't meet the criteria to be viable node. Heaviness: 6
2019-09-19 14:40:06,225 [RatisPipelineUtilsThread] ERROR pipeline.PipelinePlacementPolicy (PipelinePlacementPolicy.java:meetCriteria(91)) - Pipeline Placement: Doesn't meet the criteria to be viable node. Heaviness: 6
2019-09-19 14:40:06,226 [RatisPipelineUtilsThread] ERROR pipeline.PipelinePlacementPolicy (PipelinePlacementPolicy.java:meetCriteria(91)) - Pipeline Placement: Doesn't meet the criteria to be viable node. Heaviness: 6
2019-09-19 14:40:06,226 [RatisPipelineUtilsThread] ERROR pipeline.PipelinePlacementPolicy (PipelinePlacementPolicy.java:meetCriteria(91)) - Pipeline Placement: Doesn't meet the criteria to be viable node. Heaviness: 6
2019-09-19 14:40:06,226 [RatisPipelineUtilsThread] ERROR pipeline.PipelinePlacementPolicy (PipelinePlacementPolicy.java:meetCriteria(91)) - Pipeline Placement: Doesn't meet the criteria to be viable node. Heaviness: 6
2019-09-19 14:40:06,226 [RatisPipelineUtilsThread] ERROR pipeline.PipelinePlacementPolicy (PipelinePlacementPolicy.java:meetCriteria(91)) - Pipeline Placement: Doesn't meet the criteria to be viable node. Heaviness: 6
2019-09-19 14:40:06,226 [RatisPipelineUtilsThread] ERROR pipeline.PipelinePlacementPolicy (PipelinePlacementPolicy.java:meetCriteria(91)) - Pipeline Placement: Doesn't meet the criteria to be viable node. Heaviness: 6
2019-09-19 14:40:06,226 [RatisPipelineUtilsThread] ERROR pipeline.PipelinePlacementPolicy (PipelinePlacementPolicy.java:meetCriteria(91)) - Pipeline Placement: Doesn't meet the criteria to be viable node. Heaviness: 6
2019-09-19 14:40:06,227 [RatisPipelineUtilsThread] ERROR pipeline.PipelinePlacementPolicy (PipelinePlacementPolicy.java:meetCriteria(91)) - Pipeline Placement: Doesn't meet the criteria to be viable node. Heaviness: 6
2019-09-19 14:40:06,227 [RatisPipelineUtilsThread] ERROR pipeline.PipelinePlacementPolicy (PipelinePlacementPolicy.java:filterViableNodes(146)) - Unable to find enough nodes that meet the criteria that cannot engage in more than 5 pipelines. Nodes required: 3 Found: 0, healthy nodes count inNodeManager: 10.
2019-09-19 14:40:06,227 [RatisPipelineUtilsThread] ERROR pipeline.SCMPipelineManager (SCMPipelineManager.java:createPipeline(161)) - Pipeline creation failed due to exception: Unable to find enough nodes that meet the criteria that cannot engage in more than 5 pipelines. Nodes required: 3 Found: 0, healthy nodes count inNodeManager: 10.
2019-09-19 14:40:06,279 | INFO  | SCMAudit | user=jenkins1000 | ip=192.168.5.132 | op=SEND_HEARTBEAT {datanodeUUID=f70b6c3b-be29-4a26-a238-fb2d839120cd, command=[]} | ret=SUCCESS |  
2019-09-19 14:40:06,306 [f70b6c3b-be29-4a26-a238-fb2d839120cd-SegmentedRaftLogWorker:Storage Directory /workdir/hadoop-ozone/ozonefs/target/test-dir/MiniOzoneClusterImpl-889e9801-d8cd-4d64-ad06-78e1b934daf6/datanode-0/data/ratis/8360378b-e7e6-42ca-bbf7-c473f2a747ef] INFO  segmented.SegmentedRaftLogWorker (SegmentedRaftLogWorker.java:execute(569)) - f70b6c3b-be29-4a26-a238-fb2d839120cd-SegmentedRaftLogWorker:Storage Directory /workdir/hadoop-ozone/ozonefs/target/test-dir/MiniOzoneClusterImpl-889e9801-d8cd-4d64-ad06-78e1b934daf6/datanode-0/data/ratis/8360378b-e7e6-42ca-bbf7-c473f2a747ef: created new log segment /workdir/hadoop-ozone/ozonefs/target/test-dir/MiniOzoneClusterImpl-889e9801-d8cd-4d64-ad06-78e1b934daf6/datanode-0/data/ratis/8360378b-e7e6-42ca-bbf7-c473f2a747ef/current/log_inprogress_0
2019-09-19 14:40:06,306 [f70b6c3b-be29-4a26-a238-fb2d839120cd-SegmentedRaftLogWorker:Storage Directory /workdir/hadoop-ozone/ozonefs/target/test-dir/MiniOzoneClusterImpl-889e9801-d8cd-4d64-ad06-78e1b934daf6/datanode-0/data/ratis/e2eb8442-73c8-42c6-8b96-b03ef69f8e93] INFO  segmented.SegmentedRaftLogWorker (SegmentedRaftLogWorker.java:execute(569)) - f70b6c3b-be29-4a26-a238-fb2d839120cd-SegmentedRaftLogWorker:Storage Directory /workdir/hadoop-ozone/ozonefs/target/test-dir/MiniOzoneClusterImpl-889e9801-d8cd-4d64-ad06-78e1b934daf6/datanode-0/data/ratis/e2eb8442-73c8-42c6-8b96-b03ef69f8e93: created new log segment /workdir/hadoop-ozone/ozonefs/target/test-dir/MiniOzoneClusterImpl-889e9801-d8cd-4d64-ad06-78e1b934daf6/datanode-0/data/ratis/e2eb8442-73c8-42c6-8b96-b03ef69f8e93/current/log_inprogress_0
2019-09-19 14:40:06,350 | INFO  | SCMAudit | user=jenkins1000 | ip=192.168.5.132 | op=SEND_HEARTBEAT {datanodeUUID=7354d665-2a20-43d9-a220-6cd224d5c3fe, command=[]} | ret=SUCCESS |  
2019-09-19 14:40:06,420 [Thread-290] INFO  impl.FollowerState (FollowerState.java:run(106)) - 7354d665-2a20-43d9-a220-6cd224d5c3fe:group-DE4F85B24F6B changes to CANDIDATE, lastRpcTime:5200, electionTimeout:5198ms
2019-09-19 14:40:06,420 [Thread-290] INFO  impl.RoleInfo (RoleInfo.java:shutdownFollowerState(121)) - 7354d665-2a20-43d9-a220-6cd224d5c3fe: shutdown FollowerState
2019-09-19 14:40:06,420 [Thread-290] INFO  impl.RaftServerImpl (RaftServerImpl.java:setRole(171)) - 7354d665-2a20-43d9-a220-6cd224d5c3fe:group-DE4F85B24F6B changes role from FOLLOWER to CANDIDATE at term 0 for changeToCandidate
2019-09-19 14:40:06,421 [Thread-290] INFO  impl.RoleInfo (RoleInfo.java:updateAndGet(143)) - 7354d665-2a20-43d9-a220-6cd224d5c3fe: start LeaderElection
2019-09-19 14:40:06,454 | INFO  | SCMAudit | user=jenkins1000 | ip=192.168.5.132 | op=SEND_HEARTBEAT {datanodeUUID=7bfd0aba-89d9-48be-a848-6a4500b14ddf, command=[]} | ret=SUCCESS |  
2019-09-19 14:40:06,465 [7354d665-2a20-43d9-a220-6cd224d5c3fe:group-DE4F85B24F6B:LeaderElection3] INFO  impl.LeaderElection (LeaderElection.java:askForVotes(181)) - 7354d665-2a20-43d9-a220-6cd224d5c3fe:group-DE4F85B24F6B:LeaderElection3: begin an election at term 1 for -1: [7354d665-2a20-43d9-a220-6cd224d5c3fe:192.168.5.132:32973], old=null
2019-09-19 14:40:06,465 [7354d665-2a20-43d9-a220-6cd224d5c3fe:group-DE4F85B24F6B:LeaderElection3] INFO  impl.RoleInfo (RoleInfo.java:shutdownLeaderElection(134)) - 7354d665-2a20-43d9-a220-6cd224d5c3fe: shutdown LeaderElection
2019-09-19 14:40:06,465 [7354d665-2a20-43d9-a220-6cd224d5c3fe:group-DE4F85B24F6B:LeaderElection3] INFO  impl.RaftServerImpl (RaftServerImpl.java:setRole(171)) - 7354d665-2a20-43d9-a220-6cd224d5c3fe:group-DE4F85B24F6B changes role from CANDIDATE to LEADER at term 1 for changeToLeader
2019-09-19 14:40:06,465 [7354d665-2a20-43d9-a220-6cd224d5c3fe:group-DE4F85B24F6B:LeaderElection3] INFO  impl.RaftServerImpl (ServerState.java:setLeader(263)) - 7354d665-2a20-43d9-a220-6cd224d5c3fe:group-DE4F85B24F6B change Leader from null to 7354d665-2a20-43d9-a220-6cd224d5c3fe at term 1 for becomeLeader, leader elected after 5253ms
2019-09-19 14:40:06,465 [7354d665-2a20-43d9-a220-6cd224d5c3fe:group-DE4F85B24F6B:LeaderElection3] INFO  server.RaftServerConfigKeys (ConfUtils.java:logGet(43)) - raft.server.staging.catchup.gap = 1000 (default)
2019-09-19 14:40:06,466 [7354d665-2a20-43d9-a220-6cd224d5c3fe:group-DE4F85B24F6B:LeaderElection3] INFO  server.RaftServerConfigKeys (ConfUtils.java:logGet(43)) - raft.server.rpc.sleep.time = 25ms (default)
2019-09-19 14:40:06,466 [7354d665-2a20-43d9-a220-6cd224d5c3fe:group-DE4F85B24F6B:LeaderElection3] INFO  server.RaftServerConfigKeys (ConfUtils.java:logGet(43)) - raft.server.write.element-limit = 4096 (default)
2019-09-19 14:40:06,466 [7354d665-2a20-43d9-a220-6cd224d5c3fe:group-DE4F85B24F6B:LeaderElection3] INFO  server.RaftServerConfigKeys (ConfUtils.java:logGet(43)) - raft.server.watch.timeout = 10s (default)
2019-09-19 14:40:06,466 [7354d665-2a20-43d9-a220-6cd224d5c3fe:group-DE4F85B24F6B:LeaderElection3] INFO  server.RaftServerConfigKeys (ConfUtils.java:logGet(43)) - raft.server.watch.timeout.denomination = 1s (default)
2019-09-19 14:40:06,466 [7354d665-2a20-43d9-a220-6cd224d5c3fe:group-DE4F85B24F6B:LeaderElection3] INFO  server.RaftServerConfigKeys (ConfUtils.java:logGet(43)) - raft.server.watch.element-limit = 65536 (default)
2019-09-19 14:40:06,467 [7354d665-2a20-43d9-a220-6cd224d5c3fe:group-DE4F85B24F6B:LeaderElection3] INFO  impl.RoleInfo (RoleInfo.java:updateAndGet(143)) - 7354d665-2a20-43d9-a220-6cd224d5c3fe: start LeaderState
2019-09-19 14:40:06,467 [7354d665-2a20-43d9-a220-6cd224d5c3fe:group-DE4F85B24F6B:LeaderElection3] INFO  segmented.SegmentedRaftLogWorker (SegmentedRaftLogWorker.java:startLogSegment(380)) - 7354d665-2a20-43d9-a220-6cd224d5c3fe-SegmentedRaftLogWorker:Storage Directory /workdir/hadoop-ozone/ozonefs/target/test-dir/MiniOzoneClusterImpl-889e9801-d8cd-4d64-ad06-78e1b934daf6/datanode-3/data/ratis/e3087218-e5db-407b-919b-de4f85b24f6b: Starting segment from index:0
2019-09-19 14:40:06,467 [7354d665-2a20-43d9-a220-6cd224d5c3fe:group-DE4F85B24F6B:LeaderElection3] INFO  impl.RaftServerImpl (ServerState.java:setRaftConf(361)) - 7354d665-2a20-43d9-a220-6cd224d5c3fe:group-DE4F85B24F6B set configuration 0: [7354d665-2a20-43d9-a220-6cd224d5c3fe:192.168.5.132:32973], old=null at 0
2019-09-19 14:40:06,506 | INFO  | SCMAudit | user=jenkins1000 | ip=192.168.5.132 | op=SEND_HEARTBEAT {datanodeUUID=6aa361a5-10ee-4e6c-9990-87c23e670156, command=[]} | ret=SUCCESS |  
2019-09-19 14:40:06,517 [7354d665-2a20-43d9-a220-6cd224d5c3fe-SegmentedRaftLogWorker:Storage Directory /workdir/hadoop-ozone/ozonefs/target/test-dir/MiniOzoneClusterImpl-889e9801-d8cd-4d64-ad06-78e1b934daf6/datanode-3/data/ratis/e3087218-e5db-407b-919b-de4f85b24f6b] INFO  segmented.SegmentedRaftLogWorker (SegmentedRaftLogWorker.java:execute(569)) - 7354d665-2a20-43d9-a220-6cd224d5c3fe-SegmentedRaftLogWorker:Storage Directory /workdir/hadoop-ozone/ozonefs/target/test-dir/MiniOzoneClusterImpl-889e9801-d8cd-4d64-ad06-78e1b934daf6/datanode-3/data/ratis/e3087218-e5db-407b-919b-de4f85b24f6b: created new log segment /workdir/hadoop-ozone/ozonefs/target/test-dir/MiniOzoneClusterImpl-889e9801-d8cd-4d64-ad06-78e1b934daf6/datanode-3/data/ratis/e3087218-e5db-407b-919b-de4f85b24f6b/current/log_inprogress_0
2019-09-19 14:40:06,566 | INFO  | SCMAudit | user=jenkins1000 | ip=192.168.5.132 | op=SEND_HEARTBEAT {datanodeUUID=c157b6a0-3602-4e04-89f3-2eaad4ae05f6, command=[]} | ret=SUCCESS |  
2019-09-19 14:40:06,583 [Thread-293] INFO  impl.FollowerState (FollowerState.java:run(106)) - 6aa361a5-10ee-4e6c-9990-87c23e670156:group-E05125B01A69 changes to CANDIDATE, lastRpcTime:5150, electionTimeout:5150ms
2019-09-19 14:40:06,583 [Thread-293] INFO  impl.RoleInfo (RoleInfo.java:shutdownFollowerState(121)) - 6aa361a5-10ee-4e6c-9990-87c23e670156: shutdown FollowerState
2019-09-19 14:40:06,583 [Thread-293] INFO  impl.RaftServerImpl (RaftServerImpl.java:setRole(171)) - 6aa361a5-10ee-4e6c-9990-87c23e670156:group-E05125B01A69 changes role from FOLLOWER to CANDIDATE at term 0 for changeToCandidate
2019-09-19 14:40:06,583 [Thread-293] INFO  impl.RoleInfo (RoleInfo.java:updateAndGet(143)) - 6aa361a5-10ee-4e6c-9990-87c23e670156: start LeaderElection
2019-09-19 14:40:06,616 [6aa361a5-10ee-4e6c-9990-87c23e670156:group-E05125B01A69:LeaderElection4] INFO  impl.LeaderElection (LeaderElection.java:askForVotes(181)) - 6aa361a5-10ee-4e6c-9990-87c23e670156:group-E05125B01A69:LeaderElection4: begin an election at term 1 for -1: [6aa361a5-10ee-4e6c-9990-87c23e670156:192.168.5.132:41011], old=null
2019-09-19 14:40:06,617 [6aa361a5-10ee-4e6c-9990-87c23e670156:group-E05125B01A69:LeaderElection4] INFO  impl.RoleInfo (RoleInfo.java:shutdownLeaderElection(134)) - 6aa361a5-10ee-4e6c-9990-87c23e670156: shutdown LeaderElection
2019-09-19 14:40:06,617 [6aa361a5-10ee-4e6c-9990-87c23e670156:group-E05125B01A69:LeaderElection4] INFO  impl.RaftServerImpl (RaftServerImpl.java:setRole(171)) - 6aa361a5-10ee-4e6c-9990-87c23e670156:group-E05125B01A69 changes role from CANDIDATE to LEADER at term 1 for changeToLeader
2019-09-19 14:40:06,617 [6aa361a5-10ee-4e6c-9990-87c23e670156:group-E05125B01A69:LeaderElection4] INFO  impl.RaftServerImpl (ServerState.java:setLeader(263)) - 6aa361a5-10ee-4e6c-9990-87c23e670156:group-E05125B01A69 change Leader from null to 6aa361a5-10ee-4e6c-9990-87c23e670156 at term 1 for becomeLeader, leader elected after 5191ms
2019-09-19 14:40:06,617 [6aa361a5-10ee-4e6c-9990-87c23e670156:group-E05125B01A69:LeaderElection4] INFO  server.RaftServerConfigKeys (ConfUtils.java:logGet(43)) - raft.server.staging.catchup.gap = 1000 (default)
2019-09-19 14:40:06,617 [6aa361a5-10ee-4e6c-9990-87c23e670156:group-E05125B01A69:LeaderElection4] INFO  server.RaftServerConfigKeys (ConfUtils.java:logGet(43)) - raft.server.rpc.sleep.time = 25ms (default)
2019-09-19 14:40:06,618 [6aa361a5-10ee-4e6c-9990-87c23e670156:group-E05125B01A69:LeaderElection4] INFO  server.RaftServerConfigKeys (ConfUtils.java:logGet(43)) - raft.server.write.element-limit = 4096 (default)
2019-09-19 14:40:06,618 [6aa361a5-10ee-4e6c-9990-87c23e670156:group-E05125B01A69:LeaderElection4] INFO  server.RaftServerConfigKeys (ConfUtils.java:logGet(43)) - raft.server.watch.timeout = 10s (default)
2019-09-19 14:40:06,618 [6aa361a5-10ee-4e6c-9990-87c23e670156:group-E05125B01A69:LeaderElection4] INFO  server.RaftServerConfigKeys (ConfUtils.java:logGet(43)) - raft.server.watch.timeout.denomination = 1s (default)
2019-09-19 14:40:06,618 [6aa361a5-10ee-4e6c-9990-87c23e670156:group-E05125B01A69:LeaderElection4] INFO  server.RaftServerConfigKeys (ConfUtils.java:logGet(43)) - raft.server.watch.element-limit = 65536 (default)
2019-09-19 14:40:06,618 [6aa361a5-10ee-4e6c-9990-87c23e670156:group-E05125B01A69:LeaderElection4] INFO  impl.RoleInfo (RoleInfo.java:updateAndGet(143)) - 6aa361a5-10ee-4e6c-9990-87c23e670156: start LeaderState
2019-09-19 14:40:06,619 [6aa361a5-10ee-4e6c-9990-87c23e670156:group-E05125B01A69:LeaderElection4] INFO  segmented.SegmentedRaftLogWorker (SegmentedRaftLogWorker.java:startLogSegment(380)) - 6aa361a5-10ee-4e6c-9990-87c23e670156-SegmentedRaftLogWorker:Storage Directory /workdir/hadoop-ozone/ozonefs/target/test-dir/MiniOzoneClusterImpl-889e9801-d8cd-4d64-ad06-78e1b934daf6/datanode-4/data/ratis/f591dd85-9172-4564-b16e-e05125b01a69: Starting segment from index:0
2019-09-19 14:40:06,619 [6aa361a5-10ee-4e6c-9990-87c23e670156:group-E05125B01A69:LeaderElection4] INFO  impl.RaftServerImpl (ServerState.java:setRaftConf(361)) - 6aa361a5-10ee-4e6c-9990-87c23e670156:group-E05125B01A69 set configuration 0: [6aa361a5-10ee-4e6c-9990-87c23e670156:192.168.5.132:41011], old=null at 0
2019-09-19 14:40:06,681 [6aa361a5-10ee-4e6c-9990-87c23e670156-SegmentedRaftLogWorker:Storage Directory /workdir/hadoop-ozone/ozonefs/target/test-dir/MiniOzoneClusterImpl-889e9801-d8cd-4d64-ad06-78e1b934daf6/datanode-4/data/ratis/f591dd85-9172-4564-b16e-e05125b01a69] INFO  segmented.SegmentedRaftLogWorker (SegmentedRaftLogWorker.java:execute(569)) - 6aa361a5-10ee-4e6c-9990-87c23e670156-SegmentedRaftLogWorker:Storage Directory /workdir/hadoop-ozone/ozonefs/target/test-dir/MiniOzoneClusterImpl-889e9801-d8cd-4d64-ad06-78e1b934daf6/datanode-4/data/ratis/f591dd85-9172-4564-b16e-e05125b01a69: created new log segment /workdir/hadoop-ozone/ozonefs/target/test-dir/MiniOzoneClusterImpl-889e9801-d8cd-4d64-ad06-78e1b934daf6/datanode-4/data/ratis/f591dd85-9172-4564-b16e-e05125b01a69/current/log_inprogress_0
2019-09-19 14:40:06,683 | INFO  | SCMAudit | user=jenkins1000 | ip=192.168.5.132 | op=SEND_HEARTBEAT {datanodeUUID=942b50b4-c7bf-487c-9057-9f9e637dbe53, command=[]} | ret=SUCCESS |  
2019-09-19 14:40:06,715 [Thread-296] INFO  impl.FollowerState (FollowerState.java:run(106)) - 6aa361a5-10ee-4e6c-9990-87c23e670156:group-E18B669BFD42 changes to CANDIDATE, lastRpcTime:5158, electionTimeout:5158ms
2019-09-19 14:40:06,716 [Thread-296] INFO  impl.RoleInfo (RoleInfo.java:shutdownFollowerState(121)) - 6aa361a5-10ee-4e6c-9990-87c23e670156: shutdown FollowerState
2019-09-19 14:40:06,716 [Thread-296] INFO  impl.RaftServerImpl (RaftServerImpl.java:setRole(171)) - 6aa361a5-10ee-4e6c-9990-87c23e670156:group-E18B669BFD42 changes role from FOLLOWER to CANDIDATE at term 0 for changeToCandidate
2019-09-19 14:40:06,716 [Thread-296] INFO  impl.RoleInfo (RoleInfo.java:updateAndGet(143)) - 6aa361a5-10ee-4e6c-9990-87c23e670156: start LeaderElection
2019-09-19 14:40:06,731 | INFO  | SCMAudit | user=jenkins1000 | ip=192.168.5.132 | op=SEND_HEARTBEAT {datanodeUUID=afbae23f-b8a7-4a0f-ac57-bc0dcc025f7c, command=[]} | ret=SUCCESS |  
2019-09-19 14:40:06,749 [6aa361a5-10ee-4e6c-9990-87c23e670156:group-E18B669BFD42:LeaderElection5] INFO  impl.LeaderElection (LeaderElection.java:askForVotes(181)) - 6aa361a5-10ee-4e6c-9990-87c23e670156:group-E18B669BFD42:LeaderElection5: begin an election at term 1 for -1: [6aa361a5-10ee-4e6c-9990-87c23e670156:192.168.5.132:41011], old=null
2019-09-19 14:40:06,749 [6aa361a5-10ee-4e6c-9990-87c23e670156:group-E18B669BFD42:LeaderElection5] INFO  impl.RoleInfo (RoleInfo.java:shutdownLeaderElection(134)) - 6aa361a5-10ee-4e6c-9990-87c23e670156: shutdown LeaderElection
2019-09-19 14:40:06,750 [6aa361a5-10ee-4e6c-9990-87c23e670156:group-E18B669BFD42:LeaderElection5] INFO  impl.RaftServerImpl (RaftServerImpl.java:setRole(171)) - 6aa361a5-10ee-4e6c-9990-87c23e670156:group-E18B669BFD42 changes role from CANDIDATE to LEADER at term 1 for changeToLeader
2019-09-19 14:40:06,750 [6aa361a5-10ee-4e6c-9990-87c23e670156:group-E18B669BFD42:LeaderElection5] INFO  impl.RaftServerImpl (ServerState.java:setLeader(263)) - 6aa361a5-10ee-4e6c-9990-87c23e670156:group-E18B669BFD42 change Leader from null to 6aa361a5-10ee-4e6c-9990-87c23e670156 at term 1 for becomeLeader, leader elected after 5198ms
2019-09-19 14:40:06,750 [6aa361a5-10ee-4e6c-9990-87c23e670156:group-E18B669BFD42:LeaderElection5] INFO  server.RaftServerConfigKeys (ConfUtils.java:logGet(43)) - raft.server.staging.catchup.gap = 1000 (default)
2019-09-19 14:40:06,750 [6aa361a5-10ee-4e6c-9990-87c23e670156:group-E18B669BFD42:LeaderElection5] INFO  server.RaftServerConfigKeys (ConfUtils.java:logGet(43)) - raft.server.rpc.sleep.time = 25ms (default)
2019-09-19 14:40:06,750 [6aa361a5-10ee-4e6c-9990-87c23e670156:group-E18B669BFD42:LeaderElection5] INFO  server.RaftServerConfigKeys (ConfUtils.java:logGet(43)) - raft.server.write.element-limit = 4096 (default)
2019-09-19 14:40:06,751 [6aa361a5-10ee-4e6c-9990-87c23e670156:group-E18B669BFD42:LeaderElection5] INFO  server.RaftServerConfigKeys (ConfUtils.java:logGet(43)) - raft.server.watch.timeout = 10s (default)
2019-09-19 14:40:06,751 [6aa361a5-10ee-4e6c-9990-87c23e670156:group-E18B669BFD42:LeaderElection5] INFO  server.RaftServerConfigKeys (ConfUtils.java:logGet(43)) - raft.server.watch.timeout.denomination = 1s (default)
2019-09-19 14:40:06,751 [6aa361a5-10ee-4e6c-9990-87c23e670156:group-E18B669BFD42:LeaderElection5] INFO  server.RaftServerConfigKeys (ConfUtils.java:logGet(43)) - raft.server.watch.element-limit = 65536 (default)
2019-09-19 14:40:06,751 [6aa361a5-10ee-4e6c-9990-87c23e670156:group-E18B669BFD42:LeaderElection5] INFO  impl.RoleInfo (RoleInfo.java:updateAndGet(143)) - 6aa361a5-10ee-4e6c-9990-87c23e670156: start LeaderState
2019-09-19 14:40:06,752 [6aa361a5-10ee-4e6c-9990-87c23e670156:group-E18B669BFD42:LeaderElection5] INFO  segmented.SegmentedRaftLogWorker (SegmentedRaftLogWorker.java:startLogSegment(380)) - 6aa361a5-10ee-4e6c-9990-87c23e670156-SegmentedRaftLogWorker:Storage Directory /workdir/hadoop-ozone/ozonefs/target/test-dir/MiniOzoneClusterImpl-889e9801-d8cd-4d64-ad06-78e1b934daf6/datanode-4/data/ratis/3086135f-a6db-46ff-a7f9-e18b669bfd42: Starting segment from index:0
2019-09-19 14:40:06,752 [6aa361a5-10ee-4e6c-9990-87c23e670156:group-E18B669BFD42:LeaderElection5] INFO  impl.RaftServerImpl (ServerState.java:setRaftConf(361)) - 6aa361a5-10ee-4e6c-9990-87c23e670156:group-E18B669BFD42 set configuration 0: [6aa361a5-10ee-4e6c-9990-87c23e670156:192.168.5.132:41011], old=null at 0
2019-09-19 14:40:06,813 [6aa361a5-10ee-4e6c-9990-87c23e670156-SegmentedRaftLogWorker:Storage Directory /workdir/hadoop-ozone/ozonefs/target/test-dir/MiniOzoneClusterImpl-889e9801-d8cd-4d64-ad06-78e1b934daf6/datanode-4/data/ratis/3086135f-a6db-46ff-a7f9-e18b669bfd42] INFO  segmented.SegmentedRaftLogWorker (SegmentedRaftLogWorker.java:execute(569)) - 6aa361a5-10ee-4e6c-9990-87c23e670156-SegmentedRaftLogWorker:Storage Directory /workdir/hadoop-ozone/ozonefs/target/test-dir/MiniOzoneClusterImpl-889e9801-d8cd-4d64-ad06-78e1b934daf6/datanode-4/data/ratis/3086135f-a6db-46ff-a7f9-e18b669bfd42: created new log segment /workdir/hadoop-ozone/ozonefs/target/test-dir/MiniOzoneClusterImpl-889e9801-d8cd-4d64-ad06-78e1b934daf6/datanode-4/data/ratis/3086135f-a6db-46ff-a7f9-e18b669bfd42/current/log_inprogress_0
2019-09-19 14:40:06,837 | INFO  | SCMAudit | user=jenkins1000 | ip=192.168.5.132 | op=SEND_HEARTBEAT {datanodeUUID=cda53276-4c02-47df-9243-aafa1631e748, command=[]} | ret=SUCCESS |  
2019-09-19 14:40:06,874 [Thread-299] INFO  impl.FollowerState (FollowerState.java:run(106)) - afbae23f-b8a7-4a0f-ac57-bc0dcc025f7c:group-B07DBF0A6036 changes to CANDIDATE, lastRpcTime:5173, electionTimeout:5173ms
2019-09-19 14:40:06,874 [Thread-299] INFO  impl.RoleInfo (RoleInfo.java:shutdownFollowerState(121)) - afbae23f-b8a7-4a0f-ac57-bc0dcc025f7c: shutdown FollowerState
2019-09-19 14:40:06,874 [Thread-299] INFO  impl.RaftServerImpl (RaftServerImpl.java:setRole(171)) - afbae23f-b8a7-4a0f-ac57-bc0dcc025f7c:group-B07DBF0A6036 changes role from FOLLOWER to CANDIDATE at term 0 for changeToCandidate
2019-09-19 14:40:06,874 [Thread-299] INFO  impl.RoleInfo (RoleInfo.java:updateAndGet(143)) - afbae23f-b8a7-4a0f-ac57-bc0dcc025f7c: start LeaderElection
2019-09-19 14:40:06,908 [afbae23f-b8a7-4a0f-ac57-bc0dcc025f7c:group-B07DBF0A6036:LeaderElection6] INFO  impl.LeaderElection (LeaderElection.java:askForVotes(181)) - afbae23f-b8a7-4a0f-ac57-bc0dcc025f7c:group-B07DBF0A6036:LeaderElection6: begin an election at term 1 for -1: [afbae23f-b8a7-4a0f-ac57-bc0dcc025f7c:192.168.5.132:44695], old=null
2019-09-19 14:40:06,908 [afbae23f-b8a7-4a0f-ac57-bc0dcc025f7c:group-B07DBF0A6036:LeaderElection6] INFO  impl.RoleInfo (RoleInfo.java:shutdownLeaderElection(134)) - afbae23f-b8a7-4a0f-ac57-bc0dcc025f7c: shutdown LeaderElection
2019-09-19 14:40:06,908 [afbae23f-b8a7-4a0f-ac57-bc0dcc025f7c:group-B07DBF0A6036:LeaderElection6] INFO  impl.RaftServerImpl (RaftServerImpl.java:setRole(171)) - afbae23f-b8a7-4a0f-ac57-bc0dcc025f7c:group-B07DBF0A6036 changes role from CANDIDATE to LEADER at term 1 for changeToLeader
2019-09-19 14:40:06,908 [afbae23f-b8a7-4a0f-ac57-bc0dcc025f7c:group-B07DBF0A6036:LeaderElection6] INFO  impl.RaftServerImpl (ServerState.java:setLeader(263)) - afbae23f-b8a7-4a0f-ac57-bc0dcc025f7c:group-B07DBF0A6036 change Leader from null to afbae23f-b8a7-4a0f-ac57-bc0dcc025f7c at term 1 for becomeLeader, leader elected after 5214ms
2019-09-19 14:40:06,909 [afbae23f-b8a7-4a0f-ac57-bc0dcc025f7c:group-B07DBF0A6036:LeaderElection6] INFO  server.RaftServerConfigKeys (ConfUtils.java:logGet(43)) - raft.server.staging.catchup.gap = 1000 (default)
2019-09-19 14:40:06,909 [afbae23f-b8a7-4a0f-ac57-bc0dcc025f7c:group-B07DBF0A6036:LeaderElection6] INFO  server.RaftServerConfigKeys (ConfUtils.java:logGet(43)) - raft.server.rpc.sleep.time = 25ms (default)
2019-09-19 14:40:06,909 [afbae23f-b8a7-4a0f-ac57-bc0dcc025f7c:group-B07DBF0A6036:LeaderElection6] INFO  server.RaftServerConfigKeys (ConfUtils.java:logGet(43)) - raft.server.write.element-limit = 4096 (default)
2019-09-19 14:40:06,910 [afbae23f-b8a7-4a0f-ac57-bc0dcc025f7c:group-B07DBF0A6036:LeaderElection6] INFO  server.RaftServerConfigKeys (ConfUtils.java:logGet(43)) - raft.server.watch.timeout = 10s (default)
2019-09-19 14:40:06,910 [afbae23f-b8a7-4a0f-ac57-bc0dcc025f7c:group-B07DBF0A6036:LeaderElection6] INFO  server.RaftServerConfigKeys (ConfUtils.java:logGet(43)) - raft.server.watch.timeout.denomination = 1s (default)
2019-09-19 14:40:06,910 [afbae23f-b8a7-4a0f-ac57-bc0dcc025f7c:group-B07DBF0A6036:LeaderElection6] INFO  server.RaftServerConfigKeys (ConfUtils.java:logGet(43)) - raft.server.watch.element-limit = 65536 (default)
2019-09-19 14:40:06,910 [afbae23f-b8a7-4a0f-ac57-bc0dcc025f7c:group-B07DBF0A6036:LeaderElection6] INFO  impl.RoleInfo (RoleInfo.java:updateAndGet(143)) - afbae23f-b8a7-4a0f-ac57-bc0dcc025f7c: start LeaderState
2019-09-19 14:40:06,911 [afbae23f-b8a7-4a0f-ac57-bc0dcc025f7c:group-B07DBF0A6036:LeaderElection6] INFO  segmented.SegmentedRaftLogWorker (SegmentedRaftLogWorker.java:startLogSegment(380)) - afbae23f-b8a7-4a0f-ac57-bc0dcc025f7c-SegmentedRaftLogWorker:Storage Directory /workdir/hadoop-ozone/ozonefs/target/test-dir/MiniOzoneClusterImpl-889e9801-d8cd-4d64-ad06-78e1b934daf6/datanode-5/data/ratis/2d6220be-0102-4e9d-9db8-b07dbf0a6036: Starting segment from index:0
2019-09-19 14:40:06,912 [afbae23f-b8a7-4a0f-ac57-bc0dcc025f7c:group-B07DBF0A6036:LeaderElection6] INFO  impl.RaftServerImpl (ServerState.java:setRaftConf(361)) - afbae23f-b8a7-4a0f-ac57-bc0dcc025f7c:group-B07DBF0A6036 set configuration 0: [afbae23f-b8a7-4a0f-ac57-bc0dcc025f7c:192.168.5.132:44695], old=null at 0
2019-09-19 14:40:06,947 [Thread-302] INFO  impl.FollowerState (FollowerState.java:run(106)) - f70b6c3b-be29-4a26-a238-fb2d839120cd:group-806A84710F15 changes to CANDIDATE, lastRpcTime:5155, electionTimeout:5148ms
2019-09-19 14:40:06,947 [Thread-305] INFO  impl.FollowerState (FollowerState.java:run(106)) - cda53276-4c02-47df-9243-aafa1631e748:group-709D6C958EBF changes to CANDIDATE, lastRpcTime:5034, electionTimeout:5029ms
2019-09-19 14:40:06,947 [Thread-302] INFO  impl.RoleInfo (RoleInfo.java:shutdownFollowerState(121)) - f70b6c3b-be29-4a26-a238-fb2d839120cd: shutdown FollowerState
2019-09-19 14:40:06,947 [Thread-305] INFO  impl.RoleInfo (RoleInfo.java:shutdownFollowerState(121)) - cda53276-4c02-47df-9243-aafa1631e748: shutdown FollowerState
2019-09-19 14:40:06,947 [Thread-302] INFO  impl.RaftServerImpl (RaftServerImpl.java:setRole(171)) - f70b6c3b-be29-4a26-a238-fb2d839120cd:group-806A84710F15 changes role from FOLLOWER to CANDIDATE at term 0 for changeToCandidate
2019-09-19 14:40:06,947 [Thread-305] INFO  impl.RaftServerImpl (RaftServerImpl.java:setRole(171)) - cda53276-4c02-47df-9243-aafa1631e748:group-709D6C958EBF changes role from FOLLOWER to CANDIDATE at term 0 for changeToCandidate
2019-09-19 14:40:06,948 [Thread-302] INFO  impl.RoleInfo (RoleInfo.java:updateAndGet(143)) - f70b6c3b-be29-4a26-a238-fb2d839120cd: start LeaderElection
2019-09-19 14:40:06,948 [Thread-305] INFO  impl.RoleInfo (RoleInfo.java:updateAndGet(143)) - cda53276-4c02-47df-9243-aafa1631e748: start LeaderElection
2019-09-19 14:40:06,971 [afbae23f-b8a7-4a0f-ac57-bc0dcc025f7c-SegmentedRaftLogWorker:Storage Directory /workdir/hadoop-ozone/ozonefs/target/test-dir/MiniOzoneClusterImpl-889e9801-d8cd-4d64-ad06-78e1b934daf6/datanode-5/data/ratis/2d6220be-0102-4e9d-9db8-b07dbf0a6036] INFO  segmented.SegmentedRaftLogWorker (SegmentedRaftLogWorker.java:execute(569)) - afbae23f-b8a7-4a0f-ac57-bc0dcc025f7c-SegmentedRaftLogWorker:Storage Directory /workdir/hadoop-ozone/ozonefs/target/test-dir/MiniOzoneClusterImpl-889e9801-d8cd-4d64-ad06-78e1b934daf6/datanode-5/data/ratis/2d6220be-0102-4e9d-9db8-b07dbf0a6036: created new log segment /workdir/hadoop-ozone/ozonefs/target/test-dir/MiniOzoneClusterImpl-889e9801-d8cd-4d64-ad06-78e1b934daf6/datanode-5/data/ratis/2d6220be-0102-4e9d-9db8-b07dbf0a6036/current/log_inprogress_0
2019-09-19 14:40:06,972 [f70b6c3b-be29-4a26-a238-fb2d839120cd:group-806A84710F15:LeaderElection7] INFO  impl.LeaderElection (LeaderElection.java:askForVotes(181)) - f70b6c3b-be29-4a26-a238-fb2d839120cd:group-806A84710F15:LeaderElection7: begin an election at term 1 for -1: [f70b6c3b-be29-4a26-a238-fb2d839120cd:192.168.5.132:34965], old=null
2019-09-19 14:40:06,971 [cda53276-4c02-47df-9243-aafa1631e748:group-709D6C958EBF:LeaderElection8] INFO  impl.LeaderElection (LeaderElection.java:askForVotes(181)) - cda53276-4c02-47df-9243-aafa1631e748:group-709D6C958EBF:LeaderElection8: begin an election at term 1 for -1: [cda53276-4c02-47df-9243-aafa1631e748:192.168.5.132:44276], old=null
2019-09-19 14:40:06,972 [f70b6c3b-be29-4a26-a238-fb2d839120cd:group-806A84710F15:LeaderElection7] INFO  impl.RoleInfo (RoleInfo.java:shutdownLeaderElection(134)) - f70b6c3b-be29-4a26-a238-fb2d839120cd: shutdown LeaderElection
2019-09-19 14:40:06,972 [cda53276-4c02-47df-9243-aafa1631e748:group-709D6C958EBF:LeaderElection8] INFO  impl.RoleInfo (RoleInfo.java:shutdownLeaderElection(134)) - cda53276-4c02-47df-9243-aafa1631e748: shutdown LeaderElection
2019-09-19 14:40:06,972 [f70b6c3b-be29-4a26-a238-fb2d839120cd:group-806A84710F15:LeaderElection7] INFO  impl.RaftServerImpl (RaftServerImpl.java:setRole(171)) - f70b6c3b-be29-4a26-a238-fb2d839120cd:group-806A84710F15 changes role from CANDIDATE to LEADER at term 1 for changeToLeader
2019-09-19 14:40:06,972 [cda53276-4c02-47df-9243-aafa1631e748:group-709D6C958EBF:LeaderElection8] INFO  impl.RaftServerImpl (RaftServerImpl.java:setRole(171)) - cda53276-4c02-47df-9243-aafa1631e748:group-709D6C958EBF changes role from CANDIDATE to LEADER at term 1 for changeToLeader
2019-09-19 14:40:06,972 [f70b6c3b-be29-4a26-a238-fb2d839120cd:group-806A84710F15:LeaderElection7] INFO  impl.RaftServerImpl (ServerState.java:setLeader(263)) - f70b6c3b-be29-4a26-a238-fb2d839120cd:group-806A84710F15 change Leader from null to f70b6c3b-be29-4a26-a238-fb2d839120cd at term 1 for becomeLeader, leader elected after 5186ms
2019-09-19 14:40:06,972 [cda53276-4c02-47df-9243-aafa1631e748:group-709D6C958EBF:LeaderElection8] INFO  impl.RaftServerImpl (ServerState.java:setLeader(263)) - cda53276-4c02-47df-9243-aafa1631e748:group-709D6C958EBF change Leader from null to cda53276-4c02-47df-9243-aafa1631e748 at term 1 for becomeLeader, leader elected after 5066ms
2019-09-19 14:40:06,973 [f70b6c3b-be29-4a26-a238-fb2d839120cd:group-806A84710F15:LeaderElection7] INFO  server.RaftServerConfigKeys (ConfUtils.java:logGet(43)) - raft.server.staging.catchup.gap = 1000 (default)
2019-09-19 14:40:06,973 [cda53276-4c02-47df-9243-aafa1631e748:group-709D6C958EBF:LeaderElection8] INFO  server.RaftServerConfigKeys (ConfUtils.java:logGet(43)) - raft.server.staging.catchup.gap = 1000 (default)
2019-09-19 14:40:06,973 [f70b6c3b-be29-4a26-a238-fb2d839120cd:group-806A84710F15:LeaderElection7] INFO  server.RaftServerConfigKeys (ConfUtils.java:logGet(43)) - raft.server.rpc.sleep.time = 25ms (default)
2019-09-19 14:40:06,973 [cda53276-4c02-47df-9243-aafa1631e748:group-709D6C958EBF:LeaderElection8] INFO  server.RaftServerConfigKeys (ConfUtils.java:logGet(43)) - raft.server.rpc.sleep.time = 25ms (default)
2019-09-19 14:40:06,973 [f70b6c3b-be29-4a26-a238-fb2d839120cd:group-806A84710F15:LeaderElection7] INFO  server.RaftServerConfigKeys (ConfUtils.java:logGet(43)) - raft.server.write.element-limit = 4096 (default)
2019-09-19 14:40:06,973 [cda53276-4c02-47df-9243-aafa1631e748:group-709D6C958EBF:LeaderElection8] INFO  server.RaftServerConfigKeys (ConfUtils.java:logGet(43)) - raft.server.write.element-limit = 4096 (default)
2019-09-19 14:40:06,974 [f70b6c3b-be29-4a26-a238-fb2d839120cd:group-806A84710F15:LeaderElection7] INFO  server.RaftServerConfigKeys (ConfUtils.java:logGet(43)) - raft.server.watch.timeout = 10s (default)
2019-09-19 14:40:06,974 [cda53276-4c02-47df-9243-aafa1631e748:group-709D6C958EBF:LeaderElection8] INFO  server.RaftServerConfigKeys (ConfUtils.java:logGet(43)) - raft.server.watch.timeout = 10s (default)
2019-09-19 14:40:06,974 [f70b6c3b-be29-4a26-a238-fb2d839120cd:group-806A84710F15:LeaderElection7] INFO  server.RaftServerConfigKeys (ConfUtils.java:logGet(43)) - raft.server.watch.timeout.denomination = 1s (default)
2019-09-19 14:40:06,974 [cda53276-4c02-47df-9243-aafa1631e748:group-709D6C958EBF:LeaderElection8] INFO  server.RaftServerConfigKeys (ConfUtils.java:logGet(43)) - raft.server.watch.timeout.denomination = 1s (default)
2019-09-19 14:40:06,974 [f70b6c3b-be29-4a26-a238-fb2d839120cd:group-806A84710F15:LeaderElection7] INFO  server.RaftServerConfigKeys (ConfUtils.java:logGet(43)) - raft.server.watch.element-limit = 65536 (default)
2019-09-19 14:40:06,974 [cda53276-4c02-47df-9243-aafa1631e748:group-709D6C958EBF:LeaderElection8] INFO  server.RaftServerConfigKeys (ConfUtils.java:logGet(43)) - raft.server.watch.element-limit = 65536 (default)
2019-09-19 14:40:06,975 [f70b6c3b-be29-4a26-a238-fb2d839120cd:group-806A84710F15:LeaderElection7] INFO  impl.RoleInfo (RoleInfo.java:updateAndGet(143)) - f70b6c3b-be29-4a26-a238-fb2d839120cd: start LeaderState
2019-09-19 14:40:06,975 [cda53276-4c02-47df-9243-aafa1631e748:group-709D6C958EBF:LeaderElection8] INFO  impl.RoleInfo (RoleInfo.java:updateAndGet(143)) - cda53276-4c02-47df-9243-aafa1631e748: start LeaderState
2019-09-19 14:40:06,975 [f70b6c3b-be29-4a26-a238-fb2d839120cd:group-806A84710F15:LeaderElection7] INFO  segmented.SegmentedRaftLogWorker (SegmentedRaftLogWorker.java:startLogSegment(380)) - f70b6c3b-be29-4a26-a238-fb2d839120cd-SegmentedRaftLogWorker:Storage Directory /workdir/hadoop-ozone/ozonefs/target/test-dir/MiniOzoneClusterImpl-889e9801-d8cd-4d64-ad06-78e1b934daf6/datanode-0/data/ratis/af8371fc-e11a-41c1-974b-806a84710f15: Starting segment from index:0
2019-09-19 14:40:06,975 [cda53276-4c02-47df-9243-aafa1631e748:group-709D6C958EBF:LeaderElection8] INFO  segmented.SegmentedRaftLogWorker (SegmentedRaftLogWorker.java:startLogSegment(380)) - cda53276-4c02-47df-9243-aafa1631e748-SegmentedRaftLogWorker:Storage Directory /workdir/hadoop-ozone/ozonefs/target/test-dir/MiniOzoneClusterImpl-889e9801-d8cd-4d64-ad06-78e1b934daf6/datanode-2/data/ratis/99daf119-9816-4095-b08b-709d6c958ebf: Starting segment from index:0
2019-09-19 14:40:06,976 [cda53276-4c02-47df-9243-aafa1631e748:group-709D6C958EBF:LeaderElection8] INFO  impl.RaftServerImpl (ServerState.java:setRaftConf(361)) - cda53276-4c02-47df-9243-aafa1631e748:group-709D6C958EBF set configuration 0: [cda53276-4c02-47df-9243-aafa1631e748:192.168.5.132:44276], old=null at 0
2019-09-19 14:40:07,017 [f70b6c3b-be29-4a26-a238-fb2d839120cd:group-806A84710F15:LeaderElection7] INFO  impl.RaftServerImpl (ServerState.java:setRaftConf(361)) - f70b6c3b-be29-4a26-a238-fb2d839120cd:group-806A84710F15 set configuration 0: [f70b6c3b-be29-4a26-a238-fb2d839120cd:192.168.5.132:34965], old=null at 0
2019-09-19 14:40:07,023 | INFO  | SCMAudit | user=jenkins1000 | ip=192.168.5.132 | op=SEND_HEARTBEAT {datanodeUUID=b84a7c4a-6ef7-4bd2-bf64-eea4d8e07688, command=[]} | ret=SUCCESS |  
2019-09-19 14:40:07,038 [f70b6c3b-be29-4a26-a238-fb2d839120cd-SegmentedRaftLogWorker:Storage Directory /workdir/hadoop-ozone/ozonefs/target/test-dir/MiniOzoneClusterImpl-889e9801-d8cd-4d64-ad06-78e1b934daf6/datanode-0/data/ratis/af8371fc-e11a-41c1-974b-806a84710f15] INFO  segmented.SegmentedRaftLogWorker (SegmentedRaftLogWorker.java:execute(569)) - f70b6c3b-be29-4a26-a238-fb2d839120cd-SegmentedRaftLogWorker:Storage Directory /workdir/hadoop-ozone/ozonefs/target/test-dir/MiniOzoneClusterImpl-889e9801-d8cd-4d64-ad06-78e1b934daf6/datanode-0/data/ratis/af8371fc-e11a-41c1-974b-806a84710f15: created new log segment /workdir/hadoop-ozone/ozonefs/target/test-dir/MiniOzoneClusterImpl-889e9801-d8cd-4d64-ad06-78e1b934daf6/datanode-0/data/ratis/af8371fc-e11a-41c1-974b-806a84710f15/current/log_inprogress_0
2019-09-19 14:40:07,038 [cda53276-4c02-47df-9243-aafa1631e748-SegmentedRaftLogWorker:Storage Directory /workdir/hadoop-ozone/ozonefs/target/test-dir/MiniOzoneClusterImpl-889e9801-d8cd-4d64-ad06-78e1b934daf6/datanode-2/data/ratis/99daf119-9816-4095-b08b-709d6c958ebf] INFO  segmented.SegmentedRaftLogWorker (SegmentedRaftLogWorker.java:execute(569)) - cda53276-4c02-47df-9243-aafa1631e748-SegmentedRaftLogWorker:Storage Directory /workdir/hadoop-ozone/ozonefs/target/test-dir/MiniOzoneClusterImpl-889e9801-d8cd-4d64-ad06-78e1b934daf6/datanode-2/data/ratis/99daf119-9816-4095-b08b-709d6c958ebf: created new log segment /workdir/hadoop-ozone/ozonefs/target/test-dir/MiniOzoneClusterImpl-889e9801-d8cd-4d64-ad06-78e1b934daf6/datanode-2/data/ratis/99daf119-9816-4095-b08b-709d6c958ebf/current/log_inprogress_0
2019-09-19 14:40:07,173 [Thread-308] INFO  impl.FollowerState (FollowerState.java:run(106)) - c157b6a0-3602-4e04-89f3-2eaad4ae05f6:group-4A17761265BF changes to CANDIDATE, lastRpcTime:5152, electionTimeout:5152ms
2019-09-19 14:40:07,173 [Thread-308] INFO  impl.RoleInfo (RoleInfo.java:shutdownFollowerState(121)) - c157b6a0-3602-4e04-89f3-2eaad4ae05f6: shutdown FollowerState
2019-09-19 14:40:07,174 [Thread-308] INFO  impl.RaftServerImpl (RaftServerImpl.java:setRole(171)) - c157b6a0-3602-4e04-89f3-2eaad4ae05f6:group-4A17761265BF changes role from FOLLOWER to CANDIDATE at term 0 for changeToCandidate
2019-09-19 14:40:07,174 [Thread-308] INFO  impl.RoleInfo (RoleInfo.java:updateAndGet(143)) - c157b6a0-3602-4e04-89f3-2eaad4ae05f6: start LeaderElection
2019-09-19 14:40:07,191 [Thread-311] INFO  impl.FollowerState (FollowerState.java:run(106)) - 6aa361a5-10ee-4e6c-9990-87c23e670156:group-A743ECD366E0 changes to CANDIDATE, lastRpcTime:5062, electionTimeout:5062ms
2019-09-19 14:40:07,191 [Thread-311] INFO  impl.RoleInfo (RoleInfo.java:shutdownFollowerState(121)) - 6aa361a5-10ee-4e6c-9990-87c23e670156: shutdown FollowerState
2019-09-19 14:40:07,191 [Thread-311] INFO  impl.RaftServerImpl (RaftServerImpl.java:setRole(171)) - 6aa361a5-10ee-4e6c-9990-87c23e670156:group-A743ECD366E0 changes role from FOLLOWER to CANDIDATE at term 0 for changeToCandidate
2019-09-19 14:40:07,191 [Thread-311] INFO  impl.RoleInfo (RoleInfo.java:updateAndGet(143)) - 6aa361a5-10ee-4e6c-9990-87c23e670156: start LeaderElection
2019-09-19 14:40:07,203 | INFO  | SCMAudit | user=jenkins1000 | ip=192.168.5.132 | op=SEND_HEARTBEAT {datanodeUUID=a1dec692-f01d-4dc4-b8c6-c1af31f4a539, command=[]} | ret=SUCCESS |  
2019-09-19 14:40:07,207 [c157b6a0-3602-4e04-89f3-2eaad4ae05f6:group-4A17761265BF:LeaderElection9] INFO  impl.LeaderElection (LeaderElection.java:askForVotes(181)) - c157b6a0-3602-4e04-89f3-2eaad4ae05f6:group-4A17761265BF:LeaderElection9: begin an election at term 1 for -1: [c157b6a0-3602-4e04-89f3-2eaad4ae05f6:192.168.5.132:35760], old=null
2019-09-19 14:40:07,207 [c157b6a0-3602-4e04-89f3-2eaad4ae05f6:group-4A17761265BF:LeaderElection9] INFO  impl.RoleInfo (RoleInfo.java:shutdownLeaderElection(134)) - c157b6a0-3602-4e04-89f3-2eaad4ae05f6: shutdown LeaderElection
2019-09-19 14:40:07,208 [c157b6a0-3602-4e04-89f3-2eaad4ae05f6:group-4A17761265BF:LeaderElection9] INFO  impl.RaftServerImpl (RaftServerImpl.java:setRole(171)) - c157b6a0-3602-4e04-89f3-2eaad4ae05f6:group-4A17761265BF changes role from CANDIDATE to LEADER at term 1 for changeToLeader
2019-09-19 14:40:07,208 [c157b6a0-3602-4e04-89f3-2eaad4ae05f6:group-4A17761265BF:LeaderElection9] INFO  impl.RaftServerImpl (ServerState.java:setLeader(263)) - c157b6a0-3602-4e04-89f3-2eaad4ae05f6:group-4A17761265BF change Leader from null to c157b6a0-3602-4e04-89f3-2eaad4ae05f6 at term 1 for becomeLeader, leader elected after 5193ms
2019-09-19 14:40:07,208 [c157b6a0-3602-4e04-89f3-2eaad4ae05f6:group-4A17761265BF:LeaderElection9] INFO  server.RaftServerConfigKeys (ConfUtils.java:logGet(43)) - raft.server.staging.catchup.gap = 1000 (default)
2019-09-19 14:40:07,208 [c157b6a0-3602-4e04-89f3-2eaad4ae05f6:group-4A17761265BF:LeaderElection9] INFO  server.RaftServerConfigKeys (ConfUtils.java:logGet(43)) - raft.server.rpc.sleep.time = 25ms (default)
2019-09-19 14:40:07,208 [c157b6a0-3602-4e04-89f3-2eaad4ae05f6:group-4A17761265BF:LeaderElection9] INFO  server.RaftServerConfigKeys (ConfUtils.java:logGet(43)) - raft.server.write.element-limit = 4096 (default)
2019-09-19 14:40:07,208 [c157b6a0-3602-4e04-89f3-2eaad4ae05f6:group-4A17761265BF:LeaderElection9] INFO  server.RaftServerConfigKeys (ConfUtils.java:logGet(43)) - raft.server.watch.timeout = 10s (default)
2019-09-19 14:40:07,209 [c157b6a0-3602-4e04-89f3-2eaad4ae05f6:group-4A17761265BF:LeaderElection9] INFO  server.RaftServerConfigKeys (ConfUtils.java:logGet(43)) - raft.server.watch.timeout.denomination = 1s (default)
2019-09-19 14:40:07,209 [c157b6a0-3602-4e04-89f3-2eaad4ae05f6:group-4A17761265BF:LeaderElection9] INFO  server.RaftServerConfigKeys (ConfUtils.java:logGet(43)) - raft.server.watch.element-limit = 65536 (default)
2019-09-19 14:40:07,209 [c157b6a0-3602-4e04-89f3-2eaad4ae05f6:group-4A17761265BF:LeaderElection9] INFO  impl.RoleInfo (RoleInfo.java:updateAndGet(143)) - c157b6a0-3602-4e04-89f3-2eaad4ae05f6: start LeaderState
2019-09-19 14:40:07,209 [c157b6a0-3602-4e04-89f3-2eaad4ae05f6:group-4A17761265BF:LeaderElection9] INFO  segmented.SegmentedRaftLogWorker (SegmentedRaftLogWorker.java:startLogSegment(380)) - c157b6a0-3602-4e04-89f3-2eaad4ae05f6-SegmentedRaftLogWorker:Storage Directory /workdir/hadoop-ozone/ozonefs/target/test-dir/MiniOzoneClusterImpl-889e9801-d8cd-4d64-ad06-78e1b934daf6/datanode-1/data/ratis/5db79591-e67f-4647-9e94-4a17761265bf: Starting segment from index:0
2019-09-19 14:40:07,210 [c157b6a0-3602-4e04-89f3-2eaad4ae05f6:group-4A17761265BF:LeaderElection9] INFO  impl.RaftServerImpl (ServerState.java:setRaftConf(361)) - c157b6a0-3602-4e04-89f3-2eaad4ae05f6:group-4A17761265BF set configuration 0: [c157b6a0-3602-4e04-89f3-2eaad4ae05f6:192.168.5.132:35760], old=null at 0
2019-09-19 14:40:07,246 [6aa361a5-10ee-4e6c-9990-87c23e670156:group-A743ECD366E0:LeaderElection10] INFO  impl.LeaderElection (LeaderElection.java:askForVotes(181)) - 6aa361a5-10ee-4e6c-9990-87c23e670156:group-A743ECD366E0:LeaderElection10: begin an election at term 1 for -1: [6aa361a5-10ee-4e6c-9990-87c23e670156:192.168.5.132:41011], old=null
2019-09-19 14:40:07,246 [6aa361a5-10ee-4e6c-9990-87c23e670156:group-A743ECD366E0:LeaderElection10] INFO  impl.RoleInfo (RoleInfo.java:shutdownLeaderElection(134)) - 6aa361a5-10ee-4e6c-9990-87c23e670156: shutdown LeaderElection
2019-09-19 14:40:07,247 [6aa361a5-10ee-4e6c-9990-87c23e670156:group-A743ECD366E0:LeaderElection10] INFO  impl.RaftServerImpl (RaftServerImpl.java:setRole(171)) - 6aa361a5-10ee-4e6c-9990-87c23e670156:group-A743ECD366E0 changes role from CANDIDATE to LEADER at term 1 for changeToLeader
2019-09-19 14:40:07,247 [6aa361a5-10ee-4e6c-9990-87c23e670156:group-A743ECD366E0:LeaderElection10] INFO  impl.RaftServerImpl (ServerState.java:setLeader(263)) - 6aa361a5-10ee-4e6c-9990-87c23e670156:group-A743ECD366E0 change Leader from null to 6aa361a5-10ee-4e6c-9990-87c23e670156 at term 1 for becomeLeader, leader elected after 5123ms
2019-09-19 14:40:07,247 [6aa361a5-10ee-4e6c-9990-87c23e670156:group-A743ECD366E0:LeaderElection10] INFO  server.RaftServerConfigKeys (ConfUtils.java:logGet(43)) - raft.server.staging.catchup.gap = 1000 (default)
2019-09-19 14:40:07,247 [6aa361a5-10ee-4e6c-9990-87c23e670156:group-A743ECD366E0:LeaderElection10] INFO  server.RaftServerConfigKeys (ConfUtils.java:logGet(43)) - raft.server.rpc.sleep.time = 25ms (default)
2019-09-19 14:40:07,247 [6aa361a5-10ee-4e6c-9990-87c23e670156:group-A743ECD366E0:LeaderElection10] INFO  server.RaftServerConfigKeys (ConfUtils.java:logGet(43)) - raft.server.write.element-limit = 4096 (default)
2019-09-19 14:40:07,248 [6aa361a5-10ee-4e6c-9990-87c23e670156:group-A743ECD366E0:LeaderElection10] INFO  server.RaftServerConfigKeys (ConfUtils.java:logGet(43)) - raft.server.watch.timeout = 10s (default)
2019-09-19 14:40:07,248 [6aa361a5-10ee-4e6c-9990-87c23e670156:group-A743ECD366E0:LeaderElection10] INFO  server.RaftServerConfigKeys (ConfUtils.java:logGet(43)) - raft.server.watch.timeout.denomination = 1s (default)
2019-09-19 14:40:07,248 [6aa361a5-10ee-4e6c-9990-87c23e670156:group-A743ECD366E0:LeaderElection10] INFO  server.RaftServerConfigKeys (ConfUtils.java:logGet(43)) - raft.server.watch.element-limit = 65536 (default)
2019-09-19 14:40:07,248 [6aa361a5-10ee-4e6c-9990-87c23e670156:group-A743ECD366E0:LeaderElection10] INFO  impl.RoleInfo (RoleInfo.java:updateAndGet(143)) - 6aa361a5-10ee-4e6c-9990-87c23e670156: start LeaderState
2019-09-19 14:40:07,249 [6aa361a5-10ee-4e6c-9990-87c23e670156:group-A743ECD366E0:LeaderElection10] INFO  segmented.SegmentedRaftLogWorker (SegmentedRaftLogWorker.java:startLogSegment(380)) - 6aa361a5-10ee-4e6c-9990-87c23e670156-SegmentedRaftLogWorker:Storage Directory /workdir/hadoop-ozone/ozonefs/target/test-dir/MiniOzoneClusterImpl-889e9801-d8cd-4d64-ad06-78e1b934daf6/datanode-4/data/ratis/868bbf1a-831f-47b3-b999-a743ecd366e0: Starting segment from index:0
2019-09-19 14:40:07,249 [6aa361a5-10ee-4e6c-9990-87c23e670156:group-A743ECD366E0:LeaderElection10] INFO  impl.RaftServerImpl (ServerState.java:setRaftConf(361)) - 6aa361a5-10ee-4e6c-9990-87c23e670156:group-A743ECD366E0 set configuration 0: [6aa361a5-10ee-4e6c-9990-87c23e670156:192.168.5.132:41011], old=null at 0
2019-09-19 14:40:07,277 [c157b6a0-3602-4e04-89f3-2eaad4ae05f6-SegmentedRaftLogWorker:Storage Directory /workdir/hadoop-ozone/ozonefs/target/test-dir/MiniOzoneClusterImpl-889e9801-d8cd-4d64-ad06-78e1b934daf6/datanode-1/data/ratis/5db79591-e67f-4647-9e94-4a17761265bf] INFO  segmented.SegmentedRaftLogWorker (SegmentedRaftLogWorker.java:execute(569)) - c157b6a0-3602-4e04-89f3-2eaad4ae05f6-SegmentedRaftLogWorker:Storage Directory /workdir/hadoop-ozone/ozonefs/target/test-dir/MiniOzoneClusterImpl-889e9801-d8cd-4d64-ad06-78e1b934daf6/datanode-1/data/ratis/5db79591-e67f-4647-9e94-4a17761265bf: created new log segment /workdir/hadoop-ozone/ozonefs/target/test-dir/MiniOzoneClusterImpl-889e9801-d8cd-4d64-ad06-78e1b934daf6/datanode-1/data/ratis/5db79591-e67f-4647-9e94-4a17761265bf/current/log_inprogress_0
2019-09-19 14:40:07,278 | INFO  | SCMAudit | user=jenkins1000 | ip=192.168.5.132 | op=SEND_HEARTBEAT {datanodeUUID=f70b6c3b-be29-4a26-a238-fb2d839120cd, command=[]} | ret=SUCCESS |  
2019-09-19 14:40:07,312 [6aa361a5-10ee-4e6c-9990-87c23e670156-SegmentedRaftLogWorker:Storage Directory /workdir/hadoop-ozone/ozonefs/target/test-dir/MiniOzoneClusterImpl-889e9801-d8cd-4d64-ad06-78e1b934daf6/datanode-4/data/ratis/868bbf1a-831f-47b3-b999-a743ecd366e0] INFO  segmented.SegmentedRaftLogWorker (SegmentedRaftLogWorker.java:execute(569)) - 6aa361a5-10ee-4e6c-9990-87c23e670156-SegmentedRaftLogWorker:Storage Directory /workdir/hadoop-ozone/ozonefs/target/test-dir/MiniOzoneClusterImpl-889e9801-d8cd-4d64-ad06-78e1b934daf6/datanode-4/data/ratis/868bbf1a-831f-47b3-b999-a743ecd366e0: created new log segment /workdir/hadoop-ozone/ozonefs/target/test-dir/MiniOzoneClusterImpl-889e9801-d8cd-4d64-ad06-78e1b934daf6/datanode-4/data/ratis/868bbf1a-831f-47b3-b999-a743ecd366e0/current/log_inprogress_0
2019-09-19 14:40:07,350 | INFO  | SCMAudit | user=jenkins1000 | ip=192.168.5.132 | op=SEND_HEARTBEAT {datanodeUUID=7354d665-2a20-43d9-a220-6cd224d5c3fe, command=[]} | ret=SUCCESS |  
2019-09-19 14:40:07,368 [Thread-317] INFO  impl.FollowerState (FollowerState.java:run(106)) - 7354d665-2a20-43d9-a220-6cd224d5c3fe:group-5B1728CA1C8E changes to CANDIDATE, lastRpcTime:5056, electionTimeout:5056ms
2019-09-19 14:40:07,368 [Thread-317] INFO  impl.RoleInfo (RoleInfo.java:shutdownFollowerState(121)) - 7354d665-2a20-43d9-a220-6cd224d5c3fe: shutdown FollowerState
2019-09-19 14:40:07,368 [Thread-317] INFO  impl.RaftServerImpl (RaftServerImpl.java:setRole(171)) - 7354d665-2a20-43d9-a220-6cd224d5c3fe:group-5B1728CA1C8E changes role from FOLLOWER to CANDIDATE at term 0 for changeToCandidate
2019-09-19 14:40:07,369 [Thread-317] INFO  impl.RoleInfo (RoleInfo.java:updateAndGet(143)) - 7354d665-2a20-43d9-a220-6cd224d5c3fe: start LeaderElection
2019-09-19 14:40:07,411 [Thread-314] INFO  impl.FollowerState (FollowerState.java:run(106)) - c157b6a0-3602-4e04-89f3-2eaad4ae05f6:group-C563EC252F90 changes to CANDIDATE, lastRpcTime:5189, electionTimeout:5189ms
2019-09-19 14:40:07,411 [Thread-314] INFO  impl.RoleInfo (RoleInfo.java:shutdownFollowerState(121)) - c157b6a0-3602-4e04-89f3-2eaad4ae05f6: shutdown FollowerState
2019-09-19 14:40:07,411 [Thread-314] INFO  impl.RaftServerImpl (RaftServerImpl.java:setRole(171)) - c157b6a0-3602-4e04-89f3-2eaad4ae05f6:group-C563EC252F90 changes role from FOLLOWER to CANDIDATE at term 0 for changeToCandidate
2019-09-19 14:40:07,411 [Thread-314] INFO  impl.RoleInfo (RoleInfo.java:updateAndGet(143)) - c157b6a0-3602-4e04-89f3-2eaad4ae05f6: start LeaderElection
2019-09-19 14:40:07,420 [7354d665-2a20-43d9-a220-6cd224d5c3fe:group-5B1728CA1C8E:LeaderElection11] INFO  impl.LeaderElection (LeaderElection.java:askForVotes(181)) - 7354d665-2a20-43d9-a220-6cd224d5c3fe:group-5B1728CA1C8E:LeaderElection11: begin an election at term 1 for -1: [7354d665-2a20-43d9-a220-6cd224d5c3fe:192.168.5.132:32973], old=null
2019-09-19 14:40:07,420 [7354d665-2a20-43d9-a220-6cd224d5c3fe:group-5B1728CA1C8E:LeaderElection11] INFO  impl.RoleInfo (RoleInfo.java:shutdownLeaderElection(134)) - 7354d665-2a20-43d9-a220-6cd224d5c3fe: shutdown LeaderElection
2019-09-19 14:40:07,421 [7354d665-2a20-43d9-a220-6cd224d5c3fe:group-5B1728CA1C8E:LeaderElection11] INFO  impl.RaftServerImpl (RaftServerImpl.java:setRole(171)) - 7354d665-2a20-43d9-a220-6cd224d5c3fe:group-5B1728CA1C8E changes role from CANDIDATE to LEADER at term 1 for changeToLeader
2019-09-19 14:40:07,421 [7354d665-2a20-43d9-a220-6cd224d5c3fe:group-5B1728CA1C8E:LeaderElection11] INFO  impl.RaftServerImpl (ServerState.java:setLeader(263)) - 7354d665-2a20-43d9-a220-6cd224d5c3fe:group-5B1728CA1C8E change Leader from null to 7354d665-2a20-43d9-a220-6cd224d5c3fe at term 1 for becomeLeader, leader elected after 5113ms
2019-09-19 14:40:07,421 [7354d665-2a20-43d9-a220-6cd224d5c3fe:group-5B1728CA1C8E:LeaderElection11] INFO  server.RaftServerConfigKeys (ConfUtils.java:logGet(43)) - raft.server.staging.catchup.gap = 1000 (default)
2019-09-19 14:40:07,421 [7354d665-2a20-43d9-a220-6cd224d5c3fe:group-5B1728CA1C8E:LeaderElection11] INFO  server.RaftServerConfigKeys (ConfUtils.java:logGet(43)) - raft.server.rpc.sleep.time = 25ms (default)
2019-09-19 14:40:07,421 [7354d665-2a20-43d9-a220-6cd224d5c3fe:group-5B1728CA1C8E:LeaderElection11] INFO  server.RaftServerConfigKeys (ConfUtils.java:logGet(43)) - raft.server.write.element-limit = 4096 (default)
2019-09-19 14:40:07,422 [7354d665-2a20-43d9-a220-6cd224d5c3fe:group-5B1728CA1C8E:LeaderElection11] INFO  server.RaftServerConfigKeys (ConfUtils.java:logGet(43)) - raft.server.watch.timeout = 10s (default)
2019-09-19 14:40:07,422 [7354d665-2a20-43d9-a220-6cd224d5c3fe:group-5B1728CA1C8E:LeaderElection11] INFO  server.RaftServerConfigKeys (ConfUtils.java:logGet(43)) - raft.server.watch.timeout.denomination = 1s (default)
2019-09-19 14:40:07,422 [7354d665-2a20-43d9-a220-6cd224d5c3fe:group-5B1728CA1C8E:LeaderElection11] INFO  server.RaftServerConfigKeys (ConfUtils.java:logGet(43)) - raft.server.watch.element-limit = 65536 (default)
2019-09-19 14:40:07,422 [7354d665-2a20-43d9-a220-6cd224d5c3fe:group-5B1728CA1C8E:LeaderElection11] INFO  impl.RoleInfo (RoleInfo.java:updateAndGet(143)) - 7354d665-2a20-43d9-a220-6cd224d5c3fe: start LeaderState
2019-09-19 14:40:07,423 [7354d665-2a20-43d9-a220-6cd224d5c3fe:group-5B1728CA1C8E:LeaderElection11] INFO  segmented.SegmentedRaftLogWorker (SegmentedRaftLogWorker.java:startLogSegment(380)) - 7354d665-2a20-43d9-a220-6cd224d5c3fe-SegmentedRaftLogWorker:Storage Directory /workdir/hadoop-ozone/ozonefs/target/test-dir/MiniOzoneClusterImpl-889e9801-d8cd-4d64-ad06-78e1b934daf6/datanode-3/data/ratis/789a3bfa-f197-4578-9a3b-5b1728ca1c8e: Starting segment from index:0
2019-09-19 14:40:07,423 [7354d665-2a20-43d9-a220-6cd224d5c3fe:group-5B1728CA1C8E:LeaderElection11] INFO  impl.RaftServerImpl (ServerState.java:setRaftConf(361)) - 7354d665-2a20-43d9-a220-6cd224d5c3fe:group-5B1728CA1C8E set configuration 0: [7354d665-2a20-43d9-a220-6cd224d5c3fe:192.168.5.132:32973], old=null at 0
2019-09-19 14:40:07,463 [c157b6a0-3602-4e04-89f3-2eaad4ae05f6:group-C563EC252F90:LeaderElection12] INFO  impl.LeaderElection (LeaderElection.java:askForVotes(181)) - c157b6a0-3602-4e04-89f3-2eaad4ae05f6:group-C563EC252F90:LeaderElection12: begin an election at term 1 for -1: [c157b6a0-3602-4e04-89f3-2eaad4ae05f6:192.168.5.132:35760], old=null
2019-09-19 14:40:07,463 [c157b6a0-3602-4e04-89f3-2eaad4ae05f6:group-C563EC252F90:LeaderElection12] INFO  impl.RoleInfo (RoleInfo.java:shutdownLeaderElection(134)) - c157b6a0-3602-4e04-89f3-2eaad4ae05f6: shutdown LeaderElection
2019-09-19 14:40:07,464 [c157b6a0-3602-4e04-89f3-2eaad4ae05f6:group-C563EC252F90:LeaderElection12] INFO  impl.RaftServerImpl (RaftServerImpl.java:setRole(171)) - c157b6a0-3602-4e04-89f3-2eaad4ae05f6:group-C563EC252F90 changes role from CANDIDATE to LEADER at term 1 for changeToLeader
2019-09-19 14:40:07,464 [c157b6a0-3602-4e04-89f3-2eaad4ae05f6:group-C563EC252F90:LeaderElection12] INFO  impl.RaftServerImpl (ServerState.java:setLeader(263)) - c157b6a0-3602-4e04-89f3-2eaad4ae05f6:group-C563EC252F90 change Leader from null to c157b6a0-3602-4e04-89f3-2eaad4ae05f6 at term 1 for becomeLeader, leader elected after 5248ms
2019-09-19 14:40:07,464 [c157b6a0-3602-4e04-89f3-2eaad4ae05f6:group-C563EC252F90:LeaderElection12] INFO  server.RaftServerConfigKeys (ConfUtils.java:logGet(43)) - raft.server.staging.catchup.gap = 1000 (default)
2019-09-19 14:40:07,464 [c157b6a0-3602-4e04-89f3-2eaad4ae05f6:group-C563EC252F90:LeaderElection12] INFO  server.RaftServerConfigKeys (ConfUtils.java:logGet(43)) - raft.server.rpc.sleep.time = 25ms (default)
2019-09-19 14:40:07,464 | INFO  | SCMAudit | user=jenkins1000 | ip=192.168.5.132 | op=SEND_HEARTBEAT {datanodeUUID=7bfd0aba-89d9-48be-a848-6a4500b14ddf, command=[]} | ret=SUCCESS |  
2019-09-19 14:40:07,465 [c157b6a0-3602-4e04-89f3-2eaad4ae05f6:group-C563EC252F90:LeaderElection12] INFO  server.RaftServerConfigKeys (ConfUtils.java:logGet(43)) - raft.server.write.element-limit = 4096 (default)
2019-09-19 14:40:07,465 [c157b6a0-3602-4e04-89f3-2eaad4ae05f6:group-C563EC252F90:LeaderElection12] INFO  server.RaftServerConfigKeys (ConfUtils.java:logGet(43)) - raft.server.watch.timeout = 10s (default)
2019-09-19 14:40:07,465 [c157b6a0-3602-4e04-89f3-2eaad4ae05f6:group-C563EC252F90:LeaderElection12] INFO  server.RaftServerConfigKeys (ConfUtils.java:logGet(43)) - raft.server.watch.timeout.denomination = 1s (default)
2019-09-19 14:40:07,465 [c157b6a0-3602-4e04-89f3-2eaad4ae05f6:group-C563EC252F90:LeaderElection12] INFO  server.RaftServerConfigKeys (ConfUtils.java:logGet(43)) - raft.server.watch.element-limit = 65536 (default)
2019-09-19 14:40:07,466 [c157b6a0-3602-4e04-89f3-2eaad4ae05f6:group-C563EC252F90:LeaderElection12] INFO  impl.RoleInfo (RoleInfo.java:updateAndGet(143)) - c157b6a0-3602-4e04-89f3-2eaad4ae05f6: start LeaderState
2019-09-19 14:40:07,466 [c157b6a0-3602-4e04-89f3-2eaad4ae05f6:group-C563EC252F90:LeaderElection12] INFO  segmented.SegmentedRaftLogWorker (SegmentedRaftLogWorker.java:startLogSegment(380)) - c157b6a0-3602-4e04-89f3-2eaad4ae05f6-SegmentedRaftLogWorker:Storage Directory /workdir/hadoop-ozone/ozonefs/target/test-dir/MiniOzoneClusterImpl-889e9801-d8cd-4d64-ad06-78e1b934daf6/datanode-1/data/ratis/5dd8f84a-b028-48f4-acc4-c563ec252f90: Starting segment from index:0
2019-09-19 14:40:07,467 [c157b6a0-3602-4e04-89f3-2eaad4ae05f6:group-C563EC252F90:LeaderElection12] INFO  impl.RaftServerImpl (ServerState.java:setRaftConf(361)) - c157b6a0-3602-4e04-89f3-2eaad4ae05f6:group-C563EC252F90 set configuration 0: [c157b6a0-3602-4e04-89f3-2eaad4ae05f6:192.168.5.132:35760], old=null at 0
2019-09-19 14:40:07,504 [7354d665-2a20-43d9-a220-6cd224d5c3fe-SegmentedRaftLogWorker:Storage Directory /workdir/hadoop-ozone/ozonefs/target/test-dir/MiniOzoneClusterImpl-889e9801-d8cd-4d64-ad06-78e1b934daf6/datanode-3/data/ratis/789a3bfa-f197-4578-9a3b-5b1728ca1c8e] INFO  segmented.SegmentedRaftLogWorker (SegmentedRaftLogWorker.java:execute(569)) - 7354d665-2a20-43d9-a220-6cd224d5c3fe-SegmentedRaftLogWorker:Storage Directory /workdir/hadoop-ozone/ozonefs/target/test-dir/MiniOzoneClusterImpl-889e9801-d8cd-4d64-ad06-78e1b934daf6/datanode-3/data/ratis/789a3bfa-f197-4578-9a3b-5b1728ca1c8e: created new log segment /workdir/hadoop-ozone/ozonefs/target/test-dir/MiniOzoneClusterImpl-889e9801-d8cd-4d64-ad06-78e1b934daf6/datanode-3/data/ratis/789a3bfa-f197-4578-9a3b-5b1728ca1c8e/current/log_inprogress_0
2019-09-19 14:40:07,506 | INFO  | SCMAudit | user=jenkins1000 | ip=192.168.5.132 | op=SEND_HEARTBEAT {datanodeUUID=6aa361a5-10ee-4e6c-9990-87c23e670156, command=[]} | ret=SUCCESS |  
2019-09-19 14:40:07,535 [c157b6a0-3602-4e04-89f3-2eaad4ae05f6-SegmentedRaftLogWorker:Storage Directory /workdir/hadoop-ozone/ozonefs/target/test-dir/MiniOzoneClusterImpl-889e9801-d8cd-4d64-ad06-78e1b934daf6/datanode-1/data/ratis/5dd8f84a-b028-48f4-acc4-c563ec252f90] INFO  segmented.SegmentedRaftLogWorker (SegmentedRaftLogWorker.java:execute(569)) - c157b6a0-3602-4e04-89f3-2eaad4ae05f6-SegmentedRaftLogWorker:Storage Directory /workdir/hadoop-ozone/ozonefs/target/test-dir/MiniOzoneClusterImpl-889e9801-d8cd-4d64-ad06-78e1b934daf6/datanode-1/data/ratis/5dd8f84a-b028-48f4-acc4-c563ec252f90: created new log segment /workdir/hadoop-ozone/ozonefs/target/test-dir/MiniOzoneClusterImpl-889e9801-d8cd-4d64-ad06-78e1b934daf6/datanode-1/data/ratis/5dd8f84a-b028-48f4-acc4-c563ec252f90/current/log_inprogress_0
2019-09-19 14:40:07,549 [Thread-324] INFO  impl.FollowerState (FollowerState.java:run(106)) - afbae23f-b8a7-4a0f-ac57-bc0dcc025f7c:group-A84DB0A4DA5B changes to CANDIDATE, lastRpcTime:5077, electionTimeout:5077ms
2019-09-19 14:40:07,549 [Thread-324] INFO  impl.RoleInfo (RoleInfo.java:shutdownFollowerState(121)) - afbae23f-b8a7-4a0f-ac57-bc0dcc025f7c: shutdown FollowerState
2019-09-19 14:40:07,549 [Thread-324] INFO  impl.RaftServerImpl (RaftServerImpl.java:setRole(171)) - afbae23f-b8a7-4a0f-ac57-bc0dcc025f7c:group-A84DB0A4DA5B changes role from FOLLOWER to CANDIDATE at term 0 for changeToCandidate
2019-09-19 14:40:07,549 [Thread-324] INFO  impl.RoleInfo (RoleInfo.java:updateAndGet(143)) - afbae23f-b8a7-4a0f-ac57-bc0dcc025f7c: start LeaderElection
2019-09-19 14:40:07,566 | INFO  | SCMAudit | user=jenkins1000 | ip=192.168.5.132 | op=SEND_HEARTBEAT {datanodeUUID=c157b6a0-3602-4e04-89f3-2eaad4ae05f6, command=[]} | ret=SUCCESS |  
2019-09-19 14:40:07,567 [Thread-321] INFO  impl.FollowerState (FollowerState.java:run(106)) - cda53276-4c02-47df-9243-aafa1631e748:group-A0758BB62106 changes to CANDIDATE, lastRpcTime:5170, electionTimeout:5170ms
2019-09-19 14:40:07,567 [Thread-321] INFO  impl.RoleInfo (RoleInfo.java:shutdownFollowerState(121)) - cda53276-4c02-47df-9243-aafa1631e748: shutdown FollowerState
2019-09-19 14:40:07,567 [Thread-321] INFO  impl.RaftServerImpl (RaftServerImpl.java:setRole(171)) - cda53276-4c02-47df-9243-aafa1631e748:group-A0758BB62106 changes role from FOLLOWER to CANDIDATE at term 0 for changeToCandidate
2019-09-19 14:40:07,568 [Thread-321] INFO  impl.RoleInfo (RoleInfo.java:updateAndGet(143)) - cda53276-4c02-47df-9243-aafa1631e748: start LeaderElection
2019-09-19 14:40:07,582 [afbae23f-b8a7-4a0f-ac57-bc0dcc025f7c:group-A84DB0A4DA5B:LeaderElection13] INFO  impl.LeaderElection (LeaderElection.java:askForVotes(181)) - afbae23f-b8a7-4a0f-ac57-bc0dcc025f7c:group-A84DB0A4DA5B:LeaderElection13: begin an election at term 1 for -1: [afbae23f-b8a7-4a0f-ac57-bc0dcc025f7c:192.168.5.132:44695], old=null
2019-09-19 14:40:07,582 [afbae23f-b8a7-4a0f-ac57-bc0dcc025f7c:group-A84DB0A4DA5B:LeaderElection13] INFO  impl.RoleInfo (RoleInfo.java:shutdownLeaderElection(134)) - afbae23f-b8a7-4a0f-ac57-bc0dcc025f7c: shutdown LeaderElection
2019-09-19 14:40:07,583 [afbae23f-b8a7-4a0f-ac57-bc0dcc025f7c:group-A84DB0A4DA5B:LeaderElection13] INFO  impl.RaftServerImpl (RaftServerImpl.java:setRole(171)) - afbae23f-b8a7-4a0f-ac57-bc0dcc025f7c:group-A84DB0A4DA5B changes role from CANDIDATE to LEADER at term 1 for changeToLeader
2019-09-19 14:40:07,583 [afbae23f-b8a7-4a0f-ac57-bc0dcc025f7c:group-A84DB0A4DA5B:LeaderElection13] INFO  impl.RaftServerImpl (ServerState.java:setLeader(263)) - afbae23f-b8a7-4a0f-ac57-bc0dcc025f7c:group-A84DB0A4DA5B change Leader from null to afbae23f-b8a7-4a0f-ac57-bc0dcc025f7c at term 1 for becomeLeader, leader elected after 5115ms
2019-09-19 14:40:07,583 [afbae23f-b8a7-4a0f-ac57-bc0dcc025f7c:group-A84DB0A4DA5B:LeaderElection13] INFO  server.RaftServerConfigKeys (ConfUtils.java:logGet(43)) - raft.server.staging.catchup.gap = 1000 (default)
2019-09-19 14:40:07,583 [afbae23f-b8a7-4a0f-ac57-bc0dcc025f7c:group-A84DB0A4DA5B:LeaderElection13] INFO  server.RaftServerConfigKeys (ConfUtils.java:logGet(43)) - raft.server.rpc.sleep.time = 25ms (default)
2019-09-19 14:40:07,583 [afbae23f-b8a7-4a0f-ac57-bc0dcc025f7c:group-A84DB0A4DA5B:LeaderElection13] INFO  server.RaftServerConfigKeys (ConfUtils.java:logGet(43)) - raft.server.write.element-limit = 4096 (default)
2019-09-19 14:40:07,584 [afbae23f-b8a7-4a0f-ac57-bc0dcc025f7c:group-A84DB0A4DA5B:LeaderElection13] INFO  server.RaftServerConfigKeys (ConfUtils.java:logGet(43)) - raft.server.watch.timeout = 10s (default)
2019-09-19 14:40:07,584 [afbae23f-b8a7-4a0f-ac57-bc0dcc025f7c:group-A84DB0A4DA5B:LeaderElection13] INFO  server.RaftServerConfigKeys (ConfUtils.java:logGet(43)) - raft.server.watch.timeout.denomination = 1s (default)
2019-09-19 14:40:07,584 [afbae23f-b8a7-4a0f-ac57-bc0dcc025f7c:group-A84DB0A4DA5B:LeaderElection13] INFO  server.RaftServerConfigKeys (ConfUtils.java:logGet(43)) - raft.server.watch.element-limit = 65536 (default)
2019-09-19 14:40:07,584 [afbae23f-b8a7-4a0f-ac57-bc0dcc025f7c:group-A84DB0A4DA5B:LeaderElection13] INFO  impl.RoleInfo (RoleInfo.java:updateAndGet(143)) - afbae23f-b8a7-4a0f-ac57-bc0dcc025f7c: start LeaderState
2019-09-19 14:40:07,585 [afbae23f-b8a7-4a0f-ac57-bc0dcc025f7c:group-A84DB0A4DA5B:LeaderElection13] INFO  segmented.SegmentedRaftLogWorker (SegmentedRaftLogWorker.java:startLogSegment(380)) - afbae23f-b8a7-4a0f-ac57-bc0dcc025f7c-SegmentedRaftLogWorker:Storage Directory /workdir/hadoop-ozone/ozonefs/target/test-dir/MiniOzoneClusterImpl-889e9801-d8cd-4d64-ad06-78e1b934daf6/datanode-5/data/ratis/c4217b44-865e-4e5e-b3e1-a84db0a4da5b: Starting segment from index:0
2019-09-19 14:40:07,585 [afbae23f-b8a7-4a0f-ac57-bc0dcc025f7c:group-A84DB0A4DA5B:LeaderElection13] INFO  impl.RaftServerImpl (ServerState.java:setRaftConf(361)) - afbae23f-b8a7-4a0f-ac57-bc0dcc025f7c:group-A84DB0A4DA5B set configuration 0: [afbae23f-b8a7-4a0f-ac57-bc0dcc025f7c:192.168.5.132:44695], old=null at 0
2019-09-19 14:40:07,613 [cda53276-4c02-47df-9243-aafa1631e748:group-A0758BB62106:LeaderElection14] INFO  impl.LeaderElection (LeaderElection.java:askForVotes(181)) - cda53276-4c02-47df-9243-aafa1631e748:group-A0758BB62106:LeaderElection14: begin an election at term 1 for -1: [cda53276-4c02-47df-9243-aafa1631e748:192.168.5.132:44276], old=null
2019-09-19 14:40:07,613 [cda53276-4c02-47df-9243-aafa1631e748:group-A0758BB62106:LeaderElection14] INFO  impl.RoleInfo (RoleInfo.java:shutdownLeaderElection(134)) - cda53276-4c02-47df-9243-aafa1631e748: shutdown LeaderElection
2019-09-19 14:40:07,613 [cda53276-4c02-47df-9243-aafa1631e748:group-A0758BB62106:LeaderElection14] INFO  impl.RaftServerImpl (RaftServerImpl.java:setRole(171)) - cda53276-4c02-47df-9243-aafa1631e748:group-A0758BB62106 changes role from CANDIDATE to LEADER at term 1 for changeToLeader
2019-09-19 14:40:07,614 [cda53276-4c02-47df-9243-aafa1631e748:group-A0758BB62106:LeaderElection14] INFO  impl.RaftServerImpl (ServerState.java:setLeader(263)) - cda53276-4c02-47df-9243-aafa1631e748:group-A0758BB62106 change Leader from null to cda53276-4c02-47df-9243-aafa1631e748 at term 1 for becomeLeader, leader elected after 5221ms
2019-09-19 14:40:07,614 [cda53276-4c02-47df-9243-aafa1631e748:group-A0758BB62106:LeaderElection14] INFO  server.RaftServerConfigKeys (ConfUtils.java:logGet(43)) - raft.server.staging.catchup.gap = 1000 (default)
2019-09-19 14:40:07,614 [cda53276-4c02-47df-9243-aafa1631e748:group-A0758BB62106:LeaderElection14] INFO  server.RaftServerConfigKeys (ConfUtils.java:logGet(43)) - raft.server.rpc.sleep.time = 25ms (default)
2019-09-19 14:40:07,615 [cda53276-4c02-47df-9243-aafa1631e748:group-A0758BB62106:LeaderElection14] INFO  server.RaftServerConfigKeys (ConfUtils.java:logGet(43)) - raft.server.write.element-limit = 4096 (default)
2019-09-19 14:40:07,615 [cda53276-4c02-47df-9243-aafa1631e748:group-A0758BB62106:LeaderElection14] INFO  server.RaftServerConfigKeys (ConfUtils.java:logGet(43)) - raft.server.watch.timeout = 10s (default)
2019-09-19 14:40:07,615 [cda53276-4c02-47df-9243-aafa1631e748:group-A0758BB62106:LeaderElection14] INFO  server.RaftServerConfigKeys (ConfUtils.java:logGet(43)) - raft.server.watch.timeout.denomination = 1s (default)
2019-09-19 14:40:07,615 [cda53276-4c02-47df-9243-aafa1631e748:group-A0758BB62106:LeaderElection14] INFO  server.RaftServerConfigKeys (ConfUtils.java:logGet(43)) - raft.server.watch.element-limit = 65536 (default)
2019-09-19 14:40:07,616 [cda53276-4c02-47df-9243-aafa1631e748:group-A0758BB62106:LeaderElection14] INFO  impl.RoleInfo (RoleInfo.java:updateAndGet(143)) - cda53276-4c02-47df-9243-aafa1631e748: start LeaderState
2019-09-19 14:40:07,616 [cda53276-4c02-47df-9243-aafa1631e748:group-A0758BB62106:LeaderElection14] INFO  segmented.SegmentedRaftLogWorker (SegmentedRaftLogWorker.java:startLogSegment(380)) - cda53276-4c02-47df-9243-aafa1631e748-SegmentedRaftLogWorker:Storage Directory /workdir/hadoop-ozone/ozonefs/target/test-dir/MiniOzoneClusterImpl-889e9801-d8cd-4d64-ad06-78e1b934daf6/datanode-2/data/ratis/dc6dbd04-84b5-421e-b168-a0758bb62106: Starting segment from index:0
2019-09-19 14:40:07,617 [cda53276-4c02-47df-9243-aafa1631e748:group-A0758BB62106:LeaderElection14] INFO  impl.RaftServerImpl (ServerState.java:setRaftConf(361)) - cda53276-4c02-47df-9243-aafa1631e748:group-A0758BB62106 set configuration 0: [cda53276-4c02-47df-9243-aafa1631e748:192.168.5.132:44276], old=null at 0
2019-09-19 14:40:07,638 [Thread-327] INFO  impl.FollowerState (FollowerState.java:run(106)) - c157b6a0-3602-4e04-89f3-2eaad4ae05f6:group-DEB74EE49D73 changes to CANDIDATE, lastRpcTime:5073, electionTimeout:5073ms
2019-09-19 14:40:07,638 [Thread-327] INFO  impl.RoleInfo (RoleInfo.java:shutdownFollowerState(121)) - c157b6a0-3602-4e04-89f3-2eaad4ae05f6: shutdown FollowerState
2019-09-19 14:40:07,638 [Thread-327] INFO  impl.RaftServerImpl (RaftServerImpl.java:setRole(171)) - c157b6a0-3602-4e04-89f3-2eaad4ae05f6:group-DEB74EE49D73 changes role from FOLLOWER to CANDIDATE at term 0 for changeToCandidate
2019-09-19 14:40:07,639 [Thread-327] INFO  impl.RoleInfo (RoleInfo.java:updateAndGet(143)) - c157b6a0-3602-4e04-89f3-2eaad4ae05f6: start LeaderElection
2019-09-19 14:40:07,682 | INFO  | SCMAudit | user=jenkins1000 | ip=192.168.5.132 | op=SEND_HEARTBEAT {datanodeUUID=942b50b4-c7bf-487c-9057-9f9e637dbe53, command=[]} | ret=SUCCESS |  
2019-09-19 14:40:07,689 [afbae23f-b8a7-4a0f-ac57-bc0dcc025f7c-SegmentedRaftLogWorker:Storage Directory /workdir/hadoop-ozone/ozonefs/target/test-dir/MiniOzoneClusterImpl-889e9801-d8cd-4d64-ad06-78e1b934daf6/datanode-5/data/ratis/c4217b44-865e-4e5e-b3e1-a84db0a4da5b] INFO  segmented.SegmentedRaftLogWorker (SegmentedRaftLogWorker.java:execute(569)) - afbae23f-b8a7-4a0f-ac57-bc0dcc025f7c-SegmentedRaftLogWorker:Storage Directory /workdir/hadoop-ozone/ozonefs/target/test-dir/MiniOzoneClusterImpl-889e9801-d8cd-4d64-ad06-78e1b934daf6/datanode-5/data/ratis/c4217b44-865e-4e5e-b3e1-a84db0a4da5b: created new log segment /workdir/hadoop-ozone/ozonefs/target/test-dir/MiniOzoneClusterImpl-889e9801-d8cd-4d64-ad06-78e1b934daf6/datanode-5/data/ratis/c4217b44-865e-4e5e-b3e1-a84db0a4da5b/current/log_inprogress_0
2019-09-19 14:40:07,703 [cda53276-4c02-47df-9243-aafa1631e748-SegmentedRaftLogWorker:Storage Directory /workdir/hadoop-ozone/ozonefs/target/test-dir/MiniOzoneClusterImpl-889e9801-d8cd-4d64-ad06-78e1b934daf6/datanode-2/data/ratis/dc6dbd04-84b5-421e-b168-a0758bb62106] INFO  segmented.SegmentedRaftLogWorker (SegmentedRaftLogWorker.java:execute(569)) - cda53276-4c02-47df-9243-aafa1631e748-SegmentedRaftLogWorker:Storage Directory /workdir/hadoop-ozone/ozonefs/target/test-dir/MiniOzoneClusterImpl-889e9801-d8cd-4d64-ad06-78e1b934daf6/datanode-2/data/ratis/dc6dbd04-84b5-421e-b168-a0758bb62106: created new log segment /workdir/hadoop-ozone/ozonefs/target/test-dir/MiniOzoneClusterImpl-889e9801-d8cd-4d64-ad06-78e1b934daf6/datanode-2/data/ratis/dc6dbd04-84b5-421e-b168-a0758bb62106/current/log_inprogress_0
2019-09-19 14:40:07,703 [c157b6a0-3602-4e04-89f3-2eaad4ae05f6:group-DEB74EE49D73:LeaderElection15] INFO  impl.LeaderElection (LeaderElection.java:askForVotes(181)) - c157b6a0-3602-4e04-89f3-2eaad4ae05f6:group-DEB74EE49D73:LeaderElection15: begin an election at term 1 for -1: [c157b6a0-3602-4e04-89f3-2eaad4ae05f6:192.168.5.132:35760], old=null
2019-09-19 14:40:07,704 [c157b6a0-3602-4e04-89f3-2eaad4ae05f6:group-DEB74EE49D73:LeaderElection15] INFO  impl.RoleInfo (RoleInfo.java:shutdownLeaderElection(134)) - c157b6a0-3602-4e04-89f3-2eaad4ae05f6: shutdown LeaderElection
2019-09-19 14:40:07,704 [c157b6a0-3602-4e04-89f3-2eaad4ae05f6:group-DEB74EE49D73:LeaderElection15] INFO  impl.RaftServerImpl (RaftServerImpl.java:setRole(171)) - c157b6a0-3602-4e04-89f3-2eaad4ae05f6:group-DEB74EE49D73 changes role from CANDIDATE to LEADER at term 1 for changeToLeader
2019-09-19 14:40:07,704 [c157b6a0-3602-4e04-89f3-2eaad4ae05f6:group-DEB74EE49D73:LeaderElection15] INFO  impl.RaftServerImpl (ServerState.java:setLeader(263)) - c157b6a0-3602-4e04-89f3-2eaad4ae05f6:group-DEB74EE49D73 change Leader from null to c157b6a0-3602-4e04-89f3-2eaad4ae05f6 at term 1 for becomeLeader, leader elected after 5143ms
2019-09-19 14:40:07,704 [c157b6a0-3602-4e04-89f3-2eaad4ae05f6:group-DEB74EE49D73:LeaderElection15] INFO  server.RaftServerConfigKeys (ConfUtils.java:logGet(43)) - raft.server.staging.catchup.gap = 1000 (default)
2019-09-19 14:40:07,705 [c157b6a0-3602-4e04-89f3-2eaad4ae05f6:group-DEB74EE49D73:LeaderElection15] INFO  server.RaftServerConfigKeys (ConfUtils.java:logGet(43)) - raft.server.rpc.sleep.time = 25ms (default)
2019-09-19 14:40:07,705 [c157b6a0-3602-4e04-89f3-2eaad4ae05f6:group-DEB74EE49D73:LeaderElection15] INFO  server.RaftServerConfigKeys (ConfUtils.java:logGet(43)) - raft.server.write.element-limit = 4096 (default)
2019-09-19 14:40:07,705 [c157b6a0-3602-4e04-89f3-2eaad4ae05f6:group-DEB74EE49D73:LeaderElection15] INFO  server.RaftServerConfigKeys (ConfUtils.java:logGet(43)) - raft.server.watch.timeout = 10s (default)
2019-09-19 14:40:07,705 [c157b6a0-3602-4e04-89f3-2eaad4ae05f6:group-DEB74EE49D73:LeaderElection15] INFO  server.RaftServerConfigKeys (ConfUtils.java:logGet(43)) - raft.server.watch.timeout.denomination = 1s (default)
2019-09-19 14:40:07,705 [c157b6a0-3602-4e04-89f3-2eaad4ae05f6:group-DEB74EE49D73:LeaderElection15] INFO  server.RaftServerConfigKeys (ConfUtils.java:logGet(43)) - raft.server.watch.element-limit = 65536 (default)
2019-09-19 14:40:07,706 [c157b6a0-3602-4e04-89f3-2eaad4ae05f6:group-DEB74EE49D73:LeaderElection15] INFO  impl.RoleInfo (RoleInfo.java:updateAndGet(143)) - c157b6a0-3602-4e04-89f3-2eaad4ae05f6: start LeaderState
2019-09-19 14:40:07,706 [c157b6a0-3602-4e04-89f3-2eaad4ae05f6:group-DEB74EE49D73:LeaderElection15] INFO  segmented.SegmentedRaftLogWorker (SegmentedRaftLogWorker.java:startLogSegment(380)) - c157b6a0-3602-4e04-89f3-2eaad4ae05f6-SegmentedRaftLogWorker:Storage Directory /workdir/hadoop-ozone/ozonefs/target/test-dir/MiniOzoneClusterImpl-889e9801-d8cd-4d64-ad06-78e1b934daf6/datanode-1/data/ratis/5d7a273f-de7f-4c9e-9dba-deb74ee49d73: Starting segment from index:0
2019-09-19 14:40:07,707 [c157b6a0-3602-4e04-89f3-2eaad4ae05f6:group-DEB74EE49D73:LeaderElection15] INFO  impl.RaftServerImpl (ServerState.java:setRaftConf(361)) - c157b6a0-3602-4e04-89f3-2eaad4ae05f6:group-DEB74EE49D73 set configuration 0: [c157b6a0-3602-4e04-89f3-2eaad4ae05f6:192.168.5.132:35760], old=null at 0
2019-09-19 14:40:07,737 | INFO  | SCMAudit | user=jenkins1000 | ip=192.168.5.132 | op=SEND_HEARTBEAT {datanodeUUID=afbae23f-b8a7-4a0f-ac57-bc0dcc025f7c, command=[]} | ret=SUCCESS |  
2019-09-19 14:40:07,757 [c157b6a0-3602-4e04-89f3-2eaad4ae05f6-SegmentedRaftLogWorker:Storage Directory /workdir/hadoop-ozone/ozonefs/target/test-dir/MiniOzoneClusterImpl-889e9801-d8cd-4d64-ad06-78e1b934daf6/datanode-1/data/ratis/5d7a273f-de7f-4c9e-9dba-deb74ee49d73] INFO  segmented.SegmentedRaftLogWorker (SegmentedRaftLogWorker.java:execute(569)) - c157b6a0-3602-4e04-89f3-2eaad4ae05f6-SegmentedRaftLogWorker:Storage Directory /workdir/hadoop-ozone/ozonefs/target/test-dir/MiniOzoneClusterImpl-889e9801-d8cd-4d64-ad06-78e1b934daf6/datanode-1/data/ratis/5d7a273f-de7f-4c9e-9dba-deb74ee49d73: created new log segment /workdir/hadoop-ozone/ozonefs/target/test-dir/MiniOzoneClusterImpl-889e9801-d8cd-4d64-ad06-78e1b934daf6/datanode-1/data/ratis/5d7a273f-de7f-4c9e-9dba-deb74ee49d73/current/log_inprogress_0
2019-09-19 14:40:07,764 [Thread-330] INFO  impl.FollowerState (FollowerState.java:run(106)) - f70b6c3b-be29-4a26-a238-fb2d839120cd:group-D99506144EB3 changes to CANDIDATE, lastRpcTime:5114, electionTimeout:5114ms
2019-09-19 14:40:07,764 [Thread-330] INFO  impl.RoleInfo (RoleInfo.java:shutdownFollowerState(121)) - f70b6c3b-be29-4a26-a238-fb2d839120cd: shutdown FollowerState
2019-09-19 14:40:07,764 [Thread-330] INFO  impl.RaftServerImpl (RaftServerImpl.java:setRole(171)) - f70b6c3b-be29-4a26-a238-fb2d839120cd:group-D99506144EB3 changes role from FOLLOWER to CANDIDATE at term 0 for changeToCandidate
2019-09-19 14:40:07,765 [Thread-330] INFO  impl.RoleInfo (RoleInfo.java:updateAndGet(143)) - f70b6c3b-be29-4a26-a238-fb2d839120cd: start LeaderElection
2019-09-19 14:40:07,772 [Thread-333] INFO  impl.FollowerState (FollowerState.java:run(106)) - 6aa361a5-10ee-4e6c-9990-87c23e670156:group-65F484EB8CB3 changes to CANDIDATE, lastRpcTime:5031, electionTimeout:5029ms
2019-09-19 14:40:07,772 [Thread-333] INFO  impl.RoleInfo (RoleInfo.java:shutdownFollowerState(121)) - 6aa361a5-10ee-4e6c-9990-87c23e670156: shutdown FollowerState
2019-09-19 14:40:07,773 [Thread-333] INFO  impl.RaftServerImpl (RaftServerImpl.java:setRole(171)) - 6aa361a5-10ee-4e6c-9990-87c23e670156:group-65F484EB8CB3 changes role from FOLLOWER to CANDIDATE at term 0 for changeToCandidate
2019-09-19 14:40:07,773 [Thread-333] INFO  impl.RoleInfo (RoleInfo.java:updateAndGet(143)) - 6aa361a5-10ee-4e6c-9990-87c23e670156: start LeaderElection
2019-09-19 14:40:07,807 [f70b6c3b-be29-4a26-a238-fb2d839120cd:group-D99506144EB3:LeaderElection16] INFO  impl.LeaderElection (LeaderElection.java:askForVotes(181)) - f70b6c3b-be29-4a26-a238-fb2d839120cd:group-D99506144EB3:LeaderElection16: begin an election at term 1 for -1: [f70b6c3b-be29-4a26-a238-fb2d839120cd:192.168.5.132:34965], old=null
2019-09-19 14:40:07,807 [6aa361a5-10ee-4e6c-9990-87c23e670156:group-65F484EB8CB3:LeaderElection17] INFO  impl.LeaderElection (LeaderElection.java:askForVotes(181)) - 6aa361a5-10ee-4e6c-9990-87c23e670156:group-65F484EB8CB3:LeaderElection17: begin an election at term 1 for -1: [6aa361a5-10ee-4e6c-9990-87c23e670156:192.168.5.132:41011], old=null
2019-09-19 14:40:07,807 [f70b6c3b-be29-4a26-a238-fb2d839120cd:group-D99506144EB3:LeaderElection16] INFO  impl.RoleInfo (RoleInfo.java:shutdownLeaderElection(134)) - f70b6c3b-be29-4a26-a238-fb2d839120cd: shutdown LeaderElection
2019-09-19 14:40:07,808 [6aa361a5-10ee-4e6c-9990-87c23e670156:group-65F484EB8CB3:LeaderElection17] INFO  impl.RoleInfo (RoleInfo.java:shutdownLeaderElection(134)) - 6aa361a5-10ee-4e6c-9990-87c23e670156: shutdown LeaderElection
2019-09-19 14:40:07,808 [f70b6c3b-be29-4a26-a238-fb2d839120cd:group-D99506144EB3:LeaderElection16] INFO  impl.RaftServerImpl (RaftServerImpl.java:setRole(171)) - f70b6c3b-be29-4a26-a238-fb2d839120cd:group-D99506144EB3 changes role from CANDIDATE to LEADER at term 1 for changeToLeader
2019-09-19 14:40:07,808 [6aa361a5-10ee-4e6c-9990-87c23e670156:group-65F484EB8CB3:LeaderElection17] INFO  impl.RaftServerImpl (RaftServerImpl.java:setRole(171)) - 6aa361a5-10ee-4e6c-9990-87c23e670156:group-65F484EB8CB3 changes role from CANDIDATE to LEADER at term 1 for changeToLeader
2019-09-19 14:40:07,808 [f70b6c3b-be29-4a26-a238-fb2d839120cd:group-D99506144EB3:LeaderElection16] INFO  impl.RaftServerImpl (ServerState.java:setLeader(263)) - f70b6c3b-be29-4a26-a238-fb2d839120cd:group-D99506144EB3 change Leader from null to f70b6c3b-be29-4a26-a238-fb2d839120cd at term 1 for becomeLeader, leader elected after 5163ms
2019-09-19 14:40:07,808 [6aa361a5-10ee-4e6c-9990-87c23e670156:group-65F484EB8CB3:LeaderElection17] INFO  impl.RaftServerImpl (ServerState.java:setLeader(263)) - 6aa361a5-10ee-4e6c-9990-87c23e670156:group-65F484EB8CB3 change Leader from null to 6aa361a5-10ee-4e6c-9990-87c23e670156 at term 1 for becomeLeader, leader elected after 5071ms
2019-09-19 14:40:07,808 [f70b6c3b-be29-4a26-a238-fb2d839120cd:group-D99506144EB3:LeaderElection16] INFO  server.RaftServerConfigKeys (ConfUtils.java:logGet(43)) - raft.server.staging.catchup.gap = 1000 (default)
2019-09-19 14:40:07,808 [6aa361a5-10ee-4e6c-9990-87c23e670156:group-65F484EB8CB3:LeaderElection17] INFO  server.RaftServerConfigKeys (ConfUtils.java:logGet(43)) - raft.server.staging.catchup.gap = 1000 (default)
2019-09-19 14:40:07,808 [f70b6c3b-be29-4a26-a238-fb2d839120cd:group-D99506144EB3:LeaderElection16] INFO  server.RaftServerConfigKeys (ConfUtils.java:logGet(43)) - raft.server.rpc.sleep.time = 25ms (default)
2019-09-19 14:40:07,809 [6aa361a5-10ee-4e6c-9990-87c23e670156:group-65F484EB8CB3:LeaderElection17] INFO  server.RaftServerConfigKeys (ConfUtils.java:logGet(43)) - raft.server.rpc.sleep.time = 25ms (default)
2019-09-19 14:40:07,809 [f70b6c3b-be29-4a26-a238-fb2d839120cd:group-D99506144EB3:LeaderElection16] INFO  server.RaftServerConfigKeys (ConfUtils.java:logGet(43)) - raft.server.write.element-limit = 4096 (default)
2019-09-19 14:40:07,809 [6aa361a5-10ee-4e6c-9990-87c23e670156:group-65F484EB8CB3:LeaderElection17] INFO  server.RaftServerConfigKeys (ConfUtils.java:logGet(43)) - raft.server.write.element-limit = 4096 (default)
2019-09-19 14:40:07,809 [f70b6c3b-be29-4a26-a238-fb2d839120cd:group-D99506144EB3:LeaderElection16] INFO  server.RaftServerConfigKeys (ConfUtils.java:logGet(43)) - raft.server.watch.timeout = 10s (default)
2019-09-19 14:40:07,809 [6aa361a5-10ee-4e6c-9990-87c23e670156:group-65F484EB8CB3:LeaderElection17] INFO  server.RaftServerConfigKeys (ConfUtils.java:logGet(43)) - raft.server.watch.timeout = 10s (default)
2019-09-19 14:40:07,809 [f70b6c3b-be29-4a26-a238-fb2d839120cd:group-D99506144EB3:LeaderElection16] INFO  server.RaftServerConfigKeys (ConfUtils.java:logGet(43)) - raft.server.watch.timeout.denomination = 1s (default)
2019-09-19 14:40:07,809 [6aa361a5-10ee-4e6c-9990-87c23e670156:group-65F484EB8CB3:LeaderElection17] INFO  server.RaftServerConfigKeys (ConfUtils.java:logGet(43)) - raft.server.watch.timeout.denomination = 1s (default)
2019-09-19 14:40:07,810 [f70b6c3b-be29-4a26-a238-fb2d839120cd:group-D99506144EB3:LeaderElection16] INFO  server.RaftServerConfigKeys (ConfUtils.java:logGet(43)) - raft.server.watch.element-limit = 65536 (default)
2019-09-19 14:40:07,810 [6aa361a5-10ee-4e6c-9990-87c23e670156:group-65F484EB8CB3:LeaderElection17] INFO  server.RaftServerConfigKeys (ConfUtils.java:logGet(43)) - raft.server.watch.element-limit = 65536 (default)
2019-09-19 14:40:07,810 [f70b6c3b-be29-4a26-a238-fb2d839120cd:group-D99506144EB3:LeaderElection16] INFO  impl.RoleInfo (RoleInfo.java:updateAndGet(143)) - f70b6c3b-be29-4a26-a238-fb2d839120cd: start LeaderState
2019-09-19 14:40:07,810 [6aa361a5-10ee-4e6c-9990-87c23e670156:group-65F484EB8CB3:LeaderElection17] INFO  impl.RoleInfo (RoleInfo.java:updateAndGet(143)) - 6aa361a5-10ee-4e6c-9990-87c23e670156: start LeaderState
2019-09-19 14:40:07,810 [f70b6c3b-be29-4a26-a238-fb2d839120cd:group-D99506144EB3:LeaderElection16] INFO  segmented.SegmentedRaftLogWorker (SegmentedRaftLogWorker.java:startLogSegment(380)) - f70b6c3b-be29-4a26-a238-fb2d839120cd-SegmentedRaftLogWorker:Storage Directory /workdir/hadoop-ozone/ozonefs/target/test-dir/MiniOzoneClusterImpl-889e9801-d8cd-4d64-ad06-78e1b934daf6/datanode-0/data/ratis/c60be1e8-64dc-4de1-98c7-d99506144eb3: Starting segment from index:0
2019-09-19 14:40:07,810 [6aa361a5-10ee-4e6c-9990-87c23e670156:group-65F484EB8CB3:LeaderElection17] INFO  segmented.SegmentedRaftLogWorker (SegmentedRaftLogWorker.java:startLogSegment(380)) - 6aa361a5-10ee-4e6c-9990-87c23e670156-SegmentedRaftLogWorker:Storage Directory /workdir/hadoop-ozone/ozonefs/target/test-dir/MiniOzoneClusterImpl-889e9801-d8cd-4d64-ad06-78e1b934daf6/datanode-4/data/ratis/b5ab0068-039d-419e-8829-65f484eb8cb3: Starting segment from index:0
2019-09-19 14:40:07,811 [f70b6c3b-be29-4a26-a238-fb2d839120cd:group-D99506144EB3:LeaderElection16] INFO  impl.RaftServerImpl (ServerState.java:setRaftConf(361)) - f70b6c3b-be29-4a26-a238-fb2d839120cd:group-D99506144EB3 set configuration 0: [f70b6c3b-be29-4a26-a238-fb2d839120cd:192.168.5.132:34965], old=null at 0
2019-09-19 14:40:07,844 [6aa361a5-10ee-4e6c-9990-87c23e670156:group-65F484EB8CB3:LeaderElection17] INFO  impl.RaftServerImpl (ServerState.java:setRaftConf(361)) - 6aa361a5-10ee-4e6c-9990-87c23e670156:group-65F484EB8CB3 set configuration 0: [6aa361a5-10ee-4e6c-9990-87c23e670156:192.168.5.132:41011], old=null at 0
2019-09-19 14:40:07,880 [f70b6c3b-be29-4a26-a238-fb2d839120cd-SegmentedRaftLogWorker:Storage Directory /workdir/hadoop-ozone/ozonefs/target/test-dir/MiniOzoneClusterImpl-889e9801-d8cd-4d64-ad06-78e1b934daf6/datanode-0/data/ratis/c60be1e8-64dc-4de1-98c7-d99506144eb3] INFO  segmented.SegmentedRaftLogWorker (SegmentedRaftLogWorker.java:execute(569)) - f70b6c3b-be29-4a26-a238-fb2d839120cd-SegmentedRaftLogWorker:Storage Directory /workdir/hadoop-ozone/ozonefs/target/test-dir/MiniOzoneClusterImpl-889e9801-d8cd-4d64-ad06-78e1b934daf6/datanode-0/data/ratis/c60be1e8-64dc-4de1-98c7-d99506144eb3: created new log segment /workdir/hadoop-ozone/ozonefs/target/test-dir/MiniOzoneClusterImpl-889e9801-d8cd-4d64-ad06-78e1b934daf6/datanode-0/data/ratis/c60be1e8-64dc-4de1-98c7-d99506144eb3/current/log_inprogress_0
2019-09-19 14:40:07,881 | INFO  | SCMAudit | user=jenkins1000 | ip=192.168.5.132 | op=SEND_HEARTBEAT {datanodeUUID=cda53276-4c02-47df-9243-aafa1631e748, command=[]} | ret=SUCCESS |  
2019-09-19 14:40:07,908 [6aa361a5-10ee-4e6c-9990-87c23e670156-SegmentedRaftLogWorker:Storage Directory /workdir/hadoop-ozone/ozonefs/target/test-dir/MiniOzoneClusterImpl-889e9801-d8cd-4d64-ad06-78e1b934daf6/datanode-4/data/ratis/b5ab0068-039d-419e-8829-65f484eb8cb3] INFO  segmented.SegmentedRaftLogWorker (SegmentedRaftLogWorker.java:execute(569)) - 6aa361a5-10ee-4e6c-9990-87c23e670156-SegmentedRaftLogWorker:Storage Directory /workdir/hadoop-ozone/ozonefs/target/test-dir/MiniOzoneClusterImpl-889e9801-d8cd-4d64-ad06-78e1b934daf6/datanode-4/data/ratis/b5ab0068-039d-419e-8829-65f484eb8cb3: created new log segment /workdir/hadoop-ozone/ozonefs/target/test-dir/MiniOzoneClusterImpl-889e9801-d8cd-4d64-ad06-78e1b934daf6/datanode-4/data/ratis/b5ab0068-039d-419e-8829-65f484eb8cb3/current/log_inprogress_0
2019-09-19 14:40:07,948 [Thread-340] INFO  impl.FollowerState (FollowerState.java:run(106)) - 6aa361a5-10ee-4e6c-9990-87c23e670156:group-C33BC8936306 changes to CANDIDATE, lastRpcTime:5052, electionTimeout:5052ms
2019-09-19 14:40:07,948 [Thread-340] INFO  impl.RoleInfo (RoleInfo.java:shutdownFollowerState(121)) - 6aa361a5-10ee-4e6c-9990-87c23e670156: shutdown FollowerState
2019-09-19 14:40:07,948 [Thread-340] INFO  impl.RaftServerImpl (RaftServerImpl.java:setRole(171)) - 6aa361a5-10ee-4e6c-9990-87c23e670156:group-C33BC8936306 changes role from FOLLOWER to CANDIDATE at term 0 for changeToCandidate
2019-09-19 14:40:07,949 [Thread-340] INFO  impl.RoleInfo (RoleInfo.java:updateAndGet(143)) - 6aa361a5-10ee-4e6c-9990-87c23e670156: start LeaderElection
2019-09-19 14:40:07,976 [6aa361a5-10ee-4e6c-9990-87c23e670156:group-C33BC8936306:LeaderElection18] INFO  impl.LeaderElection (LeaderElection.java:askForVotes(181)) - 6aa361a5-10ee-4e6c-9990-87c23e670156:group-C33BC8936306:LeaderElection18: begin an election at term 1 for -1: [6aa361a5-10ee-4e6c-9990-87c23e670156:192.168.5.132:41011], old=null
2019-09-19 14:40:07,976 [6aa361a5-10ee-4e6c-9990-87c23e670156:group-C33BC8936306:LeaderElection18] INFO  impl.RoleInfo (RoleInfo.java:shutdownLeaderElection(134)) - 6aa361a5-10ee-4e6c-9990-87c23e670156: shutdown LeaderElection
2019-09-19 14:40:07,976 [6aa361a5-10ee-4e6c-9990-87c23e670156:group-C33BC8936306:LeaderElection18] INFO  impl.RaftServerImpl (RaftServerImpl.java:setRole(171)) - 6aa361a5-10ee-4e6c-9990-87c23e670156:group-C33BC8936306 changes role from CANDIDATE to LEADER at term 1 for changeToLeader
2019-09-19 14:40:07,976 [6aa361a5-10ee-4e6c-9990-87c23e670156:group-C33BC8936306:LeaderElection18] INFO  impl.RaftServerImpl (ServerState.java:setLeader(263)) - 6aa361a5-10ee-4e6c-9990-87c23e670156:group-C33BC8936306 change Leader from null to 6aa361a5-10ee-4e6c-9990-87c23e670156 at term 1 for becomeLeader, leader elected after 5084ms
2019-09-19 14:40:07,976 [6aa361a5-10ee-4e6c-9990-87c23e670156:group-C33BC8936306:LeaderElection18] INFO  server.RaftServerConfigKeys (ConfUtils.java:logGet(43)) - raft.server.staging.catchup.gap = 1000 (default)
2019-09-19 14:40:07,977 [6aa361a5-10ee-4e6c-9990-87c23e670156:group-C33BC8936306:LeaderElection18] INFO  server.RaftServerConfigKeys (ConfUtils.java:logGet(43)) - raft.server.rpc.sleep.time = 25ms (default)
2019-09-19 14:40:07,977 [6aa361a5-10ee-4e6c-9990-87c23e670156:group-C33BC8936306:LeaderElection18] INFO  server.RaftServerConfigKeys (ConfUtils.java:logGet(43)) - raft.server.write.element-limit = 4096 (default)
2019-09-19 14:40:07,977 [6aa361a5-10ee-4e6c-9990-87c23e670156:group-C33BC8936306:LeaderElection18] INFO  server.RaftServerConfigKeys (ConfUtils.java:logGet(43)) - raft.server.watch.timeout = 10s (default)
2019-09-19 14:40:07,977 [6aa361a5-10ee-4e6c-9990-87c23e670156:group-C33BC8936306:LeaderElection18] INFO  server.RaftServerConfigKeys (ConfUtils.java:logGet(43)) - raft.server.watch.timeout.denomination = 1s (default)
2019-09-19 14:40:07,977 [6aa361a5-10ee-4e6c-9990-87c23e670156:group-C33BC8936306:LeaderElection18] INFO  server.RaftServerConfigKeys (ConfUtils.java:logGet(43)) - raft.server.watch.element-limit = 65536 (default)
2019-09-19 14:40:07,978 [6aa361a5-10ee-4e6c-9990-87c23e670156:group-C33BC8936306:LeaderElection18] INFO  impl.RoleInfo (RoleInfo.java:updateAndGet(143)) - 6aa361a5-10ee-4e6c-9990-87c23e670156: start LeaderState
2019-09-19 14:40:07,978 [6aa361a5-10ee-4e6c-9990-87c23e670156:group-C33BC8936306:LeaderElection18] INFO  segmented.SegmentedRaftLogWorker (SegmentedRaftLogWorker.java:startLogSegment(380)) - 6aa361a5-10ee-4e6c-9990-87c23e670156-SegmentedRaftLogWorker:Storage Directory /workdir/hadoop-ozone/ozonefs/target/test-dir/MiniOzoneClusterImpl-889e9801-d8cd-4d64-ad06-78e1b934daf6/datanode-4/data/ratis/108b107a-292c-450c-b686-c33bc8936306: Starting segment from index:0
2019-09-19 14:40:07,979 [6aa361a5-10ee-4e6c-9990-87c23e670156:group-C33BC8936306:LeaderElection18] INFO  impl.RaftServerImpl (ServerState.java:setRaftConf(361)) - 6aa361a5-10ee-4e6c-9990-87c23e670156:group-C33BC8936306 set configuration 0: [6aa361a5-10ee-4e6c-9990-87c23e670156:192.168.5.132:41011], old=null at 0
2019-09-19 14:40:07,983 [Thread-336] INFO  impl.FollowerState (FollowerState.java:run(106)) - cda53276-4c02-47df-9243-aafa1631e748:group-CA575C7249A7 changes to CANDIDATE, lastRpcTime:5165, electionTimeout:5165ms
2019-09-19 14:40:07,983 [Thread-336] INFO  impl.RoleInfo (RoleInfo.java:shutdownFollowerState(121)) - cda53276-4c02-47df-9243-aafa1631e748: shutdown FollowerState
2019-09-19 14:40:07,983 [Thread-336] INFO  impl.RaftServerImpl (RaftServerImpl.java:setRole(171)) - cda53276-4c02-47df-9243-aafa1631e748:group-CA575C7249A7 changes role from FOLLOWER to CANDIDATE at term 0 for changeToCandidate
2019-09-19 14:40:07,983 [Thread-336] INFO  impl.RoleInfo (RoleInfo.java:updateAndGet(143)) - cda53276-4c02-47df-9243-aafa1631e748: start LeaderElection
2019-09-19 14:40:08,027 | INFO  | SCMAudit | user=jenkins1000 | ip=192.168.5.132 | op=SEND_HEARTBEAT {datanodeUUID=b84a7c4a-6ef7-4bd2-bf64-eea4d8e07688, command=[]} | ret=SUCCESS |  
2019-09-19 14:40:08,071 [6aa361a5-10ee-4e6c-9990-87c23e670156-SegmentedRaftLogWorker:Storage Directory /workdir/hadoop-ozone/ozonefs/target/test-dir/MiniOzoneClusterImpl-889e9801-d8cd-4d64-ad06-78e1b934daf6/datanode-4/data/ratis/108b107a-292c-450c-b686-c33bc8936306] INFO  segmented.SegmentedRaftLogWorker (SegmentedRaftLogWorker.java:execute(569)) - 6aa361a5-10ee-4e6c-9990-87c23e670156-SegmentedRaftLogWorker:Storage Directory /workdir/hadoop-ozone/ozonefs/target/test-dir/MiniOzoneClusterImpl-889e9801-d8cd-4d64-ad06-78e1b934daf6/datanode-4/data/ratis/108b107a-292c-450c-b686-c33bc8936306: created new log segment /workdir/hadoop-ozone/ozonefs/target/test-dir/MiniOzoneClusterImpl-889e9801-d8cd-4d64-ad06-78e1b934daf6/datanode-4/data/ratis/108b107a-292c-450c-b686-c33bc8936306/current/log_inprogress_0
2019-09-19 14:40:08,071 [cda53276-4c02-47df-9243-aafa1631e748:group-CA575C7249A7:LeaderElection19] INFO  impl.LeaderElection (LeaderElection.java:askForVotes(181)) - cda53276-4c02-47df-9243-aafa1631e748:group-CA575C7249A7:LeaderElection19: begin an election at term 1 for -1: [cda53276-4c02-47df-9243-aafa1631e748:192.168.5.132:44276], old=null
2019-09-19 14:40:08,072 [cda53276-4c02-47df-9243-aafa1631e748:group-CA575C7249A7:LeaderElection19] INFO  impl.RoleInfo (RoleInfo.java:shutdownLeaderElection(134)) - cda53276-4c02-47df-9243-aafa1631e748: shutdown LeaderElection
2019-09-19 14:40:08,072 [cda53276-4c02-47df-9243-aafa1631e748:group-CA575C7249A7:LeaderElection19] INFO  impl.RaftServerImpl (RaftServerImpl.java:setRole(171)) - cda53276-4c02-47df-9243-aafa1631e748:group-CA575C7249A7 changes role from CANDIDATE to LEADER at term 1 for changeToLeader
2019-09-19 14:40:08,072 [cda53276-4c02-47df-9243-aafa1631e748:group-CA575C7249A7:LeaderElection19] INFO  impl.RaftServerImpl (ServerState.java:setLeader(263)) - cda53276-4c02-47df-9243-aafa1631e748:group-CA575C7249A7 change Leader from null to cda53276-4c02-47df-9243-aafa1631e748 at term 1 for becomeLeader, leader elected after 5258ms
2019-09-19 14:40:08,072 [cda53276-4c02-47df-9243-aafa1631e748:group-CA575C7249A7:LeaderElection19] INFO  server.RaftServerConfigKeys (ConfUtils.java:logGet(43)) - raft.server.staging.catchup.gap = 1000 (default)
2019-09-19 14:40:08,072 [cda53276-4c02-47df-9243-aafa1631e748:group-CA575C7249A7:LeaderElection19] INFO  server.RaftServerConfigKeys (ConfUtils.java:logGet(43)) - raft.server.rpc.sleep.time = 25ms (default)
2019-09-19 14:40:08,073 [cda53276-4c02-47df-9243-aafa1631e748:group-CA575C7249A7:LeaderElection19] INFO  server.RaftServerConfigKeys (ConfUtils.java:logGet(43)) - raft.server.write.element-limit = 4096 (default)
2019-09-19 14:40:08,073 [cda53276-4c02-47df-9243-aafa1631e748:group-CA575C7249A7:LeaderElection19] INFO  server.RaftServerConfigKeys (ConfUtils.java:logGet(43)) - raft.server.watch.timeout = 10s (default)
2019-09-19 14:40:08,073 [cda53276-4c02-47df-9243-aafa1631e748:group-CA575C7249A7:LeaderElection19] INFO  server.RaftServerConfigKeys (ConfUtils.java:logGet(43)) - raft.server.watch.timeout.denomination = 1s (default)
2019-09-19 14:40:08,073 [cda53276-4c02-47df-9243-aafa1631e748:group-CA575C7249A7:LeaderElection19] INFO  server.RaftServerConfigKeys (ConfUtils.java:logGet(43)) - raft.server.watch.element-limit = 65536 (default)
2019-09-19 14:40:08,073 [cda53276-4c02-47df-9243-aafa1631e748:group-CA575C7249A7:LeaderElection19] INFO  impl.RoleInfo (RoleInfo.java:updateAndGet(143)) - cda53276-4c02-47df-9243-aafa1631e748: start LeaderState
2019-09-19 14:40:08,074 [cda53276-4c02-47df-9243-aafa1631e748:group-CA575C7249A7:LeaderElection19] INFO  segmented.SegmentedRaftLogWorker (SegmentedRaftLogWorker.java:startLogSegment(380)) - cda53276-4c02-47df-9243-aafa1631e748-SegmentedRaftLogWorker:Storage Directory /workdir/hadoop-ozone/ozonefs/target/test-dir/MiniOzoneClusterImpl-889e9801-d8cd-4d64-ad06-78e1b934daf6/datanode-2/data/ratis/db2e3ba5-57f1-4562-a5ab-ca575c7249a7: Starting segment from index:0
2019-09-19 14:40:08,074 [cda53276-4c02-47df-9243-aafa1631e748:group-CA575C7249A7:LeaderElection19] INFO  impl.RaftServerImpl (ServerState.java:setRaftConf(361)) - cda53276-4c02-47df-9243-aafa1631e748:group-CA575C7249A7 set configuration 0: [cda53276-4c02-47df-9243-aafa1631e748:192.168.5.132:44276], old=null at 0
2019-09-19 14:40:08,142 [Thread-343] INFO  impl.FollowerState (FollowerState.java:run(106)) - afbae23f-b8a7-4a0f-ac57-bc0dcc025f7c:group-656D209D31AE changes to CANDIDATE, lastRpcTime:5128, electionTimeout:5128ms
2019-09-19 14:40:08,142 [Thread-343] INFO  impl.RoleInfo (RoleInfo.java:shutdownFollowerState(121)) - afbae23f-b8a7-4a0f-ac57-bc0dcc025f7c: shutdown FollowerState
2019-09-19 14:40:08,142 [Thread-343] INFO  impl.RaftServerImpl (RaftServerImpl.java:setRole(171)) - afbae23f-b8a7-4a0f-ac57-bc0dcc025f7c:group-656D209D31AE changes role from FOLLOWER to CANDIDATE at term 0 for changeToCandidate
2019-09-19 14:40:08,143 [Thread-343] INFO  impl.RoleInfo (RoleInfo.java:updateAndGet(143)) - afbae23f-b8a7-4a0f-ac57-bc0dcc025f7c: start LeaderElection
2019-09-19 14:40:08,174 [Thread-346] INFO  impl.FollowerState (FollowerState.java:run(106)) - f70b6c3b-be29-4a26-a238-fb2d839120cd:group-3C687551CB36 changes to CANDIDATE, lastRpcTime:5050, electionTimeout:5023ms
2019-09-19 14:40:08,174 [Thread-346] INFO  impl.RoleInfo (RoleInfo.java:shutdownFollowerState(121)) - f70b6c3b-be29-4a26-a238-fb2d839120cd: shutdown FollowerState
2019-09-19 14:40:08,174 [Thread-346] INFO  impl.RaftServerImpl (RaftServerImpl.java:setRole(171)) - f70b6c3b-be29-4a26-a238-fb2d839120cd:group-3C687551CB36 changes role from FOLLOWER to CANDIDATE at term 0 for changeToCandidate
2019-09-19 14:40:08,175 [Thread-346] INFO  impl.RoleInfo (RoleInfo.java:updateAndGet(143)) - f70b6c3b-be29-4a26-a238-fb2d839120cd: start LeaderElection
2019-09-19 14:40:08,179 [cda53276-4c02-47df-9243-aafa1631e748-SegmentedRaftLogWorker:Storage Directory /workdir/hadoop-ozone/ozonefs/target/test-dir/MiniOzoneClusterImpl-889e9801-d8cd-4d64-ad06-78e1b934daf6/datanode-2/data/ratis/db2e3ba5-57f1-4562-a5ab-ca575c7249a7] INFO  segmented.SegmentedRaftLogWorker (SegmentedRaftLogWorker.java:execute(569)) - cda53276-4c02-47df-9243-aafa1631e748-SegmentedRaftLogWorker:Storage Directory /workdir/hadoop-ozone/ozonefs/target/test-dir/MiniOzoneClusterImpl-889e9801-d8cd-4d64-ad06-78e1b934daf6/datanode-2/data/ratis/db2e3ba5-57f1-4562-a5ab-ca575c7249a7: created new log segment /workdir/hadoop-ozone/ozonefs/target/test-dir/MiniOzoneClusterImpl-889e9801-d8cd-4d64-ad06-78e1b934daf6/datanode-2/data/ratis/db2e3ba5-57f1-4562-a5ab-ca575c7249a7/current/log_inprogress_0
2019-09-19 14:40:08,191 [f70b6c3b-be29-4a26-a238-fb2d839120cd:group-3C687551CB36:LeaderElection21] INFO  impl.LeaderElection (LeaderElection.java:askForVotes(181)) - f70b6c3b-be29-4a26-a238-fb2d839120cd:group-3C687551CB36:LeaderElection21: begin an election at term 1 for -1: [f70b6c3b-be29-4a26-a238-fb2d839120cd:192.168.5.132:34965], old=null
2019-09-19 14:40:08,191 [afbae23f-b8a7-4a0f-ac57-bc0dcc025f7c:group-656D209D31AE:LeaderElection20] INFO  impl.LeaderElection (LeaderElection.java:askForVotes(181)) - afbae23f-b8a7-4a0f-ac57-bc0dcc025f7c:group-656D209D31AE:LeaderElection20: begin an election at term 1 for -1: [afbae23f-b8a7-4a0f-ac57-bc0dcc025f7c:192.168.5.132:44695], old=null
2019-09-19 14:40:08,192 [f70b6c3b-be29-4a26-a238-fb2d839120cd:group-3C687551CB36:LeaderElection21] INFO  impl.RoleInfo (RoleInfo.java:shutdownLeaderElection(134)) - f70b6c3b-be29-4a26-a238-fb2d839120cd: shutdown LeaderElection
2019-09-19 14:40:08,192 [afbae23f-b8a7-4a0f-ac57-bc0dcc025f7c:group-656D209D31AE:LeaderElection20] INFO  impl.RoleInfo (RoleInfo.java:shutdownLeaderElection(134)) - afbae23f-b8a7-4a0f-ac57-bc0dcc025f7c: shutdown LeaderElection
2019-09-19 14:40:08,192 [f70b6c3b-be29-4a26-a238-fb2d839120cd:group-3C687551CB36:LeaderElection21] INFO  impl.RaftServerImpl (RaftServerImpl.java:setRole(171)) - f70b6c3b-be29-4a26-a238-fb2d839120cd:group-3C687551CB36 changes role from CANDIDATE to LEADER at term 1 for changeToLeader
2019-09-19 14:40:08,192 [afbae23f-b8a7-4a0f-ac57-bc0dcc025f7c:group-656D209D31AE:LeaderElection20] INFO  impl.RaftServerImpl (RaftServerImpl.java:setRole(171)) - afbae23f-b8a7-4a0f-ac57-bc0dcc025f7c:group-656D209D31AE changes role from CANDIDATE to LEADER at term 1 for changeToLeader
2019-09-19 14:40:08,192 [afbae23f-b8a7-4a0f-ac57-bc0dcc025f7c:group-656D209D31AE:LeaderElection20] INFO  impl.RaftServerImpl (ServerState.java:setLeader(263)) - afbae23f-b8a7-4a0f-ac57-bc0dcc025f7c:group-656D209D31AE change Leader from null to afbae23f-b8a7-4a0f-ac57-bc0dcc025f7c at term 1 for becomeLeader, leader elected after 5181ms
2019-09-19 14:40:08,192 [f70b6c3b-be29-4a26-a238-fb2d839120cd:group-3C687551CB36:LeaderElection21] INFO  impl.RaftServerImpl (ServerState.java:setLeader(263)) - f70b6c3b-be29-4a26-a238-fb2d839120cd:group-3C687551CB36 change Leader from null to f70b6c3b-be29-4a26-a238-fb2d839120cd at term 1 for becomeLeader, leader elected after 5072ms
2019-09-19 14:40:08,192 [afbae23f-b8a7-4a0f-ac57-bc0dcc025f7c:group-656D209D31AE:LeaderElection20] INFO  server.RaftServerConfigKeys (ConfUtils.java:logGet(43)) - raft.server.staging.catchup.gap = 1000 (default)
2019-09-19 14:40:08,192 [f70b6c3b-be29-4a26-a238-fb2d839120cd:group-3C687551CB36:LeaderElection21] INFO  server.RaftServerConfigKeys (ConfUtils.java:logGet(43)) - raft.server.staging.catchup.gap = 1000 (default)
2019-09-19 14:40:08,192 [afbae23f-b8a7-4a0f-ac57-bc0dcc025f7c:group-656D209D31AE:LeaderElection20] INFO  server.RaftServerConfigKeys (ConfUtils.java:logGet(43)) - raft.server.rpc.sleep.time = 25ms (default)
2019-09-19 14:40:08,193 [f70b6c3b-be29-4a26-a238-fb2d839120cd:group-3C687551CB36:LeaderElection21] INFO  server.RaftServerConfigKeys (ConfUtils.java:logGet(43)) - raft.server.rpc.sleep.time = 25ms (default)
2019-09-19 14:40:08,193 [afbae23f-b8a7-4a0f-ac57-bc0dcc025f7c:group-656D209D31AE:LeaderElection20] INFO  server.RaftServerConfigKeys (ConfUtils.java:logGet(43)) - raft.server.write.element-limit = 4096 (default)
2019-09-19 14:40:08,193 [f70b6c3b-be29-4a26-a238-fb2d839120cd:group-3C687551CB36:LeaderElection21] INFO  server.RaftServerConfigKeys (ConfUtils.java:logGet(43)) - raft.server.write.element-limit = 4096 (default)
2019-09-19 14:40:08,193 [afbae23f-b8a7-4a0f-ac57-bc0dcc025f7c:group-656D209D31AE:LeaderElection20] INFO  server.RaftServerConfigKeys (ConfUtils.java:logGet(43)) - raft.server.watch.timeout = 10s (default)
2019-09-19 14:40:08,193 [f70b6c3b-be29-4a26-a238-fb2d839120cd:group-3C687551CB36:LeaderElection21] INFO  server.RaftServerConfigKeys (ConfUtils.java:logGet(43)) - raft.server.watch.timeout = 10s (default)
2019-09-19 14:40:08,193 [afbae23f-b8a7-4a0f-ac57-bc0dcc025f7c:group-656D209D31AE:LeaderElection20] INFO  server.RaftServerConfigKeys (ConfUtils.java:logGet(43)) - raft.server.watch.timeout.denomination = 1s (default)
2019-09-19 14:40:08,193 [f70b6c3b-be29-4a26-a238-fb2d839120cd:group-3C687551CB36:LeaderElection21] INFO  server.RaftServerConfigKeys (ConfUtils.java:logGet(43)) - raft.server.watch.timeout.denomination = 1s (default)
2019-09-19 14:40:08,193 [afbae23f-b8a7-4a0f-ac57-bc0dcc025f7c:group-656D209D31AE:LeaderElection20] INFO  server.RaftServerConfigKeys (ConfUtils.java:logGet(43)) - raft.server.watch.element-limit = 65536 (default)
2019-09-19 14:40:08,193 [f70b6c3b-be29-4a26-a238-fb2d839120cd:group-3C687551CB36:LeaderElection21] INFO  server.RaftServerConfigKeys (ConfUtils.java:logGet(43)) - raft.server.watch.element-limit = 65536 (default)
2019-09-19 14:40:08,194 [afbae23f-b8a7-4a0f-ac57-bc0dcc025f7c:group-656D209D31AE:LeaderElection20] INFO  impl.RoleInfo (RoleInfo.java:updateAndGet(143)) - afbae23f-b8a7-4a0f-ac57-bc0dcc025f7c: start LeaderState
2019-09-19 14:40:08,194 [f70b6c3b-be29-4a26-a238-fb2d839120cd:group-3C687551CB36:LeaderElection21] INFO  impl.RoleInfo (RoleInfo.java:updateAndGet(143)) - f70b6c3b-be29-4a26-a238-fb2d839120cd: start LeaderState
2019-09-19 14:40:08,194 [afbae23f-b8a7-4a0f-ac57-bc0dcc025f7c:group-656D209D31AE:LeaderElection20] INFO  segmented.SegmentedRaftLogWorker (SegmentedRaftLogWorker.java:startLogSegment(380)) - afbae23f-b8a7-4a0f-ac57-bc0dcc025f7c-SegmentedRaftLogWorker:Storage Directory /workdir/hadoop-ozone/ozonefs/target/test-dir/MiniOzoneClusterImpl-889e9801-d8cd-4d64-ad06-78e1b934daf6/datanode-5/data/ratis/823fe8a7-0595-4d97-9557-656d209d31ae: Starting segment from index:0
2019-09-19 14:40:08,194 [f70b6c3b-be29-4a26-a238-fb2d839120cd:group-3C687551CB36:LeaderElection21] INFO  segmented.SegmentedRaftLogWorker (SegmentedRaftLogWorker.java:startLogSegment(380)) - f70b6c3b-be29-4a26-a238-fb2d839120cd-SegmentedRaftLogWorker:Storage Directory /workdir/hadoop-ozone/ozonefs/target/test-dir/MiniOzoneClusterImpl-889e9801-d8cd-4d64-ad06-78e1b934daf6/datanode-0/data/ratis/cb3ba88b-bb4a-4d87-9ac4-3c687551cb36: Starting segment from index:0
2019-09-19 14:40:08,194 [afbae23f-b8a7-4a0f-ac57-bc0dcc025f7c:group-656D209D31AE:LeaderElection20] INFO  impl.RaftServerImpl (ServerState.java:setRaftConf(361)) - afbae23f-b8a7-4a0f-ac57-bc0dcc025f7c:group-656D209D31AE set configuration 0: [afbae23f-b8a7-4a0f-ac57-bc0dcc025f7c:192.168.5.132:44695], old=null at 0
2019-09-19 14:40:08,229 [f70b6c3b-be29-4a26-a238-fb2d839120cd:group-3C687551CB36:LeaderElection21] INFO  impl.RaftServerImpl (ServerState.java:setRaftConf(361)) - f70b6c3b-be29-4a26-a238-fb2d839120cd:group-3C687551CB36 set configuration 0: [f70b6c3b-be29-4a26-a238-fb2d839120cd:192.168.5.132:34965], old=null at 0
2019-09-19 14:40:08,245 | INFO  | SCMAudit | user=jenkins1000 | ip=192.168.5.132 | op=SEND_HEARTBEAT {datanodeUUID=a1dec692-f01d-4dc4-b8c6-c1af31f4a539, command=[]} | ret=SUCCESS |  
2019-09-19 14:40:08,248 [afbae23f-b8a7-4a0f-ac57-bc0dcc025f7c-SegmentedRaftLogWorker:Storage Directory /workdir/hadoop-ozone/ozonefs/target/test-dir/MiniOzoneClusterImpl-889e9801-d8cd-4d64-ad06-78e1b934daf6/datanode-5/data/ratis/823fe8a7-0595-4d97-9557-656d209d31ae] INFO  segmented.SegmentedRaftLogWorker (SegmentedRaftLogWorker.java:execute(569)) - afbae23f-b8a7-4a0f-ac57-bc0dcc025f7c-SegmentedRaftLogWorker:Storage Directory /workdir/hadoop-ozone/ozonefs/target/test-dir/MiniOzoneClusterImpl-889e9801-d8cd-4d64-ad06-78e1b934daf6/datanode-5/data/ratis/823fe8a7-0595-4d97-9557-656d209d31ae: created new log segment /workdir/hadoop-ozone/ozonefs/target/test-dir/MiniOzoneClusterImpl-889e9801-d8cd-4d64-ad06-78e1b934daf6/datanode-5/data/ratis/823fe8a7-0595-4d97-9557-656d209d31ae/current/log_inprogress_0
2019-09-19 14:40:08,279 | INFO  | SCMAudit | user=jenkins1000 | ip=192.168.5.132 | op=SEND_HEARTBEAT {datanodeUUID=f70b6c3b-be29-4a26-a238-fb2d839120cd, command=[]} | ret=SUCCESS |  
2019-09-19 14:40:08,298 [f70b6c3b-be29-4a26-a238-fb2d839120cd-SegmentedRaftLogWorker:Storage Directory /workdir/hadoop-ozone/ozonefs/target/test-dir/MiniOzoneClusterImpl-889e9801-d8cd-4d64-ad06-78e1b934daf6/datanode-0/data/ratis/cb3ba88b-bb4a-4d87-9ac4-3c687551cb36] INFO  segmented.SegmentedRaftLogWorker (SegmentedRaftLogWorker.java:execute(569)) - f70b6c3b-be29-4a26-a238-fb2d839120cd-SegmentedRaftLogWorker:Storage Directory /workdir/hadoop-ozone/ozonefs/target/test-dir/MiniOzoneClusterImpl-889e9801-d8cd-4d64-ad06-78e1b934daf6/datanode-0/data/ratis/cb3ba88b-bb4a-4d87-9ac4-3c687551cb36: created new log segment /workdir/hadoop-ozone/ozonefs/target/test-dir/MiniOzoneClusterImpl-889e9801-d8cd-4d64-ad06-78e1b934daf6/datanode-0/data/ratis/cb3ba88b-bb4a-4d87-9ac4-3c687551cb36/current/log_inprogress_0
2019-09-19 14:40:08,345 [Thread-349] INFO  impl.FollowerState (FollowerState.java:run(106)) - f70b6c3b-be29-4a26-a238-fb2d839120cd:group-8AF369EC8C0A changes to CANDIDATE, lastRpcTime:5128, electionTimeout:5128ms
2019-09-19 14:40:08,345 [Thread-349] INFO  impl.RoleInfo (RoleInfo.java:shutdownFollowerState(121)) - f70b6c3b-be29-4a26-a238-fb2d839120cd: shutdown FollowerState
2019-09-19 14:40:08,345 [Thread-349] INFO  impl.RaftServerImpl (RaftServerImpl.java:setRole(171)) - f70b6c3b-be29-4a26-a238-fb2d839120cd:group-8AF369EC8C0A changes role from FOLLOWER to CANDIDATE at term 0 for changeToCandidate
2019-09-19 14:40:08,345 [Thread-349] INFO  impl.RoleInfo (RoleInfo.java:updateAndGet(143)) - f70b6c3b-be29-4a26-a238-fb2d839120cd: start LeaderElection
2019-09-19 14:40:08,351 | INFO  | SCMAudit | user=jenkins1000 | ip=192.168.5.132 | op=SEND_HEARTBEAT {datanodeUUID=7354d665-2a20-43d9-a220-6cd224d5c3fe, command=[]} | ret=SUCCESS |  
2019-09-19 14:40:08,371 [f70b6c3b-be29-4a26-a238-fb2d839120cd:group-8AF369EC8C0A:LeaderElection22] INFO  impl.LeaderElection (LeaderElection.java:askForVotes(181)) - f70b6c3b-be29-4a26-a238-fb2d839120cd:group-8AF369EC8C0A:LeaderElection22: begin an election at term 1 for -1: [f70b6c3b-be29-4a26-a238-fb2d839120cd:192.168.5.132:34965], old=null
2019-09-19 14:40:08,372 [f70b6c3b-be29-4a26-a238-fb2d839120cd:group-8AF369EC8C0A:LeaderElection22] INFO  impl.RoleInfo (RoleInfo.java:shutdownLeaderElection(134)) - f70b6c3b-be29-4a26-a238-fb2d839120cd: shutdown LeaderElection
2019-09-19 14:40:08,372 [f70b6c3b-be29-4a26-a238-fb2d839120cd:group-8AF369EC8C0A:LeaderElection22] INFO  impl.RaftServerImpl (RaftServerImpl.java:setRole(171)) - f70b6c3b-be29-4a26-a238-fb2d839120cd:group-8AF369EC8C0A changes role from CANDIDATE to LEADER at term 1 for changeToLeader
2019-09-19 14:40:08,372 [f70b6c3b-be29-4a26-a238-fb2d839120cd:group-8AF369EC8C0A:LeaderElection22] INFO  impl.RaftServerImpl (ServerState.java:setLeader(263)) - f70b6c3b-be29-4a26-a238-fb2d839120cd:group-8AF369EC8C0A change Leader from null to f70b6c3b-be29-4a26-a238-fb2d839120cd at term 1 for becomeLeader, leader elected after 5159ms
2019-09-19 14:40:08,372 [f70b6c3b-be29-4a26-a238-fb2d839120cd:group-8AF369EC8C0A:LeaderElection22] INFO  server.RaftServerConfigKeys (ConfUtils.java:logGet(43)) - raft.server.staging.catchup.gap = 1000 (default)
2019-09-19 14:40:08,372 [f70b6c3b-be29-4a26-a238-fb2d839120cd:group-8AF369EC8C0A:LeaderElection22] INFO  server.RaftServerConfigKeys (ConfUtils.java:logGet(43)) - raft.server.rpc.sleep.time = 25ms (default)
2019-09-19 14:40:08,372 [f70b6c3b-be29-4a26-a238-fb2d839120cd:group-8AF369EC8C0A:LeaderElection22] INFO  server.RaftServerConfigKeys (ConfUtils.java:logGet(43)) - raft.server.write.element-limit = 4096 (default)
2019-09-19 14:40:08,373 [f70b6c3b-be29-4a26-a238-fb2d839120cd:group-8AF369EC8C0A:LeaderElection22] INFO  server.RaftServerConfigKeys (ConfUtils.java:logGet(43)) - raft.server.watch.timeout = 10s (default)
2019-09-19 14:40:08,373 [f70b6c3b-be29-4a26-a238-fb2d839120cd:group-8AF369EC8C0A:LeaderElection22] INFO  server.RaftServerConfigKeys (ConfUtils.java:logGet(43)) - raft.server.watch.timeout.denomination = 1s (default)
2019-09-19 14:40:08,373 [f70b6c3b-be29-4a26-a238-fb2d839120cd:group-8AF369EC8C0A:LeaderElection22] INFO  server.RaftServerConfigKeys (ConfUtils.java:logGet(43)) - raft.server.watch.element-limit = 65536 (default)
2019-09-19 14:40:08,373 [f70b6c3b-be29-4a26-a238-fb2d839120cd:group-8AF369EC8C0A:LeaderElection22] INFO  impl.RoleInfo (RoleInfo.java:updateAndGet(143)) - f70b6c3b-be29-4a26-a238-fb2d839120cd: start LeaderState
2019-09-19 14:40:08,373 [f70b6c3b-be29-4a26-a238-fb2d839120cd:group-8AF369EC8C0A:LeaderElection22] INFO  segmented.SegmentedRaftLogWorker (SegmentedRaftLogWorker.java:startLogSegment(380)) - f70b6c3b-be29-4a26-a238-fb2d839120cd-SegmentedRaftLogWorker:Storage Directory /workdir/hadoop-ozone/ozonefs/target/test-dir/MiniOzoneClusterImpl-889e9801-d8cd-4d64-ad06-78e1b934daf6/datanode-0/data/ratis/6c073a33-a7c8-4b6a-b7b5-8af369ec8c0a: Starting segment from index:0
2019-09-19 14:40:08,374 [f70b6c3b-be29-4a26-a238-fb2d839120cd:group-8AF369EC8C0A:LeaderElection22] INFO  impl.RaftServerImpl (ServerState.java:setRaftConf(361)) - f70b6c3b-be29-4a26-a238-fb2d839120cd:group-8AF369EC8C0A set configuration 0: [f70b6c3b-be29-4a26-a238-fb2d839120cd:192.168.5.132:34965], old=null at 0
2019-09-19 14:40:08,424 [f70b6c3b-be29-4a26-a238-fb2d839120cd-SegmentedRaftLogWorker:Storage Directory /workdir/hadoop-ozone/ozonefs/target/test-dir/MiniOzoneClusterImpl-889e9801-d8cd-4d64-ad06-78e1b934daf6/datanode-0/data/ratis/6c073a33-a7c8-4b6a-b7b5-8af369ec8c0a] INFO  segmented.SegmentedRaftLogWorker (SegmentedRaftLogWorker.java:execute(569)) - f70b6c3b-be29-4a26-a238-fb2d839120cd-SegmentedRaftLogWorker:Storage Directory /workdir/hadoop-ozone/ozonefs/target/test-dir/MiniOzoneClusterImpl-889e9801-d8cd-4d64-ad06-78e1b934daf6/datanode-0/data/ratis/6c073a33-a7c8-4b6a-b7b5-8af369ec8c0a: created new log segment /workdir/hadoop-ozone/ozonefs/target/test-dir/MiniOzoneClusterImpl-889e9801-d8cd-4d64-ad06-78e1b934daf6/datanode-0/data/ratis/6c073a33-a7c8-4b6a-b7b5-8af369ec8c0a/current/log_inprogress_0
2019-09-19 14:40:08,465 | INFO  | SCMAudit | user=jenkins1000 | ip=192.168.5.132 | op=SEND_HEARTBEAT {datanodeUUID=7bfd0aba-89d9-48be-a848-6a4500b14ddf, command=[]} | ret=SUCCESS |  
2019-09-19 14:40:08,505 | INFO  | SCMAudit | user=jenkins1000 | ip=192.168.5.132 | op=SEND_HEARTBEAT {datanodeUUID=6aa361a5-10ee-4e6c-9990-87c23e670156, command=[]} | ret=SUCCESS |  
2019-09-19 14:40:08,513 [Thread-360] INFO  impl.FollowerState (FollowerState.java:run(106)) - 942b50b4-c7bf-487c-9057-9f9e637dbe53:group-E93A5BCC0F72 changes to CANDIDATE, lastRpcTime:5021, electionTimeout:5021ms
2019-09-19 14:40:08,513 [Thread-360] INFO  impl.RoleInfo (RoleInfo.java:shutdownFollowerState(121)) - 942b50b4-c7bf-487c-9057-9f9e637dbe53: shutdown FollowerState
2019-09-19 14:40:08,513 [Thread-360] INFO  impl.RaftServerImpl (RaftServerImpl.java:setRole(171)) - 942b50b4-c7bf-487c-9057-9f9e637dbe53:group-E93A5BCC0F72 changes role from FOLLOWER to CANDIDATE at term 0 for changeToCandidate
2019-09-19 14:40:08,513 [Thread-360] INFO  impl.RoleInfo (RoleInfo.java:updateAndGet(143)) - 942b50b4-c7bf-487c-9057-9f9e637dbe53: start LeaderElection
2019-09-19 14:40:08,518 [Thread-353] INFO  impl.FollowerState (FollowerState.java:run(106)) - cda53276-4c02-47df-9243-aafa1631e748:group-5323F77E4C5D changes to CANDIDATE, lastRpcTime:5200, electionTimeout:5197ms
2019-09-19 14:40:08,518 [Thread-353] INFO  impl.RoleInfo (RoleInfo.java:shutdownFollowerState(121)) - cda53276-4c02-47df-9243-aafa1631e748: shutdown FollowerState
2019-09-19 14:40:08,518 [Thread-353] INFO  impl.RaftServerImpl (RaftServerImpl.java:setRole(171)) - cda53276-4c02-47df-9243-aafa1631e748:group-5323F77E4C5D changes role from FOLLOWER to CANDIDATE at term 0 for changeToCandidate
2019-09-19 14:40:08,519 [Thread-353] INFO  impl.RoleInfo (RoleInfo.java:updateAndGet(143)) - cda53276-4c02-47df-9243-aafa1631e748: start LeaderElection
2019-09-19 14:40:08,533 [Thread-357] INFO  impl.FollowerState (FollowerState.java:run(106)) - 7354d665-2a20-43d9-a220-6cd224d5c3fe:group-8929965143DB changes to CANDIDATE, lastRpcTime:5126, electionTimeout:5126ms
2019-09-19 14:40:08,533 [Thread-357] INFO  impl.RoleInfo (RoleInfo.java:shutdownFollowerState(121)) - 7354d665-2a20-43d9-a220-6cd224d5c3fe: shutdown FollowerState
2019-09-19 14:40:08,533 [Thread-357] INFO  impl.RaftServerImpl (RaftServerImpl.java:setRole(171)) - 7354d665-2a20-43d9-a220-6cd224d5c3fe:group-8929965143DB changes role from FOLLOWER to CANDIDATE at term 0 for changeToCandidate
2019-09-19 14:40:08,533 [Thread-357] INFO  impl.RoleInfo (RoleInfo.java:updateAndGet(143)) - 7354d665-2a20-43d9-a220-6cd224d5c3fe: start LeaderElection
2019-09-19 14:40:08,537 [942b50b4-c7bf-487c-9057-9f9e637dbe53:group-E93A5BCC0F72:LeaderElection23] INFO  impl.LeaderElection (LeaderElection.java:askForVotes(181)) - 942b50b4-c7bf-487c-9057-9f9e637dbe53:group-E93A5BCC0F72:LeaderElection23: begin an election at term 1 for -1: [942b50b4-c7bf-487c-9057-9f9e637dbe53:192.168.5.132:34014], old=null
2019-09-19 14:40:08,537 [cda53276-4c02-47df-9243-aafa1631e748:group-5323F77E4C5D:LeaderElection24] INFO  impl.LeaderElection (LeaderElection.java:askForVotes(181)) - cda53276-4c02-47df-9243-aafa1631e748:group-5323F77E4C5D:LeaderElection24: begin an election at term 1 for -1: [cda53276-4c02-47df-9243-aafa1631e748:192.168.5.132:44276], old=null
2019-09-19 14:40:08,537 [942b50b4-c7bf-487c-9057-9f9e637dbe53:group-E93A5BCC0F72:LeaderElection23] INFO  impl.RoleInfo (RoleInfo.java:shutdownLeaderElection(134)) - 942b50b4-c7bf-487c-9057-9f9e637dbe53: shutdown LeaderElection
2019-09-19 14:40:08,538 [cda53276-4c02-47df-9243-aafa1631e748:group-5323F77E4C5D:LeaderElection24] INFO  impl.RoleInfo (RoleInfo.java:shutdownLeaderElection(134)) - cda53276-4c02-47df-9243-aafa1631e748: shutdown LeaderElection
2019-09-19 14:40:08,538 [942b50b4-c7bf-487c-9057-9f9e637dbe53:group-E93A5BCC0F72:LeaderElection23] INFO  impl.RaftServerImpl (RaftServerImpl.java:setRole(171)) - 942b50b4-c7bf-487c-9057-9f9e637dbe53:group-E93A5BCC0F72 changes role from CANDIDATE to LEADER at term 1 for changeToLeader
2019-09-19 14:40:08,538 [cda53276-4c02-47df-9243-aafa1631e748:group-5323F77E4C5D:LeaderElection24] INFO  impl.RaftServerImpl (RaftServerImpl.java:setRole(171)) - cda53276-4c02-47df-9243-aafa1631e748:group-5323F77E4C5D changes role from CANDIDATE to LEADER at term 1 for changeToLeader
2019-09-19 14:40:08,538 [942b50b4-c7bf-487c-9057-9f9e637dbe53:group-E93A5BCC0F72:LeaderElection23] INFO  impl.RaftServerImpl (ServerState.java:setLeader(263)) - 942b50b4-c7bf-487c-9057-9f9e637dbe53:group-E93A5BCC0F72 change Leader from null to 942b50b4-c7bf-487c-9057-9f9e637dbe53 at term 1 for becomeLeader, leader elected after 5050ms
2019-09-19 14:40:08,538 [cda53276-4c02-47df-9243-aafa1631e748:group-5323F77E4C5D:LeaderElection24] INFO  impl.RaftServerImpl (ServerState.java:setLeader(263)) - cda53276-4c02-47df-9243-aafa1631e748:group-5323F77E4C5D change Leader from null to cda53276-4c02-47df-9243-aafa1631e748 at term 1 for becomeLeader, leader elected after 5225ms
2019-09-19 14:40:08,538 [942b50b4-c7bf-487c-9057-9f9e637dbe53:group-E93A5BCC0F72:LeaderElection23] INFO  server.RaftServerConfigKeys (ConfUtils.java:logGet(43)) - raft.server.staging.catchup.gap = 1000 (default)
2019-09-19 14:40:08,538 [cda53276-4c02-47df-9243-aafa1631e748:group-5323F77E4C5D:LeaderElection24] INFO  server.RaftServerConfigKeys (ConfUtils.java:logGet(43)) - raft.server.staging.catchup.gap = 1000 (default)
2019-09-19 14:40:08,538 [942b50b4-c7bf-487c-9057-9f9e637dbe53:group-E93A5BCC0F72:LeaderElection23] INFO  server.RaftServerConfigKeys (ConfUtils.java:logGet(43)) - raft.server.rpc.sleep.time = 25ms (default)
2019-09-19 14:40:08,539 [cda53276-4c02-47df-9243-aafa1631e748:group-5323F77E4C5D:LeaderElection24] INFO  server.RaftServerConfigKeys (ConfUtils.java:logGet(43)) - raft.server.rpc.sleep.time = 25ms (default)
2019-09-19 14:40:08,539 [942b50b4-c7bf-487c-9057-9f9e637dbe53:group-E93A5BCC0F72:LeaderElection23] INFO  server.RaftServerConfigKeys (ConfUtils.java:logGet(43)) - raft.server.write.element-limit = 4096 (default)
2019-09-19 14:40:08,539 [cda53276-4c02-47df-9243-aafa1631e748:group-5323F77E4C5D:LeaderElection24] INFO  server.RaftServerConfigKeys (ConfUtils.java:logGet(43)) - raft.server.write.element-limit = 4096 (default)
2019-09-19 14:40:08,539 [942b50b4-c7bf-487c-9057-9f9e637dbe53:group-E93A5BCC0F72:LeaderElection23] INFO  server.RaftServerConfigKeys (ConfUtils.java:logGet(43)) - raft.server.watch.timeout = 10s (default)
2019-09-19 14:40:08,539 [cda53276-4c02-47df-9243-aafa1631e748:group-5323F77E4C5D:LeaderElection24] INFO  server.RaftServerConfigKeys (ConfUtils.java:logGet(43)) - raft.server.watch.timeout = 10s (default)
2019-09-19 14:40:08,539 [942b50b4-c7bf-487c-9057-9f9e637dbe53:group-E93A5BCC0F72:LeaderElection23] INFO  server.RaftServerConfigKeys (ConfUtils.java:logGet(43)) - raft.server.watch.timeout.denomination = 1s (default)
2019-09-19 14:40:08,539 [cda53276-4c02-47df-9243-aafa1631e748:group-5323F77E4C5D:LeaderElection24] INFO  server.RaftServerConfigKeys (ConfUtils.java:logGet(43)) - raft.server.watch.timeout.denomination = 1s (default)
2019-09-19 14:40:08,540 [942b50b4-c7bf-487c-9057-9f9e637dbe53:group-E93A5BCC0F72:LeaderElection23] INFO  server.RaftServerConfigKeys (ConfUtils.java:logGet(43)) - raft.server.watch.element-limit = 65536 (default)
2019-09-19 14:40:08,540 [cda53276-4c02-47df-9243-aafa1631e748:group-5323F77E4C5D:LeaderElection24] INFO  server.RaftServerConfigKeys (ConfUtils.java:logGet(43)) - raft.server.watch.element-limit = 65536 (default)
2019-09-19 14:40:08,540 [942b50b4-c7bf-487c-9057-9f9e637dbe53:group-E93A5BCC0F72:LeaderElection23] INFO  impl.RoleInfo (RoleInfo.java:updateAndGet(143)) - 942b50b4-c7bf-487c-9057-9f9e637dbe53: start LeaderState
2019-09-19 14:40:08,540 [cda53276-4c02-47df-9243-aafa1631e748:group-5323F77E4C5D:LeaderElection24] INFO  impl.RoleInfo (RoleInfo.java:updateAndGet(143)) - cda53276-4c02-47df-9243-aafa1631e748: start LeaderState
2019-09-19 14:40:08,540 [942b50b4-c7bf-487c-9057-9f9e637dbe53:group-E93A5BCC0F72:LeaderElection23] INFO  segmented.SegmentedRaftLogWorker (SegmentedRaftLogWorker.java:startLogSegment(380)) - 942b50b4-c7bf-487c-9057-9f9e637dbe53-SegmentedRaftLogWorker:Storage Directory /workdir/hadoop-ozone/ozonefs/target/test-dir/MiniOzoneClusterImpl-889e9801-d8cd-4d64-ad06-78e1b934daf6/datanode-9/data/ratis/20033b04-a110-4dbb-8e45-e93a5bcc0f72: Starting segment from index:0
2019-09-19 14:40:08,540 [cda53276-4c02-47df-9243-aafa1631e748:group-5323F77E4C5D:LeaderElection24] INFO  segmented.SegmentedRaftLogWorker (SegmentedRaftLogWorker.java:startLogSegment(380)) - cda53276-4c02-47df-9243-aafa1631e748-SegmentedRaftLogWorker:Storage Directory /workdir/hadoop-ozone/ozonefs/target/test-dir/MiniOzoneClusterImpl-889e9801-d8cd-4d64-ad06-78e1b934daf6/datanode-2/data/ratis/4e261ee1-bf6d-4e4e-9ffb-5323f77e4c5d: Starting segment from index:0
2019-09-19 14:40:08,541 [942b50b4-c7bf-487c-9057-9f9e637dbe53:group-E93A5BCC0F72:LeaderElection23] INFO  impl.RaftServerImpl (ServerState.java:setRaftConf(361)) - 942b50b4-c7bf-487c-9057-9f9e637dbe53:group-E93A5BCC0F72 set configuration 0: [942b50b4-c7bf-487c-9057-9f9e637dbe53:192.168.5.132:34014], old=null at 0
2019-09-19 14:40:08,541 [cda53276-4c02-47df-9243-aafa1631e748:group-5323F77E4C5D:LeaderElection24] INFO  impl.RaftServerImpl (ServerState.java:setRaftConf(361)) - cda53276-4c02-47df-9243-aafa1631e748:group-5323F77E4C5D set configuration 0: [cda53276-4c02-47df-9243-aafa1631e748:192.168.5.132:44276], old=null at 0
2019-09-19 14:40:08,583 [7354d665-2a20-43d9-a220-6cd224d5c3fe:group-8929965143DB:LeaderElection25] INFO  impl.LeaderElection (LeaderElection.java:askForVotes(181)) - 7354d665-2a20-43d9-a220-6cd224d5c3fe:group-8929965143DB:LeaderElection25: begin an election at term 1 for -1: [7354d665-2a20-43d9-a220-6cd224d5c3fe:192.168.5.132:32973], old=null
2019-09-19 14:40:08,590 [7354d665-2a20-43d9-a220-6cd224d5c3fe:group-8929965143DB:LeaderElection25] INFO  impl.RoleInfo (RoleInfo.java:shutdownLeaderElection(134)) - 7354d665-2a20-43d9-a220-6cd224d5c3fe: shutdown LeaderElection
2019-09-19 14:40:08,590 [7354d665-2a20-43d9-a220-6cd224d5c3fe:group-8929965143DB:LeaderElection25] INFO  impl.RaftServerImpl (RaftServerImpl.java:setRole(171)) - 7354d665-2a20-43d9-a220-6cd224d5c3fe:group-8929965143DB changes role from CANDIDATE to LEADER at term 1 for changeToLeader
2019-09-19 14:40:08,590 [7354d665-2a20-43d9-a220-6cd224d5c3fe:group-8929965143DB:LeaderElection25] INFO  impl.RaftServerImpl (ServerState.java:setLeader(263)) - 7354d665-2a20-43d9-a220-6cd224d5c3fe:group-8929965143DB change Leader from null to 7354d665-2a20-43d9-a220-6cd224d5c3fe at term 1 for becomeLeader, leader elected after 5188ms
2019-09-19 14:40:08,590 [7354d665-2a20-43d9-a220-6cd224d5c3fe:group-8929965143DB:LeaderElection25] INFO  server.RaftServerConfigKeys (ConfUtils.java:logGet(43)) - raft.server.staging.catchup.gap = 1000 (default)
2019-09-19 14:40:08,591 | INFO  | SCMAudit | user=jenkins1000 | ip=192.168.5.132 | op=SEND_HEARTBEAT {datanodeUUID=c157b6a0-3602-4e04-89f3-2eaad4ae05f6, command=[]} | ret=SUCCESS |  
2019-09-19 14:40:08,591 [7354d665-2a20-43d9-a220-6cd224d5c3fe:group-8929965143DB:LeaderElection25] INFO  server.RaftServerConfigKeys (ConfUtils.java:logGet(43)) - raft.server.rpc.sleep.time = 25ms (default)
2019-09-19 14:40:08,591 [7354d665-2a20-43d9-a220-6cd224d5c3fe:group-8929965143DB:LeaderElection25] INFO  server.RaftServerConfigKeys (ConfUtils.java:logGet(43)) - raft.server.write.element-limit = 4096 (default)
2019-09-19 14:40:08,591 [7354d665-2a20-43d9-a220-6cd224d5c3fe:group-8929965143DB:LeaderElection25] INFO  server.RaftServerConfigKeys (ConfUtils.java:logGet(43)) - raft.server.watch.timeout = 10s (default)
2019-09-19 14:40:08,591 [7354d665-2a20-43d9-a220-6cd224d5c3fe:group-8929965143DB:LeaderElection25] INFO  server.RaftServerConfigKeys (ConfUtils.java:logGet(43)) - raft.server.watch.timeout.denomination = 1s (default)
2019-09-19 14:40:08,592 [7354d665-2a20-43d9-a220-6cd224d5c3fe:group-8929965143DB:LeaderElection25] INFO  server.RaftServerConfigKeys (ConfUtils.java:logGet(43)) - raft.server.watch.element-limit = 65536 (default)
2019-09-19 14:40:08,592 [7354d665-2a20-43d9-a220-6cd224d5c3fe:group-8929965143DB:LeaderElection25] INFO  impl.RoleInfo (RoleInfo.java:updateAndGet(143)) - 7354d665-2a20-43d9-a220-6cd224d5c3fe: start LeaderState
2019-09-19 14:40:08,592 [7354d665-2a20-43d9-a220-6cd224d5c3fe:group-8929965143DB:LeaderElection25] INFO  segmented.SegmentedRaftLogWorker (SegmentedRaftLogWorker.java:startLogSegment(380)) - 7354d665-2a20-43d9-a220-6cd224d5c3fe-SegmentedRaftLogWorker:Storage Directory /workdir/hadoop-ozone/ozonefs/target/test-dir/MiniOzoneClusterImpl-889e9801-d8cd-4d64-ad06-78e1b934daf6/datanode-3/data/ratis/85d71af2-8e08-4eaf-adcd-8929965143db: Starting segment from index:0
2019-09-19 14:40:08,593 [7354d665-2a20-43d9-a220-6cd224d5c3fe:group-8929965143DB:LeaderElection25] INFO  impl.RaftServerImpl (ServerState.java:setRaftConf(361)) - 7354d665-2a20-43d9-a220-6cd224d5c3fe:group-8929965143DB set configuration 0: [7354d665-2a20-43d9-a220-6cd224d5c3fe:192.168.5.132:32973], old=null at 0
2019-09-19 14:40:08,623 [cda53276-4c02-47df-9243-aafa1631e748-SegmentedRaftLogWorker:Storage Directory /workdir/hadoop-ozone/ozonefs/target/test-dir/MiniOzoneClusterImpl-889e9801-d8cd-4d64-ad06-78e1b934daf6/datanode-2/data/ratis/4e261ee1-bf6d-4e4e-9ffb-5323f77e4c5d] INFO  segmented.SegmentedRaftLogWorker (SegmentedRaftLogWorker.java:execute(569)) - cda53276-4c02-47df-9243-aafa1631e748-SegmentedRaftLogWorker:Storage Directory /workdir/hadoop-ozone/ozonefs/target/test-dir/MiniOzoneClusterImpl-889e9801-d8cd-4d64-ad06-78e1b934daf6/datanode-2/data/ratis/4e261ee1-bf6d-4e4e-9ffb-5323f77e4c5d: created new log segment /workdir/hadoop-ozone/ozonefs/target/test-dir/MiniOzoneClusterImpl-889e9801-d8cd-4d64-ad06-78e1b934daf6/datanode-2/data/ratis/4e261ee1-bf6d-4e4e-9ffb-5323f77e4c5d/current/log_inprogress_0
2019-09-19 14:40:08,623 [942b50b4-c7bf-487c-9057-9f9e637dbe53-SegmentedRaftLogWorker:Storage Directory /workdir/hadoop-ozone/ozonefs/target/test-dir/MiniOzoneClusterImpl-889e9801-d8cd-4d64-ad06-78e1b934daf6/datanode-9/data/ratis/20033b04-a110-4dbb-8e45-e93a5bcc0f72] INFO  segmented.SegmentedRaftLogWorker (SegmentedRaftLogWorker.java:execute(569)) - 942b50b4-c7bf-487c-9057-9f9e637dbe53-SegmentedRaftLogWorker:Storage Directory /workdir/hadoop-ozone/ozonefs/target/test-dir/MiniOzoneClusterImpl-889e9801-d8cd-4d64-ad06-78e1b934daf6/datanode-9/data/ratis/20033b04-a110-4dbb-8e45-e93a5bcc0f72: created new log segment /workdir/hadoop-ozone/ozonefs/target/test-dir/MiniOzoneClusterImpl-889e9801-d8cd-4d64-ad06-78e1b934daf6/datanode-9/data/ratis/20033b04-a110-4dbb-8e45-e93a5bcc0f72/current/log_inprogress_0
2019-09-19 14:40:08,646 [7354d665-2a20-43d9-a220-6cd224d5c3fe-SegmentedRaftLogWorker:Storage Directory /workdir/hadoop-ozone/ozonefs/target/test-dir/MiniOzoneClusterImpl-889e9801-d8cd-4d64-ad06-78e1b934daf6/datanode-3/data/ratis/85d71af2-8e08-4eaf-adcd-8929965143db] INFO  segmented.SegmentedRaftLogWorker (SegmentedRaftLogWorker.java:execute(569)) - 7354d665-2a20-43d9-a220-6cd224d5c3fe-SegmentedRaftLogWorker:Storage Directory /workdir/hadoop-ozone/ozonefs/target/test-dir/MiniOzoneClusterImpl-889e9801-d8cd-4d64-ad06-78e1b934daf6/datanode-3/data/ratis/85d71af2-8e08-4eaf-adcd-8929965143db: created new log segment /workdir/hadoop-ozone/ozonefs/target/test-dir/MiniOzoneClusterImpl-889e9801-d8cd-4d64-ad06-78e1b934daf6/datanode-3/data/ratis/85d71af2-8e08-4eaf-adcd-8929965143db/current/log_inprogress_0
2019-09-19 14:40:08,649 [Thread-363] INFO  impl.FollowerState (FollowerState.java:run(106)) - afbae23f-b8a7-4a0f-ac57-bc0dcc025f7c:group-9659289A4561 changes to CANDIDATE, lastRpcTime:5077, electionTimeout:5077ms
2019-09-19 14:40:08,649 [Thread-363] INFO  impl.RoleInfo (RoleInfo.java:shutdownFollowerState(121)) - afbae23f-b8a7-4a0f-ac57-bc0dcc025f7c: shutdown FollowerState
2019-09-19 14:40:08,649 [Thread-363] INFO  impl.RaftServerImpl (RaftServerImpl.java:setRole(171)) - afbae23f-b8a7-4a0f-ac57-bc0dcc025f7c:group-9659289A4561 changes role from FOLLOWER to CANDIDATE at term 0 for changeToCandidate
2019-09-19 14:40:08,649 [Thread-363] INFO  impl.RoleInfo (RoleInfo.java:updateAndGet(143)) - afbae23f-b8a7-4a0f-ac57-bc0dcc025f7c: start LeaderElection
2019-09-19 14:40:08,663 [afbae23f-b8a7-4a0f-ac57-bc0dcc025f7c:group-9659289A4561:LeaderElection26] INFO  impl.LeaderElection (LeaderElection.java:askForVotes(181)) - afbae23f-b8a7-4a0f-ac57-bc0dcc025f7c:group-9659289A4561:LeaderElection26: begin an election at term 1 for -1: [afbae23f-b8a7-4a0f-ac57-bc0dcc025f7c:192.168.5.132:44695], old=null
2019-09-19 14:40:08,663 [afbae23f-b8a7-4a0f-ac57-bc0dcc025f7c:group-9659289A4561:LeaderElection26] INFO  impl.RoleInfo (RoleInfo.java:shutdownLeaderElection(134)) - afbae23f-b8a7-4a0f-ac57-bc0dcc025f7c: shutdown LeaderElection
2019-09-19 14:40:08,663 [afbae23f-b8a7-4a0f-ac57-bc0dcc025f7c:group-9659289A4561:LeaderElection26] INFO  impl.RaftServerImpl (RaftServerImpl.java:setRole(171)) - afbae23f-b8a7-4a0f-ac57-bc0dcc025f7c:group-9659289A4561 changes role from CANDIDATE to LEADER at term 1 for changeToLeader
2019-09-19 14:40:08,663 [afbae23f-b8a7-4a0f-ac57-bc0dcc025f7c:group-9659289A4561:LeaderElection26] INFO  impl.RaftServerImpl (ServerState.java:setLeader(263)) - afbae23f-b8a7-4a0f-ac57-bc0dcc025f7c:group-9659289A4561 change Leader from null to afbae23f-b8a7-4a0f-ac57-bc0dcc025f7c at term 1 for becomeLeader, leader elected after 5096ms
2019-09-19 14:40:08,663 [afbae23f-b8a7-4a0f-ac57-bc0dcc025f7c:group-9659289A4561:LeaderElection26] INFO  server.RaftServerConfigKeys (ConfUtils.java:logGet(43)) - raft.server.staging.catchup.gap = 1000 (default)
2019-09-19 14:40:08,664 [afbae23f-b8a7-4a0f-ac57-bc0dcc025f7c:group-9659289A4561:LeaderElection26] INFO  server.RaftServerConfigKeys (ConfUtils.java:logGet(43)) - raft.server.rpc.sleep.time = 25ms (default)
2019-09-19 14:40:08,664 [afbae23f-b8a7-4a0f-ac57-bc0dcc025f7c:group-9659289A4561:LeaderElection26] INFO  server.RaftServerConfigKeys (ConfUtils.java:logGet(43)) - raft.server.write.element-limit = 4096 (default)
2019-09-19 14:40:08,664 [afbae23f-b8a7-4a0f-ac57-bc0dcc025f7c:group-9659289A4561:LeaderElection26] INFO  server.RaftServerConfigKeys (ConfUtils.java:logGet(43)) - raft.server.watch.timeout = 10s (default)
2019-09-19 14:40:08,664 [afbae23f-b8a7-4a0f-ac57-bc0dcc025f7c:group-9659289A4561:LeaderElection26] INFO  server.RaftServerConfigKeys (ConfUtils.java:logGet(43)) - raft.server.watch.timeout.denomination = 1s (default)
2019-09-19 14:40:08,664 [afbae23f-b8a7-4a0f-ac57-bc0dcc025f7c:group-9659289A4561:LeaderElection26] INFO  server.RaftServerConfigKeys (ConfUtils.java:logGet(43)) - raft.server.watch.element-limit = 65536 (default)
2019-09-19 14:40:08,665 [afbae23f-b8a7-4a0f-ac57-bc0dcc025f7c:group-9659289A4561:LeaderElection26] INFO  impl.RoleInfo (RoleInfo.java:updateAndGet(143)) - afbae23f-b8a7-4a0f-ac57-bc0dcc025f7c: start LeaderState
2019-09-19 14:40:08,665 [afbae23f-b8a7-4a0f-ac57-bc0dcc025f7c:group-9659289A4561:LeaderElection26] INFO  segmented.SegmentedRaftLogWorker (SegmentedRaftLogWorker.java:startLogSegment(380)) - afbae23f-b8a7-4a0f-ac57-bc0dcc025f7c-SegmentedRaftLogWorker:Storage Directory /workdir/hadoop-ozone/ozonefs/target/test-dir/MiniOzoneClusterImpl-889e9801-d8cd-4d64-ad06-78e1b934daf6/datanode-5/data/ratis/5dfe44c1-8a74-4b5c-98f4-9659289a4561: Starting segment from index:0
2019-09-19 14:40:08,666 [afbae23f-b8a7-4a0f-ac57-bc0dcc025f7c:group-9659289A4561:LeaderElection26] INFO  impl.RaftServerImpl (ServerState.java:setRaftConf(361)) - afbae23f-b8a7-4a0f-ac57-bc0dcc025f7c:group-9659289A4561 set configuration 0: [afbae23f-b8a7-4a0f-ac57-bc0dcc025f7c:192.168.5.132:44695], old=null at 0
2019-09-19 14:40:08,683 | INFO  | SCMAudit | user=jenkins1000 | ip=192.168.5.132 | op=SEND_HEARTBEAT {datanodeUUID=942b50b4-c7bf-487c-9057-9f9e637dbe53, command=[]} | ret=SUCCESS |  
2019-09-19 14:40:08,716 [Thread-366] INFO  impl.FollowerState (FollowerState.java:run(106)) - c157b6a0-3602-4e04-89f3-2eaad4ae05f6:group-0AFBC0D13B45 changes to CANDIDATE, lastRpcTime:5062, electionTimeout:5062ms
2019-09-19 14:40:08,716 [Thread-366] INFO  impl.RoleInfo (RoleInfo.java:shutdownFollowerState(121)) - c157b6a0-3602-4e04-89f3-2eaad4ae05f6: shutdown FollowerState
2019-09-19 14:40:08,716 [Thread-366] INFO  impl.RaftServerImpl (RaftServerImpl.java:setRole(171)) - c157b6a0-3602-4e04-89f3-2eaad4ae05f6:group-0AFBC0D13B45 changes role from FOLLOWER to CANDIDATE at term 0 for changeToCandidate
2019-09-19 14:40:08,716 [Thread-366] INFO  impl.RoleInfo (RoleInfo.java:updateAndGet(143)) - c157b6a0-3602-4e04-89f3-2eaad4ae05f6: start LeaderElection
2019-09-19 14:40:08,729 [afbae23f-b8a7-4a0f-ac57-bc0dcc025f7c-SegmentedRaftLogWorker:Storage Directory /workdir/hadoop-ozone/ozonefs/target/test-dir/MiniOzoneClusterImpl-889e9801-d8cd-4d64-ad06-78e1b934daf6/datanode-5/data/ratis/5dfe44c1-8a74-4b5c-98f4-9659289a4561] INFO  segmented.SegmentedRaftLogWorker (SegmentedRaftLogWorker.java:execute(569)) - afbae23f-b8a7-4a0f-ac57-bc0dcc025f7c-SegmentedRaftLogWorker:Storage Directory /workdir/hadoop-ozone/ozonefs/target/test-dir/MiniOzoneClusterImpl-889e9801-d8cd-4d64-ad06-78e1b934daf6/datanode-5/data/ratis/5dfe44c1-8a74-4b5c-98f4-9659289a4561: created new log segment /workdir/hadoop-ozone/ozonefs/target/test-dir/MiniOzoneClusterImpl-889e9801-d8cd-4d64-ad06-78e1b934daf6/datanode-5/data/ratis/5dfe44c1-8a74-4b5c-98f4-9659289a4561/current/log_inprogress_0
2019-09-19 14:40:08,737 | INFO  | SCMAudit | user=jenkins1000 | ip=192.168.5.132 | op=SEND_HEARTBEAT {datanodeUUID=afbae23f-b8a7-4a0f-ac57-bc0dcc025f7c, command=[]} | ret=SUCCESS |  
2019-09-19 14:40:08,749 [c157b6a0-3602-4e04-89f3-2eaad4ae05f6:group-0AFBC0D13B45:LeaderElection27] INFO  impl.LeaderElection (LeaderElection.java:askForVotes(181)) - c157b6a0-3602-4e04-89f3-2eaad4ae05f6:group-0AFBC0D13B45:LeaderElection27: begin an election at term 1 for -1: [c157b6a0-3602-4e04-89f3-2eaad4ae05f6:192.168.5.132:35760], old=null
2019-09-19 14:40:08,750 [c157b6a0-3602-4e04-89f3-2eaad4ae05f6:group-0AFBC0D13B45:LeaderElection27] INFO  impl.RoleInfo (RoleInfo.java:shutdownLeaderElection(134)) - c157b6a0-3602-4e04-89f3-2eaad4ae05f6: shutdown LeaderElection
2019-09-19 14:40:08,750 [c157b6a0-3602-4e04-89f3-2eaad4ae05f6:group-0AFBC0D13B45:LeaderElection27] INFO  impl.RaftServerImpl (RaftServerImpl.java:setRole(171)) - c157b6a0-3602-4e04-89f3-2eaad4ae05f6:group-0AFBC0D13B45 changes role from CANDIDATE to LEADER at term 1 for changeToLeader
2019-09-19 14:40:08,750 [c157b6a0-3602-4e04-89f3-2eaad4ae05f6:group-0AFBC0D13B45:LeaderElection27] INFO  impl.RaftServerImpl (ServerState.java:setLeader(263)) - c157b6a0-3602-4e04-89f3-2eaad4ae05f6:group-0AFBC0D13B45 change Leader from null to c157b6a0-3602-4e04-89f3-2eaad4ae05f6 at term 1 for becomeLeader, leader elected after 5099ms
2019-09-19 14:40:08,750 [c157b6a0-3602-4e04-89f3-2eaad4ae05f6:group-0AFBC0D13B45:LeaderElection27] INFO  server.RaftServerConfigKeys (ConfUtils.java:logGet(43)) - raft.server.staging.catchup.gap = 1000 (default)
2019-09-19 14:40:08,750 [c157b6a0-3602-4e04-89f3-2eaad4ae05f6:group-0AFBC0D13B45:LeaderElection27] INFO  server.RaftServerConfigKeys (ConfUtils.java:logGet(43)) - raft.server.rpc.sleep.time = 25ms (default)
2019-09-19 14:40:08,750 [c157b6a0-3602-4e04-89f3-2eaad4ae05f6:group-0AFBC0D13B45:LeaderElection27] INFO  server.RaftServerConfigKeys (ConfUtils.java:logGet(43)) - raft.server.write.element-limit = 4096 (default)
2019-09-19 14:40:08,750 [c157b6a0-3602-4e04-89f3-2eaad4ae05f6:group-0AFBC0D13B45:LeaderElection27] INFO  server.RaftServerConfigKeys (ConfUtils.java:logGet(43)) - raft.server.watch.timeout = 10s (default)
2019-09-19 14:40:08,750 [c157b6a0-3602-4e04-89f3-2eaad4ae05f6:group-0AFBC0D13B45:LeaderElection27] INFO  server.RaftServerConfigKeys (ConfUtils.java:logGet(43)) - raft.server.watch.timeout.denomination = 1s (default)
2019-09-19 14:40:08,750 [c157b6a0-3602-4e04-89f3-2eaad4ae05f6:group-0AFBC0D13B45:LeaderElection27] INFO  server.RaftServerConfigKeys (ConfUtils.java:logGet(43)) - raft.server.watch.element-limit = 65536 (default)
2019-09-19 14:40:08,751 [c157b6a0-3602-4e04-89f3-2eaad4ae05f6:group-0AFBC0D13B45:LeaderElection27] INFO  impl.RoleInfo (RoleInfo.java:updateAndGet(143)) - c157b6a0-3602-4e04-89f3-2eaad4ae05f6: start LeaderState
2019-09-19 14:40:08,751 [c157b6a0-3602-4e04-89f3-2eaad4ae05f6:group-0AFBC0D13B45:LeaderElection27] INFO  segmented.SegmentedRaftLogWorker (SegmentedRaftLogWorker.java:startLogSegment(380)) - c157b6a0-3602-4e04-89f3-2eaad4ae05f6-SegmentedRaftLogWorker:Storage Directory /workdir/hadoop-ozone/ozonefs/target/test-dir/MiniOzoneClusterImpl-889e9801-d8cd-4d64-ad06-78e1b934daf6/datanode-1/data/ratis/e02b644f-5eb3-4583-8a1e-0afbc0d13b45: Starting segment from index:0
2019-09-19 14:40:08,751 [c157b6a0-3602-4e04-89f3-2eaad4ae05f6:group-0AFBC0D13B45:LeaderElection27] INFO  impl.RaftServerImpl (ServerState.java:setRaftConf(361)) - c157b6a0-3602-4e04-89f3-2eaad4ae05f6:group-0AFBC0D13B45 set configuration 0: [c157b6a0-3602-4e04-89f3-2eaad4ae05f6:192.168.5.132:35760], old=null at 0
2019-09-19 14:40:08,828 [c157b6a0-3602-4e04-89f3-2eaad4ae05f6-SegmentedRaftLogWorker:Storage Directory /workdir/hadoop-ozone/ozonefs/target/test-dir/MiniOzoneClusterImpl-889e9801-d8cd-4d64-ad06-78e1b934daf6/datanode-1/data/ratis/e02b644f-5eb3-4583-8a1e-0afbc0d13b45] INFO  segmented.SegmentedRaftLogWorker (SegmentedRaftLogWorker.java:execute(569)) - c157b6a0-3602-4e04-89f3-2eaad4ae05f6-SegmentedRaftLogWorker:Storage Directory /workdir/hadoop-ozone/ozonefs/target/test-dir/MiniOzoneClusterImpl-889e9801-d8cd-4d64-ad06-78e1b934daf6/datanode-1/data/ratis/e02b644f-5eb3-4583-8a1e-0afbc0d13b45: created new log segment /workdir/hadoop-ozone/ozonefs/target/test-dir/MiniOzoneClusterImpl-889e9801-d8cd-4d64-ad06-78e1b934daf6/datanode-1/data/ratis/e02b644f-5eb3-4583-8a1e-0afbc0d13b45/current/log_inprogress_0
2019-09-19 14:40:08,846 | INFO  | SCMAudit | user=jenkins1000 | ip=192.168.5.132 | op=SEND_HEARTBEAT {datanodeUUID=cda53276-4c02-47df-9243-aafa1631e748, command=[]} | ret=SUCCESS |  
2019-09-19 14:40:08,902 [Thread-369] INFO  impl.FollowerState (FollowerState.java:run(106)) - 7354d665-2a20-43d9-a220-6cd224d5c3fe:group-C9D550F9B02A changes to CANDIDATE, lastRpcTime:5170, electionTimeout:5170ms
2019-09-19 14:40:08,902 [Thread-369] INFO  impl.RoleInfo (RoleInfo.java:shutdownFollowerState(121)) - 7354d665-2a20-43d9-a220-6cd224d5c3fe: shutdown FollowerState
2019-09-19 14:40:08,902 [Thread-369] INFO  impl.RaftServerImpl (RaftServerImpl.java:setRole(171)) - 7354d665-2a20-43d9-a220-6cd224d5c3fe:group-C9D550F9B02A changes role from FOLLOWER to CANDIDATE at term 0 for changeToCandidate
2019-09-19 14:40:08,903 [Thread-369] INFO  impl.RoleInfo (RoleInfo.java:updateAndGet(143)) - 7354d665-2a20-43d9-a220-6cd224d5c3fe: start LeaderElection
2019-09-19 14:40:08,932 [Thread-372] INFO  impl.FollowerState (FollowerState.java:run(106)) - b84a7c4a-6ef7-4bd2-bf64-eea4d8e07688:group-DEAB6AC1C231 changes to CANDIDATE, lastRpcTime:5125, electionTimeout:5125ms
2019-09-19 14:40:08,932 [Thread-372] INFO  impl.RoleInfo (RoleInfo.java:shutdownFollowerState(121)) - b84a7c4a-6ef7-4bd2-bf64-eea4d8e07688: shutdown FollowerState
2019-09-19 14:40:08,932 [Thread-372] INFO  impl.RaftServerImpl (RaftServerImpl.java:setRole(171)) - b84a7c4a-6ef7-4bd2-bf64-eea4d8e07688:group-DEAB6AC1C231 changes role from FOLLOWER to CANDIDATE at term 0 for changeToCandidate
2019-09-19 14:40:08,932 [Thread-372] INFO  impl.RoleInfo (RoleInfo.java:updateAndGet(143)) - b84a7c4a-6ef7-4bd2-bf64-eea4d8e07688: start LeaderElection
2019-09-19 14:40:08,953 [7354d665-2a20-43d9-a220-6cd224d5c3fe:group-C9D550F9B02A:LeaderElection28] INFO  impl.LeaderElection (LeaderElection.java:askForVotes(181)) - 7354d665-2a20-43d9-a220-6cd224d5c3fe:group-C9D550F9B02A:LeaderElection28: begin an election at term 1 for -1: [7354d665-2a20-43d9-a220-6cd224d5c3fe:192.168.5.132:32973], old=null
2019-09-19 14:40:08,953 [7354d665-2a20-43d9-a220-6cd224d5c3fe:group-C9D550F9B02A:LeaderElection28] INFO  impl.RoleInfo (RoleInfo.java:shutdownLeaderElection(134)) - 7354d665-2a20-43d9-a220-6cd224d5c3fe: shutdown LeaderElection
2019-09-19 14:40:08,954 [7354d665-2a20-43d9-a220-6cd224d5c3fe:group-C9D550F9B02A:LeaderElection28] INFO  impl.RaftServerImpl (RaftServerImpl.java:setRole(171)) - 7354d665-2a20-43d9-a220-6cd224d5c3fe:group-C9D550F9B02A changes role from CANDIDATE to LEADER at term 1 for changeToLeader
2019-09-19 14:40:08,954 [7354d665-2a20-43d9-a220-6cd224d5c3fe:group-C9D550F9B02A:LeaderElection28] INFO  impl.RaftServerImpl (ServerState.java:setLeader(263)) - 7354d665-2a20-43d9-a220-6cd224d5c3fe:group-C9D550F9B02A change Leader from null to 7354d665-2a20-43d9-a220-6cd224d5c3fe at term 1 for becomeLeader, leader elected after 5227ms
2019-09-19 14:40:08,954 [7354d665-2a20-43d9-a220-6cd224d5c3fe:group-C9D550F9B02A:LeaderElection28] INFO  server.RaftServerConfigKeys (ConfUtils.java:logGet(43)) - raft.server.staging.catchup.gap = 1000 (default)
2019-09-19 14:40:08,954 [7354d665-2a20-43d9-a220-6cd224d5c3fe:group-C9D550F9B02A:LeaderElection28] INFO  server.RaftServerConfigKeys (ConfUtils.java:logGet(43)) - raft.server.rpc.sleep.time = 25ms (default)
2019-09-19 14:40:08,955 [7354d665-2a20-43d9-a220-6cd224d5c3fe:group-C9D550F9B02A:LeaderElection28] INFO  server.RaftServerConfigKeys (ConfUtils.java:logGet(43)) - raft.server.write.element-limit = 4096 (default)
2019-09-19 14:40:08,955 [7354d665-2a20-43d9-a220-6cd224d5c3fe:group-C9D550F9B02A:LeaderElection28] INFO  server.RaftServerConfigKeys (ConfUtils.java:logGet(43)) - raft.server.watch.timeout = 10s (default)
2019-09-19 14:40:08,955 [7354d665-2a20-43d9-a220-6cd224d5c3fe:group-C9D550F9B02A:LeaderElection28] INFO  server.RaftServerConfigKeys (ConfUtils.java:logGet(43)) - raft.server.watch.timeout.denomination = 1s (default)
2019-09-19 14:40:08,955 [7354d665-2a20-43d9-a220-6cd224d5c3fe:group-C9D550F9B02A:LeaderElection28] INFO  server.RaftServerConfigKeys (ConfUtils.java:logGet(43)) - raft.server.watch.element-limit = 65536 (default)
2019-09-19 14:40:08,955 [7354d665-2a20-43d9-a220-6cd224d5c3fe:group-C9D550F9B02A:LeaderElection28] INFO  impl.RoleInfo (RoleInfo.java:updateAndGet(143)) - 7354d665-2a20-43d9-a220-6cd224d5c3fe: start LeaderState
2019-09-19 14:40:08,956 [7354d665-2a20-43d9-a220-6cd224d5c3fe:group-C9D550F9B02A:LeaderElection28] INFO  segmented.SegmentedRaftLogWorker (SegmentedRaftLogWorker.java:startLogSegment(380)) - 7354d665-2a20-43d9-a220-6cd224d5c3fe-SegmentedRaftLogWorker:Storage Directory /workdir/hadoop-ozone/ozonefs/target/test-dir/MiniOzoneClusterImpl-889e9801-d8cd-4d64-ad06-78e1b934daf6/datanode-3/data/ratis/2ae7cdbe-028a-42e0-82a1-c9d550f9b02a: Starting segment from index:0
2019-09-19 14:40:08,956 [7354d665-2a20-43d9-a220-6cd224d5c3fe:group-C9D550F9B02A:LeaderElection28] INFO  impl.RaftServerImpl (ServerState.java:setRaftConf(361)) - 7354d665-2a20-43d9-a220-6cd224d5c3fe:group-C9D550F9B02A set configuration 0: [7354d665-2a20-43d9-a220-6cd224d5c3fe:192.168.5.132:32973], old=null at 0
2019-09-19 14:40:08,984 [b84a7c4a-6ef7-4bd2-bf64-eea4d8e07688:group-DEAB6AC1C231:LeaderElection29] INFO  impl.LeaderElection (LeaderElection.java:askForVotes(181)) - b84a7c4a-6ef7-4bd2-bf64-eea4d8e07688:group-DEAB6AC1C231:LeaderElection29: begin an election at term 1 for -1: [b84a7c4a-6ef7-4bd2-bf64-eea4d8e07688:192.168.5.132:41504], old=null
2019-09-19 14:40:08,985 [b84a7c4a-6ef7-4bd2-bf64-eea4d8e07688:group-DEAB6AC1C231:LeaderElection29] INFO  impl.RoleInfo (RoleInfo.java:shutdownLeaderElection(134)) - b84a7c4a-6ef7-4bd2-bf64-eea4d8e07688: shutdown LeaderElection
2019-09-19 14:40:08,985 [b84a7c4a-6ef7-4bd2-bf64-eea4d8e07688:group-DEAB6AC1C231:LeaderElection29] INFO  impl.RaftServerImpl (RaftServerImpl.java:setRole(171)) - b84a7c4a-6ef7-4bd2-bf64-eea4d8e07688:group-DEAB6AC1C231 changes role from CANDIDATE to LEADER at term 1 for changeToLeader
2019-09-19 14:40:08,985 [b84a7c4a-6ef7-4bd2-bf64-eea4d8e07688:group-DEAB6AC1C231:LeaderElection29] INFO  impl.RaftServerImpl (ServerState.java:setLeader(263)) - b84a7c4a-6ef7-4bd2-bf64-eea4d8e07688:group-DEAB6AC1C231 change Leader from null to b84a7c4a-6ef7-4bd2-bf64-eea4d8e07688 at term 1 for becomeLeader, leader elected after 5183ms
2019-09-19 14:40:08,985 [b84a7c4a-6ef7-4bd2-bf64-eea4d8e07688:group-DEAB6AC1C231:LeaderElection29] INFO  server.RaftServerConfigKeys (ConfUtils.java:logGet(43)) - raft.server.staging.catchup.gap = 1000 (default)
2019-09-19 14:40:08,986 [b84a7c4a-6ef7-4bd2-bf64-eea4d8e07688:group-DEAB6AC1C231:LeaderElection29] INFO  server.RaftServerConfigKeys (ConfUtils.java:logGet(43)) - raft.server.rpc.sleep.time = 25ms (default)
2019-09-19 14:40:08,986 [b84a7c4a-6ef7-4bd2-bf64-eea4d8e07688:group-DEAB6AC1C231:LeaderElection29] INFO  server.RaftServerConfigKeys (ConfUtils.java:logGet(43)) - raft.server.write.element-limit = 4096 (default)
2019-09-19 14:40:08,986 [b84a7c4a-6ef7-4bd2-bf64-eea4d8e07688:group-DEAB6AC1C231:LeaderElection29] INFO  server.RaftServerConfigKeys (ConfUtils.java:logGet(43)) - raft.server.watch.timeout = 10s (default)
2019-09-19 14:40:08,987 [b84a7c4a-6ef7-4bd2-bf64-eea4d8e07688:group-DEAB6AC1C231:LeaderElection29] INFO  server.RaftServerConfigKeys (ConfUtils.java:logGet(43)) - raft.server.watch.timeout.denomination = 1s (default)
2019-09-19 14:40:08,987 [b84a7c4a-6ef7-4bd2-bf64-eea4d8e07688:group-DEAB6AC1C231:LeaderElection29] INFO  server.RaftServerConfigKeys (ConfUtils.java:logGet(43)) - raft.server.watch.element-limit = 65536 (default)
2019-09-19 14:40:08,987 [b84a7c4a-6ef7-4bd2-bf64-eea4d8e07688:group-DEAB6AC1C231:LeaderElection29] INFO  impl.RoleInfo (RoleInfo.java:updateAndGet(143)) - b84a7c4a-6ef7-4bd2-bf64-eea4d8e07688: start LeaderState
2019-09-19 14:40:08,988 [b84a7c4a-6ef7-4bd2-bf64-eea4d8e07688:group-DEAB6AC1C231:LeaderElection29] INFO  segmented.SegmentedRaftLogWorker (SegmentedRaftLogWorker.java:startLogSegment(380)) - b84a7c4a-6ef7-4bd2-bf64-eea4d8e07688-SegmentedRaftLogWorker:Storage Directory /workdir/hadoop-ozone/ozonefs/target/test-dir/MiniOzoneClusterImpl-889e9801-d8cd-4d64-ad06-78e1b934daf6/datanode-6/data/ratis/f337fd6c-3741-4d75-9d4f-deab6ac1c231: Starting segment from index:0
2019-09-19 14:40:08,988 [b84a7c4a-6ef7-4bd2-bf64-eea4d8e07688:group-DEAB6AC1C231:LeaderElection29] INFO  impl.RaftServerImpl (ServerState.java:setRaftConf(361)) - b84a7c4a-6ef7-4bd2-bf64-eea4d8e07688:group-DEAB6AC1C231 set configuration 0: [b84a7c4a-6ef7-4bd2-bf64-eea4d8e07688:192.168.5.132:41504], old=null at 0
2019-09-19 14:40:09,015 [7354d665-2a20-43d9-a220-6cd224d5c3fe-SegmentedRaftLogWorker:Storage Directory /workdir/hadoop-ozone/ozonefs/target/test-dir/MiniOzoneClusterImpl-889e9801-d8cd-4d64-ad06-78e1b934daf6/datanode-3/data/ratis/2ae7cdbe-028a-42e0-82a1-c9d550f9b02a] INFO  segmented.SegmentedRaftLogWorker (SegmentedRaftLogWorker.java:execute(569)) - 7354d665-2a20-43d9-a220-6cd224d5c3fe-SegmentedRaftLogWorker:Storage Directory /workdir/hadoop-ozone/ozonefs/target/test-dir/MiniOzoneClusterImpl-889e9801-d8cd-4d64-ad06-78e1b934daf6/datanode-3/data/ratis/2ae7cdbe-028a-42e0-82a1-c9d550f9b02a: created new log segment /workdir/hadoop-ozone/ozonefs/target/test-dir/MiniOzoneClusterImpl-889e9801-d8cd-4d64-ad06-78e1b934daf6/datanode-3/data/ratis/2ae7cdbe-028a-42e0-82a1-c9d550f9b02a/current/log_inprogress_0
2019-09-19 14:40:09,027 | INFO  | SCMAudit | user=jenkins1000 | ip=192.168.5.132 | op=SEND_HEARTBEAT {datanodeUUID=b84a7c4a-6ef7-4bd2-bf64-eea4d8e07688, command=[]} | ret=SUCCESS |  
2019-09-19 14:40:09,044 [Thread-375] INFO  impl.FollowerState (FollowerState.java:run(106)) - 7354d665-2a20-43d9-a220-6cd224d5c3fe:group-08ED4D1C5B80 changes to CANDIDATE, lastRpcTime:5162, electionTimeout:5162ms
2019-09-19 14:40:09,045 [Thread-375] INFO  impl.RoleInfo (RoleInfo.java:shutdownFollowerState(121)) - 7354d665-2a20-43d9-a220-6cd224d5c3fe: shutdown FollowerState
2019-09-19 14:40:09,045 [Thread-375] INFO  impl.RaftServerImpl (RaftServerImpl.java:setRole(171)) - 7354d665-2a20-43d9-a220-6cd224d5c3fe:group-08ED4D1C5B80 changes role from FOLLOWER to CANDIDATE at term 0 for changeToCandidate
2019-09-19 14:40:09,045 [Thread-375] INFO  impl.RoleInfo (RoleInfo.java:updateAndGet(143)) - 7354d665-2a20-43d9-a220-6cd224d5c3fe: start LeaderElection
2019-09-19 14:40:09,048 [b84a7c4a-6ef7-4bd2-bf64-eea4d8e07688-SegmentedRaftLogWorker:Storage Directory /workdir/hadoop-ozone/ozonefs/target/test-dir/MiniOzoneClusterImpl-889e9801-d8cd-4d64-ad06-78e1b934daf6/datanode-6/data/ratis/f337fd6c-3741-4d75-9d4f-deab6ac1c231] INFO  segmented.SegmentedRaftLogWorker (SegmentedRaftLogWorker.java:execute(569)) - b84a7c4a-6ef7-4bd2-bf64-eea4d8e07688-SegmentedRaftLogWorker:Storage Directory /workdir/hadoop-ozone/ozonefs/target/test-dir/MiniOzoneClusterImpl-889e9801-d8cd-4d64-ad06-78e1b934daf6/datanode-6/data/ratis/f337fd6c-3741-4d75-9d4f-deab6ac1c231: created new log segment /workdir/hadoop-ozone/ozonefs/target/test-dir/MiniOzoneClusterImpl-889e9801-d8cd-4d64-ad06-78e1b934daf6/datanode-6/data/ratis/f337fd6c-3741-4d75-9d4f-deab6ac1c231/current/log_inprogress_0
2019-09-19 14:40:09,063 [7354d665-2a20-43d9-a220-6cd224d5c3fe:group-08ED4D1C5B80:LeaderElection30] INFO  impl.LeaderElection (LeaderElection.java:askForVotes(181)) - 7354d665-2a20-43d9-a220-6cd224d5c3fe:group-08ED4D1C5B80:LeaderElection30: begin an election at term 1 for -1: [7354d665-2a20-43d9-a220-6cd224d5c3fe:192.168.5.132:32973], old=null
2019-09-19 14:40:09,063 [7354d665-2a20-43d9-a220-6cd224d5c3fe:group-08ED4D1C5B80:LeaderElection30] INFO  impl.RoleInfo (RoleInfo.java:shutdownLeaderElection(134)) - 7354d665-2a20-43d9-a220-6cd224d5c3fe: shutdown LeaderElection
2019-09-19 14:40:09,063 [7354d665-2a20-43d9-a220-6cd224d5c3fe:group-08ED4D1C5B80:LeaderElection30] INFO  impl.RaftServerImpl (RaftServerImpl.java:setRole(171)) - 7354d665-2a20-43d9-a220-6cd224d5c3fe:group-08ED4D1C5B80 changes role from CANDIDATE to LEADER at term 1 for changeToLeader
2019-09-19 14:40:09,063 [7354d665-2a20-43d9-a220-6cd224d5c3fe:group-08ED4D1C5B80:LeaderElection30] INFO  impl.RaftServerImpl (ServerState.java:setLeader(263)) - 7354d665-2a20-43d9-a220-6cd224d5c3fe:group-08ED4D1C5B80 change Leader from null to 7354d665-2a20-43d9-a220-6cd224d5c3fe at term 1 for becomeLeader, leader elected after 5185ms
2019-09-19 14:40:09,063 [7354d665-2a20-43d9-a220-6cd224d5c3fe:group-08ED4D1C5B80:LeaderElection30] INFO  server.RaftServerConfigKeys (ConfUtils.java:logGet(43)) - raft.server.staging.catchup.gap = 1000 (default)
2019-09-19 14:40:09,064 [7354d665-2a20-43d9-a220-6cd224d5c3fe:group-08ED4D1C5B80:LeaderElection30] INFO  server.RaftServerConfigKeys (ConfUtils.java:logGet(43)) - raft.server.rpc.sleep.time = 25ms (default)
2019-09-19 14:40:09,064 [7354d665-2a20-43d9-a220-6cd224d5c3fe:group-08ED4D1C5B80:LeaderElection30] INFO  server.RaftServerConfigKeys (ConfUtils.java:logGet(43)) - raft.server.write.element-limit = 4096 (default)
2019-09-19 14:40:09,064 [7354d665-2a20-43d9-a220-6cd224d5c3fe:group-08ED4D1C5B80:LeaderElection30] INFO  server.RaftServerConfigKeys (ConfUtils.java:logGet(43)) - raft.server.watch.timeout = 10s (default)
2019-09-19 14:40:09,064 [7354d665-2a20-43d9-a220-6cd224d5c3fe:group-08ED4D1C5B80:LeaderElection30] INFO  server.RaftServerConfigKeys (ConfUtils.java:logGet(43)) - raft.server.watch.timeout.denomination = 1s (default)
2019-09-19 14:40:09,064 [7354d665-2a20-43d9-a220-6cd224d5c3fe:group-08ED4D1C5B80:LeaderElection30] INFO  server.RaftServerConfigKeys (ConfUtils.java:logGet(43)) - raft.server.watch.element-limit = 65536 (default)
2019-09-19 14:40:09,064 [7354d665-2a20-43d9-a220-6cd224d5c3fe:group-08ED4D1C5B80:LeaderElection30] INFO  impl.RoleInfo (RoleInfo.java:updateAndGet(143)) - 7354d665-2a20-43d9-a220-6cd224d5c3fe: start LeaderState
2019-09-19 14:40:09,065 [7354d665-2a20-43d9-a220-6cd224d5c3fe:group-08ED4D1C5B80:LeaderElection30] INFO  segmented.SegmentedRaftLogWorker (SegmentedRaftLogWorker.java:startLogSegment(380)) - 7354d665-2a20-43d9-a220-6cd224d5c3fe-SegmentedRaftLogWorker:Storage Directory /workdir/hadoop-ozone/ozonefs/target/test-dir/MiniOzoneClusterImpl-889e9801-d8cd-4d64-ad06-78e1b934daf6/datanode-3/data/ratis/9ed11ed8-becb-4865-9a10-08ed4d1c5b80: Starting segment from index:0
2019-09-19 14:40:09,065 [7354d665-2a20-43d9-a220-6cd224d5c3fe:group-08ED4D1C5B80:LeaderElection30] INFO  impl.RaftServerImpl (ServerState.java:setRaftConf(361)) - 7354d665-2a20-43d9-a220-6cd224d5c3fe:group-08ED4D1C5B80 set configuration 0: [7354d665-2a20-43d9-a220-6cd224d5c3fe:192.168.5.132:32973], old=null at 0
2019-09-19 14:40:09,114 [7354d665-2a20-43d9-a220-6cd224d5c3fe-SegmentedRaftLogWorker:Storage Directory /workdir/hadoop-ozone/ozonefs/target/test-dir/MiniOzoneClusterImpl-889e9801-d8cd-4d64-ad06-78e1b934daf6/datanode-3/data/ratis/9ed11ed8-becb-4865-9a10-08ed4d1c5b80] INFO  segmented.SegmentedRaftLogWorker (SegmentedRaftLogWorker.java:execute(569)) - 7354d665-2a20-43d9-a220-6cd224d5c3fe-SegmentedRaftLogWorker:Storage Directory /workdir/hadoop-ozone/ozonefs/target/test-dir/MiniOzoneClusterImpl-889e9801-d8cd-4d64-ad06-78e1b934daf6/datanode-3/data/ratis/9ed11ed8-becb-4865-9a10-08ed4d1c5b80: created new log segment /workdir/hadoop-ozone/ozonefs/target/test-dir/MiniOzoneClusterImpl-889e9801-d8cd-4d64-ad06-78e1b934daf6/datanode-3/data/ratis/9ed11ed8-becb-4865-9a10-08ed4d1c5b80/current/log_inprogress_0
2019-09-19 14:40:09,123 [Thread-378] INFO  impl.FollowerState (FollowerState.java:run(106)) - 6aa361a5-10ee-4e6c-9990-87c23e670156:group-4C8FEBBF91FA changes to CANDIDATE, lastRpcTime:5164, electionTimeout:5164ms
2019-09-19 14:40:09,123 [Thread-378] INFO  impl.RoleInfo (RoleInfo.java:shutdownFollowerState(121)) - 6aa361a5-10ee-4e6c-9990-87c23e670156: shutdown FollowerState
2019-09-19 14:40:09,123 [Thread-378] INFO  impl.RaftServerImpl (RaftServerImpl.java:setRole(171)) - 6aa361a5-10ee-4e6c-9990-87c23e670156:group-4C8FEBBF91FA changes role from FOLLOWER to CANDIDATE at term 0 for changeToCandidate
2019-09-19 14:40:09,123 [Thread-378] INFO  impl.RoleInfo (RoleInfo.java:updateAndGet(143)) - 6aa361a5-10ee-4e6c-9990-87c23e670156: start LeaderElection
2019-09-19 14:40:09,161 [Thread-384] INFO  impl.FollowerState (FollowerState.java:run(106)) - cda53276-4c02-47df-9243-aafa1631e748:group-C483CF7DDE99 changes to CANDIDATE, lastRpcTime:5034, electionTimeout:5034ms
2019-09-19 14:40:09,161 [Thread-384] INFO  impl.RoleInfo (RoleInfo.java:shutdownFollowerState(121)) - cda53276-4c02-47df-9243-aafa1631e748: shutdown FollowerState
2019-09-19 14:40:09,161 [Thread-384] INFO  impl.RaftServerImpl (RaftServerImpl.java:setRole(171)) - cda53276-4c02-47df-9243-aafa1631e748:group-C483CF7DDE99 changes role from FOLLOWER to CANDIDATE at term 0 for changeToCandidate
2019-09-19 14:40:09,161 [Thread-384] INFO  impl.RoleInfo (RoleInfo.java:updateAndGet(143)) - cda53276-4c02-47df-9243-aafa1631e748: start LeaderElection
2019-09-19 14:40:09,182 [Thread-381] INFO  impl.FollowerState (FollowerState.java:run(106)) - 7354d665-2a20-43d9-a220-6cd224d5c3fe:group-375B323AC00C changes to CANDIDATE, lastRpcTime:5138, electionTimeout:5138ms
2019-09-19 14:40:09,182 [Thread-381] INFO  impl.RoleInfo (RoleInfo.java:shutdownFollowerState(121)) - 7354d665-2a20-43d9-a220-6cd224d5c3fe: shutdown FollowerState
2019-09-19 14:40:09,182 [Thread-381] INFO  impl.RaftServerImpl (RaftServerImpl.java:setRole(171)) - 7354d665-2a20-43d9-a220-6cd224d5c3fe:group-375B323AC00C changes role from FOLLOWER to CANDIDATE at term 0 for changeToCandidate
2019-09-19 14:40:09,183 [Thread-381] INFO  impl.RoleInfo (RoleInfo.java:updateAndGet(143)) - 7354d665-2a20-43d9-a220-6cd224d5c3fe: start LeaderElection
2019-09-19 14:40:09,211 [6aa361a5-10ee-4e6c-9990-87c23e670156:group-4C8FEBBF91FA:LeaderElection31] INFO  impl.LeaderElection (LeaderElection.java:askForVotes(181)) - 6aa361a5-10ee-4e6c-9990-87c23e670156:group-4C8FEBBF91FA:LeaderElection31: begin an election at term 1 for -1: [6aa361a5-10ee-4e6c-9990-87c23e670156:192.168.5.132:41011], old=null
2019-09-19 14:40:09,211 [6aa361a5-10ee-4e6c-9990-87c23e670156:group-4C8FEBBF91FA:LeaderElection31] INFO  impl.RoleInfo (RoleInfo.java:shutdownLeaderElection(134)) - 6aa361a5-10ee-4e6c-9990-87c23e670156: shutdown LeaderElection
2019-09-19 14:40:09,211 [6aa361a5-10ee-4e6c-9990-87c23e670156:group-4C8FEBBF91FA:LeaderElection31] INFO  impl.RaftServerImpl (RaftServerImpl.java:setRole(171)) - 6aa361a5-10ee-4e6c-9990-87c23e670156:group-4C8FEBBF91FA changes role from CANDIDATE to LEADER at term 1 for changeToLeader
2019-09-19 14:40:09,211 [6aa361a5-10ee-4e6c-9990-87c23e670156:group-4C8FEBBF91FA:LeaderElection31] INFO  impl.RaftServerImpl (ServerState.java:setLeader(263)) - 6aa361a5-10ee-4e6c-9990-87c23e670156:group-4C8FEBBF91FA change Leader from null to 6aa361a5-10ee-4e6c-9990-87c23e670156 at term 1 for becomeLeader, leader elected after 5257ms
2019-09-19 14:40:09,211 [6aa361a5-10ee-4e6c-9990-87c23e670156:group-4C8FEBBF91FA:LeaderElection31] INFO  server.RaftServerConfigKeys (ConfUtils.java:logGet(43)) - raft.server.staging.catchup.gap = 1000 (default)
2019-09-19 14:40:09,211 [6aa361a5-10ee-4e6c-9990-87c23e670156:group-4C8FEBBF91FA:LeaderElection31] INFO  server.RaftServerConfigKeys (ConfUtils.java:logGet(43)) - raft.server.rpc.sleep.time = 25ms (default)
2019-09-19 14:40:09,211 [6aa361a5-10ee-4e6c-9990-87c23e670156:group-4C8FEBBF91FA:LeaderElection31] INFO  server.RaftServerConfigKeys (ConfUtils.java:logGet(43)) - raft.server.write.element-limit = 4096 (default)
2019-09-19 14:40:09,212 [6aa361a5-10ee-4e6c-9990-87c23e670156:group-4C8FEBBF91FA:LeaderElection31] INFO  server.RaftServerConfigKeys (ConfUtils.java:logGet(43)) - raft.server.watch.timeout = 10s (default)
2019-09-19 14:40:09,212 [6aa361a5-10ee-4e6c-9990-87c23e670156:group-4C8FEBBF91FA:LeaderElection31] INFO  server.RaftServerConfigKeys (ConfUtils.java:logGet(43)) - raft.server.watch.timeout.denomination = 1s (default)
2019-09-19 14:40:09,212 [6aa361a5-10ee-4e6c-9990-87c23e670156:group-4C8FEBBF91FA:LeaderElection31] INFO  server.RaftServerConfigKeys (ConfUtils.java:logGet(43)) - raft.server.watch.element-limit = 65536 (default)
2019-09-19 14:40:09,212 [6aa361a5-10ee-4e6c-9990-87c23e670156:group-4C8FEBBF91FA:LeaderElection31] INFO  impl.RoleInfo (RoleInfo.java:updateAndGet(143)) - 6aa361a5-10ee-4e6c-9990-87c23e670156: start LeaderState
2019-09-19 14:40:09,212 [6aa361a5-10ee-4e6c-9990-87c23e670156:group-4C8FEBBF91FA:LeaderElection31] INFO  segmented.SegmentedRaftLogWorker (SegmentedRaftLogWorker.java:startLogSegment(380)) - 6aa361a5-10ee-4e6c-9990-87c23e670156-SegmentedRaftLogWorker:Storage Directory /workdir/hadoop-ozone/ozonefs/target/test-dir/MiniOzoneClusterImpl-889e9801-d8cd-4d64-ad06-78e1b934daf6/datanode-4/data/ratis/aa2ee715-f3dc-42ff-b7fe-4c8febbf91fa: Starting segment from index:0
2019-09-19 14:40:09,213 [6aa361a5-10ee-4e6c-9990-87c23e670156:group-4C8FEBBF91FA:LeaderElection31] INFO  impl.RaftServerImpl (ServerState.java:setRaftConf(361)) - 6aa361a5-10ee-4e6c-9990-87c23e670156:group-4C8FEBBF91FA set configuration 0: [6aa361a5-10ee-4e6c-9990-87c23e670156:192.168.5.132:41011], old=null at 0
2019-09-19 14:40:09,245 [7354d665-2a20-43d9-a220-6cd224d5c3fe:group-375B323AC00C:LeaderElection33] INFO  impl.LeaderElection (LeaderElection.java:askForVotes(181)) - 7354d665-2a20-43d9-a220-6cd224d5c3fe:group-375B323AC00C:LeaderElection33: begin an election at term 1 for -1: [7354d665-2a20-43d9-a220-6cd224d5c3fe:192.168.5.132:32973], old=null
2019-09-19 14:40:09,245 [cda53276-4c02-47df-9243-aafa1631e748:group-C483CF7DDE99:LeaderElection32] INFO  impl.LeaderElection (LeaderElection.java:askForVotes(181)) - cda53276-4c02-47df-9243-aafa1631e748:group-C483CF7DDE99:LeaderElection32: begin an election at term 1 for -1: [cda53276-4c02-47df-9243-aafa1631e748:192.168.5.132:44276], old=null
2019-09-19 14:40:09,245 [7354d665-2a20-43d9-a220-6cd224d5c3fe:group-375B323AC00C:LeaderElection33] INFO  impl.RoleInfo (RoleInfo.java:shutdownLeaderElection(134)) - 7354d665-2a20-43d9-a220-6cd224d5c3fe: shutdown LeaderElection
2019-09-19 14:40:09,245 [cda53276-4c02-47df-9243-aafa1631e748:group-C483CF7DDE99:LeaderElection32] INFO  impl.RoleInfo (RoleInfo.java:shutdownLeaderElection(134)) - cda53276-4c02-47df-9243-aafa1631e748: shutdown LeaderElection
2019-09-19 14:40:09,245 [7354d665-2a20-43d9-a220-6cd224d5c3fe:group-375B323AC00C:LeaderElection33] INFO  impl.RaftServerImpl (RaftServerImpl.java:setRole(171)) - 7354d665-2a20-43d9-a220-6cd224d5c3fe:group-375B323AC00C changes role from CANDIDATE to LEADER at term 1 for changeToLeader
2019-09-19 14:40:09,245 [cda53276-4c02-47df-9243-aafa1631e748:group-C483CF7DDE99:LeaderElection32] INFO  impl.RaftServerImpl (RaftServerImpl.java:setRole(171)) - cda53276-4c02-47df-9243-aafa1631e748:group-C483CF7DDE99 changes role from CANDIDATE to LEADER at term 1 for changeToLeader
2019-09-19 14:40:09,245 [7354d665-2a20-43d9-a220-6cd224d5c3fe:group-375B323AC00C:LeaderElection33] INFO  impl.RaftServerImpl (ServerState.java:setLeader(263)) - 7354d665-2a20-43d9-a220-6cd224d5c3fe:group-375B323AC00C change Leader from null to 7354d665-2a20-43d9-a220-6cd224d5c3fe at term 1 for becomeLeader, leader elected after 5207ms
2019-09-19 14:40:09,246 [cda53276-4c02-47df-9243-aafa1631e748:group-C483CF7DDE99:LeaderElection32] INFO  impl.RaftServerImpl (ServerState.java:setLeader(263)) - cda53276-4c02-47df-9243-aafa1631e748:group-C483CF7DDE99 change Leader from null to cda53276-4c02-47df-9243-aafa1631e748 at term 1 for becomeLeader, leader elected after 5123ms
2019-09-19 14:40:09,246 [7354d665-2a20-43d9-a220-6cd224d5c3fe:group-375B323AC00C:LeaderElection33] INFO  server.RaftServerConfigKeys (ConfUtils.java:logGet(43)) - raft.server.staging.catchup.gap = 1000 (default)
2019-09-19 14:40:09,246 [cda53276-4c02-47df-9243-aafa1631e748:group-C483CF7DDE99:LeaderElection32] INFO  server.RaftServerConfigKeys (ConfUtils.java:logGet(43)) - raft.server.staging.catchup.gap = 1000 (default)
2019-09-19 14:40:09,246 [7354d665-2a20-43d9-a220-6cd224d5c3fe:group-375B323AC00C:LeaderElection33] INFO  server.RaftServerConfigKeys (ConfUtils.java:logGet(43)) - raft.server.rpc.sleep.time = 25ms (default)
2019-09-19 14:40:09,246 [cda53276-4c02-47df-9243-aafa1631e748:group-C483CF7DDE99:LeaderElection32] INFO  server.RaftServerConfigKeys (ConfUtils.java:logGet(43)) - raft.server.rpc.sleep.time = 25ms (default)
2019-09-19 14:40:09,246 [7354d665-2a20-43d9-a220-6cd224d5c3fe:group-375B323AC00C:LeaderElection33] INFO  server.RaftServerConfigKeys (ConfUtils.java:logGet(43)) - raft.server.write.element-limit = 4096 (default)
2019-09-19 14:40:09,246 [cda53276-4c02-47df-9243-aafa1631e748:group-C483CF7DDE99:LeaderElection32] INFO  server.RaftServerConfigKeys (ConfUtils.java:logGet(43)) - raft.server.write.element-limit = 4096 (default)
2019-09-19 14:40:09,247 [7354d665-2a20-43d9-a220-6cd224d5c3fe:group-375B323AC00C:LeaderElection33] INFO  server.RaftServerConfigKeys (ConfUtils.java:logGet(43)) - raft.server.watch.timeout = 10s (default)
2019-09-19 14:40:09,247 [cda53276-4c02-47df-9243-aafa1631e748:group-C483CF7DDE99:LeaderElection32] INFO  server.RaftServerConfigKeys (ConfUtils.java:logGet(43)) - raft.server.watch.timeout = 10s (default)
2019-09-19 14:40:09,247 [7354d665-2a20-43d9-a220-6cd224d5c3fe:group-375B323AC00C:LeaderElection33] INFO  server.RaftServerConfigKeys (ConfUtils.java:logGet(43)) - raft.server.watch.timeout.denomination = 1s (default)
2019-09-19 14:40:09,247 [cda53276-4c02-47df-9243-aafa1631e748:group-C483CF7DDE99:LeaderElection32] INFO  server.RaftServerConfigKeys (ConfUtils.java:logGet(43)) - raft.server.watch.timeout.denomination = 1s (default)
2019-09-19 14:40:09,247 [7354d665-2a20-43d9-a220-6cd224d5c3fe:group-375B323AC00C:LeaderElection33] INFO  server.RaftServerConfigKeys (ConfUtils.java:logGet(43)) - raft.server.watch.element-limit = 65536 (default)
2019-09-19 14:40:09,247 [cda53276-4c02-47df-9243-aafa1631e748:group-C483CF7DDE99:LeaderElection32] INFO  server.RaftServerConfigKeys (ConfUtils.java:logGet(43)) - raft.server.watch.element-limit = 65536 (default)
2019-09-19 14:40:09,247 [7354d665-2a20-43d9-a220-6cd224d5c3fe:group-375B323AC00C:LeaderElection33] INFO  impl.RoleInfo (RoleInfo.java:updateAndGet(143)) - 7354d665-2a20-43d9-a220-6cd224d5c3fe: start LeaderState
2019-09-19 14:40:09,247 [cda53276-4c02-47df-9243-aafa1631e748:group-C483CF7DDE99:LeaderElection32] INFO  impl.RoleInfo (RoleInfo.java:updateAndGet(143)) - cda53276-4c02-47df-9243-aafa1631e748: start LeaderState
2019-09-19 14:40:09,248 [7354d665-2a20-43d9-a220-6cd224d5c3fe:group-375B323AC00C:LeaderElection33] INFO  segmented.SegmentedRaftLogWorker (SegmentedRaftLogWorker.java:startLogSegment(380)) - 7354d665-2a20-43d9-a220-6cd224d5c3fe-SegmentedRaftLogWorker:Storage Directory /workdir/hadoop-ozone/ozonefs/target/test-dir/MiniOzoneClusterImpl-889e9801-d8cd-4d64-ad06-78e1b934daf6/datanode-3/data/ratis/d607064e-0017-475e-bee3-375b323ac00c: Starting segment from index:0
2019-09-19 14:40:09,248 [cda53276-4c02-47df-9243-aafa1631e748:group-C483CF7DDE99:LeaderElection32] INFO  segmented.SegmentedRaftLogWorker (SegmentedRaftLogWorker.java:startLogSegment(380)) - cda53276-4c02-47df-9243-aafa1631e748-SegmentedRaftLogWorker:Storage Directory /workdir/hadoop-ozone/ozonefs/target/test-dir/MiniOzoneClusterImpl-889e9801-d8cd-4d64-ad06-78e1b934daf6/datanode-2/data/ratis/08e61562-47cc-4e16-80de-c483cf7dde99: Starting segment from index:0
2019-09-19 14:40:09,248 [7354d665-2a20-43d9-a220-6cd224d5c3fe:group-375B323AC00C:LeaderElection33] INFO  impl.RaftServerImpl (ServerState.java:setRaftConf(361)) - 7354d665-2a20-43d9-a220-6cd224d5c3fe:group-375B323AC00C set configuration 0: [7354d665-2a20-43d9-a220-6cd224d5c3fe:192.168.5.132:32973], old=null at 0
2019-09-19 14:40:09,248 | INFO  | SCMAudit | user=jenkins1000 | ip=192.168.5.132 | op=SEND_HEARTBEAT {datanodeUUID=a1dec692-f01d-4dc4-b8c6-c1af31f4a539, command=[]} | ret=SUCCESS |  
2019-09-19 14:40:09,252 [cda53276-4c02-47df-9243-aafa1631e748:group-C483CF7DDE99:LeaderElection32] INFO  impl.RaftServerImpl (ServerState.java:setRaftConf(361)) - cda53276-4c02-47df-9243-aafa1631e748:group-C483CF7DDE99 set configuration 0: [cda53276-4c02-47df-9243-aafa1631e748:192.168.5.132:44276], old=null at 0
2019-09-19 14:40:09,260 [6aa361a5-10ee-4e6c-9990-87c23e670156-SegmentedRaftLogWorker:Storage Directory /workdir/hadoop-ozone/ozonefs/target/test-dir/MiniOzoneClusterImpl-889e9801-d8cd-4d64-ad06-78e1b934daf6/datanode-4/data/ratis/aa2ee715-f3dc-42ff-b7fe-4c8febbf91fa] INFO  segmented.SegmentedRaftLogWorker (SegmentedRaftLogWorker.java:execute(569)) - 6aa361a5-10ee-4e6c-9990-87c23e670156-SegmentedRaftLogWorker:Storage Directory /workdir/hadoop-ozone/ozonefs/target/test-dir/MiniOzoneClusterImpl-889e9801-d8cd-4d64-ad06-78e1b934daf6/datanode-4/data/ratis/aa2ee715-f3dc-42ff-b7fe-4c8febbf91fa: created new log segment /workdir/hadoop-ozone/ozonefs/target/test-dir/MiniOzoneClusterImpl-889e9801-d8cd-4d64-ad06-78e1b934daf6/datanode-4/data/ratis/aa2ee715-f3dc-42ff-b7fe-4c8febbf91fa/current/log_inprogress_0
2019-09-19 14:40:09,280 | INFO  | SCMAudit | user=jenkins1000 | ip=192.168.5.132 | op=SEND_HEARTBEAT {datanodeUUID=f70b6c3b-be29-4a26-a238-fb2d839120cd, command=[]} | ret=SUCCESS |  
2019-09-19 14:40:09,302 [7354d665-2a20-43d9-a220-6cd224d5c3fe-SegmentedRaftLogWorker:Storage Directory /workdir/hadoop-ozone/ozonefs/target/test-dir/MiniOzoneClusterImpl-889e9801-d8cd-4d64-ad06-78e1b934daf6/datanode-3/data/ratis/d607064e-0017-475e-bee3-375b323ac00c] INFO  segmented.SegmentedRaftLogWorker (SegmentedRaftLogWorker.java:execute(569)) - 7354d665-2a20-43d9-a220-6cd224d5c3fe-SegmentedRaftLogWorker:Storage Directory /workdir/hadoop-ozone/ozonefs/target/test-dir/MiniOzoneClusterImpl-889e9801-d8cd-4d64-ad06-78e1b934daf6/datanode-3/data/ratis/d607064e-0017-475e-bee3-375b323ac00c: created new log segment /workdir/hadoop-ozone/ozonefs/target/test-dir/MiniOzoneClusterImpl-889e9801-d8cd-4d64-ad06-78e1b934daf6/datanode-3/data/ratis/d607064e-0017-475e-bee3-375b323ac00c/current/log_inprogress_0
2019-09-19 14:40:09,302 [cda53276-4c02-47df-9243-aafa1631e748-SegmentedRaftLogWorker:Storage Directory /workdir/hadoop-ozone/ozonefs/target/test-dir/MiniOzoneClusterImpl-889e9801-d8cd-4d64-ad06-78e1b934daf6/datanode-2/data/ratis/08e61562-47cc-4e16-80de-c483cf7dde99] INFO  segmented.SegmentedRaftLogWorker (SegmentedRaftLogWorker.java:execute(569)) - cda53276-4c02-47df-9243-aafa1631e748-SegmentedRaftLogWorker:Storage Directory /workdir/hadoop-ozone/ozonefs/target/test-dir/MiniOzoneClusterImpl-889e9801-d8cd-4d64-ad06-78e1b934daf6/datanode-2/data/ratis/08e61562-47cc-4e16-80de-c483cf7dde99: created new log segment /workdir/hadoop-ozone/ozonefs/target/test-dir/MiniOzoneClusterImpl-889e9801-d8cd-4d64-ad06-78e1b934daf6/datanode-2/data/ratis/08e61562-47cc-4e16-80de-c483cf7dde99/current/log_inprogress_0
2019-09-19 14:40:09,307 [Thread-387] INFO  impl.FollowerState (FollowerState.java:run(106)) - cda53276-4c02-47df-9243-aafa1631e748:group-F25C0518CF7D changes to CANDIDATE, lastRpcTime:5097, electionTimeout:5097ms
2019-09-19 14:40:09,307 [Thread-387] INFO  impl.RoleInfo (RoleInfo.java:shutdownFollowerState(121)) - cda53276-4c02-47df-9243-aafa1631e748: shutdown FollowerState
2019-09-19 14:40:09,307 [Thread-387] INFO  impl.RaftServerImpl (RaftServerImpl.java:setRole(171)) - cda53276-4c02-47df-9243-aafa1631e748:group-F25C0518CF7D changes role from FOLLOWER to CANDIDATE at term 0 for changeToCandidate
2019-09-19 14:40:09,307 [Thread-387] INFO  impl.RoleInfo (RoleInfo.java:updateAndGet(143)) - cda53276-4c02-47df-9243-aafa1631e748: start LeaderElection
2019-09-19 14:40:09,336 [cda53276-4c02-47df-9243-aafa1631e748:group-F25C0518CF7D:LeaderElection34] INFO  impl.LeaderElection (LeaderElection.java:askForVotes(181)) - cda53276-4c02-47df-9243-aafa1631e748:group-F25C0518CF7D:LeaderElection34: begin an election at term 1 for -1: [cda53276-4c02-47df-9243-aafa1631e748:192.168.5.132:44276], old=null
2019-09-19 14:40:09,336 [cda53276-4c02-47df-9243-aafa1631e748:group-F25C0518CF7D:LeaderElection34] INFO  impl.RoleInfo (RoleInfo.java:shutdownLeaderElection(134)) - cda53276-4c02-47df-9243-aafa1631e748: shutdown LeaderElection
2019-09-19 14:40:09,337 [cda53276-4c02-47df-9243-aafa1631e748:group-F25C0518CF7D:LeaderElection34] INFO  impl.RaftServerImpl (RaftServerImpl.java:setRole(171)) - cda53276-4c02-47df-9243-aafa1631e748:group-F25C0518CF7D changes role from CANDIDATE to LEADER at term 1 for changeToLeader
2019-09-19 14:40:09,337 [cda53276-4c02-47df-9243-aafa1631e748:group-F25C0518CF7D:LeaderElection34] INFO  impl.RaftServerImpl (ServerState.java:setLeader(263)) - cda53276-4c02-47df-9243-aafa1631e748:group-F25C0518CF7D change Leader from null to cda53276-4c02-47df-9243-aafa1631e748 at term 1 for becomeLeader, leader elected after 5130ms
2019-09-19 14:40:09,337 [cda53276-4c02-47df-9243-aafa1631e748:group-F25C0518CF7D:LeaderElection34] INFO  server.RaftServerConfigKeys (ConfUtils.java:logGet(43)) - raft.server.staging.catchup.gap = 1000 (default)
2019-09-19 14:40:09,337 [cda53276-4c02-47df-9243-aafa1631e748:group-F25C0518CF7D:LeaderElection34] INFO  server.RaftServerConfigKeys (ConfUtils.java:logGet(43)) - raft.server.rpc.sleep.time = 25ms (default)
2019-09-19 14:40:09,337 [cda53276-4c02-47df-9243-aafa1631e748:group-F25C0518CF7D:LeaderElection34] INFO  server.RaftServerConfigKeys (ConfUtils.java:logGet(43)) - raft.server.write.element-limit = 4096 (default)
2019-09-19 14:40:09,337 [cda53276-4c02-47df-9243-aafa1631e748:group-F25C0518CF7D:LeaderElection34] INFO  server.RaftServerConfigKeys (ConfUtils.java:logGet(43)) - raft.server.watch.timeout = 10s (default)
2019-09-19 14:40:09,338 [cda53276-4c02-47df-9243-aafa1631e748:group-F25C0518CF7D:LeaderElection34] INFO  server.RaftServerConfigKeys (ConfUtils.java:logGet(43)) - raft.server.watch.timeout.denomination = 1s (default)
2019-09-19 14:40:09,338 [cda53276-4c02-47df-9243-aafa1631e748:group-F25C0518CF7D:LeaderElection34] INFO  server.RaftServerConfigKeys (ConfUtils.java:logGet(43)) - raft.server.watch.element-limit = 65536 (default)
2019-09-19 14:40:09,338 [cda53276-4c02-47df-9243-aafa1631e748:group-F25C0518CF7D:LeaderElection34] INFO  impl.RoleInfo (RoleInfo.java:updateAndGet(143)) - cda53276-4c02-47df-9243-aafa1631e748: start LeaderState
2019-09-19 14:40:09,338 [cda53276-4c02-47df-9243-aafa1631e748:group-F25C0518CF7D:LeaderElection34] INFO  segmented.SegmentedRaftLogWorker (SegmentedRaftLogWorker.java:startLogSegment(380)) - cda53276-4c02-47df-9243-aafa1631e748-SegmentedRaftLogWorker:Storage Directory /workdir/hadoop-ozone/ozonefs/target/test-dir/MiniOzoneClusterImpl-889e9801-d8cd-4d64-ad06-78e1b934daf6/datanode-2/data/ratis/2f007bdb-b3c0-4af7-b062-f25c0518cf7d: Starting segment from index:0
2019-09-19 14:40:09,339 [cda53276-4c02-47df-9243-aafa1631e748:group-F25C0518CF7D:LeaderElection34] INFO  impl.RaftServerImpl (ServerState.java:setRaftConf(361)) - cda53276-4c02-47df-9243-aafa1631e748:group-F25C0518CF7D set configuration 0: [cda53276-4c02-47df-9243-aafa1631e748:192.168.5.132:44276], old=null at 0
2019-09-19 14:40:09,373 | INFO  | SCMAudit | user=jenkins1000 | ip=192.168.5.132 | op=SEND_HEARTBEAT {datanodeUUID=7354d665-2a20-43d9-a220-6cd224d5c3fe, command=[]} | ret=SUCCESS |  
2019-09-19 14:40:09,386 [cda53276-4c02-47df-9243-aafa1631e748-SegmentedRaftLogWorker:Storage Directory /workdir/hadoop-ozone/ozonefs/target/test-dir/MiniOzoneClusterImpl-889e9801-d8cd-4d64-ad06-78e1b934daf6/datanode-2/data/ratis/2f007bdb-b3c0-4af7-b062-f25c0518cf7d] INFO  segmented.SegmentedRaftLogWorker (SegmentedRaftLogWorker.java:execute(569)) - cda53276-4c02-47df-9243-aafa1631e748-SegmentedRaftLogWorker:Storage Directory /workdir/hadoop-ozone/ozonefs/target/test-dir/MiniOzoneClusterImpl-889e9801-d8cd-4d64-ad06-78e1b934daf6/datanode-2/data/ratis/2f007bdb-b3c0-4af7-b062-f25c0518cf7d: created new log segment /workdir/hadoop-ozone/ozonefs/target/test-dir/MiniOzoneClusterImpl-889e9801-d8cd-4d64-ad06-78e1b934daf6/datanode-2/data/ratis/2f007bdb-b3c0-4af7-b062-f25c0518cf7d/current/log_inprogress_0
2019-09-19 14:40:09,465 | INFO  | SCMAudit | user=jenkins1000 | ip=192.168.5.132 | op=SEND_HEARTBEAT {datanodeUUID=7bfd0aba-89d9-48be-a848-6a4500b14ddf, command=[]} | ret=SUCCESS |  
2019-09-19 14:40:09,466 [Thread-390] INFO  impl.FollowerState (FollowerState.java:run(106)) - 7bfd0aba-89d9-48be-a848-6a4500b14ddf:group-AE278FE05521 changes to CANDIDATE, lastRpcTime:5170, electionTimeout:5170ms
2019-09-19 14:40:09,466 [Thread-390] INFO  impl.RoleInfo (RoleInfo.java:shutdownFollowerState(121)) - 7bfd0aba-89d9-48be-a848-6a4500b14ddf: shutdown FollowerState
2019-09-19 14:40:09,466 [Thread-390] INFO  impl.RaftServerImpl (RaftServerImpl.java:setRole(171)) - 7bfd0aba-89d9-48be-a848-6a4500b14ddf:group-AE278FE05521 changes role from FOLLOWER to CANDIDATE at term 0 for changeToCandidate
2019-09-19 14:40:09,466 [Thread-390] INFO  impl.RoleInfo (RoleInfo.java:updateAndGet(143)) - 7bfd0aba-89d9-48be-a848-6a4500b14ddf: start LeaderElection
2019-09-19 14:40:09,493 [7bfd0aba-89d9-48be-a848-6a4500b14ddf:group-AE278FE05521:LeaderElection35] INFO  impl.LeaderElection (LeaderElection.java:askForVotes(181)) - 7bfd0aba-89d9-48be-a848-6a4500b14ddf:group-AE278FE05521:LeaderElection35: begin an election at term 1 for -1: [7bfd0aba-89d9-48be-a848-6a4500b14ddf:192.168.5.132:45019], old=null
2019-09-19 14:40:09,494 [7bfd0aba-89d9-48be-a848-6a4500b14ddf:group-AE278FE05521:LeaderElection35] INFO  impl.RoleInfo (RoleInfo.java:shutdownLeaderElection(134)) - 7bfd0aba-89d9-48be-a848-6a4500b14ddf: shutdown LeaderElection
2019-09-19 14:40:09,494 [7bfd0aba-89d9-48be-a848-6a4500b14ddf:group-AE278FE05521:LeaderElection35] INFO  impl.RaftServerImpl (RaftServerImpl.java:setRole(171)) - 7bfd0aba-89d9-48be-a848-6a4500b14ddf:group-AE278FE05521 changes role from CANDIDATE to LEADER at term 1 for changeToLeader
2019-09-19 14:40:09,494 [7bfd0aba-89d9-48be-a848-6a4500b14ddf:group-AE278FE05521:LeaderElection35] INFO  impl.RaftServerImpl (ServerState.java:setLeader(263)) - 7bfd0aba-89d9-48be-a848-6a4500b14ddf:group-AE278FE05521 change Leader from null to 7bfd0aba-89d9-48be-a848-6a4500b14ddf at term 1 for becomeLeader, leader elected after 5203ms
2019-09-19 14:40:09,494 [7bfd0aba-89d9-48be-a848-6a4500b14ddf:group-AE278FE05521:LeaderElection35] INFO  server.RaftServerConfigKeys (ConfUtils.java:logGet(43)) - raft.server.staging.catchup.gap = 1000 (default)
2019-09-19 14:40:09,494 [7bfd0aba-89d9-48be-a848-6a4500b14ddf:group-AE278FE05521:LeaderElection35] INFO  server.RaftServerConfigKeys (ConfUtils.java:logGet(43)) - raft.server.rpc.sleep.time = 25ms (default)
2019-09-19 14:40:09,495 [7bfd0aba-89d9-48be-a848-6a4500b14ddf:group-AE278FE05521:LeaderElection35] INFO  server.RaftServerConfigKeys (ConfUtils.java:logGet(43)) - raft.server.write.element-limit = 4096 (default)
2019-09-19 14:40:09,495 [7bfd0aba-89d9-48be-a848-6a4500b14ddf:group-AE278FE05521:LeaderElection35] INFO  server.RaftServerConfigKeys (ConfUtils.java:logGet(43)) - raft.server.watch.timeout = 10s (default)
2019-09-19 14:40:09,495 [7bfd0aba-89d9-48be-a848-6a4500b14ddf:group-AE278FE05521:LeaderElection35] INFO  server.RaftServerConfigKeys (ConfUtils.java:logGet(43)) - raft.server.watch.timeout.denomination = 1s (default)
2019-09-19 14:40:09,495 [7bfd0aba-89d9-48be-a848-6a4500b14ddf:group-AE278FE05521:LeaderElection35] INFO  server.RaftServerConfigKeys (ConfUtils.java:logGet(43)) - raft.server.watch.element-limit = 65536 (default)
2019-09-19 14:40:09,495 [7bfd0aba-89d9-48be-a848-6a4500b14ddf:group-AE278FE05521:LeaderElection35] INFO  impl.RoleInfo (RoleInfo.java:updateAndGet(143)) - 7bfd0aba-89d9-48be-a848-6a4500b14ddf: start LeaderState
2019-09-19 14:40:09,496 [7bfd0aba-89d9-48be-a848-6a4500b14ddf:group-AE278FE05521:LeaderElection35] INFO  segmented.SegmentedRaftLogWorker (SegmentedRaftLogWorker.java:startLogSegment(380)) - 7bfd0aba-89d9-48be-a848-6a4500b14ddf-SegmentedRaftLogWorker:Storage Directory /workdir/hadoop-ozone/ozonefs/target/test-dir/MiniOzoneClusterImpl-889e9801-d8cd-4d64-ad06-78e1b934daf6/datanode-8/data/ratis/5e1ca417-a893-4a27-b4b2-ae278fe05521: Starting segment from index:0
2019-09-19 14:40:09,496 [7bfd0aba-89d9-48be-a848-6a4500b14ddf:group-AE278FE05521:LeaderElection35] INFO  impl.RaftServerImpl (ServerState.java:setRaftConf(361)) - 7bfd0aba-89d9-48be-a848-6a4500b14ddf:group-AE278FE05521 set configuration 0: [7bfd0aba-89d9-48be-a848-6a4500b14ddf:192.168.5.132:45019], old=null at 0
2019-09-19 14:40:09,538 | INFO  | SCMAudit | user=jenkins1000 | ip=192.168.5.132 | op=SEND_HEARTBEAT {datanodeUUID=6aa361a5-10ee-4e6c-9990-87c23e670156, command=[]} | ret=SUCCESS |  
2019-09-19 14:40:09,568 [7bfd0aba-89d9-48be-a848-6a4500b14ddf-SegmentedRaftLogWorker:Storage Directory /workdir/hadoop-ozone/ozonefs/target/test-dir/MiniOzoneClusterImpl-889e9801-d8cd-4d64-ad06-78e1b934daf6/datanode-8/data/ratis/5e1ca417-a893-4a27-b4b2-ae278fe05521] INFO  segmented.SegmentedRaftLogWorker (SegmentedRaftLogWorker.java:execute(569)) - 7bfd0aba-89d9-48be-a848-6a4500b14ddf-SegmentedRaftLogWorker:Storage Directory /workdir/hadoop-ozone/ozonefs/target/test-dir/MiniOzoneClusterImpl-889e9801-d8cd-4d64-ad06-78e1b934daf6/datanode-8/data/ratis/5e1ca417-a893-4a27-b4b2-ae278fe05521: created new log segment /workdir/hadoop-ozone/ozonefs/target/test-dir/MiniOzoneClusterImpl-889e9801-d8cd-4d64-ad06-78e1b934daf6/datanode-8/data/ratis/5e1ca417-a893-4a27-b4b2-ae278fe05521/current/log_inprogress_0
2019-09-19 14:40:09,571 [Thread-393] INFO  impl.FollowerState (FollowerState.java:run(106)) - b84a7c4a-6ef7-4bd2-bf64-eea4d8e07688:group-448155F51E39 changes to CANDIDATE, lastRpcTime:5197, electionTimeout:5197ms
2019-09-19 14:40:09,571 [Thread-393] INFO  impl.RoleInfo (RoleInfo.java:shutdownFollowerState(121)) - b84a7c4a-6ef7-4bd2-bf64-eea4d8e07688: shutdown FollowerState
2019-09-19 14:40:09,571 [Thread-393] INFO  impl.RaftServerImpl (RaftServerImpl.java:setRole(171)) - b84a7c4a-6ef7-4bd2-bf64-eea4d8e07688:group-448155F51E39 changes role from FOLLOWER to CANDIDATE at term 0 for changeToCandidate
2019-09-19 14:40:09,571 [Thread-393] INFO  impl.RoleInfo (RoleInfo.java:updateAndGet(143)) - b84a7c4a-6ef7-4bd2-bf64-eea4d8e07688: start LeaderElection
2019-09-19 14:40:09,585 | INFO  | SCMAudit | user=jenkins1000 | ip=192.168.5.132 | op=SEND_HEARTBEAT {datanodeUUID=c157b6a0-3602-4e04-89f3-2eaad4ae05f6, command=[]} | ret=SUCCESS |  
2019-09-19 14:40:09,594 [b84a7c4a-6ef7-4bd2-bf64-eea4d8e07688:group-448155F51E39:LeaderElection36] INFO  impl.LeaderElection (LeaderElection.java:askForVotes(181)) - b84a7c4a-6ef7-4bd2-bf64-eea4d8e07688:group-448155F51E39:LeaderElection36: begin an election at term 1 for -1: [b84a7c4a-6ef7-4bd2-bf64-eea4d8e07688:192.168.5.132:41504], old=null
2019-09-19 14:40:09,594 [b84a7c4a-6ef7-4bd2-bf64-eea4d8e07688:group-448155F51E39:LeaderElection36] INFO  impl.RoleInfo (RoleInfo.java:shutdownLeaderElection(134)) - b84a7c4a-6ef7-4bd2-bf64-eea4d8e07688: shutdown LeaderElection
2019-09-19 14:40:09,594 [b84a7c4a-6ef7-4bd2-bf64-eea4d8e07688:group-448155F51E39:LeaderElection36] INFO  impl.RaftServerImpl (RaftServerImpl.java:setRole(171)) - b84a7c4a-6ef7-4bd2-bf64-eea4d8e07688:group-448155F51E39 changes role from CANDIDATE to LEADER at term 1 for changeToLeader
2019-09-19 14:40:09,594 [b84a7c4a-6ef7-4bd2-bf64-eea4d8e07688:group-448155F51E39:LeaderElection36] INFO  impl.RaftServerImpl (ServerState.java:setLeader(263)) - b84a7c4a-6ef7-4bd2-bf64-eea4d8e07688:group-448155F51E39 change Leader from null to b84a7c4a-6ef7-4bd2-bf64-eea4d8e07688 at term 1 for becomeLeader, leader elected after 5226ms
2019-09-19 14:40:09,594 [b84a7c4a-6ef7-4bd2-bf64-eea4d8e07688:group-448155F51E39:LeaderElection36] INFO  server.RaftServerConfigKeys (ConfUtils.java:logGet(43)) - raft.server.staging.catchup.gap = 1000 (default)
2019-09-19 14:40:09,594 [b84a7c4a-6ef7-4bd2-bf64-eea4d8e07688:group-448155F51E39:LeaderElection36] INFO  server.RaftServerConfigKeys (ConfUtils.java:logGet(43)) - raft.server.rpc.sleep.time = 25ms (default)
2019-09-19 14:40:09,595 [b84a7c4a-6ef7-4bd2-bf64-eea4d8e07688:group-448155F51E39:LeaderElection36] INFO  server.RaftServerConfigKeys (ConfUtils.java:logGet(43)) - raft.server.write.element-limit = 4096 (default)
2019-09-19 14:40:09,595 [b84a7c4a-6ef7-4bd2-bf64-eea4d8e07688:group-448155F51E39:LeaderElection36] INFO  server.RaftServerConfigKeys (ConfUtils.java:logGet(43)) - raft.server.watch.timeout = 10s (default)
2019-09-19 14:40:09,595 [b84a7c4a-6ef7-4bd2-bf64-eea4d8e07688:group-448155F51E39:LeaderElection36] INFO  server.RaftServerConfigKeys (ConfUtils.java:logGet(43)) - raft.server.watch.timeout.denomination = 1s (default)
2019-09-19 14:40:09,595 [b84a7c4a-6ef7-4bd2-bf64-eea4d8e07688:group-448155F51E39:LeaderElection36] INFO  server.RaftServerConfigKeys (ConfUtils.java:logGet(43)) - raft.server.watch.element-limit = 65536 (default)
2019-09-19 14:40:09,595 [b84a7c4a-6ef7-4bd2-bf64-eea4d8e07688:group-448155F51E39:LeaderElection36] INFO  impl.RoleInfo (RoleInfo.java:updateAndGet(143)) - b84a7c4a-6ef7-4bd2-bf64-eea4d8e07688: start LeaderState
2019-09-19 14:40:09,596 [b84a7c4a-6ef7-4bd2-bf64-eea4d8e07688:group-448155F51E39:LeaderElection36] INFO  segmented.SegmentedRaftLogWorker (SegmentedRaftLogWorker.java:startLogSegment(380)) - b84a7c4a-6ef7-4bd2-bf64-eea4d8e07688-SegmentedRaftLogWorker:Storage Directory /workdir/hadoop-ozone/ozonefs/target/test-dir/MiniOzoneClusterImpl-889e9801-d8cd-4d64-ad06-78e1b934daf6/datanode-6/data/ratis/ed1c32e1-11c5-4430-ada6-448155f51e39: Starting segment from index:0
2019-09-19 14:40:09,596 [b84a7c4a-6ef7-4bd2-bf64-eea4d8e07688:group-448155F51E39:LeaderElection36] INFO  impl.RaftServerImpl (ServerState.java:setRaftConf(361)) - b84a7c4a-6ef7-4bd2-bf64-eea4d8e07688:group-448155F51E39 set configuration 0: [b84a7c4a-6ef7-4bd2-bf64-eea4d8e07688:192.168.5.132:41504], old=null at 0
2019-09-19 14:40:09,635 [Thread-396] INFO  impl.FollowerState (FollowerState.java:run(106)) - c157b6a0-3602-4e04-89f3-2eaad4ae05f6:group-3CC7DCB36CCF changes to CANDIDATE, lastRpcTime:5178, electionTimeout:5176ms
2019-09-19 14:40:09,635 [Thread-396] INFO  impl.RoleInfo (RoleInfo.java:shutdownFollowerState(121)) - c157b6a0-3602-4e04-89f3-2eaad4ae05f6: shutdown FollowerState
2019-09-19 14:40:09,635 [Thread-396] INFO  impl.RaftServerImpl (RaftServerImpl.java:setRole(171)) - c157b6a0-3602-4e04-89f3-2eaad4ae05f6:group-3CC7DCB36CCF changes role from FOLLOWER to CANDIDATE at term 0 for changeToCandidate
2019-09-19 14:40:09,635 [Thread-396] INFO  impl.RoleInfo (RoleInfo.java:updateAndGet(143)) - c157b6a0-3602-4e04-89f3-2eaad4ae05f6: start LeaderElection
2019-09-19 14:40:09,661 [b84a7c4a-6ef7-4bd2-bf64-eea4d8e07688-SegmentedRaftLogWorker:Storage Directory /workdir/hadoop-ozone/ozonefs/target/test-dir/MiniOzoneClusterImpl-889e9801-d8cd-4d64-ad06-78e1b934daf6/datanode-6/data/ratis/ed1c32e1-11c5-4430-ada6-448155f51e39] INFO  segmented.SegmentedRaftLogWorker (SegmentedRaftLogWorker.java:execute(569)) - b84a7c4a-6ef7-4bd2-bf64-eea4d8e07688-SegmentedRaftLogWorker:Storage Directory /workdir/hadoop-ozone/ozonefs/target/test-dir/MiniOzoneClusterImpl-889e9801-d8cd-4d64-ad06-78e1b934daf6/datanode-6/data/ratis/ed1c32e1-11c5-4430-ada6-448155f51e39: created new log segment /workdir/hadoop-ozone/ozonefs/target/test-dir/MiniOzoneClusterImpl-889e9801-d8cd-4d64-ad06-78e1b934daf6/datanode-6/data/ratis/ed1c32e1-11c5-4430-ada6-448155f51e39/current/log_inprogress_0
2019-09-19 14:40:09,661 [c157b6a0-3602-4e04-89f3-2eaad4ae05f6:group-3CC7DCB36CCF:LeaderElection37] INFO  impl.LeaderElection (LeaderElection.java:askForVotes(181)) - c157b6a0-3602-4e04-89f3-2eaad4ae05f6:group-3CC7DCB36CCF:LeaderElection37: begin an election at term 1 for -1: [c157b6a0-3602-4e04-89f3-2eaad4ae05f6:192.168.5.132:35760], old=null
2019-09-19 14:40:09,661 [c157b6a0-3602-4e04-89f3-2eaad4ae05f6:group-3CC7DCB36CCF:LeaderElection37] INFO  impl.RoleInfo (RoleInfo.java:shutdownLeaderElection(134)) - c157b6a0-3602-4e04-89f3-2eaad4ae05f6: shutdown LeaderElection
2019-09-19 14:40:09,661 [c157b6a0-3602-4e04-89f3-2eaad4ae05f6:group-3CC7DCB36CCF:LeaderElection37] INFO  impl.RaftServerImpl (RaftServerImpl.java:setRole(171)) - c157b6a0-3602-4e04-89f3-2eaad4ae05f6:group-3CC7DCB36CCF changes role from CANDIDATE to LEADER at term 1 for changeToLeader
2019-09-19 14:40:09,661 [c157b6a0-3602-4e04-89f3-2eaad4ae05f6:group-3CC7DCB36CCF:LeaderElection37] INFO  impl.RaftServerImpl (ServerState.java:setLeader(263)) - c157b6a0-3602-4e04-89f3-2eaad4ae05f6:group-3CC7DCB36CCF change Leader from null to c157b6a0-3602-4e04-89f3-2eaad4ae05f6 at term 1 for becomeLeader, leader elected after 5209ms
2019-09-19 14:40:09,662 [c157b6a0-3602-4e04-89f3-2eaad4ae05f6:group-3CC7DCB36CCF:LeaderElection37] INFO  server.RaftServerConfigKeys (ConfUtils.java:logGet(43)) - raft.server.staging.catchup.gap = 1000 (default)
2019-09-19 14:40:09,662 [c157b6a0-3602-4e04-89f3-2eaad4ae05f6:group-3CC7DCB36CCF:LeaderElection37] INFO  server.RaftServerConfigKeys (ConfUtils.java:logGet(43)) - raft.server.rpc.sleep.time = 25ms (default)
2019-09-19 14:40:09,662 [c157b6a0-3602-4e04-89f3-2eaad4ae05f6:group-3CC7DCB36CCF:LeaderElection37] INFO  server.RaftServerConfigKeys (ConfUtils.java:logGet(43)) - raft.server.write.element-limit = 4096 (default)
2019-09-19 14:40:09,662 [c157b6a0-3602-4e04-89f3-2eaad4ae05f6:group-3CC7DCB36CCF:LeaderElection37] INFO  server.RaftServerConfigKeys (ConfUtils.java:logGet(43)) - raft.server.watch.timeout = 10s (default)
2019-09-19 14:40:09,662 [c157b6a0-3602-4e04-89f3-2eaad4ae05f6:group-3CC7DCB36CCF:LeaderElection37] INFO  server.RaftServerConfigKeys (ConfUtils.java:logGet(43)) - raft.server.watch.timeout.denomination = 1s (default)
2019-09-19 14:40:09,662 [c157b6a0-3602-4e04-89f3-2eaad4ae05f6:group-3CC7DCB36CCF:LeaderElection37] INFO  server.RaftServerConfigKeys (ConfUtils.java:logGet(43)) - raft.server.watch.element-limit = 65536 (default)
2019-09-19 14:40:09,663 [c157b6a0-3602-4e04-89f3-2eaad4ae05f6:group-3CC7DCB36CCF:LeaderElection37] INFO  impl.RoleInfo (RoleInfo.java:updateAndGet(143)) - c157b6a0-3602-4e04-89f3-2eaad4ae05f6: start LeaderState
2019-09-19 14:40:09,663 [c157b6a0-3602-4e04-89f3-2eaad4ae05f6:group-3CC7DCB36CCF:LeaderElection37] INFO  segmented.SegmentedRaftLogWorker (SegmentedRaftLogWorker.java:startLogSegment(380)) - c157b6a0-3602-4e04-89f3-2eaad4ae05f6-SegmentedRaftLogWorker:Storage Directory /workdir/hadoop-ozone/ozonefs/target/test-dir/MiniOzoneClusterImpl-889e9801-d8cd-4d64-ad06-78e1b934daf6/datanode-1/data/ratis/0e300aa6-8600-4c73-a5e2-3cc7dcb36ccf: Starting segment from index:0
2019-09-19 14:40:09,664 [c157b6a0-3602-4e04-89f3-2eaad4ae05f6:group-3CC7DCB36CCF:LeaderElection37] INFO  impl.RaftServerImpl (ServerState.java:setRaftConf(361)) - c157b6a0-3602-4e04-89f3-2eaad4ae05f6:group-3CC7DCB36CCF set configuration 0: [c157b6a0-3602-4e04-89f3-2eaad4ae05f6:192.168.5.132:35760], old=null at 0
2019-09-19 14:40:09,703 | INFO  | SCMAudit | user=jenkins1000 | ip=192.168.5.132 | op=SEND_HEARTBEAT {datanodeUUID=942b50b4-c7bf-487c-9057-9f9e637dbe53, command=[]} | ret=SUCCESS |  
2019-09-19 14:40:09,709 [Thread-399] INFO  impl.FollowerState (FollowerState.java:run(106)) - b84a7c4a-6ef7-4bd2-bf64-eea4d8e07688:group-DDE047CEBC03 changes to CANDIDATE, lastRpcTime:5169, electionTimeout:5169ms
2019-09-19 14:40:09,709 [Thread-399] INFO  impl.RoleInfo (RoleInfo.java:shutdownFollowerState(121)) - b84a7c4a-6ef7-4bd2-bf64-eea4d8e07688: shutdown FollowerState
2019-09-19 14:40:09,709 [Thread-399] INFO  impl.RaftServerImpl (RaftServerImpl.java:setRole(171)) - b84a7c4a-6ef7-4bd2-bf64-eea4d8e07688:group-DDE047CEBC03 changes role from FOLLOWER to CANDIDATE at term 0 for changeToCandidate
2019-09-19 14:40:09,709 [Thread-399] INFO  impl.RoleInfo (RoleInfo.java:updateAndGet(143)) - b84a7c4a-6ef7-4bd2-bf64-eea4d8e07688: start LeaderElection
2019-09-19 14:40:09,721 [Thread-402] INFO  impl.FollowerState (FollowerState.java:run(106)) - afbae23f-b8a7-4a0f-ac57-bc0dcc025f7c:group-BC3C5938A6A4 changes to CANDIDATE, lastRpcTime:5088, electionTimeout:5088ms
2019-09-19 14:40:09,721 [Thread-402] INFO  impl.RoleInfo (RoleInfo.java:shutdownFollowerState(121)) - afbae23f-b8a7-4a0f-ac57-bc0dcc025f7c: shutdown FollowerState
2019-09-19 14:40:09,721 [Thread-402] INFO  impl.RaftServerImpl (RaftServerImpl.java:setRole(171)) - afbae23f-b8a7-4a0f-ac57-bc0dcc025f7c:group-BC3C5938A6A4 changes role from FOLLOWER to CANDIDATE at term 0 for changeToCandidate
2019-09-19 14:40:09,722 [Thread-402] INFO  impl.RoleInfo (RoleInfo.java:updateAndGet(143)) - afbae23f-b8a7-4a0f-ac57-bc0dcc025f7c: start LeaderElection
2019-09-19 14:40:09,733 [c157b6a0-3602-4e04-89f3-2eaad4ae05f6-SegmentedRaftLogWorker:Storage Directory /workdir/hadoop-ozone/ozonefs/target/test-dir/MiniOzoneClusterImpl-889e9801-d8cd-4d64-ad06-78e1b934daf6/datanode-1/data/ratis/0e300aa6-8600-4c73-a5e2-3cc7dcb36ccf] INFO  segmented.SegmentedRaftLogWorker (SegmentedRaftLogWorker.java:execute(569)) - c157b6a0-3602-4e04-89f3-2eaad4ae05f6-SegmentedRaftLogWorker:Storage Directory /workdir/hadoop-ozone/ozonefs/target/test-dir/MiniOzoneClusterImpl-889e9801-d8cd-4d64-ad06-78e1b934daf6/datanode-1/data/ratis/0e300aa6-8600-4c73-a5e2-3cc7dcb36ccf: created new log segment /workdir/hadoop-ozone/ozonefs/target/test-dir/MiniOzoneClusterImpl-889e9801-d8cd-4d64-ad06-78e1b934daf6/datanode-1/data/ratis/0e300aa6-8600-4c73-a5e2-3cc7dcb36ccf/current/log_inprogress_0
2019-09-19 14:40:09,739 | INFO  | SCMAudit | user=jenkins1000 | ip=192.168.5.132 | op=SEND_HEARTBEAT {datanodeUUID=afbae23f-b8a7-4a0f-ac57-bc0dcc025f7c, command=[]} | ret=SUCCESS |  
2019-09-19 14:40:09,753 [b84a7c4a-6ef7-4bd2-bf64-eea4d8e07688:group-DDE047CEBC03:LeaderElection38] INFO  impl.LeaderElection (LeaderElection.java:askForVotes(181)) - b84a7c4a-6ef7-4bd2-bf64-eea4d8e07688:group-DDE047CEBC03:LeaderElection38: begin an election at term 1 for -1: [b84a7c4a-6ef7-4bd2-bf64-eea4d8e07688:192.168.5.132:41504], old=null
2019-09-19 14:40:09,754 [b84a7c4a-6ef7-4bd2-bf64-eea4d8e07688:group-DDE047CEBC03:LeaderElection38] INFO  impl.RoleInfo (RoleInfo.java:shutdownLeaderElection(134)) - b84a7c4a-6ef7-4bd2-bf64-eea4d8e07688: shutdown LeaderElection
2019-09-19 14:40:09,754 [b84a7c4a-6ef7-4bd2-bf64-eea4d8e07688:group-DDE047CEBC03:LeaderElection38] INFO  impl.RaftServerImpl (RaftServerImpl.java:setRole(171)) - b84a7c4a-6ef7-4bd2-bf64-eea4d8e07688:group-DDE047CEBC03 changes role from CANDIDATE to LEADER at term 1 for changeToLeader
2019-09-19 14:40:09,754 [b84a7c4a-6ef7-4bd2-bf64-eea4d8e07688:group-DDE047CEBC03:LeaderElection38] INFO  impl.RaftServerImpl (ServerState.java:setLeader(263)) - b84a7c4a-6ef7-4bd2-bf64-eea4d8e07688:group-DDE047CEBC03 change Leader from null to b84a7c4a-6ef7-4bd2-bf64-eea4d8e07688 at term 1 for becomeLeader, leader elected after 5218ms
2019-09-19 14:40:09,754 [b84a7c4a-6ef7-4bd2-bf64-eea4d8e07688:group-DDE047CEBC03:LeaderElection38] INFO  server.RaftServerConfigKeys (ConfUtils.java:logGet(43)) - raft.server.staging.catchup.gap = 1000 (default)
2019-09-19 14:40:09,755 [b84a7c4a-6ef7-4bd2-bf64-eea4d8e07688:group-DDE047CEBC03:LeaderElection38] INFO  server.RaftServerConfigKeys (ConfUtils.java:logGet(43)) - raft.server.rpc.sleep.time = 25ms (default)
2019-09-19 14:40:09,755 [b84a7c4a-6ef7-4bd2-bf64-eea4d8e07688:group-DDE047CEBC03:LeaderElection38] INFO  server.RaftServerConfigKeys (ConfUtils.java:logGet(43)) - raft.server.write.element-limit = 4096 (default)
2019-09-19 14:40:09,755 [b84a7c4a-6ef7-4bd2-bf64-eea4d8e07688:group-DDE047CEBC03:LeaderElection38] INFO  server.RaftServerConfigKeys (ConfUtils.java:logGet(43)) - raft.server.watch.timeout = 10s (default)
2019-09-19 14:40:09,755 [b84a7c4a-6ef7-4bd2-bf64-eea4d8e07688:group-DDE047CEBC03:LeaderElection38] INFO  server.RaftServerConfigKeys (ConfUtils.java:logGet(43)) - raft.server.watch.timeout.denomination = 1s (default)
2019-09-19 14:40:09,755 [b84a7c4a-6ef7-4bd2-bf64-eea4d8e07688:group-DDE047CEBC03:LeaderElection38] INFO  server.RaftServerConfigKeys (ConfUtils.java:logGet(43)) - raft.server.watch.element-limit = 65536 (default)
2019-09-19 14:40:09,756 [b84a7c4a-6ef7-4bd2-bf64-eea4d8e07688:group-DDE047CEBC03:LeaderElection38] INFO  impl.RoleInfo (RoleInfo.java:updateAndGet(143)) - b84a7c4a-6ef7-4bd2-bf64-eea4d8e07688: start LeaderState
2019-09-19 14:40:09,756 [b84a7c4a-6ef7-4bd2-bf64-eea4d8e07688:group-DDE047CEBC03:LeaderElection38] INFO  segmented.SegmentedRaftLogWorker (SegmentedRaftLogWorker.java:startLogSegment(380)) - b84a7c4a-6ef7-4bd2-bf64-eea4d8e07688-SegmentedRaftLogWorker:Storage Directory /workdir/hadoop-ozone/ozonefs/target/test-dir/MiniOzoneClusterImpl-889e9801-d8cd-4d64-ad06-78e1b934daf6/datanode-6/data/ratis/af3427eb-eb13-4b22-a7c9-dde047cebc03: Starting segment from index:0
2019-09-19 14:40:09,757 [b84a7c4a-6ef7-4bd2-bf64-eea4d8e07688:group-DDE047CEBC03:LeaderElection38] INFO  impl.RaftServerImpl (ServerState.java:setRaftConf(361)) - b84a7c4a-6ef7-4bd2-bf64-eea4d8e07688:group-DDE047CEBC03 set configuration 0: [b84a7c4a-6ef7-4bd2-bf64-eea4d8e07688:192.168.5.132:41504], old=null at 0
2019-09-19 14:40:09,795 [afbae23f-b8a7-4a0f-ac57-bc0dcc025f7c:group-BC3C5938A6A4:LeaderElection39] INFO  impl.LeaderElection (LeaderElection.java:askForVotes(181)) - afbae23f-b8a7-4a0f-ac57-bc0dcc025f7c:group-BC3C5938A6A4:LeaderElection39: begin an election at term 1 for -1: [afbae23f-b8a7-4a0f-ac57-bc0dcc025f7c:192.168.5.132:44695], old=null
2019-09-19 14:40:09,795 [afbae23f-b8a7-4a0f-ac57-bc0dcc025f7c:group-BC3C5938A6A4:LeaderElection39] INFO  impl.RoleInfo (RoleInfo.java:shutdownLeaderElection(134)) - afbae23f-b8a7-4a0f-ac57-bc0dcc025f7c: shutdown LeaderElection
2019-09-19 14:40:09,796 [afbae23f-b8a7-4a0f-ac57-bc0dcc025f7c:group-BC3C5938A6A4:LeaderElection39] INFO  impl.RaftServerImpl (RaftServerImpl.java:setRole(171)) - afbae23f-b8a7-4a0f-ac57-bc0dcc025f7c:group-BC3C5938A6A4 changes role from CANDIDATE to LEADER at term 1 for changeToLeader
2019-09-19 14:40:09,796 [afbae23f-b8a7-4a0f-ac57-bc0dcc025f7c:group-BC3C5938A6A4:LeaderElection39] INFO  impl.RaftServerImpl (ServerState.java:setLeader(263)) - afbae23f-b8a7-4a0f-ac57-bc0dcc025f7c:group-BC3C5938A6A4 change Leader from null to afbae23f-b8a7-4a0f-ac57-bc0dcc025f7c at term 1 for becomeLeader, leader elected after 5167ms
2019-09-19 14:40:09,796 [afbae23f-b8a7-4a0f-ac57-bc0dcc025f7c:group-BC3C5938A6A4:LeaderElection39] INFO  server.RaftServerConfigKeys (ConfUtils.java:logGet(43)) - raft.server.staging.catchup.gap = 1000 (default)
2019-09-19 14:40:09,796 [afbae23f-b8a7-4a0f-ac57-bc0dcc025f7c:group-BC3C5938A6A4:LeaderElection39] INFO  server.RaftServerConfigKeys (ConfUtils.java:logGet(43)) - raft.server.rpc.sleep.time = 25ms (default)
2019-09-19 14:40:09,796 [afbae23f-b8a7-4a0f-ac57-bc0dcc025f7c:group-BC3C5938A6A4:LeaderElection39] INFO  server.RaftServerConfigKeys (ConfUtils.java:logGet(43)) - raft.server.write.element-limit = 4096 (default)
2019-09-19 14:40:09,797 [afbae23f-b8a7-4a0f-ac57-bc0dcc025f7c:group-BC3C5938A6A4:LeaderElection39] INFO  server.RaftServerConfigKeys (ConfUtils.java:logGet(43)) - raft.server.watch.timeout = 10s (default)
2019-09-19 14:40:09,797 [afbae23f-b8a7-4a0f-ac57-bc0dcc025f7c:group-BC3C5938A6A4:LeaderElection39] INFO  server.RaftServerConfigKeys (ConfUtils.java:logGet(43)) - raft.server.watch.timeout.denomination = 1s (default)
2019-09-19 14:40:09,797 [afbae23f-b8a7-4a0f-ac57-bc0dcc025f7c:group-BC3C5938A6A4:LeaderElection39] INFO  server.RaftServerConfigKeys (ConfUtils.java:logGet(43)) - raft.server.watch.element-limit = 65536 (default)
2019-09-19 14:40:09,797 [afbae23f-b8a7-4a0f-ac57-bc0dcc025f7c:group-BC3C5938A6A4:LeaderElection39] INFO  impl.RoleInfo (RoleInfo.java:updateAndGet(143)) - afbae23f-b8a7-4a0f-ac57-bc0dcc025f7c: start LeaderState
2019-09-19 14:40:09,798 [afbae23f-b8a7-4a0f-ac57-bc0dcc025f7c:group-BC3C5938A6A4:LeaderElection39] INFO  segmented.SegmentedRaftLogWorker (SegmentedRaftLogWorker.java:startLogSegment(380)) - afbae23f-b8a7-4a0f-ac57-bc0dcc025f7c-SegmentedRaftLogWorker:Storage Directory /workdir/hadoop-ozone/ozonefs/target/test-dir/MiniOzoneClusterImpl-889e9801-d8cd-4d64-ad06-78e1b934daf6/datanode-5/data/ratis/ef0be53b-eb4c-4668-ac72-bc3c5938a6a4: Starting segment from index:0
2019-09-19 14:40:09,798 [afbae23f-b8a7-4a0f-ac57-bc0dcc025f7c:group-BC3C5938A6A4:LeaderElection39] INFO  impl.RaftServerImpl (ServerState.java:setRaftConf(361)) - afbae23f-b8a7-4a0f-ac57-bc0dcc025f7c:group-BC3C5938A6A4 set configuration 0: [afbae23f-b8a7-4a0f-ac57-bc0dcc025f7c:192.168.5.132:44695], old=null at 0
2019-09-19 14:40:09,845 [Thread-408] INFO  impl.FollowerState (FollowerState.java:run(106)) - c157b6a0-3602-4e04-89f3-2eaad4ae05f6:group-811704628034 changes to CANDIDATE, lastRpcTime:5011, electionTimeout:5008ms
2019-09-19 14:40:09,845 [b84a7c4a-6ef7-4bd2-bf64-eea4d8e07688-SegmentedRaftLogWorker:Storage Directory /workdir/hadoop-ozone/ozonefs/target/test-dir/MiniOzoneClusterImpl-889e9801-d8cd-4d64-ad06-78e1b934daf6/datanode-6/data/ratis/af3427eb-eb13-4b22-a7c9-dde047cebc03] INFO  segmented.SegmentedRaftLogWorker (SegmentedRaftLogWorker.java:execute(569)) - b84a7c4a-6ef7-4bd2-bf64-eea4d8e07688-SegmentedRaftLogWorker:Storage Directory /workdir/hadoop-ozone/ozonefs/target/test-dir/MiniOzoneClusterImpl-889e9801-d8cd-4d64-ad06-78e1b934daf6/datanode-6/data/ratis/af3427eb-eb13-4b22-a7c9-dde047cebc03: created new log segment /workdir/hadoop-ozone/ozonefs/target/test-dir/MiniOzoneClusterImpl-889e9801-d8cd-4d64-ad06-78e1b934daf6/datanode-6/data/ratis/af3427eb-eb13-4b22-a7c9-dde047cebc03/current/log_inprogress_0
2019-09-19 14:40:09,845 [Thread-408] INFO  impl.RoleInfo (RoleInfo.java:shutdownFollowerState(121)) - c157b6a0-3602-4e04-89f3-2eaad4ae05f6: shutdown FollowerState
2019-09-19 14:40:09,845 [Thread-408] INFO  impl.RaftServerImpl (RaftServerImpl.java:setRole(171)) - c157b6a0-3602-4e04-89f3-2eaad4ae05f6:group-811704628034 changes role from FOLLOWER to CANDIDATE at term 0 for changeToCandidate
2019-09-19 14:40:09,846 [Thread-408] INFO  impl.RoleInfo (RoleInfo.java:updateAndGet(143)) - c157b6a0-3602-4e04-89f3-2eaad4ae05f6: start LeaderElection
2019-09-19 14:40:09,846 | INFO  | SCMAudit | user=jenkins1000 | ip=192.168.5.132 | op=SEND_HEARTBEAT {datanodeUUID=cda53276-4c02-47df-9243-aafa1631e748, command=[]} | ret=SUCCESS |  
2019-09-19 14:40:09,871 [afbae23f-b8a7-4a0f-ac57-bc0dcc025f7c-SegmentedRaftLogWorker:Storage Directory /workdir/hadoop-ozone/ozonefs/target/test-dir/MiniOzoneClusterImpl-889e9801-d8cd-4d64-ad06-78e1b934daf6/datanode-5/data/ratis/ef0be53b-eb4c-4668-ac72-bc3c5938a6a4] INFO  segmented.SegmentedRaftLogWorker (SegmentedRaftLogWorker.java:execute(569)) - afbae23f-b8a7-4a0f-ac57-bc0dcc025f7c-SegmentedRaftLogWorker:Storage Directory /workdir/hadoop-ozone/ozonefs/target/test-dir/MiniOzoneClusterImpl-889e9801-d8cd-4d64-ad06-78e1b934daf6/datanode-5/data/ratis/ef0be53b-eb4c-4668-ac72-bc3c5938a6a4: created new log segment /workdir/hadoop-ozone/ozonefs/target/test-dir/MiniOzoneClusterImpl-889e9801-d8cd-4d64-ad06-78e1b934daf6/datanode-5/data/ratis/ef0be53b-eb4c-4668-ac72-bc3c5938a6a4/current/log_inprogress_0
2019-09-19 14:40:09,871 [c157b6a0-3602-4e04-89f3-2eaad4ae05f6:group-811704628034:LeaderElection40] INFO  impl.LeaderElection (LeaderElection.java:askForVotes(181)) - c157b6a0-3602-4e04-89f3-2eaad4ae05f6:group-811704628034:LeaderElection40: begin an election at term 1 for -1: [c157b6a0-3602-4e04-89f3-2eaad4ae05f6:192.168.5.132:35760], old=null
2019-09-19 14:40:09,871 [c157b6a0-3602-4e04-89f3-2eaad4ae05f6:group-811704628034:LeaderElection40] INFO  impl.RoleInfo (RoleInfo.java:shutdownLeaderElection(134)) - c157b6a0-3602-4e04-89f3-2eaad4ae05f6: shutdown LeaderElection
2019-09-19 14:40:09,871 [c157b6a0-3602-4e04-89f3-2eaad4ae05f6:group-811704628034:LeaderElection40] INFO  impl.RaftServerImpl (RaftServerImpl.java:setRole(171)) - c157b6a0-3602-4e04-89f3-2eaad4ae05f6:group-811704628034 changes role from CANDIDATE to LEADER at term 1 for changeToLeader
2019-09-19 14:40:09,871 [c157b6a0-3602-4e04-89f3-2eaad4ae05f6:group-811704628034:LeaderElection40] INFO  impl.RaftServerImpl (ServerState.java:setLeader(263)) - c157b6a0-3602-4e04-89f3-2eaad4ae05f6:group-811704628034 change Leader from null to c157b6a0-3602-4e04-89f3-2eaad4ae05f6 at term 1 for becomeLeader, leader elected after 5041ms
2019-09-19 14:40:09,872 [c157b6a0-3602-4e04-89f3-2eaad4ae05f6:group-811704628034:LeaderElection40] INFO  server.RaftServerConfigKeys (ConfUtils.java:logGet(43)) - raft.server.staging.catchup.gap = 1000 (default)
2019-09-19 14:40:09,872 [c157b6a0-3602-4e04-89f3-2eaad4ae05f6:group-811704628034:LeaderElection40] INFO  server.RaftServerConfigKeys (ConfUtils.java:logGet(43)) - raft.server.rpc.sleep.time = 25ms (default)
2019-09-19 14:40:09,872 [c157b6a0-3602-4e04-89f3-2eaad4ae05f6:group-811704628034:LeaderElection40] INFO  server.RaftServerConfigKeys (ConfUtils.java:logGet(43)) - raft.server.write.element-limit = 4096 (default)
2019-09-19 14:40:09,872 [c157b6a0-3602-4e04-89f3-2eaad4ae05f6:group-811704628034:LeaderElection40] INFO  server.RaftServerConfigKeys (ConfUtils.java:logGet(43)) - raft.server.watch.timeout = 10s (default)
2019-09-19 14:40:09,872 [c157b6a0-3602-4e04-89f3-2eaad4ae05f6:group-811704628034:LeaderElection40] INFO  server.RaftServerConfigKeys (ConfUtils.java:logGet(43)) - raft.server.watch.timeout.denomination = 1s (default)
2019-09-19 14:40:09,872 [c157b6a0-3602-4e04-89f3-2eaad4ae05f6:group-811704628034:LeaderElection40] INFO  server.RaftServerConfigKeys (ConfUtils.java:logGet(43)) - raft.server.watch.element-limit = 65536 (default)
2019-09-19 14:40:09,873 [c157b6a0-3602-4e04-89f3-2eaad4ae05f6:group-811704628034:LeaderElection40] INFO  impl.RoleInfo (RoleInfo.java:updateAndGet(143)) - c157b6a0-3602-4e04-89f3-2eaad4ae05f6: start LeaderState
2019-09-19 14:40:09,873 [c157b6a0-3602-4e04-89f3-2eaad4ae05f6:group-811704628034:LeaderElection40] INFO  segmented.SegmentedRaftLogWorker (SegmentedRaftLogWorker.java:startLogSegment(380)) - c157b6a0-3602-4e04-89f3-2eaad4ae05f6-SegmentedRaftLogWorker:Storage Directory /workdir/hadoop-ozone/ozonefs/target/test-dir/MiniOzoneClusterImpl-889e9801-d8cd-4d64-ad06-78e1b934daf6/datanode-1/data/ratis/2fd4ff42-b2d1-4838-bb91-811704628034: Starting segment from index:0
2019-09-19 14:40:09,873 [c157b6a0-3602-4e04-89f3-2eaad4ae05f6:group-811704628034:LeaderElection40] INFO  impl.RaftServerImpl (ServerState.java:setRaftConf(361)) - c157b6a0-3602-4e04-89f3-2eaad4ae05f6:group-811704628034 set configuration 0: [c157b6a0-3602-4e04-89f3-2eaad4ae05f6:192.168.5.132:35760], old=null at 0
2019-09-19 14:40:09,911 [Thread-405] INFO  impl.FollowerState (FollowerState.java:run(106)) - b84a7c4a-6ef7-4bd2-bf64-eea4d8e07688:group-64590F93AEF5 changes to CANDIDATE, lastRpcTime:5179, electionTimeout:5163ms
2019-09-19 14:40:09,911 [Thread-405] INFO  impl.RoleInfo (RoleInfo.java:shutdownFollowerState(121)) - b84a7c4a-6ef7-4bd2-bf64-eea4d8e07688: shutdown FollowerState
2019-09-19 14:40:09,912 [Thread-405] INFO  impl.RaftServerImpl (RaftServerImpl.java:setRole(171)) - b84a7c4a-6ef7-4bd2-bf64-eea4d8e07688:group-64590F93AEF5 changes role from FOLLOWER to CANDIDATE at term 0 for changeToCandidate
2019-09-19 14:40:09,912 [Thread-405] INFO  impl.RoleInfo (RoleInfo.java:updateAndGet(143)) - b84a7c4a-6ef7-4bd2-bf64-eea4d8e07688: start LeaderElection
2019-09-19 14:40:09,930 [Thread-411] INFO  impl.FollowerState (FollowerState.java:run(106)) - a1dec692-f01d-4dc4-b8c6-c1af31f4a539:group-6A7ABF3EE4B9 changes to CANDIDATE, lastRpcTime:5034, electionTimeout:5034ms
2019-09-19 14:40:09,930 [Thread-411] INFO  impl.RoleInfo (RoleInfo.java:shutdownFollowerState(121)) - a1dec692-f01d-4dc4-b8c6-c1af31f4a539: shutdown FollowerState
2019-09-19 14:40:09,930 [Thread-411] INFO  impl.RaftServerImpl (RaftServerImpl.java:setRole(171)) - a1dec692-f01d-4dc4-b8c6-c1af31f4a539:group-6A7ABF3EE4B9 changes role from FOLLOWER to CANDIDATE at term 0 for changeToCandidate
2019-09-19 14:40:09,930 [Thread-411] INFO  impl.RoleInfo (RoleInfo.java:updateAndGet(143)) - a1dec692-f01d-4dc4-b8c6-c1af31f4a539: start LeaderElection
2019-09-19 14:40:09,938 [c157b6a0-3602-4e04-89f3-2eaad4ae05f6-SegmentedRaftLogWorker:Storage Directory /workdir/hadoop-ozone/ozonefs/target/test-dir/MiniOzoneClusterImpl-889e9801-d8cd-4d64-ad06-78e1b934daf6/datanode-1/data/ratis/2fd4ff42-b2d1-4838-bb91-811704628034] INFO  segmented.SegmentedRaftLogWorker (SegmentedRaftLogWorker.java:execute(569)) - c157b6a0-3602-4e04-89f3-2eaad4ae05f6-SegmentedRaftLogWorker:Storage Directory /workdir/hadoop-ozone/ozonefs/target/test-dir/MiniOzoneClusterImpl-889e9801-d8cd-4d64-ad06-78e1b934daf6/datanode-1/data/ratis/2fd4ff42-b2d1-4838-bb91-811704628034: created new log segment /workdir/hadoop-ozone/ozonefs/target/test-dir/MiniOzoneClusterImpl-889e9801-d8cd-4d64-ad06-78e1b934daf6/datanode-1/data/ratis/2fd4ff42-b2d1-4838-bb91-811704628034/current/log_inprogress_0
2019-09-19 14:40:09,938 [b84a7c4a-6ef7-4bd2-bf64-eea4d8e07688:group-64590F93AEF5:LeaderElection41] INFO  impl.LeaderElection (LeaderElection.java:askForVotes(181)) - b84a7c4a-6ef7-4bd2-bf64-eea4d8e07688:group-64590F93AEF5:LeaderElection41: begin an election at term 1 for -1: [b84a7c4a-6ef7-4bd2-bf64-eea4d8e07688:192.168.5.132:41504], old=null
2019-09-19 14:40:09,938 [b84a7c4a-6ef7-4bd2-bf64-eea4d8e07688:group-64590F93AEF5:LeaderElection41] INFO  impl.RoleInfo (RoleInfo.java:shutdownLeaderElection(134)) - b84a7c4a-6ef7-4bd2-bf64-eea4d8e07688: shutdown LeaderElection
2019-09-19 14:40:09,938 [b84a7c4a-6ef7-4bd2-bf64-eea4d8e07688:group-64590F93AEF5:LeaderElection41] INFO  impl.RaftServerImpl (RaftServerImpl.java:setRole(171)) - b84a7c4a-6ef7-4bd2-bf64-eea4d8e07688:group-64590F93AEF5 changes role from CANDIDATE to LEADER at term 1 for changeToLeader
2019-09-19 14:40:09,938 [b84a7c4a-6ef7-4bd2-bf64-eea4d8e07688:group-64590F93AEF5:LeaderElection41] INFO  impl.RaftServerImpl (ServerState.java:setLeader(263)) - b84a7c4a-6ef7-4bd2-bf64-eea4d8e07688:group-64590F93AEF5 change Leader from null to b84a7c4a-6ef7-4bd2-bf64-eea4d8e07688 at term 1 for becomeLeader, leader elected after 5209ms
2019-09-19 14:40:09,939 [b84a7c4a-6ef7-4bd2-bf64-eea4d8e07688:group-64590F93AEF5:LeaderElection41] INFO  server.RaftServerConfigKeys (ConfUtils.java:logGet(43)) - raft.server.staging.catchup.gap = 1000 (default)
2019-09-19 14:40:09,939 [b84a7c4a-6ef7-4bd2-bf64-eea4d8e07688:group-64590F93AEF5:LeaderElection41] INFO  server.RaftServerConfigKeys (ConfUtils.java:logGet(43)) - raft.server.rpc.sleep.time = 25ms (default)
2019-09-19 14:40:09,939 [b84a7c4a-6ef7-4bd2-bf64-eea4d8e07688:group-64590F93AEF5:LeaderElection41] INFO  server.RaftServerConfigKeys (ConfUtils.java:logGet(43)) - raft.server.write.element-limit = 4096 (default)
2019-09-19 14:40:09,939 [b84a7c4a-6ef7-4bd2-bf64-eea4d8e07688:group-64590F93AEF5:LeaderElection41] INFO  server.RaftServerConfigKeys (ConfUtils.java:logGet(43)) - raft.server.watch.timeout = 10s (default)
2019-09-19 14:40:09,939 [b84a7c4a-6ef7-4bd2-bf64-eea4d8e07688:group-64590F93AEF5:LeaderElection41] INFO  server.RaftServerConfigKeys (ConfUtils.java:logGet(43)) - raft.server.watch.timeout.denomination = 1s (default)
2019-09-19 14:40:09,940 [b84a7c4a-6ef7-4bd2-bf64-eea4d8e07688:group-64590F93AEF5:LeaderElection41] INFO  server.RaftServerConfigKeys (ConfUtils.java:logGet(43)) - raft.server.watch.element-limit = 65536 (default)
2019-09-19 14:40:09,940 [b84a7c4a-6ef7-4bd2-bf64-eea4d8e07688:group-64590F93AEF5:LeaderElection41] INFO  impl.RoleInfo (RoleInfo.java:updateAndGet(143)) - b84a7c4a-6ef7-4bd2-bf64-eea4d8e07688: start LeaderState
2019-09-19 14:40:09,940 [b84a7c4a-6ef7-4bd2-bf64-eea4d8e07688:group-64590F93AEF5:LeaderElection41] INFO  segmented.SegmentedRaftLogWorker (SegmentedRaftLogWorker.java:startLogSegment(380)) - b84a7c4a-6ef7-4bd2-bf64-eea4d8e07688-SegmentedRaftLogWorker:Storage Directory /workdir/hadoop-ozone/ozonefs/target/test-dir/MiniOzoneClusterImpl-889e9801-d8cd-4d64-ad06-78e1b934daf6/datanode-6/data/ratis/7d489252-73fc-42a8-8864-64590f93aef5: Starting segment from index:0
2019-09-19 14:40:09,941 [b84a7c4a-6ef7-4bd2-bf64-eea4d8e07688:group-64590F93AEF5:LeaderElection41] INFO  impl.RaftServerImpl (ServerState.java:setRaftConf(361)) - b84a7c4a-6ef7-4bd2-bf64-eea4d8e07688:group-64590F93AEF5 set configuration 0: [b84a7c4a-6ef7-4bd2-bf64-eea4d8e07688:192.168.5.132:41504], old=null at 0
2019-09-19 14:40:09,987 [a1dec692-f01d-4dc4-b8c6-c1af31f4a539:group-6A7ABF3EE4B9:LeaderElection42] INFO  impl.LeaderElection (LeaderElection.java:askForVotes(181)) - a1dec692-f01d-4dc4-b8c6-c1af31f4a539:group-6A7ABF3EE4B9:LeaderElection42: begin an election at term 1 for -1: [a1dec692-f01d-4dc4-b8c6-c1af31f4a539:192.168.5.132:43958], old=null
2019-09-19 14:40:09,987 [a1dec692-f01d-4dc4-b8c6-c1af31f4a539:group-6A7ABF3EE4B9:LeaderElection42] INFO  impl.RoleInfo (RoleInfo.java:shutdownLeaderElection(134)) - a1dec692-f01d-4dc4-b8c6-c1af31f4a539: shutdown LeaderElection
2019-09-19 14:40:09,988 [a1dec692-f01d-4dc4-b8c6-c1af31f4a539:group-6A7ABF3EE4B9:LeaderElection42] INFO  impl.RaftServerImpl (RaftServerImpl.java:setRole(171)) - a1dec692-f01d-4dc4-b8c6-c1af31f4a539:group-6A7ABF3EE4B9 changes role from CANDIDATE to LEADER at term 1 for changeToLeader
2019-09-19 14:40:09,988 [a1dec692-f01d-4dc4-b8c6-c1af31f4a539:group-6A7ABF3EE4B9:LeaderElection42] INFO  impl.RaftServerImpl (ServerState.java:setLeader(263)) - a1dec692-f01d-4dc4-b8c6-c1af31f4a539:group-6A7ABF3EE4B9 change Leader from null to a1dec692-f01d-4dc4-b8c6-c1af31f4a539 at term 1 for becomeLeader, leader elected after 5097ms
2019-09-19 14:40:09,988 [a1dec692-f01d-4dc4-b8c6-c1af31f4a539:group-6A7ABF3EE4B9:LeaderElection42] INFO  server.RaftServerConfigKeys (ConfUtils.java:logGet(43)) - raft.server.staging.catchup.gap = 1000 (default)
2019-09-19 14:40:09,988 [a1dec692-f01d-4dc4-b8c6-c1af31f4a539:group-6A7ABF3EE4B9:LeaderElection42] INFO  server.RaftServerConfigKeys (ConfUtils.java:logGet(43)) - raft.server.rpc.sleep.time = 25ms (default)
2019-09-19 14:40:09,988 [Thread-414] INFO  impl.FollowerState (FollowerState.java:run(106)) - afbae23f-b8a7-4a0f-ac57-bc0dcc025f7c:group-8470D79F4598 changes to CANDIDATE, lastRpcTime:5024, electionTimeout:5024ms
2019-09-19 14:40:09,988 [a1dec692-f01d-4dc4-b8c6-c1af31f4a539:group-6A7ABF3EE4B9:LeaderElection42] INFO  server.RaftServerConfigKeys (ConfUtils.java:logGet(43)) - raft.server.write.element-limit = 4096 (default)
2019-09-19 14:40:09,988 [Thread-414] INFO  impl.RoleInfo (RoleInfo.java:shutdownFollowerState(121)) - afbae23f-b8a7-4a0f-ac57-bc0dcc025f7c: shutdown FollowerState
2019-09-19 14:40:09,988 [a1dec692-f01d-4dc4-b8c6-c1af31f4a539:group-6A7ABF3EE4B9:LeaderElection42] INFO  server.RaftServerConfigKeys (ConfUtils.java:logGet(43)) - raft.server.watch.timeout = 10s (default)
2019-09-19 14:40:09,989 [Thread-414] INFO  impl.RaftServerImpl (RaftServerImpl.java:setRole(171)) - afbae23f-b8a7-4a0f-ac57-bc0dcc025f7c:group-8470D79F4598 changes role from FOLLOWER to CANDIDATE at term 0 for changeToCandidate
2019-09-19 14:40:09,989 [a1dec692-f01d-4dc4-b8c6-c1af31f4a539:group-6A7ABF3EE4B9:LeaderElection42] INFO  server.RaftServerConfigKeys (ConfUtils.java:logGet(43)) - raft.server.watch.timeout.denomination = 1s (default)
2019-09-19 14:40:09,989 [Thread-414] INFO  impl.RoleInfo (RoleInfo.java:updateAndGet(143)) - afbae23f-b8a7-4a0f-ac57-bc0dcc025f7c: start LeaderElection
2019-09-19 14:40:09,989 [a1dec692-f01d-4dc4-b8c6-c1af31f4a539:group-6A7ABF3EE4B9:LeaderElection42] INFO  server.RaftServerConfigKeys (ConfUtils.java:logGet(43)) - raft.server.watch.element-limit = 65536 (default)
2019-09-19 14:40:09,989 [a1dec692-f01d-4dc4-b8c6-c1af31f4a539:group-6A7ABF3EE4B9:LeaderElection42] INFO  impl.RoleInfo (RoleInfo.java:updateAndGet(143)) - a1dec692-f01d-4dc4-b8c6-c1af31f4a539: start LeaderState
2019-09-19 14:40:09,989 [a1dec692-f01d-4dc4-b8c6-c1af31f4a539:group-6A7ABF3EE4B9:LeaderElection42] INFO  segmented.SegmentedRaftLogWorker (SegmentedRaftLogWorker.java:startLogSegment(380)) - a1dec692-f01d-4dc4-b8c6-c1af31f4a539-SegmentedRaftLogWorker:Storage Directory /workdir/hadoop-ozone/ozonefs/target/test-dir/MiniOzoneClusterImpl-889e9801-d8cd-4d64-ad06-78e1b934daf6/datanode-7/data/ratis/9ad7aa6a-a5f7-4596-8032-6a7abf3ee4b9: Starting segment from index:0
2019-09-19 14:40:09,990 [a1dec692-f01d-4dc4-b8c6-c1af31f4a539:group-6A7ABF3EE4B9:LeaderElection42] INFO  impl.RaftServerImpl (ServerState.java:setRaftConf(361)) - a1dec692-f01d-4dc4-b8c6-c1af31f4a539:group-6A7ABF3EE4B9 set configuration 0: [a1dec692-f01d-4dc4-b8c6-c1af31f4a539:192.168.5.132:43958], old=null at 0
2019-09-19 14:40:10,027 | INFO  | SCMAudit | user=jenkins1000 | ip=192.168.5.132 | op=SEND_HEARTBEAT {datanodeUUID=b84a7c4a-6ef7-4bd2-bf64-eea4d8e07688, command=[]} | ret=SUCCESS |  
2019-09-19 14:40:10,048 [b84a7c4a-6ef7-4bd2-bf64-eea4d8e07688-SegmentedRaftLogWorker:Storage Directory /workdir/hadoop-ozone/ozonefs/target/test-dir/MiniOzoneClusterImpl-889e9801-d8cd-4d64-ad06-78e1b934daf6/datanode-6/data/ratis/7d489252-73fc-42a8-8864-64590f93aef5] INFO  segmented.SegmentedRaftLogWorker (SegmentedRaftLogWorker.java:execute(569)) - b84a7c4a-6ef7-4bd2-bf64-eea4d8e07688-SegmentedRaftLogWorker:Storage Directory /workdir/hadoop-ozone/ozonefs/target/test-dir/MiniOzoneClusterImpl-889e9801-d8cd-4d64-ad06-78e1b934daf6/datanode-6/data/ratis/7d489252-73fc-42a8-8864-64590f93aef5: created new log segment /workdir/hadoop-ozone/ozonefs/target/test-dir/MiniOzoneClusterImpl-889e9801-d8cd-4d64-ad06-78e1b934daf6/datanode-6/data/ratis/7d489252-73fc-42a8-8864-64590f93aef5/current/log_inprogress_0
2019-09-19 14:40:10,048 [afbae23f-b8a7-4a0f-ac57-bc0dcc025f7c:group-8470D79F4598:LeaderElection43] INFO  impl.LeaderElection (LeaderElection.java:askForVotes(181)) - afbae23f-b8a7-4a0f-ac57-bc0dcc025f7c:group-8470D79F4598:LeaderElection43: begin an election at term 1 for -1: [afbae23f-b8a7-4a0f-ac57-bc0dcc025f7c:192.168.5.132:44695], old=null
2019-09-19 14:40:10,049 [afbae23f-b8a7-4a0f-ac57-bc0dcc025f7c:group-8470D79F4598:LeaderElection43] INFO  impl.RoleInfo (RoleInfo.java:shutdownLeaderElection(134)) - afbae23f-b8a7-4a0f-ac57-bc0dcc025f7c: shutdown LeaderElection
2019-09-19 14:40:10,049 [afbae23f-b8a7-4a0f-ac57-bc0dcc025f7c:group-8470D79F4598:LeaderElection43] INFO  impl.RaftServerImpl (RaftServerImpl.java:setRole(171)) - afbae23f-b8a7-4a0f-ac57-bc0dcc025f7c:group-8470D79F4598 changes role from CANDIDATE to LEADER at term 1 for changeToLeader
2019-09-19 14:40:10,049 [afbae23f-b8a7-4a0f-ac57-bc0dcc025f7c:group-8470D79F4598:LeaderElection43] INFO  impl.RaftServerImpl (ServerState.java:setLeader(263)) - afbae23f-b8a7-4a0f-ac57-bc0dcc025f7c:group-8470D79F4598 change Leader from null to afbae23f-b8a7-4a0f-ac57-bc0dcc025f7c at term 1 for becomeLeader, leader elected after 5090ms
2019-09-19 14:40:10,049 [afbae23f-b8a7-4a0f-ac57-bc0dcc025f7c:group-8470D79F4598:LeaderElection43] INFO  server.RaftServerConfigKeys (ConfUtils.java:logGet(43)) - raft.server.staging.catchup.gap = 1000 (default)
2019-09-19 14:40:10,049 [afbae23f-b8a7-4a0f-ac57-bc0dcc025f7c:group-8470D79F4598:LeaderElection43] INFO  server.RaftServerConfigKeys (ConfUtils.java:logGet(43)) - raft.server.rpc.sleep.time = 25ms (default)
2019-09-19 14:40:10,050 [afbae23f-b8a7-4a0f-ac57-bc0dcc025f7c:group-8470D79F4598:LeaderElection43] INFO  server.RaftServerConfigKeys (ConfUtils.java:logGet(43)) - raft.server.write.element-limit = 4096 (default)
2019-09-19 14:40:10,050 [afbae23f-b8a7-4a0f-ac57-bc0dcc025f7c:group-8470D79F4598:LeaderElection43] INFO  server.RaftServerConfigKeys (ConfUtils.java:logGet(43)) - raft.server.watch.timeout = 10s (default)
2019-09-19 14:40:10,050 [afbae23f-b8a7-4a0f-ac57-bc0dcc025f7c:group-8470D79F4598:LeaderElection43] INFO  server.RaftServerConfigKeys (ConfUtils.java:logGet(43)) - raft.server.watch.timeout.denomination = 1s (default)
2019-09-19 14:40:10,050 [afbae23f-b8a7-4a0f-ac57-bc0dcc025f7c:group-8470D79F4598:LeaderElection43] INFO  server.RaftServerConfigKeys (ConfUtils.java:logGet(43)) - raft.server.watch.element-limit = 65536 (default)
2019-09-19 14:40:10,050 [afbae23f-b8a7-4a0f-ac57-bc0dcc025f7c:group-8470D79F4598:LeaderElection43] INFO  impl.RoleInfo (RoleInfo.java:updateAndGet(143)) - afbae23f-b8a7-4a0f-ac57-bc0dcc025f7c: start LeaderState
2019-09-19 14:40:10,051 [afbae23f-b8a7-4a0f-ac57-bc0dcc025f7c:group-8470D79F4598:LeaderElection43] INFO  segmented.SegmentedRaftLogWorker (SegmentedRaftLogWorker.java:startLogSegment(380)) - afbae23f-b8a7-4a0f-ac57-bc0dcc025f7c-SegmentedRaftLogWorker:Storage Directory /workdir/hadoop-ozone/ozonefs/target/test-dir/MiniOzoneClusterImpl-889e9801-d8cd-4d64-ad06-78e1b934daf6/datanode-5/data/ratis/19703fca-eb92-49e8-926d-8470d79f4598: Starting segment from index:0
2019-09-19 14:40:10,051 [afbae23f-b8a7-4a0f-ac57-bc0dcc025f7c:group-8470D79F4598:LeaderElection43] INFO  impl.RaftServerImpl (ServerState.java:setRaftConf(361)) - afbae23f-b8a7-4a0f-ac57-bc0dcc025f7c:group-8470D79F4598 set configuration 0: [afbae23f-b8a7-4a0f-ac57-bc0dcc025f7c:192.168.5.132:44695], old=null at 0
2019-09-19 14:40:10,065 [a1dec692-f01d-4dc4-b8c6-c1af31f4a539-SegmentedRaftLogWorker:Storage Directory /workdir/hadoop-ozone/ozonefs/target/test-dir/MiniOzoneClusterImpl-889e9801-d8cd-4d64-ad06-78e1b934daf6/datanode-7/data/ratis/9ad7aa6a-a5f7-4596-8032-6a7abf3ee4b9] INFO  segmented.SegmentedRaftLogWorker (SegmentedRaftLogWorker.java:execute(569)) - a1dec692-f01d-4dc4-b8c6-c1af31f4a539-SegmentedRaftLogWorker:Storage Directory /workdir/hadoop-ozone/ozonefs/target/test-dir/MiniOzoneClusterImpl-889e9801-d8cd-4d64-ad06-78e1b934daf6/datanode-7/data/ratis/9ad7aa6a-a5f7-4596-8032-6a7abf3ee4b9: created new log segment /workdir/hadoop-ozone/ozonefs/target/test-dir/MiniOzoneClusterImpl-889e9801-d8cd-4d64-ad06-78e1b934daf6/datanode-7/data/ratis/9ad7aa6a-a5f7-4596-8032-6a7abf3ee4b9/current/log_inprogress_0
2019-09-19 14:40:10,071 [Thread-417] INFO  impl.FollowerState (FollowerState.java:run(106)) - b84a7c4a-6ef7-4bd2-bf64-eea4d8e07688:group-94AAAC36CF3E changes to CANDIDATE, lastRpcTime:5030, electionTimeout:5030ms
2019-09-19 14:40:10,071 [Thread-417] INFO  impl.RoleInfo (RoleInfo.java:shutdownFollowerState(121)) - b84a7c4a-6ef7-4bd2-bf64-eea4d8e07688: shutdown FollowerState
2019-09-19 14:40:10,071 [Thread-417] INFO  impl.RaftServerImpl (RaftServerImpl.java:setRole(171)) - b84a7c4a-6ef7-4bd2-bf64-eea4d8e07688:group-94AAAC36CF3E changes role from FOLLOWER to CANDIDATE at term 0 for changeToCandidate
2019-09-19 14:40:10,071 [Thread-417] INFO  impl.RoleInfo (RoleInfo.java:updateAndGet(143)) - b84a7c4a-6ef7-4bd2-bf64-eea4d8e07688: start LeaderElection
2019-09-19 14:40:10,091 [b84a7c4a-6ef7-4bd2-bf64-eea4d8e07688:group-94AAAC36CF3E:LeaderElection44] INFO  impl.LeaderElection (LeaderElection.java:askForVotes(181)) - b84a7c4a-6ef7-4bd2-bf64-eea4d8e07688:group-94AAAC36CF3E:LeaderElection44: begin an election at term 1 for -1: [b84a7c4a-6ef7-4bd2-bf64-eea4d8e07688:192.168.5.132:41504], old=null
2019-09-19 14:40:10,091 [b84a7c4a-6ef7-4bd2-bf64-eea4d8e07688:group-94AAAC36CF3E:LeaderElection44] INFO  impl.RoleInfo (RoleInfo.java:shutdownLeaderElection(134)) - b84a7c4a-6ef7-4bd2-bf64-eea4d8e07688: shutdown LeaderElection
2019-09-19 14:40:10,091 [b84a7c4a-6ef7-4bd2-bf64-eea4d8e07688:group-94AAAC36CF3E:LeaderElection44] INFO  impl.RaftServerImpl (RaftServerImpl.java:setRole(171)) - b84a7c4a-6ef7-4bd2-bf64-eea4d8e07688:group-94AAAC36CF3E changes role from CANDIDATE to LEADER at term 1 for changeToLeader
2019-09-19 14:40:10,091 [b84a7c4a-6ef7-4bd2-bf64-eea4d8e07688:group-94AAAC36CF3E:LeaderElection44] INFO  impl.RaftServerImpl (ServerState.java:setLeader(263)) - b84a7c4a-6ef7-4bd2-bf64-eea4d8e07688:group-94AAAC36CF3E change Leader from null to b84a7c4a-6ef7-4bd2-bf64-eea4d8e07688 at term 1 for becomeLeader, leader elected after 5054ms
2019-09-19 14:40:10,091 [b84a7c4a-6ef7-4bd2-bf64-eea4d8e07688:group-94AAAC36CF3E:LeaderElection44] INFO  server.RaftServerConfigKeys (ConfUtils.java:logGet(43)) - raft.server.staging.catchup.gap = 1000 (default)
2019-09-19 14:40:10,091 [b84a7c4a-6ef7-4bd2-bf64-eea4d8e07688:group-94AAAC36CF3E:LeaderElection44] INFO  server.RaftServerConfigKeys (ConfUtils.java:logGet(43)) - raft.server.rpc.sleep.time = 25ms (default)
2019-09-19 14:40:10,092 [b84a7c4a-6ef7-4bd2-bf64-eea4d8e07688:group-94AAAC36CF3E:LeaderElection44] INFO  server.RaftServerConfigKeys (ConfUtils.java:logGet(43)) - raft.server.write.element-limit = 4096 (default)
2019-09-19 14:40:10,092 [b84a7c4a-6ef7-4bd2-bf64-eea4d8e07688:group-94AAAC36CF3E:LeaderElection44] INFO  server.RaftServerConfigKeys (ConfUtils.java:logGet(43)) - raft.server.watch.timeout = 10s (default)
2019-09-19 14:40:10,092 [b84a7c4a-6ef7-4bd2-bf64-eea4d8e07688:group-94AAAC36CF3E:LeaderElection44] INFO  server.RaftServerConfigKeys (ConfUtils.java:logGet(43)) - raft.server.watch.timeout.denomination = 1s (default)
2019-09-19 14:40:10,092 [b84a7c4a-6ef7-4bd2-bf64-eea4d8e07688:group-94AAAC36CF3E:LeaderElection44] INFO  server.RaftServerConfigKeys (ConfUtils.java:logGet(43)) - raft.server.watch.element-limit = 65536 (default)
2019-09-19 14:40:10,092 [b84a7c4a-6ef7-4bd2-bf64-eea4d8e07688:group-94AAAC36CF3E:LeaderElection44] INFO  impl.RoleInfo (RoleInfo.java:updateAndGet(143)) - b84a7c4a-6ef7-4bd2-bf64-eea4d8e07688: start LeaderState
2019-09-19 14:40:10,092 [b84a7c4a-6ef7-4bd2-bf64-eea4d8e07688:group-94AAAC36CF3E:LeaderElection44] INFO  segmented.SegmentedRaftLogWorker (SegmentedRaftLogWorker.java:startLogSegment(380)) - b84a7c4a-6ef7-4bd2-bf64-eea4d8e07688-SegmentedRaftLogWorker:Storage Directory /workdir/hadoop-ozone/ozonefs/target/test-dir/MiniOzoneClusterImpl-889e9801-d8cd-4d64-ad06-78e1b934daf6/datanode-6/data/ratis/4168b524-298d-4a9a-a957-94aaac36cf3e: Starting segment from index:0
2019-09-19 14:40:10,093 [b84a7c4a-6ef7-4bd2-bf64-eea4d8e07688:group-94AAAC36CF3E:LeaderElection44] INFO  impl.RaftServerImpl (ServerState.java:setRaftConf(361)) - b84a7c4a-6ef7-4bd2-bf64-eea4d8e07688:group-94AAAC36CF3E set configuration 0: [b84a7c4a-6ef7-4bd2-bf64-eea4d8e07688:192.168.5.132:41504], old=null at 0
2019-09-19 14:40:10,105 [afbae23f-b8a7-4a0f-ac57-bc0dcc025f7c-SegmentedRaftLogWorker:Storage Directory /workdir/hadoop-ozone/ozonefs/target/test-dir/MiniOzoneClusterImpl-889e9801-d8cd-4d64-ad06-78e1b934daf6/datanode-5/data/ratis/19703fca-eb92-49e8-926d-8470d79f4598] INFO  segmented.SegmentedRaftLogWorker (SegmentedRaftLogWorker.java:execute(569)) - afbae23f-b8a7-4a0f-ac57-bc0dcc025f7c-SegmentedRaftLogWorker:Storage Directory /workdir/hadoop-ozone/ozonefs/target/test-dir/MiniOzoneClusterImpl-889e9801-d8cd-4d64-ad06-78e1b934daf6/datanode-5/data/ratis/19703fca-eb92-49e8-926d-8470d79f4598: created new log segment /workdir/hadoop-ozone/ozonefs/target/test-dir/MiniOzoneClusterImpl-889e9801-d8cd-4d64-ad06-78e1b934daf6/datanode-5/data/ratis/19703fca-eb92-49e8-926d-8470d79f4598/current/log_inprogress_0
2019-09-19 14:40:10,135 [Thread-420] INFO  impl.FollowerState (FollowerState.java:run(106)) - b84a7c4a-6ef7-4bd2-bf64-eea4d8e07688:group-BD3D8A9C920B changes to CANDIDATE, lastRpcTime:5026, electionTimeout:5007ms
2019-09-19 14:40:10,135 [Thread-420] INFO  impl.RoleInfo (RoleInfo.java:shutdownFollowerState(121)) - b84a7c4a-6ef7-4bd2-bf64-eea4d8e07688: shutdown FollowerState
2019-09-19 14:40:10,135 [Thread-420] INFO  impl.RaftServerImpl (RaftServerImpl.java:setRole(171)) - b84a7c4a-6ef7-4bd2-bf64-eea4d8e07688:group-BD3D8A9C920B changes role from FOLLOWER to CANDIDATE at term 0 for changeToCandidate
2019-09-19 14:40:10,135 [Thread-420] INFO  impl.RoleInfo (RoleInfo.java:updateAndGet(143)) - b84a7c4a-6ef7-4bd2-bf64-eea4d8e07688: start LeaderElection
2019-09-19 14:40:10,148 [b84a7c4a-6ef7-4bd2-bf64-eea4d8e07688-SegmentedRaftLogWorker:Storage Directory /workdir/hadoop-ozone/ozonefs/target/test-dir/MiniOzoneClusterImpl-889e9801-d8cd-4d64-ad06-78e1b934daf6/datanode-6/data/ratis/4168b524-298d-4a9a-a957-94aaac36cf3e] INFO  segmented.SegmentedRaftLogWorker (SegmentedRaftLogWorker.java:execute(569)) - b84a7c4a-6ef7-4bd2-bf64-eea4d8e07688-SegmentedRaftLogWorker:Storage Directory /workdir/hadoop-ozone/ozonefs/target/test-dir/MiniOzoneClusterImpl-889e9801-d8cd-4d64-ad06-78e1b934daf6/datanode-6/data/ratis/4168b524-298d-4a9a-a957-94aaac36cf3e: created new log segment /workdir/hadoop-ozone/ozonefs/target/test-dir/MiniOzoneClusterImpl-889e9801-d8cd-4d64-ad06-78e1b934daf6/datanode-6/data/ratis/4168b524-298d-4a9a-a957-94aaac36cf3e/current/log_inprogress_0
2019-09-19 14:40:10,148 [b84a7c4a-6ef7-4bd2-bf64-eea4d8e07688:group-BD3D8A9C920B:LeaderElection45] INFO  impl.LeaderElection (LeaderElection.java:askForVotes(181)) - b84a7c4a-6ef7-4bd2-bf64-eea4d8e07688:group-BD3D8A9C920B:LeaderElection45: begin an election at term 1 for -1: [b84a7c4a-6ef7-4bd2-bf64-eea4d8e07688:192.168.5.132:41504], old=null
2019-09-19 14:40:10,149 [b84a7c4a-6ef7-4bd2-bf64-eea4d8e07688:group-BD3D8A9C920B:LeaderElection45] INFO  impl.RoleInfo (RoleInfo.java:shutdownLeaderElection(134)) - b84a7c4a-6ef7-4bd2-bf64-eea4d8e07688: shutdown LeaderElection
2019-09-19 14:40:10,149 [b84a7c4a-6ef7-4bd2-bf64-eea4d8e07688:group-BD3D8A9C920B:LeaderElection45] INFO  impl.RaftServerImpl (RaftServerImpl.java:setRole(171)) - b84a7c4a-6ef7-4bd2-bf64-eea4d8e07688:group-BD3D8A9C920B changes role from CANDIDATE to LEADER at term 1 for changeToLeader
2019-09-19 14:40:10,149 [b84a7c4a-6ef7-4bd2-bf64-eea4d8e07688:group-BD3D8A9C920B:LeaderElection45] INFO  impl.RaftServerImpl (ServerState.java:setLeader(263)) - b84a7c4a-6ef7-4bd2-bf64-eea4d8e07688:group-BD3D8A9C920B change Leader from null to b84a7c4a-6ef7-4bd2-bf64-eea4d8e07688 at term 1 for becomeLeader, leader elected after 5044ms
2019-09-19 14:40:10,149 [b84a7c4a-6ef7-4bd2-bf64-eea4d8e07688:group-BD3D8A9C920B:LeaderElection45] INFO  server.RaftServerConfigKeys (ConfUtils.java:logGet(43)) - raft.server.staging.catchup.gap = 1000 (default)
2019-09-19 14:40:10,149 [b84a7c4a-6ef7-4bd2-bf64-eea4d8e07688:group-BD3D8A9C920B:LeaderElection45] INFO  server.RaftServerConfigKeys (ConfUtils.java:logGet(43)) - raft.server.rpc.sleep.time = 25ms (default)
2019-09-19 14:40:10,149 [b84a7c4a-6ef7-4bd2-bf64-eea4d8e07688:group-BD3D8A9C920B:LeaderElection45] INFO  server.RaftServerConfigKeys (ConfUtils.java:logGet(43)) - raft.server.write.element-limit = 4096 (default)
2019-09-19 14:40:10,150 [b84a7c4a-6ef7-4bd2-bf64-eea4d8e07688:group-BD3D8A9C920B:LeaderElection45] INFO  server.RaftServerConfigKeys (ConfUtils.java:logGet(43)) - raft.server.watch.timeout = 10s (default)
2019-09-19 14:40:10,150 [b84a7c4a-6ef7-4bd2-bf64-eea4d8e07688:group-BD3D8A9C920B:LeaderElection45] INFO  server.RaftServerConfigKeys (ConfUtils.java:logGet(43)) - raft.server.watch.timeout.denomination = 1s (default)
2019-09-19 14:40:10,150 [b84a7c4a-6ef7-4bd2-bf64-eea4d8e07688:group-BD3D8A9C920B:LeaderElection45] INFO  server.RaftServerConfigKeys (ConfUtils.java:logGet(43)) - raft.server.watch.element-limit = 65536 (default)
2019-09-19 14:40:10,150 [b84a7c4a-6ef7-4bd2-bf64-eea4d8e07688:group-BD3D8A9C920B:LeaderElection45] INFO  impl.RoleInfo (RoleInfo.java:updateAndGet(143)) - b84a7c4a-6ef7-4bd2-bf64-eea4d8e07688: start LeaderState
2019-09-19 14:40:10,151 [b84a7c4a-6ef7-4bd2-bf64-eea4d8e07688:group-BD3D8A9C920B:LeaderElection45] INFO  segmented.SegmentedRaftLogWorker (SegmentedRaftLogWorker.java:startLogSegment(380)) - b84a7c4a-6ef7-4bd2-bf64-eea4d8e07688-SegmentedRaftLogWorker:Storage Directory /workdir/hadoop-ozone/ozonefs/target/test-dir/MiniOzoneClusterImpl-889e9801-d8cd-4d64-ad06-78e1b934daf6/datanode-6/data/ratis/0392bf01-85ed-4624-ba3b-bd3d8a9c920b: Starting segment from index:0
2019-09-19 14:40:10,151 [b84a7c4a-6ef7-4bd2-bf64-eea4d8e07688:group-BD3D8A9C920B:LeaderElection45] INFO  impl.RaftServerImpl (ServerState.java:setRaftConf(361)) - b84a7c4a-6ef7-4bd2-bf64-eea4d8e07688:group-BD3D8A9C920B set configuration 0: [b84a7c4a-6ef7-4bd2-bf64-eea4d8e07688:192.168.5.132:41504], old=null at 0
2019-09-19 14:40:10,204 [b84a7c4a-6ef7-4bd2-bf64-eea4d8e07688-SegmentedRaftLogWorker:Storage Directory /workdir/hadoop-ozone/ozonefs/target/test-dir/MiniOzoneClusterImpl-889e9801-d8cd-4d64-ad06-78e1b934daf6/datanode-6/data/ratis/0392bf01-85ed-4624-ba3b-bd3d8a9c920b] INFO  segmented.SegmentedRaftLogWorker (SegmentedRaftLogWorker.java:execute(569)) - b84a7c4a-6ef7-4bd2-bf64-eea4d8e07688-SegmentedRaftLogWorker:Storage Directory /workdir/hadoop-ozone/ozonefs/target/test-dir/MiniOzoneClusterImpl-889e9801-d8cd-4d64-ad06-78e1b934daf6/datanode-6/data/ratis/0392bf01-85ed-4624-ba3b-bd3d8a9c920b: created new log segment /workdir/hadoop-ozone/ozonefs/target/test-dir/MiniOzoneClusterImpl-889e9801-d8cd-4d64-ad06-78e1b934daf6/datanode-6/data/ratis/0392bf01-85ed-4624-ba3b-bd3d8a9c920b/current/log_inprogress_0
2019-09-19 14:40:10,246 | INFO  | SCMAudit | user=jenkins1000 | ip=192.168.5.132 | op=SEND_HEARTBEAT {datanodeUUID=a1dec692-f01d-4dc4-b8c6-c1af31f4a539, command=[]} | ret=SUCCESS |  
2019-09-19 14:40:10,280 | INFO  | SCMAudit | user=jenkins1000 | ip=192.168.5.132 | op=SEND_HEARTBEAT {datanodeUUID=f70b6c3b-be29-4a26-a238-fb2d839120cd, command=[]} | ret=SUCCESS |  
2019-09-19 14:40:10,343 [Thread-429] INFO  impl.FollowerState (FollowerState.java:run(106)) - 7bfd0aba-89d9-48be-a848-6a4500b14ddf:group-47800A5D42C0 changes to CANDIDATE, lastRpcTime:5002, electionTimeout:5002ms
2019-09-19 14:40:10,343 [Thread-429] INFO  impl.RoleInfo (RoleInfo.java:shutdownFollowerState(121)) - 7bfd0aba-89d9-48be-a848-6a4500b14ddf: shutdown FollowerState
2019-09-19 14:40:10,343 [Thread-429] INFO  impl.RaftServerImpl (RaftServerImpl.java:setRole(171)) - 7bfd0aba-89d9-48be-a848-6a4500b14ddf:group-47800A5D42C0 changes role from FOLLOWER to CANDIDATE at term 0 for changeToCandidate
2019-09-19 14:40:10,343 [Thread-429] INFO  impl.RoleInfo (RoleInfo.java:updateAndGet(143)) - 7bfd0aba-89d9-48be-a848-6a4500b14ddf: start LeaderElection
2019-09-19 14:40:10,360 [7bfd0aba-89d9-48be-a848-6a4500b14ddf:group-47800A5D42C0:LeaderElection46] INFO  impl.LeaderElection (LeaderElection.java:askForVotes(181)) - 7bfd0aba-89d9-48be-a848-6a4500b14ddf:group-47800A5D42C0:LeaderElection46: begin an election at term 1 for -1: [7bfd0aba-89d9-48be-a848-6a4500b14ddf:192.168.5.132:45019], old=null
2019-09-19 14:40:10,360 [7bfd0aba-89d9-48be-a848-6a4500b14ddf:group-47800A5D42C0:LeaderElection46] INFO  impl.RoleInfo (RoleInfo.java:shutdownLeaderElection(134)) - 7bfd0aba-89d9-48be-a848-6a4500b14ddf: shutdown LeaderElection
2019-09-19 14:40:10,360 [7bfd0aba-89d9-48be-a848-6a4500b14ddf:group-47800A5D42C0:LeaderElection46] INFO  impl.RaftServerImpl (RaftServerImpl.java:setRole(171)) - 7bfd0aba-89d9-48be-a848-6a4500b14ddf:group-47800A5D42C0 changes role from CANDIDATE to LEADER at term 1 for changeToLeader
2019-09-19 14:40:10,360 [7bfd0aba-89d9-48be-a848-6a4500b14ddf:group-47800A5D42C0:LeaderElection46] INFO  impl.RaftServerImpl (ServerState.java:setLeader(263)) - 7bfd0aba-89d9-48be-a848-6a4500b14ddf:group-47800A5D42C0 change Leader from null to 7bfd0aba-89d9-48be-a848-6a4500b14ddf at term 1 for becomeLeader, leader elected after 5023ms
2019-09-19 14:40:10,360 [7bfd0aba-89d9-48be-a848-6a4500b14ddf:group-47800A5D42C0:LeaderElection46] INFO  server.RaftServerConfigKeys (ConfUtils.java:logGet(43)) - raft.server.staging.catchup.gap = 1000 (default)
2019-09-19 14:40:10,360 [7bfd0aba-89d9-48be-a848-6a4500b14ddf:group-47800A5D42C0:LeaderElection46] INFO  server.RaftServerConfigKeys (ConfUtils.java:logGet(43)) - raft.server.rpc.sleep.time = 25ms (default)
2019-09-19 14:40:10,361 [7bfd0aba-89d9-48be-a848-6a4500b14ddf:group-47800A5D42C0:LeaderElection46] INFO  server.RaftServerConfigKeys (ConfUtils.java:logGet(43)) - raft.server.write.element-limit = 4096 (default)
2019-09-19 14:40:10,361 [7bfd0aba-89d9-48be-a848-6a4500b14ddf:group-47800A5D42C0:LeaderElection46] INFO  server.RaftServerConfigKeys (ConfUtils.java:logGet(43)) - raft.server.watch.timeout = 10s (default)
2019-09-19 14:40:10,361 [7bfd0aba-89d9-48be-a848-6a4500b14ddf:group-47800A5D42C0:LeaderElection46] INFO  server.RaftServerConfigKeys (ConfUtils.java:logGet(43)) - raft.server.watch.timeout.denomination = 1s (default)
2019-09-19 14:40:10,361 [7bfd0aba-89d9-48be-a848-6a4500b14ddf:group-47800A5D42C0:LeaderElection46] INFO  server.RaftServerConfigKeys (ConfUtils.java:logGet(43)) - raft.server.watch.element-limit = 65536 (default)
2019-09-19 14:40:10,361 [7bfd0aba-89d9-48be-a848-6a4500b14ddf:group-47800A5D42C0:LeaderElection46] INFO  impl.RoleInfo (RoleInfo.java:updateAndGet(143)) - 7bfd0aba-89d9-48be-a848-6a4500b14ddf: start LeaderState
2019-09-19 14:40:10,362 [7bfd0aba-89d9-48be-a848-6a4500b14ddf:group-47800A5D42C0:LeaderElection46] INFO  segmented.SegmentedRaftLogWorker (SegmentedRaftLogWorker.java:startLogSegment(380)) - 7bfd0aba-89d9-48be-a848-6a4500b14ddf-SegmentedRaftLogWorker:Storage Directory /workdir/hadoop-ozone/ozonefs/target/test-dir/MiniOzoneClusterImpl-889e9801-d8cd-4d64-ad06-78e1b934daf6/datanode-8/data/ratis/99022dd2-873d-4dd8-9991-47800a5d42c0: Starting segment from index:0
2019-09-19 14:40:10,362 [7bfd0aba-89d9-48be-a848-6a4500b14ddf:group-47800A5D42C0:LeaderElection46] INFO  impl.RaftServerImpl (ServerState.java:setRaftConf(361)) - 7bfd0aba-89d9-48be-a848-6a4500b14ddf:group-47800A5D42C0 set configuration 0: [7bfd0aba-89d9-48be-a848-6a4500b14ddf:192.168.5.132:45019], old=null at 0
2019-09-19 14:40:10,373 | INFO  | SCMAudit | user=jenkins1000 | ip=192.168.5.132 | op=SEND_HEARTBEAT {datanodeUUID=7354d665-2a20-43d9-a220-6cd224d5c3fe, command=[]} | ret=SUCCESS |  
2019-09-19 14:40:10,382 [Thread-423] INFO  impl.FollowerState (FollowerState.java:run(106)) - 942b50b4-c7bf-487c-9057-9f9e637dbe53:group-07C1D3A793DC changes to CANDIDATE, lastRpcTime:5176, electionTimeout:5176ms
2019-09-19 14:40:10,382 [Thread-423] INFO  impl.RoleInfo (RoleInfo.java:shutdownFollowerState(121)) - 942b50b4-c7bf-487c-9057-9f9e637dbe53: shutdown FollowerState
2019-09-19 14:40:10,383 [Thread-423] INFO  impl.RaftServerImpl (RaftServerImpl.java:setRole(171)) - 942b50b4-c7bf-487c-9057-9f9e637dbe53:group-07C1D3A793DC changes role from FOLLOWER to CANDIDATE at term 0 for changeToCandidate
2019-09-19 14:40:10,383 [Thread-423] INFO  impl.RoleInfo (RoleInfo.java:updateAndGet(143)) - 942b50b4-c7bf-487c-9057-9f9e637dbe53: start LeaderElection
2019-09-19 14:40:10,411 [Thread-426] INFO  impl.FollowerState (FollowerState.java:run(106)) - 7bfd0aba-89d9-48be-a848-6a4500b14ddf:group-0D995CD0ABE8 changes to CANDIDATE, lastRpcTime:5139, electionTimeout:5139ms
2019-09-19 14:40:10,412 [Thread-426] INFO  impl.RoleInfo (RoleInfo.java:shutdownFollowerState(121)) - 7bfd0aba-89d9-48be-a848-6a4500b14ddf: shutdown FollowerState
2019-09-19 14:40:10,412 [Thread-426] INFO  impl.RaftServerImpl (RaftServerImpl.java:setRole(171)) - 7bfd0aba-89d9-48be-a848-6a4500b14ddf:group-0D995CD0ABE8 changes role from FOLLOWER to CANDIDATE at term 0 for changeToCandidate
2019-09-19 14:40:10,412 [Thread-426] INFO  impl.RoleInfo (RoleInfo.java:updateAndGet(143)) - 7bfd0aba-89d9-48be-a848-6a4500b14ddf: start LeaderElection
2019-09-19 14:40:10,441 [Thread-432] INFO  impl.FollowerState (FollowerState.java:run(106)) - a1dec692-f01d-4dc4-b8c6-c1af31f4a539:group-CB7ADE55A14D changes to CANDIDATE, lastRpcTime:5022, electionTimeout:5022ms
2019-09-19 14:40:10,442 [Thread-432] INFO  impl.RoleInfo (RoleInfo.java:shutdownFollowerState(121)) - a1dec692-f01d-4dc4-b8c6-c1af31f4a539: shutdown FollowerState
2019-09-19 14:40:10,442 [Thread-432] INFO  impl.RaftServerImpl (RaftServerImpl.java:setRole(171)) - a1dec692-f01d-4dc4-b8c6-c1af31f4a539:group-CB7ADE55A14D changes role from FOLLOWER to CANDIDATE at term 0 for changeToCandidate
2019-09-19 14:40:10,442 [Thread-432] INFO  impl.RoleInfo (RoleInfo.java:updateAndGet(143)) - a1dec692-f01d-4dc4-b8c6-c1af31f4a539: start LeaderElection
2019-09-19 14:40:10,451 [7bfd0aba-89d9-48be-a848-6a4500b14ddf-SegmentedRaftLogWorker:Storage Directory /workdir/hadoop-ozone/ozonefs/target/test-dir/MiniOzoneClusterImpl-889e9801-d8cd-4d64-ad06-78e1b934daf6/datanode-8/data/ratis/99022dd2-873d-4dd8-9991-47800a5d42c0] INFO  segmented.SegmentedRaftLogWorker (SegmentedRaftLogWorker.java:execute(569)) - 7bfd0aba-89d9-48be-a848-6a4500b14ddf-SegmentedRaftLogWorker:Storage Directory /workdir/hadoop-ozone/ozonefs/target/test-dir/MiniOzoneClusterImpl-889e9801-d8cd-4d64-ad06-78e1b934daf6/datanode-8/data/ratis/99022dd2-873d-4dd8-9991-47800a5d42c0: created new log segment /workdir/hadoop-ozone/ozonefs/target/test-dir/MiniOzoneClusterImpl-889e9801-d8cd-4d64-ad06-78e1b934daf6/datanode-8/data/ratis/99022dd2-873d-4dd8-9991-47800a5d42c0/current/log_inprogress_0
2019-09-19 14:40:10,451 [942b50b4-c7bf-487c-9057-9f9e637dbe53:group-07C1D3A793DC:LeaderElection47] INFO  impl.LeaderElection (LeaderElection.java:askForVotes(181)) - 942b50b4-c7bf-487c-9057-9f9e637dbe53:group-07C1D3A793DC:LeaderElection47: begin an election at term 1 for -1: [942b50b4-c7bf-487c-9057-9f9e637dbe53:192.168.5.132:34014], old=null
2019-09-19 14:40:10,451 [942b50b4-c7bf-487c-9057-9f9e637dbe53:group-07C1D3A793DC:LeaderElection47] INFO  impl.RoleInfo (RoleInfo.java:shutdownLeaderElection(134)) - 942b50b4-c7bf-487c-9057-9f9e637dbe53: shutdown LeaderElection
2019-09-19 14:40:10,451 [942b50b4-c7bf-487c-9057-9f9e637dbe53:group-07C1D3A793DC:LeaderElection47] INFO  impl.RaftServerImpl (RaftServerImpl.java:setRole(171)) - 942b50b4-c7bf-487c-9057-9f9e637dbe53:group-07C1D3A793DC changes role from CANDIDATE to LEADER at term 1 for changeToLeader
2019-09-19 14:40:10,452 [942b50b4-c7bf-487c-9057-9f9e637dbe53:group-07C1D3A793DC:LeaderElection47] INFO  impl.RaftServerImpl (ServerState.java:setLeader(263)) - 942b50b4-c7bf-487c-9057-9f9e637dbe53:group-07C1D3A793DC change Leader from null to 942b50b4-c7bf-487c-9057-9f9e637dbe53 at term 1 for becomeLeader, leader elected after 5250ms
2019-09-19 14:40:10,452 [942b50b4-c7bf-487c-9057-9f9e637dbe53:group-07C1D3A793DC:LeaderElection47] INFO  server.RaftServerConfigKeys (ConfUtils.java:logGet(43)) - raft.server.staging.catchup.gap = 1000 (default)
2019-09-19 14:40:10,452 [942b50b4-c7bf-487c-9057-9f9e637dbe53:group-07C1D3A793DC:LeaderElection47] INFO  server.RaftServerConfigKeys (ConfUtils.java:logGet(43)) - raft.server.rpc.sleep.time = 25ms (default)
2019-09-19 14:40:10,452 [942b50b4-c7bf-487c-9057-9f9e637dbe53:group-07C1D3A793DC:LeaderElection47] INFO  server.RaftServerConfigKeys (ConfUtils.java:logGet(43)) - raft.server.write.element-limit = 4096 (default)
2019-09-19 14:40:10,452 [942b50b4-c7bf-487c-9057-9f9e637dbe53:group-07C1D3A793DC:LeaderElection47] INFO  server.RaftServerConfigKeys (ConfUtils.java:logGet(43)) - raft.server.watch.timeout = 10s (default)
2019-09-19 14:40:10,452 [942b50b4-c7bf-487c-9057-9f9e637dbe53:group-07C1D3A793DC:LeaderElection47] INFO  server.RaftServerConfigKeys (ConfUtils.java:logGet(43)) - raft.server.watch.timeout.denomination = 1s (default)
2019-09-19 14:40:10,453 [942b50b4-c7bf-487c-9057-9f9e637dbe53:group-07C1D3A793DC:LeaderElection47] INFO  server.RaftServerConfigKeys (ConfUtils.java:logGet(43)) - raft.server.watch.element-limit = 65536 (default)
2019-09-19 14:40:10,453 [942b50b4-c7bf-487c-9057-9f9e637dbe53:group-07C1D3A793DC:LeaderElection47] INFO  impl.RoleInfo (RoleInfo.java:updateAndGet(143)) - 942b50b4-c7bf-487c-9057-9f9e637dbe53: start LeaderState
2019-09-19 14:40:10,453 [942b50b4-c7bf-487c-9057-9f9e637dbe53:group-07C1D3A793DC:LeaderElection47] INFO  segmented.SegmentedRaftLogWorker (SegmentedRaftLogWorker.java:startLogSegment(380)) - 942b50b4-c7bf-487c-9057-9f9e637dbe53-SegmentedRaftLogWorker:Storage Directory /workdir/hadoop-ozone/ozonefs/target/test-dir/MiniOzoneClusterImpl-889e9801-d8cd-4d64-ad06-78e1b934daf6/datanode-9/data/ratis/6e4214a5-9fe8-48bb-bce4-07c1d3a793dc: Starting segment from index:0
2019-09-19 14:40:10,454 [942b50b4-c7bf-487c-9057-9f9e637dbe53:group-07C1D3A793DC:LeaderElection47] INFO  impl.RaftServerImpl (ServerState.java:setRaftConf(361)) - 942b50b4-c7bf-487c-9057-9f9e637dbe53:group-07C1D3A793DC set configuration 0: [942b50b4-c7bf-487c-9057-9f9e637dbe53:192.168.5.132:34014], old=null at 0
2019-09-19 14:40:10,465 | INFO  | SCMAudit | user=jenkins1000 | ip=192.168.5.132 | op=SEND_HEARTBEAT {datanodeUUID=7bfd0aba-89d9-48be-a848-6a4500b14ddf, command=[]} | ret=SUCCESS |  
2019-09-19 14:40:10,465 [7bfd0aba-89d9-48be-a848-6a4500b14ddf:group-0D995CD0ABE8:LeaderElection48] INFO  impl.LeaderElection (LeaderElection.java:askForVotes(181)) - 7bfd0aba-89d9-48be-a848-6a4500b14ddf:group-0D995CD0ABE8:LeaderElection48: begin an election at term 1 for -1: [7bfd0aba-89d9-48be-a848-6a4500b14ddf:192.168.5.132:45019], old=null
2019-09-19 14:40:10,465 [a1dec692-f01d-4dc4-b8c6-c1af31f4a539:group-CB7ADE55A14D:LeaderElection49] INFO  impl.LeaderElection (LeaderElection.java:askForVotes(181)) - a1dec692-f01d-4dc4-b8c6-c1af31f4a539:group-CB7ADE55A14D:LeaderElection49: begin an election at term 1 for -1: [a1dec692-f01d-4dc4-b8c6-c1af31f4a539:192.168.5.132:43958], old=null
2019-09-19 14:40:10,465 [7bfd0aba-89d9-48be-a848-6a4500b14ddf:group-0D995CD0ABE8:LeaderElection48] INFO  impl.RoleInfo (RoleInfo.java:shutdownLeaderElection(134)) - 7bfd0aba-89d9-48be-a848-6a4500b14ddf: shutdown LeaderElection
2019-09-19 14:40:10,466 [a1dec692-f01d-4dc4-b8c6-c1af31f4a539:group-CB7ADE55A14D:LeaderElection49] INFO  impl.RoleInfo (RoleInfo.java:shutdownLeaderElection(134)) - a1dec692-f01d-4dc4-b8c6-c1af31f4a539: shutdown LeaderElection
2019-09-19 14:40:10,466 [7bfd0aba-89d9-48be-a848-6a4500b14ddf:group-0D995CD0ABE8:LeaderElection48] INFO  impl.RaftServerImpl (RaftServerImpl.java:setRole(171)) - 7bfd0aba-89d9-48be-a848-6a4500b14ddf:group-0D995CD0ABE8 changes role from CANDIDATE to LEADER at term 1 for changeToLeader
2019-09-19 14:40:10,466 [a1dec692-f01d-4dc4-b8c6-c1af31f4a539:group-CB7ADE55A14D:LeaderElection49] INFO  impl.RaftServerImpl (RaftServerImpl.java:setRole(171)) - a1dec692-f01d-4dc4-b8c6-c1af31f4a539:group-CB7ADE55A14D changes role from CANDIDATE to LEADER at term 1 for changeToLeader
2019-09-19 14:40:10,466 [7bfd0aba-89d9-48be-a848-6a4500b14ddf:group-0D995CD0ABE8:LeaderElection48] INFO  impl.RaftServerImpl (ServerState.java:setLeader(263)) - 7bfd0aba-89d9-48be-a848-6a4500b14ddf:group-0D995CD0ABE8 change Leader from null to 7bfd0aba-89d9-48be-a848-6a4500b14ddf at term 1 for becomeLeader, leader elected after 5197ms
2019-09-19 14:40:10,466 [a1dec692-f01d-4dc4-b8c6-c1af31f4a539:group-CB7ADE55A14D:LeaderElection49] INFO  impl.RaftServerImpl (ServerState.java:setLeader(263)) - a1dec692-f01d-4dc4-b8c6-c1af31f4a539:group-CB7ADE55A14D change Leader from null to a1dec692-f01d-4dc4-b8c6-c1af31f4a539 at term 1 for becomeLeader, leader elected after 5054ms
2019-09-19 14:40:10,466 [7bfd0aba-89d9-48be-a848-6a4500b14ddf:group-0D995CD0ABE8:LeaderElection48] INFO  server.RaftServerConfigKeys (ConfUtils.java:logGet(43)) - raft.server.staging.catchup.gap = 1000 (default)
2019-09-19 14:40:10,466 [a1dec692-f01d-4dc4-b8c6-c1af31f4a539:group-CB7ADE55A14D:LeaderElection49] INFO  server.RaftServerConfigKeys (ConfUtils.java:logGet(43)) - raft.server.staging.catchup.gap = 1000 (default)
2019-09-19 14:40:10,467 [7bfd0aba-89d9-48be-a848-6a4500b14ddf:group-0D995CD0ABE8:LeaderElection48] INFO  server.RaftServerConfigKeys (ConfUtils.java:logGet(43)) - raft.server.rpc.sleep.time = 25ms (default)
2019-09-19 14:40:10,467 [a1dec692-f01d-4dc4-b8c6-c1af31f4a539:group-CB7ADE55A14D:LeaderElection49] INFO  server.RaftServerConfigKeys (ConfUtils.java:logGet(43)) - raft.server.rpc.sleep.time = 25ms (default)
2019-09-19 14:40:10,467 [7bfd0aba-89d9-48be-a848-6a4500b14ddf:group-0D995CD0ABE8:LeaderElection48] INFO  server.RaftServerConfigKeys (ConfUtils.java:logGet(43)) - raft.server.write.element-limit = 4096 (default)
2019-09-19 14:40:10,467 [a1dec692-f01d-4dc4-b8c6-c1af31f4a539:group-CB7ADE55A14D:LeaderElection49] INFO  server.RaftServerConfigKeys (ConfUtils.java:logGet(43)) - raft.server.write.element-limit = 4096 (default)
2019-09-19 14:40:10,467 [7bfd0aba-89d9-48be-a848-6a4500b14ddf:group-0D995CD0ABE8:LeaderElection48] INFO  server.RaftServerConfigKeys (ConfUtils.java:logGet(43)) - raft.server.watch.timeout = 10s (default)
2019-09-19 14:40:10,467 [a1dec692-f01d-4dc4-b8c6-c1af31f4a539:group-CB7ADE55A14D:LeaderElection49] INFO  server.RaftServerConfigKeys (ConfUtils.java:logGet(43)) - raft.server.watch.timeout = 10s (default)
2019-09-19 14:40:10,467 [7bfd0aba-89d9-48be-a848-6a4500b14ddf:group-0D995CD0ABE8:LeaderElection48] INFO  server.RaftServerConfigKeys (ConfUtils.java:logGet(43)) - raft.server.watch.timeout.denomination = 1s (default)
2019-09-19 14:40:10,467 [a1dec692-f01d-4dc4-b8c6-c1af31f4a539:group-CB7ADE55A14D:LeaderElection49] INFO  server.RaftServerConfigKeys (ConfUtils.java:logGet(43)) - raft.server.watch.timeout.denomination = 1s (default)
2019-09-19 14:40:10,468 [7bfd0aba-89d9-48be-a848-6a4500b14ddf:group-0D995CD0ABE8:LeaderElection48] INFO  server.RaftServerConfigKeys (ConfUtils.java:logGet(43)) - raft.server.watch.element-limit = 65536 (default)
2019-09-19 14:40:10,468 [a1dec692-f01d-4dc4-b8c6-c1af31f4a539:group-CB7ADE55A14D:LeaderElection49] INFO  server.RaftServerConfigKeys (ConfUtils.java:logGet(43)) - raft.server.watch.element-limit = 65536 (default)
2019-09-19 14:40:10,468 [7bfd0aba-89d9-48be-a848-6a4500b14ddf:group-0D995CD0ABE8:LeaderElection48] INFO  impl.RoleInfo (RoleInfo.java:updateAndGet(143)) - 7bfd0aba-89d9-48be-a848-6a4500b14ddf: start LeaderState
2019-09-19 14:40:10,468 [a1dec692-f01d-4dc4-b8c6-c1af31f4a539:group-CB7ADE55A14D:LeaderElection49] INFO  impl.RoleInfo (RoleInfo.java:updateAndGet(143)) - a1dec692-f01d-4dc4-b8c6-c1af31f4a539: start LeaderState
2019-09-19 14:40:10,468 [7bfd0aba-89d9-48be-a848-6a4500b14ddf:group-0D995CD0ABE8:LeaderElection48] INFO  segmented.SegmentedRaftLogWorker (SegmentedRaftLogWorker.java:startLogSegment(380)) - 7bfd0aba-89d9-48be-a848-6a4500b14ddf-SegmentedRaftLogWorker:Storage Directory /workdir/hadoop-ozone/ozonefs/target/test-dir/MiniOzoneClusterImpl-889e9801-d8cd-4d64-ad06-78e1b934daf6/datanode-8/data/ratis/94103975-c926-4c7c-850b-0d995cd0abe8: Starting segment from index:0
2019-09-19 14:40:10,468 [a1dec692-f01d-4dc4-b8c6-c1af31f4a539:group-CB7ADE55A14D:LeaderElection49] INFO  segmented.SegmentedRaftLogWorker (SegmentedRaftLogWorker.java:startLogSegment(380)) - a1dec692-f01d-4dc4-b8c6-c1af31f4a539-SegmentedRaftLogWorker:Storage Directory /workdir/hadoop-ozone/ozonefs/target/test-dir/MiniOzoneClusterImpl-889e9801-d8cd-4d64-ad06-78e1b934daf6/datanode-7/data/ratis/588b253f-0008-4900-97e7-cb7ade55a14d: Starting segment from index:0
2019-09-19 14:40:10,469 [7bfd0aba-89d9-48be-a848-6a4500b14ddf:group-0D995CD0ABE8:LeaderElection48] INFO  impl.RaftServerImpl (ServerState.java:setRaftConf(361)) - 7bfd0aba-89d9-48be-a848-6a4500b14ddf:group-0D995CD0ABE8 set configuration 0: [7bfd0aba-89d9-48be-a848-6a4500b14ddf:192.168.5.132:45019], old=null at 0
2019-09-19 14:40:10,469 [a1dec692-f01d-4dc4-b8c6-c1af31f4a539:group-CB7ADE55A14D:LeaderElection49] INFO  impl.RaftServerImpl (ServerState.java:setRaftConf(361)) - a1dec692-f01d-4dc4-b8c6-c1af31f4a539:group-CB7ADE55A14D set configuration 0: [a1dec692-f01d-4dc4-b8c6-c1af31f4a539:192.168.5.132:43958], old=null at 0
2019-09-19 14:40:10,516 [a1dec692-f01d-4dc4-b8c6-c1af31f4a539-SegmentedRaftLogWorker:Storage Directory /workdir/hadoop-ozone/ozonefs/target/test-dir/MiniOzoneClusterImpl-889e9801-d8cd-4d64-ad06-78e1b934daf6/datanode-7/data/ratis/588b253f-0008-4900-97e7-cb7ade55a14d] INFO  segmented.SegmentedRaftLogWorker (SegmentedRaftLogWorker.java:execute(569)) - a1dec692-f01d-4dc4-b8c6-c1af31f4a539-SegmentedRaftLogWorker:Storage Directory /workdir/hadoop-ozone/ozonefs/target/test-dir/MiniOzoneClusterImpl-889e9801-d8cd-4d64-ad06-78e1b934daf6/datanode-7/data/ratis/588b253f-0008-4900-97e7-cb7ade55a14d: created new log segment /workdir/hadoop-ozone/ozonefs/target/test-dir/MiniOzoneClusterImpl-889e9801-d8cd-4d64-ad06-78e1b934daf6/datanode-7/data/ratis/588b253f-0008-4900-97e7-cb7ade55a14d/current/log_inprogress_0
2019-09-19 14:40:10,516 [942b50b4-c7bf-487c-9057-9f9e637dbe53-SegmentedRaftLogWorker:Storage Directory /workdir/hadoop-ozone/ozonefs/target/test-dir/MiniOzoneClusterImpl-889e9801-d8cd-4d64-ad06-78e1b934daf6/datanode-9/data/ratis/6e4214a5-9fe8-48bb-bce4-07c1d3a793dc] INFO  segmented.SegmentedRaftLogWorker (SegmentedRaftLogWorker.java:execute(569)) - 942b50b4-c7bf-487c-9057-9f9e637dbe53-SegmentedRaftLogWorker:Storage Directory /workdir/hadoop-ozone/ozonefs/target/test-dir/MiniOzoneClusterImpl-889e9801-d8cd-4d64-ad06-78e1b934daf6/datanode-9/data/ratis/6e4214a5-9fe8-48bb-bce4-07c1d3a793dc: created new log segment /workdir/hadoop-ozone/ozonefs/target/test-dir/MiniOzoneClusterImpl-889e9801-d8cd-4d64-ad06-78e1b934daf6/datanode-9/data/ratis/6e4214a5-9fe8-48bb-bce4-07c1d3a793dc/current/log_inprogress_0
2019-09-19 14:40:10,516 [7bfd0aba-89d9-48be-a848-6a4500b14ddf-SegmentedRaftLogWorker:Storage Directory /workdir/hadoop-ozone/ozonefs/target/test-dir/MiniOzoneClusterImpl-889e9801-d8cd-4d64-ad06-78e1b934daf6/datanode-8/data/ratis/94103975-c926-4c7c-850b-0d995cd0abe8] INFO  segmented.SegmentedRaftLogWorker (SegmentedRaftLogWorker.java:execute(569)) - 7bfd0aba-89d9-48be-a848-6a4500b14ddf-SegmentedRaftLogWorker:Storage Directory /workdir/hadoop-ozone/ozonefs/target/test-dir/MiniOzoneClusterImpl-889e9801-d8cd-4d64-ad06-78e1b934daf6/datanode-8/data/ratis/94103975-c926-4c7c-850b-0d995cd0abe8: created new log segment /workdir/hadoop-ozone/ozonefs/target/test-dir/MiniOzoneClusterImpl-889e9801-d8cd-4d64-ad06-78e1b934daf6/datanode-8/data/ratis/94103975-c926-4c7c-850b-0d995cd0abe8/current/log_inprogress_0
2019-09-19 14:40:10,538 | INFO  | SCMAudit | user=jenkins1000 | ip=192.168.5.132 | op=SEND_HEARTBEAT {datanodeUUID=6aa361a5-10ee-4e6c-9990-87c23e670156, command=[]} | ret=SUCCESS |  
2019-09-19 14:40:10,585 | INFO  | SCMAudit | user=jenkins1000 | ip=192.168.5.132 | op=SEND_HEARTBEAT {datanodeUUID=c157b6a0-3602-4e04-89f3-2eaad4ae05f6, command=[]} | ret=SUCCESS |  
2019-09-19 14:40:10,646 [Thread-438] INFO  impl.FollowerState (FollowerState.java:run(106)) - a1dec692-f01d-4dc4-b8c6-c1af31f4a539:group-017D4710A8E6 changes to CANDIDATE, lastRpcTime:5059, electionTimeout:5059ms
2019-09-19 14:40:10,646 [Thread-438] INFO  impl.RoleInfo (RoleInfo.java:shutdownFollowerState(121)) - a1dec692-f01d-4dc4-b8c6-c1af31f4a539: shutdown FollowerState
2019-09-19 14:40:10,646 [Thread-438] INFO  impl.RaftServerImpl (RaftServerImpl.java:setRole(171)) - a1dec692-f01d-4dc4-b8c6-c1af31f4a539:group-017D4710A8E6 changes role from FOLLOWER to CANDIDATE at term 0 for changeToCandidate
2019-09-19 14:40:10,646 [Thread-438] INFO  impl.RoleInfo (RoleInfo.java:updateAndGet(143)) - a1dec692-f01d-4dc4-b8c6-c1af31f4a539: start LeaderElection
2019-09-19 14:40:10,670 [a1dec692-f01d-4dc4-b8c6-c1af31f4a539:group-017D4710A8E6:LeaderElection50] INFO  impl.LeaderElection (LeaderElection.java:askForVotes(181)) - a1dec692-f01d-4dc4-b8c6-c1af31f4a539:group-017D4710A8E6:LeaderElection50: begin an election at term 1 for -1: [a1dec692-f01d-4dc4-b8c6-c1af31f4a539:192.168.5.132:43958], old=null
2019-09-19 14:40:10,670 [a1dec692-f01d-4dc4-b8c6-c1af31f4a539:group-017D4710A8E6:LeaderElection50] INFO  impl.RoleInfo (RoleInfo.java:shutdownLeaderElection(134)) - a1dec692-f01d-4dc4-b8c6-c1af31f4a539: shutdown LeaderElection
2019-09-19 14:40:10,670 [a1dec692-f01d-4dc4-b8c6-c1af31f4a539:group-017D4710A8E6:LeaderElection50] INFO  impl.RaftServerImpl (RaftServerImpl.java:setRole(171)) - a1dec692-f01d-4dc4-b8c6-c1af31f4a539:group-017D4710A8E6 changes role from CANDIDATE to LEADER at term 1 for changeToLeader
2019-09-19 14:40:10,670 [a1dec692-f01d-4dc4-b8c6-c1af31f4a539:group-017D4710A8E6:LeaderElection50] INFO  impl.RaftServerImpl (ServerState.java:setLeader(263)) - a1dec692-f01d-4dc4-b8c6-c1af31f4a539:group-017D4710A8E6 change Leader from null to a1dec692-f01d-4dc4-b8c6-c1af31f4a539 at term 1 for becomeLeader, leader elected after 5089ms
2019-09-19 14:40:10,670 [a1dec692-f01d-4dc4-b8c6-c1af31f4a539:group-017D4710A8E6:LeaderElection50] INFO  server.RaftServerConfigKeys (ConfUtils.java:logGet(43)) - raft.server.staging.catchup.gap = 1000 (default)
2019-09-19 14:40:10,670 [a1dec692-f01d-4dc4-b8c6-c1af31f4a539:group-017D4710A8E6:LeaderElection50] INFO  server.RaftServerConfigKeys (ConfUtils.java:logGet(43)) - raft.server.rpc.sleep.time = 25ms (default)
2019-09-19 14:40:10,670 [a1dec692-f01d-4dc4-b8c6-c1af31f4a539:group-017D4710A8E6:LeaderElection50] INFO  server.RaftServerConfigKeys (ConfUtils.java:logGet(43)) - raft.server.write.element-limit = 4096 (default)
2019-09-19 14:40:10,670 [a1dec692-f01d-4dc4-b8c6-c1af31f4a539:group-017D4710A8E6:LeaderElection50] INFO  server.RaftServerConfigKeys (ConfUtils.java:logGet(43)) - raft.server.watch.timeout = 10s (default)
2019-09-19 14:40:10,671 [a1dec692-f01d-4dc4-b8c6-c1af31f4a539:group-017D4710A8E6:LeaderElection50] INFO  server.RaftServerConfigKeys (ConfUtils.java:logGet(43)) - raft.server.watch.timeout.denomination = 1s (default)
2019-09-19 14:40:10,671 [a1dec692-f01d-4dc4-b8c6-c1af31f4a539:group-017D4710A8E6:LeaderElection50] INFO  server.RaftServerConfigKeys (ConfUtils.java:logGet(43)) - raft.server.watch.element-limit = 65536 (default)
2019-09-19 14:40:10,671 [a1dec692-f01d-4dc4-b8c6-c1af31f4a539:group-017D4710A8E6:LeaderElection50] INFO  impl.RoleInfo (RoleInfo.java:updateAndGet(143)) - a1dec692-f01d-4dc4-b8c6-c1af31f4a539: start LeaderState
2019-09-19 14:40:10,671 [a1dec692-f01d-4dc4-b8c6-c1af31f4a539:group-017D4710A8E6:LeaderElection50] INFO  segmented.SegmentedRaftLogWorker (SegmentedRaftLogWorker.java:startLogSegment(380)) - a1dec692-f01d-4dc4-b8c6-c1af31f4a539-SegmentedRaftLogWorker:Storage Directory /workdir/hadoop-ozone/ozonefs/target/test-dir/MiniOzoneClusterImpl-889e9801-d8cd-4d64-ad06-78e1b934daf6/datanode-7/data/ratis/6065fc7c-d550-4532-9154-017d4710a8e6: Starting segment from index:0
2019-09-19 14:40:10,671 [a1dec692-f01d-4dc4-b8c6-c1af31f4a539:group-017D4710A8E6:LeaderElection50] INFO  impl.RaftServerImpl (ServerState.java:setRaftConf(361)) - a1dec692-f01d-4dc4-b8c6-c1af31f4a539:group-017D4710A8E6 set configuration 0: [a1dec692-f01d-4dc4-b8c6-c1af31f4a539:192.168.5.132:43958], old=null at 0
2019-09-19 14:40:10,691 [Thread-435] INFO  impl.FollowerState (FollowerState.java:run(106)) - 942b50b4-c7bf-487c-9057-9f9e637dbe53:group-5430856CAA6C changes to CANDIDATE, lastRpcTime:5198, electionTimeout:5198ms
2019-09-19 14:40:10,692 [Thread-435] INFO  impl.RoleInfo (RoleInfo.java:shutdownFollowerState(121)) - 942b50b4-c7bf-487c-9057-9f9e637dbe53: shutdown FollowerState
2019-09-19 14:40:10,692 [Thread-435] INFO  impl.RaftServerImpl (RaftServerImpl.java:setRole(171)) - 942b50b4-c7bf-487c-9057-9f9e637dbe53:group-5430856CAA6C changes role from FOLLOWER to CANDIDATE at term 0 for changeToCandidate
2019-09-19 14:40:10,692 [Thread-435] INFO  impl.RoleInfo (RoleInfo.java:updateAndGet(143)) - 942b50b4-c7bf-487c-9057-9f9e637dbe53: start LeaderElection
2019-09-19 14:40:10,702 | INFO  | SCMAudit | user=jenkins1000 | ip=192.168.5.132 | op=SEND_HEARTBEAT {datanodeUUID=942b50b4-c7bf-487c-9057-9f9e637dbe53, command=[]} | ret=SUCCESS |  
2019-09-19 14:40:10,710 [a1dec692-f01d-4dc4-b8c6-c1af31f4a539-SegmentedRaftLogWorker:Storage Directory /workdir/hadoop-ozone/ozonefs/target/test-dir/MiniOzoneClusterImpl-889e9801-d8cd-4d64-ad06-78e1b934daf6/datanode-7/data/ratis/6065fc7c-d550-4532-9154-017d4710a8e6] INFO  segmented.SegmentedRaftLogWorker (SegmentedRaftLogWorker.java:execute(569)) - a1dec692-f01d-4dc4-b8c6-c1af31f4a539-SegmentedRaftLogWorker:Storage Directory /workdir/hadoop-ozone/ozonefs/target/test-dir/MiniOzoneClusterImpl-889e9801-d8cd-4d64-ad06-78e1b934daf6/datanode-7/data/ratis/6065fc7c-d550-4532-9154-017d4710a8e6: created new log segment /workdir/hadoop-ozone/ozonefs/target/test-dir/MiniOzoneClusterImpl-889e9801-d8cd-4d64-ad06-78e1b934daf6/datanode-7/data/ratis/6065fc7c-d550-4532-9154-017d4710a8e6/current/log_inprogress_0
2019-09-19 14:40:10,710 [942b50b4-c7bf-487c-9057-9f9e637dbe53:group-5430856CAA6C:LeaderElection51] INFO  impl.LeaderElection (LeaderElection.java:askForVotes(181)) - 942b50b4-c7bf-487c-9057-9f9e637dbe53:group-5430856CAA6C:LeaderElection51: begin an election at term 1 for -1: [942b50b4-c7bf-487c-9057-9f9e637dbe53:192.168.5.132:34014], old=null
2019-09-19 14:40:10,710 [942b50b4-c7bf-487c-9057-9f9e637dbe53:group-5430856CAA6C:LeaderElection51] INFO  impl.RoleInfo (RoleInfo.java:shutdownLeaderElection(134)) - 942b50b4-c7bf-487c-9057-9f9e637dbe53: shutdown LeaderElection
2019-09-19 14:40:10,710 [942b50b4-c7bf-487c-9057-9f9e637dbe53:group-5430856CAA6C:LeaderElection51] INFO  impl.RaftServerImpl (RaftServerImpl.java:setRole(171)) - 942b50b4-c7bf-487c-9057-9f9e637dbe53:group-5430856CAA6C changes role from CANDIDATE to LEADER at term 1 for changeToLeader
2019-09-19 14:40:10,710 [942b50b4-c7bf-487c-9057-9f9e637dbe53:group-5430856CAA6C:LeaderElection51] INFO  impl.RaftServerImpl (ServerState.java:setLeader(263)) - 942b50b4-c7bf-487c-9057-9f9e637dbe53:group-5430856CAA6C change Leader from null to 942b50b4-c7bf-487c-9057-9f9e637dbe53 at term 1 for becomeLeader, leader elected after 5222ms
2019-09-19 14:40:10,710 [942b50b4-c7bf-487c-9057-9f9e637dbe53:group-5430856CAA6C:LeaderElection51] INFO  server.RaftServerConfigKeys (ConfUtils.java:logGet(43)) - raft.server.staging.catchup.gap = 1000 (default)
2019-09-19 14:40:10,711 [942b50b4-c7bf-487c-9057-9f9e637dbe53:group-5430856CAA6C:LeaderElection51] INFO  server.RaftServerConfigKeys (ConfUtils.java:logGet(43)) - raft.server.rpc.sleep.time = 25ms (default)
2019-09-19 14:40:10,711 [942b50b4-c7bf-487c-9057-9f9e637dbe53:group-5430856CAA6C:LeaderElection51] INFO  server.RaftServerConfigKeys (ConfUtils.java:logGet(43)) - raft.server.write.element-limit = 4096 (default)
2019-09-19 14:40:10,711 [942b50b4-c7bf-487c-9057-9f9e637dbe53:group-5430856CAA6C:LeaderElection51] INFO  server.RaftServerConfigKeys (ConfUtils.java:logGet(43)) - raft.server.watch.timeout = 10s (default)
2019-09-19 14:40:10,711 [942b50b4-c7bf-487c-9057-9f9e637dbe53:group-5430856CAA6C:LeaderElection51] INFO  server.RaftServerConfigKeys (ConfUtils.java:logGet(43)) - raft.server.watch.timeout.denomination = 1s (default)
2019-09-19 14:40:10,711 [942b50b4-c7bf-487c-9057-9f9e637dbe53:group-5430856CAA6C:LeaderElection51] INFO  server.RaftServerConfigKeys (ConfUtils.java:logGet(43)) - raft.server.watch.element-limit = 65536 (default)
2019-09-19 14:40:10,712 [942b50b4-c7bf-487c-9057-9f9e637dbe53:group-5430856CAA6C:LeaderElection51] INFO  impl.RoleInfo (RoleInfo.java:updateAndGet(143)) - 942b50b4-c7bf-487c-9057-9f9e637dbe53: start LeaderState
2019-09-19 14:40:10,712 [942b50b4-c7bf-487c-9057-9f9e637dbe53:group-5430856CAA6C:LeaderElection51] INFO  segmented.SegmentedRaftLogWorker (SegmentedRaftLogWorker.java:startLogSegment(380)) - 942b50b4-c7bf-487c-9057-9f9e637dbe53-SegmentedRaftLogWorker:Storage Directory /workdir/hadoop-ozone/ozonefs/target/test-dir/MiniOzoneClusterImpl-889e9801-d8cd-4d64-ad06-78e1b934daf6/datanode-9/data/ratis/8ac7356e-dbeb-456f-8d4f-5430856caa6c: Starting segment from index:0
2019-09-19 14:40:10,712 [942b50b4-c7bf-487c-9057-9f9e637dbe53:group-5430856CAA6C:LeaderElection51] INFO  impl.RaftServerImpl (ServerState.java:setRaftConf(361)) - 942b50b4-c7bf-487c-9057-9f9e637dbe53:group-5430856CAA6C set configuration 0: [942b50b4-c7bf-487c-9057-9f9e637dbe53:192.168.5.132:34014], old=null at 0
2019-09-19 14:40:10,737 | INFO  | SCMAudit | user=jenkins1000 | ip=192.168.5.132 | op=SEND_HEARTBEAT {datanodeUUID=afbae23f-b8a7-4a0f-ac57-bc0dcc025f7c, command=[]} | ret=SUCCESS |  
2019-09-19 14:40:10,748 [Thread-444] INFO  impl.FollowerState (FollowerState.java:run(106)) - a1dec692-f01d-4dc4-b8c6-c1af31f4a539:group-E59EF42782B2 changes to CANDIDATE, lastRpcTime:5033, electionTimeout:5033ms
2019-09-19 14:40:10,748 [Thread-444] INFO  impl.RoleInfo (RoleInfo.java:shutdownFollowerState(121)) - a1dec692-f01d-4dc4-b8c6-c1af31f4a539: shutdown FollowerState
2019-09-19 14:40:10,748 [Thread-444] INFO  impl.RaftServerImpl (RaftServerImpl.java:setRole(171)) - a1dec692-f01d-4dc4-b8c6-c1af31f4a539:group-E59EF42782B2 changes role from FOLLOWER to CANDIDATE at term 0 for changeToCandidate
2019-09-19 14:40:10,748 [Thread-444] INFO  impl.RoleInfo (RoleInfo.java:updateAndGet(143)) - a1dec692-f01d-4dc4-b8c6-c1af31f4a539: start LeaderElection
2019-09-19 14:40:10,770 [942b50b4-c7bf-487c-9057-9f9e637dbe53-SegmentedRaftLogWorker:Storage Directory /workdir/hadoop-ozone/ozonefs/target/test-dir/MiniOzoneClusterImpl-889e9801-d8cd-4d64-ad06-78e1b934daf6/datanode-9/data/ratis/8ac7356e-dbeb-456f-8d4f-5430856caa6c] INFO  segmented.SegmentedRaftLogWorker (SegmentedRaftLogWorker.java:execute(569)) - 942b50b4-c7bf-487c-9057-9f9e637dbe53-SegmentedRaftLogWorker:Storage Directory /workdir/hadoop-ozone/ozonefs/target/test-dir/MiniOzoneClusterImpl-889e9801-d8cd-4d64-ad06-78e1b934daf6/datanode-9/data/ratis/8ac7356e-dbeb-456f-8d4f-5430856caa6c: created new log segment /workdir/hadoop-ozone/ozonefs/target/test-dir/MiniOzoneClusterImpl-889e9801-d8cd-4d64-ad06-78e1b934daf6/datanode-9/data/ratis/8ac7356e-dbeb-456f-8d4f-5430856caa6c/current/log_inprogress_0
2019-09-19 14:40:10,770 [a1dec692-f01d-4dc4-b8c6-c1af31f4a539:group-E59EF42782B2:LeaderElection52] INFO  impl.LeaderElection (LeaderElection.java:askForVotes(181)) - a1dec692-f01d-4dc4-b8c6-c1af31f4a539:group-E59EF42782B2:LeaderElection52: begin an election at term 1 for -1: [a1dec692-f01d-4dc4-b8c6-c1af31f4a539:192.168.5.132:43958], old=null
2019-09-19 14:40:10,770 [a1dec692-f01d-4dc4-b8c6-c1af31f4a539:group-E59EF42782B2:LeaderElection52] INFO  impl.RoleInfo (RoleInfo.java:shutdownLeaderElection(134)) - a1dec692-f01d-4dc4-b8c6-c1af31f4a539: shutdown LeaderElection
2019-09-19 14:40:10,770 [a1dec692-f01d-4dc4-b8c6-c1af31f4a539:group-E59EF42782B2:LeaderElection52] INFO  impl.RaftServerImpl (RaftServerImpl.java:setRole(171)) - a1dec692-f01d-4dc4-b8c6-c1af31f4a539:group-E59EF42782B2 changes role from CANDIDATE to LEADER at term 1 for changeToLeader
2019-09-19 14:40:10,770 [a1dec692-f01d-4dc4-b8c6-c1af31f4a539:group-E59EF42782B2:LeaderElection52] INFO  impl.RaftServerImpl (ServerState.java:setLeader(263)) - a1dec692-f01d-4dc4-b8c6-c1af31f4a539:group-E59EF42782B2 change Leader from null to a1dec692-f01d-4dc4-b8c6-c1af31f4a539 at term 1 for becomeLeader, leader elected after 5058ms
2019-09-19 14:40:10,771 [a1dec692-f01d-4dc4-b8c6-c1af31f4a539:group-E59EF42782B2:LeaderElection52] INFO  server.RaftServerConfigKeys (ConfUtils.java:logGet(43)) - raft.server.staging.catchup.gap = 1000 (default)
2019-09-19 14:40:10,771 [a1dec692-f01d-4dc4-b8c6-c1af31f4a539:group-E59EF42782B2:LeaderElection52] INFO  server.RaftServerConfigKeys (ConfUtils.java:logGet(43)) - raft.server.rpc.sleep.time = 25ms (default)
2019-09-19 14:40:10,771 [a1dec692-f01d-4dc4-b8c6-c1af31f4a539:group-E59EF42782B2:LeaderElection52] INFO  server.RaftServerConfigKeys (ConfUtils.java:logGet(43)) - raft.server.write.element-limit = 4096 (default)
2019-09-19 14:40:10,771 [a1dec692-f01d-4dc4-b8c6-c1af31f4a539:group-E59EF42782B2:LeaderElection52] INFO  server.RaftServerConfigKeys (ConfUtils.java:logGet(43)) - raft.server.watch.timeout = 10s (default)
2019-09-19 14:40:10,771 [a1dec692-f01d-4dc4-b8c6-c1af31f4a539:group-E59EF42782B2:LeaderElection52] INFO  server.RaftServerConfigKeys (ConfUtils.java:logGet(43)) - raft.server.watch.timeout.denomination = 1s (default)
2019-09-19 14:40:10,772 [a1dec692-f01d-4dc4-b8c6-c1af31f4a539:group-E59EF42782B2:LeaderElection52] INFO  server.RaftServerConfigKeys (ConfUtils.java:logGet(43)) - raft.server.watch.element-limit = 65536 (default)
2019-09-19 14:40:10,772 [a1dec692-f01d-4dc4-b8c6-c1af31f4a539:group-E59EF42782B2:LeaderElection52] INFO  impl.RoleInfo (RoleInfo.java:updateAndGet(143)) - a1dec692-f01d-4dc4-b8c6-c1af31f4a539: start LeaderState
2019-09-19 14:40:10,772 [a1dec692-f01d-4dc4-b8c6-c1af31f4a539:group-E59EF42782B2:LeaderElection52] INFO  segmented.SegmentedRaftLogWorker (SegmentedRaftLogWorker.java:startLogSegment(380)) - a1dec692-f01d-4dc4-b8c6-c1af31f4a539-SegmentedRaftLogWorker:Storage Directory /workdir/hadoop-ozone/ozonefs/target/test-dir/MiniOzoneClusterImpl-889e9801-d8cd-4d64-ad06-78e1b934daf6/datanode-7/data/ratis/064e5e2f-523b-4f83-a693-e59ef42782b2: Starting segment from index:0
2019-09-19 14:40:10,773 [a1dec692-f01d-4dc4-b8c6-c1af31f4a539:group-E59EF42782B2:LeaderElection52] INFO  impl.RaftServerImpl (ServerState.java:setRaftConf(361)) - a1dec692-f01d-4dc4-b8c6-c1af31f4a539:group-E59EF42782B2 set configuration 0: [a1dec692-f01d-4dc4-b8c6-c1af31f4a539:192.168.5.132:43958], old=null at 0
2019-09-19 14:40:10,773 [Thread-441] INFO  impl.FollowerState (FollowerState.java:run(106)) - a1dec692-f01d-4dc4-b8c6-c1af31f4a539:group-39B56B7DC724 changes to CANDIDATE, lastRpcTime:5113, electionTimeout:5113ms
2019-09-19 14:40:10,774 [Thread-441] INFO  impl.RoleInfo (RoleInfo.java:shutdownFollowerState(121)) - a1dec692-f01d-4dc4-b8c6-c1af31f4a539: shutdown FollowerState
2019-09-19 14:40:10,774 [Thread-441] INFO  impl.RaftServerImpl (RaftServerImpl.java:setRole(171)) - a1dec692-f01d-4dc4-b8c6-c1af31f4a539:group-39B56B7DC724 changes role from FOLLOWER to CANDIDATE at term 0 for changeToCandidate
2019-09-19 14:40:10,774 [Thread-441] INFO  impl.RoleInfo (RoleInfo.java:updateAndGet(143)) - a1dec692-f01d-4dc4-b8c6-c1af31f4a539: start LeaderElection
2019-09-19 14:40:10,787 [a1dec692-f01d-4dc4-b8c6-c1af31f4a539:group-39B56B7DC724:LeaderElection53] INFO  impl.LeaderElection (LeaderElection.java:askForVotes(181)) - a1dec692-f01d-4dc4-b8c6-c1af31f4a539:group-39B56B7DC724:LeaderElection53: begin an election at term 1 for -1: [a1dec692-f01d-4dc4-b8c6-c1af31f4a539:192.168.5.132:43958], old=null
2019-09-19 14:40:10,787 [a1dec692-f01d-4dc4-b8c6-c1af31f4a539:group-39B56B7DC724:LeaderElection53] INFO  impl.RoleInfo (RoleInfo.java:shutdownLeaderElection(134)) - a1dec692-f01d-4dc4-b8c6-c1af31f4a539: shutdown LeaderElection
2019-09-19 14:40:10,788 [a1dec692-f01d-4dc4-b8c6-c1af31f4a539:group-39B56B7DC724:LeaderElection53] INFO  impl.RaftServerImpl (RaftServerImpl.java:setRole(171)) - a1dec692-f01d-4dc4-b8c6-c1af31f4a539:group-39B56B7DC724 changes role from CANDIDATE to LEADER at term 1 for changeToLeader
2019-09-19 14:40:10,788 [a1dec692-f01d-4dc4-b8c6-c1af31f4a539:group-39B56B7DC724:LeaderElection53] INFO  impl.RaftServerImpl (ServerState.java:setLeader(263)) - a1dec692-f01d-4dc4-b8c6-c1af31f4a539:group-39B56B7DC724 change Leader from null to a1dec692-f01d-4dc4-b8c6-c1af31f4a539 at term 1 for becomeLeader, leader elected after 5131ms
2019-09-19 14:40:10,788 [a1dec692-f01d-4dc4-b8c6-c1af31f4a539:group-39B56B7DC724:LeaderElection53] INFO  server.RaftServerConfigKeys (ConfUtils.java:logGet(43)) - raft.server.staging.catchup.gap = 1000 (default)
2019-09-19 14:40:10,788 [a1dec692-f01d-4dc4-b8c6-c1af31f4a539:group-39B56B7DC724:LeaderElection53] INFO  server.RaftServerConfigKeys (ConfUtils.java:logGet(43)) - raft.server.rpc.sleep.time = 25ms (default)
2019-09-19 14:40:10,788 [a1dec692-f01d-4dc4-b8c6-c1af31f4a539:group-39B56B7DC724:LeaderElection53] INFO  server.RaftServerConfigKeys (ConfUtils.java:logGet(43)) - raft.server.write.element-limit = 4096 (default)
2019-09-19 14:40:10,788 [a1dec692-f01d-4dc4-b8c6-c1af31f4a539:group-39B56B7DC724:LeaderElection53] INFO  server.RaftServerConfigKeys (ConfUtils.java:logGet(43)) - raft.server.watch.timeout = 10s (default)
2019-09-19 14:40:10,788 [a1dec692-f01d-4dc4-b8c6-c1af31f4a539:group-39B56B7DC724:LeaderElection53] INFO  server.RaftServerConfigKeys (ConfUtils.java:logGet(43)) - raft.server.watch.timeout.denomination = 1s (default)
2019-09-19 14:40:10,789 [a1dec692-f01d-4dc4-b8c6-c1af31f4a539:group-39B56B7DC724:LeaderElection53] INFO  server.RaftServerConfigKeys (ConfUtils.java:logGet(43)) - raft.server.watch.element-limit = 65536 (default)
2019-09-19 14:40:10,789 [a1dec692-f01d-4dc4-b8c6-c1af31f4a539:group-39B56B7DC724:LeaderElection53] INFO  impl.RoleInfo (RoleInfo.java:updateAndGet(143)) - a1dec692-f01d-4dc4-b8c6-c1af31f4a539: start LeaderState
2019-09-19 14:40:10,789 [a1dec692-f01d-4dc4-b8c6-c1af31f4a539:group-39B56B7DC724:LeaderElection53] INFO  segmented.SegmentedRaftLogWorker (SegmentedRaftLogWorker.java:startLogSegment(380)) - a1dec692-f01d-4dc4-b8c6-c1af31f4a539-SegmentedRaftLogWorker:Storage Directory /workdir/hadoop-ozone/ozonefs/target/test-dir/MiniOzoneClusterImpl-889e9801-d8cd-4d64-ad06-78e1b934daf6/datanode-7/data/ratis/f981db00-2e81-4179-befd-39b56b7dc724: Starting segment from index:0
2019-09-19 14:40:10,790 [a1dec692-f01d-4dc4-b8c6-c1af31f4a539:group-39B56B7DC724:LeaderElection53] INFO  impl.RaftServerImpl (ServerState.java:setRaftConf(361)) - a1dec692-f01d-4dc4-b8c6-c1af31f4a539:group-39B56B7DC724 set configuration 0: [a1dec692-f01d-4dc4-b8c6-c1af31f4a539:192.168.5.132:43958], old=null at 0
2019-09-19 14:40:10,820 [a1dec692-f01d-4dc4-b8c6-c1af31f4a539-SegmentedRaftLogWorker:Storage Directory /workdir/hadoop-ozone/ozonefs/target/test-dir/MiniOzoneClusterImpl-889e9801-d8cd-4d64-ad06-78e1b934daf6/datanode-7/data/ratis/064e5e2f-523b-4f83-a693-e59ef42782b2] INFO  segmented.SegmentedRaftLogWorker (SegmentedRaftLogWorker.java:execute(569)) - a1dec692-f01d-4dc4-b8c6-c1af31f4a539-SegmentedRaftLogWorker:Storage Directory /workdir/hadoop-ozone/ozonefs/target/test-dir/MiniOzoneClusterImpl-889e9801-d8cd-4d64-ad06-78e1b934daf6/datanode-7/data/ratis/064e5e2f-523b-4f83-a693-e59ef42782b2: created new log segment /workdir/hadoop-ozone/ozonefs/target/test-dir/MiniOzoneClusterImpl-889e9801-d8cd-4d64-ad06-78e1b934daf6/datanode-7/data/ratis/064e5e2f-523b-4f83-a693-e59ef42782b2/current/log_inprogress_0
2019-09-19 14:40:10,842 [a1dec692-f01d-4dc4-b8c6-c1af31f4a539-SegmentedRaftLogWorker:Storage Directory /workdir/hadoop-ozone/ozonefs/target/test-dir/MiniOzoneClusterImpl-889e9801-d8cd-4d64-ad06-78e1b934daf6/datanode-7/data/ratis/f981db00-2e81-4179-befd-39b56b7dc724] INFO  segmented.SegmentedRaftLogWorker (SegmentedRaftLogWorker.java:execute(569)) - a1dec692-f01d-4dc4-b8c6-c1af31f4a539-SegmentedRaftLogWorker:Storage Directory /workdir/hadoop-ozone/ozonefs/target/test-dir/MiniOzoneClusterImpl-889e9801-d8cd-4d64-ad06-78e1b934daf6/datanode-7/data/ratis/f981db00-2e81-4179-befd-39b56b7dc724: created new log segment /workdir/hadoop-ozone/ozonefs/target/test-dir/MiniOzoneClusterImpl-889e9801-d8cd-4d64-ad06-78e1b934daf6/datanode-7/data/ratis/f981db00-2e81-4179-befd-39b56b7dc724/current/log_inprogress_0
2019-09-19 14:40:10,846 | INFO  | SCMAudit | user=jenkins1000 | ip=192.168.5.132 | op=SEND_HEARTBEAT {datanodeUUID=cda53276-4c02-47df-9243-aafa1631e748, command=[]} | ret=SUCCESS |  
2019-09-19 14:40:10,871 [Thread-447] INFO  impl.FollowerState (FollowerState.java:run(106)) - a1dec692-f01d-4dc4-b8c6-c1af31f4a539:group-94AEEAAB19DD changes to CANDIDATE, lastRpcTime:5107, electionTimeout:5107ms
2019-09-19 14:40:10,872 [Thread-447] INFO  impl.RoleInfo (RoleInfo.java:shutdownFollowerState(121)) - a1dec692-f01d-4dc4-b8c6-c1af31f4a539: shutdown FollowerState
2019-09-19 14:40:10,872 [Thread-447] INFO  impl.RaftServerImpl (RaftServerImpl.java:setRole(171)) - a1dec692-f01d-4dc4-b8c6-c1af31f4a539:group-94AEEAAB19DD changes role from FOLLOWER to CANDIDATE at term 0 for changeToCandidate
2019-09-19 14:40:10,872 [Thread-447] INFO  impl.RoleInfo (RoleInfo.java:updateAndGet(143)) - a1dec692-f01d-4dc4-b8c6-c1af31f4a539: start LeaderElection
2019-09-19 14:40:10,931 [Thread-450] INFO  impl.FollowerState (FollowerState.java:run(106)) - 7bfd0aba-89d9-48be-a848-6a4500b14ddf:group-B175B188F4FA changes to CANDIDATE, lastRpcTime:5103, electionTimeout:5103ms
2019-09-19 14:40:10,931 [Thread-450] INFO  impl.RoleInfo (RoleInfo.java:shutdownFollowerState(121)) - 7bfd0aba-89d9-48be-a848-6a4500b14ddf: shutdown FollowerState
2019-09-19 14:40:10,931 [Thread-450] INFO  impl.RaftServerImpl (RaftServerImpl.java:setRole(171)) - 7bfd0aba-89d9-48be-a848-6a4500b14ddf:group-B175B188F4FA changes role from FOLLOWER to CANDIDATE at term 0 for changeToCandidate
2019-09-19 14:40:10,931 [Thread-450] INFO  impl.RoleInfo (RoleInfo.java:updateAndGet(143)) - 7bfd0aba-89d9-48be-a848-6a4500b14ddf: start LeaderElection
2019-09-19 14:40:10,941 [a1dec692-f01d-4dc4-b8c6-c1af31f4a539:group-94AEEAAB19DD:LeaderElection54] INFO  impl.LeaderElection (LeaderElection.java:askForVotes(181)) - a1dec692-f01d-4dc4-b8c6-c1af31f4a539:group-94AEEAAB19DD:LeaderElection54: begin an election at term 1 for -1: [a1dec692-f01d-4dc4-b8c6-c1af31f4a539:192.168.5.132:43958], old=null
2019-09-19 14:40:10,942 [a1dec692-f01d-4dc4-b8c6-c1af31f4a539:group-94AEEAAB19DD:LeaderElection54] INFO  impl.RoleInfo (RoleInfo.java:shutdownLeaderElection(134)) - a1dec692-f01d-4dc4-b8c6-c1af31f4a539: shutdown LeaderElection
2019-09-19 14:40:10,942 [a1dec692-f01d-4dc4-b8c6-c1af31f4a539:group-94AEEAAB19DD:LeaderElection54] INFO  impl.RaftServerImpl (RaftServerImpl.java:setRole(171)) - a1dec692-f01d-4dc4-b8c6-c1af31f4a539:group-94AEEAAB19DD changes role from CANDIDATE to LEADER at term 1 for changeToLeader
2019-09-19 14:40:10,942 [a1dec692-f01d-4dc4-b8c6-c1af31f4a539:group-94AEEAAB19DD:LeaderElection54] INFO  impl.RaftServerImpl (ServerState.java:setLeader(263)) - a1dec692-f01d-4dc4-b8c6-c1af31f4a539:group-94AEEAAB19DD change Leader from null to a1dec692-f01d-4dc4-b8c6-c1af31f4a539 at term 1 for becomeLeader, leader elected after 5183ms
2019-09-19 14:40:10,942 [a1dec692-f01d-4dc4-b8c6-c1af31f4a539:group-94AEEAAB19DD:LeaderElection54] INFO  server.RaftServerConfigKeys (ConfUtils.java:logGet(43)) - raft.server.staging.catchup.gap = 1000 (default)
2019-09-19 14:40:10,942 [a1dec692-f01d-4dc4-b8c6-c1af31f4a539:group-94AEEAAB19DD:LeaderElection54] INFO  server.RaftServerConfigKeys (ConfUtils.java:logGet(43)) - raft.server.rpc.sleep.time = 25ms (default)
2019-09-19 14:40:10,942 [a1dec692-f01d-4dc4-b8c6-c1af31f4a539:group-94AEEAAB19DD:LeaderElection54] INFO  server.RaftServerConfigKeys (ConfUtils.java:logGet(43)) - raft.server.write.element-limit = 4096 (default)
2019-09-19 14:40:10,943 [a1dec692-f01d-4dc4-b8c6-c1af31f4a539:group-94AEEAAB19DD:LeaderElection54] INFO  server.RaftServerConfigKeys (ConfUtils.java:logGet(43)) - raft.server.watch.timeout = 10s (default)
2019-09-19 14:40:10,943 [a1dec692-f01d-4dc4-b8c6-c1af31f4a539:group-94AEEAAB19DD:LeaderElection54] INFO  server.RaftServerConfigKeys (ConfUtils.java:logGet(43)) - raft.server.watch.timeout.denomination = 1s (default)
2019-09-19 14:40:10,943 [a1dec692-f01d-4dc4-b8c6-c1af31f4a539:group-94AEEAAB19DD:LeaderElection54] INFO  server.RaftServerConfigKeys (ConfUtils.java:logGet(43)) - raft.server.watch.element-limit = 65536 (default)
2019-09-19 14:40:10,943 [a1dec692-f01d-4dc4-b8c6-c1af31f4a539:group-94AEEAAB19DD:LeaderElection54] INFO  impl.RoleInfo (RoleInfo.java:updateAndGet(143)) - a1dec692-f01d-4dc4-b8c6-c1af31f4a539: start LeaderState
2019-09-19 14:40:10,943 [a1dec692-f01d-4dc4-b8c6-c1af31f4a539:group-94AEEAAB19DD:LeaderElection54] INFO  segmented.SegmentedRaftLogWorker (SegmentedRaftLogWorker.java:startLogSegment(380)) - a1dec692-f01d-4dc4-b8c6-c1af31f4a539-SegmentedRaftLogWorker:Storage Directory /workdir/hadoop-ozone/ozonefs/target/test-dir/MiniOzoneClusterImpl-889e9801-d8cd-4d64-ad06-78e1b934daf6/datanode-7/data/ratis/c1767c15-31cf-401e-adf0-94aeeaab19dd: Starting segment from index:0
2019-09-19 14:40:10,944 [a1dec692-f01d-4dc4-b8c6-c1af31f4a539:group-94AEEAAB19DD:LeaderElection54] INFO  impl.RaftServerImpl (ServerState.java:setRaftConf(361)) - a1dec692-f01d-4dc4-b8c6-c1af31f4a539:group-94AEEAAB19DD set configuration 0: [a1dec692-f01d-4dc4-b8c6-c1af31f4a539:192.168.5.132:43958], old=null at 0
2019-09-19 14:40:10,964 [7bfd0aba-89d9-48be-a848-6a4500b14ddf:group-B175B188F4FA:LeaderElection55] INFO  impl.LeaderElection (LeaderElection.java:askForVotes(181)) - 7bfd0aba-89d9-48be-a848-6a4500b14ddf:group-B175B188F4FA:LeaderElection55: begin an election at term 1 for -1: [7bfd0aba-89d9-48be-a848-6a4500b14ddf:192.168.5.132:45019], old=null
2019-09-19 14:40:10,964 [7bfd0aba-89d9-48be-a848-6a4500b14ddf:group-B175B188F4FA:LeaderElection55] INFO  impl.RoleInfo (RoleInfo.java:shutdownLeaderElection(134)) - 7bfd0aba-89d9-48be-a848-6a4500b14ddf: shutdown LeaderElection
2019-09-19 14:40:10,964 [7bfd0aba-89d9-48be-a848-6a4500b14ddf:group-B175B188F4FA:LeaderElection55] INFO  impl.RaftServerImpl (RaftServerImpl.java:setRole(171)) - 7bfd0aba-89d9-48be-a848-6a4500b14ddf:group-B175B188F4FA changes role from CANDIDATE to LEADER at term 1 for changeToLeader
2019-09-19 14:40:10,964 [7bfd0aba-89d9-48be-a848-6a4500b14ddf:group-B175B188F4FA:LeaderElection55] INFO  impl.RaftServerImpl (ServerState.java:setLeader(263)) - 7bfd0aba-89d9-48be-a848-6a4500b14ddf:group-B175B188F4FA change Leader from null to 7bfd0aba-89d9-48be-a848-6a4500b14ddf at term 1 for becomeLeader, leader elected after 5141ms
2019-09-19 14:40:10,965 [7bfd0aba-89d9-48be-a848-6a4500b14ddf:group-B175B188F4FA:LeaderElection55] INFO  server.RaftServerConfigKeys (ConfUtils.java:logGet(43)) - raft.server.staging.catchup.gap = 1000 (default)
2019-09-19 14:40:10,965 [7bfd0aba-89d9-48be-a848-6a4500b14ddf:group-B175B188F4FA:LeaderElection55] INFO  server.RaftServerConfigKeys (ConfUtils.java:logGet(43)) - raft.server.rpc.sleep.time = 25ms (default)
2019-09-19 14:40:10,965 [7bfd0aba-89d9-48be-a848-6a4500b14ddf:group-B175B188F4FA:LeaderElection55] INFO  server.RaftServerConfigKeys (ConfUtils.java:logGet(43)) - raft.server.write.element-limit = 4096 (default)
2019-09-19 14:40:10,965 [7bfd0aba-89d9-48be-a848-6a4500b14ddf:group-B175B188F4FA:LeaderElection55] INFO  server.RaftServerConfigKeys (ConfUtils.java:logGet(43)) - raft.server.watch.timeout = 10s (default)
2019-09-19 14:40:10,965 [7bfd0aba-89d9-48be-a848-6a4500b14ddf:group-B175B188F4FA:LeaderElection55] INFO  server.RaftServerConfigKeys (ConfUtils.java:logGet(43)) - raft.server.watch.timeout.denomination = 1s (default)
2019-09-19 14:40:10,966 [7bfd0aba-89d9-48be-a848-6a4500b14ddf:group-B175B188F4FA:LeaderElection55] INFO  server.RaftServerConfigKeys (ConfUtils.java:logGet(43)) - raft.server.watch.element-limit = 65536 (default)
2019-09-19 14:40:10,966 [7bfd0aba-89d9-48be-a848-6a4500b14ddf:group-B175B188F4FA:LeaderElection55] INFO  impl.RoleInfo (RoleInfo.java:updateAndGet(143)) - 7bfd0aba-89d9-48be-a848-6a4500b14ddf: start LeaderState
2019-09-19 14:40:10,966 [7bfd0aba-89d9-48be-a848-6a4500b14ddf:group-B175B188F4FA:LeaderElection55] INFO  segmented.SegmentedRaftLogWorker (SegmentedRaftLogWorker.java:startLogSegment(380)) - 7bfd0aba-89d9-48be-a848-6a4500b14ddf-SegmentedRaftLogWorker:Storage Directory /workdir/hadoop-ozone/ozonefs/target/test-dir/MiniOzoneClusterImpl-889e9801-d8cd-4d64-ad06-78e1b934daf6/datanode-8/data/ratis/50efdd74-2d2f-4f60-b17b-b175b188f4fa: Starting segment from index:0
2019-09-19 14:40:10,967 [7bfd0aba-89d9-48be-a848-6a4500b14ddf:group-B175B188F4FA:LeaderElection55] INFO  impl.RaftServerImpl (ServerState.java:setRaftConf(361)) - 7bfd0aba-89d9-48be-a848-6a4500b14ddf:group-B175B188F4FA set configuration 0: [7bfd0aba-89d9-48be-a848-6a4500b14ddf:192.168.5.132:45019], old=null at 0
2019-09-19 14:40:11,007 [a1dec692-f01d-4dc4-b8c6-c1af31f4a539-SegmentedRaftLogWorker:Storage Directory /workdir/hadoop-ozone/ozonefs/target/test-dir/MiniOzoneClusterImpl-889e9801-d8cd-4d64-ad06-78e1b934daf6/datanode-7/data/ratis/c1767c15-31cf-401e-adf0-94aeeaab19dd] INFO  segmented.SegmentedRaftLogWorker (SegmentedRaftLogWorker.java:execute(569)) - a1dec692-f01d-4dc4-b8c6-c1af31f4a539-SegmentedRaftLogWorker:Storage Directory /workdir/hadoop-ozone/ozonefs/target/test-dir/MiniOzoneClusterImpl-889e9801-d8cd-4d64-ad06-78e1b934daf6/datanode-7/data/ratis/c1767c15-31cf-401e-adf0-94aeeaab19dd: created new log segment /workdir/hadoop-ozone/ozonefs/target/test-dir/MiniOzoneClusterImpl-889e9801-d8cd-4d64-ad06-78e1b934daf6/datanode-7/data/ratis/c1767c15-31cf-401e-adf0-94aeeaab19dd/current/log_inprogress_0
2019-09-19 14:40:11,019 [Thread-458] INFO  impl.FollowerState (FollowerState.java:run(106)) - 7bfd0aba-89d9-48be-a848-6a4500b14ddf:group-82ABAD750664 changes to CANDIDATE, lastRpcTime:5014, electionTimeout:5014ms
2019-09-19 14:40:11,019 [Thread-458] INFO  impl.RoleInfo (RoleInfo.java:shutdownFollowerState(121)) - 7bfd0aba-89d9-48be-a848-6a4500b14ddf: shutdown FollowerState
2019-09-19 14:40:11,019 [Thread-458] INFO  impl.RaftServerImpl (RaftServerImpl.java:setRole(171)) - 7bfd0aba-89d9-48be-a848-6a4500b14ddf:group-82ABAD750664 changes role from FOLLOWER to CANDIDATE at term 0 for changeToCandidate
2019-09-19 14:40:11,019 [Thread-458] INFO  impl.RoleInfo (RoleInfo.java:updateAndGet(143)) - 7bfd0aba-89d9-48be-a848-6a4500b14ddf: start LeaderElection
2019-09-19 14:40:11,020 [7bfd0aba-89d9-48be-a848-6a4500b14ddf-SegmentedRaftLogWorker:Storage Directory /workdir/hadoop-ozone/ozonefs/target/test-dir/MiniOzoneClusterImpl-889e9801-d8cd-4d64-ad06-78e1b934daf6/datanode-8/data/ratis/50efdd74-2d2f-4f60-b17b-b175b188f4fa] INFO  segmented.SegmentedRaftLogWorker (SegmentedRaftLogWorker.java:execute(569)) - 7bfd0aba-89d9-48be-a848-6a4500b14ddf-SegmentedRaftLogWorker:Storage Directory /workdir/hadoop-ozone/ozonefs/target/test-dir/MiniOzoneClusterImpl-889e9801-d8cd-4d64-ad06-78e1b934daf6/datanode-8/data/ratis/50efdd74-2d2f-4f60-b17b-b175b188f4fa: created new log segment /workdir/hadoop-ozone/ozonefs/target/test-dir/MiniOzoneClusterImpl-889e9801-d8cd-4d64-ad06-78e1b934daf6/datanode-8/data/ratis/50efdd74-2d2f-4f60-b17b-b175b188f4fa/current/log_inprogress_0
2019-09-19 14:40:11,027 | INFO  | SCMAudit | user=jenkins1000 | ip=192.168.5.132 | op=SEND_HEARTBEAT {datanodeUUID=b84a7c4a-6ef7-4bd2-bf64-eea4d8e07688, command=[]} | ret=SUCCESS |  
2019-09-19 14:40:11,036 [7bfd0aba-89d9-48be-a848-6a4500b14ddf:group-82ABAD750664:LeaderElection56] INFO  impl.LeaderElection (LeaderElection.java:askForVotes(181)) - 7bfd0aba-89d9-48be-a848-6a4500b14ddf:group-82ABAD750664:LeaderElection56: begin an election at term 1 for -1: [7bfd0aba-89d9-48be-a848-6a4500b14ddf:192.168.5.132:45019], old=null
2019-09-19 14:40:11,036 [7bfd0aba-89d9-48be-a848-6a4500b14ddf:group-82ABAD750664:LeaderElection56] INFO  impl.RoleInfo (RoleInfo.java:shutdownLeaderElection(134)) - 7bfd0aba-89d9-48be-a848-6a4500b14ddf: shutdown LeaderElection
2019-09-19 14:40:11,036 [7bfd0aba-89d9-48be-a848-6a4500b14ddf:group-82ABAD750664:LeaderElection56] INFO  impl.RaftServerImpl (RaftServerImpl.java:setRole(171)) - 7bfd0aba-89d9-48be-a848-6a4500b14ddf:group-82ABAD750664 changes role from CANDIDATE to LEADER at term 1 for changeToLeader
2019-09-19 14:40:11,036 [7bfd0aba-89d9-48be-a848-6a4500b14ddf:group-82ABAD750664:LeaderElection56] INFO  impl.RaftServerImpl (ServerState.java:setLeader(263)) - 7bfd0aba-89d9-48be-a848-6a4500b14ddf:group-82ABAD750664 change Leader from null to 7bfd0aba-89d9-48be-a848-6a4500b14ddf at term 1 for becomeLeader, leader elected after 5034ms
2019-09-19 14:40:11,036 [7bfd0aba-89d9-48be-a848-6a4500b14ddf:group-82ABAD750664:LeaderElection56] INFO  server.RaftServerConfigKeys (ConfUtils.java:logGet(43)) - raft.server.staging.catchup.gap = 1000 (default)
2019-09-19 14:40:11,037 [7bfd0aba-89d9-48be-a848-6a4500b14ddf:group-82ABAD750664:LeaderElection56] INFO  server.RaftServerConfigKeys (ConfUtils.java:logGet(43)) - raft.server.rpc.sleep.time = 25ms (default)
2019-09-19 14:40:11,037 [7bfd0aba-89d9-48be-a848-6a4500b14ddf:group-82ABAD750664:LeaderElection56] INFO  server.RaftServerConfigKeys (ConfUtils.java:logGet(43)) - raft.server.write.element-limit = 4096 (default)
2019-09-19 14:40:11,037 [7bfd0aba-89d9-48be-a848-6a4500b14ddf:group-82ABAD750664:LeaderElection56] INFO  server.RaftServerConfigKeys (ConfUtils.java:logGet(43)) - raft.server.watch.timeout = 10s (default)
2019-09-19 14:40:11,037 [7bfd0aba-89d9-48be-a848-6a4500b14ddf:group-82ABAD750664:LeaderElection56] INFO  server.RaftServerConfigKeys (ConfUtils.java:logGet(43)) - raft.server.watch.timeout.denomination = 1s (default)
2019-09-19 14:40:11,037 [7bfd0aba-89d9-48be-a848-6a4500b14ddf:group-82ABAD750664:LeaderElection56] INFO  server.RaftServerConfigKeys (ConfUtils.java:logGet(43)) - raft.server.watch.element-limit = 65536 (default)
2019-09-19 14:40:11,037 [7bfd0aba-89d9-48be-a848-6a4500b14ddf:group-82ABAD750664:LeaderElection56] INFO  impl.RoleInfo (RoleInfo.java:updateAndGet(143)) - 7bfd0aba-89d9-48be-a848-6a4500b14ddf: start LeaderState
2019-09-19 14:40:11,038 [7bfd0aba-89d9-48be-a848-6a4500b14ddf:group-82ABAD750664:LeaderElection56] INFO  segmented.SegmentedRaftLogWorker (SegmentedRaftLogWorker.java:startLogSegment(380)) - 7bfd0aba-89d9-48be-a848-6a4500b14ddf-SegmentedRaftLogWorker:Storage Directory /workdir/hadoop-ozone/ozonefs/target/test-dir/MiniOzoneClusterImpl-889e9801-d8cd-4d64-ad06-78e1b934daf6/datanode-8/data/ratis/e9a3016e-e952-44c3-8636-82abad750664: Starting segment from index:0
2019-09-19 14:40:11,038 [7bfd0aba-89d9-48be-a848-6a4500b14ddf:group-82ABAD750664:LeaderElection56] INFO  impl.RaftServerImpl (ServerState.java:setRaftConf(361)) - 7bfd0aba-89d9-48be-a848-6a4500b14ddf:group-82ABAD750664 set configuration 0: [7bfd0aba-89d9-48be-a848-6a4500b14ddf:192.168.5.132:45019], old=null at 0
2019-09-19 14:40:11,051 [Thread-454] INFO  impl.FollowerState (FollowerState.java:run(106)) - 7bfd0aba-89d9-48be-a848-6a4500b14ddf:group-B5D94F720381 changes to CANDIDATE, lastRpcTime:5110, electionTimeout:5110ms
2019-09-19 14:40:11,051 [Thread-454] INFO  impl.RoleInfo (RoleInfo.java:shutdownFollowerState(121)) - 7bfd0aba-89d9-48be-a848-6a4500b14ddf: shutdown FollowerState
2019-09-19 14:40:11,051 [Thread-454] INFO  impl.RaftServerImpl (RaftServerImpl.java:setRole(171)) - 7bfd0aba-89d9-48be-a848-6a4500b14ddf:group-B5D94F720381 changes role from FOLLOWER to CANDIDATE at term 0 for changeToCandidate
2019-09-19 14:40:11,051 [Thread-454] INFO  impl.RoleInfo (RoleInfo.java:updateAndGet(143)) - 7bfd0aba-89d9-48be-a848-6a4500b14ddf: start LeaderElection
2019-09-19 14:40:11,075 [7bfd0aba-89d9-48be-a848-6a4500b14ddf:group-B5D94F720381:LeaderElection57] INFO  impl.LeaderElection (LeaderElection.java:askForVotes(181)) - 7bfd0aba-89d9-48be-a848-6a4500b14ddf:group-B5D94F720381:LeaderElection57: begin an election at term 1 for -1: [7bfd0aba-89d9-48be-a848-6a4500b14ddf:192.168.5.132:45019], old=null
2019-09-19 14:40:11,076 [7bfd0aba-89d9-48be-a848-6a4500b14ddf:group-B5D94F720381:LeaderElection57] INFO  impl.RoleInfo (RoleInfo.java:shutdownLeaderElection(134)) - 7bfd0aba-89d9-48be-a848-6a4500b14ddf: shutdown LeaderElection
2019-09-19 14:40:11,076 [7bfd0aba-89d9-48be-a848-6a4500b14ddf:group-B5D94F720381:LeaderElection57] INFO  impl.RaftServerImpl (RaftServerImpl.java:setRole(171)) - 7bfd0aba-89d9-48be-a848-6a4500b14ddf:group-B5D94F720381 changes role from CANDIDATE to LEADER at term 1 for changeToLeader
2019-09-19 14:40:11,076 [7bfd0aba-89d9-48be-a848-6a4500b14ddf:group-B5D94F720381:LeaderElection57] INFO  impl.RaftServerImpl (ServerState.java:setLeader(263)) - 7bfd0aba-89d9-48be-a848-6a4500b14ddf:group-B5D94F720381 change Leader from null to 7bfd0aba-89d9-48be-a848-6a4500b14ddf at term 1 for becomeLeader, leader elected after 5138ms
2019-09-19 14:40:11,076 [7bfd0aba-89d9-48be-a848-6a4500b14ddf:group-B5D94F720381:LeaderElection57] INFO  server.RaftServerConfigKeys (ConfUtils.java:logGet(43)) - raft.server.staging.catchup.gap = 1000 (default)
2019-09-19 14:40:11,076 [7bfd0aba-89d9-48be-a848-6a4500b14ddf:group-B5D94F720381:LeaderElection57] INFO  server.RaftServerConfigKeys (ConfUtils.java:logGet(43)) - raft.server.rpc.sleep.time = 25ms (default)
2019-09-19 14:40:11,076 [7bfd0aba-89d9-48be-a848-6a4500b14ddf:group-B5D94F720381:LeaderElection57] INFO  server.RaftServerConfigKeys (ConfUtils.java:logGet(43)) - raft.server.write.element-limit = 4096 (default)
2019-09-19 14:40:11,076 [7bfd0aba-89d9-48be-a848-6a4500b14ddf:group-B5D94F720381:LeaderElection57] INFO  server.RaftServerConfigKeys (ConfUtils.java:logGet(43)) - raft.server.watch.timeout = 10s (default)
2019-09-19 14:40:11,076 [7bfd0aba-89d9-48be-a848-6a4500b14ddf:group-B5D94F720381:LeaderElection57] INFO  server.RaftServerConfigKeys (ConfUtils.java:logGet(43)) - raft.server.watch.timeout.denomination = 1s (default)
2019-09-19 14:40:11,077 [7bfd0aba-89d9-48be-a848-6a4500b14ddf:group-B5D94F720381:LeaderElection57] INFO  server.RaftServerConfigKeys (ConfUtils.java:logGet(43)) - raft.server.watch.element-limit = 65536 (default)
2019-09-19 14:40:11,077 [7bfd0aba-89d9-48be-a848-6a4500b14ddf:group-B5D94F720381:LeaderElection57] INFO  impl.RoleInfo (RoleInfo.java:updateAndGet(143)) - 7bfd0aba-89d9-48be-a848-6a4500b14ddf: start LeaderState
2019-09-19 14:40:11,077 [7bfd0aba-89d9-48be-a848-6a4500b14ddf:group-B5D94F720381:LeaderElection57] INFO  segmented.SegmentedRaftLogWorker (SegmentedRaftLogWorker.java:startLogSegment(380)) - 7bfd0aba-89d9-48be-a848-6a4500b14ddf-SegmentedRaftLogWorker:Storage Directory /workdir/hadoop-ozone/ozonefs/target/test-dir/MiniOzoneClusterImpl-889e9801-d8cd-4d64-ad06-78e1b934daf6/datanode-8/data/ratis/05a6388c-8bc8-4422-9ed3-b5d94f720381: Starting segment from index:0
2019-09-19 14:40:11,078 [7bfd0aba-89d9-48be-a848-6a4500b14ddf:group-B5D94F720381:LeaderElection57] INFO  impl.RaftServerImpl (ServerState.java:setRaftConf(361)) - 7bfd0aba-89d9-48be-a848-6a4500b14ddf:group-B5D94F720381 set configuration 0: [7bfd0aba-89d9-48be-a848-6a4500b14ddf:192.168.5.132:45019], old=null at 0
2019-09-19 14:40:11,096 [7bfd0aba-89d9-48be-a848-6a4500b14ddf-SegmentedRaftLogWorker:Storage Directory /workdir/hadoop-ozone/ozonefs/target/test-dir/MiniOzoneClusterImpl-889e9801-d8cd-4d64-ad06-78e1b934daf6/datanode-8/data/ratis/e9a3016e-e952-44c3-8636-82abad750664] INFO  segmented.SegmentedRaftLogWorker (SegmentedRaftLogWorker.java:execute(569)) - 7bfd0aba-89d9-48be-a848-6a4500b14ddf-SegmentedRaftLogWorker:Storage Directory /workdir/hadoop-ozone/ozonefs/target/test-dir/MiniOzoneClusterImpl-889e9801-d8cd-4d64-ad06-78e1b934daf6/datanode-8/data/ratis/e9a3016e-e952-44c3-8636-82abad750664: created new log segment /workdir/hadoop-ozone/ozonefs/target/test-dir/MiniOzoneClusterImpl-889e9801-d8cd-4d64-ad06-78e1b934daf6/datanode-8/data/ratis/e9a3016e-e952-44c3-8636-82abad750664/current/log_inprogress_0
2019-09-19 14:40:11,109 [Thread-463] INFO  impl.FollowerState (FollowerState.java:run(106)) - 942b50b4-c7bf-487c-9057-9f9e637dbe53:group-D85E527F45F5 changes to CANDIDATE, lastRpcTime:5027, electionTimeout:5027ms
2019-09-19 14:40:11,109 [Thread-463] INFO  impl.RoleInfo (RoleInfo.java:shutdownFollowerState(121)) - 942b50b4-c7bf-487c-9057-9f9e637dbe53: shutdown FollowerState
2019-09-19 14:40:11,109 [Thread-463] INFO  impl.RaftServerImpl (RaftServerImpl.java:setRole(171)) - 942b50b4-c7bf-487c-9057-9f9e637dbe53:group-D85E527F45F5 changes role from FOLLOWER to CANDIDATE at term 0 for changeToCandidate
2019-09-19 14:40:11,110 [Thread-463] INFO  impl.RoleInfo (RoleInfo.java:updateAndGet(143)) - 942b50b4-c7bf-487c-9057-9f9e637dbe53: start LeaderElection
2019-09-19 14:40:11,120 [7bfd0aba-89d9-48be-a848-6a4500b14ddf-SegmentedRaftLogWorker:Storage Directory /workdir/hadoop-ozone/ozonefs/target/test-dir/MiniOzoneClusterImpl-889e9801-d8cd-4d64-ad06-78e1b934daf6/datanode-8/data/ratis/05a6388c-8bc8-4422-9ed3-b5d94f720381] INFO  segmented.SegmentedRaftLogWorker (SegmentedRaftLogWorker.java:execute(569)) - 7bfd0aba-89d9-48be-a848-6a4500b14ddf-SegmentedRaftLogWorker:Storage Directory /workdir/hadoop-ozone/ozonefs/target/test-dir/MiniOzoneClusterImpl-889e9801-d8cd-4d64-ad06-78e1b934daf6/datanode-8/data/ratis/05a6388c-8bc8-4422-9ed3-b5d94f720381: created new log segment /workdir/hadoop-ozone/ozonefs/target/test-dir/MiniOzoneClusterImpl-889e9801-d8cd-4d64-ad06-78e1b934daf6/datanode-8/data/ratis/05a6388c-8bc8-4422-9ed3-b5d94f720381/current/log_inprogress_0
2019-09-19 14:40:11,138 [942b50b4-c7bf-487c-9057-9f9e637dbe53:group-D85E527F45F5:LeaderElection58] INFO  impl.LeaderElection (LeaderElection.java:askForVotes(181)) - 942b50b4-c7bf-487c-9057-9f9e637dbe53:group-D85E527F45F5:LeaderElection58: begin an election at term 1 for -1: [942b50b4-c7bf-487c-9057-9f9e637dbe53:192.168.5.132:34014], old=null
2019-09-19 14:40:11,139 [942b50b4-c7bf-487c-9057-9f9e637dbe53:group-D85E527F45F5:LeaderElection58] INFO  impl.RoleInfo (RoleInfo.java:shutdownLeaderElection(134)) - 942b50b4-c7bf-487c-9057-9f9e637dbe53: shutdown LeaderElection
2019-09-19 14:40:11,139 [942b50b4-c7bf-487c-9057-9f9e637dbe53:group-D85E527F45F5:LeaderElection58] INFO  impl.RaftServerImpl (RaftServerImpl.java:setRole(171)) - 942b50b4-c7bf-487c-9057-9f9e637dbe53:group-D85E527F45F5 changes role from CANDIDATE to LEADER at term 1 for changeToLeader
2019-09-19 14:40:11,139 [942b50b4-c7bf-487c-9057-9f9e637dbe53:group-D85E527F45F5:LeaderElection58] INFO  impl.RaftServerImpl (ServerState.java:setLeader(263)) - 942b50b4-c7bf-487c-9057-9f9e637dbe53:group-D85E527F45F5 change Leader from null to 942b50b4-c7bf-487c-9057-9f9e637dbe53 at term 1 for becomeLeader, leader elected after 5066ms
2019-09-19 14:40:11,139 [942b50b4-c7bf-487c-9057-9f9e637dbe53:group-D85E527F45F5:LeaderElection58] INFO  server.RaftServerConfigKeys (ConfUtils.java:logGet(43)) - raft.server.staging.catchup.gap = 1000 (default)
2019-09-19 14:40:11,139 [942b50b4-c7bf-487c-9057-9f9e637dbe53:group-D85E527F45F5:LeaderElection58] INFO  server.RaftServerConfigKeys (ConfUtils.java:logGet(43)) - raft.server.rpc.sleep.time = 25ms (default)
2019-09-19 14:40:11,139 [942b50b4-c7bf-487c-9057-9f9e637dbe53:group-D85E527F45F5:LeaderElection58] INFO  server.RaftServerConfigKeys (ConfUtils.java:logGet(43)) - raft.server.write.element-limit = 4096 (default)
2019-09-19 14:40:11,140 [942b50b4-c7bf-487c-9057-9f9e637dbe53:group-D85E527F45F5:LeaderElection58] INFO  server.RaftServerConfigKeys (ConfUtils.java:logGet(43)) - raft.server.watch.timeout = 10s (default)
2019-09-19 14:40:11,140 [942b50b4-c7bf-487c-9057-9f9e637dbe53:group-D85E527F45F5:LeaderElection58] INFO  server.RaftServerConfigKeys (ConfUtils.java:logGet(43)) - raft.server.watch.timeout.denomination = 1s (default)
2019-09-19 14:40:11,140 [942b50b4-c7bf-487c-9057-9f9e637dbe53:group-D85E527F45F5:LeaderElection58] INFO  server.RaftServerConfigKeys (ConfUtils.java:logGet(43)) - raft.server.watch.element-limit = 65536 (default)
2019-09-19 14:40:11,140 [942b50b4-c7bf-487c-9057-9f9e637dbe53:group-D85E527F45F5:LeaderElection58] INFO  impl.RoleInfo (RoleInfo.java:updateAndGet(143)) - 942b50b4-c7bf-487c-9057-9f9e637dbe53: start LeaderState
2019-09-19 14:40:11,140 [942b50b4-c7bf-487c-9057-9f9e637dbe53:group-D85E527F45F5:LeaderElection58] INFO  segmented.SegmentedRaftLogWorker (SegmentedRaftLogWorker.java:startLogSegment(380)) - 942b50b4-c7bf-487c-9057-9f9e637dbe53-SegmentedRaftLogWorker:Storage Directory /workdir/hadoop-ozone/ozonefs/target/test-dir/MiniOzoneClusterImpl-889e9801-d8cd-4d64-ad06-78e1b934daf6/datanode-9/data/ratis/81a8a7cc-5070-42cb-8ee6-d85e527f45f5: Starting segment from index:0
2019-09-19 14:40:11,141 [942b50b4-c7bf-487c-9057-9f9e637dbe53:group-D85E527F45F5:LeaderElection58] INFO  impl.RaftServerImpl (ServerState.java:setRaftConf(361)) - 942b50b4-c7bf-487c-9057-9f9e637dbe53:group-D85E527F45F5 set configuration 0: [942b50b4-c7bf-487c-9057-9f9e637dbe53:192.168.5.132:34014], old=null at 0
2019-09-19 14:40:11,208 [Thread-466] INFO  impl.FollowerState (FollowerState.java:run(106)) - 942b50b4-c7bf-487c-9057-9f9e637dbe53:group-A9413BB7F6E6 changes to CANDIDATE, lastRpcTime:5064, electionTimeout:5064ms
2019-09-19 14:40:11,209 [Thread-466] INFO  impl.RoleInfo (RoleInfo.java:shutdownFollowerState(121)) - 942b50b4-c7bf-487c-9057-9f9e637dbe53: shutdown FollowerState
2019-09-19 14:40:11,209 [Thread-466] INFO  impl.RaftServerImpl (RaftServerImpl.java:setRole(171)) - 942b50b4-c7bf-487c-9057-9f9e637dbe53:group-A9413BB7F6E6 changes role from FOLLOWER to CANDIDATE at term 0 for changeToCandidate
2019-09-19 14:40:11,209 [Thread-466] INFO  impl.RoleInfo (RoleInfo.java:updateAndGet(143)) - 942b50b4-c7bf-487c-9057-9f9e637dbe53: start LeaderElection
2019-09-19 14:40:11,209 [942b50b4-c7bf-487c-9057-9f9e637dbe53-SegmentedRaftLogWorker:Storage Directory /workdir/hadoop-ozone/ozonefs/target/test-dir/MiniOzoneClusterImpl-889e9801-d8cd-4d64-ad06-78e1b934daf6/datanode-9/data/ratis/81a8a7cc-5070-42cb-8ee6-d85e527f45f5] INFO  segmented.SegmentedRaftLogWorker (SegmentedRaftLogWorker.java:execute(569)) - 942b50b4-c7bf-487c-9057-9f9e637dbe53-SegmentedRaftLogWorker:Storage Directory /workdir/hadoop-ozone/ozonefs/target/test-dir/MiniOzoneClusterImpl-889e9801-d8cd-4d64-ad06-78e1b934daf6/datanode-9/data/ratis/81a8a7cc-5070-42cb-8ee6-d85e527f45f5: created new log segment /workdir/hadoop-ozone/ozonefs/target/test-dir/MiniOzoneClusterImpl-889e9801-d8cd-4d64-ad06-78e1b934daf6/datanode-9/data/ratis/81a8a7cc-5070-42cb-8ee6-d85e527f45f5/current/log_inprogress_0
2019-09-19 14:40:11,233 [942b50b4-c7bf-487c-9057-9f9e637dbe53:group-A9413BB7F6E6:LeaderElection59] INFO  impl.LeaderElection (LeaderElection.java:askForVotes(181)) - 942b50b4-c7bf-487c-9057-9f9e637dbe53:group-A9413BB7F6E6:LeaderElection59: begin an election at term 1 for -1: [942b50b4-c7bf-487c-9057-9f9e637dbe53:192.168.5.132:34014], old=null
2019-09-19 14:40:11,233 [942b50b4-c7bf-487c-9057-9f9e637dbe53:group-A9413BB7F6E6:LeaderElection59] INFO  impl.RoleInfo (RoleInfo.java:shutdownLeaderElection(134)) - 942b50b4-c7bf-487c-9057-9f9e637dbe53: shutdown LeaderElection
2019-09-19 14:40:11,233 [942b50b4-c7bf-487c-9057-9f9e637dbe53:group-A9413BB7F6E6:LeaderElection59] INFO  impl.RaftServerImpl (RaftServerImpl.java:setRole(171)) - 942b50b4-c7bf-487c-9057-9f9e637dbe53:group-A9413BB7F6E6 changes role from CANDIDATE to LEADER at term 1 for changeToLeader
2019-09-19 14:40:11,233 [942b50b4-c7bf-487c-9057-9f9e637dbe53:group-A9413BB7F6E6:LeaderElection59] INFO  impl.RaftServerImpl (ServerState.java:setLeader(263)) - 942b50b4-c7bf-487c-9057-9f9e637dbe53:group-A9413BB7F6E6 change Leader from null to 942b50b4-c7bf-487c-9057-9f9e637dbe53 at term 1 for becomeLeader, leader elected after 5093ms
2019-09-19 14:40:11,234 [942b50b4-c7bf-487c-9057-9f9e637dbe53:group-A9413BB7F6E6:LeaderElection59] INFO  server.RaftServerConfigKeys (ConfUtils.java:logGet(43)) - raft.server.staging.catchup.gap = 1000 (default)
2019-09-19 14:40:11,234 [942b50b4-c7bf-487c-9057-9f9e637dbe53:group-A9413BB7F6E6:LeaderElection59] INFO  server.RaftServerConfigKeys (ConfUtils.java:logGet(43)) - raft.server.rpc.sleep.time = 25ms (default)
2019-09-19 14:40:11,234 [942b50b4-c7bf-487c-9057-9f9e637dbe53:group-A9413BB7F6E6:LeaderElection59] INFO  server.RaftServerConfigKeys (ConfUtils.java:logGet(43)) - raft.server.write.element-limit = 4096 (default)
2019-09-19 14:40:11,234 [942b50b4-c7bf-487c-9057-9f9e637dbe53:group-A9413BB7F6E6:LeaderElection59] INFO  server.RaftServerConfigKeys (ConfUtils.java:logGet(43)) - raft.server.watch.timeout = 10s (default)
2019-09-19 14:40:11,234 [942b50b4-c7bf-487c-9057-9f9e637dbe53:group-A9413BB7F6E6:LeaderElection59] INFO  server.RaftServerConfigKeys (ConfUtils.java:logGet(43)) - raft.server.watch.timeout.denomination = 1s (default)
2019-09-19 14:40:11,234 [942b50b4-c7bf-487c-9057-9f9e637dbe53:group-A9413BB7F6E6:LeaderElection59] INFO  server.RaftServerConfigKeys (ConfUtils.java:logGet(43)) - raft.server.watch.element-limit = 65536 (default)
2019-09-19 14:40:11,235 [942b50b4-c7bf-487c-9057-9f9e637dbe53:group-A9413BB7F6E6:LeaderElection59] INFO  impl.RoleInfo (RoleInfo.java:updateAndGet(143)) - 942b50b4-c7bf-487c-9057-9f9e637dbe53: start LeaderState
2019-09-19 14:40:11,235 [942b50b4-c7bf-487c-9057-9f9e637dbe53:group-A9413BB7F6E6:LeaderElection59] INFO  segmented.SegmentedRaftLogWorker (SegmentedRaftLogWorker.java:startLogSegment(380)) - 942b50b4-c7bf-487c-9057-9f9e637dbe53-SegmentedRaftLogWorker:Storage Directory /workdir/hadoop-ozone/ozonefs/target/test-dir/MiniOzoneClusterImpl-889e9801-d8cd-4d64-ad06-78e1b934daf6/datanode-9/data/ratis/05cfd697-6bb1-4ba7-b697-a9413bb7f6e6: Starting segment from index:0
2019-09-19 14:40:11,235 [942b50b4-c7bf-487c-9057-9f9e637dbe53:group-A9413BB7F6E6:LeaderElection59] INFO  impl.RaftServerImpl (ServerState.java:setRaftConf(361)) - 942b50b4-c7bf-487c-9057-9f9e637dbe53:group-A9413BB7F6E6 set configuration 0: [942b50b4-c7bf-487c-9057-9f9e637dbe53:192.168.5.132:34014], old=null at 0
2019-09-19 14:40:11,246 | INFO  | SCMAudit | user=jenkins1000 | ip=192.168.5.132 | op=SEND_HEARTBEAT {datanodeUUID=a1dec692-f01d-4dc4-b8c6-c1af31f4a539, command=[]} | ret=SUCCESS |  
2019-09-19 14:40:11,695 [Thread-469] WARN  util.JavaUtils (JavaUtils.java:sleep(250)) - Unexpected long sleep: sleep(5106ms) actually took 5483ms which is over the threshold 300ms
2019-09-19 14:40:11,696 | INFO  | SCMAudit | user=jenkins1000 | ip=192.168.5.132 | op=SEND_HEARTBEAT {datanodeUUID=7bfd0aba-89d9-48be-a848-6a4500b14ddf, command=[]} | ret=SUCCESS |  
2019-09-19 14:40:11,696 | INFO  | SCMAudit | user=jenkins1000 | ip=192.168.5.132 | op=SEND_HEARTBEAT {datanodeUUID=7354d665-2a20-43d9-a220-6cd224d5c3fe, command=[]} | ret=SUCCESS |  
2019-09-19 14:40:11,696 | INFO  | SCMAudit | user=jenkins1000 | ip=192.168.5.132 | op=SEND_HEARTBEAT {datanodeUUID=6aa361a5-10ee-4e6c-9990-87c23e670156, command=[]} | ret=SUCCESS |  
2019-09-19 14:40:11,696 | INFO  | SCMAudit | user=jenkins1000 | ip=192.168.5.132 | op=SEND_HEARTBEAT {datanodeUUID=f70b6c3b-be29-4a26-a238-fb2d839120cd, command=[]} | ret=SUCCESS |  
2019-09-19 14:40:11,696 | INFO  | SCMAudit | user=jenkins1000 | ip=192.168.5.132 | op=SEND_HEARTBEAT {datanodeUUID=c157b6a0-3602-4e04-89f3-2eaad4ae05f6, command=[]} | ret=SUCCESS |  
2019-09-19 14:40:11,702 | INFO  | SCMAudit | user=jenkins1000 | ip=192.168.5.132 | op=SEND_HEARTBEAT {datanodeUUID=942b50b4-c7bf-487c-9057-9f9e637dbe53, command=[]} | ret=SUCCESS |  
2019-09-19 14:40:11,727 [942b50b4-c7bf-487c-9057-9f9e637dbe53-SegmentedRaftLogWorker:Storage Directory /workdir/hadoop-ozone/ozonefs/target/test-dir/MiniOzoneClusterImpl-889e9801-d8cd-4d64-ad06-78e1b934daf6/datanode-9/data/ratis/05cfd697-6bb1-4ba7-b697-a9413bb7f6e6] INFO  segmented.SegmentedRaftLogWorker (SegmentedRaftLogWorker.java:execute(569)) - 942b50b4-c7bf-487c-9057-9f9e637dbe53-SegmentedRaftLogWorker:Storage Directory /workdir/hadoop-ozone/ozonefs/target/test-dir/MiniOzoneClusterImpl-889e9801-d8cd-4d64-ad06-78e1b934daf6/datanode-9/data/ratis/05cfd697-6bb1-4ba7-b697-a9413bb7f6e6: created new log segment /workdir/hadoop-ozone/ozonefs/target/test-dir/MiniOzoneClusterImpl-889e9801-d8cd-4d64-ad06-78e1b934daf6/datanode-9/data/ratis/05cfd697-6bb1-4ba7-b697-a9413bb7f6e6/current/log_inprogress_0
2019-09-19 14:40:11,737 | INFO  | SCMAudit | user=jenkins1000 | ip=192.168.5.132 | op=SEND_HEARTBEAT {datanodeUUID=afbae23f-b8a7-4a0f-ac57-bc0dcc025f7c, command=[]} | ret=SUCCESS |  
2019-09-19 14:40:11,846 | INFO  | SCMAudit | user=jenkins1000 | ip=192.168.5.132 | op=SEND_HEARTBEAT {datanodeUUID=cda53276-4c02-47df-9243-aafa1631e748, command=[]} | ret=SUCCESS |  
2019-09-19 14:40:12,026 | INFO  | SCMAudit | user=jenkins1000 | ip=192.168.5.132 | op=SEND_HEARTBEAT {datanodeUUID=b84a7c4a-6ef7-4bd2-bf64-eea4d8e07688, command=[]} | ret=SUCCESS |  
2019-09-19 14:40:12,154 [IPC Server handler 0 on 42904] ERROR pipeline.PipelinePlacementPolicy (PipelinePlacementPolicy.java:meetCriteria(91)) - Pipeline Placement: Doesn't meet the criteria to be viable node. Heaviness: 6
2019-09-19 14:40:12,154 [IPC Server handler 0 on 42904] ERROR pipeline.PipelinePlacementPolicy (PipelinePlacementPolicy.java:meetCriteria(91)) - Pipeline Placement: Doesn't meet the criteria to be viable node. Heaviness: 6
2019-09-19 14:40:12,155 [IPC Server handler 0 on 42904] ERROR pipeline.PipelinePlacementPolicy (PipelinePlacementPolicy.java:meetCriteria(91)) - Pipeline Placement: Doesn't meet the criteria to be viable node. Heaviness: 6
2019-09-19 14:40:12,155 [IPC Server handler 0 on 42904] ERROR pipeline.PipelinePlacementPolicy (PipelinePlacementPolicy.java:meetCriteria(91)) - Pipeline Placement: Doesn't meet the criteria to be viable node. Heaviness: 6
2019-09-19 14:40:12,155 [IPC Server handler 0 on 42904] ERROR pipeline.PipelinePlacementPolicy (PipelinePlacementPolicy.java:meetCriteria(91)) - Pipeline Placement: Doesn't meet the criteria to be viable node. Heaviness: 6
2019-09-19 14:40:12,155 [IPC Server handler 0 on 42904] ERROR pipeline.PipelinePlacementPolicy (PipelinePlacementPolicy.java:meetCriteria(91)) - Pipeline Placement: Doesn't meet the criteria to be viable node. Heaviness: 6
2019-09-19 14:40:12,155 [IPC Server handler 0 on 42904] ERROR pipeline.PipelinePlacementPolicy (PipelinePlacementPolicy.java:meetCriteria(91)) - Pipeline Placement: Doesn't meet the criteria to be viable node. Heaviness: 6
2019-09-19 14:40:12,156 [IPC Server handler 0 on 42904] ERROR pipeline.PipelinePlacementPolicy (PipelinePlacementPolicy.java:meetCriteria(91)) - Pipeline Placement: Doesn't meet the criteria to be viable node. Heaviness: 6
2019-09-19 14:40:12,156 [IPC Server handler 0 on 42904] ERROR pipeline.PipelinePlacementPolicy (PipelinePlacementPolicy.java:meetCriteria(91)) - Pipeline Placement: Doesn't meet the criteria to be viable node. Heaviness: 6
2019-09-19 14:40:12,156 [IPC Server handler 0 on 42904] ERROR pipeline.PipelinePlacementPolicy (PipelinePlacementPolicy.java:meetCriteria(91)) - Pipeline Placement: Doesn't meet the criteria to be viable node. Heaviness: 6
2019-09-19 14:40:12,156 [IPC Server handler 0 on 42904] ERROR pipeline.PipelinePlacementPolicy (PipelinePlacementPolicy.java:filterViableNodes(146)) - Unable to find enough nodes that meet the criteria that cannot engage in more than 5 pipelines. Nodes required: 3 Found: 0, healthy nodes count inNodeManager: 10.
2019-09-19 14:40:12,156 [IPC Server handler 0 on 42904] ERROR pipeline.SCMPipelineManager (SCMPipelineManager.java:createPipeline(161)) - Pipeline creation failed due to exception: Unable to find enough nodes that meet the criteria that cannot engage in more than 5 pipelines. Nodes required: 3 Found: 0, healthy nodes count inNodeManager: 10.
2019-09-19 14:40:12,157 [IPC Server handler 0 on 42904] WARN  block.BlockManagerImpl (BlockManagerImpl.java:allocateBlock(192)) - Pipeline creation failed for type:RATIS factor:THREE. Retrying get pipelines call once.
org.apache.hadoop.hdds.scm.exceptions.SCMException: Unable to find enough nodes that meet the criteria that cannot engage in more than 5 pipelines. Nodes required: 3 Found: 0, healthy nodes count inNodeManager: 10.
	at org.apache.hadoop.hdds.scm.pipeline.PipelinePlacementPolicy.filterViableNodes(PipelinePlacementPolicy.java:147)
	at org.apache.hadoop.hdds.scm.pipeline.PipelinePlacementPolicy.chooseDatanodes(PipelinePlacementPolicy.java:170)
	at org.apache.hadoop.hdds.scm.pipeline.RatisPipelineProvider.create(RatisPipelineProvider.java:92)
	at org.apache.hadoop.hdds.scm.pipeline.PipelineFactory.create(PipelineFactory.java:57)
	at org.apache.hadoop.hdds.scm.pipeline.SCMPipelineManager.createPipeline(SCMPipelineManager.java:149)
	at org.apache.hadoop.hdds.scm.block.BlockManagerImpl.allocateBlock(BlockManagerImpl.java:190)
	at org.apache.hadoop.hdds.scm.server.SCMBlockProtocolServer.allocateBlock(SCMBlockProtocolServer.java:175)
	at org.apache.hadoop.ozone.protocolPB.ScmBlockLocationProtocolServerSideTranslatorPB.allocateScmBlock(ScmBlockLocationProtocolServerSideTranslatorPB.java:153)
	at org.apache.hadoop.ozone.protocolPB.ScmBlockLocationProtocolServerSideTranslatorPB.send(ScmBlockLocationProtocolServerSideTranslatorPB.java:112)
	at org.apache.hadoop.hdds.protocol.proto.ScmBlockLocationProtocolProtos$ScmBlockLocationProtocolService$2.callBlockingMethod(ScmBlockLocationProtocolProtos.java:13157)
	at org.apache.hadoop.ipc.ProtobufRpcEngine$Server$ProtoBufRpcInvoker.call(ProtobufRpcEngine.java:524)
	at org.apache.hadoop.ipc.RPC$Server.call(RPC.java:1025)
	at org.apache.hadoop.ipc.Server$RpcCall.run(Server.java:876)
	at org.apache.hadoop.ipc.Server$RpcCall.run(Server.java:822)
	at java.security.AccessController.doPrivileged(Native Method)
	at javax.security.auth.Subject.doAs(Subject.java:422)
	at org.apache.hadoop.security.UserGroupInformation.doAs(UserGroupInformation.java:1730)
	at org.apache.hadoop.ipc.Server$Handler.run(Server.java:2682)
2019-09-19 14:40:12,159 [IPC Server handler 0 on 42904] INFO  block.BlockManagerImpl (BlockManagerImpl.java:allocateBlock(198)) - Could not find available pipeline of type:RATIS and factor:THREE even after retrying
2019-09-19 14:40:12,160 [IPC Server handler 0 on 42904] ERROR block.BlockManagerImpl (BlockManagerImpl.java:allocateBlock(222)) - Unable to allocate a block for the size: 4194304, type: RATIS, factor: THREE
2019-09-19 14:40:12,160 | INFO  | SCMAudit | user=jenkins1000 | ip=192.168.5.132 | op=ALLOCATE_BLOCK {owner=bb7e542e-1547-4289-8bb1-6e731d42f055, size=4194304, type=RATIS, factor=THREE} | ret=SUCCESS |  
2019-09-19 14:40:12,166 | ERROR | OMAudit | user=jenkins1000 | ip=127.0.0.1 | op=CREATE_FILE {volume=volume27944, bucket=bucket21310, key=eIcw4, dataSize=0, replicationType=RATIS, replicationFactor=THREE, keyLocationInfo=null} | ret=FAILURE | org.apache.hadoop.hdds.scm.exceptions.SCMException: Allocated 0 blocks. Requested 1 blocks
	at org.apache.hadoop.hdds.scm.protocolPB.ScmBlockLocationProtocolClientSideTranslatorPB.handleError(ScmBlockLocationProtocolClientSideTranslatorPB.java:118)
	at org.apache.hadoop.hdds.scm.protocolPB.ScmBlockLocationProtocolClientSideTranslatorPB.allocateBlock(ScmBlockLocationProtocolClientSideTranslatorPB.java:156) 
2019-09-19 14:40:12,172 [main] INFO  ozone.MiniOzoneClusterImpl (MiniOzoneClusterImpl.java:shutdown(321)) - Shutting down the Mini Ozone Cluster
2019-09-19 14:40:12,173 | INFO  | SCMAudit | user=null | ip=null | op=GET_SCM_INFO null | ret=SUCCESS |  
2019-09-19 14:40:12,174 [main] INFO  ozone.MiniOzoneClusterImpl (MiniOzoneClusterImpl.java:stop(336)) - Stopping the Mini Ozone Cluster
2019-09-19 14:40:12,174 [main] INFO  ozone.MiniOzoneClusterImpl (MiniOzoneClusterImpl.java:stop(338)) - Stopping the OzoneManager
2019-09-19 14:40:12,174 [main] INFO  ipc.Server (Server.java:stop(3082)) - Stopping server on 41769
2019-09-19 14:40:12,191 [IPC Server listener on 41769] INFO  ipc.Server (Server.java:run(1185)) - Stopping IPC Server listener on 41769
2019-09-19 14:40:12,191 [main] INFO  ratis.OzoneManagerDoubleBuffer (OzoneManagerDoubleBuffer.java:stop(248)) - Stopping OMDoubleBuffer flush thread
2019-09-19 14:40:12,195 [IPC Server Responder] INFO  ipc.Server (Server.java:run(1319)) - Stopping IPC Server Responder
2019-09-19 14:40:12,222 [OMDoubleBufferFlushThread] INFO  ratis.OzoneManagerDoubleBuffer (OzoneManagerDoubleBuffer.java:flushTransactions(191)) - OMDoubleBuffer flush thread OMDoubleBufferFlushThread is interrupted and will exit. OMDoubleBufferFlushThread
2019-09-19 14:40:12,225 [main] INFO  utils.BackgroundService (BackgroundService.java:shutdown(148)) - Shutting down service KeyDeletingService
2019-09-19 14:40:12,229 [main] INFO  handler.ContextHandler (ContextHandler.java:doStop(910)) - Stopped o.e.j.w.WebAppContext@2098d37d{/,null,UNAVAILABLE}{/ozoneManager}
2019-09-19 14:40:12,233 [main] INFO  server.AbstractConnector (AbstractConnector.java:doStop(318)) - Stopped ServerConnector@77b9d0c7{HTTP/1.1,[http/1.1]}{0.0.0.0:0}
2019-09-19 14:40:12,234 [main] INFO  handler.ContextHandler (ContextHandler.java:doStop(910)) - Stopped o.e.j.s.ServletContextHandler@e4d2696{/static,jar:file:/home/user/.m2/repository/org/apache/hadoop/hadoop-ozone-ozone-manager/0.5.0-SNAPSHOT/hadoop-ozone-ozone-manager-0.5.0-SNAPSHOT.jar!/webapps/static,UNAVAILABLE}
2019-09-19 14:40:12,234 [main] INFO  handler.ContextHandler (ContextHandler.java:doStop(910)) - Stopped o.e.j.s.ServletContextHandler@109d724c{/logs,file:///workdir/hadoop-ozone/ozonefs/target/log,UNAVAILABLE}
2019-09-19 14:40:12,239 [main] INFO  ozone.MiniOzoneClusterImpl (MiniOzoneClusterImpl.java:stop(344)) - Shutting the HddsDatanodes
2019-09-19 14:40:12,240 [main] INFO  datanode.ObjectStoreHandler (ObjectStoreHandler.java:close(155)) - Closing ObjectStoreHandler.
2019-09-19 14:40:12,240 [ForkJoinPool.commonPool-worker-1] INFO  datanode.ObjectStoreHandler (ObjectStoreHandler.java:close(155)) - Closing ObjectStoreHandler.
2019-09-19 14:40:12,243 [main] INFO  ozone.HddsDatanodeService (HddsDatanodeService.java:stop(451)) - Stopped plug-in org.apache.hadoop.ozone.web.OzoneHddsDatanodeService@2296127
2019-09-19 14:40:12,243 [ForkJoinPool.commonPool-worker-1] INFO  ozone.HddsDatanodeService (HddsDatanodeService.java:stop(451)) - Stopped plug-in org.apache.hadoop.ozone.web.OzoneHddsDatanodeService@3487442d
2019-09-19 14:40:12,247 | INFO  | SCMAudit | user=jenkins1000 | ip=192.168.5.132 | op=SEND_HEARTBEAT {datanodeUUID=a1dec692-f01d-4dc4-b8c6-c1af31f4a539, command=[]} | ret=SUCCESS |  
2019-09-19 14:40:12,595 | INFO  | SCMAudit | user=jenkins1000 | ip=192.168.5.132 | op=SEND_HEARTBEAT {datanodeUUID=c157b6a0-3602-4e04-89f3-2eaad4ae05f6, command=[]} | ret=SUCCESS |  
2019-09-19 14:40:12,693 | INFO  | SCMAudit | user=jenkins1000 | ip=192.168.5.132 | op=SEND_HEARTBEAT {datanodeUUID=6aa361a5-10ee-4e6c-9990-87c23e670156, command=[]} | ret=SUCCESS |  
2019-09-19 14:40:12,694 | INFO  | SCMAudit | user=jenkins1000 | ip=192.168.5.132 | op=SEND_HEARTBEAT {datanodeUUID=7bfd0aba-89d9-48be-a848-6a4500b14ddf, command=[]} | ret=SUCCESS |  
2019-09-19 14:40:12,695 | INFO  | SCMAudit | user=jenkins1000 | ip=192.168.5.132 | op=SEND_HEARTBEAT {datanodeUUID=7354d665-2a20-43d9-a220-6cd224d5c3fe, command=[]} | ret=SUCCESS |  
2019-09-19 14:40:12,696 | INFO  | SCMAudit | user=jenkins1000 | ip=192.168.5.132 | op=SEND_HEARTBEAT {datanodeUUID=f70b6c3b-be29-4a26-a238-fb2d839120cd, command=[]} | ret=SUCCESS |  
2019-09-19 14:40:12,702 | INFO  | SCMAudit | user=jenkins1000 | ip=192.168.5.132 | op=SEND_HEARTBEAT {datanodeUUID=942b50b4-c7bf-487c-9057-9f9e637dbe53, command=[]} | ret=SUCCESS |  
2019-09-19 14:40:12,735 [Datanode State Machine Thread - 0] INFO  statemachine.DatanodeStateMachine (DatanodeStateMachine.java:lambda$startDaemon$0(350)) - Ozone container server started.
2019-09-19 14:40:12,845 [Datanode State Machine Thread - 0] INFO  statemachine.DatanodeStateMachine (DatanodeStateMachine.java:lambda$startDaemon$0(350)) - Ozone container server started.
2019-09-19 14:40:13,027 | INFO  | SCMAudit | user=jenkins1000 | ip=192.168.5.132 | op=SEND_HEARTBEAT {datanodeUUID=b84a7c4a-6ef7-4bd2-bf64-eea4d8e07688, command=[]} | ret=SUCCESS |  
2019-09-19 14:40:13,247 | INFO  | SCMAudit | user=jenkins1000 | ip=192.168.5.132 | op=SEND_HEARTBEAT {datanodeUUID=a1dec692-f01d-4dc4-b8c6-c1af31f4a539, command=[]} | ret=SUCCESS |  
2019-09-19 14:40:13,595 | INFO  | SCMAudit | user=jenkins1000 | ip=192.168.5.132 | op=SEND_HEARTBEAT {datanodeUUID=c157b6a0-3602-4e04-89f3-2eaad4ae05f6, command=[]} | ret=SUCCESS |  
2019-09-19 14:40:13,693 | INFO  | SCMAudit | user=jenkins1000 | ip=192.168.5.132 | op=SEND_HEARTBEAT {datanodeUUID=6aa361a5-10ee-4e6c-9990-87c23e670156, command=[]} | ret=SUCCESS |  
2019-09-19 14:40:13,694 | INFO  | SCMAudit | user=jenkins1000 | ip=192.168.5.132 | op=SEND_HEARTBEAT {datanodeUUID=7bfd0aba-89d9-48be-a848-6a4500b14ddf, command=[]} | ret=SUCCESS |  
2019-09-19 14:40:13,696 | INFO  | SCMAudit | user=jenkins1000 | ip=192.168.5.132 | op=SEND_HEARTBEAT {datanodeUUID=7354d665-2a20-43d9-a220-6cd224d5c3fe, command=[]} | ret=SUCCESS |  
2019-09-19 14:40:13,696 | INFO  | SCMAudit | user=jenkins1000 | ip=192.168.5.132 | op=SEND_HEARTBEAT {datanodeUUID=f70b6c3b-be29-4a26-a238-fb2d839120cd, command=[]} | ret=SUCCESS |  
2019-09-19 14:40:13,702 | INFO  | SCMAudit | user=jenkins1000 | ip=192.168.5.132 | op=SEND_HEARTBEAT {datanodeUUID=942b50b4-c7bf-487c-9057-9f9e637dbe53, command=[]} | ret=SUCCESS |  
2019-09-19 14:40:14,027 | INFO  | SCMAudit | user=jenkins1000 | ip=192.168.5.132 | op=SEND_HEARTBEAT {datanodeUUID=b84a7c4a-6ef7-4bd2-bf64-eea4d8e07688, command=[]} | ret=SUCCESS |  
2019-09-19 14:40:14,248 | INFO  | SCMAudit | user=jenkins1000 | ip=192.168.5.132 | op=SEND_HEARTBEAT {datanodeUUID=a1dec692-f01d-4dc4-b8c6-c1af31f4a539, command=[]} | ret=SUCCESS |  
2019-09-19 14:40:14,596 | INFO  | SCMAudit | user=jenkins1000 | ip=192.168.5.132 | op=SEND_HEARTBEAT {datanodeUUID=c157b6a0-3602-4e04-89f3-2eaad4ae05f6, command=[]} | ret=SUCCESS |  
2019-09-19 14:40:14,693 | INFO  | SCMAudit | user=jenkins1000 | ip=192.168.5.132 | op=SEND_HEARTBEAT {datanodeUUID=6aa361a5-10ee-4e6c-9990-87c23e670156, command=[]} | ret=SUCCESS |  
2019-09-19 14:40:14,694 | INFO  | SCMAudit | user=jenkins1000 | ip=192.168.5.132 | op=SEND_HEARTBEAT {datanodeUUID=7bfd0aba-89d9-48be-a848-6a4500b14ddf, command=[]} | ret=SUCCESS |  
2019-09-19 14:40:14,696 | INFO  | SCMAudit | user=jenkins1000 | ip=192.168.5.132 | op=SEND_HEARTBEAT {datanodeUUID=f70b6c3b-be29-4a26-a238-fb2d839120cd, command=[]} | ret=SUCCESS |  
2019-09-19 14:40:14,696 | INFO  | SCMAudit | user=jenkins1000 | ip=192.168.5.132 | op=SEND_HEARTBEAT {datanodeUUID=7354d665-2a20-43d9-a220-6cd224d5c3fe, command=[]} | ret=SUCCESS |  
2019-09-19 14:40:14,702 | INFO  | SCMAudit | user=jenkins1000 | ip=192.168.5.132 | op=SEND_HEARTBEAT {datanodeUUID=942b50b4-c7bf-487c-9057-9f9e637dbe53, command=[]} | ret=SUCCESS |  
2019-09-19 14:40:15,027 | INFO  | SCMAudit | user=jenkins1000 | ip=192.168.5.132 | op=SEND_HEARTBEAT {datanodeUUID=b84a7c4a-6ef7-4bd2-bf64-eea4d8e07688, command=[]} | ret=SUCCESS |  
2019-09-19 14:40:15,252 | INFO  | SCMAudit | user=jenkins1000 | ip=192.168.5.132 | op=SEND_HEARTBEAT {datanodeUUID=a1dec692-f01d-4dc4-b8c6-c1af31f4a539, command=[]} | ret=SUCCESS |  
2019-09-19 14:40:15,596 | INFO  | SCMAudit | user=jenkins1000 | ip=192.168.5.132 | op=SEND_HEARTBEAT {datanodeUUID=c157b6a0-3602-4e04-89f3-2eaad4ae05f6, command=[]} | ret=SUCCESS |  
2019-09-19 14:40:15,693 | INFO  | SCMAudit | user=jenkins1000 | ip=192.168.5.132 | op=SEND_HEARTBEAT {datanodeUUID=6aa361a5-10ee-4e6c-9990-87c23e670156, command=[]} | ret=SUCCESS |  
2019-09-19 14:40:15,694 | INFO  | SCMAudit | user=jenkins1000 | ip=192.168.5.132 | op=SEND_HEARTBEAT {datanodeUUID=7bfd0aba-89d9-48be-a848-6a4500b14ddf, command=[]} | ret=SUCCESS |  
2019-09-19 14:40:15,696 | INFO  | SCMAudit | user=jenkins1000 | ip=192.168.5.132 | op=SEND_HEARTBEAT {datanodeUUID=7354d665-2a20-43d9-a220-6cd224d5c3fe, command=[]} | ret=SUCCESS |  
2019-09-19 14:40:15,696 | INFO  | SCMAudit | user=jenkins1000 | ip=192.168.5.132 | op=SEND_HEARTBEAT {datanodeUUID=f70b6c3b-be29-4a26-a238-fb2d839120cd, command=[]} | ret=SUCCESS |  
2019-09-19 14:40:15,702 | INFO  | SCMAudit | user=jenkins1000 | ip=192.168.5.132 | op=SEND_HEARTBEAT {datanodeUUID=942b50b4-c7bf-487c-9057-9f9e637dbe53, command=[]} | ret=SUCCESS |  
2019-09-19 14:40:16,027 | INFO  | SCMAudit | user=jenkins1000 | ip=192.168.5.132 | op=SEND_HEARTBEAT {datanodeUUID=b84a7c4a-6ef7-4bd2-bf64-eea4d8e07688, command=[]} | ret=SUCCESS |  
2019-09-19 14:40:16,247 | INFO  | SCMAudit | user=jenkins1000 | ip=192.168.5.132 | op=SEND_HEARTBEAT {datanodeUUID=a1dec692-f01d-4dc4-b8c6-c1af31f4a539, command=[]} | ret=SUCCESS |  
2019-09-19 14:40:16,596 | INFO  | SCMAudit | user=jenkins1000 | ip=192.168.5.132 | op=SEND_HEARTBEAT {datanodeUUID=c157b6a0-3602-4e04-89f3-2eaad4ae05f6, command=[]} | ret=SUCCESS |  
2019-09-19 14:40:16,693 | INFO  | SCMAudit | user=jenkins1000 | ip=192.168.5.132 | op=SEND_HEARTBEAT {datanodeUUID=6aa361a5-10ee-4e6c-9990-87c23e670156, command=[]} | ret=SUCCESS |  
2019-09-19 14:40:16,694 | INFO  | SCMAudit | user=jenkins1000 | ip=192.168.5.132 | op=SEND_HEARTBEAT {datanodeUUID=7bfd0aba-89d9-48be-a848-6a4500b14ddf, command=[]} | ret=SUCCESS |  
2019-09-19 14:40:16,696 | INFO  | SCMAudit | user=jenkins1000 | ip=192.168.5.132 | op=SEND_HEARTBEAT {datanodeUUID=f70b6c3b-be29-4a26-a238-fb2d839120cd, command=[]} | ret=SUCCESS |  
2019-09-19 14:40:16,696 | INFO  | SCMAudit | user=jenkins1000 | ip=192.168.5.132 | op=SEND_HEARTBEAT {datanodeUUID=7354d665-2a20-43d9-a220-6cd224d5c3fe, command=[]} | ret=SUCCESS |  
2019-09-19 14:40:16,703 | INFO  | SCMAudit | user=jenkins1000 | ip=192.168.5.132 | op=SEND_HEARTBEAT {datanodeUUID=942b50b4-c7bf-487c-9057-9f9e637dbe53, command=[]} | ret=SUCCESS |  
2019-09-19 14:40:16,874 [Thread-469] INFO  impl.FollowerState (FollowerState.java:run(106)) - 942b50b4-c7bf-487c-9057-9f9e637dbe53:group-8F9847189440 changes to CANDIDATE, lastRpcTime:10662, electionTimeout:5178ms
2019-09-19 14:40:16,874 [Thread-469] INFO  impl.RoleInfo (RoleInfo.java:shutdownFollowerState(121)) - 942b50b4-c7bf-487c-9057-9f9e637dbe53: shutdown FollowerState
2019-09-19 14:40:16,874 [Thread-469] INFO  impl.RaftServerImpl (RaftServerImpl.java:setRole(171)) - 942b50b4-c7bf-487c-9057-9f9e637dbe53:group-8F9847189440 changes role from FOLLOWER to CANDIDATE at term 0 for changeToCandidate
2019-09-19 14:40:16,874 [Thread-469] INFO  impl.RoleInfo (RoleInfo.java:updateAndGet(143)) - 942b50b4-c7bf-487c-9057-9f9e637dbe53: start LeaderElection
2019-09-19 14:40:16,917 [942b50b4-c7bf-487c-9057-9f9e637dbe53:group-8F9847189440:LeaderElection60] INFO  impl.LeaderElection (LeaderElection.java:askForVotes(181)) - 942b50b4-c7bf-487c-9057-9f9e637dbe53:group-8F9847189440:LeaderElection60: begin an election at term 1 for -1: [942b50b4-c7bf-487c-9057-9f9e637dbe53:192.168.5.132:34014], old=null
2019-09-19 14:40:16,917 [942b50b4-c7bf-487c-9057-9f9e637dbe53:group-8F9847189440:LeaderElection60] INFO  impl.RoleInfo (RoleInfo.java:shutdownLeaderElection(134)) - 942b50b4-c7bf-487c-9057-9f9e637dbe53: shutdown LeaderElection
2019-09-19 14:40:16,917 [942b50b4-c7bf-487c-9057-9f9e637dbe53:group-8F9847189440:LeaderElection60] INFO  impl.RaftServerImpl (RaftServerImpl.java:setRole(171)) - 942b50b4-c7bf-487c-9057-9f9e637dbe53:group-8F9847189440 changes role from CANDIDATE to LEADER at term 1 for changeToLeader
2019-09-19 14:40:16,917 [942b50b4-c7bf-487c-9057-9f9e637dbe53:group-8F9847189440:LeaderElection60] INFO  impl.RaftServerImpl (ServerState.java:setLeader(263)) - 942b50b4-c7bf-487c-9057-9f9e637dbe53:group-8F9847189440 change Leader from null to 942b50b4-c7bf-487c-9057-9f9e637dbe53 at term 1 for becomeLeader, leader elected after 10710ms
2019-09-19 14:40:16,917 [942b50b4-c7bf-487c-9057-9f9e637dbe53:group-8F9847189440:LeaderElection60] INFO  server.RaftServerConfigKeys (ConfUtils.java:logGet(43)) - raft.server.staging.catchup.gap = 1000 (default)
2019-09-19 14:40:16,918 [942b50b4-c7bf-487c-9057-9f9e637dbe53:group-8F9847189440:LeaderElection60] INFO  server.RaftServerConfigKeys (ConfUtils.java:logGet(43)) - raft.server.rpc.sleep.time = 25ms (default)
2019-09-19 14:40:16,918 [942b50b4-c7bf-487c-9057-9f9e637dbe53:group-8F9847189440:LeaderElection60] INFO  server.RaftServerConfigKeys (ConfUtils.java:logGet(43)) - raft.server.write.element-limit = 4096 (default)
2019-09-19 14:40:16,918 [942b50b4-c7bf-487c-9057-9f9e637dbe53:group-8F9847189440:LeaderElection60] INFO  server.RaftServerConfigKeys (ConfUtils.java:logGet(43)) - raft.server.watch.timeout = 10s (default)
2019-09-19 14:40:16,918 [942b50b4-c7bf-487c-9057-9f9e637dbe53:group-8F9847189440:LeaderElection60] INFO  server.RaftServerConfigKeys (ConfUtils.java:logGet(43)) - raft.server.watch.timeout.denomination = 1s (default)
2019-09-19 14:40:16,918 [942b50b4-c7bf-487c-9057-9f9e637dbe53:group-8F9847189440:LeaderElection60] INFO  server.RaftServerConfigKeys (ConfUtils.java:logGet(43)) - raft.server.watch.element-limit = 65536 (default)
2019-09-19 14:40:16,919 [942b50b4-c7bf-487c-9057-9f9e637dbe53:group-8F9847189440:LeaderElection60] INFO  impl.RoleInfo (RoleInfo.java:updateAndGet(143)) - 942b50b4-c7bf-487c-9057-9f9e637dbe53: start LeaderState
2019-09-19 14:40:16,919 [942b50b4-c7bf-487c-9057-9f9e637dbe53:group-8F9847189440:LeaderElection60] INFO  segmented.SegmentedRaftLogWorker (SegmentedRaftLogWorker.java:startLogSegment(380)) - 942b50b4-c7bf-487c-9057-9f9e637dbe53-SegmentedRaftLogWorker:Storage Directory /workdir/hadoop-ozone/ozonefs/target/test-dir/MiniOzoneClusterImpl-889e9801-d8cd-4d64-ad06-78e1b934daf6/datanode-9/data/ratis/a3f0ba4f-e436-4058-96e5-8f9847189440: Starting segment from index:0
2019-09-19 14:40:16,919 [942b50b4-c7bf-487c-9057-9f9e637dbe53:group-8F9847189440:LeaderElection60] INFO  impl.RaftServerImpl (ServerState.java:setRaftConf(361)) - 942b50b4-c7bf-487c-9057-9f9e637dbe53:group-8F9847189440 set configuration 0: [942b50b4-c7bf-487c-9057-9f9e637dbe53:192.168.5.132:34014], old=null at 0
2019-09-19 14:40:16,959 [942b50b4-c7bf-487c-9057-9f9e637dbe53-SegmentedRaftLogWorker:Storage Directory /workdir/hadoop-ozone/ozonefs/target/test-dir/MiniOzoneClusterImpl-889e9801-d8cd-4d64-ad06-78e1b934daf6/datanode-9/data/ratis/a3f0ba4f-e436-4058-96e5-8f9847189440] INFO  segmented.SegmentedRaftLogWorker (SegmentedRaftLogWorker.java:execute(569)) - 942b50b4-c7bf-487c-9057-9f9e637dbe53-SegmentedRaftLogWorker:Storage Directory /workdir/hadoop-ozone/ozonefs/target/test-dir/MiniOzoneClusterImpl-889e9801-d8cd-4d64-ad06-78e1b934daf6/datanode-9/data/ratis/a3f0ba4f-e436-4058-96e5-8f9847189440: created new log segment /workdir/hadoop-ozone/ozonefs/target/test-dir/MiniOzoneClusterImpl-889e9801-d8cd-4d64-ad06-78e1b934daf6/datanode-9/data/ratis/a3f0ba4f-e436-4058-96e5-8f9847189440/current/log_inprogress_0
2019-09-19 14:40:17,028 | INFO  | SCMAudit | user=jenkins1000 | ip=192.168.5.132 | op=SEND_HEARTBEAT {datanodeUUID=b84a7c4a-6ef7-4bd2-bf64-eea4d8e07688, command=[]} | ret=SUCCESS |  
2019-09-19 14:40:17,245 [main] INFO  ozoneimpl.OzoneContainer (OzoneContainer.java:stop(199)) - Attempting to stop container services.
2019-09-19 14:40:17,246 [main] INFO  impl.RaftServerProxy (RaftServerProxy.java:lambda$close$4(314)) - afbae23f-b8a7-4a0f-ac57-bc0dcc025f7c: close
2019-09-19 14:40:17,247 [ForkJoinPool.commonPool-worker-1] INFO  ozoneimpl.OzoneContainer (OzoneContainer.java:stop(199)) - Attempting to stop container services.
2019-09-19 14:40:17,247 | INFO  | SCMAudit | user=jenkins1000 | ip=192.168.5.132 | op=SEND_HEARTBEAT {datanodeUUID=a1dec692-f01d-4dc4-b8c6-c1af31f4a539, command=[]} | ret=SUCCESS |  
2019-09-19 14:40:17,247 [ForkJoinPool.commonPool-worker-1] INFO  impl.RaftServerProxy (RaftServerProxy.java:lambda$close$4(314)) - cda53276-4c02-47df-9243-aafa1631e748: close
2019-09-19 14:40:17,249 [ForkJoinPool.commonPool-worker-1] INFO  impl.RaftServerImpl (RaftServerImpl.java:lambda$shutdown$3(245)) - cda53276-4c02-47df-9243-aafa1631e748: shutdown group-C483CF7DDE99
2019-09-19 14:40:17,249 [main] INFO  impl.RaftServerImpl (RaftServerImpl.java:lambda$shutdown$3(245)) - afbae23f-b8a7-4a0f-ac57-bc0dcc025f7c: shutdown group-A84DB0A4DA5B
2019-09-19 14:40:17,249 [ForkJoinPool.commonPool-worker-1] INFO  util.JmxRegister (JmxRegister.java:unregister(73)) - Successfully un-registered JMX Bean with object name Ratis:service=RaftServer,group=group-C483CF7DDE99,id=cda53276-4c02-47df-9243-aafa1631e748
2019-09-19 14:40:17,250 [main] INFO  util.JmxRegister (JmxRegister.java:unregister(73)) - Successfully un-registered JMX Bean with object name Ratis:service=RaftServer,group=group-A84DB0A4DA5B,id=afbae23f-b8a7-4a0f-ac57-bc0dcc025f7c
2019-09-19 14:40:17,250 [ForkJoinPool.commonPool-worker-1] INFO  impl.RoleInfo (RoleInfo.java:shutdownLeaderState(104)) - cda53276-4c02-47df-9243-aafa1631e748: shutdown LeaderState
2019-09-19 14:40:17,250 [main] INFO  impl.RoleInfo (RoleInfo.java:shutdownLeaderState(104)) - afbae23f-b8a7-4a0f-ac57-bc0dcc025f7c: shutdown LeaderState
2019-09-19 14:40:17,251 [ForkJoinPool.commonPool-worker-1] INFO  impl.PendingRequests (PendingRequests.java:sendNotLeaderResponses(202)) - cda53276-4c02-47df-9243-aafa1631e748-PendingRequests: sendNotLeaderResponses
2019-09-19 14:40:17,251 [main] INFO  impl.PendingRequests (PendingRequests.java:sendNotLeaderResponses(202)) - afbae23f-b8a7-4a0f-ac57-bc0dcc025f7c-PendingRequests: sendNotLeaderResponses
2019-09-19 14:40:17,256 [ForkJoinPool.commonPool-worker-1] INFO  impl.StateMachineUpdater (StateMachineUpdater.java:stopAndJoin(115)) - StateMachineUpdater:cda53276-4c02-47df-9243-aafa1631e748:group-C483CF7DDE99: set stopIndex = 0
2019-09-19 14:40:17,256 [main] INFO  impl.StateMachineUpdater (StateMachineUpdater.java:stopAndJoin(115)) - StateMachineUpdater:afbae23f-b8a7-4a0f-ac57-bc0dcc025f7c:group-A84DB0A4DA5B: set stopIndex = 0
2019-09-19 14:40:17,259 [ForkJoinPool.commonPool-worker-1] INFO  impl.RaftServerImpl (ServerState.java:close(394)) - cda53276-4c02-47df-9243-aafa1631e748:group-C483CF7DDE99 closes. The last applied log index is 0
2019-09-19 14:40:17,260 [main] INFO  impl.RaftServerImpl (ServerState.java:close(394)) - afbae23f-b8a7-4a0f-ac57-bc0dcc025f7c:group-A84DB0A4DA5B closes. The last applied log index is 0
2019-09-19 14:40:17,262 [afbae23f-b8a7-4a0f-ac57-bc0dcc025f7c-SegmentedRaftLogWorker:Storage Directory /workdir/hadoop-ozone/ozonefs/target/test-dir/MiniOzoneClusterImpl-889e9801-d8cd-4d64-ad06-78e1b934daf6/datanode-5/data/ratis/c4217b44-865e-4e5e-b3e1-a84db0a4da5b] INFO  segmented.SegmentedRaftLogWorker (SegmentedRaftLogWorker.java:run(313)) - afbae23f-b8a7-4a0f-ac57-bc0dcc025f7c-SegmentedRaftLogWorker:Storage Directory /workdir/hadoop-ozone/ozonefs/target/test-dir/MiniOzoneClusterImpl-889e9801-d8cd-4d64-ad06-78e1b934daf6/datanode-5/data/ratis/c4217b44-865e-4e5e-b3e1-a84db0a4da5b was interrupted, exiting. There are 0 tasks remaining in the queue.
2019-09-19 14:40:17,267 [cda53276-4c02-47df-9243-aafa1631e748-SegmentedRaftLogWorker:Storage Directory /workdir/hadoop-ozone/ozonefs/target/test-dir/MiniOzoneClusterImpl-889e9801-d8cd-4d64-ad06-78e1b934daf6/datanode-2/data/ratis/08e61562-47cc-4e16-80de-c483cf7dde99] INFO  segmented.SegmentedRaftLogWorker (SegmentedRaftLogWorker.java:run(313)) - cda53276-4c02-47df-9243-aafa1631e748-SegmentedRaftLogWorker:Storage Directory /workdir/hadoop-ozone/ozonefs/target/test-dir/MiniOzoneClusterImpl-889e9801-d8cd-4d64-ad06-78e1b934daf6/datanode-2/data/ratis/08e61562-47cc-4e16-80de-c483cf7dde99 was interrupted, exiting. There are 0 tasks remaining in the queue.
2019-09-19 14:40:17,268 [main] INFO  segmented.SegmentedRaftLogWorker (SegmentedRaftLogWorker.java:close(228)) - afbae23f-b8a7-4a0f-ac57-bc0dcc025f7c-SegmentedRaftLogWorker:Storage Directory /workdir/hadoop-ozone/ozonefs/target/test-dir/MiniOzoneClusterImpl-889e9801-d8cd-4d64-ad06-78e1b934daf6/datanode-5/data/ratis/c4217b44-865e-4e5e-b3e1-a84db0a4da5b close()
2019-09-19 14:40:17,277 [ForkJoinPool.commonPool-worker-1] INFO  segmented.SegmentedRaftLogWorker (SegmentedRaftLogWorker.java:close(228)) - cda53276-4c02-47df-9243-aafa1631e748-SegmentedRaftLogWorker:Storage Directory /workdir/hadoop-ozone/ozonefs/target/test-dir/MiniOzoneClusterImpl-889e9801-d8cd-4d64-ad06-78e1b934daf6/datanode-2/data/ratis/08e61562-47cc-4e16-80de-c483cf7dde99 close()
2019-09-19 14:40:17,286 [ForkJoinPool.commonPool-worker-1] INFO  impl.RaftServerImpl (RaftServerImpl.java:lambda$shutdown$3(245)) - cda53276-4c02-47df-9243-aafa1631e748: shutdown group-F25C0518CF7D
2019-09-19 14:40:17,286 [main] INFO  impl.RaftServerImpl (RaftServerImpl.java:lambda$shutdown$3(245)) - afbae23f-b8a7-4a0f-ac57-bc0dcc025f7c: shutdown group-BC3C5938A6A4
2019-09-19 14:40:17,286 [ForkJoinPool.commonPool-worker-1] INFO  util.JmxRegister (JmxRegister.java:unregister(73)) - Successfully un-registered JMX Bean with object name Ratis:service=RaftServer,group=group-F25C0518CF7D,id=cda53276-4c02-47df-9243-aafa1631e748
2019-09-19 14:40:17,287 [main] INFO  util.JmxRegister (JmxRegister.java:unregister(73)) - Successfully un-registered JMX Bean with object name Ratis:service=RaftServer,group=group-BC3C5938A6A4,id=afbae23f-b8a7-4a0f-ac57-bc0dcc025f7c
2019-09-19 14:40:17,287 [ForkJoinPool.commonPool-worker-1] INFO  impl.RoleInfo (RoleInfo.java:shutdownLeaderState(104)) - cda53276-4c02-47df-9243-aafa1631e748: shutdown LeaderState
2019-09-19 14:40:17,288 [main] INFO  impl.RoleInfo (RoleInfo.java:shutdownLeaderState(104)) - afbae23f-b8a7-4a0f-ac57-bc0dcc025f7c: shutdown LeaderState
2019-09-19 14:40:17,288 [ForkJoinPool.commonPool-worker-1] INFO  impl.PendingRequests (PendingRequests.java:sendNotLeaderResponses(202)) - cda53276-4c02-47df-9243-aafa1631e748-PendingRequests: sendNotLeaderResponses
2019-09-19 14:40:17,289 [main] INFO  impl.PendingRequests (PendingRequests.java:sendNotLeaderResponses(202)) - afbae23f-b8a7-4a0f-ac57-bc0dcc025f7c-PendingRequests: sendNotLeaderResponses
2019-09-19 14:40:17,289 [ForkJoinPool.commonPool-worker-1] INFO  impl.StateMachineUpdater (StateMachineUpdater.java:stopAndJoin(115)) - StateMachineUpdater:cda53276-4c02-47df-9243-aafa1631e748:group-F25C0518CF7D: set stopIndex = 0
2019-09-19 14:40:17,290 [main] INFO  impl.StateMachineUpdater (StateMachineUpdater.java:stopAndJoin(115)) - StateMachineUpdater:afbae23f-b8a7-4a0f-ac57-bc0dcc025f7c:group-BC3C5938A6A4: set stopIndex = 0
2019-09-19 14:40:17,290 [ForkJoinPool.commonPool-worker-1] INFO  impl.RaftServerImpl (ServerState.java:close(394)) - cda53276-4c02-47df-9243-aafa1631e748:group-F25C0518CF7D closes. The last applied log index is 0
2019-09-19 14:40:17,293 [main] INFO  impl.RaftServerImpl (ServerState.java:close(394)) - afbae23f-b8a7-4a0f-ac57-bc0dcc025f7c:group-BC3C5938A6A4 closes. The last applied log index is 0
2019-09-19 14:40:17,293 [cda53276-4c02-47df-9243-aafa1631e748-SegmentedRaftLogWorker:Storage Directory /workdir/hadoop-ozone/ozonefs/target/test-dir/MiniOzoneClusterImpl-889e9801-d8cd-4d64-ad06-78e1b934daf6/datanode-2/data/ratis/2f007bdb-b3c0-4af7-b062-f25c0518cf7d] INFO  segmented.SegmentedRaftLogWorker (SegmentedRaftLogWorker.java:run(313)) - cda53276-4c02-47df-9243-aafa1631e748-SegmentedRaftLogWorker:Storage Directory /workdir/hadoop-ozone/ozonefs/target/test-dir/MiniOzoneClusterImpl-889e9801-d8cd-4d64-ad06-78e1b934daf6/datanode-2/data/ratis/2f007bdb-b3c0-4af7-b062-f25c0518cf7d was interrupted, exiting. There are 0 tasks remaining in the queue.
2019-09-19 14:40:17,294 [afbae23f-b8a7-4a0f-ac57-bc0dcc025f7c-SegmentedRaftLogWorker:Storage Directory /workdir/hadoop-ozone/ozonefs/target/test-dir/MiniOzoneClusterImpl-889e9801-d8cd-4d64-ad06-78e1b934daf6/datanode-5/data/ratis/ef0be53b-eb4c-4668-ac72-bc3c5938a6a4] INFO  segmented.SegmentedRaftLogWorker (SegmentedRaftLogWorker.java:run(313)) - afbae23f-b8a7-4a0f-ac57-bc0dcc025f7c-SegmentedRaftLogWorker:Storage Directory /workdir/hadoop-ozone/ozonefs/target/test-dir/MiniOzoneClusterImpl-889e9801-d8cd-4d64-ad06-78e1b934daf6/datanode-5/data/ratis/ef0be53b-eb4c-4668-ac72-bc3c5938a6a4 was interrupted, exiting. There are 0 tasks remaining in the queue.
2019-09-19 14:40:17,297 [ForkJoinPool.commonPool-worker-1] INFO  segmented.SegmentedRaftLogWorker (SegmentedRaftLogWorker.java:close(228)) - cda53276-4c02-47df-9243-aafa1631e748-SegmentedRaftLogWorker:Storage Directory /workdir/hadoop-ozone/ozonefs/target/test-dir/MiniOzoneClusterImpl-889e9801-d8cd-4d64-ad06-78e1b934daf6/datanode-2/data/ratis/2f007bdb-b3c0-4af7-b062-f25c0518cf7d close()
2019-09-19 14:40:17,299 [main] INFO  segmented.SegmentedRaftLogWorker (SegmentedRaftLogWorker.java:close(228)) - afbae23f-b8a7-4a0f-ac57-bc0dcc025f7c-SegmentedRaftLogWorker:Storage Directory /workdir/hadoop-ozone/ozonefs/target/test-dir/MiniOzoneClusterImpl-889e9801-d8cd-4d64-ad06-78e1b934daf6/datanode-5/data/ratis/ef0be53b-eb4c-4668-ac72-bc3c5938a6a4 close()
2019-09-19 14:40:17,304 [ForkJoinPool.commonPool-worker-1] INFO  impl.RaftServerImpl (RaftServerImpl.java:lambda$shutdown$3(245)) - cda53276-4c02-47df-9243-aafa1631e748: shutdown group-CA575C7249A7
2019-09-19 14:40:17,308 [main] INFO  impl.RaftServerImpl (RaftServerImpl.java:lambda$shutdown$3(245)) - afbae23f-b8a7-4a0f-ac57-bc0dcc025f7c: shutdown group-9659289A4561
2019-09-19 14:40:17,308 [ForkJoinPool.commonPool-worker-1] INFO  util.JmxRegister (JmxRegister.java:unregister(73)) - Successfully un-registered JMX Bean with object name Ratis:service=RaftServer,group=group-CA575C7249A7,id=cda53276-4c02-47df-9243-aafa1631e748
2019-09-19 14:40:17,308 [main] INFO  util.JmxRegister (JmxRegister.java:unregister(73)) - Successfully un-registered JMX Bean with object name Ratis:service=RaftServer,group=group-9659289A4561,id=afbae23f-b8a7-4a0f-ac57-bc0dcc025f7c
2019-09-19 14:40:17,309 [ForkJoinPool.commonPool-worker-1] INFO  impl.RoleInfo (RoleInfo.java:shutdownLeaderState(104)) - cda53276-4c02-47df-9243-aafa1631e748: shutdown LeaderState
2019-09-19 14:40:17,309 [main] INFO  impl.RoleInfo (RoleInfo.java:shutdownLeaderState(104)) - afbae23f-b8a7-4a0f-ac57-bc0dcc025f7c: shutdown LeaderState
2019-09-19 14:40:17,309 [ForkJoinPool.commonPool-worker-1] INFO  impl.PendingRequests (PendingRequests.java:sendNotLeaderResponses(202)) - cda53276-4c02-47df-9243-aafa1631e748-PendingRequests: sendNotLeaderResponses
2019-09-19 14:40:17,309 [main] INFO  impl.PendingRequests (PendingRequests.java:sendNotLeaderResponses(202)) - afbae23f-b8a7-4a0f-ac57-bc0dcc025f7c-PendingRequests: sendNotLeaderResponses
2019-09-19 14:40:17,310 [ForkJoinPool.commonPool-worker-1] INFO  impl.StateMachineUpdater (StateMachineUpdater.java:stopAndJoin(115)) - StateMachineUpdater:cda53276-4c02-47df-9243-aafa1631e748:group-CA575C7249A7: set stopIndex = 0
2019-09-19 14:40:17,310 [main] INFO  impl.StateMachineUpdater (StateMachineUpdater.java:stopAndJoin(115)) - StateMachineUpdater:afbae23f-b8a7-4a0f-ac57-bc0dcc025f7c:group-9659289A4561: set stopIndex = 0
2019-09-19 14:40:17,310 [ForkJoinPool.commonPool-worker-1] INFO  impl.RaftServerImpl (ServerState.java:close(394)) - cda53276-4c02-47df-9243-aafa1631e748:group-CA575C7249A7 closes. The last applied log index is 0
2019-09-19 14:40:17,310 [main] INFO  impl.RaftServerImpl (ServerState.java:close(394)) - afbae23f-b8a7-4a0f-ac57-bc0dcc025f7c:group-9659289A4561 closes. The last applied log index is 0
2019-09-19 14:40:17,310 [cda53276-4c02-47df-9243-aafa1631e748-SegmentedRaftLogWorker:Storage Directory /workdir/hadoop-ozone/ozonefs/target/test-dir/MiniOzoneClusterImpl-889e9801-d8cd-4d64-ad06-78e1b934daf6/datanode-2/data/ratis/db2e3ba5-57f1-4562-a5ab-ca575c7249a7] INFO  segmented.SegmentedRaftLogWorker (SegmentedRaftLogWorker.java:run(313)) - cda53276-4c02-47df-9243-aafa1631e748-SegmentedRaftLogWorker:Storage Directory /workdir/hadoop-ozone/ozonefs/target/test-dir/MiniOzoneClusterImpl-889e9801-d8cd-4d64-ad06-78e1b934daf6/datanode-2/data/ratis/db2e3ba5-57f1-4562-a5ab-ca575c7249a7 was interrupted, exiting. There are 0 tasks remaining in the queue.
2019-09-19 14:40:17,311 [afbae23f-b8a7-4a0f-ac57-bc0dcc025f7c-SegmentedRaftLogWorker:Storage Directory /workdir/hadoop-ozone/ozonefs/target/test-dir/MiniOzoneClusterImpl-889e9801-d8cd-4d64-ad06-78e1b934daf6/datanode-5/data/ratis/5dfe44c1-8a74-4b5c-98f4-9659289a4561] INFO  segmented.SegmentedRaftLogWorker (SegmentedRaftLogWorker.java:run(313)) - afbae23f-b8a7-4a0f-ac57-bc0dcc025f7c-SegmentedRaftLogWorker:Storage Directory /workdir/hadoop-ozone/ozonefs/target/test-dir/MiniOzoneClusterImpl-889e9801-d8cd-4d64-ad06-78e1b934daf6/datanode-5/data/ratis/5dfe44c1-8a74-4b5c-98f4-9659289a4561 was interrupted, exiting. There are 0 tasks remaining in the queue.
2019-09-19 14:40:17,313 [ForkJoinPool.commonPool-worker-1] INFO  segmented.SegmentedRaftLogWorker (SegmentedRaftLogWorker.java:close(228)) - cda53276-4c02-47df-9243-aafa1631e748-SegmentedRaftLogWorker:Storage Directory /workdir/hadoop-ozone/ozonefs/target/test-dir/MiniOzoneClusterImpl-889e9801-d8cd-4d64-ad06-78e1b934daf6/datanode-2/data/ratis/db2e3ba5-57f1-4562-a5ab-ca575c7249a7 close()
2019-09-19 14:40:17,315 [main] INFO  segmented.SegmentedRaftLogWorker (SegmentedRaftLogWorker.java:close(228)) - afbae23f-b8a7-4a0f-ac57-bc0dcc025f7c-SegmentedRaftLogWorker:Storage Directory /workdir/hadoop-ozone/ozonefs/target/test-dir/MiniOzoneClusterImpl-889e9801-d8cd-4d64-ad06-78e1b934daf6/datanode-5/data/ratis/5dfe44c1-8a74-4b5c-98f4-9659289a4561 close()
2019-09-19 14:40:17,318 [ForkJoinPool.commonPool-worker-1] INFO  impl.RaftServerImpl (RaftServerImpl.java:lambda$shutdown$3(245)) - cda53276-4c02-47df-9243-aafa1631e748: shutdown group-709D6C958EBF
2019-09-19 14:40:17,322 [main] INFO  impl.RaftServerImpl (RaftServerImpl.java:lambda$shutdown$3(245)) - afbae23f-b8a7-4a0f-ac57-bc0dcc025f7c: shutdown group-656D209D31AE
2019-09-19 14:40:17,322 [ForkJoinPool.commonPool-worker-1] INFO  util.JmxRegister (JmxRegister.java:unregister(73)) - Successfully un-registered JMX Bean with object name Ratis:service=RaftServer,group=group-709D6C958EBF,id=cda53276-4c02-47df-9243-aafa1631e748
2019-09-19 14:40:17,322 [main] INFO  util.JmxRegister (JmxRegister.java:unregister(73)) - Successfully un-registered JMX Bean with object name Ratis:service=RaftServer,group=group-656D209D31AE,id=afbae23f-b8a7-4a0f-ac57-bc0dcc025f7c
2019-09-19 14:40:17,322 [ForkJoinPool.commonPool-worker-1] INFO  impl.RoleInfo (RoleInfo.java:shutdownLeaderState(104)) - cda53276-4c02-47df-9243-aafa1631e748: shutdown LeaderState
2019-09-19 14:40:17,323 [main] INFO  impl.RoleInfo (RoleInfo.java:shutdownLeaderState(104)) - afbae23f-b8a7-4a0f-ac57-bc0dcc025f7c: shutdown LeaderState
2019-09-19 14:40:17,323 [ForkJoinPool.commonPool-worker-1] INFO  impl.PendingRequests (PendingRequests.java:sendNotLeaderResponses(202)) - cda53276-4c02-47df-9243-aafa1631e748-PendingRequests: sendNotLeaderResponses
2019-09-19 14:40:17,323 [main] INFO  impl.PendingRequests (PendingRequests.java:sendNotLeaderResponses(202)) - afbae23f-b8a7-4a0f-ac57-bc0dcc025f7c-PendingRequests: sendNotLeaderResponses
2019-09-19 14:40:17,323 [ForkJoinPool.commonPool-worker-1] INFO  impl.StateMachineUpdater (StateMachineUpdater.java:stopAndJoin(115)) - StateMachineUpdater:cda53276-4c02-47df-9243-aafa1631e748:group-709D6C958EBF: set stopIndex = 0
2019-09-19 14:40:17,324 [main] INFO  impl.StateMachineUpdater (StateMachineUpdater.java:stopAndJoin(115)) - StateMachineUpdater:afbae23f-b8a7-4a0f-ac57-bc0dcc025f7c:group-656D209D31AE: set stopIndex = 0
2019-09-19 14:40:17,324 [ForkJoinPool.commonPool-worker-1] INFO  impl.RaftServerImpl (ServerState.java:close(394)) - cda53276-4c02-47df-9243-aafa1631e748:group-709D6C958EBF closes. The last applied log index is 0
2019-09-19 14:40:17,324 [main] INFO  impl.RaftServerImpl (ServerState.java:close(394)) - afbae23f-b8a7-4a0f-ac57-bc0dcc025f7c:group-656D209D31AE closes. The last applied log index is 0
2019-09-19 14:40:17,324 [cda53276-4c02-47df-9243-aafa1631e748-SegmentedRaftLogWorker:Storage Directory /workdir/hadoop-ozone/ozonefs/target/test-dir/MiniOzoneClusterImpl-889e9801-d8cd-4d64-ad06-78e1b934daf6/datanode-2/data/ratis/99daf119-9816-4095-b08b-709d6c958ebf] INFO  segmented.SegmentedRaftLogWorker (SegmentedRaftLogWorker.java:run(313)) - cda53276-4c02-47df-9243-aafa1631e748-SegmentedRaftLogWorker:Storage Directory /workdir/hadoop-ozone/ozonefs/target/test-dir/MiniOzoneClusterImpl-889e9801-d8cd-4d64-ad06-78e1b934daf6/datanode-2/data/ratis/99daf119-9816-4095-b08b-709d6c958ebf was interrupted, exiting. There are 0 tasks remaining in the queue.
2019-09-19 14:40:17,324 [afbae23f-b8a7-4a0f-ac57-bc0dcc025f7c-SegmentedRaftLogWorker:Storage Directory /workdir/hadoop-ozone/ozonefs/target/test-dir/MiniOzoneClusterImpl-889e9801-d8cd-4d64-ad06-78e1b934daf6/datanode-5/data/ratis/823fe8a7-0595-4d97-9557-656d209d31ae] INFO  segmented.SegmentedRaftLogWorker (SegmentedRaftLogWorker.java:run(313)) - afbae23f-b8a7-4a0f-ac57-bc0dcc025f7c-SegmentedRaftLogWorker:Storage Directory /workdir/hadoop-ozone/ozonefs/target/test-dir/MiniOzoneClusterImpl-889e9801-d8cd-4d64-ad06-78e1b934daf6/datanode-5/data/ratis/823fe8a7-0595-4d97-9557-656d209d31ae was interrupted, exiting. There are 0 tasks remaining in the queue.
2019-09-19 14:40:17,326 [ForkJoinPool.commonPool-worker-1] INFO  segmented.SegmentedRaftLogWorker (SegmentedRaftLogWorker.java:close(228)) - cda53276-4c02-47df-9243-aafa1631e748-SegmentedRaftLogWorker:Storage Directory /workdir/hadoop-ozone/ozonefs/target/test-dir/MiniOzoneClusterImpl-889e9801-d8cd-4d64-ad06-78e1b934daf6/datanode-2/data/ratis/99daf119-9816-4095-b08b-709d6c958ebf close()
2019-09-19 14:40:17,328 [main] INFO  segmented.SegmentedRaftLogWorker (SegmentedRaftLogWorker.java:close(228)) - afbae23f-b8a7-4a0f-ac57-bc0dcc025f7c-SegmentedRaftLogWorker:Storage Directory /workdir/hadoop-ozone/ozonefs/target/test-dir/MiniOzoneClusterImpl-889e9801-d8cd-4d64-ad06-78e1b934daf6/datanode-5/data/ratis/823fe8a7-0595-4d97-9557-656d209d31ae close()
2019-09-19 14:40:17,332 [ForkJoinPool.commonPool-worker-1] INFO  impl.RaftServerImpl (RaftServerImpl.java:lambda$shutdown$3(245)) - cda53276-4c02-47df-9243-aafa1631e748: shutdown group-A0758BB62106
2019-09-19 14:40:17,335 [main] INFO  impl.RaftServerImpl (RaftServerImpl.java:lambda$shutdown$3(245)) - afbae23f-b8a7-4a0f-ac57-bc0dcc025f7c: shutdown group-B07DBF0A6036
2019-09-19 14:40:17,336 [ForkJoinPool.commonPool-worker-1] INFO  util.JmxRegister (JmxRegister.java:unregister(73)) - Successfully un-registered JMX Bean with object name Ratis:service=RaftServer,group=group-A0758BB62106,id=cda53276-4c02-47df-9243-aafa1631e748
2019-09-19 14:40:17,336 [main] INFO  util.JmxRegister (JmxRegister.java:unregister(73)) - Successfully un-registered JMX Bean with object name Ratis:service=RaftServer,group=group-B07DBF0A6036,id=afbae23f-b8a7-4a0f-ac57-bc0dcc025f7c
2019-09-19 14:40:17,336 [ForkJoinPool.commonPool-worker-1] INFO  impl.RoleInfo (RoleInfo.java:shutdownLeaderState(104)) - cda53276-4c02-47df-9243-aafa1631e748: shutdown LeaderState
2019-09-19 14:40:17,336 [main] INFO  impl.RoleInfo (RoleInfo.java:shutdownLeaderState(104)) - afbae23f-b8a7-4a0f-ac57-bc0dcc025f7c: shutdown LeaderState
2019-09-19 14:40:17,337 [ForkJoinPool.commonPool-worker-1] INFO  impl.PendingRequests (PendingRequests.java:sendNotLeaderResponses(202)) - cda53276-4c02-47df-9243-aafa1631e748-PendingRequests: sendNotLeaderResponses
2019-09-19 14:40:17,337 [main] INFO  impl.PendingRequests (PendingRequests.java:sendNotLeaderResponses(202)) - afbae23f-b8a7-4a0f-ac57-bc0dcc025f7c-PendingRequests: sendNotLeaderResponses
2019-09-19 14:40:17,337 [ForkJoinPool.commonPool-worker-1] INFO  impl.StateMachineUpdater (StateMachineUpdater.java:stopAndJoin(115)) - StateMachineUpdater:cda53276-4c02-47df-9243-aafa1631e748:group-A0758BB62106: set stopIndex = 0
2019-09-19 14:40:17,338 [ForkJoinPool.commonPool-worker-1] INFO  impl.RaftServerImpl (ServerState.java:close(394)) - cda53276-4c02-47df-9243-aafa1631e748:group-A0758BB62106 closes. The last applied log index is 0
2019-09-19 14:40:17,337 [main] INFO  impl.StateMachineUpdater (StateMachineUpdater.java:stopAndJoin(115)) - StateMachineUpdater:afbae23f-b8a7-4a0f-ac57-bc0dcc025f7c:group-B07DBF0A6036: set stopIndex = 0
2019-09-19 14:40:17,338 [cda53276-4c02-47df-9243-aafa1631e748-SegmentedRaftLogWorker:Storage Directory /workdir/hadoop-ozone/ozonefs/target/test-dir/MiniOzoneClusterImpl-889e9801-d8cd-4d64-ad06-78e1b934daf6/datanode-2/data/ratis/dc6dbd04-84b5-421e-b168-a0758bb62106] INFO  segmented.SegmentedRaftLogWorker (SegmentedRaftLogWorker.java:run(313)) - cda53276-4c02-47df-9243-aafa1631e748-SegmentedRaftLogWorker:Storage Directory /workdir/hadoop-ozone/ozonefs/target/test-dir/MiniOzoneClusterImpl-889e9801-d8cd-4d64-ad06-78e1b934daf6/datanode-2/data/ratis/dc6dbd04-84b5-421e-b168-a0758bb62106 was interrupted, exiting. There are 0 tasks remaining in the queue.
2019-09-19 14:40:17,338 [main] INFO  impl.RaftServerImpl (ServerState.java:close(394)) - afbae23f-b8a7-4a0f-ac57-bc0dcc025f7c:group-B07DBF0A6036 closes. The last applied log index is 0
2019-09-19 14:40:17,340 [ForkJoinPool.commonPool-worker-1] INFO  segmented.SegmentedRaftLogWorker (SegmentedRaftLogWorker.java:close(228)) - cda53276-4c02-47df-9243-aafa1631e748-SegmentedRaftLogWorker:Storage Directory /workdir/hadoop-ozone/ozonefs/target/test-dir/MiniOzoneClusterImpl-889e9801-d8cd-4d64-ad06-78e1b934daf6/datanode-2/data/ratis/dc6dbd04-84b5-421e-b168-a0758bb62106 close()
2019-09-19 14:40:17,340 [afbae23f-b8a7-4a0f-ac57-bc0dcc025f7c-SegmentedRaftLogWorker:Storage Directory /workdir/hadoop-ozone/ozonefs/target/test-dir/MiniOzoneClusterImpl-889e9801-d8cd-4d64-ad06-78e1b934daf6/datanode-5/data/ratis/2d6220be-0102-4e9d-9db8-b07dbf0a6036] INFO  segmented.SegmentedRaftLogWorker (SegmentedRaftLogWorker.java:run(313)) - afbae23f-b8a7-4a0f-ac57-bc0dcc025f7c-SegmentedRaftLogWorker:Storage Directory /workdir/hadoop-ozone/ozonefs/target/test-dir/MiniOzoneClusterImpl-889e9801-d8cd-4d64-ad06-78e1b934daf6/datanode-5/data/ratis/2d6220be-0102-4e9d-9db8-b07dbf0a6036 was interrupted, exiting. There are 0 tasks remaining in the queue.
2019-09-19 14:40:17,344 [ForkJoinPool.commonPool-worker-1] INFO  impl.RaftServerImpl (RaftServerImpl.java:lambda$shutdown$3(245)) - cda53276-4c02-47df-9243-aafa1631e748: shutdown group-5323F77E4C5D
2019-09-19 14:40:17,345 [main] INFO  segmented.SegmentedRaftLogWorker (SegmentedRaftLogWorker.java:close(228)) - afbae23f-b8a7-4a0f-ac57-bc0dcc025f7c-SegmentedRaftLogWorker:Storage Directory /workdir/hadoop-ozone/ozonefs/target/test-dir/MiniOzoneClusterImpl-889e9801-d8cd-4d64-ad06-78e1b934daf6/datanode-5/data/ratis/2d6220be-0102-4e9d-9db8-b07dbf0a6036 close()
2019-09-19 14:40:17,345 [ForkJoinPool.commonPool-worker-1] INFO  util.JmxRegister (JmxRegister.java:unregister(73)) - Successfully un-registered JMX Bean with object name Ratis:service=RaftServer,group=group-5323F77E4C5D,id=cda53276-4c02-47df-9243-aafa1631e748
2019-09-19 14:40:17,355 [main] INFO  impl.RaftServerImpl (RaftServerImpl.java:lambda$shutdown$3(245)) - afbae23f-b8a7-4a0f-ac57-bc0dcc025f7c: shutdown group-8470D79F4598
2019-09-19 14:40:17,355 [ForkJoinPool.commonPool-worker-1] INFO  impl.RoleInfo (RoleInfo.java:shutdownLeaderState(104)) - cda53276-4c02-47df-9243-aafa1631e748: shutdown LeaderState
2019-09-19 14:40:17,355 [main] INFO  util.JmxRegister (JmxRegister.java:unregister(73)) - Successfully un-registered JMX Bean with object name Ratis:service=RaftServer,group=group-8470D79F4598,id=afbae23f-b8a7-4a0f-ac57-bc0dcc025f7c
2019-09-19 14:40:17,356 [ForkJoinPool.commonPool-worker-1] INFO  impl.PendingRequests (PendingRequests.java:sendNotLeaderResponses(202)) - cda53276-4c02-47df-9243-aafa1631e748-PendingRequests: sendNotLeaderResponses
2019-09-19 14:40:17,356 [main] INFO  impl.RoleInfo (RoleInfo.java:shutdownLeaderState(104)) - afbae23f-b8a7-4a0f-ac57-bc0dcc025f7c: shutdown LeaderState
2019-09-19 14:40:17,356 [ForkJoinPool.commonPool-worker-1] INFO  impl.StateMachineUpdater (StateMachineUpdater.java:stopAndJoin(115)) - StateMachineUpdater:cda53276-4c02-47df-9243-aafa1631e748:group-5323F77E4C5D: set stopIndex = 0
2019-09-19 14:40:17,356 [main] INFO  impl.PendingRequests (PendingRequests.java:sendNotLeaderResponses(202)) - afbae23f-b8a7-4a0f-ac57-bc0dcc025f7c-PendingRequests: sendNotLeaderResponses
2019-09-19 14:40:17,357 [ForkJoinPool.commonPool-worker-1] INFO  impl.RaftServerImpl (ServerState.java:close(394)) - cda53276-4c02-47df-9243-aafa1631e748:group-5323F77E4C5D closes. The last applied log index is 0
2019-09-19 14:40:17,357 [main] INFO  impl.StateMachineUpdater (StateMachineUpdater.java:stopAndJoin(115)) - StateMachineUpdater:afbae23f-b8a7-4a0f-ac57-bc0dcc025f7c:group-8470D79F4598: set stopIndex = 0
2019-09-19 14:40:17,357 [cda53276-4c02-47df-9243-aafa1631e748-SegmentedRaftLogWorker:Storage Directory /workdir/hadoop-ozone/ozonefs/target/test-dir/MiniOzoneClusterImpl-889e9801-d8cd-4d64-ad06-78e1b934daf6/datanode-2/data/ratis/4e261ee1-bf6d-4e4e-9ffb-5323f77e4c5d] INFO  segmented.SegmentedRaftLogWorker (SegmentedRaftLogWorker.java:run(313)) - cda53276-4c02-47df-9243-aafa1631e748-SegmentedRaftLogWorker:Storage Directory /workdir/hadoop-ozone/ozonefs/target/test-dir/MiniOzoneClusterImpl-889e9801-d8cd-4d64-ad06-78e1b934daf6/datanode-2/data/ratis/4e261ee1-bf6d-4e4e-9ffb-5323f77e4c5d was interrupted, exiting. There are 0 tasks remaining in the queue.
2019-09-19 14:40:17,357 [main] INFO  impl.RaftServerImpl (ServerState.java:close(394)) - afbae23f-b8a7-4a0f-ac57-bc0dcc025f7c:group-8470D79F4598 closes. The last applied log index is 0
2019-09-19 14:40:17,358 [ForkJoinPool.commonPool-worker-1] INFO  segmented.SegmentedRaftLogWorker (SegmentedRaftLogWorker.java:close(228)) - cda53276-4c02-47df-9243-aafa1631e748-SegmentedRaftLogWorker:Storage Directory /workdir/hadoop-ozone/ozonefs/target/test-dir/MiniOzoneClusterImpl-889e9801-d8cd-4d64-ad06-78e1b934daf6/datanode-2/data/ratis/4e261ee1-bf6d-4e4e-9ffb-5323f77e4c5d close()
2019-09-19 14:40:17,358 [afbae23f-b8a7-4a0f-ac57-bc0dcc025f7c-SegmentedRaftLogWorker:Storage Directory /workdir/hadoop-ozone/ozonefs/target/test-dir/MiniOzoneClusterImpl-889e9801-d8cd-4d64-ad06-78e1b934daf6/datanode-5/data/ratis/19703fca-eb92-49e8-926d-8470d79f4598] INFO  segmented.SegmentedRaftLogWorker (SegmentedRaftLogWorker.java:run(313)) - afbae23f-b8a7-4a0f-ac57-bc0dcc025f7c-SegmentedRaftLogWorker:Storage Directory /workdir/hadoop-ozone/ozonefs/target/test-dir/MiniOzoneClusterImpl-889e9801-d8cd-4d64-ad06-78e1b934daf6/datanode-5/data/ratis/19703fca-eb92-49e8-926d-8470d79f4598 was interrupted, exiting. There are 0 tasks remaining in the queue.
2019-09-19 14:40:17,360 [main] INFO  segmented.SegmentedRaftLogWorker (SegmentedRaftLogWorker.java:close(228)) - afbae23f-b8a7-4a0f-ac57-bc0dcc025f7c-SegmentedRaftLogWorker:Storage Directory /workdir/hadoop-ozone/ozonefs/target/test-dir/MiniOzoneClusterImpl-889e9801-d8cd-4d64-ad06-78e1b934daf6/datanode-5/data/ratis/19703fca-eb92-49e8-926d-8470d79f4598 close()
2019-09-19 14:40:17,362 [ForkJoinPool.commonPool-worker-1] INFO  server.GrpcService (GrpcService.java:closeImpl(155)) - cda53276-4c02-47df-9243-aafa1631e748: shutdown server with port 44276 now
2019-09-19 14:40:17,362 [main] INFO  server.GrpcService (GrpcService.java:closeImpl(155)) - afbae23f-b8a7-4a0f-ac57-bc0dcc025f7c: shutdown server with port 44695 now
2019-09-19 14:40:17,366 [main] INFO  server.GrpcService (GrpcService.java:closeImpl(163)) - afbae23f-b8a7-4a0f-ac57-bc0dcc025f7c: shutdown server with port 44695 successfully
2019-09-19 14:40:17,367 [ForkJoinPool.commonPool-worker-1] INFO  server.GrpcService (GrpcService.java:closeImpl(163)) - cda53276-4c02-47df-9243-aafa1631e748: shutdown server with port 44276 successfully
2019-09-19 14:40:17,374 [ForkJoinPool.commonPool-worker-1] INFO  utils.BackgroundService (BackgroundService.java:shutdown(148)) - Shutting down service BlockDeletingService
2019-09-19 14:40:17,375 [refreshUsed-/workdir/hadoop-ozone/ozonefs/target/test-dir/MiniOzoneClusterImpl-889e9801-d8cd-4d64-ad06-78e1b934daf6/datanode-2/data/containers] WARN  fs.CachingGetSpaceUsed (CachingGetSpaceUsed.java:run(183)) - Thread Interrupted waiting to refresh disk information: sleep interrupted
2019-09-19 14:40:17,380 [main] INFO  utils.BackgroundService (BackgroundService.java:shutdown(148)) - Shutting down service BlockDeletingService
2019-09-19 14:40:17,384 [refreshUsed-/workdir/hadoop-ozone/ozonefs/target/test-dir/MiniOzoneClusterImpl-889e9801-d8cd-4d64-ad06-78e1b934daf6/datanode-5/data/containers] WARN  fs.CachingGetSpaceUsed (CachingGetSpaceUsed.java:run(183)) - Thread Interrupted waiting to refresh disk information: sleep interrupted
2019-09-19 14:40:17,402 [ForkJoinPool.commonPool-worker-1] INFO  statemachine.DatanodeStateMachine (DatanodeStateMachine.java:stopDaemon(395)) - Ozone container server stopped.
2019-09-19 14:40:17,408 [ForkJoinPool.commonPool-worker-1] INFO  handler.ContextHandler (ContextHandler.java:doStop(910)) - Stopped o.e.j.w.WebAppContext@15e8f9b2{/,null,UNAVAILABLE}{/hddsDatanode}
2019-09-19 14:40:17,408 [ForkJoinPool.commonPool-worker-1] INFO  server.AbstractConnector (AbstractConnector.java:doStop(318)) - Stopped ServerConnector@7a65c995{HTTP/1.1,[http/1.1]}{0.0.0.0:0}
2019-09-19 14:40:17,410 [ForkJoinPool.commonPool-worker-1] INFO  handler.ContextHandler (ContextHandler.java:doStop(910)) - Stopped o.e.j.s.ServletContextHandler@7ddcb0dc{/static,jar:file:/home/user/.m2/repository/org/apache/hadoop/hadoop-hdds-container-service/0.5.0-SNAPSHOT/hadoop-hdds-container-service-0.5.0-SNAPSHOT.jar!/webapps/static,UNAVAILABLE}
2019-09-19 14:40:17,411 [ForkJoinPool.commonPool-worker-1] INFO  handler.ContextHandler (ContextHandler.java:doStop(910)) - Stopped o.e.j.s.ServletContextHandler@4aed311e{/logs,file:///workdir/hadoop-ozone/ozonefs/target/log,UNAVAILABLE}
2019-09-19 14:40:17,412 [ForkJoinPool.commonPool-worker-1] INFO  datanode.ObjectStoreHandler (ObjectStoreHandler.java:close(155)) - Closing ObjectStoreHandler.
2019-09-19 14:40:17,412 [ForkJoinPool.commonPool-worker-1] INFO  ozone.HddsDatanodeService (HddsDatanodeService.java:stop(451)) - Stopped plug-in org.apache.hadoop.ozone.web.OzoneHddsDatanodeService@11eec06b
2019-09-19 14:40:17,421 [main] INFO  statemachine.DatanodeStateMachine (DatanodeStateMachine.java:stopDaemon(395)) - Ozone container server stopped.
2019-09-19 14:40:17,423 [main] INFO  handler.ContextHandler (ContextHandler.java:doStop(910)) - Stopped o.e.j.w.WebAppContext@7336fd8f{/,null,UNAVAILABLE}{/hddsDatanode}
2019-09-19 14:40:17,423 [main] INFO  server.AbstractConnector (AbstractConnector.java:doStop(318)) - Stopped ServerConnector@701c223a{HTTP/1.1,[http/1.1]}{0.0.0.0:0}
2019-09-19 14:40:17,424 [main] INFO  handler.ContextHandler (ContextHandler.java:doStop(910)) - Stopped o.e.j.s.ServletContextHandler@ac4915e{/static,jar:file:/home/user/.m2/repository/org/apache/hadoop/hadoop-hdds-container-service/0.5.0-SNAPSHOT/hadoop-hdds-container-service-0.5.0-SNAPSHOT.jar!/webapps/static,UNAVAILABLE}
2019-09-19 14:40:17,424 [main] INFO  handler.ContextHandler (ContextHandler.java:doStop(910)) - Stopped o.e.j.s.ServletContextHandler@19eea77c{/logs,file:///workdir/hadoop-ozone/ozonefs/target/log,UNAVAILABLE}
2019-09-19 14:40:17,425 [main] INFO  datanode.ObjectStoreHandler (ObjectStoreHandler.java:close(155)) - Closing ObjectStoreHandler.
2019-09-19 14:40:17,425 [main] INFO  ozone.HddsDatanodeService (HddsDatanodeService.java:stop(451)) - Stopped plug-in org.apache.hadoop.ozone.web.OzoneHddsDatanodeService@79f1e22e
2019-09-19 14:40:17,596 | INFO  | SCMAudit | user=jenkins1000 | ip=192.168.5.132 | op=SEND_HEARTBEAT {datanodeUUID=c157b6a0-3602-4e04-89f3-2eaad4ae05f6, command=[]} | ret=SUCCESS |  
2019-09-19 14:40:17,693 | INFO  | SCMAudit | user=jenkins1000 | ip=192.168.5.132 | op=SEND_HEARTBEAT {datanodeUUID=6aa361a5-10ee-4e6c-9990-87c23e670156, command=[]} | ret=SUCCESS |  
2019-09-19 14:40:17,694 | INFO  | SCMAudit | user=jenkins1000 | ip=192.168.5.132 | op=SEND_HEARTBEAT {datanodeUUID=7bfd0aba-89d9-48be-a848-6a4500b14ddf, command=[]} | ret=SUCCESS |  
2019-09-19 14:40:17,695 [Datanode State Machine Thread - 0] INFO  statemachine.DatanodeStateMachine (DatanodeStateMachine.java:lambda$startDaemon$0(350)) - Ozone container server started.
2019-09-19 14:40:17,696 | INFO  | SCMAudit | user=jenkins1000 | ip=192.168.5.132 | op=SEND_HEARTBEAT {datanodeUUID=f70b6c3b-be29-4a26-a238-fb2d839120cd, command=[]} | ret=SUCCESS |  
2019-09-19 14:40:17,702 | INFO  | SCMAudit | user=jenkins1000 | ip=192.168.5.132 | op=SEND_HEARTBEAT {datanodeUUID=942b50b4-c7bf-487c-9057-9f9e637dbe53, command=[]} | ret=SUCCESS |  
2019-09-19 14:40:18,027 [Datanode State Machine Thread - 0] INFO  statemachine.DatanodeStateMachine (DatanodeStateMachine.java:lambda$startDaemon$0(350)) - Ozone container server started.
2019-09-19 14:40:18,247 | INFO  | SCMAudit | user=jenkins1000 | ip=192.168.5.132 | op=SEND_HEARTBEAT {datanodeUUID=a1dec692-f01d-4dc4-b8c6-c1af31f4a539, command=[]} | ret=SUCCESS |  
2019-09-19 14:40:18,596 | INFO  | SCMAudit | user=jenkins1000 | ip=192.168.5.132 | op=SEND_HEARTBEAT {datanodeUUID=c157b6a0-3602-4e04-89f3-2eaad4ae05f6, command=[]} | ret=SUCCESS |  
2019-09-19 14:40:18,693 | INFO  | SCMAudit | user=jenkins1000 | ip=192.168.5.132 | op=SEND_HEARTBEAT {datanodeUUID=6aa361a5-10ee-4e6c-9990-87c23e670156, command=[]} | ret=SUCCESS |  
2019-09-19 14:40:18,694 | INFO  | SCMAudit | user=jenkins1000 | ip=192.168.5.132 | op=SEND_HEARTBEAT {datanodeUUID=7bfd0aba-89d9-48be-a848-6a4500b14ddf, command=[]} | ret=SUCCESS |  
2019-09-19 14:40:18,696 | INFO  | SCMAudit | user=jenkins1000 | ip=192.168.5.132 | op=SEND_HEARTBEAT {datanodeUUID=f70b6c3b-be29-4a26-a238-fb2d839120cd, command=[]} | ret=SUCCESS |  
2019-09-19 14:40:18,702 | INFO  | SCMAudit | user=jenkins1000 | ip=192.168.5.132 | op=SEND_HEARTBEAT {datanodeUUID=942b50b4-c7bf-487c-9057-9f9e637dbe53, command=[]} | ret=SUCCESS |  
2019-09-19 14:40:19,248 | INFO  | SCMAudit | user=jenkins1000 | ip=192.168.5.132 | op=SEND_HEARTBEAT {datanodeUUID=a1dec692-f01d-4dc4-b8c6-c1af31f4a539, command=[]} | ret=SUCCESS |  
2019-09-19 14:40:19,596 | INFO  | SCMAudit | user=jenkins1000 | ip=192.168.5.132 | op=SEND_HEARTBEAT {datanodeUUID=c157b6a0-3602-4e04-89f3-2eaad4ae05f6, command=[]} | ret=SUCCESS |  
2019-09-19 14:40:19,694 | INFO  | SCMAudit | user=jenkins1000 | ip=192.168.5.132 | op=SEND_HEARTBEAT {datanodeUUID=6aa361a5-10ee-4e6c-9990-87c23e670156, command=[]} | ret=SUCCESS |  
2019-09-19 14:40:19,694 | INFO  | SCMAudit | user=jenkins1000 | ip=192.168.5.132 | op=SEND_HEARTBEAT {datanodeUUID=7bfd0aba-89d9-48be-a848-6a4500b14ddf, command=[]} | ret=SUCCESS |  
2019-09-19 14:40:19,697 | INFO  | SCMAudit | user=jenkins1000 | ip=192.168.5.132 | op=SEND_HEARTBEAT {datanodeUUID=f70b6c3b-be29-4a26-a238-fb2d839120cd, command=[]} | ret=SUCCESS |  
2019-09-19 14:40:19,702 | INFO  | SCMAudit | user=jenkins1000 | ip=192.168.5.132 | op=SEND_HEARTBEAT {datanodeUUID=942b50b4-c7bf-487c-9057-9f9e637dbe53, command=[]} | ret=SUCCESS |  
2019-09-19 14:40:20,248 | INFO  | SCMAudit | user=jenkins1000 | ip=192.168.5.132 | op=SEND_HEARTBEAT {datanodeUUID=a1dec692-f01d-4dc4-b8c6-c1af31f4a539, command=[]} | ret=SUCCESS |  
2019-09-19 14:40:20,596 | INFO  | SCMAudit | user=jenkins1000 | ip=192.168.5.132 | op=SEND_HEARTBEAT {datanodeUUID=c157b6a0-3602-4e04-89f3-2eaad4ae05f6, command=[]} | ret=SUCCESS |  
2019-09-19 14:40:20,693 | INFO  | SCMAudit | user=jenkins1000 | ip=192.168.5.132 | op=SEND_HEARTBEAT {datanodeUUID=6aa361a5-10ee-4e6c-9990-87c23e670156, command=[]} | ret=SUCCESS |  
2019-09-19 14:40:20,694 | INFO  | SCMAudit | user=jenkins1000 | ip=192.168.5.132 | op=SEND_HEARTBEAT {datanodeUUID=7bfd0aba-89d9-48be-a848-6a4500b14ddf, command=[]} | ret=SUCCESS |  
2019-09-19 14:40:20,696 | INFO  | SCMAudit | user=jenkins1000 | ip=192.168.5.132 | op=SEND_HEARTBEAT {datanodeUUID=f70b6c3b-be29-4a26-a238-fb2d839120cd, command=[]} | ret=SUCCESS |  
2019-09-19 14:40:20,703 | INFO  | SCMAudit | user=jenkins1000 | ip=192.168.5.132 | op=SEND_HEARTBEAT {datanodeUUID=942b50b4-c7bf-487c-9057-9f9e637dbe53, command=[]} | ret=SUCCESS |  
2019-09-19 14:40:21,248 | INFO  | SCMAudit | user=jenkins1000 | ip=192.168.5.132 | op=SEND_HEARTBEAT {datanodeUUID=a1dec692-f01d-4dc4-b8c6-c1af31f4a539, command=[]} | ret=SUCCESS |  
2019-09-19 14:40:21,595 | INFO  | SCMAudit | user=jenkins1000 | ip=192.168.5.132 | op=SEND_HEARTBEAT {datanodeUUID=c157b6a0-3602-4e04-89f3-2eaad4ae05f6, command=[]} | ret=SUCCESS |  
2019-09-19 14:40:21,693 | INFO  | SCMAudit | user=jenkins1000 | ip=192.168.5.132 | op=SEND_HEARTBEAT {datanodeUUID=6aa361a5-10ee-4e6c-9990-87c23e670156, command=[]} | ret=SUCCESS |  
2019-09-19 14:40:21,694 | INFO  | SCMAudit | user=jenkins1000 | ip=192.168.5.132 | op=SEND_HEARTBEAT {datanodeUUID=7bfd0aba-89d9-48be-a848-6a4500b14ddf, command=[]} | ret=SUCCESS |  
2019-09-19 14:40:21,696 | INFO  | SCMAudit | user=jenkins1000 | ip=192.168.5.132 | op=SEND_HEARTBEAT {datanodeUUID=f70b6c3b-be29-4a26-a238-fb2d839120cd, command=[]} | ret=SUCCESS |  
2019-09-19 14:40:21,702 | INFO  | SCMAudit | user=jenkins1000 | ip=192.168.5.132 | op=SEND_HEARTBEAT {datanodeUUID=942b50b4-c7bf-487c-9057-9f9e637dbe53, command=[]} | ret=SUCCESS |  
2019-09-19 14:40:22,248 | INFO  | SCMAudit | user=jenkins1000 | ip=192.168.5.132 | op=SEND_HEARTBEAT {datanodeUUID=a1dec692-f01d-4dc4-b8c6-c1af31f4a539, command=[]} | ret=SUCCESS |  
2019-09-19 14:40:22,413 [ForkJoinPool.commonPool-worker-1] INFO  ozoneimpl.OzoneContainer (OzoneContainer.java:stop(199)) - Attempting to stop container services.
2019-09-19 14:40:22,414 [ForkJoinPool.commonPool-worker-1] INFO  impl.RaftServerProxy (RaftServerProxy.java:lambda$close$4(314)) - 7354d665-2a20-43d9-a220-6cd224d5c3fe: close
2019-09-19 14:40:22,414 [ForkJoinPool.commonPool-worker-1] INFO  impl.RaftServerImpl (RaftServerImpl.java:lambda$shutdown$3(245)) - 7354d665-2a20-43d9-a220-6cd224d5c3fe: shutdown group-C9D550F9B02A
2019-09-19 14:40:22,414 [ForkJoinPool.commonPool-worker-1] INFO  util.JmxRegister (JmxRegister.java:unregister(73)) - Successfully un-registered JMX Bean with object name Ratis:service=RaftServer,group=group-C9D550F9B02A,id=7354d665-2a20-43d9-a220-6cd224d5c3fe
2019-09-19 14:40:22,415 [ForkJoinPool.commonPool-worker-1] INFO  impl.RoleInfo (RoleInfo.java:shutdownLeaderState(104)) - 7354d665-2a20-43d9-a220-6cd224d5c3fe: shutdown LeaderState
2019-09-19 14:40:22,415 [ForkJoinPool.commonPool-worker-1] INFO  impl.PendingRequests (PendingRequests.java:sendNotLeaderResponses(202)) - 7354d665-2a20-43d9-a220-6cd224d5c3fe-PendingRequests: sendNotLeaderResponses
2019-09-19 14:40:22,415 [ForkJoinPool.commonPool-worker-1] INFO  impl.StateMachineUpdater (StateMachineUpdater.java:stopAndJoin(115)) - StateMachineUpdater:7354d665-2a20-43d9-a220-6cd224d5c3fe:group-C9D550F9B02A: set stopIndex = 0
2019-09-19 14:40:22,416 [ForkJoinPool.commonPool-worker-1] INFO  impl.RaftServerImpl (ServerState.java:close(394)) - 7354d665-2a20-43d9-a220-6cd224d5c3fe:group-C9D550F9B02A closes. The last applied log index is 0
2019-09-19 14:40:22,416 [7354d665-2a20-43d9-a220-6cd224d5c3fe-SegmentedRaftLogWorker:Storage Directory /workdir/hadoop-ozone/ozonefs/target/test-dir/MiniOzoneClusterImpl-889e9801-d8cd-4d64-ad06-78e1b934daf6/datanode-3/data/ratis/2ae7cdbe-028a-42e0-82a1-c9d550f9b02a] INFO  segmented.SegmentedRaftLogWorker (SegmentedRaftLogWorker.java:run(313)) - 7354d665-2a20-43d9-a220-6cd224d5c3fe-SegmentedRaftLogWorker:Storage Directory /workdir/hadoop-ozone/ozonefs/target/test-dir/MiniOzoneClusterImpl-889e9801-d8cd-4d64-ad06-78e1b934daf6/datanode-3/data/ratis/2ae7cdbe-028a-42e0-82a1-c9d550f9b02a was interrupted, exiting. There are 0 tasks remaining in the queue.
2019-09-19 14:40:22,416 [ForkJoinPool.commonPool-worker-1] INFO  segmented.SegmentedRaftLogWorker (SegmentedRaftLogWorker.java:close(228)) - 7354d665-2a20-43d9-a220-6cd224d5c3fe-SegmentedRaftLogWorker:Storage Directory /workdir/hadoop-ozone/ozonefs/target/test-dir/MiniOzoneClusterImpl-889e9801-d8cd-4d64-ad06-78e1b934daf6/datanode-3/data/ratis/2ae7cdbe-028a-42e0-82a1-c9d550f9b02a close()
2019-09-19 14:40:22,420 [ForkJoinPool.commonPool-worker-1] INFO  impl.RaftServerImpl (RaftServerImpl.java:lambda$shutdown$3(245)) - 7354d665-2a20-43d9-a220-6cd224d5c3fe: shutdown group-08ED4D1C5B80
2019-09-19 14:40:22,421 [ForkJoinPool.commonPool-worker-1] INFO  util.JmxRegister (JmxRegister.java:unregister(73)) - Successfully un-registered JMX Bean with object name Ratis:service=RaftServer,group=group-08ED4D1C5B80,id=7354d665-2a20-43d9-a220-6cd224d5c3fe
2019-09-19 14:40:22,421 [ForkJoinPool.commonPool-worker-1] INFO  impl.RoleInfo (RoleInfo.java:shutdownLeaderState(104)) - 7354d665-2a20-43d9-a220-6cd224d5c3fe: shutdown LeaderState
2019-09-19 14:40:22,421 [ForkJoinPool.commonPool-worker-1] INFO  impl.PendingRequests (PendingRequests.java:sendNotLeaderResponses(202)) - 7354d665-2a20-43d9-a220-6cd224d5c3fe-PendingRequests: sendNotLeaderResponses
2019-09-19 14:40:22,422 [ForkJoinPool.commonPool-worker-1] INFO  impl.StateMachineUpdater (StateMachineUpdater.java:stopAndJoin(115)) - StateMachineUpdater:7354d665-2a20-43d9-a220-6cd224d5c3fe:group-08ED4D1C5B80: set stopIndex = 0
2019-09-19 14:40:22,422 [ForkJoinPool.commonPool-worker-1] INFO  impl.RaftServerImpl (ServerState.java:close(394)) - 7354d665-2a20-43d9-a220-6cd224d5c3fe:group-08ED4D1C5B80 closes. The last applied log index is 0
2019-09-19 14:40:22,422 [7354d665-2a20-43d9-a220-6cd224d5c3fe-SegmentedRaftLogWorker:Storage Directory /workdir/hadoop-ozone/ozonefs/target/test-dir/MiniOzoneClusterImpl-889e9801-d8cd-4d64-ad06-78e1b934daf6/datanode-3/data/ratis/9ed11ed8-becb-4865-9a10-08ed4d1c5b80] INFO  segmented.SegmentedRaftLogWorker (SegmentedRaftLogWorker.java:run(313)) - 7354d665-2a20-43d9-a220-6cd224d5c3fe-SegmentedRaftLogWorker:Storage Directory /workdir/hadoop-ozone/ozonefs/target/test-dir/MiniOzoneClusterImpl-889e9801-d8cd-4d64-ad06-78e1b934daf6/datanode-3/data/ratis/9ed11ed8-becb-4865-9a10-08ed4d1c5b80 was interrupted, exiting. There are 0 tasks remaining in the queue.
2019-09-19 14:40:22,423 [ForkJoinPool.commonPool-worker-1] INFO  segmented.SegmentedRaftLogWorker (SegmentedRaftLogWorker.java:close(228)) - 7354d665-2a20-43d9-a220-6cd224d5c3fe-SegmentedRaftLogWorker:Storage Directory /workdir/hadoop-ozone/ozonefs/target/test-dir/MiniOzoneClusterImpl-889e9801-d8cd-4d64-ad06-78e1b934daf6/datanode-3/data/ratis/9ed11ed8-becb-4865-9a10-08ed4d1c5b80 close()
2019-09-19 14:40:22,425 [ForkJoinPool.commonPool-worker-1] INFO  impl.RaftServerImpl (RaftServerImpl.java:lambda$shutdown$3(245)) - 7354d665-2a20-43d9-a220-6cd224d5c3fe: shutdown group-5B1728CA1C8E
2019-09-19 14:40:22,426 [ForkJoinPool.commonPool-worker-1] INFO  util.JmxRegister (JmxRegister.java:unregister(73)) - Successfully un-registered JMX Bean with object name Ratis:service=RaftServer,group=group-5B1728CA1C8E,id=7354d665-2a20-43d9-a220-6cd224d5c3fe
2019-09-19 14:40:22,426 [ForkJoinPool.commonPool-worker-1] INFO  impl.RoleInfo (RoleInfo.java:shutdownLeaderState(104)) - 7354d665-2a20-43d9-a220-6cd224d5c3fe: shutdown LeaderState
2019-09-19 14:40:22,426 [main] INFO  ozoneimpl.OzoneContainer (OzoneContainer.java:stop(199)) - Attempting to stop container services.
2019-09-19 14:40:22,426 [ForkJoinPool.commonPool-worker-1] INFO  impl.PendingRequests (PendingRequests.java:sendNotLeaderResponses(202)) - 7354d665-2a20-43d9-a220-6cd224d5c3fe-PendingRequests: sendNotLeaderResponses
2019-09-19 14:40:22,427 [ForkJoinPool.commonPool-worker-1] INFO  impl.StateMachineUpdater (StateMachineUpdater.java:stopAndJoin(115)) - StateMachineUpdater:7354d665-2a20-43d9-a220-6cd224d5c3fe:group-5B1728CA1C8E: set stopIndex = 0
2019-09-19 14:40:22,427 [main] INFO  impl.RaftServerProxy (RaftServerProxy.java:lambda$close$4(314)) - b84a7c4a-6ef7-4bd2-bf64-eea4d8e07688: close
2019-09-19 14:40:22,427 [ForkJoinPool.commonPool-worker-1] INFO  impl.RaftServerImpl (ServerState.java:close(394)) - 7354d665-2a20-43d9-a220-6cd224d5c3fe:group-5B1728CA1C8E closes. The last applied log index is 0
2019-09-19 14:40:22,428 [main] INFO  impl.RaftServerImpl (RaftServerImpl.java:lambda$shutdown$3(245)) - b84a7c4a-6ef7-4bd2-bf64-eea4d8e07688: shutdown group-64590F93AEF5
2019-09-19 14:40:22,428 [7354d665-2a20-43d9-a220-6cd224d5c3fe-SegmentedRaftLogWorker:Storage Directory /workdir/hadoop-ozone/ozonefs/target/test-dir/MiniOzoneClusterImpl-889e9801-d8cd-4d64-ad06-78e1b934daf6/datanode-3/data/ratis/789a3bfa-f197-4578-9a3b-5b1728ca1c8e] INFO  segmented.SegmentedRaftLogWorker (SegmentedRaftLogWorker.java:run(313)) - 7354d665-2a20-43d9-a220-6cd224d5c3fe-SegmentedRaftLogWorker:Storage Directory /workdir/hadoop-ozone/ozonefs/target/test-dir/MiniOzoneClusterImpl-889e9801-d8cd-4d64-ad06-78e1b934daf6/datanode-3/data/ratis/789a3bfa-f197-4578-9a3b-5b1728ca1c8e was interrupted, exiting. There are 0 tasks remaining in the queue.
2019-09-19 14:40:22,428 [main] INFO  util.JmxRegister (JmxRegister.java:unregister(73)) - Successfully un-registered JMX Bean with object name Ratis:service=RaftServer,group=group-64590F93AEF5,id=b84a7c4a-6ef7-4bd2-bf64-eea4d8e07688
2019-09-19 14:40:22,429 [ForkJoinPool.commonPool-worker-1] INFO  segmented.SegmentedRaftLogWorker (SegmentedRaftLogWorker.java:close(228)) - 7354d665-2a20-43d9-a220-6cd224d5c3fe-SegmentedRaftLogWorker:Storage Directory /workdir/hadoop-ozone/ozonefs/target/test-dir/MiniOzoneClusterImpl-889e9801-d8cd-4d64-ad06-78e1b934daf6/datanode-3/data/ratis/789a3bfa-f197-4578-9a3b-5b1728ca1c8e close()
2019-09-19 14:40:22,429 [main] INFO  impl.RoleInfo (RoleInfo.java:shutdownLeaderState(104)) - b84a7c4a-6ef7-4bd2-bf64-eea4d8e07688: shutdown LeaderState
2019-09-19 14:40:22,431 [ForkJoinPool.commonPool-worker-1] INFO  impl.RaftServerImpl (RaftServerImpl.java:lambda$shutdown$3(245)) - 7354d665-2a20-43d9-a220-6cd224d5c3fe: shutdown group-8929965143DB
2019-09-19 14:40:22,432 [main] INFO  impl.PendingRequests (PendingRequests.java:sendNotLeaderResponses(202)) - b84a7c4a-6ef7-4bd2-bf64-eea4d8e07688-PendingRequests: sendNotLeaderResponses
2019-09-19 14:40:22,432 [ForkJoinPool.commonPool-worker-1] INFO  util.JmxRegister (JmxRegister.java:unregister(73)) - Successfully un-registered JMX Bean with object name Ratis:service=RaftServer,group=group-8929965143DB,id=7354d665-2a20-43d9-a220-6cd224d5c3fe
2019-09-19 14:40:22,433 [main] INFO  impl.StateMachineUpdater (StateMachineUpdater.java:stopAndJoin(115)) - StateMachineUpdater:b84a7c4a-6ef7-4bd2-bf64-eea4d8e07688:group-64590F93AEF5: set stopIndex = 0
2019-09-19 14:40:22,433 [ForkJoinPool.commonPool-worker-1] INFO  impl.RoleInfo (RoleInfo.java:shutdownLeaderState(104)) - 7354d665-2a20-43d9-a220-6cd224d5c3fe: shutdown LeaderState
2019-09-19 14:40:22,433 [main] INFO  impl.RaftServerImpl (ServerState.java:close(394)) - b84a7c4a-6ef7-4bd2-bf64-eea4d8e07688:group-64590F93AEF5 closes. The last applied log index is 0
2019-09-19 14:40:22,434 [ForkJoinPool.commonPool-worker-1] INFO  impl.PendingRequests (PendingRequests.java:sendNotLeaderResponses(202)) - 7354d665-2a20-43d9-a220-6cd224d5c3fe-PendingRequests: sendNotLeaderResponses
2019-09-19 14:40:22,434 [b84a7c4a-6ef7-4bd2-bf64-eea4d8e07688-SegmentedRaftLogWorker:Storage Directory /workdir/hadoop-ozone/ozonefs/target/test-dir/MiniOzoneClusterImpl-889e9801-d8cd-4d64-ad06-78e1b934daf6/datanode-6/data/ratis/7d489252-73fc-42a8-8864-64590f93aef5] INFO  segmented.SegmentedRaftLogWorker (SegmentedRaftLogWorker.java:run(313)) - b84a7c4a-6ef7-4bd2-bf64-eea4d8e07688-SegmentedRaftLogWorker:Storage Directory /workdir/hadoop-ozone/ozonefs/target/test-dir/MiniOzoneClusterImpl-889e9801-d8cd-4d64-ad06-78e1b934daf6/datanode-6/data/ratis/7d489252-73fc-42a8-8864-64590f93aef5 was interrupted, exiting. There are 0 tasks remaining in the queue.
2019-09-19 14:40:22,434 [ForkJoinPool.commonPool-worker-1] INFO  impl.StateMachineUpdater (StateMachineUpdater.java:stopAndJoin(115)) - StateMachineUpdater:7354d665-2a20-43d9-a220-6cd224d5c3fe:group-8929965143DB: set stopIndex = 0
2019-09-19 14:40:22,434 [main] INFO  segmented.SegmentedRaftLogWorker (SegmentedRaftLogWorker.java:close(228)) - b84a7c4a-6ef7-4bd2-bf64-eea4d8e07688-SegmentedRaftLogWorker:Storage Directory /workdir/hadoop-ozone/ozonefs/target/test-dir/MiniOzoneClusterImpl-889e9801-d8cd-4d64-ad06-78e1b934daf6/datanode-6/data/ratis/7d489252-73fc-42a8-8864-64590f93aef5 close()
2019-09-19 14:40:22,435 [ForkJoinPool.commonPool-worker-1] INFO  impl.RaftServerImpl (ServerState.java:close(394)) - 7354d665-2a20-43d9-a220-6cd224d5c3fe:group-8929965143DB closes. The last applied log index is 0
2019-09-19 14:40:22,439 [main] INFO  impl.RaftServerImpl (RaftServerImpl.java:lambda$shutdown$3(245)) - b84a7c4a-6ef7-4bd2-bf64-eea4d8e07688: shutdown group-448155F51E39
2019-09-19 14:40:22,439 [7354d665-2a20-43d9-a220-6cd224d5c3fe-SegmentedRaftLogWorker:Storage Directory /workdir/hadoop-ozone/ozonefs/target/test-dir/MiniOzoneClusterImpl-889e9801-d8cd-4d64-ad06-78e1b934daf6/datanode-3/data/ratis/85d71af2-8e08-4eaf-adcd-8929965143db] INFO  segmented.SegmentedRaftLogWorker (SegmentedRaftLogWorker.java:run(313)) - 7354d665-2a20-43d9-a220-6cd224d5c3fe-SegmentedRaftLogWorker:Storage Directory /workdir/hadoop-ozone/ozonefs/target/test-dir/MiniOzoneClusterImpl-889e9801-d8cd-4d64-ad06-78e1b934daf6/datanode-3/data/ratis/85d71af2-8e08-4eaf-adcd-8929965143db was interrupted, exiting. There are 0 tasks remaining in the queue.
2019-09-19 14:40:22,439 [main] INFO  util.JmxRegister (JmxRegister.java:unregister(73)) - Successfully un-registered JMX Bean with object name Ratis:service=RaftServer,group=group-448155F51E39,id=b84a7c4a-6ef7-4bd2-bf64-eea4d8e07688
2019-09-19 14:40:22,439 [ForkJoinPool.commonPool-worker-1] INFO  segmented.SegmentedRaftLogWorker (SegmentedRaftLogWorker.java:close(228)) - 7354d665-2a20-43d9-a220-6cd224d5c3fe-SegmentedRaftLogWorker:Storage Directory /workdir/hadoop-ozone/ozonefs/target/test-dir/MiniOzoneClusterImpl-889e9801-d8cd-4d64-ad06-78e1b934daf6/datanode-3/data/ratis/85d71af2-8e08-4eaf-adcd-8929965143db close()
2019-09-19 14:40:22,440 [main] INFO  impl.RoleInfo (RoleInfo.java:shutdownLeaderState(104)) - b84a7c4a-6ef7-4bd2-bf64-eea4d8e07688: shutdown LeaderState
2019-09-19 14:40:22,442 [ForkJoinPool.commonPool-worker-1] INFO  impl.RaftServerImpl (RaftServerImpl.java:lambda$shutdown$3(245)) - 7354d665-2a20-43d9-a220-6cd224d5c3fe: shutdown group-DE4F85B24F6B
2019-09-19 14:40:22,443 [main] INFO  impl.PendingRequests (PendingRequests.java:sendNotLeaderResponses(202)) - b84a7c4a-6ef7-4bd2-bf64-eea4d8e07688-PendingRequests: sendNotLeaderResponses
2019-09-19 14:40:22,443 [ForkJoinPool.commonPool-worker-1] INFO  util.JmxRegister (JmxRegister.java:unregister(73)) - Successfully un-registered JMX Bean with object name Ratis:service=RaftServer,group=group-DE4F85B24F6B,id=7354d665-2a20-43d9-a220-6cd224d5c3fe
2019-09-19 14:40:22,444 [main] INFO  impl.StateMachineUpdater (StateMachineUpdater.java:stopAndJoin(115)) - StateMachineUpdater:b84a7c4a-6ef7-4bd2-bf64-eea4d8e07688:group-448155F51E39: set stopIndex = 0
2019-09-19 14:40:22,444 [ForkJoinPool.commonPool-worker-1] INFO  impl.RoleInfo (RoleInfo.java:shutdownLeaderState(104)) - 7354d665-2a20-43d9-a220-6cd224d5c3fe: shutdown LeaderState
2019-09-19 14:40:22,444 [main] INFO  impl.RaftServerImpl (ServerState.java:close(394)) - b84a7c4a-6ef7-4bd2-bf64-eea4d8e07688:group-448155F51E39 closes. The last applied log index is 0
2019-09-19 14:40:22,444 [ForkJoinPool.commonPool-worker-1] INFO  impl.PendingRequests (PendingRequests.java:sendNotLeaderResponses(202)) - 7354d665-2a20-43d9-a220-6cd224d5c3fe-PendingRequests: sendNotLeaderResponses
2019-09-19 14:40:22,445 [b84a7c4a-6ef7-4bd2-bf64-eea4d8e07688-SegmentedRaftLogWorker:Storage Directory /workdir/hadoop-ozone/ozonefs/target/test-dir/MiniOzoneClusterImpl-889e9801-d8cd-4d64-ad06-78e1b934daf6/datanode-6/data/ratis/ed1c32e1-11c5-4430-ada6-448155f51e39] INFO  segmented.SegmentedRaftLogWorker (SegmentedRaftLogWorker.java:run(313)) - b84a7c4a-6ef7-4bd2-bf64-eea4d8e07688-SegmentedRaftLogWorker:Storage Directory /workdir/hadoop-ozone/ozonefs/target/test-dir/MiniOzoneClusterImpl-889e9801-d8cd-4d64-ad06-78e1b934daf6/datanode-6/data/ratis/ed1c32e1-11c5-4430-ada6-448155f51e39 was interrupted, exiting. There are 0 tasks remaining in the queue.
2019-09-19 14:40:22,445 [ForkJoinPool.commonPool-worker-1] INFO  impl.StateMachineUpdater (StateMachineUpdater.java:stopAndJoin(115)) - StateMachineUpdater:7354d665-2a20-43d9-a220-6cd224d5c3fe:group-DE4F85B24F6B: set stopIndex = 0
2019-09-19 14:40:22,445 [main] INFO  segmented.SegmentedRaftLogWorker (SegmentedRaftLogWorker.java:close(228)) - b84a7c4a-6ef7-4bd2-bf64-eea4d8e07688-SegmentedRaftLogWorker:Storage Directory /workdir/hadoop-ozone/ozonefs/target/test-dir/MiniOzoneClusterImpl-889e9801-d8cd-4d64-ad06-78e1b934daf6/datanode-6/data/ratis/ed1c32e1-11c5-4430-ada6-448155f51e39 close()
2019-09-19 14:40:22,445 [ForkJoinPool.commonPool-worker-1] INFO  impl.RaftServerImpl (ServerState.java:close(394)) - 7354d665-2a20-43d9-a220-6cd224d5c3fe:group-DE4F85B24F6B closes. The last applied log index is 0
2019-09-19 14:40:22,448 [main] INFO  impl.RaftServerImpl (RaftServerImpl.java:lambda$shutdown$3(245)) - b84a7c4a-6ef7-4bd2-bf64-eea4d8e07688: shutdown group-DDE047CEBC03
2019-09-19 14:40:22,448 [7354d665-2a20-43d9-a220-6cd224d5c3fe-SegmentedRaftLogWorker:Storage Directory /workdir/hadoop-ozone/ozonefs/target/test-dir/MiniOzoneClusterImpl-889e9801-d8cd-4d64-ad06-78e1b934daf6/datanode-3/data/ratis/e3087218-e5db-407b-919b-de4f85b24f6b] INFO  segmented.SegmentedRaftLogWorker (SegmentedRaftLogWorker.java:run(313)) - 7354d665-2a20-43d9-a220-6cd224d5c3fe-SegmentedRaftLogWorker:Storage Directory /workdir/hadoop-ozone/ozonefs/target/test-dir/MiniOzoneClusterImpl-889e9801-d8cd-4d64-ad06-78e1b934daf6/datanode-3/data/ratis/e3087218-e5db-407b-919b-de4f85b24f6b was interrupted, exiting. There are 0 tasks remaining in the queue.
2019-09-19 14:40:22,448 [main] INFO  util.JmxRegister (JmxRegister.java:unregister(73)) - Successfully un-registered JMX Bean with object name Ratis:service=RaftServer,group=group-DDE047CEBC03,id=b84a7c4a-6ef7-4bd2-bf64-eea4d8e07688
2019-09-19 14:40:22,448 [ForkJoinPool.commonPool-worker-1] INFO  segmented.SegmentedRaftLogWorker (SegmentedRaftLogWorker.java:close(228)) - 7354d665-2a20-43d9-a220-6cd224d5c3fe-SegmentedRaftLogWorker:Storage Directory /workdir/hadoop-ozone/ozonefs/target/test-dir/MiniOzoneClusterImpl-889e9801-d8cd-4d64-ad06-78e1b934daf6/datanode-3/data/ratis/e3087218-e5db-407b-919b-de4f85b24f6b close()
2019-09-19 14:40:22,449 [main] INFO  impl.RoleInfo (RoleInfo.java:shutdownLeaderState(104)) - b84a7c4a-6ef7-4bd2-bf64-eea4d8e07688: shutdown LeaderState
2019-09-19 14:40:22,452 [ForkJoinPool.commonPool-worker-1] INFO  impl.RaftServerImpl (RaftServerImpl.java:lambda$shutdown$3(245)) - 7354d665-2a20-43d9-a220-6cd224d5c3fe: shutdown group-375B323AC00C
2019-09-19 14:40:22,452 [main] INFO  impl.PendingRequests (PendingRequests.java:sendNotLeaderResponses(202)) - b84a7c4a-6ef7-4bd2-bf64-eea4d8e07688-PendingRequests: sendNotLeaderResponses
2019-09-19 14:40:22,453 [ForkJoinPool.commonPool-worker-1] INFO  util.JmxRegister (JmxRegister.java:unregister(73)) - Successfully un-registered JMX Bean with object name Ratis:service=RaftServer,group=group-375B323AC00C,id=7354d665-2a20-43d9-a220-6cd224d5c3fe
2019-09-19 14:40:22,453 [main] INFO  impl.StateMachineUpdater (StateMachineUpdater.java:stopAndJoin(115)) - StateMachineUpdater:b84a7c4a-6ef7-4bd2-bf64-eea4d8e07688:group-DDE047CEBC03: set stopIndex = 0
2019-09-19 14:40:22,453 [ForkJoinPool.commonPool-worker-1] INFO  impl.RoleInfo (RoleInfo.java:shutdownLeaderState(104)) - 7354d665-2a20-43d9-a220-6cd224d5c3fe: shutdown LeaderState
2019-09-19 14:40:22,454 [main] INFO  impl.RaftServerImpl (ServerState.java:close(394)) - b84a7c4a-6ef7-4bd2-bf64-eea4d8e07688:group-DDE047CEBC03 closes. The last applied log index is 0
2019-09-19 14:40:22,454 [ForkJoinPool.commonPool-worker-1] INFO  impl.PendingRequests (PendingRequests.java:sendNotLeaderResponses(202)) - 7354d665-2a20-43d9-a220-6cd224d5c3fe-PendingRequests: sendNotLeaderResponses
2019-09-19 14:40:22,454 [b84a7c4a-6ef7-4bd2-bf64-eea4d8e07688-SegmentedRaftLogWorker:Storage Directory /workdir/hadoop-ozone/ozonefs/target/test-dir/MiniOzoneClusterImpl-889e9801-d8cd-4d64-ad06-78e1b934daf6/datanode-6/data/ratis/af3427eb-eb13-4b22-a7c9-dde047cebc03] INFO  segmented.SegmentedRaftLogWorker (SegmentedRaftLogWorker.java:run(313)) - b84a7c4a-6ef7-4bd2-bf64-eea4d8e07688-SegmentedRaftLogWorker:Storage Directory /workdir/hadoop-ozone/ozonefs/target/test-dir/MiniOzoneClusterImpl-889e9801-d8cd-4d64-ad06-78e1b934daf6/datanode-6/data/ratis/af3427eb-eb13-4b22-a7c9-dde047cebc03 was interrupted, exiting. There are 0 tasks remaining in the queue.
2019-09-19 14:40:22,455 [ForkJoinPool.commonPool-worker-1] INFO  impl.StateMachineUpdater (StateMachineUpdater.java:stopAndJoin(115)) - StateMachineUpdater:7354d665-2a20-43d9-a220-6cd224d5c3fe:group-375B323AC00C: set stopIndex = 0
2019-09-19 14:40:22,455 [main] INFO  segmented.SegmentedRaftLogWorker (SegmentedRaftLogWorker.java:close(228)) - b84a7c4a-6ef7-4bd2-bf64-eea4d8e07688-SegmentedRaftLogWorker:Storage Directory /workdir/hadoop-ozone/ozonefs/target/test-dir/MiniOzoneClusterImpl-889e9801-d8cd-4d64-ad06-78e1b934daf6/datanode-6/data/ratis/af3427eb-eb13-4b22-a7c9-dde047cebc03 close()
2019-09-19 14:40:22,455 [ForkJoinPool.commonPool-worker-1] INFO  impl.RaftServerImpl (ServerState.java:close(394)) - 7354d665-2a20-43d9-a220-6cd224d5c3fe:group-375B323AC00C closes. The last applied log index is 0
2019-09-19 14:40:22,466 [main] INFO  impl.RaftServerImpl (RaftServerImpl.java:lambda$shutdown$3(245)) - b84a7c4a-6ef7-4bd2-bf64-eea4d8e07688: shutdown group-DEAB6AC1C231
2019-09-19 14:40:22,467 [7354d665-2a20-43d9-a220-6cd224d5c3fe-SegmentedRaftLogWorker:Storage Directory /workdir/hadoop-ozone/ozonefs/target/test-dir/MiniOzoneClusterImpl-889e9801-d8cd-4d64-ad06-78e1b934daf6/datanode-3/data/ratis/d607064e-0017-475e-bee3-375b323ac00c] INFO  segmented.SegmentedRaftLogWorker (SegmentedRaftLogWorker.java:run(313)) - 7354d665-2a20-43d9-a220-6cd224d5c3fe-SegmentedRaftLogWorker:Storage Directory /workdir/hadoop-ozone/ozonefs/target/test-dir/MiniOzoneClusterImpl-889e9801-d8cd-4d64-ad06-78e1b934daf6/datanode-3/data/ratis/d607064e-0017-475e-bee3-375b323ac00c was interrupted, exiting. There are 0 tasks remaining in the queue.
2019-09-19 14:40:22,467 [main] INFO  util.JmxRegister (JmxRegister.java:unregister(73)) - Successfully un-registered JMX Bean with object name Ratis:service=RaftServer,group=group-DEAB6AC1C231,id=b84a7c4a-6ef7-4bd2-bf64-eea4d8e07688
2019-09-19 14:40:22,467 [ForkJoinPool.commonPool-worker-1] INFO  segmented.SegmentedRaftLogWorker (SegmentedRaftLogWorker.java:close(228)) - 7354d665-2a20-43d9-a220-6cd224d5c3fe-SegmentedRaftLogWorker:Storage Directory /workdir/hadoop-ozone/ozonefs/target/test-dir/MiniOzoneClusterImpl-889e9801-d8cd-4d64-ad06-78e1b934daf6/datanode-3/data/ratis/d607064e-0017-475e-bee3-375b323ac00c close()
2019-09-19 14:40:22,467 [main] INFO  impl.RoleInfo (RoleInfo.java:shutdownLeaderState(104)) - b84a7c4a-6ef7-4bd2-bf64-eea4d8e07688: shutdown LeaderState
2019-09-19 14:40:22,468 [ForkJoinPool.commonPool-worker-1] INFO  server.GrpcService (GrpcService.java:closeImpl(155)) - 7354d665-2a20-43d9-a220-6cd224d5c3fe: shutdown server with port 32973 now
2019-09-19 14:40:22,468 [main] INFO  impl.PendingRequests (PendingRequests.java:sendNotLeaderResponses(202)) - b84a7c4a-6ef7-4bd2-bf64-eea4d8e07688-PendingRequests: sendNotLeaderResponses
2019-09-19 14:40:22,471 [ForkJoinPool.commonPool-worker-1] INFO  server.GrpcService (GrpcService.java:closeImpl(163)) - 7354d665-2a20-43d9-a220-6cd224d5c3fe: shutdown server with port 32973 successfully
2019-09-19 14:40:22,471 [main] INFO  impl.StateMachineUpdater (StateMachineUpdater.java:stopAndJoin(115)) - StateMachineUpdater:b84a7c4a-6ef7-4bd2-bf64-eea4d8e07688:group-DEAB6AC1C231: set stopIndex = 0
2019-09-19 14:40:22,472 [main] INFO  impl.RaftServerImpl (ServerState.java:close(394)) - b84a7c4a-6ef7-4bd2-bf64-eea4d8e07688:group-DEAB6AC1C231 closes. The last applied log index is 0
2019-09-19 14:40:22,472 [b84a7c4a-6ef7-4bd2-bf64-eea4d8e07688-SegmentedRaftLogWorker:Storage Directory /workdir/hadoop-ozone/ozonefs/target/test-dir/MiniOzoneClusterImpl-889e9801-d8cd-4d64-ad06-78e1b934daf6/datanode-6/data/ratis/f337fd6c-3741-4d75-9d4f-deab6ac1c231] INFO  segmented.SegmentedRaftLogWorker (SegmentedRaftLogWorker.java:run(313)) - b84a7c4a-6ef7-4bd2-bf64-eea4d8e07688-SegmentedRaftLogWorker:Storage Directory /workdir/hadoop-ozone/ozonefs/target/test-dir/MiniOzoneClusterImpl-889e9801-d8cd-4d64-ad06-78e1b934daf6/datanode-6/data/ratis/f337fd6c-3741-4d75-9d4f-deab6ac1c231 was interrupted, exiting. There are 0 tasks remaining in the queue.
2019-09-19 14:40:22,473 [main] INFO  segmented.SegmentedRaftLogWorker (SegmentedRaftLogWorker.java:close(228)) - b84a7c4a-6ef7-4bd2-bf64-eea4d8e07688-SegmentedRaftLogWorker:Storage Directory /workdir/hadoop-ozone/ozonefs/target/test-dir/MiniOzoneClusterImpl-889e9801-d8cd-4d64-ad06-78e1b934daf6/datanode-6/data/ratis/f337fd6c-3741-4d75-9d4f-deab6ac1c231 close()
2019-09-19 14:40:22,473 [main] INFO  impl.RaftServerImpl (RaftServerImpl.java:lambda$shutdown$3(245)) - b84a7c4a-6ef7-4bd2-bf64-eea4d8e07688: shutdown group-BD3D8A9C920B
2019-09-19 14:40:22,474 [main] INFO  util.JmxRegister (JmxRegister.java:unregister(73)) - Successfully un-registered JMX Bean with object name Ratis:service=RaftServer,group=group-BD3D8A9C920B,id=b84a7c4a-6ef7-4bd2-bf64-eea4d8e07688
2019-09-19 14:40:22,474 [main] INFO  impl.RoleInfo (RoleInfo.java:shutdownLeaderState(104)) - b84a7c4a-6ef7-4bd2-bf64-eea4d8e07688: shutdown LeaderState
2019-09-19 14:40:22,474 [main] INFO  impl.PendingRequests (PendingRequests.java:sendNotLeaderResponses(202)) - b84a7c4a-6ef7-4bd2-bf64-eea4d8e07688-PendingRequests: sendNotLeaderResponses
2019-09-19 14:40:22,475 [main] INFO  impl.StateMachineUpdater (StateMachineUpdater.java:stopAndJoin(115)) - StateMachineUpdater:b84a7c4a-6ef7-4bd2-bf64-eea4d8e07688:group-BD3D8A9C920B: set stopIndex = 0
2019-09-19 14:40:22,475 [ForkJoinPool.commonPool-worker-1] INFO  utils.BackgroundService (BackgroundService.java:shutdown(148)) - Shutting down service BlockDeletingService
2019-09-19 14:40:22,475 [main] INFO  impl.RaftServerImpl (ServerState.java:close(394)) - b84a7c4a-6ef7-4bd2-bf64-eea4d8e07688:group-BD3D8A9C920B closes. The last applied log index is 0
2019-09-19 14:40:22,476 [b84a7c4a-6ef7-4bd2-bf64-eea4d8e07688-SegmentedRaftLogWorker:Storage Directory /workdir/hadoop-ozone/ozonefs/target/test-dir/MiniOzoneClusterImpl-889e9801-d8cd-4d64-ad06-78e1b934daf6/datanode-6/data/ratis/0392bf01-85ed-4624-ba3b-bd3d8a9c920b] INFO  segmented.SegmentedRaftLogWorker (SegmentedRaftLogWorker.java:run(313)) - b84a7c4a-6ef7-4bd2-bf64-eea4d8e07688-SegmentedRaftLogWorker:Storage Directory /workdir/hadoop-ozone/ozonefs/target/test-dir/MiniOzoneClusterImpl-889e9801-d8cd-4d64-ad06-78e1b934daf6/datanode-6/data/ratis/0392bf01-85ed-4624-ba3b-bd3d8a9c920b was interrupted, exiting. There are 0 tasks remaining in the queue.
2019-09-19 14:40:22,476 [main] INFO  segmented.SegmentedRaftLogWorker (SegmentedRaftLogWorker.java:close(228)) - b84a7c4a-6ef7-4bd2-bf64-eea4d8e07688-SegmentedRaftLogWorker:Storage Directory /workdir/hadoop-ozone/ozonefs/target/test-dir/MiniOzoneClusterImpl-889e9801-d8cd-4d64-ad06-78e1b934daf6/datanode-6/data/ratis/0392bf01-85ed-4624-ba3b-bd3d8a9c920b close()
2019-09-19 14:40:22,476 [main] INFO  impl.RaftServerImpl (RaftServerImpl.java:lambda$shutdown$3(245)) - b84a7c4a-6ef7-4bd2-bf64-eea4d8e07688: shutdown group-94AAAC36CF3E
2019-09-19 14:40:22,477 [main] INFO  util.JmxRegister (JmxRegister.java:unregister(73)) - Successfully un-registered JMX Bean with object name Ratis:service=RaftServer,group=group-94AAAC36CF3E,id=b84a7c4a-6ef7-4bd2-bf64-eea4d8e07688
2019-09-19 14:40:22,477 [main] INFO  impl.RoleInfo (RoleInfo.java:shutdownLeaderState(104)) - b84a7c4a-6ef7-4bd2-bf64-eea4d8e07688: shutdown LeaderState
2019-09-19 14:40:22,478 [main] INFO  impl.PendingRequests (PendingRequests.java:sendNotLeaderResponses(202)) - b84a7c4a-6ef7-4bd2-bf64-eea4d8e07688-PendingRequests: sendNotLeaderResponses
2019-09-19 14:40:22,478 [main] INFO  impl.StateMachineUpdater (StateMachineUpdater.java:stopAndJoin(115)) - StateMachineUpdater:b84a7c4a-6ef7-4bd2-bf64-eea4d8e07688:group-94AAAC36CF3E: set stopIndex = 0
2019-09-19 14:40:22,478 [main] INFO  impl.RaftServerImpl (ServerState.java:close(394)) - b84a7c4a-6ef7-4bd2-bf64-eea4d8e07688:group-94AAAC36CF3E closes. The last applied log index is 0
2019-09-19 14:40:22,479 [b84a7c4a-6ef7-4bd2-bf64-eea4d8e07688-SegmentedRaftLogWorker:Storage Directory /workdir/hadoop-ozone/ozonefs/target/test-dir/MiniOzoneClusterImpl-889e9801-d8cd-4d64-ad06-78e1b934daf6/datanode-6/data/ratis/4168b524-298d-4a9a-a957-94aaac36cf3e] INFO  segmented.SegmentedRaftLogWorker (SegmentedRaftLogWorker.java:run(313)) - b84a7c4a-6ef7-4bd2-bf64-eea4d8e07688-SegmentedRaftLogWorker:Storage Directory /workdir/hadoop-ozone/ozonefs/target/test-dir/MiniOzoneClusterImpl-889e9801-d8cd-4d64-ad06-78e1b934daf6/datanode-6/data/ratis/4168b524-298d-4a9a-a957-94aaac36cf3e was interrupted, exiting. There are 0 tasks remaining in the queue.
2019-09-19 14:40:22,479 [main] INFO  segmented.SegmentedRaftLogWorker (SegmentedRaftLogWorker.java:close(228)) - b84a7c4a-6ef7-4bd2-bf64-eea4d8e07688-SegmentedRaftLogWorker:Storage Directory /workdir/hadoop-ozone/ozonefs/target/test-dir/MiniOzoneClusterImpl-889e9801-d8cd-4d64-ad06-78e1b934daf6/datanode-6/data/ratis/4168b524-298d-4a9a-a957-94aaac36cf3e close()
2019-09-19 14:40:22,479 [refreshUsed-/workdir/hadoop-ozone/ozonefs/target/test-dir/MiniOzoneClusterImpl-889e9801-d8cd-4d64-ad06-78e1b934daf6/datanode-3/data/containers] WARN  fs.CachingGetSpaceUsed (CachingGetSpaceUsed.java:run(183)) - Thread Interrupted waiting to refresh disk information: sleep interrupted
2019-09-19 14:40:22,479 [main] INFO  server.GrpcService (GrpcService.java:closeImpl(155)) - b84a7c4a-6ef7-4bd2-bf64-eea4d8e07688: shutdown server with port 41504 now
2019-09-19 14:40:22,482 [main] INFO  server.GrpcService (GrpcService.java:closeImpl(163)) - b84a7c4a-6ef7-4bd2-bf64-eea4d8e07688: shutdown server with port 41504 successfully
2019-09-19 14:40:22,484 [main] INFO  utils.BackgroundService (BackgroundService.java:shutdown(148)) - Shutting down service BlockDeletingService
2019-09-19 14:40:22,485 [refreshUsed-/workdir/hadoop-ozone/ozonefs/target/test-dir/MiniOzoneClusterImpl-889e9801-d8cd-4d64-ad06-78e1b934daf6/datanode-6/data/containers] WARN  fs.CachingGetSpaceUsed (CachingGetSpaceUsed.java:run(183)) - Thread Interrupted waiting to refresh disk information: sleep interrupted
2019-09-19 14:40:22,513 [ForkJoinPool.commonPool-worker-1] INFO  statemachine.DatanodeStateMachine (DatanodeStateMachine.java:stopDaemon(395)) - Ozone container server stopped.
2019-09-19 14:40:22,520 [ForkJoinPool.commonPool-worker-1] INFO  handler.ContextHandler (ContextHandler.java:doStop(910)) - Stopped o.e.j.w.WebAppContext@28ee882c{/,null,UNAVAILABLE}{/hddsDatanode}
2019-09-19 14:40:22,526 [main] INFO  statemachine.DatanodeStateMachine (DatanodeStateMachine.java:stopDaemon(395)) - Ozone container server stopped.
2019-09-19 14:40:22,526 [ForkJoinPool.commonPool-worker-1] INFO  server.AbstractConnector (AbstractConnector.java:doStop(318)) - Stopped ServerConnector@78d73b1b{HTTP/1.1,[http/1.1]}{0.0.0.0:0}
2019-09-19 14:40:22,528 [ForkJoinPool.commonPool-worker-1] INFO  handler.ContextHandler (ContextHandler.java:doStop(910)) - Stopped o.e.j.s.ServletContextHandler@3dec3f87{/static,jar:file:/home/user/.m2/repository/org/apache/hadoop/hadoop-hdds-container-service/0.5.0-SNAPSHOT/hadoop-hdds-container-service-0.5.0-SNAPSHOT.jar!/webapps/static,UNAVAILABLE}
2019-09-19 14:40:22,531 [ForkJoinPool.commonPool-worker-1] INFO  handler.ContextHandler (ContextHandler.java:doStop(910)) - Stopped o.e.j.s.ServletContextHandler@656842bc{/logs,file:///workdir/hadoop-ozone/ozonefs/target/log,UNAVAILABLE}
2019-09-19 14:40:22,531 [main] INFO  handler.ContextHandler (ContextHandler.java:doStop(910)) - Stopped o.e.j.w.WebAppContext@23b71d24{/,null,UNAVAILABLE}{/hddsDatanode}
2019-09-19 14:40:22,532 [ForkJoinPool.commonPool-worker-1] INFO  datanode.ObjectStoreHandler (ObjectStoreHandler.java:close(155)) - Closing ObjectStoreHandler.
2019-09-19 14:40:22,532 [main] INFO  server.AbstractConnector (AbstractConnector.java:doStop(318)) - Stopped ServerConnector@568f4faa{HTTP/1.1,[http/1.1]}{0.0.0.0:0}
2019-09-19 14:40:22,532 [ForkJoinPool.commonPool-worker-1] INFO  ozone.HddsDatanodeService (HddsDatanodeService.java:stop(451)) - Stopped plug-in org.apache.hadoop.ozone.web.OzoneHddsDatanodeService@67763ebe
2019-09-19 14:40:22,533 [main] INFO  handler.ContextHandler (ContextHandler.java:doStop(910)) - Stopped o.e.j.s.ServletContextHandler@743bb39a{/static,jar:file:/home/user/.m2/repository/org/apache/hadoop/hadoop-hdds-container-service/0.5.0-SNAPSHOT/hadoop-hdds-container-service-0.5.0-SNAPSHOT.jar!/webapps/static,UNAVAILABLE}
2019-09-19 14:40:22,533 [main] INFO  handler.ContextHandler (ContextHandler.java:doStop(910)) - Stopped o.e.j.s.ServletContextHandler@2120bed{/logs,file:///workdir/hadoop-ozone/ozonefs/target/log,UNAVAILABLE}
2019-09-19 14:40:22,534 [main] INFO  datanode.ObjectStoreHandler (ObjectStoreHandler.java:close(155)) - Closing ObjectStoreHandler.
2019-09-19 14:40:22,535 [main] INFO  ozone.HddsDatanodeService (HddsDatanodeService.java:stop(451)) - Stopped plug-in org.apache.hadoop.ozone.web.OzoneHddsDatanodeService@27db45f
2019-09-19 14:40:22,595 | INFO  | SCMAudit | user=jenkins1000 | ip=192.168.5.132 | op=SEND_HEARTBEAT {datanodeUUID=c157b6a0-3602-4e04-89f3-2eaad4ae05f6, command=[]} | ret=SUCCESS |  
2019-09-19 14:40:22,692 [Datanode State Machine Thread - 0] INFO  statemachine.DatanodeStateMachine (DatanodeStateMachine.java:lambda$startDaemon$0(350)) - Ozone container server started.
2019-09-19 14:40:22,694 [Datanode State Machine Thread - 0] INFO  statemachine.DatanodeStateMachine (DatanodeStateMachine.java:lambda$startDaemon$0(350)) - Ozone container server started.
2019-09-19 14:40:22,697 | INFO  | SCMAudit | user=jenkins1000 | ip=192.168.5.132 | op=SEND_HEARTBEAT {datanodeUUID=f70b6c3b-be29-4a26-a238-fb2d839120cd, command=[]} | ret=SUCCESS |  
2019-09-19 14:40:22,703 | INFO  | SCMAudit | user=jenkins1000 | ip=192.168.5.132 | op=SEND_HEARTBEAT {datanodeUUID=942b50b4-c7bf-487c-9057-9f9e637dbe53, command=[]} | ret=SUCCESS |  
2019-09-19 14:40:23,247 | INFO  | SCMAudit | user=jenkins1000 | ip=192.168.5.132 | op=SEND_HEARTBEAT {datanodeUUID=a1dec692-f01d-4dc4-b8c6-c1af31f4a539, command=[]} | ret=SUCCESS |  
2019-09-19 14:40:23,595 | INFO  | SCMAudit | user=jenkins1000 | ip=192.168.5.132 | op=SEND_HEARTBEAT {datanodeUUID=c157b6a0-3602-4e04-89f3-2eaad4ae05f6, command=[]} | ret=SUCCESS |  
2019-09-19 14:40:23,696 | INFO  | SCMAudit | user=jenkins1000 | ip=192.168.5.132 | op=SEND_HEARTBEAT {datanodeUUID=f70b6c3b-be29-4a26-a238-fb2d839120cd, command=[]} | ret=SUCCESS |  
2019-09-19 14:40:23,703 | INFO  | SCMAudit | user=jenkins1000 | ip=192.168.5.132 | op=SEND_HEARTBEAT {datanodeUUID=942b50b4-c7bf-487c-9057-9f9e637dbe53, command=[]} | ret=SUCCESS |  
2019-09-19 14:40:24,247 | INFO  | SCMAudit | user=jenkins1000 | ip=192.168.5.132 | op=SEND_HEARTBEAT {datanodeUUID=a1dec692-f01d-4dc4-b8c6-c1af31f4a539, command=[]} | ret=SUCCESS |  
2019-09-19 14:40:24,596 | INFO  | SCMAudit | user=jenkins1000 | ip=192.168.5.132 | op=SEND_HEARTBEAT {datanodeUUID=c157b6a0-3602-4e04-89f3-2eaad4ae05f6, command=[]} | ret=SUCCESS |  
2019-09-19 14:40:24,696 | INFO  | SCMAudit | user=jenkins1000 | ip=192.168.5.132 | op=SEND_HEARTBEAT {datanodeUUID=f70b6c3b-be29-4a26-a238-fb2d839120cd, command=[]} | ret=SUCCESS |  
2019-09-19 14:40:24,703 | INFO  | SCMAudit | user=jenkins1000 | ip=192.168.5.132 | op=SEND_HEARTBEAT {datanodeUUID=942b50b4-c7bf-487c-9057-9f9e637dbe53, command=[]} | ret=SUCCESS |  
2019-09-19 14:40:25,247 | INFO  | SCMAudit | user=jenkins1000 | ip=192.168.5.132 | op=SEND_HEARTBEAT {datanodeUUID=a1dec692-f01d-4dc4-b8c6-c1af31f4a539, command=[]} | ret=SUCCESS |  
2019-09-19 14:40:25,597 | INFO  | SCMAudit | user=jenkins1000 | ip=192.168.5.132 | op=SEND_HEARTBEAT {datanodeUUID=c157b6a0-3602-4e04-89f3-2eaad4ae05f6, command=[]} | ret=SUCCESS |  
2019-09-19 14:40:25,696 | INFO  | SCMAudit | user=jenkins1000 | ip=192.168.5.132 | op=SEND_HEARTBEAT {datanodeUUID=f70b6c3b-be29-4a26-a238-fb2d839120cd, command=[]} | ret=SUCCESS |  
2019-09-19 14:40:25,703 | INFO  | SCMAudit | user=jenkins1000 | ip=192.168.5.132 | op=SEND_HEARTBEAT {datanodeUUID=942b50b4-c7bf-487c-9057-9f9e637dbe53, command=[]} | ret=SUCCESS |  
2019-09-19 14:40:26,247 | INFO  | SCMAudit | user=jenkins1000 | ip=192.168.5.132 | op=SEND_HEARTBEAT {datanodeUUID=a1dec692-f01d-4dc4-b8c6-c1af31f4a539, command=[]} | ret=SUCCESS |  
2019-09-19 14:40:26,597 | INFO  | SCMAudit | user=jenkins1000 | ip=192.168.5.132 | op=SEND_HEARTBEAT {datanodeUUID=c157b6a0-3602-4e04-89f3-2eaad4ae05f6, command=[]} | ret=SUCCESS |  
2019-09-19 14:40:26,697 | INFO  | SCMAudit | user=jenkins1000 | ip=192.168.5.132 | op=SEND_HEARTBEAT {datanodeUUID=f70b6c3b-be29-4a26-a238-fb2d839120cd, command=[]} | ret=SUCCESS |  
2019-09-19 14:40:26,703 | INFO  | SCMAudit | user=jenkins1000 | ip=192.168.5.132 | op=SEND_HEARTBEAT {datanodeUUID=942b50b4-c7bf-487c-9057-9f9e637dbe53, command=[]} | ret=SUCCESS |  
2019-09-19 14:40:27,247 | INFO  | SCMAudit | user=jenkins1000 | ip=192.168.5.132 | op=SEND_HEARTBEAT {datanodeUUID=a1dec692-f01d-4dc4-b8c6-c1af31f4a539, command=[]} | ret=SUCCESS |  
2019-09-19 14:40:27,533 [ForkJoinPool.commonPool-worker-1] INFO  ozoneimpl.OzoneContainer (OzoneContainer.java:stop(199)) - Attempting to stop container services.
2019-09-19 14:40:27,534 [ForkJoinPool.commonPool-worker-1] INFO  impl.RaftServerProxy (RaftServerProxy.java:lambda$close$4(314)) - 6aa361a5-10ee-4e6c-9990-87c23e670156: close
2019-09-19 14:40:27,534 [ForkJoinPool.commonPool-worker-1] INFO  impl.RaftServerImpl (RaftServerImpl.java:lambda$shutdown$3(245)) - 6aa361a5-10ee-4e6c-9990-87c23e670156: shutdown group-E05125B01A69
2019-09-19 14:40:27,534 [ForkJoinPool.commonPool-worker-1] INFO  util.JmxRegister (JmxRegister.java:unregister(73)) - Successfully un-registered JMX Bean with object name Ratis:service=RaftServer,group=group-E05125B01A69,id=6aa361a5-10ee-4e6c-9990-87c23e670156
2019-09-19 14:40:27,534 [ForkJoinPool.commonPool-worker-1] INFO  impl.RoleInfo (RoleInfo.java:shutdownLeaderState(104)) - 6aa361a5-10ee-4e6c-9990-87c23e670156: shutdown LeaderState
2019-09-19 14:40:27,535 [ForkJoinPool.commonPool-worker-1] INFO  impl.PendingRequests (PendingRequests.java:sendNotLeaderResponses(202)) - 6aa361a5-10ee-4e6c-9990-87c23e670156-PendingRequests: sendNotLeaderResponses
2019-09-19 14:40:27,535 [ForkJoinPool.commonPool-worker-1] INFO  impl.StateMachineUpdater (StateMachineUpdater.java:stopAndJoin(115)) - StateMachineUpdater:6aa361a5-10ee-4e6c-9990-87c23e670156:group-E05125B01A69: set stopIndex = 0
2019-09-19 14:40:27,535 [ForkJoinPool.commonPool-worker-1] INFO  impl.RaftServerImpl (ServerState.java:close(394)) - 6aa361a5-10ee-4e6c-9990-87c23e670156:group-E05125B01A69 closes. The last applied log index is 0
2019-09-19 14:40:27,536 [main] INFO  ozoneimpl.OzoneContainer (OzoneContainer.java:stop(199)) - Attempting to stop container services.
2019-09-19 14:40:27,536 [6aa361a5-10ee-4e6c-9990-87c23e670156-SegmentedRaftLogWorker:Storage Directory /workdir/hadoop-ozone/ozonefs/target/test-dir/MiniOzoneClusterImpl-889e9801-d8cd-4d64-ad06-78e1b934daf6/datanode-4/data/ratis/f591dd85-9172-4564-b16e-e05125b01a69] INFO  segmented.SegmentedRaftLogWorker (SegmentedRaftLogWorker.java:run(313)) - 6aa361a5-10ee-4e6c-9990-87c23e670156-SegmentedRaftLogWorker:Storage Directory /workdir/hadoop-ozone/ozonefs/target/test-dir/MiniOzoneClusterImpl-889e9801-d8cd-4d64-ad06-78e1b934daf6/datanode-4/data/ratis/f591dd85-9172-4564-b16e-e05125b01a69 was interrupted, exiting. There are 0 tasks remaining in the queue.
2019-09-19 14:40:27,537 [main] INFO  impl.RaftServerProxy (RaftServerProxy.java:lambda$close$4(314)) - 7bfd0aba-89d9-48be-a848-6a4500b14ddf: close
2019-09-19 14:40:27,537 [ForkJoinPool.commonPool-worker-1] INFO  segmented.SegmentedRaftLogWorker (SegmentedRaftLogWorker.java:close(228)) - 6aa361a5-10ee-4e6c-9990-87c23e670156-SegmentedRaftLogWorker:Storage Directory /workdir/hadoop-ozone/ozonefs/target/test-dir/MiniOzoneClusterImpl-889e9801-d8cd-4d64-ad06-78e1b934daf6/datanode-4/data/ratis/f591dd85-9172-4564-b16e-e05125b01a69 close()
2019-09-19 14:40:27,537 [main] INFO  impl.RaftServerImpl (RaftServerImpl.java:lambda$shutdown$3(245)) - 7bfd0aba-89d9-48be-a848-6a4500b14ddf: shutdown group-0D995CD0ABE8
2019-09-19 14:40:27,537 [ForkJoinPool.commonPool-worker-1] INFO  impl.RaftServerImpl (RaftServerImpl.java:lambda$shutdown$3(245)) - 6aa361a5-10ee-4e6c-9990-87c23e670156: shutdown group-A743ECD366E0
2019-09-19 14:40:27,538 [main] INFO  util.JmxRegister (JmxRegister.java:unregister(73)) - Successfully un-registered JMX Bean with object name Ratis:service=RaftServer,group=group-0D995CD0ABE8,id=7bfd0aba-89d9-48be-a848-6a4500b14ddf
2019-09-19 14:40:27,538 [ForkJoinPool.commonPool-worker-1] INFO  util.JmxRegister (JmxRegister.java:unregister(73)) - Successfully un-registered JMX Bean with object name Ratis:service=RaftServer,group=group-A743ECD366E0,id=6aa361a5-10ee-4e6c-9990-87c23e670156
2019-09-19 14:40:27,538 [main] INFO  impl.RoleInfo (RoleInfo.java:shutdownLeaderState(104)) - 7bfd0aba-89d9-48be-a848-6a4500b14ddf: shutdown LeaderState
2019-09-19 14:40:27,539 [ForkJoinPool.commonPool-worker-1] INFO  impl.RoleInfo (RoleInfo.java:shutdownLeaderState(104)) - 6aa361a5-10ee-4e6c-9990-87c23e670156: shutdown LeaderState
2019-09-19 14:40:27,539 [main] INFO  impl.PendingRequests (PendingRequests.java:sendNotLeaderResponses(202)) - 7bfd0aba-89d9-48be-a848-6a4500b14ddf-PendingRequests: sendNotLeaderResponses
2019-09-19 14:40:27,539 [ForkJoinPool.commonPool-worker-1] INFO  impl.PendingRequests (PendingRequests.java:sendNotLeaderResponses(202)) - 6aa361a5-10ee-4e6c-9990-87c23e670156-PendingRequests: sendNotLeaderResponses
2019-09-19 14:40:27,540 [main] INFO  impl.StateMachineUpdater (StateMachineUpdater.java:stopAndJoin(115)) - StateMachineUpdater:7bfd0aba-89d9-48be-a848-6a4500b14ddf:group-0D995CD0ABE8: set stopIndex = 0
2019-09-19 14:40:27,540 [ForkJoinPool.commonPool-worker-1] INFO  impl.StateMachineUpdater (StateMachineUpdater.java:stopAndJoin(115)) - StateMachineUpdater:6aa361a5-10ee-4e6c-9990-87c23e670156:group-A743ECD366E0: set stopIndex = 0
2019-09-19 14:40:27,541 [main] INFO  impl.RaftServerImpl (ServerState.java:close(394)) - 7bfd0aba-89d9-48be-a848-6a4500b14ddf:group-0D995CD0ABE8 closes. The last applied log index is 0
2019-09-19 14:40:27,541 [ForkJoinPool.commonPool-worker-1] INFO  impl.RaftServerImpl (ServerState.java:close(394)) - 6aa361a5-10ee-4e6c-9990-87c23e670156:group-A743ECD366E0 closes. The last applied log index is 0
2019-09-19 14:40:27,541 [7bfd0aba-89d9-48be-a848-6a4500b14ddf-SegmentedRaftLogWorker:Storage Directory /workdir/hadoop-ozone/ozonefs/target/test-dir/MiniOzoneClusterImpl-889e9801-d8cd-4d64-ad06-78e1b934daf6/datanode-8/data/ratis/94103975-c926-4c7c-850b-0d995cd0abe8] INFO  segmented.SegmentedRaftLogWorker (SegmentedRaftLogWorker.java:run(313)) - 7bfd0aba-89d9-48be-a848-6a4500b14ddf-SegmentedRaftLogWorker:Storage Directory /workdir/hadoop-ozone/ozonefs/target/test-dir/MiniOzoneClusterImpl-889e9801-d8cd-4d64-ad06-78e1b934daf6/datanode-8/data/ratis/94103975-c926-4c7c-850b-0d995cd0abe8 was interrupted, exiting. There are 0 tasks remaining in the queue.
2019-09-19 14:40:27,542 [6aa361a5-10ee-4e6c-9990-87c23e670156-SegmentedRaftLogWorker:Storage Directory /workdir/hadoop-ozone/ozonefs/target/test-dir/MiniOzoneClusterImpl-889e9801-d8cd-4d64-ad06-78e1b934daf6/datanode-4/data/ratis/868bbf1a-831f-47b3-b999-a743ecd366e0] INFO  segmented.SegmentedRaftLogWorker (SegmentedRaftLogWorker.java:run(313)) - 6aa361a5-10ee-4e6c-9990-87c23e670156-SegmentedRaftLogWorker:Storage Directory /workdir/hadoop-ozone/ozonefs/target/test-dir/MiniOzoneClusterImpl-889e9801-d8cd-4d64-ad06-78e1b934daf6/datanode-4/data/ratis/868bbf1a-831f-47b3-b999-a743ecd366e0 was interrupted, exiting. There are 0 tasks remaining in the queue.
2019-09-19 14:40:27,542 [main] INFO  segmented.SegmentedRaftLogWorker (SegmentedRaftLogWorker.java:close(228)) - 7bfd0aba-89d9-48be-a848-6a4500b14ddf-SegmentedRaftLogWorker:Storage Directory /workdir/hadoop-ozone/ozonefs/target/test-dir/MiniOzoneClusterImpl-889e9801-d8cd-4d64-ad06-78e1b934daf6/datanode-8/data/ratis/94103975-c926-4c7c-850b-0d995cd0abe8 close()
2019-09-19 14:40:27,542 [ForkJoinPool.commonPool-worker-1] INFO  segmented.SegmentedRaftLogWorker (SegmentedRaftLogWorker.java:close(228)) - 6aa361a5-10ee-4e6c-9990-87c23e670156-SegmentedRaftLogWorker:Storage Directory /workdir/hadoop-ozone/ozonefs/target/test-dir/MiniOzoneClusterImpl-889e9801-d8cd-4d64-ad06-78e1b934daf6/datanode-4/data/ratis/868bbf1a-831f-47b3-b999-a743ecd366e0 close()
2019-09-19 14:40:27,542 [main] INFO  impl.RaftServerImpl (RaftServerImpl.java:lambda$shutdown$3(245)) - 7bfd0aba-89d9-48be-a848-6a4500b14ddf: shutdown group-82ABAD750664
2019-09-19 14:40:27,543 [ForkJoinPool.commonPool-worker-1] INFO  impl.RaftServerImpl (RaftServerImpl.java:lambda$shutdown$3(245)) - 6aa361a5-10ee-4e6c-9990-87c23e670156: shutdown group-65F484EB8CB3
2019-09-19 14:40:27,543 [main] INFO  util.JmxRegister (JmxRegister.java:unregister(73)) - Successfully un-registered JMX Bean with object name Ratis:service=RaftServer,group=group-82ABAD750664,id=7bfd0aba-89d9-48be-a848-6a4500b14ddf
2019-09-19 14:40:27,543 [ForkJoinPool.commonPool-worker-1] INFO  util.JmxRegister (JmxRegister.java:unregister(73)) - Successfully un-registered JMX Bean with object name Ratis:service=RaftServer,group=group-65F484EB8CB3,id=6aa361a5-10ee-4e6c-9990-87c23e670156
2019-09-19 14:40:27,544 [main] INFO  impl.RoleInfo (RoleInfo.java:shutdownLeaderState(104)) - 7bfd0aba-89d9-48be-a848-6a4500b14ddf: shutdown LeaderState
2019-09-19 14:40:27,544 [ForkJoinPool.commonPool-worker-1] INFO  impl.RoleInfo (RoleInfo.java:shutdownLeaderState(104)) - 6aa361a5-10ee-4e6c-9990-87c23e670156: shutdown LeaderState
2019-09-19 14:40:27,545 [main] INFO  impl.PendingRequests (PendingRequests.java:sendNotLeaderResponses(202)) - 7bfd0aba-89d9-48be-a848-6a4500b14ddf-PendingRequests: sendNotLeaderResponses
2019-09-19 14:40:27,545 [ForkJoinPool.commonPool-worker-1] INFO  impl.PendingRequests (PendingRequests.java:sendNotLeaderResponses(202)) - 6aa361a5-10ee-4e6c-9990-87c23e670156-PendingRequests: sendNotLeaderResponses
2019-09-19 14:40:27,546 [main] INFO  impl.StateMachineUpdater (StateMachineUpdater.java:stopAndJoin(115)) - StateMachineUpdater:7bfd0aba-89d9-48be-a848-6a4500b14ddf:group-82ABAD750664: set stopIndex = 0
2019-09-19 14:40:27,546 [ForkJoinPool.commonPool-worker-1] INFO  impl.StateMachineUpdater (StateMachineUpdater.java:stopAndJoin(115)) - StateMachineUpdater:6aa361a5-10ee-4e6c-9990-87c23e670156:group-65F484EB8CB3: set stopIndex = 0
2019-09-19 14:40:27,546 [main] INFO  impl.RaftServerImpl (ServerState.java:close(394)) - 7bfd0aba-89d9-48be-a848-6a4500b14ddf:group-82ABAD750664 closes. The last applied log index is 0
2019-09-19 14:40:27,546 [ForkJoinPool.commonPool-worker-1] INFO  impl.RaftServerImpl (ServerState.java:close(394)) - 6aa361a5-10ee-4e6c-9990-87c23e670156:group-65F484EB8CB3 closes. The last applied log index is 0
2019-09-19 14:40:27,547 [7bfd0aba-89d9-48be-a848-6a4500b14ddf-SegmentedRaftLogWorker:Storage Directory /workdir/hadoop-ozone/ozonefs/target/test-dir/MiniOzoneClusterImpl-889e9801-d8cd-4d64-ad06-78e1b934daf6/datanode-8/data/ratis/e9a3016e-e952-44c3-8636-82abad750664] INFO  segmented.SegmentedRaftLogWorker (SegmentedRaftLogWorker.java:run(313)) - 7bfd0aba-89d9-48be-a848-6a4500b14ddf-SegmentedRaftLogWorker:Storage Directory /workdir/hadoop-ozone/ozonefs/target/test-dir/MiniOzoneClusterImpl-889e9801-d8cd-4d64-ad06-78e1b934daf6/datanode-8/data/ratis/e9a3016e-e952-44c3-8636-82abad750664 was interrupted, exiting. There are 0 tasks remaining in the queue.
2019-09-19 14:40:27,547 [6aa361a5-10ee-4e6c-9990-87c23e670156-SegmentedRaftLogWorker:Storage Directory /workdir/hadoop-ozone/ozonefs/target/test-dir/MiniOzoneClusterImpl-889e9801-d8cd-4d64-ad06-78e1b934daf6/datanode-4/data/ratis/b5ab0068-039d-419e-8829-65f484eb8cb3] INFO  segmented.SegmentedRaftLogWorker (SegmentedRaftLogWorker.java:run(313)) - 6aa361a5-10ee-4e6c-9990-87c23e670156-SegmentedRaftLogWorker:Storage Directory /workdir/hadoop-ozone/ozonefs/target/test-dir/MiniOzoneClusterImpl-889e9801-d8cd-4d64-ad06-78e1b934daf6/datanode-4/data/ratis/b5ab0068-039d-419e-8829-65f484eb8cb3 was interrupted, exiting. There are 0 tasks remaining in the queue.
2019-09-19 14:40:27,547 [main] INFO  segmented.SegmentedRaftLogWorker (SegmentedRaftLogWorker.java:close(228)) - 7bfd0aba-89d9-48be-a848-6a4500b14ddf-SegmentedRaftLogWorker:Storage Directory /workdir/hadoop-ozone/ozonefs/target/test-dir/MiniOzoneClusterImpl-889e9801-d8cd-4d64-ad06-78e1b934daf6/datanode-8/data/ratis/e9a3016e-e952-44c3-8636-82abad750664 close()
2019-09-19 14:40:27,547 [ForkJoinPool.commonPool-worker-1] INFO  segmented.SegmentedRaftLogWorker (SegmentedRaftLogWorker.java:close(228)) - 6aa361a5-10ee-4e6c-9990-87c23e670156-SegmentedRaftLogWorker:Storage Directory /workdir/hadoop-ozone/ozonefs/target/test-dir/MiniOzoneClusterImpl-889e9801-d8cd-4d64-ad06-78e1b934daf6/datanode-4/data/ratis/b5ab0068-039d-419e-8829-65f484eb8cb3 close()
2019-09-19 14:40:27,548 [main] INFO  impl.RaftServerImpl (RaftServerImpl.java:lambda$shutdown$3(245)) - 7bfd0aba-89d9-48be-a848-6a4500b14ddf: shutdown group-B175B188F4FA
2019-09-19 14:40:27,548 [ForkJoinPool.commonPool-worker-1] INFO  impl.RaftServerImpl (RaftServerImpl.java:lambda$shutdown$3(245)) - 6aa361a5-10ee-4e6c-9990-87c23e670156: shutdown group-E18B669BFD42
2019-09-19 14:40:27,548 [main] INFO  util.JmxRegister (JmxRegister.java:unregister(73)) - Successfully un-registered JMX Bean with object name Ratis:service=RaftServer,group=group-B175B188F4FA,id=7bfd0aba-89d9-48be-a848-6a4500b14ddf
2019-09-19 14:40:27,549 [ForkJoinPool.commonPool-worker-1] INFO  util.JmxRegister (JmxRegister.java:unregister(73)) - Successfully un-registered JMX Bean with object name Ratis:service=RaftServer,group=group-E18B669BFD42,id=6aa361a5-10ee-4e6c-9990-87c23e670156
2019-09-19 14:40:27,549 [main] INFO  impl.RoleInfo (RoleInfo.java:shutdownLeaderState(104)) - 7bfd0aba-89d9-48be-a848-6a4500b14ddf: shutdown LeaderState
2019-09-19 14:40:27,550 [ForkJoinPool.commonPool-worker-1] INFO  impl.RoleInfo (RoleInfo.java:shutdownLeaderState(104)) - 6aa361a5-10ee-4e6c-9990-87c23e670156: shutdown LeaderState
2019-09-19 14:40:27,550 [main] INFO  impl.PendingRequests (PendingRequests.java:sendNotLeaderResponses(202)) - 7bfd0aba-89d9-48be-a848-6a4500b14ddf-PendingRequests: sendNotLeaderResponses
2019-09-19 14:40:27,550 [ForkJoinPool.commonPool-worker-1] INFO  impl.PendingRequests (PendingRequests.java:sendNotLeaderResponses(202)) - 6aa361a5-10ee-4e6c-9990-87c23e670156-PendingRequests: sendNotLeaderResponses
2019-09-19 14:40:27,551 [main] INFO  impl.StateMachineUpdater (StateMachineUpdater.java:stopAndJoin(115)) - StateMachineUpdater:7bfd0aba-89d9-48be-a848-6a4500b14ddf:group-B175B188F4FA: set stopIndex = 0
2019-09-19 14:40:27,551 [ForkJoinPool.commonPool-worker-1] INFO  impl.StateMachineUpdater (StateMachineUpdater.java:stopAndJoin(115)) - StateMachineUpdater:6aa361a5-10ee-4e6c-9990-87c23e670156:group-E18B669BFD42: set stopIndex = 0
2019-09-19 14:40:27,551 [main] INFO  impl.RaftServerImpl (ServerState.java:close(394)) - 7bfd0aba-89d9-48be-a848-6a4500b14ddf:group-B175B188F4FA closes. The last applied log index is 0
2019-09-19 14:40:27,552 [ForkJoinPool.commonPool-worker-1] INFO  impl.RaftServerImpl (ServerState.java:close(394)) - 6aa361a5-10ee-4e6c-9990-87c23e670156:group-E18B669BFD42 closes. The last applied log index is 0
2019-09-19 14:40:27,552 [7bfd0aba-89d9-48be-a848-6a4500b14ddf-SegmentedRaftLogWorker:Storage Directory /workdir/hadoop-ozone/ozonefs/target/test-dir/MiniOzoneClusterImpl-889e9801-d8cd-4d64-ad06-78e1b934daf6/datanode-8/data/ratis/50efdd74-2d2f-4f60-b17b-b175b188f4fa] INFO  segmented.SegmentedRaftLogWorker (SegmentedRaftLogWorker.java:run(313)) - 7bfd0aba-89d9-48be-a848-6a4500b14ddf-SegmentedRaftLogWorker:Storage Directory /workdir/hadoop-ozone/ozonefs/target/test-dir/MiniOzoneClusterImpl-889e9801-d8cd-4d64-ad06-78e1b934daf6/datanode-8/data/ratis/50efdd74-2d2f-4f60-b17b-b175b188f4fa was interrupted, exiting. There are 0 tasks remaining in the queue.
2019-09-19 14:40:27,552 [6aa361a5-10ee-4e6c-9990-87c23e670156-SegmentedRaftLogWorker:Storage Directory /workdir/hadoop-ozone/ozonefs/target/test-dir/MiniOzoneClusterImpl-889e9801-d8cd-4d64-ad06-78e1b934daf6/datanode-4/data/ratis/3086135f-a6db-46ff-a7f9-e18b669bfd42] INFO  segmented.SegmentedRaftLogWorker (SegmentedRaftLogWorker.java:run(313)) - 6aa361a5-10ee-4e6c-9990-87c23e670156-SegmentedRaftLogWorker:Storage Directory /workdir/hadoop-ozone/ozonefs/target/test-dir/MiniOzoneClusterImpl-889e9801-d8cd-4d64-ad06-78e1b934daf6/datanode-4/data/ratis/3086135f-a6db-46ff-a7f9-e18b669bfd42 was interrupted, exiting. There are 0 tasks remaining in the queue.
2019-09-19 14:40:27,552 [main] INFO  segmented.SegmentedRaftLogWorker (SegmentedRaftLogWorker.java:close(228)) - 7bfd0aba-89d9-48be-a848-6a4500b14ddf-SegmentedRaftLogWorker:Storage Directory /workdir/hadoop-ozone/ozonefs/target/test-dir/MiniOzoneClusterImpl-889e9801-d8cd-4d64-ad06-78e1b934daf6/datanode-8/data/ratis/50efdd74-2d2f-4f60-b17b-b175b188f4fa close()
2019-09-19 14:40:27,552 [ForkJoinPool.commonPool-worker-1] INFO  segmented.SegmentedRaftLogWorker (SegmentedRaftLogWorker.java:close(228)) - 6aa361a5-10ee-4e6c-9990-87c23e670156-SegmentedRaftLogWorker:Storage Directory /workdir/hadoop-ozone/ozonefs/target/test-dir/MiniOzoneClusterImpl-889e9801-d8cd-4d64-ad06-78e1b934daf6/datanode-4/data/ratis/3086135f-a6db-46ff-a7f9-e18b669bfd42 close()
2019-09-19 14:40:27,553 [main] INFO  impl.RaftServerImpl (RaftServerImpl.java:lambda$shutdown$3(245)) - 7bfd0aba-89d9-48be-a848-6a4500b14ddf: shutdown group-47800A5D42C0
2019-09-19 14:40:27,553 [ForkJoinPool.commonPool-worker-1] INFO  impl.RaftServerImpl (RaftServerImpl.java:lambda$shutdown$3(245)) - 6aa361a5-10ee-4e6c-9990-87c23e670156: shutdown group-C33BC8936306
2019-09-19 14:40:27,554 [main] INFO  util.JmxRegister (JmxRegister.java:unregister(73)) - Successfully un-registered JMX Bean with object name Ratis:service=RaftServer,group=group-47800A5D42C0,id=7bfd0aba-89d9-48be-a848-6a4500b14ddf
2019-09-19 14:40:27,554 [main] INFO  impl.RoleInfo (RoleInfo.java:shutdownLeaderState(104)) - 7bfd0aba-89d9-48be-a848-6a4500b14ddf: shutdown LeaderState
2019-09-19 14:40:27,554 [ForkJoinPool.commonPool-worker-1] INFO  util.JmxRegister (JmxRegister.java:unregister(73)) - Successfully un-registered JMX Bean with object name Ratis:service=RaftServer,group=group-C33BC8936306,id=6aa361a5-10ee-4e6c-9990-87c23e670156
2019-09-19 14:40:27,555 [main] INFO  impl.PendingRequests (PendingRequests.java:sendNotLeaderResponses(202)) - 7bfd0aba-89d9-48be-a848-6a4500b14ddf-PendingRequests: sendNotLeaderResponses
2019-09-19 14:40:27,555 [ForkJoinPool.commonPool-worker-1] INFO  impl.RoleInfo (RoleInfo.java:shutdownLeaderState(104)) - 6aa361a5-10ee-4e6c-9990-87c23e670156: shutdown LeaderState
2019-09-19 14:40:27,556 [main] INFO  impl.StateMachineUpdater (StateMachineUpdater.java:stopAndJoin(115)) - StateMachineUpdater:7bfd0aba-89d9-48be-a848-6a4500b14ddf:group-47800A5D42C0: set stopIndex = 0
2019-09-19 14:40:27,556 [ForkJoinPool.commonPool-worker-1] INFO  impl.PendingRequests (PendingRequests.java:sendNotLeaderResponses(202)) - 6aa361a5-10ee-4e6c-9990-87c23e670156-PendingRequests: sendNotLeaderResponses
2019-09-19 14:40:27,557 [main] INFO  impl.RaftServerImpl (ServerState.java:close(394)) - 7bfd0aba-89d9-48be-a848-6a4500b14ddf:group-47800A5D42C0 closes. The last applied log index is 0
2019-09-19 14:40:27,557 [ForkJoinPool.commonPool-worker-1] INFO  impl.StateMachineUpdater (StateMachineUpdater.java:stopAndJoin(115)) - StateMachineUpdater:6aa361a5-10ee-4e6c-9990-87c23e670156:group-C33BC8936306: set stopIndex = 0
2019-09-19 14:40:27,558 [7bfd0aba-89d9-48be-a848-6a4500b14ddf-SegmentedRaftLogWorker:Storage Directory /workdir/hadoop-ozone/ozonefs/target/test-dir/MiniOzoneClusterImpl-889e9801-d8cd-4d64-ad06-78e1b934daf6/datanode-8/data/ratis/99022dd2-873d-4dd8-9991-47800a5d42c0] INFO  segmented.SegmentedRaftLogWorker (SegmentedRaftLogWorker.java:run(313)) - 7bfd0aba-89d9-48be-a848-6a4500b14ddf-SegmentedRaftLogWorker:Storage Directory /workdir/hadoop-ozone/ozonefs/target/test-dir/MiniOzoneClusterImpl-889e9801-d8cd-4d64-ad06-78e1b934daf6/datanode-8/data/ratis/99022dd2-873d-4dd8-9991-47800a5d42c0 was interrupted, exiting. There are 0 tasks remaining in the queue.
2019-09-19 14:40:27,558 [ForkJoinPool.commonPool-worker-1] INFO  impl.RaftServerImpl (ServerState.java:close(394)) - 6aa361a5-10ee-4e6c-9990-87c23e670156:group-C33BC8936306 closes. The last applied log index is 0
2019-09-19 14:40:27,558 [main] INFO  segmented.SegmentedRaftLogWorker (SegmentedRaftLogWorker.java:close(228)) - 7bfd0aba-89d9-48be-a848-6a4500b14ddf-SegmentedRaftLogWorker:Storage Directory /workdir/hadoop-ozone/ozonefs/target/test-dir/MiniOzoneClusterImpl-889e9801-d8cd-4d64-ad06-78e1b934daf6/datanode-8/data/ratis/99022dd2-873d-4dd8-9991-47800a5d42c0 close()
2019-09-19 14:40:27,558 [6aa361a5-10ee-4e6c-9990-87c23e670156-SegmentedRaftLogWorker:Storage Directory /workdir/hadoop-ozone/ozonefs/target/test-dir/MiniOzoneClusterImpl-889e9801-d8cd-4d64-ad06-78e1b934daf6/datanode-4/data/ratis/108b107a-292c-450c-b686-c33bc8936306] INFO  segmented.SegmentedRaftLogWorker (SegmentedRaftLogWorker.java:run(313)) - 6aa361a5-10ee-4e6c-9990-87c23e670156-SegmentedRaftLogWorker:Storage Directory /workdir/hadoop-ozone/ozonefs/target/test-dir/MiniOzoneClusterImpl-889e9801-d8cd-4d64-ad06-78e1b934daf6/datanode-4/data/ratis/108b107a-292c-450c-b686-c33bc8936306 was interrupted, exiting. There are 0 tasks remaining in the queue.
2019-09-19 14:40:27,559 [main] INFO  impl.RaftServerImpl (RaftServerImpl.java:lambda$shutdown$3(245)) - 7bfd0aba-89d9-48be-a848-6a4500b14ddf: shutdown group-B5D94F720381
2019-09-19 14:40:27,559 [ForkJoinPool.commonPool-worker-1] INFO  segmented.SegmentedRaftLogWorker (SegmentedRaftLogWorker.java:close(228)) - 6aa361a5-10ee-4e6c-9990-87c23e670156-SegmentedRaftLogWorker:Storage Directory /workdir/hadoop-ozone/ozonefs/target/test-dir/MiniOzoneClusterImpl-889e9801-d8cd-4d64-ad06-78e1b934daf6/datanode-4/data/ratis/108b107a-292c-450c-b686-c33bc8936306 close()
2019-09-19 14:40:27,559 [main] INFO  util.JmxRegister (JmxRegister.java:unregister(73)) - Successfully un-registered JMX Bean with object name Ratis:service=RaftServer,group=group-B5D94F720381,id=7bfd0aba-89d9-48be-a848-6a4500b14ddf
2019-09-19 14:40:27,560 [main] INFO  impl.RoleInfo (RoleInfo.java:shutdownLeaderState(104)) - 7bfd0aba-89d9-48be-a848-6a4500b14ddf: shutdown LeaderState
2019-09-19 14:40:27,560 [ForkJoinPool.commonPool-worker-1] INFO  impl.RaftServerImpl (RaftServerImpl.java:lambda$shutdown$3(245)) - 6aa361a5-10ee-4e6c-9990-87c23e670156: shutdown group-4C8FEBBF91FA
2019-09-19 14:40:27,561 [main] INFO  impl.PendingRequests (PendingRequests.java:sendNotLeaderResponses(202)) - 7bfd0aba-89d9-48be-a848-6a4500b14ddf-PendingRequests: sendNotLeaderResponses
2019-09-19 14:40:27,561 [ForkJoinPool.commonPool-worker-1] INFO  util.JmxRegister (JmxRegister.java:unregister(73)) - Successfully un-registered JMX Bean with object name Ratis:service=RaftServer,group=group-4C8FEBBF91FA,id=6aa361a5-10ee-4e6c-9990-87c23e670156
2019-09-19 14:40:27,562 [main] INFO  impl.StateMachineUpdater (StateMachineUpdater.java:stopAndJoin(115)) - StateMachineUpdater:7bfd0aba-89d9-48be-a848-6a4500b14ddf:group-B5D94F720381: set stopIndex = 0
2019-09-19 14:40:27,562 [ForkJoinPool.commonPool-worker-1] INFO  impl.RoleInfo (RoleInfo.java:shutdownLeaderState(104)) - 6aa361a5-10ee-4e6c-9990-87c23e670156: shutdown LeaderState
2019-09-19 14:40:27,562 [main] INFO  impl.RaftServerImpl (ServerState.java:close(394)) - 7bfd0aba-89d9-48be-a848-6a4500b14ddf:group-B5D94F720381 closes. The last applied log index is 0
2019-09-19 14:40:27,563 [ForkJoinPool.commonPool-worker-1] INFO  impl.PendingRequests (PendingRequests.java:sendNotLeaderResponses(202)) - 6aa361a5-10ee-4e6c-9990-87c23e670156-PendingRequests: sendNotLeaderResponses
2019-09-19 14:40:27,564 [7bfd0aba-89d9-48be-a848-6a4500b14ddf-SegmentedRaftLogWorker:Storage Directory /workdir/hadoop-ozone/ozonefs/target/test-dir/MiniOzoneClusterImpl-889e9801-d8cd-4d64-ad06-78e1b934daf6/datanode-8/data/ratis/05a6388c-8bc8-4422-9ed3-b5d94f720381] INFO  segmented.SegmentedRaftLogWorker (SegmentedRaftLogWorker.java:run(313)) - 7bfd0aba-89d9-48be-a848-6a4500b14ddf-SegmentedRaftLogWorker:Storage Directory /workdir/hadoop-ozone/ozonefs/target/test-dir/MiniOzoneClusterImpl-889e9801-d8cd-4d64-ad06-78e1b934daf6/datanode-8/data/ratis/05a6388c-8bc8-4422-9ed3-b5d94f720381 was interrupted, exiting. There are 0 tasks remaining in the queue.
2019-09-19 14:40:27,564 [ForkJoinPool.commonPool-worker-1] INFO  impl.StateMachineUpdater (StateMachineUpdater.java:stopAndJoin(115)) - StateMachineUpdater:6aa361a5-10ee-4e6c-9990-87c23e670156:group-4C8FEBBF91FA: set stopIndex = 0
2019-09-19 14:40:27,564 [main] INFO  segmented.SegmentedRaftLogWorker (SegmentedRaftLogWorker.java:close(228)) - 7bfd0aba-89d9-48be-a848-6a4500b14ddf-SegmentedRaftLogWorker:Storage Directory /workdir/hadoop-ozone/ozonefs/target/test-dir/MiniOzoneClusterImpl-889e9801-d8cd-4d64-ad06-78e1b934daf6/datanode-8/data/ratis/05a6388c-8bc8-4422-9ed3-b5d94f720381 close()
2019-09-19 14:40:27,564 [ForkJoinPool.commonPool-worker-1] INFO  impl.RaftServerImpl (ServerState.java:close(394)) - 6aa361a5-10ee-4e6c-9990-87c23e670156:group-4C8FEBBF91FA closes. The last applied log index is 0
2019-09-19 14:40:27,565 [main] INFO  impl.RaftServerImpl (RaftServerImpl.java:lambda$shutdown$3(245)) - 7bfd0aba-89d9-48be-a848-6a4500b14ddf: shutdown group-AE278FE05521
2019-09-19 14:40:27,565 [6aa361a5-10ee-4e6c-9990-87c23e670156-SegmentedRaftLogWorker:Storage Directory /workdir/hadoop-ozone/ozonefs/target/test-dir/MiniOzoneClusterImpl-889e9801-d8cd-4d64-ad06-78e1b934daf6/datanode-4/data/ratis/aa2ee715-f3dc-42ff-b7fe-4c8febbf91fa] INFO  segmented.SegmentedRaftLogWorker (SegmentedRaftLogWorker.java:run(313)) - 6aa361a5-10ee-4e6c-9990-87c23e670156-SegmentedRaftLogWorker:Storage Directory /workdir/hadoop-ozone/ozonefs/target/test-dir/MiniOzoneClusterImpl-889e9801-d8cd-4d64-ad06-78e1b934daf6/datanode-4/data/ratis/aa2ee715-f3dc-42ff-b7fe-4c8febbf91fa was interrupted, exiting. There are 0 tasks remaining in the queue.
2019-09-19 14:40:27,566 [main] INFO  util.JmxRegister (JmxRegister.java:unregister(73)) - Successfully un-registered JMX Bean with object name Ratis:service=RaftServer,group=group-AE278FE05521,id=7bfd0aba-89d9-48be-a848-6a4500b14ddf
2019-09-19 14:40:27,566 [ForkJoinPool.commonPool-worker-1] INFO  segmented.SegmentedRaftLogWorker (SegmentedRaftLogWorker.java:close(228)) - 6aa361a5-10ee-4e6c-9990-87c23e670156-SegmentedRaftLogWorker:Storage Directory /workdir/hadoop-ozone/ozonefs/target/test-dir/MiniOzoneClusterImpl-889e9801-d8cd-4d64-ad06-78e1b934daf6/datanode-4/data/ratis/aa2ee715-f3dc-42ff-b7fe-4c8febbf91fa close()
2019-09-19 14:40:27,566 [main] INFO  impl.RoleInfo (RoleInfo.java:shutdownLeaderState(104)) - 7bfd0aba-89d9-48be-a848-6a4500b14ddf: shutdown LeaderState
2019-09-19 14:40:27,567 [ForkJoinPool.commonPool-worker-1] INFO  server.GrpcService (GrpcService.java:closeImpl(155)) - 6aa361a5-10ee-4e6c-9990-87c23e670156: shutdown server with port 41011 now
2019-09-19 14:40:27,567 [main] INFO  impl.PendingRequests (PendingRequests.java:sendNotLeaderResponses(202)) - 7bfd0aba-89d9-48be-a848-6a4500b14ddf-PendingRequests: sendNotLeaderResponses
2019-09-19 14:40:27,571 [ForkJoinPool.commonPool-worker-1] INFO  server.GrpcService (GrpcService.java:closeImpl(163)) - 6aa361a5-10ee-4e6c-9990-87c23e670156: shutdown server with port 41011 successfully
2019-09-19 14:40:27,571 [main] INFO  impl.StateMachineUpdater (StateMachineUpdater.java:stopAndJoin(115)) - StateMachineUpdater:7bfd0aba-89d9-48be-a848-6a4500b14ddf:group-AE278FE05521: set stopIndex = 0
2019-09-19 14:40:27,572 [main] INFO  impl.RaftServerImpl (ServerState.java:close(394)) - 7bfd0aba-89d9-48be-a848-6a4500b14ddf:group-AE278FE05521 closes. The last applied log index is 0
2019-09-19 14:40:27,572 [ForkJoinPool.commonPool-worker-1] INFO  utils.BackgroundService (BackgroundService.java:shutdown(148)) - Shutting down service BlockDeletingService
2019-09-19 14:40:27,573 [7bfd0aba-89d9-48be-a848-6a4500b14ddf-SegmentedRaftLogWorker:Storage Directory /workdir/hadoop-ozone/ozonefs/target/test-dir/MiniOzoneClusterImpl-889e9801-d8cd-4d64-ad06-78e1b934daf6/datanode-8/data/ratis/5e1ca417-a893-4a27-b4b2-ae278fe05521] INFO  segmented.SegmentedRaftLogWorker (SegmentedRaftLogWorker.java:run(313)) - 7bfd0aba-89d9-48be-a848-6a4500b14ddf-SegmentedRaftLogWorker:Storage Directory /workdir/hadoop-ozone/ozonefs/target/test-dir/MiniOzoneClusterImpl-889e9801-d8cd-4d64-ad06-78e1b934daf6/datanode-8/data/ratis/5e1ca417-a893-4a27-b4b2-ae278fe05521 was interrupted, exiting. There are 0 tasks remaining in the queue.
2019-09-19 14:40:27,573 [main] INFO  segmented.SegmentedRaftLogWorker (SegmentedRaftLogWorker.java:close(228)) - 7bfd0aba-89d9-48be-a848-6a4500b14ddf-SegmentedRaftLogWorker:Storage Directory /workdir/hadoop-ozone/ozonefs/target/test-dir/MiniOzoneClusterImpl-889e9801-d8cd-4d64-ad06-78e1b934daf6/datanode-8/data/ratis/5e1ca417-a893-4a27-b4b2-ae278fe05521 close()
2019-09-19 14:40:27,574 [main] INFO  server.GrpcService (GrpcService.java:closeImpl(155)) - 7bfd0aba-89d9-48be-a848-6a4500b14ddf: shutdown server with port 45019 now
2019-09-19 14:40:27,574 [refreshUsed-/workdir/hadoop-ozone/ozonefs/target/test-dir/MiniOzoneClusterImpl-889e9801-d8cd-4d64-ad06-78e1b934daf6/datanode-4/data/containers] WARN  fs.CachingGetSpaceUsed (CachingGetSpaceUsed.java:run(183)) - Thread Interrupted waiting to refresh disk information: sleep interrupted
2019-09-19 14:40:27,577 [main] INFO  server.GrpcService (GrpcService.java:closeImpl(163)) - 7bfd0aba-89d9-48be-a848-6a4500b14ddf: shutdown server with port 45019 successfully
2019-09-19 14:40:27,582 [main] INFO  utils.BackgroundService (BackgroundService.java:shutdown(148)) - Shutting down service BlockDeletingService
2019-09-19 14:40:27,583 [refreshUsed-/workdir/hadoop-ozone/ozonefs/target/test-dir/MiniOzoneClusterImpl-889e9801-d8cd-4d64-ad06-78e1b934daf6/datanode-8/data/containers] WARN  fs.CachingGetSpaceUsed (CachingGetSpaceUsed.java:run(183)) - Thread Interrupted waiting to refresh disk information: sleep interrupted
2019-09-19 14:40:27,597 | INFO  | SCMAudit | user=jenkins1000 | ip=192.168.5.132 | op=SEND_HEARTBEAT {datanodeUUID=c157b6a0-3602-4e04-89f3-2eaad4ae05f6, command=[]} | ret=SUCCESS |  
2019-09-19 14:40:27,610 [ForkJoinPool.commonPool-worker-1] INFO  statemachine.DatanodeStateMachine (DatanodeStateMachine.java:stopDaemon(395)) - Ozone container server stopped.
2019-09-19 14:40:27,615 [ForkJoinPool.commonPool-worker-1] INFO  handler.ContextHandler (ContextHandler.java:doStop(910)) - Stopped o.e.j.w.WebAppContext@2616b618{/,null,UNAVAILABLE}{/hddsDatanode}
2019-09-19 14:40:27,616 [ForkJoinPool.commonPool-worker-1] INFO  server.AbstractConnector (AbstractConnector.java:doStop(318)) - Stopped ServerConnector@73bb573d{HTTP/1.1,[http/1.1]}{0.0.0.0:0}
2019-09-19 14:40:27,618 [ForkJoinPool.commonPool-worker-1] INFO  handler.ContextHandler (ContextHandler.java:doStop(910)) - Stopped o.e.j.s.ServletContextHandler@7a3f08b6{/static,jar:file:/home/user/.m2/repository/org/apache/hadoop/hadoop-hdds-container-service/0.5.0-SNAPSHOT/hadoop-hdds-container-service-0.5.0-SNAPSHOT.jar!/webapps/static,UNAVAILABLE}
2019-09-19 14:40:27,619 [ForkJoinPool.commonPool-worker-1] INFO  handler.ContextHandler (ContextHandler.java:doStop(910)) - Stopped o.e.j.s.ServletContextHandler@77c66a4f{/logs,file:///workdir/hadoop-ozone/ozonefs/target/log,UNAVAILABLE}
2019-09-19 14:40:27,621 [ForkJoinPool.commonPool-worker-1] INFO  datanode.ObjectStoreHandler (ObjectStoreHandler.java:close(155)) - Closing ObjectStoreHandler.
2019-09-19 14:40:27,622 [ForkJoinPool.commonPool-worker-1] INFO  ozone.HddsDatanodeService (HddsDatanodeService.java:stop(451)) - Stopped plug-in org.apache.hadoop.ozone.web.OzoneHddsDatanodeService@b14b60a
2019-09-19 14:40:27,627 [main] INFO  statemachine.DatanodeStateMachine (DatanodeStateMachine.java:stopDaemon(395)) - Ozone container server stopped.
2019-09-19 14:40:27,628 [main] INFO  handler.ContextHandler (ContextHandler.java:doStop(910)) - Stopped o.e.j.w.WebAppContext@8851ec{/,null,UNAVAILABLE}{/hddsDatanode}
2019-09-19 14:40:27,629 [main] INFO  server.AbstractConnector (AbstractConnector.java:doStop(318)) - Stopped ServerConnector@18b40fe6{HTTP/1.1,[http/1.1]}{0.0.0.0:0}
2019-09-19 14:40:27,629 [main] INFO  handler.ContextHandler (ContextHandler.java:doStop(910)) - Stopped o.e.j.s.ServletContextHandler@40cf6254{/static,jar:file:/home/user/.m2/repository/org/apache/hadoop/hadoop-hdds-container-service/0.5.0-SNAPSHOT/hadoop-hdds-container-service-0.5.0-SNAPSHOT.jar!/webapps/static,UNAVAILABLE}
2019-09-19 14:40:27,630 [main] INFO  handler.ContextHandler (ContextHandler.java:doStop(910)) - Stopped o.e.j.s.ServletContextHandler@5ed65e4b{/logs,file:///workdir/hadoop-ozone/ozonefs/target/log,UNAVAILABLE}
2019-09-19 14:40:27,631 [main] INFO  datanode.ObjectStoreHandler (ObjectStoreHandler.java:close(155)) - Closing ObjectStoreHandler.
2019-09-19 14:40:27,632 [main] INFO  ozone.HddsDatanodeService (HddsDatanodeService.java:stop(451)) - Stopped plug-in org.apache.hadoop.ozone.web.OzoneHddsDatanodeService@37806be6
2019-09-19 14:40:27,696 [Datanode State Machine Thread - 0] INFO  statemachine.DatanodeStateMachine (DatanodeStateMachine.java:lambda$startDaemon$0(350)) - Ozone container server started.
2019-09-19 14:40:27,703 [Datanode State Machine Thread - 0] INFO  statemachine.DatanodeStateMachine (DatanodeStateMachine.java:lambda$startDaemon$0(350)) - Ozone container server started.
2019-09-19 14:40:28,248 | INFO  | SCMAudit | user=jenkins1000 | ip=192.168.5.132 | op=SEND_HEARTBEAT {datanodeUUID=a1dec692-f01d-4dc4-b8c6-c1af31f4a539, command=[]} | ret=SUCCESS |  
2019-09-19 14:40:28,597 | INFO  | SCMAudit | user=jenkins1000 | ip=192.168.5.132 | op=SEND_HEARTBEAT {datanodeUUID=c157b6a0-3602-4e04-89f3-2eaad4ae05f6, command=[]} | ret=SUCCESS |  
2019-09-19 14:40:29,247 | INFO  | SCMAudit | user=jenkins1000 | ip=192.168.5.132 | op=SEND_HEARTBEAT {datanodeUUID=a1dec692-f01d-4dc4-b8c6-c1af31f4a539, command=[]} | ret=SUCCESS |  
2019-09-19 14:40:29,598 | INFO  | SCMAudit | user=jenkins1000 | ip=192.168.5.132 | op=SEND_HEARTBEAT {datanodeUUID=c157b6a0-3602-4e04-89f3-2eaad4ae05f6, command=[]} | ret=SUCCESS |  
2019-09-19 14:40:30,248 | INFO  | SCMAudit | user=jenkins1000 | ip=192.168.5.132 | op=SEND_HEARTBEAT {datanodeUUID=a1dec692-f01d-4dc4-b8c6-c1af31f4a539, command=[]} | ret=SUCCESS |  
2019-09-19 14:40:30,598 | INFO  | SCMAudit | user=jenkins1000 | ip=192.168.5.132 | op=SEND_HEARTBEAT {datanodeUUID=c157b6a0-3602-4e04-89f3-2eaad4ae05f6, command=[]} | ret=SUCCESS |  
2019-09-19 14:40:31,248 | INFO  | SCMAudit | user=jenkins1000 | ip=192.168.5.132 | op=SEND_HEARTBEAT {datanodeUUID=a1dec692-f01d-4dc4-b8c6-c1af31f4a539, command=[]} | ret=SUCCESS |  
2019-09-19 14:40:31,598 | INFO  | SCMAudit | user=jenkins1000 | ip=192.168.5.132 | op=SEND_HEARTBEAT {datanodeUUID=c157b6a0-3602-4e04-89f3-2eaad4ae05f6, command=[]} | ret=SUCCESS |  
2019-09-19 14:40:32,248 | INFO  | SCMAudit | user=jenkins1000 | ip=192.168.5.132 | op=SEND_HEARTBEAT {datanodeUUID=a1dec692-f01d-4dc4-b8c6-c1af31f4a539, command=[]} | ret=SUCCESS |  
2019-09-19 14:40:32,598 | INFO  | SCMAudit | user=jenkins1000 | ip=192.168.5.132 | op=SEND_HEARTBEAT {datanodeUUID=c157b6a0-3602-4e04-89f3-2eaad4ae05f6, command=[]} | ret=SUCCESS |  
2019-09-19 14:40:32,623 [ForkJoinPool.commonPool-worker-1] INFO  ozoneimpl.OzoneContainer (OzoneContainer.java:stop(199)) - Attempting to stop container services.
2019-09-19 14:40:32,623 [ForkJoinPool.commonPool-worker-1] INFO  impl.RaftServerProxy (RaftServerProxy.java:lambda$close$4(314)) - f70b6c3b-be29-4a26-a238-fb2d839120cd: close
2019-09-19 14:40:32,624 [ForkJoinPool.commonPool-worker-1] INFO  impl.RaftServerImpl (RaftServerImpl.java:lambda$shutdown$3(245)) - f70b6c3b-be29-4a26-a238-fb2d839120cd: shutdown group-3C687551CB36
2019-09-19 14:40:32,624 [ForkJoinPool.commonPool-worker-1] INFO  util.JmxRegister (JmxRegister.java:unregister(73)) - Successfully un-registered JMX Bean with object name Ratis:service=RaftServer,group=group-3C687551CB36,id=f70b6c3b-be29-4a26-a238-fb2d839120cd
2019-09-19 14:40:32,624 [ForkJoinPool.commonPool-worker-1] INFO  impl.RoleInfo (RoleInfo.java:shutdownLeaderState(104)) - f70b6c3b-be29-4a26-a238-fb2d839120cd: shutdown LeaderState
2019-09-19 14:40:32,625 [ForkJoinPool.commonPool-worker-1] INFO  impl.PendingRequests (PendingRequests.java:sendNotLeaderResponses(202)) - f70b6c3b-be29-4a26-a238-fb2d839120cd-PendingRequests: sendNotLeaderResponses
2019-09-19 14:40:32,625 [ForkJoinPool.commonPool-worker-1] INFO  impl.StateMachineUpdater (StateMachineUpdater.java:stopAndJoin(115)) - StateMachineUpdater:f70b6c3b-be29-4a26-a238-fb2d839120cd:group-3C687551CB36: set stopIndex = 0
2019-09-19 14:40:32,625 [ForkJoinPool.commonPool-worker-1] INFO  impl.RaftServerImpl (ServerState.java:close(394)) - f70b6c3b-be29-4a26-a238-fb2d839120cd:group-3C687551CB36 closes. The last applied log index is 0
2019-09-19 14:40:32,626 [f70b6c3b-be29-4a26-a238-fb2d839120cd-SegmentedRaftLogWorker:Storage Directory /workdir/hadoop-ozone/ozonefs/target/test-dir/MiniOzoneClusterImpl-889e9801-d8cd-4d64-ad06-78e1b934daf6/datanode-0/data/ratis/cb3ba88b-bb4a-4d87-9ac4-3c687551cb36] INFO  segmented.SegmentedRaftLogWorker (SegmentedRaftLogWorker.java:run(313)) - f70b6c3b-be29-4a26-a238-fb2d839120cd-SegmentedRaftLogWorker:Storage Directory /workdir/hadoop-ozone/ozonefs/target/test-dir/MiniOzoneClusterImpl-889e9801-d8cd-4d64-ad06-78e1b934daf6/datanode-0/data/ratis/cb3ba88b-bb4a-4d87-9ac4-3c687551cb36 was interrupted, exiting. There are 0 tasks remaining in the queue.
2019-09-19 14:40:32,626 [ForkJoinPool.commonPool-worker-1] INFO  segmented.SegmentedRaftLogWorker (SegmentedRaftLogWorker.java:close(228)) - f70b6c3b-be29-4a26-a238-fb2d839120cd-SegmentedRaftLogWorker:Storage Directory /workdir/hadoop-ozone/ozonefs/target/test-dir/MiniOzoneClusterImpl-889e9801-d8cd-4d64-ad06-78e1b934daf6/datanode-0/data/ratis/cb3ba88b-bb4a-4d87-9ac4-3c687551cb36 close()
2019-09-19 14:40:32,627 [ForkJoinPool.commonPool-worker-1] INFO  impl.RaftServerImpl (RaftServerImpl.java:lambda$shutdown$3(245)) - f70b6c3b-be29-4a26-a238-fb2d839120cd: shutdown group-8AF369EC8C0A
2019-09-19 14:40:32,627 [ForkJoinPool.commonPool-worker-1] INFO  util.JmxRegister (JmxRegister.java:unregister(73)) - Successfully un-registered JMX Bean with object name Ratis:service=RaftServer,group=group-8AF369EC8C0A,id=f70b6c3b-be29-4a26-a238-fb2d839120cd
2019-09-19 14:40:32,627 [ForkJoinPool.commonPool-worker-1] INFO  impl.RoleInfo (RoleInfo.java:shutdownLeaderState(104)) - f70b6c3b-be29-4a26-a238-fb2d839120cd: shutdown LeaderState
2019-09-19 14:40:32,628 [ForkJoinPool.commonPool-worker-1] INFO  impl.PendingRequests (PendingRequests.java:sendNotLeaderResponses(202)) - f70b6c3b-be29-4a26-a238-fb2d839120cd-PendingRequests: sendNotLeaderResponses
2019-09-19 14:40:32,628 [ForkJoinPool.commonPool-worker-1] INFO  impl.StateMachineUpdater (StateMachineUpdater.java:stopAndJoin(115)) - StateMachineUpdater:f70b6c3b-be29-4a26-a238-fb2d839120cd:group-8AF369EC8C0A: set stopIndex = 0
2019-09-19 14:40:32,628 [ForkJoinPool.commonPool-worker-1] INFO  impl.RaftServerImpl (ServerState.java:close(394)) - f70b6c3b-be29-4a26-a238-fb2d839120cd:group-8AF369EC8C0A closes. The last applied log index is 0
2019-09-19 14:40:32,629 [f70b6c3b-be29-4a26-a238-fb2d839120cd-SegmentedRaftLogWorker:Storage Directory /workdir/hadoop-ozone/ozonefs/target/test-dir/MiniOzoneClusterImpl-889e9801-d8cd-4d64-ad06-78e1b934daf6/datanode-0/data/ratis/6c073a33-a7c8-4b6a-b7b5-8af369ec8c0a] INFO  segmented.SegmentedRaftLogWorker (SegmentedRaftLogWorker.java:run(313)) - f70b6c3b-be29-4a26-a238-fb2d839120cd-SegmentedRaftLogWorker:Storage Directory /workdir/hadoop-ozone/ozonefs/target/test-dir/MiniOzoneClusterImpl-889e9801-d8cd-4d64-ad06-78e1b934daf6/datanode-0/data/ratis/6c073a33-a7c8-4b6a-b7b5-8af369ec8c0a was interrupted, exiting. There are 0 tasks remaining in the queue.
2019-09-19 14:40:32,629 [ForkJoinPool.commonPool-worker-1] INFO  segmented.SegmentedRaftLogWorker (SegmentedRaftLogWorker.java:close(228)) - f70b6c3b-be29-4a26-a238-fb2d839120cd-SegmentedRaftLogWorker:Storage Directory /workdir/hadoop-ozone/ozonefs/target/test-dir/MiniOzoneClusterImpl-889e9801-d8cd-4d64-ad06-78e1b934daf6/datanode-0/data/ratis/6c073a33-a7c8-4b6a-b7b5-8af369ec8c0a close()
2019-09-19 14:40:32,629 [ForkJoinPool.commonPool-worker-1] INFO  impl.RaftServerImpl (RaftServerImpl.java:lambda$shutdown$3(245)) - f70b6c3b-be29-4a26-a238-fb2d839120cd: shutdown group-806A84710F15
2019-09-19 14:40:32,630 [ForkJoinPool.commonPool-worker-1] INFO  util.JmxRegister (JmxRegister.java:unregister(73)) - Successfully un-registered JMX Bean with object name Ratis:service=RaftServer,group=group-806A84710F15,id=f70b6c3b-be29-4a26-a238-fb2d839120cd
2019-09-19 14:40:32,630 [ForkJoinPool.commonPool-worker-1] INFO  impl.RoleInfo (RoleInfo.java:shutdownLeaderState(104)) - f70b6c3b-be29-4a26-a238-fb2d839120cd: shutdown LeaderState
2019-09-19 14:40:32,630 [ForkJoinPool.commonPool-worker-1] INFO  impl.PendingRequests (PendingRequests.java:sendNotLeaderResponses(202)) - f70b6c3b-be29-4a26-a238-fb2d839120cd-PendingRequests: sendNotLeaderResponses
2019-09-19 14:40:32,631 [ForkJoinPool.commonPool-worker-1] INFO  impl.StateMachineUpdater (StateMachineUpdater.java:stopAndJoin(115)) - StateMachineUpdater:f70b6c3b-be29-4a26-a238-fb2d839120cd:group-806A84710F15: set stopIndex = 0
2019-09-19 14:40:32,631 [ForkJoinPool.commonPool-worker-1] INFO  impl.RaftServerImpl (ServerState.java:close(394)) - f70b6c3b-be29-4a26-a238-fb2d839120cd:group-806A84710F15 closes. The last applied log index is 0
2019-09-19 14:40:32,631 [f70b6c3b-be29-4a26-a238-fb2d839120cd-SegmentedRaftLogWorker:Storage Directory /workdir/hadoop-ozone/ozonefs/target/test-dir/MiniOzoneClusterImpl-889e9801-d8cd-4d64-ad06-78e1b934daf6/datanode-0/data/ratis/af8371fc-e11a-41c1-974b-806a84710f15] INFO  segmented.SegmentedRaftLogWorker (SegmentedRaftLogWorker.java:run(313)) - f70b6c3b-be29-4a26-a238-fb2d839120cd-SegmentedRaftLogWorker:Storage Directory /workdir/hadoop-ozone/ozonefs/target/test-dir/MiniOzoneClusterImpl-889e9801-d8cd-4d64-ad06-78e1b934daf6/datanode-0/data/ratis/af8371fc-e11a-41c1-974b-806a84710f15 was interrupted, exiting. There are 0 tasks remaining in the queue.
2019-09-19 14:40:32,632 [ForkJoinPool.commonPool-worker-1] INFO  segmented.SegmentedRaftLogWorker (SegmentedRaftLogWorker.java:close(228)) - f70b6c3b-be29-4a26-a238-fb2d839120cd-SegmentedRaftLogWorker:Storage Directory /workdir/hadoop-ozone/ozonefs/target/test-dir/MiniOzoneClusterImpl-889e9801-d8cd-4d64-ad06-78e1b934daf6/datanode-0/data/ratis/af8371fc-e11a-41c1-974b-806a84710f15 close()
2019-09-19 14:40:32,632 [ForkJoinPool.commonPool-worker-1] INFO  impl.RaftServerImpl (RaftServerImpl.java:lambda$shutdown$3(245)) - f70b6c3b-be29-4a26-a238-fb2d839120cd: shutdown group-B03EF69F8E93
2019-09-19 14:40:32,632 [ForkJoinPool.commonPool-worker-1] INFO  util.JmxRegister (JmxRegister.java:unregister(73)) - Successfully un-registered JMX Bean with object name Ratis:service=RaftServer,group=group-B03EF69F8E93,id=f70b6c3b-be29-4a26-a238-fb2d839120cd
2019-09-19 14:40:32,633 [ForkJoinPool.commonPool-worker-1] INFO  impl.RoleInfo (RoleInfo.java:shutdownLeaderState(104)) - f70b6c3b-be29-4a26-a238-fb2d839120cd: shutdown LeaderState
2019-09-19 14:40:32,633 [ForkJoinPool.commonPool-worker-1] INFO  impl.PendingRequests (PendingRequests.java:sendNotLeaderResponses(202)) - f70b6c3b-be29-4a26-a238-fb2d839120cd-PendingRequests: sendNotLeaderResponses
2019-09-19 14:40:32,637 [ForkJoinPool.commonPool-worker-1] INFO  impl.StateMachineUpdater (StateMachineUpdater.java:stopAndJoin(115)) - StateMachineUpdater:f70b6c3b-be29-4a26-a238-fb2d839120cd:group-B03EF69F8E93: set stopIndex = 0
2019-09-19 14:40:32,637 [main] INFO  ozoneimpl.OzoneContainer (OzoneContainer.java:stop(199)) - Attempting to stop container services.
2019-09-19 14:40:32,637 [ForkJoinPool.commonPool-worker-1] INFO  impl.RaftServerImpl (ServerState.java:close(394)) - f70b6c3b-be29-4a26-a238-fb2d839120cd:group-B03EF69F8E93 closes. The last applied log index is 0
2019-09-19 14:40:32,638 [main] INFO  impl.RaftServerProxy (RaftServerProxy.java:lambda$close$4(314)) - 942b50b4-c7bf-487c-9057-9f9e637dbe53: close
2019-09-19 14:40:32,638 [f70b6c3b-be29-4a26-a238-fb2d839120cd-SegmentedRaftLogWorker:Storage Directory /workdir/hadoop-ozone/ozonefs/target/test-dir/MiniOzoneClusterImpl-889e9801-d8cd-4d64-ad06-78e1b934daf6/datanode-0/data/ratis/e2eb8442-73c8-42c6-8b96-b03ef69f8e93] INFO  segmented.SegmentedRaftLogWorker (SegmentedRaftLogWorker.java:run(313)) - f70b6c3b-be29-4a26-a238-fb2d839120cd-SegmentedRaftLogWorker:Storage Directory /workdir/hadoop-ozone/ozonefs/target/test-dir/MiniOzoneClusterImpl-889e9801-d8cd-4d64-ad06-78e1b934daf6/datanode-0/data/ratis/e2eb8442-73c8-42c6-8b96-b03ef69f8e93 was interrupted, exiting. There are 0 tasks remaining in the queue.
2019-09-19 14:40:32,639 [main] INFO  impl.RaftServerImpl (RaftServerImpl.java:lambda$shutdown$3(245)) - 942b50b4-c7bf-487c-9057-9f9e637dbe53: shutdown group-8F9847189440
2019-09-19 14:40:32,639 [ForkJoinPool.commonPool-worker-1] INFO  segmented.SegmentedRaftLogWorker (SegmentedRaftLogWorker.java:close(228)) - f70b6c3b-be29-4a26-a238-fb2d839120cd-SegmentedRaftLogWorker:Storage Directory /workdir/hadoop-ozone/ozonefs/target/test-dir/MiniOzoneClusterImpl-889e9801-d8cd-4d64-ad06-78e1b934daf6/datanode-0/data/ratis/e2eb8442-73c8-42c6-8b96-b03ef69f8e93 close()
2019-09-19 14:40:32,639 [main] INFO  util.JmxRegister (JmxRegister.java:unregister(73)) - Successfully un-registered JMX Bean with object name Ratis:service=RaftServer,group=group-8F9847189440,id=942b50b4-c7bf-487c-9057-9f9e637dbe53
2019-09-19 14:40:32,640 [ForkJoinPool.commonPool-worker-1] INFO  impl.RaftServerImpl (RaftServerImpl.java:lambda$shutdown$3(245)) - f70b6c3b-be29-4a26-a238-fb2d839120cd: shutdown group-C473F2A747EF
2019-09-19 14:40:32,640 [main] INFO  impl.RoleInfo (RoleInfo.java:shutdownLeaderState(104)) - 942b50b4-c7bf-487c-9057-9f9e637dbe53: shutdown LeaderState
2019-09-19 14:40:32,640 [ForkJoinPool.commonPool-worker-1] INFO  util.JmxRegister (JmxRegister.java:unregister(73)) - Successfully un-registered JMX Bean with object name Ratis:service=RaftServer,group=group-C473F2A747EF,id=f70b6c3b-be29-4a26-a238-fb2d839120cd
2019-09-19 14:40:32,641 [main] INFO  impl.PendingRequests (PendingRequests.java:sendNotLeaderResponses(202)) - 942b50b4-c7bf-487c-9057-9f9e637dbe53-PendingRequests: sendNotLeaderResponses
2019-09-19 14:40:32,641 [ForkJoinPool.commonPool-worker-1] INFO  impl.RoleInfo (RoleInfo.java:shutdownLeaderState(104)) - f70b6c3b-be29-4a26-a238-fb2d839120cd: shutdown LeaderState
2019-09-19 14:40:32,642 [main] INFO  impl.StateMachineUpdater (StateMachineUpdater.java:stopAndJoin(115)) - StateMachineUpdater:942b50b4-c7bf-487c-9057-9f9e637dbe53:group-8F9847189440: set stopIndex = 0
2019-09-19 14:40:32,642 [ForkJoinPool.commonPool-worker-1] INFO  impl.PendingRequests (PendingRequests.java:sendNotLeaderResponses(202)) - f70b6c3b-be29-4a26-a238-fb2d839120cd-PendingRequests: sendNotLeaderResponses
2019-09-19 14:40:32,642 [main] INFO  impl.RaftServerImpl (ServerState.java:close(394)) - 942b50b4-c7bf-487c-9057-9f9e637dbe53:group-8F9847189440 closes. The last applied log index is 0
2019-09-19 14:40:32,643 [ForkJoinPool.commonPool-worker-1] INFO  impl.StateMachineUpdater (StateMachineUpdater.java:stopAndJoin(115)) - StateMachineUpdater:f70b6c3b-be29-4a26-a238-fb2d839120cd:group-C473F2A747EF: set stopIndex = 0
2019-09-19 14:40:32,643 [942b50b4-c7bf-487c-9057-9f9e637dbe53-SegmentedRaftLogWorker:Storage Directory /workdir/hadoop-ozone/ozonefs/target/test-dir/MiniOzoneClusterImpl-889e9801-d8cd-4d64-ad06-78e1b934daf6/datanode-9/data/ratis/a3f0ba4f-e436-4058-96e5-8f9847189440] INFO  segmented.SegmentedRaftLogWorker (SegmentedRaftLogWorker.java:run(313)) - 942b50b4-c7bf-487c-9057-9f9e637dbe53-SegmentedRaftLogWorker:Storage Directory /workdir/hadoop-ozone/ozonefs/target/test-dir/MiniOzoneClusterImpl-889e9801-d8cd-4d64-ad06-78e1b934daf6/datanode-9/data/ratis/a3f0ba4f-e436-4058-96e5-8f9847189440 was interrupted, exiting. There are 0 tasks remaining in the queue.
2019-09-19 14:40:32,644 [ForkJoinPool.commonPool-worker-1] INFO  impl.RaftServerImpl (ServerState.java:close(394)) - f70b6c3b-be29-4a26-a238-fb2d839120cd:group-C473F2A747EF closes. The last applied log index is 0
2019-09-19 14:40:32,644 [main] INFO  segmented.SegmentedRaftLogWorker (SegmentedRaftLogWorker.java:close(228)) - 942b50b4-c7bf-487c-9057-9f9e637dbe53-SegmentedRaftLogWorker:Storage Directory /workdir/hadoop-ozone/ozonefs/target/test-dir/MiniOzoneClusterImpl-889e9801-d8cd-4d64-ad06-78e1b934daf6/datanode-9/data/ratis/a3f0ba4f-e436-4058-96e5-8f9847189440 close()
2019-09-19 14:40:32,644 [f70b6c3b-be29-4a26-a238-fb2d839120cd-SegmentedRaftLogWorker:Storage Directory /workdir/hadoop-ozone/ozonefs/target/test-dir/MiniOzoneClusterImpl-889e9801-d8cd-4d64-ad06-78e1b934daf6/datanode-0/data/ratis/8360378b-e7e6-42ca-bbf7-c473f2a747ef] INFO  segmented.SegmentedRaftLogWorker (SegmentedRaftLogWorker.java:run(313)) - f70b6c3b-be29-4a26-a238-fb2d839120cd-SegmentedRaftLogWorker:Storage Directory /workdir/hadoop-ozone/ozonefs/target/test-dir/MiniOzoneClusterImpl-889e9801-d8cd-4d64-ad06-78e1b934daf6/datanode-0/data/ratis/8360378b-e7e6-42ca-bbf7-c473f2a747ef was interrupted, exiting. There are 0 tasks remaining in the queue.
2019-09-19 14:40:32,645 [main] INFO  impl.RaftServerImpl (RaftServerImpl.java:lambda$shutdown$3(245)) - 942b50b4-c7bf-487c-9057-9f9e637dbe53: shutdown group-5430856CAA6C
2019-09-19 14:40:32,645 [ForkJoinPool.commonPool-worker-1] INFO  segmented.SegmentedRaftLogWorker (SegmentedRaftLogWorker.java:close(228)) - f70b6c3b-be29-4a26-a238-fb2d839120cd-SegmentedRaftLogWorker:Storage Directory /workdir/hadoop-ozone/ozonefs/target/test-dir/MiniOzoneClusterImpl-889e9801-d8cd-4d64-ad06-78e1b934daf6/datanode-0/data/ratis/8360378b-e7e6-42ca-bbf7-c473f2a747ef close()
2019-09-19 14:40:32,645 [main] INFO  util.JmxRegister (JmxRegister.java:unregister(73)) - Successfully un-registered JMX Bean with object name Ratis:service=RaftServer,group=group-5430856CAA6C,id=942b50b4-c7bf-487c-9057-9f9e637dbe53
2019-09-19 14:40:32,646 [ForkJoinPool.commonPool-worker-1] INFO  impl.RaftServerImpl (RaftServerImpl.java:lambda$shutdown$3(245)) - f70b6c3b-be29-4a26-a238-fb2d839120cd: shutdown group-D99506144EB3
2019-09-19 14:40:32,646 [main] INFO  impl.RoleInfo (RoleInfo.java:shutdownLeaderState(104)) - 942b50b4-c7bf-487c-9057-9f9e637dbe53: shutdown LeaderState
2019-09-19 14:40:32,647 [ForkJoinPool.commonPool-worker-1] INFO  util.JmxRegister (JmxRegister.java:unregister(73)) - Successfully un-registered JMX Bean with object name Ratis:service=RaftServer,group=group-D99506144EB3,id=f70b6c3b-be29-4a26-a238-fb2d839120cd
2019-09-19 14:40:32,647 [main] INFO  impl.PendingRequests (PendingRequests.java:sendNotLeaderResponses(202)) - 942b50b4-c7bf-487c-9057-9f9e637dbe53-PendingRequests: sendNotLeaderResponses
2019-09-19 14:40:32,647 [ForkJoinPool.commonPool-worker-1] INFO  impl.RoleInfo (RoleInfo.java:shutdownLeaderState(104)) - f70b6c3b-be29-4a26-a238-fb2d839120cd: shutdown LeaderState
2019-09-19 14:40:32,648 [main] INFO  impl.StateMachineUpdater (StateMachineUpdater.java:stopAndJoin(115)) - StateMachineUpdater:942b50b4-c7bf-487c-9057-9f9e637dbe53:group-5430856CAA6C: set stopIndex = 0
2019-09-19 14:40:32,648 [ForkJoinPool.commonPool-worker-1] INFO  impl.PendingRequests (PendingRequests.java:sendNotLeaderResponses(202)) - f70b6c3b-be29-4a26-a238-fb2d839120cd-PendingRequests: sendNotLeaderResponses
2019-09-19 14:40:32,648 [main] INFO  impl.RaftServerImpl (ServerState.java:close(394)) - 942b50b4-c7bf-487c-9057-9f9e637dbe53:group-5430856CAA6C closes. The last applied log index is 0
2019-09-19 14:40:32,649 [ForkJoinPool.commonPool-worker-1] INFO  impl.StateMachineUpdater (StateMachineUpdater.java:stopAndJoin(115)) - StateMachineUpdater:f70b6c3b-be29-4a26-a238-fb2d839120cd:group-D99506144EB3: set stopIndex = 0
2019-09-19 14:40:32,649 [942b50b4-c7bf-487c-9057-9f9e637dbe53-SegmentedRaftLogWorker:Storage Directory /workdir/hadoop-ozone/ozonefs/target/test-dir/MiniOzoneClusterImpl-889e9801-d8cd-4d64-ad06-78e1b934daf6/datanode-9/data/ratis/8ac7356e-dbeb-456f-8d4f-5430856caa6c] INFO  segmented.SegmentedRaftLogWorker (SegmentedRaftLogWorker.java:run(313)) - 942b50b4-c7bf-487c-9057-9f9e637dbe53-SegmentedRaftLogWorker:Storage Directory /workdir/hadoop-ozone/ozonefs/target/test-dir/MiniOzoneClusterImpl-889e9801-d8cd-4d64-ad06-78e1b934daf6/datanode-9/data/ratis/8ac7356e-dbeb-456f-8d4f-5430856caa6c was interrupted, exiting. There are 0 tasks remaining in the queue.
2019-09-19 14:40:32,650 [ForkJoinPool.commonPool-worker-1] INFO  impl.RaftServerImpl (ServerState.java:close(394)) - f70b6c3b-be29-4a26-a238-fb2d839120cd:group-D99506144EB3 closes. The last applied log index is 0
2019-09-19 14:40:32,650 [main] INFO  segmented.SegmentedRaftLogWorker (SegmentedRaftLogWorker.java:close(228)) - 942b50b4-c7bf-487c-9057-9f9e637dbe53-SegmentedRaftLogWorker:Storage Directory /workdir/hadoop-ozone/ozonefs/target/test-dir/MiniOzoneClusterImpl-889e9801-d8cd-4d64-ad06-78e1b934daf6/datanode-9/data/ratis/8ac7356e-dbeb-456f-8d4f-5430856caa6c close()
2019-09-19 14:40:32,650 [f70b6c3b-be29-4a26-a238-fb2d839120cd-SegmentedRaftLogWorker:Storage Directory /workdir/hadoop-ozone/ozonefs/target/test-dir/MiniOzoneClusterImpl-889e9801-d8cd-4d64-ad06-78e1b934daf6/datanode-0/data/ratis/c60be1e8-64dc-4de1-98c7-d99506144eb3] INFO  segmented.SegmentedRaftLogWorker (SegmentedRaftLogWorker.java:run(313)) - f70b6c3b-be29-4a26-a238-fb2d839120cd-SegmentedRaftLogWorker:Storage Directory /workdir/hadoop-ozone/ozonefs/target/test-dir/MiniOzoneClusterImpl-889e9801-d8cd-4d64-ad06-78e1b934daf6/datanode-0/data/ratis/c60be1e8-64dc-4de1-98c7-d99506144eb3 was interrupted, exiting. There are 0 tasks remaining in the queue.
2019-09-19 14:40:32,651 [main] INFO  impl.RaftServerImpl (RaftServerImpl.java:lambda$shutdown$3(245)) - 942b50b4-c7bf-487c-9057-9f9e637dbe53: shutdown group-A9413BB7F6E6
2019-09-19 14:40:32,651 [ForkJoinPool.commonPool-worker-1] INFO  segmented.SegmentedRaftLogWorker (SegmentedRaftLogWorker.java:close(228)) - f70b6c3b-be29-4a26-a238-fb2d839120cd-SegmentedRaftLogWorker:Storage Directory /workdir/hadoop-ozone/ozonefs/target/test-dir/MiniOzoneClusterImpl-889e9801-d8cd-4d64-ad06-78e1b934daf6/datanode-0/data/ratis/c60be1e8-64dc-4de1-98c7-d99506144eb3 close()
2019-09-19 14:40:32,651 [main] INFO  util.JmxRegister (JmxRegister.java:unregister(73)) - Successfully un-registered JMX Bean with object name Ratis:service=RaftServer,group=group-A9413BB7F6E6,id=942b50b4-c7bf-487c-9057-9f9e637dbe53
2019-09-19 14:40:32,652 [ForkJoinPool.commonPool-worker-1] INFO  server.GrpcService (GrpcService.java:closeImpl(155)) - f70b6c3b-be29-4a26-a238-fb2d839120cd: shutdown server with port 34965 now
2019-09-19 14:40:32,652 [main] INFO  impl.RoleInfo (RoleInfo.java:shutdownLeaderState(104)) - 942b50b4-c7bf-487c-9057-9f9e637dbe53: shutdown LeaderState
2019-09-19 14:40:32,654 [ForkJoinPool.commonPool-worker-1] INFO  server.GrpcService (GrpcService.java:closeImpl(163)) - f70b6c3b-be29-4a26-a238-fb2d839120cd: shutdown server with port 34965 successfully
2019-09-19 14:40:32,654 [main] INFO  impl.PendingRequests (PendingRequests.java:sendNotLeaderResponses(202)) - 942b50b4-c7bf-487c-9057-9f9e637dbe53-PendingRequests: sendNotLeaderResponses
2019-09-19 14:40:32,655 [main] INFO  impl.StateMachineUpdater (StateMachineUpdater.java:stopAndJoin(115)) - StateMachineUpdater:942b50b4-c7bf-487c-9057-9f9e637dbe53:group-A9413BB7F6E6: set stopIndex = 0
2019-09-19 14:40:32,656 [main] INFO  impl.RaftServerImpl (ServerState.java:close(394)) - 942b50b4-c7bf-487c-9057-9f9e637dbe53:group-A9413BB7F6E6 closes. The last applied log index is 0
2019-09-19 14:40:32,656 [ForkJoinPool.commonPool-worker-1] INFO  utils.BackgroundService (BackgroundService.java:shutdown(148)) - Shutting down service BlockDeletingService
2019-09-19 14:40:32,657 [942b50b4-c7bf-487c-9057-9f9e637dbe53-SegmentedRaftLogWorker:Storage Directory /workdir/hadoop-ozone/ozonefs/target/test-dir/MiniOzoneClusterImpl-889e9801-d8cd-4d64-ad06-78e1b934daf6/datanode-9/data/ratis/05cfd697-6bb1-4ba7-b697-a9413bb7f6e6] INFO  segmented.SegmentedRaftLogWorker (SegmentedRaftLogWorker.java:run(313)) - 942b50b4-c7bf-487c-9057-9f9e637dbe53-SegmentedRaftLogWorker:Storage Directory /workdir/hadoop-ozone/ozonefs/target/test-dir/MiniOzoneClusterImpl-889e9801-d8cd-4d64-ad06-78e1b934daf6/datanode-9/data/ratis/05cfd697-6bb1-4ba7-b697-a9413bb7f6e6 was interrupted, exiting. There are 0 tasks remaining in the queue.
2019-09-19 14:40:32,657 [main] INFO  segmented.SegmentedRaftLogWorker (SegmentedRaftLogWorker.java:close(228)) - 942b50b4-c7bf-487c-9057-9f9e637dbe53-SegmentedRaftLogWorker:Storage Directory /workdir/hadoop-ozone/ozonefs/target/test-dir/MiniOzoneClusterImpl-889e9801-d8cd-4d64-ad06-78e1b934daf6/datanode-9/data/ratis/05cfd697-6bb1-4ba7-b697-a9413bb7f6e6 close()
2019-09-19 14:40:32,657 [main] INFO  impl.RaftServerImpl (RaftServerImpl.java:lambda$shutdown$3(245)) - 942b50b4-c7bf-487c-9057-9f9e637dbe53: shutdown group-07C1D3A793DC
2019-09-19 14:40:32,658 [main] INFO  util.JmxRegister (JmxRegister.java:unregister(73)) - Successfully un-registered JMX Bean with object name Ratis:service=RaftServer,group=group-07C1D3A793DC,id=942b50b4-c7bf-487c-9057-9f9e637dbe53
2019-09-19 14:40:32,658 [main] INFO  impl.RoleInfo (RoleInfo.java:shutdownLeaderState(104)) - 942b50b4-c7bf-487c-9057-9f9e637dbe53: shutdown LeaderState
2019-09-19 14:40:32,658 [main] INFO  impl.PendingRequests (PendingRequests.java:sendNotLeaderResponses(202)) - 942b50b4-c7bf-487c-9057-9f9e637dbe53-PendingRequests: sendNotLeaderResponses
2019-09-19 14:40:32,659 [main] INFO  impl.StateMachineUpdater (StateMachineUpdater.java:stopAndJoin(115)) - StateMachineUpdater:942b50b4-c7bf-487c-9057-9f9e637dbe53:group-07C1D3A793DC: set stopIndex = 0
2019-09-19 14:40:32,659 [main] INFO  impl.RaftServerImpl (ServerState.java:close(394)) - 942b50b4-c7bf-487c-9057-9f9e637dbe53:group-07C1D3A793DC closes. The last applied log index is 0
2019-09-19 14:40:32,659 [refreshUsed-/workdir/hadoop-ozone/ozonefs/target/test-dir/MiniOzoneClusterImpl-889e9801-d8cd-4d64-ad06-78e1b934daf6/datanode-0/data/containers] WARN  fs.CachingGetSpaceUsed (CachingGetSpaceUsed.java:run(183)) - Thread Interrupted waiting to refresh disk information: sleep interrupted
2019-09-19 14:40:32,659 [942b50b4-c7bf-487c-9057-9f9e637dbe53-SegmentedRaftLogWorker:Storage Directory /workdir/hadoop-ozone/ozonefs/target/test-dir/MiniOzoneClusterImpl-889e9801-d8cd-4d64-ad06-78e1b934daf6/datanode-9/data/ratis/6e4214a5-9fe8-48bb-bce4-07c1d3a793dc] INFO  segmented.SegmentedRaftLogWorker (SegmentedRaftLogWorker.java:run(313)) - 942b50b4-c7bf-487c-9057-9f9e637dbe53-SegmentedRaftLogWorker:Storage Directory /workdir/hadoop-ozone/ozonefs/target/test-dir/MiniOzoneClusterImpl-889e9801-d8cd-4d64-ad06-78e1b934daf6/datanode-9/data/ratis/6e4214a5-9fe8-48bb-bce4-07c1d3a793dc was interrupted, exiting. There are 0 tasks remaining in the queue.
2019-09-19 14:40:32,659 [main] INFO  segmented.SegmentedRaftLogWorker (SegmentedRaftLogWorker.java:close(228)) - 942b50b4-c7bf-487c-9057-9f9e637dbe53-SegmentedRaftLogWorker:Storage Directory /workdir/hadoop-ozone/ozonefs/target/test-dir/MiniOzoneClusterImpl-889e9801-d8cd-4d64-ad06-78e1b934daf6/datanode-9/data/ratis/6e4214a5-9fe8-48bb-bce4-07c1d3a793dc close()
2019-09-19 14:40:32,660 [main] INFO  impl.RaftServerImpl (RaftServerImpl.java:lambda$shutdown$3(245)) - 942b50b4-c7bf-487c-9057-9f9e637dbe53: shutdown group-E93A5BCC0F72
2019-09-19 14:40:32,662 [main] INFO  util.JmxRegister (JmxRegister.java:unregister(73)) - Successfully un-registered JMX Bean with object name Ratis:service=RaftServer,group=group-E93A5BCC0F72,id=942b50b4-c7bf-487c-9057-9f9e637dbe53
2019-09-19 14:40:32,662 [main] INFO  impl.RoleInfo (RoleInfo.java:shutdownLeaderState(104)) - 942b50b4-c7bf-487c-9057-9f9e637dbe53: shutdown LeaderState
2019-09-19 14:40:32,662 [main] INFO  impl.PendingRequests (PendingRequests.java:sendNotLeaderResponses(202)) - 942b50b4-c7bf-487c-9057-9f9e637dbe53-PendingRequests: sendNotLeaderResponses
2019-09-19 14:40:32,663 [main] INFO  impl.StateMachineUpdater (StateMachineUpdater.java:stopAndJoin(115)) - StateMachineUpdater:942b50b4-c7bf-487c-9057-9f9e637dbe53:group-E93A5BCC0F72: set stopIndex = 0
2019-09-19 14:40:32,663 [main] INFO  impl.RaftServerImpl (ServerState.java:close(394)) - 942b50b4-c7bf-487c-9057-9f9e637dbe53:group-E93A5BCC0F72 closes. The last applied log index is 0
2019-09-19 14:40:32,663 [942b50b4-c7bf-487c-9057-9f9e637dbe53-SegmentedRaftLogWorker:Storage Directory /workdir/hadoop-ozone/ozonefs/target/test-dir/MiniOzoneClusterImpl-889e9801-d8cd-4d64-ad06-78e1b934daf6/datanode-9/data/ratis/20033b04-a110-4dbb-8e45-e93a5bcc0f72] INFO  segmented.SegmentedRaftLogWorker (SegmentedRaftLogWorker.java:run(313)) - 942b50b4-c7bf-487c-9057-9f9e637dbe53-SegmentedRaftLogWorker:Storage Directory /workdir/hadoop-ozone/ozonefs/target/test-dir/MiniOzoneClusterImpl-889e9801-d8cd-4d64-ad06-78e1b934daf6/datanode-9/data/ratis/20033b04-a110-4dbb-8e45-e93a5bcc0f72 was interrupted, exiting. There are 0 tasks remaining in the queue.
2019-09-19 14:40:32,663 [main] INFO  segmented.SegmentedRaftLogWorker (SegmentedRaftLogWorker.java:close(228)) - 942b50b4-c7bf-487c-9057-9f9e637dbe53-SegmentedRaftLogWorker:Storage Directory /workdir/hadoop-ozone/ozonefs/target/test-dir/MiniOzoneClusterImpl-889e9801-d8cd-4d64-ad06-78e1b934daf6/datanode-9/data/ratis/20033b04-a110-4dbb-8e45-e93a5bcc0f72 close()
2019-09-19 14:40:32,664 [main] INFO  impl.RaftServerImpl (RaftServerImpl.java:lambda$shutdown$3(245)) - 942b50b4-c7bf-487c-9057-9f9e637dbe53: shutdown group-D85E527F45F5
2019-09-19 14:40:32,664 [main] INFO  util.JmxRegister (JmxRegister.java:unregister(73)) - Successfully un-registered JMX Bean with object name Ratis:service=RaftServer,group=group-D85E527F45F5,id=942b50b4-c7bf-487c-9057-9f9e637dbe53
2019-09-19 14:40:32,664 [main] INFO  impl.RoleInfo (RoleInfo.java:shutdownLeaderState(104)) - 942b50b4-c7bf-487c-9057-9f9e637dbe53: shutdown LeaderState
2019-09-19 14:40:32,665 [main] INFO  impl.PendingRequests (PendingRequests.java:sendNotLeaderResponses(202)) - 942b50b4-c7bf-487c-9057-9f9e637dbe53-PendingRequests: sendNotLeaderResponses
2019-09-19 14:40:32,665 [main] INFO  impl.StateMachineUpdater (StateMachineUpdater.java:stopAndJoin(115)) - StateMachineUpdater:942b50b4-c7bf-487c-9057-9f9e637dbe53:group-D85E527F45F5: set stopIndex = 0
2019-09-19 14:40:32,665 [main] INFO  impl.RaftServerImpl (ServerState.java:close(394)) - 942b50b4-c7bf-487c-9057-9f9e637dbe53:group-D85E527F45F5 closes. The last applied log index is 0
2019-09-19 14:40:32,665 [942b50b4-c7bf-487c-9057-9f9e637dbe53-SegmentedRaftLogWorker:Storage Directory /workdir/hadoop-ozone/ozonefs/target/test-dir/MiniOzoneClusterImpl-889e9801-d8cd-4d64-ad06-78e1b934daf6/datanode-9/data/ratis/81a8a7cc-5070-42cb-8ee6-d85e527f45f5] INFO  segmented.SegmentedRaftLogWorker (SegmentedRaftLogWorker.java:run(313)) - 942b50b4-c7bf-487c-9057-9f9e637dbe53-SegmentedRaftLogWorker:Storage Directory /workdir/hadoop-ozone/ozonefs/target/test-dir/MiniOzoneClusterImpl-889e9801-d8cd-4d64-ad06-78e1b934daf6/datanode-9/data/ratis/81a8a7cc-5070-42cb-8ee6-d85e527f45f5 was interrupted, exiting. There are 0 tasks remaining in the queue.
2019-09-19 14:40:32,665 [main] INFO  segmented.SegmentedRaftLogWorker (SegmentedRaftLogWorker.java:close(228)) - 942b50b4-c7bf-487c-9057-9f9e637dbe53-SegmentedRaftLogWorker:Storage Directory /workdir/hadoop-ozone/ozonefs/target/test-dir/MiniOzoneClusterImpl-889e9801-d8cd-4d64-ad06-78e1b934daf6/datanode-9/data/ratis/81a8a7cc-5070-42cb-8ee6-d85e527f45f5 close()
2019-09-19 14:40:32,666 [main] INFO  server.GrpcService (GrpcService.java:closeImpl(155)) - 942b50b4-c7bf-487c-9057-9f9e637dbe53: shutdown server with port 34014 now
2019-09-19 14:40:32,667 [main] INFO  server.GrpcService (GrpcService.java:closeImpl(163)) - 942b50b4-c7bf-487c-9057-9f9e637dbe53: shutdown server with port 34014 successfully
2019-09-19 14:40:32,668 [main] INFO  utils.BackgroundService (BackgroundService.java:shutdown(148)) - Shutting down service BlockDeletingService
2019-09-19 14:40:32,671 [refreshUsed-/workdir/hadoop-ozone/ozonefs/target/test-dir/MiniOzoneClusterImpl-889e9801-d8cd-4d64-ad06-78e1b934daf6/datanode-9/data/containers] WARN  fs.CachingGetSpaceUsed (CachingGetSpaceUsed.java:run(183)) - Thread Interrupted waiting to refresh disk information: sleep interrupted
2019-09-19 14:40:32,691 [ForkJoinPool.commonPool-worker-1] INFO  statemachine.DatanodeStateMachine (DatanodeStateMachine.java:stopDaemon(395)) - Ozone container server stopped.
2019-09-19 14:40:32,695 [ForkJoinPool.commonPool-worker-1] INFO  handler.ContextHandler (ContextHandler.java:doStop(910)) - Stopped o.e.j.w.WebAppContext@19a64eae{/,null,UNAVAILABLE}{/hddsDatanode}
2019-09-19 14:40:32,695 [ForkJoinPool.commonPool-worker-1] INFO  server.AbstractConnector (AbstractConnector.java:doStop(318)) - Stopped ServerConnector@29a98d9f{HTTP/1.1,[http/1.1]}{0.0.0.0:0}
2019-09-19 14:40:32,697 [ForkJoinPool.commonPool-worker-1] INFO  handler.ContextHandler (ContextHandler.java:doStop(910)) - Stopped o.e.j.s.ServletContextHandler@3b27b497{/static,jar:file:/home/user/.m2/repository/org/apache/hadoop/hadoop-hdds-container-service/0.5.0-SNAPSHOT/hadoop-hdds-container-service-0.5.0-SNAPSHOT.jar!/webapps/static,UNAVAILABLE}
2019-09-19 14:40:32,698 [ForkJoinPool.commonPool-worker-1] INFO  handler.ContextHandler (ContextHandler.java:doStop(910)) - Stopped o.e.j.s.ServletContextHandler@5c5d6175{/logs,file:///workdir/hadoop-ozone/ozonefs/target/log,UNAVAILABLE}
2019-09-19 14:40:32,699 [ForkJoinPool.commonPool-worker-1] INFO  datanode.ObjectStoreHandler (ObjectStoreHandler.java:close(155)) - Closing ObjectStoreHandler.
2019-09-19 14:40:32,700 [ForkJoinPool.commonPool-worker-1] INFO  ozone.HddsDatanodeService (HddsDatanodeService.java:stop(451)) - Stopped plug-in org.apache.hadoop.ozone.web.OzoneHddsDatanodeService@2fd39436
2019-09-19 14:40:32,706 [main] INFO  statemachine.DatanodeStateMachine (DatanodeStateMachine.java:stopDaemon(395)) - Ozone container server stopped.
2019-09-19 14:40:32,711 [main] INFO  handler.ContextHandler (ContextHandler.java:doStop(910)) - Stopped o.e.j.w.WebAppContext@11ad095c{/,null,UNAVAILABLE}{/hddsDatanode}
2019-09-19 14:40:32,712 [main] INFO  server.AbstractConnector (AbstractConnector.java:doStop(318)) - Stopped ServerConnector@2c2a903f{HTTP/1.1,[http/1.1]}{0.0.0.0:0}
2019-09-19 14:40:32,712 [main] INFO  handler.ContextHandler (ContextHandler.java:doStop(910)) - Stopped o.e.j.s.ServletContextHandler@3dd2b9c1{/static,jar:file:/home/user/.m2/repository/org/apache/hadoop/hadoop-hdds-container-service/0.5.0-SNAPSHOT/hadoop-hdds-container-service-0.5.0-SNAPSHOT.jar!/webapps/static,UNAVAILABLE}
2019-09-19 14:40:32,712 [main] INFO  handler.ContextHandler (ContextHandler.java:doStop(910)) - Stopped o.e.j.s.ServletContextHandler@645ba24a{/logs,file:///workdir/hadoop-ozone/ozonefs/target/log,UNAVAILABLE}
2019-09-19 14:40:32,714 [main] INFO  datanode.ObjectStoreHandler (ObjectStoreHandler.java:close(155)) - Closing ObjectStoreHandler.
2019-09-19 14:40:32,715 [main] INFO  ozone.HddsDatanodeService (HddsDatanodeService.java:stop(451)) - Stopped plug-in org.apache.hadoop.ozone.web.OzoneHddsDatanodeService@631bc9f4
2019-09-19 14:40:33,246 [Datanode State Machine Thread - 0] INFO  statemachine.DatanodeStateMachine (DatanodeStateMachine.java:lambda$startDaemon$0(350)) - Ozone container server started.
2019-09-19 14:40:33,597 [Datanode State Machine Thread - 0] INFO  statemachine.DatanodeStateMachine (DatanodeStateMachine.java:lambda$startDaemon$0(350)) - Ozone container server started.
2019-09-19 14:40:37,701 [ForkJoinPool.commonPool-worker-1] INFO  ozoneimpl.OzoneContainer (OzoneContainer.java:stop(199)) - Attempting to stop container services.
2019-09-19 14:40:37,701 [ForkJoinPool.commonPool-worker-1] INFO  impl.RaftServerProxy (RaftServerProxy.java:lambda$close$4(314)) - c157b6a0-3602-4e04-89f3-2eaad4ae05f6: close
2019-09-19 14:40:37,701 [ForkJoinPool.commonPool-worker-1] INFO  impl.RaftServerImpl (RaftServerImpl.java:lambda$shutdown$3(245)) - c157b6a0-3602-4e04-89f3-2eaad4ae05f6: shutdown group-0AFBC0D13B45
2019-09-19 14:40:37,702 [ForkJoinPool.commonPool-worker-1] INFO  util.JmxRegister (JmxRegister.java:unregister(73)) - Successfully un-registered JMX Bean with object name Ratis:service=RaftServer,group=group-0AFBC0D13B45,id=c157b6a0-3602-4e04-89f3-2eaad4ae05f6
2019-09-19 14:40:37,702 [ForkJoinPool.commonPool-worker-1] INFO  impl.RoleInfo (RoleInfo.java:shutdownLeaderState(104)) - c157b6a0-3602-4e04-89f3-2eaad4ae05f6: shutdown LeaderState
2019-09-19 14:40:37,702 [ForkJoinPool.commonPool-worker-1] INFO  impl.PendingRequests (PendingRequests.java:sendNotLeaderResponses(202)) - c157b6a0-3602-4e04-89f3-2eaad4ae05f6-PendingRequests: sendNotLeaderResponses
2019-09-19 14:40:37,703 [ForkJoinPool.commonPool-worker-1] INFO  impl.StateMachineUpdater (StateMachineUpdater.java:stopAndJoin(115)) - StateMachineUpdater:c157b6a0-3602-4e04-89f3-2eaad4ae05f6:group-0AFBC0D13B45: set stopIndex = 0
2019-09-19 14:40:37,703 [ForkJoinPool.commonPool-worker-1] INFO  impl.RaftServerImpl (ServerState.java:close(394)) - c157b6a0-3602-4e04-89f3-2eaad4ae05f6:group-0AFBC0D13B45 closes. The last applied log index is 0
2019-09-19 14:40:37,704 [c157b6a0-3602-4e04-89f3-2eaad4ae05f6-SegmentedRaftLogWorker:Storage Directory /workdir/hadoop-ozone/ozonefs/target/test-dir/MiniOzoneClusterImpl-889e9801-d8cd-4d64-ad06-78e1b934daf6/datanode-1/data/ratis/e02b644f-5eb3-4583-8a1e-0afbc0d13b45] INFO  segmented.SegmentedRaftLogWorker (SegmentedRaftLogWorker.java:run(313)) - c157b6a0-3602-4e04-89f3-2eaad4ae05f6-SegmentedRaftLogWorker:Storage Directory /workdir/hadoop-ozone/ozonefs/target/test-dir/MiniOzoneClusterImpl-889e9801-d8cd-4d64-ad06-78e1b934daf6/datanode-1/data/ratis/e02b644f-5eb3-4583-8a1e-0afbc0d13b45 was interrupted, exiting. There are 0 tasks remaining in the queue.
2019-09-19 14:40:37,704 [ForkJoinPool.commonPool-worker-1] INFO  segmented.SegmentedRaftLogWorker (SegmentedRaftLogWorker.java:close(228)) - c157b6a0-3602-4e04-89f3-2eaad4ae05f6-SegmentedRaftLogWorker:Storage Directory /workdir/hadoop-ozone/ozonefs/target/test-dir/MiniOzoneClusterImpl-889e9801-d8cd-4d64-ad06-78e1b934daf6/datanode-1/data/ratis/e02b644f-5eb3-4583-8a1e-0afbc0d13b45 close()
2019-09-19 14:40:37,704 [ForkJoinPool.commonPool-worker-1] INFO  impl.RaftServerImpl (RaftServerImpl.java:lambda$shutdown$3(245)) - c157b6a0-3602-4e04-89f3-2eaad4ae05f6: shutdown group-4A17761265BF
2019-09-19 14:40:37,705 [ForkJoinPool.commonPool-worker-1] INFO  util.JmxRegister (JmxRegister.java:unregister(73)) - Successfully un-registered JMX Bean with object name Ratis:service=RaftServer,group=group-4A17761265BF,id=c157b6a0-3602-4e04-89f3-2eaad4ae05f6
2019-09-19 14:40:37,705 [ForkJoinPool.commonPool-worker-1] INFO  impl.RoleInfo (RoleInfo.java:shutdownLeaderState(104)) - c157b6a0-3602-4e04-89f3-2eaad4ae05f6: shutdown LeaderState
2019-09-19 14:40:37,705 [ForkJoinPool.commonPool-worker-1] INFO  impl.PendingRequests (PendingRequests.java:sendNotLeaderResponses(202)) - c157b6a0-3602-4e04-89f3-2eaad4ae05f6-PendingRequests: sendNotLeaderResponses
2019-09-19 14:40:37,706 [ForkJoinPool.commonPool-worker-1] INFO  impl.StateMachineUpdater (StateMachineUpdater.java:stopAndJoin(115)) - StateMachineUpdater:c157b6a0-3602-4e04-89f3-2eaad4ae05f6:group-4A17761265BF: set stopIndex = 0
2019-09-19 14:40:37,706 [ForkJoinPool.commonPool-worker-1] INFO  impl.RaftServerImpl (ServerState.java:close(394)) - c157b6a0-3602-4e04-89f3-2eaad4ae05f6:group-4A17761265BF closes. The last applied log index is 0
2019-09-19 14:40:37,707 [c157b6a0-3602-4e04-89f3-2eaad4ae05f6-SegmentedRaftLogWorker:Storage Directory /workdir/hadoop-ozone/ozonefs/target/test-dir/MiniOzoneClusterImpl-889e9801-d8cd-4d64-ad06-78e1b934daf6/datanode-1/data/ratis/5db79591-e67f-4647-9e94-4a17761265bf] INFO  segmented.SegmentedRaftLogWorker (SegmentedRaftLogWorker.java:run(313)) - c157b6a0-3602-4e04-89f3-2eaad4ae05f6-SegmentedRaftLogWorker:Storage Directory /workdir/hadoop-ozone/ozonefs/target/test-dir/MiniOzoneClusterImpl-889e9801-d8cd-4d64-ad06-78e1b934daf6/datanode-1/data/ratis/5db79591-e67f-4647-9e94-4a17761265bf was interrupted, exiting. There are 0 tasks remaining in the queue.
2019-09-19 14:40:37,707 [ForkJoinPool.commonPool-worker-1] INFO  segmented.SegmentedRaftLogWorker (SegmentedRaftLogWorker.java:close(228)) - c157b6a0-3602-4e04-89f3-2eaad4ae05f6-SegmentedRaftLogWorker:Storage Directory /workdir/hadoop-ozone/ozonefs/target/test-dir/MiniOzoneClusterImpl-889e9801-d8cd-4d64-ad06-78e1b934daf6/datanode-1/data/ratis/5db79591-e67f-4647-9e94-4a17761265bf close()
2019-09-19 14:40:37,707 [ForkJoinPool.commonPool-worker-1] INFO  impl.RaftServerImpl (RaftServerImpl.java:lambda$shutdown$3(245)) - c157b6a0-3602-4e04-89f3-2eaad4ae05f6: shutdown group-C563EC252F90
2019-09-19 14:40:37,708 [ForkJoinPool.commonPool-worker-1] INFO  util.JmxRegister (JmxRegister.java:unregister(73)) - Successfully un-registered JMX Bean with object name Ratis:service=RaftServer,group=group-C563EC252F90,id=c157b6a0-3602-4e04-89f3-2eaad4ae05f6
2019-09-19 14:40:37,708 [ForkJoinPool.commonPool-worker-1] INFO  impl.RoleInfo (RoleInfo.java:shutdownLeaderState(104)) - c157b6a0-3602-4e04-89f3-2eaad4ae05f6: shutdown LeaderState
2019-09-19 14:40:37,708 [ForkJoinPool.commonPool-worker-1] INFO  impl.PendingRequests (PendingRequests.java:sendNotLeaderResponses(202)) - c157b6a0-3602-4e04-89f3-2eaad4ae05f6-PendingRequests: sendNotLeaderResponses
2019-09-19 14:40:37,709 [ForkJoinPool.commonPool-worker-1] INFO  impl.StateMachineUpdater (StateMachineUpdater.java:stopAndJoin(115)) - StateMachineUpdater:c157b6a0-3602-4e04-89f3-2eaad4ae05f6:group-C563EC252F90: set stopIndex = 0
2019-09-19 14:40:37,709 [ForkJoinPool.commonPool-worker-1] INFO  impl.RaftServerImpl (ServerState.java:close(394)) - c157b6a0-3602-4e04-89f3-2eaad4ae05f6:group-C563EC252F90 closes. The last applied log index is 0
2019-09-19 14:40:37,709 [c157b6a0-3602-4e04-89f3-2eaad4ae05f6-SegmentedRaftLogWorker:Storage Directory /workdir/hadoop-ozone/ozonefs/target/test-dir/MiniOzoneClusterImpl-889e9801-d8cd-4d64-ad06-78e1b934daf6/datanode-1/data/ratis/5dd8f84a-b028-48f4-acc4-c563ec252f90] INFO  segmented.SegmentedRaftLogWorker (SegmentedRaftLogWorker.java:run(313)) - c157b6a0-3602-4e04-89f3-2eaad4ae05f6-SegmentedRaftLogWorker:Storage Directory /workdir/hadoop-ozone/ozonefs/target/test-dir/MiniOzoneClusterImpl-889e9801-d8cd-4d64-ad06-78e1b934daf6/datanode-1/data/ratis/5dd8f84a-b028-48f4-acc4-c563ec252f90 was interrupted, exiting. There are 0 tasks remaining in the queue.
2019-09-19 14:40:37,710 [ForkJoinPool.commonPool-worker-1] INFO  segmented.SegmentedRaftLogWorker (SegmentedRaftLogWorker.java:close(228)) - c157b6a0-3602-4e04-89f3-2eaad4ae05f6-SegmentedRaftLogWorker:Storage Directory /workdir/hadoop-ozone/ozonefs/target/test-dir/MiniOzoneClusterImpl-889e9801-d8cd-4d64-ad06-78e1b934daf6/datanode-1/data/ratis/5dd8f84a-b028-48f4-acc4-c563ec252f90 close()
2019-09-19 14:40:37,710 [ForkJoinPool.commonPool-worker-1] INFO  impl.RaftServerImpl (RaftServerImpl.java:lambda$shutdown$3(245)) - c157b6a0-3602-4e04-89f3-2eaad4ae05f6: shutdown group-3CC7DCB36CCF
2019-09-19 14:40:37,710 [ForkJoinPool.commonPool-worker-1] INFO  util.JmxRegister (JmxRegister.java:unregister(73)) - Successfully un-registered JMX Bean with object name Ratis:service=RaftServer,group=group-3CC7DCB36CCF,id=c157b6a0-3602-4e04-89f3-2eaad4ae05f6
2019-09-19 14:40:37,711 [ForkJoinPool.commonPool-worker-1] INFO  impl.RoleInfo (RoleInfo.java:shutdownLeaderState(104)) - c157b6a0-3602-4e04-89f3-2eaad4ae05f6: shutdown LeaderState
2019-09-19 14:40:37,711 [ForkJoinPool.commonPool-worker-1] INFO  impl.PendingRequests (PendingRequests.java:sendNotLeaderResponses(202)) - c157b6a0-3602-4e04-89f3-2eaad4ae05f6-PendingRequests: sendNotLeaderResponses
2019-09-19 14:40:37,711 [ForkJoinPool.commonPool-worker-1] INFO  impl.StateMachineUpdater (StateMachineUpdater.java:stopAndJoin(115)) - StateMachineUpdater:c157b6a0-3602-4e04-89f3-2eaad4ae05f6:group-3CC7DCB36CCF: set stopIndex = 0
2019-09-19 14:40:37,712 [ForkJoinPool.commonPool-worker-1] INFO  impl.RaftServerImpl (ServerState.java:close(394)) - c157b6a0-3602-4e04-89f3-2eaad4ae05f6:group-3CC7DCB36CCF closes. The last applied log index is 0
2019-09-19 14:40:37,712 [c157b6a0-3602-4e04-89f3-2eaad4ae05f6-SegmentedRaftLogWorker:Storage Directory /workdir/hadoop-ozone/ozonefs/target/test-dir/MiniOzoneClusterImpl-889e9801-d8cd-4d64-ad06-78e1b934daf6/datanode-1/data/ratis/0e300aa6-8600-4c73-a5e2-3cc7dcb36ccf] INFO  segmented.SegmentedRaftLogWorker (SegmentedRaftLogWorker.java:run(313)) - c157b6a0-3602-4e04-89f3-2eaad4ae05f6-SegmentedRaftLogWorker:Storage Directory /workdir/hadoop-ozone/ozonefs/target/test-dir/MiniOzoneClusterImpl-889e9801-d8cd-4d64-ad06-78e1b934daf6/datanode-1/data/ratis/0e300aa6-8600-4c73-a5e2-3cc7dcb36ccf was interrupted, exiting. There are 0 tasks remaining in the queue.
2019-09-19 14:40:37,712 [ForkJoinPool.commonPool-worker-1] INFO  segmented.SegmentedRaftLogWorker (SegmentedRaftLogWorker.java:close(228)) - c157b6a0-3602-4e04-89f3-2eaad4ae05f6-SegmentedRaftLogWorker:Storage Directory /workdir/hadoop-ozone/ozonefs/target/test-dir/MiniOzoneClusterImpl-889e9801-d8cd-4d64-ad06-78e1b934daf6/datanode-1/data/ratis/0e300aa6-8600-4c73-a5e2-3cc7dcb36ccf close()
2019-09-19 14:40:37,713 [ForkJoinPool.commonPool-worker-1] INFO  impl.RaftServerImpl (RaftServerImpl.java:lambda$shutdown$3(245)) - c157b6a0-3602-4e04-89f3-2eaad4ae05f6: shutdown group-DEB74EE49D73
2019-09-19 14:40:37,713 [ForkJoinPool.commonPool-worker-1] INFO  util.JmxRegister (JmxRegister.java:unregister(73)) - Successfully un-registered JMX Bean with object name Ratis:service=RaftServer,group=group-DEB74EE49D73,id=c157b6a0-3602-4e04-89f3-2eaad4ae05f6
2019-09-19 14:40:37,714 [ForkJoinPool.commonPool-worker-1] INFO  impl.RoleInfo (RoleInfo.java:shutdownLeaderState(104)) - c157b6a0-3602-4e04-89f3-2eaad4ae05f6: shutdown LeaderState
2019-09-19 14:40:37,714 [ForkJoinPool.commonPool-worker-1] INFO  impl.PendingRequests (PendingRequests.java:sendNotLeaderResponses(202)) - c157b6a0-3602-4e04-89f3-2eaad4ae05f6-PendingRequests: sendNotLeaderResponses
2019-09-19 14:40:37,715 [ForkJoinPool.commonPool-worker-1] INFO  impl.StateMachineUpdater (StateMachineUpdater.java:stopAndJoin(115)) - StateMachineUpdater:c157b6a0-3602-4e04-89f3-2eaad4ae05f6:group-DEB74EE49D73: set stopIndex = 0
2019-09-19 14:40:37,715 [ForkJoinPool.commonPool-worker-1] INFO  impl.RaftServerImpl (ServerState.java:close(394)) - c157b6a0-3602-4e04-89f3-2eaad4ae05f6:group-DEB74EE49D73 closes. The last applied log index is 0
2019-09-19 14:40:37,715 [main] INFO  ozoneimpl.OzoneContainer (OzoneContainer.java:stop(199)) - Attempting to stop container services.
2019-09-19 14:40:37,715 [c157b6a0-3602-4e04-89f3-2eaad4ae05f6-SegmentedRaftLogWorker:Storage Directory /workdir/hadoop-ozone/ozonefs/target/test-dir/MiniOzoneClusterImpl-889e9801-d8cd-4d64-ad06-78e1b934daf6/datanode-1/data/ratis/5d7a273f-de7f-4c9e-9dba-deb74ee49d73] INFO  segmented.SegmentedRaftLogWorker (SegmentedRaftLogWorker.java:run(313)) - c157b6a0-3602-4e04-89f3-2eaad4ae05f6-SegmentedRaftLogWorker:Storage Directory /workdir/hadoop-ozone/ozonefs/target/test-dir/MiniOzoneClusterImpl-889e9801-d8cd-4d64-ad06-78e1b934daf6/datanode-1/data/ratis/5d7a273f-de7f-4c9e-9dba-deb74ee49d73 was interrupted, exiting. There are 0 tasks remaining in the queue.
2019-09-19 14:40:37,716 [ForkJoinPool.commonPool-worker-1] INFO  segmented.SegmentedRaftLogWorker (SegmentedRaftLogWorker.java:close(228)) - c157b6a0-3602-4e04-89f3-2eaad4ae05f6-SegmentedRaftLogWorker:Storage Directory /workdir/hadoop-ozone/ozonefs/target/test-dir/MiniOzoneClusterImpl-889e9801-d8cd-4d64-ad06-78e1b934daf6/datanode-1/data/ratis/5d7a273f-de7f-4c9e-9dba-deb74ee49d73 close()
2019-09-19 14:40:37,716 [main] INFO  impl.RaftServerProxy (RaftServerProxy.java:lambda$close$4(314)) - a1dec692-f01d-4dc4-b8c6-c1af31f4a539: close
2019-09-19 14:40:37,716 [ForkJoinPool.commonPool-worker-1] INFO  impl.RaftServerImpl (RaftServerImpl.java:lambda$shutdown$3(245)) - c157b6a0-3602-4e04-89f3-2eaad4ae05f6: shutdown group-811704628034
2019-09-19 14:40:37,717 [main] INFO  impl.RaftServerImpl (RaftServerImpl.java:lambda$shutdown$3(245)) - a1dec692-f01d-4dc4-b8c6-c1af31f4a539: shutdown group-017D4710A8E6
2019-09-19 14:40:37,717 [ForkJoinPool.commonPool-worker-1] INFO  util.JmxRegister (JmxRegister.java:unregister(73)) - Successfully un-registered JMX Bean with object name Ratis:service=RaftServer,group=group-811704628034,id=c157b6a0-3602-4e04-89f3-2eaad4ae05f6
2019-09-19 14:40:37,717 [main] INFO  util.JmxRegister (JmxRegister.java:unregister(73)) - Successfully un-registered JMX Bean with object name Ratis:service=RaftServer,group=group-017D4710A8E6,id=a1dec692-f01d-4dc4-b8c6-c1af31f4a539
2019-09-19 14:40:37,717 [ForkJoinPool.commonPool-worker-1] INFO  impl.RoleInfo (RoleInfo.java:shutdownLeaderState(104)) - c157b6a0-3602-4e04-89f3-2eaad4ae05f6: shutdown LeaderState
2019-09-19 14:40:37,718 [main] INFO  impl.RoleInfo (RoleInfo.java:shutdownLeaderState(104)) - a1dec692-f01d-4dc4-b8c6-c1af31f4a539: shutdown LeaderState
2019-09-19 14:40:37,718 [ForkJoinPool.commonPool-worker-1] INFO  impl.PendingRequests (PendingRequests.java:sendNotLeaderResponses(202)) - c157b6a0-3602-4e04-89f3-2eaad4ae05f6-PendingRequests: sendNotLeaderResponses
2019-09-19 14:40:37,718 [main] INFO  impl.PendingRequests (PendingRequests.java:sendNotLeaderResponses(202)) - a1dec692-f01d-4dc4-b8c6-c1af31f4a539-PendingRequests: sendNotLeaderResponses
2019-09-19 14:40:37,719 [ForkJoinPool.commonPool-worker-1] INFO  impl.StateMachineUpdater (StateMachineUpdater.java:stopAndJoin(115)) - StateMachineUpdater:c157b6a0-3602-4e04-89f3-2eaad4ae05f6:group-811704628034: set stopIndex = 0
2019-09-19 14:40:37,719 [main] INFO  impl.StateMachineUpdater (StateMachineUpdater.java:stopAndJoin(115)) - StateMachineUpdater:a1dec692-f01d-4dc4-b8c6-c1af31f4a539:group-017D4710A8E6: set stopIndex = 0
2019-09-19 14:40:37,719 [ForkJoinPool.commonPool-worker-1] INFO  impl.RaftServerImpl (ServerState.java:close(394)) - c157b6a0-3602-4e04-89f3-2eaad4ae05f6:group-811704628034 closes. The last applied log index is 0
2019-09-19 14:40:37,720 [main] INFO  impl.RaftServerImpl (ServerState.java:close(394)) - a1dec692-f01d-4dc4-b8c6-c1af31f4a539:group-017D4710A8E6 closes. The last applied log index is 0
2019-09-19 14:40:37,720 [c157b6a0-3602-4e04-89f3-2eaad4ae05f6-SegmentedRaftLogWorker:Storage Directory /workdir/hadoop-ozone/ozonefs/target/test-dir/MiniOzoneClusterImpl-889e9801-d8cd-4d64-ad06-78e1b934daf6/datanode-1/data/ratis/2fd4ff42-b2d1-4838-bb91-811704628034] INFO  segmented.SegmentedRaftLogWorker (SegmentedRaftLogWorker.java:run(313)) - c157b6a0-3602-4e04-89f3-2eaad4ae05f6-SegmentedRaftLogWorker:Storage Directory /workdir/hadoop-ozone/ozonefs/target/test-dir/MiniOzoneClusterImpl-889e9801-d8cd-4d64-ad06-78e1b934daf6/datanode-1/data/ratis/2fd4ff42-b2d1-4838-bb91-811704628034 was interrupted, exiting. There are 0 tasks remaining in the queue.
2019-09-19 14:40:37,721 [a1dec692-f01d-4dc4-b8c6-c1af31f4a539-SegmentedRaftLogWorker:Storage Directory /workdir/hadoop-ozone/ozonefs/target/test-dir/MiniOzoneClusterImpl-889e9801-d8cd-4d64-ad06-78e1b934daf6/datanode-7/data/ratis/6065fc7c-d550-4532-9154-017d4710a8e6] INFO  segmented.SegmentedRaftLogWorker (SegmentedRaftLogWorker.java:run(313)) - a1dec692-f01d-4dc4-b8c6-c1af31f4a539-SegmentedRaftLogWorker:Storage Directory /workdir/hadoop-ozone/ozonefs/target/test-dir/MiniOzoneClusterImpl-889e9801-d8cd-4d64-ad06-78e1b934daf6/datanode-7/data/ratis/6065fc7c-d550-4532-9154-017d4710a8e6 was interrupted, exiting. There are 0 tasks remaining in the queue.
2019-09-19 14:40:37,721 [ForkJoinPool.commonPool-worker-1] INFO  segmented.SegmentedRaftLogWorker (SegmentedRaftLogWorker.java:close(228)) - c157b6a0-3602-4e04-89f3-2eaad4ae05f6-SegmentedRaftLogWorker:Storage Directory /workdir/hadoop-ozone/ozonefs/target/test-dir/MiniOzoneClusterImpl-889e9801-d8cd-4d64-ad06-78e1b934daf6/datanode-1/data/ratis/2fd4ff42-b2d1-4838-bb91-811704628034 close()
2019-09-19 14:40:37,721 [main] INFO  segmented.SegmentedRaftLogWorker (SegmentedRaftLogWorker.java:close(228)) - a1dec692-f01d-4dc4-b8c6-c1af31f4a539-SegmentedRaftLogWorker:Storage Directory /workdir/hadoop-ozone/ozonefs/target/test-dir/MiniOzoneClusterImpl-889e9801-d8cd-4d64-ad06-78e1b934daf6/datanode-7/data/ratis/6065fc7c-d550-4532-9154-017d4710a8e6 close()
2019-09-19 14:40:37,721 [ForkJoinPool.commonPool-worker-1] INFO  server.GrpcService (GrpcService.java:closeImpl(155)) - c157b6a0-3602-4e04-89f3-2eaad4ae05f6: shutdown server with port 35760 now
2019-09-19 14:40:37,722 [main] INFO  impl.RaftServerImpl (RaftServerImpl.java:lambda$shutdown$3(245)) - a1dec692-f01d-4dc4-b8c6-c1af31f4a539: shutdown group-E59EF42782B2
2019-09-19 14:40:37,723 [ForkJoinPool.commonPool-worker-1] INFO  server.GrpcService (GrpcService.java:closeImpl(163)) - c157b6a0-3602-4e04-89f3-2eaad4ae05f6: shutdown server with port 35760 successfully
2019-09-19 14:40:37,724 [main] INFO  util.JmxRegister (JmxRegister.java:unregister(73)) - Successfully un-registered JMX Bean with object name Ratis:service=RaftServer,group=group-E59EF42782B2,id=a1dec692-f01d-4dc4-b8c6-c1af31f4a539
2019-09-19 14:40:37,725 [main] INFO  impl.RoleInfo (RoleInfo.java:shutdownLeaderState(104)) - a1dec692-f01d-4dc4-b8c6-c1af31f4a539: shutdown LeaderState
2019-09-19 14:40:37,725 [main] INFO  impl.PendingRequests (PendingRequests.java:sendNotLeaderResponses(202)) - a1dec692-f01d-4dc4-b8c6-c1af31f4a539-PendingRequests: sendNotLeaderResponses
2019-09-19 14:40:37,725 [ForkJoinPool.commonPool-worker-1] INFO  utils.BackgroundService (BackgroundService.java:shutdown(148)) - Shutting down service BlockDeletingService
2019-09-19 14:40:37,725 [main] INFO  impl.StateMachineUpdater (StateMachineUpdater.java:stopAndJoin(115)) - StateMachineUpdater:a1dec692-f01d-4dc4-b8c6-c1af31f4a539:group-E59EF42782B2: set stopIndex = 0
2019-09-19 14:40:37,726 [main] INFO  impl.RaftServerImpl (ServerState.java:close(394)) - a1dec692-f01d-4dc4-b8c6-c1af31f4a539:group-E59EF42782B2 closes. The last applied log index is 0
2019-09-19 14:40:37,726 [a1dec692-f01d-4dc4-b8c6-c1af31f4a539-SegmentedRaftLogWorker:Storage Directory /workdir/hadoop-ozone/ozonefs/target/test-dir/MiniOzoneClusterImpl-889e9801-d8cd-4d64-ad06-78e1b934daf6/datanode-7/data/ratis/064e5e2f-523b-4f83-a693-e59ef42782b2] INFO  segmented.SegmentedRaftLogWorker (SegmentedRaftLogWorker.java:run(313)) - a1dec692-f01d-4dc4-b8c6-c1af31f4a539-SegmentedRaftLogWorker:Storage Directory /workdir/hadoop-ozone/ozonefs/target/test-dir/MiniOzoneClusterImpl-889e9801-d8cd-4d64-ad06-78e1b934daf6/datanode-7/data/ratis/064e5e2f-523b-4f83-a693-e59ef42782b2 was interrupted, exiting. There are 0 tasks remaining in the queue.
2019-09-19 14:40:37,727 [main] INFO  segmented.SegmentedRaftLogWorker (SegmentedRaftLogWorker.java:close(228)) - a1dec692-f01d-4dc4-b8c6-c1af31f4a539-SegmentedRaftLogWorker:Storage Directory /workdir/hadoop-ozone/ozonefs/target/test-dir/MiniOzoneClusterImpl-889e9801-d8cd-4d64-ad06-78e1b934daf6/datanode-7/data/ratis/064e5e2f-523b-4f83-a693-e59ef42782b2 close()
2019-09-19 14:40:37,727 [refreshUsed-/workdir/hadoop-ozone/ozonefs/target/test-dir/MiniOzoneClusterImpl-889e9801-d8cd-4d64-ad06-78e1b934daf6/datanode-1/data/containers] WARN  fs.CachingGetSpaceUsed (CachingGetSpaceUsed.java:run(183)) - Thread Interrupted waiting to refresh disk information: sleep interrupted
2019-09-19 14:40:37,727 [main] INFO  impl.RaftServerImpl (RaftServerImpl.java:lambda$shutdown$3(245)) - a1dec692-f01d-4dc4-b8c6-c1af31f4a539: shutdown group-6A7ABF3EE4B9
2019-09-19 14:40:37,728 [main] INFO  util.JmxRegister (JmxRegister.java:unregister(73)) - Successfully un-registered JMX Bean with object name Ratis:service=RaftServer,group=group-6A7ABF3EE4B9,id=a1dec692-f01d-4dc4-b8c6-c1af31f4a539
2019-09-19 14:40:37,728 [main] INFO  impl.RoleInfo (RoleInfo.java:shutdownLeaderState(104)) - a1dec692-f01d-4dc4-b8c6-c1af31f4a539: shutdown LeaderState
2019-09-19 14:40:37,728 [main] INFO  impl.PendingRequests (PendingRequests.java:sendNotLeaderResponses(202)) - a1dec692-f01d-4dc4-b8c6-c1af31f4a539-PendingRequests: sendNotLeaderResponses
2019-09-19 14:40:37,729 [main] INFO  impl.StateMachineUpdater (StateMachineUpdater.java:stopAndJoin(115)) - StateMachineUpdater:a1dec692-f01d-4dc4-b8c6-c1af31f4a539:group-6A7ABF3EE4B9: set stopIndex = 0
2019-09-19 14:40:37,729 [main] INFO  impl.RaftServerImpl (ServerState.java:close(394)) - a1dec692-f01d-4dc4-b8c6-c1af31f4a539:group-6A7ABF3EE4B9 closes. The last applied log index is 0
2019-09-19 14:40:37,730 [a1dec692-f01d-4dc4-b8c6-c1af31f4a539-SegmentedRaftLogWorker:Storage Directory /workdir/hadoop-ozone/ozonefs/target/test-dir/MiniOzoneClusterImpl-889e9801-d8cd-4d64-ad06-78e1b934daf6/datanode-7/data/ratis/9ad7aa6a-a5f7-4596-8032-6a7abf3ee4b9] INFO  segmented.SegmentedRaftLogWorker (SegmentedRaftLogWorker.java:run(313)) - a1dec692-f01d-4dc4-b8c6-c1af31f4a539-SegmentedRaftLogWorker:Storage Directory /workdir/hadoop-ozone/ozonefs/target/test-dir/MiniOzoneClusterImpl-889e9801-d8cd-4d64-ad06-78e1b934daf6/datanode-7/data/ratis/9ad7aa6a-a5f7-4596-8032-6a7abf3ee4b9 was interrupted, exiting. There are 0 tasks remaining in the queue.
2019-09-19 14:40:37,730 [main] INFO  segmented.SegmentedRaftLogWorker (SegmentedRaftLogWorker.java:close(228)) - a1dec692-f01d-4dc4-b8c6-c1af31f4a539-SegmentedRaftLogWorker:Storage Directory /workdir/hadoop-ozone/ozonefs/target/test-dir/MiniOzoneClusterImpl-889e9801-d8cd-4d64-ad06-78e1b934daf6/datanode-7/data/ratis/9ad7aa6a-a5f7-4596-8032-6a7abf3ee4b9 close()
2019-09-19 14:40:37,730 [main] INFO  impl.RaftServerImpl (RaftServerImpl.java:lambda$shutdown$3(245)) - a1dec692-f01d-4dc4-b8c6-c1af31f4a539: shutdown group-39B56B7DC724
2019-09-19 14:40:37,731 [main] INFO  util.JmxRegister (JmxRegister.java:unregister(73)) - Successfully un-registered JMX Bean with object name Ratis:service=RaftServer,group=group-39B56B7DC724,id=a1dec692-f01d-4dc4-b8c6-c1af31f4a539
2019-09-19 14:40:37,731 [main] INFO  impl.RoleInfo (RoleInfo.java:shutdownLeaderState(104)) - a1dec692-f01d-4dc4-b8c6-c1af31f4a539: shutdown LeaderState
2019-09-19 14:40:37,732 [main] INFO  impl.PendingRequests (PendingRequests.java:sendNotLeaderResponses(202)) - a1dec692-f01d-4dc4-b8c6-c1af31f4a539-PendingRequests: sendNotLeaderResponses
2019-09-19 14:40:37,732 [main] INFO  impl.StateMachineUpdater (StateMachineUpdater.java:stopAndJoin(115)) - StateMachineUpdater:a1dec692-f01d-4dc4-b8c6-c1af31f4a539:group-39B56B7DC724: set stopIndex = 0
2019-09-19 14:40:37,732 [main] INFO  impl.RaftServerImpl (ServerState.java:close(394)) - a1dec692-f01d-4dc4-b8c6-c1af31f4a539:group-39B56B7DC724 closes. The last applied log index is 0
2019-09-19 14:40:37,733 [a1dec692-f01d-4dc4-b8c6-c1af31f4a539-SegmentedRaftLogWorker:Storage Directory /workdir/hadoop-ozone/ozonefs/target/test-dir/MiniOzoneClusterImpl-889e9801-d8cd-4d64-ad06-78e1b934daf6/datanode-7/data/ratis/f981db00-2e81-4179-befd-39b56b7dc724] INFO  segmented.SegmentedRaftLogWorker (SegmentedRaftLogWorker.java:run(313)) - a1dec692-f01d-4dc4-b8c6-c1af31f4a539-SegmentedRaftLogWorker:Storage Directory /workdir/hadoop-ozone/ozonefs/target/test-dir/MiniOzoneClusterImpl-889e9801-d8cd-4d64-ad06-78e1b934daf6/datanode-7/data/ratis/f981db00-2e81-4179-befd-39b56b7dc724 was interrupted, exiting. There are 0 tasks remaining in the queue.
2019-09-19 14:40:37,733 [main] INFO  segmented.SegmentedRaftLogWorker (SegmentedRaftLogWorker.java:close(228)) - a1dec692-f01d-4dc4-b8c6-c1af31f4a539-SegmentedRaftLogWorker:Storage Directory /workdir/hadoop-ozone/ozonefs/target/test-dir/MiniOzoneClusterImpl-889e9801-d8cd-4d64-ad06-78e1b934daf6/datanode-7/data/ratis/f981db00-2e81-4179-befd-39b56b7dc724 close()
2019-09-19 14:40:37,733 [main] INFO  impl.RaftServerImpl (RaftServerImpl.java:lambda$shutdown$3(245)) - a1dec692-f01d-4dc4-b8c6-c1af31f4a539: shutdown group-CB7ADE55A14D
2019-09-19 14:40:37,734 [main] INFO  util.JmxRegister (JmxRegister.java:unregister(73)) - Successfully un-registered JMX Bean with object name Ratis:service=RaftServer,group=group-CB7ADE55A14D,id=a1dec692-f01d-4dc4-b8c6-c1af31f4a539
2019-09-19 14:40:37,734 [main] INFO  impl.RoleInfo (RoleInfo.java:shutdownLeaderState(104)) - a1dec692-f01d-4dc4-b8c6-c1af31f4a539: shutdown LeaderState
2019-09-19 14:40:37,735 [main] INFO  impl.PendingRequests (PendingRequests.java:sendNotLeaderResponses(202)) - a1dec692-f01d-4dc4-b8c6-c1af31f4a539-PendingRequests: sendNotLeaderResponses
2019-09-19 14:40:37,735 [main] INFO  impl.StateMachineUpdater (StateMachineUpdater.java:stopAndJoin(115)) - StateMachineUpdater:a1dec692-f01d-4dc4-b8c6-c1af31f4a539:group-CB7ADE55A14D: set stopIndex = 0
2019-09-19 14:40:37,735 [main] INFO  impl.RaftServerImpl (ServerState.java:close(394)) - a1dec692-f01d-4dc4-b8c6-c1af31f4a539:group-CB7ADE55A14D closes. The last applied log index is 0
2019-09-19 14:40:37,736 [a1dec692-f01d-4dc4-b8c6-c1af31f4a539-SegmentedRaftLogWorker:Storage Directory /workdir/hadoop-ozone/ozonefs/target/test-dir/MiniOzoneClusterImpl-889e9801-d8cd-4d64-ad06-78e1b934daf6/datanode-7/data/ratis/588b253f-0008-4900-97e7-cb7ade55a14d] INFO  segmented.SegmentedRaftLogWorker (SegmentedRaftLogWorker.java:run(313)) - a1dec692-f01d-4dc4-b8c6-c1af31f4a539-SegmentedRaftLogWorker:Storage Directory /workdir/hadoop-ozone/ozonefs/target/test-dir/MiniOzoneClusterImpl-889e9801-d8cd-4d64-ad06-78e1b934daf6/datanode-7/data/ratis/588b253f-0008-4900-97e7-cb7ade55a14d was interrupted, exiting. There are 0 tasks remaining in the queue.
2019-09-19 14:40:37,736 [main] INFO  segmented.SegmentedRaftLogWorker (SegmentedRaftLogWorker.java:close(228)) - a1dec692-f01d-4dc4-b8c6-c1af31f4a539-SegmentedRaftLogWorker:Storage Directory /workdir/hadoop-ozone/ozonefs/target/test-dir/MiniOzoneClusterImpl-889e9801-d8cd-4d64-ad06-78e1b934daf6/datanode-7/data/ratis/588b253f-0008-4900-97e7-cb7ade55a14d close()
2019-09-19 14:40:37,736 [main] INFO  impl.RaftServerImpl (RaftServerImpl.java:lambda$shutdown$3(245)) - a1dec692-f01d-4dc4-b8c6-c1af31f4a539: shutdown group-94AEEAAB19DD
2019-09-19 14:40:37,737 [main] INFO  util.JmxRegister (JmxRegister.java:unregister(73)) - Successfully un-registered JMX Bean with object name Ratis:service=RaftServer,group=group-94AEEAAB19DD,id=a1dec692-f01d-4dc4-b8c6-c1af31f4a539
2019-09-19 14:40:37,737 [main] INFO  impl.RoleInfo (RoleInfo.java:shutdownLeaderState(104)) - a1dec692-f01d-4dc4-b8c6-c1af31f4a539: shutdown LeaderState
2019-09-19 14:40:37,737 [main] INFO  impl.PendingRequests (PendingRequests.java:sendNotLeaderResponses(202)) - a1dec692-f01d-4dc4-b8c6-c1af31f4a539-PendingRequests: sendNotLeaderResponses
2019-09-19 14:40:37,738 [main] INFO  impl.StateMachineUpdater (StateMachineUpdater.java:stopAndJoin(115)) - StateMachineUpdater:a1dec692-f01d-4dc4-b8c6-c1af31f4a539:group-94AEEAAB19DD: set stopIndex = 0
2019-09-19 14:40:37,738 [main] INFO  impl.RaftServerImpl (ServerState.java:close(394)) - a1dec692-f01d-4dc4-b8c6-c1af31f4a539:group-94AEEAAB19DD closes. The last applied log index is 0
2019-09-19 14:40:37,739 [a1dec692-f01d-4dc4-b8c6-c1af31f4a539-SegmentedRaftLogWorker:Storage Directory /workdir/hadoop-ozone/ozonefs/target/test-dir/MiniOzoneClusterImpl-889e9801-d8cd-4d64-ad06-78e1b934daf6/datanode-7/data/ratis/c1767c15-31cf-401e-adf0-94aeeaab19dd] INFO  segmented.SegmentedRaftLogWorker (SegmentedRaftLogWorker.java:run(313)) - a1dec692-f01d-4dc4-b8c6-c1af31f4a539-SegmentedRaftLogWorker:Storage Directory /workdir/hadoop-ozone/ozonefs/target/test-dir/MiniOzoneClusterImpl-889e9801-d8cd-4d64-ad06-78e1b934daf6/datanode-7/data/ratis/c1767c15-31cf-401e-adf0-94aeeaab19dd was interrupted, exiting. There are 0 tasks remaining in the queue.
2019-09-19 14:40:37,739 [main] INFO  segmented.SegmentedRaftLogWorker (SegmentedRaftLogWorker.java:close(228)) - a1dec692-f01d-4dc4-b8c6-c1af31f4a539-SegmentedRaftLogWorker:Storage Directory /workdir/hadoop-ozone/ozonefs/target/test-dir/MiniOzoneClusterImpl-889e9801-d8cd-4d64-ad06-78e1b934daf6/datanode-7/data/ratis/c1767c15-31cf-401e-adf0-94aeeaab19dd close()
2019-09-19 14:40:37,739 [main] INFO  server.GrpcService (GrpcService.java:closeImpl(155)) - a1dec692-f01d-4dc4-b8c6-c1af31f4a539: shutdown server with port 43958 now
2019-09-19 14:40:37,741 [main] INFO  server.GrpcService (GrpcService.java:closeImpl(163)) - a1dec692-f01d-4dc4-b8c6-c1af31f4a539: shutdown server with port 43958 successfully
2019-09-19 14:40:37,745 [main] INFO  utils.BackgroundService (BackgroundService.java:shutdown(148)) - Shutting down service BlockDeletingService
2019-09-19 14:40:37,748 [refreshUsed-/workdir/hadoop-ozone/ozonefs/target/test-dir/MiniOzoneClusterImpl-889e9801-d8cd-4d64-ad06-78e1b934daf6/datanode-7/data/containers] WARN  fs.CachingGetSpaceUsed (CachingGetSpaceUsed.java:run(183)) - Thread Interrupted waiting to refresh disk information: sleep interrupted
2019-09-19 14:40:37,757 [ForkJoinPool.commonPool-worker-1] INFO  statemachine.DatanodeStateMachine (DatanodeStateMachine.java:stopDaemon(395)) - Ozone container server stopped.
2019-09-19 14:40:37,760 [ForkJoinPool.commonPool-worker-1] INFO  handler.ContextHandler (ContextHandler.java:doStop(910)) - Stopped o.e.j.w.WebAppContext@616a06e3{/,null,UNAVAILABLE}{/hddsDatanode}
2019-09-19 14:40:37,761 [ForkJoinPool.commonPool-worker-1] INFO  server.AbstractConnector (AbstractConnector.java:doStop(318)) - Stopped ServerConnector@42297bdf{HTTP/1.1,[http/1.1]}{0.0.0.0:0}
2019-09-19 14:40:37,762 [ForkJoinPool.commonPool-worker-1] INFO  handler.ContextHandler (ContextHandler.java:doStop(910)) - Stopped o.e.j.s.ServletContextHandler@457a5b2d{/static,jar:file:/home/user/.m2/repository/org/apache/hadoop/hadoop-hdds-container-service/0.5.0-SNAPSHOT/hadoop-hdds-container-service-0.5.0-SNAPSHOT.jar!/webapps/static,UNAVAILABLE}
2019-09-19 14:40:37,763 [ForkJoinPool.commonPool-worker-1] INFO  handler.ContextHandler (ContextHandler.java:doStop(910)) - Stopped o.e.j.s.ServletContextHandler@650aa077{/logs,file:///workdir/hadoop-ozone/ozonefs/target/log,UNAVAILABLE}
2019-09-19 14:40:37,784 [main] INFO  statemachine.DatanodeStateMachine (DatanodeStateMachine.java:stopDaemon(395)) - Ozone container server stopped.
2019-09-19 14:40:37,786 [main] INFO  handler.ContextHandler (ContextHandler.java:doStop(910)) - Stopped o.e.j.w.WebAppContext@45571cfc{/,null,UNAVAILABLE}{/hddsDatanode}
2019-09-19 14:40:37,787 [main] INFO  server.AbstractConnector (AbstractConnector.java:doStop(318)) - Stopped ServerConnector@faec277{HTTP/1.1,[http/1.1]}{0.0.0.0:0}
2019-09-19 14:40:37,787 [main] INFO  handler.ContextHandler (ContextHandler.java:doStop(910)) - Stopped o.e.j.s.ServletContextHandler@6f0a4e30{/static,jar:file:/home/user/.m2/repository/org/apache/hadoop/hadoop-hdds-container-service/0.5.0-SNAPSHOT/hadoop-hdds-container-service-0.5.0-SNAPSHOT.jar!/webapps/static,UNAVAILABLE}
2019-09-19 14:40:37,788 [main] INFO  handler.ContextHandler (ContextHandler.java:doStop(910)) - Stopped o.e.j.s.ServletContextHandler@e972ee1{/logs,file:///workdir/hadoop-ozone/ozonefs/target/log,UNAVAILABLE}
2019-09-19 14:40:37,789 [main] INFO  ozone.MiniOzoneClusterImpl (MiniOzoneClusterImpl.java:stop(353)) - Stopping the StorageContainerManager
2019-09-19 14:40:37,789 [main] INFO  server.StorageContainerManager (StorageContainerManager.java:stop(797)) - Stopping Replication Manager Service.
2019-09-19 14:40:37,789 [main] INFO  container.ReplicationManager (ReplicationManager.java:stop(192)) - Stopping Replication Monitor Thread.
2019-09-19 14:40:37,790 [main] INFO  server.StorageContainerManager (StorageContainerManager.java:stop(804)) - Stopping Lease Manager of the command watchers
2019-09-19 14:40:37,790 [main] INFO  server.StorageContainerManager (StorageContainerManager.java:stop(811)) - Stopping datanode service RPC server
2019-09-19 14:40:37,790 [main] INFO  server.SCMDatanodeProtocolServer (SCMDatanodeProtocolServer.java:stop(367)) - Stopping the RPC server for DataNodes
2019-09-19 14:40:37,791 [main] INFO  ipc.Server (Server.java:stop(3082)) - Stopping server on 40220
2019-09-19 14:40:37,793 [IPC Server listener on 40220] INFO  ipc.Server (Server.java:run(1185)) - Stopping IPC Server listener on 40220
2019-09-19 14:40:37,794 [IPC Server Responder] INFO  ipc.Server (Server.java:run(1319)) - Stopping IPC Server Responder
2019-09-19 14:40:37,869 [SCM Heartbeat Processing Thread - 0] WARN  node.NodeStateManager (NodeStateManager.java:scheduleNextHealthCheck(655)) - Current Thread is interrupted, shutting down HB processing thread for Node Manager.
2019-09-19 14:40:37,869 [main] INFO  server.StorageContainerManager (StorageContainerManager.java:stop(819)) - Stopping block service RPC server
2019-09-19 14:40:37,869 [main] INFO  server.SCMBlockProtocolServer (SCMBlockProtocolServer.java:stop(148)) - Stopping the RPC server for Block Protocol
2019-09-19 14:40:37,869 [main] INFO  ipc.Server (Server.java:stop(3082)) - Stopping server on 42904
2019-09-19 14:40:37,870 [IPC Server listener on 42904] INFO  ipc.Server (Server.java:run(1185)) - Stopping IPC Server listener on 42904
2019-09-19 14:40:37,870 [main] INFO  server.StorageContainerManager (StorageContainerManager.java:stop(826)) - Stopping the StorageContainerLocationProtocol RPC server
2019-09-19 14:40:37,871 [main] INFO  server.SCMClientProtocolServer (SCMClientProtocolServer.java:stop(159)) - Stopping the RPC server for Client Protocol
2019-09-19 14:40:37,871 [main] INFO  ipc.Server (Server.java:stop(3082)) - Stopping server on 45104
2019-09-19 14:40:37,872 [IPC Server Responder] INFO  ipc.Server (Server.java:run(1319)) - Stopping IPC Server Responder
2019-09-19 14:40:37,873 [main] INFO  server.StorageContainerManager (StorageContainerManager.java:stop(833)) - Stopping Storage Container Manager HTTP server.
2019-09-19 14:40:37,874 [IPC Server listener on 45104] INFO  ipc.Server (Server.java:run(1185)) - Stopping IPC Server listener on 45104
2019-09-19 14:40:37,874 [IPC Server Responder] INFO  ipc.Server (Server.java:run(1319)) - Stopping IPC Server Responder
2019-09-19 14:40:37,875 [main] INFO  handler.ContextHandler (ContextHandler.java:doStop(910)) - Stopped o.e.j.w.WebAppContext@433ffad1{/,null,UNAVAILABLE}{/scm}
2019-09-19 14:40:37,876 [main] INFO  server.AbstractConnector (AbstractConnector.java:doStop(318)) - Stopped ServerConnector@46cf05f7{HTTP/1.1,[http/1.1]}{0.0.0.0:0}
2019-09-19 14:40:37,876 [main] INFO  handler.ContextHandler (ContextHandler.java:doStop(910)) - Stopped o.e.j.s.ServletContextHandler@25b2cfcb{/static,jar:file:/home/user/.m2/repository/org/apache/hadoop/hadoop-hdds-server-scm/0.5.0-SNAPSHOT/hadoop-hdds-server-scm-0.5.0-SNAPSHOT.jar!/webapps/static,UNAVAILABLE}
2019-09-19 14:40:37,877 [main] INFO  handler.ContextHandler (ContextHandler.java:doStop(910)) - Stopped o.e.j.s.ServletContextHandler@6aecbb8d{/logs,file:///workdir/hadoop-ozone/ozonefs/target/log,UNAVAILABLE}
2019-09-19 14:40:37,878 [main] INFO  server.StorageContainerManager (StorageContainerManager.java:stop(844)) - Stopping Block Manager Service.
2019-09-19 14:40:37,878 [main] INFO  utils.BackgroundService (BackgroundService.java:shutdown(148)) - Shutting down service SCMBlockDeletingService
2019-09-19 14:40:37,879 [main] INFO  utils.BackgroundService (BackgroundService.java:shutdown(148)) - Shutting down service SCMBlockDeletingService
2019-09-19 14:40:37,880 [main] INFO  server.StorageContainerManager (StorageContainerManager.java:stop(866)) - Stopping SCM Event Queue.
2019-09-19 14:40:37,886 [main] INFO  impl.MetricsSystemImpl (MetricsSystemImpl.java:stop(210)) - Stopping HddsDatanode metrics system...
2019-09-19 14:40:37,895 [main] INFO  impl.MetricsSystemImpl (MetricsSystemImpl.java:stop(216)) - HddsDatanode metrics system stopped.
]]></system-out>
    <system-err><![CDATA[Sep 19, 2019 2:39:54 PM com.sun.jersey.server.impl.application.WebApplicationImpl _initiate
INFO: Initiating Jersey application, version 'Jersey: 1.19 02/11/2015 03:25 AM'
Sep 19, 2019 2:39:55 PM com.sun.jersey.server.impl.application.WebApplicationImpl _initiate
INFO: Initiating Jersey application, version 'Jersey: 1.19 02/11/2015 03:25 AM'
Sep 19, 2019 2:39:55 PM com.sun.jersey.server.impl.application.WebApplicationImpl _initiate
INFO: Initiating Jersey application, version 'Jersey: 1.19 02/11/2015 03:25 AM'
Sep 19, 2019 2:39:55 PM com.sun.jersey.server.impl.application.WebApplicationImpl _initiate
INFO: Initiating Jersey application, version 'Jersey: 1.19 02/11/2015 03:25 AM'
Sep 19, 2019 2:39:56 PM com.sun.jersey.server.impl.application.WebApplicationImpl _initiate
INFO: Initiating Jersey application, version 'Jersey: 1.19 02/11/2015 03:25 AM'
Sep 19, 2019 2:39:56 PM com.sun.jersey.server.impl.application.WebApplicationImpl _initiate
INFO: Initiating Jersey application, version 'Jersey: 1.19 02/11/2015 03:25 AM'
Sep 19, 2019 2:39:56 PM com.sun.jersey.server.impl.application.WebApplicationImpl _initiate
INFO: Initiating Jersey application, version 'Jersey: 1.19 02/11/2015 03:25 AM'
Sep 19, 2019 2:39:57 PM com.sun.jersey.server.impl.application.WebApplicationImpl _initiate
INFO: Initiating Jersey application, version 'Jersey: 1.19 02/11/2015 03:25 AM'
Sep 19, 2019 2:39:57 PM com.sun.jersey.server.impl.application.WebApplicationImpl _initiate
INFO: Initiating Jersey application, version 'Jersey: 1.19 02/11/2015 03:25 AM'
Sep 19, 2019 2:39:57 PM com.sun.jersey.server.impl.application.WebApplicationImpl _initiate
INFO: Initiating Jersey application, version 'Jersey: 1.19 02/11/2015 03:25 AM'
Sep 19, 2019 2:40:02 PM com.sun.jersey.server.impl.application.WebApplicationImpl _initiate
INFO: Initiating Jersey application, version 'Jersey: 1.19 02/11/2015 03:25 AM'
]]></system-err>
  </testcase>
</testsuite>