<?xml version="1.0" encoding="UTF-8"?>
<testsuite xmlns:xsi="http://www.w3.org/2001/XMLSchema-instance" xsi:noNamespaceSchemaLocation="https://maven.apache.org/surefire/maven-surefire-plugin/xsd/surefire-test-report.xsd" name="org.apache.hadoop.fs.ozone.TestOzoneFileSystem" time="137.301" tests="7" errors="4" skipped="0" failures="0">
  <properties>
    <property name="awt.toolkit" value="sun.awt.X11.XToolkit"/>
    <property name="file.encoding.pkg" value="sun.io"/>
    <property name="java.specification.version" value="1.8"/>
    <property name="sun.cpu.isalist" value=""/>
    <property name="sun.jnu.encoding" value="UTF-8"/>
    <property name="java.class.path" value="/workdir/hadoop-ozone/ozonefs/target/test-classes:/workdir/hadoop-ozone/ozonefs/target/classes:/home/user/.m2/repository/org/apache/hadoop/hadoop-common/3.2.0/hadoop-common-3.2.0.jar:/home/user/.m2/repository/org/apache/hadoop/hadoop-annotations/3.2.0/hadoop-annotations-3.2.0.jar:/usr/lib/jvm/java-1.8-openjdk/jre/../lib/tools.jar:/home/user/.m2/repository/com/google/guava/guava/11.0.2/guava-11.0.2.jar:/home/user/.m2/repository/commons-cli/commons-cli/1.2/commons-cli-1.2.jar:/home/user/.m2/repository/org/apache/commons/commons-math3/3.1.1/commons-math3-3.1.1.jar:/home/user/.m2/repository/org/apache/httpcomponents/httpclient/4.5.2/httpclient-4.5.2.jar:/home/user/.m2/repository/org/apache/httpcomponents/httpcore/4.4.4/httpcore-4.4.4.jar:/home/user/.m2/repository/commons-codec/commons-codec/1.11/commons-codec-1.11.jar:/home/user/.m2/repository/commons-io/commons-io/2.5/commons-io-2.5.jar:/home/user/.m2/repository/commons-net/commons-net/3.6/commons-net-3.6.jar:/home/user/.m2/repository/commons-collections/commons-collections/3.2.2/commons-collections-3.2.2.jar:/home/user/.m2/repository/javax/servlet/javax.servlet-api/3.1.0/javax.servlet-api-3.1.0.jar:/home/user/.m2/repository/org/eclipse/jetty/jetty-server/9.3.24.v20180605/jetty-server-9.3.24.v20180605.jar:/home/user/.m2/repository/org/eclipse/jetty/jetty-http/9.3.24.v20180605/jetty-http-9.3.24.v20180605.jar:/home/user/.m2/repository/org/eclipse/jetty/jetty-io/9.3.24.v20180605/jetty-io-9.3.24.v20180605.jar:/home/user/.m2/repository/org/eclipse/jetty/jetty-util/9.3.24.v20180605/jetty-util-9.3.24.v20180605.jar:/home/user/.m2/repository/org/eclipse/jetty/jetty-servlet/9.3.24.v20180605/jetty-servlet-9.3.24.v20180605.jar:/home/user/.m2/repository/org/eclipse/jetty/jetty-security/9.3.24.v20180605/jetty-security-9.3.24.v20180605.jar:/home/user/.m2/repository/org/eclipse/jetty/jetty-webapp/9.3.24.v20180605/jetty-webapp-9.3.24.v20180605.jar:/home/user/.m2/repository/org/eclipse/jetty/jetty-xml/9.3.24.v20180605/jetty-xml-9.3.24.v20180605.jar:/home/user/.m2/repository/javax/servlet/jsp/jsp-api/2.1/jsp-api-2.1.jar:/home/user/.m2/repository/com/sun/jersey/jersey-core/1.19/jersey-core-1.19.jar:/home/user/.m2/repository/javax/ws/rs/jsr311-api/1.1.1/jsr311-api-1.1.1.jar:/home/user/.m2/repository/com/sun/jersey/jersey-servlet/1.19/jersey-servlet-1.19.jar:/home/user/.m2/repository/com/sun/jersey/jersey-json/1.19/jersey-json-1.19.jar:/home/user/.m2/repository/org/codehaus/jettison/jettison/1.1/jettison-1.1.jar:/home/user/.m2/repository/com/sun/xml/bind/jaxb-impl/2.3.0.1/jaxb-impl-2.3.0.1.jar:/home/user/.m2/repository/org/codehaus/jackson/jackson-core-asl/1.9.13/jackson-core-asl-1.9.13.jar:/home/user/.m2/repository/org/codehaus/jackson/jackson-mapper-asl/1.9.13/jackson-mapper-asl-1.9.13.jar:/home/user/.m2/repository/org/codehaus/jackson/jackson-jaxrs/1.9.13/jackson-jaxrs-1.9.13.jar:/home/user/.m2/repository/org/codehaus/jackson/jackson-xc/1.9.13/jackson-xc-1.9.13.jar:/home/user/.m2/repository/com/sun/jersey/jersey-server/1.19/jersey-server-1.19.jar:/home/user/.m2/repository/commons-logging/commons-logging/1.1.3/commons-logging-1.1.3.jar:/home/user/.m2/repository/log4j/log4j/1.2.17/log4j-1.2.17.jar:/home/user/.m2/repository/commons-beanutils/commons-beanutils/1.9.3/commons-beanutils-1.9.3.jar:/home/user/.m2/repository/org/apache/commons/commons-configuration2/2.1.1/commons-configuration2-2.1.1.jar:/home/user/.m2/repository/org/apache/commons/commons-lang3/3.7/commons-lang3-3.7.jar:/home/user/.m2/repository/org/apache/commons/commons-text/1.4/commons-text-1.4.jar:/home/user/.m2/repository/org/slf4j/slf4j-api/1.7.25/slf4j-api-1.7.25.jar:/home/user/.m2/repository/org/slf4j/slf4j-log4j12/1.7.25/slf4j-log4j12-1.7.25.jar:/home/user/.m2/repository/org/apache/avro/avro/1.7.7/avro-1.7.7.jar:/home/user/.m2/repository/com/thoughtworks/paranamer/paranamer/2.3/paranamer-2.3.jar:/home/user/.m2/repository/org/xerial/snappy/snappy-java/1.0.5/snappy-java-1.0.5.jar:/home/user/.m2/repository/com/google/re2j/re2j/1.1/re2j-1.1.jar:/home/user/.m2/repository/com/google/protobuf/protobuf-java/2.5.0/protobuf-java-2.5.0.jar:/home/user/.m2/repository/com/google/code/gson/gson/2.2.4/gson-2.2.4.jar:/home/user/.m2/repository/org/apache/hadoop/hadoop-auth/3.2.0/hadoop-auth-3.2.0.jar:/home/user/.m2/repository/com/nimbusds/nimbus-jose-jwt/4.41.1/nimbus-jose-jwt-4.41.1.jar:/home/user/.m2/repository/com/github/stephenc/jcip/jcip-annotations/1.0-1/jcip-annotations-1.0-1.jar:/home/user/.m2/repository/net/minidev/json-smart/2.3/json-smart-2.3.jar:/home/user/.m2/repository/net/minidev/accessors-smart/1.2/accessors-smart-1.2.jar:/home/user/.m2/repository/org/apache/curator/curator-framework/2.12.0/curator-framework-2.12.0.jar:/home/user/.m2/repository/com/jcraft/jsch/0.1.54/jsch-0.1.54.jar:/home/user/.m2/repository/org/apache/curator/curator-client/2.12.0/curator-client-2.12.0.jar:/home/user/.m2/repository/org/apache/curator/curator-recipes/2.12.0/curator-recipes-2.12.0.jar:/home/user/.m2/repository/com/google/code/findbugs/jsr305/3.0.0/jsr305-3.0.0.jar:/home/user/.m2/repository/org/apache/htrace/htrace-core4/4.1.0-incubating/htrace-core4-4.1.0-incubating.jar:/home/user/.m2/repository/org/apache/zookeeper/zookeeper/3.4.13/zookeeper-3.4.13.jar:/home/user/.m2/repository/org/apache/yetus/audience-annotations/0.5.0/audience-annotations-0.5.0.jar:/home/user/.m2/repository/org/apache/commons/commons-compress/1.4.1/commons-compress-1.4.1.jar:/home/user/.m2/repository/org/tukaani/xz/1.0/xz-1.0.jar:/home/user/.m2/repository/org/apache/kerby/kerb-simplekdc/1.0.1/kerb-simplekdc-1.0.1.jar:/home/user/.m2/repository/org/apache/kerby/kerb-client/1.0.1/kerb-client-1.0.1.jar:/home/user/.m2/repository/org/apache/kerby/kerby-config/1.0.1/kerby-config-1.0.1.jar:/home/user/.m2/repository/org/apache/kerby/kerb-core/1.0.1/kerb-core-1.0.1.jar:/home/user/.m2/repository/org/apache/kerby/kerby-pkix/1.0.1/kerby-pkix-1.0.1.jar:/home/user/.m2/repository/org/apache/kerby/kerby-asn1/1.0.1/kerby-asn1-1.0.1.jar:/home/user/.m2/repository/org/apache/kerby/kerby-util/1.0.1/kerby-util-1.0.1.jar:/home/user/.m2/repository/org/apache/kerby/kerb-common/1.0.1/kerb-common-1.0.1.jar:/home/user/.m2/repository/org/apache/kerby/kerb-crypto/1.0.1/kerb-crypto-1.0.1.jar:/home/user/.m2/repository/org/apache/kerby/kerb-util/1.0.1/kerb-util-1.0.1.jar:/home/user/.m2/repository/org/apache/kerby/token-provider/1.0.1/token-provider-1.0.1.jar:/home/user/.m2/repository/org/apache/kerby/kerb-admin/1.0.1/kerb-admin-1.0.1.jar:/home/user/.m2/repository/org/apache/kerby/kerb-server/1.0.1/kerb-server-1.0.1.jar:/home/user/.m2/repository/org/apache/kerby/kerb-identity/1.0.1/kerb-identity-1.0.1.jar:/home/user/.m2/repository/org/apache/kerby/kerby-xdr/1.0.1/kerby-xdr-1.0.1.jar:/home/user/.m2/repository/com/fasterxml/jackson/core/jackson-databind/2.9.5/jackson-databind-2.9.5.jar:/home/user/.m2/repository/com/fasterxml/jackson/core/jackson-annotations/2.9.5/jackson-annotations-2.9.5.jar:/home/user/.m2/repository/com/fasterxml/jackson/core/jackson-core/2.9.5/jackson-core-2.9.5.jar:/home/user/.m2/repository/org/codehaus/woodstox/stax2-api/3.1.4/stax2-api-3.1.4.jar:/home/user/.m2/repository/com/fasterxml/woodstox/woodstox-core/5.0.3/woodstox-core-5.0.3.jar:/home/user/.m2/repository/dnsjava/dnsjava/2.1.7/dnsjava-2.1.7.jar:/home/user/.m2/repository/org/apache/hadoop/hadoop-hdfs/3.2.0/hadoop-hdfs-3.2.0.jar:/home/user/.m2/repository/org/eclipse/jetty/jetty-util-ajax/9.3.24.v20180605/jetty-util-ajax-9.3.24.v20180605.jar:/home/user/.m2/repository/commons-daemon/commons-daemon/1.0.13/commons-daemon-1.0.13.jar:/home/user/.m2/repository/io/netty/netty/3.10.5.Final/netty-3.10.5.Final.jar:/home/user/.m2/repository/io/netty/netty-all/4.0.52.Final/netty-all-4.0.52.Final.jar:/home/user/.m2/repository/org/fusesource/leveldbjni/leveldbjni-all/1.8/leveldbjni-all-1.8.jar:/home/user/.m2/repository/org/apache/hadoop/hadoop-hdds-common/0.5.0-SNAPSHOT/hadoop-hdds-common-0.5.0-SNAPSHOT.jar:/home/user/.m2/repository/org/apache/hadoop/hadoop-hdds-config/0.5.0-SNAPSHOT/hadoop-hdds-config-0.5.0-SNAPSHOT.jar:/home/user/.m2/repository/javax/annotation/javax.annotation-api/1.2/javax.annotation-api-1.2.jar:/home/user/.m2/repository/org/apache/ratis/ratis-server/0.4.0-2337318-SNAPSHOT/ratis-server-0.4.0-2337318-SNAPSHOT.jar:/home/user/.m2/repository/org/apache/ratis/ratis-thirdparty-misc/0.2.0/ratis-thirdparty-misc-0.2.0.jar:/home/user/.m2/repository/org/apache/ratis/ratis-proto/0.4.0-2337318-SNAPSHOT/ratis-proto-0.4.0-2337318-SNAPSHOT.jar:/home/user/.m2/repository/org/apache/ratis/ratis-common/0.4.0-2337318-SNAPSHOT/ratis-common-0.4.0-2337318-SNAPSHOT.jar:/home/user/.m2/repository/org/apache/ratis/ratis-client/0.4.0-2337318-SNAPSHOT/ratis-client-0.4.0-2337318-SNAPSHOT.jar:/home/user/.m2/repository/org/apache/ratis/ratis-metrics/0.4.0-2337318-SNAPSHOT/ratis-metrics-0.4.0-2337318-SNAPSHOT.jar:/home/user/.m2/repository/org/apache/ratis/ratis-netty/0.4.0-2337318-SNAPSHOT/ratis-netty-0.4.0-2337318-SNAPSHOT.jar:/home/user/.m2/repository/org/apache/ratis/ratis-grpc/0.4.0-2337318-SNAPSHOT/ratis-grpc-0.4.0-2337318-SNAPSHOT.jar:/home/user/.m2/repository/org/rocksdb/rocksdbjni/6.0.1/rocksdbjni-6.0.1.jar:/home/user/.m2/repository/org/apache/logging/log4j/log4j-api/2.11.0/log4j-api-2.11.0.jar:/home/user/.m2/repository/org/apache/logging/log4j/log4j-core/2.11.0/log4j-core-2.11.0.jar:/home/user/.m2/repository/com/lmax/disruptor/3.4.2/disruptor-3.4.2.jar:/home/user/.m2/repository/org/apache/commons/commons-pool2/2.6.0/commons-pool2-2.6.0.jar:/home/user/.m2/repository/org/bouncycastle/bcpkix-jdk15on/1.60/bcpkix-jdk15on-1.60.jar:/home/user/.m2/repository/commons-validator/commons-validator/1.6/commons-validator-1.6.jar:/home/user/.m2/repository/commons-digester/commons-digester/1.8.1/commons-digester-1.8.1.jar:/home/user/.m2/repository/io/jaegertracing/jaeger-client/0.33.1/jaeger-client-0.33.1.jar:/home/user/.m2/repository/io/jaegertracing/jaeger-thrift/0.33.1/jaeger-thrift-0.33.1.jar:/home/user/.m2/repository/org/apache/thrift/libthrift/0.11.0/libthrift-0.11.0.jar:/home/user/.m2/repository/com/squareup/okhttp3/okhttp/3.9.0/okhttp-3.9.0.jar:/home/user/.m2/repository/com/squareup/okio/okio/1.13.0/okio-1.13.0.jar:/home/user/.m2/repository/io/jaegertracing/jaeger-core/0.33.1/jaeger-core-0.33.1.jar:/home/user/.m2/repository/io/jaegertracing/jaeger-tracerresolver/0.33.1/jaeger-tracerresolver-0.33.1.jar:/home/user/.m2/repository/io/opentracing/contrib/opentracing-tracerresolver/0.1.5/opentracing-tracerresolver-0.1.5.jar:/home/user/.m2/repository/io/opentracing/opentracing-util/0.31.0/opentracing-util-0.31.0.jar:/home/user/.m2/repository/io/opentracing/opentracing-api/0.31.0/opentracing-api-0.31.0.jar:/home/user/.m2/repository/io/opentracing/opentracing-noop/0.31.0/opentracing-noop-0.31.0.jar:/home/user/.m2/repository/org/yaml/snakeyaml/1.16/snakeyaml-1.16.jar:/home/user/.m2/repository/org/apache/hadoop/hadoop-hdfs-client/3.2.0/hadoop-hdfs-client-3.2.0.jar:/home/user/.m2/repository/info/picocli/picocli/3.9.6/picocli-3.9.6.jar:/home/user/.m2/repository/org/apache/hadoop/hadoop-hdds-server-scm/0.5.0-SNAPSHOT/hadoop-hdds-server-scm-0.5.0-SNAPSHOT.jar:/home/user/.m2/repository/org/apache/hadoop/hadoop-hdds-docs/0.5.0-SNAPSHOT/hadoop-hdds-docs-0.5.0-SNAPSHOT.jar:/home/user/.m2/repository/io/dropwizard/metrics/metrics-core/3.2.4/metrics-core-3.2.4.jar:/home/user/.m2/repository/org/hamcrest/hamcrest-all/1.3/hamcrest-all-1.3.jar:/home/user/.m2/repository/org/bouncycastle/bcprov-jdk15on/1.60/bcprov-jdk15on-1.60.jar:/home/user/.m2/repository/org/apache/hadoop/hadoop-hdds-server-framework/0.5.0-SNAPSHOT/hadoop-hdds-server-framework-0.5.0-SNAPSHOT.jar:/home/user/.m2/repository/org/apache/hadoop/hadoop-ozone-ozone-manager/0.5.0-SNAPSHOT/hadoop-ozone-ozone-manager-0.5.0-SNAPSHOT.jar:/home/user/.m2/repository/org/apache/hadoop/hadoop-hdds-container-service/0.5.0-SNAPSHOT/hadoop-hdds-container-service-0.5.0-SNAPSHOT.jar:/home/user/.m2/repository/org/apache/hadoop/hadoop-hdds-client/0.5.0-SNAPSHOT/hadoop-hdds-client-0.5.0-SNAPSHOT.jar:/home/user/.m2/repository/org/apache/hadoop/hadoop-ozone-common/0.5.0-SNAPSHOT/hadoop-ozone-common-0.5.0-SNAPSHOT.jar:/home/user/.m2/repository/org/apache/hadoop/hadoop-hdds-tools/0.5.0-SNAPSHOT/hadoop-hdds-tools-0.5.0-SNAPSHOT.jar:/home/user/.m2/repository/org/xerial/sqlite-jdbc/3.25.2/sqlite-jdbc-3.25.2.jar:/home/user/.m2/repository/org/apache/hadoop/hadoop-ozone-objectstore-service/0.5.0-SNAPSHOT/hadoop-ozone-objectstore-service-0.5.0-SNAPSHOT.jar:/home/user/.m2/repository/com/google/code/findbugs/findbugs/3.0.1/findbugs-3.0.1.jar:/home/user/.m2/repository/net/jcip/jcip-annotations/1.0/jcip-annotations-1.0.jar:/home/user/.m2/repository/com/google/code/findbugs/bcel-findbugs/6.0/bcel-findbugs-6.0.jar:/home/user/.m2/repository/com/google/code/findbugs/jFormatString/2.0.1/jFormatString-2.0.1.jar:/home/user/.m2/repository/dom4j/dom4j/1.6.1/dom4j-1.6.1.jar:/home/user/.m2/repository/xml-apis/xml-apis/1.0.b2/xml-apis-1.0.b2.jar:/home/user/.m2/repository/org/ow2/asm/asm-debug-all/5.0.2/asm-debug-all-5.0.2.jar:/home/user/.m2/repository/org/ow2/asm/asm-commons/5.0.2/asm-commons-5.0.2.jar:/home/user/.m2/repository/org/ow2/asm/asm-tree/5.0.2/asm-tree-5.0.2.jar:/home/user/.m2/repository/org/ow2/asm/asm/5.0.4/asm-5.0.4.jar:/home/user/.m2/repository/commons-lang/commons-lang/2.6/commons-lang-2.6.jar:/home/user/.m2/repository/com/apple/AppleJavaExtensions/1.4/AppleJavaExtensions-1.4.jar:/home/user/.m2/repository/jaxen/jaxen/1.1.6/jaxen-1.1.6.jar:/home/user/.m2/repository/org/apache/hadoop/hadoop-common/3.2.0/hadoop-common-3.2.0-tests.jar:/home/user/.m2/repository/org/apache/hadoop/hadoop-ozone-client/0.5.0-SNAPSHOT/hadoop-ozone-client-0.5.0-SNAPSHOT.jar:/home/user/.m2/repository/org/apache/hadoop/hadoop-hdfs/3.2.0/hadoop-hdfs-3.2.0-tests.jar:/workdir/hadoop-ozone/integration-test/target/test-classes:/home/user/.m2/repository/org/apache/hadoop/hadoop-ozone-s3gateway/0.5.0-SNAPSHOT/hadoop-ozone-s3gateway-0.5.0-SNAPSHOT.jar:/home/user/.m2/repository/org/jboss/weld/servlet/weld-servlet/2.4.7.Final/weld-servlet-2.4.7.Final.jar:/home/user/.m2/repository/org/glassfish/jersey/containers/jersey-container-servlet-core/2.27/jersey-container-servlet-core-2.27.jar:/home/user/.m2/repository/org/glassfish/hk2/external/javax.inject/2.5.0-b42/javax.inject-2.5.0-b42.jar:/home/user/.m2/repository/org/glassfish/jersey/core/jersey-common/2.27/jersey-common-2.27.jar:/home/user/.m2/repository/org/glassfish/hk2/osgi-resource-locator/1.0.1/osgi-resource-locator-1.0.1.jar:/home/user/.m2/repository/javax/ws/rs/javax.ws.rs-api/2.1/javax.ws.rs-api-2.1.jar:/home/user/.m2/repository/org/glassfish/jersey/ext/cdi/jersey-cdi1x/2.27/jersey-cdi1x-2.27.jar:/home/user/.m2/repository/org/glassfish/jersey/inject/jersey-hk2/2.27/jersey-hk2-2.27.jar:/home/user/.m2/repository/org/glassfish/hk2/hk2-locator/2.5.0-b42/hk2-locator-2.5.0-b42.jar:/home/user/.m2/repository/org/javassist/javassist/3.22.0-CR2/javassist-3.22.0-CR2.jar:/home/user/.m2/repository/org/glassfish/hk2/hk2-api/2.5.0/hk2-api-2.5.0.jar:/home/user/.m2/repository/org/glassfish/hk2/external/jakarta.inject/2.5.0/jakarta.inject-2.5.0.jar:/home/user/.m2/repository/org/glassfish/hk2/hk2-utils/2.5.0/hk2-utils-2.5.0.jar:/home/user/.m2/repository/jakarta/annotation/jakarta.annotation-api/1.3.4/jakarta.annotation-api-1.3.4.jar:/home/user/.m2/repository/org/glassfish/hk2/external/aopalliance-repackaged/2.5.0/aopalliance-repackaged-2.5.0.jar:/home/user/.m2/repository/com/fasterxml/jackson/dataformat/jackson-dataformat-xml/2.9.0/jackson-dataformat-xml-2.9.0.jar:/home/user/.m2/repository/com/fasterxml/jackson/module/jackson-module-jaxb-annotations/2.9.5/jackson-module-jaxb-annotations-2.9.5.jar:/home/user/.m2/repository/javax/enterprise/cdi-api/1.2/cdi-api-1.2.jar:/home/user/.m2/repository/javax/el/javax.el-api/3.0.0/javax.el-api-3.0.0.jar:/home/user/.m2/repository/javax/interceptor/javax.interceptor-api/1.2/javax.interceptor-api-1.2.jar:/home/user/.m2/repository/javax/inject/javax.inject/1/javax.inject-1.jar:/home/user/.m2/repository/com/sun/xml/bind/jaxb-core/2.3.0.1/jaxb-core-2.3.0.1.jar:/home/user/.m2/repository/javax/xml/bind/jaxb-api/2.3.0/jaxb-api-2.3.0.jar:/home/user/.m2/repository/javax/activation/activation/1.1.1/activation-1.1.1.jar:/home/user/.m2/repository/org/apache/hadoop/hadoop-ozone-csi/0.5.0-SNAPSHOT/hadoop-ozone-csi-0.5.0-SNAPSHOT.jar:/home/user/.m2/repository/com/google/protobuf/protobuf-java-util/3.5.1/protobuf-java-util-3.5.1.jar:/home/user/.m2/repository/io/grpc/grpc-netty/1.17.1/grpc-netty-1.17.1.jar:/home/user/.m2/repository/io/grpc/grpc-core/1.17.1/grpc-core-1.17.1.jar:/home/user/.m2/repository/io/grpc/grpc-context/1.17.1/grpc-context-1.17.1.jar:/home/user/.m2/repository/com/google/errorprone/error_prone_annotations/2.2.0/error_prone_annotations-2.2.0.jar:/home/user/.m2/repository/org/codehaus/mojo/animal-sniffer-annotations/1.17/animal-sniffer-annotations-1.17.jar:/home/user/.m2/repository/io/opencensus/opencensus-api/0.17.0/opencensus-api-0.17.0.jar:/home/user/.m2/repository/io/opencensus/opencensus-contrib-grpc-metrics/0.17.0/opencensus-contrib-grpc-metrics-0.17.0.jar:/home/user/.m2/repository/io/netty/netty-codec-http2/4.1.30.Final/netty-codec-http2-4.1.30.Final.jar:/home/user/.m2/repository/io/netty/netty-codec-http/4.1.30.Final/netty-codec-http-4.1.30.Final.jar:/home/user/.m2/repository/io/netty/netty-codec/4.1.30.Final/netty-codec-4.1.30.Final.jar:/home/user/.m2/repository/io/netty/netty-handler/4.1.30.Final/netty-handler-4.1.30.Final.jar:/home/user/.m2/repository/io/netty/netty-handler-proxy/4.1.30.Final/netty-handler-proxy-4.1.30.Final.jar:/home/user/.m2/repository/io/netty/netty-codec-socks/4.1.30.Final/netty-codec-socks-4.1.30.Final.jar:/home/user/.m2/repository/io/netty/netty-transport-native-epoll/4.1.30.Final/netty-transport-native-epoll-4.1.30.Final.jar:/home/user/.m2/repository/io/netty/netty-common/4.1.30.Final/netty-common-4.1.30.Final.jar:/home/user/.m2/repository/io/netty/netty-buffer/4.1.30.Final/netty-buffer-4.1.30.Final.jar:/home/user/.m2/repository/io/netty/netty-transport/4.1.30.Final/netty-transport-4.1.30.Final.jar:/home/user/.m2/repository/io/netty/netty-resolver/4.1.30.Final/netty-resolver-4.1.30.Final.jar:/home/user/.m2/repository/io/netty/netty-transport-native-unix-common/4.1.30.Final/netty-transport-native-unix-common-4.1.30.Final.jar:/home/user/.m2/repository/io/grpc/grpc-protobuf/1.17.1/grpc-protobuf-1.17.1.jar:/home/user/.m2/repository/com/google/api/grpc/proto-google-common-protos/1.0.0/proto-google-common-protos-1.0.0.jar:/home/user/.m2/repository/io/grpc/grpc-protobuf-lite/1.17.1/grpc-protobuf-lite-1.17.1.jar:/home/user/.m2/repository/io/grpc/grpc-stub/1.17.1/grpc-stub-1.17.1.jar:/home/user/.m2/repository/org/apache/hadoop/hadoop-ozone-recon/0.5.0-SNAPSHOT/hadoop-ozone-recon-0.5.0-SNAPSHOT.jar:/home/user/.m2/repository/org/apache/hadoop/hadoop-ozone-reconcodegen/0.5.0-SNAPSHOT/hadoop-ozone-reconcodegen-0.5.0-SNAPSHOT.jar:/home/user/.m2/repository/com/google/inject/extensions/guice-multibindings/4.0/guice-multibindings-4.0.jar:/home/user/.m2/repository/com/google/inject/guice/4.0/guice-4.0.jar:/home/user/.m2/repository/aopalliance/aopalliance/1.0/aopalliance-1.0.jar:/home/user/.m2/repository/org/glassfish/jersey/containers/jersey-container-servlet/2.27/jersey-container-servlet-2.27.jar:/home/user/.m2/repository/org/glassfish/hk2/guice-bridge/2.5.0/guice-bridge-2.5.0.jar:/home/user/.m2/repository/org/glassfish/jersey/core/jersey-server/2.27/jersey-server-2.27.jar:/home/user/.m2/repository/org/glassfish/jersey/core/jersey-client/2.27/jersey-client-2.27.jar:/home/user/.m2/repository/org/glassfish/jersey/media/jersey-media-jaxb/2.27/jersey-media-jaxb-2.27.jar:/home/user/.m2/repository/javax/validation/validation-api/1.1.0.Final/validation-api-1.1.0.Final.jar:/home/user/.m2/repository/org/glassfish/jersey/media/jersey-media-json-jackson/2.27/jersey-media-json-jackson-2.27.jar:/home/user/.m2/repository/org/glassfish/jersey/ext/jersey-entity-filtering/2.27/jersey-entity-filtering-2.27.jar:/home/user/.m2/repository/com/google/inject/extensions/guice-assistedinject/4.0/guice-assistedinject-4.0.jar:/home/user/.m2/repository/org/jooq/jooq/3.11.10/jooq-3.11.10.jar:/home/user/.m2/repository/org/jooq/jooq-meta/3.11.10/jooq-meta-3.11.10.jar:/home/user/.m2/repository/org/jooq/jooq-codegen/3.11.10/jooq-codegen-3.11.10.jar:/home/user/.m2/repository/com/jolbox/bonecp/0.8.0.RELEASE/bonecp-0.8.0.RELEASE.jar:/home/user/.m2/repository/org/springframework/spring-jdbc/5.1.3.RELEASE/spring-jdbc-5.1.3.RELEASE.jar:/home/user/.m2/repository/org/springframework/spring-beans/5.1.3.RELEASE/spring-beans-5.1.3.RELEASE.jar:/home/user/.m2/repository/org/springframework/spring-core/5.1.3.RELEASE/spring-core-5.1.3.RELEASE.jar:/home/user/.m2/repository/org/springframework/spring-jcl/5.1.3.RELEASE/spring-jcl-5.1.3.RELEASE.jar:/home/user/.m2/repository/org/springframework/spring-tx/5.1.3.RELEASE/spring-tx-5.1.3.RELEASE.jar:/home/user/.m2/repository/org/mockito/mockito-all/1.10.19/mockito-all-1.10.19.jar:/home/user/.m2/repository/junit/junit/4.11/junit-4.11.jar:/home/user/.m2/repository/org/hamcrest/hamcrest-core/1.3/hamcrest-core-1.3.jar:/home/user/.m2/repository/org/apache/hadoop/hadoop-distcp/3.2.0/hadoop-distcp-3.2.0.jar:/home/user/.m2/repository/org/apache/hadoop/hadoop-distcp/3.2.0/hadoop-distcp-3.2.0-tests.jar:/home/user/.m2/repository/org/apache/hadoop/hadoop-mapreduce-client-jobclient/3.2.0/hadoop-mapreduce-client-jobclient-3.2.0.jar:/home/user/.m2/repository/org/apache/hadoop/hadoop-mapreduce-client-common/3.2.0/hadoop-mapreduce-client-common-3.2.0.jar:/home/user/.m2/repository/org/apache/hadoop/hadoop-yarn-common/3.2.0/hadoop-yarn-common-3.2.0.jar:/home/user/.m2/repository/org/apache/hadoop/hadoop-yarn-api/3.2.0/hadoop-yarn-api-3.2.0.jar:/home/user/.m2/repository/com/sun/jersey/jersey-client/1.19/jersey-client-1.19.jar:/home/user/.m2/repository/com/sun/jersey/contribs/jersey-guice/1.19/jersey-guice-1.19.jar:/home/user/.m2/repository/com/fasterxml/jackson/jaxrs/jackson-jaxrs-json-provider/2.9.5/jackson-jaxrs-json-provider-2.9.5.jar:/home/user/.m2/repository/com/fasterxml/jackson/jaxrs/jackson-jaxrs-base/2.9.5/jackson-jaxrs-base-2.9.5.jar:/home/user/.m2/repository/org/apache/hadoop/hadoop-yarn-client/3.2.0/hadoop-yarn-client-3.2.0.jar:/home/user/.m2/repository/org/apache/hadoop/hadoop-mapreduce-client-core/3.2.0/hadoop-mapreduce-client-core-3.2.0.jar:/home/user/.m2/repository/com/google/inject/extensions/guice-servlet/4.0/guice-servlet-4.0.jar:/home/user/.m2/repository/org/powermock/powermock-module-junit4/1.6.5/powermock-module-junit4-1.6.5.jar:/home/user/.m2/repository/org/powermock/powermock-module-junit4-common/1.6.5/powermock-module-junit4-common-1.6.5.jar:/home/user/.m2/repository/org/powermock/powermock-core/1.6.5/powermock-core-1.6.5.jar:/home/user/.m2/repository/org/powermock/powermock-reflect/1.6.5/powermock-reflect-1.6.5.jar:/home/user/.m2/repository/org/powermock/powermock-api-mockito/1.6.5/powermock-api-mockito-1.6.5.jar:/home/user/.m2/repository/org/mockito/mockito-core/1.10.19/mockito-core-1.10.19.jar:/home/user/.m2/repository/org/objenesis/objenesis/1.0/objenesis-1.0.jar:/home/user/.m2/repository/org/powermock/powermock-api-mockito-common/1.6.5/powermock-api-mockito-common-1.6.5.jar:/home/user/.m2/repository/org/powermock/powermock-api-support/1.6.5/powermock-api-support-1.6.5.jar:"/>
    <property name="java.vm.vendor" value="IcedTea"/>
    <property name="sun.arch.data.model" value="64"/>
    <property name="test.build.dir" value="/workdir/hadoop-ozone/ozonefs/target/test-dir"/>
    <property name="test.cache.data" value=""/>
    <property name="java.vendor.url" value="https://icedtea.classpath.org"/>
    <property name="user.timezone" value=""/>
    <property name="java.vm.specification.version" value="1.8"/>
    <property name="os.name" value="Linux"/>
    <property name="test.build.data" value="/workdir/hadoop-ozone/ozonefs/target/test-dir"/>
    <property name="user.country" value="US"/>
    <property name="sun.java.launcher" value="SUN_STANDARD"/>
    <property name="sun.boot.library.path" value="/usr/lib/jvm/java-1.8-openjdk/jre/lib/amd64"/>
    <property name="sun.java.command" value="/workdir/hadoop-ozone/ozonefs/target/surefire/surefirebooter7433651497906085288.jar /workdir/hadoop-ozone/ozonefs/target/surefire 2019-09-19T09-27-26_393-jvmRun1 surefire6502010860697059137tmp surefire_1138150913810892629471tmp"/>
    <property name="test" value="!TestMiniChaosOzoneCluster"/>
    <property name="surefire.test.class.path" value="/workdir/hadoop-ozone/ozonefs/target/test-classes:/workdir/hadoop-ozone/ozonefs/target/classes:/home/user/.m2/repository/org/apache/hadoop/hadoop-common/3.2.0/hadoop-common-3.2.0.jar:/home/user/.m2/repository/org/apache/hadoop/hadoop-annotations/3.2.0/hadoop-annotations-3.2.0.jar:/usr/lib/jvm/java-1.8-openjdk/jre/../lib/tools.jar:/home/user/.m2/repository/com/google/guava/guava/11.0.2/guava-11.0.2.jar:/home/user/.m2/repository/commons-cli/commons-cli/1.2/commons-cli-1.2.jar:/home/user/.m2/repository/org/apache/commons/commons-math3/3.1.1/commons-math3-3.1.1.jar:/home/user/.m2/repository/org/apache/httpcomponents/httpclient/4.5.2/httpclient-4.5.2.jar:/home/user/.m2/repository/org/apache/httpcomponents/httpcore/4.4.4/httpcore-4.4.4.jar:/home/user/.m2/repository/commons-codec/commons-codec/1.11/commons-codec-1.11.jar:/home/user/.m2/repository/commons-io/commons-io/2.5/commons-io-2.5.jar:/home/user/.m2/repository/commons-net/commons-net/3.6/commons-net-3.6.jar:/home/user/.m2/repository/commons-collections/commons-collections/3.2.2/commons-collections-3.2.2.jar:/home/user/.m2/repository/javax/servlet/javax.servlet-api/3.1.0/javax.servlet-api-3.1.0.jar:/home/user/.m2/repository/org/eclipse/jetty/jetty-server/9.3.24.v20180605/jetty-server-9.3.24.v20180605.jar:/home/user/.m2/repository/org/eclipse/jetty/jetty-http/9.3.24.v20180605/jetty-http-9.3.24.v20180605.jar:/home/user/.m2/repository/org/eclipse/jetty/jetty-io/9.3.24.v20180605/jetty-io-9.3.24.v20180605.jar:/home/user/.m2/repository/org/eclipse/jetty/jetty-util/9.3.24.v20180605/jetty-util-9.3.24.v20180605.jar:/home/user/.m2/repository/org/eclipse/jetty/jetty-servlet/9.3.24.v20180605/jetty-servlet-9.3.24.v20180605.jar:/home/user/.m2/repository/org/eclipse/jetty/jetty-security/9.3.24.v20180605/jetty-security-9.3.24.v20180605.jar:/home/user/.m2/repository/org/eclipse/jetty/jetty-webapp/9.3.24.v20180605/jetty-webapp-9.3.24.v20180605.jar:/home/user/.m2/repository/org/eclipse/jetty/jetty-xml/9.3.24.v20180605/jetty-xml-9.3.24.v20180605.jar:/home/user/.m2/repository/javax/servlet/jsp/jsp-api/2.1/jsp-api-2.1.jar:/home/user/.m2/repository/com/sun/jersey/jersey-core/1.19/jersey-core-1.19.jar:/home/user/.m2/repository/javax/ws/rs/jsr311-api/1.1.1/jsr311-api-1.1.1.jar:/home/user/.m2/repository/com/sun/jersey/jersey-servlet/1.19/jersey-servlet-1.19.jar:/home/user/.m2/repository/com/sun/jersey/jersey-json/1.19/jersey-json-1.19.jar:/home/user/.m2/repository/org/codehaus/jettison/jettison/1.1/jettison-1.1.jar:/home/user/.m2/repository/com/sun/xml/bind/jaxb-impl/2.3.0.1/jaxb-impl-2.3.0.1.jar:/home/user/.m2/repository/org/codehaus/jackson/jackson-core-asl/1.9.13/jackson-core-asl-1.9.13.jar:/home/user/.m2/repository/org/codehaus/jackson/jackson-mapper-asl/1.9.13/jackson-mapper-asl-1.9.13.jar:/home/user/.m2/repository/org/codehaus/jackson/jackson-jaxrs/1.9.13/jackson-jaxrs-1.9.13.jar:/home/user/.m2/repository/org/codehaus/jackson/jackson-xc/1.9.13/jackson-xc-1.9.13.jar:/home/user/.m2/repository/com/sun/jersey/jersey-server/1.19/jersey-server-1.19.jar:/home/user/.m2/repository/commons-logging/commons-logging/1.1.3/commons-logging-1.1.3.jar:/home/user/.m2/repository/log4j/log4j/1.2.17/log4j-1.2.17.jar:/home/user/.m2/repository/commons-beanutils/commons-beanutils/1.9.3/commons-beanutils-1.9.3.jar:/home/user/.m2/repository/org/apache/commons/commons-configuration2/2.1.1/commons-configuration2-2.1.1.jar:/home/user/.m2/repository/org/apache/commons/commons-lang3/3.7/commons-lang3-3.7.jar:/home/user/.m2/repository/org/apache/commons/commons-text/1.4/commons-text-1.4.jar:/home/user/.m2/repository/org/slf4j/slf4j-api/1.7.25/slf4j-api-1.7.25.jar:/home/user/.m2/repository/org/slf4j/slf4j-log4j12/1.7.25/slf4j-log4j12-1.7.25.jar:/home/user/.m2/repository/org/apache/avro/avro/1.7.7/avro-1.7.7.jar:/home/user/.m2/repository/com/thoughtworks/paranamer/paranamer/2.3/paranamer-2.3.jar:/home/user/.m2/repository/org/xerial/snappy/snappy-java/1.0.5/snappy-java-1.0.5.jar:/home/user/.m2/repository/com/google/re2j/re2j/1.1/re2j-1.1.jar:/home/user/.m2/repository/com/google/protobuf/protobuf-java/2.5.0/protobuf-java-2.5.0.jar:/home/user/.m2/repository/com/google/code/gson/gson/2.2.4/gson-2.2.4.jar:/home/user/.m2/repository/org/apache/hadoop/hadoop-auth/3.2.0/hadoop-auth-3.2.0.jar:/home/user/.m2/repository/com/nimbusds/nimbus-jose-jwt/4.41.1/nimbus-jose-jwt-4.41.1.jar:/home/user/.m2/repository/com/github/stephenc/jcip/jcip-annotations/1.0-1/jcip-annotations-1.0-1.jar:/home/user/.m2/repository/net/minidev/json-smart/2.3/json-smart-2.3.jar:/home/user/.m2/repository/net/minidev/accessors-smart/1.2/accessors-smart-1.2.jar:/home/user/.m2/repository/org/apache/curator/curator-framework/2.12.0/curator-framework-2.12.0.jar:/home/user/.m2/repository/com/jcraft/jsch/0.1.54/jsch-0.1.54.jar:/home/user/.m2/repository/org/apache/curator/curator-client/2.12.0/curator-client-2.12.0.jar:/home/user/.m2/repository/org/apache/curator/curator-recipes/2.12.0/curator-recipes-2.12.0.jar:/home/user/.m2/repository/com/google/code/findbugs/jsr305/3.0.0/jsr305-3.0.0.jar:/home/user/.m2/repository/org/apache/htrace/htrace-core4/4.1.0-incubating/htrace-core4-4.1.0-incubating.jar:/home/user/.m2/repository/org/apache/zookeeper/zookeeper/3.4.13/zookeeper-3.4.13.jar:/home/user/.m2/repository/org/apache/yetus/audience-annotations/0.5.0/audience-annotations-0.5.0.jar:/home/user/.m2/repository/org/apache/commons/commons-compress/1.4.1/commons-compress-1.4.1.jar:/home/user/.m2/repository/org/tukaani/xz/1.0/xz-1.0.jar:/home/user/.m2/repository/org/apache/kerby/kerb-simplekdc/1.0.1/kerb-simplekdc-1.0.1.jar:/home/user/.m2/repository/org/apache/kerby/kerb-client/1.0.1/kerb-client-1.0.1.jar:/home/user/.m2/repository/org/apache/kerby/kerby-config/1.0.1/kerby-config-1.0.1.jar:/home/user/.m2/repository/org/apache/kerby/kerb-core/1.0.1/kerb-core-1.0.1.jar:/home/user/.m2/repository/org/apache/kerby/kerby-pkix/1.0.1/kerby-pkix-1.0.1.jar:/home/user/.m2/repository/org/apache/kerby/kerby-asn1/1.0.1/kerby-asn1-1.0.1.jar:/home/user/.m2/repository/org/apache/kerby/kerby-util/1.0.1/kerby-util-1.0.1.jar:/home/user/.m2/repository/org/apache/kerby/kerb-common/1.0.1/kerb-common-1.0.1.jar:/home/user/.m2/repository/org/apache/kerby/kerb-crypto/1.0.1/kerb-crypto-1.0.1.jar:/home/user/.m2/repository/org/apache/kerby/kerb-util/1.0.1/kerb-util-1.0.1.jar:/home/user/.m2/repository/org/apache/kerby/token-provider/1.0.1/token-provider-1.0.1.jar:/home/user/.m2/repository/org/apache/kerby/kerb-admin/1.0.1/kerb-admin-1.0.1.jar:/home/user/.m2/repository/org/apache/kerby/kerb-server/1.0.1/kerb-server-1.0.1.jar:/home/user/.m2/repository/org/apache/kerby/kerb-identity/1.0.1/kerb-identity-1.0.1.jar:/home/user/.m2/repository/org/apache/kerby/kerby-xdr/1.0.1/kerby-xdr-1.0.1.jar:/home/user/.m2/repository/com/fasterxml/jackson/core/jackson-databind/2.9.5/jackson-databind-2.9.5.jar:/home/user/.m2/repository/com/fasterxml/jackson/core/jackson-annotations/2.9.5/jackson-annotations-2.9.5.jar:/home/user/.m2/repository/com/fasterxml/jackson/core/jackson-core/2.9.5/jackson-core-2.9.5.jar:/home/user/.m2/repository/org/codehaus/woodstox/stax2-api/3.1.4/stax2-api-3.1.4.jar:/home/user/.m2/repository/com/fasterxml/woodstox/woodstox-core/5.0.3/woodstox-core-5.0.3.jar:/home/user/.m2/repository/dnsjava/dnsjava/2.1.7/dnsjava-2.1.7.jar:/home/user/.m2/repository/org/apache/hadoop/hadoop-hdfs/3.2.0/hadoop-hdfs-3.2.0.jar:/home/user/.m2/repository/org/eclipse/jetty/jetty-util-ajax/9.3.24.v20180605/jetty-util-ajax-9.3.24.v20180605.jar:/home/user/.m2/repository/commons-daemon/commons-daemon/1.0.13/commons-daemon-1.0.13.jar:/home/user/.m2/repository/io/netty/netty/3.10.5.Final/netty-3.10.5.Final.jar:/home/user/.m2/repository/io/netty/netty-all/4.0.52.Final/netty-all-4.0.52.Final.jar:/home/user/.m2/repository/org/fusesource/leveldbjni/leveldbjni-all/1.8/leveldbjni-all-1.8.jar:/home/user/.m2/repository/org/apache/hadoop/hadoop-hdds-common/0.5.0-SNAPSHOT/hadoop-hdds-common-0.5.0-SNAPSHOT.jar:/home/user/.m2/repository/org/apache/hadoop/hadoop-hdds-config/0.5.0-SNAPSHOT/hadoop-hdds-config-0.5.0-SNAPSHOT.jar:/home/user/.m2/repository/javax/annotation/javax.annotation-api/1.2/javax.annotation-api-1.2.jar:/home/user/.m2/repository/org/apache/ratis/ratis-server/0.4.0-2337318-SNAPSHOT/ratis-server-0.4.0-2337318-SNAPSHOT.jar:/home/user/.m2/repository/org/apache/ratis/ratis-thirdparty-misc/0.2.0/ratis-thirdparty-misc-0.2.0.jar:/home/user/.m2/repository/org/apache/ratis/ratis-proto/0.4.0-2337318-SNAPSHOT/ratis-proto-0.4.0-2337318-SNAPSHOT.jar:/home/user/.m2/repository/org/apache/ratis/ratis-common/0.4.0-2337318-SNAPSHOT/ratis-common-0.4.0-2337318-SNAPSHOT.jar:/home/user/.m2/repository/org/apache/ratis/ratis-client/0.4.0-2337318-SNAPSHOT/ratis-client-0.4.0-2337318-SNAPSHOT.jar:/home/user/.m2/repository/org/apache/ratis/ratis-metrics/0.4.0-2337318-SNAPSHOT/ratis-metrics-0.4.0-2337318-SNAPSHOT.jar:/home/user/.m2/repository/org/apache/ratis/ratis-netty/0.4.0-2337318-SNAPSHOT/ratis-netty-0.4.0-2337318-SNAPSHOT.jar:/home/user/.m2/repository/org/apache/ratis/ratis-grpc/0.4.0-2337318-SNAPSHOT/ratis-grpc-0.4.0-2337318-SNAPSHOT.jar:/home/user/.m2/repository/org/rocksdb/rocksdbjni/6.0.1/rocksdbjni-6.0.1.jar:/home/user/.m2/repository/org/apache/logging/log4j/log4j-api/2.11.0/log4j-api-2.11.0.jar:/home/user/.m2/repository/org/apache/logging/log4j/log4j-core/2.11.0/log4j-core-2.11.0.jar:/home/user/.m2/repository/com/lmax/disruptor/3.4.2/disruptor-3.4.2.jar:/home/user/.m2/repository/org/apache/commons/commons-pool2/2.6.0/commons-pool2-2.6.0.jar:/home/user/.m2/repository/org/bouncycastle/bcpkix-jdk15on/1.60/bcpkix-jdk15on-1.60.jar:/home/user/.m2/repository/commons-validator/commons-validator/1.6/commons-validator-1.6.jar:/home/user/.m2/repository/commons-digester/commons-digester/1.8.1/commons-digester-1.8.1.jar:/home/user/.m2/repository/io/jaegertracing/jaeger-client/0.33.1/jaeger-client-0.33.1.jar:/home/user/.m2/repository/io/jaegertracing/jaeger-thrift/0.33.1/jaeger-thrift-0.33.1.jar:/home/user/.m2/repository/org/apache/thrift/libthrift/0.11.0/libthrift-0.11.0.jar:/home/user/.m2/repository/com/squareup/okhttp3/okhttp/3.9.0/okhttp-3.9.0.jar:/home/user/.m2/repository/com/squareup/okio/okio/1.13.0/okio-1.13.0.jar:/home/user/.m2/repository/io/jaegertracing/jaeger-core/0.33.1/jaeger-core-0.33.1.jar:/home/user/.m2/repository/io/jaegertracing/jaeger-tracerresolver/0.33.1/jaeger-tracerresolver-0.33.1.jar:/home/user/.m2/repository/io/opentracing/contrib/opentracing-tracerresolver/0.1.5/opentracing-tracerresolver-0.1.5.jar:/home/user/.m2/repository/io/opentracing/opentracing-util/0.31.0/opentracing-util-0.31.0.jar:/home/user/.m2/repository/io/opentracing/opentracing-api/0.31.0/opentracing-api-0.31.0.jar:/home/user/.m2/repository/io/opentracing/opentracing-noop/0.31.0/opentracing-noop-0.31.0.jar:/home/user/.m2/repository/org/yaml/snakeyaml/1.16/snakeyaml-1.16.jar:/home/user/.m2/repository/org/apache/hadoop/hadoop-hdfs-client/3.2.0/hadoop-hdfs-client-3.2.0.jar:/home/user/.m2/repository/info/picocli/picocli/3.9.6/picocli-3.9.6.jar:/home/user/.m2/repository/org/apache/hadoop/hadoop-hdds-server-scm/0.5.0-SNAPSHOT/hadoop-hdds-server-scm-0.5.0-SNAPSHOT.jar:/home/user/.m2/repository/org/apache/hadoop/hadoop-hdds-docs/0.5.0-SNAPSHOT/hadoop-hdds-docs-0.5.0-SNAPSHOT.jar:/home/user/.m2/repository/io/dropwizard/metrics/metrics-core/3.2.4/metrics-core-3.2.4.jar:/home/user/.m2/repository/org/hamcrest/hamcrest-all/1.3/hamcrest-all-1.3.jar:/home/user/.m2/repository/org/bouncycastle/bcprov-jdk15on/1.60/bcprov-jdk15on-1.60.jar:/home/user/.m2/repository/org/apache/hadoop/hadoop-hdds-server-framework/0.5.0-SNAPSHOT/hadoop-hdds-server-framework-0.5.0-SNAPSHOT.jar:/home/user/.m2/repository/org/apache/hadoop/hadoop-ozone-ozone-manager/0.5.0-SNAPSHOT/hadoop-ozone-ozone-manager-0.5.0-SNAPSHOT.jar:/home/user/.m2/repository/org/apache/hadoop/hadoop-hdds-container-service/0.5.0-SNAPSHOT/hadoop-hdds-container-service-0.5.0-SNAPSHOT.jar:/home/user/.m2/repository/org/apache/hadoop/hadoop-hdds-client/0.5.0-SNAPSHOT/hadoop-hdds-client-0.5.0-SNAPSHOT.jar:/home/user/.m2/repository/org/apache/hadoop/hadoop-ozone-common/0.5.0-SNAPSHOT/hadoop-ozone-common-0.5.0-SNAPSHOT.jar:/home/user/.m2/repository/org/apache/hadoop/hadoop-hdds-tools/0.5.0-SNAPSHOT/hadoop-hdds-tools-0.5.0-SNAPSHOT.jar:/home/user/.m2/repository/org/xerial/sqlite-jdbc/3.25.2/sqlite-jdbc-3.25.2.jar:/home/user/.m2/repository/org/apache/hadoop/hadoop-ozone-objectstore-service/0.5.0-SNAPSHOT/hadoop-ozone-objectstore-service-0.5.0-SNAPSHOT.jar:/home/user/.m2/repository/com/google/code/findbugs/findbugs/3.0.1/findbugs-3.0.1.jar:/home/user/.m2/repository/net/jcip/jcip-annotations/1.0/jcip-annotations-1.0.jar:/home/user/.m2/repository/com/google/code/findbugs/bcel-findbugs/6.0/bcel-findbugs-6.0.jar:/home/user/.m2/repository/com/google/code/findbugs/jFormatString/2.0.1/jFormatString-2.0.1.jar:/home/user/.m2/repository/dom4j/dom4j/1.6.1/dom4j-1.6.1.jar:/home/user/.m2/repository/xml-apis/xml-apis/1.0.b2/xml-apis-1.0.b2.jar:/home/user/.m2/repository/org/ow2/asm/asm-debug-all/5.0.2/asm-debug-all-5.0.2.jar:/home/user/.m2/repository/org/ow2/asm/asm-commons/5.0.2/asm-commons-5.0.2.jar:/home/user/.m2/repository/org/ow2/asm/asm-tree/5.0.2/asm-tree-5.0.2.jar:/home/user/.m2/repository/org/ow2/asm/asm/5.0.4/asm-5.0.4.jar:/home/user/.m2/repository/commons-lang/commons-lang/2.6/commons-lang-2.6.jar:/home/user/.m2/repository/com/apple/AppleJavaExtensions/1.4/AppleJavaExtensions-1.4.jar:/home/user/.m2/repository/jaxen/jaxen/1.1.6/jaxen-1.1.6.jar:/home/user/.m2/repository/org/apache/hadoop/hadoop-common/3.2.0/hadoop-common-3.2.0-tests.jar:/home/user/.m2/repository/org/apache/hadoop/hadoop-ozone-client/0.5.0-SNAPSHOT/hadoop-ozone-client-0.5.0-SNAPSHOT.jar:/home/user/.m2/repository/org/apache/hadoop/hadoop-hdfs/3.2.0/hadoop-hdfs-3.2.0-tests.jar:/workdir/hadoop-ozone/integration-test/target/test-classes:/home/user/.m2/repository/org/apache/hadoop/hadoop-ozone-s3gateway/0.5.0-SNAPSHOT/hadoop-ozone-s3gateway-0.5.0-SNAPSHOT.jar:/home/user/.m2/repository/org/jboss/weld/servlet/weld-servlet/2.4.7.Final/weld-servlet-2.4.7.Final.jar:/home/user/.m2/repository/org/glassfish/jersey/containers/jersey-container-servlet-core/2.27/jersey-container-servlet-core-2.27.jar:/home/user/.m2/repository/org/glassfish/hk2/external/javax.inject/2.5.0-b42/javax.inject-2.5.0-b42.jar:/home/user/.m2/repository/org/glassfish/jersey/core/jersey-common/2.27/jersey-common-2.27.jar:/home/user/.m2/repository/org/glassfish/hk2/osgi-resource-locator/1.0.1/osgi-resource-locator-1.0.1.jar:/home/user/.m2/repository/javax/ws/rs/javax.ws.rs-api/2.1/javax.ws.rs-api-2.1.jar:/home/user/.m2/repository/org/glassfish/jersey/ext/cdi/jersey-cdi1x/2.27/jersey-cdi1x-2.27.jar:/home/user/.m2/repository/org/glassfish/jersey/inject/jersey-hk2/2.27/jersey-hk2-2.27.jar:/home/user/.m2/repository/org/glassfish/hk2/hk2-locator/2.5.0-b42/hk2-locator-2.5.0-b42.jar:/home/user/.m2/repository/org/javassist/javassist/3.22.0-CR2/javassist-3.22.0-CR2.jar:/home/user/.m2/repository/org/glassfish/hk2/hk2-api/2.5.0/hk2-api-2.5.0.jar:/home/user/.m2/repository/org/glassfish/hk2/external/jakarta.inject/2.5.0/jakarta.inject-2.5.0.jar:/home/user/.m2/repository/org/glassfish/hk2/hk2-utils/2.5.0/hk2-utils-2.5.0.jar:/home/user/.m2/repository/jakarta/annotation/jakarta.annotation-api/1.3.4/jakarta.annotation-api-1.3.4.jar:/home/user/.m2/repository/org/glassfish/hk2/external/aopalliance-repackaged/2.5.0/aopalliance-repackaged-2.5.0.jar:/home/user/.m2/repository/com/fasterxml/jackson/dataformat/jackson-dataformat-xml/2.9.0/jackson-dataformat-xml-2.9.0.jar:/home/user/.m2/repository/com/fasterxml/jackson/module/jackson-module-jaxb-annotations/2.9.5/jackson-module-jaxb-annotations-2.9.5.jar:/home/user/.m2/repository/javax/enterprise/cdi-api/1.2/cdi-api-1.2.jar:/home/user/.m2/repository/javax/el/javax.el-api/3.0.0/javax.el-api-3.0.0.jar:/home/user/.m2/repository/javax/interceptor/javax.interceptor-api/1.2/javax.interceptor-api-1.2.jar:/home/user/.m2/repository/javax/inject/javax.inject/1/javax.inject-1.jar:/home/user/.m2/repository/com/sun/xml/bind/jaxb-core/2.3.0.1/jaxb-core-2.3.0.1.jar:/home/user/.m2/repository/javax/xml/bind/jaxb-api/2.3.0/jaxb-api-2.3.0.jar:/home/user/.m2/repository/javax/activation/activation/1.1.1/activation-1.1.1.jar:/home/user/.m2/repository/org/apache/hadoop/hadoop-ozone-csi/0.5.0-SNAPSHOT/hadoop-ozone-csi-0.5.0-SNAPSHOT.jar:/home/user/.m2/repository/com/google/protobuf/protobuf-java-util/3.5.1/protobuf-java-util-3.5.1.jar:/home/user/.m2/repository/io/grpc/grpc-netty/1.17.1/grpc-netty-1.17.1.jar:/home/user/.m2/repository/io/grpc/grpc-core/1.17.1/grpc-core-1.17.1.jar:/home/user/.m2/repository/io/grpc/grpc-context/1.17.1/grpc-context-1.17.1.jar:/home/user/.m2/repository/com/google/errorprone/error_prone_annotations/2.2.0/error_prone_annotations-2.2.0.jar:/home/user/.m2/repository/org/codehaus/mojo/animal-sniffer-annotations/1.17/animal-sniffer-annotations-1.17.jar:/home/user/.m2/repository/io/opencensus/opencensus-api/0.17.0/opencensus-api-0.17.0.jar:/home/user/.m2/repository/io/opencensus/opencensus-contrib-grpc-metrics/0.17.0/opencensus-contrib-grpc-metrics-0.17.0.jar:/home/user/.m2/repository/io/netty/netty-codec-http2/4.1.30.Final/netty-codec-http2-4.1.30.Final.jar:/home/user/.m2/repository/io/netty/netty-codec-http/4.1.30.Final/netty-codec-http-4.1.30.Final.jar:/home/user/.m2/repository/io/netty/netty-codec/4.1.30.Final/netty-codec-4.1.30.Final.jar:/home/user/.m2/repository/io/netty/netty-handler/4.1.30.Final/netty-handler-4.1.30.Final.jar:/home/user/.m2/repository/io/netty/netty-handler-proxy/4.1.30.Final/netty-handler-proxy-4.1.30.Final.jar:/home/user/.m2/repository/io/netty/netty-codec-socks/4.1.30.Final/netty-codec-socks-4.1.30.Final.jar:/home/user/.m2/repository/io/netty/netty-transport-native-epoll/4.1.30.Final/netty-transport-native-epoll-4.1.30.Final.jar:/home/user/.m2/repository/io/netty/netty-common/4.1.30.Final/netty-common-4.1.30.Final.jar:/home/user/.m2/repository/io/netty/netty-buffer/4.1.30.Final/netty-buffer-4.1.30.Final.jar:/home/user/.m2/repository/io/netty/netty-transport/4.1.30.Final/netty-transport-4.1.30.Final.jar:/home/user/.m2/repository/io/netty/netty-resolver/4.1.30.Final/netty-resolver-4.1.30.Final.jar:/home/user/.m2/repository/io/netty/netty-transport-native-unix-common/4.1.30.Final/netty-transport-native-unix-common-4.1.30.Final.jar:/home/user/.m2/repository/io/grpc/grpc-protobuf/1.17.1/grpc-protobuf-1.17.1.jar:/home/user/.m2/repository/com/google/api/grpc/proto-google-common-protos/1.0.0/proto-google-common-protos-1.0.0.jar:/home/user/.m2/repository/io/grpc/grpc-protobuf-lite/1.17.1/grpc-protobuf-lite-1.17.1.jar:/home/user/.m2/repository/io/grpc/grpc-stub/1.17.1/grpc-stub-1.17.1.jar:/home/user/.m2/repository/org/apache/hadoop/hadoop-ozone-recon/0.5.0-SNAPSHOT/hadoop-ozone-recon-0.5.0-SNAPSHOT.jar:/home/user/.m2/repository/org/apache/hadoop/hadoop-ozone-reconcodegen/0.5.0-SNAPSHOT/hadoop-ozone-reconcodegen-0.5.0-SNAPSHOT.jar:/home/user/.m2/repository/com/google/inject/extensions/guice-multibindings/4.0/guice-multibindings-4.0.jar:/home/user/.m2/repository/com/google/inject/guice/4.0/guice-4.0.jar:/home/user/.m2/repository/aopalliance/aopalliance/1.0/aopalliance-1.0.jar:/home/user/.m2/repository/org/glassfish/jersey/containers/jersey-container-servlet/2.27/jersey-container-servlet-2.27.jar:/home/user/.m2/repository/org/glassfish/hk2/guice-bridge/2.5.0/guice-bridge-2.5.0.jar:/home/user/.m2/repository/org/glassfish/jersey/core/jersey-server/2.27/jersey-server-2.27.jar:/home/user/.m2/repository/org/glassfish/jersey/core/jersey-client/2.27/jersey-client-2.27.jar:/home/user/.m2/repository/org/glassfish/jersey/media/jersey-media-jaxb/2.27/jersey-media-jaxb-2.27.jar:/home/user/.m2/repository/javax/validation/validation-api/1.1.0.Final/validation-api-1.1.0.Final.jar:/home/user/.m2/repository/org/glassfish/jersey/media/jersey-media-json-jackson/2.27/jersey-media-json-jackson-2.27.jar:/home/user/.m2/repository/org/glassfish/jersey/ext/jersey-entity-filtering/2.27/jersey-entity-filtering-2.27.jar:/home/user/.m2/repository/com/google/inject/extensions/guice-assistedinject/4.0/guice-assistedinject-4.0.jar:/home/user/.m2/repository/org/jooq/jooq/3.11.10/jooq-3.11.10.jar:/home/user/.m2/repository/org/jooq/jooq-meta/3.11.10/jooq-meta-3.11.10.jar:/home/user/.m2/repository/org/jooq/jooq-codegen/3.11.10/jooq-codegen-3.11.10.jar:/home/user/.m2/repository/com/jolbox/bonecp/0.8.0.RELEASE/bonecp-0.8.0.RELEASE.jar:/home/user/.m2/repository/org/springframework/spring-jdbc/5.1.3.RELEASE/spring-jdbc-5.1.3.RELEASE.jar:/home/user/.m2/repository/org/springframework/spring-beans/5.1.3.RELEASE/spring-beans-5.1.3.RELEASE.jar:/home/user/.m2/repository/org/springframework/spring-core/5.1.3.RELEASE/spring-core-5.1.3.RELEASE.jar:/home/user/.m2/repository/org/springframework/spring-jcl/5.1.3.RELEASE/spring-jcl-5.1.3.RELEASE.jar:/home/user/.m2/repository/org/springframework/spring-tx/5.1.3.RELEASE/spring-tx-5.1.3.RELEASE.jar:/home/user/.m2/repository/org/mockito/mockito-all/1.10.19/mockito-all-1.10.19.jar:/home/user/.m2/repository/junit/junit/4.11/junit-4.11.jar:/home/user/.m2/repository/org/hamcrest/hamcrest-core/1.3/hamcrest-core-1.3.jar:/home/user/.m2/repository/org/apache/hadoop/hadoop-distcp/3.2.0/hadoop-distcp-3.2.0.jar:/home/user/.m2/repository/org/apache/hadoop/hadoop-distcp/3.2.0/hadoop-distcp-3.2.0-tests.jar:/home/user/.m2/repository/org/apache/hadoop/hadoop-mapreduce-client-jobclient/3.2.0/hadoop-mapreduce-client-jobclient-3.2.0.jar:/home/user/.m2/repository/org/apache/hadoop/hadoop-mapreduce-client-common/3.2.0/hadoop-mapreduce-client-common-3.2.0.jar:/home/user/.m2/repository/org/apache/hadoop/hadoop-yarn-common/3.2.0/hadoop-yarn-common-3.2.0.jar:/home/user/.m2/repository/org/apache/hadoop/hadoop-yarn-api/3.2.0/hadoop-yarn-api-3.2.0.jar:/home/user/.m2/repository/com/sun/jersey/jersey-client/1.19/jersey-client-1.19.jar:/home/user/.m2/repository/com/sun/jersey/contribs/jersey-guice/1.19/jersey-guice-1.19.jar:/home/user/.m2/repository/com/fasterxml/jackson/jaxrs/jackson-jaxrs-json-provider/2.9.5/jackson-jaxrs-json-provider-2.9.5.jar:/home/user/.m2/repository/com/fasterxml/jackson/jaxrs/jackson-jaxrs-base/2.9.5/jackson-jaxrs-base-2.9.5.jar:/home/user/.m2/repository/org/apache/hadoop/hadoop-yarn-client/3.2.0/hadoop-yarn-client-3.2.0.jar:/home/user/.m2/repository/org/apache/hadoop/hadoop-mapreduce-client-core/3.2.0/hadoop-mapreduce-client-core-3.2.0.jar:/home/user/.m2/repository/com/google/inject/extensions/guice-servlet/4.0/guice-servlet-4.0.jar:/home/user/.m2/repository/org/powermock/powermock-module-junit4/1.6.5/powermock-module-junit4-1.6.5.jar:/home/user/.m2/repository/org/powermock/powermock-module-junit4-common/1.6.5/powermock-module-junit4-common-1.6.5.jar:/home/user/.m2/repository/org/powermock/powermock-core/1.6.5/powermock-core-1.6.5.jar:/home/user/.m2/repository/org/powermock/powermock-reflect/1.6.5/powermock-reflect-1.6.5.jar:/home/user/.m2/repository/org/powermock/powermock-api-mockito/1.6.5/powermock-api-mockito-1.6.5.jar:/home/user/.m2/repository/org/mockito/mockito-core/1.10.19/mockito-core-1.10.19.jar:/home/user/.m2/repository/org/objenesis/objenesis/1.0/objenesis-1.0.jar:/home/user/.m2/repository/org/powermock/powermock-api-mockito-common/1.6.5/powermock-api-mockito-common-1.6.5.jar:/home/user/.m2/repository/org/powermock/powermock-api-support/1.6.5/powermock-api-support-1.6.5.jar:"/>
    <property name="sun.cpu.endian" value="little"/>
    <property name="user.home" value="/home/user"/>
    <property name="user.language" value="en"/>
    <property name="java.specification.vendor" value="Oracle Corporation"/>
    <property name="java.home" value="/usr/lib/jvm/java-1.8-openjdk/jre"/>
    <property name="java.security.krb5.conf" value="/workdir/hadoop-ozone/ozonefs/target/test-classes/krb5.conf"/>
    <property name="basedir" value="/workdir/hadoop-ozone/ozonefs"/>
    <property name="file.separator" value="/"/>
    <property name="line.separator" value="&#10;"/>
    <property name="java.vm.specification.vendor" value="Oracle Corporation"/>
    <property name="java.specification.name" value="Java Platform API Specification"/>
    <property name="java.awt.graphicsenv" value="sun.awt.X11GraphicsEnvironment"/>
    <property name="surefire.real.class.path" value="/workdir/hadoop-ozone/ozonefs/target/surefire/surefirebooter7433651497906085288.jar"/>
    <property name="hadoop.log.dir" value="/workdir/hadoop-ozone/ozonefs/target/log"/>
    <property name="sun.boot.class.path" value="/usr/lib/jvm/java-1.8-openjdk/jre/lib/resources.jar:/usr/lib/jvm/java-1.8-openjdk/jre/lib/rt.jar:/usr/lib/jvm/java-1.8-openjdk/jre/lib/sunrsasign.jar:/usr/lib/jvm/java-1.8-openjdk/jre/lib/jsse.jar:/usr/lib/jvm/java-1.8-openjdk/jre/lib/jce.jar:/usr/lib/jvm/java-1.8-openjdk/jre/lib/charsets.jar:/usr/lib/jvm/java-1.8-openjdk/jre/lib/jfr.jar:/usr/lib/jvm/java-1.8-openjdk/jre/classes"/>
    <property name="sun.management.compiler" value="HotSpot 64-Bit Tiered Compilers"/>
    <property name="java.runtime.version" value="1.8.0_212-b04"/>
    <property name="java.net.preferIPv4Stack" value="true"/>
    <property name="user.name" value="jenkins1000"/>
    <property name="path.separator" value=":"/>
    <property name="java.security.egd" value="file:///dev/urandom"/>
    <property name="os.version" value="3.10.0-957.12.2.el7.x86_64"/>
    <property name="java.endorsed.dirs" value="/usr/lib/jvm/java-1.8-openjdk/jre/lib/endorsed"/>
    <property name="java.runtime.name" value="OpenJDK Runtime Environment"/>
    <property name="file.encoding" value="UTF-8"/>
    <property name="java.vm.name" value="OpenJDK 64-Bit Server VM"/>
    <property name="test.build.webapps" value=""/>
    <property name="localRepository" value="/home/user/.m2/repository"/>
    <property name="java.vendor.url.bug" value="https://icedtea.classpath.org/bugzilla"/>
    <property name="java.io.tmpdir" value="/tmp"/>
    <property name="require.test.libhadoop" value=""/>
    <property name="java.version" value="1.8.0_212"/>
    <property name="user.dir" value="/workdir/hadoop-ozone/ozonefs"/>
    <property name="os.arch" value="amd64"/>
    <property name="java.vm.specification.name" value="Java Virtual Machine Specification"/>
    <property name="test.build.classes" value="/workdir/hadoop-ozone/ozonefs/target/test-classes"/>
    <property name="java.awt.printerjob" value="sun.print.PSPrinterJob"/>
    <property name="sun.os.patch.level" value="unknown"/>
    <property name="hadoop.tmp.dir" value="/workdir/hadoop-ozone/ozonefs/target/tmp"/>
    <property name="java.library.path" value="/usr/lib/jvm/java-1.8-openjdk/jre/lib/amd64/server:/usr/lib/jvm/java-1.8-openjdk/jre/lib/amd64:/usr/lib/jvm/java-1.8-openjdk/jre/../lib/amd64:/workdir/hadoop-ozone/ozonefs/target/native/target/usr/local/lib:/workdir/hadoop-ozone/ozonefs/../../hadoop-common-project/hadoop-common/target/native/target/usr/local/lib:/usr/java/packages/lib/amd64:/usr/lib64:/lib64:/lib:/usr/lib"/>
    <property name="java.vm.info" value="mixed mode"/>
    <property name="java.vendor" value="IcedTea"/>
    <property name="java.vm.version" value="25.212-b04"/>
    <property name="java.ext.dirs" value="/usr/lib/jvm/java-1.8-openjdk/jre/lib/ext:/usr/java/packages/lib/ext"/>
    <property name="sun.io.unicode.encoding" value="UnicodeLittle"/>
    <property name="java.class.version" value="52.0"/>
  </properties>
  <testcase name="testOzoneFsServiceLoader" classname="org.apache.hadoop.fs.ozone.TestOzoneFileSystem" time="23.715"/>
  <testcase name="testListStatusOnRoot" classname="org.apache.hadoop.fs.ozone.TestOzoneFileSystem" time="18.405"/>
  <testcase name="testListStatusOnSubDirs" classname="org.apache.hadoop.fs.ozone.TestOzoneFileSystem" time="18.215">
    <error message="Allocated 0 blocks. Requested 1 blocks" type="INTERNAL_ERROR org.apache.hadoop.ozone.om.exceptions.OMException">INTERNAL_ERROR org.apache.hadoop.ozone.om.exceptions.OMException: Allocated 0 blocks. Requested 1 blocks
	at org.apache.hadoop.ozone.om.protocolPB.OzoneManagerProtocolClientSideTranslatorPB.handleError(OzoneManagerProtocolClientSideTranslatorPB.java:725)
	at org.apache.hadoop.ozone.om.protocolPB.OzoneManagerProtocolClientSideTranslatorPB.createFile(OzoneManagerProtocolClientSideTranslatorPB.java:1474)
	at org.apache.hadoop.ozone.client.rpc.RpcClient.createFile(RpcClient.java:984)
	at org.apache.hadoop.ozone.client.OzoneBucket.createFile(OzoneBucket.java:535)
	at org.apache.hadoop.fs.ozone.BasicOzoneClientAdapterImpl.createFile(BasicOzoneClientAdapterImpl.java:181)
	at org.apache.hadoop.fs.ozone.BasicOzoneFileSystem.createOutputStream(BasicOzoneFileSystem.java:249)
	at org.apache.hadoop.fs.ozone.BasicOzoneFileSystem.create(BasicOzoneFileSystem.java:230)
	at org.apache.hadoop.fs.FileSystem.create(FileSystem.java:1118)
	at org.apache.hadoop.fs.FileSystem.create(FileSystem.java:1098)
	at org.apache.hadoop.fs.FileSystem.create(FileSystem.java:987)
	at org.apache.hadoop.fs.contract.ContractTestUtils.createFile(ContractTestUtils.java:633)
	at org.apache.hadoop.fs.contract.ContractTestUtils.touch(ContractTestUtils.java:669)
	at org.apache.hadoop.fs.ozone.TestOzoneFileSystem.testListStatusOnSubDirs(TestOzoneFileSystem.java:271)
	at sun.reflect.NativeMethodAccessorImpl.invoke0(Native Method)
	at sun.reflect.NativeMethodAccessorImpl.invoke(NativeMethodAccessorImpl.java:62)
	at sun.reflect.DelegatingMethodAccessorImpl.invoke(DelegatingMethodAccessorImpl.java:43)
	at java.lang.reflect.Method.invoke(Method.java:498)
	at org.junit.runners.model.FrameworkMethod$1.runReflectiveCall(FrameworkMethod.java:47)
	at org.junit.internal.runners.model.ReflectiveCallable.run(ReflectiveCallable.java:12)
	at org.junit.runners.model.FrameworkMethod.invokeExplosively(FrameworkMethod.java:44)
	at org.junit.internal.runners.statements.InvokeMethod.evaluate(InvokeMethod.java:17)
	at org.junit.internal.runners.statements.RunBefores.evaluate(RunBefores.java:26)
	at org.junit.internal.runners.statements.RunAfters.evaluate(RunAfters.java:27)
	at org.junit.internal.runners.statements.FailOnTimeout$StatementThread.run(FailOnTimeout.java:74)
</error>
    <system-out><![CDATA[2019-09-19 14:38:11,628 [Thread-530] WARN  server.ServerUtils (ServerUtils.java:getScmDbDir(145)) - ozone.scm.db.dirs is not configured. We recommend adding this setting. Falling back to ozone.metadata.dirs instead.
2019-09-19 14:38:11,653 [Thread-530] WARN  server.ServerUtils (ServerUtils.java:getScmDbDir(145)) - ozone.scm.db.dirs is not configured. We recommend adding this setting. Falling back to ozone.metadata.dirs instead.
2019-09-19 14:38:11,663 [Thread-530] WARN  server.ServerUtils (ServerUtils.java:getScmDbDir(145)) - ozone.scm.db.dirs is not configured. We recommend adding this setting. Falling back to ozone.metadata.dirs instead.
2019-09-19 14:38:11,664 [Thread-530] INFO  db.DBStoreBuilder (DBStoreBuilder.java:addTable(110)) - using custom profile for table: deletedBlocks
2019-09-19 14:38:11,664 [Thread-530] INFO  db.DBStoreBuilder (DBStoreBuilder.java:processTables(161)) - Using default column profile:DBProfile.DISK for Table:deletedBlocks
2019-09-19 14:38:11,665 [Thread-530] INFO  db.DBStoreBuilder (DBStoreBuilder.java:addTable(110)) - using custom profile for table: validCerts
2019-09-19 14:38:11,665 [Thread-530] INFO  db.DBStoreBuilder (DBStoreBuilder.java:processTables(161)) - Using default column profile:DBProfile.DISK for Table:validCerts
2019-09-19 14:38:11,665 [Thread-530] INFO  db.DBStoreBuilder (DBStoreBuilder.java:addTable(110)) - using custom profile for table: revokedCerts
2019-09-19 14:38:11,665 [Thread-530] INFO  db.DBStoreBuilder (DBStoreBuilder.java:processTables(161)) - Using default column profile:DBProfile.DISK for Table:revokedCerts
2019-09-19 14:38:11,666 [Thread-530] INFO  db.DBStoreBuilder (DBStoreBuilder.java:addTable(110)) - using custom profile for table: default
2019-09-19 14:38:11,666 [Thread-530] INFO  db.DBStoreBuilder (DBStoreBuilder.java:processTables(167)) - Using default column profile:DBProfile.DISK for Table:default
2019-09-19 14:38:11,666 [Thread-530] INFO  db.DBStoreBuilder (DBStoreBuilder.java:getDbProfile(198)) - Using default options. DBProfile.DISK
2019-09-19 14:38:11,939 [Thread-530] INFO  net.NodeSchemaLoader (NodeSchemaLoader.java:loadSchemaFromFile(125)) - Loading file from sun.misc.CompoundEnumeration@526ff4b
2019-09-19 14:38:11,939 [Thread-530] INFO  net.NodeSchemaLoader (NodeSchemaLoader.java:loadSchema(171)) - Loading network topology layer schema file
2019-09-19 14:38:11,946 [Thread-530] WARN  server.ServerUtils (ServerUtils.java:sanitizeUserArgs(70)) - ozone.scm.stale.node.interval value = 300000 is larger than max = 100000 based on the key value of ozone.scm.heartbeat.thread.interval, reset to the max value 100000.
2019-09-19 14:38:11,946 [Thread-530] WARN  server.ServerUtils (ServerUtils.java:sanitizeUserArgs(70)) - ozone.scm.stale.node.interval value = 300000 is larger than max = 100000 based on the key value of ozone.scm.heartbeat.thread.interval, reset to the max value 100000.
2019-09-19 14:38:11,947 [Thread-530] INFO  node.SCMNodeManager (SCMNodeManager.java:<init>(121)) - Entering startup safe mode.
2019-09-19 14:38:11,948 [Thread-530] INFO  algorithms.ContainerPlacementPolicyFactory (ContainerPlacementPolicyFactory.java:getPolicy(56)) - Create container placement policy of type org.apache.hadoop.hdds.scm.container.placement.algorithms.SCMContainerPlacementRandom
2019-09-19 14:38:11,948 [Thread-530] WARN  server.ServerUtils (ServerUtils.java:getScmDbDir(145)) - ozone.scm.db.dirs is not configured. We recommend adding this setting. Falling back to ozone.metadata.dirs instead.
2019-09-19 14:38:12,096 [Thread-530] INFO  pipeline.SCMPipelineManager (SCMPipelineManager.java:initializePipelineState(126)) - No pipeline exists in current db
2019-09-19 14:38:12,097 [Thread-530] WARN  server.ServerUtils (ServerUtils.java:getScmDbDir(145)) - ozone.scm.db.dirs is not configured. We recommend adding this setting. Falling back to ozone.metadata.dirs instead.
2019-09-19 14:38:12,246 [Thread-530] WARN  events.EventQueue (EventQueue.java:fireEvent(175)) - No event handler registered for event TypedEvent{payloadType=SafeModeStatus, name='SafeModeStatus'}
2019-09-19 14:38:12,411 [Thread-530] INFO  ipc.CallQueueManager (CallQueueManager.java:<init>(84)) - Using callQueue: class java.util.concurrent.LinkedBlockingQueue, queueCapacity: 2000, scheduler: class org.apache.hadoop.ipc.DefaultRpcScheduler, ipcBackoff: false.
2019-09-19 14:38:12,493 [Socket Reader #1 for port 39681] INFO  ipc.Server (Server.java:run(1074)) - Starting Socket Reader #1 for port 39681
2019-09-19 14:38:12,495 [Thread-530] INFO  ipc.CallQueueManager (CallQueueManager.java:<init>(84)) - Using callQueue: class java.util.concurrent.LinkedBlockingQueue, queueCapacity: 2000, scheduler: class org.apache.hadoop.ipc.DefaultRpcScheduler, ipcBackoff: false.
2019-09-19 14:38:12,496 [Socket Reader #1 for port 40892] INFO  ipc.Server (Server.java:run(1074)) - Starting Socket Reader #1 for port 40892
2019-09-19 14:38:12,502 [Thread-530] INFO  ipc.CallQueueManager (CallQueueManager.java:<init>(84)) - Using callQueue: class java.util.concurrent.LinkedBlockingQueue, queueCapacity: 2000, scheduler: class org.apache.hadoop.ipc.DefaultRpcScheduler, ipcBackoff: false.
2019-09-19 14:38:12,503 [Socket Reader #1 for port 46132] INFO  ipc.Server (Server.java:run(1074)) - Starting Socket Reader #1 for port 46132
2019-09-19 14:38:12,505 [Thread-530] INFO  hdfs.DFSUtil (DFSUtil.java:httpServerTemplateForNNAndJN(1641)) - Starting Web-server for scm at: http://0.0.0.0:0
2019-09-19 14:38:12,507 [Thread-530] INFO  server.AuthenticationFilter (AuthenticationFilter.java:constructSecretProvider(240)) - Unable to initialize FileSignerSecretProvider, falling back to use random secrets.
2019-09-19 14:38:12,508 [Thread-530] WARN  http.HttpRequestLog (HttpRequestLog.java:getRequestLog(97)) - Jetty request log can only be enabled using Log4j
2019-09-19 14:38:12,509 [Thread-530] INFO  http.HttpServer2 (HttpServer2.java:addGlobalFilter(975)) - Added global filter 'safety' (class=org.apache.hadoop.http.HttpServer2$QuotingInputFilter)
2019-09-19 14:38:12,510 [Thread-530] INFO  http.HttpServer2 (HttpServer2.java:addFilter(948)) - Added filter static_user_filter (class=org.apache.hadoop.http.lib.StaticUserWebFilter$StaticUserFilter) to context scm
2019-09-19 14:38:12,510 [Thread-530] INFO  http.HttpServer2 (HttpServer2.java:addFilter(958)) - Added filter static_user_filter (class=org.apache.hadoop.http.lib.StaticUserWebFilter$StaticUserFilter) to context logs
2019-09-19 14:38:12,510 [Thread-530] INFO  http.HttpServer2 (HttpServer2.java:addFilter(958)) - Added filter static_user_filter (class=org.apache.hadoop.http.lib.StaticUserWebFilter$StaticUserFilter) to context static
2019-09-19 14:38:12,512 [Thread-530] INFO  server.StorageContainerManager (StorageContainerManager.java:start(759)) - StorageContainerLocationProtocol RPC server is listening at /0.0.0.0:46132
2019-09-19 14:38:12,513 [Thread-530] WARN  impl.MetricsConfig (MetricsConfig.java:loadFirst(134)) - Cannot locate configuration: tried hadoop-metrics2-storagecontainermanager.properties,hadoop-metrics2.properties
2019-09-19 14:38:12,514 [Thread-530] INFO  impl.MetricsSystemImpl (MetricsSystemImpl.java:startTimer(374)) - Scheduled Metric snapshot period at 10 second(s).
2019-09-19 14:38:12,514 [Thread-530] INFO  impl.MetricsSystemImpl (MetricsSystemImpl.java:start(191)) - StorageContainerManager metrics system started
2019-09-19 14:38:12,550 [Thread-530] INFO  server.SCMClientProtocolServer (SCMClientProtocolServer.java:start(151)) - RPC server for Client  is listening at /0.0.0.0:46132
2019-09-19 14:38:12,550 [IPC Server Responder] INFO  ipc.Server (Server.java:run(1314)) - IPC Server Responder: starting
2019-09-19 14:38:12,550 [IPC Server listener on 46132] INFO  ipc.Server (Server.java:run(1153)) - IPC Server listener on 46132: starting
2019-09-19 14:38:12,553 [Thread-530] INFO  server.StorageContainerManager (StorageContainerManager.java:start(769)) - ScmBlockLocationProtocol RPC server is listening at /0.0.0.0:40892
2019-09-19 14:38:12,553 [Thread-530] INFO  server.SCMBlockProtocolServer (SCMBlockProtocolServer.java:start(140)) - RPC server for Block Protocol is listening at /0.0.0.0:40892
2019-09-19 14:38:12,554 [IPC Server Responder] INFO  ipc.Server (Server.java:run(1314)) - IPC Server Responder: starting
2019-09-19 14:38:12,554 [IPC Server listener on 40892] INFO  ipc.Server (Server.java:run(1153)) - IPC Server listener on 40892: starting
2019-09-19 14:38:12,557 [Thread-530] INFO  server.StorageContainerManager (StorageContainerManager.java:start(773)) - ScmDatanodeProtocl RPC server is listening at /0.0.0.0:39681
2019-09-19 14:38:12,557 [Thread-530] INFO  server.SCMDatanodeProtocolServer (SCMDatanodeProtocolServer.java:start(191)) - RPC server for DataNodes is listening at /0.0.0.0:39681
2019-09-19 14:38:12,557 [IPC Server Responder] INFO  ipc.Server (Server.java:run(1314)) - IPC Server Responder: starting
2019-09-19 14:38:12,558 [IPC Server listener on 39681] INFO  ipc.Server (Server.java:run(1153)) - IPC Server listener on 39681: starting
2019-09-19 14:38:12,561 [Thread-530] INFO  http.HttpServer2 (HttpServer2.java:bindListener(1191)) - Jetty bound to port 43082
2019-09-19 14:38:12,561 [Thread-530] INFO  server.Server (Server.java:doStart(351)) - jetty-9.3.24.v20180605, build timestamp: 2018-06-05T17:11:56Z, git hash: 84205aa28f11a4f31f2a3b86d1bba2cc8ab69827
2019-09-19 14:38:12,563 [Thread-530] INFO  handler.ContextHandler (ContextHandler.java:doStart(781)) - Started o.e.j.s.ServletContextHandler@8c725a3{/logs,file:///workdir/hadoop-ozone/ozonefs/target/log,AVAILABLE}
2019-09-19 14:38:12,564 [Thread-530] INFO  handler.ContextHandler (ContextHandler.java:doStart(781)) - Started o.e.j.s.ServletContextHandler@e10a245{/static,jar:file:/home/user/.m2/repository/org/apache/hadoop/hadoop-hdds-server-scm/0.5.0-SNAPSHOT/hadoop-hdds-server-scm-0.5.0-SNAPSHOT.jar!/webapps/static,AVAILABLE}
2019-09-19 14:38:12,606 [Thread-530] INFO  handler.ContextHandler (ContextHandler.java:doStart(781)) - Started o.e.j.w.WebAppContext@2c0c94e5{/,file:///tmp/jetty-0.0.0.0-43082-scm-_-any-6389457263964657423.dir/webapp/,AVAILABLE}{/scm}
2019-09-19 14:38:12,607 [Thread-530] INFO  server.AbstractConnector (AbstractConnector.java:doStart(278)) - Started ServerConnector@4b05d9a5{HTTP/1.1,[http/1.1]}{0.0.0.0:43082}
2019-09-19 14:38:12,608 [Thread-530] INFO  server.Server (Server.java:doStart(419)) - Started @43572ms
2019-09-19 14:38:12,609 [Thread-530] INFO  server.BaseHttpServer (BaseHttpServer.java:updateConnectorAddress(213)) - HTTP server of SCM is listening at http://0.0.0.0:43082
2019-09-19 14:38:12,609 [Thread-530] WARN  server.ServerUtils (ServerUtils.java:getDBPath(222)) - ozone.om.db.dirs is not configured. We recommend adding this setting. Falling back to ozone.metadata.dirs instead.
2019-09-19 14:38:12,610 [org.apache.hadoop.util.JvmPauseMonitor$Monitor@5715ac42] INFO  util.JvmPauseMonitor (JvmPauseMonitor.java:run(188)) - Starting JVM pause monitor
2019-09-19 14:38:12,644 [Thread-530] WARN  server.ServerUtils (ServerUtils.java:getDBPath(222)) - ozone.om.db.dirs is not configured. We recommend adding this setting. Falling back to ozone.metadata.dirs instead.
2019-09-19 14:38:12,645 [Thread-530] WARN  server.ServerUtils (ServerUtils.java:getDBPath(222)) - ozone.om.db.dirs is not configured. We recommend adding this setting. Falling back to ozone.metadata.dirs instead.
2019-09-19 14:38:12,645 [Thread-530] INFO  om.OzoneManager (OzoneManager.java:setOMNodeDetails(645)) - OM Service ID is not set. Setting it to the default ID: omServiceIdDefault
2019-09-19 14:38:12,645 [Thread-530] INFO  om.OzoneManager (OzoneManager.java:setOMNodeDetails(651)) - OM Node ID is not set. Setting it to the OmStorage's OmID: 52862181-d36d-405c-b063-1013a6ca2b75
2019-09-19 14:38:12,646 [Thread-530] INFO  om.OzoneManager (OzoneManager.java:loadOMHAConfigs(602)) - Found matching OM address with OMServiceId: null, OMNodeId: null, RPC Address: localhost:0 and Ratis port: 9872
2019-09-19 14:38:12,651 | INFO  | SCMAudit | user=jenkins1000 | ip=192.168.5.132 | op=GET_SCM_INFO null | ret=SUCCESS |  
2019-09-19 14:38:12,653 [Thread-530] WARN  server.ServerUtils (ServerUtils.java:getDBPath(222)) - ozone.om.db.dirs is not configured. We recommend adding this setting. Falling back to ozone.metadata.dirs instead.
2019-09-19 14:38:12,654 [Thread-530] INFO  db.DBStoreBuilder (DBStoreBuilder.java:addTable(110)) - using custom profile for table: userTable
2019-09-19 14:38:12,654 [Thread-530] INFO  db.DBStoreBuilder (DBStoreBuilder.java:processTables(161)) - Using default column profile:DBProfile.DISK for Table:userTable
2019-09-19 14:38:12,654 [Thread-530] INFO  db.DBStoreBuilder (DBStoreBuilder.java:addTable(110)) - using custom profile for table: volumeTable
2019-09-19 14:38:12,654 [Thread-530] INFO  db.DBStoreBuilder (DBStoreBuilder.java:processTables(161)) - Using default column profile:DBProfile.DISK for Table:volumeTable
2019-09-19 14:38:12,655 [Thread-530] INFO  db.DBStoreBuilder (DBStoreBuilder.java:addTable(110)) - using custom profile for table: bucketTable
2019-09-19 14:38:12,655 [Thread-530] INFO  db.DBStoreBuilder (DBStoreBuilder.java:processTables(161)) - Using default column profile:DBProfile.DISK for Table:bucketTable
2019-09-19 14:38:12,655 [Thread-530] INFO  db.DBStoreBuilder (DBStoreBuilder.java:addTable(110)) - using custom profile for table: keyTable
2019-09-19 14:38:12,655 [Thread-530] INFO  db.DBStoreBuilder (DBStoreBuilder.java:processTables(161)) - Using default column profile:DBProfile.DISK for Table:keyTable
2019-09-19 14:38:12,656 [Thread-530] INFO  db.DBStoreBuilder (DBStoreBuilder.java:addTable(110)) - using custom profile for table: deletedTable
2019-09-19 14:38:12,656 [Thread-530] INFO  db.DBStoreBuilder (DBStoreBuilder.java:processTables(161)) - Using default column profile:DBProfile.DISK for Table:deletedTable
2019-09-19 14:38:12,656 [Thread-530] INFO  db.DBStoreBuilder (DBStoreBuilder.java:addTable(110)) - using custom profile for table: openKeyTable
2019-09-19 14:38:12,656 [Thread-530] INFO  db.DBStoreBuilder (DBStoreBuilder.java:processTables(161)) - Using default column profile:DBProfile.DISK for Table:openKeyTable
2019-09-19 14:38:12,656 [Thread-530] INFO  db.DBStoreBuilder (DBStoreBuilder.java:addTable(110)) - using custom profile for table: s3Table
2019-09-19 14:38:12,657 [Thread-530] INFO  db.DBStoreBuilder (DBStoreBuilder.java:processTables(161)) - Using default column profile:DBProfile.DISK for Table:s3Table
2019-09-19 14:38:12,657 [Thread-530] INFO  db.DBStoreBuilder (DBStoreBuilder.java:addTable(110)) - using custom profile for table: multipartInfoTable
2019-09-19 14:38:12,657 [Thread-530] INFO  db.DBStoreBuilder (DBStoreBuilder.java:processTables(161)) - Using default column profile:DBProfile.DISK for Table:multipartInfoTable
2019-09-19 14:38:12,657 [Thread-530] INFO  db.DBStoreBuilder (DBStoreBuilder.java:addTable(110)) - using custom profile for table: dTokenTable
2019-09-19 14:38:12,657 [Thread-530] INFO  db.DBStoreBuilder (DBStoreBuilder.java:processTables(161)) - Using default column profile:DBProfile.DISK for Table:dTokenTable
2019-09-19 14:38:12,658 [Thread-530] INFO  db.DBStoreBuilder (DBStoreBuilder.java:addTable(110)) - using custom profile for table: s3SecretTable
2019-09-19 14:38:12,658 [Thread-530] INFO  db.DBStoreBuilder (DBStoreBuilder.java:processTables(161)) - Using default column profile:DBProfile.DISK for Table:s3SecretTable
2019-09-19 14:38:12,658 [Thread-530] INFO  db.DBStoreBuilder (DBStoreBuilder.java:addTable(110)) - using custom profile for table: prefixTable
2019-09-19 14:38:12,658 [Thread-530] INFO  db.DBStoreBuilder (DBStoreBuilder.java:processTables(161)) - Using default column profile:DBProfile.DISK for Table:prefixTable
2019-09-19 14:38:12,658 [Thread-530] INFO  db.DBStoreBuilder (DBStoreBuilder.java:addTable(110)) - using custom profile for table: default
2019-09-19 14:38:12,658 [Thread-530] INFO  db.DBStoreBuilder (DBStoreBuilder.java:processTables(167)) - Using default column profile:DBProfile.DISK for Table:default
2019-09-19 14:38:12,659 [Thread-530] INFO  db.DBStoreBuilder (DBStoreBuilder.java:getDbProfile(198)) - Using default options. DBProfile.DISK
2019-09-19 14:38:13,538 [Thread-530] INFO  ipc.CallQueueManager (CallQueueManager.java:<init>(84)) - Using callQueue: class java.util.concurrent.LinkedBlockingQueue, queueCapacity: 2000, scheduler: class org.apache.hadoop.ipc.DefaultRpcScheduler, ipcBackoff: false.
2019-09-19 14:38:13,539 [Socket Reader #1 for port 35090] INFO  ipc.Server (Server.java:run(1074)) - Starting Socket Reader #1 for port 35090
2019-09-19 14:38:13,558 [Thread-530] INFO  om.OzoneManager (OzoneManager.java:start(1256)) - OzoneManager RPC server is listening at localhost/127.0.0.1:35090
2019-09-19 14:38:13,558 [Thread-530] INFO  impl.MetricsSystemImpl (MetricsSystemImpl.java:init(158)) - OzoneManager metrics system started (again)
2019-09-19 14:38:13,559 [IPC Server Responder] INFO  ipc.Server (Server.java:run(1314)) - IPC Server Responder: starting
2019-09-19 14:38:13,559 [IPC Server listener on 35090] INFO  ipc.Server (Server.java:run(1153)) - IPC Server listener on 35090: starting
2019-09-19 14:38:13,563 [Thread-530] INFO  hdfs.DFSUtil (DFSUtil.java:httpServerTemplateForNNAndJN(1641)) - Starting Web-server for ozoneManager at: http://0.0.0.0:0
2019-09-19 14:38:13,565 [Thread-530] INFO  server.AuthenticationFilter (AuthenticationFilter.java:constructSecretProvider(240)) - Unable to initialize FileSignerSecretProvider, falling back to use random secrets.
2019-09-19 14:38:13,566 [Thread-530] WARN  http.HttpRequestLog (HttpRequestLog.java:getRequestLog(97)) - Jetty request log can only be enabled using Log4j
2019-09-19 14:38:13,568 [Thread-530] INFO  http.HttpServer2 (HttpServer2.java:addGlobalFilter(975)) - Added global filter 'safety' (class=org.apache.hadoop.http.HttpServer2$QuotingInputFilter)
2019-09-19 14:38:13,569 [Thread-530] INFO  http.HttpServer2 (HttpServer2.java:addFilter(948)) - Added filter static_user_filter (class=org.apache.hadoop.http.lib.StaticUserWebFilter$StaticUserFilter) to context ozoneManager
2019-09-19 14:38:13,569 [Thread-530] INFO  http.HttpServer2 (HttpServer2.java:addFilter(958)) - Added filter static_user_filter (class=org.apache.hadoop.http.lib.StaticUserWebFilter$StaticUserFilter) to context logs
2019-09-19 14:38:13,570 [Thread-530] INFO  http.HttpServer2 (HttpServer2.java:addFilter(958)) - Added filter static_user_filter (class=org.apache.hadoop.http.lib.StaticUserWebFilter$StaticUserFilter) to context static
2019-09-19 14:38:13,570 [Thread-530] INFO  http.HttpServer2 (HttpServer2.java:bindListener(1191)) - Jetty bound to port 33424
2019-09-19 14:38:13,571 [Thread-530] INFO  server.Server (Server.java:doStart(351)) - jetty-9.3.24.v20180605, build timestamp: 2018-06-05T17:11:56Z, git hash: 84205aa28f11a4f31f2a3b86d1bba2cc8ab69827
2019-09-19 14:38:13,573 [Thread-530] INFO  handler.ContextHandler (ContextHandler.java:doStart(781)) - Started o.e.j.s.ServletContextHandler@507b09cc{/logs,file:///workdir/hadoop-ozone/ozonefs/target/log,AVAILABLE}
2019-09-19 14:38:13,573 [Thread-530] INFO  handler.ContextHandler (ContextHandler.java:doStart(781)) - Started o.e.j.s.ServletContextHandler@6de1e36b{/static,jar:file:/home/user/.m2/repository/org/apache/hadoop/hadoop-ozone-ozone-manager/0.5.0-SNAPSHOT/hadoop-ozone-ozone-manager-0.5.0-SNAPSHOT.jar!/webapps/static,AVAILABLE}
2019-09-19 14:38:13,632 [Thread-530] INFO  handler.ContextHandler (ContextHandler.java:doStart(781)) - Started o.e.j.w.WebAppContext@40061424{/,file:///tmp/jetty-0.0.0.0-33424-ozoneManager-_-any-2474717737410971641.dir/webapp/,AVAILABLE}{/ozoneManager}
2019-09-19 14:38:13,634 [Thread-530] INFO  server.AbstractConnector (AbstractConnector.java:doStart(278)) - Started ServerConnector@5303fc6d{HTTP/1.1,[http/1.1]}{0.0.0.0:33424}
2019-09-19 14:38:13,634 [Thread-530] INFO  server.Server (Server.java:doStart(419)) - Started @44598ms
2019-09-19 14:38:13,635 [Thread-530] INFO  server.BaseHttpServer (BaseHttpServer.java:updateConnectorAddress(213)) - HTTP server of OZONEMANAGER is listening at http://0.0.0.0:33424
2019-09-19 14:38:13,642 [Thread-530] INFO  impl.MetricsSystemImpl (MetricsSystemImpl.java:init(158)) - HddsDatanode metrics system started (again)
2019-09-19 14:38:13,644 [Thread-530] INFO  ozone.HddsDatanodeService (HddsDatanodeService.java:start(184)) - HddsDatanodeService host:pr-hdds-1569-rzdr8-3403194166 ip:192.168.5.132
2019-09-19 14:38:13,651 [Thread-530] INFO  volume.HddsVolume (HddsVolume.java:<init>(176)) - Creating Volume: /workdir/hadoop-ozone/ozonefs/target/test-dir/MiniOzoneClusterImpl-ca0b0e9e-6896-4a7b-b208-9ea04bbb623c/datanode-0/data/containers/hdds of  storage type : DISK and capacity : 1482555576320
2019-09-19 14:38:13,651 [Thread-530] INFO  volume.VolumeSet (VolumeSet.java:initializeVolumeSet(170)) - Added Volume : /workdir/hadoop-ozone/ozonefs/target/test-dir/MiniOzoneClusterImpl-ca0b0e9e-6896-4a7b-b208-9ea04bbb623c/datanode-0/data/containers/hdds to VolumeSet
2019-09-19 14:38:13,652 [Thread-530] INFO  volume.ThrottledAsyncChecker (ThrottledAsyncChecker.java:schedule(140)) - Scheduling a check for org.apache.hadoop.ozone.container.common.volume.HddsVolume@1e3752a1
2019-09-19 14:38:13,653 [Thread-530] INFO  volume.HddsVolumeChecker (HddsVolumeChecker.java:checkAllVolumes(203)) - Scheduled health check for volume org.apache.hadoop.ozone.container.common.volume.HddsVolume@1e3752a1
2019-09-19 14:38:13,677 [Thread-530] INFO  impl.RaftServerProxy (ConfUtils.java:logGet(43)) - raft.rpc.type = GRPC (default)
2019-09-19 14:38:13,677 [Thread-530] INFO  grpc.GrpcFactory (GrpcFactory.java:checkPooledByteBufAllocatorUseCacheForAllThreads(45)) - PERFORMANCE WARNING: useCacheForAllThreads is true that may cause Netty to create a lot garbage objects and, as a result, trigger GC.
	It is recommended to disable useCacheForAllThreads by setting -Dorg.apache.ratis.thirdparty.io.netty.allocator.useCacheForAllThreads=false in command line.
2019-09-19 14:38:13,678 [Thread-530] INFO  grpc.GrpcConfigKeys$Server (ConfUtils.java:logGet(43)) - raft.grpc.server.port = 0 (default)
2019-09-19 14:38:13,678 [Thread-530] INFO  server.GrpcService (ConfUtils.java:logGet(43)) - raft.grpc.message.size.max = 33570816 (custom)
2019-09-19 14:38:13,679 [Thread-530] INFO  server.RaftServerConfigKeys (ConfUtils.java:logGet(43)) - raft.server.log.appender.buffer.byte-limit = 33554432 (custom)
2019-09-19 14:38:13,679 [Thread-530] INFO  server.GrpcService (ConfUtils.java:logGet(43)) - raft.grpc.flow.control.window = 1MB (=1048576) (default)
2019-09-19 14:38:13,679 [Thread-530] INFO  server.RaftServerConfigKeys (ConfUtils.java:logGet(43)) - raft.server.rpc.request.timeout = 3000ms (default)
2019-09-19 14:38:13,679 [Thread-530] INFO  server.RaftServerConfigKeys (ConfUtils.java:logGet(43)) - raft.server.storage.dir = [/workdir/hadoop-ozone/ozonefs/target/test-dir/MiniOzoneClusterImpl-ca0b0e9e-6896-4a7b-b208-9ea04bbb623c/datanode-0/data/ratis] (custom)
2019-09-19 14:38:13,680 [Thread-530] INFO  replication.SimpleContainerDownloader (SimpleContainerDownloader.java:<init>(72)) - Starting container downloader service to copy containers to replicate.
2019-09-19 14:38:13,681 [Thread-530] INFO  hdfs.DFSUtil (DFSUtil.java:httpServerTemplateForNNAndJN(1641)) - Starting Web-server for hddsDatanode at: http://0.0.0.0:0
2019-09-19 14:38:13,683 [Thread-530] INFO  server.AuthenticationFilter (AuthenticationFilter.java:constructSecretProvider(240)) - Unable to initialize FileSignerSecretProvider, falling back to use random secrets.
2019-09-19 14:38:13,683 [Thread-530] WARN  http.HttpRequestLog (HttpRequestLog.java:getRequestLog(97)) - Jetty request log can only be enabled using Log4j
2019-09-19 14:38:13,685 [Thread-530] INFO  http.HttpServer2 (HttpServer2.java:addGlobalFilter(975)) - Added global filter 'safety' (class=org.apache.hadoop.http.HttpServer2$QuotingInputFilter)
2019-09-19 14:38:13,686 [Thread-530] INFO  http.HttpServer2 (HttpServer2.java:addFilter(948)) - Added filter static_user_filter (class=org.apache.hadoop.http.lib.StaticUserWebFilter$StaticUserFilter) to context hddsDatanode
2019-09-19 14:38:13,686 [Thread-530] INFO  http.HttpServer2 (HttpServer2.java:addFilter(958)) - Added filter static_user_filter (class=org.apache.hadoop.http.lib.StaticUserWebFilter$StaticUserFilter) to context static
2019-09-19 14:38:13,686 [Thread-530] INFO  http.HttpServer2 (HttpServer2.java:addFilter(958)) - Added filter static_user_filter (class=org.apache.hadoop.http.lib.StaticUserWebFilter$StaticUserFilter) to context logs
2019-09-19 14:38:13,686 [Thread-530] INFO  http.HttpServer2 (HttpServer2.java:bindListener(1191)) - Jetty bound to port 42487
2019-09-19 14:38:13,687 [Thread-530] INFO  server.Server (Server.java:doStart(351)) - jetty-9.3.24.v20180605, build timestamp: 2018-06-05T17:11:56Z, git hash: 84205aa28f11a4f31f2a3b86d1bba2cc8ab69827
2019-09-19 14:38:13,688 [Thread-530] INFO  handler.ContextHandler (ContextHandler.java:doStart(781)) - Started o.e.j.s.ServletContextHandler@196e6a93{/logs,file:///workdir/hadoop-ozone/ozonefs/target/log,AVAILABLE}
2019-09-19 14:38:13,688 [Thread-530] INFO  handler.ContextHandler (ContextHandler.java:doStart(781)) - Started o.e.j.s.ServletContextHandler@214ef9f{/static,jar:file:/home/user/.m2/repository/org/apache/hadoop/hadoop-hdds-container-service/0.5.0-SNAPSHOT/hadoop-hdds-container-service-0.5.0-SNAPSHOT.jar!/webapps/static,AVAILABLE}
2019-09-19 14:38:13,715 [Thread-530] INFO  handler.ContextHandler (ContextHandler.java:doStart(781)) - Started o.e.j.w.WebAppContext@7c5ba0d0{/,file:///tmp/jetty-0.0.0.0-42487-hddsDatanode-_-any-678247930515626614.dir/webapp/,AVAILABLE}{/hddsDatanode}
2019-09-19 14:38:13,716 [Thread-530] INFO  server.AbstractConnector (AbstractConnector.java:doStart(278)) - Started ServerConnector@6c634ffc{HTTP/1.1,[http/1.1]}{0.0.0.0:42487}
2019-09-19 14:38:13,716 [Thread-530] INFO  server.Server (Server.java:doStart(419)) - Started @44681ms
2019-09-19 14:38:13,717 [Thread-530] INFO  server.BaseHttpServer (BaseHttpServer.java:updateConnectorAddress(213)) - HTTP server of HDDSDATANODE is listening at http://0.0.0.0:42487
2019-09-19 14:38:13,848 | INFO  | ObjectStoreRestHttpServer | Listening HDDS REST traffic on /0.0.0.0:35948 |  
2019-09-19 14:38:13,848 [Thread-530] INFO  ozone.HddsDatanodeService (HddsDatanodeService.java:startPlugins(395)) - Started plug-in org.apache.hadoop.ozone.web.OzoneHddsDatanodeService@446ebefb
2019-09-19 14:38:13,849 [Thread-530] INFO  impl.MetricsSystemImpl (MetricsSystemImpl.java:init(158)) - HddsDatanode metrics system started (again)
2019-09-19 14:38:13,852 [Thread-530] INFO  ozone.HddsDatanodeService (HddsDatanodeService.java:start(184)) - HddsDatanodeService host:pr-hdds-1569-rzdr8-3403194166 ip:192.168.5.132
2019-09-19 14:38:13,852 [org.apache.hadoop.util.JvmPauseMonitor$Monitor@548f6c4d] INFO  util.JvmPauseMonitor (JvmPauseMonitor.java:run(188)) - Starting JVM pause monitor
2019-09-19 14:38:13,854 [Datanode State Machine Thread - 0] INFO  datanode.InitDatanodeState (InitDatanodeState.java:persistContainerDatanodeDetails(140)) - DatanodeDetails is persisted to /workdir/hadoop-ozone/ozonefs/target/test-dir/MiniOzoneClusterImpl-ca0b0e9e-6896-4a7b-b208-9ea04bbb623c/datanode-0/meta/datanode.id
2019-09-19 14:38:13,860 [Thread-530] INFO  volume.HddsVolume (HddsVolume.java:<init>(176)) - Creating Volume: /workdir/hadoop-ozone/ozonefs/target/test-dir/MiniOzoneClusterImpl-ca0b0e9e-6896-4a7b-b208-9ea04bbb623c/datanode-1/data/containers/hdds of  storage type : DISK and capacity : 1482555576320
2019-09-19 14:38:13,860 [Thread-530] INFO  volume.VolumeSet (VolumeSet.java:initializeVolumeSet(170)) - Added Volume : /workdir/hadoop-ozone/ozonefs/target/test-dir/MiniOzoneClusterImpl-ca0b0e9e-6896-4a7b-b208-9ea04bbb623c/datanode-1/data/containers/hdds to VolumeSet
2019-09-19 14:38:13,860 [Thread-530] INFO  volume.ThrottledAsyncChecker (ThrottledAsyncChecker.java:schedule(140)) - Scheduling a check for org.apache.hadoop.ozone.container.common.volume.HddsVolume@1669e405
2019-09-19 14:38:13,861 [Thread-530] INFO  volume.HddsVolumeChecker (HddsVolumeChecker.java:checkAllVolumes(203)) - Scheduled health check for volume org.apache.hadoop.ozone.container.common.volume.HddsVolume@1669e405
2019-09-19 14:38:13,882 [Thread-530] INFO  impl.RaftServerProxy (ConfUtils.java:logGet(43)) - raft.rpc.type = GRPC (default)
2019-09-19 14:38:13,882 [Thread-530] INFO  grpc.GrpcFactory (GrpcFactory.java:checkPooledByteBufAllocatorUseCacheForAllThreads(45)) - PERFORMANCE WARNING: useCacheForAllThreads is true that may cause Netty to create a lot garbage objects and, as a result, trigger GC.
	It is recommended to disable useCacheForAllThreads by setting -Dorg.apache.ratis.thirdparty.io.netty.allocator.useCacheForAllThreads=false in command line.
2019-09-19 14:38:13,882 [Thread-530] INFO  grpc.GrpcConfigKeys$Server (ConfUtils.java:logGet(43)) - raft.grpc.server.port = 0 (default)
2019-09-19 14:38:13,883 [Thread-530] INFO  server.GrpcService (ConfUtils.java:logGet(43)) - raft.grpc.message.size.max = 33570816 (custom)
2019-09-19 14:38:13,883 [Thread-530] INFO  server.RaftServerConfigKeys (ConfUtils.java:logGet(43)) - raft.server.log.appender.buffer.byte-limit = 33554432 (custom)
2019-09-19 14:38:13,883 [Thread-530] INFO  server.GrpcService (ConfUtils.java:logGet(43)) - raft.grpc.flow.control.window = 1MB (=1048576) (default)
2019-09-19 14:38:13,883 [Thread-530] INFO  server.RaftServerConfigKeys (ConfUtils.java:logGet(43)) - raft.server.rpc.request.timeout = 3000ms (default)
2019-09-19 14:38:13,884 [Thread-530] INFO  server.RaftServerConfigKeys (ConfUtils.java:logGet(43)) - raft.server.storage.dir = [/workdir/hadoop-ozone/ozonefs/target/test-dir/MiniOzoneClusterImpl-ca0b0e9e-6896-4a7b-b208-9ea04bbb623c/datanode-1/data/ratis] (custom)
2019-09-19 14:38:13,884 [Thread-530] INFO  replication.SimpleContainerDownloader (SimpleContainerDownloader.java:<init>(72)) - Starting container downloader service to copy containers to replicate.
2019-09-19 14:38:13,886 [Thread-530] INFO  hdfs.DFSUtil (DFSUtil.java:httpServerTemplateForNNAndJN(1641)) - Starting Web-server for hddsDatanode at: http://0.0.0.0:0
2019-09-19 14:38:13,888 [Thread-530] INFO  server.AuthenticationFilter (AuthenticationFilter.java:constructSecretProvider(240)) - Unable to initialize FileSignerSecretProvider, falling back to use random secrets.
2019-09-19 14:38:13,888 [Thread-530] WARN  http.HttpRequestLog (HttpRequestLog.java:getRequestLog(97)) - Jetty request log can only be enabled using Log4j
2019-09-19 14:38:13,889 [Thread-530] INFO  http.HttpServer2 (HttpServer2.java:addGlobalFilter(975)) - Added global filter 'safety' (class=org.apache.hadoop.http.HttpServer2$QuotingInputFilter)
2019-09-19 14:38:13,890 [Thread-530] INFO  http.HttpServer2 (HttpServer2.java:addFilter(948)) - Added filter static_user_filter (class=org.apache.hadoop.http.lib.StaticUserWebFilter$StaticUserFilter) to context hddsDatanode
2019-09-19 14:38:13,890 [Thread-530] INFO  http.HttpServer2 (HttpServer2.java:addFilter(958)) - Added filter static_user_filter (class=org.apache.hadoop.http.lib.StaticUserWebFilter$StaticUserFilter) to context static
2019-09-19 14:38:13,890 [Thread-530] INFO  http.HttpServer2 (HttpServer2.java:addFilter(958)) - Added filter static_user_filter (class=org.apache.hadoop.http.lib.StaticUserWebFilter$StaticUserFilter) to context logs
2019-09-19 14:38:13,891 [Thread-530] INFO  http.HttpServer2 (HttpServer2.java:bindListener(1191)) - Jetty bound to port 40896
2019-09-19 14:38:13,891 [Thread-530] INFO  server.Server (Server.java:doStart(351)) - jetty-9.3.24.v20180605, build timestamp: 2018-06-05T17:11:56Z, git hash: 84205aa28f11a4f31f2a3b86d1bba2cc8ab69827
2019-09-19 14:38:13,893 [Thread-530] INFO  handler.ContextHandler (ContextHandler.java:doStart(781)) - Started o.e.j.s.ServletContextHandler@3bebc71d{/logs,file:///workdir/hadoop-ozone/ozonefs/target/log,AVAILABLE}
2019-09-19 14:38:13,893 [Thread-530] INFO  handler.ContextHandler (ContextHandler.java:doStart(781)) - Started o.e.j.s.ServletContextHandler@10d29832{/static,jar:file:/home/user/.m2/repository/org/apache/hadoop/hadoop-hdds-container-service/0.5.0-SNAPSHOT/hadoop-hdds-container-service-0.5.0-SNAPSHOT.jar!/webapps/static,AVAILABLE}
2019-09-19 14:38:13,920 [Thread-530] INFO  handler.ContextHandler (ContextHandler.java:doStart(781)) - Started o.e.j.w.WebAppContext@1a18d33a{/,file:///tmp/jetty-0.0.0.0-40896-hddsDatanode-_-any-3015429425204100773.dir/webapp/,AVAILABLE}{/hddsDatanode}
2019-09-19 14:38:13,921 [Thread-530] INFO  server.AbstractConnector (AbstractConnector.java:doStart(278)) - Started ServerConnector@4e1b26e2{HTTP/1.1,[http/1.1]}{0.0.0.0:40896}
2019-09-19 14:38:13,922 [Thread-530] INFO  server.Server (Server.java:doStart(419)) - Started @44886ms
2019-09-19 14:38:13,923 [Thread-530] INFO  server.BaseHttpServer (BaseHttpServer.java:updateConnectorAddress(213)) - HTTP server of HDDSDATANODE is listening at http://0.0.0.0:40896
2019-09-19 14:38:14,047 | INFO  | ObjectStoreRestHttpServer | Listening HDDS REST traffic on /0.0.0.0:43405 |  
2019-09-19 14:38:14,047 [Thread-530] INFO  ozone.HddsDatanodeService (HddsDatanodeService.java:startPlugins(395)) - Started plug-in org.apache.hadoop.ozone.web.OzoneHddsDatanodeService@1be25584
2019-09-19 14:38:14,047 [Thread-530] INFO  impl.MetricsSystemImpl (MetricsSystemImpl.java:init(158)) - HddsDatanode metrics system started (again)
2019-09-19 14:38:14,053 [Thread-530] INFO  ozone.HddsDatanodeService (HddsDatanodeService.java:start(184)) - HddsDatanodeService host:pr-hdds-1569-rzdr8-3403194166 ip:192.168.5.132
2019-09-19 14:38:14,053 [org.apache.hadoop.util.JvmPauseMonitor$Monitor@71d5f498] INFO  util.JvmPauseMonitor (JvmPauseMonitor.java:run(188)) - Starting JVM pause monitor
2019-09-19 14:38:14,056 [Datanode State Machine Thread - 0] INFO  datanode.InitDatanodeState (InitDatanodeState.java:persistContainerDatanodeDetails(140)) - DatanodeDetails is persisted to /workdir/hadoop-ozone/ozonefs/target/test-dir/MiniOzoneClusterImpl-ca0b0e9e-6896-4a7b-b208-9ea04bbb623c/datanode-1/meta/datanode.id
2019-09-19 14:38:14,061 [Thread-530] INFO  volume.HddsVolume (HddsVolume.java:<init>(176)) - Creating Volume: /workdir/hadoop-ozone/ozonefs/target/test-dir/MiniOzoneClusterImpl-ca0b0e9e-6896-4a7b-b208-9ea04bbb623c/datanode-2/data/containers/hdds of  storage type : DISK and capacity : 1482555576320
2019-09-19 14:38:14,061 [Thread-530] INFO  volume.VolumeSet (VolumeSet.java:initializeVolumeSet(170)) - Added Volume : /workdir/hadoop-ozone/ozonefs/target/test-dir/MiniOzoneClusterImpl-ca0b0e9e-6896-4a7b-b208-9ea04bbb623c/datanode-2/data/containers/hdds to VolumeSet
2019-09-19 14:38:14,061 [Thread-530] INFO  volume.ThrottledAsyncChecker (ThrottledAsyncChecker.java:schedule(140)) - Scheduling a check for org.apache.hadoop.ozone.container.common.volume.HddsVolume@2c65c814
2019-09-19 14:38:14,062 [Thread-530] INFO  volume.HddsVolumeChecker (HddsVolumeChecker.java:checkAllVolumes(203)) - Scheduled health check for volume org.apache.hadoop.ozone.container.common.volume.HddsVolume@2c65c814
2019-09-19 14:38:14,082 [Thread-530] INFO  impl.RaftServerProxy (ConfUtils.java:logGet(43)) - raft.rpc.type = GRPC (default)
2019-09-19 14:38:14,082 [Thread-530] INFO  grpc.GrpcFactory (GrpcFactory.java:checkPooledByteBufAllocatorUseCacheForAllThreads(45)) - PERFORMANCE WARNING: useCacheForAllThreads is true that may cause Netty to create a lot garbage objects and, as a result, trigger GC.
	It is recommended to disable useCacheForAllThreads by setting -Dorg.apache.ratis.thirdparty.io.netty.allocator.useCacheForAllThreads=false in command line.
2019-09-19 14:38:14,082 [Thread-530] INFO  grpc.GrpcConfigKeys$Server (ConfUtils.java:logGet(43)) - raft.grpc.server.port = 0 (default)
2019-09-19 14:38:14,082 [Thread-530] INFO  server.GrpcService (ConfUtils.java:logGet(43)) - raft.grpc.message.size.max = 33570816 (custom)
2019-09-19 14:38:14,082 [Thread-530] INFO  server.RaftServerConfigKeys (ConfUtils.java:logGet(43)) - raft.server.log.appender.buffer.byte-limit = 33554432 (custom)
2019-09-19 14:38:14,083 [Thread-530] INFO  server.GrpcService (ConfUtils.java:logGet(43)) - raft.grpc.flow.control.window = 1MB (=1048576) (default)
2019-09-19 14:38:14,083 [Thread-530] INFO  server.RaftServerConfigKeys (ConfUtils.java:logGet(43)) - raft.server.rpc.request.timeout = 3000ms (default)
2019-09-19 14:38:14,083 [Thread-530] INFO  server.RaftServerConfigKeys (ConfUtils.java:logGet(43)) - raft.server.storage.dir = [/workdir/hadoop-ozone/ozonefs/target/test-dir/MiniOzoneClusterImpl-ca0b0e9e-6896-4a7b-b208-9ea04bbb623c/datanode-2/data/ratis] (custom)
2019-09-19 14:38:14,084 [Thread-530] INFO  replication.SimpleContainerDownloader (SimpleContainerDownloader.java:<init>(72)) - Starting container downloader service to copy containers to replicate.
2019-09-19 14:38:14,085 [Thread-530] INFO  hdfs.DFSUtil (DFSUtil.java:httpServerTemplateForNNAndJN(1641)) - Starting Web-server for hddsDatanode at: http://0.0.0.0:0
2019-09-19 14:38:14,086 [Thread-530] INFO  server.AuthenticationFilter (AuthenticationFilter.java:constructSecretProvider(240)) - Unable to initialize FileSignerSecretProvider, falling back to use random secrets.
2019-09-19 14:38:14,086 [Thread-530] WARN  http.HttpRequestLog (HttpRequestLog.java:getRequestLog(97)) - Jetty request log can only be enabled using Log4j
2019-09-19 14:38:14,088 [Thread-530] INFO  http.HttpServer2 (HttpServer2.java:addGlobalFilter(975)) - Added global filter 'safety' (class=org.apache.hadoop.http.HttpServer2$QuotingInputFilter)
2019-09-19 14:38:14,089 [Thread-530] INFO  http.HttpServer2 (HttpServer2.java:addFilter(948)) - Added filter static_user_filter (class=org.apache.hadoop.http.lib.StaticUserWebFilter$StaticUserFilter) to context hddsDatanode
2019-09-19 14:38:14,089 [Thread-530] INFO  http.HttpServer2 (HttpServer2.java:addFilter(958)) - Added filter static_user_filter (class=org.apache.hadoop.http.lib.StaticUserWebFilter$StaticUserFilter) to context logs
2019-09-19 14:38:14,089 [Thread-530] INFO  http.HttpServer2 (HttpServer2.java:addFilter(958)) - Added filter static_user_filter (class=org.apache.hadoop.http.lib.StaticUserWebFilter$StaticUserFilter) to context static
2019-09-19 14:38:14,090 [Thread-530] INFO  http.HttpServer2 (HttpServer2.java:bindListener(1191)) - Jetty bound to port 38056
2019-09-19 14:38:14,090 [Thread-530] INFO  server.Server (Server.java:doStart(351)) - jetty-9.3.24.v20180605, build timestamp: 2018-06-05T17:11:56Z, git hash: 84205aa28f11a4f31f2a3b86d1bba2cc8ab69827
2019-09-19 14:38:14,091 [Thread-530] INFO  handler.ContextHandler (ContextHandler.java:doStart(781)) - Started o.e.j.s.ServletContextHandler@3c098c7b{/logs,file:///workdir/hadoop-ozone/ozonefs/target/log,AVAILABLE}
2019-09-19 14:38:14,092 [Thread-530] INFO  handler.ContextHandler (ContextHandler.java:doStart(781)) - Started o.e.j.s.ServletContextHandler@32fbac90{/static,jar:file:/home/user/.m2/repository/org/apache/hadoop/hadoop-hdds-container-service/0.5.0-SNAPSHOT/hadoop-hdds-container-service-0.5.0-SNAPSHOT.jar!/webapps/static,AVAILABLE}
2019-09-19 14:38:14,118 [Thread-530] INFO  handler.ContextHandler (ContextHandler.java:doStart(781)) - Started o.e.j.w.WebAppContext@3c3b3a6a{/,file:///tmp/jetty-0.0.0.0-38056-hddsDatanode-_-any-7919942756326525621.dir/webapp/,AVAILABLE}{/hddsDatanode}
2019-09-19 14:38:14,119 [Thread-530] INFO  server.AbstractConnector (AbstractConnector.java:doStart(278)) - Started ServerConnector@19835b78{HTTP/1.1,[http/1.1]}{0.0.0.0:38056}
2019-09-19 14:38:14,120 [Thread-530] INFO  server.Server (Server.java:doStart(419)) - Started @45084ms
2019-09-19 14:38:14,121 [Thread-530] INFO  server.BaseHttpServer (BaseHttpServer.java:updateConnectorAddress(213)) - HTTP server of HDDSDATANODE is listening at http://0.0.0.0:38056
2019-09-19 14:38:14,238 | INFO  | ObjectStoreRestHttpServer | Listening HDDS REST traffic on /0.0.0.0:46136 |  
2019-09-19 14:38:14,238 [Thread-530] INFO  ozone.HddsDatanodeService (HddsDatanodeService.java:startPlugins(395)) - Started plug-in org.apache.hadoop.ozone.web.OzoneHddsDatanodeService@27428916
2019-09-19 14:38:14,238 [Thread-530] INFO  ozone.MiniOzoneClusterImpl (MiniOzoneClusterImpl.java:lambda$waitForClusterToBeReady$0(142)) - Waiting for cluster to be ready. Got 0 of 3 DN Heartbeats.
2019-09-19 14:38:14,240 [org.apache.hadoop.util.JvmPauseMonitor$Monitor@511d1dd7] INFO  util.JvmPauseMonitor (JvmPauseMonitor.java:run(188)) - Starting JVM pause monitor
2019-09-19 14:38:14,242 [Datanode State Machine Thread - 0] INFO  datanode.InitDatanodeState (InitDatanodeState.java:persistContainerDatanodeDetails(140)) - DatanodeDetails is persisted to /workdir/hadoop-ozone/ozonefs/target/test-dir/MiniOzoneClusterImpl-ca0b0e9e-6896-4a7b-b208-9ea04bbb623c/datanode-2/meta/datanode.id
2019-09-19 14:38:15,239 [Thread-530] INFO  ozone.MiniOzoneClusterImpl (MiniOzoneClusterImpl.java:lambda$waitForClusterToBeReady$0(142)) - Waiting for cluster to be ready. Got 0 of 3 DN Heartbeats.
2019-09-19 14:38:15,857 | INFO  | SCMAudit | user=jenkins1000 | ip=192.168.5.132 | op=GET_VERSION null | ret=SUCCESS |  
2019-09-19 14:38:15,882 [Datanode State Machine Thread - 0] INFO  ozoneimpl.OzoneContainer (OzoneContainer.java:start(186)) - Attempting to start container services.
2019-09-19 14:38:15,882 [Datanode State Machine Thread - 0] INFO  ozoneimpl.OzoneContainer (OzoneContainer.java:startContainerScrub(160)) - Background container scrubber has been disabled by hdds.containerscrub.enabled
2019-09-19 14:38:15,882 [Datanode State Machine Thread - 0] INFO  ratis.XceiverServerRatis (XceiverServerRatis.java:start(404)) - Starting XceiverServerRatis 0dde4a13-db22-45ad-8ae4-adbffc53faa4 at port 0
2019-09-19 14:38:15,889 [Datanode State Machine Thread - 0] INFO  impl.RaftServerProxy (RaftServerProxy.java:lambda$start$3(299)) - 0dde4a13-db22-45ad-8ae4-adbffc53faa4: start RPC server
2019-09-19 14:38:15,892 [Datanode State Machine Thread - 0] INFO  server.GrpcService (GrpcService.java:startImpl(149)) - 0dde4a13-db22-45ad-8ae4-adbffc53faa4: GrpcService started, listening on 0.0.0.0/0.0.0.0:40506
2019-09-19 14:38:15,892 [Datanode State Machine Thread - 0] INFO  ratis.XceiverServerRatis (XceiverServerRatis.java:start(414)) - XceiverServerRatis 0dde4a13-db22-45ad-8ae4-adbffc53faa4 is started using port 40506
2019-09-19 14:38:15,893 [Datanode State Machine Thread - 0] INFO  server.XceiverServerGrpc (XceiverServerGrpc.java:start(163)) - XceiverServerGrpc 0dde4a13-db22-45ad-8ae4-adbffc53faa4 is started using port 36920
2019-09-19 14:38:16,053 | INFO  | SCMAudit | user=jenkins1000 | ip=192.168.5.132 | op=GET_VERSION null | ret=SUCCESS |  
2019-09-19 14:38:16,070 [Datanode State Machine Thread - 0] INFO  ozoneimpl.OzoneContainer (OzoneContainer.java:start(186)) - Attempting to start container services.
2019-09-19 14:38:16,070 [Datanode State Machine Thread - 0] INFO  ozoneimpl.OzoneContainer (OzoneContainer.java:startContainerScrub(160)) - Background container scrubber has been disabled by hdds.containerscrub.enabled
2019-09-19 14:38:16,070 [Datanode State Machine Thread - 0] INFO  ratis.XceiverServerRatis (XceiverServerRatis.java:start(404)) - Starting XceiverServerRatis 9acfc684-f025-4851-a671-9506a9a8f647 at port 0
2019-09-19 14:38:16,077 [Datanode State Machine Thread - 0] INFO  impl.RaftServerProxy (RaftServerProxy.java:lambda$start$3(299)) - 9acfc684-f025-4851-a671-9506a9a8f647: start RPC server
2019-09-19 14:38:16,077 [Datanode State Machine Thread - 0] INFO  server.GrpcService (GrpcService.java:startImpl(149)) - 9acfc684-f025-4851-a671-9506a9a8f647: GrpcService started, listening on 0.0.0.0/0.0.0.0:43107
2019-09-19 14:38:16,078 [Datanode State Machine Thread - 0] INFO  ratis.XceiverServerRatis (XceiverServerRatis.java:start(414)) - XceiverServerRatis 9acfc684-f025-4851-a671-9506a9a8f647 is started using port 43107
2019-09-19 14:38:16,079 [Datanode State Machine Thread - 0] INFO  server.XceiverServerGrpc (XceiverServerGrpc.java:start(163)) - XceiverServerGrpc 9acfc684-f025-4851-a671-9506a9a8f647 is started using port 37926
2019-09-19 14:38:16,239 [Thread-530] INFO  ozone.MiniOzoneClusterImpl (MiniOzoneClusterImpl.java:lambda$waitForClusterToBeReady$0(142)) - Waiting for cluster to be ready. Got 0 of 3 DN Heartbeats.
2019-09-19 14:38:16,240 | INFO  | SCMAudit | user=jenkins1000 | ip=192.168.5.132 | op=GET_VERSION null | ret=SUCCESS |  
2019-09-19 14:38:16,264 [Datanode State Machine Thread - 0] INFO  ozoneimpl.OzoneContainer (OzoneContainer.java:start(186)) - Attempting to start container services.
2019-09-19 14:38:16,265 [Datanode State Machine Thread - 0] INFO  ozoneimpl.OzoneContainer (OzoneContainer.java:startContainerScrub(160)) - Background container scrubber has been disabled by hdds.containerscrub.enabled
2019-09-19 14:38:16,265 [Datanode State Machine Thread - 0] INFO  ratis.XceiverServerRatis (XceiverServerRatis.java:start(404)) - Starting XceiverServerRatis afbc86cd-608c-4927-90cf-3a7f1e6aa679 at port 0
2019-09-19 14:38:16,271 [Datanode State Machine Thread - 0] INFO  impl.RaftServerProxy (RaftServerProxy.java:lambda$start$3(299)) - afbc86cd-608c-4927-90cf-3a7f1e6aa679: start RPC server
2019-09-19 14:38:16,277 [Datanode State Machine Thread - 0] INFO  server.GrpcService (GrpcService.java:startImpl(149)) - afbc86cd-608c-4927-90cf-3a7f1e6aa679: GrpcService started, listening on 0.0.0.0/0.0.0.0:43206
2019-09-19 14:38:16,278 [Datanode State Machine Thread - 0] INFO  ratis.XceiverServerRatis (XceiverServerRatis.java:start(414)) - XceiverServerRatis afbc86cd-608c-4927-90cf-3a7f1e6aa679 is started using port 43206
2019-09-19 14:38:16,278 [Datanode State Machine Thread - 0] INFO  server.XceiverServerGrpc (XceiverServerGrpc.java:start(163)) - XceiverServerGrpc afbc86cd-608c-4927-90cf-3a7f1e6aa679 is started using port 42917
2019-09-19 14:38:17,240 [Thread-530] INFO  ozone.MiniOzoneClusterImpl (MiniOzoneClusterImpl.java:lambda$waitForClusterToBeReady$0(142)) - Waiting for cluster to be ready. Got 0 of 3 DN Heartbeats.
2019-09-19 14:38:17,857 [IPC Server handler 1 on 39681] INFO  net.NetworkTopology (NetworkTopologyImpl.java:add(110)) - Added a new node: /default-rack/0dde4a13-db22-45ad-8ae4-adbffc53faa4
2019-09-19 14:38:17,859 [IPC Server handler 1 on 39681] INFO  node.SCMNodeManager (SCMNodeManager.java:register(273)) - Registered Data node : 0dde4a13-db22-45ad-8ae4-adbffc53faa4{ip: 192.168.5.132, host: pr-hdds-1569-rzdr8-3403194166, networkLocation: /default-rack, certSerialId: null}
2019-09-19 14:38:17,860 [EventQueue-NodeRegistrationContainerReportForDataNodeSafeModeRule] INFO  safemode.SCMSafeModeManager (DataNodeSafeModeRule.java:process(71)) - SCM in safe mode. 1 DataNodes registered, 1 required.
2019-09-19 14:38:17,861 [EventQueue-NodeRegistrationContainerReportForDataNodeSafeModeRule] INFO  safemode.SCMSafeModeManager (SCMSafeModeManager.java:validateSafeModeExitRules(177)) - ScmSafeModeManager, all rules are successfully validated
2019-09-19 14:38:17,861 [EventQueue-NodeRegistrationContainerReportForDataNodeSafeModeRule] INFO  safemode.SCMSafeModeManager (SCMSafeModeManager.java:exitSafeMode(193)) - SCM exiting safe mode.
2019-09-19 14:38:17,861 | INFO  | SCMAudit | user=jenkins1000 | ip=192.168.5.132 | op=REGISTER {datanodeDetails=0dde4a13-db22-45ad-8ae4-adbffc53faa4{ip: 192.168.5.132, host: pr-hdds-1569-rzdr8-3403194166, networkLocation: /default-rack, certSerialId: null}} | ret=SUCCESS |  
2019-09-19 14:38:17,878 [grpc-default-executor-0] INFO  impl.RaftServerProxy (RaftServerProxy.java:addNew(89)) - 0dde4a13-db22-45ad-8ae4-adbffc53faa4: addNew group-074BE5CFCA4F:[0dde4a13-db22-45ad-8ae4-adbffc53faa4:192.168.5.132:40506] returns group-074BE5CFCA4F:java.util.concurrent.CompletableFuture@73544076[Not completed]
2019-09-19 14:38:17,880 [pool-133-thread-1] INFO  impl.RaftServerImpl (RaftServerImpl.java:<init>(93)) - 0dde4a13-db22-45ad-8ae4-adbffc53faa4: new RaftServerImpl for group-074BE5CFCA4F:[0dde4a13-db22-45ad-8ae4-adbffc53faa4:192.168.5.132:40506] with ContainerStateMachine:uninitialized
2019-09-19 14:38:17,880 [pool-133-thread-1] INFO  server.RaftServerConfigKeys (ConfUtils.java:logGet(43)) - raft.server.rpc.timeout.min = 5s (custom)
2019-09-19 14:38:17,880 [pool-133-thread-1] INFO  server.RaftServerConfigKeys (ConfUtils.java:logGet(43)) - raft.server.rpc.timeout.max = 5200ms (custom)
2019-09-19 14:38:17,880 [pool-133-thread-1] INFO  server.RaftServerConfigKeys (ConfUtils.java:logGet(43)) - raft.server.rpcslowness.timeout = 120s (custom)
2019-09-19 14:38:17,881 [pool-133-thread-1] INFO  server.RaftServerConfigKeys (ConfUtils.java:logGet(43)) - raft.server.sleep.deviation.threshold = 300 (default)
2019-09-19 14:38:17,881 [pool-133-thread-1] INFO  server.RaftServerConfigKeys (ConfUtils.java:logGet(43)) - raft.server.log.appender.install.snapshot.enabled = false (custom)
2019-09-19 14:38:17,881 [pool-133-thread-1] INFO  impl.RaftServerImpl (ServerState.java:<init>(105)) - 0dde4a13-db22-45ad-8ae4-adbffc53faa4:group-074BE5CFCA4F ConfigurationManager, init=-1: [0dde4a13-db22-45ad-8ae4-adbffc53faa4:192.168.5.132:40506], old=null, confs=<EMPTY_MAP>
2019-09-19 14:38:17,881 [pool-133-thread-1] INFO  server.RaftServerConfigKeys (ConfUtils.java:logGet(43)) - raft.server.storage.dir = [/workdir/hadoop-ozone/ozonefs/target/test-dir/MiniOzoneClusterImpl-ca0b0e9e-6896-4a7b-b208-9ea04bbb623c/datanode-0/data/ratis] (custom)
2019-09-19 14:38:17,882 [pool-133-thread-1] INFO  storage.RaftStorageDirectory (RaftStorageDirectory.java:analyzeStorage(246)) - The storage directory /workdir/hadoop-ozone/ozonefs/target/test-dir/MiniOzoneClusterImpl-ca0b0e9e-6896-4a7b-b208-9ea04bbb623c/datanode-0/data/ratis/4b1de6c8-67be-470c-8e4d-074be5cfca4f does not exist. Creating ...
2019-09-19 14:38:17,905 [pool-133-thread-1] INFO  storage.RaftStorageDirectory (RaftStorageDirectory.java:tryLock(328)) - Lock on /workdir/hadoop-ozone/ozonefs/target/test-dir/MiniOzoneClusterImpl-ca0b0e9e-6896-4a7b-b208-9ea04bbb623c/datanode-0/data/ratis/4b1de6c8-67be-470c-8e4d-074be5cfca4f/in_use.lock acquired by nodename 25220@pr-hdds-1569-rzdr8-3403194166
2019-09-19 14:38:17,929 [pool-133-thread-1] INFO  storage.RaftStorage (RaftStorage.java:format(72)) - Storage directory /workdir/hadoop-ozone/ozonefs/target/test-dir/MiniOzoneClusterImpl-ca0b0e9e-6896-4a7b-b208-9ea04bbb623c/datanode-0/data/ratis/4b1de6c8-67be-470c-8e4d-074be5cfca4f has been successfully formatted.
2019-09-19 14:38:17,929 [pool-133-thread-1] INFO  ratis.ContainerStateMachine (ContainerStateMachine.java:loadSnapshot(226)) - group-074BE5CFCA4F: The snapshot info is null. Setting the last applied indexto:(t:0, i:~)
2019-09-19 14:38:17,930 [pool-133-thread-1] INFO  server.RaftServerConfigKeys (ConfUtils.java:logGet(43)) - raft.server.leader.election.timeout = 120s (custom)
2019-09-19 14:38:17,930 [pool-133-thread-1] INFO  server.RaftServerConfigKeys (ConfUtils.java:logGet(43)) - raft.server.log.use.memory = false (default)
2019-09-19 14:38:17,930 [pool-133-thread-1] INFO  server.RaftServerConfigKeys (ConfUtils.java:logGet(43)) - raft.server.log.purge.gap = 1000000 (custom)
2019-09-19 14:38:17,930 [pool-133-thread-1] INFO  server.RaftServerConfigKeys (ConfUtils.java:logGet(43)) - raft.server.log.appender.buffer.byte-limit = 33554432 (custom)
2019-09-19 14:38:17,930 [pool-133-thread-1] INFO  server.RaftServerConfigKeys (ConfUtils.java:logGet(43)) - raft.server.log.segment.size.max = 1048576 (custom)
2019-09-19 14:38:17,930 [pool-133-thread-1] INFO  server.RaftServerConfigKeys (ConfUtils.java:logGet(43)) - raft.server.log.segment.cache.num.max = 2 (custom)
2019-09-19 14:38:17,931 [pool-133-thread-1] INFO  segmented.SegmentedRaftLogWorker (SegmentedRaftLogWorker.java:<init>(172)) - new 0dde4a13-db22-45ad-8ae4-adbffc53faa4-SegmentedRaftLogWorker:Storage Directory /workdir/hadoop-ozone/ozonefs/target/test-dir/MiniOzoneClusterImpl-ca0b0e9e-6896-4a7b-b208-9ea04bbb623c/datanode-0/data/ratis/4b1de6c8-67be-470c-8e4d-074be5cfca4f for RaftStorage:Storage Directory /workdir/hadoop-ozone/ozonefs/target/test-dir/MiniOzoneClusterImpl-ca0b0e9e-6896-4a7b-b208-9ea04bbb623c/datanode-0/data/ratis/4b1de6c8-67be-470c-8e4d-074be5cfca4f
2019-09-19 14:38:17,931 [pool-133-thread-1] INFO  server.RaftServerConfigKeys (ConfUtils.java:logGet(43)) - raft.server.log.queue.byte-limit = 2147483647 (custom)
2019-09-19 14:38:17,931 [pool-133-thread-1] INFO  server.RaftServerConfigKeys (ConfUtils.java:logGet(43)) - raft.server.log.queue.element-limit = 1024 (custom)
2019-09-19 14:38:17,931 [pool-133-thread-1] INFO  server.RaftServerConfigKeys (ConfUtils.java:logGet(43)) - raft.server.log.segment.size.max = 1048576 (custom)
2019-09-19 14:38:17,931 [pool-133-thread-1] INFO  server.RaftServerConfigKeys (ConfUtils.java:logGet(43)) - raft.server.log.preallocated.size = 16384 (custom)
2019-09-19 14:38:17,932 [pool-133-thread-1] INFO  server.RaftServerConfigKeys (ConfUtils.java:logGet(43)) - raft.server.log.write.buffer.size = 33554432 (custom)
2019-09-19 14:38:17,932 [pool-133-thread-1] INFO  server.RaftServerConfigKeys (ConfUtils.java:logGet(43)) - raft.server.log.force.sync.num = 128 (default)
2019-09-19 14:38:17,932 [pool-133-thread-1] INFO  server.RaftServerConfigKeys (ConfUtils.java:logGet(43)) - raft.server.log.statemachine.data.sync = true (default)
2019-09-19 14:38:17,932 [pool-133-thread-1] INFO  server.RaftServerConfigKeys (ConfUtils.java:logGet(43)) - raft.server.log.statemachine.data.sync.timeout = 10s (default)
2019-09-19 14:38:17,932 [pool-133-thread-1] INFO  server.RaftServerConfigKeys (ConfUtils.java:logGet(43)) - raft.server.log.statemachine.data.sync.timeout.retry = -1 (default)
2019-09-19 14:38:17,932 [pool-133-thread-1] INFO  server.RaftServerConfigKeys (ConfUtils.java:logGet(43)) - raft.server.log.statemachine.data.caching.enabled = true (custom)
2019-09-19 14:38:17,933 [pool-133-thread-1] INFO  segmented.SegmentedRaftLogWorker (SegmentedRaftLogWorker.java:lambda$new$0(132)) - 0dde4a13-db22-45ad-8ae4-adbffc53faa4-SegmentedRaftLogWorker:Storage Directory /workdir/hadoop-ozone/ozonefs/target/test-dir/MiniOzoneClusterImpl-ca0b0e9e-6896-4a7b-b208-9ea04bbb623c/datanode-0/data/ratis/4b1de6c8-67be-470c-8e4d-074be5cfca4f: flushIndex: setUnconditionally 0 -> -1
2019-09-19 14:38:17,933 [pool-133-thread-1] INFO  server.RaftServerConfigKeys (ConfUtils.java:logGet(43)) - raft.server.snapshot.auto.trigger.enabled = true (custom)
2019-09-19 14:38:17,933 [pool-133-thread-1] INFO  server.RaftServerConfigKeys (ConfUtils.java:logGet(43)) - raft.server.snapshot.auto.trigger.threshold = 10000 (custom)
2019-09-19 14:38:17,933 [pool-133-thread-1] INFO  server.RaftServerConfigKeys (ConfUtils.java:logGet(43)) - raft.server.retrycache.expirytime = 600000ms (custom)
2019-09-19 14:38:17,934 [pool-133-thread-1] INFO  impl.RaftServerImpl (RaftServerImpl.java:start(180)) - 0dde4a13-db22-45ad-8ae4-adbffc53faa4: start group-074BE5CFCA4F
2019-09-19 14:38:17,934 [pool-133-thread-1] INFO  impl.RaftServerImpl (RaftServerImpl.java:setRole(171)) - 0dde4a13-db22-45ad-8ae4-adbffc53faa4:group-074BE5CFCA4F changes role from null to FOLLOWER at term 0 for startAsFollower
2019-09-19 14:38:17,934 [pool-133-thread-1] INFO  impl.RoleInfo (RoleInfo.java:updateAndGet(143)) - 0dde4a13-db22-45ad-8ae4-adbffc53faa4: start FollowerState
2019-09-19 14:38:17,935 [pool-133-thread-1] INFO  util.JmxRegister (JmxRegister.java:tryRegister(44)) - Successfully registered JMX Bean with object name Ratis:service=RaftServer,group=group-074BE5CFCA4F,id=0dde4a13-db22-45ad-8ae4-adbffc53faa4
2019-09-19 14:38:17,941 [RatisPipelineUtilsThread] INFO  pipeline.PipelineStateManager (PipelineStateManager.java:addPipeline(56)) - Created pipeline Pipeline[ Id: 4b1de6c8-67be-470c-8e4d-074be5cfca4f, Nodes: 0dde4a13-db22-45ad-8ae4-adbffc53faa4{ip: 192.168.5.132, host: pr-hdds-1569-rzdr8-3403194166, networkLocation: /default-rack, certSerialId: null}, Type:RATIS, Factor:ONE, State:OPEN]
2019-09-19 14:38:17,950 [grpc-default-executor-0] INFO  impl.RaftServerProxy (RaftServerProxy.java:addNew(89)) - 0dde4a13-db22-45ad-8ae4-adbffc53faa4: addNew group-F595B36F2E20:[0dde4a13-db22-45ad-8ae4-adbffc53faa4:192.168.5.132:40506] returns group-F595B36F2E20:java.util.concurrent.CompletableFuture@42ed906d[Not completed]
2019-09-19 14:38:17,951 [pool-133-thread-1] INFO  impl.RaftServerImpl (RaftServerImpl.java:<init>(93)) - 0dde4a13-db22-45ad-8ae4-adbffc53faa4: new RaftServerImpl for group-F595B36F2E20:[0dde4a13-db22-45ad-8ae4-adbffc53faa4:192.168.5.132:40506] with ContainerStateMachine:uninitialized
2019-09-19 14:38:17,951 [pool-133-thread-1] INFO  server.RaftServerConfigKeys (ConfUtils.java:logGet(43)) - raft.server.rpc.timeout.min = 5s (custom)
2019-09-19 14:38:17,951 [pool-133-thread-1] INFO  server.RaftServerConfigKeys (ConfUtils.java:logGet(43)) - raft.server.rpc.timeout.max = 5200ms (custom)
2019-09-19 14:38:17,952 [pool-133-thread-1] INFO  server.RaftServerConfigKeys (ConfUtils.java:logGet(43)) - raft.server.rpcslowness.timeout = 120s (custom)
2019-09-19 14:38:17,952 [pool-133-thread-1] INFO  server.RaftServerConfigKeys (ConfUtils.java:logGet(43)) - raft.server.sleep.deviation.threshold = 300 (default)
2019-09-19 14:38:17,952 [pool-133-thread-1] INFO  server.RaftServerConfigKeys (ConfUtils.java:logGet(43)) - raft.server.log.appender.install.snapshot.enabled = false (custom)
2019-09-19 14:38:17,952 [pool-133-thread-1] INFO  impl.RaftServerImpl (ServerState.java:<init>(105)) - 0dde4a13-db22-45ad-8ae4-adbffc53faa4:group-F595B36F2E20 ConfigurationManager, init=-1: [0dde4a13-db22-45ad-8ae4-adbffc53faa4:192.168.5.132:40506], old=null, confs=<EMPTY_MAP>
2019-09-19 14:38:17,952 [pool-133-thread-1] INFO  server.RaftServerConfigKeys (ConfUtils.java:logGet(43)) - raft.server.storage.dir = [/workdir/hadoop-ozone/ozonefs/target/test-dir/MiniOzoneClusterImpl-ca0b0e9e-6896-4a7b-b208-9ea04bbb623c/datanode-0/data/ratis] (custom)
2019-09-19 14:38:17,952 [pool-133-thread-1] INFO  storage.RaftStorageDirectory (RaftStorageDirectory.java:analyzeStorage(246)) - The storage directory /workdir/hadoop-ozone/ozonefs/target/test-dir/MiniOzoneClusterImpl-ca0b0e9e-6896-4a7b-b208-9ea04bbb623c/datanode-0/data/ratis/c574f9f4-fa28-4731-9992-f595b36f2e20 does not exist. Creating ...
2019-09-19 14:38:17,975 [pool-133-thread-1] INFO  storage.RaftStorageDirectory (RaftStorageDirectory.java:tryLock(328)) - Lock on /workdir/hadoop-ozone/ozonefs/target/test-dir/MiniOzoneClusterImpl-ca0b0e9e-6896-4a7b-b208-9ea04bbb623c/datanode-0/data/ratis/c574f9f4-fa28-4731-9992-f595b36f2e20/in_use.lock acquired by nodename 25220@pr-hdds-1569-rzdr8-3403194166
2019-09-19 14:38:18,000 [pool-133-thread-1] INFO  storage.RaftStorage (RaftStorage.java:format(72)) - Storage directory /workdir/hadoop-ozone/ozonefs/target/test-dir/MiniOzoneClusterImpl-ca0b0e9e-6896-4a7b-b208-9ea04bbb623c/datanode-0/data/ratis/c574f9f4-fa28-4731-9992-f595b36f2e20 has been successfully formatted.
2019-09-19 14:38:18,000 [pool-133-thread-1] INFO  ratis.ContainerStateMachine (ContainerStateMachine.java:loadSnapshot(226)) - group-F595B36F2E20: The snapshot info is null. Setting the last applied indexto:(t:0, i:~)
2019-09-19 14:38:18,000 [pool-133-thread-1] INFO  server.RaftServerConfigKeys (ConfUtils.java:logGet(43)) - raft.server.leader.election.timeout = 120s (custom)
2019-09-19 14:38:18,000 [pool-133-thread-1] INFO  server.RaftServerConfigKeys (ConfUtils.java:logGet(43)) - raft.server.log.use.memory = false (default)
2019-09-19 14:38:18,000 [pool-133-thread-1] INFO  server.RaftServerConfigKeys (ConfUtils.java:logGet(43)) - raft.server.log.purge.gap = 1000000 (custom)
2019-09-19 14:38:18,000 [pool-133-thread-1] INFO  server.RaftServerConfigKeys (ConfUtils.java:logGet(43)) - raft.server.log.appender.buffer.byte-limit = 33554432 (custom)
2019-09-19 14:38:18,001 [pool-133-thread-1] INFO  server.RaftServerConfigKeys (ConfUtils.java:logGet(43)) - raft.server.log.segment.size.max = 1048576 (custom)
2019-09-19 14:38:18,001 [pool-133-thread-1] INFO  server.RaftServerConfigKeys (ConfUtils.java:logGet(43)) - raft.server.log.segment.cache.num.max = 2 (custom)
2019-09-19 14:38:18,001 [pool-133-thread-1] INFO  segmented.SegmentedRaftLogWorker (SegmentedRaftLogWorker.java:<init>(172)) - new 0dde4a13-db22-45ad-8ae4-adbffc53faa4-SegmentedRaftLogWorker:Storage Directory /workdir/hadoop-ozone/ozonefs/target/test-dir/MiniOzoneClusterImpl-ca0b0e9e-6896-4a7b-b208-9ea04bbb623c/datanode-0/data/ratis/c574f9f4-fa28-4731-9992-f595b36f2e20 for RaftStorage:Storage Directory /workdir/hadoop-ozone/ozonefs/target/test-dir/MiniOzoneClusterImpl-ca0b0e9e-6896-4a7b-b208-9ea04bbb623c/datanode-0/data/ratis/c574f9f4-fa28-4731-9992-f595b36f2e20
2019-09-19 14:38:18,001 [pool-133-thread-1] INFO  server.RaftServerConfigKeys (ConfUtils.java:logGet(43)) - raft.server.log.queue.byte-limit = 2147483647 (custom)
2019-09-19 14:38:18,001 [pool-133-thread-1] INFO  server.RaftServerConfigKeys (ConfUtils.java:logGet(43)) - raft.server.log.queue.element-limit = 1024 (custom)
2019-09-19 14:38:18,001 [pool-133-thread-1] INFO  server.RaftServerConfigKeys (ConfUtils.java:logGet(43)) - raft.server.log.segment.size.max = 1048576 (custom)
2019-09-19 14:38:18,001 [pool-133-thread-1] INFO  server.RaftServerConfigKeys (ConfUtils.java:logGet(43)) - raft.server.log.preallocated.size = 16384 (custom)
2019-09-19 14:38:18,001 [pool-133-thread-1] INFO  server.RaftServerConfigKeys (ConfUtils.java:logGet(43)) - raft.server.log.write.buffer.size = 33554432 (custom)
2019-09-19 14:38:18,001 [pool-133-thread-1] INFO  server.RaftServerConfigKeys (ConfUtils.java:logGet(43)) - raft.server.log.force.sync.num = 128 (default)
2019-09-19 14:38:18,002 [pool-133-thread-1] INFO  server.RaftServerConfigKeys (ConfUtils.java:logGet(43)) - raft.server.log.statemachine.data.sync = true (default)
2019-09-19 14:38:18,002 [pool-133-thread-1] INFO  server.RaftServerConfigKeys (ConfUtils.java:logGet(43)) - raft.server.log.statemachine.data.sync.timeout = 10s (default)
2019-09-19 14:38:18,002 [pool-133-thread-1] INFO  server.RaftServerConfigKeys (ConfUtils.java:logGet(43)) - raft.server.log.statemachine.data.sync.timeout.retry = -1 (default)
2019-09-19 14:38:18,002 [pool-133-thread-1] INFO  server.RaftServerConfigKeys (ConfUtils.java:logGet(43)) - raft.server.log.statemachine.data.caching.enabled = true (custom)
2019-09-19 14:38:18,002 [pool-133-thread-1] INFO  segmented.SegmentedRaftLogWorker (SegmentedRaftLogWorker.java:lambda$new$0(132)) - 0dde4a13-db22-45ad-8ae4-adbffc53faa4-SegmentedRaftLogWorker:Storage Directory /workdir/hadoop-ozone/ozonefs/target/test-dir/MiniOzoneClusterImpl-ca0b0e9e-6896-4a7b-b208-9ea04bbb623c/datanode-0/data/ratis/c574f9f4-fa28-4731-9992-f595b36f2e20: flushIndex: setUnconditionally 0 -> -1
2019-09-19 14:38:18,002 [pool-133-thread-1] INFO  server.RaftServerConfigKeys (ConfUtils.java:logGet(43)) - raft.server.snapshot.auto.trigger.enabled = true (custom)
2019-09-19 14:38:18,003 [pool-133-thread-1] INFO  server.RaftServerConfigKeys (ConfUtils.java:logGet(43)) - raft.server.snapshot.auto.trigger.threshold = 10000 (custom)
2019-09-19 14:38:18,003 [pool-133-thread-1] INFO  server.RaftServerConfigKeys (ConfUtils.java:logGet(43)) - raft.server.retrycache.expirytime = 600000ms (custom)
2019-09-19 14:38:18,003 [pool-133-thread-1] INFO  impl.RaftServerImpl (RaftServerImpl.java:start(180)) - 0dde4a13-db22-45ad-8ae4-adbffc53faa4: start group-F595B36F2E20
2019-09-19 14:38:18,003 [pool-133-thread-1] INFO  impl.RaftServerImpl (RaftServerImpl.java:setRole(171)) - 0dde4a13-db22-45ad-8ae4-adbffc53faa4:group-F595B36F2E20 changes role from null to FOLLOWER at term 0 for startAsFollower
2019-09-19 14:38:18,003 [pool-133-thread-1] INFO  impl.RoleInfo (RoleInfo.java:updateAndGet(143)) - 0dde4a13-db22-45ad-8ae4-adbffc53faa4: start FollowerState
2019-09-19 14:38:18,004 [pool-133-thread-1] INFO  util.JmxRegister (JmxRegister.java:tryRegister(44)) - Successfully registered JMX Bean with object name Ratis:service=RaftServer,group=group-F595B36F2E20,id=0dde4a13-db22-45ad-8ae4-adbffc53faa4
2019-09-19 14:38:18,008 [RatisPipelineUtilsThread] INFO  pipeline.PipelineStateManager (PipelineStateManager.java:addPipeline(56)) - Created pipeline Pipeline[ Id: c574f9f4-fa28-4731-9992-f595b36f2e20, Nodes: 0dde4a13-db22-45ad-8ae4-adbffc53faa4{ip: 192.168.5.132, host: pr-hdds-1569-rzdr8-3403194166, networkLocation: /default-rack, certSerialId: null}, Type:RATIS, Factor:ONE, State:OPEN]
2019-09-19 14:38:18,020 [grpc-default-executor-0] INFO  impl.RaftServerProxy (RaftServerProxy.java:addNew(89)) - 0dde4a13-db22-45ad-8ae4-adbffc53faa4: addNew group-390502EB21D9:[0dde4a13-db22-45ad-8ae4-adbffc53faa4:192.168.5.132:40506] returns group-390502EB21D9:java.util.concurrent.CompletableFuture@137bbf39[Not completed]
2019-09-19 14:38:18,021 [pool-133-thread-1] INFO  impl.RaftServerImpl (RaftServerImpl.java:<init>(93)) - 0dde4a13-db22-45ad-8ae4-adbffc53faa4: new RaftServerImpl for group-390502EB21D9:[0dde4a13-db22-45ad-8ae4-adbffc53faa4:192.168.5.132:40506] with ContainerStateMachine:uninitialized
2019-09-19 14:38:18,021 [pool-133-thread-1] INFO  server.RaftServerConfigKeys (ConfUtils.java:logGet(43)) - raft.server.rpc.timeout.min = 5s (custom)
2019-09-19 14:38:18,022 [pool-133-thread-1] INFO  server.RaftServerConfigKeys (ConfUtils.java:logGet(43)) - raft.server.rpc.timeout.max = 5200ms (custom)
2019-09-19 14:38:18,022 [pool-133-thread-1] INFO  server.RaftServerConfigKeys (ConfUtils.java:logGet(43)) - raft.server.rpcslowness.timeout = 120s (custom)
2019-09-19 14:38:18,022 [pool-133-thread-1] INFO  server.RaftServerConfigKeys (ConfUtils.java:logGet(43)) - raft.server.sleep.deviation.threshold = 300 (default)
2019-09-19 14:38:18,022 [pool-133-thread-1] INFO  server.RaftServerConfigKeys (ConfUtils.java:logGet(43)) - raft.server.log.appender.install.snapshot.enabled = false (custom)
2019-09-19 14:38:18,022 [pool-133-thread-1] INFO  impl.RaftServerImpl (ServerState.java:<init>(105)) - 0dde4a13-db22-45ad-8ae4-adbffc53faa4:group-390502EB21D9 ConfigurationManager, init=-1: [0dde4a13-db22-45ad-8ae4-adbffc53faa4:192.168.5.132:40506], old=null, confs=<EMPTY_MAP>
2019-09-19 14:38:18,022 [pool-133-thread-1] INFO  server.RaftServerConfigKeys (ConfUtils.java:logGet(43)) - raft.server.storage.dir = [/workdir/hadoop-ozone/ozonefs/target/test-dir/MiniOzoneClusterImpl-ca0b0e9e-6896-4a7b-b208-9ea04bbb623c/datanode-0/data/ratis] (custom)
2019-09-19 14:38:18,022 [pool-133-thread-1] INFO  storage.RaftStorageDirectory (RaftStorageDirectory.java:analyzeStorage(246)) - The storage directory /workdir/hadoop-ozone/ozonefs/target/test-dir/MiniOzoneClusterImpl-ca0b0e9e-6896-4a7b-b208-9ea04bbb623c/datanode-0/data/ratis/97d92593-d9a8-41a7-a6ab-390502eb21d9 does not exist. Creating ...
2019-09-19 14:38:18,046 [pool-133-thread-1] INFO  storage.RaftStorageDirectory (RaftStorageDirectory.java:tryLock(328)) - Lock on /workdir/hadoop-ozone/ozonefs/target/test-dir/MiniOzoneClusterImpl-ca0b0e9e-6896-4a7b-b208-9ea04bbb623c/datanode-0/data/ratis/97d92593-d9a8-41a7-a6ab-390502eb21d9/in_use.lock acquired by nodename 25220@pr-hdds-1569-rzdr8-3403194166
2019-09-19 14:38:18,054 [IPC Server handler 0 on 39681] INFO  net.NetworkTopology (NetworkTopologyImpl.java:add(110)) - Added a new node: /default-rack/9acfc684-f025-4851-a671-9506a9a8f647
2019-09-19 14:38:18,054 [IPC Server handler 0 on 39681] INFO  node.SCMNodeManager (SCMNodeManager.java:register(273)) - Registered Data node : 9acfc684-f025-4851-a671-9506a9a8f647{ip: 192.168.5.132, host: pr-hdds-1569-rzdr8-3403194166, networkLocation: /default-rack, certSerialId: null}
2019-09-19 14:38:18,055 | INFO  | SCMAudit | user=jenkins1000 | ip=192.168.5.132 | op=REGISTER {datanodeDetails=9acfc684-f025-4851-a671-9506a9a8f647{ip: 192.168.5.132, host: pr-hdds-1569-rzdr8-3403194166, networkLocation: /default-rack, certSerialId: null}} | ret=SUCCESS |  
2019-09-19 14:38:18,071 [pool-133-thread-1] INFO  storage.RaftStorage (RaftStorage.java:format(72)) - Storage directory /workdir/hadoop-ozone/ozonefs/target/test-dir/MiniOzoneClusterImpl-ca0b0e9e-6896-4a7b-b208-9ea04bbb623c/datanode-0/data/ratis/97d92593-d9a8-41a7-a6ab-390502eb21d9 has been successfully formatted.
2019-09-19 14:38:18,071 [pool-133-thread-1] INFO  ratis.ContainerStateMachine (ContainerStateMachine.java:loadSnapshot(226)) - group-390502EB21D9: The snapshot info is null. Setting the last applied indexto:(t:0, i:~)
2019-09-19 14:38:18,071 [pool-133-thread-1] INFO  server.RaftServerConfigKeys (ConfUtils.java:logGet(43)) - raft.server.leader.election.timeout = 120s (custom)
2019-09-19 14:38:18,071 [pool-133-thread-1] INFO  server.RaftServerConfigKeys (ConfUtils.java:logGet(43)) - raft.server.log.use.memory = false (default)
2019-09-19 14:38:18,071 [pool-133-thread-1] INFO  server.RaftServerConfigKeys (ConfUtils.java:logGet(43)) - raft.server.log.purge.gap = 1000000 (custom)
2019-09-19 14:38:18,072 [pool-133-thread-1] INFO  server.RaftServerConfigKeys (ConfUtils.java:logGet(43)) - raft.server.log.appender.buffer.byte-limit = 33554432 (custom)
2019-09-19 14:38:18,072 [pool-133-thread-1] INFO  server.RaftServerConfigKeys (ConfUtils.java:logGet(43)) - raft.server.log.segment.size.max = 1048576 (custom)
2019-09-19 14:38:18,072 [pool-133-thread-1] INFO  server.RaftServerConfigKeys (ConfUtils.java:logGet(43)) - raft.server.log.segment.cache.num.max = 2 (custom)
2019-09-19 14:38:18,072 [pool-133-thread-1] INFO  segmented.SegmentedRaftLogWorker (SegmentedRaftLogWorker.java:<init>(172)) - new 0dde4a13-db22-45ad-8ae4-adbffc53faa4-SegmentedRaftLogWorker:Storage Directory /workdir/hadoop-ozone/ozonefs/target/test-dir/MiniOzoneClusterImpl-ca0b0e9e-6896-4a7b-b208-9ea04bbb623c/datanode-0/data/ratis/97d92593-d9a8-41a7-a6ab-390502eb21d9 for RaftStorage:Storage Directory /workdir/hadoop-ozone/ozonefs/target/test-dir/MiniOzoneClusterImpl-ca0b0e9e-6896-4a7b-b208-9ea04bbb623c/datanode-0/data/ratis/97d92593-d9a8-41a7-a6ab-390502eb21d9
2019-09-19 14:38:18,072 [pool-133-thread-1] INFO  server.RaftServerConfigKeys (ConfUtils.java:logGet(43)) - raft.server.log.queue.byte-limit = 2147483647 (custom)
2019-09-19 14:38:18,073 [pool-133-thread-1] INFO  server.RaftServerConfigKeys (ConfUtils.java:logGet(43)) - raft.server.log.queue.element-limit = 1024 (custom)
2019-09-19 14:38:18,073 [pool-133-thread-1] INFO  server.RaftServerConfigKeys (ConfUtils.java:logGet(43)) - raft.server.log.segment.size.max = 1048576 (custom)
2019-09-19 14:38:18,073 [pool-133-thread-1] INFO  server.RaftServerConfigKeys (ConfUtils.java:logGet(43)) - raft.server.log.preallocated.size = 16384 (custom)
2019-09-19 14:38:18,073 [pool-133-thread-1] INFO  server.RaftServerConfigKeys (ConfUtils.java:logGet(43)) - raft.server.log.write.buffer.size = 33554432 (custom)
2019-09-19 14:38:18,073 [pool-133-thread-1] INFO  server.RaftServerConfigKeys (ConfUtils.java:logGet(43)) - raft.server.log.force.sync.num = 128 (default)
2019-09-19 14:38:18,073 [pool-133-thread-1] INFO  server.RaftServerConfigKeys (ConfUtils.java:logGet(43)) - raft.server.log.statemachine.data.sync = true (default)
2019-09-19 14:38:18,074 [pool-133-thread-1] INFO  server.RaftServerConfigKeys (ConfUtils.java:logGet(43)) - raft.server.log.statemachine.data.sync.timeout = 10s (default)
2019-09-19 14:38:18,074 [pool-133-thread-1] INFO  server.RaftServerConfigKeys (ConfUtils.java:logGet(43)) - raft.server.log.statemachine.data.sync.timeout.retry = -1 (default)
2019-09-19 14:38:18,074 [pool-133-thread-1] INFO  server.RaftServerConfigKeys (ConfUtils.java:logGet(43)) - raft.server.log.statemachine.data.caching.enabled = true (custom)
2019-09-19 14:38:18,074 [pool-133-thread-1] INFO  segmented.SegmentedRaftLogWorker (SegmentedRaftLogWorker.java:lambda$new$0(132)) - 0dde4a13-db22-45ad-8ae4-adbffc53faa4-SegmentedRaftLogWorker:Storage Directory /workdir/hadoop-ozone/ozonefs/target/test-dir/MiniOzoneClusterImpl-ca0b0e9e-6896-4a7b-b208-9ea04bbb623c/datanode-0/data/ratis/97d92593-d9a8-41a7-a6ab-390502eb21d9: flushIndex: setUnconditionally 0 -> -1
2019-09-19 14:38:18,075 [pool-133-thread-1] INFO  server.RaftServerConfigKeys (ConfUtils.java:logGet(43)) - raft.server.snapshot.auto.trigger.enabled = true (custom)
2019-09-19 14:38:18,075 [pool-133-thread-1] INFO  server.RaftServerConfigKeys (ConfUtils.java:logGet(43)) - raft.server.snapshot.auto.trigger.threshold = 10000 (custom)
2019-09-19 14:38:18,075 [pool-133-thread-1] INFO  server.RaftServerConfigKeys (ConfUtils.java:logGet(43)) - raft.server.retrycache.expirytime = 600000ms (custom)
2019-09-19 14:38:18,075 [pool-133-thread-1] INFO  impl.RaftServerImpl (RaftServerImpl.java:start(180)) - 0dde4a13-db22-45ad-8ae4-adbffc53faa4: start group-390502EB21D9
2019-09-19 14:38:18,075 [pool-133-thread-1] INFO  impl.RaftServerImpl (RaftServerImpl.java:setRole(171)) - 0dde4a13-db22-45ad-8ae4-adbffc53faa4:group-390502EB21D9 changes role from null to FOLLOWER at term 0 for startAsFollower
2019-09-19 14:38:18,076 [pool-133-thread-1] INFO  impl.RoleInfo (RoleInfo.java:updateAndGet(143)) - 0dde4a13-db22-45ad-8ae4-adbffc53faa4: start FollowerState
2019-09-19 14:38:18,076 [pool-133-thread-1] INFO  util.JmxRegister (JmxRegister.java:tryRegister(44)) - Successfully registered JMX Bean with object name Ratis:service=RaftServer,group=group-390502EB21D9,id=0dde4a13-db22-45ad-8ae4-adbffc53faa4
2019-09-19 14:38:18,082 [RatisPipelineUtilsThread] INFO  pipeline.PipelineStateManager (PipelineStateManager.java:addPipeline(56)) - Created pipeline Pipeline[ Id: 97d92593-d9a8-41a7-a6ab-390502eb21d9, Nodes: 0dde4a13-db22-45ad-8ae4-adbffc53faa4{ip: 192.168.5.132, host: pr-hdds-1569-rzdr8-3403194166, networkLocation: /default-rack, certSerialId: null}, Type:RATIS, Factor:ONE, State:OPEN]
2019-09-19 14:38:18,099 [grpc-default-executor-0] INFO  impl.RaftServerProxy (RaftServerProxy.java:addNew(89)) - 0dde4a13-db22-45ad-8ae4-adbffc53faa4: addNew group-85FBF442DA7C:[0dde4a13-db22-45ad-8ae4-adbffc53faa4:192.168.5.132:40506] returns group-85FBF442DA7C:java.util.concurrent.CompletableFuture@73294a8f[Not completed]
2019-09-19 14:38:18,101 [pool-133-thread-1] INFO  impl.RaftServerImpl (RaftServerImpl.java:<init>(93)) - 0dde4a13-db22-45ad-8ae4-adbffc53faa4: new RaftServerImpl for group-85FBF442DA7C:[0dde4a13-db22-45ad-8ae4-adbffc53faa4:192.168.5.132:40506] with ContainerStateMachine:uninitialized
2019-09-19 14:38:18,101 [pool-133-thread-1] INFO  server.RaftServerConfigKeys (ConfUtils.java:logGet(43)) - raft.server.rpc.timeout.min = 5s (custom)
2019-09-19 14:38:18,101 [pool-133-thread-1] INFO  server.RaftServerConfigKeys (ConfUtils.java:logGet(43)) - raft.server.rpc.timeout.max = 5200ms (custom)
2019-09-19 14:38:18,101 [pool-133-thread-1] INFO  server.RaftServerConfigKeys (ConfUtils.java:logGet(43)) - raft.server.rpcslowness.timeout = 120s (custom)
2019-09-19 14:38:18,102 [pool-133-thread-1] INFO  server.RaftServerConfigKeys (ConfUtils.java:logGet(43)) - raft.server.sleep.deviation.threshold = 300 (default)
2019-09-19 14:38:18,102 [pool-133-thread-1] INFO  server.RaftServerConfigKeys (ConfUtils.java:logGet(43)) - raft.server.log.appender.install.snapshot.enabled = false (custom)
2019-09-19 14:38:18,102 [pool-133-thread-1] INFO  impl.RaftServerImpl (ServerState.java:<init>(105)) - 0dde4a13-db22-45ad-8ae4-adbffc53faa4:group-85FBF442DA7C ConfigurationManager, init=-1: [0dde4a13-db22-45ad-8ae4-adbffc53faa4:192.168.5.132:40506], old=null, confs=<EMPTY_MAP>
2019-09-19 14:38:18,102 [pool-133-thread-1] INFO  server.RaftServerConfigKeys (ConfUtils.java:logGet(43)) - raft.server.storage.dir = [/workdir/hadoop-ozone/ozonefs/target/test-dir/MiniOzoneClusterImpl-ca0b0e9e-6896-4a7b-b208-9ea04bbb623c/datanode-0/data/ratis] (custom)
2019-09-19 14:38:18,102 [pool-133-thread-1] INFO  storage.RaftStorageDirectory (RaftStorageDirectory.java:analyzeStorage(246)) - The storage directory /workdir/hadoop-ozone/ozonefs/target/test-dir/MiniOzoneClusterImpl-ca0b0e9e-6896-4a7b-b208-9ea04bbb623c/datanode-0/data/ratis/b25aa6dd-bd4f-4cfd-ad87-85fbf442da7c does not exist. Creating ...
2019-09-19 14:38:18,117 [pool-133-thread-1] INFO  storage.RaftStorageDirectory (RaftStorageDirectory.java:tryLock(328)) - Lock on /workdir/hadoop-ozone/ozonefs/target/test-dir/MiniOzoneClusterImpl-ca0b0e9e-6896-4a7b-b208-9ea04bbb623c/datanode-0/data/ratis/b25aa6dd-bd4f-4cfd-ad87-85fbf442da7c/in_use.lock acquired by nodename 25220@pr-hdds-1569-rzdr8-3403194166
2019-09-19 14:38:18,154 [pool-133-thread-1] INFO  storage.RaftStorage (RaftStorage.java:format(72)) - Storage directory /workdir/hadoop-ozone/ozonefs/target/test-dir/MiniOzoneClusterImpl-ca0b0e9e-6896-4a7b-b208-9ea04bbb623c/datanode-0/data/ratis/b25aa6dd-bd4f-4cfd-ad87-85fbf442da7c has been successfully formatted.
2019-09-19 14:38:18,154 [pool-133-thread-1] INFO  ratis.ContainerStateMachine (ContainerStateMachine.java:loadSnapshot(226)) - group-85FBF442DA7C: The snapshot info is null. Setting the last applied indexto:(t:0, i:~)
2019-09-19 14:38:18,154 [pool-133-thread-1] INFO  server.RaftServerConfigKeys (ConfUtils.java:logGet(43)) - raft.server.leader.election.timeout = 120s (custom)
2019-09-19 14:38:18,154 [pool-133-thread-1] INFO  server.RaftServerConfigKeys (ConfUtils.java:logGet(43)) - raft.server.log.use.memory = false (default)
2019-09-19 14:38:18,154 [pool-133-thread-1] INFO  server.RaftServerConfigKeys (ConfUtils.java:logGet(43)) - raft.server.log.purge.gap = 1000000 (custom)
2019-09-19 14:38:18,155 [pool-133-thread-1] INFO  server.RaftServerConfigKeys (ConfUtils.java:logGet(43)) - raft.server.log.appender.buffer.byte-limit = 33554432 (custom)
2019-09-19 14:38:18,155 [pool-133-thread-1] INFO  server.RaftServerConfigKeys (ConfUtils.java:logGet(43)) - raft.server.log.segment.size.max = 1048576 (custom)
2019-09-19 14:38:18,155 [pool-133-thread-1] INFO  server.RaftServerConfigKeys (ConfUtils.java:logGet(43)) - raft.server.log.segment.cache.num.max = 2 (custom)
2019-09-19 14:38:18,155 [pool-133-thread-1] INFO  segmented.SegmentedRaftLogWorker (SegmentedRaftLogWorker.java:<init>(172)) - new 0dde4a13-db22-45ad-8ae4-adbffc53faa4-SegmentedRaftLogWorker:Storage Directory /workdir/hadoop-ozone/ozonefs/target/test-dir/MiniOzoneClusterImpl-ca0b0e9e-6896-4a7b-b208-9ea04bbb623c/datanode-0/data/ratis/b25aa6dd-bd4f-4cfd-ad87-85fbf442da7c for RaftStorage:Storage Directory /workdir/hadoop-ozone/ozonefs/target/test-dir/MiniOzoneClusterImpl-ca0b0e9e-6896-4a7b-b208-9ea04bbb623c/datanode-0/data/ratis/b25aa6dd-bd4f-4cfd-ad87-85fbf442da7c
2019-09-19 14:38:18,155 [pool-133-thread-1] INFO  server.RaftServerConfigKeys (ConfUtils.java:logGet(43)) - raft.server.log.queue.byte-limit = 2147483647 (custom)
2019-09-19 14:38:18,155 [pool-133-thread-1] INFO  server.RaftServerConfigKeys (ConfUtils.java:logGet(43)) - raft.server.log.queue.element-limit = 1024 (custom)
2019-09-19 14:38:18,156 [pool-133-thread-1] INFO  server.RaftServerConfigKeys (ConfUtils.java:logGet(43)) - raft.server.log.segment.size.max = 1048576 (custom)
2019-09-19 14:38:18,156 [pool-133-thread-1] INFO  server.RaftServerConfigKeys (ConfUtils.java:logGet(43)) - raft.server.log.preallocated.size = 16384 (custom)
2019-09-19 14:38:18,156 [pool-133-thread-1] INFO  server.RaftServerConfigKeys (ConfUtils.java:logGet(43)) - raft.server.log.write.buffer.size = 33554432 (custom)
2019-09-19 14:38:18,156 [pool-133-thread-1] INFO  server.RaftServerConfigKeys (ConfUtils.java:logGet(43)) - raft.server.log.force.sync.num = 128 (default)
2019-09-19 14:38:18,156 [pool-133-thread-1] INFO  server.RaftServerConfigKeys (ConfUtils.java:logGet(43)) - raft.server.log.statemachine.data.sync = true (default)
2019-09-19 14:38:18,156 [pool-133-thread-1] INFO  server.RaftServerConfigKeys (ConfUtils.java:logGet(43)) - raft.server.log.statemachine.data.sync.timeout = 10s (default)
2019-09-19 14:38:18,156 [pool-133-thread-1] INFO  server.RaftServerConfigKeys (ConfUtils.java:logGet(43)) - raft.server.log.statemachine.data.sync.timeout.retry = -1 (default)
2019-09-19 14:38:18,157 [pool-133-thread-1] INFO  server.RaftServerConfigKeys (ConfUtils.java:logGet(43)) - raft.server.log.statemachine.data.caching.enabled = true (custom)
2019-09-19 14:38:18,157 [pool-133-thread-1] INFO  segmented.SegmentedRaftLogWorker (SegmentedRaftLogWorker.java:lambda$new$0(132)) - 0dde4a13-db22-45ad-8ae4-adbffc53faa4-SegmentedRaftLogWorker:Storage Directory /workdir/hadoop-ozone/ozonefs/target/test-dir/MiniOzoneClusterImpl-ca0b0e9e-6896-4a7b-b208-9ea04bbb623c/datanode-0/data/ratis/b25aa6dd-bd4f-4cfd-ad87-85fbf442da7c: flushIndex: setUnconditionally 0 -> -1
2019-09-19 14:38:18,157 [pool-133-thread-1] INFO  server.RaftServerConfigKeys (ConfUtils.java:logGet(43)) - raft.server.snapshot.auto.trigger.enabled = true (custom)
2019-09-19 14:38:18,157 [pool-133-thread-1] INFO  server.RaftServerConfigKeys (ConfUtils.java:logGet(43)) - raft.server.snapshot.auto.trigger.threshold = 10000 (custom)
2019-09-19 14:38:18,158 [pool-133-thread-1] INFO  server.RaftServerConfigKeys (ConfUtils.java:logGet(43)) - raft.server.retrycache.expirytime = 600000ms (custom)
2019-09-19 14:38:18,158 [pool-133-thread-1] INFO  impl.RaftServerImpl (RaftServerImpl.java:start(180)) - 0dde4a13-db22-45ad-8ae4-adbffc53faa4: start group-85FBF442DA7C
2019-09-19 14:38:18,158 [pool-133-thread-1] INFO  impl.RaftServerImpl (RaftServerImpl.java:setRole(171)) - 0dde4a13-db22-45ad-8ae4-adbffc53faa4:group-85FBF442DA7C changes role from null to FOLLOWER at term 0 for startAsFollower
2019-09-19 14:38:18,158 [pool-133-thread-1] INFO  impl.RoleInfo (RoleInfo.java:updateAndGet(143)) - 0dde4a13-db22-45ad-8ae4-adbffc53faa4: start FollowerState
2019-09-19 14:38:18,164 [pool-133-thread-1] INFO  util.JmxRegister (JmxRegister.java:tryRegister(44)) - Successfully registered JMX Bean with object name Ratis:service=RaftServer,group=group-85FBF442DA7C,id=0dde4a13-db22-45ad-8ae4-adbffc53faa4
2019-09-19 14:38:18,174 [RatisPipelineUtilsThread] INFO  pipeline.PipelineStateManager (PipelineStateManager.java:addPipeline(56)) - Created pipeline Pipeline[ Id: b25aa6dd-bd4f-4cfd-ad87-85fbf442da7c, Nodes: 0dde4a13-db22-45ad-8ae4-adbffc53faa4{ip: 192.168.5.132, host: pr-hdds-1569-rzdr8-3403194166, networkLocation: /default-rack, certSerialId: null}, Type:RATIS, Factor:ONE, State:OPEN]
2019-09-19 14:38:18,182 [grpc-default-executor-0] INFO  impl.RaftServerProxy (RaftServerProxy.java:addNew(89)) - 9acfc684-f025-4851-a671-9506a9a8f647: addNew group-345BA771CA63:[9acfc684-f025-4851-a671-9506a9a8f647:192.168.5.132:43107] returns group-345BA771CA63:java.util.concurrent.CompletableFuture@4f2f9c5[Not completed]
2019-09-19 14:38:18,184 [pool-144-thread-1] INFO  impl.RaftServerImpl (RaftServerImpl.java:<init>(93)) - 9acfc684-f025-4851-a671-9506a9a8f647: new RaftServerImpl for group-345BA771CA63:[9acfc684-f025-4851-a671-9506a9a8f647:192.168.5.132:43107] with ContainerStateMachine:uninitialized
2019-09-19 14:38:18,184 [pool-144-thread-1] INFO  server.RaftServerConfigKeys (ConfUtils.java:logGet(43)) - raft.server.rpc.timeout.min = 5s (custom)
2019-09-19 14:38:18,184 [pool-144-thread-1] INFO  server.RaftServerConfigKeys (ConfUtils.java:logGet(43)) - raft.server.rpc.timeout.max = 5200ms (custom)
2019-09-19 14:38:18,185 [pool-144-thread-1] INFO  server.RaftServerConfigKeys (ConfUtils.java:logGet(43)) - raft.server.rpcslowness.timeout = 120s (custom)
2019-09-19 14:38:18,185 [pool-144-thread-1] INFO  server.RaftServerConfigKeys (ConfUtils.java:logGet(43)) - raft.server.sleep.deviation.threshold = 300 (default)
2019-09-19 14:38:18,185 [pool-144-thread-1] INFO  server.RaftServerConfigKeys (ConfUtils.java:logGet(43)) - raft.server.log.appender.install.snapshot.enabled = false (custom)
2019-09-19 14:38:18,185 [pool-144-thread-1] INFO  impl.RaftServerImpl (ServerState.java:<init>(105)) - 9acfc684-f025-4851-a671-9506a9a8f647:group-345BA771CA63 ConfigurationManager, init=-1: [9acfc684-f025-4851-a671-9506a9a8f647:192.168.5.132:43107], old=null, confs=<EMPTY_MAP>
2019-09-19 14:38:18,185 [pool-144-thread-1] INFO  server.RaftServerConfigKeys (ConfUtils.java:logGet(43)) - raft.server.storage.dir = [/workdir/hadoop-ozone/ozonefs/target/test-dir/MiniOzoneClusterImpl-ca0b0e9e-6896-4a7b-b208-9ea04bbb623c/datanode-1/data/ratis] (custom)
2019-09-19 14:38:18,186 [pool-144-thread-1] INFO  storage.RaftStorageDirectory (RaftStorageDirectory.java:analyzeStorage(246)) - The storage directory /workdir/hadoop-ozone/ozonefs/target/test-dir/MiniOzoneClusterImpl-ca0b0e9e-6896-4a7b-b208-9ea04bbb623c/datanode-1/data/ratis/2f180648-7424-4157-85ef-345ba771ca63 does not exist. Creating ...
2019-09-19 14:38:18,212 [pool-144-thread-1] INFO  storage.RaftStorageDirectory (RaftStorageDirectory.java:tryLock(328)) - Lock on /workdir/hadoop-ozone/ozonefs/target/test-dir/MiniOzoneClusterImpl-ca0b0e9e-6896-4a7b-b208-9ea04bbb623c/datanode-1/data/ratis/2f180648-7424-4157-85ef-345ba771ca63/in_use.lock acquired by nodename 25220@pr-hdds-1569-rzdr8-3403194166
2019-09-19 14:38:18,238 [pool-144-thread-1] INFO  storage.RaftStorage (RaftStorage.java:format(72)) - Storage directory /workdir/hadoop-ozone/ozonefs/target/test-dir/MiniOzoneClusterImpl-ca0b0e9e-6896-4a7b-b208-9ea04bbb623c/datanode-1/data/ratis/2f180648-7424-4157-85ef-345ba771ca63 has been successfully formatted.
2019-09-19 14:38:18,238 [pool-144-thread-1] INFO  ratis.ContainerStateMachine (ContainerStateMachine.java:loadSnapshot(226)) - group-345BA771CA63: The snapshot info is null. Setting the last applied indexto:(t:0, i:~)
2019-09-19 14:38:18,238 [pool-144-thread-1] INFO  server.RaftServerConfigKeys (ConfUtils.java:logGet(43)) - raft.server.leader.election.timeout = 120s (custom)
2019-09-19 14:38:18,238 [pool-144-thread-1] INFO  server.RaftServerConfigKeys (ConfUtils.java:logGet(43)) - raft.server.log.use.memory = false (default)
2019-09-19 14:38:18,239 [pool-144-thread-1] INFO  server.RaftServerConfigKeys (ConfUtils.java:logGet(43)) - raft.server.log.purge.gap = 1000000 (custom)
2019-09-19 14:38:18,239 [pool-144-thread-1] INFO  server.RaftServerConfigKeys (ConfUtils.java:logGet(43)) - raft.server.log.appender.buffer.byte-limit = 33554432 (custom)
2019-09-19 14:38:18,239 [pool-144-thread-1] INFO  server.RaftServerConfigKeys (ConfUtils.java:logGet(43)) - raft.server.log.segment.size.max = 1048576 (custom)
2019-09-19 14:38:18,239 [pool-144-thread-1] INFO  server.RaftServerConfigKeys (ConfUtils.java:logGet(43)) - raft.server.log.segment.cache.num.max = 2 (custom)
2019-09-19 14:38:18,239 [pool-144-thread-1] INFO  segmented.SegmentedRaftLogWorker (SegmentedRaftLogWorker.java:<init>(172)) - new 9acfc684-f025-4851-a671-9506a9a8f647-SegmentedRaftLogWorker:Storage Directory /workdir/hadoop-ozone/ozonefs/target/test-dir/MiniOzoneClusterImpl-ca0b0e9e-6896-4a7b-b208-9ea04bbb623c/datanode-1/data/ratis/2f180648-7424-4157-85ef-345ba771ca63 for RaftStorage:Storage Directory /workdir/hadoop-ozone/ozonefs/target/test-dir/MiniOzoneClusterImpl-ca0b0e9e-6896-4a7b-b208-9ea04bbb623c/datanode-1/data/ratis/2f180648-7424-4157-85ef-345ba771ca63
2019-09-19 14:38:18,239 [pool-144-thread-1] INFO  server.RaftServerConfigKeys (ConfUtils.java:logGet(43)) - raft.server.log.queue.byte-limit = 2147483647 (custom)
2019-09-19 14:38:18,240 [pool-144-thread-1] INFO  server.RaftServerConfigKeys (ConfUtils.java:logGet(43)) - raft.server.log.queue.element-limit = 1024 (custom)
2019-09-19 14:38:18,240 [pool-144-thread-1] INFO  server.RaftServerConfigKeys (ConfUtils.java:logGet(43)) - raft.server.log.segment.size.max = 1048576 (custom)
2019-09-19 14:38:18,240 [pool-144-thread-1] INFO  server.RaftServerConfigKeys (ConfUtils.java:logGet(43)) - raft.server.log.preallocated.size = 16384 (custom)
2019-09-19 14:38:18,240 [Thread-530] INFO  ozone.MiniOzoneClusterImpl (MiniOzoneClusterImpl.java:lambda$waitForClusterToBeReady$0(142)) - Waiting for cluster to be ready. Got 2 of 3 DN Heartbeats.
2019-09-19 14:38:18,240 [pool-144-thread-1] INFO  server.RaftServerConfigKeys (ConfUtils.java:logGet(43)) - raft.server.log.write.buffer.size = 33554432 (custom)
2019-09-19 14:38:18,241 [pool-144-thread-1] INFO  server.RaftServerConfigKeys (ConfUtils.java:logGet(43)) - raft.server.log.force.sync.num = 128 (default)
2019-09-19 14:38:18,241 [pool-144-thread-1] INFO  server.RaftServerConfigKeys (ConfUtils.java:logGet(43)) - raft.server.log.statemachine.data.sync = true (default)
2019-09-19 14:38:18,241 [pool-144-thread-1] INFO  server.RaftServerConfigKeys (ConfUtils.java:logGet(43)) - raft.server.log.statemachine.data.sync.timeout = 10s (default)
2019-09-19 14:38:18,241 [pool-144-thread-1] INFO  server.RaftServerConfigKeys (ConfUtils.java:logGet(43)) - raft.server.log.statemachine.data.sync.timeout.retry = -1 (default)
2019-09-19 14:38:18,241 [pool-144-thread-1] INFO  server.RaftServerConfigKeys (ConfUtils.java:logGet(43)) - raft.server.log.statemachine.data.caching.enabled = true (custom)
2019-09-19 14:38:18,242 [IPC Server handler 6 on 39681] INFO  net.NetworkTopology (NetworkTopologyImpl.java:add(110)) - Added a new node: /default-rack/afbc86cd-608c-4927-90cf-3a7f1e6aa679
2019-09-19 14:38:18,242 [pool-144-thread-1] INFO  segmented.SegmentedRaftLogWorker (SegmentedRaftLogWorker.java:lambda$new$0(132)) - 9acfc684-f025-4851-a671-9506a9a8f647-SegmentedRaftLogWorker:Storage Directory /workdir/hadoop-ozone/ozonefs/target/test-dir/MiniOzoneClusterImpl-ca0b0e9e-6896-4a7b-b208-9ea04bbb623c/datanode-1/data/ratis/2f180648-7424-4157-85ef-345ba771ca63: flushIndex: setUnconditionally 0 -> -1
2019-09-19 14:38:18,242 [IPC Server handler 6 on 39681] INFO  node.SCMNodeManager (SCMNodeManager.java:register(273)) - Registered Data node : afbc86cd-608c-4927-90cf-3a7f1e6aa679{ip: 192.168.5.132, host: pr-hdds-1569-rzdr8-3403194166, networkLocation: /default-rack, certSerialId: null}
2019-09-19 14:38:18,242 [pool-144-thread-1] INFO  server.RaftServerConfigKeys (ConfUtils.java:logGet(43)) - raft.server.snapshot.auto.trigger.enabled = true (custom)
2019-09-19 14:38:18,242 [pool-144-thread-1] INFO  server.RaftServerConfigKeys (ConfUtils.java:logGet(43)) - raft.server.snapshot.auto.trigger.threshold = 10000 (custom)
2019-09-19 14:38:18,243 [pool-144-thread-1] INFO  server.RaftServerConfigKeys (ConfUtils.java:logGet(43)) - raft.server.retrycache.expirytime = 600000ms (custom)
2019-09-19 14:38:18,243 | INFO  | SCMAudit | user=jenkins1000 | ip=192.168.5.132 | op=REGISTER {datanodeDetails=afbc86cd-608c-4927-90cf-3a7f1e6aa679{ip: 192.168.5.132, host: pr-hdds-1569-rzdr8-3403194166, networkLocation: /default-rack, certSerialId: null}} | ret=SUCCESS |  
2019-09-19 14:38:18,243 [pool-144-thread-1] INFO  impl.RaftServerImpl (RaftServerImpl.java:start(180)) - 9acfc684-f025-4851-a671-9506a9a8f647: start group-345BA771CA63
2019-09-19 14:38:18,243 [pool-144-thread-1] INFO  impl.RaftServerImpl (RaftServerImpl.java:setRole(171)) - 9acfc684-f025-4851-a671-9506a9a8f647:group-345BA771CA63 changes role from null to FOLLOWER at term 0 for startAsFollower
2019-09-19 14:38:18,243 [pool-144-thread-1] INFO  impl.RoleInfo (RoleInfo.java:updateAndGet(143)) - 9acfc684-f025-4851-a671-9506a9a8f647: start FollowerState
2019-09-19 14:38:18,244 [pool-144-thread-1] INFO  util.JmxRegister (JmxRegister.java:tryRegister(44)) - Successfully registered JMX Bean with object name Ratis:service=RaftServer,group=group-345BA771CA63,id=9acfc684-f025-4851-a671-9506a9a8f647
2019-09-19 14:38:18,247 [RatisPipelineUtilsThread] INFO  pipeline.PipelineStateManager (PipelineStateManager.java:addPipeline(56)) - Created pipeline Pipeline[ Id: 2f180648-7424-4157-85ef-345ba771ca63, Nodes: 9acfc684-f025-4851-a671-9506a9a8f647{ip: 192.168.5.132, host: pr-hdds-1569-rzdr8-3403194166, networkLocation: /default-rack, certSerialId: null}, Type:RATIS, Factor:ONE, State:OPEN]
2019-09-19 14:38:18,254 [grpc-default-executor-0] INFO  impl.RaftServerProxy (RaftServerProxy.java:addNew(89)) - 0dde4a13-db22-45ad-8ae4-adbffc53faa4: addNew group-935AFA0322E7:[0dde4a13-db22-45ad-8ae4-adbffc53faa4:192.168.5.132:40506] returns group-935AFA0322E7:java.util.concurrent.CompletableFuture@2d2b42a4[Not completed]
2019-09-19 14:38:18,255 [pool-133-thread-1] INFO  impl.RaftServerImpl (RaftServerImpl.java:<init>(93)) - 0dde4a13-db22-45ad-8ae4-adbffc53faa4: new RaftServerImpl for group-935AFA0322E7:[0dde4a13-db22-45ad-8ae4-adbffc53faa4:192.168.5.132:40506] with ContainerStateMachine:uninitialized
2019-09-19 14:38:18,255 [pool-133-thread-1] INFO  server.RaftServerConfigKeys (ConfUtils.java:logGet(43)) - raft.server.rpc.timeout.min = 5s (custom)
2019-09-19 14:38:18,255 [pool-133-thread-1] INFO  server.RaftServerConfigKeys (ConfUtils.java:logGet(43)) - raft.server.rpc.timeout.max = 5200ms (custom)
2019-09-19 14:38:18,255 [pool-133-thread-1] INFO  server.RaftServerConfigKeys (ConfUtils.java:logGet(43)) - raft.server.rpcslowness.timeout = 120s (custom)
2019-09-19 14:38:18,255 [pool-133-thread-1] INFO  server.RaftServerConfigKeys (ConfUtils.java:logGet(43)) - raft.server.sleep.deviation.threshold = 300 (default)
2019-09-19 14:38:18,255 [pool-133-thread-1] INFO  server.RaftServerConfigKeys (ConfUtils.java:logGet(43)) - raft.server.log.appender.install.snapshot.enabled = false (custom)
2019-09-19 14:38:18,256 [pool-133-thread-1] INFO  impl.RaftServerImpl (ServerState.java:<init>(105)) - 0dde4a13-db22-45ad-8ae4-adbffc53faa4:group-935AFA0322E7 ConfigurationManager, init=-1: [0dde4a13-db22-45ad-8ae4-adbffc53faa4:192.168.5.132:40506], old=null, confs=<EMPTY_MAP>
2019-09-19 14:38:18,256 [pool-133-thread-1] INFO  server.RaftServerConfigKeys (ConfUtils.java:logGet(43)) - raft.server.storage.dir = [/workdir/hadoop-ozone/ozonefs/target/test-dir/MiniOzoneClusterImpl-ca0b0e9e-6896-4a7b-b208-9ea04bbb623c/datanode-0/data/ratis] (custom)
2019-09-19 14:38:18,256 [pool-133-thread-1] INFO  storage.RaftStorageDirectory (RaftStorageDirectory.java:analyzeStorage(246)) - The storage directory /workdir/hadoop-ozone/ozonefs/target/test-dir/MiniOzoneClusterImpl-ca0b0e9e-6896-4a7b-b208-9ea04bbb623c/datanode-0/data/ratis/41abb61c-a9da-44a4-babd-935afa0322e7 does not exist. Creating ...
2019-09-19 14:38:18,280 [pool-133-thread-1] INFO  storage.RaftStorageDirectory (RaftStorageDirectory.java:tryLock(328)) - Lock on /workdir/hadoop-ozone/ozonefs/target/test-dir/MiniOzoneClusterImpl-ca0b0e9e-6896-4a7b-b208-9ea04bbb623c/datanode-0/data/ratis/41abb61c-a9da-44a4-babd-935afa0322e7/in_use.lock acquired by nodename 25220@pr-hdds-1569-rzdr8-3403194166
2019-09-19 14:38:18,305 [pool-133-thread-1] INFO  storage.RaftStorage (RaftStorage.java:format(72)) - Storage directory /workdir/hadoop-ozone/ozonefs/target/test-dir/MiniOzoneClusterImpl-ca0b0e9e-6896-4a7b-b208-9ea04bbb623c/datanode-0/data/ratis/41abb61c-a9da-44a4-babd-935afa0322e7 has been successfully formatted.
2019-09-19 14:38:18,306 [pool-133-thread-1] INFO  ratis.ContainerStateMachine (ContainerStateMachine.java:loadSnapshot(226)) - group-935AFA0322E7: The snapshot info is null. Setting the last applied indexto:(t:0, i:~)
2019-09-19 14:38:18,306 [pool-133-thread-1] INFO  server.RaftServerConfigKeys (ConfUtils.java:logGet(43)) - raft.server.leader.election.timeout = 120s (custom)
2019-09-19 14:38:18,306 [pool-133-thread-1] INFO  server.RaftServerConfigKeys (ConfUtils.java:logGet(43)) - raft.server.log.use.memory = false (default)
2019-09-19 14:38:18,306 [pool-133-thread-1] INFO  server.RaftServerConfigKeys (ConfUtils.java:logGet(43)) - raft.server.log.purge.gap = 1000000 (custom)
2019-09-19 14:38:18,306 [pool-133-thread-1] INFO  server.RaftServerConfigKeys (ConfUtils.java:logGet(43)) - raft.server.log.appender.buffer.byte-limit = 33554432 (custom)
2019-09-19 14:38:18,306 [pool-133-thread-1] INFO  server.RaftServerConfigKeys (ConfUtils.java:logGet(43)) - raft.server.log.segment.size.max = 1048576 (custom)
2019-09-19 14:38:18,307 [pool-133-thread-1] INFO  server.RaftServerConfigKeys (ConfUtils.java:logGet(43)) - raft.server.log.segment.cache.num.max = 2 (custom)
2019-09-19 14:38:18,307 [pool-133-thread-1] INFO  segmented.SegmentedRaftLogWorker (SegmentedRaftLogWorker.java:<init>(172)) - new 0dde4a13-db22-45ad-8ae4-adbffc53faa4-SegmentedRaftLogWorker:Storage Directory /workdir/hadoop-ozone/ozonefs/target/test-dir/MiniOzoneClusterImpl-ca0b0e9e-6896-4a7b-b208-9ea04bbb623c/datanode-0/data/ratis/41abb61c-a9da-44a4-babd-935afa0322e7 for RaftStorage:Storage Directory /workdir/hadoop-ozone/ozonefs/target/test-dir/MiniOzoneClusterImpl-ca0b0e9e-6896-4a7b-b208-9ea04bbb623c/datanode-0/data/ratis/41abb61c-a9da-44a4-babd-935afa0322e7
2019-09-19 14:38:18,307 [pool-133-thread-1] INFO  server.RaftServerConfigKeys (ConfUtils.java:logGet(43)) - raft.server.log.queue.byte-limit = 2147483647 (custom)
2019-09-19 14:38:18,307 [pool-133-thread-1] INFO  server.RaftServerConfigKeys (ConfUtils.java:logGet(43)) - raft.server.log.queue.element-limit = 1024 (custom)
2019-09-19 14:38:18,307 [pool-133-thread-1] INFO  server.RaftServerConfigKeys (ConfUtils.java:logGet(43)) - raft.server.log.segment.size.max = 1048576 (custom)
2019-09-19 14:38:18,308 [pool-133-thread-1] INFO  server.RaftServerConfigKeys (ConfUtils.java:logGet(43)) - raft.server.log.preallocated.size = 16384 (custom)
2019-09-19 14:38:18,308 [pool-133-thread-1] INFO  server.RaftServerConfigKeys (ConfUtils.java:logGet(43)) - raft.server.log.write.buffer.size = 33554432 (custom)
2019-09-19 14:38:18,308 [pool-133-thread-1] INFO  server.RaftServerConfigKeys (ConfUtils.java:logGet(43)) - raft.server.log.force.sync.num = 128 (default)
2019-09-19 14:38:18,308 [pool-133-thread-1] INFO  server.RaftServerConfigKeys (ConfUtils.java:logGet(43)) - raft.server.log.statemachine.data.sync = true (default)
2019-09-19 14:38:18,308 [pool-133-thread-1] INFO  server.RaftServerConfigKeys (ConfUtils.java:logGet(43)) - raft.server.log.statemachine.data.sync.timeout = 10s (default)
2019-09-19 14:38:18,308 [pool-133-thread-1] INFO  server.RaftServerConfigKeys (ConfUtils.java:logGet(43)) - raft.server.log.statemachine.data.sync.timeout.retry = -1 (default)
2019-09-19 14:38:18,308 [pool-133-thread-1] INFO  server.RaftServerConfigKeys (ConfUtils.java:logGet(43)) - raft.server.log.statemachine.data.caching.enabled = true (custom)
2019-09-19 14:38:18,309 [pool-133-thread-1] INFO  segmented.SegmentedRaftLogWorker (SegmentedRaftLogWorker.java:lambda$new$0(132)) - 0dde4a13-db22-45ad-8ae4-adbffc53faa4-SegmentedRaftLogWorker:Storage Directory /workdir/hadoop-ozone/ozonefs/target/test-dir/MiniOzoneClusterImpl-ca0b0e9e-6896-4a7b-b208-9ea04bbb623c/datanode-0/data/ratis/41abb61c-a9da-44a4-babd-935afa0322e7: flushIndex: setUnconditionally 0 -> -1
2019-09-19 14:38:18,309 [pool-133-thread-1] INFO  server.RaftServerConfigKeys (ConfUtils.java:logGet(43)) - raft.server.snapshot.auto.trigger.enabled = true (custom)
2019-09-19 14:38:18,309 [pool-133-thread-1] INFO  server.RaftServerConfigKeys (ConfUtils.java:logGet(43)) - raft.server.snapshot.auto.trigger.threshold = 10000 (custom)
2019-09-19 14:38:18,310 [pool-133-thread-1] INFO  server.RaftServerConfigKeys (ConfUtils.java:logGet(43)) - raft.server.retrycache.expirytime = 600000ms (custom)
2019-09-19 14:38:18,310 [pool-133-thread-1] INFO  impl.RaftServerImpl (RaftServerImpl.java:start(180)) - 0dde4a13-db22-45ad-8ae4-adbffc53faa4: start group-935AFA0322E7
2019-09-19 14:38:18,310 [pool-133-thread-1] INFO  impl.RaftServerImpl (RaftServerImpl.java:setRole(171)) - 0dde4a13-db22-45ad-8ae4-adbffc53faa4:group-935AFA0322E7 changes role from null to FOLLOWER at term 0 for startAsFollower
2019-09-19 14:38:18,310 [pool-133-thread-1] INFO  impl.RoleInfo (RoleInfo.java:updateAndGet(143)) - 0dde4a13-db22-45ad-8ae4-adbffc53faa4: start FollowerState
2019-09-19 14:38:18,311 [pool-133-thread-1] INFO  util.JmxRegister (JmxRegister.java:tryRegister(44)) - Successfully registered JMX Bean with object name Ratis:service=RaftServer,group=group-935AFA0322E7,id=0dde4a13-db22-45ad-8ae4-adbffc53faa4
2019-09-19 14:38:18,314 [RatisPipelineUtilsThread] INFO  pipeline.PipelineStateManager (PipelineStateManager.java:addPipeline(56)) - Created pipeline Pipeline[ Id: 41abb61c-a9da-44a4-babd-935afa0322e7, Nodes: 0dde4a13-db22-45ad-8ae4-adbffc53faa4{ip: 192.168.5.132, host: pr-hdds-1569-rzdr8-3403194166, networkLocation: /default-rack, certSerialId: null}, Type:RATIS, Factor:ONE, State:OPEN]
2019-09-19 14:38:18,322 [grpc-default-executor-0] INFO  impl.RaftServerProxy (RaftServerProxy.java:addNew(89)) - 9acfc684-f025-4851-a671-9506a9a8f647: addNew group-51156050FCD5:[9acfc684-f025-4851-a671-9506a9a8f647:192.168.5.132:43107] returns group-51156050FCD5:java.util.concurrent.CompletableFuture@78f02e2[Not completed]
2019-09-19 14:38:18,324 [pool-144-thread-1] INFO  impl.RaftServerImpl (RaftServerImpl.java:<init>(93)) - 9acfc684-f025-4851-a671-9506a9a8f647: new RaftServerImpl for group-51156050FCD5:[9acfc684-f025-4851-a671-9506a9a8f647:192.168.5.132:43107] with ContainerStateMachine:uninitialized
2019-09-19 14:38:18,324 [pool-144-thread-1] INFO  server.RaftServerConfigKeys (ConfUtils.java:logGet(43)) - raft.server.rpc.timeout.min = 5s (custom)
2019-09-19 14:38:18,324 [pool-144-thread-1] INFO  server.RaftServerConfigKeys (ConfUtils.java:logGet(43)) - raft.server.rpc.timeout.max = 5200ms (custom)
2019-09-19 14:38:18,324 [pool-144-thread-1] INFO  server.RaftServerConfigKeys (ConfUtils.java:logGet(43)) - raft.server.rpcslowness.timeout = 120s (custom)
2019-09-19 14:38:18,324 [pool-144-thread-1] INFO  server.RaftServerConfigKeys (ConfUtils.java:logGet(43)) - raft.server.sleep.deviation.threshold = 300 (default)
2019-09-19 14:38:18,325 [pool-144-thread-1] INFO  server.RaftServerConfigKeys (ConfUtils.java:logGet(43)) - raft.server.log.appender.install.snapshot.enabled = false (custom)
2019-09-19 14:38:18,325 [pool-144-thread-1] INFO  impl.RaftServerImpl (ServerState.java:<init>(105)) - 9acfc684-f025-4851-a671-9506a9a8f647:group-51156050FCD5 ConfigurationManager, init=-1: [9acfc684-f025-4851-a671-9506a9a8f647:192.168.5.132:43107], old=null, confs=<EMPTY_MAP>
2019-09-19 14:38:18,325 [pool-144-thread-1] INFO  server.RaftServerConfigKeys (ConfUtils.java:logGet(43)) - raft.server.storage.dir = [/workdir/hadoop-ozone/ozonefs/target/test-dir/MiniOzoneClusterImpl-ca0b0e9e-6896-4a7b-b208-9ea04bbb623c/datanode-1/data/ratis] (custom)
2019-09-19 14:38:18,325 [pool-144-thread-1] INFO  storage.RaftStorageDirectory (RaftStorageDirectory.java:analyzeStorage(246)) - The storage directory /workdir/hadoop-ozone/ozonefs/target/test-dir/MiniOzoneClusterImpl-ca0b0e9e-6896-4a7b-b208-9ea04bbb623c/datanode-1/data/ratis/dbb6e88e-1893-4704-8028-51156050fcd5 does not exist. Creating ...
2019-09-19 14:38:18,347 [pool-144-thread-1] INFO  storage.RaftStorageDirectory (RaftStorageDirectory.java:tryLock(328)) - Lock on /workdir/hadoop-ozone/ozonefs/target/test-dir/MiniOzoneClusterImpl-ca0b0e9e-6896-4a7b-b208-9ea04bbb623c/datanode-1/data/ratis/dbb6e88e-1893-4704-8028-51156050fcd5/in_use.lock acquired by nodename 25220@pr-hdds-1569-rzdr8-3403194166
2019-09-19 14:38:18,360 [pool-144-thread-1] INFO  storage.RaftStorage (RaftStorage.java:format(72)) - Storage directory /workdir/hadoop-ozone/ozonefs/target/test-dir/MiniOzoneClusterImpl-ca0b0e9e-6896-4a7b-b208-9ea04bbb623c/datanode-1/data/ratis/dbb6e88e-1893-4704-8028-51156050fcd5 has been successfully formatted.
2019-09-19 14:38:18,360 [pool-144-thread-1] INFO  ratis.ContainerStateMachine (ContainerStateMachine.java:loadSnapshot(226)) - group-51156050FCD5: The snapshot info is null. Setting the last applied indexto:(t:0, i:~)
2019-09-19 14:38:18,360 [pool-144-thread-1] INFO  server.RaftServerConfigKeys (ConfUtils.java:logGet(43)) - raft.server.leader.election.timeout = 120s (custom)
2019-09-19 14:38:18,361 [pool-144-thread-1] INFO  server.RaftServerConfigKeys (ConfUtils.java:logGet(43)) - raft.server.log.use.memory = false (default)
2019-09-19 14:38:18,361 [pool-144-thread-1] INFO  server.RaftServerConfigKeys (ConfUtils.java:logGet(43)) - raft.server.log.purge.gap = 1000000 (custom)
2019-09-19 14:38:18,361 [pool-144-thread-1] INFO  server.RaftServerConfigKeys (ConfUtils.java:logGet(43)) - raft.server.log.appender.buffer.byte-limit = 33554432 (custom)
2019-09-19 14:38:18,361 [pool-144-thread-1] INFO  server.RaftServerConfigKeys (ConfUtils.java:logGet(43)) - raft.server.log.segment.size.max = 1048576 (custom)
2019-09-19 14:38:18,362 [pool-144-thread-1] INFO  server.RaftServerConfigKeys (ConfUtils.java:logGet(43)) - raft.server.log.segment.cache.num.max = 2 (custom)
2019-09-19 14:38:18,362 [pool-144-thread-1] INFO  segmented.SegmentedRaftLogWorker (SegmentedRaftLogWorker.java:<init>(172)) - new 9acfc684-f025-4851-a671-9506a9a8f647-SegmentedRaftLogWorker:Storage Directory /workdir/hadoop-ozone/ozonefs/target/test-dir/MiniOzoneClusterImpl-ca0b0e9e-6896-4a7b-b208-9ea04bbb623c/datanode-1/data/ratis/dbb6e88e-1893-4704-8028-51156050fcd5 for RaftStorage:Storage Directory /workdir/hadoop-ozone/ozonefs/target/test-dir/MiniOzoneClusterImpl-ca0b0e9e-6896-4a7b-b208-9ea04bbb623c/datanode-1/data/ratis/dbb6e88e-1893-4704-8028-51156050fcd5
2019-09-19 14:38:18,362 [pool-144-thread-1] INFO  server.RaftServerConfigKeys (ConfUtils.java:logGet(43)) - raft.server.log.queue.byte-limit = 2147483647 (custom)
2019-09-19 14:38:18,362 [pool-144-thread-1] INFO  server.RaftServerConfigKeys (ConfUtils.java:logGet(43)) - raft.server.log.queue.element-limit = 1024 (custom)
2019-09-19 14:38:18,362 [pool-144-thread-1] INFO  server.RaftServerConfigKeys (ConfUtils.java:logGet(43)) - raft.server.log.segment.size.max = 1048576 (custom)
2019-09-19 14:38:18,363 [pool-144-thread-1] INFO  server.RaftServerConfigKeys (ConfUtils.java:logGet(43)) - raft.server.log.preallocated.size = 16384 (custom)
2019-09-19 14:38:18,363 [pool-144-thread-1] INFO  server.RaftServerConfigKeys (ConfUtils.java:logGet(43)) - raft.server.log.write.buffer.size = 33554432 (custom)
2019-09-19 14:38:18,363 [pool-144-thread-1] INFO  server.RaftServerConfigKeys (ConfUtils.java:logGet(43)) - raft.server.log.force.sync.num = 128 (default)
2019-09-19 14:38:18,363 [pool-144-thread-1] INFO  server.RaftServerConfigKeys (ConfUtils.java:logGet(43)) - raft.server.log.statemachine.data.sync = true (default)
2019-09-19 14:38:18,363 [pool-144-thread-1] INFO  server.RaftServerConfigKeys (ConfUtils.java:logGet(43)) - raft.server.log.statemachine.data.sync.timeout = 10s (default)
2019-09-19 14:38:18,363 [pool-144-thread-1] INFO  server.RaftServerConfigKeys (ConfUtils.java:logGet(43)) - raft.server.log.statemachine.data.sync.timeout.retry = -1 (default)
2019-09-19 14:38:18,364 [pool-144-thread-1] INFO  server.RaftServerConfigKeys (ConfUtils.java:logGet(43)) - raft.server.log.statemachine.data.caching.enabled = true (custom)
2019-09-19 14:38:18,364 [pool-144-thread-1] INFO  segmented.SegmentedRaftLogWorker (SegmentedRaftLogWorker.java:lambda$new$0(132)) - 9acfc684-f025-4851-a671-9506a9a8f647-SegmentedRaftLogWorker:Storage Directory /workdir/hadoop-ozone/ozonefs/target/test-dir/MiniOzoneClusterImpl-ca0b0e9e-6896-4a7b-b208-9ea04bbb623c/datanode-1/data/ratis/dbb6e88e-1893-4704-8028-51156050fcd5: flushIndex: setUnconditionally 0 -> -1
2019-09-19 14:38:18,364 [pool-144-thread-1] INFO  server.RaftServerConfigKeys (ConfUtils.java:logGet(43)) - raft.server.snapshot.auto.trigger.enabled = true (custom)
2019-09-19 14:38:18,365 [pool-144-thread-1] INFO  server.RaftServerConfigKeys (ConfUtils.java:logGet(43)) - raft.server.snapshot.auto.trigger.threshold = 10000 (custom)
2019-09-19 14:38:18,365 [pool-144-thread-1] INFO  server.RaftServerConfigKeys (ConfUtils.java:logGet(43)) - raft.server.retrycache.expirytime = 600000ms (custom)
2019-09-19 14:38:18,365 [pool-144-thread-1] INFO  impl.RaftServerImpl (RaftServerImpl.java:start(180)) - 9acfc684-f025-4851-a671-9506a9a8f647: start group-51156050FCD5
2019-09-19 14:38:18,365 [pool-144-thread-1] INFO  impl.RaftServerImpl (RaftServerImpl.java:setRole(171)) - 9acfc684-f025-4851-a671-9506a9a8f647:group-51156050FCD5 changes role from null to FOLLOWER at term 0 for startAsFollower
2019-09-19 14:38:18,366 [pool-144-thread-1] INFO  impl.RoleInfo (RoleInfo.java:updateAndGet(143)) - 9acfc684-f025-4851-a671-9506a9a8f647: start FollowerState
2019-09-19 14:38:18,366 [pool-144-thread-1] INFO  util.JmxRegister (JmxRegister.java:tryRegister(44)) - Successfully registered JMX Bean with object name Ratis:service=RaftServer,group=group-51156050FCD5,id=9acfc684-f025-4851-a671-9506a9a8f647
2019-09-19 14:38:18,370 [RatisPipelineUtilsThread] INFO  pipeline.PipelineStateManager (PipelineStateManager.java:addPipeline(56)) - Created pipeline Pipeline[ Id: dbb6e88e-1893-4704-8028-51156050fcd5, Nodes: 9acfc684-f025-4851-a671-9506a9a8f647{ip: 192.168.5.132, host: pr-hdds-1569-rzdr8-3403194166, networkLocation: /default-rack, certSerialId: null}, Type:RATIS, Factor:ONE, State:OPEN]
2019-09-19 14:38:18,377 [grpc-default-executor-0] INFO  impl.RaftServerProxy (RaftServerProxy.java:addNew(89)) - 0dde4a13-db22-45ad-8ae4-adbffc53faa4: addNew group-F6B0BCD16AFD:[0dde4a13-db22-45ad-8ae4-adbffc53faa4:192.168.5.132:40506] returns group-F6B0BCD16AFD:java.util.concurrent.CompletableFuture@784f5855[Not completed]
2019-09-19 14:38:18,378 [pool-133-thread-1] INFO  impl.RaftServerImpl (RaftServerImpl.java:<init>(93)) - 0dde4a13-db22-45ad-8ae4-adbffc53faa4: new RaftServerImpl for group-F6B0BCD16AFD:[0dde4a13-db22-45ad-8ae4-adbffc53faa4:192.168.5.132:40506] with ContainerStateMachine:uninitialized
2019-09-19 14:38:18,378 [pool-133-thread-1] INFO  server.RaftServerConfigKeys (ConfUtils.java:logGet(43)) - raft.server.rpc.timeout.min = 5s (custom)
2019-09-19 14:38:18,379 [pool-133-thread-1] INFO  server.RaftServerConfigKeys (ConfUtils.java:logGet(43)) - raft.server.rpc.timeout.max = 5200ms (custom)
2019-09-19 14:38:18,379 [pool-133-thread-1] INFO  server.RaftServerConfigKeys (ConfUtils.java:logGet(43)) - raft.server.rpcslowness.timeout = 120s (custom)
2019-09-19 14:38:18,379 [pool-133-thread-1] INFO  server.RaftServerConfigKeys (ConfUtils.java:logGet(43)) - raft.server.sleep.deviation.threshold = 300 (default)
2019-09-19 14:38:18,379 [pool-133-thread-1] INFO  server.RaftServerConfigKeys (ConfUtils.java:logGet(43)) - raft.server.log.appender.install.snapshot.enabled = false (custom)
2019-09-19 14:38:18,379 [pool-133-thread-1] INFO  impl.RaftServerImpl (ServerState.java:<init>(105)) - 0dde4a13-db22-45ad-8ae4-adbffc53faa4:group-F6B0BCD16AFD ConfigurationManager, init=-1: [0dde4a13-db22-45ad-8ae4-adbffc53faa4:192.168.5.132:40506], old=null, confs=<EMPTY_MAP>
2019-09-19 14:38:18,379 [pool-133-thread-1] INFO  server.RaftServerConfigKeys (ConfUtils.java:logGet(43)) - raft.server.storage.dir = [/workdir/hadoop-ozone/ozonefs/target/test-dir/MiniOzoneClusterImpl-ca0b0e9e-6896-4a7b-b208-9ea04bbb623c/datanode-0/data/ratis] (custom)
2019-09-19 14:38:18,380 [pool-133-thread-1] INFO  storage.RaftStorageDirectory (RaftStorageDirectory.java:analyzeStorage(246)) - The storage directory /workdir/hadoop-ozone/ozonefs/target/test-dir/MiniOzoneClusterImpl-ca0b0e9e-6896-4a7b-b208-9ea04bbb623c/datanode-0/data/ratis/031846c2-1d0b-4188-90db-f6b0bcd16afd does not exist. Creating ...
2019-09-19 14:38:18,402 [pool-133-thread-1] INFO  storage.RaftStorageDirectory (RaftStorageDirectory.java:tryLock(328)) - Lock on /workdir/hadoop-ozone/ozonefs/target/test-dir/MiniOzoneClusterImpl-ca0b0e9e-6896-4a7b-b208-9ea04bbb623c/datanode-0/data/ratis/031846c2-1d0b-4188-90db-f6b0bcd16afd/in_use.lock acquired by nodename 25220@pr-hdds-1569-rzdr8-3403194166
2019-09-19 14:38:18,426 [pool-133-thread-1] INFO  storage.RaftStorage (RaftStorage.java:format(72)) - Storage directory /workdir/hadoop-ozone/ozonefs/target/test-dir/MiniOzoneClusterImpl-ca0b0e9e-6896-4a7b-b208-9ea04bbb623c/datanode-0/data/ratis/031846c2-1d0b-4188-90db-f6b0bcd16afd has been successfully formatted.
2019-09-19 14:38:18,426 [pool-133-thread-1] INFO  ratis.ContainerStateMachine (ContainerStateMachine.java:loadSnapshot(226)) - group-F6B0BCD16AFD: The snapshot info is null. Setting the last applied indexto:(t:0, i:~)
2019-09-19 14:38:18,426 [pool-133-thread-1] INFO  server.RaftServerConfigKeys (ConfUtils.java:logGet(43)) - raft.server.leader.election.timeout = 120s (custom)
2019-09-19 14:38:18,427 [pool-133-thread-1] INFO  server.RaftServerConfigKeys (ConfUtils.java:logGet(43)) - raft.server.log.use.memory = false (default)
2019-09-19 14:38:18,427 [pool-133-thread-1] INFO  server.RaftServerConfigKeys (ConfUtils.java:logGet(43)) - raft.server.log.purge.gap = 1000000 (custom)
2019-09-19 14:38:18,427 [pool-133-thread-1] INFO  server.RaftServerConfigKeys (ConfUtils.java:logGet(43)) - raft.server.log.appender.buffer.byte-limit = 33554432 (custom)
2019-09-19 14:38:18,427 [pool-133-thread-1] INFO  server.RaftServerConfigKeys (ConfUtils.java:logGet(43)) - raft.server.log.segment.size.max = 1048576 (custom)
2019-09-19 14:38:18,427 [pool-133-thread-1] INFO  server.RaftServerConfigKeys (ConfUtils.java:logGet(43)) - raft.server.log.segment.cache.num.max = 2 (custom)
2019-09-19 14:38:18,427 [pool-133-thread-1] INFO  segmented.SegmentedRaftLogWorker (SegmentedRaftLogWorker.java:<init>(172)) - new 0dde4a13-db22-45ad-8ae4-adbffc53faa4-SegmentedRaftLogWorker:Storage Directory /workdir/hadoop-ozone/ozonefs/target/test-dir/MiniOzoneClusterImpl-ca0b0e9e-6896-4a7b-b208-9ea04bbb623c/datanode-0/data/ratis/031846c2-1d0b-4188-90db-f6b0bcd16afd for RaftStorage:Storage Directory /workdir/hadoop-ozone/ozonefs/target/test-dir/MiniOzoneClusterImpl-ca0b0e9e-6896-4a7b-b208-9ea04bbb623c/datanode-0/data/ratis/031846c2-1d0b-4188-90db-f6b0bcd16afd
2019-09-19 14:38:18,428 [pool-133-thread-1] INFO  server.RaftServerConfigKeys (ConfUtils.java:logGet(43)) - raft.server.log.queue.byte-limit = 2147483647 (custom)
2019-09-19 14:38:18,428 [pool-133-thread-1] INFO  server.RaftServerConfigKeys (ConfUtils.java:logGet(43)) - raft.server.log.queue.element-limit = 1024 (custom)
2019-09-19 14:38:18,428 [pool-133-thread-1] INFO  server.RaftServerConfigKeys (ConfUtils.java:logGet(43)) - raft.server.log.segment.size.max = 1048576 (custom)
2019-09-19 14:38:18,428 [pool-133-thread-1] INFO  server.RaftServerConfigKeys (ConfUtils.java:logGet(43)) - raft.server.log.preallocated.size = 16384 (custom)
2019-09-19 14:38:18,428 [pool-133-thread-1] INFO  server.RaftServerConfigKeys (ConfUtils.java:logGet(43)) - raft.server.log.write.buffer.size = 33554432 (custom)
2019-09-19 14:38:18,428 [pool-133-thread-1] INFO  server.RaftServerConfigKeys (ConfUtils.java:logGet(43)) - raft.server.log.force.sync.num = 128 (default)
2019-09-19 14:38:18,429 [pool-133-thread-1] INFO  server.RaftServerConfigKeys (ConfUtils.java:logGet(43)) - raft.server.log.statemachine.data.sync = true (default)
2019-09-19 14:38:18,429 [pool-133-thread-1] INFO  server.RaftServerConfigKeys (ConfUtils.java:logGet(43)) - raft.server.log.statemachine.data.sync.timeout = 10s (default)
2019-09-19 14:38:18,429 [pool-133-thread-1] INFO  server.RaftServerConfigKeys (ConfUtils.java:logGet(43)) - raft.server.log.statemachine.data.sync.timeout.retry = -1 (default)
2019-09-19 14:38:18,429 [pool-133-thread-1] INFO  server.RaftServerConfigKeys (ConfUtils.java:logGet(43)) - raft.server.log.statemachine.data.caching.enabled = true (custom)
2019-09-19 14:38:18,430 [pool-133-thread-1] INFO  segmented.SegmentedRaftLogWorker (SegmentedRaftLogWorker.java:lambda$new$0(132)) - 0dde4a13-db22-45ad-8ae4-adbffc53faa4-SegmentedRaftLogWorker:Storage Directory /workdir/hadoop-ozone/ozonefs/target/test-dir/MiniOzoneClusterImpl-ca0b0e9e-6896-4a7b-b208-9ea04bbb623c/datanode-0/data/ratis/031846c2-1d0b-4188-90db-f6b0bcd16afd: flushIndex: setUnconditionally 0 -> -1
2019-09-19 14:38:18,430 [pool-133-thread-1] INFO  server.RaftServerConfigKeys (ConfUtils.java:logGet(43)) - raft.server.snapshot.auto.trigger.enabled = true (custom)
2019-09-19 14:38:18,430 [pool-133-thread-1] INFO  server.RaftServerConfigKeys (ConfUtils.java:logGet(43)) - raft.server.snapshot.auto.trigger.threshold = 10000 (custom)
2019-09-19 14:38:18,430 [pool-133-thread-1] INFO  server.RaftServerConfigKeys (ConfUtils.java:logGet(43)) - raft.server.retrycache.expirytime = 600000ms (custom)
2019-09-19 14:38:18,431 [pool-133-thread-1] INFO  impl.RaftServerImpl (RaftServerImpl.java:start(180)) - 0dde4a13-db22-45ad-8ae4-adbffc53faa4: start group-F6B0BCD16AFD
2019-09-19 14:38:18,431 [pool-133-thread-1] INFO  impl.RaftServerImpl (RaftServerImpl.java:setRole(171)) - 0dde4a13-db22-45ad-8ae4-adbffc53faa4:group-F6B0BCD16AFD changes role from null to FOLLOWER at term 0 for startAsFollower
2019-09-19 14:38:18,431 [pool-133-thread-1] INFO  impl.RoleInfo (RoleInfo.java:updateAndGet(143)) - 0dde4a13-db22-45ad-8ae4-adbffc53faa4: start FollowerState
2019-09-19 14:38:18,431 [pool-133-thread-1] INFO  util.JmxRegister (JmxRegister.java:tryRegister(44)) - Successfully registered JMX Bean with object name Ratis:service=RaftServer,group=group-F6B0BCD16AFD,id=0dde4a13-db22-45ad-8ae4-adbffc53faa4
2019-09-19 14:38:18,435 [RatisPipelineUtilsThread] INFO  pipeline.PipelineStateManager (PipelineStateManager.java:addPipeline(56)) - Created pipeline Pipeline[ Id: 031846c2-1d0b-4188-90db-f6b0bcd16afd, Nodes: 0dde4a13-db22-45ad-8ae4-adbffc53faa4{ip: 192.168.5.132, host: pr-hdds-1569-rzdr8-3403194166, networkLocation: /default-rack, certSerialId: null}, Type:RATIS, Factor:ONE, State:OPEN]
2019-09-19 14:38:18,436 [RatisPipelineUtilsThread] ERROR pipeline.PipelinePlacementPolicy (PipelinePlacementPolicy.java:meetCriteria(91)) - Pipeline Placement: Doesn't meet the criteria to be viable node. Heaviness: 6
2019-09-19 14:38:18,445 [grpc-default-executor-0] INFO  impl.RaftServerProxy (RaftServerProxy.java:addNew(89)) - afbc86cd-608c-4927-90cf-3a7f1e6aa679: addNew group-DE2FE862C8C8:[afbc86cd-608c-4927-90cf-3a7f1e6aa679:192.168.5.132:43206] returns group-DE2FE862C8C8:java.util.concurrent.CompletableFuture@2b62c4b1[Not completed]
2019-09-19 14:38:18,446 [pool-155-thread-1] INFO  impl.RaftServerImpl (RaftServerImpl.java:<init>(93)) - afbc86cd-608c-4927-90cf-3a7f1e6aa679: new RaftServerImpl for group-DE2FE862C8C8:[afbc86cd-608c-4927-90cf-3a7f1e6aa679:192.168.5.132:43206] with ContainerStateMachine:uninitialized
2019-09-19 14:38:18,447 [pool-155-thread-1] INFO  server.RaftServerConfigKeys (ConfUtils.java:logGet(43)) - raft.server.rpc.timeout.min = 5s (custom)
2019-09-19 14:38:18,447 [pool-155-thread-1] INFO  server.RaftServerConfigKeys (ConfUtils.java:logGet(43)) - raft.server.rpc.timeout.max = 5200ms (custom)
2019-09-19 14:38:18,447 [pool-155-thread-1] INFO  server.RaftServerConfigKeys (ConfUtils.java:logGet(43)) - raft.server.rpcslowness.timeout = 120s (custom)
2019-09-19 14:38:18,447 [pool-155-thread-1] INFO  server.RaftServerConfigKeys (ConfUtils.java:logGet(43)) - raft.server.sleep.deviation.threshold = 300 (default)
2019-09-19 14:38:18,447 [pool-155-thread-1] INFO  server.RaftServerConfigKeys (ConfUtils.java:logGet(43)) - raft.server.log.appender.install.snapshot.enabled = false (custom)
2019-09-19 14:38:18,447 [pool-155-thread-1] INFO  impl.RaftServerImpl (ServerState.java:<init>(105)) - afbc86cd-608c-4927-90cf-3a7f1e6aa679:group-DE2FE862C8C8 ConfigurationManager, init=-1: [afbc86cd-608c-4927-90cf-3a7f1e6aa679:192.168.5.132:43206], old=null, confs=<EMPTY_MAP>
2019-09-19 14:38:18,448 [pool-155-thread-1] INFO  server.RaftServerConfigKeys (ConfUtils.java:logGet(43)) - raft.server.storage.dir = [/workdir/hadoop-ozone/ozonefs/target/test-dir/MiniOzoneClusterImpl-ca0b0e9e-6896-4a7b-b208-9ea04bbb623c/datanode-2/data/ratis] (custom)
2019-09-19 14:38:18,448 [pool-155-thread-1] INFO  storage.RaftStorageDirectory (RaftStorageDirectory.java:analyzeStorage(246)) - The storage directory /workdir/hadoop-ozone/ozonefs/target/test-dir/MiniOzoneClusterImpl-ca0b0e9e-6896-4a7b-b208-9ea04bbb623c/datanode-2/data/ratis/5cbfab43-99a7-4122-a13b-de2fe862c8c8 does not exist. Creating ...
2019-09-19 14:38:18,471 [pool-155-thread-1] INFO  storage.RaftStorageDirectory (RaftStorageDirectory.java:tryLock(328)) - Lock on /workdir/hadoop-ozone/ozonefs/target/test-dir/MiniOzoneClusterImpl-ca0b0e9e-6896-4a7b-b208-9ea04bbb623c/datanode-2/data/ratis/5cbfab43-99a7-4122-a13b-de2fe862c8c8/in_use.lock acquired by nodename 25220@pr-hdds-1569-rzdr8-3403194166
2019-09-19 14:38:18,495 [pool-155-thread-1] INFO  storage.RaftStorage (RaftStorage.java:format(72)) - Storage directory /workdir/hadoop-ozone/ozonefs/target/test-dir/MiniOzoneClusterImpl-ca0b0e9e-6896-4a7b-b208-9ea04bbb623c/datanode-2/data/ratis/5cbfab43-99a7-4122-a13b-de2fe862c8c8 has been successfully formatted.
2019-09-19 14:38:18,496 [pool-155-thread-1] INFO  ratis.ContainerStateMachine (ContainerStateMachine.java:loadSnapshot(226)) - group-DE2FE862C8C8: The snapshot info is null. Setting the last applied indexto:(t:0, i:~)
2019-09-19 14:38:18,496 [pool-155-thread-1] INFO  server.RaftServerConfigKeys (ConfUtils.java:logGet(43)) - raft.server.leader.election.timeout = 120s (custom)
2019-09-19 14:38:18,496 [pool-155-thread-1] INFO  server.RaftServerConfigKeys (ConfUtils.java:logGet(43)) - raft.server.log.use.memory = false (default)
2019-09-19 14:38:18,496 [pool-155-thread-1] INFO  server.RaftServerConfigKeys (ConfUtils.java:logGet(43)) - raft.server.log.purge.gap = 1000000 (custom)
2019-09-19 14:38:18,496 [pool-155-thread-1] INFO  server.RaftServerConfigKeys (ConfUtils.java:logGet(43)) - raft.server.log.appender.buffer.byte-limit = 33554432 (custom)
2019-09-19 14:38:18,496 [pool-155-thread-1] INFO  server.RaftServerConfigKeys (ConfUtils.java:logGet(43)) - raft.server.log.segment.size.max = 1048576 (custom)
2019-09-19 14:38:18,497 [pool-155-thread-1] INFO  server.RaftServerConfigKeys (ConfUtils.java:logGet(43)) - raft.server.log.segment.cache.num.max = 2 (custom)
2019-09-19 14:38:18,497 [pool-155-thread-1] INFO  segmented.SegmentedRaftLogWorker (SegmentedRaftLogWorker.java:<init>(172)) - new afbc86cd-608c-4927-90cf-3a7f1e6aa679-SegmentedRaftLogWorker:Storage Directory /workdir/hadoop-ozone/ozonefs/target/test-dir/MiniOzoneClusterImpl-ca0b0e9e-6896-4a7b-b208-9ea04bbb623c/datanode-2/data/ratis/5cbfab43-99a7-4122-a13b-de2fe862c8c8 for RaftStorage:Storage Directory /workdir/hadoop-ozone/ozonefs/target/test-dir/MiniOzoneClusterImpl-ca0b0e9e-6896-4a7b-b208-9ea04bbb623c/datanode-2/data/ratis/5cbfab43-99a7-4122-a13b-de2fe862c8c8
2019-09-19 14:38:18,497 [pool-155-thread-1] INFO  server.RaftServerConfigKeys (ConfUtils.java:logGet(43)) - raft.server.log.queue.byte-limit = 2147483647 (custom)
2019-09-19 14:38:18,497 [pool-155-thread-1] INFO  server.RaftServerConfigKeys (ConfUtils.java:logGet(43)) - raft.server.log.queue.element-limit = 1024 (custom)
2019-09-19 14:38:18,497 [pool-155-thread-1] INFO  server.RaftServerConfigKeys (ConfUtils.java:logGet(43)) - raft.server.log.segment.size.max = 1048576 (custom)
2019-09-19 14:38:18,498 [pool-155-thread-1] INFO  server.RaftServerConfigKeys (ConfUtils.java:logGet(43)) - raft.server.log.preallocated.size = 16384 (custom)
2019-09-19 14:38:18,498 [pool-155-thread-1] INFO  server.RaftServerConfigKeys (ConfUtils.java:logGet(43)) - raft.server.log.write.buffer.size = 33554432 (custom)
2019-09-19 14:38:18,498 [pool-155-thread-1] INFO  server.RaftServerConfigKeys (ConfUtils.java:logGet(43)) - raft.server.log.force.sync.num = 128 (default)
2019-09-19 14:38:18,498 [pool-155-thread-1] INFO  server.RaftServerConfigKeys (ConfUtils.java:logGet(43)) - raft.server.log.statemachine.data.sync = true (default)
2019-09-19 14:38:18,498 [pool-155-thread-1] INFO  server.RaftServerConfigKeys (ConfUtils.java:logGet(43)) - raft.server.log.statemachine.data.sync.timeout = 10s (default)
2019-09-19 14:38:18,498 [pool-155-thread-1] INFO  server.RaftServerConfigKeys (ConfUtils.java:logGet(43)) - raft.server.log.statemachine.data.sync.timeout.retry = -1 (default)
2019-09-19 14:38:18,499 [pool-155-thread-1] INFO  server.RaftServerConfigKeys (ConfUtils.java:logGet(43)) - raft.server.log.statemachine.data.caching.enabled = true (custom)
2019-09-19 14:38:18,499 [pool-155-thread-1] INFO  segmented.SegmentedRaftLogWorker (SegmentedRaftLogWorker.java:lambda$new$0(132)) - afbc86cd-608c-4927-90cf-3a7f1e6aa679-SegmentedRaftLogWorker:Storage Directory /workdir/hadoop-ozone/ozonefs/target/test-dir/MiniOzoneClusterImpl-ca0b0e9e-6896-4a7b-b208-9ea04bbb623c/datanode-2/data/ratis/5cbfab43-99a7-4122-a13b-de2fe862c8c8: flushIndex: setUnconditionally 0 -> -1
2019-09-19 14:38:18,499 [pool-155-thread-1] INFO  server.RaftServerConfigKeys (ConfUtils.java:logGet(43)) - raft.server.snapshot.auto.trigger.enabled = true (custom)
2019-09-19 14:38:18,500 [pool-155-thread-1] INFO  server.RaftServerConfigKeys (ConfUtils.java:logGet(43)) - raft.server.snapshot.auto.trigger.threshold = 10000 (custom)
2019-09-19 14:38:18,500 [pool-155-thread-1] INFO  server.RaftServerConfigKeys (ConfUtils.java:logGet(43)) - raft.server.retrycache.expirytime = 600000ms (custom)
2019-09-19 14:38:18,500 [pool-155-thread-1] INFO  impl.RaftServerImpl (RaftServerImpl.java:start(180)) - afbc86cd-608c-4927-90cf-3a7f1e6aa679: start group-DE2FE862C8C8
2019-09-19 14:38:18,500 [pool-155-thread-1] INFO  impl.RaftServerImpl (RaftServerImpl.java:setRole(171)) - afbc86cd-608c-4927-90cf-3a7f1e6aa679:group-DE2FE862C8C8 changes role from null to FOLLOWER at term 0 for startAsFollower
2019-09-19 14:38:18,500 [pool-155-thread-1] INFO  impl.RoleInfo (RoleInfo.java:updateAndGet(143)) - afbc86cd-608c-4927-90cf-3a7f1e6aa679: start FollowerState
2019-09-19 14:38:18,501 [pool-155-thread-1] INFO  util.JmxRegister (JmxRegister.java:tryRegister(44)) - Successfully registered JMX Bean with object name Ratis:service=RaftServer,group=group-DE2FE862C8C8,id=afbc86cd-608c-4927-90cf-3a7f1e6aa679
2019-09-19 14:38:18,504 [RatisPipelineUtilsThread] INFO  pipeline.PipelineStateManager (PipelineStateManager.java:addPipeline(56)) - Created pipeline Pipeline[ Id: 5cbfab43-99a7-4122-a13b-de2fe862c8c8, Nodes: afbc86cd-608c-4927-90cf-3a7f1e6aa679{ip: 192.168.5.132, host: pr-hdds-1569-rzdr8-3403194166, networkLocation: /default-rack, certSerialId: null}, Type:RATIS, Factor:ONE, State:OPEN]
2019-09-19 14:38:18,505 [RatisPipelineUtilsThread] ERROR pipeline.PipelinePlacementPolicy (PipelinePlacementPolicy.java:meetCriteria(91)) - Pipeline Placement: Doesn't meet the criteria to be viable node. Heaviness: 6
2019-09-19 14:38:18,512 [grpc-default-executor-0] INFO  impl.RaftServerProxy (RaftServerProxy.java:addNew(89)) - 9acfc684-f025-4851-a671-9506a9a8f647: addNew group-FA0F9881526E:[9acfc684-f025-4851-a671-9506a9a8f647:192.168.5.132:43107] returns group-FA0F9881526E:java.util.concurrent.CompletableFuture@79a0ddef[Not completed]
2019-09-19 14:38:18,513 [pool-144-thread-1] INFO  impl.RaftServerImpl (RaftServerImpl.java:<init>(93)) - 9acfc684-f025-4851-a671-9506a9a8f647: new RaftServerImpl for group-FA0F9881526E:[9acfc684-f025-4851-a671-9506a9a8f647:192.168.5.132:43107] with ContainerStateMachine:uninitialized
2019-09-19 14:38:18,513 [pool-144-thread-1] INFO  server.RaftServerConfigKeys (ConfUtils.java:logGet(43)) - raft.server.rpc.timeout.min = 5s (custom)
2019-09-19 14:38:18,513 [pool-144-thread-1] INFO  server.RaftServerConfigKeys (ConfUtils.java:logGet(43)) - raft.server.rpc.timeout.max = 5200ms (custom)
2019-09-19 14:38:18,514 [pool-144-thread-1] INFO  server.RaftServerConfigKeys (ConfUtils.java:logGet(43)) - raft.server.rpcslowness.timeout = 120s (custom)
2019-09-19 14:38:18,514 [pool-144-thread-1] INFO  server.RaftServerConfigKeys (ConfUtils.java:logGet(43)) - raft.server.sleep.deviation.threshold = 300 (default)
2019-09-19 14:38:18,514 [pool-144-thread-1] INFO  server.RaftServerConfigKeys (ConfUtils.java:logGet(43)) - raft.server.log.appender.install.snapshot.enabled = false (custom)
2019-09-19 14:38:18,514 [pool-144-thread-1] INFO  impl.RaftServerImpl (ServerState.java:<init>(105)) - 9acfc684-f025-4851-a671-9506a9a8f647:group-FA0F9881526E ConfigurationManager, init=-1: [9acfc684-f025-4851-a671-9506a9a8f647:192.168.5.132:43107], old=null, confs=<EMPTY_MAP>
2019-09-19 14:38:18,514 [pool-144-thread-1] INFO  server.RaftServerConfigKeys (ConfUtils.java:logGet(43)) - raft.server.storage.dir = [/workdir/hadoop-ozone/ozonefs/target/test-dir/MiniOzoneClusterImpl-ca0b0e9e-6896-4a7b-b208-9ea04bbb623c/datanode-1/data/ratis] (custom)
2019-09-19 14:38:18,515 [pool-144-thread-1] INFO  storage.RaftStorageDirectory (RaftStorageDirectory.java:analyzeStorage(246)) - The storage directory /workdir/hadoop-ozone/ozonefs/target/test-dir/MiniOzoneClusterImpl-ca0b0e9e-6896-4a7b-b208-9ea04bbb623c/datanode-1/data/ratis/8da7a3ec-3b62-4f33-b2ad-fa0f9881526e does not exist. Creating ...
2019-09-19 14:38:18,538 [pool-144-thread-1] INFO  storage.RaftStorageDirectory (RaftStorageDirectory.java:tryLock(328)) - Lock on /workdir/hadoop-ozone/ozonefs/target/test-dir/MiniOzoneClusterImpl-ca0b0e9e-6896-4a7b-b208-9ea04bbb623c/datanode-1/data/ratis/8da7a3ec-3b62-4f33-b2ad-fa0f9881526e/in_use.lock acquired by nodename 25220@pr-hdds-1569-rzdr8-3403194166
2019-09-19 14:38:18,563 [pool-144-thread-1] INFO  storage.RaftStorage (RaftStorage.java:format(72)) - Storage directory /workdir/hadoop-ozone/ozonefs/target/test-dir/MiniOzoneClusterImpl-ca0b0e9e-6896-4a7b-b208-9ea04bbb623c/datanode-1/data/ratis/8da7a3ec-3b62-4f33-b2ad-fa0f9881526e has been successfully formatted.
2019-09-19 14:38:18,564 [pool-144-thread-1] INFO  ratis.ContainerStateMachine (ContainerStateMachine.java:loadSnapshot(226)) - group-FA0F9881526E: The snapshot info is null. Setting the last applied indexto:(t:0, i:~)
2019-09-19 14:38:18,564 [pool-144-thread-1] INFO  server.RaftServerConfigKeys (ConfUtils.java:logGet(43)) - raft.server.leader.election.timeout = 120s (custom)
2019-09-19 14:38:18,564 [pool-144-thread-1] INFO  server.RaftServerConfigKeys (ConfUtils.java:logGet(43)) - raft.server.log.use.memory = false (default)
2019-09-19 14:38:18,564 [pool-144-thread-1] INFO  server.RaftServerConfigKeys (ConfUtils.java:logGet(43)) - raft.server.log.purge.gap = 1000000 (custom)
2019-09-19 14:38:18,564 [pool-144-thread-1] INFO  server.RaftServerConfigKeys (ConfUtils.java:logGet(43)) - raft.server.log.appender.buffer.byte-limit = 33554432 (custom)
2019-09-19 14:38:18,564 [pool-144-thread-1] INFO  server.RaftServerConfigKeys (ConfUtils.java:logGet(43)) - raft.server.log.segment.size.max = 1048576 (custom)
2019-09-19 14:38:18,564 [pool-144-thread-1] INFO  server.RaftServerConfigKeys (ConfUtils.java:logGet(43)) - raft.server.log.segment.cache.num.max = 2 (custom)
2019-09-19 14:38:18,565 [pool-144-thread-1] INFO  segmented.SegmentedRaftLogWorker (SegmentedRaftLogWorker.java:<init>(172)) - new 9acfc684-f025-4851-a671-9506a9a8f647-SegmentedRaftLogWorker:Storage Directory /workdir/hadoop-ozone/ozonefs/target/test-dir/MiniOzoneClusterImpl-ca0b0e9e-6896-4a7b-b208-9ea04bbb623c/datanode-1/data/ratis/8da7a3ec-3b62-4f33-b2ad-fa0f9881526e for RaftStorage:Storage Directory /workdir/hadoop-ozone/ozonefs/target/test-dir/MiniOzoneClusterImpl-ca0b0e9e-6896-4a7b-b208-9ea04bbb623c/datanode-1/data/ratis/8da7a3ec-3b62-4f33-b2ad-fa0f9881526e
2019-09-19 14:38:18,565 [pool-144-thread-1] INFO  server.RaftServerConfigKeys (ConfUtils.java:logGet(43)) - raft.server.log.queue.byte-limit = 2147483647 (custom)
2019-09-19 14:38:18,565 [pool-144-thread-1] INFO  server.RaftServerConfigKeys (ConfUtils.java:logGet(43)) - raft.server.log.queue.element-limit = 1024 (custom)
2019-09-19 14:38:18,565 [pool-144-thread-1] INFO  server.RaftServerConfigKeys (ConfUtils.java:logGet(43)) - raft.server.log.segment.size.max = 1048576 (custom)
2019-09-19 14:38:18,565 [pool-144-thread-1] INFO  server.RaftServerConfigKeys (ConfUtils.java:logGet(43)) - raft.server.log.preallocated.size = 16384 (custom)
2019-09-19 14:38:18,565 [pool-144-thread-1] INFO  server.RaftServerConfigKeys (ConfUtils.java:logGet(43)) - raft.server.log.write.buffer.size = 33554432 (custom)
2019-09-19 14:38:18,565 [pool-144-thread-1] INFO  server.RaftServerConfigKeys (ConfUtils.java:logGet(43)) - raft.server.log.force.sync.num = 128 (default)
2019-09-19 14:38:18,566 [pool-144-thread-1] INFO  server.RaftServerConfigKeys (ConfUtils.java:logGet(43)) - raft.server.log.statemachine.data.sync = true (default)
2019-09-19 14:38:18,566 [pool-144-thread-1] INFO  server.RaftServerConfigKeys (ConfUtils.java:logGet(43)) - raft.server.log.statemachine.data.sync.timeout = 10s (default)
2019-09-19 14:38:18,566 [pool-144-thread-1] INFO  server.RaftServerConfigKeys (ConfUtils.java:logGet(43)) - raft.server.log.statemachine.data.sync.timeout.retry = -1 (default)
2019-09-19 14:38:18,566 [pool-144-thread-1] INFO  server.RaftServerConfigKeys (ConfUtils.java:logGet(43)) - raft.server.log.statemachine.data.caching.enabled = true (custom)
2019-09-19 14:38:18,566 [pool-144-thread-1] INFO  segmented.SegmentedRaftLogWorker (SegmentedRaftLogWorker.java:lambda$new$0(132)) - 9acfc684-f025-4851-a671-9506a9a8f647-SegmentedRaftLogWorker:Storage Directory /workdir/hadoop-ozone/ozonefs/target/test-dir/MiniOzoneClusterImpl-ca0b0e9e-6896-4a7b-b208-9ea04bbb623c/datanode-1/data/ratis/8da7a3ec-3b62-4f33-b2ad-fa0f9881526e: flushIndex: setUnconditionally 0 -> -1
2019-09-19 14:38:18,567 [pool-144-thread-1] INFO  server.RaftServerConfigKeys (ConfUtils.java:logGet(43)) - raft.server.snapshot.auto.trigger.enabled = true (custom)
2019-09-19 14:38:18,567 [pool-144-thread-1] INFO  server.RaftServerConfigKeys (ConfUtils.java:logGet(43)) - raft.server.snapshot.auto.trigger.threshold = 10000 (custom)
2019-09-19 14:38:18,567 [pool-144-thread-1] INFO  server.RaftServerConfigKeys (ConfUtils.java:logGet(43)) - raft.server.retrycache.expirytime = 600000ms (custom)
2019-09-19 14:38:18,567 [pool-144-thread-1] INFO  impl.RaftServerImpl (RaftServerImpl.java:start(180)) - 9acfc684-f025-4851-a671-9506a9a8f647: start group-FA0F9881526E
2019-09-19 14:38:18,568 [pool-144-thread-1] INFO  impl.RaftServerImpl (RaftServerImpl.java:setRole(171)) - 9acfc684-f025-4851-a671-9506a9a8f647:group-FA0F9881526E changes role from null to FOLLOWER at term 0 for startAsFollower
2019-09-19 14:38:18,568 [pool-144-thread-1] INFO  impl.RoleInfo (RoleInfo.java:updateAndGet(143)) - 9acfc684-f025-4851-a671-9506a9a8f647: start FollowerState
2019-09-19 14:38:18,568 [pool-144-thread-1] INFO  util.JmxRegister (JmxRegister.java:tryRegister(44)) - Successfully registered JMX Bean with object name Ratis:service=RaftServer,group=group-FA0F9881526E,id=9acfc684-f025-4851-a671-9506a9a8f647
2019-09-19 14:38:18,571 [RatisPipelineUtilsThread] INFO  pipeline.PipelineStateManager (PipelineStateManager.java:addPipeline(56)) - Created pipeline Pipeline[ Id: 8da7a3ec-3b62-4f33-b2ad-fa0f9881526e, Nodes: 9acfc684-f025-4851-a671-9506a9a8f647{ip: 192.168.5.132, host: pr-hdds-1569-rzdr8-3403194166, networkLocation: /default-rack, certSerialId: null}, Type:RATIS, Factor:ONE, State:OPEN]
2019-09-19 14:38:18,572 [RatisPipelineUtilsThread] ERROR pipeline.PipelinePlacementPolicy (PipelinePlacementPolicy.java:meetCriteria(91)) - Pipeline Placement: Doesn't meet the criteria to be viable node. Heaviness: 6
2019-09-19 14:38:18,578 [grpc-default-executor-0] INFO  impl.RaftServerProxy (RaftServerProxy.java:addNew(89)) - afbc86cd-608c-4927-90cf-3a7f1e6aa679: addNew group-006381C45AA9:[afbc86cd-608c-4927-90cf-3a7f1e6aa679:192.168.5.132:43206] returns group-006381C45AA9:java.util.concurrent.CompletableFuture@578f6c47[Not completed]
2019-09-19 14:38:18,579 [pool-155-thread-1] INFO  impl.RaftServerImpl (RaftServerImpl.java:<init>(93)) - afbc86cd-608c-4927-90cf-3a7f1e6aa679: new RaftServerImpl for group-006381C45AA9:[afbc86cd-608c-4927-90cf-3a7f1e6aa679:192.168.5.132:43206] with ContainerStateMachine:uninitialized
2019-09-19 14:38:18,580 [pool-155-thread-1] INFO  server.RaftServerConfigKeys (ConfUtils.java:logGet(43)) - raft.server.rpc.timeout.min = 5s (custom)
2019-09-19 14:38:18,580 [pool-155-thread-1] INFO  server.RaftServerConfigKeys (ConfUtils.java:logGet(43)) - raft.server.rpc.timeout.max = 5200ms (custom)
2019-09-19 14:38:18,580 [pool-155-thread-1] INFO  server.RaftServerConfigKeys (ConfUtils.java:logGet(43)) - raft.server.rpcslowness.timeout = 120s (custom)
2019-09-19 14:38:18,580 [pool-155-thread-1] INFO  server.RaftServerConfigKeys (ConfUtils.java:logGet(43)) - raft.server.sleep.deviation.threshold = 300 (default)
2019-09-19 14:38:18,580 [pool-155-thread-1] INFO  server.RaftServerConfigKeys (ConfUtils.java:logGet(43)) - raft.server.log.appender.install.snapshot.enabled = false (custom)
2019-09-19 14:38:18,580 [pool-155-thread-1] INFO  impl.RaftServerImpl (ServerState.java:<init>(105)) - afbc86cd-608c-4927-90cf-3a7f1e6aa679:group-006381C45AA9 ConfigurationManager, init=-1: [afbc86cd-608c-4927-90cf-3a7f1e6aa679:192.168.5.132:43206], old=null, confs=<EMPTY_MAP>
2019-09-19 14:38:18,581 [pool-155-thread-1] INFO  server.RaftServerConfigKeys (ConfUtils.java:logGet(43)) - raft.server.storage.dir = [/workdir/hadoop-ozone/ozonefs/target/test-dir/MiniOzoneClusterImpl-ca0b0e9e-6896-4a7b-b208-9ea04bbb623c/datanode-2/data/ratis] (custom)
2019-09-19 14:38:18,581 [pool-155-thread-1] INFO  storage.RaftStorageDirectory (RaftStorageDirectory.java:analyzeStorage(246)) - The storage directory /workdir/hadoop-ozone/ozonefs/target/test-dir/MiniOzoneClusterImpl-ca0b0e9e-6896-4a7b-b208-9ea04bbb623c/datanode-2/data/ratis/38cbc2bd-d5e9-4abe-894e-006381c45aa9 does not exist. Creating ...
2019-09-19 14:38:18,619 [pool-155-thread-1] INFO  storage.RaftStorageDirectory (RaftStorageDirectory.java:tryLock(328)) - Lock on /workdir/hadoop-ozone/ozonefs/target/test-dir/MiniOzoneClusterImpl-ca0b0e9e-6896-4a7b-b208-9ea04bbb623c/datanode-2/data/ratis/38cbc2bd-d5e9-4abe-894e-006381c45aa9/in_use.lock acquired by nodename 25220@pr-hdds-1569-rzdr8-3403194166
2019-09-19 14:38:18,653 [pool-155-thread-1] INFO  storage.RaftStorage (RaftStorage.java:format(72)) - Storage directory /workdir/hadoop-ozone/ozonefs/target/test-dir/MiniOzoneClusterImpl-ca0b0e9e-6896-4a7b-b208-9ea04bbb623c/datanode-2/data/ratis/38cbc2bd-d5e9-4abe-894e-006381c45aa9 has been successfully formatted.
2019-09-19 14:38:18,654 [pool-155-thread-1] INFO  ratis.ContainerStateMachine (ContainerStateMachine.java:loadSnapshot(226)) - group-006381C45AA9: The snapshot info is null. Setting the last applied indexto:(t:0, i:~)
2019-09-19 14:38:18,654 [pool-155-thread-1] INFO  server.RaftServerConfigKeys (ConfUtils.java:logGet(43)) - raft.server.leader.election.timeout = 120s (custom)
2019-09-19 14:38:18,654 [pool-155-thread-1] INFO  server.RaftServerConfigKeys (ConfUtils.java:logGet(43)) - raft.server.log.use.memory = false (default)
2019-09-19 14:38:18,655 [pool-155-thread-1] INFO  server.RaftServerConfigKeys (ConfUtils.java:logGet(43)) - raft.server.log.purge.gap = 1000000 (custom)
2019-09-19 14:38:18,655 [pool-155-thread-1] INFO  server.RaftServerConfigKeys (ConfUtils.java:logGet(43)) - raft.server.log.appender.buffer.byte-limit = 33554432 (custom)
2019-09-19 14:38:18,655 [pool-155-thread-1] INFO  server.RaftServerConfigKeys (ConfUtils.java:logGet(43)) - raft.server.log.segment.size.max = 1048576 (custom)
2019-09-19 14:38:18,655 [pool-155-thread-1] INFO  server.RaftServerConfigKeys (ConfUtils.java:logGet(43)) - raft.server.log.segment.cache.num.max = 2 (custom)
2019-09-19 14:38:18,656 [pool-155-thread-1] INFO  segmented.SegmentedRaftLogWorker (SegmentedRaftLogWorker.java:<init>(172)) - new afbc86cd-608c-4927-90cf-3a7f1e6aa679-SegmentedRaftLogWorker:Storage Directory /workdir/hadoop-ozone/ozonefs/target/test-dir/MiniOzoneClusterImpl-ca0b0e9e-6896-4a7b-b208-9ea04bbb623c/datanode-2/data/ratis/38cbc2bd-d5e9-4abe-894e-006381c45aa9 for RaftStorage:Storage Directory /workdir/hadoop-ozone/ozonefs/target/test-dir/MiniOzoneClusterImpl-ca0b0e9e-6896-4a7b-b208-9ea04bbb623c/datanode-2/data/ratis/38cbc2bd-d5e9-4abe-894e-006381c45aa9
2019-09-19 14:38:18,656 [pool-155-thread-1] INFO  server.RaftServerConfigKeys (ConfUtils.java:logGet(43)) - raft.server.log.queue.byte-limit = 2147483647 (custom)
2019-09-19 14:38:18,656 [pool-155-thread-1] INFO  server.RaftServerConfigKeys (ConfUtils.java:logGet(43)) - raft.server.log.queue.element-limit = 1024 (custom)
2019-09-19 14:38:18,656 [pool-155-thread-1] INFO  server.RaftServerConfigKeys (ConfUtils.java:logGet(43)) - raft.server.log.segment.size.max = 1048576 (custom)
2019-09-19 14:38:18,657 [pool-155-thread-1] INFO  server.RaftServerConfigKeys (ConfUtils.java:logGet(43)) - raft.server.log.preallocated.size = 16384 (custom)
2019-09-19 14:38:18,657 [pool-155-thread-1] INFO  server.RaftServerConfigKeys (ConfUtils.java:logGet(43)) - raft.server.log.write.buffer.size = 33554432 (custom)
2019-09-19 14:38:18,657 [pool-155-thread-1] INFO  server.RaftServerConfigKeys (ConfUtils.java:logGet(43)) - raft.server.log.force.sync.num = 128 (default)
2019-09-19 14:38:18,657 [pool-155-thread-1] INFO  server.RaftServerConfigKeys (ConfUtils.java:logGet(43)) - raft.server.log.statemachine.data.sync = true (default)
2019-09-19 14:38:18,657 [pool-155-thread-1] INFO  server.RaftServerConfigKeys (ConfUtils.java:logGet(43)) - raft.server.log.statemachine.data.sync.timeout = 10s (default)
2019-09-19 14:38:18,657 [pool-155-thread-1] INFO  server.RaftServerConfigKeys (ConfUtils.java:logGet(43)) - raft.server.log.statemachine.data.sync.timeout.retry = -1 (default)
2019-09-19 14:38:18,658 [pool-155-thread-1] INFO  server.RaftServerConfigKeys (ConfUtils.java:logGet(43)) - raft.server.log.statemachine.data.caching.enabled = true (custom)
2019-09-19 14:38:18,659 [pool-155-thread-1] INFO  segmented.SegmentedRaftLogWorker (SegmentedRaftLogWorker.java:lambda$new$0(132)) - afbc86cd-608c-4927-90cf-3a7f1e6aa679-SegmentedRaftLogWorker:Storage Directory /workdir/hadoop-ozone/ozonefs/target/test-dir/MiniOzoneClusterImpl-ca0b0e9e-6896-4a7b-b208-9ea04bbb623c/datanode-2/data/ratis/38cbc2bd-d5e9-4abe-894e-006381c45aa9: flushIndex: setUnconditionally 0 -> -1
2019-09-19 14:38:18,659 [pool-155-thread-1] INFO  server.RaftServerConfigKeys (ConfUtils.java:logGet(43)) - raft.server.snapshot.auto.trigger.enabled = true (custom)
2019-09-19 14:38:18,659 [pool-155-thread-1] INFO  server.RaftServerConfigKeys (ConfUtils.java:logGet(43)) - raft.server.snapshot.auto.trigger.threshold = 10000 (custom)
2019-09-19 14:38:18,660 [pool-155-thread-1] INFO  server.RaftServerConfigKeys (ConfUtils.java:logGet(43)) - raft.server.retrycache.expirytime = 600000ms (custom)
2019-09-19 14:38:18,660 [pool-155-thread-1] INFO  impl.RaftServerImpl (RaftServerImpl.java:start(180)) - afbc86cd-608c-4927-90cf-3a7f1e6aa679: start group-006381C45AA9
2019-09-19 14:38:18,660 [pool-155-thread-1] INFO  impl.RaftServerImpl (RaftServerImpl.java:setRole(171)) - afbc86cd-608c-4927-90cf-3a7f1e6aa679:group-006381C45AA9 changes role from null to FOLLOWER at term 0 for startAsFollower
2019-09-19 14:38:18,661 [pool-155-thread-1] INFO  impl.RoleInfo (RoleInfo.java:updateAndGet(143)) - afbc86cd-608c-4927-90cf-3a7f1e6aa679: start FollowerState
2019-09-19 14:38:18,662 [pool-155-thread-1] INFO  util.JmxRegister (JmxRegister.java:tryRegister(44)) - Successfully registered JMX Bean with object name Ratis:service=RaftServer,group=group-006381C45AA9,id=afbc86cd-608c-4927-90cf-3a7f1e6aa679
2019-09-19 14:38:18,666 [RatisPipelineUtilsThread] INFO  pipeline.PipelineStateManager (PipelineStateManager.java:addPipeline(56)) - Created pipeline Pipeline[ Id: 38cbc2bd-d5e9-4abe-894e-006381c45aa9, Nodes: afbc86cd-608c-4927-90cf-3a7f1e6aa679{ip: 192.168.5.132, host: pr-hdds-1569-rzdr8-3403194166, networkLocation: /default-rack, certSerialId: null}, Type:RATIS, Factor:ONE, State:OPEN]
2019-09-19 14:38:18,666 [RatisPipelineUtilsThread] ERROR pipeline.PipelinePlacementPolicy (PipelinePlacementPolicy.java:meetCriteria(91)) - Pipeline Placement: Doesn't meet the criteria to be viable node. Heaviness: 6
2019-09-19 14:38:18,674 [grpc-default-executor-0] INFO  impl.RaftServerProxy (RaftServerProxy.java:addNew(89)) - 9acfc684-f025-4851-a671-9506a9a8f647: addNew group-DAFAA70CFE8E:[9acfc684-f025-4851-a671-9506a9a8f647:192.168.5.132:43107] returns group-DAFAA70CFE8E:java.util.concurrent.CompletableFuture@6cf5ec90[Not completed]
2019-09-19 14:38:18,675 [pool-144-thread-1] INFO  impl.RaftServerImpl (RaftServerImpl.java:<init>(93)) - 9acfc684-f025-4851-a671-9506a9a8f647: new RaftServerImpl for group-DAFAA70CFE8E:[9acfc684-f025-4851-a671-9506a9a8f647:192.168.5.132:43107] with ContainerStateMachine:uninitialized
2019-09-19 14:38:18,675 [pool-144-thread-1] INFO  server.RaftServerConfigKeys (ConfUtils.java:logGet(43)) - raft.server.rpc.timeout.min = 5s (custom)
2019-09-19 14:38:18,676 [pool-144-thread-1] INFO  server.RaftServerConfigKeys (ConfUtils.java:logGet(43)) - raft.server.rpc.timeout.max = 5200ms (custom)
2019-09-19 14:38:18,676 [pool-144-thread-1] INFO  server.RaftServerConfigKeys (ConfUtils.java:logGet(43)) - raft.server.rpcslowness.timeout = 120s (custom)
2019-09-19 14:38:18,676 [pool-144-thread-1] INFO  server.RaftServerConfigKeys (ConfUtils.java:logGet(43)) - raft.server.sleep.deviation.threshold = 300 (default)
2019-09-19 14:38:18,676 [pool-144-thread-1] INFO  server.RaftServerConfigKeys (ConfUtils.java:logGet(43)) - raft.server.log.appender.install.snapshot.enabled = false (custom)
2019-09-19 14:38:18,676 [pool-144-thread-1] INFO  impl.RaftServerImpl (ServerState.java:<init>(105)) - 9acfc684-f025-4851-a671-9506a9a8f647:group-DAFAA70CFE8E ConfigurationManager, init=-1: [9acfc684-f025-4851-a671-9506a9a8f647:192.168.5.132:43107], old=null, confs=<EMPTY_MAP>
2019-09-19 14:38:18,676 [pool-144-thread-1] INFO  server.RaftServerConfigKeys (ConfUtils.java:logGet(43)) - raft.server.storage.dir = [/workdir/hadoop-ozone/ozonefs/target/test-dir/MiniOzoneClusterImpl-ca0b0e9e-6896-4a7b-b208-9ea04bbb623c/datanode-1/data/ratis] (custom)
2019-09-19 14:38:18,677 [pool-144-thread-1] INFO  storage.RaftStorageDirectory (RaftStorageDirectory.java:analyzeStorage(246)) - The storage directory /workdir/hadoop-ozone/ozonefs/target/test-dir/MiniOzoneClusterImpl-ca0b0e9e-6896-4a7b-b208-9ea04bbb623c/datanode-1/data/ratis/353e080d-92bb-423d-a0c0-dafaa70cfe8e does not exist. Creating ...
2019-09-19 14:38:18,703 [pool-144-thread-1] INFO  storage.RaftStorageDirectory (RaftStorageDirectory.java:tryLock(328)) - Lock on /workdir/hadoop-ozone/ozonefs/target/test-dir/MiniOzoneClusterImpl-ca0b0e9e-6896-4a7b-b208-9ea04bbb623c/datanode-1/data/ratis/353e080d-92bb-423d-a0c0-dafaa70cfe8e/in_use.lock acquired by nodename 25220@pr-hdds-1569-rzdr8-3403194166
2019-09-19 14:38:18,728 [pool-144-thread-1] INFO  storage.RaftStorage (RaftStorage.java:format(72)) - Storage directory /workdir/hadoop-ozone/ozonefs/target/test-dir/MiniOzoneClusterImpl-ca0b0e9e-6896-4a7b-b208-9ea04bbb623c/datanode-1/data/ratis/353e080d-92bb-423d-a0c0-dafaa70cfe8e has been successfully formatted.
2019-09-19 14:38:18,729 [pool-144-thread-1] INFO  ratis.ContainerStateMachine (ContainerStateMachine.java:loadSnapshot(226)) - group-DAFAA70CFE8E: The snapshot info is null. Setting the last applied indexto:(t:0, i:~)
2019-09-19 14:38:18,729 [pool-144-thread-1] INFO  server.RaftServerConfigKeys (ConfUtils.java:logGet(43)) - raft.server.leader.election.timeout = 120s (custom)
2019-09-19 14:38:18,729 [pool-144-thread-1] INFO  server.RaftServerConfigKeys (ConfUtils.java:logGet(43)) - raft.server.log.use.memory = false (default)
2019-09-19 14:38:18,729 [pool-144-thread-1] INFO  server.RaftServerConfigKeys (ConfUtils.java:logGet(43)) - raft.server.log.purge.gap = 1000000 (custom)
2019-09-19 14:38:18,730 [pool-144-thread-1] INFO  server.RaftServerConfigKeys (ConfUtils.java:logGet(43)) - raft.server.log.appender.buffer.byte-limit = 33554432 (custom)
2019-09-19 14:38:18,730 [pool-144-thread-1] INFO  server.RaftServerConfigKeys (ConfUtils.java:logGet(43)) - raft.server.log.segment.size.max = 1048576 (custom)
2019-09-19 14:38:18,730 [pool-144-thread-1] INFO  server.RaftServerConfigKeys (ConfUtils.java:logGet(43)) - raft.server.log.segment.cache.num.max = 2 (custom)
2019-09-19 14:38:18,730 [pool-144-thread-1] INFO  segmented.SegmentedRaftLogWorker (SegmentedRaftLogWorker.java:<init>(172)) - new 9acfc684-f025-4851-a671-9506a9a8f647-SegmentedRaftLogWorker:Storage Directory /workdir/hadoop-ozone/ozonefs/target/test-dir/MiniOzoneClusterImpl-ca0b0e9e-6896-4a7b-b208-9ea04bbb623c/datanode-1/data/ratis/353e080d-92bb-423d-a0c0-dafaa70cfe8e for RaftStorage:Storage Directory /workdir/hadoop-ozone/ozonefs/target/test-dir/MiniOzoneClusterImpl-ca0b0e9e-6896-4a7b-b208-9ea04bbb623c/datanode-1/data/ratis/353e080d-92bb-423d-a0c0-dafaa70cfe8e
2019-09-19 14:38:18,730 [pool-144-thread-1] INFO  server.RaftServerConfigKeys (ConfUtils.java:logGet(43)) - raft.server.log.queue.byte-limit = 2147483647 (custom)
2019-09-19 14:38:18,731 [pool-144-thread-1] INFO  server.RaftServerConfigKeys (ConfUtils.java:logGet(43)) - raft.server.log.queue.element-limit = 1024 (custom)
2019-09-19 14:38:18,731 [pool-144-thread-1] INFO  server.RaftServerConfigKeys (ConfUtils.java:logGet(43)) - raft.server.log.segment.size.max = 1048576 (custom)
2019-09-19 14:38:18,731 [pool-144-thread-1] INFO  server.RaftServerConfigKeys (ConfUtils.java:logGet(43)) - raft.server.log.preallocated.size = 16384 (custom)
2019-09-19 14:38:18,731 [pool-144-thread-1] INFO  server.RaftServerConfigKeys (ConfUtils.java:logGet(43)) - raft.server.log.write.buffer.size = 33554432 (custom)
2019-09-19 14:38:18,731 [pool-144-thread-1] INFO  server.RaftServerConfigKeys (ConfUtils.java:logGet(43)) - raft.server.log.force.sync.num = 128 (default)
2019-09-19 14:38:18,731 [pool-144-thread-1] INFO  server.RaftServerConfigKeys (ConfUtils.java:logGet(43)) - raft.server.log.statemachine.data.sync = true (default)
2019-09-19 14:38:18,732 [pool-144-thread-1] INFO  server.RaftServerConfigKeys (ConfUtils.java:logGet(43)) - raft.server.log.statemachine.data.sync.timeout = 10s (default)
2019-09-19 14:38:18,732 [pool-144-thread-1] INFO  server.RaftServerConfigKeys (ConfUtils.java:logGet(43)) - raft.server.log.statemachine.data.sync.timeout.retry = -1 (default)
2019-09-19 14:38:18,732 [pool-144-thread-1] INFO  server.RaftServerConfigKeys (ConfUtils.java:logGet(43)) - raft.server.log.statemachine.data.caching.enabled = true (custom)
2019-09-19 14:38:18,732 [pool-144-thread-1] INFO  segmented.SegmentedRaftLogWorker (SegmentedRaftLogWorker.java:lambda$new$0(132)) - 9acfc684-f025-4851-a671-9506a9a8f647-SegmentedRaftLogWorker:Storage Directory /workdir/hadoop-ozone/ozonefs/target/test-dir/MiniOzoneClusterImpl-ca0b0e9e-6896-4a7b-b208-9ea04bbb623c/datanode-1/data/ratis/353e080d-92bb-423d-a0c0-dafaa70cfe8e: flushIndex: setUnconditionally 0 -> -1
2019-09-19 14:38:18,733 [pool-144-thread-1] INFO  server.RaftServerConfigKeys (ConfUtils.java:logGet(43)) - raft.server.snapshot.auto.trigger.enabled = true (custom)
2019-09-19 14:38:18,733 [pool-144-thread-1] INFO  server.RaftServerConfigKeys (ConfUtils.java:logGet(43)) - raft.server.snapshot.auto.trigger.threshold = 10000 (custom)
2019-09-19 14:38:18,733 [pool-144-thread-1] INFO  server.RaftServerConfigKeys (ConfUtils.java:logGet(43)) - raft.server.retrycache.expirytime = 600000ms (custom)
2019-09-19 14:38:18,734 [pool-144-thread-1] INFO  impl.RaftServerImpl (RaftServerImpl.java:start(180)) - 9acfc684-f025-4851-a671-9506a9a8f647: start group-DAFAA70CFE8E
2019-09-19 14:38:18,734 [pool-144-thread-1] INFO  impl.RaftServerImpl (RaftServerImpl.java:setRole(171)) - 9acfc684-f025-4851-a671-9506a9a8f647:group-DAFAA70CFE8E changes role from null to FOLLOWER at term 0 for startAsFollower
2019-09-19 14:38:18,734 [pool-144-thread-1] INFO  impl.RoleInfo (RoleInfo.java:updateAndGet(143)) - 9acfc684-f025-4851-a671-9506a9a8f647: start FollowerState
2019-09-19 14:38:18,734 [pool-144-thread-1] INFO  util.JmxRegister (JmxRegister.java:tryRegister(44)) - Successfully registered JMX Bean with object name Ratis:service=RaftServer,group=group-DAFAA70CFE8E,id=9acfc684-f025-4851-a671-9506a9a8f647
2019-09-19 14:38:18,738 [RatisPipelineUtilsThread] INFO  pipeline.PipelineStateManager (PipelineStateManager.java:addPipeline(56)) - Created pipeline Pipeline[ Id: 353e080d-92bb-423d-a0c0-dafaa70cfe8e, Nodes: 9acfc684-f025-4851-a671-9506a9a8f647{ip: 192.168.5.132, host: pr-hdds-1569-rzdr8-3403194166, networkLocation: /default-rack, certSerialId: null}, Type:RATIS, Factor:ONE, State:OPEN]
2019-09-19 14:38:18,738 [RatisPipelineUtilsThread] ERROR pipeline.PipelinePlacementPolicy (PipelinePlacementPolicy.java:meetCriteria(91)) - Pipeline Placement: Doesn't meet the criteria to be viable node. Heaviness: 6
2019-09-19 14:38:18,745 [grpc-default-executor-0] INFO  impl.RaftServerProxy (RaftServerProxy.java:addNew(89)) - 9acfc684-f025-4851-a671-9506a9a8f647: addNew group-3FF384D089C0:[9acfc684-f025-4851-a671-9506a9a8f647:192.168.5.132:43107] returns group-3FF384D089C0:java.util.concurrent.CompletableFuture@1d72591[Not completed]
2019-09-19 14:38:18,746 [pool-144-thread-1] INFO  impl.RaftServerImpl (RaftServerImpl.java:<init>(93)) - 9acfc684-f025-4851-a671-9506a9a8f647: new RaftServerImpl for group-3FF384D089C0:[9acfc684-f025-4851-a671-9506a9a8f647:192.168.5.132:43107] with ContainerStateMachine:uninitialized
2019-09-19 14:38:18,746 [pool-144-thread-1] INFO  server.RaftServerConfigKeys (ConfUtils.java:logGet(43)) - raft.server.rpc.timeout.min = 5s (custom)
2019-09-19 14:38:18,746 [pool-144-thread-1] INFO  server.RaftServerConfigKeys (ConfUtils.java:logGet(43)) - raft.server.rpc.timeout.max = 5200ms (custom)
2019-09-19 14:38:18,747 [pool-144-thread-1] INFO  server.RaftServerConfigKeys (ConfUtils.java:logGet(43)) - raft.server.rpcslowness.timeout = 120s (custom)
2019-09-19 14:38:18,747 [pool-144-thread-1] INFO  server.RaftServerConfigKeys (ConfUtils.java:logGet(43)) - raft.server.sleep.deviation.threshold = 300 (default)
2019-09-19 14:38:18,747 [pool-144-thread-1] INFO  server.RaftServerConfigKeys (ConfUtils.java:logGet(43)) - raft.server.log.appender.install.snapshot.enabled = false (custom)
2019-09-19 14:38:18,747 [pool-144-thread-1] INFO  impl.RaftServerImpl (ServerState.java:<init>(105)) - 9acfc684-f025-4851-a671-9506a9a8f647:group-3FF384D089C0 ConfigurationManager, init=-1: [9acfc684-f025-4851-a671-9506a9a8f647:192.168.5.132:43107], old=null, confs=<EMPTY_MAP>
2019-09-19 14:38:18,747 [pool-144-thread-1] INFO  server.RaftServerConfigKeys (ConfUtils.java:logGet(43)) - raft.server.storage.dir = [/workdir/hadoop-ozone/ozonefs/target/test-dir/MiniOzoneClusterImpl-ca0b0e9e-6896-4a7b-b208-9ea04bbb623c/datanode-1/data/ratis] (custom)
2019-09-19 14:38:18,748 [pool-144-thread-1] INFO  storage.RaftStorageDirectory (RaftStorageDirectory.java:analyzeStorage(246)) - The storage directory /workdir/hadoop-ozone/ozonefs/target/test-dir/MiniOzoneClusterImpl-ca0b0e9e-6896-4a7b-b208-9ea04bbb623c/datanode-1/data/ratis/d1837fe0-9092-4453-b2d0-3ff384d089c0 does not exist. Creating ...
2019-09-19 14:38:18,771 [pool-144-thread-1] INFO  storage.RaftStorageDirectory (RaftStorageDirectory.java:tryLock(328)) - Lock on /workdir/hadoop-ozone/ozonefs/target/test-dir/MiniOzoneClusterImpl-ca0b0e9e-6896-4a7b-b208-9ea04bbb623c/datanode-1/data/ratis/d1837fe0-9092-4453-b2d0-3ff384d089c0/in_use.lock acquired by nodename 25220@pr-hdds-1569-rzdr8-3403194166
2019-09-19 14:38:18,796 [pool-144-thread-1] INFO  storage.RaftStorage (RaftStorage.java:format(72)) - Storage directory /workdir/hadoop-ozone/ozonefs/target/test-dir/MiniOzoneClusterImpl-ca0b0e9e-6896-4a7b-b208-9ea04bbb623c/datanode-1/data/ratis/d1837fe0-9092-4453-b2d0-3ff384d089c0 has been successfully formatted.
2019-09-19 14:38:18,796 [pool-144-thread-1] INFO  ratis.ContainerStateMachine (ContainerStateMachine.java:loadSnapshot(226)) - group-3FF384D089C0: The snapshot info is null. Setting the last applied indexto:(t:0, i:~)
2019-09-19 14:38:18,797 [pool-144-thread-1] INFO  server.RaftServerConfigKeys (ConfUtils.java:logGet(43)) - raft.server.leader.election.timeout = 120s (custom)
2019-09-19 14:38:18,797 [pool-144-thread-1] INFO  server.RaftServerConfigKeys (ConfUtils.java:logGet(43)) - raft.server.log.use.memory = false (default)
2019-09-19 14:38:18,797 [pool-144-thread-1] INFO  server.RaftServerConfigKeys (ConfUtils.java:logGet(43)) - raft.server.log.purge.gap = 1000000 (custom)
2019-09-19 14:38:18,797 [pool-144-thread-1] INFO  server.RaftServerConfigKeys (ConfUtils.java:logGet(43)) - raft.server.log.appender.buffer.byte-limit = 33554432 (custom)
2019-09-19 14:38:18,797 [pool-144-thread-1] INFO  server.RaftServerConfigKeys (ConfUtils.java:logGet(43)) - raft.server.log.segment.size.max = 1048576 (custom)
2019-09-19 14:38:18,797 [pool-144-thread-1] INFO  server.RaftServerConfigKeys (ConfUtils.java:logGet(43)) - raft.server.log.segment.cache.num.max = 2 (custom)
2019-09-19 14:38:18,798 [pool-144-thread-1] INFO  segmented.SegmentedRaftLogWorker (SegmentedRaftLogWorker.java:<init>(172)) - new 9acfc684-f025-4851-a671-9506a9a8f647-SegmentedRaftLogWorker:Storage Directory /workdir/hadoop-ozone/ozonefs/target/test-dir/MiniOzoneClusterImpl-ca0b0e9e-6896-4a7b-b208-9ea04bbb623c/datanode-1/data/ratis/d1837fe0-9092-4453-b2d0-3ff384d089c0 for RaftStorage:Storage Directory /workdir/hadoop-ozone/ozonefs/target/test-dir/MiniOzoneClusterImpl-ca0b0e9e-6896-4a7b-b208-9ea04bbb623c/datanode-1/data/ratis/d1837fe0-9092-4453-b2d0-3ff384d089c0
2019-09-19 14:38:18,798 [pool-144-thread-1] INFO  server.RaftServerConfigKeys (ConfUtils.java:logGet(43)) - raft.server.log.queue.byte-limit = 2147483647 (custom)
2019-09-19 14:38:18,798 [pool-144-thread-1] INFO  server.RaftServerConfigKeys (ConfUtils.java:logGet(43)) - raft.server.log.queue.element-limit = 1024 (custom)
2019-09-19 14:38:18,798 [pool-144-thread-1] INFO  server.RaftServerConfigKeys (ConfUtils.java:logGet(43)) - raft.server.log.segment.size.max = 1048576 (custom)
2019-09-19 14:38:18,798 [pool-144-thread-1] INFO  server.RaftServerConfigKeys (ConfUtils.java:logGet(43)) - raft.server.log.preallocated.size = 16384 (custom)
2019-09-19 14:38:18,798 [pool-144-thread-1] INFO  server.RaftServerConfigKeys (ConfUtils.java:logGet(43)) - raft.server.log.write.buffer.size = 33554432 (custom)
2019-09-19 14:38:18,799 [pool-144-thread-1] INFO  server.RaftServerConfigKeys (ConfUtils.java:logGet(43)) - raft.server.log.force.sync.num = 128 (default)
2019-09-19 14:38:18,799 [pool-144-thread-1] INFO  server.RaftServerConfigKeys (ConfUtils.java:logGet(43)) - raft.server.log.statemachine.data.sync = true (default)
2019-09-19 14:38:18,799 [pool-144-thread-1] INFO  server.RaftServerConfigKeys (ConfUtils.java:logGet(43)) - raft.server.log.statemachine.data.sync.timeout = 10s (default)
2019-09-19 14:38:18,799 [pool-144-thread-1] INFO  server.RaftServerConfigKeys (ConfUtils.java:logGet(43)) - raft.server.log.statemachine.data.sync.timeout.retry = -1 (default)
2019-09-19 14:38:18,799 [pool-144-thread-1] INFO  server.RaftServerConfigKeys (ConfUtils.java:logGet(43)) - raft.server.log.statemachine.data.caching.enabled = true (custom)
2019-09-19 14:38:18,800 [pool-144-thread-1] INFO  segmented.SegmentedRaftLogWorker (SegmentedRaftLogWorker.java:lambda$new$0(132)) - 9acfc684-f025-4851-a671-9506a9a8f647-SegmentedRaftLogWorker:Storage Directory /workdir/hadoop-ozone/ozonefs/target/test-dir/MiniOzoneClusterImpl-ca0b0e9e-6896-4a7b-b208-9ea04bbb623c/datanode-1/data/ratis/d1837fe0-9092-4453-b2d0-3ff384d089c0: flushIndex: setUnconditionally 0 -> -1
2019-09-19 14:38:18,800 [pool-144-thread-1] INFO  server.RaftServerConfigKeys (ConfUtils.java:logGet(43)) - raft.server.snapshot.auto.trigger.enabled = true (custom)
2019-09-19 14:38:18,800 [pool-144-thread-1] INFO  server.RaftServerConfigKeys (ConfUtils.java:logGet(43)) - raft.server.snapshot.auto.trigger.threshold = 10000 (custom)
2019-09-19 14:38:18,800 [pool-144-thread-1] INFO  server.RaftServerConfigKeys (ConfUtils.java:logGet(43)) - raft.server.retrycache.expirytime = 600000ms (custom)
2019-09-19 14:38:18,801 [pool-144-thread-1] INFO  impl.RaftServerImpl (RaftServerImpl.java:start(180)) - 9acfc684-f025-4851-a671-9506a9a8f647: start group-3FF384D089C0
2019-09-19 14:38:18,801 [pool-144-thread-1] INFO  impl.RaftServerImpl (RaftServerImpl.java:setRole(171)) - 9acfc684-f025-4851-a671-9506a9a8f647:group-3FF384D089C0 changes role from null to FOLLOWER at term 0 for startAsFollower
2019-09-19 14:38:18,801 [pool-144-thread-1] INFO  impl.RoleInfo (RoleInfo.java:updateAndGet(143)) - 9acfc684-f025-4851-a671-9506a9a8f647: start FollowerState
2019-09-19 14:38:18,801 [pool-144-thread-1] INFO  util.JmxRegister (JmxRegister.java:tryRegister(44)) - Successfully registered JMX Bean with object name Ratis:service=RaftServer,group=group-3FF384D089C0,id=9acfc684-f025-4851-a671-9506a9a8f647
2019-09-19 14:38:18,805 [RatisPipelineUtilsThread] INFO  pipeline.PipelineStateManager (PipelineStateManager.java:addPipeline(56)) - Created pipeline Pipeline[ Id: d1837fe0-9092-4453-b2d0-3ff384d089c0, Nodes: 9acfc684-f025-4851-a671-9506a9a8f647{ip: 192.168.5.132, host: pr-hdds-1569-rzdr8-3403194166, networkLocation: /default-rack, certSerialId: null}, Type:RATIS, Factor:ONE, State:OPEN]
2019-09-19 14:38:18,805 [RatisPipelineUtilsThread] ERROR pipeline.PipelinePlacementPolicy (PipelinePlacementPolicy.java:meetCriteria(91)) - Pipeline Placement: Doesn't meet the criteria to be viable node. Heaviness: 6
2019-09-19 14:38:18,811 [grpc-default-executor-0] INFO  impl.RaftServerProxy (RaftServerProxy.java:addNew(89)) - 9acfc684-f025-4851-a671-9506a9a8f647: addNew group-E6A9F4653BF4:[9acfc684-f025-4851-a671-9506a9a8f647:192.168.5.132:43107] returns group-E6A9F4653BF4:java.util.concurrent.CompletableFuture@795e2ba0[Not completed]
2019-09-19 14:38:18,813 [pool-144-thread-1] INFO  impl.RaftServerImpl (RaftServerImpl.java:<init>(93)) - 9acfc684-f025-4851-a671-9506a9a8f647: new RaftServerImpl for group-E6A9F4653BF4:[9acfc684-f025-4851-a671-9506a9a8f647:192.168.5.132:43107] with ContainerStateMachine:uninitialized
2019-09-19 14:38:18,813 [pool-144-thread-1] INFO  server.RaftServerConfigKeys (ConfUtils.java:logGet(43)) - raft.server.rpc.timeout.min = 5s (custom)
2019-09-19 14:38:18,813 [pool-144-thread-1] INFO  server.RaftServerConfigKeys (ConfUtils.java:logGet(43)) - raft.server.rpc.timeout.max = 5200ms (custom)
2019-09-19 14:38:18,813 [pool-144-thread-1] INFO  server.RaftServerConfigKeys (ConfUtils.java:logGet(43)) - raft.server.rpcslowness.timeout = 120s (custom)
2019-09-19 14:38:18,813 [pool-144-thread-1] INFO  server.RaftServerConfigKeys (ConfUtils.java:logGet(43)) - raft.server.sleep.deviation.threshold = 300 (default)
2019-09-19 14:38:18,813 [pool-144-thread-1] INFO  server.RaftServerConfigKeys (ConfUtils.java:logGet(43)) - raft.server.log.appender.install.snapshot.enabled = false (custom)
2019-09-19 14:38:18,814 [pool-144-thread-1] INFO  impl.RaftServerImpl (ServerState.java:<init>(105)) - 9acfc684-f025-4851-a671-9506a9a8f647:group-E6A9F4653BF4 ConfigurationManager, init=-1: [9acfc684-f025-4851-a671-9506a9a8f647:192.168.5.132:43107], old=null, confs=<EMPTY_MAP>
2019-09-19 14:38:18,814 [pool-144-thread-1] INFO  server.RaftServerConfigKeys (ConfUtils.java:logGet(43)) - raft.server.storage.dir = [/workdir/hadoop-ozone/ozonefs/target/test-dir/MiniOzoneClusterImpl-ca0b0e9e-6896-4a7b-b208-9ea04bbb623c/datanode-1/data/ratis] (custom)
2019-09-19 14:38:18,814 [pool-144-thread-1] INFO  storage.RaftStorageDirectory (RaftStorageDirectory.java:analyzeStorage(246)) - The storage directory /workdir/hadoop-ozone/ozonefs/target/test-dir/MiniOzoneClusterImpl-ca0b0e9e-6896-4a7b-b208-9ea04bbb623c/datanode-1/data/ratis/69de39fd-5edc-4efa-8025-e6a9f4653bf4 does not exist. Creating ...
2019-09-19 14:38:18,838 [pool-144-thread-1] INFO  storage.RaftStorageDirectory (RaftStorageDirectory.java:tryLock(328)) - Lock on /workdir/hadoop-ozone/ozonefs/target/test-dir/MiniOzoneClusterImpl-ca0b0e9e-6896-4a7b-b208-9ea04bbb623c/datanode-1/data/ratis/69de39fd-5edc-4efa-8025-e6a9f4653bf4/in_use.lock acquired by nodename 25220@pr-hdds-1569-rzdr8-3403194166
2019-09-19 14:38:18,863 [pool-144-thread-1] INFO  storage.RaftStorage (RaftStorage.java:format(72)) - Storage directory /workdir/hadoop-ozone/ozonefs/target/test-dir/MiniOzoneClusterImpl-ca0b0e9e-6896-4a7b-b208-9ea04bbb623c/datanode-1/data/ratis/69de39fd-5edc-4efa-8025-e6a9f4653bf4 has been successfully formatted.
2019-09-19 14:38:18,864 [pool-144-thread-1] INFO  ratis.ContainerStateMachine (ContainerStateMachine.java:loadSnapshot(226)) - group-E6A9F4653BF4: The snapshot info is null. Setting the last applied indexto:(t:0, i:~)
2019-09-19 14:38:18,864 [pool-144-thread-1] INFO  server.RaftServerConfigKeys (ConfUtils.java:logGet(43)) - raft.server.leader.election.timeout = 120s (custom)
2019-09-19 14:38:18,865 [pool-144-thread-1] INFO  server.RaftServerConfigKeys (ConfUtils.java:logGet(43)) - raft.server.log.use.memory = false (default)
2019-09-19 14:38:18,865 [pool-144-thread-1] INFO  server.RaftServerConfigKeys (ConfUtils.java:logGet(43)) - raft.server.log.purge.gap = 1000000 (custom)
2019-09-19 14:38:18,865 [pool-144-thread-1] INFO  server.RaftServerConfigKeys (ConfUtils.java:logGet(43)) - raft.server.log.appender.buffer.byte-limit = 33554432 (custom)
2019-09-19 14:38:18,865 [pool-144-thread-1] INFO  server.RaftServerConfigKeys (ConfUtils.java:logGet(43)) - raft.server.log.segment.size.max = 1048576 (custom)
2019-09-19 14:38:18,866 [pool-144-thread-1] INFO  server.RaftServerConfigKeys (ConfUtils.java:logGet(43)) - raft.server.log.segment.cache.num.max = 2 (custom)
2019-09-19 14:38:18,866 [pool-144-thread-1] INFO  segmented.SegmentedRaftLogWorker (SegmentedRaftLogWorker.java:<init>(172)) - new 9acfc684-f025-4851-a671-9506a9a8f647-SegmentedRaftLogWorker:Storage Directory /workdir/hadoop-ozone/ozonefs/target/test-dir/MiniOzoneClusterImpl-ca0b0e9e-6896-4a7b-b208-9ea04bbb623c/datanode-1/data/ratis/69de39fd-5edc-4efa-8025-e6a9f4653bf4 for RaftStorage:Storage Directory /workdir/hadoop-ozone/ozonefs/target/test-dir/MiniOzoneClusterImpl-ca0b0e9e-6896-4a7b-b208-9ea04bbb623c/datanode-1/data/ratis/69de39fd-5edc-4efa-8025-e6a9f4653bf4
2019-09-19 14:38:18,866 [pool-144-thread-1] INFO  server.RaftServerConfigKeys (ConfUtils.java:logGet(43)) - raft.server.log.queue.byte-limit = 2147483647 (custom)
2019-09-19 14:38:18,866 [pool-144-thread-1] INFO  server.RaftServerConfigKeys (ConfUtils.java:logGet(43)) - raft.server.log.queue.element-limit = 1024 (custom)
2019-09-19 14:38:18,867 [pool-144-thread-1] INFO  server.RaftServerConfigKeys (ConfUtils.java:logGet(43)) - raft.server.log.segment.size.max = 1048576 (custom)
2019-09-19 14:38:18,867 [pool-144-thread-1] INFO  server.RaftServerConfigKeys (ConfUtils.java:logGet(43)) - raft.server.log.preallocated.size = 16384 (custom)
2019-09-19 14:38:18,867 [pool-144-thread-1] INFO  server.RaftServerConfigKeys (ConfUtils.java:logGet(43)) - raft.server.log.write.buffer.size = 33554432 (custom)
2019-09-19 14:38:18,868 [pool-144-thread-1] INFO  server.RaftServerConfigKeys (ConfUtils.java:logGet(43)) - raft.server.log.force.sync.num = 128 (default)
2019-09-19 14:38:18,868 [pool-144-thread-1] INFO  server.RaftServerConfigKeys (ConfUtils.java:logGet(43)) - raft.server.log.statemachine.data.sync = true (default)
2019-09-19 14:38:18,868 [pool-144-thread-1] INFO  server.RaftServerConfigKeys (ConfUtils.java:logGet(43)) - raft.server.log.statemachine.data.sync.timeout = 10s (default)
2019-09-19 14:38:18,868 [pool-144-thread-1] INFO  server.RaftServerConfigKeys (ConfUtils.java:logGet(43)) - raft.server.log.statemachine.data.sync.timeout.retry = -1 (default)
2019-09-19 14:38:18,869 [pool-144-thread-1] INFO  server.RaftServerConfigKeys (ConfUtils.java:logGet(43)) - raft.server.log.statemachine.data.caching.enabled = true (custom)
2019-09-19 14:38:18,869 [pool-144-thread-1] INFO  segmented.SegmentedRaftLogWorker (SegmentedRaftLogWorker.java:lambda$new$0(132)) - 9acfc684-f025-4851-a671-9506a9a8f647-SegmentedRaftLogWorker:Storage Directory /workdir/hadoop-ozone/ozonefs/target/test-dir/MiniOzoneClusterImpl-ca0b0e9e-6896-4a7b-b208-9ea04bbb623c/datanode-1/data/ratis/69de39fd-5edc-4efa-8025-e6a9f4653bf4: flushIndex: setUnconditionally 0 -> -1
2019-09-19 14:38:18,870 [pool-144-thread-1] INFO  server.RaftServerConfigKeys (ConfUtils.java:logGet(43)) - raft.server.snapshot.auto.trigger.enabled = true (custom)
2019-09-19 14:38:18,870 [pool-144-thread-1] INFO  server.RaftServerConfigKeys (ConfUtils.java:logGet(43)) - raft.server.snapshot.auto.trigger.threshold = 10000 (custom)
2019-09-19 14:38:18,870 [pool-144-thread-1] INFO  server.RaftServerConfigKeys (ConfUtils.java:logGet(43)) - raft.server.retrycache.expirytime = 600000ms (custom)
2019-09-19 14:38:18,871 [pool-144-thread-1] INFO  impl.RaftServerImpl (RaftServerImpl.java:start(180)) - 9acfc684-f025-4851-a671-9506a9a8f647: start group-E6A9F4653BF4
2019-09-19 14:38:18,871 [pool-144-thread-1] INFO  impl.RaftServerImpl (RaftServerImpl.java:setRole(171)) - 9acfc684-f025-4851-a671-9506a9a8f647:group-E6A9F4653BF4 changes role from null to FOLLOWER at term 0 for startAsFollower
2019-09-19 14:38:18,871 [pool-144-thread-1] INFO  impl.RoleInfo (RoleInfo.java:updateAndGet(143)) - 9acfc684-f025-4851-a671-9506a9a8f647: start FollowerState
2019-09-19 14:38:18,872 [pool-144-thread-1] INFO  util.JmxRegister (JmxRegister.java:tryRegister(44)) - Successfully registered JMX Bean with object name Ratis:service=RaftServer,group=group-E6A9F4653BF4,id=9acfc684-f025-4851-a671-9506a9a8f647
2019-09-19 14:38:18,876 [RatisPipelineUtilsThread] INFO  pipeline.PipelineStateManager (PipelineStateManager.java:addPipeline(56)) - Created pipeline Pipeline[ Id: 69de39fd-5edc-4efa-8025-e6a9f4653bf4, Nodes: 9acfc684-f025-4851-a671-9506a9a8f647{ip: 192.168.5.132, host: pr-hdds-1569-rzdr8-3403194166, networkLocation: /default-rack, certSerialId: null}, Type:RATIS, Factor:ONE, State:OPEN]
2019-09-19 14:38:18,876 [RatisPipelineUtilsThread] ERROR pipeline.PipelinePlacementPolicy (PipelinePlacementPolicy.java:meetCriteria(91)) - Pipeline Placement: Doesn't meet the criteria to be viable node. Heaviness: 6
2019-09-19 14:38:18,876 [RatisPipelineUtilsThread] ERROR pipeline.PipelinePlacementPolicy (PipelinePlacementPolicy.java:meetCriteria(91)) - Pipeline Placement: Doesn't meet the criteria to be viable node. Heaviness: 6
2019-09-19 14:38:18,888 [grpc-default-executor-0] INFO  impl.RaftServerProxy (RaftServerProxy.java:addNew(89)) - afbc86cd-608c-4927-90cf-3a7f1e6aa679: addNew group-A1AE291974B2:[afbc86cd-608c-4927-90cf-3a7f1e6aa679:192.168.5.132:43206] returns group-A1AE291974B2:java.util.concurrent.CompletableFuture@585b280d[Not completed]
2019-09-19 14:38:18,890 [pool-155-thread-1] INFO  impl.RaftServerImpl (RaftServerImpl.java:<init>(93)) - afbc86cd-608c-4927-90cf-3a7f1e6aa679: new RaftServerImpl for group-A1AE291974B2:[afbc86cd-608c-4927-90cf-3a7f1e6aa679:192.168.5.132:43206] with ContainerStateMachine:uninitialized
2019-09-19 14:38:18,890 [pool-155-thread-1] INFO  server.RaftServerConfigKeys (ConfUtils.java:logGet(43)) - raft.server.rpc.timeout.min = 5s (custom)
2019-09-19 14:38:18,890 [pool-155-thread-1] INFO  server.RaftServerConfigKeys (ConfUtils.java:logGet(43)) - raft.server.rpc.timeout.max = 5200ms (custom)
2019-09-19 14:38:18,891 [pool-155-thread-1] INFO  server.RaftServerConfigKeys (ConfUtils.java:logGet(43)) - raft.server.rpcslowness.timeout = 120s (custom)
2019-09-19 14:38:18,891 [pool-155-thread-1] INFO  server.RaftServerConfigKeys (ConfUtils.java:logGet(43)) - raft.server.sleep.deviation.threshold = 300 (default)
2019-09-19 14:38:18,891 [pool-155-thread-1] INFO  server.RaftServerConfigKeys (ConfUtils.java:logGet(43)) - raft.server.log.appender.install.snapshot.enabled = false (custom)
2019-09-19 14:38:18,891 [pool-155-thread-1] INFO  impl.RaftServerImpl (ServerState.java:<init>(105)) - afbc86cd-608c-4927-90cf-3a7f1e6aa679:group-A1AE291974B2 ConfigurationManager, init=-1: [afbc86cd-608c-4927-90cf-3a7f1e6aa679:192.168.5.132:43206], old=null, confs=<EMPTY_MAP>
2019-09-19 14:38:18,891 [pool-155-thread-1] INFO  server.RaftServerConfigKeys (ConfUtils.java:logGet(43)) - raft.server.storage.dir = [/workdir/hadoop-ozone/ozonefs/target/test-dir/MiniOzoneClusterImpl-ca0b0e9e-6896-4a7b-b208-9ea04bbb623c/datanode-2/data/ratis] (custom)
2019-09-19 14:38:18,892 [pool-155-thread-1] INFO  storage.RaftStorageDirectory (RaftStorageDirectory.java:analyzeStorage(246)) - The storage directory /workdir/hadoop-ozone/ozonefs/target/test-dir/MiniOzoneClusterImpl-ca0b0e9e-6896-4a7b-b208-9ea04bbb623c/datanode-2/data/ratis/7d8df43b-8476-41e3-8eb9-a1ae291974b2 does not exist. Creating ...
2019-09-19 14:38:18,914 [pool-155-thread-1] INFO  storage.RaftStorageDirectory (RaftStorageDirectory.java:tryLock(328)) - Lock on /workdir/hadoop-ozone/ozonefs/target/test-dir/MiniOzoneClusterImpl-ca0b0e9e-6896-4a7b-b208-9ea04bbb623c/datanode-2/data/ratis/7d8df43b-8476-41e3-8eb9-a1ae291974b2/in_use.lock acquired by nodename 25220@pr-hdds-1569-rzdr8-3403194166
2019-09-19 14:38:18,939 [pool-155-thread-1] INFO  storage.RaftStorage (RaftStorage.java:format(72)) - Storage directory /workdir/hadoop-ozone/ozonefs/target/test-dir/MiniOzoneClusterImpl-ca0b0e9e-6896-4a7b-b208-9ea04bbb623c/datanode-2/data/ratis/7d8df43b-8476-41e3-8eb9-a1ae291974b2 has been successfully formatted.
2019-09-19 14:38:18,940 [pool-155-thread-1] INFO  ratis.ContainerStateMachine (ContainerStateMachine.java:loadSnapshot(226)) - group-A1AE291974B2: The snapshot info is null. Setting the last applied indexto:(t:0, i:~)
2019-09-19 14:38:18,940 [pool-155-thread-1] INFO  server.RaftServerConfigKeys (ConfUtils.java:logGet(43)) - raft.server.leader.election.timeout = 120s (custom)
2019-09-19 14:38:18,940 [pool-155-thread-1] INFO  server.RaftServerConfigKeys (ConfUtils.java:logGet(43)) - raft.server.log.use.memory = false (default)
2019-09-19 14:38:18,940 [pool-155-thread-1] INFO  server.RaftServerConfigKeys (ConfUtils.java:logGet(43)) - raft.server.log.purge.gap = 1000000 (custom)
2019-09-19 14:38:18,940 [pool-155-thread-1] INFO  server.RaftServerConfigKeys (ConfUtils.java:logGet(43)) - raft.server.log.appender.buffer.byte-limit = 33554432 (custom)
2019-09-19 14:38:18,940 [pool-155-thread-1] INFO  server.RaftServerConfigKeys (ConfUtils.java:logGet(43)) - raft.server.log.segment.size.max = 1048576 (custom)
2019-09-19 14:38:18,941 [pool-155-thread-1] INFO  server.RaftServerConfigKeys (ConfUtils.java:logGet(43)) - raft.server.log.segment.cache.num.max = 2 (custom)
2019-09-19 14:38:18,941 [pool-155-thread-1] INFO  segmented.SegmentedRaftLogWorker (SegmentedRaftLogWorker.java:<init>(172)) - new afbc86cd-608c-4927-90cf-3a7f1e6aa679-SegmentedRaftLogWorker:Storage Directory /workdir/hadoop-ozone/ozonefs/target/test-dir/MiniOzoneClusterImpl-ca0b0e9e-6896-4a7b-b208-9ea04bbb623c/datanode-2/data/ratis/7d8df43b-8476-41e3-8eb9-a1ae291974b2 for RaftStorage:Storage Directory /workdir/hadoop-ozone/ozonefs/target/test-dir/MiniOzoneClusterImpl-ca0b0e9e-6896-4a7b-b208-9ea04bbb623c/datanode-2/data/ratis/7d8df43b-8476-41e3-8eb9-a1ae291974b2
2019-09-19 14:38:18,941 [pool-155-thread-1] INFO  server.RaftServerConfigKeys (ConfUtils.java:logGet(43)) - raft.server.log.queue.byte-limit = 2147483647 (custom)
2019-09-19 14:38:18,941 [pool-155-thread-1] INFO  server.RaftServerConfigKeys (ConfUtils.java:logGet(43)) - raft.server.log.queue.element-limit = 1024 (custom)
2019-09-19 14:38:18,941 [pool-155-thread-1] INFO  server.RaftServerConfigKeys (ConfUtils.java:logGet(43)) - raft.server.log.segment.size.max = 1048576 (custom)
2019-09-19 14:38:18,941 [pool-155-thread-1] INFO  server.RaftServerConfigKeys (ConfUtils.java:logGet(43)) - raft.server.log.preallocated.size = 16384 (custom)
2019-09-19 14:38:18,941 [pool-155-thread-1] INFO  server.RaftServerConfigKeys (ConfUtils.java:logGet(43)) - raft.server.log.write.buffer.size = 33554432 (custom)
2019-09-19 14:38:18,941 [pool-155-thread-1] INFO  server.RaftServerConfigKeys (ConfUtils.java:logGet(43)) - raft.server.log.force.sync.num = 128 (default)
2019-09-19 14:38:18,942 [pool-155-thread-1] INFO  server.RaftServerConfigKeys (ConfUtils.java:logGet(43)) - raft.server.log.statemachine.data.sync = true (default)
2019-09-19 14:38:18,942 [pool-155-thread-1] INFO  server.RaftServerConfigKeys (ConfUtils.java:logGet(43)) - raft.server.log.statemachine.data.sync.timeout = 10s (default)
2019-09-19 14:38:18,942 [pool-155-thread-1] INFO  server.RaftServerConfigKeys (ConfUtils.java:logGet(43)) - raft.server.log.statemachine.data.sync.timeout.retry = -1 (default)
2019-09-19 14:38:18,942 [pool-155-thread-1] INFO  server.RaftServerConfigKeys (ConfUtils.java:logGet(43)) - raft.server.log.statemachine.data.caching.enabled = true (custom)
2019-09-19 14:38:18,942 [pool-155-thread-1] INFO  segmented.SegmentedRaftLogWorker (SegmentedRaftLogWorker.java:lambda$new$0(132)) - afbc86cd-608c-4927-90cf-3a7f1e6aa679-SegmentedRaftLogWorker:Storage Directory /workdir/hadoop-ozone/ozonefs/target/test-dir/MiniOzoneClusterImpl-ca0b0e9e-6896-4a7b-b208-9ea04bbb623c/datanode-2/data/ratis/7d8df43b-8476-41e3-8eb9-a1ae291974b2: flushIndex: setUnconditionally 0 -> -1
2019-09-19 14:38:18,943 [pool-155-thread-1] INFO  server.RaftServerConfigKeys (ConfUtils.java:logGet(43)) - raft.server.snapshot.auto.trigger.enabled = true (custom)
2019-09-19 14:38:18,943 [pool-155-thread-1] INFO  server.RaftServerConfigKeys (ConfUtils.java:logGet(43)) - raft.server.snapshot.auto.trigger.threshold = 10000 (custom)
2019-09-19 14:38:18,943 [pool-155-thread-1] INFO  server.RaftServerConfigKeys (ConfUtils.java:logGet(43)) - raft.server.retrycache.expirytime = 600000ms (custom)
2019-09-19 14:38:18,943 [pool-155-thread-1] INFO  impl.RaftServerImpl (RaftServerImpl.java:start(180)) - afbc86cd-608c-4927-90cf-3a7f1e6aa679: start group-A1AE291974B2
2019-09-19 14:38:18,943 [pool-155-thread-1] INFO  impl.RaftServerImpl (RaftServerImpl.java:setRole(171)) - afbc86cd-608c-4927-90cf-3a7f1e6aa679:group-A1AE291974B2 changes role from null to FOLLOWER at term 0 for startAsFollower
2019-09-19 14:38:18,943 [pool-155-thread-1] INFO  impl.RoleInfo (RoleInfo.java:updateAndGet(143)) - afbc86cd-608c-4927-90cf-3a7f1e6aa679: start FollowerState
2019-09-19 14:38:18,944 [pool-155-thread-1] INFO  util.JmxRegister (JmxRegister.java:tryRegister(44)) - Successfully registered JMX Bean with object name Ratis:service=RaftServer,group=group-A1AE291974B2,id=afbc86cd-608c-4927-90cf-3a7f1e6aa679
2019-09-19 14:38:18,947 [RatisPipelineUtilsThread] INFO  pipeline.PipelineStateManager (PipelineStateManager.java:addPipeline(56)) - Created pipeline Pipeline[ Id: 7d8df43b-8476-41e3-8eb9-a1ae291974b2, Nodes: afbc86cd-608c-4927-90cf-3a7f1e6aa679{ip: 192.168.5.132, host: pr-hdds-1569-rzdr8-3403194166, networkLocation: /default-rack, certSerialId: null}, Type:RATIS, Factor:ONE, State:OPEN]
2019-09-19 14:38:18,947 [RatisPipelineUtilsThread] ERROR pipeline.PipelinePlacementPolicy (PipelinePlacementPolicy.java:meetCriteria(91)) - Pipeline Placement: Doesn't meet the criteria to be viable node. Heaviness: 6
2019-09-19 14:38:18,947 [RatisPipelineUtilsThread] ERROR pipeline.PipelinePlacementPolicy (PipelinePlacementPolicy.java:meetCriteria(91)) - Pipeline Placement: Doesn't meet the criteria to be viable node. Heaviness: 6
2019-09-19 14:38:18,953 [grpc-default-executor-0] INFO  impl.RaftServerProxy (RaftServerProxy.java:addNew(89)) - afbc86cd-608c-4927-90cf-3a7f1e6aa679: addNew group-6ADC2A3FC9F4:[afbc86cd-608c-4927-90cf-3a7f1e6aa679:192.168.5.132:43206] returns group-6ADC2A3FC9F4:java.util.concurrent.CompletableFuture@c88b639[Not completed]
2019-09-19 14:38:18,954 [pool-155-thread-1] INFO  impl.RaftServerImpl (RaftServerImpl.java:<init>(93)) - afbc86cd-608c-4927-90cf-3a7f1e6aa679: new RaftServerImpl for group-6ADC2A3FC9F4:[afbc86cd-608c-4927-90cf-3a7f1e6aa679:192.168.5.132:43206] with ContainerStateMachine:uninitialized
2019-09-19 14:38:18,955 [pool-155-thread-1] INFO  server.RaftServerConfigKeys (ConfUtils.java:logGet(43)) - raft.server.rpc.timeout.min = 5s (custom)
2019-09-19 14:38:18,955 [pool-155-thread-1] INFO  server.RaftServerConfigKeys (ConfUtils.java:logGet(43)) - raft.server.rpc.timeout.max = 5200ms (custom)
2019-09-19 14:38:18,955 [pool-155-thread-1] INFO  server.RaftServerConfigKeys (ConfUtils.java:logGet(43)) - raft.server.rpcslowness.timeout = 120s (custom)
2019-09-19 14:38:18,955 [pool-155-thread-1] INFO  server.RaftServerConfigKeys (ConfUtils.java:logGet(43)) - raft.server.sleep.deviation.threshold = 300 (default)
2019-09-19 14:38:18,955 [pool-155-thread-1] INFO  server.RaftServerConfigKeys (ConfUtils.java:logGet(43)) - raft.server.log.appender.install.snapshot.enabled = false (custom)
2019-09-19 14:38:18,955 [pool-155-thread-1] INFO  impl.RaftServerImpl (ServerState.java:<init>(105)) - afbc86cd-608c-4927-90cf-3a7f1e6aa679:group-6ADC2A3FC9F4 ConfigurationManager, init=-1: [afbc86cd-608c-4927-90cf-3a7f1e6aa679:192.168.5.132:43206], old=null, confs=<EMPTY_MAP>
2019-09-19 14:38:18,955 [pool-155-thread-1] INFO  server.RaftServerConfigKeys (ConfUtils.java:logGet(43)) - raft.server.storage.dir = [/workdir/hadoop-ozone/ozonefs/target/test-dir/MiniOzoneClusterImpl-ca0b0e9e-6896-4a7b-b208-9ea04bbb623c/datanode-2/data/ratis] (custom)
2019-09-19 14:38:18,956 [pool-155-thread-1] INFO  storage.RaftStorageDirectory (RaftStorageDirectory.java:analyzeStorage(246)) - The storage directory /workdir/hadoop-ozone/ozonefs/target/test-dir/MiniOzoneClusterImpl-ca0b0e9e-6896-4a7b-b208-9ea04bbb623c/datanode-2/data/ratis/09c68e2d-2066-4faf-8571-6adc2a3fc9f4 does not exist. Creating ...
2019-09-19 14:38:18,981 [pool-155-thread-1] INFO  storage.RaftStorageDirectory (RaftStorageDirectory.java:tryLock(328)) - Lock on /workdir/hadoop-ozone/ozonefs/target/test-dir/MiniOzoneClusterImpl-ca0b0e9e-6896-4a7b-b208-9ea04bbb623c/datanode-2/data/ratis/09c68e2d-2066-4faf-8571-6adc2a3fc9f4/in_use.lock acquired by nodename 25220@pr-hdds-1569-rzdr8-3403194166
2019-09-19 14:38:18,998 [pool-155-thread-1] INFO  storage.RaftStorage (RaftStorage.java:format(72)) - Storage directory /workdir/hadoop-ozone/ozonefs/target/test-dir/MiniOzoneClusterImpl-ca0b0e9e-6896-4a7b-b208-9ea04bbb623c/datanode-2/data/ratis/09c68e2d-2066-4faf-8571-6adc2a3fc9f4 has been successfully formatted.
2019-09-19 14:38:18,999 [pool-155-thread-1] INFO  ratis.ContainerStateMachine (ContainerStateMachine.java:loadSnapshot(226)) - group-6ADC2A3FC9F4: The snapshot info is null. Setting the last applied indexto:(t:0, i:~)
2019-09-19 14:38:18,999 [pool-155-thread-1] INFO  server.RaftServerConfigKeys (ConfUtils.java:logGet(43)) - raft.server.leader.election.timeout = 120s (custom)
2019-09-19 14:38:18,999 [pool-155-thread-1] INFO  server.RaftServerConfigKeys (ConfUtils.java:logGet(43)) - raft.server.log.use.memory = false (default)
2019-09-19 14:38:18,999 [pool-155-thread-1] INFO  server.RaftServerConfigKeys (ConfUtils.java:logGet(43)) - raft.server.log.purge.gap = 1000000 (custom)
2019-09-19 14:38:18,999 [pool-155-thread-1] INFO  server.RaftServerConfigKeys (ConfUtils.java:logGet(43)) - raft.server.log.appender.buffer.byte-limit = 33554432 (custom)
2019-09-19 14:38:18,999 [pool-155-thread-1] INFO  server.RaftServerConfigKeys (ConfUtils.java:logGet(43)) - raft.server.log.segment.size.max = 1048576 (custom)
2019-09-19 14:38:19,000 [pool-155-thread-1] INFO  server.RaftServerConfigKeys (ConfUtils.java:logGet(43)) - raft.server.log.segment.cache.num.max = 2 (custom)
2019-09-19 14:38:19,000 [pool-155-thread-1] INFO  segmented.SegmentedRaftLogWorker (SegmentedRaftLogWorker.java:<init>(172)) - new afbc86cd-608c-4927-90cf-3a7f1e6aa679-SegmentedRaftLogWorker:Storage Directory /workdir/hadoop-ozone/ozonefs/target/test-dir/MiniOzoneClusterImpl-ca0b0e9e-6896-4a7b-b208-9ea04bbb623c/datanode-2/data/ratis/09c68e2d-2066-4faf-8571-6adc2a3fc9f4 for RaftStorage:Storage Directory /workdir/hadoop-ozone/ozonefs/target/test-dir/MiniOzoneClusterImpl-ca0b0e9e-6896-4a7b-b208-9ea04bbb623c/datanode-2/data/ratis/09c68e2d-2066-4faf-8571-6adc2a3fc9f4
2019-09-19 14:38:19,000 [pool-155-thread-1] INFO  server.RaftServerConfigKeys (ConfUtils.java:logGet(43)) - raft.server.log.queue.byte-limit = 2147483647 (custom)
2019-09-19 14:38:19,000 [pool-155-thread-1] INFO  server.RaftServerConfigKeys (ConfUtils.java:logGet(43)) - raft.server.log.queue.element-limit = 1024 (custom)
2019-09-19 14:38:19,000 [pool-155-thread-1] INFO  server.RaftServerConfigKeys (ConfUtils.java:logGet(43)) - raft.server.log.segment.size.max = 1048576 (custom)
2019-09-19 14:38:19,000 [pool-155-thread-1] INFO  server.RaftServerConfigKeys (ConfUtils.java:logGet(43)) - raft.server.log.preallocated.size = 16384 (custom)
2019-09-19 14:38:19,000 [pool-155-thread-1] INFO  server.RaftServerConfigKeys (ConfUtils.java:logGet(43)) - raft.server.log.write.buffer.size = 33554432 (custom)
2019-09-19 14:38:19,001 [pool-155-thread-1] INFO  server.RaftServerConfigKeys (ConfUtils.java:logGet(43)) - raft.server.log.force.sync.num = 128 (default)
2019-09-19 14:38:19,001 [pool-155-thread-1] INFO  server.RaftServerConfigKeys (ConfUtils.java:logGet(43)) - raft.server.log.statemachine.data.sync = true (default)
2019-09-19 14:38:19,001 [pool-155-thread-1] INFO  server.RaftServerConfigKeys (ConfUtils.java:logGet(43)) - raft.server.log.statemachine.data.sync.timeout = 10s (default)
2019-09-19 14:38:19,001 [pool-155-thread-1] INFO  server.RaftServerConfigKeys (ConfUtils.java:logGet(43)) - raft.server.log.statemachine.data.sync.timeout.retry = -1 (default)
2019-09-19 14:38:19,001 [pool-155-thread-1] INFO  server.RaftServerConfigKeys (ConfUtils.java:logGet(43)) - raft.server.log.statemachine.data.caching.enabled = true (custom)
2019-09-19 14:38:19,001 [pool-155-thread-1] INFO  segmented.SegmentedRaftLogWorker (SegmentedRaftLogWorker.java:lambda$new$0(132)) - afbc86cd-608c-4927-90cf-3a7f1e6aa679-SegmentedRaftLogWorker:Storage Directory /workdir/hadoop-ozone/ozonefs/target/test-dir/MiniOzoneClusterImpl-ca0b0e9e-6896-4a7b-b208-9ea04bbb623c/datanode-2/data/ratis/09c68e2d-2066-4faf-8571-6adc2a3fc9f4: flushIndex: setUnconditionally 0 -> -1
2019-09-19 14:38:19,002 [pool-155-thread-1] INFO  server.RaftServerConfigKeys (ConfUtils.java:logGet(43)) - raft.server.snapshot.auto.trigger.enabled = true (custom)
2019-09-19 14:38:19,002 [pool-155-thread-1] INFO  server.RaftServerConfigKeys (ConfUtils.java:logGet(43)) - raft.server.snapshot.auto.trigger.threshold = 10000 (custom)
2019-09-19 14:38:19,002 [pool-155-thread-1] INFO  server.RaftServerConfigKeys (ConfUtils.java:logGet(43)) - raft.server.retrycache.expirytime = 600000ms (custom)
2019-09-19 14:38:19,002 [pool-155-thread-1] INFO  impl.RaftServerImpl (RaftServerImpl.java:start(180)) - afbc86cd-608c-4927-90cf-3a7f1e6aa679: start group-6ADC2A3FC9F4
2019-09-19 14:38:19,002 [pool-155-thread-1] INFO  impl.RaftServerImpl (RaftServerImpl.java:setRole(171)) - afbc86cd-608c-4927-90cf-3a7f1e6aa679:group-6ADC2A3FC9F4 changes role from null to FOLLOWER at term 0 for startAsFollower
2019-09-19 14:38:19,002 [pool-155-thread-1] INFO  impl.RoleInfo (RoleInfo.java:updateAndGet(143)) - afbc86cd-608c-4927-90cf-3a7f1e6aa679: start FollowerState
2019-09-19 14:38:19,003 [pool-155-thread-1] INFO  util.JmxRegister (JmxRegister.java:tryRegister(44)) - Successfully registered JMX Bean with object name Ratis:service=RaftServer,group=group-6ADC2A3FC9F4,id=afbc86cd-608c-4927-90cf-3a7f1e6aa679
2019-09-19 14:38:19,007 [RatisPipelineUtilsThread] INFO  pipeline.PipelineStateManager (PipelineStateManager.java:addPipeline(56)) - Created pipeline Pipeline[ Id: 09c68e2d-2066-4faf-8571-6adc2a3fc9f4, Nodes: afbc86cd-608c-4927-90cf-3a7f1e6aa679{ip: 192.168.5.132, host: pr-hdds-1569-rzdr8-3403194166, networkLocation: /default-rack, certSerialId: null}, Type:RATIS, Factor:ONE, State:OPEN]
2019-09-19 14:38:19,007 [RatisPipelineUtilsThread] ERROR pipeline.PipelinePlacementPolicy (PipelinePlacementPolicy.java:meetCriteria(91)) - Pipeline Placement: Doesn't meet the criteria to be viable node. Heaviness: 6
2019-09-19 14:38:19,008 [RatisPipelineUtilsThread] ERROR pipeline.PipelinePlacementPolicy (PipelinePlacementPolicy.java:meetCriteria(91)) - Pipeline Placement: Doesn't meet the criteria to be viable node. Heaviness: 6
2019-09-19 14:38:19,014 [grpc-default-executor-0] INFO  impl.RaftServerProxy (RaftServerProxy.java:addNew(89)) - afbc86cd-608c-4927-90cf-3a7f1e6aa679: addNew group-BEE9F1DD5673:[afbc86cd-608c-4927-90cf-3a7f1e6aa679:192.168.5.132:43206] returns group-BEE9F1DD5673:java.util.concurrent.CompletableFuture@2eb892c1[Not completed]
2019-09-19 14:38:19,015 [pool-155-thread-1] INFO  impl.RaftServerImpl (RaftServerImpl.java:<init>(93)) - afbc86cd-608c-4927-90cf-3a7f1e6aa679: new RaftServerImpl for group-BEE9F1DD5673:[afbc86cd-608c-4927-90cf-3a7f1e6aa679:192.168.5.132:43206] with ContainerStateMachine:uninitialized
2019-09-19 14:38:19,016 [pool-155-thread-1] INFO  server.RaftServerConfigKeys (ConfUtils.java:logGet(43)) - raft.server.rpc.timeout.min = 5s (custom)
2019-09-19 14:38:19,016 [pool-155-thread-1] INFO  server.RaftServerConfigKeys (ConfUtils.java:logGet(43)) - raft.server.rpc.timeout.max = 5200ms (custom)
2019-09-19 14:38:19,016 [pool-155-thread-1] INFO  server.RaftServerConfigKeys (ConfUtils.java:logGet(43)) - raft.server.rpcslowness.timeout = 120s (custom)
2019-09-19 14:38:19,016 [pool-155-thread-1] INFO  server.RaftServerConfigKeys (ConfUtils.java:logGet(43)) - raft.server.sleep.deviation.threshold = 300 (default)
2019-09-19 14:38:19,016 [pool-155-thread-1] INFO  server.RaftServerConfigKeys (ConfUtils.java:logGet(43)) - raft.server.log.appender.install.snapshot.enabled = false (custom)
2019-09-19 14:38:19,016 [pool-155-thread-1] INFO  impl.RaftServerImpl (ServerState.java:<init>(105)) - afbc86cd-608c-4927-90cf-3a7f1e6aa679:group-BEE9F1DD5673 ConfigurationManager, init=-1: [afbc86cd-608c-4927-90cf-3a7f1e6aa679:192.168.5.132:43206], old=null, confs=<EMPTY_MAP>
2019-09-19 14:38:19,017 [pool-155-thread-1] INFO  server.RaftServerConfigKeys (ConfUtils.java:logGet(43)) - raft.server.storage.dir = [/workdir/hadoop-ozone/ozonefs/target/test-dir/MiniOzoneClusterImpl-ca0b0e9e-6896-4a7b-b208-9ea04bbb623c/datanode-2/data/ratis] (custom)
2019-09-19 14:38:19,017 [pool-155-thread-1] INFO  storage.RaftStorageDirectory (RaftStorageDirectory.java:analyzeStorage(246)) - The storage directory /workdir/hadoop-ozone/ozonefs/target/test-dir/MiniOzoneClusterImpl-ca0b0e9e-6896-4a7b-b208-9ea04bbb623c/datanode-2/data/ratis/9108f194-acdb-4974-bd65-bee9f1dd5673 does not exist. Creating ...
2019-09-19 14:38:19,040 [pool-155-thread-1] INFO  storage.RaftStorageDirectory (RaftStorageDirectory.java:tryLock(328)) - Lock on /workdir/hadoop-ozone/ozonefs/target/test-dir/MiniOzoneClusterImpl-ca0b0e9e-6896-4a7b-b208-9ea04bbb623c/datanode-2/data/ratis/9108f194-acdb-4974-bd65-bee9f1dd5673/in_use.lock acquired by nodename 25220@pr-hdds-1569-rzdr8-3403194166
2019-09-19 14:38:19,066 [pool-155-thread-1] INFO  storage.RaftStorage (RaftStorage.java:format(72)) - Storage directory /workdir/hadoop-ozone/ozonefs/target/test-dir/MiniOzoneClusterImpl-ca0b0e9e-6896-4a7b-b208-9ea04bbb623c/datanode-2/data/ratis/9108f194-acdb-4974-bd65-bee9f1dd5673 has been successfully formatted.
2019-09-19 14:38:19,067 [pool-155-thread-1] INFO  ratis.ContainerStateMachine (ContainerStateMachine.java:loadSnapshot(226)) - group-BEE9F1DD5673: The snapshot info is null. Setting the last applied indexto:(t:0, i:~)
2019-09-19 14:38:19,067 [pool-155-thread-1] INFO  server.RaftServerConfigKeys (ConfUtils.java:logGet(43)) - raft.server.leader.election.timeout = 120s (custom)
2019-09-19 14:38:19,067 [pool-155-thread-1] INFO  server.RaftServerConfigKeys (ConfUtils.java:logGet(43)) - raft.server.log.use.memory = false (default)
2019-09-19 14:38:19,067 [pool-155-thread-1] INFO  server.RaftServerConfigKeys (ConfUtils.java:logGet(43)) - raft.server.log.purge.gap = 1000000 (custom)
2019-09-19 14:38:19,068 [pool-155-thread-1] INFO  server.RaftServerConfigKeys (ConfUtils.java:logGet(43)) - raft.server.log.appender.buffer.byte-limit = 33554432 (custom)
2019-09-19 14:38:19,068 [pool-155-thread-1] INFO  server.RaftServerConfigKeys (ConfUtils.java:logGet(43)) - raft.server.log.segment.size.max = 1048576 (custom)
2019-09-19 14:38:19,068 [pool-155-thread-1] INFO  server.RaftServerConfigKeys (ConfUtils.java:logGet(43)) - raft.server.log.segment.cache.num.max = 2 (custom)
2019-09-19 14:38:19,068 [pool-155-thread-1] INFO  segmented.SegmentedRaftLogWorker (SegmentedRaftLogWorker.java:<init>(172)) - new afbc86cd-608c-4927-90cf-3a7f1e6aa679-SegmentedRaftLogWorker:Storage Directory /workdir/hadoop-ozone/ozonefs/target/test-dir/MiniOzoneClusterImpl-ca0b0e9e-6896-4a7b-b208-9ea04bbb623c/datanode-2/data/ratis/9108f194-acdb-4974-bd65-bee9f1dd5673 for RaftStorage:Storage Directory /workdir/hadoop-ozone/ozonefs/target/test-dir/MiniOzoneClusterImpl-ca0b0e9e-6896-4a7b-b208-9ea04bbb623c/datanode-2/data/ratis/9108f194-acdb-4974-bd65-bee9f1dd5673
2019-09-19 14:38:19,069 [pool-155-thread-1] INFO  server.RaftServerConfigKeys (ConfUtils.java:logGet(43)) - raft.server.log.queue.byte-limit = 2147483647 (custom)
2019-09-19 14:38:19,069 [pool-155-thread-1] INFO  server.RaftServerConfigKeys (ConfUtils.java:logGet(43)) - raft.server.log.queue.element-limit = 1024 (custom)
2019-09-19 14:38:19,069 [pool-155-thread-1] INFO  server.RaftServerConfigKeys (ConfUtils.java:logGet(43)) - raft.server.log.segment.size.max = 1048576 (custom)
2019-09-19 14:38:19,069 [pool-155-thread-1] INFO  server.RaftServerConfigKeys (ConfUtils.java:logGet(43)) - raft.server.log.preallocated.size = 16384 (custom)
2019-09-19 14:38:19,069 [pool-155-thread-1] INFO  server.RaftServerConfigKeys (ConfUtils.java:logGet(43)) - raft.server.log.write.buffer.size = 33554432 (custom)
2019-09-19 14:38:19,070 [pool-155-thread-1] INFO  server.RaftServerConfigKeys (ConfUtils.java:logGet(43)) - raft.server.log.force.sync.num = 128 (default)
2019-09-19 14:38:19,070 [pool-155-thread-1] INFO  server.RaftServerConfigKeys (ConfUtils.java:logGet(43)) - raft.server.log.statemachine.data.sync = true (default)
2019-09-19 14:38:19,070 [pool-155-thread-1] INFO  server.RaftServerConfigKeys (ConfUtils.java:logGet(43)) - raft.server.log.statemachine.data.sync.timeout = 10s (default)
2019-09-19 14:38:19,070 [pool-155-thread-1] INFO  server.RaftServerConfigKeys (ConfUtils.java:logGet(43)) - raft.server.log.statemachine.data.sync.timeout.retry = -1 (default)
2019-09-19 14:38:19,071 [pool-155-thread-1] INFO  server.RaftServerConfigKeys (ConfUtils.java:logGet(43)) - raft.server.log.statemachine.data.caching.enabled = true (custom)
2019-09-19 14:38:19,071 [pool-155-thread-1] INFO  segmented.SegmentedRaftLogWorker (SegmentedRaftLogWorker.java:lambda$new$0(132)) - afbc86cd-608c-4927-90cf-3a7f1e6aa679-SegmentedRaftLogWorker:Storage Directory /workdir/hadoop-ozone/ozonefs/target/test-dir/MiniOzoneClusterImpl-ca0b0e9e-6896-4a7b-b208-9ea04bbb623c/datanode-2/data/ratis/9108f194-acdb-4974-bd65-bee9f1dd5673: flushIndex: setUnconditionally 0 -> -1
2019-09-19 14:38:19,072 [pool-155-thread-1] INFO  server.RaftServerConfigKeys (ConfUtils.java:logGet(43)) - raft.server.snapshot.auto.trigger.enabled = true (custom)
2019-09-19 14:38:19,072 [pool-155-thread-1] INFO  server.RaftServerConfigKeys (ConfUtils.java:logGet(43)) - raft.server.snapshot.auto.trigger.threshold = 10000 (custom)
2019-09-19 14:38:19,072 [pool-155-thread-1] INFO  server.RaftServerConfigKeys (ConfUtils.java:logGet(43)) - raft.server.retrycache.expirytime = 600000ms (custom)
2019-09-19 14:38:19,073 [pool-155-thread-1] INFO  impl.RaftServerImpl (RaftServerImpl.java:start(180)) - afbc86cd-608c-4927-90cf-3a7f1e6aa679: start group-BEE9F1DD5673
2019-09-19 14:38:19,073 [pool-155-thread-1] INFO  impl.RaftServerImpl (RaftServerImpl.java:setRole(171)) - afbc86cd-608c-4927-90cf-3a7f1e6aa679:group-BEE9F1DD5673 changes role from null to FOLLOWER at term 0 for startAsFollower
2019-09-19 14:38:19,073 [pool-155-thread-1] INFO  impl.RoleInfo (RoleInfo.java:updateAndGet(143)) - afbc86cd-608c-4927-90cf-3a7f1e6aa679: start FollowerState
2019-09-19 14:38:19,074 [pool-155-thread-1] INFO  util.JmxRegister (JmxRegister.java:tryRegister(44)) - Successfully registered JMX Bean with object name Ratis:service=RaftServer,group=group-BEE9F1DD5673,id=afbc86cd-608c-4927-90cf-3a7f1e6aa679
2019-09-19 14:38:19,078 [RatisPipelineUtilsThread] INFO  pipeline.PipelineStateManager (PipelineStateManager.java:addPipeline(56)) - Created pipeline Pipeline[ Id: 9108f194-acdb-4974-bd65-bee9f1dd5673, Nodes: afbc86cd-608c-4927-90cf-3a7f1e6aa679{ip: 192.168.5.132, host: pr-hdds-1569-rzdr8-3403194166, networkLocation: /default-rack, certSerialId: null}, Type:RATIS, Factor:ONE, State:OPEN]
2019-09-19 14:38:19,079 [RatisPipelineUtilsThread] ERROR pipeline.PipelinePlacementPolicy (PipelinePlacementPolicy.java:meetCriteria(91)) - Pipeline Placement: Doesn't meet the criteria to be viable node. Heaviness: 6
2019-09-19 14:38:19,079 [RatisPipelineUtilsThread] ERROR pipeline.PipelinePlacementPolicy (PipelinePlacementPolicy.java:meetCriteria(91)) - Pipeline Placement: Doesn't meet the criteria to be viable node. Heaviness: 6
2019-09-19 14:38:19,084 [grpc-default-executor-0] INFO  impl.RaftServerProxy (RaftServerProxy.java:addNew(89)) - afbc86cd-608c-4927-90cf-3a7f1e6aa679: addNew group-3CEFF134FFB8:[afbc86cd-608c-4927-90cf-3a7f1e6aa679:192.168.5.132:43206] returns group-3CEFF134FFB8:java.util.concurrent.CompletableFuture@7f22aa37[Not completed]
2019-09-19 14:38:19,086 [pool-155-thread-1] INFO  impl.RaftServerImpl (RaftServerImpl.java:<init>(93)) - afbc86cd-608c-4927-90cf-3a7f1e6aa679: new RaftServerImpl for group-3CEFF134FFB8:[afbc86cd-608c-4927-90cf-3a7f1e6aa679:192.168.5.132:43206] with ContainerStateMachine:uninitialized
2019-09-19 14:38:19,086 [pool-155-thread-1] INFO  server.RaftServerConfigKeys (ConfUtils.java:logGet(43)) - raft.server.rpc.timeout.min = 5s (custom)
2019-09-19 14:38:19,086 [pool-155-thread-1] INFO  server.RaftServerConfigKeys (ConfUtils.java:logGet(43)) - raft.server.rpc.timeout.max = 5200ms (custom)
2019-09-19 14:38:19,086 [pool-155-thread-1] INFO  server.RaftServerConfigKeys (ConfUtils.java:logGet(43)) - raft.server.rpcslowness.timeout = 120s (custom)
2019-09-19 14:38:19,086 [pool-155-thread-1] INFO  server.RaftServerConfigKeys (ConfUtils.java:logGet(43)) - raft.server.sleep.deviation.threshold = 300 (default)
2019-09-19 14:38:19,086 [pool-155-thread-1] INFO  server.RaftServerConfigKeys (ConfUtils.java:logGet(43)) - raft.server.log.appender.install.snapshot.enabled = false (custom)
2019-09-19 14:38:19,087 [pool-155-thread-1] INFO  impl.RaftServerImpl (ServerState.java:<init>(105)) - afbc86cd-608c-4927-90cf-3a7f1e6aa679:group-3CEFF134FFB8 ConfigurationManager, init=-1: [afbc86cd-608c-4927-90cf-3a7f1e6aa679:192.168.5.132:43206], old=null, confs=<EMPTY_MAP>
2019-09-19 14:38:19,087 [pool-155-thread-1] INFO  server.RaftServerConfigKeys (ConfUtils.java:logGet(43)) - raft.server.storage.dir = [/workdir/hadoop-ozone/ozonefs/target/test-dir/MiniOzoneClusterImpl-ca0b0e9e-6896-4a7b-b208-9ea04bbb623c/datanode-2/data/ratis] (custom)
2019-09-19 14:38:19,087 [pool-155-thread-1] INFO  storage.RaftStorageDirectory (RaftStorageDirectory.java:analyzeStorage(246)) - The storage directory /workdir/hadoop-ozone/ozonefs/target/test-dir/MiniOzoneClusterImpl-ca0b0e9e-6896-4a7b-b208-9ea04bbb623c/datanode-2/data/ratis/9db37d3c-17e6-4c49-858c-3ceff134ffb8 does not exist. Creating ...
2019-09-19 14:38:19,116 [pool-155-thread-1] INFO  storage.RaftStorageDirectory (RaftStorageDirectory.java:tryLock(328)) - Lock on /workdir/hadoop-ozone/ozonefs/target/test-dir/MiniOzoneClusterImpl-ca0b0e9e-6896-4a7b-b208-9ea04bbb623c/datanode-2/data/ratis/9db37d3c-17e6-4c49-858c-3ceff134ffb8/in_use.lock acquired by nodename 25220@pr-hdds-1569-rzdr8-3403194166
2019-09-19 14:38:19,142 [pool-155-thread-1] INFO  storage.RaftStorage (RaftStorage.java:format(72)) - Storage directory /workdir/hadoop-ozone/ozonefs/target/test-dir/MiniOzoneClusterImpl-ca0b0e9e-6896-4a7b-b208-9ea04bbb623c/datanode-2/data/ratis/9db37d3c-17e6-4c49-858c-3ceff134ffb8 has been successfully formatted.
2019-09-19 14:38:19,142 [pool-155-thread-1] INFO  ratis.ContainerStateMachine (ContainerStateMachine.java:loadSnapshot(226)) - group-3CEFF134FFB8: The snapshot info is null. Setting the last applied indexto:(t:0, i:~)
2019-09-19 14:38:19,142 [pool-155-thread-1] INFO  server.RaftServerConfigKeys (ConfUtils.java:logGet(43)) - raft.server.leader.election.timeout = 120s (custom)
2019-09-19 14:38:19,142 [pool-155-thread-1] INFO  server.RaftServerConfigKeys (ConfUtils.java:logGet(43)) - raft.server.log.use.memory = false (default)
2019-09-19 14:38:19,142 [pool-155-thread-1] INFO  server.RaftServerConfigKeys (ConfUtils.java:logGet(43)) - raft.server.log.purge.gap = 1000000 (custom)
2019-09-19 14:38:19,143 [pool-155-thread-1] INFO  server.RaftServerConfigKeys (ConfUtils.java:logGet(43)) - raft.server.log.appender.buffer.byte-limit = 33554432 (custom)
2019-09-19 14:38:19,143 [pool-155-thread-1] INFO  server.RaftServerConfigKeys (ConfUtils.java:logGet(43)) - raft.server.log.segment.size.max = 1048576 (custom)
2019-09-19 14:38:19,143 [pool-155-thread-1] INFO  server.RaftServerConfigKeys (ConfUtils.java:logGet(43)) - raft.server.log.segment.cache.num.max = 2 (custom)
2019-09-19 14:38:19,143 [pool-155-thread-1] INFO  segmented.SegmentedRaftLogWorker (SegmentedRaftLogWorker.java:<init>(172)) - new afbc86cd-608c-4927-90cf-3a7f1e6aa679-SegmentedRaftLogWorker:Storage Directory /workdir/hadoop-ozone/ozonefs/target/test-dir/MiniOzoneClusterImpl-ca0b0e9e-6896-4a7b-b208-9ea04bbb623c/datanode-2/data/ratis/9db37d3c-17e6-4c49-858c-3ceff134ffb8 for RaftStorage:Storage Directory /workdir/hadoop-ozone/ozonefs/target/test-dir/MiniOzoneClusterImpl-ca0b0e9e-6896-4a7b-b208-9ea04bbb623c/datanode-2/data/ratis/9db37d3c-17e6-4c49-858c-3ceff134ffb8
2019-09-19 14:38:19,143 [pool-155-thread-1] INFO  server.RaftServerConfigKeys (ConfUtils.java:logGet(43)) - raft.server.log.queue.byte-limit = 2147483647 (custom)
2019-09-19 14:38:19,143 [pool-155-thread-1] INFO  server.RaftServerConfigKeys (ConfUtils.java:logGet(43)) - raft.server.log.queue.element-limit = 1024 (custom)
2019-09-19 14:38:19,144 [pool-155-thread-1] INFO  server.RaftServerConfigKeys (ConfUtils.java:logGet(43)) - raft.server.log.segment.size.max = 1048576 (custom)
2019-09-19 14:38:19,144 [pool-155-thread-1] INFO  server.RaftServerConfigKeys (ConfUtils.java:logGet(43)) - raft.server.log.preallocated.size = 16384 (custom)
2019-09-19 14:38:19,144 [pool-155-thread-1] INFO  server.RaftServerConfigKeys (ConfUtils.java:logGet(43)) - raft.server.log.write.buffer.size = 33554432 (custom)
2019-09-19 14:38:19,144 [pool-155-thread-1] INFO  server.RaftServerConfigKeys (ConfUtils.java:logGet(43)) - raft.server.log.force.sync.num = 128 (default)
2019-09-19 14:38:19,144 [pool-155-thread-1] INFO  server.RaftServerConfigKeys (ConfUtils.java:logGet(43)) - raft.server.log.statemachine.data.sync = true (default)
2019-09-19 14:38:19,144 [pool-155-thread-1] INFO  server.RaftServerConfigKeys (ConfUtils.java:logGet(43)) - raft.server.log.statemachine.data.sync.timeout = 10s (default)
2019-09-19 14:38:19,144 [pool-155-thread-1] INFO  server.RaftServerConfigKeys (ConfUtils.java:logGet(43)) - raft.server.log.statemachine.data.sync.timeout.retry = -1 (default)
2019-09-19 14:38:19,145 [pool-155-thread-1] INFO  server.RaftServerConfigKeys (ConfUtils.java:logGet(43)) - raft.server.log.statemachine.data.caching.enabled = true (custom)
2019-09-19 14:38:19,145 [pool-155-thread-1] INFO  segmented.SegmentedRaftLogWorker (SegmentedRaftLogWorker.java:lambda$new$0(132)) - afbc86cd-608c-4927-90cf-3a7f1e6aa679-SegmentedRaftLogWorker:Storage Directory /workdir/hadoop-ozone/ozonefs/target/test-dir/MiniOzoneClusterImpl-ca0b0e9e-6896-4a7b-b208-9ea04bbb623c/datanode-2/data/ratis/9db37d3c-17e6-4c49-858c-3ceff134ffb8: flushIndex: setUnconditionally 0 -> -1
2019-09-19 14:38:19,145 [pool-155-thread-1] INFO  server.RaftServerConfigKeys (ConfUtils.java:logGet(43)) - raft.server.snapshot.auto.trigger.enabled = true (custom)
2019-09-19 14:38:19,146 [pool-155-thread-1] INFO  server.RaftServerConfigKeys (ConfUtils.java:logGet(43)) - raft.server.snapshot.auto.trigger.threshold = 10000 (custom)
2019-09-19 14:38:19,146 [pool-155-thread-1] INFO  server.RaftServerConfigKeys (ConfUtils.java:logGet(43)) - raft.server.retrycache.expirytime = 600000ms (custom)
2019-09-19 14:38:19,146 [pool-155-thread-1] INFO  impl.RaftServerImpl (RaftServerImpl.java:start(180)) - afbc86cd-608c-4927-90cf-3a7f1e6aa679: start group-3CEFF134FFB8
2019-09-19 14:38:19,146 [pool-155-thread-1] INFO  impl.RaftServerImpl (RaftServerImpl.java:setRole(171)) - afbc86cd-608c-4927-90cf-3a7f1e6aa679:group-3CEFF134FFB8 changes role from null to FOLLOWER at term 0 for startAsFollower
2019-09-19 14:38:19,146 [pool-155-thread-1] INFO  impl.RoleInfo (RoleInfo.java:updateAndGet(143)) - afbc86cd-608c-4927-90cf-3a7f1e6aa679: start FollowerState
2019-09-19 14:38:19,147 [pool-155-thread-1] INFO  util.JmxRegister (JmxRegister.java:tryRegister(44)) - Successfully registered JMX Bean with object name Ratis:service=RaftServer,group=group-3CEFF134FFB8,id=afbc86cd-608c-4927-90cf-3a7f1e6aa679
2019-09-19 14:38:19,150 [RatisPipelineUtilsThread] INFO  pipeline.PipelineStateManager (PipelineStateManager.java:addPipeline(56)) - Created pipeline Pipeline[ Id: 9db37d3c-17e6-4c49-858c-3ceff134ffb8, Nodes: afbc86cd-608c-4927-90cf-3a7f1e6aa679{ip: 192.168.5.132, host: pr-hdds-1569-rzdr8-3403194166, networkLocation: /default-rack, certSerialId: null}, Type:RATIS, Factor:ONE, State:OPEN]
2019-09-19 14:38:19,150 [RatisPipelineUtilsThread] ERROR pipeline.PipelinePlacementPolicy (PipelinePlacementPolicy.java:meetCriteria(91)) - Pipeline Placement: Doesn't meet the criteria to be viable node. Heaviness: 6
2019-09-19 14:38:19,151 [RatisPipelineUtilsThread] ERROR pipeline.PipelinePlacementPolicy (PipelinePlacementPolicy.java:meetCriteria(91)) - Pipeline Placement: Doesn't meet the criteria to be viable node. Heaviness: 6
2019-09-19 14:38:19,151 [RatisPipelineUtilsThread] ERROR pipeline.PipelinePlacementPolicy (PipelinePlacementPolicy.java:meetCriteria(91)) - Pipeline Placement: Doesn't meet the criteria to be viable node. Heaviness: 6
2019-09-19 14:38:19,151 [RatisPipelineUtilsThread] ERROR pipeline.PipelinePlacementPolicy (PipelinePlacementPolicy.java:filterViableNodes(146)) - Unable to find enough nodes that meet the criteria that cannot engage in more than 5 pipelines. Nodes required: 1 Found: 0, healthy nodes count inNodeManager: 3.
2019-09-19 14:38:19,151 [RatisPipelineUtilsThread] ERROR pipeline.SCMPipelineManager (SCMPipelineManager.java:createPipeline(161)) - Pipeline creation failed due to exception: Unable to find enough nodes that meet the criteria that cannot engage in more than 5 pipelines. Nodes required: 1 Found: 0, healthy nodes count inNodeManager: 3.
2019-09-19 14:38:19,151 [RatisPipelineUtilsThread] ERROR pipeline.PipelinePlacementPolicy (PipelinePlacementPolicy.java:meetCriteria(91)) - Pipeline Placement: Doesn't meet the criteria to be viable node. Heaviness: 6
2019-09-19 14:38:19,151 [RatisPipelineUtilsThread] ERROR pipeline.PipelinePlacementPolicy (PipelinePlacementPolicy.java:meetCriteria(91)) - Pipeline Placement: Doesn't meet the criteria to be viable node. Heaviness: 6
2019-09-19 14:38:19,152 [RatisPipelineUtilsThread] ERROR pipeline.PipelinePlacementPolicy (PipelinePlacementPolicy.java:meetCriteria(91)) - Pipeline Placement: Doesn't meet the criteria to be viable node. Heaviness: 6
2019-09-19 14:38:19,152 [RatisPipelineUtilsThread] ERROR pipeline.PipelinePlacementPolicy (PipelinePlacementPolicy.java:filterViableNodes(146)) - Unable to find enough nodes that meet the criteria that cannot engage in more than 5 pipelines. Nodes required: 3 Found: 0, healthy nodes count inNodeManager: 3.
2019-09-19 14:38:19,152 [RatisPipelineUtilsThread] ERROR pipeline.SCMPipelineManager (SCMPipelineManager.java:createPipeline(161)) - Pipeline creation failed due to exception: Unable to find enough nodes that meet the criteria that cannot engage in more than 5 pipelines. Nodes required: 3 Found: 0, healthy nodes count inNodeManager: 3.
2019-09-19 14:38:19,152 [RatisPipelineUtilsThread] ERROR pipeline.PipelinePlacementPolicy (PipelinePlacementPolicy.java:meetCriteria(91)) - Pipeline Placement: Doesn't meet the criteria to be viable node. Heaviness: 6
2019-09-19 14:38:19,152 [RatisPipelineUtilsThread] ERROR pipeline.PipelinePlacementPolicy (PipelinePlacementPolicy.java:meetCriteria(91)) - Pipeline Placement: Doesn't meet the criteria to be viable node. Heaviness: 6
2019-09-19 14:38:19,153 [RatisPipelineUtilsThread] ERROR pipeline.PipelinePlacementPolicy (PipelinePlacementPolicy.java:meetCriteria(91)) - Pipeline Placement: Doesn't meet the criteria to be viable node. Heaviness: 6
2019-09-19 14:38:19,153 [RatisPipelineUtilsThread] ERROR pipeline.PipelinePlacementPolicy (PipelinePlacementPolicy.java:filterViableNodes(146)) - Unable to find enough nodes that meet the criteria that cannot engage in more than 5 pipelines. Nodes required: 1 Found: 0, healthy nodes count inNodeManager: 3.
2019-09-19 14:38:19,153 [RatisPipelineUtilsThread] ERROR pipeline.SCMPipelineManager (SCMPipelineManager.java:createPipeline(161)) - Pipeline creation failed due to exception: Unable to find enough nodes that meet the criteria that cannot engage in more than 5 pipelines. Nodes required: 1 Found: 0, healthy nodes count inNodeManager: 3.
2019-09-19 14:38:19,153 [RatisPipelineUtilsThread] ERROR pipeline.PipelinePlacementPolicy (PipelinePlacementPolicy.java:meetCriteria(91)) - Pipeline Placement: Doesn't meet the criteria to be viable node. Heaviness: 6
2019-09-19 14:38:19,153 [RatisPipelineUtilsThread] ERROR pipeline.PipelinePlacementPolicy (PipelinePlacementPolicy.java:meetCriteria(91)) - Pipeline Placement: Doesn't meet the criteria to be viable node. Heaviness: 6
2019-09-19 14:38:19,154 [RatisPipelineUtilsThread] ERROR pipeline.PipelinePlacementPolicy (PipelinePlacementPolicy.java:meetCriteria(91)) - Pipeline Placement: Doesn't meet the criteria to be viable node. Heaviness: 6
2019-09-19 14:38:19,154 [RatisPipelineUtilsThread] ERROR pipeline.PipelinePlacementPolicy (PipelinePlacementPolicy.java:filterViableNodes(146)) - Unable to find enough nodes that meet the criteria that cannot engage in more than 5 pipelines. Nodes required: 3 Found: 0, healthy nodes count inNodeManager: 3.
2019-09-19 14:38:19,154 [RatisPipelineUtilsThread] ERROR pipeline.SCMPipelineManager (SCMPipelineManager.java:createPipeline(161)) - Pipeline creation failed due to exception: Unable to find enough nodes that meet the criteria that cannot engage in more than 5 pipelines. Nodes required: 3 Found: 0, healthy nodes count inNodeManager: 3.
2019-09-19 14:38:19,240 [Thread-530] INFO  ozone.MiniOzoneClusterImpl (MiniOzoneClusterImpl.java:lambda$waitForClusterToBeReady$0(142)) - Cluster is ready. Got 3 of 3 DN Heartbeats.
2019-09-19 14:38:19,388 | INFO  | OMAudit | user=jenkins1000 | ip=127.0.0.1 | op=CREATE_VOLUME {admin=admin33034, owner=user40899, volume=volume98460, creationTime=1568903899388, quotaInBytes=1152921504606846976} | ret=SUCCESS |  
2019-09-19 14:38:19,396 | INFO  | OMAudit | user=jenkins1000 | ip=127.0.0.1 | op=CREATE_BUCKET {volume=volume98460, bucket=bucket43819, acls=[], isVersionEnabled=false, storageType=DISK, creationTime=0} | ret=SUCCESS |  
2019-09-19 14:38:19,414 | INFO  | OMAudit | user=jenkins1000 | ip=127.0.0.1 | op=READ_VOLUME {volume=volume98460} | ret=SUCCESS |  
2019-09-19 14:38:19,415 | INFO  | OMAudit | user=jenkins1000 | ip=127.0.0.1 | op=READ_BUCKET {volume=volume98460, bucket=bucket43819} | ret=SUCCESS |  
2019-09-19 14:38:19,445 | INFO  | OMAudit | user=jenkins1000 | ip=127.0.0.1 | op=CREATE_DIRECTORY {volume=volume98460, bucket=bucket43819, key=dir1/dir11/dir111, dataSize=0, replicationType=null, replicationFactor=null, keyLocationInfo=null} | ret=SUCCESS |  
2019-09-19 14:38:19,449 | INFO  | OMAudit | user=jenkins1000 | ip=127.0.0.1 | op=CREATE_DIRECTORY {volume=volume98460, bucket=bucket43819, key=dir1/dir12, dataSize=0, replicationType=null, replicationFactor=null, keyLocationInfo=null} | ret=SUCCESS |  
2019-09-19 14:38:19,482 [IPC Server handler 1 on 40892] ERROR pipeline.PipelinePlacementPolicy (PipelinePlacementPolicy.java:meetCriteria(91)) - Pipeline Placement: Doesn't meet the criteria to be viable node. Heaviness: 6
2019-09-19 14:38:19,483 [IPC Server handler 1 on 40892] ERROR pipeline.PipelinePlacementPolicy (PipelinePlacementPolicy.java:meetCriteria(91)) - Pipeline Placement: Doesn't meet the criteria to be viable node. Heaviness: 6
2019-09-19 14:38:19,483 [IPC Server handler 1 on 40892] ERROR pipeline.PipelinePlacementPolicy (PipelinePlacementPolicy.java:meetCriteria(91)) - Pipeline Placement: Doesn't meet the criteria to be viable node. Heaviness: 6
2019-09-19 14:38:19,483 [IPC Server handler 1 on 40892] ERROR pipeline.PipelinePlacementPolicy (PipelinePlacementPolicy.java:filterViableNodes(146)) - Unable to find enough nodes that meet the criteria that cannot engage in more than 5 pipelines. Nodes required: 3 Found: 0, healthy nodes count inNodeManager: 3.
2019-09-19 14:38:19,483 [IPC Server handler 1 on 40892] ERROR pipeline.SCMPipelineManager (SCMPipelineManager.java:createPipeline(161)) - Pipeline creation failed due to exception: Unable to find enough nodes that meet the criteria that cannot engage in more than 5 pipelines. Nodes required: 3 Found: 0, healthy nodes count inNodeManager: 3.
2019-09-19 14:38:19,484 [IPC Server handler 1 on 40892] WARN  block.BlockManagerImpl (BlockManagerImpl.java:allocateBlock(192)) - Pipeline creation failed for type:RATIS factor:THREE. Retrying get pipelines call once.
org.apache.hadoop.hdds.scm.exceptions.SCMException: Unable to find enough nodes that meet the criteria that cannot engage in more than 5 pipelines. Nodes required: 3 Found: 0, healthy nodes count inNodeManager: 3.
	at org.apache.hadoop.hdds.scm.pipeline.PipelinePlacementPolicy.filterViableNodes(PipelinePlacementPolicy.java:147)
	at org.apache.hadoop.hdds.scm.pipeline.PipelinePlacementPolicy.chooseDatanodes(PipelinePlacementPolicy.java:170)
	at org.apache.hadoop.hdds.scm.pipeline.RatisPipelineProvider.create(RatisPipelineProvider.java:92)
	at org.apache.hadoop.hdds.scm.pipeline.PipelineFactory.create(PipelineFactory.java:57)
	at org.apache.hadoop.hdds.scm.pipeline.SCMPipelineManager.createPipeline(SCMPipelineManager.java:149)
	at org.apache.hadoop.hdds.scm.block.BlockManagerImpl.allocateBlock(BlockManagerImpl.java:190)
	at org.apache.hadoop.hdds.scm.server.SCMBlockProtocolServer.allocateBlock(SCMBlockProtocolServer.java:175)
	at org.apache.hadoop.ozone.protocolPB.ScmBlockLocationProtocolServerSideTranslatorPB.allocateScmBlock(ScmBlockLocationProtocolServerSideTranslatorPB.java:153)
	at org.apache.hadoop.ozone.protocolPB.ScmBlockLocationProtocolServerSideTranslatorPB.send(ScmBlockLocationProtocolServerSideTranslatorPB.java:112)
	at org.apache.hadoop.hdds.protocol.proto.ScmBlockLocationProtocolProtos$ScmBlockLocationProtocolService$2.callBlockingMethod(ScmBlockLocationProtocolProtos.java:13157)
	at org.apache.hadoop.ipc.ProtobufRpcEngine$Server$ProtoBufRpcInvoker.call(ProtobufRpcEngine.java:524)
	at org.apache.hadoop.ipc.RPC$Server.call(RPC.java:1025)
	at org.apache.hadoop.ipc.Server$RpcCall.run(Server.java:876)
	at org.apache.hadoop.ipc.Server$RpcCall.run(Server.java:822)
	at java.security.AccessController.doPrivileged(Native Method)
	at javax.security.auth.Subject.doAs(Subject.java:422)
	at org.apache.hadoop.security.UserGroupInformation.doAs(UserGroupInformation.java:1730)
	at org.apache.hadoop.ipc.Server$Handler.run(Server.java:2682)
2019-09-19 14:38:19,487 [IPC Server handler 1 on 40892] INFO  block.BlockManagerImpl (BlockManagerImpl.java:allocateBlock(198)) - Could not find available pipeline of type:RATIS and factor:THREE even after retrying
2019-09-19 14:38:19,487 [IPC Server handler 1 on 40892] ERROR block.BlockManagerImpl (BlockManagerImpl.java:allocateBlock(222)) - Unable to allocate a block for the size: 4194304, type: RATIS, factor: THREE
2019-09-19 14:38:19,487 | INFO  | SCMAudit | user=jenkins1000 | ip=192.168.5.132 | op=ALLOCATE_BLOCK {owner=52862181-d36d-405c-b063-1013a6ca2b75, size=4194304, type=RATIS, factor=THREE} | ret=SUCCESS |  
2019-09-19 14:38:19,495 | ERROR | OMAudit | user=jenkins1000 | ip=127.0.0.1 | op=CREATE_FILE {volume=volume98460, bucket=bucket43819, key=dir1/dir12/file121, dataSize=0, replicationType=RATIS, replicationFactor=THREE, keyLocationInfo=null} | ret=FAILURE | org.apache.hadoop.hdds.scm.exceptions.SCMException: Allocated 0 blocks. Requested 1 blocks
	at org.apache.hadoop.hdds.scm.protocolPB.ScmBlockLocationProtocolClientSideTranslatorPB.handleError(ScmBlockLocationProtocolClientSideTranslatorPB.java:118)
	at org.apache.hadoop.hdds.scm.protocolPB.ScmBlockLocationProtocolClientSideTranslatorPB.allocateBlock(ScmBlockLocationProtocolClientSideTranslatorPB.java:156) 
2019-09-19 14:38:19,501 [Thread-530] INFO  ozone.MiniOzoneClusterImpl (MiniOzoneClusterImpl.java:shutdown(321)) - Shutting down the Mini Ozone Cluster
2019-09-19 14:38:19,501 | INFO  | SCMAudit | user=null | ip=null | op=GET_SCM_INFO null | ret=SUCCESS |  
2019-09-19 14:38:19,501 [Thread-530] INFO  ozone.MiniOzoneClusterImpl (MiniOzoneClusterImpl.java:stop(336)) - Stopping the Mini Ozone Cluster
2019-09-19 14:38:19,501 [Thread-530] INFO  ozone.MiniOzoneClusterImpl (MiniOzoneClusterImpl.java:stop(338)) - Stopping the OzoneManager
2019-09-19 14:38:19,502 [Thread-530] INFO  ipc.Server (Server.java:stop(3082)) - Stopping server on 35090
2019-09-19 14:38:19,507 [IPC Server listener on 35090] INFO  ipc.Server (Server.java:run(1185)) - Stopping IPC Server listener on 35090
2019-09-19 14:38:19,507 [Thread-530] INFO  ratis.OzoneManagerDoubleBuffer (OzoneManagerDoubleBuffer.java:stop(248)) - Stopping OMDoubleBuffer flush thread
2019-09-19 14:38:19,507 [IPC Server Responder] INFO  ipc.Server (Server.java:run(1319)) - Stopping IPC Server Responder
2019-09-19 14:38:19,509 [OMDoubleBufferFlushThread] INFO  ratis.OzoneManagerDoubleBuffer (OzoneManagerDoubleBuffer.java:flushTransactions(191)) - OMDoubleBuffer flush thread OMDoubleBufferFlushThread is interrupted and will exit. OMDoubleBufferFlushThread
2019-09-19 14:38:19,509 [Thread-530] INFO  utils.BackgroundService (BackgroundService.java:shutdown(148)) - Shutting down service KeyDeletingService
2019-09-19 14:38:19,511 [Thread-530] INFO  handler.ContextHandler (ContextHandler.java:doStop(910)) - Stopped o.e.j.w.WebAppContext@40061424{/,null,UNAVAILABLE}{/ozoneManager}
2019-09-19 14:38:19,512 [Thread-530] INFO  server.AbstractConnector (AbstractConnector.java:doStop(318)) - Stopped ServerConnector@5303fc6d{HTTP/1.1,[http/1.1]}{0.0.0.0:0}
2019-09-19 14:38:19,512 [Thread-530] INFO  handler.ContextHandler (ContextHandler.java:doStop(910)) - Stopped o.e.j.s.ServletContextHandler@6de1e36b{/static,jar:file:/home/user/.m2/repository/org/apache/hadoop/hadoop-ozone-ozone-manager/0.5.0-SNAPSHOT/hadoop-ozone-ozone-manager-0.5.0-SNAPSHOT.jar!/webapps/static,UNAVAILABLE}
2019-09-19 14:38:19,512 [Thread-530] INFO  handler.ContextHandler (ContextHandler.java:doStop(910)) - Stopped o.e.j.s.ServletContextHandler@507b09cc{/logs,file:///workdir/hadoop-ozone/ozonefs/target/log,UNAVAILABLE}
2019-09-19 14:38:19,514 [Thread-530] INFO  ozone.MiniOzoneClusterImpl (MiniOzoneClusterImpl.java:stop(344)) - Shutting the HddsDatanodes
2019-09-19 14:38:19,514 [Thread-530] INFO  datanode.ObjectStoreHandler (ObjectStoreHandler.java:close(155)) - Closing ObjectStoreHandler.
2019-09-19 14:38:19,515 [ForkJoinPool.commonPool-worker-1] INFO  datanode.ObjectStoreHandler (ObjectStoreHandler.java:close(155)) - Closing ObjectStoreHandler.
2019-09-19 14:38:19,516 [Thread-530] INFO  ozone.HddsDatanodeService (HddsDatanodeService.java:stop(451)) - Stopped plug-in org.apache.hadoop.ozone.web.OzoneHddsDatanodeService@1be25584
2019-09-19 14:38:19,516 [ForkJoinPool.commonPool-worker-1] INFO  ozone.HddsDatanodeService (HddsDatanodeService.java:stop(451)) - Stopped plug-in org.apache.hadoop.ozone.web.OzoneHddsDatanodeService@446ebefb
2019-09-19 14:38:19,852 [Datanode State Machine Thread - 0] INFO  statemachine.DatanodeStateMachine (DatanodeStateMachine.java:lambda$startDaemon$0(350)) - Ozone container server started.
2019-09-19 14:38:20,052 [Datanode State Machine Thread - 0] INFO  statemachine.DatanodeStateMachine (DatanodeStateMachine.java:lambda$startDaemon$0(350)) - Ozone container server started.
2019-09-19 14:38:20,242 | INFO  | SCMAudit | user=jenkins1000 | ip=192.168.5.132 | op=SEND_HEARTBEAT {datanodeUUID=afbc86cd-608c-4927-90cf-3a7f1e6aa679, command=[]} | ret=SUCCESS |  
2019-09-19 14:38:20,862 [Thread-702] INFO  container.ReplicationManager (ReplicationManager.java:start(151)) - Starting Replication Monitor Thread.
2019-09-19 14:38:20,865 [ReplicationMonitor] INFO  container.ReplicationManager (ReplicationManager.java:run(214)) - Replication Monitor Thread took 0 milliseconds for processing 0 containers.
2019-09-19 14:38:21,241 | INFO  | SCMAudit | user=jenkins1000 | ip=192.168.5.132 | op=SEND_HEARTBEAT {datanodeUUID=afbc86cd-608c-4927-90cf-3a7f1e6aa679, command=[]} | ret=SUCCESS |  
2019-09-19 14:38:22,241 | INFO  | SCMAudit | user=jenkins1000 | ip=192.168.5.132 | op=SEND_HEARTBEAT {datanodeUUID=afbc86cd-608c-4927-90cf-3a7f1e6aa679, command=[]} | ret=SUCCESS |  
2019-09-19 14:38:23,020 [Thread-707] INFO  impl.FollowerState (FollowerState.java:run(106)) - 0dde4a13-db22-45ad-8ae4-adbffc53faa4:group-F595B36F2E20 changes to CANDIDATE, lastRpcTime:5016, electionTimeout:5016ms
2019-09-19 14:38:23,020 [Thread-707] INFO  impl.RoleInfo (RoleInfo.java:shutdownFollowerState(121)) - 0dde4a13-db22-45ad-8ae4-adbffc53faa4: shutdown FollowerState
2019-09-19 14:38:23,020 [Thread-707] INFO  impl.RaftServerImpl (RaftServerImpl.java:setRole(171)) - 0dde4a13-db22-45ad-8ae4-adbffc53faa4:group-F595B36F2E20 changes role from FOLLOWER to CANDIDATE at term 0 for changeToCandidate
2019-09-19 14:38:23,021 [Thread-707] INFO  impl.RoleInfo (RoleInfo.java:updateAndGet(143)) - 0dde4a13-db22-45ad-8ae4-adbffc53faa4: start LeaderElection
2019-09-19 14:38:23,059 [0dde4a13-db22-45ad-8ae4-adbffc53faa4:group-F595B36F2E20:LeaderElection32] INFO  impl.LeaderElection (LeaderElection.java:askForVotes(181)) - 0dde4a13-db22-45ad-8ae4-adbffc53faa4:group-F595B36F2E20:LeaderElection32: begin an election at term 1 for -1: [0dde4a13-db22-45ad-8ae4-adbffc53faa4:192.168.5.132:40506], old=null
2019-09-19 14:38:23,059 [0dde4a13-db22-45ad-8ae4-adbffc53faa4:group-F595B36F2E20:LeaderElection32] INFO  impl.RoleInfo (RoleInfo.java:shutdownLeaderElection(134)) - 0dde4a13-db22-45ad-8ae4-adbffc53faa4: shutdown LeaderElection
2019-09-19 14:38:23,060 [0dde4a13-db22-45ad-8ae4-adbffc53faa4:group-F595B36F2E20:LeaderElection32] INFO  impl.RaftServerImpl (RaftServerImpl.java:setRole(171)) - 0dde4a13-db22-45ad-8ae4-adbffc53faa4:group-F595B36F2E20 changes role from CANDIDATE to LEADER at term 1 for changeToLeader
2019-09-19 14:38:23,060 [0dde4a13-db22-45ad-8ae4-adbffc53faa4:group-F595B36F2E20:LeaderElection32] INFO  impl.RaftServerImpl (ServerState.java:setLeader(263)) - 0dde4a13-db22-45ad-8ae4-adbffc53faa4:group-F595B36F2E20 change Leader from null to 0dde4a13-db22-45ad-8ae4-adbffc53faa4 at term 1 for becomeLeader, leader elected after 5059ms
2019-09-19 14:38:23,060 [0dde4a13-db22-45ad-8ae4-adbffc53faa4:group-F595B36F2E20:LeaderElection32] INFO  server.RaftServerConfigKeys (ConfUtils.java:logGet(43)) - raft.server.staging.catchup.gap = 1000 (default)
2019-09-19 14:38:23,060 [0dde4a13-db22-45ad-8ae4-adbffc53faa4:group-F595B36F2E20:LeaderElection32] INFO  server.RaftServerConfigKeys (ConfUtils.java:logGet(43)) - raft.server.rpc.sleep.time = 25ms (default)
2019-09-19 14:38:23,061 [0dde4a13-db22-45ad-8ae4-adbffc53faa4:group-F595B36F2E20:LeaderElection32] INFO  server.RaftServerConfigKeys (ConfUtils.java:logGet(43)) - raft.server.write.element-limit = 4096 (default)
2019-09-19 14:38:23,061 [0dde4a13-db22-45ad-8ae4-adbffc53faa4:group-F595B36F2E20:LeaderElection32] INFO  server.RaftServerConfigKeys (ConfUtils.java:logGet(43)) - raft.server.watch.timeout = 10s (default)
2019-09-19 14:38:23,061 [0dde4a13-db22-45ad-8ae4-adbffc53faa4:group-F595B36F2E20:LeaderElection32] INFO  server.RaftServerConfigKeys (ConfUtils.java:logGet(43)) - raft.server.watch.timeout.denomination = 1s (default)
2019-09-19 14:38:23,061 [0dde4a13-db22-45ad-8ae4-adbffc53faa4:group-F595B36F2E20:LeaderElection32] INFO  server.RaftServerConfigKeys (ConfUtils.java:logGet(43)) - raft.server.watch.element-limit = 65536 (default)
2019-09-19 14:38:23,062 [0dde4a13-db22-45ad-8ae4-adbffc53faa4:group-F595B36F2E20:LeaderElection32] INFO  impl.RoleInfo (RoleInfo.java:updateAndGet(143)) - 0dde4a13-db22-45ad-8ae4-adbffc53faa4: start LeaderState
2019-09-19 14:38:23,062 [0dde4a13-db22-45ad-8ae4-adbffc53faa4:group-F595B36F2E20:LeaderElection32] INFO  segmented.SegmentedRaftLogWorker (SegmentedRaftLogWorker.java:startLogSegment(380)) - 0dde4a13-db22-45ad-8ae4-adbffc53faa4-SegmentedRaftLogWorker:Storage Directory /workdir/hadoop-ozone/ozonefs/target/test-dir/MiniOzoneClusterImpl-ca0b0e9e-6896-4a7b-b208-9ea04bbb623c/datanode-0/data/ratis/c574f9f4-fa28-4731-9992-f595b36f2e20: Starting segment from index:0
2019-09-19 14:38:23,063 [0dde4a13-db22-45ad-8ae4-adbffc53faa4:group-F595B36F2E20:LeaderElection32] INFO  impl.RaftServerImpl (ServerState.java:setRaftConf(361)) - 0dde4a13-db22-45ad-8ae4-adbffc53faa4:group-F595B36F2E20 set configuration 0: [0dde4a13-db22-45ad-8ae4-adbffc53faa4:192.168.5.132:40506], old=null at 0
2019-09-19 14:38:23,090 [Thread-704] INFO  impl.FollowerState (FollowerState.java:run(106)) - 0dde4a13-db22-45ad-8ae4-adbffc53faa4:group-074BE5CFCA4F changes to CANDIDATE, lastRpcTime:5155, electionTimeout:5155ms
2019-09-19 14:38:23,090 [Thread-704] INFO  impl.RoleInfo (RoleInfo.java:shutdownFollowerState(121)) - 0dde4a13-db22-45ad-8ae4-adbffc53faa4: shutdown FollowerState
2019-09-19 14:38:23,090 [Thread-704] INFO  impl.RaftServerImpl (RaftServerImpl.java:setRole(171)) - 0dde4a13-db22-45ad-8ae4-adbffc53faa4:group-074BE5CFCA4F changes role from FOLLOWER to CANDIDATE at term 0 for changeToCandidate
2019-09-19 14:38:23,090 [Thread-704] INFO  impl.RoleInfo (RoleInfo.java:updateAndGet(143)) - 0dde4a13-db22-45ad-8ae4-adbffc53faa4: start LeaderElection
2019-09-19 14:38:23,109 [0dde4a13-db22-45ad-8ae4-adbffc53faa4-SegmentedRaftLogWorker:Storage Directory /workdir/hadoop-ozone/ozonefs/target/test-dir/MiniOzoneClusterImpl-ca0b0e9e-6896-4a7b-b208-9ea04bbb623c/datanode-0/data/ratis/c574f9f4-fa28-4731-9992-f595b36f2e20] INFO  segmented.SegmentedRaftLogWorker (SegmentedRaftLogWorker.java:execute(569)) - 0dde4a13-db22-45ad-8ae4-adbffc53faa4-SegmentedRaftLogWorker:Storage Directory /workdir/hadoop-ozone/ozonefs/target/test-dir/MiniOzoneClusterImpl-ca0b0e9e-6896-4a7b-b208-9ea04bbb623c/datanode-0/data/ratis/c574f9f4-fa28-4731-9992-f595b36f2e20: created new log segment /workdir/hadoop-ozone/ozonefs/target/test-dir/MiniOzoneClusterImpl-ca0b0e9e-6896-4a7b-b208-9ea04bbb623c/datanode-0/data/ratis/c574f9f4-fa28-4731-9992-f595b36f2e20/current/log_inprogress_0
2019-09-19 14:38:23,109 [0dde4a13-db22-45ad-8ae4-adbffc53faa4:group-074BE5CFCA4F:LeaderElection33] INFO  impl.LeaderElection (LeaderElection.java:askForVotes(181)) - 0dde4a13-db22-45ad-8ae4-adbffc53faa4:group-074BE5CFCA4F:LeaderElection33: begin an election at term 1 for -1: [0dde4a13-db22-45ad-8ae4-adbffc53faa4:192.168.5.132:40506], old=null
2019-09-19 14:38:23,109 [0dde4a13-db22-45ad-8ae4-adbffc53faa4:group-074BE5CFCA4F:LeaderElection33] INFO  impl.RoleInfo (RoleInfo.java:shutdownLeaderElection(134)) - 0dde4a13-db22-45ad-8ae4-adbffc53faa4: shutdown LeaderElection
2019-09-19 14:38:23,109 [0dde4a13-db22-45ad-8ae4-adbffc53faa4:group-074BE5CFCA4F:LeaderElection33] INFO  impl.RaftServerImpl (RaftServerImpl.java:setRole(171)) - 0dde4a13-db22-45ad-8ae4-adbffc53faa4:group-074BE5CFCA4F changes role from CANDIDATE to LEADER at term 1 for changeToLeader
2019-09-19 14:38:23,109 [0dde4a13-db22-45ad-8ae4-adbffc53faa4:group-074BE5CFCA4F:LeaderElection33] INFO  impl.RaftServerImpl (ServerState.java:setLeader(263)) - 0dde4a13-db22-45ad-8ae4-adbffc53faa4:group-074BE5CFCA4F change Leader from null to 0dde4a13-db22-45ad-8ae4-adbffc53faa4 at term 1 for becomeLeader, leader elected after 5179ms
2019-09-19 14:38:23,110 [0dde4a13-db22-45ad-8ae4-adbffc53faa4:group-074BE5CFCA4F:LeaderElection33] INFO  server.RaftServerConfigKeys (ConfUtils.java:logGet(43)) - raft.server.staging.catchup.gap = 1000 (default)
2019-09-19 14:38:23,110 [0dde4a13-db22-45ad-8ae4-adbffc53faa4:group-074BE5CFCA4F:LeaderElection33] INFO  server.RaftServerConfigKeys (ConfUtils.java:logGet(43)) - raft.server.rpc.sleep.time = 25ms (default)
2019-09-19 14:38:23,110 [0dde4a13-db22-45ad-8ae4-adbffc53faa4:group-074BE5CFCA4F:LeaderElection33] INFO  server.RaftServerConfigKeys (ConfUtils.java:logGet(43)) - raft.server.write.element-limit = 4096 (default)
2019-09-19 14:38:23,110 [0dde4a13-db22-45ad-8ae4-adbffc53faa4:group-074BE5CFCA4F:LeaderElection33] INFO  server.RaftServerConfigKeys (ConfUtils.java:logGet(43)) - raft.server.watch.timeout = 10s (default)
2019-09-19 14:38:23,111 [0dde4a13-db22-45ad-8ae4-adbffc53faa4:group-074BE5CFCA4F:LeaderElection33] INFO  server.RaftServerConfigKeys (ConfUtils.java:logGet(43)) - raft.server.watch.timeout.denomination = 1s (default)
2019-09-19 14:38:23,111 [0dde4a13-db22-45ad-8ae4-adbffc53faa4:group-074BE5CFCA4F:LeaderElection33] INFO  server.RaftServerConfigKeys (ConfUtils.java:logGet(43)) - raft.server.watch.element-limit = 65536 (default)
2019-09-19 14:38:23,111 [0dde4a13-db22-45ad-8ae4-adbffc53faa4:group-074BE5CFCA4F:LeaderElection33] INFO  impl.RoleInfo (RoleInfo.java:updateAndGet(143)) - 0dde4a13-db22-45ad-8ae4-adbffc53faa4: start LeaderState
2019-09-19 14:38:23,111 [0dde4a13-db22-45ad-8ae4-adbffc53faa4:group-074BE5CFCA4F:LeaderElection33] INFO  segmented.SegmentedRaftLogWorker (SegmentedRaftLogWorker.java:startLogSegment(380)) - 0dde4a13-db22-45ad-8ae4-adbffc53faa4-SegmentedRaftLogWorker:Storage Directory /workdir/hadoop-ozone/ozonefs/target/test-dir/MiniOzoneClusterImpl-ca0b0e9e-6896-4a7b-b208-9ea04bbb623c/datanode-0/data/ratis/4b1de6c8-67be-470c-8e4d-074be5cfca4f: Starting segment from index:0
2019-09-19 14:38:23,112 [0dde4a13-db22-45ad-8ae4-adbffc53faa4:group-074BE5CFCA4F:LeaderElection33] INFO  impl.RaftServerImpl (ServerState.java:setRaftConf(361)) - 0dde4a13-db22-45ad-8ae4-adbffc53faa4:group-074BE5CFCA4F set configuration 0: [0dde4a13-db22-45ad-8ae4-adbffc53faa4:192.168.5.132:40506], old=null at 0
2019-09-19 14:38:23,167 [Thread-710] INFO  impl.FollowerState (FollowerState.java:run(106)) - 0dde4a13-db22-45ad-8ae4-adbffc53faa4:group-390502EB21D9 changes to CANDIDATE, lastRpcTime:5091, electionTimeout:5091ms
2019-09-19 14:38:23,168 [Thread-710] INFO  impl.RoleInfo (RoleInfo.java:shutdownFollowerState(121)) - 0dde4a13-db22-45ad-8ae4-adbffc53faa4: shutdown FollowerState
2019-09-19 14:38:23,168 [Thread-710] INFO  impl.RaftServerImpl (RaftServerImpl.java:setRole(171)) - 0dde4a13-db22-45ad-8ae4-adbffc53faa4:group-390502EB21D9 changes role from FOLLOWER to CANDIDATE at term 0 for changeToCandidate
2019-09-19 14:38:23,168 [Thread-710] INFO  impl.RoleInfo (RoleInfo.java:updateAndGet(143)) - 0dde4a13-db22-45ad-8ae4-adbffc53faa4: start LeaderElection
2019-09-19 14:38:23,173 [0dde4a13-db22-45ad-8ae4-adbffc53faa4-SegmentedRaftLogWorker:Storage Directory /workdir/hadoop-ozone/ozonefs/target/test-dir/MiniOzoneClusterImpl-ca0b0e9e-6896-4a7b-b208-9ea04bbb623c/datanode-0/data/ratis/4b1de6c8-67be-470c-8e4d-074be5cfca4f] INFO  segmented.SegmentedRaftLogWorker (SegmentedRaftLogWorker.java:execute(569)) - 0dde4a13-db22-45ad-8ae4-adbffc53faa4-SegmentedRaftLogWorker:Storage Directory /workdir/hadoop-ozone/ozonefs/target/test-dir/MiniOzoneClusterImpl-ca0b0e9e-6896-4a7b-b208-9ea04bbb623c/datanode-0/data/ratis/4b1de6c8-67be-470c-8e4d-074be5cfca4f: created new log segment /workdir/hadoop-ozone/ozonefs/target/test-dir/MiniOzoneClusterImpl-ca0b0e9e-6896-4a7b-b208-9ea04bbb623c/datanode-0/data/ratis/4b1de6c8-67be-470c-8e4d-074be5cfca4f/current/log_inprogress_0
2019-09-19 14:38:23,186 [0dde4a13-db22-45ad-8ae4-adbffc53faa4:group-390502EB21D9:LeaderElection34] INFO  impl.LeaderElection (LeaderElection.java:askForVotes(181)) - 0dde4a13-db22-45ad-8ae4-adbffc53faa4:group-390502EB21D9:LeaderElection34: begin an election at term 1 for -1: [0dde4a13-db22-45ad-8ae4-adbffc53faa4:192.168.5.132:40506], old=null
2019-09-19 14:38:23,186 [0dde4a13-db22-45ad-8ae4-adbffc53faa4:group-390502EB21D9:LeaderElection34] INFO  impl.RoleInfo (RoleInfo.java:shutdownLeaderElection(134)) - 0dde4a13-db22-45ad-8ae4-adbffc53faa4: shutdown LeaderElection
2019-09-19 14:38:23,186 [0dde4a13-db22-45ad-8ae4-adbffc53faa4:group-390502EB21D9:LeaderElection34] INFO  impl.RaftServerImpl (RaftServerImpl.java:setRole(171)) - 0dde4a13-db22-45ad-8ae4-adbffc53faa4:group-390502EB21D9 changes role from CANDIDATE to LEADER at term 1 for changeToLeader
2019-09-19 14:38:23,187 [0dde4a13-db22-45ad-8ae4-adbffc53faa4:group-390502EB21D9:LeaderElection34] INFO  impl.RaftServerImpl (ServerState.java:setLeader(263)) - 0dde4a13-db22-45ad-8ae4-adbffc53faa4:group-390502EB21D9 change Leader from null to 0dde4a13-db22-45ad-8ae4-adbffc53faa4 at term 1 for becomeLeader, leader elected after 5115ms
2019-09-19 14:38:23,187 [0dde4a13-db22-45ad-8ae4-adbffc53faa4:group-390502EB21D9:LeaderElection34] INFO  server.RaftServerConfigKeys (ConfUtils.java:logGet(43)) - raft.server.staging.catchup.gap = 1000 (default)
2019-09-19 14:38:23,187 [0dde4a13-db22-45ad-8ae4-adbffc53faa4:group-390502EB21D9:LeaderElection34] INFO  server.RaftServerConfigKeys (ConfUtils.java:logGet(43)) - raft.server.rpc.sleep.time = 25ms (default)
2019-09-19 14:38:23,187 [0dde4a13-db22-45ad-8ae4-adbffc53faa4:group-390502EB21D9:LeaderElection34] INFO  server.RaftServerConfigKeys (ConfUtils.java:logGet(43)) - raft.server.write.element-limit = 4096 (default)
2019-09-19 14:38:23,188 [0dde4a13-db22-45ad-8ae4-adbffc53faa4:group-390502EB21D9:LeaderElection34] INFO  server.RaftServerConfigKeys (ConfUtils.java:logGet(43)) - raft.server.watch.timeout = 10s (default)
2019-09-19 14:38:23,188 [0dde4a13-db22-45ad-8ae4-adbffc53faa4:group-390502EB21D9:LeaderElection34] INFO  server.RaftServerConfigKeys (ConfUtils.java:logGet(43)) - raft.server.watch.timeout.denomination = 1s (default)
2019-09-19 14:38:23,188 [0dde4a13-db22-45ad-8ae4-adbffc53faa4:group-390502EB21D9:LeaderElection34] INFO  server.RaftServerConfigKeys (ConfUtils.java:logGet(43)) - raft.server.watch.element-limit = 65536 (default)
2019-09-19 14:38:23,188 [0dde4a13-db22-45ad-8ae4-adbffc53faa4:group-390502EB21D9:LeaderElection34] INFO  impl.RoleInfo (RoleInfo.java:updateAndGet(143)) - 0dde4a13-db22-45ad-8ae4-adbffc53faa4: start LeaderState
2019-09-19 14:38:23,189 [0dde4a13-db22-45ad-8ae4-adbffc53faa4:group-390502EB21D9:LeaderElection34] INFO  segmented.SegmentedRaftLogWorker (SegmentedRaftLogWorker.java:startLogSegment(380)) - 0dde4a13-db22-45ad-8ae4-adbffc53faa4-SegmentedRaftLogWorker:Storage Directory /workdir/hadoop-ozone/ozonefs/target/test-dir/MiniOzoneClusterImpl-ca0b0e9e-6896-4a7b-b208-9ea04bbb623c/datanode-0/data/ratis/97d92593-d9a8-41a7-a6ab-390502eb21d9: Starting segment from index:0
2019-09-19 14:38:23,189 [0dde4a13-db22-45ad-8ae4-adbffc53faa4:group-390502EB21D9:LeaderElection34] INFO  impl.RaftServerImpl (ServerState.java:setRaftConf(361)) - 0dde4a13-db22-45ad-8ae4-adbffc53faa4:group-390502EB21D9 set configuration 0: [0dde4a13-db22-45ad-8ae4-adbffc53faa4:192.168.5.132:40506], old=null at 0
2019-09-19 14:38:23,230 [Thread-713] INFO  impl.FollowerState (FollowerState.java:run(106)) - 0dde4a13-db22-45ad-8ae4-adbffc53faa4:group-85FBF442DA7C changes to CANDIDATE, lastRpcTime:5071, electionTimeout:5071ms
2019-09-19 14:38:23,230 [Thread-713] INFO  impl.RoleInfo (RoleInfo.java:shutdownFollowerState(121)) - 0dde4a13-db22-45ad-8ae4-adbffc53faa4: shutdown FollowerState
2019-09-19 14:38:23,230 [Thread-713] INFO  impl.RaftServerImpl (RaftServerImpl.java:setRole(171)) - 0dde4a13-db22-45ad-8ae4-adbffc53faa4:group-85FBF442DA7C changes role from FOLLOWER to CANDIDATE at term 0 for changeToCandidate
2019-09-19 14:38:23,230 [Thread-713] INFO  impl.RoleInfo (RoleInfo.java:updateAndGet(143)) - 0dde4a13-db22-45ad-8ae4-adbffc53faa4: start LeaderElection
2019-09-19 14:38:23,242 | INFO  | SCMAudit | user=jenkins1000 | ip=192.168.5.132 | op=SEND_HEARTBEAT {datanodeUUID=afbc86cd-608c-4927-90cf-3a7f1e6aa679, command=[]} | ret=SUCCESS |  
2019-09-19 14:38:23,249 [0dde4a13-db22-45ad-8ae4-adbffc53faa4-SegmentedRaftLogWorker:Storage Directory /workdir/hadoop-ozone/ozonefs/target/test-dir/MiniOzoneClusterImpl-ca0b0e9e-6896-4a7b-b208-9ea04bbb623c/datanode-0/data/ratis/97d92593-d9a8-41a7-a6ab-390502eb21d9] INFO  segmented.SegmentedRaftLogWorker (SegmentedRaftLogWorker.java:execute(569)) - 0dde4a13-db22-45ad-8ae4-adbffc53faa4-SegmentedRaftLogWorker:Storage Directory /workdir/hadoop-ozone/ozonefs/target/test-dir/MiniOzoneClusterImpl-ca0b0e9e-6896-4a7b-b208-9ea04bbb623c/datanode-0/data/ratis/97d92593-d9a8-41a7-a6ab-390502eb21d9: created new log segment /workdir/hadoop-ozone/ozonefs/target/test-dir/MiniOzoneClusterImpl-ca0b0e9e-6896-4a7b-b208-9ea04bbb623c/datanode-0/data/ratis/97d92593-d9a8-41a7-a6ab-390502eb21d9/current/log_inprogress_0
2019-09-19 14:38:23,249 [0dde4a13-db22-45ad-8ae4-adbffc53faa4:group-85FBF442DA7C:LeaderElection35] INFO  impl.LeaderElection (LeaderElection.java:askForVotes(181)) - 0dde4a13-db22-45ad-8ae4-adbffc53faa4:group-85FBF442DA7C:LeaderElection35: begin an election at term 1 for -1: [0dde4a13-db22-45ad-8ae4-adbffc53faa4:192.168.5.132:40506], old=null
2019-09-19 14:38:23,249 [0dde4a13-db22-45ad-8ae4-adbffc53faa4:group-85FBF442DA7C:LeaderElection35] INFO  impl.RoleInfo (RoleInfo.java:shutdownLeaderElection(134)) - 0dde4a13-db22-45ad-8ae4-adbffc53faa4: shutdown LeaderElection
2019-09-19 14:38:23,250 [0dde4a13-db22-45ad-8ae4-adbffc53faa4:group-85FBF442DA7C:LeaderElection35] INFO  impl.RaftServerImpl (RaftServerImpl.java:setRole(171)) - 0dde4a13-db22-45ad-8ae4-adbffc53faa4:group-85FBF442DA7C changes role from CANDIDATE to LEADER at term 1 for changeToLeader
2019-09-19 14:38:23,250 [0dde4a13-db22-45ad-8ae4-adbffc53faa4:group-85FBF442DA7C:LeaderElection35] INFO  impl.RaftServerImpl (ServerState.java:setLeader(263)) - 0dde4a13-db22-45ad-8ae4-adbffc53faa4:group-85FBF442DA7C change Leader from null to 0dde4a13-db22-45ad-8ae4-adbffc53faa4 at term 1 for becomeLeader, leader elected after 5095ms
2019-09-19 14:38:23,250 [0dde4a13-db22-45ad-8ae4-adbffc53faa4:group-85FBF442DA7C:LeaderElection35] INFO  server.RaftServerConfigKeys (ConfUtils.java:logGet(43)) - raft.server.staging.catchup.gap = 1000 (default)
2019-09-19 14:38:23,250 [0dde4a13-db22-45ad-8ae4-adbffc53faa4:group-85FBF442DA7C:LeaderElection35] INFO  server.RaftServerConfigKeys (ConfUtils.java:logGet(43)) - raft.server.rpc.sleep.time = 25ms (default)
2019-09-19 14:38:23,251 [0dde4a13-db22-45ad-8ae4-adbffc53faa4:group-85FBF442DA7C:LeaderElection35] INFO  server.RaftServerConfigKeys (ConfUtils.java:logGet(43)) - raft.server.write.element-limit = 4096 (default)
2019-09-19 14:38:23,251 [0dde4a13-db22-45ad-8ae4-adbffc53faa4:group-85FBF442DA7C:LeaderElection35] INFO  server.RaftServerConfigKeys (ConfUtils.java:logGet(43)) - raft.server.watch.timeout = 10s (default)
2019-09-19 14:38:23,251 [0dde4a13-db22-45ad-8ae4-adbffc53faa4:group-85FBF442DA7C:LeaderElection35] INFO  server.RaftServerConfigKeys (ConfUtils.java:logGet(43)) - raft.server.watch.timeout.denomination = 1s (default)
2019-09-19 14:38:23,251 [0dde4a13-db22-45ad-8ae4-adbffc53faa4:group-85FBF442DA7C:LeaderElection35] INFO  server.RaftServerConfigKeys (ConfUtils.java:logGet(43)) - raft.server.watch.element-limit = 65536 (default)
2019-09-19 14:38:23,252 [0dde4a13-db22-45ad-8ae4-adbffc53faa4:group-85FBF442DA7C:LeaderElection35] INFO  impl.RoleInfo (RoleInfo.java:updateAndGet(143)) - 0dde4a13-db22-45ad-8ae4-adbffc53faa4: start LeaderState
2019-09-19 14:38:23,252 [0dde4a13-db22-45ad-8ae4-adbffc53faa4:group-85FBF442DA7C:LeaderElection35] INFO  segmented.SegmentedRaftLogWorker (SegmentedRaftLogWorker.java:startLogSegment(380)) - 0dde4a13-db22-45ad-8ae4-adbffc53faa4-SegmentedRaftLogWorker:Storage Directory /workdir/hadoop-ozone/ozonefs/target/test-dir/MiniOzoneClusterImpl-ca0b0e9e-6896-4a7b-b208-9ea04bbb623c/datanode-0/data/ratis/b25aa6dd-bd4f-4cfd-ad87-85fbf442da7c: Starting segment from index:0
2019-09-19 14:38:23,253 [0dde4a13-db22-45ad-8ae4-adbffc53faa4:group-85FBF442DA7C:LeaderElection35] INFO  impl.RaftServerImpl (ServerState.java:setRaftConf(361)) - 0dde4a13-db22-45ad-8ae4-adbffc53faa4:group-85FBF442DA7C set configuration 0: [0dde4a13-db22-45ad-8ae4-adbffc53faa4:192.168.5.132:40506], old=null at 0
2019-09-19 14:38:23,273 [Thread-716] INFO  impl.FollowerState (FollowerState.java:run(106)) - 9acfc684-f025-4851-a671-9506a9a8f647:group-345BA771CA63 changes to CANDIDATE, lastRpcTime:5029, electionTimeout:5029ms
2019-09-19 14:38:23,273 [Thread-716] INFO  impl.RoleInfo (RoleInfo.java:shutdownFollowerState(121)) - 9acfc684-f025-4851-a671-9506a9a8f647: shutdown FollowerState
2019-09-19 14:38:23,273 [Thread-716] INFO  impl.RaftServerImpl (RaftServerImpl.java:setRole(171)) - 9acfc684-f025-4851-a671-9506a9a8f647:group-345BA771CA63 changes role from FOLLOWER to CANDIDATE at term 0 for changeToCandidate
2019-09-19 14:38:23,273 [Thread-716] INFO  impl.RoleInfo (RoleInfo.java:updateAndGet(143)) - 9acfc684-f025-4851-a671-9506a9a8f647: start LeaderElection
2019-09-19 14:38:23,318 [0dde4a13-db22-45ad-8ae4-adbffc53faa4-SegmentedRaftLogWorker:Storage Directory /workdir/hadoop-ozone/ozonefs/target/test-dir/MiniOzoneClusterImpl-ca0b0e9e-6896-4a7b-b208-9ea04bbb623c/datanode-0/data/ratis/b25aa6dd-bd4f-4cfd-ad87-85fbf442da7c] INFO  segmented.SegmentedRaftLogWorker (SegmentedRaftLogWorker.java:execute(569)) - 0dde4a13-db22-45ad-8ae4-adbffc53faa4-SegmentedRaftLogWorker:Storage Directory /workdir/hadoop-ozone/ozonefs/target/test-dir/MiniOzoneClusterImpl-ca0b0e9e-6896-4a7b-b208-9ea04bbb623c/datanode-0/data/ratis/b25aa6dd-bd4f-4cfd-ad87-85fbf442da7c: created new log segment /workdir/hadoop-ozone/ozonefs/target/test-dir/MiniOzoneClusterImpl-ca0b0e9e-6896-4a7b-b208-9ea04bbb623c/datanode-0/data/ratis/b25aa6dd-bd4f-4cfd-ad87-85fbf442da7c/current/log_inprogress_0
2019-09-19 14:38:23,318 [9acfc684-f025-4851-a671-9506a9a8f647:group-345BA771CA63:LeaderElection36] INFO  impl.LeaderElection (LeaderElection.java:askForVotes(181)) - 9acfc684-f025-4851-a671-9506a9a8f647:group-345BA771CA63:LeaderElection36: begin an election at term 1 for -1: [9acfc684-f025-4851-a671-9506a9a8f647:192.168.5.132:43107], old=null
2019-09-19 14:38:23,318 [9acfc684-f025-4851-a671-9506a9a8f647:group-345BA771CA63:LeaderElection36] INFO  impl.RoleInfo (RoleInfo.java:shutdownLeaderElection(134)) - 9acfc684-f025-4851-a671-9506a9a8f647: shutdown LeaderElection
2019-09-19 14:38:23,318 [9acfc684-f025-4851-a671-9506a9a8f647:group-345BA771CA63:LeaderElection36] INFO  impl.RaftServerImpl (RaftServerImpl.java:setRole(171)) - 9acfc684-f025-4851-a671-9506a9a8f647:group-345BA771CA63 changes role from CANDIDATE to LEADER at term 1 for changeToLeader
2019-09-19 14:38:23,318 [9acfc684-f025-4851-a671-9506a9a8f647:group-345BA771CA63:LeaderElection36] INFO  impl.RaftServerImpl (ServerState.java:setLeader(263)) - 9acfc684-f025-4851-a671-9506a9a8f647:group-345BA771CA63 change Leader from null to 9acfc684-f025-4851-a671-9506a9a8f647 at term 1 for becomeLeader, leader elected after 5080ms
2019-09-19 14:38:23,318 [9acfc684-f025-4851-a671-9506a9a8f647:group-345BA771CA63:LeaderElection36] INFO  server.RaftServerConfigKeys (ConfUtils.java:logGet(43)) - raft.server.staging.catchup.gap = 1000 (default)
2019-09-19 14:38:23,319 [9acfc684-f025-4851-a671-9506a9a8f647:group-345BA771CA63:LeaderElection36] INFO  server.RaftServerConfigKeys (ConfUtils.java:logGet(43)) - raft.server.rpc.sleep.time = 25ms (default)
2019-09-19 14:38:23,319 [9acfc684-f025-4851-a671-9506a9a8f647:group-345BA771CA63:LeaderElection36] INFO  server.RaftServerConfigKeys (ConfUtils.java:logGet(43)) - raft.server.write.element-limit = 4096 (default)
2019-09-19 14:38:23,319 [9acfc684-f025-4851-a671-9506a9a8f647:group-345BA771CA63:LeaderElection36] INFO  server.RaftServerConfigKeys (ConfUtils.java:logGet(43)) - raft.server.watch.timeout = 10s (default)
2019-09-19 14:38:23,319 [9acfc684-f025-4851-a671-9506a9a8f647:group-345BA771CA63:LeaderElection36] INFO  server.RaftServerConfigKeys (ConfUtils.java:logGet(43)) - raft.server.watch.timeout.denomination = 1s (default)
2019-09-19 14:38:23,319 [9acfc684-f025-4851-a671-9506a9a8f647:group-345BA771CA63:LeaderElection36] INFO  server.RaftServerConfigKeys (ConfUtils.java:logGet(43)) - raft.server.watch.element-limit = 65536 (default)
2019-09-19 14:38:23,320 [9acfc684-f025-4851-a671-9506a9a8f647:group-345BA771CA63:LeaderElection36] INFO  impl.RoleInfo (RoleInfo.java:updateAndGet(143)) - 9acfc684-f025-4851-a671-9506a9a8f647: start LeaderState
2019-09-19 14:38:23,320 [9acfc684-f025-4851-a671-9506a9a8f647:group-345BA771CA63:LeaderElection36] INFO  segmented.SegmentedRaftLogWorker (SegmentedRaftLogWorker.java:startLogSegment(380)) - 9acfc684-f025-4851-a671-9506a9a8f647-SegmentedRaftLogWorker:Storage Directory /workdir/hadoop-ozone/ozonefs/target/test-dir/MiniOzoneClusterImpl-ca0b0e9e-6896-4a7b-b208-9ea04bbb623c/datanode-1/data/ratis/2f180648-7424-4157-85ef-345ba771ca63: Starting segment from index:0
2019-09-19 14:38:23,321 [9acfc684-f025-4851-a671-9506a9a8f647:group-345BA771CA63:LeaderElection36] INFO  impl.RaftServerImpl (ServerState.java:setRaftConf(361)) - 9acfc684-f025-4851-a671-9506a9a8f647:group-345BA771CA63 set configuration 0: [9acfc684-f025-4851-a671-9506a9a8f647:192.168.5.132:43107], old=null at 0
2019-09-19 14:38:23,382 [9acfc684-f025-4851-a671-9506a9a8f647-SegmentedRaftLogWorker:Storage Directory /workdir/hadoop-ozone/ozonefs/target/test-dir/MiniOzoneClusterImpl-ca0b0e9e-6896-4a7b-b208-9ea04bbb623c/datanode-1/data/ratis/2f180648-7424-4157-85ef-345ba771ca63] INFO  segmented.SegmentedRaftLogWorker (SegmentedRaftLogWorker.java:execute(569)) - 9acfc684-f025-4851-a671-9506a9a8f647-SegmentedRaftLogWorker:Storage Directory /workdir/hadoop-ozone/ozonefs/target/test-dir/MiniOzoneClusterImpl-ca0b0e9e-6896-4a7b-b208-9ea04bbb623c/datanode-1/data/ratis/2f180648-7424-4157-85ef-345ba771ca63: created new log segment /workdir/hadoop-ozone/ozonefs/target/test-dir/MiniOzoneClusterImpl-ca0b0e9e-6896-4a7b-b208-9ea04bbb623c/datanode-1/data/ratis/2f180648-7424-4157-85ef-345ba771ca63/current/log_inprogress_0
2019-09-19 14:38:23,426 [Thread-719] INFO  impl.FollowerState (FollowerState.java:run(106)) - 0dde4a13-db22-45ad-8ae4-adbffc53faa4:group-935AFA0322E7 changes to CANDIDATE, lastRpcTime:5115, electionTimeout:5115ms
2019-09-19 14:38:23,426 [Thread-719] INFO  impl.RoleInfo (RoleInfo.java:shutdownFollowerState(121)) - 0dde4a13-db22-45ad-8ae4-adbffc53faa4: shutdown FollowerState
2019-09-19 14:38:23,426 [Thread-719] INFO  impl.RaftServerImpl (RaftServerImpl.java:setRole(171)) - 0dde4a13-db22-45ad-8ae4-adbffc53faa4:group-935AFA0322E7 changes role from FOLLOWER to CANDIDATE at term 0 for changeToCandidate
2019-09-19 14:38:23,426 [Thread-719] INFO  impl.RoleInfo (RoleInfo.java:updateAndGet(143)) - 0dde4a13-db22-45ad-8ae4-adbffc53faa4: start LeaderElection
2019-09-19 14:38:23,432 [Thread-722] INFO  impl.FollowerState (FollowerState.java:run(106)) - 9acfc684-f025-4851-a671-9506a9a8f647:group-51156050FCD5 changes to CANDIDATE, lastRpcTime:5065, electionTimeout:5062ms
2019-09-19 14:38:23,432 [Thread-722] INFO  impl.RoleInfo (RoleInfo.java:shutdownFollowerState(121)) - 9acfc684-f025-4851-a671-9506a9a8f647: shutdown FollowerState
2019-09-19 14:38:23,433 [Thread-722] INFO  impl.RaftServerImpl (RaftServerImpl.java:setRole(171)) - 9acfc684-f025-4851-a671-9506a9a8f647:group-51156050FCD5 changes role from FOLLOWER to CANDIDATE at term 0 for changeToCandidate
2019-09-19 14:38:23,433 [Thread-722] INFO  impl.RoleInfo (RoleInfo.java:updateAndGet(143)) - 9acfc684-f025-4851-a671-9506a9a8f647: start LeaderElection
2019-09-19 14:38:23,451 [0dde4a13-db22-45ad-8ae4-adbffc53faa4:group-935AFA0322E7:LeaderElection37] INFO  impl.LeaderElection (LeaderElection.java:askForVotes(181)) - 0dde4a13-db22-45ad-8ae4-adbffc53faa4:group-935AFA0322E7:LeaderElection37: begin an election at term 1 for -1: [0dde4a13-db22-45ad-8ae4-adbffc53faa4:192.168.5.132:40506], old=null
2019-09-19 14:38:23,451 [9acfc684-f025-4851-a671-9506a9a8f647:group-51156050FCD5:LeaderElection38] INFO  impl.LeaderElection (LeaderElection.java:askForVotes(181)) - 9acfc684-f025-4851-a671-9506a9a8f647:group-51156050FCD5:LeaderElection38: begin an election at term 1 for -1: [9acfc684-f025-4851-a671-9506a9a8f647:192.168.5.132:43107], old=null
2019-09-19 14:38:23,451 [0dde4a13-db22-45ad-8ae4-adbffc53faa4:group-935AFA0322E7:LeaderElection37] INFO  impl.RoleInfo (RoleInfo.java:shutdownLeaderElection(134)) - 0dde4a13-db22-45ad-8ae4-adbffc53faa4: shutdown LeaderElection
2019-09-19 14:38:23,451 [9acfc684-f025-4851-a671-9506a9a8f647:group-51156050FCD5:LeaderElection38] INFO  impl.RoleInfo (RoleInfo.java:shutdownLeaderElection(134)) - 9acfc684-f025-4851-a671-9506a9a8f647: shutdown LeaderElection
2019-09-19 14:38:23,451 [0dde4a13-db22-45ad-8ae4-adbffc53faa4:group-935AFA0322E7:LeaderElection37] INFO  impl.RaftServerImpl (RaftServerImpl.java:setRole(171)) - 0dde4a13-db22-45ad-8ae4-adbffc53faa4:group-935AFA0322E7 changes role from CANDIDATE to LEADER at term 1 for changeToLeader
2019-09-19 14:38:23,451 [9acfc684-f025-4851-a671-9506a9a8f647:group-51156050FCD5:LeaderElection38] INFO  impl.RaftServerImpl (RaftServerImpl.java:setRole(171)) - 9acfc684-f025-4851-a671-9506a9a8f647:group-51156050FCD5 changes role from CANDIDATE to LEADER at term 1 for changeToLeader
2019-09-19 14:38:23,452 [0dde4a13-db22-45ad-8ae4-adbffc53faa4:group-935AFA0322E7:LeaderElection37] INFO  impl.RaftServerImpl (ServerState.java:setLeader(263)) - 0dde4a13-db22-45ad-8ae4-adbffc53faa4:group-935AFA0322E7 change Leader from null to 0dde4a13-db22-45ad-8ae4-adbffc53faa4 at term 1 for becomeLeader, leader elected after 5145ms
2019-09-19 14:38:23,452 [9acfc684-f025-4851-a671-9506a9a8f647:group-51156050FCD5:LeaderElection38] INFO  impl.RaftServerImpl (ServerState.java:setLeader(263)) - 9acfc684-f025-4851-a671-9506a9a8f647:group-51156050FCD5 change Leader from null to 9acfc684-f025-4851-a671-9506a9a8f647 at term 1 for becomeLeader, leader elected after 5091ms
2019-09-19 14:38:23,452 [0dde4a13-db22-45ad-8ae4-adbffc53faa4:group-935AFA0322E7:LeaderElection37] INFO  server.RaftServerConfigKeys (ConfUtils.java:logGet(43)) - raft.server.staging.catchup.gap = 1000 (default)
2019-09-19 14:38:23,452 [9acfc684-f025-4851-a671-9506a9a8f647:group-51156050FCD5:LeaderElection38] INFO  server.RaftServerConfigKeys (ConfUtils.java:logGet(43)) - raft.server.staging.catchup.gap = 1000 (default)
2019-09-19 14:38:23,452 [0dde4a13-db22-45ad-8ae4-adbffc53faa4:group-935AFA0322E7:LeaderElection37] INFO  server.RaftServerConfigKeys (ConfUtils.java:logGet(43)) - raft.server.rpc.sleep.time = 25ms (default)
2019-09-19 14:38:23,452 [9acfc684-f025-4851-a671-9506a9a8f647:group-51156050FCD5:LeaderElection38] INFO  server.RaftServerConfigKeys (ConfUtils.java:logGet(43)) - raft.server.rpc.sleep.time = 25ms (default)
2019-09-19 14:38:23,453 [0dde4a13-db22-45ad-8ae4-adbffc53faa4:group-935AFA0322E7:LeaderElection37] INFO  server.RaftServerConfigKeys (ConfUtils.java:logGet(43)) - raft.server.write.element-limit = 4096 (default)
2019-09-19 14:38:23,453 [9acfc684-f025-4851-a671-9506a9a8f647:group-51156050FCD5:LeaderElection38] INFO  server.RaftServerConfigKeys (ConfUtils.java:logGet(43)) - raft.server.write.element-limit = 4096 (default)
2019-09-19 14:38:23,453 [0dde4a13-db22-45ad-8ae4-adbffc53faa4:group-935AFA0322E7:LeaderElection37] INFO  server.RaftServerConfigKeys (ConfUtils.java:logGet(43)) - raft.server.watch.timeout = 10s (default)
2019-09-19 14:38:23,453 [9acfc684-f025-4851-a671-9506a9a8f647:group-51156050FCD5:LeaderElection38] INFO  server.RaftServerConfigKeys (ConfUtils.java:logGet(43)) - raft.server.watch.timeout = 10s (default)
2019-09-19 14:38:23,453 [0dde4a13-db22-45ad-8ae4-adbffc53faa4:group-935AFA0322E7:LeaderElection37] INFO  server.RaftServerConfigKeys (ConfUtils.java:logGet(43)) - raft.server.watch.timeout.denomination = 1s (default)
2019-09-19 14:38:23,453 [9acfc684-f025-4851-a671-9506a9a8f647:group-51156050FCD5:LeaderElection38] INFO  server.RaftServerConfigKeys (ConfUtils.java:logGet(43)) - raft.server.watch.timeout.denomination = 1s (default)
2019-09-19 14:38:23,454 [0dde4a13-db22-45ad-8ae4-adbffc53faa4:group-935AFA0322E7:LeaderElection37] INFO  server.RaftServerConfigKeys (ConfUtils.java:logGet(43)) - raft.server.watch.element-limit = 65536 (default)
2019-09-19 14:38:23,454 [9acfc684-f025-4851-a671-9506a9a8f647:group-51156050FCD5:LeaderElection38] INFO  server.RaftServerConfigKeys (ConfUtils.java:logGet(43)) - raft.server.watch.element-limit = 65536 (default)
2019-09-19 14:38:23,454 [0dde4a13-db22-45ad-8ae4-adbffc53faa4:group-935AFA0322E7:LeaderElection37] INFO  impl.RoleInfo (RoleInfo.java:updateAndGet(143)) - 0dde4a13-db22-45ad-8ae4-adbffc53faa4: start LeaderState
2019-09-19 14:38:23,454 [9acfc684-f025-4851-a671-9506a9a8f647:group-51156050FCD5:LeaderElection38] INFO  impl.RoleInfo (RoleInfo.java:updateAndGet(143)) - 9acfc684-f025-4851-a671-9506a9a8f647: start LeaderState
2019-09-19 14:38:23,454 [0dde4a13-db22-45ad-8ae4-adbffc53faa4:group-935AFA0322E7:LeaderElection37] INFO  segmented.SegmentedRaftLogWorker (SegmentedRaftLogWorker.java:startLogSegment(380)) - 0dde4a13-db22-45ad-8ae4-adbffc53faa4-SegmentedRaftLogWorker:Storage Directory /workdir/hadoop-ozone/ozonefs/target/test-dir/MiniOzoneClusterImpl-ca0b0e9e-6896-4a7b-b208-9ea04bbb623c/datanode-0/data/ratis/41abb61c-a9da-44a4-babd-935afa0322e7: Starting segment from index:0
2019-09-19 14:38:23,455 [9acfc684-f025-4851-a671-9506a9a8f647:group-51156050FCD5:LeaderElection38] INFO  segmented.SegmentedRaftLogWorker (SegmentedRaftLogWorker.java:startLogSegment(380)) - 9acfc684-f025-4851-a671-9506a9a8f647-SegmentedRaftLogWorker:Storage Directory /workdir/hadoop-ozone/ozonefs/target/test-dir/MiniOzoneClusterImpl-ca0b0e9e-6896-4a7b-b208-9ea04bbb623c/datanode-1/data/ratis/dbb6e88e-1893-4704-8028-51156050fcd5: Starting segment from index:0
2019-09-19 14:38:23,455 [0dde4a13-db22-45ad-8ae4-adbffc53faa4:group-935AFA0322E7:LeaderElection37] INFO  impl.RaftServerImpl (ServerState.java:setRaftConf(361)) - 0dde4a13-db22-45ad-8ae4-adbffc53faa4:group-935AFA0322E7 set configuration 0: [0dde4a13-db22-45ad-8ae4-adbffc53faa4:192.168.5.132:40506], old=null at 0
2019-09-19 14:38:23,455 [9acfc684-f025-4851-a671-9506a9a8f647:group-51156050FCD5:LeaderElection38] INFO  impl.RaftServerImpl (ServerState.java:setRaftConf(361)) - 9acfc684-f025-4851-a671-9506a9a8f647:group-51156050FCD5 set configuration 0: [9acfc684-f025-4851-a671-9506a9a8f647:192.168.5.132:43107], old=null at 0
2019-09-19 14:38:23,514 [0dde4a13-db22-45ad-8ae4-adbffc53faa4-SegmentedRaftLogWorker:Storage Directory /workdir/hadoop-ozone/ozonefs/target/test-dir/MiniOzoneClusterImpl-ca0b0e9e-6896-4a7b-b208-9ea04bbb623c/datanode-0/data/ratis/41abb61c-a9da-44a4-babd-935afa0322e7] INFO  segmented.SegmentedRaftLogWorker (SegmentedRaftLogWorker.java:execute(569)) - 0dde4a13-db22-45ad-8ae4-adbffc53faa4-SegmentedRaftLogWorker:Storage Directory /workdir/hadoop-ozone/ozonefs/target/test-dir/MiniOzoneClusterImpl-ca0b0e9e-6896-4a7b-b208-9ea04bbb623c/datanode-0/data/ratis/41abb61c-a9da-44a4-babd-935afa0322e7: created new log segment /workdir/hadoop-ozone/ozonefs/target/test-dir/MiniOzoneClusterImpl-ca0b0e9e-6896-4a7b-b208-9ea04bbb623c/datanode-0/data/ratis/41abb61c-a9da-44a4-babd-935afa0322e7/current/log_inprogress_0
2019-09-19 14:38:23,514 [9acfc684-f025-4851-a671-9506a9a8f647-SegmentedRaftLogWorker:Storage Directory /workdir/hadoop-ozone/ozonefs/target/test-dir/MiniOzoneClusterImpl-ca0b0e9e-6896-4a7b-b208-9ea04bbb623c/datanode-1/data/ratis/dbb6e88e-1893-4704-8028-51156050fcd5] INFO  segmented.SegmentedRaftLogWorker (SegmentedRaftLogWorker.java:execute(569)) - 9acfc684-f025-4851-a671-9506a9a8f647-SegmentedRaftLogWorker:Storage Directory /workdir/hadoop-ozone/ozonefs/target/test-dir/MiniOzoneClusterImpl-ca0b0e9e-6896-4a7b-b208-9ea04bbb623c/datanode-1/data/ratis/dbb6e88e-1893-4704-8028-51156050fcd5: created new log segment /workdir/hadoop-ozone/ozonefs/target/test-dir/MiniOzoneClusterImpl-ca0b0e9e-6896-4a7b-b208-9ea04bbb623c/datanode-1/data/ratis/dbb6e88e-1893-4704-8028-51156050fcd5/current/log_inprogress_0
2019-09-19 14:38:23,562 [Thread-725] INFO  impl.FollowerState (FollowerState.java:run(106)) - 0dde4a13-db22-45ad-8ae4-adbffc53faa4:group-F6B0BCD16AFD changes to CANDIDATE, lastRpcTime:5130, electionTimeout:5130ms
2019-09-19 14:38:23,562 [Thread-725] INFO  impl.RoleInfo (RoleInfo.java:shutdownFollowerState(121)) - 0dde4a13-db22-45ad-8ae4-adbffc53faa4: shutdown FollowerState
2019-09-19 14:38:23,562 [Thread-725] INFO  impl.RaftServerImpl (RaftServerImpl.java:setRole(171)) - 0dde4a13-db22-45ad-8ae4-adbffc53faa4:group-F6B0BCD16AFD changes role from FOLLOWER to CANDIDATE at term 0 for changeToCandidate
2019-09-19 14:38:23,562 [Thread-725] INFO  impl.RoleInfo (RoleInfo.java:updateAndGet(143)) - 0dde4a13-db22-45ad-8ae4-adbffc53faa4: start LeaderElection
2019-09-19 14:38:23,596 [0dde4a13-db22-45ad-8ae4-adbffc53faa4:group-F6B0BCD16AFD:LeaderElection39] INFO  impl.LeaderElection (LeaderElection.java:askForVotes(181)) - 0dde4a13-db22-45ad-8ae4-adbffc53faa4:group-F6B0BCD16AFD:LeaderElection39: begin an election at term 1 for -1: [0dde4a13-db22-45ad-8ae4-adbffc53faa4:192.168.5.132:40506], old=null
2019-09-19 14:38:23,596 [0dde4a13-db22-45ad-8ae4-adbffc53faa4:group-F6B0BCD16AFD:LeaderElection39] INFO  impl.RoleInfo (RoleInfo.java:shutdownLeaderElection(134)) - 0dde4a13-db22-45ad-8ae4-adbffc53faa4: shutdown LeaderElection
2019-09-19 14:38:23,596 [0dde4a13-db22-45ad-8ae4-adbffc53faa4:group-F6B0BCD16AFD:LeaderElection39] INFO  impl.RaftServerImpl (RaftServerImpl.java:setRole(171)) - 0dde4a13-db22-45ad-8ae4-adbffc53faa4:group-F6B0BCD16AFD changes role from CANDIDATE to LEADER at term 1 for changeToLeader
2019-09-19 14:38:23,596 [0dde4a13-db22-45ad-8ae4-adbffc53faa4:group-F6B0BCD16AFD:LeaderElection39] INFO  impl.RaftServerImpl (ServerState.java:setLeader(263)) - 0dde4a13-db22-45ad-8ae4-adbffc53faa4:group-F6B0BCD16AFD change Leader from null to 0dde4a13-db22-45ad-8ae4-adbffc53faa4 at term 1 for becomeLeader, leader elected after 5169ms
2019-09-19 14:38:23,596 [0dde4a13-db22-45ad-8ae4-adbffc53faa4:group-F6B0BCD16AFD:LeaderElection39] INFO  server.RaftServerConfigKeys (ConfUtils.java:logGet(43)) - raft.server.staging.catchup.gap = 1000 (default)
2019-09-19 14:38:23,596 [0dde4a13-db22-45ad-8ae4-adbffc53faa4:group-F6B0BCD16AFD:LeaderElection39] INFO  server.RaftServerConfigKeys (ConfUtils.java:logGet(43)) - raft.server.rpc.sleep.time = 25ms (default)
2019-09-19 14:38:23,597 [0dde4a13-db22-45ad-8ae4-adbffc53faa4:group-F6B0BCD16AFD:LeaderElection39] INFO  server.RaftServerConfigKeys (ConfUtils.java:logGet(43)) - raft.server.write.element-limit = 4096 (default)
2019-09-19 14:38:23,597 [0dde4a13-db22-45ad-8ae4-adbffc53faa4:group-F6B0BCD16AFD:LeaderElection39] INFO  server.RaftServerConfigKeys (ConfUtils.java:logGet(43)) - raft.server.watch.timeout = 10s (default)
2019-09-19 14:38:23,597 [0dde4a13-db22-45ad-8ae4-adbffc53faa4:group-F6B0BCD16AFD:LeaderElection39] INFO  server.RaftServerConfigKeys (ConfUtils.java:logGet(43)) - raft.server.watch.timeout.denomination = 1s (default)
2019-09-19 14:38:23,597 [0dde4a13-db22-45ad-8ae4-adbffc53faa4:group-F6B0BCD16AFD:LeaderElection39] INFO  server.RaftServerConfigKeys (ConfUtils.java:logGet(43)) - raft.server.watch.element-limit = 65536 (default)
2019-09-19 14:38:23,597 [0dde4a13-db22-45ad-8ae4-adbffc53faa4:group-F6B0BCD16AFD:LeaderElection39] INFO  impl.RoleInfo (RoleInfo.java:updateAndGet(143)) - 0dde4a13-db22-45ad-8ae4-adbffc53faa4: start LeaderState
2019-09-19 14:38:23,598 [0dde4a13-db22-45ad-8ae4-adbffc53faa4:group-F6B0BCD16AFD:LeaderElection39] INFO  segmented.SegmentedRaftLogWorker (SegmentedRaftLogWorker.java:startLogSegment(380)) - 0dde4a13-db22-45ad-8ae4-adbffc53faa4-SegmentedRaftLogWorker:Storage Directory /workdir/hadoop-ozone/ozonefs/target/test-dir/MiniOzoneClusterImpl-ca0b0e9e-6896-4a7b-b208-9ea04bbb623c/datanode-0/data/ratis/031846c2-1d0b-4188-90db-f6b0bcd16afd: Starting segment from index:0
2019-09-19 14:38:23,598 [0dde4a13-db22-45ad-8ae4-adbffc53faa4:group-F6B0BCD16AFD:LeaderElection39] INFO  impl.RaftServerImpl (ServerState.java:setRaftConf(361)) - 0dde4a13-db22-45ad-8ae4-adbffc53faa4:group-F6B0BCD16AFD set configuration 0: [0dde4a13-db22-45ad-8ae4-adbffc53faa4:192.168.5.132:40506], old=null at 0
2019-09-19 14:38:23,640 [Thread-728] INFO  impl.FollowerState (FollowerState.java:run(106)) - afbc86cd-608c-4927-90cf-3a7f1e6aa679:group-DE2FE862C8C8 changes to CANDIDATE, lastRpcTime:5139, electionTimeout:5139ms
2019-09-19 14:38:23,640 [Thread-728] INFO  impl.RoleInfo (RoleInfo.java:shutdownFollowerState(121)) - afbc86cd-608c-4927-90cf-3a7f1e6aa679: shutdown FollowerState
2019-09-19 14:38:23,640 [Thread-728] INFO  impl.RaftServerImpl (RaftServerImpl.java:setRole(171)) - afbc86cd-608c-4927-90cf-3a7f1e6aa679:group-DE2FE862C8C8 changes role from FOLLOWER to CANDIDATE at term 0 for changeToCandidate
2019-09-19 14:38:23,641 [Thread-728] INFO  impl.RoleInfo (RoleInfo.java:updateAndGet(143)) - afbc86cd-608c-4927-90cf-3a7f1e6aa679: start LeaderElection
2019-09-19 14:38:23,676 [0dde4a13-db22-45ad-8ae4-adbffc53faa4-SegmentedRaftLogWorker:Storage Directory /workdir/hadoop-ozone/ozonefs/target/test-dir/MiniOzoneClusterImpl-ca0b0e9e-6896-4a7b-b208-9ea04bbb623c/datanode-0/data/ratis/031846c2-1d0b-4188-90db-f6b0bcd16afd] INFO  segmented.SegmentedRaftLogWorker (SegmentedRaftLogWorker.java:execute(569)) - 0dde4a13-db22-45ad-8ae4-adbffc53faa4-SegmentedRaftLogWorker:Storage Directory /workdir/hadoop-ozone/ozonefs/target/test-dir/MiniOzoneClusterImpl-ca0b0e9e-6896-4a7b-b208-9ea04bbb623c/datanode-0/data/ratis/031846c2-1d0b-4188-90db-f6b0bcd16afd: created new log segment /workdir/hadoop-ozone/ozonefs/target/test-dir/MiniOzoneClusterImpl-ca0b0e9e-6896-4a7b-b208-9ea04bbb623c/datanode-0/data/ratis/031846c2-1d0b-4188-90db-f6b0bcd16afd/current/log_inprogress_0
2019-09-19 14:38:23,676 [afbc86cd-608c-4927-90cf-3a7f1e6aa679:group-DE2FE862C8C8:LeaderElection40] INFO  impl.LeaderElection (LeaderElection.java:askForVotes(181)) - afbc86cd-608c-4927-90cf-3a7f1e6aa679:group-DE2FE862C8C8:LeaderElection40: begin an election at term 1 for -1: [afbc86cd-608c-4927-90cf-3a7f1e6aa679:192.168.5.132:43206], old=null
2019-09-19 14:38:23,676 [afbc86cd-608c-4927-90cf-3a7f1e6aa679:group-DE2FE862C8C8:LeaderElection40] INFO  impl.RoleInfo (RoleInfo.java:shutdownLeaderElection(134)) - afbc86cd-608c-4927-90cf-3a7f1e6aa679: shutdown LeaderElection
2019-09-19 14:38:23,676 [afbc86cd-608c-4927-90cf-3a7f1e6aa679:group-DE2FE862C8C8:LeaderElection40] INFO  impl.RaftServerImpl (RaftServerImpl.java:setRole(171)) - afbc86cd-608c-4927-90cf-3a7f1e6aa679:group-DE2FE862C8C8 changes role from CANDIDATE to LEADER at term 1 for changeToLeader
2019-09-19 14:38:23,677 [afbc86cd-608c-4927-90cf-3a7f1e6aa679:group-DE2FE862C8C8:LeaderElection40] INFO  impl.RaftServerImpl (ServerState.java:setLeader(263)) - afbc86cd-608c-4927-90cf-3a7f1e6aa679:group-DE2FE862C8C8 change Leader from null to afbc86cd-608c-4927-90cf-3a7f1e6aa679 at term 1 for becomeLeader, leader elected after 5180ms
2019-09-19 14:38:23,677 [afbc86cd-608c-4927-90cf-3a7f1e6aa679:group-DE2FE862C8C8:LeaderElection40] INFO  server.RaftServerConfigKeys (ConfUtils.java:logGet(43)) - raft.server.staging.catchup.gap = 1000 (default)
2019-09-19 14:38:23,677 [afbc86cd-608c-4927-90cf-3a7f1e6aa679:group-DE2FE862C8C8:LeaderElection40] INFO  server.RaftServerConfigKeys (ConfUtils.java:logGet(43)) - raft.server.rpc.sleep.time = 25ms (default)
2019-09-19 14:38:23,677 [afbc86cd-608c-4927-90cf-3a7f1e6aa679:group-DE2FE862C8C8:LeaderElection40] INFO  server.RaftServerConfigKeys (ConfUtils.java:logGet(43)) - raft.server.write.element-limit = 4096 (default)
2019-09-19 14:38:23,677 [afbc86cd-608c-4927-90cf-3a7f1e6aa679:group-DE2FE862C8C8:LeaderElection40] INFO  server.RaftServerConfigKeys (ConfUtils.java:logGet(43)) - raft.server.watch.timeout = 10s (default)
2019-09-19 14:38:23,677 [afbc86cd-608c-4927-90cf-3a7f1e6aa679:group-DE2FE862C8C8:LeaderElection40] INFO  server.RaftServerConfigKeys (ConfUtils.java:logGet(43)) - raft.server.watch.timeout.denomination = 1s (default)
2019-09-19 14:38:23,678 [afbc86cd-608c-4927-90cf-3a7f1e6aa679:group-DE2FE862C8C8:LeaderElection40] INFO  server.RaftServerConfigKeys (ConfUtils.java:logGet(43)) - raft.server.watch.element-limit = 65536 (default)
2019-09-19 14:38:23,678 [afbc86cd-608c-4927-90cf-3a7f1e6aa679:group-DE2FE862C8C8:LeaderElection40] INFO  impl.RoleInfo (RoleInfo.java:updateAndGet(143)) - afbc86cd-608c-4927-90cf-3a7f1e6aa679: start LeaderState
2019-09-19 14:38:23,678 [afbc86cd-608c-4927-90cf-3a7f1e6aa679:group-DE2FE862C8C8:LeaderElection40] INFO  segmented.SegmentedRaftLogWorker (SegmentedRaftLogWorker.java:startLogSegment(380)) - afbc86cd-608c-4927-90cf-3a7f1e6aa679-SegmentedRaftLogWorker:Storage Directory /workdir/hadoop-ozone/ozonefs/target/test-dir/MiniOzoneClusterImpl-ca0b0e9e-6896-4a7b-b208-9ea04bbb623c/datanode-2/data/ratis/5cbfab43-99a7-4122-a13b-de2fe862c8c8: Starting segment from index:0
2019-09-19 14:38:23,679 [afbc86cd-608c-4927-90cf-3a7f1e6aa679:group-DE2FE862C8C8:LeaderElection40] INFO  impl.RaftServerImpl (ServerState.java:setRaftConf(361)) - afbc86cd-608c-4927-90cf-3a7f1e6aa679:group-DE2FE862C8C8 set configuration 0: [afbc86cd-608c-4927-90cf-3a7f1e6aa679:192.168.5.132:43206], old=null at 0
2019-09-19 14:38:23,732 [Thread-731] INFO  impl.FollowerState (FollowerState.java:run(106)) - 9acfc684-f025-4851-a671-9506a9a8f647:group-FA0F9881526E changes to CANDIDATE, lastRpcTime:5164, electionTimeout:5164ms
2019-09-19 14:38:23,733 [Thread-731] INFO  impl.RoleInfo (RoleInfo.java:shutdownFollowerState(121)) - 9acfc684-f025-4851-a671-9506a9a8f647: shutdown FollowerState
2019-09-19 14:38:23,733 [Thread-731] INFO  impl.RaftServerImpl (RaftServerImpl.java:setRole(171)) - 9acfc684-f025-4851-a671-9506a9a8f647:group-FA0F9881526E changes role from FOLLOWER to CANDIDATE at term 0 for changeToCandidate
2019-09-19 14:38:23,733 [Thread-731] INFO  impl.RoleInfo (RoleInfo.java:updateAndGet(143)) - 9acfc684-f025-4851-a671-9506a9a8f647: start LeaderElection
2019-09-19 14:38:23,741 [afbc86cd-608c-4927-90cf-3a7f1e6aa679-SegmentedRaftLogWorker:Storage Directory /workdir/hadoop-ozone/ozonefs/target/test-dir/MiniOzoneClusterImpl-ca0b0e9e-6896-4a7b-b208-9ea04bbb623c/datanode-2/data/ratis/5cbfab43-99a7-4122-a13b-de2fe862c8c8] INFO  segmented.SegmentedRaftLogWorker (SegmentedRaftLogWorker.java:execute(569)) - afbc86cd-608c-4927-90cf-3a7f1e6aa679-SegmentedRaftLogWorker:Storage Directory /workdir/hadoop-ozone/ozonefs/target/test-dir/MiniOzoneClusterImpl-ca0b0e9e-6896-4a7b-b208-9ea04bbb623c/datanode-2/data/ratis/5cbfab43-99a7-4122-a13b-de2fe862c8c8: created new log segment /workdir/hadoop-ozone/ozonefs/target/test-dir/MiniOzoneClusterImpl-ca0b0e9e-6896-4a7b-b208-9ea04bbb623c/datanode-2/data/ratis/5cbfab43-99a7-4122-a13b-de2fe862c8c8/current/log_inprogress_0
2019-09-19 14:38:23,762 [9acfc684-f025-4851-a671-9506a9a8f647:group-FA0F9881526E:LeaderElection41] INFO  impl.LeaderElection (LeaderElection.java:askForVotes(181)) - 9acfc684-f025-4851-a671-9506a9a8f647:group-FA0F9881526E:LeaderElection41: begin an election at term 1 for -1: [9acfc684-f025-4851-a671-9506a9a8f647:192.168.5.132:43107], old=null
2019-09-19 14:38:23,762 [9acfc684-f025-4851-a671-9506a9a8f647:group-FA0F9881526E:LeaderElection41] INFO  impl.RoleInfo (RoleInfo.java:shutdownLeaderElection(134)) - 9acfc684-f025-4851-a671-9506a9a8f647: shutdown LeaderElection
2019-09-19 14:38:23,763 [9acfc684-f025-4851-a671-9506a9a8f647:group-FA0F9881526E:LeaderElection41] INFO  impl.RaftServerImpl (RaftServerImpl.java:setRole(171)) - 9acfc684-f025-4851-a671-9506a9a8f647:group-FA0F9881526E changes role from CANDIDATE to LEADER at term 1 for changeToLeader
2019-09-19 14:38:23,763 [9acfc684-f025-4851-a671-9506a9a8f647:group-FA0F9881526E:LeaderElection41] INFO  impl.RaftServerImpl (ServerState.java:setLeader(263)) - 9acfc684-f025-4851-a671-9506a9a8f647:group-FA0F9881526E change Leader from null to 9acfc684-f025-4851-a671-9506a9a8f647 at term 1 for becomeLeader, leader elected after 5199ms
2019-09-19 14:38:23,763 [9acfc684-f025-4851-a671-9506a9a8f647:group-FA0F9881526E:LeaderElection41] INFO  server.RaftServerConfigKeys (ConfUtils.java:logGet(43)) - raft.server.staging.catchup.gap = 1000 (default)
2019-09-19 14:38:23,763 [9acfc684-f025-4851-a671-9506a9a8f647:group-FA0F9881526E:LeaderElection41] INFO  server.RaftServerConfigKeys (ConfUtils.java:logGet(43)) - raft.server.rpc.sleep.time = 25ms (default)
2019-09-19 14:38:23,763 [9acfc684-f025-4851-a671-9506a9a8f647:group-FA0F9881526E:LeaderElection41] INFO  server.RaftServerConfigKeys (ConfUtils.java:logGet(43)) - raft.server.write.element-limit = 4096 (default)
2019-09-19 14:38:23,763 [9acfc684-f025-4851-a671-9506a9a8f647:group-FA0F9881526E:LeaderElection41] INFO  server.RaftServerConfigKeys (ConfUtils.java:logGet(43)) - raft.server.watch.timeout = 10s (default)
2019-09-19 14:38:23,764 [9acfc684-f025-4851-a671-9506a9a8f647:group-FA0F9881526E:LeaderElection41] INFO  server.RaftServerConfigKeys (ConfUtils.java:logGet(43)) - raft.server.watch.timeout.denomination = 1s (default)
2019-09-19 14:38:23,764 [9acfc684-f025-4851-a671-9506a9a8f647:group-FA0F9881526E:LeaderElection41] INFO  server.RaftServerConfigKeys (ConfUtils.java:logGet(43)) - raft.server.watch.element-limit = 65536 (default)
2019-09-19 14:38:23,764 [9acfc684-f025-4851-a671-9506a9a8f647:group-FA0F9881526E:LeaderElection41] INFO  impl.RoleInfo (RoleInfo.java:updateAndGet(143)) - 9acfc684-f025-4851-a671-9506a9a8f647: start LeaderState
2019-09-19 14:38:23,764 [9acfc684-f025-4851-a671-9506a9a8f647:group-FA0F9881526E:LeaderElection41] INFO  segmented.SegmentedRaftLogWorker (SegmentedRaftLogWorker.java:startLogSegment(380)) - 9acfc684-f025-4851-a671-9506a9a8f647-SegmentedRaftLogWorker:Storage Directory /workdir/hadoop-ozone/ozonefs/target/test-dir/MiniOzoneClusterImpl-ca0b0e9e-6896-4a7b-b208-9ea04bbb623c/datanode-1/data/ratis/8da7a3ec-3b62-4f33-b2ad-fa0f9881526e: Starting segment from index:0
2019-09-19 14:38:23,765 [9acfc684-f025-4851-a671-9506a9a8f647:group-FA0F9881526E:LeaderElection41] INFO  impl.RaftServerImpl (ServerState.java:setRaftConf(361)) - 9acfc684-f025-4851-a671-9506a9a8f647:group-FA0F9881526E set configuration 0: [9acfc684-f025-4851-a671-9506a9a8f647:192.168.5.132:43107], old=null at 0
2019-09-19 14:38:23,809 [Thread-734] INFO  impl.FollowerState (FollowerState.java:run(106)) - afbc86cd-608c-4927-90cf-3a7f1e6aa679:group-006381C45AA9 changes to CANDIDATE, lastRpcTime:5148, electionTimeout:5148ms
2019-09-19 14:38:23,810 [Thread-734] INFO  impl.RoleInfo (RoleInfo.java:shutdownFollowerState(121)) - afbc86cd-608c-4927-90cf-3a7f1e6aa679: shutdown FollowerState
2019-09-19 14:38:23,810 [Thread-734] INFO  impl.RaftServerImpl (RaftServerImpl.java:setRole(171)) - afbc86cd-608c-4927-90cf-3a7f1e6aa679:group-006381C45AA9 changes role from FOLLOWER to CANDIDATE at term 0 for changeToCandidate
2019-09-19 14:38:23,810 [Thread-734] INFO  impl.RoleInfo (RoleInfo.java:updateAndGet(143)) - afbc86cd-608c-4927-90cf-3a7f1e6aa679: start LeaderElection
2019-09-19 14:38:23,827 [9acfc684-f025-4851-a671-9506a9a8f647-SegmentedRaftLogWorker:Storage Directory /workdir/hadoop-ozone/ozonefs/target/test-dir/MiniOzoneClusterImpl-ca0b0e9e-6896-4a7b-b208-9ea04bbb623c/datanode-1/data/ratis/8da7a3ec-3b62-4f33-b2ad-fa0f9881526e] INFO  segmented.SegmentedRaftLogWorker (SegmentedRaftLogWorker.java:execute(569)) - 9acfc684-f025-4851-a671-9506a9a8f647-SegmentedRaftLogWorker:Storage Directory /workdir/hadoop-ozone/ozonefs/target/test-dir/MiniOzoneClusterImpl-ca0b0e9e-6896-4a7b-b208-9ea04bbb623c/datanode-1/data/ratis/8da7a3ec-3b62-4f33-b2ad-fa0f9881526e: created new log segment /workdir/hadoop-ozone/ozonefs/target/test-dir/MiniOzoneClusterImpl-ca0b0e9e-6896-4a7b-b208-9ea04bbb623c/datanode-1/data/ratis/8da7a3ec-3b62-4f33-b2ad-fa0f9881526e/current/log_inprogress_0
2019-09-19 14:38:23,843 [Thread-740] INFO  impl.FollowerState (FollowerState.java:run(106)) - 9acfc684-f025-4851-a671-9506a9a8f647:group-3FF384D089C0 changes to CANDIDATE, lastRpcTime:5041, electionTimeout:5041ms
2019-09-19 14:38:23,843 [Thread-740] INFO  impl.RoleInfo (RoleInfo.java:shutdownFollowerState(121)) - 9acfc684-f025-4851-a671-9506a9a8f647: shutdown FollowerState
2019-09-19 14:38:23,843 [Thread-740] INFO  impl.RaftServerImpl (RaftServerImpl.java:setRole(171)) - 9acfc684-f025-4851-a671-9506a9a8f647:group-3FF384D089C0 changes role from FOLLOWER to CANDIDATE at term 0 for changeToCandidate
2019-09-19 14:38:23,843 [Thread-740] INFO  impl.RoleInfo (RoleInfo.java:updateAndGet(143)) - 9acfc684-f025-4851-a671-9506a9a8f647: start LeaderElection
2019-09-19 14:38:23,878 [afbc86cd-608c-4927-90cf-3a7f1e6aa679:group-006381C45AA9:LeaderElection42] INFO  impl.LeaderElection (LeaderElection.java:askForVotes(181)) - afbc86cd-608c-4927-90cf-3a7f1e6aa679:group-006381C45AA9:LeaderElection42: begin an election at term 1 for -1: [afbc86cd-608c-4927-90cf-3a7f1e6aa679:192.168.5.132:43206], old=null
2019-09-19 14:38:23,879 [afbc86cd-608c-4927-90cf-3a7f1e6aa679:group-006381C45AA9:LeaderElection42] INFO  impl.RoleInfo (RoleInfo.java:shutdownLeaderElection(134)) - afbc86cd-608c-4927-90cf-3a7f1e6aa679: shutdown LeaderElection
2019-09-19 14:38:23,879 [afbc86cd-608c-4927-90cf-3a7f1e6aa679:group-006381C45AA9:LeaderElection42] INFO  impl.RaftServerImpl (RaftServerImpl.java:setRole(171)) - afbc86cd-608c-4927-90cf-3a7f1e6aa679:group-006381C45AA9 changes role from CANDIDATE to LEADER at term 1 for changeToLeader
2019-09-19 14:38:23,879 [afbc86cd-608c-4927-90cf-3a7f1e6aa679:group-006381C45AA9:LeaderElection42] INFO  impl.RaftServerImpl (ServerState.java:setLeader(263)) - afbc86cd-608c-4927-90cf-3a7f1e6aa679:group-006381C45AA9 change Leader from null to afbc86cd-608c-4927-90cf-3a7f1e6aa679 at term 1 for becomeLeader, leader elected after 5224ms
2019-09-19 14:38:23,879 [afbc86cd-608c-4927-90cf-3a7f1e6aa679:group-006381C45AA9:LeaderElection42] INFO  server.RaftServerConfigKeys (ConfUtils.java:logGet(43)) - raft.server.staging.catchup.gap = 1000 (default)
2019-09-19 14:38:23,879 [afbc86cd-608c-4927-90cf-3a7f1e6aa679:group-006381C45AA9:LeaderElection42] INFO  server.RaftServerConfigKeys (ConfUtils.java:logGet(43)) - raft.server.rpc.sleep.time = 25ms (default)
2019-09-19 14:38:23,880 [afbc86cd-608c-4927-90cf-3a7f1e6aa679:group-006381C45AA9:LeaderElection42] INFO  server.RaftServerConfigKeys (ConfUtils.java:logGet(43)) - raft.server.write.element-limit = 4096 (default)
2019-09-19 14:38:23,880 [afbc86cd-608c-4927-90cf-3a7f1e6aa679:group-006381C45AA9:LeaderElection42] INFO  server.RaftServerConfigKeys (ConfUtils.java:logGet(43)) - raft.server.watch.timeout = 10s (default)
2019-09-19 14:38:23,880 [afbc86cd-608c-4927-90cf-3a7f1e6aa679:group-006381C45AA9:LeaderElection42] INFO  server.RaftServerConfigKeys (ConfUtils.java:logGet(43)) - raft.server.watch.timeout.denomination = 1s (default)
2019-09-19 14:38:23,880 [afbc86cd-608c-4927-90cf-3a7f1e6aa679:group-006381C45AA9:LeaderElection42] INFO  server.RaftServerConfigKeys (ConfUtils.java:logGet(43)) - raft.server.watch.element-limit = 65536 (default)
2019-09-19 14:38:23,881 [afbc86cd-608c-4927-90cf-3a7f1e6aa679:group-006381C45AA9:LeaderElection42] INFO  impl.RoleInfo (RoleInfo.java:updateAndGet(143)) - afbc86cd-608c-4927-90cf-3a7f1e6aa679: start LeaderState
2019-09-19 14:38:23,881 [afbc86cd-608c-4927-90cf-3a7f1e6aa679:group-006381C45AA9:LeaderElection42] INFO  segmented.SegmentedRaftLogWorker (SegmentedRaftLogWorker.java:startLogSegment(380)) - afbc86cd-608c-4927-90cf-3a7f1e6aa679-SegmentedRaftLogWorker:Storage Directory /workdir/hadoop-ozone/ozonefs/target/test-dir/MiniOzoneClusterImpl-ca0b0e9e-6896-4a7b-b208-9ea04bbb623c/datanode-2/data/ratis/38cbc2bd-d5e9-4abe-894e-006381c45aa9: Starting segment from index:0
2019-09-19 14:38:23,882 [afbc86cd-608c-4927-90cf-3a7f1e6aa679:group-006381C45AA9:LeaderElection42] INFO  impl.RaftServerImpl (ServerState.java:setRaftConf(361)) - afbc86cd-608c-4927-90cf-3a7f1e6aa679:group-006381C45AA9 set configuration 0: [afbc86cd-608c-4927-90cf-3a7f1e6aa679:192.168.5.132:43206], old=null at 0
2019-09-19 14:38:23,892 [9acfc684-f025-4851-a671-9506a9a8f647:group-3FF384D089C0:LeaderElection43] INFO  impl.LeaderElection (LeaderElection.java:askForVotes(181)) - 9acfc684-f025-4851-a671-9506a9a8f647:group-3FF384D089C0:LeaderElection43: begin an election at term 1 for -1: [9acfc684-f025-4851-a671-9506a9a8f647:192.168.5.132:43107], old=null
2019-09-19 14:38:23,892 [9acfc684-f025-4851-a671-9506a9a8f647:group-3FF384D089C0:LeaderElection43] INFO  impl.RoleInfo (RoleInfo.java:shutdownLeaderElection(134)) - 9acfc684-f025-4851-a671-9506a9a8f647: shutdown LeaderElection
2019-09-19 14:38:23,892 [9acfc684-f025-4851-a671-9506a9a8f647:group-3FF384D089C0:LeaderElection43] INFO  impl.RaftServerImpl (RaftServerImpl.java:setRole(171)) - 9acfc684-f025-4851-a671-9506a9a8f647:group-3FF384D089C0 changes role from CANDIDATE to LEADER at term 1 for changeToLeader
2019-09-19 14:38:23,892 [9acfc684-f025-4851-a671-9506a9a8f647:group-3FF384D089C0:LeaderElection43] INFO  impl.RaftServerImpl (ServerState.java:setLeader(263)) - 9acfc684-f025-4851-a671-9506a9a8f647:group-3FF384D089C0 change Leader from null to 9acfc684-f025-4851-a671-9506a9a8f647 at term 1 for becomeLeader, leader elected after 5095ms
2019-09-19 14:38:23,892 [9acfc684-f025-4851-a671-9506a9a8f647:group-3FF384D089C0:LeaderElection43] INFO  server.RaftServerConfigKeys (ConfUtils.java:logGet(43)) - raft.server.staging.catchup.gap = 1000 (default)
2019-09-19 14:38:23,893 [9acfc684-f025-4851-a671-9506a9a8f647:group-3FF384D089C0:LeaderElection43] INFO  server.RaftServerConfigKeys (ConfUtils.java:logGet(43)) - raft.server.rpc.sleep.time = 25ms (default)
2019-09-19 14:38:23,893 [9acfc684-f025-4851-a671-9506a9a8f647:group-3FF384D089C0:LeaderElection43] INFO  server.RaftServerConfigKeys (ConfUtils.java:logGet(43)) - raft.server.write.element-limit = 4096 (default)
2019-09-19 14:38:23,893 [9acfc684-f025-4851-a671-9506a9a8f647:group-3FF384D089C0:LeaderElection43] INFO  server.RaftServerConfigKeys (ConfUtils.java:logGet(43)) - raft.server.watch.timeout = 10s (default)
2019-09-19 14:38:23,893 [9acfc684-f025-4851-a671-9506a9a8f647:group-3FF384D089C0:LeaderElection43] INFO  server.RaftServerConfigKeys (ConfUtils.java:logGet(43)) - raft.server.watch.timeout.denomination = 1s (default)
2019-09-19 14:38:23,893 [9acfc684-f025-4851-a671-9506a9a8f647:group-3FF384D089C0:LeaderElection43] INFO  server.RaftServerConfigKeys (ConfUtils.java:logGet(43)) - raft.server.watch.element-limit = 65536 (default)
2019-09-19 14:38:23,894 [9acfc684-f025-4851-a671-9506a9a8f647:group-3FF384D089C0:LeaderElection43] INFO  impl.RoleInfo (RoleInfo.java:updateAndGet(143)) - 9acfc684-f025-4851-a671-9506a9a8f647: start LeaderState
2019-09-19 14:38:23,894 [9acfc684-f025-4851-a671-9506a9a8f647:group-3FF384D089C0:LeaderElection43] INFO  segmented.SegmentedRaftLogWorker (SegmentedRaftLogWorker.java:startLogSegment(380)) - 9acfc684-f025-4851-a671-9506a9a8f647-SegmentedRaftLogWorker:Storage Directory /workdir/hadoop-ozone/ozonefs/target/test-dir/MiniOzoneClusterImpl-ca0b0e9e-6896-4a7b-b208-9ea04bbb623c/datanode-1/data/ratis/d1837fe0-9092-4453-b2d0-3ff384d089c0: Starting segment from index:0
2019-09-19 14:38:23,895 [Thread-737] INFO  impl.FollowerState (FollowerState.java:run(106)) - 9acfc684-f025-4851-a671-9506a9a8f647:group-DAFAA70CFE8E changes to CANDIDATE, lastRpcTime:5160, electionTimeout:5160ms
2019-09-19 14:38:23,895 [9acfc684-f025-4851-a671-9506a9a8f647:group-3FF384D089C0:LeaderElection43] INFO  impl.RaftServerImpl (ServerState.java:setRaftConf(361)) - 9acfc684-f025-4851-a671-9506a9a8f647:group-3FF384D089C0 set configuration 0: [9acfc684-f025-4851-a671-9506a9a8f647:192.168.5.132:43107], old=null at 0
2019-09-19 14:38:23,895 [Thread-737] INFO  impl.RoleInfo (RoleInfo.java:shutdownFollowerState(121)) - 9acfc684-f025-4851-a671-9506a9a8f647: shutdown FollowerState
2019-09-19 14:38:23,895 [Thread-737] INFO  impl.RaftServerImpl (RaftServerImpl.java:setRole(171)) - 9acfc684-f025-4851-a671-9506a9a8f647:group-DAFAA70CFE8E changes role from FOLLOWER to CANDIDATE at term 0 for changeToCandidate
2019-09-19 14:38:23,895 [Thread-737] INFO  impl.RoleInfo (RoleInfo.java:updateAndGet(143)) - 9acfc684-f025-4851-a671-9506a9a8f647: start LeaderElection
2019-09-19 14:38:23,936 [9acfc684-f025-4851-a671-9506a9a8f647-SegmentedRaftLogWorker:Storage Directory /workdir/hadoop-ozone/ozonefs/target/test-dir/MiniOzoneClusterImpl-ca0b0e9e-6896-4a7b-b208-9ea04bbb623c/datanode-1/data/ratis/d1837fe0-9092-4453-b2d0-3ff384d089c0] INFO  segmented.SegmentedRaftLogWorker (SegmentedRaftLogWorker.java:execute(569)) - 9acfc684-f025-4851-a671-9506a9a8f647-SegmentedRaftLogWorker:Storage Directory /workdir/hadoop-ozone/ozonefs/target/test-dir/MiniOzoneClusterImpl-ca0b0e9e-6896-4a7b-b208-9ea04bbb623c/datanode-1/data/ratis/d1837fe0-9092-4453-b2d0-3ff384d089c0: created new log segment /workdir/hadoop-ozone/ozonefs/target/test-dir/MiniOzoneClusterImpl-ca0b0e9e-6896-4a7b-b208-9ea04bbb623c/datanode-1/data/ratis/d1837fe0-9092-4453-b2d0-3ff384d089c0/current/log_inprogress_0
2019-09-19 14:38:23,936 [9acfc684-f025-4851-a671-9506a9a8f647:group-DAFAA70CFE8E:LeaderElection44] INFO  impl.LeaderElection (LeaderElection.java:askForVotes(181)) - 9acfc684-f025-4851-a671-9506a9a8f647:group-DAFAA70CFE8E:LeaderElection44: begin an election at term 1 for -1: [9acfc684-f025-4851-a671-9506a9a8f647:192.168.5.132:43107], old=null
2019-09-19 14:38:23,936 [afbc86cd-608c-4927-90cf-3a7f1e6aa679-SegmentedRaftLogWorker:Storage Directory /workdir/hadoop-ozone/ozonefs/target/test-dir/MiniOzoneClusterImpl-ca0b0e9e-6896-4a7b-b208-9ea04bbb623c/datanode-2/data/ratis/38cbc2bd-d5e9-4abe-894e-006381c45aa9] INFO  segmented.SegmentedRaftLogWorker (SegmentedRaftLogWorker.java:execute(569)) - afbc86cd-608c-4927-90cf-3a7f1e6aa679-SegmentedRaftLogWorker:Storage Directory /workdir/hadoop-ozone/ozonefs/target/test-dir/MiniOzoneClusterImpl-ca0b0e9e-6896-4a7b-b208-9ea04bbb623c/datanode-2/data/ratis/38cbc2bd-d5e9-4abe-894e-006381c45aa9: created new log segment /workdir/hadoop-ozone/ozonefs/target/test-dir/MiniOzoneClusterImpl-ca0b0e9e-6896-4a7b-b208-9ea04bbb623c/datanode-2/data/ratis/38cbc2bd-d5e9-4abe-894e-006381c45aa9/current/log_inprogress_0
2019-09-19 14:38:23,937 [9acfc684-f025-4851-a671-9506a9a8f647:group-DAFAA70CFE8E:LeaderElection44] INFO  impl.RoleInfo (RoleInfo.java:shutdownLeaderElection(134)) - 9acfc684-f025-4851-a671-9506a9a8f647: shutdown LeaderElection
2019-09-19 14:38:23,937 [9acfc684-f025-4851-a671-9506a9a8f647:group-DAFAA70CFE8E:LeaderElection44] INFO  impl.RaftServerImpl (RaftServerImpl.java:setRole(171)) - 9acfc684-f025-4851-a671-9506a9a8f647:group-DAFAA70CFE8E changes role from CANDIDATE to LEADER at term 1 for changeToLeader
2019-09-19 14:38:23,937 [9acfc684-f025-4851-a671-9506a9a8f647:group-DAFAA70CFE8E:LeaderElection44] INFO  impl.RaftServerImpl (ServerState.java:setLeader(263)) - 9acfc684-f025-4851-a671-9506a9a8f647:group-DAFAA70CFE8E change Leader from null to 9acfc684-f025-4851-a671-9506a9a8f647 at term 1 for becomeLeader, leader elected after 5208ms
2019-09-19 14:38:23,937 [9acfc684-f025-4851-a671-9506a9a8f647:group-DAFAA70CFE8E:LeaderElection44] INFO  server.RaftServerConfigKeys (ConfUtils.java:logGet(43)) - raft.server.staging.catchup.gap = 1000 (default)
2019-09-19 14:38:23,937 [9acfc684-f025-4851-a671-9506a9a8f647:group-DAFAA70CFE8E:LeaderElection44] INFO  server.RaftServerConfigKeys (ConfUtils.java:logGet(43)) - raft.server.rpc.sleep.time = 25ms (default)
2019-09-19 14:38:23,938 [9acfc684-f025-4851-a671-9506a9a8f647:group-DAFAA70CFE8E:LeaderElection44] INFO  server.RaftServerConfigKeys (ConfUtils.java:logGet(43)) - raft.server.write.element-limit = 4096 (default)
2019-09-19 14:38:23,938 [9acfc684-f025-4851-a671-9506a9a8f647:group-DAFAA70CFE8E:LeaderElection44] INFO  server.RaftServerConfigKeys (ConfUtils.java:logGet(43)) - raft.server.watch.timeout = 10s (default)
2019-09-19 14:38:23,938 [9acfc684-f025-4851-a671-9506a9a8f647:group-DAFAA70CFE8E:LeaderElection44] INFO  server.RaftServerConfigKeys (ConfUtils.java:logGet(43)) - raft.server.watch.timeout.denomination = 1s (default)
2019-09-19 14:38:23,938 [9acfc684-f025-4851-a671-9506a9a8f647:group-DAFAA70CFE8E:LeaderElection44] INFO  server.RaftServerConfigKeys (ConfUtils.java:logGet(43)) - raft.server.watch.element-limit = 65536 (default)
2019-09-19 14:38:23,938 [9acfc684-f025-4851-a671-9506a9a8f647:group-DAFAA70CFE8E:LeaderElection44] INFO  impl.RoleInfo (RoleInfo.java:updateAndGet(143)) - 9acfc684-f025-4851-a671-9506a9a8f647: start LeaderState
2019-09-19 14:38:23,939 [9acfc684-f025-4851-a671-9506a9a8f647:group-DAFAA70CFE8E:LeaderElection44] INFO  segmented.SegmentedRaftLogWorker (SegmentedRaftLogWorker.java:startLogSegment(380)) - 9acfc684-f025-4851-a671-9506a9a8f647-SegmentedRaftLogWorker:Storage Directory /workdir/hadoop-ozone/ozonefs/target/test-dir/MiniOzoneClusterImpl-ca0b0e9e-6896-4a7b-b208-9ea04bbb623c/datanode-1/data/ratis/353e080d-92bb-423d-a0c0-dafaa70cfe8e: Starting segment from index:0
2019-09-19 14:38:23,939 [9acfc684-f025-4851-a671-9506a9a8f647:group-DAFAA70CFE8E:LeaderElection44] INFO  impl.RaftServerImpl (ServerState.java:setRaftConf(361)) - 9acfc684-f025-4851-a671-9506a9a8f647:group-DAFAA70CFE8E set configuration 0: [9acfc684-f025-4851-a671-9506a9a8f647:192.168.5.132:43107], old=null at 0
2019-09-19 14:38:23,990 [9acfc684-f025-4851-a671-9506a9a8f647-SegmentedRaftLogWorker:Storage Directory /workdir/hadoop-ozone/ozonefs/target/test-dir/MiniOzoneClusterImpl-ca0b0e9e-6896-4a7b-b208-9ea04bbb623c/datanode-1/data/ratis/353e080d-92bb-423d-a0c0-dafaa70cfe8e] INFO  segmented.SegmentedRaftLogWorker (SegmentedRaftLogWorker.java:execute(569)) - 9acfc684-f025-4851-a671-9506a9a8f647-SegmentedRaftLogWorker:Storage Directory /workdir/hadoop-ozone/ozonefs/target/test-dir/MiniOzoneClusterImpl-ca0b0e9e-6896-4a7b-b208-9ea04bbb623c/datanode-1/data/ratis/353e080d-92bb-423d-a0c0-dafaa70cfe8e: created new log segment /workdir/hadoop-ozone/ozonefs/target/test-dir/MiniOzoneClusterImpl-ca0b0e9e-6896-4a7b-b208-9ea04bbb623c/datanode-1/data/ratis/353e080d-92bb-423d-a0c0-dafaa70cfe8e/current/log_inprogress_0
2019-09-19 14:38:23,991 [Thread-743] INFO  impl.FollowerState (FollowerState.java:run(106)) - 9acfc684-f025-4851-a671-9506a9a8f647:group-E6A9F4653BF4 changes to CANDIDATE, lastRpcTime:5119, electionTimeout:5119ms
2019-09-19 14:38:23,991 [Thread-743] INFO  impl.RoleInfo (RoleInfo.java:shutdownFollowerState(121)) - 9acfc684-f025-4851-a671-9506a9a8f647: shutdown FollowerState
2019-09-19 14:38:23,991 [Thread-743] INFO  impl.RaftServerImpl (RaftServerImpl.java:setRole(171)) - 9acfc684-f025-4851-a671-9506a9a8f647:group-E6A9F4653BF4 changes role from FOLLOWER to CANDIDATE at term 0 for changeToCandidate
2019-09-19 14:38:23,991 [Thread-743] INFO  impl.RoleInfo (RoleInfo.java:updateAndGet(143)) - 9acfc684-f025-4851-a671-9506a9a8f647: start LeaderElection
2019-09-19 14:38:24,008 [9acfc684-f025-4851-a671-9506a9a8f647:group-E6A9F4653BF4:LeaderElection45] INFO  impl.LeaderElection (LeaderElection.java:askForVotes(181)) - 9acfc684-f025-4851-a671-9506a9a8f647:group-E6A9F4653BF4:LeaderElection45: begin an election at term 1 for -1: [9acfc684-f025-4851-a671-9506a9a8f647:192.168.5.132:43107], old=null
2019-09-19 14:38:24,008 [9acfc684-f025-4851-a671-9506a9a8f647:group-E6A9F4653BF4:LeaderElection45] INFO  impl.RoleInfo (RoleInfo.java:shutdownLeaderElection(134)) - 9acfc684-f025-4851-a671-9506a9a8f647: shutdown LeaderElection
2019-09-19 14:38:24,008 [9acfc684-f025-4851-a671-9506a9a8f647:group-E6A9F4653BF4:LeaderElection45] INFO  impl.RaftServerImpl (RaftServerImpl.java:setRole(171)) - 9acfc684-f025-4851-a671-9506a9a8f647:group-E6A9F4653BF4 changes role from CANDIDATE to LEADER at term 1 for changeToLeader
2019-09-19 14:38:24,008 [9acfc684-f025-4851-a671-9506a9a8f647:group-E6A9F4653BF4:LeaderElection45] INFO  impl.RaftServerImpl (ServerState.java:setLeader(263)) - 9acfc684-f025-4851-a671-9506a9a8f647:group-E6A9F4653BF4 change Leader from null to 9acfc684-f025-4851-a671-9506a9a8f647 at term 1 for becomeLeader, leader elected after 5144ms
2019-09-19 14:38:24,009 [9acfc684-f025-4851-a671-9506a9a8f647:group-E6A9F4653BF4:LeaderElection45] INFO  server.RaftServerConfigKeys (ConfUtils.java:logGet(43)) - raft.server.staging.catchup.gap = 1000 (default)
2019-09-19 14:38:24,009 [9acfc684-f025-4851-a671-9506a9a8f647:group-E6A9F4653BF4:LeaderElection45] INFO  server.RaftServerConfigKeys (ConfUtils.java:logGet(43)) - raft.server.rpc.sleep.time = 25ms (default)
2019-09-19 14:38:24,009 [9acfc684-f025-4851-a671-9506a9a8f647:group-E6A9F4653BF4:LeaderElection45] INFO  server.RaftServerConfigKeys (ConfUtils.java:logGet(43)) - raft.server.write.element-limit = 4096 (default)
2019-09-19 14:38:24,009 [9acfc684-f025-4851-a671-9506a9a8f647:group-E6A9F4653BF4:LeaderElection45] INFO  server.RaftServerConfigKeys (ConfUtils.java:logGet(43)) - raft.server.watch.timeout = 10s (default)
2019-09-19 14:38:24,009 [9acfc684-f025-4851-a671-9506a9a8f647:group-E6A9F4653BF4:LeaderElection45] INFO  server.RaftServerConfigKeys (ConfUtils.java:logGet(43)) - raft.server.watch.timeout.denomination = 1s (default)
2019-09-19 14:38:24,009 [9acfc684-f025-4851-a671-9506a9a8f647:group-E6A9F4653BF4:LeaderElection45] INFO  server.RaftServerConfigKeys (ConfUtils.java:logGet(43)) - raft.server.watch.element-limit = 65536 (default)
2019-09-19 14:38:24,009 [9acfc684-f025-4851-a671-9506a9a8f647:group-E6A9F4653BF4:LeaderElection45] INFO  impl.RoleInfo (RoleInfo.java:updateAndGet(143)) - 9acfc684-f025-4851-a671-9506a9a8f647: start LeaderState
2019-09-19 14:38:24,010 [9acfc684-f025-4851-a671-9506a9a8f647:group-E6A9F4653BF4:LeaderElection45] INFO  segmented.SegmentedRaftLogWorker (SegmentedRaftLogWorker.java:startLogSegment(380)) - 9acfc684-f025-4851-a671-9506a9a8f647-SegmentedRaftLogWorker:Storage Directory /workdir/hadoop-ozone/ozonefs/target/test-dir/MiniOzoneClusterImpl-ca0b0e9e-6896-4a7b-b208-9ea04bbb623c/datanode-1/data/ratis/69de39fd-5edc-4efa-8025-e6a9f4653bf4: Starting segment from index:0
2019-09-19 14:38:24,010 [9acfc684-f025-4851-a671-9506a9a8f647:group-E6A9F4653BF4:LeaderElection45] INFO  impl.RaftServerImpl (ServerState.java:setRaftConf(361)) - 9acfc684-f025-4851-a671-9506a9a8f647:group-E6A9F4653BF4 set configuration 0: [9acfc684-f025-4851-a671-9506a9a8f647:192.168.5.132:43107], old=null at 0
2019-09-19 14:38:24,020 [Thread-749] INFO  impl.FollowerState (FollowerState.java:run(106)) - afbc86cd-608c-4927-90cf-3a7f1e6aa679:group-6ADC2A3FC9F4 changes to CANDIDATE, lastRpcTime:5017, electionTimeout:5017ms
2019-09-19 14:38:24,020 [Thread-749] INFO  impl.RoleInfo (RoleInfo.java:shutdownFollowerState(121)) - afbc86cd-608c-4927-90cf-3a7f1e6aa679: shutdown FollowerState
2019-09-19 14:38:24,020 [Thread-749] INFO  impl.RaftServerImpl (RaftServerImpl.java:setRole(171)) - afbc86cd-608c-4927-90cf-3a7f1e6aa679:group-6ADC2A3FC9F4 changes role from FOLLOWER to CANDIDATE at term 0 for changeToCandidate
2019-09-19 14:38:24,021 [Thread-749] INFO  impl.RoleInfo (RoleInfo.java:updateAndGet(143)) - afbc86cd-608c-4927-90cf-3a7f1e6aa679: start LeaderElection
2019-09-19 14:38:24,037 [Thread-746] INFO  impl.FollowerState (FollowerState.java:run(106)) - afbc86cd-608c-4927-90cf-3a7f1e6aa679:group-A1AE291974B2 changes to CANDIDATE, lastRpcTime:5093, electionTimeout:5080ms
2019-09-19 14:38:24,037 [Thread-746] INFO  impl.RoleInfo (RoleInfo.java:shutdownFollowerState(121)) - afbc86cd-608c-4927-90cf-3a7f1e6aa679: shutdown FollowerState
2019-09-19 14:38:24,037 [Thread-746] INFO  impl.RaftServerImpl (RaftServerImpl.java:setRole(171)) - afbc86cd-608c-4927-90cf-3a7f1e6aa679:group-A1AE291974B2 changes role from FOLLOWER to CANDIDATE at term 0 for changeToCandidate
2019-09-19 14:38:24,037 [Thread-746] INFO  impl.RoleInfo (RoleInfo.java:updateAndGet(143)) - afbc86cd-608c-4927-90cf-3a7f1e6aa679: start LeaderElection
2019-09-19 14:38:24,050 [9acfc684-f025-4851-a671-9506a9a8f647-SegmentedRaftLogWorker:Storage Directory /workdir/hadoop-ozone/ozonefs/target/test-dir/MiniOzoneClusterImpl-ca0b0e9e-6896-4a7b-b208-9ea04bbb623c/datanode-1/data/ratis/69de39fd-5edc-4efa-8025-e6a9f4653bf4] INFO  segmented.SegmentedRaftLogWorker (SegmentedRaftLogWorker.java:execute(569)) - 9acfc684-f025-4851-a671-9506a9a8f647-SegmentedRaftLogWorker:Storage Directory /workdir/hadoop-ozone/ozonefs/target/test-dir/MiniOzoneClusterImpl-ca0b0e9e-6896-4a7b-b208-9ea04bbb623c/datanode-1/data/ratis/69de39fd-5edc-4efa-8025-e6a9f4653bf4: created new log segment /workdir/hadoop-ozone/ozonefs/target/test-dir/MiniOzoneClusterImpl-ca0b0e9e-6896-4a7b-b208-9ea04bbb623c/datanode-1/data/ratis/69de39fd-5edc-4efa-8025-e6a9f4653bf4/current/log_inprogress_0
2019-09-19 14:38:24,050 [afbc86cd-608c-4927-90cf-3a7f1e6aa679:group-6ADC2A3FC9F4:LeaderElection46] INFO  impl.LeaderElection (LeaderElection.java:askForVotes(181)) - afbc86cd-608c-4927-90cf-3a7f1e6aa679:group-6ADC2A3FC9F4:LeaderElection46: begin an election at term 1 for -1: [afbc86cd-608c-4927-90cf-3a7f1e6aa679:192.168.5.132:43206], old=null
2019-09-19 14:38:24,050 [afbc86cd-608c-4927-90cf-3a7f1e6aa679:group-A1AE291974B2:LeaderElection47] INFO  impl.LeaderElection (LeaderElection.java:askForVotes(181)) - afbc86cd-608c-4927-90cf-3a7f1e6aa679:group-A1AE291974B2:LeaderElection47: begin an election at term 1 for -1: [afbc86cd-608c-4927-90cf-3a7f1e6aa679:192.168.5.132:43206], old=null
2019-09-19 14:38:24,050 [afbc86cd-608c-4927-90cf-3a7f1e6aa679:group-6ADC2A3FC9F4:LeaderElection46] INFO  impl.RoleInfo (RoleInfo.java:shutdownLeaderElection(134)) - afbc86cd-608c-4927-90cf-3a7f1e6aa679: shutdown LeaderElection
2019-09-19 14:38:24,050 [afbc86cd-608c-4927-90cf-3a7f1e6aa679:group-A1AE291974B2:LeaderElection47] INFO  impl.RoleInfo (RoleInfo.java:shutdownLeaderElection(134)) - afbc86cd-608c-4927-90cf-3a7f1e6aa679: shutdown LeaderElection
2019-09-19 14:38:24,050 [afbc86cd-608c-4927-90cf-3a7f1e6aa679:group-6ADC2A3FC9F4:LeaderElection46] INFO  impl.RaftServerImpl (RaftServerImpl.java:setRole(171)) - afbc86cd-608c-4927-90cf-3a7f1e6aa679:group-6ADC2A3FC9F4 changes role from CANDIDATE to LEADER at term 1 for changeToLeader
2019-09-19 14:38:24,050 [afbc86cd-608c-4927-90cf-3a7f1e6aa679:group-A1AE291974B2:LeaderElection47] INFO  impl.RaftServerImpl (RaftServerImpl.java:setRole(171)) - afbc86cd-608c-4927-90cf-3a7f1e6aa679:group-A1AE291974B2 changes role from CANDIDATE to LEADER at term 1 for changeToLeader
2019-09-19 14:38:24,050 [afbc86cd-608c-4927-90cf-3a7f1e6aa679:group-6ADC2A3FC9F4:LeaderElection46] INFO  impl.RaftServerImpl (ServerState.java:setLeader(263)) - afbc86cd-608c-4927-90cf-3a7f1e6aa679:group-6ADC2A3FC9F4 change Leader from null to afbc86cd-608c-4927-90cf-3a7f1e6aa679 at term 1 for becomeLeader, leader elected after 5051ms
2019-09-19 14:38:24,051 [afbc86cd-608c-4927-90cf-3a7f1e6aa679:group-A1AE291974B2:LeaderElection47] INFO  impl.RaftServerImpl (ServerState.java:setLeader(263)) - afbc86cd-608c-4927-90cf-3a7f1e6aa679:group-A1AE291974B2 change Leader from null to afbc86cd-608c-4927-90cf-3a7f1e6aa679 at term 1 for becomeLeader, leader elected after 5110ms
2019-09-19 14:38:24,051 [afbc86cd-608c-4927-90cf-3a7f1e6aa679:group-6ADC2A3FC9F4:LeaderElection46] INFO  server.RaftServerConfigKeys (ConfUtils.java:logGet(43)) - raft.server.staging.catchup.gap = 1000 (default)
2019-09-19 14:38:24,051 [afbc86cd-608c-4927-90cf-3a7f1e6aa679:group-A1AE291974B2:LeaderElection47] INFO  server.RaftServerConfigKeys (ConfUtils.java:logGet(43)) - raft.server.staging.catchup.gap = 1000 (default)
2019-09-19 14:38:24,051 [afbc86cd-608c-4927-90cf-3a7f1e6aa679:group-A1AE291974B2:LeaderElection47] INFO  server.RaftServerConfigKeys (ConfUtils.java:logGet(43)) - raft.server.rpc.sleep.time = 25ms (default)
2019-09-19 14:38:24,051 [afbc86cd-608c-4927-90cf-3a7f1e6aa679:group-6ADC2A3FC9F4:LeaderElection46] INFO  server.RaftServerConfigKeys (ConfUtils.java:logGet(43)) - raft.server.rpc.sleep.time = 25ms (default)
2019-09-19 14:38:24,051 [afbc86cd-608c-4927-90cf-3a7f1e6aa679:group-A1AE291974B2:LeaderElection47] INFO  server.RaftServerConfigKeys (ConfUtils.java:logGet(43)) - raft.server.write.element-limit = 4096 (default)
2019-09-19 14:38:24,051 [afbc86cd-608c-4927-90cf-3a7f1e6aa679:group-6ADC2A3FC9F4:LeaderElection46] INFO  server.RaftServerConfigKeys (ConfUtils.java:logGet(43)) - raft.server.write.element-limit = 4096 (default)
2019-09-19 14:38:24,051 [afbc86cd-608c-4927-90cf-3a7f1e6aa679:group-A1AE291974B2:LeaderElection47] INFO  server.RaftServerConfigKeys (ConfUtils.java:logGet(43)) - raft.server.watch.timeout = 10s (default)
2019-09-19 14:38:24,051 [afbc86cd-608c-4927-90cf-3a7f1e6aa679:group-6ADC2A3FC9F4:LeaderElection46] INFO  server.RaftServerConfigKeys (ConfUtils.java:logGet(43)) - raft.server.watch.timeout = 10s (default)
2019-09-19 14:38:24,051 [afbc86cd-608c-4927-90cf-3a7f1e6aa679:group-A1AE291974B2:LeaderElection47] INFO  server.RaftServerConfigKeys (ConfUtils.java:logGet(43)) - raft.server.watch.timeout.denomination = 1s (default)
2019-09-19 14:38:24,052 [afbc86cd-608c-4927-90cf-3a7f1e6aa679:group-6ADC2A3FC9F4:LeaderElection46] INFO  server.RaftServerConfigKeys (ConfUtils.java:logGet(43)) - raft.server.watch.timeout.denomination = 1s (default)
2019-09-19 14:38:24,052 [afbc86cd-608c-4927-90cf-3a7f1e6aa679:group-A1AE291974B2:LeaderElection47] INFO  server.RaftServerConfigKeys (ConfUtils.java:logGet(43)) - raft.server.watch.element-limit = 65536 (default)
2019-09-19 14:38:24,052 [afbc86cd-608c-4927-90cf-3a7f1e6aa679:group-6ADC2A3FC9F4:LeaderElection46] INFO  server.RaftServerConfigKeys (ConfUtils.java:logGet(43)) - raft.server.watch.element-limit = 65536 (default)
2019-09-19 14:38:24,052 [afbc86cd-608c-4927-90cf-3a7f1e6aa679:group-A1AE291974B2:LeaderElection47] INFO  impl.RoleInfo (RoleInfo.java:updateAndGet(143)) - afbc86cd-608c-4927-90cf-3a7f1e6aa679: start LeaderState
2019-09-19 14:38:24,052 [afbc86cd-608c-4927-90cf-3a7f1e6aa679:group-6ADC2A3FC9F4:LeaderElection46] INFO  impl.RoleInfo (RoleInfo.java:updateAndGet(143)) - afbc86cd-608c-4927-90cf-3a7f1e6aa679: start LeaderState
2019-09-19 14:38:24,052 [afbc86cd-608c-4927-90cf-3a7f1e6aa679:group-A1AE291974B2:LeaderElection47] INFO  segmented.SegmentedRaftLogWorker (SegmentedRaftLogWorker.java:startLogSegment(380)) - afbc86cd-608c-4927-90cf-3a7f1e6aa679-SegmentedRaftLogWorker:Storage Directory /workdir/hadoop-ozone/ozonefs/target/test-dir/MiniOzoneClusterImpl-ca0b0e9e-6896-4a7b-b208-9ea04bbb623c/datanode-2/data/ratis/7d8df43b-8476-41e3-8eb9-a1ae291974b2: Starting segment from index:0
2019-09-19 14:38:24,052 [afbc86cd-608c-4927-90cf-3a7f1e6aa679:group-6ADC2A3FC9F4:LeaderElection46] INFO  segmented.SegmentedRaftLogWorker (SegmentedRaftLogWorker.java:startLogSegment(380)) - afbc86cd-608c-4927-90cf-3a7f1e6aa679-SegmentedRaftLogWorker:Storage Directory /workdir/hadoop-ozone/ozonefs/target/test-dir/MiniOzoneClusterImpl-ca0b0e9e-6896-4a7b-b208-9ea04bbb623c/datanode-2/data/ratis/09c68e2d-2066-4faf-8571-6adc2a3fc9f4: Starting segment from index:0
2019-09-19 14:38:24,053 [afbc86cd-608c-4927-90cf-3a7f1e6aa679:group-A1AE291974B2:LeaderElection47] INFO  impl.RaftServerImpl (ServerState.java:setRaftConf(361)) - afbc86cd-608c-4927-90cf-3a7f1e6aa679:group-A1AE291974B2 set configuration 0: [afbc86cd-608c-4927-90cf-3a7f1e6aa679:192.168.5.132:43206], old=null at 0
2019-09-19 14:38:24,053 [afbc86cd-608c-4927-90cf-3a7f1e6aa679:group-6ADC2A3FC9F4:LeaderElection46] INFO  impl.RaftServerImpl (ServerState.java:setRaftConf(361)) - afbc86cd-608c-4927-90cf-3a7f1e6aa679:group-6ADC2A3FC9F4 set configuration 0: [afbc86cd-608c-4927-90cf-3a7f1e6aa679:192.168.5.132:43206], old=null at 0
2019-09-19 14:38:24,104 [afbc86cd-608c-4927-90cf-3a7f1e6aa679-SegmentedRaftLogWorker:Storage Directory /workdir/hadoop-ozone/ozonefs/target/test-dir/MiniOzoneClusterImpl-ca0b0e9e-6896-4a7b-b208-9ea04bbb623c/datanode-2/data/ratis/7d8df43b-8476-41e3-8eb9-a1ae291974b2] INFO  segmented.SegmentedRaftLogWorker (SegmentedRaftLogWorker.java:execute(569)) - afbc86cd-608c-4927-90cf-3a7f1e6aa679-SegmentedRaftLogWorker:Storage Directory /workdir/hadoop-ozone/ozonefs/target/test-dir/MiniOzoneClusterImpl-ca0b0e9e-6896-4a7b-b208-9ea04bbb623c/datanode-2/data/ratis/7d8df43b-8476-41e3-8eb9-a1ae291974b2: created new log segment /workdir/hadoop-ozone/ozonefs/target/test-dir/MiniOzoneClusterImpl-ca0b0e9e-6896-4a7b-b208-9ea04bbb623c/datanode-2/data/ratis/7d8df43b-8476-41e3-8eb9-a1ae291974b2/current/log_inprogress_0
2019-09-19 14:38:24,104 [afbc86cd-608c-4927-90cf-3a7f1e6aa679-SegmentedRaftLogWorker:Storage Directory /workdir/hadoop-ozone/ozonefs/target/test-dir/MiniOzoneClusterImpl-ca0b0e9e-6896-4a7b-b208-9ea04bbb623c/datanode-2/data/ratis/09c68e2d-2066-4faf-8571-6adc2a3fc9f4] INFO  segmented.SegmentedRaftLogWorker (SegmentedRaftLogWorker.java:execute(569)) - afbc86cd-608c-4927-90cf-3a7f1e6aa679-SegmentedRaftLogWorker:Storage Directory /workdir/hadoop-ozone/ozonefs/target/test-dir/MiniOzoneClusterImpl-ca0b0e9e-6896-4a7b-b208-9ea04bbb623c/datanode-2/data/ratis/09c68e2d-2066-4faf-8571-6adc2a3fc9f4: created new log segment /workdir/hadoop-ozone/ozonefs/target/test-dir/MiniOzoneClusterImpl-ca0b0e9e-6896-4a7b-b208-9ea04bbb623c/datanode-2/data/ratis/09c68e2d-2066-4faf-8571-6adc2a3fc9f4/current/log_inprogress_0
2019-09-19 14:38:24,241 | INFO  | SCMAudit | user=jenkins1000 | ip=192.168.5.132 | op=SEND_HEARTBEAT {datanodeUUID=afbc86cd-608c-4927-90cf-3a7f1e6aa679, command=[]} | ret=SUCCESS |  
2019-09-19 14:38:24,260 [Thread-752] INFO  impl.FollowerState (FollowerState.java:run(106)) - afbc86cd-608c-4927-90cf-3a7f1e6aa679:group-BEE9F1DD5673 changes to CANDIDATE, lastRpcTime:5186, electionTimeout:5186ms
2019-09-19 14:38:24,260 [Thread-752] INFO  impl.RoleInfo (RoleInfo.java:shutdownFollowerState(121)) - afbc86cd-608c-4927-90cf-3a7f1e6aa679: shutdown FollowerState
2019-09-19 14:38:24,260 [Thread-752] INFO  impl.RaftServerImpl (RaftServerImpl.java:setRole(171)) - afbc86cd-608c-4927-90cf-3a7f1e6aa679:group-BEE9F1DD5673 changes role from FOLLOWER to CANDIDATE at term 0 for changeToCandidate
2019-09-19 14:38:24,260 [Thread-752] INFO  impl.RoleInfo (RoleInfo.java:updateAndGet(143)) - afbc86cd-608c-4927-90cf-3a7f1e6aa679: start LeaderElection
2019-09-19 14:38:24,274 [Thread-755] INFO  impl.FollowerState (FollowerState.java:run(106)) - afbc86cd-608c-4927-90cf-3a7f1e6aa679:group-3CEFF134FFB8 changes to CANDIDATE, lastRpcTime:5127, electionTimeout:5127ms
2019-09-19 14:38:24,274 [Thread-755] INFO  impl.RoleInfo (RoleInfo.java:shutdownFollowerState(121)) - afbc86cd-608c-4927-90cf-3a7f1e6aa679: shutdown FollowerState
2019-09-19 14:38:24,274 [Thread-755] INFO  impl.RaftServerImpl (RaftServerImpl.java:setRole(171)) - afbc86cd-608c-4927-90cf-3a7f1e6aa679:group-3CEFF134FFB8 changes role from FOLLOWER to CANDIDATE at term 0 for changeToCandidate
2019-09-19 14:38:24,274 [Thread-755] INFO  impl.RoleInfo (RoleInfo.java:updateAndGet(143)) - afbc86cd-608c-4927-90cf-3a7f1e6aa679: start LeaderElection
2019-09-19 14:38:24,285 [afbc86cd-608c-4927-90cf-3a7f1e6aa679:group-BEE9F1DD5673:LeaderElection48] INFO  impl.LeaderElection (LeaderElection.java:askForVotes(181)) - afbc86cd-608c-4927-90cf-3a7f1e6aa679:group-BEE9F1DD5673:LeaderElection48: begin an election at term 1 for -1: [afbc86cd-608c-4927-90cf-3a7f1e6aa679:192.168.5.132:43206], old=null
2019-09-19 14:38:24,286 [afbc86cd-608c-4927-90cf-3a7f1e6aa679:group-BEE9F1DD5673:LeaderElection48] INFO  impl.RoleInfo (RoleInfo.java:shutdownLeaderElection(134)) - afbc86cd-608c-4927-90cf-3a7f1e6aa679: shutdown LeaderElection
2019-09-19 14:38:24,286 [afbc86cd-608c-4927-90cf-3a7f1e6aa679:group-BEE9F1DD5673:LeaderElection48] INFO  impl.RaftServerImpl (RaftServerImpl.java:setRole(171)) - afbc86cd-608c-4927-90cf-3a7f1e6aa679:group-BEE9F1DD5673 changes role from CANDIDATE to LEADER at term 1 for changeToLeader
2019-09-19 14:38:24,286 [afbc86cd-608c-4927-90cf-3a7f1e6aa679:group-BEE9F1DD5673:LeaderElection48] INFO  impl.RaftServerImpl (ServerState.java:setLeader(263)) - afbc86cd-608c-4927-90cf-3a7f1e6aa679:group-BEE9F1DD5673 change Leader from null to afbc86cd-608c-4927-90cf-3a7f1e6aa679 at term 1 for becomeLeader, leader elected after 5219ms
2019-09-19 14:38:24,286 [afbc86cd-608c-4927-90cf-3a7f1e6aa679:group-BEE9F1DD5673:LeaderElection48] INFO  server.RaftServerConfigKeys (ConfUtils.java:logGet(43)) - raft.server.staging.catchup.gap = 1000 (default)
2019-09-19 14:38:24,286 [afbc86cd-608c-4927-90cf-3a7f1e6aa679:group-BEE9F1DD5673:LeaderElection48] INFO  server.RaftServerConfigKeys (ConfUtils.java:logGet(43)) - raft.server.rpc.sleep.time = 25ms (default)
2019-09-19 14:38:24,286 [afbc86cd-608c-4927-90cf-3a7f1e6aa679:group-BEE9F1DD5673:LeaderElection48] INFO  server.RaftServerConfigKeys (ConfUtils.java:logGet(43)) - raft.server.write.element-limit = 4096 (default)
2019-09-19 14:38:24,286 [afbc86cd-608c-4927-90cf-3a7f1e6aa679:group-BEE9F1DD5673:LeaderElection48] INFO  server.RaftServerConfigKeys (ConfUtils.java:logGet(43)) - raft.server.watch.timeout = 10s (default)
2019-09-19 14:38:24,286 [afbc86cd-608c-4927-90cf-3a7f1e6aa679:group-BEE9F1DD5673:LeaderElection48] INFO  server.RaftServerConfigKeys (ConfUtils.java:logGet(43)) - raft.server.watch.timeout.denomination = 1s (default)
2019-09-19 14:38:24,287 [afbc86cd-608c-4927-90cf-3a7f1e6aa679:group-BEE9F1DD5673:LeaderElection48] INFO  server.RaftServerConfigKeys (ConfUtils.java:logGet(43)) - raft.server.watch.element-limit = 65536 (default)
2019-09-19 14:38:24,287 [afbc86cd-608c-4927-90cf-3a7f1e6aa679:group-BEE9F1DD5673:LeaderElection48] INFO  impl.RoleInfo (RoleInfo.java:updateAndGet(143)) - afbc86cd-608c-4927-90cf-3a7f1e6aa679: start LeaderState
2019-09-19 14:38:24,287 [afbc86cd-608c-4927-90cf-3a7f1e6aa679:group-BEE9F1DD5673:LeaderElection48] INFO  segmented.SegmentedRaftLogWorker (SegmentedRaftLogWorker.java:startLogSegment(380)) - afbc86cd-608c-4927-90cf-3a7f1e6aa679-SegmentedRaftLogWorker:Storage Directory /workdir/hadoop-ozone/ozonefs/target/test-dir/MiniOzoneClusterImpl-ca0b0e9e-6896-4a7b-b208-9ea04bbb623c/datanode-2/data/ratis/9108f194-acdb-4974-bd65-bee9f1dd5673: Starting segment from index:0
2019-09-19 14:38:24,287 [afbc86cd-608c-4927-90cf-3a7f1e6aa679:group-BEE9F1DD5673:LeaderElection48] INFO  impl.RaftServerImpl (ServerState.java:setRaftConf(361)) - afbc86cd-608c-4927-90cf-3a7f1e6aa679:group-BEE9F1DD5673 set configuration 0: [afbc86cd-608c-4927-90cf-3a7f1e6aa679:192.168.5.132:43206], old=null at 0
2019-09-19 14:38:24,303 [afbc86cd-608c-4927-90cf-3a7f1e6aa679:group-3CEFF134FFB8:LeaderElection49] INFO  impl.LeaderElection (LeaderElection.java:askForVotes(181)) - afbc86cd-608c-4927-90cf-3a7f1e6aa679:group-3CEFF134FFB8:LeaderElection49: begin an election at term 1 for -1: [afbc86cd-608c-4927-90cf-3a7f1e6aa679:192.168.5.132:43206], old=null
2019-09-19 14:38:24,303 [afbc86cd-608c-4927-90cf-3a7f1e6aa679:group-3CEFF134FFB8:LeaderElection49] INFO  impl.RoleInfo (RoleInfo.java:shutdownLeaderElection(134)) - afbc86cd-608c-4927-90cf-3a7f1e6aa679: shutdown LeaderElection
2019-09-19 14:38:24,303 [afbc86cd-608c-4927-90cf-3a7f1e6aa679:group-3CEFF134FFB8:LeaderElection49] INFO  impl.RaftServerImpl (RaftServerImpl.java:setRole(171)) - afbc86cd-608c-4927-90cf-3a7f1e6aa679:group-3CEFF134FFB8 changes role from CANDIDATE to LEADER at term 1 for changeToLeader
2019-09-19 14:38:24,303 [afbc86cd-608c-4927-90cf-3a7f1e6aa679:group-3CEFF134FFB8:LeaderElection49] INFO  impl.RaftServerImpl (ServerState.java:setLeader(263)) - afbc86cd-608c-4927-90cf-3a7f1e6aa679:group-3CEFF134FFB8 change Leader from null to afbc86cd-608c-4927-90cf-3a7f1e6aa679 at term 1 for becomeLeader, leader elected after 5161ms
2019-09-19 14:38:24,303 [afbc86cd-608c-4927-90cf-3a7f1e6aa679:group-3CEFF134FFB8:LeaderElection49] INFO  server.RaftServerConfigKeys (ConfUtils.java:logGet(43)) - raft.server.staging.catchup.gap = 1000 (default)
2019-09-19 14:38:24,304 [afbc86cd-608c-4927-90cf-3a7f1e6aa679:group-3CEFF134FFB8:LeaderElection49] INFO  server.RaftServerConfigKeys (ConfUtils.java:logGet(43)) - raft.server.rpc.sleep.time = 25ms (default)
2019-09-19 14:38:24,304 [afbc86cd-608c-4927-90cf-3a7f1e6aa679:group-3CEFF134FFB8:LeaderElection49] INFO  server.RaftServerConfigKeys (ConfUtils.java:logGet(43)) - raft.server.write.element-limit = 4096 (default)
2019-09-19 14:38:24,304 [afbc86cd-608c-4927-90cf-3a7f1e6aa679:group-3CEFF134FFB8:LeaderElection49] INFO  server.RaftServerConfigKeys (ConfUtils.java:logGet(43)) - raft.server.watch.timeout = 10s (default)
2019-09-19 14:38:24,304 [afbc86cd-608c-4927-90cf-3a7f1e6aa679:group-3CEFF134FFB8:LeaderElection49] INFO  server.RaftServerConfigKeys (ConfUtils.java:logGet(43)) - raft.server.watch.timeout.denomination = 1s (default)
2019-09-19 14:38:24,304 [afbc86cd-608c-4927-90cf-3a7f1e6aa679:group-3CEFF134FFB8:LeaderElection49] INFO  server.RaftServerConfigKeys (ConfUtils.java:logGet(43)) - raft.server.watch.element-limit = 65536 (default)
2019-09-19 14:38:24,304 [afbc86cd-608c-4927-90cf-3a7f1e6aa679:group-3CEFF134FFB8:LeaderElection49] INFO  impl.RoleInfo (RoleInfo.java:updateAndGet(143)) - afbc86cd-608c-4927-90cf-3a7f1e6aa679: start LeaderState
2019-09-19 14:38:24,305 [afbc86cd-608c-4927-90cf-3a7f1e6aa679:group-3CEFF134FFB8:LeaderElection49] INFO  segmented.SegmentedRaftLogWorker (SegmentedRaftLogWorker.java:startLogSegment(380)) - afbc86cd-608c-4927-90cf-3a7f1e6aa679-SegmentedRaftLogWorker:Storage Directory /workdir/hadoop-ozone/ozonefs/target/test-dir/MiniOzoneClusterImpl-ca0b0e9e-6896-4a7b-b208-9ea04bbb623c/datanode-2/data/ratis/9db37d3c-17e6-4c49-858c-3ceff134ffb8: Starting segment from index:0
2019-09-19 14:38:24,305 [afbc86cd-608c-4927-90cf-3a7f1e6aa679:group-3CEFF134FFB8:LeaderElection49] INFO  impl.RaftServerImpl (ServerState.java:setRaftConf(361)) - afbc86cd-608c-4927-90cf-3a7f1e6aa679:group-3CEFF134FFB8 set configuration 0: [afbc86cd-608c-4927-90cf-3a7f1e6aa679:192.168.5.132:43206], old=null at 0
2019-09-19 14:38:24,347 [afbc86cd-608c-4927-90cf-3a7f1e6aa679-SegmentedRaftLogWorker:Storage Directory /workdir/hadoop-ozone/ozonefs/target/test-dir/MiniOzoneClusterImpl-ca0b0e9e-6896-4a7b-b208-9ea04bbb623c/datanode-2/data/ratis/9108f194-acdb-4974-bd65-bee9f1dd5673] INFO  segmented.SegmentedRaftLogWorker (SegmentedRaftLogWorker.java:execute(569)) - afbc86cd-608c-4927-90cf-3a7f1e6aa679-SegmentedRaftLogWorker:Storage Directory /workdir/hadoop-ozone/ozonefs/target/test-dir/MiniOzoneClusterImpl-ca0b0e9e-6896-4a7b-b208-9ea04bbb623c/datanode-2/data/ratis/9108f194-acdb-4974-bd65-bee9f1dd5673: created new log segment /workdir/hadoop-ozone/ozonefs/target/test-dir/MiniOzoneClusterImpl-ca0b0e9e-6896-4a7b-b208-9ea04bbb623c/datanode-2/data/ratis/9108f194-acdb-4974-bd65-bee9f1dd5673/current/log_inprogress_0
2019-09-19 14:38:24,367 [afbc86cd-608c-4927-90cf-3a7f1e6aa679-SegmentedRaftLogWorker:Storage Directory /workdir/hadoop-ozone/ozonefs/target/test-dir/MiniOzoneClusterImpl-ca0b0e9e-6896-4a7b-b208-9ea04bbb623c/datanode-2/data/ratis/9db37d3c-17e6-4c49-858c-3ceff134ffb8] INFO  segmented.SegmentedRaftLogWorker (SegmentedRaftLogWorker.java:execute(569)) - afbc86cd-608c-4927-90cf-3a7f1e6aa679-SegmentedRaftLogWorker:Storage Directory /workdir/hadoop-ozone/ozonefs/target/test-dir/MiniOzoneClusterImpl-ca0b0e9e-6896-4a7b-b208-9ea04bbb623c/datanode-2/data/ratis/9db37d3c-17e6-4c49-858c-3ceff134ffb8: created new log segment /workdir/hadoop-ozone/ozonefs/target/test-dir/MiniOzoneClusterImpl-ca0b0e9e-6896-4a7b-b208-9ea04bbb623c/datanode-2/data/ratis/9db37d3c-17e6-4c49-858c-3ceff134ffb8/current/log_inprogress_0
2019-09-19 14:38:24,516 [Thread-530] INFO  ozoneimpl.OzoneContainer (OzoneContainer.java:stop(199)) - Attempting to stop container services.
2019-09-19 14:38:24,517 [ForkJoinPool.commonPool-worker-1] INFO  ozoneimpl.OzoneContainer (OzoneContainer.java:stop(199)) - Attempting to stop container services.
2019-09-19 14:38:24,517 [Thread-530] INFO  impl.RaftServerProxy (RaftServerProxy.java:lambda$close$4(314)) - 9acfc684-f025-4851-a671-9506a9a8f647: close
2019-09-19 14:38:24,518 [ForkJoinPool.commonPool-worker-1] INFO  impl.RaftServerProxy (RaftServerProxy.java:lambda$close$4(314)) - 0dde4a13-db22-45ad-8ae4-adbffc53faa4: close
2019-09-19 14:38:24,518 [Thread-530] INFO  impl.RaftServerImpl (RaftServerImpl.java:lambda$shutdown$3(245)) - 9acfc684-f025-4851-a671-9506a9a8f647: shutdown group-345BA771CA63
2019-09-19 14:38:24,518 [ForkJoinPool.commonPool-worker-1] INFO  impl.RaftServerImpl (RaftServerImpl.java:lambda$shutdown$3(245)) - 0dde4a13-db22-45ad-8ae4-adbffc53faa4: shutdown group-85FBF442DA7C
2019-09-19 14:38:24,518 [Thread-530] INFO  util.JmxRegister (JmxRegister.java:unregister(73)) - Successfully un-registered JMX Bean with object name Ratis:service=RaftServer,group=group-345BA771CA63,id=9acfc684-f025-4851-a671-9506a9a8f647
2019-09-19 14:38:24,519 [ForkJoinPool.commonPool-worker-1] INFO  util.JmxRegister (JmxRegister.java:unregister(73)) - Successfully un-registered JMX Bean with object name Ratis:service=RaftServer,group=group-85FBF442DA7C,id=0dde4a13-db22-45ad-8ae4-adbffc53faa4
2019-09-19 14:38:24,519 [Thread-530] INFO  impl.RoleInfo (RoleInfo.java:shutdownLeaderState(104)) - 9acfc684-f025-4851-a671-9506a9a8f647: shutdown LeaderState
2019-09-19 14:38:24,519 [ForkJoinPool.commonPool-worker-1] INFO  impl.RoleInfo (RoleInfo.java:shutdownLeaderState(104)) - 0dde4a13-db22-45ad-8ae4-adbffc53faa4: shutdown LeaderState
2019-09-19 14:38:24,520 [Thread-530] INFO  impl.PendingRequests (PendingRequests.java:sendNotLeaderResponses(202)) - 9acfc684-f025-4851-a671-9506a9a8f647-PendingRequests: sendNotLeaderResponses
2019-09-19 14:38:24,520 [ForkJoinPool.commonPool-worker-1] INFO  impl.PendingRequests (PendingRequests.java:sendNotLeaderResponses(202)) - 0dde4a13-db22-45ad-8ae4-adbffc53faa4-PendingRequests: sendNotLeaderResponses
2019-09-19 14:38:24,520 [Thread-530] INFO  impl.StateMachineUpdater (StateMachineUpdater.java:stopAndJoin(115)) - StateMachineUpdater:9acfc684-f025-4851-a671-9506a9a8f647:group-345BA771CA63: set stopIndex = 0
2019-09-19 14:38:24,521 [ForkJoinPool.commonPool-worker-1] INFO  impl.StateMachineUpdater (StateMachineUpdater.java:stopAndJoin(115)) - StateMachineUpdater:0dde4a13-db22-45ad-8ae4-adbffc53faa4:group-85FBF442DA7C: set stopIndex = 0
2019-09-19 14:38:24,521 [Thread-530] INFO  impl.RaftServerImpl (ServerState.java:close(394)) - 9acfc684-f025-4851-a671-9506a9a8f647:group-345BA771CA63 closes. The last applied log index is 0
2019-09-19 14:38:24,521 [ForkJoinPool.commonPool-worker-1] INFO  impl.RaftServerImpl (ServerState.java:close(394)) - 0dde4a13-db22-45ad-8ae4-adbffc53faa4:group-85FBF442DA7C closes. The last applied log index is 0
2019-09-19 14:38:24,522 [9acfc684-f025-4851-a671-9506a9a8f647-SegmentedRaftLogWorker:Storage Directory /workdir/hadoop-ozone/ozonefs/target/test-dir/MiniOzoneClusterImpl-ca0b0e9e-6896-4a7b-b208-9ea04bbb623c/datanode-1/data/ratis/2f180648-7424-4157-85ef-345ba771ca63] INFO  segmented.SegmentedRaftLogWorker (SegmentedRaftLogWorker.java:run(313)) - 9acfc684-f025-4851-a671-9506a9a8f647-SegmentedRaftLogWorker:Storage Directory /workdir/hadoop-ozone/ozonefs/target/test-dir/MiniOzoneClusterImpl-ca0b0e9e-6896-4a7b-b208-9ea04bbb623c/datanode-1/data/ratis/2f180648-7424-4157-85ef-345ba771ca63 was interrupted, exiting. There are 0 tasks remaining in the queue.
2019-09-19 14:38:24,522 [0dde4a13-db22-45ad-8ae4-adbffc53faa4-SegmentedRaftLogWorker:Storage Directory /workdir/hadoop-ozone/ozonefs/target/test-dir/MiniOzoneClusterImpl-ca0b0e9e-6896-4a7b-b208-9ea04bbb623c/datanode-0/data/ratis/b25aa6dd-bd4f-4cfd-ad87-85fbf442da7c] INFO  segmented.SegmentedRaftLogWorker (SegmentedRaftLogWorker.java:run(313)) - 0dde4a13-db22-45ad-8ae4-adbffc53faa4-SegmentedRaftLogWorker:Storage Directory /workdir/hadoop-ozone/ozonefs/target/test-dir/MiniOzoneClusterImpl-ca0b0e9e-6896-4a7b-b208-9ea04bbb623c/datanode-0/data/ratis/b25aa6dd-bd4f-4cfd-ad87-85fbf442da7c was interrupted, exiting. There are 0 tasks remaining in the queue.
2019-09-19 14:38:24,522 [Thread-530] INFO  segmented.SegmentedRaftLogWorker (SegmentedRaftLogWorker.java:close(228)) - 9acfc684-f025-4851-a671-9506a9a8f647-SegmentedRaftLogWorker:Storage Directory /workdir/hadoop-ozone/ozonefs/target/test-dir/MiniOzoneClusterImpl-ca0b0e9e-6896-4a7b-b208-9ea04bbb623c/datanode-1/data/ratis/2f180648-7424-4157-85ef-345ba771ca63 close()
2019-09-19 14:38:24,522 [ForkJoinPool.commonPool-worker-1] INFO  segmented.SegmentedRaftLogWorker (SegmentedRaftLogWorker.java:close(228)) - 0dde4a13-db22-45ad-8ae4-adbffc53faa4-SegmentedRaftLogWorker:Storage Directory /workdir/hadoop-ozone/ozonefs/target/test-dir/MiniOzoneClusterImpl-ca0b0e9e-6896-4a7b-b208-9ea04bbb623c/datanode-0/data/ratis/b25aa6dd-bd4f-4cfd-ad87-85fbf442da7c close()
2019-09-19 14:38:24,525 [Thread-530] INFO  impl.RaftServerImpl (RaftServerImpl.java:lambda$shutdown$3(245)) - 9acfc684-f025-4851-a671-9506a9a8f647: shutdown group-51156050FCD5
2019-09-19 14:38:24,526 [ForkJoinPool.commonPool-worker-1] INFO  impl.RaftServerImpl (RaftServerImpl.java:lambda$shutdown$3(245)) - 0dde4a13-db22-45ad-8ae4-adbffc53faa4: shutdown group-074BE5CFCA4F
2019-09-19 14:38:24,527 [Thread-530] INFO  util.JmxRegister (JmxRegister.java:unregister(73)) - Successfully un-registered JMX Bean with object name Ratis:service=RaftServer,group=group-51156050FCD5,id=9acfc684-f025-4851-a671-9506a9a8f647
2019-09-19 14:38:24,527 [ForkJoinPool.commonPool-worker-1] INFO  util.JmxRegister (JmxRegister.java:unregister(73)) - Successfully un-registered JMX Bean with object name Ratis:service=RaftServer,group=group-074BE5CFCA4F,id=0dde4a13-db22-45ad-8ae4-adbffc53faa4
2019-09-19 14:38:24,527 [Thread-530] INFO  impl.RoleInfo (RoleInfo.java:shutdownLeaderState(104)) - 9acfc684-f025-4851-a671-9506a9a8f647: shutdown LeaderState
2019-09-19 14:38:24,528 [ForkJoinPool.commonPool-worker-1] INFO  impl.RoleInfo (RoleInfo.java:shutdownLeaderState(104)) - 0dde4a13-db22-45ad-8ae4-adbffc53faa4: shutdown LeaderState
2019-09-19 14:38:24,528 [Thread-530] INFO  impl.PendingRequests (PendingRequests.java:sendNotLeaderResponses(202)) - 9acfc684-f025-4851-a671-9506a9a8f647-PendingRequests: sendNotLeaderResponses
2019-09-19 14:38:24,528 [ForkJoinPool.commonPool-worker-1] INFO  impl.PendingRequests (PendingRequests.java:sendNotLeaderResponses(202)) - 0dde4a13-db22-45ad-8ae4-adbffc53faa4-PendingRequests: sendNotLeaderResponses
2019-09-19 14:38:24,529 [Thread-530] INFO  impl.StateMachineUpdater (StateMachineUpdater.java:stopAndJoin(115)) - StateMachineUpdater:9acfc684-f025-4851-a671-9506a9a8f647:group-51156050FCD5: set stopIndex = 0
2019-09-19 14:38:24,529 [Thread-530] INFO  impl.RaftServerImpl (ServerState.java:close(394)) - 9acfc684-f025-4851-a671-9506a9a8f647:group-51156050FCD5 closes. The last applied log index is 0
2019-09-19 14:38:24,529 [ForkJoinPool.commonPool-worker-1] INFO  impl.StateMachineUpdater (StateMachineUpdater.java:stopAndJoin(115)) - StateMachineUpdater:0dde4a13-db22-45ad-8ae4-adbffc53faa4:group-074BE5CFCA4F: set stopIndex = 0
2019-09-19 14:38:24,530 [9acfc684-f025-4851-a671-9506a9a8f647-SegmentedRaftLogWorker:Storage Directory /workdir/hadoop-ozone/ozonefs/target/test-dir/MiniOzoneClusterImpl-ca0b0e9e-6896-4a7b-b208-9ea04bbb623c/datanode-1/data/ratis/dbb6e88e-1893-4704-8028-51156050fcd5] INFO  segmented.SegmentedRaftLogWorker (SegmentedRaftLogWorker.java:run(313)) - 9acfc684-f025-4851-a671-9506a9a8f647-SegmentedRaftLogWorker:Storage Directory /workdir/hadoop-ozone/ozonefs/target/test-dir/MiniOzoneClusterImpl-ca0b0e9e-6896-4a7b-b208-9ea04bbb623c/datanode-1/data/ratis/dbb6e88e-1893-4704-8028-51156050fcd5 was interrupted, exiting. There are 0 tasks remaining in the queue.
2019-09-19 14:38:24,530 [ForkJoinPool.commonPool-worker-1] INFO  impl.RaftServerImpl (ServerState.java:close(394)) - 0dde4a13-db22-45ad-8ae4-adbffc53faa4:group-074BE5CFCA4F closes. The last applied log index is 0
2019-09-19 14:38:24,530 [Thread-530] INFO  segmented.SegmentedRaftLogWorker (SegmentedRaftLogWorker.java:close(228)) - 9acfc684-f025-4851-a671-9506a9a8f647-SegmentedRaftLogWorker:Storage Directory /workdir/hadoop-ozone/ozonefs/target/test-dir/MiniOzoneClusterImpl-ca0b0e9e-6896-4a7b-b208-9ea04bbb623c/datanode-1/data/ratis/dbb6e88e-1893-4704-8028-51156050fcd5 close()
2019-09-19 14:38:24,531 [0dde4a13-db22-45ad-8ae4-adbffc53faa4-SegmentedRaftLogWorker:Storage Directory /workdir/hadoop-ozone/ozonefs/target/test-dir/MiniOzoneClusterImpl-ca0b0e9e-6896-4a7b-b208-9ea04bbb623c/datanode-0/data/ratis/4b1de6c8-67be-470c-8e4d-074be5cfca4f] INFO  segmented.SegmentedRaftLogWorker (SegmentedRaftLogWorker.java:run(313)) - 0dde4a13-db22-45ad-8ae4-adbffc53faa4-SegmentedRaftLogWorker:Storage Directory /workdir/hadoop-ozone/ozonefs/target/test-dir/MiniOzoneClusterImpl-ca0b0e9e-6896-4a7b-b208-9ea04bbb623c/datanode-0/data/ratis/4b1de6c8-67be-470c-8e4d-074be5cfca4f was interrupted, exiting. There are 0 tasks remaining in the queue.
2019-09-19 14:38:24,532 [Thread-530] INFO  impl.RaftServerImpl (RaftServerImpl.java:lambda$shutdown$3(245)) - 9acfc684-f025-4851-a671-9506a9a8f647: shutdown group-FA0F9881526E
2019-09-19 14:38:24,532 [ForkJoinPool.commonPool-worker-1] INFO  segmented.SegmentedRaftLogWorker (SegmentedRaftLogWorker.java:close(228)) - 0dde4a13-db22-45ad-8ae4-adbffc53faa4-SegmentedRaftLogWorker:Storage Directory /workdir/hadoop-ozone/ozonefs/target/test-dir/MiniOzoneClusterImpl-ca0b0e9e-6896-4a7b-b208-9ea04bbb623c/datanode-0/data/ratis/4b1de6c8-67be-470c-8e4d-074be5cfca4f close()
2019-09-19 14:38:24,532 [Thread-530] INFO  util.JmxRegister (JmxRegister.java:unregister(73)) - Successfully un-registered JMX Bean with object name Ratis:service=RaftServer,group=group-FA0F9881526E,id=9acfc684-f025-4851-a671-9506a9a8f647
2019-09-19 14:38:24,534 [ForkJoinPool.commonPool-worker-1] INFO  impl.RaftServerImpl (RaftServerImpl.java:lambda$shutdown$3(245)) - 0dde4a13-db22-45ad-8ae4-adbffc53faa4: shutdown group-F595B36F2E20
2019-09-19 14:38:24,534 [Thread-530] INFO  impl.RoleInfo (RoleInfo.java:shutdownLeaderState(104)) - 9acfc684-f025-4851-a671-9506a9a8f647: shutdown LeaderState
2019-09-19 14:38:24,535 [ForkJoinPool.commonPool-worker-1] INFO  util.JmxRegister (JmxRegister.java:unregister(73)) - Successfully un-registered JMX Bean with object name Ratis:service=RaftServer,group=group-F595B36F2E20,id=0dde4a13-db22-45ad-8ae4-adbffc53faa4
2019-09-19 14:38:24,535 [Thread-530] INFO  impl.PendingRequests (PendingRequests.java:sendNotLeaderResponses(202)) - 9acfc684-f025-4851-a671-9506a9a8f647-PendingRequests: sendNotLeaderResponses
2019-09-19 14:38:24,535 [ForkJoinPool.commonPool-worker-1] INFO  impl.RoleInfo (RoleInfo.java:shutdownLeaderState(104)) - 0dde4a13-db22-45ad-8ae4-adbffc53faa4: shutdown LeaderState
2019-09-19 14:38:24,535 [Thread-530] INFO  impl.StateMachineUpdater (StateMachineUpdater.java:stopAndJoin(115)) - StateMachineUpdater:9acfc684-f025-4851-a671-9506a9a8f647:group-FA0F9881526E: set stopIndex = 0
2019-09-19 14:38:24,536 [ForkJoinPool.commonPool-worker-1] INFO  impl.PendingRequests (PendingRequests.java:sendNotLeaderResponses(202)) - 0dde4a13-db22-45ad-8ae4-adbffc53faa4-PendingRequests: sendNotLeaderResponses
2019-09-19 14:38:24,536 [Thread-530] INFO  impl.RaftServerImpl (ServerState.java:close(394)) - 9acfc684-f025-4851-a671-9506a9a8f647:group-FA0F9881526E closes. The last applied log index is 0
2019-09-19 14:38:24,536 [ForkJoinPool.commonPool-worker-1] INFO  impl.StateMachineUpdater (StateMachineUpdater.java:stopAndJoin(115)) - StateMachineUpdater:0dde4a13-db22-45ad-8ae4-adbffc53faa4:group-F595B36F2E20: set stopIndex = 0
2019-09-19 14:38:24,537 [9acfc684-f025-4851-a671-9506a9a8f647-SegmentedRaftLogWorker:Storage Directory /workdir/hadoop-ozone/ozonefs/target/test-dir/MiniOzoneClusterImpl-ca0b0e9e-6896-4a7b-b208-9ea04bbb623c/datanode-1/data/ratis/8da7a3ec-3b62-4f33-b2ad-fa0f9881526e] INFO  segmented.SegmentedRaftLogWorker (SegmentedRaftLogWorker.java:run(313)) - 9acfc684-f025-4851-a671-9506a9a8f647-SegmentedRaftLogWorker:Storage Directory /workdir/hadoop-ozone/ozonefs/target/test-dir/MiniOzoneClusterImpl-ca0b0e9e-6896-4a7b-b208-9ea04bbb623c/datanode-1/data/ratis/8da7a3ec-3b62-4f33-b2ad-fa0f9881526e was interrupted, exiting. There are 0 tasks remaining in the queue.
2019-09-19 14:38:24,537 [ForkJoinPool.commonPool-worker-1] INFO  impl.RaftServerImpl (ServerState.java:close(394)) - 0dde4a13-db22-45ad-8ae4-adbffc53faa4:group-F595B36F2E20 closes. The last applied log index is 0
2019-09-19 14:38:24,537 [Thread-530] INFO  segmented.SegmentedRaftLogWorker (SegmentedRaftLogWorker.java:close(228)) - 9acfc684-f025-4851-a671-9506a9a8f647-SegmentedRaftLogWorker:Storage Directory /workdir/hadoop-ozone/ozonefs/target/test-dir/MiniOzoneClusterImpl-ca0b0e9e-6896-4a7b-b208-9ea04bbb623c/datanode-1/data/ratis/8da7a3ec-3b62-4f33-b2ad-fa0f9881526e close()
2019-09-19 14:38:24,537 [0dde4a13-db22-45ad-8ae4-adbffc53faa4-SegmentedRaftLogWorker:Storage Directory /workdir/hadoop-ozone/ozonefs/target/test-dir/MiniOzoneClusterImpl-ca0b0e9e-6896-4a7b-b208-9ea04bbb623c/datanode-0/data/ratis/c574f9f4-fa28-4731-9992-f595b36f2e20] INFO  segmented.SegmentedRaftLogWorker (SegmentedRaftLogWorker.java:run(313)) - 0dde4a13-db22-45ad-8ae4-adbffc53faa4-SegmentedRaftLogWorker:Storage Directory /workdir/hadoop-ozone/ozonefs/target/test-dir/MiniOzoneClusterImpl-ca0b0e9e-6896-4a7b-b208-9ea04bbb623c/datanode-0/data/ratis/c574f9f4-fa28-4731-9992-f595b36f2e20 was interrupted, exiting. There are 0 tasks remaining in the queue.
2019-09-19 14:38:24,539 [Thread-530] INFO  impl.RaftServerImpl (RaftServerImpl.java:lambda$shutdown$3(245)) - 9acfc684-f025-4851-a671-9506a9a8f647: shutdown group-3FF384D089C0
2019-09-19 14:38:24,539 [ForkJoinPool.commonPool-worker-1] INFO  segmented.SegmentedRaftLogWorker (SegmentedRaftLogWorker.java:close(228)) - 0dde4a13-db22-45ad-8ae4-adbffc53faa4-SegmentedRaftLogWorker:Storage Directory /workdir/hadoop-ozone/ozonefs/target/test-dir/MiniOzoneClusterImpl-ca0b0e9e-6896-4a7b-b208-9ea04bbb623c/datanode-0/data/ratis/c574f9f4-fa28-4731-9992-f595b36f2e20 close()
2019-09-19 14:38:24,539 [Thread-530] INFO  util.JmxRegister (JmxRegister.java:unregister(73)) - Successfully un-registered JMX Bean with object name Ratis:service=RaftServer,group=group-3FF384D089C0,id=9acfc684-f025-4851-a671-9506a9a8f647
2019-09-19 14:38:24,541 [ForkJoinPool.commonPool-worker-1] INFO  impl.RaftServerImpl (RaftServerImpl.java:lambda$shutdown$3(245)) - 0dde4a13-db22-45ad-8ae4-adbffc53faa4: shutdown group-390502EB21D9
2019-09-19 14:38:24,541 [Thread-530] INFO  impl.RoleInfo (RoleInfo.java:shutdownLeaderState(104)) - 9acfc684-f025-4851-a671-9506a9a8f647: shutdown LeaderState
2019-09-19 14:38:24,541 [ForkJoinPool.commonPool-worker-1] INFO  util.JmxRegister (JmxRegister.java:unregister(73)) - Successfully un-registered JMX Bean with object name Ratis:service=RaftServer,group=group-390502EB21D9,id=0dde4a13-db22-45ad-8ae4-adbffc53faa4
2019-09-19 14:38:24,542 [Thread-530] INFO  impl.PendingRequests (PendingRequests.java:sendNotLeaderResponses(202)) - 9acfc684-f025-4851-a671-9506a9a8f647-PendingRequests: sendNotLeaderResponses
2019-09-19 14:38:24,542 [ForkJoinPool.commonPool-worker-1] INFO  impl.RoleInfo (RoleInfo.java:shutdownLeaderState(104)) - 0dde4a13-db22-45ad-8ae4-adbffc53faa4: shutdown LeaderState
2019-09-19 14:38:24,542 [Thread-530] INFO  impl.StateMachineUpdater (StateMachineUpdater.java:stopAndJoin(115)) - StateMachineUpdater:9acfc684-f025-4851-a671-9506a9a8f647:group-3FF384D089C0: set stopIndex = 0
2019-09-19 14:38:24,543 [ForkJoinPool.commonPool-worker-1] INFO  impl.PendingRequests (PendingRequests.java:sendNotLeaderResponses(202)) - 0dde4a13-db22-45ad-8ae4-adbffc53faa4-PendingRequests: sendNotLeaderResponses
2019-09-19 14:38:24,543 [Thread-530] INFO  impl.RaftServerImpl (ServerState.java:close(394)) - 9acfc684-f025-4851-a671-9506a9a8f647:group-3FF384D089C0 closes. The last applied log index is 0
2019-09-19 14:38:24,543 [ForkJoinPool.commonPool-worker-1] INFO  impl.StateMachineUpdater (StateMachineUpdater.java:stopAndJoin(115)) - StateMachineUpdater:0dde4a13-db22-45ad-8ae4-adbffc53faa4:group-390502EB21D9: set stopIndex = 0
2019-09-19 14:38:24,544 [9acfc684-f025-4851-a671-9506a9a8f647-SegmentedRaftLogWorker:Storage Directory /workdir/hadoop-ozone/ozonefs/target/test-dir/MiniOzoneClusterImpl-ca0b0e9e-6896-4a7b-b208-9ea04bbb623c/datanode-1/data/ratis/d1837fe0-9092-4453-b2d0-3ff384d089c0] INFO  segmented.SegmentedRaftLogWorker (SegmentedRaftLogWorker.java:run(313)) - 9acfc684-f025-4851-a671-9506a9a8f647-SegmentedRaftLogWorker:Storage Directory /workdir/hadoop-ozone/ozonefs/target/test-dir/MiniOzoneClusterImpl-ca0b0e9e-6896-4a7b-b208-9ea04bbb623c/datanode-1/data/ratis/d1837fe0-9092-4453-b2d0-3ff384d089c0 was interrupted, exiting. There are 0 tasks remaining in the queue.
2019-09-19 14:38:24,544 [ForkJoinPool.commonPool-worker-1] INFO  impl.RaftServerImpl (ServerState.java:close(394)) - 0dde4a13-db22-45ad-8ae4-adbffc53faa4:group-390502EB21D9 closes. The last applied log index is 0
2019-09-19 14:38:24,544 [Thread-530] INFO  segmented.SegmentedRaftLogWorker (SegmentedRaftLogWorker.java:close(228)) - 9acfc684-f025-4851-a671-9506a9a8f647-SegmentedRaftLogWorker:Storage Directory /workdir/hadoop-ozone/ozonefs/target/test-dir/MiniOzoneClusterImpl-ca0b0e9e-6896-4a7b-b208-9ea04bbb623c/datanode-1/data/ratis/d1837fe0-9092-4453-b2d0-3ff384d089c0 close()
2019-09-19 14:38:24,544 [0dde4a13-db22-45ad-8ae4-adbffc53faa4-SegmentedRaftLogWorker:Storage Directory /workdir/hadoop-ozone/ozonefs/target/test-dir/MiniOzoneClusterImpl-ca0b0e9e-6896-4a7b-b208-9ea04bbb623c/datanode-0/data/ratis/97d92593-d9a8-41a7-a6ab-390502eb21d9] INFO  segmented.SegmentedRaftLogWorker (SegmentedRaftLogWorker.java:run(313)) - 0dde4a13-db22-45ad-8ae4-adbffc53faa4-SegmentedRaftLogWorker:Storage Directory /workdir/hadoop-ozone/ozonefs/target/test-dir/MiniOzoneClusterImpl-ca0b0e9e-6896-4a7b-b208-9ea04bbb623c/datanode-0/data/ratis/97d92593-d9a8-41a7-a6ab-390502eb21d9 was interrupted, exiting. There are 0 tasks remaining in the queue.
2019-09-19 14:38:24,546 [Thread-530] INFO  impl.RaftServerImpl (RaftServerImpl.java:lambda$shutdown$3(245)) - 9acfc684-f025-4851-a671-9506a9a8f647: shutdown group-E6A9F4653BF4
2019-09-19 14:38:24,546 [ForkJoinPool.commonPool-worker-1] INFO  segmented.SegmentedRaftLogWorker (SegmentedRaftLogWorker.java:close(228)) - 0dde4a13-db22-45ad-8ae4-adbffc53faa4-SegmentedRaftLogWorker:Storage Directory /workdir/hadoop-ozone/ozonefs/target/test-dir/MiniOzoneClusterImpl-ca0b0e9e-6896-4a7b-b208-9ea04bbb623c/datanode-0/data/ratis/97d92593-d9a8-41a7-a6ab-390502eb21d9 close()
2019-09-19 14:38:24,546 [Thread-530] INFO  util.JmxRegister (JmxRegister.java:unregister(73)) - Successfully un-registered JMX Bean with object name Ratis:service=RaftServer,group=group-E6A9F4653BF4,id=9acfc684-f025-4851-a671-9506a9a8f647
2019-09-19 14:38:24,548 [ForkJoinPool.commonPool-worker-1] INFO  impl.RaftServerImpl (RaftServerImpl.java:lambda$shutdown$3(245)) - 0dde4a13-db22-45ad-8ae4-adbffc53faa4: shutdown group-935AFA0322E7
2019-09-19 14:38:24,548 [Thread-530] INFO  impl.RoleInfo (RoleInfo.java:shutdownLeaderState(104)) - 9acfc684-f025-4851-a671-9506a9a8f647: shutdown LeaderState
2019-09-19 14:38:24,548 [ForkJoinPool.commonPool-worker-1] INFO  util.JmxRegister (JmxRegister.java:unregister(73)) - Successfully un-registered JMX Bean with object name Ratis:service=RaftServer,group=group-935AFA0322E7,id=0dde4a13-db22-45ad-8ae4-adbffc53faa4
2019-09-19 14:38:24,549 [Thread-530] INFO  impl.PendingRequests (PendingRequests.java:sendNotLeaderResponses(202)) - 9acfc684-f025-4851-a671-9506a9a8f647-PendingRequests: sendNotLeaderResponses
2019-09-19 14:38:24,549 [ForkJoinPool.commonPool-worker-1] INFO  impl.RoleInfo (RoleInfo.java:shutdownLeaderState(104)) - 0dde4a13-db22-45ad-8ae4-adbffc53faa4: shutdown LeaderState
2019-09-19 14:38:24,549 [Thread-530] INFO  impl.StateMachineUpdater (StateMachineUpdater.java:stopAndJoin(115)) - StateMachineUpdater:9acfc684-f025-4851-a671-9506a9a8f647:group-E6A9F4653BF4: set stopIndex = 0
2019-09-19 14:38:24,549 [ForkJoinPool.commonPool-worker-1] INFO  impl.PendingRequests (PendingRequests.java:sendNotLeaderResponses(202)) - 0dde4a13-db22-45ad-8ae4-adbffc53faa4-PendingRequests: sendNotLeaderResponses
2019-09-19 14:38:24,550 [Thread-530] INFO  impl.RaftServerImpl (ServerState.java:close(394)) - 9acfc684-f025-4851-a671-9506a9a8f647:group-E6A9F4653BF4 closes. The last applied log index is 0
2019-09-19 14:38:24,550 [ForkJoinPool.commonPool-worker-1] INFO  impl.StateMachineUpdater (StateMachineUpdater.java:stopAndJoin(115)) - StateMachineUpdater:0dde4a13-db22-45ad-8ae4-adbffc53faa4:group-935AFA0322E7: set stopIndex = 0
2019-09-19 14:38:24,550 [9acfc684-f025-4851-a671-9506a9a8f647-SegmentedRaftLogWorker:Storage Directory /workdir/hadoop-ozone/ozonefs/target/test-dir/MiniOzoneClusterImpl-ca0b0e9e-6896-4a7b-b208-9ea04bbb623c/datanode-1/data/ratis/69de39fd-5edc-4efa-8025-e6a9f4653bf4] INFO  segmented.SegmentedRaftLogWorker (SegmentedRaftLogWorker.java:run(313)) - 9acfc684-f025-4851-a671-9506a9a8f647-SegmentedRaftLogWorker:Storage Directory /workdir/hadoop-ozone/ozonefs/target/test-dir/MiniOzoneClusterImpl-ca0b0e9e-6896-4a7b-b208-9ea04bbb623c/datanode-1/data/ratis/69de39fd-5edc-4efa-8025-e6a9f4653bf4 was interrupted, exiting. There are 0 tasks remaining in the queue.
2019-09-19 14:38:24,551 [ForkJoinPool.commonPool-worker-1] INFO  impl.RaftServerImpl (ServerState.java:close(394)) - 0dde4a13-db22-45ad-8ae4-adbffc53faa4:group-935AFA0322E7 closes. The last applied log index is 0
2019-09-19 14:38:24,551 [Thread-530] INFO  segmented.SegmentedRaftLogWorker (SegmentedRaftLogWorker.java:close(228)) - 9acfc684-f025-4851-a671-9506a9a8f647-SegmentedRaftLogWorker:Storage Directory /workdir/hadoop-ozone/ozonefs/target/test-dir/MiniOzoneClusterImpl-ca0b0e9e-6896-4a7b-b208-9ea04bbb623c/datanode-1/data/ratis/69de39fd-5edc-4efa-8025-e6a9f4653bf4 close()
2019-09-19 14:38:24,551 [0dde4a13-db22-45ad-8ae4-adbffc53faa4-SegmentedRaftLogWorker:Storage Directory /workdir/hadoop-ozone/ozonefs/target/test-dir/MiniOzoneClusterImpl-ca0b0e9e-6896-4a7b-b208-9ea04bbb623c/datanode-0/data/ratis/41abb61c-a9da-44a4-babd-935afa0322e7] INFO  segmented.SegmentedRaftLogWorker (SegmentedRaftLogWorker.java:run(313)) - 0dde4a13-db22-45ad-8ae4-adbffc53faa4-SegmentedRaftLogWorker:Storage Directory /workdir/hadoop-ozone/ozonefs/target/test-dir/MiniOzoneClusterImpl-ca0b0e9e-6896-4a7b-b208-9ea04bbb623c/datanode-0/data/ratis/41abb61c-a9da-44a4-babd-935afa0322e7 was interrupted, exiting. There are 0 tasks remaining in the queue.
2019-09-19 14:38:24,553 [Thread-530] INFO  impl.RaftServerImpl (RaftServerImpl.java:lambda$shutdown$3(245)) - 9acfc684-f025-4851-a671-9506a9a8f647: shutdown group-DAFAA70CFE8E
2019-09-19 14:38:24,553 [ForkJoinPool.commonPool-worker-1] INFO  segmented.SegmentedRaftLogWorker (SegmentedRaftLogWorker.java:close(228)) - 0dde4a13-db22-45ad-8ae4-adbffc53faa4-SegmentedRaftLogWorker:Storage Directory /workdir/hadoop-ozone/ozonefs/target/test-dir/MiniOzoneClusterImpl-ca0b0e9e-6896-4a7b-b208-9ea04bbb623c/datanode-0/data/ratis/41abb61c-a9da-44a4-babd-935afa0322e7 close()
2019-09-19 14:38:24,553 [Thread-530] INFO  util.JmxRegister (JmxRegister.java:unregister(73)) - Successfully un-registered JMX Bean with object name Ratis:service=RaftServer,group=group-DAFAA70CFE8E,id=9acfc684-f025-4851-a671-9506a9a8f647
2019-09-19 14:38:24,555 [ForkJoinPool.commonPool-worker-1] INFO  impl.RaftServerImpl (RaftServerImpl.java:lambda$shutdown$3(245)) - 0dde4a13-db22-45ad-8ae4-adbffc53faa4: shutdown group-F6B0BCD16AFD
2019-09-19 14:38:24,555 [Thread-530] INFO  impl.RoleInfo (RoleInfo.java:shutdownLeaderState(104)) - 9acfc684-f025-4851-a671-9506a9a8f647: shutdown LeaderState
2019-09-19 14:38:24,556 [ForkJoinPool.commonPool-worker-1] INFO  util.JmxRegister (JmxRegister.java:unregister(73)) - Successfully un-registered JMX Bean with object name Ratis:service=RaftServer,group=group-F6B0BCD16AFD,id=0dde4a13-db22-45ad-8ae4-adbffc53faa4
2019-09-19 14:38:24,556 [Thread-530] INFO  impl.PendingRequests (PendingRequests.java:sendNotLeaderResponses(202)) - 9acfc684-f025-4851-a671-9506a9a8f647-PendingRequests: sendNotLeaderResponses
2019-09-19 14:38:24,556 [ForkJoinPool.commonPool-worker-1] INFO  impl.RoleInfo (RoleInfo.java:shutdownLeaderState(104)) - 0dde4a13-db22-45ad-8ae4-adbffc53faa4: shutdown LeaderState
2019-09-19 14:38:24,557 [Thread-530] INFO  impl.StateMachineUpdater (StateMachineUpdater.java:stopAndJoin(115)) - StateMachineUpdater:9acfc684-f025-4851-a671-9506a9a8f647:group-DAFAA70CFE8E: set stopIndex = 0
2019-09-19 14:38:24,557 [ForkJoinPool.commonPool-worker-1] INFO  impl.PendingRequests (PendingRequests.java:sendNotLeaderResponses(202)) - 0dde4a13-db22-45ad-8ae4-adbffc53faa4-PendingRequests: sendNotLeaderResponses
2019-09-19 14:38:24,557 [Thread-530] INFO  impl.RaftServerImpl (ServerState.java:close(394)) - 9acfc684-f025-4851-a671-9506a9a8f647:group-DAFAA70CFE8E closes. The last applied log index is 0
2019-09-19 14:38:24,557 [ForkJoinPool.commonPool-worker-1] INFO  impl.StateMachineUpdater (StateMachineUpdater.java:stopAndJoin(115)) - StateMachineUpdater:0dde4a13-db22-45ad-8ae4-adbffc53faa4:group-F6B0BCD16AFD: set stopIndex = 0
2019-09-19 14:38:24,558 [9acfc684-f025-4851-a671-9506a9a8f647-SegmentedRaftLogWorker:Storage Directory /workdir/hadoop-ozone/ozonefs/target/test-dir/MiniOzoneClusterImpl-ca0b0e9e-6896-4a7b-b208-9ea04bbb623c/datanode-1/data/ratis/353e080d-92bb-423d-a0c0-dafaa70cfe8e] INFO  segmented.SegmentedRaftLogWorker (SegmentedRaftLogWorker.java:run(313)) - 9acfc684-f025-4851-a671-9506a9a8f647-SegmentedRaftLogWorker:Storage Directory /workdir/hadoop-ozone/ozonefs/target/test-dir/MiniOzoneClusterImpl-ca0b0e9e-6896-4a7b-b208-9ea04bbb623c/datanode-1/data/ratis/353e080d-92bb-423d-a0c0-dafaa70cfe8e was interrupted, exiting. There are 0 tasks remaining in the queue.
2019-09-19 14:38:24,558 [ForkJoinPool.commonPool-worker-1] INFO  impl.RaftServerImpl (ServerState.java:close(394)) - 0dde4a13-db22-45ad-8ae4-adbffc53faa4:group-F6B0BCD16AFD closes. The last applied log index is 0
2019-09-19 14:38:24,558 [Thread-530] INFO  segmented.SegmentedRaftLogWorker (SegmentedRaftLogWorker.java:close(228)) - 9acfc684-f025-4851-a671-9506a9a8f647-SegmentedRaftLogWorker:Storage Directory /workdir/hadoop-ozone/ozonefs/target/test-dir/MiniOzoneClusterImpl-ca0b0e9e-6896-4a7b-b208-9ea04bbb623c/datanode-1/data/ratis/353e080d-92bb-423d-a0c0-dafaa70cfe8e close()
2019-09-19 14:38:24,559 [0dde4a13-db22-45ad-8ae4-adbffc53faa4-SegmentedRaftLogWorker:Storage Directory /workdir/hadoop-ozone/ozonefs/target/test-dir/MiniOzoneClusterImpl-ca0b0e9e-6896-4a7b-b208-9ea04bbb623c/datanode-0/data/ratis/031846c2-1d0b-4188-90db-f6b0bcd16afd] INFO  segmented.SegmentedRaftLogWorker (SegmentedRaftLogWorker.java:run(313)) - 0dde4a13-db22-45ad-8ae4-adbffc53faa4-SegmentedRaftLogWorker:Storage Directory /workdir/hadoop-ozone/ozonefs/target/test-dir/MiniOzoneClusterImpl-ca0b0e9e-6896-4a7b-b208-9ea04bbb623c/datanode-0/data/ratis/031846c2-1d0b-4188-90db-f6b0bcd16afd was interrupted, exiting. There are 0 tasks remaining in the queue.
2019-09-19 14:38:24,560 [Thread-530] INFO  server.GrpcService (GrpcService.java:closeImpl(155)) - 9acfc684-f025-4851-a671-9506a9a8f647: shutdown server with port 43107 now
2019-09-19 14:38:24,560 [ForkJoinPool.commonPool-worker-1] INFO  segmented.SegmentedRaftLogWorker (SegmentedRaftLogWorker.java:close(228)) - 0dde4a13-db22-45ad-8ae4-adbffc53faa4-SegmentedRaftLogWorker:Storage Directory /workdir/hadoop-ozone/ozonefs/target/test-dir/MiniOzoneClusterImpl-ca0b0e9e-6896-4a7b-b208-9ea04bbb623c/datanode-0/data/ratis/031846c2-1d0b-4188-90db-f6b0bcd16afd close()
2019-09-19 14:38:24,562 [ForkJoinPool.commonPool-worker-1] INFO  server.GrpcService (GrpcService.java:closeImpl(155)) - 0dde4a13-db22-45ad-8ae4-adbffc53faa4: shutdown server with port 40506 now
2019-09-19 14:38:24,563 [Thread-530] INFO  server.GrpcService (GrpcService.java:closeImpl(163)) - 9acfc684-f025-4851-a671-9506a9a8f647: shutdown server with port 43107 successfully
2019-09-19 14:38:24,564 [ForkJoinPool.commonPool-worker-1] INFO  server.GrpcService (GrpcService.java:closeImpl(163)) - 0dde4a13-db22-45ad-8ae4-adbffc53faa4: shutdown server with port 40506 successfully
2019-09-19 14:38:24,565 [Thread-530] INFO  utils.BackgroundService (BackgroundService.java:shutdown(148)) - Shutting down service BlockDeletingService
2019-09-19 14:38:24,567 [refreshUsed-/workdir/hadoop-ozone/ozonefs/target/test-dir/MiniOzoneClusterImpl-ca0b0e9e-6896-4a7b-b208-9ea04bbb623c/datanode-1/data/containers] WARN  fs.CachingGetSpaceUsed (CachingGetSpaceUsed.java:run(183)) - Thread Interrupted waiting to refresh disk information: sleep interrupted
2019-09-19 14:38:24,567 [ForkJoinPool.commonPool-worker-1] INFO  utils.BackgroundService (BackgroundService.java:shutdown(148)) - Shutting down service BlockDeletingService
2019-09-19 14:38:24,569 [refreshUsed-/workdir/hadoop-ozone/ozonefs/target/test-dir/MiniOzoneClusterImpl-ca0b0e9e-6896-4a7b-b208-9ea04bbb623c/datanode-0/data/containers] WARN  fs.CachingGetSpaceUsed (CachingGetSpaceUsed.java:run(183)) - Thread Interrupted waiting to refresh disk information: sleep interrupted
2019-09-19 14:38:24,592 [ForkJoinPool.commonPool-worker-1] INFO  statemachine.DatanodeStateMachine (DatanodeStateMachine.java:stopDaemon(395)) - Ozone container server stopped.
2019-09-19 14:38:24,595 [Thread-530] INFO  statemachine.DatanodeStateMachine (DatanodeStateMachine.java:stopDaemon(395)) - Ozone container server stopped.
2019-09-19 14:38:24,596 [ForkJoinPool.commonPool-worker-1] INFO  handler.ContextHandler (ContextHandler.java:doStop(910)) - Stopped o.e.j.w.WebAppContext@7c5ba0d0{/,null,UNAVAILABLE}{/hddsDatanode}
2019-09-19 14:38:24,596 [Thread-530] INFO  handler.ContextHandler (ContextHandler.java:doStop(910)) - Stopped o.e.j.w.WebAppContext@1a18d33a{/,null,UNAVAILABLE}{/hddsDatanode}
2019-09-19 14:38:24,596 [ForkJoinPool.commonPool-worker-1] INFO  server.AbstractConnector (AbstractConnector.java:doStop(318)) - Stopped ServerConnector@6c634ffc{HTTP/1.1,[http/1.1]}{0.0.0.0:0}
2019-09-19 14:38:24,597 [ForkJoinPool.commonPool-worker-1] INFO  handler.ContextHandler (ContextHandler.java:doStop(910)) - Stopped o.e.j.s.ServletContextHandler@214ef9f{/static,jar:file:/home/user/.m2/repository/org/apache/hadoop/hadoop-hdds-container-service/0.5.0-SNAPSHOT/hadoop-hdds-container-service-0.5.0-SNAPSHOT.jar!/webapps/static,UNAVAILABLE}
2019-09-19 14:38:24,597 [Thread-530] INFO  server.AbstractConnector (AbstractConnector.java:doStop(318)) - Stopped ServerConnector@4e1b26e2{HTTP/1.1,[http/1.1]}{0.0.0.0:0}
2019-09-19 14:38:24,598 [ForkJoinPool.commonPool-worker-1] INFO  handler.ContextHandler (ContextHandler.java:doStop(910)) - Stopped o.e.j.s.ServletContextHandler@196e6a93{/logs,file:///workdir/hadoop-ozone/ozonefs/target/log,UNAVAILABLE}
2019-09-19 14:38:24,598 [Thread-530] INFO  handler.ContextHandler (ContextHandler.java:doStop(910)) - Stopped o.e.j.s.ServletContextHandler@10d29832{/static,jar:file:/home/user/.m2/repository/org/apache/hadoop/hadoop-hdds-container-service/0.5.0-SNAPSHOT/hadoop-hdds-container-service-0.5.0-SNAPSHOT.jar!/webapps/static,UNAVAILABLE}
2019-09-19 14:38:24,598 [ForkJoinPool.commonPool-worker-1] INFO  datanode.ObjectStoreHandler (ObjectStoreHandler.java:close(155)) - Closing ObjectStoreHandler.
2019-09-19 14:38:24,599 [Thread-530] INFO  handler.ContextHandler (ContextHandler.java:doStop(910)) - Stopped o.e.j.s.ServletContextHandler@3bebc71d{/logs,file:///workdir/hadoop-ozone/ozonefs/target/log,UNAVAILABLE}
2019-09-19 14:38:24,599 [ForkJoinPool.commonPool-worker-1] INFO  ozone.HddsDatanodeService (HddsDatanodeService.java:stop(451)) - Stopped plug-in org.apache.hadoop.ozone.web.OzoneHddsDatanodeService@27428916
2019-09-19 14:38:25,239 [Datanode State Machine Thread - 0] INFO  statemachine.DatanodeStateMachine (DatanodeStateMachine.java:lambda$startDaemon$0(350)) - Ozone container server started.
2019-09-19 14:38:29,600 [ForkJoinPool.commonPool-worker-1] INFO  ozoneimpl.OzoneContainer (OzoneContainer.java:stop(199)) - Attempting to stop container services.
2019-09-19 14:38:29,601 [ForkJoinPool.commonPool-worker-1] INFO  impl.RaftServerProxy (RaftServerProxy.java:lambda$close$4(314)) - afbc86cd-608c-4927-90cf-3a7f1e6aa679: close
2019-09-19 14:38:29,601 [ForkJoinPool.commonPool-worker-1] INFO  impl.RaftServerImpl (RaftServerImpl.java:lambda$shutdown$3(245)) - afbc86cd-608c-4927-90cf-3a7f1e6aa679: shutdown group-6ADC2A3FC9F4
2019-09-19 14:38:29,601 [ForkJoinPool.commonPool-worker-1] INFO  util.JmxRegister (JmxRegister.java:unregister(73)) - Successfully un-registered JMX Bean with object name Ratis:service=RaftServer,group=group-6ADC2A3FC9F4,id=afbc86cd-608c-4927-90cf-3a7f1e6aa679
2019-09-19 14:38:29,601 [ForkJoinPool.commonPool-worker-1] INFO  impl.RoleInfo (RoleInfo.java:shutdownLeaderState(104)) - afbc86cd-608c-4927-90cf-3a7f1e6aa679: shutdown LeaderState
2019-09-19 14:38:29,602 [ForkJoinPool.commonPool-worker-1] INFO  impl.PendingRequests (PendingRequests.java:sendNotLeaderResponses(202)) - afbc86cd-608c-4927-90cf-3a7f1e6aa679-PendingRequests: sendNotLeaderResponses
2019-09-19 14:38:29,602 [ForkJoinPool.commonPool-worker-1] INFO  impl.StateMachineUpdater (StateMachineUpdater.java:stopAndJoin(115)) - StateMachineUpdater:afbc86cd-608c-4927-90cf-3a7f1e6aa679:group-6ADC2A3FC9F4: set stopIndex = 0
2019-09-19 14:38:29,602 [ForkJoinPool.commonPool-worker-1] INFO  impl.RaftServerImpl (ServerState.java:close(394)) - afbc86cd-608c-4927-90cf-3a7f1e6aa679:group-6ADC2A3FC9F4 closes. The last applied log index is 0
2019-09-19 14:38:29,603 [afbc86cd-608c-4927-90cf-3a7f1e6aa679-SegmentedRaftLogWorker:Storage Directory /workdir/hadoop-ozone/ozonefs/target/test-dir/MiniOzoneClusterImpl-ca0b0e9e-6896-4a7b-b208-9ea04bbb623c/datanode-2/data/ratis/09c68e2d-2066-4faf-8571-6adc2a3fc9f4] INFO  segmented.SegmentedRaftLogWorker (SegmentedRaftLogWorker.java:run(313)) - afbc86cd-608c-4927-90cf-3a7f1e6aa679-SegmentedRaftLogWorker:Storage Directory /workdir/hadoop-ozone/ozonefs/target/test-dir/MiniOzoneClusterImpl-ca0b0e9e-6896-4a7b-b208-9ea04bbb623c/datanode-2/data/ratis/09c68e2d-2066-4faf-8571-6adc2a3fc9f4 was interrupted, exiting. There are 0 tasks remaining in the queue.
2019-09-19 14:38:29,603 [ForkJoinPool.commonPool-worker-1] INFO  segmented.SegmentedRaftLogWorker (SegmentedRaftLogWorker.java:close(228)) - afbc86cd-608c-4927-90cf-3a7f1e6aa679-SegmentedRaftLogWorker:Storage Directory /workdir/hadoop-ozone/ozonefs/target/test-dir/MiniOzoneClusterImpl-ca0b0e9e-6896-4a7b-b208-9ea04bbb623c/datanode-2/data/ratis/09c68e2d-2066-4faf-8571-6adc2a3fc9f4 close()
2019-09-19 14:38:29,605 [ForkJoinPool.commonPool-worker-1] INFO  impl.RaftServerImpl (RaftServerImpl.java:lambda$shutdown$3(245)) - afbc86cd-608c-4927-90cf-3a7f1e6aa679: shutdown group-DE2FE862C8C8
2019-09-19 14:38:29,605 [ForkJoinPool.commonPool-worker-1] INFO  util.JmxRegister (JmxRegister.java:unregister(73)) - Successfully un-registered JMX Bean with object name Ratis:service=RaftServer,group=group-DE2FE862C8C8,id=afbc86cd-608c-4927-90cf-3a7f1e6aa679
2019-09-19 14:38:29,605 [ForkJoinPool.commonPool-worker-1] INFO  impl.RoleInfo (RoleInfo.java:shutdownLeaderState(104)) - afbc86cd-608c-4927-90cf-3a7f1e6aa679: shutdown LeaderState
2019-09-19 14:38:29,605 [ForkJoinPool.commonPool-worker-1] INFO  impl.PendingRequests (PendingRequests.java:sendNotLeaderResponses(202)) - afbc86cd-608c-4927-90cf-3a7f1e6aa679-PendingRequests: sendNotLeaderResponses
2019-09-19 14:38:29,605 [ForkJoinPool.commonPool-worker-1] INFO  impl.StateMachineUpdater (StateMachineUpdater.java:stopAndJoin(115)) - StateMachineUpdater:afbc86cd-608c-4927-90cf-3a7f1e6aa679:group-DE2FE862C8C8: set stopIndex = 0
2019-09-19 14:38:29,605 [ForkJoinPool.commonPool-worker-1] INFO  impl.RaftServerImpl (ServerState.java:close(394)) - afbc86cd-608c-4927-90cf-3a7f1e6aa679:group-DE2FE862C8C8 closes. The last applied log index is 0
2019-09-19 14:38:29,606 [afbc86cd-608c-4927-90cf-3a7f1e6aa679-SegmentedRaftLogWorker:Storage Directory /workdir/hadoop-ozone/ozonefs/target/test-dir/MiniOzoneClusterImpl-ca0b0e9e-6896-4a7b-b208-9ea04bbb623c/datanode-2/data/ratis/5cbfab43-99a7-4122-a13b-de2fe862c8c8] INFO  segmented.SegmentedRaftLogWorker (SegmentedRaftLogWorker.java:run(313)) - afbc86cd-608c-4927-90cf-3a7f1e6aa679-SegmentedRaftLogWorker:Storage Directory /workdir/hadoop-ozone/ozonefs/target/test-dir/MiniOzoneClusterImpl-ca0b0e9e-6896-4a7b-b208-9ea04bbb623c/datanode-2/data/ratis/5cbfab43-99a7-4122-a13b-de2fe862c8c8 was interrupted, exiting. There are 0 tasks remaining in the queue.
2019-09-19 14:38:29,606 [ForkJoinPool.commonPool-worker-1] INFO  segmented.SegmentedRaftLogWorker (SegmentedRaftLogWorker.java:close(228)) - afbc86cd-608c-4927-90cf-3a7f1e6aa679-SegmentedRaftLogWorker:Storage Directory /workdir/hadoop-ozone/ozonefs/target/test-dir/MiniOzoneClusterImpl-ca0b0e9e-6896-4a7b-b208-9ea04bbb623c/datanode-2/data/ratis/5cbfab43-99a7-4122-a13b-de2fe862c8c8 close()
2019-09-19 14:38:29,607 [ForkJoinPool.commonPool-worker-1] INFO  impl.RaftServerImpl (RaftServerImpl.java:lambda$shutdown$3(245)) - afbc86cd-608c-4927-90cf-3a7f1e6aa679: shutdown group-006381C45AA9
2019-09-19 14:38:29,607 [ForkJoinPool.commonPool-worker-1] INFO  util.JmxRegister (JmxRegister.java:unregister(73)) - Successfully un-registered JMX Bean with object name Ratis:service=RaftServer,group=group-006381C45AA9,id=afbc86cd-608c-4927-90cf-3a7f1e6aa679
2019-09-19 14:38:29,607 [ForkJoinPool.commonPool-worker-1] INFO  impl.RoleInfo (RoleInfo.java:shutdownLeaderState(104)) - afbc86cd-608c-4927-90cf-3a7f1e6aa679: shutdown LeaderState
2019-09-19 14:38:29,608 [ForkJoinPool.commonPool-worker-1] INFO  impl.PendingRequests (PendingRequests.java:sendNotLeaderResponses(202)) - afbc86cd-608c-4927-90cf-3a7f1e6aa679-PendingRequests: sendNotLeaderResponses
2019-09-19 14:38:29,608 [ForkJoinPool.commonPool-worker-1] INFO  impl.StateMachineUpdater (StateMachineUpdater.java:stopAndJoin(115)) - StateMachineUpdater:afbc86cd-608c-4927-90cf-3a7f1e6aa679:group-006381C45AA9: set stopIndex = 0
2019-09-19 14:38:29,608 [ForkJoinPool.commonPool-worker-1] INFO  impl.RaftServerImpl (ServerState.java:close(394)) - afbc86cd-608c-4927-90cf-3a7f1e6aa679:group-006381C45AA9 closes. The last applied log index is 0
2019-09-19 14:38:29,608 [afbc86cd-608c-4927-90cf-3a7f1e6aa679-SegmentedRaftLogWorker:Storage Directory /workdir/hadoop-ozone/ozonefs/target/test-dir/MiniOzoneClusterImpl-ca0b0e9e-6896-4a7b-b208-9ea04bbb623c/datanode-2/data/ratis/38cbc2bd-d5e9-4abe-894e-006381c45aa9] INFO  segmented.SegmentedRaftLogWorker (SegmentedRaftLogWorker.java:run(313)) - afbc86cd-608c-4927-90cf-3a7f1e6aa679-SegmentedRaftLogWorker:Storage Directory /workdir/hadoop-ozone/ozonefs/target/test-dir/MiniOzoneClusterImpl-ca0b0e9e-6896-4a7b-b208-9ea04bbb623c/datanode-2/data/ratis/38cbc2bd-d5e9-4abe-894e-006381c45aa9 was interrupted, exiting. There are 0 tasks remaining in the queue.
2019-09-19 14:38:29,608 [ForkJoinPool.commonPool-worker-1] INFO  segmented.SegmentedRaftLogWorker (SegmentedRaftLogWorker.java:close(228)) - afbc86cd-608c-4927-90cf-3a7f1e6aa679-SegmentedRaftLogWorker:Storage Directory /workdir/hadoop-ozone/ozonefs/target/test-dir/MiniOzoneClusterImpl-ca0b0e9e-6896-4a7b-b208-9ea04bbb623c/datanode-2/data/ratis/38cbc2bd-d5e9-4abe-894e-006381c45aa9 close()
2019-09-19 14:38:29,609 [ForkJoinPool.commonPool-worker-1] INFO  impl.RaftServerImpl (RaftServerImpl.java:lambda$shutdown$3(245)) - afbc86cd-608c-4927-90cf-3a7f1e6aa679: shutdown group-BEE9F1DD5673
2019-09-19 14:38:29,610 [ForkJoinPool.commonPool-worker-1] INFO  util.JmxRegister (JmxRegister.java:unregister(73)) - Successfully un-registered JMX Bean with object name Ratis:service=RaftServer,group=group-BEE9F1DD5673,id=afbc86cd-608c-4927-90cf-3a7f1e6aa679
2019-09-19 14:38:29,610 [ForkJoinPool.commonPool-worker-1] INFO  impl.RoleInfo (RoleInfo.java:shutdownLeaderState(104)) - afbc86cd-608c-4927-90cf-3a7f1e6aa679: shutdown LeaderState
2019-09-19 14:38:29,610 [ForkJoinPool.commonPool-worker-1] INFO  impl.PendingRequests (PendingRequests.java:sendNotLeaderResponses(202)) - afbc86cd-608c-4927-90cf-3a7f1e6aa679-PendingRequests: sendNotLeaderResponses
2019-09-19 14:38:29,610 [ForkJoinPool.commonPool-worker-1] INFO  impl.StateMachineUpdater (StateMachineUpdater.java:stopAndJoin(115)) - StateMachineUpdater:afbc86cd-608c-4927-90cf-3a7f1e6aa679:group-BEE9F1DD5673: set stopIndex = 0
2019-09-19 14:38:29,610 [ForkJoinPool.commonPool-worker-1] INFO  impl.RaftServerImpl (ServerState.java:close(394)) - afbc86cd-608c-4927-90cf-3a7f1e6aa679:group-BEE9F1DD5673 closes. The last applied log index is 0
2019-09-19 14:38:29,611 [afbc86cd-608c-4927-90cf-3a7f1e6aa679-SegmentedRaftLogWorker:Storage Directory /workdir/hadoop-ozone/ozonefs/target/test-dir/MiniOzoneClusterImpl-ca0b0e9e-6896-4a7b-b208-9ea04bbb623c/datanode-2/data/ratis/9108f194-acdb-4974-bd65-bee9f1dd5673] INFO  segmented.SegmentedRaftLogWorker (SegmentedRaftLogWorker.java:run(313)) - afbc86cd-608c-4927-90cf-3a7f1e6aa679-SegmentedRaftLogWorker:Storage Directory /workdir/hadoop-ozone/ozonefs/target/test-dir/MiniOzoneClusterImpl-ca0b0e9e-6896-4a7b-b208-9ea04bbb623c/datanode-2/data/ratis/9108f194-acdb-4974-bd65-bee9f1dd5673 was interrupted, exiting. There are 0 tasks remaining in the queue.
2019-09-19 14:38:29,611 [ForkJoinPool.commonPool-worker-1] INFO  segmented.SegmentedRaftLogWorker (SegmentedRaftLogWorker.java:close(228)) - afbc86cd-608c-4927-90cf-3a7f1e6aa679-SegmentedRaftLogWorker:Storage Directory /workdir/hadoop-ozone/ozonefs/target/test-dir/MiniOzoneClusterImpl-ca0b0e9e-6896-4a7b-b208-9ea04bbb623c/datanode-2/data/ratis/9108f194-acdb-4974-bd65-bee9f1dd5673 close()
2019-09-19 14:38:29,612 [ForkJoinPool.commonPool-worker-1] INFO  impl.RaftServerImpl (RaftServerImpl.java:lambda$shutdown$3(245)) - afbc86cd-608c-4927-90cf-3a7f1e6aa679: shutdown group-A1AE291974B2
2019-09-19 14:38:29,612 [ForkJoinPool.commonPool-worker-1] INFO  util.JmxRegister (JmxRegister.java:unregister(73)) - Successfully un-registered JMX Bean with object name Ratis:service=RaftServer,group=group-A1AE291974B2,id=afbc86cd-608c-4927-90cf-3a7f1e6aa679
2019-09-19 14:38:29,612 [ForkJoinPool.commonPool-worker-1] INFO  impl.RoleInfo (RoleInfo.java:shutdownLeaderState(104)) - afbc86cd-608c-4927-90cf-3a7f1e6aa679: shutdown LeaderState
2019-09-19 14:38:29,612 [ForkJoinPool.commonPool-worker-1] INFO  impl.PendingRequests (PendingRequests.java:sendNotLeaderResponses(202)) - afbc86cd-608c-4927-90cf-3a7f1e6aa679-PendingRequests: sendNotLeaderResponses
2019-09-19 14:38:29,612 [ForkJoinPool.commonPool-worker-1] INFO  impl.StateMachineUpdater (StateMachineUpdater.java:stopAndJoin(115)) - StateMachineUpdater:afbc86cd-608c-4927-90cf-3a7f1e6aa679:group-A1AE291974B2: set stopIndex = 0
2019-09-19 14:38:29,613 [ForkJoinPool.commonPool-worker-1] INFO  impl.RaftServerImpl (ServerState.java:close(394)) - afbc86cd-608c-4927-90cf-3a7f1e6aa679:group-A1AE291974B2 closes. The last applied log index is 0
2019-09-19 14:38:29,613 [afbc86cd-608c-4927-90cf-3a7f1e6aa679-SegmentedRaftLogWorker:Storage Directory /workdir/hadoop-ozone/ozonefs/target/test-dir/MiniOzoneClusterImpl-ca0b0e9e-6896-4a7b-b208-9ea04bbb623c/datanode-2/data/ratis/7d8df43b-8476-41e3-8eb9-a1ae291974b2] INFO  segmented.SegmentedRaftLogWorker (SegmentedRaftLogWorker.java:run(313)) - afbc86cd-608c-4927-90cf-3a7f1e6aa679-SegmentedRaftLogWorker:Storage Directory /workdir/hadoop-ozone/ozonefs/target/test-dir/MiniOzoneClusterImpl-ca0b0e9e-6896-4a7b-b208-9ea04bbb623c/datanode-2/data/ratis/7d8df43b-8476-41e3-8eb9-a1ae291974b2 was interrupted, exiting. There are 0 tasks remaining in the queue.
2019-09-19 14:38:29,613 [ForkJoinPool.commonPool-worker-1] INFO  segmented.SegmentedRaftLogWorker (SegmentedRaftLogWorker.java:close(228)) - afbc86cd-608c-4927-90cf-3a7f1e6aa679-SegmentedRaftLogWorker:Storage Directory /workdir/hadoop-ozone/ozonefs/target/test-dir/MiniOzoneClusterImpl-ca0b0e9e-6896-4a7b-b208-9ea04bbb623c/datanode-2/data/ratis/7d8df43b-8476-41e3-8eb9-a1ae291974b2 close()
2019-09-19 14:38:29,614 [ForkJoinPool.commonPool-worker-1] INFO  impl.RaftServerImpl (RaftServerImpl.java:lambda$shutdown$3(245)) - afbc86cd-608c-4927-90cf-3a7f1e6aa679: shutdown group-3CEFF134FFB8
2019-09-19 14:38:29,614 [ForkJoinPool.commonPool-worker-1] INFO  util.JmxRegister (JmxRegister.java:unregister(73)) - Successfully un-registered JMX Bean with object name Ratis:service=RaftServer,group=group-3CEFF134FFB8,id=afbc86cd-608c-4927-90cf-3a7f1e6aa679
2019-09-19 14:38:29,614 [ForkJoinPool.commonPool-worker-1] INFO  impl.RoleInfo (RoleInfo.java:shutdownLeaderState(104)) - afbc86cd-608c-4927-90cf-3a7f1e6aa679: shutdown LeaderState
2019-09-19 14:38:29,615 [ForkJoinPool.commonPool-worker-1] INFO  impl.PendingRequests (PendingRequests.java:sendNotLeaderResponses(202)) - afbc86cd-608c-4927-90cf-3a7f1e6aa679-PendingRequests: sendNotLeaderResponses
2019-09-19 14:38:29,615 [ForkJoinPool.commonPool-worker-1] INFO  impl.StateMachineUpdater (StateMachineUpdater.java:stopAndJoin(115)) - StateMachineUpdater:afbc86cd-608c-4927-90cf-3a7f1e6aa679:group-3CEFF134FFB8: set stopIndex = 0
2019-09-19 14:38:29,615 [ForkJoinPool.commonPool-worker-1] INFO  impl.RaftServerImpl (ServerState.java:close(394)) - afbc86cd-608c-4927-90cf-3a7f1e6aa679:group-3CEFF134FFB8 closes. The last applied log index is 0
2019-09-19 14:38:29,615 [afbc86cd-608c-4927-90cf-3a7f1e6aa679-SegmentedRaftLogWorker:Storage Directory /workdir/hadoop-ozone/ozonefs/target/test-dir/MiniOzoneClusterImpl-ca0b0e9e-6896-4a7b-b208-9ea04bbb623c/datanode-2/data/ratis/9db37d3c-17e6-4c49-858c-3ceff134ffb8] INFO  segmented.SegmentedRaftLogWorker (SegmentedRaftLogWorker.java:run(313)) - afbc86cd-608c-4927-90cf-3a7f1e6aa679-SegmentedRaftLogWorker:Storage Directory /workdir/hadoop-ozone/ozonefs/target/test-dir/MiniOzoneClusterImpl-ca0b0e9e-6896-4a7b-b208-9ea04bbb623c/datanode-2/data/ratis/9db37d3c-17e6-4c49-858c-3ceff134ffb8 was interrupted, exiting. There are 0 tasks remaining in the queue.
2019-09-19 14:38:29,615 [ForkJoinPool.commonPool-worker-1] INFO  segmented.SegmentedRaftLogWorker (SegmentedRaftLogWorker.java:close(228)) - afbc86cd-608c-4927-90cf-3a7f1e6aa679-SegmentedRaftLogWorker:Storage Directory /workdir/hadoop-ozone/ozonefs/target/test-dir/MiniOzoneClusterImpl-ca0b0e9e-6896-4a7b-b208-9ea04bbb623c/datanode-2/data/ratis/9db37d3c-17e6-4c49-858c-3ceff134ffb8 close()
2019-09-19 14:38:29,616 [ForkJoinPool.commonPool-worker-1] INFO  server.GrpcService (GrpcService.java:closeImpl(155)) - afbc86cd-608c-4927-90cf-3a7f1e6aa679: shutdown server with port 43206 now
2019-09-19 14:38:29,618 [ForkJoinPool.commonPool-worker-1] INFO  server.GrpcService (GrpcService.java:closeImpl(163)) - afbc86cd-608c-4927-90cf-3a7f1e6aa679: shutdown server with port 43206 successfully
2019-09-19 14:38:29,623 [ForkJoinPool.commonPool-worker-1] INFO  utils.BackgroundService (BackgroundService.java:shutdown(148)) - Shutting down service BlockDeletingService
2019-09-19 14:38:29,624 [refreshUsed-/workdir/hadoop-ozone/ozonefs/target/test-dir/MiniOzoneClusterImpl-ca0b0e9e-6896-4a7b-b208-9ea04bbb623c/datanode-2/data/containers] WARN  fs.CachingGetSpaceUsed (CachingGetSpaceUsed.java:run(183)) - Thread Interrupted waiting to refresh disk information: sleep interrupted
2019-09-19 14:38:29,643 [ForkJoinPool.commonPool-worker-1] INFO  statemachine.DatanodeStateMachine (DatanodeStateMachine.java:stopDaemon(395)) - Ozone container server stopped.
2019-09-19 14:38:29,647 [ForkJoinPool.commonPool-worker-1] INFO  handler.ContextHandler (ContextHandler.java:doStop(910)) - Stopped o.e.j.w.WebAppContext@3c3b3a6a{/,null,UNAVAILABLE}{/hddsDatanode}
2019-09-19 14:38:29,648 [ForkJoinPool.commonPool-worker-1] INFO  server.AbstractConnector (AbstractConnector.java:doStop(318)) - Stopped ServerConnector@19835b78{HTTP/1.1,[http/1.1]}{0.0.0.0:0}
2019-09-19 14:38:29,649 [ForkJoinPool.commonPool-worker-1] INFO  handler.ContextHandler (ContextHandler.java:doStop(910)) - Stopped o.e.j.s.ServletContextHandler@32fbac90{/static,jar:file:/home/user/.m2/repository/org/apache/hadoop/hadoop-hdds-container-service/0.5.0-SNAPSHOT/hadoop-hdds-container-service-0.5.0-SNAPSHOT.jar!/webapps/static,UNAVAILABLE}
2019-09-19 14:38:29,650 [ForkJoinPool.commonPool-worker-1] INFO  handler.ContextHandler (ContextHandler.java:doStop(910)) - Stopped o.e.j.s.ServletContextHandler@3c098c7b{/logs,file:///workdir/hadoop-ozone/ozonefs/target/log,UNAVAILABLE}
2019-09-19 14:38:29,651 [Thread-530] INFO  ozone.MiniOzoneClusterImpl (MiniOzoneClusterImpl.java:stop(353)) - Stopping the StorageContainerManager
2019-09-19 14:38:29,652 [Thread-530] INFO  server.StorageContainerManager (StorageContainerManager.java:stop(797)) - Stopping Replication Manager Service.
2019-09-19 14:38:29,652 [Thread-530] INFO  container.ReplicationManager (ReplicationManager.java:stop(192)) - Stopping Replication Monitor Thread.
2019-09-19 14:38:29,652 [Thread-530] INFO  server.StorageContainerManager (StorageContainerManager.java:stop(804)) - Stopping Lease Manager of the command watchers
2019-09-19 14:38:29,652 [Thread-530] INFO  server.StorageContainerManager (StorageContainerManager.java:stop(811)) - Stopping datanode service RPC server
2019-09-19 14:38:29,652 [Thread-530] INFO  server.SCMDatanodeProtocolServer (SCMDatanodeProtocolServer.java:stop(367)) - Stopping the RPC server for DataNodes
2019-09-19 14:38:29,652 [Thread-530] INFO  ipc.Server (Server.java:stop(3082)) - Stopping server on 39681
2019-09-19 14:38:29,654 [IPC Server listener on 39681] INFO  ipc.Server (Server.java:run(1185)) - Stopping IPC Server listener on 39681
2019-09-19 14:38:29,654 [IPC Server Responder] INFO  ipc.Server (Server.java:run(1319)) - Stopping IPC Server Responder
2019-09-19 14:38:29,755 [SCM Heartbeat Processing Thread - 0] WARN  node.NodeStateManager (NodeStateManager.java:scheduleNextHealthCheck(655)) - Current Thread is interrupted, shutting down HB processing thread for Node Manager.
2019-09-19 14:38:29,755 [Thread-530] INFO  server.StorageContainerManager (StorageContainerManager.java:stop(819)) - Stopping block service RPC server
2019-09-19 14:38:29,755 [Thread-530] INFO  server.SCMBlockProtocolServer (SCMBlockProtocolServer.java:stop(148)) - Stopping the RPC server for Block Protocol
2019-09-19 14:38:29,756 [Thread-530] INFO  ipc.Server (Server.java:stop(3082)) - Stopping server on 40892
2019-09-19 14:38:29,757 [IPC Server listener on 40892] INFO  ipc.Server (Server.java:run(1185)) - Stopping IPC Server listener on 40892
2019-09-19 14:38:29,757 [Thread-530] INFO  server.StorageContainerManager (StorageContainerManager.java:stop(826)) - Stopping the StorageContainerLocationProtocol RPC server
2019-09-19 14:38:29,758 [IPC Server Responder] INFO  ipc.Server (Server.java:run(1319)) - Stopping IPC Server Responder
2019-09-19 14:38:29,758 [Thread-530] INFO  server.SCMClientProtocolServer (SCMClientProtocolServer.java:stop(159)) - Stopping the RPC server for Client Protocol
2019-09-19 14:38:29,759 [Thread-530] INFO  ipc.Server (Server.java:stop(3082)) - Stopping server on 46132
2019-09-19 14:38:29,761 [Thread-530] INFO  server.StorageContainerManager (StorageContainerManager.java:stop(833)) - Stopping Storage Container Manager HTTP server.
2019-09-19 14:38:29,761 [IPC Server listener on 46132] INFO  ipc.Server (Server.java:run(1185)) - Stopping IPC Server listener on 46132
2019-09-19 14:38:29,761 [IPC Server Responder] INFO  ipc.Server (Server.java:run(1319)) - Stopping IPC Server Responder
2019-09-19 14:38:29,764 [Thread-530] INFO  handler.ContextHandler (ContextHandler.java:doStop(910)) - Stopped o.e.j.w.WebAppContext@2c0c94e5{/,null,UNAVAILABLE}{/scm}
2019-09-19 14:38:29,765 [Thread-530] INFO  server.AbstractConnector (AbstractConnector.java:doStop(318)) - Stopped ServerConnector@4b05d9a5{HTTP/1.1,[http/1.1]}{0.0.0.0:0}
2019-09-19 14:38:29,766 [Thread-530] INFO  handler.ContextHandler (ContextHandler.java:doStop(910)) - Stopped o.e.j.s.ServletContextHandler@e10a245{/static,jar:file:/home/user/.m2/repository/org/apache/hadoop/hadoop-hdds-server-scm/0.5.0-SNAPSHOT/hadoop-hdds-server-scm-0.5.0-SNAPSHOT.jar!/webapps/static,UNAVAILABLE}
2019-09-19 14:38:29,766 [Thread-530] INFO  handler.ContextHandler (ContextHandler.java:doStop(910)) - Stopped o.e.j.s.ServletContextHandler@8c725a3{/logs,file:///workdir/hadoop-ozone/ozonefs/target/log,UNAVAILABLE}
2019-09-19 14:38:29,767 [Thread-530] INFO  server.StorageContainerManager (StorageContainerManager.java:stop(844)) - Stopping Block Manager Service.
2019-09-19 14:38:29,767 [Thread-530] INFO  utils.BackgroundService (BackgroundService.java:shutdown(148)) - Shutting down service SCMBlockDeletingService
2019-09-19 14:38:29,768 [Thread-530] INFO  utils.BackgroundService (BackgroundService.java:shutdown(148)) - Shutting down service SCMBlockDeletingService
2019-09-19 14:38:29,768 [Thread-530] INFO  server.StorageContainerManager (StorageContainerManager.java:stop(866)) - Stopping SCM Event Queue.
2019-09-19 14:38:29,772 [Thread-530] INFO  impl.MetricsSystemImpl (MetricsSystemImpl.java:stop(210)) - Stopping HddsDatanode metrics system...
2019-09-19 14:38:29,782 [Thread-530] INFO  impl.MetricsSystemImpl (MetricsSystemImpl.java:stop(216)) - HddsDatanode metrics system stopped.
]]></system-out>
    <system-err><![CDATA[Sep 19, 2019 2:38:13 PM com.sun.jersey.server.impl.application.WebApplicationImpl _initiate
INFO: Initiating Jersey application, version 'Jersey: 1.19 02/11/2015 03:25 AM'
Sep 19, 2019 2:38:13 PM com.sun.jersey.server.impl.application.WebApplicationImpl _initiate
INFO: Initiating Jersey application, version 'Jersey: 1.19 02/11/2015 03:25 AM'
Sep 19, 2019 2:38:14 PM com.sun.jersey.server.impl.application.WebApplicationImpl _initiate
INFO: Initiating Jersey application, version 'Jersey: 1.19 02/11/2015 03:25 AM'
Sep 19, 2019 2:38:19 PM com.sun.jersey.server.impl.application.WebApplicationImpl _initiate
INFO: Initiating Jersey application, version 'Jersey: 1.19 02/11/2015 03:25 AM'
]]></system-err>
  </testcase>
  <testcase name="testListStatus" classname="org.apache.hadoop.fs.ozone.TestOzoneFileSystem" time="18.274">
    <error message="Allocated 0 blocks. Requested 1 blocks" type="INTERNAL_ERROR org.apache.hadoop.ozone.om.exceptions.OMException">INTERNAL_ERROR org.apache.hadoop.ozone.om.exceptions.OMException: Allocated 0 blocks. Requested 1 blocks
	at org.apache.hadoop.ozone.om.protocolPB.OzoneManagerProtocolClientSideTranslatorPB.handleError(OzoneManagerProtocolClientSideTranslatorPB.java:725)
	at org.apache.hadoop.ozone.om.protocolPB.OzoneManagerProtocolClientSideTranslatorPB.createFile(OzoneManagerProtocolClientSideTranslatorPB.java:1474)
	at org.apache.hadoop.ozone.client.rpc.RpcClient.createFile(RpcClient.java:984)
	at org.apache.hadoop.ozone.client.OzoneBucket.createFile(OzoneBucket.java:535)
	at org.apache.hadoop.fs.ozone.BasicOzoneClientAdapterImpl.createFile(BasicOzoneClientAdapterImpl.java:181)
	at org.apache.hadoop.fs.ozone.BasicOzoneFileSystem.createOutputStream(BasicOzoneFileSystem.java:249)
	at org.apache.hadoop.fs.ozone.BasicOzoneFileSystem.create(BasicOzoneFileSystem.java:230)
	at org.apache.hadoop.fs.FileSystem.create(FileSystem.java:1118)
	at org.apache.hadoop.fs.FileSystem.create(FileSystem.java:1098)
	at org.apache.hadoop.fs.FileSystem.create(FileSystem.java:987)
	at org.apache.hadoop.fs.contract.ContractTestUtils.createFile(ContractTestUtils.java:633)
	at org.apache.hadoop.fs.contract.ContractTestUtils.touch(ContractTestUtils.java:669)
	at org.apache.hadoop.fs.ozone.TestOzoneFileSystem.testListStatus(TestOzoneFileSystem.java:179)
	at sun.reflect.NativeMethodAccessorImpl.invoke0(Native Method)
	at sun.reflect.NativeMethodAccessorImpl.invoke(NativeMethodAccessorImpl.java:62)
	at sun.reflect.DelegatingMethodAccessorImpl.invoke(DelegatingMethodAccessorImpl.java:43)
	at java.lang.reflect.Method.invoke(Method.java:498)
	at org.junit.runners.model.FrameworkMethod$1.runReflectiveCall(FrameworkMethod.java:47)
	at org.junit.internal.runners.model.ReflectiveCallable.run(ReflectiveCallable.java:12)
	at org.junit.runners.model.FrameworkMethod.invokeExplosively(FrameworkMethod.java:44)
	at org.junit.internal.runners.statements.InvokeMethod.evaluate(InvokeMethod.java:17)
	at org.junit.internal.runners.statements.RunBefores.evaluate(RunBefores.java:26)
	at org.junit.internal.runners.statements.RunAfters.evaluate(RunAfters.java:27)
	at org.junit.internal.runners.statements.FailOnTimeout$StatementThread.run(FailOnTimeout.java:74)
</error>
    <system-out><![CDATA[2019-09-19 14:38:29,841 [Thread-796] WARN  server.ServerUtils (ServerUtils.java:getScmDbDir(145)) - ozone.scm.db.dirs is not configured. We recommend adding this setting. Falling back to ozone.metadata.dirs instead.
2019-09-19 14:38:29,867 [Thread-796] WARN  server.ServerUtils (ServerUtils.java:getScmDbDir(145)) - ozone.scm.db.dirs is not configured. We recommend adding this setting. Falling back to ozone.metadata.dirs instead.
2019-09-19 14:38:29,868 [Thread-796] WARN  server.ServerUtils (ServerUtils.java:getScmDbDir(145)) - ozone.scm.db.dirs is not configured. We recommend adding this setting. Falling back to ozone.metadata.dirs instead.
2019-09-19 14:38:29,868 [Thread-796] INFO  db.DBStoreBuilder (DBStoreBuilder.java:addTable(110)) - using custom profile for table: deletedBlocks
2019-09-19 14:38:29,868 [Thread-796] INFO  db.DBStoreBuilder (DBStoreBuilder.java:processTables(161)) - Using default column profile:DBProfile.DISK for Table:deletedBlocks
2019-09-19 14:38:29,868 [Thread-796] INFO  db.DBStoreBuilder (DBStoreBuilder.java:addTable(110)) - using custom profile for table: validCerts
2019-09-19 14:38:29,868 [Thread-796] INFO  db.DBStoreBuilder (DBStoreBuilder.java:processTables(161)) - Using default column profile:DBProfile.DISK for Table:validCerts
2019-09-19 14:38:29,869 [Thread-796] INFO  db.DBStoreBuilder (DBStoreBuilder.java:addTable(110)) - using custom profile for table: revokedCerts
2019-09-19 14:38:29,869 [Thread-796] INFO  db.DBStoreBuilder (DBStoreBuilder.java:processTables(161)) - Using default column profile:DBProfile.DISK for Table:revokedCerts
2019-09-19 14:38:29,869 [Thread-796] INFO  db.DBStoreBuilder (DBStoreBuilder.java:addTable(110)) - using custom profile for table: default
2019-09-19 14:38:29,869 [Thread-796] INFO  db.DBStoreBuilder (DBStoreBuilder.java:processTables(167)) - Using default column profile:DBProfile.DISK for Table:default
2019-09-19 14:38:29,869 [Thread-796] INFO  db.DBStoreBuilder (DBStoreBuilder.java:getDbProfile(198)) - Using default options. DBProfile.DISK
2019-09-19 14:38:30,194 [Thread-796] INFO  net.NodeSchemaLoader (NodeSchemaLoader.java:loadSchemaFromFile(125)) - Loading file from sun.misc.CompoundEnumeration@52098e92
2019-09-19 14:38:30,194 [Thread-796] INFO  net.NodeSchemaLoader (NodeSchemaLoader.java:loadSchema(171)) - Loading network topology layer schema file
2019-09-19 14:38:30,198 [Thread-796] WARN  server.ServerUtils (ServerUtils.java:sanitizeUserArgs(70)) - ozone.scm.stale.node.interval value = 300000 is larger than max = 100000 based on the key value of ozone.scm.heartbeat.thread.interval, reset to the max value 100000.
2019-09-19 14:38:30,198 [Thread-796] WARN  server.ServerUtils (ServerUtils.java:sanitizeUserArgs(70)) - ozone.scm.stale.node.interval value = 300000 is larger than max = 100000 based on the key value of ozone.scm.heartbeat.thread.interval, reset to the max value 100000.
2019-09-19 14:38:30,198 [Thread-796] INFO  node.SCMNodeManager (SCMNodeManager.java:<init>(121)) - Entering startup safe mode.
2019-09-19 14:38:30,199 [Thread-796] INFO  algorithms.ContainerPlacementPolicyFactory (ContainerPlacementPolicyFactory.java:getPolicy(56)) - Create container placement policy of type org.apache.hadoop.hdds.scm.container.placement.algorithms.SCMContainerPlacementRandom
2019-09-19 14:38:30,199 [Thread-796] WARN  server.ServerUtils (ServerUtils.java:getScmDbDir(145)) - ozone.scm.db.dirs is not configured. We recommend adding this setting. Falling back to ozone.metadata.dirs instead.
2019-09-19 14:38:30,344 [Thread-796] INFO  pipeline.SCMPipelineManager (SCMPipelineManager.java:initializePipelineState(126)) - No pipeline exists in current db
2019-09-19 14:38:30,345 [Thread-796] WARN  server.ServerUtils (ServerUtils.java:getScmDbDir(145)) - ozone.scm.db.dirs is not configured. We recommend adding this setting. Falling back to ozone.metadata.dirs instead.
2019-09-19 14:38:30,534 [Thread-796] WARN  events.EventQueue (EventQueue.java:fireEvent(175)) - No event handler registered for event TypedEvent{payloadType=SafeModeStatus, name='SafeModeStatus'}
2019-09-19 14:38:30,536 [Thread-796] INFO  ipc.CallQueueManager (CallQueueManager.java:<init>(84)) - Using callQueue: class java.util.concurrent.LinkedBlockingQueue, queueCapacity: 2000, scheduler: class org.apache.hadoop.ipc.DefaultRpcScheduler, ipcBackoff: false.
2019-09-19 14:38:30,537 [Socket Reader #1 for port 35536] INFO  ipc.Server (Server.java:run(1074)) - Starting Socket Reader #1 for port 35536
2019-09-19 14:38:30,539 [Thread-796] INFO  ipc.CallQueueManager (CallQueueManager.java:<init>(84)) - Using callQueue: class java.util.concurrent.LinkedBlockingQueue, queueCapacity: 2000, scheduler: class org.apache.hadoop.ipc.DefaultRpcScheduler, ipcBackoff: false.
2019-09-19 14:38:30,540 [Socket Reader #1 for port 41509] INFO  ipc.Server (Server.java:run(1074)) - Starting Socket Reader #1 for port 41509
2019-09-19 14:38:30,542 [Thread-796] INFO  ipc.CallQueueManager (CallQueueManager.java:<init>(84)) - Using callQueue: class java.util.concurrent.LinkedBlockingQueue, queueCapacity: 2000, scheduler: class org.apache.hadoop.ipc.DefaultRpcScheduler, ipcBackoff: false.
2019-09-19 14:38:30,543 [Socket Reader #1 for port 39213] INFO  ipc.Server (Server.java:run(1074)) - Starting Socket Reader #1 for port 39213
2019-09-19 14:38:30,546 [Thread-796] INFO  hdfs.DFSUtil (DFSUtil.java:httpServerTemplateForNNAndJN(1641)) - Starting Web-server for scm at: http://0.0.0.0:0
2019-09-19 14:38:30,550 [Thread-796] INFO  server.AuthenticationFilter (AuthenticationFilter.java:constructSecretProvider(240)) - Unable to initialize FileSignerSecretProvider, falling back to use random secrets.
2019-09-19 14:38:30,551 [Thread-796] WARN  http.HttpRequestLog (HttpRequestLog.java:getRequestLog(97)) - Jetty request log can only be enabled using Log4j
2019-09-19 14:38:30,554 [Thread-796] INFO  http.HttpServer2 (HttpServer2.java:addGlobalFilter(975)) - Added global filter 'safety' (class=org.apache.hadoop.http.HttpServer2$QuotingInputFilter)
2019-09-19 14:38:30,555 [Thread-796] INFO  http.HttpServer2 (HttpServer2.java:addFilter(948)) - Added filter static_user_filter (class=org.apache.hadoop.http.lib.StaticUserWebFilter$StaticUserFilter) to context scm
2019-09-19 14:38:30,555 [Thread-796] INFO  http.HttpServer2 (HttpServer2.java:addFilter(958)) - Added filter static_user_filter (class=org.apache.hadoop.http.lib.StaticUserWebFilter$StaticUserFilter) to context logs
2019-09-19 14:38:30,556 [Thread-796] INFO  http.HttpServer2 (HttpServer2.java:addFilter(958)) - Added filter static_user_filter (class=org.apache.hadoop.http.lib.StaticUserWebFilter$StaticUserFilter) to context static
2019-09-19 14:38:30,559 [Thread-796] INFO  server.StorageContainerManager (StorageContainerManager.java:start(759)) - StorageContainerLocationProtocol RPC server is listening at /0.0.0.0:39213
2019-09-19 14:38:30,562 [Thread-796] WARN  impl.MetricsConfig (MetricsConfig.java:loadFirst(134)) - Cannot locate configuration: tried hadoop-metrics2-storagecontainermanager.properties,hadoop-metrics2.properties
2019-09-19 14:38:30,564 [Thread-796] INFO  impl.MetricsSystemImpl (MetricsSystemImpl.java:startTimer(374)) - Scheduled Metric snapshot period at 10 second(s).
2019-09-19 14:38:30,565 [Thread-796] INFO  impl.MetricsSystemImpl (MetricsSystemImpl.java:start(191)) - StorageContainerManager metrics system started
2019-09-19 14:38:30,645 [Thread-796] INFO  server.SCMClientProtocolServer (SCMClientProtocolServer.java:start(151)) - RPC server for Client  is listening at /0.0.0.0:39213
2019-09-19 14:38:30,645 [IPC Server Responder] INFO  ipc.Server (Server.java:run(1314)) - IPC Server Responder: starting
2019-09-19 14:38:30,646 [IPC Server listener on 39213] INFO  ipc.Server (Server.java:run(1153)) - IPC Server listener on 39213: starting
2019-09-19 14:38:30,650 [Thread-796] INFO  server.StorageContainerManager (StorageContainerManager.java:start(769)) - ScmBlockLocationProtocol RPC server is listening at /0.0.0.0:41509
2019-09-19 14:38:30,650 [Thread-796] INFO  server.SCMBlockProtocolServer (SCMBlockProtocolServer.java:start(140)) - RPC server for Block Protocol is listening at /0.0.0.0:41509
2019-09-19 14:38:30,650 [IPC Server Responder] INFO  ipc.Server (Server.java:run(1314)) - IPC Server Responder: starting
2019-09-19 14:38:30,650 [IPC Server listener on 41509] INFO  ipc.Server (Server.java:run(1153)) - IPC Server listener on 41509: starting
2019-09-19 14:38:30,654 [Thread-796] INFO  server.StorageContainerManager (StorageContainerManager.java:start(773)) - ScmDatanodeProtocl RPC server is listening at /0.0.0.0:35536
2019-09-19 14:38:30,654 [Thread-796] INFO  server.SCMDatanodeProtocolServer (SCMDatanodeProtocolServer.java:start(191)) - RPC server for DataNodes is listening at /0.0.0.0:35536
2019-09-19 14:38:30,655 [IPC Server Responder] INFO  ipc.Server (Server.java:run(1314)) - IPC Server Responder: starting
2019-09-19 14:38:30,655 [IPC Server listener on 35536] INFO  ipc.Server (Server.java:run(1153)) - IPC Server listener on 35536: starting
2019-09-19 14:38:30,659 [Thread-796] INFO  http.HttpServer2 (HttpServer2.java:bindListener(1191)) - Jetty bound to port 33196
2019-09-19 14:38:30,659 [Thread-796] INFO  server.Server (Server.java:doStart(351)) - jetty-9.3.24.v20180605, build timestamp: 2018-06-05T17:11:56Z, git hash: 84205aa28f11a4f31f2a3b86d1bba2cc8ab69827
2019-09-19 14:38:30,662 [Thread-796] INFO  handler.ContextHandler (ContextHandler.java:doStart(781)) - Started o.e.j.s.ServletContextHandler@bf0e8f7{/logs,file:///workdir/hadoop-ozone/ozonefs/target/log,AVAILABLE}
2019-09-19 14:38:30,663 [Thread-796] INFO  handler.ContextHandler (ContextHandler.java:doStart(781)) - Started o.e.j.s.ServletContextHandler@39c96434{/static,jar:file:/home/user/.m2/repository/org/apache/hadoop/hadoop-hdds-server-scm/0.5.0-SNAPSHOT/hadoop-hdds-server-scm-0.5.0-SNAPSHOT.jar!/webapps/static,AVAILABLE}
2019-09-19 14:38:30,716 [Thread-796] INFO  handler.ContextHandler (ContextHandler.java:doStart(781)) - Started o.e.j.w.WebAppContext@400df348{/,file:///tmp/jetty-0.0.0.0-33196-scm-_-any-984168602088440326.dir/webapp/,AVAILABLE}{/scm}
2019-09-19 14:38:30,717 [Thread-796] INFO  server.AbstractConnector (AbstractConnector.java:doStart(278)) - Started ServerConnector@572f54ca{HTTP/1.1,[http/1.1]}{0.0.0.0:33196}
2019-09-19 14:38:30,717 [Thread-796] INFO  server.Server (Server.java:doStart(419)) - Started @61681ms
2019-09-19 14:38:30,718 [Thread-796] INFO  server.BaseHttpServer (BaseHttpServer.java:updateConnectorAddress(213)) - HTTP server of SCM is listening at http://0.0.0.0:33196
2019-09-19 14:38:30,719 [Thread-796] WARN  server.ServerUtils (ServerUtils.java:getDBPath(222)) - ozone.om.db.dirs is not configured. We recommend adding this setting. Falling back to ozone.metadata.dirs instead.
2019-09-19 14:38:30,720 [org.apache.hadoop.util.JvmPauseMonitor$Monitor@90798af] INFO  util.JvmPauseMonitor (JvmPauseMonitor.java:run(188)) - Starting JVM pause monitor
2019-09-19 14:38:30,749 [Thread-796] WARN  server.ServerUtils (ServerUtils.java:getDBPath(222)) - ozone.om.db.dirs is not configured. We recommend adding this setting. Falling back to ozone.metadata.dirs instead.
2019-09-19 14:38:30,749 [Thread-796] WARN  server.ServerUtils (ServerUtils.java:getDBPath(222)) - ozone.om.db.dirs is not configured. We recommend adding this setting. Falling back to ozone.metadata.dirs instead.
2019-09-19 14:38:30,750 [Thread-796] INFO  om.OzoneManager (OzoneManager.java:setOMNodeDetails(645)) - OM Service ID is not set. Setting it to the default ID: omServiceIdDefault
2019-09-19 14:38:30,750 [Thread-796] INFO  om.OzoneManager (OzoneManager.java:setOMNodeDetails(651)) - OM Node ID is not set. Setting it to the OmStorage's OmID: 16b8ecab-6a6b-48e5-a614-a7a4b8cc7a05
2019-09-19 14:38:30,750 [Thread-796] INFO  om.OzoneManager (OzoneManager.java:loadOMHAConfigs(602)) - Found matching OM address with OMServiceId: null, OMNodeId: null, RPC Address: localhost:0 and Ratis port: 9872
2019-09-19 14:38:30,756 | INFO  | SCMAudit | user=jenkins1000 | ip=192.168.5.132 | op=GET_SCM_INFO null | ret=SUCCESS |  
2019-09-19 14:38:30,758 [Thread-796] WARN  server.ServerUtils (ServerUtils.java:getDBPath(222)) - ozone.om.db.dirs is not configured. We recommend adding this setting. Falling back to ozone.metadata.dirs instead.
2019-09-19 14:38:30,759 [Thread-796] INFO  db.DBStoreBuilder (DBStoreBuilder.java:addTable(110)) - using custom profile for table: userTable
2019-09-19 14:38:30,759 [Thread-796] INFO  db.DBStoreBuilder (DBStoreBuilder.java:processTables(161)) - Using default column profile:DBProfile.DISK for Table:userTable
2019-09-19 14:38:30,759 [Thread-796] INFO  db.DBStoreBuilder (DBStoreBuilder.java:addTable(110)) - using custom profile for table: volumeTable
2019-09-19 14:38:30,759 [Thread-796] INFO  db.DBStoreBuilder (DBStoreBuilder.java:processTables(161)) - Using default column profile:DBProfile.DISK for Table:volumeTable
2019-09-19 14:38:30,759 [Thread-796] INFO  db.DBStoreBuilder (DBStoreBuilder.java:addTable(110)) - using custom profile for table: bucketTable
2019-09-19 14:38:30,760 [Thread-796] INFO  db.DBStoreBuilder (DBStoreBuilder.java:processTables(161)) - Using default column profile:DBProfile.DISK for Table:bucketTable
2019-09-19 14:38:30,760 [Thread-796] INFO  db.DBStoreBuilder (DBStoreBuilder.java:addTable(110)) - using custom profile for table: keyTable
2019-09-19 14:38:30,760 [Thread-796] INFO  db.DBStoreBuilder (DBStoreBuilder.java:processTables(161)) - Using default column profile:DBProfile.DISK for Table:keyTable
2019-09-19 14:38:30,760 [Thread-796] INFO  db.DBStoreBuilder (DBStoreBuilder.java:addTable(110)) - using custom profile for table: deletedTable
2019-09-19 14:38:30,760 [Thread-796] INFO  db.DBStoreBuilder (DBStoreBuilder.java:processTables(161)) - Using default column profile:DBProfile.DISK for Table:deletedTable
2019-09-19 14:38:30,760 [Thread-796] INFO  db.DBStoreBuilder (DBStoreBuilder.java:addTable(110)) - using custom profile for table: openKeyTable
2019-09-19 14:38:30,761 [Thread-796] INFO  db.DBStoreBuilder (DBStoreBuilder.java:processTables(161)) - Using default column profile:DBProfile.DISK for Table:openKeyTable
2019-09-19 14:38:30,761 [Thread-796] INFO  db.DBStoreBuilder (DBStoreBuilder.java:addTable(110)) - using custom profile for table: s3Table
2019-09-19 14:38:30,761 [Thread-796] INFO  db.DBStoreBuilder (DBStoreBuilder.java:processTables(161)) - Using default column profile:DBProfile.DISK for Table:s3Table
2019-09-19 14:38:30,761 [Thread-796] INFO  db.DBStoreBuilder (DBStoreBuilder.java:addTable(110)) - using custom profile for table: multipartInfoTable
2019-09-19 14:38:30,761 [Thread-796] INFO  db.DBStoreBuilder (DBStoreBuilder.java:processTables(161)) - Using default column profile:DBProfile.DISK for Table:multipartInfoTable
2019-09-19 14:38:30,761 [Thread-796] INFO  db.DBStoreBuilder (DBStoreBuilder.java:addTable(110)) - using custom profile for table: dTokenTable
2019-09-19 14:38:30,761 [Thread-796] INFO  db.DBStoreBuilder (DBStoreBuilder.java:processTables(161)) - Using default column profile:DBProfile.DISK for Table:dTokenTable
2019-09-19 14:38:30,762 [Thread-796] INFO  db.DBStoreBuilder (DBStoreBuilder.java:addTable(110)) - using custom profile for table: s3SecretTable
2019-09-19 14:38:30,762 [Thread-796] INFO  db.DBStoreBuilder (DBStoreBuilder.java:processTables(161)) - Using default column profile:DBProfile.DISK for Table:s3SecretTable
2019-09-19 14:38:30,762 [Thread-796] INFO  db.DBStoreBuilder (DBStoreBuilder.java:addTable(110)) - using custom profile for table: prefixTable
2019-09-19 14:38:30,762 [Thread-796] INFO  db.DBStoreBuilder (DBStoreBuilder.java:processTables(161)) - Using default column profile:DBProfile.DISK for Table:prefixTable
2019-09-19 14:38:30,762 [Thread-796] INFO  db.DBStoreBuilder (DBStoreBuilder.java:addTable(110)) - using custom profile for table: default
2019-09-19 14:38:30,762 [Thread-796] INFO  db.DBStoreBuilder (DBStoreBuilder.java:processTables(167)) - Using default column profile:DBProfile.DISK for Table:default
2019-09-19 14:38:30,762 [Thread-796] INFO  db.DBStoreBuilder (DBStoreBuilder.java:getDbProfile(198)) - Using default options. DBProfile.DISK
2019-09-19 14:38:31,797 [Thread-796] INFO  ipc.CallQueueManager (CallQueueManager.java:<init>(84)) - Using callQueue: class java.util.concurrent.LinkedBlockingQueue, queueCapacity: 2000, scheduler: class org.apache.hadoop.ipc.DefaultRpcScheduler, ipcBackoff: false.
2019-09-19 14:38:31,798 [Socket Reader #1 for port 39263] INFO  ipc.Server (Server.java:run(1074)) - Starting Socket Reader #1 for port 39263
2019-09-19 14:38:31,818 [Thread-796] INFO  om.OzoneManager (OzoneManager.java:start(1256)) - OzoneManager RPC server is listening at localhost/127.0.0.1:39263
2019-09-19 14:38:31,818 [Thread-796] INFO  impl.MetricsSystemImpl (MetricsSystemImpl.java:init(158)) - OzoneManager metrics system started (again)
2019-09-19 14:38:31,819 [IPC Server Responder] INFO  ipc.Server (Server.java:run(1314)) - IPC Server Responder: starting
2019-09-19 14:38:31,820 [IPC Server listener on 39263] INFO  ipc.Server (Server.java:run(1153)) - IPC Server listener on 39263: starting
2019-09-19 14:38:31,824 [Thread-796] INFO  hdfs.DFSUtil (DFSUtil.java:httpServerTemplateForNNAndJN(1641)) - Starting Web-server for ozoneManager at: http://0.0.0.0:0
2019-09-19 14:38:31,826 [Thread-796] INFO  server.AuthenticationFilter (AuthenticationFilter.java:constructSecretProvider(240)) - Unable to initialize FileSignerSecretProvider, falling back to use random secrets.
2019-09-19 14:38:31,827 [Thread-796] WARN  http.HttpRequestLog (HttpRequestLog.java:getRequestLog(97)) - Jetty request log can only be enabled using Log4j
2019-09-19 14:38:31,829 [Thread-796] INFO  http.HttpServer2 (HttpServer2.java:addGlobalFilter(975)) - Added global filter 'safety' (class=org.apache.hadoop.http.HttpServer2$QuotingInputFilter)
2019-09-19 14:38:31,830 [Thread-796] INFO  http.HttpServer2 (HttpServer2.java:addFilter(948)) - Added filter static_user_filter (class=org.apache.hadoop.http.lib.StaticUserWebFilter$StaticUserFilter) to context ozoneManager
2019-09-19 14:38:31,830 [Thread-796] INFO  http.HttpServer2 (HttpServer2.java:addFilter(958)) - Added filter static_user_filter (class=org.apache.hadoop.http.lib.StaticUserWebFilter$StaticUserFilter) to context static
2019-09-19 14:38:31,831 [Thread-796] INFO  http.HttpServer2 (HttpServer2.java:addFilter(958)) - Added filter static_user_filter (class=org.apache.hadoop.http.lib.StaticUserWebFilter$StaticUserFilter) to context logs
2019-09-19 14:38:31,831 [Thread-796] INFO  http.HttpServer2 (HttpServer2.java:bindListener(1191)) - Jetty bound to port 41872
2019-09-19 14:38:31,832 [Thread-796] INFO  server.Server (Server.java:doStart(351)) - jetty-9.3.24.v20180605, build timestamp: 2018-06-05T17:11:56Z, git hash: 84205aa28f11a4f31f2a3b86d1bba2cc8ab69827
2019-09-19 14:38:31,834 [Thread-796] INFO  handler.ContextHandler (ContextHandler.java:doStart(781)) - Started o.e.j.s.ServletContextHandler@545c3a31{/logs,file:///workdir/hadoop-ozone/ozonefs/target/log,AVAILABLE}
2019-09-19 14:38:31,834 [Thread-796] INFO  handler.ContextHandler (ContextHandler.java:doStart(781)) - Started o.e.j.s.ServletContextHandler@28803759{/static,jar:file:/home/user/.m2/repository/org/apache/hadoop/hadoop-ozone-ozone-manager/0.5.0-SNAPSHOT/hadoop-ozone-ozone-manager-0.5.0-SNAPSHOT.jar!/webapps/static,AVAILABLE}
2019-09-19 14:38:31,884 [Thread-796] INFO  handler.ContextHandler (ContextHandler.java:doStart(781)) - Started o.e.j.w.WebAppContext@5d125d9b{/,file:///tmp/jetty-0.0.0.0-41872-ozoneManager-_-any-7004979309879947116.dir/webapp/,AVAILABLE}{/ozoneManager}
2019-09-19 14:38:31,885 [Thread-796] INFO  server.AbstractConnector (AbstractConnector.java:doStart(278)) - Started ServerConnector@4bb234fa{HTTP/1.1,[http/1.1]}{0.0.0.0:41872}
2019-09-19 14:38:31,886 [Thread-796] INFO  server.Server (Server.java:doStart(419)) - Started @62850ms
2019-09-19 14:38:31,887 [Thread-796] INFO  server.BaseHttpServer (BaseHttpServer.java:updateConnectorAddress(213)) - HTTP server of OZONEMANAGER is listening at http://0.0.0.0:41872
2019-09-19 14:38:31,896 [Thread-796] INFO  impl.MetricsSystemImpl (MetricsSystemImpl.java:init(158)) - HddsDatanode metrics system started (again)
2019-09-19 14:38:31,898 [Thread-796] INFO  ozone.HddsDatanodeService (HddsDatanodeService.java:start(184)) - HddsDatanodeService host:pr-hdds-1569-rzdr8-3403194166 ip:192.168.5.132
2019-09-19 14:38:31,907 [Thread-796] INFO  volume.HddsVolume (HddsVolume.java:<init>(176)) - Creating Volume: /workdir/hadoop-ozone/ozonefs/target/test-dir/MiniOzoneClusterImpl-749d4081-1d77-4e7f-9728-45de1fba6f43/datanode-0/data/containers/hdds of  storage type : DISK and capacity : 1482555576320
2019-09-19 14:38:31,907 [Thread-796] INFO  volume.VolumeSet (VolumeSet.java:initializeVolumeSet(170)) - Added Volume : /workdir/hadoop-ozone/ozonefs/target/test-dir/MiniOzoneClusterImpl-749d4081-1d77-4e7f-9728-45de1fba6f43/datanode-0/data/containers/hdds to VolumeSet
2019-09-19 14:38:31,907 [Thread-796] INFO  volume.ThrottledAsyncChecker (ThrottledAsyncChecker.java:schedule(140)) - Scheduling a check for org.apache.hadoop.ozone.container.common.volume.HddsVolume@1ecdcec5
2019-09-19 14:38:31,908 [Thread-796] INFO  volume.HddsVolumeChecker (HddsVolumeChecker.java:checkAllVolumes(203)) - Scheduled health check for volume org.apache.hadoop.ozone.container.common.volume.HddsVolume@1ecdcec5
2019-09-19 14:38:31,932 [Thread-796] INFO  impl.RaftServerProxy (ConfUtils.java:logGet(43)) - raft.rpc.type = GRPC (default)
2019-09-19 14:38:31,932 [Thread-796] INFO  grpc.GrpcFactory (GrpcFactory.java:checkPooledByteBufAllocatorUseCacheForAllThreads(45)) - PERFORMANCE WARNING: useCacheForAllThreads is true that may cause Netty to create a lot garbage objects and, as a result, trigger GC.
	It is recommended to disable useCacheForAllThreads by setting -Dorg.apache.ratis.thirdparty.io.netty.allocator.useCacheForAllThreads=false in command line.
2019-09-19 14:38:31,933 [Thread-796] INFO  grpc.GrpcConfigKeys$Server (ConfUtils.java:logGet(43)) - raft.grpc.server.port = 0 (default)
2019-09-19 14:38:31,933 [Thread-796] INFO  server.GrpcService (ConfUtils.java:logGet(43)) - raft.grpc.message.size.max = 33570816 (custom)
2019-09-19 14:38:31,933 [Thread-796] INFO  server.RaftServerConfigKeys (ConfUtils.java:logGet(43)) - raft.server.log.appender.buffer.byte-limit = 33554432 (custom)
2019-09-19 14:38:31,933 [Thread-796] INFO  server.GrpcService (ConfUtils.java:logGet(43)) - raft.grpc.flow.control.window = 1MB (=1048576) (default)
2019-09-19 14:38:31,933 [Thread-796] INFO  server.RaftServerConfigKeys (ConfUtils.java:logGet(43)) - raft.server.rpc.request.timeout = 3000ms (default)
2019-09-19 14:38:31,934 [Thread-796] INFO  server.RaftServerConfigKeys (ConfUtils.java:logGet(43)) - raft.server.storage.dir = [/workdir/hadoop-ozone/ozonefs/target/test-dir/MiniOzoneClusterImpl-749d4081-1d77-4e7f-9728-45de1fba6f43/datanode-0/data/ratis] (custom)
2019-09-19 14:38:31,935 [Thread-796] INFO  replication.SimpleContainerDownloader (SimpleContainerDownloader.java:<init>(72)) - Starting container downloader service to copy containers to replicate.
2019-09-19 14:38:31,936 [Thread-796] INFO  hdfs.DFSUtil (DFSUtil.java:httpServerTemplateForNNAndJN(1641)) - Starting Web-server for hddsDatanode at: http://0.0.0.0:0
2019-09-19 14:38:31,938 [Thread-796] INFO  server.AuthenticationFilter (AuthenticationFilter.java:constructSecretProvider(240)) - Unable to initialize FileSignerSecretProvider, falling back to use random secrets.
2019-09-19 14:38:31,938 [Thread-796] WARN  http.HttpRequestLog (HttpRequestLog.java:getRequestLog(97)) - Jetty request log can only be enabled using Log4j
2019-09-19 14:38:31,940 [Thread-796] INFO  http.HttpServer2 (HttpServer2.java:addGlobalFilter(975)) - Added global filter 'safety' (class=org.apache.hadoop.http.HttpServer2$QuotingInputFilter)
2019-09-19 14:38:31,941 [Thread-796] INFO  http.HttpServer2 (HttpServer2.java:addFilter(948)) - Added filter static_user_filter (class=org.apache.hadoop.http.lib.StaticUserWebFilter$StaticUserFilter) to context hddsDatanode
2019-09-19 14:38:31,941 [Thread-796] INFO  http.HttpServer2 (HttpServer2.java:addFilter(958)) - Added filter static_user_filter (class=org.apache.hadoop.http.lib.StaticUserWebFilter$StaticUserFilter) to context static
2019-09-19 14:38:31,941 [Thread-796] INFO  http.HttpServer2 (HttpServer2.java:addFilter(958)) - Added filter static_user_filter (class=org.apache.hadoop.http.lib.StaticUserWebFilter$StaticUserFilter) to context logs
2019-09-19 14:38:31,942 [Thread-796] INFO  http.HttpServer2 (HttpServer2.java:bindListener(1191)) - Jetty bound to port 37949
2019-09-19 14:38:31,942 [Thread-796] INFO  server.Server (Server.java:doStart(351)) - jetty-9.3.24.v20180605, build timestamp: 2018-06-05T17:11:56Z, git hash: 84205aa28f11a4f31f2a3b86d1bba2cc8ab69827
2019-09-19 14:38:31,944 [Thread-796] INFO  handler.ContextHandler (ContextHandler.java:doStart(781)) - Started o.e.j.s.ServletContextHandler@62b1b2bb{/logs,file:///workdir/hadoop-ozone/ozonefs/target/log,AVAILABLE}
2019-09-19 14:38:31,944 [Thread-796] INFO  handler.ContextHandler (ContextHandler.java:doStart(781)) - Started o.e.j.s.ServletContextHandler@56b14e16{/static,jar:file:/home/user/.m2/repository/org/apache/hadoop/hadoop-hdds-container-service/0.5.0-SNAPSHOT/hadoop-hdds-container-service-0.5.0-SNAPSHOT.jar!/webapps/static,AVAILABLE}
2019-09-19 14:38:31,972 [Thread-796] INFO  handler.ContextHandler (ContextHandler.java:doStart(781)) - Started o.e.j.w.WebAppContext@13ea977a{/,file:///tmp/jetty-0.0.0.0-37949-hddsDatanode-_-any-6792420489372806673.dir/webapp/,AVAILABLE}{/hddsDatanode}
2019-09-19 14:38:31,973 [Thread-796] INFO  server.AbstractConnector (AbstractConnector.java:doStart(278)) - Started ServerConnector@5967a9df{HTTP/1.1,[http/1.1]}{0.0.0.0:37949}
2019-09-19 14:38:31,974 [Thread-796] INFO  server.Server (Server.java:doStart(419)) - Started @62938ms
2019-09-19 14:38:31,975 [Thread-796] INFO  server.BaseHttpServer (BaseHttpServer.java:updateConnectorAddress(213)) - HTTP server of HDDSDATANODE is listening at http://0.0.0.0:37949
2019-09-19 14:38:32,126 | INFO  | ObjectStoreRestHttpServer | Listening HDDS REST traffic on /0.0.0.0:35384 |  
2019-09-19 14:38:32,126 [Thread-796] INFO  ozone.HddsDatanodeService (HddsDatanodeService.java:startPlugins(395)) - Started plug-in org.apache.hadoop.ozone.web.OzoneHddsDatanodeService@2aa3686b
2019-09-19 14:38:32,126 [Thread-796] INFO  impl.MetricsSystemImpl (MetricsSystemImpl.java:init(158)) - HddsDatanode metrics system started (again)
2019-09-19 14:38:32,128 [org.apache.hadoop.util.JvmPauseMonitor$Monitor@3b136a36] INFO  util.JvmPauseMonitor (JvmPauseMonitor.java:run(188)) - Starting JVM pause monitor
2019-09-19 14:38:32,129 [Thread-796] INFO  ozone.HddsDatanodeService (HddsDatanodeService.java:start(184)) - HddsDatanodeService host:pr-hdds-1569-rzdr8-3403194166 ip:192.168.5.132
2019-09-19 14:38:32,132 [Datanode State Machine Thread - 0] INFO  datanode.InitDatanodeState (InitDatanodeState.java:persistContainerDatanodeDetails(140)) - DatanodeDetails is persisted to /workdir/hadoop-ozone/ozonefs/target/test-dir/MiniOzoneClusterImpl-749d4081-1d77-4e7f-9728-45de1fba6f43/datanode-0/meta/datanode.id
2019-09-19 14:38:32,136 [Thread-796] INFO  volume.HddsVolume (HddsVolume.java:<init>(176)) - Creating Volume: /workdir/hadoop-ozone/ozonefs/target/test-dir/MiniOzoneClusterImpl-749d4081-1d77-4e7f-9728-45de1fba6f43/datanode-1/data/containers/hdds of  storage type : DISK and capacity : 1482555576320
2019-09-19 14:38:32,137 [Thread-796] INFO  volume.VolumeSet (VolumeSet.java:initializeVolumeSet(170)) - Added Volume : /workdir/hadoop-ozone/ozonefs/target/test-dir/MiniOzoneClusterImpl-749d4081-1d77-4e7f-9728-45de1fba6f43/datanode-1/data/containers/hdds to VolumeSet
2019-09-19 14:38:32,137 [Thread-796] INFO  volume.ThrottledAsyncChecker (ThrottledAsyncChecker.java:schedule(140)) - Scheduling a check for org.apache.hadoop.ozone.container.common.volume.HddsVolume@59f8619a
2019-09-19 14:38:32,137 [Thread-796] INFO  volume.HddsVolumeChecker (HddsVolumeChecker.java:checkAllVolumes(203)) - Scheduled health check for volume org.apache.hadoop.ozone.container.common.volume.HddsVolume@59f8619a
2019-09-19 14:38:32,157 [Thread-796] INFO  impl.RaftServerProxy (ConfUtils.java:logGet(43)) - raft.rpc.type = GRPC (default)
2019-09-19 14:38:32,157 [Thread-796] INFO  grpc.GrpcFactory (GrpcFactory.java:checkPooledByteBufAllocatorUseCacheForAllThreads(45)) - PERFORMANCE WARNING: useCacheForAllThreads is true that may cause Netty to create a lot garbage objects and, as a result, trigger GC.
	It is recommended to disable useCacheForAllThreads by setting -Dorg.apache.ratis.thirdparty.io.netty.allocator.useCacheForAllThreads=false in command line.
2019-09-19 14:38:32,158 [Thread-796] INFO  grpc.GrpcConfigKeys$Server (ConfUtils.java:logGet(43)) - raft.grpc.server.port = 0 (default)
2019-09-19 14:38:32,158 [Thread-796] INFO  server.GrpcService (ConfUtils.java:logGet(43)) - raft.grpc.message.size.max = 33570816 (custom)
2019-09-19 14:38:32,158 [Thread-796] INFO  server.RaftServerConfigKeys (ConfUtils.java:logGet(43)) - raft.server.log.appender.buffer.byte-limit = 33554432 (custom)
2019-09-19 14:38:32,158 [Thread-796] INFO  server.GrpcService (ConfUtils.java:logGet(43)) - raft.grpc.flow.control.window = 1MB (=1048576) (default)
2019-09-19 14:38:32,158 [Thread-796] INFO  server.RaftServerConfigKeys (ConfUtils.java:logGet(43)) - raft.server.rpc.request.timeout = 3000ms (default)
2019-09-19 14:38:32,159 [Thread-796] INFO  server.RaftServerConfigKeys (ConfUtils.java:logGet(43)) - raft.server.storage.dir = [/workdir/hadoop-ozone/ozonefs/target/test-dir/MiniOzoneClusterImpl-749d4081-1d77-4e7f-9728-45de1fba6f43/datanode-1/data/ratis] (custom)
2019-09-19 14:38:32,159 [Thread-796] INFO  replication.SimpleContainerDownloader (SimpleContainerDownloader.java:<init>(72)) - Starting container downloader service to copy containers to replicate.
2019-09-19 14:38:32,160 [Thread-796] INFO  hdfs.DFSUtil (DFSUtil.java:httpServerTemplateForNNAndJN(1641)) - Starting Web-server for hddsDatanode at: http://0.0.0.0:0
2019-09-19 14:38:32,162 [Thread-796] INFO  server.AuthenticationFilter (AuthenticationFilter.java:constructSecretProvider(240)) - Unable to initialize FileSignerSecretProvider, falling back to use random secrets.
2019-09-19 14:38:32,162 [Thread-796] WARN  http.HttpRequestLog (HttpRequestLog.java:getRequestLog(97)) - Jetty request log can only be enabled using Log4j
2019-09-19 14:38:32,164 [Thread-796] INFO  http.HttpServer2 (HttpServer2.java:addGlobalFilter(975)) - Added global filter 'safety' (class=org.apache.hadoop.http.HttpServer2$QuotingInputFilter)
2019-09-19 14:38:32,164 [Thread-796] INFO  http.HttpServer2 (HttpServer2.java:addFilter(948)) - Added filter static_user_filter (class=org.apache.hadoop.http.lib.StaticUserWebFilter$StaticUserFilter) to context hddsDatanode
2019-09-19 14:38:32,164 [Thread-796] INFO  http.HttpServer2 (HttpServer2.java:addFilter(958)) - Added filter static_user_filter (class=org.apache.hadoop.http.lib.StaticUserWebFilter$StaticUserFilter) to context static
2019-09-19 14:38:32,164 [Thread-796] INFO  http.HttpServer2 (HttpServer2.java:addFilter(958)) - Added filter static_user_filter (class=org.apache.hadoop.http.lib.StaticUserWebFilter$StaticUserFilter) to context logs
2019-09-19 14:38:32,165 [Thread-796] INFO  http.HttpServer2 (HttpServer2.java:bindListener(1191)) - Jetty bound to port 45807
2019-09-19 14:38:32,165 [Thread-796] INFO  server.Server (Server.java:doStart(351)) - jetty-9.3.24.v20180605, build timestamp: 2018-06-05T17:11:56Z, git hash: 84205aa28f11a4f31f2a3b86d1bba2cc8ab69827
2019-09-19 14:38:32,167 [Thread-796] INFO  handler.ContextHandler (ContextHandler.java:doStart(781)) - Started o.e.j.s.ServletContextHandler@30b8bea7{/logs,file:///workdir/hadoop-ozone/ozonefs/target/log,AVAILABLE}
2019-09-19 14:38:32,167 [Thread-796] INFO  handler.ContextHandler (ContextHandler.java:doStart(781)) - Started o.e.j.s.ServletContextHandler@1a72ecaa{/static,jar:file:/home/user/.m2/repository/org/apache/hadoop/hadoop-hdds-container-service/0.5.0-SNAPSHOT/hadoop-hdds-container-service-0.5.0-SNAPSHOT.jar!/webapps/static,AVAILABLE}
2019-09-19 14:38:32,193 [Thread-796] INFO  handler.ContextHandler (ContextHandler.java:doStart(781)) - Started o.e.j.w.WebAppContext@57376b76{/,file:///tmp/jetty-0.0.0.0-45807-hddsDatanode-_-any-4118396171690487388.dir/webapp/,AVAILABLE}{/hddsDatanode}
2019-09-19 14:38:32,194 [Thread-796] INFO  server.AbstractConnector (AbstractConnector.java:doStart(278)) - Started ServerConnector@7f268f4a{HTTP/1.1,[http/1.1]}{0.0.0.0:45807}
2019-09-19 14:38:32,195 [Thread-796] INFO  server.Server (Server.java:doStart(419)) - Started @63159ms
2019-09-19 14:38:32,196 [Thread-796] INFO  server.BaseHttpServer (BaseHttpServer.java:updateConnectorAddress(213)) - HTTP server of HDDSDATANODE is listening at http://0.0.0.0:45807
2019-09-19 14:38:32,340 | INFO  | ObjectStoreRestHttpServer | Listening HDDS REST traffic on /0.0.0.0:40435 |  
2019-09-19 14:38:32,340 [Thread-796] INFO  ozone.HddsDatanodeService (HddsDatanodeService.java:startPlugins(395)) - Started plug-in org.apache.hadoop.ozone.web.OzoneHddsDatanodeService@58cc4750
2019-09-19 14:38:32,340 [Thread-796] INFO  impl.MetricsSystemImpl (MetricsSystemImpl.java:init(158)) - HddsDatanode metrics system started (again)
2019-09-19 14:38:32,342 [org.apache.hadoop.util.JvmPauseMonitor$Monitor@26d1936a] INFO  util.JvmPauseMonitor (JvmPauseMonitor.java:run(188)) - Starting JVM pause monitor
2019-09-19 14:38:32,342 [Thread-796] INFO  ozone.HddsDatanodeService (HddsDatanodeService.java:start(184)) - HddsDatanodeService host:pr-hdds-1569-rzdr8-3403194166 ip:192.168.5.132
2019-09-19 14:38:32,344 [Datanode State Machine Thread - 0] INFO  datanode.InitDatanodeState (InitDatanodeState.java:persistContainerDatanodeDetails(140)) - DatanodeDetails is persisted to /workdir/hadoop-ozone/ozonefs/target/test-dir/MiniOzoneClusterImpl-749d4081-1d77-4e7f-9728-45de1fba6f43/datanode-1/meta/datanode.id
2019-09-19 14:38:32,348 [Thread-796] INFO  volume.HddsVolume (HddsVolume.java:<init>(176)) - Creating Volume: /workdir/hadoop-ozone/ozonefs/target/test-dir/MiniOzoneClusterImpl-749d4081-1d77-4e7f-9728-45de1fba6f43/datanode-2/data/containers/hdds of  storage type : DISK and capacity : 1482555576320
2019-09-19 14:38:32,349 [Thread-796] INFO  volume.VolumeSet (VolumeSet.java:initializeVolumeSet(170)) - Added Volume : /workdir/hadoop-ozone/ozonefs/target/test-dir/MiniOzoneClusterImpl-749d4081-1d77-4e7f-9728-45de1fba6f43/datanode-2/data/containers/hdds to VolumeSet
2019-09-19 14:38:32,349 [Thread-796] INFO  volume.ThrottledAsyncChecker (ThrottledAsyncChecker.java:schedule(140)) - Scheduling a check for org.apache.hadoop.ozone.container.common.volume.HddsVolume@642c4ca7
2019-09-19 14:38:32,349 [Thread-796] INFO  volume.HddsVolumeChecker (HddsVolumeChecker.java:checkAllVolumes(203)) - Scheduled health check for volume org.apache.hadoop.ozone.container.common.volume.HddsVolume@642c4ca7
2019-09-19 14:38:32,373 [Thread-796] INFO  impl.RaftServerProxy (ConfUtils.java:logGet(43)) - raft.rpc.type = GRPC (default)
2019-09-19 14:38:32,373 [Thread-796] INFO  grpc.GrpcFactory (GrpcFactory.java:checkPooledByteBufAllocatorUseCacheForAllThreads(45)) - PERFORMANCE WARNING: useCacheForAllThreads is true that may cause Netty to create a lot garbage objects and, as a result, trigger GC.
	It is recommended to disable useCacheForAllThreads by setting -Dorg.apache.ratis.thirdparty.io.netty.allocator.useCacheForAllThreads=false in command line.
2019-09-19 14:38:32,373 [Thread-796] INFO  grpc.GrpcConfigKeys$Server (ConfUtils.java:logGet(43)) - raft.grpc.server.port = 0 (default)
2019-09-19 14:38:32,373 [Thread-796] INFO  server.GrpcService (ConfUtils.java:logGet(43)) - raft.grpc.message.size.max = 33570816 (custom)
2019-09-19 14:38:32,373 [Thread-796] INFO  server.RaftServerConfigKeys (ConfUtils.java:logGet(43)) - raft.server.log.appender.buffer.byte-limit = 33554432 (custom)
2019-09-19 14:38:32,374 [Thread-796] INFO  server.GrpcService (ConfUtils.java:logGet(43)) - raft.grpc.flow.control.window = 1MB (=1048576) (default)
2019-09-19 14:38:32,374 [Thread-796] INFO  server.RaftServerConfigKeys (ConfUtils.java:logGet(43)) - raft.server.rpc.request.timeout = 3000ms (default)
2019-09-19 14:38:32,374 [Thread-796] INFO  server.RaftServerConfigKeys (ConfUtils.java:logGet(43)) - raft.server.storage.dir = [/workdir/hadoop-ozone/ozonefs/target/test-dir/MiniOzoneClusterImpl-749d4081-1d77-4e7f-9728-45de1fba6f43/datanode-2/data/ratis] (custom)
2019-09-19 14:38:32,375 [Thread-796] INFO  replication.SimpleContainerDownloader (SimpleContainerDownloader.java:<init>(72)) - Starting container downloader service to copy containers to replicate.
2019-09-19 14:38:32,376 [Thread-796] INFO  hdfs.DFSUtil (DFSUtil.java:httpServerTemplateForNNAndJN(1641)) - Starting Web-server for hddsDatanode at: http://0.0.0.0:0
2019-09-19 14:38:32,377 [Thread-796] INFO  server.AuthenticationFilter (AuthenticationFilter.java:constructSecretProvider(240)) - Unable to initialize FileSignerSecretProvider, falling back to use random secrets.
2019-09-19 14:38:32,378 [Thread-796] WARN  http.HttpRequestLog (HttpRequestLog.java:getRequestLog(97)) - Jetty request log can only be enabled using Log4j
2019-09-19 14:38:32,380 [Thread-796] INFO  http.HttpServer2 (HttpServer2.java:addGlobalFilter(975)) - Added global filter 'safety' (class=org.apache.hadoop.http.HttpServer2$QuotingInputFilter)
2019-09-19 14:38:32,381 [Thread-796] INFO  http.HttpServer2 (HttpServer2.java:addFilter(948)) - Added filter static_user_filter (class=org.apache.hadoop.http.lib.StaticUserWebFilter$StaticUserFilter) to context hddsDatanode
2019-09-19 14:38:32,381 [Thread-796] INFO  http.HttpServer2 (HttpServer2.java:addFilter(958)) - Added filter static_user_filter (class=org.apache.hadoop.http.lib.StaticUserWebFilter$StaticUserFilter) to context static
2019-09-19 14:38:32,381 [Thread-796] INFO  http.HttpServer2 (HttpServer2.java:addFilter(958)) - Added filter static_user_filter (class=org.apache.hadoop.http.lib.StaticUserWebFilter$StaticUserFilter) to context logs
2019-09-19 14:38:32,381 [Thread-796] INFO  http.HttpServer2 (HttpServer2.java:bindListener(1191)) - Jetty bound to port 34945
2019-09-19 14:38:32,382 [Thread-796] INFO  server.Server (Server.java:doStart(351)) - jetty-9.3.24.v20180605, build timestamp: 2018-06-05T17:11:56Z, git hash: 84205aa28f11a4f31f2a3b86d1bba2cc8ab69827
2019-09-19 14:38:32,383 [Thread-796] INFO  handler.ContextHandler (ContextHandler.java:doStart(781)) - Started o.e.j.s.ServletContextHandler@491e69c3{/logs,file:///workdir/hadoop-ozone/ozonefs/target/log,AVAILABLE}
2019-09-19 14:38:32,383 [Thread-796] INFO  handler.ContextHandler (ContextHandler.java:doStart(781)) - Started o.e.j.s.ServletContextHandler@a85157c{/static,jar:file:/home/user/.m2/repository/org/apache/hadoop/hadoop-hdds-container-service/0.5.0-SNAPSHOT/hadoop-hdds-container-service-0.5.0-SNAPSHOT.jar!/webapps/static,AVAILABLE}
2019-09-19 14:38:32,410 [Thread-796] INFO  handler.ContextHandler (ContextHandler.java:doStart(781)) - Started o.e.j.w.WebAppContext@5f0fae5b{/,file:///tmp/jetty-0.0.0.0-34945-hddsDatanode-_-any-6534467226899389577.dir/webapp/,AVAILABLE}{/hddsDatanode}
2019-09-19 14:38:32,410 [Thread-796] INFO  server.AbstractConnector (AbstractConnector.java:doStart(278)) - Started ServerConnector@7a1446{HTTP/1.1,[http/1.1]}{0.0.0.0:34945}
2019-09-19 14:38:32,411 [Thread-796] INFO  server.Server (Server.java:doStart(419)) - Started @63376ms
2019-09-19 14:38:32,412 [Thread-796] INFO  server.BaseHttpServer (BaseHttpServer.java:updateConnectorAddress(213)) - HTTP server of HDDSDATANODE is listening at http://0.0.0.0:34945
2019-09-19 14:38:32,517 | INFO  | ObjectStoreRestHttpServer | Listening HDDS REST traffic on /0.0.0.0:41333 |  
2019-09-19 14:38:32,517 [Thread-796] INFO  ozone.HddsDatanodeService (HddsDatanodeService.java:startPlugins(395)) - Started plug-in org.apache.hadoop.ozone.web.OzoneHddsDatanodeService@6a59c4ef
2019-09-19 14:38:32,517 [Thread-796] INFO  ozone.MiniOzoneClusterImpl (MiniOzoneClusterImpl.java:lambda$waitForClusterToBeReady$0(142)) - Waiting for cluster to be ready. Got 0 of 3 DN Heartbeats.
2019-09-19 14:38:32,518 [org.apache.hadoop.util.JvmPauseMonitor$Monitor@11b6a072] INFO  util.JvmPauseMonitor (JvmPauseMonitor.java:run(188)) - Starting JVM pause monitor
2019-09-19 14:38:32,521 [Datanode State Machine Thread - 0] INFO  datanode.InitDatanodeState (InitDatanodeState.java:persistContainerDatanodeDetails(140)) - DatanodeDetails is persisted to /workdir/hadoop-ozone/ozonefs/target/test-dir/MiniOzoneClusterImpl-749d4081-1d77-4e7f-9728-45de1fba6f43/datanode-2/meta/datanode.id
2019-09-19 14:38:33,517 [Thread-796] INFO  ozone.MiniOzoneClusterImpl (MiniOzoneClusterImpl.java:lambda$waitForClusterToBeReady$0(142)) - Waiting for cluster to be ready. Got 0 of 3 DN Heartbeats.
2019-09-19 14:38:34,133 | INFO  | SCMAudit | user=jenkins1000 | ip=192.168.5.132 | op=GET_VERSION null | ret=SUCCESS |  
2019-09-19 14:38:34,170 [Datanode State Machine Thread - 0] INFO  ozoneimpl.OzoneContainer (OzoneContainer.java:start(186)) - Attempting to start container services.
2019-09-19 14:38:34,171 [Datanode State Machine Thread - 0] INFO  ozoneimpl.OzoneContainer (OzoneContainer.java:startContainerScrub(160)) - Background container scrubber has been disabled by hdds.containerscrub.enabled
2019-09-19 14:38:34,171 [Datanode State Machine Thread - 0] INFO  ratis.XceiverServerRatis (XceiverServerRatis.java:start(404)) - Starting XceiverServerRatis 82d8c685-2836-4bc6-955f-a4b55a908719 at port 0
2019-09-19 14:38:34,176 [Datanode State Machine Thread - 0] INFO  impl.RaftServerProxy (RaftServerProxy.java:lambda$start$3(299)) - 82d8c685-2836-4bc6-955f-a4b55a908719: start RPC server
2019-09-19 14:38:34,179 [Datanode State Machine Thread - 0] INFO  server.GrpcService (GrpcService.java:startImpl(149)) - 82d8c685-2836-4bc6-955f-a4b55a908719: GrpcService started, listening on 0.0.0.0/0.0.0.0:41613
2019-09-19 14:38:34,179 [Datanode State Machine Thread - 0] INFO  ratis.XceiverServerRatis (XceiverServerRatis.java:start(414)) - XceiverServerRatis 82d8c685-2836-4bc6-955f-a4b55a908719 is started using port 41613
2019-09-19 14:38:34,184 [Datanode State Machine Thread - 0] INFO  server.XceiverServerGrpc (XceiverServerGrpc.java:start(163)) - XceiverServerGrpc 82d8c685-2836-4bc6-955f-a4b55a908719 is started using port 46383
2019-09-19 14:38:34,344 | INFO  | SCMAudit | user=jenkins1000 | ip=192.168.5.132 | op=GET_VERSION null | ret=SUCCESS |  
2019-09-19 14:38:34,372 [Datanode State Machine Thread - 0] INFO  ozoneimpl.OzoneContainer (OzoneContainer.java:start(186)) - Attempting to start container services.
2019-09-19 14:38:34,372 [Datanode State Machine Thread - 0] INFO  ozoneimpl.OzoneContainer (OzoneContainer.java:startContainerScrub(160)) - Background container scrubber has been disabled by hdds.containerscrub.enabled
2019-09-19 14:38:34,372 [Datanode State Machine Thread - 0] INFO  ratis.XceiverServerRatis (XceiverServerRatis.java:start(404)) - Starting XceiverServerRatis c03852e1-215b-45db-b67f-c74ee277280d at port 0
2019-09-19 14:38:34,378 [Datanode State Machine Thread - 0] INFO  impl.RaftServerProxy (RaftServerProxy.java:lambda$start$3(299)) - c03852e1-215b-45db-b67f-c74ee277280d: start RPC server
2019-09-19 14:38:34,378 [Datanode State Machine Thread - 0] INFO  server.GrpcService (GrpcService.java:startImpl(149)) - c03852e1-215b-45db-b67f-c74ee277280d: GrpcService started, listening on 0.0.0.0/0.0.0.0:36799
2019-09-19 14:38:34,379 [Datanode State Machine Thread - 0] INFO  ratis.XceiverServerRatis (XceiverServerRatis.java:start(414)) - XceiverServerRatis c03852e1-215b-45db-b67f-c74ee277280d is started using port 36799
2019-09-19 14:38:34,380 [Datanode State Machine Thread - 0] INFO  server.XceiverServerGrpc (XceiverServerGrpc.java:start(163)) - XceiverServerGrpc c03852e1-215b-45db-b67f-c74ee277280d is started using port 42020
2019-09-19 14:38:34,518 [Thread-796] INFO  ozone.MiniOzoneClusterImpl (MiniOzoneClusterImpl.java:lambda$waitForClusterToBeReady$0(142)) - Waiting for cluster to be ready. Got 0 of 3 DN Heartbeats.
2019-09-19 14:38:34,519 | INFO  | SCMAudit | user=jenkins1000 | ip=192.168.5.132 | op=GET_VERSION null | ret=SUCCESS |  
2019-09-19 14:38:34,535 [Datanode State Machine Thread - 0] INFO  ozoneimpl.OzoneContainer (OzoneContainer.java:start(186)) - Attempting to start container services.
2019-09-19 14:38:34,536 [Datanode State Machine Thread - 0] INFO  ozoneimpl.OzoneContainer (OzoneContainer.java:startContainerScrub(160)) - Background container scrubber has been disabled by hdds.containerscrub.enabled
2019-09-19 14:38:34,536 [Datanode State Machine Thread - 0] INFO  ratis.XceiverServerRatis (XceiverServerRatis.java:start(404)) - Starting XceiverServerRatis fec1dd95-6591-47a7-ae1d-7a016c77c9f0 at port 0
2019-09-19 14:38:34,544 [Datanode State Machine Thread - 0] INFO  impl.RaftServerProxy (RaftServerProxy.java:lambda$start$3(299)) - fec1dd95-6591-47a7-ae1d-7a016c77c9f0: start RPC server
2019-09-19 14:38:34,545 [Datanode State Machine Thread - 0] INFO  server.GrpcService (GrpcService.java:startImpl(149)) - fec1dd95-6591-47a7-ae1d-7a016c77c9f0: GrpcService started, listening on 0.0.0.0/0.0.0.0:37510
2019-09-19 14:38:34,545 [Datanode State Machine Thread - 0] INFO  ratis.XceiverServerRatis (XceiverServerRatis.java:start(414)) - XceiverServerRatis fec1dd95-6591-47a7-ae1d-7a016c77c9f0 is started using port 37510
2019-09-19 14:38:34,546 [Datanode State Machine Thread - 0] INFO  server.XceiverServerGrpc (XceiverServerGrpc.java:start(163)) - XceiverServerGrpc fec1dd95-6591-47a7-ae1d-7a016c77c9f0 is started using port 46830
2019-09-19 14:38:35,518 [Thread-796] INFO  ozone.MiniOzoneClusterImpl (MiniOzoneClusterImpl.java:lambda$waitForClusterToBeReady$0(142)) - Waiting for cluster to be ready. Got 0 of 3 DN Heartbeats.
2019-09-19 14:38:36,133 [IPC Server handler 0 on 35536] INFO  net.NetworkTopology (NetworkTopologyImpl.java:add(110)) - Added a new node: /default-rack/82d8c685-2836-4bc6-955f-a4b55a908719
2019-09-19 14:38:36,134 [IPC Server handler 0 on 35536] INFO  node.SCMNodeManager (SCMNodeManager.java:register(273)) - Registered Data node : 82d8c685-2836-4bc6-955f-a4b55a908719{ip: 192.168.5.132, host: pr-hdds-1569-rzdr8-3403194166, networkLocation: /default-rack, certSerialId: null}
2019-09-19 14:38:36,135 [EventQueue-NodeRegistrationContainerReportForDataNodeSafeModeRule] INFO  safemode.SCMSafeModeManager (DataNodeSafeModeRule.java:process(71)) - SCM in safe mode. 1 DataNodes registered, 1 required.
2019-09-19 14:38:36,136 | INFO  | SCMAudit | user=jenkins1000 | ip=192.168.5.132 | op=REGISTER {datanodeDetails=82d8c685-2836-4bc6-955f-a4b55a908719{ip: 192.168.5.132, host: pr-hdds-1569-rzdr8-3403194166, networkLocation: /default-rack, certSerialId: null}} | ret=SUCCESS |  
2019-09-19 14:38:36,138 [EventQueue-NodeRegistrationContainerReportForDataNodeSafeModeRule] INFO  safemode.SCMSafeModeManager (SCMSafeModeManager.java:validateSafeModeExitRules(177)) - ScmSafeModeManager, all rules are successfully validated
2019-09-19 14:38:36,138 [EventQueue-NodeRegistrationContainerReportForDataNodeSafeModeRule] INFO  safemode.SCMSafeModeManager (SCMSafeModeManager.java:exitSafeMode(193)) - SCM exiting safe mode.
2019-09-19 14:38:36,155 [grpc-default-executor-0] INFO  impl.RaftServerProxy (RaftServerProxy.java:addNew(89)) - 82d8c685-2836-4bc6-955f-a4b55a908719: addNew group-B39DDF53F924:[82d8c685-2836-4bc6-955f-a4b55a908719:192.168.5.132:41613] returns group-B39DDF53F924:java.util.concurrent.CompletableFuture@e247e50[Not completed]
2019-09-19 14:38:36,157 [pool-186-thread-1] INFO  impl.RaftServerImpl (RaftServerImpl.java:<init>(93)) - 82d8c685-2836-4bc6-955f-a4b55a908719: new RaftServerImpl for group-B39DDF53F924:[82d8c685-2836-4bc6-955f-a4b55a908719:192.168.5.132:41613] with ContainerStateMachine:uninitialized
2019-09-19 14:38:36,158 [pool-186-thread-1] INFO  server.RaftServerConfigKeys (ConfUtils.java:logGet(43)) - raft.server.rpc.timeout.min = 5s (custom)
2019-09-19 14:38:36,158 [pool-186-thread-1] INFO  server.RaftServerConfigKeys (ConfUtils.java:logGet(43)) - raft.server.rpc.timeout.max = 5200ms (custom)
2019-09-19 14:38:36,158 [pool-186-thread-1] INFO  server.RaftServerConfigKeys (ConfUtils.java:logGet(43)) - raft.server.rpcslowness.timeout = 120s (custom)
2019-09-19 14:38:36,158 [pool-186-thread-1] INFO  server.RaftServerConfigKeys (ConfUtils.java:logGet(43)) - raft.server.sleep.deviation.threshold = 300 (default)
2019-09-19 14:38:36,159 [pool-186-thread-1] INFO  server.RaftServerConfigKeys (ConfUtils.java:logGet(43)) - raft.server.log.appender.install.snapshot.enabled = false (custom)
2019-09-19 14:38:36,159 [pool-186-thread-1] INFO  impl.RaftServerImpl (ServerState.java:<init>(105)) - 82d8c685-2836-4bc6-955f-a4b55a908719:group-B39DDF53F924 ConfigurationManager, init=-1: [82d8c685-2836-4bc6-955f-a4b55a908719:192.168.5.132:41613], old=null, confs=<EMPTY_MAP>
2019-09-19 14:38:36,159 [pool-186-thread-1] INFO  server.RaftServerConfigKeys (ConfUtils.java:logGet(43)) - raft.server.storage.dir = [/workdir/hadoop-ozone/ozonefs/target/test-dir/MiniOzoneClusterImpl-749d4081-1d77-4e7f-9728-45de1fba6f43/datanode-0/data/ratis] (custom)
2019-09-19 14:38:36,161 [pool-186-thread-1] INFO  storage.RaftStorageDirectory (RaftStorageDirectory.java:analyzeStorage(246)) - The storage directory /workdir/hadoop-ozone/ozonefs/target/test-dir/MiniOzoneClusterImpl-749d4081-1d77-4e7f-9728-45de1fba6f43/datanode-0/data/ratis/fc95a276-9bed-4a67-9db4-b39ddf53f924 does not exist. Creating ...
2019-09-19 14:38:36,184 [pool-186-thread-1] INFO  storage.RaftStorageDirectory (RaftStorageDirectory.java:tryLock(328)) - Lock on /workdir/hadoop-ozone/ozonefs/target/test-dir/MiniOzoneClusterImpl-749d4081-1d77-4e7f-9728-45de1fba6f43/datanode-0/data/ratis/fc95a276-9bed-4a67-9db4-b39ddf53f924/in_use.lock acquired by nodename 25220@pr-hdds-1569-rzdr8-3403194166
2019-09-19 14:38:36,209 [pool-186-thread-1] INFO  storage.RaftStorage (RaftStorage.java:format(72)) - Storage directory /workdir/hadoop-ozone/ozonefs/target/test-dir/MiniOzoneClusterImpl-749d4081-1d77-4e7f-9728-45de1fba6f43/datanode-0/data/ratis/fc95a276-9bed-4a67-9db4-b39ddf53f924 has been successfully formatted.
2019-09-19 14:38:36,209 [pool-186-thread-1] INFO  ratis.ContainerStateMachine (ContainerStateMachine.java:loadSnapshot(226)) - group-B39DDF53F924: The snapshot info is null. Setting the last applied indexto:(t:0, i:~)
2019-09-19 14:38:36,209 [pool-186-thread-1] INFO  server.RaftServerConfigKeys (ConfUtils.java:logGet(43)) - raft.server.leader.election.timeout = 120s (custom)
2019-09-19 14:38:36,209 [pool-186-thread-1] INFO  server.RaftServerConfigKeys (ConfUtils.java:logGet(43)) - raft.server.log.use.memory = false (default)
2019-09-19 14:38:36,209 [pool-186-thread-1] INFO  server.RaftServerConfigKeys (ConfUtils.java:logGet(43)) - raft.server.log.purge.gap = 1000000 (custom)
2019-09-19 14:38:36,210 [pool-186-thread-1] INFO  server.RaftServerConfigKeys (ConfUtils.java:logGet(43)) - raft.server.log.appender.buffer.byte-limit = 33554432 (custom)
2019-09-19 14:38:36,210 [pool-186-thread-1] INFO  server.RaftServerConfigKeys (ConfUtils.java:logGet(43)) - raft.server.log.segment.size.max = 1048576 (custom)
2019-09-19 14:38:36,210 [pool-186-thread-1] INFO  server.RaftServerConfigKeys (ConfUtils.java:logGet(43)) - raft.server.log.segment.cache.num.max = 2 (custom)
2019-09-19 14:38:36,210 [pool-186-thread-1] INFO  segmented.SegmentedRaftLogWorker (SegmentedRaftLogWorker.java:<init>(172)) - new 82d8c685-2836-4bc6-955f-a4b55a908719-SegmentedRaftLogWorker:Storage Directory /workdir/hadoop-ozone/ozonefs/target/test-dir/MiniOzoneClusterImpl-749d4081-1d77-4e7f-9728-45de1fba6f43/datanode-0/data/ratis/fc95a276-9bed-4a67-9db4-b39ddf53f924 for RaftStorage:Storage Directory /workdir/hadoop-ozone/ozonefs/target/test-dir/MiniOzoneClusterImpl-749d4081-1d77-4e7f-9728-45de1fba6f43/datanode-0/data/ratis/fc95a276-9bed-4a67-9db4-b39ddf53f924
2019-09-19 14:38:36,211 [pool-186-thread-1] INFO  server.RaftServerConfigKeys (ConfUtils.java:logGet(43)) - raft.server.log.queue.byte-limit = 2147483647 (custom)
2019-09-19 14:38:36,211 [pool-186-thread-1] INFO  server.RaftServerConfigKeys (ConfUtils.java:logGet(43)) - raft.server.log.queue.element-limit = 1024 (custom)
2019-09-19 14:38:36,211 [pool-186-thread-1] INFO  server.RaftServerConfigKeys (ConfUtils.java:logGet(43)) - raft.server.log.segment.size.max = 1048576 (custom)
2019-09-19 14:38:36,211 [pool-186-thread-1] INFO  server.RaftServerConfigKeys (ConfUtils.java:logGet(43)) - raft.server.log.preallocated.size = 16384 (custom)
2019-09-19 14:38:36,212 [pool-186-thread-1] INFO  server.RaftServerConfigKeys (ConfUtils.java:logGet(43)) - raft.server.log.write.buffer.size = 33554432 (custom)
2019-09-19 14:38:36,212 [pool-186-thread-1] INFO  server.RaftServerConfigKeys (ConfUtils.java:logGet(43)) - raft.server.log.force.sync.num = 128 (default)
2019-09-19 14:38:36,212 [pool-186-thread-1] INFO  server.RaftServerConfigKeys (ConfUtils.java:logGet(43)) - raft.server.log.statemachine.data.sync = true (default)
2019-09-19 14:38:36,212 [pool-186-thread-1] INFO  server.RaftServerConfigKeys (ConfUtils.java:logGet(43)) - raft.server.log.statemachine.data.sync.timeout = 10s (default)
2019-09-19 14:38:36,212 [pool-186-thread-1] INFO  server.RaftServerConfigKeys (ConfUtils.java:logGet(43)) - raft.server.log.statemachine.data.sync.timeout.retry = -1 (default)
2019-09-19 14:38:36,213 [pool-186-thread-1] INFO  server.RaftServerConfigKeys (ConfUtils.java:logGet(43)) - raft.server.log.statemachine.data.caching.enabled = true (custom)
2019-09-19 14:38:36,213 [pool-186-thread-1] INFO  segmented.SegmentedRaftLogWorker (SegmentedRaftLogWorker.java:lambda$new$0(132)) - 82d8c685-2836-4bc6-955f-a4b55a908719-SegmentedRaftLogWorker:Storage Directory /workdir/hadoop-ozone/ozonefs/target/test-dir/MiniOzoneClusterImpl-749d4081-1d77-4e7f-9728-45de1fba6f43/datanode-0/data/ratis/fc95a276-9bed-4a67-9db4-b39ddf53f924: flushIndex: setUnconditionally 0 -> -1
2019-09-19 14:38:36,214 [pool-186-thread-1] INFO  server.RaftServerConfigKeys (ConfUtils.java:logGet(43)) - raft.server.snapshot.auto.trigger.enabled = true (custom)
2019-09-19 14:38:36,214 [pool-186-thread-1] INFO  server.RaftServerConfigKeys (ConfUtils.java:logGet(43)) - raft.server.snapshot.auto.trigger.threshold = 10000 (custom)
2019-09-19 14:38:36,214 [pool-186-thread-1] INFO  server.RaftServerConfigKeys (ConfUtils.java:logGet(43)) - raft.server.retrycache.expirytime = 600000ms (custom)
2019-09-19 14:38:36,215 [pool-186-thread-1] INFO  impl.RaftServerImpl (RaftServerImpl.java:start(180)) - 82d8c685-2836-4bc6-955f-a4b55a908719: start group-B39DDF53F924
2019-09-19 14:38:36,215 [pool-186-thread-1] INFO  impl.RaftServerImpl (RaftServerImpl.java:setRole(171)) - 82d8c685-2836-4bc6-955f-a4b55a908719:group-B39DDF53F924 changes role from null to FOLLOWER at term 0 for startAsFollower
2019-09-19 14:38:36,215 [pool-186-thread-1] INFO  impl.RoleInfo (RoleInfo.java:updateAndGet(143)) - 82d8c685-2836-4bc6-955f-a4b55a908719: start FollowerState
2019-09-19 14:38:36,216 [pool-186-thread-1] INFO  util.JmxRegister (JmxRegister.java:tryRegister(44)) - Successfully registered JMX Bean with object name Ratis:service=RaftServer,group=group-B39DDF53F924,id=82d8c685-2836-4bc6-955f-a4b55a908719
2019-09-19 14:38:36,220 [RatisPipelineUtilsThread] INFO  pipeline.PipelineStateManager (PipelineStateManager.java:addPipeline(56)) - Created pipeline Pipeline[ Id: fc95a276-9bed-4a67-9db4-b39ddf53f924, Nodes: 82d8c685-2836-4bc6-955f-a4b55a908719{ip: 192.168.5.132, host: pr-hdds-1569-rzdr8-3403194166, networkLocation: /default-rack, certSerialId: null}, Type:RATIS, Factor:ONE, State:OPEN]
2019-09-19 14:38:36,227 [grpc-default-executor-0] INFO  impl.RaftServerProxy (RaftServerProxy.java:addNew(89)) - 82d8c685-2836-4bc6-955f-a4b55a908719: addNew group-3C841FCB594E:[82d8c685-2836-4bc6-955f-a4b55a908719:192.168.5.132:41613] returns group-3C841FCB594E:java.util.concurrent.CompletableFuture@3fe0b31a[Not completed]
2019-09-19 14:38:36,228 [pool-186-thread-1] INFO  impl.RaftServerImpl (RaftServerImpl.java:<init>(93)) - 82d8c685-2836-4bc6-955f-a4b55a908719: new RaftServerImpl for group-3C841FCB594E:[82d8c685-2836-4bc6-955f-a4b55a908719:192.168.5.132:41613] with ContainerStateMachine:uninitialized
2019-09-19 14:38:36,228 [pool-186-thread-1] INFO  server.RaftServerConfigKeys (ConfUtils.java:logGet(43)) - raft.server.rpc.timeout.min = 5s (custom)
2019-09-19 14:38:36,228 [pool-186-thread-1] INFO  server.RaftServerConfigKeys (ConfUtils.java:logGet(43)) - raft.server.rpc.timeout.max = 5200ms (custom)
2019-09-19 14:38:36,228 [pool-186-thread-1] INFO  server.RaftServerConfigKeys (ConfUtils.java:logGet(43)) - raft.server.rpcslowness.timeout = 120s (custom)
2019-09-19 14:38:36,228 [pool-186-thread-1] INFO  server.RaftServerConfigKeys (ConfUtils.java:logGet(43)) - raft.server.sleep.deviation.threshold = 300 (default)
2019-09-19 14:38:36,228 [pool-186-thread-1] INFO  server.RaftServerConfigKeys (ConfUtils.java:logGet(43)) - raft.server.log.appender.install.snapshot.enabled = false (custom)
2019-09-19 14:38:36,229 [pool-186-thread-1] INFO  impl.RaftServerImpl (ServerState.java:<init>(105)) - 82d8c685-2836-4bc6-955f-a4b55a908719:group-3C841FCB594E ConfigurationManager, init=-1: [82d8c685-2836-4bc6-955f-a4b55a908719:192.168.5.132:41613], old=null, confs=<EMPTY_MAP>
2019-09-19 14:38:36,229 [pool-186-thread-1] INFO  server.RaftServerConfigKeys (ConfUtils.java:logGet(43)) - raft.server.storage.dir = [/workdir/hadoop-ozone/ozonefs/target/test-dir/MiniOzoneClusterImpl-749d4081-1d77-4e7f-9728-45de1fba6f43/datanode-0/data/ratis] (custom)
2019-09-19 14:38:36,229 [pool-186-thread-1] INFO  storage.RaftStorageDirectory (RaftStorageDirectory.java:analyzeStorage(246)) - The storage directory /workdir/hadoop-ozone/ozonefs/target/test-dir/MiniOzoneClusterImpl-749d4081-1d77-4e7f-9728-45de1fba6f43/datanode-0/data/ratis/92fdf4f9-f832-4074-a254-3c841fcb594e does not exist. Creating ...
2019-09-19 14:38:36,252 [pool-186-thread-1] INFO  storage.RaftStorageDirectory (RaftStorageDirectory.java:tryLock(328)) - Lock on /workdir/hadoop-ozone/ozonefs/target/test-dir/MiniOzoneClusterImpl-749d4081-1d77-4e7f-9728-45de1fba6f43/datanode-0/data/ratis/92fdf4f9-f832-4074-a254-3c841fcb594e/in_use.lock acquired by nodename 25220@pr-hdds-1569-rzdr8-3403194166
2019-09-19 14:38:36,288 [pool-186-thread-1] INFO  storage.RaftStorage (RaftStorage.java:format(72)) - Storage directory /workdir/hadoop-ozone/ozonefs/target/test-dir/MiniOzoneClusterImpl-749d4081-1d77-4e7f-9728-45de1fba6f43/datanode-0/data/ratis/92fdf4f9-f832-4074-a254-3c841fcb594e has been successfully formatted.
2019-09-19 14:38:36,288 [pool-186-thread-1] INFO  ratis.ContainerStateMachine (ContainerStateMachine.java:loadSnapshot(226)) - group-3C841FCB594E: The snapshot info is null. Setting the last applied indexto:(t:0, i:~)
2019-09-19 14:38:36,288 [pool-186-thread-1] INFO  server.RaftServerConfigKeys (ConfUtils.java:logGet(43)) - raft.server.leader.election.timeout = 120s (custom)
2019-09-19 14:38:36,288 [pool-186-thread-1] INFO  server.RaftServerConfigKeys (ConfUtils.java:logGet(43)) - raft.server.log.use.memory = false (default)
2019-09-19 14:38:36,289 [pool-186-thread-1] INFO  server.RaftServerConfigKeys (ConfUtils.java:logGet(43)) - raft.server.log.purge.gap = 1000000 (custom)
2019-09-19 14:38:36,289 [pool-186-thread-1] INFO  server.RaftServerConfigKeys (ConfUtils.java:logGet(43)) - raft.server.log.appender.buffer.byte-limit = 33554432 (custom)
2019-09-19 14:38:36,289 [pool-186-thread-1] INFO  server.RaftServerConfigKeys (ConfUtils.java:logGet(43)) - raft.server.log.segment.size.max = 1048576 (custom)
2019-09-19 14:38:36,289 [pool-186-thread-1] INFO  server.RaftServerConfigKeys (ConfUtils.java:logGet(43)) - raft.server.log.segment.cache.num.max = 2 (custom)
2019-09-19 14:38:36,289 [pool-186-thread-1] INFO  segmented.SegmentedRaftLogWorker (SegmentedRaftLogWorker.java:<init>(172)) - new 82d8c685-2836-4bc6-955f-a4b55a908719-SegmentedRaftLogWorker:Storage Directory /workdir/hadoop-ozone/ozonefs/target/test-dir/MiniOzoneClusterImpl-749d4081-1d77-4e7f-9728-45de1fba6f43/datanode-0/data/ratis/92fdf4f9-f832-4074-a254-3c841fcb594e for RaftStorage:Storage Directory /workdir/hadoop-ozone/ozonefs/target/test-dir/MiniOzoneClusterImpl-749d4081-1d77-4e7f-9728-45de1fba6f43/datanode-0/data/ratis/92fdf4f9-f832-4074-a254-3c841fcb594e
2019-09-19 14:38:36,289 [pool-186-thread-1] INFO  server.RaftServerConfigKeys (ConfUtils.java:logGet(43)) - raft.server.log.queue.byte-limit = 2147483647 (custom)
2019-09-19 14:38:36,290 [pool-186-thread-1] INFO  server.RaftServerConfigKeys (ConfUtils.java:logGet(43)) - raft.server.log.queue.element-limit = 1024 (custom)
2019-09-19 14:38:36,290 [pool-186-thread-1] INFO  server.RaftServerConfigKeys (ConfUtils.java:logGet(43)) - raft.server.log.segment.size.max = 1048576 (custom)
2019-09-19 14:38:36,290 [pool-186-thread-1] INFO  server.RaftServerConfigKeys (ConfUtils.java:logGet(43)) - raft.server.log.preallocated.size = 16384 (custom)
2019-09-19 14:38:36,290 [pool-186-thread-1] INFO  server.RaftServerConfigKeys (ConfUtils.java:logGet(43)) - raft.server.log.write.buffer.size = 33554432 (custom)
2019-09-19 14:38:36,290 [pool-186-thread-1] INFO  server.RaftServerConfigKeys (ConfUtils.java:logGet(43)) - raft.server.log.force.sync.num = 128 (default)
2019-09-19 14:38:36,291 [pool-186-thread-1] INFO  server.RaftServerConfigKeys (ConfUtils.java:logGet(43)) - raft.server.log.statemachine.data.sync = true (default)
2019-09-19 14:38:36,291 [pool-186-thread-1] INFO  server.RaftServerConfigKeys (ConfUtils.java:logGet(43)) - raft.server.log.statemachine.data.sync.timeout = 10s (default)
2019-09-19 14:38:36,291 [pool-186-thread-1] INFO  server.RaftServerConfigKeys (ConfUtils.java:logGet(43)) - raft.server.log.statemachine.data.sync.timeout.retry = -1 (default)
2019-09-19 14:38:36,291 [pool-186-thread-1] INFO  server.RaftServerConfigKeys (ConfUtils.java:logGet(43)) - raft.server.log.statemachine.data.caching.enabled = true (custom)
2019-09-19 14:38:36,291 [pool-186-thread-1] INFO  segmented.SegmentedRaftLogWorker (SegmentedRaftLogWorker.java:lambda$new$0(132)) - 82d8c685-2836-4bc6-955f-a4b55a908719-SegmentedRaftLogWorker:Storage Directory /workdir/hadoop-ozone/ozonefs/target/test-dir/MiniOzoneClusterImpl-749d4081-1d77-4e7f-9728-45de1fba6f43/datanode-0/data/ratis/92fdf4f9-f832-4074-a254-3c841fcb594e: flushIndex: setUnconditionally 0 -> -1
2019-09-19 14:38:36,292 [pool-186-thread-1] INFO  server.RaftServerConfigKeys (ConfUtils.java:logGet(43)) - raft.server.snapshot.auto.trigger.enabled = true (custom)
2019-09-19 14:38:36,292 [pool-186-thread-1] INFO  server.RaftServerConfigKeys (ConfUtils.java:logGet(43)) - raft.server.snapshot.auto.trigger.threshold = 10000 (custom)
2019-09-19 14:38:36,292 [pool-186-thread-1] INFO  server.RaftServerConfigKeys (ConfUtils.java:logGet(43)) - raft.server.retrycache.expirytime = 600000ms (custom)
2019-09-19 14:38:36,292 [pool-186-thread-1] INFO  impl.RaftServerImpl (RaftServerImpl.java:start(180)) - 82d8c685-2836-4bc6-955f-a4b55a908719: start group-3C841FCB594E
2019-09-19 14:38:36,293 [pool-186-thread-1] INFO  impl.RaftServerImpl (RaftServerImpl.java:setRole(171)) - 82d8c685-2836-4bc6-955f-a4b55a908719:group-3C841FCB594E changes role from null to FOLLOWER at term 0 for startAsFollower
2019-09-19 14:38:36,293 [pool-186-thread-1] INFO  impl.RoleInfo (RoleInfo.java:updateAndGet(143)) - 82d8c685-2836-4bc6-955f-a4b55a908719: start FollowerState
2019-09-19 14:38:36,293 [pool-186-thread-1] INFO  util.JmxRegister (JmxRegister.java:tryRegister(44)) - Successfully registered JMX Bean with object name Ratis:service=RaftServer,group=group-3C841FCB594E,id=82d8c685-2836-4bc6-955f-a4b55a908719
2019-09-19 14:38:36,297 [RatisPipelineUtilsThread] INFO  pipeline.PipelineStateManager (PipelineStateManager.java:addPipeline(56)) - Created pipeline Pipeline[ Id: 92fdf4f9-f832-4074-a254-3c841fcb594e, Nodes: 82d8c685-2836-4bc6-955f-a4b55a908719{ip: 192.168.5.132, host: pr-hdds-1569-rzdr8-3403194166, networkLocation: /default-rack, certSerialId: null}, Type:RATIS, Factor:ONE, State:OPEN]
2019-09-19 14:38:36,303 [grpc-default-executor-0] INFO  impl.RaftServerProxy (RaftServerProxy.java:addNew(89)) - 82d8c685-2836-4bc6-955f-a4b55a908719: addNew group-E085C0EC225B:[82d8c685-2836-4bc6-955f-a4b55a908719:192.168.5.132:41613] returns group-E085C0EC225B:java.util.concurrent.CompletableFuture@6e0b811f[Not completed]
2019-09-19 14:38:36,304 [pool-186-thread-1] INFO  impl.RaftServerImpl (RaftServerImpl.java:<init>(93)) - 82d8c685-2836-4bc6-955f-a4b55a908719: new RaftServerImpl for group-E085C0EC225B:[82d8c685-2836-4bc6-955f-a4b55a908719:192.168.5.132:41613] with ContainerStateMachine:uninitialized
2019-09-19 14:38:36,305 [pool-186-thread-1] INFO  server.RaftServerConfigKeys (ConfUtils.java:logGet(43)) - raft.server.rpc.timeout.min = 5s (custom)
2019-09-19 14:38:36,305 [pool-186-thread-1] INFO  server.RaftServerConfigKeys (ConfUtils.java:logGet(43)) - raft.server.rpc.timeout.max = 5200ms (custom)
2019-09-19 14:38:36,305 [pool-186-thread-1] INFO  server.RaftServerConfigKeys (ConfUtils.java:logGet(43)) - raft.server.rpcslowness.timeout = 120s (custom)
2019-09-19 14:38:36,305 [pool-186-thread-1] INFO  server.RaftServerConfigKeys (ConfUtils.java:logGet(43)) - raft.server.sleep.deviation.threshold = 300 (default)
2019-09-19 14:38:36,305 [pool-186-thread-1] INFO  server.RaftServerConfigKeys (ConfUtils.java:logGet(43)) - raft.server.log.appender.install.snapshot.enabled = false (custom)
2019-09-19 14:38:36,305 [pool-186-thread-1] INFO  impl.RaftServerImpl (ServerState.java:<init>(105)) - 82d8c685-2836-4bc6-955f-a4b55a908719:group-E085C0EC225B ConfigurationManager, init=-1: [82d8c685-2836-4bc6-955f-a4b55a908719:192.168.5.132:41613], old=null, confs=<EMPTY_MAP>
2019-09-19 14:38:36,306 [pool-186-thread-1] INFO  server.RaftServerConfigKeys (ConfUtils.java:logGet(43)) - raft.server.storage.dir = [/workdir/hadoop-ozone/ozonefs/target/test-dir/MiniOzoneClusterImpl-749d4081-1d77-4e7f-9728-45de1fba6f43/datanode-0/data/ratis] (custom)
2019-09-19 14:38:36,306 [pool-186-thread-1] INFO  storage.RaftStorageDirectory (RaftStorageDirectory.java:analyzeStorage(246)) - The storage directory /workdir/hadoop-ozone/ozonefs/target/test-dir/MiniOzoneClusterImpl-749d4081-1d77-4e7f-9728-45de1fba6f43/datanode-0/data/ratis/4a3abb5c-c84d-4bc7-8661-e085c0ec225b does not exist. Creating ...
2019-09-19 14:38:36,330 [pool-186-thread-1] INFO  storage.RaftStorageDirectory (RaftStorageDirectory.java:tryLock(328)) - Lock on /workdir/hadoop-ozone/ozonefs/target/test-dir/MiniOzoneClusterImpl-749d4081-1d77-4e7f-9728-45de1fba6f43/datanode-0/data/ratis/4a3abb5c-c84d-4bc7-8661-e085c0ec225b/in_use.lock acquired by nodename 25220@pr-hdds-1569-rzdr8-3403194166
2019-09-19 14:38:36,345 [IPC Server handler 1 on 35536] INFO  net.NetworkTopology (NetworkTopologyImpl.java:add(110)) - Added a new node: /default-rack/c03852e1-215b-45db-b67f-c74ee277280d
2019-09-19 14:38:36,345 [IPC Server handler 1 on 35536] INFO  node.SCMNodeManager (SCMNodeManager.java:register(273)) - Registered Data node : c03852e1-215b-45db-b67f-c74ee277280d{ip: 192.168.5.132, host: pr-hdds-1569-rzdr8-3403194166, networkLocation: /default-rack, certSerialId: null}
2019-09-19 14:38:36,346 | INFO  | SCMAudit | user=jenkins1000 | ip=192.168.5.132 | op=REGISTER {datanodeDetails=c03852e1-215b-45db-b67f-c74ee277280d{ip: 192.168.5.132, host: pr-hdds-1569-rzdr8-3403194166, networkLocation: /default-rack, certSerialId: null}} | ret=SUCCESS |  
2019-09-19 14:38:36,355 [pool-186-thread-1] INFO  storage.RaftStorage (RaftStorage.java:format(72)) - Storage directory /workdir/hadoop-ozone/ozonefs/target/test-dir/MiniOzoneClusterImpl-749d4081-1d77-4e7f-9728-45de1fba6f43/datanode-0/data/ratis/4a3abb5c-c84d-4bc7-8661-e085c0ec225b has been successfully formatted.
2019-09-19 14:38:36,355 [pool-186-thread-1] INFO  ratis.ContainerStateMachine (ContainerStateMachine.java:loadSnapshot(226)) - group-E085C0EC225B: The snapshot info is null. Setting the last applied indexto:(t:0, i:~)
2019-09-19 14:38:36,356 [pool-186-thread-1] INFO  server.RaftServerConfigKeys (ConfUtils.java:logGet(43)) - raft.server.leader.election.timeout = 120s (custom)
2019-09-19 14:38:36,356 [pool-186-thread-1] INFO  server.RaftServerConfigKeys (ConfUtils.java:logGet(43)) - raft.server.log.use.memory = false (default)
2019-09-19 14:38:36,356 [pool-186-thread-1] INFO  server.RaftServerConfigKeys (ConfUtils.java:logGet(43)) - raft.server.log.purge.gap = 1000000 (custom)
2019-09-19 14:38:36,356 [pool-186-thread-1] INFO  server.RaftServerConfigKeys (ConfUtils.java:logGet(43)) - raft.server.log.appender.buffer.byte-limit = 33554432 (custom)
2019-09-19 14:38:36,356 [pool-186-thread-1] INFO  server.RaftServerConfigKeys (ConfUtils.java:logGet(43)) - raft.server.log.segment.size.max = 1048576 (custom)
2019-09-19 14:38:36,356 [pool-186-thread-1] INFO  server.RaftServerConfigKeys (ConfUtils.java:logGet(43)) - raft.server.log.segment.cache.num.max = 2 (custom)
2019-09-19 14:38:36,357 [pool-186-thread-1] INFO  segmented.SegmentedRaftLogWorker (SegmentedRaftLogWorker.java:<init>(172)) - new 82d8c685-2836-4bc6-955f-a4b55a908719-SegmentedRaftLogWorker:Storage Directory /workdir/hadoop-ozone/ozonefs/target/test-dir/MiniOzoneClusterImpl-749d4081-1d77-4e7f-9728-45de1fba6f43/datanode-0/data/ratis/4a3abb5c-c84d-4bc7-8661-e085c0ec225b for RaftStorage:Storage Directory /workdir/hadoop-ozone/ozonefs/target/test-dir/MiniOzoneClusterImpl-749d4081-1d77-4e7f-9728-45de1fba6f43/datanode-0/data/ratis/4a3abb5c-c84d-4bc7-8661-e085c0ec225b
2019-09-19 14:38:36,357 [pool-186-thread-1] INFO  server.RaftServerConfigKeys (ConfUtils.java:logGet(43)) - raft.server.log.queue.byte-limit = 2147483647 (custom)
2019-09-19 14:38:36,357 [pool-186-thread-1] INFO  server.RaftServerConfigKeys (ConfUtils.java:logGet(43)) - raft.server.log.queue.element-limit = 1024 (custom)
2019-09-19 14:38:36,357 [pool-186-thread-1] INFO  server.RaftServerConfigKeys (ConfUtils.java:logGet(43)) - raft.server.log.segment.size.max = 1048576 (custom)
2019-09-19 14:38:36,357 [pool-186-thread-1] INFO  server.RaftServerConfigKeys (ConfUtils.java:logGet(43)) - raft.server.log.preallocated.size = 16384 (custom)
2019-09-19 14:38:36,358 [pool-186-thread-1] INFO  server.RaftServerConfigKeys (ConfUtils.java:logGet(43)) - raft.server.log.write.buffer.size = 33554432 (custom)
2019-09-19 14:38:36,358 [pool-186-thread-1] INFO  server.RaftServerConfigKeys (ConfUtils.java:logGet(43)) - raft.server.log.force.sync.num = 128 (default)
2019-09-19 14:38:36,358 [pool-186-thread-1] INFO  server.RaftServerConfigKeys (ConfUtils.java:logGet(43)) - raft.server.log.statemachine.data.sync = true (default)
2019-09-19 14:38:36,358 [pool-186-thread-1] INFO  server.RaftServerConfigKeys (ConfUtils.java:logGet(43)) - raft.server.log.statemachine.data.sync.timeout = 10s (default)
2019-09-19 14:38:36,358 [pool-186-thread-1] INFO  server.RaftServerConfigKeys (ConfUtils.java:logGet(43)) - raft.server.log.statemachine.data.sync.timeout.retry = -1 (default)
2019-09-19 14:38:36,358 [pool-186-thread-1] INFO  server.RaftServerConfigKeys (ConfUtils.java:logGet(43)) - raft.server.log.statemachine.data.caching.enabled = true (custom)
2019-09-19 14:38:36,359 [pool-186-thread-1] INFO  segmented.SegmentedRaftLogWorker (SegmentedRaftLogWorker.java:lambda$new$0(132)) - 82d8c685-2836-4bc6-955f-a4b55a908719-SegmentedRaftLogWorker:Storage Directory /workdir/hadoop-ozone/ozonefs/target/test-dir/MiniOzoneClusterImpl-749d4081-1d77-4e7f-9728-45de1fba6f43/datanode-0/data/ratis/4a3abb5c-c84d-4bc7-8661-e085c0ec225b: flushIndex: setUnconditionally 0 -> -1
2019-09-19 14:38:36,359 [pool-186-thread-1] INFO  server.RaftServerConfigKeys (ConfUtils.java:logGet(43)) - raft.server.snapshot.auto.trigger.enabled = true (custom)
2019-09-19 14:38:36,359 [pool-186-thread-1] INFO  server.RaftServerConfigKeys (ConfUtils.java:logGet(43)) - raft.server.snapshot.auto.trigger.threshold = 10000 (custom)
2019-09-19 14:38:36,360 [pool-186-thread-1] INFO  server.RaftServerConfigKeys (ConfUtils.java:logGet(43)) - raft.server.retrycache.expirytime = 600000ms (custom)
2019-09-19 14:38:36,360 [pool-186-thread-1] INFO  impl.RaftServerImpl (RaftServerImpl.java:start(180)) - 82d8c685-2836-4bc6-955f-a4b55a908719: start group-E085C0EC225B
2019-09-19 14:38:36,360 [pool-186-thread-1] INFO  impl.RaftServerImpl (RaftServerImpl.java:setRole(171)) - 82d8c685-2836-4bc6-955f-a4b55a908719:group-E085C0EC225B changes role from null to FOLLOWER at term 0 for startAsFollower
2019-09-19 14:38:36,360 [pool-186-thread-1] INFO  impl.RoleInfo (RoleInfo.java:updateAndGet(143)) - 82d8c685-2836-4bc6-955f-a4b55a908719: start FollowerState
2019-09-19 14:38:36,360 [pool-186-thread-1] INFO  util.JmxRegister (JmxRegister.java:tryRegister(44)) - Successfully registered JMX Bean with object name Ratis:service=RaftServer,group=group-E085C0EC225B,id=82d8c685-2836-4bc6-955f-a4b55a908719
2019-09-19 14:38:36,363 [RatisPipelineUtilsThread] INFO  pipeline.PipelineStateManager (PipelineStateManager.java:addPipeline(56)) - Created pipeline Pipeline[ Id: 4a3abb5c-c84d-4bc7-8661-e085c0ec225b, Nodes: 82d8c685-2836-4bc6-955f-a4b55a908719{ip: 192.168.5.132, host: pr-hdds-1569-rzdr8-3403194166, networkLocation: /default-rack, certSerialId: null}, Type:RATIS, Factor:ONE, State:OPEN]
2019-09-19 14:38:36,370 [grpc-default-executor-0] INFO  impl.RaftServerProxy (RaftServerProxy.java:addNew(89)) - 82d8c685-2836-4bc6-955f-a4b55a908719: addNew group-3FFDC695B4C5:[82d8c685-2836-4bc6-955f-a4b55a908719:192.168.5.132:41613] returns group-3FFDC695B4C5:java.util.concurrent.CompletableFuture@1ecc5e92[Not completed]
2019-09-19 14:38:36,371 [pool-186-thread-1] INFO  impl.RaftServerImpl (RaftServerImpl.java:<init>(93)) - 82d8c685-2836-4bc6-955f-a4b55a908719: new RaftServerImpl for group-3FFDC695B4C5:[82d8c685-2836-4bc6-955f-a4b55a908719:192.168.5.132:41613] with ContainerStateMachine:uninitialized
2019-09-19 14:38:36,371 [pool-186-thread-1] INFO  server.RaftServerConfigKeys (ConfUtils.java:logGet(43)) - raft.server.rpc.timeout.min = 5s (custom)
2019-09-19 14:38:36,371 [pool-186-thread-1] INFO  server.RaftServerConfigKeys (ConfUtils.java:logGet(43)) - raft.server.rpc.timeout.max = 5200ms (custom)
2019-09-19 14:38:36,371 [pool-186-thread-1] INFO  server.RaftServerConfigKeys (ConfUtils.java:logGet(43)) - raft.server.rpcslowness.timeout = 120s (custom)
2019-09-19 14:38:36,372 [pool-186-thread-1] INFO  server.RaftServerConfigKeys (ConfUtils.java:logGet(43)) - raft.server.sleep.deviation.threshold = 300 (default)
2019-09-19 14:38:36,372 [pool-186-thread-1] INFO  server.RaftServerConfigKeys (ConfUtils.java:logGet(43)) - raft.server.log.appender.install.snapshot.enabled = false (custom)
2019-09-19 14:38:36,372 [pool-186-thread-1] INFO  impl.RaftServerImpl (ServerState.java:<init>(105)) - 82d8c685-2836-4bc6-955f-a4b55a908719:group-3FFDC695B4C5 ConfigurationManager, init=-1: [82d8c685-2836-4bc6-955f-a4b55a908719:192.168.5.132:41613], old=null, confs=<EMPTY_MAP>
2019-09-19 14:38:36,372 [pool-186-thread-1] INFO  server.RaftServerConfigKeys (ConfUtils.java:logGet(43)) - raft.server.storage.dir = [/workdir/hadoop-ozone/ozonefs/target/test-dir/MiniOzoneClusterImpl-749d4081-1d77-4e7f-9728-45de1fba6f43/datanode-0/data/ratis] (custom)
2019-09-19 14:38:36,372 [pool-186-thread-1] INFO  storage.RaftStorageDirectory (RaftStorageDirectory.java:analyzeStorage(246)) - The storage directory /workdir/hadoop-ozone/ozonefs/target/test-dir/MiniOzoneClusterImpl-749d4081-1d77-4e7f-9728-45de1fba6f43/datanode-0/data/ratis/059640ec-3750-4a24-b4ce-3ffdc695b4c5 does not exist. Creating ...
2019-09-19 14:38:36,397 [pool-186-thread-1] INFO  storage.RaftStorageDirectory (RaftStorageDirectory.java:tryLock(328)) - Lock on /workdir/hadoop-ozone/ozonefs/target/test-dir/MiniOzoneClusterImpl-749d4081-1d77-4e7f-9728-45de1fba6f43/datanode-0/data/ratis/059640ec-3750-4a24-b4ce-3ffdc695b4c5/in_use.lock acquired by nodename 25220@pr-hdds-1569-rzdr8-3403194166
2019-09-19 14:38:36,423 [pool-186-thread-1] INFO  storage.RaftStorage (RaftStorage.java:format(72)) - Storage directory /workdir/hadoop-ozone/ozonefs/target/test-dir/MiniOzoneClusterImpl-749d4081-1d77-4e7f-9728-45de1fba6f43/datanode-0/data/ratis/059640ec-3750-4a24-b4ce-3ffdc695b4c5 has been successfully formatted.
2019-09-19 14:38:36,423 [pool-186-thread-1] INFO  ratis.ContainerStateMachine (ContainerStateMachine.java:loadSnapshot(226)) - group-3FFDC695B4C5: The snapshot info is null. Setting the last applied indexto:(t:0, i:~)
2019-09-19 14:38:36,423 [pool-186-thread-1] INFO  server.RaftServerConfigKeys (ConfUtils.java:logGet(43)) - raft.server.leader.election.timeout = 120s (custom)
2019-09-19 14:38:36,423 [pool-186-thread-1] INFO  server.RaftServerConfigKeys (ConfUtils.java:logGet(43)) - raft.server.log.use.memory = false (default)
2019-09-19 14:38:36,423 [pool-186-thread-1] INFO  server.RaftServerConfigKeys (ConfUtils.java:logGet(43)) - raft.server.log.purge.gap = 1000000 (custom)
2019-09-19 14:38:36,424 [pool-186-thread-1] INFO  server.RaftServerConfigKeys (ConfUtils.java:logGet(43)) - raft.server.log.appender.buffer.byte-limit = 33554432 (custom)
2019-09-19 14:38:36,424 [pool-186-thread-1] INFO  server.RaftServerConfigKeys (ConfUtils.java:logGet(43)) - raft.server.log.segment.size.max = 1048576 (custom)
2019-09-19 14:38:36,424 [pool-186-thread-1] INFO  server.RaftServerConfigKeys (ConfUtils.java:logGet(43)) - raft.server.log.segment.cache.num.max = 2 (custom)
2019-09-19 14:38:36,424 [pool-186-thread-1] INFO  segmented.SegmentedRaftLogWorker (SegmentedRaftLogWorker.java:<init>(172)) - new 82d8c685-2836-4bc6-955f-a4b55a908719-SegmentedRaftLogWorker:Storage Directory /workdir/hadoop-ozone/ozonefs/target/test-dir/MiniOzoneClusterImpl-749d4081-1d77-4e7f-9728-45de1fba6f43/datanode-0/data/ratis/059640ec-3750-4a24-b4ce-3ffdc695b4c5 for RaftStorage:Storage Directory /workdir/hadoop-ozone/ozonefs/target/test-dir/MiniOzoneClusterImpl-749d4081-1d77-4e7f-9728-45de1fba6f43/datanode-0/data/ratis/059640ec-3750-4a24-b4ce-3ffdc695b4c5
2019-09-19 14:38:36,425 [pool-186-thread-1] INFO  server.RaftServerConfigKeys (ConfUtils.java:logGet(43)) - raft.server.log.queue.byte-limit = 2147483647 (custom)
2019-09-19 14:38:36,425 [pool-186-thread-1] INFO  server.RaftServerConfigKeys (ConfUtils.java:logGet(43)) - raft.server.log.queue.element-limit = 1024 (custom)
2019-09-19 14:38:36,425 [pool-186-thread-1] INFO  server.RaftServerConfigKeys (ConfUtils.java:logGet(43)) - raft.server.log.segment.size.max = 1048576 (custom)
2019-09-19 14:38:36,425 [pool-186-thread-1] INFO  server.RaftServerConfigKeys (ConfUtils.java:logGet(43)) - raft.server.log.preallocated.size = 16384 (custom)
2019-09-19 14:38:36,425 [pool-186-thread-1] INFO  server.RaftServerConfigKeys (ConfUtils.java:logGet(43)) - raft.server.log.write.buffer.size = 33554432 (custom)
2019-09-19 14:38:36,425 [pool-186-thread-1] INFO  server.RaftServerConfigKeys (ConfUtils.java:logGet(43)) - raft.server.log.force.sync.num = 128 (default)
2019-09-19 14:38:36,426 [pool-186-thread-1] INFO  server.RaftServerConfigKeys (ConfUtils.java:logGet(43)) - raft.server.log.statemachine.data.sync = true (default)
2019-09-19 14:38:36,426 [pool-186-thread-1] INFO  server.RaftServerConfigKeys (ConfUtils.java:logGet(43)) - raft.server.log.statemachine.data.sync.timeout = 10s (default)
2019-09-19 14:38:36,426 [pool-186-thread-1] INFO  server.RaftServerConfigKeys (ConfUtils.java:logGet(43)) - raft.server.log.statemachine.data.sync.timeout.retry = -1 (default)
2019-09-19 14:38:36,426 [pool-186-thread-1] INFO  server.RaftServerConfigKeys (ConfUtils.java:logGet(43)) - raft.server.log.statemachine.data.caching.enabled = true (custom)
2019-09-19 14:38:36,427 [pool-186-thread-1] INFO  segmented.SegmentedRaftLogWorker (SegmentedRaftLogWorker.java:lambda$new$0(132)) - 82d8c685-2836-4bc6-955f-a4b55a908719-SegmentedRaftLogWorker:Storage Directory /workdir/hadoop-ozone/ozonefs/target/test-dir/MiniOzoneClusterImpl-749d4081-1d77-4e7f-9728-45de1fba6f43/datanode-0/data/ratis/059640ec-3750-4a24-b4ce-3ffdc695b4c5: flushIndex: setUnconditionally 0 -> -1
2019-09-19 14:38:36,427 [pool-186-thread-1] INFO  server.RaftServerConfigKeys (ConfUtils.java:logGet(43)) - raft.server.snapshot.auto.trigger.enabled = true (custom)
2019-09-19 14:38:36,427 [pool-186-thread-1] INFO  server.RaftServerConfigKeys (ConfUtils.java:logGet(43)) - raft.server.snapshot.auto.trigger.threshold = 10000 (custom)
2019-09-19 14:38:36,428 [pool-186-thread-1] INFO  server.RaftServerConfigKeys (ConfUtils.java:logGet(43)) - raft.server.retrycache.expirytime = 600000ms (custom)
2019-09-19 14:38:36,428 [pool-186-thread-1] INFO  impl.RaftServerImpl (RaftServerImpl.java:start(180)) - 82d8c685-2836-4bc6-955f-a4b55a908719: start group-3FFDC695B4C5
2019-09-19 14:38:36,428 [pool-186-thread-1] INFO  impl.RaftServerImpl (RaftServerImpl.java:setRole(171)) - 82d8c685-2836-4bc6-955f-a4b55a908719:group-3FFDC695B4C5 changes role from null to FOLLOWER at term 0 for startAsFollower
2019-09-19 14:38:36,428 [pool-186-thread-1] INFO  impl.RoleInfo (RoleInfo.java:updateAndGet(143)) - 82d8c685-2836-4bc6-955f-a4b55a908719: start FollowerState
2019-09-19 14:38:36,429 [pool-186-thread-1] INFO  util.JmxRegister (JmxRegister.java:tryRegister(44)) - Successfully registered JMX Bean with object name Ratis:service=RaftServer,group=group-3FFDC695B4C5,id=82d8c685-2836-4bc6-955f-a4b55a908719
2019-09-19 14:38:36,431 [RatisPipelineUtilsThread] INFO  pipeline.PipelineStateManager (PipelineStateManager.java:addPipeline(56)) - Created pipeline Pipeline[ Id: 059640ec-3750-4a24-b4ce-3ffdc695b4c5, Nodes: 82d8c685-2836-4bc6-955f-a4b55a908719{ip: 192.168.5.132, host: pr-hdds-1569-rzdr8-3403194166, networkLocation: /default-rack, certSerialId: null}, Type:RATIS, Factor:ONE, State:OPEN]
2019-09-19 14:38:36,438 [grpc-default-executor-0] INFO  impl.RaftServerProxy (RaftServerProxy.java:addNew(89)) - 82d8c685-2836-4bc6-955f-a4b55a908719: addNew group-912802CEB302:[82d8c685-2836-4bc6-955f-a4b55a908719:192.168.5.132:41613] returns group-912802CEB302:java.util.concurrent.CompletableFuture@6a459bb5[Not completed]
2019-09-19 14:38:36,439 [pool-186-thread-1] INFO  impl.RaftServerImpl (RaftServerImpl.java:<init>(93)) - 82d8c685-2836-4bc6-955f-a4b55a908719: new RaftServerImpl for group-912802CEB302:[82d8c685-2836-4bc6-955f-a4b55a908719:192.168.5.132:41613] with ContainerStateMachine:uninitialized
2019-09-19 14:38:36,440 [pool-186-thread-1] INFO  server.RaftServerConfigKeys (ConfUtils.java:logGet(43)) - raft.server.rpc.timeout.min = 5s (custom)
2019-09-19 14:38:36,440 [pool-186-thread-1] INFO  server.RaftServerConfigKeys (ConfUtils.java:logGet(43)) - raft.server.rpc.timeout.max = 5200ms (custom)
2019-09-19 14:38:36,440 [pool-186-thread-1] INFO  server.RaftServerConfigKeys (ConfUtils.java:logGet(43)) - raft.server.rpcslowness.timeout = 120s (custom)
2019-09-19 14:38:36,440 [pool-186-thread-1] INFO  server.RaftServerConfigKeys (ConfUtils.java:logGet(43)) - raft.server.sleep.deviation.threshold = 300 (default)
2019-09-19 14:38:36,440 [pool-186-thread-1] INFO  server.RaftServerConfigKeys (ConfUtils.java:logGet(43)) - raft.server.log.appender.install.snapshot.enabled = false (custom)
2019-09-19 14:38:36,440 [pool-186-thread-1] INFO  impl.RaftServerImpl (ServerState.java:<init>(105)) - 82d8c685-2836-4bc6-955f-a4b55a908719:group-912802CEB302 ConfigurationManager, init=-1: [82d8c685-2836-4bc6-955f-a4b55a908719:192.168.5.132:41613], old=null, confs=<EMPTY_MAP>
2019-09-19 14:38:36,441 [pool-186-thread-1] INFO  server.RaftServerConfigKeys (ConfUtils.java:logGet(43)) - raft.server.storage.dir = [/workdir/hadoop-ozone/ozonefs/target/test-dir/MiniOzoneClusterImpl-749d4081-1d77-4e7f-9728-45de1fba6f43/datanode-0/data/ratis] (custom)
2019-09-19 14:38:36,441 [pool-186-thread-1] INFO  storage.RaftStorageDirectory (RaftStorageDirectory.java:analyzeStorage(246)) - The storage directory /workdir/hadoop-ozone/ozonefs/target/test-dir/MiniOzoneClusterImpl-749d4081-1d77-4e7f-9728-45de1fba6f43/datanode-0/data/ratis/cc4aa079-678b-4e16-95e5-912802ceb302 does not exist. Creating ...
2019-09-19 14:38:36,465 [pool-186-thread-1] INFO  storage.RaftStorageDirectory (RaftStorageDirectory.java:tryLock(328)) - Lock on /workdir/hadoop-ozone/ozonefs/target/test-dir/MiniOzoneClusterImpl-749d4081-1d77-4e7f-9728-45de1fba6f43/datanode-0/data/ratis/cc4aa079-678b-4e16-95e5-912802ceb302/in_use.lock acquired by nodename 25220@pr-hdds-1569-rzdr8-3403194166
2019-09-19 14:38:36,490 [pool-186-thread-1] INFO  storage.RaftStorage (RaftStorage.java:format(72)) - Storage directory /workdir/hadoop-ozone/ozonefs/target/test-dir/MiniOzoneClusterImpl-749d4081-1d77-4e7f-9728-45de1fba6f43/datanode-0/data/ratis/cc4aa079-678b-4e16-95e5-912802ceb302 has been successfully formatted.
2019-09-19 14:38:36,490 [pool-186-thread-1] INFO  ratis.ContainerStateMachine (ContainerStateMachine.java:loadSnapshot(226)) - group-912802CEB302: The snapshot info is null. Setting the last applied indexto:(t:0, i:~)
2019-09-19 14:38:36,491 [pool-186-thread-1] INFO  server.RaftServerConfigKeys (ConfUtils.java:logGet(43)) - raft.server.leader.election.timeout = 120s (custom)
2019-09-19 14:38:36,491 [pool-186-thread-1] INFO  server.RaftServerConfigKeys (ConfUtils.java:logGet(43)) - raft.server.log.use.memory = false (default)
2019-09-19 14:38:36,491 [pool-186-thread-1] INFO  server.RaftServerConfigKeys (ConfUtils.java:logGet(43)) - raft.server.log.purge.gap = 1000000 (custom)
2019-09-19 14:38:36,491 [pool-186-thread-1] INFO  server.RaftServerConfigKeys (ConfUtils.java:logGet(43)) - raft.server.log.appender.buffer.byte-limit = 33554432 (custom)
2019-09-19 14:38:36,492 [pool-186-thread-1] INFO  server.RaftServerConfigKeys (ConfUtils.java:logGet(43)) - raft.server.log.segment.size.max = 1048576 (custom)
2019-09-19 14:38:36,492 [pool-186-thread-1] INFO  server.RaftServerConfigKeys (ConfUtils.java:logGet(43)) - raft.server.log.segment.cache.num.max = 2 (custom)
2019-09-19 14:38:36,492 [pool-186-thread-1] INFO  segmented.SegmentedRaftLogWorker (SegmentedRaftLogWorker.java:<init>(172)) - new 82d8c685-2836-4bc6-955f-a4b55a908719-SegmentedRaftLogWorker:Storage Directory /workdir/hadoop-ozone/ozonefs/target/test-dir/MiniOzoneClusterImpl-749d4081-1d77-4e7f-9728-45de1fba6f43/datanode-0/data/ratis/cc4aa079-678b-4e16-95e5-912802ceb302 for RaftStorage:Storage Directory /workdir/hadoop-ozone/ozonefs/target/test-dir/MiniOzoneClusterImpl-749d4081-1d77-4e7f-9728-45de1fba6f43/datanode-0/data/ratis/cc4aa079-678b-4e16-95e5-912802ceb302
2019-09-19 14:38:36,492 [pool-186-thread-1] INFO  server.RaftServerConfigKeys (ConfUtils.java:logGet(43)) - raft.server.log.queue.byte-limit = 2147483647 (custom)
2019-09-19 14:38:36,492 [pool-186-thread-1] INFO  server.RaftServerConfigKeys (ConfUtils.java:logGet(43)) - raft.server.log.queue.element-limit = 1024 (custom)
2019-09-19 14:38:36,492 [pool-186-thread-1] INFO  server.RaftServerConfigKeys (ConfUtils.java:logGet(43)) - raft.server.log.segment.size.max = 1048576 (custom)
2019-09-19 14:38:36,493 [pool-186-thread-1] INFO  server.RaftServerConfigKeys (ConfUtils.java:logGet(43)) - raft.server.log.preallocated.size = 16384 (custom)
2019-09-19 14:38:36,493 [pool-186-thread-1] INFO  server.RaftServerConfigKeys (ConfUtils.java:logGet(43)) - raft.server.log.write.buffer.size = 33554432 (custom)
2019-09-19 14:38:36,493 [pool-186-thread-1] INFO  server.RaftServerConfigKeys (ConfUtils.java:logGet(43)) - raft.server.log.force.sync.num = 128 (default)
2019-09-19 14:38:36,493 [pool-186-thread-1] INFO  server.RaftServerConfigKeys (ConfUtils.java:logGet(43)) - raft.server.log.statemachine.data.sync = true (default)
2019-09-19 14:38:36,493 [pool-186-thread-1] INFO  server.RaftServerConfigKeys (ConfUtils.java:logGet(43)) - raft.server.log.statemachine.data.sync.timeout = 10s (default)
2019-09-19 14:38:36,493 [pool-186-thread-1] INFO  server.RaftServerConfigKeys (ConfUtils.java:logGet(43)) - raft.server.log.statemachine.data.sync.timeout.retry = -1 (default)
2019-09-19 14:38:36,493 [pool-186-thread-1] INFO  server.RaftServerConfigKeys (ConfUtils.java:logGet(43)) - raft.server.log.statemachine.data.caching.enabled = true (custom)
2019-09-19 14:38:36,494 [pool-186-thread-1] INFO  segmented.SegmentedRaftLogWorker (SegmentedRaftLogWorker.java:lambda$new$0(132)) - 82d8c685-2836-4bc6-955f-a4b55a908719-SegmentedRaftLogWorker:Storage Directory /workdir/hadoop-ozone/ozonefs/target/test-dir/MiniOzoneClusterImpl-749d4081-1d77-4e7f-9728-45de1fba6f43/datanode-0/data/ratis/cc4aa079-678b-4e16-95e5-912802ceb302: flushIndex: setUnconditionally 0 -> -1
2019-09-19 14:38:36,494 [pool-186-thread-1] INFO  server.RaftServerConfigKeys (ConfUtils.java:logGet(43)) - raft.server.snapshot.auto.trigger.enabled = true (custom)
2019-09-19 14:38:36,494 [pool-186-thread-1] INFO  server.RaftServerConfigKeys (ConfUtils.java:logGet(43)) - raft.server.snapshot.auto.trigger.threshold = 10000 (custom)
2019-09-19 14:38:36,494 [pool-186-thread-1] INFO  server.RaftServerConfigKeys (ConfUtils.java:logGet(43)) - raft.server.retrycache.expirytime = 600000ms (custom)
2019-09-19 14:38:36,495 [pool-186-thread-1] INFO  impl.RaftServerImpl (RaftServerImpl.java:start(180)) - 82d8c685-2836-4bc6-955f-a4b55a908719: start group-912802CEB302
2019-09-19 14:38:36,495 [pool-186-thread-1] INFO  impl.RaftServerImpl (RaftServerImpl.java:setRole(171)) - 82d8c685-2836-4bc6-955f-a4b55a908719:group-912802CEB302 changes role from null to FOLLOWER at term 0 for startAsFollower
2019-09-19 14:38:36,495 [pool-186-thread-1] INFO  impl.RoleInfo (RoleInfo.java:updateAndGet(143)) - 82d8c685-2836-4bc6-955f-a4b55a908719: start FollowerState
2019-09-19 14:38:36,495 [pool-186-thread-1] INFO  util.JmxRegister (JmxRegister.java:tryRegister(44)) - Successfully registered JMX Bean with object name Ratis:service=RaftServer,group=group-912802CEB302,id=82d8c685-2836-4bc6-955f-a4b55a908719
2019-09-19 14:38:36,498 [RatisPipelineUtilsThread] INFO  pipeline.PipelineStateManager (PipelineStateManager.java:addPipeline(56)) - Created pipeline Pipeline[ Id: cc4aa079-678b-4e16-95e5-912802ceb302, Nodes: 82d8c685-2836-4bc6-955f-a4b55a908719{ip: 192.168.5.132, host: pr-hdds-1569-rzdr8-3403194166, networkLocation: /default-rack, certSerialId: null}, Type:RATIS, Factor:ONE, State:OPEN]
2019-09-19 14:38:36,506 [grpc-default-executor-0] INFO  impl.RaftServerProxy (RaftServerProxy.java:addNew(89)) - c03852e1-215b-45db-b67f-c74ee277280d: addNew group-A777E8507CB9:[c03852e1-215b-45db-b67f-c74ee277280d:192.168.5.132:36799] returns group-A777E8507CB9:java.util.concurrent.CompletableFuture@3f8f5b0d[Not completed]
2019-09-19 14:38:36,507 [pool-197-thread-1] INFO  impl.RaftServerImpl (RaftServerImpl.java:<init>(93)) - c03852e1-215b-45db-b67f-c74ee277280d: new RaftServerImpl for group-A777E8507CB9:[c03852e1-215b-45db-b67f-c74ee277280d:192.168.5.132:36799] with ContainerStateMachine:uninitialized
2019-09-19 14:38:36,508 [pool-197-thread-1] INFO  server.RaftServerConfigKeys (ConfUtils.java:logGet(43)) - raft.server.rpc.timeout.min = 5s (custom)
2019-09-19 14:38:36,508 [pool-197-thread-1] INFO  server.RaftServerConfigKeys (ConfUtils.java:logGet(43)) - raft.server.rpc.timeout.max = 5200ms (custom)
2019-09-19 14:38:36,508 [pool-197-thread-1] INFO  server.RaftServerConfigKeys (ConfUtils.java:logGet(43)) - raft.server.rpcslowness.timeout = 120s (custom)
2019-09-19 14:38:36,508 [pool-197-thread-1] INFO  server.RaftServerConfigKeys (ConfUtils.java:logGet(43)) - raft.server.sleep.deviation.threshold = 300 (default)
2019-09-19 14:38:36,508 [pool-197-thread-1] INFO  server.RaftServerConfigKeys (ConfUtils.java:logGet(43)) - raft.server.log.appender.install.snapshot.enabled = false (custom)
2019-09-19 14:38:36,508 [pool-197-thread-1] INFO  impl.RaftServerImpl (ServerState.java:<init>(105)) - c03852e1-215b-45db-b67f-c74ee277280d:group-A777E8507CB9 ConfigurationManager, init=-1: [c03852e1-215b-45db-b67f-c74ee277280d:192.168.5.132:36799], old=null, confs=<EMPTY_MAP>
2019-09-19 14:38:36,508 [pool-197-thread-1] INFO  server.RaftServerConfigKeys (ConfUtils.java:logGet(43)) - raft.server.storage.dir = [/workdir/hadoop-ozone/ozonefs/target/test-dir/MiniOzoneClusterImpl-749d4081-1d77-4e7f-9728-45de1fba6f43/datanode-1/data/ratis] (custom)
2019-09-19 14:38:36,509 [pool-197-thread-1] INFO  storage.RaftStorageDirectory (RaftStorageDirectory.java:analyzeStorage(246)) - The storage directory /workdir/hadoop-ozone/ozonefs/target/test-dir/MiniOzoneClusterImpl-749d4081-1d77-4e7f-9728-45de1fba6f43/datanode-1/data/ratis/83d00106-daf7-49a9-a1d0-a777e8507cb9 does not exist. Creating ...
2019-09-19 14:38:36,519 [Thread-796] INFO  ozone.MiniOzoneClusterImpl (MiniOzoneClusterImpl.java:lambda$waitForClusterToBeReady$0(142)) - Waiting for cluster to be ready. Got 2 of 3 DN Heartbeats.
2019-09-19 14:38:36,520 [IPC Server handler 2 on 35536] INFO  net.NetworkTopology (NetworkTopologyImpl.java:add(110)) - Added a new node: /default-rack/fec1dd95-6591-47a7-ae1d-7a016c77c9f0
2019-09-19 14:38:36,520 [IPC Server handler 2 on 35536] INFO  node.SCMNodeManager (SCMNodeManager.java:register(273)) - Registered Data node : fec1dd95-6591-47a7-ae1d-7a016c77c9f0{ip: 192.168.5.132, host: pr-hdds-1569-rzdr8-3403194166, networkLocation: /default-rack, certSerialId: null}
2019-09-19 14:38:36,520 | INFO  | SCMAudit | user=jenkins1000 | ip=192.168.5.132 | op=REGISTER {datanodeDetails=fec1dd95-6591-47a7-ae1d-7a016c77c9f0{ip: 192.168.5.132, host: pr-hdds-1569-rzdr8-3403194166, networkLocation: /default-rack, certSerialId: null}} | ret=SUCCESS |  
2019-09-19 14:38:36,532 [pool-197-thread-1] INFO  storage.RaftStorageDirectory (RaftStorageDirectory.java:tryLock(328)) - Lock on /workdir/hadoop-ozone/ozonefs/target/test-dir/MiniOzoneClusterImpl-749d4081-1d77-4e7f-9728-45de1fba6f43/datanode-1/data/ratis/83d00106-daf7-49a9-a1d0-a777e8507cb9/in_use.lock acquired by nodename 25220@pr-hdds-1569-rzdr8-3403194166
2019-09-19 14:38:36,557 [pool-197-thread-1] INFO  storage.RaftStorage (RaftStorage.java:format(72)) - Storage directory /workdir/hadoop-ozone/ozonefs/target/test-dir/MiniOzoneClusterImpl-749d4081-1d77-4e7f-9728-45de1fba6f43/datanode-1/data/ratis/83d00106-daf7-49a9-a1d0-a777e8507cb9 has been successfully formatted.
2019-09-19 14:38:36,558 [pool-197-thread-1] INFO  ratis.ContainerStateMachine (ContainerStateMachine.java:loadSnapshot(226)) - group-A777E8507CB9: The snapshot info is null. Setting the last applied indexto:(t:0, i:~)
2019-09-19 14:38:36,558 [pool-197-thread-1] INFO  server.RaftServerConfigKeys (ConfUtils.java:logGet(43)) - raft.server.leader.election.timeout = 120s (custom)
2019-09-19 14:38:36,558 [pool-197-thread-1] INFO  server.RaftServerConfigKeys (ConfUtils.java:logGet(43)) - raft.server.log.use.memory = false (default)
2019-09-19 14:38:36,558 [pool-197-thread-1] INFO  server.RaftServerConfigKeys (ConfUtils.java:logGet(43)) - raft.server.log.purge.gap = 1000000 (custom)
2019-09-19 14:38:36,558 [pool-197-thread-1] INFO  server.RaftServerConfigKeys (ConfUtils.java:logGet(43)) - raft.server.log.appender.buffer.byte-limit = 33554432 (custom)
2019-09-19 14:38:36,558 [pool-197-thread-1] INFO  server.RaftServerConfigKeys (ConfUtils.java:logGet(43)) - raft.server.log.segment.size.max = 1048576 (custom)
2019-09-19 14:38:36,559 [pool-197-thread-1] INFO  server.RaftServerConfigKeys (ConfUtils.java:logGet(43)) - raft.server.log.segment.cache.num.max = 2 (custom)
2019-09-19 14:38:36,559 [pool-197-thread-1] INFO  segmented.SegmentedRaftLogWorker (SegmentedRaftLogWorker.java:<init>(172)) - new c03852e1-215b-45db-b67f-c74ee277280d-SegmentedRaftLogWorker:Storage Directory /workdir/hadoop-ozone/ozonefs/target/test-dir/MiniOzoneClusterImpl-749d4081-1d77-4e7f-9728-45de1fba6f43/datanode-1/data/ratis/83d00106-daf7-49a9-a1d0-a777e8507cb9 for RaftStorage:Storage Directory /workdir/hadoop-ozone/ozonefs/target/test-dir/MiniOzoneClusterImpl-749d4081-1d77-4e7f-9728-45de1fba6f43/datanode-1/data/ratis/83d00106-daf7-49a9-a1d0-a777e8507cb9
2019-09-19 14:38:36,559 [pool-197-thread-1] INFO  server.RaftServerConfigKeys (ConfUtils.java:logGet(43)) - raft.server.log.queue.byte-limit = 2147483647 (custom)
2019-09-19 14:38:36,559 [pool-197-thread-1] INFO  server.RaftServerConfigKeys (ConfUtils.java:logGet(43)) - raft.server.log.queue.element-limit = 1024 (custom)
2019-09-19 14:38:36,559 [pool-197-thread-1] INFO  server.RaftServerConfigKeys (ConfUtils.java:logGet(43)) - raft.server.log.segment.size.max = 1048576 (custom)
2019-09-19 14:38:36,560 [pool-197-thread-1] INFO  server.RaftServerConfigKeys (ConfUtils.java:logGet(43)) - raft.server.log.preallocated.size = 16384 (custom)
2019-09-19 14:38:36,560 [pool-197-thread-1] INFO  server.RaftServerConfigKeys (ConfUtils.java:logGet(43)) - raft.server.log.write.buffer.size = 33554432 (custom)
2019-09-19 14:38:36,560 [pool-197-thread-1] INFO  server.RaftServerConfigKeys (ConfUtils.java:logGet(43)) - raft.server.log.force.sync.num = 128 (default)
2019-09-19 14:38:36,560 [pool-197-thread-1] INFO  server.RaftServerConfigKeys (ConfUtils.java:logGet(43)) - raft.server.log.statemachine.data.sync = true (default)
2019-09-19 14:38:36,560 [pool-197-thread-1] INFO  server.RaftServerConfigKeys (ConfUtils.java:logGet(43)) - raft.server.log.statemachine.data.sync.timeout = 10s (default)
2019-09-19 14:38:36,560 [pool-197-thread-1] INFO  server.RaftServerConfigKeys (ConfUtils.java:logGet(43)) - raft.server.log.statemachine.data.sync.timeout.retry = -1 (default)
2019-09-19 14:38:36,561 [pool-197-thread-1] INFO  server.RaftServerConfigKeys (ConfUtils.java:logGet(43)) - raft.server.log.statemachine.data.caching.enabled = true (custom)
2019-09-19 14:38:36,561 [pool-197-thread-1] INFO  segmented.SegmentedRaftLogWorker (SegmentedRaftLogWorker.java:lambda$new$0(132)) - c03852e1-215b-45db-b67f-c74ee277280d-SegmentedRaftLogWorker:Storage Directory /workdir/hadoop-ozone/ozonefs/target/test-dir/MiniOzoneClusterImpl-749d4081-1d77-4e7f-9728-45de1fba6f43/datanode-1/data/ratis/83d00106-daf7-49a9-a1d0-a777e8507cb9: flushIndex: setUnconditionally 0 -> -1
2019-09-19 14:38:36,561 [pool-197-thread-1] INFO  server.RaftServerConfigKeys (ConfUtils.java:logGet(43)) - raft.server.snapshot.auto.trigger.enabled = true (custom)
2019-09-19 14:38:36,562 [pool-197-thread-1] INFO  server.RaftServerConfigKeys (ConfUtils.java:logGet(43)) - raft.server.snapshot.auto.trigger.threshold = 10000 (custom)
2019-09-19 14:38:36,562 [pool-197-thread-1] INFO  server.RaftServerConfigKeys (ConfUtils.java:logGet(43)) - raft.server.retrycache.expirytime = 600000ms (custom)
2019-09-19 14:38:36,562 [pool-197-thread-1] INFO  impl.RaftServerImpl (RaftServerImpl.java:start(180)) - c03852e1-215b-45db-b67f-c74ee277280d: start group-A777E8507CB9
2019-09-19 14:38:36,562 [pool-197-thread-1] INFO  impl.RaftServerImpl (RaftServerImpl.java:setRole(171)) - c03852e1-215b-45db-b67f-c74ee277280d:group-A777E8507CB9 changes role from null to FOLLOWER at term 0 for startAsFollower
2019-09-19 14:38:36,562 [pool-197-thread-1] INFO  impl.RoleInfo (RoleInfo.java:updateAndGet(143)) - c03852e1-215b-45db-b67f-c74ee277280d: start FollowerState
2019-09-19 14:38:36,563 [pool-197-thread-1] INFO  util.JmxRegister (JmxRegister.java:tryRegister(44)) - Successfully registered JMX Bean with object name Ratis:service=RaftServer,group=group-A777E8507CB9,id=c03852e1-215b-45db-b67f-c74ee277280d
2019-09-19 14:38:36,566 [RatisPipelineUtilsThread] INFO  pipeline.PipelineStateManager (PipelineStateManager.java:addPipeline(56)) - Created pipeline Pipeline[ Id: 83d00106-daf7-49a9-a1d0-a777e8507cb9, Nodes: c03852e1-215b-45db-b67f-c74ee277280d{ip: 192.168.5.132, host: pr-hdds-1569-rzdr8-3403194166, networkLocation: /default-rack, certSerialId: null}, Type:RATIS, Factor:ONE, State:OPEN]
2019-09-19 14:38:36,572 [grpc-default-executor-0] INFO  impl.RaftServerProxy (RaftServerProxy.java:addNew(89)) - c03852e1-215b-45db-b67f-c74ee277280d: addNew group-71C125C80FAF:[c03852e1-215b-45db-b67f-c74ee277280d:192.168.5.132:36799] returns group-71C125C80FAF:java.util.concurrent.CompletableFuture@75db5c74[Not completed]
2019-09-19 14:38:36,573 [pool-197-thread-1] INFO  impl.RaftServerImpl (RaftServerImpl.java:<init>(93)) - c03852e1-215b-45db-b67f-c74ee277280d: new RaftServerImpl for group-71C125C80FAF:[c03852e1-215b-45db-b67f-c74ee277280d:192.168.5.132:36799] with ContainerStateMachine:uninitialized
2019-09-19 14:38:36,573 [pool-197-thread-1] INFO  server.RaftServerConfigKeys (ConfUtils.java:logGet(43)) - raft.server.rpc.timeout.min = 5s (custom)
2019-09-19 14:38:36,573 [pool-197-thread-1] INFO  server.RaftServerConfigKeys (ConfUtils.java:logGet(43)) - raft.server.rpc.timeout.max = 5200ms (custom)
2019-09-19 14:38:36,573 [pool-197-thread-1] INFO  server.RaftServerConfigKeys (ConfUtils.java:logGet(43)) - raft.server.rpcslowness.timeout = 120s (custom)
2019-09-19 14:38:36,573 [pool-197-thread-1] INFO  server.RaftServerConfigKeys (ConfUtils.java:logGet(43)) - raft.server.sleep.deviation.threshold = 300 (default)
2019-09-19 14:38:36,574 [pool-197-thread-1] INFO  server.RaftServerConfigKeys (ConfUtils.java:logGet(43)) - raft.server.log.appender.install.snapshot.enabled = false (custom)
2019-09-19 14:38:36,574 [pool-197-thread-1] INFO  impl.RaftServerImpl (ServerState.java:<init>(105)) - c03852e1-215b-45db-b67f-c74ee277280d:group-71C125C80FAF ConfigurationManager, init=-1: [c03852e1-215b-45db-b67f-c74ee277280d:192.168.5.132:36799], old=null, confs=<EMPTY_MAP>
2019-09-19 14:38:36,574 [pool-197-thread-1] INFO  server.RaftServerConfigKeys (ConfUtils.java:logGet(43)) - raft.server.storage.dir = [/workdir/hadoop-ozone/ozonefs/target/test-dir/MiniOzoneClusterImpl-749d4081-1d77-4e7f-9728-45de1fba6f43/datanode-1/data/ratis] (custom)
2019-09-19 14:38:36,574 [pool-197-thread-1] INFO  storage.RaftStorageDirectory (RaftStorageDirectory.java:analyzeStorage(246)) - The storage directory /workdir/hadoop-ozone/ozonefs/target/test-dir/MiniOzoneClusterImpl-749d4081-1d77-4e7f-9728-45de1fba6f43/datanode-1/data/ratis/5e2b4b3c-7069-447d-8c36-71c125c80faf does not exist. Creating ...
2019-09-19 14:38:36,599 [pool-197-thread-1] INFO  storage.RaftStorageDirectory (RaftStorageDirectory.java:tryLock(328)) - Lock on /workdir/hadoop-ozone/ozonefs/target/test-dir/MiniOzoneClusterImpl-749d4081-1d77-4e7f-9728-45de1fba6f43/datanode-1/data/ratis/5e2b4b3c-7069-447d-8c36-71c125c80faf/in_use.lock acquired by nodename 25220@pr-hdds-1569-rzdr8-3403194166
2019-09-19 14:38:36,625 [pool-197-thread-1] INFO  storage.RaftStorage (RaftStorage.java:format(72)) - Storage directory /workdir/hadoop-ozone/ozonefs/target/test-dir/MiniOzoneClusterImpl-749d4081-1d77-4e7f-9728-45de1fba6f43/datanode-1/data/ratis/5e2b4b3c-7069-447d-8c36-71c125c80faf has been successfully formatted.
2019-09-19 14:38:36,626 [pool-197-thread-1] INFO  ratis.ContainerStateMachine (ContainerStateMachine.java:loadSnapshot(226)) - group-71C125C80FAF: The snapshot info is null. Setting the last applied indexto:(t:0, i:~)
2019-09-19 14:38:36,626 [pool-197-thread-1] INFO  server.RaftServerConfigKeys (ConfUtils.java:logGet(43)) - raft.server.leader.election.timeout = 120s (custom)
2019-09-19 14:38:36,626 [pool-197-thread-1] INFO  server.RaftServerConfigKeys (ConfUtils.java:logGet(43)) - raft.server.log.use.memory = false (default)
2019-09-19 14:38:36,626 [pool-197-thread-1] INFO  server.RaftServerConfigKeys (ConfUtils.java:logGet(43)) - raft.server.log.purge.gap = 1000000 (custom)
2019-09-19 14:38:36,627 [pool-197-thread-1] INFO  server.RaftServerConfigKeys (ConfUtils.java:logGet(43)) - raft.server.log.appender.buffer.byte-limit = 33554432 (custom)
2019-09-19 14:38:36,627 [pool-197-thread-1] INFO  server.RaftServerConfigKeys (ConfUtils.java:logGet(43)) - raft.server.log.segment.size.max = 1048576 (custom)
2019-09-19 14:38:36,627 [pool-197-thread-1] INFO  server.RaftServerConfigKeys (ConfUtils.java:logGet(43)) - raft.server.log.segment.cache.num.max = 2 (custom)
2019-09-19 14:38:36,627 [pool-197-thread-1] INFO  segmented.SegmentedRaftLogWorker (SegmentedRaftLogWorker.java:<init>(172)) - new c03852e1-215b-45db-b67f-c74ee277280d-SegmentedRaftLogWorker:Storage Directory /workdir/hadoop-ozone/ozonefs/target/test-dir/MiniOzoneClusterImpl-749d4081-1d77-4e7f-9728-45de1fba6f43/datanode-1/data/ratis/5e2b4b3c-7069-447d-8c36-71c125c80faf for RaftStorage:Storage Directory /workdir/hadoop-ozone/ozonefs/target/test-dir/MiniOzoneClusterImpl-749d4081-1d77-4e7f-9728-45de1fba6f43/datanode-1/data/ratis/5e2b4b3c-7069-447d-8c36-71c125c80faf
2019-09-19 14:38:36,628 [pool-197-thread-1] INFO  server.RaftServerConfigKeys (ConfUtils.java:logGet(43)) - raft.server.log.queue.byte-limit = 2147483647 (custom)
2019-09-19 14:38:36,628 [pool-197-thread-1] INFO  server.RaftServerConfigKeys (ConfUtils.java:logGet(43)) - raft.server.log.queue.element-limit = 1024 (custom)
2019-09-19 14:38:36,628 [pool-197-thread-1] INFO  server.RaftServerConfigKeys (ConfUtils.java:logGet(43)) - raft.server.log.segment.size.max = 1048576 (custom)
2019-09-19 14:38:36,628 [pool-197-thread-1] INFO  server.RaftServerConfigKeys (ConfUtils.java:logGet(43)) - raft.server.log.preallocated.size = 16384 (custom)
2019-09-19 14:38:36,628 [pool-197-thread-1] INFO  server.RaftServerConfigKeys (ConfUtils.java:logGet(43)) - raft.server.log.write.buffer.size = 33554432 (custom)
2019-09-19 14:38:36,629 [pool-197-thread-1] INFO  server.RaftServerConfigKeys (ConfUtils.java:logGet(43)) - raft.server.log.force.sync.num = 128 (default)
2019-09-19 14:38:36,629 [pool-197-thread-1] INFO  server.RaftServerConfigKeys (ConfUtils.java:logGet(43)) - raft.server.log.statemachine.data.sync = true (default)
2019-09-19 14:38:36,629 [pool-197-thread-1] INFO  server.RaftServerConfigKeys (ConfUtils.java:logGet(43)) - raft.server.log.statemachine.data.sync.timeout = 10s (default)
2019-09-19 14:38:36,629 [pool-197-thread-1] INFO  server.RaftServerConfigKeys (ConfUtils.java:logGet(43)) - raft.server.log.statemachine.data.sync.timeout.retry = -1 (default)
2019-09-19 14:38:36,630 [pool-197-thread-1] INFO  server.RaftServerConfigKeys (ConfUtils.java:logGet(43)) - raft.server.log.statemachine.data.caching.enabled = true (custom)
2019-09-19 14:38:36,630 [pool-197-thread-1] INFO  segmented.SegmentedRaftLogWorker (SegmentedRaftLogWorker.java:lambda$new$0(132)) - c03852e1-215b-45db-b67f-c74ee277280d-SegmentedRaftLogWorker:Storage Directory /workdir/hadoop-ozone/ozonefs/target/test-dir/MiniOzoneClusterImpl-749d4081-1d77-4e7f-9728-45de1fba6f43/datanode-1/data/ratis/5e2b4b3c-7069-447d-8c36-71c125c80faf: flushIndex: setUnconditionally 0 -> -1
2019-09-19 14:38:36,630 [pool-197-thread-1] INFO  server.RaftServerConfigKeys (ConfUtils.java:logGet(43)) - raft.server.snapshot.auto.trigger.enabled = true (custom)
2019-09-19 14:38:36,631 [pool-197-thread-1] INFO  server.RaftServerConfigKeys (ConfUtils.java:logGet(43)) - raft.server.snapshot.auto.trigger.threshold = 10000 (custom)
2019-09-19 14:38:36,631 [pool-197-thread-1] INFO  server.RaftServerConfigKeys (ConfUtils.java:logGet(43)) - raft.server.retrycache.expirytime = 600000ms (custom)
2019-09-19 14:38:36,631 [pool-197-thread-1] INFO  impl.RaftServerImpl (RaftServerImpl.java:start(180)) - c03852e1-215b-45db-b67f-c74ee277280d: start group-71C125C80FAF
2019-09-19 14:38:36,631 [pool-197-thread-1] INFO  impl.RaftServerImpl (RaftServerImpl.java:setRole(171)) - c03852e1-215b-45db-b67f-c74ee277280d:group-71C125C80FAF changes role from null to FOLLOWER at term 0 for startAsFollower
2019-09-19 14:38:36,632 [pool-197-thread-1] INFO  impl.RoleInfo (RoleInfo.java:updateAndGet(143)) - c03852e1-215b-45db-b67f-c74ee277280d: start FollowerState
2019-09-19 14:38:36,632 [pool-197-thread-1] INFO  util.JmxRegister (JmxRegister.java:tryRegister(44)) - Successfully registered JMX Bean with object name Ratis:service=RaftServer,group=group-71C125C80FAF,id=c03852e1-215b-45db-b67f-c74ee277280d
2019-09-19 14:38:36,637 [RatisPipelineUtilsThread] INFO  pipeline.PipelineStateManager (PipelineStateManager.java:addPipeline(56)) - Created pipeline Pipeline[ Id: 5e2b4b3c-7069-447d-8c36-71c125c80faf, Nodes: c03852e1-215b-45db-b67f-c74ee277280d{ip: 192.168.5.132, host: pr-hdds-1569-rzdr8-3403194166, networkLocation: /default-rack, certSerialId: null}, Type:RATIS, Factor:ONE, State:OPEN]
2019-09-19 14:38:36,643 [grpc-default-executor-0] INFO  impl.RaftServerProxy (RaftServerProxy.java:addNew(89)) - c03852e1-215b-45db-b67f-c74ee277280d: addNew group-F4C879551BB0:[c03852e1-215b-45db-b67f-c74ee277280d:192.168.5.132:36799] returns group-F4C879551BB0:java.util.concurrent.CompletableFuture@67d24dc2[Not completed]
2019-09-19 14:38:36,644 [pool-197-thread-1] INFO  impl.RaftServerImpl (RaftServerImpl.java:<init>(93)) - c03852e1-215b-45db-b67f-c74ee277280d: new RaftServerImpl for group-F4C879551BB0:[c03852e1-215b-45db-b67f-c74ee277280d:192.168.5.132:36799] with ContainerStateMachine:uninitialized
2019-09-19 14:38:36,644 [pool-197-thread-1] INFO  server.RaftServerConfigKeys (ConfUtils.java:logGet(43)) - raft.server.rpc.timeout.min = 5s (custom)
2019-09-19 14:38:36,644 [pool-197-thread-1] INFO  server.RaftServerConfigKeys (ConfUtils.java:logGet(43)) - raft.server.rpc.timeout.max = 5200ms (custom)
2019-09-19 14:38:36,644 [pool-197-thread-1] INFO  server.RaftServerConfigKeys (ConfUtils.java:logGet(43)) - raft.server.rpcslowness.timeout = 120s (custom)
2019-09-19 14:38:36,645 [pool-197-thread-1] INFO  server.RaftServerConfigKeys (ConfUtils.java:logGet(43)) - raft.server.sleep.deviation.threshold = 300 (default)
2019-09-19 14:38:36,645 [pool-197-thread-1] INFO  server.RaftServerConfigKeys (ConfUtils.java:logGet(43)) - raft.server.log.appender.install.snapshot.enabled = false (custom)
2019-09-19 14:38:36,645 [pool-197-thread-1] INFO  impl.RaftServerImpl (ServerState.java:<init>(105)) - c03852e1-215b-45db-b67f-c74ee277280d:group-F4C879551BB0 ConfigurationManager, init=-1: [c03852e1-215b-45db-b67f-c74ee277280d:192.168.5.132:36799], old=null, confs=<EMPTY_MAP>
2019-09-19 14:38:36,645 [pool-197-thread-1] INFO  server.RaftServerConfigKeys (ConfUtils.java:logGet(43)) - raft.server.storage.dir = [/workdir/hadoop-ozone/ozonefs/target/test-dir/MiniOzoneClusterImpl-749d4081-1d77-4e7f-9728-45de1fba6f43/datanode-1/data/ratis] (custom)
2019-09-19 14:38:36,645 [pool-197-thread-1] INFO  storage.RaftStorageDirectory (RaftStorageDirectory.java:analyzeStorage(246)) - The storage directory /workdir/hadoop-ozone/ozonefs/target/test-dir/MiniOzoneClusterImpl-749d4081-1d77-4e7f-9728-45de1fba6f43/datanode-1/data/ratis/4d21750d-5e8c-4a9a-9462-f4c879551bb0 does not exist. Creating ...
2019-09-19 14:38:36,676 [pool-197-thread-1] INFO  storage.RaftStorageDirectory (RaftStorageDirectory.java:tryLock(328)) - Lock on /workdir/hadoop-ozone/ozonefs/target/test-dir/MiniOzoneClusterImpl-749d4081-1d77-4e7f-9728-45de1fba6f43/datanode-1/data/ratis/4d21750d-5e8c-4a9a-9462-f4c879551bb0/in_use.lock acquired by nodename 25220@pr-hdds-1569-rzdr8-3403194166
2019-09-19 14:38:36,702 [pool-197-thread-1] INFO  storage.RaftStorage (RaftStorage.java:format(72)) - Storage directory /workdir/hadoop-ozone/ozonefs/target/test-dir/MiniOzoneClusterImpl-749d4081-1d77-4e7f-9728-45de1fba6f43/datanode-1/data/ratis/4d21750d-5e8c-4a9a-9462-f4c879551bb0 has been successfully formatted.
2019-09-19 14:38:36,702 [pool-197-thread-1] INFO  ratis.ContainerStateMachine (ContainerStateMachine.java:loadSnapshot(226)) - group-F4C879551BB0: The snapshot info is null. Setting the last applied indexto:(t:0, i:~)
2019-09-19 14:38:36,702 [pool-197-thread-1] INFO  server.RaftServerConfigKeys (ConfUtils.java:logGet(43)) - raft.server.leader.election.timeout = 120s (custom)
2019-09-19 14:38:36,702 [pool-197-thread-1] INFO  server.RaftServerConfigKeys (ConfUtils.java:logGet(43)) - raft.server.log.use.memory = false (default)
2019-09-19 14:38:36,702 [pool-197-thread-1] INFO  server.RaftServerConfigKeys (ConfUtils.java:logGet(43)) - raft.server.log.purge.gap = 1000000 (custom)
2019-09-19 14:38:36,702 [pool-197-thread-1] INFO  server.RaftServerConfigKeys (ConfUtils.java:logGet(43)) - raft.server.log.appender.buffer.byte-limit = 33554432 (custom)
2019-09-19 14:38:36,703 [pool-197-thread-1] INFO  server.RaftServerConfigKeys (ConfUtils.java:logGet(43)) - raft.server.log.segment.size.max = 1048576 (custom)
2019-09-19 14:38:36,703 [pool-197-thread-1] INFO  server.RaftServerConfigKeys (ConfUtils.java:logGet(43)) - raft.server.log.segment.cache.num.max = 2 (custom)
2019-09-19 14:38:36,703 [pool-197-thread-1] INFO  segmented.SegmentedRaftLogWorker (SegmentedRaftLogWorker.java:<init>(172)) - new c03852e1-215b-45db-b67f-c74ee277280d-SegmentedRaftLogWorker:Storage Directory /workdir/hadoop-ozone/ozonefs/target/test-dir/MiniOzoneClusterImpl-749d4081-1d77-4e7f-9728-45de1fba6f43/datanode-1/data/ratis/4d21750d-5e8c-4a9a-9462-f4c879551bb0 for RaftStorage:Storage Directory /workdir/hadoop-ozone/ozonefs/target/test-dir/MiniOzoneClusterImpl-749d4081-1d77-4e7f-9728-45de1fba6f43/datanode-1/data/ratis/4d21750d-5e8c-4a9a-9462-f4c879551bb0
2019-09-19 14:38:36,703 [pool-197-thread-1] INFO  server.RaftServerConfigKeys (ConfUtils.java:logGet(43)) - raft.server.log.queue.byte-limit = 2147483647 (custom)
2019-09-19 14:38:36,703 [pool-197-thread-1] INFO  server.RaftServerConfigKeys (ConfUtils.java:logGet(43)) - raft.server.log.queue.element-limit = 1024 (custom)
2019-09-19 14:38:36,703 [pool-197-thread-1] INFO  server.RaftServerConfigKeys (ConfUtils.java:logGet(43)) - raft.server.log.segment.size.max = 1048576 (custom)
2019-09-19 14:38:36,703 [pool-197-thread-1] INFO  server.RaftServerConfigKeys (ConfUtils.java:logGet(43)) - raft.server.log.preallocated.size = 16384 (custom)
2019-09-19 14:38:36,704 [pool-197-thread-1] INFO  server.RaftServerConfigKeys (ConfUtils.java:logGet(43)) - raft.server.log.write.buffer.size = 33554432 (custom)
2019-09-19 14:38:36,704 [pool-197-thread-1] INFO  server.RaftServerConfigKeys (ConfUtils.java:logGet(43)) - raft.server.log.force.sync.num = 128 (default)
2019-09-19 14:38:36,704 [pool-197-thread-1] INFO  server.RaftServerConfigKeys (ConfUtils.java:logGet(43)) - raft.server.log.statemachine.data.sync = true (default)
2019-09-19 14:38:36,704 [pool-197-thread-1] INFO  server.RaftServerConfigKeys (ConfUtils.java:logGet(43)) - raft.server.log.statemachine.data.sync.timeout = 10s (default)
2019-09-19 14:38:36,704 [pool-197-thread-1] INFO  server.RaftServerConfigKeys (ConfUtils.java:logGet(43)) - raft.server.log.statemachine.data.sync.timeout.retry = -1 (default)
2019-09-19 14:38:36,704 [pool-197-thread-1] INFO  server.RaftServerConfigKeys (ConfUtils.java:logGet(43)) - raft.server.log.statemachine.data.caching.enabled = true (custom)
2019-09-19 14:38:36,705 [pool-197-thread-1] INFO  segmented.SegmentedRaftLogWorker (SegmentedRaftLogWorker.java:lambda$new$0(132)) - c03852e1-215b-45db-b67f-c74ee277280d-SegmentedRaftLogWorker:Storage Directory /workdir/hadoop-ozone/ozonefs/target/test-dir/MiniOzoneClusterImpl-749d4081-1d77-4e7f-9728-45de1fba6f43/datanode-1/data/ratis/4d21750d-5e8c-4a9a-9462-f4c879551bb0: flushIndex: setUnconditionally 0 -> -1
2019-09-19 14:38:36,705 [pool-197-thread-1] INFO  server.RaftServerConfigKeys (ConfUtils.java:logGet(43)) - raft.server.snapshot.auto.trigger.enabled = true (custom)
2019-09-19 14:38:36,705 [pool-197-thread-1] INFO  server.RaftServerConfigKeys (ConfUtils.java:logGet(43)) - raft.server.snapshot.auto.trigger.threshold = 10000 (custom)
2019-09-19 14:38:36,705 [pool-197-thread-1] INFO  server.RaftServerConfigKeys (ConfUtils.java:logGet(43)) - raft.server.retrycache.expirytime = 600000ms (custom)
2019-09-19 14:38:36,705 [pool-197-thread-1] INFO  impl.RaftServerImpl (RaftServerImpl.java:start(180)) - c03852e1-215b-45db-b67f-c74ee277280d: start group-F4C879551BB0
2019-09-19 14:38:36,706 [pool-197-thread-1] INFO  impl.RaftServerImpl (RaftServerImpl.java:setRole(171)) - c03852e1-215b-45db-b67f-c74ee277280d:group-F4C879551BB0 changes role from null to FOLLOWER at term 0 for startAsFollower
2019-09-19 14:38:36,706 [pool-197-thread-1] INFO  impl.RoleInfo (RoleInfo.java:updateAndGet(143)) - c03852e1-215b-45db-b67f-c74ee277280d: start FollowerState
2019-09-19 14:38:36,706 [pool-197-thread-1] INFO  util.JmxRegister (JmxRegister.java:tryRegister(44)) - Successfully registered JMX Bean with object name Ratis:service=RaftServer,group=group-F4C879551BB0,id=c03852e1-215b-45db-b67f-c74ee277280d
2019-09-19 14:38:36,709 [RatisPipelineUtilsThread] INFO  pipeline.PipelineStateManager (PipelineStateManager.java:addPipeline(56)) - Created pipeline Pipeline[ Id: 4d21750d-5e8c-4a9a-9462-f4c879551bb0, Nodes: c03852e1-215b-45db-b67f-c74ee277280d{ip: 192.168.5.132, host: pr-hdds-1569-rzdr8-3403194166, networkLocation: /default-rack, certSerialId: null}, Type:RATIS, Factor:ONE, State:OPEN]
2019-09-19 14:38:36,715 [grpc-default-executor-0] INFO  impl.RaftServerProxy (RaftServerProxy.java:addNew(89)) - 82d8c685-2836-4bc6-955f-a4b55a908719: addNew group-311BFC3668BD:[82d8c685-2836-4bc6-955f-a4b55a908719:192.168.5.132:41613] returns group-311BFC3668BD:java.util.concurrent.CompletableFuture@3ed94ac4[Not completed]
2019-09-19 14:38:36,716 [pool-186-thread-1] INFO  impl.RaftServerImpl (RaftServerImpl.java:<init>(93)) - 82d8c685-2836-4bc6-955f-a4b55a908719: new RaftServerImpl for group-311BFC3668BD:[82d8c685-2836-4bc6-955f-a4b55a908719:192.168.5.132:41613] with ContainerStateMachine:uninitialized
2019-09-19 14:38:36,717 [pool-186-thread-1] INFO  server.RaftServerConfigKeys (ConfUtils.java:logGet(43)) - raft.server.rpc.timeout.min = 5s (custom)
2019-09-19 14:38:36,717 [pool-186-thread-1] INFO  server.RaftServerConfigKeys (ConfUtils.java:logGet(43)) - raft.server.rpc.timeout.max = 5200ms (custom)
2019-09-19 14:38:36,717 [pool-186-thread-1] INFO  server.RaftServerConfigKeys (ConfUtils.java:logGet(43)) - raft.server.rpcslowness.timeout = 120s (custom)
2019-09-19 14:38:36,717 [pool-186-thread-1] INFO  server.RaftServerConfigKeys (ConfUtils.java:logGet(43)) - raft.server.sleep.deviation.threshold = 300 (default)
2019-09-19 14:38:36,717 [pool-186-thread-1] INFO  server.RaftServerConfigKeys (ConfUtils.java:logGet(43)) - raft.server.log.appender.install.snapshot.enabled = false (custom)
2019-09-19 14:38:36,717 [pool-186-thread-1] INFO  impl.RaftServerImpl (ServerState.java:<init>(105)) - 82d8c685-2836-4bc6-955f-a4b55a908719:group-311BFC3668BD ConfigurationManager, init=-1: [82d8c685-2836-4bc6-955f-a4b55a908719:192.168.5.132:41613], old=null, confs=<EMPTY_MAP>
2019-09-19 14:38:36,717 [pool-186-thread-1] INFO  server.RaftServerConfigKeys (ConfUtils.java:logGet(43)) - raft.server.storage.dir = [/workdir/hadoop-ozone/ozonefs/target/test-dir/MiniOzoneClusterImpl-749d4081-1d77-4e7f-9728-45de1fba6f43/datanode-0/data/ratis] (custom)
2019-09-19 14:38:36,718 [pool-186-thread-1] INFO  storage.RaftStorageDirectory (RaftStorageDirectory.java:analyzeStorage(246)) - The storage directory /workdir/hadoop-ozone/ozonefs/target/test-dir/MiniOzoneClusterImpl-749d4081-1d77-4e7f-9728-45de1fba6f43/datanode-0/data/ratis/536d9c5e-1f34-4359-ba27-311bfc3668bd does not exist. Creating ...
2019-09-19 14:38:36,744 [pool-186-thread-1] INFO  storage.RaftStorageDirectory (RaftStorageDirectory.java:tryLock(328)) - Lock on /workdir/hadoop-ozone/ozonefs/target/test-dir/MiniOzoneClusterImpl-749d4081-1d77-4e7f-9728-45de1fba6f43/datanode-0/data/ratis/536d9c5e-1f34-4359-ba27-311bfc3668bd/in_use.lock acquired by nodename 25220@pr-hdds-1569-rzdr8-3403194166
2019-09-19 14:38:36,769 [pool-186-thread-1] INFO  storage.RaftStorage (RaftStorage.java:format(72)) - Storage directory /workdir/hadoop-ozone/ozonefs/target/test-dir/MiniOzoneClusterImpl-749d4081-1d77-4e7f-9728-45de1fba6f43/datanode-0/data/ratis/536d9c5e-1f34-4359-ba27-311bfc3668bd has been successfully formatted.
2019-09-19 14:38:36,769 [pool-186-thread-1] INFO  ratis.ContainerStateMachine (ContainerStateMachine.java:loadSnapshot(226)) - group-311BFC3668BD: The snapshot info is null. Setting the last applied indexto:(t:0, i:~)
2019-09-19 14:38:36,769 [pool-186-thread-1] INFO  server.RaftServerConfigKeys (ConfUtils.java:logGet(43)) - raft.server.leader.election.timeout = 120s (custom)
2019-09-19 14:38:36,770 [pool-186-thread-1] INFO  server.RaftServerConfigKeys (ConfUtils.java:logGet(43)) - raft.server.log.use.memory = false (default)
2019-09-19 14:38:36,770 [pool-186-thread-1] INFO  server.RaftServerConfigKeys (ConfUtils.java:logGet(43)) - raft.server.log.purge.gap = 1000000 (custom)
2019-09-19 14:38:36,770 [pool-186-thread-1] INFO  server.RaftServerConfigKeys (ConfUtils.java:logGet(43)) - raft.server.log.appender.buffer.byte-limit = 33554432 (custom)
2019-09-19 14:38:36,770 [pool-186-thread-1] INFO  server.RaftServerConfigKeys (ConfUtils.java:logGet(43)) - raft.server.log.segment.size.max = 1048576 (custom)
2019-09-19 14:38:36,770 [pool-186-thread-1] INFO  server.RaftServerConfigKeys (ConfUtils.java:logGet(43)) - raft.server.log.segment.cache.num.max = 2 (custom)
2019-09-19 14:38:36,770 [pool-186-thread-1] INFO  segmented.SegmentedRaftLogWorker (SegmentedRaftLogWorker.java:<init>(172)) - new 82d8c685-2836-4bc6-955f-a4b55a908719-SegmentedRaftLogWorker:Storage Directory /workdir/hadoop-ozone/ozonefs/target/test-dir/MiniOzoneClusterImpl-749d4081-1d77-4e7f-9728-45de1fba6f43/datanode-0/data/ratis/536d9c5e-1f34-4359-ba27-311bfc3668bd for RaftStorage:Storage Directory /workdir/hadoop-ozone/ozonefs/target/test-dir/MiniOzoneClusterImpl-749d4081-1d77-4e7f-9728-45de1fba6f43/datanode-0/data/ratis/536d9c5e-1f34-4359-ba27-311bfc3668bd
2019-09-19 14:38:36,770 [pool-186-thread-1] INFO  server.RaftServerConfigKeys (ConfUtils.java:logGet(43)) - raft.server.log.queue.byte-limit = 2147483647 (custom)
2019-09-19 14:38:36,770 [pool-186-thread-1] INFO  server.RaftServerConfigKeys (ConfUtils.java:logGet(43)) - raft.server.log.queue.element-limit = 1024 (custom)
2019-09-19 14:38:36,770 [pool-186-thread-1] INFO  server.RaftServerConfigKeys (ConfUtils.java:logGet(43)) - raft.server.log.segment.size.max = 1048576 (custom)
2019-09-19 14:38:36,771 [pool-186-thread-1] INFO  server.RaftServerConfigKeys (ConfUtils.java:logGet(43)) - raft.server.log.preallocated.size = 16384 (custom)
2019-09-19 14:38:36,771 [pool-186-thread-1] INFO  server.RaftServerConfigKeys (ConfUtils.java:logGet(43)) - raft.server.log.write.buffer.size = 33554432 (custom)
2019-09-19 14:38:36,771 [pool-186-thread-1] INFO  server.RaftServerConfigKeys (ConfUtils.java:logGet(43)) - raft.server.log.force.sync.num = 128 (default)
2019-09-19 14:38:36,771 [pool-186-thread-1] INFO  server.RaftServerConfigKeys (ConfUtils.java:logGet(43)) - raft.server.log.statemachine.data.sync = true (default)
2019-09-19 14:38:36,771 [pool-186-thread-1] INFO  server.RaftServerConfigKeys (ConfUtils.java:logGet(43)) - raft.server.log.statemachine.data.sync.timeout = 10s (default)
2019-09-19 14:38:36,771 [pool-186-thread-1] INFO  server.RaftServerConfigKeys (ConfUtils.java:logGet(43)) - raft.server.log.statemachine.data.sync.timeout.retry = -1 (default)
2019-09-19 14:38:36,771 [pool-186-thread-1] INFO  server.RaftServerConfigKeys (ConfUtils.java:logGet(43)) - raft.server.log.statemachine.data.caching.enabled = true (custom)
2019-09-19 14:38:36,771 [pool-186-thread-1] INFO  segmented.SegmentedRaftLogWorker (SegmentedRaftLogWorker.java:lambda$new$0(132)) - 82d8c685-2836-4bc6-955f-a4b55a908719-SegmentedRaftLogWorker:Storage Directory /workdir/hadoop-ozone/ozonefs/target/test-dir/MiniOzoneClusterImpl-749d4081-1d77-4e7f-9728-45de1fba6f43/datanode-0/data/ratis/536d9c5e-1f34-4359-ba27-311bfc3668bd: flushIndex: setUnconditionally 0 -> -1
2019-09-19 14:38:36,772 [pool-186-thread-1] INFO  server.RaftServerConfigKeys (ConfUtils.java:logGet(43)) - raft.server.snapshot.auto.trigger.enabled = true (custom)
2019-09-19 14:38:36,772 [pool-186-thread-1] INFO  server.RaftServerConfigKeys (ConfUtils.java:logGet(43)) - raft.server.snapshot.auto.trigger.threshold = 10000 (custom)
2019-09-19 14:38:36,772 [pool-186-thread-1] INFO  server.RaftServerConfigKeys (ConfUtils.java:logGet(43)) - raft.server.retrycache.expirytime = 600000ms (custom)
2019-09-19 14:38:36,772 [pool-186-thread-1] INFO  impl.RaftServerImpl (RaftServerImpl.java:start(180)) - 82d8c685-2836-4bc6-955f-a4b55a908719: start group-311BFC3668BD
2019-09-19 14:38:36,772 [pool-186-thread-1] INFO  impl.RaftServerImpl (RaftServerImpl.java:setRole(171)) - 82d8c685-2836-4bc6-955f-a4b55a908719:group-311BFC3668BD changes role from null to FOLLOWER at term 0 for startAsFollower
2019-09-19 14:38:36,772 [pool-186-thread-1] INFO  impl.RoleInfo (RoleInfo.java:updateAndGet(143)) - 82d8c685-2836-4bc6-955f-a4b55a908719: start FollowerState
2019-09-19 14:38:36,773 [pool-186-thread-1] INFO  util.JmxRegister (JmxRegister.java:tryRegister(44)) - Successfully registered JMX Bean with object name Ratis:service=RaftServer,group=group-311BFC3668BD,id=82d8c685-2836-4bc6-955f-a4b55a908719
2019-09-19 14:38:36,777 [RatisPipelineUtilsThread] INFO  pipeline.PipelineStateManager (PipelineStateManager.java:addPipeline(56)) - Created pipeline Pipeline[ Id: 536d9c5e-1f34-4359-ba27-311bfc3668bd, Nodes: 82d8c685-2836-4bc6-955f-a4b55a908719{ip: 192.168.5.132, host: pr-hdds-1569-rzdr8-3403194166, networkLocation: /default-rack, certSerialId: null}, Type:RATIS, Factor:ONE, State:OPEN]
2019-09-19 14:38:36,777 [RatisPipelineUtilsThread] ERROR pipeline.PipelinePlacementPolicy (PipelinePlacementPolicy.java:meetCriteria(91)) - Pipeline Placement: Doesn't meet the criteria to be viable node. Heaviness: 6
2019-09-19 14:38:36,785 [grpc-default-executor-0] INFO  impl.RaftServerProxy (RaftServerProxy.java:addNew(89)) - c03852e1-215b-45db-b67f-c74ee277280d: addNew group-C37D95BE5B54:[c03852e1-215b-45db-b67f-c74ee277280d:192.168.5.132:36799] returns group-C37D95BE5B54:java.util.concurrent.CompletableFuture@689e8f13[Not completed]
2019-09-19 14:38:36,787 [pool-197-thread-1] INFO  impl.RaftServerImpl (RaftServerImpl.java:<init>(93)) - c03852e1-215b-45db-b67f-c74ee277280d: new RaftServerImpl for group-C37D95BE5B54:[c03852e1-215b-45db-b67f-c74ee277280d:192.168.5.132:36799] with ContainerStateMachine:uninitialized
2019-09-19 14:38:36,787 [pool-197-thread-1] INFO  server.RaftServerConfigKeys (ConfUtils.java:logGet(43)) - raft.server.rpc.timeout.min = 5s (custom)
2019-09-19 14:38:36,787 [pool-197-thread-1] INFO  server.RaftServerConfigKeys (ConfUtils.java:logGet(43)) - raft.server.rpc.timeout.max = 5200ms (custom)
2019-09-19 14:38:36,787 [pool-197-thread-1] INFO  server.RaftServerConfigKeys (ConfUtils.java:logGet(43)) - raft.server.rpcslowness.timeout = 120s (custom)
2019-09-19 14:38:36,787 [pool-197-thread-1] INFO  server.RaftServerConfigKeys (ConfUtils.java:logGet(43)) - raft.server.sleep.deviation.threshold = 300 (default)
2019-09-19 14:38:36,788 [pool-197-thread-1] INFO  server.RaftServerConfigKeys (ConfUtils.java:logGet(43)) - raft.server.log.appender.install.snapshot.enabled = false (custom)
2019-09-19 14:38:36,788 [pool-197-thread-1] INFO  impl.RaftServerImpl (ServerState.java:<init>(105)) - c03852e1-215b-45db-b67f-c74ee277280d:group-C37D95BE5B54 ConfigurationManager, init=-1: [c03852e1-215b-45db-b67f-c74ee277280d:192.168.5.132:36799], old=null, confs=<EMPTY_MAP>
2019-09-19 14:38:36,788 [pool-197-thread-1] INFO  server.RaftServerConfigKeys (ConfUtils.java:logGet(43)) - raft.server.storage.dir = [/workdir/hadoop-ozone/ozonefs/target/test-dir/MiniOzoneClusterImpl-749d4081-1d77-4e7f-9728-45de1fba6f43/datanode-1/data/ratis] (custom)
2019-09-19 14:38:36,789 [pool-197-thread-1] INFO  storage.RaftStorageDirectory (RaftStorageDirectory.java:analyzeStorage(246)) - The storage directory /workdir/hadoop-ozone/ozonefs/target/test-dir/MiniOzoneClusterImpl-749d4081-1d77-4e7f-9728-45de1fba6f43/datanode-1/data/ratis/e9e71c6b-6110-48ea-bb75-c37d95be5b54 does not exist. Creating ...
2019-09-19 14:38:36,811 [pool-197-thread-1] INFO  storage.RaftStorageDirectory (RaftStorageDirectory.java:tryLock(328)) - Lock on /workdir/hadoop-ozone/ozonefs/target/test-dir/MiniOzoneClusterImpl-749d4081-1d77-4e7f-9728-45de1fba6f43/datanode-1/data/ratis/e9e71c6b-6110-48ea-bb75-c37d95be5b54/in_use.lock acquired by nodename 25220@pr-hdds-1569-rzdr8-3403194166
2019-09-19 14:38:36,836 [pool-197-thread-1] INFO  storage.RaftStorage (RaftStorage.java:format(72)) - Storage directory /workdir/hadoop-ozone/ozonefs/target/test-dir/MiniOzoneClusterImpl-749d4081-1d77-4e7f-9728-45de1fba6f43/datanode-1/data/ratis/e9e71c6b-6110-48ea-bb75-c37d95be5b54 has been successfully formatted.
2019-09-19 14:38:36,837 [pool-197-thread-1] INFO  ratis.ContainerStateMachine (ContainerStateMachine.java:loadSnapshot(226)) - group-C37D95BE5B54: The snapshot info is null. Setting the last applied indexto:(t:0, i:~)
2019-09-19 14:38:36,837 [pool-197-thread-1] INFO  server.RaftServerConfigKeys (ConfUtils.java:logGet(43)) - raft.server.leader.election.timeout = 120s (custom)
2019-09-19 14:38:36,837 [pool-197-thread-1] INFO  server.RaftServerConfigKeys (ConfUtils.java:logGet(43)) - raft.server.log.use.memory = false (default)
2019-09-19 14:38:36,838 [pool-197-thread-1] INFO  server.RaftServerConfigKeys (ConfUtils.java:logGet(43)) - raft.server.log.purge.gap = 1000000 (custom)
2019-09-19 14:38:36,838 [pool-197-thread-1] INFO  server.RaftServerConfigKeys (ConfUtils.java:logGet(43)) - raft.server.log.appender.buffer.byte-limit = 33554432 (custom)
2019-09-19 14:38:36,838 [pool-197-thread-1] INFO  server.RaftServerConfigKeys (ConfUtils.java:logGet(43)) - raft.server.log.segment.size.max = 1048576 (custom)
2019-09-19 14:38:36,838 [pool-197-thread-1] INFO  server.RaftServerConfigKeys (ConfUtils.java:logGet(43)) - raft.server.log.segment.cache.num.max = 2 (custom)
2019-09-19 14:38:36,839 [pool-197-thread-1] INFO  segmented.SegmentedRaftLogWorker (SegmentedRaftLogWorker.java:<init>(172)) - new c03852e1-215b-45db-b67f-c74ee277280d-SegmentedRaftLogWorker:Storage Directory /workdir/hadoop-ozone/ozonefs/target/test-dir/MiniOzoneClusterImpl-749d4081-1d77-4e7f-9728-45de1fba6f43/datanode-1/data/ratis/e9e71c6b-6110-48ea-bb75-c37d95be5b54 for RaftStorage:Storage Directory /workdir/hadoop-ozone/ozonefs/target/test-dir/MiniOzoneClusterImpl-749d4081-1d77-4e7f-9728-45de1fba6f43/datanode-1/data/ratis/e9e71c6b-6110-48ea-bb75-c37d95be5b54
2019-09-19 14:38:36,839 [pool-197-thread-1] INFO  server.RaftServerConfigKeys (ConfUtils.java:logGet(43)) - raft.server.log.queue.byte-limit = 2147483647 (custom)
2019-09-19 14:38:36,839 [pool-197-thread-1] INFO  server.RaftServerConfigKeys (ConfUtils.java:logGet(43)) - raft.server.log.queue.element-limit = 1024 (custom)
2019-09-19 14:38:36,839 [pool-197-thread-1] INFO  server.RaftServerConfigKeys (ConfUtils.java:logGet(43)) - raft.server.log.segment.size.max = 1048576 (custom)
2019-09-19 14:38:36,839 [pool-197-thread-1] INFO  server.RaftServerConfigKeys (ConfUtils.java:logGet(43)) - raft.server.log.preallocated.size = 16384 (custom)
2019-09-19 14:38:36,840 [pool-197-thread-1] INFO  server.RaftServerConfigKeys (ConfUtils.java:logGet(43)) - raft.server.log.write.buffer.size = 33554432 (custom)
2019-09-19 14:38:36,840 [pool-197-thread-1] INFO  server.RaftServerConfigKeys (ConfUtils.java:logGet(43)) - raft.server.log.force.sync.num = 128 (default)
2019-09-19 14:38:36,840 [pool-197-thread-1] INFO  server.RaftServerConfigKeys (ConfUtils.java:logGet(43)) - raft.server.log.statemachine.data.sync = true (default)
2019-09-19 14:38:36,840 [pool-197-thread-1] INFO  server.RaftServerConfigKeys (ConfUtils.java:logGet(43)) - raft.server.log.statemachine.data.sync.timeout = 10s (default)
2019-09-19 14:38:36,841 [pool-197-thread-1] INFO  server.RaftServerConfigKeys (ConfUtils.java:logGet(43)) - raft.server.log.statemachine.data.sync.timeout.retry = -1 (default)
2019-09-19 14:38:36,841 [pool-197-thread-1] INFO  server.RaftServerConfigKeys (ConfUtils.java:logGet(43)) - raft.server.log.statemachine.data.caching.enabled = true (custom)
2019-09-19 14:38:36,841 [pool-197-thread-1] INFO  segmented.SegmentedRaftLogWorker (SegmentedRaftLogWorker.java:lambda$new$0(132)) - c03852e1-215b-45db-b67f-c74ee277280d-SegmentedRaftLogWorker:Storage Directory /workdir/hadoop-ozone/ozonefs/target/test-dir/MiniOzoneClusterImpl-749d4081-1d77-4e7f-9728-45de1fba6f43/datanode-1/data/ratis/e9e71c6b-6110-48ea-bb75-c37d95be5b54: flushIndex: setUnconditionally 0 -> -1
2019-09-19 14:38:36,842 [pool-197-thread-1] INFO  server.RaftServerConfigKeys (ConfUtils.java:logGet(43)) - raft.server.snapshot.auto.trigger.enabled = true (custom)
2019-09-19 14:38:36,842 [pool-197-thread-1] INFO  server.RaftServerConfigKeys (ConfUtils.java:logGet(43)) - raft.server.snapshot.auto.trigger.threshold = 10000 (custom)
2019-09-19 14:38:36,842 [pool-197-thread-1] INFO  server.RaftServerConfigKeys (ConfUtils.java:logGet(43)) - raft.server.retrycache.expirytime = 600000ms (custom)
2019-09-19 14:38:36,843 [pool-197-thread-1] INFO  impl.RaftServerImpl (RaftServerImpl.java:start(180)) - c03852e1-215b-45db-b67f-c74ee277280d: start group-C37D95BE5B54
2019-09-19 14:38:36,843 [pool-197-thread-1] INFO  impl.RaftServerImpl (RaftServerImpl.java:setRole(171)) - c03852e1-215b-45db-b67f-c74ee277280d:group-C37D95BE5B54 changes role from null to FOLLOWER at term 0 for startAsFollower
2019-09-19 14:38:36,843 [pool-197-thread-1] INFO  impl.RoleInfo (RoleInfo.java:updateAndGet(143)) - c03852e1-215b-45db-b67f-c74ee277280d: start FollowerState
2019-09-19 14:38:36,844 [pool-197-thread-1] INFO  util.JmxRegister (JmxRegister.java:tryRegister(44)) - Successfully registered JMX Bean with object name Ratis:service=RaftServer,group=group-C37D95BE5B54,id=c03852e1-215b-45db-b67f-c74ee277280d
2019-09-19 14:38:36,848 [RatisPipelineUtilsThread] INFO  pipeline.PipelineStateManager (PipelineStateManager.java:addPipeline(56)) - Created pipeline Pipeline[ Id: e9e71c6b-6110-48ea-bb75-c37d95be5b54, Nodes: c03852e1-215b-45db-b67f-c74ee277280d{ip: 192.168.5.132, host: pr-hdds-1569-rzdr8-3403194166, networkLocation: /default-rack, certSerialId: null}, Type:RATIS, Factor:ONE, State:OPEN]
2019-09-19 14:38:36,849 [RatisPipelineUtilsThread] ERROR pipeline.PipelinePlacementPolicy (PipelinePlacementPolicy.java:meetCriteria(91)) - Pipeline Placement: Doesn't meet the criteria to be viable node. Heaviness: 6
2019-09-19 14:38:36,857 [grpc-default-executor-0] INFO  impl.RaftServerProxy (RaftServerProxy.java:addNew(89)) - fec1dd95-6591-47a7-ae1d-7a016c77c9f0: addNew group-8256A6734747:[fec1dd95-6591-47a7-ae1d-7a016c77c9f0:192.168.5.132:37510] returns group-8256A6734747:java.util.concurrent.CompletableFuture@5fb5039b[Not completed]
2019-09-19 14:38:36,859 [pool-208-thread-1] INFO  impl.RaftServerImpl (RaftServerImpl.java:<init>(93)) - fec1dd95-6591-47a7-ae1d-7a016c77c9f0: new RaftServerImpl for group-8256A6734747:[fec1dd95-6591-47a7-ae1d-7a016c77c9f0:192.168.5.132:37510] with ContainerStateMachine:uninitialized
2019-09-19 14:38:36,859 [pool-208-thread-1] INFO  server.RaftServerConfigKeys (ConfUtils.java:logGet(43)) - raft.server.rpc.timeout.min = 5s (custom)
2019-09-19 14:38:36,859 [pool-208-thread-1] INFO  server.RaftServerConfigKeys (ConfUtils.java:logGet(43)) - raft.server.rpc.timeout.max = 5200ms (custom)
2019-09-19 14:38:36,859 [pool-208-thread-1] INFO  server.RaftServerConfigKeys (ConfUtils.java:logGet(43)) - raft.server.rpcslowness.timeout = 120s (custom)
2019-09-19 14:38:36,859 [pool-208-thread-1] INFO  server.RaftServerConfigKeys (ConfUtils.java:logGet(43)) - raft.server.sleep.deviation.threshold = 300 (default)
2019-09-19 14:38:36,860 [pool-208-thread-1] INFO  server.RaftServerConfigKeys (ConfUtils.java:logGet(43)) - raft.server.log.appender.install.snapshot.enabled = false (custom)
2019-09-19 14:38:36,860 [pool-208-thread-1] INFO  impl.RaftServerImpl (ServerState.java:<init>(105)) - fec1dd95-6591-47a7-ae1d-7a016c77c9f0:group-8256A6734747 ConfigurationManager, init=-1: [fec1dd95-6591-47a7-ae1d-7a016c77c9f0:192.168.5.132:37510], old=null, confs=<EMPTY_MAP>
2019-09-19 14:38:36,860 [pool-208-thread-1] INFO  server.RaftServerConfigKeys (ConfUtils.java:logGet(43)) - raft.server.storage.dir = [/workdir/hadoop-ozone/ozonefs/target/test-dir/MiniOzoneClusterImpl-749d4081-1d77-4e7f-9728-45de1fba6f43/datanode-2/data/ratis] (custom)
2019-09-19 14:38:36,860 [pool-208-thread-1] INFO  storage.RaftStorageDirectory (RaftStorageDirectory.java:analyzeStorage(246)) - The storage directory /workdir/hadoop-ozone/ozonefs/target/test-dir/MiniOzoneClusterImpl-749d4081-1d77-4e7f-9728-45de1fba6f43/datanode-2/data/ratis/2401ed2c-242c-424a-99db-8256a6734747 does not exist. Creating ...
2019-09-19 14:38:36,887 [pool-208-thread-1] INFO  storage.RaftStorageDirectory (RaftStorageDirectory.java:tryLock(328)) - Lock on /workdir/hadoop-ozone/ozonefs/target/test-dir/MiniOzoneClusterImpl-749d4081-1d77-4e7f-9728-45de1fba6f43/datanode-2/data/ratis/2401ed2c-242c-424a-99db-8256a6734747/in_use.lock acquired by nodename 25220@pr-hdds-1569-rzdr8-3403194166
2019-09-19 14:38:36,912 [pool-208-thread-1] INFO  storage.RaftStorage (RaftStorage.java:format(72)) - Storage directory /workdir/hadoop-ozone/ozonefs/target/test-dir/MiniOzoneClusterImpl-749d4081-1d77-4e7f-9728-45de1fba6f43/datanode-2/data/ratis/2401ed2c-242c-424a-99db-8256a6734747 has been successfully formatted.
2019-09-19 14:38:36,913 [pool-208-thread-1] INFO  ratis.ContainerStateMachine (ContainerStateMachine.java:loadSnapshot(226)) - group-8256A6734747: The snapshot info is null. Setting the last applied indexto:(t:0, i:~)
2019-09-19 14:38:36,913 [pool-208-thread-1] INFO  server.RaftServerConfigKeys (ConfUtils.java:logGet(43)) - raft.server.leader.election.timeout = 120s (custom)
2019-09-19 14:38:36,913 [pool-208-thread-1] INFO  server.RaftServerConfigKeys (ConfUtils.java:logGet(43)) - raft.server.log.use.memory = false (default)
2019-09-19 14:38:36,913 [pool-208-thread-1] INFO  server.RaftServerConfigKeys (ConfUtils.java:logGet(43)) - raft.server.log.purge.gap = 1000000 (custom)
2019-09-19 14:38:36,913 [pool-208-thread-1] INFO  server.RaftServerConfigKeys (ConfUtils.java:logGet(43)) - raft.server.log.appender.buffer.byte-limit = 33554432 (custom)
2019-09-19 14:38:36,914 [pool-208-thread-1] INFO  server.RaftServerConfigKeys (ConfUtils.java:logGet(43)) - raft.server.log.segment.size.max = 1048576 (custom)
2019-09-19 14:38:36,914 [pool-208-thread-1] INFO  server.RaftServerConfigKeys (ConfUtils.java:logGet(43)) - raft.server.log.segment.cache.num.max = 2 (custom)
2019-09-19 14:38:36,914 [pool-208-thread-1] INFO  segmented.SegmentedRaftLogWorker (SegmentedRaftLogWorker.java:<init>(172)) - new fec1dd95-6591-47a7-ae1d-7a016c77c9f0-SegmentedRaftLogWorker:Storage Directory /workdir/hadoop-ozone/ozonefs/target/test-dir/MiniOzoneClusterImpl-749d4081-1d77-4e7f-9728-45de1fba6f43/datanode-2/data/ratis/2401ed2c-242c-424a-99db-8256a6734747 for RaftStorage:Storage Directory /workdir/hadoop-ozone/ozonefs/target/test-dir/MiniOzoneClusterImpl-749d4081-1d77-4e7f-9728-45de1fba6f43/datanode-2/data/ratis/2401ed2c-242c-424a-99db-8256a6734747
2019-09-19 14:38:36,914 [pool-208-thread-1] INFO  server.RaftServerConfigKeys (ConfUtils.java:logGet(43)) - raft.server.log.queue.byte-limit = 2147483647 (custom)
2019-09-19 14:38:36,914 [pool-208-thread-1] INFO  server.RaftServerConfigKeys (ConfUtils.java:logGet(43)) - raft.server.log.queue.element-limit = 1024 (custom)
2019-09-19 14:38:36,915 [pool-208-thread-1] INFO  server.RaftServerConfigKeys (ConfUtils.java:logGet(43)) - raft.server.log.segment.size.max = 1048576 (custom)
2019-09-19 14:38:36,915 [pool-208-thread-1] INFO  server.RaftServerConfigKeys (ConfUtils.java:logGet(43)) - raft.server.log.preallocated.size = 16384 (custom)
2019-09-19 14:38:36,915 [pool-208-thread-1] INFO  server.RaftServerConfigKeys (ConfUtils.java:logGet(43)) - raft.server.log.write.buffer.size = 33554432 (custom)
2019-09-19 14:38:36,915 [pool-208-thread-1] INFO  server.RaftServerConfigKeys (ConfUtils.java:logGet(43)) - raft.server.log.force.sync.num = 128 (default)
2019-09-19 14:38:36,915 [pool-208-thread-1] INFO  server.RaftServerConfigKeys (ConfUtils.java:logGet(43)) - raft.server.log.statemachine.data.sync = true (default)
2019-09-19 14:38:36,915 [pool-208-thread-1] INFO  server.RaftServerConfigKeys (ConfUtils.java:logGet(43)) - raft.server.log.statemachine.data.sync.timeout = 10s (default)
2019-09-19 14:38:36,915 [pool-208-thread-1] INFO  server.RaftServerConfigKeys (ConfUtils.java:logGet(43)) - raft.server.log.statemachine.data.sync.timeout.retry = -1 (default)
2019-09-19 14:38:36,916 [pool-208-thread-1] INFO  server.RaftServerConfigKeys (ConfUtils.java:logGet(43)) - raft.server.log.statemachine.data.caching.enabled = true (custom)
2019-09-19 14:38:36,916 [pool-208-thread-1] INFO  segmented.SegmentedRaftLogWorker (SegmentedRaftLogWorker.java:lambda$new$0(132)) - fec1dd95-6591-47a7-ae1d-7a016c77c9f0-SegmentedRaftLogWorker:Storage Directory /workdir/hadoop-ozone/ozonefs/target/test-dir/MiniOzoneClusterImpl-749d4081-1d77-4e7f-9728-45de1fba6f43/datanode-2/data/ratis/2401ed2c-242c-424a-99db-8256a6734747: flushIndex: setUnconditionally 0 -> -1
2019-09-19 14:38:36,916 [pool-208-thread-1] INFO  server.RaftServerConfigKeys (ConfUtils.java:logGet(43)) - raft.server.snapshot.auto.trigger.enabled = true (custom)
2019-09-19 14:38:36,916 [pool-208-thread-1] INFO  server.RaftServerConfigKeys (ConfUtils.java:logGet(43)) - raft.server.snapshot.auto.trigger.threshold = 10000 (custom)
2019-09-19 14:38:36,917 [pool-208-thread-1] INFO  server.RaftServerConfigKeys (ConfUtils.java:logGet(43)) - raft.server.retrycache.expirytime = 600000ms (custom)
2019-09-19 14:38:36,917 [pool-208-thread-1] INFO  impl.RaftServerImpl (RaftServerImpl.java:start(180)) - fec1dd95-6591-47a7-ae1d-7a016c77c9f0: start group-8256A6734747
2019-09-19 14:38:36,917 [pool-208-thread-1] INFO  impl.RaftServerImpl (RaftServerImpl.java:setRole(171)) - fec1dd95-6591-47a7-ae1d-7a016c77c9f0:group-8256A6734747 changes role from null to FOLLOWER at term 0 for startAsFollower
2019-09-19 14:38:36,917 [pool-208-thread-1] INFO  impl.RoleInfo (RoleInfo.java:updateAndGet(143)) - fec1dd95-6591-47a7-ae1d-7a016c77c9f0: start FollowerState
2019-09-19 14:38:36,918 [pool-208-thread-1] INFO  util.JmxRegister (JmxRegister.java:tryRegister(44)) - Successfully registered JMX Bean with object name Ratis:service=RaftServer,group=group-8256A6734747,id=fec1dd95-6591-47a7-ae1d-7a016c77c9f0
2019-09-19 14:38:36,921 [RatisPipelineUtilsThread] INFO  pipeline.PipelineStateManager (PipelineStateManager.java:addPipeline(56)) - Created pipeline Pipeline[ Id: 2401ed2c-242c-424a-99db-8256a6734747, Nodes: fec1dd95-6591-47a7-ae1d-7a016c77c9f0{ip: 192.168.5.132, host: pr-hdds-1569-rzdr8-3403194166, networkLocation: /default-rack, certSerialId: null}, Type:RATIS, Factor:ONE, State:OPEN]
2019-09-19 14:38:36,921 [RatisPipelineUtilsThread] ERROR pipeline.PipelinePlacementPolicy (PipelinePlacementPolicy.java:meetCriteria(91)) - Pipeline Placement: Doesn't meet the criteria to be viable node. Heaviness: 6
2019-09-19 14:38:36,926 [grpc-default-executor-0] INFO  impl.RaftServerProxy (RaftServerProxy.java:addNew(89)) - fec1dd95-6591-47a7-ae1d-7a016c77c9f0: addNew group-0E7CD56DE69B:[fec1dd95-6591-47a7-ae1d-7a016c77c9f0:192.168.5.132:37510] returns group-0E7CD56DE69B:java.util.concurrent.CompletableFuture@7afa7ec2[Not completed]
2019-09-19 14:38:36,928 [pool-208-thread-1] INFO  impl.RaftServerImpl (RaftServerImpl.java:<init>(93)) - fec1dd95-6591-47a7-ae1d-7a016c77c9f0: new RaftServerImpl for group-0E7CD56DE69B:[fec1dd95-6591-47a7-ae1d-7a016c77c9f0:192.168.5.132:37510] with ContainerStateMachine:uninitialized
2019-09-19 14:38:36,928 [pool-208-thread-1] INFO  server.RaftServerConfigKeys (ConfUtils.java:logGet(43)) - raft.server.rpc.timeout.min = 5s (custom)
2019-09-19 14:38:36,928 [pool-208-thread-1] INFO  server.RaftServerConfigKeys (ConfUtils.java:logGet(43)) - raft.server.rpc.timeout.max = 5200ms (custom)
2019-09-19 14:38:36,928 [pool-208-thread-1] INFO  server.RaftServerConfigKeys (ConfUtils.java:logGet(43)) - raft.server.rpcslowness.timeout = 120s (custom)
2019-09-19 14:38:36,928 [pool-208-thread-1] INFO  server.RaftServerConfigKeys (ConfUtils.java:logGet(43)) - raft.server.sleep.deviation.threshold = 300 (default)
2019-09-19 14:38:36,928 [pool-208-thread-1] INFO  server.RaftServerConfigKeys (ConfUtils.java:logGet(43)) - raft.server.log.appender.install.snapshot.enabled = false (custom)
2019-09-19 14:38:36,928 [pool-208-thread-1] INFO  impl.RaftServerImpl (ServerState.java:<init>(105)) - fec1dd95-6591-47a7-ae1d-7a016c77c9f0:group-0E7CD56DE69B ConfigurationManager, init=-1: [fec1dd95-6591-47a7-ae1d-7a016c77c9f0:192.168.5.132:37510], old=null, confs=<EMPTY_MAP>
2019-09-19 14:38:36,928 [pool-208-thread-1] INFO  server.RaftServerConfigKeys (ConfUtils.java:logGet(43)) - raft.server.storage.dir = [/workdir/hadoop-ozone/ozonefs/target/test-dir/MiniOzoneClusterImpl-749d4081-1d77-4e7f-9728-45de1fba6f43/datanode-2/data/ratis] (custom)
2019-09-19 14:38:36,929 [pool-208-thread-1] INFO  storage.RaftStorageDirectory (RaftStorageDirectory.java:analyzeStorage(246)) - The storage directory /workdir/hadoop-ozone/ozonefs/target/test-dir/MiniOzoneClusterImpl-749d4081-1d77-4e7f-9728-45de1fba6f43/datanode-2/data/ratis/ff47311b-9774-46ed-8abd-0e7cd56de69b does not exist. Creating ...
2019-09-19 14:38:36,954 [pool-208-thread-1] INFO  storage.RaftStorageDirectory (RaftStorageDirectory.java:tryLock(328)) - Lock on /workdir/hadoop-ozone/ozonefs/target/test-dir/MiniOzoneClusterImpl-749d4081-1d77-4e7f-9728-45de1fba6f43/datanode-2/data/ratis/ff47311b-9774-46ed-8abd-0e7cd56de69b/in_use.lock acquired by nodename 25220@pr-hdds-1569-rzdr8-3403194166
2019-09-19 14:38:36,988 [pool-208-thread-1] INFO  storage.RaftStorage (RaftStorage.java:format(72)) - Storage directory /workdir/hadoop-ozone/ozonefs/target/test-dir/MiniOzoneClusterImpl-749d4081-1d77-4e7f-9728-45de1fba6f43/datanode-2/data/ratis/ff47311b-9774-46ed-8abd-0e7cd56de69b has been successfully formatted.
2019-09-19 14:38:36,988 [pool-208-thread-1] INFO  ratis.ContainerStateMachine (ContainerStateMachine.java:loadSnapshot(226)) - group-0E7CD56DE69B: The snapshot info is null. Setting the last applied indexto:(t:0, i:~)
2019-09-19 14:38:36,989 [pool-208-thread-1] INFO  server.RaftServerConfigKeys (ConfUtils.java:logGet(43)) - raft.server.leader.election.timeout = 120s (custom)
2019-09-19 14:38:36,989 [pool-208-thread-1] INFO  server.RaftServerConfigKeys (ConfUtils.java:logGet(43)) - raft.server.log.use.memory = false (default)
2019-09-19 14:38:36,989 [pool-208-thread-1] INFO  server.RaftServerConfigKeys (ConfUtils.java:logGet(43)) - raft.server.log.purge.gap = 1000000 (custom)
2019-09-19 14:38:36,989 [pool-208-thread-1] INFO  server.RaftServerConfigKeys (ConfUtils.java:logGet(43)) - raft.server.log.appender.buffer.byte-limit = 33554432 (custom)
2019-09-19 14:38:36,989 [pool-208-thread-1] INFO  server.RaftServerConfigKeys (ConfUtils.java:logGet(43)) - raft.server.log.segment.size.max = 1048576 (custom)
2019-09-19 14:38:36,989 [pool-208-thread-1] INFO  server.RaftServerConfigKeys (ConfUtils.java:logGet(43)) - raft.server.log.segment.cache.num.max = 2 (custom)
2019-09-19 14:38:36,990 [pool-208-thread-1] INFO  segmented.SegmentedRaftLogWorker (SegmentedRaftLogWorker.java:<init>(172)) - new fec1dd95-6591-47a7-ae1d-7a016c77c9f0-SegmentedRaftLogWorker:Storage Directory /workdir/hadoop-ozone/ozonefs/target/test-dir/MiniOzoneClusterImpl-749d4081-1d77-4e7f-9728-45de1fba6f43/datanode-2/data/ratis/ff47311b-9774-46ed-8abd-0e7cd56de69b for RaftStorage:Storage Directory /workdir/hadoop-ozone/ozonefs/target/test-dir/MiniOzoneClusterImpl-749d4081-1d77-4e7f-9728-45de1fba6f43/datanode-2/data/ratis/ff47311b-9774-46ed-8abd-0e7cd56de69b
2019-09-19 14:38:36,990 [pool-208-thread-1] INFO  server.RaftServerConfigKeys (ConfUtils.java:logGet(43)) - raft.server.log.queue.byte-limit = 2147483647 (custom)
2019-09-19 14:38:36,990 [pool-208-thread-1] INFO  server.RaftServerConfigKeys (ConfUtils.java:logGet(43)) - raft.server.log.queue.element-limit = 1024 (custom)
2019-09-19 14:38:36,990 [pool-208-thread-1] INFO  server.RaftServerConfigKeys (ConfUtils.java:logGet(43)) - raft.server.log.segment.size.max = 1048576 (custom)
2019-09-19 14:38:36,990 [pool-208-thread-1] INFO  server.RaftServerConfigKeys (ConfUtils.java:logGet(43)) - raft.server.log.preallocated.size = 16384 (custom)
2019-09-19 14:38:36,990 [pool-208-thread-1] INFO  server.RaftServerConfigKeys (ConfUtils.java:logGet(43)) - raft.server.log.write.buffer.size = 33554432 (custom)
2019-09-19 14:38:36,990 [pool-208-thread-1] INFO  server.RaftServerConfigKeys (ConfUtils.java:logGet(43)) - raft.server.log.force.sync.num = 128 (default)
2019-09-19 14:38:36,991 [pool-208-thread-1] INFO  server.RaftServerConfigKeys (ConfUtils.java:logGet(43)) - raft.server.log.statemachine.data.sync = true (default)
2019-09-19 14:38:36,991 [pool-208-thread-1] INFO  server.RaftServerConfigKeys (ConfUtils.java:logGet(43)) - raft.server.log.statemachine.data.sync.timeout = 10s (default)
2019-09-19 14:38:36,991 [pool-208-thread-1] INFO  server.RaftServerConfigKeys (ConfUtils.java:logGet(43)) - raft.server.log.statemachine.data.sync.timeout.retry = -1 (default)
2019-09-19 14:38:36,991 [pool-208-thread-1] INFO  server.RaftServerConfigKeys (ConfUtils.java:logGet(43)) - raft.server.log.statemachine.data.caching.enabled = true (custom)
2019-09-19 14:38:36,991 [pool-208-thread-1] INFO  segmented.SegmentedRaftLogWorker (SegmentedRaftLogWorker.java:lambda$new$0(132)) - fec1dd95-6591-47a7-ae1d-7a016c77c9f0-SegmentedRaftLogWorker:Storage Directory /workdir/hadoop-ozone/ozonefs/target/test-dir/MiniOzoneClusterImpl-749d4081-1d77-4e7f-9728-45de1fba6f43/datanode-2/data/ratis/ff47311b-9774-46ed-8abd-0e7cd56de69b: flushIndex: setUnconditionally 0 -> -1
2019-09-19 14:38:36,992 [pool-208-thread-1] INFO  server.RaftServerConfigKeys (ConfUtils.java:logGet(43)) - raft.server.snapshot.auto.trigger.enabled = true (custom)
2019-09-19 14:38:36,992 [pool-208-thread-1] INFO  server.RaftServerConfigKeys (ConfUtils.java:logGet(43)) - raft.server.snapshot.auto.trigger.threshold = 10000 (custom)
2019-09-19 14:38:36,992 [pool-208-thread-1] INFO  server.RaftServerConfigKeys (ConfUtils.java:logGet(43)) - raft.server.retrycache.expirytime = 600000ms (custom)
2019-09-19 14:38:36,992 [pool-208-thread-1] INFO  impl.RaftServerImpl (RaftServerImpl.java:start(180)) - fec1dd95-6591-47a7-ae1d-7a016c77c9f0: start group-0E7CD56DE69B
2019-09-19 14:38:36,992 [pool-208-thread-1] INFO  impl.RaftServerImpl (RaftServerImpl.java:setRole(171)) - fec1dd95-6591-47a7-ae1d-7a016c77c9f0:group-0E7CD56DE69B changes role from null to FOLLOWER at term 0 for startAsFollower
2019-09-19 14:38:36,992 [pool-208-thread-1] INFO  impl.RoleInfo (RoleInfo.java:updateAndGet(143)) - fec1dd95-6591-47a7-ae1d-7a016c77c9f0: start FollowerState
2019-09-19 14:38:36,993 [pool-208-thread-1] INFO  util.JmxRegister (JmxRegister.java:tryRegister(44)) - Successfully registered JMX Bean with object name Ratis:service=RaftServer,group=group-0E7CD56DE69B,id=fec1dd95-6591-47a7-ae1d-7a016c77c9f0
2019-09-19 14:38:36,996 [RatisPipelineUtilsThread] INFO  pipeline.PipelineStateManager (PipelineStateManager.java:addPipeline(56)) - Created pipeline Pipeline[ Id: ff47311b-9774-46ed-8abd-0e7cd56de69b, Nodes: fec1dd95-6591-47a7-ae1d-7a016c77c9f0{ip: 192.168.5.132, host: pr-hdds-1569-rzdr8-3403194166, networkLocation: /default-rack, certSerialId: null}, Type:RATIS, Factor:ONE, State:OPEN]
2019-09-19 14:38:36,996 [RatisPipelineUtilsThread] ERROR pipeline.PipelinePlacementPolicy (PipelinePlacementPolicy.java:meetCriteria(91)) - Pipeline Placement: Doesn't meet the criteria to be viable node. Heaviness: 6
2019-09-19 14:38:37,003 [grpc-default-executor-0] INFO  impl.RaftServerProxy (RaftServerProxy.java:addNew(89)) - fec1dd95-6591-47a7-ae1d-7a016c77c9f0: addNew group-EFC43619C4F3:[fec1dd95-6591-47a7-ae1d-7a016c77c9f0:192.168.5.132:37510] returns group-EFC43619C4F3:java.util.concurrent.CompletableFuture@1fe19ed8[Not completed]
2019-09-19 14:38:37,004 [pool-208-thread-1] INFO  impl.RaftServerImpl (RaftServerImpl.java:<init>(93)) - fec1dd95-6591-47a7-ae1d-7a016c77c9f0: new RaftServerImpl for group-EFC43619C4F3:[fec1dd95-6591-47a7-ae1d-7a016c77c9f0:192.168.5.132:37510] with ContainerStateMachine:uninitialized
2019-09-19 14:38:37,004 [pool-208-thread-1] INFO  server.RaftServerConfigKeys (ConfUtils.java:logGet(43)) - raft.server.rpc.timeout.min = 5s (custom)
2019-09-19 14:38:37,004 [pool-208-thread-1] INFO  server.RaftServerConfigKeys (ConfUtils.java:logGet(43)) - raft.server.rpc.timeout.max = 5200ms (custom)
2019-09-19 14:38:37,004 [pool-208-thread-1] INFO  server.RaftServerConfigKeys (ConfUtils.java:logGet(43)) - raft.server.rpcslowness.timeout = 120s (custom)
2019-09-19 14:38:37,004 [pool-208-thread-1] INFO  server.RaftServerConfigKeys (ConfUtils.java:logGet(43)) - raft.server.sleep.deviation.threshold = 300 (default)
2019-09-19 14:38:37,005 [pool-208-thread-1] INFO  server.RaftServerConfigKeys (ConfUtils.java:logGet(43)) - raft.server.log.appender.install.snapshot.enabled = false (custom)
2019-09-19 14:38:37,005 [pool-208-thread-1] INFO  impl.RaftServerImpl (ServerState.java:<init>(105)) - fec1dd95-6591-47a7-ae1d-7a016c77c9f0:group-EFC43619C4F3 ConfigurationManager, init=-1: [fec1dd95-6591-47a7-ae1d-7a016c77c9f0:192.168.5.132:37510], old=null, confs=<EMPTY_MAP>
2019-09-19 14:38:37,005 [pool-208-thread-1] INFO  server.RaftServerConfigKeys (ConfUtils.java:logGet(43)) - raft.server.storage.dir = [/workdir/hadoop-ozone/ozonefs/target/test-dir/MiniOzoneClusterImpl-749d4081-1d77-4e7f-9728-45de1fba6f43/datanode-2/data/ratis] (custom)
2019-09-19 14:38:37,005 [pool-208-thread-1] INFO  storage.RaftStorageDirectory (RaftStorageDirectory.java:analyzeStorage(246)) - The storage directory /workdir/hadoop-ozone/ozonefs/target/test-dir/MiniOzoneClusterImpl-749d4081-1d77-4e7f-9728-45de1fba6f43/datanode-2/data/ratis/c971f0d3-e715-41e6-a2ad-efc43619c4f3 does not exist. Creating ...
2019-09-19 14:38:37,018 [pool-208-thread-1] INFO  storage.RaftStorageDirectory (RaftStorageDirectory.java:tryLock(328)) - Lock on /workdir/hadoop-ozone/ozonefs/target/test-dir/MiniOzoneClusterImpl-749d4081-1d77-4e7f-9728-45de1fba6f43/datanode-2/data/ratis/c971f0d3-e715-41e6-a2ad-efc43619c4f3/in_use.lock acquired by nodename 25220@pr-hdds-1569-rzdr8-3403194166
2019-09-19 14:38:37,034 [pool-208-thread-1] INFO  storage.RaftStorage (RaftStorage.java:format(72)) - Storage directory /workdir/hadoop-ozone/ozonefs/target/test-dir/MiniOzoneClusterImpl-749d4081-1d77-4e7f-9728-45de1fba6f43/datanode-2/data/ratis/c971f0d3-e715-41e6-a2ad-efc43619c4f3 has been successfully formatted.
2019-09-19 14:38:37,034 [pool-208-thread-1] INFO  ratis.ContainerStateMachine (ContainerStateMachine.java:loadSnapshot(226)) - group-EFC43619C4F3: The snapshot info is null. Setting the last applied indexto:(t:0, i:~)
2019-09-19 14:38:37,034 [pool-208-thread-1] INFO  server.RaftServerConfigKeys (ConfUtils.java:logGet(43)) - raft.server.leader.election.timeout = 120s (custom)
2019-09-19 14:38:37,034 [pool-208-thread-1] INFO  server.RaftServerConfigKeys (ConfUtils.java:logGet(43)) - raft.server.log.use.memory = false (default)
2019-09-19 14:38:37,035 [pool-208-thread-1] INFO  server.RaftServerConfigKeys (ConfUtils.java:logGet(43)) - raft.server.log.purge.gap = 1000000 (custom)
2019-09-19 14:38:37,035 [pool-208-thread-1] INFO  server.RaftServerConfigKeys (ConfUtils.java:logGet(43)) - raft.server.log.appender.buffer.byte-limit = 33554432 (custom)
2019-09-19 14:38:37,035 [pool-208-thread-1] INFO  server.RaftServerConfigKeys (ConfUtils.java:logGet(43)) - raft.server.log.segment.size.max = 1048576 (custom)
2019-09-19 14:38:37,035 [pool-208-thread-1] INFO  server.RaftServerConfigKeys (ConfUtils.java:logGet(43)) - raft.server.log.segment.cache.num.max = 2 (custom)
2019-09-19 14:38:37,035 [pool-208-thread-1] INFO  segmented.SegmentedRaftLogWorker (SegmentedRaftLogWorker.java:<init>(172)) - new fec1dd95-6591-47a7-ae1d-7a016c77c9f0-SegmentedRaftLogWorker:Storage Directory /workdir/hadoop-ozone/ozonefs/target/test-dir/MiniOzoneClusterImpl-749d4081-1d77-4e7f-9728-45de1fba6f43/datanode-2/data/ratis/c971f0d3-e715-41e6-a2ad-efc43619c4f3 for RaftStorage:Storage Directory /workdir/hadoop-ozone/ozonefs/target/test-dir/MiniOzoneClusterImpl-749d4081-1d77-4e7f-9728-45de1fba6f43/datanode-2/data/ratis/c971f0d3-e715-41e6-a2ad-efc43619c4f3
2019-09-19 14:38:37,036 [pool-208-thread-1] INFO  server.RaftServerConfigKeys (ConfUtils.java:logGet(43)) - raft.server.log.queue.byte-limit = 2147483647 (custom)
2019-09-19 14:38:37,036 [pool-208-thread-1] INFO  server.RaftServerConfigKeys (ConfUtils.java:logGet(43)) - raft.server.log.queue.element-limit = 1024 (custom)
2019-09-19 14:38:37,036 [pool-208-thread-1] INFO  server.RaftServerConfigKeys (ConfUtils.java:logGet(43)) - raft.server.log.segment.size.max = 1048576 (custom)
2019-09-19 14:38:37,036 [pool-208-thread-1] INFO  server.RaftServerConfigKeys (ConfUtils.java:logGet(43)) - raft.server.log.preallocated.size = 16384 (custom)
2019-09-19 14:38:37,036 [pool-208-thread-1] INFO  server.RaftServerConfigKeys (ConfUtils.java:logGet(43)) - raft.server.log.write.buffer.size = 33554432 (custom)
2019-09-19 14:38:37,036 [pool-208-thread-1] INFO  server.RaftServerConfigKeys (ConfUtils.java:logGet(43)) - raft.server.log.force.sync.num = 128 (default)
2019-09-19 14:38:37,037 [pool-208-thread-1] INFO  server.RaftServerConfigKeys (ConfUtils.java:logGet(43)) - raft.server.log.statemachine.data.sync = true (default)
2019-09-19 14:38:37,037 [pool-208-thread-1] INFO  server.RaftServerConfigKeys (ConfUtils.java:logGet(43)) - raft.server.log.statemachine.data.sync.timeout = 10s (default)
2019-09-19 14:38:37,037 [pool-208-thread-1] INFO  server.RaftServerConfigKeys (ConfUtils.java:logGet(43)) - raft.server.log.statemachine.data.sync.timeout.retry = -1 (default)
2019-09-19 14:38:37,037 [pool-208-thread-1] INFO  server.RaftServerConfigKeys (ConfUtils.java:logGet(43)) - raft.server.log.statemachine.data.caching.enabled = true (custom)
2019-09-19 14:38:37,037 [pool-208-thread-1] INFO  segmented.SegmentedRaftLogWorker (SegmentedRaftLogWorker.java:lambda$new$0(132)) - fec1dd95-6591-47a7-ae1d-7a016c77c9f0-SegmentedRaftLogWorker:Storage Directory /workdir/hadoop-ozone/ozonefs/target/test-dir/MiniOzoneClusterImpl-749d4081-1d77-4e7f-9728-45de1fba6f43/datanode-2/data/ratis/c971f0d3-e715-41e6-a2ad-efc43619c4f3: flushIndex: setUnconditionally 0 -> -1
2019-09-19 14:38:37,038 [pool-208-thread-1] INFO  server.RaftServerConfigKeys (ConfUtils.java:logGet(43)) - raft.server.snapshot.auto.trigger.enabled = true (custom)
2019-09-19 14:38:37,038 [pool-208-thread-1] INFO  server.RaftServerConfigKeys (ConfUtils.java:logGet(43)) - raft.server.snapshot.auto.trigger.threshold = 10000 (custom)
2019-09-19 14:38:37,038 [pool-208-thread-1] INFO  server.RaftServerConfigKeys (ConfUtils.java:logGet(43)) - raft.server.retrycache.expirytime = 600000ms (custom)
2019-09-19 14:38:37,038 [pool-208-thread-1] INFO  impl.RaftServerImpl (RaftServerImpl.java:start(180)) - fec1dd95-6591-47a7-ae1d-7a016c77c9f0: start group-EFC43619C4F3
2019-09-19 14:38:37,039 [pool-208-thread-1] INFO  impl.RaftServerImpl (RaftServerImpl.java:setRole(171)) - fec1dd95-6591-47a7-ae1d-7a016c77c9f0:group-EFC43619C4F3 changes role from null to FOLLOWER at term 0 for startAsFollower
2019-09-19 14:38:37,039 [pool-208-thread-1] INFO  impl.RoleInfo (RoleInfo.java:updateAndGet(143)) - fec1dd95-6591-47a7-ae1d-7a016c77c9f0: start FollowerState
2019-09-19 14:38:37,039 [pool-208-thread-1] INFO  util.JmxRegister (JmxRegister.java:tryRegister(44)) - Successfully registered JMX Bean with object name Ratis:service=RaftServer,group=group-EFC43619C4F3,id=fec1dd95-6591-47a7-ae1d-7a016c77c9f0
2019-09-19 14:38:37,042 [RatisPipelineUtilsThread] INFO  pipeline.PipelineStateManager (PipelineStateManager.java:addPipeline(56)) - Created pipeline Pipeline[ Id: c971f0d3-e715-41e6-a2ad-efc43619c4f3, Nodes: fec1dd95-6591-47a7-ae1d-7a016c77c9f0{ip: 192.168.5.132, host: pr-hdds-1569-rzdr8-3403194166, networkLocation: /default-rack, certSerialId: null}, Type:RATIS, Factor:ONE, State:OPEN]
2019-09-19 14:38:37,043 [RatisPipelineUtilsThread] ERROR pipeline.PipelinePlacementPolicy (PipelinePlacementPolicy.java:meetCriteria(91)) - Pipeline Placement: Doesn't meet the criteria to be viable node. Heaviness: 6
2019-09-19 14:38:37,048 [grpc-default-executor-0] INFO  impl.RaftServerProxy (RaftServerProxy.java:addNew(89)) - c03852e1-215b-45db-b67f-c74ee277280d: addNew group-50BB13081DCB:[c03852e1-215b-45db-b67f-c74ee277280d:192.168.5.132:36799] returns group-50BB13081DCB:java.util.concurrent.CompletableFuture@afc4e2b[Not completed]
2019-09-19 14:38:37,050 [pool-197-thread-1] INFO  impl.RaftServerImpl (RaftServerImpl.java:<init>(93)) - c03852e1-215b-45db-b67f-c74ee277280d: new RaftServerImpl for group-50BB13081DCB:[c03852e1-215b-45db-b67f-c74ee277280d:192.168.5.132:36799] with ContainerStateMachine:uninitialized
2019-09-19 14:38:37,051 [pool-197-thread-1] INFO  server.RaftServerConfigKeys (ConfUtils.java:logGet(43)) - raft.server.rpc.timeout.min = 5s (custom)
2019-09-19 14:38:37,051 [pool-197-thread-1] INFO  server.RaftServerConfigKeys (ConfUtils.java:logGet(43)) - raft.server.rpc.timeout.max = 5200ms (custom)
2019-09-19 14:38:37,051 [pool-197-thread-1] INFO  server.RaftServerConfigKeys (ConfUtils.java:logGet(43)) - raft.server.rpcslowness.timeout = 120s (custom)
2019-09-19 14:38:37,051 [pool-197-thread-1] INFO  server.RaftServerConfigKeys (ConfUtils.java:logGet(43)) - raft.server.sleep.deviation.threshold = 300 (default)
2019-09-19 14:38:37,051 [pool-197-thread-1] INFO  server.RaftServerConfigKeys (ConfUtils.java:logGet(43)) - raft.server.log.appender.install.snapshot.enabled = false (custom)
2019-09-19 14:38:37,052 [pool-197-thread-1] INFO  impl.RaftServerImpl (ServerState.java:<init>(105)) - c03852e1-215b-45db-b67f-c74ee277280d:group-50BB13081DCB ConfigurationManager, init=-1: [c03852e1-215b-45db-b67f-c74ee277280d:192.168.5.132:36799], old=null, confs=<EMPTY_MAP>
2019-09-19 14:38:37,052 [pool-197-thread-1] INFO  server.RaftServerConfigKeys (ConfUtils.java:logGet(43)) - raft.server.storage.dir = [/workdir/hadoop-ozone/ozonefs/target/test-dir/MiniOzoneClusterImpl-749d4081-1d77-4e7f-9728-45de1fba6f43/datanode-1/data/ratis] (custom)
2019-09-19 14:38:37,052 [pool-197-thread-1] INFO  storage.RaftStorageDirectory (RaftStorageDirectory.java:analyzeStorage(246)) - The storage directory /workdir/hadoop-ozone/ozonefs/target/test-dir/MiniOzoneClusterImpl-749d4081-1d77-4e7f-9728-45de1fba6f43/datanode-1/data/ratis/d883be7a-137c-4d8b-b43a-50bb13081dcb does not exist. Creating ...
2019-09-19 14:38:37,086 [pool-197-thread-1] INFO  storage.RaftStorageDirectory (RaftStorageDirectory.java:tryLock(328)) - Lock on /workdir/hadoop-ozone/ozonefs/target/test-dir/MiniOzoneClusterImpl-749d4081-1d77-4e7f-9728-45de1fba6f43/datanode-1/data/ratis/d883be7a-137c-4d8b-b43a-50bb13081dcb/in_use.lock acquired by nodename 25220@pr-hdds-1569-rzdr8-3403194166
2019-09-19 14:38:37,109 [pool-197-thread-1] INFO  storage.RaftStorage (RaftStorage.java:format(72)) - Storage directory /workdir/hadoop-ozone/ozonefs/target/test-dir/MiniOzoneClusterImpl-749d4081-1d77-4e7f-9728-45de1fba6f43/datanode-1/data/ratis/d883be7a-137c-4d8b-b43a-50bb13081dcb has been successfully formatted.
2019-09-19 14:38:37,109 [pool-197-thread-1] INFO  ratis.ContainerStateMachine (ContainerStateMachine.java:loadSnapshot(226)) - group-50BB13081DCB: The snapshot info is null. Setting the last applied indexto:(t:0, i:~)
2019-09-19 14:38:37,109 [pool-197-thread-1] INFO  server.RaftServerConfigKeys (ConfUtils.java:logGet(43)) - raft.server.leader.election.timeout = 120s (custom)
2019-09-19 14:38:37,109 [pool-197-thread-1] INFO  server.RaftServerConfigKeys (ConfUtils.java:logGet(43)) - raft.server.log.use.memory = false (default)
2019-09-19 14:38:37,110 [pool-197-thread-1] INFO  server.RaftServerConfigKeys (ConfUtils.java:logGet(43)) - raft.server.log.purge.gap = 1000000 (custom)
2019-09-19 14:38:37,110 [pool-197-thread-1] INFO  server.RaftServerConfigKeys (ConfUtils.java:logGet(43)) - raft.server.log.appender.buffer.byte-limit = 33554432 (custom)
2019-09-19 14:38:37,110 [pool-197-thread-1] INFO  server.RaftServerConfigKeys (ConfUtils.java:logGet(43)) - raft.server.log.segment.size.max = 1048576 (custom)
2019-09-19 14:38:37,110 [pool-197-thread-1] INFO  server.RaftServerConfigKeys (ConfUtils.java:logGet(43)) - raft.server.log.segment.cache.num.max = 2 (custom)
2019-09-19 14:38:37,110 [pool-197-thread-1] INFO  segmented.SegmentedRaftLogWorker (SegmentedRaftLogWorker.java:<init>(172)) - new c03852e1-215b-45db-b67f-c74ee277280d-SegmentedRaftLogWorker:Storage Directory /workdir/hadoop-ozone/ozonefs/target/test-dir/MiniOzoneClusterImpl-749d4081-1d77-4e7f-9728-45de1fba6f43/datanode-1/data/ratis/d883be7a-137c-4d8b-b43a-50bb13081dcb for RaftStorage:Storage Directory /workdir/hadoop-ozone/ozonefs/target/test-dir/MiniOzoneClusterImpl-749d4081-1d77-4e7f-9728-45de1fba6f43/datanode-1/data/ratis/d883be7a-137c-4d8b-b43a-50bb13081dcb
2019-09-19 14:38:37,110 [pool-197-thread-1] INFO  server.RaftServerConfigKeys (ConfUtils.java:logGet(43)) - raft.server.log.queue.byte-limit = 2147483647 (custom)
2019-09-19 14:38:37,110 [pool-197-thread-1] INFO  server.RaftServerConfigKeys (ConfUtils.java:logGet(43)) - raft.server.log.queue.element-limit = 1024 (custom)
2019-09-19 14:38:37,110 [pool-197-thread-1] INFO  server.RaftServerConfigKeys (ConfUtils.java:logGet(43)) - raft.server.log.segment.size.max = 1048576 (custom)
2019-09-19 14:38:37,111 [pool-197-thread-1] INFO  server.RaftServerConfigKeys (ConfUtils.java:logGet(43)) - raft.server.log.preallocated.size = 16384 (custom)
2019-09-19 14:38:37,111 [pool-197-thread-1] INFO  server.RaftServerConfigKeys (ConfUtils.java:logGet(43)) - raft.server.log.write.buffer.size = 33554432 (custom)
2019-09-19 14:38:37,111 [pool-197-thread-1] INFO  server.RaftServerConfigKeys (ConfUtils.java:logGet(43)) - raft.server.log.force.sync.num = 128 (default)
2019-09-19 14:38:37,111 [pool-197-thread-1] INFO  server.RaftServerConfigKeys (ConfUtils.java:logGet(43)) - raft.server.log.statemachine.data.sync = true (default)
2019-09-19 14:38:37,111 [pool-197-thread-1] INFO  server.RaftServerConfigKeys (ConfUtils.java:logGet(43)) - raft.server.log.statemachine.data.sync.timeout = 10s (default)
2019-09-19 14:38:37,111 [pool-197-thread-1] INFO  server.RaftServerConfigKeys (ConfUtils.java:logGet(43)) - raft.server.log.statemachine.data.sync.timeout.retry = -1 (default)
2019-09-19 14:38:37,111 [pool-197-thread-1] INFO  server.RaftServerConfigKeys (ConfUtils.java:logGet(43)) - raft.server.log.statemachine.data.caching.enabled = true (custom)
2019-09-19 14:38:37,112 [pool-197-thread-1] INFO  segmented.SegmentedRaftLogWorker (SegmentedRaftLogWorker.java:lambda$new$0(132)) - c03852e1-215b-45db-b67f-c74ee277280d-SegmentedRaftLogWorker:Storage Directory /workdir/hadoop-ozone/ozonefs/target/test-dir/MiniOzoneClusterImpl-749d4081-1d77-4e7f-9728-45de1fba6f43/datanode-1/data/ratis/d883be7a-137c-4d8b-b43a-50bb13081dcb: flushIndex: setUnconditionally 0 -> -1
2019-09-19 14:38:37,112 [pool-197-thread-1] INFO  server.RaftServerConfigKeys (ConfUtils.java:logGet(43)) - raft.server.snapshot.auto.trigger.enabled = true (custom)
2019-09-19 14:38:37,112 [pool-197-thread-1] INFO  server.RaftServerConfigKeys (ConfUtils.java:logGet(43)) - raft.server.snapshot.auto.trigger.threshold = 10000 (custom)
2019-09-19 14:38:37,112 [pool-197-thread-1] INFO  server.RaftServerConfigKeys (ConfUtils.java:logGet(43)) - raft.server.retrycache.expirytime = 600000ms (custom)
2019-09-19 14:38:37,112 [pool-197-thread-1] INFO  impl.RaftServerImpl (RaftServerImpl.java:start(180)) - c03852e1-215b-45db-b67f-c74ee277280d: start group-50BB13081DCB
2019-09-19 14:38:37,112 [pool-197-thread-1] INFO  impl.RaftServerImpl (RaftServerImpl.java:setRole(171)) - c03852e1-215b-45db-b67f-c74ee277280d:group-50BB13081DCB changes role from null to FOLLOWER at term 0 for startAsFollower
2019-09-19 14:38:37,113 [pool-197-thread-1] INFO  impl.RoleInfo (RoleInfo.java:updateAndGet(143)) - c03852e1-215b-45db-b67f-c74ee277280d: start FollowerState
2019-09-19 14:38:37,113 [pool-197-thread-1] INFO  util.JmxRegister (JmxRegister.java:tryRegister(44)) - Successfully registered JMX Bean with object name Ratis:service=RaftServer,group=group-50BB13081DCB,id=c03852e1-215b-45db-b67f-c74ee277280d
2019-09-19 14:38:37,116 [RatisPipelineUtilsThread] INFO  pipeline.PipelineStateManager (PipelineStateManager.java:addPipeline(56)) - Created pipeline Pipeline[ Id: d883be7a-137c-4d8b-b43a-50bb13081dcb, Nodes: c03852e1-215b-45db-b67f-c74ee277280d{ip: 192.168.5.132, host: pr-hdds-1569-rzdr8-3403194166, networkLocation: /default-rack, certSerialId: null}, Type:RATIS, Factor:ONE, State:OPEN]
2019-09-19 14:38:37,117 [RatisPipelineUtilsThread] ERROR pipeline.PipelinePlacementPolicy (PipelinePlacementPolicy.java:meetCriteria(91)) - Pipeline Placement: Doesn't meet the criteria to be viable node. Heaviness: 6
2019-09-19 14:38:37,122 [grpc-default-executor-0] INFO  impl.RaftServerProxy (RaftServerProxy.java:addNew(89)) - c03852e1-215b-45db-b67f-c74ee277280d: addNew group-D7A1A9D880B1:[c03852e1-215b-45db-b67f-c74ee277280d:192.168.5.132:36799] returns group-D7A1A9D880B1:java.util.concurrent.CompletableFuture@e5c3fdf[Not completed]
2019-09-19 14:38:37,124 [pool-197-thread-1] INFO  impl.RaftServerImpl (RaftServerImpl.java:<init>(93)) - c03852e1-215b-45db-b67f-c74ee277280d: new RaftServerImpl for group-D7A1A9D880B1:[c03852e1-215b-45db-b67f-c74ee277280d:192.168.5.132:36799] with ContainerStateMachine:uninitialized
2019-09-19 14:38:37,124 [pool-197-thread-1] INFO  server.RaftServerConfigKeys (ConfUtils.java:logGet(43)) - raft.server.rpc.timeout.min = 5s (custom)
2019-09-19 14:38:37,124 [pool-197-thread-1] INFO  server.RaftServerConfigKeys (ConfUtils.java:logGet(43)) - raft.server.rpc.timeout.max = 5200ms (custom)
2019-09-19 14:38:37,124 [pool-197-thread-1] INFO  server.RaftServerConfigKeys (ConfUtils.java:logGet(43)) - raft.server.rpcslowness.timeout = 120s (custom)
2019-09-19 14:38:37,124 [pool-197-thread-1] INFO  server.RaftServerConfigKeys (ConfUtils.java:logGet(43)) - raft.server.sleep.deviation.threshold = 300 (default)
2019-09-19 14:38:37,124 [pool-197-thread-1] INFO  server.RaftServerConfigKeys (ConfUtils.java:logGet(43)) - raft.server.log.appender.install.snapshot.enabled = false (custom)
2019-09-19 14:38:37,124 [pool-197-thread-1] INFO  impl.RaftServerImpl (ServerState.java:<init>(105)) - c03852e1-215b-45db-b67f-c74ee277280d:group-D7A1A9D880B1 ConfigurationManager, init=-1: [c03852e1-215b-45db-b67f-c74ee277280d:192.168.5.132:36799], old=null, confs=<EMPTY_MAP>
2019-09-19 14:38:37,124 [pool-197-thread-1] INFO  server.RaftServerConfigKeys (ConfUtils.java:logGet(43)) - raft.server.storage.dir = [/workdir/hadoop-ozone/ozonefs/target/test-dir/MiniOzoneClusterImpl-749d4081-1d77-4e7f-9728-45de1fba6f43/datanode-1/data/ratis] (custom)
2019-09-19 14:38:37,125 [pool-197-thread-1] INFO  storage.RaftStorageDirectory (RaftStorageDirectory.java:analyzeStorage(246)) - The storage directory /workdir/hadoop-ozone/ozonefs/target/test-dir/MiniOzoneClusterImpl-749d4081-1d77-4e7f-9728-45de1fba6f43/datanode-1/data/ratis/5f4bd510-6767-4d08-b204-d7a1a9d880b1 does not exist. Creating ...
2019-09-19 14:38:37,147 [pool-197-thread-1] INFO  storage.RaftStorageDirectory (RaftStorageDirectory.java:tryLock(328)) - Lock on /workdir/hadoop-ozone/ozonefs/target/test-dir/MiniOzoneClusterImpl-749d4081-1d77-4e7f-9728-45de1fba6f43/datanode-1/data/ratis/5f4bd510-6767-4d08-b204-d7a1a9d880b1/in_use.lock acquired by nodename 25220@pr-hdds-1569-rzdr8-3403194166
2019-09-19 14:38:37,171 [pool-197-thread-1] INFO  storage.RaftStorage (RaftStorage.java:format(72)) - Storage directory /workdir/hadoop-ozone/ozonefs/target/test-dir/MiniOzoneClusterImpl-749d4081-1d77-4e7f-9728-45de1fba6f43/datanode-1/data/ratis/5f4bd510-6767-4d08-b204-d7a1a9d880b1 has been successfully formatted.
2019-09-19 14:38:37,171 [pool-197-thread-1] INFO  ratis.ContainerStateMachine (ContainerStateMachine.java:loadSnapshot(226)) - group-D7A1A9D880B1: The snapshot info is null. Setting the last applied indexto:(t:0, i:~)
2019-09-19 14:38:37,171 [pool-197-thread-1] INFO  server.RaftServerConfigKeys (ConfUtils.java:logGet(43)) - raft.server.leader.election.timeout = 120s (custom)
2019-09-19 14:38:37,171 [pool-197-thread-1] INFO  server.RaftServerConfigKeys (ConfUtils.java:logGet(43)) - raft.server.log.use.memory = false (default)
2019-09-19 14:38:37,171 [pool-197-thread-1] INFO  server.RaftServerConfigKeys (ConfUtils.java:logGet(43)) - raft.server.log.purge.gap = 1000000 (custom)
2019-09-19 14:38:37,171 [pool-197-thread-1] INFO  server.RaftServerConfigKeys (ConfUtils.java:logGet(43)) - raft.server.log.appender.buffer.byte-limit = 33554432 (custom)
2019-09-19 14:38:37,172 [pool-197-thread-1] INFO  server.RaftServerConfigKeys (ConfUtils.java:logGet(43)) - raft.server.log.segment.size.max = 1048576 (custom)
2019-09-19 14:38:37,172 [pool-197-thread-1] INFO  server.RaftServerConfigKeys (ConfUtils.java:logGet(43)) - raft.server.log.segment.cache.num.max = 2 (custom)
2019-09-19 14:38:37,172 [pool-197-thread-1] INFO  segmented.SegmentedRaftLogWorker (SegmentedRaftLogWorker.java:<init>(172)) - new c03852e1-215b-45db-b67f-c74ee277280d-SegmentedRaftLogWorker:Storage Directory /workdir/hadoop-ozone/ozonefs/target/test-dir/MiniOzoneClusterImpl-749d4081-1d77-4e7f-9728-45de1fba6f43/datanode-1/data/ratis/5f4bd510-6767-4d08-b204-d7a1a9d880b1 for RaftStorage:Storage Directory /workdir/hadoop-ozone/ozonefs/target/test-dir/MiniOzoneClusterImpl-749d4081-1d77-4e7f-9728-45de1fba6f43/datanode-1/data/ratis/5f4bd510-6767-4d08-b204-d7a1a9d880b1
2019-09-19 14:38:37,172 [pool-197-thread-1] INFO  server.RaftServerConfigKeys (ConfUtils.java:logGet(43)) - raft.server.log.queue.byte-limit = 2147483647 (custom)
2019-09-19 14:38:37,172 [pool-197-thread-1] INFO  server.RaftServerConfigKeys (ConfUtils.java:logGet(43)) - raft.server.log.queue.element-limit = 1024 (custom)
2019-09-19 14:38:37,172 [pool-197-thread-1] INFO  server.RaftServerConfigKeys (ConfUtils.java:logGet(43)) - raft.server.log.segment.size.max = 1048576 (custom)
2019-09-19 14:38:37,173 [pool-197-thread-1] INFO  server.RaftServerConfigKeys (ConfUtils.java:logGet(43)) - raft.server.log.preallocated.size = 16384 (custom)
2019-09-19 14:38:37,173 [pool-197-thread-1] INFO  server.RaftServerConfigKeys (ConfUtils.java:logGet(43)) - raft.server.log.write.buffer.size = 33554432 (custom)
2019-09-19 14:38:37,173 [pool-197-thread-1] INFO  server.RaftServerConfigKeys (ConfUtils.java:logGet(43)) - raft.server.log.force.sync.num = 128 (default)
2019-09-19 14:38:37,173 [pool-197-thread-1] INFO  server.RaftServerConfigKeys (ConfUtils.java:logGet(43)) - raft.server.log.statemachine.data.sync = true (default)
2019-09-19 14:38:37,173 [pool-197-thread-1] INFO  server.RaftServerConfigKeys (ConfUtils.java:logGet(43)) - raft.server.log.statemachine.data.sync.timeout = 10s (default)
2019-09-19 14:38:37,173 [pool-197-thread-1] INFO  server.RaftServerConfigKeys (ConfUtils.java:logGet(43)) - raft.server.log.statemachine.data.sync.timeout.retry = -1 (default)
2019-09-19 14:38:37,173 [pool-197-thread-1] INFO  server.RaftServerConfigKeys (ConfUtils.java:logGet(43)) - raft.server.log.statemachine.data.caching.enabled = true (custom)
2019-09-19 14:38:37,174 [pool-197-thread-1] INFO  segmented.SegmentedRaftLogWorker (SegmentedRaftLogWorker.java:lambda$new$0(132)) - c03852e1-215b-45db-b67f-c74ee277280d-SegmentedRaftLogWorker:Storage Directory /workdir/hadoop-ozone/ozonefs/target/test-dir/MiniOzoneClusterImpl-749d4081-1d77-4e7f-9728-45de1fba6f43/datanode-1/data/ratis/5f4bd510-6767-4d08-b204-d7a1a9d880b1: flushIndex: setUnconditionally 0 -> -1
2019-09-19 14:38:37,174 [pool-197-thread-1] INFO  server.RaftServerConfigKeys (ConfUtils.java:logGet(43)) - raft.server.snapshot.auto.trigger.enabled = true (custom)
2019-09-19 14:38:37,174 [pool-197-thread-1] INFO  server.RaftServerConfigKeys (ConfUtils.java:logGet(43)) - raft.server.snapshot.auto.trigger.threshold = 10000 (custom)
2019-09-19 14:38:37,174 [pool-197-thread-1] INFO  server.RaftServerConfigKeys (ConfUtils.java:logGet(43)) - raft.server.retrycache.expirytime = 600000ms (custom)
2019-09-19 14:38:37,175 [pool-197-thread-1] INFO  impl.RaftServerImpl (RaftServerImpl.java:start(180)) - c03852e1-215b-45db-b67f-c74ee277280d: start group-D7A1A9D880B1
2019-09-19 14:38:37,175 [pool-197-thread-1] INFO  impl.RaftServerImpl (RaftServerImpl.java:setRole(171)) - c03852e1-215b-45db-b67f-c74ee277280d:group-D7A1A9D880B1 changes role from null to FOLLOWER at term 0 for startAsFollower
2019-09-19 14:38:37,175 [pool-197-thread-1] INFO  impl.RoleInfo (RoleInfo.java:updateAndGet(143)) - c03852e1-215b-45db-b67f-c74ee277280d: start FollowerState
2019-09-19 14:38:37,175 [pool-197-thread-1] INFO  util.JmxRegister (JmxRegister.java:tryRegister(44)) - Successfully registered JMX Bean with object name Ratis:service=RaftServer,group=group-D7A1A9D880B1,id=c03852e1-215b-45db-b67f-c74ee277280d
2019-09-19 14:38:37,178 [RatisPipelineUtilsThread] INFO  pipeline.PipelineStateManager (PipelineStateManager.java:addPipeline(56)) - Created pipeline Pipeline[ Id: 5f4bd510-6767-4d08-b204-d7a1a9d880b1, Nodes: c03852e1-215b-45db-b67f-c74ee277280d{ip: 192.168.5.132, host: pr-hdds-1569-rzdr8-3403194166, networkLocation: /default-rack, certSerialId: null}, Type:RATIS, Factor:ONE, State:OPEN]
2019-09-19 14:38:37,179 [RatisPipelineUtilsThread] ERROR pipeline.PipelinePlacementPolicy (PipelinePlacementPolicy.java:meetCriteria(91)) - Pipeline Placement: Doesn't meet the criteria to be viable node. Heaviness: 6
2019-09-19 14:38:37,179 [RatisPipelineUtilsThread] ERROR pipeline.PipelinePlacementPolicy (PipelinePlacementPolicy.java:meetCriteria(91)) - Pipeline Placement: Doesn't meet the criteria to be viable node. Heaviness: 6
2019-09-19 14:38:37,185 [grpc-default-executor-0] INFO  impl.RaftServerProxy (RaftServerProxy.java:addNew(89)) - fec1dd95-6591-47a7-ae1d-7a016c77c9f0: addNew group-F87DE5782B70:[fec1dd95-6591-47a7-ae1d-7a016c77c9f0:192.168.5.132:37510] returns group-F87DE5782B70:java.util.concurrent.CompletableFuture@ccd6f08[Not completed]
2019-09-19 14:38:37,186 [pool-208-thread-1] INFO  impl.RaftServerImpl (RaftServerImpl.java:<init>(93)) - fec1dd95-6591-47a7-ae1d-7a016c77c9f0: new RaftServerImpl for group-F87DE5782B70:[fec1dd95-6591-47a7-ae1d-7a016c77c9f0:192.168.5.132:37510] with ContainerStateMachine:uninitialized
2019-09-19 14:38:37,186 [pool-208-thread-1] INFO  server.RaftServerConfigKeys (ConfUtils.java:logGet(43)) - raft.server.rpc.timeout.min = 5s (custom)
2019-09-19 14:38:37,186 [pool-208-thread-1] INFO  server.RaftServerConfigKeys (ConfUtils.java:logGet(43)) - raft.server.rpc.timeout.max = 5200ms (custom)
2019-09-19 14:38:37,186 [pool-208-thread-1] INFO  server.RaftServerConfigKeys (ConfUtils.java:logGet(43)) - raft.server.rpcslowness.timeout = 120s (custom)
2019-09-19 14:38:37,187 [pool-208-thread-1] INFO  server.RaftServerConfigKeys (ConfUtils.java:logGet(43)) - raft.server.sleep.deviation.threshold = 300 (default)
2019-09-19 14:38:37,187 [pool-208-thread-1] INFO  server.RaftServerConfigKeys (ConfUtils.java:logGet(43)) - raft.server.log.appender.install.snapshot.enabled = false (custom)
2019-09-19 14:38:37,187 [pool-208-thread-1] INFO  impl.RaftServerImpl (ServerState.java:<init>(105)) - fec1dd95-6591-47a7-ae1d-7a016c77c9f0:group-F87DE5782B70 ConfigurationManager, init=-1: [fec1dd95-6591-47a7-ae1d-7a016c77c9f0:192.168.5.132:37510], old=null, confs=<EMPTY_MAP>
2019-09-19 14:38:37,187 [pool-208-thread-1] INFO  server.RaftServerConfigKeys (ConfUtils.java:logGet(43)) - raft.server.storage.dir = [/workdir/hadoop-ozone/ozonefs/target/test-dir/MiniOzoneClusterImpl-749d4081-1d77-4e7f-9728-45de1fba6f43/datanode-2/data/ratis] (custom)
2019-09-19 14:38:37,187 [pool-208-thread-1] INFO  storage.RaftStorageDirectory (RaftStorageDirectory.java:analyzeStorage(246)) - The storage directory /workdir/hadoop-ozone/ozonefs/target/test-dir/MiniOzoneClusterImpl-749d4081-1d77-4e7f-9728-45de1fba6f43/datanode-2/data/ratis/5a09ddb2-eb53-488a-b064-f87de5782b70 does not exist. Creating ...
2019-09-19 14:38:37,210 [pool-208-thread-1] INFO  storage.RaftStorageDirectory (RaftStorageDirectory.java:tryLock(328)) - Lock on /workdir/hadoop-ozone/ozonefs/target/test-dir/MiniOzoneClusterImpl-749d4081-1d77-4e7f-9728-45de1fba6f43/datanode-2/data/ratis/5a09ddb2-eb53-488a-b064-f87de5782b70/in_use.lock acquired by nodename 25220@pr-hdds-1569-rzdr8-3403194166
2019-09-19 14:38:37,233 [pool-208-thread-1] INFO  storage.RaftStorage (RaftStorage.java:format(72)) - Storage directory /workdir/hadoop-ozone/ozonefs/target/test-dir/MiniOzoneClusterImpl-749d4081-1d77-4e7f-9728-45de1fba6f43/datanode-2/data/ratis/5a09ddb2-eb53-488a-b064-f87de5782b70 has been successfully formatted.
2019-09-19 14:38:37,233 [pool-208-thread-1] INFO  ratis.ContainerStateMachine (ContainerStateMachine.java:loadSnapshot(226)) - group-F87DE5782B70: The snapshot info is null. Setting the last applied indexto:(t:0, i:~)
2019-09-19 14:38:37,233 [pool-208-thread-1] INFO  server.RaftServerConfigKeys (ConfUtils.java:logGet(43)) - raft.server.leader.election.timeout = 120s (custom)
2019-09-19 14:38:37,233 [pool-208-thread-1] INFO  server.RaftServerConfigKeys (ConfUtils.java:logGet(43)) - raft.server.log.use.memory = false (default)
2019-09-19 14:38:37,234 [pool-208-thread-1] INFO  server.RaftServerConfigKeys (ConfUtils.java:logGet(43)) - raft.server.log.purge.gap = 1000000 (custom)
2019-09-19 14:38:37,234 [pool-208-thread-1] INFO  server.RaftServerConfigKeys (ConfUtils.java:logGet(43)) - raft.server.log.appender.buffer.byte-limit = 33554432 (custom)
2019-09-19 14:38:37,234 [pool-208-thread-1] INFO  server.RaftServerConfigKeys (ConfUtils.java:logGet(43)) - raft.server.log.segment.size.max = 1048576 (custom)
2019-09-19 14:38:37,234 [pool-208-thread-1] INFO  server.RaftServerConfigKeys (ConfUtils.java:logGet(43)) - raft.server.log.segment.cache.num.max = 2 (custom)
2019-09-19 14:38:37,235 [pool-208-thread-1] INFO  segmented.SegmentedRaftLogWorker (SegmentedRaftLogWorker.java:<init>(172)) - new fec1dd95-6591-47a7-ae1d-7a016c77c9f0-SegmentedRaftLogWorker:Storage Directory /workdir/hadoop-ozone/ozonefs/target/test-dir/MiniOzoneClusterImpl-749d4081-1d77-4e7f-9728-45de1fba6f43/datanode-2/data/ratis/5a09ddb2-eb53-488a-b064-f87de5782b70 for RaftStorage:Storage Directory /workdir/hadoop-ozone/ozonefs/target/test-dir/MiniOzoneClusterImpl-749d4081-1d77-4e7f-9728-45de1fba6f43/datanode-2/data/ratis/5a09ddb2-eb53-488a-b064-f87de5782b70
2019-09-19 14:38:37,235 [pool-208-thread-1] INFO  server.RaftServerConfigKeys (ConfUtils.java:logGet(43)) - raft.server.log.queue.byte-limit = 2147483647 (custom)
2019-09-19 14:38:37,235 [pool-208-thread-1] INFO  server.RaftServerConfigKeys (ConfUtils.java:logGet(43)) - raft.server.log.queue.element-limit = 1024 (custom)
2019-09-19 14:38:37,235 [pool-208-thread-1] INFO  server.RaftServerConfigKeys (ConfUtils.java:logGet(43)) - raft.server.log.segment.size.max = 1048576 (custom)
2019-09-19 14:38:37,235 [pool-208-thread-1] INFO  server.RaftServerConfigKeys (ConfUtils.java:logGet(43)) - raft.server.log.preallocated.size = 16384 (custom)
2019-09-19 14:38:37,236 [pool-208-thread-1] INFO  server.RaftServerConfigKeys (ConfUtils.java:logGet(43)) - raft.server.log.write.buffer.size = 33554432 (custom)
2019-09-19 14:38:37,236 [pool-208-thread-1] INFO  server.RaftServerConfigKeys (ConfUtils.java:logGet(43)) - raft.server.log.force.sync.num = 128 (default)
2019-09-19 14:38:37,236 [pool-208-thread-1] INFO  server.RaftServerConfigKeys (ConfUtils.java:logGet(43)) - raft.server.log.statemachine.data.sync = true (default)
2019-09-19 14:38:37,236 [pool-208-thread-1] INFO  server.RaftServerConfigKeys (ConfUtils.java:logGet(43)) - raft.server.log.statemachine.data.sync.timeout = 10s (default)
2019-09-19 14:38:37,237 [pool-208-thread-1] INFO  server.RaftServerConfigKeys (ConfUtils.java:logGet(43)) - raft.server.log.statemachine.data.sync.timeout.retry = -1 (default)
2019-09-19 14:38:37,237 [pool-208-thread-1] INFO  server.RaftServerConfigKeys (ConfUtils.java:logGet(43)) - raft.server.log.statemachine.data.caching.enabled = true (custom)
2019-09-19 14:38:37,237 [pool-208-thread-1] INFO  segmented.SegmentedRaftLogWorker (SegmentedRaftLogWorker.java:lambda$new$0(132)) - fec1dd95-6591-47a7-ae1d-7a016c77c9f0-SegmentedRaftLogWorker:Storage Directory /workdir/hadoop-ozone/ozonefs/target/test-dir/MiniOzoneClusterImpl-749d4081-1d77-4e7f-9728-45de1fba6f43/datanode-2/data/ratis/5a09ddb2-eb53-488a-b064-f87de5782b70: flushIndex: setUnconditionally 0 -> -1
2019-09-19 14:38:37,238 [pool-208-thread-1] INFO  server.RaftServerConfigKeys (ConfUtils.java:logGet(43)) - raft.server.snapshot.auto.trigger.enabled = true (custom)
2019-09-19 14:38:37,238 [pool-208-thread-1] INFO  server.RaftServerConfigKeys (ConfUtils.java:logGet(43)) - raft.server.snapshot.auto.trigger.threshold = 10000 (custom)
2019-09-19 14:38:37,238 [pool-208-thread-1] INFO  server.RaftServerConfigKeys (ConfUtils.java:logGet(43)) - raft.server.retrycache.expirytime = 600000ms (custom)
2019-09-19 14:38:37,238 [pool-208-thread-1] INFO  impl.RaftServerImpl (RaftServerImpl.java:start(180)) - fec1dd95-6591-47a7-ae1d-7a016c77c9f0: start group-F87DE5782B70
2019-09-19 14:38:37,239 [pool-208-thread-1] INFO  impl.RaftServerImpl (RaftServerImpl.java:setRole(171)) - fec1dd95-6591-47a7-ae1d-7a016c77c9f0:group-F87DE5782B70 changes role from null to FOLLOWER at term 0 for startAsFollower
2019-09-19 14:38:37,239 [pool-208-thread-1] INFO  impl.RoleInfo (RoleInfo.java:updateAndGet(143)) - fec1dd95-6591-47a7-ae1d-7a016c77c9f0: start FollowerState
2019-09-19 14:38:37,240 [pool-208-thread-1] INFO  util.JmxRegister (JmxRegister.java:tryRegister(44)) - Successfully registered JMX Bean with object name Ratis:service=RaftServer,group=group-F87DE5782B70,id=fec1dd95-6591-47a7-ae1d-7a016c77c9f0
2019-09-19 14:38:37,244 [RatisPipelineUtilsThread] INFO  pipeline.PipelineStateManager (PipelineStateManager.java:addPipeline(56)) - Created pipeline Pipeline[ Id: 5a09ddb2-eb53-488a-b064-f87de5782b70, Nodes: fec1dd95-6591-47a7-ae1d-7a016c77c9f0{ip: 192.168.5.132, host: pr-hdds-1569-rzdr8-3403194166, networkLocation: /default-rack, certSerialId: null}, Type:RATIS, Factor:ONE, State:OPEN]
2019-09-19 14:38:37,244 [RatisPipelineUtilsThread] ERROR pipeline.PipelinePlacementPolicy (PipelinePlacementPolicy.java:meetCriteria(91)) - Pipeline Placement: Doesn't meet the criteria to be viable node. Heaviness: 6
2019-09-19 14:38:37,244 [RatisPipelineUtilsThread] ERROR pipeline.PipelinePlacementPolicy (PipelinePlacementPolicy.java:meetCriteria(91)) - Pipeline Placement: Doesn't meet the criteria to be viable node. Heaviness: 6
2019-09-19 14:38:37,250 [grpc-default-executor-0] INFO  impl.RaftServerProxy (RaftServerProxy.java:addNew(89)) - fec1dd95-6591-47a7-ae1d-7a016c77c9f0: addNew group-BE67C1D25CDA:[fec1dd95-6591-47a7-ae1d-7a016c77c9f0:192.168.5.132:37510] returns group-BE67C1D25CDA:java.util.concurrent.CompletableFuture@3d2983d2[Not completed]
2019-09-19 14:38:37,252 [pool-208-thread-1] INFO  impl.RaftServerImpl (RaftServerImpl.java:<init>(93)) - fec1dd95-6591-47a7-ae1d-7a016c77c9f0: new RaftServerImpl for group-BE67C1D25CDA:[fec1dd95-6591-47a7-ae1d-7a016c77c9f0:192.168.5.132:37510] with ContainerStateMachine:uninitialized
2019-09-19 14:38:37,252 [pool-208-thread-1] INFO  server.RaftServerConfigKeys (ConfUtils.java:logGet(43)) - raft.server.rpc.timeout.min = 5s (custom)
2019-09-19 14:38:37,252 [pool-208-thread-1] INFO  server.RaftServerConfigKeys (ConfUtils.java:logGet(43)) - raft.server.rpc.timeout.max = 5200ms (custom)
2019-09-19 14:38:37,252 [pool-208-thread-1] INFO  server.RaftServerConfigKeys (ConfUtils.java:logGet(43)) - raft.server.rpcslowness.timeout = 120s (custom)
2019-09-19 14:38:37,252 [pool-208-thread-1] INFO  server.RaftServerConfigKeys (ConfUtils.java:logGet(43)) - raft.server.sleep.deviation.threshold = 300 (default)
2019-09-19 14:38:37,252 [pool-208-thread-1] INFO  server.RaftServerConfigKeys (ConfUtils.java:logGet(43)) - raft.server.log.appender.install.snapshot.enabled = false (custom)
2019-09-19 14:38:37,253 [pool-208-thread-1] INFO  impl.RaftServerImpl (ServerState.java:<init>(105)) - fec1dd95-6591-47a7-ae1d-7a016c77c9f0:group-BE67C1D25CDA ConfigurationManager, init=-1: [fec1dd95-6591-47a7-ae1d-7a016c77c9f0:192.168.5.132:37510], old=null, confs=<EMPTY_MAP>
2019-09-19 14:38:37,253 [pool-208-thread-1] INFO  server.RaftServerConfigKeys (ConfUtils.java:logGet(43)) - raft.server.storage.dir = [/workdir/hadoop-ozone/ozonefs/target/test-dir/MiniOzoneClusterImpl-749d4081-1d77-4e7f-9728-45de1fba6f43/datanode-2/data/ratis] (custom)
2019-09-19 14:38:37,253 [pool-208-thread-1] INFO  storage.RaftStorageDirectory (RaftStorageDirectory.java:analyzeStorage(246)) - The storage directory /workdir/hadoop-ozone/ozonefs/target/test-dir/MiniOzoneClusterImpl-749d4081-1d77-4e7f-9728-45de1fba6f43/datanode-2/data/ratis/bc4754f8-5554-4389-b398-be67c1d25cda does not exist. Creating ...
2019-09-19 14:38:37,276 [pool-208-thread-1] INFO  storage.RaftStorageDirectory (RaftStorageDirectory.java:tryLock(328)) - Lock on /workdir/hadoop-ozone/ozonefs/target/test-dir/MiniOzoneClusterImpl-749d4081-1d77-4e7f-9728-45de1fba6f43/datanode-2/data/ratis/bc4754f8-5554-4389-b398-be67c1d25cda/in_use.lock acquired by nodename 25220@pr-hdds-1569-rzdr8-3403194166
2019-09-19 14:38:37,293 [pool-208-thread-1] INFO  storage.RaftStorage (RaftStorage.java:format(72)) - Storage directory /workdir/hadoop-ozone/ozonefs/target/test-dir/MiniOzoneClusterImpl-749d4081-1d77-4e7f-9728-45de1fba6f43/datanode-2/data/ratis/bc4754f8-5554-4389-b398-be67c1d25cda has been successfully formatted.
2019-09-19 14:38:37,294 [pool-208-thread-1] INFO  ratis.ContainerStateMachine (ContainerStateMachine.java:loadSnapshot(226)) - group-BE67C1D25CDA: The snapshot info is null. Setting the last applied indexto:(t:0, i:~)
2019-09-19 14:38:37,294 [pool-208-thread-1] INFO  server.RaftServerConfigKeys (ConfUtils.java:logGet(43)) - raft.server.leader.election.timeout = 120s (custom)
2019-09-19 14:38:37,294 [pool-208-thread-1] INFO  server.RaftServerConfigKeys (ConfUtils.java:logGet(43)) - raft.server.log.use.memory = false (default)
2019-09-19 14:38:37,294 [pool-208-thread-1] INFO  server.RaftServerConfigKeys (ConfUtils.java:logGet(43)) - raft.server.log.purge.gap = 1000000 (custom)
2019-09-19 14:38:37,294 [pool-208-thread-1] INFO  server.RaftServerConfigKeys (ConfUtils.java:logGet(43)) - raft.server.log.appender.buffer.byte-limit = 33554432 (custom)
2019-09-19 14:38:37,295 [pool-208-thread-1] INFO  server.RaftServerConfigKeys (ConfUtils.java:logGet(43)) - raft.server.log.segment.size.max = 1048576 (custom)
2019-09-19 14:38:37,295 [pool-208-thread-1] INFO  server.RaftServerConfigKeys (ConfUtils.java:logGet(43)) - raft.server.log.segment.cache.num.max = 2 (custom)
2019-09-19 14:38:37,295 [pool-208-thread-1] INFO  segmented.SegmentedRaftLogWorker (SegmentedRaftLogWorker.java:<init>(172)) - new fec1dd95-6591-47a7-ae1d-7a016c77c9f0-SegmentedRaftLogWorker:Storage Directory /workdir/hadoop-ozone/ozonefs/target/test-dir/MiniOzoneClusterImpl-749d4081-1d77-4e7f-9728-45de1fba6f43/datanode-2/data/ratis/bc4754f8-5554-4389-b398-be67c1d25cda for RaftStorage:Storage Directory /workdir/hadoop-ozone/ozonefs/target/test-dir/MiniOzoneClusterImpl-749d4081-1d77-4e7f-9728-45de1fba6f43/datanode-2/data/ratis/bc4754f8-5554-4389-b398-be67c1d25cda
2019-09-19 14:38:37,295 [pool-208-thread-1] INFO  server.RaftServerConfigKeys (ConfUtils.java:logGet(43)) - raft.server.log.queue.byte-limit = 2147483647 (custom)
2019-09-19 14:38:37,295 [pool-208-thread-1] INFO  server.RaftServerConfigKeys (ConfUtils.java:logGet(43)) - raft.server.log.queue.element-limit = 1024 (custom)
2019-09-19 14:38:37,296 [pool-208-thread-1] INFO  server.RaftServerConfigKeys (ConfUtils.java:logGet(43)) - raft.server.log.segment.size.max = 1048576 (custom)
2019-09-19 14:38:37,296 [pool-208-thread-1] INFO  server.RaftServerConfigKeys (ConfUtils.java:logGet(43)) - raft.server.log.preallocated.size = 16384 (custom)
2019-09-19 14:38:37,296 [pool-208-thread-1] INFO  server.RaftServerConfigKeys (ConfUtils.java:logGet(43)) - raft.server.log.write.buffer.size = 33554432 (custom)
2019-09-19 14:38:37,296 [pool-208-thread-1] INFO  server.RaftServerConfigKeys (ConfUtils.java:logGet(43)) - raft.server.log.force.sync.num = 128 (default)
2019-09-19 14:38:37,296 [pool-208-thread-1] INFO  server.RaftServerConfigKeys (ConfUtils.java:logGet(43)) - raft.server.log.statemachine.data.sync = true (default)
2019-09-19 14:38:37,296 [pool-208-thread-1] INFO  server.RaftServerConfigKeys (ConfUtils.java:logGet(43)) - raft.server.log.statemachine.data.sync.timeout = 10s (default)
2019-09-19 14:38:37,296 [pool-208-thread-1] INFO  server.RaftServerConfigKeys (ConfUtils.java:logGet(43)) - raft.server.log.statemachine.data.sync.timeout.retry = -1 (default)
2019-09-19 14:38:37,297 [pool-208-thread-1] INFO  server.RaftServerConfigKeys (ConfUtils.java:logGet(43)) - raft.server.log.statemachine.data.caching.enabled = true (custom)
2019-09-19 14:38:37,297 [pool-208-thread-1] INFO  segmented.SegmentedRaftLogWorker (SegmentedRaftLogWorker.java:lambda$new$0(132)) - fec1dd95-6591-47a7-ae1d-7a016c77c9f0-SegmentedRaftLogWorker:Storage Directory /workdir/hadoop-ozone/ozonefs/target/test-dir/MiniOzoneClusterImpl-749d4081-1d77-4e7f-9728-45de1fba6f43/datanode-2/data/ratis/bc4754f8-5554-4389-b398-be67c1d25cda: flushIndex: setUnconditionally 0 -> -1
2019-09-19 14:38:37,297 [pool-208-thread-1] INFO  server.RaftServerConfigKeys (ConfUtils.java:logGet(43)) - raft.server.snapshot.auto.trigger.enabled = true (custom)
2019-09-19 14:38:37,297 [pool-208-thread-1] INFO  server.RaftServerConfigKeys (ConfUtils.java:logGet(43)) - raft.server.snapshot.auto.trigger.threshold = 10000 (custom)
2019-09-19 14:38:37,297 [pool-208-thread-1] INFO  server.RaftServerConfigKeys (ConfUtils.java:logGet(43)) - raft.server.retrycache.expirytime = 600000ms (custom)
2019-09-19 14:38:37,298 [pool-208-thread-1] INFO  impl.RaftServerImpl (RaftServerImpl.java:start(180)) - fec1dd95-6591-47a7-ae1d-7a016c77c9f0: start group-BE67C1D25CDA
2019-09-19 14:38:37,298 [pool-208-thread-1] INFO  impl.RaftServerImpl (RaftServerImpl.java:setRole(171)) - fec1dd95-6591-47a7-ae1d-7a016c77c9f0:group-BE67C1D25CDA changes role from null to FOLLOWER at term 0 for startAsFollower
2019-09-19 14:38:37,298 [pool-208-thread-1] INFO  impl.RoleInfo (RoleInfo.java:updateAndGet(143)) - fec1dd95-6591-47a7-ae1d-7a016c77c9f0: start FollowerState
2019-09-19 14:38:37,298 [pool-208-thread-1] INFO  util.JmxRegister (JmxRegister.java:tryRegister(44)) - Successfully registered JMX Bean with object name Ratis:service=RaftServer,group=group-BE67C1D25CDA,id=fec1dd95-6591-47a7-ae1d-7a016c77c9f0
2019-09-19 14:38:37,302 [RatisPipelineUtilsThread] INFO  pipeline.PipelineStateManager (PipelineStateManager.java:addPipeline(56)) - Created pipeline Pipeline[ Id: bc4754f8-5554-4389-b398-be67c1d25cda, Nodes: fec1dd95-6591-47a7-ae1d-7a016c77c9f0{ip: 192.168.5.132, host: pr-hdds-1569-rzdr8-3403194166, networkLocation: /default-rack, certSerialId: null}, Type:RATIS, Factor:ONE, State:OPEN]
2019-09-19 14:38:37,302 [RatisPipelineUtilsThread] ERROR pipeline.PipelinePlacementPolicy (PipelinePlacementPolicy.java:meetCriteria(91)) - Pipeline Placement: Doesn't meet the criteria to be viable node. Heaviness: 6
2019-09-19 14:38:37,302 [RatisPipelineUtilsThread] ERROR pipeline.PipelinePlacementPolicy (PipelinePlacementPolicy.java:meetCriteria(91)) - Pipeline Placement: Doesn't meet the criteria to be viable node. Heaviness: 6
2019-09-19 14:38:37,308 [grpc-default-executor-0] INFO  impl.RaftServerProxy (RaftServerProxy.java:addNew(89)) - fec1dd95-6591-47a7-ae1d-7a016c77c9f0: addNew group-6F8E45282B89:[fec1dd95-6591-47a7-ae1d-7a016c77c9f0:192.168.5.132:37510] returns group-6F8E45282B89:java.util.concurrent.CompletableFuture@79b508d4[Not completed]
2019-09-19 14:38:37,309 [pool-208-thread-1] INFO  impl.RaftServerImpl (RaftServerImpl.java:<init>(93)) - fec1dd95-6591-47a7-ae1d-7a016c77c9f0: new RaftServerImpl for group-6F8E45282B89:[fec1dd95-6591-47a7-ae1d-7a016c77c9f0:192.168.5.132:37510] with ContainerStateMachine:uninitialized
2019-09-19 14:38:37,309 [pool-208-thread-1] INFO  server.RaftServerConfigKeys (ConfUtils.java:logGet(43)) - raft.server.rpc.timeout.min = 5s (custom)
2019-09-19 14:38:37,310 [pool-208-thread-1] INFO  server.RaftServerConfigKeys (ConfUtils.java:logGet(43)) - raft.server.rpc.timeout.max = 5200ms (custom)
2019-09-19 14:38:37,310 [pool-208-thread-1] INFO  server.RaftServerConfigKeys (ConfUtils.java:logGet(43)) - raft.server.rpcslowness.timeout = 120s (custom)
2019-09-19 14:38:37,310 [pool-208-thread-1] INFO  server.RaftServerConfigKeys (ConfUtils.java:logGet(43)) - raft.server.sleep.deviation.threshold = 300 (default)
2019-09-19 14:38:37,310 [pool-208-thread-1] INFO  server.RaftServerConfigKeys (ConfUtils.java:logGet(43)) - raft.server.log.appender.install.snapshot.enabled = false (custom)
2019-09-19 14:38:37,310 [pool-208-thread-1] INFO  impl.RaftServerImpl (ServerState.java:<init>(105)) - fec1dd95-6591-47a7-ae1d-7a016c77c9f0:group-6F8E45282B89 ConfigurationManager, init=-1: [fec1dd95-6591-47a7-ae1d-7a016c77c9f0:192.168.5.132:37510], old=null, confs=<EMPTY_MAP>
2019-09-19 14:38:37,310 [pool-208-thread-1] INFO  server.RaftServerConfigKeys (ConfUtils.java:logGet(43)) - raft.server.storage.dir = [/workdir/hadoop-ozone/ozonefs/target/test-dir/MiniOzoneClusterImpl-749d4081-1d77-4e7f-9728-45de1fba6f43/datanode-2/data/ratis] (custom)
2019-09-19 14:38:37,310 [pool-208-thread-1] INFO  storage.RaftStorageDirectory (RaftStorageDirectory.java:analyzeStorage(246)) - The storage directory /workdir/hadoop-ozone/ozonefs/target/test-dir/MiniOzoneClusterImpl-749d4081-1d77-4e7f-9728-45de1fba6f43/datanode-2/data/ratis/c9311dfe-fd85-4161-a425-6f8e45282b89 does not exist. Creating ...
2019-09-19 14:38:37,324 [pool-208-thread-1] INFO  storage.RaftStorageDirectory (RaftStorageDirectory.java:tryLock(328)) - Lock on /workdir/hadoop-ozone/ozonefs/target/test-dir/MiniOzoneClusterImpl-749d4081-1d77-4e7f-9728-45de1fba6f43/datanode-2/data/ratis/c9311dfe-fd85-4161-a425-6f8e45282b89/in_use.lock acquired by nodename 25220@pr-hdds-1569-rzdr8-3403194166
2019-09-19 14:38:37,337 [pool-208-thread-1] INFO  storage.RaftStorage (RaftStorage.java:format(72)) - Storage directory /workdir/hadoop-ozone/ozonefs/target/test-dir/MiniOzoneClusterImpl-749d4081-1d77-4e7f-9728-45de1fba6f43/datanode-2/data/ratis/c9311dfe-fd85-4161-a425-6f8e45282b89 has been successfully formatted.
2019-09-19 14:38:37,337 [pool-208-thread-1] INFO  ratis.ContainerStateMachine (ContainerStateMachine.java:loadSnapshot(226)) - group-6F8E45282B89: The snapshot info is null. Setting the last applied indexto:(t:0, i:~)
2019-09-19 14:38:37,337 [pool-208-thread-1] INFO  server.RaftServerConfigKeys (ConfUtils.java:logGet(43)) - raft.server.leader.election.timeout = 120s (custom)
2019-09-19 14:38:37,337 [pool-208-thread-1] INFO  server.RaftServerConfigKeys (ConfUtils.java:logGet(43)) - raft.server.log.use.memory = false (default)
2019-09-19 14:38:37,338 [pool-208-thread-1] INFO  server.RaftServerConfigKeys (ConfUtils.java:logGet(43)) - raft.server.log.purge.gap = 1000000 (custom)
2019-09-19 14:38:37,338 [pool-208-thread-1] INFO  server.RaftServerConfigKeys (ConfUtils.java:logGet(43)) - raft.server.log.appender.buffer.byte-limit = 33554432 (custom)
2019-09-19 14:38:37,338 [pool-208-thread-1] INFO  server.RaftServerConfigKeys (ConfUtils.java:logGet(43)) - raft.server.log.segment.size.max = 1048576 (custom)
2019-09-19 14:38:37,338 [pool-208-thread-1] INFO  server.RaftServerConfigKeys (ConfUtils.java:logGet(43)) - raft.server.log.segment.cache.num.max = 2 (custom)
2019-09-19 14:38:37,338 [pool-208-thread-1] INFO  segmented.SegmentedRaftLogWorker (SegmentedRaftLogWorker.java:<init>(172)) - new fec1dd95-6591-47a7-ae1d-7a016c77c9f0-SegmentedRaftLogWorker:Storage Directory /workdir/hadoop-ozone/ozonefs/target/test-dir/MiniOzoneClusterImpl-749d4081-1d77-4e7f-9728-45de1fba6f43/datanode-2/data/ratis/c9311dfe-fd85-4161-a425-6f8e45282b89 for RaftStorage:Storage Directory /workdir/hadoop-ozone/ozonefs/target/test-dir/MiniOzoneClusterImpl-749d4081-1d77-4e7f-9728-45de1fba6f43/datanode-2/data/ratis/c9311dfe-fd85-4161-a425-6f8e45282b89
2019-09-19 14:38:37,339 [pool-208-thread-1] INFO  server.RaftServerConfigKeys (ConfUtils.java:logGet(43)) - raft.server.log.queue.byte-limit = 2147483647 (custom)
2019-09-19 14:38:37,339 [pool-208-thread-1] INFO  server.RaftServerConfigKeys (ConfUtils.java:logGet(43)) - raft.server.log.queue.element-limit = 1024 (custom)
2019-09-19 14:38:37,339 [pool-208-thread-1] INFO  server.RaftServerConfigKeys (ConfUtils.java:logGet(43)) - raft.server.log.segment.size.max = 1048576 (custom)
2019-09-19 14:38:37,339 [pool-208-thread-1] INFO  server.RaftServerConfigKeys (ConfUtils.java:logGet(43)) - raft.server.log.preallocated.size = 16384 (custom)
2019-09-19 14:38:37,339 [pool-208-thread-1] INFO  server.RaftServerConfigKeys (ConfUtils.java:logGet(43)) - raft.server.log.write.buffer.size = 33554432 (custom)
2019-09-19 14:38:37,339 [pool-208-thread-1] INFO  server.RaftServerConfigKeys (ConfUtils.java:logGet(43)) - raft.server.log.force.sync.num = 128 (default)
2019-09-19 14:38:37,340 [pool-208-thread-1] INFO  server.RaftServerConfigKeys (ConfUtils.java:logGet(43)) - raft.server.log.statemachine.data.sync = true (default)
2019-09-19 14:38:37,340 [pool-208-thread-1] INFO  server.RaftServerConfigKeys (ConfUtils.java:logGet(43)) - raft.server.log.statemachine.data.sync.timeout = 10s (default)
2019-09-19 14:38:37,340 [pool-208-thread-1] INFO  server.RaftServerConfigKeys (ConfUtils.java:logGet(43)) - raft.server.log.statemachine.data.sync.timeout.retry = -1 (default)
2019-09-19 14:38:37,340 [pool-208-thread-1] INFO  server.RaftServerConfigKeys (ConfUtils.java:logGet(43)) - raft.server.log.statemachine.data.caching.enabled = true (custom)
2019-09-19 14:38:37,341 [pool-208-thread-1] INFO  segmented.SegmentedRaftLogWorker (SegmentedRaftLogWorker.java:lambda$new$0(132)) - fec1dd95-6591-47a7-ae1d-7a016c77c9f0-SegmentedRaftLogWorker:Storage Directory /workdir/hadoop-ozone/ozonefs/target/test-dir/MiniOzoneClusterImpl-749d4081-1d77-4e7f-9728-45de1fba6f43/datanode-2/data/ratis/c9311dfe-fd85-4161-a425-6f8e45282b89: flushIndex: setUnconditionally 0 -> -1
2019-09-19 14:38:37,341 [pool-208-thread-1] INFO  server.RaftServerConfigKeys (ConfUtils.java:logGet(43)) - raft.server.snapshot.auto.trigger.enabled = true (custom)
2019-09-19 14:38:37,341 [pool-208-thread-1] INFO  server.RaftServerConfigKeys (ConfUtils.java:logGet(43)) - raft.server.snapshot.auto.trigger.threshold = 10000 (custom)
2019-09-19 14:38:37,341 [pool-208-thread-1] INFO  server.RaftServerConfigKeys (ConfUtils.java:logGet(43)) - raft.server.retrycache.expirytime = 600000ms (custom)
2019-09-19 14:38:37,342 [pool-208-thread-1] INFO  impl.RaftServerImpl (RaftServerImpl.java:start(180)) - fec1dd95-6591-47a7-ae1d-7a016c77c9f0: start group-6F8E45282B89
2019-09-19 14:38:37,342 [pool-208-thread-1] INFO  impl.RaftServerImpl (RaftServerImpl.java:setRole(171)) - fec1dd95-6591-47a7-ae1d-7a016c77c9f0:group-6F8E45282B89 changes role from null to FOLLOWER at term 0 for startAsFollower
2019-09-19 14:38:37,342 [pool-208-thread-1] INFO  impl.RoleInfo (RoleInfo.java:updateAndGet(143)) - fec1dd95-6591-47a7-ae1d-7a016c77c9f0: start FollowerState
2019-09-19 14:38:37,342 [pool-208-thread-1] INFO  util.JmxRegister (JmxRegister.java:tryRegister(44)) - Successfully registered JMX Bean with object name Ratis:service=RaftServer,group=group-6F8E45282B89,id=fec1dd95-6591-47a7-ae1d-7a016c77c9f0
2019-09-19 14:38:37,346 [RatisPipelineUtilsThread] INFO  pipeline.PipelineStateManager (PipelineStateManager.java:addPipeline(56)) - Created pipeline Pipeline[ Id: c9311dfe-fd85-4161-a425-6f8e45282b89, Nodes: fec1dd95-6591-47a7-ae1d-7a016c77c9f0{ip: 192.168.5.132, host: pr-hdds-1569-rzdr8-3403194166, networkLocation: /default-rack, certSerialId: null}, Type:RATIS, Factor:ONE, State:OPEN]
2019-09-19 14:38:37,346 [RatisPipelineUtilsThread] ERROR pipeline.PipelinePlacementPolicy (PipelinePlacementPolicy.java:meetCriteria(91)) - Pipeline Placement: Doesn't meet the criteria to be viable node. Heaviness: 6
2019-09-19 14:38:37,347 [RatisPipelineUtilsThread] ERROR pipeline.PipelinePlacementPolicy (PipelinePlacementPolicy.java:meetCriteria(91)) - Pipeline Placement: Doesn't meet the criteria to be viable node. Heaviness: 6
2019-09-19 14:38:37,347 [RatisPipelineUtilsThread] ERROR pipeline.PipelinePlacementPolicy (PipelinePlacementPolicy.java:meetCriteria(91)) - Pipeline Placement: Doesn't meet the criteria to be viable node. Heaviness: 6
2019-09-19 14:38:37,347 [RatisPipelineUtilsThread] ERROR pipeline.PipelinePlacementPolicy (PipelinePlacementPolicy.java:filterViableNodes(146)) - Unable to find enough nodes that meet the criteria that cannot engage in more than 5 pipelines. Nodes required: 1 Found: 0, healthy nodes count inNodeManager: 3.
2019-09-19 14:38:37,347 [RatisPipelineUtilsThread] ERROR pipeline.SCMPipelineManager (SCMPipelineManager.java:createPipeline(161)) - Pipeline creation failed due to exception: Unable to find enough nodes that meet the criteria that cannot engage in more than 5 pipelines. Nodes required: 1 Found: 0, healthy nodes count inNodeManager: 3.
2019-09-19 14:38:37,347 [RatisPipelineUtilsThread] ERROR pipeline.PipelinePlacementPolicy (PipelinePlacementPolicy.java:meetCriteria(91)) - Pipeline Placement: Doesn't meet the criteria to be viable node. Heaviness: 6
2019-09-19 14:38:37,347 [RatisPipelineUtilsThread] ERROR pipeline.PipelinePlacementPolicy (PipelinePlacementPolicy.java:meetCriteria(91)) - Pipeline Placement: Doesn't meet the criteria to be viable node. Heaviness: 6
2019-09-19 14:38:37,348 [RatisPipelineUtilsThread] ERROR pipeline.PipelinePlacementPolicy (PipelinePlacementPolicy.java:meetCriteria(91)) - Pipeline Placement: Doesn't meet the criteria to be viable node. Heaviness: 6
2019-09-19 14:38:37,348 [RatisPipelineUtilsThread] ERROR pipeline.PipelinePlacementPolicy (PipelinePlacementPolicy.java:filterViableNodes(146)) - Unable to find enough nodes that meet the criteria that cannot engage in more than 5 pipelines. Nodes required: 3 Found: 0, healthy nodes count inNodeManager: 3.
2019-09-19 14:38:37,348 [RatisPipelineUtilsThread] ERROR pipeline.SCMPipelineManager (SCMPipelineManager.java:createPipeline(161)) - Pipeline creation failed due to exception: Unable to find enough nodes that meet the criteria that cannot engage in more than 5 pipelines. Nodes required: 3 Found: 0, healthy nodes count inNodeManager: 3.
2019-09-19 14:38:37,348 [RatisPipelineUtilsThread] ERROR pipeline.PipelinePlacementPolicy (PipelinePlacementPolicy.java:meetCriteria(91)) - Pipeline Placement: Doesn't meet the criteria to be viable node. Heaviness: 6
2019-09-19 14:38:37,348 [RatisPipelineUtilsThread] ERROR pipeline.PipelinePlacementPolicy (PipelinePlacementPolicy.java:meetCriteria(91)) - Pipeline Placement: Doesn't meet the criteria to be viable node. Heaviness: 6
2019-09-19 14:38:37,349 [RatisPipelineUtilsThread] ERROR pipeline.PipelinePlacementPolicy (PipelinePlacementPolicy.java:meetCriteria(91)) - Pipeline Placement: Doesn't meet the criteria to be viable node. Heaviness: 6
2019-09-19 14:38:37,349 [RatisPipelineUtilsThread] ERROR pipeline.PipelinePlacementPolicy (PipelinePlacementPolicy.java:filterViableNodes(146)) - Unable to find enough nodes that meet the criteria that cannot engage in more than 5 pipelines. Nodes required: 1 Found: 0, healthy nodes count inNodeManager: 3.
2019-09-19 14:38:37,349 [RatisPipelineUtilsThread] ERROR pipeline.SCMPipelineManager (SCMPipelineManager.java:createPipeline(161)) - Pipeline creation failed due to exception: Unable to find enough nodes that meet the criteria that cannot engage in more than 5 pipelines. Nodes required: 1 Found: 0, healthy nodes count inNodeManager: 3.
2019-09-19 14:38:37,349 [RatisPipelineUtilsThread] ERROR pipeline.PipelinePlacementPolicy (PipelinePlacementPolicy.java:meetCriteria(91)) - Pipeline Placement: Doesn't meet the criteria to be viable node. Heaviness: 6
2019-09-19 14:38:37,349 [RatisPipelineUtilsThread] ERROR pipeline.PipelinePlacementPolicy (PipelinePlacementPolicy.java:meetCriteria(91)) - Pipeline Placement: Doesn't meet the criteria to be viable node. Heaviness: 6
2019-09-19 14:38:37,349 [RatisPipelineUtilsThread] ERROR pipeline.PipelinePlacementPolicy (PipelinePlacementPolicy.java:meetCriteria(91)) - Pipeline Placement: Doesn't meet the criteria to be viable node. Heaviness: 6
2019-09-19 14:38:37,350 [RatisPipelineUtilsThread] ERROR pipeline.PipelinePlacementPolicy (PipelinePlacementPolicy.java:filterViableNodes(146)) - Unable to find enough nodes that meet the criteria that cannot engage in more than 5 pipelines. Nodes required: 3 Found: 0, healthy nodes count inNodeManager: 3.
2019-09-19 14:38:37,350 [RatisPipelineUtilsThread] ERROR pipeline.SCMPipelineManager (SCMPipelineManager.java:createPipeline(161)) - Pipeline creation failed due to exception: Unable to find enough nodes that meet the criteria that cannot engage in more than 5 pipelines. Nodes required: 3 Found: 0, healthy nodes count inNodeManager: 3.
2019-09-19 14:38:37,520 [Thread-796] INFO  ozone.MiniOzoneClusterImpl (MiniOzoneClusterImpl.java:lambda$waitForClusterToBeReady$0(142)) - Cluster is ready. Got 3 of 3 DN Heartbeats.
2019-09-19 14:38:37,768 | INFO  | OMAudit | user=jenkins1000 | ip=127.0.0.1 | op=CREATE_VOLUME {admin=admin93062, owner=user86184, volume=volume84732, creationTime=1568903917767, quotaInBytes=1152921504606846976} | ret=SUCCESS |  
2019-09-19 14:38:37,778 | INFO  | OMAudit | user=jenkins1000 | ip=127.0.0.1 | op=CREATE_BUCKET {volume=volume84732, bucket=bucket66009, acls=[], isVersionEnabled=false, storageType=DISK, creationTime=0} | ret=SUCCESS |  
2019-09-19 14:38:37,798 | INFO  | OMAudit | user=jenkins1000 | ip=127.0.0.1 | op=READ_VOLUME {volume=volume84732} | ret=SUCCESS |  
2019-09-19 14:38:37,800 | INFO  | OMAudit | user=jenkins1000 | ip=127.0.0.1 | op=READ_BUCKET {volume=volume84732, bucket=bucket66009} | ret=SUCCESS |  
2019-09-19 14:38:37,831 [IPC Server handler 2 on 41509] ERROR pipeline.PipelinePlacementPolicy (PipelinePlacementPolicy.java:meetCriteria(91)) - Pipeline Placement: Doesn't meet the criteria to be viable node. Heaviness: 6
2019-09-19 14:38:37,832 [IPC Server handler 2 on 41509] ERROR pipeline.PipelinePlacementPolicy (PipelinePlacementPolicy.java:meetCriteria(91)) - Pipeline Placement: Doesn't meet the criteria to be viable node. Heaviness: 6
2019-09-19 14:38:37,832 [IPC Server handler 2 on 41509] ERROR pipeline.PipelinePlacementPolicy (PipelinePlacementPolicy.java:meetCriteria(91)) - Pipeline Placement: Doesn't meet the criteria to be viable node. Heaviness: 6
2019-09-19 14:38:37,832 [IPC Server handler 2 on 41509] ERROR pipeline.PipelinePlacementPolicy (PipelinePlacementPolicy.java:filterViableNodes(146)) - Unable to find enough nodes that meet the criteria that cannot engage in more than 5 pipelines. Nodes required: 3 Found: 0, healthy nodes count inNodeManager: 3.
2019-09-19 14:38:37,833 [IPC Server handler 2 on 41509] ERROR pipeline.SCMPipelineManager (SCMPipelineManager.java:createPipeline(161)) - Pipeline creation failed due to exception: Unable to find enough nodes that meet the criteria that cannot engage in more than 5 pipelines. Nodes required: 3 Found: 0, healthy nodes count inNodeManager: 3.
2019-09-19 14:38:37,833 [IPC Server handler 2 on 41509] WARN  block.BlockManagerImpl (BlockManagerImpl.java:allocateBlock(192)) - Pipeline creation failed for type:RATIS factor:THREE. Retrying get pipelines call once.
org.apache.hadoop.hdds.scm.exceptions.SCMException: Unable to find enough nodes that meet the criteria that cannot engage in more than 5 pipelines. Nodes required: 3 Found: 0, healthy nodes count inNodeManager: 3.
	at org.apache.hadoop.hdds.scm.pipeline.PipelinePlacementPolicy.filterViableNodes(PipelinePlacementPolicy.java:147)
	at org.apache.hadoop.hdds.scm.pipeline.PipelinePlacementPolicy.chooseDatanodes(PipelinePlacementPolicy.java:170)
	at org.apache.hadoop.hdds.scm.pipeline.RatisPipelineProvider.create(RatisPipelineProvider.java:92)
	at org.apache.hadoop.hdds.scm.pipeline.PipelineFactory.create(PipelineFactory.java:57)
	at org.apache.hadoop.hdds.scm.pipeline.SCMPipelineManager.createPipeline(SCMPipelineManager.java:149)
	at org.apache.hadoop.hdds.scm.block.BlockManagerImpl.allocateBlock(BlockManagerImpl.java:190)
	at org.apache.hadoop.hdds.scm.server.SCMBlockProtocolServer.allocateBlock(SCMBlockProtocolServer.java:175)
	at org.apache.hadoop.ozone.protocolPB.ScmBlockLocationProtocolServerSideTranslatorPB.allocateScmBlock(ScmBlockLocationProtocolServerSideTranslatorPB.java:153)
	at org.apache.hadoop.ozone.protocolPB.ScmBlockLocationProtocolServerSideTranslatorPB.send(ScmBlockLocationProtocolServerSideTranslatorPB.java:112)
	at org.apache.hadoop.hdds.protocol.proto.ScmBlockLocationProtocolProtos$ScmBlockLocationProtocolService$2.callBlockingMethod(ScmBlockLocationProtocolProtos.java:13157)
	at org.apache.hadoop.ipc.ProtobufRpcEngine$Server$ProtoBufRpcInvoker.call(ProtobufRpcEngine.java:524)
	at org.apache.hadoop.ipc.RPC$Server.call(RPC.java:1025)
	at org.apache.hadoop.ipc.Server$RpcCall.run(Server.java:876)
	at org.apache.hadoop.ipc.Server$RpcCall.run(Server.java:822)
	at java.security.AccessController.doPrivileged(Native Method)
	at javax.security.auth.Subject.doAs(Subject.java:422)
	at org.apache.hadoop.security.UserGroupInformation.doAs(UserGroupInformation.java:1730)
	at org.apache.hadoop.ipc.Server$Handler.run(Server.java:2682)
2019-09-19 14:38:37,834 [IPC Server handler 2 on 41509] INFO  block.BlockManagerImpl (BlockManagerImpl.java:allocateBlock(198)) - Could not find available pipeline of type:RATIS and factor:THREE even after retrying
2019-09-19 14:38:37,834 [IPC Server handler 2 on 41509] ERROR block.BlockManagerImpl (BlockManagerImpl.java:allocateBlock(222)) - Unable to allocate a block for the size: 4194304, type: RATIS, factor: THREE
2019-09-19 14:38:37,834 | INFO  | SCMAudit | user=jenkins1000 | ip=192.168.5.132 | op=ALLOCATE_BLOCK {owner=16b8ecab-6a6b-48e5-a614-a7a4b8cc7a05, size=4194304, type=RATIS, factor=THREE} | ret=SUCCESS |  
2019-09-19 14:38:37,835 | ERROR | OMAudit | user=jenkins1000 | ip=127.0.0.1 | op=CREATE_FILE {volume=volume84732, bucket=bucket66009, key=testListStatus/key1, dataSize=0, replicationType=RATIS, replicationFactor=THREE, keyLocationInfo=null} | ret=FAILURE | org.apache.hadoop.hdds.scm.exceptions.SCMException: Allocated 0 blocks. Requested 1 blocks
	at org.apache.hadoop.hdds.scm.protocolPB.ScmBlockLocationProtocolClientSideTranslatorPB.handleError(ScmBlockLocationProtocolClientSideTranslatorPB.java:118)
	at org.apache.hadoop.hdds.scm.protocolPB.ScmBlockLocationProtocolClientSideTranslatorPB.allocateBlock(ScmBlockLocationProtocolClientSideTranslatorPB.java:156) 
2019-09-19 14:38:37,838 [Thread-796] INFO  ozone.MiniOzoneClusterImpl (MiniOzoneClusterImpl.java:shutdown(321)) - Shutting down the Mini Ozone Cluster
2019-09-19 14:38:37,838 | INFO  | SCMAudit | user=null | ip=null | op=GET_SCM_INFO null | ret=SUCCESS |  
2019-09-19 14:38:37,838 [Thread-796] INFO  ozone.MiniOzoneClusterImpl (MiniOzoneClusterImpl.java:stop(336)) - Stopping the Mini Ozone Cluster
2019-09-19 14:38:37,838 [Thread-796] INFO  ozone.MiniOzoneClusterImpl (MiniOzoneClusterImpl.java:stop(338)) - Stopping the OzoneManager
2019-09-19 14:38:37,838 [Thread-796] INFO  ipc.Server (Server.java:stop(3082)) - Stopping server on 39263
2019-09-19 14:38:37,841 [Thread-796] INFO  ratis.OzoneManagerDoubleBuffer (OzoneManagerDoubleBuffer.java:stop(248)) - Stopping OMDoubleBuffer flush thread
2019-09-19 14:38:37,841 [IPC Server listener on 39263] INFO  ipc.Server (Server.java:run(1185)) - Stopping IPC Server listener on 39263
2019-09-19 14:38:37,841 [IPC Server Responder] INFO  ipc.Server (Server.java:run(1319)) - Stopping IPC Server Responder
2019-09-19 14:38:37,841 [OMDoubleBufferFlushThread] INFO  ratis.OzoneManagerDoubleBuffer (OzoneManagerDoubleBuffer.java:flushTransactions(191)) - OMDoubleBuffer flush thread OMDoubleBufferFlushThread is interrupted and will exit. OMDoubleBufferFlushThread
2019-09-19 14:38:37,843 [Thread-796] INFO  utils.BackgroundService (BackgroundService.java:shutdown(148)) - Shutting down service KeyDeletingService
2019-09-19 14:38:37,844 [Thread-796] INFO  handler.ContextHandler (ContextHandler.java:doStop(910)) - Stopped o.e.j.w.WebAppContext@5d125d9b{/,null,UNAVAILABLE}{/ozoneManager}
2019-09-19 14:38:37,845 [Thread-796] INFO  server.AbstractConnector (AbstractConnector.java:doStop(318)) - Stopped ServerConnector@4bb234fa{HTTP/1.1,[http/1.1]}{0.0.0.0:0}
2019-09-19 14:38:37,845 [Thread-796] INFO  handler.ContextHandler (ContextHandler.java:doStop(910)) - Stopped o.e.j.s.ServletContextHandler@28803759{/static,jar:file:/home/user/.m2/repository/org/apache/hadoop/hadoop-ozone-ozone-manager/0.5.0-SNAPSHOT/hadoop-ozone-ozone-manager-0.5.0-SNAPSHOT.jar!/webapps/static,UNAVAILABLE}
2019-09-19 14:38:37,845 [Thread-796] INFO  handler.ContextHandler (ContextHandler.java:doStop(910)) - Stopped o.e.j.s.ServletContextHandler@545c3a31{/logs,file:///workdir/hadoop-ozone/ozonefs/target/log,UNAVAILABLE}
2019-09-19 14:38:37,847 [Thread-796] INFO  ozone.MiniOzoneClusterImpl (MiniOzoneClusterImpl.java:stop(344)) - Shutting the HddsDatanodes
2019-09-19 14:38:37,848 [Thread-796] INFO  datanode.ObjectStoreHandler (ObjectStoreHandler.java:close(155)) - Closing ObjectStoreHandler.
2019-09-19 14:38:37,848 [ForkJoinPool.commonPool-worker-0] INFO  datanode.ObjectStoreHandler (ObjectStoreHandler.java:close(155)) - Closing ObjectStoreHandler.
2019-09-19 14:38:37,848 [Thread-796] INFO  ozone.HddsDatanodeService (HddsDatanodeService.java:stop(451)) - Stopped plug-in org.apache.hadoop.ozone.web.OzoneHddsDatanodeService@58cc4750
2019-09-19 14:38:37,848 [ForkJoinPool.commonPool-worker-0] INFO  ozone.HddsDatanodeService (HddsDatanodeService.java:stop(451)) - Stopped plug-in org.apache.hadoop.ozone.web.OzoneHddsDatanodeService@2aa3686b
2019-09-19 14:38:38,128 [Datanode State Machine Thread - 0] INFO  statemachine.DatanodeStateMachine (DatanodeStateMachine.java:lambda$startDaemon$0(350)) - Ozone container server started.
2019-09-19 14:38:38,344 [Datanode State Machine Thread - 0] INFO  statemachine.DatanodeStateMachine (DatanodeStateMachine.java:lambda$startDaemon$0(350)) - Ozone container server started.
2019-09-19 14:38:38,520 | INFO  | SCMAudit | user=jenkins1000 | ip=192.168.5.132 | op=SEND_HEARTBEAT {datanodeUUID=fec1dd95-6591-47a7-ae1d-7a016c77c9f0, command=[]} | ret=SUCCESS |  
2019-09-19 14:38:39,140 [Thread-968] INFO  container.ReplicationManager (ReplicationManager.java:start(151)) - Starting Replication Monitor Thread.
2019-09-19 14:38:39,142 [ReplicationMonitor] INFO  container.ReplicationManager (ReplicationManager.java:run(214)) - Replication Monitor Thread took 0 milliseconds for processing 0 containers.
2019-09-19 14:38:39,520 | INFO  | SCMAudit | user=jenkins1000 | ip=192.168.5.132 | op=SEND_HEARTBEAT {datanodeUUID=fec1dd95-6591-47a7-ae1d-7a016c77c9f0, command=[]} | ret=SUCCESS |  
2019-09-19 14:38:40,520 | INFO  | SCMAudit | user=jenkins1000 | ip=192.168.5.132 | op=SEND_HEARTBEAT {datanodeUUID=fec1dd95-6591-47a7-ae1d-7a016c77c9f0, command=[]} | ret=SUCCESS |  
2019-09-19 14:38:41,332 [Thread-973] INFO  impl.FollowerState (FollowerState.java:run(106)) - 82d8c685-2836-4bc6-955f-a4b55a908719:group-3C841FCB594E changes to CANDIDATE, lastRpcTime:5039, electionTimeout:5039ms
2019-09-19 14:38:41,333 [Thread-973] INFO  impl.RoleInfo (RoleInfo.java:shutdownFollowerState(121)) - 82d8c685-2836-4bc6-955f-a4b55a908719: shutdown FollowerState
2019-09-19 14:38:41,333 [Thread-973] INFO  impl.RaftServerImpl (RaftServerImpl.java:setRole(171)) - 82d8c685-2836-4bc6-955f-a4b55a908719:group-3C841FCB594E changes role from FOLLOWER to CANDIDATE at term 0 for changeToCandidate
2019-09-19 14:38:41,333 [Thread-973] INFO  impl.RoleInfo (RoleInfo.java:updateAndGet(143)) - 82d8c685-2836-4bc6-955f-a4b55a908719: start LeaderElection
2019-09-19 14:38:41,359 [Thread-970] INFO  impl.FollowerState (FollowerState.java:run(106)) - 82d8c685-2836-4bc6-955f-a4b55a908719:group-B39DDF53F924 changes to CANDIDATE, lastRpcTime:5143, electionTimeout:5143ms
2019-09-19 14:38:41,359 [Thread-970] INFO  impl.RoleInfo (RoleInfo.java:shutdownFollowerState(121)) - 82d8c685-2836-4bc6-955f-a4b55a908719: shutdown FollowerState
2019-09-19 14:38:41,359 [Thread-970] INFO  impl.RaftServerImpl (RaftServerImpl.java:setRole(171)) - 82d8c685-2836-4bc6-955f-a4b55a908719:group-B39DDF53F924 changes role from FOLLOWER to CANDIDATE at term 0 for changeToCandidate
2019-09-19 14:38:41,359 [Thread-970] INFO  impl.RoleInfo (RoleInfo.java:updateAndGet(143)) - 82d8c685-2836-4bc6-955f-a4b55a908719: start LeaderElection
2019-09-19 14:38:41,361 [82d8c685-2836-4bc6-955f-a4b55a908719:group-3C841FCB594E:LeaderElection50] INFO  impl.LeaderElection (LeaderElection.java:askForVotes(181)) - 82d8c685-2836-4bc6-955f-a4b55a908719:group-3C841FCB594E:LeaderElection50: begin an election at term 1 for -1: [82d8c685-2836-4bc6-955f-a4b55a908719:192.168.5.132:41613], old=null
2019-09-19 14:38:41,361 [82d8c685-2836-4bc6-955f-a4b55a908719:group-3C841FCB594E:LeaderElection50] INFO  impl.RoleInfo (RoleInfo.java:shutdownLeaderElection(134)) - 82d8c685-2836-4bc6-955f-a4b55a908719: shutdown LeaderElection
2019-09-19 14:38:41,361 [82d8c685-2836-4bc6-955f-a4b55a908719:group-3C841FCB594E:LeaderElection50] INFO  impl.RaftServerImpl (RaftServerImpl.java:setRole(171)) - 82d8c685-2836-4bc6-955f-a4b55a908719:group-3C841FCB594E changes role from CANDIDATE to LEADER at term 1 for changeToLeader
2019-09-19 14:38:41,362 [82d8c685-2836-4bc6-955f-a4b55a908719:group-3C841FCB594E:LeaderElection50] INFO  impl.RaftServerImpl (ServerState.java:setLeader(263)) - 82d8c685-2836-4bc6-955f-a4b55a908719:group-3C841FCB594E change Leader from null to 82d8c685-2836-4bc6-955f-a4b55a908719 at term 1 for becomeLeader, leader elected after 5073ms
2019-09-19 14:38:41,362 [82d8c685-2836-4bc6-955f-a4b55a908719:group-3C841FCB594E:LeaderElection50] INFO  server.RaftServerConfigKeys (ConfUtils.java:logGet(43)) - raft.server.staging.catchup.gap = 1000 (default)
2019-09-19 14:38:41,362 [82d8c685-2836-4bc6-955f-a4b55a908719:group-3C841FCB594E:LeaderElection50] INFO  server.RaftServerConfigKeys (ConfUtils.java:logGet(43)) - raft.server.rpc.sleep.time = 25ms (default)
2019-09-19 14:38:41,362 [82d8c685-2836-4bc6-955f-a4b55a908719:group-3C841FCB594E:LeaderElection50] INFO  server.RaftServerConfigKeys (ConfUtils.java:logGet(43)) - raft.server.write.element-limit = 4096 (default)
2019-09-19 14:38:41,362 [82d8c685-2836-4bc6-955f-a4b55a908719:group-3C841FCB594E:LeaderElection50] INFO  server.RaftServerConfigKeys (ConfUtils.java:logGet(43)) - raft.server.watch.timeout = 10s (default)
2019-09-19 14:38:41,362 [82d8c685-2836-4bc6-955f-a4b55a908719:group-3C841FCB594E:LeaderElection50] INFO  server.RaftServerConfigKeys (ConfUtils.java:logGet(43)) - raft.server.watch.timeout.denomination = 1s (default)
2019-09-19 14:38:41,362 [82d8c685-2836-4bc6-955f-a4b55a908719:group-3C841FCB594E:LeaderElection50] INFO  server.RaftServerConfigKeys (ConfUtils.java:logGet(43)) - raft.server.watch.element-limit = 65536 (default)
2019-09-19 14:38:41,363 [82d8c685-2836-4bc6-955f-a4b55a908719:group-3C841FCB594E:LeaderElection50] INFO  impl.RoleInfo (RoleInfo.java:updateAndGet(143)) - 82d8c685-2836-4bc6-955f-a4b55a908719: start LeaderState
2019-09-19 14:38:41,363 [82d8c685-2836-4bc6-955f-a4b55a908719:group-3C841FCB594E:LeaderElection50] INFO  segmented.SegmentedRaftLogWorker (SegmentedRaftLogWorker.java:startLogSegment(380)) - 82d8c685-2836-4bc6-955f-a4b55a908719-SegmentedRaftLogWorker:Storage Directory /workdir/hadoop-ozone/ozonefs/target/test-dir/MiniOzoneClusterImpl-749d4081-1d77-4e7f-9728-45de1fba6f43/datanode-0/data/ratis/92fdf4f9-f832-4074-a254-3c841fcb594e: Starting segment from index:0
2019-09-19 14:38:41,364 [82d8c685-2836-4bc6-955f-a4b55a908719:group-3C841FCB594E:LeaderElection50] INFO  impl.RaftServerImpl (ServerState.java:setRaftConf(361)) - 82d8c685-2836-4bc6-955f-a4b55a908719:group-3C841FCB594E set configuration 0: [82d8c685-2836-4bc6-955f-a4b55a908719:192.168.5.132:41613], old=null at 0
2019-09-19 14:38:41,385 [82d8c685-2836-4bc6-955f-a4b55a908719:group-B39DDF53F924:LeaderElection51] INFO  impl.LeaderElection (LeaderElection.java:askForVotes(181)) - 82d8c685-2836-4bc6-955f-a4b55a908719:group-B39DDF53F924:LeaderElection51: begin an election at term 1 for -1: [82d8c685-2836-4bc6-955f-a4b55a908719:192.168.5.132:41613], old=null
2019-09-19 14:38:41,385 [82d8c685-2836-4bc6-955f-a4b55a908719:group-B39DDF53F924:LeaderElection51] INFO  impl.RoleInfo (RoleInfo.java:shutdownLeaderElection(134)) - 82d8c685-2836-4bc6-955f-a4b55a908719: shutdown LeaderElection
2019-09-19 14:38:41,385 [82d8c685-2836-4bc6-955f-a4b55a908719:group-B39DDF53F924:LeaderElection51] INFO  impl.RaftServerImpl (RaftServerImpl.java:setRole(171)) - 82d8c685-2836-4bc6-955f-a4b55a908719:group-B39DDF53F924 changes role from CANDIDATE to LEADER at term 1 for changeToLeader
2019-09-19 14:38:41,385 [82d8c685-2836-4bc6-955f-a4b55a908719:group-B39DDF53F924:LeaderElection51] INFO  impl.RaftServerImpl (ServerState.java:setLeader(263)) - 82d8c685-2836-4bc6-955f-a4b55a908719:group-B39DDF53F924 change Leader from null to 82d8c685-2836-4bc6-955f-a4b55a908719 at term 1 for becomeLeader, leader elected after 5176ms
2019-09-19 14:38:41,385 [82d8c685-2836-4bc6-955f-a4b55a908719:group-B39DDF53F924:LeaderElection51] INFO  server.RaftServerConfigKeys (ConfUtils.java:logGet(43)) - raft.server.staging.catchup.gap = 1000 (default)
2019-09-19 14:38:41,386 [82d8c685-2836-4bc6-955f-a4b55a908719:group-B39DDF53F924:LeaderElection51] INFO  server.RaftServerConfigKeys (ConfUtils.java:logGet(43)) - raft.server.rpc.sleep.time = 25ms (default)
2019-09-19 14:38:41,386 [82d8c685-2836-4bc6-955f-a4b55a908719:group-B39DDF53F924:LeaderElection51] INFO  server.RaftServerConfigKeys (ConfUtils.java:logGet(43)) - raft.server.write.element-limit = 4096 (default)
2019-09-19 14:38:41,386 [82d8c685-2836-4bc6-955f-a4b55a908719:group-B39DDF53F924:LeaderElection51] INFO  server.RaftServerConfigKeys (ConfUtils.java:logGet(43)) - raft.server.watch.timeout = 10s (default)
2019-09-19 14:38:41,386 [82d8c685-2836-4bc6-955f-a4b55a908719:group-B39DDF53F924:LeaderElection51] INFO  server.RaftServerConfigKeys (ConfUtils.java:logGet(43)) - raft.server.watch.timeout.denomination = 1s (default)
2019-09-19 14:38:41,386 [82d8c685-2836-4bc6-955f-a4b55a908719:group-B39DDF53F924:LeaderElection51] INFO  server.RaftServerConfigKeys (ConfUtils.java:logGet(43)) - raft.server.watch.element-limit = 65536 (default)
2019-09-19 14:38:41,386 [82d8c685-2836-4bc6-955f-a4b55a908719:group-B39DDF53F924:LeaderElection51] INFO  impl.RoleInfo (RoleInfo.java:updateAndGet(143)) - 82d8c685-2836-4bc6-955f-a4b55a908719: start LeaderState
2019-09-19 14:38:41,387 [82d8c685-2836-4bc6-955f-a4b55a908719:group-B39DDF53F924:LeaderElection51] INFO  segmented.SegmentedRaftLogWorker (SegmentedRaftLogWorker.java:startLogSegment(380)) - 82d8c685-2836-4bc6-955f-a4b55a908719-SegmentedRaftLogWorker:Storage Directory /workdir/hadoop-ozone/ozonefs/target/test-dir/MiniOzoneClusterImpl-749d4081-1d77-4e7f-9728-45de1fba6f43/datanode-0/data/ratis/fc95a276-9bed-4a67-9db4-b39ddf53f924: Starting segment from index:0
2019-09-19 14:38:41,387 [82d8c685-2836-4bc6-955f-a4b55a908719:group-B39DDF53F924:LeaderElection51] INFO  impl.RaftServerImpl (ServerState.java:setRaftConf(361)) - 82d8c685-2836-4bc6-955f-a4b55a908719:group-B39DDF53F924 set configuration 0: [82d8c685-2836-4bc6-955f-a4b55a908719:192.168.5.132:41613], old=null at 0
2019-09-19 14:38:41,410 [82d8c685-2836-4bc6-955f-a4b55a908719-SegmentedRaftLogWorker:Storage Directory /workdir/hadoop-ozone/ozonefs/target/test-dir/MiniOzoneClusterImpl-749d4081-1d77-4e7f-9728-45de1fba6f43/datanode-0/data/ratis/92fdf4f9-f832-4074-a254-3c841fcb594e] INFO  segmented.SegmentedRaftLogWorker (SegmentedRaftLogWorker.java:execute(569)) - 82d8c685-2836-4bc6-955f-a4b55a908719-SegmentedRaftLogWorker:Storage Directory /workdir/hadoop-ozone/ozonefs/target/test-dir/MiniOzoneClusterImpl-749d4081-1d77-4e7f-9728-45de1fba6f43/datanode-0/data/ratis/92fdf4f9-f832-4074-a254-3c841fcb594e: created new log segment /workdir/hadoop-ozone/ozonefs/target/test-dir/MiniOzoneClusterImpl-749d4081-1d77-4e7f-9728-45de1fba6f43/datanode-0/data/ratis/92fdf4f9-f832-4074-a254-3c841fcb594e/current/log_inprogress_0
2019-09-19 14:38:41,430 [82d8c685-2836-4bc6-955f-a4b55a908719-SegmentedRaftLogWorker:Storage Directory /workdir/hadoop-ozone/ozonefs/target/test-dir/MiniOzoneClusterImpl-749d4081-1d77-4e7f-9728-45de1fba6f43/datanode-0/data/ratis/fc95a276-9bed-4a67-9db4-b39ddf53f924] INFO  segmented.SegmentedRaftLogWorker (SegmentedRaftLogWorker.java:execute(569)) - 82d8c685-2836-4bc6-955f-a4b55a908719-SegmentedRaftLogWorker:Storage Directory /workdir/hadoop-ozone/ozonefs/target/test-dir/MiniOzoneClusterImpl-749d4081-1d77-4e7f-9728-45de1fba6f43/datanode-0/data/ratis/fc95a276-9bed-4a67-9db4-b39ddf53f924: created new log segment /workdir/hadoop-ozone/ozonefs/target/test-dir/MiniOzoneClusterImpl-749d4081-1d77-4e7f-9728-45de1fba6f43/datanode-0/data/ratis/fc95a276-9bed-4a67-9db4-b39ddf53f924/current/log_inprogress_0
2019-09-19 14:38:41,487 [Thread-979] INFO  impl.FollowerState (FollowerState.java:run(106)) - 82d8c685-2836-4bc6-955f-a4b55a908719:group-3FFDC695B4C5 changes to CANDIDATE, lastRpcTime:5058, electionTimeout:5058ms
2019-09-19 14:38:41,487 [Thread-979] INFO  impl.RoleInfo (RoleInfo.java:shutdownFollowerState(121)) - 82d8c685-2836-4bc6-955f-a4b55a908719: shutdown FollowerState
2019-09-19 14:38:41,487 [Thread-979] INFO  impl.RaftServerImpl (RaftServerImpl.java:setRole(171)) - 82d8c685-2836-4bc6-955f-a4b55a908719:group-3FFDC695B4C5 changes role from FOLLOWER to CANDIDATE at term 0 for changeToCandidate
2019-09-19 14:38:41,487 [Thread-979] INFO  impl.RoleInfo (RoleInfo.java:updateAndGet(143)) - 82d8c685-2836-4bc6-955f-a4b55a908719: start LeaderElection
2019-09-19 14:38:41,512 [82d8c685-2836-4bc6-955f-a4b55a908719:group-3FFDC695B4C5:LeaderElection52] INFO  impl.LeaderElection (LeaderElection.java:askForVotes(181)) - 82d8c685-2836-4bc6-955f-a4b55a908719:group-3FFDC695B4C5:LeaderElection52: begin an election at term 1 for -1: [82d8c685-2836-4bc6-955f-a4b55a908719:192.168.5.132:41613], old=null
2019-09-19 14:38:41,512 [82d8c685-2836-4bc6-955f-a4b55a908719:group-3FFDC695B4C5:LeaderElection52] INFO  impl.RoleInfo (RoleInfo.java:shutdownLeaderElection(134)) - 82d8c685-2836-4bc6-955f-a4b55a908719: shutdown LeaderElection
2019-09-19 14:38:41,513 [82d8c685-2836-4bc6-955f-a4b55a908719:group-3FFDC695B4C5:LeaderElection52] INFO  impl.RaftServerImpl (RaftServerImpl.java:setRole(171)) - 82d8c685-2836-4bc6-955f-a4b55a908719:group-3FFDC695B4C5 changes role from CANDIDATE to LEADER at term 1 for changeToLeader
2019-09-19 14:38:41,513 [82d8c685-2836-4bc6-955f-a4b55a908719:group-3FFDC695B4C5:LeaderElection52] INFO  impl.RaftServerImpl (ServerState.java:setLeader(263)) - 82d8c685-2836-4bc6-955f-a4b55a908719:group-3FFDC695B4C5 change Leader from null to 82d8c685-2836-4bc6-955f-a4b55a908719 at term 1 for becomeLeader, leader elected after 5089ms
2019-09-19 14:38:41,513 [82d8c685-2836-4bc6-955f-a4b55a908719:group-3FFDC695B4C5:LeaderElection52] INFO  server.RaftServerConfigKeys (ConfUtils.java:logGet(43)) - raft.server.staging.catchup.gap = 1000 (default)
2019-09-19 14:38:41,513 [82d8c685-2836-4bc6-955f-a4b55a908719:group-3FFDC695B4C5:LeaderElection52] INFO  server.RaftServerConfigKeys (ConfUtils.java:logGet(43)) - raft.server.rpc.sleep.time = 25ms (default)
2019-09-19 14:38:41,513 [82d8c685-2836-4bc6-955f-a4b55a908719:group-3FFDC695B4C5:LeaderElection52] INFO  server.RaftServerConfigKeys (ConfUtils.java:logGet(43)) - raft.server.write.element-limit = 4096 (default)
2019-09-19 14:38:41,513 [82d8c685-2836-4bc6-955f-a4b55a908719:group-3FFDC695B4C5:LeaderElection52] INFO  server.RaftServerConfigKeys (ConfUtils.java:logGet(43)) - raft.server.watch.timeout = 10s (default)
2019-09-19 14:38:41,513 [82d8c685-2836-4bc6-955f-a4b55a908719:group-3FFDC695B4C5:LeaderElection52] INFO  server.RaftServerConfigKeys (ConfUtils.java:logGet(43)) - raft.server.watch.timeout.denomination = 1s (default)
2019-09-19 14:38:41,513 [82d8c685-2836-4bc6-955f-a4b55a908719:group-3FFDC695B4C5:LeaderElection52] INFO  server.RaftServerConfigKeys (ConfUtils.java:logGet(43)) - raft.server.watch.element-limit = 65536 (default)
2019-09-19 14:38:41,513 [82d8c685-2836-4bc6-955f-a4b55a908719:group-3FFDC695B4C5:LeaderElection52] INFO  impl.RoleInfo (RoleInfo.java:updateAndGet(143)) - 82d8c685-2836-4bc6-955f-a4b55a908719: start LeaderState
2019-09-19 14:38:41,514 [82d8c685-2836-4bc6-955f-a4b55a908719:group-3FFDC695B4C5:LeaderElection52] INFO  segmented.SegmentedRaftLogWorker (SegmentedRaftLogWorker.java:startLogSegment(380)) - 82d8c685-2836-4bc6-955f-a4b55a908719-SegmentedRaftLogWorker:Storage Directory /workdir/hadoop-ozone/ozonefs/target/test-dir/MiniOzoneClusterImpl-749d4081-1d77-4e7f-9728-45de1fba6f43/datanode-0/data/ratis/059640ec-3750-4a24-b4ce-3ffdc695b4c5: Starting segment from index:0
2019-09-19 14:38:41,514 [82d8c685-2836-4bc6-955f-a4b55a908719:group-3FFDC695B4C5:LeaderElection52] INFO  impl.RaftServerImpl (ServerState.java:setRaftConf(361)) - 82d8c685-2836-4bc6-955f-a4b55a908719:group-3FFDC695B4C5 set configuration 0: [82d8c685-2836-4bc6-955f-a4b55a908719:192.168.5.132:41613], old=null at 0
2019-09-19 14:38:41,517 [Thread-982] INFO  impl.FollowerState (FollowerState.java:run(106)) - 82d8c685-2836-4bc6-955f-a4b55a908719:group-912802CEB302 changes to CANDIDATE, lastRpcTime:5022, electionTimeout:5022ms
2019-09-19 14:38:41,517 [Thread-982] INFO  impl.RoleInfo (RoleInfo.java:shutdownFollowerState(121)) - 82d8c685-2836-4bc6-955f-a4b55a908719: shutdown FollowerState
2019-09-19 14:38:41,518 [Thread-982] INFO  impl.RaftServerImpl (RaftServerImpl.java:setRole(171)) - 82d8c685-2836-4bc6-955f-a4b55a908719:group-912802CEB302 changes role from FOLLOWER to CANDIDATE at term 0 for changeToCandidate
2019-09-19 14:38:41,518 [Thread-982] INFO  impl.RoleInfo (RoleInfo.java:updateAndGet(143)) - 82d8c685-2836-4bc6-955f-a4b55a908719: start LeaderElection
2019-09-19 14:38:41,541 [Thread-976] INFO  impl.FollowerState (FollowerState.java:run(106)) - 82d8c685-2836-4bc6-955f-a4b55a908719:group-E085C0EC225B changes to CANDIDATE, lastRpcTime:5180, electionTimeout:5159ms
2019-09-19 14:38:41,541 [Thread-976] INFO  impl.RoleInfo (RoleInfo.java:shutdownFollowerState(121)) - 82d8c685-2836-4bc6-955f-a4b55a908719: shutdown FollowerState
2019-09-19 14:38:41,541 [Thread-976] INFO  impl.RaftServerImpl (RaftServerImpl.java:setRole(171)) - 82d8c685-2836-4bc6-955f-a4b55a908719:group-E085C0EC225B changes role from FOLLOWER to CANDIDATE at term 0 for changeToCandidate
2019-09-19 14:38:41,541 [Thread-976] INFO  impl.RoleInfo (RoleInfo.java:updateAndGet(143)) - 82d8c685-2836-4bc6-955f-a4b55a908719: start LeaderElection
2019-09-19 14:38:41,543 | INFO  | SCMAudit | user=jenkins1000 | ip=192.168.5.132 | op=SEND_HEARTBEAT {datanodeUUID=fec1dd95-6591-47a7-ae1d-7a016c77c9f0, command=[]} | ret=SUCCESS |  
2019-09-19 14:38:41,563 [82d8c685-2836-4bc6-955f-a4b55a908719-SegmentedRaftLogWorker:Storage Directory /workdir/hadoop-ozone/ozonefs/target/test-dir/MiniOzoneClusterImpl-749d4081-1d77-4e7f-9728-45de1fba6f43/datanode-0/data/ratis/059640ec-3750-4a24-b4ce-3ffdc695b4c5] INFO  segmented.SegmentedRaftLogWorker (SegmentedRaftLogWorker.java:execute(569)) - 82d8c685-2836-4bc6-955f-a4b55a908719-SegmentedRaftLogWorker:Storage Directory /workdir/hadoop-ozone/ozonefs/target/test-dir/MiniOzoneClusterImpl-749d4081-1d77-4e7f-9728-45de1fba6f43/datanode-0/data/ratis/059640ec-3750-4a24-b4ce-3ffdc695b4c5: created new log segment /workdir/hadoop-ozone/ozonefs/target/test-dir/MiniOzoneClusterImpl-749d4081-1d77-4e7f-9728-45de1fba6f43/datanode-0/data/ratis/059640ec-3750-4a24-b4ce-3ffdc695b4c5/current/log_inprogress_0
2019-09-19 14:38:41,563 [82d8c685-2836-4bc6-955f-a4b55a908719:group-912802CEB302:LeaderElection53] INFO  impl.LeaderElection (LeaderElection.java:askForVotes(181)) - 82d8c685-2836-4bc6-955f-a4b55a908719:group-912802CEB302:LeaderElection53: begin an election at term 1 for -1: [82d8c685-2836-4bc6-955f-a4b55a908719:192.168.5.132:41613], old=null
2019-09-19 14:38:41,563 [82d8c685-2836-4bc6-955f-a4b55a908719:group-E085C0EC225B:LeaderElection54] INFO  impl.LeaderElection (LeaderElection.java:askForVotes(181)) - 82d8c685-2836-4bc6-955f-a4b55a908719:group-E085C0EC225B:LeaderElection54: begin an election at term 1 for -1: [82d8c685-2836-4bc6-955f-a4b55a908719:192.168.5.132:41613], old=null
2019-09-19 14:38:41,563 [82d8c685-2836-4bc6-955f-a4b55a908719:group-912802CEB302:LeaderElection53] INFO  impl.RoleInfo (RoleInfo.java:shutdownLeaderElection(134)) - 82d8c685-2836-4bc6-955f-a4b55a908719: shutdown LeaderElection
2019-09-19 14:38:41,564 [82d8c685-2836-4bc6-955f-a4b55a908719:group-E085C0EC225B:LeaderElection54] INFO  impl.RoleInfo (RoleInfo.java:shutdownLeaderElection(134)) - 82d8c685-2836-4bc6-955f-a4b55a908719: shutdown LeaderElection
2019-09-19 14:38:41,564 [82d8c685-2836-4bc6-955f-a4b55a908719:group-912802CEB302:LeaderElection53] INFO  impl.RaftServerImpl (RaftServerImpl.java:setRole(171)) - 82d8c685-2836-4bc6-955f-a4b55a908719:group-912802CEB302 changes role from CANDIDATE to LEADER at term 1 for changeToLeader
2019-09-19 14:38:41,564 [82d8c685-2836-4bc6-955f-a4b55a908719:group-E085C0EC225B:LeaderElection54] INFO  impl.RaftServerImpl (RaftServerImpl.java:setRole(171)) - 82d8c685-2836-4bc6-955f-a4b55a908719:group-E085C0EC225B changes role from CANDIDATE to LEADER at term 1 for changeToLeader
2019-09-19 14:38:41,564 [82d8c685-2836-4bc6-955f-a4b55a908719:group-912802CEB302:LeaderElection53] INFO  impl.RaftServerImpl (ServerState.java:setLeader(263)) - 82d8c685-2836-4bc6-955f-a4b55a908719:group-912802CEB302 change Leader from null to 82d8c685-2836-4bc6-955f-a4b55a908719 at term 1 for becomeLeader, leader elected after 5073ms
2019-09-19 14:38:41,564 [82d8c685-2836-4bc6-955f-a4b55a908719:group-E085C0EC225B:LeaderElection54] INFO  impl.RaftServerImpl (ServerState.java:setLeader(263)) - 82d8c685-2836-4bc6-955f-a4b55a908719:group-E085C0EC225B change Leader from null to 82d8c685-2836-4bc6-955f-a4b55a908719 at term 1 for becomeLeader, leader elected after 5208ms
2019-09-19 14:38:41,564 [82d8c685-2836-4bc6-955f-a4b55a908719:group-912802CEB302:LeaderElection53] INFO  server.RaftServerConfigKeys (ConfUtils.java:logGet(43)) - raft.server.staging.catchup.gap = 1000 (default)
2019-09-19 14:38:41,564 [82d8c685-2836-4bc6-955f-a4b55a908719:group-E085C0EC225B:LeaderElection54] INFO  server.RaftServerConfigKeys (ConfUtils.java:logGet(43)) - raft.server.staging.catchup.gap = 1000 (default)
2019-09-19 14:38:41,564 [82d8c685-2836-4bc6-955f-a4b55a908719:group-912802CEB302:LeaderElection53] INFO  server.RaftServerConfigKeys (ConfUtils.java:logGet(43)) - raft.server.rpc.sleep.time = 25ms (default)
2019-09-19 14:38:41,565 [82d8c685-2836-4bc6-955f-a4b55a908719:group-E085C0EC225B:LeaderElection54] INFO  server.RaftServerConfigKeys (ConfUtils.java:logGet(43)) - raft.server.rpc.sleep.time = 25ms (default)
2019-09-19 14:38:41,565 [82d8c685-2836-4bc6-955f-a4b55a908719:group-912802CEB302:LeaderElection53] INFO  server.RaftServerConfigKeys (ConfUtils.java:logGet(43)) - raft.server.write.element-limit = 4096 (default)
2019-09-19 14:38:41,565 [82d8c685-2836-4bc6-955f-a4b55a908719:group-E085C0EC225B:LeaderElection54] INFO  server.RaftServerConfigKeys (ConfUtils.java:logGet(43)) - raft.server.write.element-limit = 4096 (default)
2019-09-19 14:38:41,565 [82d8c685-2836-4bc6-955f-a4b55a908719:group-912802CEB302:LeaderElection53] INFO  server.RaftServerConfigKeys (ConfUtils.java:logGet(43)) - raft.server.watch.timeout = 10s (default)
2019-09-19 14:38:41,565 [82d8c685-2836-4bc6-955f-a4b55a908719:group-E085C0EC225B:LeaderElection54] INFO  server.RaftServerConfigKeys (ConfUtils.java:logGet(43)) - raft.server.watch.timeout = 10s (default)
2019-09-19 14:38:41,565 [82d8c685-2836-4bc6-955f-a4b55a908719:group-912802CEB302:LeaderElection53] INFO  server.RaftServerConfigKeys (ConfUtils.java:logGet(43)) - raft.server.watch.timeout.denomination = 1s (default)
2019-09-19 14:38:41,565 [82d8c685-2836-4bc6-955f-a4b55a908719:group-E085C0EC225B:LeaderElection54] INFO  server.RaftServerConfigKeys (ConfUtils.java:logGet(43)) - raft.server.watch.timeout.denomination = 1s (default)
2019-09-19 14:38:41,566 [82d8c685-2836-4bc6-955f-a4b55a908719:group-912802CEB302:LeaderElection53] INFO  server.RaftServerConfigKeys (ConfUtils.java:logGet(43)) - raft.server.watch.element-limit = 65536 (default)
2019-09-19 14:38:41,566 [82d8c685-2836-4bc6-955f-a4b55a908719:group-E085C0EC225B:LeaderElection54] INFO  server.RaftServerConfigKeys (ConfUtils.java:logGet(43)) - raft.server.watch.element-limit = 65536 (default)
2019-09-19 14:38:41,566 [82d8c685-2836-4bc6-955f-a4b55a908719:group-912802CEB302:LeaderElection53] INFO  impl.RoleInfo (RoleInfo.java:updateAndGet(143)) - 82d8c685-2836-4bc6-955f-a4b55a908719: start LeaderState
2019-09-19 14:38:41,566 [82d8c685-2836-4bc6-955f-a4b55a908719:group-E085C0EC225B:LeaderElection54] INFO  impl.RoleInfo (RoleInfo.java:updateAndGet(143)) - 82d8c685-2836-4bc6-955f-a4b55a908719: start LeaderState
2019-09-19 14:38:41,566 [82d8c685-2836-4bc6-955f-a4b55a908719:group-912802CEB302:LeaderElection53] INFO  segmented.SegmentedRaftLogWorker (SegmentedRaftLogWorker.java:startLogSegment(380)) - 82d8c685-2836-4bc6-955f-a4b55a908719-SegmentedRaftLogWorker:Storage Directory /workdir/hadoop-ozone/ozonefs/target/test-dir/MiniOzoneClusterImpl-749d4081-1d77-4e7f-9728-45de1fba6f43/datanode-0/data/ratis/cc4aa079-678b-4e16-95e5-912802ceb302: Starting segment from index:0
2019-09-19 14:38:41,566 [82d8c685-2836-4bc6-955f-a4b55a908719:group-E085C0EC225B:LeaderElection54] INFO  segmented.SegmentedRaftLogWorker (SegmentedRaftLogWorker.java:startLogSegment(380)) - 82d8c685-2836-4bc6-955f-a4b55a908719-SegmentedRaftLogWorker:Storage Directory /workdir/hadoop-ozone/ozonefs/target/test-dir/MiniOzoneClusterImpl-749d4081-1d77-4e7f-9728-45de1fba6f43/datanode-0/data/ratis/4a3abb5c-c84d-4bc7-8661-e085c0ec225b: Starting segment from index:0
2019-09-19 14:38:41,567 [82d8c685-2836-4bc6-955f-a4b55a908719:group-912802CEB302:LeaderElection53] INFO  impl.RaftServerImpl (ServerState.java:setRaftConf(361)) - 82d8c685-2836-4bc6-955f-a4b55a908719:group-912802CEB302 set configuration 0: [82d8c685-2836-4bc6-955f-a4b55a908719:192.168.5.132:41613], old=null at 0
2019-09-19 14:38:41,567 [82d8c685-2836-4bc6-955f-a4b55a908719:group-E085C0EC225B:LeaderElection54] INFO  impl.RaftServerImpl (ServerState.java:setRaftConf(361)) - 82d8c685-2836-4bc6-955f-a4b55a908719:group-E085C0EC225B set configuration 0: [82d8c685-2836-4bc6-955f-a4b55a908719:192.168.5.132:41613], old=null at 0
2019-09-19 14:38:41,614 [82d8c685-2836-4bc6-955f-a4b55a908719-SegmentedRaftLogWorker:Storage Directory /workdir/hadoop-ozone/ozonefs/target/test-dir/MiniOzoneClusterImpl-749d4081-1d77-4e7f-9728-45de1fba6f43/datanode-0/data/ratis/4a3abb5c-c84d-4bc7-8661-e085c0ec225b] INFO  segmented.SegmentedRaftLogWorker (SegmentedRaftLogWorker.java:execute(569)) - 82d8c685-2836-4bc6-955f-a4b55a908719-SegmentedRaftLogWorker:Storage Directory /workdir/hadoop-ozone/ozonefs/target/test-dir/MiniOzoneClusterImpl-749d4081-1d77-4e7f-9728-45de1fba6f43/datanode-0/data/ratis/4a3abb5c-c84d-4bc7-8661-e085c0ec225b: created new log segment /workdir/hadoop-ozone/ozonefs/target/test-dir/MiniOzoneClusterImpl-749d4081-1d77-4e7f-9728-45de1fba6f43/datanode-0/data/ratis/4a3abb5c-c84d-4bc7-8661-e085c0ec225b/current/log_inprogress_0
2019-09-19 14:38:41,614 [82d8c685-2836-4bc6-955f-a4b55a908719-SegmentedRaftLogWorker:Storage Directory /workdir/hadoop-ozone/ozonefs/target/test-dir/MiniOzoneClusterImpl-749d4081-1d77-4e7f-9728-45de1fba6f43/datanode-0/data/ratis/cc4aa079-678b-4e16-95e5-912802ceb302] INFO  segmented.SegmentedRaftLogWorker (SegmentedRaftLogWorker.java:execute(569)) - 82d8c685-2836-4bc6-955f-a4b55a908719-SegmentedRaftLogWorker:Storage Directory /workdir/hadoop-ozone/ozonefs/target/test-dir/MiniOzoneClusterImpl-749d4081-1d77-4e7f-9728-45de1fba6f43/datanode-0/data/ratis/cc4aa079-678b-4e16-95e5-912802ceb302: created new log segment /workdir/hadoop-ozone/ozonefs/target/test-dir/MiniOzoneClusterImpl-749d4081-1d77-4e7f-9728-45de1fba6f43/datanode-0/data/ratis/cc4aa079-678b-4e16-95e5-912802ceb302/current/log_inprogress_0
2019-09-19 14:38:41,670 [Thread-988] INFO  impl.FollowerState (FollowerState.java:run(106)) - c03852e1-215b-45db-b67f-c74ee277280d:group-71C125C80FAF changes to CANDIDATE, lastRpcTime:5038, electionTimeout:5038ms
2019-09-19 14:38:41,670 [Thread-988] INFO  impl.RoleInfo (RoleInfo.java:shutdownFollowerState(121)) - c03852e1-215b-45db-b67f-c74ee277280d: shutdown FollowerState
2019-09-19 14:38:41,670 [Thread-988] INFO  impl.RaftServerImpl (RaftServerImpl.java:setRole(171)) - c03852e1-215b-45db-b67f-c74ee277280d:group-71C125C80FAF changes role from FOLLOWER to CANDIDATE at term 0 for changeToCandidate
2019-09-19 14:38:41,671 [Thread-988] INFO  impl.RoleInfo (RoleInfo.java:updateAndGet(143)) - c03852e1-215b-45db-b67f-c74ee277280d: start LeaderElection
2019-09-19 14:38:41,697 [c03852e1-215b-45db-b67f-c74ee277280d:group-71C125C80FAF:LeaderElection55] INFO  impl.LeaderElection (LeaderElection.java:askForVotes(181)) - c03852e1-215b-45db-b67f-c74ee277280d:group-71C125C80FAF:LeaderElection55: begin an election at term 1 for -1: [c03852e1-215b-45db-b67f-c74ee277280d:192.168.5.132:36799], old=null
2019-09-19 14:38:41,697 [c03852e1-215b-45db-b67f-c74ee277280d:group-71C125C80FAF:LeaderElection55] INFO  impl.RoleInfo (RoleInfo.java:shutdownLeaderElection(134)) - c03852e1-215b-45db-b67f-c74ee277280d: shutdown LeaderElection
2019-09-19 14:38:41,697 [c03852e1-215b-45db-b67f-c74ee277280d:group-71C125C80FAF:LeaderElection55] INFO  impl.RaftServerImpl (RaftServerImpl.java:setRole(171)) - c03852e1-215b-45db-b67f-c74ee277280d:group-71C125C80FAF changes role from CANDIDATE to LEADER at term 1 for changeToLeader
2019-09-19 14:38:41,697 [c03852e1-215b-45db-b67f-c74ee277280d:group-71C125C80FAF:LeaderElection55] INFO  impl.RaftServerImpl (ServerState.java:setLeader(263)) - c03852e1-215b-45db-b67f-c74ee277280d:group-71C125C80FAF change Leader from null to c03852e1-215b-45db-b67f-c74ee277280d at term 1 for becomeLeader, leader elected after 5071ms
2019-09-19 14:38:41,697 [c03852e1-215b-45db-b67f-c74ee277280d:group-71C125C80FAF:LeaderElection55] INFO  server.RaftServerConfigKeys (ConfUtils.java:logGet(43)) - raft.server.staging.catchup.gap = 1000 (default)
2019-09-19 14:38:41,698 [c03852e1-215b-45db-b67f-c74ee277280d:group-71C125C80FAF:LeaderElection55] INFO  server.RaftServerConfigKeys (ConfUtils.java:logGet(43)) - raft.server.rpc.sleep.time = 25ms (default)
2019-09-19 14:38:41,698 [c03852e1-215b-45db-b67f-c74ee277280d:group-71C125C80FAF:LeaderElection55] INFO  server.RaftServerConfigKeys (ConfUtils.java:logGet(43)) - raft.server.write.element-limit = 4096 (default)
2019-09-19 14:38:41,698 [c03852e1-215b-45db-b67f-c74ee277280d:group-71C125C80FAF:LeaderElection55] INFO  server.RaftServerConfigKeys (ConfUtils.java:logGet(43)) - raft.server.watch.timeout = 10s (default)
2019-09-19 14:38:41,698 [c03852e1-215b-45db-b67f-c74ee277280d:group-71C125C80FAF:LeaderElection55] INFO  server.RaftServerConfigKeys (ConfUtils.java:logGet(43)) - raft.server.watch.timeout.denomination = 1s (default)
2019-09-19 14:38:41,698 [c03852e1-215b-45db-b67f-c74ee277280d:group-71C125C80FAF:LeaderElection55] INFO  server.RaftServerConfigKeys (ConfUtils.java:logGet(43)) - raft.server.watch.element-limit = 65536 (default)
2019-09-19 14:38:41,699 [c03852e1-215b-45db-b67f-c74ee277280d:group-71C125C80FAF:LeaderElection55] INFO  impl.RoleInfo (RoleInfo.java:updateAndGet(143)) - c03852e1-215b-45db-b67f-c74ee277280d: start LeaderState
2019-09-19 14:38:41,699 [c03852e1-215b-45db-b67f-c74ee277280d:group-71C125C80FAF:LeaderElection55] INFO  segmented.SegmentedRaftLogWorker (SegmentedRaftLogWorker.java:startLogSegment(380)) - c03852e1-215b-45db-b67f-c74ee277280d-SegmentedRaftLogWorker:Storage Directory /workdir/hadoop-ozone/ozonefs/target/test-dir/MiniOzoneClusterImpl-749d4081-1d77-4e7f-9728-45de1fba6f43/datanode-1/data/ratis/5e2b4b3c-7069-447d-8c36-71c125c80faf: Starting segment from index:0
2019-09-19 14:38:41,699 [c03852e1-215b-45db-b67f-c74ee277280d:group-71C125C80FAF:LeaderElection55] INFO  impl.RaftServerImpl (ServerState.java:setRaftConf(361)) - c03852e1-215b-45db-b67f-c74ee277280d:group-71C125C80FAF set configuration 0: [c03852e1-215b-45db-b67f-c74ee277280d:192.168.5.132:36799], old=null at 0
2019-09-19 14:38:41,738 [Thread-985] INFO  impl.FollowerState (FollowerState.java:run(106)) - c03852e1-215b-45db-b67f-c74ee277280d:group-A777E8507CB9 changes to CANDIDATE, lastRpcTime:5175, electionTimeout:5175ms
2019-09-19 14:38:41,738 [Thread-985] INFO  impl.RoleInfo (RoleInfo.java:shutdownFollowerState(121)) - c03852e1-215b-45db-b67f-c74ee277280d: shutdown FollowerState
2019-09-19 14:38:41,738 [Thread-985] INFO  impl.RaftServerImpl (RaftServerImpl.java:setRole(171)) - c03852e1-215b-45db-b67f-c74ee277280d:group-A777E8507CB9 changes role from FOLLOWER to CANDIDATE at term 0 for changeToCandidate
2019-09-19 14:38:41,738 [Thread-985] INFO  impl.RoleInfo (RoleInfo.java:updateAndGet(143)) - c03852e1-215b-45db-b67f-c74ee277280d: start LeaderElection
2019-09-19 14:38:41,757 [c03852e1-215b-45db-b67f-c74ee277280d-SegmentedRaftLogWorker:Storage Directory /workdir/hadoop-ozone/ozonefs/target/test-dir/MiniOzoneClusterImpl-749d4081-1d77-4e7f-9728-45de1fba6f43/datanode-1/data/ratis/5e2b4b3c-7069-447d-8c36-71c125c80faf] INFO  segmented.SegmentedRaftLogWorker (SegmentedRaftLogWorker.java:execute(569)) - c03852e1-215b-45db-b67f-c74ee277280d-SegmentedRaftLogWorker:Storage Directory /workdir/hadoop-ozone/ozonefs/target/test-dir/MiniOzoneClusterImpl-749d4081-1d77-4e7f-9728-45de1fba6f43/datanode-1/data/ratis/5e2b4b3c-7069-447d-8c36-71c125c80faf: created new log segment /workdir/hadoop-ozone/ozonefs/target/test-dir/MiniOzoneClusterImpl-749d4081-1d77-4e7f-9728-45de1fba6f43/datanode-1/data/ratis/5e2b4b3c-7069-447d-8c36-71c125c80faf/current/log_inprogress_0
2019-09-19 14:38:41,758 [c03852e1-215b-45db-b67f-c74ee277280d:group-A777E8507CB9:LeaderElection56] INFO  impl.LeaderElection (LeaderElection.java:askForVotes(181)) - c03852e1-215b-45db-b67f-c74ee277280d:group-A777E8507CB9:LeaderElection56: begin an election at term 1 for -1: [c03852e1-215b-45db-b67f-c74ee277280d:192.168.5.132:36799], old=null
2019-09-19 14:38:41,758 [c03852e1-215b-45db-b67f-c74ee277280d:group-A777E8507CB9:LeaderElection56] INFO  impl.RoleInfo (RoleInfo.java:shutdownLeaderElection(134)) - c03852e1-215b-45db-b67f-c74ee277280d: shutdown LeaderElection
2019-09-19 14:38:41,758 [c03852e1-215b-45db-b67f-c74ee277280d:group-A777E8507CB9:LeaderElection56] INFO  impl.RaftServerImpl (RaftServerImpl.java:setRole(171)) - c03852e1-215b-45db-b67f-c74ee277280d:group-A777E8507CB9 changes role from CANDIDATE to LEADER at term 1 for changeToLeader
2019-09-19 14:38:41,758 [c03852e1-215b-45db-b67f-c74ee277280d:group-A777E8507CB9:LeaderElection56] INFO  impl.RaftServerImpl (ServerState.java:setLeader(263)) - c03852e1-215b-45db-b67f-c74ee277280d:group-A777E8507CB9 change Leader from null to c03852e1-215b-45db-b67f-c74ee277280d at term 1 for becomeLeader, leader elected after 5200ms
2019-09-19 14:38:41,758 [c03852e1-215b-45db-b67f-c74ee277280d:group-A777E8507CB9:LeaderElection56] INFO  server.RaftServerConfigKeys (ConfUtils.java:logGet(43)) - raft.server.staging.catchup.gap = 1000 (default)
2019-09-19 14:38:41,759 [c03852e1-215b-45db-b67f-c74ee277280d:group-A777E8507CB9:LeaderElection56] INFO  server.RaftServerConfigKeys (ConfUtils.java:logGet(43)) - raft.server.rpc.sleep.time = 25ms (default)
2019-09-19 14:38:41,759 [c03852e1-215b-45db-b67f-c74ee277280d:group-A777E8507CB9:LeaderElection56] INFO  server.RaftServerConfigKeys (ConfUtils.java:logGet(43)) - raft.server.write.element-limit = 4096 (default)
2019-09-19 14:38:41,759 [c03852e1-215b-45db-b67f-c74ee277280d:group-A777E8507CB9:LeaderElection56] INFO  server.RaftServerConfigKeys (ConfUtils.java:logGet(43)) - raft.server.watch.timeout = 10s (default)
2019-09-19 14:38:41,759 [c03852e1-215b-45db-b67f-c74ee277280d:group-A777E8507CB9:LeaderElection56] INFO  server.RaftServerConfigKeys (ConfUtils.java:logGet(43)) - raft.server.watch.timeout.denomination = 1s (default)
2019-09-19 14:38:41,759 [c03852e1-215b-45db-b67f-c74ee277280d:group-A777E8507CB9:LeaderElection56] INFO  server.RaftServerConfigKeys (ConfUtils.java:logGet(43)) - raft.server.watch.element-limit = 65536 (default)
2019-09-19 14:38:41,760 [c03852e1-215b-45db-b67f-c74ee277280d:group-A777E8507CB9:LeaderElection56] INFO  impl.RoleInfo (RoleInfo.java:updateAndGet(143)) - c03852e1-215b-45db-b67f-c74ee277280d: start LeaderState
2019-09-19 14:38:41,760 [c03852e1-215b-45db-b67f-c74ee277280d:group-A777E8507CB9:LeaderElection56] INFO  segmented.SegmentedRaftLogWorker (SegmentedRaftLogWorker.java:startLogSegment(380)) - c03852e1-215b-45db-b67f-c74ee277280d-SegmentedRaftLogWorker:Storage Directory /workdir/hadoop-ozone/ozonefs/target/test-dir/MiniOzoneClusterImpl-749d4081-1d77-4e7f-9728-45de1fba6f43/datanode-1/data/ratis/83d00106-daf7-49a9-a1d0-a777e8507cb9: Starting segment from index:0
2019-09-19 14:38:41,761 [c03852e1-215b-45db-b67f-c74ee277280d:group-A777E8507CB9:LeaderElection56] INFO  impl.RaftServerImpl (ServerState.java:setRaftConf(361)) - c03852e1-215b-45db-b67f-c74ee277280d:group-A777E8507CB9 set configuration 0: [c03852e1-215b-45db-b67f-c74ee277280d:192.168.5.132:36799], old=null at 0
2019-09-19 14:38:41,818 [c03852e1-215b-45db-b67f-c74ee277280d-SegmentedRaftLogWorker:Storage Directory /workdir/hadoop-ozone/ozonefs/target/test-dir/MiniOzoneClusterImpl-749d4081-1d77-4e7f-9728-45de1fba6f43/datanode-1/data/ratis/83d00106-daf7-49a9-a1d0-a777e8507cb9] INFO  segmented.SegmentedRaftLogWorker (SegmentedRaftLogWorker.java:execute(569)) - c03852e1-215b-45db-b67f-c74ee277280d-SegmentedRaftLogWorker:Storage Directory /workdir/hadoop-ozone/ozonefs/target/test-dir/MiniOzoneClusterImpl-749d4081-1d77-4e7f-9728-45de1fba6f43/datanode-1/data/ratis/83d00106-daf7-49a9-a1d0-a777e8507cb9: created new log segment /workdir/hadoop-ozone/ozonefs/target/test-dir/MiniOzoneClusterImpl-749d4081-1d77-4e7f-9728-45de1fba6f43/datanode-1/data/ratis/83d00106-daf7-49a9-a1d0-a777e8507cb9/current/log_inprogress_0
2019-09-19 14:38:41,865 [Thread-991] INFO  impl.FollowerState (FollowerState.java:run(106)) - c03852e1-215b-45db-b67f-c74ee277280d:group-F4C879551BB0 changes to CANDIDATE, lastRpcTime:5159, electionTimeout:5159ms
2019-09-19 14:38:41,865 [Thread-991] INFO  impl.RoleInfo (RoleInfo.java:shutdownFollowerState(121)) - c03852e1-215b-45db-b67f-c74ee277280d: shutdown FollowerState
2019-09-19 14:38:41,866 [Thread-991] INFO  impl.RaftServerImpl (RaftServerImpl.java:setRole(171)) - c03852e1-215b-45db-b67f-c74ee277280d:group-F4C879551BB0 changes role from FOLLOWER to CANDIDATE at term 0 for changeToCandidate
2019-09-19 14:38:41,866 [Thread-991] INFO  impl.RoleInfo (RoleInfo.java:updateAndGet(143)) - c03852e1-215b-45db-b67f-c74ee277280d: start LeaderElection
2019-09-19 14:38:41,891 [c03852e1-215b-45db-b67f-c74ee277280d:group-F4C879551BB0:LeaderElection57] INFO  impl.LeaderElection (LeaderElection.java:askForVotes(181)) - c03852e1-215b-45db-b67f-c74ee277280d:group-F4C879551BB0:LeaderElection57: begin an election at term 1 for -1: [c03852e1-215b-45db-b67f-c74ee277280d:192.168.5.132:36799], old=null
2019-09-19 14:38:41,892 [c03852e1-215b-45db-b67f-c74ee277280d:group-F4C879551BB0:LeaderElection57] INFO  impl.RoleInfo (RoleInfo.java:shutdownLeaderElection(134)) - c03852e1-215b-45db-b67f-c74ee277280d: shutdown LeaderElection
2019-09-19 14:38:41,892 [c03852e1-215b-45db-b67f-c74ee277280d:group-F4C879551BB0:LeaderElection57] INFO  impl.RaftServerImpl (RaftServerImpl.java:setRole(171)) - c03852e1-215b-45db-b67f-c74ee277280d:group-F4C879551BB0 changes role from CANDIDATE to LEADER at term 1 for changeToLeader
2019-09-19 14:38:41,892 [c03852e1-215b-45db-b67f-c74ee277280d:group-F4C879551BB0:LeaderElection57] INFO  impl.RaftServerImpl (ServerState.java:setLeader(263)) - c03852e1-215b-45db-b67f-c74ee277280d:group-F4C879551BB0 change Leader from null to c03852e1-215b-45db-b67f-c74ee277280d at term 1 for becomeLeader, leader elected after 5189ms
2019-09-19 14:38:41,892 [c03852e1-215b-45db-b67f-c74ee277280d:group-F4C879551BB0:LeaderElection57] INFO  server.RaftServerConfigKeys (ConfUtils.java:logGet(43)) - raft.server.staging.catchup.gap = 1000 (default)
2019-09-19 14:38:41,892 [c03852e1-215b-45db-b67f-c74ee277280d:group-F4C879551BB0:LeaderElection57] INFO  server.RaftServerConfigKeys (ConfUtils.java:logGet(43)) - raft.server.rpc.sleep.time = 25ms (default)
2019-09-19 14:38:41,892 [c03852e1-215b-45db-b67f-c74ee277280d:group-F4C879551BB0:LeaderElection57] INFO  server.RaftServerConfigKeys (ConfUtils.java:logGet(43)) - raft.server.write.element-limit = 4096 (default)
2019-09-19 14:38:41,893 [c03852e1-215b-45db-b67f-c74ee277280d:group-F4C879551BB0:LeaderElection57] INFO  server.RaftServerConfigKeys (ConfUtils.java:logGet(43)) - raft.server.watch.timeout = 10s (default)
2019-09-19 14:38:41,893 [c03852e1-215b-45db-b67f-c74ee277280d:group-F4C879551BB0:LeaderElection57] INFO  server.RaftServerConfigKeys (ConfUtils.java:logGet(43)) - raft.server.watch.timeout.denomination = 1s (default)
2019-09-19 14:38:41,893 [c03852e1-215b-45db-b67f-c74ee277280d:group-F4C879551BB0:LeaderElection57] INFO  server.RaftServerConfigKeys (ConfUtils.java:logGet(43)) - raft.server.watch.element-limit = 65536 (default)
2019-09-19 14:38:41,893 [c03852e1-215b-45db-b67f-c74ee277280d:group-F4C879551BB0:LeaderElection57] INFO  impl.RoleInfo (RoleInfo.java:updateAndGet(143)) - c03852e1-215b-45db-b67f-c74ee277280d: start LeaderState
2019-09-19 14:38:41,894 [c03852e1-215b-45db-b67f-c74ee277280d:group-F4C879551BB0:LeaderElection57] INFO  segmented.SegmentedRaftLogWorker (SegmentedRaftLogWorker.java:startLogSegment(380)) - c03852e1-215b-45db-b67f-c74ee277280d-SegmentedRaftLogWorker:Storage Directory /workdir/hadoop-ozone/ozonefs/target/test-dir/MiniOzoneClusterImpl-749d4081-1d77-4e7f-9728-45de1fba6f43/datanode-1/data/ratis/4d21750d-5e8c-4a9a-9462-f4c879551bb0: Starting segment from index:0
2019-09-19 14:38:41,895 [c03852e1-215b-45db-b67f-c74ee277280d:group-F4C879551BB0:LeaderElection57] INFO  impl.RaftServerImpl (ServerState.java:setRaftConf(361)) - c03852e1-215b-45db-b67f-c74ee277280d:group-F4C879551BB0 set configuration 0: [c03852e1-215b-45db-b67f-c74ee277280d:192.168.5.132:36799], old=null at 0
2019-09-19 14:38:41,898 [Thread-994] INFO  impl.FollowerState (FollowerState.java:run(106)) - 82d8c685-2836-4bc6-955f-a4b55a908719:group-311BFC3668BD changes to CANDIDATE, lastRpcTime:5125, electionTimeout:5125ms
2019-09-19 14:38:41,898 [Thread-994] INFO  impl.RoleInfo (RoleInfo.java:shutdownFollowerState(121)) - 82d8c685-2836-4bc6-955f-a4b55a908719: shutdown FollowerState
2019-09-19 14:38:41,898 [Thread-994] INFO  impl.RaftServerImpl (RaftServerImpl.java:setRole(171)) - 82d8c685-2836-4bc6-955f-a4b55a908719:group-311BFC3668BD changes role from FOLLOWER to CANDIDATE at term 0 for changeToCandidate
2019-09-19 14:38:41,898 [Thread-994] INFO  impl.RoleInfo (RoleInfo.java:updateAndGet(143)) - 82d8c685-2836-4bc6-955f-a4b55a908719: start LeaderElection
2019-09-19 14:38:41,956 [c03852e1-215b-45db-b67f-c74ee277280d-SegmentedRaftLogWorker:Storage Directory /workdir/hadoop-ozone/ozonefs/target/test-dir/MiniOzoneClusterImpl-749d4081-1d77-4e7f-9728-45de1fba6f43/datanode-1/data/ratis/4d21750d-5e8c-4a9a-9462-f4c879551bb0] INFO  segmented.SegmentedRaftLogWorker (SegmentedRaftLogWorker.java:execute(569)) - c03852e1-215b-45db-b67f-c74ee277280d-SegmentedRaftLogWorker:Storage Directory /workdir/hadoop-ozone/ozonefs/target/test-dir/MiniOzoneClusterImpl-749d4081-1d77-4e7f-9728-45de1fba6f43/datanode-1/data/ratis/4d21750d-5e8c-4a9a-9462-f4c879551bb0: created new log segment /workdir/hadoop-ozone/ozonefs/target/test-dir/MiniOzoneClusterImpl-749d4081-1d77-4e7f-9728-45de1fba6f43/datanode-1/data/ratis/4d21750d-5e8c-4a9a-9462-f4c879551bb0/current/log_inprogress_0
2019-09-19 14:38:41,956 [82d8c685-2836-4bc6-955f-a4b55a908719:group-311BFC3668BD:LeaderElection58] INFO  impl.LeaderElection (LeaderElection.java:askForVotes(181)) - 82d8c685-2836-4bc6-955f-a4b55a908719:group-311BFC3668BD:LeaderElection58: begin an election at term 1 for -1: [82d8c685-2836-4bc6-955f-a4b55a908719:192.168.5.132:41613], old=null
2019-09-19 14:38:41,957 [82d8c685-2836-4bc6-955f-a4b55a908719:group-311BFC3668BD:LeaderElection58] INFO  impl.RoleInfo (RoleInfo.java:shutdownLeaderElection(134)) - 82d8c685-2836-4bc6-955f-a4b55a908719: shutdown LeaderElection
2019-09-19 14:38:41,957 [82d8c685-2836-4bc6-955f-a4b55a908719:group-311BFC3668BD:LeaderElection58] INFO  impl.RaftServerImpl (RaftServerImpl.java:setRole(171)) - 82d8c685-2836-4bc6-955f-a4b55a908719:group-311BFC3668BD changes role from CANDIDATE to LEADER at term 1 for changeToLeader
2019-09-19 14:38:41,957 [82d8c685-2836-4bc6-955f-a4b55a908719:group-311BFC3668BD:LeaderElection58] INFO  impl.RaftServerImpl (ServerState.java:setLeader(263)) - 82d8c685-2836-4bc6-955f-a4b55a908719:group-311BFC3668BD change Leader from null to 82d8c685-2836-4bc6-955f-a4b55a908719 at term 1 for becomeLeader, leader elected after 5187ms
2019-09-19 14:38:41,957 [82d8c685-2836-4bc6-955f-a4b55a908719:group-311BFC3668BD:LeaderElection58] INFO  server.RaftServerConfigKeys (ConfUtils.java:logGet(43)) - raft.server.staging.catchup.gap = 1000 (default)
2019-09-19 14:38:41,957 [82d8c685-2836-4bc6-955f-a4b55a908719:group-311BFC3668BD:LeaderElection58] INFO  server.RaftServerConfigKeys (ConfUtils.java:logGet(43)) - raft.server.rpc.sleep.time = 25ms (default)
2019-09-19 14:38:41,958 [82d8c685-2836-4bc6-955f-a4b55a908719:group-311BFC3668BD:LeaderElection58] INFO  server.RaftServerConfigKeys (ConfUtils.java:logGet(43)) - raft.server.write.element-limit = 4096 (default)
2019-09-19 14:38:41,958 [82d8c685-2836-4bc6-955f-a4b55a908719:group-311BFC3668BD:LeaderElection58] INFO  server.RaftServerConfigKeys (ConfUtils.java:logGet(43)) - raft.server.watch.timeout = 10s (default)
2019-09-19 14:38:41,958 [82d8c685-2836-4bc6-955f-a4b55a908719:group-311BFC3668BD:LeaderElection58] INFO  server.RaftServerConfigKeys (ConfUtils.java:logGet(43)) - raft.server.watch.timeout.denomination = 1s (default)
2019-09-19 14:38:41,958 [82d8c685-2836-4bc6-955f-a4b55a908719:group-311BFC3668BD:LeaderElection58] INFO  server.RaftServerConfigKeys (ConfUtils.java:logGet(43)) - raft.server.watch.element-limit = 65536 (default)
2019-09-19 14:38:41,958 [82d8c685-2836-4bc6-955f-a4b55a908719:group-311BFC3668BD:LeaderElection58] INFO  impl.RoleInfo (RoleInfo.java:updateAndGet(143)) - 82d8c685-2836-4bc6-955f-a4b55a908719: start LeaderState
2019-09-19 14:38:41,959 [82d8c685-2836-4bc6-955f-a4b55a908719:group-311BFC3668BD:LeaderElection58] INFO  segmented.SegmentedRaftLogWorker (SegmentedRaftLogWorker.java:startLogSegment(380)) - 82d8c685-2836-4bc6-955f-a4b55a908719-SegmentedRaftLogWorker:Storage Directory /workdir/hadoop-ozone/ozonefs/target/test-dir/MiniOzoneClusterImpl-749d4081-1d77-4e7f-9728-45de1fba6f43/datanode-0/data/ratis/536d9c5e-1f34-4359-ba27-311bfc3668bd: Starting segment from index:0
2019-09-19 14:38:41,959 [82d8c685-2836-4bc6-955f-a4b55a908719:group-311BFC3668BD:LeaderElection58] INFO  impl.RaftServerImpl (ServerState.java:setRaftConf(361)) - 82d8c685-2836-4bc6-955f-a4b55a908719:group-311BFC3668BD set configuration 0: [82d8c685-2836-4bc6-955f-a4b55a908719:192.168.5.132:41613], old=null at 0
2019-09-19 14:38:41,971 [Thread-1000] INFO  impl.FollowerState (FollowerState.java:run(106)) - fec1dd95-6591-47a7-ae1d-7a016c77c9f0:group-8256A6734747 changes to CANDIDATE, lastRpcTime:5053, electionTimeout:5053ms
2019-09-19 14:38:41,971 [Thread-1000] INFO  impl.RoleInfo (RoleInfo.java:shutdownFollowerState(121)) - fec1dd95-6591-47a7-ae1d-7a016c77c9f0: shutdown FollowerState
2019-09-19 14:38:41,971 [Thread-1000] INFO  impl.RaftServerImpl (RaftServerImpl.java:setRole(171)) - fec1dd95-6591-47a7-ae1d-7a016c77c9f0:group-8256A6734747 changes role from FOLLOWER to CANDIDATE at term 0 for changeToCandidate
2019-09-19 14:38:41,971 [Thread-1000] INFO  impl.RoleInfo (RoleInfo.java:updateAndGet(143)) - fec1dd95-6591-47a7-ae1d-7a016c77c9f0: start LeaderElection
2019-09-19 14:38:42,007 [Thread-997] INFO  impl.FollowerState (FollowerState.java:run(106)) - c03852e1-215b-45db-b67f-c74ee277280d:group-C37D95BE5B54 changes to CANDIDATE, lastRpcTime:5163, electionTimeout:5163ms
2019-09-19 14:38:42,007 [Thread-997] INFO  impl.RoleInfo (RoleInfo.java:shutdownFollowerState(121)) - c03852e1-215b-45db-b67f-c74ee277280d: shutdown FollowerState
2019-09-19 14:38:42,007 [Thread-997] INFO  impl.RaftServerImpl (RaftServerImpl.java:setRole(171)) - c03852e1-215b-45db-b67f-c74ee277280d:group-C37D95BE5B54 changes role from FOLLOWER to CANDIDATE at term 0 for changeToCandidate
2019-09-19 14:38:42,007 [Thread-997] INFO  impl.RoleInfo (RoleInfo.java:updateAndGet(143)) - c03852e1-215b-45db-b67f-c74ee277280d: start LeaderElection
2019-09-19 14:38:42,018 [82d8c685-2836-4bc6-955f-a4b55a908719-SegmentedRaftLogWorker:Storage Directory /workdir/hadoop-ozone/ozonefs/target/test-dir/MiniOzoneClusterImpl-749d4081-1d77-4e7f-9728-45de1fba6f43/datanode-0/data/ratis/536d9c5e-1f34-4359-ba27-311bfc3668bd] INFO  segmented.SegmentedRaftLogWorker (SegmentedRaftLogWorker.java:execute(569)) - 82d8c685-2836-4bc6-955f-a4b55a908719-SegmentedRaftLogWorker:Storage Directory /workdir/hadoop-ozone/ozonefs/target/test-dir/MiniOzoneClusterImpl-749d4081-1d77-4e7f-9728-45de1fba6f43/datanode-0/data/ratis/536d9c5e-1f34-4359-ba27-311bfc3668bd: created new log segment /workdir/hadoop-ozone/ozonefs/target/test-dir/MiniOzoneClusterImpl-749d4081-1d77-4e7f-9728-45de1fba6f43/datanode-0/data/ratis/536d9c5e-1f34-4359-ba27-311bfc3668bd/current/log_inprogress_0
2019-09-19 14:38:42,018 [fec1dd95-6591-47a7-ae1d-7a016c77c9f0:group-8256A6734747:LeaderElection59] INFO  impl.LeaderElection (LeaderElection.java:askForVotes(181)) - fec1dd95-6591-47a7-ae1d-7a016c77c9f0:group-8256A6734747:LeaderElection59: begin an election at term 1 for -1: [fec1dd95-6591-47a7-ae1d-7a016c77c9f0:192.168.5.132:37510], old=null
2019-09-19 14:38:42,018 [fec1dd95-6591-47a7-ae1d-7a016c77c9f0:group-8256A6734747:LeaderElection59] INFO  impl.RoleInfo (RoleInfo.java:shutdownLeaderElection(134)) - fec1dd95-6591-47a7-ae1d-7a016c77c9f0: shutdown LeaderElection
2019-09-19 14:38:42,018 [fec1dd95-6591-47a7-ae1d-7a016c77c9f0:group-8256A6734747:LeaderElection59] INFO  impl.RaftServerImpl (RaftServerImpl.java:setRole(171)) - fec1dd95-6591-47a7-ae1d-7a016c77c9f0:group-8256A6734747 changes role from CANDIDATE to LEADER at term 1 for changeToLeader
2019-09-19 14:38:42,018 [fec1dd95-6591-47a7-ae1d-7a016c77c9f0:group-8256A6734747:LeaderElection59] INFO  impl.RaftServerImpl (ServerState.java:setLeader(263)) - fec1dd95-6591-47a7-ae1d-7a016c77c9f0:group-8256A6734747 change Leader from null to fec1dd95-6591-47a7-ae1d-7a016c77c9f0 at term 1 for becomeLeader, leader elected after 5105ms
2019-09-19 14:38:42,018 [fec1dd95-6591-47a7-ae1d-7a016c77c9f0:group-8256A6734747:LeaderElection59] INFO  server.RaftServerConfigKeys (ConfUtils.java:logGet(43)) - raft.server.staging.catchup.gap = 1000 (default)
2019-09-19 14:38:42,019 [fec1dd95-6591-47a7-ae1d-7a016c77c9f0:group-8256A6734747:LeaderElection59] INFO  server.RaftServerConfigKeys (ConfUtils.java:logGet(43)) - raft.server.rpc.sleep.time = 25ms (default)
2019-09-19 14:38:42,019 [fec1dd95-6591-47a7-ae1d-7a016c77c9f0:group-8256A6734747:LeaderElection59] INFO  server.RaftServerConfigKeys (ConfUtils.java:logGet(43)) - raft.server.write.element-limit = 4096 (default)
2019-09-19 14:38:42,019 [fec1dd95-6591-47a7-ae1d-7a016c77c9f0:group-8256A6734747:LeaderElection59] INFO  server.RaftServerConfigKeys (ConfUtils.java:logGet(43)) - raft.server.watch.timeout = 10s (default)
2019-09-19 14:38:42,019 [fec1dd95-6591-47a7-ae1d-7a016c77c9f0:group-8256A6734747:LeaderElection59] INFO  server.RaftServerConfigKeys (ConfUtils.java:logGet(43)) - raft.server.watch.timeout.denomination = 1s (default)
2019-09-19 14:38:42,019 [fec1dd95-6591-47a7-ae1d-7a016c77c9f0:group-8256A6734747:LeaderElection59] INFO  server.RaftServerConfigKeys (ConfUtils.java:logGet(43)) - raft.server.watch.element-limit = 65536 (default)
2019-09-19 14:38:42,019 [fec1dd95-6591-47a7-ae1d-7a016c77c9f0:group-8256A6734747:LeaderElection59] INFO  impl.RoleInfo (RoleInfo.java:updateAndGet(143)) - fec1dd95-6591-47a7-ae1d-7a016c77c9f0: start LeaderState
2019-09-19 14:38:42,020 [fec1dd95-6591-47a7-ae1d-7a016c77c9f0:group-8256A6734747:LeaderElection59] INFO  segmented.SegmentedRaftLogWorker (SegmentedRaftLogWorker.java:startLogSegment(380)) - fec1dd95-6591-47a7-ae1d-7a016c77c9f0-SegmentedRaftLogWorker:Storage Directory /workdir/hadoop-ozone/ozonefs/target/test-dir/MiniOzoneClusterImpl-749d4081-1d77-4e7f-9728-45de1fba6f43/datanode-2/data/ratis/2401ed2c-242c-424a-99db-8256a6734747: Starting segment from index:0
2019-09-19 14:38:42,020 [fec1dd95-6591-47a7-ae1d-7a016c77c9f0:group-8256A6734747:LeaderElection59] INFO  impl.RaftServerImpl (ServerState.java:setRaftConf(361)) - fec1dd95-6591-47a7-ae1d-7a016c77c9f0:group-8256A6734747 set configuration 0: [fec1dd95-6591-47a7-ae1d-7a016c77c9f0:192.168.5.132:37510], old=null at 0
2019-09-19 14:38:42,041 [c03852e1-215b-45db-b67f-c74ee277280d:group-C37D95BE5B54:LeaderElection60] INFO  impl.LeaderElection (LeaderElection.java:askForVotes(181)) - c03852e1-215b-45db-b67f-c74ee277280d:group-C37D95BE5B54:LeaderElection60: begin an election at term 1 for -1: [c03852e1-215b-45db-b67f-c74ee277280d:192.168.5.132:36799], old=null
2019-09-19 14:38:42,041 [c03852e1-215b-45db-b67f-c74ee277280d:group-C37D95BE5B54:LeaderElection60] INFO  impl.RoleInfo (RoleInfo.java:shutdownLeaderElection(134)) - c03852e1-215b-45db-b67f-c74ee277280d: shutdown LeaderElection
2019-09-19 14:38:42,041 [c03852e1-215b-45db-b67f-c74ee277280d:group-C37D95BE5B54:LeaderElection60] INFO  impl.RaftServerImpl (RaftServerImpl.java:setRole(171)) - c03852e1-215b-45db-b67f-c74ee277280d:group-C37D95BE5B54 changes role from CANDIDATE to LEADER at term 1 for changeToLeader
2019-09-19 14:38:42,041 [c03852e1-215b-45db-b67f-c74ee277280d:group-C37D95BE5B54:LeaderElection60] INFO  impl.RaftServerImpl (ServerState.java:setLeader(263)) - c03852e1-215b-45db-b67f-c74ee277280d:group-C37D95BE5B54 change Leader from null to c03852e1-215b-45db-b67f-c74ee277280d at term 1 for becomeLeader, leader elected after 5204ms
2019-09-19 14:38:42,041 [c03852e1-215b-45db-b67f-c74ee277280d:group-C37D95BE5B54:LeaderElection60] INFO  server.RaftServerConfigKeys (ConfUtils.java:logGet(43)) - raft.server.staging.catchup.gap = 1000 (default)
2019-09-19 14:38:42,042 [c03852e1-215b-45db-b67f-c74ee277280d:group-C37D95BE5B54:LeaderElection60] INFO  server.RaftServerConfigKeys (ConfUtils.java:logGet(43)) - raft.server.rpc.sleep.time = 25ms (default)
2019-09-19 14:38:42,042 [c03852e1-215b-45db-b67f-c74ee277280d:group-C37D95BE5B54:LeaderElection60] INFO  server.RaftServerConfigKeys (ConfUtils.java:logGet(43)) - raft.server.write.element-limit = 4096 (default)
2019-09-19 14:38:42,042 [c03852e1-215b-45db-b67f-c74ee277280d:group-C37D95BE5B54:LeaderElection60] INFO  server.RaftServerConfigKeys (ConfUtils.java:logGet(43)) - raft.server.watch.timeout = 10s (default)
2019-09-19 14:38:42,042 [c03852e1-215b-45db-b67f-c74ee277280d:group-C37D95BE5B54:LeaderElection60] INFO  server.RaftServerConfigKeys (ConfUtils.java:logGet(43)) - raft.server.watch.timeout.denomination = 1s (default)
2019-09-19 14:38:42,042 [c03852e1-215b-45db-b67f-c74ee277280d:group-C37D95BE5B54:LeaderElection60] INFO  server.RaftServerConfigKeys (ConfUtils.java:logGet(43)) - raft.server.watch.element-limit = 65536 (default)
2019-09-19 14:38:42,043 [c03852e1-215b-45db-b67f-c74ee277280d:group-C37D95BE5B54:LeaderElection60] INFO  impl.RoleInfo (RoleInfo.java:updateAndGet(143)) - c03852e1-215b-45db-b67f-c74ee277280d: start LeaderState
2019-09-19 14:38:42,043 [c03852e1-215b-45db-b67f-c74ee277280d:group-C37D95BE5B54:LeaderElection60] INFO  segmented.SegmentedRaftLogWorker (SegmentedRaftLogWorker.java:startLogSegment(380)) - c03852e1-215b-45db-b67f-c74ee277280d-SegmentedRaftLogWorker:Storage Directory /workdir/hadoop-ozone/ozonefs/target/test-dir/MiniOzoneClusterImpl-749d4081-1d77-4e7f-9728-45de1fba6f43/datanode-1/data/ratis/e9e71c6b-6110-48ea-bb75-c37d95be5b54: Starting segment from index:0
2019-09-19 14:38:42,043 [c03852e1-215b-45db-b67f-c74ee277280d:group-C37D95BE5B54:LeaderElection60] INFO  impl.RaftServerImpl (ServerState.java:setRaftConf(361)) - c03852e1-215b-45db-b67f-c74ee277280d:group-C37D95BE5B54 set configuration 0: [c03852e1-215b-45db-b67f-c74ee277280d:192.168.5.132:36799], old=null at 0
2019-09-19 14:38:42,073 [fec1dd95-6591-47a7-ae1d-7a016c77c9f0-SegmentedRaftLogWorker:Storage Directory /workdir/hadoop-ozone/ozonefs/target/test-dir/MiniOzoneClusterImpl-749d4081-1d77-4e7f-9728-45de1fba6f43/datanode-2/data/ratis/2401ed2c-242c-424a-99db-8256a6734747] INFO  segmented.SegmentedRaftLogWorker (SegmentedRaftLogWorker.java:execute(569)) - fec1dd95-6591-47a7-ae1d-7a016c77c9f0-SegmentedRaftLogWorker:Storage Directory /workdir/hadoop-ozone/ozonefs/target/test-dir/MiniOzoneClusterImpl-749d4081-1d77-4e7f-9728-45de1fba6f43/datanode-2/data/ratis/2401ed2c-242c-424a-99db-8256a6734747: created new log segment /workdir/hadoop-ozone/ozonefs/target/test-dir/MiniOzoneClusterImpl-749d4081-1d77-4e7f-9728-45de1fba6f43/datanode-2/data/ratis/2401ed2c-242c-424a-99db-8256a6734747/current/log_inprogress_0
2019-09-19 14:38:42,081 [Thread-1003] INFO  impl.FollowerState (FollowerState.java:run(106)) - fec1dd95-6591-47a7-ae1d-7a016c77c9f0:group-0E7CD56DE69B changes to CANDIDATE, lastRpcTime:5088, electionTimeout:5088ms
2019-09-19 14:38:42,081 [Thread-1003] INFO  impl.RoleInfo (RoleInfo.java:shutdownFollowerState(121)) - fec1dd95-6591-47a7-ae1d-7a016c77c9f0: shutdown FollowerState
2019-09-19 14:38:42,082 [Thread-1003] INFO  impl.RaftServerImpl (RaftServerImpl.java:setRole(171)) - fec1dd95-6591-47a7-ae1d-7a016c77c9f0:group-0E7CD56DE69B changes role from FOLLOWER to CANDIDATE at term 0 for changeToCandidate
2019-09-19 14:38:42,082 [Thread-1003] INFO  impl.RoleInfo (RoleInfo.java:updateAndGet(143)) - fec1dd95-6591-47a7-ae1d-7a016c77c9f0: start LeaderElection
2019-09-19 14:38:42,098 [c03852e1-215b-45db-b67f-c74ee277280d-SegmentedRaftLogWorker:Storage Directory /workdir/hadoop-ozone/ozonefs/target/test-dir/MiniOzoneClusterImpl-749d4081-1d77-4e7f-9728-45de1fba6f43/datanode-1/data/ratis/e9e71c6b-6110-48ea-bb75-c37d95be5b54] INFO  segmented.SegmentedRaftLogWorker (SegmentedRaftLogWorker.java:execute(569)) - c03852e1-215b-45db-b67f-c74ee277280d-SegmentedRaftLogWorker:Storage Directory /workdir/hadoop-ozone/ozonefs/target/test-dir/MiniOzoneClusterImpl-749d4081-1d77-4e7f-9728-45de1fba6f43/datanode-1/data/ratis/e9e71c6b-6110-48ea-bb75-c37d95be5b54: created new log segment /workdir/hadoop-ozone/ozonefs/target/test-dir/MiniOzoneClusterImpl-749d4081-1d77-4e7f-9728-45de1fba6f43/datanode-1/data/ratis/e9e71c6b-6110-48ea-bb75-c37d95be5b54/current/log_inprogress_0
2019-09-19 14:38:42,116 [fec1dd95-6591-47a7-ae1d-7a016c77c9f0:group-0E7CD56DE69B:LeaderElection61] INFO  impl.LeaderElection (LeaderElection.java:askForVotes(181)) - fec1dd95-6591-47a7-ae1d-7a016c77c9f0:group-0E7CD56DE69B:LeaderElection61: begin an election at term 1 for -1: [fec1dd95-6591-47a7-ae1d-7a016c77c9f0:192.168.5.132:37510], old=null
2019-09-19 14:38:42,116 [fec1dd95-6591-47a7-ae1d-7a016c77c9f0:group-0E7CD56DE69B:LeaderElection61] INFO  impl.RoleInfo (RoleInfo.java:shutdownLeaderElection(134)) - fec1dd95-6591-47a7-ae1d-7a016c77c9f0: shutdown LeaderElection
2019-09-19 14:38:42,116 [Thread-1009] INFO  impl.FollowerState (FollowerState.java:run(106)) - c03852e1-215b-45db-b67f-c74ee277280d:group-50BB13081DCB changes to CANDIDATE, lastRpcTime:5003, electionTimeout:5003ms
2019-09-19 14:38:42,116 [fec1dd95-6591-47a7-ae1d-7a016c77c9f0:group-0E7CD56DE69B:LeaderElection61] INFO  impl.RaftServerImpl (RaftServerImpl.java:setRole(171)) - fec1dd95-6591-47a7-ae1d-7a016c77c9f0:group-0E7CD56DE69B changes role from CANDIDATE to LEADER at term 1 for changeToLeader
2019-09-19 14:38:42,116 [Thread-1009] INFO  impl.RoleInfo (RoleInfo.java:shutdownFollowerState(121)) - c03852e1-215b-45db-b67f-c74ee277280d: shutdown FollowerState
2019-09-19 14:38:42,116 [fec1dd95-6591-47a7-ae1d-7a016c77c9f0:group-0E7CD56DE69B:LeaderElection61] INFO  impl.RaftServerImpl (ServerState.java:setLeader(263)) - fec1dd95-6591-47a7-ae1d-7a016c77c9f0:group-0E7CD56DE69B change Leader from null to fec1dd95-6591-47a7-ae1d-7a016c77c9f0 at term 1 for becomeLeader, leader elected after 5127ms
2019-09-19 14:38:42,116 [Thread-1009] INFO  impl.RaftServerImpl (RaftServerImpl.java:setRole(171)) - c03852e1-215b-45db-b67f-c74ee277280d:group-50BB13081DCB changes role from FOLLOWER to CANDIDATE at term 0 for changeToCandidate
2019-09-19 14:38:42,117 [fec1dd95-6591-47a7-ae1d-7a016c77c9f0:group-0E7CD56DE69B:LeaderElection61] INFO  server.RaftServerConfigKeys (ConfUtils.java:logGet(43)) - raft.server.staging.catchup.gap = 1000 (default)
2019-09-19 14:38:42,117 [Thread-1009] INFO  impl.RoleInfo (RoleInfo.java:updateAndGet(143)) - c03852e1-215b-45db-b67f-c74ee277280d: start LeaderElection
2019-09-19 14:38:42,117 [fec1dd95-6591-47a7-ae1d-7a016c77c9f0:group-0E7CD56DE69B:LeaderElection61] INFO  server.RaftServerConfigKeys (ConfUtils.java:logGet(43)) - raft.server.rpc.sleep.time = 25ms (default)
2019-09-19 14:38:42,119 [fec1dd95-6591-47a7-ae1d-7a016c77c9f0:group-0E7CD56DE69B:LeaderElection61] INFO  server.RaftServerConfigKeys (ConfUtils.java:logGet(43)) - raft.server.write.element-limit = 4096 (default)
2019-09-19 14:38:42,119 [fec1dd95-6591-47a7-ae1d-7a016c77c9f0:group-0E7CD56DE69B:LeaderElection61] INFO  server.RaftServerConfigKeys (ConfUtils.java:logGet(43)) - raft.server.watch.timeout = 10s (default)
2019-09-19 14:38:42,120 [fec1dd95-6591-47a7-ae1d-7a016c77c9f0:group-0E7CD56DE69B:LeaderElection61] INFO  server.RaftServerConfigKeys (ConfUtils.java:logGet(43)) - raft.server.watch.timeout.denomination = 1s (default)
2019-09-19 14:38:42,120 [fec1dd95-6591-47a7-ae1d-7a016c77c9f0:group-0E7CD56DE69B:LeaderElection61] INFO  server.RaftServerConfigKeys (ConfUtils.java:logGet(43)) - raft.server.watch.element-limit = 65536 (default)
2019-09-19 14:38:42,120 [fec1dd95-6591-47a7-ae1d-7a016c77c9f0:group-0E7CD56DE69B:LeaderElection61] INFO  impl.RoleInfo (RoleInfo.java:updateAndGet(143)) - fec1dd95-6591-47a7-ae1d-7a016c77c9f0: start LeaderState
2019-09-19 14:38:42,120 [fec1dd95-6591-47a7-ae1d-7a016c77c9f0:group-0E7CD56DE69B:LeaderElection61] INFO  segmented.SegmentedRaftLogWorker (SegmentedRaftLogWorker.java:startLogSegment(380)) - fec1dd95-6591-47a7-ae1d-7a016c77c9f0-SegmentedRaftLogWorker:Storage Directory /workdir/hadoop-ozone/ozonefs/target/test-dir/MiniOzoneClusterImpl-749d4081-1d77-4e7f-9728-45de1fba6f43/datanode-2/data/ratis/ff47311b-9774-46ed-8abd-0e7cd56de69b: Starting segment from index:0
2019-09-19 14:38:42,121 [fec1dd95-6591-47a7-ae1d-7a016c77c9f0:group-0E7CD56DE69B:LeaderElection61] INFO  impl.RaftServerImpl (ServerState.java:setRaftConf(361)) - fec1dd95-6591-47a7-ae1d-7a016c77c9f0:group-0E7CD56DE69B set configuration 0: [fec1dd95-6591-47a7-ae1d-7a016c77c9f0:192.168.5.132:37510], old=null at 0
2019-09-19 14:38:42,141 [c03852e1-215b-45db-b67f-c74ee277280d:group-50BB13081DCB:LeaderElection62] INFO  impl.LeaderElection (LeaderElection.java:askForVotes(181)) - c03852e1-215b-45db-b67f-c74ee277280d:group-50BB13081DCB:LeaderElection62: begin an election at term 1 for -1: [c03852e1-215b-45db-b67f-c74ee277280d:192.168.5.132:36799], old=null
2019-09-19 14:38:42,141 [c03852e1-215b-45db-b67f-c74ee277280d:group-50BB13081DCB:LeaderElection62] INFO  impl.RoleInfo (RoleInfo.java:shutdownLeaderElection(134)) - c03852e1-215b-45db-b67f-c74ee277280d: shutdown LeaderElection
2019-09-19 14:38:42,141 [c03852e1-215b-45db-b67f-c74ee277280d:group-50BB13081DCB:LeaderElection62] INFO  impl.RaftServerImpl (RaftServerImpl.java:setRole(171)) - c03852e1-215b-45db-b67f-c74ee277280d:group-50BB13081DCB changes role from CANDIDATE to LEADER at term 1 for changeToLeader
2019-09-19 14:38:42,141 [c03852e1-215b-45db-b67f-c74ee277280d:group-50BB13081DCB:LeaderElection62] INFO  impl.RaftServerImpl (ServerState.java:setLeader(263)) - c03852e1-215b-45db-b67f-c74ee277280d:group-50BB13081DCB change Leader from null to c03852e1-215b-45db-b67f-c74ee277280d at term 1 for becomeLeader, leader elected after 5032ms
2019-09-19 14:38:42,142 [c03852e1-215b-45db-b67f-c74ee277280d:group-50BB13081DCB:LeaderElection62] INFO  server.RaftServerConfigKeys (ConfUtils.java:logGet(43)) - raft.server.staging.catchup.gap = 1000 (default)
2019-09-19 14:38:42,142 [c03852e1-215b-45db-b67f-c74ee277280d:group-50BB13081DCB:LeaderElection62] INFO  server.RaftServerConfigKeys (ConfUtils.java:logGet(43)) - raft.server.rpc.sleep.time = 25ms (default)
2019-09-19 14:38:42,142 [c03852e1-215b-45db-b67f-c74ee277280d:group-50BB13081DCB:LeaderElection62] INFO  server.RaftServerConfigKeys (ConfUtils.java:logGet(43)) - raft.server.write.element-limit = 4096 (default)
2019-09-19 14:38:42,142 [c03852e1-215b-45db-b67f-c74ee277280d:group-50BB13081DCB:LeaderElection62] INFO  server.RaftServerConfigKeys (ConfUtils.java:logGet(43)) - raft.server.watch.timeout = 10s (default)
2019-09-19 14:38:42,142 [c03852e1-215b-45db-b67f-c74ee277280d:group-50BB13081DCB:LeaderElection62] INFO  server.RaftServerConfigKeys (ConfUtils.java:logGet(43)) - raft.server.watch.timeout.denomination = 1s (default)
2019-09-19 14:38:42,142 [c03852e1-215b-45db-b67f-c74ee277280d:group-50BB13081DCB:LeaderElection62] INFO  server.RaftServerConfigKeys (ConfUtils.java:logGet(43)) - raft.server.watch.element-limit = 65536 (default)
2019-09-19 14:38:42,143 [c03852e1-215b-45db-b67f-c74ee277280d:group-50BB13081DCB:LeaderElection62] INFO  impl.RoleInfo (RoleInfo.java:updateAndGet(143)) - c03852e1-215b-45db-b67f-c74ee277280d: start LeaderState
2019-09-19 14:38:42,143 [c03852e1-215b-45db-b67f-c74ee277280d:group-50BB13081DCB:LeaderElection62] INFO  segmented.SegmentedRaftLogWorker (SegmentedRaftLogWorker.java:startLogSegment(380)) - c03852e1-215b-45db-b67f-c74ee277280d-SegmentedRaftLogWorker:Storage Directory /workdir/hadoop-ozone/ozonefs/target/test-dir/MiniOzoneClusterImpl-749d4081-1d77-4e7f-9728-45de1fba6f43/datanode-1/data/ratis/d883be7a-137c-4d8b-b43a-50bb13081dcb: Starting segment from index:0
2019-09-19 14:38:42,143 [c03852e1-215b-45db-b67f-c74ee277280d:group-50BB13081DCB:LeaderElection62] INFO  impl.RaftServerImpl (ServerState.java:setRaftConf(361)) - c03852e1-215b-45db-b67f-c74ee277280d:group-50BB13081DCB set configuration 0: [c03852e1-215b-45db-b67f-c74ee277280d:192.168.5.132:36799], old=null at 0
2019-09-19 14:38:42,183 [fec1dd95-6591-47a7-ae1d-7a016c77c9f0-SegmentedRaftLogWorker:Storage Directory /workdir/hadoop-ozone/ozonefs/target/test-dir/MiniOzoneClusterImpl-749d4081-1d77-4e7f-9728-45de1fba6f43/datanode-2/data/ratis/ff47311b-9774-46ed-8abd-0e7cd56de69b] INFO  segmented.SegmentedRaftLogWorker (SegmentedRaftLogWorker.java:execute(569)) - fec1dd95-6591-47a7-ae1d-7a016c77c9f0-SegmentedRaftLogWorker:Storage Directory /workdir/hadoop-ozone/ozonefs/target/test-dir/MiniOzoneClusterImpl-749d4081-1d77-4e7f-9728-45de1fba6f43/datanode-2/data/ratis/ff47311b-9774-46ed-8abd-0e7cd56de69b: created new log segment /workdir/hadoop-ozone/ozonefs/target/test-dir/MiniOzoneClusterImpl-749d4081-1d77-4e7f-9728-45de1fba6f43/datanode-2/data/ratis/ff47311b-9774-46ed-8abd-0e7cd56de69b/current/log_inprogress_0
2019-09-19 14:38:42,200 [c03852e1-215b-45db-b67f-c74ee277280d-SegmentedRaftLogWorker:Storage Directory /workdir/hadoop-ozone/ozonefs/target/test-dir/MiniOzoneClusterImpl-749d4081-1d77-4e7f-9728-45de1fba6f43/datanode-1/data/ratis/d883be7a-137c-4d8b-b43a-50bb13081dcb] INFO  segmented.SegmentedRaftLogWorker (SegmentedRaftLogWorker.java:execute(569)) - c03852e1-215b-45db-b67f-c74ee277280d-SegmentedRaftLogWorker:Storage Directory /workdir/hadoop-ozone/ozonefs/target/test-dir/MiniOzoneClusterImpl-749d4081-1d77-4e7f-9728-45de1fba6f43/datanode-1/data/ratis/d883be7a-137c-4d8b-b43a-50bb13081dcb: created new log segment /workdir/hadoop-ozone/ozonefs/target/test-dir/MiniOzoneClusterImpl-749d4081-1d77-4e7f-9728-45de1fba6f43/datanode-1/data/ratis/d883be7a-137c-4d8b-b43a-50bb13081dcb/current/log_inprogress_0
2019-09-19 14:38:42,232 [Thread-1006] INFO  impl.FollowerState (FollowerState.java:run(106)) - fec1dd95-6591-47a7-ae1d-7a016c77c9f0:group-EFC43619C4F3 changes to CANDIDATE, lastRpcTime:5193, electionTimeout:5193ms
2019-09-19 14:38:42,233 [Thread-1006] INFO  impl.RoleInfo (RoleInfo.java:shutdownFollowerState(121)) - fec1dd95-6591-47a7-ae1d-7a016c77c9f0: shutdown FollowerState
2019-09-19 14:38:42,233 [Thread-1006] INFO  impl.RaftServerImpl (RaftServerImpl.java:setRole(171)) - fec1dd95-6591-47a7-ae1d-7a016c77c9f0:group-EFC43619C4F3 changes role from FOLLOWER to CANDIDATE at term 0 for changeToCandidate
2019-09-19 14:38:42,233 [Thread-1006] INFO  impl.RoleInfo (RoleInfo.java:updateAndGet(143)) - fec1dd95-6591-47a7-ae1d-7a016c77c9f0: start LeaderElection
2019-09-19 14:38:42,258 [fec1dd95-6591-47a7-ae1d-7a016c77c9f0:group-EFC43619C4F3:LeaderElection63] INFO  impl.LeaderElection (LeaderElection.java:askForVotes(181)) - fec1dd95-6591-47a7-ae1d-7a016c77c9f0:group-EFC43619C4F3:LeaderElection63: begin an election at term 1 for -1: [fec1dd95-6591-47a7-ae1d-7a016c77c9f0:192.168.5.132:37510], old=null
2019-09-19 14:38:42,259 [fec1dd95-6591-47a7-ae1d-7a016c77c9f0:group-EFC43619C4F3:LeaderElection63] INFO  impl.RoleInfo (RoleInfo.java:shutdownLeaderElection(134)) - fec1dd95-6591-47a7-ae1d-7a016c77c9f0: shutdown LeaderElection
2019-09-19 14:38:42,259 [fec1dd95-6591-47a7-ae1d-7a016c77c9f0:group-EFC43619C4F3:LeaderElection63] INFO  impl.RaftServerImpl (RaftServerImpl.java:setRole(171)) - fec1dd95-6591-47a7-ae1d-7a016c77c9f0:group-EFC43619C4F3 changes role from CANDIDATE to LEADER at term 1 for changeToLeader
2019-09-19 14:38:42,259 [fec1dd95-6591-47a7-ae1d-7a016c77c9f0:group-EFC43619C4F3:LeaderElection63] INFO  impl.RaftServerImpl (ServerState.java:setLeader(263)) - fec1dd95-6591-47a7-ae1d-7a016c77c9f0:group-EFC43619C4F3 change Leader from null to fec1dd95-6591-47a7-ae1d-7a016c77c9f0 at term 1 for becomeLeader, leader elected after 5224ms
2019-09-19 14:38:42,259 [fec1dd95-6591-47a7-ae1d-7a016c77c9f0:group-EFC43619C4F3:LeaderElection63] INFO  server.RaftServerConfigKeys (ConfUtils.java:logGet(43)) - raft.server.staging.catchup.gap = 1000 (default)
2019-09-19 14:38:42,259 [fec1dd95-6591-47a7-ae1d-7a016c77c9f0:group-EFC43619C4F3:LeaderElection63] INFO  server.RaftServerConfigKeys (ConfUtils.java:logGet(43)) - raft.server.rpc.sleep.time = 25ms (default)
2019-09-19 14:38:42,260 [fec1dd95-6591-47a7-ae1d-7a016c77c9f0:group-EFC43619C4F3:LeaderElection63] INFO  server.RaftServerConfigKeys (ConfUtils.java:logGet(43)) - raft.server.write.element-limit = 4096 (default)
2019-09-19 14:38:42,260 [fec1dd95-6591-47a7-ae1d-7a016c77c9f0:group-EFC43619C4F3:LeaderElection63] INFO  server.RaftServerConfigKeys (ConfUtils.java:logGet(43)) - raft.server.watch.timeout = 10s (default)
2019-09-19 14:38:42,260 [fec1dd95-6591-47a7-ae1d-7a016c77c9f0:group-EFC43619C4F3:LeaderElection63] INFO  server.RaftServerConfigKeys (ConfUtils.java:logGet(43)) - raft.server.watch.timeout.denomination = 1s (default)
2019-09-19 14:38:42,260 [fec1dd95-6591-47a7-ae1d-7a016c77c9f0:group-EFC43619C4F3:LeaderElection63] INFO  server.RaftServerConfigKeys (ConfUtils.java:logGet(43)) - raft.server.watch.element-limit = 65536 (default)
2019-09-19 14:38:42,260 [fec1dd95-6591-47a7-ae1d-7a016c77c9f0:group-EFC43619C4F3:LeaderElection63] INFO  impl.RoleInfo (RoleInfo.java:updateAndGet(143)) - fec1dd95-6591-47a7-ae1d-7a016c77c9f0: start LeaderState
2019-09-19 14:38:42,261 [fec1dd95-6591-47a7-ae1d-7a016c77c9f0:group-EFC43619C4F3:LeaderElection63] INFO  segmented.SegmentedRaftLogWorker (SegmentedRaftLogWorker.java:startLogSegment(380)) - fec1dd95-6591-47a7-ae1d-7a016c77c9f0-SegmentedRaftLogWorker:Storage Directory /workdir/hadoop-ozone/ozonefs/target/test-dir/MiniOzoneClusterImpl-749d4081-1d77-4e7f-9728-45de1fba6f43/datanode-2/data/ratis/c971f0d3-e715-41e6-a2ad-efc43619c4f3: Starting segment from index:0
2019-09-19 14:38:42,261 [fec1dd95-6591-47a7-ae1d-7a016c77c9f0:group-EFC43619C4F3:LeaderElection63] INFO  impl.RaftServerImpl (ServerState.java:setRaftConf(361)) - fec1dd95-6591-47a7-ae1d-7a016c77c9f0:group-EFC43619C4F3 set configuration 0: [fec1dd95-6591-47a7-ae1d-7a016c77c9f0:192.168.5.132:37510], old=null at 0
2019-09-19 14:38:42,301 [Thread-1018] INFO  impl.FollowerState (FollowerState.java:run(106)) - fec1dd95-6591-47a7-ae1d-7a016c77c9f0:group-BE67C1D25CDA changes to CANDIDATE, lastRpcTime:5003, electionTimeout:5003ms
2019-09-19 14:38:42,301 [Thread-1018] INFO  impl.RoleInfo (RoleInfo.java:shutdownFollowerState(121)) - fec1dd95-6591-47a7-ae1d-7a016c77c9f0: shutdown FollowerState
2019-09-19 14:38:42,302 [Thread-1018] INFO  impl.RaftServerImpl (RaftServerImpl.java:setRole(171)) - fec1dd95-6591-47a7-ae1d-7a016c77c9f0:group-BE67C1D25CDA changes role from FOLLOWER to CANDIDATE at term 0 for changeToCandidate
2019-09-19 14:38:42,302 [Thread-1018] INFO  impl.RoleInfo (RoleInfo.java:updateAndGet(143)) - fec1dd95-6591-47a7-ae1d-7a016c77c9f0: start LeaderElection
2019-09-19 14:38:42,309 [fec1dd95-6591-47a7-ae1d-7a016c77c9f0-SegmentedRaftLogWorker:Storage Directory /workdir/hadoop-ozone/ozonefs/target/test-dir/MiniOzoneClusterImpl-749d4081-1d77-4e7f-9728-45de1fba6f43/datanode-2/data/ratis/c971f0d3-e715-41e6-a2ad-efc43619c4f3] INFO  segmented.SegmentedRaftLogWorker (SegmentedRaftLogWorker.java:execute(569)) - fec1dd95-6591-47a7-ae1d-7a016c77c9f0-SegmentedRaftLogWorker:Storage Directory /workdir/hadoop-ozone/ozonefs/target/test-dir/MiniOzoneClusterImpl-749d4081-1d77-4e7f-9728-45de1fba6f43/datanode-2/data/ratis/c971f0d3-e715-41e6-a2ad-efc43619c4f3: created new log segment /workdir/hadoop-ozone/ozonefs/target/test-dir/MiniOzoneClusterImpl-749d4081-1d77-4e7f-9728-45de1fba6f43/datanode-2/data/ratis/c971f0d3-e715-41e6-a2ad-efc43619c4f3/current/log_inprogress_0
2019-09-19 14:38:42,311 [Thread-1012] INFO  impl.FollowerState (FollowerState.java:run(106)) - c03852e1-215b-45db-b67f-c74ee277280d:group-D7A1A9D880B1 changes to CANDIDATE, lastRpcTime:5136, electionTimeout:5136ms
2019-09-19 14:38:42,311 [Thread-1012] INFO  impl.RoleInfo (RoleInfo.java:shutdownFollowerState(121)) - c03852e1-215b-45db-b67f-c74ee277280d: shutdown FollowerState
2019-09-19 14:38:42,312 [Thread-1012] INFO  impl.RaftServerImpl (RaftServerImpl.java:setRole(171)) - c03852e1-215b-45db-b67f-c74ee277280d:group-D7A1A9D880B1 changes role from FOLLOWER to CANDIDATE at term 0 for changeToCandidate
2019-09-19 14:38:42,312 [Thread-1012] INFO  impl.RoleInfo (RoleInfo.java:updateAndGet(143)) - c03852e1-215b-45db-b67f-c74ee277280d: start LeaderElection
2019-09-19 14:38:42,334 [c03852e1-215b-45db-b67f-c74ee277280d:group-D7A1A9D880B1:LeaderElection65] INFO  impl.LeaderElection (LeaderElection.java:askForVotes(181)) - c03852e1-215b-45db-b67f-c74ee277280d:group-D7A1A9D880B1:LeaderElection65: begin an election at term 1 for -1: [c03852e1-215b-45db-b67f-c74ee277280d:192.168.5.132:36799], old=null
2019-09-19 14:38:42,334 [fec1dd95-6591-47a7-ae1d-7a016c77c9f0:group-BE67C1D25CDA:LeaderElection64] INFO  impl.LeaderElection (LeaderElection.java:askForVotes(181)) - fec1dd95-6591-47a7-ae1d-7a016c77c9f0:group-BE67C1D25CDA:LeaderElection64: begin an election at term 1 for -1: [fec1dd95-6591-47a7-ae1d-7a016c77c9f0:192.168.5.132:37510], old=null
2019-09-19 14:38:42,334 [c03852e1-215b-45db-b67f-c74ee277280d:group-D7A1A9D880B1:LeaderElection65] INFO  impl.RoleInfo (RoleInfo.java:shutdownLeaderElection(134)) - c03852e1-215b-45db-b67f-c74ee277280d: shutdown LeaderElection
2019-09-19 14:38:42,334 [fec1dd95-6591-47a7-ae1d-7a016c77c9f0:group-BE67C1D25CDA:LeaderElection64] INFO  impl.RoleInfo (RoleInfo.java:shutdownLeaderElection(134)) - fec1dd95-6591-47a7-ae1d-7a016c77c9f0: shutdown LeaderElection
2019-09-19 14:38:42,335 [c03852e1-215b-45db-b67f-c74ee277280d:group-D7A1A9D880B1:LeaderElection65] INFO  impl.RaftServerImpl (RaftServerImpl.java:setRole(171)) - c03852e1-215b-45db-b67f-c74ee277280d:group-D7A1A9D880B1 changes role from CANDIDATE to LEADER at term 1 for changeToLeader
2019-09-19 14:38:42,335 [fec1dd95-6591-47a7-ae1d-7a016c77c9f0:group-BE67C1D25CDA:LeaderElection64] INFO  impl.RaftServerImpl (RaftServerImpl.java:setRole(171)) - fec1dd95-6591-47a7-ae1d-7a016c77c9f0:group-BE67C1D25CDA changes role from CANDIDATE to LEADER at term 1 for changeToLeader
2019-09-19 14:38:42,335 [c03852e1-215b-45db-b67f-c74ee277280d:group-D7A1A9D880B1:LeaderElection65] INFO  impl.RaftServerImpl (ServerState.java:setLeader(263)) - c03852e1-215b-45db-b67f-c74ee277280d:group-D7A1A9D880B1 change Leader from null to c03852e1-215b-45db-b67f-c74ee277280d at term 1 for becomeLeader, leader elected after 5163ms
2019-09-19 14:38:42,335 [fec1dd95-6591-47a7-ae1d-7a016c77c9f0:group-BE67C1D25CDA:LeaderElection64] INFO  impl.RaftServerImpl (ServerState.java:setLeader(263)) - fec1dd95-6591-47a7-ae1d-7a016c77c9f0:group-BE67C1D25CDA change Leader from null to fec1dd95-6591-47a7-ae1d-7a016c77c9f0 at term 1 for becomeLeader, leader elected after 5040ms
2019-09-19 14:38:42,335 [c03852e1-215b-45db-b67f-c74ee277280d:group-D7A1A9D880B1:LeaderElection65] INFO  server.RaftServerConfigKeys (ConfUtils.java:logGet(43)) - raft.server.staging.catchup.gap = 1000 (default)
2019-09-19 14:38:42,335 [fec1dd95-6591-47a7-ae1d-7a016c77c9f0:group-BE67C1D25CDA:LeaderElection64] INFO  server.RaftServerConfigKeys (ConfUtils.java:logGet(43)) - raft.server.staging.catchup.gap = 1000 (default)
2019-09-19 14:38:42,335 [c03852e1-215b-45db-b67f-c74ee277280d:group-D7A1A9D880B1:LeaderElection65] INFO  server.RaftServerConfigKeys (ConfUtils.java:logGet(43)) - raft.server.rpc.sleep.time = 25ms (default)
2019-09-19 14:38:42,335 [fec1dd95-6591-47a7-ae1d-7a016c77c9f0:group-BE67C1D25CDA:LeaderElection64] INFO  server.RaftServerConfigKeys (ConfUtils.java:logGet(43)) - raft.server.rpc.sleep.time = 25ms (default)
2019-09-19 14:38:42,335 [c03852e1-215b-45db-b67f-c74ee277280d:group-D7A1A9D880B1:LeaderElection65] INFO  server.RaftServerConfigKeys (ConfUtils.java:logGet(43)) - raft.server.write.element-limit = 4096 (default)
2019-09-19 14:38:42,335 [fec1dd95-6591-47a7-ae1d-7a016c77c9f0:group-BE67C1D25CDA:LeaderElection64] INFO  server.RaftServerConfigKeys (ConfUtils.java:logGet(43)) - raft.server.write.element-limit = 4096 (default)
2019-09-19 14:38:42,335 [c03852e1-215b-45db-b67f-c74ee277280d:group-D7A1A9D880B1:LeaderElection65] INFO  server.RaftServerConfigKeys (ConfUtils.java:logGet(43)) - raft.server.watch.timeout = 10s (default)
2019-09-19 14:38:42,336 [fec1dd95-6591-47a7-ae1d-7a016c77c9f0:group-BE67C1D25CDA:LeaderElection64] INFO  server.RaftServerConfigKeys (ConfUtils.java:logGet(43)) - raft.server.watch.timeout = 10s (default)
2019-09-19 14:38:42,336 [c03852e1-215b-45db-b67f-c74ee277280d:group-D7A1A9D880B1:LeaderElection65] INFO  server.RaftServerConfigKeys (ConfUtils.java:logGet(43)) - raft.server.watch.timeout.denomination = 1s (default)
2019-09-19 14:38:42,336 [fec1dd95-6591-47a7-ae1d-7a016c77c9f0:group-BE67C1D25CDA:LeaderElection64] INFO  server.RaftServerConfigKeys (ConfUtils.java:logGet(43)) - raft.server.watch.timeout.denomination = 1s (default)
2019-09-19 14:38:42,336 [fec1dd95-6591-47a7-ae1d-7a016c77c9f0:group-BE67C1D25CDA:LeaderElection64] INFO  server.RaftServerConfigKeys (ConfUtils.java:logGet(43)) - raft.server.watch.element-limit = 65536 (default)
2019-09-19 14:38:42,336 [c03852e1-215b-45db-b67f-c74ee277280d:group-D7A1A9D880B1:LeaderElection65] INFO  server.RaftServerConfigKeys (ConfUtils.java:logGet(43)) - raft.server.watch.element-limit = 65536 (default)
2019-09-19 14:38:42,336 [fec1dd95-6591-47a7-ae1d-7a016c77c9f0:group-BE67C1D25CDA:LeaderElection64] INFO  impl.RoleInfo (RoleInfo.java:updateAndGet(143)) - fec1dd95-6591-47a7-ae1d-7a016c77c9f0: start LeaderState
2019-09-19 14:38:42,336 [c03852e1-215b-45db-b67f-c74ee277280d:group-D7A1A9D880B1:LeaderElection65] INFO  impl.RoleInfo (RoleInfo.java:updateAndGet(143)) - c03852e1-215b-45db-b67f-c74ee277280d: start LeaderState
2019-09-19 14:38:42,336 [fec1dd95-6591-47a7-ae1d-7a016c77c9f0:group-BE67C1D25CDA:LeaderElection64] INFO  segmented.SegmentedRaftLogWorker (SegmentedRaftLogWorker.java:startLogSegment(380)) - fec1dd95-6591-47a7-ae1d-7a016c77c9f0-SegmentedRaftLogWorker:Storage Directory /workdir/hadoop-ozone/ozonefs/target/test-dir/MiniOzoneClusterImpl-749d4081-1d77-4e7f-9728-45de1fba6f43/datanode-2/data/ratis/bc4754f8-5554-4389-b398-be67c1d25cda: Starting segment from index:0
2019-09-19 14:38:42,337 [c03852e1-215b-45db-b67f-c74ee277280d:group-D7A1A9D880B1:LeaderElection65] INFO  segmented.SegmentedRaftLogWorker (SegmentedRaftLogWorker.java:startLogSegment(380)) - c03852e1-215b-45db-b67f-c74ee277280d-SegmentedRaftLogWorker:Storage Directory /workdir/hadoop-ozone/ozonefs/target/test-dir/MiniOzoneClusterImpl-749d4081-1d77-4e7f-9728-45de1fba6f43/datanode-1/data/ratis/5f4bd510-6767-4d08-b204-d7a1a9d880b1: Starting segment from index:0
2019-09-19 14:38:42,337 [fec1dd95-6591-47a7-ae1d-7a016c77c9f0:group-BE67C1D25CDA:LeaderElection64] INFO  impl.RaftServerImpl (ServerState.java:setRaftConf(361)) - fec1dd95-6591-47a7-ae1d-7a016c77c9f0:group-BE67C1D25CDA set configuration 0: [fec1dd95-6591-47a7-ae1d-7a016c77c9f0:192.168.5.132:37510], old=null at 0
2019-09-19 14:38:42,337 [c03852e1-215b-45db-b67f-c74ee277280d:group-D7A1A9D880B1:LeaderElection65] INFO  impl.RaftServerImpl (ServerState.java:setRaftConf(361)) - c03852e1-215b-45db-b67f-c74ee277280d:group-D7A1A9D880B1 set configuration 0: [c03852e1-215b-45db-b67f-c74ee277280d:192.168.5.132:36799], old=null at 0
2019-09-19 14:38:42,378 [Thread-1015] INFO  impl.FollowerState (FollowerState.java:run(106)) - fec1dd95-6591-47a7-ae1d-7a016c77c9f0:group-F87DE5782B70 changes to CANDIDATE, lastRpcTime:5138, electionTimeout:5138ms
2019-09-19 14:38:42,378 [Thread-1015] INFO  impl.RoleInfo (RoleInfo.java:shutdownFollowerState(121)) - fec1dd95-6591-47a7-ae1d-7a016c77c9f0: shutdown FollowerState
2019-09-19 14:38:42,378 [Thread-1015] INFO  impl.RaftServerImpl (RaftServerImpl.java:setRole(171)) - fec1dd95-6591-47a7-ae1d-7a016c77c9f0:group-F87DE5782B70 changes role from FOLLOWER to CANDIDATE at term 0 for changeToCandidate
2019-09-19 14:38:42,378 [Thread-1015] INFO  impl.RoleInfo (RoleInfo.java:updateAndGet(143)) - fec1dd95-6591-47a7-ae1d-7a016c77c9f0: start LeaderElection
2019-09-19 14:38:42,385 [fec1dd95-6591-47a7-ae1d-7a016c77c9f0-SegmentedRaftLogWorker:Storage Directory /workdir/hadoop-ozone/ozonefs/target/test-dir/MiniOzoneClusterImpl-749d4081-1d77-4e7f-9728-45de1fba6f43/datanode-2/data/ratis/bc4754f8-5554-4389-b398-be67c1d25cda] INFO  segmented.SegmentedRaftLogWorker (SegmentedRaftLogWorker.java:execute(569)) - fec1dd95-6591-47a7-ae1d-7a016c77c9f0-SegmentedRaftLogWorker:Storage Directory /workdir/hadoop-ozone/ozonefs/target/test-dir/MiniOzoneClusterImpl-749d4081-1d77-4e7f-9728-45de1fba6f43/datanode-2/data/ratis/bc4754f8-5554-4389-b398-be67c1d25cda: created new log segment /workdir/hadoop-ozone/ozonefs/target/test-dir/MiniOzoneClusterImpl-749d4081-1d77-4e7f-9728-45de1fba6f43/datanode-2/data/ratis/bc4754f8-5554-4389-b398-be67c1d25cda/current/log_inprogress_0
2019-09-19 14:38:42,385 [c03852e1-215b-45db-b67f-c74ee277280d-SegmentedRaftLogWorker:Storage Directory /workdir/hadoop-ozone/ozonefs/target/test-dir/MiniOzoneClusterImpl-749d4081-1d77-4e7f-9728-45de1fba6f43/datanode-1/data/ratis/5f4bd510-6767-4d08-b204-d7a1a9d880b1] INFO  segmented.SegmentedRaftLogWorker (SegmentedRaftLogWorker.java:execute(569)) - c03852e1-215b-45db-b67f-c74ee277280d-SegmentedRaftLogWorker:Storage Directory /workdir/hadoop-ozone/ozonefs/target/test-dir/MiniOzoneClusterImpl-749d4081-1d77-4e7f-9728-45de1fba6f43/datanode-1/data/ratis/5f4bd510-6767-4d08-b204-d7a1a9d880b1: created new log segment /workdir/hadoop-ozone/ozonefs/target/test-dir/MiniOzoneClusterImpl-749d4081-1d77-4e7f-9728-45de1fba6f43/datanode-1/data/ratis/5f4bd510-6767-4d08-b204-d7a1a9d880b1/current/log_inprogress_0
2019-09-19 14:38:42,397 [fec1dd95-6591-47a7-ae1d-7a016c77c9f0:group-F87DE5782B70:LeaderElection66] INFO  impl.LeaderElection (LeaderElection.java:askForVotes(181)) - fec1dd95-6591-47a7-ae1d-7a016c77c9f0:group-F87DE5782B70:LeaderElection66: begin an election at term 1 for -1: [fec1dd95-6591-47a7-ae1d-7a016c77c9f0:192.168.5.132:37510], old=null
2019-09-19 14:38:42,398 [fec1dd95-6591-47a7-ae1d-7a016c77c9f0:group-F87DE5782B70:LeaderElection66] INFO  impl.RoleInfo (RoleInfo.java:shutdownLeaderElection(134)) - fec1dd95-6591-47a7-ae1d-7a016c77c9f0: shutdown LeaderElection
2019-09-19 14:38:42,398 [fec1dd95-6591-47a7-ae1d-7a016c77c9f0:group-F87DE5782B70:LeaderElection66] INFO  impl.RaftServerImpl (RaftServerImpl.java:setRole(171)) - fec1dd95-6591-47a7-ae1d-7a016c77c9f0:group-F87DE5782B70 changes role from CANDIDATE to LEADER at term 1 for changeToLeader
2019-09-19 14:38:42,398 [fec1dd95-6591-47a7-ae1d-7a016c77c9f0:group-F87DE5782B70:LeaderElection66] INFO  impl.RaftServerImpl (ServerState.java:setLeader(263)) - fec1dd95-6591-47a7-ae1d-7a016c77c9f0:group-F87DE5782B70 change Leader from null to fec1dd95-6591-47a7-ae1d-7a016c77c9f0 at term 1 for becomeLeader, leader elected after 5164ms
2019-09-19 14:38:42,398 [fec1dd95-6591-47a7-ae1d-7a016c77c9f0:group-F87DE5782B70:LeaderElection66] INFO  server.RaftServerConfigKeys (ConfUtils.java:logGet(43)) - raft.server.staging.catchup.gap = 1000 (default)
2019-09-19 14:38:42,398 [fec1dd95-6591-47a7-ae1d-7a016c77c9f0:group-F87DE5782B70:LeaderElection66] INFO  server.RaftServerConfigKeys (ConfUtils.java:logGet(43)) - raft.server.rpc.sleep.time = 25ms (default)
2019-09-19 14:38:42,398 [fec1dd95-6591-47a7-ae1d-7a016c77c9f0:group-F87DE5782B70:LeaderElection66] INFO  server.RaftServerConfigKeys (ConfUtils.java:logGet(43)) - raft.server.write.element-limit = 4096 (default)
2019-09-19 14:38:42,398 [fec1dd95-6591-47a7-ae1d-7a016c77c9f0:group-F87DE5782B70:LeaderElection66] INFO  server.RaftServerConfigKeys (ConfUtils.java:logGet(43)) - raft.server.watch.timeout = 10s (default)
2019-09-19 14:38:42,398 [fec1dd95-6591-47a7-ae1d-7a016c77c9f0:group-F87DE5782B70:LeaderElection66] INFO  server.RaftServerConfigKeys (ConfUtils.java:logGet(43)) - raft.server.watch.timeout.denomination = 1s (default)
2019-09-19 14:38:42,399 [fec1dd95-6591-47a7-ae1d-7a016c77c9f0:group-F87DE5782B70:LeaderElection66] INFO  server.RaftServerConfigKeys (ConfUtils.java:logGet(43)) - raft.server.watch.element-limit = 65536 (default)
2019-09-19 14:38:42,399 [fec1dd95-6591-47a7-ae1d-7a016c77c9f0:group-F87DE5782B70:LeaderElection66] INFO  impl.RoleInfo (RoleInfo.java:updateAndGet(143)) - fec1dd95-6591-47a7-ae1d-7a016c77c9f0: start LeaderState
2019-09-19 14:38:42,399 [fec1dd95-6591-47a7-ae1d-7a016c77c9f0:group-F87DE5782B70:LeaderElection66] INFO  segmented.SegmentedRaftLogWorker (SegmentedRaftLogWorker.java:startLogSegment(380)) - fec1dd95-6591-47a7-ae1d-7a016c77c9f0-SegmentedRaftLogWorker:Storage Directory /workdir/hadoop-ozone/ozonefs/target/test-dir/MiniOzoneClusterImpl-749d4081-1d77-4e7f-9728-45de1fba6f43/datanode-2/data/ratis/5a09ddb2-eb53-488a-b064-f87de5782b70: Starting segment from index:0
2019-09-19 14:38:42,400 [fec1dd95-6591-47a7-ae1d-7a016c77c9f0:group-F87DE5782B70:LeaderElection66] INFO  impl.RaftServerImpl (ServerState.java:setRaftConf(361)) - fec1dd95-6591-47a7-ae1d-7a016c77c9f0:group-F87DE5782B70 set configuration 0: [fec1dd95-6591-47a7-ae1d-7a016c77c9f0:192.168.5.132:37510], old=null at 0
2019-09-19 14:38:42,423 [Thread-1021] INFO  impl.FollowerState (FollowerState.java:run(106)) - fec1dd95-6591-47a7-ae1d-7a016c77c9f0:group-6F8E45282B89 changes to CANDIDATE, lastRpcTime:5081, electionTimeout:5081ms
2019-09-19 14:38:42,424 [Thread-1021] INFO  impl.RoleInfo (RoleInfo.java:shutdownFollowerState(121)) - fec1dd95-6591-47a7-ae1d-7a016c77c9f0: shutdown FollowerState
2019-09-19 14:38:42,424 [Thread-1021] INFO  impl.RaftServerImpl (RaftServerImpl.java:setRole(171)) - fec1dd95-6591-47a7-ae1d-7a016c77c9f0:group-6F8E45282B89 changes role from FOLLOWER to CANDIDATE at term 0 for changeToCandidate
2019-09-19 14:38:42,424 [Thread-1021] INFO  impl.RoleInfo (RoleInfo.java:updateAndGet(143)) - fec1dd95-6591-47a7-ae1d-7a016c77c9f0: start LeaderElection
2019-09-19 14:38:42,446 [fec1dd95-6591-47a7-ae1d-7a016c77c9f0-SegmentedRaftLogWorker:Storage Directory /workdir/hadoop-ozone/ozonefs/target/test-dir/MiniOzoneClusterImpl-749d4081-1d77-4e7f-9728-45de1fba6f43/datanode-2/data/ratis/5a09ddb2-eb53-488a-b064-f87de5782b70] INFO  segmented.SegmentedRaftLogWorker (SegmentedRaftLogWorker.java:execute(569)) - fec1dd95-6591-47a7-ae1d-7a016c77c9f0-SegmentedRaftLogWorker:Storage Directory /workdir/hadoop-ozone/ozonefs/target/test-dir/MiniOzoneClusterImpl-749d4081-1d77-4e7f-9728-45de1fba6f43/datanode-2/data/ratis/5a09ddb2-eb53-488a-b064-f87de5782b70: created new log segment /workdir/hadoop-ozone/ozonefs/target/test-dir/MiniOzoneClusterImpl-749d4081-1d77-4e7f-9728-45de1fba6f43/datanode-2/data/ratis/5a09ddb2-eb53-488a-b064-f87de5782b70/current/log_inprogress_0
2019-09-19 14:38:42,446 [fec1dd95-6591-47a7-ae1d-7a016c77c9f0:group-6F8E45282B89:LeaderElection67] INFO  impl.LeaderElection (LeaderElection.java:askForVotes(181)) - fec1dd95-6591-47a7-ae1d-7a016c77c9f0:group-6F8E45282B89:LeaderElection67: begin an election at term 1 for -1: [fec1dd95-6591-47a7-ae1d-7a016c77c9f0:192.168.5.132:37510], old=null
2019-09-19 14:38:42,446 [fec1dd95-6591-47a7-ae1d-7a016c77c9f0:group-6F8E45282B89:LeaderElection67] INFO  impl.RoleInfo (RoleInfo.java:shutdownLeaderElection(134)) - fec1dd95-6591-47a7-ae1d-7a016c77c9f0: shutdown LeaderElection
2019-09-19 14:38:42,446 [fec1dd95-6591-47a7-ae1d-7a016c77c9f0:group-6F8E45282B89:LeaderElection67] INFO  impl.RaftServerImpl (RaftServerImpl.java:setRole(171)) - fec1dd95-6591-47a7-ae1d-7a016c77c9f0:group-6F8E45282B89 changes role from CANDIDATE to LEADER at term 1 for changeToLeader
2019-09-19 14:38:42,446 [fec1dd95-6591-47a7-ae1d-7a016c77c9f0:group-6F8E45282B89:LeaderElection67] INFO  impl.RaftServerImpl (ServerState.java:setLeader(263)) - fec1dd95-6591-47a7-ae1d-7a016c77c9f0:group-6F8E45282B89 change Leader from null to fec1dd95-6591-47a7-ae1d-7a016c77c9f0 at term 1 for becomeLeader, leader elected after 5109ms
2019-09-19 14:38:42,447 [fec1dd95-6591-47a7-ae1d-7a016c77c9f0:group-6F8E45282B89:LeaderElection67] INFO  server.RaftServerConfigKeys (ConfUtils.java:logGet(43)) - raft.server.staging.catchup.gap = 1000 (default)
2019-09-19 14:38:42,447 [fec1dd95-6591-47a7-ae1d-7a016c77c9f0:group-6F8E45282B89:LeaderElection67] INFO  server.RaftServerConfigKeys (ConfUtils.java:logGet(43)) - raft.server.rpc.sleep.time = 25ms (default)
2019-09-19 14:38:42,447 [fec1dd95-6591-47a7-ae1d-7a016c77c9f0:group-6F8E45282B89:LeaderElection67] INFO  server.RaftServerConfigKeys (ConfUtils.java:logGet(43)) - raft.server.write.element-limit = 4096 (default)
2019-09-19 14:38:42,447 [fec1dd95-6591-47a7-ae1d-7a016c77c9f0:group-6F8E45282B89:LeaderElection67] INFO  server.RaftServerConfigKeys (ConfUtils.java:logGet(43)) - raft.server.watch.timeout = 10s (default)
2019-09-19 14:38:42,447 [fec1dd95-6591-47a7-ae1d-7a016c77c9f0:group-6F8E45282B89:LeaderElection67] INFO  server.RaftServerConfigKeys (ConfUtils.java:logGet(43)) - raft.server.watch.timeout.denomination = 1s (default)
2019-09-19 14:38:42,447 [fec1dd95-6591-47a7-ae1d-7a016c77c9f0:group-6F8E45282B89:LeaderElection67] INFO  server.RaftServerConfigKeys (ConfUtils.java:logGet(43)) - raft.server.watch.element-limit = 65536 (default)
2019-09-19 14:38:42,447 [fec1dd95-6591-47a7-ae1d-7a016c77c9f0:group-6F8E45282B89:LeaderElection67] INFO  impl.RoleInfo (RoleInfo.java:updateAndGet(143)) - fec1dd95-6591-47a7-ae1d-7a016c77c9f0: start LeaderState
2019-09-19 14:38:42,448 [fec1dd95-6591-47a7-ae1d-7a016c77c9f0:group-6F8E45282B89:LeaderElection67] INFO  segmented.SegmentedRaftLogWorker (SegmentedRaftLogWorker.java:startLogSegment(380)) - fec1dd95-6591-47a7-ae1d-7a016c77c9f0-SegmentedRaftLogWorker:Storage Directory /workdir/hadoop-ozone/ozonefs/target/test-dir/MiniOzoneClusterImpl-749d4081-1d77-4e7f-9728-45de1fba6f43/datanode-2/data/ratis/c9311dfe-fd85-4161-a425-6f8e45282b89: Starting segment from index:0
2019-09-19 14:38:42,448 [fec1dd95-6591-47a7-ae1d-7a016c77c9f0:group-6F8E45282B89:LeaderElection67] INFO  impl.RaftServerImpl (ServerState.java:setRaftConf(361)) - fec1dd95-6591-47a7-ae1d-7a016c77c9f0:group-6F8E45282B89 set configuration 0: [fec1dd95-6591-47a7-ae1d-7a016c77c9f0:192.168.5.132:37510], old=null at 0
2019-09-19 14:38:42,500 [fec1dd95-6591-47a7-ae1d-7a016c77c9f0-SegmentedRaftLogWorker:Storage Directory /workdir/hadoop-ozone/ozonefs/target/test-dir/MiniOzoneClusterImpl-749d4081-1d77-4e7f-9728-45de1fba6f43/datanode-2/data/ratis/c9311dfe-fd85-4161-a425-6f8e45282b89] INFO  segmented.SegmentedRaftLogWorker (SegmentedRaftLogWorker.java:execute(569)) - fec1dd95-6591-47a7-ae1d-7a016c77c9f0-SegmentedRaftLogWorker:Storage Directory /workdir/hadoop-ozone/ozonefs/target/test-dir/MiniOzoneClusterImpl-749d4081-1d77-4e7f-9728-45de1fba6f43/datanode-2/data/ratis/c9311dfe-fd85-4161-a425-6f8e45282b89: created new log segment /workdir/hadoop-ozone/ozonefs/target/test-dir/MiniOzoneClusterImpl-749d4081-1d77-4e7f-9728-45de1fba6f43/datanode-2/data/ratis/c9311dfe-fd85-4161-a425-6f8e45282b89/current/log_inprogress_0
2019-09-19 14:38:42,542 | INFO  | SCMAudit | user=jenkins1000 | ip=192.168.5.132 | op=SEND_HEARTBEAT {datanodeUUID=fec1dd95-6591-47a7-ae1d-7a016c77c9f0, command=[]} | ret=SUCCESS |  
2019-09-19 14:38:42,849 [Thread-796] INFO  ozoneimpl.OzoneContainer (OzoneContainer.java:stop(199)) - Attempting to stop container services.
2019-09-19 14:38:42,849 [ForkJoinPool.commonPool-worker-0] INFO  ozoneimpl.OzoneContainer (OzoneContainer.java:stop(199)) - Attempting to stop container services.
2019-09-19 14:38:42,849 [Thread-796] INFO  impl.RaftServerProxy (RaftServerProxy.java:lambda$close$4(314)) - c03852e1-215b-45db-b67f-c74ee277280d: close
2019-09-19 14:38:42,849 [ForkJoinPool.commonPool-worker-0] INFO  impl.RaftServerProxy (RaftServerProxy.java:lambda$close$4(314)) - 82d8c685-2836-4bc6-955f-a4b55a908719: close
2019-09-19 14:38:42,850 [Thread-796] INFO  impl.RaftServerImpl (RaftServerImpl.java:lambda$shutdown$3(245)) - c03852e1-215b-45db-b67f-c74ee277280d: shutdown group-C37D95BE5B54
2019-09-19 14:38:42,850 [ForkJoinPool.commonPool-worker-0] INFO  impl.RaftServerImpl (RaftServerImpl.java:lambda$shutdown$3(245)) - 82d8c685-2836-4bc6-955f-a4b55a908719: shutdown group-B39DDF53F924
2019-09-19 14:38:42,850 [Thread-796] INFO  util.JmxRegister (JmxRegister.java:unregister(73)) - Successfully un-registered JMX Bean with object name Ratis:service=RaftServer,group=group-C37D95BE5B54,id=c03852e1-215b-45db-b67f-c74ee277280d
2019-09-19 14:38:42,851 [ForkJoinPool.commonPool-worker-0] INFO  util.JmxRegister (JmxRegister.java:unregister(73)) - Successfully un-registered JMX Bean with object name Ratis:service=RaftServer,group=group-B39DDF53F924,id=82d8c685-2836-4bc6-955f-a4b55a908719
2019-09-19 14:38:42,851 [Thread-796] INFO  impl.RoleInfo (RoleInfo.java:shutdownLeaderState(104)) - c03852e1-215b-45db-b67f-c74ee277280d: shutdown LeaderState
2019-09-19 14:38:42,851 [ForkJoinPool.commonPool-worker-0] INFO  impl.RoleInfo (RoleInfo.java:shutdownLeaderState(104)) - 82d8c685-2836-4bc6-955f-a4b55a908719: shutdown LeaderState
2019-09-19 14:38:42,852 [Thread-796] INFO  impl.PendingRequests (PendingRequests.java:sendNotLeaderResponses(202)) - c03852e1-215b-45db-b67f-c74ee277280d-PendingRequests: sendNotLeaderResponses
2019-09-19 14:38:42,852 [ForkJoinPool.commonPool-worker-0] INFO  impl.PendingRequests (PendingRequests.java:sendNotLeaderResponses(202)) - 82d8c685-2836-4bc6-955f-a4b55a908719-PendingRequests: sendNotLeaderResponses
2019-09-19 14:38:42,852 [Thread-796] INFO  impl.StateMachineUpdater (StateMachineUpdater.java:stopAndJoin(115)) - StateMachineUpdater:c03852e1-215b-45db-b67f-c74ee277280d:group-C37D95BE5B54: set stopIndex = 0
2019-09-19 14:38:42,853 [ForkJoinPool.commonPool-worker-0] INFO  impl.StateMachineUpdater (StateMachineUpdater.java:stopAndJoin(115)) - StateMachineUpdater:82d8c685-2836-4bc6-955f-a4b55a908719:group-B39DDF53F924: set stopIndex = 0
2019-09-19 14:38:42,853 [Thread-796] INFO  impl.RaftServerImpl (ServerState.java:close(394)) - c03852e1-215b-45db-b67f-c74ee277280d:group-C37D95BE5B54 closes. The last applied log index is 0
2019-09-19 14:38:42,853 [ForkJoinPool.commonPool-worker-0] INFO  impl.RaftServerImpl (ServerState.java:close(394)) - 82d8c685-2836-4bc6-955f-a4b55a908719:group-B39DDF53F924 closes. The last applied log index is 0
2019-09-19 14:38:42,854 [c03852e1-215b-45db-b67f-c74ee277280d-SegmentedRaftLogWorker:Storage Directory /workdir/hadoop-ozone/ozonefs/target/test-dir/MiniOzoneClusterImpl-749d4081-1d77-4e7f-9728-45de1fba6f43/datanode-1/data/ratis/e9e71c6b-6110-48ea-bb75-c37d95be5b54] INFO  segmented.SegmentedRaftLogWorker (SegmentedRaftLogWorker.java:run(313)) - c03852e1-215b-45db-b67f-c74ee277280d-SegmentedRaftLogWorker:Storage Directory /workdir/hadoop-ozone/ozonefs/target/test-dir/MiniOzoneClusterImpl-749d4081-1d77-4e7f-9728-45de1fba6f43/datanode-1/data/ratis/e9e71c6b-6110-48ea-bb75-c37d95be5b54 was interrupted, exiting. There are 0 tasks remaining in the queue.
2019-09-19 14:38:42,854 [82d8c685-2836-4bc6-955f-a4b55a908719-SegmentedRaftLogWorker:Storage Directory /workdir/hadoop-ozone/ozonefs/target/test-dir/MiniOzoneClusterImpl-749d4081-1d77-4e7f-9728-45de1fba6f43/datanode-0/data/ratis/fc95a276-9bed-4a67-9db4-b39ddf53f924] INFO  segmented.SegmentedRaftLogWorker (SegmentedRaftLogWorker.java:run(313)) - 82d8c685-2836-4bc6-955f-a4b55a908719-SegmentedRaftLogWorker:Storage Directory /workdir/hadoop-ozone/ozonefs/target/test-dir/MiniOzoneClusterImpl-749d4081-1d77-4e7f-9728-45de1fba6f43/datanode-0/data/ratis/fc95a276-9bed-4a67-9db4-b39ddf53f924 was interrupted, exiting. There are 0 tasks remaining in the queue.
2019-09-19 14:38:42,854 [Thread-796] INFO  segmented.SegmentedRaftLogWorker (SegmentedRaftLogWorker.java:close(228)) - c03852e1-215b-45db-b67f-c74ee277280d-SegmentedRaftLogWorker:Storage Directory /workdir/hadoop-ozone/ozonefs/target/test-dir/MiniOzoneClusterImpl-749d4081-1d77-4e7f-9728-45de1fba6f43/datanode-1/data/ratis/e9e71c6b-6110-48ea-bb75-c37d95be5b54 close()
2019-09-19 14:38:42,855 [ForkJoinPool.commonPool-worker-0] INFO  segmented.SegmentedRaftLogWorker (SegmentedRaftLogWorker.java:close(228)) - 82d8c685-2836-4bc6-955f-a4b55a908719-SegmentedRaftLogWorker:Storage Directory /workdir/hadoop-ozone/ozonefs/target/test-dir/MiniOzoneClusterImpl-749d4081-1d77-4e7f-9728-45de1fba6f43/datanode-0/data/ratis/fc95a276-9bed-4a67-9db4-b39ddf53f924 close()
2019-09-19 14:38:42,856 [Thread-796] INFO  impl.RaftServerImpl (RaftServerImpl.java:lambda$shutdown$3(245)) - c03852e1-215b-45db-b67f-c74ee277280d: shutdown group-F4C879551BB0
2019-09-19 14:38:42,857 [ForkJoinPool.commonPool-worker-0] INFO  impl.RaftServerImpl (RaftServerImpl.java:lambda$shutdown$3(245)) - 82d8c685-2836-4bc6-955f-a4b55a908719: shutdown group-3C841FCB594E
2019-09-19 14:38:42,858 [Thread-796] INFO  util.JmxRegister (JmxRegister.java:unregister(73)) - Successfully un-registered JMX Bean with object name Ratis:service=RaftServer,group=group-F4C879551BB0,id=c03852e1-215b-45db-b67f-c74ee277280d
2019-09-19 14:38:42,858 [ForkJoinPool.commonPool-worker-0] INFO  util.JmxRegister (JmxRegister.java:unregister(73)) - Successfully un-registered JMX Bean with object name Ratis:service=RaftServer,group=group-3C841FCB594E,id=82d8c685-2836-4bc6-955f-a4b55a908719
2019-09-19 14:38:42,858 [Thread-796] INFO  impl.RoleInfo (RoleInfo.java:shutdownLeaderState(104)) - c03852e1-215b-45db-b67f-c74ee277280d: shutdown LeaderState
2019-09-19 14:38:42,859 [ForkJoinPool.commonPool-worker-0] INFO  impl.RoleInfo (RoleInfo.java:shutdownLeaderState(104)) - 82d8c685-2836-4bc6-955f-a4b55a908719: shutdown LeaderState
2019-09-19 14:38:42,859 [Thread-796] INFO  impl.PendingRequests (PendingRequests.java:sendNotLeaderResponses(202)) - c03852e1-215b-45db-b67f-c74ee277280d-PendingRequests: sendNotLeaderResponses
2019-09-19 14:38:42,859 [ForkJoinPool.commonPool-worker-0] INFO  impl.PendingRequests (PendingRequests.java:sendNotLeaderResponses(202)) - 82d8c685-2836-4bc6-955f-a4b55a908719-PendingRequests: sendNotLeaderResponses
2019-09-19 14:38:42,860 [Thread-796] INFO  impl.StateMachineUpdater (StateMachineUpdater.java:stopAndJoin(115)) - StateMachineUpdater:c03852e1-215b-45db-b67f-c74ee277280d:group-F4C879551BB0: set stopIndex = 0
2019-09-19 14:38:42,860 [ForkJoinPool.commonPool-worker-0] INFO  impl.StateMachineUpdater (StateMachineUpdater.java:stopAndJoin(115)) - StateMachineUpdater:82d8c685-2836-4bc6-955f-a4b55a908719:group-3C841FCB594E: set stopIndex = 0
2019-09-19 14:38:42,860 [Thread-796] INFO  impl.RaftServerImpl (ServerState.java:close(394)) - c03852e1-215b-45db-b67f-c74ee277280d:group-F4C879551BB0 closes. The last applied log index is 0
2019-09-19 14:38:42,860 [ForkJoinPool.commonPool-worker-0] INFO  impl.RaftServerImpl (ServerState.java:close(394)) - 82d8c685-2836-4bc6-955f-a4b55a908719:group-3C841FCB594E closes. The last applied log index is 0
2019-09-19 14:38:42,861 [c03852e1-215b-45db-b67f-c74ee277280d-SegmentedRaftLogWorker:Storage Directory /workdir/hadoop-ozone/ozonefs/target/test-dir/MiniOzoneClusterImpl-749d4081-1d77-4e7f-9728-45de1fba6f43/datanode-1/data/ratis/4d21750d-5e8c-4a9a-9462-f4c879551bb0] INFO  segmented.SegmentedRaftLogWorker (SegmentedRaftLogWorker.java:run(313)) - c03852e1-215b-45db-b67f-c74ee277280d-SegmentedRaftLogWorker:Storage Directory /workdir/hadoop-ozone/ozonefs/target/test-dir/MiniOzoneClusterImpl-749d4081-1d77-4e7f-9728-45de1fba6f43/datanode-1/data/ratis/4d21750d-5e8c-4a9a-9462-f4c879551bb0 was interrupted, exiting. There are 0 tasks remaining in the queue.
2019-09-19 14:38:42,861 [82d8c685-2836-4bc6-955f-a4b55a908719-SegmentedRaftLogWorker:Storage Directory /workdir/hadoop-ozone/ozonefs/target/test-dir/MiniOzoneClusterImpl-749d4081-1d77-4e7f-9728-45de1fba6f43/datanode-0/data/ratis/92fdf4f9-f832-4074-a254-3c841fcb594e] INFO  segmented.SegmentedRaftLogWorker (SegmentedRaftLogWorker.java:run(313)) - 82d8c685-2836-4bc6-955f-a4b55a908719-SegmentedRaftLogWorker:Storage Directory /workdir/hadoop-ozone/ozonefs/target/test-dir/MiniOzoneClusterImpl-749d4081-1d77-4e7f-9728-45de1fba6f43/datanode-0/data/ratis/92fdf4f9-f832-4074-a254-3c841fcb594e was interrupted, exiting. There are 0 tasks remaining in the queue.
2019-09-19 14:38:42,861 [Thread-796] INFO  segmented.SegmentedRaftLogWorker (SegmentedRaftLogWorker.java:close(228)) - c03852e1-215b-45db-b67f-c74ee277280d-SegmentedRaftLogWorker:Storage Directory /workdir/hadoop-ozone/ozonefs/target/test-dir/MiniOzoneClusterImpl-749d4081-1d77-4e7f-9728-45de1fba6f43/datanode-1/data/ratis/4d21750d-5e8c-4a9a-9462-f4c879551bb0 close()
2019-09-19 14:38:42,861 [ForkJoinPool.commonPool-worker-0] INFO  segmented.SegmentedRaftLogWorker (SegmentedRaftLogWorker.java:close(228)) - 82d8c685-2836-4bc6-955f-a4b55a908719-SegmentedRaftLogWorker:Storage Directory /workdir/hadoop-ozone/ozonefs/target/test-dir/MiniOzoneClusterImpl-749d4081-1d77-4e7f-9728-45de1fba6f43/datanode-0/data/ratis/92fdf4f9-f832-4074-a254-3c841fcb594e close()
2019-09-19 14:38:42,862 [Thread-796] INFO  impl.RaftServerImpl (RaftServerImpl.java:lambda$shutdown$3(245)) - c03852e1-215b-45db-b67f-c74ee277280d: shutdown group-A777E8507CB9
2019-09-19 14:38:42,863 [ForkJoinPool.commonPool-worker-0] INFO  impl.RaftServerImpl (RaftServerImpl.java:lambda$shutdown$3(245)) - 82d8c685-2836-4bc6-955f-a4b55a908719: shutdown group-311BFC3668BD
2019-09-19 14:38:42,864 [Thread-796] INFO  util.JmxRegister (JmxRegister.java:unregister(73)) - Successfully un-registered JMX Bean with object name Ratis:service=RaftServer,group=group-A777E8507CB9,id=c03852e1-215b-45db-b67f-c74ee277280d
2019-09-19 14:38:42,864 [ForkJoinPool.commonPool-worker-0] INFO  util.JmxRegister (JmxRegister.java:unregister(73)) - Successfully un-registered JMX Bean with object name Ratis:service=RaftServer,group=group-311BFC3668BD,id=82d8c685-2836-4bc6-955f-a4b55a908719
2019-09-19 14:38:42,864 [Thread-796] INFO  impl.RoleInfo (RoleInfo.java:shutdownLeaderState(104)) - c03852e1-215b-45db-b67f-c74ee277280d: shutdown LeaderState
2019-09-19 14:38:42,864 [ForkJoinPool.commonPool-worker-0] INFO  impl.RoleInfo (RoleInfo.java:shutdownLeaderState(104)) - 82d8c685-2836-4bc6-955f-a4b55a908719: shutdown LeaderState
2019-09-19 14:38:42,865 [Thread-796] INFO  impl.PendingRequests (PendingRequests.java:sendNotLeaderResponses(202)) - c03852e1-215b-45db-b67f-c74ee277280d-PendingRequests: sendNotLeaderResponses
2019-09-19 14:38:42,865 [ForkJoinPool.commonPool-worker-0] INFO  impl.PendingRequests (PendingRequests.java:sendNotLeaderResponses(202)) - 82d8c685-2836-4bc6-955f-a4b55a908719-PendingRequests: sendNotLeaderResponses
2019-09-19 14:38:42,865 [Thread-796] INFO  impl.StateMachineUpdater (StateMachineUpdater.java:stopAndJoin(115)) - StateMachineUpdater:c03852e1-215b-45db-b67f-c74ee277280d:group-A777E8507CB9: set stopIndex = 0
2019-09-19 14:38:42,866 [ForkJoinPool.commonPool-worker-0] INFO  impl.StateMachineUpdater (StateMachineUpdater.java:stopAndJoin(115)) - StateMachineUpdater:82d8c685-2836-4bc6-955f-a4b55a908719:group-311BFC3668BD: set stopIndex = 0
2019-09-19 14:38:42,866 [Thread-796] INFO  impl.RaftServerImpl (ServerState.java:close(394)) - c03852e1-215b-45db-b67f-c74ee277280d:group-A777E8507CB9 closes. The last applied log index is 0
2019-09-19 14:38:42,866 [ForkJoinPool.commonPool-worker-0] INFO  impl.RaftServerImpl (ServerState.java:close(394)) - 82d8c685-2836-4bc6-955f-a4b55a908719:group-311BFC3668BD closes. The last applied log index is 0
2019-09-19 14:38:42,867 [c03852e1-215b-45db-b67f-c74ee277280d-SegmentedRaftLogWorker:Storage Directory /workdir/hadoop-ozone/ozonefs/target/test-dir/MiniOzoneClusterImpl-749d4081-1d77-4e7f-9728-45de1fba6f43/datanode-1/data/ratis/83d00106-daf7-49a9-a1d0-a777e8507cb9] INFO  segmented.SegmentedRaftLogWorker (SegmentedRaftLogWorker.java:run(313)) - c03852e1-215b-45db-b67f-c74ee277280d-SegmentedRaftLogWorker:Storage Directory /workdir/hadoop-ozone/ozonefs/target/test-dir/MiniOzoneClusterImpl-749d4081-1d77-4e7f-9728-45de1fba6f43/datanode-1/data/ratis/83d00106-daf7-49a9-a1d0-a777e8507cb9 was interrupted, exiting. There are 0 tasks remaining in the queue.
2019-09-19 14:38:42,867 [82d8c685-2836-4bc6-955f-a4b55a908719-SegmentedRaftLogWorker:Storage Directory /workdir/hadoop-ozone/ozonefs/target/test-dir/MiniOzoneClusterImpl-749d4081-1d77-4e7f-9728-45de1fba6f43/datanode-0/data/ratis/536d9c5e-1f34-4359-ba27-311bfc3668bd] INFO  segmented.SegmentedRaftLogWorker (SegmentedRaftLogWorker.java:run(313)) - 82d8c685-2836-4bc6-955f-a4b55a908719-SegmentedRaftLogWorker:Storage Directory /workdir/hadoop-ozone/ozonefs/target/test-dir/MiniOzoneClusterImpl-749d4081-1d77-4e7f-9728-45de1fba6f43/datanode-0/data/ratis/536d9c5e-1f34-4359-ba27-311bfc3668bd was interrupted, exiting. There are 0 tasks remaining in the queue.
2019-09-19 14:38:42,867 [Thread-796] INFO  segmented.SegmentedRaftLogWorker (SegmentedRaftLogWorker.java:close(228)) - c03852e1-215b-45db-b67f-c74ee277280d-SegmentedRaftLogWorker:Storage Directory /workdir/hadoop-ozone/ozonefs/target/test-dir/MiniOzoneClusterImpl-749d4081-1d77-4e7f-9728-45de1fba6f43/datanode-1/data/ratis/83d00106-daf7-49a9-a1d0-a777e8507cb9 close()
2019-09-19 14:38:42,867 [ForkJoinPool.commonPool-worker-0] INFO  segmented.SegmentedRaftLogWorker (SegmentedRaftLogWorker.java:close(228)) - 82d8c685-2836-4bc6-955f-a4b55a908719-SegmentedRaftLogWorker:Storage Directory /workdir/hadoop-ozone/ozonefs/target/test-dir/MiniOzoneClusterImpl-749d4081-1d77-4e7f-9728-45de1fba6f43/datanode-0/data/ratis/536d9c5e-1f34-4359-ba27-311bfc3668bd close()
2019-09-19 14:38:42,868 [Thread-796] INFO  impl.RaftServerImpl (RaftServerImpl.java:lambda$shutdown$3(245)) - c03852e1-215b-45db-b67f-c74ee277280d: shutdown group-71C125C80FAF
2019-09-19 14:38:42,869 [ForkJoinPool.commonPool-worker-0] INFO  impl.RaftServerImpl (RaftServerImpl.java:lambda$shutdown$3(245)) - 82d8c685-2836-4bc6-955f-a4b55a908719: shutdown group-3FFDC695B4C5
2019-09-19 14:38:42,869 [Thread-796] INFO  util.JmxRegister (JmxRegister.java:unregister(73)) - Successfully un-registered JMX Bean with object name Ratis:service=RaftServer,group=group-71C125C80FAF,id=c03852e1-215b-45db-b67f-c74ee277280d
2019-09-19 14:38:42,870 [ForkJoinPool.commonPool-worker-0] INFO  util.JmxRegister (JmxRegister.java:unregister(73)) - Successfully un-registered JMX Bean with object name Ratis:service=RaftServer,group=group-3FFDC695B4C5,id=82d8c685-2836-4bc6-955f-a4b55a908719
2019-09-19 14:38:42,870 [Thread-796] INFO  impl.RoleInfo (RoleInfo.java:shutdownLeaderState(104)) - c03852e1-215b-45db-b67f-c74ee277280d: shutdown LeaderState
2019-09-19 14:38:42,870 [ForkJoinPool.commonPool-worker-0] INFO  impl.RoleInfo (RoleInfo.java:shutdownLeaderState(104)) - 82d8c685-2836-4bc6-955f-a4b55a908719: shutdown LeaderState
2019-09-19 14:38:42,871 [Thread-796] INFO  impl.PendingRequests (PendingRequests.java:sendNotLeaderResponses(202)) - c03852e1-215b-45db-b67f-c74ee277280d-PendingRequests: sendNotLeaderResponses
2019-09-19 14:38:42,871 [ForkJoinPool.commonPool-worker-0] INFO  impl.PendingRequests (PendingRequests.java:sendNotLeaderResponses(202)) - 82d8c685-2836-4bc6-955f-a4b55a908719-PendingRequests: sendNotLeaderResponses
2019-09-19 14:38:42,871 [Thread-796] INFO  impl.StateMachineUpdater (StateMachineUpdater.java:stopAndJoin(115)) - StateMachineUpdater:c03852e1-215b-45db-b67f-c74ee277280d:group-71C125C80FAF: set stopIndex = 0
2019-09-19 14:38:42,871 [ForkJoinPool.commonPool-worker-0] INFO  impl.StateMachineUpdater (StateMachineUpdater.java:stopAndJoin(115)) - StateMachineUpdater:82d8c685-2836-4bc6-955f-a4b55a908719:group-3FFDC695B4C5: set stopIndex = 0
2019-09-19 14:38:42,872 [Thread-796] INFO  impl.RaftServerImpl (ServerState.java:close(394)) - c03852e1-215b-45db-b67f-c74ee277280d:group-71C125C80FAF closes. The last applied log index is 0
2019-09-19 14:38:42,872 [ForkJoinPool.commonPool-worker-0] INFO  impl.RaftServerImpl (ServerState.java:close(394)) - 82d8c685-2836-4bc6-955f-a4b55a908719:group-3FFDC695B4C5 closes. The last applied log index is 0
2019-09-19 14:38:42,872 [c03852e1-215b-45db-b67f-c74ee277280d-SegmentedRaftLogWorker:Storage Directory /workdir/hadoop-ozone/ozonefs/target/test-dir/MiniOzoneClusterImpl-749d4081-1d77-4e7f-9728-45de1fba6f43/datanode-1/data/ratis/5e2b4b3c-7069-447d-8c36-71c125c80faf] INFO  segmented.SegmentedRaftLogWorker (SegmentedRaftLogWorker.java:run(313)) - c03852e1-215b-45db-b67f-c74ee277280d-SegmentedRaftLogWorker:Storage Directory /workdir/hadoop-ozone/ozonefs/target/test-dir/MiniOzoneClusterImpl-749d4081-1d77-4e7f-9728-45de1fba6f43/datanode-1/data/ratis/5e2b4b3c-7069-447d-8c36-71c125c80faf was interrupted, exiting. There are 0 tasks remaining in the queue.
2019-09-19 14:38:42,873 [82d8c685-2836-4bc6-955f-a4b55a908719-SegmentedRaftLogWorker:Storage Directory /workdir/hadoop-ozone/ozonefs/target/test-dir/MiniOzoneClusterImpl-749d4081-1d77-4e7f-9728-45de1fba6f43/datanode-0/data/ratis/059640ec-3750-4a24-b4ce-3ffdc695b4c5] INFO  segmented.SegmentedRaftLogWorker (SegmentedRaftLogWorker.java:run(313)) - 82d8c685-2836-4bc6-955f-a4b55a908719-SegmentedRaftLogWorker:Storage Directory /workdir/hadoop-ozone/ozonefs/target/test-dir/MiniOzoneClusterImpl-749d4081-1d77-4e7f-9728-45de1fba6f43/datanode-0/data/ratis/059640ec-3750-4a24-b4ce-3ffdc695b4c5 was interrupted, exiting. There are 0 tasks remaining in the queue.
2019-09-19 14:38:42,873 [Thread-796] INFO  segmented.SegmentedRaftLogWorker (SegmentedRaftLogWorker.java:close(228)) - c03852e1-215b-45db-b67f-c74ee277280d-SegmentedRaftLogWorker:Storage Directory /workdir/hadoop-ozone/ozonefs/target/test-dir/MiniOzoneClusterImpl-749d4081-1d77-4e7f-9728-45de1fba6f43/datanode-1/data/ratis/5e2b4b3c-7069-447d-8c36-71c125c80faf close()
2019-09-19 14:38:42,873 [ForkJoinPool.commonPool-worker-0] INFO  segmented.SegmentedRaftLogWorker (SegmentedRaftLogWorker.java:close(228)) - 82d8c685-2836-4bc6-955f-a4b55a908719-SegmentedRaftLogWorker:Storage Directory /workdir/hadoop-ozone/ozonefs/target/test-dir/MiniOzoneClusterImpl-749d4081-1d77-4e7f-9728-45de1fba6f43/datanode-0/data/ratis/059640ec-3750-4a24-b4ce-3ffdc695b4c5 close()
2019-09-19 14:38:42,874 [Thread-796] INFO  impl.RaftServerImpl (RaftServerImpl.java:lambda$shutdown$3(245)) - c03852e1-215b-45db-b67f-c74ee277280d: shutdown group-D7A1A9D880B1
2019-09-19 14:38:42,875 [ForkJoinPool.commonPool-worker-0] INFO  impl.RaftServerImpl (RaftServerImpl.java:lambda$shutdown$3(245)) - 82d8c685-2836-4bc6-955f-a4b55a908719: shutdown group-E085C0EC225B
2019-09-19 14:38:42,875 [Thread-796] INFO  util.JmxRegister (JmxRegister.java:unregister(73)) - Successfully un-registered JMX Bean with object name Ratis:service=RaftServer,group=group-D7A1A9D880B1,id=c03852e1-215b-45db-b67f-c74ee277280d
2019-09-19 14:38:42,875 [ForkJoinPool.commonPool-worker-0] INFO  util.JmxRegister (JmxRegister.java:unregister(73)) - Successfully un-registered JMX Bean with object name Ratis:service=RaftServer,group=group-E085C0EC225B,id=82d8c685-2836-4bc6-955f-a4b55a908719
2019-09-19 14:38:42,876 [Thread-796] INFO  impl.RoleInfo (RoleInfo.java:shutdownLeaderState(104)) - c03852e1-215b-45db-b67f-c74ee277280d: shutdown LeaderState
2019-09-19 14:38:42,876 [ForkJoinPool.commonPool-worker-0] INFO  impl.RoleInfo (RoleInfo.java:shutdownLeaderState(104)) - 82d8c685-2836-4bc6-955f-a4b55a908719: shutdown LeaderState
2019-09-19 14:38:42,876 [Thread-796] INFO  impl.PendingRequests (PendingRequests.java:sendNotLeaderResponses(202)) - c03852e1-215b-45db-b67f-c74ee277280d-PendingRequests: sendNotLeaderResponses
2019-09-19 14:38:42,876 [ForkJoinPool.commonPool-worker-0] INFO  impl.PendingRequests (PendingRequests.java:sendNotLeaderResponses(202)) - 82d8c685-2836-4bc6-955f-a4b55a908719-PendingRequests: sendNotLeaderResponses
2019-09-19 14:38:42,877 [Thread-796] INFO  impl.StateMachineUpdater (StateMachineUpdater.java:stopAndJoin(115)) - StateMachineUpdater:c03852e1-215b-45db-b67f-c74ee277280d:group-D7A1A9D880B1: set stopIndex = 0
2019-09-19 14:38:42,877 [ForkJoinPool.commonPool-worker-0] INFO  impl.StateMachineUpdater (StateMachineUpdater.java:stopAndJoin(115)) - StateMachineUpdater:82d8c685-2836-4bc6-955f-a4b55a908719:group-E085C0EC225B: set stopIndex = 0
2019-09-19 14:38:42,877 [Thread-796] INFO  impl.RaftServerImpl (ServerState.java:close(394)) - c03852e1-215b-45db-b67f-c74ee277280d:group-D7A1A9D880B1 closes. The last applied log index is 0
2019-09-19 14:38:42,878 [ForkJoinPool.commonPool-worker-0] INFO  impl.RaftServerImpl (ServerState.java:close(394)) - 82d8c685-2836-4bc6-955f-a4b55a908719:group-E085C0EC225B closes. The last applied log index is 0
2019-09-19 14:38:42,878 [c03852e1-215b-45db-b67f-c74ee277280d-SegmentedRaftLogWorker:Storage Directory /workdir/hadoop-ozone/ozonefs/target/test-dir/MiniOzoneClusterImpl-749d4081-1d77-4e7f-9728-45de1fba6f43/datanode-1/data/ratis/5f4bd510-6767-4d08-b204-d7a1a9d880b1] INFO  segmented.SegmentedRaftLogWorker (SegmentedRaftLogWorker.java:run(313)) - c03852e1-215b-45db-b67f-c74ee277280d-SegmentedRaftLogWorker:Storage Directory /workdir/hadoop-ozone/ozonefs/target/test-dir/MiniOzoneClusterImpl-749d4081-1d77-4e7f-9728-45de1fba6f43/datanode-1/data/ratis/5f4bd510-6767-4d08-b204-d7a1a9d880b1 was interrupted, exiting. There are 0 tasks remaining in the queue.
2019-09-19 14:38:42,878 [82d8c685-2836-4bc6-955f-a4b55a908719-SegmentedRaftLogWorker:Storage Directory /workdir/hadoop-ozone/ozonefs/target/test-dir/MiniOzoneClusterImpl-749d4081-1d77-4e7f-9728-45de1fba6f43/datanode-0/data/ratis/4a3abb5c-c84d-4bc7-8661-e085c0ec225b] INFO  segmented.SegmentedRaftLogWorker (SegmentedRaftLogWorker.java:run(313)) - 82d8c685-2836-4bc6-955f-a4b55a908719-SegmentedRaftLogWorker:Storage Directory /workdir/hadoop-ozone/ozonefs/target/test-dir/MiniOzoneClusterImpl-749d4081-1d77-4e7f-9728-45de1fba6f43/datanode-0/data/ratis/4a3abb5c-c84d-4bc7-8661-e085c0ec225b was interrupted, exiting. There are 0 tasks remaining in the queue.
2019-09-19 14:38:42,878 [Thread-796] INFO  segmented.SegmentedRaftLogWorker (SegmentedRaftLogWorker.java:close(228)) - c03852e1-215b-45db-b67f-c74ee277280d-SegmentedRaftLogWorker:Storage Directory /workdir/hadoop-ozone/ozonefs/target/test-dir/MiniOzoneClusterImpl-749d4081-1d77-4e7f-9728-45de1fba6f43/datanode-1/data/ratis/5f4bd510-6767-4d08-b204-d7a1a9d880b1 close()
2019-09-19 14:38:42,878 [ForkJoinPool.commonPool-worker-0] INFO  segmented.SegmentedRaftLogWorker (SegmentedRaftLogWorker.java:close(228)) - 82d8c685-2836-4bc6-955f-a4b55a908719-SegmentedRaftLogWorker:Storage Directory /workdir/hadoop-ozone/ozonefs/target/test-dir/MiniOzoneClusterImpl-749d4081-1d77-4e7f-9728-45de1fba6f43/datanode-0/data/ratis/4a3abb5c-c84d-4bc7-8661-e085c0ec225b close()
2019-09-19 14:38:42,880 [Thread-796] INFO  impl.RaftServerImpl (RaftServerImpl.java:lambda$shutdown$3(245)) - c03852e1-215b-45db-b67f-c74ee277280d: shutdown group-50BB13081DCB
2019-09-19 14:38:42,881 [ForkJoinPool.commonPool-worker-0] INFO  impl.RaftServerImpl (RaftServerImpl.java:lambda$shutdown$3(245)) - 82d8c685-2836-4bc6-955f-a4b55a908719: shutdown group-912802CEB302
2019-09-19 14:38:42,882 [Thread-796] INFO  util.JmxRegister (JmxRegister.java:unregister(73)) - Successfully un-registered JMX Bean with object name Ratis:service=RaftServer,group=group-50BB13081DCB,id=c03852e1-215b-45db-b67f-c74ee277280d
2019-09-19 14:38:42,882 [ForkJoinPool.commonPool-worker-0] INFO  util.JmxRegister (JmxRegister.java:unregister(73)) - Successfully un-registered JMX Bean with object name Ratis:service=RaftServer,group=group-912802CEB302,id=82d8c685-2836-4bc6-955f-a4b55a908719
2019-09-19 14:38:42,882 [Thread-796] INFO  impl.RoleInfo (RoleInfo.java:shutdownLeaderState(104)) - c03852e1-215b-45db-b67f-c74ee277280d: shutdown LeaderState
2019-09-19 14:38:42,883 [ForkJoinPool.commonPool-worker-0] INFO  impl.RoleInfo (RoleInfo.java:shutdownLeaderState(104)) - 82d8c685-2836-4bc6-955f-a4b55a908719: shutdown LeaderState
2019-09-19 14:38:42,883 [Thread-796] INFO  impl.PendingRequests (PendingRequests.java:sendNotLeaderResponses(202)) - c03852e1-215b-45db-b67f-c74ee277280d-PendingRequests: sendNotLeaderResponses
2019-09-19 14:38:42,883 [ForkJoinPool.commonPool-worker-0] INFO  impl.PendingRequests (PendingRequests.java:sendNotLeaderResponses(202)) - 82d8c685-2836-4bc6-955f-a4b55a908719-PendingRequests: sendNotLeaderResponses
2019-09-19 14:38:42,883 [Thread-796] INFO  impl.StateMachineUpdater (StateMachineUpdater.java:stopAndJoin(115)) - StateMachineUpdater:c03852e1-215b-45db-b67f-c74ee277280d:group-50BB13081DCB: set stopIndex = 0
2019-09-19 14:38:42,884 [ForkJoinPool.commonPool-worker-0] INFO  impl.StateMachineUpdater (StateMachineUpdater.java:stopAndJoin(115)) - StateMachineUpdater:82d8c685-2836-4bc6-955f-a4b55a908719:group-912802CEB302: set stopIndex = 0
2019-09-19 14:38:42,884 [Thread-796] INFO  impl.RaftServerImpl (ServerState.java:close(394)) - c03852e1-215b-45db-b67f-c74ee277280d:group-50BB13081DCB closes. The last applied log index is 0
2019-09-19 14:38:42,884 [ForkJoinPool.commonPool-worker-0] INFO  impl.RaftServerImpl (ServerState.java:close(394)) - 82d8c685-2836-4bc6-955f-a4b55a908719:group-912802CEB302 closes. The last applied log index is 0
2019-09-19 14:38:42,885 [c03852e1-215b-45db-b67f-c74ee277280d-SegmentedRaftLogWorker:Storage Directory /workdir/hadoop-ozone/ozonefs/target/test-dir/MiniOzoneClusterImpl-749d4081-1d77-4e7f-9728-45de1fba6f43/datanode-1/data/ratis/d883be7a-137c-4d8b-b43a-50bb13081dcb] INFO  segmented.SegmentedRaftLogWorker (SegmentedRaftLogWorker.java:run(313)) - c03852e1-215b-45db-b67f-c74ee277280d-SegmentedRaftLogWorker:Storage Directory /workdir/hadoop-ozone/ozonefs/target/test-dir/MiniOzoneClusterImpl-749d4081-1d77-4e7f-9728-45de1fba6f43/datanode-1/data/ratis/d883be7a-137c-4d8b-b43a-50bb13081dcb was interrupted, exiting. There are 0 tasks remaining in the queue.
2019-09-19 14:38:42,885 [82d8c685-2836-4bc6-955f-a4b55a908719-SegmentedRaftLogWorker:Storage Directory /workdir/hadoop-ozone/ozonefs/target/test-dir/MiniOzoneClusterImpl-749d4081-1d77-4e7f-9728-45de1fba6f43/datanode-0/data/ratis/cc4aa079-678b-4e16-95e5-912802ceb302] INFO  segmented.SegmentedRaftLogWorker (SegmentedRaftLogWorker.java:run(313)) - 82d8c685-2836-4bc6-955f-a4b55a908719-SegmentedRaftLogWorker:Storage Directory /workdir/hadoop-ozone/ozonefs/target/test-dir/MiniOzoneClusterImpl-749d4081-1d77-4e7f-9728-45de1fba6f43/datanode-0/data/ratis/cc4aa079-678b-4e16-95e5-912802ceb302 was interrupted, exiting. There are 0 tasks remaining in the queue.
2019-09-19 14:38:42,885 [Thread-796] INFO  segmented.SegmentedRaftLogWorker (SegmentedRaftLogWorker.java:close(228)) - c03852e1-215b-45db-b67f-c74ee277280d-SegmentedRaftLogWorker:Storage Directory /workdir/hadoop-ozone/ozonefs/target/test-dir/MiniOzoneClusterImpl-749d4081-1d77-4e7f-9728-45de1fba6f43/datanode-1/data/ratis/d883be7a-137c-4d8b-b43a-50bb13081dcb close()
2019-09-19 14:38:42,885 [ForkJoinPool.commonPool-worker-0] INFO  segmented.SegmentedRaftLogWorker (SegmentedRaftLogWorker.java:close(228)) - 82d8c685-2836-4bc6-955f-a4b55a908719-SegmentedRaftLogWorker:Storage Directory /workdir/hadoop-ozone/ozonefs/target/test-dir/MiniOzoneClusterImpl-749d4081-1d77-4e7f-9728-45de1fba6f43/datanode-0/data/ratis/cc4aa079-678b-4e16-95e5-912802ceb302 close()
2019-09-19 14:38:42,887 [Thread-796] INFO  server.GrpcService (GrpcService.java:closeImpl(155)) - c03852e1-215b-45db-b67f-c74ee277280d: shutdown server with port 36799 now
2019-09-19 14:38:42,888 [ForkJoinPool.commonPool-worker-0] INFO  server.GrpcService (GrpcService.java:closeImpl(155)) - 82d8c685-2836-4bc6-955f-a4b55a908719: shutdown server with port 41613 now
2019-09-19 14:38:42,892 [Thread-796] INFO  server.GrpcService (GrpcService.java:closeImpl(163)) - c03852e1-215b-45db-b67f-c74ee277280d: shutdown server with port 36799 successfully
2019-09-19 14:38:42,897 [ForkJoinPool.commonPool-worker-0] INFO  server.GrpcService (GrpcService.java:closeImpl(163)) - 82d8c685-2836-4bc6-955f-a4b55a908719: shutdown server with port 41613 successfully
2019-09-19 14:38:42,898 [Thread-796] INFO  utils.BackgroundService (BackgroundService.java:shutdown(148)) - Shutting down service BlockDeletingService
2019-09-19 14:38:42,901 [refreshUsed-/workdir/hadoop-ozone/ozonefs/target/test-dir/MiniOzoneClusterImpl-749d4081-1d77-4e7f-9728-45de1fba6f43/datanode-1/data/containers] WARN  fs.CachingGetSpaceUsed (CachingGetSpaceUsed.java:run(183)) - Thread Interrupted waiting to refresh disk information: sleep interrupted
2019-09-19 14:38:42,911 [ForkJoinPool.commonPool-worker-0] INFO  utils.BackgroundService (BackgroundService.java:shutdown(148)) - Shutting down service BlockDeletingService
2019-09-19 14:38:42,912 [refreshUsed-/workdir/hadoop-ozone/ozonefs/target/test-dir/MiniOzoneClusterImpl-749d4081-1d77-4e7f-9728-45de1fba6f43/datanode-0/data/containers] WARN  fs.CachingGetSpaceUsed (CachingGetSpaceUsed.java:run(183)) - Thread Interrupted waiting to refresh disk information: sleep interrupted
2019-09-19 14:38:42,937 [Thread-796] INFO  statemachine.DatanodeStateMachine (DatanodeStateMachine.java:stopDaemon(395)) - Ozone container server stopped.
2019-09-19 14:38:42,939 [Thread-796] INFO  handler.ContextHandler (ContextHandler.java:doStop(910)) - Stopped o.e.j.w.WebAppContext@57376b76{/,null,UNAVAILABLE}{/hddsDatanode}
2019-09-19 14:38:42,939 [Thread-796] INFO  server.AbstractConnector (AbstractConnector.java:doStop(318)) - Stopped ServerConnector@7f268f4a{HTTP/1.1,[http/1.1]}{0.0.0.0:0}
2019-09-19 14:38:42,940 [Thread-796] INFO  handler.ContextHandler (ContextHandler.java:doStop(910)) - Stopped o.e.j.s.ServletContextHandler@1a72ecaa{/static,jar:file:/home/user/.m2/repository/org/apache/hadoop/hadoop-hdds-container-service/0.5.0-SNAPSHOT/hadoop-hdds-container-service-0.5.0-SNAPSHOT.jar!/webapps/static,UNAVAILABLE}
2019-09-19 14:38:42,940 [Thread-796] INFO  handler.ContextHandler (ContextHandler.java:doStop(910)) - Stopped o.e.j.s.ServletContextHandler@30b8bea7{/logs,file:///workdir/hadoop-ozone/ozonefs/target/log,UNAVAILABLE}
2019-09-19 14:38:42,941 [Thread-796] INFO  datanode.ObjectStoreHandler (ObjectStoreHandler.java:close(155)) - Closing ObjectStoreHandler.
2019-09-19 14:38:42,941 [Thread-796] INFO  ozone.HddsDatanodeService (HddsDatanodeService.java:stop(451)) - Stopped plug-in org.apache.hadoop.ozone.web.OzoneHddsDatanodeService@6a59c4ef
2019-09-19 14:38:42,950 [ForkJoinPool.commonPool-worker-0] INFO  statemachine.DatanodeStateMachine (DatanodeStateMachine.java:stopDaemon(395)) - Ozone container server stopped.
2019-09-19 14:38:42,952 [ForkJoinPool.commonPool-worker-0] INFO  handler.ContextHandler (ContextHandler.java:doStop(910)) - Stopped o.e.j.w.WebAppContext@13ea977a{/,null,UNAVAILABLE}{/hddsDatanode}
2019-09-19 14:38:42,953 [ForkJoinPool.commonPool-worker-0] INFO  server.AbstractConnector (AbstractConnector.java:doStop(318)) - Stopped ServerConnector@5967a9df{HTTP/1.1,[http/1.1]}{0.0.0.0:0}
2019-09-19 14:38:42,954 [ForkJoinPool.commonPool-worker-0] INFO  handler.ContextHandler (ContextHandler.java:doStop(910)) - Stopped o.e.j.s.ServletContextHandler@56b14e16{/static,jar:file:/home/user/.m2/repository/org/apache/hadoop/hadoop-hdds-container-service/0.5.0-SNAPSHOT/hadoop-hdds-container-service-0.5.0-SNAPSHOT.jar!/webapps/static,UNAVAILABLE}
2019-09-19 14:38:42,955 [ForkJoinPool.commonPool-worker-0] INFO  handler.ContextHandler (ContextHandler.java:doStop(910)) - Stopped o.e.j.s.ServletContextHandler@62b1b2bb{/logs,file:///workdir/hadoop-ozone/ozonefs/target/log,UNAVAILABLE}
2019-09-19 14:38:43,541 [Datanode State Machine Thread - 0] INFO  statemachine.DatanodeStateMachine (DatanodeStateMachine.java:lambda$startDaemon$0(350)) - Ozone container server started.
2019-09-19 14:38:47,942 [Thread-796] INFO  ozoneimpl.OzoneContainer (OzoneContainer.java:stop(199)) - Attempting to stop container services.
2019-09-19 14:38:47,943 [Thread-796] INFO  impl.RaftServerProxy (RaftServerProxy.java:lambda$close$4(314)) - fec1dd95-6591-47a7-ae1d-7a016c77c9f0: close
2019-09-19 14:38:47,944 [Thread-796] INFO  impl.RaftServerImpl (RaftServerImpl.java:lambda$shutdown$3(245)) - fec1dd95-6591-47a7-ae1d-7a016c77c9f0: shutdown group-BE67C1D25CDA
2019-09-19 14:38:47,944 [ForkJoinPool.commonPool-worker-1] INFO  impl.RaftServerImpl (RaftServerImpl.java:lambda$shutdown$3(245)) - fec1dd95-6591-47a7-ae1d-7a016c77c9f0: shutdown group-6F8E45282B89
2019-09-19 14:38:47,945 [Thread-796] INFO  util.JmxRegister (JmxRegister.java:unregister(73)) - Successfully un-registered JMX Bean with object name Ratis:service=RaftServer,group=group-BE67C1D25CDA,id=fec1dd95-6591-47a7-ae1d-7a016c77c9f0
2019-09-19 14:38:47,945 [ForkJoinPool.commonPool-worker-1] INFO  util.JmxRegister (JmxRegister.java:unregister(73)) - Successfully un-registered JMX Bean with object name Ratis:service=RaftServer,group=group-6F8E45282B89,id=fec1dd95-6591-47a7-ae1d-7a016c77c9f0
2019-09-19 14:38:47,945 [ForkJoinPool.commonPool-worker-1] INFO  impl.RoleInfo (RoleInfo.java:shutdownLeaderState(104)) - fec1dd95-6591-47a7-ae1d-7a016c77c9f0: shutdown LeaderState
2019-09-19 14:38:47,945 [Thread-796] INFO  impl.RoleInfo (RoleInfo.java:shutdownLeaderState(104)) - fec1dd95-6591-47a7-ae1d-7a016c77c9f0: shutdown LeaderState
2019-09-19 14:38:47,945 [ForkJoinPool.commonPool-worker-1] INFO  impl.PendingRequests (PendingRequests.java:sendNotLeaderResponses(202)) - fec1dd95-6591-47a7-ae1d-7a016c77c9f0-PendingRequests: sendNotLeaderResponses
2019-09-19 14:38:47,946 [Thread-796] INFO  impl.PendingRequests (PendingRequests.java:sendNotLeaderResponses(202)) - fec1dd95-6591-47a7-ae1d-7a016c77c9f0-PendingRequests: sendNotLeaderResponses
2019-09-19 14:38:47,946 [ForkJoinPool.commonPool-worker-1] INFO  impl.StateMachineUpdater (StateMachineUpdater.java:stopAndJoin(115)) - StateMachineUpdater:fec1dd95-6591-47a7-ae1d-7a016c77c9f0:group-6F8E45282B89: set stopIndex = 0
2019-09-19 14:38:47,946 [Thread-796] INFO  impl.StateMachineUpdater (StateMachineUpdater.java:stopAndJoin(115)) - StateMachineUpdater:fec1dd95-6591-47a7-ae1d-7a016c77c9f0:group-BE67C1D25CDA: set stopIndex = 0
2019-09-19 14:38:47,946 [ForkJoinPool.commonPool-worker-1] INFO  impl.RaftServerImpl (ServerState.java:close(394)) - fec1dd95-6591-47a7-ae1d-7a016c77c9f0:group-6F8E45282B89 closes. The last applied log index is 0
2019-09-19 14:38:47,947 [Thread-796] INFO  impl.RaftServerImpl (ServerState.java:close(394)) - fec1dd95-6591-47a7-ae1d-7a016c77c9f0:group-BE67C1D25CDA closes. The last applied log index is 0
2019-09-19 14:38:47,947 [fec1dd95-6591-47a7-ae1d-7a016c77c9f0-SegmentedRaftLogWorker:Storage Directory /workdir/hadoop-ozone/ozonefs/target/test-dir/MiniOzoneClusterImpl-749d4081-1d77-4e7f-9728-45de1fba6f43/datanode-2/data/ratis/c9311dfe-fd85-4161-a425-6f8e45282b89] INFO  segmented.SegmentedRaftLogWorker (SegmentedRaftLogWorker.java:run(313)) - fec1dd95-6591-47a7-ae1d-7a016c77c9f0-SegmentedRaftLogWorker:Storage Directory /workdir/hadoop-ozone/ozonefs/target/test-dir/MiniOzoneClusterImpl-749d4081-1d77-4e7f-9728-45de1fba6f43/datanode-2/data/ratis/c9311dfe-fd85-4161-a425-6f8e45282b89 was interrupted, exiting. There are 0 tasks remaining in the queue.
2019-09-19 14:38:47,947 [fec1dd95-6591-47a7-ae1d-7a016c77c9f0-SegmentedRaftLogWorker:Storage Directory /workdir/hadoop-ozone/ozonefs/target/test-dir/MiniOzoneClusterImpl-749d4081-1d77-4e7f-9728-45de1fba6f43/datanode-2/data/ratis/bc4754f8-5554-4389-b398-be67c1d25cda] INFO  segmented.SegmentedRaftLogWorker (SegmentedRaftLogWorker.java:run(313)) - fec1dd95-6591-47a7-ae1d-7a016c77c9f0-SegmentedRaftLogWorker:Storage Directory /workdir/hadoop-ozone/ozonefs/target/test-dir/MiniOzoneClusterImpl-749d4081-1d77-4e7f-9728-45de1fba6f43/datanode-2/data/ratis/bc4754f8-5554-4389-b398-be67c1d25cda was interrupted, exiting. There are 0 tasks remaining in the queue.
2019-09-19 14:38:47,947 [ForkJoinPool.commonPool-worker-1] INFO  segmented.SegmentedRaftLogWorker (SegmentedRaftLogWorker.java:close(228)) - fec1dd95-6591-47a7-ae1d-7a016c77c9f0-SegmentedRaftLogWorker:Storage Directory /workdir/hadoop-ozone/ozonefs/target/test-dir/MiniOzoneClusterImpl-749d4081-1d77-4e7f-9728-45de1fba6f43/datanode-2/data/ratis/c9311dfe-fd85-4161-a425-6f8e45282b89 close()
2019-09-19 14:38:47,948 [Thread-796] INFO  segmented.SegmentedRaftLogWorker (SegmentedRaftLogWorker.java:close(228)) - fec1dd95-6591-47a7-ae1d-7a016c77c9f0-SegmentedRaftLogWorker:Storage Directory /workdir/hadoop-ozone/ozonefs/target/test-dir/MiniOzoneClusterImpl-749d4081-1d77-4e7f-9728-45de1fba6f43/datanode-2/data/ratis/bc4754f8-5554-4389-b398-be67c1d25cda close()
2019-09-19 14:38:47,949 [ForkJoinPool.commonPool-worker-1] INFO  impl.RaftServerImpl (RaftServerImpl.java:lambda$shutdown$3(245)) - fec1dd95-6591-47a7-ae1d-7a016c77c9f0: shutdown group-8256A6734747
2019-09-19 14:38:47,950 [ForkJoinPool.commonPool-worker-1] INFO  util.JmxRegister (JmxRegister.java:unregister(73)) - Successfully un-registered JMX Bean with object name Ratis:service=RaftServer,group=group-8256A6734747,id=fec1dd95-6591-47a7-ae1d-7a016c77c9f0
2019-09-19 14:38:47,950 [ForkJoinPool.commonPool-worker-1] INFO  impl.RoleInfo (RoleInfo.java:shutdownLeaderState(104)) - fec1dd95-6591-47a7-ae1d-7a016c77c9f0: shutdown LeaderState
2019-09-19 14:38:47,951 [ForkJoinPool.commonPool-worker-1] INFO  impl.PendingRequests (PendingRequests.java:sendNotLeaderResponses(202)) - fec1dd95-6591-47a7-ae1d-7a016c77c9f0-PendingRequests: sendNotLeaderResponses
2019-09-19 14:38:47,951 [ForkJoinPool.commonPool-worker-1] INFO  impl.StateMachineUpdater (StateMachineUpdater.java:stopAndJoin(115)) - StateMachineUpdater:fec1dd95-6591-47a7-ae1d-7a016c77c9f0:group-8256A6734747: set stopIndex = 0
2019-09-19 14:38:47,951 [ForkJoinPool.commonPool-worker-1] INFO  impl.RaftServerImpl (ServerState.java:close(394)) - fec1dd95-6591-47a7-ae1d-7a016c77c9f0:group-8256A6734747 closes. The last applied log index is 0
2019-09-19 14:38:47,951 [fec1dd95-6591-47a7-ae1d-7a016c77c9f0-SegmentedRaftLogWorker:Storage Directory /workdir/hadoop-ozone/ozonefs/target/test-dir/MiniOzoneClusterImpl-749d4081-1d77-4e7f-9728-45de1fba6f43/datanode-2/data/ratis/2401ed2c-242c-424a-99db-8256a6734747] INFO  segmented.SegmentedRaftLogWorker (SegmentedRaftLogWorker.java:run(313)) - fec1dd95-6591-47a7-ae1d-7a016c77c9f0-SegmentedRaftLogWorker:Storage Directory /workdir/hadoop-ozone/ozonefs/target/test-dir/MiniOzoneClusterImpl-749d4081-1d77-4e7f-9728-45de1fba6f43/datanode-2/data/ratis/2401ed2c-242c-424a-99db-8256a6734747 was interrupted, exiting. There are 0 tasks remaining in the queue.
2019-09-19 14:38:47,952 [ForkJoinPool.commonPool-worker-1] INFO  segmented.SegmentedRaftLogWorker (SegmentedRaftLogWorker.java:close(228)) - fec1dd95-6591-47a7-ae1d-7a016c77c9f0-SegmentedRaftLogWorker:Storage Directory /workdir/hadoop-ozone/ozonefs/target/test-dir/MiniOzoneClusterImpl-749d4081-1d77-4e7f-9728-45de1fba6f43/datanode-2/data/ratis/2401ed2c-242c-424a-99db-8256a6734747 close()
2019-09-19 14:38:47,953 [ForkJoinPool.commonPool-worker-1] INFO  impl.RaftServerImpl (RaftServerImpl.java:lambda$shutdown$3(245)) - fec1dd95-6591-47a7-ae1d-7a016c77c9f0: shutdown group-0E7CD56DE69B
2019-09-19 14:38:47,953 [ForkJoinPool.commonPool-worker-1] INFO  util.JmxRegister (JmxRegister.java:unregister(73)) - Successfully un-registered JMX Bean with object name Ratis:service=RaftServer,group=group-0E7CD56DE69B,id=fec1dd95-6591-47a7-ae1d-7a016c77c9f0
2019-09-19 14:38:47,953 [ForkJoinPool.commonPool-worker-1] INFO  impl.RoleInfo (RoleInfo.java:shutdownLeaderState(104)) - fec1dd95-6591-47a7-ae1d-7a016c77c9f0: shutdown LeaderState
2019-09-19 14:38:47,953 [ForkJoinPool.commonPool-worker-1] INFO  impl.PendingRequests (PendingRequests.java:sendNotLeaderResponses(202)) - fec1dd95-6591-47a7-ae1d-7a016c77c9f0-PendingRequests: sendNotLeaderResponses
2019-09-19 14:38:47,953 [ForkJoinPool.commonPool-worker-1] INFO  impl.StateMachineUpdater (StateMachineUpdater.java:stopAndJoin(115)) - StateMachineUpdater:fec1dd95-6591-47a7-ae1d-7a016c77c9f0:group-0E7CD56DE69B: set stopIndex = 0
2019-09-19 14:38:47,953 [ForkJoinPool.commonPool-worker-1] INFO  impl.RaftServerImpl (ServerState.java:close(394)) - fec1dd95-6591-47a7-ae1d-7a016c77c9f0:group-0E7CD56DE69B closes. The last applied log index is 0
2019-09-19 14:38:47,954 [fec1dd95-6591-47a7-ae1d-7a016c77c9f0-SegmentedRaftLogWorker:Storage Directory /workdir/hadoop-ozone/ozonefs/target/test-dir/MiniOzoneClusterImpl-749d4081-1d77-4e7f-9728-45de1fba6f43/datanode-2/data/ratis/ff47311b-9774-46ed-8abd-0e7cd56de69b] INFO  segmented.SegmentedRaftLogWorker (SegmentedRaftLogWorker.java:run(313)) - fec1dd95-6591-47a7-ae1d-7a016c77c9f0-SegmentedRaftLogWorker:Storage Directory /workdir/hadoop-ozone/ozonefs/target/test-dir/MiniOzoneClusterImpl-749d4081-1d77-4e7f-9728-45de1fba6f43/datanode-2/data/ratis/ff47311b-9774-46ed-8abd-0e7cd56de69b was interrupted, exiting. There are 0 tasks remaining in the queue.
2019-09-19 14:38:47,954 [ForkJoinPool.commonPool-worker-1] INFO  segmented.SegmentedRaftLogWorker (SegmentedRaftLogWorker.java:close(228)) - fec1dd95-6591-47a7-ae1d-7a016c77c9f0-SegmentedRaftLogWorker:Storage Directory /workdir/hadoop-ozone/ozonefs/target/test-dir/MiniOzoneClusterImpl-749d4081-1d77-4e7f-9728-45de1fba6f43/datanode-2/data/ratis/ff47311b-9774-46ed-8abd-0e7cd56de69b close()
2019-09-19 14:38:47,959 [ForkJoinPool.commonPool-worker-1] INFO  impl.RaftServerImpl (RaftServerImpl.java:lambda$shutdown$3(245)) - fec1dd95-6591-47a7-ae1d-7a016c77c9f0: shutdown group-EFC43619C4F3
2019-09-19 14:38:47,959 [ForkJoinPool.commonPool-worker-1] INFO  util.JmxRegister (JmxRegister.java:unregister(73)) - Successfully un-registered JMX Bean with object name Ratis:service=RaftServer,group=group-EFC43619C4F3,id=fec1dd95-6591-47a7-ae1d-7a016c77c9f0
2019-09-19 14:38:47,960 [ForkJoinPool.commonPool-worker-1] INFO  impl.RoleInfo (RoleInfo.java:shutdownLeaderState(104)) - fec1dd95-6591-47a7-ae1d-7a016c77c9f0: shutdown LeaderState
2019-09-19 14:38:47,960 [ForkJoinPool.commonPool-worker-1] INFO  impl.PendingRequests (PendingRequests.java:sendNotLeaderResponses(202)) - fec1dd95-6591-47a7-ae1d-7a016c77c9f0-PendingRequests: sendNotLeaderResponses
2019-09-19 14:38:47,960 [ForkJoinPool.commonPool-worker-1] INFO  impl.StateMachineUpdater (StateMachineUpdater.java:stopAndJoin(115)) - StateMachineUpdater:fec1dd95-6591-47a7-ae1d-7a016c77c9f0:group-EFC43619C4F3: set stopIndex = 0
2019-09-19 14:38:47,960 [ForkJoinPool.commonPool-worker-1] INFO  impl.RaftServerImpl (ServerState.java:close(394)) - fec1dd95-6591-47a7-ae1d-7a016c77c9f0:group-EFC43619C4F3 closes. The last applied log index is 0
2019-09-19 14:38:47,960 [fec1dd95-6591-47a7-ae1d-7a016c77c9f0-SegmentedRaftLogWorker:Storage Directory /workdir/hadoop-ozone/ozonefs/target/test-dir/MiniOzoneClusterImpl-749d4081-1d77-4e7f-9728-45de1fba6f43/datanode-2/data/ratis/c971f0d3-e715-41e6-a2ad-efc43619c4f3] INFO  segmented.SegmentedRaftLogWorker (SegmentedRaftLogWorker.java:run(313)) - fec1dd95-6591-47a7-ae1d-7a016c77c9f0-SegmentedRaftLogWorker:Storage Directory /workdir/hadoop-ozone/ozonefs/target/test-dir/MiniOzoneClusterImpl-749d4081-1d77-4e7f-9728-45de1fba6f43/datanode-2/data/ratis/c971f0d3-e715-41e6-a2ad-efc43619c4f3 was interrupted, exiting. There are 0 tasks remaining in the queue.
2019-09-19 14:38:47,961 [ForkJoinPool.commonPool-worker-1] INFO  segmented.SegmentedRaftLogWorker (SegmentedRaftLogWorker.java:close(228)) - fec1dd95-6591-47a7-ae1d-7a016c77c9f0-SegmentedRaftLogWorker:Storage Directory /workdir/hadoop-ozone/ozonefs/target/test-dir/MiniOzoneClusterImpl-749d4081-1d77-4e7f-9728-45de1fba6f43/datanode-2/data/ratis/c971f0d3-e715-41e6-a2ad-efc43619c4f3 close()
2019-09-19 14:38:47,962 [ForkJoinPool.commonPool-worker-1] INFO  impl.RaftServerImpl (RaftServerImpl.java:lambda$shutdown$3(245)) - fec1dd95-6591-47a7-ae1d-7a016c77c9f0: shutdown group-F87DE5782B70
2019-09-19 14:38:47,962 [ForkJoinPool.commonPool-worker-1] INFO  util.JmxRegister (JmxRegister.java:unregister(73)) - Successfully un-registered JMX Bean with object name Ratis:service=RaftServer,group=group-F87DE5782B70,id=fec1dd95-6591-47a7-ae1d-7a016c77c9f0
2019-09-19 14:38:47,962 [ForkJoinPool.commonPool-worker-1] INFO  impl.RoleInfo (RoleInfo.java:shutdownLeaderState(104)) - fec1dd95-6591-47a7-ae1d-7a016c77c9f0: shutdown LeaderState
2019-09-19 14:38:47,962 [ForkJoinPool.commonPool-worker-1] INFO  impl.PendingRequests (PendingRequests.java:sendNotLeaderResponses(202)) - fec1dd95-6591-47a7-ae1d-7a016c77c9f0-PendingRequests: sendNotLeaderResponses
2019-09-19 14:38:47,962 [ForkJoinPool.commonPool-worker-1] INFO  impl.StateMachineUpdater (StateMachineUpdater.java:stopAndJoin(115)) - StateMachineUpdater:fec1dd95-6591-47a7-ae1d-7a016c77c9f0:group-F87DE5782B70: set stopIndex = 0
2019-09-19 14:38:47,962 [ForkJoinPool.commonPool-worker-1] INFO  impl.RaftServerImpl (ServerState.java:close(394)) - fec1dd95-6591-47a7-ae1d-7a016c77c9f0:group-F87DE5782B70 closes. The last applied log index is 0
2019-09-19 14:38:47,963 [fec1dd95-6591-47a7-ae1d-7a016c77c9f0-SegmentedRaftLogWorker:Storage Directory /workdir/hadoop-ozone/ozonefs/target/test-dir/MiniOzoneClusterImpl-749d4081-1d77-4e7f-9728-45de1fba6f43/datanode-2/data/ratis/5a09ddb2-eb53-488a-b064-f87de5782b70] INFO  segmented.SegmentedRaftLogWorker (SegmentedRaftLogWorker.java:run(313)) - fec1dd95-6591-47a7-ae1d-7a016c77c9f0-SegmentedRaftLogWorker:Storage Directory /workdir/hadoop-ozone/ozonefs/target/test-dir/MiniOzoneClusterImpl-749d4081-1d77-4e7f-9728-45de1fba6f43/datanode-2/data/ratis/5a09ddb2-eb53-488a-b064-f87de5782b70 was interrupted, exiting. There are 0 tasks remaining in the queue.
2019-09-19 14:38:47,963 [ForkJoinPool.commonPool-worker-1] INFO  segmented.SegmentedRaftLogWorker (SegmentedRaftLogWorker.java:close(228)) - fec1dd95-6591-47a7-ae1d-7a016c77c9f0-SegmentedRaftLogWorker:Storage Directory /workdir/hadoop-ozone/ozonefs/target/test-dir/MiniOzoneClusterImpl-749d4081-1d77-4e7f-9728-45de1fba6f43/datanode-2/data/ratis/5a09ddb2-eb53-488a-b064-f87de5782b70 close()
2019-09-19 14:38:47,964 [Thread-796] INFO  server.GrpcService (GrpcService.java:closeImpl(155)) - fec1dd95-6591-47a7-ae1d-7a016c77c9f0: shutdown server with port 37510 now
2019-09-19 14:38:47,965 [Thread-796] INFO  server.GrpcService (GrpcService.java:closeImpl(163)) - fec1dd95-6591-47a7-ae1d-7a016c77c9f0: shutdown server with port 37510 successfully
2019-09-19 14:38:47,967 [Thread-796] INFO  utils.BackgroundService (BackgroundService.java:shutdown(148)) - Shutting down service BlockDeletingService
2019-09-19 14:38:47,968 [refreshUsed-/workdir/hadoop-ozone/ozonefs/target/test-dir/MiniOzoneClusterImpl-749d4081-1d77-4e7f-9728-45de1fba6f43/datanode-2/data/containers] WARN  fs.CachingGetSpaceUsed (CachingGetSpaceUsed.java:run(183)) - Thread Interrupted waiting to refresh disk information: sleep interrupted
2019-09-19 14:38:47,999 [Thread-796] INFO  statemachine.DatanodeStateMachine (DatanodeStateMachine.java:stopDaemon(395)) - Ozone container server stopped.
2019-09-19 14:38:48,000 [Thread-796] INFO  handler.ContextHandler (ContextHandler.java:doStop(910)) - Stopped o.e.j.w.WebAppContext@5f0fae5b{/,null,UNAVAILABLE}{/hddsDatanode}
2019-09-19 14:38:48,000 [Thread-796] INFO  server.AbstractConnector (AbstractConnector.java:doStop(318)) - Stopped ServerConnector@7a1446{HTTP/1.1,[http/1.1]}{0.0.0.0:0}
2019-09-19 14:38:48,001 [Thread-796] INFO  handler.ContextHandler (ContextHandler.java:doStop(910)) - Stopped o.e.j.s.ServletContextHandler@a85157c{/static,jar:file:/home/user/.m2/repository/org/apache/hadoop/hadoop-hdds-container-service/0.5.0-SNAPSHOT/hadoop-hdds-container-service-0.5.0-SNAPSHOT.jar!/webapps/static,UNAVAILABLE}
2019-09-19 14:38:48,001 [Thread-796] INFO  handler.ContextHandler (ContextHandler.java:doStop(910)) - Stopped o.e.j.s.ServletContextHandler@491e69c3{/logs,file:///workdir/hadoop-ozone/ozonefs/target/log,UNAVAILABLE}
2019-09-19 14:38:48,002 [Thread-796] INFO  ozone.MiniOzoneClusterImpl (MiniOzoneClusterImpl.java:stop(353)) - Stopping the StorageContainerManager
2019-09-19 14:38:48,002 [Thread-796] INFO  server.StorageContainerManager (StorageContainerManager.java:stop(797)) - Stopping Replication Manager Service.
2019-09-19 14:38:48,002 [Thread-796] INFO  container.ReplicationManager (ReplicationManager.java:stop(192)) - Stopping Replication Monitor Thread.
2019-09-19 14:38:48,002 [Thread-796] INFO  server.StorageContainerManager (StorageContainerManager.java:stop(804)) - Stopping Lease Manager of the command watchers
2019-09-19 14:38:48,003 [Thread-796] INFO  server.StorageContainerManager (StorageContainerManager.java:stop(811)) - Stopping datanode service RPC server
2019-09-19 14:38:48,003 [Thread-796] INFO  server.SCMDatanodeProtocolServer (SCMDatanodeProtocolServer.java:stop(367)) - Stopping the RPC server for DataNodes
2019-09-19 14:38:48,003 [Thread-796] INFO  ipc.Server (Server.java:stop(3082)) - Stopping server on 35536
2019-09-19 14:38:48,004 [IPC Server listener on 35536] INFO  ipc.Server (Server.java:run(1185)) - Stopping IPC Server listener on 35536
2019-09-19 14:38:48,005 [IPC Server Responder] INFO  ipc.Server (Server.java:run(1319)) - Stopping IPC Server Responder
2019-09-19 14:38:48,045 [SCM Heartbeat Processing Thread - 0] WARN  node.NodeStateManager (NodeStateManager.java:scheduleNextHealthCheck(655)) - Current Thread is interrupted, shutting down HB processing thread for Node Manager.
2019-09-19 14:38:48,045 [Thread-796] INFO  server.StorageContainerManager (StorageContainerManager.java:stop(819)) - Stopping block service RPC server
2019-09-19 14:38:48,045 [Thread-796] INFO  server.SCMBlockProtocolServer (SCMBlockProtocolServer.java:stop(148)) - Stopping the RPC server for Block Protocol
2019-09-19 14:38:48,045 [Thread-796] INFO  ipc.Server (Server.java:stop(3082)) - Stopping server on 41509
2019-09-19 14:38:48,047 [IPC Server listener on 41509] INFO  ipc.Server (Server.java:run(1185)) - Stopping IPC Server listener on 41509
2019-09-19 14:38:48,047 [Thread-796] INFO  server.StorageContainerManager (StorageContainerManager.java:stop(826)) - Stopping the StorageContainerLocationProtocol RPC server
2019-09-19 14:38:48,047 [Thread-796] INFO  server.SCMClientProtocolServer (SCMClientProtocolServer.java:stop(159)) - Stopping the RPC server for Client Protocol
2019-09-19 14:38:48,048 [Thread-796] INFO  ipc.Server (Server.java:stop(3082)) - Stopping server on 39213
2019-09-19 14:38:48,047 [IPC Server Responder] INFO  ipc.Server (Server.java:run(1319)) - Stopping IPC Server Responder
2019-09-19 14:38:48,050 [IPC Server listener on 39213] INFO  ipc.Server (Server.java:run(1185)) - Stopping IPC Server listener on 39213
2019-09-19 14:38:48,050 [Thread-796] INFO  server.StorageContainerManager (StorageContainerManager.java:stop(833)) - Stopping Storage Container Manager HTTP server.
2019-09-19 14:38:48,051 [IPC Server Responder] INFO  ipc.Server (Server.java:run(1319)) - Stopping IPC Server Responder
2019-09-19 14:38:48,053 [Thread-796] INFO  handler.ContextHandler (ContextHandler.java:doStop(910)) - Stopped o.e.j.w.WebAppContext@400df348{/,null,UNAVAILABLE}{/scm}
2019-09-19 14:38:48,055 [Thread-796] INFO  server.AbstractConnector (AbstractConnector.java:doStop(318)) - Stopped ServerConnector@572f54ca{HTTP/1.1,[http/1.1]}{0.0.0.0:0}
2019-09-19 14:38:48,055 [Thread-796] INFO  handler.ContextHandler (ContextHandler.java:doStop(910)) - Stopped o.e.j.s.ServletContextHandler@39c96434{/static,jar:file:/home/user/.m2/repository/org/apache/hadoop/hadoop-hdds-server-scm/0.5.0-SNAPSHOT/hadoop-hdds-server-scm-0.5.0-SNAPSHOT.jar!/webapps/static,UNAVAILABLE}
2019-09-19 14:38:48,055 [Thread-796] INFO  handler.ContextHandler (ContextHandler.java:doStop(910)) - Stopped o.e.j.s.ServletContextHandler@bf0e8f7{/logs,file:///workdir/hadoop-ozone/ozonefs/target/log,UNAVAILABLE}
2019-09-19 14:38:48,056 [Thread-796] INFO  server.StorageContainerManager (StorageContainerManager.java:stop(844)) - Stopping Block Manager Service.
2019-09-19 14:38:48,056 [Thread-796] INFO  utils.BackgroundService (BackgroundService.java:shutdown(148)) - Shutting down service SCMBlockDeletingService
2019-09-19 14:38:48,057 [Thread-796] INFO  utils.BackgroundService (BackgroundService.java:shutdown(148)) - Shutting down service SCMBlockDeletingService
2019-09-19 14:38:48,057 [Thread-796] INFO  server.StorageContainerManager (StorageContainerManager.java:stop(866)) - Stopping SCM Event Queue.
2019-09-19 14:38:48,062 [Thread-796] INFO  impl.MetricsSystemImpl (MetricsSystemImpl.java:stop(210)) - Stopping HddsDatanode metrics system...
2019-09-19 14:38:48,074 [Thread-796] INFO  impl.MetricsSystemImpl (MetricsSystemImpl.java:stop(216)) - HddsDatanode metrics system stopped.
]]></system-out>
    <system-err><![CDATA[Sep 19, 2019 2:38:31 PM com.sun.jersey.server.impl.application.WebApplicationImpl _initiate
INFO: Initiating Jersey application, version 'Jersey: 1.19 02/11/2015 03:25 AM'
Sep 19, 2019 2:38:32 PM com.sun.jersey.server.impl.application.WebApplicationImpl _initiate
INFO: Initiating Jersey application, version 'Jersey: 1.19 02/11/2015 03:25 AM'
Sep 19, 2019 2:38:32 PM com.sun.jersey.server.impl.application.WebApplicationImpl _initiate
INFO: Initiating Jersey application, version 'Jersey: 1.19 02/11/2015 03:25 AM'
Sep 19, 2019 2:38:37 PM com.sun.jersey.server.impl.application.WebApplicationImpl _initiate
INFO: Initiating Jersey application, version 'Jersey: 1.19 02/11/2015 03:25 AM'
]]></system-err>
  </testcase>
  <testcase name="testCreateDoesNotAddParentDirKeys" classname="org.apache.hadoop.fs.ozone.TestOzoneFileSystem" time="17.964">
    <error message="Allocated 0 blocks. Requested 1 blocks" type="INTERNAL_ERROR org.apache.hadoop.ozone.om.exceptions.OMException">INTERNAL_ERROR org.apache.hadoop.ozone.om.exceptions.OMException: Allocated 0 blocks. Requested 1 blocks
	at org.apache.hadoop.ozone.om.protocolPB.OzoneManagerProtocolClientSideTranslatorPB.handleError(OzoneManagerProtocolClientSideTranslatorPB.java:725)
	at org.apache.hadoop.ozone.om.protocolPB.OzoneManagerProtocolClientSideTranslatorPB.createFile(OzoneManagerProtocolClientSideTranslatorPB.java:1474)
	at org.apache.hadoop.ozone.client.rpc.RpcClient.createFile(RpcClient.java:984)
	at org.apache.hadoop.ozone.client.OzoneBucket.createFile(OzoneBucket.java:535)
	at org.apache.hadoop.fs.ozone.BasicOzoneClientAdapterImpl.createFile(BasicOzoneClientAdapterImpl.java:181)
	at org.apache.hadoop.fs.ozone.BasicOzoneFileSystem.createOutputStream(BasicOzoneFileSystem.java:249)
	at org.apache.hadoop.fs.ozone.BasicOzoneFileSystem.create(BasicOzoneFileSystem.java:230)
	at org.apache.hadoop.fs.FileSystem.create(FileSystem.java:1118)
	at org.apache.hadoop.fs.FileSystem.create(FileSystem.java:1098)
	at org.apache.hadoop.fs.FileSystem.create(FileSystem.java:987)
	at org.apache.hadoop.fs.contract.ContractTestUtils.createFile(ContractTestUtils.java:633)
	at org.apache.hadoop.fs.contract.ContractTestUtils.touch(ContractTestUtils.java:669)
	at org.apache.hadoop.fs.ozone.TestOzoneFileSystem.testCreateDoesNotAddParentDirKeys(TestOzoneFileSystem.java:130)
	at sun.reflect.NativeMethodAccessorImpl.invoke0(Native Method)
	at sun.reflect.NativeMethodAccessorImpl.invoke(NativeMethodAccessorImpl.java:62)
	at sun.reflect.DelegatingMethodAccessorImpl.invoke(DelegatingMethodAccessorImpl.java:43)
	at java.lang.reflect.Method.invoke(Method.java:498)
	at org.junit.runners.model.FrameworkMethod$1.runReflectiveCall(FrameworkMethod.java:47)
	at org.junit.internal.runners.model.ReflectiveCallable.run(ReflectiveCallable.java:12)
	at org.junit.runners.model.FrameworkMethod.invokeExplosively(FrameworkMethod.java:44)
	at org.junit.internal.runners.statements.InvokeMethod.evaluate(InvokeMethod.java:17)
	at org.junit.internal.runners.statements.RunBefores.evaluate(RunBefores.java:26)
	at org.junit.internal.runners.statements.RunAfters.evaluate(RunAfters.java:27)
	at org.junit.internal.runners.statements.FailOnTimeout$StatementThread.run(FailOnTimeout.java:74)
</error>
    <system-out><![CDATA[2019-09-19 14:38:48,127 [Thread-1062] WARN  server.ServerUtils (ServerUtils.java:getScmDbDir(145)) - ozone.scm.db.dirs is not configured. We recommend adding this setting. Falling back to ozone.metadata.dirs instead.
2019-09-19 14:38:48,152 [Thread-1062] WARN  server.ServerUtils (ServerUtils.java:getScmDbDir(145)) - ozone.scm.db.dirs is not configured. We recommend adding this setting. Falling back to ozone.metadata.dirs instead.
2019-09-19 14:38:48,153 [Thread-1062] WARN  server.ServerUtils (ServerUtils.java:getScmDbDir(145)) - ozone.scm.db.dirs is not configured. We recommend adding this setting. Falling back to ozone.metadata.dirs instead.
2019-09-19 14:38:48,153 [Thread-1062] INFO  db.DBStoreBuilder (DBStoreBuilder.java:addTable(110)) - using custom profile for table: deletedBlocks
2019-09-19 14:38:48,154 [Thread-1062] INFO  db.DBStoreBuilder (DBStoreBuilder.java:processTables(161)) - Using default column profile:DBProfile.DISK for Table:deletedBlocks
2019-09-19 14:38:48,154 [Thread-1062] INFO  db.DBStoreBuilder (DBStoreBuilder.java:addTable(110)) - using custom profile for table: validCerts
2019-09-19 14:38:48,154 [Thread-1062] INFO  db.DBStoreBuilder (DBStoreBuilder.java:processTables(161)) - Using default column profile:DBProfile.DISK for Table:validCerts
2019-09-19 14:38:48,155 [Thread-1062] INFO  db.DBStoreBuilder (DBStoreBuilder.java:addTable(110)) - using custom profile for table: revokedCerts
2019-09-19 14:38:48,155 [Thread-1062] INFO  db.DBStoreBuilder (DBStoreBuilder.java:processTables(161)) - Using default column profile:DBProfile.DISK for Table:revokedCerts
2019-09-19 14:38:48,155 [Thread-1062] INFO  db.DBStoreBuilder (DBStoreBuilder.java:addTable(110)) - using custom profile for table: default
2019-09-19 14:38:48,155 [Thread-1062] INFO  db.DBStoreBuilder (DBStoreBuilder.java:processTables(167)) - Using default column profile:DBProfile.DISK for Table:default
2019-09-19 14:38:48,156 [Thread-1062] INFO  db.DBStoreBuilder (DBStoreBuilder.java:getDbProfile(198)) - Using default options. DBProfile.DISK
2019-09-19 14:38:48,315 [Thread-1062] INFO  net.NodeSchemaLoader (NodeSchemaLoader.java:loadSchemaFromFile(125)) - Loading file from sun.misc.CompoundEnumeration@1d2f19c5
2019-09-19 14:38:48,315 [Thread-1062] INFO  net.NodeSchemaLoader (NodeSchemaLoader.java:loadSchema(171)) - Loading network topology layer schema file
2019-09-19 14:38:48,320 [Thread-1062] WARN  server.ServerUtils (ServerUtils.java:sanitizeUserArgs(70)) - ozone.scm.stale.node.interval value = 300000 is larger than max = 100000 based on the key value of ozone.scm.heartbeat.thread.interval, reset to the max value 100000.
2019-09-19 14:38:48,320 [Thread-1062] WARN  server.ServerUtils (ServerUtils.java:sanitizeUserArgs(70)) - ozone.scm.stale.node.interval value = 300000 is larger than max = 100000 based on the key value of ozone.scm.heartbeat.thread.interval, reset to the max value 100000.
2019-09-19 14:38:48,321 [Thread-1062] INFO  node.SCMNodeManager (SCMNodeManager.java:<init>(121)) - Entering startup safe mode.
2019-09-19 14:38:48,321 [Thread-1062] INFO  algorithms.ContainerPlacementPolicyFactory (ContainerPlacementPolicyFactory.java:getPolicy(56)) - Create container placement policy of type org.apache.hadoop.hdds.scm.container.placement.algorithms.SCMContainerPlacementRandom
2019-09-19 14:38:48,322 [Thread-1062] WARN  server.ServerUtils (ServerUtils.java:getScmDbDir(145)) - ozone.scm.db.dirs is not configured. We recommend adding this setting. Falling back to ozone.metadata.dirs instead.
2019-09-19 14:38:48,355 [Thread-1062] INFO  pipeline.SCMPipelineManager (SCMPipelineManager.java:initializePipelineState(126)) - No pipeline exists in current db
2019-09-19 14:38:48,355 [Thread-1062] WARN  server.ServerUtils (ServerUtils.java:getScmDbDir(145)) - ozone.scm.db.dirs is not configured. We recommend adding this setting. Falling back to ozone.metadata.dirs instead.
2019-09-19 14:38:48,523 [Thread-1062] WARN  events.EventQueue (EventQueue.java:fireEvent(175)) - No event handler registered for event TypedEvent{payloadType=SafeModeStatus, name='SafeModeStatus'}
2019-09-19 14:38:48,599 [Thread-1062] INFO  ipc.CallQueueManager (CallQueueManager.java:<init>(84)) - Using callQueue: class java.util.concurrent.LinkedBlockingQueue, queueCapacity: 2000, scheduler: class org.apache.hadoop.ipc.DefaultRpcScheduler, ipcBackoff: false.
2019-09-19 14:38:48,650 [Socket Reader #1 for port 44101] INFO  ipc.Server (Server.java:run(1074)) - Starting Socket Reader #1 for port 44101
2019-09-19 14:38:48,662 [Thread-1062] INFO  ipc.CallQueueManager (CallQueueManager.java:<init>(84)) - Using callQueue: class java.util.concurrent.LinkedBlockingQueue, queueCapacity: 2000, scheduler: class org.apache.hadoop.ipc.DefaultRpcScheduler, ipcBackoff: false.
2019-09-19 14:38:48,664 [Socket Reader #1 for port 36847] INFO  ipc.Server (Server.java:run(1074)) - Starting Socket Reader #1 for port 36847
2019-09-19 14:38:48,666 [Thread-1062] INFO  ipc.CallQueueManager (CallQueueManager.java:<init>(84)) - Using callQueue: class java.util.concurrent.LinkedBlockingQueue, queueCapacity: 2000, scheduler: class org.apache.hadoop.ipc.DefaultRpcScheduler, ipcBackoff: false.
2019-09-19 14:38:48,667 [Socket Reader #1 for port 43407] INFO  ipc.Server (Server.java:run(1074)) - Starting Socket Reader #1 for port 43407
2019-09-19 14:38:48,670 [Thread-1062] INFO  hdfs.DFSUtil (DFSUtil.java:httpServerTemplateForNNAndJN(1641)) - Starting Web-server for scm at: http://0.0.0.0:0
2019-09-19 14:38:48,675 [Thread-1062] INFO  server.AuthenticationFilter (AuthenticationFilter.java:constructSecretProvider(240)) - Unable to initialize FileSignerSecretProvider, falling back to use random secrets.
2019-09-19 14:38:48,676 [Thread-1062] WARN  http.HttpRequestLog (HttpRequestLog.java:getRequestLog(97)) - Jetty request log can only be enabled using Log4j
2019-09-19 14:38:48,679 [Thread-1062] INFO  http.HttpServer2 (HttpServer2.java:addGlobalFilter(975)) - Added global filter 'safety' (class=org.apache.hadoop.http.HttpServer2$QuotingInputFilter)
2019-09-19 14:38:48,680 [Thread-1062] INFO  http.HttpServer2 (HttpServer2.java:addFilter(948)) - Added filter static_user_filter (class=org.apache.hadoop.http.lib.StaticUserWebFilter$StaticUserFilter) to context scm
2019-09-19 14:38:48,680 [Thread-1062] INFO  http.HttpServer2 (HttpServer2.java:addFilter(958)) - Added filter static_user_filter (class=org.apache.hadoop.http.lib.StaticUserWebFilter$StaticUserFilter) to context static
2019-09-19 14:38:48,680 [Thread-1062] INFO  http.HttpServer2 (HttpServer2.java:addFilter(958)) - Added filter static_user_filter (class=org.apache.hadoop.http.lib.StaticUserWebFilter$StaticUserFilter) to context logs
2019-09-19 14:38:48,683 [Thread-1062] INFO  server.StorageContainerManager (StorageContainerManager.java:start(759)) - StorageContainerLocationProtocol RPC server is listening at /0.0.0.0:43407
2019-09-19 14:38:48,686 [Thread-1062] WARN  impl.MetricsConfig (MetricsConfig.java:loadFirst(134)) - Cannot locate configuration: tried hadoop-metrics2-storagecontainermanager.properties,hadoop-metrics2.properties
2019-09-19 14:38:48,687 [Thread-1062] INFO  impl.MetricsSystemImpl (MetricsSystemImpl.java:startTimer(374)) - Scheduled Metric snapshot period at 10 second(s).
2019-09-19 14:38:48,687 [Thread-1062] INFO  impl.MetricsSystemImpl (MetricsSystemImpl.java:start(191)) - StorageContainerManager metrics system started
2019-09-19 14:38:48,744 [Thread-1062] INFO  server.SCMClientProtocolServer (SCMClientProtocolServer.java:start(151)) - RPC server for Client  is listening at /0.0.0.0:43407
2019-09-19 14:38:48,745 [IPC Server Responder] INFO  ipc.Server (Server.java:run(1314)) - IPC Server Responder: starting
2019-09-19 14:38:48,745 [IPC Server listener on 43407] INFO  ipc.Server (Server.java:run(1153)) - IPC Server listener on 43407: starting
2019-09-19 14:38:48,748 [Thread-1062] INFO  server.StorageContainerManager (StorageContainerManager.java:start(769)) - ScmBlockLocationProtocol RPC server is listening at /0.0.0.0:36847
2019-09-19 14:38:48,748 [Thread-1062] INFO  server.SCMBlockProtocolServer (SCMBlockProtocolServer.java:start(140)) - RPC server for Block Protocol is listening at /0.0.0.0:36847
2019-09-19 14:38:48,748 [IPC Server Responder] INFO  ipc.Server (Server.java:run(1314)) - IPC Server Responder: starting
2019-09-19 14:38:48,749 [IPC Server listener on 36847] INFO  ipc.Server (Server.java:run(1153)) - IPC Server listener on 36847: starting
2019-09-19 14:38:48,751 [Thread-1062] INFO  server.StorageContainerManager (StorageContainerManager.java:start(773)) - ScmDatanodeProtocl RPC server is listening at /0.0.0.0:44101
2019-09-19 14:38:48,751 [Thread-1062] INFO  server.SCMDatanodeProtocolServer (SCMDatanodeProtocolServer.java:start(191)) - RPC server for DataNodes is listening at /0.0.0.0:44101
2019-09-19 14:38:48,751 [IPC Server Responder] INFO  ipc.Server (Server.java:run(1314)) - IPC Server Responder: starting
2019-09-19 14:38:48,752 [IPC Server listener on 44101] INFO  ipc.Server (Server.java:run(1153)) - IPC Server listener on 44101: starting
2019-09-19 14:38:48,755 [Thread-1062] INFO  http.HttpServer2 (HttpServer2.java:bindListener(1191)) - Jetty bound to port 41797
2019-09-19 14:38:48,755 [Thread-1062] INFO  server.Server (Server.java:doStart(351)) - jetty-9.3.24.v20180605, build timestamp: 2018-06-05T17:11:56Z, git hash: 84205aa28f11a4f31f2a3b86d1bba2cc8ab69827
2019-09-19 14:38:48,757 [Thread-1062] INFO  handler.ContextHandler (ContextHandler.java:doStart(781)) - Started o.e.j.s.ServletContextHandler@371f9489{/logs,file:///workdir/hadoop-ozone/ozonefs/target/log,AVAILABLE}
2019-09-19 14:38:48,757 [Thread-1062] INFO  handler.ContextHandler (ContextHandler.java:doStart(781)) - Started o.e.j.s.ServletContextHandler@5b28c6bb{/static,jar:file:/home/user/.m2/repository/org/apache/hadoop/hadoop-hdds-server-scm/0.5.0-SNAPSHOT/hadoop-hdds-server-scm-0.5.0-SNAPSHOT.jar!/webapps/static,AVAILABLE}
2019-09-19 14:38:48,799 [Thread-1062] INFO  handler.ContextHandler (ContextHandler.java:doStart(781)) - Started o.e.j.w.WebAppContext@457d5772{/,file:///tmp/jetty-0.0.0.0-41797-scm-_-any-7620170496192902239.dir/webapp/,AVAILABLE}{/scm}
2019-09-19 14:38:48,799 [Thread-1062] INFO  server.AbstractConnector (AbstractConnector.java:doStart(278)) - Started ServerConnector@42d751ed{HTTP/1.1,[http/1.1]}{0.0.0.0:41797}
2019-09-19 14:38:48,800 [Thread-1062] INFO  server.Server (Server.java:doStart(419)) - Started @79765ms
2019-09-19 14:38:48,801 [Thread-1062] INFO  server.BaseHttpServer (BaseHttpServer.java:updateConnectorAddress(213)) - HTTP server of SCM is listening at http://0.0.0.0:41797
2019-09-19 14:38:48,802 [Thread-1062] WARN  server.ServerUtils (ServerUtils.java:getDBPath(222)) - ozone.om.db.dirs is not configured. We recommend adding this setting. Falling back to ozone.metadata.dirs instead.
2019-09-19 14:38:48,802 [org.apache.hadoop.util.JvmPauseMonitor$Monitor@65de89e2] INFO  util.JvmPauseMonitor (JvmPauseMonitor.java:run(188)) - Starting JVM pause monitor
2019-09-19 14:38:48,817 [Thread-1062] WARN  server.ServerUtils (ServerUtils.java:getDBPath(222)) - ozone.om.db.dirs is not configured. We recommend adding this setting. Falling back to ozone.metadata.dirs instead.
2019-09-19 14:38:48,817 [Thread-1062] WARN  server.ServerUtils (ServerUtils.java:getDBPath(222)) - ozone.om.db.dirs is not configured. We recommend adding this setting. Falling back to ozone.metadata.dirs instead.
2019-09-19 14:38:48,818 [Thread-1062] INFO  om.OzoneManager (OzoneManager.java:setOMNodeDetails(645)) - OM Service ID is not set. Setting it to the default ID: omServiceIdDefault
2019-09-19 14:38:48,818 [Thread-1062] INFO  om.OzoneManager (OzoneManager.java:setOMNodeDetails(651)) - OM Node ID is not set. Setting it to the OmStorage's OmID: 1c1427e6-17af-4893-a750-2a13747cbf56
2019-09-19 14:38:48,818 [Thread-1062] INFO  om.OzoneManager (OzoneManager.java:loadOMHAConfigs(602)) - Found matching OM address with OMServiceId: null, OMNodeId: null, RPC Address: localhost:0 and Ratis port: 9872
2019-09-19 14:38:48,823 | INFO  | SCMAudit | user=jenkins1000 | ip=192.168.5.132 | op=GET_SCM_INFO null | ret=SUCCESS |  
2019-09-19 14:38:48,825 [Thread-1062] WARN  server.ServerUtils (ServerUtils.java:getDBPath(222)) - ozone.om.db.dirs is not configured. We recommend adding this setting. Falling back to ozone.metadata.dirs instead.
2019-09-19 14:38:48,825 [Thread-1062] INFO  db.DBStoreBuilder (DBStoreBuilder.java:addTable(110)) - using custom profile for table: userTable
2019-09-19 14:38:48,825 [Thread-1062] INFO  db.DBStoreBuilder (DBStoreBuilder.java:processTables(161)) - Using default column profile:DBProfile.DISK for Table:userTable
2019-09-19 14:38:48,825 [Thread-1062] INFO  db.DBStoreBuilder (DBStoreBuilder.java:addTable(110)) - using custom profile for table: volumeTable
2019-09-19 14:38:48,826 [Thread-1062] INFO  db.DBStoreBuilder (DBStoreBuilder.java:processTables(161)) - Using default column profile:DBProfile.DISK for Table:volumeTable
2019-09-19 14:38:48,826 [Thread-1062] INFO  db.DBStoreBuilder (DBStoreBuilder.java:addTable(110)) - using custom profile for table: bucketTable
2019-09-19 14:38:48,826 [Thread-1062] INFO  db.DBStoreBuilder (DBStoreBuilder.java:processTables(161)) - Using default column profile:DBProfile.DISK for Table:bucketTable
2019-09-19 14:38:48,826 [Thread-1062] INFO  db.DBStoreBuilder (DBStoreBuilder.java:addTable(110)) - using custom profile for table: keyTable
2019-09-19 14:38:48,826 [Thread-1062] INFO  db.DBStoreBuilder (DBStoreBuilder.java:processTables(161)) - Using default column profile:DBProfile.DISK for Table:keyTable
2019-09-19 14:38:48,826 [Thread-1062] INFO  db.DBStoreBuilder (DBStoreBuilder.java:addTable(110)) - using custom profile for table: deletedTable
2019-09-19 14:38:48,826 [Thread-1062] INFO  db.DBStoreBuilder (DBStoreBuilder.java:processTables(161)) - Using default column profile:DBProfile.DISK for Table:deletedTable
2019-09-19 14:38:48,827 [Thread-1062] INFO  db.DBStoreBuilder (DBStoreBuilder.java:addTable(110)) - using custom profile for table: openKeyTable
2019-09-19 14:38:48,827 [Thread-1062] INFO  db.DBStoreBuilder (DBStoreBuilder.java:processTables(161)) - Using default column profile:DBProfile.DISK for Table:openKeyTable
2019-09-19 14:38:48,827 [Thread-1062] INFO  db.DBStoreBuilder (DBStoreBuilder.java:addTable(110)) - using custom profile for table: s3Table
2019-09-19 14:38:48,827 [Thread-1062] INFO  db.DBStoreBuilder (DBStoreBuilder.java:processTables(161)) - Using default column profile:DBProfile.DISK for Table:s3Table
2019-09-19 14:38:48,827 [Thread-1062] INFO  db.DBStoreBuilder (DBStoreBuilder.java:addTable(110)) - using custom profile for table: multipartInfoTable
2019-09-19 14:38:48,827 [Thread-1062] INFO  db.DBStoreBuilder (DBStoreBuilder.java:processTables(161)) - Using default column profile:DBProfile.DISK for Table:multipartInfoTable
2019-09-19 14:38:48,827 [Thread-1062] INFO  db.DBStoreBuilder (DBStoreBuilder.java:addTable(110)) - using custom profile for table: dTokenTable
2019-09-19 14:38:48,828 [Thread-1062] INFO  db.DBStoreBuilder (DBStoreBuilder.java:processTables(161)) - Using default column profile:DBProfile.DISK for Table:dTokenTable
2019-09-19 14:38:48,828 [Thread-1062] INFO  db.DBStoreBuilder (DBStoreBuilder.java:addTable(110)) - using custom profile for table: s3SecretTable
2019-09-19 14:38:48,828 [Thread-1062] INFO  db.DBStoreBuilder (DBStoreBuilder.java:processTables(161)) - Using default column profile:DBProfile.DISK for Table:s3SecretTable
2019-09-19 14:38:48,828 [Thread-1062] INFO  db.DBStoreBuilder (DBStoreBuilder.java:addTable(110)) - using custom profile for table: prefixTable
2019-09-19 14:38:48,828 [Thread-1062] INFO  db.DBStoreBuilder (DBStoreBuilder.java:processTables(161)) - Using default column profile:DBProfile.DISK for Table:prefixTable
2019-09-19 14:38:48,828 [Thread-1062] INFO  db.DBStoreBuilder (DBStoreBuilder.java:addTable(110)) - using custom profile for table: default
2019-09-19 14:38:48,828 [Thread-1062] INFO  db.DBStoreBuilder (DBStoreBuilder.java:processTables(167)) - Using default column profile:DBProfile.DISK for Table:default
2019-09-19 14:38:48,829 [Thread-1062] INFO  db.DBStoreBuilder (DBStoreBuilder.java:getDbProfile(198)) - Using default options. DBProfile.DISK
2019-09-19 14:38:49,720 [Thread-1062] INFO  ipc.CallQueueManager (CallQueueManager.java:<init>(84)) - Using callQueue: class java.util.concurrent.LinkedBlockingQueue, queueCapacity: 2000, scheduler: class org.apache.hadoop.ipc.DefaultRpcScheduler, ipcBackoff: false.
2019-09-19 14:38:49,722 [Socket Reader #1 for port 46467] INFO  ipc.Server (Server.java:run(1074)) - Starting Socket Reader #1 for port 46467
2019-09-19 14:38:49,751 [Thread-1062] INFO  om.OzoneManager (OzoneManager.java:start(1256)) - OzoneManager RPC server is listening at localhost/127.0.0.1:46467
2019-09-19 14:38:49,751 [Thread-1062] INFO  impl.MetricsSystemImpl (MetricsSystemImpl.java:init(158)) - OzoneManager metrics system started (again)
2019-09-19 14:38:49,752 [IPC Server Responder] INFO  ipc.Server (Server.java:run(1314)) - IPC Server Responder: starting
2019-09-19 14:38:49,752 [IPC Server listener on 46467] INFO  ipc.Server (Server.java:run(1153)) - IPC Server listener on 46467: starting
2019-09-19 14:38:49,758 [Thread-1062] INFO  hdfs.DFSUtil (DFSUtil.java:httpServerTemplateForNNAndJN(1641)) - Starting Web-server for ozoneManager at: http://0.0.0.0:0
2019-09-19 14:38:49,761 [Thread-1062] INFO  server.AuthenticationFilter (AuthenticationFilter.java:constructSecretProvider(240)) - Unable to initialize FileSignerSecretProvider, falling back to use random secrets.
2019-09-19 14:38:49,761 [Thread-1062] WARN  http.HttpRequestLog (HttpRequestLog.java:getRequestLog(97)) - Jetty request log can only be enabled using Log4j
2019-09-19 14:38:49,764 [Thread-1062] INFO  http.HttpServer2 (HttpServer2.java:addGlobalFilter(975)) - Added global filter 'safety' (class=org.apache.hadoop.http.HttpServer2$QuotingInputFilter)
2019-09-19 14:38:49,765 [Thread-1062] INFO  http.HttpServer2 (HttpServer2.java:addFilter(948)) - Added filter static_user_filter (class=org.apache.hadoop.http.lib.StaticUserWebFilter$StaticUserFilter) to context ozoneManager
2019-09-19 14:38:49,765 [Thread-1062] INFO  http.HttpServer2 (HttpServer2.java:addFilter(958)) - Added filter static_user_filter (class=org.apache.hadoop.http.lib.StaticUserWebFilter$StaticUserFilter) to context logs
2019-09-19 14:38:49,765 [Thread-1062] INFO  http.HttpServer2 (HttpServer2.java:addFilter(958)) - Added filter static_user_filter (class=org.apache.hadoop.http.lib.StaticUserWebFilter$StaticUserFilter) to context static
2019-09-19 14:38:49,767 [Thread-1062] INFO  http.HttpServer2 (HttpServer2.java:bindListener(1191)) - Jetty bound to port 45549
2019-09-19 14:38:49,767 [Thread-1062] INFO  server.Server (Server.java:doStart(351)) - jetty-9.3.24.v20180605, build timestamp: 2018-06-05T17:11:56Z, git hash: 84205aa28f11a4f31f2a3b86d1bba2cc8ab69827
2019-09-19 14:38:49,769 [Thread-1062] INFO  handler.ContextHandler (ContextHandler.java:doStart(781)) - Started o.e.j.s.ServletContextHandler@bc61d40{/logs,file:///workdir/hadoop-ozone/ozonefs/target/log,AVAILABLE}
2019-09-19 14:38:49,770 [Thread-1062] INFO  handler.ContextHandler (ContextHandler.java:doStart(781)) - Started o.e.j.s.ServletContextHandler@195d3455{/static,jar:file:/home/user/.m2/repository/org/apache/hadoop/hadoop-ozone-ozone-manager/0.5.0-SNAPSHOT/hadoop-ozone-ozone-manager-0.5.0-SNAPSHOT.jar!/webapps/static,AVAILABLE}
2019-09-19 14:38:49,836 [Thread-1062] INFO  handler.ContextHandler (ContextHandler.java:doStart(781)) - Started o.e.j.w.WebAppContext@334202d6{/,file:///tmp/jetty-0.0.0.0-45549-ozoneManager-_-any-4212858815872116518.dir/webapp/,AVAILABLE}{/ozoneManager}
2019-09-19 14:38:49,836 [Thread-1062] INFO  server.AbstractConnector (AbstractConnector.java:doStart(278)) - Started ServerConnector@3b6a0ab2{HTTP/1.1,[http/1.1]}{0.0.0.0:45549}
2019-09-19 14:38:49,838 [Thread-1062] INFO  server.Server (Server.java:doStart(419)) - Started @80802ms
2019-09-19 14:38:49,838 [Thread-1062] INFO  server.BaseHttpServer (BaseHttpServer.java:updateConnectorAddress(213)) - HTTP server of OZONEMANAGER is listening at http://0.0.0.0:45549
2019-09-19 14:38:49,846 [Thread-1062] INFO  impl.MetricsSystemImpl (MetricsSystemImpl.java:init(158)) - HddsDatanode metrics system started (again)
2019-09-19 14:38:49,848 [Thread-1062] INFO  ozone.HddsDatanodeService (HddsDatanodeService.java:start(184)) - HddsDatanodeService host:pr-hdds-1569-rzdr8-3403194166 ip:192.168.5.132
2019-09-19 14:38:49,856 [Thread-1062] INFO  volume.HddsVolume (HddsVolume.java:<init>(176)) - Creating Volume: /workdir/hadoop-ozone/ozonefs/target/test-dir/MiniOzoneClusterImpl-db9f3d9a-89c7-47d2-a400-08c292cbeea5/datanode-0/data/containers/hdds of  storage type : DISK and capacity : 1482555576320
2019-09-19 14:38:49,860 [Thread-1062] INFO  volume.VolumeSet (VolumeSet.java:initializeVolumeSet(170)) - Added Volume : /workdir/hadoop-ozone/ozonefs/target/test-dir/MiniOzoneClusterImpl-db9f3d9a-89c7-47d2-a400-08c292cbeea5/datanode-0/data/containers/hdds to VolumeSet
2019-09-19 14:38:49,860 [Thread-1062] INFO  volume.ThrottledAsyncChecker (ThrottledAsyncChecker.java:schedule(140)) - Scheduling a check for org.apache.hadoop.ozone.container.common.volume.HddsVolume@40aa893d
2019-09-19 14:38:49,861 [Thread-1062] INFO  volume.HddsVolumeChecker (HddsVolumeChecker.java:checkAllVolumes(203)) - Scheduled health check for volume org.apache.hadoop.ozone.container.common.volume.HddsVolume@40aa893d
2019-09-19 14:38:49,891 [Thread-1062] INFO  impl.RaftServerProxy (ConfUtils.java:logGet(43)) - raft.rpc.type = GRPC (default)
2019-09-19 14:38:49,891 [Thread-1062] INFO  grpc.GrpcFactory (GrpcFactory.java:checkPooledByteBufAllocatorUseCacheForAllThreads(45)) - PERFORMANCE WARNING: useCacheForAllThreads is true that may cause Netty to create a lot garbage objects and, as a result, trigger GC.
	It is recommended to disable useCacheForAllThreads by setting -Dorg.apache.ratis.thirdparty.io.netty.allocator.useCacheForAllThreads=false in command line.
2019-09-19 14:38:49,891 [Thread-1062] INFO  grpc.GrpcConfigKeys$Server (ConfUtils.java:logGet(43)) - raft.grpc.server.port = 0 (default)
2019-09-19 14:38:49,891 [Thread-1062] INFO  server.GrpcService (ConfUtils.java:logGet(43)) - raft.grpc.message.size.max = 33570816 (custom)
2019-09-19 14:38:49,892 [Thread-1062] INFO  server.RaftServerConfigKeys (ConfUtils.java:logGet(43)) - raft.server.log.appender.buffer.byte-limit = 33554432 (custom)
2019-09-19 14:38:49,892 [Thread-1062] INFO  server.GrpcService (ConfUtils.java:logGet(43)) - raft.grpc.flow.control.window = 1MB (=1048576) (default)
2019-09-19 14:38:49,892 [Thread-1062] INFO  server.RaftServerConfigKeys (ConfUtils.java:logGet(43)) - raft.server.rpc.request.timeout = 3000ms (default)
2019-09-19 14:38:49,893 [Thread-1062] INFO  server.RaftServerConfigKeys (ConfUtils.java:logGet(43)) - raft.server.storage.dir = [/workdir/hadoop-ozone/ozonefs/target/test-dir/MiniOzoneClusterImpl-db9f3d9a-89c7-47d2-a400-08c292cbeea5/datanode-0/data/ratis] (custom)
2019-09-19 14:38:49,893 [Thread-1062] INFO  replication.SimpleContainerDownloader (SimpleContainerDownloader.java:<init>(72)) - Starting container downloader service to copy containers to replicate.
2019-09-19 14:38:49,894 [Thread-1062] INFO  hdfs.DFSUtil (DFSUtil.java:httpServerTemplateForNNAndJN(1641)) - Starting Web-server for hddsDatanode at: http://0.0.0.0:0
2019-09-19 14:38:49,897 [Thread-1062] INFO  server.AuthenticationFilter (AuthenticationFilter.java:constructSecretProvider(240)) - Unable to initialize FileSignerSecretProvider, falling back to use random secrets.
2019-09-19 14:38:49,898 [Thread-1062] WARN  http.HttpRequestLog (HttpRequestLog.java:getRequestLog(97)) - Jetty request log can only be enabled using Log4j
2019-09-19 14:38:49,900 [Thread-1062] INFO  http.HttpServer2 (HttpServer2.java:addGlobalFilter(975)) - Added global filter 'safety' (class=org.apache.hadoop.http.HttpServer2$QuotingInputFilter)
2019-09-19 14:38:49,901 [Thread-1062] INFO  http.HttpServer2 (HttpServer2.java:addFilter(948)) - Added filter static_user_filter (class=org.apache.hadoop.http.lib.StaticUserWebFilter$StaticUserFilter) to context hddsDatanode
2019-09-19 14:38:49,901 [Thread-1062] INFO  http.HttpServer2 (HttpServer2.java:addFilter(958)) - Added filter static_user_filter (class=org.apache.hadoop.http.lib.StaticUserWebFilter$StaticUserFilter) to context logs
2019-09-19 14:38:49,901 [Thread-1062] INFO  http.HttpServer2 (HttpServer2.java:addFilter(958)) - Added filter static_user_filter (class=org.apache.hadoop.http.lib.StaticUserWebFilter$StaticUserFilter) to context static
2019-09-19 14:38:49,902 [Thread-1062] INFO  http.HttpServer2 (HttpServer2.java:bindListener(1191)) - Jetty bound to port 34501
2019-09-19 14:38:49,902 [Thread-1062] INFO  server.Server (Server.java:doStart(351)) - jetty-9.3.24.v20180605, build timestamp: 2018-06-05T17:11:56Z, git hash: 84205aa28f11a4f31f2a3b86d1bba2cc8ab69827
2019-09-19 14:38:49,904 [Thread-1062] INFO  handler.ContextHandler (ContextHandler.java:doStart(781)) - Started o.e.j.s.ServletContextHandler@4b2cc301{/logs,file:///workdir/hadoop-ozone/ozonefs/target/log,AVAILABLE}
2019-09-19 14:38:49,904 [Thread-1062] INFO  handler.ContextHandler (ContextHandler.java:doStart(781)) - Started o.e.j.s.ServletContextHandler@5ae5c428{/static,jar:file:/home/user/.m2/repository/org/apache/hadoop/hadoop-hdds-container-service/0.5.0-SNAPSHOT/hadoop-hdds-container-service-0.5.0-SNAPSHOT.jar!/webapps/static,AVAILABLE}
2019-09-19 14:38:49,937 [Thread-1062] INFO  handler.ContextHandler (ContextHandler.java:doStart(781)) - Started o.e.j.w.WebAppContext@19e8e058{/,file:///tmp/jetty-0.0.0.0-34501-hddsDatanode-_-any-5925509798894414879.dir/webapp/,AVAILABLE}{/hddsDatanode}
2019-09-19 14:38:49,937 [Thread-1062] INFO  server.AbstractConnector (AbstractConnector.java:doStart(278)) - Started ServerConnector@13f536a0{HTTP/1.1,[http/1.1]}{0.0.0.0:34501}
2019-09-19 14:38:49,938 [Thread-1062] INFO  server.Server (Server.java:doStart(419)) - Started @80903ms
2019-09-19 14:38:49,939 [Thread-1062] INFO  server.BaseHttpServer (BaseHttpServer.java:updateConnectorAddress(213)) - HTTP server of HDDSDATANODE is listening at http://0.0.0.0:34501
2019-09-19 14:38:50,067 | INFO  | ObjectStoreRestHttpServer | Listening HDDS REST traffic on /0.0.0.0:34535 |  
2019-09-19 14:38:50,067 [Thread-1062] INFO  ozone.HddsDatanodeService (HddsDatanodeService.java:startPlugins(395)) - Started plug-in org.apache.hadoop.ozone.web.OzoneHddsDatanodeService@330bf6d3
2019-09-19 14:38:50,068 [Thread-1062] INFO  impl.MetricsSystemImpl (MetricsSystemImpl.java:init(158)) - HddsDatanode metrics system started (again)
2019-09-19 14:38:50,070 [Thread-1062] INFO  ozone.HddsDatanodeService (HddsDatanodeService.java:start(184)) - HddsDatanodeService host:pr-hdds-1569-rzdr8-3403194166 ip:192.168.5.132
2019-09-19 14:38:50,070 [org.apache.hadoop.util.JvmPauseMonitor$Monitor@7f4c6592] INFO  util.JvmPauseMonitor (JvmPauseMonitor.java:run(188)) - Starting JVM pause monitor
2019-09-19 14:38:50,072 [Datanode State Machine Thread - 0] INFO  datanode.InitDatanodeState (InitDatanodeState.java:persistContainerDatanodeDetails(140)) - DatanodeDetails is persisted to /workdir/hadoop-ozone/ozonefs/target/test-dir/MiniOzoneClusterImpl-db9f3d9a-89c7-47d2-a400-08c292cbeea5/datanode-0/meta/datanode.id
2019-09-19 14:38:50,078 [Thread-1062] INFO  volume.HddsVolume (HddsVolume.java:<init>(176)) - Creating Volume: /workdir/hadoop-ozone/ozonefs/target/test-dir/MiniOzoneClusterImpl-db9f3d9a-89c7-47d2-a400-08c292cbeea5/datanode-1/data/containers/hdds of  storage type : DISK and capacity : 1482555576320
2019-09-19 14:38:50,079 [Thread-1062] INFO  volume.VolumeSet (VolumeSet.java:initializeVolumeSet(170)) - Added Volume : /workdir/hadoop-ozone/ozonefs/target/test-dir/MiniOzoneClusterImpl-db9f3d9a-89c7-47d2-a400-08c292cbeea5/datanode-1/data/containers/hdds to VolumeSet
2019-09-19 14:38:50,079 [Thread-1062] INFO  volume.ThrottledAsyncChecker (ThrottledAsyncChecker.java:schedule(140)) - Scheduling a check for org.apache.hadoop.ozone.container.common.volume.HddsVolume@5dd9de6
2019-09-19 14:38:50,080 [Thread-1062] INFO  volume.HddsVolumeChecker (HddsVolumeChecker.java:checkAllVolumes(203)) - Scheduled health check for volume org.apache.hadoop.ozone.container.common.volume.HddsVolume@5dd9de6
2019-09-19 14:38:50,108 [Thread-1062] INFO  impl.RaftServerProxy (ConfUtils.java:logGet(43)) - raft.rpc.type = GRPC (default)
2019-09-19 14:38:50,108 [Thread-1062] INFO  grpc.GrpcFactory (GrpcFactory.java:checkPooledByteBufAllocatorUseCacheForAllThreads(45)) - PERFORMANCE WARNING: useCacheForAllThreads is true that may cause Netty to create a lot garbage objects and, as a result, trigger GC.
	It is recommended to disable useCacheForAllThreads by setting -Dorg.apache.ratis.thirdparty.io.netty.allocator.useCacheForAllThreads=false in command line.
2019-09-19 14:38:50,108 [Thread-1062] INFO  grpc.GrpcConfigKeys$Server (ConfUtils.java:logGet(43)) - raft.grpc.server.port = 0 (default)
2019-09-19 14:38:50,109 [Thread-1062] INFO  server.GrpcService (ConfUtils.java:logGet(43)) - raft.grpc.message.size.max = 33570816 (custom)
2019-09-19 14:38:50,109 [Thread-1062] INFO  server.RaftServerConfigKeys (ConfUtils.java:logGet(43)) - raft.server.log.appender.buffer.byte-limit = 33554432 (custom)
2019-09-19 14:38:50,109 [Thread-1062] INFO  server.GrpcService (ConfUtils.java:logGet(43)) - raft.grpc.flow.control.window = 1MB (=1048576) (default)
2019-09-19 14:38:50,110 [Thread-1062] INFO  server.RaftServerConfigKeys (ConfUtils.java:logGet(43)) - raft.server.rpc.request.timeout = 3000ms (default)
2019-09-19 14:38:50,110 [Thread-1062] INFO  server.RaftServerConfigKeys (ConfUtils.java:logGet(43)) - raft.server.storage.dir = [/workdir/hadoop-ozone/ozonefs/target/test-dir/MiniOzoneClusterImpl-db9f3d9a-89c7-47d2-a400-08c292cbeea5/datanode-1/data/ratis] (custom)
2019-09-19 14:38:50,111 [Thread-1062] INFO  replication.SimpleContainerDownloader (SimpleContainerDownloader.java:<init>(72)) - Starting container downloader service to copy containers to replicate.
2019-09-19 14:38:50,113 [Thread-1062] INFO  hdfs.DFSUtil (DFSUtil.java:httpServerTemplateForNNAndJN(1641)) - Starting Web-server for hddsDatanode at: http://0.0.0.0:0
2019-09-19 14:38:50,116 [Thread-1062] INFO  server.AuthenticationFilter (AuthenticationFilter.java:constructSecretProvider(240)) - Unable to initialize FileSignerSecretProvider, falling back to use random secrets.
2019-09-19 14:38:50,117 [Thread-1062] WARN  http.HttpRequestLog (HttpRequestLog.java:getRequestLog(97)) - Jetty request log can only be enabled using Log4j
2019-09-19 14:38:50,120 [Thread-1062] INFO  http.HttpServer2 (HttpServer2.java:addGlobalFilter(975)) - Added global filter 'safety' (class=org.apache.hadoop.http.HttpServer2$QuotingInputFilter)
2019-09-19 14:38:50,121 [Thread-1062] INFO  http.HttpServer2 (HttpServer2.java:addFilter(948)) - Added filter static_user_filter (class=org.apache.hadoop.http.lib.StaticUserWebFilter$StaticUserFilter) to context hddsDatanode
2019-09-19 14:38:50,121 [Thread-1062] INFO  http.HttpServer2 (HttpServer2.java:addFilter(958)) - Added filter static_user_filter (class=org.apache.hadoop.http.lib.StaticUserWebFilter$StaticUserFilter) to context static
2019-09-19 14:38:50,122 [Thread-1062] INFO  http.HttpServer2 (HttpServer2.java:addFilter(958)) - Added filter static_user_filter (class=org.apache.hadoop.http.lib.StaticUserWebFilter$StaticUserFilter) to context logs
2019-09-19 14:38:50,123 [Thread-1062] INFO  http.HttpServer2 (HttpServer2.java:bindListener(1191)) - Jetty bound to port 37596
2019-09-19 14:38:50,123 [Thread-1062] INFO  server.Server (Server.java:doStart(351)) - jetty-9.3.24.v20180605, build timestamp: 2018-06-05T17:11:56Z, git hash: 84205aa28f11a4f31f2a3b86d1bba2cc8ab69827
2019-09-19 14:38:50,126 [Thread-1062] INFO  handler.ContextHandler (ContextHandler.java:doStart(781)) - Started o.e.j.s.ServletContextHandler@488a8b97{/logs,file:///workdir/hadoop-ozone/ozonefs/target/log,AVAILABLE}
2019-09-19 14:38:50,126 [Thread-1062] INFO  handler.ContextHandler (ContextHandler.java:doStart(781)) - Started o.e.j.s.ServletContextHandler@7592da64{/static,jar:file:/home/user/.m2/repository/org/apache/hadoop/hadoop-hdds-container-service/0.5.0-SNAPSHOT/hadoop-hdds-container-service-0.5.0-SNAPSHOT.jar!/webapps/static,AVAILABLE}
2019-09-19 14:38:50,159 [Thread-1062] INFO  handler.ContextHandler (ContextHandler.java:doStart(781)) - Started o.e.j.w.WebAppContext@d97b5ee{/,file:///tmp/jetty-0.0.0.0-37596-hddsDatanode-_-any-4622151874452761538.dir/webapp/,AVAILABLE}{/hddsDatanode}
2019-09-19 14:38:50,159 [Thread-1062] INFO  server.AbstractConnector (AbstractConnector.java:doStart(278)) - Started ServerConnector@2b9e2e13{HTTP/1.1,[http/1.1]}{0.0.0.0:37596}
2019-09-19 14:38:50,160 [Thread-1062] INFO  server.Server (Server.java:doStart(419)) - Started @81123ms
2019-09-19 14:38:50,161 [Thread-1062] INFO  server.BaseHttpServer (BaseHttpServer.java:updateConnectorAddress(213)) - HTTP server of HDDSDATANODE is listening at http://0.0.0.0:37596
2019-09-19 14:38:50,297 | INFO  | ObjectStoreRestHttpServer | Listening HDDS REST traffic on /0.0.0.0:44528 |  
2019-09-19 14:38:50,297 [Thread-1062] INFO  ozone.HddsDatanodeService (HddsDatanodeService.java:startPlugins(395)) - Started plug-in org.apache.hadoop.ozone.web.OzoneHddsDatanodeService@49faa631
2019-09-19 14:38:50,297 [Thread-1062] INFO  impl.MetricsSystemImpl (MetricsSystemImpl.java:init(158)) - HddsDatanode metrics system started (again)
2019-09-19 14:38:50,299 [Thread-1062] INFO  ozone.HddsDatanodeService (HddsDatanodeService.java:start(184)) - HddsDatanodeService host:pr-hdds-1569-rzdr8-3403194166 ip:192.168.5.132
2019-09-19 14:38:50,299 [org.apache.hadoop.util.JvmPauseMonitor$Monitor@5eeece81] INFO  util.JvmPauseMonitor (JvmPauseMonitor.java:run(188)) - Starting JVM pause monitor
2019-09-19 14:38:50,301 [Datanode State Machine Thread - 0] INFO  datanode.InitDatanodeState (InitDatanodeState.java:persistContainerDatanodeDetails(140)) - DatanodeDetails is persisted to /workdir/hadoop-ozone/ozonefs/target/test-dir/MiniOzoneClusterImpl-db9f3d9a-89c7-47d2-a400-08c292cbeea5/datanode-1/meta/datanode.id
2019-09-19 14:38:50,308 [Thread-1062] INFO  volume.HddsVolume (HddsVolume.java:<init>(176)) - Creating Volume: /workdir/hadoop-ozone/ozonefs/target/test-dir/MiniOzoneClusterImpl-db9f3d9a-89c7-47d2-a400-08c292cbeea5/datanode-2/data/containers/hdds of  storage type : DISK and capacity : 1482555576320
2019-09-19 14:38:50,324 [Thread-1062] INFO  volume.VolumeSet (VolumeSet.java:initializeVolumeSet(170)) - Added Volume : /workdir/hadoop-ozone/ozonefs/target/test-dir/MiniOzoneClusterImpl-db9f3d9a-89c7-47d2-a400-08c292cbeea5/datanode-2/data/containers/hdds to VolumeSet
2019-09-19 14:38:50,324 [Thread-1062] INFO  volume.ThrottledAsyncChecker (ThrottledAsyncChecker.java:schedule(140)) - Scheduling a check for org.apache.hadoop.ozone.container.common.volume.HddsVolume@6a9d7bfa
2019-09-19 14:38:50,325 [Thread-1062] INFO  volume.HddsVolumeChecker (HddsVolumeChecker.java:checkAllVolumes(203)) - Scheduled health check for volume org.apache.hadoop.ozone.container.common.volume.HddsVolume@6a9d7bfa
2019-09-19 14:38:50,359 [Thread-1062] INFO  impl.RaftServerProxy (ConfUtils.java:logGet(43)) - raft.rpc.type = GRPC (default)
2019-09-19 14:38:50,360 [Thread-1062] INFO  grpc.GrpcFactory (GrpcFactory.java:checkPooledByteBufAllocatorUseCacheForAllThreads(45)) - PERFORMANCE WARNING: useCacheForAllThreads is true that may cause Netty to create a lot garbage objects and, as a result, trigger GC.
	It is recommended to disable useCacheForAllThreads by setting -Dorg.apache.ratis.thirdparty.io.netty.allocator.useCacheForAllThreads=false in command line.
2019-09-19 14:38:50,360 [Thread-1062] INFO  grpc.GrpcConfigKeys$Server (ConfUtils.java:logGet(43)) - raft.grpc.server.port = 0 (default)
2019-09-19 14:38:50,360 [Thread-1062] INFO  server.GrpcService (ConfUtils.java:logGet(43)) - raft.grpc.message.size.max = 33570816 (custom)
2019-09-19 14:38:50,360 [Thread-1062] INFO  server.RaftServerConfigKeys (ConfUtils.java:logGet(43)) - raft.server.log.appender.buffer.byte-limit = 33554432 (custom)
2019-09-19 14:38:50,361 [Thread-1062] INFO  server.GrpcService (ConfUtils.java:logGet(43)) - raft.grpc.flow.control.window = 1MB (=1048576) (default)
2019-09-19 14:38:50,361 [Thread-1062] INFO  server.RaftServerConfigKeys (ConfUtils.java:logGet(43)) - raft.server.rpc.request.timeout = 3000ms (default)
2019-09-19 14:38:50,361 [Thread-1062] INFO  server.RaftServerConfigKeys (ConfUtils.java:logGet(43)) - raft.server.storage.dir = [/workdir/hadoop-ozone/ozonefs/target/test-dir/MiniOzoneClusterImpl-db9f3d9a-89c7-47d2-a400-08c292cbeea5/datanode-2/data/ratis] (custom)
2019-09-19 14:38:50,362 [Thread-1062] INFO  replication.SimpleContainerDownloader (SimpleContainerDownloader.java:<init>(72)) - Starting container downloader service to copy containers to replicate.
2019-09-19 14:38:50,363 [Thread-1062] INFO  hdfs.DFSUtil (DFSUtil.java:httpServerTemplateForNNAndJN(1641)) - Starting Web-server for hddsDatanode at: http://0.0.0.0:0
2019-09-19 14:38:50,365 [Thread-1062] INFO  server.AuthenticationFilter (AuthenticationFilter.java:constructSecretProvider(240)) - Unable to initialize FileSignerSecretProvider, falling back to use random secrets.
2019-09-19 14:38:50,366 [Thread-1062] WARN  http.HttpRequestLog (HttpRequestLog.java:getRequestLog(97)) - Jetty request log can only be enabled using Log4j
2019-09-19 14:38:50,369 [Thread-1062] INFO  http.HttpServer2 (HttpServer2.java:addGlobalFilter(975)) - Added global filter 'safety' (class=org.apache.hadoop.http.HttpServer2$QuotingInputFilter)
2019-09-19 14:38:50,370 [Thread-1062] INFO  http.HttpServer2 (HttpServer2.java:addFilter(948)) - Added filter static_user_filter (class=org.apache.hadoop.http.lib.StaticUserWebFilter$StaticUserFilter) to context hddsDatanode
2019-09-19 14:38:50,370 [Thread-1062] INFO  http.HttpServer2 (HttpServer2.java:addFilter(958)) - Added filter static_user_filter (class=org.apache.hadoop.http.lib.StaticUserWebFilter$StaticUserFilter) to context static
2019-09-19 14:38:50,370 [Thread-1062] INFO  http.HttpServer2 (HttpServer2.java:addFilter(958)) - Added filter static_user_filter (class=org.apache.hadoop.http.lib.StaticUserWebFilter$StaticUserFilter) to context logs
2019-09-19 14:38:50,371 [Thread-1062] INFO  http.HttpServer2 (HttpServer2.java:bindListener(1191)) - Jetty bound to port 39828
2019-09-19 14:38:50,371 [Thread-1062] INFO  server.Server (Server.java:doStart(351)) - jetty-9.3.24.v20180605, build timestamp: 2018-06-05T17:11:56Z, git hash: 84205aa28f11a4f31f2a3b86d1bba2cc8ab69827
2019-09-19 14:38:50,374 [Thread-1062] INFO  handler.ContextHandler (ContextHandler.java:doStart(781)) - Started o.e.j.s.ServletContextHandler@2a74683c{/logs,file:///workdir/hadoop-ozone/ozonefs/target/log,AVAILABLE}
2019-09-19 14:38:50,374 [Thread-1062] INFO  handler.ContextHandler (ContextHandler.java:doStart(781)) - Started o.e.j.s.ServletContextHandler@455b2a1b{/static,jar:file:/home/user/.m2/repository/org/apache/hadoop/hadoop-hdds-container-service/0.5.0-SNAPSHOT/hadoop-hdds-container-service-0.5.0-SNAPSHOT.jar!/webapps/static,AVAILABLE}
2019-09-19 14:38:50,416 [Thread-1062] INFO  handler.ContextHandler (ContextHandler.java:doStart(781)) - Started o.e.j.w.WebAppContext@2d556c91{/,file:///tmp/jetty-0.0.0.0-39828-hddsDatanode-_-any-802645930523281121.dir/webapp/,AVAILABLE}{/hddsDatanode}
2019-09-19 14:38:50,416 [Thread-1062] INFO  server.AbstractConnector (AbstractConnector.java:doStart(278)) - Started ServerConnector@21f34482{HTTP/1.1,[http/1.1]}{0.0.0.0:39828}
2019-09-19 14:38:50,418 [Thread-1062] INFO  server.Server (Server.java:doStart(419)) - Started @81382ms
2019-09-19 14:38:50,419 [Thread-1062] INFO  server.BaseHttpServer (BaseHttpServer.java:updateConnectorAddress(213)) - HTTP server of HDDSDATANODE is listening at http://0.0.0.0:39828
2019-09-19 14:38:50,553 | INFO  | ObjectStoreRestHttpServer | Listening HDDS REST traffic on /0.0.0.0:35727 |  
2019-09-19 14:38:50,554 [Thread-1062] INFO  ozone.HddsDatanodeService (HddsDatanodeService.java:startPlugins(395)) - Started plug-in org.apache.hadoop.ozone.web.OzoneHddsDatanodeService@5af88273
2019-09-19 14:38:50,554 [Thread-1062] INFO  ozone.MiniOzoneClusterImpl (MiniOzoneClusterImpl.java:lambda$waitForClusterToBeReady$0(142)) - Waiting for cluster to be ready. Got 0 of 3 DN Heartbeats.
2019-09-19 14:38:50,555 [org.apache.hadoop.util.JvmPauseMonitor$Monitor@63c11480] INFO  util.JvmPauseMonitor (JvmPauseMonitor.java:run(188)) - Starting JVM pause monitor
2019-09-19 14:38:50,558 [Datanode State Machine Thread - 0] INFO  datanode.InitDatanodeState (InitDatanodeState.java:persistContainerDatanodeDetails(140)) - DatanodeDetails is persisted to /workdir/hadoop-ozone/ozonefs/target/test-dir/MiniOzoneClusterImpl-db9f3d9a-89c7-47d2-a400-08c292cbeea5/datanode-2/meta/datanode.id
2019-09-19 14:38:51,554 [Thread-1062] INFO  ozone.MiniOzoneClusterImpl (MiniOzoneClusterImpl.java:lambda$waitForClusterToBeReady$0(142)) - Waiting for cluster to be ready. Got 0 of 3 DN Heartbeats.
2019-09-19 14:38:52,079 | INFO  | SCMAudit | user=jenkins1000 | ip=192.168.5.132 | op=GET_VERSION null | ret=SUCCESS |  
2019-09-19 14:38:52,120 [Datanode State Machine Thread - 0] INFO  ozoneimpl.OzoneContainer (OzoneContainer.java:start(186)) - Attempting to start container services.
2019-09-19 14:38:52,120 [Datanode State Machine Thread - 0] INFO  ozoneimpl.OzoneContainer (OzoneContainer.java:startContainerScrub(160)) - Background container scrubber has been disabled by hdds.containerscrub.enabled
2019-09-19 14:38:52,120 [Datanode State Machine Thread - 0] INFO  ratis.XceiverServerRatis (XceiverServerRatis.java:start(404)) - Starting XceiverServerRatis 280d4246-3bfc-4b3c-ad11-33bc74bf6da2 at port 0
2019-09-19 14:38:52,128 [Datanode State Machine Thread - 0] INFO  impl.RaftServerProxy (RaftServerProxy.java:lambda$start$3(299)) - 280d4246-3bfc-4b3c-ad11-33bc74bf6da2: start RPC server
2019-09-19 14:38:52,131 [Datanode State Machine Thread - 0] INFO  server.GrpcService (GrpcService.java:startImpl(149)) - 280d4246-3bfc-4b3c-ad11-33bc74bf6da2: GrpcService started, listening on 0.0.0.0/0.0.0.0:36954
2019-09-19 14:38:52,131 [Datanode State Machine Thread - 0] INFO  ratis.XceiverServerRatis (XceiverServerRatis.java:start(414)) - XceiverServerRatis 280d4246-3bfc-4b3c-ad11-33bc74bf6da2 is started using port 36954
2019-09-19 14:38:52,132 [Datanode State Machine Thread - 0] INFO  server.XceiverServerGrpc (XceiverServerGrpc.java:start(163)) - XceiverServerGrpc 280d4246-3bfc-4b3c-ad11-33bc74bf6da2 is started using port 33933
2019-09-19 14:38:52,302 | INFO  | SCMAudit | user=jenkins1000 | ip=192.168.5.132 | op=GET_VERSION null | ret=SUCCESS |  
2019-09-19 14:38:52,328 [Datanode State Machine Thread - 0] INFO  ozoneimpl.OzoneContainer (OzoneContainer.java:start(186)) - Attempting to start container services.
2019-09-19 14:38:52,329 [Datanode State Machine Thread - 0] INFO  ozoneimpl.OzoneContainer (OzoneContainer.java:startContainerScrub(160)) - Background container scrubber has been disabled by hdds.containerscrub.enabled
2019-09-19 14:38:52,329 [Datanode State Machine Thread - 0] INFO  ratis.XceiverServerRatis (XceiverServerRatis.java:start(404)) - Starting XceiverServerRatis 9fb2ccf2-5ed3-4a2e-8fe9-d08ca707c464 at port 0
2019-09-19 14:38:52,336 [Datanode State Machine Thread - 0] INFO  impl.RaftServerProxy (RaftServerProxy.java:lambda$start$3(299)) - 9fb2ccf2-5ed3-4a2e-8fe9-d08ca707c464: start RPC server
2019-09-19 14:38:52,338 [Datanode State Machine Thread - 0] INFO  server.GrpcService (GrpcService.java:startImpl(149)) - 9fb2ccf2-5ed3-4a2e-8fe9-d08ca707c464: GrpcService started, listening on 0.0.0.0/0.0.0.0:42469
2019-09-19 14:38:52,339 [Datanode State Machine Thread - 0] INFO  ratis.XceiverServerRatis (XceiverServerRatis.java:start(414)) - XceiverServerRatis 9fb2ccf2-5ed3-4a2e-8fe9-d08ca707c464 is started using port 42469
2019-09-19 14:38:52,340 [Datanode State Machine Thread - 0] INFO  server.XceiverServerGrpc (XceiverServerGrpc.java:start(163)) - XceiverServerGrpc 9fb2ccf2-5ed3-4a2e-8fe9-d08ca707c464 is started using port 41112
2019-09-19 14:38:52,555 [Thread-1062] INFO  ozone.MiniOzoneClusterImpl (MiniOzoneClusterImpl.java:lambda$waitForClusterToBeReady$0(142)) - Waiting for cluster to be ready. Got 0 of 3 DN Heartbeats.
2019-09-19 14:38:52,557 | INFO  | SCMAudit | user=jenkins1000 | ip=192.168.5.132 | op=GET_VERSION null | ret=SUCCESS |  
2019-09-19 14:38:52,587 [Datanode State Machine Thread - 0] INFO  ozoneimpl.OzoneContainer (OzoneContainer.java:start(186)) - Attempting to start container services.
2019-09-19 14:38:52,587 [Datanode State Machine Thread - 0] INFO  ozoneimpl.OzoneContainer (OzoneContainer.java:startContainerScrub(160)) - Background container scrubber has been disabled by hdds.containerscrub.enabled
2019-09-19 14:38:52,587 [Datanode State Machine Thread - 0] INFO  ratis.XceiverServerRatis (XceiverServerRatis.java:start(404)) - Starting XceiverServerRatis 363a6dbc-c2cf-4b88-9aba-10b7f3b32b0a at port 0
2019-09-19 14:38:52,596 [Datanode State Machine Thread - 0] INFO  impl.RaftServerProxy (RaftServerProxy.java:lambda$start$3(299)) - 363a6dbc-c2cf-4b88-9aba-10b7f3b32b0a: start RPC server
2019-09-19 14:38:52,597 [Datanode State Machine Thread - 0] INFO  server.GrpcService (GrpcService.java:startImpl(149)) - 363a6dbc-c2cf-4b88-9aba-10b7f3b32b0a: GrpcService started, listening on 0.0.0.0/0.0.0.0:40194
2019-09-19 14:38:52,597 [Datanode State Machine Thread - 0] INFO  ratis.XceiverServerRatis (XceiverServerRatis.java:start(414)) - XceiverServerRatis 363a6dbc-c2cf-4b88-9aba-10b7f3b32b0a is started using port 40194
2019-09-19 14:38:52,599 [Datanode State Machine Thread - 0] INFO  server.XceiverServerGrpc (XceiverServerGrpc.java:start(163)) - XceiverServerGrpc 363a6dbc-c2cf-4b88-9aba-10b7f3b32b0a is started using port 41162
2019-09-19 14:38:53,555 [Thread-1062] INFO  ozone.MiniOzoneClusterImpl (MiniOzoneClusterImpl.java:lambda$waitForClusterToBeReady$0(142)) - Waiting for cluster to be ready. Got 0 of 3 DN Heartbeats.
2019-09-19 14:38:54,074 [IPC Server handler 1 on 44101] INFO  net.NetworkTopology (NetworkTopologyImpl.java:add(110)) - Added a new node: /default-rack/280d4246-3bfc-4b3c-ad11-33bc74bf6da2
2019-09-19 14:38:54,076 [IPC Server handler 1 on 44101] INFO  node.SCMNodeManager (SCMNodeManager.java:register(273)) - Registered Data node : 280d4246-3bfc-4b3c-ad11-33bc74bf6da2{ip: 192.168.5.132, host: pr-hdds-1569-rzdr8-3403194166, networkLocation: /default-rack, certSerialId: null}
2019-09-19 14:38:54,077 [EventQueue-NodeRegistrationContainerReportForDataNodeSafeModeRule] INFO  safemode.SCMSafeModeManager (DataNodeSafeModeRule.java:process(71)) - SCM in safe mode. 1 DataNodes registered, 1 required.
2019-09-19 14:38:54,078 [EventQueue-NodeRegistrationContainerReportForDataNodeSafeModeRule] INFO  safemode.SCMSafeModeManager (SCMSafeModeManager.java:validateSafeModeExitRules(177)) - ScmSafeModeManager, all rules are successfully validated
2019-09-19 14:38:54,078 [EventQueue-NodeRegistrationContainerReportForDataNodeSafeModeRule] INFO  safemode.SCMSafeModeManager (SCMSafeModeManager.java:exitSafeMode(193)) - SCM exiting safe mode.
2019-09-19 14:38:54,077 | INFO  | SCMAudit | user=jenkins1000 | ip=192.168.5.132 | op=REGISTER {datanodeDetails=280d4246-3bfc-4b3c-ad11-33bc74bf6da2{ip: 192.168.5.132, host: pr-hdds-1569-rzdr8-3403194166, networkLocation: /default-rack, certSerialId: null}} | ret=SUCCESS |  
2019-09-19 14:38:54,088 [grpc-default-executor-0] INFO  impl.RaftServerProxy (RaftServerProxy.java:addNew(89)) - 280d4246-3bfc-4b3c-ad11-33bc74bf6da2: addNew group-70B5235DA316:[280d4246-3bfc-4b3c-ad11-33bc74bf6da2:192.168.5.132:36954] returns group-70B5235DA316:java.util.concurrent.CompletableFuture@6a411400[Not completed]
2019-09-19 14:38:54,089 [pool-239-thread-1] INFO  impl.RaftServerImpl (RaftServerImpl.java:<init>(93)) - 280d4246-3bfc-4b3c-ad11-33bc74bf6da2: new RaftServerImpl for group-70B5235DA316:[280d4246-3bfc-4b3c-ad11-33bc74bf6da2:192.168.5.132:36954] with ContainerStateMachine:uninitialized
2019-09-19 14:38:54,089 [pool-239-thread-1] INFO  server.RaftServerConfigKeys (ConfUtils.java:logGet(43)) - raft.server.rpc.timeout.min = 5s (custom)
2019-09-19 14:38:54,089 [pool-239-thread-1] INFO  server.RaftServerConfigKeys (ConfUtils.java:logGet(43)) - raft.server.rpc.timeout.max = 5200ms (custom)
2019-09-19 14:38:54,090 [pool-239-thread-1] INFO  server.RaftServerConfigKeys (ConfUtils.java:logGet(43)) - raft.server.rpcslowness.timeout = 120s (custom)
2019-09-19 14:38:54,090 [pool-239-thread-1] INFO  server.RaftServerConfigKeys (ConfUtils.java:logGet(43)) - raft.server.sleep.deviation.threshold = 300 (default)
2019-09-19 14:38:54,090 [pool-239-thread-1] INFO  server.RaftServerConfigKeys (ConfUtils.java:logGet(43)) - raft.server.log.appender.install.snapshot.enabled = false (custom)
2019-09-19 14:38:54,090 [pool-239-thread-1] INFO  impl.RaftServerImpl (ServerState.java:<init>(105)) - 280d4246-3bfc-4b3c-ad11-33bc74bf6da2:group-70B5235DA316 ConfigurationManager, init=-1: [280d4246-3bfc-4b3c-ad11-33bc74bf6da2:192.168.5.132:36954], old=null, confs=<EMPTY_MAP>
2019-09-19 14:38:54,090 [pool-239-thread-1] INFO  server.RaftServerConfigKeys (ConfUtils.java:logGet(43)) - raft.server.storage.dir = [/workdir/hadoop-ozone/ozonefs/target/test-dir/MiniOzoneClusterImpl-db9f3d9a-89c7-47d2-a400-08c292cbeea5/datanode-0/data/ratis] (custom)
2019-09-19 14:38:54,090 [pool-239-thread-1] INFO  storage.RaftStorageDirectory (RaftStorageDirectory.java:analyzeStorage(246)) - The storage directory /workdir/hadoop-ozone/ozonefs/target/test-dir/MiniOzoneClusterImpl-db9f3d9a-89c7-47d2-a400-08c292cbeea5/datanode-0/data/ratis/f428d3e7-0601-4ffd-abba-70b5235da316 does not exist. Creating ...
2019-09-19 14:38:54,113 [pool-239-thread-1] INFO  storage.RaftStorageDirectory (RaftStorageDirectory.java:tryLock(328)) - Lock on /workdir/hadoop-ozone/ozonefs/target/test-dir/MiniOzoneClusterImpl-db9f3d9a-89c7-47d2-a400-08c292cbeea5/datanode-0/data/ratis/f428d3e7-0601-4ffd-abba-70b5235da316/in_use.lock acquired by nodename 25220@pr-hdds-1569-rzdr8-3403194166
2019-09-19 14:38:54,136 [pool-239-thread-1] INFO  storage.RaftStorage (RaftStorage.java:format(72)) - Storage directory /workdir/hadoop-ozone/ozonefs/target/test-dir/MiniOzoneClusterImpl-db9f3d9a-89c7-47d2-a400-08c292cbeea5/datanode-0/data/ratis/f428d3e7-0601-4ffd-abba-70b5235da316 has been successfully formatted.
2019-09-19 14:38:54,137 [pool-239-thread-1] INFO  ratis.ContainerStateMachine (ContainerStateMachine.java:loadSnapshot(226)) - group-70B5235DA316: The snapshot info is null. Setting the last applied indexto:(t:0, i:~)
2019-09-19 14:38:54,137 [pool-239-thread-1] INFO  server.RaftServerConfigKeys (ConfUtils.java:logGet(43)) - raft.server.leader.election.timeout = 120s (custom)
2019-09-19 14:38:54,137 [pool-239-thread-1] INFO  server.RaftServerConfigKeys (ConfUtils.java:logGet(43)) - raft.server.log.use.memory = false (default)
2019-09-19 14:38:54,137 [pool-239-thread-1] INFO  server.RaftServerConfigKeys (ConfUtils.java:logGet(43)) - raft.server.log.purge.gap = 1000000 (custom)
2019-09-19 14:38:54,138 [pool-239-thread-1] INFO  server.RaftServerConfigKeys (ConfUtils.java:logGet(43)) - raft.server.log.appender.buffer.byte-limit = 33554432 (custom)
2019-09-19 14:38:54,138 [pool-239-thread-1] INFO  server.RaftServerConfigKeys (ConfUtils.java:logGet(43)) - raft.server.log.segment.size.max = 1048576 (custom)
2019-09-19 14:38:54,138 [pool-239-thread-1] INFO  server.RaftServerConfigKeys (ConfUtils.java:logGet(43)) - raft.server.log.segment.cache.num.max = 2 (custom)
2019-09-19 14:38:54,138 [pool-239-thread-1] INFO  segmented.SegmentedRaftLogWorker (SegmentedRaftLogWorker.java:<init>(172)) - new 280d4246-3bfc-4b3c-ad11-33bc74bf6da2-SegmentedRaftLogWorker:Storage Directory /workdir/hadoop-ozone/ozonefs/target/test-dir/MiniOzoneClusterImpl-db9f3d9a-89c7-47d2-a400-08c292cbeea5/datanode-0/data/ratis/f428d3e7-0601-4ffd-abba-70b5235da316 for RaftStorage:Storage Directory /workdir/hadoop-ozone/ozonefs/target/test-dir/MiniOzoneClusterImpl-db9f3d9a-89c7-47d2-a400-08c292cbeea5/datanode-0/data/ratis/f428d3e7-0601-4ffd-abba-70b5235da316
2019-09-19 14:38:54,138 [pool-239-thread-1] INFO  server.RaftServerConfigKeys (ConfUtils.java:logGet(43)) - raft.server.log.queue.byte-limit = 2147483647 (custom)
2019-09-19 14:38:54,139 [pool-239-thread-1] INFO  server.RaftServerConfigKeys (ConfUtils.java:logGet(43)) - raft.server.log.queue.element-limit = 1024 (custom)
2019-09-19 14:38:54,139 [pool-239-thread-1] INFO  server.RaftServerConfigKeys (ConfUtils.java:logGet(43)) - raft.server.log.segment.size.max = 1048576 (custom)
2019-09-19 14:38:54,140 [pool-239-thread-1] INFO  server.RaftServerConfigKeys (ConfUtils.java:logGet(43)) - raft.server.log.preallocated.size = 16384 (custom)
2019-09-19 14:38:54,140 [pool-239-thread-1] INFO  server.RaftServerConfigKeys (ConfUtils.java:logGet(43)) - raft.server.log.write.buffer.size = 33554432 (custom)
2019-09-19 14:38:54,140 [pool-239-thread-1] INFO  server.RaftServerConfigKeys (ConfUtils.java:logGet(43)) - raft.server.log.force.sync.num = 128 (default)
2019-09-19 14:38:54,140 [pool-239-thread-1] INFO  server.RaftServerConfigKeys (ConfUtils.java:logGet(43)) - raft.server.log.statemachine.data.sync = true (default)
2019-09-19 14:38:54,140 [pool-239-thread-1] INFO  server.RaftServerConfigKeys (ConfUtils.java:logGet(43)) - raft.server.log.statemachine.data.sync.timeout = 10s (default)
2019-09-19 14:38:54,141 [pool-239-thread-1] INFO  server.RaftServerConfigKeys (ConfUtils.java:logGet(43)) - raft.server.log.statemachine.data.sync.timeout.retry = -1 (default)
2019-09-19 14:38:54,141 [pool-239-thread-1] INFO  server.RaftServerConfigKeys (ConfUtils.java:logGet(43)) - raft.server.log.statemachine.data.caching.enabled = true (custom)
2019-09-19 14:38:54,142 [pool-239-thread-1] INFO  segmented.SegmentedRaftLogWorker (SegmentedRaftLogWorker.java:lambda$new$0(132)) - 280d4246-3bfc-4b3c-ad11-33bc74bf6da2-SegmentedRaftLogWorker:Storage Directory /workdir/hadoop-ozone/ozonefs/target/test-dir/MiniOzoneClusterImpl-db9f3d9a-89c7-47d2-a400-08c292cbeea5/datanode-0/data/ratis/f428d3e7-0601-4ffd-abba-70b5235da316: flushIndex: setUnconditionally 0 -> -1
2019-09-19 14:38:54,142 [pool-239-thread-1] INFO  server.RaftServerConfigKeys (ConfUtils.java:logGet(43)) - raft.server.snapshot.auto.trigger.enabled = true (custom)
2019-09-19 14:38:54,142 [pool-239-thread-1] INFO  server.RaftServerConfigKeys (ConfUtils.java:logGet(43)) - raft.server.snapshot.auto.trigger.threshold = 10000 (custom)
2019-09-19 14:38:54,143 [pool-239-thread-1] INFO  server.RaftServerConfigKeys (ConfUtils.java:logGet(43)) - raft.server.retrycache.expirytime = 600000ms (custom)
2019-09-19 14:38:54,143 [pool-239-thread-1] INFO  impl.RaftServerImpl (RaftServerImpl.java:start(180)) - 280d4246-3bfc-4b3c-ad11-33bc74bf6da2: start group-70B5235DA316
2019-09-19 14:38:54,143 [pool-239-thread-1] INFO  impl.RaftServerImpl (RaftServerImpl.java:setRole(171)) - 280d4246-3bfc-4b3c-ad11-33bc74bf6da2:group-70B5235DA316 changes role from null to FOLLOWER at term 0 for startAsFollower
2019-09-19 14:38:54,144 [pool-239-thread-1] INFO  impl.RoleInfo (RoleInfo.java:updateAndGet(143)) - 280d4246-3bfc-4b3c-ad11-33bc74bf6da2: start FollowerState
2019-09-19 14:38:54,145 [pool-239-thread-1] INFO  util.JmxRegister (JmxRegister.java:tryRegister(44)) - Successfully registered JMX Bean with object name Ratis:service=RaftServer,group=group-70B5235DA316,id=280d4246-3bfc-4b3c-ad11-33bc74bf6da2
2019-09-19 14:38:54,149 [RatisPipelineUtilsThread] INFO  pipeline.PipelineStateManager (PipelineStateManager.java:addPipeline(56)) - Created pipeline Pipeline[ Id: f428d3e7-0601-4ffd-abba-70b5235da316, Nodes: 280d4246-3bfc-4b3c-ad11-33bc74bf6da2{ip: 192.168.5.132, host: pr-hdds-1569-rzdr8-3403194166, networkLocation: /default-rack, certSerialId: null}, Type:RATIS, Factor:ONE, State:OPEN]
2019-09-19 14:38:54,157 [grpc-default-executor-0] INFO  impl.RaftServerProxy (RaftServerProxy.java:addNew(89)) - 280d4246-3bfc-4b3c-ad11-33bc74bf6da2: addNew group-BCF97F04644C:[280d4246-3bfc-4b3c-ad11-33bc74bf6da2:192.168.5.132:36954] returns group-BCF97F04644C:java.util.concurrent.CompletableFuture@5b615859[Not completed]
2019-09-19 14:38:54,158 [pool-239-thread-1] INFO  impl.RaftServerImpl (RaftServerImpl.java:<init>(93)) - 280d4246-3bfc-4b3c-ad11-33bc74bf6da2: new RaftServerImpl for group-BCF97F04644C:[280d4246-3bfc-4b3c-ad11-33bc74bf6da2:192.168.5.132:36954] with ContainerStateMachine:uninitialized
2019-09-19 14:38:54,158 [pool-239-thread-1] INFO  server.RaftServerConfigKeys (ConfUtils.java:logGet(43)) - raft.server.rpc.timeout.min = 5s (custom)
2019-09-19 14:38:54,158 [pool-239-thread-1] INFO  server.RaftServerConfigKeys (ConfUtils.java:logGet(43)) - raft.server.rpc.timeout.max = 5200ms (custom)
2019-09-19 14:38:54,158 [pool-239-thread-1] INFO  server.RaftServerConfigKeys (ConfUtils.java:logGet(43)) - raft.server.rpcslowness.timeout = 120s (custom)
2019-09-19 14:38:54,158 [pool-239-thread-1] INFO  server.RaftServerConfigKeys (ConfUtils.java:logGet(43)) - raft.server.sleep.deviation.threshold = 300 (default)
2019-09-19 14:38:54,158 [pool-239-thread-1] INFO  server.RaftServerConfigKeys (ConfUtils.java:logGet(43)) - raft.server.log.appender.install.snapshot.enabled = false (custom)
2019-09-19 14:38:54,158 [pool-239-thread-1] INFO  impl.RaftServerImpl (ServerState.java:<init>(105)) - 280d4246-3bfc-4b3c-ad11-33bc74bf6da2:group-BCF97F04644C ConfigurationManager, init=-1: [280d4246-3bfc-4b3c-ad11-33bc74bf6da2:192.168.5.132:36954], old=null, confs=<EMPTY_MAP>
2019-09-19 14:38:54,158 [pool-239-thread-1] INFO  server.RaftServerConfigKeys (ConfUtils.java:logGet(43)) - raft.server.storage.dir = [/workdir/hadoop-ozone/ozonefs/target/test-dir/MiniOzoneClusterImpl-db9f3d9a-89c7-47d2-a400-08c292cbeea5/datanode-0/data/ratis] (custom)
2019-09-19 14:38:54,159 [pool-239-thread-1] INFO  storage.RaftStorageDirectory (RaftStorageDirectory.java:analyzeStorage(246)) - The storage directory /workdir/hadoop-ozone/ozonefs/target/test-dir/MiniOzoneClusterImpl-db9f3d9a-89c7-47d2-a400-08c292cbeea5/datanode-0/data/ratis/69cd2efe-fd40-40c0-afab-bcf97f04644c does not exist. Creating ...
2019-09-19 14:38:54,173 [pool-239-thread-1] INFO  storage.RaftStorageDirectory (RaftStorageDirectory.java:tryLock(328)) - Lock on /workdir/hadoop-ozone/ozonefs/target/test-dir/MiniOzoneClusterImpl-db9f3d9a-89c7-47d2-a400-08c292cbeea5/datanode-0/data/ratis/69cd2efe-fd40-40c0-afab-bcf97f04644c/in_use.lock acquired by nodename 25220@pr-hdds-1569-rzdr8-3403194166
2019-09-19 14:38:54,187 [pool-239-thread-1] INFO  storage.RaftStorage (RaftStorage.java:format(72)) - Storage directory /workdir/hadoop-ozone/ozonefs/target/test-dir/MiniOzoneClusterImpl-db9f3d9a-89c7-47d2-a400-08c292cbeea5/datanode-0/data/ratis/69cd2efe-fd40-40c0-afab-bcf97f04644c has been successfully formatted.
2019-09-19 14:38:54,188 [pool-239-thread-1] INFO  ratis.ContainerStateMachine (ContainerStateMachine.java:loadSnapshot(226)) - group-BCF97F04644C: The snapshot info is null. Setting the last applied indexto:(t:0, i:~)
2019-09-19 14:38:54,188 [pool-239-thread-1] INFO  server.RaftServerConfigKeys (ConfUtils.java:logGet(43)) - raft.server.leader.election.timeout = 120s (custom)
2019-09-19 14:38:54,188 [pool-239-thread-1] INFO  server.RaftServerConfigKeys (ConfUtils.java:logGet(43)) - raft.server.log.use.memory = false (default)
2019-09-19 14:38:54,188 [pool-239-thread-1] INFO  server.RaftServerConfigKeys (ConfUtils.java:logGet(43)) - raft.server.log.purge.gap = 1000000 (custom)
2019-09-19 14:38:54,188 [pool-239-thread-1] INFO  server.RaftServerConfigKeys (ConfUtils.java:logGet(43)) - raft.server.log.appender.buffer.byte-limit = 33554432 (custom)
2019-09-19 14:38:54,188 [pool-239-thread-1] INFO  server.RaftServerConfigKeys (ConfUtils.java:logGet(43)) - raft.server.log.segment.size.max = 1048576 (custom)
2019-09-19 14:38:54,188 [pool-239-thread-1] INFO  server.RaftServerConfigKeys (ConfUtils.java:logGet(43)) - raft.server.log.segment.cache.num.max = 2 (custom)
2019-09-19 14:38:54,189 [pool-239-thread-1] INFO  segmented.SegmentedRaftLogWorker (SegmentedRaftLogWorker.java:<init>(172)) - new 280d4246-3bfc-4b3c-ad11-33bc74bf6da2-SegmentedRaftLogWorker:Storage Directory /workdir/hadoop-ozone/ozonefs/target/test-dir/MiniOzoneClusterImpl-db9f3d9a-89c7-47d2-a400-08c292cbeea5/datanode-0/data/ratis/69cd2efe-fd40-40c0-afab-bcf97f04644c for RaftStorage:Storage Directory /workdir/hadoop-ozone/ozonefs/target/test-dir/MiniOzoneClusterImpl-db9f3d9a-89c7-47d2-a400-08c292cbeea5/datanode-0/data/ratis/69cd2efe-fd40-40c0-afab-bcf97f04644c
2019-09-19 14:38:54,189 [pool-239-thread-1] INFO  server.RaftServerConfigKeys (ConfUtils.java:logGet(43)) - raft.server.log.queue.byte-limit = 2147483647 (custom)
2019-09-19 14:38:54,189 [pool-239-thread-1] INFO  server.RaftServerConfigKeys (ConfUtils.java:logGet(43)) - raft.server.log.queue.element-limit = 1024 (custom)
2019-09-19 14:38:54,189 [pool-239-thread-1] INFO  server.RaftServerConfigKeys (ConfUtils.java:logGet(43)) - raft.server.log.segment.size.max = 1048576 (custom)
2019-09-19 14:38:54,189 [pool-239-thread-1] INFO  server.RaftServerConfigKeys (ConfUtils.java:logGet(43)) - raft.server.log.preallocated.size = 16384 (custom)
2019-09-19 14:38:54,189 [pool-239-thread-1] INFO  server.RaftServerConfigKeys (ConfUtils.java:logGet(43)) - raft.server.log.write.buffer.size = 33554432 (custom)
2019-09-19 14:38:54,189 [pool-239-thread-1] INFO  server.RaftServerConfigKeys (ConfUtils.java:logGet(43)) - raft.server.log.force.sync.num = 128 (default)
2019-09-19 14:38:54,189 [pool-239-thread-1] INFO  server.RaftServerConfigKeys (ConfUtils.java:logGet(43)) - raft.server.log.statemachine.data.sync = true (default)
2019-09-19 14:38:54,190 [pool-239-thread-1] INFO  server.RaftServerConfigKeys (ConfUtils.java:logGet(43)) - raft.server.log.statemachine.data.sync.timeout = 10s (default)
2019-09-19 14:38:54,190 [pool-239-thread-1] INFO  server.RaftServerConfigKeys (ConfUtils.java:logGet(43)) - raft.server.log.statemachine.data.sync.timeout.retry = -1 (default)
2019-09-19 14:38:54,190 [pool-239-thread-1] INFO  server.RaftServerConfigKeys (ConfUtils.java:logGet(43)) - raft.server.log.statemachine.data.caching.enabled = true (custom)
2019-09-19 14:38:54,190 [pool-239-thread-1] INFO  segmented.SegmentedRaftLogWorker (SegmentedRaftLogWorker.java:lambda$new$0(132)) - 280d4246-3bfc-4b3c-ad11-33bc74bf6da2-SegmentedRaftLogWorker:Storage Directory /workdir/hadoop-ozone/ozonefs/target/test-dir/MiniOzoneClusterImpl-db9f3d9a-89c7-47d2-a400-08c292cbeea5/datanode-0/data/ratis/69cd2efe-fd40-40c0-afab-bcf97f04644c: flushIndex: setUnconditionally 0 -> -1
2019-09-19 14:38:54,190 [pool-239-thread-1] INFO  server.RaftServerConfigKeys (ConfUtils.java:logGet(43)) - raft.server.snapshot.auto.trigger.enabled = true (custom)
2019-09-19 14:38:54,191 [pool-239-thread-1] INFO  server.RaftServerConfigKeys (ConfUtils.java:logGet(43)) - raft.server.snapshot.auto.trigger.threshold = 10000 (custom)
2019-09-19 14:38:54,191 [pool-239-thread-1] INFO  server.RaftServerConfigKeys (ConfUtils.java:logGet(43)) - raft.server.retrycache.expirytime = 600000ms (custom)
2019-09-19 14:38:54,191 [pool-239-thread-1] INFO  impl.RaftServerImpl (RaftServerImpl.java:start(180)) - 280d4246-3bfc-4b3c-ad11-33bc74bf6da2: start group-BCF97F04644C
2019-09-19 14:38:54,191 [pool-239-thread-1] INFO  impl.RaftServerImpl (RaftServerImpl.java:setRole(171)) - 280d4246-3bfc-4b3c-ad11-33bc74bf6da2:group-BCF97F04644C changes role from null to FOLLOWER at term 0 for startAsFollower
2019-09-19 14:38:54,191 [pool-239-thread-1] INFO  impl.RoleInfo (RoleInfo.java:updateAndGet(143)) - 280d4246-3bfc-4b3c-ad11-33bc74bf6da2: start FollowerState
2019-09-19 14:38:54,191 [pool-239-thread-1] INFO  util.JmxRegister (JmxRegister.java:tryRegister(44)) - Successfully registered JMX Bean with object name Ratis:service=RaftServer,group=group-BCF97F04644C,id=280d4246-3bfc-4b3c-ad11-33bc74bf6da2
2019-09-19 14:38:54,194 [RatisPipelineUtilsThread] INFO  pipeline.PipelineStateManager (PipelineStateManager.java:addPipeline(56)) - Created pipeline Pipeline[ Id: 69cd2efe-fd40-40c0-afab-bcf97f04644c, Nodes: 280d4246-3bfc-4b3c-ad11-33bc74bf6da2{ip: 192.168.5.132, host: pr-hdds-1569-rzdr8-3403194166, networkLocation: /default-rack, certSerialId: null}, Type:RATIS, Factor:ONE, State:OPEN]
2019-09-19 14:38:54,199 [grpc-default-executor-0] INFO  impl.RaftServerProxy (RaftServerProxy.java:addNew(89)) - 280d4246-3bfc-4b3c-ad11-33bc74bf6da2: addNew group-B7AC76EB5E19:[280d4246-3bfc-4b3c-ad11-33bc74bf6da2:192.168.5.132:36954] returns group-B7AC76EB5E19:java.util.concurrent.CompletableFuture@a6eeb4f[Not completed]
2019-09-19 14:38:54,200 [pool-239-thread-1] INFO  impl.RaftServerImpl (RaftServerImpl.java:<init>(93)) - 280d4246-3bfc-4b3c-ad11-33bc74bf6da2: new RaftServerImpl for group-B7AC76EB5E19:[280d4246-3bfc-4b3c-ad11-33bc74bf6da2:192.168.5.132:36954] with ContainerStateMachine:uninitialized
2019-09-19 14:38:54,200 [pool-239-thread-1] INFO  server.RaftServerConfigKeys (ConfUtils.java:logGet(43)) - raft.server.rpc.timeout.min = 5s (custom)
2019-09-19 14:38:54,200 [pool-239-thread-1] INFO  server.RaftServerConfigKeys (ConfUtils.java:logGet(43)) - raft.server.rpc.timeout.max = 5200ms (custom)
2019-09-19 14:38:54,200 [pool-239-thread-1] INFO  server.RaftServerConfigKeys (ConfUtils.java:logGet(43)) - raft.server.rpcslowness.timeout = 120s (custom)
2019-09-19 14:38:54,200 [pool-239-thread-1] INFO  server.RaftServerConfigKeys (ConfUtils.java:logGet(43)) - raft.server.sleep.deviation.threshold = 300 (default)
2019-09-19 14:38:54,200 [pool-239-thread-1] INFO  server.RaftServerConfigKeys (ConfUtils.java:logGet(43)) - raft.server.log.appender.install.snapshot.enabled = false (custom)
2019-09-19 14:38:54,201 [pool-239-thread-1] INFO  impl.RaftServerImpl (ServerState.java:<init>(105)) - 280d4246-3bfc-4b3c-ad11-33bc74bf6da2:group-B7AC76EB5E19 ConfigurationManager, init=-1: [280d4246-3bfc-4b3c-ad11-33bc74bf6da2:192.168.5.132:36954], old=null, confs=<EMPTY_MAP>
2019-09-19 14:38:54,201 [pool-239-thread-1] INFO  server.RaftServerConfigKeys (ConfUtils.java:logGet(43)) - raft.server.storage.dir = [/workdir/hadoop-ozone/ozonefs/target/test-dir/MiniOzoneClusterImpl-db9f3d9a-89c7-47d2-a400-08c292cbeea5/datanode-0/data/ratis] (custom)
2019-09-19 14:38:54,201 [pool-239-thread-1] INFO  storage.RaftStorageDirectory (RaftStorageDirectory.java:analyzeStorage(246)) - The storage directory /workdir/hadoop-ozone/ozonefs/target/test-dir/MiniOzoneClusterImpl-db9f3d9a-89c7-47d2-a400-08c292cbeea5/datanode-0/data/ratis/47ff888c-b7e7-4d37-849d-b7ac76eb5e19 does not exist. Creating ...
2019-09-19 14:38:54,215 [pool-239-thread-1] INFO  storage.RaftStorageDirectory (RaftStorageDirectory.java:tryLock(328)) - Lock on /workdir/hadoop-ozone/ozonefs/target/test-dir/MiniOzoneClusterImpl-db9f3d9a-89c7-47d2-a400-08c292cbeea5/datanode-0/data/ratis/47ff888c-b7e7-4d37-849d-b7ac76eb5e19/in_use.lock acquired by nodename 25220@pr-hdds-1569-rzdr8-3403194166
2019-09-19 14:38:54,229 [pool-239-thread-1] INFO  storage.RaftStorage (RaftStorage.java:format(72)) - Storage directory /workdir/hadoop-ozone/ozonefs/target/test-dir/MiniOzoneClusterImpl-db9f3d9a-89c7-47d2-a400-08c292cbeea5/datanode-0/data/ratis/47ff888c-b7e7-4d37-849d-b7ac76eb5e19 has been successfully formatted.
2019-09-19 14:38:54,229 [pool-239-thread-1] INFO  ratis.ContainerStateMachine (ContainerStateMachine.java:loadSnapshot(226)) - group-B7AC76EB5E19: The snapshot info is null. Setting the last applied indexto:(t:0, i:~)
2019-09-19 14:38:54,230 [pool-239-thread-1] INFO  server.RaftServerConfigKeys (ConfUtils.java:logGet(43)) - raft.server.leader.election.timeout = 120s (custom)
2019-09-19 14:38:54,230 [pool-239-thread-1] INFO  server.RaftServerConfigKeys (ConfUtils.java:logGet(43)) - raft.server.log.use.memory = false (default)
2019-09-19 14:38:54,230 [pool-239-thread-1] INFO  server.RaftServerConfigKeys (ConfUtils.java:logGet(43)) - raft.server.log.purge.gap = 1000000 (custom)
2019-09-19 14:38:54,230 [pool-239-thread-1] INFO  server.RaftServerConfigKeys (ConfUtils.java:logGet(43)) - raft.server.log.appender.buffer.byte-limit = 33554432 (custom)
2019-09-19 14:38:54,230 [pool-239-thread-1] INFO  server.RaftServerConfigKeys (ConfUtils.java:logGet(43)) - raft.server.log.segment.size.max = 1048576 (custom)
2019-09-19 14:38:54,230 [pool-239-thread-1] INFO  server.RaftServerConfigKeys (ConfUtils.java:logGet(43)) - raft.server.log.segment.cache.num.max = 2 (custom)
2019-09-19 14:38:54,230 [pool-239-thread-1] INFO  segmented.SegmentedRaftLogWorker (SegmentedRaftLogWorker.java:<init>(172)) - new 280d4246-3bfc-4b3c-ad11-33bc74bf6da2-SegmentedRaftLogWorker:Storage Directory /workdir/hadoop-ozone/ozonefs/target/test-dir/MiniOzoneClusterImpl-db9f3d9a-89c7-47d2-a400-08c292cbeea5/datanode-0/data/ratis/47ff888c-b7e7-4d37-849d-b7ac76eb5e19 for RaftStorage:Storage Directory /workdir/hadoop-ozone/ozonefs/target/test-dir/MiniOzoneClusterImpl-db9f3d9a-89c7-47d2-a400-08c292cbeea5/datanode-0/data/ratis/47ff888c-b7e7-4d37-849d-b7ac76eb5e19
2019-09-19 14:38:54,230 [pool-239-thread-1] INFO  server.RaftServerConfigKeys (ConfUtils.java:logGet(43)) - raft.server.log.queue.byte-limit = 2147483647 (custom)
2019-09-19 14:38:54,231 [pool-239-thread-1] INFO  server.RaftServerConfigKeys (ConfUtils.java:logGet(43)) - raft.server.log.queue.element-limit = 1024 (custom)
2019-09-19 14:38:54,231 [pool-239-thread-1] INFO  server.RaftServerConfigKeys (ConfUtils.java:logGet(43)) - raft.server.log.segment.size.max = 1048576 (custom)
2019-09-19 14:38:54,231 [pool-239-thread-1] INFO  server.RaftServerConfigKeys (ConfUtils.java:logGet(43)) - raft.server.log.preallocated.size = 16384 (custom)
2019-09-19 14:38:54,231 [pool-239-thread-1] INFO  server.RaftServerConfigKeys (ConfUtils.java:logGet(43)) - raft.server.log.write.buffer.size = 33554432 (custom)
2019-09-19 14:38:54,231 [pool-239-thread-1] INFO  server.RaftServerConfigKeys (ConfUtils.java:logGet(43)) - raft.server.log.force.sync.num = 128 (default)
2019-09-19 14:38:54,231 [pool-239-thread-1] INFO  server.RaftServerConfigKeys (ConfUtils.java:logGet(43)) - raft.server.log.statemachine.data.sync = true (default)
2019-09-19 14:38:54,231 [pool-239-thread-1] INFO  server.RaftServerConfigKeys (ConfUtils.java:logGet(43)) - raft.server.log.statemachine.data.sync.timeout = 10s (default)
2019-09-19 14:38:54,231 [pool-239-thread-1] INFO  server.RaftServerConfigKeys (ConfUtils.java:logGet(43)) - raft.server.log.statemachine.data.sync.timeout.retry = -1 (default)
2019-09-19 14:38:54,231 [pool-239-thread-1] INFO  server.RaftServerConfigKeys (ConfUtils.java:logGet(43)) - raft.server.log.statemachine.data.caching.enabled = true (custom)
2019-09-19 14:38:54,232 [pool-239-thread-1] INFO  segmented.SegmentedRaftLogWorker (SegmentedRaftLogWorker.java:lambda$new$0(132)) - 280d4246-3bfc-4b3c-ad11-33bc74bf6da2-SegmentedRaftLogWorker:Storage Directory /workdir/hadoop-ozone/ozonefs/target/test-dir/MiniOzoneClusterImpl-db9f3d9a-89c7-47d2-a400-08c292cbeea5/datanode-0/data/ratis/47ff888c-b7e7-4d37-849d-b7ac76eb5e19: flushIndex: setUnconditionally 0 -> -1
2019-09-19 14:38:54,232 [pool-239-thread-1] INFO  server.RaftServerConfigKeys (ConfUtils.java:logGet(43)) - raft.server.snapshot.auto.trigger.enabled = true (custom)
2019-09-19 14:38:54,232 [pool-239-thread-1] INFO  server.RaftServerConfigKeys (ConfUtils.java:logGet(43)) - raft.server.snapshot.auto.trigger.threshold = 10000 (custom)
2019-09-19 14:38:54,232 [pool-239-thread-1] INFO  server.RaftServerConfigKeys (ConfUtils.java:logGet(43)) - raft.server.retrycache.expirytime = 600000ms (custom)
2019-09-19 14:38:54,232 [pool-239-thread-1] INFO  impl.RaftServerImpl (RaftServerImpl.java:start(180)) - 280d4246-3bfc-4b3c-ad11-33bc74bf6da2: start group-B7AC76EB5E19
2019-09-19 14:38:54,232 [pool-239-thread-1] INFO  impl.RaftServerImpl (RaftServerImpl.java:setRole(171)) - 280d4246-3bfc-4b3c-ad11-33bc74bf6da2:group-B7AC76EB5E19 changes role from null to FOLLOWER at term 0 for startAsFollower
2019-09-19 14:38:54,233 [pool-239-thread-1] INFO  impl.RoleInfo (RoleInfo.java:updateAndGet(143)) - 280d4246-3bfc-4b3c-ad11-33bc74bf6da2: start FollowerState
2019-09-19 14:38:54,233 [pool-239-thread-1] INFO  util.JmxRegister (JmxRegister.java:tryRegister(44)) - Successfully registered JMX Bean with object name Ratis:service=RaftServer,group=group-B7AC76EB5E19,id=280d4246-3bfc-4b3c-ad11-33bc74bf6da2
2019-09-19 14:38:54,236 [RatisPipelineUtilsThread] INFO  pipeline.PipelineStateManager (PipelineStateManager.java:addPipeline(56)) - Created pipeline Pipeline[ Id: 47ff888c-b7e7-4d37-849d-b7ac76eb5e19, Nodes: 280d4246-3bfc-4b3c-ad11-33bc74bf6da2{ip: 192.168.5.132, host: pr-hdds-1569-rzdr8-3403194166, networkLocation: /default-rack, certSerialId: null}, Type:RATIS, Factor:ONE, State:OPEN]
2019-09-19 14:38:54,241 [grpc-default-executor-0] INFO  impl.RaftServerProxy (RaftServerProxy.java:addNew(89)) - 280d4246-3bfc-4b3c-ad11-33bc74bf6da2: addNew group-3154BAE359FE:[280d4246-3bfc-4b3c-ad11-33bc74bf6da2:192.168.5.132:36954] returns group-3154BAE359FE:java.util.concurrent.CompletableFuture@739e6627[Not completed]
2019-09-19 14:38:54,242 [pool-239-thread-1] INFO  impl.RaftServerImpl (RaftServerImpl.java:<init>(93)) - 280d4246-3bfc-4b3c-ad11-33bc74bf6da2: new RaftServerImpl for group-3154BAE359FE:[280d4246-3bfc-4b3c-ad11-33bc74bf6da2:192.168.5.132:36954] with ContainerStateMachine:uninitialized
2019-09-19 14:38:54,242 [pool-239-thread-1] INFO  server.RaftServerConfigKeys (ConfUtils.java:logGet(43)) - raft.server.rpc.timeout.min = 5s (custom)
2019-09-19 14:38:54,242 [pool-239-thread-1] INFO  server.RaftServerConfigKeys (ConfUtils.java:logGet(43)) - raft.server.rpc.timeout.max = 5200ms (custom)
2019-09-19 14:38:54,242 [pool-239-thread-1] INFO  server.RaftServerConfigKeys (ConfUtils.java:logGet(43)) - raft.server.rpcslowness.timeout = 120s (custom)
2019-09-19 14:38:54,243 [pool-239-thread-1] INFO  server.RaftServerConfigKeys (ConfUtils.java:logGet(43)) - raft.server.sleep.deviation.threshold = 300 (default)
2019-09-19 14:38:54,243 [pool-239-thread-1] INFO  server.RaftServerConfigKeys (ConfUtils.java:logGet(43)) - raft.server.log.appender.install.snapshot.enabled = false (custom)
2019-09-19 14:38:54,243 [pool-239-thread-1] INFO  impl.RaftServerImpl (ServerState.java:<init>(105)) - 280d4246-3bfc-4b3c-ad11-33bc74bf6da2:group-3154BAE359FE ConfigurationManager, init=-1: [280d4246-3bfc-4b3c-ad11-33bc74bf6da2:192.168.5.132:36954], old=null, confs=<EMPTY_MAP>
2019-09-19 14:38:54,243 [pool-239-thread-1] INFO  server.RaftServerConfigKeys (ConfUtils.java:logGet(43)) - raft.server.storage.dir = [/workdir/hadoop-ozone/ozonefs/target/test-dir/MiniOzoneClusterImpl-db9f3d9a-89c7-47d2-a400-08c292cbeea5/datanode-0/data/ratis] (custom)
2019-09-19 14:38:54,243 [pool-239-thread-1] INFO  storage.RaftStorageDirectory (RaftStorageDirectory.java:analyzeStorage(246)) - The storage directory /workdir/hadoop-ozone/ozonefs/target/test-dir/MiniOzoneClusterImpl-db9f3d9a-89c7-47d2-a400-08c292cbeea5/datanode-0/data/ratis/0380778c-0a2f-4e03-9063-3154bae359fe does not exist. Creating ...
2019-09-19 14:38:54,283 [pool-239-thread-1] INFO  storage.RaftStorageDirectory (RaftStorageDirectory.java:tryLock(328)) - Lock on /workdir/hadoop-ozone/ozonefs/target/test-dir/MiniOzoneClusterImpl-db9f3d9a-89c7-47d2-a400-08c292cbeea5/datanode-0/data/ratis/0380778c-0a2f-4e03-9063-3154bae359fe/in_use.lock acquired by nodename 25220@pr-hdds-1569-rzdr8-3403194166
2019-09-19 14:38:54,301 [IPC Server handler 2 on 44101] INFO  net.NetworkTopology (NetworkTopologyImpl.java:add(110)) - Added a new node: /default-rack/9fb2ccf2-5ed3-4a2e-8fe9-d08ca707c464
2019-09-19 14:38:54,301 [IPC Server handler 2 on 44101] INFO  node.SCMNodeManager (SCMNodeManager.java:register(273)) - Registered Data node : 9fb2ccf2-5ed3-4a2e-8fe9-d08ca707c464{ip: 192.168.5.132, host: pr-hdds-1569-rzdr8-3403194166, networkLocation: /default-rack, certSerialId: null}
2019-09-19 14:38:54,302 | INFO  | SCMAudit | user=jenkins1000 | ip=192.168.5.132 | op=REGISTER {datanodeDetails=9fb2ccf2-5ed3-4a2e-8fe9-d08ca707c464{ip: 192.168.5.132, host: pr-hdds-1569-rzdr8-3403194166, networkLocation: /default-rack, certSerialId: null}} | ret=SUCCESS |  
2019-09-19 14:38:54,308 [pool-239-thread-1] INFO  storage.RaftStorage (RaftStorage.java:format(72)) - Storage directory /workdir/hadoop-ozone/ozonefs/target/test-dir/MiniOzoneClusterImpl-db9f3d9a-89c7-47d2-a400-08c292cbeea5/datanode-0/data/ratis/0380778c-0a2f-4e03-9063-3154bae359fe has been successfully formatted.
2019-09-19 14:38:54,308 [pool-239-thread-1] INFO  ratis.ContainerStateMachine (ContainerStateMachine.java:loadSnapshot(226)) - group-3154BAE359FE: The snapshot info is null. Setting the last applied indexto:(t:0, i:~)
2019-09-19 14:38:54,308 [pool-239-thread-1] INFO  server.RaftServerConfigKeys (ConfUtils.java:logGet(43)) - raft.server.leader.election.timeout = 120s (custom)
2019-09-19 14:38:54,308 [pool-239-thread-1] INFO  server.RaftServerConfigKeys (ConfUtils.java:logGet(43)) - raft.server.log.use.memory = false (default)
2019-09-19 14:38:54,309 [pool-239-thread-1] INFO  server.RaftServerConfigKeys (ConfUtils.java:logGet(43)) - raft.server.log.purge.gap = 1000000 (custom)
2019-09-19 14:38:54,309 [pool-239-thread-1] INFO  server.RaftServerConfigKeys (ConfUtils.java:logGet(43)) - raft.server.log.appender.buffer.byte-limit = 33554432 (custom)
2019-09-19 14:38:54,309 [pool-239-thread-1] INFO  server.RaftServerConfigKeys (ConfUtils.java:logGet(43)) - raft.server.log.segment.size.max = 1048576 (custom)
2019-09-19 14:38:54,309 [pool-239-thread-1] INFO  server.RaftServerConfigKeys (ConfUtils.java:logGet(43)) - raft.server.log.segment.cache.num.max = 2 (custom)
2019-09-19 14:38:54,309 [pool-239-thread-1] INFO  segmented.SegmentedRaftLogWorker (SegmentedRaftLogWorker.java:<init>(172)) - new 280d4246-3bfc-4b3c-ad11-33bc74bf6da2-SegmentedRaftLogWorker:Storage Directory /workdir/hadoop-ozone/ozonefs/target/test-dir/MiniOzoneClusterImpl-db9f3d9a-89c7-47d2-a400-08c292cbeea5/datanode-0/data/ratis/0380778c-0a2f-4e03-9063-3154bae359fe for RaftStorage:Storage Directory /workdir/hadoop-ozone/ozonefs/target/test-dir/MiniOzoneClusterImpl-db9f3d9a-89c7-47d2-a400-08c292cbeea5/datanode-0/data/ratis/0380778c-0a2f-4e03-9063-3154bae359fe
2019-09-19 14:38:54,309 [pool-239-thread-1] INFO  server.RaftServerConfigKeys (ConfUtils.java:logGet(43)) - raft.server.log.queue.byte-limit = 2147483647 (custom)
2019-09-19 14:38:54,309 [pool-239-thread-1] INFO  server.RaftServerConfigKeys (ConfUtils.java:logGet(43)) - raft.server.log.queue.element-limit = 1024 (custom)
2019-09-19 14:38:54,309 [pool-239-thread-1] INFO  server.RaftServerConfigKeys (ConfUtils.java:logGet(43)) - raft.server.log.segment.size.max = 1048576 (custom)
2019-09-19 14:38:54,310 [pool-239-thread-1] INFO  server.RaftServerConfigKeys (ConfUtils.java:logGet(43)) - raft.server.log.preallocated.size = 16384 (custom)
2019-09-19 14:38:54,310 [pool-239-thread-1] INFO  server.RaftServerConfigKeys (ConfUtils.java:logGet(43)) - raft.server.log.write.buffer.size = 33554432 (custom)
2019-09-19 14:38:54,310 [pool-239-thread-1] INFO  server.RaftServerConfigKeys (ConfUtils.java:logGet(43)) - raft.server.log.force.sync.num = 128 (default)
2019-09-19 14:38:54,310 [pool-239-thread-1] INFO  server.RaftServerConfigKeys (ConfUtils.java:logGet(43)) - raft.server.log.statemachine.data.sync = true (default)
2019-09-19 14:38:54,310 [pool-239-thread-1] INFO  server.RaftServerConfigKeys (ConfUtils.java:logGet(43)) - raft.server.log.statemachine.data.sync.timeout = 10s (default)
2019-09-19 14:38:54,310 [pool-239-thread-1] INFO  server.RaftServerConfigKeys (ConfUtils.java:logGet(43)) - raft.server.log.statemachine.data.sync.timeout.retry = -1 (default)
2019-09-19 14:38:54,310 [pool-239-thread-1] INFO  server.RaftServerConfigKeys (ConfUtils.java:logGet(43)) - raft.server.log.statemachine.data.caching.enabled = true (custom)
2019-09-19 14:38:54,311 [pool-239-thread-1] INFO  segmented.SegmentedRaftLogWorker (SegmentedRaftLogWorker.java:lambda$new$0(132)) - 280d4246-3bfc-4b3c-ad11-33bc74bf6da2-SegmentedRaftLogWorker:Storage Directory /workdir/hadoop-ozone/ozonefs/target/test-dir/MiniOzoneClusterImpl-db9f3d9a-89c7-47d2-a400-08c292cbeea5/datanode-0/data/ratis/0380778c-0a2f-4e03-9063-3154bae359fe: flushIndex: setUnconditionally 0 -> -1
2019-09-19 14:38:54,311 [pool-239-thread-1] INFO  server.RaftServerConfigKeys (ConfUtils.java:logGet(43)) - raft.server.snapshot.auto.trigger.enabled = true (custom)
2019-09-19 14:38:54,311 [pool-239-thread-1] INFO  server.RaftServerConfigKeys (ConfUtils.java:logGet(43)) - raft.server.snapshot.auto.trigger.threshold = 10000 (custom)
2019-09-19 14:38:54,311 [pool-239-thread-1] INFO  server.RaftServerConfigKeys (ConfUtils.java:logGet(43)) - raft.server.retrycache.expirytime = 600000ms (custom)
2019-09-19 14:38:54,311 [pool-239-thread-1] INFO  impl.RaftServerImpl (RaftServerImpl.java:start(180)) - 280d4246-3bfc-4b3c-ad11-33bc74bf6da2: start group-3154BAE359FE
2019-09-19 14:38:54,311 [pool-239-thread-1] INFO  impl.RaftServerImpl (RaftServerImpl.java:setRole(171)) - 280d4246-3bfc-4b3c-ad11-33bc74bf6da2:group-3154BAE359FE changes role from null to FOLLOWER at term 0 for startAsFollower
2019-09-19 14:38:54,311 [pool-239-thread-1] INFO  impl.RoleInfo (RoleInfo.java:updateAndGet(143)) - 280d4246-3bfc-4b3c-ad11-33bc74bf6da2: start FollowerState
2019-09-19 14:38:54,312 [pool-239-thread-1] INFO  util.JmxRegister (JmxRegister.java:tryRegister(44)) - Successfully registered JMX Bean with object name Ratis:service=RaftServer,group=group-3154BAE359FE,id=280d4246-3bfc-4b3c-ad11-33bc74bf6da2
2019-09-19 14:38:54,315 [RatisPipelineUtilsThread] INFO  pipeline.PipelineStateManager (PipelineStateManager.java:addPipeline(56)) - Created pipeline Pipeline[ Id: 0380778c-0a2f-4e03-9063-3154bae359fe, Nodes: 280d4246-3bfc-4b3c-ad11-33bc74bf6da2{ip: 192.168.5.132, host: pr-hdds-1569-rzdr8-3403194166, networkLocation: /default-rack, certSerialId: null}, Type:RATIS, Factor:ONE, State:OPEN]
2019-09-19 14:38:54,321 [grpc-default-executor-0] INFO  impl.RaftServerProxy (RaftServerProxy.java:addNew(89)) - 280d4246-3bfc-4b3c-ad11-33bc74bf6da2: addNew group-E36FE73F595C:[280d4246-3bfc-4b3c-ad11-33bc74bf6da2:192.168.5.132:36954] returns group-E36FE73F595C:java.util.concurrent.CompletableFuture@e201580[Not completed]
2019-09-19 14:38:54,322 [pool-239-thread-1] INFO  impl.RaftServerImpl (RaftServerImpl.java:<init>(93)) - 280d4246-3bfc-4b3c-ad11-33bc74bf6da2: new RaftServerImpl for group-E36FE73F595C:[280d4246-3bfc-4b3c-ad11-33bc74bf6da2:192.168.5.132:36954] with ContainerStateMachine:uninitialized
2019-09-19 14:38:54,322 [pool-239-thread-1] INFO  server.RaftServerConfigKeys (ConfUtils.java:logGet(43)) - raft.server.rpc.timeout.min = 5s (custom)
2019-09-19 14:38:54,322 [pool-239-thread-1] INFO  server.RaftServerConfigKeys (ConfUtils.java:logGet(43)) - raft.server.rpc.timeout.max = 5200ms (custom)
2019-09-19 14:38:54,322 [pool-239-thread-1] INFO  server.RaftServerConfigKeys (ConfUtils.java:logGet(43)) - raft.server.rpcslowness.timeout = 120s (custom)
2019-09-19 14:38:54,322 [pool-239-thread-1] INFO  server.RaftServerConfigKeys (ConfUtils.java:logGet(43)) - raft.server.sleep.deviation.threshold = 300 (default)
2019-09-19 14:38:54,323 [pool-239-thread-1] INFO  server.RaftServerConfigKeys (ConfUtils.java:logGet(43)) - raft.server.log.appender.install.snapshot.enabled = false (custom)
2019-09-19 14:38:54,323 [pool-239-thread-1] INFO  impl.RaftServerImpl (ServerState.java:<init>(105)) - 280d4246-3bfc-4b3c-ad11-33bc74bf6da2:group-E36FE73F595C ConfigurationManager, init=-1: [280d4246-3bfc-4b3c-ad11-33bc74bf6da2:192.168.5.132:36954], old=null, confs=<EMPTY_MAP>
2019-09-19 14:38:54,323 [pool-239-thread-1] INFO  server.RaftServerConfigKeys (ConfUtils.java:logGet(43)) - raft.server.storage.dir = [/workdir/hadoop-ozone/ozonefs/target/test-dir/MiniOzoneClusterImpl-db9f3d9a-89c7-47d2-a400-08c292cbeea5/datanode-0/data/ratis] (custom)
2019-09-19 14:38:54,323 [pool-239-thread-1] INFO  storage.RaftStorageDirectory (RaftStorageDirectory.java:analyzeStorage(246)) - The storage directory /workdir/hadoop-ozone/ozonefs/target/test-dir/MiniOzoneClusterImpl-db9f3d9a-89c7-47d2-a400-08c292cbeea5/datanode-0/data/ratis/943d345f-83b5-4853-b2a3-e36fe73f595c does not exist. Creating ...
2019-09-19 14:38:54,350 [pool-239-thread-1] INFO  storage.RaftStorageDirectory (RaftStorageDirectory.java:tryLock(328)) - Lock on /workdir/hadoop-ozone/ozonefs/target/test-dir/MiniOzoneClusterImpl-db9f3d9a-89c7-47d2-a400-08c292cbeea5/datanode-0/data/ratis/943d345f-83b5-4853-b2a3-e36fe73f595c/in_use.lock acquired by nodename 25220@pr-hdds-1569-rzdr8-3403194166
2019-09-19 14:38:54,375 [pool-239-thread-1] INFO  storage.RaftStorage (RaftStorage.java:format(72)) - Storage directory /workdir/hadoop-ozone/ozonefs/target/test-dir/MiniOzoneClusterImpl-db9f3d9a-89c7-47d2-a400-08c292cbeea5/datanode-0/data/ratis/943d345f-83b5-4853-b2a3-e36fe73f595c has been successfully formatted.
2019-09-19 14:38:54,376 [pool-239-thread-1] INFO  ratis.ContainerStateMachine (ContainerStateMachine.java:loadSnapshot(226)) - group-E36FE73F595C: The snapshot info is null. Setting the last applied indexto:(t:0, i:~)
2019-09-19 14:38:54,376 [pool-239-thread-1] INFO  server.RaftServerConfigKeys (ConfUtils.java:logGet(43)) - raft.server.leader.election.timeout = 120s (custom)
2019-09-19 14:38:54,376 [pool-239-thread-1] INFO  server.RaftServerConfigKeys (ConfUtils.java:logGet(43)) - raft.server.log.use.memory = false (default)
2019-09-19 14:38:54,376 [pool-239-thread-1] INFO  server.RaftServerConfigKeys (ConfUtils.java:logGet(43)) - raft.server.log.purge.gap = 1000000 (custom)
2019-09-19 14:38:54,376 [pool-239-thread-1] INFO  server.RaftServerConfigKeys (ConfUtils.java:logGet(43)) - raft.server.log.appender.buffer.byte-limit = 33554432 (custom)
2019-09-19 14:38:54,376 [pool-239-thread-1] INFO  server.RaftServerConfigKeys (ConfUtils.java:logGet(43)) - raft.server.log.segment.size.max = 1048576 (custom)
2019-09-19 14:38:54,377 [pool-239-thread-1] INFO  server.RaftServerConfigKeys (ConfUtils.java:logGet(43)) - raft.server.log.segment.cache.num.max = 2 (custom)
2019-09-19 14:38:54,377 [pool-239-thread-1] INFO  segmented.SegmentedRaftLogWorker (SegmentedRaftLogWorker.java:<init>(172)) - new 280d4246-3bfc-4b3c-ad11-33bc74bf6da2-SegmentedRaftLogWorker:Storage Directory /workdir/hadoop-ozone/ozonefs/target/test-dir/MiniOzoneClusterImpl-db9f3d9a-89c7-47d2-a400-08c292cbeea5/datanode-0/data/ratis/943d345f-83b5-4853-b2a3-e36fe73f595c for RaftStorage:Storage Directory /workdir/hadoop-ozone/ozonefs/target/test-dir/MiniOzoneClusterImpl-db9f3d9a-89c7-47d2-a400-08c292cbeea5/datanode-0/data/ratis/943d345f-83b5-4853-b2a3-e36fe73f595c
2019-09-19 14:38:54,377 [pool-239-thread-1] INFO  server.RaftServerConfigKeys (ConfUtils.java:logGet(43)) - raft.server.log.queue.byte-limit = 2147483647 (custom)
2019-09-19 14:38:54,377 [pool-239-thread-1] INFO  server.RaftServerConfigKeys (ConfUtils.java:logGet(43)) - raft.server.log.queue.element-limit = 1024 (custom)
2019-09-19 14:38:54,377 [pool-239-thread-1] INFO  server.RaftServerConfigKeys (ConfUtils.java:logGet(43)) - raft.server.log.segment.size.max = 1048576 (custom)
2019-09-19 14:38:54,377 [pool-239-thread-1] INFO  server.RaftServerConfigKeys (ConfUtils.java:logGet(43)) - raft.server.log.preallocated.size = 16384 (custom)
2019-09-19 14:38:54,377 [pool-239-thread-1] INFO  server.RaftServerConfigKeys (ConfUtils.java:logGet(43)) - raft.server.log.write.buffer.size = 33554432 (custom)
2019-09-19 14:38:54,378 [pool-239-thread-1] INFO  server.RaftServerConfigKeys (ConfUtils.java:logGet(43)) - raft.server.log.force.sync.num = 128 (default)
2019-09-19 14:38:54,378 [pool-239-thread-1] INFO  server.RaftServerConfigKeys (ConfUtils.java:logGet(43)) - raft.server.log.statemachine.data.sync = true (default)
2019-09-19 14:38:54,378 [pool-239-thread-1] INFO  server.RaftServerConfigKeys (ConfUtils.java:logGet(43)) - raft.server.log.statemachine.data.sync.timeout = 10s (default)
2019-09-19 14:38:54,378 [pool-239-thread-1] INFO  server.RaftServerConfigKeys (ConfUtils.java:logGet(43)) - raft.server.log.statemachine.data.sync.timeout.retry = -1 (default)
2019-09-19 14:38:54,378 [pool-239-thread-1] INFO  server.RaftServerConfigKeys (ConfUtils.java:logGet(43)) - raft.server.log.statemachine.data.caching.enabled = true (custom)
2019-09-19 14:38:54,379 [pool-239-thread-1] INFO  segmented.SegmentedRaftLogWorker (SegmentedRaftLogWorker.java:lambda$new$0(132)) - 280d4246-3bfc-4b3c-ad11-33bc74bf6da2-SegmentedRaftLogWorker:Storage Directory /workdir/hadoop-ozone/ozonefs/target/test-dir/MiniOzoneClusterImpl-db9f3d9a-89c7-47d2-a400-08c292cbeea5/datanode-0/data/ratis/943d345f-83b5-4853-b2a3-e36fe73f595c: flushIndex: setUnconditionally 0 -> -1
2019-09-19 14:38:54,379 [pool-239-thread-1] INFO  server.RaftServerConfigKeys (ConfUtils.java:logGet(43)) - raft.server.snapshot.auto.trigger.enabled = true (custom)
2019-09-19 14:38:54,379 [pool-239-thread-1] INFO  server.RaftServerConfigKeys (ConfUtils.java:logGet(43)) - raft.server.snapshot.auto.trigger.threshold = 10000 (custom)
2019-09-19 14:38:54,379 [pool-239-thread-1] INFO  server.RaftServerConfigKeys (ConfUtils.java:logGet(43)) - raft.server.retrycache.expirytime = 600000ms (custom)
2019-09-19 14:38:54,380 [pool-239-thread-1] INFO  impl.RaftServerImpl (RaftServerImpl.java:start(180)) - 280d4246-3bfc-4b3c-ad11-33bc74bf6da2: start group-E36FE73F595C
2019-09-19 14:38:54,380 [pool-239-thread-1] INFO  impl.RaftServerImpl (RaftServerImpl.java:setRole(171)) - 280d4246-3bfc-4b3c-ad11-33bc74bf6da2:group-E36FE73F595C changes role from null to FOLLOWER at term 0 for startAsFollower
2019-09-19 14:38:54,380 [pool-239-thread-1] INFO  impl.RoleInfo (RoleInfo.java:updateAndGet(143)) - 280d4246-3bfc-4b3c-ad11-33bc74bf6da2: start FollowerState
2019-09-19 14:38:54,380 [pool-239-thread-1] INFO  util.JmxRegister (JmxRegister.java:tryRegister(44)) - Successfully registered JMX Bean with object name Ratis:service=RaftServer,group=group-E36FE73F595C,id=280d4246-3bfc-4b3c-ad11-33bc74bf6da2
2019-09-19 14:38:54,383 [RatisPipelineUtilsThread] INFO  pipeline.PipelineStateManager (PipelineStateManager.java:addPipeline(56)) - Created pipeline Pipeline[ Id: 943d345f-83b5-4853-b2a3-e36fe73f595c, Nodes: 280d4246-3bfc-4b3c-ad11-33bc74bf6da2{ip: 192.168.5.132, host: pr-hdds-1569-rzdr8-3403194166, networkLocation: /default-rack, certSerialId: null}, Type:RATIS, Factor:ONE, State:OPEN]
2019-09-19 14:38:54,389 [grpc-default-executor-0] INFO  impl.RaftServerProxy (RaftServerProxy.java:addNew(89)) - 280d4246-3bfc-4b3c-ad11-33bc74bf6da2: addNew group-803FFE98E670:[280d4246-3bfc-4b3c-ad11-33bc74bf6da2:192.168.5.132:36954] returns group-803FFE98E670:java.util.concurrent.CompletableFuture@4e2ec497[Not completed]
2019-09-19 14:38:54,390 [pool-239-thread-1] INFO  impl.RaftServerImpl (RaftServerImpl.java:<init>(93)) - 280d4246-3bfc-4b3c-ad11-33bc74bf6da2: new RaftServerImpl for group-803FFE98E670:[280d4246-3bfc-4b3c-ad11-33bc74bf6da2:192.168.5.132:36954] with ContainerStateMachine:uninitialized
2019-09-19 14:38:54,391 [pool-239-thread-1] INFO  server.RaftServerConfigKeys (ConfUtils.java:logGet(43)) - raft.server.rpc.timeout.min = 5s (custom)
2019-09-19 14:38:54,391 [pool-239-thread-1] INFO  server.RaftServerConfigKeys (ConfUtils.java:logGet(43)) - raft.server.rpc.timeout.max = 5200ms (custom)
2019-09-19 14:38:54,391 [pool-239-thread-1] INFO  server.RaftServerConfigKeys (ConfUtils.java:logGet(43)) - raft.server.rpcslowness.timeout = 120s (custom)
2019-09-19 14:38:54,391 [pool-239-thread-1] INFO  server.RaftServerConfigKeys (ConfUtils.java:logGet(43)) - raft.server.sleep.deviation.threshold = 300 (default)
2019-09-19 14:38:54,391 [pool-239-thread-1] INFO  server.RaftServerConfigKeys (ConfUtils.java:logGet(43)) - raft.server.log.appender.install.snapshot.enabled = false (custom)
2019-09-19 14:38:54,391 [pool-239-thread-1] INFO  impl.RaftServerImpl (ServerState.java:<init>(105)) - 280d4246-3bfc-4b3c-ad11-33bc74bf6da2:group-803FFE98E670 ConfigurationManager, init=-1: [280d4246-3bfc-4b3c-ad11-33bc74bf6da2:192.168.5.132:36954], old=null, confs=<EMPTY_MAP>
2019-09-19 14:38:54,391 [pool-239-thread-1] INFO  server.RaftServerConfigKeys (ConfUtils.java:logGet(43)) - raft.server.storage.dir = [/workdir/hadoop-ozone/ozonefs/target/test-dir/MiniOzoneClusterImpl-db9f3d9a-89c7-47d2-a400-08c292cbeea5/datanode-0/data/ratis] (custom)
2019-09-19 14:38:54,392 [pool-239-thread-1] INFO  storage.RaftStorageDirectory (RaftStorageDirectory.java:analyzeStorage(246)) - The storage directory /workdir/hadoop-ozone/ozonefs/target/test-dir/MiniOzoneClusterImpl-db9f3d9a-89c7-47d2-a400-08c292cbeea5/datanode-0/data/ratis/fcb03dca-4416-4ee3-9fc5-803ffe98e670 does not exist. Creating ...
2019-09-19 14:38:54,417 [pool-239-thread-1] INFO  storage.RaftStorageDirectory (RaftStorageDirectory.java:tryLock(328)) - Lock on /workdir/hadoop-ozone/ozonefs/target/test-dir/MiniOzoneClusterImpl-db9f3d9a-89c7-47d2-a400-08c292cbeea5/datanode-0/data/ratis/fcb03dca-4416-4ee3-9fc5-803ffe98e670/in_use.lock acquired by nodename 25220@pr-hdds-1569-rzdr8-3403194166
2019-09-19 14:38:54,443 [pool-239-thread-1] INFO  storage.RaftStorage (RaftStorage.java:format(72)) - Storage directory /workdir/hadoop-ozone/ozonefs/target/test-dir/MiniOzoneClusterImpl-db9f3d9a-89c7-47d2-a400-08c292cbeea5/datanode-0/data/ratis/fcb03dca-4416-4ee3-9fc5-803ffe98e670 has been successfully formatted.
2019-09-19 14:38:54,443 [pool-239-thread-1] INFO  ratis.ContainerStateMachine (ContainerStateMachine.java:loadSnapshot(226)) - group-803FFE98E670: The snapshot info is null. Setting the last applied indexto:(t:0, i:~)
2019-09-19 14:38:54,443 [pool-239-thread-1] INFO  server.RaftServerConfigKeys (ConfUtils.java:logGet(43)) - raft.server.leader.election.timeout = 120s (custom)
2019-09-19 14:38:54,443 [pool-239-thread-1] INFO  server.RaftServerConfigKeys (ConfUtils.java:logGet(43)) - raft.server.log.use.memory = false (default)
2019-09-19 14:38:54,444 [pool-239-thread-1] INFO  server.RaftServerConfigKeys (ConfUtils.java:logGet(43)) - raft.server.log.purge.gap = 1000000 (custom)
2019-09-19 14:38:54,444 [pool-239-thread-1] INFO  server.RaftServerConfigKeys (ConfUtils.java:logGet(43)) - raft.server.log.appender.buffer.byte-limit = 33554432 (custom)
2019-09-19 14:38:54,444 [pool-239-thread-1] INFO  server.RaftServerConfigKeys (ConfUtils.java:logGet(43)) - raft.server.log.segment.size.max = 1048576 (custom)
2019-09-19 14:38:54,444 [pool-239-thread-1] INFO  server.RaftServerConfigKeys (ConfUtils.java:logGet(43)) - raft.server.log.segment.cache.num.max = 2 (custom)
2019-09-19 14:38:54,444 [pool-239-thread-1] INFO  segmented.SegmentedRaftLogWorker (SegmentedRaftLogWorker.java:<init>(172)) - new 280d4246-3bfc-4b3c-ad11-33bc74bf6da2-SegmentedRaftLogWorker:Storage Directory /workdir/hadoop-ozone/ozonefs/target/test-dir/MiniOzoneClusterImpl-db9f3d9a-89c7-47d2-a400-08c292cbeea5/datanode-0/data/ratis/fcb03dca-4416-4ee3-9fc5-803ffe98e670 for RaftStorage:Storage Directory /workdir/hadoop-ozone/ozonefs/target/test-dir/MiniOzoneClusterImpl-db9f3d9a-89c7-47d2-a400-08c292cbeea5/datanode-0/data/ratis/fcb03dca-4416-4ee3-9fc5-803ffe98e670
2019-09-19 14:38:54,444 [pool-239-thread-1] INFO  server.RaftServerConfigKeys (ConfUtils.java:logGet(43)) - raft.server.log.queue.byte-limit = 2147483647 (custom)
2019-09-19 14:38:54,445 [pool-239-thread-1] INFO  server.RaftServerConfigKeys (ConfUtils.java:logGet(43)) - raft.server.log.queue.element-limit = 1024 (custom)
2019-09-19 14:38:54,445 [pool-239-thread-1] INFO  server.RaftServerConfigKeys (ConfUtils.java:logGet(43)) - raft.server.log.segment.size.max = 1048576 (custom)
2019-09-19 14:38:54,445 [pool-239-thread-1] INFO  server.RaftServerConfigKeys (ConfUtils.java:logGet(43)) - raft.server.log.preallocated.size = 16384 (custom)
2019-09-19 14:38:54,445 [pool-239-thread-1] INFO  server.RaftServerConfigKeys (ConfUtils.java:logGet(43)) - raft.server.log.write.buffer.size = 33554432 (custom)
2019-09-19 14:38:54,445 [pool-239-thread-1] INFO  server.RaftServerConfigKeys (ConfUtils.java:logGet(43)) - raft.server.log.force.sync.num = 128 (default)
2019-09-19 14:38:54,445 [pool-239-thread-1] INFO  server.RaftServerConfigKeys (ConfUtils.java:logGet(43)) - raft.server.log.statemachine.data.sync = true (default)
2019-09-19 14:38:54,445 [pool-239-thread-1] INFO  server.RaftServerConfigKeys (ConfUtils.java:logGet(43)) - raft.server.log.statemachine.data.sync.timeout = 10s (default)
2019-09-19 14:38:54,446 [pool-239-thread-1] INFO  server.RaftServerConfigKeys (ConfUtils.java:logGet(43)) - raft.server.log.statemachine.data.sync.timeout.retry = -1 (default)
2019-09-19 14:38:54,446 [pool-239-thread-1] INFO  server.RaftServerConfigKeys (ConfUtils.java:logGet(43)) - raft.server.log.statemachine.data.caching.enabled = true (custom)
2019-09-19 14:38:54,446 [pool-239-thread-1] INFO  segmented.SegmentedRaftLogWorker (SegmentedRaftLogWorker.java:lambda$new$0(132)) - 280d4246-3bfc-4b3c-ad11-33bc74bf6da2-SegmentedRaftLogWorker:Storage Directory /workdir/hadoop-ozone/ozonefs/target/test-dir/MiniOzoneClusterImpl-db9f3d9a-89c7-47d2-a400-08c292cbeea5/datanode-0/data/ratis/fcb03dca-4416-4ee3-9fc5-803ffe98e670: flushIndex: setUnconditionally 0 -> -1
2019-09-19 14:38:54,446 [pool-239-thread-1] INFO  server.RaftServerConfigKeys (ConfUtils.java:logGet(43)) - raft.server.snapshot.auto.trigger.enabled = true (custom)
2019-09-19 14:38:54,447 [pool-239-thread-1] INFO  server.RaftServerConfigKeys (ConfUtils.java:logGet(43)) - raft.server.snapshot.auto.trigger.threshold = 10000 (custom)
2019-09-19 14:38:54,447 [pool-239-thread-1] INFO  server.RaftServerConfigKeys (ConfUtils.java:logGet(43)) - raft.server.retrycache.expirytime = 600000ms (custom)
2019-09-19 14:38:54,447 [pool-239-thread-1] INFO  impl.RaftServerImpl (RaftServerImpl.java:start(180)) - 280d4246-3bfc-4b3c-ad11-33bc74bf6da2: start group-803FFE98E670
2019-09-19 14:38:54,447 [pool-239-thread-1] INFO  impl.RaftServerImpl (RaftServerImpl.java:setRole(171)) - 280d4246-3bfc-4b3c-ad11-33bc74bf6da2:group-803FFE98E670 changes role from null to FOLLOWER at term 0 for startAsFollower
2019-09-19 14:38:54,447 [pool-239-thread-1] INFO  impl.RoleInfo (RoleInfo.java:updateAndGet(143)) - 280d4246-3bfc-4b3c-ad11-33bc74bf6da2: start FollowerState
2019-09-19 14:38:54,448 [pool-239-thread-1] INFO  util.JmxRegister (JmxRegister.java:tryRegister(44)) - Successfully registered JMX Bean with object name Ratis:service=RaftServer,group=group-803FFE98E670,id=280d4246-3bfc-4b3c-ad11-33bc74bf6da2
2019-09-19 14:38:54,450 [RatisPipelineUtilsThread] INFO  pipeline.PipelineStateManager (PipelineStateManager.java:addPipeline(56)) - Created pipeline Pipeline[ Id: fcb03dca-4416-4ee3-9fc5-803ffe98e670, Nodes: 280d4246-3bfc-4b3c-ad11-33bc74bf6da2{ip: 192.168.5.132, host: pr-hdds-1569-rzdr8-3403194166, networkLocation: /default-rack, certSerialId: null}, Type:RATIS, Factor:ONE, State:OPEN]
2019-09-19 14:38:54,450 [RatisPipelineUtilsThread] ERROR pipeline.PipelinePlacementPolicy (PipelinePlacementPolicy.java:meetCriteria(91)) - Pipeline Placement: Doesn't meet the criteria to be viable node. Heaviness: 6
2019-09-19 14:38:54,459 [grpc-default-executor-0] INFO  impl.RaftServerProxy (RaftServerProxy.java:addNew(89)) - 9fb2ccf2-5ed3-4a2e-8fe9-d08ca707c464: addNew group-15B7D7694B10:[9fb2ccf2-5ed3-4a2e-8fe9-d08ca707c464:192.168.5.132:42469] returns group-15B7D7694B10:java.util.concurrent.CompletableFuture@393d45e0[Not completed]
2019-09-19 14:38:54,460 [pool-250-thread-1] INFO  impl.RaftServerImpl (RaftServerImpl.java:<init>(93)) - 9fb2ccf2-5ed3-4a2e-8fe9-d08ca707c464: new RaftServerImpl for group-15B7D7694B10:[9fb2ccf2-5ed3-4a2e-8fe9-d08ca707c464:192.168.5.132:42469] with ContainerStateMachine:uninitialized
2019-09-19 14:38:54,460 [pool-250-thread-1] INFO  server.RaftServerConfigKeys (ConfUtils.java:logGet(43)) - raft.server.rpc.timeout.min = 5s (custom)
2019-09-19 14:38:54,461 [pool-250-thread-1] INFO  server.RaftServerConfigKeys (ConfUtils.java:logGet(43)) - raft.server.rpc.timeout.max = 5200ms (custom)
2019-09-19 14:38:54,461 [pool-250-thread-1] INFO  server.RaftServerConfigKeys (ConfUtils.java:logGet(43)) - raft.server.rpcslowness.timeout = 120s (custom)
2019-09-19 14:38:54,461 [pool-250-thread-1] INFO  server.RaftServerConfigKeys (ConfUtils.java:logGet(43)) - raft.server.sleep.deviation.threshold = 300 (default)
2019-09-19 14:38:54,461 [pool-250-thread-1] INFO  server.RaftServerConfigKeys (ConfUtils.java:logGet(43)) - raft.server.log.appender.install.snapshot.enabled = false (custom)
2019-09-19 14:38:54,461 [pool-250-thread-1] INFO  impl.RaftServerImpl (ServerState.java:<init>(105)) - 9fb2ccf2-5ed3-4a2e-8fe9-d08ca707c464:group-15B7D7694B10 ConfigurationManager, init=-1: [9fb2ccf2-5ed3-4a2e-8fe9-d08ca707c464:192.168.5.132:42469], old=null, confs=<EMPTY_MAP>
2019-09-19 14:38:54,461 [pool-250-thread-1] INFO  server.RaftServerConfigKeys (ConfUtils.java:logGet(43)) - raft.server.storage.dir = [/workdir/hadoop-ozone/ozonefs/target/test-dir/MiniOzoneClusterImpl-db9f3d9a-89c7-47d2-a400-08c292cbeea5/datanode-1/data/ratis] (custom)
2019-09-19 14:38:54,462 [pool-250-thread-1] INFO  storage.RaftStorageDirectory (RaftStorageDirectory.java:analyzeStorage(246)) - The storage directory /workdir/hadoop-ozone/ozonefs/target/test-dir/MiniOzoneClusterImpl-db9f3d9a-89c7-47d2-a400-08c292cbeea5/datanode-1/data/ratis/dd41cf20-bf7a-4879-8dfd-15b7d7694b10 does not exist. Creating ...
2019-09-19 14:38:54,485 [pool-250-thread-1] INFO  storage.RaftStorageDirectory (RaftStorageDirectory.java:tryLock(328)) - Lock on /workdir/hadoop-ozone/ozonefs/target/test-dir/MiniOzoneClusterImpl-db9f3d9a-89c7-47d2-a400-08c292cbeea5/datanode-1/data/ratis/dd41cf20-bf7a-4879-8dfd-15b7d7694b10/in_use.lock acquired by nodename 25220@pr-hdds-1569-rzdr8-3403194166
2019-09-19 14:38:54,511 [pool-250-thread-1] INFO  storage.RaftStorage (RaftStorage.java:format(72)) - Storage directory /workdir/hadoop-ozone/ozonefs/target/test-dir/MiniOzoneClusterImpl-db9f3d9a-89c7-47d2-a400-08c292cbeea5/datanode-1/data/ratis/dd41cf20-bf7a-4879-8dfd-15b7d7694b10 has been successfully formatted.
2019-09-19 14:38:54,512 [pool-250-thread-1] INFO  ratis.ContainerStateMachine (ContainerStateMachine.java:loadSnapshot(226)) - group-15B7D7694B10: The snapshot info is null. Setting the last applied indexto:(t:0, i:~)
2019-09-19 14:38:54,512 [pool-250-thread-1] INFO  server.RaftServerConfigKeys (ConfUtils.java:logGet(43)) - raft.server.leader.election.timeout = 120s (custom)
2019-09-19 14:38:54,512 [pool-250-thread-1] INFO  server.RaftServerConfigKeys (ConfUtils.java:logGet(43)) - raft.server.log.use.memory = false (default)
2019-09-19 14:38:54,512 [pool-250-thread-1] INFO  server.RaftServerConfigKeys (ConfUtils.java:logGet(43)) - raft.server.log.purge.gap = 1000000 (custom)
2019-09-19 14:38:54,512 [pool-250-thread-1] INFO  server.RaftServerConfigKeys (ConfUtils.java:logGet(43)) - raft.server.log.appender.buffer.byte-limit = 33554432 (custom)
2019-09-19 14:38:54,512 [pool-250-thread-1] INFO  server.RaftServerConfigKeys (ConfUtils.java:logGet(43)) - raft.server.log.segment.size.max = 1048576 (custom)
2019-09-19 14:38:54,513 [pool-250-thread-1] INFO  server.RaftServerConfigKeys (ConfUtils.java:logGet(43)) - raft.server.log.segment.cache.num.max = 2 (custom)
2019-09-19 14:38:54,513 [pool-250-thread-1] INFO  segmented.SegmentedRaftLogWorker (SegmentedRaftLogWorker.java:<init>(172)) - new 9fb2ccf2-5ed3-4a2e-8fe9-d08ca707c464-SegmentedRaftLogWorker:Storage Directory /workdir/hadoop-ozone/ozonefs/target/test-dir/MiniOzoneClusterImpl-db9f3d9a-89c7-47d2-a400-08c292cbeea5/datanode-1/data/ratis/dd41cf20-bf7a-4879-8dfd-15b7d7694b10 for RaftStorage:Storage Directory /workdir/hadoop-ozone/ozonefs/target/test-dir/MiniOzoneClusterImpl-db9f3d9a-89c7-47d2-a400-08c292cbeea5/datanode-1/data/ratis/dd41cf20-bf7a-4879-8dfd-15b7d7694b10
2019-09-19 14:38:54,513 [pool-250-thread-1] INFO  server.RaftServerConfigKeys (ConfUtils.java:logGet(43)) - raft.server.log.queue.byte-limit = 2147483647 (custom)
2019-09-19 14:38:54,513 [pool-250-thread-1] INFO  server.RaftServerConfigKeys (ConfUtils.java:logGet(43)) - raft.server.log.queue.element-limit = 1024 (custom)
2019-09-19 14:38:54,513 [pool-250-thread-1] INFO  server.RaftServerConfigKeys (ConfUtils.java:logGet(43)) - raft.server.log.segment.size.max = 1048576 (custom)
2019-09-19 14:38:54,514 [pool-250-thread-1] INFO  server.RaftServerConfigKeys (ConfUtils.java:logGet(43)) - raft.server.log.preallocated.size = 16384 (custom)
2019-09-19 14:38:54,514 [pool-250-thread-1] INFO  server.RaftServerConfigKeys (ConfUtils.java:logGet(43)) - raft.server.log.write.buffer.size = 33554432 (custom)
2019-09-19 14:38:54,514 [pool-250-thread-1] INFO  server.RaftServerConfigKeys (ConfUtils.java:logGet(43)) - raft.server.log.force.sync.num = 128 (default)
2019-09-19 14:38:54,514 [pool-250-thread-1] INFO  server.RaftServerConfigKeys (ConfUtils.java:logGet(43)) - raft.server.log.statemachine.data.sync = true (default)
2019-09-19 14:38:54,514 [pool-250-thread-1] INFO  server.RaftServerConfigKeys (ConfUtils.java:logGet(43)) - raft.server.log.statemachine.data.sync.timeout = 10s (default)
2019-09-19 14:38:54,514 [pool-250-thread-1] INFO  server.RaftServerConfigKeys (ConfUtils.java:logGet(43)) - raft.server.log.statemachine.data.sync.timeout.retry = -1 (default)
2019-09-19 14:38:54,515 [pool-250-thread-1] INFO  server.RaftServerConfigKeys (ConfUtils.java:logGet(43)) - raft.server.log.statemachine.data.caching.enabled = true (custom)
2019-09-19 14:38:54,515 [pool-250-thread-1] INFO  segmented.SegmentedRaftLogWorker (SegmentedRaftLogWorker.java:lambda$new$0(132)) - 9fb2ccf2-5ed3-4a2e-8fe9-d08ca707c464-SegmentedRaftLogWorker:Storage Directory /workdir/hadoop-ozone/ozonefs/target/test-dir/MiniOzoneClusterImpl-db9f3d9a-89c7-47d2-a400-08c292cbeea5/datanode-1/data/ratis/dd41cf20-bf7a-4879-8dfd-15b7d7694b10: flushIndex: setUnconditionally 0 -> -1
2019-09-19 14:38:54,515 [pool-250-thread-1] INFO  server.RaftServerConfigKeys (ConfUtils.java:logGet(43)) - raft.server.snapshot.auto.trigger.enabled = true (custom)
2019-09-19 14:38:54,516 [pool-250-thread-1] INFO  server.RaftServerConfigKeys (ConfUtils.java:logGet(43)) - raft.server.snapshot.auto.trigger.threshold = 10000 (custom)
2019-09-19 14:38:54,516 [pool-250-thread-1] INFO  server.RaftServerConfigKeys (ConfUtils.java:logGet(43)) - raft.server.retrycache.expirytime = 600000ms (custom)
2019-09-19 14:38:54,516 [pool-250-thread-1] INFO  impl.RaftServerImpl (RaftServerImpl.java:start(180)) - 9fb2ccf2-5ed3-4a2e-8fe9-d08ca707c464: start group-15B7D7694B10
2019-09-19 14:38:54,516 [pool-250-thread-1] INFO  impl.RaftServerImpl (RaftServerImpl.java:setRole(171)) - 9fb2ccf2-5ed3-4a2e-8fe9-d08ca707c464:group-15B7D7694B10 changes role from null to FOLLOWER at term 0 for startAsFollower
2019-09-19 14:38:54,516 [pool-250-thread-1] INFO  impl.RoleInfo (RoleInfo.java:updateAndGet(143)) - 9fb2ccf2-5ed3-4a2e-8fe9-d08ca707c464: start FollowerState
2019-09-19 14:38:54,517 [pool-250-thread-1] INFO  util.JmxRegister (JmxRegister.java:tryRegister(44)) - Successfully registered JMX Bean with object name Ratis:service=RaftServer,group=group-15B7D7694B10,id=9fb2ccf2-5ed3-4a2e-8fe9-d08ca707c464
2019-09-19 14:38:54,520 [RatisPipelineUtilsThread] INFO  pipeline.PipelineStateManager (PipelineStateManager.java:addPipeline(56)) - Created pipeline Pipeline[ Id: dd41cf20-bf7a-4879-8dfd-15b7d7694b10, Nodes: 9fb2ccf2-5ed3-4a2e-8fe9-d08ca707c464{ip: 192.168.5.132, host: pr-hdds-1569-rzdr8-3403194166, networkLocation: /default-rack, certSerialId: null}, Type:RATIS, Factor:ONE, State:OPEN]
2019-09-19 14:38:54,520 [RatisPipelineUtilsThread] ERROR pipeline.PipelinePlacementPolicy (PipelinePlacementPolicy.java:meetCriteria(91)) - Pipeline Placement: Doesn't meet the criteria to be viable node. Heaviness: 6
2019-09-19 14:38:54,526 [grpc-default-executor-0] INFO  impl.RaftServerProxy (RaftServerProxy.java:addNew(89)) - 9fb2ccf2-5ed3-4a2e-8fe9-d08ca707c464: addNew group-52EE640D2B0F:[9fb2ccf2-5ed3-4a2e-8fe9-d08ca707c464:192.168.5.132:42469] returns group-52EE640D2B0F:java.util.concurrent.CompletableFuture@362e7b83[Not completed]
2019-09-19 14:38:54,527 [pool-250-thread-1] INFO  impl.RaftServerImpl (RaftServerImpl.java:<init>(93)) - 9fb2ccf2-5ed3-4a2e-8fe9-d08ca707c464: new RaftServerImpl for group-52EE640D2B0F:[9fb2ccf2-5ed3-4a2e-8fe9-d08ca707c464:192.168.5.132:42469] with ContainerStateMachine:uninitialized
2019-09-19 14:38:54,527 [pool-250-thread-1] INFO  server.RaftServerConfigKeys (ConfUtils.java:logGet(43)) - raft.server.rpc.timeout.min = 5s (custom)
2019-09-19 14:38:54,527 [pool-250-thread-1] INFO  server.RaftServerConfigKeys (ConfUtils.java:logGet(43)) - raft.server.rpc.timeout.max = 5200ms (custom)
2019-09-19 14:38:54,527 [pool-250-thread-1] INFO  server.RaftServerConfigKeys (ConfUtils.java:logGet(43)) - raft.server.rpcslowness.timeout = 120s (custom)
2019-09-19 14:38:54,528 [pool-250-thread-1] INFO  server.RaftServerConfigKeys (ConfUtils.java:logGet(43)) - raft.server.sleep.deviation.threshold = 300 (default)
2019-09-19 14:38:54,528 [pool-250-thread-1] INFO  server.RaftServerConfigKeys (ConfUtils.java:logGet(43)) - raft.server.log.appender.install.snapshot.enabled = false (custom)
2019-09-19 14:38:54,528 [pool-250-thread-1] INFO  impl.RaftServerImpl (ServerState.java:<init>(105)) - 9fb2ccf2-5ed3-4a2e-8fe9-d08ca707c464:group-52EE640D2B0F ConfigurationManager, init=-1: [9fb2ccf2-5ed3-4a2e-8fe9-d08ca707c464:192.168.5.132:42469], old=null, confs=<EMPTY_MAP>
2019-09-19 14:38:54,528 [pool-250-thread-1] INFO  server.RaftServerConfigKeys (ConfUtils.java:logGet(43)) - raft.server.storage.dir = [/workdir/hadoop-ozone/ozonefs/target/test-dir/MiniOzoneClusterImpl-db9f3d9a-89c7-47d2-a400-08c292cbeea5/datanode-1/data/ratis] (custom)
2019-09-19 14:38:54,528 [pool-250-thread-1] INFO  storage.RaftStorageDirectory (RaftStorageDirectory.java:analyzeStorage(246)) - The storage directory /workdir/hadoop-ozone/ozonefs/target/test-dir/MiniOzoneClusterImpl-db9f3d9a-89c7-47d2-a400-08c292cbeea5/datanode-1/data/ratis/9706e64b-9340-4203-bc79-52ee640d2b0f does not exist. Creating ...
2019-09-19 14:38:54,553 [pool-250-thread-1] INFO  storage.RaftStorageDirectory (RaftStorageDirectory.java:tryLock(328)) - Lock on /workdir/hadoop-ozone/ozonefs/target/test-dir/MiniOzoneClusterImpl-db9f3d9a-89c7-47d2-a400-08c292cbeea5/datanode-1/data/ratis/9706e64b-9340-4203-bc79-52ee640d2b0f/in_use.lock acquired by nodename 25220@pr-hdds-1569-rzdr8-3403194166
2019-09-19 14:38:54,556 [Thread-1062] INFO  ozone.MiniOzoneClusterImpl (MiniOzoneClusterImpl.java:lambda$waitForClusterToBeReady$0(142)) - Waiting for cluster to be ready. Got 2 of 3 DN Heartbeats.
2019-09-19 14:38:54,557 [IPC Server handler 0 on 44101] INFO  net.NetworkTopology (NetworkTopologyImpl.java:add(110)) - Added a new node: /default-rack/363a6dbc-c2cf-4b88-9aba-10b7f3b32b0a
2019-09-19 14:38:54,557 [IPC Server handler 0 on 44101] INFO  node.SCMNodeManager (SCMNodeManager.java:register(273)) - Registered Data node : 363a6dbc-c2cf-4b88-9aba-10b7f3b32b0a{ip: 192.168.5.132, host: pr-hdds-1569-rzdr8-3403194166, networkLocation: /default-rack, certSerialId: null}
2019-09-19 14:38:54,558 | INFO  | SCMAudit | user=jenkins1000 | ip=192.168.5.132 | op=REGISTER {datanodeDetails=363a6dbc-c2cf-4b88-9aba-10b7f3b32b0a{ip: 192.168.5.132, host: pr-hdds-1569-rzdr8-3403194166, networkLocation: /default-rack, certSerialId: null}} | ret=SUCCESS |  
2019-09-19 14:38:54,579 [pool-250-thread-1] INFO  storage.RaftStorage (RaftStorage.java:format(72)) - Storage directory /workdir/hadoop-ozone/ozonefs/target/test-dir/MiniOzoneClusterImpl-db9f3d9a-89c7-47d2-a400-08c292cbeea5/datanode-1/data/ratis/9706e64b-9340-4203-bc79-52ee640d2b0f has been successfully formatted.
2019-09-19 14:38:54,579 [pool-250-thread-1] INFO  ratis.ContainerStateMachine (ContainerStateMachine.java:loadSnapshot(226)) - group-52EE640D2B0F: The snapshot info is null. Setting the last applied indexto:(t:0, i:~)
2019-09-19 14:38:54,579 [pool-250-thread-1] INFO  server.RaftServerConfigKeys (ConfUtils.java:logGet(43)) - raft.server.leader.election.timeout = 120s (custom)
2019-09-19 14:38:54,579 [pool-250-thread-1] INFO  server.RaftServerConfigKeys (ConfUtils.java:logGet(43)) - raft.server.log.use.memory = false (default)
2019-09-19 14:38:54,579 [pool-250-thread-1] INFO  server.RaftServerConfigKeys (ConfUtils.java:logGet(43)) - raft.server.log.purge.gap = 1000000 (custom)
2019-09-19 14:38:54,580 [pool-250-thread-1] INFO  server.RaftServerConfigKeys (ConfUtils.java:logGet(43)) - raft.server.log.appender.buffer.byte-limit = 33554432 (custom)
2019-09-19 14:38:54,580 [pool-250-thread-1] INFO  server.RaftServerConfigKeys (ConfUtils.java:logGet(43)) - raft.server.log.segment.size.max = 1048576 (custom)
2019-09-19 14:38:54,580 [pool-250-thread-1] INFO  server.RaftServerConfigKeys (ConfUtils.java:logGet(43)) - raft.server.log.segment.cache.num.max = 2 (custom)
2019-09-19 14:38:54,580 [pool-250-thread-1] INFO  segmented.SegmentedRaftLogWorker (SegmentedRaftLogWorker.java:<init>(172)) - new 9fb2ccf2-5ed3-4a2e-8fe9-d08ca707c464-SegmentedRaftLogWorker:Storage Directory /workdir/hadoop-ozone/ozonefs/target/test-dir/MiniOzoneClusterImpl-db9f3d9a-89c7-47d2-a400-08c292cbeea5/datanode-1/data/ratis/9706e64b-9340-4203-bc79-52ee640d2b0f for RaftStorage:Storage Directory /workdir/hadoop-ozone/ozonefs/target/test-dir/MiniOzoneClusterImpl-db9f3d9a-89c7-47d2-a400-08c292cbeea5/datanode-1/data/ratis/9706e64b-9340-4203-bc79-52ee640d2b0f
2019-09-19 14:38:54,580 [pool-250-thread-1] INFO  server.RaftServerConfigKeys (ConfUtils.java:logGet(43)) - raft.server.log.queue.byte-limit = 2147483647 (custom)
2019-09-19 14:38:54,580 [pool-250-thread-1] INFO  server.RaftServerConfigKeys (ConfUtils.java:logGet(43)) - raft.server.log.queue.element-limit = 1024 (custom)
2019-09-19 14:38:54,581 [pool-250-thread-1] INFO  server.RaftServerConfigKeys (ConfUtils.java:logGet(43)) - raft.server.log.segment.size.max = 1048576 (custom)
2019-09-19 14:38:54,581 [pool-250-thread-1] INFO  server.RaftServerConfigKeys (ConfUtils.java:logGet(43)) - raft.server.log.preallocated.size = 16384 (custom)
2019-09-19 14:38:54,581 [pool-250-thread-1] INFO  server.RaftServerConfigKeys (ConfUtils.java:logGet(43)) - raft.server.log.write.buffer.size = 33554432 (custom)
2019-09-19 14:38:54,581 [pool-250-thread-1] INFO  server.RaftServerConfigKeys (ConfUtils.java:logGet(43)) - raft.server.log.force.sync.num = 128 (default)
2019-09-19 14:38:54,581 [pool-250-thread-1] INFO  server.RaftServerConfigKeys (ConfUtils.java:logGet(43)) - raft.server.log.statemachine.data.sync = true (default)
2019-09-19 14:38:54,581 [pool-250-thread-1] INFO  server.RaftServerConfigKeys (ConfUtils.java:logGet(43)) - raft.server.log.statemachine.data.sync.timeout = 10s (default)
2019-09-19 14:38:54,581 [pool-250-thread-1] INFO  server.RaftServerConfigKeys (ConfUtils.java:logGet(43)) - raft.server.log.statemachine.data.sync.timeout.retry = -1 (default)
2019-09-19 14:38:54,582 [pool-250-thread-1] INFO  server.RaftServerConfigKeys (ConfUtils.java:logGet(43)) - raft.server.log.statemachine.data.caching.enabled = true (custom)
2019-09-19 14:38:54,582 [pool-250-thread-1] INFO  segmented.SegmentedRaftLogWorker (SegmentedRaftLogWorker.java:lambda$new$0(132)) - 9fb2ccf2-5ed3-4a2e-8fe9-d08ca707c464-SegmentedRaftLogWorker:Storage Directory /workdir/hadoop-ozone/ozonefs/target/test-dir/MiniOzoneClusterImpl-db9f3d9a-89c7-47d2-a400-08c292cbeea5/datanode-1/data/ratis/9706e64b-9340-4203-bc79-52ee640d2b0f: flushIndex: setUnconditionally 0 -> -1
2019-09-19 14:38:54,582 [pool-250-thread-1] INFO  server.RaftServerConfigKeys (ConfUtils.java:logGet(43)) - raft.server.snapshot.auto.trigger.enabled = true (custom)
2019-09-19 14:38:54,582 [pool-250-thread-1] INFO  server.RaftServerConfigKeys (ConfUtils.java:logGet(43)) - raft.server.snapshot.auto.trigger.threshold = 10000 (custom)
2019-09-19 14:38:54,583 [pool-250-thread-1] INFO  server.RaftServerConfigKeys (ConfUtils.java:logGet(43)) - raft.server.retrycache.expirytime = 600000ms (custom)
2019-09-19 14:38:54,583 [pool-250-thread-1] INFO  impl.RaftServerImpl (RaftServerImpl.java:start(180)) - 9fb2ccf2-5ed3-4a2e-8fe9-d08ca707c464: start group-52EE640D2B0F
2019-09-19 14:38:54,583 [pool-250-thread-1] INFO  impl.RaftServerImpl (RaftServerImpl.java:setRole(171)) - 9fb2ccf2-5ed3-4a2e-8fe9-d08ca707c464:group-52EE640D2B0F changes role from null to FOLLOWER at term 0 for startAsFollower
2019-09-19 14:38:54,583 [pool-250-thread-1] INFO  impl.RoleInfo (RoleInfo.java:updateAndGet(143)) - 9fb2ccf2-5ed3-4a2e-8fe9-d08ca707c464: start FollowerState
2019-09-19 14:38:54,583 [pool-250-thread-1] INFO  util.JmxRegister (JmxRegister.java:tryRegister(44)) - Successfully registered JMX Bean with object name Ratis:service=RaftServer,group=group-52EE640D2B0F,id=9fb2ccf2-5ed3-4a2e-8fe9-d08ca707c464
2019-09-19 14:38:54,586 [RatisPipelineUtilsThread] INFO  pipeline.PipelineStateManager (PipelineStateManager.java:addPipeline(56)) - Created pipeline Pipeline[ Id: 9706e64b-9340-4203-bc79-52ee640d2b0f, Nodes: 9fb2ccf2-5ed3-4a2e-8fe9-d08ca707c464{ip: 192.168.5.132, host: pr-hdds-1569-rzdr8-3403194166, networkLocation: /default-rack, certSerialId: null}, Type:RATIS, Factor:ONE, State:OPEN]
2019-09-19 14:38:54,586 [RatisPipelineUtilsThread] ERROR pipeline.PipelinePlacementPolicy (PipelinePlacementPolicy.java:meetCriteria(91)) - Pipeline Placement: Doesn't meet the criteria to be viable node. Heaviness: 6
2019-09-19 14:38:54,595 [grpc-default-executor-0] INFO  impl.RaftServerProxy (RaftServerProxy.java:addNew(89)) - 363a6dbc-c2cf-4b88-9aba-10b7f3b32b0a: addNew group-FD6F9DE97701:[363a6dbc-c2cf-4b88-9aba-10b7f3b32b0a:192.168.5.132:40194] returns group-FD6F9DE97701:java.util.concurrent.CompletableFuture@30bc0ccc[Not completed]
2019-09-19 14:38:54,597 [pool-261-thread-1] INFO  impl.RaftServerImpl (RaftServerImpl.java:<init>(93)) - 363a6dbc-c2cf-4b88-9aba-10b7f3b32b0a: new RaftServerImpl for group-FD6F9DE97701:[363a6dbc-c2cf-4b88-9aba-10b7f3b32b0a:192.168.5.132:40194] with ContainerStateMachine:uninitialized
2019-09-19 14:38:54,597 [pool-261-thread-1] INFO  server.RaftServerConfigKeys (ConfUtils.java:logGet(43)) - raft.server.rpc.timeout.min = 5s (custom)
2019-09-19 14:38:54,597 [pool-261-thread-1] INFO  server.RaftServerConfigKeys (ConfUtils.java:logGet(43)) - raft.server.rpc.timeout.max = 5200ms (custom)
2019-09-19 14:38:54,597 [pool-261-thread-1] INFO  server.RaftServerConfigKeys (ConfUtils.java:logGet(43)) - raft.server.rpcslowness.timeout = 120s (custom)
2019-09-19 14:38:54,598 [pool-261-thread-1] INFO  server.RaftServerConfigKeys (ConfUtils.java:logGet(43)) - raft.server.sleep.deviation.threshold = 300 (default)
2019-09-19 14:38:54,598 [pool-261-thread-1] INFO  server.RaftServerConfigKeys (ConfUtils.java:logGet(43)) - raft.server.log.appender.install.snapshot.enabled = false (custom)
2019-09-19 14:38:54,598 [pool-261-thread-1] INFO  impl.RaftServerImpl (ServerState.java:<init>(105)) - 363a6dbc-c2cf-4b88-9aba-10b7f3b32b0a:group-FD6F9DE97701 ConfigurationManager, init=-1: [363a6dbc-c2cf-4b88-9aba-10b7f3b32b0a:192.168.5.132:40194], old=null, confs=<EMPTY_MAP>
2019-09-19 14:38:54,598 [pool-261-thread-1] INFO  server.RaftServerConfigKeys (ConfUtils.java:logGet(43)) - raft.server.storage.dir = [/workdir/hadoop-ozone/ozonefs/target/test-dir/MiniOzoneClusterImpl-db9f3d9a-89c7-47d2-a400-08c292cbeea5/datanode-2/data/ratis] (custom)
2019-09-19 14:38:54,598 [pool-261-thread-1] INFO  storage.RaftStorageDirectory (RaftStorageDirectory.java:analyzeStorage(246)) - The storage directory /workdir/hadoop-ozone/ozonefs/target/test-dir/MiniOzoneClusterImpl-db9f3d9a-89c7-47d2-a400-08c292cbeea5/datanode-2/data/ratis/9ba89dc3-f35e-4a4e-b8d3-fd6f9de97701 does not exist. Creating ...
2019-09-19 14:38:54,621 [pool-261-thread-1] INFO  storage.RaftStorageDirectory (RaftStorageDirectory.java:tryLock(328)) - Lock on /workdir/hadoop-ozone/ozonefs/target/test-dir/MiniOzoneClusterImpl-db9f3d9a-89c7-47d2-a400-08c292cbeea5/datanode-2/data/ratis/9ba89dc3-f35e-4a4e-b8d3-fd6f9de97701/in_use.lock acquired by nodename 25220@pr-hdds-1569-rzdr8-3403194166
2019-09-19 14:38:54,646 [pool-261-thread-1] INFO  storage.RaftStorage (RaftStorage.java:format(72)) - Storage directory /workdir/hadoop-ozone/ozonefs/target/test-dir/MiniOzoneClusterImpl-db9f3d9a-89c7-47d2-a400-08c292cbeea5/datanode-2/data/ratis/9ba89dc3-f35e-4a4e-b8d3-fd6f9de97701 has been successfully formatted.
2019-09-19 14:38:54,647 [pool-261-thread-1] INFO  ratis.ContainerStateMachine (ContainerStateMachine.java:loadSnapshot(226)) - group-FD6F9DE97701: The snapshot info is null. Setting the last applied indexto:(t:0, i:~)
2019-09-19 14:38:54,647 [pool-261-thread-1] INFO  server.RaftServerConfigKeys (ConfUtils.java:logGet(43)) - raft.server.leader.election.timeout = 120s (custom)
2019-09-19 14:38:54,647 [pool-261-thread-1] INFO  server.RaftServerConfigKeys (ConfUtils.java:logGet(43)) - raft.server.log.use.memory = false (default)
2019-09-19 14:38:54,647 [pool-261-thread-1] INFO  server.RaftServerConfigKeys (ConfUtils.java:logGet(43)) - raft.server.log.purge.gap = 1000000 (custom)
2019-09-19 14:38:54,647 [pool-261-thread-1] INFO  server.RaftServerConfigKeys (ConfUtils.java:logGet(43)) - raft.server.log.appender.buffer.byte-limit = 33554432 (custom)
2019-09-19 14:38:54,647 [pool-261-thread-1] INFO  server.RaftServerConfigKeys (ConfUtils.java:logGet(43)) - raft.server.log.segment.size.max = 1048576 (custom)
2019-09-19 14:38:54,648 [pool-261-thread-1] INFO  server.RaftServerConfigKeys (ConfUtils.java:logGet(43)) - raft.server.log.segment.cache.num.max = 2 (custom)
2019-09-19 14:38:54,648 [pool-261-thread-1] INFO  segmented.SegmentedRaftLogWorker (SegmentedRaftLogWorker.java:<init>(172)) - new 363a6dbc-c2cf-4b88-9aba-10b7f3b32b0a-SegmentedRaftLogWorker:Storage Directory /workdir/hadoop-ozone/ozonefs/target/test-dir/MiniOzoneClusterImpl-db9f3d9a-89c7-47d2-a400-08c292cbeea5/datanode-2/data/ratis/9ba89dc3-f35e-4a4e-b8d3-fd6f9de97701 for RaftStorage:Storage Directory /workdir/hadoop-ozone/ozonefs/target/test-dir/MiniOzoneClusterImpl-db9f3d9a-89c7-47d2-a400-08c292cbeea5/datanode-2/data/ratis/9ba89dc3-f35e-4a4e-b8d3-fd6f9de97701
2019-09-19 14:38:54,648 [pool-261-thread-1] INFO  server.RaftServerConfigKeys (ConfUtils.java:logGet(43)) - raft.server.log.queue.byte-limit = 2147483647 (custom)
2019-09-19 14:38:54,648 [pool-261-thread-1] INFO  server.RaftServerConfigKeys (ConfUtils.java:logGet(43)) - raft.server.log.queue.element-limit = 1024 (custom)
2019-09-19 14:38:54,648 [pool-261-thread-1] INFO  server.RaftServerConfigKeys (ConfUtils.java:logGet(43)) - raft.server.log.segment.size.max = 1048576 (custom)
2019-09-19 14:38:54,649 [pool-261-thread-1] INFO  server.RaftServerConfigKeys (ConfUtils.java:logGet(43)) - raft.server.log.preallocated.size = 16384 (custom)
2019-09-19 14:38:54,649 [pool-261-thread-1] INFO  server.RaftServerConfigKeys (ConfUtils.java:logGet(43)) - raft.server.log.write.buffer.size = 33554432 (custom)
2019-09-19 14:38:54,649 [pool-261-thread-1] INFO  server.RaftServerConfigKeys (ConfUtils.java:logGet(43)) - raft.server.log.force.sync.num = 128 (default)
2019-09-19 14:38:54,649 [pool-261-thread-1] INFO  server.RaftServerConfigKeys (ConfUtils.java:logGet(43)) - raft.server.log.statemachine.data.sync = true (default)
2019-09-19 14:38:54,649 [pool-261-thread-1] INFO  server.RaftServerConfigKeys (ConfUtils.java:logGet(43)) - raft.server.log.statemachine.data.sync.timeout = 10s (default)
2019-09-19 14:38:54,649 [pool-261-thread-1] INFO  server.RaftServerConfigKeys (ConfUtils.java:logGet(43)) - raft.server.log.statemachine.data.sync.timeout.retry = -1 (default)
2019-09-19 14:38:54,650 [pool-261-thread-1] INFO  server.RaftServerConfigKeys (ConfUtils.java:logGet(43)) - raft.server.log.statemachine.data.caching.enabled = true (custom)
2019-09-19 14:38:54,650 [pool-261-thread-1] INFO  segmented.SegmentedRaftLogWorker (SegmentedRaftLogWorker.java:lambda$new$0(132)) - 363a6dbc-c2cf-4b88-9aba-10b7f3b32b0a-SegmentedRaftLogWorker:Storage Directory /workdir/hadoop-ozone/ozonefs/target/test-dir/MiniOzoneClusterImpl-db9f3d9a-89c7-47d2-a400-08c292cbeea5/datanode-2/data/ratis/9ba89dc3-f35e-4a4e-b8d3-fd6f9de97701: flushIndex: setUnconditionally 0 -> -1
2019-09-19 14:38:54,651 [pool-261-thread-1] INFO  server.RaftServerConfigKeys (ConfUtils.java:logGet(43)) - raft.server.snapshot.auto.trigger.enabled = true (custom)
2019-09-19 14:38:54,651 [pool-261-thread-1] INFO  server.RaftServerConfigKeys (ConfUtils.java:logGet(43)) - raft.server.snapshot.auto.trigger.threshold = 10000 (custom)
2019-09-19 14:38:54,651 [pool-261-thread-1] INFO  server.RaftServerConfigKeys (ConfUtils.java:logGet(43)) - raft.server.retrycache.expirytime = 600000ms (custom)
2019-09-19 14:38:54,651 [pool-261-thread-1] INFO  impl.RaftServerImpl (RaftServerImpl.java:start(180)) - 363a6dbc-c2cf-4b88-9aba-10b7f3b32b0a: start group-FD6F9DE97701
2019-09-19 14:38:54,651 [pool-261-thread-1] INFO  impl.RaftServerImpl (RaftServerImpl.java:setRole(171)) - 363a6dbc-c2cf-4b88-9aba-10b7f3b32b0a:group-FD6F9DE97701 changes role from null to FOLLOWER at term 0 for startAsFollower
2019-09-19 14:38:54,652 [pool-261-thread-1] INFO  impl.RoleInfo (RoleInfo.java:updateAndGet(143)) - 363a6dbc-c2cf-4b88-9aba-10b7f3b32b0a: start FollowerState
2019-09-19 14:38:54,652 [pool-261-thread-1] INFO  util.JmxRegister (JmxRegister.java:tryRegister(44)) - Successfully registered JMX Bean with object name Ratis:service=RaftServer,group=group-FD6F9DE97701,id=363a6dbc-c2cf-4b88-9aba-10b7f3b32b0a
2019-09-19 14:38:54,655 [RatisPipelineUtilsThread] INFO  pipeline.PipelineStateManager (PipelineStateManager.java:addPipeline(56)) - Created pipeline Pipeline[ Id: 9ba89dc3-f35e-4a4e-b8d3-fd6f9de97701, Nodes: 363a6dbc-c2cf-4b88-9aba-10b7f3b32b0a{ip: 192.168.5.132, host: pr-hdds-1569-rzdr8-3403194166, networkLocation: /default-rack, certSerialId: null}, Type:RATIS, Factor:ONE, State:OPEN]
2019-09-19 14:38:54,656 [RatisPipelineUtilsThread] ERROR pipeline.PipelinePlacementPolicy (PipelinePlacementPolicy.java:meetCriteria(91)) - Pipeline Placement: Doesn't meet the criteria to be viable node. Heaviness: 6
2019-09-19 14:38:54,661 [grpc-default-executor-0] INFO  impl.RaftServerProxy (RaftServerProxy.java:addNew(89)) - 9fb2ccf2-5ed3-4a2e-8fe9-d08ca707c464: addNew group-F7B452861FE6:[9fb2ccf2-5ed3-4a2e-8fe9-d08ca707c464:192.168.5.132:42469] returns group-F7B452861FE6:java.util.concurrent.CompletableFuture@333d1600[Not completed]
2019-09-19 14:38:54,663 [pool-250-thread-1] INFO  impl.RaftServerImpl (RaftServerImpl.java:<init>(93)) - 9fb2ccf2-5ed3-4a2e-8fe9-d08ca707c464: new RaftServerImpl for group-F7B452861FE6:[9fb2ccf2-5ed3-4a2e-8fe9-d08ca707c464:192.168.5.132:42469] with ContainerStateMachine:uninitialized
2019-09-19 14:38:54,663 [pool-250-thread-1] INFO  server.RaftServerConfigKeys (ConfUtils.java:logGet(43)) - raft.server.rpc.timeout.min = 5s (custom)
2019-09-19 14:38:54,663 [pool-250-thread-1] INFO  server.RaftServerConfigKeys (ConfUtils.java:logGet(43)) - raft.server.rpc.timeout.max = 5200ms (custom)
2019-09-19 14:38:54,663 [pool-250-thread-1] INFO  server.RaftServerConfigKeys (ConfUtils.java:logGet(43)) - raft.server.rpcslowness.timeout = 120s (custom)
2019-09-19 14:38:54,663 [pool-250-thread-1] INFO  server.RaftServerConfigKeys (ConfUtils.java:logGet(43)) - raft.server.sleep.deviation.threshold = 300 (default)
2019-09-19 14:38:54,663 [pool-250-thread-1] INFO  server.RaftServerConfigKeys (ConfUtils.java:logGet(43)) - raft.server.log.appender.install.snapshot.enabled = false (custom)
2019-09-19 14:38:54,663 [pool-250-thread-1] INFO  impl.RaftServerImpl (ServerState.java:<init>(105)) - 9fb2ccf2-5ed3-4a2e-8fe9-d08ca707c464:group-F7B452861FE6 ConfigurationManager, init=-1: [9fb2ccf2-5ed3-4a2e-8fe9-d08ca707c464:192.168.5.132:42469], old=null, confs=<EMPTY_MAP>
2019-09-19 14:38:54,664 [pool-250-thread-1] INFO  server.RaftServerConfigKeys (ConfUtils.java:logGet(43)) - raft.server.storage.dir = [/workdir/hadoop-ozone/ozonefs/target/test-dir/MiniOzoneClusterImpl-db9f3d9a-89c7-47d2-a400-08c292cbeea5/datanode-1/data/ratis] (custom)
2019-09-19 14:38:54,664 [pool-250-thread-1] INFO  storage.RaftStorageDirectory (RaftStorageDirectory.java:analyzeStorage(246)) - The storage directory /workdir/hadoop-ozone/ozonefs/target/test-dir/MiniOzoneClusterImpl-db9f3d9a-89c7-47d2-a400-08c292cbeea5/datanode-1/data/ratis/27b81e29-b623-40b4-9135-f7b452861fe6 does not exist. Creating ...
2019-09-19 14:38:54,688 [pool-250-thread-1] INFO  storage.RaftStorageDirectory (RaftStorageDirectory.java:tryLock(328)) - Lock on /workdir/hadoop-ozone/ozonefs/target/test-dir/MiniOzoneClusterImpl-db9f3d9a-89c7-47d2-a400-08c292cbeea5/datanode-1/data/ratis/27b81e29-b623-40b4-9135-f7b452861fe6/in_use.lock acquired by nodename 25220@pr-hdds-1569-rzdr8-3403194166
2019-09-19 14:38:54,714 [pool-250-thread-1] INFO  storage.RaftStorage (RaftStorage.java:format(72)) - Storage directory /workdir/hadoop-ozone/ozonefs/target/test-dir/MiniOzoneClusterImpl-db9f3d9a-89c7-47d2-a400-08c292cbeea5/datanode-1/data/ratis/27b81e29-b623-40b4-9135-f7b452861fe6 has been successfully formatted.
2019-09-19 14:38:54,714 [pool-250-thread-1] INFO  ratis.ContainerStateMachine (ContainerStateMachine.java:loadSnapshot(226)) - group-F7B452861FE6: The snapshot info is null. Setting the last applied indexto:(t:0, i:~)
2019-09-19 14:38:54,714 [pool-250-thread-1] INFO  server.RaftServerConfigKeys (ConfUtils.java:logGet(43)) - raft.server.leader.election.timeout = 120s (custom)
2019-09-19 14:38:54,714 [pool-250-thread-1] INFO  server.RaftServerConfigKeys (ConfUtils.java:logGet(43)) - raft.server.log.use.memory = false (default)
2019-09-19 14:38:54,715 [pool-250-thread-1] INFO  server.RaftServerConfigKeys (ConfUtils.java:logGet(43)) - raft.server.log.purge.gap = 1000000 (custom)
2019-09-19 14:38:54,715 [pool-250-thread-1] INFO  server.RaftServerConfigKeys (ConfUtils.java:logGet(43)) - raft.server.log.appender.buffer.byte-limit = 33554432 (custom)
2019-09-19 14:38:54,715 [pool-250-thread-1] INFO  server.RaftServerConfigKeys (ConfUtils.java:logGet(43)) - raft.server.log.segment.size.max = 1048576 (custom)
2019-09-19 14:38:54,715 [pool-250-thread-1] INFO  server.RaftServerConfigKeys (ConfUtils.java:logGet(43)) - raft.server.log.segment.cache.num.max = 2 (custom)
2019-09-19 14:38:54,715 [pool-250-thread-1] INFO  segmented.SegmentedRaftLogWorker (SegmentedRaftLogWorker.java:<init>(172)) - new 9fb2ccf2-5ed3-4a2e-8fe9-d08ca707c464-SegmentedRaftLogWorker:Storage Directory /workdir/hadoop-ozone/ozonefs/target/test-dir/MiniOzoneClusterImpl-db9f3d9a-89c7-47d2-a400-08c292cbeea5/datanode-1/data/ratis/27b81e29-b623-40b4-9135-f7b452861fe6 for RaftStorage:Storage Directory /workdir/hadoop-ozone/ozonefs/target/test-dir/MiniOzoneClusterImpl-db9f3d9a-89c7-47d2-a400-08c292cbeea5/datanode-1/data/ratis/27b81e29-b623-40b4-9135-f7b452861fe6
2019-09-19 14:38:54,715 [pool-250-thread-1] INFO  server.RaftServerConfigKeys (ConfUtils.java:logGet(43)) - raft.server.log.queue.byte-limit = 2147483647 (custom)
2019-09-19 14:38:54,715 [pool-250-thread-1] INFO  server.RaftServerConfigKeys (ConfUtils.java:logGet(43)) - raft.server.log.queue.element-limit = 1024 (custom)
2019-09-19 14:38:54,716 [pool-250-thread-1] INFO  server.RaftServerConfigKeys (ConfUtils.java:logGet(43)) - raft.server.log.segment.size.max = 1048576 (custom)
2019-09-19 14:38:54,716 [pool-250-thread-1] INFO  server.RaftServerConfigKeys (ConfUtils.java:logGet(43)) - raft.server.log.preallocated.size = 16384 (custom)
2019-09-19 14:38:54,716 [pool-250-thread-1] INFO  server.RaftServerConfigKeys (ConfUtils.java:logGet(43)) - raft.server.log.write.buffer.size = 33554432 (custom)
2019-09-19 14:38:54,716 [pool-250-thread-1] INFO  server.RaftServerConfigKeys (ConfUtils.java:logGet(43)) - raft.server.log.force.sync.num = 128 (default)
2019-09-19 14:38:54,716 [pool-250-thread-1] INFO  server.RaftServerConfigKeys (ConfUtils.java:logGet(43)) - raft.server.log.statemachine.data.sync = true (default)
2019-09-19 14:38:54,716 [pool-250-thread-1] INFO  server.RaftServerConfigKeys (ConfUtils.java:logGet(43)) - raft.server.log.statemachine.data.sync.timeout = 10s (default)
2019-09-19 14:38:54,716 [pool-250-thread-1] INFO  server.RaftServerConfigKeys (ConfUtils.java:logGet(43)) - raft.server.log.statemachine.data.sync.timeout.retry = -1 (default)
2019-09-19 14:38:54,716 [pool-250-thread-1] INFO  server.RaftServerConfigKeys (ConfUtils.java:logGet(43)) - raft.server.log.statemachine.data.caching.enabled = true (custom)
2019-09-19 14:38:54,717 [pool-250-thread-1] INFO  segmented.SegmentedRaftLogWorker (SegmentedRaftLogWorker.java:lambda$new$0(132)) - 9fb2ccf2-5ed3-4a2e-8fe9-d08ca707c464-SegmentedRaftLogWorker:Storage Directory /workdir/hadoop-ozone/ozonefs/target/test-dir/MiniOzoneClusterImpl-db9f3d9a-89c7-47d2-a400-08c292cbeea5/datanode-1/data/ratis/27b81e29-b623-40b4-9135-f7b452861fe6: flushIndex: setUnconditionally 0 -> -1
2019-09-19 14:38:54,717 [pool-250-thread-1] INFO  server.RaftServerConfigKeys (ConfUtils.java:logGet(43)) - raft.server.snapshot.auto.trigger.enabled = true (custom)
2019-09-19 14:38:54,717 [pool-250-thread-1] INFO  server.RaftServerConfigKeys (ConfUtils.java:logGet(43)) - raft.server.snapshot.auto.trigger.threshold = 10000 (custom)
2019-09-19 14:38:54,717 [pool-250-thread-1] INFO  server.RaftServerConfigKeys (ConfUtils.java:logGet(43)) - raft.server.retrycache.expirytime = 600000ms (custom)
2019-09-19 14:38:54,718 [pool-250-thread-1] INFO  impl.RaftServerImpl (RaftServerImpl.java:start(180)) - 9fb2ccf2-5ed3-4a2e-8fe9-d08ca707c464: start group-F7B452861FE6
2019-09-19 14:38:54,718 [pool-250-thread-1] INFO  impl.RaftServerImpl (RaftServerImpl.java:setRole(171)) - 9fb2ccf2-5ed3-4a2e-8fe9-d08ca707c464:group-F7B452861FE6 changes role from null to FOLLOWER at term 0 for startAsFollower
2019-09-19 14:38:54,718 [pool-250-thread-1] INFO  impl.RoleInfo (RoleInfo.java:updateAndGet(143)) - 9fb2ccf2-5ed3-4a2e-8fe9-d08ca707c464: start FollowerState
2019-09-19 14:38:54,718 [pool-250-thread-1] INFO  util.JmxRegister (JmxRegister.java:tryRegister(44)) - Successfully registered JMX Bean with object name Ratis:service=RaftServer,group=group-F7B452861FE6,id=9fb2ccf2-5ed3-4a2e-8fe9-d08ca707c464
2019-09-19 14:38:54,721 [RatisPipelineUtilsThread] INFO  pipeline.PipelineStateManager (PipelineStateManager.java:addPipeline(56)) - Created pipeline Pipeline[ Id: 27b81e29-b623-40b4-9135-f7b452861fe6, Nodes: 9fb2ccf2-5ed3-4a2e-8fe9-d08ca707c464{ip: 192.168.5.132, host: pr-hdds-1569-rzdr8-3403194166, networkLocation: /default-rack, certSerialId: null}, Type:RATIS, Factor:ONE, State:OPEN]
2019-09-19 14:38:54,721 [RatisPipelineUtilsThread] ERROR pipeline.PipelinePlacementPolicy (PipelinePlacementPolicy.java:meetCriteria(91)) - Pipeline Placement: Doesn't meet the criteria to be viable node. Heaviness: 6
2019-09-19 14:38:54,727 [grpc-default-executor-0] INFO  impl.RaftServerProxy (RaftServerProxy.java:addNew(89)) - 9fb2ccf2-5ed3-4a2e-8fe9-d08ca707c464: addNew group-06BB7983C03F:[9fb2ccf2-5ed3-4a2e-8fe9-d08ca707c464:192.168.5.132:42469] returns group-06BB7983C03F:java.util.concurrent.CompletableFuture@7c3f83cf[Not completed]
2019-09-19 14:38:54,728 [pool-250-thread-1] INFO  impl.RaftServerImpl (RaftServerImpl.java:<init>(93)) - 9fb2ccf2-5ed3-4a2e-8fe9-d08ca707c464: new RaftServerImpl for group-06BB7983C03F:[9fb2ccf2-5ed3-4a2e-8fe9-d08ca707c464:192.168.5.132:42469] with ContainerStateMachine:uninitialized
2019-09-19 14:38:54,729 [pool-250-thread-1] INFO  server.RaftServerConfigKeys (ConfUtils.java:logGet(43)) - raft.server.rpc.timeout.min = 5s (custom)
2019-09-19 14:38:54,729 [pool-250-thread-1] INFO  server.RaftServerConfigKeys (ConfUtils.java:logGet(43)) - raft.server.rpc.timeout.max = 5200ms (custom)
2019-09-19 14:38:54,729 [pool-250-thread-1] INFO  server.RaftServerConfigKeys (ConfUtils.java:logGet(43)) - raft.server.rpcslowness.timeout = 120s (custom)
2019-09-19 14:38:54,729 [pool-250-thread-1] INFO  server.RaftServerConfigKeys (ConfUtils.java:logGet(43)) - raft.server.sleep.deviation.threshold = 300 (default)
2019-09-19 14:38:54,729 [pool-250-thread-1] INFO  server.RaftServerConfigKeys (ConfUtils.java:logGet(43)) - raft.server.log.appender.install.snapshot.enabled = false (custom)
2019-09-19 14:38:54,729 [pool-250-thread-1] INFO  impl.RaftServerImpl (ServerState.java:<init>(105)) - 9fb2ccf2-5ed3-4a2e-8fe9-d08ca707c464:group-06BB7983C03F ConfigurationManager, init=-1: [9fb2ccf2-5ed3-4a2e-8fe9-d08ca707c464:192.168.5.132:42469], old=null, confs=<EMPTY_MAP>
2019-09-19 14:38:54,729 [pool-250-thread-1] INFO  server.RaftServerConfigKeys (ConfUtils.java:logGet(43)) - raft.server.storage.dir = [/workdir/hadoop-ozone/ozonefs/target/test-dir/MiniOzoneClusterImpl-db9f3d9a-89c7-47d2-a400-08c292cbeea5/datanode-1/data/ratis] (custom)
2019-09-19 14:38:54,730 [pool-250-thread-1] INFO  storage.RaftStorageDirectory (RaftStorageDirectory.java:analyzeStorage(246)) - The storage directory /workdir/hadoop-ozone/ozonefs/target/test-dir/MiniOzoneClusterImpl-db9f3d9a-89c7-47d2-a400-08c292cbeea5/datanode-1/data/ratis/660255fe-a9e9-4873-8d58-06bb7983c03f does not exist. Creating ...
2019-09-19 14:38:54,763 [pool-250-thread-1] INFO  storage.RaftStorageDirectory (RaftStorageDirectory.java:tryLock(328)) - Lock on /workdir/hadoop-ozone/ozonefs/target/test-dir/MiniOzoneClusterImpl-db9f3d9a-89c7-47d2-a400-08c292cbeea5/datanode-1/data/ratis/660255fe-a9e9-4873-8d58-06bb7983c03f/in_use.lock acquired by nodename 25220@pr-hdds-1569-rzdr8-3403194166
2019-09-19 14:38:54,776 [pool-250-thread-1] INFO  storage.RaftStorage (RaftStorage.java:format(72)) - Storage directory /workdir/hadoop-ozone/ozonefs/target/test-dir/MiniOzoneClusterImpl-db9f3d9a-89c7-47d2-a400-08c292cbeea5/datanode-1/data/ratis/660255fe-a9e9-4873-8d58-06bb7983c03f has been successfully formatted.
2019-09-19 14:38:54,777 [pool-250-thread-1] INFO  ratis.ContainerStateMachine (ContainerStateMachine.java:loadSnapshot(226)) - group-06BB7983C03F: The snapshot info is null. Setting the last applied indexto:(t:0, i:~)
2019-09-19 14:38:54,777 [pool-250-thread-1] INFO  server.RaftServerConfigKeys (ConfUtils.java:logGet(43)) - raft.server.leader.election.timeout = 120s (custom)
2019-09-19 14:38:54,777 [pool-250-thread-1] INFO  server.RaftServerConfigKeys (ConfUtils.java:logGet(43)) - raft.server.log.use.memory = false (default)
2019-09-19 14:38:54,777 [pool-250-thread-1] INFO  server.RaftServerConfigKeys (ConfUtils.java:logGet(43)) - raft.server.log.purge.gap = 1000000 (custom)
2019-09-19 14:38:54,778 [pool-250-thread-1] INFO  server.RaftServerConfigKeys (ConfUtils.java:logGet(43)) - raft.server.log.appender.buffer.byte-limit = 33554432 (custom)
2019-09-19 14:38:54,778 [pool-250-thread-1] INFO  server.RaftServerConfigKeys (ConfUtils.java:logGet(43)) - raft.server.log.segment.size.max = 1048576 (custom)
2019-09-19 14:38:54,778 [pool-250-thread-1] INFO  server.RaftServerConfigKeys (ConfUtils.java:logGet(43)) - raft.server.log.segment.cache.num.max = 2 (custom)
2019-09-19 14:38:54,778 [pool-250-thread-1] INFO  segmented.SegmentedRaftLogWorker (SegmentedRaftLogWorker.java:<init>(172)) - new 9fb2ccf2-5ed3-4a2e-8fe9-d08ca707c464-SegmentedRaftLogWorker:Storage Directory /workdir/hadoop-ozone/ozonefs/target/test-dir/MiniOzoneClusterImpl-db9f3d9a-89c7-47d2-a400-08c292cbeea5/datanode-1/data/ratis/660255fe-a9e9-4873-8d58-06bb7983c03f for RaftStorage:Storage Directory /workdir/hadoop-ozone/ozonefs/target/test-dir/MiniOzoneClusterImpl-db9f3d9a-89c7-47d2-a400-08c292cbeea5/datanode-1/data/ratis/660255fe-a9e9-4873-8d58-06bb7983c03f
2019-09-19 14:38:54,778 [pool-250-thread-1] INFO  server.RaftServerConfigKeys (ConfUtils.java:logGet(43)) - raft.server.log.queue.byte-limit = 2147483647 (custom)
2019-09-19 14:38:54,779 [pool-250-thread-1] INFO  server.RaftServerConfigKeys (ConfUtils.java:logGet(43)) - raft.server.log.queue.element-limit = 1024 (custom)
2019-09-19 14:38:54,779 [pool-250-thread-1] INFO  server.RaftServerConfigKeys (ConfUtils.java:logGet(43)) - raft.server.log.segment.size.max = 1048576 (custom)
2019-09-19 14:38:54,779 [pool-250-thread-1] INFO  server.RaftServerConfigKeys (ConfUtils.java:logGet(43)) - raft.server.log.preallocated.size = 16384 (custom)
2019-09-19 14:38:54,779 [pool-250-thread-1] INFO  server.RaftServerConfigKeys (ConfUtils.java:logGet(43)) - raft.server.log.write.buffer.size = 33554432 (custom)
2019-09-19 14:38:54,779 [pool-250-thread-1] INFO  server.RaftServerConfigKeys (ConfUtils.java:logGet(43)) - raft.server.log.force.sync.num = 128 (default)
2019-09-19 14:38:54,780 [pool-250-thread-1] INFO  server.RaftServerConfigKeys (ConfUtils.java:logGet(43)) - raft.server.log.statemachine.data.sync = true (default)
2019-09-19 14:38:54,780 [pool-250-thread-1] INFO  server.RaftServerConfigKeys (ConfUtils.java:logGet(43)) - raft.server.log.statemachine.data.sync.timeout = 10s (default)
2019-09-19 14:38:54,780 [pool-250-thread-1] INFO  server.RaftServerConfigKeys (ConfUtils.java:logGet(43)) - raft.server.log.statemachine.data.sync.timeout.retry = -1 (default)
2019-09-19 14:38:54,780 [pool-250-thread-1] INFO  server.RaftServerConfigKeys (ConfUtils.java:logGet(43)) - raft.server.log.statemachine.data.caching.enabled = true (custom)
2019-09-19 14:38:54,781 [pool-250-thread-1] INFO  segmented.SegmentedRaftLogWorker (SegmentedRaftLogWorker.java:lambda$new$0(132)) - 9fb2ccf2-5ed3-4a2e-8fe9-d08ca707c464-SegmentedRaftLogWorker:Storage Directory /workdir/hadoop-ozone/ozonefs/target/test-dir/MiniOzoneClusterImpl-db9f3d9a-89c7-47d2-a400-08c292cbeea5/datanode-1/data/ratis/660255fe-a9e9-4873-8d58-06bb7983c03f: flushIndex: setUnconditionally 0 -> -1
2019-09-19 14:38:54,781 [pool-250-thread-1] INFO  server.RaftServerConfigKeys (ConfUtils.java:logGet(43)) - raft.server.snapshot.auto.trigger.enabled = true (custom)
2019-09-19 14:38:54,782 [pool-250-thread-1] INFO  server.RaftServerConfigKeys (ConfUtils.java:logGet(43)) - raft.server.snapshot.auto.trigger.threshold = 10000 (custom)
2019-09-19 14:38:54,782 [pool-250-thread-1] INFO  server.RaftServerConfigKeys (ConfUtils.java:logGet(43)) - raft.server.retrycache.expirytime = 600000ms (custom)
2019-09-19 14:38:54,782 [pool-250-thread-1] INFO  impl.RaftServerImpl (RaftServerImpl.java:start(180)) - 9fb2ccf2-5ed3-4a2e-8fe9-d08ca707c464: start group-06BB7983C03F
2019-09-19 14:38:54,782 [pool-250-thread-1] INFO  impl.RaftServerImpl (RaftServerImpl.java:setRole(171)) - 9fb2ccf2-5ed3-4a2e-8fe9-d08ca707c464:group-06BB7983C03F changes role from null to FOLLOWER at term 0 for startAsFollower
2019-09-19 14:38:54,783 [pool-250-thread-1] INFO  impl.RoleInfo (RoleInfo.java:updateAndGet(143)) - 9fb2ccf2-5ed3-4a2e-8fe9-d08ca707c464: start FollowerState
2019-09-19 14:38:54,783 [pool-250-thread-1] INFO  util.JmxRegister (JmxRegister.java:tryRegister(44)) - Successfully registered JMX Bean with object name Ratis:service=RaftServer,group=group-06BB7983C03F,id=9fb2ccf2-5ed3-4a2e-8fe9-d08ca707c464
2019-09-19 14:38:54,788 [RatisPipelineUtilsThread] INFO  pipeline.PipelineStateManager (PipelineStateManager.java:addPipeline(56)) - Created pipeline Pipeline[ Id: 660255fe-a9e9-4873-8d58-06bb7983c03f, Nodes: 9fb2ccf2-5ed3-4a2e-8fe9-d08ca707c464{ip: 192.168.5.132, host: pr-hdds-1569-rzdr8-3403194166, networkLocation: /default-rack, certSerialId: null}, Type:RATIS, Factor:ONE, State:OPEN]
2019-09-19 14:38:54,789 [RatisPipelineUtilsThread] ERROR pipeline.PipelinePlacementPolicy (PipelinePlacementPolicy.java:meetCriteria(91)) - Pipeline Placement: Doesn't meet the criteria to be viable node. Heaviness: 6
2019-09-19 14:38:54,796 [grpc-default-executor-0] INFO  impl.RaftServerProxy (RaftServerProxy.java:addNew(89)) - 9fb2ccf2-5ed3-4a2e-8fe9-d08ca707c464: addNew group-87F8DE40676C:[9fb2ccf2-5ed3-4a2e-8fe9-d08ca707c464:192.168.5.132:42469] returns group-87F8DE40676C:java.util.concurrent.CompletableFuture@e120c8e[Not completed]
2019-09-19 14:38:54,798 [pool-250-thread-1] INFO  impl.RaftServerImpl (RaftServerImpl.java:<init>(93)) - 9fb2ccf2-5ed3-4a2e-8fe9-d08ca707c464: new RaftServerImpl for group-87F8DE40676C:[9fb2ccf2-5ed3-4a2e-8fe9-d08ca707c464:192.168.5.132:42469] with ContainerStateMachine:uninitialized
2019-09-19 14:38:54,798 [pool-250-thread-1] INFO  server.RaftServerConfigKeys (ConfUtils.java:logGet(43)) - raft.server.rpc.timeout.min = 5s (custom)
2019-09-19 14:38:54,798 [pool-250-thread-1] INFO  server.RaftServerConfigKeys (ConfUtils.java:logGet(43)) - raft.server.rpc.timeout.max = 5200ms (custom)
2019-09-19 14:38:54,798 [pool-250-thread-1] INFO  server.RaftServerConfigKeys (ConfUtils.java:logGet(43)) - raft.server.rpcslowness.timeout = 120s (custom)
2019-09-19 14:38:54,798 [pool-250-thread-1] INFO  server.RaftServerConfigKeys (ConfUtils.java:logGet(43)) - raft.server.sleep.deviation.threshold = 300 (default)
2019-09-19 14:38:54,798 [pool-250-thread-1] INFO  server.RaftServerConfigKeys (ConfUtils.java:logGet(43)) - raft.server.log.appender.install.snapshot.enabled = false (custom)
2019-09-19 14:38:54,799 [pool-250-thread-1] INFO  impl.RaftServerImpl (ServerState.java:<init>(105)) - 9fb2ccf2-5ed3-4a2e-8fe9-d08ca707c464:group-87F8DE40676C ConfigurationManager, init=-1: [9fb2ccf2-5ed3-4a2e-8fe9-d08ca707c464:192.168.5.132:42469], old=null, confs=<EMPTY_MAP>
2019-09-19 14:38:54,799 [pool-250-thread-1] INFO  server.RaftServerConfigKeys (ConfUtils.java:logGet(43)) - raft.server.storage.dir = [/workdir/hadoop-ozone/ozonefs/target/test-dir/MiniOzoneClusterImpl-db9f3d9a-89c7-47d2-a400-08c292cbeea5/datanode-1/data/ratis] (custom)
2019-09-19 14:38:54,799 [pool-250-thread-1] INFO  storage.RaftStorageDirectory (RaftStorageDirectory.java:analyzeStorage(246)) - The storage directory /workdir/hadoop-ozone/ozonefs/target/test-dir/MiniOzoneClusterImpl-db9f3d9a-89c7-47d2-a400-08c292cbeea5/datanode-1/data/ratis/7267aba4-78f4-4f3c-bf64-87f8de40676c does not exist. Creating ...
2019-09-19 14:38:54,812 [pool-250-thread-1] INFO  storage.RaftStorageDirectory (RaftStorageDirectory.java:tryLock(328)) - Lock on /workdir/hadoop-ozone/ozonefs/target/test-dir/MiniOzoneClusterImpl-db9f3d9a-89c7-47d2-a400-08c292cbeea5/datanode-1/data/ratis/7267aba4-78f4-4f3c-bf64-87f8de40676c/in_use.lock acquired by nodename 25220@pr-hdds-1569-rzdr8-3403194166
2019-09-19 14:38:54,892 [pool-250-thread-1] INFO  storage.RaftStorage (RaftStorage.java:format(72)) - Storage directory /workdir/hadoop-ozone/ozonefs/target/test-dir/MiniOzoneClusterImpl-db9f3d9a-89c7-47d2-a400-08c292cbeea5/datanode-1/data/ratis/7267aba4-78f4-4f3c-bf64-87f8de40676c has been successfully formatted.
2019-09-19 14:38:54,892 [pool-250-thread-1] INFO  ratis.ContainerStateMachine (ContainerStateMachine.java:loadSnapshot(226)) - group-87F8DE40676C: The snapshot info is null. Setting the last applied indexto:(t:0, i:~)
2019-09-19 14:38:54,893 [pool-250-thread-1] INFO  server.RaftServerConfigKeys (ConfUtils.java:logGet(43)) - raft.server.leader.election.timeout = 120s (custom)
2019-09-19 14:38:54,893 [pool-250-thread-1] INFO  server.RaftServerConfigKeys (ConfUtils.java:logGet(43)) - raft.server.log.use.memory = false (default)
2019-09-19 14:38:54,893 [pool-250-thread-1] INFO  server.RaftServerConfigKeys (ConfUtils.java:logGet(43)) - raft.server.log.purge.gap = 1000000 (custom)
2019-09-19 14:38:54,893 [pool-250-thread-1] INFO  server.RaftServerConfigKeys (ConfUtils.java:logGet(43)) - raft.server.log.appender.buffer.byte-limit = 33554432 (custom)
2019-09-19 14:38:54,893 [pool-250-thread-1] INFO  server.RaftServerConfigKeys (ConfUtils.java:logGet(43)) - raft.server.log.segment.size.max = 1048576 (custom)
2019-09-19 14:38:54,893 [pool-250-thread-1] INFO  server.RaftServerConfigKeys (ConfUtils.java:logGet(43)) - raft.server.log.segment.cache.num.max = 2 (custom)
2019-09-19 14:38:54,893 [pool-250-thread-1] INFO  segmented.SegmentedRaftLogWorker (SegmentedRaftLogWorker.java:<init>(172)) - new 9fb2ccf2-5ed3-4a2e-8fe9-d08ca707c464-SegmentedRaftLogWorker:Storage Directory /workdir/hadoop-ozone/ozonefs/target/test-dir/MiniOzoneClusterImpl-db9f3d9a-89c7-47d2-a400-08c292cbeea5/datanode-1/data/ratis/7267aba4-78f4-4f3c-bf64-87f8de40676c for RaftStorage:Storage Directory /workdir/hadoop-ozone/ozonefs/target/test-dir/MiniOzoneClusterImpl-db9f3d9a-89c7-47d2-a400-08c292cbeea5/datanode-1/data/ratis/7267aba4-78f4-4f3c-bf64-87f8de40676c
2019-09-19 14:38:54,893 [pool-250-thread-1] INFO  server.RaftServerConfigKeys (ConfUtils.java:logGet(43)) - raft.server.log.queue.byte-limit = 2147483647 (custom)
2019-09-19 14:38:54,893 [pool-250-thread-1] INFO  server.RaftServerConfigKeys (ConfUtils.java:logGet(43)) - raft.server.log.queue.element-limit = 1024 (custom)
2019-09-19 14:38:54,894 [pool-250-thread-1] INFO  server.RaftServerConfigKeys (ConfUtils.java:logGet(43)) - raft.server.log.segment.size.max = 1048576 (custom)
2019-09-19 14:38:54,894 [pool-250-thread-1] INFO  server.RaftServerConfigKeys (ConfUtils.java:logGet(43)) - raft.server.log.preallocated.size = 16384 (custom)
2019-09-19 14:38:54,894 [pool-250-thread-1] INFO  server.RaftServerConfigKeys (ConfUtils.java:logGet(43)) - raft.server.log.write.buffer.size = 33554432 (custom)
2019-09-19 14:38:54,894 [pool-250-thread-1] INFO  server.RaftServerConfigKeys (ConfUtils.java:logGet(43)) - raft.server.log.force.sync.num = 128 (default)
2019-09-19 14:38:54,894 [pool-250-thread-1] INFO  server.RaftServerConfigKeys (ConfUtils.java:logGet(43)) - raft.server.log.statemachine.data.sync = true (default)
2019-09-19 14:38:54,894 [pool-250-thread-1] INFO  server.RaftServerConfigKeys (ConfUtils.java:logGet(43)) - raft.server.log.statemachine.data.sync.timeout = 10s (default)
2019-09-19 14:38:54,894 [pool-250-thread-1] INFO  server.RaftServerConfigKeys (ConfUtils.java:logGet(43)) - raft.server.log.statemachine.data.sync.timeout.retry = -1 (default)
2019-09-19 14:38:54,894 [pool-250-thread-1] INFO  server.RaftServerConfigKeys (ConfUtils.java:logGet(43)) - raft.server.log.statemachine.data.caching.enabled = true (custom)
2019-09-19 14:38:54,894 [pool-250-thread-1] INFO  segmented.SegmentedRaftLogWorker (SegmentedRaftLogWorker.java:lambda$new$0(132)) - 9fb2ccf2-5ed3-4a2e-8fe9-d08ca707c464-SegmentedRaftLogWorker:Storage Directory /workdir/hadoop-ozone/ozonefs/target/test-dir/MiniOzoneClusterImpl-db9f3d9a-89c7-47d2-a400-08c292cbeea5/datanode-1/data/ratis/7267aba4-78f4-4f3c-bf64-87f8de40676c: flushIndex: setUnconditionally 0 -> -1
2019-09-19 14:38:54,895 [pool-250-thread-1] INFO  server.RaftServerConfigKeys (ConfUtils.java:logGet(43)) - raft.server.snapshot.auto.trigger.enabled = true (custom)
2019-09-19 14:38:54,895 [pool-250-thread-1] INFO  server.RaftServerConfigKeys (ConfUtils.java:logGet(43)) - raft.server.snapshot.auto.trigger.threshold = 10000 (custom)
2019-09-19 14:38:54,895 [pool-250-thread-1] INFO  server.RaftServerConfigKeys (ConfUtils.java:logGet(43)) - raft.server.retrycache.expirytime = 600000ms (custom)
2019-09-19 14:38:54,895 [pool-250-thread-1] INFO  impl.RaftServerImpl (RaftServerImpl.java:start(180)) - 9fb2ccf2-5ed3-4a2e-8fe9-d08ca707c464: start group-87F8DE40676C
2019-09-19 14:38:54,895 [pool-250-thread-1] INFO  impl.RaftServerImpl (RaftServerImpl.java:setRole(171)) - 9fb2ccf2-5ed3-4a2e-8fe9-d08ca707c464:group-87F8DE40676C changes role from null to FOLLOWER at term 0 for startAsFollower
2019-09-19 14:38:54,895 [pool-250-thread-1] INFO  impl.RoleInfo (RoleInfo.java:updateAndGet(143)) - 9fb2ccf2-5ed3-4a2e-8fe9-d08ca707c464: start FollowerState
2019-09-19 14:38:54,896 [pool-250-thread-1] INFO  util.JmxRegister (JmxRegister.java:tryRegister(44)) - Successfully registered JMX Bean with object name Ratis:service=RaftServer,group=group-87F8DE40676C,id=9fb2ccf2-5ed3-4a2e-8fe9-d08ca707c464
2019-09-19 14:38:54,899 [RatisPipelineUtilsThread] INFO  pipeline.PipelineStateManager (PipelineStateManager.java:addPipeline(56)) - Created pipeline Pipeline[ Id: 7267aba4-78f4-4f3c-bf64-87f8de40676c, Nodes: 9fb2ccf2-5ed3-4a2e-8fe9-d08ca707c464{ip: 192.168.5.132, host: pr-hdds-1569-rzdr8-3403194166, networkLocation: /default-rack, certSerialId: null}, Type:RATIS, Factor:ONE, State:OPEN]
2019-09-19 14:38:54,899 [RatisPipelineUtilsThread] ERROR pipeline.PipelinePlacementPolicy (PipelinePlacementPolicy.java:meetCriteria(91)) - Pipeline Placement: Doesn't meet the criteria to be viable node. Heaviness: 6
2019-09-19 14:38:54,904 [grpc-default-executor-0] INFO  impl.RaftServerProxy (RaftServerProxy.java:addNew(89)) - 9fb2ccf2-5ed3-4a2e-8fe9-d08ca707c464: addNew group-3EB82BFF9C21:[9fb2ccf2-5ed3-4a2e-8fe9-d08ca707c464:192.168.5.132:42469] returns group-3EB82BFF9C21:java.util.concurrent.CompletableFuture@b040c0d[Not completed]
2019-09-19 14:38:54,905 [pool-250-thread-1] INFO  impl.RaftServerImpl (RaftServerImpl.java:<init>(93)) - 9fb2ccf2-5ed3-4a2e-8fe9-d08ca707c464: new RaftServerImpl for group-3EB82BFF9C21:[9fb2ccf2-5ed3-4a2e-8fe9-d08ca707c464:192.168.5.132:42469] with ContainerStateMachine:uninitialized
2019-09-19 14:38:54,905 [pool-250-thread-1] INFO  server.RaftServerConfigKeys (ConfUtils.java:logGet(43)) - raft.server.rpc.timeout.min = 5s (custom)
2019-09-19 14:38:54,905 [pool-250-thread-1] INFO  server.RaftServerConfigKeys (ConfUtils.java:logGet(43)) - raft.server.rpc.timeout.max = 5200ms (custom)
2019-09-19 14:38:54,905 [pool-250-thread-1] INFO  server.RaftServerConfigKeys (ConfUtils.java:logGet(43)) - raft.server.rpcslowness.timeout = 120s (custom)
2019-09-19 14:38:54,905 [pool-250-thread-1] INFO  server.RaftServerConfigKeys (ConfUtils.java:logGet(43)) - raft.server.sleep.deviation.threshold = 300 (default)
2019-09-19 14:38:54,905 [pool-250-thread-1] INFO  server.RaftServerConfigKeys (ConfUtils.java:logGet(43)) - raft.server.log.appender.install.snapshot.enabled = false (custom)
2019-09-19 14:38:54,905 [pool-250-thread-1] INFO  impl.RaftServerImpl (ServerState.java:<init>(105)) - 9fb2ccf2-5ed3-4a2e-8fe9-d08ca707c464:group-3EB82BFF9C21 ConfigurationManager, init=-1: [9fb2ccf2-5ed3-4a2e-8fe9-d08ca707c464:192.168.5.132:42469], old=null, confs=<EMPTY_MAP>
2019-09-19 14:38:54,905 [pool-250-thread-1] INFO  server.RaftServerConfigKeys (ConfUtils.java:logGet(43)) - raft.server.storage.dir = [/workdir/hadoop-ozone/ozonefs/target/test-dir/MiniOzoneClusterImpl-db9f3d9a-89c7-47d2-a400-08c292cbeea5/datanode-1/data/ratis] (custom)
2019-09-19 14:38:54,906 [pool-250-thread-1] INFO  storage.RaftStorageDirectory (RaftStorageDirectory.java:analyzeStorage(246)) - The storage directory /workdir/hadoop-ozone/ozonefs/target/test-dir/MiniOzoneClusterImpl-db9f3d9a-89c7-47d2-a400-08c292cbeea5/datanode-1/data/ratis/1c3c1dd0-ff58-4363-bad0-3eb82bff9c21 does not exist. Creating ...
2019-09-19 14:38:54,928 [pool-250-thread-1] INFO  storage.RaftStorageDirectory (RaftStorageDirectory.java:tryLock(328)) - Lock on /workdir/hadoop-ozone/ozonefs/target/test-dir/MiniOzoneClusterImpl-db9f3d9a-89c7-47d2-a400-08c292cbeea5/datanode-1/data/ratis/1c3c1dd0-ff58-4363-bad0-3eb82bff9c21/in_use.lock acquired by nodename 25220@pr-hdds-1569-rzdr8-3403194166
2019-09-19 14:38:54,961 [pool-250-thread-1] INFO  storage.RaftStorage (RaftStorage.java:format(72)) - Storage directory /workdir/hadoop-ozone/ozonefs/target/test-dir/MiniOzoneClusterImpl-db9f3d9a-89c7-47d2-a400-08c292cbeea5/datanode-1/data/ratis/1c3c1dd0-ff58-4363-bad0-3eb82bff9c21 has been successfully formatted.
2019-09-19 14:38:54,961 [pool-250-thread-1] INFO  ratis.ContainerStateMachine (ContainerStateMachine.java:loadSnapshot(226)) - group-3EB82BFF9C21: The snapshot info is null. Setting the last applied indexto:(t:0, i:~)
2019-09-19 14:38:54,962 [pool-250-thread-1] INFO  server.RaftServerConfigKeys (ConfUtils.java:logGet(43)) - raft.server.leader.election.timeout = 120s (custom)
2019-09-19 14:38:54,962 [pool-250-thread-1] INFO  server.RaftServerConfigKeys (ConfUtils.java:logGet(43)) - raft.server.log.use.memory = false (default)
2019-09-19 14:38:54,962 [pool-250-thread-1] INFO  server.RaftServerConfigKeys (ConfUtils.java:logGet(43)) - raft.server.log.purge.gap = 1000000 (custom)
2019-09-19 14:38:54,962 [pool-250-thread-1] INFO  server.RaftServerConfigKeys (ConfUtils.java:logGet(43)) - raft.server.log.appender.buffer.byte-limit = 33554432 (custom)
2019-09-19 14:38:54,962 [pool-250-thread-1] INFO  server.RaftServerConfigKeys (ConfUtils.java:logGet(43)) - raft.server.log.segment.size.max = 1048576 (custom)
2019-09-19 14:38:54,962 [pool-250-thread-1] INFO  server.RaftServerConfigKeys (ConfUtils.java:logGet(43)) - raft.server.log.segment.cache.num.max = 2 (custom)
2019-09-19 14:38:54,963 [pool-250-thread-1] INFO  segmented.SegmentedRaftLogWorker (SegmentedRaftLogWorker.java:<init>(172)) - new 9fb2ccf2-5ed3-4a2e-8fe9-d08ca707c464-SegmentedRaftLogWorker:Storage Directory /workdir/hadoop-ozone/ozonefs/target/test-dir/MiniOzoneClusterImpl-db9f3d9a-89c7-47d2-a400-08c292cbeea5/datanode-1/data/ratis/1c3c1dd0-ff58-4363-bad0-3eb82bff9c21 for RaftStorage:Storage Directory /workdir/hadoop-ozone/ozonefs/target/test-dir/MiniOzoneClusterImpl-db9f3d9a-89c7-47d2-a400-08c292cbeea5/datanode-1/data/ratis/1c3c1dd0-ff58-4363-bad0-3eb82bff9c21
2019-09-19 14:38:54,963 [pool-250-thread-1] INFO  server.RaftServerConfigKeys (ConfUtils.java:logGet(43)) - raft.server.log.queue.byte-limit = 2147483647 (custom)
2019-09-19 14:38:54,963 [pool-250-thread-1] INFO  server.RaftServerConfigKeys (ConfUtils.java:logGet(43)) - raft.server.log.queue.element-limit = 1024 (custom)
2019-09-19 14:38:54,963 [pool-250-thread-1] INFO  server.RaftServerConfigKeys (ConfUtils.java:logGet(43)) - raft.server.log.segment.size.max = 1048576 (custom)
2019-09-19 14:38:54,963 [pool-250-thread-1] INFO  server.RaftServerConfigKeys (ConfUtils.java:logGet(43)) - raft.server.log.preallocated.size = 16384 (custom)
2019-09-19 14:38:54,964 [pool-250-thread-1] INFO  server.RaftServerConfigKeys (ConfUtils.java:logGet(43)) - raft.server.log.write.buffer.size = 33554432 (custom)
2019-09-19 14:38:54,964 [pool-250-thread-1] INFO  server.RaftServerConfigKeys (ConfUtils.java:logGet(43)) - raft.server.log.force.sync.num = 128 (default)
2019-09-19 14:38:54,964 [pool-250-thread-1] INFO  server.RaftServerConfigKeys (ConfUtils.java:logGet(43)) - raft.server.log.statemachine.data.sync = true (default)
2019-09-19 14:38:54,964 [pool-250-thread-1] INFO  server.RaftServerConfigKeys (ConfUtils.java:logGet(43)) - raft.server.log.statemachine.data.sync.timeout = 10s (default)
2019-09-19 14:38:54,964 [pool-250-thread-1] INFO  server.RaftServerConfigKeys (ConfUtils.java:logGet(43)) - raft.server.log.statemachine.data.sync.timeout.retry = -1 (default)
2019-09-19 14:38:54,964 [pool-250-thread-1] INFO  server.RaftServerConfigKeys (ConfUtils.java:logGet(43)) - raft.server.log.statemachine.data.caching.enabled = true (custom)
2019-09-19 14:38:54,965 [pool-250-thread-1] INFO  segmented.SegmentedRaftLogWorker (SegmentedRaftLogWorker.java:lambda$new$0(132)) - 9fb2ccf2-5ed3-4a2e-8fe9-d08ca707c464-SegmentedRaftLogWorker:Storage Directory /workdir/hadoop-ozone/ozonefs/target/test-dir/MiniOzoneClusterImpl-db9f3d9a-89c7-47d2-a400-08c292cbeea5/datanode-1/data/ratis/1c3c1dd0-ff58-4363-bad0-3eb82bff9c21: flushIndex: setUnconditionally 0 -> -1
2019-09-19 14:38:54,965 [pool-250-thread-1] INFO  server.RaftServerConfigKeys (ConfUtils.java:logGet(43)) - raft.server.snapshot.auto.trigger.enabled = true (custom)
2019-09-19 14:38:54,965 [pool-250-thread-1] INFO  server.RaftServerConfigKeys (ConfUtils.java:logGet(43)) - raft.server.snapshot.auto.trigger.threshold = 10000 (custom)
2019-09-19 14:38:54,966 [pool-250-thread-1] INFO  server.RaftServerConfigKeys (ConfUtils.java:logGet(43)) - raft.server.retrycache.expirytime = 600000ms (custom)
2019-09-19 14:38:54,966 [pool-250-thread-1] INFO  impl.RaftServerImpl (RaftServerImpl.java:start(180)) - 9fb2ccf2-5ed3-4a2e-8fe9-d08ca707c464: start group-3EB82BFF9C21
2019-09-19 14:38:54,966 [pool-250-thread-1] INFO  impl.RaftServerImpl (RaftServerImpl.java:setRole(171)) - 9fb2ccf2-5ed3-4a2e-8fe9-d08ca707c464:group-3EB82BFF9C21 changes role from null to FOLLOWER at term 0 for startAsFollower
2019-09-19 14:38:54,966 [pool-250-thread-1] INFO  impl.RoleInfo (RoleInfo.java:updateAndGet(143)) - 9fb2ccf2-5ed3-4a2e-8fe9-d08ca707c464: start FollowerState
2019-09-19 14:38:54,967 [pool-250-thread-1] INFO  util.JmxRegister (JmxRegister.java:tryRegister(44)) - Successfully registered JMX Bean with object name Ratis:service=RaftServer,group=group-3EB82BFF9C21,id=9fb2ccf2-5ed3-4a2e-8fe9-d08ca707c464
2019-09-19 14:38:54,971 [RatisPipelineUtilsThread] INFO  pipeline.PipelineStateManager (PipelineStateManager.java:addPipeline(56)) - Created pipeline Pipeline[ Id: 1c3c1dd0-ff58-4363-bad0-3eb82bff9c21, Nodes: 9fb2ccf2-5ed3-4a2e-8fe9-d08ca707c464{ip: 192.168.5.132, host: pr-hdds-1569-rzdr8-3403194166, networkLocation: /default-rack, certSerialId: null}, Type:RATIS, Factor:ONE, State:OPEN]
2019-09-19 14:38:54,971 [RatisPipelineUtilsThread] ERROR pipeline.PipelinePlacementPolicy (PipelinePlacementPolicy.java:meetCriteria(91)) - Pipeline Placement: Doesn't meet the criteria to be viable node. Heaviness: 6
2019-09-19 14:38:54,972 [RatisPipelineUtilsThread] ERROR pipeline.PipelinePlacementPolicy (PipelinePlacementPolicy.java:meetCriteria(91)) - Pipeline Placement: Doesn't meet the criteria to be viable node. Heaviness: 6
2019-09-19 14:38:54,981 [grpc-default-executor-0] INFO  impl.RaftServerProxy (RaftServerProxy.java:addNew(89)) - 363a6dbc-c2cf-4b88-9aba-10b7f3b32b0a: addNew group-EB32DDD31EF8:[363a6dbc-c2cf-4b88-9aba-10b7f3b32b0a:192.168.5.132:40194] returns group-EB32DDD31EF8:java.util.concurrent.CompletableFuture@64303879[Not completed]
2019-09-19 14:38:54,983 [pool-261-thread-1] INFO  impl.RaftServerImpl (RaftServerImpl.java:<init>(93)) - 363a6dbc-c2cf-4b88-9aba-10b7f3b32b0a: new RaftServerImpl for group-EB32DDD31EF8:[363a6dbc-c2cf-4b88-9aba-10b7f3b32b0a:192.168.5.132:40194] with ContainerStateMachine:uninitialized
2019-09-19 14:38:54,983 [pool-261-thread-1] INFO  server.RaftServerConfigKeys (ConfUtils.java:logGet(43)) - raft.server.rpc.timeout.min = 5s (custom)
2019-09-19 14:38:54,984 [pool-261-thread-1] INFO  server.RaftServerConfigKeys (ConfUtils.java:logGet(43)) - raft.server.rpc.timeout.max = 5200ms (custom)
2019-09-19 14:38:54,984 [pool-261-thread-1] INFO  server.RaftServerConfigKeys (ConfUtils.java:logGet(43)) - raft.server.rpcslowness.timeout = 120s (custom)
2019-09-19 14:38:54,984 [pool-261-thread-1] INFO  server.RaftServerConfigKeys (ConfUtils.java:logGet(43)) - raft.server.sleep.deviation.threshold = 300 (default)
2019-09-19 14:38:54,984 [pool-261-thread-1] INFO  server.RaftServerConfigKeys (ConfUtils.java:logGet(43)) - raft.server.log.appender.install.snapshot.enabled = false (custom)
2019-09-19 14:38:54,984 [pool-261-thread-1] INFO  impl.RaftServerImpl (ServerState.java:<init>(105)) - 363a6dbc-c2cf-4b88-9aba-10b7f3b32b0a:group-EB32DDD31EF8 ConfigurationManager, init=-1: [363a6dbc-c2cf-4b88-9aba-10b7f3b32b0a:192.168.5.132:40194], old=null, confs=<EMPTY_MAP>
2019-09-19 14:38:54,985 [pool-261-thread-1] INFO  server.RaftServerConfigKeys (ConfUtils.java:logGet(43)) - raft.server.storage.dir = [/workdir/hadoop-ozone/ozonefs/target/test-dir/MiniOzoneClusterImpl-db9f3d9a-89c7-47d2-a400-08c292cbeea5/datanode-2/data/ratis] (custom)
2019-09-19 14:38:54,985 [pool-261-thread-1] INFO  storage.RaftStorageDirectory (RaftStorageDirectory.java:analyzeStorage(246)) - The storage directory /workdir/hadoop-ozone/ozonefs/target/test-dir/MiniOzoneClusterImpl-db9f3d9a-89c7-47d2-a400-08c292cbeea5/datanode-2/data/ratis/489f146a-32e6-4b5e-ac78-eb32ddd31ef8 does not exist. Creating ...
2019-09-19 14:38:55,008 [pool-261-thread-1] INFO  storage.RaftStorageDirectory (RaftStorageDirectory.java:tryLock(328)) - Lock on /workdir/hadoop-ozone/ozonefs/target/test-dir/MiniOzoneClusterImpl-db9f3d9a-89c7-47d2-a400-08c292cbeea5/datanode-2/data/ratis/489f146a-32e6-4b5e-ac78-eb32ddd31ef8/in_use.lock acquired by nodename 25220@pr-hdds-1569-rzdr8-3403194166
2019-09-19 14:38:55,028 [pool-261-thread-1] INFO  storage.RaftStorage (RaftStorage.java:format(72)) - Storage directory /workdir/hadoop-ozone/ozonefs/target/test-dir/MiniOzoneClusterImpl-db9f3d9a-89c7-47d2-a400-08c292cbeea5/datanode-2/data/ratis/489f146a-32e6-4b5e-ac78-eb32ddd31ef8 has been successfully formatted.
2019-09-19 14:38:55,028 [pool-261-thread-1] INFO  ratis.ContainerStateMachine (ContainerStateMachine.java:loadSnapshot(226)) - group-EB32DDD31EF8: The snapshot info is null. Setting the last applied indexto:(t:0, i:~)
2019-09-19 14:38:55,028 [pool-261-thread-1] INFO  server.RaftServerConfigKeys (ConfUtils.java:logGet(43)) - raft.server.leader.election.timeout = 120s (custom)
2019-09-19 14:38:55,028 [pool-261-thread-1] INFO  server.RaftServerConfigKeys (ConfUtils.java:logGet(43)) - raft.server.log.use.memory = false (default)
2019-09-19 14:38:55,028 [pool-261-thread-1] INFO  server.RaftServerConfigKeys (ConfUtils.java:logGet(43)) - raft.server.log.purge.gap = 1000000 (custom)
2019-09-19 14:38:55,028 [pool-261-thread-1] INFO  server.RaftServerConfigKeys (ConfUtils.java:logGet(43)) - raft.server.log.appender.buffer.byte-limit = 33554432 (custom)
2019-09-19 14:38:55,029 [pool-261-thread-1] INFO  server.RaftServerConfigKeys (ConfUtils.java:logGet(43)) - raft.server.log.segment.size.max = 1048576 (custom)
2019-09-19 14:38:55,029 [pool-261-thread-1] INFO  server.RaftServerConfigKeys (ConfUtils.java:logGet(43)) - raft.server.log.segment.cache.num.max = 2 (custom)
2019-09-19 14:38:55,029 [pool-261-thread-1] INFO  segmented.SegmentedRaftLogWorker (SegmentedRaftLogWorker.java:<init>(172)) - new 363a6dbc-c2cf-4b88-9aba-10b7f3b32b0a-SegmentedRaftLogWorker:Storage Directory /workdir/hadoop-ozone/ozonefs/target/test-dir/MiniOzoneClusterImpl-db9f3d9a-89c7-47d2-a400-08c292cbeea5/datanode-2/data/ratis/489f146a-32e6-4b5e-ac78-eb32ddd31ef8 for RaftStorage:Storage Directory /workdir/hadoop-ozone/ozonefs/target/test-dir/MiniOzoneClusterImpl-db9f3d9a-89c7-47d2-a400-08c292cbeea5/datanode-2/data/ratis/489f146a-32e6-4b5e-ac78-eb32ddd31ef8
2019-09-19 14:38:55,029 [pool-261-thread-1] INFO  server.RaftServerConfigKeys (ConfUtils.java:logGet(43)) - raft.server.log.queue.byte-limit = 2147483647 (custom)
2019-09-19 14:38:55,029 [pool-261-thread-1] INFO  server.RaftServerConfigKeys (ConfUtils.java:logGet(43)) - raft.server.log.queue.element-limit = 1024 (custom)
2019-09-19 14:38:55,029 [pool-261-thread-1] INFO  server.RaftServerConfigKeys (ConfUtils.java:logGet(43)) - raft.server.log.segment.size.max = 1048576 (custom)
2019-09-19 14:38:55,029 [pool-261-thread-1] INFO  server.RaftServerConfigKeys (ConfUtils.java:logGet(43)) - raft.server.log.preallocated.size = 16384 (custom)
2019-09-19 14:38:55,029 [pool-261-thread-1] INFO  server.RaftServerConfigKeys (ConfUtils.java:logGet(43)) - raft.server.log.write.buffer.size = 33554432 (custom)
2019-09-19 14:38:55,029 [pool-261-thread-1] INFO  server.RaftServerConfigKeys (ConfUtils.java:logGet(43)) - raft.server.log.force.sync.num = 128 (default)
2019-09-19 14:38:55,029 [pool-261-thread-1] INFO  server.RaftServerConfigKeys (ConfUtils.java:logGet(43)) - raft.server.log.statemachine.data.sync = true (default)
2019-09-19 14:38:55,030 [pool-261-thread-1] INFO  server.RaftServerConfigKeys (ConfUtils.java:logGet(43)) - raft.server.log.statemachine.data.sync.timeout = 10s (default)
2019-09-19 14:38:55,030 [pool-261-thread-1] INFO  server.RaftServerConfigKeys (ConfUtils.java:logGet(43)) - raft.server.log.statemachine.data.sync.timeout.retry = -1 (default)
2019-09-19 14:38:55,030 [pool-261-thread-1] INFO  server.RaftServerConfigKeys (ConfUtils.java:logGet(43)) - raft.server.log.statemachine.data.caching.enabled = true (custom)
2019-09-19 14:38:55,030 [pool-261-thread-1] INFO  segmented.SegmentedRaftLogWorker (SegmentedRaftLogWorker.java:lambda$new$0(132)) - 363a6dbc-c2cf-4b88-9aba-10b7f3b32b0a-SegmentedRaftLogWorker:Storage Directory /workdir/hadoop-ozone/ozonefs/target/test-dir/MiniOzoneClusterImpl-db9f3d9a-89c7-47d2-a400-08c292cbeea5/datanode-2/data/ratis/489f146a-32e6-4b5e-ac78-eb32ddd31ef8: flushIndex: setUnconditionally 0 -> -1
2019-09-19 14:38:55,030 [pool-261-thread-1] INFO  server.RaftServerConfigKeys (ConfUtils.java:logGet(43)) - raft.server.snapshot.auto.trigger.enabled = true (custom)
2019-09-19 14:38:55,031 [pool-261-thread-1] INFO  server.RaftServerConfigKeys (ConfUtils.java:logGet(43)) - raft.server.snapshot.auto.trigger.threshold = 10000 (custom)
2019-09-19 14:38:55,031 [pool-261-thread-1] INFO  server.RaftServerConfigKeys (ConfUtils.java:logGet(43)) - raft.server.retrycache.expirytime = 600000ms (custom)
2019-09-19 14:38:55,031 [pool-261-thread-1] INFO  impl.RaftServerImpl (RaftServerImpl.java:start(180)) - 363a6dbc-c2cf-4b88-9aba-10b7f3b32b0a: start group-EB32DDD31EF8
2019-09-19 14:38:55,031 [pool-261-thread-1] INFO  impl.RaftServerImpl (RaftServerImpl.java:setRole(171)) - 363a6dbc-c2cf-4b88-9aba-10b7f3b32b0a:group-EB32DDD31EF8 changes role from null to FOLLOWER at term 0 for startAsFollower
2019-09-19 14:38:55,031 [pool-261-thread-1] INFO  impl.RoleInfo (RoleInfo.java:updateAndGet(143)) - 363a6dbc-c2cf-4b88-9aba-10b7f3b32b0a: start FollowerState
2019-09-19 14:38:55,031 [pool-261-thread-1] INFO  util.JmxRegister (JmxRegister.java:tryRegister(44)) - Successfully registered JMX Bean with object name Ratis:service=RaftServer,group=group-EB32DDD31EF8,id=363a6dbc-c2cf-4b88-9aba-10b7f3b32b0a
2019-09-19 14:38:55,035 [RatisPipelineUtilsThread] INFO  pipeline.PipelineStateManager (PipelineStateManager.java:addPipeline(56)) - Created pipeline Pipeline[ Id: 489f146a-32e6-4b5e-ac78-eb32ddd31ef8, Nodes: 363a6dbc-c2cf-4b88-9aba-10b7f3b32b0a{ip: 192.168.5.132, host: pr-hdds-1569-rzdr8-3403194166, networkLocation: /default-rack, certSerialId: null}, Type:RATIS, Factor:ONE, State:OPEN]
2019-09-19 14:38:55,035 [RatisPipelineUtilsThread] ERROR pipeline.PipelinePlacementPolicy (PipelinePlacementPolicy.java:meetCriteria(91)) - Pipeline Placement: Doesn't meet the criteria to be viable node. Heaviness: 6
2019-09-19 14:38:55,036 [RatisPipelineUtilsThread] ERROR pipeline.PipelinePlacementPolicy (PipelinePlacementPolicy.java:meetCriteria(91)) - Pipeline Placement: Doesn't meet the criteria to be viable node. Heaviness: 6
2019-09-19 14:38:55,041 [grpc-default-executor-0] INFO  impl.RaftServerProxy (RaftServerProxy.java:addNew(89)) - 363a6dbc-c2cf-4b88-9aba-10b7f3b32b0a: addNew group-166FF625799D:[363a6dbc-c2cf-4b88-9aba-10b7f3b32b0a:192.168.5.132:40194] returns group-166FF625799D:java.util.concurrent.CompletableFuture@6ac59c45[Not completed]
2019-09-19 14:38:55,042 [pool-261-thread-1] INFO  impl.RaftServerImpl (RaftServerImpl.java:<init>(93)) - 363a6dbc-c2cf-4b88-9aba-10b7f3b32b0a: new RaftServerImpl for group-166FF625799D:[363a6dbc-c2cf-4b88-9aba-10b7f3b32b0a:192.168.5.132:40194] with ContainerStateMachine:uninitialized
2019-09-19 14:38:55,042 [pool-261-thread-1] INFO  server.RaftServerConfigKeys (ConfUtils.java:logGet(43)) - raft.server.rpc.timeout.min = 5s (custom)
2019-09-19 14:38:55,042 [pool-261-thread-1] INFO  server.RaftServerConfigKeys (ConfUtils.java:logGet(43)) - raft.server.rpc.timeout.max = 5200ms (custom)
2019-09-19 14:38:55,042 [pool-261-thread-1] INFO  server.RaftServerConfigKeys (ConfUtils.java:logGet(43)) - raft.server.rpcslowness.timeout = 120s (custom)
2019-09-19 14:38:55,042 [pool-261-thread-1] INFO  server.RaftServerConfigKeys (ConfUtils.java:logGet(43)) - raft.server.sleep.deviation.threshold = 300 (default)
2019-09-19 14:38:55,042 [pool-261-thread-1] INFO  server.RaftServerConfigKeys (ConfUtils.java:logGet(43)) - raft.server.log.appender.install.snapshot.enabled = false (custom)
2019-09-19 14:38:55,042 [pool-261-thread-1] INFO  impl.RaftServerImpl (ServerState.java:<init>(105)) - 363a6dbc-c2cf-4b88-9aba-10b7f3b32b0a:group-166FF625799D ConfigurationManager, init=-1: [363a6dbc-c2cf-4b88-9aba-10b7f3b32b0a:192.168.5.132:40194], old=null, confs=<EMPTY_MAP>
2019-09-19 14:38:55,043 [pool-261-thread-1] INFO  server.RaftServerConfigKeys (ConfUtils.java:logGet(43)) - raft.server.storage.dir = [/workdir/hadoop-ozone/ozonefs/target/test-dir/MiniOzoneClusterImpl-db9f3d9a-89c7-47d2-a400-08c292cbeea5/datanode-2/data/ratis] (custom)
2019-09-19 14:38:55,043 [pool-261-thread-1] INFO  storage.RaftStorageDirectory (RaftStorageDirectory.java:analyzeStorage(246)) - The storage directory /workdir/hadoop-ozone/ozonefs/target/test-dir/MiniOzoneClusterImpl-db9f3d9a-89c7-47d2-a400-08c292cbeea5/datanode-2/data/ratis/e3dbb2ef-51bc-475c-9512-166ff625799d does not exist. Creating ...
2019-09-19 14:38:55,068 [pool-261-thread-1] INFO  storage.RaftStorageDirectory (RaftStorageDirectory.java:tryLock(328)) - Lock on /workdir/hadoop-ozone/ozonefs/target/test-dir/MiniOzoneClusterImpl-db9f3d9a-89c7-47d2-a400-08c292cbeea5/datanode-2/data/ratis/e3dbb2ef-51bc-475c-9512-166ff625799d/in_use.lock acquired by nodename 25220@pr-hdds-1569-rzdr8-3403194166
2019-09-19 14:38:55,089 [pool-261-thread-1] INFO  storage.RaftStorage (RaftStorage.java:format(72)) - Storage directory /workdir/hadoop-ozone/ozonefs/target/test-dir/MiniOzoneClusterImpl-db9f3d9a-89c7-47d2-a400-08c292cbeea5/datanode-2/data/ratis/e3dbb2ef-51bc-475c-9512-166ff625799d has been successfully formatted.
2019-09-19 14:38:55,089 [pool-261-thread-1] INFO  ratis.ContainerStateMachine (ContainerStateMachine.java:loadSnapshot(226)) - group-166FF625799D: The snapshot info is null. Setting the last applied indexto:(t:0, i:~)
2019-09-19 14:38:55,090 [pool-261-thread-1] INFO  server.RaftServerConfigKeys (ConfUtils.java:logGet(43)) - raft.server.leader.election.timeout = 120s (custom)
2019-09-19 14:38:55,090 [pool-261-thread-1] INFO  server.RaftServerConfigKeys (ConfUtils.java:logGet(43)) - raft.server.log.use.memory = false (default)
2019-09-19 14:38:55,090 [pool-261-thread-1] INFO  server.RaftServerConfigKeys (ConfUtils.java:logGet(43)) - raft.server.log.purge.gap = 1000000 (custom)
2019-09-19 14:38:55,090 [pool-261-thread-1] INFO  server.RaftServerConfigKeys (ConfUtils.java:logGet(43)) - raft.server.log.appender.buffer.byte-limit = 33554432 (custom)
2019-09-19 14:38:55,090 [pool-261-thread-1] INFO  server.RaftServerConfigKeys (ConfUtils.java:logGet(43)) - raft.server.log.segment.size.max = 1048576 (custom)
2019-09-19 14:38:55,090 [pool-261-thread-1] INFO  server.RaftServerConfigKeys (ConfUtils.java:logGet(43)) - raft.server.log.segment.cache.num.max = 2 (custom)
2019-09-19 14:38:55,091 [pool-261-thread-1] INFO  segmented.SegmentedRaftLogWorker (SegmentedRaftLogWorker.java:<init>(172)) - new 363a6dbc-c2cf-4b88-9aba-10b7f3b32b0a-SegmentedRaftLogWorker:Storage Directory /workdir/hadoop-ozone/ozonefs/target/test-dir/MiniOzoneClusterImpl-db9f3d9a-89c7-47d2-a400-08c292cbeea5/datanode-2/data/ratis/e3dbb2ef-51bc-475c-9512-166ff625799d for RaftStorage:Storage Directory /workdir/hadoop-ozone/ozonefs/target/test-dir/MiniOzoneClusterImpl-db9f3d9a-89c7-47d2-a400-08c292cbeea5/datanode-2/data/ratis/e3dbb2ef-51bc-475c-9512-166ff625799d
2019-09-19 14:38:55,091 [pool-261-thread-1] INFO  server.RaftServerConfigKeys (ConfUtils.java:logGet(43)) - raft.server.log.queue.byte-limit = 2147483647 (custom)
2019-09-19 14:38:55,091 [pool-261-thread-1] INFO  server.RaftServerConfigKeys (ConfUtils.java:logGet(43)) - raft.server.log.queue.element-limit = 1024 (custom)
2019-09-19 14:38:55,091 [pool-261-thread-1] INFO  server.RaftServerConfigKeys (ConfUtils.java:logGet(43)) - raft.server.log.segment.size.max = 1048576 (custom)
2019-09-19 14:38:55,091 [pool-261-thread-1] INFO  server.RaftServerConfigKeys (ConfUtils.java:logGet(43)) - raft.server.log.preallocated.size = 16384 (custom)
2019-09-19 14:38:55,091 [pool-261-thread-1] INFO  server.RaftServerConfigKeys (ConfUtils.java:logGet(43)) - raft.server.log.write.buffer.size = 33554432 (custom)
2019-09-19 14:38:55,092 [pool-261-thread-1] INFO  server.RaftServerConfigKeys (ConfUtils.java:logGet(43)) - raft.server.log.force.sync.num = 128 (default)
2019-09-19 14:38:55,092 [pool-261-thread-1] INFO  server.RaftServerConfigKeys (ConfUtils.java:logGet(43)) - raft.server.log.statemachine.data.sync = true (default)
2019-09-19 14:38:55,092 [pool-261-thread-1] INFO  server.RaftServerConfigKeys (ConfUtils.java:logGet(43)) - raft.server.log.statemachine.data.sync.timeout = 10s (default)
2019-09-19 14:38:55,092 [pool-261-thread-1] INFO  server.RaftServerConfigKeys (ConfUtils.java:logGet(43)) - raft.server.log.statemachine.data.sync.timeout.retry = -1 (default)
2019-09-19 14:38:55,092 [pool-261-thread-1] INFO  server.RaftServerConfigKeys (ConfUtils.java:logGet(43)) - raft.server.log.statemachine.data.caching.enabled = true (custom)
2019-09-19 14:38:55,093 [pool-261-thread-1] INFO  segmented.SegmentedRaftLogWorker (SegmentedRaftLogWorker.java:lambda$new$0(132)) - 363a6dbc-c2cf-4b88-9aba-10b7f3b32b0a-SegmentedRaftLogWorker:Storage Directory /workdir/hadoop-ozone/ozonefs/target/test-dir/MiniOzoneClusterImpl-db9f3d9a-89c7-47d2-a400-08c292cbeea5/datanode-2/data/ratis/e3dbb2ef-51bc-475c-9512-166ff625799d: flushIndex: setUnconditionally 0 -> -1
2019-09-19 14:38:55,093 [pool-261-thread-1] INFO  server.RaftServerConfigKeys (ConfUtils.java:logGet(43)) - raft.server.snapshot.auto.trigger.enabled = true (custom)
2019-09-19 14:38:55,093 [pool-261-thread-1] INFO  server.RaftServerConfigKeys (ConfUtils.java:logGet(43)) - raft.server.snapshot.auto.trigger.threshold = 10000 (custom)
2019-09-19 14:38:55,093 [pool-261-thread-1] INFO  server.RaftServerConfigKeys (ConfUtils.java:logGet(43)) - raft.server.retrycache.expirytime = 600000ms (custom)
2019-09-19 14:38:55,094 [pool-261-thread-1] INFO  impl.RaftServerImpl (RaftServerImpl.java:start(180)) - 363a6dbc-c2cf-4b88-9aba-10b7f3b32b0a: start group-166FF625799D
2019-09-19 14:38:55,094 [pool-261-thread-1] INFO  impl.RaftServerImpl (RaftServerImpl.java:setRole(171)) - 363a6dbc-c2cf-4b88-9aba-10b7f3b32b0a:group-166FF625799D changes role from null to FOLLOWER at term 0 for startAsFollower
2019-09-19 14:38:55,094 [pool-261-thread-1] INFO  impl.RoleInfo (RoleInfo.java:updateAndGet(143)) - 363a6dbc-c2cf-4b88-9aba-10b7f3b32b0a: start FollowerState
2019-09-19 14:38:55,095 [pool-261-thread-1] INFO  util.JmxRegister (JmxRegister.java:tryRegister(44)) - Successfully registered JMX Bean with object name Ratis:service=RaftServer,group=group-166FF625799D,id=363a6dbc-c2cf-4b88-9aba-10b7f3b32b0a
2019-09-19 14:38:55,098 [RatisPipelineUtilsThread] INFO  pipeline.PipelineStateManager (PipelineStateManager.java:addPipeline(56)) - Created pipeline Pipeline[ Id: e3dbb2ef-51bc-475c-9512-166ff625799d, Nodes: 363a6dbc-c2cf-4b88-9aba-10b7f3b32b0a{ip: 192.168.5.132, host: pr-hdds-1569-rzdr8-3403194166, networkLocation: /default-rack, certSerialId: null}, Type:RATIS, Factor:ONE, State:OPEN]
2019-09-19 14:38:55,098 [RatisPipelineUtilsThread] ERROR pipeline.PipelinePlacementPolicy (PipelinePlacementPolicy.java:meetCriteria(91)) - Pipeline Placement: Doesn't meet the criteria to be viable node. Heaviness: 6
2019-09-19 14:38:55,098 [RatisPipelineUtilsThread] ERROR pipeline.PipelinePlacementPolicy (PipelinePlacementPolicy.java:meetCriteria(91)) - Pipeline Placement: Doesn't meet the criteria to be viable node. Heaviness: 6
2019-09-19 14:38:55,104 [grpc-default-executor-0] INFO  impl.RaftServerProxy (RaftServerProxy.java:addNew(89)) - 363a6dbc-c2cf-4b88-9aba-10b7f3b32b0a: addNew group-7A7B52B30F7E:[363a6dbc-c2cf-4b88-9aba-10b7f3b32b0a:192.168.5.132:40194] returns group-7A7B52B30F7E:java.util.concurrent.CompletableFuture@34de0350[Not completed]
2019-09-19 14:38:55,106 [pool-261-thread-1] INFO  impl.RaftServerImpl (RaftServerImpl.java:<init>(93)) - 363a6dbc-c2cf-4b88-9aba-10b7f3b32b0a: new RaftServerImpl for group-7A7B52B30F7E:[363a6dbc-c2cf-4b88-9aba-10b7f3b32b0a:192.168.5.132:40194] with ContainerStateMachine:uninitialized
2019-09-19 14:38:55,106 [pool-261-thread-1] INFO  server.RaftServerConfigKeys (ConfUtils.java:logGet(43)) - raft.server.rpc.timeout.min = 5s (custom)
2019-09-19 14:38:55,106 [pool-261-thread-1] INFO  server.RaftServerConfigKeys (ConfUtils.java:logGet(43)) - raft.server.rpc.timeout.max = 5200ms (custom)
2019-09-19 14:38:55,106 [pool-261-thread-1] INFO  server.RaftServerConfigKeys (ConfUtils.java:logGet(43)) - raft.server.rpcslowness.timeout = 120s (custom)
2019-09-19 14:38:55,106 [pool-261-thread-1] INFO  server.RaftServerConfigKeys (ConfUtils.java:logGet(43)) - raft.server.sleep.deviation.threshold = 300 (default)
2019-09-19 14:38:55,107 [pool-261-thread-1] INFO  server.RaftServerConfigKeys (ConfUtils.java:logGet(43)) - raft.server.log.appender.install.snapshot.enabled = false (custom)
2019-09-19 14:38:55,107 [pool-261-thread-1] INFO  impl.RaftServerImpl (ServerState.java:<init>(105)) - 363a6dbc-c2cf-4b88-9aba-10b7f3b32b0a:group-7A7B52B30F7E ConfigurationManager, init=-1: [363a6dbc-c2cf-4b88-9aba-10b7f3b32b0a:192.168.5.132:40194], old=null, confs=<EMPTY_MAP>
2019-09-19 14:38:55,107 [pool-261-thread-1] INFO  server.RaftServerConfigKeys (ConfUtils.java:logGet(43)) - raft.server.storage.dir = [/workdir/hadoop-ozone/ozonefs/target/test-dir/MiniOzoneClusterImpl-db9f3d9a-89c7-47d2-a400-08c292cbeea5/datanode-2/data/ratis] (custom)
2019-09-19 14:38:55,107 [pool-261-thread-1] INFO  storage.RaftStorageDirectory (RaftStorageDirectory.java:analyzeStorage(246)) - The storage directory /workdir/hadoop-ozone/ozonefs/target/test-dir/MiniOzoneClusterImpl-db9f3d9a-89c7-47d2-a400-08c292cbeea5/datanode-2/data/ratis/4247e39e-cb98-44e1-82fc-7a7b52b30f7e does not exist. Creating ...
2019-09-19 14:38:55,134 [pool-261-thread-1] INFO  storage.RaftStorageDirectory (RaftStorageDirectory.java:tryLock(328)) - Lock on /workdir/hadoop-ozone/ozonefs/target/test-dir/MiniOzoneClusterImpl-db9f3d9a-89c7-47d2-a400-08c292cbeea5/datanode-2/data/ratis/4247e39e-cb98-44e1-82fc-7a7b52b30f7e/in_use.lock acquired by nodename 25220@pr-hdds-1569-rzdr8-3403194166
2019-09-19 14:38:55,159 [pool-261-thread-1] INFO  storage.RaftStorage (RaftStorage.java:format(72)) - Storage directory /workdir/hadoop-ozone/ozonefs/target/test-dir/MiniOzoneClusterImpl-db9f3d9a-89c7-47d2-a400-08c292cbeea5/datanode-2/data/ratis/4247e39e-cb98-44e1-82fc-7a7b52b30f7e has been successfully formatted.
2019-09-19 14:38:55,160 [pool-261-thread-1] INFO  ratis.ContainerStateMachine (ContainerStateMachine.java:loadSnapshot(226)) - group-7A7B52B30F7E: The snapshot info is null. Setting the last applied indexto:(t:0, i:~)
2019-09-19 14:38:55,160 [pool-261-thread-1] INFO  server.RaftServerConfigKeys (ConfUtils.java:logGet(43)) - raft.server.leader.election.timeout = 120s (custom)
2019-09-19 14:38:55,160 [pool-261-thread-1] INFO  server.RaftServerConfigKeys (ConfUtils.java:logGet(43)) - raft.server.log.use.memory = false (default)
2019-09-19 14:38:55,160 [pool-261-thread-1] INFO  server.RaftServerConfigKeys (ConfUtils.java:logGet(43)) - raft.server.log.purge.gap = 1000000 (custom)
2019-09-19 14:38:55,160 [pool-261-thread-1] INFO  server.RaftServerConfigKeys (ConfUtils.java:logGet(43)) - raft.server.log.appender.buffer.byte-limit = 33554432 (custom)
2019-09-19 14:38:55,160 [pool-261-thread-1] INFO  server.RaftServerConfigKeys (ConfUtils.java:logGet(43)) - raft.server.log.segment.size.max = 1048576 (custom)
2019-09-19 14:38:55,160 [pool-261-thread-1] INFO  server.RaftServerConfigKeys (ConfUtils.java:logGet(43)) - raft.server.log.segment.cache.num.max = 2 (custom)
2019-09-19 14:38:55,161 [pool-261-thread-1] INFO  segmented.SegmentedRaftLogWorker (SegmentedRaftLogWorker.java:<init>(172)) - new 363a6dbc-c2cf-4b88-9aba-10b7f3b32b0a-SegmentedRaftLogWorker:Storage Directory /workdir/hadoop-ozone/ozonefs/target/test-dir/MiniOzoneClusterImpl-db9f3d9a-89c7-47d2-a400-08c292cbeea5/datanode-2/data/ratis/4247e39e-cb98-44e1-82fc-7a7b52b30f7e for RaftStorage:Storage Directory /workdir/hadoop-ozone/ozonefs/target/test-dir/MiniOzoneClusterImpl-db9f3d9a-89c7-47d2-a400-08c292cbeea5/datanode-2/data/ratis/4247e39e-cb98-44e1-82fc-7a7b52b30f7e
2019-09-19 14:38:55,161 [pool-261-thread-1] INFO  server.RaftServerConfigKeys (ConfUtils.java:logGet(43)) - raft.server.log.queue.byte-limit = 2147483647 (custom)
2019-09-19 14:38:55,161 [pool-261-thread-1] INFO  server.RaftServerConfigKeys (ConfUtils.java:logGet(43)) - raft.server.log.queue.element-limit = 1024 (custom)
2019-09-19 14:38:55,161 [pool-261-thread-1] INFO  server.RaftServerConfigKeys (ConfUtils.java:logGet(43)) - raft.server.log.segment.size.max = 1048576 (custom)
2019-09-19 14:38:55,161 [pool-261-thread-1] INFO  server.RaftServerConfigKeys (ConfUtils.java:logGet(43)) - raft.server.log.preallocated.size = 16384 (custom)
2019-09-19 14:38:55,161 [pool-261-thread-1] INFO  server.RaftServerConfigKeys (ConfUtils.java:logGet(43)) - raft.server.log.write.buffer.size = 33554432 (custom)
2019-09-19 14:38:55,161 [pool-261-thread-1] INFO  server.RaftServerConfigKeys (ConfUtils.java:logGet(43)) - raft.server.log.force.sync.num = 128 (default)
2019-09-19 14:38:55,161 [pool-261-thread-1] INFO  server.RaftServerConfigKeys (ConfUtils.java:logGet(43)) - raft.server.log.statemachine.data.sync = true (default)
2019-09-19 14:38:55,162 [pool-261-thread-1] INFO  server.RaftServerConfigKeys (ConfUtils.java:logGet(43)) - raft.server.log.statemachine.data.sync.timeout = 10s (default)
2019-09-19 14:38:55,162 [pool-261-thread-1] INFO  server.RaftServerConfigKeys (ConfUtils.java:logGet(43)) - raft.server.log.statemachine.data.sync.timeout.retry = -1 (default)
2019-09-19 14:38:55,162 [pool-261-thread-1] INFO  server.RaftServerConfigKeys (ConfUtils.java:logGet(43)) - raft.server.log.statemachine.data.caching.enabled = true (custom)
2019-09-19 14:38:55,162 [pool-261-thread-1] INFO  segmented.SegmentedRaftLogWorker (SegmentedRaftLogWorker.java:lambda$new$0(132)) - 363a6dbc-c2cf-4b88-9aba-10b7f3b32b0a-SegmentedRaftLogWorker:Storage Directory /workdir/hadoop-ozone/ozonefs/target/test-dir/MiniOzoneClusterImpl-db9f3d9a-89c7-47d2-a400-08c292cbeea5/datanode-2/data/ratis/4247e39e-cb98-44e1-82fc-7a7b52b30f7e: flushIndex: setUnconditionally 0 -> -1
2019-09-19 14:38:55,162 [pool-261-thread-1] INFO  server.RaftServerConfigKeys (ConfUtils.java:logGet(43)) - raft.server.snapshot.auto.trigger.enabled = true (custom)
2019-09-19 14:38:55,163 [pool-261-thread-1] INFO  server.RaftServerConfigKeys (ConfUtils.java:logGet(43)) - raft.server.snapshot.auto.trigger.threshold = 10000 (custom)
2019-09-19 14:38:55,163 [pool-261-thread-1] INFO  server.RaftServerConfigKeys (ConfUtils.java:logGet(43)) - raft.server.retrycache.expirytime = 600000ms (custom)
2019-09-19 14:38:55,163 [pool-261-thread-1] INFO  impl.RaftServerImpl (RaftServerImpl.java:start(180)) - 363a6dbc-c2cf-4b88-9aba-10b7f3b32b0a: start group-7A7B52B30F7E
2019-09-19 14:38:55,163 [pool-261-thread-1] INFO  impl.RaftServerImpl (RaftServerImpl.java:setRole(171)) - 363a6dbc-c2cf-4b88-9aba-10b7f3b32b0a:group-7A7B52B30F7E changes role from null to FOLLOWER at term 0 for startAsFollower
2019-09-19 14:38:55,163 [pool-261-thread-1] INFO  impl.RoleInfo (RoleInfo.java:updateAndGet(143)) - 363a6dbc-c2cf-4b88-9aba-10b7f3b32b0a: start FollowerState
2019-09-19 14:38:55,163 [pool-261-thread-1] INFO  util.JmxRegister (JmxRegister.java:tryRegister(44)) - Successfully registered JMX Bean with object name Ratis:service=RaftServer,group=group-7A7B52B30F7E,id=363a6dbc-c2cf-4b88-9aba-10b7f3b32b0a
2019-09-19 14:38:55,166 [RatisPipelineUtilsThread] INFO  pipeline.PipelineStateManager (PipelineStateManager.java:addPipeline(56)) - Created pipeline Pipeline[ Id: 4247e39e-cb98-44e1-82fc-7a7b52b30f7e, Nodes: 363a6dbc-c2cf-4b88-9aba-10b7f3b32b0a{ip: 192.168.5.132, host: pr-hdds-1569-rzdr8-3403194166, networkLocation: /default-rack, certSerialId: null}, Type:RATIS, Factor:ONE, State:OPEN]
2019-09-19 14:38:55,167 [RatisPipelineUtilsThread] ERROR pipeline.PipelinePlacementPolicy (PipelinePlacementPolicy.java:meetCriteria(91)) - Pipeline Placement: Doesn't meet the criteria to be viable node. Heaviness: 6
2019-09-19 14:38:55,167 [RatisPipelineUtilsThread] ERROR pipeline.PipelinePlacementPolicy (PipelinePlacementPolicy.java:meetCriteria(91)) - Pipeline Placement: Doesn't meet the criteria to be viable node. Heaviness: 6
2019-09-19 14:38:55,172 [grpc-default-executor-0] INFO  impl.RaftServerProxy (RaftServerProxy.java:addNew(89)) - 363a6dbc-c2cf-4b88-9aba-10b7f3b32b0a: addNew group-0DDA78125191:[363a6dbc-c2cf-4b88-9aba-10b7f3b32b0a:192.168.5.132:40194] returns group-0DDA78125191:java.util.concurrent.CompletableFuture@6780c4e7[Not completed]
2019-09-19 14:38:55,173 [pool-261-thread-1] INFO  impl.RaftServerImpl (RaftServerImpl.java:<init>(93)) - 363a6dbc-c2cf-4b88-9aba-10b7f3b32b0a: new RaftServerImpl for group-0DDA78125191:[363a6dbc-c2cf-4b88-9aba-10b7f3b32b0a:192.168.5.132:40194] with ContainerStateMachine:uninitialized
2019-09-19 14:38:55,173 [pool-261-thread-1] INFO  server.RaftServerConfigKeys (ConfUtils.java:logGet(43)) - raft.server.rpc.timeout.min = 5s (custom)
2019-09-19 14:38:55,173 [pool-261-thread-1] INFO  server.RaftServerConfigKeys (ConfUtils.java:logGet(43)) - raft.server.rpc.timeout.max = 5200ms (custom)
2019-09-19 14:38:55,173 [pool-261-thread-1] INFO  server.RaftServerConfigKeys (ConfUtils.java:logGet(43)) - raft.server.rpcslowness.timeout = 120s (custom)
2019-09-19 14:38:55,173 [pool-261-thread-1] INFO  server.RaftServerConfigKeys (ConfUtils.java:logGet(43)) - raft.server.sleep.deviation.threshold = 300 (default)
2019-09-19 14:38:55,173 [pool-261-thread-1] INFO  server.RaftServerConfigKeys (ConfUtils.java:logGet(43)) - raft.server.log.appender.install.snapshot.enabled = false (custom)
2019-09-19 14:38:55,174 [pool-261-thread-1] INFO  impl.RaftServerImpl (ServerState.java:<init>(105)) - 363a6dbc-c2cf-4b88-9aba-10b7f3b32b0a:group-0DDA78125191 ConfigurationManager, init=-1: [363a6dbc-c2cf-4b88-9aba-10b7f3b32b0a:192.168.5.132:40194], old=null, confs=<EMPTY_MAP>
2019-09-19 14:38:55,174 [pool-261-thread-1] INFO  server.RaftServerConfigKeys (ConfUtils.java:logGet(43)) - raft.server.storage.dir = [/workdir/hadoop-ozone/ozonefs/target/test-dir/MiniOzoneClusterImpl-db9f3d9a-89c7-47d2-a400-08c292cbeea5/datanode-2/data/ratis] (custom)
2019-09-19 14:38:55,174 [pool-261-thread-1] INFO  storage.RaftStorageDirectory (RaftStorageDirectory.java:analyzeStorage(246)) - The storage directory /workdir/hadoop-ozone/ozonefs/target/test-dir/MiniOzoneClusterImpl-db9f3d9a-89c7-47d2-a400-08c292cbeea5/datanode-2/data/ratis/4402c7e3-2aba-455b-8517-0dda78125191 does not exist. Creating ...
2019-09-19 14:38:55,197 [pool-261-thread-1] INFO  storage.RaftStorageDirectory (RaftStorageDirectory.java:tryLock(328)) - Lock on /workdir/hadoop-ozone/ozonefs/target/test-dir/MiniOzoneClusterImpl-db9f3d9a-89c7-47d2-a400-08c292cbeea5/datanode-2/data/ratis/4402c7e3-2aba-455b-8517-0dda78125191/in_use.lock acquired by nodename 25220@pr-hdds-1569-rzdr8-3403194166
2019-09-19 14:38:55,216 [pool-261-thread-1] INFO  storage.RaftStorage (RaftStorage.java:format(72)) - Storage directory /workdir/hadoop-ozone/ozonefs/target/test-dir/MiniOzoneClusterImpl-db9f3d9a-89c7-47d2-a400-08c292cbeea5/datanode-2/data/ratis/4402c7e3-2aba-455b-8517-0dda78125191 has been successfully formatted.
2019-09-19 14:38:55,216 [pool-261-thread-1] INFO  ratis.ContainerStateMachine (ContainerStateMachine.java:loadSnapshot(226)) - group-0DDA78125191: The snapshot info is null. Setting the last applied indexto:(t:0, i:~)
2019-09-19 14:38:55,216 [pool-261-thread-1] INFO  server.RaftServerConfigKeys (ConfUtils.java:logGet(43)) - raft.server.leader.election.timeout = 120s (custom)
2019-09-19 14:38:55,217 [pool-261-thread-1] INFO  server.RaftServerConfigKeys (ConfUtils.java:logGet(43)) - raft.server.log.use.memory = false (default)
2019-09-19 14:38:55,217 [pool-261-thread-1] INFO  server.RaftServerConfigKeys (ConfUtils.java:logGet(43)) - raft.server.log.purge.gap = 1000000 (custom)
2019-09-19 14:38:55,217 [pool-261-thread-1] INFO  server.RaftServerConfigKeys (ConfUtils.java:logGet(43)) - raft.server.log.appender.buffer.byte-limit = 33554432 (custom)
2019-09-19 14:38:55,217 [pool-261-thread-1] INFO  server.RaftServerConfigKeys (ConfUtils.java:logGet(43)) - raft.server.log.segment.size.max = 1048576 (custom)
2019-09-19 14:38:55,217 [pool-261-thread-1] INFO  server.RaftServerConfigKeys (ConfUtils.java:logGet(43)) - raft.server.log.segment.cache.num.max = 2 (custom)
2019-09-19 14:38:55,217 [pool-261-thread-1] INFO  segmented.SegmentedRaftLogWorker (SegmentedRaftLogWorker.java:<init>(172)) - new 363a6dbc-c2cf-4b88-9aba-10b7f3b32b0a-SegmentedRaftLogWorker:Storage Directory /workdir/hadoop-ozone/ozonefs/target/test-dir/MiniOzoneClusterImpl-db9f3d9a-89c7-47d2-a400-08c292cbeea5/datanode-2/data/ratis/4402c7e3-2aba-455b-8517-0dda78125191 for RaftStorage:Storage Directory /workdir/hadoop-ozone/ozonefs/target/test-dir/MiniOzoneClusterImpl-db9f3d9a-89c7-47d2-a400-08c292cbeea5/datanode-2/data/ratis/4402c7e3-2aba-455b-8517-0dda78125191
2019-09-19 14:38:55,217 [pool-261-thread-1] INFO  server.RaftServerConfigKeys (ConfUtils.java:logGet(43)) - raft.server.log.queue.byte-limit = 2147483647 (custom)
2019-09-19 14:38:55,218 [pool-261-thread-1] INFO  server.RaftServerConfigKeys (ConfUtils.java:logGet(43)) - raft.server.log.queue.element-limit = 1024 (custom)
2019-09-19 14:38:55,218 [pool-261-thread-1] INFO  server.RaftServerConfigKeys (ConfUtils.java:logGet(43)) - raft.server.log.segment.size.max = 1048576 (custom)
2019-09-19 14:38:55,218 [pool-261-thread-1] INFO  server.RaftServerConfigKeys (ConfUtils.java:logGet(43)) - raft.server.log.preallocated.size = 16384 (custom)
2019-09-19 14:38:55,218 [pool-261-thread-1] INFO  server.RaftServerConfigKeys (ConfUtils.java:logGet(43)) - raft.server.log.write.buffer.size = 33554432 (custom)
2019-09-19 14:38:55,218 [pool-261-thread-1] INFO  server.RaftServerConfigKeys (ConfUtils.java:logGet(43)) - raft.server.log.force.sync.num = 128 (default)
2019-09-19 14:38:55,218 [pool-261-thread-1] INFO  server.RaftServerConfigKeys (ConfUtils.java:logGet(43)) - raft.server.log.statemachine.data.sync = true (default)
2019-09-19 14:38:55,218 [pool-261-thread-1] INFO  server.RaftServerConfigKeys (ConfUtils.java:logGet(43)) - raft.server.log.statemachine.data.sync.timeout = 10s (default)
2019-09-19 14:38:55,218 [pool-261-thread-1] INFO  server.RaftServerConfigKeys (ConfUtils.java:logGet(43)) - raft.server.log.statemachine.data.sync.timeout.retry = -1 (default)
2019-09-19 14:38:55,219 [pool-261-thread-1] INFO  server.RaftServerConfigKeys (ConfUtils.java:logGet(43)) - raft.server.log.statemachine.data.caching.enabled = true (custom)
2019-09-19 14:38:55,219 [pool-261-thread-1] INFO  segmented.SegmentedRaftLogWorker (SegmentedRaftLogWorker.java:lambda$new$0(132)) - 363a6dbc-c2cf-4b88-9aba-10b7f3b32b0a-SegmentedRaftLogWorker:Storage Directory /workdir/hadoop-ozone/ozonefs/target/test-dir/MiniOzoneClusterImpl-db9f3d9a-89c7-47d2-a400-08c292cbeea5/datanode-2/data/ratis/4402c7e3-2aba-455b-8517-0dda78125191: flushIndex: setUnconditionally 0 -> -1
2019-09-19 14:38:55,219 [pool-261-thread-1] INFO  server.RaftServerConfigKeys (ConfUtils.java:logGet(43)) - raft.server.snapshot.auto.trigger.enabled = true (custom)
2019-09-19 14:38:55,219 [pool-261-thread-1] INFO  server.RaftServerConfigKeys (ConfUtils.java:logGet(43)) - raft.server.snapshot.auto.trigger.threshold = 10000 (custom)
2019-09-19 14:38:55,220 [pool-261-thread-1] INFO  server.RaftServerConfigKeys (ConfUtils.java:logGet(43)) - raft.server.retrycache.expirytime = 600000ms (custom)
2019-09-19 14:38:55,220 [pool-261-thread-1] INFO  impl.RaftServerImpl (RaftServerImpl.java:start(180)) - 363a6dbc-c2cf-4b88-9aba-10b7f3b32b0a: start group-0DDA78125191
2019-09-19 14:38:55,220 [pool-261-thread-1] INFO  impl.RaftServerImpl (RaftServerImpl.java:setRole(171)) - 363a6dbc-c2cf-4b88-9aba-10b7f3b32b0a:group-0DDA78125191 changes role from null to FOLLOWER at term 0 for startAsFollower
2019-09-19 14:38:55,220 [pool-261-thread-1] INFO  impl.RoleInfo (RoleInfo.java:updateAndGet(143)) - 363a6dbc-c2cf-4b88-9aba-10b7f3b32b0a: start FollowerState
2019-09-19 14:38:55,220 [pool-261-thread-1] INFO  util.JmxRegister (JmxRegister.java:tryRegister(44)) - Successfully registered JMX Bean with object name Ratis:service=RaftServer,group=group-0DDA78125191,id=363a6dbc-c2cf-4b88-9aba-10b7f3b32b0a
2019-09-19 14:38:55,223 [RatisPipelineUtilsThread] INFO  pipeline.PipelineStateManager (PipelineStateManager.java:addPipeline(56)) - Created pipeline Pipeline[ Id: 4402c7e3-2aba-455b-8517-0dda78125191, Nodes: 363a6dbc-c2cf-4b88-9aba-10b7f3b32b0a{ip: 192.168.5.132, host: pr-hdds-1569-rzdr8-3403194166, networkLocation: /default-rack, certSerialId: null}, Type:RATIS, Factor:ONE, State:OPEN]
2019-09-19 14:38:55,223 [RatisPipelineUtilsThread] ERROR pipeline.PipelinePlacementPolicy (PipelinePlacementPolicy.java:meetCriteria(91)) - Pipeline Placement: Doesn't meet the criteria to be viable node. Heaviness: 6
2019-09-19 14:38:55,223 [RatisPipelineUtilsThread] ERROR pipeline.PipelinePlacementPolicy (PipelinePlacementPolicy.java:meetCriteria(91)) - Pipeline Placement: Doesn't meet the criteria to be viable node. Heaviness: 6
2019-09-19 14:38:55,228 [grpc-default-executor-0] INFO  impl.RaftServerProxy (RaftServerProxy.java:addNew(89)) - 363a6dbc-c2cf-4b88-9aba-10b7f3b32b0a: addNew group-7DEE2DB77202:[363a6dbc-c2cf-4b88-9aba-10b7f3b32b0a:192.168.5.132:40194] returns group-7DEE2DB77202:java.util.concurrent.CompletableFuture@328e14ef[Not completed]
2019-09-19 14:38:55,229 [pool-261-thread-1] INFO  impl.RaftServerImpl (RaftServerImpl.java:<init>(93)) - 363a6dbc-c2cf-4b88-9aba-10b7f3b32b0a: new RaftServerImpl for group-7DEE2DB77202:[363a6dbc-c2cf-4b88-9aba-10b7f3b32b0a:192.168.5.132:40194] with ContainerStateMachine:uninitialized
2019-09-19 14:38:55,229 [pool-261-thread-1] INFO  server.RaftServerConfigKeys (ConfUtils.java:logGet(43)) - raft.server.rpc.timeout.min = 5s (custom)
2019-09-19 14:38:55,229 [pool-261-thread-1] INFO  server.RaftServerConfigKeys (ConfUtils.java:logGet(43)) - raft.server.rpc.timeout.max = 5200ms (custom)
2019-09-19 14:38:55,229 [pool-261-thread-1] INFO  server.RaftServerConfigKeys (ConfUtils.java:logGet(43)) - raft.server.rpcslowness.timeout = 120s (custom)
2019-09-19 14:38:55,229 [pool-261-thread-1] INFO  server.RaftServerConfigKeys (ConfUtils.java:logGet(43)) - raft.server.sleep.deviation.threshold = 300 (default)
2019-09-19 14:38:55,229 [pool-261-thread-1] INFO  server.RaftServerConfigKeys (ConfUtils.java:logGet(43)) - raft.server.log.appender.install.snapshot.enabled = false (custom)
2019-09-19 14:38:55,229 [pool-261-thread-1] INFO  impl.RaftServerImpl (ServerState.java:<init>(105)) - 363a6dbc-c2cf-4b88-9aba-10b7f3b32b0a:group-7DEE2DB77202 ConfigurationManager, init=-1: [363a6dbc-c2cf-4b88-9aba-10b7f3b32b0a:192.168.5.132:40194], old=null, confs=<EMPTY_MAP>
2019-09-19 14:38:55,229 [pool-261-thread-1] INFO  server.RaftServerConfigKeys (ConfUtils.java:logGet(43)) - raft.server.storage.dir = [/workdir/hadoop-ozone/ozonefs/target/test-dir/MiniOzoneClusterImpl-db9f3d9a-89c7-47d2-a400-08c292cbeea5/datanode-2/data/ratis] (custom)
2019-09-19 14:38:55,230 [pool-261-thread-1] INFO  storage.RaftStorageDirectory (RaftStorageDirectory.java:analyzeStorage(246)) - The storage directory /workdir/hadoop-ozone/ozonefs/target/test-dir/MiniOzoneClusterImpl-db9f3d9a-89c7-47d2-a400-08c292cbeea5/datanode-2/data/ratis/b7117f47-09c5-4cc2-8fad-7dee2db77202 does not exist. Creating ...
2019-09-19 14:38:55,266 [pool-261-thread-1] INFO  storage.RaftStorageDirectory (RaftStorageDirectory.java:tryLock(328)) - Lock on /workdir/hadoop-ozone/ozonefs/target/test-dir/MiniOzoneClusterImpl-db9f3d9a-89c7-47d2-a400-08c292cbeea5/datanode-2/data/ratis/b7117f47-09c5-4cc2-8fad-7dee2db77202/in_use.lock acquired by nodename 25220@pr-hdds-1569-rzdr8-3403194166
2019-09-19 14:38:55,300 [pool-261-thread-1] INFO  storage.RaftStorage (RaftStorage.java:format(72)) - Storage directory /workdir/hadoop-ozone/ozonefs/target/test-dir/MiniOzoneClusterImpl-db9f3d9a-89c7-47d2-a400-08c292cbeea5/datanode-2/data/ratis/b7117f47-09c5-4cc2-8fad-7dee2db77202 has been successfully formatted.
2019-09-19 14:38:55,300 [pool-261-thread-1] INFO  ratis.ContainerStateMachine (ContainerStateMachine.java:loadSnapshot(226)) - group-7DEE2DB77202: The snapshot info is null. Setting the last applied indexto:(t:0, i:~)
2019-09-19 14:38:55,300 [pool-261-thread-1] INFO  server.RaftServerConfigKeys (ConfUtils.java:logGet(43)) - raft.server.leader.election.timeout = 120s (custom)
2019-09-19 14:38:55,300 [pool-261-thread-1] INFO  server.RaftServerConfigKeys (ConfUtils.java:logGet(43)) - raft.server.log.use.memory = false (default)
2019-09-19 14:38:55,301 [pool-261-thread-1] INFO  server.RaftServerConfigKeys (ConfUtils.java:logGet(43)) - raft.server.log.purge.gap = 1000000 (custom)
2019-09-19 14:38:55,301 [pool-261-thread-1] INFO  server.RaftServerConfigKeys (ConfUtils.java:logGet(43)) - raft.server.log.appender.buffer.byte-limit = 33554432 (custom)
2019-09-19 14:38:55,301 [pool-261-thread-1] INFO  server.RaftServerConfigKeys (ConfUtils.java:logGet(43)) - raft.server.log.segment.size.max = 1048576 (custom)
2019-09-19 14:38:55,301 [pool-261-thread-1] INFO  server.RaftServerConfigKeys (ConfUtils.java:logGet(43)) - raft.server.log.segment.cache.num.max = 2 (custom)
2019-09-19 14:38:55,301 [pool-261-thread-1] INFO  segmented.SegmentedRaftLogWorker (SegmentedRaftLogWorker.java:<init>(172)) - new 363a6dbc-c2cf-4b88-9aba-10b7f3b32b0a-SegmentedRaftLogWorker:Storage Directory /workdir/hadoop-ozone/ozonefs/target/test-dir/MiniOzoneClusterImpl-db9f3d9a-89c7-47d2-a400-08c292cbeea5/datanode-2/data/ratis/b7117f47-09c5-4cc2-8fad-7dee2db77202 for RaftStorage:Storage Directory /workdir/hadoop-ozone/ozonefs/target/test-dir/MiniOzoneClusterImpl-db9f3d9a-89c7-47d2-a400-08c292cbeea5/datanode-2/data/ratis/b7117f47-09c5-4cc2-8fad-7dee2db77202
2019-09-19 14:38:55,301 [pool-261-thread-1] INFO  server.RaftServerConfigKeys (ConfUtils.java:logGet(43)) - raft.server.log.queue.byte-limit = 2147483647 (custom)
2019-09-19 14:38:55,302 [pool-261-thread-1] INFO  server.RaftServerConfigKeys (ConfUtils.java:logGet(43)) - raft.server.log.queue.element-limit = 1024 (custom)
2019-09-19 14:38:55,302 [pool-261-thread-1] INFO  server.RaftServerConfigKeys (ConfUtils.java:logGet(43)) - raft.server.log.segment.size.max = 1048576 (custom)
2019-09-19 14:38:55,302 [pool-261-thread-1] INFO  server.RaftServerConfigKeys (ConfUtils.java:logGet(43)) - raft.server.log.preallocated.size = 16384 (custom)
2019-09-19 14:38:55,302 [pool-261-thread-1] INFO  server.RaftServerConfigKeys (ConfUtils.java:logGet(43)) - raft.server.log.write.buffer.size = 33554432 (custom)
2019-09-19 14:38:55,302 [pool-261-thread-1] INFO  server.RaftServerConfigKeys (ConfUtils.java:logGet(43)) - raft.server.log.force.sync.num = 128 (default)
2019-09-19 14:38:55,302 [pool-261-thread-1] INFO  server.RaftServerConfigKeys (ConfUtils.java:logGet(43)) - raft.server.log.statemachine.data.sync = true (default)
2019-09-19 14:38:55,303 [pool-261-thread-1] INFO  server.RaftServerConfigKeys (ConfUtils.java:logGet(43)) - raft.server.log.statemachine.data.sync.timeout = 10s (default)
2019-09-19 14:38:55,303 [pool-261-thread-1] INFO  server.RaftServerConfigKeys (ConfUtils.java:logGet(43)) - raft.server.log.statemachine.data.sync.timeout.retry = -1 (default)
2019-09-19 14:38:55,303 [pool-261-thread-1] INFO  server.RaftServerConfigKeys (ConfUtils.java:logGet(43)) - raft.server.log.statemachine.data.caching.enabled = true (custom)
2019-09-19 14:38:55,303 [pool-261-thread-1] INFO  segmented.SegmentedRaftLogWorker (SegmentedRaftLogWorker.java:lambda$new$0(132)) - 363a6dbc-c2cf-4b88-9aba-10b7f3b32b0a-SegmentedRaftLogWorker:Storage Directory /workdir/hadoop-ozone/ozonefs/target/test-dir/MiniOzoneClusterImpl-db9f3d9a-89c7-47d2-a400-08c292cbeea5/datanode-2/data/ratis/b7117f47-09c5-4cc2-8fad-7dee2db77202: flushIndex: setUnconditionally 0 -> -1
2019-09-19 14:38:55,304 [pool-261-thread-1] INFO  server.RaftServerConfigKeys (ConfUtils.java:logGet(43)) - raft.server.snapshot.auto.trigger.enabled = true (custom)
2019-09-19 14:38:55,304 [pool-261-thread-1] INFO  server.RaftServerConfigKeys (ConfUtils.java:logGet(43)) - raft.server.snapshot.auto.trigger.threshold = 10000 (custom)
2019-09-19 14:38:55,304 [pool-261-thread-1] INFO  server.RaftServerConfigKeys (ConfUtils.java:logGet(43)) - raft.server.retrycache.expirytime = 600000ms (custom)
2019-09-19 14:38:55,304 [pool-261-thread-1] INFO  impl.RaftServerImpl (RaftServerImpl.java:start(180)) - 363a6dbc-c2cf-4b88-9aba-10b7f3b32b0a: start group-7DEE2DB77202
2019-09-19 14:38:55,304 [pool-261-thread-1] INFO  impl.RaftServerImpl (RaftServerImpl.java:setRole(171)) - 363a6dbc-c2cf-4b88-9aba-10b7f3b32b0a:group-7DEE2DB77202 changes role from null to FOLLOWER at term 0 for startAsFollower
2019-09-19 14:38:55,305 [pool-261-thread-1] INFO  impl.RoleInfo (RoleInfo.java:updateAndGet(143)) - 363a6dbc-c2cf-4b88-9aba-10b7f3b32b0a: start FollowerState
2019-09-19 14:38:55,305 [pool-261-thread-1] INFO  util.JmxRegister (JmxRegister.java:tryRegister(44)) - Successfully registered JMX Bean with object name Ratis:service=RaftServer,group=group-7DEE2DB77202,id=363a6dbc-c2cf-4b88-9aba-10b7f3b32b0a
2019-09-19 14:38:55,308 [RatisPipelineUtilsThread] INFO  pipeline.PipelineStateManager (PipelineStateManager.java:addPipeline(56)) - Created pipeline Pipeline[ Id: b7117f47-09c5-4cc2-8fad-7dee2db77202, Nodes: 363a6dbc-c2cf-4b88-9aba-10b7f3b32b0a{ip: 192.168.5.132, host: pr-hdds-1569-rzdr8-3403194166, networkLocation: /default-rack, certSerialId: null}, Type:RATIS, Factor:ONE, State:OPEN]
2019-09-19 14:38:55,309 [RatisPipelineUtilsThread] ERROR pipeline.PipelinePlacementPolicy (PipelinePlacementPolicy.java:meetCriteria(91)) - Pipeline Placement: Doesn't meet the criteria to be viable node. Heaviness: 6
2019-09-19 14:38:55,309 [RatisPipelineUtilsThread] ERROR pipeline.PipelinePlacementPolicy (PipelinePlacementPolicy.java:meetCriteria(91)) - Pipeline Placement: Doesn't meet the criteria to be viable node. Heaviness: 6
2019-09-19 14:38:55,309 [RatisPipelineUtilsThread] ERROR pipeline.PipelinePlacementPolicy (PipelinePlacementPolicy.java:meetCriteria(91)) - Pipeline Placement: Doesn't meet the criteria to be viable node. Heaviness: 6
2019-09-19 14:38:55,309 [RatisPipelineUtilsThread] ERROR pipeline.PipelinePlacementPolicy (PipelinePlacementPolicy.java:filterViableNodes(146)) - Unable to find enough nodes that meet the criteria that cannot engage in more than 5 pipelines. Nodes required: 1 Found: 0, healthy nodes count inNodeManager: 3.
2019-09-19 14:38:55,309 [RatisPipelineUtilsThread] ERROR pipeline.SCMPipelineManager (SCMPipelineManager.java:createPipeline(161)) - Pipeline creation failed due to exception: Unable to find enough nodes that meet the criteria that cannot engage in more than 5 pipelines. Nodes required: 1 Found: 0, healthy nodes count inNodeManager: 3.
2019-09-19 14:38:55,310 [RatisPipelineUtilsThread] ERROR pipeline.PipelinePlacementPolicy (PipelinePlacementPolicy.java:meetCriteria(91)) - Pipeline Placement: Doesn't meet the criteria to be viable node. Heaviness: 6
2019-09-19 14:38:55,310 [RatisPipelineUtilsThread] ERROR pipeline.PipelinePlacementPolicy (PipelinePlacementPolicy.java:meetCriteria(91)) - Pipeline Placement: Doesn't meet the criteria to be viable node. Heaviness: 6
2019-09-19 14:38:55,310 [RatisPipelineUtilsThread] ERROR pipeline.PipelinePlacementPolicy (PipelinePlacementPolicy.java:meetCriteria(91)) - Pipeline Placement: Doesn't meet the criteria to be viable node. Heaviness: 6
2019-09-19 14:38:55,310 [RatisPipelineUtilsThread] ERROR pipeline.PipelinePlacementPolicy (PipelinePlacementPolicy.java:filterViableNodes(146)) - Unable to find enough nodes that meet the criteria that cannot engage in more than 5 pipelines. Nodes required: 3 Found: 0, healthy nodes count inNodeManager: 3.
2019-09-19 14:38:55,310 [RatisPipelineUtilsThread] ERROR pipeline.SCMPipelineManager (SCMPipelineManager.java:createPipeline(161)) - Pipeline creation failed due to exception: Unable to find enough nodes that meet the criteria that cannot engage in more than 5 pipelines. Nodes required: 3 Found: 0, healthy nodes count inNodeManager: 3.
2019-09-19 14:38:55,310 [RatisPipelineUtilsThread] ERROR pipeline.PipelinePlacementPolicy (PipelinePlacementPolicy.java:meetCriteria(91)) - Pipeline Placement: Doesn't meet the criteria to be viable node. Heaviness: 6
2019-09-19 14:38:55,311 [RatisPipelineUtilsThread] ERROR pipeline.PipelinePlacementPolicy (PipelinePlacementPolicy.java:meetCriteria(91)) - Pipeline Placement: Doesn't meet the criteria to be viable node. Heaviness: 6
2019-09-19 14:38:55,311 [RatisPipelineUtilsThread] ERROR pipeline.PipelinePlacementPolicy (PipelinePlacementPolicy.java:meetCriteria(91)) - Pipeline Placement: Doesn't meet the criteria to be viable node. Heaviness: 6
2019-09-19 14:38:55,311 [RatisPipelineUtilsThread] ERROR pipeline.PipelinePlacementPolicy (PipelinePlacementPolicy.java:filterViableNodes(146)) - Unable to find enough nodes that meet the criteria that cannot engage in more than 5 pipelines. Nodes required: 1 Found: 0, healthy nodes count inNodeManager: 3.
2019-09-19 14:38:55,311 [RatisPipelineUtilsThread] ERROR pipeline.SCMPipelineManager (SCMPipelineManager.java:createPipeline(161)) - Pipeline creation failed due to exception: Unable to find enough nodes that meet the criteria that cannot engage in more than 5 pipelines. Nodes required: 1 Found: 0, healthy nodes count inNodeManager: 3.
2019-09-19 14:38:55,311 [RatisPipelineUtilsThread] ERROR pipeline.PipelinePlacementPolicy (PipelinePlacementPolicy.java:meetCriteria(91)) - Pipeline Placement: Doesn't meet the criteria to be viable node. Heaviness: 6
2019-09-19 14:38:55,311 [RatisPipelineUtilsThread] ERROR pipeline.PipelinePlacementPolicy (PipelinePlacementPolicy.java:meetCriteria(91)) - Pipeline Placement: Doesn't meet the criteria to be viable node. Heaviness: 6
2019-09-19 14:38:55,312 [RatisPipelineUtilsThread] ERROR pipeline.PipelinePlacementPolicy (PipelinePlacementPolicy.java:meetCriteria(91)) - Pipeline Placement: Doesn't meet the criteria to be viable node. Heaviness: 6
2019-09-19 14:38:55,312 [RatisPipelineUtilsThread] ERROR pipeline.PipelinePlacementPolicy (PipelinePlacementPolicy.java:filterViableNodes(146)) - Unable to find enough nodes that meet the criteria that cannot engage in more than 5 pipelines. Nodes required: 3 Found: 0, healthy nodes count inNodeManager: 3.
2019-09-19 14:38:55,312 [RatisPipelineUtilsThread] ERROR pipeline.SCMPipelineManager (SCMPipelineManager.java:createPipeline(161)) - Pipeline creation failed due to exception: Unable to find enough nodes that meet the criteria that cannot engage in more than 5 pipelines. Nodes required: 3 Found: 0, healthy nodes count inNodeManager: 3.
2019-09-19 14:38:55,556 [Thread-1062] INFO  ozone.MiniOzoneClusterImpl (MiniOzoneClusterImpl.java:lambda$waitForClusterToBeReady$0(142)) - Cluster is ready. Got 3 of 3 DN Heartbeats.
2019-09-19 14:38:55,719 | INFO  | OMAudit | user=jenkins1000 | ip=127.0.0.1 | op=CREATE_VOLUME {admin=admin28840, owner=user08200, volume=volume36339, creationTime=1568903935718, quotaInBytes=1152921504606846976} | ret=SUCCESS |  
2019-09-19 14:38:55,726 | INFO  | OMAudit | user=jenkins1000 | ip=127.0.0.1 | op=CREATE_BUCKET {volume=volume36339, bucket=bucket45562, acls=[], isVersionEnabled=false, storageType=DISK, creationTime=0} | ret=SUCCESS |  
2019-09-19 14:38:55,743 | INFO  | OMAudit | user=jenkins1000 | ip=127.0.0.1 | op=READ_VOLUME {volume=volume36339} | ret=SUCCESS |  
2019-09-19 14:38:55,745 | INFO  | OMAudit | user=jenkins1000 | ip=127.0.0.1 | op=READ_BUCKET {volume=volume36339, bucket=bucket45562} | ret=SUCCESS |  
2019-09-19 14:38:55,767 [IPC Server handler 1 on 36847] ERROR pipeline.PipelinePlacementPolicy (PipelinePlacementPolicy.java:meetCriteria(91)) - Pipeline Placement: Doesn't meet the criteria to be viable node. Heaviness: 6
2019-09-19 14:38:55,768 [IPC Server handler 1 on 36847] ERROR pipeline.PipelinePlacementPolicy (PipelinePlacementPolicy.java:meetCriteria(91)) - Pipeline Placement: Doesn't meet the criteria to be viable node. Heaviness: 6
2019-09-19 14:38:55,768 [IPC Server handler 1 on 36847] ERROR pipeline.PipelinePlacementPolicy (PipelinePlacementPolicy.java:meetCriteria(91)) - Pipeline Placement: Doesn't meet the criteria to be viable node. Heaviness: 6
2019-09-19 14:38:55,768 [IPC Server handler 1 on 36847] ERROR pipeline.PipelinePlacementPolicy (PipelinePlacementPolicy.java:filterViableNodes(146)) - Unable to find enough nodes that meet the criteria that cannot engage in more than 5 pipelines. Nodes required: 3 Found: 0, healthy nodes count inNodeManager: 3.
2019-09-19 14:38:55,768 [IPC Server handler 1 on 36847] ERROR pipeline.SCMPipelineManager (SCMPipelineManager.java:createPipeline(161)) - Pipeline creation failed due to exception: Unable to find enough nodes that meet the criteria that cannot engage in more than 5 pipelines. Nodes required: 3 Found: 0, healthy nodes count inNodeManager: 3.
2019-09-19 14:38:55,768 [IPC Server handler 1 on 36847] WARN  block.BlockManagerImpl (BlockManagerImpl.java:allocateBlock(192)) - Pipeline creation failed for type:RATIS factor:THREE. Retrying get pipelines call once.
org.apache.hadoop.hdds.scm.exceptions.SCMException: Unable to find enough nodes that meet the criteria that cannot engage in more than 5 pipelines. Nodes required: 3 Found: 0, healthy nodes count inNodeManager: 3.
	at org.apache.hadoop.hdds.scm.pipeline.PipelinePlacementPolicy.filterViableNodes(PipelinePlacementPolicy.java:147)
	at org.apache.hadoop.hdds.scm.pipeline.PipelinePlacementPolicy.chooseDatanodes(PipelinePlacementPolicy.java:170)
	at org.apache.hadoop.hdds.scm.pipeline.RatisPipelineProvider.create(RatisPipelineProvider.java:92)
	at org.apache.hadoop.hdds.scm.pipeline.PipelineFactory.create(PipelineFactory.java:57)
	at org.apache.hadoop.hdds.scm.pipeline.SCMPipelineManager.createPipeline(SCMPipelineManager.java:149)
	at org.apache.hadoop.hdds.scm.block.BlockManagerImpl.allocateBlock(BlockManagerImpl.java:190)
	at org.apache.hadoop.hdds.scm.server.SCMBlockProtocolServer.allocateBlock(SCMBlockProtocolServer.java:175)
	at org.apache.hadoop.ozone.protocolPB.ScmBlockLocationProtocolServerSideTranslatorPB.allocateScmBlock(ScmBlockLocationProtocolServerSideTranslatorPB.java:153)
	at org.apache.hadoop.ozone.protocolPB.ScmBlockLocationProtocolServerSideTranslatorPB.send(ScmBlockLocationProtocolServerSideTranslatorPB.java:112)
	at org.apache.hadoop.hdds.protocol.proto.ScmBlockLocationProtocolProtos$ScmBlockLocationProtocolService$2.callBlockingMethod(ScmBlockLocationProtocolProtos.java:13157)
	at org.apache.hadoop.ipc.ProtobufRpcEngine$Server$ProtoBufRpcInvoker.call(ProtobufRpcEngine.java:524)
	at org.apache.hadoop.ipc.RPC$Server.call(RPC.java:1025)
	at org.apache.hadoop.ipc.Server$RpcCall.run(Server.java:876)
	at org.apache.hadoop.ipc.Server$RpcCall.run(Server.java:822)
	at java.security.AccessController.doPrivileged(Native Method)
	at javax.security.auth.Subject.doAs(Subject.java:422)
	at org.apache.hadoop.security.UserGroupInformation.doAs(UserGroupInformation.java:1730)
	at org.apache.hadoop.ipc.Server$Handler.run(Server.java:2682)
2019-09-19 14:38:55,769 [IPC Server handler 1 on 36847] INFO  block.BlockManagerImpl (BlockManagerImpl.java:allocateBlock(198)) - Could not find available pipeline of type:RATIS and factor:THREE even after retrying
2019-09-19 14:38:55,769 [IPC Server handler 1 on 36847] ERROR block.BlockManagerImpl (BlockManagerImpl.java:allocateBlock(222)) - Unable to allocate a block for the size: 4194304, type: RATIS, factor: THREE
2019-09-19 14:38:55,770 | INFO  | SCMAudit | user=jenkins1000 | ip=192.168.5.132 | op=ALLOCATE_BLOCK {owner=1c1427e6-17af-4893-a750-2a13747cbf56, size=4194304, type=RATIS, factor=THREE} | ret=SUCCESS |  
2019-09-19 14:38:55,770 | ERROR | OMAudit | user=jenkins1000 | ip=127.0.0.1 | op=CREATE_FILE {volume=volume36339, bucket=bucket45562, key=testCreateDoesNotAddParentDirKeys/parent/child, dataSize=0, replicationType=RATIS, replicationFactor=THREE, keyLocationInfo=null} | ret=FAILURE | org.apache.hadoop.hdds.scm.exceptions.SCMException: Allocated 0 blocks. Requested 1 blocks
	at org.apache.hadoop.hdds.scm.protocolPB.ScmBlockLocationProtocolClientSideTranslatorPB.handleError(ScmBlockLocationProtocolClientSideTranslatorPB.java:118)
	at org.apache.hadoop.hdds.scm.protocolPB.ScmBlockLocationProtocolClientSideTranslatorPB.allocateBlock(ScmBlockLocationProtocolClientSideTranslatorPB.java:156) 
2019-09-19 14:38:55,771 [Thread-1062] INFO  ozone.MiniOzoneClusterImpl (MiniOzoneClusterImpl.java:shutdown(321)) - Shutting down the Mini Ozone Cluster
2019-09-19 14:38:55,771 | INFO  | SCMAudit | user=null | ip=null | op=GET_SCM_INFO null | ret=SUCCESS |  
2019-09-19 14:38:55,771 [Thread-1062] INFO  ozone.MiniOzoneClusterImpl (MiniOzoneClusterImpl.java:stop(336)) - Stopping the Mini Ozone Cluster
2019-09-19 14:38:55,771 [Thread-1062] INFO  ozone.MiniOzoneClusterImpl (MiniOzoneClusterImpl.java:stop(338)) - Stopping the OzoneManager
2019-09-19 14:38:55,772 [Thread-1062] INFO  ipc.Server (Server.java:stop(3082)) - Stopping server on 46467
2019-09-19 14:38:55,775 [IPC Server listener on 46467] INFO  ipc.Server (Server.java:run(1185)) - Stopping IPC Server listener on 46467
2019-09-19 14:38:55,776 [Thread-1062] INFO  ratis.OzoneManagerDoubleBuffer (OzoneManagerDoubleBuffer.java:stop(248)) - Stopping OMDoubleBuffer flush thread
2019-09-19 14:38:55,776 [IPC Server Responder] INFO  ipc.Server (Server.java:run(1319)) - Stopping IPC Server Responder
2019-09-19 14:38:55,777 [OMDoubleBufferFlushThread] INFO  ratis.OzoneManagerDoubleBuffer (OzoneManagerDoubleBuffer.java:flushTransactions(191)) - OMDoubleBuffer flush thread OMDoubleBufferFlushThread is interrupted and will exit. OMDoubleBufferFlushThread
2019-09-19 14:38:55,779 [Thread-1062] INFO  utils.BackgroundService (BackgroundService.java:shutdown(148)) - Shutting down service KeyDeletingService
2019-09-19 14:38:55,781 [Thread-1062] INFO  handler.ContextHandler (ContextHandler.java:doStop(910)) - Stopped o.e.j.w.WebAppContext@334202d6{/,null,UNAVAILABLE}{/ozoneManager}
2019-09-19 14:38:55,781 [Thread-1062] INFO  server.AbstractConnector (AbstractConnector.java:doStop(318)) - Stopped ServerConnector@3b6a0ab2{HTTP/1.1,[http/1.1]}{0.0.0.0:0}
2019-09-19 14:38:55,781 [Thread-1062] INFO  handler.ContextHandler (ContextHandler.java:doStop(910)) - Stopped o.e.j.s.ServletContextHandler@195d3455{/static,jar:file:/home/user/.m2/repository/org/apache/hadoop/hadoop-ozone-ozone-manager/0.5.0-SNAPSHOT/hadoop-ozone-ozone-manager-0.5.0-SNAPSHOT.jar!/webapps/static,UNAVAILABLE}
2019-09-19 14:38:55,782 [Thread-1062] INFO  handler.ContextHandler (ContextHandler.java:doStop(910)) - Stopped o.e.j.s.ServletContextHandler@bc61d40{/logs,file:///workdir/hadoop-ozone/ozonefs/target/log,UNAVAILABLE}
2019-09-19 14:38:55,784 [Thread-1062] INFO  ozone.MiniOzoneClusterImpl (MiniOzoneClusterImpl.java:stop(344)) - Shutting the HddsDatanodes
2019-09-19 14:38:55,784 [Thread-1062] INFO  datanode.ObjectStoreHandler (ObjectStoreHandler.java:close(155)) - Closing ObjectStoreHandler.
2019-09-19 14:38:55,784 [ForkJoinPool.commonPool-worker-0] INFO  datanode.ObjectStoreHandler (ObjectStoreHandler.java:close(155)) - Closing ObjectStoreHandler.
2019-09-19 14:38:55,784 [Thread-1062] INFO  ozone.HddsDatanodeService (HddsDatanodeService.java:stop(451)) - Stopped plug-in org.apache.hadoop.ozone.web.OzoneHddsDatanodeService@49faa631
2019-09-19 14:38:55,785 [ForkJoinPool.commonPool-worker-0] INFO  ozone.HddsDatanodeService (HddsDatanodeService.java:stop(451)) - Stopped plug-in org.apache.hadoop.ozone.web.OzoneHddsDatanodeService@330bf6d3
2019-09-19 14:38:56,070 [Datanode State Machine Thread - 0] INFO  statemachine.DatanodeStateMachine (DatanodeStateMachine.java:lambda$startDaemon$0(350)) - Ozone container server started.
2019-09-19 14:38:56,301 [Datanode State Machine Thread - 0] INFO  statemachine.DatanodeStateMachine (DatanodeStateMachine.java:lambda$startDaemon$0(350)) - Ozone container server started.
2019-09-19 14:38:56,557 | INFO  | SCMAudit | user=jenkins1000 | ip=192.168.5.132 | op=SEND_HEARTBEAT {datanodeUUID=363a6dbc-c2cf-4b88-9aba-10b7f3b32b0a, command=[]} | ret=SUCCESS |  
2019-09-19 14:38:57,079 [Thread-1234] INFO  container.ReplicationManager (ReplicationManager.java:start(151)) - Starting Replication Monitor Thread.
2019-09-19 14:38:57,083 [ReplicationMonitor] INFO  container.ReplicationManager (ReplicationManager.java:run(214)) - Replication Monitor Thread took 0 milliseconds for processing 0 containers.
2019-09-19 14:38:57,557 | INFO  | SCMAudit | user=jenkins1000 | ip=192.168.5.132 | op=SEND_HEARTBEAT {datanodeUUID=363a6dbc-c2cf-4b88-9aba-10b7f3b32b0a, command=[]} | ret=SUCCESS |  
2019-09-19 14:38:58,556 | INFO  | SCMAudit | user=jenkins1000 | ip=192.168.5.132 | op=SEND_HEARTBEAT {datanodeUUID=363a6dbc-c2cf-4b88-9aba-10b7f3b32b0a, command=[]} | ret=SUCCESS |  
2019-09-19 14:38:59,234 [Thread-1236] INFO  impl.FollowerState (FollowerState.java:run(106)) - 280d4246-3bfc-4b3c-ad11-33bc74bf6da2:group-70B5235DA316 changes to CANDIDATE, lastRpcTime:5090, electionTimeout:5089ms
2019-09-19 14:38:59,234 [Thread-1236] INFO  impl.RoleInfo (RoleInfo.java:shutdownFollowerState(121)) - 280d4246-3bfc-4b3c-ad11-33bc74bf6da2: shutdown FollowerState
2019-09-19 14:38:59,234 [Thread-1236] INFO  impl.RaftServerImpl (RaftServerImpl.java:setRole(171)) - 280d4246-3bfc-4b3c-ad11-33bc74bf6da2:group-70B5235DA316 changes role from FOLLOWER to CANDIDATE at term 0 for changeToCandidate
2019-09-19 14:38:59,235 [Thread-1236] INFO  impl.RoleInfo (RoleInfo.java:updateAndGet(143)) - 280d4246-3bfc-4b3c-ad11-33bc74bf6da2: start LeaderElection
2019-09-19 14:38:59,260 [280d4246-3bfc-4b3c-ad11-33bc74bf6da2:group-70B5235DA316:LeaderElection68] INFO  impl.LeaderElection (LeaderElection.java:askForVotes(181)) - 280d4246-3bfc-4b3c-ad11-33bc74bf6da2:group-70B5235DA316:LeaderElection68: begin an election at term 1 for -1: [280d4246-3bfc-4b3c-ad11-33bc74bf6da2:192.168.5.132:36954], old=null
2019-09-19 14:38:59,260 [280d4246-3bfc-4b3c-ad11-33bc74bf6da2:group-70B5235DA316:LeaderElection68] INFO  impl.RoleInfo (RoleInfo.java:shutdownLeaderElection(134)) - 280d4246-3bfc-4b3c-ad11-33bc74bf6da2: shutdown LeaderElection
2019-09-19 14:38:59,260 [280d4246-3bfc-4b3c-ad11-33bc74bf6da2:group-70B5235DA316:LeaderElection68] INFO  impl.RaftServerImpl (RaftServerImpl.java:setRole(171)) - 280d4246-3bfc-4b3c-ad11-33bc74bf6da2:group-70B5235DA316 changes role from CANDIDATE to LEADER at term 1 for changeToLeader
2019-09-19 14:38:59,261 [280d4246-3bfc-4b3c-ad11-33bc74bf6da2:group-70B5235DA316:LeaderElection68] INFO  impl.RaftServerImpl (ServerState.java:setLeader(263)) - 280d4246-3bfc-4b3c-ad11-33bc74bf6da2:group-70B5235DA316 change Leader from null to 280d4246-3bfc-4b3c-ad11-33bc74bf6da2 at term 1 for becomeLeader, leader elected after 5123ms
2019-09-19 14:38:59,261 [280d4246-3bfc-4b3c-ad11-33bc74bf6da2:group-70B5235DA316:LeaderElection68] INFO  server.RaftServerConfigKeys (ConfUtils.java:logGet(43)) - raft.server.staging.catchup.gap = 1000 (default)
2019-09-19 14:38:59,261 [280d4246-3bfc-4b3c-ad11-33bc74bf6da2:group-70B5235DA316:LeaderElection68] INFO  server.RaftServerConfigKeys (ConfUtils.java:logGet(43)) - raft.server.rpc.sleep.time = 25ms (default)
2019-09-19 14:38:59,261 [280d4246-3bfc-4b3c-ad11-33bc74bf6da2:group-70B5235DA316:LeaderElection68] INFO  server.RaftServerConfigKeys (ConfUtils.java:logGet(43)) - raft.server.write.element-limit = 4096 (default)
2019-09-19 14:38:59,261 [280d4246-3bfc-4b3c-ad11-33bc74bf6da2:group-70B5235DA316:LeaderElection68] INFO  server.RaftServerConfigKeys (ConfUtils.java:logGet(43)) - raft.server.watch.timeout = 10s (default)
2019-09-19 14:38:59,262 [280d4246-3bfc-4b3c-ad11-33bc74bf6da2:group-70B5235DA316:LeaderElection68] INFO  server.RaftServerConfigKeys (ConfUtils.java:logGet(43)) - raft.server.watch.timeout.denomination = 1s (default)
2019-09-19 14:38:59,262 [280d4246-3bfc-4b3c-ad11-33bc74bf6da2:group-70B5235DA316:LeaderElection68] INFO  server.RaftServerConfigKeys (ConfUtils.java:logGet(43)) - raft.server.watch.element-limit = 65536 (default)
2019-09-19 14:38:59,262 [280d4246-3bfc-4b3c-ad11-33bc74bf6da2:group-70B5235DA316:LeaderElection68] INFO  impl.RoleInfo (RoleInfo.java:updateAndGet(143)) - 280d4246-3bfc-4b3c-ad11-33bc74bf6da2: start LeaderState
2019-09-19 14:38:59,262 [280d4246-3bfc-4b3c-ad11-33bc74bf6da2:group-70B5235DA316:LeaderElection68] INFO  segmented.SegmentedRaftLogWorker (SegmentedRaftLogWorker.java:startLogSegment(380)) - 280d4246-3bfc-4b3c-ad11-33bc74bf6da2-SegmentedRaftLogWorker:Storage Directory /workdir/hadoop-ozone/ozonefs/target/test-dir/MiniOzoneClusterImpl-db9f3d9a-89c7-47d2-a400-08c292cbeea5/datanode-0/data/ratis/f428d3e7-0601-4ffd-abba-70b5235da316: Starting segment from index:0
2019-09-19 14:38:59,263 [280d4246-3bfc-4b3c-ad11-33bc74bf6da2:group-70B5235DA316:LeaderElection68] INFO  impl.RaftServerImpl (ServerState.java:setRaftConf(361)) - 280d4246-3bfc-4b3c-ad11-33bc74bf6da2:group-70B5235DA316 set configuration 0: [280d4246-3bfc-4b3c-ad11-33bc74bf6da2:192.168.5.132:36954], old=null at 0
2019-09-19 14:38:59,270 [Thread-1239] INFO  impl.FollowerState (FollowerState.java:run(106)) - 280d4246-3bfc-4b3c-ad11-33bc74bf6da2:group-BCF97F04644C changes to CANDIDATE, lastRpcTime:5078, electionTimeout:5078ms
2019-09-19 14:38:59,270 [Thread-1239] INFO  impl.RoleInfo (RoleInfo.java:shutdownFollowerState(121)) - 280d4246-3bfc-4b3c-ad11-33bc74bf6da2: shutdown FollowerState
2019-09-19 14:38:59,270 [Thread-1239] INFO  impl.RaftServerImpl (RaftServerImpl.java:setRole(171)) - 280d4246-3bfc-4b3c-ad11-33bc74bf6da2:group-BCF97F04644C changes role from FOLLOWER to CANDIDATE at term 0 for changeToCandidate
2019-09-19 14:38:59,270 [Thread-1239] INFO  impl.RoleInfo (RoleInfo.java:updateAndGet(143)) - 280d4246-3bfc-4b3c-ad11-33bc74bf6da2: start LeaderElection
2019-09-19 14:38:59,318 [280d4246-3bfc-4b3c-ad11-33bc74bf6da2-SegmentedRaftLogWorker:Storage Directory /workdir/hadoop-ozone/ozonefs/target/test-dir/MiniOzoneClusterImpl-db9f3d9a-89c7-47d2-a400-08c292cbeea5/datanode-0/data/ratis/f428d3e7-0601-4ffd-abba-70b5235da316] INFO  segmented.SegmentedRaftLogWorker (SegmentedRaftLogWorker.java:execute(569)) - 280d4246-3bfc-4b3c-ad11-33bc74bf6da2-SegmentedRaftLogWorker:Storage Directory /workdir/hadoop-ozone/ozonefs/target/test-dir/MiniOzoneClusterImpl-db9f3d9a-89c7-47d2-a400-08c292cbeea5/datanode-0/data/ratis/f428d3e7-0601-4ffd-abba-70b5235da316: created new log segment /workdir/hadoop-ozone/ozonefs/target/test-dir/MiniOzoneClusterImpl-db9f3d9a-89c7-47d2-a400-08c292cbeea5/datanode-0/data/ratis/f428d3e7-0601-4ffd-abba-70b5235da316/current/log_inprogress_0
2019-09-19 14:38:59,318 [280d4246-3bfc-4b3c-ad11-33bc74bf6da2:group-BCF97F04644C:LeaderElection69] INFO  impl.LeaderElection (LeaderElection.java:askForVotes(181)) - 280d4246-3bfc-4b3c-ad11-33bc74bf6da2:group-BCF97F04644C:LeaderElection69: begin an election at term 1 for -1: [280d4246-3bfc-4b3c-ad11-33bc74bf6da2:192.168.5.132:36954], old=null
2019-09-19 14:38:59,318 [280d4246-3bfc-4b3c-ad11-33bc74bf6da2:group-BCF97F04644C:LeaderElection69] INFO  impl.RoleInfo (RoleInfo.java:shutdownLeaderElection(134)) - 280d4246-3bfc-4b3c-ad11-33bc74bf6da2: shutdown LeaderElection
2019-09-19 14:38:59,319 [280d4246-3bfc-4b3c-ad11-33bc74bf6da2:group-BCF97F04644C:LeaderElection69] INFO  impl.RaftServerImpl (RaftServerImpl.java:setRole(171)) - 280d4246-3bfc-4b3c-ad11-33bc74bf6da2:group-BCF97F04644C changes role from CANDIDATE to LEADER at term 1 for changeToLeader
2019-09-19 14:38:59,319 [280d4246-3bfc-4b3c-ad11-33bc74bf6da2:group-BCF97F04644C:LeaderElection69] INFO  impl.RaftServerImpl (ServerState.java:setLeader(263)) - 280d4246-3bfc-4b3c-ad11-33bc74bf6da2:group-BCF97F04644C change Leader from null to 280d4246-3bfc-4b3c-ad11-33bc74bf6da2 at term 1 for becomeLeader, leader elected after 5130ms
2019-09-19 14:38:59,319 [280d4246-3bfc-4b3c-ad11-33bc74bf6da2:group-BCF97F04644C:LeaderElection69] INFO  server.RaftServerConfigKeys (ConfUtils.java:logGet(43)) - raft.server.staging.catchup.gap = 1000 (default)
2019-09-19 14:38:59,319 [280d4246-3bfc-4b3c-ad11-33bc74bf6da2:group-BCF97F04644C:LeaderElection69] INFO  server.RaftServerConfigKeys (ConfUtils.java:logGet(43)) - raft.server.rpc.sleep.time = 25ms (default)
2019-09-19 14:38:59,319 [280d4246-3bfc-4b3c-ad11-33bc74bf6da2:group-BCF97F04644C:LeaderElection69] INFO  server.RaftServerConfigKeys (ConfUtils.java:logGet(43)) - raft.server.write.element-limit = 4096 (default)
2019-09-19 14:38:59,320 [280d4246-3bfc-4b3c-ad11-33bc74bf6da2:group-BCF97F04644C:LeaderElection69] INFO  server.RaftServerConfigKeys (ConfUtils.java:logGet(43)) - raft.server.watch.timeout = 10s (default)
2019-09-19 14:38:59,320 [280d4246-3bfc-4b3c-ad11-33bc74bf6da2:group-BCF97F04644C:LeaderElection69] INFO  server.RaftServerConfigKeys (ConfUtils.java:logGet(43)) - raft.server.watch.timeout.denomination = 1s (default)
2019-09-19 14:38:59,320 [280d4246-3bfc-4b3c-ad11-33bc74bf6da2:group-BCF97F04644C:LeaderElection69] INFO  server.RaftServerConfigKeys (ConfUtils.java:logGet(43)) - raft.server.watch.element-limit = 65536 (default)
2019-09-19 14:38:59,320 [280d4246-3bfc-4b3c-ad11-33bc74bf6da2:group-BCF97F04644C:LeaderElection69] INFO  impl.RoleInfo (RoleInfo.java:updateAndGet(143)) - 280d4246-3bfc-4b3c-ad11-33bc74bf6da2: start LeaderState
2019-09-19 14:38:59,320 [280d4246-3bfc-4b3c-ad11-33bc74bf6da2:group-BCF97F04644C:LeaderElection69] INFO  segmented.SegmentedRaftLogWorker (SegmentedRaftLogWorker.java:startLogSegment(380)) - 280d4246-3bfc-4b3c-ad11-33bc74bf6da2-SegmentedRaftLogWorker:Storage Directory /workdir/hadoop-ozone/ozonefs/target/test-dir/MiniOzoneClusterImpl-db9f3d9a-89c7-47d2-a400-08c292cbeea5/datanode-0/data/ratis/69cd2efe-fd40-40c0-afab-bcf97f04644c: Starting segment from index:0
2019-09-19 14:38:59,321 [280d4246-3bfc-4b3c-ad11-33bc74bf6da2:group-BCF97F04644C:LeaderElection69] INFO  impl.RaftServerImpl (ServerState.java:setRaftConf(361)) - 280d4246-3bfc-4b3c-ad11-33bc74bf6da2:group-BCF97F04644C set configuration 0: [280d4246-3bfc-4b3c-ad11-33bc74bf6da2:192.168.5.132:36954], old=null at 0
2019-09-19 14:38:59,328 [Thread-1245] INFO  impl.FollowerState (FollowerState.java:run(106)) - 280d4246-3bfc-4b3c-ad11-33bc74bf6da2:group-3154BAE359FE changes to CANDIDATE, lastRpcTime:5016, electionTimeout:5016ms
2019-09-19 14:38:59,328 [Thread-1245] INFO  impl.RoleInfo (RoleInfo.java:shutdownFollowerState(121)) - 280d4246-3bfc-4b3c-ad11-33bc74bf6da2: shutdown FollowerState
2019-09-19 14:38:59,328 [Thread-1245] INFO  impl.RaftServerImpl (RaftServerImpl.java:setRole(171)) - 280d4246-3bfc-4b3c-ad11-33bc74bf6da2:group-3154BAE359FE changes role from FOLLOWER to CANDIDATE at term 0 for changeToCandidate
2019-09-19 14:38:59,328 [Thread-1245] INFO  impl.RoleInfo (RoleInfo.java:updateAndGet(143)) - 280d4246-3bfc-4b3c-ad11-33bc74bf6da2: start LeaderElection
2019-09-19 14:38:59,342 [280d4246-3bfc-4b3c-ad11-33bc74bf6da2:group-3154BAE359FE:LeaderElection70] INFO  impl.LeaderElection (LeaderElection.java:askForVotes(181)) - 280d4246-3bfc-4b3c-ad11-33bc74bf6da2:group-3154BAE359FE:LeaderElection70: begin an election at term 1 for -1: [280d4246-3bfc-4b3c-ad11-33bc74bf6da2:192.168.5.132:36954], old=null
2019-09-19 14:38:59,342 [280d4246-3bfc-4b3c-ad11-33bc74bf6da2:group-3154BAE359FE:LeaderElection70] INFO  impl.RoleInfo (RoleInfo.java:shutdownLeaderElection(134)) - 280d4246-3bfc-4b3c-ad11-33bc74bf6da2: shutdown LeaderElection
2019-09-19 14:38:59,342 [280d4246-3bfc-4b3c-ad11-33bc74bf6da2:group-3154BAE359FE:LeaderElection70] INFO  impl.RaftServerImpl (RaftServerImpl.java:setRole(171)) - 280d4246-3bfc-4b3c-ad11-33bc74bf6da2:group-3154BAE359FE changes role from CANDIDATE to LEADER at term 1 for changeToLeader
2019-09-19 14:38:59,342 [280d4246-3bfc-4b3c-ad11-33bc74bf6da2:group-3154BAE359FE:LeaderElection70] INFO  impl.RaftServerImpl (ServerState.java:setLeader(263)) - 280d4246-3bfc-4b3c-ad11-33bc74bf6da2:group-3154BAE359FE change Leader from null to 280d4246-3bfc-4b3c-ad11-33bc74bf6da2 at term 1 for becomeLeader, leader elected after 5033ms
2019-09-19 14:38:59,342 [280d4246-3bfc-4b3c-ad11-33bc74bf6da2:group-3154BAE359FE:LeaderElection70] INFO  server.RaftServerConfigKeys (ConfUtils.java:logGet(43)) - raft.server.staging.catchup.gap = 1000 (default)
2019-09-19 14:38:59,342 [280d4246-3bfc-4b3c-ad11-33bc74bf6da2:group-3154BAE359FE:LeaderElection70] INFO  server.RaftServerConfigKeys (ConfUtils.java:logGet(43)) - raft.server.rpc.sleep.time = 25ms (default)
2019-09-19 14:38:59,343 [280d4246-3bfc-4b3c-ad11-33bc74bf6da2:group-3154BAE359FE:LeaderElection70] INFO  server.RaftServerConfigKeys (ConfUtils.java:logGet(43)) - raft.server.write.element-limit = 4096 (default)
2019-09-19 14:38:59,343 [280d4246-3bfc-4b3c-ad11-33bc74bf6da2:group-3154BAE359FE:LeaderElection70] INFO  server.RaftServerConfigKeys (ConfUtils.java:logGet(43)) - raft.server.watch.timeout = 10s (default)
2019-09-19 14:38:59,343 [280d4246-3bfc-4b3c-ad11-33bc74bf6da2:group-3154BAE359FE:LeaderElection70] INFO  server.RaftServerConfigKeys (ConfUtils.java:logGet(43)) - raft.server.watch.timeout.denomination = 1s (default)
2019-09-19 14:38:59,343 [280d4246-3bfc-4b3c-ad11-33bc74bf6da2:group-3154BAE359FE:LeaderElection70] INFO  server.RaftServerConfigKeys (ConfUtils.java:logGet(43)) - raft.server.watch.element-limit = 65536 (default)
2019-09-19 14:38:59,343 [280d4246-3bfc-4b3c-ad11-33bc74bf6da2:group-3154BAE359FE:LeaderElection70] INFO  impl.RoleInfo (RoleInfo.java:updateAndGet(143)) - 280d4246-3bfc-4b3c-ad11-33bc74bf6da2: start LeaderState
2019-09-19 14:38:59,343 [280d4246-3bfc-4b3c-ad11-33bc74bf6da2:group-3154BAE359FE:LeaderElection70] INFO  segmented.SegmentedRaftLogWorker (SegmentedRaftLogWorker.java:startLogSegment(380)) - 280d4246-3bfc-4b3c-ad11-33bc74bf6da2-SegmentedRaftLogWorker:Storage Directory /workdir/hadoop-ozone/ozonefs/target/test-dir/MiniOzoneClusterImpl-db9f3d9a-89c7-47d2-a400-08c292cbeea5/datanode-0/data/ratis/0380778c-0a2f-4e03-9063-3154bae359fe: Starting segment from index:0
2019-09-19 14:38:59,344 [280d4246-3bfc-4b3c-ad11-33bc74bf6da2:group-3154BAE359FE:LeaderElection70] INFO  impl.RaftServerImpl (ServerState.java:setRaftConf(361)) - 280d4246-3bfc-4b3c-ad11-33bc74bf6da2:group-3154BAE359FE set configuration 0: [280d4246-3bfc-4b3c-ad11-33bc74bf6da2:192.168.5.132:36954], old=null at 0
2019-09-19 14:38:59,345 [Thread-1242] INFO  impl.FollowerState (FollowerState.java:run(106)) - 280d4246-3bfc-4b3c-ad11-33bc74bf6da2:group-B7AC76EB5E19 changes to CANDIDATE, lastRpcTime:5112, electionTimeout:5112ms
2019-09-19 14:38:59,345 [Thread-1242] INFO  impl.RoleInfo (RoleInfo.java:shutdownFollowerState(121)) - 280d4246-3bfc-4b3c-ad11-33bc74bf6da2: shutdown FollowerState
2019-09-19 14:38:59,345 [Thread-1242] INFO  impl.RaftServerImpl (RaftServerImpl.java:setRole(171)) - 280d4246-3bfc-4b3c-ad11-33bc74bf6da2:group-B7AC76EB5E19 changes role from FOLLOWER to CANDIDATE at term 0 for changeToCandidate
2019-09-19 14:38:59,345 [Thread-1242] INFO  impl.RoleInfo (RoleInfo.java:updateAndGet(143)) - 280d4246-3bfc-4b3c-ad11-33bc74bf6da2: start LeaderElection
2019-09-19 14:38:59,369 [280d4246-3bfc-4b3c-ad11-33bc74bf6da2:group-B7AC76EB5E19:LeaderElection71] INFO  impl.LeaderElection (LeaderElection.java:askForVotes(181)) - 280d4246-3bfc-4b3c-ad11-33bc74bf6da2:group-B7AC76EB5E19:LeaderElection71: begin an election at term 1 for -1: [280d4246-3bfc-4b3c-ad11-33bc74bf6da2:192.168.5.132:36954], old=null
2019-09-19 14:38:59,370 [280d4246-3bfc-4b3c-ad11-33bc74bf6da2:group-B7AC76EB5E19:LeaderElection71] INFO  impl.RoleInfo (RoleInfo.java:shutdownLeaderElection(134)) - 280d4246-3bfc-4b3c-ad11-33bc74bf6da2: shutdown LeaderElection
2019-09-19 14:38:59,370 [280d4246-3bfc-4b3c-ad11-33bc74bf6da2:group-B7AC76EB5E19:LeaderElection71] INFO  impl.RaftServerImpl (RaftServerImpl.java:setRole(171)) - 280d4246-3bfc-4b3c-ad11-33bc74bf6da2:group-B7AC76EB5E19 changes role from CANDIDATE to LEADER at term 1 for changeToLeader
2019-09-19 14:38:59,370 [280d4246-3bfc-4b3c-ad11-33bc74bf6da2:group-B7AC76EB5E19:LeaderElection71] INFO  impl.RaftServerImpl (ServerState.java:setLeader(263)) - 280d4246-3bfc-4b3c-ad11-33bc74bf6da2:group-B7AC76EB5E19 change Leader from null to 280d4246-3bfc-4b3c-ad11-33bc74bf6da2 at term 1 for becomeLeader, leader elected after 5140ms
2019-09-19 14:38:59,370 [280d4246-3bfc-4b3c-ad11-33bc74bf6da2:group-B7AC76EB5E19:LeaderElection71] INFO  server.RaftServerConfigKeys (ConfUtils.java:logGet(43)) - raft.server.staging.catchup.gap = 1000 (default)
2019-09-19 14:38:59,370 [280d4246-3bfc-4b3c-ad11-33bc74bf6da2:group-B7AC76EB5E19:LeaderElection71] INFO  server.RaftServerConfigKeys (ConfUtils.java:logGet(43)) - raft.server.rpc.sleep.time = 25ms (default)
2019-09-19 14:38:59,370 [280d4246-3bfc-4b3c-ad11-33bc74bf6da2:group-B7AC76EB5E19:LeaderElection71] INFO  server.RaftServerConfigKeys (ConfUtils.java:logGet(43)) - raft.server.write.element-limit = 4096 (default)
2019-09-19 14:38:59,371 [280d4246-3bfc-4b3c-ad11-33bc74bf6da2:group-B7AC76EB5E19:LeaderElection71] INFO  server.RaftServerConfigKeys (ConfUtils.java:logGet(43)) - raft.server.watch.timeout = 10s (default)
2019-09-19 14:38:59,371 [280d4246-3bfc-4b3c-ad11-33bc74bf6da2:group-B7AC76EB5E19:LeaderElection71] INFO  server.RaftServerConfigKeys (ConfUtils.java:logGet(43)) - raft.server.watch.timeout.denomination = 1s (default)
2019-09-19 14:38:59,371 [280d4246-3bfc-4b3c-ad11-33bc74bf6da2:group-B7AC76EB5E19:LeaderElection71] INFO  server.RaftServerConfigKeys (ConfUtils.java:logGet(43)) - raft.server.watch.element-limit = 65536 (default)
2019-09-19 14:38:59,371 [280d4246-3bfc-4b3c-ad11-33bc74bf6da2:group-B7AC76EB5E19:LeaderElection71] INFO  impl.RoleInfo (RoleInfo.java:updateAndGet(143)) - 280d4246-3bfc-4b3c-ad11-33bc74bf6da2: start LeaderState
2019-09-19 14:38:59,371 [280d4246-3bfc-4b3c-ad11-33bc74bf6da2:group-B7AC76EB5E19:LeaderElection71] INFO  segmented.SegmentedRaftLogWorker (SegmentedRaftLogWorker.java:startLogSegment(380)) - 280d4246-3bfc-4b3c-ad11-33bc74bf6da2-SegmentedRaftLogWorker:Storage Directory /workdir/hadoop-ozone/ozonefs/target/test-dir/MiniOzoneClusterImpl-db9f3d9a-89c7-47d2-a400-08c292cbeea5/datanode-0/data/ratis/47ff888c-b7e7-4d37-849d-b7ac76eb5e19: Starting segment from index:0
2019-09-19 14:38:59,372 [280d4246-3bfc-4b3c-ad11-33bc74bf6da2:group-B7AC76EB5E19:LeaderElection71] INFO  impl.RaftServerImpl (ServerState.java:setRaftConf(361)) - 280d4246-3bfc-4b3c-ad11-33bc74bf6da2:group-B7AC76EB5E19 set configuration 0: [280d4246-3bfc-4b3c-ad11-33bc74bf6da2:192.168.5.132:36954], old=null at 0
2019-09-19 14:38:59,384 [280d4246-3bfc-4b3c-ad11-33bc74bf6da2-SegmentedRaftLogWorker:Storage Directory /workdir/hadoop-ozone/ozonefs/target/test-dir/MiniOzoneClusterImpl-db9f3d9a-89c7-47d2-a400-08c292cbeea5/datanode-0/data/ratis/69cd2efe-fd40-40c0-afab-bcf97f04644c] INFO  segmented.SegmentedRaftLogWorker (SegmentedRaftLogWorker.java:execute(569)) - 280d4246-3bfc-4b3c-ad11-33bc74bf6da2-SegmentedRaftLogWorker:Storage Directory /workdir/hadoop-ozone/ozonefs/target/test-dir/MiniOzoneClusterImpl-db9f3d9a-89c7-47d2-a400-08c292cbeea5/datanode-0/data/ratis/69cd2efe-fd40-40c0-afab-bcf97f04644c: created new log segment /workdir/hadoop-ozone/ozonefs/target/test-dir/MiniOzoneClusterImpl-db9f3d9a-89c7-47d2-a400-08c292cbeea5/datanode-0/data/ratis/69cd2efe-fd40-40c0-afab-bcf97f04644c/current/log_inprogress_0
2019-09-19 14:38:59,384 [280d4246-3bfc-4b3c-ad11-33bc74bf6da2-SegmentedRaftLogWorker:Storage Directory /workdir/hadoop-ozone/ozonefs/target/test-dir/MiniOzoneClusterImpl-db9f3d9a-89c7-47d2-a400-08c292cbeea5/datanode-0/data/ratis/0380778c-0a2f-4e03-9063-3154bae359fe] INFO  segmented.SegmentedRaftLogWorker (SegmentedRaftLogWorker.java:execute(569)) - 280d4246-3bfc-4b3c-ad11-33bc74bf6da2-SegmentedRaftLogWorker:Storage Directory /workdir/hadoop-ozone/ozonefs/target/test-dir/MiniOzoneClusterImpl-db9f3d9a-89c7-47d2-a400-08c292cbeea5/datanode-0/data/ratis/0380778c-0a2f-4e03-9063-3154bae359fe: created new log segment /workdir/hadoop-ozone/ozonefs/target/test-dir/MiniOzoneClusterImpl-db9f3d9a-89c7-47d2-a400-08c292cbeea5/datanode-0/data/ratis/0380778c-0a2f-4e03-9063-3154bae359fe/current/log_inprogress_0
2019-09-19 14:38:59,422 [280d4246-3bfc-4b3c-ad11-33bc74bf6da2-SegmentedRaftLogWorker:Storage Directory /workdir/hadoop-ozone/ozonefs/target/test-dir/MiniOzoneClusterImpl-db9f3d9a-89c7-47d2-a400-08c292cbeea5/datanode-0/data/ratis/47ff888c-b7e7-4d37-849d-b7ac76eb5e19] INFO  segmented.SegmentedRaftLogWorker (SegmentedRaftLogWorker.java:execute(569)) - 280d4246-3bfc-4b3c-ad11-33bc74bf6da2-SegmentedRaftLogWorker:Storage Directory /workdir/hadoop-ozone/ozonefs/target/test-dir/MiniOzoneClusterImpl-db9f3d9a-89c7-47d2-a400-08c292cbeea5/datanode-0/data/ratis/47ff888c-b7e7-4d37-849d-b7ac76eb5e19: created new log segment /workdir/hadoop-ozone/ozonefs/target/test-dir/MiniOzoneClusterImpl-db9f3d9a-89c7-47d2-a400-08c292cbeea5/datanode-0/data/ratis/47ff888c-b7e7-4d37-849d-b7ac76eb5e19/current/log_inprogress_0
2019-09-19 14:38:59,496 [Thread-1248] INFO  impl.FollowerState (FollowerState.java:run(106)) - 280d4246-3bfc-4b3c-ad11-33bc74bf6da2:group-E36FE73F595C changes to CANDIDATE, lastRpcTime:5116, electionTimeout:5116ms
2019-09-19 14:38:59,497 [Thread-1248] INFO  impl.RoleInfo (RoleInfo.java:shutdownFollowerState(121)) - 280d4246-3bfc-4b3c-ad11-33bc74bf6da2: shutdown FollowerState
2019-09-19 14:38:59,497 [Thread-1248] INFO  impl.RaftServerImpl (RaftServerImpl.java:setRole(171)) - 280d4246-3bfc-4b3c-ad11-33bc74bf6da2:group-E36FE73F595C changes role from FOLLOWER to CANDIDATE at term 0 for changeToCandidate
2019-09-19 14:38:59,497 [Thread-1248] INFO  impl.RoleInfo (RoleInfo.java:updateAndGet(143)) - 280d4246-3bfc-4b3c-ad11-33bc74bf6da2: start LeaderElection
2019-09-19 14:38:59,509 [Thread-1251] INFO  impl.FollowerState (FollowerState.java:run(106)) - 280d4246-3bfc-4b3c-ad11-33bc74bf6da2:group-803FFE98E670 changes to CANDIDATE, lastRpcTime:5061, electionTimeout:5061ms
2019-09-19 14:38:59,509 [Thread-1251] INFO  impl.RoleInfo (RoleInfo.java:shutdownFollowerState(121)) - 280d4246-3bfc-4b3c-ad11-33bc74bf6da2: shutdown FollowerState
2019-09-19 14:38:59,509 [Thread-1251] INFO  impl.RaftServerImpl (RaftServerImpl.java:setRole(171)) - 280d4246-3bfc-4b3c-ad11-33bc74bf6da2:group-803FFE98E670 changes role from FOLLOWER to CANDIDATE at term 0 for changeToCandidate
2019-09-19 14:38:59,509 [Thread-1251] INFO  impl.RoleInfo (RoleInfo.java:updateAndGet(143)) - 280d4246-3bfc-4b3c-ad11-33bc74bf6da2: start LeaderElection
2019-09-19 14:38:59,514 [280d4246-3bfc-4b3c-ad11-33bc74bf6da2:group-E36FE73F595C:LeaderElection72] INFO  impl.LeaderElection (LeaderElection.java:askForVotes(181)) - 280d4246-3bfc-4b3c-ad11-33bc74bf6da2:group-E36FE73F595C:LeaderElection72: begin an election at term 1 for -1: [280d4246-3bfc-4b3c-ad11-33bc74bf6da2:192.168.5.132:36954], old=null
2019-09-19 14:38:59,514 [280d4246-3bfc-4b3c-ad11-33bc74bf6da2:group-E36FE73F595C:LeaderElection72] INFO  impl.RoleInfo (RoleInfo.java:shutdownLeaderElection(134)) - 280d4246-3bfc-4b3c-ad11-33bc74bf6da2: shutdown LeaderElection
2019-09-19 14:38:59,514 [280d4246-3bfc-4b3c-ad11-33bc74bf6da2:group-E36FE73F595C:LeaderElection72] INFO  impl.RaftServerImpl (RaftServerImpl.java:setRole(171)) - 280d4246-3bfc-4b3c-ad11-33bc74bf6da2:group-E36FE73F595C changes role from CANDIDATE to LEADER at term 1 for changeToLeader
2019-09-19 14:38:59,514 [280d4246-3bfc-4b3c-ad11-33bc74bf6da2:group-E36FE73F595C:LeaderElection72] INFO  impl.RaftServerImpl (ServerState.java:setLeader(263)) - 280d4246-3bfc-4b3c-ad11-33bc74bf6da2:group-E36FE73F595C change Leader from null to 280d4246-3bfc-4b3c-ad11-33bc74bf6da2 at term 1 for becomeLeader, leader elected after 5138ms
2019-09-19 14:38:59,514 [280d4246-3bfc-4b3c-ad11-33bc74bf6da2:group-E36FE73F595C:LeaderElection72] INFO  server.RaftServerConfigKeys (ConfUtils.java:logGet(43)) - raft.server.staging.catchup.gap = 1000 (default)
2019-09-19 14:38:59,514 [280d4246-3bfc-4b3c-ad11-33bc74bf6da2:group-E36FE73F595C:LeaderElection72] INFO  server.RaftServerConfigKeys (ConfUtils.java:logGet(43)) - raft.server.rpc.sleep.time = 25ms (default)
2019-09-19 14:38:59,515 [280d4246-3bfc-4b3c-ad11-33bc74bf6da2:group-E36FE73F595C:LeaderElection72] INFO  server.RaftServerConfigKeys (ConfUtils.java:logGet(43)) - raft.server.write.element-limit = 4096 (default)
2019-09-19 14:38:59,515 [280d4246-3bfc-4b3c-ad11-33bc74bf6da2:group-E36FE73F595C:LeaderElection72] INFO  server.RaftServerConfigKeys (ConfUtils.java:logGet(43)) - raft.server.watch.timeout = 10s (default)
2019-09-19 14:38:59,515 [280d4246-3bfc-4b3c-ad11-33bc74bf6da2:group-E36FE73F595C:LeaderElection72] INFO  server.RaftServerConfigKeys (ConfUtils.java:logGet(43)) - raft.server.watch.timeout.denomination = 1s (default)
2019-09-19 14:38:59,515 [280d4246-3bfc-4b3c-ad11-33bc74bf6da2:group-E36FE73F595C:LeaderElection72] INFO  server.RaftServerConfigKeys (ConfUtils.java:logGet(43)) - raft.server.watch.element-limit = 65536 (default)
2019-09-19 14:38:59,515 [280d4246-3bfc-4b3c-ad11-33bc74bf6da2:group-E36FE73F595C:LeaderElection72] INFO  impl.RoleInfo (RoleInfo.java:updateAndGet(143)) - 280d4246-3bfc-4b3c-ad11-33bc74bf6da2: start LeaderState
2019-09-19 14:38:59,516 [280d4246-3bfc-4b3c-ad11-33bc74bf6da2:group-E36FE73F595C:LeaderElection72] INFO  segmented.SegmentedRaftLogWorker (SegmentedRaftLogWorker.java:startLogSegment(380)) - 280d4246-3bfc-4b3c-ad11-33bc74bf6da2-SegmentedRaftLogWorker:Storage Directory /workdir/hadoop-ozone/ozonefs/target/test-dir/MiniOzoneClusterImpl-db9f3d9a-89c7-47d2-a400-08c292cbeea5/datanode-0/data/ratis/943d345f-83b5-4853-b2a3-e36fe73f595c: Starting segment from index:0
2019-09-19 14:38:59,516 [280d4246-3bfc-4b3c-ad11-33bc74bf6da2:group-E36FE73F595C:LeaderElection72] INFO  impl.RaftServerImpl (ServerState.java:setRaftConf(361)) - 280d4246-3bfc-4b3c-ad11-33bc74bf6da2:group-E36FE73F595C set configuration 0: [280d4246-3bfc-4b3c-ad11-33bc74bf6da2:192.168.5.132:36954], old=null at 0
2019-09-19 14:38:59,535 [280d4246-3bfc-4b3c-ad11-33bc74bf6da2:group-803FFE98E670:LeaderElection73] INFO  impl.LeaderElection (LeaderElection.java:askForVotes(181)) - 280d4246-3bfc-4b3c-ad11-33bc74bf6da2:group-803FFE98E670:LeaderElection73: begin an election at term 1 for -1: [280d4246-3bfc-4b3c-ad11-33bc74bf6da2:192.168.5.132:36954], old=null
2019-09-19 14:38:59,536 [280d4246-3bfc-4b3c-ad11-33bc74bf6da2:group-803FFE98E670:LeaderElection73] INFO  impl.RoleInfo (RoleInfo.java:shutdownLeaderElection(134)) - 280d4246-3bfc-4b3c-ad11-33bc74bf6da2: shutdown LeaderElection
2019-09-19 14:38:59,536 [280d4246-3bfc-4b3c-ad11-33bc74bf6da2:group-803FFE98E670:LeaderElection73] INFO  impl.RaftServerImpl (RaftServerImpl.java:setRole(171)) - 280d4246-3bfc-4b3c-ad11-33bc74bf6da2:group-803FFE98E670 changes role from CANDIDATE to LEADER at term 1 for changeToLeader
2019-09-19 14:38:59,536 [280d4246-3bfc-4b3c-ad11-33bc74bf6da2:group-803FFE98E670:LeaderElection73] INFO  impl.RaftServerImpl (ServerState.java:setLeader(263)) - 280d4246-3bfc-4b3c-ad11-33bc74bf6da2:group-803FFE98E670 change Leader from null to 280d4246-3bfc-4b3c-ad11-33bc74bf6da2 at term 1 for becomeLeader, leader elected after 5092ms
2019-09-19 14:38:59,536 [280d4246-3bfc-4b3c-ad11-33bc74bf6da2:group-803FFE98E670:LeaderElection73] INFO  server.RaftServerConfigKeys (ConfUtils.java:logGet(43)) - raft.server.staging.catchup.gap = 1000 (default)
2019-09-19 14:38:59,536 [280d4246-3bfc-4b3c-ad11-33bc74bf6da2:group-803FFE98E670:LeaderElection73] INFO  server.RaftServerConfigKeys (ConfUtils.java:logGet(43)) - raft.server.rpc.sleep.time = 25ms (default)
2019-09-19 14:38:59,536 [280d4246-3bfc-4b3c-ad11-33bc74bf6da2:group-803FFE98E670:LeaderElection73] INFO  server.RaftServerConfigKeys (ConfUtils.java:logGet(43)) - raft.server.write.element-limit = 4096 (default)
2019-09-19 14:38:59,536 [280d4246-3bfc-4b3c-ad11-33bc74bf6da2:group-803FFE98E670:LeaderElection73] INFO  server.RaftServerConfigKeys (ConfUtils.java:logGet(43)) - raft.server.watch.timeout = 10s (default)
2019-09-19 14:38:59,537 [280d4246-3bfc-4b3c-ad11-33bc74bf6da2:group-803FFE98E670:LeaderElection73] INFO  server.RaftServerConfigKeys (ConfUtils.java:logGet(43)) - raft.server.watch.timeout.denomination = 1s (default)
2019-09-19 14:38:59,537 [280d4246-3bfc-4b3c-ad11-33bc74bf6da2:group-803FFE98E670:LeaderElection73] INFO  server.RaftServerConfigKeys (ConfUtils.java:logGet(43)) - raft.server.watch.element-limit = 65536 (default)
2019-09-19 14:38:59,537 [280d4246-3bfc-4b3c-ad11-33bc74bf6da2:group-803FFE98E670:LeaderElection73] INFO  impl.RoleInfo (RoleInfo.java:updateAndGet(143)) - 280d4246-3bfc-4b3c-ad11-33bc74bf6da2: start LeaderState
2019-09-19 14:38:59,537 [280d4246-3bfc-4b3c-ad11-33bc74bf6da2:group-803FFE98E670:LeaderElection73] INFO  segmented.SegmentedRaftLogWorker (SegmentedRaftLogWorker.java:startLogSegment(380)) - 280d4246-3bfc-4b3c-ad11-33bc74bf6da2-SegmentedRaftLogWorker:Storage Directory /workdir/hadoop-ozone/ozonefs/target/test-dir/MiniOzoneClusterImpl-db9f3d9a-89c7-47d2-a400-08c292cbeea5/datanode-0/data/ratis/fcb03dca-4416-4ee3-9fc5-803ffe98e670: Starting segment from index:0
2019-09-19 14:38:59,538 [280d4246-3bfc-4b3c-ad11-33bc74bf6da2:group-803FFE98E670:LeaderElection73] INFO  impl.RaftServerImpl (ServerState.java:setRaftConf(361)) - 280d4246-3bfc-4b3c-ad11-33bc74bf6da2:group-803FFE98E670 set configuration 0: [280d4246-3bfc-4b3c-ad11-33bc74bf6da2:192.168.5.132:36954], old=null at 0
2019-09-19 14:38:59,559 | INFO  | SCMAudit | user=jenkins1000 | ip=192.168.5.132 | op=SEND_HEARTBEAT {datanodeUUID=363a6dbc-c2cf-4b88-9aba-10b7f3b32b0a, command=[]} | ret=SUCCESS |  
2019-09-19 14:38:59,579 [280d4246-3bfc-4b3c-ad11-33bc74bf6da2-SegmentedRaftLogWorker:Storage Directory /workdir/hadoop-ozone/ozonefs/target/test-dir/MiniOzoneClusterImpl-db9f3d9a-89c7-47d2-a400-08c292cbeea5/datanode-0/data/ratis/943d345f-83b5-4853-b2a3-e36fe73f595c] INFO  segmented.SegmentedRaftLogWorker (SegmentedRaftLogWorker.java:execute(569)) - 280d4246-3bfc-4b3c-ad11-33bc74bf6da2-SegmentedRaftLogWorker:Storage Directory /workdir/hadoop-ozone/ozonefs/target/test-dir/MiniOzoneClusterImpl-db9f3d9a-89c7-47d2-a400-08c292cbeea5/datanode-0/data/ratis/943d345f-83b5-4853-b2a3-e36fe73f595c: created new log segment /workdir/hadoop-ozone/ozonefs/target/test-dir/MiniOzoneClusterImpl-db9f3d9a-89c7-47d2-a400-08c292cbeea5/datanode-0/data/ratis/943d345f-83b5-4853-b2a3-e36fe73f595c/current/log_inprogress_0
2019-09-19 14:38:59,604 [280d4246-3bfc-4b3c-ad11-33bc74bf6da2-SegmentedRaftLogWorker:Storage Directory /workdir/hadoop-ozone/ozonefs/target/test-dir/MiniOzoneClusterImpl-db9f3d9a-89c7-47d2-a400-08c292cbeea5/datanode-0/data/ratis/fcb03dca-4416-4ee3-9fc5-803ffe98e670] INFO  segmented.SegmentedRaftLogWorker (SegmentedRaftLogWorker.java:execute(569)) - 280d4246-3bfc-4b3c-ad11-33bc74bf6da2-SegmentedRaftLogWorker:Storage Directory /workdir/hadoop-ozone/ozonefs/target/test-dir/MiniOzoneClusterImpl-db9f3d9a-89c7-47d2-a400-08c292cbeea5/datanode-0/data/ratis/fcb03dca-4416-4ee3-9fc5-803ffe98e670: created new log segment /workdir/hadoop-ozone/ozonefs/target/test-dir/MiniOzoneClusterImpl-db9f3d9a-89c7-47d2-a400-08c292cbeea5/datanode-0/data/ratis/fcb03dca-4416-4ee3-9fc5-803ffe98e670/current/log_inprogress_0
2019-09-19 14:38:59,664 [Thread-1257] INFO  impl.FollowerState (FollowerState.java:run(106)) - 9fb2ccf2-5ed3-4a2e-8fe9-d08ca707c464:group-52EE640D2B0F changes to CANDIDATE, lastRpcTime:5080, electionTimeout:5080ms
2019-09-19 14:38:59,664 [Thread-1257] INFO  impl.RoleInfo (RoleInfo.java:shutdownFollowerState(121)) - 9fb2ccf2-5ed3-4a2e-8fe9-d08ca707c464: shutdown FollowerState
2019-09-19 14:38:59,664 [Thread-1257] INFO  impl.RaftServerImpl (RaftServerImpl.java:setRole(171)) - 9fb2ccf2-5ed3-4a2e-8fe9-d08ca707c464:group-52EE640D2B0F changes role from FOLLOWER to CANDIDATE at term 0 for changeToCandidate
2019-09-19 14:38:59,664 [Thread-1257] INFO  impl.RoleInfo (RoleInfo.java:updateAndGet(143)) - 9fb2ccf2-5ed3-4a2e-8fe9-d08ca707c464: start LeaderElection
2019-09-19 14:38:59,668 [Thread-1254] INFO  impl.FollowerState (FollowerState.java:run(106)) - 9fb2ccf2-5ed3-4a2e-8fe9-d08ca707c464:group-15B7D7694B10 changes to CANDIDATE, lastRpcTime:5151, electionTimeout:5151ms
2019-09-19 14:38:59,668 [Thread-1254] INFO  impl.RoleInfo (RoleInfo.java:shutdownFollowerState(121)) - 9fb2ccf2-5ed3-4a2e-8fe9-d08ca707c464: shutdown FollowerState
2019-09-19 14:38:59,668 [Thread-1254] INFO  impl.RaftServerImpl (RaftServerImpl.java:setRole(171)) - 9fb2ccf2-5ed3-4a2e-8fe9-d08ca707c464:group-15B7D7694B10 changes role from FOLLOWER to CANDIDATE at term 0 for changeToCandidate
2019-09-19 14:38:59,668 [Thread-1254] INFO  impl.RoleInfo (RoleInfo.java:updateAndGet(143)) - 9fb2ccf2-5ed3-4a2e-8fe9-d08ca707c464: start LeaderElection
2019-09-19 14:38:59,689 [9fb2ccf2-5ed3-4a2e-8fe9-d08ca707c464:group-52EE640D2B0F:LeaderElection74] INFO  impl.LeaderElection (LeaderElection.java:askForVotes(181)) - 9fb2ccf2-5ed3-4a2e-8fe9-d08ca707c464:group-52EE640D2B0F:LeaderElection74: begin an election at term 1 for -1: [9fb2ccf2-5ed3-4a2e-8fe9-d08ca707c464:192.168.5.132:42469], old=null
2019-09-19 14:38:59,689 [9fb2ccf2-5ed3-4a2e-8fe9-d08ca707c464:group-15B7D7694B10:LeaderElection75] INFO  impl.LeaderElection (LeaderElection.java:askForVotes(181)) - 9fb2ccf2-5ed3-4a2e-8fe9-d08ca707c464:group-15B7D7694B10:LeaderElection75: begin an election at term 1 for -1: [9fb2ccf2-5ed3-4a2e-8fe9-d08ca707c464:192.168.5.132:42469], old=null
2019-09-19 14:38:59,689 [9fb2ccf2-5ed3-4a2e-8fe9-d08ca707c464:group-52EE640D2B0F:LeaderElection74] INFO  impl.RoleInfo (RoleInfo.java:shutdownLeaderElection(134)) - 9fb2ccf2-5ed3-4a2e-8fe9-d08ca707c464: shutdown LeaderElection
2019-09-19 14:38:59,689 [9fb2ccf2-5ed3-4a2e-8fe9-d08ca707c464:group-15B7D7694B10:LeaderElection75] INFO  impl.RoleInfo (RoleInfo.java:shutdownLeaderElection(134)) - 9fb2ccf2-5ed3-4a2e-8fe9-d08ca707c464: shutdown LeaderElection
2019-09-19 14:38:59,689 [9fb2ccf2-5ed3-4a2e-8fe9-d08ca707c464:group-52EE640D2B0F:LeaderElection74] INFO  impl.RaftServerImpl (RaftServerImpl.java:setRole(171)) - 9fb2ccf2-5ed3-4a2e-8fe9-d08ca707c464:group-52EE640D2B0F changes role from CANDIDATE to LEADER at term 1 for changeToLeader
2019-09-19 14:38:59,689 [9fb2ccf2-5ed3-4a2e-8fe9-d08ca707c464:group-15B7D7694B10:LeaderElection75] INFO  impl.RaftServerImpl (RaftServerImpl.java:setRole(171)) - 9fb2ccf2-5ed3-4a2e-8fe9-d08ca707c464:group-15B7D7694B10 changes role from CANDIDATE to LEADER at term 1 for changeToLeader
2019-09-19 14:38:59,689 [9fb2ccf2-5ed3-4a2e-8fe9-d08ca707c464:group-52EE640D2B0F:LeaderElection74] INFO  impl.RaftServerImpl (ServerState.java:setLeader(263)) - 9fb2ccf2-5ed3-4a2e-8fe9-d08ca707c464:group-52EE640D2B0F change Leader from null to 9fb2ccf2-5ed3-4a2e-8fe9-d08ca707c464 at term 1 for becomeLeader, leader elected after 5110ms
2019-09-19 14:38:59,690 [9fb2ccf2-5ed3-4a2e-8fe9-d08ca707c464:group-15B7D7694B10:LeaderElection75] INFO  impl.RaftServerImpl (ServerState.java:setLeader(263)) - 9fb2ccf2-5ed3-4a2e-8fe9-d08ca707c464:group-15B7D7694B10 change Leader from null to 9fb2ccf2-5ed3-4a2e-8fe9-d08ca707c464 at term 1 for becomeLeader, leader elected after 5177ms
2019-09-19 14:38:59,690 [9fb2ccf2-5ed3-4a2e-8fe9-d08ca707c464:group-52EE640D2B0F:LeaderElection74] INFO  server.RaftServerConfigKeys (ConfUtils.java:logGet(43)) - raft.server.staging.catchup.gap = 1000 (default)
2019-09-19 14:38:59,690 [9fb2ccf2-5ed3-4a2e-8fe9-d08ca707c464:group-15B7D7694B10:LeaderElection75] INFO  server.RaftServerConfigKeys (ConfUtils.java:logGet(43)) - raft.server.staging.catchup.gap = 1000 (default)
2019-09-19 14:38:59,690 [9fb2ccf2-5ed3-4a2e-8fe9-d08ca707c464:group-52EE640D2B0F:LeaderElection74] INFO  server.RaftServerConfigKeys (ConfUtils.java:logGet(43)) - raft.server.rpc.sleep.time = 25ms (default)
2019-09-19 14:38:59,690 [9fb2ccf2-5ed3-4a2e-8fe9-d08ca707c464:group-15B7D7694B10:LeaderElection75] INFO  server.RaftServerConfigKeys (ConfUtils.java:logGet(43)) - raft.server.rpc.sleep.time = 25ms (default)
2019-09-19 14:38:59,690 [9fb2ccf2-5ed3-4a2e-8fe9-d08ca707c464:group-52EE640D2B0F:LeaderElection74] INFO  server.RaftServerConfigKeys (ConfUtils.java:logGet(43)) - raft.server.write.element-limit = 4096 (default)
2019-09-19 14:38:59,690 [9fb2ccf2-5ed3-4a2e-8fe9-d08ca707c464:group-15B7D7694B10:LeaderElection75] INFO  server.RaftServerConfigKeys (ConfUtils.java:logGet(43)) - raft.server.write.element-limit = 4096 (default)
2019-09-19 14:38:59,691 [9fb2ccf2-5ed3-4a2e-8fe9-d08ca707c464:group-52EE640D2B0F:LeaderElection74] INFO  server.RaftServerConfigKeys (ConfUtils.java:logGet(43)) - raft.server.watch.timeout = 10s (default)
2019-09-19 14:38:59,691 [9fb2ccf2-5ed3-4a2e-8fe9-d08ca707c464:group-15B7D7694B10:LeaderElection75] INFO  server.RaftServerConfigKeys (ConfUtils.java:logGet(43)) - raft.server.watch.timeout = 10s (default)
2019-09-19 14:38:59,691 [9fb2ccf2-5ed3-4a2e-8fe9-d08ca707c464:group-52EE640D2B0F:LeaderElection74] INFO  server.RaftServerConfigKeys (ConfUtils.java:logGet(43)) - raft.server.watch.timeout.denomination = 1s (default)
2019-09-19 14:38:59,691 [9fb2ccf2-5ed3-4a2e-8fe9-d08ca707c464:group-15B7D7694B10:LeaderElection75] INFO  server.RaftServerConfigKeys (ConfUtils.java:logGet(43)) - raft.server.watch.timeout.denomination = 1s (default)
2019-09-19 14:38:59,691 [9fb2ccf2-5ed3-4a2e-8fe9-d08ca707c464:group-52EE640D2B0F:LeaderElection74] INFO  server.RaftServerConfigKeys (ConfUtils.java:logGet(43)) - raft.server.watch.element-limit = 65536 (default)
2019-09-19 14:38:59,691 [9fb2ccf2-5ed3-4a2e-8fe9-d08ca707c464:group-15B7D7694B10:LeaderElection75] INFO  server.RaftServerConfigKeys (ConfUtils.java:logGet(43)) - raft.server.watch.element-limit = 65536 (default)
2019-09-19 14:38:59,692 [9fb2ccf2-5ed3-4a2e-8fe9-d08ca707c464:group-52EE640D2B0F:LeaderElection74] INFO  impl.RoleInfo (RoleInfo.java:updateAndGet(143)) - 9fb2ccf2-5ed3-4a2e-8fe9-d08ca707c464: start LeaderState
2019-09-19 14:38:59,692 [9fb2ccf2-5ed3-4a2e-8fe9-d08ca707c464:group-15B7D7694B10:LeaderElection75] INFO  impl.RoleInfo (RoleInfo.java:updateAndGet(143)) - 9fb2ccf2-5ed3-4a2e-8fe9-d08ca707c464: start LeaderState
2019-09-19 14:38:59,692 [9fb2ccf2-5ed3-4a2e-8fe9-d08ca707c464:group-52EE640D2B0F:LeaderElection74] INFO  segmented.SegmentedRaftLogWorker (SegmentedRaftLogWorker.java:startLogSegment(380)) - 9fb2ccf2-5ed3-4a2e-8fe9-d08ca707c464-SegmentedRaftLogWorker:Storage Directory /workdir/hadoop-ozone/ozonefs/target/test-dir/MiniOzoneClusterImpl-db9f3d9a-89c7-47d2-a400-08c292cbeea5/datanode-1/data/ratis/9706e64b-9340-4203-bc79-52ee640d2b0f: Starting segment from index:0
2019-09-19 14:38:59,692 [9fb2ccf2-5ed3-4a2e-8fe9-d08ca707c464:group-15B7D7694B10:LeaderElection75] INFO  segmented.SegmentedRaftLogWorker (SegmentedRaftLogWorker.java:startLogSegment(380)) - 9fb2ccf2-5ed3-4a2e-8fe9-d08ca707c464-SegmentedRaftLogWorker:Storage Directory /workdir/hadoop-ozone/ozonefs/target/test-dir/MiniOzoneClusterImpl-db9f3d9a-89c7-47d2-a400-08c292cbeea5/datanode-1/data/ratis/dd41cf20-bf7a-4879-8dfd-15b7d7694b10: Starting segment from index:0
2019-09-19 14:38:59,693 [9fb2ccf2-5ed3-4a2e-8fe9-d08ca707c464:group-52EE640D2B0F:LeaderElection74] INFO  impl.RaftServerImpl (ServerState.java:setRaftConf(361)) - 9fb2ccf2-5ed3-4a2e-8fe9-d08ca707c464:group-52EE640D2B0F set configuration 0: [9fb2ccf2-5ed3-4a2e-8fe9-d08ca707c464:192.168.5.132:42469], old=null at 0
2019-09-19 14:38:59,693 [9fb2ccf2-5ed3-4a2e-8fe9-d08ca707c464:group-15B7D7694B10:LeaderElection75] INFO  impl.RaftServerImpl (ServerState.java:setRaftConf(361)) - 9fb2ccf2-5ed3-4a2e-8fe9-d08ca707c464:group-15B7D7694B10 set configuration 0: [9fb2ccf2-5ed3-4a2e-8fe9-d08ca707c464:192.168.5.132:42469], old=null at 0
2019-09-19 14:38:59,756 [9fb2ccf2-5ed3-4a2e-8fe9-d08ca707c464-SegmentedRaftLogWorker:Storage Directory /workdir/hadoop-ozone/ozonefs/target/test-dir/MiniOzoneClusterImpl-db9f3d9a-89c7-47d2-a400-08c292cbeea5/datanode-1/data/ratis/dd41cf20-bf7a-4879-8dfd-15b7d7694b10] INFO  segmented.SegmentedRaftLogWorker (SegmentedRaftLogWorker.java:execute(569)) - 9fb2ccf2-5ed3-4a2e-8fe9-d08ca707c464-SegmentedRaftLogWorker:Storage Directory /workdir/hadoop-ozone/ozonefs/target/test-dir/MiniOzoneClusterImpl-db9f3d9a-89c7-47d2-a400-08c292cbeea5/datanode-1/data/ratis/dd41cf20-bf7a-4879-8dfd-15b7d7694b10: created new log segment /workdir/hadoop-ozone/ozonefs/target/test-dir/MiniOzoneClusterImpl-db9f3d9a-89c7-47d2-a400-08c292cbeea5/datanode-1/data/ratis/dd41cf20-bf7a-4879-8dfd-15b7d7694b10/current/log_inprogress_0
2019-09-19 14:38:59,756 [9fb2ccf2-5ed3-4a2e-8fe9-d08ca707c464-SegmentedRaftLogWorker:Storage Directory /workdir/hadoop-ozone/ozonefs/target/test-dir/MiniOzoneClusterImpl-db9f3d9a-89c7-47d2-a400-08c292cbeea5/datanode-1/data/ratis/9706e64b-9340-4203-bc79-52ee640d2b0f] INFO  segmented.SegmentedRaftLogWorker (SegmentedRaftLogWorker.java:execute(569)) - 9fb2ccf2-5ed3-4a2e-8fe9-d08ca707c464-SegmentedRaftLogWorker:Storage Directory /workdir/hadoop-ozone/ozonefs/target/test-dir/MiniOzoneClusterImpl-db9f3d9a-89c7-47d2-a400-08c292cbeea5/datanode-1/data/ratis/9706e64b-9340-4203-bc79-52ee640d2b0f: created new log segment /workdir/hadoop-ozone/ozonefs/target/test-dir/MiniOzoneClusterImpl-db9f3d9a-89c7-47d2-a400-08c292cbeea5/datanode-1/data/ratis/9706e64b-9340-4203-bc79-52ee640d2b0f/current/log_inprogress_0
2019-09-19 14:38:59,758 [Thread-1263] INFO  impl.FollowerState (FollowerState.java:run(106)) - 9fb2ccf2-5ed3-4a2e-8fe9-d08ca707c464:group-F7B452861FE6 changes to CANDIDATE, lastRpcTime:5040, electionTimeout:5040ms
2019-09-19 14:38:59,759 [Thread-1263] INFO  impl.RoleInfo (RoleInfo.java:shutdownFollowerState(121)) - 9fb2ccf2-5ed3-4a2e-8fe9-d08ca707c464: shutdown FollowerState
2019-09-19 14:38:59,759 [Thread-1263] INFO  impl.RaftServerImpl (RaftServerImpl.java:setRole(171)) - 9fb2ccf2-5ed3-4a2e-8fe9-d08ca707c464:group-F7B452861FE6 changes role from FOLLOWER to CANDIDATE at term 0 for changeToCandidate
2019-09-19 14:38:59,759 [Thread-1263] INFO  impl.RoleInfo (RoleInfo.java:updateAndGet(143)) - 9fb2ccf2-5ed3-4a2e-8fe9-d08ca707c464: start LeaderElection
2019-09-19 14:38:59,781 [9fb2ccf2-5ed3-4a2e-8fe9-d08ca707c464:group-F7B452861FE6:LeaderElection76] INFO  impl.LeaderElection (LeaderElection.java:askForVotes(181)) - 9fb2ccf2-5ed3-4a2e-8fe9-d08ca707c464:group-F7B452861FE6:LeaderElection76: begin an election at term 1 for -1: [9fb2ccf2-5ed3-4a2e-8fe9-d08ca707c464:192.168.5.132:42469], old=null
2019-09-19 14:38:59,781 [9fb2ccf2-5ed3-4a2e-8fe9-d08ca707c464:group-F7B452861FE6:LeaderElection76] INFO  impl.RoleInfo (RoleInfo.java:shutdownLeaderElection(134)) - 9fb2ccf2-5ed3-4a2e-8fe9-d08ca707c464: shutdown LeaderElection
2019-09-19 14:38:59,781 [9fb2ccf2-5ed3-4a2e-8fe9-d08ca707c464:group-F7B452861FE6:LeaderElection76] INFO  impl.RaftServerImpl (RaftServerImpl.java:setRole(171)) - 9fb2ccf2-5ed3-4a2e-8fe9-d08ca707c464:group-F7B452861FE6 changes role from CANDIDATE to LEADER at term 1 for changeToLeader
2019-09-19 14:38:59,781 [9fb2ccf2-5ed3-4a2e-8fe9-d08ca707c464:group-F7B452861FE6:LeaderElection76] INFO  impl.RaftServerImpl (ServerState.java:setLeader(263)) - 9fb2ccf2-5ed3-4a2e-8fe9-d08ca707c464:group-F7B452861FE6 change Leader from null to 9fb2ccf2-5ed3-4a2e-8fe9-d08ca707c464 at term 1 for becomeLeader, leader elected after 5067ms
2019-09-19 14:38:59,782 [9fb2ccf2-5ed3-4a2e-8fe9-d08ca707c464:group-F7B452861FE6:LeaderElection76] INFO  server.RaftServerConfigKeys (ConfUtils.java:logGet(43)) - raft.server.staging.catchup.gap = 1000 (default)
2019-09-19 14:38:59,782 [9fb2ccf2-5ed3-4a2e-8fe9-d08ca707c464:group-F7B452861FE6:LeaderElection76] INFO  server.RaftServerConfigKeys (ConfUtils.java:logGet(43)) - raft.server.rpc.sleep.time = 25ms (default)
2019-09-19 14:38:59,782 [9fb2ccf2-5ed3-4a2e-8fe9-d08ca707c464:group-F7B452861FE6:LeaderElection76] INFO  server.RaftServerConfigKeys (ConfUtils.java:logGet(43)) - raft.server.write.element-limit = 4096 (default)
2019-09-19 14:38:59,782 [9fb2ccf2-5ed3-4a2e-8fe9-d08ca707c464:group-F7B452861FE6:LeaderElection76] INFO  server.RaftServerConfigKeys (ConfUtils.java:logGet(43)) - raft.server.watch.timeout = 10s (default)
2019-09-19 14:38:59,782 [9fb2ccf2-5ed3-4a2e-8fe9-d08ca707c464:group-F7B452861FE6:LeaderElection76] INFO  server.RaftServerConfigKeys (ConfUtils.java:logGet(43)) - raft.server.watch.timeout.denomination = 1s (default)
2019-09-19 14:38:59,783 [9fb2ccf2-5ed3-4a2e-8fe9-d08ca707c464:group-F7B452861FE6:LeaderElection76] INFO  server.RaftServerConfigKeys (ConfUtils.java:logGet(43)) - raft.server.watch.element-limit = 65536 (default)
2019-09-19 14:38:59,783 [9fb2ccf2-5ed3-4a2e-8fe9-d08ca707c464:group-F7B452861FE6:LeaderElection76] INFO  impl.RoleInfo (RoleInfo.java:updateAndGet(143)) - 9fb2ccf2-5ed3-4a2e-8fe9-d08ca707c464: start LeaderState
2019-09-19 14:38:59,783 [9fb2ccf2-5ed3-4a2e-8fe9-d08ca707c464:group-F7B452861FE6:LeaderElection76] INFO  segmented.SegmentedRaftLogWorker (SegmentedRaftLogWorker.java:startLogSegment(380)) - 9fb2ccf2-5ed3-4a2e-8fe9-d08ca707c464-SegmentedRaftLogWorker:Storage Directory /workdir/hadoop-ozone/ozonefs/target/test-dir/MiniOzoneClusterImpl-db9f3d9a-89c7-47d2-a400-08c292cbeea5/datanode-1/data/ratis/27b81e29-b623-40b4-9135-f7b452861fe6: Starting segment from index:0
2019-09-19 14:38:59,784 [9fb2ccf2-5ed3-4a2e-8fe9-d08ca707c464:group-F7B452861FE6:LeaderElection76] INFO  impl.RaftServerImpl (ServerState.java:setRaftConf(361)) - 9fb2ccf2-5ed3-4a2e-8fe9-d08ca707c464:group-F7B452861FE6 set configuration 0: [9fb2ccf2-5ed3-4a2e-8fe9-d08ca707c464:192.168.5.132:42469], old=null at 0
2019-09-19 14:38:59,814 [Thread-1260] INFO  impl.FollowerState (FollowerState.java:run(106)) - 363a6dbc-c2cf-4b88-9aba-10b7f3b32b0a:group-FD6F9DE97701 changes to CANDIDATE, lastRpcTime:5162, electionTimeout:5162ms
2019-09-19 14:38:59,814 [Thread-1260] INFO  impl.RoleInfo (RoleInfo.java:shutdownFollowerState(121)) - 363a6dbc-c2cf-4b88-9aba-10b7f3b32b0a: shutdown FollowerState
2019-09-19 14:38:59,814 [Thread-1260] INFO  impl.RaftServerImpl (RaftServerImpl.java:setRole(171)) - 363a6dbc-c2cf-4b88-9aba-10b7f3b32b0a:group-FD6F9DE97701 changes role from FOLLOWER to CANDIDATE at term 0 for changeToCandidate
2019-09-19 14:38:59,814 [Thread-1260] INFO  impl.RoleInfo (RoleInfo.java:updateAndGet(143)) - 363a6dbc-c2cf-4b88-9aba-10b7f3b32b0a: start LeaderElection
2019-09-19 14:38:59,840 [9fb2ccf2-5ed3-4a2e-8fe9-d08ca707c464-SegmentedRaftLogWorker:Storage Directory /workdir/hadoop-ozone/ozonefs/target/test-dir/MiniOzoneClusterImpl-db9f3d9a-89c7-47d2-a400-08c292cbeea5/datanode-1/data/ratis/27b81e29-b623-40b4-9135-f7b452861fe6] INFO  segmented.SegmentedRaftLogWorker (SegmentedRaftLogWorker.java:execute(569)) - 9fb2ccf2-5ed3-4a2e-8fe9-d08ca707c464-SegmentedRaftLogWorker:Storage Directory /workdir/hadoop-ozone/ozonefs/target/test-dir/MiniOzoneClusterImpl-db9f3d9a-89c7-47d2-a400-08c292cbeea5/datanode-1/data/ratis/27b81e29-b623-40b4-9135-f7b452861fe6: created new log segment /workdir/hadoop-ozone/ozonefs/target/test-dir/MiniOzoneClusterImpl-db9f3d9a-89c7-47d2-a400-08c292cbeea5/datanode-1/data/ratis/27b81e29-b623-40b4-9135-f7b452861fe6/current/log_inprogress_0
2019-09-19 14:38:59,841 [363a6dbc-c2cf-4b88-9aba-10b7f3b32b0a:group-FD6F9DE97701:LeaderElection77] INFO  impl.LeaderElection (LeaderElection.java:askForVotes(181)) - 363a6dbc-c2cf-4b88-9aba-10b7f3b32b0a:group-FD6F9DE97701:LeaderElection77: begin an election at term 1 for -1: [363a6dbc-c2cf-4b88-9aba-10b7f3b32b0a:192.168.5.132:40194], old=null
2019-09-19 14:38:59,841 [363a6dbc-c2cf-4b88-9aba-10b7f3b32b0a:group-FD6F9DE97701:LeaderElection77] INFO  impl.RoleInfo (RoleInfo.java:shutdownLeaderElection(134)) - 363a6dbc-c2cf-4b88-9aba-10b7f3b32b0a: shutdown LeaderElection
2019-09-19 14:38:59,841 [363a6dbc-c2cf-4b88-9aba-10b7f3b32b0a:group-FD6F9DE97701:LeaderElection77] INFO  impl.RaftServerImpl (RaftServerImpl.java:setRole(171)) - 363a6dbc-c2cf-4b88-9aba-10b7f3b32b0a:group-FD6F9DE97701 changes role from CANDIDATE to LEADER at term 1 for changeToLeader
2019-09-19 14:38:59,841 [363a6dbc-c2cf-4b88-9aba-10b7f3b32b0a:group-FD6F9DE97701:LeaderElection77] INFO  impl.RaftServerImpl (ServerState.java:setLeader(263)) - 363a6dbc-c2cf-4b88-9aba-10b7f3b32b0a:group-FD6F9DE97701 change Leader from null to 363a6dbc-c2cf-4b88-9aba-10b7f3b32b0a at term 1 for becomeLeader, leader elected after 5194ms
2019-09-19 14:38:59,841 [363a6dbc-c2cf-4b88-9aba-10b7f3b32b0a:group-FD6F9DE97701:LeaderElection77] INFO  server.RaftServerConfigKeys (ConfUtils.java:logGet(43)) - raft.server.staging.catchup.gap = 1000 (default)
2019-09-19 14:38:59,842 [363a6dbc-c2cf-4b88-9aba-10b7f3b32b0a:group-FD6F9DE97701:LeaderElection77] INFO  server.RaftServerConfigKeys (ConfUtils.java:logGet(43)) - raft.server.rpc.sleep.time = 25ms (default)
2019-09-19 14:38:59,842 [363a6dbc-c2cf-4b88-9aba-10b7f3b32b0a:group-FD6F9DE97701:LeaderElection77] INFO  server.RaftServerConfigKeys (ConfUtils.java:logGet(43)) - raft.server.write.element-limit = 4096 (default)
2019-09-19 14:38:59,842 [363a6dbc-c2cf-4b88-9aba-10b7f3b32b0a:group-FD6F9DE97701:LeaderElection77] INFO  server.RaftServerConfigKeys (ConfUtils.java:logGet(43)) - raft.server.watch.timeout = 10s (default)
2019-09-19 14:38:59,842 [363a6dbc-c2cf-4b88-9aba-10b7f3b32b0a:group-FD6F9DE97701:LeaderElection77] INFO  server.RaftServerConfigKeys (ConfUtils.java:logGet(43)) - raft.server.watch.timeout.denomination = 1s (default)
2019-09-19 14:38:59,842 [363a6dbc-c2cf-4b88-9aba-10b7f3b32b0a:group-FD6F9DE97701:LeaderElection77] INFO  server.RaftServerConfigKeys (ConfUtils.java:logGet(43)) - raft.server.watch.element-limit = 65536 (default)
2019-09-19 14:38:59,843 [363a6dbc-c2cf-4b88-9aba-10b7f3b32b0a:group-FD6F9DE97701:LeaderElection77] INFO  impl.RoleInfo (RoleInfo.java:updateAndGet(143)) - 363a6dbc-c2cf-4b88-9aba-10b7f3b32b0a: start LeaderState
2019-09-19 14:38:59,843 [363a6dbc-c2cf-4b88-9aba-10b7f3b32b0a:group-FD6F9DE97701:LeaderElection77] INFO  segmented.SegmentedRaftLogWorker (SegmentedRaftLogWorker.java:startLogSegment(380)) - 363a6dbc-c2cf-4b88-9aba-10b7f3b32b0a-SegmentedRaftLogWorker:Storage Directory /workdir/hadoop-ozone/ozonefs/target/test-dir/MiniOzoneClusterImpl-db9f3d9a-89c7-47d2-a400-08c292cbeea5/datanode-2/data/ratis/9ba89dc3-f35e-4a4e-b8d3-fd6f9de97701: Starting segment from index:0
2019-09-19 14:38:59,843 [363a6dbc-c2cf-4b88-9aba-10b7f3b32b0a:group-FD6F9DE97701:LeaderElection77] INFO  impl.RaftServerImpl (ServerState.java:setRaftConf(361)) - 363a6dbc-c2cf-4b88-9aba-10b7f3b32b0a:group-FD6F9DE97701 set configuration 0: [363a6dbc-c2cf-4b88-9aba-10b7f3b32b0a:192.168.5.132:40194], old=null at 0
2019-09-19 14:38:59,903 [363a6dbc-c2cf-4b88-9aba-10b7f3b32b0a-SegmentedRaftLogWorker:Storage Directory /workdir/hadoop-ozone/ozonefs/target/test-dir/MiniOzoneClusterImpl-db9f3d9a-89c7-47d2-a400-08c292cbeea5/datanode-2/data/ratis/9ba89dc3-f35e-4a4e-b8d3-fd6f9de97701] INFO  segmented.SegmentedRaftLogWorker (SegmentedRaftLogWorker.java:execute(569)) - 363a6dbc-c2cf-4b88-9aba-10b7f3b32b0a-SegmentedRaftLogWorker:Storage Directory /workdir/hadoop-ozone/ozonefs/target/test-dir/MiniOzoneClusterImpl-db9f3d9a-89c7-47d2-a400-08c292cbeea5/datanode-2/data/ratis/9ba89dc3-f35e-4a4e-b8d3-fd6f9de97701: created new log segment /workdir/hadoop-ozone/ozonefs/target/test-dir/MiniOzoneClusterImpl-db9f3d9a-89c7-47d2-a400-08c292cbeea5/datanode-2/data/ratis/9ba89dc3-f35e-4a4e-b8d3-fd6f9de97701/current/log_inprogress_0
2019-09-19 14:38:59,937 [Thread-1269] INFO  impl.FollowerState (FollowerState.java:run(106)) - 9fb2ccf2-5ed3-4a2e-8fe9-d08ca707c464:group-87F8DE40676C changes to CANDIDATE, lastRpcTime:5041, electionTimeout:5041ms
2019-09-19 14:38:59,937 [Thread-1269] INFO  impl.RoleInfo (RoleInfo.java:shutdownFollowerState(121)) - 9fb2ccf2-5ed3-4a2e-8fe9-d08ca707c464: shutdown FollowerState
2019-09-19 14:38:59,937 [Thread-1269] INFO  impl.RaftServerImpl (RaftServerImpl.java:setRole(171)) - 9fb2ccf2-5ed3-4a2e-8fe9-d08ca707c464:group-87F8DE40676C changes role from FOLLOWER to CANDIDATE at term 0 for changeToCandidate
2019-09-19 14:38:59,937 [Thread-1269] INFO  impl.RoleInfo (RoleInfo.java:updateAndGet(143)) - 9fb2ccf2-5ed3-4a2e-8fe9-d08ca707c464: start LeaderElection
2019-09-19 14:38:59,947 [Thread-1266] INFO  impl.FollowerState (FollowerState.java:run(106)) - 9fb2ccf2-5ed3-4a2e-8fe9-d08ca707c464:group-06BB7983C03F changes to CANDIDATE, lastRpcTime:5164, electionTimeout:5164ms
2019-09-19 14:38:59,947 [Thread-1266] INFO  impl.RoleInfo (RoleInfo.java:shutdownFollowerState(121)) - 9fb2ccf2-5ed3-4a2e-8fe9-d08ca707c464: shutdown FollowerState
2019-09-19 14:38:59,948 [Thread-1266] INFO  impl.RaftServerImpl (RaftServerImpl.java:setRole(171)) - 9fb2ccf2-5ed3-4a2e-8fe9-d08ca707c464:group-06BB7983C03F changes role from FOLLOWER to CANDIDATE at term 0 for changeToCandidate
2019-09-19 14:38:59,948 [Thread-1266] INFO  impl.RoleInfo (RoleInfo.java:updateAndGet(143)) - 9fb2ccf2-5ed3-4a2e-8fe9-d08ca707c464: start LeaderElection
2019-09-19 14:38:59,963 [9fb2ccf2-5ed3-4a2e-8fe9-d08ca707c464:group-87F8DE40676C:LeaderElection78] INFO  impl.LeaderElection (LeaderElection.java:askForVotes(181)) - 9fb2ccf2-5ed3-4a2e-8fe9-d08ca707c464:group-87F8DE40676C:LeaderElection78: begin an election at term 1 for -1: [9fb2ccf2-5ed3-4a2e-8fe9-d08ca707c464:192.168.5.132:42469], old=null
2019-09-19 14:38:59,963 [9fb2ccf2-5ed3-4a2e-8fe9-d08ca707c464:group-06BB7983C03F:LeaderElection79] INFO  impl.LeaderElection (LeaderElection.java:askForVotes(181)) - 9fb2ccf2-5ed3-4a2e-8fe9-d08ca707c464:group-06BB7983C03F:LeaderElection79: begin an election at term 1 for -1: [9fb2ccf2-5ed3-4a2e-8fe9-d08ca707c464:192.168.5.132:42469], old=null
2019-09-19 14:38:59,963 [9fb2ccf2-5ed3-4a2e-8fe9-d08ca707c464:group-87F8DE40676C:LeaderElection78] INFO  impl.RoleInfo (RoleInfo.java:shutdownLeaderElection(134)) - 9fb2ccf2-5ed3-4a2e-8fe9-d08ca707c464: shutdown LeaderElection
2019-09-19 14:38:59,963 [9fb2ccf2-5ed3-4a2e-8fe9-d08ca707c464:group-06BB7983C03F:LeaderElection79] INFO  impl.RoleInfo (RoleInfo.java:shutdownLeaderElection(134)) - 9fb2ccf2-5ed3-4a2e-8fe9-d08ca707c464: shutdown LeaderElection
2019-09-19 14:38:59,963 [9fb2ccf2-5ed3-4a2e-8fe9-d08ca707c464:group-87F8DE40676C:LeaderElection78] INFO  impl.RaftServerImpl (RaftServerImpl.java:setRole(171)) - 9fb2ccf2-5ed3-4a2e-8fe9-d08ca707c464:group-87F8DE40676C changes role from CANDIDATE to LEADER at term 1 for changeToLeader
2019-09-19 14:38:59,963 [9fb2ccf2-5ed3-4a2e-8fe9-d08ca707c464:group-06BB7983C03F:LeaderElection79] INFO  impl.RaftServerImpl (RaftServerImpl.java:setRole(171)) - 9fb2ccf2-5ed3-4a2e-8fe9-d08ca707c464:group-06BB7983C03F changes role from CANDIDATE to LEADER at term 1 for changeToLeader
2019-09-19 14:38:59,963 [9fb2ccf2-5ed3-4a2e-8fe9-d08ca707c464:group-87F8DE40676C:LeaderElection78] INFO  impl.RaftServerImpl (ServerState.java:setLeader(263)) - 9fb2ccf2-5ed3-4a2e-8fe9-d08ca707c464:group-87F8DE40676C change Leader from null to 9fb2ccf2-5ed3-4a2e-8fe9-d08ca707c464 at term 1 for becomeLeader, leader elected after 5070ms
2019-09-19 14:38:59,964 [9fb2ccf2-5ed3-4a2e-8fe9-d08ca707c464:group-06BB7983C03F:LeaderElection79] INFO  impl.RaftServerImpl (ServerState.java:setLeader(263)) - 9fb2ccf2-5ed3-4a2e-8fe9-d08ca707c464:group-06BB7983C03F change Leader from null to 9fb2ccf2-5ed3-4a2e-8fe9-d08ca707c464 at term 1 for becomeLeader, leader elected after 5186ms
2019-09-19 14:38:59,964 [9fb2ccf2-5ed3-4a2e-8fe9-d08ca707c464:group-87F8DE40676C:LeaderElection78] INFO  server.RaftServerConfigKeys (ConfUtils.java:logGet(43)) - raft.server.staging.catchup.gap = 1000 (default)
2019-09-19 14:38:59,964 [9fb2ccf2-5ed3-4a2e-8fe9-d08ca707c464:group-06BB7983C03F:LeaderElection79] INFO  server.RaftServerConfigKeys (ConfUtils.java:logGet(43)) - raft.server.staging.catchup.gap = 1000 (default)
2019-09-19 14:38:59,964 [9fb2ccf2-5ed3-4a2e-8fe9-d08ca707c464:group-87F8DE40676C:LeaderElection78] INFO  server.RaftServerConfigKeys (ConfUtils.java:logGet(43)) - raft.server.rpc.sleep.time = 25ms (default)
2019-09-19 14:38:59,964 [9fb2ccf2-5ed3-4a2e-8fe9-d08ca707c464:group-06BB7983C03F:LeaderElection79] INFO  server.RaftServerConfigKeys (ConfUtils.java:logGet(43)) - raft.server.rpc.sleep.time = 25ms (default)
2019-09-19 14:38:59,964 [9fb2ccf2-5ed3-4a2e-8fe9-d08ca707c464:group-87F8DE40676C:LeaderElection78] INFO  server.RaftServerConfigKeys (ConfUtils.java:logGet(43)) - raft.server.write.element-limit = 4096 (default)
2019-09-19 14:38:59,964 [9fb2ccf2-5ed3-4a2e-8fe9-d08ca707c464:group-06BB7983C03F:LeaderElection79] INFO  server.RaftServerConfigKeys (ConfUtils.java:logGet(43)) - raft.server.write.element-limit = 4096 (default)
2019-09-19 14:38:59,964 [9fb2ccf2-5ed3-4a2e-8fe9-d08ca707c464:group-87F8DE40676C:LeaderElection78] INFO  server.RaftServerConfigKeys (ConfUtils.java:logGet(43)) - raft.server.watch.timeout = 10s (default)
2019-09-19 14:38:59,965 [9fb2ccf2-5ed3-4a2e-8fe9-d08ca707c464:group-06BB7983C03F:LeaderElection79] INFO  server.RaftServerConfigKeys (ConfUtils.java:logGet(43)) - raft.server.watch.timeout = 10s (default)
2019-09-19 14:38:59,965 [9fb2ccf2-5ed3-4a2e-8fe9-d08ca707c464:group-87F8DE40676C:LeaderElection78] INFO  server.RaftServerConfigKeys (ConfUtils.java:logGet(43)) - raft.server.watch.timeout.denomination = 1s (default)
2019-09-19 14:38:59,965 [9fb2ccf2-5ed3-4a2e-8fe9-d08ca707c464:group-06BB7983C03F:LeaderElection79] INFO  server.RaftServerConfigKeys (ConfUtils.java:logGet(43)) - raft.server.watch.timeout.denomination = 1s (default)
2019-09-19 14:38:59,965 [9fb2ccf2-5ed3-4a2e-8fe9-d08ca707c464:group-87F8DE40676C:LeaderElection78] INFO  server.RaftServerConfigKeys (ConfUtils.java:logGet(43)) - raft.server.watch.element-limit = 65536 (default)
2019-09-19 14:38:59,965 [9fb2ccf2-5ed3-4a2e-8fe9-d08ca707c464:group-06BB7983C03F:LeaderElection79] INFO  server.RaftServerConfigKeys (ConfUtils.java:logGet(43)) - raft.server.watch.element-limit = 65536 (default)
2019-09-19 14:38:59,965 [9fb2ccf2-5ed3-4a2e-8fe9-d08ca707c464:group-87F8DE40676C:LeaderElection78] INFO  impl.RoleInfo (RoleInfo.java:updateAndGet(143)) - 9fb2ccf2-5ed3-4a2e-8fe9-d08ca707c464: start LeaderState
2019-09-19 14:38:59,965 [9fb2ccf2-5ed3-4a2e-8fe9-d08ca707c464:group-06BB7983C03F:LeaderElection79] INFO  impl.RoleInfo (RoleInfo.java:updateAndGet(143)) - 9fb2ccf2-5ed3-4a2e-8fe9-d08ca707c464: start LeaderState
2019-09-19 14:38:59,966 [9fb2ccf2-5ed3-4a2e-8fe9-d08ca707c464:group-87F8DE40676C:LeaderElection78] INFO  segmented.SegmentedRaftLogWorker (SegmentedRaftLogWorker.java:startLogSegment(380)) - 9fb2ccf2-5ed3-4a2e-8fe9-d08ca707c464-SegmentedRaftLogWorker:Storage Directory /workdir/hadoop-ozone/ozonefs/target/test-dir/MiniOzoneClusterImpl-db9f3d9a-89c7-47d2-a400-08c292cbeea5/datanode-1/data/ratis/7267aba4-78f4-4f3c-bf64-87f8de40676c: Starting segment from index:0
2019-09-19 14:38:59,966 [9fb2ccf2-5ed3-4a2e-8fe9-d08ca707c464:group-06BB7983C03F:LeaderElection79] INFO  segmented.SegmentedRaftLogWorker (SegmentedRaftLogWorker.java:startLogSegment(380)) - 9fb2ccf2-5ed3-4a2e-8fe9-d08ca707c464-SegmentedRaftLogWorker:Storage Directory /workdir/hadoop-ozone/ozonefs/target/test-dir/MiniOzoneClusterImpl-db9f3d9a-89c7-47d2-a400-08c292cbeea5/datanode-1/data/ratis/660255fe-a9e9-4873-8d58-06bb7983c03f: Starting segment from index:0
2019-09-19 14:38:59,966 [9fb2ccf2-5ed3-4a2e-8fe9-d08ca707c464:group-87F8DE40676C:LeaderElection78] INFO  impl.RaftServerImpl (ServerState.java:setRaftConf(361)) - 9fb2ccf2-5ed3-4a2e-8fe9-d08ca707c464:group-87F8DE40676C set configuration 0: [9fb2ccf2-5ed3-4a2e-8fe9-d08ca707c464:192.168.5.132:42469], old=null at 0
2019-09-19 14:38:59,967 [9fb2ccf2-5ed3-4a2e-8fe9-d08ca707c464:group-06BB7983C03F:LeaderElection79] INFO  impl.RaftServerImpl (ServerState.java:setRaftConf(361)) - 9fb2ccf2-5ed3-4a2e-8fe9-d08ca707c464:group-06BB7983C03F set configuration 0: [9fb2ccf2-5ed3-4a2e-8fe9-d08ca707c464:192.168.5.132:42469], old=null at 0
2019-09-19 14:39:00,018 [9fb2ccf2-5ed3-4a2e-8fe9-d08ca707c464-SegmentedRaftLogWorker:Storage Directory /workdir/hadoop-ozone/ozonefs/target/test-dir/MiniOzoneClusterImpl-db9f3d9a-89c7-47d2-a400-08c292cbeea5/datanode-1/data/ratis/7267aba4-78f4-4f3c-bf64-87f8de40676c] INFO  segmented.SegmentedRaftLogWorker (SegmentedRaftLogWorker.java:execute(569)) - 9fb2ccf2-5ed3-4a2e-8fe9-d08ca707c464-SegmentedRaftLogWorker:Storage Directory /workdir/hadoop-ozone/ozonefs/target/test-dir/MiniOzoneClusterImpl-db9f3d9a-89c7-47d2-a400-08c292cbeea5/datanode-1/data/ratis/7267aba4-78f4-4f3c-bf64-87f8de40676c: created new log segment /workdir/hadoop-ozone/ozonefs/target/test-dir/MiniOzoneClusterImpl-db9f3d9a-89c7-47d2-a400-08c292cbeea5/datanode-1/data/ratis/7267aba4-78f4-4f3c-bf64-87f8de40676c/current/log_inprogress_0
2019-09-19 14:39:00,019 [Thread-1272] INFO  impl.FollowerState (FollowerState.java:run(106)) - 9fb2ccf2-5ed3-4a2e-8fe9-d08ca707c464:group-3EB82BFF9C21 changes to CANDIDATE, lastRpcTime:5052, electionTimeout:5052ms
2019-09-19 14:39:00,018 [9fb2ccf2-5ed3-4a2e-8fe9-d08ca707c464-SegmentedRaftLogWorker:Storage Directory /workdir/hadoop-ozone/ozonefs/target/test-dir/MiniOzoneClusterImpl-db9f3d9a-89c7-47d2-a400-08c292cbeea5/datanode-1/data/ratis/660255fe-a9e9-4873-8d58-06bb7983c03f] INFO  segmented.SegmentedRaftLogWorker (SegmentedRaftLogWorker.java:execute(569)) - 9fb2ccf2-5ed3-4a2e-8fe9-d08ca707c464-SegmentedRaftLogWorker:Storage Directory /workdir/hadoop-ozone/ozonefs/target/test-dir/MiniOzoneClusterImpl-db9f3d9a-89c7-47d2-a400-08c292cbeea5/datanode-1/data/ratis/660255fe-a9e9-4873-8d58-06bb7983c03f: created new log segment /workdir/hadoop-ozone/ozonefs/target/test-dir/MiniOzoneClusterImpl-db9f3d9a-89c7-47d2-a400-08c292cbeea5/datanode-1/data/ratis/660255fe-a9e9-4873-8d58-06bb7983c03f/current/log_inprogress_0
2019-09-19 14:39:00,019 [Thread-1272] INFO  impl.RoleInfo (RoleInfo.java:shutdownFollowerState(121)) - 9fb2ccf2-5ed3-4a2e-8fe9-d08ca707c464: shutdown FollowerState
2019-09-19 14:39:00,019 [Thread-1272] INFO  impl.RaftServerImpl (RaftServerImpl.java:setRole(171)) - 9fb2ccf2-5ed3-4a2e-8fe9-d08ca707c464:group-3EB82BFF9C21 changes role from FOLLOWER to CANDIDATE at term 0 for changeToCandidate
2019-09-19 14:39:00,020 [Thread-1272] INFO  impl.RoleInfo (RoleInfo.java:updateAndGet(143)) - 9fb2ccf2-5ed3-4a2e-8fe9-d08ca707c464: start LeaderElection
2019-09-19 14:39:00,042 [9fb2ccf2-5ed3-4a2e-8fe9-d08ca707c464:group-3EB82BFF9C21:LeaderElection80] INFO  impl.LeaderElection (LeaderElection.java:askForVotes(181)) - 9fb2ccf2-5ed3-4a2e-8fe9-d08ca707c464:group-3EB82BFF9C21:LeaderElection80: begin an election at term 1 for -1: [9fb2ccf2-5ed3-4a2e-8fe9-d08ca707c464:192.168.5.132:42469], old=null
2019-09-19 14:39:00,042 [9fb2ccf2-5ed3-4a2e-8fe9-d08ca707c464:group-3EB82BFF9C21:LeaderElection80] INFO  impl.RoleInfo (RoleInfo.java:shutdownLeaderElection(134)) - 9fb2ccf2-5ed3-4a2e-8fe9-d08ca707c464: shutdown LeaderElection
2019-09-19 14:39:00,042 [9fb2ccf2-5ed3-4a2e-8fe9-d08ca707c464:group-3EB82BFF9C21:LeaderElection80] INFO  impl.RaftServerImpl (RaftServerImpl.java:setRole(171)) - 9fb2ccf2-5ed3-4a2e-8fe9-d08ca707c464:group-3EB82BFF9C21 changes role from CANDIDATE to LEADER at term 1 for changeToLeader
2019-09-19 14:39:00,042 [9fb2ccf2-5ed3-4a2e-8fe9-d08ca707c464:group-3EB82BFF9C21:LeaderElection80] INFO  impl.RaftServerImpl (ServerState.java:setLeader(263)) - 9fb2ccf2-5ed3-4a2e-8fe9-d08ca707c464:group-3EB82BFF9C21 change Leader from null to 9fb2ccf2-5ed3-4a2e-8fe9-d08ca707c464 at term 1 for becomeLeader, leader elected after 5080ms
2019-09-19 14:39:00,043 [9fb2ccf2-5ed3-4a2e-8fe9-d08ca707c464:group-3EB82BFF9C21:LeaderElection80] INFO  server.RaftServerConfigKeys (ConfUtils.java:logGet(43)) - raft.server.staging.catchup.gap = 1000 (default)
2019-09-19 14:39:00,043 [9fb2ccf2-5ed3-4a2e-8fe9-d08ca707c464:group-3EB82BFF9C21:LeaderElection80] INFO  server.RaftServerConfigKeys (ConfUtils.java:logGet(43)) - raft.server.rpc.sleep.time = 25ms (default)
2019-09-19 14:39:00,043 [9fb2ccf2-5ed3-4a2e-8fe9-d08ca707c464:group-3EB82BFF9C21:LeaderElection80] INFO  server.RaftServerConfigKeys (ConfUtils.java:logGet(43)) - raft.server.write.element-limit = 4096 (default)
2019-09-19 14:39:00,043 [9fb2ccf2-5ed3-4a2e-8fe9-d08ca707c464:group-3EB82BFF9C21:LeaderElection80] INFO  server.RaftServerConfigKeys (ConfUtils.java:logGet(43)) - raft.server.watch.timeout = 10s (default)
2019-09-19 14:39:00,043 [9fb2ccf2-5ed3-4a2e-8fe9-d08ca707c464:group-3EB82BFF9C21:LeaderElection80] INFO  server.RaftServerConfigKeys (ConfUtils.java:logGet(43)) - raft.server.watch.timeout.denomination = 1s (default)
2019-09-19 14:39:00,043 [9fb2ccf2-5ed3-4a2e-8fe9-d08ca707c464:group-3EB82BFF9C21:LeaderElection80] INFO  server.RaftServerConfigKeys (ConfUtils.java:logGet(43)) - raft.server.watch.element-limit = 65536 (default)
2019-09-19 14:39:00,044 [9fb2ccf2-5ed3-4a2e-8fe9-d08ca707c464:group-3EB82BFF9C21:LeaderElection80] INFO  impl.RoleInfo (RoleInfo.java:updateAndGet(143)) - 9fb2ccf2-5ed3-4a2e-8fe9-d08ca707c464: start LeaderState
2019-09-19 14:39:00,044 [9fb2ccf2-5ed3-4a2e-8fe9-d08ca707c464:group-3EB82BFF9C21:LeaderElection80] INFO  segmented.SegmentedRaftLogWorker (SegmentedRaftLogWorker.java:startLogSegment(380)) - 9fb2ccf2-5ed3-4a2e-8fe9-d08ca707c464-SegmentedRaftLogWorker:Storage Directory /workdir/hadoop-ozone/ozonefs/target/test-dir/MiniOzoneClusterImpl-db9f3d9a-89c7-47d2-a400-08c292cbeea5/datanode-1/data/ratis/1c3c1dd0-ff58-4363-bad0-3eb82bff9c21: Starting segment from index:0
2019-09-19 14:39:00,044 [9fb2ccf2-5ed3-4a2e-8fe9-d08ca707c464:group-3EB82BFF9C21:LeaderElection80] INFO  impl.RaftServerImpl (ServerState.java:setRaftConf(361)) - 9fb2ccf2-5ed3-4a2e-8fe9-d08ca707c464:group-3EB82BFF9C21 set configuration 0: [9fb2ccf2-5ed3-4a2e-8fe9-d08ca707c464:192.168.5.132:42469], old=null at 0
2019-09-19 14:39:00,097 [9fb2ccf2-5ed3-4a2e-8fe9-d08ca707c464-SegmentedRaftLogWorker:Storage Directory /workdir/hadoop-ozone/ozonefs/target/test-dir/MiniOzoneClusterImpl-db9f3d9a-89c7-47d2-a400-08c292cbeea5/datanode-1/data/ratis/1c3c1dd0-ff58-4363-bad0-3eb82bff9c21] INFO  segmented.SegmentedRaftLogWorker (SegmentedRaftLogWorker.java:execute(569)) - 9fb2ccf2-5ed3-4a2e-8fe9-d08ca707c464-SegmentedRaftLogWorker:Storage Directory /workdir/hadoop-ozone/ozonefs/target/test-dir/MiniOzoneClusterImpl-db9f3d9a-89c7-47d2-a400-08c292cbeea5/datanode-1/data/ratis/1c3c1dd0-ff58-4363-bad0-3eb82bff9c21: created new log segment /workdir/hadoop-ozone/ozonefs/target/test-dir/MiniOzoneClusterImpl-db9f3d9a-89c7-47d2-a400-08c292cbeea5/datanode-1/data/ratis/1c3c1dd0-ff58-4363-bad0-3eb82bff9c21/current/log_inprogress_0
2019-09-19 14:39:00,103 [Thread-1275] INFO  impl.FollowerState (FollowerState.java:run(106)) - 363a6dbc-c2cf-4b88-9aba-10b7f3b32b0a:group-EB32DDD31EF8 changes to CANDIDATE, lastRpcTime:5071, electionTimeout:5071ms
2019-09-19 14:39:00,103 [Thread-1275] INFO  impl.RoleInfo (RoleInfo.java:shutdownFollowerState(121)) - 363a6dbc-c2cf-4b88-9aba-10b7f3b32b0a: shutdown FollowerState
2019-09-19 14:39:00,103 [Thread-1275] INFO  impl.RaftServerImpl (RaftServerImpl.java:setRole(171)) - 363a6dbc-c2cf-4b88-9aba-10b7f3b32b0a:group-EB32DDD31EF8 changes role from FOLLOWER to CANDIDATE at term 0 for changeToCandidate
2019-09-19 14:39:00,103 [Thread-1275] INFO  impl.RoleInfo (RoleInfo.java:updateAndGet(143)) - 363a6dbc-c2cf-4b88-9aba-10b7f3b32b0a: start LeaderElection
2019-09-19 14:39:00,121 [363a6dbc-c2cf-4b88-9aba-10b7f3b32b0a:group-EB32DDD31EF8:LeaderElection81] INFO  impl.LeaderElection (LeaderElection.java:askForVotes(181)) - 363a6dbc-c2cf-4b88-9aba-10b7f3b32b0a:group-EB32DDD31EF8:LeaderElection81: begin an election at term 1 for -1: [363a6dbc-c2cf-4b88-9aba-10b7f3b32b0a:192.168.5.132:40194], old=null
2019-09-19 14:39:00,121 [363a6dbc-c2cf-4b88-9aba-10b7f3b32b0a:group-EB32DDD31EF8:LeaderElection81] INFO  impl.RoleInfo (RoleInfo.java:shutdownLeaderElection(134)) - 363a6dbc-c2cf-4b88-9aba-10b7f3b32b0a: shutdown LeaderElection
2019-09-19 14:39:00,121 [363a6dbc-c2cf-4b88-9aba-10b7f3b32b0a:group-EB32DDD31EF8:LeaderElection81] INFO  impl.RaftServerImpl (RaftServerImpl.java:setRole(171)) - 363a6dbc-c2cf-4b88-9aba-10b7f3b32b0a:group-EB32DDD31EF8 changes role from CANDIDATE to LEADER at term 1 for changeToLeader
2019-09-19 14:39:00,121 [363a6dbc-c2cf-4b88-9aba-10b7f3b32b0a:group-EB32DDD31EF8:LeaderElection81] INFO  impl.RaftServerImpl (ServerState.java:setLeader(263)) - 363a6dbc-c2cf-4b88-9aba-10b7f3b32b0a:group-EB32DDD31EF8 change Leader from null to 363a6dbc-c2cf-4b88-9aba-10b7f3b32b0a at term 1 for becomeLeader, leader elected after 5092ms
2019-09-19 14:39:00,121 [363a6dbc-c2cf-4b88-9aba-10b7f3b32b0a:group-EB32DDD31EF8:LeaderElection81] INFO  server.RaftServerConfigKeys (ConfUtils.java:logGet(43)) - raft.server.staging.catchup.gap = 1000 (default)
2019-09-19 14:39:00,121 [363a6dbc-c2cf-4b88-9aba-10b7f3b32b0a:group-EB32DDD31EF8:LeaderElection81] INFO  server.RaftServerConfigKeys (ConfUtils.java:logGet(43)) - raft.server.rpc.sleep.time = 25ms (default)
2019-09-19 14:39:00,122 [363a6dbc-c2cf-4b88-9aba-10b7f3b32b0a:group-EB32DDD31EF8:LeaderElection81] INFO  server.RaftServerConfigKeys (ConfUtils.java:logGet(43)) - raft.server.write.element-limit = 4096 (default)
2019-09-19 14:39:00,122 [363a6dbc-c2cf-4b88-9aba-10b7f3b32b0a:group-EB32DDD31EF8:LeaderElection81] INFO  server.RaftServerConfigKeys (ConfUtils.java:logGet(43)) - raft.server.watch.timeout = 10s (default)
2019-09-19 14:39:00,122 [363a6dbc-c2cf-4b88-9aba-10b7f3b32b0a:group-EB32DDD31EF8:LeaderElection81] INFO  server.RaftServerConfigKeys (ConfUtils.java:logGet(43)) - raft.server.watch.timeout.denomination = 1s (default)
2019-09-19 14:39:00,122 [363a6dbc-c2cf-4b88-9aba-10b7f3b32b0a:group-EB32DDD31EF8:LeaderElection81] INFO  server.RaftServerConfigKeys (ConfUtils.java:logGet(43)) - raft.server.watch.element-limit = 65536 (default)
2019-09-19 14:39:00,122 [363a6dbc-c2cf-4b88-9aba-10b7f3b32b0a:group-EB32DDD31EF8:LeaderElection81] INFO  impl.RoleInfo (RoleInfo.java:updateAndGet(143)) - 363a6dbc-c2cf-4b88-9aba-10b7f3b32b0a: start LeaderState
2019-09-19 14:39:00,123 [363a6dbc-c2cf-4b88-9aba-10b7f3b32b0a:group-EB32DDD31EF8:LeaderElection81] INFO  segmented.SegmentedRaftLogWorker (SegmentedRaftLogWorker.java:startLogSegment(380)) - 363a6dbc-c2cf-4b88-9aba-10b7f3b32b0a-SegmentedRaftLogWorker:Storage Directory /workdir/hadoop-ozone/ozonefs/target/test-dir/MiniOzoneClusterImpl-db9f3d9a-89c7-47d2-a400-08c292cbeea5/datanode-2/data/ratis/489f146a-32e6-4b5e-ac78-eb32ddd31ef8: Starting segment from index:0
2019-09-19 14:39:00,123 [363a6dbc-c2cf-4b88-9aba-10b7f3b32b0a:group-EB32DDD31EF8:LeaderElection81] INFO  impl.RaftServerImpl (ServerState.java:setRaftConf(361)) - 363a6dbc-c2cf-4b88-9aba-10b7f3b32b0a:group-EB32DDD31EF8 set configuration 0: [363a6dbc-c2cf-4b88-9aba-10b7f3b32b0a:192.168.5.132:40194], old=null at 0
2019-09-19 14:39:00,186 [363a6dbc-c2cf-4b88-9aba-10b7f3b32b0a-SegmentedRaftLogWorker:Storage Directory /workdir/hadoop-ozone/ozonefs/target/test-dir/MiniOzoneClusterImpl-db9f3d9a-89c7-47d2-a400-08c292cbeea5/datanode-2/data/ratis/489f146a-32e6-4b5e-ac78-eb32ddd31ef8] INFO  segmented.SegmentedRaftLogWorker (SegmentedRaftLogWorker.java:execute(569)) - 363a6dbc-c2cf-4b88-9aba-10b7f3b32b0a-SegmentedRaftLogWorker:Storage Directory /workdir/hadoop-ozone/ozonefs/target/test-dir/MiniOzoneClusterImpl-db9f3d9a-89c7-47d2-a400-08c292cbeea5/datanode-2/data/ratis/489f146a-32e6-4b5e-ac78-eb32ddd31ef8: created new log segment /workdir/hadoop-ozone/ozonefs/target/test-dir/MiniOzoneClusterImpl-db9f3d9a-89c7-47d2-a400-08c292cbeea5/datanode-2/data/ratis/489f146a-32e6-4b5e-ac78-eb32ddd31ef8/current/log_inprogress_0
2019-09-19 14:39:00,206 [Thread-1278] INFO  impl.FollowerState (FollowerState.java:run(106)) - 363a6dbc-c2cf-4b88-9aba-10b7f3b32b0a:group-166FF625799D changes to CANDIDATE, lastRpcTime:5111, electionTimeout:5111ms
2019-09-19 14:39:00,206 [Thread-1278] INFO  impl.RoleInfo (RoleInfo.java:shutdownFollowerState(121)) - 363a6dbc-c2cf-4b88-9aba-10b7f3b32b0a: shutdown FollowerState
2019-09-19 14:39:00,206 [Thread-1278] INFO  impl.RaftServerImpl (RaftServerImpl.java:setRole(171)) - 363a6dbc-c2cf-4b88-9aba-10b7f3b32b0a:group-166FF625799D changes role from FOLLOWER to CANDIDATE at term 0 for changeToCandidate
2019-09-19 14:39:00,206 [Thread-1278] INFO  impl.RoleInfo (RoleInfo.java:updateAndGet(143)) - 363a6dbc-c2cf-4b88-9aba-10b7f3b32b0a: start LeaderElection
2019-09-19 14:39:00,230 [363a6dbc-c2cf-4b88-9aba-10b7f3b32b0a:group-166FF625799D:LeaderElection82] INFO  impl.LeaderElection (LeaderElection.java:askForVotes(181)) - 363a6dbc-c2cf-4b88-9aba-10b7f3b32b0a:group-166FF625799D:LeaderElection82: begin an election at term 1 for -1: [363a6dbc-c2cf-4b88-9aba-10b7f3b32b0a:192.168.5.132:40194], old=null
2019-09-19 14:39:00,230 [363a6dbc-c2cf-4b88-9aba-10b7f3b32b0a:group-166FF625799D:LeaderElection82] INFO  impl.RoleInfo (RoleInfo.java:shutdownLeaderElection(134)) - 363a6dbc-c2cf-4b88-9aba-10b7f3b32b0a: shutdown LeaderElection
2019-09-19 14:39:00,230 [363a6dbc-c2cf-4b88-9aba-10b7f3b32b0a:group-166FF625799D:LeaderElection82] INFO  impl.RaftServerImpl (RaftServerImpl.java:setRole(171)) - 363a6dbc-c2cf-4b88-9aba-10b7f3b32b0a:group-166FF625799D changes role from CANDIDATE to LEADER at term 1 for changeToLeader
2019-09-19 14:39:00,230 [363a6dbc-c2cf-4b88-9aba-10b7f3b32b0a:group-166FF625799D:LeaderElection82] INFO  impl.RaftServerImpl (ServerState.java:setLeader(263)) - 363a6dbc-c2cf-4b88-9aba-10b7f3b32b0a:group-166FF625799D change Leader from null to 363a6dbc-c2cf-4b88-9aba-10b7f3b32b0a at term 1 for becomeLeader, leader elected after 5140ms
2019-09-19 14:39:00,230 [363a6dbc-c2cf-4b88-9aba-10b7f3b32b0a:group-166FF625799D:LeaderElection82] INFO  server.RaftServerConfigKeys (ConfUtils.java:logGet(43)) - raft.server.staging.catchup.gap = 1000 (default)
2019-09-19 14:39:00,230 [363a6dbc-c2cf-4b88-9aba-10b7f3b32b0a:group-166FF625799D:LeaderElection82] INFO  server.RaftServerConfigKeys (ConfUtils.java:logGet(43)) - raft.server.rpc.sleep.time = 25ms (default)
2019-09-19 14:39:00,230 [363a6dbc-c2cf-4b88-9aba-10b7f3b32b0a:group-166FF625799D:LeaderElection82] INFO  server.RaftServerConfigKeys (ConfUtils.java:logGet(43)) - raft.server.write.element-limit = 4096 (default)
2019-09-19 14:39:00,231 [363a6dbc-c2cf-4b88-9aba-10b7f3b32b0a:group-166FF625799D:LeaderElection82] INFO  server.RaftServerConfigKeys (ConfUtils.java:logGet(43)) - raft.server.watch.timeout = 10s (default)
2019-09-19 14:39:00,231 [363a6dbc-c2cf-4b88-9aba-10b7f3b32b0a:group-166FF625799D:LeaderElection82] INFO  server.RaftServerConfigKeys (ConfUtils.java:logGet(43)) - raft.server.watch.timeout.denomination = 1s (default)
2019-09-19 14:39:00,231 [363a6dbc-c2cf-4b88-9aba-10b7f3b32b0a:group-166FF625799D:LeaderElection82] INFO  server.RaftServerConfigKeys (ConfUtils.java:logGet(43)) - raft.server.watch.element-limit = 65536 (default)
2019-09-19 14:39:00,231 [363a6dbc-c2cf-4b88-9aba-10b7f3b32b0a:group-166FF625799D:LeaderElection82] INFO  impl.RoleInfo (RoleInfo.java:updateAndGet(143)) - 363a6dbc-c2cf-4b88-9aba-10b7f3b32b0a: start LeaderState
2019-09-19 14:39:00,231 [363a6dbc-c2cf-4b88-9aba-10b7f3b32b0a:group-166FF625799D:LeaderElection82] INFO  segmented.SegmentedRaftLogWorker (SegmentedRaftLogWorker.java:startLogSegment(380)) - 363a6dbc-c2cf-4b88-9aba-10b7f3b32b0a-SegmentedRaftLogWorker:Storage Directory /workdir/hadoop-ozone/ozonefs/target/test-dir/MiniOzoneClusterImpl-db9f3d9a-89c7-47d2-a400-08c292cbeea5/datanode-2/data/ratis/e3dbb2ef-51bc-475c-9512-166ff625799d: Starting segment from index:0
2019-09-19 14:39:00,232 [363a6dbc-c2cf-4b88-9aba-10b7f3b32b0a:group-166FF625799D:LeaderElection82] INFO  impl.RaftServerImpl (ServerState.java:setRaftConf(361)) - 363a6dbc-c2cf-4b88-9aba-10b7f3b32b0a:group-166FF625799D set configuration 0: [363a6dbc-c2cf-4b88-9aba-10b7f3b32b0a:192.168.5.132:40194], old=null at 0
2019-09-19 14:39:00,307 [363a6dbc-c2cf-4b88-9aba-10b7f3b32b0a-SegmentedRaftLogWorker:Storage Directory /workdir/hadoop-ozone/ozonefs/target/test-dir/MiniOzoneClusterImpl-db9f3d9a-89c7-47d2-a400-08c292cbeea5/datanode-2/data/ratis/e3dbb2ef-51bc-475c-9512-166ff625799d] INFO  segmented.SegmentedRaftLogWorker (SegmentedRaftLogWorker.java:execute(569)) - 363a6dbc-c2cf-4b88-9aba-10b7f3b32b0a-SegmentedRaftLogWorker:Storage Directory /workdir/hadoop-ozone/ozonefs/target/test-dir/MiniOzoneClusterImpl-db9f3d9a-89c7-47d2-a400-08c292cbeea5/datanode-2/data/ratis/e3dbb2ef-51bc-475c-9512-166ff625799d: created new log segment /workdir/hadoop-ozone/ozonefs/target/test-dir/MiniOzoneClusterImpl-db9f3d9a-89c7-47d2-a400-08c292cbeea5/datanode-2/data/ratis/e3dbb2ef-51bc-475c-9512-166ff625799d/current/log_inprogress_0
2019-09-19 14:39:00,325 [Thread-1281] INFO  impl.FollowerState (FollowerState.java:run(106)) - 363a6dbc-c2cf-4b88-9aba-10b7f3b32b0a:group-7A7B52B30F7E changes to CANDIDATE, lastRpcTime:5161, electionTimeout:5161ms
2019-09-19 14:39:00,325 [Thread-1281] INFO  impl.RoleInfo (RoleInfo.java:shutdownFollowerState(121)) - 363a6dbc-c2cf-4b88-9aba-10b7f3b32b0a: shutdown FollowerState
2019-09-19 14:39:00,325 [Thread-1281] INFO  impl.RaftServerImpl (RaftServerImpl.java:setRole(171)) - 363a6dbc-c2cf-4b88-9aba-10b7f3b32b0a:group-7A7B52B30F7E changes role from FOLLOWER to CANDIDATE at term 0 for changeToCandidate
2019-09-19 14:39:00,325 [Thread-1281] INFO  impl.RoleInfo (RoleInfo.java:updateAndGet(143)) - 363a6dbc-c2cf-4b88-9aba-10b7f3b32b0a: start LeaderElection
2019-09-19 14:39:00,356 [363a6dbc-c2cf-4b88-9aba-10b7f3b32b0a:group-7A7B52B30F7E:LeaderElection83] INFO  impl.LeaderElection (LeaderElection.java:askForVotes(181)) - 363a6dbc-c2cf-4b88-9aba-10b7f3b32b0a:group-7A7B52B30F7E:LeaderElection83: begin an election at term 1 for -1: [363a6dbc-c2cf-4b88-9aba-10b7f3b32b0a:192.168.5.132:40194], old=null
2019-09-19 14:39:00,357 [363a6dbc-c2cf-4b88-9aba-10b7f3b32b0a:group-7A7B52B30F7E:LeaderElection83] INFO  impl.RoleInfo (RoleInfo.java:shutdownLeaderElection(134)) - 363a6dbc-c2cf-4b88-9aba-10b7f3b32b0a: shutdown LeaderElection
2019-09-19 14:39:00,357 [363a6dbc-c2cf-4b88-9aba-10b7f3b32b0a:group-7A7B52B30F7E:LeaderElection83] INFO  impl.RaftServerImpl (RaftServerImpl.java:setRole(171)) - 363a6dbc-c2cf-4b88-9aba-10b7f3b32b0a:group-7A7B52B30F7E changes role from CANDIDATE to LEADER at term 1 for changeToLeader
2019-09-19 14:39:00,357 [363a6dbc-c2cf-4b88-9aba-10b7f3b32b0a:group-7A7B52B30F7E:LeaderElection83] INFO  impl.RaftServerImpl (ServerState.java:setLeader(263)) - 363a6dbc-c2cf-4b88-9aba-10b7f3b32b0a:group-7A7B52B30F7E change Leader from null to 363a6dbc-c2cf-4b88-9aba-10b7f3b32b0a at term 1 for becomeLeader, leader elected after 5197ms
2019-09-19 14:39:00,357 [363a6dbc-c2cf-4b88-9aba-10b7f3b32b0a:group-7A7B52B30F7E:LeaderElection83] INFO  server.RaftServerConfigKeys (ConfUtils.java:logGet(43)) - raft.server.staging.catchup.gap = 1000 (default)
2019-09-19 14:39:00,358 [363a6dbc-c2cf-4b88-9aba-10b7f3b32b0a:group-7A7B52B30F7E:LeaderElection83] INFO  server.RaftServerConfigKeys (ConfUtils.java:logGet(43)) - raft.server.rpc.sleep.time = 25ms (default)
2019-09-19 14:39:00,358 [363a6dbc-c2cf-4b88-9aba-10b7f3b32b0a:group-7A7B52B30F7E:LeaderElection83] INFO  server.RaftServerConfigKeys (ConfUtils.java:logGet(43)) - raft.server.write.element-limit = 4096 (default)
2019-09-19 14:39:00,358 [363a6dbc-c2cf-4b88-9aba-10b7f3b32b0a:group-7A7B52B30F7E:LeaderElection83] INFO  server.RaftServerConfigKeys (ConfUtils.java:logGet(43)) - raft.server.watch.timeout = 10s (default)
2019-09-19 14:39:00,358 [363a6dbc-c2cf-4b88-9aba-10b7f3b32b0a:group-7A7B52B30F7E:LeaderElection83] INFO  server.RaftServerConfigKeys (ConfUtils.java:logGet(43)) - raft.server.watch.timeout.denomination = 1s (default)
2019-09-19 14:39:00,359 [363a6dbc-c2cf-4b88-9aba-10b7f3b32b0a:group-7A7B52B30F7E:LeaderElection83] INFO  server.RaftServerConfigKeys (ConfUtils.java:logGet(43)) - raft.server.watch.element-limit = 65536 (default)
2019-09-19 14:39:00,359 [363a6dbc-c2cf-4b88-9aba-10b7f3b32b0a:group-7A7B52B30F7E:LeaderElection83] INFO  impl.RoleInfo (RoleInfo.java:updateAndGet(143)) - 363a6dbc-c2cf-4b88-9aba-10b7f3b32b0a: start LeaderState
2019-09-19 14:39:00,359 [363a6dbc-c2cf-4b88-9aba-10b7f3b32b0a:group-7A7B52B30F7E:LeaderElection83] INFO  segmented.SegmentedRaftLogWorker (SegmentedRaftLogWorker.java:startLogSegment(380)) - 363a6dbc-c2cf-4b88-9aba-10b7f3b32b0a-SegmentedRaftLogWorker:Storage Directory /workdir/hadoop-ozone/ozonefs/target/test-dir/MiniOzoneClusterImpl-db9f3d9a-89c7-47d2-a400-08c292cbeea5/datanode-2/data/ratis/4247e39e-cb98-44e1-82fc-7a7b52b30f7e: Starting segment from index:0
2019-09-19 14:39:00,360 [363a6dbc-c2cf-4b88-9aba-10b7f3b32b0a:group-7A7B52B30F7E:LeaderElection83] INFO  impl.RaftServerImpl (ServerState.java:setRaftConf(361)) - 363a6dbc-c2cf-4b88-9aba-10b7f3b32b0a:group-7A7B52B30F7E set configuration 0: [363a6dbc-c2cf-4b88-9aba-10b7f3b32b0a:192.168.5.132:40194], old=null at 0
2019-09-19 14:39:00,385 [Thread-1284] INFO  impl.FollowerState (FollowerState.java:run(106)) - 363a6dbc-c2cf-4b88-9aba-10b7f3b32b0a:group-0DDA78125191 changes to CANDIDATE, lastRpcTime:5164, electionTimeout:5164ms
2019-09-19 14:39:00,385 [Thread-1284] INFO  impl.RoleInfo (RoleInfo.java:shutdownFollowerState(121)) - 363a6dbc-c2cf-4b88-9aba-10b7f3b32b0a: shutdown FollowerState
2019-09-19 14:39:00,385 [Thread-1284] INFO  impl.RaftServerImpl (RaftServerImpl.java:setRole(171)) - 363a6dbc-c2cf-4b88-9aba-10b7f3b32b0a:group-0DDA78125191 changes role from FOLLOWER to CANDIDATE at term 0 for changeToCandidate
2019-09-19 14:39:00,385 [Thread-1284] INFO  impl.RoleInfo (RoleInfo.java:updateAndGet(143)) - 363a6dbc-c2cf-4b88-9aba-10b7f3b32b0a: start LeaderElection
2019-09-19 14:39:00,407 [363a6dbc-c2cf-4b88-9aba-10b7f3b32b0a-SegmentedRaftLogWorker:Storage Directory /workdir/hadoop-ozone/ozonefs/target/test-dir/MiniOzoneClusterImpl-db9f3d9a-89c7-47d2-a400-08c292cbeea5/datanode-2/data/ratis/4247e39e-cb98-44e1-82fc-7a7b52b30f7e] INFO  segmented.SegmentedRaftLogWorker (SegmentedRaftLogWorker.java:execute(569)) - 363a6dbc-c2cf-4b88-9aba-10b7f3b32b0a-SegmentedRaftLogWorker:Storage Directory /workdir/hadoop-ozone/ozonefs/target/test-dir/MiniOzoneClusterImpl-db9f3d9a-89c7-47d2-a400-08c292cbeea5/datanode-2/data/ratis/4247e39e-cb98-44e1-82fc-7a7b52b30f7e: created new log segment /workdir/hadoop-ozone/ozonefs/target/test-dir/MiniOzoneClusterImpl-db9f3d9a-89c7-47d2-a400-08c292cbeea5/datanode-2/data/ratis/4247e39e-cb98-44e1-82fc-7a7b52b30f7e/current/log_inprogress_0
2019-09-19 14:39:00,407 [363a6dbc-c2cf-4b88-9aba-10b7f3b32b0a:group-0DDA78125191:LeaderElection84] INFO  impl.LeaderElection (LeaderElection.java:askForVotes(181)) - 363a6dbc-c2cf-4b88-9aba-10b7f3b32b0a:group-0DDA78125191:LeaderElection84: begin an election at term 1 for -1: [363a6dbc-c2cf-4b88-9aba-10b7f3b32b0a:192.168.5.132:40194], old=null
2019-09-19 14:39:00,407 [363a6dbc-c2cf-4b88-9aba-10b7f3b32b0a:group-0DDA78125191:LeaderElection84] INFO  impl.RoleInfo (RoleInfo.java:shutdownLeaderElection(134)) - 363a6dbc-c2cf-4b88-9aba-10b7f3b32b0a: shutdown LeaderElection
2019-09-19 14:39:00,407 [363a6dbc-c2cf-4b88-9aba-10b7f3b32b0a:group-0DDA78125191:LeaderElection84] INFO  impl.RaftServerImpl (RaftServerImpl.java:setRole(171)) - 363a6dbc-c2cf-4b88-9aba-10b7f3b32b0a:group-0DDA78125191 changes role from CANDIDATE to LEADER at term 1 for changeToLeader
2019-09-19 14:39:00,407 [363a6dbc-c2cf-4b88-9aba-10b7f3b32b0a:group-0DDA78125191:LeaderElection84] INFO  impl.RaftServerImpl (ServerState.java:setLeader(263)) - 363a6dbc-c2cf-4b88-9aba-10b7f3b32b0a:group-0DDA78125191 change Leader from null to 363a6dbc-c2cf-4b88-9aba-10b7f3b32b0a at term 1 for becomeLeader, leader elected after 5190ms
2019-09-19 14:39:00,407 [363a6dbc-c2cf-4b88-9aba-10b7f3b32b0a:group-0DDA78125191:LeaderElection84] INFO  server.RaftServerConfigKeys (ConfUtils.java:logGet(43)) - raft.server.staging.catchup.gap = 1000 (default)
2019-09-19 14:39:00,407 [363a6dbc-c2cf-4b88-9aba-10b7f3b32b0a:group-0DDA78125191:LeaderElection84] INFO  server.RaftServerConfigKeys (ConfUtils.java:logGet(43)) - raft.server.rpc.sleep.time = 25ms (default)
2019-09-19 14:39:00,408 [363a6dbc-c2cf-4b88-9aba-10b7f3b32b0a:group-0DDA78125191:LeaderElection84] INFO  server.RaftServerConfigKeys (ConfUtils.java:logGet(43)) - raft.server.write.element-limit = 4096 (default)
2019-09-19 14:39:00,408 [363a6dbc-c2cf-4b88-9aba-10b7f3b32b0a:group-0DDA78125191:LeaderElection84] INFO  server.RaftServerConfigKeys (ConfUtils.java:logGet(43)) - raft.server.watch.timeout = 10s (default)
2019-09-19 14:39:00,408 [363a6dbc-c2cf-4b88-9aba-10b7f3b32b0a:group-0DDA78125191:LeaderElection84] INFO  server.RaftServerConfigKeys (ConfUtils.java:logGet(43)) - raft.server.watch.timeout.denomination = 1s (default)
2019-09-19 14:39:00,408 [363a6dbc-c2cf-4b88-9aba-10b7f3b32b0a:group-0DDA78125191:LeaderElection84] INFO  server.RaftServerConfigKeys (ConfUtils.java:logGet(43)) - raft.server.watch.element-limit = 65536 (default)
2019-09-19 14:39:00,408 [363a6dbc-c2cf-4b88-9aba-10b7f3b32b0a:group-0DDA78125191:LeaderElection84] INFO  impl.RoleInfo (RoleInfo.java:updateAndGet(143)) - 363a6dbc-c2cf-4b88-9aba-10b7f3b32b0a: start LeaderState
2019-09-19 14:39:00,408 [363a6dbc-c2cf-4b88-9aba-10b7f3b32b0a:group-0DDA78125191:LeaderElection84] INFO  segmented.SegmentedRaftLogWorker (SegmentedRaftLogWorker.java:startLogSegment(380)) - 363a6dbc-c2cf-4b88-9aba-10b7f3b32b0a-SegmentedRaftLogWorker:Storage Directory /workdir/hadoop-ozone/ozonefs/target/test-dir/MiniOzoneClusterImpl-db9f3d9a-89c7-47d2-a400-08c292cbeea5/datanode-2/data/ratis/4402c7e3-2aba-455b-8517-0dda78125191: Starting segment from index:0
2019-09-19 14:39:00,409 [363a6dbc-c2cf-4b88-9aba-10b7f3b32b0a:group-0DDA78125191:LeaderElection84] INFO  impl.RaftServerImpl (ServerState.java:setRaftConf(361)) - 363a6dbc-c2cf-4b88-9aba-10b7f3b32b0a:group-0DDA78125191 set configuration 0: [363a6dbc-c2cf-4b88-9aba-10b7f3b32b0a:192.168.5.132:40194], old=null at 0
2019-09-19 14:39:00,423 [Thread-1287] INFO  impl.FollowerState (FollowerState.java:run(106)) - 363a6dbc-c2cf-4b88-9aba-10b7f3b32b0a:group-7DEE2DB77202 changes to CANDIDATE, lastRpcTime:5118, electionTimeout:5118ms
2019-09-19 14:39:00,423 [Thread-1287] INFO  impl.RoleInfo (RoleInfo.java:shutdownFollowerState(121)) - 363a6dbc-c2cf-4b88-9aba-10b7f3b32b0a: shutdown FollowerState
2019-09-19 14:39:00,423 [Thread-1287] INFO  impl.RaftServerImpl (RaftServerImpl.java:setRole(171)) - 363a6dbc-c2cf-4b88-9aba-10b7f3b32b0a:group-7DEE2DB77202 changes role from FOLLOWER to CANDIDATE at term 0 for changeToCandidate
2019-09-19 14:39:00,424 [Thread-1287] INFO  impl.RoleInfo (RoleInfo.java:updateAndGet(143)) - 363a6dbc-c2cf-4b88-9aba-10b7f3b32b0a: start LeaderElection
2019-09-19 14:39:00,449 [363a6dbc-c2cf-4b88-9aba-10b7f3b32b0a-SegmentedRaftLogWorker:Storage Directory /workdir/hadoop-ozone/ozonefs/target/test-dir/MiniOzoneClusterImpl-db9f3d9a-89c7-47d2-a400-08c292cbeea5/datanode-2/data/ratis/4402c7e3-2aba-455b-8517-0dda78125191] INFO  segmented.SegmentedRaftLogWorker (SegmentedRaftLogWorker.java:execute(569)) - 363a6dbc-c2cf-4b88-9aba-10b7f3b32b0a-SegmentedRaftLogWorker:Storage Directory /workdir/hadoop-ozone/ozonefs/target/test-dir/MiniOzoneClusterImpl-db9f3d9a-89c7-47d2-a400-08c292cbeea5/datanode-2/data/ratis/4402c7e3-2aba-455b-8517-0dda78125191: created new log segment /workdir/hadoop-ozone/ozonefs/target/test-dir/MiniOzoneClusterImpl-db9f3d9a-89c7-47d2-a400-08c292cbeea5/datanode-2/data/ratis/4402c7e3-2aba-455b-8517-0dda78125191/current/log_inprogress_0
2019-09-19 14:39:00,449 [363a6dbc-c2cf-4b88-9aba-10b7f3b32b0a:group-7DEE2DB77202:LeaderElection85] INFO  impl.LeaderElection (LeaderElection.java:askForVotes(181)) - 363a6dbc-c2cf-4b88-9aba-10b7f3b32b0a:group-7DEE2DB77202:LeaderElection85: begin an election at term 1 for -1: [363a6dbc-c2cf-4b88-9aba-10b7f3b32b0a:192.168.5.132:40194], old=null
2019-09-19 14:39:00,449 [363a6dbc-c2cf-4b88-9aba-10b7f3b32b0a:group-7DEE2DB77202:LeaderElection85] INFO  impl.RoleInfo (RoleInfo.java:shutdownLeaderElection(134)) - 363a6dbc-c2cf-4b88-9aba-10b7f3b32b0a: shutdown LeaderElection
2019-09-19 14:39:00,449 [363a6dbc-c2cf-4b88-9aba-10b7f3b32b0a:group-7DEE2DB77202:LeaderElection85] INFO  impl.RaftServerImpl (RaftServerImpl.java:setRole(171)) - 363a6dbc-c2cf-4b88-9aba-10b7f3b32b0a:group-7DEE2DB77202 changes role from CANDIDATE to LEADER at term 1 for changeToLeader
2019-09-19 14:39:00,449 [363a6dbc-c2cf-4b88-9aba-10b7f3b32b0a:group-7DEE2DB77202:LeaderElection85] INFO  impl.RaftServerImpl (ServerState.java:setLeader(263)) - 363a6dbc-c2cf-4b88-9aba-10b7f3b32b0a:group-7DEE2DB77202 change Leader from null to 363a6dbc-c2cf-4b88-9aba-10b7f3b32b0a at term 1 for becomeLeader, leader elected after 5149ms
2019-09-19 14:39:00,449 [363a6dbc-c2cf-4b88-9aba-10b7f3b32b0a:group-7DEE2DB77202:LeaderElection85] INFO  server.RaftServerConfigKeys (ConfUtils.java:logGet(43)) - raft.server.staging.catchup.gap = 1000 (default)
2019-09-19 14:39:00,450 [363a6dbc-c2cf-4b88-9aba-10b7f3b32b0a:group-7DEE2DB77202:LeaderElection85] INFO  server.RaftServerConfigKeys (ConfUtils.java:logGet(43)) - raft.server.rpc.sleep.time = 25ms (default)
2019-09-19 14:39:00,450 [363a6dbc-c2cf-4b88-9aba-10b7f3b32b0a:group-7DEE2DB77202:LeaderElection85] INFO  server.RaftServerConfigKeys (ConfUtils.java:logGet(43)) - raft.server.write.element-limit = 4096 (default)
2019-09-19 14:39:00,450 [363a6dbc-c2cf-4b88-9aba-10b7f3b32b0a:group-7DEE2DB77202:LeaderElection85] INFO  server.RaftServerConfigKeys (ConfUtils.java:logGet(43)) - raft.server.watch.timeout = 10s (default)
2019-09-19 14:39:00,450 [363a6dbc-c2cf-4b88-9aba-10b7f3b32b0a:group-7DEE2DB77202:LeaderElection85] INFO  server.RaftServerConfigKeys (ConfUtils.java:logGet(43)) - raft.server.watch.timeout.denomination = 1s (default)
2019-09-19 14:39:00,450 [363a6dbc-c2cf-4b88-9aba-10b7f3b32b0a:group-7DEE2DB77202:LeaderElection85] INFO  server.RaftServerConfigKeys (ConfUtils.java:logGet(43)) - raft.server.watch.element-limit = 65536 (default)
2019-09-19 14:39:00,450 [363a6dbc-c2cf-4b88-9aba-10b7f3b32b0a:group-7DEE2DB77202:LeaderElection85] INFO  impl.RoleInfo (RoleInfo.java:updateAndGet(143)) - 363a6dbc-c2cf-4b88-9aba-10b7f3b32b0a: start LeaderState
2019-09-19 14:39:00,450 [363a6dbc-c2cf-4b88-9aba-10b7f3b32b0a:group-7DEE2DB77202:LeaderElection85] INFO  segmented.SegmentedRaftLogWorker (SegmentedRaftLogWorker.java:startLogSegment(380)) - 363a6dbc-c2cf-4b88-9aba-10b7f3b32b0a-SegmentedRaftLogWorker:Storage Directory /workdir/hadoop-ozone/ozonefs/target/test-dir/MiniOzoneClusterImpl-db9f3d9a-89c7-47d2-a400-08c292cbeea5/datanode-2/data/ratis/b7117f47-09c5-4cc2-8fad-7dee2db77202: Starting segment from index:0
2019-09-19 14:39:00,451 [363a6dbc-c2cf-4b88-9aba-10b7f3b32b0a:group-7DEE2DB77202:LeaderElection85] INFO  impl.RaftServerImpl (ServerState.java:setRaftConf(361)) - 363a6dbc-c2cf-4b88-9aba-10b7f3b32b0a:group-7DEE2DB77202 set configuration 0: [363a6dbc-c2cf-4b88-9aba-10b7f3b32b0a:192.168.5.132:40194], old=null at 0
2019-09-19 14:39:00,499 [363a6dbc-c2cf-4b88-9aba-10b7f3b32b0a-SegmentedRaftLogWorker:Storage Directory /workdir/hadoop-ozone/ozonefs/target/test-dir/MiniOzoneClusterImpl-db9f3d9a-89c7-47d2-a400-08c292cbeea5/datanode-2/data/ratis/b7117f47-09c5-4cc2-8fad-7dee2db77202] INFO  segmented.SegmentedRaftLogWorker (SegmentedRaftLogWorker.java:execute(569)) - 363a6dbc-c2cf-4b88-9aba-10b7f3b32b0a-SegmentedRaftLogWorker:Storage Directory /workdir/hadoop-ozone/ozonefs/target/test-dir/MiniOzoneClusterImpl-db9f3d9a-89c7-47d2-a400-08c292cbeea5/datanode-2/data/ratis/b7117f47-09c5-4cc2-8fad-7dee2db77202: created new log segment /workdir/hadoop-ozone/ozonefs/target/test-dir/MiniOzoneClusterImpl-db9f3d9a-89c7-47d2-a400-08c292cbeea5/datanode-2/data/ratis/b7117f47-09c5-4cc2-8fad-7dee2db77202/current/log_inprogress_0
2019-09-19 14:39:00,557 | INFO  | SCMAudit | user=jenkins1000 | ip=192.168.5.132 | op=SEND_HEARTBEAT {datanodeUUID=363a6dbc-c2cf-4b88-9aba-10b7f3b32b0a, command=[]} | ret=SUCCESS |  
2019-09-19 14:39:00,786 [Thread-1062] INFO  ozoneimpl.OzoneContainer (OzoneContainer.java:stop(199)) - Attempting to stop container services.
2019-09-19 14:39:00,786 [ForkJoinPool.commonPool-worker-0] INFO  ozoneimpl.OzoneContainer (OzoneContainer.java:stop(199)) - Attempting to stop container services.
2019-09-19 14:39:00,787 [Thread-1062] INFO  impl.RaftServerProxy (RaftServerProxy.java:lambda$close$4(314)) - 9fb2ccf2-5ed3-4a2e-8fe9-d08ca707c464: close
2019-09-19 14:39:00,787 [ForkJoinPool.commonPool-worker-0] INFO  impl.RaftServerProxy (RaftServerProxy.java:lambda$close$4(314)) - 280d4246-3bfc-4b3c-ad11-33bc74bf6da2: close
2019-09-19 14:39:00,787 [Thread-1062] INFO  impl.RaftServerImpl (RaftServerImpl.java:lambda$shutdown$3(245)) - 9fb2ccf2-5ed3-4a2e-8fe9-d08ca707c464: shutdown group-F7B452861FE6
2019-09-19 14:39:00,787 [ForkJoinPool.commonPool-worker-0] INFO  impl.RaftServerImpl (RaftServerImpl.java:lambda$shutdown$3(245)) - 280d4246-3bfc-4b3c-ad11-33bc74bf6da2: shutdown group-70B5235DA316
2019-09-19 14:39:00,788 [Thread-1062] INFO  util.JmxRegister (JmxRegister.java:unregister(73)) - Successfully un-registered JMX Bean with object name Ratis:service=RaftServer,group=group-F7B452861FE6,id=9fb2ccf2-5ed3-4a2e-8fe9-d08ca707c464
2019-09-19 14:39:00,788 [ForkJoinPool.commonPool-worker-0] INFO  util.JmxRegister (JmxRegister.java:unregister(73)) - Successfully un-registered JMX Bean with object name Ratis:service=RaftServer,group=group-70B5235DA316,id=280d4246-3bfc-4b3c-ad11-33bc74bf6da2
2019-09-19 14:39:00,788 [Thread-1062] INFO  impl.RoleInfo (RoleInfo.java:shutdownLeaderState(104)) - 9fb2ccf2-5ed3-4a2e-8fe9-d08ca707c464: shutdown LeaderState
2019-09-19 14:39:00,789 [ForkJoinPool.commonPool-worker-0] INFO  impl.RoleInfo (RoleInfo.java:shutdownLeaderState(104)) - 280d4246-3bfc-4b3c-ad11-33bc74bf6da2: shutdown LeaderState
2019-09-19 14:39:00,789 [Thread-1062] INFO  impl.PendingRequests (PendingRequests.java:sendNotLeaderResponses(202)) - 9fb2ccf2-5ed3-4a2e-8fe9-d08ca707c464-PendingRequests: sendNotLeaderResponses
2019-09-19 14:39:00,789 [ForkJoinPool.commonPool-worker-0] INFO  impl.PendingRequests (PendingRequests.java:sendNotLeaderResponses(202)) - 280d4246-3bfc-4b3c-ad11-33bc74bf6da2-PendingRequests: sendNotLeaderResponses
2019-09-19 14:39:00,790 [Thread-1062] INFO  impl.StateMachineUpdater (StateMachineUpdater.java:stopAndJoin(115)) - StateMachineUpdater:9fb2ccf2-5ed3-4a2e-8fe9-d08ca707c464:group-F7B452861FE6: set stopIndex = 0
2019-09-19 14:39:00,790 [ForkJoinPool.commonPool-worker-0] INFO  impl.StateMachineUpdater (StateMachineUpdater.java:stopAndJoin(115)) - StateMachineUpdater:280d4246-3bfc-4b3c-ad11-33bc74bf6da2:group-70B5235DA316: set stopIndex = 0
2019-09-19 14:39:00,790 [Thread-1062] INFO  impl.RaftServerImpl (ServerState.java:close(394)) - 9fb2ccf2-5ed3-4a2e-8fe9-d08ca707c464:group-F7B452861FE6 closes. The last applied log index is 0
2019-09-19 14:39:00,791 [ForkJoinPool.commonPool-worker-0] INFO  impl.RaftServerImpl (ServerState.java:close(394)) - 280d4246-3bfc-4b3c-ad11-33bc74bf6da2:group-70B5235DA316 closes. The last applied log index is 0
2019-09-19 14:39:00,791 [9fb2ccf2-5ed3-4a2e-8fe9-d08ca707c464-SegmentedRaftLogWorker:Storage Directory /workdir/hadoop-ozone/ozonefs/target/test-dir/MiniOzoneClusterImpl-db9f3d9a-89c7-47d2-a400-08c292cbeea5/datanode-1/data/ratis/27b81e29-b623-40b4-9135-f7b452861fe6] INFO  segmented.SegmentedRaftLogWorker (SegmentedRaftLogWorker.java:run(313)) - 9fb2ccf2-5ed3-4a2e-8fe9-d08ca707c464-SegmentedRaftLogWorker:Storage Directory /workdir/hadoop-ozone/ozonefs/target/test-dir/MiniOzoneClusterImpl-db9f3d9a-89c7-47d2-a400-08c292cbeea5/datanode-1/data/ratis/27b81e29-b623-40b4-9135-f7b452861fe6 was interrupted, exiting. There are 0 tasks remaining in the queue.
2019-09-19 14:39:00,791 [280d4246-3bfc-4b3c-ad11-33bc74bf6da2-SegmentedRaftLogWorker:Storage Directory /workdir/hadoop-ozone/ozonefs/target/test-dir/MiniOzoneClusterImpl-db9f3d9a-89c7-47d2-a400-08c292cbeea5/datanode-0/data/ratis/f428d3e7-0601-4ffd-abba-70b5235da316] INFO  segmented.SegmentedRaftLogWorker (SegmentedRaftLogWorker.java:run(313)) - 280d4246-3bfc-4b3c-ad11-33bc74bf6da2-SegmentedRaftLogWorker:Storage Directory /workdir/hadoop-ozone/ozonefs/target/test-dir/MiniOzoneClusterImpl-db9f3d9a-89c7-47d2-a400-08c292cbeea5/datanode-0/data/ratis/f428d3e7-0601-4ffd-abba-70b5235da316 was interrupted, exiting. There are 0 tasks remaining in the queue.
2019-09-19 14:39:00,792 [Thread-1062] INFO  segmented.SegmentedRaftLogWorker (SegmentedRaftLogWorker.java:close(228)) - 9fb2ccf2-5ed3-4a2e-8fe9-d08ca707c464-SegmentedRaftLogWorker:Storage Directory /workdir/hadoop-ozone/ozonefs/target/test-dir/MiniOzoneClusterImpl-db9f3d9a-89c7-47d2-a400-08c292cbeea5/datanode-1/data/ratis/27b81e29-b623-40b4-9135-f7b452861fe6 close()
2019-09-19 14:39:00,792 [ForkJoinPool.commonPool-worker-0] INFO  segmented.SegmentedRaftLogWorker (SegmentedRaftLogWorker.java:close(228)) - 280d4246-3bfc-4b3c-ad11-33bc74bf6da2-SegmentedRaftLogWorker:Storage Directory /workdir/hadoop-ozone/ozonefs/target/test-dir/MiniOzoneClusterImpl-db9f3d9a-89c7-47d2-a400-08c292cbeea5/datanode-0/data/ratis/f428d3e7-0601-4ffd-abba-70b5235da316 close()
2019-09-19 14:39:00,794 [Thread-1062] INFO  impl.RaftServerImpl (RaftServerImpl.java:lambda$shutdown$3(245)) - 9fb2ccf2-5ed3-4a2e-8fe9-d08ca707c464: shutdown group-15B7D7694B10
2019-09-19 14:39:00,799 [ForkJoinPool.commonPool-worker-0] INFO  impl.RaftServerImpl (RaftServerImpl.java:lambda$shutdown$3(245)) - 280d4246-3bfc-4b3c-ad11-33bc74bf6da2: shutdown group-B7AC76EB5E19
2019-09-19 14:39:00,799 [Thread-1062] INFO  util.JmxRegister (JmxRegister.java:unregister(73)) - Successfully un-registered JMX Bean with object name Ratis:service=RaftServer,group=group-15B7D7694B10,id=9fb2ccf2-5ed3-4a2e-8fe9-d08ca707c464
2019-09-19 14:39:00,800 [ForkJoinPool.commonPool-worker-0] INFO  util.JmxRegister (JmxRegister.java:unregister(73)) - Successfully un-registered JMX Bean with object name Ratis:service=RaftServer,group=group-B7AC76EB5E19,id=280d4246-3bfc-4b3c-ad11-33bc74bf6da2
2019-09-19 14:39:00,800 [Thread-1062] INFO  impl.RoleInfo (RoleInfo.java:shutdownLeaderState(104)) - 9fb2ccf2-5ed3-4a2e-8fe9-d08ca707c464: shutdown LeaderState
2019-09-19 14:39:00,800 [ForkJoinPool.commonPool-worker-0] INFO  impl.RoleInfo (RoleInfo.java:shutdownLeaderState(104)) - 280d4246-3bfc-4b3c-ad11-33bc74bf6da2: shutdown LeaderState
2019-09-19 14:39:00,801 [Thread-1062] INFO  impl.PendingRequests (PendingRequests.java:sendNotLeaderResponses(202)) - 9fb2ccf2-5ed3-4a2e-8fe9-d08ca707c464-PendingRequests: sendNotLeaderResponses
2019-09-19 14:39:00,801 [ForkJoinPool.commonPool-worker-0] INFO  impl.PendingRequests (PendingRequests.java:sendNotLeaderResponses(202)) - 280d4246-3bfc-4b3c-ad11-33bc74bf6da2-PendingRequests: sendNotLeaderResponses
2019-09-19 14:39:00,801 [Thread-1062] INFO  impl.StateMachineUpdater (StateMachineUpdater.java:stopAndJoin(115)) - StateMachineUpdater:9fb2ccf2-5ed3-4a2e-8fe9-d08ca707c464:group-15B7D7694B10: set stopIndex = 0
2019-09-19 14:39:00,802 [ForkJoinPool.commonPool-worker-0] INFO  impl.StateMachineUpdater (StateMachineUpdater.java:stopAndJoin(115)) - StateMachineUpdater:280d4246-3bfc-4b3c-ad11-33bc74bf6da2:group-B7AC76EB5E19: set stopIndex = 0
2019-09-19 14:39:00,802 [Thread-1062] INFO  impl.RaftServerImpl (ServerState.java:close(394)) - 9fb2ccf2-5ed3-4a2e-8fe9-d08ca707c464:group-15B7D7694B10 closes. The last applied log index is 0
2019-09-19 14:39:00,802 [ForkJoinPool.commonPool-worker-0] INFO  impl.RaftServerImpl (ServerState.java:close(394)) - 280d4246-3bfc-4b3c-ad11-33bc74bf6da2:group-B7AC76EB5E19 closes. The last applied log index is 0
2019-09-19 14:39:00,803 [9fb2ccf2-5ed3-4a2e-8fe9-d08ca707c464-SegmentedRaftLogWorker:Storage Directory /workdir/hadoop-ozone/ozonefs/target/test-dir/MiniOzoneClusterImpl-db9f3d9a-89c7-47d2-a400-08c292cbeea5/datanode-1/data/ratis/dd41cf20-bf7a-4879-8dfd-15b7d7694b10] INFO  segmented.SegmentedRaftLogWorker (SegmentedRaftLogWorker.java:run(313)) - 9fb2ccf2-5ed3-4a2e-8fe9-d08ca707c464-SegmentedRaftLogWorker:Storage Directory /workdir/hadoop-ozone/ozonefs/target/test-dir/MiniOzoneClusterImpl-db9f3d9a-89c7-47d2-a400-08c292cbeea5/datanode-1/data/ratis/dd41cf20-bf7a-4879-8dfd-15b7d7694b10 was interrupted, exiting. There are 0 tasks remaining in the queue.
2019-09-19 14:39:00,803 [280d4246-3bfc-4b3c-ad11-33bc74bf6da2-SegmentedRaftLogWorker:Storage Directory /workdir/hadoop-ozone/ozonefs/target/test-dir/MiniOzoneClusterImpl-db9f3d9a-89c7-47d2-a400-08c292cbeea5/datanode-0/data/ratis/47ff888c-b7e7-4d37-849d-b7ac76eb5e19] INFO  segmented.SegmentedRaftLogWorker (SegmentedRaftLogWorker.java:run(313)) - 280d4246-3bfc-4b3c-ad11-33bc74bf6da2-SegmentedRaftLogWorker:Storage Directory /workdir/hadoop-ozone/ozonefs/target/test-dir/MiniOzoneClusterImpl-db9f3d9a-89c7-47d2-a400-08c292cbeea5/datanode-0/data/ratis/47ff888c-b7e7-4d37-849d-b7ac76eb5e19 was interrupted, exiting. There are 0 tasks remaining in the queue.
2019-09-19 14:39:00,803 [Thread-1062] INFO  segmented.SegmentedRaftLogWorker (SegmentedRaftLogWorker.java:close(228)) - 9fb2ccf2-5ed3-4a2e-8fe9-d08ca707c464-SegmentedRaftLogWorker:Storage Directory /workdir/hadoop-ozone/ozonefs/target/test-dir/MiniOzoneClusterImpl-db9f3d9a-89c7-47d2-a400-08c292cbeea5/datanode-1/data/ratis/dd41cf20-bf7a-4879-8dfd-15b7d7694b10 close()
2019-09-19 14:39:00,803 [ForkJoinPool.commonPool-worker-0] INFO  segmented.SegmentedRaftLogWorker (SegmentedRaftLogWorker.java:close(228)) - 280d4246-3bfc-4b3c-ad11-33bc74bf6da2-SegmentedRaftLogWorker:Storage Directory /workdir/hadoop-ozone/ozonefs/target/test-dir/MiniOzoneClusterImpl-db9f3d9a-89c7-47d2-a400-08c292cbeea5/datanode-0/data/ratis/47ff888c-b7e7-4d37-849d-b7ac76eb5e19 close()
2019-09-19 14:39:00,804 [Thread-1062] INFO  impl.RaftServerImpl (RaftServerImpl.java:lambda$shutdown$3(245)) - 9fb2ccf2-5ed3-4a2e-8fe9-d08ca707c464: shutdown group-3EB82BFF9C21
2019-09-19 14:39:00,804 [ForkJoinPool.commonPool-worker-0] INFO  impl.RaftServerImpl (RaftServerImpl.java:lambda$shutdown$3(245)) - 280d4246-3bfc-4b3c-ad11-33bc74bf6da2: shutdown group-BCF97F04644C
2019-09-19 14:39:00,804 [Thread-1062] INFO  util.JmxRegister (JmxRegister.java:unregister(73)) - Successfully un-registered JMX Bean with object name Ratis:service=RaftServer,group=group-3EB82BFF9C21,id=9fb2ccf2-5ed3-4a2e-8fe9-d08ca707c464
2019-09-19 14:39:00,805 [ForkJoinPool.commonPool-worker-0] INFO  util.JmxRegister (JmxRegister.java:unregister(73)) - Successfully un-registered JMX Bean with object name Ratis:service=RaftServer,group=group-BCF97F04644C,id=280d4246-3bfc-4b3c-ad11-33bc74bf6da2
2019-09-19 14:39:00,805 [Thread-1062] INFO  impl.RoleInfo (RoleInfo.java:shutdownLeaderState(104)) - 9fb2ccf2-5ed3-4a2e-8fe9-d08ca707c464: shutdown LeaderState
2019-09-19 14:39:00,805 [ForkJoinPool.commonPool-worker-0] INFO  impl.RoleInfo (RoleInfo.java:shutdownLeaderState(104)) - 280d4246-3bfc-4b3c-ad11-33bc74bf6da2: shutdown LeaderState
2019-09-19 14:39:00,806 [Thread-1062] INFO  impl.PendingRequests (PendingRequests.java:sendNotLeaderResponses(202)) - 9fb2ccf2-5ed3-4a2e-8fe9-d08ca707c464-PendingRequests: sendNotLeaderResponses
2019-09-19 14:39:00,806 [ForkJoinPool.commonPool-worker-0] INFO  impl.PendingRequests (PendingRequests.java:sendNotLeaderResponses(202)) - 280d4246-3bfc-4b3c-ad11-33bc74bf6da2-PendingRequests: sendNotLeaderResponses
2019-09-19 14:39:00,806 [Thread-1062] INFO  impl.StateMachineUpdater (StateMachineUpdater.java:stopAndJoin(115)) - StateMachineUpdater:9fb2ccf2-5ed3-4a2e-8fe9-d08ca707c464:group-3EB82BFF9C21: set stopIndex = 0
2019-09-19 14:39:00,806 [ForkJoinPool.commonPool-worker-0] INFO  impl.StateMachineUpdater (StateMachineUpdater.java:stopAndJoin(115)) - StateMachineUpdater:280d4246-3bfc-4b3c-ad11-33bc74bf6da2:group-BCF97F04644C: set stopIndex = 0
2019-09-19 14:39:00,807 [ForkJoinPool.commonPool-worker-0] INFO  impl.RaftServerImpl (ServerState.java:close(394)) - 280d4246-3bfc-4b3c-ad11-33bc74bf6da2:group-BCF97F04644C closes. The last applied log index is 0
2019-09-19 14:39:00,807 [Thread-1062] INFO  impl.RaftServerImpl (ServerState.java:close(394)) - 9fb2ccf2-5ed3-4a2e-8fe9-d08ca707c464:group-3EB82BFF9C21 closes. The last applied log index is 0
2019-09-19 14:39:00,807 [280d4246-3bfc-4b3c-ad11-33bc74bf6da2-SegmentedRaftLogWorker:Storage Directory /workdir/hadoop-ozone/ozonefs/target/test-dir/MiniOzoneClusterImpl-db9f3d9a-89c7-47d2-a400-08c292cbeea5/datanode-0/data/ratis/69cd2efe-fd40-40c0-afab-bcf97f04644c] INFO  segmented.SegmentedRaftLogWorker (SegmentedRaftLogWorker.java:run(313)) - 280d4246-3bfc-4b3c-ad11-33bc74bf6da2-SegmentedRaftLogWorker:Storage Directory /workdir/hadoop-ozone/ozonefs/target/test-dir/MiniOzoneClusterImpl-db9f3d9a-89c7-47d2-a400-08c292cbeea5/datanode-0/data/ratis/69cd2efe-fd40-40c0-afab-bcf97f04644c was interrupted, exiting. There are 0 tasks remaining in the queue.
2019-09-19 14:39:00,808 [9fb2ccf2-5ed3-4a2e-8fe9-d08ca707c464-SegmentedRaftLogWorker:Storage Directory /workdir/hadoop-ozone/ozonefs/target/test-dir/MiniOzoneClusterImpl-db9f3d9a-89c7-47d2-a400-08c292cbeea5/datanode-1/data/ratis/1c3c1dd0-ff58-4363-bad0-3eb82bff9c21] INFO  segmented.SegmentedRaftLogWorker (SegmentedRaftLogWorker.java:run(313)) - 9fb2ccf2-5ed3-4a2e-8fe9-d08ca707c464-SegmentedRaftLogWorker:Storage Directory /workdir/hadoop-ozone/ozonefs/target/test-dir/MiniOzoneClusterImpl-db9f3d9a-89c7-47d2-a400-08c292cbeea5/datanode-1/data/ratis/1c3c1dd0-ff58-4363-bad0-3eb82bff9c21 was interrupted, exiting. There are 0 tasks remaining in the queue.
2019-09-19 14:39:00,808 [ForkJoinPool.commonPool-worker-0] INFO  segmented.SegmentedRaftLogWorker (SegmentedRaftLogWorker.java:close(228)) - 280d4246-3bfc-4b3c-ad11-33bc74bf6da2-SegmentedRaftLogWorker:Storage Directory /workdir/hadoop-ozone/ozonefs/target/test-dir/MiniOzoneClusterImpl-db9f3d9a-89c7-47d2-a400-08c292cbeea5/datanode-0/data/ratis/69cd2efe-fd40-40c0-afab-bcf97f04644c close()
2019-09-19 14:39:00,808 [Thread-1062] INFO  segmented.SegmentedRaftLogWorker (SegmentedRaftLogWorker.java:close(228)) - 9fb2ccf2-5ed3-4a2e-8fe9-d08ca707c464-SegmentedRaftLogWorker:Storage Directory /workdir/hadoop-ozone/ozonefs/target/test-dir/MiniOzoneClusterImpl-db9f3d9a-89c7-47d2-a400-08c292cbeea5/datanode-1/data/ratis/1c3c1dd0-ff58-4363-bad0-3eb82bff9c21 close()
2019-09-19 14:39:00,808 [ForkJoinPool.commonPool-worker-0] INFO  impl.RaftServerImpl (RaftServerImpl.java:lambda$shutdown$3(245)) - 280d4246-3bfc-4b3c-ad11-33bc74bf6da2: shutdown group-3154BAE359FE
2019-09-19 14:39:00,809 [Thread-1062] INFO  impl.RaftServerImpl (RaftServerImpl.java:lambda$shutdown$3(245)) - 9fb2ccf2-5ed3-4a2e-8fe9-d08ca707c464: shutdown group-06BB7983C03F
2019-09-19 14:39:00,809 [ForkJoinPool.commonPool-worker-0] INFO  util.JmxRegister (JmxRegister.java:unregister(73)) - Successfully un-registered JMX Bean with object name Ratis:service=RaftServer,group=group-3154BAE359FE,id=280d4246-3bfc-4b3c-ad11-33bc74bf6da2
2019-09-19 14:39:00,809 [Thread-1062] INFO  util.JmxRegister (JmxRegister.java:unregister(73)) - Successfully un-registered JMX Bean with object name Ratis:service=RaftServer,group=group-06BB7983C03F,id=9fb2ccf2-5ed3-4a2e-8fe9-d08ca707c464
2019-09-19 14:39:00,810 [ForkJoinPool.commonPool-worker-0] INFO  impl.RoleInfo (RoleInfo.java:shutdownLeaderState(104)) - 280d4246-3bfc-4b3c-ad11-33bc74bf6da2: shutdown LeaderState
2019-09-19 14:39:00,810 [Thread-1062] INFO  impl.RoleInfo (RoleInfo.java:shutdownLeaderState(104)) - 9fb2ccf2-5ed3-4a2e-8fe9-d08ca707c464: shutdown LeaderState
2019-09-19 14:39:00,810 [ForkJoinPool.commonPool-worker-0] INFO  impl.PendingRequests (PendingRequests.java:sendNotLeaderResponses(202)) - 280d4246-3bfc-4b3c-ad11-33bc74bf6da2-PendingRequests: sendNotLeaderResponses
2019-09-19 14:39:00,811 [Thread-1062] INFO  impl.PendingRequests (PendingRequests.java:sendNotLeaderResponses(202)) - 9fb2ccf2-5ed3-4a2e-8fe9-d08ca707c464-PendingRequests: sendNotLeaderResponses
2019-09-19 14:39:00,811 [ForkJoinPool.commonPool-worker-0] INFO  impl.StateMachineUpdater (StateMachineUpdater.java:stopAndJoin(115)) - StateMachineUpdater:280d4246-3bfc-4b3c-ad11-33bc74bf6da2:group-3154BAE359FE: set stopIndex = 0
2019-09-19 14:39:00,811 [Thread-1062] INFO  impl.StateMachineUpdater (StateMachineUpdater.java:stopAndJoin(115)) - StateMachineUpdater:9fb2ccf2-5ed3-4a2e-8fe9-d08ca707c464:group-06BB7983C03F: set stopIndex = 0
2019-09-19 14:39:00,811 [ForkJoinPool.commonPool-worker-0] INFO  impl.RaftServerImpl (ServerState.java:close(394)) - 280d4246-3bfc-4b3c-ad11-33bc74bf6da2:group-3154BAE359FE closes. The last applied log index is 0
2019-09-19 14:39:00,812 [Thread-1062] INFO  impl.RaftServerImpl (ServerState.java:close(394)) - 9fb2ccf2-5ed3-4a2e-8fe9-d08ca707c464:group-06BB7983C03F closes. The last applied log index is 0
2019-09-19 14:39:00,812 [280d4246-3bfc-4b3c-ad11-33bc74bf6da2-SegmentedRaftLogWorker:Storage Directory /workdir/hadoop-ozone/ozonefs/target/test-dir/MiniOzoneClusterImpl-db9f3d9a-89c7-47d2-a400-08c292cbeea5/datanode-0/data/ratis/0380778c-0a2f-4e03-9063-3154bae359fe] INFO  segmented.SegmentedRaftLogWorker (SegmentedRaftLogWorker.java:run(313)) - 280d4246-3bfc-4b3c-ad11-33bc74bf6da2-SegmentedRaftLogWorker:Storage Directory /workdir/hadoop-ozone/ozonefs/target/test-dir/MiniOzoneClusterImpl-db9f3d9a-89c7-47d2-a400-08c292cbeea5/datanode-0/data/ratis/0380778c-0a2f-4e03-9063-3154bae359fe was interrupted, exiting. There are 0 tasks remaining in the queue.
2019-09-19 14:39:00,813 [9fb2ccf2-5ed3-4a2e-8fe9-d08ca707c464-SegmentedRaftLogWorker:Storage Directory /workdir/hadoop-ozone/ozonefs/target/test-dir/MiniOzoneClusterImpl-db9f3d9a-89c7-47d2-a400-08c292cbeea5/datanode-1/data/ratis/660255fe-a9e9-4873-8d58-06bb7983c03f] INFO  segmented.SegmentedRaftLogWorker (SegmentedRaftLogWorker.java:run(313)) - 9fb2ccf2-5ed3-4a2e-8fe9-d08ca707c464-SegmentedRaftLogWorker:Storage Directory /workdir/hadoop-ozone/ozonefs/target/test-dir/MiniOzoneClusterImpl-db9f3d9a-89c7-47d2-a400-08c292cbeea5/datanode-1/data/ratis/660255fe-a9e9-4873-8d58-06bb7983c03f was interrupted, exiting. There are 0 tasks remaining in the queue.
2019-09-19 14:39:00,813 [ForkJoinPool.commonPool-worker-0] INFO  segmented.SegmentedRaftLogWorker (SegmentedRaftLogWorker.java:close(228)) - 280d4246-3bfc-4b3c-ad11-33bc74bf6da2-SegmentedRaftLogWorker:Storage Directory /workdir/hadoop-ozone/ozonefs/target/test-dir/MiniOzoneClusterImpl-db9f3d9a-89c7-47d2-a400-08c292cbeea5/datanode-0/data/ratis/0380778c-0a2f-4e03-9063-3154bae359fe close()
2019-09-19 14:39:00,813 [Thread-1062] INFO  segmented.SegmentedRaftLogWorker (SegmentedRaftLogWorker.java:close(228)) - 9fb2ccf2-5ed3-4a2e-8fe9-d08ca707c464-SegmentedRaftLogWorker:Storage Directory /workdir/hadoop-ozone/ozonefs/target/test-dir/MiniOzoneClusterImpl-db9f3d9a-89c7-47d2-a400-08c292cbeea5/datanode-1/data/ratis/660255fe-a9e9-4873-8d58-06bb7983c03f close()
2019-09-19 14:39:00,813 [ForkJoinPool.commonPool-worker-0] INFO  impl.RaftServerImpl (RaftServerImpl.java:lambda$shutdown$3(245)) - 280d4246-3bfc-4b3c-ad11-33bc74bf6da2: shutdown group-E36FE73F595C
2019-09-19 14:39:00,813 [Thread-1062] INFO  impl.RaftServerImpl (RaftServerImpl.java:lambda$shutdown$3(245)) - 9fb2ccf2-5ed3-4a2e-8fe9-d08ca707c464: shutdown group-52EE640D2B0F
2019-09-19 14:39:00,814 [ForkJoinPool.commonPool-worker-0] INFO  util.JmxRegister (JmxRegister.java:unregister(73)) - Successfully un-registered JMX Bean with object name Ratis:service=RaftServer,group=group-E36FE73F595C,id=280d4246-3bfc-4b3c-ad11-33bc74bf6da2
2019-09-19 14:39:00,814 [Thread-1062] INFO  util.JmxRegister (JmxRegister.java:unregister(73)) - Successfully un-registered JMX Bean with object name Ratis:service=RaftServer,group=group-52EE640D2B0F,id=9fb2ccf2-5ed3-4a2e-8fe9-d08ca707c464
2019-09-19 14:39:00,815 [Thread-1062] INFO  impl.RoleInfo (RoleInfo.java:shutdownLeaderState(104)) - 9fb2ccf2-5ed3-4a2e-8fe9-d08ca707c464: shutdown LeaderState
2019-09-19 14:39:00,814 [ForkJoinPool.commonPool-worker-0] INFO  impl.RoleInfo (RoleInfo.java:shutdownLeaderState(104)) - 280d4246-3bfc-4b3c-ad11-33bc74bf6da2: shutdown LeaderState
2019-09-19 14:39:00,815 [Thread-1062] INFO  impl.PendingRequests (PendingRequests.java:sendNotLeaderResponses(202)) - 9fb2ccf2-5ed3-4a2e-8fe9-d08ca707c464-PendingRequests: sendNotLeaderResponses
2019-09-19 14:39:00,815 [ForkJoinPool.commonPool-worker-0] INFO  impl.PendingRequests (PendingRequests.java:sendNotLeaderResponses(202)) - 280d4246-3bfc-4b3c-ad11-33bc74bf6da2-PendingRequests: sendNotLeaderResponses
2019-09-19 14:39:00,816 [Thread-1062] INFO  impl.StateMachineUpdater (StateMachineUpdater.java:stopAndJoin(115)) - StateMachineUpdater:9fb2ccf2-5ed3-4a2e-8fe9-d08ca707c464:group-52EE640D2B0F: set stopIndex = 0
2019-09-19 14:39:00,816 [ForkJoinPool.commonPool-worker-0] INFO  impl.StateMachineUpdater (StateMachineUpdater.java:stopAndJoin(115)) - StateMachineUpdater:280d4246-3bfc-4b3c-ad11-33bc74bf6da2:group-E36FE73F595C: set stopIndex = 0
2019-09-19 14:39:00,816 [Thread-1062] INFO  impl.RaftServerImpl (ServerState.java:close(394)) - 9fb2ccf2-5ed3-4a2e-8fe9-d08ca707c464:group-52EE640D2B0F closes. The last applied log index is 0
2019-09-19 14:39:00,816 [ForkJoinPool.commonPool-worker-0] INFO  impl.RaftServerImpl (ServerState.java:close(394)) - 280d4246-3bfc-4b3c-ad11-33bc74bf6da2:group-E36FE73F595C closes. The last applied log index is 0
2019-09-19 14:39:00,817 [9fb2ccf2-5ed3-4a2e-8fe9-d08ca707c464-SegmentedRaftLogWorker:Storage Directory /workdir/hadoop-ozone/ozonefs/target/test-dir/MiniOzoneClusterImpl-db9f3d9a-89c7-47d2-a400-08c292cbeea5/datanode-1/data/ratis/9706e64b-9340-4203-bc79-52ee640d2b0f] INFO  segmented.SegmentedRaftLogWorker (SegmentedRaftLogWorker.java:run(313)) - 9fb2ccf2-5ed3-4a2e-8fe9-d08ca707c464-SegmentedRaftLogWorker:Storage Directory /workdir/hadoop-ozone/ozonefs/target/test-dir/MiniOzoneClusterImpl-db9f3d9a-89c7-47d2-a400-08c292cbeea5/datanode-1/data/ratis/9706e64b-9340-4203-bc79-52ee640d2b0f was interrupted, exiting. There are 0 tasks remaining in the queue.
2019-09-19 14:39:00,817 [280d4246-3bfc-4b3c-ad11-33bc74bf6da2-SegmentedRaftLogWorker:Storage Directory /workdir/hadoop-ozone/ozonefs/target/test-dir/MiniOzoneClusterImpl-db9f3d9a-89c7-47d2-a400-08c292cbeea5/datanode-0/data/ratis/943d345f-83b5-4853-b2a3-e36fe73f595c] INFO  segmented.SegmentedRaftLogWorker (SegmentedRaftLogWorker.java:run(313)) - 280d4246-3bfc-4b3c-ad11-33bc74bf6da2-SegmentedRaftLogWorker:Storage Directory /workdir/hadoop-ozone/ozonefs/target/test-dir/MiniOzoneClusterImpl-db9f3d9a-89c7-47d2-a400-08c292cbeea5/datanode-0/data/ratis/943d345f-83b5-4853-b2a3-e36fe73f595c was interrupted, exiting. There are 0 tasks remaining in the queue.
2019-09-19 14:39:00,817 [Thread-1062] INFO  segmented.SegmentedRaftLogWorker (SegmentedRaftLogWorker.java:close(228)) - 9fb2ccf2-5ed3-4a2e-8fe9-d08ca707c464-SegmentedRaftLogWorker:Storage Directory /workdir/hadoop-ozone/ozonefs/target/test-dir/MiniOzoneClusterImpl-db9f3d9a-89c7-47d2-a400-08c292cbeea5/datanode-1/data/ratis/9706e64b-9340-4203-bc79-52ee640d2b0f close()
2019-09-19 14:39:00,817 [ForkJoinPool.commonPool-worker-0] INFO  segmented.SegmentedRaftLogWorker (SegmentedRaftLogWorker.java:close(228)) - 280d4246-3bfc-4b3c-ad11-33bc74bf6da2-SegmentedRaftLogWorker:Storage Directory /workdir/hadoop-ozone/ozonefs/target/test-dir/MiniOzoneClusterImpl-db9f3d9a-89c7-47d2-a400-08c292cbeea5/datanode-0/data/ratis/943d345f-83b5-4853-b2a3-e36fe73f595c close()
2019-09-19 14:39:00,818 [Thread-1062] INFO  impl.RaftServerImpl (RaftServerImpl.java:lambda$shutdown$3(245)) - 9fb2ccf2-5ed3-4a2e-8fe9-d08ca707c464: shutdown group-87F8DE40676C
2019-09-19 14:39:00,818 [ForkJoinPool.commonPool-worker-0] INFO  impl.RaftServerImpl (RaftServerImpl.java:lambda$shutdown$3(245)) - 280d4246-3bfc-4b3c-ad11-33bc74bf6da2: shutdown group-803FFE98E670
2019-09-19 14:39:00,818 [Thread-1062] INFO  util.JmxRegister (JmxRegister.java:unregister(73)) - Successfully un-registered JMX Bean with object name Ratis:service=RaftServer,group=group-87F8DE40676C,id=9fb2ccf2-5ed3-4a2e-8fe9-d08ca707c464
2019-09-19 14:39:00,819 [ForkJoinPool.commonPool-worker-0] INFO  util.JmxRegister (JmxRegister.java:unregister(73)) - Successfully un-registered JMX Bean with object name Ratis:service=RaftServer,group=group-803FFE98E670,id=280d4246-3bfc-4b3c-ad11-33bc74bf6da2
2019-09-19 14:39:00,819 [Thread-1062] INFO  impl.RoleInfo (RoleInfo.java:shutdownLeaderState(104)) - 9fb2ccf2-5ed3-4a2e-8fe9-d08ca707c464: shutdown LeaderState
2019-09-19 14:39:00,819 [ForkJoinPool.commonPool-worker-0] INFO  impl.RoleInfo (RoleInfo.java:shutdownLeaderState(104)) - 280d4246-3bfc-4b3c-ad11-33bc74bf6da2: shutdown LeaderState
2019-09-19 14:39:00,820 [Thread-1062] INFO  impl.PendingRequests (PendingRequests.java:sendNotLeaderResponses(202)) - 9fb2ccf2-5ed3-4a2e-8fe9-d08ca707c464-PendingRequests: sendNotLeaderResponses
2019-09-19 14:39:00,820 [ForkJoinPool.commonPool-worker-0] INFO  impl.PendingRequests (PendingRequests.java:sendNotLeaderResponses(202)) - 280d4246-3bfc-4b3c-ad11-33bc74bf6da2-PendingRequests: sendNotLeaderResponses
2019-09-19 14:39:00,820 [Thread-1062] INFO  impl.StateMachineUpdater (StateMachineUpdater.java:stopAndJoin(115)) - StateMachineUpdater:9fb2ccf2-5ed3-4a2e-8fe9-d08ca707c464:group-87F8DE40676C: set stopIndex = 0
2019-09-19 14:39:00,820 [ForkJoinPool.commonPool-worker-0] INFO  impl.StateMachineUpdater (StateMachineUpdater.java:stopAndJoin(115)) - StateMachineUpdater:280d4246-3bfc-4b3c-ad11-33bc74bf6da2:group-803FFE98E670: set stopIndex = 0
2019-09-19 14:39:00,821 [Thread-1062] INFO  impl.RaftServerImpl (ServerState.java:close(394)) - 9fb2ccf2-5ed3-4a2e-8fe9-d08ca707c464:group-87F8DE40676C closes. The last applied log index is 0
2019-09-19 14:39:00,821 [ForkJoinPool.commonPool-worker-0] INFO  impl.RaftServerImpl (ServerState.java:close(394)) - 280d4246-3bfc-4b3c-ad11-33bc74bf6da2:group-803FFE98E670 closes. The last applied log index is 0
2019-09-19 14:39:00,822 [9fb2ccf2-5ed3-4a2e-8fe9-d08ca707c464-SegmentedRaftLogWorker:Storage Directory /workdir/hadoop-ozone/ozonefs/target/test-dir/MiniOzoneClusterImpl-db9f3d9a-89c7-47d2-a400-08c292cbeea5/datanode-1/data/ratis/7267aba4-78f4-4f3c-bf64-87f8de40676c] INFO  segmented.SegmentedRaftLogWorker (SegmentedRaftLogWorker.java:run(313)) - 9fb2ccf2-5ed3-4a2e-8fe9-d08ca707c464-SegmentedRaftLogWorker:Storage Directory /workdir/hadoop-ozone/ozonefs/target/test-dir/MiniOzoneClusterImpl-db9f3d9a-89c7-47d2-a400-08c292cbeea5/datanode-1/data/ratis/7267aba4-78f4-4f3c-bf64-87f8de40676c was interrupted, exiting. There are 0 tasks remaining in the queue.
2019-09-19 14:39:00,822 [280d4246-3bfc-4b3c-ad11-33bc74bf6da2-SegmentedRaftLogWorker:Storage Directory /workdir/hadoop-ozone/ozonefs/target/test-dir/MiniOzoneClusterImpl-db9f3d9a-89c7-47d2-a400-08c292cbeea5/datanode-0/data/ratis/fcb03dca-4416-4ee3-9fc5-803ffe98e670] INFO  segmented.SegmentedRaftLogWorker (SegmentedRaftLogWorker.java:run(313)) - 280d4246-3bfc-4b3c-ad11-33bc74bf6da2-SegmentedRaftLogWorker:Storage Directory /workdir/hadoop-ozone/ozonefs/target/test-dir/MiniOzoneClusterImpl-db9f3d9a-89c7-47d2-a400-08c292cbeea5/datanode-0/data/ratis/fcb03dca-4416-4ee3-9fc5-803ffe98e670 was interrupted, exiting. There are 0 tasks remaining in the queue.
2019-09-19 14:39:00,822 [Thread-1062] INFO  segmented.SegmentedRaftLogWorker (SegmentedRaftLogWorker.java:close(228)) - 9fb2ccf2-5ed3-4a2e-8fe9-d08ca707c464-SegmentedRaftLogWorker:Storage Directory /workdir/hadoop-ozone/ozonefs/target/test-dir/MiniOzoneClusterImpl-db9f3d9a-89c7-47d2-a400-08c292cbeea5/datanode-1/data/ratis/7267aba4-78f4-4f3c-bf64-87f8de40676c close()
2019-09-19 14:39:00,822 [ForkJoinPool.commonPool-worker-0] INFO  segmented.SegmentedRaftLogWorker (SegmentedRaftLogWorker.java:close(228)) - 280d4246-3bfc-4b3c-ad11-33bc74bf6da2-SegmentedRaftLogWorker:Storage Directory /workdir/hadoop-ozone/ozonefs/target/test-dir/MiniOzoneClusterImpl-db9f3d9a-89c7-47d2-a400-08c292cbeea5/datanode-0/data/ratis/fcb03dca-4416-4ee3-9fc5-803ffe98e670 close()
2019-09-19 14:39:00,822 [Thread-1062] INFO  server.GrpcService (GrpcService.java:closeImpl(155)) - 9fb2ccf2-5ed3-4a2e-8fe9-d08ca707c464: shutdown server with port 42469 now
2019-09-19 14:39:00,823 [ForkJoinPool.commonPool-worker-0] INFO  server.GrpcService (GrpcService.java:closeImpl(155)) - 280d4246-3bfc-4b3c-ad11-33bc74bf6da2: shutdown server with port 36954 now
2019-09-19 14:39:00,825 [Thread-1062] INFO  server.GrpcService (GrpcService.java:closeImpl(163)) - 9fb2ccf2-5ed3-4a2e-8fe9-d08ca707c464: shutdown server with port 42469 successfully
2019-09-19 14:39:00,826 [ForkJoinPool.commonPool-worker-0] INFO  server.GrpcService (GrpcService.java:closeImpl(163)) - 280d4246-3bfc-4b3c-ad11-33bc74bf6da2: shutdown server with port 36954 successfully
2019-09-19 14:39:00,828 [ForkJoinPool.commonPool-worker-0] INFO  utils.BackgroundService (BackgroundService.java:shutdown(148)) - Shutting down service BlockDeletingService
2019-09-19 14:39:00,829 [Thread-1062] INFO  utils.BackgroundService (BackgroundService.java:shutdown(148)) - Shutting down service BlockDeletingService
2019-09-19 14:39:00,831 [refreshUsed-/workdir/hadoop-ozone/ozonefs/target/test-dir/MiniOzoneClusterImpl-db9f3d9a-89c7-47d2-a400-08c292cbeea5/datanode-0/data/containers] WARN  fs.CachingGetSpaceUsed (CachingGetSpaceUsed.java:run(183)) - Thread Interrupted waiting to refresh disk information: sleep interrupted
2019-09-19 14:39:00,835 [refreshUsed-/workdir/hadoop-ozone/ozonefs/target/test-dir/MiniOzoneClusterImpl-db9f3d9a-89c7-47d2-a400-08c292cbeea5/datanode-1/data/containers] WARN  fs.CachingGetSpaceUsed (CachingGetSpaceUsed.java:run(183)) - Thread Interrupted waiting to refresh disk information: sleep interrupted
2019-09-19 14:39:00,862 [Thread-1062] INFO  statemachine.DatanodeStateMachine (DatanodeStateMachine.java:stopDaemon(395)) - Ozone container server stopped.
2019-09-19 14:39:00,863 [Thread-1062] INFO  handler.ContextHandler (ContextHandler.java:doStop(910)) - Stopped o.e.j.w.WebAppContext@d97b5ee{/,null,UNAVAILABLE}{/hddsDatanode}
2019-09-19 14:39:00,864 [Thread-1062] INFO  server.AbstractConnector (AbstractConnector.java:doStop(318)) - Stopped ServerConnector@2b9e2e13{HTTP/1.1,[http/1.1]}{0.0.0.0:0}
2019-09-19 14:39:00,864 [Thread-1062] INFO  handler.ContextHandler (ContextHandler.java:doStop(910)) - Stopped o.e.j.s.ServletContextHandler@7592da64{/static,jar:file:/home/user/.m2/repository/org/apache/hadoop/hadoop-hdds-container-service/0.5.0-SNAPSHOT/hadoop-hdds-container-service-0.5.0-SNAPSHOT.jar!/webapps/static,UNAVAILABLE}
2019-09-19 14:39:00,864 [Thread-1062] INFO  handler.ContextHandler (ContextHandler.java:doStop(910)) - Stopped o.e.j.s.ServletContextHandler@488a8b97{/logs,file:///workdir/hadoop-ozone/ozonefs/target/log,UNAVAILABLE}
2019-09-19 14:39:00,865 [Thread-1062] INFO  datanode.ObjectStoreHandler (ObjectStoreHandler.java:close(155)) - Closing ObjectStoreHandler.
2019-09-19 14:39:00,868 [ForkJoinPool.commonPool-worker-0] INFO  statemachine.DatanodeStateMachine (DatanodeStateMachine.java:stopDaemon(395)) - Ozone container server stopped.
2019-09-19 14:39:00,870 [Thread-1062] INFO  ozone.HddsDatanodeService (HddsDatanodeService.java:stop(451)) - Stopped plug-in org.apache.hadoop.ozone.web.OzoneHddsDatanodeService@5af88273
2019-09-19 14:39:00,871 [ForkJoinPool.commonPool-worker-0] INFO  handler.ContextHandler (ContextHandler.java:doStop(910)) - Stopped o.e.j.w.WebAppContext@19e8e058{/,null,UNAVAILABLE}{/hddsDatanode}
2019-09-19 14:39:00,871 [ForkJoinPool.commonPool-worker-0] INFO  server.AbstractConnector (AbstractConnector.java:doStop(318)) - Stopped ServerConnector@13f536a0{HTTP/1.1,[http/1.1]}{0.0.0.0:0}
2019-09-19 14:39:00,872 [ForkJoinPool.commonPool-worker-0] INFO  handler.ContextHandler (ContextHandler.java:doStop(910)) - Stopped o.e.j.s.ServletContextHandler@5ae5c428{/static,jar:file:/home/user/.m2/repository/org/apache/hadoop/hadoop-hdds-container-service/0.5.0-SNAPSHOT/hadoop-hdds-container-service-0.5.0-SNAPSHOT.jar!/webapps/static,UNAVAILABLE}
2019-09-19 14:39:00,873 [ForkJoinPool.commonPool-worker-0] INFO  handler.ContextHandler (ContextHandler.java:doStop(910)) - Stopped o.e.j.s.ServletContextHandler@4b2cc301{/logs,file:///workdir/hadoop-ozone/ozonefs/target/log,UNAVAILABLE}
2019-09-19 14:39:01,555 [Datanode State Machine Thread - 0] INFO  statemachine.DatanodeStateMachine (DatanodeStateMachine.java:lambda$startDaemon$0(350)) - Ozone container server started.
2019-09-19 14:39:05,872 [Thread-1062] INFO  ozoneimpl.OzoneContainer (OzoneContainer.java:stop(199)) - Attempting to stop container services.
2019-09-19 14:39:05,872 [Thread-1062] INFO  impl.RaftServerProxy (RaftServerProxy.java:lambda$close$4(314)) - 363a6dbc-c2cf-4b88-9aba-10b7f3b32b0a: close
2019-09-19 14:39:05,873 [Thread-1062] INFO  impl.RaftServerImpl (RaftServerImpl.java:lambda$shutdown$3(245)) - 363a6dbc-c2cf-4b88-9aba-10b7f3b32b0a: shutdown group-7DEE2DB77202
2019-09-19 14:39:05,874 [ForkJoinPool.commonPool-worker-1] INFO  impl.RaftServerImpl (RaftServerImpl.java:lambda$shutdown$3(245)) - 363a6dbc-c2cf-4b88-9aba-10b7f3b32b0a: shutdown group-7A7B52B30F7E
2019-09-19 14:39:05,874 [Thread-1062] INFO  util.JmxRegister (JmxRegister.java:unregister(73)) - Successfully un-registered JMX Bean with object name Ratis:service=RaftServer,group=group-7DEE2DB77202,id=363a6dbc-c2cf-4b88-9aba-10b7f3b32b0a
2019-09-19 14:39:05,874 [ForkJoinPool.commonPool-worker-1] INFO  util.JmxRegister (JmxRegister.java:unregister(73)) - Successfully un-registered JMX Bean with object name Ratis:service=RaftServer,group=group-7A7B52B30F7E,id=363a6dbc-c2cf-4b88-9aba-10b7f3b32b0a
2019-09-19 14:39:05,874 [Thread-1062] INFO  impl.RoleInfo (RoleInfo.java:shutdownLeaderState(104)) - 363a6dbc-c2cf-4b88-9aba-10b7f3b32b0a: shutdown LeaderState
2019-09-19 14:39:05,875 [ForkJoinPool.commonPool-worker-1] INFO  impl.RoleInfo (RoleInfo.java:shutdownLeaderState(104)) - 363a6dbc-c2cf-4b88-9aba-10b7f3b32b0a: shutdown LeaderState
2019-09-19 14:39:05,875 [Thread-1062] INFO  impl.PendingRequests (PendingRequests.java:sendNotLeaderResponses(202)) - 363a6dbc-c2cf-4b88-9aba-10b7f3b32b0a-PendingRequests: sendNotLeaderResponses
2019-09-19 14:39:05,875 [ForkJoinPool.commonPool-worker-1] INFO  impl.PendingRequests (PendingRequests.java:sendNotLeaderResponses(202)) - 363a6dbc-c2cf-4b88-9aba-10b7f3b32b0a-PendingRequests: sendNotLeaderResponses
2019-09-19 14:39:05,876 [Thread-1062] INFO  impl.StateMachineUpdater (StateMachineUpdater.java:stopAndJoin(115)) - StateMachineUpdater:363a6dbc-c2cf-4b88-9aba-10b7f3b32b0a:group-7DEE2DB77202: set stopIndex = 0
2019-09-19 14:39:05,876 [ForkJoinPool.commonPool-worker-1] INFO  impl.StateMachineUpdater (StateMachineUpdater.java:stopAndJoin(115)) - StateMachineUpdater:363a6dbc-c2cf-4b88-9aba-10b7f3b32b0a:group-7A7B52B30F7E: set stopIndex = 0
2019-09-19 14:39:05,876 [Thread-1062] INFO  impl.RaftServerImpl (ServerState.java:close(394)) - 363a6dbc-c2cf-4b88-9aba-10b7f3b32b0a:group-7DEE2DB77202 closes. The last applied log index is 0
2019-09-19 14:39:05,877 [ForkJoinPool.commonPool-worker-1] INFO  impl.RaftServerImpl (ServerState.java:close(394)) - 363a6dbc-c2cf-4b88-9aba-10b7f3b32b0a:group-7A7B52B30F7E closes. The last applied log index is 0
2019-09-19 14:39:05,877 [363a6dbc-c2cf-4b88-9aba-10b7f3b32b0a-SegmentedRaftLogWorker:Storage Directory /workdir/hadoop-ozone/ozonefs/target/test-dir/MiniOzoneClusterImpl-db9f3d9a-89c7-47d2-a400-08c292cbeea5/datanode-2/data/ratis/b7117f47-09c5-4cc2-8fad-7dee2db77202] INFO  segmented.SegmentedRaftLogWorker (SegmentedRaftLogWorker.java:run(313)) - 363a6dbc-c2cf-4b88-9aba-10b7f3b32b0a-SegmentedRaftLogWorker:Storage Directory /workdir/hadoop-ozone/ozonefs/target/test-dir/MiniOzoneClusterImpl-db9f3d9a-89c7-47d2-a400-08c292cbeea5/datanode-2/data/ratis/b7117f47-09c5-4cc2-8fad-7dee2db77202 was interrupted, exiting. There are 0 tasks remaining in the queue.
2019-09-19 14:39:05,877 [363a6dbc-c2cf-4b88-9aba-10b7f3b32b0a-SegmentedRaftLogWorker:Storage Directory /workdir/hadoop-ozone/ozonefs/target/test-dir/MiniOzoneClusterImpl-db9f3d9a-89c7-47d2-a400-08c292cbeea5/datanode-2/data/ratis/4247e39e-cb98-44e1-82fc-7a7b52b30f7e] INFO  segmented.SegmentedRaftLogWorker (SegmentedRaftLogWorker.java:run(313)) - 363a6dbc-c2cf-4b88-9aba-10b7f3b32b0a-SegmentedRaftLogWorker:Storage Directory /workdir/hadoop-ozone/ozonefs/target/test-dir/MiniOzoneClusterImpl-db9f3d9a-89c7-47d2-a400-08c292cbeea5/datanode-2/data/ratis/4247e39e-cb98-44e1-82fc-7a7b52b30f7e was interrupted, exiting. There are 0 tasks remaining in the queue.
2019-09-19 14:39:05,878 [Thread-1062] INFO  segmented.SegmentedRaftLogWorker (SegmentedRaftLogWorker.java:close(228)) - 363a6dbc-c2cf-4b88-9aba-10b7f3b32b0a-SegmentedRaftLogWorker:Storage Directory /workdir/hadoop-ozone/ozonefs/target/test-dir/MiniOzoneClusterImpl-db9f3d9a-89c7-47d2-a400-08c292cbeea5/datanode-2/data/ratis/b7117f47-09c5-4cc2-8fad-7dee2db77202 close()
2019-09-19 14:39:05,878 [ForkJoinPool.commonPool-worker-1] INFO  segmented.SegmentedRaftLogWorker (SegmentedRaftLogWorker.java:close(228)) - 363a6dbc-c2cf-4b88-9aba-10b7f3b32b0a-SegmentedRaftLogWorker:Storage Directory /workdir/hadoop-ozone/ozonefs/target/test-dir/MiniOzoneClusterImpl-db9f3d9a-89c7-47d2-a400-08c292cbeea5/datanode-2/data/ratis/4247e39e-cb98-44e1-82fc-7a7b52b30f7e close()
2019-09-19 14:39:05,878 [Thread-1062] INFO  impl.RaftServerImpl (RaftServerImpl.java:lambda$shutdown$3(245)) - 363a6dbc-c2cf-4b88-9aba-10b7f3b32b0a: shutdown group-166FF625799D
2019-09-19 14:39:05,878 [ForkJoinPool.commonPool-worker-1] INFO  impl.RaftServerImpl (RaftServerImpl.java:lambda$shutdown$3(245)) - 363a6dbc-c2cf-4b88-9aba-10b7f3b32b0a: shutdown group-EB32DDD31EF8
2019-09-19 14:39:05,879 [Thread-1062] INFO  util.JmxRegister (JmxRegister.java:unregister(73)) - Successfully un-registered JMX Bean with object name Ratis:service=RaftServer,group=group-166FF625799D,id=363a6dbc-c2cf-4b88-9aba-10b7f3b32b0a
2019-09-19 14:39:05,879 [Thread-1062] INFO  impl.RoleInfo (RoleInfo.java:shutdownLeaderState(104)) - 363a6dbc-c2cf-4b88-9aba-10b7f3b32b0a: shutdown LeaderState
2019-09-19 14:39:05,879 [ForkJoinPool.commonPool-worker-1] INFO  util.JmxRegister (JmxRegister.java:unregister(73)) - Successfully un-registered JMX Bean with object name Ratis:service=RaftServer,group=group-EB32DDD31EF8,id=363a6dbc-c2cf-4b88-9aba-10b7f3b32b0a
2019-09-19 14:39:05,880 [ForkJoinPool.commonPool-worker-1] INFO  impl.RoleInfo (RoleInfo.java:shutdownLeaderState(104)) - 363a6dbc-c2cf-4b88-9aba-10b7f3b32b0a: shutdown LeaderState
2019-09-19 14:39:05,880 [Thread-1062] INFO  impl.PendingRequests (PendingRequests.java:sendNotLeaderResponses(202)) - 363a6dbc-c2cf-4b88-9aba-10b7f3b32b0a-PendingRequests: sendNotLeaderResponses
2019-09-19 14:39:05,880 [ForkJoinPool.commonPool-worker-1] INFO  impl.PendingRequests (PendingRequests.java:sendNotLeaderResponses(202)) - 363a6dbc-c2cf-4b88-9aba-10b7f3b32b0a-PendingRequests: sendNotLeaderResponses
2019-09-19 14:39:05,881 [Thread-1062] INFO  impl.StateMachineUpdater (StateMachineUpdater.java:stopAndJoin(115)) - StateMachineUpdater:363a6dbc-c2cf-4b88-9aba-10b7f3b32b0a:group-166FF625799D: set stopIndex = 0
2019-09-19 14:39:05,881 [ForkJoinPool.commonPool-worker-1] INFO  impl.StateMachineUpdater (StateMachineUpdater.java:stopAndJoin(115)) - StateMachineUpdater:363a6dbc-c2cf-4b88-9aba-10b7f3b32b0a:group-EB32DDD31EF8: set stopIndex = 0
2019-09-19 14:39:05,881 [Thread-1062] INFO  impl.RaftServerImpl (ServerState.java:close(394)) - 363a6dbc-c2cf-4b88-9aba-10b7f3b32b0a:group-166FF625799D closes. The last applied log index is 0
2019-09-19 14:39:05,882 [ForkJoinPool.commonPool-worker-1] INFO  impl.RaftServerImpl (ServerState.java:close(394)) - 363a6dbc-c2cf-4b88-9aba-10b7f3b32b0a:group-EB32DDD31EF8 closes. The last applied log index is 0
2019-09-19 14:39:05,882 [363a6dbc-c2cf-4b88-9aba-10b7f3b32b0a-SegmentedRaftLogWorker:Storage Directory /workdir/hadoop-ozone/ozonefs/target/test-dir/MiniOzoneClusterImpl-db9f3d9a-89c7-47d2-a400-08c292cbeea5/datanode-2/data/ratis/e3dbb2ef-51bc-475c-9512-166ff625799d] INFO  segmented.SegmentedRaftLogWorker (SegmentedRaftLogWorker.java:run(313)) - 363a6dbc-c2cf-4b88-9aba-10b7f3b32b0a-SegmentedRaftLogWorker:Storage Directory /workdir/hadoop-ozone/ozonefs/target/test-dir/MiniOzoneClusterImpl-db9f3d9a-89c7-47d2-a400-08c292cbeea5/datanode-2/data/ratis/e3dbb2ef-51bc-475c-9512-166ff625799d was interrupted, exiting. There are 0 tasks remaining in the queue.
2019-09-19 14:39:05,882 [363a6dbc-c2cf-4b88-9aba-10b7f3b32b0a-SegmentedRaftLogWorker:Storage Directory /workdir/hadoop-ozone/ozonefs/target/test-dir/MiniOzoneClusterImpl-db9f3d9a-89c7-47d2-a400-08c292cbeea5/datanode-2/data/ratis/489f146a-32e6-4b5e-ac78-eb32ddd31ef8] INFO  segmented.SegmentedRaftLogWorker (SegmentedRaftLogWorker.java:run(313)) - 363a6dbc-c2cf-4b88-9aba-10b7f3b32b0a-SegmentedRaftLogWorker:Storage Directory /workdir/hadoop-ozone/ozonefs/target/test-dir/MiniOzoneClusterImpl-db9f3d9a-89c7-47d2-a400-08c292cbeea5/datanode-2/data/ratis/489f146a-32e6-4b5e-ac78-eb32ddd31ef8 was interrupted, exiting. There are 0 tasks remaining in the queue.
2019-09-19 14:39:05,882 [Thread-1062] INFO  segmented.SegmentedRaftLogWorker (SegmentedRaftLogWorker.java:close(228)) - 363a6dbc-c2cf-4b88-9aba-10b7f3b32b0a-SegmentedRaftLogWorker:Storage Directory /workdir/hadoop-ozone/ozonefs/target/test-dir/MiniOzoneClusterImpl-db9f3d9a-89c7-47d2-a400-08c292cbeea5/datanode-2/data/ratis/e3dbb2ef-51bc-475c-9512-166ff625799d close()
2019-09-19 14:39:05,883 [ForkJoinPool.commonPool-worker-1] INFO  segmented.SegmentedRaftLogWorker (SegmentedRaftLogWorker.java:close(228)) - 363a6dbc-c2cf-4b88-9aba-10b7f3b32b0a-SegmentedRaftLogWorker:Storage Directory /workdir/hadoop-ozone/ozonefs/target/test-dir/MiniOzoneClusterImpl-db9f3d9a-89c7-47d2-a400-08c292cbeea5/datanode-2/data/ratis/489f146a-32e6-4b5e-ac78-eb32ddd31ef8 close()
2019-09-19 14:39:05,883 [ForkJoinPool.commonPool-worker-1] INFO  impl.RaftServerImpl (RaftServerImpl.java:lambda$shutdown$3(245)) - 363a6dbc-c2cf-4b88-9aba-10b7f3b32b0a: shutdown group-0DDA78125191
2019-09-19 14:39:05,883 [ForkJoinPool.commonPool-worker-1] INFO  util.JmxRegister (JmxRegister.java:unregister(73)) - Successfully un-registered JMX Bean with object name Ratis:service=RaftServer,group=group-0DDA78125191,id=363a6dbc-c2cf-4b88-9aba-10b7f3b32b0a
2019-09-19 14:39:05,884 [ForkJoinPool.commonPool-worker-1] INFO  impl.RoleInfo (RoleInfo.java:shutdownLeaderState(104)) - 363a6dbc-c2cf-4b88-9aba-10b7f3b32b0a: shutdown LeaderState
2019-09-19 14:39:05,884 [ForkJoinPool.commonPool-worker-1] INFO  impl.PendingRequests (PendingRequests.java:sendNotLeaderResponses(202)) - 363a6dbc-c2cf-4b88-9aba-10b7f3b32b0a-PendingRequests: sendNotLeaderResponses
2019-09-19 14:39:05,884 [ForkJoinPool.commonPool-worker-1] INFO  impl.StateMachineUpdater (StateMachineUpdater.java:stopAndJoin(115)) - StateMachineUpdater:363a6dbc-c2cf-4b88-9aba-10b7f3b32b0a:group-0DDA78125191: set stopIndex = 0
2019-09-19 14:39:05,884 [ForkJoinPool.commonPool-worker-1] INFO  impl.RaftServerImpl (ServerState.java:close(394)) - 363a6dbc-c2cf-4b88-9aba-10b7f3b32b0a:group-0DDA78125191 closes. The last applied log index is 0
2019-09-19 14:39:05,885 [363a6dbc-c2cf-4b88-9aba-10b7f3b32b0a-SegmentedRaftLogWorker:Storage Directory /workdir/hadoop-ozone/ozonefs/target/test-dir/MiniOzoneClusterImpl-db9f3d9a-89c7-47d2-a400-08c292cbeea5/datanode-2/data/ratis/4402c7e3-2aba-455b-8517-0dda78125191] INFO  segmented.SegmentedRaftLogWorker (SegmentedRaftLogWorker.java:run(313)) - 363a6dbc-c2cf-4b88-9aba-10b7f3b32b0a-SegmentedRaftLogWorker:Storage Directory /workdir/hadoop-ozone/ozonefs/target/test-dir/MiniOzoneClusterImpl-db9f3d9a-89c7-47d2-a400-08c292cbeea5/datanode-2/data/ratis/4402c7e3-2aba-455b-8517-0dda78125191 was interrupted, exiting. There are 0 tasks remaining in the queue.
2019-09-19 14:39:05,885 [ForkJoinPool.commonPool-worker-1] INFO  segmented.SegmentedRaftLogWorker (SegmentedRaftLogWorker.java:close(228)) - 363a6dbc-c2cf-4b88-9aba-10b7f3b32b0a-SegmentedRaftLogWorker:Storage Directory /workdir/hadoop-ozone/ozonefs/target/test-dir/MiniOzoneClusterImpl-db9f3d9a-89c7-47d2-a400-08c292cbeea5/datanode-2/data/ratis/4402c7e3-2aba-455b-8517-0dda78125191 close()
2019-09-19 14:39:05,885 [ForkJoinPool.commonPool-worker-1] INFO  impl.RaftServerImpl (RaftServerImpl.java:lambda$shutdown$3(245)) - 363a6dbc-c2cf-4b88-9aba-10b7f3b32b0a: shutdown group-FD6F9DE97701
2019-09-19 14:39:05,885 [ForkJoinPool.commonPool-worker-1] INFO  util.JmxRegister (JmxRegister.java:unregister(73)) - Successfully un-registered JMX Bean with object name Ratis:service=RaftServer,group=group-FD6F9DE97701,id=363a6dbc-c2cf-4b88-9aba-10b7f3b32b0a
2019-09-19 14:39:05,886 [ForkJoinPool.commonPool-worker-1] INFO  impl.RoleInfo (RoleInfo.java:shutdownLeaderState(104)) - 363a6dbc-c2cf-4b88-9aba-10b7f3b32b0a: shutdown LeaderState
2019-09-19 14:39:05,886 [ForkJoinPool.commonPool-worker-1] INFO  impl.PendingRequests (PendingRequests.java:sendNotLeaderResponses(202)) - 363a6dbc-c2cf-4b88-9aba-10b7f3b32b0a-PendingRequests: sendNotLeaderResponses
2019-09-19 14:39:05,886 [ForkJoinPool.commonPool-worker-1] INFO  impl.StateMachineUpdater (StateMachineUpdater.java:stopAndJoin(115)) - StateMachineUpdater:363a6dbc-c2cf-4b88-9aba-10b7f3b32b0a:group-FD6F9DE97701: set stopIndex = 0
2019-09-19 14:39:05,886 [ForkJoinPool.commonPool-worker-1] INFO  impl.RaftServerImpl (ServerState.java:close(394)) - 363a6dbc-c2cf-4b88-9aba-10b7f3b32b0a:group-FD6F9DE97701 closes. The last applied log index is 0
2019-09-19 14:39:05,887 [363a6dbc-c2cf-4b88-9aba-10b7f3b32b0a-SegmentedRaftLogWorker:Storage Directory /workdir/hadoop-ozone/ozonefs/target/test-dir/MiniOzoneClusterImpl-db9f3d9a-89c7-47d2-a400-08c292cbeea5/datanode-2/data/ratis/9ba89dc3-f35e-4a4e-b8d3-fd6f9de97701] INFO  segmented.SegmentedRaftLogWorker (SegmentedRaftLogWorker.java:run(313)) - 363a6dbc-c2cf-4b88-9aba-10b7f3b32b0a-SegmentedRaftLogWorker:Storage Directory /workdir/hadoop-ozone/ozonefs/target/test-dir/MiniOzoneClusterImpl-db9f3d9a-89c7-47d2-a400-08c292cbeea5/datanode-2/data/ratis/9ba89dc3-f35e-4a4e-b8d3-fd6f9de97701 was interrupted, exiting. There are 0 tasks remaining in the queue.
2019-09-19 14:39:05,887 [ForkJoinPool.commonPool-worker-1] INFO  segmented.SegmentedRaftLogWorker (SegmentedRaftLogWorker.java:close(228)) - 363a6dbc-c2cf-4b88-9aba-10b7f3b32b0a-SegmentedRaftLogWorker:Storage Directory /workdir/hadoop-ozone/ozonefs/target/test-dir/MiniOzoneClusterImpl-db9f3d9a-89c7-47d2-a400-08c292cbeea5/datanode-2/data/ratis/9ba89dc3-f35e-4a4e-b8d3-fd6f9de97701 close()
2019-09-19 14:39:05,887 [Thread-1062] INFO  server.GrpcService (GrpcService.java:closeImpl(155)) - 363a6dbc-c2cf-4b88-9aba-10b7f3b32b0a: shutdown server with port 40194 now
2019-09-19 14:39:05,889 [Thread-1062] INFO  server.GrpcService (GrpcService.java:closeImpl(163)) - 363a6dbc-c2cf-4b88-9aba-10b7f3b32b0a: shutdown server with port 40194 successfully
2019-09-19 14:39:05,891 [Thread-1062] INFO  utils.BackgroundService (BackgroundService.java:shutdown(148)) - Shutting down service BlockDeletingService
2019-09-19 14:39:05,894 [refreshUsed-/workdir/hadoop-ozone/ozonefs/target/test-dir/MiniOzoneClusterImpl-db9f3d9a-89c7-47d2-a400-08c292cbeea5/datanode-2/data/containers] WARN  fs.CachingGetSpaceUsed (CachingGetSpaceUsed.java:run(183)) - Thread Interrupted waiting to refresh disk information: sleep interrupted
2019-09-19 14:39:05,925 [Thread-1062] INFO  statemachine.DatanodeStateMachine (DatanodeStateMachine.java:stopDaemon(395)) - Ozone container server stopped.
2019-09-19 14:39:05,926 [Thread-1062] INFO  handler.ContextHandler (ContextHandler.java:doStop(910)) - Stopped o.e.j.w.WebAppContext@2d556c91{/,null,UNAVAILABLE}{/hddsDatanode}
2019-09-19 14:39:05,927 [Thread-1062] INFO  server.AbstractConnector (AbstractConnector.java:doStop(318)) - Stopped ServerConnector@21f34482{HTTP/1.1,[http/1.1]}{0.0.0.0:0}
2019-09-19 14:39:05,927 [Thread-1062] INFO  handler.ContextHandler (ContextHandler.java:doStop(910)) - Stopped o.e.j.s.ServletContextHandler@455b2a1b{/static,jar:file:/home/user/.m2/repository/org/apache/hadoop/hadoop-hdds-container-service/0.5.0-SNAPSHOT/hadoop-hdds-container-service-0.5.0-SNAPSHOT.jar!/webapps/static,UNAVAILABLE}
2019-09-19 14:39:05,928 [Thread-1062] INFO  handler.ContextHandler (ContextHandler.java:doStop(910)) - Stopped o.e.j.s.ServletContextHandler@2a74683c{/logs,file:///workdir/hadoop-ozone/ozonefs/target/log,UNAVAILABLE}
2019-09-19 14:39:05,930 [Thread-1062] INFO  ozone.MiniOzoneClusterImpl (MiniOzoneClusterImpl.java:stop(353)) - Stopping the StorageContainerManager
2019-09-19 14:39:05,930 [Thread-1062] INFO  server.StorageContainerManager (StorageContainerManager.java:stop(797)) - Stopping Replication Manager Service.
2019-09-19 14:39:05,930 [Thread-1062] INFO  container.ReplicationManager (ReplicationManager.java:stop(192)) - Stopping Replication Monitor Thread.
2019-09-19 14:39:05,930 [Thread-1062] INFO  server.StorageContainerManager (StorageContainerManager.java:stop(804)) - Stopping Lease Manager of the command watchers
2019-09-19 14:39:05,930 [Thread-1062] INFO  server.StorageContainerManager (StorageContainerManager.java:stop(811)) - Stopping datanode service RPC server
2019-09-19 14:39:05,931 [Thread-1062] INFO  server.SCMDatanodeProtocolServer (SCMDatanodeProtocolServer.java:stop(367)) - Stopping the RPC server for DataNodes
2019-09-19 14:39:05,931 [Thread-1062] INFO  ipc.Server (Server.java:stop(3082)) - Stopping server on 44101
2019-09-19 14:39:05,934 [IPC Server listener on 44101] INFO  ipc.Server (Server.java:run(1185)) - Stopping IPC Server listener on 44101
2019-09-19 14:39:05,936 [IPC Server Responder] INFO  ipc.Server (Server.java:run(1319)) - Stopping IPC Server Responder
2019-09-19 14:39:06,017 [SCM Heartbeat Processing Thread - 0] WARN  node.NodeStateManager (NodeStateManager.java:scheduleNextHealthCheck(655)) - Current Thread is interrupted, shutting down HB processing thread for Node Manager.
2019-09-19 14:39:06,017 [Thread-1062] INFO  server.StorageContainerManager (StorageContainerManager.java:stop(819)) - Stopping block service RPC server
2019-09-19 14:39:06,017 [Thread-1062] INFO  server.SCMBlockProtocolServer (SCMBlockProtocolServer.java:stop(148)) - Stopping the RPC server for Block Protocol
2019-09-19 14:39:06,017 [Thread-1062] INFO  ipc.Server (Server.java:stop(3082)) - Stopping server on 36847
2019-09-19 14:39:06,019 [Thread-1062] INFO  server.StorageContainerManager (StorageContainerManager.java:stop(826)) - Stopping the StorageContainerLocationProtocol RPC server
2019-09-19 14:39:06,019 [Thread-1062] INFO  server.SCMClientProtocolServer (SCMClientProtocolServer.java:stop(159)) - Stopping the RPC server for Client Protocol
2019-09-19 14:39:06,020 [IPC Server Responder] INFO  ipc.Server (Server.java:run(1319)) - Stopping IPC Server Responder
2019-09-19 14:39:06,020 [IPC Server listener on 36847] INFO  ipc.Server (Server.java:run(1185)) - Stopping IPC Server listener on 36847
2019-09-19 14:39:06,020 [Thread-1062] INFO  ipc.Server (Server.java:stop(3082)) - Stopping server on 43407
2019-09-19 14:39:06,022 [IPC Server listener on 43407] INFO  ipc.Server (Server.java:run(1185)) - Stopping IPC Server listener on 43407
2019-09-19 14:39:06,022 [Thread-1062] INFO  server.StorageContainerManager (StorageContainerManager.java:stop(833)) - Stopping Storage Container Manager HTTP server.
2019-09-19 14:39:06,023 [IPC Server Responder] INFO  ipc.Server (Server.java:run(1319)) - Stopping IPC Server Responder
2019-09-19 14:39:06,024 [Thread-1062] INFO  handler.ContextHandler (ContextHandler.java:doStop(910)) - Stopped o.e.j.w.WebAppContext@457d5772{/,null,UNAVAILABLE}{/scm}
2019-09-19 14:39:06,026 [Thread-1062] INFO  server.AbstractConnector (AbstractConnector.java:doStop(318)) - Stopped ServerConnector@42d751ed{HTTP/1.1,[http/1.1]}{0.0.0.0:0}
2019-09-19 14:39:06,026 [Thread-1062] INFO  handler.ContextHandler (ContextHandler.java:doStop(910)) - Stopped o.e.j.s.ServletContextHandler@5b28c6bb{/static,jar:file:/home/user/.m2/repository/org/apache/hadoop/hadoop-hdds-server-scm/0.5.0-SNAPSHOT/hadoop-hdds-server-scm-0.5.0-SNAPSHOT.jar!/webapps/static,UNAVAILABLE}
2019-09-19 14:39:06,026 [Thread-1062] INFO  handler.ContextHandler (ContextHandler.java:doStop(910)) - Stopped o.e.j.s.ServletContextHandler@371f9489{/logs,file:///workdir/hadoop-ozone/ozonefs/target/log,UNAVAILABLE}
2019-09-19 14:39:06,027 [Thread-1062] INFO  server.StorageContainerManager (StorageContainerManager.java:stop(844)) - Stopping Block Manager Service.
2019-09-19 14:39:06,028 [Thread-1062] INFO  utils.BackgroundService (BackgroundService.java:shutdown(148)) - Shutting down service SCMBlockDeletingService
2019-09-19 14:39:06,029 [Thread-1062] INFO  utils.BackgroundService (BackgroundService.java:shutdown(148)) - Shutting down service SCMBlockDeletingService
2019-09-19 14:39:06,029 [Thread-1062] INFO  server.StorageContainerManager (StorageContainerManager.java:stop(866)) - Stopping SCM Event Queue.
2019-09-19 14:39:06,032 [Thread-1062] INFO  impl.MetricsSystemImpl (MetricsSystemImpl.java:stop(210)) - Stopping HddsDatanode metrics system...
2019-09-19 14:39:06,036 [Thread-1062] INFO  impl.MetricsSystemImpl (MetricsSystemImpl.java:stop(216)) - HddsDatanode metrics system stopped.
]]></system-out>
    <system-err><![CDATA[Sep 19, 2019 2:38:49 PM com.sun.jersey.server.impl.application.WebApplicationImpl _initiate
INFO: Initiating Jersey application, version 'Jersey: 1.19 02/11/2015 03:25 AM'
Sep 19, 2019 2:38:50 PM com.sun.jersey.server.impl.application.WebApplicationImpl _initiate
INFO: Initiating Jersey application, version 'Jersey: 1.19 02/11/2015 03:25 AM'
Sep 19, 2019 2:38:50 PM com.sun.jersey.server.impl.application.WebApplicationImpl _initiate
INFO: Initiating Jersey application, version 'Jersey: 1.19 02/11/2015 03:25 AM'
Sep 19, 2019 2:38:55 PM com.sun.jersey.server.impl.application.WebApplicationImpl _initiate
INFO: Initiating Jersey application, version 'Jersey: 1.19 02/11/2015 03:25 AM'
]]></system-err>
  </testcase>
  <testcase name="testDeleteCreatesFakeParentDir" classname="org.apache.hadoop.fs.ozone.TestOzoneFileSystem" time="17.979">
    <error message="Allocated 0 blocks. Requested 1 blocks" type="INTERNAL_ERROR org.apache.hadoop.ozone.om.exceptions.OMException">INTERNAL_ERROR org.apache.hadoop.ozone.om.exceptions.OMException: Allocated 0 blocks. Requested 1 blocks
	at org.apache.hadoop.ozone.om.protocolPB.OzoneManagerProtocolClientSideTranslatorPB.handleError(OzoneManagerProtocolClientSideTranslatorPB.java:725)
	at org.apache.hadoop.ozone.om.protocolPB.OzoneManagerProtocolClientSideTranslatorPB.createFile(OzoneManagerProtocolClientSideTranslatorPB.java:1474)
	at org.apache.hadoop.ozone.client.rpc.RpcClient.createFile(RpcClient.java:984)
	at org.apache.hadoop.ozone.client.OzoneBucket.createFile(OzoneBucket.java:535)
	at org.apache.hadoop.fs.ozone.BasicOzoneClientAdapterImpl.createFile(BasicOzoneClientAdapterImpl.java:181)
	at org.apache.hadoop.fs.ozone.BasicOzoneFileSystem.createOutputStream(BasicOzoneFileSystem.java:249)
	at org.apache.hadoop.fs.ozone.BasicOzoneFileSystem.create(BasicOzoneFileSystem.java:230)
	at org.apache.hadoop.fs.FileSystem.create(FileSystem.java:1118)
	at org.apache.hadoop.fs.FileSystem.create(FileSystem.java:1098)
	at org.apache.hadoop.fs.FileSystem.create(FileSystem.java:987)
	at org.apache.hadoop.fs.contract.ContractTestUtils.createFile(ContractTestUtils.java:633)
	at org.apache.hadoop.fs.contract.ContractTestUtils.touch(ContractTestUtils.java:669)
	at org.apache.hadoop.fs.ozone.TestOzoneFileSystem.testDeleteCreatesFakeParentDir(TestOzoneFileSystem.java:154)
	at sun.reflect.NativeMethodAccessorImpl.invoke0(Native Method)
	at sun.reflect.NativeMethodAccessorImpl.invoke(NativeMethodAccessorImpl.java:62)
	at sun.reflect.DelegatingMethodAccessorImpl.invoke(DelegatingMethodAccessorImpl.java:43)
	at java.lang.reflect.Method.invoke(Method.java:498)
	at org.junit.runners.model.FrameworkMethod$1.runReflectiveCall(FrameworkMethod.java:47)
	at org.junit.internal.runners.model.ReflectiveCallable.run(ReflectiveCallable.java:12)
	at org.junit.runners.model.FrameworkMethod.invokeExplosively(FrameworkMethod.java:44)
	at org.junit.internal.runners.statements.InvokeMethod.evaluate(InvokeMethod.java:17)
	at org.junit.internal.runners.statements.RunBefores.evaluate(RunBefores.java:26)
	at org.junit.internal.runners.statements.RunAfters.evaluate(RunAfters.java:27)
	at org.junit.internal.runners.statements.FailOnTimeout$StatementThread.run(FailOnTimeout.java:74)
</error>
    <system-out><![CDATA[2019-09-19 14:39:06,089 [Thread-1328] WARN  server.ServerUtils (ServerUtils.java:getScmDbDir(145)) - ozone.scm.db.dirs is not configured. We recommend adding this setting. Falling back to ozone.metadata.dirs instead.
2019-09-19 14:39:06,115 [Thread-1328] WARN  server.ServerUtils (ServerUtils.java:getScmDbDir(145)) - ozone.scm.db.dirs is not configured. We recommend adding this setting. Falling back to ozone.metadata.dirs instead.
2019-09-19 14:39:06,115 [Thread-1328] WARN  server.ServerUtils (ServerUtils.java:getScmDbDir(145)) - ozone.scm.db.dirs is not configured. We recommend adding this setting. Falling back to ozone.metadata.dirs instead.
2019-09-19 14:39:06,116 [Thread-1328] INFO  db.DBStoreBuilder (DBStoreBuilder.java:addTable(110)) - using custom profile for table: deletedBlocks
2019-09-19 14:39:06,116 [Thread-1328] INFO  db.DBStoreBuilder (DBStoreBuilder.java:processTables(161)) - Using default column profile:DBProfile.DISK for Table:deletedBlocks
2019-09-19 14:39:06,116 [Thread-1328] INFO  db.DBStoreBuilder (DBStoreBuilder.java:addTable(110)) - using custom profile for table: validCerts
2019-09-19 14:39:06,116 [Thread-1328] INFO  db.DBStoreBuilder (DBStoreBuilder.java:processTables(161)) - Using default column profile:DBProfile.DISK for Table:validCerts
2019-09-19 14:39:06,116 [Thread-1328] INFO  db.DBStoreBuilder (DBStoreBuilder.java:addTable(110)) - using custom profile for table: revokedCerts
2019-09-19 14:39:06,117 [Thread-1328] INFO  db.DBStoreBuilder (DBStoreBuilder.java:processTables(161)) - Using default column profile:DBProfile.DISK for Table:revokedCerts
2019-09-19 14:39:06,117 [Thread-1328] INFO  db.DBStoreBuilder (DBStoreBuilder.java:addTable(110)) - using custom profile for table: default
2019-09-19 14:39:06,117 [Thread-1328] INFO  db.DBStoreBuilder (DBStoreBuilder.java:processTables(167)) - Using default column profile:DBProfile.DISK for Table:default
2019-09-19 14:39:06,117 [Thread-1328] INFO  db.DBStoreBuilder (DBStoreBuilder.java:getDbProfile(198)) - Using default options. DBProfile.DISK
2019-09-19 14:39:06,415 [Thread-1328] INFO  net.NodeSchemaLoader (NodeSchemaLoader.java:loadSchemaFromFile(125)) - Loading file from sun.misc.CompoundEnumeration@e486a51
2019-09-19 14:39:06,415 [Thread-1328] INFO  net.NodeSchemaLoader (NodeSchemaLoader.java:loadSchema(171)) - Loading network topology layer schema file
2019-09-19 14:39:06,422 [Thread-1328] WARN  server.ServerUtils (ServerUtils.java:sanitizeUserArgs(70)) - ozone.scm.stale.node.interval value = 300000 is larger than max = 100000 based on the key value of ozone.scm.heartbeat.thread.interval, reset to the max value 100000.
2019-09-19 14:39:06,422 [Thread-1328] WARN  server.ServerUtils (ServerUtils.java:sanitizeUserArgs(70)) - ozone.scm.stale.node.interval value = 300000 is larger than max = 100000 based on the key value of ozone.scm.heartbeat.thread.interval, reset to the max value 100000.
2019-09-19 14:39:06,422 [Thread-1328] INFO  node.SCMNodeManager (SCMNodeManager.java:<init>(121)) - Entering startup safe mode.
2019-09-19 14:39:06,423 [Thread-1328] INFO  algorithms.ContainerPlacementPolicyFactory (ContainerPlacementPolicyFactory.java:getPolicy(56)) - Create container placement policy of type org.apache.hadoop.hdds.scm.container.placement.algorithms.SCMContainerPlacementRandom
2019-09-19 14:39:06,423 [Thread-1328] WARN  server.ServerUtils (ServerUtils.java:getScmDbDir(145)) - ozone.scm.db.dirs is not configured. We recommend adding this setting. Falling back to ozone.metadata.dirs instead.
2019-09-19 14:39:06,493 [Thread-1328] INFO  pipeline.SCMPipelineManager (SCMPipelineManager.java:initializePipelineState(126)) - No pipeline exists in current db
2019-09-19 14:39:06,493 [Thread-1328] WARN  server.ServerUtils (ServerUtils.java:getScmDbDir(145)) - ozone.scm.db.dirs is not configured. We recommend adding this setting. Falling back to ozone.metadata.dirs instead.
2019-09-19 14:39:06,602 [Thread-1328] WARN  events.EventQueue (EventQueue.java:fireEvent(175)) - No event handler registered for event TypedEvent{payloadType=SafeModeStatus, name='SafeModeStatus'}
2019-09-19 14:39:06,603 [Thread-1328] INFO  ipc.CallQueueManager (CallQueueManager.java:<init>(84)) - Using callQueue: class java.util.concurrent.LinkedBlockingQueue, queueCapacity: 2000, scheduler: class org.apache.hadoop.ipc.DefaultRpcScheduler, ipcBackoff: false.
2019-09-19 14:39:06,604 [Socket Reader #1 for port 32795] INFO  ipc.Server (Server.java:run(1074)) - Starting Socket Reader #1 for port 32795
2019-09-19 14:39:06,605 [Thread-1328] INFO  ipc.CallQueueManager (CallQueueManager.java:<init>(84)) - Using callQueue: class java.util.concurrent.LinkedBlockingQueue, queueCapacity: 2000, scheduler: class org.apache.hadoop.ipc.DefaultRpcScheduler, ipcBackoff: false.
2019-09-19 14:39:06,606 [Socket Reader #1 for port 39316] INFO  ipc.Server (Server.java:run(1074)) - Starting Socket Reader #1 for port 39316
2019-09-19 14:39:06,607 [Thread-1328] INFO  ipc.CallQueueManager (CallQueueManager.java:<init>(84)) - Using callQueue: class java.util.concurrent.LinkedBlockingQueue, queueCapacity: 2000, scheduler: class org.apache.hadoop.ipc.DefaultRpcScheduler, ipcBackoff: false.
2019-09-19 14:39:06,608 [Socket Reader #1 for port 38168] INFO  ipc.Server (Server.java:run(1074)) - Starting Socket Reader #1 for port 38168
2019-09-19 14:39:06,611 [Thread-1328] INFO  hdfs.DFSUtil (DFSUtil.java:httpServerTemplateForNNAndJN(1641)) - Starting Web-server for scm at: http://0.0.0.0:0
2019-09-19 14:39:06,614 [Thread-1328] INFO  server.AuthenticationFilter (AuthenticationFilter.java:constructSecretProvider(240)) - Unable to initialize FileSignerSecretProvider, falling back to use random secrets.
2019-09-19 14:39:06,615 [Thread-1328] WARN  http.HttpRequestLog (HttpRequestLog.java:getRequestLog(97)) - Jetty request log can only be enabled using Log4j
2019-09-19 14:39:06,617 [Thread-1328] INFO  http.HttpServer2 (HttpServer2.java:addGlobalFilter(975)) - Added global filter 'safety' (class=org.apache.hadoop.http.HttpServer2$QuotingInputFilter)
2019-09-19 14:39:06,618 [Thread-1328] INFO  http.HttpServer2 (HttpServer2.java:addFilter(948)) - Added filter static_user_filter (class=org.apache.hadoop.http.lib.StaticUserWebFilter$StaticUserFilter) to context scm
2019-09-19 14:39:06,618 [Thread-1328] INFO  http.HttpServer2 (HttpServer2.java:addFilter(958)) - Added filter static_user_filter (class=org.apache.hadoop.http.lib.StaticUserWebFilter$StaticUserFilter) to context static
2019-09-19 14:39:06,618 [Thread-1328] INFO  http.HttpServer2 (HttpServer2.java:addFilter(958)) - Added filter static_user_filter (class=org.apache.hadoop.http.lib.StaticUserWebFilter$StaticUserFilter) to context logs
2019-09-19 14:39:06,620 [Thread-1328] INFO  server.StorageContainerManager (StorageContainerManager.java:start(759)) - StorageContainerLocationProtocol RPC server is listening at /0.0.0.0:38168
2019-09-19 14:39:06,622 [Thread-1328] WARN  impl.MetricsConfig (MetricsConfig.java:loadFirst(134)) - Cannot locate configuration: tried hadoop-metrics2-storagecontainermanager.properties,hadoop-metrics2.properties
2019-09-19 14:39:06,623 [Thread-1328] INFO  impl.MetricsSystemImpl (MetricsSystemImpl.java:startTimer(374)) - Scheduled Metric snapshot period at 10 second(s).
2019-09-19 14:39:06,623 [Thread-1328] INFO  impl.MetricsSystemImpl (MetricsSystemImpl.java:start(191)) - StorageContainerManager metrics system started
2019-09-19 14:39:06,686 [Thread-1328] INFO  server.SCMClientProtocolServer (SCMClientProtocolServer.java:start(151)) - RPC server for Client  is listening at /0.0.0.0:38168
2019-09-19 14:39:06,686 [IPC Server Responder] INFO  ipc.Server (Server.java:run(1314)) - IPC Server Responder: starting
2019-09-19 14:39:06,687 [IPC Server listener on 38168] INFO  ipc.Server (Server.java:run(1153)) - IPC Server listener on 38168: starting
2019-09-19 14:39:06,689 [Thread-1328] INFO  server.StorageContainerManager (StorageContainerManager.java:start(769)) - ScmBlockLocationProtocol RPC server is listening at /0.0.0.0:39316
2019-09-19 14:39:06,690 [Thread-1328] INFO  server.SCMBlockProtocolServer (SCMBlockProtocolServer.java:start(140)) - RPC server for Block Protocol is listening at /0.0.0.0:39316
2019-09-19 14:39:06,690 [IPC Server Responder] INFO  ipc.Server (Server.java:run(1314)) - IPC Server Responder: starting
2019-09-19 14:39:06,690 [IPC Server listener on 39316] INFO  ipc.Server (Server.java:run(1153)) - IPC Server listener on 39316: starting
2019-09-19 14:39:06,693 [Thread-1328] INFO  server.StorageContainerManager (StorageContainerManager.java:start(773)) - ScmDatanodeProtocl RPC server is listening at /0.0.0.0:32795
2019-09-19 14:39:06,693 [Thread-1328] INFO  server.SCMDatanodeProtocolServer (SCMDatanodeProtocolServer.java:start(191)) - RPC server for DataNodes is listening at /0.0.0.0:32795
2019-09-19 14:39:06,693 [IPC Server Responder] INFO  ipc.Server (Server.java:run(1314)) - IPC Server Responder: starting
2019-09-19 14:39:06,693 [IPC Server listener on 32795] INFO  ipc.Server (Server.java:run(1153)) - IPC Server listener on 32795: starting
2019-09-19 14:39:06,699 [Thread-1328] INFO  http.HttpServer2 (HttpServer2.java:bindListener(1191)) - Jetty bound to port 34404
2019-09-19 14:39:06,699 [Thread-1328] INFO  server.Server (Server.java:doStart(351)) - jetty-9.3.24.v20180605, build timestamp: 2018-06-05T17:11:56Z, git hash: 84205aa28f11a4f31f2a3b86d1bba2cc8ab69827
2019-09-19 14:39:06,701 [Thread-1328] INFO  handler.ContextHandler (ContextHandler.java:doStart(781)) - Started o.e.j.s.ServletContextHandler@6caf2663{/logs,file:///workdir/hadoop-ozone/ozonefs/target/log,AVAILABLE}
2019-09-19 14:39:06,702 [Thread-1328] INFO  handler.ContextHandler (ContextHandler.java:doStart(781)) - Started o.e.j.s.ServletContextHandler@5f2c3184{/static,jar:file:/home/user/.m2/repository/org/apache/hadoop/hadoop-hdds-server-scm/0.5.0-SNAPSHOT/hadoop-hdds-server-scm-0.5.0-SNAPSHOT.jar!/webapps/static,AVAILABLE}
2019-09-19 14:39:06,749 [Thread-1328] INFO  handler.ContextHandler (ContextHandler.java:doStart(781)) - Started o.e.j.w.WebAppContext@44e73b18{/,file:///tmp/jetty-0.0.0.0-34404-scm-_-any-1215897228262907687.dir/webapp/,AVAILABLE}{/scm}
2019-09-19 14:39:06,749 [Thread-1328] INFO  server.AbstractConnector (AbstractConnector.java:doStart(278)) - Started ServerConnector@42a2762f{HTTP/1.1,[http/1.1]}{0.0.0.0:34404}
2019-09-19 14:39:06,750 [Thread-1328] INFO  server.Server (Server.java:doStart(419)) - Started @97714ms
2019-09-19 14:39:06,751 [Thread-1328] INFO  server.BaseHttpServer (BaseHttpServer.java:updateConnectorAddress(213)) - HTTP server of SCM is listening at http://0.0.0.0:34404
2019-09-19 14:39:06,752 [Thread-1328] WARN  server.ServerUtils (ServerUtils.java:getDBPath(222)) - ozone.om.db.dirs is not configured. We recommend adding this setting. Falling back to ozone.metadata.dirs instead.
2019-09-19 14:39:06,752 [org.apache.hadoop.util.JvmPauseMonitor$Monitor@410831e4] INFO  util.JvmPauseMonitor (JvmPauseMonitor.java:run(188)) - Starting JVM pause monitor
2019-09-19 14:39:06,779 [Thread-1328] WARN  server.ServerUtils (ServerUtils.java:getDBPath(222)) - ozone.om.db.dirs is not configured. We recommend adding this setting. Falling back to ozone.metadata.dirs instead.
2019-09-19 14:39:06,787 [Thread-1328] WARN  server.ServerUtils (ServerUtils.java:getDBPath(222)) - ozone.om.db.dirs is not configured. We recommend adding this setting. Falling back to ozone.metadata.dirs instead.
2019-09-19 14:39:06,788 [Thread-1328] INFO  om.OzoneManager (OzoneManager.java:setOMNodeDetails(645)) - OM Service ID is not set. Setting it to the default ID: omServiceIdDefault
2019-09-19 14:39:06,788 [Thread-1328] INFO  om.OzoneManager (OzoneManager.java:setOMNodeDetails(651)) - OM Node ID is not set. Setting it to the OmStorage's OmID: 1cc21be0-5155-455b-918a-b8131aa8a9e3
2019-09-19 14:39:06,788 [Thread-1328] INFO  om.OzoneManager (OzoneManager.java:loadOMHAConfigs(602)) - Found matching OM address with OMServiceId: null, OMNodeId: null, RPC Address: localhost:0 and Ratis port: 9872
2019-09-19 14:39:06,797 | INFO  | SCMAudit | user=jenkins1000 | ip=192.168.5.132 | op=GET_SCM_INFO null | ret=SUCCESS |  
2019-09-19 14:39:06,800 [Thread-1328] WARN  server.ServerUtils (ServerUtils.java:getDBPath(222)) - ozone.om.db.dirs is not configured. We recommend adding this setting. Falling back to ozone.metadata.dirs instead.
2019-09-19 14:39:06,800 [Thread-1328] INFO  db.DBStoreBuilder (DBStoreBuilder.java:addTable(110)) - using custom profile for table: userTable
2019-09-19 14:39:06,801 [Thread-1328] INFO  db.DBStoreBuilder (DBStoreBuilder.java:processTables(161)) - Using default column profile:DBProfile.DISK for Table:userTable
2019-09-19 14:39:06,801 [Thread-1328] INFO  db.DBStoreBuilder (DBStoreBuilder.java:addTable(110)) - using custom profile for table: volumeTable
2019-09-19 14:39:06,801 [Thread-1328] INFO  db.DBStoreBuilder (DBStoreBuilder.java:processTables(161)) - Using default column profile:DBProfile.DISK for Table:volumeTable
2019-09-19 14:39:06,801 [Thread-1328] INFO  db.DBStoreBuilder (DBStoreBuilder.java:addTable(110)) - using custom profile for table: bucketTable
2019-09-19 14:39:06,801 [Thread-1328] INFO  db.DBStoreBuilder (DBStoreBuilder.java:processTables(161)) - Using default column profile:DBProfile.DISK for Table:bucketTable
2019-09-19 14:39:06,802 [Thread-1328] INFO  db.DBStoreBuilder (DBStoreBuilder.java:addTable(110)) - using custom profile for table: keyTable
2019-09-19 14:39:06,802 [Thread-1328] INFO  db.DBStoreBuilder (DBStoreBuilder.java:processTables(161)) - Using default column profile:DBProfile.DISK for Table:keyTable
2019-09-19 14:39:06,802 [Thread-1328] INFO  db.DBStoreBuilder (DBStoreBuilder.java:addTable(110)) - using custom profile for table: deletedTable
2019-09-19 14:39:06,802 [Thread-1328] INFO  db.DBStoreBuilder (DBStoreBuilder.java:processTables(161)) - Using default column profile:DBProfile.DISK for Table:deletedTable
2019-09-19 14:39:06,803 [Thread-1328] INFO  db.DBStoreBuilder (DBStoreBuilder.java:addTable(110)) - using custom profile for table: openKeyTable
2019-09-19 14:39:06,803 [Thread-1328] INFO  db.DBStoreBuilder (DBStoreBuilder.java:processTables(161)) - Using default column profile:DBProfile.DISK for Table:openKeyTable
2019-09-19 14:39:06,803 [Thread-1328] INFO  db.DBStoreBuilder (DBStoreBuilder.java:addTable(110)) - using custom profile for table: s3Table
2019-09-19 14:39:06,803 [Thread-1328] INFO  db.DBStoreBuilder (DBStoreBuilder.java:processTables(161)) - Using default column profile:DBProfile.DISK for Table:s3Table
2019-09-19 14:39:06,804 [Thread-1328] INFO  db.DBStoreBuilder (DBStoreBuilder.java:addTable(110)) - using custom profile for table: multipartInfoTable
2019-09-19 14:39:06,804 [Thread-1328] INFO  db.DBStoreBuilder (DBStoreBuilder.java:processTables(161)) - Using default column profile:DBProfile.DISK for Table:multipartInfoTable
2019-09-19 14:39:06,804 [Thread-1328] INFO  db.DBStoreBuilder (DBStoreBuilder.java:addTable(110)) - using custom profile for table: dTokenTable
2019-09-19 14:39:06,804 [Thread-1328] INFO  db.DBStoreBuilder (DBStoreBuilder.java:processTables(161)) - Using default column profile:DBProfile.DISK for Table:dTokenTable
2019-09-19 14:39:06,804 [Thread-1328] INFO  db.DBStoreBuilder (DBStoreBuilder.java:addTable(110)) - using custom profile for table: s3SecretTable
2019-09-19 14:39:06,805 [Thread-1328] INFO  db.DBStoreBuilder (DBStoreBuilder.java:processTables(161)) - Using default column profile:DBProfile.DISK for Table:s3SecretTable
2019-09-19 14:39:06,805 [Thread-1328] INFO  db.DBStoreBuilder (DBStoreBuilder.java:addTable(110)) - using custom profile for table: prefixTable
2019-09-19 14:39:06,805 [Thread-1328] INFO  db.DBStoreBuilder (DBStoreBuilder.java:processTables(161)) - Using default column profile:DBProfile.DISK for Table:prefixTable
2019-09-19 14:39:06,805 [Thread-1328] INFO  db.DBStoreBuilder (DBStoreBuilder.java:addTable(110)) - using custom profile for table: default
2019-09-19 14:39:06,805 [Thread-1328] INFO  db.DBStoreBuilder (DBStoreBuilder.java:processTables(167)) - Using default column profile:DBProfile.DISK for Table:default
2019-09-19 14:39:06,806 [Thread-1328] INFO  db.DBStoreBuilder (DBStoreBuilder.java:getDbProfile(198)) - Using default options. DBProfile.DISK
2019-09-19 14:39:07,558 [Thread-1328] INFO  ipc.CallQueueManager (CallQueueManager.java:<init>(84)) - Using callQueue: class java.util.concurrent.LinkedBlockingQueue, queueCapacity: 2000, scheduler: class org.apache.hadoop.ipc.DefaultRpcScheduler, ipcBackoff: false.
2019-09-19 14:39:07,559 [Socket Reader #1 for port 40260] INFO  ipc.Server (Server.java:run(1074)) - Starting Socket Reader #1 for port 40260
2019-09-19 14:39:07,592 [Thread-1328] INFO  om.OzoneManager (OzoneManager.java:start(1256)) - OzoneManager RPC server is listening at localhost/127.0.0.1:40260
2019-09-19 14:39:07,592 [Thread-1328] INFO  impl.MetricsSystemImpl (MetricsSystemImpl.java:init(158)) - OzoneManager metrics system started (again)
2019-09-19 14:39:07,593 [IPC Server Responder] INFO  ipc.Server (Server.java:run(1314)) - IPC Server Responder: starting
2019-09-19 14:39:07,593 [IPC Server listener on 40260] INFO  ipc.Server (Server.java:run(1153)) - IPC Server listener on 40260: starting
2019-09-19 14:39:07,599 [Thread-1328] INFO  hdfs.DFSUtil (DFSUtil.java:httpServerTemplateForNNAndJN(1641)) - Starting Web-server for ozoneManager at: http://0.0.0.0:0
2019-09-19 14:39:07,602 [Thread-1328] INFO  server.AuthenticationFilter (AuthenticationFilter.java:constructSecretProvider(240)) - Unable to initialize FileSignerSecretProvider, falling back to use random secrets.
2019-09-19 14:39:07,602 [Thread-1328] WARN  http.HttpRequestLog (HttpRequestLog.java:getRequestLog(97)) - Jetty request log can only be enabled using Log4j
2019-09-19 14:39:07,604 [Thread-1328] INFO  http.HttpServer2 (HttpServer2.java:addGlobalFilter(975)) - Added global filter 'safety' (class=org.apache.hadoop.http.HttpServer2$QuotingInputFilter)
2019-09-19 14:39:07,605 [Thread-1328] INFO  http.HttpServer2 (HttpServer2.java:addFilter(948)) - Added filter static_user_filter (class=org.apache.hadoop.http.lib.StaticUserWebFilter$StaticUserFilter) to context ozoneManager
2019-09-19 14:39:07,605 [Thread-1328] INFO  http.HttpServer2 (HttpServer2.java:addFilter(958)) - Added filter static_user_filter (class=org.apache.hadoop.http.lib.StaticUserWebFilter$StaticUserFilter) to context logs
2019-09-19 14:39:07,605 [Thread-1328] INFO  http.HttpServer2 (HttpServer2.java:addFilter(958)) - Added filter static_user_filter (class=org.apache.hadoop.http.lib.StaticUserWebFilter$StaticUserFilter) to context static
2019-09-19 14:39:07,606 [Thread-1328] INFO  http.HttpServer2 (HttpServer2.java:bindListener(1191)) - Jetty bound to port 34269
2019-09-19 14:39:07,606 [Thread-1328] INFO  server.Server (Server.java:doStart(351)) - jetty-9.3.24.v20180605, build timestamp: 2018-06-05T17:11:56Z, git hash: 84205aa28f11a4f31f2a3b86d1bba2cc8ab69827
2019-09-19 14:39:07,608 [Thread-1328] INFO  handler.ContextHandler (ContextHandler.java:doStart(781)) - Started o.e.j.s.ServletContextHandler@247e642b{/logs,file:///workdir/hadoop-ozone/ozonefs/target/log,AVAILABLE}
2019-09-19 14:39:07,609 [Thread-1328] INFO  handler.ContextHandler (ContextHandler.java:doStart(781)) - Started o.e.j.s.ServletContextHandler@6a24adc2{/static,jar:file:/home/user/.m2/repository/org/apache/hadoop/hadoop-ozone-ozone-manager/0.5.0-SNAPSHOT/hadoop-ozone-ozone-manager-0.5.0-SNAPSHOT.jar!/webapps/static,AVAILABLE}
2019-09-19 14:39:07,662 [Thread-1328] INFO  handler.ContextHandler (ContextHandler.java:doStart(781)) - Started o.e.j.w.WebAppContext@6ad481d{/,file:///tmp/jetty-0.0.0.0-34269-ozoneManager-_-any-6970273775081169331.dir/webapp/,AVAILABLE}{/ozoneManager}
2019-09-19 14:39:07,662 [Thread-1328] INFO  server.AbstractConnector (AbstractConnector.java:doStart(278)) - Started ServerConnector@3fe17e04{HTTP/1.1,[http/1.1]}{0.0.0.0:34269}
2019-09-19 14:39:07,663 [Thread-1328] INFO  server.Server (Server.java:doStart(419)) - Started @98627ms
2019-09-19 14:39:07,664 [Thread-1328] INFO  server.BaseHttpServer (BaseHttpServer.java:updateConnectorAddress(213)) - HTTP server of OZONEMANAGER is listening at http://0.0.0.0:34269
2019-09-19 14:39:07,684 [Thread-1328] INFO  impl.MetricsSystemImpl (MetricsSystemImpl.java:init(158)) - HddsDatanode metrics system started (again)
2019-09-19 14:39:07,687 [Thread-1328] INFO  ozone.HddsDatanodeService (HddsDatanodeService.java:start(184)) - HddsDatanodeService host:pr-hdds-1569-rzdr8-3403194166 ip:192.168.5.132
2019-09-19 14:39:07,697 [Thread-1328] INFO  volume.HddsVolume (HddsVolume.java:<init>(176)) - Creating Volume: /workdir/hadoop-ozone/ozonefs/target/test-dir/MiniOzoneClusterImpl-67a7c723-2f3b-4843-b7f2-075ee33ae8e7/datanode-0/data/containers/hdds of  storage type : DISK and capacity : 1482555576320
2019-09-19 14:39:07,716 [Thread-1328] INFO  volume.VolumeSet (VolumeSet.java:initializeVolumeSet(170)) - Added Volume : /workdir/hadoop-ozone/ozonefs/target/test-dir/MiniOzoneClusterImpl-67a7c723-2f3b-4843-b7f2-075ee33ae8e7/datanode-0/data/containers/hdds to VolumeSet
2019-09-19 14:39:07,716 [Thread-1328] INFO  volume.ThrottledAsyncChecker (ThrottledAsyncChecker.java:schedule(140)) - Scheduling a check for org.apache.hadoop.ozone.container.common.volume.HddsVolume@79c7d991
2019-09-19 14:39:07,717 [Thread-1328] INFO  volume.HddsVolumeChecker (HddsVolumeChecker.java:checkAllVolumes(203)) - Scheduled health check for volume org.apache.hadoop.ozone.container.common.volume.HddsVolume@79c7d991
2019-09-19 14:39:07,749 [Thread-1328] INFO  impl.RaftServerProxy (ConfUtils.java:logGet(43)) - raft.rpc.type = GRPC (default)
2019-09-19 14:39:07,749 [Thread-1328] INFO  grpc.GrpcFactory (GrpcFactory.java:checkPooledByteBufAllocatorUseCacheForAllThreads(45)) - PERFORMANCE WARNING: useCacheForAllThreads is true that may cause Netty to create a lot garbage objects and, as a result, trigger GC.
	It is recommended to disable useCacheForAllThreads by setting -Dorg.apache.ratis.thirdparty.io.netty.allocator.useCacheForAllThreads=false in command line.
2019-09-19 14:39:07,750 [Thread-1328] INFO  grpc.GrpcConfigKeys$Server (ConfUtils.java:logGet(43)) - raft.grpc.server.port = 0 (default)
2019-09-19 14:39:07,750 [Thread-1328] INFO  server.GrpcService (ConfUtils.java:logGet(43)) - raft.grpc.message.size.max = 33570816 (custom)
2019-09-19 14:39:07,750 [Thread-1328] INFO  server.RaftServerConfigKeys (ConfUtils.java:logGet(43)) - raft.server.log.appender.buffer.byte-limit = 33554432 (custom)
2019-09-19 14:39:07,750 [Thread-1328] INFO  server.GrpcService (ConfUtils.java:logGet(43)) - raft.grpc.flow.control.window = 1MB (=1048576) (default)
2019-09-19 14:39:07,750 [Thread-1328] INFO  server.RaftServerConfigKeys (ConfUtils.java:logGet(43)) - raft.server.rpc.request.timeout = 3000ms (default)
2019-09-19 14:39:07,751 [Thread-1328] INFO  server.RaftServerConfigKeys (ConfUtils.java:logGet(43)) - raft.server.storage.dir = [/workdir/hadoop-ozone/ozonefs/target/test-dir/MiniOzoneClusterImpl-67a7c723-2f3b-4843-b7f2-075ee33ae8e7/datanode-0/data/ratis] (custom)
2019-09-19 14:39:07,752 [Thread-1328] INFO  replication.SimpleContainerDownloader (SimpleContainerDownloader.java:<init>(72)) - Starting container downloader service to copy containers to replicate.
2019-09-19 14:39:07,754 [Thread-1328] INFO  hdfs.DFSUtil (DFSUtil.java:httpServerTemplateForNNAndJN(1641)) - Starting Web-server for hddsDatanode at: http://0.0.0.0:0
2019-09-19 14:39:07,756 [Thread-1328] INFO  server.AuthenticationFilter (AuthenticationFilter.java:constructSecretProvider(240)) - Unable to initialize FileSignerSecretProvider, falling back to use random secrets.
2019-09-19 14:39:07,757 [Thread-1328] WARN  http.HttpRequestLog (HttpRequestLog.java:getRequestLog(97)) - Jetty request log can only be enabled using Log4j
2019-09-19 14:39:07,759 [Thread-1328] INFO  http.HttpServer2 (HttpServer2.java:addGlobalFilter(975)) - Added global filter 'safety' (class=org.apache.hadoop.http.HttpServer2$QuotingInputFilter)
2019-09-19 14:39:07,760 [Thread-1328] INFO  http.HttpServer2 (HttpServer2.java:addFilter(948)) - Added filter static_user_filter (class=org.apache.hadoop.http.lib.StaticUserWebFilter$StaticUserFilter) to context hddsDatanode
2019-09-19 14:39:07,760 [Thread-1328] INFO  http.HttpServer2 (HttpServer2.java:addFilter(958)) - Added filter static_user_filter (class=org.apache.hadoop.http.lib.StaticUserWebFilter$StaticUserFilter) to context logs
2019-09-19 14:39:07,760 [Thread-1328] INFO  http.HttpServer2 (HttpServer2.java:addFilter(958)) - Added filter static_user_filter (class=org.apache.hadoop.http.lib.StaticUserWebFilter$StaticUserFilter) to context static
2019-09-19 14:39:07,761 [Thread-1328] INFO  http.HttpServer2 (HttpServer2.java:bindListener(1191)) - Jetty bound to port 41433
2019-09-19 14:39:07,761 [Thread-1328] INFO  server.Server (Server.java:doStart(351)) - jetty-9.3.24.v20180605, build timestamp: 2018-06-05T17:11:56Z, git hash: 84205aa28f11a4f31f2a3b86d1bba2cc8ab69827
2019-09-19 14:39:07,763 [Thread-1328] INFO  handler.ContextHandler (ContextHandler.java:doStart(781)) - Started o.e.j.s.ServletContextHandler@2d6e3317{/logs,file:///workdir/hadoop-ozone/ozonefs/target/log,AVAILABLE}
2019-09-19 14:39:07,764 [Thread-1328] INFO  handler.ContextHandler (ContextHandler.java:doStart(781)) - Started o.e.j.s.ServletContextHandler@cf374bf{/static,jar:file:/home/user/.m2/repository/org/apache/hadoop/hadoop-hdds-container-service/0.5.0-SNAPSHOT/hadoop-hdds-container-service-0.5.0-SNAPSHOT.jar!/webapps/static,AVAILABLE}
2019-09-19 14:39:07,797 [Thread-1328] INFO  handler.ContextHandler (ContextHandler.java:doStart(781)) - Started o.e.j.w.WebAppContext@433f6bf8{/,file:///tmp/jetty-0.0.0.0-41433-hddsDatanode-_-any-7641000435608302128.dir/webapp/,AVAILABLE}{/hddsDatanode}
2019-09-19 14:39:07,798 [Thread-1328] INFO  server.AbstractConnector (AbstractConnector.java:doStart(278)) - Started ServerConnector@4f3287d{HTTP/1.1,[http/1.1]}{0.0.0.0:41433}
2019-09-19 14:39:07,799 [Thread-1328] INFO  server.Server (Server.java:doStart(419)) - Started @98763ms
2019-09-19 14:39:07,799 [Thread-1328] INFO  server.BaseHttpServer (BaseHttpServer.java:updateConnectorAddress(213)) - HTTP server of HDDSDATANODE is listening at http://0.0.0.0:41433
2019-09-19 14:39:07,925 | INFO  | ObjectStoreRestHttpServer | Listening HDDS REST traffic on /0.0.0.0:45744 |  
2019-09-19 14:39:07,925 [Thread-1328] INFO  ozone.HddsDatanodeService (HddsDatanodeService.java:startPlugins(395)) - Started plug-in org.apache.hadoop.ozone.web.OzoneHddsDatanodeService@17d13805
2019-09-19 14:39:07,925 [Thread-1328] INFO  impl.MetricsSystemImpl (MetricsSystemImpl.java:init(158)) - HddsDatanode metrics system started (again)
2019-09-19 14:39:07,928 [Thread-1328] INFO  ozone.HddsDatanodeService (HddsDatanodeService.java:start(184)) - HddsDatanodeService host:pr-hdds-1569-rzdr8-3403194166 ip:192.168.5.132
2019-09-19 14:39:07,928 [org.apache.hadoop.util.JvmPauseMonitor$Monitor@6ff5574] INFO  util.JvmPauseMonitor (JvmPauseMonitor.java:run(188)) - Starting JVM pause monitor
2019-09-19 14:39:07,932 [Datanode State Machine Thread - 0] INFO  datanode.InitDatanodeState (InitDatanodeState.java:persistContainerDatanodeDetails(140)) - DatanodeDetails is persisted to /workdir/hadoop-ozone/ozonefs/target/test-dir/MiniOzoneClusterImpl-67a7c723-2f3b-4843-b7f2-075ee33ae8e7/datanode-0/meta/datanode.id
2019-09-19 14:39:07,937 [Thread-1328] INFO  volume.HddsVolume (HddsVolume.java:<init>(176)) - Creating Volume: /workdir/hadoop-ozone/ozonefs/target/test-dir/MiniOzoneClusterImpl-67a7c723-2f3b-4843-b7f2-075ee33ae8e7/datanode-1/data/containers/hdds of  storage type : DISK and capacity : 1482555576320
2019-09-19 14:39:07,937 [Thread-1328] INFO  volume.VolumeSet (VolumeSet.java:initializeVolumeSet(170)) - Added Volume : /workdir/hadoop-ozone/ozonefs/target/test-dir/MiniOzoneClusterImpl-67a7c723-2f3b-4843-b7f2-075ee33ae8e7/datanode-1/data/containers/hdds to VolumeSet
2019-09-19 14:39:07,937 [Thread-1328] INFO  volume.ThrottledAsyncChecker (ThrottledAsyncChecker.java:schedule(140)) - Scheduling a check for org.apache.hadoop.ozone.container.common.volume.HddsVolume@53acbe78
2019-09-19 14:39:07,938 [Thread-1328] INFO  volume.HddsVolumeChecker (HddsVolumeChecker.java:checkAllVolumes(203)) - Scheduled health check for volume org.apache.hadoop.ozone.container.common.volume.HddsVolume@53acbe78
2019-09-19 14:39:07,959 [Thread-1328] INFO  impl.RaftServerProxy (ConfUtils.java:logGet(43)) - raft.rpc.type = GRPC (default)
2019-09-19 14:39:07,959 [Thread-1328] INFO  grpc.GrpcFactory (GrpcFactory.java:checkPooledByteBufAllocatorUseCacheForAllThreads(45)) - PERFORMANCE WARNING: useCacheForAllThreads is true that may cause Netty to create a lot garbage objects and, as a result, trigger GC.
	It is recommended to disable useCacheForAllThreads by setting -Dorg.apache.ratis.thirdparty.io.netty.allocator.useCacheForAllThreads=false in command line.
2019-09-19 14:39:07,959 [Thread-1328] INFO  grpc.GrpcConfigKeys$Server (ConfUtils.java:logGet(43)) - raft.grpc.server.port = 0 (default)
2019-09-19 14:39:07,959 [Thread-1328] INFO  server.GrpcService (ConfUtils.java:logGet(43)) - raft.grpc.message.size.max = 33570816 (custom)
2019-09-19 14:39:07,959 [Thread-1328] INFO  server.RaftServerConfigKeys (ConfUtils.java:logGet(43)) - raft.server.log.appender.buffer.byte-limit = 33554432 (custom)
2019-09-19 14:39:07,959 [Thread-1328] INFO  server.GrpcService (ConfUtils.java:logGet(43)) - raft.grpc.flow.control.window = 1MB (=1048576) (default)
2019-09-19 14:39:07,960 [Thread-1328] INFO  server.RaftServerConfigKeys (ConfUtils.java:logGet(43)) - raft.server.rpc.request.timeout = 3000ms (default)
2019-09-19 14:39:07,960 [Thread-1328] INFO  server.RaftServerConfigKeys (ConfUtils.java:logGet(43)) - raft.server.storage.dir = [/workdir/hadoop-ozone/ozonefs/target/test-dir/MiniOzoneClusterImpl-67a7c723-2f3b-4843-b7f2-075ee33ae8e7/datanode-1/data/ratis] (custom)
2019-09-19 14:39:07,960 [Thread-1328] INFO  replication.SimpleContainerDownloader (SimpleContainerDownloader.java:<init>(72)) - Starting container downloader service to copy containers to replicate.
2019-09-19 14:39:07,961 [Thread-1328] INFO  hdfs.DFSUtil (DFSUtil.java:httpServerTemplateForNNAndJN(1641)) - Starting Web-server for hddsDatanode at: http://0.0.0.0:0
2019-09-19 14:39:07,963 [Thread-1328] INFO  server.AuthenticationFilter (AuthenticationFilter.java:constructSecretProvider(240)) - Unable to initialize FileSignerSecretProvider, falling back to use random secrets.
2019-09-19 14:39:07,963 [Thread-1328] WARN  http.HttpRequestLog (HttpRequestLog.java:getRequestLog(97)) - Jetty request log can only be enabled using Log4j
2019-09-19 14:39:07,965 [Thread-1328] INFO  http.HttpServer2 (HttpServer2.java:addGlobalFilter(975)) - Added global filter 'safety' (class=org.apache.hadoop.http.HttpServer2$QuotingInputFilter)
2019-09-19 14:39:07,965 [Thread-1328] INFO  http.HttpServer2 (HttpServer2.java:addFilter(948)) - Added filter static_user_filter (class=org.apache.hadoop.http.lib.StaticUserWebFilter$StaticUserFilter) to context hddsDatanode
2019-09-19 14:39:07,965 [Thread-1328] INFO  http.HttpServer2 (HttpServer2.java:addFilter(958)) - Added filter static_user_filter (class=org.apache.hadoop.http.lib.StaticUserWebFilter$StaticUserFilter) to context logs
2019-09-19 14:39:07,965 [Thread-1328] INFO  http.HttpServer2 (HttpServer2.java:addFilter(958)) - Added filter static_user_filter (class=org.apache.hadoop.http.lib.StaticUserWebFilter$StaticUserFilter) to context static
2019-09-19 14:39:07,966 [Thread-1328] INFO  http.HttpServer2 (HttpServer2.java:bindListener(1191)) - Jetty bound to port 38984
2019-09-19 14:39:07,966 [Thread-1328] INFO  server.Server (Server.java:doStart(351)) - jetty-9.3.24.v20180605, build timestamp: 2018-06-05T17:11:56Z, git hash: 84205aa28f11a4f31f2a3b86d1bba2cc8ab69827
2019-09-19 14:39:07,968 [Thread-1328] INFO  handler.ContextHandler (ContextHandler.java:doStart(781)) - Started o.e.j.s.ServletContextHandler@bb5cc50{/logs,file:///workdir/hadoop-ozone/ozonefs/target/log,AVAILABLE}
2019-09-19 14:39:07,968 [Thread-1328] INFO  handler.ContextHandler (ContextHandler.java:doStart(781)) - Started o.e.j.s.ServletContextHandler@21266303{/static,jar:file:/home/user/.m2/repository/org/apache/hadoop/hadoop-hdds-container-service/0.5.0-SNAPSHOT/hadoop-hdds-container-service-0.5.0-SNAPSHOT.jar!/webapps/static,AVAILABLE}
2019-09-19 14:39:07,994 [Thread-1328] INFO  handler.ContextHandler (ContextHandler.java:doStart(781)) - Started o.e.j.w.WebAppContext@36cc37a6{/,file:///tmp/jetty-0.0.0.0-38984-hddsDatanode-_-any-5102450107876516858.dir/webapp/,AVAILABLE}{/hddsDatanode}
2019-09-19 14:39:07,994 [Thread-1328] INFO  server.AbstractConnector (AbstractConnector.java:doStart(278)) - Started ServerConnector@16a04265{HTTP/1.1,[http/1.1]}{0.0.0.0:38984}
2019-09-19 14:39:07,995 [Thread-1328] INFO  server.Server (Server.java:doStart(419)) - Started @98959ms
2019-09-19 14:39:07,996 [Thread-1328] INFO  server.BaseHttpServer (BaseHttpServer.java:updateConnectorAddress(213)) - HTTP server of HDDSDATANODE is listening at http://0.0.0.0:38984
2019-09-19 14:39:08,119 | INFO  | ObjectStoreRestHttpServer | Listening HDDS REST traffic on /0.0.0.0:40109 |  
2019-09-19 14:39:08,119 [Thread-1328] INFO  ozone.HddsDatanodeService (HddsDatanodeService.java:startPlugins(395)) - Started plug-in org.apache.hadoop.ozone.web.OzoneHddsDatanodeService@190bb3b0
2019-09-19 14:39:08,120 [Thread-1328] INFO  impl.MetricsSystemImpl (MetricsSystemImpl.java:init(158)) - HddsDatanode metrics system started (again)
2019-09-19 14:39:08,122 [org.apache.hadoop.util.JvmPauseMonitor$Monitor@34e875f7] INFO  util.JvmPauseMonitor (JvmPauseMonitor.java:run(188)) - Starting JVM pause monitor
2019-09-19 14:39:08,122 [Thread-1328] INFO  ozone.HddsDatanodeService (HddsDatanodeService.java:start(184)) - HddsDatanodeService host:pr-hdds-1569-rzdr8-3403194166 ip:192.168.5.132
2019-09-19 14:39:08,125 [Datanode State Machine Thread - 0] INFO  datanode.InitDatanodeState (InitDatanodeState.java:persistContainerDatanodeDetails(140)) - DatanodeDetails is persisted to /workdir/hadoop-ozone/ozonefs/target/test-dir/MiniOzoneClusterImpl-67a7c723-2f3b-4843-b7f2-075ee33ae8e7/datanode-1/meta/datanode.id
2019-09-19 14:39:08,135 [Thread-1328] INFO  volume.HddsVolume (HddsVolume.java:<init>(176)) - Creating Volume: /workdir/hadoop-ozone/ozonefs/target/test-dir/MiniOzoneClusterImpl-67a7c723-2f3b-4843-b7f2-075ee33ae8e7/datanode-2/data/containers/hdds of  storage type : DISK and capacity : 1482555576320
2019-09-19 14:39:08,135 [Thread-1328] INFO  volume.VolumeSet (VolumeSet.java:initializeVolumeSet(170)) - Added Volume : /workdir/hadoop-ozone/ozonefs/target/test-dir/MiniOzoneClusterImpl-67a7c723-2f3b-4843-b7f2-075ee33ae8e7/datanode-2/data/containers/hdds to VolumeSet
2019-09-19 14:39:08,135 [Thread-1328] INFO  volume.ThrottledAsyncChecker (ThrottledAsyncChecker.java:schedule(140)) - Scheduling a check for org.apache.hadoop.ozone.container.common.volume.HddsVolume@47770dae
2019-09-19 14:39:08,136 [Thread-1328] INFO  volume.HddsVolumeChecker (HddsVolumeChecker.java:checkAllVolumes(203)) - Scheduled health check for volume org.apache.hadoop.ozone.container.common.volume.HddsVolume@47770dae
2019-09-19 14:39:08,157 [Thread-1328] INFO  impl.RaftServerProxy (ConfUtils.java:logGet(43)) - raft.rpc.type = GRPC (default)
2019-09-19 14:39:08,158 [Thread-1328] INFO  grpc.GrpcFactory (GrpcFactory.java:checkPooledByteBufAllocatorUseCacheForAllThreads(45)) - PERFORMANCE WARNING: useCacheForAllThreads is true that may cause Netty to create a lot garbage objects and, as a result, trigger GC.
	It is recommended to disable useCacheForAllThreads by setting -Dorg.apache.ratis.thirdparty.io.netty.allocator.useCacheForAllThreads=false in command line.
2019-09-19 14:39:08,158 [Thread-1328] INFO  grpc.GrpcConfigKeys$Server (ConfUtils.java:logGet(43)) - raft.grpc.server.port = 0 (default)
2019-09-19 14:39:08,158 [Thread-1328] INFO  server.GrpcService (ConfUtils.java:logGet(43)) - raft.grpc.message.size.max = 33570816 (custom)
2019-09-19 14:39:08,158 [Thread-1328] INFO  server.RaftServerConfigKeys (ConfUtils.java:logGet(43)) - raft.server.log.appender.buffer.byte-limit = 33554432 (custom)
2019-09-19 14:39:08,158 [Thread-1328] INFO  server.GrpcService (ConfUtils.java:logGet(43)) - raft.grpc.flow.control.window = 1MB (=1048576) (default)
2019-09-19 14:39:08,158 [Thread-1328] INFO  server.RaftServerConfigKeys (ConfUtils.java:logGet(43)) - raft.server.rpc.request.timeout = 3000ms (default)
2019-09-19 14:39:08,159 [Thread-1328] INFO  server.RaftServerConfigKeys (ConfUtils.java:logGet(43)) - raft.server.storage.dir = [/workdir/hadoop-ozone/ozonefs/target/test-dir/MiniOzoneClusterImpl-67a7c723-2f3b-4843-b7f2-075ee33ae8e7/datanode-2/data/ratis] (custom)
2019-09-19 14:39:08,159 [Thread-1328] INFO  replication.SimpleContainerDownloader (SimpleContainerDownloader.java:<init>(72)) - Starting container downloader service to copy containers to replicate.
2019-09-19 14:39:08,160 [Thread-1328] INFO  hdfs.DFSUtil (DFSUtil.java:httpServerTemplateForNNAndJN(1641)) - Starting Web-server for hddsDatanode at: http://0.0.0.0:0
2019-09-19 14:39:08,162 [Thread-1328] INFO  server.AuthenticationFilter (AuthenticationFilter.java:constructSecretProvider(240)) - Unable to initialize FileSignerSecretProvider, falling back to use random secrets.
2019-09-19 14:39:08,162 [Thread-1328] WARN  http.HttpRequestLog (HttpRequestLog.java:getRequestLog(97)) - Jetty request log can only be enabled using Log4j
2019-09-19 14:39:08,163 [Thread-1328] INFO  http.HttpServer2 (HttpServer2.java:addGlobalFilter(975)) - Added global filter 'safety' (class=org.apache.hadoop.http.HttpServer2$QuotingInputFilter)
2019-09-19 14:39:08,164 [Thread-1328] INFO  http.HttpServer2 (HttpServer2.java:addFilter(948)) - Added filter static_user_filter (class=org.apache.hadoop.http.lib.StaticUserWebFilter$StaticUserFilter) to context hddsDatanode
2019-09-19 14:39:08,164 [Thread-1328] INFO  http.HttpServer2 (HttpServer2.java:addFilter(958)) - Added filter static_user_filter (class=org.apache.hadoop.http.lib.StaticUserWebFilter$StaticUserFilter) to context static
2019-09-19 14:39:08,164 [Thread-1328] INFO  http.HttpServer2 (HttpServer2.java:addFilter(958)) - Added filter static_user_filter (class=org.apache.hadoop.http.lib.StaticUserWebFilter$StaticUserFilter) to context logs
2019-09-19 14:39:08,165 [Thread-1328] INFO  http.HttpServer2 (HttpServer2.java:bindListener(1191)) - Jetty bound to port 37455
2019-09-19 14:39:08,165 [Thread-1328] INFO  server.Server (Server.java:doStart(351)) - jetty-9.3.24.v20180605, build timestamp: 2018-06-05T17:11:56Z, git hash: 84205aa28f11a4f31f2a3b86d1bba2cc8ab69827
2019-09-19 14:39:08,167 [Thread-1328] INFO  handler.ContextHandler (ContextHandler.java:doStart(781)) - Started o.e.j.s.ServletContextHandler@1285c5bc{/logs,file:///workdir/hadoop-ozone/ozonefs/target/log,AVAILABLE}
2019-09-19 14:39:08,167 [Thread-1328] INFO  handler.ContextHandler (ContextHandler.java:doStart(781)) - Started o.e.j.s.ServletContextHandler@336374b6{/static,jar:file:/home/user/.m2/repository/org/apache/hadoop/hadoop-hdds-container-service/0.5.0-SNAPSHOT/hadoop-hdds-container-service-0.5.0-SNAPSHOT.jar!/webapps/static,AVAILABLE}
2019-09-19 14:39:08,193 [Thread-1328] INFO  handler.ContextHandler (ContextHandler.java:doStart(781)) - Started o.e.j.w.WebAppContext@76e8d322{/,file:///tmp/jetty-0.0.0.0-37455-hddsDatanode-_-any-6991481409952143745.dir/webapp/,AVAILABLE}{/hddsDatanode}
2019-09-19 14:39:08,193 [Thread-1328] INFO  server.AbstractConnector (AbstractConnector.java:doStart(278)) - Started ServerConnector@45d53f0{HTTP/1.1,[http/1.1]}{0.0.0.0:37455}
2019-09-19 14:39:08,194 [Thread-1328] INFO  server.Server (Server.java:doStart(419)) - Started @99158ms
2019-09-19 14:39:08,195 [Thread-1328] INFO  server.BaseHttpServer (BaseHttpServer.java:updateConnectorAddress(213)) - HTTP server of HDDSDATANODE is listening at http://0.0.0.0:37455
2019-09-19 14:39:08,307 | INFO  | ObjectStoreRestHttpServer | Listening HDDS REST traffic on /0.0.0.0:40912 |  
2019-09-19 14:39:08,308 [Thread-1328] INFO  ozone.HddsDatanodeService (HddsDatanodeService.java:startPlugins(395)) - Started plug-in org.apache.hadoop.ozone.web.OzoneHddsDatanodeService@2e27c0e3
2019-09-19 14:39:08,308 [Thread-1328] INFO  ozone.MiniOzoneClusterImpl (MiniOzoneClusterImpl.java:lambda$waitForClusterToBeReady$0(142)) - Waiting for cluster to be ready. Got 0 of 3 DN Heartbeats.
2019-09-19 14:39:08,309 [org.apache.hadoop.util.JvmPauseMonitor$Monitor@397925f2] INFO  util.JvmPauseMonitor (JvmPauseMonitor.java:run(188)) - Starting JVM pause monitor
2019-09-19 14:39:08,311 [Datanode State Machine Thread - 0] INFO  datanode.InitDatanodeState (InitDatanodeState.java:persistContainerDatanodeDetails(140)) - DatanodeDetails is persisted to /workdir/hadoop-ozone/ozonefs/target/test-dir/MiniOzoneClusterImpl-67a7c723-2f3b-4843-b7f2-075ee33ae8e7/datanode-2/meta/datanode.id
2019-09-19 14:39:09,309 [Thread-1328] INFO  ozone.MiniOzoneClusterImpl (MiniOzoneClusterImpl.java:lambda$waitForClusterToBeReady$0(142)) - Waiting for cluster to be ready. Got 0 of 3 DN Heartbeats.
2019-09-19 14:39:09,934 | INFO  | SCMAudit | user=jenkins1000 | ip=192.168.5.132 | op=GET_VERSION null | ret=SUCCESS |  
2019-09-19 14:39:09,970 [Datanode State Machine Thread - 0] INFO  ozoneimpl.OzoneContainer (OzoneContainer.java:start(186)) - Attempting to start container services.
2019-09-19 14:39:09,971 [Datanode State Machine Thread - 0] INFO  ozoneimpl.OzoneContainer (OzoneContainer.java:startContainerScrub(160)) - Background container scrubber has been disabled by hdds.containerscrub.enabled
2019-09-19 14:39:09,971 [Datanode State Machine Thread - 0] INFO  ratis.XceiverServerRatis (XceiverServerRatis.java:start(404)) - Starting XceiverServerRatis 0a9408fa-2e62-4e77-a585-841a9d73d83b at port 0
2019-09-19 14:39:09,978 [Datanode State Machine Thread - 0] INFO  impl.RaftServerProxy (RaftServerProxy.java:lambda$start$3(299)) - 0a9408fa-2e62-4e77-a585-841a9d73d83b: start RPC server
2019-09-19 14:39:09,981 [Datanode State Machine Thread - 0] INFO  server.GrpcService (GrpcService.java:startImpl(149)) - 0a9408fa-2e62-4e77-a585-841a9d73d83b: GrpcService started, listening on 0.0.0.0/0.0.0.0:39372
2019-09-19 14:39:09,981 [Datanode State Machine Thread - 0] INFO  ratis.XceiverServerRatis (XceiverServerRatis.java:start(414)) - XceiverServerRatis 0a9408fa-2e62-4e77-a585-841a9d73d83b is started using port 39372
2019-09-19 14:39:09,981 [Datanode State Machine Thread - 0] INFO  server.XceiverServerGrpc (XceiverServerGrpc.java:start(163)) - XceiverServerGrpc 0a9408fa-2e62-4e77-a585-841a9d73d83b is started using port 46723
2019-09-19 14:39:10,123 | INFO  | SCMAudit | user=jenkins1000 | ip=192.168.5.132 | op=GET_VERSION null | ret=SUCCESS |  
2019-09-19 14:39:10,140 [Datanode State Machine Thread - 0] INFO  ozoneimpl.OzoneContainer (OzoneContainer.java:start(186)) - Attempting to start container services.
2019-09-19 14:39:10,140 [Datanode State Machine Thread - 0] INFO  ozoneimpl.OzoneContainer (OzoneContainer.java:startContainerScrub(160)) - Background container scrubber has been disabled by hdds.containerscrub.enabled
2019-09-19 14:39:10,140 [Datanode State Machine Thread - 0] INFO  ratis.XceiverServerRatis (XceiverServerRatis.java:start(404)) - Starting XceiverServerRatis 5147d002-be4b-4fe2-a9d1-e346690982a9 at port 0
2019-09-19 14:39:10,147 [Datanode State Machine Thread - 0] INFO  impl.RaftServerProxy (RaftServerProxy.java:lambda$start$3(299)) - 5147d002-be4b-4fe2-a9d1-e346690982a9: start RPC server
2019-09-19 14:39:10,148 [Datanode State Machine Thread - 0] INFO  server.GrpcService (GrpcService.java:startImpl(149)) - 5147d002-be4b-4fe2-a9d1-e346690982a9: GrpcService started, listening on 0.0.0.0/0.0.0.0:37174
2019-09-19 14:39:10,148 [Datanode State Machine Thread - 0] INFO  ratis.XceiverServerRatis (XceiverServerRatis.java:start(414)) - XceiverServerRatis 5147d002-be4b-4fe2-a9d1-e346690982a9 is started using port 37174
2019-09-19 14:39:10,149 [Datanode State Machine Thread - 0] INFO  server.XceiverServerGrpc (XceiverServerGrpc.java:start(163)) - XceiverServerGrpc 5147d002-be4b-4fe2-a9d1-e346690982a9 is started using port 38918
2019-09-19 14:39:10,309 [Thread-1328] INFO  ozone.MiniOzoneClusterImpl (MiniOzoneClusterImpl.java:lambda$waitForClusterToBeReady$0(142)) - Waiting for cluster to be ready. Got 0 of 3 DN Heartbeats.
2019-09-19 14:39:10,311 | INFO  | SCMAudit | user=jenkins1000 | ip=192.168.5.132 | op=GET_VERSION null | ret=SUCCESS |  
2019-09-19 14:39:10,335 [Datanode State Machine Thread - 0] INFO  ozoneimpl.OzoneContainer (OzoneContainer.java:start(186)) - Attempting to start container services.
2019-09-19 14:39:10,335 [Datanode State Machine Thread - 0] INFO  ozoneimpl.OzoneContainer (OzoneContainer.java:startContainerScrub(160)) - Background container scrubber has been disabled by hdds.containerscrub.enabled
2019-09-19 14:39:10,335 [Datanode State Machine Thread - 0] INFO  ratis.XceiverServerRatis (XceiverServerRatis.java:start(404)) - Starting XceiverServerRatis d7fb301a-31fb-49ad-b00e-9dfe8c13a3d5 at port 0
2019-09-19 14:39:10,342 [Datanode State Machine Thread - 0] INFO  impl.RaftServerProxy (RaftServerProxy.java:lambda$start$3(299)) - d7fb301a-31fb-49ad-b00e-9dfe8c13a3d5: start RPC server
2019-09-19 14:39:10,343 [Datanode State Machine Thread - 0] INFO  server.GrpcService (GrpcService.java:startImpl(149)) - d7fb301a-31fb-49ad-b00e-9dfe8c13a3d5: GrpcService started, listening on 0.0.0.0/0.0.0.0:40457
2019-09-19 14:39:10,343 [Datanode State Machine Thread - 0] INFO  ratis.XceiverServerRatis (XceiverServerRatis.java:start(414)) - XceiverServerRatis d7fb301a-31fb-49ad-b00e-9dfe8c13a3d5 is started using port 40457
2019-09-19 14:39:10,344 [Datanode State Machine Thread - 0] INFO  server.XceiverServerGrpc (XceiverServerGrpc.java:start(163)) - XceiverServerGrpc d7fb301a-31fb-49ad-b00e-9dfe8c13a3d5 is started using port 35636
2019-09-19 14:39:11,309 [Thread-1328] INFO  ozone.MiniOzoneClusterImpl (MiniOzoneClusterImpl.java:lambda$waitForClusterToBeReady$0(142)) - Waiting for cluster to be ready. Got 0 of 3 DN Heartbeats.
2019-09-19 14:39:11,933 [IPC Server handler 0 on 32795] INFO  net.NetworkTopology (NetworkTopologyImpl.java:add(110)) - Added a new node: /default-rack/0a9408fa-2e62-4e77-a585-841a9d73d83b
2019-09-19 14:39:11,935 [IPC Server handler 0 on 32795] INFO  node.SCMNodeManager (SCMNodeManager.java:register(273)) - Registered Data node : 0a9408fa-2e62-4e77-a585-841a9d73d83b{ip: 192.168.5.132, host: pr-hdds-1569-rzdr8-3403194166, networkLocation: /default-rack, certSerialId: null}
2019-09-19 14:39:11,936 [EventQueue-NodeRegistrationContainerReportForDataNodeSafeModeRule] INFO  safemode.SCMSafeModeManager (DataNodeSafeModeRule.java:process(71)) - SCM in safe mode. 1 DataNodes registered, 1 required.
2019-09-19 14:39:11,938 [EventQueue-NodeRegistrationContainerReportForContainerSafeModeRule] INFO  safemode.SCMSafeModeManager (SCMSafeModeManager.java:validateSafeModeExitRules(177)) - ScmSafeModeManager, all rules are successfully validated
2019-09-19 14:39:11,938 [EventQueue-NodeRegistrationContainerReportForContainerSafeModeRule] INFO  safemode.SCMSafeModeManager (SCMSafeModeManager.java:exitSafeMode(193)) - SCM exiting safe mode.
2019-09-19 14:39:11,938 | INFO  | SCMAudit | user=jenkins1000 | ip=192.168.5.132 | op=REGISTER {datanodeDetails=0a9408fa-2e62-4e77-a585-841a9d73d83b{ip: 192.168.5.132, host: pr-hdds-1569-rzdr8-3403194166, networkLocation: /default-rack, certSerialId: null}} | ret=SUCCESS |  
2019-09-19 14:39:11,948 [grpc-default-executor-0] INFO  impl.RaftServerProxy (RaftServerProxy.java:addNew(89)) - 0a9408fa-2e62-4e77-a585-841a9d73d83b: addNew group-AE5D0BF55BB2:[0a9408fa-2e62-4e77-a585-841a9d73d83b:192.168.5.132:39372] returns group-AE5D0BF55BB2:java.util.concurrent.CompletableFuture@60251cd3[Not completed]
2019-09-19 14:39:11,949 [pool-292-thread-1] INFO  impl.RaftServerImpl (RaftServerImpl.java:<init>(93)) - 0a9408fa-2e62-4e77-a585-841a9d73d83b: new RaftServerImpl for group-AE5D0BF55BB2:[0a9408fa-2e62-4e77-a585-841a9d73d83b:192.168.5.132:39372] with ContainerStateMachine:uninitialized
2019-09-19 14:39:11,950 [pool-292-thread-1] INFO  server.RaftServerConfigKeys (ConfUtils.java:logGet(43)) - raft.server.rpc.timeout.min = 5s (custom)
2019-09-19 14:39:11,950 [pool-292-thread-1] INFO  server.RaftServerConfigKeys (ConfUtils.java:logGet(43)) - raft.server.rpc.timeout.max = 5200ms (custom)
2019-09-19 14:39:11,950 [pool-292-thread-1] INFO  server.RaftServerConfigKeys (ConfUtils.java:logGet(43)) - raft.server.rpcslowness.timeout = 120s (custom)
2019-09-19 14:39:11,950 [pool-292-thread-1] INFO  server.RaftServerConfigKeys (ConfUtils.java:logGet(43)) - raft.server.sleep.deviation.threshold = 300 (default)
2019-09-19 14:39:11,950 [pool-292-thread-1] INFO  server.RaftServerConfigKeys (ConfUtils.java:logGet(43)) - raft.server.log.appender.install.snapshot.enabled = false (custom)
2019-09-19 14:39:11,950 [pool-292-thread-1] INFO  impl.RaftServerImpl (ServerState.java:<init>(105)) - 0a9408fa-2e62-4e77-a585-841a9d73d83b:group-AE5D0BF55BB2 ConfigurationManager, init=-1: [0a9408fa-2e62-4e77-a585-841a9d73d83b:192.168.5.132:39372], old=null, confs=<EMPTY_MAP>
2019-09-19 14:39:11,950 [pool-292-thread-1] INFO  server.RaftServerConfigKeys (ConfUtils.java:logGet(43)) - raft.server.storage.dir = [/workdir/hadoop-ozone/ozonefs/target/test-dir/MiniOzoneClusterImpl-67a7c723-2f3b-4843-b7f2-075ee33ae8e7/datanode-0/data/ratis] (custom)
2019-09-19 14:39:11,951 [pool-292-thread-1] INFO  storage.RaftStorageDirectory (RaftStorageDirectory.java:analyzeStorage(246)) - The storage directory /workdir/hadoop-ozone/ozonefs/target/test-dir/MiniOzoneClusterImpl-67a7c723-2f3b-4843-b7f2-075ee33ae8e7/datanode-0/data/ratis/6e1c3963-1c4f-4e83-b81e-ae5d0bf55bb2 does not exist. Creating ...
2019-09-19 14:39:11,979 [pool-292-thread-1] INFO  storage.RaftStorageDirectory (RaftStorageDirectory.java:tryLock(328)) - Lock on /workdir/hadoop-ozone/ozonefs/target/test-dir/MiniOzoneClusterImpl-67a7c723-2f3b-4843-b7f2-075ee33ae8e7/datanode-0/data/ratis/6e1c3963-1c4f-4e83-b81e-ae5d0bf55bb2/in_use.lock acquired by nodename 25220@pr-hdds-1569-rzdr8-3403194166
2019-09-19 14:39:12,002 [pool-292-thread-1] INFO  storage.RaftStorage (RaftStorage.java:format(72)) - Storage directory /workdir/hadoop-ozone/ozonefs/target/test-dir/MiniOzoneClusterImpl-67a7c723-2f3b-4843-b7f2-075ee33ae8e7/datanode-0/data/ratis/6e1c3963-1c4f-4e83-b81e-ae5d0bf55bb2 has been successfully formatted.
2019-09-19 14:39:12,003 [pool-292-thread-1] INFO  ratis.ContainerStateMachine (ContainerStateMachine.java:loadSnapshot(226)) - group-AE5D0BF55BB2: The snapshot info is null. Setting the last applied indexto:(t:0, i:~)
2019-09-19 14:39:12,003 [pool-292-thread-1] INFO  server.RaftServerConfigKeys (ConfUtils.java:logGet(43)) - raft.server.leader.election.timeout = 120s (custom)
2019-09-19 14:39:12,003 [pool-292-thread-1] INFO  server.RaftServerConfigKeys (ConfUtils.java:logGet(43)) - raft.server.log.use.memory = false (default)
2019-09-19 14:39:12,003 [pool-292-thread-1] INFO  server.RaftServerConfigKeys (ConfUtils.java:logGet(43)) - raft.server.log.purge.gap = 1000000 (custom)
2019-09-19 14:39:12,003 [pool-292-thread-1] INFO  server.RaftServerConfigKeys (ConfUtils.java:logGet(43)) - raft.server.log.appender.buffer.byte-limit = 33554432 (custom)
2019-09-19 14:39:12,003 [pool-292-thread-1] INFO  server.RaftServerConfigKeys (ConfUtils.java:logGet(43)) - raft.server.log.segment.size.max = 1048576 (custom)
2019-09-19 14:39:12,004 [pool-292-thread-1] INFO  server.RaftServerConfigKeys (ConfUtils.java:logGet(43)) - raft.server.log.segment.cache.num.max = 2 (custom)
2019-09-19 14:39:12,004 [pool-292-thread-1] INFO  segmented.SegmentedRaftLogWorker (SegmentedRaftLogWorker.java:<init>(172)) - new 0a9408fa-2e62-4e77-a585-841a9d73d83b-SegmentedRaftLogWorker:Storage Directory /workdir/hadoop-ozone/ozonefs/target/test-dir/MiniOzoneClusterImpl-67a7c723-2f3b-4843-b7f2-075ee33ae8e7/datanode-0/data/ratis/6e1c3963-1c4f-4e83-b81e-ae5d0bf55bb2 for RaftStorage:Storage Directory /workdir/hadoop-ozone/ozonefs/target/test-dir/MiniOzoneClusterImpl-67a7c723-2f3b-4843-b7f2-075ee33ae8e7/datanode-0/data/ratis/6e1c3963-1c4f-4e83-b81e-ae5d0bf55bb2
2019-09-19 14:39:12,004 [pool-292-thread-1] INFO  server.RaftServerConfigKeys (ConfUtils.java:logGet(43)) - raft.server.log.queue.byte-limit = 2147483647 (custom)
2019-09-19 14:39:12,004 [pool-292-thread-1] INFO  server.RaftServerConfigKeys (ConfUtils.java:logGet(43)) - raft.server.log.queue.element-limit = 1024 (custom)
2019-09-19 14:39:12,005 [pool-292-thread-1] INFO  server.RaftServerConfigKeys (ConfUtils.java:logGet(43)) - raft.server.log.segment.size.max = 1048576 (custom)
2019-09-19 14:39:12,005 [pool-292-thread-1] INFO  server.RaftServerConfigKeys (ConfUtils.java:logGet(43)) - raft.server.log.preallocated.size = 16384 (custom)
2019-09-19 14:39:12,005 [pool-292-thread-1] INFO  server.RaftServerConfigKeys (ConfUtils.java:logGet(43)) - raft.server.log.write.buffer.size = 33554432 (custom)
2019-09-19 14:39:12,005 [pool-292-thread-1] INFO  server.RaftServerConfigKeys (ConfUtils.java:logGet(43)) - raft.server.log.force.sync.num = 128 (default)
2019-09-19 14:39:12,005 [pool-292-thread-1] INFO  server.RaftServerConfigKeys (ConfUtils.java:logGet(43)) - raft.server.log.statemachine.data.sync = true (default)
2019-09-19 14:39:12,005 [pool-292-thread-1] INFO  server.RaftServerConfigKeys (ConfUtils.java:logGet(43)) - raft.server.log.statemachine.data.sync.timeout = 10s (default)
2019-09-19 14:39:12,005 [pool-292-thread-1] INFO  server.RaftServerConfigKeys (ConfUtils.java:logGet(43)) - raft.server.log.statemachine.data.sync.timeout.retry = -1 (default)
2019-09-19 14:39:12,006 [pool-292-thread-1] INFO  server.RaftServerConfigKeys (ConfUtils.java:logGet(43)) - raft.server.log.statemachine.data.caching.enabled = true (custom)
2019-09-19 14:39:12,006 [pool-292-thread-1] INFO  segmented.SegmentedRaftLogWorker (SegmentedRaftLogWorker.java:lambda$new$0(132)) - 0a9408fa-2e62-4e77-a585-841a9d73d83b-SegmentedRaftLogWorker:Storage Directory /workdir/hadoop-ozone/ozonefs/target/test-dir/MiniOzoneClusterImpl-67a7c723-2f3b-4843-b7f2-075ee33ae8e7/datanode-0/data/ratis/6e1c3963-1c4f-4e83-b81e-ae5d0bf55bb2: flushIndex: setUnconditionally 0 -> -1
2019-09-19 14:39:12,006 [pool-292-thread-1] INFO  server.RaftServerConfigKeys (ConfUtils.java:logGet(43)) - raft.server.snapshot.auto.trigger.enabled = true (custom)
2019-09-19 14:39:12,007 [pool-292-thread-1] INFO  server.RaftServerConfigKeys (ConfUtils.java:logGet(43)) - raft.server.snapshot.auto.trigger.threshold = 10000 (custom)
2019-09-19 14:39:12,007 [pool-292-thread-1] INFO  server.RaftServerConfigKeys (ConfUtils.java:logGet(43)) - raft.server.retrycache.expirytime = 600000ms (custom)
2019-09-19 14:39:12,007 [pool-292-thread-1] INFO  impl.RaftServerImpl (RaftServerImpl.java:start(180)) - 0a9408fa-2e62-4e77-a585-841a9d73d83b: start group-AE5D0BF55BB2
2019-09-19 14:39:12,007 [pool-292-thread-1] INFO  impl.RaftServerImpl (RaftServerImpl.java:setRole(171)) - 0a9408fa-2e62-4e77-a585-841a9d73d83b:group-AE5D0BF55BB2 changes role from null to FOLLOWER at term 0 for startAsFollower
2019-09-19 14:39:12,007 [pool-292-thread-1] INFO  impl.RoleInfo (RoleInfo.java:updateAndGet(143)) - 0a9408fa-2e62-4e77-a585-841a9d73d83b: start FollowerState
2019-09-19 14:39:12,008 [pool-292-thread-1] INFO  util.JmxRegister (JmxRegister.java:tryRegister(44)) - Successfully registered JMX Bean with object name Ratis:service=RaftServer,group=group-AE5D0BF55BB2,id=0a9408fa-2e62-4e77-a585-841a9d73d83b
2019-09-19 14:39:12,011 [RatisPipelineUtilsThread] INFO  pipeline.PipelineStateManager (PipelineStateManager.java:addPipeline(56)) - Created pipeline Pipeline[ Id: 6e1c3963-1c4f-4e83-b81e-ae5d0bf55bb2, Nodes: 0a9408fa-2e62-4e77-a585-841a9d73d83b{ip: 192.168.5.132, host: pr-hdds-1569-rzdr8-3403194166, networkLocation: /default-rack, certSerialId: null}, Type:RATIS, Factor:ONE, State:OPEN]
2019-09-19 14:39:12,016 [grpc-default-executor-0] INFO  impl.RaftServerProxy (RaftServerProxy.java:addNew(89)) - 0a9408fa-2e62-4e77-a585-841a9d73d83b: addNew group-6DD156E496BC:[0a9408fa-2e62-4e77-a585-841a9d73d83b:192.168.5.132:39372] returns group-6DD156E496BC:java.util.concurrent.CompletableFuture@518fbef7[Not completed]
2019-09-19 14:39:12,017 [pool-292-thread-1] INFO  impl.RaftServerImpl (RaftServerImpl.java:<init>(93)) - 0a9408fa-2e62-4e77-a585-841a9d73d83b: new RaftServerImpl for group-6DD156E496BC:[0a9408fa-2e62-4e77-a585-841a9d73d83b:192.168.5.132:39372] with ContainerStateMachine:uninitialized
2019-09-19 14:39:12,017 [pool-292-thread-1] INFO  server.RaftServerConfigKeys (ConfUtils.java:logGet(43)) - raft.server.rpc.timeout.min = 5s (custom)
2019-09-19 14:39:12,018 [pool-292-thread-1] INFO  server.RaftServerConfigKeys (ConfUtils.java:logGet(43)) - raft.server.rpc.timeout.max = 5200ms (custom)
2019-09-19 14:39:12,018 [pool-292-thread-1] INFO  server.RaftServerConfigKeys (ConfUtils.java:logGet(43)) - raft.server.rpcslowness.timeout = 120s (custom)
2019-09-19 14:39:12,018 [pool-292-thread-1] INFO  server.RaftServerConfigKeys (ConfUtils.java:logGet(43)) - raft.server.sleep.deviation.threshold = 300 (default)
2019-09-19 14:39:12,018 [pool-292-thread-1] INFO  server.RaftServerConfigKeys (ConfUtils.java:logGet(43)) - raft.server.log.appender.install.snapshot.enabled = false (custom)
2019-09-19 14:39:12,018 [pool-292-thread-1] INFO  impl.RaftServerImpl (ServerState.java:<init>(105)) - 0a9408fa-2e62-4e77-a585-841a9d73d83b:group-6DD156E496BC ConfigurationManager, init=-1: [0a9408fa-2e62-4e77-a585-841a9d73d83b:192.168.5.132:39372], old=null, confs=<EMPTY_MAP>
2019-09-19 14:39:12,018 [pool-292-thread-1] INFO  server.RaftServerConfigKeys (ConfUtils.java:logGet(43)) - raft.server.storage.dir = [/workdir/hadoop-ozone/ozonefs/target/test-dir/MiniOzoneClusterImpl-67a7c723-2f3b-4843-b7f2-075ee33ae8e7/datanode-0/data/ratis] (custom)
2019-09-19 14:39:12,018 [pool-292-thread-1] INFO  storage.RaftStorageDirectory (RaftStorageDirectory.java:analyzeStorage(246)) - The storage directory /workdir/hadoop-ozone/ozonefs/target/test-dir/MiniOzoneClusterImpl-67a7c723-2f3b-4843-b7f2-075ee33ae8e7/datanode-0/data/ratis/379ec2fd-57dc-41c8-b74a-6dd156e496bc does not exist. Creating ...
2019-09-19 14:39:12,041 [pool-292-thread-1] INFO  storage.RaftStorageDirectory (RaftStorageDirectory.java:tryLock(328)) - Lock on /workdir/hadoop-ozone/ozonefs/target/test-dir/MiniOzoneClusterImpl-67a7c723-2f3b-4843-b7f2-075ee33ae8e7/datanode-0/data/ratis/379ec2fd-57dc-41c8-b74a-6dd156e496bc/in_use.lock acquired by nodename 25220@pr-hdds-1569-rzdr8-3403194166
2019-09-19 14:39:12,064 [pool-292-thread-1] INFO  storage.RaftStorage (RaftStorage.java:format(72)) - Storage directory /workdir/hadoop-ozone/ozonefs/target/test-dir/MiniOzoneClusterImpl-67a7c723-2f3b-4843-b7f2-075ee33ae8e7/datanode-0/data/ratis/379ec2fd-57dc-41c8-b74a-6dd156e496bc has been successfully formatted.
2019-09-19 14:39:12,064 [pool-292-thread-1] INFO  ratis.ContainerStateMachine (ContainerStateMachine.java:loadSnapshot(226)) - group-6DD156E496BC: The snapshot info is null. Setting the last applied indexto:(t:0, i:~)
2019-09-19 14:39:12,064 [pool-292-thread-1] INFO  server.RaftServerConfigKeys (ConfUtils.java:logGet(43)) - raft.server.leader.election.timeout = 120s (custom)
2019-09-19 14:39:12,064 [pool-292-thread-1] INFO  server.RaftServerConfigKeys (ConfUtils.java:logGet(43)) - raft.server.log.use.memory = false (default)
2019-09-19 14:39:12,064 [pool-292-thread-1] INFO  server.RaftServerConfigKeys (ConfUtils.java:logGet(43)) - raft.server.log.purge.gap = 1000000 (custom)
2019-09-19 14:39:12,065 [pool-292-thread-1] INFO  server.RaftServerConfigKeys (ConfUtils.java:logGet(43)) - raft.server.log.appender.buffer.byte-limit = 33554432 (custom)
2019-09-19 14:39:12,065 [pool-292-thread-1] INFO  server.RaftServerConfigKeys (ConfUtils.java:logGet(43)) - raft.server.log.segment.size.max = 1048576 (custom)
2019-09-19 14:39:12,065 [pool-292-thread-1] INFO  server.RaftServerConfigKeys (ConfUtils.java:logGet(43)) - raft.server.log.segment.cache.num.max = 2 (custom)
2019-09-19 14:39:12,065 [pool-292-thread-1] INFO  segmented.SegmentedRaftLogWorker (SegmentedRaftLogWorker.java:<init>(172)) - new 0a9408fa-2e62-4e77-a585-841a9d73d83b-SegmentedRaftLogWorker:Storage Directory /workdir/hadoop-ozone/ozonefs/target/test-dir/MiniOzoneClusterImpl-67a7c723-2f3b-4843-b7f2-075ee33ae8e7/datanode-0/data/ratis/379ec2fd-57dc-41c8-b74a-6dd156e496bc for RaftStorage:Storage Directory /workdir/hadoop-ozone/ozonefs/target/test-dir/MiniOzoneClusterImpl-67a7c723-2f3b-4843-b7f2-075ee33ae8e7/datanode-0/data/ratis/379ec2fd-57dc-41c8-b74a-6dd156e496bc
2019-09-19 14:39:12,065 [pool-292-thread-1] INFO  server.RaftServerConfigKeys (ConfUtils.java:logGet(43)) - raft.server.log.queue.byte-limit = 2147483647 (custom)
2019-09-19 14:39:12,065 [pool-292-thread-1] INFO  server.RaftServerConfigKeys (ConfUtils.java:logGet(43)) - raft.server.log.queue.element-limit = 1024 (custom)
2019-09-19 14:39:12,065 [pool-292-thread-1] INFO  server.RaftServerConfigKeys (ConfUtils.java:logGet(43)) - raft.server.log.segment.size.max = 1048576 (custom)
2019-09-19 14:39:12,066 [pool-292-thread-1] INFO  server.RaftServerConfigKeys (ConfUtils.java:logGet(43)) - raft.server.log.preallocated.size = 16384 (custom)
2019-09-19 14:39:12,066 [pool-292-thread-1] INFO  server.RaftServerConfigKeys (ConfUtils.java:logGet(43)) - raft.server.log.write.buffer.size = 33554432 (custom)
2019-09-19 14:39:12,066 [pool-292-thread-1] INFO  server.RaftServerConfigKeys (ConfUtils.java:logGet(43)) - raft.server.log.force.sync.num = 128 (default)
2019-09-19 14:39:12,066 [pool-292-thread-1] INFO  server.RaftServerConfigKeys (ConfUtils.java:logGet(43)) - raft.server.log.statemachine.data.sync = true (default)
2019-09-19 14:39:12,066 [pool-292-thread-1] INFO  server.RaftServerConfigKeys (ConfUtils.java:logGet(43)) - raft.server.log.statemachine.data.sync.timeout = 10s (default)
2019-09-19 14:39:12,066 [pool-292-thread-1] INFO  server.RaftServerConfigKeys (ConfUtils.java:logGet(43)) - raft.server.log.statemachine.data.sync.timeout.retry = -1 (default)
2019-09-19 14:39:12,066 [pool-292-thread-1] INFO  server.RaftServerConfigKeys (ConfUtils.java:logGet(43)) - raft.server.log.statemachine.data.caching.enabled = true (custom)
2019-09-19 14:39:12,067 [pool-292-thread-1] INFO  segmented.SegmentedRaftLogWorker (SegmentedRaftLogWorker.java:lambda$new$0(132)) - 0a9408fa-2e62-4e77-a585-841a9d73d83b-SegmentedRaftLogWorker:Storage Directory /workdir/hadoop-ozone/ozonefs/target/test-dir/MiniOzoneClusterImpl-67a7c723-2f3b-4843-b7f2-075ee33ae8e7/datanode-0/data/ratis/379ec2fd-57dc-41c8-b74a-6dd156e496bc: flushIndex: setUnconditionally 0 -> -1
2019-09-19 14:39:12,067 [pool-292-thread-1] INFO  server.RaftServerConfigKeys (ConfUtils.java:logGet(43)) - raft.server.snapshot.auto.trigger.enabled = true (custom)
2019-09-19 14:39:12,067 [pool-292-thread-1] INFO  server.RaftServerConfigKeys (ConfUtils.java:logGet(43)) - raft.server.snapshot.auto.trigger.threshold = 10000 (custom)
2019-09-19 14:39:12,067 [pool-292-thread-1] INFO  server.RaftServerConfigKeys (ConfUtils.java:logGet(43)) - raft.server.retrycache.expirytime = 600000ms (custom)
2019-09-19 14:39:12,067 [pool-292-thread-1] INFO  impl.RaftServerImpl (RaftServerImpl.java:start(180)) - 0a9408fa-2e62-4e77-a585-841a9d73d83b: start group-6DD156E496BC
2019-09-19 14:39:12,068 [pool-292-thread-1] INFO  impl.RaftServerImpl (RaftServerImpl.java:setRole(171)) - 0a9408fa-2e62-4e77-a585-841a9d73d83b:group-6DD156E496BC changes role from null to FOLLOWER at term 0 for startAsFollower
2019-09-19 14:39:12,068 [pool-292-thread-1] INFO  impl.RoleInfo (RoleInfo.java:updateAndGet(143)) - 0a9408fa-2e62-4e77-a585-841a9d73d83b: start FollowerState
2019-09-19 14:39:12,068 [pool-292-thread-1] INFO  util.JmxRegister (JmxRegister.java:tryRegister(44)) - Successfully registered JMX Bean with object name Ratis:service=RaftServer,group=group-6DD156E496BC,id=0a9408fa-2e62-4e77-a585-841a9d73d83b
2019-09-19 14:39:12,071 [RatisPipelineUtilsThread] INFO  pipeline.PipelineStateManager (PipelineStateManager.java:addPipeline(56)) - Created pipeline Pipeline[ Id: 379ec2fd-57dc-41c8-b74a-6dd156e496bc, Nodes: 0a9408fa-2e62-4e77-a585-841a9d73d83b{ip: 192.168.5.132, host: pr-hdds-1569-rzdr8-3403194166, networkLocation: /default-rack, certSerialId: null}, Type:RATIS, Factor:ONE, State:OPEN]
2019-09-19 14:39:12,076 [grpc-default-executor-0] INFO  impl.RaftServerProxy (RaftServerProxy.java:addNew(89)) - 0a9408fa-2e62-4e77-a585-841a9d73d83b: addNew group-38FDC004647F:[0a9408fa-2e62-4e77-a585-841a9d73d83b:192.168.5.132:39372] returns group-38FDC004647F:java.util.concurrent.CompletableFuture@ae39c[Not completed]
2019-09-19 14:39:12,077 [pool-292-thread-1] INFO  impl.RaftServerImpl (RaftServerImpl.java:<init>(93)) - 0a9408fa-2e62-4e77-a585-841a9d73d83b: new RaftServerImpl for group-38FDC004647F:[0a9408fa-2e62-4e77-a585-841a9d73d83b:192.168.5.132:39372] with ContainerStateMachine:uninitialized
2019-09-19 14:39:12,077 [pool-292-thread-1] INFO  server.RaftServerConfigKeys (ConfUtils.java:logGet(43)) - raft.server.rpc.timeout.min = 5s (custom)
2019-09-19 14:39:12,077 [pool-292-thread-1] INFO  server.RaftServerConfigKeys (ConfUtils.java:logGet(43)) - raft.server.rpc.timeout.max = 5200ms (custom)
2019-09-19 14:39:12,077 [pool-292-thread-1] INFO  server.RaftServerConfigKeys (ConfUtils.java:logGet(43)) - raft.server.rpcslowness.timeout = 120s (custom)
2019-09-19 14:39:12,077 [pool-292-thread-1] INFO  server.RaftServerConfigKeys (ConfUtils.java:logGet(43)) - raft.server.sleep.deviation.threshold = 300 (default)
2019-09-19 14:39:12,078 [pool-292-thread-1] INFO  server.RaftServerConfigKeys (ConfUtils.java:logGet(43)) - raft.server.log.appender.install.snapshot.enabled = false (custom)
2019-09-19 14:39:12,078 [pool-292-thread-1] INFO  impl.RaftServerImpl (ServerState.java:<init>(105)) - 0a9408fa-2e62-4e77-a585-841a9d73d83b:group-38FDC004647F ConfigurationManager, init=-1: [0a9408fa-2e62-4e77-a585-841a9d73d83b:192.168.5.132:39372], old=null, confs=<EMPTY_MAP>
2019-09-19 14:39:12,078 [pool-292-thread-1] INFO  server.RaftServerConfigKeys (ConfUtils.java:logGet(43)) - raft.server.storage.dir = [/workdir/hadoop-ozone/ozonefs/target/test-dir/MiniOzoneClusterImpl-67a7c723-2f3b-4843-b7f2-075ee33ae8e7/datanode-0/data/ratis] (custom)
2019-09-19 14:39:12,078 [pool-292-thread-1] INFO  storage.RaftStorageDirectory (RaftStorageDirectory.java:analyzeStorage(246)) - The storage directory /workdir/hadoop-ozone/ozonefs/target/test-dir/MiniOzoneClusterImpl-67a7c723-2f3b-4843-b7f2-075ee33ae8e7/datanode-0/data/ratis/dc6628c7-1f85-4e56-a623-38fdc004647f does not exist. Creating ...
2019-09-19 14:39:12,101 [pool-292-thread-1] INFO  storage.RaftStorageDirectory (RaftStorageDirectory.java:tryLock(328)) - Lock on /workdir/hadoop-ozone/ozonefs/target/test-dir/MiniOzoneClusterImpl-67a7c723-2f3b-4843-b7f2-075ee33ae8e7/datanode-0/data/ratis/dc6628c7-1f85-4e56-a623-38fdc004647f/in_use.lock acquired by nodename 25220@pr-hdds-1569-rzdr8-3403194166
2019-09-19 14:39:12,123 [pool-292-thread-1] INFO  storage.RaftStorage (RaftStorage.java:format(72)) - Storage directory /workdir/hadoop-ozone/ozonefs/target/test-dir/MiniOzoneClusterImpl-67a7c723-2f3b-4843-b7f2-075ee33ae8e7/datanode-0/data/ratis/dc6628c7-1f85-4e56-a623-38fdc004647f has been successfully formatted.
2019-09-19 14:39:12,123 [pool-292-thread-1] INFO  ratis.ContainerStateMachine (ContainerStateMachine.java:loadSnapshot(226)) - group-38FDC004647F: The snapshot info is null. Setting the last applied indexto:(t:0, i:~)
2019-09-19 14:39:12,124 [pool-292-thread-1] INFO  server.RaftServerConfigKeys (ConfUtils.java:logGet(43)) - raft.server.leader.election.timeout = 120s (custom)
2019-09-19 14:39:12,124 [IPC Server handler 1 on 32795] INFO  net.NetworkTopology (NetworkTopologyImpl.java:add(110)) - Added a new node: /default-rack/5147d002-be4b-4fe2-a9d1-e346690982a9
2019-09-19 14:39:12,124 [pool-292-thread-1] INFO  server.RaftServerConfigKeys (ConfUtils.java:logGet(43)) - raft.server.log.use.memory = false (default)
2019-09-19 14:39:12,124 [IPC Server handler 1 on 32795] INFO  node.SCMNodeManager (SCMNodeManager.java:register(273)) - Registered Data node : 5147d002-be4b-4fe2-a9d1-e346690982a9{ip: 192.168.5.132, host: pr-hdds-1569-rzdr8-3403194166, networkLocation: /default-rack, certSerialId: null}
2019-09-19 14:39:12,124 [pool-292-thread-1] INFO  server.RaftServerConfigKeys (ConfUtils.java:logGet(43)) - raft.server.log.purge.gap = 1000000 (custom)
2019-09-19 14:39:12,125 | INFO  | SCMAudit | user=jenkins1000 | ip=192.168.5.132 | op=REGISTER {datanodeDetails=5147d002-be4b-4fe2-a9d1-e346690982a9{ip: 192.168.5.132, host: pr-hdds-1569-rzdr8-3403194166, networkLocation: /default-rack, certSerialId: null}} | ret=SUCCESS |  
2019-09-19 14:39:12,125 [pool-292-thread-1] INFO  server.RaftServerConfigKeys (ConfUtils.java:logGet(43)) - raft.server.log.appender.buffer.byte-limit = 33554432 (custom)
2019-09-19 14:39:12,125 [pool-292-thread-1] INFO  server.RaftServerConfigKeys (ConfUtils.java:logGet(43)) - raft.server.log.segment.size.max = 1048576 (custom)
2019-09-19 14:39:12,125 [pool-292-thread-1] INFO  server.RaftServerConfigKeys (ConfUtils.java:logGet(43)) - raft.server.log.segment.cache.num.max = 2 (custom)
2019-09-19 14:39:12,125 [pool-292-thread-1] INFO  segmented.SegmentedRaftLogWorker (SegmentedRaftLogWorker.java:<init>(172)) - new 0a9408fa-2e62-4e77-a585-841a9d73d83b-SegmentedRaftLogWorker:Storage Directory /workdir/hadoop-ozone/ozonefs/target/test-dir/MiniOzoneClusterImpl-67a7c723-2f3b-4843-b7f2-075ee33ae8e7/datanode-0/data/ratis/dc6628c7-1f85-4e56-a623-38fdc004647f for RaftStorage:Storage Directory /workdir/hadoop-ozone/ozonefs/target/test-dir/MiniOzoneClusterImpl-67a7c723-2f3b-4843-b7f2-075ee33ae8e7/datanode-0/data/ratis/dc6628c7-1f85-4e56-a623-38fdc004647f
2019-09-19 14:39:12,125 [pool-292-thread-1] INFO  server.RaftServerConfigKeys (ConfUtils.java:logGet(43)) - raft.server.log.queue.byte-limit = 2147483647 (custom)
2019-09-19 14:39:12,125 [pool-292-thread-1] INFO  server.RaftServerConfigKeys (ConfUtils.java:logGet(43)) - raft.server.log.queue.element-limit = 1024 (custom)
2019-09-19 14:39:12,126 [pool-292-thread-1] INFO  server.RaftServerConfigKeys (ConfUtils.java:logGet(43)) - raft.server.log.segment.size.max = 1048576 (custom)
2019-09-19 14:39:12,126 [pool-292-thread-1] INFO  server.RaftServerConfigKeys (ConfUtils.java:logGet(43)) - raft.server.log.preallocated.size = 16384 (custom)
2019-09-19 14:39:12,126 [pool-292-thread-1] INFO  server.RaftServerConfigKeys (ConfUtils.java:logGet(43)) - raft.server.log.write.buffer.size = 33554432 (custom)
2019-09-19 14:39:12,126 [pool-292-thread-1] INFO  server.RaftServerConfigKeys (ConfUtils.java:logGet(43)) - raft.server.log.force.sync.num = 128 (default)
2019-09-19 14:39:12,126 [pool-292-thread-1] INFO  server.RaftServerConfigKeys (ConfUtils.java:logGet(43)) - raft.server.log.statemachine.data.sync = true (default)
2019-09-19 14:39:12,126 [pool-292-thread-1] INFO  server.RaftServerConfigKeys (ConfUtils.java:logGet(43)) - raft.server.log.statemachine.data.sync.timeout = 10s (default)
2019-09-19 14:39:12,126 [pool-292-thread-1] INFO  server.RaftServerConfigKeys (ConfUtils.java:logGet(43)) - raft.server.log.statemachine.data.sync.timeout.retry = -1 (default)
2019-09-19 14:39:12,127 [pool-292-thread-1] INFO  server.RaftServerConfigKeys (ConfUtils.java:logGet(43)) - raft.server.log.statemachine.data.caching.enabled = true (custom)
2019-09-19 14:39:12,127 [pool-292-thread-1] INFO  segmented.SegmentedRaftLogWorker (SegmentedRaftLogWorker.java:lambda$new$0(132)) - 0a9408fa-2e62-4e77-a585-841a9d73d83b-SegmentedRaftLogWorker:Storage Directory /workdir/hadoop-ozone/ozonefs/target/test-dir/MiniOzoneClusterImpl-67a7c723-2f3b-4843-b7f2-075ee33ae8e7/datanode-0/data/ratis/dc6628c7-1f85-4e56-a623-38fdc004647f: flushIndex: setUnconditionally 0 -> -1
2019-09-19 14:39:12,127 [pool-292-thread-1] INFO  server.RaftServerConfigKeys (ConfUtils.java:logGet(43)) - raft.server.snapshot.auto.trigger.enabled = true (custom)
2019-09-19 14:39:12,127 [pool-292-thread-1] INFO  server.RaftServerConfigKeys (ConfUtils.java:logGet(43)) - raft.server.snapshot.auto.trigger.threshold = 10000 (custom)
2019-09-19 14:39:12,128 [pool-292-thread-1] INFO  server.RaftServerConfigKeys (ConfUtils.java:logGet(43)) - raft.server.retrycache.expirytime = 600000ms (custom)
2019-09-19 14:39:12,128 [pool-292-thread-1] INFO  impl.RaftServerImpl (RaftServerImpl.java:start(180)) - 0a9408fa-2e62-4e77-a585-841a9d73d83b: start group-38FDC004647F
2019-09-19 14:39:12,128 [pool-292-thread-1] INFO  impl.RaftServerImpl (RaftServerImpl.java:setRole(171)) - 0a9408fa-2e62-4e77-a585-841a9d73d83b:group-38FDC004647F changes role from null to FOLLOWER at term 0 for startAsFollower
2019-09-19 14:39:12,128 [pool-292-thread-1] INFO  impl.RoleInfo (RoleInfo.java:updateAndGet(143)) - 0a9408fa-2e62-4e77-a585-841a9d73d83b: start FollowerState
2019-09-19 14:39:12,129 [pool-292-thread-1] INFO  util.JmxRegister (JmxRegister.java:tryRegister(44)) - Successfully registered JMX Bean with object name Ratis:service=RaftServer,group=group-38FDC004647F,id=0a9408fa-2e62-4e77-a585-841a9d73d83b
2019-09-19 14:39:12,132 [RatisPipelineUtilsThread] INFO  pipeline.PipelineStateManager (PipelineStateManager.java:addPipeline(56)) - Created pipeline Pipeline[ Id: dc6628c7-1f85-4e56-a623-38fdc004647f, Nodes: 0a9408fa-2e62-4e77-a585-841a9d73d83b{ip: 192.168.5.132, host: pr-hdds-1569-rzdr8-3403194166, networkLocation: /default-rack, certSerialId: null}, Type:RATIS, Factor:ONE, State:OPEN]
2019-09-19 14:39:12,138 [grpc-default-executor-0] INFO  impl.RaftServerProxy (RaftServerProxy.java:addNew(89)) - 0a9408fa-2e62-4e77-a585-841a9d73d83b: addNew group-2E12429EB186:[0a9408fa-2e62-4e77-a585-841a9d73d83b:192.168.5.132:39372] returns group-2E12429EB186:java.util.concurrent.CompletableFuture@162f982b[Not completed]
2019-09-19 14:39:12,138 [pool-292-thread-1] INFO  impl.RaftServerImpl (RaftServerImpl.java:<init>(93)) - 0a9408fa-2e62-4e77-a585-841a9d73d83b: new RaftServerImpl for group-2E12429EB186:[0a9408fa-2e62-4e77-a585-841a9d73d83b:192.168.5.132:39372] with ContainerStateMachine:uninitialized
2019-09-19 14:39:12,139 [pool-292-thread-1] INFO  server.RaftServerConfigKeys (ConfUtils.java:logGet(43)) - raft.server.rpc.timeout.min = 5s (custom)
2019-09-19 14:39:12,139 [pool-292-thread-1] INFO  server.RaftServerConfigKeys (ConfUtils.java:logGet(43)) - raft.server.rpc.timeout.max = 5200ms (custom)
2019-09-19 14:39:12,139 [pool-292-thread-1] INFO  server.RaftServerConfigKeys (ConfUtils.java:logGet(43)) - raft.server.rpcslowness.timeout = 120s (custom)
2019-09-19 14:39:12,139 [pool-292-thread-1] INFO  server.RaftServerConfigKeys (ConfUtils.java:logGet(43)) - raft.server.sleep.deviation.threshold = 300 (default)
2019-09-19 14:39:12,139 [pool-292-thread-1] INFO  server.RaftServerConfigKeys (ConfUtils.java:logGet(43)) - raft.server.log.appender.install.snapshot.enabled = false (custom)
2019-09-19 14:39:12,139 [pool-292-thread-1] INFO  impl.RaftServerImpl (ServerState.java:<init>(105)) - 0a9408fa-2e62-4e77-a585-841a9d73d83b:group-2E12429EB186 ConfigurationManager, init=-1: [0a9408fa-2e62-4e77-a585-841a9d73d83b:192.168.5.132:39372], old=null, confs=<EMPTY_MAP>
2019-09-19 14:39:12,139 [pool-292-thread-1] INFO  server.RaftServerConfigKeys (ConfUtils.java:logGet(43)) - raft.server.storage.dir = [/workdir/hadoop-ozone/ozonefs/target/test-dir/MiniOzoneClusterImpl-67a7c723-2f3b-4843-b7f2-075ee33ae8e7/datanode-0/data/ratis] (custom)
2019-09-19 14:39:12,140 [pool-292-thread-1] INFO  storage.RaftStorageDirectory (RaftStorageDirectory.java:analyzeStorage(246)) - The storage directory /workdir/hadoop-ozone/ozonefs/target/test-dir/MiniOzoneClusterImpl-67a7c723-2f3b-4843-b7f2-075ee33ae8e7/datanode-0/data/ratis/87102604-4168-4d40-8a5b-2e12429eb186 does not exist. Creating ...
2019-09-19 14:39:12,162 [pool-292-thread-1] INFO  storage.RaftStorageDirectory (RaftStorageDirectory.java:tryLock(328)) - Lock on /workdir/hadoop-ozone/ozonefs/target/test-dir/MiniOzoneClusterImpl-67a7c723-2f3b-4843-b7f2-075ee33ae8e7/datanode-0/data/ratis/87102604-4168-4d40-8a5b-2e12429eb186/in_use.lock acquired by nodename 25220@pr-hdds-1569-rzdr8-3403194166
2019-09-19 14:39:12,185 [pool-292-thread-1] INFO  storage.RaftStorage (RaftStorage.java:format(72)) - Storage directory /workdir/hadoop-ozone/ozonefs/target/test-dir/MiniOzoneClusterImpl-67a7c723-2f3b-4843-b7f2-075ee33ae8e7/datanode-0/data/ratis/87102604-4168-4d40-8a5b-2e12429eb186 has been successfully formatted.
2019-09-19 14:39:12,186 [pool-292-thread-1] INFO  ratis.ContainerStateMachine (ContainerStateMachine.java:loadSnapshot(226)) - group-2E12429EB186: The snapshot info is null. Setting the last applied indexto:(t:0, i:~)
2019-09-19 14:39:12,186 [pool-292-thread-1] INFO  server.RaftServerConfigKeys (ConfUtils.java:logGet(43)) - raft.server.leader.election.timeout = 120s (custom)
2019-09-19 14:39:12,186 [pool-292-thread-1] INFO  server.RaftServerConfigKeys (ConfUtils.java:logGet(43)) - raft.server.log.use.memory = false (default)
2019-09-19 14:39:12,186 [pool-292-thread-1] INFO  server.RaftServerConfigKeys (ConfUtils.java:logGet(43)) - raft.server.log.purge.gap = 1000000 (custom)
2019-09-19 14:39:12,186 [pool-292-thread-1] INFO  server.RaftServerConfigKeys (ConfUtils.java:logGet(43)) - raft.server.log.appender.buffer.byte-limit = 33554432 (custom)
2019-09-19 14:39:12,186 [pool-292-thread-1] INFO  server.RaftServerConfigKeys (ConfUtils.java:logGet(43)) - raft.server.log.segment.size.max = 1048576 (custom)
2019-09-19 14:39:12,186 [pool-292-thread-1] INFO  server.RaftServerConfigKeys (ConfUtils.java:logGet(43)) - raft.server.log.segment.cache.num.max = 2 (custom)
2019-09-19 14:39:12,187 [pool-292-thread-1] INFO  segmented.SegmentedRaftLogWorker (SegmentedRaftLogWorker.java:<init>(172)) - new 0a9408fa-2e62-4e77-a585-841a9d73d83b-SegmentedRaftLogWorker:Storage Directory /workdir/hadoop-ozone/ozonefs/target/test-dir/MiniOzoneClusterImpl-67a7c723-2f3b-4843-b7f2-075ee33ae8e7/datanode-0/data/ratis/87102604-4168-4d40-8a5b-2e12429eb186 for RaftStorage:Storage Directory /workdir/hadoop-ozone/ozonefs/target/test-dir/MiniOzoneClusterImpl-67a7c723-2f3b-4843-b7f2-075ee33ae8e7/datanode-0/data/ratis/87102604-4168-4d40-8a5b-2e12429eb186
2019-09-19 14:39:12,187 [pool-292-thread-1] INFO  server.RaftServerConfigKeys (ConfUtils.java:logGet(43)) - raft.server.log.queue.byte-limit = 2147483647 (custom)
2019-09-19 14:39:12,187 [pool-292-thread-1] INFO  server.RaftServerConfigKeys (ConfUtils.java:logGet(43)) - raft.server.log.queue.element-limit = 1024 (custom)
2019-09-19 14:39:12,187 [pool-292-thread-1] INFO  server.RaftServerConfigKeys (ConfUtils.java:logGet(43)) - raft.server.log.segment.size.max = 1048576 (custom)
2019-09-19 14:39:12,187 [pool-292-thread-1] INFO  server.RaftServerConfigKeys (ConfUtils.java:logGet(43)) - raft.server.log.preallocated.size = 16384 (custom)
2019-09-19 14:39:12,187 [pool-292-thread-1] INFO  server.RaftServerConfigKeys (ConfUtils.java:logGet(43)) - raft.server.log.write.buffer.size = 33554432 (custom)
2019-09-19 14:39:12,187 [pool-292-thread-1] INFO  server.RaftServerConfigKeys (ConfUtils.java:logGet(43)) - raft.server.log.force.sync.num = 128 (default)
2019-09-19 14:39:12,187 [pool-292-thread-1] INFO  server.RaftServerConfigKeys (ConfUtils.java:logGet(43)) - raft.server.log.statemachine.data.sync = true (default)
2019-09-19 14:39:12,188 [pool-292-thread-1] INFO  server.RaftServerConfigKeys (ConfUtils.java:logGet(43)) - raft.server.log.statemachine.data.sync.timeout = 10s (default)
2019-09-19 14:39:12,188 [pool-292-thread-1] INFO  server.RaftServerConfigKeys (ConfUtils.java:logGet(43)) - raft.server.log.statemachine.data.sync.timeout.retry = -1 (default)
2019-09-19 14:39:12,188 [pool-292-thread-1] INFO  server.RaftServerConfigKeys (ConfUtils.java:logGet(43)) - raft.server.log.statemachine.data.caching.enabled = true (custom)
2019-09-19 14:39:12,188 [pool-292-thread-1] INFO  segmented.SegmentedRaftLogWorker (SegmentedRaftLogWorker.java:lambda$new$0(132)) - 0a9408fa-2e62-4e77-a585-841a9d73d83b-SegmentedRaftLogWorker:Storage Directory /workdir/hadoop-ozone/ozonefs/target/test-dir/MiniOzoneClusterImpl-67a7c723-2f3b-4843-b7f2-075ee33ae8e7/datanode-0/data/ratis/87102604-4168-4d40-8a5b-2e12429eb186: flushIndex: setUnconditionally 0 -> -1
2019-09-19 14:39:12,188 [pool-292-thread-1] INFO  server.RaftServerConfigKeys (ConfUtils.java:logGet(43)) - raft.server.snapshot.auto.trigger.enabled = true (custom)
2019-09-19 14:39:12,189 [pool-292-thread-1] INFO  server.RaftServerConfigKeys (ConfUtils.java:logGet(43)) - raft.server.snapshot.auto.trigger.threshold = 10000 (custom)
2019-09-19 14:39:12,189 [pool-292-thread-1] INFO  server.RaftServerConfigKeys (ConfUtils.java:logGet(43)) - raft.server.retrycache.expirytime = 600000ms (custom)
2019-09-19 14:39:12,189 [pool-292-thread-1] INFO  impl.RaftServerImpl (RaftServerImpl.java:start(180)) - 0a9408fa-2e62-4e77-a585-841a9d73d83b: start group-2E12429EB186
2019-09-19 14:39:12,189 [pool-292-thread-1] INFO  impl.RaftServerImpl (RaftServerImpl.java:setRole(171)) - 0a9408fa-2e62-4e77-a585-841a9d73d83b:group-2E12429EB186 changes role from null to FOLLOWER at term 0 for startAsFollower
2019-09-19 14:39:12,189 [pool-292-thread-1] INFO  impl.RoleInfo (RoleInfo.java:updateAndGet(143)) - 0a9408fa-2e62-4e77-a585-841a9d73d83b: start FollowerState
2019-09-19 14:39:12,189 [pool-292-thread-1] INFO  util.JmxRegister (JmxRegister.java:tryRegister(44)) - Successfully registered JMX Bean with object name Ratis:service=RaftServer,group=group-2E12429EB186,id=0a9408fa-2e62-4e77-a585-841a9d73d83b
2019-09-19 14:39:12,192 [RatisPipelineUtilsThread] INFO  pipeline.PipelineStateManager (PipelineStateManager.java:addPipeline(56)) - Created pipeline Pipeline[ Id: 87102604-4168-4d40-8a5b-2e12429eb186, Nodes: 0a9408fa-2e62-4e77-a585-841a9d73d83b{ip: 192.168.5.132, host: pr-hdds-1569-rzdr8-3403194166, networkLocation: /default-rack, certSerialId: null}, Type:RATIS, Factor:ONE, State:OPEN]
2019-09-19 14:39:12,198 [grpc-default-executor-0] INFO  impl.RaftServerProxy (RaftServerProxy.java:addNew(89)) - 0a9408fa-2e62-4e77-a585-841a9d73d83b: addNew group-AEAE162A26CF:[0a9408fa-2e62-4e77-a585-841a9d73d83b:192.168.5.132:39372] returns group-AEAE162A26CF:java.util.concurrent.CompletableFuture@4449f3f[Not completed]
2019-09-19 14:39:12,199 [pool-292-thread-1] INFO  impl.RaftServerImpl (RaftServerImpl.java:<init>(93)) - 0a9408fa-2e62-4e77-a585-841a9d73d83b: new RaftServerImpl for group-AEAE162A26CF:[0a9408fa-2e62-4e77-a585-841a9d73d83b:192.168.5.132:39372] with ContainerStateMachine:uninitialized
2019-09-19 14:39:12,199 [pool-292-thread-1] INFO  server.RaftServerConfigKeys (ConfUtils.java:logGet(43)) - raft.server.rpc.timeout.min = 5s (custom)
2019-09-19 14:39:12,199 [pool-292-thread-1] INFO  server.RaftServerConfigKeys (ConfUtils.java:logGet(43)) - raft.server.rpc.timeout.max = 5200ms (custom)
2019-09-19 14:39:12,199 [pool-292-thread-1] INFO  server.RaftServerConfigKeys (ConfUtils.java:logGet(43)) - raft.server.rpcslowness.timeout = 120s (custom)
2019-09-19 14:39:12,199 [pool-292-thread-1] INFO  server.RaftServerConfigKeys (ConfUtils.java:logGet(43)) - raft.server.sleep.deviation.threshold = 300 (default)
2019-09-19 14:39:12,199 [pool-292-thread-1] INFO  server.RaftServerConfigKeys (ConfUtils.java:logGet(43)) - raft.server.log.appender.install.snapshot.enabled = false (custom)
2019-09-19 14:39:12,199 [pool-292-thread-1] INFO  impl.RaftServerImpl (ServerState.java:<init>(105)) - 0a9408fa-2e62-4e77-a585-841a9d73d83b:group-AEAE162A26CF ConfigurationManager, init=-1: [0a9408fa-2e62-4e77-a585-841a9d73d83b:192.168.5.132:39372], old=null, confs=<EMPTY_MAP>
2019-09-19 14:39:12,200 [pool-292-thread-1] INFO  server.RaftServerConfigKeys (ConfUtils.java:logGet(43)) - raft.server.storage.dir = [/workdir/hadoop-ozone/ozonefs/target/test-dir/MiniOzoneClusterImpl-67a7c723-2f3b-4843-b7f2-075ee33ae8e7/datanode-0/data/ratis] (custom)
2019-09-19 14:39:12,200 [pool-292-thread-1] INFO  storage.RaftStorageDirectory (RaftStorageDirectory.java:analyzeStorage(246)) - The storage directory /workdir/hadoop-ozone/ozonefs/target/test-dir/MiniOzoneClusterImpl-67a7c723-2f3b-4843-b7f2-075ee33ae8e7/datanode-0/data/ratis/bf23c5fb-668a-4327-a458-aeae162a26cf does not exist. Creating ...
2019-09-19 14:39:12,221 [pool-292-thread-1] INFO  storage.RaftStorageDirectory (RaftStorageDirectory.java:tryLock(328)) - Lock on /workdir/hadoop-ozone/ozonefs/target/test-dir/MiniOzoneClusterImpl-67a7c723-2f3b-4843-b7f2-075ee33ae8e7/datanode-0/data/ratis/bf23c5fb-668a-4327-a458-aeae162a26cf/in_use.lock acquired by nodename 25220@pr-hdds-1569-rzdr8-3403194166
2019-09-19 14:39:12,237 [pool-292-thread-1] INFO  storage.RaftStorage (RaftStorage.java:format(72)) - Storage directory /workdir/hadoop-ozone/ozonefs/target/test-dir/MiniOzoneClusterImpl-67a7c723-2f3b-4843-b7f2-075ee33ae8e7/datanode-0/data/ratis/bf23c5fb-668a-4327-a458-aeae162a26cf has been successfully formatted.
2019-09-19 14:39:12,237 [pool-292-thread-1] INFO  ratis.ContainerStateMachine (ContainerStateMachine.java:loadSnapshot(226)) - group-AEAE162A26CF: The snapshot info is null. Setting the last applied indexto:(t:0, i:~)
2019-09-19 14:39:12,237 [pool-292-thread-1] INFO  server.RaftServerConfigKeys (ConfUtils.java:logGet(43)) - raft.server.leader.election.timeout = 120s (custom)
2019-09-19 14:39:12,237 [pool-292-thread-1] INFO  server.RaftServerConfigKeys (ConfUtils.java:logGet(43)) - raft.server.log.use.memory = false (default)
2019-09-19 14:39:12,238 [pool-292-thread-1] INFO  server.RaftServerConfigKeys (ConfUtils.java:logGet(43)) - raft.server.log.purge.gap = 1000000 (custom)
2019-09-19 14:39:12,238 [pool-292-thread-1] INFO  server.RaftServerConfigKeys (ConfUtils.java:logGet(43)) - raft.server.log.appender.buffer.byte-limit = 33554432 (custom)
2019-09-19 14:39:12,238 [pool-292-thread-1] INFO  server.RaftServerConfigKeys (ConfUtils.java:logGet(43)) - raft.server.log.segment.size.max = 1048576 (custom)
2019-09-19 14:39:12,238 [pool-292-thread-1] INFO  server.RaftServerConfigKeys (ConfUtils.java:logGet(43)) - raft.server.log.segment.cache.num.max = 2 (custom)
2019-09-19 14:39:12,238 [pool-292-thread-1] INFO  segmented.SegmentedRaftLogWorker (SegmentedRaftLogWorker.java:<init>(172)) - new 0a9408fa-2e62-4e77-a585-841a9d73d83b-SegmentedRaftLogWorker:Storage Directory /workdir/hadoop-ozone/ozonefs/target/test-dir/MiniOzoneClusterImpl-67a7c723-2f3b-4843-b7f2-075ee33ae8e7/datanode-0/data/ratis/bf23c5fb-668a-4327-a458-aeae162a26cf for RaftStorage:Storage Directory /workdir/hadoop-ozone/ozonefs/target/test-dir/MiniOzoneClusterImpl-67a7c723-2f3b-4843-b7f2-075ee33ae8e7/datanode-0/data/ratis/bf23c5fb-668a-4327-a458-aeae162a26cf
2019-09-19 14:39:12,238 [pool-292-thread-1] INFO  server.RaftServerConfigKeys (ConfUtils.java:logGet(43)) - raft.server.log.queue.byte-limit = 2147483647 (custom)
2019-09-19 14:39:12,238 [pool-292-thread-1] INFO  server.RaftServerConfigKeys (ConfUtils.java:logGet(43)) - raft.server.log.queue.element-limit = 1024 (custom)
2019-09-19 14:39:12,238 [pool-292-thread-1] INFO  server.RaftServerConfigKeys (ConfUtils.java:logGet(43)) - raft.server.log.segment.size.max = 1048576 (custom)
2019-09-19 14:39:12,239 [pool-292-thread-1] INFO  server.RaftServerConfigKeys (ConfUtils.java:logGet(43)) - raft.server.log.preallocated.size = 16384 (custom)
2019-09-19 14:39:12,239 [pool-292-thread-1] INFO  server.RaftServerConfigKeys (ConfUtils.java:logGet(43)) - raft.server.log.write.buffer.size = 33554432 (custom)
2019-09-19 14:39:12,239 [pool-292-thread-1] INFO  server.RaftServerConfigKeys (ConfUtils.java:logGet(43)) - raft.server.log.force.sync.num = 128 (default)
2019-09-19 14:39:12,239 [pool-292-thread-1] INFO  server.RaftServerConfigKeys (ConfUtils.java:logGet(43)) - raft.server.log.statemachine.data.sync = true (default)
2019-09-19 14:39:12,239 [pool-292-thread-1] INFO  server.RaftServerConfigKeys (ConfUtils.java:logGet(43)) - raft.server.log.statemachine.data.sync.timeout = 10s (default)
2019-09-19 14:39:12,239 [pool-292-thread-1] INFO  server.RaftServerConfigKeys (ConfUtils.java:logGet(43)) - raft.server.log.statemachine.data.sync.timeout.retry = -1 (default)
2019-09-19 14:39:12,239 [pool-292-thread-1] INFO  server.RaftServerConfigKeys (ConfUtils.java:logGet(43)) - raft.server.log.statemachine.data.caching.enabled = true (custom)
2019-09-19 14:39:12,240 [pool-292-thread-1] INFO  segmented.SegmentedRaftLogWorker (SegmentedRaftLogWorker.java:lambda$new$0(132)) - 0a9408fa-2e62-4e77-a585-841a9d73d83b-SegmentedRaftLogWorker:Storage Directory /workdir/hadoop-ozone/ozonefs/target/test-dir/MiniOzoneClusterImpl-67a7c723-2f3b-4843-b7f2-075ee33ae8e7/datanode-0/data/ratis/bf23c5fb-668a-4327-a458-aeae162a26cf: flushIndex: setUnconditionally 0 -> -1
2019-09-19 14:39:12,240 [pool-292-thread-1] INFO  server.RaftServerConfigKeys (ConfUtils.java:logGet(43)) - raft.server.snapshot.auto.trigger.enabled = true (custom)
2019-09-19 14:39:12,240 [pool-292-thread-1] INFO  server.RaftServerConfigKeys (ConfUtils.java:logGet(43)) - raft.server.snapshot.auto.trigger.threshold = 10000 (custom)
2019-09-19 14:39:12,240 [pool-292-thread-1] INFO  server.RaftServerConfigKeys (ConfUtils.java:logGet(43)) - raft.server.retrycache.expirytime = 600000ms (custom)
2019-09-19 14:39:12,240 [pool-292-thread-1] INFO  impl.RaftServerImpl (RaftServerImpl.java:start(180)) - 0a9408fa-2e62-4e77-a585-841a9d73d83b: start group-AEAE162A26CF
2019-09-19 14:39:12,240 [pool-292-thread-1] INFO  impl.RaftServerImpl (RaftServerImpl.java:setRole(171)) - 0a9408fa-2e62-4e77-a585-841a9d73d83b:group-AEAE162A26CF changes role from null to FOLLOWER at term 0 for startAsFollower
2019-09-19 14:39:12,241 [pool-292-thread-1] INFO  impl.RoleInfo (RoleInfo.java:updateAndGet(143)) - 0a9408fa-2e62-4e77-a585-841a9d73d83b: start FollowerState
2019-09-19 14:39:12,241 [pool-292-thread-1] INFO  util.JmxRegister (JmxRegister.java:tryRegister(44)) - Successfully registered JMX Bean with object name Ratis:service=RaftServer,group=group-AEAE162A26CF,id=0a9408fa-2e62-4e77-a585-841a9d73d83b
2019-09-19 14:39:12,244 [RatisPipelineUtilsThread] INFO  pipeline.PipelineStateManager (PipelineStateManager.java:addPipeline(56)) - Created pipeline Pipeline[ Id: bf23c5fb-668a-4327-a458-aeae162a26cf, Nodes: 0a9408fa-2e62-4e77-a585-841a9d73d83b{ip: 192.168.5.132, host: pr-hdds-1569-rzdr8-3403194166, networkLocation: /default-rack, certSerialId: null}, Type:RATIS, Factor:ONE, State:OPEN]
2019-09-19 14:39:12,250 [grpc-default-executor-0] INFO  impl.RaftServerProxy (RaftServerProxy.java:addNew(89)) - 0a9408fa-2e62-4e77-a585-841a9d73d83b: addNew group-8F2F37E07A7A:[0a9408fa-2e62-4e77-a585-841a9d73d83b:192.168.5.132:39372] returns group-8F2F37E07A7A:java.util.concurrent.CompletableFuture@b5293ba[Not completed]
2019-09-19 14:39:12,251 [pool-292-thread-1] INFO  impl.RaftServerImpl (RaftServerImpl.java:<init>(93)) - 0a9408fa-2e62-4e77-a585-841a9d73d83b: new RaftServerImpl for group-8F2F37E07A7A:[0a9408fa-2e62-4e77-a585-841a9d73d83b:192.168.5.132:39372] with ContainerStateMachine:uninitialized
2019-09-19 14:39:12,251 [pool-292-thread-1] INFO  server.RaftServerConfigKeys (ConfUtils.java:logGet(43)) - raft.server.rpc.timeout.min = 5s (custom)
2019-09-19 14:39:12,251 [pool-292-thread-1] INFO  server.RaftServerConfigKeys (ConfUtils.java:logGet(43)) - raft.server.rpc.timeout.max = 5200ms (custom)
2019-09-19 14:39:12,251 [pool-292-thread-1] INFO  server.RaftServerConfigKeys (ConfUtils.java:logGet(43)) - raft.server.rpcslowness.timeout = 120s (custom)
2019-09-19 14:39:12,251 [pool-292-thread-1] INFO  server.RaftServerConfigKeys (ConfUtils.java:logGet(43)) - raft.server.sleep.deviation.threshold = 300 (default)
2019-09-19 14:39:12,251 [pool-292-thread-1] INFO  server.RaftServerConfigKeys (ConfUtils.java:logGet(43)) - raft.server.log.appender.install.snapshot.enabled = false (custom)
2019-09-19 14:39:12,252 [pool-292-thread-1] INFO  impl.RaftServerImpl (ServerState.java:<init>(105)) - 0a9408fa-2e62-4e77-a585-841a9d73d83b:group-8F2F37E07A7A ConfigurationManager, init=-1: [0a9408fa-2e62-4e77-a585-841a9d73d83b:192.168.5.132:39372], old=null, confs=<EMPTY_MAP>
2019-09-19 14:39:12,252 [pool-292-thread-1] INFO  server.RaftServerConfigKeys (ConfUtils.java:logGet(43)) - raft.server.storage.dir = [/workdir/hadoop-ozone/ozonefs/target/test-dir/MiniOzoneClusterImpl-67a7c723-2f3b-4843-b7f2-075ee33ae8e7/datanode-0/data/ratis] (custom)
2019-09-19 14:39:12,252 [pool-292-thread-1] INFO  storage.RaftStorageDirectory (RaftStorageDirectory.java:analyzeStorage(246)) - The storage directory /workdir/hadoop-ozone/ozonefs/target/test-dir/MiniOzoneClusterImpl-67a7c723-2f3b-4843-b7f2-075ee33ae8e7/datanode-0/data/ratis/e0de4359-f325-4165-8a70-8f2f37e07a7a does not exist. Creating ...
2019-09-19 14:39:12,276 [pool-292-thread-1] INFO  storage.RaftStorageDirectory (RaftStorageDirectory.java:tryLock(328)) - Lock on /workdir/hadoop-ozone/ozonefs/target/test-dir/MiniOzoneClusterImpl-67a7c723-2f3b-4843-b7f2-075ee33ae8e7/datanode-0/data/ratis/e0de4359-f325-4165-8a70-8f2f37e07a7a/in_use.lock acquired by nodename 25220@pr-hdds-1569-rzdr8-3403194166
2019-09-19 14:39:12,290 [pool-292-thread-1] INFO  storage.RaftStorage (RaftStorage.java:format(72)) - Storage directory /workdir/hadoop-ozone/ozonefs/target/test-dir/MiniOzoneClusterImpl-67a7c723-2f3b-4843-b7f2-075ee33ae8e7/datanode-0/data/ratis/e0de4359-f325-4165-8a70-8f2f37e07a7a has been successfully formatted.
2019-09-19 14:39:12,291 [pool-292-thread-1] INFO  ratis.ContainerStateMachine (ContainerStateMachine.java:loadSnapshot(226)) - group-8F2F37E07A7A: The snapshot info is null. Setting the last applied indexto:(t:0, i:~)
2019-09-19 14:39:12,291 [pool-292-thread-1] INFO  server.RaftServerConfigKeys (ConfUtils.java:logGet(43)) - raft.server.leader.election.timeout = 120s (custom)
2019-09-19 14:39:12,291 [pool-292-thread-1] INFO  server.RaftServerConfigKeys (ConfUtils.java:logGet(43)) - raft.server.log.use.memory = false (default)
2019-09-19 14:39:12,291 [pool-292-thread-1] INFO  server.RaftServerConfigKeys (ConfUtils.java:logGet(43)) - raft.server.log.purge.gap = 1000000 (custom)
2019-09-19 14:39:12,291 [pool-292-thread-1] INFO  server.RaftServerConfigKeys (ConfUtils.java:logGet(43)) - raft.server.log.appender.buffer.byte-limit = 33554432 (custom)
2019-09-19 14:39:12,291 [pool-292-thread-1] INFO  server.RaftServerConfigKeys (ConfUtils.java:logGet(43)) - raft.server.log.segment.size.max = 1048576 (custom)
2019-09-19 14:39:12,292 [pool-292-thread-1] INFO  server.RaftServerConfigKeys (ConfUtils.java:logGet(43)) - raft.server.log.segment.cache.num.max = 2 (custom)
2019-09-19 14:39:12,292 [pool-292-thread-1] INFO  segmented.SegmentedRaftLogWorker (SegmentedRaftLogWorker.java:<init>(172)) - new 0a9408fa-2e62-4e77-a585-841a9d73d83b-SegmentedRaftLogWorker:Storage Directory /workdir/hadoop-ozone/ozonefs/target/test-dir/MiniOzoneClusterImpl-67a7c723-2f3b-4843-b7f2-075ee33ae8e7/datanode-0/data/ratis/e0de4359-f325-4165-8a70-8f2f37e07a7a for RaftStorage:Storage Directory /workdir/hadoop-ozone/ozonefs/target/test-dir/MiniOzoneClusterImpl-67a7c723-2f3b-4843-b7f2-075ee33ae8e7/datanode-0/data/ratis/e0de4359-f325-4165-8a70-8f2f37e07a7a
2019-09-19 14:39:12,292 [pool-292-thread-1] INFO  server.RaftServerConfigKeys (ConfUtils.java:logGet(43)) - raft.server.log.queue.byte-limit = 2147483647 (custom)
2019-09-19 14:39:12,292 [pool-292-thread-1] INFO  server.RaftServerConfigKeys (ConfUtils.java:logGet(43)) - raft.server.log.queue.element-limit = 1024 (custom)
2019-09-19 14:39:12,292 [pool-292-thread-1] INFO  server.RaftServerConfigKeys (ConfUtils.java:logGet(43)) - raft.server.log.segment.size.max = 1048576 (custom)
2019-09-19 14:39:12,292 [pool-292-thread-1] INFO  server.RaftServerConfigKeys (ConfUtils.java:logGet(43)) - raft.server.log.preallocated.size = 16384 (custom)
2019-09-19 14:39:12,292 [pool-292-thread-1] INFO  server.RaftServerConfigKeys (ConfUtils.java:logGet(43)) - raft.server.log.write.buffer.size = 33554432 (custom)
2019-09-19 14:39:12,293 [pool-292-thread-1] INFO  server.RaftServerConfigKeys (ConfUtils.java:logGet(43)) - raft.server.log.force.sync.num = 128 (default)
2019-09-19 14:39:12,293 [pool-292-thread-1] INFO  server.RaftServerConfigKeys (ConfUtils.java:logGet(43)) - raft.server.log.statemachine.data.sync = true (default)
2019-09-19 14:39:12,293 [pool-292-thread-1] INFO  server.RaftServerConfigKeys (ConfUtils.java:logGet(43)) - raft.server.log.statemachine.data.sync.timeout = 10s (default)
2019-09-19 14:39:12,293 [pool-292-thread-1] INFO  server.RaftServerConfigKeys (ConfUtils.java:logGet(43)) - raft.server.log.statemachine.data.sync.timeout.retry = -1 (default)
2019-09-19 14:39:12,293 [pool-292-thread-1] INFO  server.RaftServerConfigKeys (ConfUtils.java:logGet(43)) - raft.server.log.statemachine.data.caching.enabled = true (custom)
2019-09-19 14:39:12,294 [pool-292-thread-1] INFO  segmented.SegmentedRaftLogWorker (SegmentedRaftLogWorker.java:lambda$new$0(132)) - 0a9408fa-2e62-4e77-a585-841a9d73d83b-SegmentedRaftLogWorker:Storage Directory /workdir/hadoop-ozone/ozonefs/target/test-dir/MiniOzoneClusterImpl-67a7c723-2f3b-4843-b7f2-075ee33ae8e7/datanode-0/data/ratis/e0de4359-f325-4165-8a70-8f2f37e07a7a: flushIndex: setUnconditionally 0 -> -1
2019-09-19 14:39:12,294 [pool-292-thread-1] INFO  server.RaftServerConfigKeys (ConfUtils.java:logGet(43)) - raft.server.snapshot.auto.trigger.enabled = true (custom)
2019-09-19 14:39:12,294 [pool-292-thread-1] INFO  server.RaftServerConfigKeys (ConfUtils.java:logGet(43)) - raft.server.snapshot.auto.trigger.threshold = 10000 (custom)
2019-09-19 14:39:12,294 [pool-292-thread-1] INFO  server.RaftServerConfigKeys (ConfUtils.java:logGet(43)) - raft.server.retrycache.expirytime = 600000ms (custom)
2019-09-19 14:39:12,295 [pool-292-thread-1] INFO  impl.RaftServerImpl (RaftServerImpl.java:start(180)) - 0a9408fa-2e62-4e77-a585-841a9d73d83b: start group-8F2F37E07A7A
2019-09-19 14:39:12,295 [pool-292-thread-1] INFO  impl.RaftServerImpl (RaftServerImpl.java:setRole(171)) - 0a9408fa-2e62-4e77-a585-841a9d73d83b:group-8F2F37E07A7A changes role from null to FOLLOWER at term 0 for startAsFollower
2019-09-19 14:39:12,295 [pool-292-thread-1] INFO  impl.RoleInfo (RoleInfo.java:updateAndGet(143)) - 0a9408fa-2e62-4e77-a585-841a9d73d83b: start FollowerState
2019-09-19 14:39:12,295 [pool-292-thread-1] INFO  util.JmxRegister (JmxRegister.java:tryRegister(44)) - Successfully registered JMX Bean with object name Ratis:service=RaftServer,group=group-8F2F37E07A7A,id=0a9408fa-2e62-4e77-a585-841a9d73d83b
2019-09-19 14:39:12,298 [RatisPipelineUtilsThread] INFO  pipeline.PipelineStateManager (PipelineStateManager.java:addPipeline(56)) - Created pipeline Pipeline[ Id: e0de4359-f325-4165-8a70-8f2f37e07a7a, Nodes: 0a9408fa-2e62-4e77-a585-841a9d73d83b{ip: 192.168.5.132, host: pr-hdds-1569-rzdr8-3403194166, networkLocation: /default-rack, certSerialId: null}, Type:RATIS, Factor:ONE, State:OPEN]
2019-09-19 14:39:12,299 [RatisPipelineUtilsThread] ERROR pipeline.PipelinePlacementPolicy (PipelinePlacementPolicy.java:meetCriteria(91)) - Pipeline Placement: Doesn't meet the criteria to be viable node. Heaviness: 6
2019-09-19 14:39:12,307 [grpc-default-executor-0] INFO  impl.RaftServerProxy (RaftServerProxy.java:addNew(89)) - 5147d002-be4b-4fe2-a9d1-e346690982a9: addNew group-27BC56759BB1:[5147d002-be4b-4fe2-a9d1-e346690982a9:192.168.5.132:37174] returns group-27BC56759BB1:java.util.concurrent.CompletableFuture@bafb59[Not completed]
2019-09-19 14:39:12,308 [pool-303-thread-1] INFO  impl.RaftServerImpl (RaftServerImpl.java:<init>(93)) - 5147d002-be4b-4fe2-a9d1-e346690982a9: new RaftServerImpl for group-27BC56759BB1:[5147d002-be4b-4fe2-a9d1-e346690982a9:192.168.5.132:37174] with ContainerStateMachine:uninitialized
2019-09-19 14:39:12,308 [pool-303-thread-1] INFO  server.RaftServerConfigKeys (ConfUtils.java:logGet(43)) - raft.server.rpc.timeout.min = 5s (custom)
2019-09-19 14:39:12,308 [pool-303-thread-1] INFO  server.RaftServerConfigKeys (ConfUtils.java:logGet(43)) - raft.server.rpc.timeout.max = 5200ms (custom)
2019-09-19 14:39:12,308 [pool-303-thread-1] INFO  server.RaftServerConfigKeys (ConfUtils.java:logGet(43)) - raft.server.rpcslowness.timeout = 120s (custom)
2019-09-19 14:39:12,308 [pool-303-thread-1] INFO  server.RaftServerConfigKeys (ConfUtils.java:logGet(43)) - raft.server.sleep.deviation.threshold = 300 (default)
2019-09-19 14:39:12,308 [pool-303-thread-1] INFO  server.RaftServerConfigKeys (ConfUtils.java:logGet(43)) - raft.server.log.appender.install.snapshot.enabled = false (custom)
2019-09-19 14:39:12,308 [pool-303-thread-1] INFO  impl.RaftServerImpl (ServerState.java:<init>(105)) - 5147d002-be4b-4fe2-a9d1-e346690982a9:group-27BC56759BB1 ConfigurationManager, init=-1: [5147d002-be4b-4fe2-a9d1-e346690982a9:192.168.5.132:37174], old=null, confs=<EMPTY_MAP>
2019-09-19 14:39:12,308 [pool-303-thread-1] INFO  server.RaftServerConfigKeys (ConfUtils.java:logGet(43)) - raft.server.storage.dir = [/workdir/hadoop-ozone/ozonefs/target/test-dir/MiniOzoneClusterImpl-67a7c723-2f3b-4843-b7f2-075ee33ae8e7/datanode-1/data/ratis] (custom)
2019-09-19 14:39:12,309 [pool-303-thread-1] INFO  storage.RaftStorageDirectory (RaftStorageDirectory.java:analyzeStorage(246)) - The storage directory /workdir/hadoop-ozone/ozonefs/target/test-dir/MiniOzoneClusterImpl-67a7c723-2f3b-4843-b7f2-075ee33ae8e7/datanode-1/data/ratis/f292ba21-8c96-4f83-821d-27bc56759bb1 does not exist. Creating ...
2019-09-19 14:39:12,310 [Thread-1328] INFO  ozone.MiniOzoneClusterImpl (MiniOzoneClusterImpl.java:lambda$waitForClusterToBeReady$0(142)) - Waiting for cluster to be ready. Got 2 of 3 DN Heartbeats.
2019-09-19 14:39:12,310 [IPC Server handler 2 on 32795] INFO  net.NetworkTopology (NetworkTopologyImpl.java:add(110)) - Added a new node: /default-rack/d7fb301a-31fb-49ad-b00e-9dfe8c13a3d5
2019-09-19 14:39:12,310 [IPC Server handler 2 on 32795] INFO  node.SCMNodeManager (SCMNodeManager.java:register(273)) - Registered Data node : d7fb301a-31fb-49ad-b00e-9dfe8c13a3d5{ip: 192.168.5.132, host: pr-hdds-1569-rzdr8-3403194166, networkLocation: /default-rack, certSerialId: null}
2019-09-19 14:39:12,311 | INFO  | SCMAudit | user=jenkins1000 | ip=192.168.5.132 | op=REGISTER {datanodeDetails=d7fb301a-31fb-49ad-b00e-9dfe8c13a3d5{ip: 192.168.5.132, host: pr-hdds-1569-rzdr8-3403194166, networkLocation: /default-rack, certSerialId: null}} | ret=SUCCESS |  
2019-09-19 14:39:12,322 [pool-303-thread-1] INFO  storage.RaftStorageDirectory (RaftStorageDirectory.java:tryLock(328)) - Lock on /workdir/hadoop-ozone/ozonefs/target/test-dir/MiniOzoneClusterImpl-67a7c723-2f3b-4843-b7f2-075ee33ae8e7/datanode-1/data/ratis/f292ba21-8c96-4f83-821d-27bc56759bb1/in_use.lock acquired by nodename 25220@pr-hdds-1569-rzdr8-3403194166
2019-09-19 14:39:12,336 [pool-303-thread-1] INFO  storage.RaftStorage (RaftStorage.java:format(72)) - Storage directory /workdir/hadoop-ozone/ozonefs/target/test-dir/MiniOzoneClusterImpl-67a7c723-2f3b-4843-b7f2-075ee33ae8e7/datanode-1/data/ratis/f292ba21-8c96-4f83-821d-27bc56759bb1 has been successfully formatted.
2019-09-19 14:39:12,336 [pool-303-thread-1] INFO  ratis.ContainerStateMachine (ContainerStateMachine.java:loadSnapshot(226)) - group-27BC56759BB1: The snapshot info is null. Setting the last applied indexto:(t:0, i:~)
2019-09-19 14:39:12,336 [pool-303-thread-1] INFO  server.RaftServerConfigKeys (ConfUtils.java:logGet(43)) - raft.server.leader.election.timeout = 120s (custom)
2019-09-19 14:39:12,336 [pool-303-thread-1] INFO  server.RaftServerConfigKeys (ConfUtils.java:logGet(43)) - raft.server.log.use.memory = false (default)
2019-09-19 14:39:12,336 [pool-303-thread-1] INFO  server.RaftServerConfigKeys (ConfUtils.java:logGet(43)) - raft.server.log.purge.gap = 1000000 (custom)
2019-09-19 14:39:12,336 [pool-303-thread-1] INFO  server.RaftServerConfigKeys (ConfUtils.java:logGet(43)) - raft.server.log.appender.buffer.byte-limit = 33554432 (custom)
2019-09-19 14:39:12,336 [pool-303-thread-1] INFO  server.RaftServerConfigKeys (ConfUtils.java:logGet(43)) - raft.server.log.segment.size.max = 1048576 (custom)
2019-09-19 14:39:12,337 [pool-303-thread-1] INFO  server.RaftServerConfigKeys (ConfUtils.java:logGet(43)) - raft.server.log.segment.cache.num.max = 2 (custom)
2019-09-19 14:39:12,337 [pool-303-thread-1] INFO  segmented.SegmentedRaftLogWorker (SegmentedRaftLogWorker.java:<init>(172)) - new 5147d002-be4b-4fe2-a9d1-e346690982a9-SegmentedRaftLogWorker:Storage Directory /workdir/hadoop-ozone/ozonefs/target/test-dir/MiniOzoneClusterImpl-67a7c723-2f3b-4843-b7f2-075ee33ae8e7/datanode-1/data/ratis/f292ba21-8c96-4f83-821d-27bc56759bb1 for RaftStorage:Storage Directory /workdir/hadoop-ozone/ozonefs/target/test-dir/MiniOzoneClusterImpl-67a7c723-2f3b-4843-b7f2-075ee33ae8e7/datanode-1/data/ratis/f292ba21-8c96-4f83-821d-27bc56759bb1
2019-09-19 14:39:12,337 [pool-303-thread-1] INFO  server.RaftServerConfigKeys (ConfUtils.java:logGet(43)) - raft.server.log.queue.byte-limit = 2147483647 (custom)
2019-09-19 14:39:12,337 [pool-303-thread-1] INFO  server.RaftServerConfigKeys (ConfUtils.java:logGet(43)) - raft.server.log.queue.element-limit = 1024 (custom)
2019-09-19 14:39:12,337 [pool-303-thread-1] INFO  server.RaftServerConfigKeys (ConfUtils.java:logGet(43)) - raft.server.log.segment.size.max = 1048576 (custom)
2019-09-19 14:39:12,337 [pool-303-thread-1] INFO  server.RaftServerConfigKeys (ConfUtils.java:logGet(43)) - raft.server.log.preallocated.size = 16384 (custom)
2019-09-19 14:39:12,338 [pool-303-thread-1] INFO  server.RaftServerConfigKeys (ConfUtils.java:logGet(43)) - raft.server.log.write.buffer.size = 33554432 (custom)
2019-09-19 14:39:12,338 [pool-303-thread-1] INFO  server.RaftServerConfigKeys (ConfUtils.java:logGet(43)) - raft.server.log.force.sync.num = 128 (default)
2019-09-19 14:39:12,338 [pool-303-thread-1] INFO  server.RaftServerConfigKeys (ConfUtils.java:logGet(43)) - raft.server.log.statemachine.data.sync = true (default)
2019-09-19 14:39:12,338 [pool-303-thread-1] INFO  server.RaftServerConfigKeys (ConfUtils.java:logGet(43)) - raft.server.log.statemachine.data.sync.timeout = 10s (default)
2019-09-19 14:39:12,338 [pool-303-thread-1] INFO  server.RaftServerConfigKeys (ConfUtils.java:logGet(43)) - raft.server.log.statemachine.data.sync.timeout.retry = -1 (default)
2019-09-19 14:39:12,338 [pool-303-thread-1] INFO  server.RaftServerConfigKeys (ConfUtils.java:logGet(43)) - raft.server.log.statemachine.data.caching.enabled = true (custom)
2019-09-19 14:39:12,338 [pool-303-thread-1] INFO  segmented.SegmentedRaftLogWorker (SegmentedRaftLogWorker.java:lambda$new$0(132)) - 5147d002-be4b-4fe2-a9d1-e346690982a9-SegmentedRaftLogWorker:Storage Directory /workdir/hadoop-ozone/ozonefs/target/test-dir/MiniOzoneClusterImpl-67a7c723-2f3b-4843-b7f2-075ee33ae8e7/datanode-1/data/ratis/f292ba21-8c96-4f83-821d-27bc56759bb1: flushIndex: setUnconditionally 0 -> -1
2019-09-19 14:39:12,339 [pool-303-thread-1] INFO  server.RaftServerConfigKeys (ConfUtils.java:logGet(43)) - raft.server.snapshot.auto.trigger.enabled = true (custom)
2019-09-19 14:39:12,339 [pool-303-thread-1] INFO  server.RaftServerConfigKeys (ConfUtils.java:logGet(43)) - raft.server.snapshot.auto.trigger.threshold = 10000 (custom)
2019-09-19 14:39:12,339 [pool-303-thread-1] INFO  server.RaftServerConfigKeys (ConfUtils.java:logGet(43)) - raft.server.retrycache.expirytime = 600000ms (custom)
2019-09-19 14:39:12,339 [pool-303-thread-1] INFO  impl.RaftServerImpl (RaftServerImpl.java:start(180)) - 5147d002-be4b-4fe2-a9d1-e346690982a9: start group-27BC56759BB1
2019-09-19 14:39:12,339 [pool-303-thread-1] INFO  impl.RaftServerImpl (RaftServerImpl.java:setRole(171)) - 5147d002-be4b-4fe2-a9d1-e346690982a9:group-27BC56759BB1 changes role from null to FOLLOWER at term 0 for startAsFollower
2019-09-19 14:39:12,339 [pool-303-thread-1] INFO  impl.RoleInfo (RoleInfo.java:updateAndGet(143)) - 5147d002-be4b-4fe2-a9d1-e346690982a9: start FollowerState
2019-09-19 14:39:12,340 [pool-303-thread-1] INFO  util.JmxRegister (JmxRegister.java:tryRegister(44)) - Successfully registered JMX Bean with object name Ratis:service=RaftServer,group=group-27BC56759BB1,id=5147d002-be4b-4fe2-a9d1-e346690982a9
2019-09-19 14:39:12,342 [RatisPipelineUtilsThread] INFO  pipeline.PipelineStateManager (PipelineStateManager.java:addPipeline(56)) - Created pipeline Pipeline[ Id: f292ba21-8c96-4f83-821d-27bc56759bb1, Nodes: 5147d002-be4b-4fe2-a9d1-e346690982a9{ip: 192.168.5.132, host: pr-hdds-1569-rzdr8-3403194166, networkLocation: /default-rack, certSerialId: null}, Type:RATIS, Factor:ONE, State:OPEN]
2019-09-19 14:39:12,342 [RatisPipelineUtilsThread] ERROR pipeline.PipelinePlacementPolicy (PipelinePlacementPolicy.java:meetCriteria(91)) - Pipeline Placement: Doesn't meet the criteria to be viable node. Heaviness: 6
2019-09-19 14:39:12,349 [grpc-default-executor-0] INFO  impl.RaftServerProxy (RaftServerProxy.java:addNew(89)) - d7fb301a-31fb-49ad-b00e-9dfe8c13a3d5: addNew group-FC8C614A54F5:[d7fb301a-31fb-49ad-b00e-9dfe8c13a3d5:192.168.5.132:40457] returns group-FC8C614A54F5:java.util.concurrent.CompletableFuture@519f6052[Not completed]
2019-09-19 14:39:12,350 [pool-314-thread-1] INFO  impl.RaftServerImpl (RaftServerImpl.java:<init>(93)) - d7fb301a-31fb-49ad-b00e-9dfe8c13a3d5: new RaftServerImpl for group-FC8C614A54F5:[d7fb301a-31fb-49ad-b00e-9dfe8c13a3d5:192.168.5.132:40457] with ContainerStateMachine:uninitialized
2019-09-19 14:39:12,350 [pool-314-thread-1] INFO  server.RaftServerConfigKeys (ConfUtils.java:logGet(43)) - raft.server.rpc.timeout.min = 5s (custom)
2019-09-19 14:39:12,350 [pool-314-thread-1] INFO  server.RaftServerConfigKeys (ConfUtils.java:logGet(43)) - raft.server.rpc.timeout.max = 5200ms (custom)
2019-09-19 14:39:12,350 [pool-314-thread-1] INFO  server.RaftServerConfigKeys (ConfUtils.java:logGet(43)) - raft.server.rpcslowness.timeout = 120s (custom)
2019-09-19 14:39:12,350 [pool-314-thread-1] INFO  server.RaftServerConfigKeys (ConfUtils.java:logGet(43)) - raft.server.sleep.deviation.threshold = 300 (default)
2019-09-19 14:39:12,350 [pool-314-thread-1] INFO  server.RaftServerConfigKeys (ConfUtils.java:logGet(43)) - raft.server.log.appender.install.snapshot.enabled = false (custom)
2019-09-19 14:39:12,350 [pool-314-thread-1] INFO  impl.RaftServerImpl (ServerState.java:<init>(105)) - d7fb301a-31fb-49ad-b00e-9dfe8c13a3d5:group-FC8C614A54F5 ConfigurationManager, init=-1: [d7fb301a-31fb-49ad-b00e-9dfe8c13a3d5:192.168.5.132:40457], old=null, confs=<EMPTY_MAP>
2019-09-19 14:39:12,351 [pool-314-thread-1] INFO  server.RaftServerConfigKeys (ConfUtils.java:logGet(43)) - raft.server.storage.dir = [/workdir/hadoop-ozone/ozonefs/target/test-dir/MiniOzoneClusterImpl-67a7c723-2f3b-4843-b7f2-075ee33ae8e7/datanode-2/data/ratis] (custom)
2019-09-19 14:39:12,351 [pool-314-thread-1] INFO  storage.RaftStorageDirectory (RaftStorageDirectory.java:analyzeStorage(246)) - The storage directory /workdir/hadoop-ozone/ozonefs/target/test-dir/MiniOzoneClusterImpl-67a7c723-2f3b-4843-b7f2-075ee33ae8e7/datanode-2/data/ratis/8ce59823-c037-4b39-aa73-fc8c614a54f5 does not exist. Creating ...
2019-09-19 14:39:12,376 [pool-314-thread-1] INFO  storage.RaftStorageDirectory (RaftStorageDirectory.java:tryLock(328)) - Lock on /workdir/hadoop-ozone/ozonefs/target/test-dir/MiniOzoneClusterImpl-67a7c723-2f3b-4843-b7f2-075ee33ae8e7/datanode-2/data/ratis/8ce59823-c037-4b39-aa73-fc8c614a54f5/in_use.lock acquired by nodename 25220@pr-hdds-1569-rzdr8-3403194166
2019-09-19 14:39:12,381 [pool-314-thread-1] INFO  storage.RaftStorage (RaftStorage.java:format(72)) - Storage directory /workdir/hadoop-ozone/ozonefs/target/test-dir/MiniOzoneClusterImpl-67a7c723-2f3b-4843-b7f2-075ee33ae8e7/datanode-2/data/ratis/8ce59823-c037-4b39-aa73-fc8c614a54f5 has been successfully formatted.
2019-09-19 14:39:12,382 [pool-314-thread-1] INFO  ratis.ContainerStateMachine (ContainerStateMachine.java:loadSnapshot(226)) - group-FC8C614A54F5: The snapshot info is null. Setting the last applied indexto:(t:0, i:~)
2019-09-19 14:39:12,382 [pool-314-thread-1] INFO  server.RaftServerConfigKeys (ConfUtils.java:logGet(43)) - raft.server.leader.election.timeout = 120s (custom)
2019-09-19 14:39:12,382 [pool-314-thread-1] INFO  server.RaftServerConfigKeys (ConfUtils.java:logGet(43)) - raft.server.log.use.memory = false (default)
2019-09-19 14:39:12,382 [pool-314-thread-1] INFO  server.RaftServerConfigKeys (ConfUtils.java:logGet(43)) - raft.server.log.purge.gap = 1000000 (custom)
2019-09-19 14:39:12,382 [pool-314-thread-1] INFO  server.RaftServerConfigKeys (ConfUtils.java:logGet(43)) - raft.server.log.appender.buffer.byte-limit = 33554432 (custom)
2019-09-19 14:39:12,382 [pool-314-thread-1] INFO  server.RaftServerConfigKeys (ConfUtils.java:logGet(43)) - raft.server.log.segment.size.max = 1048576 (custom)
2019-09-19 14:39:12,383 [pool-314-thread-1] INFO  server.RaftServerConfigKeys (ConfUtils.java:logGet(43)) - raft.server.log.segment.cache.num.max = 2 (custom)
2019-09-19 14:39:12,383 [pool-314-thread-1] INFO  segmented.SegmentedRaftLogWorker (SegmentedRaftLogWorker.java:<init>(172)) - new d7fb301a-31fb-49ad-b00e-9dfe8c13a3d5-SegmentedRaftLogWorker:Storage Directory /workdir/hadoop-ozone/ozonefs/target/test-dir/MiniOzoneClusterImpl-67a7c723-2f3b-4843-b7f2-075ee33ae8e7/datanode-2/data/ratis/8ce59823-c037-4b39-aa73-fc8c614a54f5 for RaftStorage:Storage Directory /workdir/hadoop-ozone/ozonefs/target/test-dir/MiniOzoneClusterImpl-67a7c723-2f3b-4843-b7f2-075ee33ae8e7/datanode-2/data/ratis/8ce59823-c037-4b39-aa73-fc8c614a54f5
2019-09-19 14:39:12,383 [pool-314-thread-1] INFO  server.RaftServerConfigKeys (ConfUtils.java:logGet(43)) - raft.server.log.queue.byte-limit = 2147483647 (custom)
2019-09-19 14:39:12,383 [pool-314-thread-1] INFO  server.RaftServerConfigKeys (ConfUtils.java:logGet(43)) - raft.server.log.queue.element-limit = 1024 (custom)
2019-09-19 14:39:12,383 [pool-314-thread-1] INFO  server.RaftServerConfigKeys (ConfUtils.java:logGet(43)) - raft.server.log.segment.size.max = 1048576 (custom)
2019-09-19 14:39:12,383 [pool-314-thread-1] INFO  server.RaftServerConfigKeys (ConfUtils.java:logGet(43)) - raft.server.log.preallocated.size = 16384 (custom)
2019-09-19 14:39:12,383 [pool-314-thread-1] INFO  server.RaftServerConfigKeys (ConfUtils.java:logGet(43)) - raft.server.log.write.buffer.size = 33554432 (custom)
2019-09-19 14:39:12,383 [pool-314-thread-1] INFO  server.RaftServerConfigKeys (ConfUtils.java:logGet(43)) - raft.server.log.force.sync.num = 128 (default)
2019-09-19 14:39:12,384 [pool-314-thread-1] INFO  server.RaftServerConfigKeys (ConfUtils.java:logGet(43)) - raft.server.log.statemachine.data.sync = true (default)
2019-09-19 14:39:12,384 [pool-314-thread-1] INFO  server.RaftServerConfigKeys (ConfUtils.java:logGet(43)) - raft.server.log.statemachine.data.sync.timeout = 10s (default)
2019-09-19 14:39:12,384 [pool-314-thread-1] INFO  server.RaftServerConfigKeys (ConfUtils.java:logGet(43)) - raft.server.log.statemachine.data.sync.timeout.retry = -1 (default)
2019-09-19 14:39:12,384 [pool-314-thread-1] INFO  server.RaftServerConfigKeys (ConfUtils.java:logGet(43)) - raft.server.log.statemachine.data.caching.enabled = true (custom)
2019-09-19 14:39:12,384 [pool-314-thread-1] INFO  segmented.SegmentedRaftLogWorker (SegmentedRaftLogWorker.java:lambda$new$0(132)) - d7fb301a-31fb-49ad-b00e-9dfe8c13a3d5-SegmentedRaftLogWorker:Storage Directory /workdir/hadoop-ozone/ozonefs/target/test-dir/MiniOzoneClusterImpl-67a7c723-2f3b-4843-b7f2-075ee33ae8e7/datanode-2/data/ratis/8ce59823-c037-4b39-aa73-fc8c614a54f5: flushIndex: setUnconditionally 0 -> -1
2019-09-19 14:39:12,385 [pool-314-thread-1] INFO  server.RaftServerConfigKeys (ConfUtils.java:logGet(43)) - raft.server.snapshot.auto.trigger.enabled = true (custom)
2019-09-19 14:39:12,385 [pool-314-thread-1] INFO  server.RaftServerConfigKeys (ConfUtils.java:logGet(43)) - raft.server.snapshot.auto.trigger.threshold = 10000 (custom)
2019-09-19 14:39:12,385 [pool-314-thread-1] INFO  server.RaftServerConfigKeys (ConfUtils.java:logGet(43)) - raft.server.retrycache.expirytime = 600000ms (custom)
2019-09-19 14:39:12,385 [pool-314-thread-1] INFO  impl.RaftServerImpl (RaftServerImpl.java:start(180)) - d7fb301a-31fb-49ad-b00e-9dfe8c13a3d5: start group-FC8C614A54F5
2019-09-19 14:39:12,385 [pool-314-thread-1] INFO  impl.RaftServerImpl (RaftServerImpl.java:setRole(171)) - d7fb301a-31fb-49ad-b00e-9dfe8c13a3d5:group-FC8C614A54F5 changes role from null to FOLLOWER at term 0 for startAsFollower
2019-09-19 14:39:12,385 [pool-314-thread-1] INFO  impl.RoleInfo (RoleInfo.java:updateAndGet(143)) - d7fb301a-31fb-49ad-b00e-9dfe8c13a3d5: start FollowerState
2019-09-19 14:39:12,386 [pool-314-thread-1] INFO  util.JmxRegister (JmxRegister.java:tryRegister(44)) - Successfully registered JMX Bean with object name Ratis:service=RaftServer,group=group-FC8C614A54F5,id=d7fb301a-31fb-49ad-b00e-9dfe8c13a3d5
2019-09-19 14:39:12,388 [RatisPipelineUtilsThread] INFO  pipeline.PipelineStateManager (PipelineStateManager.java:addPipeline(56)) - Created pipeline Pipeline[ Id: 8ce59823-c037-4b39-aa73-fc8c614a54f5, Nodes: d7fb301a-31fb-49ad-b00e-9dfe8c13a3d5{ip: 192.168.5.132, host: pr-hdds-1569-rzdr8-3403194166, networkLocation: /default-rack, certSerialId: null}, Type:RATIS, Factor:ONE, State:OPEN]
2019-09-19 14:39:12,388 [RatisPipelineUtilsThread] ERROR pipeline.PipelinePlacementPolicy (PipelinePlacementPolicy.java:meetCriteria(91)) - Pipeline Placement: Doesn't meet the criteria to be viable node. Heaviness: 6
2019-09-19 14:39:12,393 [grpc-default-executor-0] INFO  impl.RaftServerProxy (RaftServerProxy.java:addNew(89)) - 5147d002-be4b-4fe2-a9d1-e346690982a9: addNew group-BE6F72A3F8BE:[5147d002-be4b-4fe2-a9d1-e346690982a9:192.168.5.132:37174] returns group-BE6F72A3F8BE:java.util.concurrent.CompletableFuture@4a3331b6[Not completed]
2019-09-19 14:39:12,394 [pool-303-thread-1] INFO  impl.RaftServerImpl (RaftServerImpl.java:<init>(93)) - 5147d002-be4b-4fe2-a9d1-e346690982a9: new RaftServerImpl for group-BE6F72A3F8BE:[5147d002-be4b-4fe2-a9d1-e346690982a9:192.168.5.132:37174] with ContainerStateMachine:uninitialized
2019-09-19 14:39:12,394 [pool-303-thread-1] INFO  server.RaftServerConfigKeys (ConfUtils.java:logGet(43)) - raft.server.rpc.timeout.min = 5s (custom)
2019-09-19 14:39:12,394 [pool-303-thread-1] INFO  server.RaftServerConfigKeys (ConfUtils.java:logGet(43)) - raft.server.rpc.timeout.max = 5200ms (custom)
2019-09-19 14:39:12,394 [pool-303-thread-1] INFO  server.RaftServerConfigKeys (ConfUtils.java:logGet(43)) - raft.server.rpcslowness.timeout = 120s (custom)
2019-09-19 14:39:12,394 [pool-303-thread-1] INFO  server.RaftServerConfigKeys (ConfUtils.java:logGet(43)) - raft.server.sleep.deviation.threshold = 300 (default)
2019-09-19 14:39:12,394 [pool-303-thread-1] INFO  server.RaftServerConfigKeys (ConfUtils.java:logGet(43)) - raft.server.log.appender.install.snapshot.enabled = false (custom)
2019-09-19 14:39:12,394 [pool-303-thread-1] INFO  impl.RaftServerImpl (ServerState.java:<init>(105)) - 5147d002-be4b-4fe2-a9d1-e346690982a9:group-BE6F72A3F8BE ConfigurationManager, init=-1: [5147d002-be4b-4fe2-a9d1-e346690982a9:192.168.5.132:37174], old=null, confs=<EMPTY_MAP>
2019-09-19 14:39:12,394 [pool-303-thread-1] INFO  server.RaftServerConfigKeys (ConfUtils.java:logGet(43)) - raft.server.storage.dir = [/workdir/hadoop-ozone/ozonefs/target/test-dir/MiniOzoneClusterImpl-67a7c723-2f3b-4843-b7f2-075ee33ae8e7/datanode-1/data/ratis] (custom)
2019-09-19 14:39:12,395 [pool-303-thread-1] INFO  storage.RaftStorageDirectory (RaftStorageDirectory.java:analyzeStorage(246)) - The storage directory /workdir/hadoop-ozone/ozonefs/target/test-dir/MiniOzoneClusterImpl-67a7c723-2f3b-4843-b7f2-075ee33ae8e7/datanode-1/data/ratis/884e8d8b-3b19-4a66-8139-be6f72a3f8be does not exist. Creating ...
2019-09-19 14:39:12,399 [pool-303-thread-1] INFO  storage.RaftStorageDirectory (RaftStorageDirectory.java:tryLock(328)) - Lock on /workdir/hadoop-ozone/ozonefs/target/test-dir/MiniOzoneClusterImpl-67a7c723-2f3b-4843-b7f2-075ee33ae8e7/datanode-1/data/ratis/884e8d8b-3b19-4a66-8139-be6f72a3f8be/in_use.lock acquired by nodename 25220@pr-hdds-1569-rzdr8-3403194166
2019-09-19 14:39:12,403 [pool-303-thread-1] INFO  storage.RaftStorage (RaftStorage.java:format(72)) - Storage directory /workdir/hadoop-ozone/ozonefs/target/test-dir/MiniOzoneClusterImpl-67a7c723-2f3b-4843-b7f2-075ee33ae8e7/datanode-1/data/ratis/884e8d8b-3b19-4a66-8139-be6f72a3f8be has been successfully formatted.
2019-09-19 14:39:12,404 [pool-303-thread-1] INFO  ratis.ContainerStateMachine (ContainerStateMachine.java:loadSnapshot(226)) - group-BE6F72A3F8BE: The snapshot info is null. Setting the last applied indexto:(t:0, i:~)
2019-09-19 14:39:12,404 [pool-303-thread-1] INFO  server.RaftServerConfigKeys (ConfUtils.java:logGet(43)) - raft.server.leader.election.timeout = 120s (custom)
2019-09-19 14:39:12,404 [pool-303-thread-1] INFO  server.RaftServerConfigKeys (ConfUtils.java:logGet(43)) - raft.server.log.use.memory = false (default)
2019-09-19 14:39:12,404 [pool-303-thread-1] INFO  server.RaftServerConfigKeys (ConfUtils.java:logGet(43)) - raft.server.log.purge.gap = 1000000 (custom)
2019-09-19 14:39:12,404 [pool-303-thread-1] INFO  server.RaftServerConfigKeys (ConfUtils.java:logGet(43)) - raft.server.log.appender.buffer.byte-limit = 33554432 (custom)
2019-09-19 14:39:12,404 [pool-303-thread-1] INFO  server.RaftServerConfigKeys (ConfUtils.java:logGet(43)) - raft.server.log.segment.size.max = 1048576 (custom)
2019-09-19 14:39:12,404 [pool-303-thread-1] INFO  server.RaftServerConfigKeys (ConfUtils.java:logGet(43)) - raft.server.log.segment.cache.num.max = 2 (custom)
2019-09-19 14:39:12,404 [pool-303-thread-1] INFO  segmented.SegmentedRaftLogWorker (SegmentedRaftLogWorker.java:<init>(172)) - new 5147d002-be4b-4fe2-a9d1-e346690982a9-SegmentedRaftLogWorker:Storage Directory /workdir/hadoop-ozone/ozonefs/target/test-dir/MiniOzoneClusterImpl-67a7c723-2f3b-4843-b7f2-075ee33ae8e7/datanode-1/data/ratis/884e8d8b-3b19-4a66-8139-be6f72a3f8be for RaftStorage:Storage Directory /workdir/hadoop-ozone/ozonefs/target/test-dir/MiniOzoneClusterImpl-67a7c723-2f3b-4843-b7f2-075ee33ae8e7/datanode-1/data/ratis/884e8d8b-3b19-4a66-8139-be6f72a3f8be
2019-09-19 14:39:12,405 [pool-303-thread-1] INFO  server.RaftServerConfigKeys (ConfUtils.java:logGet(43)) - raft.server.log.queue.byte-limit = 2147483647 (custom)
2019-09-19 14:39:12,405 [pool-303-thread-1] INFO  server.RaftServerConfigKeys (ConfUtils.java:logGet(43)) - raft.server.log.queue.element-limit = 1024 (custom)
2019-09-19 14:39:12,405 [pool-303-thread-1] INFO  server.RaftServerConfigKeys (ConfUtils.java:logGet(43)) - raft.server.log.segment.size.max = 1048576 (custom)
2019-09-19 14:39:12,405 [pool-303-thread-1] INFO  server.RaftServerConfigKeys (ConfUtils.java:logGet(43)) - raft.server.log.preallocated.size = 16384 (custom)
2019-09-19 14:39:12,405 [pool-303-thread-1] INFO  server.RaftServerConfigKeys (ConfUtils.java:logGet(43)) - raft.server.log.write.buffer.size = 33554432 (custom)
2019-09-19 14:39:12,405 [pool-303-thread-1] INFO  server.RaftServerConfigKeys (ConfUtils.java:logGet(43)) - raft.server.log.force.sync.num = 128 (default)
2019-09-19 14:39:12,405 [pool-303-thread-1] INFO  server.RaftServerConfigKeys (ConfUtils.java:logGet(43)) - raft.server.log.statemachine.data.sync = true (default)
2019-09-19 14:39:12,405 [pool-303-thread-1] INFO  server.RaftServerConfigKeys (ConfUtils.java:logGet(43)) - raft.server.log.statemachine.data.sync.timeout = 10s (default)
2019-09-19 14:39:12,405 [pool-303-thread-1] INFO  server.RaftServerConfigKeys (ConfUtils.java:logGet(43)) - raft.server.log.statemachine.data.sync.timeout.retry = -1 (default)
2019-09-19 14:39:12,406 [pool-303-thread-1] INFO  server.RaftServerConfigKeys (ConfUtils.java:logGet(43)) - raft.server.log.statemachine.data.caching.enabled = true (custom)
2019-09-19 14:39:12,406 [pool-303-thread-1] INFO  segmented.SegmentedRaftLogWorker (SegmentedRaftLogWorker.java:lambda$new$0(132)) - 5147d002-be4b-4fe2-a9d1-e346690982a9-SegmentedRaftLogWorker:Storage Directory /workdir/hadoop-ozone/ozonefs/target/test-dir/MiniOzoneClusterImpl-67a7c723-2f3b-4843-b7f2-075ee33ae8e7/datanode-1/data/ratis/884e8d8b-3b19-4a66-8139-be6f72a3f8be: flushIndex: setUnconditionally 0 -> -1
2019-09-19 14:39:12,406 [pool-303-thread-1] INFO  server.RaftServerConfigKeys (ConfUtils.java:logGet(43)) - raft.server.snapshot.auto.trigger.enabled = true (custom)
2019-09-19 14:39:12,406 [pool-303-thread-1] INFO  server.RaftServerConfigKeys (ConfUtils.java:logGet(43)) - raft.server.snapshot.auto.trigger.threshold = 10000 (custom)
2019-09-19 14:39:12,406 [pool-303-thread-1] INFO  server.RaftServerConfigKeys (ConfUtils.java:logGet(43)) - raft.server.retrycache.expirytime = 600000ms (custom)
2019-09-19 14:39:12,406 [pool-303-thread-1] INFO  impl.RaftServerImpl (RaftServerImpl.java:start(180)) - 5147d002-be4b-4fe2-a9d1-e346690982a9: start group-BE6F72A3F8BE
2019-09-19 14:39:12,406 [pool-303-thread-1] INFO  impl.RaftServerImpl (RaftServerImpl.java:setRole(171)) - 5147d002-be4b-4fe2-a9d1-e346690982a9:group-BE6F72A3F8BE changes role from null to FOLLOWER at term 0 for startAsFollower
2019-09-19 14:39:12,407 [pool-303-thread-1] INFO  impl.RoleInfo (RoleInfo.java:updateAndGet(143)) - 5147d002-be4b-4fe2-a9d1-e346690982a9: start FollowerState
2019-09-19 14:39:12,407 [pool-303-thread-1] INFO  util.JmxRegister (JmxRegister.java:tryRegister(44)) - Successfully registered JMX Bean with object name Ratis:service=RaftServer,group=group-BE6F72A3F8BE,id=5147d002-be4b-4fe2-a9d1-e346690982a9
2019-09-19 14:39:12,409 [RatisPipelineUtilsThread] INFO  pipeline.PipelineStateManager (PipelineStateManager.java:addPipeline(56)) - Created pipeline Pipeline[ Id: 884e8d8b-3b19-4a66-8139-be6f72a3f8be, Nodes: 5147d002-be4b-4fe2-a9d1-e346690982a9{ip: 192.168.5.132, host: pr-hdds-1569-rzdr8-3403194166, networkLocation: /default-rack, certSerialId: null}, Type:RATIS, Factor:ONE, State:OPEN]
2019-09-19 14:39:12,409 [RatisPipelineUtilsThread] ERROR pipeline.PipelinePlacementPolicy (PipelinePlacementPolicy.java:meetCriteria(91)) - Pipeline Placement: Doesn't meet the criteria to be viable node. Heaviness: 6
2019-09-19 14:39:12,413 [grpc-default-executor-0] INFO  impl.RaftServerProxy (RaftServerProxy.java:addNew(89)) - 5147d002-be4b-4fe2-a9d1-e346690982a9: addNew group-A10512F7D20B:[5147d002-be4b-4fe2-a9d1-e346690982a9:192.168.5.132:37174] returns group-A10512F7D20B:java.util.concurrent.CompletableFuture@39afaaf5[Not completed]
2019-09-19 14:39:12,414 [pool-303-thread-1] INFO  impl.RaftServerImpl (RaftServerImpl.java:<init>(93)) - 5147d002-be4b-4fe2-a9d1-e346690982a9: new RaftServerImpl for group-A10512F7D20B:[5147d002-be4b-4fe2-a9d1-e346690982a9:192.168.5.132:37174] with ContainerStateMachine:uninitialized
2019-09-19 14:39:12,414 [pool-303-thread-1] INFO  server.RaftServerConfigKeys (ConfUtils.java:logGet(43)) - raft.server.rpc.timeout.min = 5s (custom)
2019-09-19 14:39:12,414 [pool-303-thread-1] INFO  server.RaftServerConfigKeys (ConfUtils.java:logGet(43)) - raft.server.rpc.timeout.max = 5200ms (custom)
2019-09-19 14:39:12,414 [pool-303-thread-1] INFO  server.RaftServerConfigKeys (ConfUtils.java:logGet(43)) - raft.server.rpcslowness.timeout = 120s (custom)
2019-09-19 14:39:12,414 [pool-303-thread-1] INFO  server.RaftServerConfigKeys (ConfUtils.java:logGet(43)) - raft.server.sleep.deviation.threshold = 300 (default)
2019-09-19 14:39:12,414 [pool-303-thread-1] INFO  server.RaftServerConfigKeys (ConfUtils.java:logGet(43)) - raft.server.log.appender.install.snapshot.enabled = false (custom)
2019-09-19 14:39:12,414 [pool-303-thread-1] INFO  impl.RaftServerImpl (ServerState.java:<init>(105)) - 5147d002-be4b-4fe2-a9d1-e346690982a9:group-A10512F7D20B ConfigurationManager, init=-1: [5147d002-be4b-4fe2-a9d1-e346690982a9:192.168.5.132:37174], old=null, confs=<EMPTY_MAP>
2019-09-19 14:39:12,414 [pool-303-thread-1] INFO  server.RaftServerConfigKeys (ConfUtils.java:logGet(43)) - raft.server.storage.dir = [/workdir/hadoop-ozone/ozonefs/target/test-dir/MiniOzoneClusterImpl-67a7c723-2f3b-4843-b7f2-075ee33ae8e7/datanode-1/data/ratis] (custom)
2019-09-19 14:39:12,415 [pool-303-thread-1] INFO  storage.RaftStorageDirectory (RaftStorageDirectory.java:analyzeStorage(246)) - The storage directory /workdir/hadoop-ozone/ozonefs/target/test-dir/MiniOzoneClusterImpl-67a7c723-2f3b-4843-b7f2-075ee33ae8e7/datanode-1/data/ratis/da2dc3be-858f-4d01-b4da-a10512f7d20b does not exist. Creating ...
2019-09-19 14:39:12,419 [pool-303-thread-1] INFO  storage.RaftStorageDirectory (RaftStorageDirectory.java:tryLock(328)) - Lock on /workdir/hadoop-ozone/ozonefs/target/test-dir/MiniOzoneClusterImpl-67a7c723-2f3b-4843-b7f2-075ee33ae8e7/datanode-1/data/ratis/da2dc3be-858f-4d01-b4da-a10512f7d20b/in_use.lock acquired by nodename 25220@pr-hdds-1569-rzdr8-3403194166
2019-09-19 14:39:12,423 [pool-303-thread-1] INFO  storage.RaftStorage (RaftStorage.java:format(72)) - Storage directory /workdir/hadoop-ozone/ozonefs/target/test-dir/MiniOzoneClusterImpl-67a7c723-2f3b-4843-b7f2-075ee33ae8e7/datanode-1/data/ratis/da2dc3be-858f-4d01-b4da-a10512f7d20b has been successfully formatted.
2019-09-19 14:39:12,423 [pool-303-thread-1] INFO  ratis.ContainerStateMachine (ContainerStateMachine.java:loadSnapshot(226)) - group-A10512F7D20B: The snapshot info is null. Setting the last applied indexto:(t:0, i:~)
2019-09-19 14:39:12,423 [pool-303-thread-1] INFO  server.RaftServerConfigKeys (ConfUtils.java:logGet(43)) - raft.server.leader.election.timeout = 120s (custom)
2019-09-19 14:39:12,423 [pool-303-thread-1] INFO  server.RaftServerConfigKeys (ConfUtils.java:logGet(43)) - raft.server.log.use.memory = false (default)
2019-09-19 14:39:12,423 [pool-303-thread-1] INFO  server.RaftServerConfigKeys (ConfUtils.java:logGet(43)) - raft.server.log.purge.gap = 1000000 (custom)
2019-09-19 14:39:12,423 [pool-303-thread-1] INFO  server.RaftServerConfigKeys (ConfUtils.java:logGet(43)) - raft.server.log.appender.buffer.byte-limit = 33554432 (custom)
2019-09-19 14:39:12,423 [pool-303-thread-1] INFO  server.RaftServerConfigKeys (ConfUtils.java:logGet(43)) - raft.server.log.segment.size.max = 1048576 (custom)
2019-09-19 14:39:12,423 [pool-303-thread-1] INFO  server.RaftServerConfigKeys (ConfUtils.java:logGet(43)) - raft.server.log.segment.cache.num.max = 2 (custom)
2019-09-19 14:39:12,424 [pool-303-thread-1] INFO  segmented.SegmentedRaftLogWorker (SegmentedRaftLogWorker.java:<init>(172)) - new 5147d002-be4b-4fe2-a9d1-e346690982a9-SegmentedRaftLogWorker:Storage Directory /workdir/hadoop-ozone/ozonefs/target/test-dir/MiniOzoneClusterImpl-67a7c723-2f3b-4843-b7f2-075ee33ae8e7/datanode-1/data/ratis/da2dc3be-858f-4d01-b4da-a10512f7d20b for RaftStorage:Storage Directory /workdir/hadoop-ozone/ozonefs/target/test-dir/MiniOzoneClusterImpl-67a7c723-2f3b-4843-b7f2-075ee33ae8e7/datanode-1/data/ratis/da2dc3be-858f-4d01-b4da-a10512f7d20b
2019-09-19 14:39:12,424 [pool-303-thread-1] INFO  server.RaftServerConfigKeys (ConfUtils.java:logGet(43)) - raft.server.log.queue.byte-limit = 2147483647 (custom)
2019-09-19 14:39:12,424 [pool-303-thread-1] INFO  server.RaftServerConfigKeys (ConfUtils.java:logGet(43)) - raft.server.log.queue.element-limit = 1024 (custom)
2019-09-19 14:39:12,424 [pool-303-thread-1] INFO  server.RaftServerConfigKeys (ConfUtils.java:logGet(43)) - raft.server.log.segment.size.max = 1048576 (custom)
2019-09-19 14:39:12,424 [pool-303-thread-1] INFO  server.RaftServerConfigKeys (ConfUtils.java:logGet(43)) - raft.server.log.preallocated.size = 16384 (custom)
2019-09-19 14:39:12,424 [pool-303-thread-1] INFO  server.RaftServerConfigKeys (ConfUtils.java:logGet(43)) - raft.server.log.write.buffer.size = 33554432 (custom)
2019-09-19 14:39:12,424 [pool-303-thread-1] INFO  server.RaftServerConfigKeys (ConfUtils.java:logGet(43)) - raft.server.log.force.sync.num = 128 (default)
2019-09-19 14:39:12,424 [pool-303-thread-1] INFO  server.RaftServerConfigKeys (ConfUtils.java:logGet(43)) - raft.server.log.statemachine.data.sync = true (default)
2019-09-19 14:39:12,424 [pool-303-thread-1] INFO  server.RaftServerConfigKeys (ConfUtils.java:logGet(43)) - raft.server.log.statemachine.data.sync.timeout = 10s (default)
2019-09-19 14:39:12,424 [pool-303-thread-1] INFO  server.RaftServerConfigKeys (ConfUtils.java:logGet(43)) - raft.server.log.statemachine.data.sync.timeout.retry = -1 (default)
2019-09-19 14:39:12,425 [pool-303-thread-1] INFO  server.RaftServerConfigKeys (ConfUtils.java:logGet(43)) - raft.server.log.statemachine.data.caching.enabled = true (custom)
2019-09-19 14:39:12,425 [pool-303-thread-1] INFO  segmented.SegmentedRaftLogWorker (SegmentedRaftLogWorker.java:lambda$new$0(132)) - 5147d002-be4b-4fe2-a9d1-e346690982a9-SegmentedRaftLogWorker:Storage Directory /workdir/hadoop-ozone/ozonefs/target/test-dir/MiniOzoneClusterImpl-67a7c723-2f3b-4843-b7f2-075ee33ae8e7/datanode-1/data/ratis/da2dc3be-858f-4d01-b4da-a10512f7d20b: flushIndex: setUnconditionally 0 -> -1
2019-09-19 14:39:12,425 [pool-303-thread-1] INFO  server.RaftServerConfigKeys (ConfUtils.java:logGet(43)) - raft.server.snapshot.auto.trigger.enabled = true (custom)
2019-09-19 14:39:12,425 [pool-303-thread-1] INFO  server.RaftServerConfigKeys (ConfUtils.java:logGet(43)) - raft.server.snapshot.auto.trigger.threshold = 10000 (custom)
2019-09-19 14:39:12,425 [pool-303-thread-1] INFO  server.RaftServerConfigKeys (ConfUtils.java:logGet(43)) - raft.server.retrycache.expirytime = 600000ms (custom)
2019-09-19 14:39:12,425 [pool-303-thread-1] INFO  impl.RaftServerImpl (RaftServerImpl.java:start(180)) - 5147d002-be4b-4fe2-a9d1-e346690982a9: start group-A10512F7D20B
2019-09-19 14:39:12,425 [pool-303-thread-1] INFO  impl.RaftServerImpl (RaftServerImpl.java:setRole(171)) - 5147d002-be4b-4fe2-a9d1-e346690982a9:group-A10512F7D20B changes role from null to FOLLOWER at term 0 for startAsFollower
2019-09-19 14:39:12,425 [pool-303-thread-1] INFO  impl.RoleInfo (RoleInfo.java:updateAndGet(143)) - 5147d002-be4b-4fe2-a9d1-e346690982a9: start FollowerState
2019-09-19 14:39:12,426 [pool-303-thread-1] INFO  util.JmxRegister (JmxRegister.java:tryRegister(44)) - Successfully registered JMX Bean with object name Ratis:service=RaftServer,group=group-A10512F7D20B,id=5147d002-be4b-4fe2-a9d1-e346690982a9
2019-09-19 14:39:12,431 [RatisPipelineUtilsThread] INFO  pipeline.PipelineStateManager (PipelineStateManager.java:addPipeline(56)) - Created pipeline Pipeline[ Id: da2dc3be-858f-4d01-b4da-a10512f7d20b, Nodes: 5147d002-be4b-4fe2-a9d1-e346690982a9{ip: 192.168.5.132, host: pr-hdds-1569-rzdr8-3403194166, networkLocation: /default-rack, certSerialId: null}, Type:RATIS, Factor:ONE, State:OPEN]
2019-09-19 14:39:12,431 [RatisPipelineUtilsThread] ERROR pipeline.PipelinePlacementPolicy (PipelinePlacementPolicy.java:meetCriteria(91)) - Pipeline Placement: Doesn't meet the criteria to be viable node. Heaviness: 6
2019-09-19 14:39:12,436 [grpc-default-executor-0] INFO  impl.RaftServerProxy (RaftServerProxy.java:addNew(89)) - 5147d002-be4b-4fe2-a9d1-e346690982a9: addNew group-799832F63BBE:[5147d002-be4b-4fe2-a9d1-e346690982a9:192.168.5.132:37174] returns group-799832F63BBE:java.util.concurrent.CompletableFuture@2de59c4c[Not completed]
2019-09-19 14:39:12,437 [pool-303-thread-1] INFO  impl.RaftServerImpl (RaftServerImpl.java:<init>(93)) - 5147d002-be4b-4fe2-a9d1-e346690982a9: new RaftServerImpl for group-799832F63BBE:[5147d002-be4b-4fe2-a9d1-e346690982a9:192.168.5.132:37174] with ContainerStateMachine:uninitialized
2019-09-19 14:39:12,437 [pool-303-thread-1] INFO  server.RaftServerConfigKeys (ConfUtils.java:logGet(43)) - raft.server.rpc.timeout.min = 5s (custom)
2019-09-19 14:39:12,437 [pool-303-thread-1] INFO  server.RaftServerConfigKeys (ConfUtils.java:logGet(43)) - raft.server.rpc.timeout.max = 5200ms (custom)
2019-09-19 14:39:12,437 [pool-303-thread-1] INFO  server.RaftServerConfigKeys (ConfUtils.java:logGet(43)) - raft.server.rpcslowness.timeout = 120s (custom)
2019-09-19 14:39:12,437 [pool-303-thread-1] INFO  server.RaftServerConfigKeys (ConfUtils.java:logGet(43)) - raft.server.sleep.deviation.threshold = 300 (default)
2019-09-19 14:39:12,437 [pool-303-thread-1] INFO  server.RaftServerConfigKeys (ConfUtils.java:logGet(43)) - raft.server.log.appender.install.snapshot.enabled = false (custom)
2019-09-19 14:39:12,437 [pool-303-thread-1] INFO  impl.RaftServerImpl (ServerState.java:<init>(105)) - 5147d002-be4b-4fe2-a9d1-e346690982a9:group-799832F63BBE ConfigurationManager, init=-1: [5147d002-be4b-4fe2-a9d1-e346690982a9:192.168.5.132:37174], old=null, confs=<EMPTY_MAP>
2019-09-19 14:39:12,437 [pool-303-thread-1] INFO  server.RaftServerConfigKeys (ConfUtils.java:logGet(43)) - raft.server.storage.dir = [/workdir/hadoop-ozone/ozonefs/target/test-dir/MiniOzoneClusterImpl-67a7c723-2f3b-4843-b7f2-075ee33ae8e7/datanode-1/data/ratis] (custom)
2019-09-19 14:39:12,438 [pool-303-thread-1] INFO  storage.RaftStorageDirectory (RaftStorageDirectory.java:analyzeStorage(246)) - The storage directory /workdir/hadoop-ozone/ozonefs/target/test-dir/MiniOzoneClusterImpl-67a7c723-2f3b-4843-b7f2-075ee33ae8e7/datanode-1/data/ratis/e8281e89-fe2d-4593-aa38-799832f63bbe does not exist. Creating ...
2019-09-19 14:39:12,441 [pool-303-thread-1] INFO  storage.RaftStorageDirectory (RaftStorageDirectory.java:tryLock(328)) - Lock on /workdir/hadoop-ozone/ozonefs/target/test-dir/MiniOzoneClusterImpl-67a7c723-2f3b-4843-b7f2-075ee33ae8e7/datanode-1/data/ratis/e8281e89-fe2d-4593-aa38-799832f63bbe/in_use.lock acquired by nodename 25220@pr-hdds-1569-rzdr8-3403194166
2019-09-19 14:39:12,456 [pool-303-thread-1] INFO  storage.RaftStorage (RaftStorage.java:format(72)) - Storage directory /workdir/hadoop-ozone/ozonefs/target/test-dir/MiniOzoneClusterImpl-67a7c723-2f3b-4843-b7f2-075ee33ae8e7/datanode-1/data/ratis/e8281e89-fe2d-4593-aa38-799832f63bbe has been successfully formatted.
2019-09-19 14:39:12,456 [pool-303-thread-1] INFO  ratis.ContainerStateMachine (ContainerStateMachine.java:loadSnapshot(226)) - group-799832F63BBE: The snapshot info is null. Setting the last applied indexto:(t:0, i:~)
2019-09-19 14:39:12,456 [pool-303-thread-1] INFO  server.RaftServerConfigKeys (ConfUtils.java:logGet(43)) - raft.server.leader.election.timeout = 120s (custom)
2019-09-19 14:39:12,456 [pool-303-thread-1] INFO  server.RaftServerConfigKeys (ConfUtils.java:logGet(43)) - raft.server.log.use.memory = false (default)
2019-09-19 14:39:12,456 [pool-303-thread-1] INFO  server.RaftServerConfigKeys (ConfUtils.java:logGet(43)) - raft.server.log.purge.gap = 1000000 (custom)
2019-09-19 14:39:12,457 [pool-303-thread-1] INFO  server.RaftServerConfigKeys (ConfUtils.java:logGet(43)) - raft.server.log.appender.buffer.byte-limit = 33554432 (custom)
2019-09-19 14:39:12,457 [pool-303-thread-1] INFO  server.RaftServerConfigKeys (ConfUtils.java:logGet(43)) - raft.server.log.segment.size.max = 1048576 (custom)
2019-09-19 14:39:12,457 [pool-303-thread-1] INFO  server.RaftServerConfigKeys (ConfUtils.java:logGet(43)) - raft.server.log.segment.cache.num.max = 2 (custom)
2019-09-19 14:39:12,457 [pool-303-thread-1] INFO  segmented.SegmentedRaftLogWorker (SegmentedRaftLogWorker.java:<init>(172)) - new 5147d002-be4b-4fe2-a9d1-e346690982a9-SegmentedRaftLogWorker:Storage Directory /workdir/hadoop-ozone/ozonefs/target/test-dir/MiniOzoneClusterImpl-67a7c723-2f3b-4843-b7f2-075ee33ae8e7/datanode-1/data/ratis/e8281e89-fe2d-4593-aa38-799832f63bbe for RaftStorage:Storage Directory /workdir/hadoop-ozone/ozonefs/target/test-dir/MiniOzoneClusterImpl-67a7c723-2f3b-4843-b7f2-075ee33ae8e7/datanode-1/data/ratis/e8281e89-fe2d-4593-aa38-799832f63bbe
2019-09-19 14:39:12,457 [pool-303-thread-1] INFO  server.RaftServerConfigKeys (ConfUtils.java:logGet(43)) - raft.server.log.queue.byte-limit = 2147483647 (custom)
2019-09-19 14:39:12,457 [pool-303-thread-1] INFO  server.RaftServerConfigKeys (ConfUtils.java:logGet(43)) - raft.server.log.queue.element-limit = 1024 (custom)
2019-09-19 14:39:12,457 [pool-303-thread-1] INFO  server.RaftServerConfigKeys (ConfUtils.java:logGet(43)) - raft.server.log.segment.size.max = 1048576 (custom)
2019-09-19 14:39:12,457 [pool-303-thread-1] INFO  server.RaftServerConfigKeys (ConfUtils.java:logGet(43)) - raft.server.log.preallocated.size = 16384 (custom)
2019-09-19 14:39:12,457 [pool-303-thread-1] INFO  server.RaftServerConfigKeys (ConfUtils.java:logGet(43)) - raft.server.log.write.buffer.size = 33554432 (custom)
2019-09-19 14:39:12,458 [pool-303-thread-1] INFO  server.RaftServerConfigKeys (ConfUtils.java:logGet(43)) - raft.server.log.force.sync.num = 128 (default)
2019-09-19 14:39:12,458 [pool-303-thread-1] INFO  server.RaftServerConfigKeys (ConfUtils.java:logGet(43)) - raft.server.log.statemachine.data.sync = true (default)
2019-09-19 14:39:12,458 [pool-303-thread-1] INFO  server.RaftServerConfigKeys (ConfUtils.java:logGet(43)) - raft.server.log.statemachine.data.sync.timeout = 10s (default)
2019-09-19 14:39:12,458 [pool-303-thread-1] INFO  server.RaftServerConfigKeys (ConfUtils.java:logGet(43)) - raft.server.log.statemachine.data.sync.timeout.retry = -1 (default)
2019-09-19 14:39:12,458 [pool-303-thread-1] INFO  server.RaftServerConfigKeys (ConfUtils.java:logGet(43)) - raft.server.log.statemachine.data.caching.enabled = true (custom)
2019-09-19 14:39:12,458 [pool-303-thread-1] INFO  segmented.SegmentedRaftLogWorker (SegmentedRaftLogWorker.java:lambda$new$0(132)) - 5147d002-be4b-4fe2-a9d1-e346690982a9-SegmentedRaftLogWorker:Storage Directory /workdir/hadoop-ozone/ozonefs/target/test-dir/MiniOzoneClusterImpl-67a7c723-2f3b-4843-b7f2-075ee33ae8e7/datanode-1/data/ratis/e8281e89-fe2d-4593-aa38-799832f63bbe: flushIndex: setUnconditionally 0 -> -1
2019-09-19 14:39:12,459 [pool-303-thread-1] INFO  server.RaftServerConfigKeys (ConfUtils.java:logGet(43)) - raft.server.snapshot.auto.trigger.enabled = true (custom)
2019-09-19 14:39:12,459 [pool-303-thread-1] INFO  server.RaftServerConfigKeys (ConfUtils.java:logGet(43)) - raft.server.snapshot.auto.trigger.threshold = 10000 (custom)
2019-09-19 14:39:12,459 [pool-303-thread-1] INFO  server.RaftServerConfigKeys (ConfUtils.java:logGet(43)) - raft.server.retrycache.expirytime = 600000ms (custom)
2019-09-19 14:39:12,459 [pool-303-thread-1] INFO  impl.RaftServerImpl (RaftServerImpl.java:start(180)) - 5147d002-be4b-4fe2-a9d1-e346690982a9: start group-799832F63BBE
2019-09-19 14:39:12,459 [pool-303-thread-1] INFO  impl.RaftServerImpl (RaftServerImpl.java:setRole(171)) - 5147d002-be4b-4fe2-a9d1-e346690982a9:group-799832F63BBE changes role from null to FOLLOWER at term 0 for startAsFollower
2019-09-19 14:39:12,459 [pool-303-thread-1] INFO  impl.RoleInfo (RoleInfo.java:updateAndGet(143)) - 5147d002-be4b-4fe2-a9d1-e346690982a9: start FollowerState
2019-09-19 14:39:12,460 [pool-303-thread-1] INFO  util.JmxRegister (JmxRegister.java:tryRegister(44)) - Successfully registered JMX Bean with object name Ratis:service=RaftServer,group=group-799832F63BBE,id=5147d002-be4b-4fe2-a9d1-e346690982a9
2019-09-19 14:39:12,462 [RatisPipelineUtilsThread] INFO  pipeline.PipelineStateManager (PipelineStateManager.java:addPipeline(56)) - Created pipeline Pipeline[ Id: e8281e89-fe2d-4593-aa38-799832f63bbe, Nodes: 5147d002-be4b-4fe2-a9d1-e346690982a9{ip: 192.168.5.132, host: pr-hdds-1569-rzdr8-3403194166, networkLocation: /default-rack, certSerialId: null}, Type:RATIS, Factor:ONE, State:OPEN]
2019-09-19 14:39:12,462 [RatisPipelineUtilsThread] ERROR pipeline.PipelinePlacementPolicy (PipelinePlacementPolicy.java:meetCriteria(91)) - Pipeline Placement: Doesn't meet the criteria to be viable node. Heaviness: 6
2019-09-19 14:39:12,466 [grpc-default-executor-0] INFO  impl.RaftServerProxy (RaftServerProxy.java:addNew(89)) - 5147d002-be4b-4fe2-a9d1-e346690982a9: addNew group-1C06FCE453BF:[5147d002-be4b-4fe2-a9d1-e346690982a9:192.168.5.132:37174] returns group-1C06FCE453BF:java.util.concurrent.CompletableFuture@3c3da8c6[Not completed]
2019-09-19 14:39:12,466 [pool-303-thread-1] INFO  impl.RaftServerImpl (RaftServerImpl.java:<init>(93)) - 5147d002-be4b-4fe2-a9d1-e346690982a9: new RaftServerImpl for group-1C06FCE453BF:[5147d002-be4b-4fe2-a9d1-e346690982a9:192.168.5.132:37174] with ContainerStateMachine:uninitialized
2019-09-19 14:39:12,466 [pool-303-thread-1] INFO  server.RaftServerConfigKeys (ConfUtils.java:logGet(43)) - raft.server.rpc.timeout.min = 5s (custom)
2019-09-19 14:39:12,467 [pool-303-thread-1] INFO  server.RaftServerConfigKeys (ConfUtils.java:logGet(43)) - raft.server.rpc.timeout.max = 5200ms (custom)
2019-09-19 14:39:12,467 [pool-303-thread-1] INFO  server.RaftServerConfigKeys (ConfUtils.java:logGet(43)) - raft.server.rpcslowness.timeout = 120s (custom)
2019-09-19 14:39:12,467 [pool-303-thread-1] INFO  server.RaftServerConfigKeys (ConfUtils.java:logGet(43)) - raft.server.sleep.deviation.threshold = 300 (default)
2019-09-19 14:39:12,467 [pool-303-thread-1] INFO  server.RaftServerConfigKeys (ConfUtils.java:logGet(43)) - raft.server.log.appender.install.snapshot.enabled = false (custom)
2019-09-19 14:39:12,467 [pool-303-thread-1] INFO  impl.RaftServerImpl (ServerState.java:<init>(105)) - 5147d002-be4b-4fe2-a9d1-e346690982a9:group-1C06FCE453BF ConfigurationManager, init=-1: [5147d002-be4b-4fe2-a9d1-e346690982a9:192.168.5.132:37174], old=null, confs=<EMPTY_MAP>
2019-09-19 14:39:12,467 [pool-303-thread-1] INFO  server.RaftServerConfigKeys (ConfUtils.java:logGet(43)) - raft.server.storage.dir = [/workdir/hadoop-ozone/ozonefs/target/test-dir/MiniOzoneClusterImpl-67a7c723-2f3b-4843-b7f2-075ee33ae8e7/datanode-1/data/ratis] (custom)
2019-09-19 14:39:12,467 [pool-303-thread-1] INFO  storage.RaftStorageDirectory (RaftStorageDirectory.java:analyzeStorage(246)) - The storage directory /workdir/hadoop-ozone/ozonefs/target/test-dir/MiniOzoneClusterImpl-67a7c723-2f3b-4843-b7f2-075ee33ae8e7/datanode-1/data/ratis/b362d34b-6d34-4917-83af-1c06fce453bf does not exist. Creating ...
2019-09-19 14:39:12,482 [pool-303-thread-1] INFO  storage.RaftStorageDirectory (RaftStorageDirectory.java:tryLock(328)) - Lock on /workdir/hadoop-ozone/ozonefs/target/test-dir/MiniOzoneClusterImpl-67a7c723-2f3b-4843-b7f2-075ee33ae8e7/datanode-1/data/ratis/b362d34b-6d34-4917-83af-1c06fce453bf/in_use.lock acquired by nodename 25220@pr-hdds-1569-rzdr8-3403194166
2019-09-19 14:39:12,496 [pool-303-thread-1] INFO  storage.RaftStorage (RaftStorage.java:format(72)) - Storage directory /workdir/hadoop-ozone/ozonefs/target/test-dir/MiniOzoneClusterImpl-67a7c723-2f3b-4843-b7f2-075ee33ae8e7/datanode-1/data/ratis/b362d34b-6d34-4917-83af-1c06fce453bf has been successfully formatted.
2019-09-19 14:39:12,496 [pool-303-thread-1] INFO  ratis.ContainerStateMachine (ContainerStateMachine.java:loadSnapshot(226)) - group-1C06FCE453BF: The snapshot info is null. Setting the last applied indexto:(t:0, i:~)
2019-09-19 14:39:12,496 [pool-303-thread-1] INFO  server.RaftServerConfigKeys (ConfUtils.java:logGet(43)) - raft.server.leader.election.timeout = 120s (custom)
2019-09-19 14:39:12,497 [pool-303-thread-1] INFO  server.RaftServerConfigKeys (ConfUtils.java:logGet(43)) - raft.server.log.use.memory = false (default)
2019-09-19 14:39:12,497 [pool-303-thread-1] INFO  server.RaftServerConfigKeys (ConfUtils.java:logGet(43)) - raft.server.log.purge.gap = 1000000 (custom)
2019-09-19 14:39:12,497 [pool-303-thread-1] INFO  server.RaftServerConfigKeys (ConfUtils.java:logGet(43)) - raft.server.log.appender.buffer.byte-limit = 33554432 (custom)
2019-09-19 14:39:12,497 [pool-303-thread-1] INFO  server.RaftServerConfigKeys (ConfUtils.java:logGet(43)) - raft.server.log.segment.size.max = 1048576 (custom)
2019-09-19 14:39:12,497 [pool-303-thread-1] INFO  server.RaftServerConfigKeys (ConfUtils.java:logGet(43)) - raft.server.log.segment.cache.num.max = 2 (custom)
2019-09-19 14:39:12,497 [pool-303-thread-1] INFO  segmented.SegmentedRaftLogWorker (SegmentedRaftLogWorker.java:<init>(172)) - new 5147d002-be4b-4fe2-a9d1-e346690982a9-SegmentedRaftLogWorker:Storage Directory /workdir/hadoop-ozone/ozonefs/target/test-dir/MiniOzoneClusterImpl-67a7c723-2f3b-4843-b7f2-075ee33ae8e7/datanode-1/data/ratis/b362d34b-6d34-4917-83af-1c06fce453bf for RaftStorage:Storage Directory /workdir/hadoop-ozone/ozonefs/target/test-dir/MiniOzoneClusterImpl-67a7c723-2f3b-4843-b7f2-075ee33ae8e7/datanode-1/data/ratis/b362d34b-6d34-4917-83af-1c06fce453bf
2019-09-19 14:39:12,497 [pool-303-thread-1] INFO  server.RaftServerConfigKeys (ConfUtils.java:logGet(43)) - raft.server.log.queue.byte-limit = 2147483647 (custom)
2019-09-19 14:39:12,497 [pool-303-thread-1] INFO  server.RaftServerConfigKeys (ConfUtils.java:logGet(43)) - raft.server.log.queue.element-limit = 1024 (custom)
2019-09-19 14:39:12,498 [pool-303-thread-1] INFO  server.RaftServerConfigKeys (ConfUtils.java:logGet(43)) - raft.server.log.segment.size.max = 1048576 (custom)
2019-09-19 14:39:12,498 [pool-303-thread-1] INFO  server.RaftServerConfigKeys (ConfUtils.java:logGet(43)) - raft.server.log.preallocated.size = 16384 (custom)
2019-09-19 14:39:12,498 [pool-303-thread-1] INFO  server.RaftServerConfigKeys (ConfUtils.java:logGet(43)) - raft.server.log.write.buffer.size = 33554432 (custom)
2019-09-19 14:39:12,498 [pool-303-thread-1] INFO  server.RaftServerConfigKeys (ConfUtils.java:logGet(43)) - raft.server.log.force.sync.num = 128 (default)
2019-09-19 14:39:12,498 [pool-303-thread-1] INFO  server.RaftServerConfigKeys (ConfUtils.java:logGet(43)) - raft.server.log.statemachine.data.sync = true (default)
2019-09-19 14:39:12,498 [pool-303-thread-1] INFO  server.RaftServerConfigKeys (ConfUtils.java:logGet(43)) - raft.server.log.statemachine.data.sync.timeout = 10s (default)
2019-09-19 14:39:12,498 [pool-303-thread-1] INFO  server.RaftServerConfigKeys (ConfUtils.java:logGet(43)) - raft.server.log.statemachine.data.sync.timeout.retry = -1 (default)
2019-09-19 14:39:12,498 [pool-303-thread-1] INFO  server.RaftServerConfigKeys (ConfUtils.java:logGet(43)) - raft.server.log.statemachine.data.caching.enabled = true (custom)
2019-09-19 14:39:12,499 [pool-303-thread-1] INFO  segmented.SegmentedRaftLogWorker (SegmentedRaftLogWorker.java:lambda$new$0(132)) - 5147d002-be4b-4fe2-a9d1-e346690982a9-SegmentedRaftLogWorker:Storage Directory /workdir/hadoop-ozone/ozonefs/target/test-dir/MiniOzoneClusterImpl-67a7c723-2f3b-4843-b7f2-075ee33ae8e7/datanode-1/data/ratis/b362d34b-6d34-4917-83af-1c06fce453bf: flushIndex: setUnconditionally 0 -> -1
2019-09-19 14:39:12,499 [pool-303-thread-1] INFO  server.RaftServerConfigKeys (ConfUtils.java:logGet(43)) - raft.server.snapshot.auto.trigger.enabled = true (custom)
2019-09-19 14:39:12,499 [pool-303-thread-1] INFO  server.RaftServerConfigKeys (ConfUtils.java:logGet(43)) - raft.server.snapshot.auto.trigger.threshold = 10000 (custom)
2019-09-19 14:39:12,499 [pool-303-thread-1] INFO  server.RaftServerConfigKeys (ConfUtils.java:logGet(43)) - raft.server.retrycache.expirytime = 600000ms (custom)
2019-09-19 14:39:12,499 [pool-303-thread-1] INFO  impl.RaftServerImpl (RaftServerImpl.java:start(180)) - 5147d002-be4b-4fe2-a9d1-e346690982a9: start group-1C06FCE453BF
2019-09-19 14:39:12,499 [pool-303-thread-1] INFO  impl.RaftServerImpl (RaftServerImpl.java:setRole(171)) - 5147d002-be4b-4fe2-a9d1-e346690982a9:group-1C06FCE453BF changes role from null to FOLLOWER at term 0 for startAsFollower
2019-09-19 14:39:12,500 [pool-303-thread-1] INFO  impl.RoleInfo (RoleInfo.java:updateAndGet(143)) - 5147d002-be4b-4fe2-a9d1-e346690982a9: start FollowerState
2019-09-19 14:39:12,500 [pool-303-thread-1] INFO  util.JmxRegister (JmxRegister.java:tryRegister(44)) - Successfully registered JMX Bean with object name Ratis:service=RaftServer,group=group-1C06FCE453BF,id=5147d002-be4b-4fe2-a9d1-e346690982a9
2019-09-19 14:39:12,502 [RatisPipelineUtilsThread] INFO  pipeline.PipelineStateManager (PipelineStateManager.java:addPipeline(56)) - Created pipeline Pipeline[ Id: b362d34b-6d34-4917-83af-1c06fce453bf, Nodes: 5147d002-be4b-4fe2-a9d1-e346690982a9{ip: 192.168.5.132, host: pr-hdds-1569-rzdr8-3403194166, networkLocation: /default-rack, certSerialId: null}, Type:RATIS, Factor:ONE, State:OPEN]
2019-09-19 14:39:12,503 [RatisPipelineUtilsThread] ERROR pipeline.PipelinePlacementPolicy (PipelinePlacementPolicy.java:meetCriteria(91)) - Pipeline Placement: Doesn't meet the criteria to be viable node. Heaviness: 6
2019-09-19 14:39:12,509 [grpc-default-executor-0] INFO  impl.RaftServerProxy (RaftServerProxy.java:addNew(89)) - 5147d002-be4b-4fe2-a9d1-e346690982a9: addNew group-CEB12BB9C3AB:[5147d002-be4b-4fe2-a9d1-e346690982a9:192.168.5.132:37174] returns group-CEB12BB9C3AB:java.util.concurrent.CompletableFuture@66d455a[Not completed]
2019-09-19 14:39:12,509 [pool-303-thread-1] INFO  impl.RaftServerImpl (RaftServerImpl.java:<init>(93)) - 5147d002-be4b-4fe2-a9d1-e346690982a9: new RaftServerImpl for group-CEB12BB9C3AB:[5147d002-be4b-4fe2-a9d1-e346690982a9:192.168.5.132:37174] with ContainerStateMachine:uninitialized
2019-09-19 14:39:12,509 [pool-303-thread-1] INFO  server.RaftServerConfigKeys (ConfUtils.java:logGet(43)) - raft.server.rpc.timeout.min = 5s (custom)
2019-09-19 14:39:12,510 [pool-303-thread-1] INFO  server.RaftServerConfigKeys (ConfUtils.java:logGet(43)) - raft.server.rpc.timeout.max = 5200ms (custom)
2019-09-19 14:39:12,510 [pool-303-thread-1] INFO  server.RaftServerConfigKeys (ConfUtils.java:logGet(43)) - raft.server.rpcslowness.timeout = 120s (custom)
2019-09-19 14:39:12,510 [pool-303-thread-1] INFO  server.RaftServerConfigKeys (ConfUtils.java:logGet(43)) - raft.server.sleep.deviation.threshold = 300 (default)
2019-09-19 14:39:12,510 [pool-303-thread-1] INFO  server.RaftServerConfigKeys (ConfUtils.java:logGet(43)) - raft.server.log.appender.install.snapshot.enabled = false (custom)
2019-09-19 14:39:12,510 [pool-303-thread-1] INFO  impl.RaftServerImpl (ServerState.java:<init>(105)) - 5147d002-be4b-4fe2-a9d1-e346690982a9:group-CEB12BB9C3AB ConfigurationManager, init=-1: [5147d002-be4b-4fe2-a9d1-e346690982a9:192.168.5.132:37174], old=null, confs=<EMPTY_MAP>
2019-09-19 14:39:12,510 [pool-303-thread-1] INFO  server.RaftServerConfigKeys (ConfUtils.java:logGet(43)) - raft.server.storage.dir = [/workdir/hadoop-ozone/ozonefs/target/test-dir/MiniOzoneClusterImpl-67a7c723-2f3b-4843-b7f2-075ee33ae8e7/datanode-1/data/ratis] (custom)
2019-09-19 14:39:12,510 [pool-303-thread-1] INFO  storage.RaftStorageDirectory (RaftStorageDirectory.java:analyzeStorage(246)) - The storage directory /workdir/hadoop-ozone/ozonefs/target/test-dir/MiniOzoneClusterImpl-67a7c723-2f3b-4843-b7f2-075ee33ae8e7/datanode-1/data/ratis/800129f8-6aea-4ebb-bc68-ceb12bb9c3ab does not exist. Creating ...
2019-09-19 14:39:12,529 [pool-303-thread-1] INFO  storage.RaftStorageDirectory (RaftStorageDirectory.java:tryLock(328)) - Lock on /workdir/hadoop-ozone/ozonefs/target/test-dir/MiniOzoneClusterImpl-67a7c723-2f3b-4843-b7f2-075ee33ae8e7/datanode-1/data/ratis/800129f8-6aea-4ebb-bc68-ceb12bb9c3ab/in_use.lock acquired by nodename 25220@pr-hdds-1569-rzdr8-3403194166
2019-09-19 14:39:12,552 [pool-303-thread-1] INFO  storage.RaftStorage (RaftStorage.java:format(72)) - Storage directory /workdir/hadoop-ozone/ozonefs/target/test-dir/MiniOzoneClusterImpl-67a7c723-2f3b-4843-b7f2-075ee33ae8e7/datanode-1/data/ratis/800129f8-6aea-4ebb-bc68-ceb12bb9c3ab has been successfully formatted.
2019-09-19 14:39:12,552 [pool-303-thread-1] INFO  ratis.ContainerStateMachine (ContainerStateMachine.java:loadSnapshot(226)) - group-CEB12BB9C3AB: The snapshot info is null. Setting the last applied indexto:(t:0, i:~)
2019-09-19 14:39:12,552 [pool-303-thread-1] INFO  server.RaftServerConfigKeys (ConfUtils.java:logGet(43)) - raft.server.leader.election.timeout = 120s (custom)
2019-09-19 14:39:12,552 [pool-303-thread-1] INFO  server.RaftServerConfigKeys (ConfUtils.java:logGet(43)) - raft.server.log.use.memory = false (default)
2019-09-19 14:39:12,552 [pool-303-thread-1] INFO  server.RaftServerConfigKeys (ConfUtils.java:logGet(43)) - raft.server.log.purge.gap = 1000000 (custom)
2019-09-19 14:39:12,552 [pool-303-thread-1] INFO  server.RaftServerConfigKeys (ConfUtils.java:logGet(43)) - raft.server.log.appender.buffer.byte-limit = 33554432 (custom)
2019-09-19 14:39:12,552 [pool-303-thread-1] INFO  server.RaftServerConfigKeys (ConfUtils.java:logGet(43)) - raft.server.log.segment.size.max = 1048576 (custom)
2019-09-19 14:39:12,552 [pool-303-thread-1] INFO  server.RaftServerConfigKeys (ConfUtils.java:logGet(43)) - raft.server.log.segment.cache.num.max = 2 (custom)
2019-09-19 14:39:12,553 [pool-303-thread-1] INFO  segmented.SegmentedRaftLogWorker (SegmentedRaftLogWorker.java:<init>(172)) - new 5147d002-be4b-4fe2-a9d1-e346690982a9-SegmentedRaftLogWorker:Storage Directory /workdir/hadoop-ozone/ozonefs/target/test-dir/MiniOzoneClusterImpl-67a7c723-2f3b-4843-b7f2-075ee33ae8e7/datanode-1/data/ratis/800129f8-6aea-4ebb-bc68-ceb12bb9c3ab for RaftStorage:Storage Directory /workdir/hadoop-ozone/ozonefs/target/test-dir/MiniOzoneClusterImpl-67a7c723-2f3b-4843-b7f2-075ee33ae8e7/datanode-1/data/ratis/800129f8-6aea-4ebb-bc68-ceb12bb9c3ab
2019-09-19 14:39:12,553 [pool-303-thread-1] INFO  server.RaftServerConfigKeys (ConfUtils.java:logGet(43)) - raft.server.log.queue.byte-limit = 2147483647 (custom)
2019-09-19 14:39:12,553 [pool-303-thread-1] INFO  server.RaftServerConfigKeys (ConfUtils.java:logGet(43)) - raft.server.log.queue.element-limit = 1024 (custom)
2019-09-19 14:39:12,553 [pool-303-thread-1] INFO  server.RaftServerConfigKeys (ConfUtils.java:logGet(43)) - raft.server.log.segment.size.max = 1048576 (custom)
2019-09-19 14:39:12,553 [pool-303-thread-1] INFO  server.RaftServerConfigKeys (ConfUtils.java:logGet(43)) - raft.server.log.preallocated.size = 16384 (custom)
2019-09-19 14:39:12,553 [pool-303-thread-1] INFO  server.RaftServerConfigKeys (ConfUtils.java:logGet(43)) - raft.server.log.write.buffer.size = 33554432 (custom)
2019-09-19 14:39:12,554 [pool-303-thread-1] INFO  server.RaftServerConfigKeys (ConfUtils.java:logGet(43)) - raft.server.log.force.sync.num = 128 (default)
2019-09-19 14:39:12,554 [pool-303-thread-1] INFO  server.RaftServerConfigKeys (ConfUtils.java:logGet(43)) - raft.server.log.statemachine.data.sync = true (default)
2019-09-19 14:39:12,554 [pool-303-thread-1] INFO  server.RaftServerConfigKeys (ConfUtils.java:logGet(43)) - raft.server.log.statemachine.data.sync.timeout = 10s (default)
2019-09-19 14:39:12,554 [pool-303-thread-1] INFO  server.RaftServerConfigKeys (ConfUtils.java:logGet(43)) - raft.server.log.statemachine.data.sync.timeout.retry = -1 (default)
2019-09-19 14:39:12,554 [pool-303-thread-1] INFO  server.RaftServerConfigKeys (ConfUtils.java:logGet(43)) - raft.server.log.statemachine.data.caching.enabled = true (custom)
2019-09-19 14:39:12,555 [pool-303-thread-1] INFO  segmented.SegmentedRaftLogWorker (SegmentedRaftLogWorker.java:lambda$new$0(132)) - 5147d002-be4b-4fe2-a9d1-e346690982a9-SegmentedRaftLogWorker:Storage Directory /workdir/hadoop-ozone/ozonefs/target/test-dir/MiniOzoneClusterImpl-67a7c723-2f3b-4843-b7f2-075ee33ae8e7/datanode-1/data/ratis/800129f8-6aea-4ebb-bc68-ceb12bb9c3ab: flushIndex: setUnconditionally 0 -> -1
2019-09-19 14:39:12,555 [pool-303-thread-1] INFO  server.RaftServerConfigKeys (ConfUtils.java:logGet(43)) - raft.server.snapshot.auto.trigger.enabled = true (custom)
2019-09-19 14:39:12,555 [pool-303-thread-1] INFO  server.RaftServerConfigKeys (ConfUtils.java:logGet(43)) - raft.server.snapshot.auto.trigger.threshold = 10000 (custom)
2019-09-19 14:39:12,555 [pool-303-thread-1] INFO  server.RaftServerConfigKeys (ConfUtils.java:logGet(43)) - raft.server.retrycache.expirytime = 600000ms (custom)
2019-09-19 14:39:12,556 [pool-303-thread-1] INFO  impl.RaftServerImpl (RaftServerImpl.java:start(180)) - 5147d002-be4b-4fe2-a9d1-e346690982a9: start group-CEB12BB9C3AB
2019-09-19 14:39:12,556 [pool-303-thread-1] INFO  impl.RaftServerImpl (RaftServerImpl.java:setRole(171)) - 5147d002-be4b-4fe2-a9d1-e346690982a9:group-CEB12BB9C3AB changes role from null to FOLLOWER at term 0 for startAsFollower
2019-09-19 14:39:12,556 [pool-303-thread-1] INFO  impl.RoleInfo (RoleInfo.java:updateAndGet(143)) - 5147d002-be4b-4fe2-a9d1-e346690982a9: start FollowerState
2019-09-19 14:39:12,556 [pool-303-thread-1] INFO  util.JmxRegister (JmxRegister.java:tryRegister(44)) - Successfully registered JMX Bean with object name Ratis:service=RaftServer,group=group-CEB12BB9C3AB,id=5147d002-be4b-4fe2-a9d1-e346690982a9
2019-09-19 14:39:12,559 [RatisPipelineUtilsThread] INFO  pipeline.PipelineStateManager (PipelineStateManager.java:addPipeline(56)) - Created pipeline Pipeline[ Id: 800129f8-6aea-4ebb-bc68-ceb12bb9c3ab, Nodes: 5147d002-be4b-4fe2-a9d1-e346690982a9{ip: 192.168.5.132, host: pr-hdds-1569-rzdr8-3403194166, networkLocation: /default-rack, certSerialId: null}, Type:RATIS, Factor:ONE, State:OPEN]
2019-09-19 14:39:12,560 [RatisPipelineUtilsThread] ERROR pipeline.PipelinePlacementPolicy (PipelinePlacementPolicy.java:meetCriteria(91)) - Pipeline Placement: Doesn't meet the criteria to be viable node. Heaviness: 6
2019-09-19 14:39:12,560 [RatisPipelineUtilsThread] ERROR pipeline.PipelinePlacementPolicy (PipelinePlacementPolicy.java:meetCriteria(91)) - Pipeline Placement: Doesn't meet the criteria to be viable node. Heaviness: 6
2019-09-19 14:39:12,566 [grpc-default-executor-0] INFO  impl.RaftServerProxy (RaftServerProxy.java:addNew(89)) - d7fb301a-31fb-49ad-b00e-9dfe8c13a3d5: addNew group-25997F617878:[d7fb301a-31fb-49ad-b00e-9dfe8c13a3d5:192.168.5.132:40457] returns group-25997F617878:java.util.concurrent.CompletableFuture@255d1523[Not completed]
2019-09-19 14:39:12,567 [pool-314-thread-1] INFO  impl.RaftServerImpl (RaftServerImpl.java:<init>(93)) - d7fb301a-31fb-49ad-b00e-9dfe8c13a3d5: new RaftServerImpl for group-25997F617878:[d7fb301a-31fb-49ad-b00e-9dfe8c13a3d5:192.168.5.132:40457] with ContainerStateMachine:uninitialized
2019-09-19 14:39:12,567 [pool-314-thread-1] INFO  server.RaftServerConfigKeys (ConfUtils.java:logGet(43)) - raft.server.rpc.timeout.min = 5s (custom)
2019-09-19 14:39:12,567 [pool-314-thread-1] INFO  server.RaftServerConfigKeys (ConfUtils.java:logGet(43)) - raft.server.rpc.timeout.max = 5200ms (custom)
2019-09-19 14:39:12,567 [pool-314-thread-1] INFO  server.RaftServerConfigKeys (ConfUtils.java:logGet(43)) - raft.server.rpcslowness.timeout = 120s (custom)
2019-09-19 14:39:12,567 [pool-314-thread-1] INFO  server.RaftServerConfigKeys (ConfUtils.java:logGet(43)) - raft.server.sleep.deviation.threshold = 300 (default)
2019-09-19 14:39:12,567 [pool-314-thread-1] INFO  server.RaftServerConfigKeys (ConfUtils.java:logGet(43)) - raft.server.log.appender.install.snapshot.enabled = false (custom)
2019-09-19 14:39:12,568 [pool-314-thread-1] INFO  impl.RaftServerImpl (ServerState.java:<init>(105)) - d7fb301a-31fb-49ad-b00e-9dfe8c13a3d5:group-25997F617878 ConfigurationManager, init=-1: [d7fb301a-31fb-49ad-b00e-9dfe8c13a3d5:192.168.5.132:40457], old=null, confs=<EMPTY_MAP>
2019-09-19 14:39:12,568 [pool-314-thread-1] INFO  server.RaftServerConfigKeys (ConfUtils.java:logGet(43)) - raft.server.storage.dir = [/workdir/hadoop-ozone/ozonefs/target/test-dir/MiniOzoneClusterImpl-67a7c723-2f3b-4843-b7f2-075ee33ae8e7/datanode-2/data/ratis] (custom)
2019-09-19 14:39:12,568 [pool-314-thread-1] INFO  storage.RaftStorageDirectory (RaftStorageDirectory.java:analyzeStorage(246)) - The storage directory /workdir/hadoop-ozone/ozonefs/target/test-dir/MiniOzoneClusterImpl-67a7c723-2f3b-4843-b7f2-075ee33ae8e7/datanode-2/data/ratis/07c3950d-eabf-4e50-bb7d-25997f617878 does not exist. Creating ...
2019-09-19 14:39:12,582 [pool-314-thread-1] INFO  storage.RaftStorageDirectory (RaftStorageDirectory.java:tryLock(328)) - Lock on /workdir/hadoop-ozone/ozonefs/target/test-dir/MiniOzoneClusterImpl-67a7c723-2f3b-4843-b7f2-075ee33ae8e7/datanode-2/data/ratis/07c3950d-eabf-4e50-bb7d-25997f617878/in_use.lock acquired by nodename 25220@pr-hdds-1569-rzdr8-3403194166
2019-09-19 14:39:12,595 [pool-314-thread-1] INFO  storage.RaftStorage (RaftStorage.java:format(72)) - Storage directory /workdir/hadoop-ozone/ozonefs/target/test-dir/MiniOzoneClusterImpl-67a7c723-2f3b-4843-b7f2-075ee33ae8e7/datanode-2/data/ratis/07c3950d-eabf-4e50-bb7d-25997f617878 has been successfully formatted.
2019-09-19 14:39:12,595 [pool-314-thread-1] INFO  ratis.ContainerStateMachine (ContainerStateMachine.java:loadSnapshot(226)) - group-25997F617878: The snapshot info is null. Setting the last applied indexto:(t:0, i:~)
2019-09-19 14:39:12,595 [pool-314-thread-1] INFO  server.RaftServerConfigKeys (ConfUtils.java:logGet(43)) - raft.server.leader.election.timeout = 120s (custom)
2019-09-19 14:39:12,596 [pool-314-thread-1] INFO  server.RaftServerConfigKeys (ConfUtils.java:logGet(43)) - raft.server.log.use.memory = false (default)
2019-09-19 14:39:12,596 [pool-314-thread-1] INFO  server.RaftServerConfigKeys (ConfUtils.java:logGet(43)) - raft.server.log.purge.gap = 1000000 (custom)
2019-09-19 14:39:12,596 [pool-314-thread-1] INFO  server.RaftServerConfigKeys (ConfUtils.java:logGet(43)) - raft.server.log.appender.buffer.byte-limit = 33554432 (custom)
2019-09-19 14:39:12,596 [pool-314-thread-1] INFO  server.RaftServerConfigKeys (ConfUtils.java:logGet(43)) - raft.server.log.segment.size.max = 1048576 (custom)
2019-09-19 14:39:12,596 [pool-314-thread-1] INFO  server.RaftServerConfigKeys (ConfUtils.java:logGet(43)) - raft.server.log.segment.cache.num.max = 2 (custom)
2019-09-19 14:39:12,596 [pool-314-thread-1] INFO  segmented.SegmentedRaftLogWorker (SegmentedRaftLogWorker.java:<init>(172)) - new d7fb301a-31fb-49ad-b00e-9dfe8c13a3d5-SegmentedRaftLogWorker:Storage Directory /workdir/hadoop-ozone/ozonefs/target/test-dir/MiniOzoneClusterImpl-67a7c723-2f3b-4843-b7f2-075ee33ae8e7/datanode-2/data/ratis/07c3950d-eabf-4e50-bb7d-25997f617878 for RaftStorage:Storage Directory /workdir/hadoop-ozone/ozonefs/target/test-dir/MiniOzoneClusterImpl-67a7c723-2f3b-4843-b7f2-075ee33ae8e7/datanode-2/data/ratis/07c3950d-eabf-4e50-bb7d-25997f617878
2019-09-19 14:39:12,597 [pool-314-thread-1] INFO  server.RaftServerConfigKeys (ConfUtils.java:logGet(43)) - raft.server.log.queue.byte-limit = 2147483647 (custom)
2019-09-19 14:39:12,597 [pool-314-thread-1] INFO  server.RaftServerConfigKeys (ConfUtils.java:logGet(43)) - raft.server.log.queue.element-limit = 1024 (custom)
2019-09-19 14:39:12,597 [pool-314-thread-1] INFO  server.RaftServerConfigKeys (ConfUtils.java:logGet(43)) - raft.server.log.segment.size.max = 1048576 (custom)
2019-09-19 14:39:12,597 [pool-314-thread-1] INFO  server.RaftServerConfigKeys (ConfUtils.java:logGet(43)) - raft.server.log.preallocated.size = 16384 (custom)
2019-09-19 14:39:12,597 [pool-314-thread-1] INFO  server.RaftServerConfigKeys (ConfUtils.java:logGet(43)) - raft.server.log.write.buffer.size = 33554432 (custom)
2019-09-19 14:39:12,597 [pool-314-thread-1] INFO  server.RaftServerConfigKeys (ConfUtils.java:logGet(43)) - raft.server.log.force.sync.num = 128 (default)
2019-09-19 14:39:12,597 [pool-314-thread-1] INFO  server.RaftServerConfigKeys (ConfUtils.java:logGet(43)) - raft.server.log.statemachine.data.sync = true (default)
2019-09-19 14:39:12,597 [pool-314-thread-1] INFO  server.RaftServerConfigKeys (ConfUtils.java:logGet(43)) - raft.server.log.statemachine.data.sync.timeout = 10s (default)
2019-09-19 14:39:12,598 [pool-314-thread-1] INFO  server.RaftServerConfigKeys (ConfUtils.java:logGet(43)) - raft.server.log.statemachine.data.sync.timeout.retry = -1 (default)
2019-09-19 14:39:12,598 [pool-314-thread-1] INFO  server.RaftServerConfigKeys (ConfUtils.java:logGet(43)) - raft.server.log.statemachine.data.caching.enabled = true (custom)
2019-09-19 14:39:12,598 [pool-314-thread-1] INFO  segmented.SegmentedRaftLogWorker (SegmentedRaftLogWorker.java:lambda$new$0(132)) - d7fb301a-31fb-49ad-b00e-9dfe8c13a3d5-SegmentedRaftLogWorker:Storage Directory /workdir/hadoop-ozone/ozonefs/target/test-dir/MiniOzoneClusterImpl-67a7c723-2f3b-4843-b7f2-075ee33ae8e7/datanode-2/data/ratis/07c3950d-eabf-4e50-bb7d-25997f617878: flushIndex: setUnconditionally 0 -> -1
2019-09-19 14:39:12,598 [pool-314-thread-1] INFO  server.RaftServerConfigKeys (ConfUtils.java:logGet(43)) - raft.server.snapshot.auto.trigger.enabled = true (custom)
2019-09-19 14:39:12,599 [pool-314-thread-1] INFO  server.RaftServerConfigKeys (ConfUtils.java:logGet(43)) - raft.server.snapshot.auto.trigger.threshold = 10000 (custom)
2019-09-19 14:39:12,599 [pool-314-thread-1] INFO  server.RaftServerConfigKeys (ConfUtils.java:logGet(43)) - raft.server.retrycache.expirytime = 600000ms (custom)
2019-09-19 14:39:12,599 [pool-314-thread-1] INFO  impl.RaftServerImpl (RaftServerImpl.java:start(180)) - d7fb301a-31fb-49ad-b00e-9dfe8c13a3d5: start group-25997F617878
2019-09-19 14:39:12,599 [pool-314-thread-1] INFO  impl.RaftServerImpl (RaftServerImpl.java:setRole(171)) - d7fb301a-31fb-49ad-b00e-9dfe8c13a3d5:group-25997F617878 changes role from null to FOLLOWER at term 0 for startAsFollower
2019-09-19 14:39:12,599 [pool-314-thread-1] INFO  impl.RoleInfo (RoleInfo.java:updateAndGet(143)) - d7fb301a-31fb-49ad-b00e-9dfe8c13a3d5: start FollowerState
2019-09-19 14:39:12,601 [pool-314-thread-1] INFO  util.JmxRegister (JmxRegister.java:tryRegister(44)) - Successfully registered JMX Bean with object name Ratis:service=RaftServer,group=group-25997F617878,id=d7fb301a-31fb-49ad-b00e-9dfe8c13a3d5
2019-09-19 14:39:12,604 [RatisPipelineUtilsThread] INFO  pipeline.PipelineStateManager (PipelineStateManager.java:addPipeline(56)) - Created pipeline Pipeline[ Id: 07c3950d-eabf-4e50-bb7d-25997f617878, Nodes: d7fb301a-31fb-49ad-b00e-9dfe8c13a3d5{ip: 192.168.5.132, host: pr-hdds-1569-rzdr8-3403194166, networkLocation: /default-rack, certSerialId: null}, Type:RATIS, Factor:ONE, State:OPEN]
2019-09-19 14:39:12,604 [RatisPipelineUtilsThread] ERROR pipeline.PipelinePlacementPolicy (PipelinePlacementPolicy.java:meetCriteria(91)) - Pipeline Placement: Doesn't meet the criteria to be viable node. Heaviness: 6
2019-09-19 14:39:12,604 [RatisPipelineUtilsThread] ERROR pipeline.PipelinePlacementPolicy (PipelinePlacementPolicy.java:meetCriteria(91)) - Pipeline Placement: Doesn't meet the criteria to be viable node. Heaviness: 6
2019-09-19 14:39:12,609 [grpc-default-executor-0] INFO  impl.RaftServerProxy (RaftServerProxy.java:addNew(89)) - d7fb301a-31fb-49ad-b00e-9dfe8c13a3d5: addNew group-5D2625AA4131:[d7fb301a-31fb-49ad-b00e-9dfe8c13a3d5:192.168.5.132:40457] returns group-5D2625AA4131:java.util.concurrent.CompletableFuture@133751a5[Not completed]
2019-09-19 14:39:12,610 [pool-314-thread-1] INFO  impl.RaftServerImpl (RaftServerImpl.java:<init>(93)) - d7fb301a-31fb-49ad-b00e-9dfe8c13a3d5: new RaftServerImpl for group-5D2625AA4131:[d7fb301a-31fb-49ad-b00e-9dfe8c13a3d5:192.168.5.132:40457] with ContainerStateMachine:uninitialized
2019-09-19 14:39:12,610 [pool-314-thread-1] INFO  server.RaftServerConfigKeys (ConfUtils.java:logGet(43)) - raft.server.rpc.timeout.min = 5s (custom)
2019-09-19 14:39:12,611 [pool-314-thread-1] INFO  server.RaftServerConfigKeys (ConfUtils.java:logGet(43)) - raft.server.rpc.timeout.max = 5200ms (custom)
2019-09-19 14:39:12,611 [pool-314-thread-1] INFO  server.RaftServerConfigKeys (ConfUtils.java:logGet(43)) - raft.server.rpcslowness.timeout = 120s (custom)
2019-09-19 14:39:12,611 [pool-314-thread-1] INFO  server.RaftServerConfigKeys (ConfUtils.java:logGet(43)) - raft.server.sleep.deviation.threshold = 300 (default)
2019-09-19 14:39:12,611 [pool-314-thread-1] INFO  server.RaftServerConfigKeys (ConfUtils.java:logGet(43)) - raft.server.log.appender.install.snapshot.enabled = false (custom)
2019-09-19 14:39:12,611 [pool-314-thread-1] INFO  impl.RaftServerImpl (ServerState.java:<init>(105)) - d7fb301a-31fb-49ad-b00e-9dfe8c13a3d5:group-5D2625AA4131 ConfigurationManager, init=-1: [d7fb301a-31fb-49ad-b00e-9dfe8c13a3d5:192.168.5.132:40457], old=null, confs=<EMPTY_MAP>
2019-09-19 14:39:12,611 [pool-314-thread-1] INFO  server.RaftServerConfigKeys (ConfUtils.java:logGet(43)) - raft.server.storage.dir = [/workdir/hadoop-ozone/ozonefs/target/test-dir/MiniOzoneClusterImpl-67a7c723-2f3b-4843-b7f2-075ee33ae8e7/datanode-2/data/ratis] (custom)
2019-09-19 14:39:12,612 [pool-314-thread-1] INFO  storage.RaftStorageDirectory (RaftStorageDirectory.java:analyzeStorage(246)) - The storage directory /workdir/hadoop-ozone/ozonefs/target/test-dir/MiniOzoneClusterImpl-67a7c723-2f3b-4843-b7f2-075ee33ae8e7/datanode-2/data/ratis/0dacd765-58c5-4826-8826-5d2625aa4131 does not exist. Creating ...
2019-09-19 14:39:12,635 [pool-314-thread-1] INFO  storage.RaftStorageDirectory (RaftStorageDirectory.java:tryLock(328)) - Lock on /workdir/hadoop-ozone/ozonefs/target/test-dir/MiniOzoneClusterImpl-67a7c723-2f3b-4843-b7f2-075ee33ae8e7/datanode-2/data/ratis/0dacd765-58c5-4826-8826-5d2625aa4131/in_use.lock acquired by nodename 25220@pr-hdds-1569-rzdr8-3403194166
2019-09-19 14:39:12,655 [pool-314-thread-1] INFO  storage.RaftStorage (RaftStorage.java:format(72)) - Storage directory /workdir/hadoop-ozone/ozonefs/target/test-dir/MiniOzoneClusterImpl-67a7c723-2f3b-4843-b7f2-075ee33ae8e7/datanode-2/data/ratis/0dacd765-58c5-4826-8826-5d2625aa4131 has been successfully formatted.
2019-09-19 14:39:12,655 [pool-314-thread-1] INFO  ratis.ContainerStateMachine (ContainerStateMachine.java:loadSnapshot(226)) - group-5D2625AA4131: The snapshot info is null. Setting the last applied indexto:(t:0, i:~)
2019-09-19 14:39:12,655 [pool-314-thread-1] INFO  server.RaftServerConfigKeys (ConfUtils.java:logGet(43)) - raft.server.leader.election.timeout = 120s (custom)
2019-09-19 14:39:12,656 [pool-314-thread-1] INFO  server.RaftServerConfigKeys (ConfUtils.java:logGet(43)) - raft.server.log.use.memory = false (default)
2019-09-19 14:39:12,656 [pool-314-thread-1] INFO  server.RaftServerConfigKeys (ConfUtils.java:logGet(43)) - raft.server.log.purge.gap = 1000000 (custom)
2019-09-19 14:39:12,656 [pool-314-thread-1] INFO  server.RaftServerConfigKeys (ConfUtils.java:logGet(43)) - raft.server.log.appender.buffer.byte-limit = 33554432 (custom)
2019-09-19 14:39:12,656 [pool-314-thread-1] INFO  server.RaftServerConfigKeys (ConfUtils.java:logGet(43)) - raft.server.log.segment.size.max = 1048576 (custom)
2019-09-19 14:39:12,656 [pool-314-thread-1] INFO  server.RaftServerConfigKeys (ConfUtils.java:logGet(43)) - raft.server.log.segment.cache.num.max = 2 (custom)
2019-09-19 14:39:12,656 [pool-314-thread-1] INFO  segmented.SegmentedRaftLogWorker (SegmentedRaftLogWorker.java:<init>(172)) - new d7fb301a-31fb-49ad-b00e-9dfe8c13a3d5-SegmentedRaftLogWorker:Storage Directory /workdir/hadoop-ozone/ozonefs/target/test-dir/MiniOzoneClusterImpl-67a7c723-2f3b-4843-b7f2-075ee33ae8e7/datanode-2/data/ratis/0dacd765-58c5-4826-8826-5d2625aa4131 for RaftStorage:Storage Directory /workdir/hadoop-ozone/ozonefs/target/test-dir/MiniOzoneClusterImpl-67a7c723-2f3b-4843-b7f2-075ee33ae8e7/datanode-2/data/ratis/0dacd765-58c5-4826-8826-5d2625aa4131
2019-09-19 14:39:12,657 [pool-314-thread-1] INFO  server.RaftServerConfigKeys (ConfUtils.java:logGet(43)) - raft.server.log.queue.byte-limit = 2147483647 (custom)
2019-09-19 14:39:12,657 [pool-314-thread-1] INFO  server.RaftServerConfigKeys (ConfUtils.java:logGet(43)) - raft.server.log.queue.element-limit = 1024 (custom)
2019-09-19 14:39:12,657 [pool-314-thread-1] INFO  server.RaftServerConfigKeys (ConfUtils.java:logGet(43)) - raft.server.log.segment.size.max = 1048576 (custom)
2019-09-19 14:39:12,657 [pool-314-thread-1] INFO  server.RaftServerConfigKeys (ConfUtils.java:logGet(43)) - raft.server.log.preallocated.size = 16384 (custom)
2019-09-19 14:39:12,657 [pool-314-thread-1] INFO  server.RaftServerConfigKeys (ConfUtils.java:logGet(43)) - raft.server.log.write.buffer.size = 33554432 (custom)
2019-09-19 14:39:12,657 [pool-314-thread-1] INFO  server.RaftServerConfigKeys (ConfUtils.java:logGet(43)) - raft.server.log.force.sync.num = 128 (default)
2019-09-19 14:39:12,658 [pool-314-thread-1] INFO  server.RaftServerConfigKeys (ConfUtils.java:logGet(43)) - raft.server.log.statemachine.data.sync = true (default)
2019-09-19 14:39:12,658 [pool-314-thread-1] INFO  server.RaftServerConfigKeys (ConfUtils.java:logGet(43)) - raft.server.log.statemachine.data.sync.timeout = 10s (default)
2019-09-19 14:39:12,658 [pool-314-thread-1] INFO  server.RaftServerConfigKeys (ConfUtils.java:logGet(43)) - raft.server.log.statemachine.data.sync.timeout.retry = -1 (default)
2019-09-19 14:39:12,658 [pool-314-thread-1] INFO  server.RaftServerConfigKeys (ConfUtils.java:logGet(43)) - raft.server.log.statemachine.data.caching.enabled = true (custom)
2019-09-19 14:39:12,658 [pool-314-thread-1] INFO  segmented.SegmentedRaftLogWorker (SegmentedRaftLogWorker.java:lambda$new$0(132)) - d7fb301a-31fb-49ad-b00e-9dfe8c13a3d5-SegmentedRaftLogWorker:Storage Directory /workdir/hadoop-ozone/ozonefs/target/test-dir/MiniOzoneClusterImpl-67a7c723-2f3b-4843-b7f2-075ee33ae8e7/datanode-2/data/ratis/0dacd765-58c5-4826-8826-5d2625aa4131: flushIndex: setUnconditionally 0 -> -1
2019-09-19 14:39:12,659 [pool-314-thread-1] INFO  server.RaftServerConfigKeys (ConfUtils.java:logGet(43)) - raft.server.snapshot.auto.trigger.enabled = true (custom)
2019-09-19 14:39:12,659 [pool-314-thread-1] INFO  server.RaftServerConfigKeys (ConfUtils.java:logGet(43)) - raft.server.snapshot.auto.trigger.threshold = 10000 (custom)
2019-09-19 14:39:12,659 [pool-314-thread-1] INFO  server.RaftServerConfigKeys (ConfUtils.java:logGet(43)) - raft.server.retrycache.expirytime = 600000ms (custom)
2019-09-19 14:39:12,659 [pool-314-thread-1] INFO  impl.RaftServerImpl (RaftServerImpl.java:start(180)) - d7fb301a-31fb-49ad-b00e-9dfe8c13a3d5: start group-5D2625AA4131
2019-09-19 14:39:12,659 [pool-314-thread-1] INFO  impl.RaftServerImpl (RaftServerImpl.java:setRole(171)) - d7fb301a-31fb-49ad-b00e-9dfe8c13a3d5:group-5D2625AA4131 changes role from null to FOLLOWER at term 0 for startAsFollower
2019-09-19 14:39:12,660 [pool-314-thread-1] INFO  impl.RoleInfo (RoleInfo.java:updateAndGet(143)) - d7fb301a-31fb-49ad-b00e-9dfe8c13a3d5: start FollowerState
2019-09-19 14:39:12,660 [pool-314-thread-1] INFO  util.JmxRegister (JmxRegister.java:tryRegister(44)) - Successfully registered JMX Bean with object name Ratis:service=RaftServer,group=group-5D2625AA4131,id=d7fb301a-31fb-49ad-b00e-9dfe8c13a3d5
2019-09-19 14:39:12,663 [RatisPipelineUtilsThread] INFO  pipeline.PipelineStateManager (PipelineStateManager.java:addPipeline(56)) - Created pipeline Pipeline[ Id: 0dacd765-58c5-4826-8826-5d2625aa4131, Nodes: d7fb301a-31fb-49ad-b00e-9dfe8c13a3d5{ip: 192.168.5.132, host: pr-hdds-1569-rzdr8-3403194166, networkLocation: /default-rack, certSerialId: null}, Type:RATIS, Factor:ONE, State:OPEN]
2019-09-19 14:39:12,663 [RatisPipelineUtilsThread] ERROR pipeline.PipelinePlacementPolicy (PipelinePlacementPolicy.java:meetCriteria(91)) - Pipeline Placement: Doesn't meet the criteria to be viable node. Heaviness: 6
2019-09-19 14:39:12,663 [RatisPipelineUtilsThread] ERROR pipeline.PipelinePlacementPolicy (PipelinePlacementPolicy.java:meetCriteria(91)) - Pipeline Placement: Doesn't meet the criteria to be viable node. Heaviness: 6
2019-09-19 14:39:12,669 [grpc-default-executor-0] INFO  impl.RaftServerProxy (RaftServerProxy.java:addNew(89)) - d7fb301a-31fb-49ad-b00e-9dfe8c13a3d5: addNew group-727BCFC6822C:[d7fb301a-31fb-49ad-b00e-9dfe8c13a3d5:192.168.5.132:40457] returns group-727BCFC6822C:java.util.concurrent.CompletableFuture@15f5e167[Not completed]
2019-09-19 14:39:12,670 [pool-314-thread-1] INFO  impl.RaftServerImpl (RaftServerImpl.java:<init>(93)) - d7fb301a-31fb-49ad-b00e-9dfe8c13a3d5: new RaftServerImpl for group-727BCFC6822C:[d7fb301a-31fb-49ad-b00e-9dfe8c13a3d5:192.168.5.132:40457] with ContainerStateMachine:uninitialized
2019-09-19 14:39:12,670 [pool-314-thread-1] INFO  server.RaftServerConfigKeys (ConfUtils.java:logGet(43)) - raft.server.rpc.timeout.min = 5s (custom)
2019-09-19 14:39:12,670 [pool-314-thread-1] INFO  server.RaftServerConfigKeys (ConfUtils.java:logGet(43)) - raft.server.rpc.timeout.max = 5200ms (custom)
2019-09-19 14:39:12,670 [pool-314-thread-1] INFO  server.RaftServerConfigKeys (ConfUtils.java:logGet(43)) - raft.server.rpcslowness.timeout = 120s (custom)
2019-09-19 14:39:12,670 [pool-314-thread-1] INFO  server.RaftServerConfigKeys (ConfUtils.java:logGet(43)) - raft.server.sleep.deviation.threshold = 300 (default)
2019-09-19 14:39:12,670 [pool-314-thread-1] INFO  server.RaftServerConfigKeys (ConfUtils.java:logGet(43)) - raft.server.log.appender.install.snapshot.enabled = false (custom)
2019-09-19 14:39:12,671 [pool-314-thread-1] INFO  impl.RaftServerImpl (ServerState.java:<init>(105)) - d7fb301a-31fb-49ad-b00e-9dfe8c13a3d5:group-727BCFC6822C ConfigurationManager, init=-1: [d7fb301a-31fb-49ad-b00e-9dfe8c13a3d5:192.168.5.132:40457], old=null, confs=<EMPTY_MAP>
2019-09-19 14:39:12,671 [pool-314-thread-1] INFO  server.RaftServerConfigKeys (ConfUtils.java:logGet(43)) - raft.server.storage.dir = [/workdir/hadoop-ozone/ozonefs/target/test-dir/MiniOzoneClusterImpl-67a7c723-2f3b-4843-b7f2-075ee33ae8e7/datanode-2/data/ratis] (custom)
2019-09-19 14:39:12,671 [pool-314-thread-1] INFO  storage.RaftStorageDirectory (RaftStorageDirectory.java:analyzeStorage(246)) - The storage directory /workdir/hadoop-ozone/ozonefs/target/test-dir/MiniOzoneClusterImpl-67a7c723-2f3b-4843-b7f2-075ee33ae8e7/datanode-2/data/ratis/240c2843-25b0-40ee-bb71-727bcfc6822c does not exist. Creating ...
2019-09-19 14:39:12,693 [pool-314-thread-1] INFO  storage.RaftStorageDirectory (RaftStorageDirectory.java:tryLock(328)) - Lock on /workdir/hadoop-ozone/ozonefs/target/test-dir/MiniOzoneClusterImpl-67a7c723-2f3b-4843-b7f2-075ee33ae8e7/datanode-2/data/ratis/240c2843-25b0-40ee-bb71-727bcfc6822c/in_use.lock acquired by nodename 25220@pr-hdds-1569-rzdr8-3403194166
2019-09-19 14:39:12,716 [pool-314-thread-1] INFO  storage.RaftStorage (RaftStorage.java:format(72)) - Storage directory /workdir/hadoop-ozone/ozonefs/target/test-dir/MiniOzoneClusterImpl-67a7c723-2f3b-4843-b7f2-075ee33ae8e7/datanode-2/data/ratis/240c2843-25b0-40ee-bb71-727bcfc6822c has been successfully formatted.
2019-09-19 14:39:12,717 [pool-314-thread-1] INFO  ratis.ContainerStateMachine (ContainerStateMachine.java:loadSnapshot(226)) - group-727BCFC6822C: The snapshot info is null. Setting the last applied indexto:(t:0, i:~)
2019-09-19 14:39:12,717 [pool-314-thread-1] INFO  server.RaftServerConfigKeys (ConfUtils.java:logGet(43)) - raft.server.leader.election.timeout = 120s (custom)
2019-09-19 14:39:12,717 [pool-314-thread-1] INFO  server.RaftServerConfigKeys (ConfUtils.java:logGet(43)) - raft.server.log.use.memory = false (default)
2019-09-19 14:39:12,718 [pool-314-thread-1] INFO  server.RaftServerConfigKeys (ConfUtils.java:logGet(43)) - raft.server.log.purge.gap = 1000000 (custom)
2019-09-19 14:39:12,718 [pool-314-thread-1] INFO  server.RaftServerConfigKeys (ConfUtils.java:logGet(43)) - raft.server.log.appender.buffer.byte-limit = 33554432 (custom)
2019-09-19 14:39:12,718 [pool-314-thread-1] INFO  server.RaftServerConfigKeys (ConfUtils.java:logGet(43)) - raft.server.log.segment.size.max = 1048576 (custom)
2019-09-19 14:39:12,718 [pool-314-thread-1] INFO  server.RaftServerConfigKeys (ConfUtils.java:logGet(43)) - raft.server.log.segment.cache.num.max = 2 (custom)
2019-09-19 14:39:12,718 [pool-314-thread-1] INFO  segmented.SegmentedRaftLogWorker (SegmentedRaftLogWorker.java:<init>(172)) - new d7fb301a-31fb-49ad-b00e-9dfe8c13a3d5-SegmentedRaftLogWorker:Storage Directory /workdir/hadoop-ozone/ozonefs/target/test-dir/MiniOzoneClusterImpl-67a7c723-2f3b-4843-b7f2-075ee33ae8e7/datanode-2/data/ratis/240c2843-25b0-40ee-bb71-727bcfc6822c for RaftStorage:Storage Directory /workdir/hadoop-ozone/ozonefs/target/test-dir/MiniOzoneClusterImpl-67a7c723-2f3b-4843-b7f2-075ee33ae8e7/datanode-2/data/ratis/240c2843-25b0-40ee-bb71-727bcfc6822c
2019-09-19 14:39:12,719 [pool-314-thread-1] INFO  server.RaftServerConfigKeys (ConfUtils.java:logGet(43)) - raft.server.log.queue.byte-limit = 2147483647 (custom)
2019-09-19 14:39:12,719 [pool-314-thread-1] INFO  server.RaftServerConfigKeys (ConfUtils.java:logGet(43)) - raft.server.log.queue.element-limit = 1024 (custom)
2019-09-19 14:39:12,719 [pool-314-thread-1] INFO  server.RaftServerConfigKeys (ConfUtils.java:logGet(43)) - raft.server.log.segment.size.max = 1048576 (custom)
2019-09-19 14:39:12,719 [pool-314-thread-1] INFO  server.RaftServerConfigKeys (ConfUtils.java:logGet(43)) - raft.server.log.preallocated.size = 16384 (custom)
2019-09-19 14:39:12,719 [pool-314-thread-1] INFO  server.RaftServerConfigKeys (ConfUtils.java:logGet(43)) - raft.server.log.write.buffer.size = 33554432 (custom)
2019-09-19 14:39:12,719 [pool-314-thread-1] INFO  server.RaftServerConfigKeys (ConfUtils.java:logGet(43)) - raft.server.log.force.sync.num = 128 (default)
2019-09-19 14:39:12,720 [pool-314-thread-1] INFO  server.RaftServerConfigKeys (ConfUtils.java:logGet(43)) - raft.server.log.statemachine.data.sync = true (default)
2019-09-19 14:39:12,720 [pool-314-thread-1] INFO  server.RaftServerConfigKeys (ConfUtils.java:logGet(43)) - raft.server.log.statemachine.data.sync.timeout = 10s (default)
2019-09-19 14:39:12,720 [pool-314-thread-1] INFO  server.RaftServerConfigKeys (ConfUtils.java:logGet(43)) - raft.server.log.statemachine.data.sync.timeout.retry = -1 (default)
2019-09-19 14:39:12,720 [pool-314-thread-1] INFO  server.RaftServerConfigKeys (ConfUtils.java:logGet(43)) - raft.server.log.statemachine.data.caching.enabled = true (custom)
2019-09-19 14:39:12,721 [pool-314-thread-1] INFO  segmented.SegmentedRaftLogWorker (SegmentedRaftLogWorker.java:lambda$new$0(132)) - d7fb301a-31fb-49ad-b00e-9dfe8c13a3d5-SegmentedRaftLogWorker:Storage Directory /workdir/hadoop-ozone/ozonefs/target/test-dir/MiniOzoneClusterImpl-67a7c723-2f3b-4843-b7f2-075ee33ae8e7/datanode-2/data/ratis/240c2843-25b0-40ee-bb71-727bcfc6822c: flushIndex: setUnconditionally 0 -> -1
2019-09-19 14:39:12,721 [pool-314-thread-1] INFO  server.RaftServerConfigKeys (ConfUtils.java:logGet(43)) - raft.server.snapshot.auto.trigger.enabled = true (custom)
2019-09-19 14:39:12,721 [pool-314-thread-1] INFO  server.RaftServerConfigKeys (ConfUtils.java:logGet(43)) - raft.server.snapshot.auto.trigger.threshold = 10000 (custom)
2019-09-19 14:39:12,721 [pool-314-thread-1] INFO  server.RaftServerConfigKeys (ConfUtils.java:logGet(43)) - raft.server.retrycache.expirytime = 600000ms (custom)
2019-09-19 14:39:12,722 [pool-314-thread-1] INFO  impl.RaftServerImpl (RaftServerImpl.java:start(180)) - d7fb301a-31fb-49ad-b00e-9dfe8c13a3d5: start group-727BCFC6822C
2019-09-19 14:39:12,722 [pool-314-thread-1] INFO  impl.RaftServerImpl (RaftServerImpl.java:setRole(171)) - d7fb301a-31fb-49ad-b00e-9dfe8c13a3d5:group-727BCFC6822C changes role from null to FOLLOWER at term 0 for startAsFollower
2019-09-19 14:39:12,722 [pool-314-thread-1] INFO  impl.RoleInfo (RoleInfo.java:updateAndGet(143)) - d7fb301a-31fb-49ad-b00e-9dfe8c13a3d5: start FollowerState
2019-09-19 14:39:12,723 [pool-314-thread-1] INFO  util.JmxRegister (JmxRegister.java:tryRegister(44)) - Successfully registered JMX Bean with object name Ratis:service=RaftServer,group=group-727BCFC6822C,id=d7fb301a-31fb-49ad-b00e-9dfe8c13a3d5
2019-09-19 14:39:12,725 [RatisPipelineUtilsThread] INFO  pipeline.PipelineStateManager (PipelineStateManager.java:addPipeline(56)) - Created pipeline Pipeline[ Id: 240c2843-25b0-40ee-bb71-727bcfc6822c, Nodes: d7fb301a-31fb-49ad-b00e-9dfe8c13a3d5{ip: 192.168.5.132, host: pr-hdds-1569-rzdr8-3403194166, networkLocation: /default-rack, certSerialId: null}, Type:RATIS, Factor:ONE, State:OPEN]
2019-09-19 14:39:12,726 [RatisPipelineUtilsThread] ERROR pipeline.PipelinePlacementPolicy (PipelinePlacementPolicy.java:meetCriteria(91)) - Pipeline Placement: Doesn't meet the criteria to be viable node. Heaviness: 6
2019-09-19 14:39:12,726 [RatisPipelineUtilsThread] ERROR pipeline.PipelinePlacementPolicy (PipelinePlacementPolicy.java:meetCriteria(91)) - Pipeline Placement: Doesn't meet the criteria to be viable node. Heaviness: 6
2019-09-19 14:39:12,731 [grpc-default-executor-0] INFO  impl.RaftServerProxy (RaftServerProxy.java:addNew(89)) - d7fb301a-31fb-49ad-b00e-9dfe8c13a3d5: addNew group-5DE86F124CA8:[d7fb301a-31fb-49ad-b00e-9dfe8c13a3d5:192.168.5.132:40457] returns group-5DE86F124CA8:java.util.concurrent.CompletableFuture@27058d8a[Not completed]
2019-09-19 14:39:12,732 [pool-314-thread-1] INFO  impl.RaftServerImpl (RaftServerImpl.java:<init>(93)) - d7fb301a-31fb-49ad-b00e-9dfe8c13a3d5: new RaftServerImpl for group-5DE86F124CA8:[d7fb301a-31fb-49ad-b00e-9dfe8c13a3d5:192.168.5.132:40457] with ContainerStateMachine:uninitialized
2019-09-19 14:39:12,732 [pool-314-thread-1] INFO  server.RaftServerConfigKeys (ConfUtils.java:logGet(43)) - raft.server.rpc.timeout.min = 5s (custom)
2019-09-19 14:39:12,733 [pool-314-thread-1] INFO  server.RaftServerConfigKeys (ConfUtils.java:logGet(43)) - raft.server.rpc.timeout.max = 5200ms (custom)
2019-09-19 14:39:12,733 [pool-314-thread-1] INFO  server.RaftServerConfigKeys (ConfUtils.java:logGet(43)) - raft.server.rpcslowness.timeout = 120s (custom)
2019-09-19 14:39:12,733 [pool-314-thread-1] INFO  server.RaftServerConfigKeys (ConfUtils.java:logGet(43)) - raft.server.sleep.deviation.threshold = 300 (default)
2019-09-19 14:39:12,733 [pool-314-thread-1] INFO  server.RaftServerConfigKeys (ConfUtils.java:logGet(43)) - raft.server.log.appender.install.snapshot.enabled = false (custom)
2019-09-19 14:39:12,733 [pool-314-thread-1] INFO  impl.RaftServerImpl (ServerState.java:<init>(105)) - d7fb301a-31fb-49ad-b00e-9dfe8c13a3d5:group-5DE86F124CA8 ConfigurationManager, init=-1: [d7fb301a-31fb-49ad-b00e-9dfe8c13a3d5:192.168.5.132:40457], old=null, confs=<EMPTY_MAP>
2019-09-19 14:39:12,734 [pool-314-thread-1] INFO  server.RaftServerConfigKeys (ConfUtils.java:logGet(43)) - raft.server.storage.dir = [/workdir/hadoop-ozone/ozonefs/target/test-dir/MiniOzoneClusterImpl-67a7c723-2f3b-4843-b7f2-075ee33ae8e7/datanode-2/data/ratis] (custom)
2019-09-19 14:39:12,734 [pool-314-thread-1] INFO  storage.RaftStorageDirectory (RaftStorageDirectory.java:analyzeStorage(246)) - The storage directory /workdir/hadoop-ozone/ozonefs/target/test-dir/MiniOzoneClusterImpl-67a7c723-2f3b-4843-b7f2-075ee33ae8e7/datanode-2/data/ratis/6d4281d3-1160-4827-a429-5de86f124ca8 does not exist. Creating ...
2019-09-19 14:39:12,756 [pool-314-thread-1] INFO  storage.RaftStorageDirectory (RaftStorageDirectory.java:tryLock(328)) - Lock on /workdir/hadoop-ozone/ozonefs/target/test-dir/MiniOzoneClusterImpl-67a7c723-2f3b-4843-b7f2-075ee33ae8e7/datanode-2/data/ratis/6d4281d3-1160-4827-a429-5de86f124ca8/in_use.lock acquired by nodename 25220@pr-hdds-1569-rzdr8-3403194166
2019-09-19 14:39:12,797 [pool-314-thread-1] INFO  storage.RaftStorage (RaftStorage.java:format(72)) - Storage directory /workdir/hadoop-ozone/ozonefs/target/test-dir/MiniOzoneClusterImpl-67a7c723-2f3b-4843-b7f2-075ee33ae8e7/datanode-2/data/ratis/6d4281d3-1160-4827-a429-5de86f124ca8 has been successfully formatted.
2019-09-19 14:39:12,797 [pool-314-thread-1] INFO  ratis.ContainerStateMachine (ContainerStateMachine.java:loadSnapshot(226)) - group-5DE86F124CA8: The snapshot info is null. Setting the last applied indexto:(t:0, i:~)
2019-09-19 14:39:12,797 [pool-314-thread-1] INFO  server.RaftServerConfigKeys (ConfUtils.java:logGet(43)) - raft.server.leader.election.timeout = 120s (custom)
2019-09-19 14:39:12,797 [pool-314-thread-1] INFO  server.RaftServerConfigKeys (ConfUtils.java:logGet(43)) - raft.server.log.use.memory = false (default)
2019-09-19 14:39:12,798 [pool-314-thread-1] INFO  server.RaftServerConfigKeys (ConfUtils.java:logGet(43)) - raft.server.log.purge.gap = 1000000 (custom)
2019-09-19 14:39:12,798 [pool-314-thread-1] INFO  server.RaftServerConfigKeys (ConfUtils.java:logGet(43)) - raft.server.log.appender.buffer.byte-limit = 33554432 (custom)
2019-09-19 14:39:12,798 [pool-314-thread-1] INFO  server.RaftServerConfigKeys (ConfUtils.java:logGet(43)) - raft.server.log.segment.size.max = 1048576 (custom)
2019-09-19 14:39:12,798 [pool-314-thread-1] INFO  server.RaftServerConfigKeys (ConfUtils.java:logGet(43)) - raft.server.log.segment.cache.num.max = 2 (custom)
2019-09-19 14:39:12,798 [pool-314-thread-1] INFO  segmented.SegmentedRaftLogWorker (SegmentedRaftLogWorker.java:<init>(172)) - new d7fb301a-31fb-49ad-b00e-9dfe8c13a3d5-SegmentedRaftLogWorker:Storage Directory /workdir/hadoop-ozone/ozonefs/target/test-dir/MiniOzoneClusterImpl-67a7c723-2f3b-4843-b7f2-075ee33ae8e7/datanode-2/data/ratis/6d4281d3-1160-4827-a429-5de86f124ca8 for RaftStorage:Storage Directory /workdir/hadoop-ozone/ozonefs/target/test-dir/MiniOzoneClusterImpl-67a7c723-2f3b-4843-b7f2-075ee33ae8e7/datanode-2/data/ratis/6d4281d3-1160-4827-a429-5de86f124ca8
2019-09-19 14:39:12,799 [pool-314-thread-1] INFO  server.RaftServerConfigKeys (ConfUtils.java:logGet(43)) - raft.server.log.queue.byte-limit = 2147483647 (custom)
2019-09-19 14:39:12,799 [pool-314-thread-1] INFO  server.RaftServerConfigKeys (ConfUtils.java:logGet(43)) - raft.server.log.queue.element-limit = 1024 (custom)
2019-09-19 14:39:12,799 [pool-314-thread-1] INFO  server.RaftServerConfigKeys (ConfUtils.java:logGet(43)) - raft.server.log.segment.size.max = 1048576 (custom)
2019-09-19 14:39:12,799 [pool-314-thread-1] INFO  server.RaftServerConfigKeys (ConfUtils.java:logGet(43)) - raft.server.log.preallocated.size = 16384 (custom)
2019-09-19 14:39:12,799 [pool-314-thread-1] INFO  server.RaftServerConfigKeys (ConfUtils.java:logGet(43)) - raft.server.log.write.buffer.size = 33554432 (custom)
2019-09-19 14:39:12,799 [pool-314-thread-1] INFO  server.RaftServerConfigKeys (ConfUtils.java:logGet(43)) - raft.server.log.force.sync.num = 128 (default)
2019-09-19 14:39:12,800 [pool-314-thread-1] INFO  server.RaftServerConfigKeys (ConfUtils.java:logGet(43)) - raft.server.log.statemachine.data.sync = true (default)
2019-09-19 14:39:12,800 [pool-314-thread-1] INFO  server.RaftServerConfigKeys (ConfUtils.java:logGet(43)) - raft.server.log.statemachine.data.sync.timeout = 10s (default)
2019-09-19 14:39:12,800 [pool-314-thread-1] INFO  server.RaftServerConfigKeys (ConfUtils.java:logGet(43)) - raft.server.log.statemachine.data.sync.timeout.retry = -1 (default)
2019-09-19 14:39:12,800 [pool-314-thread-1] INFO  server.RaftServerConfigKeys (ConfUtils.java:logGet(43)) - raft.server.log.statemachine.data.caching.enabled = true (custom)
2019-09-19 14:39:12,800 [pool-314-thread-1] INFO  segmented.SegmentedRaftLogWorker (SegmentedRaftLogWorker.java:lambda$new$0(132)) - d7fb301a-31fb-49ad-b00e-9dfe8c13a3d5-SegmentedRaftLogWorker:Storage Directory /workdir/hadoop-ozone/ozonefs/target/test-dir/MiniOzoneClusterImpl-67a7c723-2f3b-4843-b7f2-075ee33ae8e7/datanode-2/data/ratis/6d4281d3-1160-4827-a429-5de86f124ca8: flushIndex: setUnconditionally 0 -> -1
2019-09-19 14:39:12,801 [pool-314-thread-1] INFO  server.RaftServerConfigKeys (ConfUtils.java:logGet(43)) - raft.server.snapshot.auto.trigger.enabled = true (custom)
2019-09-19 14:39:12,801 [pool-314-thread-1] INFO  server.RaftServerConfigKeys (ConfUtils.java:logGet(43)) - raft.server.snapshot.auto.trigger.threshold = 10000 (custom)
2019-09-19 14:39:12,801 [pool-314-thread-1] INFO  server.RaftServerConfigKeys (ConfUtils.java:logGet(43)) - raft.server.retrycache.expirytime = 600000ms (custom)
2019-09-19 14:39:12,801 [pool-314-thread-1] INFO  impl.RaftServerImpl (RaftServerImpl.java:start(180)) - d7fb301a-31fb-49ad-b00e-9dfe8c13a3d5: start group-5DE86F124CA8
2019-09-19 14:39:12,802 [pool-314-thread-1] INFO  impl.RaftServerImpl (RaftServerImpl.java:setRole(171)) - d7fb301a-31fb-49ad-b00e-9dfe8c13a3d5:group-5DE86F124CA8 changes role from null to FOLLOWER at term 0 for startAsFollower
2019-09-19 14:39:12,802 [pool-314-thread-1] INFO  impl.RoleInfo (RoleInfo.java:updateAndGet(143)) - d7fb301a-31fb-49ad-b00e-9dfe8c13a3d5: start FollowerState
2019-09-19 14:39:12,802 [pool-314-thread-1] INFO  util.JmxRegister (JmxRegister.java:tryRegister(44)) - Successfully registered JMX Bean with object name Ratis:service=RaftServer,group=group-5DE86F124CA8,id=d7fb301a-31fb-49ad-b00e-9dfe8c13a3d5
2019-09-19 14:39:12,805 [RatisPipelineUtilsThread] INFO  pipeline.PipelineStateManager (PipelineStateManager.java:addPipeline(56)) - Created pipeline Pipeline[ Id: 6d4281d3-1160-4827-a429-5de86f124ca8, Nodes: d7fb301a-31fb-49ad-b00e-9dfe8c13a3d5{ip: 192.168.5.132, host: pr-hdds-1569-rzdr8-3403194166, networkLocation: /default-rack, certSerialId: null}, Type:RATIS, Factor:ONE, State:OPEN]
2019-09-19 14:39:12,805 [RatisPipelineUtilsThread] ERROR pipeline.PipelinePlacementPolicy (PipelinePlacementPolicy.java:meetCriteria(91)) - Pipeline Placement: Doesn't meet the criteria to be viable node. Heaviness: 6
2019-09-19 14:39:12,806 [RatisPipelineUtilsThread] ERROR pipeline.PipelinePlacementPolicy (PipelinePlacementPolicy.java:meetCriteria(91)) - Pipeline Placement: Doesn't meet the criteria to be viable node. Heaviness: 6
2019-09-19 14:39:12,811 [grpc-default-executor-0] INFO  impl.RaftServerProxy (RaftServerProxy.java:addNew(89)) - d7fb301a-31fb-49ad-b00e-9dfe8c13a3d5: addNew group-7C9AA07E715A:[d7fb301a-31fb-49ad-b00e-9dfe8c13a3d5:192.168.5.132:40457] returns group-7C9AA07E715A:java.util.concurrent.CompletableFuture@25af687a[Not completed]
2019-09-19 14:39:12,812 [pool-314-thread-1] INFO  impl.RaftServerImpl (RaftServerImpl.java:<init>(93)) - d7fb301a-31fb-49ad-b00e-9dfe8c13a3d5: new RaftServerImpl for group-7C9AA07E715A:[d7fb301a-31fb-49ad-b00e-9dfe8c13a3d5:192.168.5.132:40457] with ContainerStateMachine:uninitialized
2019-09-19 14:39:12,812 [pool-314-thread-1] INFO  server.RaftServerConfigKeys (ConfUtils.java:logGet(43)) - raft.server.rpc.timeout.min = 5s (custom)
2019-09-19 14:39:12,812 [pool-314-thread-1] INFO  server.RaftServerConfigKeys (ConfUtils.java:logGet(43)) - raft.server.rpc.timeout.max = 5200ms (custom)
2019-09-19 14:39:12,812 [pool-314-thread-1] INFO  server.RaftServerConfigKeys (ConfUtils.java:logGet(43)) - raft.server.rpcslowness.timeout = 120s (custom)
2019-09-19 14:39:12,812 [pool-314-thread-1] INFO  server.RaftServerConfigKeys (ConfUtils.java:logGet(43)) - raft.server.sleep.deviation.threshold = 300 (default)
2019-09-19 14:39:12,813 [pool-314-thread-1] INFO  server.RaftServerConfigKeys (ConfUtils.java:logGet(43)) - raft.server.log.appender.install.snapshot.enabled = false (custom)
2019-09-19 14:39:12,813 [pool-314-thread-1] INFO  impl.RaftServerImpl (ServerState.java:<init>(105)) - d7fb301a-31fb-49ad-b00e-9dfe8c13a3d5:group-7C9AA07E715A ConfigurationManager, init=-1: [d7fb301a-31fb-49ad-b00e-9dfe8c13a3d5:192.168.5.132:40457], old=null, confs=<EMPTY_MAP>
2019-09-19 14:39:12,813 [pool-314-thread-1] INFO  server.RaftServerConfigKeys (ConfUtils.java:logGet(43)) - raft.server.storage.dir = [/workdir/hadoop-ozone/ozonefs/target/test-dir/MiniOzoneClusterImpl-67a7c723-2f3b-4843-b7f2-075ee33ae8e7/datanode-2/data/ratis] (custom)
2019-09-19 14:39:12,813 [pool-314-thread-1] INFO  storage.RaftStorageDirectory (RaftStorageDirectory.java:analyzeStorage(246)) - The storage directory /workdir/hadoop-ozone/ozonefs/target/test-dir/MiniOzoneClusterImpl-67a7c723-2f3b-4843-b7f2-075ee33ae8e7/datanode-2/data/ratis/864f1135-a4f9-40f9-a976-7c9aa07e715a does not exist. Creating ...
2019-09-19 14:39:12,843 [pool-314-thread-1] INFO  storage.RaftStorageDirectory (RaftStorageDirectory.java:tryLock(328)) - Lock on /workdir/hadoop-ozone/ozonefs/target/test-dir/MiniOzoneClusterImpl-67a7c723-2f3b-4843-b7f2-075ee33ae8e7/datanode-2/data/ratis/864f1135-a4f9-40f9-a976-7c9aa07e715a/in_use.lock acquired by nodename 25220@pr-hdds-1569-rzdr8-3403194166
2019-09-19 14:39:12,868 [pool-314-thread-1] INFO  storage.RaftStorage (RaftStorage.java:format(72)) - Storage directory /workdir/hadoop-ozone/ozonefs/target/test-dir/MiniOzoneClusterImpl-67a7c723-2f3b-4843-b7f2-075ee33ae8e7/datanode-2/data/ratis/864f1135-a4f9-40f9-a976-7c9aa07e715a has been successfully formatted.
2019-09-19 14:39:12,869 [pool-314-thread-1] INFO  ratis.ContainerStateMachine (ContainerStateMachine.java:loadSnapshot(226)) - group-7C9AA07E715A: The snapshot info is null. Setting the last applied indexto:(t:0, i:~)
2019-09-19 14:39:12,869 [pool-314-thread-1] INFO  server.RaftServerConfigKeys (ConfUtils.java:logGet(43)) - raft.server.leader.election.timeout = 120s (custom)
2019-09-19 14:39:12,869 [pool-314-thread-1] INFO  server.RaftServerConfigKeys (ConfUtils.java:logGet(43)) - raft.server.log.use.memory = false (default)
2019-09-19 14:39:12,869 [pool-314-thread-1] INFO  server.RaftServerConfigKeys (ConfUtils.java:logGet(43)) - raft.server.log.purge.gap = 1000000 (custom)
2019-09-19 14:39:12,870 [pool-314-thread-1] INFO  server.RaftServerConfigKeys (ConfUtils.java:logGet(43)) - raft.server.log.appender.buffer.byte-limit = 33554432 (custom)
2019-09-19 14:39:12,870 [pool-314-thread-1] INFO  server.RaftServerConfigKeys (ConfUtils.java:logGet(43)) - raft.server.log.segment.size.max = 1048576 (custom)
2019-09-19 14:39:12,870 [pool-314-thread-1] INFO  server.RaftServerConfigKeys (ConfUtils.java:logGet(43)) - raft.server.log.segment.cache.num.max = 2 (custom)
2019-09-19 14:39:12,870 [pool-314-thread-1] INFO  segmented.SegmentedRaftLogWorker (SegmentedRaftLogWorker.java:<init>(172)) - new d7fb301a-31fb-49ad-b00e-9dfe8c13a3d5-SegmentedRaftLogWorker:Storage Directory /workdir/hadoop-ozone/ozonefs/target/test-dir/MiniOzoneClusterImpl-67a7c723-2f3b-4843-b7f2-075ee33ae8e7/datanode-2/data/ratis/864f1135-a4f9-40f9-a976-7c9aa07e715a for RaftStorage:Storage Directory /workdir/hadoop-ozone/ozonefs/target/test-dir/MiniOzoneClusterImpl-67a7c723-2f3b-4843-b7f2-075ee33ae8e7/datanode-2/data/ratis/864f1135-a4f9-40f9-a976-7c9aa07e715a
2019-09-19 14:39:12,870 [pool-314-thread-1] INFO  server.RaftServerConfigKeys (ConfUtils.java:logGet(43)) - raft.server.log.queue.byte-limit = 2147483647 (custom)
2019-09-19 14:39:12,870 [pool-314-thread-1] INFO  server.RaftServerConfigKeys (ConfUtils.java:logGet(43)) - raft.server.log.queue.element-limit = 1024 (custom)
2019-09-19 14:39:12,870 [pool-314-thread-1] INFO  server.RaftServerConfigKeys (ConfUtils.java:logGet(43)) - raft.server.log.segment.size.max = 1048576 (custom)
2019-09-19 14:39:12,871 [pool-314-thread-1] INFO  server.RaftServerConfigKeys (ConfUtils.java:logGet(43)) - raft.server.log.preallocated.size = 16384 (custom)
2019-09-19 14:39:12,871 [pool-314-thread-1] INFO  server.RaftServerConfigKeys (ConfUtils.java:logGet(43)) - raft.server.log.write.buffer.size = 33554432 (custom)
2019-09-19 14:39:12,871 [pool-314-thread-1] INFO  server.RaftServerConfigKeys (ConfUtils.java:logGet(43)) - raft.server.log.force.sync.num = 128 (default)
2019-09-19 14:39:12,871 [pool-314-thread-1] INFO  server.RaftServerConfigKeys (ConfUtils.java:logGet(43)) - raft.server.log.statemachine.data.sync = true (default)
2019-09-19 14:39:12,871 [pool-314-thread-1] INFO  server.RaftServerConfigKeys (ConfUtils.java:logGet(43)) - raft.server.log.statemachine.data.sync.timeout = 10s (default)
2019-09-19 14:39:12,871 [pool-314-thread-1] INFO  server.RaftServerConfigKeys (ConfUtils.java:logGet(43)) - raft.server.log.statemachine.data.sync.timeout.retry = -1 (default)
2019-09-19 14:39:12,871 [pool-314-thread-1] INFO  server.RaftServerConfigKeys (ConfUtils.java:logGet(43)) - raft.server.log.statemachine.data.caching.enabled = true (custom)
2019-09-19 14:39:12,872 [pool-314-thread-1] INFO  segmented.SegmentedRaftLogWorker (SegmentedRaftLogWorker.java:lambda$new$0(132)) - d7fb301a-31fb-49ad-b00e-9dfe8c13a3d5-SegmentedRaftLogWorker:Storage Directory /workdir/hadoop-ozone/ozonefs/target/test-dir/MiniOzoneClusterImpl-67a7c723-2f3b-4843-b7f2-075ee33ae8e7/datanode-2/data/ratis/864f1135-a4f9-40f9-a976-7c9aa07e715a: flushIndex: setUnconditionally 0 -> -1
2019-09-19 14:39:12,872 [pool-314-thread-1] INFO  server.RaftServerConfigKeys (ConfUtils.java:logGet(43)) - raft.server.snapshot.auto.trigger.enabled = true (custom)
2019-09-19 14:39:12,872 [pool-314-thread-1] INFO  server.RaftServerConfigKeys (ConfUtils.java:logGet(43)) - raft.server.snapshot.auto.trigger.threshold = 10000 (custom)
2019-09-19 14:39:12,872 [pool-314-thread-1] INFO  server.RaftServerConfigKeys (ConfUtils.java:logGet(43)) - raft.server.retrycache.expirytime = 600000ms (custom)
2019-09-19 14:39:12,872 [pool-314-thread-1] INFO  impl.RaftServerImpl (RaftServerImpl.java:start(180)) - d7fb301a-31fb-49ad-b00e-9dfe8c13a3d5: start group-7C9AA07E715A
2019-09-19 14:39:12,873 [pool-314-thread-1] INFO  impl.RaftServerImpl (RaftServerImpl.java:setRole(171)) - d7fb301a-31fb-49ad-b00e-9dfe8c13a3d5:group-7C9AA07E715A changes role from null to FOLLOWER at term 0 for startAsFollower
2019-09-19 14:39:12,873 [pool-314-thread-1] INFO  impl.RoleInfo (RoleInfo.java:updateAndGet(143)) - d7fb301a-31fb-49ad-b00e-9dfe8c13a3d5: start FollowerState
2019-09-19 14:39:12,873 [pool-314-thread-1] INFO  util.JmxRegister (JmxRegister.java:tryRegister(44)) - Successfully registered JMX Bean with object name Ratis:service=RaftServer,group=group-7C9AA07E715A,id=d7fb301a-31fb-49ad-b00e-9dfe8c13a3d5
2019-09-19 14:39:12,876 [RatisPipelineUtilsThread] INFO  pipeline.PipelineStateManager (PipelineStateManager.java:addPipeline(56)) - Created pipeline Pipeline[ Id: 864f1135-a4f9-40f9-a976-7c9aa07e715a, Nodes: d7fb301a-31fb-49ad-b00e-9dfe8c13a3d5{ip: 192.168.5.132, host: pr-hdds-1569-rzdr8-3403194166, networkLocation: /default-rack, certSerialId: null}, Type:RATIS, Factor:ONE, State:OPEN]
2019-09-19 14:39:12,877 [RatisPipelineUtilsThread] ERROR pipeline.PipelinePlacementPolicy (PipelinePlacementPolicy.java:meetCriteria(91)) - Pipeline Placement: Doesn't meet the criteria to be viable node. Heaviness: 6
2019-09-19 14:39:12,877 [RatisPipelineUtilsThread] ERROR pipeline.PipelinePlacementPolicy (PipelinePlacementPolicy.java:meetCriteria(91)) - Pipeline Placement: Doesn't meet the criteria to be viable node. Heaviness: 6
2019-09-19 14:39:12,877 [RatisPipelineUtilsThread] ERROR pipeline.PipelinePlacementPolicy (PipelinePlacementPolicy.java:meetCriteria(91)) - Pipeline Placement: Doesn't meet the criteria to be viable node. Heaviness: 6
2019-09-19 14:39:12,877 [RatisPipelineUtilsThread] ERROR pipeline.PipelinePlacementPolicy (PipelinePlacementPolicy.java:filterViableNodes(146)) - Unable to find enough nodes that meet the criteria that cannot engage in more than 5 pipelines. Nodes required: 1 Found: 0, healthy nodes count inNodeManager: 3.
2019-09-19 14:39:12,877 [RatisPipelineUtilsThread] ERROR pipeline.SCMPipelineManager (SCMPipelineManager.java:createPipeline(161)) - Pipeline creation failed due to exception: Unable to find enough nodes that meet the criteria that cannot engage in more than 5 pipelines. Nodes required: 1 Found: 0, healthy nodes count inNodeManager: 3.
2019-09-19 14:39:12,878 [RatisPipelineUtilsThread] ERROR pipeline.PipelinePlacementPolicy (PipelinePlacementPolicy.java:meetCriteria(91)) - Pipeline Placement: Doesn't meet the criteria to be viable node. Heaviness: 6
2019-09-19 14:39:12,878 [RatisPipelineUtilsThread] ERROR pipeline.PipelinePlacementPolicy (PipelinePlacementPolicy.java:meetCriteria(91)) - Pipeline Placement: Doesn't meet the criteria to be viable node. Heaviness: 6
2019-09-19 14:39:12,878 [RatisPipelineUtilsThread] ERROR pipeline.PipelinePlacementPolicy (PipelinePlacementPolicy.java:meetCriteria(91)) - Pipeline Placement: Doesn't meet the criteria to be viable node. Heaviness: 6
2019-09-19 14:39:12,878 [RatisPipelineUtilsThread] ERROR pipeline.PipelinePlacementPolicy (PipelinePlacementPolicy.java:filterViableNodes(146)) - Unable to find enough nodes that meet the criteria that cannot engage in more than 5 pipelines. Nodes required: 3 Found: 0, healthy nodes count inNodeManager: 3.
2019-09-19 14:39:12,879 [RatisPipelineUtilsThread] ERROR pipeline.SCMPipelineManager (SCMPipelineManager.java:createPipeline(161)) - Pipeline creation failed due to exception: Unable to find enough nodes that meet the criteria that cannot engage in more than 5 pipelines. Nodes required: 3 Found: 0, healthy nodes count inNodeManager: 3.
2019-09-19 14:39:12,879 [RatisPipelineUtilsThread] ERROR pipeline.PipelinePlacementPolicy (PipelinePlacementPolicy.java:meetCriteria(91)) - Pipeline Placement: Doesn't meet the criteria to be viable node. Heaviness: 6
2019-09-19 14:39:12,879 [RatisPipelineUtilsThread] ERROR pipeline.PipelinePlacementPolicy (PipelinePlacementPolicy.java:meetCriteria(91)) - Pipeline Placement: Doesn't meet the criteria to be viable node. Heaviness: 6
2019-09-19 14:39:12,879 [RatisPipelineUtilsThread] ERROR pipeline.PipelinePlacementPolicy (PipelinePlacementPolicy.java:meetCriteria(91)) - Pipeline Placement: Doesn't meet the criteria to be viable node. Heaviness: 6
2019-09-19 14:39:12,879 [RatisPipelineUtilsThread] ERROR pipeline.PipelinePlacementPolicy (PipelinePlacementPolicy.java:filterViableNodes(146)) - Unable to find enough nodes that meet the criteria that cannot engage in more than 5 pipelines. Nodes required: 1 Found: 0, healthy nodes count inNodeManager: 3.
2019-09-19 14:39:12,880 [RatisPipelineUtilsThread] ERROR pipeline.SCMPipelineManager (SCMPipelineManager.java:createPipeline(161)) - Pipeline creation failed due to exception: Unable to find enough nodes that meet the criteria that cannot engage in more than 5 pipelines. Nodes required: 1 Found: 0, healthy nodes count inNodeManager: 3.
2019-09-19 14:39:12,880 [RatisPipelineUtilsThread] ERROR pipeline.PipelinePlacementPolicy (PipelinePlacementPolicy.java:meetCriteria(91)) - Pipeline Placement: Doesn't meet the criteria to be viable node. Heaviness: 6
2019-09-19 14:39:12,880 [RatisPipelineUtilsThread] ERROR pipeline.PipelinePlacementPolicy (PipelinePlacementPolicy.java:meetCriteria(91)) - Pipeline Placement: Doesn't meet the criteria to be viable node. Heaviness: 6
2019-09-19 14:39:12,880 [RatisPipelineUtilsThread] ERROR pipeline.PipelinePlacementPolicy (PipelinePlacementPolicy.java:meetCriteria(91)) - Pipeline Placement: Doesn't meet the criteria to be viable node. Heaviness: 6
2019-09-19 14:39:12,880 [RatisPipelineUtilsThread] ERROR pipeline.PipelinePlacementPolicy (PipelinePlacementPolicy.java:filterViableNodes(146)) - Unable to find enough nodes that meet the criteria that cannot engage in more than 5 pipelines. Nodes required: 3 Found: 0, healthy nodes count inNodeManager: 3.
2019-09-19 14:39:12,881 [RatisPipelineUtilsThread] ERROR pipeline.SCMPipelineManager (SCMPipelineManager.java:createPipeline(161)) - Pipeline creation failed due to exception: Unable to find enough nodes that meet the criteria that cannot engage in more than 5 pipelines. Nodes required: 3 Found: 0, healthy nodes count inNodeManager: 3.
2019-09-19 14:39:13,310 [Thread-1328] INFO  ozone.MiniOzoneClusterImpl (MiniOzoneClusterImpl.java:lambda$waitForClusterToBeReady$0(142)) - Cluster is ready. Got 3 of 3 DN Heartbeats.
2019-09-19 14:39:13,419 | INFO  | OMAudit | user=jenkins1000 | ip=127.0.0.1 | op=CREATE_VOLUME {admin=admin67442, owner=user39135, volume=volume92848, creationTime=1568903953419, quotaInBytes=1152921504606846976} | ret=SUCCESS |  
2019-09-19 14:39:13,429 | INFO  | OMAudit | user=jenkins1000 | ip=127.0.0.1 | op=CREATE_BUCKET {volume=volume92848, bucket=bucket29788, acls=[], isVersionEnabled=false, storageType=DISK, creationTime=0} | ret=SUCCESS |  
2019-09-19 14:39:13,449 | INFO  | OMAudit | user=jenkins1000 | ip=127.0.0.1 | op=READ_VOLUME {volume=volume92848} | ret=SUCCESS |  
2019-09-19 14:39:13,450 | INFO  | OMAudit | user=jenkins1000 | ip=127.0.0.1 | op=READ_BUCKET {volume=volume92848, bucket=bucket29788} | ret=SUCCESS |  
2019-09-19 14:39:13,471 [IPC Server handler 2 on 39316] ERROR pipeline.PipelinePlacementPolicy (PipelinePlacementPolicy.java:meetCriteria(91)) - Pipeline Placement: Doesn't meet the criteria to be viable node. Heaviness: 6
2019-09-19 14:39:13,472 [IPC Server handler 2 on 39316] ERROR pipeline.PipelinePlacementPolicy (PipelinePlacementPolicy.java:meetCriteria(91)) - Pipeline Placement: Doesn't meet the criteria to be viable node. Heaviness: 6
2019-09-19 14:39:13,472 [IPC Server handler 2 on 39316] ERROR pipeline.PipelinePlacementPolicy (PipelinePlacementPolicy.java:meetCriteria(91)) - Pipeline Placement: Doesn't meet the criteria to be viable node. Heaviness: 6
2019-09-19 14:39:13,472 [IPC Server handler 2 on 39316] ERROR pipeline.PipelinePlacementPolicy (PipelinePlacementPolicy.java:filterViableNodes(146)) - Unable to find enough nodes that meet the criteria that cannot engage in more than 5 pipelines. Nodes required: 3 Found: 0, healthy nodes count inNodeManager: 3.
2019-09-19 14:39:13,473 [IPC Server handler 2 on 39316] ERROR pipeline.SCMPipelineManager (SCMPipelineManager.java:createPipeline(161)) - Pipeline creation failed due to exception: Unable to find enough nodes that meet the criteria that cannot engage in more than 5 pipelines. Nodes required: 3 Found: 0, healthy nodes count inNodeManager: 3.
2019-09-19 14:39:13,473 [IPC Server handler 2 on 39316] WARN  block.BlockManagerImpl (BlockManagerImpl.java:allocateBlock(192)) - Pipeline creation failed for type:RATIS factor:THREE. Retrying get pipelines call once.
org.apache.hadoop.hdds.scm.exceptions.SCMException: Unable to find enough nodes that meet the criteria that cannot engage in more than 5 pipelines. Nodes required: 3 Found: 0, healthy nodes count inNodeManager: 3.
	at org.apache.hadoop.hdds.scm.pipeline.PipelinePlacementPolicy.filterViableNodes(PipelinePlacementPolicy.java:147)
	at org.apache.hadoop.hdds.scm.pipeline.PipelinePlacementPolicy.chooseDatanodes(PipelinePlacementPolicy.java:170)
	at org.apache.hadoop.hdds.scm.pipeline.RatisPipelineProvider.create(RatisPipelineProvider.java:92)
	at org.apache.hadoop.hdds.scm.pipeline.PipelineFactory.create(PipelineFactory.java:57)
	at org.apache.hadoop.hdds.scm.pipeline.SCMPipelineManager.createPipeline(SCMPipelineManager.java:149)
	at org.apache.hadoop.hdds.scm.block.BlockManagerImpl.allocateBlock(BlockManagerImpl.java:190)
	at org.apache.hadoop.hdds.scm.server.SCMBlockProtocolServer.allocateBlock(SCMBlockProtocolServer.java:175)
	at org.apache.hadoop.ozone.protocolPB.ScmBlockLocationProtocolServerSideTranslatorPB.allocateScmBlock(ScmBlockLocationProtocolServerSideTranslatorPB.java:153)
	at org.apache.hadoop.ozone.protocolPB.ScmBlockLocationProtocolServerSideTranslatorPB.send(ScmBlockLocationProtocolServerSideTranslatorPB.java:112)
	at org.apache.hadoop.hdds.protocol.proto.ScmBlockLocationProtocolProtos$ScmBlockLocationProtocolService$2.callBlockingMethod(ScmBlockLocationProtocolProtos.java:13157)
	at org.apache.hadoop.ipc.ProtobufRpcEngine$Server$ProtoBufRpcInvoker.call(ProtobufRpcEngine.java:524)
	at org.apache.hadoop.ipc.RPC$Server.call(RPC.java:1025)
	at org.apache.hadoop.ipc.Server$RpcCall.run(Server.java:876)
	at org.apache.hadoop.ipc.Server$RpcCall.run(Server.java:822)
	at java.security.AccessController.doPrivileged(Native Method)
	at javax.security.auth.Subject.doAs(Subject.java:422)
	at org.apache.hadoop.security.UserGroupInformation.doAs(UserGroupInformation.java:1730)
	at org.apache.hadoop.ipc.Server$Handler.run(Server.java:2682)
2019-09-19 14:39:13,473 [IPC Server handler 2 on 39316] INFO  block.BlockManagerImpl (BlockManagerImpl.java:allocateBlock(198)) - Could not find available pipeline of type:RATIS and factor:THREE even after retrying
2019-09-19 14:39:13,473 [IPC Server handler 2 on 39316] ERROR block.BlockManagerImpl (BlockManagerImpl.java:allocateBlock(222)) - Unable to allocate a block for the size: 4194304, type: RATIS, factor: THREE
2019-09-19 14:39:13,474 | INFO  | SCMAudit | user=jenkins1000 | ip=192.168.5.132 | op=ALLOCATE_BLOCK {owner=1cc21be0-5155-455b-918a-b8131aa8a9e3, size=4194304, type=RATIS, factor=THREE} | ret=SUCCESS |  
2019-09-19 14:39:13,476 | ERROR | OMAudit | user=jenkins1000 | ip=127.0.0.1 | op=CREATE_FILE {volume=volume92848, bucket=bucket29788, key=testDeleteCreatesFakeParentDir/parent/child, dataSize=0, replicationType=RATIS, replicationFactor=THREE, keyLocationInfo=null} | ret=FAILURE | org.apache.hadoop.hdds.scm.exceptions.SCMException: Allocated 0 blocks. Requested 1 blocks
	at org.apache.hadoop.hdds.scm.protocolPB.ScmBlockLocationProtocolClientSideTranslatorPB.handleError(ScmBlockLocationProtocolClientSideTranslatorPB.java:118)
	at org.apache.hadoop.hdds.scm.protocolPB.ScmBlockLocationProtocolClientSideTranslatorPB.allocateBlock(ScmBlockLocationProtocolClientSideTranslatorPB.java:156) 
2019-09-19 14:39:13,477 [Thread-1328] INFO  ozone.MiniOzoneClusterImpl (MiniOzoneClusterImpl.java:shutdown(321)) - Shutting down the Mini Ozone Cluster
2019-09-19 14:39:13,477 | INFO  | SCMAudit | user=null | ip=null | op=GET_SCM_INFO null | ret=SUCCESS |  
2019-09-19 14:39:13,477 [Thread-1328] INFO  ozone.MiniOzoneClusterImpl (MiniOzoneClusterImpl.java:stop(336)) - Stopping the Mini Ozone Cluster
2019-09-19 14:39:13,477 [Thread-1328] INFO  ozone.MiniOzoneClusterImpl (MiniOzoneClusterImpl.java:stop(338)) - Stopping the OzoneManager
2019-09-19 14:39:13,477 [Thread-1328] INFO  ipc.Server (Server.java:stop(3082)) - Stopping server on 40260
2019-09-19 14:39:13,482 [Thread-1328] INFO  ratis.OzoneManagerDoubleBuffer (OzoneManagerDoubleBuffer.java:stop(248)) - Stopping OMDoubleBuffer flush thread
2019-09-19 14:39:13,482 [IPC Server Responder] INFO  ipc.Server (Server.java:run(1319)) - Stopping IPC Server Responder
2019-09-19 14:39:13,482 [OMDoubleBufferFlushThread] INFO  ratis.OzoneManagerDoubleBuffer (OzoneManagerDoubleBuffer.java:flushTransactions(191)) - OMDoubleBuffer flush thread OMDoubleBufferFlushThread is interrupted and will exit. OMDoubleBufferFlushThread
2019-09-19 14:39:13,482 [IPC Server listener on 40260] INFO  ipc.Server (Server.java:run(1185)) - Stopping IPC Server listener on 40260
2019-09-19 14:39:13,483 [Thread-1328] INFO  utils.BackgroundService (BackgroundService.java:shutdown(148)) - Shutting down service KeyDeletingService
2019-09-19 14:39:13,486 [Thread-1328] INFO  handler.ContextHandler (ContextHandler.java:doStop(910)) - Stopped o.e.j.w.WebAppContext@6ad481d{/,null,UNAVAILABLE}{/ozoneManager}
2019-09-19 14:39:13,486 [Thread-1328] INFO  server.AbstractConnector (AbstractConnector.java:doStop(318)) - Stopped ServerConnector@3fe17e04{HTTP/1.1,[http/1.1]}{0.0.0.0:0}
2019-09-19 14:39:13,487 [Thread-1328] INFO  handler.ContextHandler (ContextHandler.java:doStop(910)) - Stopped o.e.j.s.ServletContextHandler@6a24adc2{/static,jar:file:/home/user/.m2/repository/org/apache/hadoop/hadoop-ozone-ozone-manager/0.5.0-SNAPSHOT/hadoop-ozone-ozone-manager-0.5.0-SNAPSHOT.jar!/webapps/static,UNAVAILABLE}
2019-09-19 14:39:13,487 [Thread-1328] INFO  handler.ContextHandler (ContextHandler.java:doStop(910)) - Stopped o.e.j.s.ServletContextHandler@247e642b{/logs,file:///workdir/hadoop-ozone/ozonefs/target/log,UNAVAILABLE}
2019-09-19 14:39:13,489 [Thread-1328] INFO  ozone.MiniOzoneClusterImpl (MiniOzoneClusterImpl.java:stop(344)) - Shutting the HddsDatanodes
2019-09-19 14:39:13,489 [Thread-1328] INFO  datanode.ObjectStoreHandler (ObjectStoreHandler.java:close(155)) - Closing ObjectStoreHandler.
2019-09-19 14:39:13,489 [ForkJoinPool.commonPool-worker-0] INFO  datanode.ObjectStoreHandler (ObjectStoreHandler.java:close(155)) - Closing ObjectStoreHandler.
2019-09-19 14:39:13,489 [Thread-1328] INFO  ozone.HddsDatanodeService (HddsDatanodeService.java:stop(451)) - Stopped plug-in org.apache.hadoop.ozone.web.OzoneHddsDatanodeService@190bb3b0
2019-09-19 14:39:13,489 [ForkJoinPool.commonPool-worker-0] INFO  ozone.HddsDatanodeService (HddsDatanodeService.java:stop(451)) - Stopped plug-in org.apache.hadoop.ozone.web.OzoneHddsDatanodeService@17d13805
2019-09-19 14:39:13,930 [Datanode State Machine Thread - 0] INFO  statemachine.DatanodeStateMachine (DatanodeStateMachine.java:lambda$startDaemon$0(350)) - Ozone container server started.
2019-09-19 14:39:14,123 [Datanode State Machine Thread - 0] INFO  statemachine.DatanodeStateMachine (DatanodeStateMachine.java:lambda$startDaemon$0(350)) - Ozone container server started.
2019-09-19 14:39:14,312 | INFO  | SCMAudit | user=jenkins1000 | ip=192.168.5.132 | op=SEND_HEARTBEAT {datanodeUUID=d7fb301a-31fb-49ad-b00e-9dfe8c13a3d5, command=[]} | ret=SUCCESS |  
2019-09-19 14:39:14,939 [Thread-1500] INFO  container.ReplicationManager (ReplicationManager.java:start(151)) - Starting Replication Monitor Thread.
2019-09-19 14:39:14,943 [ReplicationMonitor] INFO  container.ReplicationManager (ReplicationManager.java:run(214)) - Replication Monitor Thread took 0 milliseconds for processing 0 containers.
2019-09-19 14:39:15,311 | INFO  | SCMAudit | user=jenkins1000 | ip=192.168.5.132 | op=SEND_HEARTBEAT {datanodeUUID=d7fb301a-31fb-49ad-b00e-9dfe8c13a3d5, command=[]} | ret=SUCCESS |  
2019-09-19 14:39:16,311 | INFO  | SCMAudit | user=jenkins1000 | ip=192.168.5.132 | op=SEND_HEARTBEAT {datanodeUUID=d7fb301a-31fb-49ad-b00e-9dfe8c13a3d5, command=[]} | ret=SUCCESS |  
2019-09-19 14:39:17,033 [Thread-1502] INFO  impl.FollowerState (FollowerState.java:run(106)) - 0a9408fa-2e62-4e77-a585-841a9d73d83b:group-AE5D0BF55BB2 changes to CANDIDATE, lastRpcTime:5025, electionTimeout:5025ms
2019-09-19 14:39:17,033 [Thread-1502] INFO  impl.RoleInfo (RoleInfo.java:shutdownFollowerState(121)) - 0a9408fa-2e62-4e77-a585-841a9d73d83b: shutdown FollowerState
2019-09-19 14:39:17,033 [Thread-1502] INFO  impl.RaftServerImpl (RaftServerImpl.java:setRole(171)) - 0a9408fa-2e62-4e77-a585-841a9d73d83b:group-AE5D0BF55BB2 changes role from FOLLOWER to CANDIDATE at term 0 for changeToCandidate
2019-09-19 14:39:17,033 [Thread-1502] INFO  impl.RoleInfo (RoleInfo.java:updateAndGet(143)) - 0a9408fa-2e62-4e77-a585-841a9d73d83b: start LeaderElection
2019-09-19 14:39:17,069 [0a9408fa-2e62-4e77-a585-841a9d73d83b:group-AE5D0BF55BB2:LeaderElection86] INFO  impl.LeaderElection (LeaderElection.java:askForVotes(181)) - 0a9408fa-2e62-4e77-a585-841a9d73d83b:group-AE5D0BF55BB2:LeaderElection86: begin an election at term 1 for -1: [0a9408fa-2e62-4e77-a585-841a9d73d83b:192.168.5.132:39372], old=null
2019-09-19 14:39:17,070 [0a9408fa-2e62-4e77-a585-841a9d73d83b:group-AE5D0BF55BB2:LeaderElection86] INFO  impl.RoleInfo (RoleInfo.java:shutdownLeaderElection(134)) - 0a9408fa-2e62-4e77-a585-841a9d73d83b: shutdown LeaderElection
2019-09-19 14:39:17,070 [0a9408fa-2e62-4e77-a585-841a9d73d83b:group-AE5D0BF55BB2:LeaderElection86] INFO  impl.RaftServerImpl (RaftServerImpl.java:setRole(171)) - 0a9408fa-2e62-4e77-a585-841a9d73d83b:group-AE5D0BF55BB2 changes role from CANDIDATE to LEADER at term 1 for changeToLeader
2019-09-19 14:39:17,070 [0a9408fa-2e62-4e77-a585-841a9d73d83b:group-AE5D0BF55BB2:LeaderElection86] INFO  impl.RaftServerImpl (ServerState.java:setLeader(263)) - 0a9408fa-2e62-4e77-a585-841a9d73d83b:group-AE5D0BF55BB2 change Leader from null to 0a9408fa-2e62-4e77-a585-841a9d73d83b at term 1 for becomeLeader, leader elected after 5067ms
2019-09-19 14:39:17,070 [0a9408fa-2e62-4e77-a585-841a9d73d83b:group-AE5D0BF55BB2:LeaderElection86] INFO  server.RaftServerConfigKeys (ConfUtils.java:logGet(43)) - raft.server.staging.catchup.gap = 1000 (default)
2019-09-19 14:39:17,070 [0a9408fa-2e62-4e77-a585-841a9d73d83b:group-AE5D0BF55BB2:LeaderElection86] INFO  server.RaftServerConfigKeys (ConfUtils.java:logGet(43)) - raft.server.rpc.sleep.time = 25ms (default)
2019-09-19 14:39:17,071 [0a9408fa-2e62-4e77-a585-841a9d73d83b:group-AE5D0BF55BB2:LeaderElection86] INFO  server.RaftServerConfigKeys (ConfUtils.java:logGet(43)) - raft.server.write.element-limit = 4096 (default)
2019-09-19 14:39:17,071 [0a9408fa-2e62-4e77-a585-841a9d73d83b:group-AE5D0BF55BB2:LeaderElection86] INFO  server.RaftServerConfigKeys (ConfUtils.java:logGet(43)) - raft.server.watch.timeout = 10s (default)
2019-09-19 14:39:17,071 [0a9408fa-2e62-4e77-a585-841a9d73d83b:group-AE5D0BF55BB2:LeaderElection86] INFO  server.RaftServerConfigKeys (ConfUtils.java:logGet(43)) - raft.server.watch.timeout.denomination = 1s (default)
2019-09-19 14:39:17,071 [0a9408fa-2e62-4e77-a585-841a9d73d83b:group-AE5D0BF55BB2:LeaderElection86] INFO  server.RaftServerConfigKeys (ConfUtils.java:logGet(43)) - raft.server.watch.element-limit = 65536 (default)
2019-09-19 14:39:17,072 [0a9408fa-2e62-4e77-a585-841a9d73d83b:group-AE5D0BF55BB2:LeaderElection86] INFO  impl.RoleInfo (RoleInfo.java:updateAndGet(143)) - 0a9408fa-2e62-4e77-a585-841a9d73d83b: start LeaderState
2019-09-19 14:39:17,072 [0a9408fa-2e62-4e77-a585-841a9d73d83b:group-AE5D0BF55BB2:LeaderElection86] INFO  segmented.SegmentedRaftLogWorker (SegmentedRaftLogWorker.java:startLogSegment(380)) - 0a9408fa-2e62-4e77-a585-841a9d73d83b-SegmentedRaftLogWorker:Storage Directory /workdir/hadoop-ozone/ozonefs/target/test-dir/MiniOzoneClusterImpl-67a7c723-2f3b-4843-b7f2-075ee33ae8e7/datanode-0/data/ratis/6e1c3963-1c4f-4e83-b81e-ae5d0bf55bb2: Starting segment from index:0
2019-09-19 14:39:17,073 [0a9408fa-2e62-4e77-a585-841a9d73d83b:group-AE5D0BF55BB2:LeaderElection86] INFO  impl.RaftServerImpl (ServerState.java:setRaftConf(361)) - 0a9408fa-2e62-4e77-a585-841a9d73d83b:group-AE5D0BF55BB2 set configuration 0: [0a9408fa-2e62-4e77-a585-841a9d73d83b:192.168.5.132:39372], old=null at 0
2019-09-19 14:39:17,093 [Thread-1505] INFO  impl.FollowerState (FollowerState.java:run(106)) - 0a9408fa-2e62-4e77-a585-841a9d73d83b:group-6DD156E496BC changes to CANDIDATE, lastRpcTime:5025, electionTimeout:5025ms
2019-09-19 14:39:17,094 [Thread-1505] INFO  impl.RoleInfo (RoleInfo.java:shutdownFollowerState(121)) - 0a9408fa-2e62-4e77-a585-841a9d73d83b: shutdown FollowerState
2019-09-19 14:39:17,094 [Thread-1505] INFO  impl.RaftServerImpl (RaftServerImpl.java:setRole(171)) - 0a9408fa-2e62-4e77-a585-841a9d73d83b:group-6DD156E496BC changes role from FOLLOWER to CANDIDATE at term 0 for changeToCandidate
2019-09-19 14:39:17,094 [Thread-1505] INFO  impl.RoleInfo (RoleInfo.java:updateAndGet(143)) - 0a9408fa-2e62-4e77-a585-841a9d73d83b: start LeaderElection
2019-09-19 14:39:17,128 [0a9408fa-2e62-4e77-a585-841a9d73d83b-SegmentedRaftLogWorker:Storage Directory /workdir/hadoop-ozone/ozonefs/target/test-dir/MiniOzoneClusterImpl-67a7c723-2f3b-4843-b7f2-075ee33ae8e7/datanode-0/data/ratis/6e1c3963-1c4f-4e83-b81e-ae5d0bf55bb2] INFO  segmented.SegmentedRaftLogWorker (SegmentedRaftLogWorker.java:execute(569)) - 0a9408fa-2e62-4e77-a585-841a9d73d83b-SegmentedRaftLogWorker:Storage Directory /workdir/hadoop-ozone/ozonefs/target/test-dir/MiniOzoneClusterImpl-67a7c723-2f3b-4843-b7f2-075ee33ae8e7/datanode-0/data/ratis/6e1c3963-1c4f-4e83-b81e-ae5d0bf55bb2: created new log segment /workdir/hadoop-ozone/ozonefs/target/test-dir/MiniOzoneClusterImpl-67a7c723-2f3b-4843-b7f2-075ee33ae8e7/datanode-0/data/ratis/6e1c3963-1c4f-4e83-b81e-ae5d0bf55bb2/current/log_inprogress_0
2019-09-19 14:39:17,128 [0a9408fa-2e62-4e77-a585-841a9d73d83b:group-6DD156E496BC:LeaderElection87] INFO  impl.LeaderElection (LeaderElection.java:askForVotes(181)) - 0a9408fa-2e62-4e77-a585-841a9d73d83b:group-6DD156E496BC:LeaderElection87: begin an election at term 1 for -1: [0a9408fa-2e62-4e77-a585-841a9d73d83b:192.168.5.132:39372], old=null
2019-09-19 14:39:17,128 [0a9408fa-2e62-4e77-a585-841a9d73d83b:group-6DD156E496BC:LeaderElection87] INFO  impl.RoleInfo (RoleInfo.java:shutdownLeaderElection(134)) - 0a9408fa-2e62-4e77-a585-841a9d73d83b: shutdown LeaderElection
2019-09-19 14:39:17,128 [0a9408fa-2e62-4e77-a585-841a9d73d83b:group-6DD156E496BC:LeaderElection87] INFO  impl.RaftServerImpl (RaftServerImpl.java:setRole(171)) - 0a9408fa-2e62-4e77-a585-841a9d73d83b:group-6DD156E496BC changes role from CANDIDATE to LEADER at term 1 for changeToLeader
2019-09-19 14:39:17,129 [0a9408fa-2e62-4e77-a585-841a9d73d83b:group-6DD156E496BC:LeaderElection87] INFO  impl.RaftServerImpl (ServerState.java:setLeader(263)) - 0a9408fa-2e62-4e77-a585-841a9d73d83b:group-6DD156E496BC change Leader from null to 0a9408fa-2e62-4e77-a585-841a9d73d83b at term 1 for becomeLeader, leader elected after 5064ms
2019-09-19 14:39:17,129 [0a9408fa-2e62-4e77-a585-841a9d73d83b:group-6DD156E496BC:LeaderElection87] INFO  server.RaftServerConfigKeys (ConfUtils.java:logGet(43)) - raft.server.staging.catchup.gap = 1000 (default)
2019-09-19 14:39:17,129 [0a9408fa-2e62-4e77-a585-841a9d73d83b:group-6DD156E496BC:LeaderElection87] INFO  server.RaftServerConfigKeys (ConfUtils.java:logGet(43)) - raft.server.rpc.sleep.time = 25ms (default)
2019-09-19 14:39:17,129 [0a9408fa-2e62-4e77-a585-841a9d73d83b:group-6DD156E496BC:LeaderElection87] INFO  server.RaftServerConfigKeys (ConfUtils.java:logGet(43)) - raft.server.write.element-limit = 4096 (default)
2019-09-19 14:39:17,129 [0a9408fa-2e62-4e77-a585-841a9d73d83b:group-6DD156E496BC:LeaderElection87] INFO  server.RaftServerConfigKeys (ConfUtils.java:logGet(43)) - raft.server.watch.timeout = 10s (default)
2019-09-19 14:39:17,129 [0a9408fa-2e62-4e77-a585-841a9d73d83b:group-6DD156E496BC:LeaderElection87] INFO  server.RaftServerConfigKeys (ConfUtils.java:logGet(43)) - raft.server.watch.timeout.denomination = 1s (default)
2019-09-19 14:39:17,130 [0a9408fa-2e62-4e77-a585-841a9d73d83b:group-6DD156E496BC:LeaderElection87] INFO  server.RaftServerConfigKeys (ConfUtils.java:logGet(43)) - raft.server.watch.element-limit = 65536 (default)
2019-09-19 14:39:17,130 [0a9408fa-2e62-4e77-a585-841a9d73d83b:group-6DD156E496BC:LeaderElection87] INFO  impl.RoleInfo (RoleInfo.java:updateAndGet(143)) - 0a9408fa-2e62-4e77-a585-841a9d73d83b: start LeaderState
2019-09-19 14:39:17,130 [0a9408fa-2e62-4e77-a585-841a9d73d83b:group-6DD156E496BC:LeaderElection87] INFO  segmented.SegmentedRaftLogWorker (SegmentedRaftLogWorker.java:startLogSegment(380)) - 0a9408fa-2e62-4e77-a585-841a9d73d83b-SegmentedRaftLogWorker:Storage Directory /workdir/hadoop-ozone/ozonefs/target/test-dir/MiniOzoneClusterImpl-67a7c723-2f3b-4843-b7f2-075ee33ae8e7/datanode-0/data/ratis/379ec2fd-57dc-41c8-b74a-6dd156e496bc: Starting segment from index:0
2019-09-19 14:39:17,131 [0a9408fa-2e62-4e77-a585-841a9d73d83b:group-6DD156E496BC:LeaderElection87] INFO  impl.RaftServerImpl (ServerState.java:setRaftConf(361)) - 0a9408fa-2e62-4e77-a585-841a9d73d83b:group-6DD156E496BC set configuration 0: [0a9408fa-2e62-4e77-a585-841a9d73d83b:192.168.5.132:39372], old=null at 0
2019-09-19 14:39:17,133 [Thread-1508] INFO  impl.FollowerState (FollowerState.java:run(106)) - 0a9408fa-2e62-4e77-a585-841a9d73d83b:group-38FDC004647F changes to CANDIDATE, lastRpcTime:5004, electionTimeout:5004ms
2019-09-19 14:39:17,133 [Thread-1508] INFO  impl.RoleInfo (RoleInfo.java:shutdownFollowerState(121)) - 0a9408fa-2e62-4e77-a585-841a9d73d83b: shutdown FollowerState
2019-09-19 14:39:17,133 [Thread-1508] INFO  impl.RaftServerImpl (RaftServerImpl.java:setRole(171)) - 0a9408fa-2e62-4e77-a585-841a9d73d83b:group-38FDC004647F changes role from FOLLOWER to CANDIDATE at term 0 for changeToCandidate
2019-09-19 14:39:17,133 [Thread-1508] INFO  impl.RoleInfo (RoleInfo.java:updateAndGet(143)) - 0a9408fa-2e62-4e77-a585-841a9d73d83b: start LeaderElection
2019-09-19 14:39:17,203 [0a9408fa-2e62-4e77-a585-841a9d73d83b-SegmentedRaftLogWorker:Storage Directory /workdir/hadoop-ozone/ozonefs/target/test-dir/MiniOzoneClusterImpl-67a7c723-2f3b-4843-b7f2-075ee33ae8e7/datanode-0/data/ratis/379ec2fd-57dc-41c8-b74a-6dd156e496bc] INFO  segmented.SegmentedRaftLogWorker (SegmentedRaftLogWorker.java:execute(569)) - 0a9408fa-2e62-4e77-a585-841a9d73d83b-SegmentedRaftLogWorker:Storage Directory /workdir/hadoop-ozone/ozonefs/target/test-dir/MiniOzoneClusterImpl-67a7c723-2f3b-4843-b7f2-075ee33ae8e7/datanode-0/data/ratis/379ec2fd-57dc-41c8-b74a-6dd156e496bc: created new log segment /workdir/hadoop-ozone/ozonefs/target/test-dir/MiniOzoneClusterImpl-67a7c723-2f3b-4843-b7f2-075ee33ae8e7/datanode-0/data/ratis/379ec2fd-57dc-41c8-b74a-6dd156e496bc/current/log_inprogress_0
2019-09-19 14:39:17,204 [0a9408fa-2e62-4e77-a585-841a9d73d83b:group-38FDC004647F:LeaderElection88] INFO  impl.LeaderElection (LeaderElection.java:askForVotes(181)) - 0a9408fa-2e62-4e77-a585-841a9d73d83b:group-38FDC004647F:LeaderElection88: begin an election at term 1 for -1: [0a9408fa-2e62-4e77-a585-841a9d73d83b:192.168.5.132:39372], old=null
2019-09-19 14:39:17,204 [0a9408fa-2e62-4e77-a585-841a9d73d83b:group-38FDC004647F:LeaderElection88] INFO  impl.RoleInfo (RoleInfo.java:shutdownLeaderElection(134)) - 0a9408fa-2e62-4e77-a585-841a9d73d83b: shutdown LeaderElection
2019-09-19 14:39:17,204 [0a9408fa-2e62-4e77-a585-841a9d73d83b:group-38FDC004647F:LeaderElection88] INFO  impl.RaftServerImpl (RaftServerImpl.java:setRole(171)) - 0a9408fa-2e62-4e77-a585-841a9d73d83b:group-38FDC004647F changes role from CANDIDATE to LEADER at term 1 for changeToLeader
2019-09-19 14:39:17,204 [0a9408fa-2e62-4e77-a585-841a9d73d83b:group-38FDC004647F:LeaderElection88] INFO  impl.RaftServerImpl (ServerState.java:setLeader(263)) - 0a9408fa-2e62-4e77-a585-841a9d73d83b:group-38FDC004647F change Leader from null to 0a9408fa-2e62-4e77-a585-841a9d73d83b at term 1 for becomeLeader, leader elected after 5080ms
2019-09-19 14:39:17,204 [0a9408fa-2e62-4e77-a585-841a9d73d83b:group-38FDC004647F:LeaderElection88] INFO  server.RaftServerConfigKeys (ConfUtils.java:logGet(43)) - raft.server.staging.catchup.gap = 1000 (default)
2019-09-19 14:39:17,205 [0a9408fa-2e62-4e77-a585-841a9d73d83b:group-38FDC004647F:LeaderElection88] INFO  server.RaftServerConfigKeys (ConfUtils.java:logGet(43)) - raft.server.rpc.sleep.time = 25ms (default)
2019-09-19 14:39:17,205 [0a9408fa-2e62-4e77-a585-841a9d73d83b:group-38FDC004647F:LeaderElection88] INFO  server.RaftServerConfigKeys (ConfUtils.java:logGet(43)) - raft.server.write.element-limit = 4096 (default)
2019-09-19 14:39:17,205 [0a9408fa-2e62-4e77-a585-841a9d73d83b:group-38FDC004647F:LeaderElection88] INFO  server.RaftServerConfigKeys (ConfUtils.java:logGet(43)) - raft.server.watch.timeout = 10s (default)
2019-09-19 14:39:17,205 [0a9408fa-2e62-4e77-a585-841a9d73d83b:group-38FDC004647F:LeaderElection88] INFO  server.RaftServerConfigKeys (ConfUtils.java:logGet(43)) - raft.server.watch.timeout.denomination = 1s (default)
2019-09-19 14:39:17,205 [0a9408fa-2e62-4e77-a585-841a9d73d83b:group-38FDC004647F:LeaderElection88] INFO  server.RaftServerConfigKeys (ConfUtils.java:logGet(43)) - raft.server.watch.element-limit = 65536 (default)
2019-09-19 14:39:17,205 [0a9408fa-2e62-4e77-a585-841a9d73d83b:group-38FDC004647F:LeaderElection88] INFO  impl.RoleInfo (RoleInfo.java:updateAndGet(143)) - 0a9408fa-2e62-4e77-a585-841a9d73d83b: start LeaderState
2019-09-19 14:39:17,206 [0a9408fa-2e62-4e77-a585-841a9d73d83b:group-38FDC004647F:LeaderElection88] INFO  segmented.SegmentedRaftLogWorker (SegmentedRaftLogWorker.java:startLogSegment(380)) - 0a9408fa-2e62-4e77-a585-841a9d73d83b-SegmentedRaftLogWorker:Storage Directory /workdir/hadoop-ozone/ozonefs/target/test-dir/MiniOzoneClusterImpl-67a7c723-2f3b-4843-b7f2-075ee33ae8e7/datanode-0/data/ratis/dc6628c7-1f85-4e56-a623-38fdc004647f: Starting segment from index:0
2019-09-19 14:39:17,206 [0a9408fa-2e62-4e77-a585-841a9d73d83b:group-38FDC004647F:LeaderElection88] INFO  impl.RaftServerImpl (ServerState.java:setRaftConf(361)) - 0a9408fa-2e62-4e77-a585-841a9d73d83b:group-38FDC004647F set configuration 0: [0a9408fa-2e62-4e77-a585-841a9d73d83b:192.168.5.132:39372], old=null at 0
2019-09-19 14:39:17,241 [Thread-1514] INFO  impl.FollowerState (FollowerState.java:run(106)) - 0a9408fa-2e62-4e77-a585-841a9d73d83b:group-AEAE162A26CF changes to CANDIDATE, lastRpcTime:5000, electionTimeout:5000ms
2019-09-19 14:39:17,241 [Thread-1514] INFO  impl.RoleInfo (RoleInfo.java:shutdownFollowerState(121)) - 0a9408fa-2e62-4e77-a585-841a9d73d83b: shutdown FollowerState
2019-09-19 14:39:17,241 [Thread-1514] INFO  impl.RaftServerImpl (RaftServerImpl.java:setRole(171)) - 0a9408fa-2e62-4e77-a585-841a9d73d83b:group-AEAE162A26CF changes role from FOLLOWER to CANDIDATE at term 0 for changeToCandidate
2019-09-19 14:39:17,241 [Thread-1514] INFO  impl.RoleInfo (RoleInfo.java:updateAndGet(143)) - 0a9408fa-2e62-4e77-a585-841a9d73d83b: start LeaderElection
2019-09-19 14:39:17,257 [0a9408fa-2e62-4e77-a585-841a9d73d83b-SegmentedRaftLogWorker:Storage Directory /workdir/hadoop-ozone/ozonefs/target/test-dir/MiniOzoneClusterImpl-67a7c723-2f3b-4843-b7f2-075ee33ae8e7/datanode-0/data/ratis/dc6628c7-1f85-4e56-a623-38fdc004647f] INFO  segmented.SegmentedRaftLogWorker (SegmentedRaftLogWorker.java:execute(569)) - 0a9408fa-2e62-4e77-a585-841a9d73d83b-SegmentedRaftLogWorker:Storage Directory /workdir/hadoop-ozone/ozonefs/target/test-dir/MiniOzoneClusterImpl-67a7c723-2f3b-4843-b7f2-075ee33ae8e7/datanode-0/data/ratis/dc6628c7-1f85-4e56-a623-38fdc004647f: created new log segment /workdir/hadoop-ozone/ozonefs/target/test-dir/MiniOzoneClusterImpl-67a7c723-2f3b-4843-b7f2-075ee33ae8e7/datanode-0/data/ratis/dc6628c7-1f85-4e56-a623-38fdc004647f/current/log_inprogress_0
2019-09-19 14:39:17,257 [0a9408fa-2e62-4e77-a585-841a9d73d83b:group-AEAE162A26CF:LeaderElection89] INFO  impl.LeaderElection (LeaderElection.java:askForVotes(181)) - 0a9408fa-2e62-4e77-a585-841a9d73d83b:group-AEAE162A26CF:LeaderElection89: begin an election at term 1 for -1: [0a9408fa-2e62-4e77-a585-841a9d73d83b:192.168.5.132:39372], old=null
2019-09-19 14:39:17,257 [0a9408fa-2e62-4e77-a585-841a9d73d83b:group-AEAE162A26CF:LeaderElection89] INFO  impl.RoleInfo (RoleInfo.java:shutdownLeaderElection(134)) - 0a9408fa-2e62-4e77-a585-841a9d73d83b: shutdown LeaderElection
2019-09-19 14:39:17,257 [0a9408fa-2e62-4e77-a585-841a9d73d83b:group-AEAE162A26CF:LeaderElection89] INFO  impl.RaftServerImpl (RaftServerImpl.java:setRole(171)) - 0a9408fa-2e62-4e77-a585-841a9d73d83b:group-AEAE162A26CF changes role from CANDIDATE to LEADER at term 1 for changeToLeader
2019-09-19 14:39:17,257 [0a9408fa-2e62-4e77-a585-841a9d73d83b:group-AEAE162A26CF:LeaderElection89] INFO  impl.RaftServerImpl (ServerState.java:setLeader(263)) - 0a9408fa-2e62-4e77-a585-841a9d73d83b:group-AEAE162A26CF change Leader from null to 0a9408fa-2e62-4e77-a585-841a9d73d83b at term 1 for becomeLeader, leader elected after 5019ms
2019-09-19 14:39:17,257 [0a9408fa-2e62-4e77-a585-841a9d73d83b:group-AEAE162A26CF:LeaderElection89] INFO  server.RaftServerConfigKeys (ConfUtils.java:logGet(43)) - raft.server.staging.catchup.gap = 1000 (default)
2019-09-19 14:39:17,257 [0a9408fa-2e62-4e77-a585-841a9d73d83b:group-AEAE162A26CF:LeaderElection89] INFO  server.RaftServerConfigKeys (ConfUtils.java:logGet(43)) - raft.server.rpc.sleep.time = 25ms (default)
2019-09-19 14:39:17,258 [0a9408fa-2e62-4e77-a585-841a9d73d83b:group-AEAE162A26CF:LeaderElection89] INFO  server.RaftServerConfigKeys (ConfUtils.java:logGet(43)) - raft.server.write.element-limit = 4096 (default)
2019-09-19 14:39:17,258 [0a9408fa-2e62-4e77-a585-841a9d73d83b:group-AEAE162A26CF:LeaderElection89] INFO  server.RaftServerConfigKeys (ConfUtils.java:logGet(43)) - raft.server.watch.timeout = 10s (default)
2019-09-19 14:39:17,258 [0a9408fa-2e62-4e77-a585-841a9d73d83b:group-AEAE162A26CF:LeaderElection89] INFO  server.RaftServerConfigKeys (ConfUtils.java:logGet(43)) - raft.server.watch.timeout.denomination = 1s (default)
2019-09-19 14:39:17,258 [0a9408fa-2e62-4e77-a585-841a9d73d83b:group-AEAE162A26CF:LeaderElection89] INFO  server.RaftServerConfigKeys (ConfUtils.java:logGet(43)) - raft.server.watch.element-limit = 65536 (default)
2019-09-19 14:39:17,258 [0a9408fa-2e62-4e77-a585-841a9d73d83b:group-AEAE162A26CF:LeaderElection89] INFO  impl.RoleInfo (RoleInfo.java:updateAndGet(143)) - 0a9408fa-2e62-4e77-a585-841a9d73d83b: start LeaderState
2019-09-19 14:39:17,258 [0a9408fa-2e62-4e77-a585-841a9d73d83b:group-AEAE162A26CF:LeaderElection89] INFO  segmented.SegmentedRaftLogWorker (SegmentedRaftLogWorker.java:startLogSegment(380)) - 0a9408fa-2e62-4e77-a585-841a9d73d83b-SegmentedRaftLogWorker:Storage Directory /workdir/hadoop-ozone/ozonefs/target/test-dir/MiniOzoneClusterImpl-67a7c723-2f3b-4843-b7f2-075ee33ae8e7/datanode-0/data/ratis/bf23c5fb-668a-4327-a458-aeae162a26cf: Starting segment from index:0
2019-09-19 14:39:17,259 [0a9408fa-2e62-4e77-a585-841a9d73d83b:group-AEAE162A26CF:LeaderElection89] INFO  impl.RaftServerImpl (ServerState.java:setRaftConf(361)) - 0a9408fa-2e62-4e77-a585-841a9d73d83b:group-AEAE162A26CF set configuration 0: [0a9408fa-2e62-4e77-a585-841a9d73d83b:192.168.5.132:39372], old=null at 0
2019-09-19 14:39:17,307 [0a9408fa-2e62-4e77-a585-841a9d73d83b-SegmentedRaftLogWorker:Storage Directory /workdir/hadoop-ozone/ozonefs/target/test-dir/MiniOzoneClusterImpl-67a7c723-2f3b-4843-b7f2-075ee33ae8e7/datanode-0/data/ratis/bf23c5fb-668a-4327-a458-aeae162a26cf] INFO  segmented.SegmentedRaftLogWorker (SegmentedRaftLogWorker.java:execute(569)) - 0a9408fa-2e62-4e77-a585-841a9d73d83b-SegmentedRaftLogWorker:Storage Directory /workdir/hadoop-ozone/ozonefs/target/test-dir/MiniOzoneClusterImpl-67a7c723-2f3b-4843-b7f2-075ee33ae8e7/datanode-0/data/ratis/bf23c5fb-668a-4327-a458-aeae162a26cf: created new log segment /workdir/hadoop-ozone/ozonefs/target/test-dir/MiniOzoneClusterImpl-67a7c723-2f3b-4843-b7f2-075ee33ae8e7/datanode-0/data/ratis/bf23c5fb-668a-4327-a458-aeae162a26cf/current/log_inprogress_0
2019-09-19 14:39:17,312 | INFO  | SCMAudit | user=jenkins1000 | ip=192.168.5.132 | op=SEND_HEARTBEAT {datanodeUUID=d7fb301a-31fb-49ad-b00e-9dfe8c13a3d5, command=[]} | ret=SUCCESS |  
2019-09-19 14:39:17,346 [Thread-1511] INFO  impl.FollowerState (FollowerState.java:run(106)) - 0a9408fa-2e62-4e77-a585-841a9d73d83b:group-2E12429EB186 changes to CANDIDATE, lastRpcTime:5156, electionTimeout:5156ms
2019-09-19 14:39:17,346 [Thread-1511] INFO  impl.RoleInfo (RoleInfo.java:shutdownFollowerState(121)) - 0a9408fa-2e62-4e77-a585-841a9d73d83b: shutdown FollowerState
2019-09-19 14:39:17,346 [Thread-1511] INFO  impl.RaftServerImpl (RaftServerImpl.java:setRole(171)) - 0a9408fa-2e62-4e77-a585-841a9d73d83b:group-2E12429EB186 changes role from FOLLOWER to CANDIDATE at term 0 for changeToCandidate
2019-09-19 14:39:17,346 [Thread-1511] INFO  impl.RoleInfo (RoleInfo.java:updateAndGet(143)) - 0a9408fa-2e62-4e77-a585-841a9d73d83b: start LeaderElection
2019-09-19 14:39:17,349 [Thread-1520] INFO  impl.FollowerState (FollowerState.java:run(106)) - 5147d002-be4b-4fe2-a9d1-e346690982a9:group-27BC56759BB1 changes to CANDIDATE, lastRpcTime:5009, electionTimeout:5007ms
2019-09-19 14:39:17,349 [Thread-1520] INFO  impl.RoleInfo (RoleInfo.java:shutdownFollowerState(121)) - 5147d002-be4b-4fe2-a9d1-e346690982a9: shutdown FollowerState
2019-09-19 14:39:17,349 [Thread-1520] INFO  impl.RaftServerImpl (RaftServerImpl.java:setRole(171)) - 5147d002-be4b-4fe2-a9d1-e346690982a9:group-27BC56759BB1 changes role from FOLLOWER to CANDIDATE at term 0 for changeToCandidate
2019-09-19 14:39:17,349 [Thread-1520] INFO  impl.RoleInfo (RoleInfo.java:updateAndGet(143)) - 5147d002-be4b-4fe2-a9d1-e346690982a9: start LeaderElection
2019-09-19 14:39:17,373 [0a9408fa-2e62-4e77-a585-841a9d73d83b:group-2E12429EB186:LeaderElection90] INFO  impl.LeaderElection (LeaderElection.java:askForVotes(181)) - 0a9408fa-2e62-4e77-a585-841a9d73d83b:group-2E12429EB186:LeaderElection90: begin an election at term 1 for -1: [0a9408fa-2e62-4e77-a585-841a9d73d83b:192.168.5.132:39372], old=null
2019-09-19 14:39:17,373 [5147d002-be4b-4fe2-a9d1-e346690982a9:group-27BC56759BB1:LeaderElection91] INFO  impl.LeaderElection (LeaderElection.java:askForVotes(181)) - 5147d002-be4b-4fe2-a9d1-e346690982a9:group-27BC56759BB1:LeaderElection91: begin an election at term 1 for -1: [5147d002-be4b-4fe2-a9d1-e346690982a9:192.168.5.132:37174], old=null
2019-09-19 14:39:17,374 [0a9408fa-2e62-4e77-a585-841a9d73d83b:group-2E12429EB186:LeaderElection90] INFO  impl.RoleInfo (RoleInfo.java:shutdownLeaderElection(134)) - 0a9408fa-2e62-4e77-a585-841a9d73d83b: shutdown LeaderElection
2019-09-19 14:39:17,374 [5147d002-be4b-4fe2-a9d1-e346690982a9:group-27BC56759BB1:LeaderElection91] INFO  impl.RoleInfo (RoleInfo.java:shutdownLeaderElection(134)) - 5147d002-be4b-4fe2-a9d1-e346690982a9: shutdown LeaderElection
2019-09-19 14:39:17,374 [0a9408fa-2e62-4e77-a585-841a9d73d83b:group-2E12429EB186:LeaderElection90] INFO  impl.RaftServerImpl (RaftServerImpl.java:setRole(171)) - 0a9408fa-2e62-4e77-a585-841a9d73d83b:group-2E12429EB186 changes role from CANDIDATE to LEADER at term 1 for changeToLeader
2019-09-19 14:39:17,374 [5147d002-be4b-4fe2-a9d1-e346690982a9:group-27BC56759BB1:LeaderElection91] INFO  impl.RaftServerImpl (RaftServerImpl.java:setRole(171)) - 5147d002-be4b-4fe2-a9d1-e346690982a9:group-27BC56759BB1 changes role from CANDIDATE to LEADER at term 1 for changeToLeader
2019-09-19 14:39:17,374 [0a9408fa-2e62-4e77-a585-841a9d73d83b:group-2E12429EB186:LeaderElection90] INFO  impl.RaftServerImpl (ServerState.java:setLeader(263)) - 0a9408fa-2e62-4e77-a585-841a9d73d83b:group-2E12429EB186 change Leader from null to 0a9408fa-2e62-4e77-a585-841a9d73d83b at term 1 for becomeLeader, leader elected after 5188ms
2019-09-19 14:39:17,374 [5147d002-be4b-4fe2-a9d1-e346690982a9:group-27BC56759BB1:LeaderElection91] INFO  impl.RaftServerImpl (ServerState.java:setLeader(263)) - 5147d002-be4b-4fe2-a9d1-e346690982a9:group-27BC56759BB1 change Leader from null to 5147d002-be4b-4fe2-a9d1-e346690982a9 at term 1 for becomeLeader, leader elected after 5038ms
2019-09-19 14:39:17,374 [0a9408fa-2e62-4e77-a585-841a9d73d83b:group-2E12429EB186:LeaderElection90] INFO  server.RaftServerConfigKeys (ConfUtils.java:logGet(43)) - raft.server.staging.catchup.gap = 1000 (default)
2019-09-19 14:39:17,374 [5147d002-be4b-4fe2-a9d1-e346690982a9:group-27BC56759BB1:LeaderElection91] INFO  server.RaftServerConfigKeys (ConfUtils.java:logGet(43)) - raft.server.staging.catchup.gap = 1000 (default)
2019-09-19 14:39:17,374 [0a9408fa-2e62-4e77-a585-841a9d73d83b:group-2E12429EB186:LeaderElection90] INFO  server.RaftServerConfigKeys (ConfUtils.java:logGet(43)) - raft.server.rpc.sleep.time = 25ms (default)
2019-09-19 14:39:17,375 [5147d002-be4b-4fe2-a9d1-e346690982a9:group-27BC56759BB1:LeaderElection91] INFO  server.RaftServerConfigKeys (ConfUtils.java:logGet(43)) - raft.server.rpc.sleep.time = 25ms (default)
2019-09-19 14:39:17,375 [0a9408fa-2e62-4e77-a585-841a9d73d83b:group-2E12429EB186:LeaderElection90] INFO  server.RaftServerConfigKeys (ConfUtils.java:logGet(43)) - raft.server.write.element-limit = 4096 (default)
2019-09-19 14:39:17,375 [5147d002-be4b-4fe2-a9d1-e346690982a9:group-27BC56759BB1:LeaderElection91] INFO  server.RaftServerConfigKeys (ConfUtils.java:logGet(43)) - raft.server.write.element-limit = 4096 (default)
2019-09-19 14:39:17,375 [0a9408fa-2e62-4e77-a585-841a9d73d83b:group-2E12429EB186:LeaderElection90] INFO  server.RaftServerConfigKeys (ConfUtils.java:logGet(43)) - raft.server.watch.timeout = 10s (default)
2019-09-19 14:39:17,375 [5147d002-be4b-4fe2-a9d1-e346690982a9:group-27BC56759BB1:LeaderElection91] INFO  server.RaftServerConfigKeys (ConfUtils.java:logGet(43)) - raft.server.watch.timeout = 10s (default)
2019-09-19 14:39:17,375 [0a9408fa-2e62-4e77-a585-841a9d73d83b:group-2E12429EB186:LeaderElection90] INFO  server.RaftServerConfigKeys (ConfUtils.java:logGet(43)) - raft.server.watch.timeout.denomination = 1s (default)
2019-09-19 14:39:17,375 [5147d002-be4b-4fe2-a9d1-e346690982a9:group-27BC56759BB1:LeaderElection91] INFO  server.RaftServerConfigKeys (ConfUtils.java:logGet(43)) - raft.server.watch.timeout.denomination = 1s (default)
2019-09-19 14:39:17,376 [0a9408fa-2e62-4e77-a585-841a9d73d83b:group-2E12429EB186:LeaderElection90] INFO  server.RaftServerConfigKeys (ConfUtils.java:logGet(43)) - raft.server.watch.element-limit = 65536 (default)
2019-09-19 14:39:17,376 [5147d002-be4b-4fe2-a9d1-e346690982a9:group-27BC56759BB1:LeaderElection91] INFO  server.RaftServerConfigKeys (ConfUtils.java:logGet(43)) - raft.server.watch.element-limit = 65536 (default)
2019-09-19 14:39:17,376 [0a9408fa-2e62-4e77-a585-841a9d73d83b:group-2E12429EB186:LeaderElection90] INFO  impl.RoleInfo (RoleInfo.java:updateAndGet(143)) - 0a9408fa-2e62-4e77-a585-841a9d73d83b: start LeaderState
2019-09-19 14:39:17,376 [5147d002-be4b-4fe2-a9d1-e346690982a9:group-27BC56759BB1:LeaderElection91] INFO  impl.RoleInfo (RoleInfo.java:updateAndGet(143)) - 5147d002-be4b-4fe2-a9d1-e346690982a9: start LeaderState
2019-09-19 14:39:17,376 [0a9408fa-2e62-4e77-a585-841a9d73d83b:group-2E12429EB186:LeaderElection90] INFO  segmented.SegmentedRaftLogWorker (SegmentedRaftLogWorker.java:startLogSegment(380)) - 0a9408fa-2e62-4e77-a585-841a9d73d83b-SegmentedRaftLogWorker:Storage Directory /workdir/hadoop-ozone/ozonefs/target/test-dir/MiniOzoneClusterImpl-67a7c723-2f3b-4843-b7f2-075ee33ae8e7/datanode-0/data/ratis/87102604-4168-4d40-8a5b-2e12429eb186: Starting segment from index:0
2019-09-19 14:39:17,376 [5147d002-be4b-4fe2-a9d1-e346690982a9:group-27BC56759BB1:LeaderElection91] INFO  segmented.SegmentedRaftLogWorker (SegmentedRaftLogWorker.java:startLogSegment(380)) - 5147d002-be4b-4fe2-a9d1-e346690982a9-SegmentedRaftLogWorker:Storage Directory /workdir/hadoop-ozone/ozonefs/target/test-dir/MiniOzoneClusterImpl-67a7c723-2f3b-4843-b7f2-075ee33ae8e7/datanode-1/data/ratis/f292ba21-8c96-4f83-821d-27bc56759bb1: Starting segment from index:0
2019-09-19 14:39:17,377 [0a9408fa-2e62-4e77-a585-841a9d73d83b:group-2E12429EB186:LeaderElection90] INFO  impl.RaftServerImpl (ServerState.java:setRaftConf(361)) - 0a9408fa-2e62-4e77-a585-841a9d73d83b:group-2E12429EB186 set configuration 0: [0a9408fa-2e62-4e77-a585-841a9d73d83b:192.168.5.132:39372], old=null at 0
2019-09-19 14:39:17,377 [5147d002-be4b-4fe2-a9d1-e346690982a9:group-27BC56759BB1:LeaderElection91] INFO  impl.RaftServerImpl (ServerState.java:setRaftConf(361)) - 5147d002-be4b-4fe2-a9d1-e346690982a9:group-27BC56759BB1 set configuration 0: [5147d002-be4b-4fe2-a9d1-e346690982a9:192.168.5.132:37174], old=null at 0
2019-09-19 14:39:17,413 [Thread-1526] INFO  impl.FollowerState (FollowerState.java:run(106)) - 5147d002-be4b-4fe2-a9d1-e346690982a9:group-BE6F72A3F8BE changes to CANDIDATE, lastRpcTime:5006, electionTimeout:5006ms
2019-09-19 14:39:17,413 [Thread-1526] INFO  impl.RoleInfo (RoleInfo.java:shutdownFollowerState(121)) - 5147d002-be4b-4fe2-a9d1-e346690982a9: shutdown FollowerState
2019-09-19 14:39:17,413 [Thread-1526] INFO  impl.RaftServerImpl (RaftServerImpl.java:setRole(171)) - 5147d002-be4b-4fe2-a9d1-e346690982a9:group-BE6F72A3F8BE changes role from FOLLOWER to CANDIDATE at term 0 for changeToCandidate
2019-09-19 14:39:17,414 [Thread-1526] INFO  impl.RoleInfo (RoleInfo.java:updateAndGet(143)) - 5147d002-be4b-4fe2-a9d1-e346690982a9: start LeaderElection
2019-09-19 14:39:17,432 [5147d002-be4b-4fe2-a9d1-e346690982a9-SegmentedRaftLogWorker:Storage Directory /workdir/hadoop-ozone/ozonefs/target/test-dir/MiniOzoneClusterImpl-67a7c723-2f3b-4843-b7f2-075ee33ae8e7/datanode-1/data/ratis/f292ba21-8c96-4f83-821d-27bc56759bb1] INFO  segmented.SegmentedRaftLogWorker (SegmentedRaftLogWorker.java:execute(569)) - 5147d002-be4b-4fe2-a9d1-e346690982a9-SegmentedRaftLogWorker:Storage Directory /workdir/hadoop-ozone/ozonefs/target/test-dir/MiniOzoneClusterImpl-67a7c723-2f3b-4843-b7f2-075ee33ae8e7/datanode-1/data/ratis/f292ba21-8c96-4f83-821d-27bc56759bb1: created new log segment /workdir/hadoop-ozone/ozonefs/target/test-dir/MiniOzoneClusterImpl-67a7c723-2f3b-4843-b7f2-075ee33ae8e7/datanode-1/data/ratis/f292ba21-8c96-4f83-821d-27bc56759bb1/current/log_inprogress_0
2019-09-19 14:39:17,432 [5147d002-be4b-4fe2-a9d1-e346690982a9:group-BE6F72A3F8BE:LeaderElection92] INFO  impl.LeaderElection (LeaderElection.java:askForVotes(181)) - 5147d002-be4b-4fe2-a9d1-e346690982a9:group-BE6F72A3F8BE:LeaderElection92: begin an election at term 1 for -1: [5147d002-be4b-4fe2-a9d1-e346690982a9:192.168.5.132:37174], old=null
2019-09-19 14:39:17,432 [0a9408fa-2e62-4e77-a585-841a9d73d83b-SegmentedRaftLogWorker:Storage Directory /workdir/hadoop-ozone/ozonefs/target/test-dir/MiniOzoneClusterImpl-67a7c723-2f3b-4843-b7f2-075ee33ae8e7/datanode-0/data/ratis/87102604-4168-4d40-8a5b-2e12429eb186] INFO  segmented.SegmentedRaftLogWorker (SegmentedRaftLogWorker.java:execute(569)) - 0a9408fa-2e62-4e77-a585-841a9d73d83b-SegmentedRaftLogWorker:Storage Directory /workdir/hadoop-ozone/ozonefs/target/test-dir/MiniOzoneClusterImpl-67a7c723-2f3b-4843-b7f2-075ee33ae8e7/datanode-0/data/ratis/87102604-4168-4d40-8a5b-2e12429eb186: created new log segment /workdir/hadoop-ozone/ozonefs/target/test-dir/MiniOzoneClusterImpl-67a7c723-2f3b-4843-b7f2-075ee33ae8e7/datanode-0/data/ratis/87102604-4168-4d40-8a5b-2e12429eb186/current/log_inprogress_0
2019-09-19 14:39:17,432 [5147d002-be4b-4fe2-a9d1-e346690982a9:group-BE6F72A3F8BE:LeaderElection92] INFO  impl.RoleInfo (RoleInfo.java:shutdownLeaderElection(134)) - 5147d002-be4b-4fe2-a9d1-e346690982a9: shutdown LeaderElection
2019-09-19 14:39:17,432 [5147d002-be4b-4fe2-a9d1-e346690982a9:group-BE6F72A3F8BE:LeaderElection92] INFO  impl.RaftServerImpl (RaftServerImpl.java:setRole(171)) - 5147d002-be4b-4fe2-a9d1-e346690982a9:group-BE6F72A3F8BE changes role from CANDIDATE to LEADER at term 1 for changeToLeader
2019-09-19 14:39:17,432 [5147d002-be4b-4fe2-a9d1-e346690982a9:group-BE6F72A3F8BE:LeaderElection92] INFO  impl.RaftServerImpl (ServerState.java:setLeader(263)) - 5147d002-be4b-4fe2-a9d1-e346690982a9:group-BE6F72A3F8BE change Leader from null to 5147d002-be4b-4fe2-a9d1-e346690982a9 at term 1 for becomeLeader, leader elected after 5028ms
2019-09-19 14:39:17,432 [5147d002-be4b-4fe2-a9d1-e346690982a9:group-BE6F72A3F8BE:LeaderElection92] INFO  server.RaftServerConfigKeys (ConfUtils.java:logGet(43)) - raft.server.staging.catchup.gap = 1000 (default)
2019-09-19 14:39:17,432 [5147d002-be4b-4fe2-a9d1-e346690982a9:group-BE6F72A3F8BE:LeaderElection92] INFO  server.RaftServerConfigKeys (ConfUtils.java:logGet(43)) - raft.server.rpc.sleep.time = 25ms (default)
2019-09-19 14:39:17,432 [5147d002-be4b-4fe2-a9d1-e346690982a9:group-BE6F72A3F8BE:LeaderElection92] INFO  server.RaftServerConfigKeys (ConfUtils.java:logGet(43)) - raft.server.write.element-limit = 4096 (default)
2019-09-19 14:39:17,433 [5147d002-be4b-4fe2-a9d1-e346690982a9:group-BE6F72A3F8BE:LeaderElection92] INFO  server.RaftServerConfigKeys (ConfUtils.java:logGet(43)) - raft.server.watch.timeout = 10s (default)
2019-09-19 14:39:17,433 [5147d002-be4b-4fe2-a9d1-e346690982a9:group-BE6F72A3F8BE:LeaderElection92] INFO  server.RaftServerConfigKeys (ConfUtils.java:logGet(43)) - raft.server.watch.timeout.denomination = 1s (default)
2019-09-19 14:39:17,433 [5147d002-be4b-4fe2-a9d1-e346690982a9:group-BE6F72A3F8BE:LeaderElection92] INFO  server.RaftServerConfigKeys (ConfUtils.java:logGet(43)) - raft.server.watch.element-limit = 65536 (default)
2019-09-19 14:39:17,433 [5147d002-be4b-4fe2-a9d1-e346690982a9:group-BE6F72A3F8BE:LeaderElection92] INFO  impl.RoleInfo (RoleInfo.java:updateAndGet(143)) - 5147d002-be4b-4fe2-a9d1-e346690982a9: start LeaderState
2019-09-19 14:39:17,433 [5147d002-be4b-4fe2-a9d1-e346690982a9:group-BE6F72A3F8BE:LeaderElection92] INFO  segmented.SegmentedRaftLogWorker (SegmentedRaftLogWorker.java:startLogSegment(380)) - 5147d002-be4b-4fe2-a9d1-e346690982a9-SegmentedRaftLogWorker:Storage Directory /workdir/hadoop-ozone/ozonefs/target/test-dir/MiniOzoneClusterImpl-67a7c723-2f3b-4843-b7f2-075ee33ae8e7/datanode-1/data/ratis/884e8d8b-3b19-4a66-8139-be6f72a3f8be: Starting segment from index:0
2019-09-19 14:39:17,434 [5147d002-be4b-4fe2-a9d1-e346690982a9:group-BE6F72A3F8BE:LeaderElection92] INFO  impl.RaftServerImpl (ServerState.java:setRaftConf(361)) - 5147d002-be4b-4fe2-a9d1-e346690982a9:group-BE6F72A3F8BE set configuration 0: [5147d002-be4b-4fe2-a9d1-e346690982a9:192.168.5.132:37174], old=null at 0
2019-09-19 14:39:17,465 [Thread-1517] INFO  impl.FollowerState (FollowerState.java:run(106)) - 0a9408fa-2e62-4e77-a585-841a9d73d83b:group-8F2F37E07A7A changes to CANDIDATE, lastRpcTime:5170, electionTimeout:5170ms
2019-09-19 14:39:17,466 [Thread-1517] INFO  impl.RoleInfo (RoleInfo.java:shutdownFollowerState(121)) - 0a9408fa-2e62-4e77-a585-841a9d73d83b: shutdown FollowerState
2019-09-19 14:39:17,466 [Thread-1517] INFO  impl.RaftServerImpl (RaftServerImpl.java:setRole(171)) - 0a9408fa-2e62-4e77-a585-841a9d73d83b:group-8F2F37E07A7A changes role from FOLLOWER to CANDIDATE at term 0 for changeToCandidate
2019-09-19 14:39:17,466 [Thread-1517] INFO  impl.RoleInfo (RoleInfo.java:updateAndGet(143)) - 0a9408fa-2e62-4e77-a585-841a9d73d83b: start LeaderElection
2019-09-19 14:39:17,483 [Thread-1523] INFO  impl.FollowerState (FollowerState.java:run(106)) - d7fb301a-31fb-49ad-b00e-9dfe8c13a3d5:group-FC8C614A54F5 changes to CANDIDATE, lastRpcTime:5097, electionTimeout:5097ms
2019-09-19 14:39:17,483 [Thread-1523] INFO  impl.RoleInfo (RoleInfo.java:shutdownFollowerState(121)) - d7fb301a-31fb-49ad-b00e-9dfe8c13a3d5: shutdown FollowerState
2019-09-19 14:39:17,483 [5147d002-be4b-4fe2-a9d1-e346690982a9-SegmentedRaftLogWorker:Storage Directory /workdir/hadoop-ozone/ozonefs/target/test-dir/MiniOzoneClusterImpl-67a7c723-2f3b-4843-b7f2-075ee33ae8e7/datanode-1/data/ratis/884e8d8b-3b19-4a66-8139-be6f72a3f8be] INFO  segmented.SegmentedRaftLogWorker (SegmentedRaftLogWorker.java:execute(569)) - 5147d002-be4b-4fe2-a9d1-e346690982a9-SegmentedRaftLogWorker:Storage Directory /workdir/hadoop-ozone/ozonefs/target/test-dir/MiniOzoneClusterImpl-67a7c723-2f3b-4843-b7f2-075ee33ae8e7/datanode-1/data/ratis/884e8d8b-3b19-4a66-8139-be6f72a3f8be: created new log segment /workdir/hadoop-ozone/ozonefs/target/test-dir/MiniOzoneClusterImpl-67a7c723-2f3b-4843-b7f2-075ee33ae8e7/datanode-1/data/ratis/884e8d8b-3b19-4a66-8139-be6f72a3f8be/current/log_inprogress_0
2019-09-19 14:39:17,483 [Thread-1523] INFO  impl.RaftServerImpl (RaftServerImpl.java:setRole(171)) - d7fb301a-31fb-49ad-b00e-9dfe8c13a3d5:group-FC8C614A54F5 changes role from FOLLOWER to CANDIDATE at term 0 for changeToCandidate
2019-09-19 14:39:17,483 [0a9408fa-2e62-4e77-a585-841a9d73d83b:group-8F2F37E07A7A:LeaderElection93] INFO  impl.LeaderElection (LeaderElection.java:askForVotes(181)) - 0a9408fa-2e62-4e77-a585-841a9d73d83b:group-8F2F37E07A7A:LeaderElection93: begin an election at term 1 for -1: [0a9408fa-2e62-4e77-a585-841a9d73d83b:192.168.5.132:39372], old=null
2019-09-19 14:39:17,483 [Thread-1523] INFO  impl.RoleInfo (RoleInfo.java:updateAndGet(143)) - d7fb301a-31fb-49ad-b00e-9dfe8c13a3d5: start LeaderElection
2019-09-19 14:39:17,483 [0a9408fa-2e62-4e77-a585-841a9d73d83b:group-8F2F37E07A7A:LeaderElection93] INFO  impl.RoleInfo (RoleInfo.java:shutdownLeaderElection(134)) - 0a9408fa-2e62-4e77-a585-841a9d73d83b: shutdown LeaderElection
2019-09-19 14:39:17,484 [0a9408fa-2e62-4e77-a585-841a9d73d83b:group-8F2F37E07A7A:LeaderElection93] INFO  impl.RaftServerImpl (RaftServerImpl.java:setRole(171)) - 0a9408fa-2e62-4e77-a585-841a9d73d83b:group-8F2F37E07A7A changes role from CANDIDATE to LEADER at term 1 for changeToLeader
2019-09-19 14:39:17,485 [0a9408fa-2e62-4e77-a585-841a9d73d83b:group-8F2F37E07A7A:LeaderElection93] INFO  impl.RaftServerImpl (ServerState.java:setLeader(263)) - 0a9408fa-2e62-4e77-a585-841a9d73d83b:group-8F2F37E07A7A change Leader from null to 0a9408fa-2e62-4e77-a585-841a9d73d83b at term 1 for becomeLeader, leader elected after 5194ms
2019-09-19 14:39:17,486 [0a9408fa-2e62-4e77-a585-841a9d73d83b:group-8F2F37E07A7A:LeaderElection93] INFO  server.RaftServerConfigKeys (ConfUtils.java:logGet(43)) - raft.server.staging.catchup.gap = 1000 (default)
2019-09-19 14:39:17,486 [0a9408fa-2e62-4e77-a585-841a9d73d83b:group-8F2F37E07A7A:LeaderElection93] INFO  server.RaftServerConfigKeys (ConfUtils.java:logGet(43)) - raft.server.rpc.sleep.time = 25ms (default)
2019-09-19 14:39:17,486 [0a9408fa-2e62-4e77-a585-841a9d73d83b:group-8F2F37E07A7A:LeaderElection93] INFO  server.RaftServerConfigKeys (ConfUtils.java:logGet(43)) - raft.server.write.element-limit = 4096 (default)
2019-09-19 14:39:17,486 [0a9408fa-2e62-4e77-a585-841a9d73d83b:group-8F2F37E07A7A:LeaderElection93] INFO  server.RaftServerConfigKeys (ConfUtils.java:logGet(43)) - raft.server.watch.timeout = 10s (default)
2019-09-19 14:39:17,486 [0a9408fa-2e62-4e77-a585-841a9d73d83b:group-8F2F37E07A7A:LeaderElection93] INFO  server.RaftServerConfigKeys (ConfUtils.java:logGet(43)) - raft.server.watch.timeout.denomination = 1s (default)
2019-09-19 14:39:17,486 [0a9408fa-2e62-4e77-a585-841a9d73d83b:group-8F2F37E07A7A:LeaderElection93] INFO  server.RaftServerConfigKeys (ConfUtils.java:logGet(43)) - raft.server.watch.element-limit = 65536 (default)
2019-09-19 14:39:17,486 [0a9408fa-2e62-4e77-a585-841a9d73d83b:group-8F2F37E07A7A:LeaderElection93] INFO  impl.RoleInfo (RoleInfo.java:updateAndGet(143)) - 0a9408fa-2e62-4e77-a585-841a9d73d83b: start LeaderState
2019-09-19 14:39:17,487 [0a9408fa-2e62-4e77-a585-841a9d73d83b:group-8F2F37E07A7A:LeaderElection93] INFO  segmented.SegmentedRaftLogWorker (SegmentedRaftLogWorker.java:startLogSegment(380)) - 0a9408fa-2e62-4e77-a585-841a9d73d83b-SegmentedRaftLogWorker:Storage Directory /workdir/hadoop-ozone/ozonefs/target/test-dir/MiniOzoneClusterImpl-67a7c723-2f3b-4843-b7f2-075ee33ae8e7/datanode-0/data/ratis/e0de4359-f325-4165-8a70-8f2f37e07a7a: Starting segment from index:0
2019-09-19 14:39:17,487 [0a9408fa-2e62-4e77-a585-841a9d73d83b:group-8F2F37E07A7A:LeaderElection93] INFO  impl.RaftServerImpl (ServerState.java:setRaftConf(361)) - 0a9408fa-2e62-4e77-a585-841a9d73d83b:group-8F2F37E07A7A set configuration 0: [0a9408fa-2e62-4e77-a585-841a9d73d83b:192.168.5.132:39372], old=null at 0
2019-09-19 14:39:17,496 [d7fb301a-31fb-49ad-b00e-9dfe8c13a3d5:group-FC8C614A54F5:LeaderElection94] INFO  impl.LeaderElection (LeaderElection.java:askForVotes(181)) - d7fb301a-31fb-49ad-b00e-9dfe8c13a3d5:group-FC8C614A54F5:LeaderElection94: begin an election at term 1 for -1: [d7fb301a-31fb-49ad-b00e-9dfe8c13a3d5:192.168.5.132:40457], old=null
2019-09-19 14:39:17,496 [d7fb301a-31fb-49ad-b00e-9dfe8c13a3d5:group-FC8C614A54F5:LeaderElection94] INFO  impl.RoleInfo (RoleInfo.java:shutdownLeaderElection(134)) - d7fb301a-31fb-49ad-b00e-9dfe8c13a3d5: shutdown LeaderElection
2019-09-19 14:39:17,496 [d7fb301a-31fb-49ad-b00e-9dfe8c13a3d5:group-FC8C614A54F5:LeaderElection94] INFO  impl.RaftServerImpl (RaftServerImpl.java:setRole(171)) - d7fb301a-31fb-49ad-b00e-9dfe8c13a3d5:group-FC8C614A54F5 changes role from CANDIDATE to LEADER at term 1 for changeToLeader
2019-09-19 14:39:17,497 [d7fb301a-31fb-49ad-b00e-9dfe8c13a3d5:group-FC8C614A54F5:LeaderElection94] INFO  impl.RaftServerImpl (ServerState.java:setLeader(263)) - d7fb301a-31fb-49ad-b00e-9dfe8c13a3d5:group-FC8C614A54F5 change Leader from null to d7fb301a-31fb-49ad-b00e-9dfe8c13a3d5 at term 1 for becomeLeader, leader elected after 5114ms
2019-09-19 14:39:17,497 [d7fb301a-31fb-49ad-b00e-9dfe8c13a3d5:group-FC8C614A54F5:LeaderElection94] INFO  server.RaftServerConfigKeys (ConfUtils.java:logGet(43)) - raft.server.staging.catchup.gap = 1000 (default)
2019-09-19 14:39:17,497 [d7fb301a-31fb-49ad-b00e-9dfe8c13a3d5:group-FC8C614A54F5:LeaderElection94] INFO  server.RaftServerConfigKeys (ConfUtils.java:logGet(43)) - raft.server.rpc.sleep.time = 25ms (default)
2019-09-19 14:39:17,497 [d7fb301a-31fb-49ad-b00e-9dfe8c13a3d5:group-FC8C614A54F5:LeaderElection94] INFO  server.RaftServerConfigKeys (ConfUtils.java:logGet(43)) - raft.server.write.element-limit = 4096 (default)
2019-09-19 14:39:17,498 [d7fb301a-31fb-49ad-b00e-9dfe8c13a3d5:group-FC8C614A54F5:LeaderElection94] INFO  server.RaftServerConfigKeys (ConfUtils.java:logGet(43)) - raft.server.watch.timeout = 10s (default)
2019-09-19 14:39:17,498 [d7fb301a-31fb-49ad-b00e-9dfe8c13a3d5:group-FC8C614A54F5:LeaderElection94] INFO  server.RaftServerConfigKeys (ConfUtils.java:logGet(43)) - raft.server.watch.timeout.denomination = 1s (default)
2019-09-19 14:39:17,498 [d7fb301a-31fb-49ad-b00e-9dfe8c13a3d5:group-FC8C614A54F5:LeaderElection94] INFO  server.RaftServerConfigKeys (ConfUtils.java:logGet(43)) - raft.server.watch.element-limit = 65536 (default)
2019-09-19 14:39:17,498 [d7fb301a-31fb-49ad-b00e-9dfe8c13a3d5:group-FC8C614A54F5:LeaderElection94] INFO  impl.RoleInfo (RoleInfo.java:updateAndGet(143)) - d7fb301a-31fb-49ad-b00e-9dfe8c13a3d5: start LeaderState
2019-09-19 14:39:17,499 [d7fb301a-31fb-49ad-b00e-9dfe8c13a3d5:group-FC8C614A54F5:LeaderElection94] INFO  segmented.SegmentedRaftLogWorker (SegmentedRaftLogWorker.java:startLogSegment(380)) - d7fb301a-31fb-49ad-b00e-9dfe8c13a3d5-SegmentedRaftLogWorker:Storage Directory /workdir/hadoop-ozone/ozonefs/target/test-dir/MiniOzoneClusterImpl-67a7c723-2f3b-4843-b7f2-075ee33ae8e7/datanode-2/data/ratis/8ce59823-c037-4b39-aa73-fc8c614a54f5: Starting segment from index:0
2019-09-19 14:39:17,499 [d7fb301a-31fb-49ad-b00e-9dfe8c13a3d5:group-FC8C614A54F5:LeaderElection94] INFO  impl.RaftServerImpl (ServerState.java:setRaftConf(361)) - d7fb301a-31fb-49ad-b00e-9dfe8c13a3d5:group-FC8C614A54F5 set configuration 0: [d7fb301a-31fb-49ad-b00e-9dfe8c13a3d5:192.168.5.132:40457], old=null at 0
2019-09-19 14:39:17,516 [Thread-1532] INFO  impl.FollowerState (FollowerState.java:run(106)) - 5147d002-be4b-4fe2-a9d1-e346690982a9:group-799832F63BBE changes to CANDIDATE, lastRpcTime:5056, electionTimeout:5056ms
2019-09-19 14:39:17,516 [Thread-1532] INFO  impl.RoleInfo (RoleInfo.java:shutdownFollowerState(121)) - 5147d002-be4b-4fe2-a9d1-e346690982a9: shutdown FollowerState
2019-09-19 14:39:17,516 [Thread-1532] INFO  impl.RaftServerImpl (RaftServerImpl.java:setRole(171)) - 5147d002-be4b-4fe2-a9d1-e346690982a9:group-799832F63BBE changes role from FOLLOWER to CANDIDATE at term 0 for changeToCandidate
2019-09-19 14:39:17,516 [Thread-1532] INFO  impl.RoleInfo (RoleInfo.java:updateAndGet(143)) - 5147d002-be4b-4fe2-a9d1-e346690982a9: start LeaderElection
2019-09-19 14:39:17,554 [d7fb301a-31fb-49ad-b00e-9dfe8c13a3d5-SegmentedRaftLogWorker:Storage Directory /workdir/hadoop-ozone/ozonefs/target/test-dir/MiniOzoneClusterImpl-67a7c723-2f3b-4843-b7f2-075ee33ae8e7/datanode-2/data/ratis/8ce59823-c037-4b39-aa73-fc8c614a54f5] INFO  segmented.SegmentedRaftLogWorker (SegmentedRaftLogWorker.java:execute(569)) - d7fb301a-31fb-49ad-b00e-9dfe8c13a3d5-SegmentedRaftLogWorker:Storage Directory /workdir/hadoop-ozone/ozonefs/target/test-dir/MiniOzoneClusterImpl-67a7c723-2f3b-4843-b7f2-075ee33ae8e7/datanode-2/data/ratis/8ce59823-c037-4b39-aa73-fc8c614a54f5: created new log segment /workdir/hadoop-ozone/ozonefs/target/test-dir/MiniOzoneClusterImpl-67a7c723-2f3b-4843-b7f2-075ee33ae8e7/datanode-2/data/ratis/8ce59823-c037-4b39-aa73-fc8c614a54f5/current/log_inprogress_0
2019-09-19 14:39:17,554 [0a9408fa-2e62-4e77-a585-841a9d73d83b-SegmentedRaftLogWorker:Storage Directory /workdir/hadoop-ozone/ozonefs/target/test-dir/MiniOzoneClusterImpl-67a7c723-2f3b-4843-b7f2-075ee33ae8e7/datanode-0/data/ratis/e0de4359-f325-4165-8a70-8f2f37e07a7a] INFO  segmented.SegmentedRaftLogWorker (SegmentedRaftLogWorker.java:execute(569)) - 0a9408fa-2e62-4e77-a585-841a9d73d83b-SegmentedRaftLogWorker:Storage Directory /workdir/hadoop-ozone/ozonefs/target/test-dir/MiniOzoneClusterImpl-67a7c723-2f3b-4843-b7f2-075ee33ae8e7/datanode-0/data/ratis/e0de4359-f325-4165-8a70-8f2f37e07a7a: created new log segment /workdir/hadoop-ozone/ozonefs/target/test-dir/MiniOzoneClusterImpl-67a7c723-2f3b-4843-b7f2-075ee33ae8e7/datanode-0/data/ratis/e0de4359-f325-4165-8a70-8f2f37e07a7a/current/log_inprogress_0
2019-09-19 14:39:17,554 [5147d002-be4b-4fe2-a9d1-e346690982a9:group-799832F63BBE:LeaderElection95] INFO  impl.LeaderElection (LeaderElection.java:askForVotes(181)) - 5147d002-be4b-4fe2-a9d1-e346690982a9:group-799832F63BBE:LeaderElection95: begin an election at term 1 for -1: [5147d002-be4b-4fe2-a9d1-e346690982a9:192.168.5.132:37174], old=null
2019-09-19 14:39:17,554 [5147d002-be4b-4fe2-a9d1-e346690982a9:group-799832F63BBE:LeaderElection95] INFO  impl.RoleInfo (RoleInfo.java:shutdownLeaderElection(134)) - 5147d002-be4b-4fe2-a9d1-e346690982a9: shutdown LeaderElection
2019-09-19 14:39:17,554 [5147d002-be4b-4fe2-a9d1-e346690982a9:group-799832F63BBE:LeaderElection95] INFO  impl.RaftServerImpl (RaftServerImpl.java:setRole(171)) - 5147d002-be4b-4fe2-a9d1-e346690982a9:group-799832F63BBE changes role from CANDIDATE to LEADER at term 1 for changeToLeader
2019-09-19 14:39:17,555 [5147d002-be4b-4fe2-a9d1-e346690982a9:group-799832F63BBE:LeaderElection95] INFO  impl.RaftServerImpl (ServerState.java:setLeader(263)) - 5147d002-be4b-4fe2-a9d1-e346690982a9:group-799832F63BBE change Leader from null to 5147d002-be4b-4fe2-a9d1-e346690982a9 at term 1 for becomeLeader, leader elected after 5098ms
2019-09-19 14:39:17,555 [5147d002-be4b-4fe2-a9d1-e346690982a9:group-799832F63BBE:LeaderElection95] INFO  server.RaftServerConfigKeys (ConfUtils.java:logGet(43)) - raft.server.staging.catchup.gap = 1000 (default)
2019-09-19 14:39:17,555 [5147d002-be4b-4fe2-a9d1-e346690982a9:group-799832F63BBE:LeaderElection95] INFO  server.RaftServerConfigKeys (ConfUtils.java:logGet(43)) - raft.server.rpc.sleep.time = 25ms (default)
2019-09-19 14:39:17,555 [5147d002-be4b-4fe2-a9d1-e346690982a9:group-799832F63BBE:LeaderElection95] INFO  server.RaftServerConfigKeys (ConfUtils.java:logGet(43)) - raft.server.write.element-limit = 4096 (default)
2019-09-19 14:39:17,555 [5147d002-be4b-4fe2-a9d1-e346690982a9:group-799832F63BBE:LeaderElection95] INFO  server.RaftServerConfigKeys (ConfUtils.java:logGet(43)) - raft.server.watch.timeout = 10s (default)
2019-09-19 14:39:17,555 [5147d002-be4b-4fe2-a9d1-e346690982a9:group-799832F63BBE:LeaderElection95] INFO  server.RaftServerConfigKeys (ConfUtils.java:logGet(43)) - raft.server.watch.timeout.denomination = 1s (default)
2019-09-19 14:39:17,555 [5147d002-be4b-4fe2-a9d1-e346690982a9:group-799832F63BBE:LeaderElection95] INFO  server.RaftServerConfigKeys (ConfUtils.java:logGet(43)) - raft.server.watch.element-limit = 65536 (default)
2019-09-19 14:39:17,556 [5147d002-be4b-4fe2-a9d1-e346690982a9:group-799832F63BBE:LeaderElection95] INFO  impl.RoleInfo (RoleInfo.java:updateAndGet(143)) - 5147d002-be4b-4fe2-a9d1-e346690982a9: start LeaderState
2019-09-19 14:39:17,556 [5147d002-be4b-4fe2-a9d1-e346690982a9:group-799832F63BBE:LeaderElection95] INFO  segmented.SegmentedRaftLogWorker (SegmentedRaftLogWorker.java:startLogSegment(380)) - 5147d002-be4b-4fe2-a9d1-e346690982a9-SegmentedRaftLogWorker:Storage Directory /workdir/hadoop-ozone/ozonefs/target/test-dir/MiniOzoneClusterImpl-67a7c723-2f3b-4843-b7f2-075ee33ae8e7/datanode-1/data/ratis/e8281e89-fe2d-4593-aa38-799832f63bbe: Starting segment from index:0
2019-09-19 14:39:17,557 [5147d002-be4b-4fe2-a9d1-e346690982a9:group-799832F63BBE:LeaderElection95] INFO  impl.RaftServerImpl (ServerState.java:setRaftConf(361)) - 5147d002-be4b-4fe2-a9d1-e346690982a9:group-799832F63BBE set configuration 0: [5147d002-be4b-4fe2-a9d1-e346690982a9:192.168.5.132:37174], old=null at 0
2019-09-19 14:39:17,575 [Thread-1538] INFO  impl.FollowerState (FollowerState.java:run(106)) - 5147d002-be4b-4fe2-a9d1-e346690982a9:group-CEB12BB9C3AB changes to CANDIDATE, lastRpcTime:5019, electionTimeout:5019ms
2019-09-19 14:39:17,576 [Thread-1538] INFO  impl.RoleInfo (RoleInfo.java:shutdownFollowerState(121)) - 5147d002-be4b-4fe2-a9d1-e346690982a9: shutdown FollowerState
2019-09-19 14:39:17,576 [Thread-1538] INFO  impl.RaftServerImpl (RaftServerImpl.java:setRole(171)) - 5147d002-be4b-4fe2-a9d1-e346690982a9:group-CEB12BB9C3AB changes role from FOLLOWER to CANDIDATE at term 0 for changeToCandidate
2019-09-19 14:39:17,576 [Thread-1538] INFO  impl.RoleInfo (RoleInfo.java:updateAndGet(143)) - 5147d002-be4b-4fe2-a9d1-e346690982a9: start LeaderElection
2019-09-19 14:39:17,602 [5147d002-be4b-4fe2-a9d1-e346690982a9-SegmentedRaftLogWorker:Storage Directory /workdir/hadoop-ozone/ozonefs/target/test-dir/MiniOzoneClusterImpl-67a7c723-2f3b-4843-b7f2-075ee33ae8e7/datanode-1/data/ratis/e8281e89-fe2d-4593-aa38-799832f63bbe] INFO  segmented.SegmentedRaftLogWorker (SegmentedRaftLogWorker.java:execute(569)) - 5147d002-be4b-4fe2-a9d1-e346690982a9-SegmentedRaftLogWorker:Storage Directory /workdir/hadoop-ozone/ozonefs/target/test-dir/MiniOzoneClusterImpl-67a7c723-2f3b-4843-b7f2-075ee33ae8e7/datanode-1/data/ratis/e8281e89-fe2d-4593-aa38-799832f63bbe: created new log segment /workdir/hadoop-ozone/ozonefs/target/test-dir/MiniOzoneClusterImpl-67a7c723-2f3b-4843-b7f2-075ee33ae8e7/datanode-1/data/ratis/e8281e89-fe2d-4593-aa38-799832f63bbe/current/log_inprogress_0
2019-09-19 14:39:17,602 [5147d002-be4b-4fe2-a9d1-e346690982a9:group-CEB12BB9C3AB:LeaderElection96] INFO  impl.LeaderElection (LeaderElection.java:askForVotes(181)) - 5147d002-be4b-4fe2-a9d1-e346690982a9:group-CEB12BB9C3AB:LeaderElection96: begin an election at term 1 for -1: [5147d002-be4b-4fe2-a9d1-e346690982a9:192.168.5.132:37174], old=null
2019-09-19 14:39:17,602 [5147d002-be4b-4fe2-a9d1-e346690982a9:group-CEB12BB9C3AB:LeaderElection96] INFO  impl.RoleInfo (RoleInfo.java:shutdownLeaderElection(134)) - 5147d002-be4b-4fe2-a9d1-e346690982a9: shutdown LeaderElection
2019-09-19 14:39:17,602 [5147d002-be4b-4fe2-a9d1-e346690982a9:group-CEB12BB9C3AB:LeaderElection96] INFO  impl.RaftServerImpl (RaftServerImpl.java:setRole(171)) - 5147d002-be4b-4fe2-a9d1-e346690982a9:group-CEB12BB9C3AB changes role from CANDIDATE to LEADER at term 1 for changeToLeader
2019-09-19 14:39:17,602 [5147d002-be4b-4fe2-a9d1-e346690982a9:group-CEB12BB9C3AB:LeaderElection96] INFO  impl.RaftServerImpl (ServerState.java:setLeader(263)) - 5147d002-be4b-4fe2-a9d1-e346690982a9:group-CEB12BB9C3AB change Leader from null to 5147d002-be4b-4fe2-a9d1-e346690982a9 at term 1 for becomeLeader, leader elected after 5050ms
2019-09-19 14:39:17,603 [5147d002-be4b-4fe2-a9d1-e346690982a9:group-CEB12BB9C3AB:LeaderElection96] INFO  server.RaftServerConfigKeys (ConfUtils.java:logGet(43)) - raft.server.staging.catchup.gap = 1000 (default)
2019-09-19 14:39:17,603 [5147d002-be4b-4fe2-a9d1-e346690982a9:group-CEB12BB9C3AB:LeaderElection96] INFO  server.RaftServerConfigKeys (ConfUtils.java:logGet(43)) - raft.server.rpc.sleep.time = 25ms (default)
2019-09-19 14:39:17,603 [5147d002-be4b-4fe2-a9d1-e346690982a9:group-CEB12BB9C3AB:LeaderElection96] INFO  server.RaftServerConfigKeys (ConfUtils.java:logGet(43)) - raft.server.write.element-limit = 4096 (default)
2019-09-19 14:39:17,603 [5147d002-be4b-4fe2-a9d1-e346690982a9:group-CEB12BB9C3AB:LeaderElection96] INFO  server.RaftServerConfigKeys (ConfUtils.java:logGet(43)) - raft.server.watch.timeout = 10s (default)
2019-09-19 14:39:17,603 [5147d002-be4b-4fe2-a9d1-e346690982a9:group-CEB12BB9C3AB:LeaderElection96] INFO  server.RaftServerConfigKeys (ConfUtils.java:logGet(43)) - raft.server.watch.timeout.denomination = 1s (default)
2019-09-19 14:39:17,603 [5147d002-be4b-4fe2-a9d1-e346690982a9:group-CEB12BB9C3AB:LeaderElection96] INFO  server.RaftServerConfigKeys (ConfUtils.java:logGet(43)) - raft.server.watch.element-limit = 65536 (default)
2019-09-19 14:39:17,604 [5147d002-be4b-4fe2-a9d1-e346690982a9:group-CEB12BB9C3AB:LeaderElection96] INFO  impl.RoleInfo (RoleInfo.java:updateAndGet(143)) - 5147d002-be4b-4fe2-a9d1-e346690982a9: start LeaderState
2019-09-19 14:39:17,604 [5147d002-be4b-4fe2-a9d1-e346690982a9:group-CEB12BB9C3AB:LeaderElection96] INFO  segmented.SegmentedRaftLogWorker (SegmentedRaftLogWorker.java:startLogSegment(380)) - 5147d002-be4b-4fe2-a9d1-e346690982a9-SegmentedRaftLogWorker:Storage Directory /workdir/hadoop-ozone/ozonefs/target/test-dir/MiniOzoneClusterImpl-67a7c723-2f3b-4843-b7f2-075ee33ae8e7/datanode-1/data/ratis/800129f8-6aea-4ebb-bc68-ceb12bb9c3ab: Starting segment from index:0
2019-09-19 14:39:17,605 [5147d002-be4b-4fe2-a9d1-e346690982a9:group-CEB12BB9C3AB:LeaderElection96] INFO  impl.RaftServerImpl (ServerState.java:setRaftConf(361)) - 5147d002-be4b-4fe2-a9d1-e346690982a9:group-CEB12BB9C3AB set configuration 0: [5147d002-be4b-4fe2-a9d1-e346690982a9:192.168.5.132:37174], old=null at 0
2019-09-19 14:39:17,611 [Thread-1529] INFO  impl.FollowerState (FollowerState.java:run(106)) - 5147d002-be4b-4fe2-a9d1-e346690982a9:group-A10512F7D20B changes to CANDIDATE, lastRpcTime:5185, electionTimeout:5185ms
2019-09-19 14:39:17,611 [Thread-1529] INFO  impl.RoleInfo (RoleInfo.java:shutdownFollowerState(121)) - 5147d002-be4b-4fe2-a9d1-e346690982a9: shutdown FollowerState
2019-09-19 14:39:17,611 [Thread-1529] INFO  impl.RaftServerImpl (RaftServerImpl.java:setRole(171)) - 5147d002-be4b-4fe2-a9d1-e346690982a9:group-A10512F7D20B changes role from FOLLOWER to CANDIDATE at term 0 for changeToCandidate
2019-09-19 14:39:17,611 [Thread-1529] INFO  impl.RoleInfo (RoleInfo.java:updateAndGet(143)) - 5147d002-be4b-4fe2-a9d1-e346690982a9: start LeaderElection
2019-09-19 14:39:17,654 [5147d002-be4b-4fe2-a9d1-e346690982a9-SegmentedRaftLogWorker:Storage Directory /workdir/hadoop-ozone/ozonefs/target/test-dir/MiniOzoneClusterImpl-67a7c723-2f3b-4843-b7f2-075ee33ae8e7/datanode-1/data/ratis/800129f8-6aea-4ebb-bc68-ceb12bb9c3ab] INFO  segmented.SegmentedRaftLogWorker (SegmentedRaftLogWorker.java:execute(569)) - 5147d002-be4b-4fe2-a9d1-e346690982a9-SegmentedRaftLogWorker:Storage Directory /workdir/hadoop-ozone/ozonefs/target/test-dir/MiniOzoneClusterImpl-67a7c723-2f3b-4843-b7f2-075ee33ae8e7/datanode-1/data/ratis/800129f8-6aea-4ebb-bc68-ceb12bb9c3ab: created new log segment /workdir/hadoop-ozone/ozonefs/target/test-dir/MiniOzoneClusterImpl-67a7c723-2f3b-4843-b7f2-075ee33ae8e7/datanode-1/data/ratis/800129f8-6aea-4ebb-bc68-ceb12bb9c3ab/current/log_inprogress_0
2019-09-19 14:39:17,654 [5147d002-be4b-4fe2-a9d1-e346690982a9:group-A10512F7D20B:LeaderElection97] INFO  impl.LeaderElection (LeaderElection.java:askForVotes(181)) - 5147d002-be4b-4fe2-a9d1-e346690982a9:group-A10512F7D20B:LeaderElection97: begin an election at term 1 for -1: [5147d002-be4b-4fe2-a9d1-e346690982a9:192.168.5.132:37174], old=null
2019-09-19 14:39:17,654 [5147d002-be4b-4fe2-a9d1-e346690982a9:group-A10512F7D20B:LeaderElection97] INFO  impl.RoleInfo (RoleInfo.java:shutdownLeaderElection(134)) - 5147d002-be4b-4fe2-a9d1-e346690982a9: shutdown LeaderElection
2019-09-19 14:39:17,655 [5147d002-be4b-4fe2-a9d1-e346690982a9:group-A10512F7D20B:LeaderElection97] INFO  impl.RaftServerImpl (RaftServerImpl.java:setRole(171)) - 5147d002-be4b-4fe2-a9d1-e346690982a9:group-A10512F7D20B changes role from CANDIDATE to LEADER at term 1 for changeToLeader
2019-09-19 14:39:17,655 [5147d002-be4b-4fe2-a9d1-e346690982a9:group-A10512F7D20B:LeaderElection97] INFO  impl.RaftServerImpl (ServerState.java:setLeader(263)) - 5147d002-be4b-4fe2-a9d1-e346690982a9:group-A10512F7D20B change Leader from null to 5147d002-be4b-4fe2-a9d1-e346690982a9 at term 1 for becomeLeader, leader elected after 5231ms
2019-09-19 14:39:17,655 [5147d002-be4b-4fe2-a9d1-e346690982a9:group-A10512F7D20B:LeaderElection97] INFO  server.RaftServerConfigKeys (ConfUtils.java:logGet(43)) - raft.server.staging.catchup.gap = 1000 (default)
2019-09-19 14:39:17,655 [5147d002-be4b-4fe2-a9d1-e346690982a9:group-A10512F7D20B:LeaderElection97] INFO  server.RaftServerConfigKeys (ConfUtils.java:logGet(43)) - raft.server.rpc.sleep.time = 25ms (default)
2019-09-19 14:39:17,655 [5147d002-be4b-4fe2-a9d1-e346690982a9:group-A10512F7D20B:LeaderElection97] INFO  server.RaftServerConfigKeys (ConfUtils.java:logGet(43)) - raft.server.write.element-limit = 4096 (default)
2019-09-19 14:39:17,655 [5147d002-be4b-4fe2-a9d1-e346690982a9:group-A10512F7D20B:LeaderElection97] INFO  server.RaftServerConfigKeys (ConfUtils.java:logGet(43)) - raft.server.watch.timeout = 10s (default)
2019-09-19 14:39:17,656 [5147d002-be4b-4fe2-a9d1-e346690982a9:group-A10512F7D20B:LeaderElection97] INFO  server.RaftServerConfigKeys (ConfUtils.java:logGet(43)) - raft.server.watch.timeout.denomination = 1s (default)
2019-09-19 14:39:17,656 [5147d002-be4b-4fe2-a9d1-e346690982a9:group-A10512F7D20B:LeaderElection97] INFO  server.RaftServerConfigKeys (ConfUtils.java:logGet(43)) - raft.server.watch.element-limit = 65536 (default)
2019-09-19 14:39:17,656 [5147d002-be4b-4fe2-a9d1-e346690982a9:group-A10512F7D20B:LeaderElection97] INFO  impl.RoleInfo (RoleInfo.java:updateAndGet(143)) - 5147d002-be4b-4fe2-a9d1-e346690982a9: start LeaderState
2019-09-19 14:39:17,656 [5147d002-be4b-4fe2-a9d1-e346690982a9:group-A10512F7D20B:LeaderElection97] INFO  segmented.SegmentedRaftLogWorker (SegmentedRaftLogWorker.java:startLogSegment(380)) - 5147d002-be4b-4fe2-a9d1-e346690982a9-SegmentedRaftLogWorker:Storage Directory /workdir/hadoop-ozone/ozonefs/target/test-dir/MiniOzoneClusterImpl-67a7c723-2f3b-4843-b7f2-075ee33ae8e7/datanode-1/data/ratis/da2dc3be-858f-4d01-b4da-a10512f7d20b: Starting segment from index:0
2019-09-19 14:39:17,657 [5147d002-be4b-4fe2-a9d1-e346690982a9:group-A10512F7D20B:LeaderElection97] INFO  impl.RaftServerImpl (ServerState.java:setRaftConf(361)) - 5147d002-be4b-4fe2-a9d1-e346690982a9:group-A10512F7D20B set configuration 0: [5147d002-be4b-4fe2-a9d1-e346690982a9:192.168.5.132:37174], old=null at 0
2019-09-19 14:39:17,681 [Thread-1535] INFO  impl.FollowerState (FollowerState.java:run(106)) - 5147d002-be4b-4fe2-a9d1-e346690982a9:group-1C06FCE453BF changes to CANDIDATE, lastRpcTime:5181, electionTimeout:5181ms
2019-09-19 14:39:17,681 [Thread-1535] INFO  impl.RoleInfo (RoleInfo.java:shutdownFollowerState(121)) - 5147d002-be4b-4fe2-a9d1-e346690982a9: shutdown FollowerState
2019-09-19 14:39:17,681 [Thread-1535] INFO  impl.RaftServerImpl (RaftServerImpl.java:setRole(171)) - 5147d002-be4b-4fe2-a9d1-e346690982a9:group-1C06FCE453BF changes role from FOLLOWER to CANDIDATE at term 0 for changeToCandidate
2019-09-19 14:39:17,681 [Thread-1535] INFO  impl.RoleInfo (RoleInfo.java:updateAndGet(143)) - 5147d002-be4b-4fe2-a9d1-e346690982a9: start LeaderElection
2019-09-19 14:39:17,716 [5147d002-be4b-4fe2-a9d1-e346690982a9-SegmentedRaftLogWorker:Storage Directory /workdir/hadoop-ozone/ozonefs/target/test-dir/MiniOzoneClusterImpl-67a7c723-2f3b-4843-b7f2-075ee33ae8e7/datanode-1/data/ratis/da2dc3be-858f-4d01-b4da-a10512f7d20b] INFO  segmented.SegmentedRaftLogWorker (SegmentedRaftLogWorker.java:execute(569)) - 5147d002-be4b-4fe2-a9d1-e346690982a9-SegmentedRaftLogWorker:Storage Directory /workdir/hadoop-ozone/ozonefs/target/test-dir/MiniOzoneClusterImpl-67a7c723-2f3b-4843-b7f2-075ee33ae8e7/datanode-1/data/ratis/da2dc3be-858f-4d01-b4da-a10512f7d20b: created new log segment /workdir/hadoop-ozone/ozonefs/target/test-dir/MiniOzoneClusterImpl-67a7c723-2f3b-4843-b7f2-075ee33ae8e7/datanode-1/data/ratis/da2dc3be-858f-4d01-b4da-a10512f7d20b/current/log_inprogress_0
2019-09-19 14:39:17,716 [5147d002-be4b-4fe2-a9d1-e346690982a9:group-1C06FCE453BF:LeaderElection98] INFO  impl.LeaderElection (LeaderElection.java:askForVotes(181)) - 5147d002-be4b-4fe2-a9d1-e346690982a9:group-1C06FCE453BF:LeaderElection98: begin an election at term 1 for -1: [5147d002-be4b-4fe2-a9d1-e346690982a9:192.168.5.132:37174], old=null
2019-09-19 14:39:17,716 [5147d002-be4b-4fe2-a9d1-e346690982a9:group-1C06FCE453BF:LeaderElection98] INFO  impl.RoleInfo (RoleInfo.java:shutdownLeaderElection(134)) - 5147d002-be4b-4fe2-a9d1-e346690982a9: shutdown LeaderElection
2019-09-19 14:39:17,716 [5147d002-be4b-4fe2-a9d1-e346690982a9:group-1C06FCE453BF:LeaderElection98] INFO  impl.RaftServerImpl (RaftServerImpl.java:setRole(171)) - 5147d002-be4b-4fe2-a9d1-e346690982a9:group-1C06FCE453BF changes role from CANDIDATE to LEADER at term 1 for changeToLeader
2019-09-19 14:39:17,716 [5147d002-be4b-4fe2-a9d1-e346690982a9:group-1C06FCE453BF:LeaderElection98] INFO  impl.RaftServerImpl (ServerState.java:setLeader(263)) - 5147d002-be4b-4fe2-a9d1-e346690982a9:group-1C06FCE453BF change Leader from null to 5147d002-be4b-4fe2-a9d1-e346690982a9 at term 1 for becomeLeader, leader elected after 5219ms
2019-09-19 14:39:17,716 [5147d002-be4b-4fe2-a9d1-e346690982a9:group-1C06FCE453BF:LeaderElection98] INFO  server.RaftServerConfigKeys (ConfUtils.java:logGet(43)) - raft.server.staging.catchup.gap = 1000 (default)
2019-09-19 14:39:17,717 [5147d002-be4b-4fe2-a9d1-e346690982a9:group-1C06FCE453BF:LeaderElection98] INFO  server.RaftServerConfigKeys (ConfUtils.java:logGet(43)) - raft.server.rpc.sleep.time = 25ms (default)
2019-09-19 14:39:17,717 [5147d002-be4b-4fe2-a9d1-e346690982a9:group-1C06FCE453BF:LeaderElection98] INFO  server.RaftServerConfigKeys (ConfUtils.java:logGet(43)) - raft.server.write.element-limit = 4096 (default)
2019-09-19 14:39:17,717 [5147d002-be4b-4fe2-a9d1-e346690982a9:group-1C06FCE453BF:LeaderElection98] INFO  server.RaftServerConfigKeys (ConfUtils.java:logGet(43)) - raft.server.watch.timeout = 10s (default)
2019-09-19 14:39:17,717 [5147d002-be4b-4fe2-a9d1-e346690982a9:group-1C06FCE453BF:LeaderElection98] INFO  server.RaftServerConfigKeys (ConfUtils.java:logGet(43)) - raft.server.watch.timeout.denomination = 1s (default)
2019-09-19 14:39:17,717 [5147d002-be4b-4fe2-a9d1-e346690982a9:group-1C06FCE453BF:LeaderElection98] INFO  server.RaftServerConfigKeys (ConfUtils.java:logGet(43)) - raft.server.watch.element-limit = 65536 (default)
2019-09-19 14:39:17,717 [5147d002-be4b-4fe2-a9d1-e346690982a9:group-1C06FCE453BF:LeaderElection98] INFO  impl.RoleInfo (RoleInfo.java:updateAndGet(143)) - 5147d002-be4b-4fe2-a9d1-e346690982a9: start LeaderState
2019-09-19 14:39:17,718 [5147d002-be4b-4fe2-a9d1-e346690982a9:group-1C06FCE453BF:LeaderElection98] INFO  segmented.SegmentedRaftLogWorker (SegmentedRaftLogWorker.java:startLogSegment(380)) - 5147d002-be4b-4fe2-a9d1-e346690982a9-SegmentedRaftLogWorker:Storage Directory /workdir/hadoop-ozone/ozonefs/target/test-dir/MiniOzoneClusterImpl-67a7c723-2f3b-4843-b7f2-075ee33ae8e7/datanode-1/data/ratis/b362d34b-6d34-4917-83af-1c06fce453bf: Starting segment from index:0
2019-09-19 14:39:17,718 [5147d002-be4b-4fe2-a9d1-e346690982a9:group-1C06FCE453BF:LeaderElection98] INFO  impl.RaftServerImpl (ServerState.java:setRaftConf(361)) - 5147d002-be4b-4fe2-a9d1-e346690982a9:group-1C06FCE453BF set configuration 0: [5147d002-be4b-4fe2-a9d1-e346690982a9:192.168.5.132:37174], old=null at 0
2019-09-19 14:39:17,772 [5147d002-be4b-4fe2-a9d1-e346690982a9-SegmentedRaftLogWorker:Storage Directory /workdir/hadoop-ozone/ozonefs/target/test-dir/MiniOzoneClusterImpl-67a7c723-2f3b-4843-b7f2-075ee33ae8e7/datanode-1/data/ratis/b362d34b-6d34-4917-83af-1c06fce453bf] INFO  segmented.SegmentedRaftLogWorker (SegmentedRaftLogWorker.java:execute(569)) - 5147d002-be4b-4fe2-a9d1-e346690982a9-SegmentedRaftLogWorker:Storage Directory /workdir/hadoop-ozone/ozonefs/target/test-dir/MiniOzoneClusterImpl-67a7c723-2f3b-4843-b7f2-075ee33ae8e7/datanode-1/data/ratis/b362d34b-6d34-4917-83af-1c06fce453bf: created new log segment /workdir/hadoop-ozone/ozonefs/target/test-dir/MiniOzoneClusterImpl-67a7c723-2f3b-4843-b7f2-075ee33ae8e7/datanode-1/data/ratis/b362d34b-6d34-4917-83af-1c06fce453bf/current/log_inprogress_0
2019-09-19 14:39:17,785 [Thread-1541] INFO  impl.FollowerState (FollowerState.java:run(106)) - d7fb301a-31fb-49ad-b00e-9dfe8c13a3d5:group-25997F617878 changes to CANDIDATE, lastRpcTime:5186, electionTimeout:5184ms
2019-09-19 14:39:17,785 [Thread-1541] INFO  impl.RoleInfo (RoleInfo.java:shutdownFollowerState(121)) - d7fb301a-31fb-49ad-b00e-9dfe8c13a3d5: shutdown FollowerState
2019-09-19 14:39:17,785 [Thread-1541] INFO  impl.RaftServerImpl (RaftServerImpl.java:setRole(171)) - d7fb301a-31fb-49ad-b00e-9dfe8c13a3d5:group-25997F617878 changes role from FOLLOWER to CANDIDATE at term 0 for changeToCandidate
2019-09-19 14:39:17,786 [Thread-1541] INFO  impl.RoleInfo (RoleInfo.java:updateAndGet(143)) - d7fb301a-31fb-49ad-b00e-9dfe8c13a3d5: start LeaderElection
2019-09-19 14:39:17,798 [Thread-1547] INFO  impl.FollowerState (FollowerState.java:run(106)) - d7fb301a-31fb-49ad-b00e-9dfe8c13a3d5:group-727BCFC6822C changes to CANDIDATE, lastRpcTime:5075, electionTimeout:5075ms
2019-09-19 14:39:17,798 [Thread-1547] INFO  impl.RoleInfo (RoleInfo.java:shutdownFollowerState(121)) - d7fb301a-31fb-49ad-b00e-9dfe8c13a3d5: shutdown FollowerState
2019-09-19 14:39:17,798 [Thread-1547] INFO  impl.RaftServerImpl (RaftServerImpl.java:setRole(171)) - d7fb301a-31fb-49ad-b00e-9dfe8c13a3d5:group-727BCFC6822C changes role from FOLLOWER to CANDIDATE at term 0 for changeToCandidate
2019-09-19 14:39:17,798 [Thread-1547] INFO  impl.RoleInfo (RoleInfo.java:updateAndGet(143)) - d7fb301a-31fb-49ad-b00e-9dfe8c13a3d5: start LeaderElection
2019-09-19 14:39:17,818 [d7fb301a-31fb-49ad-b00e-9dfe8c13a3d5:group-25997F617878:LeaderElection99] INFO  impl.LeaderElection (LeaderElection.java:askForVotes(181)) - d7fb301a-31fb-49ad-b00e-9dfe8c13a3d5:group-25997F617878:LeaderElection99: begin an election at term 1 for -1: [d7fb301a-31fb-49ad-b00e-9dfe8c13a3d5:192.168.5.132:40457], old=null
2019-09-19 14:39:17,818 [d7fb301a-31fb-49ad-b00e-9dfe8c13a3d5:group-727BCFC6822C:LeaderElection100] INFO  impl.LeaderElection (LeaderElection.java:askForVotes(181)) - d7fb301a-31fb-49ad-b00e-9dfe8c13a3d5:group-727BCFC6822C:LeaderElection100: begin an election at term 1 for -1: [d7fb301a-31fb-49ad-b00e-9dfe8c13a3d5:192.168.5.132:40457], old=null
2019-09-19 14:39:17,818 [d7fb301a-31fb-49ad-b00e-9dfe8c13a3d5:group-25997F617878:LeaderElection99] INFO  impl.RoleInfo (RoleInfo.java:shutdownLeaderElection(134)) - d7fb301a-31fb-49ad-b00e-9dfe8c13a3d5: shutdown LeaderElection
2019-09-19 14:39:17,819 [d7fb301a-31fb-49ad-b00e-9dfe8c13a3d5:group-727BCFC6822C:LeaderElection100] INFO  impl.RoleInfo (RoleInfo.java:shutdownLeaderElection(134)) - d7fb301a-31fb-49ad-b00e-9dfe8c13a3d5: shutdown LeaderElection
2019-09-19 14:39:17,819 [d7fb301a-31fb-49ad-b00e-9dfe8c13a3d5:group-25997F617878:LeaderElection99] INFO  impl.RaftServerImpl (RaftServerImpl.java:setRole(171)) - d7fb301a-31fb-49ad-b00e-9dfe8c13a3d5:group-25997F617878 changes role from CANDIDATE to LEADER at term 1 for changeToLeader
2019-09-19 14:39:17,819 [d7fb301a-31fb-49ad-b00e-9dfe8c13a3d5:group-727BCFC6822C:LeaderElection100] INFO  impl.RaftServerImpl (RaftServerImpl.java:setRole(171)) - d7fb301a-31fb-49ad-b00e-9dfe8c13a3d5:group-727BCFC6822C changes role from CANDIDATE to LEADER at term 1 for changeToLeader
2019-09-19 14:39:17,819 [d7fb301a-31fb-49ad-b00e-9dfe8c13a3d5:group-25997F617878:LeaderElection99] INFO  impl.RaftServerImpl (ServerState.java:setLeader(263)) - d7fb301a-31fb-49ad-b00e-9dfe8c13a3d5:group-25997F617878 change Leader from null to d7fb301a-31fb-49ad-b00e-9dfe8c13a3d5 at term 1 for becomeLeader, leader elected after 5223ms
2019-09-19 14:39:17,819 [d7fb301a-31fb-49ad-b00e-9dfe8c13a3d5:group-727BCFC6822C:LeaderElection100] INFO  impl.RaftServerImpl (ServerState.java:setLeader(263)) - d7fb301a-31fb-49ad-b00e-9dfe8c13a3d5:group-727BCFC6822C change Leader from null to d7fb301a-31fb-49ad-b00e-9dfe8c13a3d5 at term 1 for becomeLeader, leader elected after 5101ms
2019-09-19 14:39:17,819 [d7fb301a-31fb-49ad-b00e-9dfe8c13a3d5:group-25997F617878:LeaderElection99] INFO  server.RaftServerConfigKeys (ConfUtils.java:logGet(43)) - raft.server.staging.catchup.gap = 1000 (default)
2019-09-19 14:39:17,819 [d7fb301a-31fb-49ad-b00e-9dfe8c13a3d5:group-727BCFC6822C:LeaderElection100] INFO  server.RaftServerConfigKeys (ConfUtils.java:logGet(43)) - raft.server.staging.catchup.gap = 1000 (default)
2019-09-19 14:39:17,819 [d7fb301a-31fb-49ad-b00e-9dfe8c13a3d5:group-25997F617878:LeaderElection99] INFO  server.RaftServerConfigKeys (ConfUtils.java:logGet(43)) - raft.server.rpc.sleep.time = 25ms (default)
2019-09-19 14:39:17,820 [d7fb301a-31fb-49ad-b00e-9dfe8c13a3d5:group-727BCFC6822C:LeaderElection100] INFO  server.RaftServerConfigKeys (ConfUtils.java:logGet(43)) - raft.server.rpc.sleep.time = 25ms (default)
2019-09-19 14:39:17,820 [d7fb301a-31fb-49ad-b00e-9dfe8c13a3d5:group-25997F617878:LeaderElection99] INFO  server.RaftServerConfigKeys (ConfUtils.java:logGet(43)) - raft.server.write.element-limit = 4096 (default)
2019-09-19 14:39:17,820 [d7fb301a-31fb-49ad-b00e-9dfe8c13a3d5:group-727BCFC6822C:LeaderElection100] INFO  server.RaftServerConfigKeys (ConfUtils.java:logGet(43)) - raft.server.write.element-limit = 4096 (default)
2019-09-19 14:39:17,820 [d7fb301a-31fb-49ad-b00e-9dfe8c13a3d5:group-25997F617878:LeaderElection99] INFO  server.RaftServerConfigKeys (ConfUtils.java:logGet(43)) - raft.server.watch.timeout = 10s (default)
2019-09-19 14:39:17,820 [d7fb301a-31fb-49ad-b00e-9dfe8c13a3d5:group-727BCFC6822C:LeaderElection100] INFO  server.RaftServerConfigKeys (ConfUtils.java:logGet(43)) - raft.server.watch.timeout = 10s (default)
2019-09-19 14:39:17,820 [d7fb301a-31fb-49ad-b00e-9dfe8c13a3d5:group-25997F617878:LeaderElection99] INFO  server.RaftServerConfigKeys (ConfUtils.java:logGet(43)) - raft.server.watch.timeout.denomination = 1s (default)
2019-09-19 14:39:17,820 [d7fb301a-31fb-49ad-b00e-9dfe8c13a3d5:group-727BCFC6822C:LeaderElection100] INFO  server.RaftServerConfigKeys (ConfUtils.java:logGet(43)) - raft.server.watch.timeout.denomination = 1s (default)
2019-09-19 14:39:17,821 [d7fb301a-31fb-49ad-b00e-9dfe8c13a3d5:group-25997F617878:LeaderElection99] INFO  server.RaftServerConfigKeys (ConfUtils.java:logGet(43)) - raft.server.watch.element-limit = 65536 (default)
2019-09-19 14:39:17,821 [d7fb301a-31fb-49ad-b00e-9dfe8c13a3d5:group-727BCFC6822C:LeaderElection100] INFO  server.RaftServerConfigKeys (ConfUtils.java:logGet(43)) - raft.server.watch.element-limit = 65536 (default)
2019-09-19 14:39:17,821 [d7fb301a-31fb-49ad-b00e-9dfe8c13a3d5:group-25997F617878:LeaderElection99] INFO  impl.RoleInfo (RoleInfo.java:updateAndGet(143)) - d7fb301a-31fb-49ad-b00e-9dfe8c13a3d5: start LeaderState
2019-09-19 14:39:17,821 [d7fb301a-31fb-49ad-b00e-9dfe8c13a3d5:group-727BCFC6822C:LeaderElection100] INFO  impl.RoleInfo (RoleInfo.java:updateAndGet(143)) - d7fb301a-31fb-49ad-b00e-9dfe8c13a3d5: start LeaderState
2019-09-19 14:39:17,821 [d7fb301a-31fb-49ad-b00e-9dfe8c13a3d5:group-25997F617878:LeaderElection99] INFO  segmented.SegmentedRaftLogWorker (SegmentedRaftLogWorker.java:startLogSegment(380)) - d7fb301a-31fb-49ad-b00e-9dfe8c13a3d5-SegmentedRaftLogWorker:Storage Directory /workdir/hadoop-ozone/ozonefs/target/test-dir/MiniOzoneClusterImpl-67a7c723-2f3b-4843-b7f2-075ee33ae8e7/datanode-2/data/ratis/07c3950d-eabf-4e50-bb7d-25997f617878: Starting segment from index:0
2019-09-19 14:39:17,821 [d7fb301a-31fb-49ad-b00e-9dfe8c13a3d5:group-727BCFC6822C:LeaderElection100] INFO  segmented.SegmentedRaftLogWorker (SegmentedRaftLogWorker.java:startLogSegment(380)) - d7fb301a-31fb-49ad-b00e-9dfe8c13a3d5-SegmentedRaftLogWorker:Storage Directory /workdir/hadoop-ozone/ozonefs/target/test-dir/MiniOzoneClusterImpl-67a7c723-2f3b-4843-b7f2-075ee33ae8e7/datanode-2/data/ratis/240c2843-25b0-40ee-bb71-727bcfc6822c: Starting segment from index:0
2019-09-19 14:39:17,822 [d7fb301a-31fb-49ad-b00e-9dfe8c13a3d5:group-25997F617878:LeaderElection99] INFO  impl.RaftServerImpl (ServerState.java:setRaftConf(361)) - d7fb301a-31fb-49ad-b00e-9dfe8c13a3d5:group-25997F617878 set configuration 0: [d7fb301a-31fb-49ad-b00e-9dfe8c13a3d5:192.168.5.132:40457], old=null at 0
2019-09-19 14:39:17,822 [d7fb301a-31fb-49ad-b00e-9dfe8c13a3d5:group-727BCFC6822C:LeaderElection100] INFO  impl.RaftServerImpl (ServerState.java:setRaftConf(361)) - d7fb301a-31fb-49ad-b00e-9dfe8c13a3d5:group-727BCFC6822C set configuration 0: [d7fb301a-31fb-49ad-b00e-9dfe8c13a3d5:192.168.5.132:40457], old=null at 0
2019-09-19 14:39:17,853 [Thread-1544] INFO  impl.FollowerState (FollowerState.java:run(106)) - d7fb301a-31fb-49ad-b00e-9dfe8c13a3d5:group-5D2625AA4131 changes to CANDIDATE, lastRpcTime:5193, electionTimeout:5193ms
2019-09-19 14:39:17,853 [Thread-1544] INFO  impl.RoleInfo (RoleInfo.java:shutdownFollowerState(121)) - d7fb301a-31fb-49ad-b00e-9dfe8c13a3d5: shutdown FollowerState
2019-09-19 14:39:17,853 [Thread-1544] INFO  impl.RaftServerImpl (RaftServerImpl.java:setRole(171)) - d7fb301a-31fb-49ad-b00e-9dfe8c13a3d5:group-5D2625AA4131 changes role from FOLLOWER to CANDIDATE at term 0 for changeToCandidate
2019-09-19 14:39:17,854 [Thread-1544] INFO  impl.RoleInfo (RoleInfo.java:updateAndGet(143)) - d7fb301a-31fb-49ad-b00e-9dfe8c13a3d5: start LeaderElection
2019-09-19 14:39:17,877 [d7fb301a-31fb-49ad-b00e-9dfe8c13a3d5-SegmentedRaftLogWorker:Storage Directory /workdir/hadoop-ozone/ozonefs/target/test-dir/MiniOzoneClusterImpl-67a7c723-2f3b-4843-b7f2-075ee33ae8e7/datanode-2/data/ratis/240c2843-25b0-40ee-bb71-727bcfc6822c] INFO  segmented.SegmentedRaftLogWorker (SegmentedRaftLogWorker.java:execute(569)) - d7fb301a-31fb-49ad-b00e-9dfe8c13a3d5-SegmentedRaftLogWorker:Storage Directory /workdir/hadoop-ozone/ozonefs/target/test-dir/MiniOzoneClusterImpl-67a7c723-2f3b-4843-b7f2-075ee33ae8e7/datanode-2/data/ratis/240c2843-25b0-40ee-bb71-727bcfc6822c: created new log segment /workdir/hadoop-ozone/ozonefs/target/test-dir/MiniOzoneClusterImpl-67a7c723-2f3b-4843-b7f2-075ee33ae8e7/datanode-2/data/ratis/240c2843-25b0-40ee-bb71-727bcfc6822c/current/log_inprogress_0
2019-09-19 14:39:17,877 [d7fb301a-31fb-49ad-b00e-9dfe8c13a3d5:group-5D2625AA4131:LeaderElection101] INFO  impl.LeaderElection (LeaderElection.java:askForVotes(181)) - d7fb301a-31fb-49ad-b00e-9dfe8c13a3d5:group-5D2625AA4131:LeaderElection101: begin an election at term 1 for -1: [d7fb301a-31fb-49ad-b00e-9dfe8c13a3d5:192.168.5.132:40457], old=null
2019-09-19 14:39:17,877 [d7fb301a-31fb-49ad-b00e-9dfe8c13a3d5-SegmentedRaftLogWorker:Storage Directory /workdir/hadoop-ozone/ozonefs/target/test-dir/MiniOzoneClusterImpl-67a7c723-2f3b-4843-b7f2-075ee33ae8e7/datanode-2/data/ratis/07c3950d-eabf-4e50-bb7d-25997f617878] INFO  segmented.SegmentedRaftLogWorker (SegmentedRaftLogWorker.java:execute(569)) - d7fb301a-31fb-49ad-b00e-9dfe8c13a3d5-SegmentedRaftLogWorker:Storage Directory /workdir/hadoop-ozone/ozonefs/target/test-dir/MiniOzoneClusterImpl-67a7c723-2f3b-4843-b7f2-075ee33ae8e7/datanode-2/data/ratis/07c3950d-eabf-4e50-bb7d-25997f617878: created new log segment /workdir/hadoop-ozone/ozonefs/target/test-dir/MiniOzoneClusterImpl-67a7c723-2f3b-4843-b7f2-075ee33ae8e7/datanode-2/data/ratis/07c3950d-eabf-4e50-bb7d-25997f617878/current/log_inprogress_0
2019-09-19 14:39:17,877 [d7fb301a-31fb-49ad-b00e-9dfe8c13a3d5:group-5D2625AA4131:LeaderElection101] INFO  impl.RoleInfo (RoleInfo.java:shutdownLeaderElection(134)) - d7fb301a-31fb-49ad-b00e-9dfe8c13a3d5: shutdown LeaderElection
2019-09-19 14:39:17,877 [d7fb301a-31fb-49ad-b00e-9dfe8c13a3d5:group-5D2625AA4131:LeaderElection101] INFO  impl.RaftServerImpl (RaftServerImpl.java:setRole(171)) - d7fb301a-31fb-49ad-b00e-9dfe8c13a3d5:group-5D2625AA4131 changes role from CANDIDATE to LEADER at term 1 for changeToLeader
2019-09-19 14:39:17,878 [d7fb301a-31fb-49ad-b00e-9dfe8c13a3d5:group-5D2625AA4131:LeaderElection101] INFO  impl.RaftServerImpl (ServerState.java:setLeader(263)) - d7fb301a-31fb-49ad-b00e-9dfe8c13a3d5:group-5D2625AA4131 change Leader from null to d7fb301a-31fb-49ad-b00e-9dfe8c13a3d5 at term 1 for becomeLeader, leader elected after 5222ms
2019-09-19 14:39:17,878 [d7fb301a-31fb-49ad-b00e-9dfe8c13a3d5:group-5D2625AA4131:LeaderElection101] INFO  server.RaftServerConfigKeys (ConfUtils.java:logGet(43)) - raft.server.staging.catchup.gap = 1000 (default)
2019-09-19 14:39:17,878 [d7fb301a-31fb-49ad-b00e-9dfe8c13a3d5:group-5D2625AA4131:LeaderElection101] INFO  server.RaftServerConfigKeys (ConfUtils.java:logGet(43)) - raft.server.rpc.sleep.time = 25ms (default)
2019-09-19 14:39:17,878 [d7fb301a-31fb-49ad-b00e-9dfe8c13a3d5:group-5D2625AA4131:LeaderElection101] INFO  server.RaftServerConfigKeys (ConfUtils.java:logGet(43)) - raft.server.write.element-limit = 4096 (default)
2019-09-19 14:39:17,878 [d7fb301a-31fb-49ad-b00e-9dfe8c13a3d5:group-5D2625AA4131:LeaderElection101] INFO  server.RaftServerConfigKeys (ConfUtils.java:logGet(43)) - raft.server.watch.timeout = 10s (default)
2019-09-19 14:39:17,878 [d7fb301a-31fb-49ad-b00e-9dfe8c13a3d5:group-5D2625AA4131:LeaderElection101] INFO  server.RaftServerConfigKeys (ConfUtils.java:logGet(43)) - raft.server.watch.timeout.denomination = 1s (default)
2019-09-19 14:39:17,879 [d7fb301a-31fb-49ad-b00e-9dfe8c13a3d5:group-5D2625AA4131:LeaderElection101] INFO  server.RaftServerConfigKeys (ConfUtils.java:logGet(43)) - raft.server.watch.element-limit = 65536 (default)
2019-09-19 14:39:17,879 [d7fb301a-31fb-49ad-b00e-9dfe8c13a3d5:group-5D2625AA4131:LeaderElection101] INFO  impl.RoleInfo (RoleInfo.java:updateAndGet(143)) - d7fb301a-31fb-49ad-b00e-9dfe8c13a3d5: start LeaderState
2019-09-19 14:39:17,879 [d7fb301a-31fb-49ad-b00e-9dfe8c13a3d5:group-5D2625AA4131:LeaderElection101] INFO  segmented.SegmentedRaftLogWorker (SegmentedRaftLogWorker.java:startLogSegment(380)) - d7fb301a-31fb-49ad-b00e-9dfe8c13a3d5-SegmentedRaftLogWorker:Storage Directory /workdir/hadoop-ozone/ozonefs/target/test-dir/MiniOzoneClusterImpl-67a7c723-2f3b-4843-b7f2-075ee33ae8e7/datanode-2/data/ratis/0dacd765-58c5-4826-8826-5d2625aa4131: Starting segment from index:0
2019-09-19 14:39:17,880 [d7fb301a-31fb-49ad-b00e-9dfe8c13a3d5:group-5D2625AA4131:LeaderElection101] INFO  impl.RaftServerImpl (ServerState.java:setRaftConf(361)) - d7fb301a-31fb-49ad-b00e-9dfe8c13a3d5:group-5D2625AA4131 set configuration 0: [d7fb301a-31fb-49ad-b00e-9dfe8c13a3d5:192.168.5.132:40457], old=null at 0
2019-09-19 14:39:17,937 [d7fb301a-31fb-49ad-b00e-9dfe8c13a3d5-SegmentedRaftLogWorker:Storage Directory /workdir/hadoop-ozone/ozonefs/target/test-dir/MiniOzoneClusterImpl-67a7c723-2f3b-4843-b7f2-075ee33ae8e7/datanode-2/data/ratis/0dacd765-58c5-4826-8826-5d2625aa4131] INFO  segmented.SegmentedRaftLogWorker (SegmentedRaftLogWorker.java:execute(569)) - d7fb301a-31fb-49ad-b00e-9dfe8c13a3d5-SegmentedRaftLogWorker:Storage Directory /workdir/hadoop-ozone/ozonefs/target/test-dir/MiniOzoneClusterImpl-67a7c723-2f3b-4843-b7f2-075ee33ae8e7/datanode-2/data/ratis/0dacd765-58c5-4826-8826-5d2625aa4131: created new log segment /workdir/hadoop-ozone/ozonefs/target/test-dir/MiniOzoneClusterImpl-67a7c723-2f3b-4843-b7f2-075ee33ae8e7/datanode-2/data/ratis/0dacd765-58c5-4826-8826-5d2625aa4131/current/log_inprogress_0
2019-09-19 14:39:17,961 [Thread-1553] INFO  impl.FollowerState (FollowerState.java:run(106)) - d7fb301a-31fb-49ad-b00e-9dfe8c13a3d5:group-7C9AA07E715A changes to CANDIDATE, lastRpcTime:5088, electionTimeout:5088ms
2019-09-19 14:39:17,961 [Thread-1553] INFO  impl.RoleInfo (RoleInfo.java:shutdownFollowerState(121)) - d7fb301a-31fb-49ad-b00e-9dfe8c13a3d5: shutdown FollowerState
2019-09-19 14:39:17,962 [Thread-1553] INFO  impl.RaftServerImpl (RaftServerImpl.java:setRole(171)) - d7fb301a-31fb-49ad-b00e-9dfe8c13a3d5:group-7C9AA07E715A changes role from FOLLOWER to CANDIDATE at term 0 for changeToCandidate
2019-09-19 14:39:17,962 [Thread-1553] INFO  impl.RoleInfo (RoleInfo.java:updateAndGet(143)) - d7fb301a-31fb-49ad-b00e-9dfe8c13a3d5: start LeaderElection
2019-09-19 14:39:17,990 [d7fb301a-31fb-49ad-b00e-9dfe8c13a3d5:group-7C9AA07E715A:LeaderElection102] INFO  impl.LeaderElection (LeaderElection.java:askForVotes(181)) - d7fb301a-31fb-49ad-b00e-9dfe8c13a3d5:group-7C9AA07E715A:LeaderElection102: begin an election at term 1 for -1: [d7fb301a-31fb-49ad-b00e-9dfe8c13a3d5:192.168.5.132:40457], old=null
2019-09-19 14:39:17,991 [d7fb301a-31fb-49ad-b00e-9dfe8c13a3d5:group-7C9AA07E715A:LeaderElection102] INFO  impl.RoleInfo (RoleInfo.java:shutdownLeaderElection(134)) - d7fb301a-31fb-49ad-b00e-9dfe8c13a3d5: shutdown LeaderElection
2019-09-19 14:39:17,991 [d7fb301a-31fb-49ad-b00e-9dfe8c13a3d5:group-7C9AA07E715A:LeaderElection102] INFO  impl.RaftServerImpl (RaftServerImpl.java:setRole(171)) - d7fb301a-31fb-49ad-b00e-9dfe8c13a3d5:group-7C9AA07E715A changes role from CANDIDATE to LEADER at term 1 for changeToLeader
2019-09-19 14:39:17,991 [d7fb301a-31fb-49ad-b00e-9dfe8c13a3d5:group-7C9AA07E715A:LeaderElection102] INFO  impl.RaftServerImpl (ServerState.java:setLeader(263)) - d7fb301a-31fb-49ad-b00e-9dfe8c13a3d5:group-7C9AA07E715A change Leader from null to d7fb301a-31fb-49ad-b00e-9dfe8c13a3d5 at term 1 for becomeLeader, leader elected after 5122ms
2019-09-19 14:39:17,992 [d7fb301a-31fb-49ad-b00e-9dfe8c13a3d5:group-7C9AA07E715A:LeaderElection102] INFO  server.RaftServerConfigKeys (ConfUtils.java:logGet(43)) - raft.server.staging.catchup.gap = 1000 (default)
2019-09-19 14:39:17,992 [d7fb301a-31fb-49ad-b00e-9dfe8c13a3d5:group-7C9AA07E715A:LeaderElection102] INFO  server.RaftServerConfigKeys (ConfUtils.java:logGet(43)) - raft.server.rpc.sleep.time = 25ms (default)
2019-09-19 14:39:17,992 [d7fb301a-31fb-49ad-b00e-9dfe8c13a3d5:group-7C9AA07E715A:LeaderElection102] INFO  server.RaftServerConfigKeys (ConfUtils.java:logGet(43)) - raft.server.write.element-limit = 4096 (default)
2019-09-19 14:39:17,993 [d7fb301a-31fb-49ad-b00e-9dfe8c13a3d5:group-7C9AA07E715A:LeaderElection102] INFO  server.RaftServerConfigKeys (ConfUtils.java:logGet(43)) - raft.server.watch.timeout = 10s (default)
2019-09-19 14:39:17,993 [d7fb301a-31fb-49ad-b00e-9dfe8c13a3d5:group-7C9AA07E715A:LeaderElection102] INFO  server.RaftServerConfigKeys (ConfUtils.java:logGet(43)) - raft.server.watch.timeout.denomination = 1s (default)
2019-09-19 14:39:17,993 [d7fb301a-31fb-49ad-b00e-9dfe8c13a3d5:group-7C9AA07E715A:LeaderElection102] INFO  server.RaftServerConfigKeys (ConfUtils.java:logGet(43)) - raft.server.watch.element-limit = 65536 (default)
2019-09-19 14:39:17,994 [d7fb301a-31fb-49ad-b00e-9dfe8c13a3d5:group-7C9AA07E715A:LeaderElection102] INFO  impl.RoleInfo (RoleInfo.java:updateAndGet(143)) - d7fb301a-31fb-49ad-b00e-9dfe8c13a3d5: start LeaderState
2019-09-19 14:39:17,994 [d7fb301a-31fb-49ad-b00e-9dfe8c13a3d5:group-7C9AA07E715A:LeaderElection102] INFO  segmented.SegmentedRaftLogWorker (SegmentedRaftLogWorker.java:startLogSegment(380)) - d7fb301a-31fb-49ad-b00e-9dfe8c13a3d5-SegmentedRaftLogWorker:Storage Directory /workdir/hadoop-ozone/ozonefs/target/test-dir/MiniOzoneClusterImpl-67a7c723-2f3b-4843-b7f2-075ee33ae8e7/datanode-2/data/ratis/864f1135-a4f9-40f9-a976-7c9aa07e715a: Starting segment from index:0
2019-09-19 14:39:17,996 [d7fb301a-31fb-49ad-b00e-9dfe8c13a3d5:group-7C9AA07E715A:LeaderElection102] INFO  impl.RaftServerImpl (ServerState.java:setRaftConf(361)) - d7fb301a-31fb-49ad-b00e-9dfe8c13a3d5:group-7C9AA07E715A set configuration 0: [d7fb301a-31fb-49ad-b00e-9dfe8c13a3d5:192.168.5.132:40457], old=null at 0
2019-09-19 14:39:18,001 [Thread-1550] INFO  impl.FollowerState (FollowerState.java:run(106)) - d7fb301a-31fb-49ad-b00e-9dfe8c13a3d5:group-5DE86F124CA8 changes to CANDIDATE, lastRpcTime:5199, electionTimeout:5199ms
2019-09-19 14:39:18,002 [Thread-1550] INFO  impl.RoleInfo (RoleInfo.java:shutdownFollowerState(121)) - d7fb301a-31fb-49ad-b00e-9dfe8c13a3d5: shutdown FollowerState
2019-09-19 14:39:18,002 [Thread-1550] INFO  impl.RaftServerImpl (RaftServerImpl.java:setRole(171)) - d7fb301a-31fb-49ad-b00e-9dfe8c13a3d5:group-5DE86F124CA8 changes role from FOLLOWER to CANDIDATE at term 0 for changeToCandidate
2019-09-19 14:39:18,002 [Thread-1550] INFO  impl.RoleInfo (RoleInfo.java:updateAndGet(143)) - d7fb301a-31fb-49ad-b00e-9dfe8c13a3d5: start LeaderElection
2019-09-19 14:39:18,057 [d7fb301a-31fb-49ad-b00e-9dfe8c13a3d5-SegmentedRaftLogWorker:Storage Directory /workdir/hadoop-ozone/ozonefs/target/test-dir/MiniOzoneClusterImpl-67a7c723-2f3b-4843-b7f2-075ee33ae8e7/datanode-2/data/ratis/864f1135-a4f9-40f9-a976-7c9aa07e715a] INFO  segmented.SegmentedRaftLogWorker (SegmentedRaftLogWorker.java:execute(569)) - d7fb301a-31fb-49ad-b00e-9dfe8c13a3d5-SegmentedRaftLogWorker:Storage Directory /workdir/hadoop-ozone/ozonefs/target/test-dir/MiniOzoneClusterImpl-67a7c723-2f3b-4843-b7f2-075ee33ae8e7/datanode-2/data/ratis/864f1135-a4f9-40f9-a976-7c9aa07e715a: created new log segment /workdir/hadoop-ozone/ozonefs/target/test-dir/MiniOzoneClusterImpl-67a7c723-2f3b-4843-b7f2-075ee33ae8e7/datanode-2/data/ratis/864f1135-a4f9-40f9-a976-7c9aa07e715a/current/log_inprogress_0
2019-09-19 14:39:18,057 [d7fb301a-31fb-49ad-b00e-9dfe8c13a3d5:group-5DE86F124CA8:LeaderElection103] INFO  impl.LeaderElection (LeaderElection.java:askForVotes(181)) - d7fb301a-31fb-49ad-b00e-9dfe8c13a3d5:group-5DE86F124CA8:LeaderElection103: begin an election at term 1 for -1: [d7fb301a-31fb-49ad-b00e-9dfe8c13a3d5:192.168.5.132:40457], old=null
2019-09-19 14:39:18,058 [d7fb301a-31fb-49ad-b00e-9dfe8c13a3d5:group-5DE86F124CA8:LeaderElection103] INFO  impl.RoleInfo (RoleInfo.java:shutdownLeaderElection(134)) - d7fb301a-31fb-49ad-b00e-9dfe8c13a3d5: shutdown LeaderElection
2019-09-19 14:39:18,058 [d7fb301a-31fb-49ad-b00e-9dfe8c13a3d5:group-5DE86F124CA8:LeaderElection103] INFO  impl.RaftServerImpl (RaftServerImpl.java:setRole(171)) - d7fb301a-31fb-49ad-b00e-9dfe8c13a3d5:group-5DE86F124CA8 changes role from CANDIDATE to LEADER at term 1 for changeToLeader
2019-09-19 14:39:18,058 [d7fb301a-31fb-49ad-b00e-9dfe8c13a3d5:group-5DE86F124CA8:LeaderElection103] INFO  impl.RaftServerImpl (ServerState.java:setLeader(263)) - d7fb301a-31fb-49ad-b00e-9dfe8c13a3d5:group-5DE86F124CA8 change Leader from null to d7fb301a-31fb-49ad-b00e-9dfe8c13a3d5 at term 1 for becomeLeader, leader elected after 5260ms
2019-09-19 14:39:18,058 [d7fb301a-31fb-49ad-b00e-9dfe8c13a3d5:group-5DE86F124CA8:LeaderElection103] INFO  server.RaftServerConfigKeys (ConfUtils.java:logGet(43)) - raft.server.staging.catchup.gap = 1000 (default)
2019-09-19 14:39:18,058 [d7fb301a-31fb-49ad-b00e-9dfe8c13a3d5:group-5DE86F124CA8:LeaderElection103] INFO  server.RaftServerConfigKeys (ConfUtils.java:logGet(43)) - raft.server.rpc.sleep.time = 25ms (default)
2019-09-19 14:39:18,058 [d7fb301a-31fb-49ad-b00e-9dfe8c13a3d5:group-5DE86F124CA8:LeaderElection103] INFO  server.RaftServerConfigKeys (ConfUtils.java:logGet(43)) - raft.server.write.element-limit = 4096 (default)
2019-09-19 14:39:18,059 [d7fb301a-31fb-49ad-b00e-9dfe8c13a3d5:group-5DE86F124CA8:LeaderElection103] INFO  server.RaftServerConfigKeys (ConfUtils.java:logGet(43)) - raft.server.watch.timeout = 10s (default)
2019-09-19 14:39:18,059 [d7fb301a-31fb-49ad-b00e-9dfe8c13a3d5:group-5DE86F124CA8:LeaderElection103] INFO  server.RaftServerConfigKeys (ConfUtils.java:logGet(43)) - raft.server.watch.timeout.denomination = 1s (default)
2019-09-19 14:39:18,059 [d7fb301a-31fb-49ad-b00e-9dfe8c13a3d5:group-5DE86F124CA8:LeaderElection103] INFO  server.RaftServerConfigKeys (ConfUtils.java:logGet(43)) - raft.server.watch.element-limit = 65536 (default)
2019-09-19 14:39:18,059 [d7fb301a-31fb-49ad-b00e-9dfe8c13a3d5:group-5DE86F124CA8:LeaderElection103] INFO  impl.RoleInfo (RoleInfo.java:updateAndGet(143)) - d7fb301a-31fb-49ad-b00e-9dfe8c13a3d5: start LeaderState
2019-09-19 14:39:18,059 [d7fb301a-31fb-49ad-b00e-9dfe8c13a3d5:group-5DE86F124CA8:LeaderElection103] INFO  segmented.SegmentedRaftLogWorker (SegmentedRaftLogWorker.java:startLogSegment(380)) - d7fb301a-31fb-49ad-b00e-9dfe8c13a3d5-SegmentedRaftLogWorker:Storage Directory /workdir/hadoop-ozone/ozonefs/target/test-dir/MiniOzoneClusterImpl-67a7c723-2f3b-4843-b7f2-075ee33ae8e7/datanode-2/data/ratis/6d4281d3-1160-4827-a429-5de86f124ca8: Starting segment from index:0
2019-09-19 14:39:18,060 [d7fb301a-31fb-49ad-b00e-9dfe8c13a3d5:group-5DE86F124CA8:LeaderElection103] INFO  impl.RaftServerImpl (ServerState.java:setRaftConf(361)) - d7fb301a-31fb-49ad-b00e-9dfe8c13a3d5:group-5DE86F124CA8 set configuration 0: [d7fb301a-31fb-49ad-b00e-9dfe8c13a3d5:192.168.5.132:40457], old=null at 0
2019-09-19 14:39:18,113 [d7fb301a-31fb-49ad-b00e-9dfe8c13a3d5-SegmentedRaftLogWorker:Storage Directory /workdir/hadoop-ozone/ozonefs/target/test-dir/MiniOzoneClusterImpl-67a7c723-2f3b-4843-b7f2-075ee33ae8e7/datanode-2/data/ratis/6d4281d3-1160-4827-a429-5de86f124ca8] INFO  segmented.SegmentedRaftLogWorker (SegmentedRaftLogWorker.java:execute(569)) - d7fb301a-31fb-49ad-b00e-9dfe8c13a3d5-SegmentedRaftLogWorker:Storage Directory /workdir/hadoop-ozone/ozonefs/target/test-dir/MiniOzoneClusterImpl-67a7c723-2f3b-4843-b7f2-075ee33ae8e7/datanode-2/data/ratis/6d4281d3-1160-4827-a429-5de86f124ca8: created new log segment /workdir/hadoop-ozone/ozonefs/target/test-dir/MiniOzoneClusterImpl-67a7c723-2f3b-4843-b7f2-075ee33ae8e7/datanode-2/data/ratis/6d4281d3-1160-4827-a429-5de86f124ca8/current/log_inprogress_0
2019-09-19 14:39:18,312 | INFO  | SCMAudit | user=jenkins1000 | ip=192.168.5.132 | op=SEND_HEARTBEAT {datanodeUUID=d7fb301a-31fb-49ad-b00e-9dfe8c13a3d5, command=[]} | ret=SUCCESS |  
2019-09-19 14:39:18,490 [Thread-1328] INFO  ozoneimpl.OzoneContainer (OzoneContainer.java:stop(199)) - Attempting to stop container services.
2019-09-19 14:39:18,490 [ForkJoinPool.commonPool-worker-0] INFO  ozoneimpl.OzoneContainer (OzoneContainer.java:stop(199)) - Attempting to stop container services.
2019-09-19 14:39:18,491 [Thread-1328] INFO  impl.RaftServerProxy (RaftServerProxy.java:lambda$close$4(314)) - 5147d002-be4b-4fe2-a9d1-e346690982a9: close
2019-09-19 14:39:18,491 [ForkJoinPool.commonPool-worker-0] INFO  impl.RaftServerProxy (RaftServerProxy.java:lambda$close$4(314)) - 0a9408fa-2e62-4e77-a585-841a9d73d83b: close
2019-09-19 14:39:18,491 [Thread-1328] INFO  impl.RaftServerImpl (RaftServerImpl.java:lambda$shutdown$3(245)) - 5147d002-be4b-4fe2-a9d1-e346690982a9: shutdown group-799832F63BBE
2019-09-19 14:39:18,492 [ForkJoinPool.commonPool-worker-0] INFO  impl.RaftServerImpl (RaftServerImpl.java:lambda$shutdown$3(245)) - 0a9408fa-2e62-4e77-a585-841a9d73d83b: shutdown group-6DD156E496BC
2019-09-19 14:39:18,492 [Thread-1328] INFO  util.JmxRegister (JmxRegister.java:unregister(73)) - Successfully un-registered JMX Bean with object name Ratis:service=RaftServer,group=group-799832F63BBE,id=5147d002-be4b-4fe2-a9d1-e346690982a9
2019-09-19 14:39:18,493 [Thread-1328] INFO  impl.RoleInfo (RoleInfo.java:shutdownLeaderState(104)) - 5147d002-be4b-4fe2-a9d1-e346690982a9: shutdown LeaderState
2019-09-19 14:39:18,492 [ForkJoinPool.commonPool-worker-0] INFO  util.JmxRegister (JmxRegister.java:unregister(73)) - Successfully un-registered JMX Bean with object name Ratis:service=RaftServer,group=group-6DD156E496BC,id=0a9408fa-2e62-4e77-a585-841a9d73d83b
2019-09-19 14:39:18,493 [Thread-1328] INFO  impl.PendingRequests (PendingRequests.java:sendNotLeaderResponses(202)) - 5147d002-be4b-4fe2-a9d1-e346690982a9-PendingRequests: sendNotLeaderResponses
2019-09-19 14:39:18,493 [ForkJoinPool.commonPool-worker-0] INFO  impl.RoleInfo (RoleInfo.java:shutdownLeaderState(104)) - 0a9408fa-2e62-4e77-a585-841a9d73d83b: shutdown LeaderState
2019-09-19 14:39:18,494 [Thread-1328] INFO  impl.StateMachineUpdater (StateMachineUpdater.java:stopAndJoin(115)) - StateMachineUpdater:5147d002-be4b-4fe2-a9d1-e346690982a9:group-799832F63BBE: set stopIndex = 0
2019-09-19 14:39:18,494 [ForkJoinPool.commonPool-worker-0] INFO  impl.PendingRequests (PendingRequests.java:sendNotLeaderResponses(202)) - 0a9408fa-2e62-4e77-a585-841a9d73d83b-PendingRequests: sendNotLeaderResponses
2019-09-19 14:39:18,494 [Thread-1328] INFO  impl.RaftServerImpl (ServerState.java:close(394)) - 5147d002-be4b-4fe2-a9d1-e346690982a9:group-799832F63BBE closes. The last applied log index is 0
2019-09-19 14:39:18,495 [ForkJoinPool.commonPool-worker-0] INFO  impl.StateMachineUpdater (StateMachineUpdater.java:stopAndJoin(115)) - StateMachineUpdater:0a9408fa-2e62-4e77-a585-841a9d73d83b:group-6DD156E496BC: set stopIndex = 0
2019-09-19 14:39:18,495 [5147d002-be4b-4fe2-a9d1-e346690982a9-SegmentedRaftLogWorker:Storage Directory /workdir/hadoop-ozone/ozonefs/target/test-dir/MiniOzoneClusterImpl-67a7c723-2f3b-4843-b7f2-075ee33ae8e7/datanode-1/data/ratis/e8281e89-fe2d-4593-aa38-799832f63bbe] INFO  segmented.SegmentedRaftLogWorker (SegmentedRaftLogWorker.java:run(313)) - 5147d002-be4b-4fe2-a9d1-e346690982a9-SegmentedRaftLogWorker:Storage Directory /workdir/hadoop-ozone/ozonefs/target/test-dir/MiniOzoneClusterImpl-67a7c723-2f3b-4843-b7f2-075ee33ae8e7/datanode-1/data/ratis/e8281e89-fe2d-4593-aa38-799832f63bbe was interrupted, exiting. There are 0 tasks remaining in the queue.
2019-09-19 14:39:18,495 [ForkJoinPool.commonPool-worker-0] INFO  impl.RaftServerImpl (ServerState.java:close(394)) - 0a9408fa-2e62-4e77-a585-841a9d73d83b:group-6DD156E496BC closes. The last applied log index is 0
2019-09-19 14:39:18,496 [Thread-1328] INFO  segmented.SegmentedRaftLogWorker (SegmentedRaftLogWorker.java:close(228)) - 5147d002-be4b-4fe2-a9d1-e346690982a9-SegmentedRaftLogWorker:Storage Directory /workdir/hadoop-ozone/ozonefs/target/test-dir/MiniOzoneClusterImpl-67a7c723-2f3b-4843-b7f2-075ee33ae8e7/datanode-1/data/ratis/e8281e89-fe2d-4593-aa38-799832f63bbe close()
2019-09-19 14:39:18,496 [0a9408fa-2e62-4e77-a585-841a9d73d83b-SegmentedRaftLogWorker:Storage Directory /workdir/hadoop-ozone/ozonefs/target/test-dir/MiniOzoneClusterImpl-67a7c723-2f3b-4843-b7f2-075ee33ae8e7/datanode-0/data/ratis/379ec2fd-57dc-41c8-b74a-6dd156e496bc] INFO  segmented.SegmentedRaftLogWorker (SegmentedRaftLogWorker.java:run(313)) - 0a9408fa-2e62-4e77-a585-841a9d73d83b-SegmentedRaftLogWorker:Storage Directory /workdir/hadoop-ozone/ozonefs/target/test-dir/MiniOzoneClusterImpl-67a7c723-2f3b-4843-b7f2-075ee33ae8e7/datanode-0/data/ratis/379ec2fd-57dc-41c8-b74a-6dd156e496bc was interrupted, exiting. There are 0 tasks remaining in the queue.
2019-09-19 14:39:18,499 [Thread-1328] INFO  impl.RaftServerImpl (RaftServerImpl.java:lambda$shutdown$3(245)) - 5147d002-be4b-4fe2-a9d1-e346690982a9: shutdown group-BE6F72A3F8BE
2019-09-19 14:39:18,499 [ForkJoinPool.commonPool-worker-0] INFO  segmented.SegmentedRaftLogWorker (SegmentedRaftLogWorker.java:close(228)) - 0a9408fa-2e62-4e77-a585-841a9d73d83b-SegmentedRaftLogWorker:Storage Directory /workdir/hadoop-ozone/ozonefs/target/test-dir/MiniOzoneClusterImpl-67a7c723-2f3b-4843-b7f2-075ee33ae8e7/datanode-0/data/ratis/379ec2fd-57dc-41c8-b74a-6dd156e496bc close()
2019-09-19 14:39:18,499 [Thread-1328] INFO  util.JmxRegister (JmxRegister.java:unregister(73)) - Successfully un-registered JMX Bean with object name Ratis:service=RaftServer,group=group-BE6F72A3F8BE,id=5147d002-be4b-4fe2-a9d1-e346690982a9
2019-09-19 14:39:18,501 [ForkJoinPool.commonPool-worker-0] INFO  impl.RaftServerImpl (RaftServerImpl.java:lambda$shutdown$3(245)) - 0a9408fa-2e62-4e77-a585-841a9d73d83b: shutdown group-AEAE162A26CF
2019-09-19 14:39:18,501 [Thread-1328] INFO  impl.RoleInfo (RoleInfo.java:shutdownLeaderState(104)) - 5147d002-be4b-4fe2-a9d1-e346690982a9: shutdown LeaderState
2019-09-19 14:39:18,502 [ForkJoinPool.commonPool-worker-0] INFO  util.JmxRegister (JmxRegister.java:unregister(73)) - Successfully un-registered JMX Bean with object name Ratis:service=RaftServer,group=group-AEAE162A26CF,id=0a9408fa-2e62-4e77-a585-841a9d73d83b
2019-09-19 14:39:18,502 [Thread-1328] INFO  impl.PendingRequests (PendingRequests.java:sendNotLeaderResponses(202)) - 5147d002-be4b-4fe2-a9d1-e346690982a9-PendingRequests: sendNotLeaderResponses
2019-09-19 14:39:18,502 [ForkJoinPool.commonPool-worker-0] INFO  impl.RoleInfo (RoleInfo.java:shutdownLeaderState(104)) - 0a9408fa-2e62-4e77-a585-841a9d73d83b: shutdown LeaderState
2019-09-19 14:39:18,503 [Thread-1328] INFO  impl.StateMachineUpdater (StateMachineUpdater.java:stopAndJoin(115)) - StateMachineUpdater:5147d002-be4b-4fe2-a9d1-e346690982a9:group-BE6F72A3F8BE: set stopIndex = 0
2019-09-19 14:39:18,503 [ForkJoinPool.commonPool-worker-0] INFO  impl.PendingRequests (PendingRequests.java:sendNotLeaderResponses(202)) - 0a9408fa-2e62-4e77-a585-841a9d73d83b-PendingRequests: sendNotLeaderResponses
2019-09-19 14:39:18,503 [Thread-1328] INFO  impl.RaftServerImpl (ServerState.java:close(394)) - 5147d002-be4b-4fe2-a9d1-e346690982a9:group-BE6F72A3F8BE closes. The last applied log index is 0
2019-09-19 14:39:18,504 [ForkJoinPool.commonPool-worker-0] INFO  impl.StateMachineUpdater (StateMachineUpdater.java:stopAndJoin(115)) - StateMachineUpdater:0a9408fa-2e62-4e77-a585-841a9d73d83b:group-AEAE162A26CF: set stopIndex = 0
2019-09-19 14:39:18,504 [5147d002-be4b-4fe2-a9d1-e346690982a9-SegmentedRaftLogWorker:Storage Directory /workdir/hadoop-ozone/ozonefs/target/test-dir/MiniOzoneClusterImpl-67a7c723-2f3b-4843-b7f2-075ee33ae8e7/datanode-1/data/ratis/884e8d8b-3b19-4a66-8139-be6f72a3f8be] INFO  segmented.SegmentedRaftLogWorker (SegmentedRaftLogWorker.java:run(313)) - 5147d002-be4b-4fe2-a9d1-e346690982a9-SegmentedRaftLogWorker:Storage Directory /workdir/hadoop-ozone/ozonefs/target/test-dir/MiniOzoneClusterImpl-67a7c723-2f3b-4843-b7f2-075ee33ae8e7/datanode-1/data/ratis/884e8d8b-3b19-4a66-8139-be6f72a3f8be was interrupted, exiting. There are 0 tasks remaining in the queue.
2019-09-19 14:39:18,504 [ForkJoinPool.commonPool-worker-0] INFO  impl.RaftServerImpl (ServerState.java:close(394)) - 0a9408fa-2e62-4e77-a585-841a9d73d83b:group-AEAE162A26CF closes. The last applied log index is 0
2019-09-19 14:39:18,505 [Thread-1328] INFO  segmented.SegmentedRaftLogWorker (SegmentedRaftLogWorker.java:close(228)) - 5147d002-be4b-4fe2-a9d1-e346690982a9-SegmentedRaftLogWorker:Storage Directory /workdir/hadoop-ozone/ozonefs/target/test-dir/MiniOzoneClusterImpl-67a7c723-2f3b-4843-b7f2-075ee33ae8e7/datanode-1/data/ratis/884e8d8b-3b19-4a66-8139-be6f72a3f8be close()
2019-09-19 14:39:18,505 [0a9408fa-2e62-4e77-a585-841a9d73d83b-SegmentedRaftLogWorker:Storage Directory /workdir/hadoop-ozone/ozonefs/target/test-dir/MiniOzoneClusterImpl-67a7c723-2f3b-4843-b7f2-075ee33ae8e7/datanode-0/data/ratis/bf23c5fb-668a-4327-a458-aeae162a26cf] INFO  segmented.SegmentedRaftLogWorker (SegmentedRaftLogWorker.java:run(313)) - 0a9408fa-2e62-4e77-a585-841a9d73d83b-SegmentedRaftLogWorker:Storage Directory /workdir/hadoop-ozone/ozonefs/target/test-dir/MiniOzoneClusterImpl-67a7c723-2f3b-4843-b7f2-075ee33ae8e7/datanode-0/data/ratis/bf23c5fb-668a-4327-a458-aeae162a26cf was interrupted, exiting. There are 0 tasks remaining in the queue.
2019-09-19 14:39:18,507 [Thread-1328] INFO  impl.RaftServerImpl (RaftServerImpl.java:lambda$shutdown$3(245)) - 5147d002-be4b-4fe2-a9d1-e346690982a9: shutdown group-27BC56759BB1
2019-09-19 14:39:18,507 [ForkJoinPool.commonPool-worker-0] INFO  segmented.SegmentedRaftLogWorker (SegmentedRaftLogWorker.java:close(228)) - 0a9408fa-2e62-4e77-a585-841a9d73d83b-SegmentedRaftLogWorker:Storage Directory /workdir/hadoop-ozone/ozonefs/target/test-dir/MiniOzoneClusterImpl-67a7c723-2f3b-4843-b7f2-075ee33ae8e7/datanode-0/data/ratis/bf23c5fb-668a-4327-a458-aeae162a26cf close()
2019-09-19 14:39:18,507 [Thread-1328] INFO  util.JmxRegister (JmxRegister.java:unregister(73)) - Successfully un-registered JMX Bean with object name Ratis:service=RaftServer,group=group-27BC56759BB1,id=5147d002-be4b-4fe2-a9d1-e346690982a9
2019-09-19 14:39:18,509 [ForkJoinPool.commonPool-worker-0] INFO  impl.RaftServerImpl (RaftServerImpl.java:lambda$shutdown$3(245)) - 0a9408fa-2e62-4e77-a585-841a9d73d83b: shutdown group-AE5D0BF55BB2
2019-09-19 14:39:18,509 [Thread-1328] INFO  impl.RoleInfo (RoleInfo.java:shutdownLeaderState(104)) - 5147d002-be4b-4fe2-a9d1-e346690982a9: shutdown LeaderState
2019-09-19 14:39:18,509 [ForkJoinPool.commonPool-worker-0] INFO  util.JmxRegister (JmxRegister.java:unregister(73)) - Successfully un-registered JMX Bean with object name Ratis:service=RaftServer,group=group-AE5D0BF55BB2,id=0a9408fa-2e62-4e77-a585-841a9d73d83b
2019-09-19 14:39:18,510 [Thread-1328] INFO  impl.PendingRequests (PendingRequests.java:sendNotLeaderResponses(202)) - 5147d002-be4b-4fe2-a9d1-e346690982a9-PendingRequests: sendNotLeaderResponses
2019-09-19 14:39:18,510 [ForkJoinPool.commonPool-worker-0] INFO  impl.RoleInfo (RoleInfo.java:shutdownLeaderState(104)) - 0a9408fa-2e62-4e77-a585-841a9d73d83b: shutdown LeaderState
2019-09-19 14:39:18,510 [Thread-1328] INFO  impl.StateMachineUpdater (StateMachineUpdater.java:stopAndJoin(115)) - StateMachineUpdater:5147d002-be4b-4fe2-a9d1-e346690982a9:group-27BC56759BB1: set stopIndex = 0
2019-09-19 14:39:18,511 [ForkJoinPool.commonPool-worker-0] INFO  impl.PendingRequests (PendingRequests.java:sendNotLeaderResponses(202)) - 0a9408fa-2e62-4e77-a585-841a9d73d83b-PendingRequests: sendNotLeaderResponses
2019-09-19 14:39:18,511 [Thread-1328] INFO  impl.RaftServerImpl (ServerState.java:close(394)) - 5147d002-be4b-4fe2-a9d1-e346690982a9:group-27BC56759BB1 closes. The last applied log index is 0
2019-09-19 14:39:18,511 [ForkJoinPool.commonPool-worker-0] INFO  impl.StateMachineUpdater (StateMachineUpdater.java:stopAndJoin(115)) - StateMachineUpdater:0a9408fa-2e62-4e77-a585-841a9d73d83b:group-AE5D0BF55BB2: set stopIndex = 0
2019-09-19 14:39:18,512 [5147d002-be4b-4fe2-a9d1-e346690982a9-SegmentedRaftLogWorker:Storage Directory /workdir/hadoop-ozone/ozonefs/target/test-dir/MiniOzoneClusterImpl-67a7c723-2f3b-4843-b7f2-075ee33ae8e7/datanode-1/data/ratis/f292ba21-8c96-4f83-821d-27bc56759bb1] INFO  segmented.SegmentedRaftLogWorker (SegmentedRaftLogWorker.java:run(313)) - 5147d002-be4b-4fe2-a9d1-e346690982a9-SegmentedRaftLogWorker:Storage Directory /workdir/hadoop-ozone/ozonefs/target/test-dir/MiniOzoneClusterImpl-67a7c723-2f3b-4843-b7f2-075ee33ae8e7/datanode-1/data/ratis/f292ba21-8c96-4f83-821d-27bc56759bb1 was interrupted, exiting. There are 0 tasks remaining in the queue.
2019-09-19 14:39:18,512 [ForkJoinPool.commonPool-worker-0] INFO  impl.RaftServerImpl (ServerState.java:close(394)) - 0a9408fa-2e62-4e77-a585-841a9d73d83b:group-AE5D0BF55BB2 closes. The last applied log index is 0
2019-09-19 14:39:18,512 [Thread-1328] INFO  segmented.SegmentedRaftLogWorker (SegmentedRaftLogWorker.java:close(228)) - 5147d002-be4b-4fe2-a9d1-e346690982a9-SegmentedRaftLogWorker:Storage Directory /workdir/hadoop-ozone/ozonefs/target/test-dir/MiniOzoneClusterImpl-67a7c723-2f3b-4843-b7f2-075ee33ae8e7/datanode-1/data/ratis/f292ba21-8c96-4f83-821d-27bc56759bb1 close()
2019-09-19 14:39:18,512 [0a9408fa-2e62-4e77-a585-841a9d73d83b-SegmentedRaftLogWorker:Storage Directory /workdir/hadoop-ozone/ozonefs/target/test-dir/MiniOzoneClusterImpl-67a7c723-2f3b-4843-b7f2-075ee33ae8e7/datanode-0/data/ratis/6e1c3963-1c4f-4e83-b81e-ae5d0bf55bb2] INFO  segmented.SegmentedRaftLogWorker (SegmentedRaftLogWorker.java:run(313)) - 0a9408fa-2e62-4e77-a585-841a9d73d83b-SegmentedRaftLogWorker:Storage Directory /workdir/hadoop-ozone/ozonefs/target/test-dir/MiniOzoneClusterImpl-67a7c723-2f3b-4843-b7f2-075ee33ae8e7/datanode-0/data/ratis/6e1c3963-1c4f-4e83-b81e-ae5d0bf55bb2 was interrupted, exiting. There are 0 tasks remaining in the queue.
2019-09-19 14:39:18,514 [Thread-1328] INFO  impl.RaftServerImpl (RaftServerImpl.java:lambda$shutdown$3(245)) - 5147d002-be4b-4fe2-a9d1-e346690982a9: shutdown group-CEB12BB9C3AB
2019-09-19 14:39:18,514 [ForkJoinPool.commonPool-worker-0] INFO  segmented.SegmentedRaftLogWorker (SegmentedRaftLogWorker.java:close(228)) - 0a9408fa-2e62-4e77-a585-841a9d73d83b-SegmentedRaftLogWorker:Storage Directory /workdir/hadoop-ozone/ozonefs/target/test-dir/MiniOzoneClusterImpl-67a7c723-2f3b-4843-b7f2-075ee33ae8e7/datanode-0/data/ratis/6e1c3963-1c4f-4e83-b81e-ae5d0bf55bb2 close()
2019-09-19 14:39:18,515 [Thread-1328] INFO  util.JmxRegister (JmxRegister.java:unregister(73)) - Successfully un-registered JMX Bean with object name Ratis:service=RaftServer,group=group-CEB12BB9C3AB,id=5147d002-be4b-4fe2-a9d1-e346690982a9
2019-09-19 14:39:18,516 [ForkJoinPool.commonPool-worker-0] INFO  impl.RaftServerImpl (RaftServerImpl.java:lambda$shutdown$3(245)) - 0a9408fa-2e62-4e77-a585-841a9d73d83b: shutdown group-38FDC004647F
2019-09-19 14:39:18,517 [Thread-1328] INFO  impl.RoleInfo (RoleInfo.java:shutdownLeaderState(104)) - 5147d002-be4b-4fe2-a9d1-e346690982a9: shutdown LeaderState
2019-09-19 14:39:18,517 [ForkJoinPool.commonPool-worker-0] INFO  util.JmxRegister (JmxRegister.java:unregister(73)) - Successfully un-registered JMX Bean with object name Ratis:service=RaftServer,group=group-38FDC004647F,id=0a9408fa-2e62-4e77-a585-841a9d73d83b
2019-09-19 14:39:18,517 [Thread-1328] INFO  impl.PendingRequests (PendingRequests.java:sendNotLeaderResponses(202)) - 5147d002-be4b-4fe2-a9d1-e346690982a9-PendingRequests: sendNotLeaderResponses
2019-09-19 14:39:18,517 [ForkJoinPool.commonPool-worker-0] INFO  impl.RoleInfo (RoleInfo.java:shutdownLeaderState(104)) - 0a9408fa-2e62-4e77-a585-841a9d73d83b: shutdown LeaderState
2019-09-19 14:39:18,518 [Thread-1328] INFO  impl.StateMachineUpdater (StateMachineUpdater.java:stopAndJoin(115)) - StateMachineUpdater:5147d002-be4b-4fe2-a9d1-e346690982a9:group-CEB12BB9C3AB: set stopIndex = 0
2019-09-19 14:39:18,518 [ForkJoinPool.commonPool-worker-0] INFO  impl.PendingRequests (PendingRequests.java:sendNotLeaderResponses(202)) - 0a9408fa-2e62-4e77-a585-841a9d73d83b-PendingRequests: sendNotLeaderResponses
2019-09-19 14:39:18,518 [Thread-1328] INFO  impl.RaftServerImpl (ServerState.java:close(394)) - 5147d002-be4b-4fe2-a9d1-e346690982a9:group-CEB12BB9C3AB closes. The last applied log index is 0
2019-09-19 14:39:18,519 [ForkJoinPool.commonPool-worker-0] INFO  impl.StateMachineUpdater (StateMachineUpdater.java:stopAndJoin(115)) - StateMachineUpdater:0a9408fa-2e62-4e77-a585-841a9d73d83b:group-38FDC004647F: set stopIndex = 0
2019-09-19 14:39:18,519 [5147d002-be4b-4fe2-a9d1-e346690982a9-SegmentedRaftLogWorker:Storage Directory /workdir/hadoop-ozone/ozonefs/target/test-dir/MiniOzoneClusterImpl-67a7c723-2f3b-4843-b7f2-075ee33ae8e7/datanode-1/data/ratis/800129f8-6aea-4ebb-bc68-ceb12bb9c3ab] INFO  segmented.SegmentedRaftLogWorker (SegmentedRaftLogWorker.java:run(313)) - 5147d002-be4b-4fe2-a9d1-e346690982a9-SegmentedRaftLogWorker:Storage Directory /workdir/hadoop-ozone/ozonefs/target/test-dir/MiniOzoneClusterImpl-67a7c723-2f3b-4843-b7f2-075ee33ae8e7/datanode-1/data/ratis/800129f8-6aea-4ebb-bc68-ceb12bb9c3ab was interrupted, exiting. There are 0 tasks remaining in the queue.
2019-09-19 14:39:18,519 [ForkJoinPool.commonPool-worker-0] INFO  impl.RaftServerImpl (ServerState.java:close(394)) - 0a9408fa-2e62-4e77-a585-841a9d73d83b:group-38FDC004647F closes. The last applied log index is 0
2019-09-19 14:39:18,519 [Thread-1328] INFO  segmented.SegmentedRaftLogWorker (SegmentedRaftLogWorker.java:close(228)) - 5147d002-be4b-4fe2-a9d1-e346690982a9-SegmentedRaftLogWorker:Storage Directory /workdir/hadoop-ozone/ozonefs/target/test-dir/MiniOzoneClusterImpl-67a7c723-2f3b-4843-b7f2-075ee33ae8e7/datanode-1/data/ratis/800129f8-6aea-4ebb-bc68-ceb12bb9c3ab close()
2019-09-19 14:39:18,520 [0a9408fa-2e62-4e77-a585-841a9d73d83b-SegmentedRaftLogWorker:Storage Directory /workdir/hadoop-ozone/ozonefs/target/test-dir/MiniOzoneClusterImpl-67a7c723-2f3b-4843-b7f2-075ee33ae8e7/datanode-0/data/ratis/dc6628c7-1f85-4e56-a623-38fdc004647f] INFO  segmented.SegmentedRaftLogWorker (SegmentedRaftLogWorker.java:run(313)) - 0a9408fa-2e62-4e77-a585-841a9d73d83b-SegmentedRaftLogWorker:Storage Directory /workdir/hadoop-ozone/ozonefs/target/test-dir/MiniOzoneClusterImpl-67a7c723-2f3b-4843-b7f2-075ee33ae8e7/datanode-0/data/ratis/dc6628c7-1f85-4e56-a623-38fdc004647f was interrupted, exiting. There are 0 tasks remaining in the queue.
2019-09-19 14:39:18,521 [Thread-1328] INFO  impl.RaftServerImpl (RaftServerImpl.java:lambda$shutdown$3(245)) - 5147d002-be4b-4fe2-a9d1-e346690982a9: shutdown group-1C06FCE453BF
2019-09-19 14:39:18,522 [ForkJoinPool.commonPool-worker-0] INFO  segmented.SegmentedRaftLogWorker (SegmentedRaftLogWorker.java:close(228)) - 0a9408fa-2e62-4e77-a585-841a9d73d83b-SegmentedRaftLogWorker:Storage Directory /workdir/hadoop-ozone/ozonefs/target/test-dir/MiniOzoneClusterImpl-67a7c723-2f3b-4843-b7f2-075ee33ae8e7/datanode-0/data/ratis/dc6628c7-1f85-4e56-a623-38fdc004647f close()
2019-09-19 14:39:18,522 [Thread-1328] INFO  util.JmxRegister (JmxRegister.java:unregister(73)) - Successfully un-registered JMX Bean with object name Ratis:service=RaftServer,group=group-1C06FCE453BF,id=5147d002-be4b-4fe2-a9d1-e346690982a9
2019-09-19 14:39:18,524 [ForkJoinPool.commonPool-worker-0] INFO  impl.RaftServerImpl (RaftServerImpl.java:lambda$shutdown$3(245)) - 0a9408fa-2e62-4e77-a585-841a9d73d83b: shutdown group-8F2F37E07A7A
2019-09-19 14:39:18,524 [Thread-1328] INFO  impl.RoleInfo (RoleInfo.java:shutdownLeaderState(104)) - 5147d002-be4b-4fe2-a9d1-e346690982a9: shutdown LeaderState
2019-09-19 14:39:18,524 [ForkJoinPool.commonPool-worker-0] INFO  util.JmxRegister (JmxRegister.java:unregister(73)) - Successfully un-registered JMX Bean with object name Ratis:service=RaftServer,group=group-8F2F37E07A7A,id=0a9408fa-2e62-4e77-a585-841a9d73d83b
2019-09-19 14:39:18,524 [Thread-1328] INFO  impl.PendingRequests (PendingRequests.java:sendNotLeaderResponses(202)) - 5147d002-be4b-4fe2-a9d1-e346690982a9-PendingRequests: sendNotLeaderResponses
2019-09-19 14:39:18,525 [ForkJoinPool.commonPool-worker-0] INFO  impl.RoleInfo (RoleInfo.java:shutdownLeaderState(104)) - 0a9408fa-2e62-4e77-a585-841a9d73d83b: shutdown LeaderState
2019-09-19 14:39:18,525 [Thread-1328] INFO  impl.StateMachineUpdater (StateMachineUpdater.java:stopAndJoin(115)) - StateMachineUpdater:5147d002-be4b-4fe2-a9d1-e346690982a9:group-1C06FCE453BF: set stopIndex = 0
2019-09-19 14:39:18,525 [ForkJoinPool.commonPool-worker-0] INFO  impl.PendingRequests (PendingRequests.java:sendNotLeaderResponses(202)) - 0a9408fa-2e62-4e77-a585-841a9d73d83b-PendingRequests: sendNotLeaderResponses
2019-09-19 14:39:18,526 [Thread-1328] INFO  impl.RaftServerImpl (ServerState.java:close(394)) - 5147d002-be4b-4fe2-a9d1-e346690982a9:group-1C06FCE453BF closes. The last applied log index is 0
2019-09-19 14:39:18,526 [ForkJoinPool.commonPool-worker-0] INFO  impl.StateMachineUpdater (StateMachineUpdater.java:stopAndJoin(115)) - StateMachineUpdater:0a9408fa-2e62-4e77-a585-841a9d73d83b:group-8F2F37E07A7A: set stopIndex = 0
2019-09-19 14:39:18,526 [5147d002-be4b-4fe2-a9d1-e346690982a9-SegmentedRaftLogWorker:Storage Directory /workdir/hadoop-ozone/ozonefs/target/test-dir/MiniOzoneClusterImpl-67a7c723-2f3b-4843-b7f2-075ee33ae8e7/datanode-1/data/ratis/b362d34b-6d34-4917-83af-1c06fce453bf] INFO  segmented.SegmentedRaftLogWorker (SegmentedRaftLogWorker.java:run(313)) - 5147d002-be4b-4fe2-a9d1-e346690982a9-SegmentedRaftLogWorker:Storage Directory /workdir/hadoop-ozone/ozonefs/target/test-dir/MiniOzoneClusterImpl-67a7c723-2f3b-4843-b7f2-075ee33ae8e7/datanode-1/data/ratis/b362d34b-6d34-4917-83af-1c06fce453bf was interrupted, exiting. There are 0 tasks remaining in the queue.
2019-09-19 14:39:18,526 [ForkJoinPool.commonPool-worker-0] INFO  impl.RaftServerImpl (ServerState.java:close(394)) - 0a9408fa-2e62-4e77-a585-841a9d73d83b:group-8F2F37E07A7A closes. The last applied log index is 0
2019-09-19 14:39:18,527 [Thread-1328] INFO  segmented.SegmentedRaftLogWorker (SegmentedRaftLogWorker.java:close(228)) - 5147d002-be4b-4fe2-a9d1-e346690982a9-SegmentedRaftLogWorker:Storage Directory /workdir/hadoop-ozone/ozonefs/target/test-dir/MiniOzoneClusterImpl-67a7c723-2f3b-4843-b7f2-075ee33ae8e7/datanode-1/data/ratis/b362d34b-6d34-4917-83af-1c06fce453bf close()
2019-09-19 14:39:18,527 [0a9408fa-2e62-4e77-a585-841a9d73d83b-SegmentedRaftLogWorker:Storage Directory /workdir/hadoop-ozone/ozonefs/target/test-dir/MiniOzoneClusterImpl-67a7c723-2f3b-4843-b7f2-075ee33ae8e7/datanode-0/data/ratis/e0de4359-f325-4165-8a70-8f2f37e07a7a] INFO  segmented.SegmentedRaftLogWorker (SegmentedRaftLogWorker.java:run(313)) - 0a9408fa-2e62-4e77-a585-841a9d73d83b-SegmentedRaftLogWorker:Storage Directory /workdir/hadoop-ozone/ozonefs/target/test-dir/MiniOzoneClusterImpl-67a7c723-2f3b-4843-b7f2-075ee33ae8e7/datanode-0/data/ratis/e0de4359-f325-4165-8a70-8f2f37e07a7a was interrupted, exiting. There are 0 tasks remaining in the queue.
2019-09-19 14:39:18,529 [Thread-1328] INFO  impl.RaftServerImpl (RaftServerImpl.java:lambda$shutdown$3(245)) - 5147d002-be4b-4fe2-a9d1-e346690982a9: shutdown group-A10512F7D20B
2019-09-19 14:39:18,529 [ForkJoinPool.commonPool-worker-0] INFO  segmented.SegmentedRaftLogWorker (SegmentedRaftLogWorker.java:close(228)) - 0a9408fa-2e62-4e77-a585-841a9d73d83b-SegmentedRaftLogWorker:Storage Directory /workdir/hadoop-ozone/ozonefs/target/test-dir/MiniOzoneClusterImpl-67a7c723-2f3b-4843-b7f2-075ee33ae8e7/datanode-0/data/ratis/e0de4359-f325-4165-8a70-8f2f37e07a7a close()
2019-09-19 14:39:18,529 [Thread-1328] INFO  util.JmxRegister (JmxRegister.java:unregister(73)) - Successfully un-registered JMX Bean with object name Ratis:service=RaftServer,group=group-A10512F7D20B,id=5147d002-be4b-4fe2-a9d1-e346690982a9
2019-09-19 14:39:18,531 [ForkJoinPool.commonPool-worker-0] INFO  impl.RaftServerImpl (RaftServerImpl.java:lambda$shutdown$3(245)) - 0a9408fa-2e62-4e77-a585-841a9d73d83b: shutdown group-2E12429EB186
2019-09-19 14:39:18,531 [Thread-1328] INFO  impl.RoleInfo (RoleInfo.java:shutdownLeaderState(104)) - 5147d002-be4b-4fe2-a9d1-e346690982a9: shutdown LeaderState
2019-09-19 14:39:18,531 [ForkJoinPool.commonPool-worker-0] INFO  util.JmxRegister (JmxRegister.java:unregister(73)) - Successfully un-registered JMX Bean with object name Ratis:service=RaftServer,group=group-2E12429EB186,id=0a9408fa-2e62-4e77-a585-841a9d73d83b
2019-09-19 14:39:18,532 [Thread-1328] INFO  impl.PendingRequests (PendingRequests.java:sendNotLeaderResponses(202)) - 5147d002-be4b-4fe2-a9d1-e346690982a9-PendingRequests: sendNotLeaderResponses
2019-09-19 14:39:18,532 [ForkJoinPool.commonPool-worker-0] INFO  impl.RoleInfo (RoleInfo.java:shutdownLeaderState(104)) - 0a9408fa-2e62-4e77-a585-841a9d73d83b: shutdown LeaderState
2019-09-19 14:39:18,532 [Thread-1328] INFO  impl.StateMachineUpdater (StateMachineUpdater.java:stopAndJoin(115)) - StateMachineUpdater:5147d002-be4b-4fe2-a9d1-e346690982a9:group-A10512F7D20B: set stopIndex = 0
2019-09-19 14:39:18,533 [Thread-1328] INFO  impl.RaftServerImpl (ServerState.java:close(394)) - 5147d002-be4b-4fe2-a9d1-e346690982a9:group-A10512F7D20B closes. The last applied log index is 0
2019-09-19 14:39:18,533 [ForkJoinPool.commonPool-worker-0] INFO  impl.PendingRequests (PendingRequests.java:sendNotLeaderResponses(202)) - 0a9408fa-2e62-4e77-a585-841a9d73d83b-PendingRequests: sendNotLeaderResponses
2019-09-19 14:39:18,533 [5147d002-be4b-4fe2-a9d1-e346690982a9-SegmentedRaftLogWorker:Storage Directory /workdir/hadoop-ozone/ozonefs/target/test-dir/MiniOzoneClusterImpl-67a7c723-2f3b-4843-b7f2-075ee33ae8e7/datanode-1/data/ratis/da2dc3be-858f-4d01-b4da-a10512f7d20b] INFO  segmented.SegmentedRaftLogWorker (SegmentedRaftLogWorker.java:run(313)) - 5147d002-be4b-4fe2-a9d1-e346690982a9-SegmentedRaftLogWorker:Storage Directory /workdir/hadoop-ozone/ozonefs/target/test-dir/MiniOzoneClusterImpl-67a7c723-2f3b-4843-b7f2-075ee33ae8e7/datanode-1/data/ratis/da2dc3be-858f-4d01-b4da-a10512f7d20b was interrupted, exiting. There are 0 tasks remaining in the queue.
2019-09-19 14:39:18,534 [ForkJoinPool.commonPool-worker-0] INFO  impl.StateMachineUpdater (StateMachineUpdater.java:stopAndJoin(115)) - StateMachineUpdater:0a9408fa-2e62-4e77-a585-841a9d73d83b:group-2E12429EB186: set stopIndex = 0
2019-09-19 14:39:18,534 [Thread-1328] INFO  segmented.SegmentedRaftLogWorker (SegmentedRaftLogWorker.java:close(228)) - 5147d002-be4b-4fe2-a9d1-e346690982a9-SegmentedRaftLogWorker:Storage Directory /workdir/hadoop-ozone/ozonefs/target/test-dir/MiniOzoneClusterImpl-67a7c723-2f3b-4843-b7f2-075ee33ae8e7/datanode-1/data/ratis/da2dc3be-858f-4d01-b4da-a10512f7d20b close()
2019-09-19 14:39:18,534 [ForkJoinPool.commonPool-worker-0] INFO  impl.RaftServerImpl (ServerState.java:close(394)) - 0a9408fa-2e62-4e77-a585-841a9d73d83b:group-2E12429EB186 closes. The last applied log index is 0
2019-09-19 14:39:18,536 [Thread-1328] INFO  server.GrpcService (GrpcService.java:closeImpl(155)) - 5147d002-be4b-4fe2-a9d1-e346690982a9: shutdown server with port 37174 now
2019-09-19 14:39:18,536 [0a9408fa-2e62-4e77-a585-841a9d73d83b-SegmentedRaftLogWorker:Storage Directory /workdir/hadoop-ozone/ozonefs/target/test-dir/MiniOzoneClusterImpl-67a7c723-2f3b-4843-b7f2-075ee33ae8e7/datanode-0/data/ratis/87102604-4168-4d40-8a5b-2e12429eb186] INFO  segmented.SegmentedRaftLogWorker (SegmentedRaftLogWorker.java:run(313)) - 0a9408fa-2e62-4e77-a585-841a9d73d83b-SegmentedRaftLogWorker:Storage Directory /workdir/hadoop-ozone/ozonefs/target/test-dir/MiniOzoneClusterImpl-67a7c723-2f3b-4843-b7f2-075ee33ae8e7/datanode-0/data/ratis/87102604-4168-4d40-8a5b-2e12429eb186 was interrupted, exiting. There are 0 tasks remaining in the queue.
2019-09-19 14:39:18,537 [ForkJoinPool.commonPool-worker-0] INFO  segmented.SegmentedRaftLogWorker (SegmentedRaftLogWorker.java:close(228)) - 0a9408fa-2e62-4e77-a585-841a9d73d83b-SegmentedRaftLogWorker:Storage Directory /workdir/hadoop-ozone/ozonefs/target/test-dir/MiniOzoneClusterImpl-67a7c723-2f3b-4843-b7f2-075ee33ae8e7/datanode-0/data/ratis/87102604-4168-4d40-8a5b-2e12429eb186 close()
2019-09-19 14:39:18,538 [Thread-1328] INFO  server.GrpcService (GrpcService.java:closeImpl(163)) - 5147d002-be4b-4fe2-a9d1-e346690982a9: shutdown server with port 37174 successfully
2019-09-19 14:39:18,540 [ForkJoinPool.commonPool-worker-0] INFO  server.GrpcService (GrpcService.java:closeImpl(155)) - 0a9408fa-2e62-4e77-a585-841a9d73d83b: shutdown server with port 39372 now
2019-09-19 14:39:18,542 [ForkJoinPool.commonPool-worker-0] INFO  server.GrpcService (GrpcService.java:closeImpl(163)) - 0a9408fa-2e62-4e77-a585-841a9d73d83b: shutdown server with port 39372 successfully
2019-09-19 14:39:18,544 [ForkJoinPool.commonPool-worker-0] INFO  utils.BackgroundService (BackgroundService.java:shutdown(148)) - Shutting down service BlockDeletingService
2019-09-19 14:39:18,546 [refreshUsed-/workdir/hadoop-ozone/ozonefs/target/test-dir/MiniOzoneClusterImpl-67a7c723-2f3b-4843-b7f2-075ee33ae8e7/datanode-0/data/containers] WARN  fs.CachingGetSpaceUsed (CachingGetSpaceUsed.java:run(183)) - Thread Interrupted waiting to refresh disk information: sleep interrupted
2019-09-19 14:39:18,549 [Thread-1328] INFO  utils.BackgroundService (BackgroundService.java:shutdown(148)) - Shutting down service BlockDeletingService
2019-09-19 14:39:18,553 [refreshUsed-/workdir/hadoop-ozone/ozonefs/target/test-dir/MiniOzoneClusterImpl-67a7c723-2f3b-4843-b7f2-075ee33ae8e7/datanode-1/data/containers] WARN  fs.CachingGetSpaceUsed (CachingGetSpaceUsed.java:run(183)) - Thread Interrupted waiting to refresh disk information: sleep interrupted
2019-09-19 14:39:18,585 [ForkJoinPool.commonPool-worker-0] INFO  statemachine.DatanodeStateMachine (DatanodeStateMachine.java:stopDaemon(395)) - Ozone container server stopped.
2019-09-19 14:39:18,586 [Thread-1328] INFO  statemachine.DatanodeStateMachine (DatanodeStateMachine.java:stopDaemon(395)) - Ozone container server stopped.
2019-09-19 14:39:18,590 [ForkJoinPool.commonPool-worker-0] INFO  handler.ContextHandler (ContextHandler.java:doStop(910)) - Stopped o.e.j.w.WebAppContext@433f6bf8{/,null,UNAVAILABLE}{/hddsDatanode}
2019-09-19 14:39:18,590 [Thread-1328] INFO  handler.ContextHandler (ContextHandler.java:doStop(910)) - Stopped o.e.j.w.WebAppContext@36cc37a6{/,null,UNAVAILABLE}{/hddsDatanode}
2019-09-19 14:39:18,591 [ForkJoinPool.commonPool-worker-0] INFO  server.AbstractConnector (AbstractConnector.java:doStop(318)) - Stopped ServerConnector@4f3287d{HTTP/1.1,[http/1.1]}{0.0.0.0:0}
2019-09-19 14:39:18,591 [Thread-1328] INFO  server.AbstractConnector (AbstractConnector.java:doStop(318)) - Stopped ServerConnector@16a04265{HTTP/1.1,[http/1.1]}{0.0.0.0:0}
2019-09-19 14:39:18,594 [ForkJoinPool.commonPool-worker-0] INFO  handler.ContextHandler (ContextHandler.java:doStop(910)) - Stopped o.e.j.s.ServletContextHandler@cf374bf{/static,jar:file:/home/user/.m2/repository/org/apache/hadoop/hadoop-hdds-container-service/0.5.0-SNAPSHOT/hadoop-hdds-container-service-0.5.0-SNAPSHOT.jar!/webapps/static,UNAVAILABLE}
2019-09-19 14:39:18,594 [Thread-1328] INFO  handler.ContextHandler (ContextHandler.java:doStop(910)) - Stopped o.e.j.s.ServletContextHandler@21266303{/static,jar:file:/home/user/.m2/repository/org/apache/hadoop/hadoop-hdds-container-service/0.5.0-SNAPSHOT/hadoop-hdds-container-service-0.5.0-SNAPSHOT.jar!/webapps/static,UNAVAILABLE}
2019-09-19 14:39:18,594 [ForkJoinPool.commonPool-worker-0] INFO  handler.ContextHandler (ContextHandler.java:doStop(910)) - Stopped o.e.j.s.ServletContextHandler@2d6e3317{/logs,file:///workdir/hadoop-ozone/ozonefs/target/log,UNAVAILABLE}
2019-09-19 14:39:18,594 [Thread-1328] INFO  handler.ContextHandler (ContextHandler.java:doStop(910)) - Stopped o.e.j.s.ServletContextHandler@bb5cc50{/logs,file:///workdir/hadoop-ozone/ozonefs/target/log,UNAVAILABLE}
2019-09-19 14:39:18,596 [ForkJoinPool.commonPool-worker-0] INFO  datanode.ObjectStoreHandler (ObjectStoreHandler.java:close(155)) - Closing ObjectStoreHandler.
2019-09-19 14:39:18,596 [ForkJoinPool.commonPool-worker-0] INFO  ozone.HddsDatanodeService (HddsDatanodeService.java:stop(451)) - Stopped plug-in org.apache.hadoop.ozone.web.OzoneHddsDatanodeService@2e27c0e3
2019-09-19 14:39:19,311 [Datanode State Machine Thread - 0] INFO  statemachine.DatanodeStateMachine (DatanodeStateMachine.java:lambda$startDaemon$0(350)) - Ozone container server started.
2019-09-19 14:39:23,597 [ForkJoinPool.commonPool-worker-0] INFO  ozoneimpl.OzoneContainer (OzoneContainer.java:stop(199)) - Attempting to stop container services.
2019-09-19 14:39:23,598 [ForkJoinPool.commonPool-worker-0] INFO  impl.RaftServerProxy (RaftServerProxy.java:lambda$close$4(314)) - d7fb301a-31fb-49ad-b00e-9dfe8c13a3d5: close
2019-09-19 14:39:23,598 [ForkJoinPool.commonPool-worker-0] INFO  impl.RaftServerImpl (RaftServerImpl.java:lambda$shutdown$3(245)) - d7fb301a-31fb-49ad-b00e-9dfe8c13a3d5: shutdown group-5D2625AA4131
2019-09-19 14:39:23,599 [ForkJoinPool.commonPool-worker-0] INFO  util.JmxRegister (JmxRegister.java:unregister(73)) - Successfully un-registered JMX Bean with object name Ratis:service=RaftServer,group=group-5D2625AA4131,id=d7fb301a-31fb-49ad-b00e-9dfe8c13a3d5
2019-09-19 14:39:23,599 [ForkJoinPool.commonPool-worker-0] INFO  impl.RoleInfo (RoleInfo.java:shutdownLeaderState(104)) - d7fb301a-31fb-49ad-b00e-9dfe8c13a3d5: shutdown LeaderState
2019-09-19 14:39:23,599 [ForkJoinPool.commonPool-worker-0] INFO  impl.PendingRequests (PendingRequests.java:sendNotLeaderResponses(202)) - d7fb301a-31fb-49ad-b00e-9dfe8c13a3d5-PendingRequests: sendNotLeaderResponses
2019-09-19 14:39:23,600 [ForkJoinPool.commonPool-worker-0] INFO  impl.StateMachineUpdater (StateMachineUpdater.java:stopAndJoin(115)) - StateMachineUpdater:d7fb301a-31fb-49ad-b00e-9dfe8c13a3d5:group-5D2625AA4131: set stopIndex = 0
2019-09-19 14:39:23,600 [ForkJoinPool.commonPool-worker-0] INFO  impl.RaftServerImpl (ServerState.java:close(394)) - d7fb301a-31fb-49ad-b00e-9dfe8c13a3d5:group-5D2625AA4131 closes. The last applied log index is 0
2019-09-19 14:39:23,601 [d7fb301a-31fb-49ad-b00e-9dfe8c13a3d5-SegmentedRaftLogWorker:Storage Directory /workdir/hadoop-ozone/ozonefs/target/test-dir/MiniOzoneClusterImpl-67a7c723-2f3b-4843-b7f2-075ee33ae8e7/datanode-2/data/ratis/0dacd765-58c5-4826-8826-5d2625aa4131] INFO  segmented.SegmentedRaftLogWorker (SegmentedRaftLogWorker.java:run(313)) - d7fb301a-31fb-49ad-b00e-9dfe8c13a3d5-SegmentedRaftLogWorker:Storage Directory /workdir/hadoop-ozone/ozonefs/target/test-dir/MiniOzoneClusterImpl-67a7c723-2f3b-4843-b7f2-075ee33ae8e7/datanode-2/data/ratis/0dacd765-58c5-4826-8826-5d2625aa4131 was interrupted, exiting. There are 0 tasks remaining in the queue.
2019-09-19 14:39:23,605 [ForkJoinPool.commonPool-worker-0] INFO  segmented.SegmentedRaftLogWorker (SegmentedRaftLogWorker.java:close(228)) - d7fb301a-31fb-49ad-b00e-9dfe8c13a3d5-SegmentedRaftLogWorker:Storage Directory /workdir/hadoop-ozone/ozonefs/target/test-dir/MiniOzoneClusterImpl-67a7c723-2f3b-4843-b7f2-075ee33ae8e7/datanode-2/data/ratis/0dacd765-58c5-4826-8826-5d2625aa4131 close()
2019-09-19 14:39:23,608 [ForkJoinPool.commonPool-worker-0] INFO  impl.RaftServerImpl (RaftServerImpl.java:lambda$shutdown$3(245)) - d7fb301a-31fb-49ad-b00e-9dfe8c13a3d5: shutdown group-727BCFC6822C
2019-09-19 14:39:23,608 [ForkJoinPool.commonPool-worker-0] INFO  util.JmxRegister (JmxRegister.java:unregister(73)) - Successfully un-registered JMX Bean with object name Ratis:service=RaftServer,group=group-727BCFC6822C,id=d7fb301a-31fb-49ad-b00e-9dfe8c13a3d5
2019-09-19 14:39:23,609 [ForkJoinPool.commonPool-worker-0] INFO  impl.RoleInfo (RoleInfo.java:shutdownLeaderState(104)) - d7fb301a-31fb-49ad-b00e-9dfe8c13a3d5: shutdown LeaderState
2019-09-19 14:39:23,609 [ForkJoinPool.commonPool-worker-0] INFO  impl.PendingRequests (PendingRequests.java:sendNotLeaderResponses(202)) - d7fb301a-31fb-49ad-b00e-9dfe8c13a3d5-PendingRequests: sendNotLeaderResponses
2019-09-19 14:39:23,609 [ForkJoinPool.commonPool-worker-0] INFO  impl.StateMachineUpdater (StateMachineUpdater.java:stopAndJoin(115)) - StateMachineUpdater:d7fb301a-31fb-49ad-b00e-9dfe8c13a3d5:group-727BCFC6822C: set stopIndex = 0
2019-09-19 14:39:23,610 [ForkJoinPool.commonPool-worker-0] INFO  impl.RaftServerImpl (ServerState.java:close(394)) - d7fb301a-31fb-49ad-b00e-9dfe8c13a3d5:group-727BCFC6822C closes. The last applied log index is 0
2019-09-19 14:39:23,610 [d7fb301a-31fb-49ad-b00e-9dfe8c13a3d5-SegmentedRaftLogWorker:Storage Directory /workdir/hadoop-ozone/ozonefs/target/test-dir/MiniOzoneClusterImpl-67a7c723-2f3b-4843-b7f2-075ee33ae8e7/datanode-2/data/ratis/240c2843-25b0-40ee-bb71-727bcfc6822c] INFO  segmented.SegmentedRaftLogWorker (SegmentedRaftLogWorker.java:run(313)) - d7fb301a-31fb-49ad-b00e-9dfe8c13a3d5-SegmentedRaftLogWorker:Storage Directory /workdir/hadoop-ozone/ozonefs/target/test-dir/MiniOzoneClusterImpl-67a7c723-2f3b-4843-b7f2-075ee33ae8e7/datanode-2/data/ratis/240c2843-25b0-40ee-bb71-727bcfc6822c was interrupted, exiting. There are 0 tasks remaining in the queue.
2019-09-19 14:39:23,610 [ForkJoinPool.commonPool-worker-0] INFO  segmented.SegmentedRaftLogWorker (SegmentedRaftLogWorker.java:close(228)) - d7fb301a-31fb-49ad-b00e-9dfe8c13a3d5-SegmentedRaftLogWorker:Storage Directory /workdir/hadoop-ozone/ozonefs/target/test-dir/MiniOzoneClusterImpl-67a7c723-2f3b-4843-b7f2-075ee33ae8e7/datanode-2/data/ratis/240c2843-25b0-40ee-bb71-727bcfc6822c close()
2019-09-19 14:39:23,612 [ForkJoinPool.commonPool-worker-0] INFO  impl.RaftServerImpl (RaftServerImpl.java:lambda$shutdown$3(245)) - d7fb301a-31fb-49ad-b00e-9dfe8c13a3d5: shutdown group-7C9AA07E715A
2019-09-19 14:39:23,612 [ForkJoinPool.commonPool-worker-0] INFO  util.JmxRegister (JmxRegister.java:unregister(73)) - Successfully un-registered JMX Bean with object name Ratis:service=RaftServer,group=group-7C9AA07E715A,id=d7fb301a-31fb-49ad-b00e-9dfe8c13a3d5
2019-09-19 14:39:23,612 [ForkJoinPool.commonPool-worker-0] INFO  impl.RoleInfo (RoleInfo.java:shutdownLeaderState(104)) - d7fb301a-31fb-49ad-b00e-9dfe8c13a3d5: shutdown LeaderState
2019-09-19 14:39:23,612 [ForkJoinPool.commonPool-worker-0] INFO  impl.PendingRequests (PendingRequests.java:sendNotLeaderResponses(202)) - d7fb301a-31fb-49ad-b00e-9dfe8c13a3d5-PendingRequests: sendNotLeaderResponses
2019-09-19 14:39:23,613 [ForkJoinPool.commonPool-worker-0] INFO  impl.StateMachineUpdater (StateMachineUpdater.java:stopAndJoin(115)) - StateMachineUpdater:d7fb301a-31fb-49ad-b00e-9dfe8c13a3d5:group-7C9AA07E715A: set stopIndex = 0
2019-09-19 14:39:23,613 [ForkJoinPool.commonPool-worker-0] INFO  impl.RaftServerImpl (ServerState.java:close(394)) - d7fb301a-31fb-49ad-b00e-9dfe8c13a3d5:group-7C9AA07E715A closes. The last applied log index is 0
2019-09-19 14:39:23,613 [d7fb301a-31fb-49ad-b00e-9dfe8c13a3d5-SegmentedRaftLogWorker:Storage Directory /workdir/hadoop-ozone/ozonefs/target/test-dir/MiniOzoneClusterImpl-67a7c723-2f3b-4843-b7f2-075ee33ae8e7/datanode-2/data/ratis/864f1135-a4f9-40f9-a976-7c9aa07e715a] INFO  segmented.SegmentedRaftLogWorker (SegmentedRaftLogWorker.java:run(313)) - d7fb301a-31fb-49ad-b00e-9dfe8c13a3d5-SegmentedRaftLogWorker:Storage Directory /workdir/hadoop-ozone/ozonefs/target/test-dir/MiniOzoneClusterImpl-67a7c723-2f3b-4843-b7f2-075ee33ae8e7/datanode-2/data/ratis/864f1135-a4f9-40f9-a976-7c9aa07e715a was interrupted, exiting. There are 0 tasks remaining in the queue.
2019-09-19 14:39:23,614 [ForkJoinPool.commonPool-worker-0] INFO  segmented.SegmentedRaftLogWorker (SegmentedRaftLogWorker.java:close(228)) - d7fb301a-31fb-49ad-b00e-9dfe8c13a3d5-SegmentedRaftLogWorker:Storage Directory /workdir/hadoop-ozone/ozonefs/target/test-dir/MiniOzoneClusterImpl-67a7c723-2f3b-4843-b7f2-075ee33ae8e7/datanode-2/data/ratis/864f1135-a4f9-40f9-a976-7c9aa07e715a close()
2019-09-19 14:39:23,615 [ForkJoinPool.commonPool-worker-0] INFO  impl.RaftServerImpl (RaftServerImpl.java:lambda$shutdown$3(245)) - d7fb301a-31fb-49ad-b00e-9dfe8c13a3d5: shutdown group-FC8C614A54F5
2019-09-19 14:39:23,615 [ForkJoinPool.commonPool-worker-0] INFO  util.JmxRegister (JmxRegister.java:unregister(73)) - Successfully un-registered JMX Bean with object name Ratis:service=RaftServer,group=group-FC8C614A54F5,id=d7fb301a-31fb-49ad-b00e-9dfe8c13a3d5
2019-09-19 14:39:23,615 [ForkJoinPool.commonPool-worker-0] INFO  impl.RoleInfo (RoleInfo.java:shutdownLeaderState(104)) - d7fb301a-31fb-49ad-b00e-9dfe8c13a3d5: shutdown LeaderState
2019-09-19 14:39:23,616 [ForkJoinPool.commonPool-worker-0] INFO  impl.PendingRequests (PendingRequests.java:sendNotLeaderResponses(202)) - d7fb301a-31fb-49ad-b00e-9dfe8c13a3d5-PendingRequests: sendNotLeaderResponses
2019-09-19 14:39:23,616 [ForkJoinPool.commonPool-worker-0] INFO  impl.StateMachineUpdater (StateMachineUpdater.java:stopAndJoin(115)) - StateMachineUpdater:d7fb301a-31fb-49ad-b00e-9dfe8c13a3d5:group-FC8C614A54F5: set stopIndex = 0
2019-09-19 14:39:23,616 [ForkJoinPool.commonPool-worker-0] INFO  impl.RaftServerImpl (ServerState.java:close(394)) - d7fb301a-31fb-49ad-b00e-9dfe8c13a3d5:group-FC8C614A54F5 closes. The last applied log index is 0
2019-09-19 14:39:23,617 [d7fb301a-31fb-49ad-b00e-9dfe8c13a3d5-SegmentedRaftLogWorker:Storage Directory /workdir/hadoop-ozone/ozonefs/target/test-dir/MiniOzoneClusterImpl-67a7c723-2f3b-4843-b7f2-075ee33ae8e7/datanode-2/data/ratis/8ce59823-c037-4b39-aa73-fc8c614a54f5] INFO  segmented.SegmentedRaftLogWorker (SegmentedRaftLogWorker.java:run(313)) - d7fb301a-31fb-49ad-b00e-9dfe8c13a3d5-SegmentedRaftLogWorker:Storage Directory /workdir/hadoop-ozone/ozonefs/target/test-dir/MiniOzoneClusterImpl-67a7c723-2f3b-4843-b7f2-075ee33ae8e7/datanode-2/data/ratis/8ce59823-c037-4b39-aa73-fc8c614a54f5 was interrupted, exiting. There are 0 tasks remaining in the queue.
2019-09-19 14:39:23,617 [ForkJoinPool.commonPool-worker-0] INFO  segmented.SegmentedRaftLogWorker (SegmentedRaftLogWorker.java:close(228)) - d7fb301a-31fb-49ad-b00e-9dfe8c13a3d5-SegmentedRaftLogWorker:Storage Directory /workdir/hadoop-ozone/ozonefs/target/test-dir/MiniOzoneClusterImpl-67a7c723-2f3b-4843-b7f2-075ee33ae8e7/datanode-2/data/ratis/8ce59823-c037-4b39-aa73-fc8c614a54f5 close()
2019-09-19 14:39:23,618 [ForkJoinPool.commonPool-worker-0] INFO  impl.RaftServerImpl (RaftServerImpl.java:lambda$shutdown$3(245)) - d7fb301a-31fb-49ad-b00e-9dfe8c13a3d5: shutdown group-25997F617878
2019-09-19 14:39:23,619 [ForkJoinPool.commonPool-worker-0] INFO  util.JmxRegister (JmxRegister.java:unregister(73)) - Successfully un-registered JMX Bean with object name Ratis:service=RaftServer,group=group-25997F617878,id=d7fb301a-31fb-49ad-b00e-9dfe8c13a3d5
2019-09-19 14:39:23,619 [ForkJoinPool.commonPool-worker-0] INFO  impl.RoleInfo (RoleInfo.java:shutdownLeaderState(104)) - d7fb301a-31fb-49ad-b00e-9dfe8c13a3d5: shutdown LeaderState
2019-09-19 14:39:23,619 [ForkJoinPool.commonPool-worker-0] INFO  impl.PendingRequests (PendingRequests.java:sendNotLeaderResponses(202)) - d7fb301a-31fb-49ad-b00e-9dfe8c13a3d5-PendingRequests: sendNotLeaderResponses
2019-09-19 14:39:23,620 [ForkJoinPool.commonPool-worker-0] INFO  impl.StateMachineUpdater (StateMachineUpdater.java:stopAndJoin(115)) - StateMachineUpdater:d7fb301a-31fb-49ad-b00e-9dfe8c13a3d5:group-25997F617878: set stopIndex = 0
2019-09-19 14:39:23,620 [ForkJoinPool.commonPool-worker-0] INFO  impl.RaftServerImpl (ServerState.java:close(394)) - d7fb301a-31fb-49ad-b00e-9dfe8c13a3d5:group-25997F617878 closes. The last applied log index is 0
2019-09-19 14:39:23,620 [d7fb301a-31fb-49ad-b00e-9dfe8c13a3d5-SegmentedRaftLogWorker:Storage Directory /workdir/hadoop-ozone/ozonefs/target/test-dir/MiniOzoneClusterImpl-67a7c723-2f3b-4843-b7f2-075ee33ae8e7/datanode-2/data/ratis/07c3950d-eabf-4e50-bb7d-25997f617878] INFO  segmented.SegmentedRaftLogWorker (SegmentedRaftLogWorker.java:run(313)) - d7fb301a-31fb-49ad-b00e-9dfe8c13a3d5-SegmentedRaftLogWorker:Storage Directory /workdir/hadoop-ozone/ozonefs/target/test-dir/MiniOzoneClusterImpl-67a7c723-2f3b-4843-b7f2-075ee33ae8e7/datanode-2/data/ratis/07c3950d-eabf-4e50-bb7d-25997f617878 was interrupted, exiting. There are 0 tasks remaining in the queue.
2019-09-19 14:39:23,621 [ForkJoinPool.commonPool-worker-0] INFO  segmented.SegmentedRaftLogWorker (SegmentedRaftLogWorker.java:close(228)) - d7fb301a-31fb-49ad-b00e-9dfe8c13a3d5-SegmentedRaftLogWorker:Storage Directory /workdir/hadoop-ozone/ozonefs/target/test-dir/MiniOzoneClusterImpl-67a7c723-2f3b-4843-b7f2-075ee33ae8e7/datanode-2/data/ratis/07c3950d-eabf-4e50-bb7d-25997f617878 close()
2019-09-19 14:39:23,622 [ForkJoinPool.commonPool-worker-0] INFO  impl.RaftServerImpl (RaftServerImpl.java:lambda$shutdown$3(245)) - d7fb301a-31fb-49ad-b00e-9dfe8c13a3d5: shutdown group-5DE86F124CA8
2019-09-19 14:39:23,622 [ForkJoinPool.commonPool-worker-0] INFO  util.JmxRegister (JmxRegister.java:unregister(73)) - Successfully un-registered JMX Bean with object name Ratis:service=RaftServer,group=group-5DE86F124CA8,id=d7fb301a-31fb-49ad-b00e-9dfe8c13a3d5
2019-09-19 14:39:23,622 [ForkJoinPool.commonPool-worker-0] INFO  impl.RoleInfo (RoleInfo.java:shutdownLeaderState(104)) - d7fb301a-31fb-49ad-b00e-9dfe8c13a3d5: shutdown LeaderState
2019-09-19 14:39:23,623 [ForkJoinPool.commonPool-worker-0] INFO  impl.PendingRequests (PendingRequests.java:sendNotLeaderResponses(202)) - d7fb301a-31fb-49ad-b00e-9dfe8c13a3d5-PendingRequests: sendNotLeaderResponses
2019-09-19 14:39:23,623 [ForkJoinPool.commonPool-worker-0] INFO  impl.StateMachineUpdater (StateMachineUpdater.java:stopAndJoin(115)) - StateMachineUpdater:d7fb301a-31fb-49ad-b00e-9dfe8c13a3d5:group-5DE86F124CA8: set stopIndex = 0
2019-09-19 14:39:23,623 [ForkJoinPool.commonPool-worker-0] INFO  impl.RaftServerImpl (ServerState.java:close(394)) - d7fb301a-31fb-49ad-b00e-9dfe8c13a3d5:group-5DE86F124CA8 closes. The last applied log index is 0
2019-09-19 14:39:23,623 [d7fb301a-31fb-49ad-b00e-9dfe8c13a3d5-SegmentedRaftLogWorker:Storage Directory /workdir/hadoop-ozone/ozonefs/target/test-dir/MiniOzoneClusterImpl-67a7c723-2f3b-4843-b7f2-075ee33ae8e7/datanode-2/data/ratis/6d4281d3-1160-4827-a429-5de86f124ca8] INFO  segmented.SegmentedRaftLogWorker (SegmentedRaftLogWorker.java:run(313)) - d7fb301a-31fb-49ad-b00e-9dfe8c13a3d5-SegmentedRaftLogWorker:Storage Directory /workdir/hadoop-ozone/ozonefs/target/test-dir/MiniOzoneClusterImpl-67a7c723-2f3b-4843-b7f2-075ee33ae8e7/datanode-2/data/ratis/6d4281d3-1160-4827-a429-5de86f124ca8 was interrupted, exiting. There are 0 tasks remaining in the queue.
2019-09-19 14:39:23,624 [ForkJoinPool.commonPool-worker-0] INFO  segmented.SegmentedRaftLogWorker (SegmentedRaftLogWorker.java:close(228)) - d7fb301a-31fb-49ad-b00e-9dfe8c13a3d5-SegmentedRaftLogWorker:Storage Directory /workdir/hadoop-ozone/ozonefs/target/test-dir/MiniOzoneClusterImpl-67a7c723-2f3b-4843-b7f2-075ee33ae8e7/datanode-2/data/ratis/6d4281d3-1160-4827-a429-5de86f124ca8 close()
2019-09-19 14:39:23,625 [ForkJoinPool.commonPool-worker-0] INFO  server.GrpcService (GrpcService.java:closeImpl(155)) - d7fb301a-31fb-49ad-b00e-9dfe8c13a3d5: shutdown server with port 40457 now
2019-09-19 14:39:23,626 [ForkJoinPool.commonPool-worker-0] INFO  server.GrpcService (GrpcService.java:closeImpl(163)) - d7fb301a-31fb-49ad-b00e-9dfe8c13a3d5: shutdown server with port 40457 successfully
2019-09-19 14:39:23,632 [ForkJoinPool.commonPool-worker-0] INFO  utils.BackgroundService (BackgroundService.java:shutdown(148)) - Shutting down service BlockDeletingService
2019-09-19 14:39:23,642 [refreshUsed-/workdir/hadoop-ozone/ozonefs/target/test-dir/MiniOzoneClusterImpl-67a7c723-2f3b-4843-b7f2-075ee33ae8e7/datanode-2/data/containers] WARN  fs.CachingGetSpaceUsed (CachingGetSpaceUsed.java:run(183)) - Thread Interrupted waiting to refresh disk information: sleep interrupted
2019-09-19 14:39:23,956 [ForkJoinPool.commonPool-worker-0] INFO  statemachine.DatanodeStateMachine (DatanodeStateMachine.java:stopDaemon(395)) - Ozone container server stopped.
2019-09-19 14:39:23,958 [ForkJoinPool.commonPool-worker-0] INFO  handler.ContextHandler (ContextHandler.java:doStop(910)) - Stopped o.e.j.w.WebAppContext@76e8d322{/,null,UNAVAILABLE}{/hddsDatanode}
2019-09-19 14:39:23,959 [ForkJoinPool.commonPool-worker-0] INFO  server.AbstractConnector (AbstractConnector.java:doStop(318)) - Stopped ServerConnector@45d53f0{HTTP/1.1,[http/1.1]}{0.0.0.0:0}
2019-09-19 14:39:23,959 [ForkJoinPool.commonPool-worker-0] INFO  handler.ContextHandler (ContextHandler.java:doStop(910)) - Stopped o.e.j.s.ServletContextHandler@336374b6{/static,jar:file:/home/user/.m2/repository/org/apache/hadoop/hadoop-hdds-container-service/0.5.0-SNAPSHOT/hadoop-hdds-container-service-0.5.0-SNAPSHOT.jar!/webapps/static,UNAVAILABLE}
2019-09-19 14:39:23,960 [ForkJoinPool.commonPool-worker-0] INFO  handler.ContextHandler (ContextHandler.java:doStop(910)) - Stopped o.e.j.s.ServletContextHandler@1285c5bc{/logs,file:///workdir/hadoop-ozone/ozonefs/target/log,UNAVAILABLE}
2019-09-19 14:39:23,961 [Thread-1328] INFO  ozone.MiniOzoneClusterImpl (MiniOzoneClusterImpl.java:stop(353)) - Stopping the StorageContainerManager
2019-09-19 14:39:23,961 [Thread-1328] INFO  server.StorageContainerManager (StorageContainerManager.java:stop(797)) - Stopping Replication Manager Service.
2019-09-19 14:39:23,961 [Thread-1328] INFO  container.ReplicationManager (ReplicationManager.java:stop(192)) - Stopping Replication Monitor Thread.
2019-09-19 14:39:23,961 [Thread-1328] INFO  server.StorageContainerManager (StorageContainerManager.java:stop(804)) - Stopping Lease Manager of the command watchers
2019-09-19 14:39:23,962 [Thread-1328] INFO  server.StorageContainerManager (StorageContainerManager.java:stop(811)) - Stopping datanode service RPC server
2019-09-19 14:39:23,962 [Thread-1328] INFO  server.SCMDatanodeProtocolServer (SCMDatanodeProtocolServer.java:stop(367)) - Stopping the RPC server for DataNodes
2019-09-19 14:39:23,962 [Thread-1328] INFO  ipc.Server (Server.java:stop(3082)) - Stopping server on 32795
2019-09-19 14:39:23,964 [IPC Server listener on 32795] INFO  ipc.Server (Server.java:run(1185)) - Stopping IPC Server listener on 32795
2019-09-19 14:39:23,965 [IPC Server Responder] INFO  ipc.Server (Server.java:run(1319)) - Stopping IPC Server Responder
2019-09-19 14:39:23,974 [SCM Heartbeat Processing Thread - 0] WARN  node.NodeStateManager (NodeStateManager.java:scheduleNextHealthCheck(655)) - Current Thread is interrupted, shutting down HB processing thread for Node Manager.
2019-09-19 14:39:23,975 [Thread-1328] INFO  server.StorageContainerManager (StorageContainerManager.java:stop(819)) - Stopping block service RPC server
2019-09-19 14:39:23,975 [Thread-1328] INFO  server.SCMBlockProtocolServer (SCMBlockProtocolServer.java:stop(148)) - Stopping the RPC server for Block Protocol
2019-09-19 14:39:23,975 [Thread-1328] INFO  ipc.Server (Server.java:stop(3082)) - Stopping server on 39316
2019-09-19 14:39:23,976 [IPC Server listener on 39316] INFO  ipc.Server (Server.java:run(1185)) - Stopping IPC Server listener on 39316
2019-09-19 14:39:23,979 [Thread-1328] INFO  server.StorageContainerManager (StorageContainerManager.java:stop(826)) - Stopping the StorageContainerLocationProtocol RPC server
2019-09-19 14:39:23,979 [IPC Server Responder] INFO  ipc.Server (Server.java:run(1319)) - Stopping IPC Server Responder
2019-09-19 14:39:23,980 [Thread-1328] INFO  server.SCMClientProtocolServer (SCMClientProtocolServer.java:stop(159)) - Stopping the RPC server for Client Protocol
2019-09-19 14:39:23,981 [Thread-1328] INFO  ipc.Server (Server.java:stop(3082)) - Stopping server on 38168
2019-09-19 14:39:23,984 [IPC Server listener on 38168] INFO  ipc.Server (Server.java:run(1185)) - Stopping IPC Server listener on 38168
2019-09-19 14:39:23,984 [IPC Server Responder] INFO  ipc.Server (Server.java:run(1319)) - Stopping IPC Server Responder
2019-09-19 14:39:23,984 [Thread-1328] INFO  server.StorageContainerManager (StorageContainerManager.java:stop(833)) - Stopping Storage Container Manager HTTP server.
2019-09-19 14:39:23,986 [Thread-1328] INFO  handler.ContextHandler (ContextHandler.java:doStop(910)) - Stopped o.e.j.w.WebAppContext@44e73b18{/,null,UNAVAILABLE}{/scm}
2019-09-19 14:39:23,987 [Thread-1328] INFO  server.AbstractConnector (AbstractConnector.java:doStop(318)) - Stopped ServerConnector@42a2762f{HTTP/1.1,[http/1.1]}{0.0.0.0:0}
2019-09-19 14:39:23,987 [Thread-1328] INFO  handler.ContextHandler (ContextHandler.java:doStop(910)) - Stopped o.e.j.s.ServletContextHandler@5f2c3184{/static,jar:file:/home/user/.m2/repository/org/apache/hadoop/hadoop-hdds-server-scm/0.5.0-SNAPSHOT/hadoop-hdds-server-scm-0.5.0-SNAPSHOT.jar!/webapps/static,UNAVAILABLE}
2019-09-19 14:39:23,987 [Thread-1328] INFO  handler.ContextHandler (ContextHandler.java:doStop(910)) - Stopped o.e.j.s.ServletContextHandler@6caf2663{/logs,file:///workdir/hadoop-ozone/ozonefs/target/log,UNAVAILABLE}
2019-09-19 14:39:23,988 [Thread-1328] INFO  server.StorageContainerManager (StorageContainerManager.java:stop(844)) - Stopping Block Manager Service.
2019-09-19 14:39:23,989 [Thread-1328] INFO  utils.BackgroundService (BackgroundService.java:shutdown(148)) - Shutting down service SCMBlockDeletingService
2019-09-19 14:39:23,989 [Thread-1328] INFO  utils.BackgroundService (BackgroundService.java:shutdown(148)) - Shutting down service SCMBlockDeletingService
2019-09-19 14:39:23,989 [Thread-1328] INFO  server.StorageContainerManager (StorageContainerManager.java:stop(866)) - Stopping SCM Event Queue.
2019-09-19 14:39:23,993 [Thread-1328] INFO  impl.MetricsSystemImpl (MetricsSystemImpl.java:stop(210)) - Stopping HddsDatanode metrics system...
2019-09-19 14:39:24,002 [Thread-1328] INFO  impl.MetricsSystemImpl (MetricsSystemImpl.java:stop(216)) - HddsDatanode metrics system stopped.
]]></system-out>
    <system-err><![CDATA[Sep 19, 2019 2:39:07 PM com.sun.jersey.server.impl.application.WebApplicationImpl _initiate
INFO: Initiating Jersey application, version 'Jersey: 1.19 02/11/2015 03:25 AM'
Sep 19, 2019 2:39:07 PM com.sun.jersey.server.impl.application.WebApplicationImpl _initiate
INFO: Initiating Jersey application, version 'Jersey: 1.19 02/11/2015 03:25 AM'
Sep 19, 2019 2:39:08 PM com.sun.jersey.server.impl.application.WebApplicationImpl _initiate
INFO: Initiating Jersey application, version 'Jersey: 1.19 02/11/2015 03:25 AM'
Sep 19, 2019 2:39:13 PM com.sun.jersey.server.impl.application.WebApplicationImpl _initiate
INFO: Initiating Jersey application, version 'Jersey: 1.19 02/11/2015 03:25 AM'
]]></system-err>
  </testcase>
  <testcase name="testListStatusOnLargeDirectory" classname="org.apache.hadoop.fs.ozone.TestOzoneFileSystem" time="22.668"/>
</testsuite>