<?xml version="1.0" encoding="UTF-8"?>
<testsuite xmlns:xsi="http://www.w3.org/2001/XMLSchema-instance" xsi:noNamespaceSchemaLocation="https://maven.apache.org/surefire/maven-surefire-plugin/xsd/surefire-test-report.xsd" name="org.apache.hadoop.fs.ozone.TestOzoneFileInterfaces" time="234.587" tests="12" errors="1" skipped="0" failures="0">
  <properties>
    <property name="awt.toolkit" value="sun.awt.X11.XToolkit"/>
    <property name="file.encoding.pkg" value="sun.io"/>
    <property name="java.specification.version" value="1.8"/>
    <property name="sun.cpu.isalist" value=""/>
    <property name="sun.jnu.encoding" value="UTF-8"/>
    <property name="java.class.path" value="/workdir/hadoop-ozone/ozonefs/target/test-classes:/workdir/hadoop-ozone/ozonefs/target/classes:/home/user/.m2/repository/org/apache/hadoop/hadoop-common/3.2.0/hadoop-common-3.2.0.jar:/home/user/.m2/repository/org/apache/hadoop/hadoop-annotations/3.2.0/hadoop-annotations-3.2.0.jar:/usr/lib/jvm/java-1.8-openjdk/jre/../lib/tools.jar:/home/user/.m2/repository/com/google/guava/guava/11.0.2/guava-11.0.2.jar:/home/user/.m2/repository/commons-cli/commons-cli/1.2/commons-cli-1.2.jar:/home/user/.m2/repository/org/apache/commons/commons-math3/3.1.1/commons-math3-3.1.1.jar:/home/user/.m2/repository/org/apache/httpcomponents/httpclient/4.5.2/httpclient-4.5.2.jar:/home/user/.m2/repository/org/apache/httpcomponents/httpcore/4.4.4/httpcore-4.4.4.jar:/home/user/.m2/repository/commons-codec/commons-codec/1.11/commons-codec-1.11.jar:/home/user/.m2/repository/commons-io/commons-io/2.5/commons-io-2.5.jar:/home/user/.m2/repository/commons-net/commons-net/3.6/commons-net-3.6.jar:/home/user/.m2/repository/commons-collections/commons-collections/3.2.2/commons-collections-3.2.2.jar:/home/user/.m2/repository/javax/servlet/javax.servlet-api/3.1.0/javax.servlet-api-3.1.0.jar:/home/user/.m2/repository/org/eclipse/jetty/jetty-server/9.3.24.v20180605/jetty-server-9.3.24.v20180605.jar:/home/user/.m2/repository/org/eclipse/jetty/jetty-http/9.3.24.v20180605/jetty-http-9.3.24.v20180605.jar:/home/user/.m2/repository/org/eclipse/jetty/jetty-io/9.3.24.v20180605/jetty-io-9.3.24.v20180605.jar:/home/user/.m2/repository/org/eclipse/jetty/jetty-util/9.3.24.v20180605/jetty-util-9.3.24.v20180605.jar:/home/user/.m2/repository/org/eclipse/jetty/jetty-servlet/9.3.24.v20180605/jetty-servlet-9.3.24.v20180605.jar:/home/user/.m2/repository/org/eclipse/jetty/jetty-security/9.3.24.v20180605/jetty-security-9.3.24.v20180605.jar:/home/user/.m2/repository/org/eclipse/jetty/jetty-webapp/9.3.24.v20180605/jetty-webapp-9.3.24.v20180605.jar:/home/user/.m2/repository/org/eclipse/jetty/jetty-xml/9.3.24.v20180605/jetty-xml-9.3.24.v20180605.jar:/home/user/.m2/repository/javax/servlet/jsp/jsp-api/2.1/jsp-api-2.1.jar:/home/user/.m2/repository/com/sun/jersey/jersey-core/1.19/jersey-core-1.19.jar:/home/user/.m2/repository/javax/ws/rs/jsr311-api/1.1.1/jsr311-api-1.1.1.jar:/home/user/.m2/repository/com/sun/jersey/jersey-servlet/1.19/jersey-servlet-1.19.jar:/home/user/.m2/repository/com/sun/jersey/jersey-json/1.19/jersey-json-1.19.jar:/home/user/.m2/repository/org/codehaus/jettison/jettison/1.1/jettison-1.1.jar:/home/user/.m2/repository/com/sun/xml/bind/jaxb-impl/2.3.0.1/jaxb-impl-2.3.0.1.jar:/home/user/.m2/repository/org/codehaus/jackson/jackson-core-asl/1.9.13/jackson-core-asl-1.9.13.jar:/home/user/.m2/repository/org/codehaus/jackson/jackson-mapper-asl/1.9.13/jackson-mapper-asl-1.9.13.jar:/home/user/.m2/repository/org/codehaus/jackson/jackson-jaxrs/1.9.13/jackson-jaxrs-1.9.13.jar:/home/user/.m2/repository/org/codehaus/jackson/jackson-xc/1.9.13/jackson-xc-1.9.13.jar:/home/user/.m2/repository/com/sun/jersey/jersey-server/1.19/jersey-server-1.19.jar:/home/user/.m2/repository/commons-logging/commons-logging/1.1.3/commons-logging-1.1.3.jar:/home/user/.m2/repository/log4j/log4j/1.2.17/log4j-1.2.17.jar:/home/user/.m2/repository/commons-beanutils/commons-beanutils/1.9.3/commons-beanutils-1.9.3.jar:/home/user/.m2/repository/org/apache/commons/commons-configuration2/2.1.1/commons-configuration2-2.1.1.jar:/home/user/.m2/repository/org/apache/commons/commons-lang3/3.7/commons-lang3-3.7.jar:/home/user/.m2/repository/org/apache/commons/commons-text/1.4/commons-text-1.4.jar:/home/user/.m2/repository/org/slf4j/slf4j-api/1.7.25/slf4j-api-1.7.25.jar:/home/user/.m2/repository/org/slf4j/slf4j-log4j12/1.7.25/slf4j-log4j12-1.7.25.jar:/home/user/.m2/repository/org/apache/avro/avro/1.7.7/avro-1.7.7.jar:/home/user/.m2/repository/com/thoughtworks/paranamer/paranamer/2.3/paranamer-2.3.jar:/home/user/.m2/repository/org/xerial/snappy/snappy-java/1.0.5/snappy-java-1.0.5.jar:/home/user/.m2/repository/com/google/re2j/re2j/1.1/re2j-1.1.jar:/home/user/.m2/repository/com/google/protobuf/protobuf-java/2.5.0/protobuf-java-2.5.0.jar:/home/user/.m2/repository/com/google/code/gson/gson/2.2.4/gson-2.2.4.jar:/home/user/.m2/repository/org/apache/hadoop/hadoop-auth/3.2.0/hadoop-auth-3.2.0.jar:/home/user/.m2/repository/com/nimbusds/nimbus-jose-jwt/4.41.1/nimbus-jose-jwt-4.41.1.jar:/home/user/.m2/repository/com/github/stephenc/jcip/jcip-annotations/1.0-1/jcip-annotations-1.0-1.jar:/home/user/.m2/repository/net/minidev/json-smart/2.3/json-smart-2.3.jar:/home/user/.m2/repository/net/minidev/accessors-smart/1.2/accessors-smart-1.2.jar:/home/user/.m2/repository/org/apache/curator/curator-framework/2.12.0/curator-framework-2.12.0.jar:/home/user/.m2/repository/com/jcraft/jsch/0.1.54/jsch-0.1.54.jar:/home/user/.m2/repository/org/apache/curator/curator-client/2.12.0/curator-client-2.12.0.jar:/home/user/.m2/repository/org/apache/curator/curator-recipes/2.12.0/curator-recipes-2.12.0.jar:/home/user/.m2/repository/com/google/code/findbugs/jsr305/3.0.0/jsr305-3.0.0.jar:/home/user/.m2/repository/org/apache/htrace/htrace-core4/4.1.0-incubating/htrace-core4-4.1.0-incubating.jar:/home/user/.m2/repository/org/apache/zookeeper/zookeeper/3.4.13/zookeeper-3.4.13.jar:/home/user/.m2/repository/org/apache/yetus/audience-annotations/0.5.0/audience-annotations-0.5.0.jar:/home/user/.m2/repository/org/apache/commons/commons-compress/1.4.1/commons-compress-1.4.1.jar:/home/user/.m2/repository/org/tukaani/xz/1.0/xz-1.0.jar:/home/user/.m2/repository/org/apache/kerby/kerb-simplekdc/1.0.1/kerb-simplekdc-1.0.1.jar:/home/user/.m2/repository/org/apache/kerby/kerb-client/1.0.1/kerb-client-1.0.1.jar:/home/user/.m2/repository/org/apache/kerby/kerby-config/1.0.1/kerby-config-1.0.1.jar:/home/user/.m2/repository/org/apache/kerby/kerb-core/1.0.1/kerb-core-1.0.1.jar:/home/user/.m2/repository/org/apache/kerby/kerby-pkix/1.0.1/kerby-pkix-1.0.1.jar:/home/user/.m2/repository/org/apache/kerby/kerby-asn1/1.0.1/kerby-asn1-1.0.1.jar:/home/user/.m2/repository/org/apache/kerby/kerby-util/1.0.1/kerby-util-1.0.1.jar:/home/user/.m2/repository/org/apache/kerby/kerb-common/1.0.1/kerb-common-1.0.1.jar:/home/user/.m2/repository/org/apache/kerby/kerb-crypto/1.0.1/kerb-crypto-1.0.1.jar:/home/user/.m2/repository/org/apache/kerby/kerb-util/1.0.1/kerb-util-1.0.1.jar:/home/user/.m2/repository/org/apache/kerby/token-provider/1.0.1/token-provider-1.0.1.jar:/home/user/.m2/repository/org/apache/kerby/kerb-admin/1.0.1/kerb-admin-1.0.1.jar:/home/user/.m2/repository/org/apache/kerby/kerb-server/1.0.1/kerb-server-1.0.1.jar:/home/user/.m2/repository/org/apache/kerby/kerb-identity/1.0.1/kerb-identity-1.0.1.jar:/home/user/.m2/repository/org/apache/kerby/kerby-xdr/1.0.1/kerby-xdr-1.0.1.jar:/home/user/.m2/repository/com/fasterxml/jackson/core/jackson-databind/2.9.5/jackson-databind-2.9.5.jar:/home/user/.m2/repository/com/fasterxml/jackson/core/jackson-annotations/2.9.5/jackson-annotations-2.9.5.jar:/home/user/.m2/repository/com/fasterxml/jackson/core/jackson-core/2.9.5/jackson-core-2.9.5.jar:/home/user/.m2/repository/org/codehaus/woodstox/stax2-api/3.1.4/stax2-api-3.1.4.jar:/home/user/.m2/repository/com/fasterxml/woodstox/woodstox-core/5.0.3/woodstox-core-5.0.3.jar:/home/user/.m2/repository/dnsjava/dnsjava/2.1.7/dnsjava-2.1.7.jar:/home/user/.m2/repository/org/apache/hadoop/hadoop-hdfs/3.2.0/hadoop-hdfs-3.2.0.jar:/home/user/.m2/repository/org/eclipse/jetty/jetty-util-ajax/9.3.24.v20180605/jetty-util-ajax-9.3.24.v20180605.jar:/home/user/.m2/repository/commons-daemon/commons-daemon/1.0.13/commons-daemon-1.0.13.jar:/home/user/.m2/repository/io/netty/netty/3.10.5.Final/netty-3.10.5.Final.jar:/home/user/.m2/repository/io/netty/netty-all/4.0.52.Final/netty-all-4.0.52.Final.jar:/home/user/.m2/repository/org/fusesource/leveldbjni/leveldbjni-all/1.8/leveldbjni-all-1.8.jar:/home/user/.m2/repository/org/apache/hadoop/hadoop-hdds-common/0.5.0-SNAPSHOT/hadoop-hdds-common-0.5.0-SNAPSHOT.jar:/home/user/.m2/repository/org/apache/hadoop/hadoop-hdds-config/0.5.0-SNAPSHOT/hadoop-hdds-config-0.5.0-SNAPSHOT.jar:/home/user/.m2/repository/javax/annotation/javax.annotation-api/1.2/javax.annotation-api-1.2.jar:/home/user/.m2/repository/org/apache/ratis/ratis-server/0.4.0-2337318-SNAPSHOT/ratis-server-0.4.0-2337318-SNAPSHOT.jar:/home/user/.m2/repository/org/apache/ratis/ratis-thirdparty-misc/0.2.0/ratis-thirdparty-misc-0.2.0.jar:/home/user/.m2/repository/org/apache/ratis/ratis-proto/0.4.0-2337318-SNAPSHOT/ratis-proto-0.4.0-2337318-SNAPSHOT.jar:/home/user/.m2/repository/org/apache/ratis/ratis-common/0.4.0-2337318-SNAPSHOT/ratis-common-0.4.0-2337318-SNAPSHOT.jar:/home/user/.m2/repository/org/apache/ratis/ratis-client/0.4.0-2337318-SNAPSHOT/ratis-client-0.4.0-2337318-SNAPSHOT.jar:/home/user/.m2/repository/org/apache/ratis/ratis-metrics/0.4.0-2337318-SNAPSHOT/ratis-metrics-0.4.0-2337318-SNAPSHOT.jar:/home/user/.m2/repository/org/apache/ratis/ratis-netty/0.4.0-2337318-SNAPSHOT/ratis-netty-0.4.0-2337318-SNAPSHOT.jar:/home/user/.m2/repository/org/apache/ratis/ratis-grpc/0.4.0-2337318-SNAPSHOT/ratis-grpc-0.4.0-2337318-SNAPSHOT.jar:/home/user/.m2/repository/org/rocksdb/rocksdbjni/6.0.1/rocksdbjni-6.0.1.jar:/home/user/.m2/repository/org/apache/logging/log4j/log4j-api/2.11.0/log4j-api-2.11.0.jar:/home/user/.m2/repository/org/apache/logging/log4j/log4j-core/2.11.0/log4j-core-2.11.0.jar:/home/user/.m2/repository/com/lmax/disruptor/3.4.2/disruptor-3.4.2.jar:/home/user/.m2/repository/org/apache/commons/commons-pool2/2.6.0/commons-pool2-2.6.0.jar:/home/user/.m2/repository/org/bouncycastle/bcpkix-jdk15on/1.60/bcpkix-jdk15on-1.60.jar:/home/user/.m2/repository/commons-validator/commons-validator/1.6/commons-validator-1.6.jar:/home/user/.m2/repository/commons-digester/commons-digester/1.8.1/commons-digester-1.8.1.jar:/home/user/.m2/repository/io/jaegertracing/jaeger-client/0.33.1/jaeger-client-0.33.1.jar:/home/user/.m2/repository/io/jaegertracing/jaeger-thrift/0.33.1/jaeger-thrift-0.33.1.jar:/home/user/.m2/repository/org/apache/thrift/libthrift/0.11.0/libthrift-0.11.0.jar:/home/user/.m2/repository/com/squareup/okhttp3/okhttp/3.9.0/okhttp-3.9.0.jar:/home/user/.m2/repository/com/squareup/okio/okio/1.13.0/okio-1.13.0.jar:/home/user/.m2/repository/io/jaegertracing/jaeger-core/0.33.1/jaeger-core-0.33.1.jar:/home/user/.m2/repository/io/jaegertracing/jaeger-tracerresolver/0.33.1/jaeger-tracerresolver-0.33.1.jar:/home/user/.m2/repository/io/opentracing/contrib/opentracing-tracerresolver/0.1.5/opentracing-tracerresolver-0.1.5.jar:/home/user/.m2/repository/io/opentracing/opentracing-util/0.31.0/opentracing-util-0.31.0.jar:/home/user/.m2/repository/io/opentracing/opentracing-api/0.31.0/opentracing-api-0.31.0.jar:/home/user/.m2/repository/io/opentracing/opentracing-noop/0.31.0/opentracing-noop-0.31.0.jar:/home/user/.m2/repository/org/yaml/snakeyaml/1.16/snakeyaml-1.16.jar:/home/user/.m2/repository/org/apache/hadoop/hadoop-hdfs-client/3.2.0/hadoop-hdfs-client-3.2.0.jar:/home/user/.m2/repository/info/picocli/picocli/3.9.6/picocli-3.9.6.jar:/home/user/.m2/repository/org/apache/hadoop/hadoop-hdds-server-scm/0.5.0-SNAPSHOT/hadoop-hdds-server-scm-0.5.0-SNAPSHOT.jar:/home/user/.m2/repository/org/apache/hadoop/hadoop-hdds-docs/0.5.0-SNAPSHOT/hadoop-hdds-docs-0.5.0-SNAPSHOT.jar:/home/user/.m2/repository/io/dropwizard/metrics/metrics-core/3.2.4/metrics-core-3.2.4.jar:/home/user/.m2/repository/org/hamcrest/hamcrest-all/1.3/hamcrest-all-1.3.jar:/home/user/.m2/repository/org/bouncycastle/bcprov-jdk15on/1.60/bcprov-jdk15on-1.60.jar:/home/user/.m2/repository/org/apache/hadoop/hadoop-hdds-server-framework/0.5.0-SNAPSHOT/hadoop-hdds-server-framework-0.5.0-SNAPSHOT.jar:/home/user/.m2/repository/org/apache/hadoop/hadoop-ozone-ozone-manager/0.5.0-SNAPSHOT/hadoop-ozone-ozone-manager-0.5.0-SNAPSHOT.jar:/home/user/.m2/repository/org/apache/hadoop/hadoop-hdds-container-service/0.5.0-SNAPSHOT/hadoop-hdds-container-service-0.5.0-SNAPSHOT.jar:/home/user/.m2/repository/org/apache/hadoop/hadoop-hdds-client/0.5.0-SNAPSHOT/hadoop-hdds-client-0.5.0-SNAPSHOT.jar:/home/user/.m2/repository/org/apache/hadoop/hadoop-ozone-common/0.5.0-SNAPSHOT/hadoop-ozone-common-0.5.0-SNAPSHOT.jar:/home/user/.m2/repository/org/apache/hadoop/hadoop-hdds-tools/0.5.0-SNAPSHOT/hadoop-hdds-tools-0.5.0-SNAPSHOT.jar:/home/user/.m2/repository/org/xerial/sqlite-jdbc/3.25.2/sqlite-jdbc-3.25.2.jar:/home/user/.m2/repository/org/apache/hadoop/hadoop-ozone-objectstore-service/0.5.0-SNAPSHOT/hadoop-ozone-objectstore-service-0.5.0-SNAPSHOT.jar:/home/user/.m2/repository/com/google/code/findbugs/findbugs/3.0.1/findbugs-3.0.1.jar:/home/user/.m2/repository/net/jcip/jcip-annotations/1.0/jcip-annotations-1.0.jar:/home/user/.m2/repository/com/google/code/findbugs/bcel-findbugs/6.0/bcel-findbugs-6.0.jar:/home/user/.m2/repository/com/google/code/findbugs/jFormatString/2.0.1/jFormatString-2.0.1.jar:/home/user/.m2/repository/dom4j/dom4j/1.6.1/dom4j-1.6.1.jar:/home/user/.m2/repository/xml-apis/xml-apis/1.0.b2/xml-apis-1.0.b2.jar:/home/user/.m2/repository/org/ow2/asm/asm-debug-all/5.0.2/asm-debug-all-5.0.2.jar:/home/user/.m2/repository/org/ow2/asm/asm-commons/5.0.2/asm-commons-5.0.2.jar:/home/user/.m2/repository/org/ow2/asm/asm-tree/5.0.2/asm-tree-5.0.2.jar:/home/user/.m2/repository/org/ow2/asm/asm/5.0.4/asm-5.0.4.jar:/home/user/.m2/repository/commons-lang/commons-lang/2.6/commons-lang-2.6.jar:/home/user/.m2/repository/com/apple/AppleJavaExtensions/1.4/AppleJavaExtensions-1.4.jar:/home/user/.m2/repository/jaxen/jaxen/1.1.6/jaxen-1.1.6.jar:/home/user/.m2/repository/org/apache/hadoop/hadoop-common/3.2.0/hadoop-common-3.2.0-tests.jar:/home/user/.m2/repository/org/apache/hadoop/hadoop-ozone-client/0.5.0-SNAPSHOT/hadoop-ozone-client-0.5.0-SNAPSHOT.jar:/home/user/.m2/repository/org/apache/hadoop/hadoop-hdfs/3.2.0/hadoop-hdfs-3.2.0-tests.jar:/workdir/hadoop-ozone/integration-test/target/test-classes:/home/user/.m2/repository/org/apache/hadoop/hadoop-ozone-s3gateway/0.5.0-SNAPSHOT/hadoop-ozone-s3gateway-0.5.0-SNAPSHOT.jar:/home/user/.m2/repository/org/jboss/weld/servlet/weld-servlet/2.4.7.Final/weld-servlet-2.4.7.Final.jar:/home/user/.m2/repository/org/glassfish/jersey/containers/jersey-container-servlet-core/2.27/jersey-container-servlet-core-2.27.jar:/home/user/.m2/repository/org/glassfish/hk2/external/javax.inject/2.5.0-b42/javax.inject-2.5.0-b42.jar:/home/user/.m2/repository/org/glassfish/jersey/core/jersey-common/2.27/jersey-common-2.27.jar:/home/user/.m2/repository/org/glassfish/hk2/osgi-resource-locator/1.0.1/osgi-resource-locator-1.0.1.jar:/home/user/.m2/repository/javax/ws/rs/javax.ws.rs-api/2.1/javax.ws.rs-api-2.1.jar:/home/user/.m2/repository/org/glassfish/jersey/ext/cdi/jersey-cdi1x/2.27/jersey-cdi1x-2.27.jar:/home/user/.m2/repository/org/glassfish/jersey/inject/jersey-hk2/2.27/jersey-hk2-2.27.jar:/home/user/.m2/repository/org/glassfish/hk2/hk2-locator/2.5.0-b42/hk2-locator-2.5.0-b42.jar:/home/user/.m2/repository/org/javassist/javassist/3.22.0-CR2/javassist-3.22.0-CR2.jar:/home/user/.m2/repository/org/glassfish/hk2/hk2-api/2.5.0/hk2-api-2.5.0.jar:/home/user/.m2/repository/org/glassfish/hk2/external/jakarta.inject/2.5.0/jakarta.inject-2.5.0.jar:/home/user/.m2/repository/org/glassfish/hk2/hk2-utils/2.5.0/hk2-utils-2.5.0.jar:/home/user/.m2/repository/jakarta/annotation/jakarta.annotation-api/1.3.4/jakarta.annotation-api-1.3.4.jar:/home/user/.m2/repository/org/glassfish/hk2/external/aopalliance-repackaged/2.5.0/aopalliance-repackaged-2.5.0.jar:/home/user/.m2/repository/com/fasterxml/jackson/dataformat/jackson-dataformat-xml/2.9.0/jackson-dataformat-xml-2.9.0.jar:/home/user/.m2/repository/com/fasterxml/jackson/module/jackson-module-jaxb-annotations/2.9.5/jackson-module-jaxb-annotations-2.9.5.jar:/home/user/.m2/repository/javax/enterprise/cdi-api/1.2/cdi-api-1.2.jar:/home/user/.m2/repository/javax/el/javax.el-api/3.0.0/javax.el-api-3.0.0.jar:/home/user/.m2/repository/javax/interceptor/javax.interceptor-api/1.2/javax.interceptor-api-1.2.jar:/home/user/.m2/repository/javax/inject/javax.inject/1/javax.inject-1.jar:/home/user/.m2/repository/com/sun/xml/bind/jaxb-core/2.3.0.1/jaxb-core-2.3.0.1.jar:/home/user/.m2/repository/javax/xml/bind/jaxb-api/2.3.0/jaxb-api-2.3.0.jar:/home/user/.m2/repository/javax/activation/activation/1.1.1/activation-1.1.1.jar:/home/user/.m2/repository/org/apache/hadoop/hadoop-ozone-csi/0.5.0-SNAPSHOT/hadoop-ozone-csi-0.5.0-SNAPSHOT.jar:/home/user/.m2/repository/com/google/protobuf/protobuf-java-util/3.5.1/protobuf-java-util-3.5.1.jar:/home/user/.m2/repository/io/grpc/grpc-netty/1.17.1/grpc-netty-1.17.1.jar:/home/user/.m2/repository/io/grpc/grpc-core/1.17.1/grpc-core-1.17.1.jar:/home/user/.m2/repository/io/grpc/grpc-context/1.17.1/grpc-context-1.17.1.jar:/home/user/.m2/repository/com/google/errorprone/error_prone_annotations/2.2.0/error_prone_annotations-2.2.0.jar:/home/user/.m2/repository/org/codehaus/mojo/animal-sniffer-annotations/1.17/animal-sniffer-annotations-1.17.jar:/home/user/.m2/repository/io/opencensus/opencensus-api/0.17.0/opencensus-api-0.17.0.jar:/home/user/.m2/repository/io/opencensus/opencensus-contrib-grpc-metrics/0.17.0/opencensus-contrib-grpc-metrics-0.17.0.jar:/home/user/.m2/repository/io/netty/netty-codec-http2/4.1.30.Final/netty-codec-http2-4.1.30.Final.jar:/home/user/.m2/repository/io/netty/netty-codec-http/4.1.30.Final/netty-codec-http-4.1.30.Final.jar:/home/user/.m2/repository/io/netty/netty-codec/4.1.30.Final/netty-codec-4.1.30.Final.jar:/home/user/.m2/repository/io/netty/netty-handler/4.1.30.Final/netty-handler-4.1.30.Final.jar:/home/user/.m2/repository/io/netty/netty-handler-proxy/4.1.30.Final/netty-handler-proxy-4.1.30.Final.jar:/home/user/.m2/repository/io/netty/netty-codec-socks/4.1.30.Final/netty-codec-socks-4.1.30.Final.jar:/home/user/.m2/repository/io/netty/netty-transport-native-epoll/4.1.30.Final/netty-transport-native-epoll-4.1.30.Final.jar:/home/user/.m2/repository/io/netty/netty-common/4.1.30.Final/netty-common-4.1.30.Final.jar:/home/user/.m2/repository/io/netty/netty-buffer/4.1.30.Final/netty-buffer-4.1.30.Final.jar:/home/user/.m2/repository/io/netty/netty-transport/4.1.30.Final/netty-transport-4.1.30.Final.jar:/home/user/.m2/repository/io/netty/netty-resolver/4.1.30.Final/netty-resolver-4.1.30.Final.jar:/home/user/.m2/repository/io/netty/netty-transport-native-unix-common/4.1.30.Final/netty-transport-native-unix-common-4.1.30.Final.jar:/home/user/.m2/repository/io/grpc/grpc-protobuf/1.17.1/grpc-protobuf-1.17.1.jar:/home/user/.m2/repository/com/google/api/grpc/proto-google-common-protos/1.0.0/proto-google-common-protos-1.0.0.jar:/home/user/.m2/repository/io/grpc/grpc-protobuf-lite/1.17.1/grpc-protobuf-lite-1.17.1.jar:/home/user/.m2/repository/io/grpc/grpc-stub/1.17.1/grpc-stub-1.17.1.jar:/home/user/.m2/repository/org/apache/hadoop/hadoop-ozone-recon/0.5.0-SNAPSHOT/hadoop-ozone-recon-0.5.0-SNAPSHOT.jar:/home/user/.m2/repository/org/apache/hadoop/hadoop-ozone-reconcodegen/0.5.0-SNAPSHOT/hadoop-ozone-reconcodegen-0.5.0-SNAPSHOT.jar:/home/user/.m2/repository/com/google/inject/extensions/guice-multibindings/4.0/guice-multibindings-4.0.jar:/home/user/.m2/repository/com/google/inject/guice/4.0/guice-4.0.jar:/home/user/.m2/repository/aopalliance/aopalliance/1.0/aopalliance-1.0.jar:/home/user/.m2/repository/org/glassfish/jersey/containers/jersey-container-servlet/2.27/jersey-container-servlet-2.27.jar:/home/user/.m2/repository/org/glassfish/hk2/guice-bridge/2.5.0/guice-bridge-2.5.0.jar:/home/user/.m2/repository/org/glassfish/jersey/core/jersey-server/2.27/jersey-server-2.27.jar:/home/user/.m2/repository/org/glassfish/jersey/core/jersey-client/2.27/jersey-client-2.27.jar:/home/user/.m2/repository/org/glassfish/jersey/media/jersey-media-jaxb/2.27/jersey-media-jaxb-2.27.jar:/home/user/.m2/repository/javax/validation/validation-api/1.1.0.Final/validation-api-1.1.0.Final.jar:/home/user/.m2/repository/org/glassfish/jersey/media/jersey-media-json-jackson/2.27/jersey-media-json-jackson-2.27.jar:/home/user/.m2/repository/org/glassfish/jersey/ext/jersey-entity-filtering/2.27/jersey-entity-filtering-2.27.jar:/home/user/.m2/repository/com/google/inject/extensions/guice-assistedinject/4.0/guice-assistedinject-4.0.jar:/home/user/.m2/repository/org/jooq/jooq/3.11.10/jooq-3.11.10.jar:/home/user/.m2/repository/org/jooq/jooq-meta/3.11.10/jooq-meta-3.11.10.jar:/home/user/.m2/repository/org/jooq/jooq-codegen/3.11.10/jooq-codegen-3.11.10.jar:/home/user/.m2/repository/com/jolbox/bonecp/0.8.0.RELEASE/bonecp-0.8.0.RELEASE.jar:/home/user/.m2/repository/org/springframework/spring-jdbc/5.1.3.RELEASE/spring-jdbc-5.1.3.RELEASE.jar:/home/user/.m2/repository/org/springframework/spring-beans/5.1.3.RELEASE/spring-beans-5.1.3.RELEASE.jar:/home/user/.m2/repository/org/springframework/spring-core/5.1.3.RELEASE/spring-core-5.1.3.RELEASE.jar:/home/user/.m2/repository/org/springframework/spring-jcl/5.1.3.RELEASE/spring-jcl-5.1.3.RELEASE.jar:/home/user/.m2/repository/org/springframework/spring-tx/5.1.3.RELEASE/spring-tx-5.1.3.RELEASE.jar:/home/user/.m2/repository/org/mockito/mockito-all/1.10.19/mockito-all-1.10.19.jar:/home/user/.m2/repository/junit/junit/4.11/junit-4.11.jar:/home/user/.m2/repository/org/hamcrest/hamcrest-core/1.3/hamcrest-core-1.3.jar:/home/user/.m2/repository/org/apache/hadoop/hadoop-distcp/3.2.0/hadoop-distcp-3.2.0.jar:/home/user/.m2/repository/org/apache/hadoop/hadoop-distcp/3.2.0/hadoop-distcp-3.2.0-tests.jar:/home/user/.m2/repository/org/apache/hadoop/hadoop-mapreduce-client-jobclient/3.2.0/hadoop-mapreduce-client-jobclient-3.2.0.jar:/home/user/.m2/repository/org/apache/hadoop/hadoop-mapreduce-client-common/3.2.0/hadoop-mapreduce-client-common-3.2.0.jar:/home/user/.m2/repository/org/apache/hadoop/hadoop-yarn-common/3.2.0/hadoop-yarn-common-3.2.0.jar:/home/user/.m2/repository/org/apache/hadoop/hadoop-yarn-api/3.2.0/hadoop-yarn-api-3.2.0.jar:/home/user/.m2/repository/com/sun/jersey/jersey-client/1.19/jersey-client-1.19.jar:/home/user/.m2/repository/com/sun/jersey/contribs/jersey-guice/1.19/jersey-guice-1.19.jar:/home/user/.m2/repository/com/fasterxml/jackson/jaxrs/jackson-jaxrs-json-provider/2.9.5/jackson-jaxrs-json-provider-2.9.5.jar:/home/user/.m2/repository/com/fasterxml/jackson/jaxrs/jackson-jaxrs-base/2.9.5/jackson-jaxrs-base-2.9.5.jar:/home/user/.m2/repository/org/apache/hadoop/hadoop-yarn-client/3.2.0/hadoop-yarn-client-3.2.0.jar:/home/user/.m2/repository/org/apache/hadoop/hadoop-mapreduce-client-core/3.2.0/hadoop-mapreduce-client-core-3.2.0.jar:/home/user/.m2/repository/com/google/inject/extensions/guice-servlet/4.0/guice-servlet-4.0.jar:/home/user/.m2/repository/org/powermock/powermock-module-junit4/1.6.5/powermock-module-junit4-1.6.5.jar:/home/user/.m2/repository/org/powermock/powermock-module-junit4-common/1.6.5/powermock-module-junit4-common-1.6.5.jar:/home/user/.m2/repository/org/powermock/powermock-core/1.6.5/powermock-core-1.6.5.jar:/home/user/.m2/repository/org/powermock/powermock-reflect/1.6.5/powermock-reflect-1.6.5.jar:/home/user/.m2/repository/org/powermock/powermock-api-mockito/1.6.5/powermock-api-mockito-1.6.5.jar:/home/user/.m2/repository/org/mockito/mockito-core/1.10.19/mockito-core-1.10.19.jar:/home/user/.m2/repository/org/objenesis/objenesis/1.0/objenesis-1.0.jar:/home/user/.m2/repository/org/powermock/powermock-api-mockito-common/1.6.5/powermock-api-mockito-common-1.6.5.jar:/home/user/.m2/repository/org/powermock/powermock-api-support/1.6.5/powermock-api-support-1.6.5.jar:"/>
    <property name="java.vm.vendor" value="IcedTea"/>
    <property name="sun.arch.data.model" value="64"/>
    <property name="test.build.dir" value="/workdir/hadoop-ozone/ozonefs/target/test-dir"/>
    <property name="test.cache.data" value=""/>
    <property name="java.vendor.url" value="https://icedtea.classpath.org"/>
    <property name="user.timezone" value=""/>
    <property name="java.vm.specification.version" value="1.8"/>
    <property name="os.name" value="Linux"/>
    <property name="test.build.data" value="/workdir/hadoop-ozone/ozonefs/target/test-dir"/>
    <property name="user.country" value="US"/>
    <property name="sun.java.launcher" value="SUN_STANDARD"/>
    <property name="sun.boot.library.path" value="/usr/lib/jvm/java-1.8-openjdk/jre/lib/amd64"/>
    <property name="sun.java.command" value="/workdir/hadoop-ozone/ozonefs/target/surefire/surefirebooter278039149353948882.jar /workdir/hadoop-ozone/ozonefs/target/surefire 2019-09-19T09-27-26_393-jvmRun1 surefire2153500629372837790tmp surefire_1034998171518714202576tmp"/>
    <property name="test" value="!TestMiniChaosOzoneCluster"/>
    <property name="surefire.test.class.path" value="/workdir/hadoop-ozone/ozonefs/target/test-classes:/workdir/hadoop-ozone/ozonefs/target/classes:/home/user/.m2/repository/org/apache/hadoop/hadoop-common/3.2.0/hadoop-common-3.2.0.jar:/home/user/.m2/repository/org/apache/hadoop/hadoop-annotations/3.2.0/hadoop-annotations-3.2.0.jar:/usr/lib/jvm/java-1.8-openjdk/jre/../lib/tools.jar:/home/user/.m2/repository/com/google/guava/guava/11.0.2/guava-11.0.2.jar:/home/user/.m2/repository/commons-cli/commons-cli/1.2/commons-cli-1.2.jar:/home/user/.m2/repository/org/apache/commons/commons-math3/3.1.1/commons-math3-3.1.1.jar:/home/user/.m2/repository/org/apache/httpcomponents/httpclient/4.5.2/httpclient-4.5.2.jar:/home/user/.m2/repository/org/apache/httpcomponents/httpcore/4.4.4/httpcore-4.4.4.jar:/home/user/.m2/repository/commons-codec/commons-codec/1.11/commons-codec-1.11.jar:/home/user/.m2/repository/commons-io/commons-io/2.5/commons-io-2.5.jar:/home/user/.m2/repository/commons-net/commons-net/3.6/commons-net-3.6.jar:/home/user/.m2/repository/commons-collections/commons-collections/3.2.2/commons-collections-3.2.2.jar:/home/user/.m2/repository/javax/servlet/javax.servlet-api/3.1.0/javax.servlet-api-3.1.0.jar:/home/user/.m2/repository/org/eclipse/jetty/jetty-server/9.3.24.v20180605/jetty-server-9.3.24.v20180605.jar:/home/user/.m2/repository/org/eclipse/jetty/jetty-http/9.3.24.v20180605/jetty-http-9.3.24.v20180605.jar:/home/user/.m2/repository/org/eclipse/jetty/jetty-io/9.3.24.v20180605/jetty-io-9.3.24.v20180605.jar:/home/user/.m2/repository/org/eclipse/jetty/jetty-util/9.3.24.v20180605/jetty-util-9.3.24.v20180605.jar:/home/user/.m2/repository/org/eclipse/jetty/jetty-servlet/9.3.24.v20180605/jetty-servlet-9.3.24.v20180605.jar:/home/user/.m2/repository/org/eclipse/jetty/jetty-security/9.3.24.v20180605/jetty-security-9.3.24.v20180605.jar:/home/user/.m2/repository/org/eclipse/jetty/jetty-webapp/9.3.24.v20180605/jetty-webapp-9.3.24.v20180605.jar:/home/user/.m2/repository/org/eclipse/jetty/jetty-xml/9.3.24.v20180605/jetty-xml-9.3.24.v20180605.jar:/home/user/.m2/repository/javax/servlet/jsp/jsp-api/2.1/jsp-api-2.1.jar:/home/user/.m2/repository/com/sun/jersey/jersey-core/1.19/jersey-core-1.19.jar:/home/user/.m2/repository/javax/ws/rs/jsr311-api/1.1.1/jsr311-api-1.1.1.jar:/home/user/.m2/repository/com/sun/jersey/jersey-servlet/1.19/jersey-servlet-1.19.jar:/home/user/.m2/repository/com/sun/jersey/jersey-json/1.19/jersey-json-1.19.jar:/home/user/.m2/repository/org/codehaus/jettison/jettison/1.1/jettison-1.1.jar:/home/user/.m2/repository/com/sun/xml/bind/jaxb-impl/2.3.0.1/jaxb-impl-2.3.0.1.jar:/home/user/.m2/repository/org/codehaus/jackson/jackson-core-asl/1.9.13/jackson-core-asl-1.9.13.jar:/home/user/.m2/repository/org/codehaus/jackson/jackson-mapper-asl/1.9.13/jackson-mapper-asl-1.9.13.jar:/home/user/.m2/repository/org/codehaus/jackson/jackson-jaxrs/1.9.13/jackson-jaxrs-1.9.13.jar:/home/user/.m2/repository/org/codehaus/jackson/jackson-xc/1.9.13/jackson-xc-1.9.13.jar:/home/user/.m2/repository/com/sun/jersey/jersey-server/1.19/jersey-server-1.19.jar:/home/user/.m2/repository/commons-logging/commons-logging/1.1.3/commons-logging-1.1.3.jar:/home/user/.m2/repository/log4j/log4j/1.2.17/log4j-1.2.17.jar:/home/user/.m2/repository/commons-beanutils/commons-beanutils/1.9.3/commons-beanutils-1.9.3.jar:/home/user/.m2/repository/org/apache/commons/commons-configuration2/2.1.1/commons-configuration2-2.1.1.jar:/home/user/.m2/repository/org/apache/commons/commons-lang3/3.7/commons-lang3-3.7.jar:/home/user/.m2/repository/org/apache/commons/commons-text/1.4/commons-text-1.4.jar:/home/user/.m2/repository/org/slf4j/slf4j-api/1.7.25/slf4j-api-1.7.25.jar:/home/user/.m2/repository/org/slf4j/slf4j-log4j12/1.7.25/slf4j-log4j12-1.7.25.jar:/home/user/.m2/repository/org/apache/avro/avro/1.7.7/avro-1.7.7.jar:/home/user/.m2/repository/com/thoughtworks/paranamer/paranamer/2.3/paranamer-2.3.jar:/home/user/.m2/repository/org/xerial/snappy/snappy-java/1.0.5/snappy-java-1.0.5.jar:/home/user/.m2/repository/com/google/re2j/re2j/1.1/re2j-1.1.jar:/home/user/.m2/repository/com/google/protobuf/protobuf-java/2.5.0/protobuf-java-2.5.0.jar:/home/user/.m2/repository/com/google/code/gson/gson/2.2.4/gson-2.2.4.jar:/home/user/.m2/repository/org/apache/hadoop/hadoop-auth/3.2.0/hadoop-auth-3.2.0.jar:/home/user/.m2/repository/com/nimbusds/nimbus-jose-jwt/4.41.1/nimbus-jose-jwt-4.41.1.jar:/home/user/.m2/repository/com/github/stephenc/jcip/jcip-annotations/1.0-1/jcip-annotations-1.0-1.jar:/home/user/.m2/repository/net/minidev/json-smart/2.3/json-smart-2.3.jar:/home/user/.m2/repository/net/minidev/accessors-smart/1.2/accessors-smart-1.2.jar:/home/user/.m2/repository/org/apache/curator/curator-framework/2.12.0/curator-framework-2.12.0.jar:/home/user/.m2/repository/com/jcraft/jsch/0.1.54/jsch-0.1.54.jar:/home/user/.m2/repository/org/apache/curator/curator-client/2.12.0/curator-client-2.12.0.jar:/home/user/.m2/repository/org/apache/curator/curator-recipes/2.12.0/curator-recipes-2.12.0.jar:/home/user/.m2/repository/com/google/code/findbugs/jsr305/3.0.0/jsr305-3.0.0.jar:/home/user/.m2/repository/org/apache/htrace/htrace-core4/4.1.0-incubating/htrace-core4-4.1.0-incubating.jar:/home/user/.m2/repository/org/apache/zookeeper/zookeeper/3.4.13/zookeeper-3.4.13.jar:/home/user/.m2/repository/org/apache/yetus/audience-annotations/0.5.0/audience-annotations-0.5.0.jar:/home/user/.m2/repository/org/apache/commons/commons-compress/1.4.1/commons-compress-1.4.1.jar:/home/user/.m2/repository/org/tukaani/xz/1.0/xz-1.0.jar:/home/user/.m2/repository/org/apache/kerby/kerb-simplekdc/1.0.1/kerb-simplekdc-1.0.1.jar:/home/user/.m2/repository/org/apache/kerby/kerb-client/1.0.1/kerb-client-1.0.1.jar:/home/user/.m2/repository/org/apache/kerby/kerby-config/1.0.1/kerby-config-1.0.1.jar:/home/user/.m2/repository/org/apache/kerby/kerb-core/1.0.1/kerb-core-1.0.1.jar:/home/user/.m2/repository/org/apache/kerby/kerby-pkix/1.0.1/kerby-pkix-1.0.1.jar:/home/user/.m2/repository/org/apache/kerby/kerby-asn1/1.0.1/kerby-asn1-1.0.1.jar:/home/user/.m2/repository/org/apache/kerby/kerby-util/1.0.1/kerby-util-1.0.1.jar:/home/user/.m2/repository/org/apache/kerby/kerb-common/1.0.1/kerb-common-1.0.1.jar:/home/user/.m2/repository/org/apache/kerby/kerb-crypto/1.0.1/kerb-crypto-1.0.1.jar:/home/user/.m2/repository/org/apache/kerby/kerb-util/1.0.1/kerb-util-1.0.1.jar:/home/user/.m2/repository/org/apache/kerby/token-provider/1.0.1/token-provider-1.0.1.jar:/home/user/.m2/repository/org/apache/kerby/kerb-admin/1.0.1/kerb-admin-1.0.1.jar:/home/user/.m2/repository/org/apache/kerby/kerb-server/1.0.1/kerb-server-1.0.1.jar:/home/user/.m2/repository/org/apache/kerby/kerb-identity/1.0.1/kerb-identity-1.0.1.jar:/home/user/.m2/repository/org/apache/kerby/kerby-xdr/1.0.1/kerby-xdr-1.0.1.jar:/home/user/.m2/repository/com/fasterxml/jackson/core/jackson-databind/2.9.5/jackson-databind-2.9.5.jar:/home/user/.m2/repository/com/fasterxml/jackson/core/jackson-annotations/2.9.5/jackson-annotations-2.9.5.jar:/home/user/.m2/repository/com/fasterxml/jackson/core/jackson-core/2.9.5/jackson-core-2.9.5.jar:/home/user/.m2/repository/org/codehaus/woodstox/stax2-api/3.1.4/stax2-api-3.1.4.jar:/home/user/.m2/repository/com/fasterxml/woodstox/woodstox-core/5.0.3/woodstox-core-5.0.3.jar:/home/user/.m2/repository/dnsjava/dnsjava/2.1.7/dnsjava-2.1.7.jar:/home/user/.m2/repository/org/apache/hadoop/hadoop-hdfs/3.2.0/hadoop-hdfs-3.2.0.jar:/home/user/.m2/repository/org/eclipse/jetty/jetty-util-ajax/9.3.24.v20180605/jetty-util-ajax-9.3.24.v20180605.jar:/home/user/.m2/repository/commons-daemon/commons-daemon/1.0.13/commons-daemon-1.0.13.jar:/home/user/.m2/repository/io/netty/netty/3.10.5.Final/netty-3.10.5.Final.jar:/home/user/.m2/repository/io/netty/netty-all/4.0.52.Final/netty-all-4.0.52.Final.jar:/home/user/.m2/repository/org/fusesource/leveldbjni/leveldbjni-all/1.8/leveldbjni-all-1.8.jar:/home/user/.m2/repository/org/apache/hadoop/hadoop-hdds-common/0.5.0-SNAPSHOT/hadoop-hdds-common-0.5.0-SNAPSHOT.jar:/home/user/.m2/repository/org/apache/hadoop/hadoop-hdds-config/0.5.0-SNAPSHOT/hadoop-hdds-config-0.5.0-SNAPSHOT.jar:/home/user/.m2/repository/javax/annotation/javax.annotation-api/1.2/javax.annotation-api-1.2.jar:/home/user/.m2/repository/org/apache/ratis/ratis-server/0.4.0-2337318-SNAPSHOT/ratis-server-0.4.0-2337318-SNAPSHOT.jar:/home/user/.m2/repository/org/apache/ratis/ratis-thirdparty-misc/0.2.0/ratis-thirdparty-misc-0.2.0.jar:/home/user/.m2/repository/org/apache/ratis/ratis-proto/0.4.0-2337318-SNAPSHOT/ratis-proto-0.4.0-2337318-SNAPSHOT.jar:/home/user/.m2/repository/org/apache/ratis/ratis-common/0.4.0-2337318-SNAPSHOT/ratis-common-0.4.0-2337318-SNAPSHOT.jar:/home/user/.m2/repository/org/apache/ratis/ratis-client/0.4.0-2337318-SNAPSHOT/ratis-client-0.4.0-2337318-SNAPSHOT.jar:/home/user/.m2/repository/org/apache/ratis/ratis-metrics/0.4.0-2337318-SNAPSHOT/ratis-metrics-0.4.0-2337318-SNAPSHOT.jar:/home/user/.m2/repository/org/apache/ratis/ratis-netty/0.4.0-2337318-SNAPSHOT/ratis-netty-0.4.0-2337318-SNAPSHOT.jar:/home/user/.m2/repository/org/apache/ratis/ratis-grpc/0.4.0-2337318-SNAPSHOT/ratis-grpc-0.4.0-2337318-SNAPSHOT.jar:/home/user/.m2/repository/org/rocksdb/rocksdbjni/6.0.1/rocksdbjni-6.0.1.jar:/home/user/.m2/repository/org/apache/logging/log4j/log4j-api/2.11.0/log4j-api-2.11.0.jar:/home/user/.m2/repository/org/apache/logging/log4j/log4j-core/2.11.0/log4j-core-2.11.0.jar:/home/user/.m2/repository/com/lmax/disruptor/3.4.2/disruptor-3.4.2.jar:/home/user/.m2/repository/org/apache/commons/commons-pool2/2.6.0/commons-pool2-2.6.0.jar:/home/user/.m2/repository/org/bouncycastle/bcpkix-jdk15on/1.60/bcpkix-jdk15on-1.60.jar:/home/user/.m2/repository/commons-validator/commons-validator/1.6/commons-validator-1.6.jar:/home/user/.m2/repository/commons-digester/commons-digester/1.8.1/commons-digester-1.8.1.jar:/home/user/.m2/repository/io/jaegertracing/jaeger-client/0.33.1/jaeger-client-0.33.1.jar:/home/user/.m2/repository/io/jaegertracing/jaeger-thrift/0.33.1/jaeger-thrift-0.33.1.jar:/home/user/.m2/repository/org/apache/thrift/libthrift/0.11.0/libthrift-0.11.0.jar:/home/user/.m2/repository/com/squareup/okhttp3/okhttp/3.9.0/okhttp-3.9.0.jar:/home/user/.m2/repository/com/squareup/okio/okio/1.13.0/okio-1.13.0.jar:/home/user/.m2/repository/io/jaegertracing/jaeger-core/0.33.1/jaeger-core-0.33.1.jar:/home/user/.m2/repository/io/jaegertracing/jaeger-tracerresolver/0.33.1/jaeger-tracerresolver-0.33.1.jar:/home/user/.m2/repository/io/opentracing/contrib/opentracing-tracerresolver/0.1.5/opentracing-tracerresolver-0.1.5.jar:/home/user/.m2/repository/io/opentracing/opentracing-util/0.31.0/opentracing-util-0.31.0.jar:/home/user/.m2/repository/io/opentracing/opentracing-api/0.31.0/opentracing-api-0.31.0.jar:/home/user/.m2/repository/io/opentracing/opentracing-noop/0.31.0/opentracing-noop-0.31.0.jar:/home/user/.m2/repository/org/yaml/snakeyaml/1.16/snakeyaml-1.16.jar:/home/user/.m2/repository/org/apache/hadoop/hadoop-hdfs-client/3.2.0/hadoop-hdfs-client-3.2.0.jar:/home/user/.m2/repository/info/picocli/picocli/3.9.6/picocli-3.9.6.jar:/home/user/.m2/repository/org/apache/hadoop/hadoop-hdds-server-scm/0.5.0-SNAPSHOT/hadoop-hdds-server-scm-0.5.0-SNAPSHOT.jar:/home/user/.m2/repository/org/apache/hadoop/hadoop-hdds-docs/0.5.0-SNAPSHOT/hadoop-hdds-docs-0.5.0-SNAPSHOT.jar:/home/user/.m2/repository/io/dropwizard/metrics/metrics-core/3.2.4/metrics-core-3.2.4.jar:/home/user/.m2/repository/org/hamcrest/hamcrest-all/1.3/hamcrest-all-1.3.jar:/home/user/.m2/repository/org/bouncycastle/bcprov-jdk15on/1.60/bcprov-jdk15on-1.60.jar:/home/user/.m2/repository/org/apache/hadoop/hadoop-hdds-server-framework/0.5.0-SNAPSHOT/hadoop-hdds-server-framework-0.5.0-SNAPSHOT.jar:/home/user/.m2/repository/org/apache/hadoop/hadoop-ozone-ozone-manager/0.5.0-SNAPSHOT/hadoop-ozone-ozone-manager-0.5.0-SNAPSHOT.jar:/home/user/.m2/repository/org/apache/hadoop/hadoop-hdds-container-service/0.5.0-SNAPSHOT/hadoop-hdds-container-service-0.5.0-SNAPSHOT.jar:/home/user/.m2/repository/org/apache/hadoop/hadoop-hdds-client/0.5.0-SNAPSHOT/hadoop-hdds-client-0.5.0-SNAPSHOT.jar:/home/user/.m2/repository/org/apache/hadoop/hadoop-ozone-common/0.5.0-SNAPSHOT/hadoop-ozone-common-0.5.0-SNAPSHOT.jar:/home/user/.m2/repository/org/apache/hadoop/hadoop-hdds-tools/0.5.0-SNAPSHOT/hadoop-hdds-tools-0.5.0-SNAPSHOT.jar:/home/user/.m2/repository/org/xerial/sqlite-jdbc/3.25.2/sqlite-jdbc-3.25.2.jar:/home/user/.m2/repository/org/apache/hadoop/hadoop-ozone-objectstore-service/0.5.0-SNAPSHOT/hadoop-ozone-objectstore-service-0.5.0-SNAPSHOT.jar:/home/user/.m2/repository/com/google/code/findbugs/findbugs/3.0.1/findbugs-3.0.1.jar:/home/user/.m2/repository/net/jcip/jcip-annotations/1.0/jcip-annotations-1.0.jar:/home/user/.m2/repository/com/google/code/findbugs/bcel-findbugs/6.0/bcel-findbugs-6.0.jar:/home/user/.m2/repository/com/google/code/findbugs/jFormatString/2.0.1/jFormatString-2.0.1.jar:/home/user/.m2/repository/dom4j/dom4j/1.6.1/dom4j-1.6.1.jar:/home/user/.m2/repository/xml-apis/xml-apis/1.0.b2/xml-apis-1.0.b2.jar:/home/user/.m2/repository/org/ow2/asm/asm-debug-all/5.0.2/asm-debug-all-5.0.2.jar:/home/user/.m2/repository/org/ow2/asm/asm-commons/5.0.2/asm-commons-5.0.2.jar:/home/user/.m2/repository/org/ow2/asm/asm-tree/5.0.2/asm-tree-5.0.2.jar:/home/user/.m2/repository/org/ow2/asm/asm/5.0.4/asm-5.0.4.jar:/home/user/.m2/repository/commons-lang/commons-lang/2.6/commons-lang-2.6.jar:/home/user/.m2/repository/com/apple/AppleJavaExtensions/1.4/AppleJavaExtensions-1.4.jar:/home/user/.m2/repository/jaxen/jaxen/1.1.6/jaxen-1.1.6.jar:/home/user/.m2/repository/org/apache/hadoop/hadoop-common/3.2.0/hadoop-common-3.2.0-tests.jar:/home/user/.m2/repository/org/apache/hadoop/hadoop-ozone-client/0.5.0-SNAPSHOT/hadoop-ozone-client-0.5.0-SNAPSHOT.jar:/home/user/.m2/repository/org/apache/hadoop/hadoop-hdfs/3.2.0/hadoop-hdfs-3.2.0-tests.jar:/workdir/hadoop-ozone/integration-test/target/test-classes:/home/user/.m2/repository/org/apache/hadoop/hadoop-ozone-s3gateway/0.5.0-SNAPSHOT/hadoop-ozone-s3gateway-0.5.0-SNAPSHOT.jar:/home/user/.m2/repository/org/jboss/weld/servlet/weld-servlet/2.4.7.Final/weld-servlet-2.4.7.Final.jar:/home/user/.m2/repository/org/glassfish/jersey/containers/jersey-container-servlet-core/2.27/jersey-container-servlet-core-2.27.jar:/home/user/.m2/repository/org/glassfish/hk2/external/javax.inject/2.5.0-b42/javax.inject-2.5.0-b42.jar:/home/user/.m2/repository/org/glassfish/jersey/core/jersey-common/2.27/jersey-common-2.27.jar:/home/user/.m2/repository/org/glassfish/hk2/osgi-resource-locator/1.0.1/osgi-resource-locator-1.0.1.jar:/home/user/.m2/repository/javax/ws/rs/javax.ws.rs-api/2.1/javax.ws.rs-api-2.1.jar:/home/user/.m2/repository/org/glassfish/jersey/ext/cdi/jersey-cdi1x/2.27/jersey-cdi1x-2.27.jar:/home/user/.m2/repository/org/glassfish/jersey/inject/jersey-hk2/2.27/jersey-hk2-2.27.jar:/home/user/.m2/repository/org/glassfish/hk2/hk2-locator/2.5.0-b42/hk2-locator-2.5.0-b42.jar:/home/user/.m2/repository/org/javassist/javassist/3.22.0-CR2/javassist-3.22.0-CR2.jar:/home/user/.m2/repository/org/glassfish/hk2/hk2-api/2.5.0/hk2-api-2.5.0.jar:/home/user/.m2/repository/org/glassfish/hk2/external/jakarta.inject/2.5.0/jakarta.inject-2.5.0.jar:/home/user/.m2/repository/org/glassfish/hk2/hk2-utils/2.5.0/hk2-utils-2.5.0.jar:/home/user/.m2/repository/jakarta/annotation/jakarta.annotation-api/1.3.4/jakarta.annotation-api-1.3.4.jar:/home/user/.m2/repository/org/glassfish/hk2/external/aopalliance-repackaged/2.5.0/aopalliance-repackaged-2.5.0.jar:/home/user/.m2/repository/com/fasterxml/jackson/dataformat/jackson-dataformat-xml/2.9.0/jackson-dataformat-xml-2.9.0.jar:/home/user/.m2/repository/com/fasterxml/jackson/module/jackson-module-jaxb-annotations/2.9.5/jackson-module-jaxb-annotations-2.9.5.jar:/home/user/.m2/repository/javax/enterprise/cdi-api/1.2/cdi-api-1.2.jar:/home/user/.m2/repository/javax/el/javax.el-api/3.0.0/javax.el-api-3.0.0.jar:/home/user/.m2/repository/javax/interceptor/javax.interceptor-api/1.2/javax.interceptor-api-1.2.jar:/home/user/.m2/repository/javax/inject/javax.inject/1/javax.inject-1.jar:/home/user/.m2/repository/com/sun/xml/bind/jaxb-core/2.3.0.1/jaxb-core-2.3.0.1.jar:/home/user/.m2/repository/javax/xml/bind/jaxb-api/2.3.0/jaxb-api-2.3.0.jar:/home/user/.m2/repository/javax/activation/activation/1.1.1/activation-1.1.1.jar:/home/user/.m2/repository/org/apache/hadoop/hadoop-ozone-csi/0.5.0-SNAPSHOT/hadoop-ozone-csi-0.5.0-SNAPSHOT.jar:/home/user/.m2/repository/com/google/protobuf/protobuf-java-util/3.5.1/protobuf-java-util-3.5.1.jar:/home/user/.m2/repository/io/grpc/grpc-netty/1.17.1/grpc-netty-1.17.1.jar:/home/user/.m2/repository/io/grpc/grpc-core/1.17.1/grpc-core-1.17.1.jar:/home/user/.m2/repository/io/grpc/grpc-context/1.17.1/grpc-context-1.17.1.jar:/home/user/.m2/repository/com/google/errorprone/error_prone_annotations/2.2.0/error_prone_annotations-2.2.0.jar:/home/user/.m2/repository/org/codehaus/mojo/animal-sniffer-annotations/1.17/animal-sniffer-annotations-1.17.jar:/home/user/.m2/repository/io/opencensus/opencensus-api/0.17.0/opencensus-api-0.17.0.jar:/home/user/.m2/repository/io/opencensus/opencensus-contrib-grpc-metrics/0.17.0/opencensus-contrib-grpc-metrics-0.17.0.jar:/home/user/.m2/repository/io/netty/netty-codec-http2/4.1.30.Final/netty-codec-http2-4.1.30.Final.jar:/home/user/.m2/repository/io/netty/netty-codec-http/4.1.30.Final/netty-codec-http-4.1.30.Final.jar:/home/user/.m2/repository/io/netty/netty-codec/4.1.30.Final/netty-codec-4.1.30.Final.jar:/home/user/.m2/repository/io/netty/netty-handler/4.1.30.Final/netty-handler-4.1.30.Final.jar:/home/user/.m2/repository/io/netty/netty-handler-proxy/4.1.30.Final/netty-handler-proxy-4.1.30.Final.jar:/home/user/.m2/repository/io/netty/netty-codec-socks/4.1.30.Final/netty-codec-socks-4.1.30.Final.jar:/home/user/.m2/repository/io/netty/netty-transport-native-epoll/4.1.30.Final/netty-transport-native-epoll-4.1.30.Final.jar:/home/user/.m2/repository/io/netty/netty-common/4.1.30.Final/netty-common-4.1.30.Final.jar:/home/user/.m2/repository/io/netty/netty-buffer/4.1.30.Final/netty-buffer-4.1.30.Final.jar:/home/user/.m2/repository/io/netty/netty-transport/4.1.30.Final/netty-transport-4.1.30.Final.jar:/home/user/.m2/repository/io/netty/netty-resolver/4.1.30.Final/netty-resolver-4.1.30.Final.jar:/home/user/.m2/repository/io/netty/netty-transport-native-unix-common/4.1.30.Final/netty-transport-native-unix-common-4.1.30.Final.jar:/home/user/.m2/repository/io/grpc/grpc-protobuf/1.17.1/grpc-protobuf-1.17.1.jar:/home/user/.m2/repository/com/google/api/grpc/proto-google-common-protos/1.0.0/proto-google-common-protos-1.0.0.jar:/home/user/.m2/repository/io/grpc/grpc-protobuf-lite/1.17.1/grpc-protobuf-lite-1.17.1.jar:/home/user/.m2/repository/io/grpc/grpc-stub/1.17.1/grpc-stub-1.17.1.jar:/home/user/.m2/repository/org/apache/hadoop/hadoop-ozone-recon/0.5.0-SNAPSHOT/hadoop-ozone-recon-0.5.0-SNAPSHOT.jar:/home/user/.m2/repository/org/apache/hadoop/hadoop-ozone-reconcodegen/0.5.0-SNAPSHOT/hadoop-ozone-reconcodegen-0.5.0-SNAPSHOT.jar:/home/user/.m2/repository/com/google/inject/extensions/guice-multibindings/4.0/guice-multibindings-4.0.jar:/home/user/.m2/repository/com/google/inject/guice/4.0/guice-4.0.jar:/home/user/.m2/repository/aopalliance/aopalliance/1.0/aopalliance-1.0.jar:/home/user/.m2/repository/org/glassfish/jersey/containers/jersey-container-servlet/2.27/jersey-container-servlet-2.27.jar:/home/user/.m2/repository/org/glassfish/hk2/guice-bridge/2.5.0/guice-bridge-2.5.0.jar:/home/user/.m2/repository/org/glassfish/jersey/core/jersey-server/2.27/jersey-server-2.27.jar:/home/user/.m2/repository/org/glassfish/jersey/core/jersey-client/2.27/jersey-client-2.27.jar:/home/user/.m2/repository/org/glassfish/jersey/media/jersey-media-jaxb/2.27/jersey-media-jaxb-2.27.jar:/home/user/.m2/repository/javax/validation/validation-api/1.1.0.Final/validation-api-1.1.0.Final.jar:/home/user/.m2/repository/org/glassfish/jersey/media/jersey-media-json-jackson/2.27/jersey-media-json-jackson-2.27.jar:/home/user/.m2/repository/org/glassfish/jersey/ext/jersey-entity-filtering/2.27/jersey-entity-filtering-2.27.jar:/home/user/.m2/repository/com/google/inject/extensions/guice-assistedinject/4.0/guice-assistedinject-4.0.jar:/home/user/.m2/repository/org/jooq/jooq/3.11.10/jooq-3.11.10.jar:/home/user/.m2/repository/org/jooq/jooq-meta/3.11.10/jooq-meta-3.11.10.jar:/home/user/.m2/repository/org/jooq/jooq-codegen/3.11.10/jooq-codegen-3.11.10.jar:/home/user/.m2/repository/com/jolbox/bonecp/0.8.0.RELEASE/bonecp-0.8.0.RELEASE.jar:/home/user/.m2/repository/org/springframework/spring-jdbc/5.1.3.RELEASE/spring-jdbc-5.1.3.RELEASE.jar:/home/user/.m2/repository/org/springframework/spring-beans/5.1.3.RELEASE/spring-beans-5.1.3.RELEASE.jar:/home/user/.m2/repository/org/springframework/spring-core/5.1.3.RELEASE/spring-core-5.1.3.RELEASE.jar:/home/user/.m2/repository/org/springframework/spring-jcl/5.1.3.RELEASE/spring-jcl-5.1.3.RELEASE.jar:/home/user/.m2/repository/org/springframework/spring-tx/5.1.3.RELEASE/spring-tx-5.1.3.RELEASE.jar:/home/user/.m2/repository/org/mockito/mockito-all/1.10.19/mockito-all-1.10.19.jar:/home/user/.m2/repository/junit/junit/4.11/junit-4.11.jar:/home/user/.m2/repository/org/hamcrest/hamcrest-core/1.3/hamcrest-core-1.3.jar:/home/user/.m2/repository/org/apache/hadoop/hadoop-distcp/3.2.0/hadoop-distcp-3.2.0.jar:/home/user/.m2/repository/org/apache/hadoop/hadoop-distcp/3.2.0/hadoop-distcp-3.2.0-tests.jar:/home/user/.m2/repository/org/apache/hadoop/hadoop-mapreduce-client-jobclient/3.2.0/hadoop-mapreduce-client-jobclient-3.2.0.jar:/home/user/.m2/repository/org/apache/hadoop/hadoop-mapreduce-client-common/3.2.0/hadoop-mapreduce-client-common-3.2.0.jar:/home/user/.m2/repository/org/apache/hadoop/hadoop-yarn-common/3.2.0/hadoop-yarn-common-3.2.0.jar:/home/user/.m2/repository/org/apache/hadoop/hadoop-yarn-api/3.2.0/hadoop-yarn-api-3.2.0.jar:/home/user/.m2/repository/com/sun/jersey/jersey-client/1.19/jersey-client-1.19.jar:/home/user/.m2/repository/com/sun/jersey/contribs/jersey-guice/1.19/jersey-guice-1.19.jar:/home/user/.m2/repository/com/fasterxml/jackson/jaxrs/jackson-jaxrs-json-provider/2.9.5/jackson-jaxrs-json-provider-2.9.5.jar:/home/user/.m2/repository/com/fasterxml/jackson/jaxrs/jackson-jaxrs-base/2.9.5/jackson-jaxrs-base-2.9.5.jar:/home/user/.m2/repository/org/apache/hadoop/hadoop-yarn-client/3.2.0/hadoop-yarn-client-3.2.0.jar:/home/user/.m2/repository/org/apache/hadoop/hadoop-mapreduce-client-core/3.2.0/hadoop-mapreduce-client-core-3.2.0.jar:/home/user/.m2/repository/com/google/inject/extensions/guice-servlet/4.0/guice-servlet-4.0.jar:/home/user/.m2/repository/org/powermock/powermock-module-junit4/1.6.5/powermock-module-junit4-1.6.5.jar:/home/user/.m2/repository/org/powermock/powermock-module-junit4-common/1.6.5/powermock-module-junit4-common-1.6.5.jar:/home/user/.m2/repository/org/powermock/powermock-core/1.6.5/powermock-core-1.6.5.jar:/home/user/.m2/repository/org/powermock/powermock-reflect/1.6.5/powermock-reflect-1.6.5.jar:/home/user/.m2/repository/org/powermock/powermock-api-mockito/1.6.5/powermock-api-mockito-1.6.5.jar:/home/user/.m2/repository/org/mockito/mockito-core/1.10.19/mockito-core-1.10.19.jar:/home/user/.m2/repository/org/objenesis/objenesis/1.0/objenesis-1.0.jar:/home/user/.m2/repository/org/powermock/powermock-api-mockito-common/1.6.5/powermock-api-mockito-common-1.6.5.jar:/home/user/.m2/repository/org/powermock/powermock-api-support/1.6.5/powermock-api-support-1.6.5.jar:"/>
    <property name="sun.cpu.endian" value="little"/>
    <property name="user.home" value="/home/user"/>
    <property name="user.language" value="en"/>
    <property name="java.specification.vendor" value="Oracle Corporation"/>
    <property name="java.home" value="/usr/lib/jvm/java-1.8-openjdk/jre"/>
    <property name="java.security.krb5.conf" value="/workdir/hadoop-ozone/ozonefs/target/test-classes/krb5.conf"/>
    <property name="basedir" value="/workdir/hadoop-ozone/ozonefs"/>
    <property name="file.separator" value="/"/>
    <property name="line.separator" value="&#10;"/>
    <property name="java.vm.specification.vendor" value="Oracle Corporation"/>
    <property name="java.specification.name" value="Java Platform API Specification"/>
    <property name="java.awt.graphicsenv" value="sun.awt.X11GraphicsEnvironment"/>
    <property name="surefire.real.class.path" value="/workdir/hadoop-ozone/ozonefs/target/surefire/surefirebooter278039149353948882.jar"/>
    <property name="hadoop.log.dir" value="/workdir/hadoop-ozone/ozonefs/target/log"/>
    <property name="sun.boot.class.path" value="/usr/lib/jvm/java-1.8-openjdk/jre/lib/resources.jar:/usr/lib/jvm/java-1.8-openjdk/jre/lib/rt.jar:/usr/lib/jvm/java-1.8-openjdk/jre/lib/sunrsasign.jar:/usr/lib/jvm/java-1.8-openjdk/jre/lib/jsse.jar:/usr/lib/jvm/java-1.8-openjdk/jre/lib/jce.jar:/usr/lib/jvm/java-1.8-openjdk/jre/lib/charsets.jar:/usr/lib/jvm/java-1.8-openjdk/jre/lib/jfr.jar:/usr/lib/jvm/java-1.8-openjdk/jre/classes"/>
    <property name="sun.management.compiler" value="HotSpot 64-Bit Tiered Compilers"/>
    <property name="java.runtime.version" value="1.8.0_212-b04"/>
    <property name="java.net.preferIPv4Stack" value="true"/>
    <property name="user.name" value="jenkins1000"/>
    <property name="path.separator" value=":"/>
    <property name="java.security.egd" value="file:///dev/urandom"/>
    <property name="os.version" value="3.10.0-957.12.2.el7.x86_64"/>
    <property name="java.endorsed.dirs" value="/usr/lib/jvm/java-1.8-openjdk/jre/lib/endorsed"/>
    <property name="java.runtime.name" value="OpenJDK Runtime Environment"/>
    <property name="file.encoding" value="UTF-8"/>
    <property name="java.vm.name" value="OpenJDK 64-Bit Server VM"/>
    <property name="test.build.webapps" value=""/>
    <property name="localRepository" value="/home/user/.m2/repository"/>
    <property name="java.vendor.url.bug" value="https://icedtea.classpath.org/bugzilla"/>
    <property name="java.io.tmpdir" value="/tmp"/>
    <property name="require.test.libhadoop" value=""/>
    <property name="java.version" value="1.8.0_212"/>
    <property name="user.dir" value="/workdir/hadoop-ozone/ozonefs"/>
    <property name="os.arch" value="amd64"/>
    <property name="java.vm.specification.name" value="Java Virtual Machine Specification"/>
    <property name="test.build.classes" value="/workdir/hadoop-ozone/ozonefs/target/test-classes"/>
    <property name="java.awt.printerjob" value="sun.print.PSPrinterJob"/>
    <property name="sun.os.patch.level" value="unknown"/>
    <property name="hadoop.tmp.dir" value="/workdir/hadoop-ozone/ozonefs/target/tmp"/>
    <property name="java.library.path" value="/usr/lib/jvm/java-1.8-openjdk/jre/lib/amd64/server:/usr/lib/jvm/java-1.8-openjdk/jre/lib/amd64:/usr/lib/jvm/java-1.8-openjdk/jre/../lib/amd64:/workdir/hadoop-ozone/ozonefs/target/native/target/usr/local/lib:/workdir/hadoop-ozone/ozonefs/../../hadoop-common-project/hadoop-common/target/native/target/usr/local/lib:/usr/java/packages/lib/amd64:/usr/lib64:/lib64:/lib:/usr/lib"/>
    <property name="java.vm.info" value="mixed mode"/>
    <property name="java.vendor" value="IcedTea"/>
    <property name="java.vm.version" value="25.212-b04"/>
    <property name="java.ext.dirs" value="/usr/lib/jvm/java-1.8-openjdk/jre/lib/ext:/usr/java/packages/lib/ext"/>
    <property name="sun.io.unicode.encoding" value="UnicodeLittle"/>
    <property name="java.class.version" value="52.0"/>
  </properties>
  <testcase name="testOzoneManagerFileSystemInterface[0]" classname="org.apache.hadoop.fs.ozone.TestOzoneFileInterfaces" time="23.639"/>
  <testcase name="testListStatus[0]" classname="org.apache.hadoop.fs.ozone.TestOzoneFileInterfaces" time="18.025"/>
  <testcase name="testDirectory[0]" classname="org.apache.hadoop.fs.ozone.TestOzoneFileInterfaces" time="17.848"/>
  <testcase name="testPathToKey[0]" classname="org.apache.hadoop.fs.ozone.TestOzoneFileInterfaces" time="17.5"/>
  <testcase name="testFileSystemInit[0]" classname="org.apache.hadoop.fs.ozone.TestOzoneFileInterfaces" time="17.651"/>
  <testcase name="testOzFsReadWrite[0]" classname="org.apache.hadoop.fs.ozone.TestOzoneFileInterfaces" time="32.915"/>
  <testcase name="testOzoneManagerFileSystemInterface[1]" classname="org.apache.hadoop.fs.ozone.TestOzoneFileInterfaces" time="17.93"/>
  <testcase name="testListStatus[1]" classname="org.apache.hadoop.fs.ozone.TestOzoneFileInterfaces" time="17.386"/>
  <testcase name="testDirectory[1]" classname="org.apache.hadoop.fs.ozone.TestOzoneFileInterfaces" time="17.609"/>
  <testcase name="testPathToKey[1]" classname="org.apache.hadoop.fs.ozone.TestOzoneFileInterfaces" time="18.233"/>
  <testcase name="testFileSystemInit[1]" classname="org.apache.hadoop.fs.ozone.TestOzoneFileInterfaces" time="18.068"/>
  <testcase name="testOzFsReadWrite[1]" classname="org.apache.hadoop.fs.ozone.TestOzoneFileInterfaces" time="17.692">
    <error message="Allocated 0 blocks. Requested 1 blocks" type="INTERNAL_ERROR org.apache.hadoop.ozone.om.exceptions.OMException">INTERNAL_ERROR org.apache.hadoop.ozone.om.exceptions.OMException: Allocated 0 blocks. Requested 1 blocks
	at org.apache.hadoop.ozone.om.protocolPB.OzoneManagerProtocolClientSideTranslatorPB.handleError(OzoneManagerProtocolClientSideTranslatorPB.java:725)
	at org.apache.hadoop.ozone.om.protocolPB.OzoneManagerProtocolClientSideTranslatorPB.createFile(OzoneManagerProtocolClientSideTranslatorPB.java:1474)
	at org.apache.hadoop.ozone.client.rpc.RpcClient.createFile(RpcClient.java:984)
	at org.apache.hadoop.ozone.client.OzoneBucket.createFile(OzoneBucket.java:535)
	at org.apache.hadoop.fs.ozone.BasicOzoneClientAdapterImpl.createFile(BasicOzoneClientAdapterImpl.java:181)
	at org.apache.hadoop.fs.ozone.BasicOzoneFileSystem.createOutputStream(BasicOzoneFileSystem.java:249)
	at org.apache.hadoop.fs.ozone.BasicOzoneFileSystem.create(BasicOzoneFileSystem.java:230)
	at org.apache.hadoop.fs.FileSystem.create(FileSystem.java:1118)
	at org.apache.hadoop.fs.FileSystem.create(FileSystem.java:1098)
	at org.apache.hadoop.fs.FileSystem.create(FileSystem.java:987)
	at org.apache.hadoop.fs.FileSystem.create(FileSystem.java:975)
	at org.apache.hadoop.fs.ozone.TestOzoneFileInterfaces.testOzFsReadWrite(TestOzoneFileInterfaces.java:186)
	at sun.reflect.NativeMethodAccessorImpl.invoke0(Native Method)
	at sun.reflect.NativeMethodAccessorImpl.invoke(NativeMethodAccessorImpl.java:62)
	at sun.reflect.DelegatingMethodAccessorImpl.invoke(DelegatingMethodAccessorImpl.java:43)
	at java.lang.reflect.Method.invoke(Method.java:498)
	at org.junit.runners.model.FrameworkMethod$1.runReflectiveCall(FrameworkMethod.java:47)
	at org.junit.internal.runners.model.ReflectiveCallable.run(ReflectiveCallable.java:12)
	at org.junit.runners.model.FrameworkMethod.invokeExplosively(FrameworkMethod.java:44)
	at org.junit.internal.runners.statements.InvokeMethod.evaluate(InvokeMethod.java:17)
	at org.junit.internal.runners.statements.RunBefores.evaluate(RunBefores.java:26)
	at org.junit.internal.runners.statements.RunAfters.evaluate(RunAfters.java:27)
	at org.junit.runners.ParentRunner.runLeaf(ParentRunner.java:271)
	at org.junit.runners.BlockJUnit4ClassRunner.runChild(BlockJUnit4ClassRunner.java:70)
	at org.junit.runners.BlockJUnit4ClassRunner.runChild(BlockJUnit4ClassRunner.java:50)
	at org.junit.runners.ParentRunner$3.run(ParentRunner.java:238)
	at org.junit.runners.ParentRunner$1.schedule(ParentRunner.java:63)
	at org.junit.runners.ParentRunner.runChildren(ParentRunner.java:236)
	at org.junit.runners.ParentRunner.access$000(ParentRunner.java:53)
	at org.junit.runners.ParentRunner$2.evaluate(ParentRunner.java:229)
	at org.junit.runners.ParentRunner.run(ParentRunner.java:309)
	at org.junit.runners.Suite.runChild(Suite.java:127)
	at org.junit.runners.Suite.runChild(Suite.java:26)
	at org.junit.runners.ParentRunner$3.run(ParentRunner.java:238)
	at org.junit.runners.ParentRunner$1.schedule(ParentRunner.java:63)
	at org.junit.runners.ParentRunner.runChildren(ParentRunner.java:236)
	at org.junit.runners.ParentRunner.access$000(ParentRunner.java:53)
	at org.junit.runners.ParentRunner$2.evaluate(ParentRunner.java:229)
	at org.junit.runners.ParentRunner.run(ParentRunner.java:309)
	at org.apache.maven.surefire.junit4.JUnit4Provider.execute(JUnit4Provider.java:365)
	at org.apache.maven.surefire.junit4.JUnit4Provider.executeWithRerun(JUnit4Provider.java:273)
	at org.apache.maven.surefire.junit4.JUnit4Provider.executeTestSet(JUnit4Provider.java:238)
	at org.apache.maven.surefire.junit4.JUnit4Provider.invoke(JUnit4Provider.java:159)
	at org.apache.maven.surefire.booter.ForkedBooter.invokeProviderInSameClassLoader(ForkedBooter.java:384)
	at org.apache.maven.surefire.booter.ForkedBooter.runSuitesInProcess(ForkedBooter.java:345)
	at org.apache.maven.surefire.booter.ForkedBooter.execute(ForkedBooter.java:126)
	at org.apache.maven.surefire.booter.ForkedBooter.main(ForkedBooter.java:418)
</error>
    <system-out><![CDATA[2019-09-19 14:31:01,421 [main] WARN  server.ServerUtils (ServerUtils.java:getScmDbDir(145)) - ozone.scm.db.dirs is not configured. We recommend adding this setting. Falling back to ozone.metadata.dirs instead.
2019-09-19 14:31:01,459 [main] WARN  server.ServerUtils (ServerUtils.java:getScmDbDir(145)) - ozone.scm.db.dirs is not configured. We recommend adding this setting. Falling back to ozone.metadata.dirs instead.
2019-09-19 14:31:01,459 [main] WARN  server.ServerUtils (ServerUtils.java:getScmDbDir(145)) - ozone.scm.db.dirs is not configured. We recommend adding this setting. Falling back to ozone.metadata.dirs instead.
2019-09-19 14:31:01,459 [main] INFO  db.DBStoreBuilder (DBStoreBuilder.java:addTable(110)) - using custom profile for table: deletedBlocks
2019-09-19 14:31:01,460 [main] INFO  db.DBStoreBuilder (DBStoreBuilder.java:processTables(161)) - Using default column profile:DBProfile.DISK for Table:deletedBlocks
2019-09-19 14:31:01,460 [main] INFO  db.DBStoreBuilder (DBStoreBuilder.java:addTable(110)) - using custom profile for table: validCerts
2019-09-19 14:31:01,460 [main] INFO  db.DBStoreBuilder (DBStoreBuilder.java:processTables(161)) - Using default column profile:DBProfile.DISK for Table:validCerts
2019-09-19 14:31:01,460 [main] INFO  db.DBStoreBuilder (DBStoreBuilder.java:addTable(110)) - using custom profile for table: revokedCerts
2019-09-19 14:31:01,460 [main] INFO  db.DBStoreBuilder (DBStoreBuilder.java:processTables(161)) - Using default column profile:DBProfile.DISK for Table:revokedCerts
2019-09-19 14:31:01,461 [main] INFO  db.DBStoreBuilder (DBStoreBuilder.java:addTable(110)) - using custom profile for table: default
2019-09-19 14:31:01,461 [main] INFO  db.DBStoreBuilder (DBStoreBuilder.java:processTables(167)) - Using default column profile:DBProfile.DISK for Table:default
2019-09-19 14:31:01,461 [main] INFO  db.DBStoreBuilder (DBStoreBuilder.java:getDbProfile(198)) - Using default options. DBProfile.DISK
2019-09-19 14:31:01,695 [main] INFO  net.NodeSchemaLoader (NodeSchemaLoader.java:loadSchemaFromFile(125)) - Loading file from sun.misc.CompoundEnumeration@6022cf7e
2019-09-19 14:31:01,695 [main] INFO  net.NodeSchemaLoader (NodeSchemaLoader.java:loadSchema(171)) - Loading network topology layer schema file
2019-09-19 14:31:01,699 [main] WARN  server.ServerUtils (ServerUtils.java:sanitizeUserArgs(70)) - ozone.scm.stale.node.interval value = 300000 is larger than max = 100000 based on the key value of ozone.scm.heartbeat.thread.interval, reset to the max value 100000.
2019-09-19 14:31:01,699 [main] WARN  server.ServerUtils (ServerUtils.java:sanitizeUserArgs(70)) - ozone.scm.stale.node.interval value = 300000 is larger than max = 100000 based on the key value of ozone.scm.heartbeat.thread.interval, reset to the max value 100000.
2019-09-19 14:31:01,700 [main] INFO  node.SCMNodeManager (SCMNodeManager.java:<init>(121)) - Entering startup safe mode.
2019-09-19 14:31:01,700 [main] INFO  algorithms.ContainerPlacementPolicyFactory (ContainerPlacementPolicyFactory.java:getPolicy(56)) - Create container placement policy of type org.apache.hadoop.hdds.scm.container.placement.algorithms.SCMContainerPlacementRandom
2019-09-19 14:31:01,700 [main] WARN  server.ServerUtils (ServerUtils.java:getScmDbDir(145)) - ozone.scm.db.dirs is not configured. We recommend adding this setting. Falling back to ozone.metadata.dirs instead.
2019-09-19 14:31:01,851 [main] INFO  pipeline.SCMPipelineManager (SCMPipelineManager.java:initializePipelineState(126)) - No pipeline exists in current db
2019-09-19 14:31:01,851 [main] WARN  server.ServerUtils (ServerUtils.java:getScmDbDir(145)) - ozone.scm.db.dirs is not configured. We recommend adding this setting. Falling back to ozone.metadata.dirs instead.
2019-09-19 14:31:01,982 [main] WARN  events.EventQueue (EventQueue.java:fireEvent(175)) - No event handler registered for event TypedEvent{payloadType=SafeModeStatus, name='SafeModeStatus'}
2019-09-19 14:31:01,983 [main] INFO  ipc.CallQueueManager (CallQueueManager.java:<init>(84)) - Using callQueue: class java.util.concurrent.LinkedBlockingQueue, queueCapacity: 2000, scheduler: class org.apache.hadoop.ipc.DefaultRpcScheduler, ipcBackoff: false.
2019-09-19 14:31:01,984 [Socket Reader #1 for port 37724] INFO  ipc.Server (Server.java:run(1074)) - Starting Socket Reader #1 for port 37724
2019-09-19 14:31:01,986 [main] INFO  ipc.CallQueueManager (CallQueueManager.java:<init>(84)) - Using callQueue: class java.util.concurrent.LinkedBlockingQueue, queueCapacity: 2000, scheduler: class org.apache.hadoop.ipc.DefaultRpcScheduler, ipcBackoff: false.
2019-09-19 14:31:01,987 [Socket Reader #1 for port 38486] INFO  ipc.Server (Server.java:run(1074)) - Starting Socket Reader #1 for port 38486
2019-09-19 14:31:01,988 [main] INFO  ipc.CallQueueManager (CallQueueManager.java:<init>(84)) - Using callQueue: class java.util.concurrent.LinkedBlockingQueue, queueCapacity: 2000, scheduler: class org.apache.hadoop.ipc.DefaultRpcScheduler, ipcBackoff: false.
2019-09-19 14:31:01,989 [Socket Reader #1 for port 45572] INFO  ipc.Server (Server.java:run(1074)) - Starting Socket Reader #1 for port 45572
2019-09-19 14:31:01,991 [main] INFO  hdfs.DFSUtil (DFSUtil.java:httpServerTemplateForNNAndJN(1641)) - Starting Web-server for scm at: http://0.0.0.0:0
2019-09-19 14:31:01,994 [main] INFO  server.AuthenticationFilter (AuthenticationFilter.java:constructSecretProvider(240)) - Unable to initialize FileSignerSecretProvider, falling back to use random secrets.
2019-09-19 14:31:01,995 [main] WARN  http.HttpRequestLog (HttpRequestLog.java:getRequestLog(97)) - Jetty request log can only be enabled using Log4j
2019-09-19 14:31:01,997 [main] INFO  http.HttpServer2 (HttpServer2.java:addGlobalFilter(975)) - Added global filter 'safety' (class=org.apache.hadoop.http.HttpServer2$QuotingInputFilter)
2019-09-19 14:31:01,998 [main] INFO  http.HttpServer2 (HttpServer2.java:addFilter(948)) - Added filter static_user_filter (class=org.apache.hadoop.http.lib.StaticUserWebFilter$StaticUserFilter) to context scm
2019-09-19 14:31:01,999 [main] INFO  http.HttpServer2 (HttpServer2.java:addFilter(958)) - Added filter static_user_filter (class=org.apache.hadoop.http.lib.StaticUserWebFilter$StaticUserFilter) to context logs
2019-09-19 14:31:01,999 [main] INFO  http.HttpServer2 (HttpServer2.java:addFilter(958)) - Added filter static_user_filter (class=org.apache.hadoop.http.lib.StaticUserWebFilter$StaticUserFilter) to context static
2019-09-19 14:31:02,001 [main] INFO  server.StorageContainerManager (StorageContainerManager.java:start(759)) - StorageContainerLocationProtocol RPC server is listening at /0.0.0.0:45572
2019-09-19 14:31:02,003 [main] WARN  impl.MetricsConfig (MetricsConfig.java:loadFirst(134)) - Cannot locate configuration: tried hadoop-metrics2-storagecontainermanager.properties,hadoop-metrics2.properties
2019-09-19 14:31:02,004 [main] INFO  impl.MetricsSystemImpl (MetricsSystemImpl.java:startTimer(374)) - Scheduled Metric snapshot period at 10 second(s).
2019-09-19 14:31:02,004 [main] INFO  impl.MetricsSystemImpl (MetricsSystemImpl.java:start(191)) - StorageContainerManager metrics system started
2019-09-19 14:31:02,117 [main] INFO  server.SCMClientProtocolServer (SCMClientProtocolServer.java:start(151)) - RPC server for Client  is listening at /0.0.0.0:45572
2019-09-19 14:31:02,118 [IPC Server Responder] INFO  ipc.Server (Server.java:run(1314)) - IPC Server Responder: starting
2019-09-19 14:31:02,118 [IPC Server listener on 45572] INFO  ipc.Server (Server.java:run(1153)) - IPC Server listener on 45572: starting
2019-09-19 14:31:02,122 [main] INFO  server.StorageContainerManager (StorageContainerManager.java:start(769)) - ScmBlockLocationProtocol RPC server is listening at /0.0.0.0:38486
2019-09-19 14:31:02,123 [main] INFO  server.SCMBlockProtocolServer (SCMBlockProtocolServer.java:start(140)) - RPC server for Block Protocol is listening at /0.0.0.0:38486
2019-09-19 14:31:02,123 [IPC Server listener on 38486] INFO  ipc.Server (Server.java:run(1153)) - IPC Server listener on 38486: starting
2019-09-19 14:31:02,123 [IPC Server Responder] INFO  ipc.Server (Server.java:run(1314)) - IPC Server Responder: starting
2019-09-19 14:31:02,127 [main] INFO  server.StorageContainerManager (StorageContainerManager.java:start(773)) - ScmDatanodeProtocl RPC server is listening at /0.0.0.0:37724
2019-09-19 14:31:02,127 [main] INFO  server.SCMDatanodeProtocolServer (SCMDatanodeProtocolServer.java:start(191)) - RPC server for DataNodes is listening at /0.0.0.0:37724
2019-09-19 14:31:02,128 [IPC Server Responder] INFO  ipc.Server (Server.java:run(1314)) - IPC Server Responder: starting
2019-09-19 14:31:02,128 [IPC Server listener on 37724] INFO  ipc.Server (Server.java:run(1153)) - IPC Server listener on 37724: starting
2019-09-19 14:31:02,132 [main] INFO  http.HttpServer2 (HttpServer2.java:bindListener(1191)) - Jetty bound to port 43994
2019-09-19 14:31:02,132 [main] INFO  server.Server (Server.java:doStart(351)) - jetty-9.3.24.v20180605, build timestamp: 2018-06-05T17:11:56Z, git hash: 84205aa28f11a4f31f2a3b86d1bba2cc8ab69827
2019-09-19 14:31:02,135 [main] INFO  handler.ContextHandler (ContextHandler.java:doStart(781)) - Started o.e.j.s.ServletContextHandler@392a40d9{/logs,file:///workdir/hadoop-ozone/ozonefs/target/log,AVAILABLE}
2019-09-19 14:31:02,135 [main] INFO  handler.ContextHandler (ContextHandler.java:doStart(781)) - Started o.e.j.s.ServletContextHandler@3be94b12{/static,jar:file:/home/user/.m2/repository/org/apache/hadoop/hadoop-hdds-server-scm/0.5.0-SNAPSHOT/hadoop-hdds-server-scm-0.5.0-SNAPSHOT.jar!/webapps/static,AVAILABLE}
2019-09-19 14:31:02,193 [main] INFO  handler.ContextHandler (ContextHandler.java:doStart(781)) - Started o.e.j.w.WebAppContext@1c68601b{/,file:///tmp/jetty-0.0.0.0-43994-scm-_-any-3281284575468504576.dir/webapp/,AVAILABLE}{/scm}
2019-09-19 14:31:02,193 [main] INFO  server.AbstractConnector (AbstractConnector.java:doStart(278)) - Started ServerConnector@3128be29{HTTP/1.1,[http/1.1]}{0.0.0.0:43994}
2019-09-19 14:31:02,195 [main] INFO  server.Server (Server.java:doStart(419)) - Started @218040ms
2019-09-19 14:31:02,195 [main] INFO  server.BaseHttpServer (BaseHttpServer.java:updateConnectorAddress(213)) - HTTP server of SCM is listening at http://0.0.0.0:43994
2019-09-19 14:31:02,196 [main] WARN  server.ServerUtils (ServerUtils.java:getDBPath(222)) - ozone.om.db.dirs is not configured. We recommend adding this setting. Falling back to ozone.metadata.dirs instead.
2019-09-19 14:31:02,197 [org.apache.hadoop.util.JvmPauseMonitor$Monitor@4da454a7] INFO  util.JvmPauseMonitor (JvmPauseMonitor.java:run(188)) - Starting JVM pause monitor
2019-09-19 14:31:02,223 [main] WARN  server.ServerUtils (ServerUtils.java:getDBPath(222)) - ozone.om.db.dirs is not configured. We recommend adding this setting. Falling back to ozone.metadata.dirs instead.
2019-09-19 14:31:02,223 [main] WARN  server.ServerUtils (ServerUtils.java:getDBPath(222)) - ozone.om.db.dirs is not configured. We recommend adding this setting. Falling back to ozone.metadata.dirs instead.
2019-09-19 14:31:02,223 [main] INFO  om.OzoneManager (OzoneManager.java:setOMNodeDetails(645)) - OM Service ID is not set. Setting it to the default ID: omServiceIdDefault
2019-09-19 14:31:02,223 [main] INFO  om.OzoneManager (OzoneManager.java:setOMNodeDetails(651)) - OM Node ID is not set. Setting it to the OmStorage's OmID: da28b98d-fc89-4e28-bbae-b46a010d1cfd
2019-09-19 14:31:02,224 [main] INFO  om.OzoneManager (OzoneManager.java:loadOMHAConfigs(602)) - Found matching OM address with OMServiceId: null, OMNodeId: null, RPC Address: localhost:0 and Ratis port: 9872
2019-09-19 14:31:02,228 | INFO  | SCMAudit | user=jenkins1000 | ip=192.168.5.132 | op=GET_SCM_INFO null | ret=SUCCESS |  
2019-09-19 14:31:02,231 [main] WARN  server.ServerUtils (ServerUtils.java:getDBPath(222)) - ozone.om.db.dirs is not configured. We recommend adding this setting. Falling back to ozone.metadata.dirs instead.
2019-09-19 14:31:02,232 [main] INFO  db.DBStoreBuilder (DBStoreBuilder.java:addTable(110)) - using custom profile for table: userTable
2019-09-19 14:31:02,232 [main] INFO  db.DBStoreBuilder (DBStoreBuilder.java:processTables(161)) - Using default column profile:DBProfile.DISK for Table:userTable
2019-09-19 14:31:02,232 [main] INFO  db.DBStoreBuilder (DBStoreBuilder.java:addTable(110)) - using custom profile for table: volumeTable
2019-09-19 14:31:02,232 [main] INFO  db.DBStoreBuilder (DBStoreBuilder.java:processTables(161)) - Using default column profile:DBProfile.DISK for Table:volumeTable
2019-09-19 14:31:02,232 [main] INFO  db.DBStoreBuilder (DBStoreBuilder.java:addTable(110)) - using custom profile for table: bucketTable
2019-09-19 14:31:02,232 [main] INFO  db.DBStoreBuilder (DBStoreBuilder.java:processTables(161)) - Using default column profile:DBProfile.DISK for Table:bucketTable
2019-09-19 14:31:02,233 [main] INFO  db.DBStoreBuilder (DBStoreBuilder.java:addTable(110)) - using custom profile for table: keyTable
2019-09-19 14:31:02,233 [main] INFO  db.DBStoreBuilder (DBStoreBuilder.java:processTables(161)) - Using default column profile:DBProfile.DISK for Table:keyTable
2019-09-19 14:31:02,233 [main] INFO  db.DBStoreBuilder (DBStoreBuilder.java:addTable(110)) - using custom profile for table: deletedTable
2019-09-19 14:31:02,233 [main] INFO  db.DBStoreBuilder (DBStoreBuilder.java:processTables(161)) - Using default column profile:DBProfile.DISK for Table:deletedTable
2019-09-19 14:31:02,233 [main] INFO  db.DBStoreBuilder (DBStoreBuilder.java:addTable(110)) - using custom profile for table: openKeyTable
2019-09-19 14:31:02,233 [main] INFO  db.DBStoreBuilder (DBStoreBuilder.java:processTables(161)) - Using default column profile:DBProfile.DISK for Table:openKeyTable
2019-09-19 14:31:02,234 [main] INFO  db.DBStoreBuilder (DBStoreBuilder.java:addTable(110)) - using custom profile for table: s3Table
2019-09-19 14:31:02,234 [main] INFO  db.DBStoreBuilder (DBStoreBuilder.java:processTables(161)) - Using default column profile:DBProfile.DISK for Table:s3Table
2019-09-19 14:31:02,234 [main] INFO  db.DBStoreBuilder (DBStoreBuilder.java:addTable(110)) - using custom profile for table: multipartInfoTable
2019-09-19 14:31:02,234 [main] INFO  db.DBStoreBuilder (DBStoreBuilder.java:processTables(161)) - Using default column profile:DBProfile.DISK for Table:multipartInfoTable
2019-09-19 14:31:02,234 [main] INFO  db.DBStoreBuilder (DBStoreBuilder.java:addTable(110)) - using custom profile for table: dTokenTable
2019-09-19 14:31:02,234 [main] INFO  db.DBStoreBuilder (DBStoreBuilder.java:processTables(161)) - Using default column profile:DBProfile.DISK for Table:dTokenTable
2019-09-19 14:31:02,235 [main] INFO  db.DBStoreBuilder (DBStoreBuilder.java:addTable(110)) - using custom profile for table: s3SecretTable
2019-09-19 14:31:02,235 [main] INFO  db.DBStoreBuilder (DBStoreBuilder.java:processTables(161)) - Using default column profile:DBProfile.DISK for Table:s3SecretTable
2019-09-19 14:31:02,235 [main] INFO  db.DBStoreBuilder (DBStoreBuilder.java:addTable(110)) - using custom profile for table: prefixTable
2019-09-19 14:31:02,235 [main] INFO  db.DBStoreBuilder (DBStoreBuilder.java:processTables(161)) - Using default column profile:DBProfile.DISK for Table:prefixTable
2019-09-19 14:31:02,235 [main] INFO  db.DBStoreBuilder (DBStoreBuilder.java:addTable(110)) - using custom profile for table: default
2019-09-19 14:31:02,235 [main] INFO  db.DBStoreBuilder (DBStoreBuilder.java:processTables(167)) - Using default column profile:DBProfile.DISK for Table:default
2019-09-19 14:31:02,236 [main] INFO  db.DBStoreBuilder (DBStoreBuilder.java:getDbProfile(198)) - Using default options. DBProfile.DISK
2019-09-19 14:31:02,914 [main] INFO  ipc.CallQueueManager (CallQueueManager.java:<init>(84)) - Using callQueue: class java.util.concurrent.LinkedBlockingQueue, queueCapacity: 2000, scheduler: class org.apache.hadoop.ipc.DefaultRpcScheduler, ipcBackoff: false.
2019-09-19 14:31:02,915 [Socket Reader #1 for port 37686] INFO  ipc.Server (Server.java:run(1074)) - Starting Socket Reader #1 for port 37686
2019-09-19 14:31:02,938 [main] INFO  om.OzoneManager (OzoneManager.java:start(1256)) - OzoneManager RPC server is listening at localhost/127.0.0.1:37686
2019-09-19 14:31:02,938 [main] INFO  impl.MetricsSystemImpl (MetricsSystemImpl.java:init(158)) - OzoneManager metrics system started (again)
2019-09-19 14:31:02,939 [IPC Server Responder] INFO  ipc.Server (Server.java:run(1314)) - IPC Server Responder: starting
2019-09-19 14:31:02,939 [IPC Server listener on 37686] INFO  ipc.Server (Server.java:run(1153)) - IPC Server listener on 37686: starting
2019-09-19 14:31:02,945 [main] INFO  hdfs.DFSUtil (DFSUtil.java:httpServerTemplateForNNAndJN(1641)) - Starting Web-server for ozoneManager at: http://0.0.0.0:0
2019-09-19 14:31:02,947 [main] INFO  server.AuthenticationFilter (AuthenticationFilter.java:constructSecretProvider(240)) - Unable to initialize FileSignerSecretProvider, falling back to use random secrets.
2019-09-19 14:31:02,947 [main] WARN  http.HttpRequestLog (HttpRequestLog.java:getRequestLog(97)) - Jetty request log can only be enabled using Log4j
2019-09-19 14:31:02,949 [main] INFO  http.HttpServer2 (HttpServer2.java:addGlobalFilter(975)) - Added global filter 'safety' (class=org.apache.hadoop.http.HttpServer2$QuotingInputFilter)
2019-09-19 14:31:02,949 [main] INFO  http.HttpServer2 (HttpServer2.java:addFilter(948)) - Added filter static_user_filter (class=org.apache.hadoop.http.lib.StaticUserWebFilter$StaticUserFilter) to context ozoneManager
2019-09-19 14:31:02,949 [main] INFO  http.HttpServer2 (HttpServer2.java:addFilter(958)) - Added filter static_user_filter (class=org.apache.hadoop.http.lib.StaticUserWebFilter$StaticUserFilter) to context static
2019-09-19 14:31:02,950 [main] INFO  http.HttpServer2 (HttpServer2.java:addFilter(958)) - Added filter static_user_filter (class=org.apache.hadoop.http.lib.StaticUserWebFilter$StaticUserFilter) to context logs
2019-09-19 14:31:02,950 [main] INFO  http.HttpServer2 (HttpServer2.java:bindListener(1191)) - Jetty bound to port 43260
2019-09-19 14:31:02,951 [main] INFO  server.Server (Server.java:doStart(351)) - jetty-9.3.24.v20180605, build timestamp: 2018-06-05T17:11:56Z, git hash: 84205aa28f11a4f31f2a3b86d1bba2cc8ab69827
2019-09-19 14:31:02,952 [main] INFO  handler.ContextHandler (ContextHandler.java:doStart(781)) - Started o.e.j.s.ServletContextHandler@65b869b4{/logs,file:///workdir/hadoop-ozone/ozonefs/target/log,AVAILABLE}
2019-09-19 14:31:02,953 [main] INFO  handler.ContextHandler (ContextHandler.java:doStart(781)) - Started o.e.j.s.ServletContextHandler@171b3f38{/static,jar:file:/home/user/.m2/repository/org/apache/hadoop/hadoop-ozone-ozone-manager/0.5.0-SNAPSHOT/hadoop-ozone-ozone-manager-0.5.0-SNAPSHOT.jar!/webapps/static,AVAILABLE}
2019-09-19 14:31:03,005 [main] INFO  handler.ContextHandler (ContextHandler.java:doStart(781)) - Started o.e.j.w.WebAppContext@260f8704{/,file:///tmp/jetty-0.0.0.0-43260-ozoneManager-_-any-3852629132335293371.dir/webapp/,AVAILABLE}{/ozoneManager}
2019-09-19 14:31:03,006 [main] INFO  server.AbstractConnector (AbstractConnector.java:doStart(278)) - Started ServerConnector@4ea01c2a{HTTP/1.1,[http/1.1]}{0.0.0.0:43260}
2019-09-19 14:31:03,007 [main] INFO  server.Server (Server.java:doStart(419)) - Started @218852ms
2019-09-19 14:31:03,008 [main] INFO  server.BaseHttpServer (BaseHttpServer.java:updateConnectorAddress(213)) - HTTP server of OZONEMANAGER is listening at http://0.0.0.0:43260
2019-09-19 14:31:03,014 [main] INFO  impl.MetricsSystemImpl (MetricsSystemImpl.java:init(158)) - HddsDatanode metrics system started (again)
2019-09-19 14:31:03,015 [main] INFO  ozone.HddsDatanodeService (HddsDatanodeService.java:start(184)) - HddsDatanodeService host:pr-hdds-1569-rzdr8-3403194166 ip:192.168.5.132
2019-09-19 14:31:03,025 [main] INFO  volume.HddsVolume (HddsVolume.java:<init>(176)) - Creating Volume: /workdir/hadoop-ozone/ozonefs/target/test-dir/MiniOzoneClusterImpl-339f3dc1-3cc0-483d-bcb7-0cbf2f200edb/datanode-0/data/containers/hdds of  storage type : DISK and capacity : 1482555576320
2019-09-19 14:31:03,025 [main] INFO  volume.VolumeSet (VolumeSet.java:initializeVolumeSet(170)) - Added Volume : /workdir/hadoop-ozone/ozonefs/target/test-dir/MiniOzoneClusterImpl-339f3dc1-3cc0-483d-bcb7-0cbf2f200edb/datanode-0/data/containers/hdds to VolumeSet
2019-09-19 14:31:03,025 [main] INFO  volume.ThrottledAsyncChecker (ThrottledAsyncChecker.java:schedule(140)) - Scheduling a check for org.apache.hadoop.ozone.container.common.volume.HddsVolume@7d24bd80
2019-09-19 14:31:03,026 [main] INFO  volume.HddsVolumeChecker (HddsVolumeChecker.java:checkAllVolumes(203)) - Scheduled health check for volume org.apache.hadoop.ozone.container.common.volume.HddsVolume@7d24bd80
2019-09-19 14:31:03,044 [main] INFO  impl.RaftServerProxy (ConfUtils.java:logGet(43)) - raft.rpc.type = GRPC (default)
2019-09-19 14:31:03,044 [main] INFO  grpc.GrpcFactory (GrpcFactory.java:checkPooledByteBufAllocatorUseCacheForAllThreads(45)) - PERFORMANCE WARNING: useCacheForAllThreads is true that may cause Netty to create a lot garbage objects and, as a result, trigger GC.
	It is recommended to disable useCacheForAllThreads by setting -Dorg.apache.ratis.thirdparty.io.netty.allocator.useCacheForAllThreads=false in command line.
2019-09-19 14:31:03,044 [main] INFO  grpc.GrpcConfigKeys$Server (ConfUtils.java:logGet(43)) - raft.grpc.server.port = 0 (default)
2019-09-19 14:31:03,045 [main] INFO  server.GrpcService (ConfUtils.java:logGet(43)) - raft.grpc.message.size.max = 33570816 (custom)
2019-09-19 14:31:03,045 [main] INFO  server.RaftServerConfigKeys (ConfUtils.java:logGet(43)) - raft.server.log.appender.buffer.byte-limit = 33554432 (custom)
2019-09-19 14:31:03,045 [main] INFO  server.GrpcService (ConfUtils.java:logGet(43)) - raft.grpc.flow.control.window = 1MB (=1048576) (default)
2019-09-19 14:31:03,045 [main] INFO  server.RaftServerConfigKeys (ConfUtils.java:logGet(43)) - raft.server.rpc.request.timeout = 3000ms (default)
2019-09-19 14:31:03,046 [main] INFO  server.RaftServerConfigKeys (ConfUtils.java:logGet(43)) - raft.server.storage.dir = [/workdir/hadoop-ozone/ozonefs/target/test-dir/MiniOzoneClusterImpl-339f3dc1-3cc0-483d-bcb7-0cbf2f200edb/datanode-0/data/ratis] (custom)
2019-09-19 14:31:03,046 [main] INFO  replication.SimpleContainerDownloader (SimpleContainerDownloader.java:<init>(72)) - Starting container downloader service to copy containers to replicate.
2019-09-19 14:31:03,047 [main] INFO  hdfs.DFSUtil (DFSUtil.java:httpServerTemplateForNNAndJN(1641)) - Starting Web-server for hddsDatanode at: http://0.0.0.0:0
2019-09-19 14:31:03,048 [main] INFO  server.AuthenticationFilter (AuthenticationFilter.java:constructSecretProvider(240)) - Unable to initialize FileSignerSecretProvider, falling back to use random secrets.
2019-09-19 14:31:03,049 [main] WARN  http.HttpRequestLog (HttpRequestLog.java:getRequestLog(97)) - Jetty request log can only be enabled using Log4j
2019-09-19 14:31:03,050 [main] INFO  http.HttpServer2 (HttpServer2.java:addGlobalFilter(975)) - Added global filter 'safety' (class=org.apache.hadoop.http.HttpServer2$QuotingInputFilter)
2019-09-19 14:31:03,050 [main] INFO  http.HttpServer2 (HttpServer2.java:addFilter(948)) - Added filter static_user_filter (class=org.apache.hadoop.http.lib.StaticUserWebFilter$StaticUserFilter) to context hddsDatanode
2019-09-19 14:31:03,051 [main] INFO  http.HttpServer2 (HttpServer2.java:addFilter(958)) - Added filter static_user_filter (class=org.apache.hadoop.http.lib.StaticUserWebFilter$StaticUserFilter) to context static
2019-09-19 14:31:03,051 [main] INFO  http.HttpServer2 (HttpServer2.java:addFilter(958)) - Added filter static_user_filter (class=org.apache.hadoop.http.lib.StaticUserWebFilter$StaticUserFilter) to context logs
2019-09-19 14:31:03,051 [main] INFO  http.HttpServer2 (HttpServer2.java:bindListener(1191)) - Jetty bound to port 40186
2019-09-19 14:31:03,051 [main] INFO  server.Server (Server.java:doStart(351)) - jetty-9.3.24.v20180605, build timestamp: 2018-06-05T17:11:56Z, git hash: 84205aa28f11a4f31f2a3b86d1bba2cc8ab69827
2019-09-19 14:31:03,053 [main] INFO  handler.ContextHandler (ContextHandler.java:doStart(781)) - Started o.e.j.s.ServletContextHandler@7a63c618{/logs,file:///workdir/hadoop-ozone/ozonefs/target/log,AVAILABLE}
2019-09-19 14:31:03,053 [main] INFO  handler.ContextHandler (ContextHandler.java:doStart(781)) - Started o.e.j.s.ServletContextHandler@8dbe78f{/static,jar:file:/home/user/.m2/repository/org/apache/hadoop/hadoop-hdds-container-service/0.5.0-SNAPSHOT/hadoop-hdds-container-service-0.5.0-SNAPSHOT.jar!/webapps/static,AVAILABLE}
2019-09-19 14:31:03,079 [main] INFO  handler.ContextHandler (ContextHandler.java:doStart(781)) - Started o.e.j.w.WebAppContext@29f0e941{/,file:///tmp/jetty-0.0.0.0-40186-hddsDatanode-_-any-4528607960231129948.dir/webapp/,AVAILABLE}{/hddsDatanode}
2019-09-19 14:31:03,080 [main] INFO  server.AbstractConnector (AbstractConnector.java:doStart(278)) - Started ServerConnector@2e6c69f{HTTP/1.1,[http/1.1]}{0.0.0.0:40186}
2019-09-19 14:31:03,081 [main] INFO  server.Server (Server.java:doStart(419)) - Started @218926ms
2019-09-19 14:31:03,082 [main] INFO  server.BaseHttpServer (BaseHttpServer.java:updateConnectorAddress(213)) - HTTP server of HDDSDATANODE is listening at http://0.0.0.0:40186
2019-09-19 14:31:03,211 | INFO  | ObjectStoreRestHttpServer | Listening HDDS REST traffic on /0.0.0.0:35768 |  
2019-09-19 14:31:03,211 [main] INFO  ozone.HddsDatanodeService (HddsDatanodeService.java:startPlugins(395)) - Started plug-in org.apache.hadoop.ozone.web.OzoneHddsDatanodeService@7327dba0
2019-09-19 14:31:03,211 [main] INFO  impl.MetricsSystemImpl (MetricsSystemImpl.java:init(158)) - HddsDatanode metrics system started (again)
2019-09-19 14:31:03,213 [main] INFO  ozone.HddsDatanodeService (HddsDatanodeService.java:start(184)) - HddsDatanodeService host:pr-hdds-1569-rzdr8-3403194166 ip:192.168.5.132
2019-09-19 14:31:03,214 [org.apache.hadoop.util.JvmPauseMonitor$Monitor@15df5b71] INFO  util.JvmPauseMonitor (JvmPauseMonitor.java:run(188)) - Starting JVM pause monitor
2019-09-19 14:31:03,215 [Datanode State Machine Thread - 0] INFO  datanode.InitDatanodeState (InitDatanodeState.java:persistContainerDatanodeDetails(140)) - DatanodeDetails is persisted to /workdir/hadoop-ozone/ozonefs/target/test-dir/MiniOzoneClusterImpl-339f3dc1-3cc0-483d-bcb7-0cbf2f200edb/datanode-0/meta/datanode.id
2019-09-19 14:31:03,224 [main] INFO  volume.HddsVolume (HddsVolume.java:<init>(176)) - Creating Volume: /workdir/hadoop-ozone/ozonefs/target/test-dir/MiniOzoneClusterImpl-339f3dc1-3cc0-483d-bcb7-0cbf2f200edb/datanode-1/data/containers/hdds of  storage type : DISK and capacity : 1482555576320
2019-09-19 14:31:03,224 [main] INFO  volume.VolumeSet (VolumeSet.java:initializeVolumeSet(170)) - Added Volume : /workdir/hadoop-ozone/ozonefs/target/test-dir/MiniOzoneClusterImpl-339f3dc1-3cc0-483d-bcb7-0cbf2f200edb/datanode-1/data/containers/hdds to VolumeSet
2019-09-19 14:31:03,224 [main] INFO  volume.ThrottledAsyncChecker (ThrottledAsyncChecker.java:schedule(140)) - Scheduling a check for org.apache.hadoop.ozone.container.common.volume.HddsVolume@52148669
2019-09-19 14:31:03,225 [main] INFO  volume.HddsVolumeChecker (HddsVolumeChecker.java:checkAllVolumes(203)) - Scheduled health check for volume org.apache.hadoop.ozone.container.common.volume.HddsVolume@52148669
2019-09-19 14:31:03,244 [main] INFO  impl.RaftServerProxy (ConfUtils.java:logGet(43)) - raft.rpc.type = GRPC (default)
2019-09-19 14:31:03,244 [main] INFO  grpc.GrpcFactory (GrpcFactory.java:checkPooledByteBufAllocatorUseCacheForAllThreads(45)) - PERFORMANCE WARNING: useCacheForAllThreads is true that may cause Netty to create a lot garbage objects and, as a result, trigger GC.
	It is recommended to disable useCacheForAllThreads by setting -Dorg.apache.ratis.thirdparty.io.netty.allocator.useCacheForAllThreads=false in command line.
2019-09-19 14:31:03,244 [main] INFO  grpc.GrpcConfigKeys$Server (ConfUtils.java:logGet(43)) - raft.grpc.server.port = 0 (default)
2019-09-19 14:31:03,245 [main] INFO  server.GrpcService (ConfUtils.java:logGet(43)) - raft.grpc.message.size.max = 33570816 (custom)
2019-09-19 14:31:03,245 [main] INFO  server.RaftServerConfigKeys (ConfUtils.java:logGet(43)) - raft.server.log.appender.buffer.byte-limit = 33554432 (custom)
2019-09-19 14:31:03,245 [main] INFO  server.GrpcService (ConfUtils.java:logGet(43)) - raft.grpc.flow.control.window = 1MB (=1048576) (default)
2019-09-19 14:31:03,245 [main] INFO  server.RaftServerConfigKeys (ConfUtils.java:logGet(43)) - raft.server.rpc.request.timeout = 3000ms (default)
2019-09-19 14:31:03,246 [main] INFO  server.RaftServerConfigKeys (ConfUtils.java:logGet(43)) - raft.server.storage.dir = [/workdir/hadoop-ozone/ozonefs/target/test-dir/MiniOzoneClusterImpl-339f3dc1-3cc0-483d-bcb7-0cbf2f200edb/datanode-1/data/ratis] (custom)
2019-09-19 14:31:03,246 [main] INFO  replication.SimpleContainerDownloader (SimpleContainerDownloader.java:<init>(72)) - Starting container downloader service to copy containers to replicate.
2019-09-19 14:31:03,247 [main] INFO  hdfs.DFSUtil (DFSUtil.java:httpServerTemplateForNNAndJN(1641)) - Starting Web-server for hddsDatanode at: http://0.0.0.0:0
2019-09-19 14:31:03,248 [main] INFO  server.AuthenticationFilter (AuthenticationFilter.java:constructSecretProvider(240)) - Unable to initialize FileSignerSecretProvider, falling back to use random secrets.
2019-09-19 14:31:03,249 [main] WARN  http.HttpRequestLog (HttpRequestLog.java:getRequestLog(97)) - Jetty request log can only be enabled using Log4j
2019-09-19 14:31:03,250 [main] INFO  http.HttpServer2 (HttpServer2.java:addGlobalFilter(975)) - Added global filter 'safety' (class=org.apache.hadoop.http.HttpServer2$QuotingInputFilter)
2019-09-19 14:31:03,251 [main] INFO  http.HttpServer2 (HttpServer2.java:addFilter(948)) - Added filter static_user_filter (class=org.apache.hadoop.http.lib.StaticUserWebFilter$StaticUserFilter) to context hddsDatanode
2019-09-19 14:31:03,251 [main] INFO  http.HttpServer2 (HttpServer2.java:addFilter(958)) - Added filter static_user_filter (class=org.apache.hadoop.http.lib.StaticUserWebFilter$StaticUserFilter) to context static
2019-09-19 14:31:03,251 [main] INFO  http.HttpServer2 (HttpServer2.java:addFilter(958)) - Added filter static_user_filter (class=org.apache.hadoop.http.lib.StaticUserWebFilter$StaticUserFilter) to context logs
2019-09-19 14:31:03,252 [main] INFO  http.HttpServer2 (HttpServer2.java:bindListener(1191)) - Jetty bound to port 34565
2019-09-19 14:31:03,253 [main] INFO  server.Server (Server.java:doStart(351)) - jetty-9.3.24.v20180605, build timestamp: 2018-06-05T17:11:56Z, git hash: 84205aa28f11a4f31f2a3b86d1bba2cc8ab69827
2019-09-19 14:31:03,254 [main] INFO  handler.ContextHandler (ContextHandler.java:doStart(781)) - Started o.e.j.s.ServletContextHandler@77a38cec{/logs,file:///workdir/hadoop-ozone/ozonefs/target/log,AVAILABLE}
2019-09-19 14:31:03,254 [main] INFO  handler.ContextHandler (ContextHandler.java:doStart(781)) - Started o.e.j.s.ServletContextHandler@29e94753{/static,jar:file:/home/user/.m2/repository/org/apache/hadoop/hadoop-hdds-container-service/0.5.0-SNAPSHOT/hadoop-hdds-container-service-0.5.0-SNAPSHOT.jar!/webapps/static,AVAILABLE}
2019-09-19 14:31:03,280 [main] INFO  handler.ContextHandler (ContextHandler.java:doStart(781)) - Started o.e.j.w.WebAppContext@52a42e0f{/,file:///tmp/jetty-0.0.0.0-34565-hddsDatanode-_-any-7910788384662255984.dir/webapp/,AVAILABLE}{/hddsDatanode}
2019-09-19 14:31:03,281 [main] INFO  server.AbstractConnector (AbstractConnector.java:doStart(278)) - Started ServerConnector@32be0ebd{HTTP/1.1,[http/1.1]}{0.0.0.0:34565}
2019-09-19 14:31:03,282 [main] INFO  server.Server (Server.java:doStart(419)) - Started @219126ms
2019-09-19 14:31:03,282 [main] INFO  server.BaseHttpServer (BaseHttpServer.java:updateConnectorAddress(213)) - HTTP server of HDDSDATANODE is listening at http://0.0.0.0:34565
2019-09-19 14:31:03,403 | INFO  | ObjectStoreRestHttpServer | Listening HDDS REST traffic on /0.0.0.0:34052 |  
2019-09-19 14:31:03,403 [main] INFO  ozone.HddsDatanodeService (HddsDatanodeService.java:startPlugins(395)) - Started plug-in org.apache.hadoop.ozone.web.OzoneHddsDatanodeService@61c0a61
2019-09-19 14:31:03,403 [main] INFO  impl.MetricsSystemImpl (MetricsSystemImpl.java:init(158)) - HddsDatanode metrics system started (again)
2019-09-19 14:31:03,405 [main] INFO  ozone.HddsDatanodeService (HddsDatanodeService.java:start(184)) - HddsDatanodeService host:pr-hdds-1569-rzdr8-3403194166 ip:192.168.5.132
2019-09-19 14:31:03,406 [org.apache.hadoop.util.JvmPauseMonitor$Monitor@1c4bc7b0] INFO  util.JvmPauseMonitor (JvmPauseMonitor.java:run(188)) - Starting JVM pause monitor
2019-09-19 14:31:03,408 [Datanode State Machine Thread - 0] INFO  datanode.InitDatanodeState (InitDatanodeState.java:persistContainerDatanodeDetails(140)) - DatanodeDetails is persisted to /workdir/hadoop-ozone/ozonefs/target/test-dir/MiniOzoneClusterImpl-339f3dc1-3cc0-483d-bcb7-0cbf2f200edb/datanode-1/meta/datanode.id
2019-09-19 14:31:03,418 [main] INFO  volume.HddsVolume (HddsVolume.java:<init>(176)) - Creating Volume: /workdir/hadoop-ozone/ozonefs/target/test-dir/MiniOzoneClusterImpl-339f3dc1-3cc0-483d-bcb7-0cbf2f200edb/datanode-2/data/containers/hdds of  storage type : DISK and capacity : 1482555576320
2019-09-19 14:31:03,418 [main] INFO  volume.VolumeSet (VolumeSet.java:initializeVolumeSet(170)) - Added Volume : /workdir/hadoop-ozone/ozonefs/target/test-dir/MiniOzoneClusterImpl-339f3dc1-3cc0-483d-bcb7-0cbf2f200edb/datanode-2/data/containers/hdds to VolumeSet
2019-09-19 14:31:03,418 [main] INFO  volume.ThrottledAsyncChecker (ThrottledAsyncChecker.java:schedule(140)) - Scheduling a check for org.apache.hadoop.ozone.container.common.volume.HddsVolume@5f2896fa
2019-09-19 14:31:03,419 [main] INFO  volume.HddsVolumeChecker (HddsVolumeChecker.java:checkAllVolumes(203)) - Scheduled health check for volume org.apache.hadoop.ozone.container.common.volume.HddsVolume@5f2896fa
2019-09-19 14:31:03,438 [main] INFO  impl.RaftServerProxy (ConfUtils.java:logGet(43)) - raft.rpc.type = GRPC (default)
2019-09-19 14:31:03,438 [main] INFO  grpc.GrpcFactory (GrpcFactory.java:checkPooledByteBufAllocatorUseCacheForAllThreads(45)) - PERFORMANCE WARNING: useCacheForAllThreads is true that may cause Netty to create a lot garbage objects and, as a result, trigger GC.
	It is recommended to disable useCacheForAllThreads by setting -Dorg.apache.ratis.thirdparty.io.netty.allocator.useCacheForAllThreads=false in command line.
2019-09-19 14:31:03,438 [main] INFO  grpc.GrpcConfigKeys$Server (ConfUtils.java:logGet(43)) - raft.grpc.server.port = 0 (default)
2019-09-19 14:31:03,438 [main] INFO  server.GrpcService (ConfUtils.java:logGet(43)) - raft.grpc.message.size.max = 33570816 (custom)
2019-09-19 14:31:03,438 [main] INFO  server.RaftServerConfigKeys (ConfUtils.java:logGet(43)) - raft.server.log.appender.buffer.byte-limit = 33554432 (custom)
2019-09-19 14:31:03,439 [main] INFO  server.GrpcService (ConfUtils.java:logGet(43)) - raft.grpc.flow.control.window = 1MB (=1048576) (default)
2019-09-19 14:31:03,439 [main] INFO  server.RaftServerConfigKeys (ConfUtils.java:logGet(43)) - raft.server.rpc.request.timeout = 3000ms (default)
2019-09-19 14:31:03,439 [main] INFO  server.RaftServerConfigKeys (ConfUtils.java:logGet(43)) - raft.server.storage.dir = [/workdir/hadoop-ozone/ozonefs/target/test-dir/MiniOzoneClusterImpl-339f3dc1-3cc0-483d-bcb7-0cbf2f200edb/datanode-2/data/ratis] (custom)
2019-09-19 14:31:03,439 [main] INFO  replication.SimpleContainerDownloader (SimpleContainerDownloader.java:<init>(72)) - Starting container downloader service to copy containers to replicate.
2019-09-19 14:31:03,440 [main] INFO  hdfs.DFSUtil (DFSUtil.java:httpServerTemplateForNNAndJN(1641)) - Starting Web-server for hddsDatanode at: http://0.0.0.0:0
2019-09-19 14:31:03,441 [main] INFO  server.AuthenticationFilter (AuthenticationFilter.java:constructSecretProvider(240)) - Unable to initialize FileSignerSecretProvider, falling back to use random secrets.
2019-09-19 14:31:03,442 [main] WARN  http.HttpRequestLog (HttpRequestLog.java:getRequestLog(97)) - Jetty request log can only be enabled using Log4j
2019-09-19 14:31:03,443 [main] INFO  http.HttpServer2 (HttpServer2.java:addGlobalFilter(975)) - Added global filter 'safety' (class=org.apache.hadoop.http.HttpServer2$QuotingInputFilter)
2019-09-19 14:31:03,444 [main] INFO  http.HttpServer2 (HttpServer2.java:addFilter(948)) - Added filter static_user_filter (class=org.apache.hadoop.http.lib.StaticUserWebFilter$StaticUserFilter) to context hddsDatanode
2019-09-19 14:31:03,444 [main] INFO  http.HttpServer2 (HttpServer2.java:addFilter(958)) - Added filter static_user_filter (class=org.apache.hadoop.http.lib.StaticUserWebFilter$StaticUserFilter) to context logs
2019-09-19 14:31:03,444 [main] INFO  http.HttpServer2 (HttpServer2.java:addFilter(958)) - Added filter static_user_filter (class=org.apache.hadoop.http.lib.StaticUserWebFilter$StaticUserFilter) to context static
2019-09-19 14:31:03,444 [main] INFO  http.HttpServer2 (HttpServer2.java:bindListener(1191)) - Jetty bound to port 45894
2019-09-19 14:31:03,445 [main] INFO  server.Server (Server.java:doStart(351)) - jetty-9.3.24.v20180605, build timestamp: 2018-06-05T17:11:56Z, git hash: 84205aa28f11a4f31f2a3b86d1bba2cc8ab69827
2019-09-19 14:31:03,446 [main] INFO  handler.ContextHandler (ContextHandler.java:doStart(781)) - Started o.e.j.s.ServletContextHandler@553c74cc{/logs,file:///workdir/hadoop-ozone/ozonefs/target/log,AVAILABLE}
2019-09-19 14:31:03,446 [main] INFO  handler.ContextHandler (ContextHandler.java:doStart(781)) - Started o.e.j.s.ServletContextHandler@3052ce36{/static,jar:file:/home/user/.m2/repository/org/apache/hadoop/hadoop-hdds-container-service/0.5.0-SNAPSHOT/hadoop-hdds-container-service-0.5.0-SNAPSHOT.jar!/webapps/static,AVAILABLE}
2019-09-19 14:31:03,470 [main] INFO  handler.ContextHandler (ContextHandler.java:doStart(781)) - Started o.e.j.w.WebAppContext@20ff27a4{/,file:///tmp/jetty-0.0.0.0-45894-hddsDatanode-_-any-8933875970542925657.dir/webapp/,AVAILABLE}{/hddsDatanode}
2019-09-19 14:31:03,471 [main] INFO  server.AbstractConnector (AbstractConnector.java:doStart(278)) - Started ServerConnector@3d7fc4b3{HTTP/1.1,[http/1.1]}{0.0.0.0:45894}
2019-09-19 14:31:03,471 [main] INFO  server.Server (Server.java:doStart(419)) - Started @219316ms
2019-09-19 14:31:03,473 [main] INFO  server.BaseHttpServer (BaseHttpServer.java:updateConnectorAddress(213)) - HTTP server of HDDSDATANODE is listening at http://0.0.0.0:45894
2019-09-19 14:31:03,575 | INFO  | ObjectStoreRestHttpServer | Listening HDDS REST traffic on /0.0.0.0:34082 |  
2019-09-19 14:31:03,575 [main] INFO  ozone.HddsDatanodeService (HddsDatanodeService.java:startPlugins(395)) - Started plug-in org.apache.hadoop.ozone.web.OzoneHddsDatanodeService@641f9947
2019-09-19 14:31:03,575 [main] INFO  ozone.MiniOzoneClusterImpl (MiniOzoneClusterImpl.java:lambda$waitForClusterToBeReady$0(142)) - Waiting for cluster to be ready. Got 0 of 3 DN Heartbeats.
2019-09-19 14:31:03,576 [org.apache.hadoop.util.JvmPauseMonitor$Monitor@3c4797d5] INFO  util.JvmPauseMonitor (JvmPauseMonitor.java:run(188)) - Starting JVM pause monitor
2019-09-19 14:31:03,578 [Datanode State Machine Thread - 0] INFO  datanode.InitDatanodeState (InitDatanodeState.java:persistContainerDatanodeDetails(140)) - DatanodeDetails is persisted to /workdir/hadoop-ozone/ozonefs/target/test-dir/MiniOzoneClusterImpl-339f3dc1-3cc0-483d-bcb7-0cbf2f200edb/datanode-2/meta/datanode.id
2019-09-19 14:31:04,575 [main] INFO  ozone.MiniOzoneClusterImpl (MiniOzoneClusterImpl.java:lambda$waitForClusterToBeReady$0(142)) - Waiting for cluster to be ready. Got 0 of 3 DN Heartbeats.
2019-09-19 14:31:05,220 | INFO  | SCMAudit | user=jenkins1000 | ip=192.168.5.132 | op=GET_VERSION null | ret=SUCCESS |  
2019-09-19 14:31:05,254 [Datanode State Machine Thread - 0] INFO  ozoneimpl.OzoneContainer (OzoneContainer.java:start(186)) - Attempting to start container services.
2019-09-19 14:31:05,254 [Datanode State Machine Thread - 0] INFO  ozoneimpl.OzoneContainer (OzoneContainer.java:startContainerScrub(160)) - Background container scrubber has been disabled by hdds.containerscrub.enabled
2019-09-19 14:31:05,254 [Datanode State Machine Thread - 0] INFO  ratis.XceiverServerRatis (XceiverServerRatis.java:start(404)) - Starting XceiverServerRatis 25afcdf3-50ae-4913-8777-2a97b689269f at port 0
2019-09-19 14:31:05,261 [Datanode State Machine Thread - 0] INFO  impl.RaftServerProxy (RaftServerProxy.java:lambda$start$3(299)) - 25afcdf3-50ae-4913-8777-2a97b689269f: start RPC server
2019-09-19 14:31:05,265 [Datanode State Machine Thread - 0] INFO  server.GrpcService (GrpcService.java:startImpl(149)) - 25afcdf3-50ae-4913-8777-2a97b689269f: GrpcService started, listening on 0.0.0.0/0.0.0.0:46090
2019-09-19 14:31:05,266 [Datanode State Machine Thread - 0] INFO  ratis.XceiverServerRatis (XceiverServerRatis.java:start(414)) - XceiverServerRatis 25afcdf3-50ae-4913-8777-2a97b689269f is started using port 46090
2019-09-19 14:31:05,266 [Datanode State Machine Thread - 0] INFO  server.XceiverServerGrpc (XceiverServerGrpc.java:start(163)) - XceiverServerGrpc 25afcdf3-50ae-4913-8777-2a97b689269f is started using port 36917
2019-09-19 14:31:05,408 | INFO  | SCMAudit | user=jenkins1000 | ip=192.168.5.132 | op=GET_VERSION null | ret=SUCCESS |  
2019-09-19 14:31:05,438 [Datanode State Machine Thread - 0] INFO  ozoneimpl.OzoneContainer (OzoneContainer.java:start(186)) - Attempting to start container services.
2019-09-19 14:31:05,439 [Datanode State Machine Thread - 0] INFO  ozoneimpl.OzoneContainer (OzoneContainer.java:startContainerScrub(160)) - Background container scrubber has been disabled by hdds.containerscrub.enabled
2019-09-19 14:31:05,439 [Datanode State Machine Thread - 0] INFO  ratis.XceiverServerRatis (XceiverServerRatis.java:start(404)) - Starting XceiverServerRatis c326554a-81dd-4dc5-99d3-f252989fbe27 at port 0
2019-09-19 14:31:05,444 [Datanode State Machine Thread - 0] INFO  impl.RaftServerProxy (RaftServerProxy.java:lambda$start$3(299)) - c326554a-81dd-4dc5-99d3-f252989fbe27: start RPC server
2019-09-19 14:31:05,445 [Datanode State Machine Thread - 0] INFO  server.GrpcService (GrpcService.java:startImpl(149)) - c326554a-81dd-4dc5-99d3-f252989fbe27: GrpcService started, listening on 0.0.0.0/0.0.0.0:43619
2019-09-19 14:31:05,445 [Datanode State Machine Thread - 0] INFO  ratis.XceiverServerRatis (XceiverServerRatis.java:start(414)) - XceiverServerRatis c326554a-81dd-4dc5-99d3-f252989fbe27 is started using port 43619
2019-09-19 14:31:05,445 [Datanode State Machine Thread - 0] INFO  server.XceiverServerGrpc (XceiverServerGrpc.java:start(163)) - XceiverServerGrpc c326554a-81dd-4dc5-99d3-f252989fbe27 is started using port 38771
2019-09-19 14:31:05,576 [main] INFO  ozone.MiniOzoneClusterImpl (MiniOzoneClusterImpl.java:lambda$waitForClusterToBeReady$0(142)) - Waiting for cluster to be ready. Got 0 of 3 DN Heartbeats.
2019-09-19 14:31:05,577 | INFO  | SCMAudit | user=jenkins1000 | ip=192.168.5.132 | op=GET_VERSION null | ret=SUCCESS |  
2019-09-19 14:31:05,601 [Datanode State Machine Thread - 0] INFO  ozoneimpl.OzoneContainer (OzoneContainer.java:start(186)) - Attempting to start container services.
2019-09-19 14:31:05,601 [Datanode State Machine Thread - 0] INFO  ozoneimpl.OzoneContainer (OzoneContainer.java:startContainerScrub(160)) - Background container scrubber has been disabled by hdds.containerscrub.enabled
2019-09-19 14:31:05,601 [Datanode State Machine Thread - 0] INFO  ratis.XceiverServerRatis (XceiverServerRatis.java:start(404)) - Starting XceiverServerRatis 1a966e7b-a794-43d4-8c96-8627eaac3d29 at port 0
2019-09-19 14:31:05,607 [Datanode State Machine Thread - 0] INFO  impl.RaftServerProxy (RaftServerProxy.java:lambda$start$3(299)) - 1a966e7b-a794-43d4-8c96-8627eaac3d29: start RPC server
2019-09-19 14:31:05,607 [Datanode State Machine Thread - 0] INFO  server.GrpcService (GrpcService.java:startImpl(149)) - 1a966e7b-a794-43d4-8c96-8627eaac3d29: GrpcService started, listening on 0.0.0.0/0.0.0.0:43341
2019-09-19 14:31:05,608 [Datanode State Machine Thread - 0] INFO  ratis.XceiverServerRatis (XceiverServerRatis.java:start(414)) - XceiverServerRatis 1a966e7b-a794-43d4-8c96-8627eaac3d29 is started using port 43341
2019-09-19 14:31:05,608 [Datanode State Machine Thread - 0] INFO  server.XceiverServerGrpc (XceiverServerGrpc.java:start(163)) - XceiverServerGrpc 1a966e7b-a794-43d4-8c96-8627eaac3d29 is started using port 44207
2019-09-19 14:31:06,577 [main] INFO  ozone.MiniOzoneClusterImpl (MiniOzoneClusterImpl.java:lambda$waitForClusterToBeReady$0(142)) - Waiting for cluster to be ready. Got 0 of 3 DN Heartbeats.
2019-09-19 14:31:07,219 [IPC Server handler 0 on 37724] INFO  net.NetworkTopology (NetworkTopologyImpl.java:add(110)) - Added a new node: /default-rack/25afcdf3-50ae-4913-8777-2a97b689269f
2019-09-19 14:31:07,220 [IPC Server handler 0 on 37724] INFO  node.SCMNodeManager (SCMNodeManager.java:register(273)) - Registered Data node : 25afcdf3-50ae-4913-8777-2a97b689269f{ip: 192.168.5.132, host: pr-hdds-1569-rzdr8-3403194166, networkLocation: /default-rack, certSerialId: null}
2019-09-19 14:31:07,222 [EventQueue-NodeRegistrationContainerReportForDataNodeSafeModeRule] INFO  safemode.SCMSafeModeManager (DataNodeSafeModeRule.java:process(71)) - SCM in safe mode. 1 DataNodes registered, 1 required.
2019-09-19 14:31:07,222 | INFO  | SCMAudit | user=jenkins1000 | ip=192.168.5.132 | op=REGISTER {datanodeDetails=25afcdf3-50ae-4913-8777-2a97b689269f{ip: 192.168.5.132, host: pr-hdds-1569-rzdr8-3403194166, networkLocation: /default-rack, certSerialId: null}} | ret=SUCCESS |  
2019-09-19 14:31:07,223 [EventQueue-NodeRegistrationContainerReportForDataNodeSafeModeRule] INFO  safemode.SCMSafeModeManager (SCMSafeModeManager.java:validateSafeModeExitRules(177)) - ScmSafeModeManager, all rules are successfully validated
2019-09-19 14:31:07,223 [EventQueue-NodeRegistrationContainerReportForDataNodeSafeModeRule] INFO  safemode.SCMSafeModeManager (SCMSafeModeManager.java:exitSafeMode(193)) - SCM exiting safe mode.
2019-09-19 14:31:07,242 [grpc-default-executor-0] INFO  impl.RaftServerProxy (RaftServerProxy.java:addNew(89)) - 25afcdf3-50ae-4913-8777-2a97b689269f: addNew group-BAC06D9B1119:[25afcdf3-50ae-4913-8777-2a97b689269f:192.168.5.132:46090] returns group-BAC06D9B1119:java.util.concurrent.CompletableFuture@ed8ca87[Not completed]
2019-09-19 14:31:07,244 [pool-611-thread-1] INFO  impl.RaftServerImpl (RaftServerImpl.java:<init>(93)) - 25afcdf3-50ae-4913-8777-2a97b689269f: new RaftServerImpl for group-BAC06D9B1119:[25afcdf3-50ae-4913-8777-2a97b689269f:192.168.5.132:46090] with ContainerStateMachine:uninitialized
2019-09-19 14:31:07,244 [pool-611-thread-1] INFO  server.RaftServerConfigKeys (ConfUtils.java:logGet(43)) - raft.server.rpc.timeout.min = 5s (custom)
2019-09-19 14:31:07,244 [pool-611-thread-1] INFO  server.RaftServerConfigKeys (ConfUtils.java:logGet(43)) - raft.server.rpc.timeout.max = 5200ms (custom)
2019-09-19 14:31:07,244 [pool-611-thread-1] INFO  server.RaftServerConfigKeys (ConfUtils.java:logGet(43)) - raft.server.rpcslowness.timeout = 120s (custom)
2019-09-19 14:31:07,244 [pool-611-thread-1] INFO  server.RaftServerConfigKeys (ConfUtils.java:logGet(43)) - raft.server.sleep.deviation.threshold = 300 (default)
2019-09-19 14:31:07,244 [pool-611-thread-1] INFO  server.RaftServerConfigKeys (ConfUtils.java:logGet(43)) - raft.server.log.appender.install.snapshot.enabled = false (custom)
2019-09-19 14:31:07,245 [pool-611-thread-1] INFO  impl.RaftServerImpl (ServerState.java:<init>(105)) - 25afcdf3-50ae-4913-8777-2a97b689269f:group-BAC06D9B1119 ConfigurationManager, init=-1: [25afcdf3-50ae-4913-8777-2a97b689269f:192.168.5.132:46090], old=null, confs=<EMPTY_MAP>
2019-09-19 14:31:07,245 [pool-611-thread-1] INFO  server.RaftServerConfigKeys (ConfUtils.java:logGet(43)) - raft.server.storage.dir = [/workdir/hadoop-ozone/ozonefs/target/test-dir/MiniOzoneClusterImpl-339f3dc1-3cc0-483d-bcb7-0cbf2f200edb/datanode-0/data/ratis] (custom)
2019-09-19 14:31:07,245 [pool-611-thread-1] INFO  storage.RaftStorageDirectory (RaftStorageDirectory.java:analyzeStorage(246)) - The storage directory /workdir/hadoop-ozone/ozonefs/target/test-dir/MiniOzoneClusterImpl-339f3dc1-3cc0-483d-bcb7-0cbf2f200edb/datanode-0/data/ratis/c1651484-f0d2-4bdf-b85c-bac06d9b1119 does not exist. Creating ...
2019-09-19 14:31:07,260 [pool-611-thread-1] INFO  storage.RaftStorageDirectory (RaftStorageDirectory.java:tryLock(328)) - Lock on /workdir/hadoop-ozone/ozonefs/target/test-dir/MiniOzoneClusterImpl-339f3dc1-3cc0-483d-bcb7-0cbf2f200edb/datanode-0/data/ratis/c1651484-f0d2-4bdf-b85c-bac06d9b1119/in_use.lock acquired by nodename 7619@pr-hdds-1569-rzdr8-3403194166
2019-09-19 14:31:07,273 [pool-611-thread-1] INFO  storage.RaftStorage (RaftStorage.java:format(72)) - Storage directory /workdir/hadoop-ozone/ozonefs/target/test-dir/MiniOzoneClusterImpl-339f3dc1-3cc0-483d-bcb7-0cbf2f200edb/datanode-0/data/ratis/c1651484-f0d2-4bdf-b85c-bac06d9b1119 has been successfully formatted.
2019-09-19 14:31:07,273 [pool-611-thread-1] INFO  ratis.ContainerStateMachine (ContainerStateMachine.java:loadSnapshot(226)) - group-BAC06D9B1119: The snapshot info is null. Setting the last applied indexto:(t:0, i:~)
2019-09-19 14:31:07,274 [pool-611-thread-1] INFO  server.RaftServerConfigKeys (ConfUtils.java:logGet(43)) - raft.server.leader.election.timeout = 120s (custom)
2019-09-19 14:31:07,274 [pool-611-thread-1] INFO  server.RaftServerConfigKeys (ConfUtils.java:logGet(43)) - raft.server.log.use.memory = false (default)
2019-09-19 14:31:07,274 [pool-611-thread-1] INFO  server.RaftServerConfigKeys (ConfUtils.java:logGet(43)) - raft.server.log.purge.gap = 1000000 (custom)
2019-09-19 14:31:07,274 [pool-611-thread-1] INFO  server.RaftServerConfigKeys (ConfUtils.java:logGet(43)) - raft.server.log.appender.buffer.byte-limit = 33554432 (custom)
2019-09-19 14:31:07,274 [pool-611-thread-1] INFO  server.RaftServerConfigKeys (ConfUtils.java:logGet(43)) - raft.server.log.segment.size.max = 1048576 (custom)
2019-09-19 14:31:07,274 [pool-611-thread-1] INFO  server.RaftServerConfigKeys (ConfUtils.java:logGet(43)) - raft.server.log.segment.cache.num.max = 2 (custom)
2019-09-19 14:31:07,275 [pool-611-thread-1] INFO  segmented.SegmentedRaftLogWorker (SegmentedRaftLogWorker.java:<init>(172)) - new 25afcdf3-50ae-4913-8777-2a97b689269f-SegmentedRaftLogWorker:Storage Directory /workdir/hadoop-ozone/ozonefs/target/test-dir/MiniOzoneClusterImpl-339f3dc1-3cc0-483d-bcb7-0cbf2f200edb/datanode-0/data/ratis/c1651484-f0d2-4bdf-b85c-bac06d9b1119 for RaftStorage:Storage Directory /workdir/hadoop-ozone/ozonefs/target/test-dir/MiniOzoneClusterImpl-339f3dc1-3cc0-483d-bcb7-0cbf2f200edb/datanode-0/data/ratis/c1651484-f0d2-4bdf-b85c-bac06d9b1119
2019-09-19 14:31:07,275 [pool-611-thread-1] INFO  server.RaftServerConfigKeys (ConfUtils.java:logGet(43)) - raft.server.log.queue.byte-limit = 2147483647 (custom)
2019-09-19 14:31:07,275 [pool-611-thread-1] INFO  server.RaftServerConfigKeys (ConfUtils.java:logGet(43)) - raft.server.log.queue.element-limit = 1024 (custom)
2019-09-19 14:31:07,275 [pool-611-thread-1] INFO  server.RaftServerConfigKeys (ConfUtils.java:logGet(43)) - raft.server.log.segment.size.max = 1048576 (custom)
2019-09-19 14:31:07,276 [pool-611-thread-1] INFO  server.RaftServerConfigKeys (ConfUtils.java:logGet(43)) - raft.server.log.preallocated.size = 16384 (custom)
2019-09-19 14:31:07,276 [pool-611-thread-1] INFO  server.RaftServerConfigKeys (ConfUtils.java:logGet(43)) - raft.server.log.write.buffer.size = 33554432 (custom)
2019-09-19 14:31:07,276 [pool-611-thread-1] INFO  server.RaftServerConfigKeys (ConfUtils.java:logGet(43)) - raft.server.log.force.sync.num = 128 (default)
2019-09-19 14:31:07,276 [pool-611-thread-1] INFO  server.RaftServerConfigKeys (ConfUtils.java:logGet(43)) - raft.server.log.statemachine.data.sync = true (default)
2019-09-19 14:31:07,276 [pool-611-thread-1] INFO  server.RaftServerConfigKeys (ConfUtils.java:logGet(43)) - raft.server.log.statemachine.data.sync.timeout = 10s (default)
2019-09-19 14:31:07,276 [pool-611-thread-1] INFO  server.RaftServerConfigKeys (ConfUtils.java:logGet(43)) - raft.server.log.statemachine.data.sync.timeout.retry = -1 (default)
2019-09-19 14:31:07,277 [pool-611-thread-1] INFO  server.RaftServerConfigKeys (ConfUtils.java:logGet(43)) - raft.server.log.statemachine.data.caching.enabled = true (custom)
2019-09-19 14:31:07,277 [pool-611-thread-1] INFO  segmented.SegmentedRaftLogWorker (SegmentedRaftLogWorker.java:lambda$new$0(132)) - 25afcdf3-50ae-4913-8777-2a97b689269f-SegmentedRaftLogWorker:Storage Directory /workdir/hadoop-ozone/ozonefs/target/test-dir/MiniOzoneClusterImpl-339f3dc1-3cc0-483d-bcb7-0cbf2f200edb/datanode-0/data/ratis/c1651484-f0d2-4bdf-b85c-bac06d9b1119: flushIndex: setUnconditionally 0 -> -1
2019-09-19 14:31:07,277 [pool-611-thread-1] INFO  server.RaftServerConfigKeys (ConfUtils.java:logGet(43)) - raft.server.snapshot.auto.trigger.enabled = true (custom)
2019-09-19 14:31:07,278 [pool-611-thread-1] INFO  server.RaftServerConfigKeys (ConfUtils.java:logGet(43)) - raft.server.snapshot.auto.trigger.threshold = 10000 (custom)
2019-09-19 14:31:07,278 [pool-611-thread-1] INFO  server.RaftServerConfigKeys (ConfUtils.java:logGet(43)) - raft.server.retrycache.expirytime = 600000ms (custom)
2019-09-19 14:31:07,278 [pool-611-thread-1] INFO  impl.RaftServerImpl (RaftServerImpl.java:start(180)) - 25afcdf3-50ae-4913-8777-2a97b689269f: start group-BAC06D9B1119
2019-09-19 14:31:07,278 [pool-611-thread-1] INFO  impl.RaftServerImpl (RaftServerImpl.java:setRole(171)) - 25afcdf3-50ae-4913-8777-2a97b689269f:group-BAC06D9B1119 changes role from null to FOLLOWER at term 0 for startAsFollower
2019-09-19 14:31:07,278 [pool-611-thread-1] INFO  impl.RoleInfo (RoleInfo.java:updateAndGet(143)) - 25afcdf3-50ae-4913-8777-2a97b689269f: start FollowerState
2019-09-19 14:31:07,279 [pool-611-thread-1] INFO  util.JmxRegister (JmxRegister.java:tryRegister(44)) - Successfully registered JMX Bean with object name Ratis:service=RaftServer,group=group-BAC06D9B1119,id=25afcdf3-50ae-4913-8777-2a97b689269f
2019-09-19 14:31:07,296 [RatisPipelineUtilsThread] INFO  pipeline.PipelineStateManager (PipelineStateManager.java:addPipeline(56)) - Created pipeline Pipeline[ Id: c1651484-f0d2-4bdf-b85c-bac06d9b1119, Nodes: 25afcdf3-50ae-4913-8777-2a97b689269f{ip: 192.168.5.132, host: pr-hdds-1569-rzdr8-3403194166, networkLocation: /default-rack, certSerialId: null}, Type:RATIS, Factor:ONE, State:OPEN]
2019-09-19 14:31:07,301 [grpc-default-executor-0] INFO  impl.RaftServerProxy (RaftServerProxy.java:addNew(89)) - 25afcdf3-50ae-4913-8777-2a97b689269f: addNew group-31CE86589AE2:[25afcdf3-50ae-4913-8777-2a97b689269f:192.168.5.132:46090] returns group-31CE86589AE2:java.util.concurrent.CompletableFuture@3f9c638d[Not completed]
2019-09-19 14:31:07,302 [pool-611-thread-1] INFO  impl.RaftServerImpl (RaftServerImpl.java:<init>(93)) - 25afcdf3-50ae-4913-8777-2a97b689269f: new RaftServerImpl for group-31CE86589AE2:[25afcdf3-50ae-4913-8777-2a97b689269f:192.168.5.132:46090] with ContainerStateMachine:uninitialized
2019-09-19 14:31:07,302 [pool-611-thread-1] INFO  server.RaftServerConfigKeys (ConfUtils.java:logGet(43)) - raft.server.rpc.timeout.min = 5s (custom)
2019-09-19 14:31:07,302 [pool-611-thread-1] INFO  server.RaftServerConfigKeys (ConfUtils.java:logGet(43)) - raft.server.rpc.timeout.max = 5200ms (custom)
2019-09-19 14:31:07,302 [pool-611-thread-1] INFO  server.RaftServerConfigKeys (ConfUtils.java:logGet(43)) - raft.server.rpcslowness.timeout = 120s (custom)
2019-09-19 14:31:07,302 [pool-611-thread-1] INFO  server.RaftServerConfigKeys (ConfUtils.java:logGet(43)) - raft.server.sleep.deviation.threshold = 300 (default)
2019-09-19 14:31:07,302 [pool-611-thread-1] INFO  server.RaftServerConfigKeys (ConfUtils.java:logGet(43)) - raft.server.log.appender.install.snapshot.enabled = false (custom)
2019-09-19 14:31:07,302 [pool-611-thread-1] INFO  impl.RaftServerImpl (ServerState.java:<init>(105)) - 25afcdf3-50ae-4913-8777-2a97b689269f:group-31CE86589AE2 ConfigurationManager, init=-1: [25afcdf3-50ae-4913-8777-2a97b689269f:192.168.5.132:46090], old=null, confs=<EMPTY_MAP>
2019-09-19 14:31:07,303 [pool-611-thread-1] INFO  server.RaftServerConfigKeys (ConfUtils.java:logGet(43)) - raft.server.storage.dir = [/workdir/hadoop-ozone/ozonefs/target/test-dir/MiniOzoneClusterImpl-339f3dc1-3cc0-483d-bcb7-0cbf2f200edb/datanode-0/data/ratis] (custom)
2019-09-19 14:31:07,303 [pool-611-thread-1] INFO  storage.RaftStorageDirectory (RaftStorageDirectory.java:analyzeStorage(246)) - The storage directory /workdir/hadoop-ozone/ozonefs/target/test-dir/MiniOzoneClusterImpl-339f3dc1-3cc0-483d-bcb7-0cbf2f200edb/datanode-0/data/ratis/545373d5-171c-4e8f-a310-31ce86589ae2 does not exist. Creating ...
2019-09-19 14:31:07,316 [pool-611-thread-1] INFO  storage.RaftStorageDirectory (RaftStorageDirectory.java:tryLock(328)) - Lock on /workdir/hadoop-ozone/ozonefs/target/test-dir/MiniOzoneClusterImpl-339f3dc1-3cc0-483d-bcb7-0cbf2f200edb/datanode-0/data/ratis/545373d5-171c-4e8f-a310-31ce86589ae2/in_use.lock acquired by nodename 7619@pr-hdds-1569-rzdr8-3403194166
2019-09-19 14:31:07,328 [pool-611-thread-1] INFO  storage.RaftStorage (RaftStorage.java:format(72)) - Storage directory /workdir/hadoop-ozone/ozonefs/target/test-dir/MiniOzoneClusterImpl-339f3dc1-3cc0-483d-bcb7-0cbf2f200edb/datanode-0/data/ratis/545373d5-171c-4e8f-a310-31ce86589ae2 has been successfully formatted.
2019-09-19 14:31:07,329 [pool-611-thread-1] INFO  ratis.ContainerStateMachine (ContainerStateMachine.java:loadSnapshot(226)) - group-31CE86589AE2: The snapshot info is null. Setting the last applied indexto:(t:0, i:~)
2019-09-19 14:31:07,329 [pool-611-thread-1] INFO  server.RaftServerConfigKeys (ConfUtils.java:logGet(43)) - raft.server.leader.election.timeout = 120s (custom)
2019-09-19 14:31:07,329 [pool-611-thread-1] INFO  server.RaftServerConfigKeys (ConfUtils.java:logGet(43)) - raft.server.log.use.memory = false (default)
2019-09-19 14:31:07,329 [pool-611-thread-1] INFO  server.RaftServerConfigKeys (ConfUtils.java:logGet(43)) - raft.server.log.purge.gap = 1000000 (custom)
2019-09-19 14:31:07,329 [pool-611-thread-1] INFO  server.RaftServerConfigKeys (ConfUtils.java:logGet(43)) - raft.server.log.appender.buffer.byte-limit = 33554432 (custom)
2019-09-19 14:31:07,329 [pool-611-thread-1] INFO  server.RaftServerConfigKeys (ConfUtils.java:logGet(43)) - raft.server.log.segment.size.max = 1048576 (custom)
2019-09-19 14:31:07,329 [pool-611-thread-1] INFO  server.RaftServerConfigKeys (ConfUtils.java:logGet(43)) - raft.server.log.segment.cache.num.max = 2 (custom)
2019-09-19 14:31:07,329 [pool-611-thread-1] INFO  segmented.SegmentedRaftLogWorker (SegmentedRaftLogWorker.java:<init>(172)) - new 25afcdf3-50ae-4913-8777-2a97b689269f-SegmentedRaftLogWorker:Storage Directory /workdir/hadoop-ozone/ozonefs/target/test-dir/MiniOzoneClusterImpl-339f3dc1-3cc0-483d-bcb7-0cbf2f200edb/datanode-0/data/ratis/545373d5-171c-4e8f-a310-31ce86589ae2 for RaftStorage:Storage Directory /workdir/hadoop-ozone/ozonefs/target/test-dir/MiniOzoneClusterImpl-339f3dc1-3cc0-483d-bcb7-0cbf2f200edb/datanode-0/data/ratis/545373d5-171c-4e8f-a310-31ce86589ae2
2019-09-19 14:31:07,330 [pool-611-thread-1] INFO  server.RaftServerConfigKeys (ConfUtils.java:logGet(43)) - raft.server.log.queue.byte-limit = 2147483647 (custom)
2019-09-19 14:31:07,330 [pool-611-thread-1] INFO  server.RaftServerConfigKeys (ConfUtils.java:logGet(43)) - raft.server.log.queue.element-limit = 1024 (custom)
2019-09-19 14:31:07,330 [pool-611-thread-1] INFO  server.RaftServerConfigKeys (ConfUtils.java:logGet(43)) - raft.server.log.segment.size.max = 1048576 (custom)
2019-09-19 14:31:07,330 [pool-611-thread-1] INFO  server.RaftServerConfigKeys (ConfUtils.java:logGet(43)) - raft.server.log.preallocated.size = 16384 (custom)
2019-09-19 14:31:07,330 [pool-611-thread-1] INFO  server.RaftServerConfigKeys (ConfUtils.java:logGet(43)) - raft.server.log.write.buffer.size = 33554432 (custom)
2019-09-19 14:31:07,330 [pool-611-thread-1] INFO  server.RaftServerConfigKeys (ConfUtils.java:logGet(43)) - raft.server.log.force.sync.num = 128 (default)
2019-09-19 14:31:07,330 [pool-611-thread-1] INFO  server.RaftServerConfigKeys (ConfUtils.java:logGet(43)) - raft.server.log.statemachine.data.sync = true (default)
2019-09-19 14:31:07,330 [pool-611-thread-1] INFO  server.RaftServerConfigKeys (ConfUtils.java:logGet(43)) - raft.server.log.statemachine.data.sync.timeout = 10s (default)
2019-09-19 14:31:07,331 [pool-611-thread-1] INFO  server.RaftServerConfigKeys (ConfUtils.java:logGet(43)) - raft.server.log.statemachine.data.sync.timeout.retry = -1 (default)
2019-09-19 14:31:07,331 [pool-611-thread-1] INFO  server.RaftServerConfigKeys (ConfUtils.java:logGet(43)) - raft.server.log.statemachine.data.caching.enabled = true (custom)
2019-09-19 14:31:07,331 [pool-611-thread-1] INFO  segmented.SegmentedRaftLogWorker (SegmentedRaftLogWorker.java:lambda$new$0(132)) - 25afcdf3-50ae-4913-8777-2a97b689269f-SegmentedRaftLogWorker:Storage Directory /workdir/hadoop-ozone/ozonefs/target/test-dir/MiniOzoneClusterImpl-339f3dc1-3cc0-483d-bcb7-0cbf2f200edb/datanode-0/data/ratis/545373d5-171c-4e8f-a310-31ce86589ae2: flushIndex: setUnconditionally 0 -> -1
2019-09-19 14:31:07,331 [pool-611-thread-1] INFO  server.RaftServerConfigKeys (ConfUtils.java:logGet(43)) - raft.server.snapshot.auto.trigger.enabled = true (custom)
2019-09-19 14:31:07,331 [pool-611-thread-1] INFO  server.RaftServerConfigKeys (ConfUtils.java:logGet(43)) - raft.server.snapshot.auto.trigger.threshold = 10000 (custom)
2019-09-19 14:31:07,331 [pool-611-thread-1] INFO  server.RaftServerConfigKeys (ConfUtils.java:logGet(43)) - raft.server.retrycache.expirytime = 600000ms (custom)
2019-09-19 14:31:07,332 [pool-611-thread-1] INFO  impl.RaftServerImpl (RaftServerImpl.java:start(180)) - 25afcdf3-50ae-4913-8777-2a97b689269f: start group-31CE86589AE2
2019-09-19 14:31:07,332 [pool-611-thread-1] INFO  impl.RaftServerImpl (RaftServerImpl.java:setRole(171)) - 25afcdf3-50ae-4913-8777-2a97b689269f:group-31CE86589AE2 changes role from null to FOLLOWER at term 0 for startAsFollower
2019-09-19 14:31:07,332 [pool-611-thread-1] INFO  impl.RoleInfo (RoleInfo.java:updateAndGet(143)) - 25afcdf3-50ae-4913-8777-2a97b689269f: start FollowerState
2019-09-19 14:31:07,332 [pool-611-thread-1] INFO  util.JmxRegister (JmxRegister.java:tryRegister(44)) - Successfully registered JMX Bean with object name Ratis:service=RaftServer,group=group-31CE86589AE2,id=25afcdf3-50ae-4913-8777-2a97b689269f
2019-09-19 14:31:07,334 [RatisPipelineUtilsThread] INFO  pipeline.PipelineStateManager (PipelineStateManager.java:addPipeline(56)) - Created pipeline Pipeline[ Id: 545373d5-171c-4e8f-a310-31ce86589ae2, Nodes: 25afcdf3-50ae-4913-8777-2a97b689269f{ip: 192.168.5.132, host: pr-hdds-1569-rzdr8-3403194166, networkLocation: /default-rack, certSerialId: null}, Type:RATIS, Factor:ONE, State:OPEN]
2019-09-19 14:31:07,339 [grpc-default-executor-0] INFO  impl.RaftServerProxy (RaftServerProxy.java:addNew(89)) - 25afcdf3-50ae-4913-8777-2a97b689269f: addNew group-1CE857C3B12F:[25afcdf3-50ae-4913-8777-2a97b689269f:192.168.5.132:46090] returns group-1CE857C3B12F:java.util.concurrent.CompletableFuture@6ef735c8[Not completed]
2019-09-19 14:31:07,340 [pool-611-thread-1] INFO  impl.RaftServerImpl (RaftServerImpl.java:<init>(93)) - 25afcdf3-50ae-4913-8777-2a97b689269f: new RaftServerImpl for group-1CE857C3B12F:[25afcdf3-50ae-4913-8777-2a97b689269f:192.168.5.132:46090] with ContainerStateMachine:uninitialized
2019-09-19 14:31:07,340 [pool-611-thread-1] INFO  server.RaftServerConfigKeys (ConfUtils.java:logGet(43)) - raft.server.rpc.timeout.min = 5s (custom)
2019-09-19 14:31:07,340 [pool-611-thread-1] INFO  server.RaftServerConfigKeys (ConfUtils.java:logGet(43)) - raft.server.rpc.timeout.max = 5200ms (custom)
2019-09-19 14:31:07,340 [pool-611-thread-1] INFO  server.RaftServerConfigKeys (ConfUtils.java:logGet(43)) - raft.server.rpcslowness.timeout = 120s (custom)
2019-09-19 14:31:07,340 [pool-611-thread-1] INFO  server.RaftServerConfigKeys (ConfUtils.java:logGet(43)) - raft.server.sleep.deviation.threshold = 300 (default)
2019-09-19 14:31:07,341 [pool-611-thread-1] INFO  server.RaftServerConfigKeys (ConfUtils.java:logGet(43)) - raft.server.log.appender.install.snapshot.enabled = false (custom)
2019-09-19 14:31:07,341 [pool-611-thread-1] INFO  impl.RaftServerImpl (ServerState.java:<init>(105)) - 25afcdf3-50ae-4913-8777-2a97b689269f:group-1CE857C3B12F ConfigurationManager, init=-1: [25afcdf3-50ae-4913-8777-2a97b689269f:192.168.5.132:46090], old=null, confs=<EMPTY_MAP>
2019-09-19 14:31:07,341 [pool-611-thread-1] INFO  server.RaftServerConfigKeys (ConfUtils.java:logGet(43)) - raft.server.storage.dir = [/workdir/hadoop-ozone/ozonefs/target/test-dir/MiniOzoneClusterImpl-339f3dc1-3cc0-483d-bcb7-0cbf2f200edb/datanode-0/data/ratis] (custom)
2019-09-19 14:31:07,341 [pool-611-thread-1] INFO  storage.RaftStorageDirectory (RaftStorageDirectory.java:analyzeStorage(246)) - The storage directory /workdir/hadoop-ozone/ozonefs/target/test-dir/MiniOzoneClusterImpl-339f3dc1-3cc0-483d-bcb7-0cbf2f200edb/datanode-0/data/ratis/83d1d42d-6121-453a-9f66-1ce857c3b12f does not exist. Creating ...
2019-09-19 14:31:07,354 [pool-611-thread-1] INFO  storage.RaftStorageDirectory (RaftStorageDirectory.java:tryLock(328)) - Lock on /workdir/hadoop-ozone/ozonefs/target/test-dir/MiniOzoneClusterImpl-339f3dc1-3cc0-483d-bcb7-0cbf2f200edb/datanode-0/data/ratis/83d1d42d-6121-453a-9f66-1ce857c3b12f/in_use.lock acquired by nodename 7619@pr-hdds-1569-rzdr8-3403194166
2019-09-19 14:31:07,366 [pool-611-thread-1] INFO  storage.RaftStorage (RaftStorage.java:format(72)) - Storage directory /workdir/hadoop-ozone/ozonefs/target/test-dir/MiniOzoneClusterImpl-339f3dc1-3cc0-483d-bcb7-0cbf2f200edb/datanode-0/data/ratis/83d1d42d-6121-453a-9f66-1ce857c3b12f has been successfully formatted.
2019-09-19 14:31:07,366 [pool-611-thread-1] INFO  ratis.ContainerStateMachine (ContainerStateMachine.java:loadSnapshot(226)) - group-1CE857C3B12F: The snapshot info is null. Setting the last applied indexto:(t:0, i:~)
2019-09-19 14:31:07,367 [pool-611-thread-1] INFO  server.RaftServerConfigKeys (ConfUtils.java:logGet(43)) - raft.server.leader.election.timeout = 120s (custom)
2019-09-19 14:31:07,367 [pool-611-thread-1] INFO  server.RaftServerConfigKeys (ConfUtils.java:logGet(43)) - raft.server.log.use.memory = false (default)
2019-09-19 14:31:07,367 [pool-611-thread-1] INFO  server.RaftServerConfigKeys (ConfUtils.java:logGet(43)) - raft.server.log.purge.gap = 1000000 (custom)
2019-09-19 14:31:07,367 [pool-611-thread-1] INFO  server.RaftServerConfigKeys (ConfUtils.java:logGet(43)) - raft.server.log.appender.buffer.byte-limit = 33554432 (custom)
2019-09-19 14:31:07,367 [pool-611-thread-1] INFO  server.RaftServerConfigKeys (ConfUtils.java:logGet(43)) - raft.server.log.segment.size.max = 1048576 (custom)
2019-09-19 14:31:07,367 [pool-611-thread-1] INFO  server.RaftServerConfigKeys (ConfUtils.java:logGet(43)) - raft.server.log.segment.cache.num.max = 2 (custom)
2019-09-19 14:31:07,367 [pool-611-thread-1] INFO  segmented.SegmentedRaftLogWorker (SegmentedRaftLogWorker.java:<init>(172)) - new 25afcdf3-50ae-4913-8777-2a97b689269f-SegmentedRaftLogWorker:Storage Directory /workdir/hadoop-ozone/ozonefs/target/test-dir/MiniOzoneClusterImpl-339f3dc1-3cc0-483d-bcb7-0cbf2f200edb/datanode-0/data/ratis/83d1d42d-6121-453a-9f66-1ce857c3b12f for RaftStorage:Storage Directory /workdir/hadoop-ozone/ozonefs/target/test-dir/MiniOzoneClusterImpl-339f3dc1-3cc0-483d-bcb7-0cbf2f200edb/datanode-0/data/ratis/83d1d42d-6121-453a-9f66-1ce857c3b12f
2019-09-19 14:31:07,367 [pool-611-thread-1] INFO  server.RaftServerConfigKeys (ConfUtils.java:logGet(43)) - raft.server.log.queue.byte-limit = 2147483647 (custom)
2019-09-19 14:31:07,368 [pool-611-thread-1] INFO  server.RaftServerConfigKeys (ConfUtils.java:logGet(43)) - raft.server.log.queue.element-limit = 1024 (custom)
2019-09-19 14:31:07,368 [pool-611-thread-1] INFO  server.RaftServerConfigKeys (ConfUtils.java:logGet(43)) - raft.server.log.segment.size.max = 1048576 (custom)
2019-09-19 14:31:07,368 [pool-611-thread-1] INFO  server.RaftServerConfigKeys (ConfUtils.java:logGet(43)) - raft.server.log.preallocated.size = 16384 (custom)
2019-09-19 14:31:07,368 [pool-611-thread-1] INFO  server.RaftServerConfigKeys (ConfUtils.java:logGet(43)) - raft.server.log.write.buffer.size = 33554432 (custom)
2019-09-19 14:31:07,368 [pool-611-thread-1] INFO  server.RaftServerConfigKeys (ConfUtils.java:logGet(43)) - raft.server.log.force.sync.num = 128 (default)
2019-09-19 14:31:07,368 [pool-611-thread-1] INFO  server.RaftServerConfigKeys (ConfUtils.java:logGet(43)) - raft.server.log.statemachine.data.sync = true (default)
2019-09-19 14:31:07,368 [pool-611-thread-1] INFO  server.RaftServerConfigKeys (ConfUtils.java:logGet(43)) - raft.server.log.statemachine.data.sync.timeout = 10s (default)
2019-09-19 14:31:07,368 [pool-611-thread-1] INFO  server.RaftServerConfigKeys (ConfUtils.java:logGet(43)) - raft.server.log.statemachine.data.sync.timeout.retry = -1 (default)
2019-09-19 14:31:07,368 [pool-611-thread-1] INFO  server.RaftServerConfigKeys (ConfUtils.java:logGet(43)) - raft.server.log.statemachine.data.caching.enabled = true (custom)
2019-09-19 14:31:07,369 [pool-611-thread-1] INFO  segmented.SegmentedRaftLogWorker (SegmentedRaftLogWorker.java:lambda$new$0(132)) - 25afcdf3-50ae-4913-8777-2a97b689269f-SegmentedRaftLogWorker:Storage Directory /workdir/hadoop-ozone/ozonefs/target/test-dir/MiniOzoneClusterImpl-339f3dc1-3cc0-483d-bcb7-0cbf2f200edb/datanode-0/data/ratis/83d1d42d-6121-453a-9f66-1ce857c3b12f: flushIndex: setUnconditionally 0 -> -1
2019-09-19 14:31:07,369 [pool-611-thread-1] INFO  server.RaftServerConfigKeys (ConfUtils.java:logGet(43)) - raft.server.snapshot.auto.trigger.enabled = true (custom)
2019-09-19 14:31:07,369 [pool-611-thread-1] INFO  server.RaftServerConfigKeys (ConfUtils.java:logGet(43)) - raft.server.snapshot.auto.trigger.threshold = 10000 (custom)
2019-09-19 14:31:07,369 [pool-611-thread-1] INFO  server.RaftServerConfigKeys (ConfUtils.java:logGet(43)) - raft.server.retrycache.expirytime = 600000ms (custom)
2019-09-19 14:31:07,369 [pool-611-thread-1] INFO  impl.RaftServerImpl (RaftServerImpl.java:start(180)) - 25afcdf3-50ae-4913-8777-2a97b689269f: start group-1CE857C3B12F
2019-09-19 14:31:07,369 [pool-611-thread-1] INFO  impl.RaftServerImpl (RaftServerImpl.java:setRole(171)) - 25afcdf3-50ae-4913-8777-2a97b689269f:group-1CE857C3B12F changes role from null to FOLLOWER at term 0 for startAsFollower
2019-09-19 14:31:07,370 [pool-611-thread-1] INFO  impl.RoleInfo (RoleInfo.java:updateAndGet(143)) - 25afcdf3-50ae-4913-8777-2a97b689269f: start FollowerState
2019-09-19 14:31:07,370 [pool-611-thread-1] INFO  util.JmxRegister (JmxRegister.java:tryRegister(44)) - Successfully registered JMX Bean with object name Ratis:service=RaftServer,group=group-1CE857C3B12F,id=25afcdf3-50ae-4913-8777-2a97b689269f
2019-09-19 14:31:07,372 [RatisPipelineUtilsThread] INFO  pipeline.PipelineStateManager (PipelineStateManager.java:addPipeline(56)) - Created pipeline Pipeline[ Id: 83d1d42d-6121-453a-9f66-1ce857c3b12f, Nodes: 25afcdf3-50ae-4913-8777-2a97b689269f{ip: 192.168.5.132, host: pr-hdds-1569-rzdr8-3403194166, networkLocation: /default-rack, certSerialId: null}, Type:RATIS, Factor:ONE, State:OPEN]
2019-09-19 14:31:07,377 [grpc-default-executor-0] INFO  impl.RaftServerProxy (RaftServerProxy.java:addNew(89)) - 25afcdf3-50ae-4913-8777-2a97b689269f: addNew group-6119BE4603E7:[25afcdf3-50ae-4913-8777-2a97b689269f:192.168.5.132:46090] returns group-6119BE4603E7:java.util.concurrent.CompletableFuture@1c34bc9[Not completed]
2019-09-19 14:31:07,378 [pool-611-thread-1] INFO  impl.RaftServerImpl (RaftServerImpl.java:<init>(93)) - 25afcdf3-50ae-4913-8777-2a97b689269f: new RaftServerImpl for group-6119BE4603E7:[25afcdf3-50ae-4913-8777-2a97b689269f:192.168.5.132:46090] with ContainerStateMachine:uninitialized
2019-09-19 14:31:07,378 [pool-611-thread-1] INFO  server.RaftServerConfigKeys (ConfUtils.java:logGet(43)) - raft.server.rpc.timeout.min = 5s (custom)
2019-09-19 14:31:07,378 [pool-611-thread-1] INFO  server.RaftServerConfigKeys (ConfUtils.java:logGet(43)) - raft.server.rpc.timeout.max = 5200ms (custom)
2019-09-19 14:31:07,378 [pool-611-thread-1] INFO  server.RaftServerConfigKeys (ConfUtils.java:logGet(43)) - raft.server.rpcslowness.timeout = 120s (custom)
2019-09-19 14:31:07,378 [pool-611-thread-1] INFO  server.RaftServerConfigKeys (ConfUtils.java:logGet(43)) - raft.server.sleep.deviation.threshold = 300 (default)
2019-09-19 14:31:07,378 [pool-611-thread-1] INFO  server.RaftServerConfigKeys (ConfUtils.java:logGet(43)) - raft.server.log.appender.install.snapshot.enabled = false (custom)
2019-09-19 14:31:07,378 [pool-611-thread-1] INFO  impl.RaftServerImpl (ServerState.java:<init>(105)) - 25afcdf3-50ae-4913-8777-2a97b689269f:group-6119BE4603E7 ConfigurationManager, init=-1: [25afcdf3-50ae-4913-8777-2a97b689269f:192.168.5.132:46090], old=null, confs=<EMPTY_MAP>
2019-09-19 14:31:07,378 [pool-611-thread-1] INFO  server.RaftServerConfigKeys (ConfUtils.java:logGet(43)) - raft.server.storage.dir = [/workdir/hadoop-ozone/ozonefs/target/test-dir/MiniOzoneClusterImpl-339f3dc1-3cc0-483d-bcb7-0cbf2f200edb/datanode-0/data/ratis] (custom)
2019-09-19 14:31:07,379 [pool-611-thread-1] INFO  storage.RaftStorageDirectory (RaftStorageDirectory.java:analyzeStorage(246)) - The storage directory /workdir/hadoop-ozone/ozonefs/target/test-dir/MiniOzoneClusterImpl-339f3dc1-3cc0-483d-bcb7-0cbf2f200edb/datanode-0/data/ratis/ff84e3ec-9e44-453f-93d6-6119be4603e7 does not exist. Creating ...
2019-09-19 14:31:07,407 [IPC Server handler 3 on 37724] INFO  net.NetworkTopology (NetworkTopologyImpl.java:add(110)) - Added a new node: /default-rack/c326554a-81dd-4dc5-99d3-f252989fbe27
2019-09-19 14:31:07,407 [IPC Server handler 3 on 37724] INFO  node.SCMNodeManager (SCMNodeManager.java:register(273)) - Registered Data node : c326554a-81dd-4dc5-99d3-f252989fbe27{ip: 192.168.5.132, host: pr-hdds-1569-rzdr8-3403194166, networkLocation: /default-rack, certSerialId: null}
2019-09-19 14:31:07,408 | INFO  | SCMAudit | user=jenkins1000 | ip=192.168.5.132 | op=REGISTER {datanodeDetails=c326554a-81dd-4dc5-99d3-f252989fbe27{ip: 192.168.5.132, host: pr-hdds-1569-rzdr8-3403194166, networkLocation: /default-rack, certSerialId: null}} | ret=SUCCESS |  
2019-09-19 14:31:07,411 [pool-611-thread-1] INFO  storage.RaftStorageDirectory (RaftStorageDirectory.java:tryLock(328)) - Lock on /workdir/hadoop-ozone/ozonefs/target/test-dir/MiniOzoneClusterImpl-339f3dc1-3cc0-483d-bcb7-0cbf2f200edb/datanode-0/data/ratis/ff84e3ec-9e44-453f-93d6-6119be4603e7/in_use.lock acquired by nodename 7619@pr-hdds-1569-rzdr8-3403194166
2019-09-19 14:31:07,424 [pool-611-thread-1] INFO  storage.RaftStorage (RaftStorage.java:format(72)) - Storage directory /workdir/hadoop-ozone/ozonefs/target/test-dir/MiniOzoneClusterImpl-339f3dc1-3cc0-483d-bcb7-0cbf2f200edb/datanode-0/data/ratis/ff84e3ec-9e44-453f-93d6-6119be4603e7 has been successfully formatted.
2019-09-19 14:31:07,424 [pool-611-thread-1] INFO  ratis.ContainerStateMachine (ContainerStateMachine.java:loadSnapshot(226)) - group-6119BE4603E7: The snapshot info is null. Setting the last applied indexto:(t:0, i:~)
2019-09-19 14:31:07,424 [pool-611-thread-1] INFO  server.RaftServerConfigKeys (ConfUtils.java:logGet(43)) - raft.server.leader.election.timeout = 120s (custom)
2019-09-19 14:31:07,424 [pool-611-thread-1] INFO  server.RaftServerConfigKeys (ConfUtils.java:logGet(43)) - raft.server.log.use.memory = false (default)
2019-09-19 14:31:07,425 [pool-611-thread-1] INFO  server.RaftServerConfigKeys (ConfUtils.java:logGet(43)) - raft.server.log.purge.gap = 1000000 (custom)
2019-09-19 14:31:07,425 [pool-611-thread-1] INFO  server.RaftServerConfigKeys (ConfUtils.java:logGet(43)) - raft.server.log.appender.buffer.byte-limit = 33554432 (custom)
2019-09-19 14:31:07,425 [pool-611-thread-1] INFO  server.RaftServerConfigKeys (ConfUtils.java:logGet(43)) - raft.server.log.segment.size.max = 1048576 (custom)
2019-09-19 14:31:07,425 [pool-611-thread-1] INFO  server.RaftServerConfigKeys (ConfUtils.java:logGet(43)) - raft.server.log.segment.cache.num.max = 2 (custom)
2019-09-19 14:31:07,425 [pool-611-thread-1] INFO  segmented.SegmentedRaftLogWorker (SegmentedRaftLogWorker.java:<init>(172)) - new 25afcdf3-50ae-4913-8777-2a97b689269f-SegmentedRaftLogWorker:Storage Directory /workdir/hadoop-ozone/ozonefs/target/test-dir/MiniOzoneClusterImpl-339f3dc1-3cc0-483d-bcb7-0cbf2f200edb/datanode-0/data/ratis/ff84e3ec-9e44-453f-93d6-6119be4603e7 for RaftStorage:Storage Directory /workdir/hadoop-ozone/ozonefs/target/test-dir/MiniOzoneClusterImpl-339f3dc1-3cc0-483d-bcb7-0cbf2f200edb/datanode-0/data/ratis/ff84e3ec-9e44-453f-93d6-6119be4603e7
2019-09-19 14:31:07,425 [pool-611-thread-1] INFO  server.RaftServerConfigKeys (ConfUtils.java:logGet(43)) - raft.server.log.queue.byte-limit = 2147483647 (custom)
2019-09-19 14:31:07,425 [pool-611-thread-1] INFO  server.RaftServerConfigKeys (ConfUtils.java:logGet(43)) - raft.server.log.queue.element-limit = 1024 (custom)
2019-09-19 14:31:07,425 [pool-611-thread-1] INFO  server.RaftServerConfigKeys (ConfUtils.java:logGet(43)) - raft.server.log.segment.size.max = 1048576 (custom)
2019-09-19 14:31:07,425 [pool-611-thread-1] INFO  server.RaftServerConfigKeys (ConfUtils.java:logGet(43)) - raft.server.log.preallocated.size = 16384 (custom)
2019-09-19 14:31:07,426 [pool-611-thread-1] INFO  server.RaftServerConfigKeys (ConfUtils.java:logGet(43)) - raft.server.log.write.buffer.size = 33554432 (custom)
2019-09-19 14:31:07,426 [pool-611-thread-1] INFO  server.RaftServerConfigKeys (ConfUtils.java:logGet(43)) - raft.server.log.force.sync.num = 128 (default)
2019-09-19 14:31:07,426 [pool-611-thread-1] INFO  server.RaftServerConfigKeys (ConfUtils.java:logGet(43)) - raft.server.log.statemachine.data.sync = true (default)
2019-09-19 14:31:07,426 [pool-611-thread-1] INFO  server.RaftServerConfigKeys (ConfUtils.java:logGet(43)) - raft.server.log.statemachine.data.sync.timeout = 10s (default)
2019-09-19 14:31:07,426 [pool-611-thread-1] INFO  server.RaftServerConfigKeys (ConfUtils.java:logGet(43)) - raft.server.log.statemachine.data.sync.timeout.retry = -1 (default)
2019-09-19 14:31:07,426 [pool-611-thread-1] INFO  server.RaftServerConfigKeys (ConfUtils.java:logGet(43)) - raft.server.log.statemachine.data.caching.enabled = true (custom)
2019-09-19 14:31:07,426 [pool-611-thread-1] INFO  segmented.SegmentedRaftLogWorker (SegmentedRaftLogWorker.java:lambda$new$0(132)) - 25afcdf3-50ae-4913-8777-2a97b689269f-SegmentedRaftLogWorker:Storage Directory /workdir/hadoop-ozone/ozonefs/target/test-dir/MiniOzoneClusterImpl-339f3dc1-3cc0-483d-bcb7-0cbf2f200edb/datanode-0/data/ratis/ff84e3ec-9e44-453f-93d6-6119be4603e7: flushIndex: setUnconditionally 0 -> -1
2019-09-19 14:31:07,427 [pool-611-thread-1] INFO  server.RaftServerConfigKeys (ConfUtils.java:logGet(43)) - raft.server.snapshot.auto.trigger.enabled = true (custom)
2019-09-19 14:31:07,427 [pool-611-thread-1] INFO  server.RaftServerConfigKeys (ConfUtils.java:logGet(43)) - raft.server.snapshot.auto.trigger.threshold = 10000 (custom)
2019-09-19 14:31:07,427 [pool-611-thread-1] INFO  server.RaftServerConfigKeys (ConfUtils.java:logGet(43)) - raft.server.retrycache.expirytime = 600000ms (custom)
2019-09-19 14:31:07,427 [pool-611-thread-1] INFO  impl.RaftServerImpl (RaftServerImpl.java:start(180)) - 25afcdf3-50ae-4913-8777-2a97b689269f: start group-6119BE4603E7
2019-09-19 14:31:07,427 [pool-611-thread-1] INFO  impl.RaftServerImpl (RaftServerImpl.java:setRole(171)) - 25afcdf3-50ae-4913-8777-2a97b689269f:group-6119BE4603E7 changes role from null to FOLLOWER at term 0 for startAsFollower
2019-09-19 14:31:07,427 [pool-611-thread-1] INFO  impl.RoleInfo (RoleInfo.java:updateAndGet(143)) - 25afcdf3-50ae-4913-8777-2a97b689269f: start FollowerState
2019-09-19 14:31:07,427 [pool-611-thread-1] INFO  util.JmxRegister (JmxRegister.java:tryRegister(44)) - Successfully registered JMX Bean with object name Ratis:service=RaftServer,group=group-6119BE4603E7,id=25afcdf3-50ae-4913-8777-2a97b689269f
2019-09-19 14:31:07,430 [RatisPipelineUtilsThread] INFO  pipeline.PipelineStateManager (PipelineStateManager.java:addPipeline(56)) - Created pipeline Pipeline[ Id: ff84e3ec-9e44-453f-93d6-6119be4603e7, Nodes: 25afcdf3-50ae-4913-8777-2a97b689269f{ip: 192.168.5.132, host: pr-hdds-1569-rzdr8-3403194166, networkLocation: /default-rack, certSerialId: null}, Type:RATIS, Factor:ONE, State:OPEN]
2019-09-19 14:31:07,434 [grpc-default-executor-0] INFO  impl.RaftServerProxy (RaftServerProxy.java:addNew(89)) - 25afcdf3-50ae-4913-8777-2a97b689269f: addNew group-45FD65304706:[25afcdf3-50ae-4913-8777-2a97b689269f:192.168.5.132:46090] returns group-45FD65304706:java.util.concurrent.CompletableFuture@6ab9af86[Not completed]
2019-09-19 14:31:07,435 [pool-611-thread-1] INFO  impl.RaftServerImpl (RaftServerImpl.java:<init>(93)) - 25afcdf3-50ae-4913-8777-2a97b689269f: new RaftServerImpl for group-45FD65304706:[25afcdf3-50ae-4913-8777-2a97b689269f:192.168.5.132:46090] with ContainerStateMachine:uninitialized
2019-09-19 14:31:07,435 [pool-611-thread-1] INFO  server.RaftServerConfigKeys (ConfUtils.java:logGet(43)) - raft.server.rpc.timeout.min = 5s (custom)
2019-09-19 14:31:07,436 [pool-611-thread-1] INFO  server.RaftServerConfigKeys (ConfUtils.java:logGet(43)) - raft.server.rpc.timeout.max = 5200ms (custom)
2019-09-19 14:31:07,436 [pool-611-thread-1] INFO  server.RaftServerConfigKeys (ConfUtils.java:logGet(43)) - raft.server.rpcslowness.timeout = 120s (custom)
2019-09-19 14:31:07,436 [pool-611-thread-1] INFO  server.RaftServerConfigKeys (ConfUtils.java:logGet(43)) - raft.server.sleep.deviation.threshold = 300 (default)
2019-09-19 14:31:07,436 [pool-611-thread-1] INFO  server.RaftServerConfigKeys (ConfUtils.java:logGet(43)) - raft.server.log.appender.install.snapshot.enabled = false (custom)
2019-09-19 14:31:07,436 [pool-611-thread-1] INFO  impl.RaftServerImpl (ServerState.java:<init>(105)) - 25afcdf3-50ae-4913-8777-2a97b689269f:group-45FD65304706 ConfigurationManager, init=-1: [25afcdf3-50ae-4913-8777-2a97b689269f:192.168.5.132:46090], old=null, confs=<EMPTY_MAP>
2019-09-19 14:31:07,436 [pool-611-thread-1] INFO  server.RaftServerConfigKeys (ConfUtils.java:logGet(43)) - raft.server.storage.dir = [/workdir/hadoop-ozone/ozonefs/target/test-dir/MiniOzoneClusterImpl-339f3dc1-3cc0-483d-bcb7-0cbf2f200edb/datanode-0/data/ratis] (custom)
2019-09-19 14:31:07,436 [pool-611-thread-1] INFO  storage.RaftStorageDirectory (RaftStorageDirectory.java:analyzeStorage(246)) - The storage directory /workdir/hadoop-ozone/ozonefs/target/test-dir/MiniOzoneClusterImpl-339f3dc1-3cc0-483d-bcb7-0cbf2f200edb/datanode-0/data/ratis/3240adab-2334-4a76-bd98-45fd65304706 does not exist. Creating ...
2019-09-19 14:31:07,449 [pool-611-thread-1] INFO  storage.RaftStorageDirectory (RaftStorageDirectory.java:tryLock(328)) - Lock on /workdir/hadoop-ozone/ozonefs/target/test-dir/MiniOzoneClusterImpl-339f3dc1-3cc0-483d-bcb7-0cbf2f200edb/datanode-0/data/ratis/3240adab-2334-4a76-bd98-45fd65304706/in_use.lock acquired by nodename 7619@pr-hdds-1569-rzdr8-3403194166
2019-09-19 14:31:07,453 [pool-611-thread-1] INFO  storage.RaftStorage (RaftStorage.java:format(72)) - Storage directory /workdir/hadoop-ozone/ozonefs/target/test-dir/MiniOzoneClusterImpl-339f3dc1-3cc0-483d-bcb7-0cbf2f200edb/datanode-0/data/ratis/3240adab-2334-4a76-bd98-45fd65304706 has been successfully formatted.
2019-09-19 14:31:07,453 [pool-611-thread-1] INFO  ratis.ContainerStateMachine (ContainerStateMachine.java:loadSnapshot(226)) - group-45FD65304706: The snapshot info is null. Setting the last applied indexto:(t:0, i:~)
2019-09-19 14:31:07,453 [pool-611-thread-1] INFO  server.RaftServerConfigKeys (ConfUtils.java:logGet(43)) - raft.server.leader.election.timeout = 120s (custom)
2019-09-19 14:31:07,453 [pool-611-thread-1] INFO  server.RaftServerConfigKeys (ConfUtils.java:logGet(43)) - raft.server.log.use.memory = false (default)
2019-09-19 14:31:07,454 [pool-611-thread-1] INFO  server.RaftServerConfigKeys (ConfUtils.java:logGet(43)) - raft.server.log.purge.gap = 1000000 (custom)
2019-09-19 14:31:07,454 [pool-611-thread-1] INFO  server.RaftServerConfigKeys (ConfUtils.java:logGet(43)) - raft.server.log.appender.buffer.byte-limit = 33554432 (custom)
2019-09-19 14:31:07,454 [pool-611-thread-1] INFO  server.RaftServerConfigKeys (ConfUtils.java:logGet(43)) - raft.server.log.segment.size.max = 1048576 (custom)
2019-09-19 14:31:07,454 [pool-611-thread-1] INFO  server.RaftServerConfigKeys (ConfUtils.java:logGet(43)) - raft.server.log.segment.cache.num.max = 2 (custom)
2019-09-19 14:31:07,454 [pool-611-thread-1] INFO  segmented.SegmentedRaftLogWorker (SegmentedRaftLogWorker.java:<init>(172)) - new 25afcdf3-50ae-4913-8777-2a97b689269f-SegmentedRaftLogWorker:Storage Directory /workdir/hadoop-ozone/ozonefs/target/test-dir/MiniOzoneClusterImpl-339f3dc1-3cc0-483d-bcb7-0cbf2f200edb/datanode-0/data/ratis/3240adab-2334-4a76-bd98-45fd65304706 for RaftStorage:Storage Directory /workdir/hadoop-ozone/ozonefs/target/test-dir/MiniOzoneClusterImpl-339f3dc1-3cc0-483d-bcb7-0cbf2f200edb/datanode-0/data/ratis/3240adab-2334-4a76-bd98-45fd65304706
2019-09-19 14:31:07,454 [pool-611-thread-1] INFO  server.RaftServerConfigKeys (ConfUtils.java:logGet(43)) - raft.server.log.queue.byte-limit = 2147483647 (custom)
2019-09-19 14:31:07,454 [pool-611-thread-1] INFO  server.RaftServerConfigKeys (ConfUtils.java:logGet(43)) - raft.server.log.queue.element-limit = 1024 (custom)
2019-09-19 14:31:07,454 [pool-611-thread-1] INFO  server.RaftServerConfigKeys (ConfUtils.java:logGet(43)) - raft.server.log.segment.size.max = 1048576 (custom)
2019-09-19 14:31:07,455 [pool-611-thread-1] INFO  server.RaftServerConfigKeys (ConfUtils.java:logGet(43)) - raft.server.log.preallocated.size = 16384 (custom)
2019-09-19 14:31:07,455 [pool-611-thread-1] INFO  server.RaftServerConfigKeys (ConfUtils.java:logGet(43)) - raft.server.log.write.buffer.size = 33554432 (custom)
2019-09-19 14:31:07,455 [pool-611-thread-1] INFO  server.RaftServerConfigKeys (ConfUtils.java:logGet(43)) - raft.server.log.force.sync.num = 128 (default)
2019-09-19 14:31:07,455 [pool-611-thread-1] INFO  server.RaftServerConfigKeys (ConfUtils.java:logGet(43)) - raft.server.log.statemachine.data.sync = true (default)
2019-09-19 14:31:07,455 [pool-611-thread-1] INFO  server.RaftServerConfigKeys (ConfUtils.java:logGet(43)) - raft.server.log.statemachine.data.sync.timeout = 10s (default)
2019-09-19 14:31:07,455 [pool-611-thread-1] INFO  server.RaftServerConfigKeys (ConfUtils.java:logGet(43)) - raft.server.log.statemachine.data.sync.timeout.retry = -1 (default)
2019-09-19 14:31:07,455 [pool-611-thread-1] INFO  server.RaftServerConfigKeys (ConfUtils.java:logGet(43)) - raft.server.log.statemachine.data.caching.enabled = true (custom)
2019-09-19 14:31:07,456 [pool-611-thread-1] INFO  segmented.SegmentedRaftLogWorker (SegmentedRaftLogWorker.java:lambda$new$0(132)) - 25afcdf3-50ae-4913-8777-2a97b689269f-SegmentedRaftLogWorker:Storage Directory /workdir/hadoop-ozone/ozonefs/target/test-dir/MiniOzoneClusterImpl-339f3dc1-3cc0-483d-bcb7-0cbf2f200edb/datanode-0/data/ratis/3240adab-2334-4a76-bd98-45fd65304706: flushIndex: setUnconditionally 0 -> -1
2019-09-19 14:31:07,456 [pool-611-thread-1] INFO  server.RaftServerConfigKeys (ConfUtils.java:logGet(43)) - raft.server.snapshot.auto.trigger.enabled = true (custom)
2019-09-19 14:31:07,456 [pool-611-thread-1] INFO  server.RaftServerConfigKeys (ConfUtils.java:logGet(43)) - raft.server.snapshot.auto.trigger.threshold = 10000 (custom)
2019-09-19 14:31:07,456 [pool-611-thread-1] INFO  server.RaftServerConfigKeys (ConfUtils.java:logGet(43)) - raft.server.retrycache.expirytime = 600000ms (custom)
2019-09-19 14:31:07,456 [pool-611-thread-1] INFO  impl.RaftServerImpl (RaftServerImpl.java:start(180)) - 25afcdf3-50ae-4913-8777-2a97b689269f: start group-45FD65304706
2019-09-19 14:31:07,456 [pool-611-thread-1] INFO  impl.RaftServerImpl (RaftServerImpl.java:setRole(171)) - 25afcdf3-50ae-4913-8777-2a97b689269f:group-45FD65304706 changes role from null to FOLLOWER at term 0 for startAsFollower
2019-09-19 14:31:07,457 [pool-611-thread-1] INFO  impl.RoleInfo (RoleInfo.java:updateAndGet(143)) - 25afcdf3-50ae-4913-8777-2a97b689269f: start FollowerState
2019-09-19 14:31:07,457 [pool-611-thread-1] INFO  util.JmxRegister (JmxRegister.java:tryRegister(44)) - Successfully registered JMX Bean with object name Ratis:service=RaftServer,group=group-45FD65304706,id=25afcdf3-50ae-4913-8777-2a97b689269f
2019-09-19 14:31:07,459 [RatisPipelineUtilsThread] INFO  pipeline.PipelineStateManager (PipelineStateManager.java:addPipeline(56)) - Created pipeline Pipeline[ Id: 3240adab-2334-4a76-bd98-45fd65304706, Nodes: 25afcdf3-50ae-4913-8777-2a97b689269f{ip: 192.168.5.132, host: pr-hdds-1569-rzdr8-3403194166, networkLocation: /default-rack, certSerialId: null}, Type:RATIS, Factor:ONE, State:OPEN]
2019-09-19 14:31:07,467 [grpc-default-executor-0] INFO  impl.RaftServerProxy (RaftServerProxy.java:addNew(89)) - c326554a-81dd-4dc5-99d3-f252989fbe27: addNew group-D27CC882D79A:[c326554a-81dd-4dc5-99d3-f252989fbe27:192.168.5.132:43619] returns group-D27CC882D79A:java.util.concurrent.CompletableFuture@534e2b4d[Not completed]
2019-09-19 14:31:07,467 [pool-622-thread-1] INFO  impl.RaftServerImpl (RaftServerImpl.java:<init>(93)) - c326554a-81dd-4dc5-99d3-f252989fbe27: new RaftServerImpl for group-D27CC882D79A:[c326554a-81dd-4dc5-99d3-f252989fbe27:192.168.5.132:43619] with ContainerStateMachine:uninitialized
2019-09-19 14:31:07,468 [pool-622-thread-1] INFO  server.RaftServerConfigKeys (ConfUtils.java:logGet(43)) - raft.server.rpc.timeout.min = 5s (custom)
2019-09-19 14:31:07,468 [pool-622-thread-1] INFO  server.RaftServerConfigKeys (ConfUtils.java:logGet(43)) - raft.server.rpc.timeout.max = 5200ms (custom)
2019-09-19 14:31:07,468 [pool-622-thread-1] INFO  server.RaftServerConfigKeys (ConfUtils.java:logGet(43)) - raft.server.rpcslowness.timeout = 120s (custom)
2019-09-19 14:31:07,468 [pool-622-thread-1] INFO  server.RaftServerConfigKeys (ConfUtils.java:logGet(43)) - raft.server.sleep.deviation.threshold = 300 (default)
2019-09-19 14:31:07,468 [pool-622-thread-1] INFO  server.RaftServerConfigKeys (ConfUtils.java:logGet(43)) - raft.server.log.appender.install.snapshot.enabled = false (custom)
2019-09-19 14:31:07,468 [pool-622-thread-1] INFO  impl.RaftServerImpl (ServerState.java:<init>(105)) - c326554a-81dd-4dc5-99d3-f252989fbe27:group-D27CC882D79A ConfigurationManager, init=-1: [c326554a-81dd-4dc5-99d3-f252989fbe27:192.168.5.132:43619], old=null, confs=<EMPTY_MAP>
2019-09-19 14:31:07,468 [pool-622-thread-1] INFO  server.RaftServerConfigKeys (ConfUtils.java:logGet(43)) - raft.server.storage.dir = [/workdir/hadoop-ozone/ozonefs/target/test-dir/MiniOzoneClusterImpl-339f3dc1-3cc0-483d-bcb7-0cbf2f200edb/datanode-1/data/ratis] (custom)
2019-09-19 14:31:07,468 [pool-622-thread-1] INFO  storage.RaftStorageDirectory (RaftStorageDirectory.java:analyzeStorage(246)) - The storage directory /workdir/hadoop-ozone/ozonefs/target/test-dir/MiniOzoneClusterImpl-339f3dc1-3cc0-483d-bcb7-0cbf2f200edb/datanode-1/data/ratis/9a2bc314-74bf-41de-a9cb-d27cc882d79a does not exist. Creating ...
2019-09-19 14:31:07,472 [pool-622-thread-1] INFO  storage.RaftStorageDirectory (RaftStorageDirectory.java:tryLock(328)) - Lock on /workdir/hadoop-ozone/ozonefs/target/test-dir/MiniOzoneClusterImpl-339f3dc1-3cc0-483d-bcb7-0cbf2f200edb/datanode-1/data/ratis/9a2bc314-74bf-41de-a9cb-d27cc882d79a/in_use.lock acquired by nodename 7619@pr-hdds-1569-rzdr8-3403194166
2019-09-19 14:31:07,476 [pool-622-thread-1] INFO  storage.RaftStorage (RaftStorage.java:format(72)) - Storage directory /workdir/hadoop-ozone/ozonefs/target/test-dir/MiniOzoneClusterImpl-339f3dc1-3cc0-483d-bcb7-0cbf2f200edb/datanode-1/data/ratis/9a2bc314-74bf-41de-a9cb-d27cc882d79a has been successfully formatted.
2019-09-19 14:31:07,476 [pool-622-thread-1] INFO  ratis.ContainerStateMachine (ContainerStateMachine.java:loadSnapshot(226)) - group-D27CC882D79A: The snapshot info is null. Setting the last applied indexto:(t:0, i:~)
2019-09-19 14:31:07,476 [pool-622-thread-1] INFO  server.RaftServerConfigKeys (ConfUtils.java:logGet(43)) - raft.server.leader.election.timeout = 120s (custom)
2019-09-19 14:31:07,476 [pool-622-thread-1] INFO  server.RaftServerConfigKeys (ConfUtils.java:logGet(43)) - raft.server.log.use.memory = false (default)
2019-09-19 14:31:07,476 [pool-622-thread-1] INFO  server.RaftServerConfigKeys (ConfUtils.java:logGet(43)) - raft.server.log.purge.gap = 1000000 (custom)
2019-09-19 14:31:07,477 [pool-622-thread-1] INFO  server.RaftServerConfigKeys (ConfUtils.java:logGet(43)) - raft.server.log.appender.buffer.byte-limit = 33554432 (custom)
2019-09-19 14:31:07,477 [pool-622-thread-1] INFO  server.RaftServerConfigKeys (ConfUtils.java:logGet(43)) - raft.server.log.segment.size.max = 1048576 (custom)
2019-09-19 14:31:07,477 [pool-622-thread-1] INFO  server.RaftServerConfigKeys (ConfUtils.java:logGet(43)) - raft.server.log.segment.cache.num.max = 2 (custom)
2019-09-19 14:31:07,477 [pool-622-thread-1] INFO  segmented.SegmentedRaftLogWorker (SegmentedRaftLogWorker.java:<init>(172)) - new c326554a-81dd-4dc5-99d3-f252989fbe27-SegmentedRaftLogWorker:Storage Directory /workdir/hadoop-ozone/ozonefs/target/test-dir/MiniOzoneClusterImpl-339f3dc1-3cc0-483d-bcb7-0cbf2f200edb/datanode-1/data/ratis/9a2bc314-74bf-41de-a9cb-d27cc882d79a for RaftStorage:Storage Directory /workdir/hadoop-ozone/ozonefs/target/test-dir/MiniOzoneClusterImpl-339f3dc1-3cc0-483d-bcb7-0cbf2f200edb/datanode-1/data/ratis/9a2bc314-74bf-41de-a9cb-d27cc882d79a
2019-09-19 14:31:07,477 [pool-622-thread-1] INFO  server.RaftServerConfigKeys (ConfUtils.java:logGet(43)) - raft.server.log.queue.byte-limit = 2147483647 (custom)
2019-09-19 14:31:07,477 [pool-622-thread-1] INFO  server.RaftServerConfigKeys (ConfUtils.java:logGet(43)) - raft.server.log.queue.element-limit = 1024 (custom)
2019-09-19 14:31:07,477 [pool-622-thread-1] INFO  server.RaftServerConfigKeys (ConfUtils.java:logGet(43)) - raft.server.log.segment.size.max = 1048576 (custom)
2019-09-19 14:31:07,478 [pool-622-thread-1] INFO  server.RaftServerConfigKeys (ConfUtils.java:logGet(43)) - raft.server.log.preallocated.size = 16384 (custom)
2019-09-19 14:31:07,478 [pool-622-thread-1] INFO  server.RaftServerConfigKeys (ConfUtils.java:logGet(43)) - raft.server.log.write.buffer.size = 33554432 (custom)
2019-09-19 14:31:07,478 [pool-622-thread-1] INFO  server.RaftServerConfigKeys (ConfUtils.java:logGet(43)) - raft.server.log.force.sync.num = 128 (default)
2019-09-19 14:31:07,478 [pool-622-thread-1] INFO  server.RaftServerConfigKeys (ConfUtils.java:logGet(43)) - raft.server.log.statemachine.data.sync = true (default)
2019-09-19 14:31:07,478 [pool-622-thread-1] INFO  server.RaftServerConfigKeys (ConfUtils.java:logGet(43)) - raft.server.log.statemachine.data.sync.timeout = 10s (default)
2019-09-19 14:31:07,478 [pool-622-thread-1] INFO  server.RaftServerConfigKeys (ConfUtils.java:logGet(43)) - raft.server.log.statemachine.data.sync.timeout.retry = -1 (default)
2019-09-19 14:31:07,478 [pool-622-thread-1] INFO  server.RaftServerConfigKeys (ConfUtils.java:logGet(43)) - raft.server.log.statemachine.data.caching.enabled = true (custom)
2019-09-19 14:31:07,479 [pool-622-thread-1] INFO  segmented.SegmentedRaftLogWorker (SegmentedRaftLogWorker.java:lambda$new$0(132)) - c326554a-81dd-4dc5-99d3-f252989fbe27-SegmentedRaftLogWorker:Storage Directory /workdir/hadoop-ozone/ozonefs/target/test-dir/MiniOzoneClusterImpl-339f3dc1-3cc0-483d-bcb7-0cbf2f200edb/datanode-1/data/ratis/9a2bc314-74bf-41de-a9cb-d27cc882d79a: flushIndex: setUnconditionally 0 -> -1
2019-09-19 14:31:07,479 [pool-622-thread-1] INFO  server.RaftServerConfigKeys (ConfUtils.java:logGet(43)) - raft.server.snapshot.auto.trigger.enabled = true (custom)
2019-09-19 14:31:07,479 [pool-622-thread-1] INFO  server.RaftServerConfigKeys (ConfUtils.java:logGet(43)) - raft.server.snapshot.auto.trigger.threshold = 10000 (custom)
2019-09-19 14:31:07,479 [pool-622-thread-1] INFO  server.RaftServerConfigKeys (ConfUtils.java:logGet(43)) - raft.server.retrycache.expirytime = 600000ms (custom)
2019-09-19 14:31:07,479 [pool-622-thread-1] INFO  impl.RaftServerImpl (RaftServerImpl.java:start(180)) - c326554a-81dd-4dc5-99d3-f252989fbe27: start group-D27CC882D79A
2019-09-19 14:31:07,479 [pool-622-thread-1] INFO  impl.RaftServerImpl (RaftServerImpl.java:setRole(171)) - c326554a-81dd-4dc5-99d3-f252989fbe27:group-D27CC882D79A changes role from null to FOLLOWER at term 0 for startAsFollower
2019-09-19 14:31:07,480 [pool-622-thread-1] INFO  impl.RoleInfo (RoleInfo.java:updateAndGet(143)) - c326554a-81dd-4dc5-99d3-f252989fbe27: start FollowerState
2019-09-19 14:31:07,480 [pool-622-thread-1] INFO  util.JmxRegister (JmxRegister.java:tryRegister(44)) - Successfully registered JMX Bean with object name Ratis:service=RaftServer,group=group-D27CC882D79A,id=c326554a-81dd-4dc5-99d3-f252989fbe27
2019-09-19 14:31:07,482 [RatisPipelineUtilsThread] INFO  pipeline.PipelineStateManager (PipelineStateManager.java:addPipeline(56)) - Created pipeline Pipeline[ Id: 9a2bc314-74bf-41de-a9cb-d27cc882d79a, Nodes: c326554a-81dd-4dc5-99d3-f252989fbe27{ip: 192.168.5.132, host: pr-hdds-1569-rzdr8-3403194166, networkLocation: /default-rack, certSerialId: null}, Type:RATIS, Factor:ONE, State:OPEN]
2019-09-19 14:31:07,487 [grpc-default-executor-0] INFO  impl.RaftServerProxy (RaftServerProxy.java:addNew(89)) - 25afcdf3-50ae-4913-8777-2a97b689269f: addNew group-451FF792B3C0:[25afcdf3-50ae-4913-8777-2a97b689269f:192.168.5.132:46090] returns group-451FF792B3C0:java.util.concurrent.CompletableFuture@6b251ad7[Not completed]
2019-09-19 14:31:07,487 [pool-611-thread-1] INFO  impl.RaftServerImpl (RaftServerImpl.java:<init>(93)) - 25afcdf3-50ae-4913-8777-2a97b689269f: new RaftServerImpl for group-451FF792B3C0:[25afcdf3-50ae-4913-8777-2a97b689269f:192.168.5.132:46090] with ContainerStateMachine:uninitialized
2019-09-19 14:31:07,487 [pool-611-thread-1] INFO  server.RaftServerConfigKeys (ConfUtils.java:logGet(43)) - raft.server.rpc.timeout.min = 5s (custom)
2019-09-19 14:31:07,487 [pool-611-thread-1] INFO  server.RaftServerConfigKeys (ConfUtils.java:logGet(43)) - raft.server.rpc.timeout.max = 5200ms (custom)
2019-09-19 14:31:07,488 [pool-611-thread-1] INFO  server.RaftServerConfigKeys (ConfUtils.java:logGet(43)) - raft.server.rpcslowness.timeout = 120s (custom)
2019-09-19 14:31:07,488 [pool-611-thread-1] INFO  server.RaftServerConfigKeys (ConfUtils.java:logGet(43)) - raft.server.sleep.deviation.threshold = 300 (default)
2019-09-19 14:31:07,488 [pool-611-thread-1] INFO  server.RaftServerConfigKeys (ConfUtils.java:logGet(43)) - raft.server.log.appender.install.snapshot.enabled = false (custom)
2019-09-19 14:31:07,488 [pool-611-thread-1] INFO  impl.RaftServerImpl (ServerState.java:<init>(105)) - 25afcdf3-50ae-4913-8777-2a97b689269f:group-451FF792B3C0 ConfigurationManager, init=-1: [25afcdf3-50ae-4913-8777-2a97b689269f:192.168.5.132:46090], old=null, confs=<EMPTY_MAP>
2019-09-19 14:31:07,488 [pool-611-thread-1] INFO  server.RaftServerConfigKeys (ConfUtils.java:logGet(43)) - raft.server.storage.dir = [/workdir/hadoop-ozone/ozonefs/target/test-dir/MiniOzoneClusterImpl-339f3dc1-3cc0-483d-bcb7-0cbf2f200edb/datanode-0/data/ratis] (custom)
2019-09-19 14:31:07,488 [pool-611-thread-1] INFO  storage.RaftStorageDirectory (RaftStorageDirectory.java:analyzeStorage(246)) - The storage directory /workdir/hadoop-ozone/ozonefs/target/test-dir/MiniOzoneClusterImpl-339f3dc1-3cc0-483d-bcb7-0cbf2f200edb/datanode-0/data/ratis/7b2c3b0b-c2fc-4cce-a1a9-451ff792b3c0 does not exist. Creating ...
2019-09-19 14:31:07,503 [pool-611-thread-1] INFO  storage.RaftStorageDirectory (RaftStorageDirectory.java:tryLock(328)) - Lock on /workdir/hadoop-ozone/ozonefs/target/test-dir/MiniOzoneClusterImpl-339f3dc1-3cc0-483d-bcb7-0cbf2f200edb/datanode-0/data/ratis/7b2c3b0b-c2fc-4cce-a1a9-451ff792b3c0/in_use.lock acquired by nodename 7619@pr-hdds-1569-rzdr8-3403194166
2019-09-19 14:31:07,509 [pool-611-thread-1] INFO  storage.RaftStorage (RaftStorage.java:format(72)) - Storage directory /workdir/hadoop-ozone/ozonefs/target/test-dir/MiniOzoneClusterImpl-339f3dc1-3cc0-483d-bcb7-0cbf2f200edb/datanode-0/data/ratis/7b2c3b0b-c2fc-4cce-a1a9-451ff792b3c0 has been successfully formatted.
2019-09-19 14:31:07,509 [pool-611-thread-1] INFO  ratis.ContainerStateMachine (ContainerStateMachine.java:loadSnapshot(226)) - group-451FF792B3C0: The snapshot info is null. Setting the last applied indexto:(t:0, i:~)
2019-09-19 14:31:07,509 [pool-611-thread-1] INFO  server.RaftServerConfigKeys (ConfUtils.java:logGet(43)) - raft.server.leader.election.timeout = 120s (custom)
2019-09-19 14:31:07,509 [pool-611-thread-1] INFO  server.RaftServerConfigKeys (ConfUtils.java:logGet(43)) - raft.server.log.use.memory = false (default)
2019-09-19 14:31:07,509 [pool-611-thread-1] INFO  server.RaftServerConfigKeys (ConfUtils.java:logGet(43)) - raft.server.log.purge.gap = 1000000 (custom)
2019-09-19 14:31:07,509 [pool-611-thread-1] INFO  server.RaftServerConfigKeys (ConfUtils.java:logGet(43)) - raft.server.log.appender.buffer.byte-limit = 33554432 (custom)
2019-09-19 14:31:07,509 [pool-611-thread-1] INFO  server.RaftServerConfigKeys (ConfUtils.java:logGet(43)) - raft.server.log.segment.size.max = 1048576 (custom)
2019-09-19 14:31:07,510 [pool-611-thread-1] INFO  server.RaftServerConfigKeys (ConfUtils.java:logGet(43)) - raft.server.log.segment.cache.num.max = 2 (custom)
2019-09-19 14:31:07,510 [pool-611-thread-1] INFO  segmented.SegmentedRaftLogWorker (SegmentedRaftLogWorker.java:<init>(172)) - new 25afcdf3-50ae-4913-8777-2a97b689269f-SegmentedRaftLogWorker:Storage Directory /workdir/hadoop-ozone/ozonefs/target/test-dir/MiniOzoneClusterImpl-339f3dc1-3cc0-483d-bcb7-0cbf2f200edb/datanode-0/data/ratis/7b2c3b0b-c2fc-4cce-a1a9-451ff792b3c0 for RaftStorage:Storage Directory /workdir/hadoop-ozone/ozonefs/target/test-dir/MiniOzoneClusterImpl-339f3dc1-3cc0-483d-bcb7-0cbf2f200edb/datanode-0/data/ratis/7b2c3b0b-c2fc-4cce-a1a9-451ff792b3c0
2019-09-19 14:31:07,510 [pool-611-thread-1] INFO  server.RaftServerConfigKeys (ConfUtils.java:logGet(43)) - raft.server.log.queue.byte-limit = 2147483647 (custom)
2019-09-19 14:31:07,510 [pool-611-thread-1] INFO  server.RaftServerConfigKeys (ConfUtils.java:logGet(43)) - raft.server.log.queue.element-limit = 1024 (custom)
2019-09-19 14:31:07,510 [pool-611-thread-1] INFO  server.RaftServerConfigKeys (ConfUtils.java:logGet(43)) - raft.server.log.segment.size.max = 1048576 (custom)
2019-09-19 14:31:07,510 [pool-611-thread-1] INFO  server.RaftServerConfigKeys (ConfUtils.java:logGet(43)) - raft.server.log.preallocated.size = 16384 (custom)
2019-09-19 14:31:07,510 [pool-611-thread-1] INFO  server.RaftServerConfigKeys (ConfUtils.java:logGet(43)) - raft.server.log.write.buffer.size = 33554432 (custom)
2019-09-19 14:31:07,510 [pool-611-thread-1] INFO  server.RaftServerConfigKeys (ConfUtils.java:logGet(43)) - raft.server.log.force.sync.num = 128 (default)
2019-09-19 14:31:07,510 [pool-611-thread-1] INFO  server.RaftServerConfigKeys (ConfUtils.java:logGet(43)) - raft.server.log.statemachine.data.sync = true (default)
2019-09-19 14:31:07,510 [pool-611-thread-1] INFO  server.RaftServerConfigKeys (ConfUtils.java:logGet(43)) - raft.server.log.statemachine.data.sync.timeout = 10s (default)
2019-09-19 14:31:07,511 [pool-611-thread-1] INFO  server.RaftServerConfigKeys (ConfUtils.java:logGet(43)) - raft.server.log.statemachine.data.sync.timeout.retry = -1 (default)
2019-09-19 14:31:07,511 [pool-611-thread-1] INFO  server.RaftServerConfigKeys (ConfUtils.java:logGet(43)) - raft.server.log.statemachine.data.caching.enabled = true (custom)
2019-09-19 14:31:07,511 [pool-611-thread-1] INFO  segmented.SegmentedRaftLogWorker (SegmentedRaftLogWorker.java:lambda$new$0(132)) - 25afcdf3-50ae-4913-8777-2a97b689269f-SegmentedRaftLogWorker:Storage Directory /workdir/hadoop-ozone/ozonefs/target/test-dir/MiniOzoneClusterImpl-339f3dc1-3cc0-483d-bcb7-0cbf2f200edb/datanode-0/data/ratis/7b2c3b0b-c2fc-4cce-a1a9-451ff792b3c0: flushIndex: setUnconditionally 0 -> -1
2019-09-19 14:31:07,511 [pool-611-thread-1] INFO  server.RaftServerConfigKeys (ConfUtils.java:logGet(43)) - raft.server.snapshot.auto.trigger.enabled = true (custom)
2019-09-19 14:31:07,511 [pool-611-thread-1] INFO  server.RaftServerConfigKeys (ConfUtils.java:logGet(43)) - raft.server.snapshot.auto.trigger.threshold = 10000 (custom)
2019-09-19 14:31:07,511 [pool-611-thread-1] INFO  server.RaftServerConfigKeys (ConfUtils.java:logGet(43)) - raft.server.retrycache.expirytime = 600000ms (custom)
2019-09-19 14:31:07,511 [pool-611-thread-1] INFO  impl.RaftServerImpl (RaftServerImpl.java:start(180)) - 25afcdf3-50ae-4913-8777-2a97b689269f: start group-451FF792B3C0
2019-09-19 14:31:07,511 [pool-611-thread-1] INFO  impl.RaftServerImpl (RaftServerImpl.java:setRole(171)) - 25afcdf3-50ae-4913-8777-2a97b689269f:group-451FF792B3C0 changes role from null to FOLLOWER at term 0 for startAsFollower
2019-09-19 14:31:07,512 [pool-611-thread-1] INFO  impl.RoleInfo (RoleInfo.java:updateAndGet(143)) - 25afcdf3-50ae-4913-8777-2a97b689269f: start FollowerState
2019-09-19 14:31:07,512 [pool-611-thread-1] INFO  util.JmxRegister (JmxRegister.java:tryRegister(44)) - Successfully registered JMX Bean with object name Ratis:service=RaftServer,group=group-451FF792B3C0,id=25afcdf3-50ae-4913-8777-2a97b689269f
2019-09-19 14:31:07,514 [RatisPipelineUtilsThread] INFO  pipeline.PipelineStateManager (PipelineStateManager.java:addPipeline(56)) - Created pipeline Pipeline[ Id: 7b2c3b0b-c2fc-4cce-a1a9-451ff792b3c0, Nodes: 25afcdf3-50ae-4913-8777-2a97b689269f{ip: 192.168.5.132, host: pr-hdds-1569-rzdr8-3403194166, networkLocation: /default-rack, certSerialId: null}, Type:RATIS, Factor:ONE, State:OPEN]
2019-09-19 14:31:07,514 [RatisPipelineUtilsThread] ERROR pipeline.PipelinePlacementPolicy (PipelinePlacementPolicy.java:meetCriteria(91)) - Pipeline Placement: Doesn't meet the criteria to be viable node. Heaviness: 6
2019-09-19 14:31:07,519 [grpc-default-executor-0] INFO  impl.RaftServerProxy (RaftServerProxy.java:addNew(89)) - c326554a-81dd-4dc5-99d3-f252989fbe27: addNew group-78ADE9961CE1:[c326554a-81dd-4dc5-99d3-f252989fbe27:192.168.5.132:43619] returns group-78ADE9961CE1:java.util.concurrent.CompletableFuture@790c12cb[Not completed]
2019-09-19 14:31:07,519 [pool-622-thread-1] INFO  impl.RaftServerImpl (RaftServerImpl.java:<init>(93)) - c326554a-81dd-4dc5-99d3-f252989fbe27: new RaftServerImpl for group-78ADE9961CE1:[c326554a-81dd-4dc5-99d3-f252989fbe27:192.168.5.132:43619] with ContainerStateMachine:uninitialized
2019-09-19 14:31:07,519 [pool-622-thread-1] INFO  server.RaftServerConfigKeys (ConfUtils.java:logGet(43)) - raft.server.rpc.timeout.min = 5s (custom)
2019-09-19 14:31:07,520 [pool-622-thread-1] INFO  server.RaftServerConfigKeys (ConfUtils.java:logGet(43)) - raft.server.rpc.timeout.max = 5200ms (custom)
2019-09-19 14:31:07,520 [pool-622-thread-1] INFO  server.RaftServerConfigKeys (ConfUtils.java:logGet(43)) - raft.server.rpcslowness.timeout = 120s (custom)
2019-09-19 14:31:07,520 [pool-622-thread-1] INFO  server.RaftServerConfigKeys (ConfUtils.java:logGet(43)) - raft.server.sleep.deviation.threshold = 300 (default)
2019-09-19 14:31:07,520 [pool-622-thread-1] INFO  server.RaftServerConfigKeys (ConfUtils.java:logGet(43)) - raft.server.log.appender.install.snapshot.enabled = false (custom)
2019-09-19 14:31:07,520 [pool-622-thread-1] INFO  impl.RaftServerImpl (ServerState.java:<init>(105)) - c326554a-81dd-4dc5-99d3-f252989fbe27:group-78ADE9961CE1 ConfigurationManager, init=-1: [c326554a-81dd-4dc5-99d3-f252989fbe27:192.168.5.132:43619], old=null, confs=<EMPTY_MAP>
2019-09-19 14:31:07,520 [pool-622-thread-1] INFO  server.RaftServerConfigKeys (ConfUtils.java:logGet(43)) - raft.server.storage.dir = [/workdir/hadoop-ozone/ozonefs/target/test-dir/MiniOzoneClusterImpl-339f3dc1-3cc0-483d-bcb7-0cbf2f200edb/datanode-1/data/ratis] (custom)
2019-09-19 14:31:07,520 [pool-622-thread-1] INFO  storage.RaftStorageDirectory (RaftStorageDirectory.java:analyzeStorage(246)) - The storage directory /workdir/hadoop-ozone/ozonefs/target/test-dir/MiniOzoneClusterImpl-339f3dc1-3cc0-483d-bcb7-0cbf2f200edb/datanode-1/data/ratis/cab3ad1c-bae8-47d4-8b42-78ade9961ce1 does not exist. Creating ...
2019-09-19 14:31:07,537 [pool-622-thread-1] INFO  storage.RaftStorageDirectory (RaftStorageDirectory.java:tryLock(328)) - Lock on /workdir/hadoop-ozone/ozonefs/target/test-dir/MiniOzoneClusterImpl-339f3dc1-3cc0-483d-bcb7-0cbf2f200edb/datanode-1/data/ratis/cab3ad1c-bae8-47d4-8b42-78ade9961ce1/in_use.lock acquired by nodename 7619@pr-hdds-1569-rzdr8-3403194166
2019-09-19 14:31:07,557 [pool-622-thread-1] INFO  storage.RaftStorage (RaftStorage.java:format(72)) - Storage directory /workdir/hadoop-ozone/ozonefs/target/test-dir/MiniOzoneClusterImpl-339f3dc1-3cc0-483d-bcb7-0cbf2f200edb/datanode-1/data/ratis/cab3ad1c-bae8-47d4-8b42-78ade9961ce1 has been successfully formatted.
2019-09-19 14:31:07,557 [pool-622-thread-1] INFO  ratis.ContainerStateMachine (ContainerStateMachine.java:loadSnapshot(226)) - group-78ADE9961CE1: The snapshot info is null. Setting the last applied indexto:(t:0, i:~)
2019-09-19 14:31:07,557 [pool-622-thread-1] INFO  server.RaftServerConfigKeys (ConfUtils.java:logGet(43)) - raft.server.leader.election.timeout = 120s (custom)
2019-09-19 14:31:07,557 [pool-622-thread-1] INFO  server.RaftServerConfigKeys (ConfUtils.java:logGet(43)) - raft.server.log.use.memory = false (default)
2019-09-19 14:31:07,557 [pool-622-thread-1] INFO  server.RaftServerConfigKeys (ConfUtils.java:logGet(43)) - raft.server.log.purge.gap = 1000000 (custom)
2019-09-19 14:31:07,558 [pool-622-thread-1] INFO  server.RaftServerConfigKeys (ConfUtils.java:logGet(43)) - raft.server.log.appender.buffer.byte-limit = 33554432 (custom)
2019-09-19 14:31:07,558 [pool-622-thread-1] INFO  server.RaftServerConfigKeys (ConfUtils.java:logGet(43)) - raft.server.log.segment.size.max = 1048576 (custom)
2019-09-19 14:31:07,558 [pool-622-thread-1] INFO  server.RaftServerConfigKeys (ConfUtils.java:logGet(43)) - raft.server.log.segment.cache.num.max = 2 (custom)
2019-09-19 14:31:07,558 [pool-622-thread-1] INFO  segmented.SegmentedRaftLogWorker (SegmentedRaftLogWorker.java:<init>(172)) - new c326554a-81dd-4dc5-99d3-f252989fbe27-SegmentedRaftLogWorker:Storage Directory /workdir/hadoop-ozone/ozonefs/target/test-dir/MiniOzoneClusterImpl-339f3dc1-3cc0-483d-bcb7-0cbf2f200edb/datanode-1/data/ratis/cab3ad1c-bae8-47d4-8b42-78ade9961ce1 for RaftStorage:Storage Directory /workdir/hadoop-ozone/ozonefs/target/test-dir/MiniOzoneClusterImpl-339f3dc1-3cc0-483d-bcb7-0cbf2f200edb/datanode-1/data/ratis/cab3ad1c-bae8-47d4-8b42-78ade9961ce1
2019-09-19 14:31:07,558 [pool-622-thread-1] INFO  server.RaftServerConfigKeys (ConfUtils.java:logGet(43)) - raft.server.log.queue.byte-limit = 2147483647 (custom)
2019-09-19 14:31:07,558 [pool-622-thread-1] INFO  server.RaftServerConfigKeys (ConfUtils.java:logGet(43)) - raft.server.log.queue.element-limit = 1024 (custom)
2019-09-19 14:31:07,558 [pool-622-thread-1] INFO  server.RaftServerConfigKeys (ConfUtils.java:logGet(43)) - raft.server.log.segment.size.max = 1048576 (custom)
2019-09-19 14:31:07,558 [pool-622-thread-1] INFO  server.RaftServerConfigKeys (ConfUtils.java:logGet(43)) - raft.server.log.preallocated.size = 16384 (custom)
2019-09-19 14:31:07,558 [pool-622-thread-1] INFO  server.RaftServerConfigKeys (ConfUtils.java:logGet(43)) - raft.server.log.write.buffer.size = 33554432 (custom)
2019-09-19 14:31:07,559 [pool-622-thread-1] INFO  server.RaftServerConfigKeys (ConfUtils.java:logGet(43)) - raft.server.log.force.sync.num = 128 (default)
2019-09-19 14:31:07,559 [pool-622-thread-1] INFO  server.RaftServerConfigKeys (ConfUtils.java:logGet(43)) - raft.server.log.statemachine.data.sync = true (default)
2019-09-19 14:31:07,559 [pool-622-thread-1] INFO  server.RaftServerConfigKeys (ConfUtils.java:logGet(43)) - raft.server.log.statemachine.data.sync.timeout = 10s (default)
2019-09-19 14:31:07,559 [pool-622-thread-1] INFO  server.RaftServerConfigKeys (ConfUtils.java:logGet(43)) - raft.server.log.statemachine.data.sync.timeout.retry = -1 (default)
2019-09-19 14:31:07,559 [pool-622-thread-1] INFO  server.RaftServerConfigKeys (ConfUtils.java:logGet(43)) - raft.server.log.statemachine.data.caching.enabled = true (custom)
2019-09-19 14:31:07,559 [pool-622-thread-1] INFO  segmented.SegmentedRaftLogWorker (SegmentedRaftLogWorker.java:lambda$new$0(132)) - c326554a-81dd-4dc5-99d3-f252989fbe27-SegmentedRaftLogWorker:Storage Directory /workdir/hadoop-ozone/ozonefs/target/test-dir/MiniOzoneClusterImpl-339f3dc1-3cc0-483d-bcb7-0cbf2f200edb/datanode-1/data/ratis/cab3ad1c-bae8-47d4-8b42-78ade9961ce1: flushIndex: setUnconditionally 0 -> -1
2019-09-19 14:31:07,559 [pool-622-thread-1] INFO  server.RaftServerConfigKeys (ConfUtils.java:logGet(43)) - raft.server.snapshot.auto.trigger.enabled = true (custom)
2019-09-19 14:31:07,560 [pool-622-thread-1] INFO  server.RaftServerConfigKeys (ConfUtils.java:logGet(43)) - raft.server.snapshot.auto.trigger.threshold = 10000 (custom)
2019-09-19 14:31:07,560 [pool-622-thread-1] INFO  server.RaftServerConfigKeys (ConfUtils.java:logGet(43)) - raft.server.retrycache.expirytime = 600000ms (custom)
2019-09-19 14:31:07,560 [pool-622-thread-1] INFO  impl.RaftServerImpl (RaftServerImpl.java:start(180)) - c326554a-81dd-4dc5-99d3-f252989fbe27: start group-78ADE9961CE1
2019-09-19 14:31:07,560 [pool-622-thread-1] INFO  impl.RaftServerImpl (RaftServerImpl.java:setRole(171)) - c326554a-81dd-4dc5-99d3-f252989fbe27:group-78ADE9961CE1 changes role from null to FOLLOWER at term 0 for startAsFollower
2019-09-19 14:31:07,560 [pool-622-thread-1] INFO  impl.RoleInfo (RoleInfo.java:updateAndGet(143)) - c326554a-81dd-4dc5-99d3-f252989fbe27: start FollowerState
2019-09-19 14:31:07,560 [pool-622-thread-1] INFO  util.JmxRegister (JmxRegister.java:tryRegister(44)) - Successfully registered JMX Bean with object name Ratis:service=RaftServer,group=group-78ADE9961CE1,id=c326554a-81dd-4dc5-99d3-f252989fbe27
2019-09-19 14:31:07,562 [RatisPipelineUtilsThread] INFO  pipeline.PipelineStateManager (PipelineStateManager.java:addPipeline(56)) - Created pipeline Pipeline[ Id: cab3ad1c-bae8-47d4-8b42-78ade9961ce1, Nodes: c326554a-81dd-4dc5-99d3-f252989fbe27{ip: 192.168.5.132, host: pr-hdds-1569-rzdr8-3403194166, networkLocation: /default-rack, certSerialId: null}, Type:RATIS, Factor:ONE, State:OPEN]
2019-09-19 14:31:07,563 [RatisPipelineUtilsThread] ERROR pipeline.PipelinePlacementPolicy (PipelinePlacementPolicy.java:meetCriteria(91)) - Pipeline Placement: Doesn't meet the criteria to be viable node. Heaviness: 6
2019-09-19 14:31:07,567 [grpc-default-executor-0] INFO  impl.RaftServerProxy (RaftServerProxy.java:addNew(89)) - c326554a-81dd-4dc5-99d3-f252989fbe27: addNew group-722BBEFEA3DD:[c326554a-81dd-4dc5-99d3-f252989fbe27:192.168.5.132:43619] returns group-722BBEFEA3DD:java.util.concurrent.CompletableFuture@2dde37fc[Not completed]
2019-09-19 14:31:07,568 [pool-622-thread-1] INFO  impl.RaftServerImpl (RaftServerImpl.java:<init>(93)) - c326554a-81dd-4dc5-99d3-f252989fbe27: new RaftServerImpl for group-722BBEFEA3DD:[c326554a-81dd-4dc5-99d3-f252989fbe27:192.168.5.132:43619] with ContainerStateMachine:uninitialized
2019-09-19 14:31:07,568 [pool-622-thread-1] INFO  server.RaftServerConfigKeys (ConfUtils.java:logGet(43)) - raft.server.rpc.timeout.min = 5s (custom)
2019-09-19 14:31:07,568 [pool-622-thread-1] INFO  server.RaftServerConfigKeys (ConfUtils.java:logGet(43)) - raft.server.rpc.timeout.max = 5200ms (custom)
2019-09-19 14:31:07,568 [pool-622-thread-1] INFO  server.RaftServerConfigKeys (ConfUtils.java:logGet(43)) - raft.server.rpcslowness.timeout = 120s (custom)
2019-09-19 14:31:07,568 [pool-622-thread-1] INFO  server.RaftServerConfigKeys (ConfUtils.java:logGet(43)) - raft.server.sleep.deviation.threshold = 300 (default)
2019-09-19 14:31:07,568 [pool-622-thread-1] INFO  server.RaftServerConfigKeys (ConfUtils.java:logGet(43)) - raft.server.log.appender.install.snapshot.enabled = false (custom)
2019-09-19 14:31:07,568 [pool-622-thread-1] INFO  impl.RaftServerImpl (ServerState.java:<init>(105)) - c326554a-81dd-4dc5-99d3-f252989fbe27:group-722BBEFEA3DD ConfigurationManager, init=-1: [c326554a-81dd-4dc5-99d3-f252989fbe27:192.168.5.132:43619], old=null, confs=<EMPTY_MAP>
2019-09-19 14:31:07,569 [pool-622-thread-1] INFO  server.RaftServerConfigKeys (ConfUtils.java:logGet(43)) - raft.server.storage.dir = [/workdir/hadoop-ozone/ozonefs/target/test-dir/MiniOzoneClusterImpl-339f3dc1-3cc0-483d-bcb7-0cbf2f200edb/datanode-1/data/ratis] (custom)
2019-09-19 14:31:07,569 [pool-622-thread-1] INFO  storage.RaftStorageDirectory (RaftStorageDirectory.java:analyzeStorage(246)) - The storage directory /workdir/hadoop-ozone/ozonefs/target/test-dir/MiniOzoneClusterImpl-339f3dc1-3cc0-483d-bcb7-0cbf2f200edb/datanode-1/data/ratis/8d49e628-5f46-4896-b377-722bbefea3dd does not exist. Creating ...
2019-09-19 14:31:07,577 [main] INFO  ozone.MiniOzoneClusterImpl (MiniOzoneClusterImpl.java:lambda$waitForClusterToBeReady$0(142)) - Waiting for cluster to be ready. Got 2 of 3 DN Heartbeats.
2019-09-19 14:31:07,578 [IPC Server handler 2 on 37724] INFO  net.NetworkTopology (NetworkTopologyImpl.java:add(110)) - Added a new node: /default-rack/1a966e7b-a794-43d4-8c96-8627eaac3d29
2019-09-19 14:31:07,578 [IPC Server handler 2 on 37724] INFO  node.SCMNodeManager (SCMNodeManager.java:register(273)) - Registered Data node : 1a966e7b-a794-43d4-8c96-8627eaac3d29{ip: 192.168.5.132, host: pr-hdds-1569-rzdr8-3403194166, networkLocation: /default-rack, certSerialId: null}
2019-09-19 14:31:07,578 | INFO  | SCMAudit | user=jenkins1000 | ip=192.168.5.132 | op=REGISTER {datanodeDetails=1a966e7b-a794-43d4-8c96-8627eaac3d29{ip: 192.168.5.132, host: pr-hdds-1569-rzdr8-3403194166, networkLocation: /default-rack, certSerialId: null}} | ret=SUCCESS |  
2019-09-19 14:31:07,582 [pool-622-thread-1] INFO  storage.RaftStorageDirectory (RaftStorageDirectory.java:tryLock(328)) - Lock on /workdir/hadoop-ozone/ozonefs/target/test-dir/MiniOzoneClusterImpl-339f3dc1-3cc0-483d-bcb7-0cbf2f200edb/datanode-1/data/ratis/8d49e628-5f46-4896-b377-722bbefea3dd/in_use.lock acquired by nodename 7619@pr-hdds-1569-rzdr8-3403194166
2019-09-19 14:31:07,595 [pool-622-thread-1] INFO  storage.RaftStorage (RaftStorage.java:format(72)) - Storage directory /workdir/hadoop-ozone/ozonefs/target/test-dir/MiniOzoneClusterImpl-339f3dc1-3cc0-483d-bcb7-0cbf2f200edb/datanode-1/data/ratis/8d49e628-5f46-4896-b377-722bbefea3dd has been successfully formatted.
2019-09-19 14:31:07,596 [pool-622-thread-1] INFO  ratis.ContainerStateMachine (ContainerStateMachine.java:loadSnapshot(226)) - group-722BBEFEA3DD: The snapshot info is null. Setting the last applied indexto:(t:0, i:~)
2019-09-19 14:31:07,596 [pool-622-thread-1] INFO  server.RaftServerConfigKeys (ConfUtils.java:logGet(43)) - raft.server.leader.election.timeout = 120s (custom)
2019-09-19 14:31:07,596 [pool-622-thread-1] INFO  server.RaftServerConfigKeys (ConfUtils.java:logGet(43)) - raft.server.log.use.memory = false (default)
2019-09-19 14:31:07,596 [pool-622-thread-1] INFO  server.RaftServerConfigKeys (ConfUtils.java:logGet(43)) - raft.server.log.purge.gap = 1000000 (custom)
2019-09-19 14:31:07,596 [pool-622-thread-1] INFO  server.RaftServerConfigKeys (ConfUtils.java:logGet(43)) - raft.server.log.appender.buffer.byte-limit = 33554432 (custom)
2019-09-19 14:31:07,596 [pool-622-thread-1] INFO  server.RaftServerConfigKeys (ConfUtils.java:logGet(43)) - raft.server.log.segment.size.max = 1048576 (custom)
2019-09-19 14:31:07,596 [pool-622-thread-1] INFO  server.RaftServerConfigKeys (ConfUtils.java:logGet(43)) - raft.server.log.segment.cache.num.max = 2 (custom)
2019-09-19 14:31:07,596 [pool-622-thread-1] INFO  segmented.SegmentedRaftLogWorker (SegmentedRaftLogWorker.java:<init>(172)) - new c326554a-81dd-4dc5-99d3-f252989fbe27-SegmentedRaftLogWorker:Storage Directory /workdir/hadoop-ozone/ozonefs/target/test-dir/MiniOzoneClusterImpl-339f3dc1-3cc0-483d-bcb7-0cbf2f200edb/datanode-1/data/ratis/8d49e628-5f46-4896-b377-722bbefea3dd for RaftStorage:Storage Directory /workdir/hadoop-ozone/ozonefs/target/test-dir/MiniOzoneClusterImpl-339f3dc1-3cc0-483d-bcb7-0cbf2f200edb/datanode-1/data/ratis/8d49e628-5f46-4896-b377-722bbefea3dd
2019-09-19 14:31:07,597 [pool-622-thread-1] INFO  server.RaftServerConfigKeys (ConfUtils.java:logGet(43)) - raft.server.log.queue.byte-limit = 2147483647 (custom)
2019-09-19 14:31:07,597 [pool-622-thread-1] INFO  server.RaftServerConfigKeys (ConfUtils.java:logGet(43)) - raft.server.log.queue.element-limit = 1024 (custom)
2019-09-19 14:31:07,597 [pool-622-thread-1] INFO  server.RaftServerConfigKeys (ConfUtils.java:logGet(43)) - raft.server.log.segment.size.max = 1048576 (custom)
2019-09-19 14:31:07,597 [pool-622-thread-1] INFO  server.RaftServerConfigKeys (ConfUtils.java:logGet(43)) - raft.server.log.preallocated.size = 16384 (custom)
2019-09-19 14:31:07,597 [pool-622-thread-1] INFO  server.RaftServerConfigKeys (ConfUtils.java:logGet(43)) - raft.server.log.write.buffer.size = 33554432 (custom)
2019-09-19 14:31:07,597 [pool-622-thread-1] INFO  server.RaftServerConfigKeys (ConfUtils.java:logGet(43)) - raft.server.log.force.sync.num = 128 (default)
2019-09-19 14:31:07,597 [pool-622-thread-1] INFO  server.RaftServerConfigKeys (ConfUtils.java:logGet(43)) - raft.server.log.statemachine.data.sync = true (default)
2019-09-19 14:31:07,597 [pool-622-thread-1] INFO  server.RaftServerConfigKeys (ConfUtils.java:logGet(43)) - raft.server.log.statemachine.data.sync.timeout = 10s (default)
2019-09-19 14:31:07,597 [pool-622-thread-1] INFO  server.RaftServerConfigKeys (ConfUtils.java:logGet(43)) - raft.server.log.statemachine.data.sync.timeout.retry = -1 (default)
2019-09-19 14:31:07,597 [pool-622-thread-1] INFO  server.RaftServerConfigKeys (ConfUtils.java:logGet(43)) - raft.server.log.statemachine.data.caching.enabled = true (custom)
2019-09-19 14:31:07,598 [pool-622-thread-1] INFO  segmented.SegmentedRaftLogWorker (SegmentedRaftLogWorker.java:lambda$new$0(132)) - c326554a-81dd-4dc5-99d3-f252989fbe27-SegmentedRaftLogWorker:Storage Directory /workdir/hadoop-ozone/ozonefs/target/test-dir/MiniOzoneClusterImpl-339f3dc1-3cc0-483d-bcb7-0cbf2f200edb/datanode-1/data/ratis/8d49e628-5f46-4896-b377-722bbefea3dd: flushIndex: setUnconditionally 0 -> -1
2019-09-19 14:31:07,598 [pool-622-thread-1] INFO  server.RaftServerConfigKeys (ConfUtils.java:logGet(43)) - raft.server.snapshot.auto.trigger.enabled = true (custom)
2019-09-19 14:31:07,598 [pool-622-thread-1] INFO  server.RaftServerConfigKeys (ConfUtils.java:logGet(43)) - raft.server.snapshot.auto.trigger.threshold = 10000 (custom)
2019-09-19 14:31:07,598 [pool-622-thread-1] INFO  server.RaftServerConfigKeys (ConfUtils.java:logGet(43)) - raft.server.retrycache.expirytime = 600000ms (custom)
2019-09-19 14:31:07,598 [pool-622-thread-1] INFO  impl.RaftServerImpl (RaftServerImpl.java:start(180)) - c326554a-81dd-4dc5-99d3-f252989fbe27: start group-722BBEFEA3DD
2019-09-19 14:31:07,598 [pool-622-thread-1] INFO  impl.RaftServerImpl (RaftServerImpl.java:setRole(171)) - c326554a-81dd-4dc5-99d3-f252989fbe27:group-722BBEFEA3DD changes role from null to FOLLOWER at term 0 for startAsFollower
2019-09-19 14:31:07,598 [pool-622-thread-1] INFO  impl.RoleInfo (RoleInfo.java:updateAndGet(143)) - c326554a-81dd-4dc5-99d3-f252989fbe27: start FollowerState
2019-09-19 14:31:07,599 [pool-622-thread-1] INFO  util.JmxRegister (JmxRegister.java:tryRegister(44)) - Successfully registered JMX Bean with object name Ratis:service=RaftServer,group=group-722BBEFEA3DD,id=c326554a-81dd-4dc5-99d3-f252989fbe27
2019-09-19 14:31:07,601 [RatisPipelineUtilsThread] INFO  pipeline.PipelineStateManager (PipelineStateManager.java:addPipeline(56)) - Created pipeline Pipeline[ Id: 8d49e628-5f46-4896-b377-722bbefea3dd, Nodes: c326554a-81dd-4dc5-99d3-f252989fbe27{ip: 192.168.5.132, host: pr-hdds-1569-rzdr8-3403194166, networkLocation: /default-rack, certSerialId: null}, Type:RATIS, Factor:ONE, State:OPEN]
2019-09-19 14:31:07,601 [RatisPipelineUtilsThread] ERROR pipeline.PipelinePlacementPolicy (PipelinePlacementPolicy.java:meetCriteria(91)) - Pipeline Placement: Doesn't meet the criteria to be viable node. Heaviness: 6
2019-09-19 14:31:07,608 [grpc-default-executor-0] INFO  impl.RaftServerProxy (RaftServerProxy.java:addNew(89)) - 1a966e7b-a794-43d4-8c96-8627eaac3d29: addNew group-3D284C1D5B17:[1a966e7b-a794-43d4-8c96-8627eaac3d29:192.168.5.132:43341] returns group-3D284C1D5B17:java.util.concurrent.CompletableFuture@20b20f15[Not completed]
2019-09-19 14:31:07,609 [pool-633-thread-1] INFO  impl.RaftServerImpl (RaftServerImpl.java:<init>(93)) - 1a966e7b-a794-43d4-8c96-8627eaac3d29: new RaftServerImpl for group-3D284C1D5B17:[1a966e7b-a794-43d4-8c96-8627eaac3d29:192.168.5.132:43341] with ContainerStateMachine:uninitialized
2019-09-19 14:31:07,609 [pool-633-thread-1] INFO  server.RaftServerConfigKeys (ConfUtils.java:logGet(43)) - raft.server.rpc.timeout.min = 5s (custom)
2019-09-19 14:31:07,609 [pool-633-thread-1] INFO  server.RaftServerConfigKeys (ConfUtils.java:logGet(43)) - raft.server.rpc.timeout.max = 5200ms (custom)
2019-09-19 14:31:07,609 [pool-633-thread-1] INFO  server.RaftServerConfigKeys (ConfUtils.java:logGet(43)) - raft.server.rpcslowness.timeout = 120s (custom)
2019-09-19 14:31:07,609 [pool-633-thread-1] INFO  server.RaftServerConfigKeys (ConfUtils.java:logGet(43)) - raft.server.sleep.deviation.threshold = 300 (default)
2019-09-19 14:31:07,609 [pool-633-thread-1] INFO  server.RaftServerConfigKeys (ConfUtils.java:logGet(43)) - raft.server.log.appender.install.snapshot.enabled = false (custom)
2019-09-19 14:31:07,610 [pool-633-thread-1] INFO  impl.RaftServerImpl (ServerState.java:<init>(105)) - 1a966e7b-a794-43d4-8c96-8627eaac3d29:group-3D284C1D5B17 ConfigurationManager, init=-1: [1a966e7b-a794-43d4-8c96-8627eaac3d29:192.168.5.132:43341], old=null, confs=<EMPTY_MAP>
2019-09-19 14:31:07,610 [pool-633-thread-1] INFO  server.RaftServerConfigKeys (ConfUtils.java:logGet(43)) - raft.server.storage.dir = [/workdir/hadoop-ozone/ozonefs/target/test-dir/MiniOzoneClusterImpl-339f3dc1-3cc0-483d-bcb7-0cbf2f200edb/datanode-2/data/ratis] (custom)
2019-09-19 14:31:07,610 [pool-633-thread-1] INFO  storage.RaftStorageDirectory (RaftStorageDirectory.java:analyzeStorage(246)) - The storage directory /workdir/hadoop-ozone/ozonefs/target/test-dir/MiniOzoneClusterImpl-339f3dc1-3cc0-483d-bcb7-0cbf2f200edb/datanode-2/data/ratis/746e4655-589c-42e3-a46e-3d284c1d5b17 does not exist. Creating ...
2019-09-19 14:31:07,624 [pool-633-thread-1] INFO  storage.RaftStorageDirectory (RaftStorageDirectory.java:tryLock(328)) - Lock on /workdir/hadoop-ozone/ozonefs/target/test-dir/MiniOzoneClusterImpl-339f3dc1-3cc0-483d-bcb7-0cbf2f200edb/datanode-2/data/ratis/746e4655-589c-42e3-a46e-3d284c1d5b17/in_use.lock acquired by nodename 7619@pr-hdds-1569-rzdr8-3403194166
2019-09-19 14:31:07,636 [pool-633-thread-1] INFO  storage.RaftStorage (RaftStorage.java:format(72)) - Storage directory /workdir/hadoop-ozone/ozonefs/target/test-dir/MiniOzoneClusterImpl-339f3dc1-3cc0-483d-bcb7-0cbf2f200edb/datanode-2/data/ratis/746e4655-589c-42e3-a46e-3d284c1d5b17 has been successfully formatted.
2019-09-19 14:31:07,636 [pool-633-thread-1] INFO  ratis.ContainerStateMachine (ContainerStateMachine.java:loadSnapshot(226)) - group-3D284C1D5B17: The snapshot info is null. Setting the last applied indexto:(t:0, i:~)
2019-09-19 14:31:07,636 [pool-633-thread-1] INFO  server.RaftServerConfigKeys (ConfUtils.java:logGet(43)) - raft.server.leader.election.timeout = 120s (custom)
2019-09-19 14:31:07,636 [pool-633-thread-1] INFO  server.RaftServerConfigKeys (ConfUtils.java:logGet(43)) - raft.server.log.use.memory = false (default)
2019-09-19 14:31:07,636 [pool-633-thread-1] INFO  server.RaftServerConfigKeys (ConfUtils.java:logGet(43)) - raft.server.log.purge.gap = 1000000 (custom)
2019-09-19 14:31:07,637 [pool-633-thread-1] INFO  server.RaftServerConfigKeys (ConfUtils.java:logGet(43)) - raft.server.log.appender.buffer.byte-limit = 33554432 (custom)
2019-09-19 14:31:07,637 [pool-633-thread-1] INFO  server.RaftServerConfigKeys (ConfUtils.java:logGet(43)) - raft.server.log.segment.size.max = 1048576 (custom)
2019-09-19 14:31:07,637 [pool-633-thread-1] INFO  server.RaftServerConfigKeys (ConfUtils.java:logGet(43)) - raft.server.log.segment.cache.num.max = 2 (custom)
2019-09-19 14:31:07,637 [pool-633-thread-1] INFO  segmented.SegmentedRaftLogWorker (SegmentedRaftLogWorker.java:<init>(172)) - new 1a966e7b-a794-43d4-8c96-8627eaac3d29-SegmentedRaftLogWorker:Storage Directory /workdir/hadoop-ozone/ozonefs/target/test-dir/MiniOzoneClusterImpl-339f3dc1-3cc0-483d-bcb7-0cbf2f200edb/datanode-2/data/ratis/746e4655-589c-42e3-a46e-3d284c1d5b17 for RaftStorage:Storage Directory /workdir/hadoop-ozone/ozonefs/target/test-dir/MiniOzoneClusterImpl-339f3dc1-3cc0-483d-bcb7-0cbf2f200edb/datanode-2/data/ratis/746e4655-589c-42e3-a46e-3d284c1d5b17
2019-09-19 14:31:07,637 [pool-633-thread-1] INFO  server.RaftServerConfigKeys (ConfUtils.java:logGet(43)) - raft.server.log.queue.byte-limit = 2147483647 (custom)
2019-09-19 14:31:07,637 [pool-633-thread-1] INFO  server.RaftServerConfigKeys (ConfUtils.java:logGet(43)) - raft.server.log.queue.element-limit = 1024 (custom)
2019-09-19 14:31:07,637 [pool-633-thread-1] INFO  server.RaftServerConfigKeys (ConfUtils.java:logGet(43)) - raft.server.log.segment.size.max = 1048576 (custom)
2019-09-19 14:31:07,637 [pool-633-thread-1] INFO  server.RaftServerConfigKeys (ConfUtils.java:logGet(43)) - raft.server.log.preallocated.size = 16384 (custom)
2019-09-19 14:31:07,637 [pool-633-thread-1] INFO  server.RaftServerConfigKeys (ConfUtils.java:logGet(43)) - raft.server.log.write.buffer.size = 33554432 (custom)
2019-09-19 14:31:07,638 [pool-633-thread-1] INFO  server.RaftServerConfigKeys (ConfUtils.java:logGet(43)) - raft.server.log.force.sync.num = 128 (default)
2019-09-19 14:31:07,638 [pool-633-thread-1] INFO  server.RaftServerConfigKeys (ConfUtils.java:logGet(43)) - raft.server.log.statemachine.data.sync = true (default)
2019-09-19 14:31:07,638 [pool-633-thread-1] INFO  server.RaftServerConfigKeys (ConfUtils.java:logGet(43)) - raft.server.log.statemachine.data.sync.timeout = 10s (default)
2019-09-19 14:31:07,638 [pool-633-thread-1] INFO  server.RaftServerConfigKeys (ConfUtils.java:logGet(43)) - raft.server.log.statemachine.data.sync.timeout.retry = -1 (default)
2019-09-19 14:31:07,638 [pool-633-thread-1] INFO  server.RaftServerConfigKeys (ConfUtils.java:logGet(43)) - raft.server.log.statemachine.data.caching.enabled = true (custom)
2019-09-19 14:31:07,638 [pool-633-thread-1] INFO  segmented.SegmentedRaftLogWorker (SegmentedRaftLogWorker.java:lambda$new$0(132)) - 1a966e7b-a794-43d4-8c96-8627eaac3d29-SegmentedRaftLogWorker:Storage Directory /workdir/hadoop-ozone/ozonefs/target/test-dir/MiniOzoneClusterImpl-339f3dc1-3cc0-483d-bcb7-0cbf2f200edb/datanode-2/data/ratis/746e4655-589c-42e3-a46e-3d284c1d5b17: flushIndex: setUnconditionally 0 -> -1
2019-09-19 14:31:07,638 [pool-633-thread-1] INFO  server.RaftServerConfigKeys (ConfUtils.java:logGet(43)) - raft.server.snapshot.auto.trigger.enabled = true (custom)
2019-09-19 14:31:07,639 [pool-633-thread-1] INFO  server.RaftServerConfigKeys (ConfUtils.java:logGet(43)) - raft.server.snapshot.auto.trigger.threshold = 10000 (custom)
2019-09-19 14:31:07,639 [pool-633-thread-1] INFO  server.RaftServerConfigKeys (ConfUtils.java:logGet(43)) - raft.server.retrycache.expirytime = 600000ms (custom)
2019-09-19 14:31:07,639 [pool-633-thread-1] INFO  impl.RaftServerImpl (RaftServerImpl.java:start(180)) - 1a966e7b-a794-43d4-8c96-8627eaac3d29: start group-3D284C1D5B17
2019-09-19 14:31:07,639 [pool-633-thread-1] INFO  impl.RaftServerImpl (RaftServerImpl.java:setRole(171)) - 1a966e7b-a794-43d4-8c96-8627eaac3d29:group-3D284C1D5B17 changes role from null to FOLLOWER at term 0 for startAsFollower
2019-09-19 14:31:07,639 [pool-633-thread-1] INFO  impl.RoleInfo (RoleInfo.java:updateAndGet(143)) - 1a966e7b-a794-43d4-8c96-8627eaac3d29: start FollowerState
2019-09-19 14:31:07,639 [pool-633-thread-1] INFO  util.JmxRegister (JmxRegister.java:tryRegister(44)) - Successfully registered JMX Bean with object name Ratis:service=RaftServer,group=group-3D284C1D5B17,id=1a966e7b-a794-43d4-8c96-8627eaac3d29
2019-09-19 14:31:07,641 [RatisPipelineUtilsThread] INFO  pipeline.PipelineStateManager (PipelineStateManager.java:addPipeline(56)) - Created pipeline Pipeline[ Id: 746e4655-589c-42e3-a46e-3d284c1d5b17, Nodes: 1a966e7b-a794-43d4-8c96-8627eaac3d29{ip: 192.168.5.132, host: pr-hdds-1569-rzdr8-3403194166, networkLocation: /default-rack, certSerialId: null}, Type:RATIS, Factor:ONE, State:OPEN]
2019-09-19 14:31:07,641 [RatisPipelineUtilsThread] ERROR pipeline.PipelinePlacementPolicy (PipelinePlacementPolicy.java:meetCriteria(91)) - Pipeline Placement: Doesn't meet the criteria to be viable node. Heaviness: 6
2019-09-19 14:31:07,646 [grpc-default-executor-0] INFO  impl.RaftServerProxy (RaftServerProxy.java:addNew(89)) - 1a966e7b-a794-43d4-8c96-8627eaac3d29: addNew group-3863F975CB91:[1a966e7b-a794-43d4-8c96-8627eaac3d29:192.168.5.132:43341] returns group-3863F975CB91:java.util.concurrent.CompletableFuture@19efdce9[Not completed]
2019-09-19 14:31:07,647 [pool-633-thread-1] INFO  impl.RaftServerImpl (RaftServerImpl.java:<init>(93)) - 1a966e7b-a794-43d4-8c96-8627eaac3d29: new RaftServerImpl for group-3863F975CB91:[1a966e7b-a794-43d4-8c96-8627eaac3d29:192.168.5.132:43341] with ContainerStateMachine:uninitialized
2019-09-19 14:31:07,647 [pool-633-thread-1] INFO  server.RaftServerConfigKeys (ConfUtils.java:logGet(43)) - raft.server.rpc.timeout.min = 5s (custom)
2019-09-19 14:31:07,647 [pool-633-thread-1] INFO  server.RaftServerConfigKeys (ConfUtils.java:logGet(43)) - raft.server.rpc.timeout.max = 5200ms (custom)
2019-09-19 14:31:07,647 [pool-633-thread-1] INFO  server.RaftServerConfigKeys (ConfUtils.java:logGet(43)) - raft.server.rpcslowness.timeout = 120s (custom)
2019-09-19 14:31:07,647 [pool-633-thread-1] INFO  server.RaftServerConfigKeys (ConfUtils.java:logGet(43)) - raft.server.sleep.deviation.threshold = 300 (default)
2019-09-19 14:31:07,648 [pool-633-thread-1] INFO  server.RaftServerConfigKeys (ConfUtils.java:logGet(43)) - raft.server.log.appender.install.snapshot.enabled = false (custom)
2019-09-19 14:31:07,648 [pool-633-thread-1] INFO  impl.RaftServerImpl (ServerState.java:<init>(105)) - 1a966e7b-a794-43d4-8c96-8627eaac3d29:group-3863F975CB91 ConfigurationManager, init=-1: [1a966e7b-a794-43d4-8c96-8627eaac3d29:192.168.5.132:43341], old=null, confs=<EMPTY_MAP>
2019-09-19 14:31:07,648 [pool-633-thread-1] INFO  server.RaftServerConfigKeys (ConfUtils.java:logGet(43)) - raft.server.storage.dir = [/workdir/hadoop-ozone/ozonefs/target/test-dir/MiniOzoneClusterImpl-339f3dc1-3cc0-483d-bcb7-0cbf2f200edb/datanode-2/data/ratis] (custom)
2019-09-19 14:31:07,648 [pool-633-thread-1] INFO  storage.RaftStorageDirectory (RaftStorageDirectory.java:analyzeStorage(246)) - The storage directory /workdir/hadoop-ozone/ozonefs/target/test-dir/MiniOzoneClusterImpl-339f3dc1-3cc0-483d-bcb7-0cbf2f200edb/datanode-2/data/ratis/100fab7c-7ade-4b8a-b439-3863f975cb91 does not exist. Creating ...
2019-09-19 14:31:07,661 [pool-633-thread-1] INFO  storage.RaftStorageDirectory (RaftStorageDirectory.java:tryLock(328)) - Lock on /workdir/hadoop-ozone/ozonefs/target/test-dir/MiniOzoneClusterImpl-339f3dc1-3cc0-483d-bcb7-0cbf2f200edb/datanode-2/data/ratis/100fab7c-7ade-4b8a-b439-3863f975cb91/in_use.lock acquired by nodename 7619@pr-hdds-1569-rzdr8-3403194166
2019-09-19 14:31:07,673 [pool-633-thread-1] INFO  storage.RaftStorage (RaftStorage.java:format(72)) - Storage directory /workdir/hadoop-ozone/ozonefs/target/test-dir/MiniOzoneClusterImpl-339f3dc1-3cc0-483d-bcb7-0cbf2f200edb/datanode-2/data/ratis/100fab7c-7ade-4b8a-b439-3863f975cb91 has been successfully formatted.
2019-09-19 14:31:07,673 [pool-633-thread-1] INFO  ratis.ContainerStateMachine (ContainerStateMachine.java:loadSnapshot(226)) - group-3863F975CB91: The snapshot info is null. Setting the last applied indexto:(t:0, i:~)
2019-09-19 14:31:07,674 [pool-633-thread-1] INFO  server.RaftServerConfigKeys (ConfUtils.java:logGet(43)) - raft.server.leader.election.timeout = 120s (custom)
2019-09-19 14:31:07,674 [pool-633-thread-1] INFO  server.RaftServerConfigKeys (ConfUtils.java:logGet(43)) - raft.server.log.use.memory = false (default)
2019-09-19 14:31:07,674 [pool-633-thread-1] INFO  server.RaftServerConfigKeys (ConfUtils.java:logGet(43)) - raft.server.log.purge.gap = 1000000 (custom)
2019-09-19 14:31:07,674 [pool-633-thread-1] INFO  server.RaftServerConfigKeys (ConfUtils.java:logGet(43)) - raft.server.log.appender.buffer.byte-limit = 33554432 (custom)
2019-09-19 14:31:07,674 [pool-633-thread-1] INFO  server.RaftServerConfigKeys (ConfUtils.java:logGet(43)) - raft.server.log.segment.size.max = 1048576 (custom)
2019-09-19 14:31:07,674 [pool-633-thread-1] INFO  server.RaftServerConfigKeys (ConfUtils.java:logGet(43)) - raft.server.log.segment.cache.num.max = 2 (custom)
2019-09-19 14:31:07,674 [pool-633-thread-1] INFO  segmented.SegmentedRaftLogWorker (SegmentedRaftLogWorker.java:<init>(172)) - new 1a966e7b-a794-43d4-8c96-8627eaac3d29-SegmentedRaftLogWorker:Storage Directory /workdir/hadoop-ozone/ozonefs/target/test-dir/MiniOzoneClusterImpl-339f3dc1-3cc0-483d-bcb7-0cbf2f200edb/datanode-2/data/ratis/100fab7c-7ade-4b8a-b439-3863f975cb91 for RaftStorage:Storage Directory /workdir/hadoop-ozone/ozonefs/target/test-dir/MiniOzoneClusterImpl-339f3dc1-3cc0-483d-bcb7-0cbf2f200edb/datanode-2/data/ratis/100fab7c-7ade-4b8a-b439-3863f975cb91
2019-09-19 14:31:07,674 [pool-633-thread-1] INFO  server.RaftServerConfigKeys (ConfUtils.java:logGet(43)) - raft.server.log.queue.byte-limit = 2147483647 (custom)
2019-09-19 14:31:07,674 [pool-633-thread-1] INFO  server.RaftServerConfigKeys (ConfUtils.java:logGet(43)) - raft.server.log.queue.element-limit = 1024 (custom)
2019-09-19 14:31:07,674 [pool-633-thread-1] INFO  server.RaftServerConfigKeys (ConfUtils.java:logGet(43)) - raft.server.log.segment.size.max = 1048576 (custom)
2019-09-19 14:31:07,675 [pool-633-thread-1] INFO  server.RaftServerConfigKeys (ConfUtils.java:logGet(43)) - raft.server.log.preallocated.size = 16384 (custom)
2019-09-19 14:31:07,675 [pool-633-thread-1] INFO  server.RaftServerConfigKeys (ConfUtils.java:logGet(43)) - raft.server.log.write.buffer.size = 33554432 (custom)
2019-09-19 14:31:07,675 [pool-633-thread-1] INFO  server.RaftServerConfigKeys (ConfUtils.java:logGet(43)) - raft.server.log.force.sync.num = 128 (default)
2019-09-19 14:31:07,675 [pool-633-thread-1] INFO  server.RaftServerConfigKeys (ConfUtils.java:logGet(43)) - raft.server.log.statemachine.data.sync = true (default)
2019-09-19 14:31:07,675 [pool-633-thread-1] INFO  server.RaftServerConfigKeys (ConfUtils.java:logGet(43)) - raft.server.log.statemachine.data.sync.timeout = 10s (default)
2019-09-19 14:31:07,675 [pool-633-thread-1] INFO  server.RaftServerConfigKeys (ConfUtils.java:logGet(43)) - raft.server.log.statemachine.data.sync.timeout.retry = -1 (default)
2019-09-19 14:31:07,675 [pool-633-thread-1] INFO  server.RaftServerConfigKeys (ConfUtils.java:logGet(43)) - raft.server.log.statemachine.data.caching.enabled = true (custom)
2019-09-19 14:31:07,675 [pool-633-thread-1] INFO  segmented.SegmentedRaftLogWorker (SegmentedRaftLogWorker.java:lambda$new$0(132)) - 1a966e7b-a794-43d4-8c96-8627eaac3d29-SegmentedRaftLogWorker:Storage Directory /workdir/hadoop-ozone/ozonefs/target/test-dir/MiniOzoneClusterImpl-339f3dc1-3cc0-483d-bcb7-0cbf2f200edb/datanode-2/data/ratis/100fab7c-7ade-4b8a-b439-3863f975cb91: flushIndex: setUnconditionally 0 -> -1
2019-09-19 14:31:07,676 [pool-633-thread-1] INFO  server.RaftServerConfigKeys (ConfUtils.java:logGet(43)) - raft.server.snapshot.auto.trigger.enabled = true (custom)
2019-09-19 14:31:07,676 [pool-633-thread-1] INFO  server.RaftServerConfigKeys (ConfUtils.java:logGet(43)) - raft.server.snapshot.auto.trigger.threshold = 10000 (custom)
2019-09-19 14:31:07,676 [pool-633-thread-1] INFO  server.RaftServerConfigKeys (ConfUtils.java:logGet(43)) - raft.server.retrycache.expirytime = 600000ms (custom)
2019-09-19 14:31:07,676 [pool-633-thread-1] INFO  impl.RaftServerImpl (RaftServerImpl.java:start(180)) - 1a966e7b-a794-43d4-8c96-8627eaac3d29: start group-3863F975CB91
2019-09-19 14:31:07,676 [pool-633-thread-1] INFO  impl.RaftServerImpl (RaftServerImpl.java:setRole(171)) - 1a966e7b-a794-43d4-8c96-8627eaac3d29:group-3863F975CB91 changes role from null to FOLLOWER at term 0 for startAsFollower
2019-09-19 14:31:07,676 [pool-633-thread-1] INFO  impl.RoleInfo (RoleInfo.java:updateAndGet(143)) - 1a966e7b-a794-43d4-8c96-8627eaac3d29: start FollowerState
2019-09-19 14:31:07,676 [pool-633-thread-1] INFO  util.JmxRegister (JmxRegister.java:tryRegister(44)) - Successfully registered JMX Bean with object name Ratis:service=RaftServer,group=group-3863F975CB91,id=1a966e7b-a794-43d4-8c96-8627eaac3d29
2019-09-19 14:31:07,678 [RatisPipelineUtilsThread] INFO  pipeline.PipelineStateManager (PipelineStateManager.java:addPipeline(56)) - Created pipeline Pipeline[ Id: 100fab7c-7ade-4b8a-b439-3863f975cb91, Nodes: 1a966e7b-a794-43d4-8c96-8627eaac3d29{ip: 192.168.5.132, host: pr-hdds-1569-rzdr8-3403194166, networkLocation: /default-rack, certSerialId: null}, Type:RATIS, Factor:ONE, State:OPEN]
2019-09-19 14:31:07,679 [RatisPipelineUtilsThread] ERROR pipeline.PipelinePlacementPolicy (PipelinePlacementPolicy.java:meetCriteria(91)) - Pipeline Placement: Doesn't meet the criteria to be viable node. Heaviness: 6
2019-09-19 14:31:07,683 [grpc-default-executor-0] INFO  impl.RaftServerProxy (RaftServerProxy.java:addNew(89)) - 1a966e7b-a794-43d4-8c96-8627eaac3d29: addNew group-AEF054876AFF:[1a966e7b-a794-43d4-8c96-8627eaac3d29:192.168.5.132:43341] returns group-AEF054876AFF:java.util.concurrent.CompletableFuture@4b512485[Not completed]
2019-09-19 14:31:07,683 [pool-633-thread-1] INFO  impl.RaftServerImpl (RaftServerImpl.java:<init>(93)) - 1a966e7b-a794-43d4-8c96-8627eaac3d29: new RaftServerImpl for group-AEF054876AFF:[1a966e7b-a794-43d4-8c96-8627eaac3d29:192.168.5.132:43341] with ContainerStateMachine:uninitialized
2019-09-19 14:31:07,684 [pool-633-thread-1] INFO  server.RaftServerConfigKeys (ConfUtils.java:logGet(43)) - raft.server.rpc.timeout.min = 5s (custom)
2019-09-19 14:31:07,684 [pool-633-thread-1] INFO  server.RaftServerConfigKeys (ConfUtils.java:logGet(43)) - raft.server.rpc.timeout.max = 5200ms (custom)
2019-09-19 14:31:07,684 [pool-633-thread-1] INFO  server.RaftServerConfigKeys (ConfUtils.java:logGet(43)) - raft.server.rpcslowness.timeout = 120s (custom)
2019-09-19 14:31:07,684 [pool-633-thread-1] INFO  server.RaftServerConfigKeys (ConfUtils.java:logGet(43)) - raft.server.sleep.deviation.threshold = 300 (default)
2019-09-19 14:31:07,684 [pool-633-thread-1] INFO  server.RaftServerConfigKeys (ConfUtils.java:logGet(43)) - raft.server.log.appender.install.snapshot.enabled = false (custom)
2019-09-19 14:31:07,684 [pool-633-thread-1] INFO  impl.RaftServerImpl (ServerState.java:<init>(105)) - 1a966e7b-a794-43d4-8c96-8627eaac3d29:group-AEF054876AFF ConfigurationManager, init=-1: [1a966e7b-a794-43d4-8c96-8627eaac3d29:192.168.5.132:43341], old=null, confs=<EMPTY_MAP>
2019-09-19 14:31:07,684 [pool-633-thread-1] INFO  server.RaftServerConfigKeys (ConfUtils.java:logGet(43)) - raft.server.storage.dir = [/workdir/hadoop-ozone/ozonefs/target/test-dir/MiniOzoneClusterImpl-339f3dc1-3cc0-483d-bcb7-0cbf2f200edb/datanode-2/data/ratis] (custom)
2019-09-19 14:31:07,684 [pool-633-thread-1] INFO  storage.RaftStorageDirectory (RaftStorageDirectory.java:analyzeStorage(246)) - The storage directory /workdir/hadoop-ozone/ozonefs/target/test-dir/MiniOzoneClusterImpl-339f3dc1-3cc0-483d-bcb7-0cbf2f200edb/datanode-2/data/ratis/4dff5ba6-8adc-46f2-8b07-aef054876aff does not exist. Creating ...
2019-09-19 14:31:07,696 [pool-633-thread-1] INFO  storage.RaftStorageDirectory (RaftStorageDirectory.java:tryLock(328)) - Lock on /workdir/hadoop-ozone/ozonefs/target/test-dir/MiniOzoneClusterImpl-339f3dc1-3cc0-483d-bcb7-0cbf2f200edb/datanode-2/data/ratis/4dff5ba6-8adc-46f2-8b07-aef054876aff/in_use.lock acquired by nodename 7619@pr-hdds-1569-rzdr8-3403194166
2019-09-19 14:31:07,709 [pool-633-thread-1] INFO  storage.RaftStorage (RaftStorage.java:format(72)) - Storage directory /workdir/hadoop-ozone/ozonefs/target/test-dir/MiniOzoneClusterImpl-339f3dc1-3cc0-483d-bcb7-0cbf2f200edb/datanode-2/data/ratis/4dff5ba6-8adc-46f2-8b07-aef054876aff has been successfully formatted.
2019-09-19 14:31:07,709 [pool-633-thread-1] INFO  ratis.ContainerStateMachine (ContainerStateMachine.java:loadSnapshot(226)) - group-AEF054876AFF: The snapshot info is null. Setting the last applied indexto:(t:0, i:~)
2019-09-19 14:31:07,709 [pool-633-thread-1] INFO  server.RaftServerConfigKeys (ConfUtils.java:logGet(43)) - raft.server.leader.election.timeout = 120s (custom)
2019-09-19 14:31:07,709 [pool-633-thread-1] INFO  server.RaftServerConfigKeys (ConfUtils.java:logGet(43)) - raft.server.log.use.memory = false (default)
2019-09-19 14:31:07,710 [pool-633-thread-1] INFO  server.RaftServerConfigKeys (ConfUtils.java:logGet(43)) - raft.server.log.purge.gap = 1000000 (custom)
2019-09-19 14:31:07,710 [pool-633-thread-1] INFO  server.RaftServerConfigKeys (ConfUtils.java:logGet(43)) - raft.server.log.appender.buffer.byte-limit = 33554432 (custom)
2019-09-19 14:31:07,710 [pool-633-thread-1] INFO  server.RaftServerConfigKeys (ConfUtils.java:logGet(43)) - raft.server.log.segment.size.max = 1048576 (custom)
2019-09-19 14:31:07,710 [pool-633-thread-1] INFO  server.RaftServerConfigKeys (ConfUtils.java:logGet(43)) - raft.server.log.segment.cache.num.max = 2 (custom)
2019-09-19 14:31:07,710 [pool-633-thread-1] INFO  segmented.SegmentedRaftLogWorker (SegmentedRaftLogWorker.java:<init>(172)) - new 1a966e7b-a794-43d4-8c96-8627eaac3d29-SegmentedRaftLogWorker:Storage Directory /workdir/hadoop-ozone/ozonefs/target/test-dir/MiniOzoneClusterImpl-339f3dc1-3cc0-483d-bcb7-0cbf2f200edb/datanode-2/data/ratis/4dff5ba6-8adc-46f2-8b07-aef054876aff for RaftStorage:Storage Directory /workdir/hadoop-ozone/ozonefs/target/test-dir/MiniOzoneClusterImpl-339f3dc1-3cc0-483d-bcb7-0cbf2f200edb/datanode-2/data/ratis/4dff5ba6-8adc-46f2-8b07-aef054876aff
2019-09-19 14:31:07,710 [pool-633-thread-1] INFO  server.RaftServerConfigKeys (ConfUtils.java:logGet(43)) - raft.server.log.queue.byte-limit = 2147483647 (custom)
2019-09-19 14:31:07,710 [pool-633-thread-1] INFO  server.RaftServerConfigKeys (ConfUtils.java:logGet(43)) - raft.server.log.queue.element-limit = 1024 (custom)
2019-09-19 14:31:07,710 [pool-633-thread-1] INFO  server.RaftServerConfigKeys (ConfUtils.java:logGet(43)) - raft.server.log.segment.size.max = 1048576 (custom)
2019-09-19 14:31:07,710 [pool-633-thread-1] INFO  server.RaftServerConfigKeys (ConfUtils.java:logGet(43)) - raft.server.log.preallocated.size = 16384 (custom)
2019-09-19 14:31:07,710 [pool-633-thread-1] INFO  server.RaftServerConfigKeys (ConfUtils.java:logGet(43)) - raft.server.log.write.buffer.size = 33554432 (custom)
2019-09-19 14:31:07,710 [pool-633-thread-1] INFO  server.RaftServerConfigKeys (ConfUtils.java:logGet(43)) - raft.server.log.force.sync.num = 128 (default)
2019-09-19 14:31:07,711 [pool-633-thread-1] INFO  server.RaftServerConfigKeys (ConfUtils.java:logGet(43)) - raft.server.log.statemachine.data.sync = true (default)
2019-09-19 14:31:07,711 [pool-633-thread-1] INFO  server.RaftServerConfigKeys (ConfUtils.java:logGet(43)) - raft.server.log.statemachine.data.sync.timeout = 10s (default)
2019-09-19 14:31:07,711 [pool-633-thread-1] INFO  server.RaftServerConfigKeys (ConfUtils.java:logGet(43)) - raft.server.log.statemachine.data.sync.timeout.retry = -1 (default)
2019-09-19 14:31:07,711 [pool-633-thread-1] INFO  server.RaftServerConfigKeys (ConfUtils.java:logGet(43)) - raft.server.log.statemachine.data.caching.enabled = true (custom)
2019-09-19 14:31:07,711 [pool-633-thread-1] INFO  segmented.SegmentedRaftLogWorker (SegmentedRaftLogWorker.java:lambda$new$0(132)) - 1a966e7b-a794-43d4-8c96-8627eaac3d29-SegmentedRaftLogWorker:Storage Directory /workdir/hadoop-ozone/ozonefs/target/test-dir/MiniOzoneClusterImpl-339f3dc1-3cc0-483d-bcb7-0cbf2f200edb/datanode-2/data/ratis/4dff5ba6-8adc-46f2-8b07-aef054876aff: flushIndex: setUnconditionally 0 -> -1
2019-09-19 14:31:07,711 [pool-633-thread-1] INFO  server.RaftServerConfigKeys (ConfUtils.java:logGet(43)) - raft.server.snapshot.auto.trigger.enabled = true (custom)
2019-09-19 14:31:07,711 [pool-633-thread-1] INFO  server.RaftServerConfigKeys (ConfUtils.java:logGet(43)) - raft.server.snapshot.auto.trigger.threshold = 10000 (custom)
2019-09-19 14:31:07,712 [pool-633-thread-1] INFO  server.RaftServerConfigKeys (ConfUtils.java:logGet(43)) - raft.server.retrycache.expirytime = 600000ms (custom)
2019-09-19 14:31:07,712 [pool-633-thread-1] INFO  impl.RaftServerImpl (RaftServerImpl.java:start(180)) - 1a966e7b-a794-43d4-8c96-8627eaac3d29: start group-AEF054876AFF
2019-09-19 14:31:07,712 [pool-633-thread-1] INFO  impl.RaftServerImpl (RaftServerImpl.java:setRole(171)) - 1a966e7b-a794-43d4-8c96-8627eaac3d29:group-AEF054876AFF changes role from null to FOLLOWER at term 0 for startAsFollower
2019-09-19 14:31:07,712 [pool-633-thread-1] INFO  impl.RoleInfo (RoleInfo.java:updateAndGet(143)) - 1a966e7b-a794-43d4-8c96-8627eaac3d29: start FollowerState
2019-09-19 14:31:07,712 [pool-633-thread-1] INFO  util.JmxRegister (JmxRegister.java:tryRegister(44)) - Successfully registered JMX Bean with object name Ratis:service=RaftServer,group=group-AEF054876AFF,id=1a966e7b-a794-43d4-8c96-8627eaac3d29
2019-09-19 14:31:07,714 [RatisPipelineUtilsThread] INFO  pipeline.PipelineStateManager (PipelineStateManager.java:addPipeline(56)) - Created pipeline Pipeline[ Id: 4dff5ba6-8adc-46f2-8b07-aef054876aff, Nodes: 1a966e7b-a794-43d4-8c96-8627eaac3d29{ip: 192.168.5.132, host: pr-hdds-1569-rzdr8-3403194166, networkLocation: /default-rack, certSerialId: null}, Type:RATIS, Factor:ONE, State:OPEN]
2019-09-19 14:31:07,715 [RatisPipelineUtilsThread] ERROR pipeline.PipelinePlacementPolicy (PipelinePlacementPolicy.java:meetCriteria(91)) - Pipeline Placement: Doesn't meet the criteria to be viable node. Heaviness: 6
2019-09-19 14:31:07,719 [grpc-default-executor-0] INFO  impl.RaftServerProxy (RaftServerProxy.java:addNew(89)) - 1a966e7b-a794-43d4-8c96-8627eaac3d29: addNew group-417753F92378:[1a966e7b-a794-43d4-8c96-8627eaac3d29:192.168.5.132:43341] returns group-417753F92378:java.util.concurrent.CompletableFuture@2d59a311[Not completed]
2019-09-19 14:31:07,719 [pool-633-thread-1] INFO  impl.RaftServerImpl (RaftServerImpl.java:<init>(93)) - 1a966e7b-a794-43d4-8c96-8627eaac3d29: new RaftServerImpl for group-417753F92378:[1a966e7b-a794-43d4-8c96-8627eaac3d29:192.168.5.132:43341] with ContainerStateMachine:uninitialized
2019-09-19 14:31:07,719 [pool-633-thread-1] INFO  server.RaftServerConfigKeys (ConfUtils.java:logGet(43)) - raft.server.rpc.timeout.min = 5s (custom)
2019-09-19 14:31:07,719 [pool-633-thread-1] INFO  server.RaftServerConfigKeys (ConfUtils.java:logGet(43)) - raft.server.rpc.timeout.max = 5200ms (custom)
2019-09-19 14:31:07,720 [pool-633-thread-1] INFO  server.RaftServerConfigKeys (ConfUtils.java:logGet(43)) - raft.server.rpcslowness.timeout = 120s (custom)
2019-09-19 14:31:07,720 [pool-633-thread-1] INFO  server.RaftServerConfigKeys (ConfUtils.java:logGet(43)) - raft.server.sleep.deviation.threshold = 300 (default)
2019-09-19 14:31:07,720 [pool-633-thread-1] INFO  server.RaftServerConfigKeys (ConfUtils.java:logGet(43)) - raft.server.log.appender.install.snapshot.enabled = false (custom)
2019-09-19 14:31:07,720 [pool-633-thread-1] INFO  impl.RaftServerImpl (ServerState.java:<init>(105)) - 1a966e7b-a794-43d4-8c96-8627eaac3d29:group-417753F92378 ConfigurationManager, init=-1: [1a966e7b-a794-43d4-8c96-8627eaac3d29:192.168.5.132:43341], old=null, confs=<EMPTY_MAP>
2019-09-19 14:31:07,720 [pool-633-thread-1] INFO  server.RaftServerConfigKeys (ConfUtils.java:logGet(43)) - raft.server.storage.dir = [/workdir/hadoop-ozone/ozonefs/target/test-dir/MiniOzoneClusterImpl-339f3dc1-3cc0-483d-bcb7-0cbf2f200edb/datanode-2/data/ratis] (custom)
2019-09-19 14:31:07,720 [pool-633-thread-1] INFO  storage.RaftStorageDirectory (RaftStorageDirectory.java:analyzeStorage(246)) - The storage directory /workdir/hadoop-ozone/ozonefs/target/test-dir/MiniOzoneClusterImpl-339f3dc1-3cc0-483d-bcb7-0cbf2f200edb/datanode-2/data/ratis/50d28461-f4a3-4c5f-b49d-417753f92378 does not exist. Creating ...
2019-09-19 14:31:07,732 [pool-633-thread-1] INFO  storage.RaftStorageDirectory (RaftStorageDirectory.java:tryLock(328)) - Lock on /workdir/hadoop-ozone/ozonefs/target/test-dir/MiniOzoneClusterImpl-339f3dc1-3cc0-483d-bcb7-0cbf2f200edb/datanode-2/data/ratis/50d28461-f4a3-4c5f-b49d-417753f92378/in_use.lock acquired by nodename 7619@pr-hdds-1569-rzdr8-3403194166
2019-09-19 14:31:07,736 [pool-633-thread-1] INFO  storage.RaftStorage (RaftStorage.java:format(72)) - Storage directory /workdir/hadoop-ozone/ozonefs/target/test-dir/MiniOzoneClusterImpl-339f3dc1-3cc0-483d-bcb7-0cbf2f200edb/datanode-2/data/ratis/50d28461-f4a3-4c5f-b49d-417753f92378 has been successfully formatted.
2019-09-19 14:31:07,736 [pool-633-thread-1] INFO  ratis.ContainerStateMachine (ContainerStateMachine.java:loadSnapshot(226)) - group-417753F92378: The snapshot info is null. Setting the last applied indexto:(t:0, i:~)
2019-09-19 14:31:07,736 [pool-633-thread-1] INFO  server.RaftServerConfigKeys (ConfUtils.java:logGet(43)) - raft.server.leader.election.timeout = 120s (custom)
2019-09-19 14:31:07,736 [pool-633-thread-1] INFO  server.RaftServerConfigKeys (ConfUtils.java:logGet(43)) - raft.server.log.use.memory = false (default)
2019-09-19 14:31:07,736 [pool-633-thread-1] INFO  server.RaftServerConfigKeys (ConfUtils.java:logGet(43)) - raft.server.log.purge.gap = 1000000 (custom)
2019-09-19 14:31:07,737 [pool-633-thread-1] INFO  server.RaftServerConfigKeys (ConfUtils.java:logGet(43)) - raft.server.log.appender.buffer.byte-limit = 33554432 (custom)
2019-09-19 14:31:07,737 [pool-633-thread-1] INFO  server.RaftServerConfigKeys (ConfUtils.java:logGet(43)) - raft.server.log.segment.size.max = 1048576 (custom)
2019-09-19 14:31:07,737 [pool-633-thread-1] INFO  server.RaftServerConfigKeys (ConfUtils.java:logGet(43)) - raft.server.log.segment.cache.num.max = 2 (custom)
2019-09-19 14:31:07,737 [pool-633-thread-1] INFO  segmented.SegmentedRaftLogWorker (SegmentedRaftLogWorker.java:<init>(172)) - new 1a966e7b-a794-43d4-8c96-8627eaac3d29-SegmentedRaftLogWorker:Storage Directory /workdir/hadoop-ozone/ozonefs/target/test-dir/MiniOzoneClusterImpl-339f3dc1-3cc0-483d-bcb7-0cbf2f200edb/datanode-2/data/ratis/50d28461-f4a3-4c5f-b49d-417753f92378 for RaftStorage:Storage Directory /workdir/hadoop-ozone/ozonefs/target/test-dir/MiniOzoneClusterImpl-339f3dc1-3cc0-483d-bcb7-0cbf2f200edb/datanode-2/data/ratis/50d28461-f4a3-4c5f-b49d-417753f92378
2019-09-19 14:31:07,737 [pool-633-thread-1] INFO  server.RaftServerConfigKeys (ConfUtils.java:logGet(43)) - raft.server.log.queue.byte-limit = 2147483647 (custom)
2019-09-19 14:31:07,737 [pool-633-thread-1] INFO  server.RaftServerConfigKeys (ConfUtils.java:logGet(43)) - raft.server.log.queue.element-limit = 1024 (custom)
2019-09-19 14:31:07,737 [pool-633-thread-1] INFO  server.RaftServerConfigKeys (ConfUtils.java:logGet(43)) - raft.server.log.segment.size.max = 1048576 (custom)
2019-09-19 14:31:07,737 [pool-633-thread-1] INFO  server.RaftServerConfigKeys (ConfUtils.java:logGet(43)) - raft.server.log.preallocated.size = 16384 (custom)
2019-09-19 14:31:07,737 [pool-633-thread-1] INFO  server.RaftServerConfigKeys (ConfUtils.java:logGet(43)) - raft.server.log.write.buffer.size = 33554432 (custom)
2019-09-19 14:31:07,737 [pool-633-thread-1] INFO  server.RaftServerConfigKeys (ConfUtils.java:logGet(43)) - raft.server.log.force.sync.num = 128 (default)
2019-09-19 14:31:07,737 [pool-633-thread-1] INFO  server.RaftServerConfigKeys (ConfUtils.java:logGet(43)) - raft.server.log.statemachine.data.sync = true (default)
2019-09-19 14:31:07,738 [pool-633-thread-1] INFO  server.RaftServerConfigKeys (ConfUtils.java:logGet(43)) - raft.server.log.statemachine.data.sync.timeout = 10s (default)
2019-09-19 14:31:07,738 [pool-633-thread-1] INFO  server.RaftServerConfigKeys (ConfUtils.java:logGet(43)) - raft.server.log.statemachine.data.sync.timeout.retry = -1 (default)
2019-09-19 14:31:07,738 [pool-633-thread-1] INFO  server.RaftServerConfigKeys (ConfUtils.java:logGet(43)) - raft.server.log.statemachine.data.caching.enabled = true (custom)
2019-09-19 14:31:07,738 [pool-633-thread-1] INFO  segmented.SegmentedRaftLogWorker (SegmentedRaftLogWorker.java:lambda$new$0(132)) - 1a966e7b-a794-43d4-8c96-8627eaac3d29-SegmentedRaftLogWorker:Storage Directory /workdir/hadoop-ozone/ozonefs/target/test-dir/MiniOzoneClusterImpl-339f3dc1-3cc0-483d-bcb7-0cbf2f200edb/datanode-2/data/ratis/50d28461-f4a3-4c5f-b49d-417753f92378: flushIndex: setUnconditionally 0 -> -1
2019-09-19 14:31:07,738 [pool-633-thread-1] INFO  server.RaftServerConfigKeys (ConfUtils.java:logGet(43)) - raft.server.snapshot.auto.trigger.enabled = true (custom)
2019-09-19 14:31:07,738 [pool-633-thread-1] INFO  server.RaftServerConfigKeys (ConfUtils.java:logGet(43)) - raft.server.snapshot.auto.trigger.threshold = 10000 (custom)
2019-09-19 14:31:07,738 [pool-633-thread-1] INFO  server.RaftServerConfigKeys (ConfUtils.java:logGet(43)) - raft.server.retrycache.expirytime = 600000ms (custom)
2019-09-19 14:31:07,739 [pool-633-thread-1] INFO  impl.RaftServerImpl (RaftServerImpl.java:start(180)) - 1a966e7b-a794-43d4-8c96-8627eaac3d29: start group-417753F92378
2019-09-19 14:31:07,739 [pool-633-thread-1] INFO  impl.RaftServerImpl (RaftServerImpl.java:setRole(171)) - 1a966e7b-a794-43d4-8c96-8627eaac3d29:group-417753F92378 changes role from null to FOLLOWER at term 0 for startAsFollower
2019-09-19 14:31:07,739 [pool-633-thread-1] INFO  impl.RoleInfo (RoleInfo.java:updateAndGet(143)) - 1a966e7b-a794-43d4-8c96-8627eaac3d29: start FollowerState
2019-09-19 14:31:07,739 [pool-633-thread-1] INFO  util.JmxRegister (JmxRegister.java:tryRegister(44)) - Successfully registered JMX Bean with object name Ratis:service=RaftServer,group=group-417753F92378,id=1a966e7b-a794-43d4-8c96-8627eaac3d29
2019-09-19 14:31:07,741 [RatisPipelineUtilsThread] INFO  pipeline.PipelineStateManager (PipelineStateManager.java:addPipeline(56)) - Created pipeline Pipeline[ Id: 50d28461-f4a3-4c5f-b49d-417753f92378, Nodes: 1a966e7b-a794-43d4-8c96-8627eaac3d29{ip: 192.168.5.132, host: pr-hdds-1569-rzdr8-3403194166, networkLocation: /default-rack, certSerialId: null}, Type:RATIS, Factor:ONE, State:OPEN]
2019-09-19 14:31:07,741 [RatisPipelineUtilsThread] ERROR pipeline.PipelinePlacementPolicy (PipelinePlacementPolicy.java:meetCriteria(91)) - Pipeline Placement: Doesn't meet the criteria to be viable node. Heaviness: 6
2019-09-19 14:31:07,745 [grpc-default-executor-0] INFO  impl.RaftServerProxy (RaftServerProxy.java:addNew(89)) - 1a966e7b-a794-43d4-8c96-8627eaac3d29: addNew group-AB36DE50A69F:[1a966e7b-a794-43d4-8c96-8627eaac3d29:192.168.5.132:43341] returns group-AB36DE50A69F:java.util.concurrent.CompletableFuture@4ed691ab[Not completed]
2019-09-19 14:31:07,746 [pool-633-thread-1] INFO  impl.RaftServerImpl (RaftServerImpl.java:<init>(93)) - 1a966e7b-a794-43d4-8c96-8627eaac3d29: new RaftServerImpl for group-AB36DE50A69F:[1a966e7b-a794-43d4-8c96-8627eaac3d29:192.168.5.132:43341] with ContainerStateMachine:uninitialized
2019-09-19 14:31:07,746 [pool-633-thread-1] INFO  server.RaftServerConfigKeys (ConfUtils.java:logGet(43)) - raft.server.rpc.timeout.min = 5s (custom)
2019-09-19 14:31:07,746 [pool-633-thread-1] INFO  server.RaftServerConfigKeys (ConfUtils.java:logGet(43)) - raft.server.rpc.timeout.max = 5200ms (custom)
2019-09-19 14:31:07,747 [pool-633-thread-1] INFO  server.RaftServerConfigKeys (ConfUtils.java:logGet(43)) - raft.server.rpcslowness.timeout = 120s (custom)
2019-09-19 14:31:07,747 [pool-633-thread-1] INFO  server.RaftServerConfigKeys (ConfUtils.java:logGet(43)) - raft.server.sleep.deviation.threshold = 300 (default)
2019-09-19 14:31:07,747 [pool-633-thread-1] INFO  server.RaftServerConfigKeys (ConfUtils.java:logGet(43)) - raft.server.log.appender.install.snapshot.enabled = false (custom)
2019-09-19 14:31:07,747 [pool-633-thread-1] INFO  impl.RaftServerImpl (ServerState.java:<init>(105)) - 1a966e7b-a794-43d4-8c96-8627eaac3d29:group-AB36DE50A69F ConfigurationManager, init=-1: [1a966e7b-a794-43d4-8c96-8627eaac3d29:192.168.5.132:43341], old=null, confs=<EMPTY_MAP>
2019-09-19 14:31:07,747 [pool-633-thread-1] INFO  server.RaftServerConfigKeys (ConfUtils.java:logGet(43)) - raft.server.storage.dir = [/workdir/hadoop-ozone/ozonefs/target/test-dir/MiniOzoneClusterImpl-339f3dc1-3cc0-483d-bcb7-0cbf2f200edb/datanode-2/data/ratis] (custom)
2019-09-19 14:31:07,747 [pool-633-thread-1] INFO  storage.RaftStorageDirectory (RaftStorageDirectory.java:analyzeStorage(246)) - The storage directory /workdir/hadoop-ozone/ozonefs/target/test-dir/MiniOzoneClusterImpl-339f3dc1-3cc0-483d-bcb7-0cbf2f200edb/datanode-2/data/ratis/02a5284a-7ddf-4cc8-8075-ab36de50a69f does not exist. Creating ...
2019-09-19 14:31:07,751 [pool-633-thread-1] INFO  storage.RaftStorageDirectory (RaftStorageDirectory.java:tryLock(328)) - Lock on /workdir/hadoop-ozone/ozonefs/target/test-dir/MiniOzoneClusterImpl-339f3dc1-3cc0-483d-bcb7-0cbf2f200edb/datanode-2/data/ratis/02a5284a-7ddf-4cc8-8075-ab36de50a69f/in_use.lock acquired by nodename 7619@pr-hdds-1569-rzdr8-3403194166
2019-09-19 14:31:07,754 [pool-633-thread-1] INFO  storage.RaftStorage (RaftStorage.java:format(72)) - Storage directory /workdir/hadoop-ozone/ozonefs/target/test-dir/MiniOzoneClusterImpl-339f3dc1-3cc0-483d-bcb7-0cbf2f200edb/datanode-2/data/ratis/02a5284a-7ddf-4cc8-8075-ab36de50a69f has been successfully formatted.
2019-09-19 14:31:07,754 [pool-633-thread-1] INFO  ratis.ContainerStateMachine (ContainerStateMachine.java:loadSnapshot(226)) - group-AB36DE50A69F: The snapshot info is null. Setting the last applied indexto:(t:0, i:~)
2019-09-19 14:31:07,754 [pool-633-thread-1] INFO  server.RaftServerConfigKeys (ConfUtils.java:logGet(43)) - raft.server.leader.election.timeout = 120s (custom)
2019-09-19 14:31:07,755 [pool-633-thread-1] INFO  server.RaftServerConfigKeys (ConfUtils.java:logGet(43)) - raft.server.log.use.memory = false (default)
2019-09-19 14:31:07,755 [pool-633-thread-1] INFO  server.RaftServerConfigKeys (ConfUtils.java:logGet(43)) - raft.server.log.purge.gap = 1000000 (custom)
2019-09-19 14:31:07,755 [pool-633-thread-1] INFO  server.RaftServerConfigKeys (ConfUtils.java:logGet(43)) - raft.server.log.appender.buffer.byte-limit = 33554432 (custom)
2019-09-19 14:31:07,755 [pool-633-thread-1] INFO  server.RaftServerConfigKeys (ConfUtils.java:logGet(43)) - raft.server.log.segment.size.max = 1048576 (custom)
2019-09-19 14:31:07,755 [pool-633-thread-1] INFO  server.RaftServerConfigKeys (ConfUtils.java:logGet(43)) - raft.server.log.segment.cache.num.max = 2 (custom)
2019-09-19 14:31:07,755 [pool-633-thread-1] INFO  segmented.SegmentedRaftLogWorker (SegmentedRaftLogWorker.java:<init>(172)) - new 1a966e7b-a794-43d4-8c96-8627eaac3d29-SegmentedRaftLogWorker:Storage Directory /workdir/hadoop-ozone/ozonefs/target/test-dir/MiniOzoneClusterImpl-339f3dc1-3cc0-483d-bcb7-0cbf2f200edb/datanode-2/data/ratis/02a5284a-7ddf-4cc8-8075-ab36de50a69f for RaftStorage:Storage Directory /workdir/hadoop-ozone/ozonefs/target/test-dir/MiniOzoneClusterImpl-339f3dc1-3cc0-483d-bcb7-0cbf2f200edb/datanode-2/data/ratis/02a5284a-7ddf-4cc8-8075-ab36de50a69f
2019-09-19 14:31:07,755 [pool-633-thread-1] INFO  server.RaftServerConfigKeys (ConfUtils.java:logGet(43)) - raft.server.log.queue.byte-limit = 2147483647 (custom)
2019-09-19 14:31:07,755 [pool-633-thread-1] INFO  server.RaftServerConfigKeys (ConfUtils.java:logGet(43)) - raft.server.log.queue.element-limit = 1024 (custom)
2019-09-19 14:31:07,755 [pool-633-thread-1] INFO  server.RaftServerConfigKeys (ConfUtils.java:logGet(43)) - raft.server.log.segment.size.max = 1048576 (custom)
2019-09-19 14:31:07,755 [pool-633-thread-1] INFO  server.RaftServerConfigKeys (ConfUtils.java:logGet(43)) - raft.server.log.preallocated.size = 16384 (custom)
2019-09-19 14:31:07,755 [pool-633-thread-1] INFO  server.RaftServerConfigKeys (ConfUtils.java:logGet(43)) - raft.server.log.write.buffer.size = 33554432 (custom)
2019-09-19 14:31:07,755 [pool-633-thread-1] INFO  server.RaftServerConfigKeys (ConfUtils.java:logGet(43)) - raft.server.log.force.sync.num = 128 (default)
2019-09-19 14:31:07,756 [pool-633-thread-1] INFO  server.RaftServerConfigKeys (ConfUtils.java:logGet(43)) - raft.server.log.statemachine.data.sync = true (default)
2019-09-19 14:31:07,756 [pool-633-thread-1] INFO  server.RaftServerConfigKeys (ConfUtils.java:logGet(43)) - raft.server.log.statemachine.data.sync.timeout = 10s (default)
2019-09-19 14:31:07,756 [pool-633-thread-1] INFO  server.RaftServerConfigKeys (ConfUtils.java:logGet(43)) - raft.server.log.statemachine.data.sync.timeout.retry = -1 (default)
2019-09-19 14:31:07,756 [pool-633-thread-1] INFO  server.RaftServerConfigKeys (ConfUtils.java:logGet(43)) - raft.server.log.statemachine.data.caching.enabled = true (custom)
2019-09-19 14:31:07,756 [pool-633-thread-1] INFO  segmented.SegmentedRaftLogWorker (SegmentedRaftLogWorker.java:lambda$new$0(132)) - 1a966e7b-a794-43d4-8c96-8627eaac3d29-SegmentedRaftLogWorker:Storage Directory /workdir/hadoop-ozone/ozonefs/target/test-dir/MiniOzoneClusterImpl-339f3dc1-3cc0-483d-bcb7-0cbf2f200edb/datanode-2/data/ratis/02a5284a-7ddf-4cc8-8075-ab36de50a69f: flushIndex: setUnconditionally 0 -> -1
2019-09-19 14:31:07,756 [pool-633-thread-1] INFO  server.RaftServerConfigKeys (ConfUtils.java:logGet(43)) - raft.server.snapshot.auto.trigger.enabled = true (custom)
2019-09-19 14:31:07,756 [pool-633-thread-1] INFO  server.RaftServerConfigKeys (ConfUtils.java:logGet(43)) - raft.server.snapshot.auto.trigger.threshold = 10000 (custom)
2019-09-19 14:31:07,756 [pool-633-thread-1] INFO  server.RaftServerConfigKeys (ConfUtils.java:logGet(43)) - raft.server.retrycache.expirytime = 600000ms (custom)
2019-09-19 14:31:07,757 [pool-633-thread-1] INFO  impl.RaftServerImpl (RaftServerImpl.java:start(180)) - 1a966e7b-a794-43d4-8c96-8627eaac3d29: start group-AB36DE50A69F
2019-09-19 14:31:07,757 [pool-633-thread-1] INFO  impl.RaftServerImpl (RaftServerImpl.java:setRole(171)) - 1a966e7b-a794-43d4-8c96-8627eaac3d29:group-AB36DE50A69F changes role from null to FOLLOWER at term 0 for startAsFollower
2019-09-19 14:31:07,757 [pool-633-thread-1] INFO  impl.RoleInfo (RoleInfo.java:updateAndGet(143)) - 1a966e7b-a794-43d4-8c96-8627eaac3d29: start FollowerState
2019-09-19 14:31:07,757 [pool-633-thread-1] INFO  util.JmxRegister (JmxRegister.java:tryRegister(44)) - Successfully registered JMX Bean with object name Ratis:service=RaftServer,group=group-AB36DE50A69F,id=1a966e7b-a794-43d4-8c96-8627eaac3d29
2019-09-19 14:31:07,759 [RatisPipelineUtilsThread] INFO  pipeline.PipelineStateManager (PipelineStateManager.java:addPipeline(56)) - Created pipeline Pipeline[ Id: 02a5284a-7ddf-4cc8-8075-ab36de50a69f, Nodes: 1a966e7b-a794-43d4-8c96-8627eaac3d29{ip: 192.168.5.132, host: pr-hdds-1569-rzdr8-3403194166, networkLocation: /default-rack, certSerialId: null}, Type:RATIS, Factor:ONE, State:OPEN]
2019-09-19 14:31:07,759 [RatisPipelineUtilsThread] ERROR pipeline.PipelinePlacementPolicy (PipelinePlacementPolicy.java:meetCriteria(91)) - Pipeline Placement: Doesn't meet the criteria to be viable node. Heaviness: 6
2019-09-19 14:31:07,763 [grpc-default-executor-0] INFO  impl.RaftServerProxy (RaftServerProxy.java:addNew(89)) - 1a966e7b-a794-43d4-8c96-8627eaac3d29: addNew group-E5ED58ED9DA3:[1a966e7b-a794-43d4-8c96-8627eaac3d29:192.168.5.132:43341] returns group-E5ED58ED9DA3:java.util.concurrent.CompletableFuture@550b05b2[Not completed]
2019-09-19 14:31:07,763 [pool-633-thread-1] INFO  impl.RaftServerImpl (RaftServerImpl.java:<init>(93)) - 1a966e7b-a794-43d4-8c96-8627eaac3d29: new RaftServerImpl for group-E5ED58ED9DA3:[1a966e7b-a794-43d4-8c96-8627eaac3d29:192.168.5.132:43341] with ContainerStateMachine:uninitialized
2019-09-19 14:31:07,764 [pool-633-thread-1] INFO  server.RaftServerConfigKeys (ConfUtils.java:logGet(43)) - raft.server.rpc.timeout.min = 5s (custom)
2019-09-19 14:31:07,764 [pool-633-thread-1] INFO  server.RaftServerConfigKeys (ConfUtils.java:logGet(43)) - raft.server.rpc.timeout.max = 5200ms (custom)
2019-09-19 14:31:07,764 [pool-633-thread-1] INFO  server.RaftServerConfigKeys (ConfUtils.java:logGet(43)) - raft.server.rpcslowness.timeout = 120s (custom)
2019-09-19 14:31:07,764 [pool-633-thread-1] INFO  server.RaftServerConfigKeys (ConfUtils.java:logGet(43)) - raft.server.sleep.deviation.threshold = 300 (default)
2019-09-19 14:31:07,764 [pool-633-thread-1] INFO  server.RaftServerConfigKeys (ConfUtils.java:logGet(43)) - raft.server.log.appender.install.snapshot.enabled = false (custom)
2019-09-19 14:31:07,764 [pool-633-thread-1] INFO  impl.RaftServerImpl (ServerState.java:<init>(105)) - 1a966e7b-a794-43d4-8c96-8627eaac3d29:group-E5ED58ED9DA3 ConfigurationManager, init=-1: [1a966e7b-a794-43d4-8c96-8627eaac3d29:192.168.5.132:43341], old=null, confs=<EMPTY_MAP>
2019-09-19 14:31:07,764 [pool-633-thread-1] INFO  server.RaftServerConfigKeys (ConfUtils.java:logGet(43)) - raft.server.storage.dir = [/workdir/hadoop-ozone/ozonefs/target/test-dir/MiniOzoneClusterImpl-339f3dc1-3cc0-483d-bcb7-0cbf2f200edb/datanode-2/data/ratis] (custom)
2019-09-19 14:31:07,764 [pool-633-thread-1] INFO  storage.RaftStorageDirectory (RaftStorageDirectory.java:analyzeStorage(246)) - The storage directory /workdir/hadoop-ozone/ozonefs/target/test-dir/MiniOzoneClusterImpl-339f3dc1-3cc0-483d-bcb7-0cbf2f200edb/datanode-2/data/ratis/044fd0c1-3ca6-4c13-a3f0-e5ed58ed9da3 does not exist. Creating ...
2019-09-19 14:31:07,768 [pool-633-thread-1] INFO  storage.RaftStorageDirectory (RaftStorageDirectory.java:tryLock(328)) - Lock on /workdir/hadoop-ozone/ozonefs/target/test-dir/MiniOzoneClusterImpl-339f3dc1-3cc0-483d-bcb7-0cbf2f200edb/datanode-2/data/ratis/044fd0c1-3ca6-4c13-a3f0-e5ed58ed9da3/in_use.lock acquired by nodename 7619@pr-hdds-1569-rzdr8-3403194166
2019-09-19 14:31:07,773 [pool-633-thread-1] INFO  storage.RaftStorage (RaftStorage.java:format(72)) - Storage directory /workdir/hadoop-ozone/ozonefs/target/test-dir/MiniOzoneClusterImpl-339f3dc1-3cc0-483d-bcb7-0cbf2f200edb/datanode-2/data/ratis/044fd0c1-3ca6-4c13-a3f0-e5ed58ed9da3 has been successfully formatted.
2019-09-19 14:31:07,773 [pool-633-thread-1] INFO  ratis.ContainerStateMachine (ContainerStateMachine.java:loadSnapshot(226)) - group-E5ED58ED9DA3: The snapshot info is null. Setting the last applied indexto:(t:0, i:~)
2019-09-19 14:31:07,773 [pool-633-thread-1] INFO  server.RaftServerConfigKeys (ConfUtils.java:logGet(43)) - raft.server.leader.election.timeout = 120s (custom)
2019-09-19 14:31:07,774 [pool-633-thread-1] INFO  server.RaftServerConfigKeys (ConfUtils.java:logGet(43)) - raft.server.log.use.memory = false (default)
2019-09-19 14:31:07,774 [pool-633-thread-1] INFO  server.RaftServerConfigKeys (ConfUtils.java:logGet(43)) - raft.server.log.purge.gap = 1000000 (custom)
2019-09-19 14:31:07,774 [pool-633-thread-1] INFO  server.RaftServerConfigKeys (ConfUtils.java:logGet(43)) - raft.server.log.appender.buffer.byte-limit = 33554432 (custom)
2019-09-19 14:31:07,774 [pool-633-thread-1] INFO  server.RaftServerConfigKeys (ConfUtils.java:logGet(43)) - raft.server.log.segment.size.max = 1048576 (custom)
2019-09-19 14:31:07,774 [pool-633-thread-1] INFO  server.RaftServerConfigKeys (ConfUtils.java:logGet(43)) - raft.server.log.segment.cache.num.max = 2 (custom)
2019-09-19 14:31:07,774 [pool-633-thread-1] INFO  segmented.SegmentedRaftLogWorker (SegmentedRaftLogWorker.java:<init>(172)) - new 1a966e7b-a794-43d4-8c96-8627eaac3d29-SegmentedRaftLogWorker:Storage Directory /workdir/hadoop-ozone/ozonefs/target/test-dir/MiniOzoneClusterImpl-339f3dc1-3cc0-483d-bcb7-0cbf2f200edb/datanode-2/data/ratis/044fd0c1-3ca6-4c13-a3f0-e5ed58ed9da3 for RaftStorage:Storage Directory /workdir/hadoop-ozone/ozonefs/target/test-dir/MiniOzoneClusterImpl-339f3dc1-3cc0-483d-bcb7-0cbf2f200edb/datanode-2/data/ratis/044fd0c1-3ca6-4c13-a3f0-e5ed58ed9da3
2019-09-19 14:31:07,774 [pool-633-thread-1] INFO  server.RaftServerConfigKeys (ConfUtils.java:logGet(43)) - raft.server.log.queue.byte-limit = 2147483647 (custom)
2019-09-19 14:31:07,774 [pool-633-thread-1] INFO  server.RaftServerConfigKeys (ConfUtils.java:logGet(43)) - raft.server.log.queue.element-limit = 1024 (custom)
2019-09-19 14:31:07,774 [pool-633-thread-1] INFO  server.RaftServerConfigKeys (ConfUtils.java:logGet(43)) - raft.server.log.segment.size.max = 1048576 (custom)
2019-09-19 14:31:07,774 [pool-633-thread-1] INFO  server.RaftServerConfigKeys (ConfUtils.java:logGet(43)) - raft.server.log.preallocated.size = 16384 (custom)
2019-09-19 14:31:07,774 [pool-633-thread-1] INFO  server.RaftServerConfigKeys (ConfUtils.java:logGet(43)) - raft.server.log.write.buffer.size = 33554432 (custom)
2019-09-19 14:31:07,775 [pool-633-thread-1] INFO  server.RaftServerConfigKeys (ConfUtils.java:logGet(43)) - raft.server.log.force.sync.num = 128 (default)
2019-09-19 14:31:07,775 [pool-633-thread-1] INFO  server.RaftServerConfigKeys (ConfUtils.java:logGet(43)) - raft.server.log.statemachine.data.sync = true (default)
2019-09-19 14:31:07,775 [pool-633-thread-1] INFO  server.RaftServerConfigKeys (ConfUtils.java:logGet(43)) - raft.server.log.statemachine.data.sync.timeout = 10s (default)
2019-09-19 14:31:07,775 [pool-633-thread-1] INFO  server.RaftServerConfigKeys (ConfUtils.java:logGet(43)) - raft.server.log.statemachine.data.sync.timeout.retry = -1 (default)
2019-09-19 14:31:07,775 [pool-633-thread-1] INFO  server.RaftServerConfigKeys (ConfUtils.java:logGet(43)) - raft.server.log.statemachine.data.caching.enabled = true (custom)
2019-09-19 14:31:07,775 [pool-633-thread-1] INFO  segmented.SegmentedRaftLogWorker (SegmentedRaftLogWorker.java:lambda$new$0(132)) - 1a966e7b-a794-43d4-8c96-8627eaac3d29-SegmentedRaftLogWorker:Storage Directory /workdir/hadoop-ozone/ozonefs/target/test-dir/MiniOzoneClusterImpl-339f3dc1-3cc0-483d-bcb7-0cbf2f200edb/datanode-2/data/ratis/044fd0c1-3ca6-4c13-a3f0-e5ed58ed9da3: flushIndex: setUnconditionally 0 -> -1
2019-09-19 14:31:07,775 [pool-633-thread-1] INFO  server.RaftServerConfigKeys (ConfUtils.java:logGet(43)) - raft.server.snapshot.auto.trigger.enabled = true (custom)
2019-09-19 14:31:07,775 [pool-633-thread-1] INFO  server.RaftServerConfigKeys (ConfUtils.java:logGet(43)) - raft.server.snapshot.auto.trigger.threshold = 10000 (custom)
2019-09-19 14:31:07,776 [pool-633-thread-1] INFO  server.RaftServerConfigKeys (ConfUtils.java:logGet(43)) - raft.server.retrycache.expirytime = 600000ms (custom)
2019-09-19 14:31:07,776 [pool-633-thread-1] INFO  impl.RaftServerImpl (RaftServerImpl.java:start(180)) - 1a966e7b-a794-43d4-8c96-8627eaac3d29: start group-E5ED58ED9DA3
2019-09-19 14:31:07,776 [pool-633-thread-1] INFO  impl.RaftServerImpl (RaftServerImpl.java:setRole(171)) - 1a966e7b-a794-43d4-8c96-8627eaac3d29:group-E5ED58ED9DA3 changes role from null to FOLLOWER at term 0 for startAsFollower
2019-09-19 14:31:07,776 [pool-633-thread-1] INFO  impl.RoleInfo (RoleInfo.java:updateAndGet(143)) - 1a966e7b-a794-43d4-8c96-8627eaac3d29: start FollowerState
2019-09-19 14:31:07,776 [pool-633-thread-1] INFO  util.JmxRegister (JmxRegister.java:tryRegister(44)) - Successfully registered JMX Bean with object name Ratis:service=RaftServer,group=group-E5ED58ED9DA3,id=1a966e7b-a794-43d4-8c96-8627eaac3d29
2019-09-19 14:31:07,778 [RatisPipelineUtilsThread] INFO  pipeline.PipelineStateManager (PipelineStateManager.java:addPipeline(56)) - Created pipeline Pipeline[ Id: 044fd0c1-3ca6-4c13-a3f0-e5ed58ed9da3, Nodes: 1a966e7b-a794-43d4-8c96-8627eaac3d29{ip: 192.168.5.132, host: pr-hdds-1569-rzdr8-3403194166, networkLocation: /default-rack, certSerialId: null}, Type:RATIS, Factor:ONE, State:OPEN]
2019-09-19 14:31:07,779 [RatisPipelineUtilsThread] ERROR pipeline.PipelinePlacementPolicy (PipelinePlacementPolicy.java:meetCriteria(91)) - Pipeline Placement: Doesn't meet the criteria to be viable node. Heaviness: 6
2019-09-19 14:31:07,779 [RatisPipelineUtilsThread] ERROR pipeline.PipelinePlacementPolicy (PipelinePlacementPolicy.java:meetCriteria(91)) - Pipeline Placement: Doesn't meet the criteria to be viable node. Heaviness: 6
2019-09-19 14:31:07,782 [grpc-default-executor-0] INFO  impl.RaftServerProxy (RaftServerProxy.java:addNew(89)) - c326554a-81dd-4dc5-99d3-f252989fbe27: addNew group-68F114608327:[c326554a-81dd-4dc5-99d3-f252989fbe27:192.168.5.132:43619] returns group-68F114608327:java.util.concurrent.CompletableFuture@2c85a212[Not completed]
2019-09-19 14:31:07,783 [pool-622-thread-1] INFO  impl.RaftServerImpl (RaftServerImpl.java:<init>(93)) - c326554a-81dd-4dc5-99d3-f252989fbe27: new RaftServerImpl for group-68F114608327:[c326554a-81dd-4dc5-99d3-f252989fbe27:192.168.5.132:43619] with ContainerStateMachine:uninitialized
2019-09-19 14:31:07,784 [pool-622-thread-1] INFO  server.RaftServerConfigKeys (ConfUtils.java:logGet(43)) - raft.server.rpc.timeout.min = 5s (custom)
2019-09-19 14:31:07,784 [pool-622-thread-1] INFO  server.RaftServerConfigKeys (ConfUtils.java:logGet(43)) - raft.server.rpc.timeout.max = 5200ms (custom)
2019-09-19 14:31:07,784 [pool-622-thread-1] INFO  server.RaftServerConfigKeys (ConfUtils.java:logGet(43)) - raft.server.rpcslowness.timeout = 120s (custom)
2019-09-19 14:31:07,784 [pool-622-thread-1] INFO  server.RaftServerConfigKeys (ConfUtils.java:logGet(43)) - raft.server.sleep.deviation.threshold = 300 (default)
2019-09-19 14:31:07,784 [pool-622-thread-1] INFO  server.RaftServerConfigKeys (ConfUtils.java:logGet(43)) - raft.server.log.appender.install.snapshot.enabled = false (custom)
2019-09-19 14:31:07,784 [pool-622-thread-1] INFO  impl.RaftServerImpl (ServerState.java:<init>(105)) - c326554a-81dd-4dc5-99d3-f252989fbe27:group-68F114608327 ConfigurationManager, init=-1: [c326554a-81dd-4dc5-99d3-f252989fbe27:192.168.5.132:43619], old=null, confs=<EMPTY_MAP>
2019-09-19 14:31:07,784 [pool-622-thread-1] INFO  server.RaftServerConfigKeys (ConfUtils.java:logGet(43)) - raft.server.storage.dir = [/workdir/hadoop-ozone/ozonefs/target/test-dir/MiniOzoneClusterImpl-339f3dc1-3cc0-483d-bcb7-0cbf2f200edb/datanode-1/data/ratis] (custom)
2019-09-19 14:31:07,785 [pool-622-thread-1] INFO  storage.RaftStorageDirectory (RaftStorageDirectory.java:analyzeStorage(246)) - The storage directory /workdir/hadoop-ozone/ozonefs/target/test-dir/MiniOzoneClusterImpl-339f3dc1-3cc0-483d-bcb7-0cbf2f200edb/datanode-1/data/ratis/aceddb47-5257-45b6-add6-68f114608327 does not exist. Creating ...
2019-09-19 14:31:07,801 [pool-622-thread-1] INFO  storage.RaftStorageDirectory (RaftStorageDirectory.java:tryLock(328)) - Lock on /workdir/hadoop-ozone/ozonefs/target/test-dir/MiniOzoneClusterImpl-339f3dc1-3cc0-483d-bcb7-0cbf2f200edb/datanode-1/data/ratis/aceddb47-5257-45b6-add6-68f114608327/in_use.lock acquired by nodename 7619@pr-hdds-1569-rzdr8-3403194166
2019-09-19 14:31:07,842 [pool-622-thread-1] INFO  storage.RaftStorage (RaftStorage.java:format(72)) - Storage directory /workdir/hadoop-ozone/ozonefs/target/test-dir/MiniOzoneClusterImpl-339f3dc1-3cc0-483d-bcb7-0cbf2f200edb/datanode-1/data/ratis/aceddb47-5257-45b6-add6-68f114608327 has been successfully formatted.
2019-09-19 14:31:07,842 [pool-622-thread-1] INFO  ratis.ContainerStateMachine (ContainerStateMachine.java:loadSnapshot(226)) - group-68F114608327: The snapshot info is null. Setting the last applied indexto:(t:0, i:~)
2019-09-19 14:31:07,843 [pool-622-thread-1] INFO  server.RaftServerConfigKeys (ConfUtils.java:logGet(43)) - raft.server.leader.election.timeout = 120s (custom)
2019-09-19 14:31:07,843 [pool-622-thread-1] INFO  server.RaftServerConfigKeys (ConfUtils.java:logGet(43)) - raft.server.log.use.memory = false (default)
2019-09-19 14:31:07,843 [pool-622-thread-1] INFO  server.RaftServerConfigKeys (ConfUtils.java:logGet(43)) - raft.server.log.purge.gap = 1000000 (custom)
2019-09-19 14:31:07,843 [pool-622-thread-1] INFO  server.RaftServerConfigKeys (ConfUtils.java:logGet(43)) - raft.server.log.appender.buffer.byte-limit = 33554432 (custom)
2019-09-19 14:31:07,843 [pool-622-thread-1] INFO  server.RaftServerConfigKeys (ConfUtils.java:logGet(43)) - raft.server.log.segment.size.max = 1048576 (custom)
2019-09-19 14:31:07,843 [pool-622-thread-1] INFO  server.RaftServerConfigKeys (ConfUtils.java:logGet(43)) - raft.server.log.segment.cache.num.max = 2 (custom)
2019-09-19 14:31:07,844 [pool-622-thread-1] INFO  segmented.SegmentedRaftLogWorker (SegmentedRaftLogWorker.java:<init>(172)) - new c326554a-81dd-4dc5-99d3-f252989fbe27-SegmentedRaftLogWorker:Storage Directory /workdir/hadoop-ozone/ozonefs/target/test-dir/MiniOzoneClusterImpl-339f3dc1-3cc0-483d-bcb7-0cbf2f200edb/datanode-1/data/ratis/aceddb47-5257-45b6-add6-68f114608327 for RaftStorage:Storage Directory /workdir/hadoop-ozone/ozonefs/target/test-dir/MiniOzoneClusterImpl-339f3dc1-3cc0-483d-bcb7-0cbf2f200edb/datanode-1/data/ratis/aceddb47-5257-45b6-add6-68f114608327
2019-09-19 14:31:07,844 [pool-622-thread-1] INFO  server.RaftServerConfigKeys (ConfUtils.java:logGet(43)) - raft.server.log.queue.byte-limit = 2147483647 (custom)
2019-09-19 14:31:07,844 [pool-622-thread-1] INFO  server.RaftServerConfigKeys (ConfUtils.java:logGet(43)) - raft.server.log.queue.element-limit = 1024 (custom)
2019-09-19 14:31:07,844 [pool-622-thread-1] INFO  server.RaftServerConfigKeys (ConfUtils.java:logGet(43)) - raft.server.log.segment.size.max = 1048576 (custom)
2019-09-19 14:31:07,844 [pool-622-thread-1] INFO  server.RaftServerConfigKeys (ConfUtils.java:logGet(43)) - raft.server.log.preallocated.size = 16384 (custom)
2019-09-19 14:31:07,845 [pool-622-thread-1] INFO  server.RaftServerConfigKeys (ConfUtils.java:logGet(43)) - raft.server.log.write.buffer.size = 33554432 (custom)
2019-09-19 14:31:07,845 [pool-622-thread-1] INFO  server.RaftServerConfigKeys (ConfUtils.java:logGet(43)) - raft.server.log.force.sync.num = 128 (default)
2019-09-19 14:31:07,845 [pool-622-thread-1] INFO  server.RaftServerConfigKeys (ConfUtils.java:logGet(43)) - raft.server.log.statemachine.data.sync = true (default)
2019-09-19 14:31:07,845 [pool-622-thread-1] INFO  server.RaftServerConfigKeys (ConfUtils.java:logGet(43)) - raft.server.log.statemachine.data.sync.timeout = 10s (default)
2019-09-19 14:31:07,845 [pool-622-thread-1] INFO  server.RaftServerConfigKeys (ConfUtils.java:logGet(43)) - raft.server.log.statemachine.data.sync.timeout.retry = -1 (default)
2019-09-19 14:31:07,846 [pool-622-thread-1] INFO  server.RaftServerConfigKeys (ConfUtils.java:logGet(43)) - raft.server.log.statemachine.data.caching.enabled = true (custom)
2019-09-19 14:31:07,846 [pool-622-thread-1] INFO  segmented.SegmentedRaftLogWorker (SegmentedRaftLogWorker.java:lambda$new$0(132)) - c326554a-81dd-4dc5-99d3-f252989fbe27-SegmentedRaftLogWorker:Storage Directory /workdir/hadoop-ozone/ozonefs/target/test-dir/MiniOzoneClusterImpl-339f3dc1-3cc0-483d-bcb7-0cbf2f200edb/datanode-1/data/ratis/aceddb47-5257-45b6-add6-68f114608327: flushIndex: setUnconditionally 0 -> -1
2019-09-19 14:31:07,847 [pool-622-thread-1] INFO  server.RaftServerConfigKeys (ConfUtils.java:logGet(43)) - raft.server.snapshot.auto.trigger.enabled = true (custom)
2019-09-19 14:31:07,847 [pool-622-thread-1] INFO  server.RaftServerConfigKeys (ConfUtils.java:logGet(43)) - raft.server.snapshot.auto.trigger.threshold = 10000 (custom)
2019-09-19 14:31:07,847 [pool-622-thread-1] INFO  server.RaftServerConfigKeys (ConfUtils.java:logGet(43)) - raft.server.retrycache.expirytime = 600000ms (custom)
2019-09-19 14:31:07,847 [pool-622-thread-1] INFO  impl.RaftServerImpl (RaftServerImpl.java:start(180)) - c326554a-81dd-4dc5-99d3-f252989fbe27: start group-68F114608327
2019-09-19 14:31:07,847 [pool-622-thread-1] INFO  impl.RaftServerImpl (RaftServerImpl.java:setRole(171)) - c326554a-81dd-4dc5-99d3-f252989fbe27:group-68F114608327 changes role from null to FOLLOWER at term 0 for startAsFollower
2019-09-19 14:31:07,847 [pool-622-thread-1] INFO  impl.RoleInfo (RoleInfo.java:updateAndGet(143)) - c326554a-81dd-4dc5-99d3-f252989fbe27: start FollowerState
2019-09-19 14:31:07,848 [pool-622-thread-1] INFO  util.JmxRegister (JmxRegister.java:tryRegister(44)) - Successfully registered JMX Bean with object name Ratis:service=RaftServer,group=group-68F114608327,id=c326554a-81dd-4dc5-99d3-f252989fbe27
2019-09-19 14:31:07,850 [RatisPipelineUtilsThread] INFO  pipeline.PipelineStateManager (PipelineStateManager.java:addPipeline(56)) - Created pipeline Pipeline[ Id: aceddb47-5257-45b6-add6-68f114608327, Nodes: c326554a-81dd-4dc5-99d3-f252989fbe27{ip: 192.168.5.132, host: pr-hdds-1569-rzdr8-3403194166, networkLocation: /default-rack, certSerialId: null}, Type:RATIS, Factor:ONE, State:OPEN]
2019-09-19 14:31:07,851 [RatisPipelineUtilsThread] ERROR pipeline.PipelinePlacementPolicy (PipelinePlacementPolicy.java:meetCriteria(91)) - Pipeline Placement: Doesn't meet the criteria to be viable node. Heaviness: 6
2019-09-19 14:31:07,851 [RatisPipelineUtilsThread] ERROR pipeline.PipelinePlacementPolicy (PipelinePlacementPolicy.java:meetCriteria(91)) - Pipeline Placement: Doesn't meet the criteria to be viable node. Heaviness: 6
2019-09-19 14:31:07,856 [grpc-default-executor-0] INFO  impl.RaftServerProxy (RaftServerProxy.java:addNew(89)) - c326554a-81dd-4dc5-99d3-f252989fbe27: addNew group-C50D8DC1D39D:[c326554a-81dd-4dc5-99d3-f252989fbe27:192.168.5.132:43619] returns group-C50D8DC1D39D:java.util.concurrent.CompletableFuture@47ab7f59[Not completed]
2019-09-19 14:31:07,857 [pool-622-thread-1] INFO  impl.RaftServerImpl (RaftServerImpl.java:<init>(93)) - c326554a-81dd-4dc5-99d3-f252989fbe27: new RaftServerImpl for group-C50D8DC1D39D:[c326554a-81dd-4dc5-99d3-f252989fbe27:192.168.5.132:43619] with ContainerStateMachine:uninitialized
2019-09-19 14:31:07,857 [pool-622-thread-1] INFO  server.RaftServerConfigKeys (ConfUtils.java:logGet(43)) - raft.server.rpc.timeout.min = 5s (custom)
2019-09-19 14:31:07,857 [pool-622-thread-1] INFO  server.RaftServerConfigKeys (ConfUtils.java:logGet(43)) - raft.server.rpc.timeout.max = 5200ms (custom)
2019-09-19 14:31:07,857 [pool-622-thread-1] INFO  server.RaftServerConfigKeys (ConfUtils.java:logGet(43)) - raft.server.rpcslowness.timeout = 120s (custom)
2019-09-19 14:31:07,857 [pool-622-thread-1] INFO  server.RaftServerConfigKeys (ConfUtils.java:logGet(43)) - raft.server.sleep.deviation.threshold = 300 (default)
2019-09-19 14:31:07,857 [pool-622-thread-1] INFO  server.RaftServerConfigKeys (ConfUtils.java:logGet(43)) - raft.server.log.appender.install.snapshot.enabled = false (custom)
2019-09-19 14:31:07,858 [pool-622-thread-1] INFO  impl.RaftServerImpl (ServerState.java:<init>(105)) - c326554a-81dd-4dc5-99d3-f252989fbe27:group-C50D8DC1D39D ConfigurationManager, init=-1: [c326554a-81dd-4dc5-99d3-f252989fbe27:192.168.5.132:43619], old=null, confs=<EMPTY_MAP>
2019-09-19 14:31:07,858 [pool-622-thread-1] INFO  server.RaftServerConfigKeys (ConfUtils.java:logGet(43)) - raft.server.storage.dir = [/workdir/hadoop-ozone/ozonefs/target/test-dir/MiniOzoneClusterImpl-339f3dc1-3cc0-483d-bcb7-0cbf2f200edb/datanode-1/data/ratis] (custom)
2019-09-19 14:31:07,858 [pool-622-thread-1] INFO  storage.RaftStorageDirectory (RaftStorageDirectory.java:analyzeStorage(246)) - The storage directory /workdir/hadoop-ozone/ozonefs/target/test-dir/MiniOzoneClusterImpl-339f3dc1-3cc0-483d-bcb7-0cbf2f200edb/datanode-1/data/ratis/887a133e-267a-4561-ae34-c50d8dc1d39d does not exist. Creating ...
2019-09-19 14:31:07,875 [pool-622-thread-1] INFO  storage.RaftStorageDirectory (RaftStorageDirectory.java:tryLock(328)) - Lock on /workdir/hadoop-ozone/ozonefs/target/test-dir/MiniOzoneClusterImpl-339f3dc1-3cc0-483d-bcb7-0cbf2f200edb/datanode-1/data/ratis/887a133e-267a-4561-ae34-c50d8dc1d39d/in_use.lock acquired by nodename 7619@pr-hdds-1569-rzdr8-3403194166
2019-09-19 14:31:07,899 [pool-622-thread-1] INFO  storage.RaftStorage (RaftStorage.java:format(72)) - Storage directory /workdir/hadoop-ozone/ozonefs/target/test-dir/MiniOzoneClusterImpl-339f3dc1-3cc0-483d-bcb7-0cbf2f200edb/datanode-1/data/ratis/887a133e-267a-4561-ae34-c50d8dc1d39d has been successfully formatted.
2019-09-19 14:31:07,899 [pool-622-thread-1] INFO  ratis.ContainerStateMachine (ContainerStateMachine.java:loadSnapshot(226)) - group-C50D8DC1D39D: The snapshot info is null. Setting the last applied indexto:(t:0, i:~)
2019-09-19 14:31:07,899 [pool-622-thread-1] INFO  server.RaftServerConfigKeys (ConfUtils.java:logGet(43)) - raft.server.leader.election.timeout = 120s (custom)
2019-09-19 14:31:07,899 [pool-622-thread-1] INFO  server.RaftServerConfigKeys (ConfUtils.java:logGet(43)) - raft.server.log.use.memory = false (default)
2019-09-19 14:31:07,900 [pool-622-thread-1] INFO  server.RaftServerConfigKeys (ConfUtils.java:logGet(43)) - raft.server.log.purge.gap = 1000000 (custom)
2019-09-19 14:31:07,900 [pool-622-thread-1] INFO  server.RaftServerConfigKeys (ConfUtils.java:logGet(43)) - raft.server.log.appender.buffer.byte-limit = 33554432 (custom)
2019-09-19 14:31:07,900 [pool-622-thread-1] INFO  server.RaftServerConfigKeys (ConfUtils.java:logGet(43)) - raft.server.log.segment.size.max = 1048576 (custom)
2019-09-19 14:31:07,900 [pool-622-thread-1] INFO  server.RaftServerConfigKeys (ConfUtils.java:logGet(43)) - raft.server.log.segment.cache.num.max = 2 (custom)
2019-09-19 14:31:07,900 [pool-622-thread-1] INFO  segmented.SegmentedRaftLogWorker (SegmentedRaftLogWorker.java:<init>(172)) - new c326554a-81dd-4dc5-99d3-f252989fbe27-SegmentedRaftLogWorker:Storage Directory /workdir/hadoop-ozone/ozonefs/target/test-dir/MiniOzoneClusterImpl-339f3dc1-3cc0-483d-bcb7-0cbf2f200edb/datanode-1/data/ratis/887a133e-267a-4561-ae34-c50d8dc1d39d for RaftStorage:Storage Directory /workdir/hadoop-ozone/ozonefs/target/test-dir/MiniOzoneClusterImpl-339f3dc1-3cc0-483d-bcb7-0cbf2f200edb/datanode-1/data/ratis/887a133e-267a-4561-ae34-c50d8dc1d39d
2019-09-19 14:31:07,900 [pool-622-thread-1] INFO  server.RaftServerConfigKeys (ConfUtils.java:logGet(43)) - raft.server.log.queue.byte-limit = 2147483647 (custom)
2019-09-19 14:31:07,900 [pool-622-thread-1] INFO  server.RaftServerConfigKeys (ConfUtils.java:logGet(43)) - raft.server.log.queue.element-limit = 1024 (custom)
2019-09-19 14:31:07,901 [pool-622-thread-1] INFO  server.RaftServerConfigKeys (ConfUtils.java:logGet(43)) - raft.server.log.segment.size.max = 1048576 (custom)
2019-09-19 14:31:07,901 [pool-622-thread-1] INFO  server.RaftServerConfigKeys (ConfUtils.java:logGet(43)) - raft.server.log.preallocated.size = 16384 (custom)
2019-09-19 14:31:07,901 [pool-622-thread-1] INFO  server.RaftServerConfigKeys (ConfUtils.java:logGet(43)) - raft.server.log.write.buffer.size = 33554432 (custom)
2019-09-19 14:31:07,901 [pool-622-thread-1] INFO  server.RaftServerConfigKeys (ConfUtils.java:logGet(43)) - raft.server.log.force.sync.num = 128 (default)
2019-09-19 14:31:07,901 [pool-622-thread-1] INFO  server.RaftServerConfigKeys (ConfUtils.java:logGet(43)) - raft.server.log.statemachine.data.sync = true (default)
2019-09-19 14:31:07,901 [pool-622-thread-1] INFO  server.RaftServerConfigKeys (ConfUtils.java:logGet(43)) - raft.server.log.statemachine.data.sync.timeout = 10s (default)
2019-09-19 14:31:07,901 [pool-622-thread-1] INFO  server.RaftServerConfigKeys (ConfUtils.java:logGet(43)) - raft.server.log.statemachine.data.sync.timeout.retry = -1 (default)
2019-09-19 14:31:07,902 [pool-622-thread-1] INFO  server.RaftServerConfigKeys (ConfUtils.java:logGet(43)) - raft.server.log.statemachine.data.caching.enabled = true (custom)
2019-09-19 14:31:07,902 [pool-622-thread-1] INFO  segmented.SegmentedRaftLogWorker (SegmentedRaftLogWorker.java:lambda$new$0(132)) - c326554a-81dd-4dc5-99d3-f252989fbe27-SegmentedRaftLogWorker:Storage Directory /workdir/hadoop-ozone/ozonefs/target/test-dir/MiniOzoneClusterImpl-339f3dc1-3cc0-483d-bcb7-0cbf2f200edb/datanode-1/data/ratis/887a133e-267a-4561-ae34-c50d8dc1d39d: flushIndex: setUnconditionally 0 -> -1
2019-09-19 14:31:07,902 [pool-622-thread-1] INFO  server.RaftServerConfigKeys (ConfUtils.java:logGet(43)) - raft.server.snapshot.auto.trigger.enabled = true (custom)
2019-09-19 14:31:07,902 [pool-622-thread-1] INFO  server.RaftServerConfigKeys (ConfUtils.java:logGet(43)) - raft.server.snapshot.auto.trigger.threshold = 10000 (custom)
2019-09-19 14:31:07,903 [pool-622-thread-1] INFO  server.RaftServerConfigKeys (ConfUtils.java:logGet(43)) - raft.server.retrycache.expirytime = 600000ms (custom)
2019-09-19 14:31:07,903 [pool-622-thread-1] INFO  impl.RaftServerImpl (RaftServerImpl.java:start(180)) - c326554a-81dd-4dc5-99d3-f252989fbe27: start group-C50D8DC1D39D
2019-09-19 14:31:07,903 [pool-622-thread-1] INFO  impl.RaftServerImpl (RaftServerImpl.java:setRole(171)) - c326554a-81dd-4dc5-99d3-f252989fbe27:group-C50D8DC1D39D changes role from null to FOLLOWER at term 0 for startAsFollower
2019-09-19 14:31:07,903 [pool-622-thread-1] INFO  impl.RoleInfo (RoleInfo.java:updateAndGet(143)) - c326554a-81dd-4dc5-99d3-f252989fbe27: start FollowerState
2019-09-19 14:31:07,903 [pool-622-thread-1] INFO  util.JmxRegister (JmxRegister.java:tryRegister(44)) - Successfully registered JMX Bean with object name Ratis:service=RaftServer,group=group-C50D8DC1D39D,id=c326554a-81dd-4dc5-99d3-f252989fbe27
2019-09-19 14:31:07,906 [RatisPipelineUtilsThread] INFO  pipeline.PipelineStateManager (PipelineStateManager.java:addPipeline(56)) - Created pipeline Pipeline[ Id: 887a133e-267a-4561-ae34-c50d8dc1d39d, Nodes: c326554a-81dd-4dc5-99d3-f252989fbe27{ip: 192.168.5.132, host: pr-hdds-1569-rzdr8-3403194166, networkLocation: /default-rack, certSerialId: null}, Type:RATIS, Factor:ONE, State:OPEN]
2019-09-19 14:31:07,906 [RatisPipelineUtilsThread] ERROR pipeline.PipelinePlacementPolicy (PipelinePlacementPolicy.java:meetCriteria(91)) - Pipeline Placement: Doesn't meet the criteria to be viable node. Heaviness: 6
2019-09-19 14:31:07,907 [RatisPipelineUtilsThread] ERROR pipeline.PipelinePlacementPolicy (PipelinePlacementPolicy.java:meetCriteria(91)) - Pipeline Placement: Doesn't meet the criteria to be viable node. Heaviness: 6
2019-09-19 14:31:07,911 [grpc-default-executor-0] INFO  impl.RaftServerProxy (RaftServerProxy.java:addNew(89)) - c326554a-81dd-4dc5-99d3-f252989fbe27: addNew group-576C7AC9501B:[c326554a-81dd-4dc5-99d3-f252989fbe27:192.168.5.132:43619] returns group-576C7AC9501B:java.util.concurrent.CompletableFuture@3139bd27[Not completed]
2019-09-19 14:31:07,912 [pool-622-thread-1] INFO  impl.RaftServerImpl (RaftServerImpl.java:<init>(93)) - c326554a-81dd-4dc5-99d3-f252989fbe27: new RaftServerImpl for group-576C7AC9501B:[c326554a-81dd-4dc5-99d3-f252989fbe27:192.168.5.132:43619] with ContainerStateMachine:uninitialized
2019-09-19 14:31:07,912 [pool-622-thread-1] INFO  server.RaftServerConfigKeys (ConfUtils.java:logGet(43)) - raft.server.rpc.timeout.min = 5s (custom)
2019-09-19 14:31:07,912 [pool-622-thread-1] INFO  server.RaftServerConfigKeys (ConfUtils.java:logGet(43)) - raft.server.rpc.timeout.max = 5200ms (custom)
2019-09-19 14:31:07,912 [pool-622-thread-1] INFO  server.RaftServerConfigKeys (ConfUtils.java:logGet(43)) - raft.server.rpcslowness.timeout = 120s (custom)
2019-09-19 14:31:07,912 [pool-622-thread-1] INFO  server.RaftServerConfigKeys (ConfUtils.java:logGet(43)) - raft.server.sleep.deviation.threshold = 300 (default)
2019-09-19 14:31:07,912 [pool-622-thread-1] INFO  server.RaftServerConfigKeys (ConfUtils.java:logGet(43)) - raft.server.log.appender.install.snapshot.enabled = false (custom)
2019-09-19 14:31:07,912 [pool-622-thread-1] INFO  impl.RaftServerImpl (ServerState.java:<init>(105)) - c326554a-81dd-4dc5-99d3-f252989fbe27:group-576C7AC9501B ConfigurationManager, init=-1: [c326554a-81dd-4dc5-99d3-f252989fbe27:192.168.5.132:43619], old=null, confs=<EMPTY_MAP>
2019-09-19 14:31:07,913 [pool-622-thread-1] INFO  server.RaftServerConfigKeys (ConfUtils.java:logGet(43)) - raft.server.storage.dir = [/workdir/hadoop-ozone/ozonefs/target/test-dir/MiniOzoneClusterImpl-339f3dc1-3cc0-483d-bcb7-0cbf2f200edb/datanode-1/data/ratis] (custom)
2019-09-19 14:31:07,913 [pool-622-thread-1] INFO  storage.RaftStorageDirectory (RaftStorageDirectory.java:analyzeStorage(246)) - The storage directory /workdir/hadoop-ozone/ozonefs/target/test-dir/MiniOzoneClusterImpl-339f3dc1-3cc0-483d-bcb7-0cbf2f200edb/datanode-1/data/ratis/6062d964-efe2-4b93-9951-576c7ac9501b does not exist. Creating ...
2019-09-19 14:31:07,936 [pool-622-thread-1] INFO  storage.RaftStorageDirectory (RaftStorageDirectory.java:tryLock(328)) - Lock on /workdir/hadoop-ozone/ozonefs/target/test-dir/MiniOzoneClusterImpl-339f3dc1-3cc0-483d-bcb7-0cbf2f200edb/datanode-1/data/ratis/6062d964-efe2-4b93-9951-576c7ac9501b/in_use.lock acquired by nodename 7619@pr-hdds-1569-rzdr8-3403194166
2019-09-19 14:31:07,958 [pool-622-thread-1] INFO  storage.RaftStorage (RaftStorage.java:format(72)) - Storage directory /workdir/hadoop-ozone/ozonefs/target/test-dir/MiniOzoneClusterImpl-339f3dc1-3cc0-483d-bcb7-0cbf2f200edb/datanode-1/data/ratis/6062d964-efe2-4b93-9951-576c7ac9501b has been successfully formatted.
2019-09-19 14:31:07,959 [pool-622-thread-1] INFO  ratis.ContainerStateMachine (ContainerStateMachine.java:loadSnapshot(226)) - group-576C7AC9501B: The snapshot info is null. Setting the last applied indexto:(t:0, i:~)
2019-09-19 14:31:07,959 [pool-622-thread-1] INFO  server.RaftServerConfigKeys (ConfUtils.java:logGet(43)) - raft.server.leader.election.timeout = 120s (custom)
2019-09-19 14:31:07,959 [pool-622-thread-1] INFO  server.RaftServerConfigKeys (ConfUtils.java:logGet(43)) - raft.server.log.use.memory = false (default)
2019-09-19 14:31:07,959 [pool-622-thread-1] INFO  server.RaftServerConfigKeys (ConfUtils.java:logGet(43)) - raft.server.log.purge.gap = 1000000 (custom)
2019-09-19 14:31:07,959 [pool-622-thread-1] INFO  server.RaftServerConfigKeys (ConfUtils.java:logGet(43)) - raft.server.log.appender.buffer.byte-limit = 33554432 (custom)
2019-09-19 14:31:07,959 [pool-622-thread-1] INFO  server.RaftServerConfigKeys (ConfUtils.java:logGet(43)) - raft.server.log.segment.size.max = 1048576 (custom)
2019-09-19 14:31:07,959 [pool-622-thread-1] INFO  server.RaftServerConfigKeys (ConfUtils.java:logGet(43)) - raft.server.log.segment.cache.num.max = 2 (custom)
2019-09-19 14:31:07,960 [pool-622-thread-1] INFO  segmented.SegmentedRaftLogWorker (SegmentedRaftLogWorker.java:<init>(172)) - new c326554a-81dd-4dc5-99d3-f252989fbe27-SegmentedRaftLogWorker:Storage Directory /workdir/hadoop-ozone/ozonefs/target/test-dir/MiniOzoneClusterImpl-339f3dc1-3cc0-483d-bcb7-0cbf2f200edb/datanode-1/data/ratis/6062d964-efe2-4b93-9951-576c7ac9501b for RaftStorage:Storage Directory /workdir/hadoop-ozone/ozonefs/target/test-dir/MiniOzoneClusterImpl-339f3dc1-3cc0-483d-bcb7-0cbf2f200edb/datanode-1/data/ratis/6062d964-efe2-4b93-9951-576c7ac9501b
2019-09-19 14:31:07,960 [pool-622-thread-1] INFO  server.RaftServerConfigKeys (ConfUtils.java:logGet(43)) - raft.server.log.queue.byte-limit = 2147483647 (custom)
2019-09-19 14:31:07,960 [pool-622-thread-1] INFO  server.RaftServerConfigKeys (ConfUtils.java:logGet(43)) - raft.server.log.queue.element-limit = 1024 (custom)
2019-09-19 14:31:07,960 [pool-622-thread-1] INFO  server.RaftServerConfigKeys (ConfUtils.java:logGet(43)) - raft.server.log.segment.size.max = 1048576 (custom)
2019-09-19 14:31:07,960 [pool-622-thread-1] INFO  server.RaftServerConfigKeys (ConfUtils.java:logGet(43)) - raft.server.log.preallocated.size = 16384 (custom)
2019-09-19 14:31:07,960 [pool-622-thread-1] INFO  server.RaftServerConfigKeys (ConfUtils.java:logGet(43)) - raft.server.log.write.buffer.size = 33554432 (custom)
2019-09-19 14:31:07,960 [pool-622-thread-1] INFO  server.RaftServerConfigKeys (ConfUtils.java:logGet(43)) - raft.server.log.force.sync.num = 128 (default)
2019-09-19 14:31:07,960 [pool-622-thread-1] INFO  server.RaftServerConfigKeys (ConfUtils.java:logGet(43)) - raft.server.log.statemachine.data.sync = true (default)
2019-09-19 14:31:07,960 [pool-622-thread-1] INFO  server.RaftServerConfigKeys (ConfUtils.java:logGet(43)) - raft.server.log.statemachine.data.sync.timeout = 10s (default)
2019-09-19 14:31:07,961 [pool-622-thread-1] INFO  server.RaftServerConfigKeys (ConfUtils.java:logGet(43)) - raft.server.log.statemachine.data.sync.timeout.retry = -1 (default)
2019-09-19 14:31:07,961 [pool-622-thread-1] INFO  server.RaftServerConfigKeys (ConfUtils.java:logGet(43)) - raft.server.log.statemachine.data.caching.enabled = true (custom)
2019-09-19 14:31:07,961 [pool-622-thread-1] INFO  segmented.SegmentedRaftLogWorker (SegmentedRaftLogWorker.java:lambda$new$0(132)) - c326554a-81dd-4dc5-99d3-f252989fbe27-SegmentedRaftLogWorker:Storage Directory /workdir/hadoop-ozone/ozonefs/target/test-dir/MiniOzoneClusterImpl-339f3dc1-3cc0-483d-bcb7-0cbf2f200edb/datanode-1/data/ratis/6062d964-efe2-4b93-9951-576c7ac9501b: flushIndex: setUnconditionally 0 -> -1
2019-09-19 14:31:07,961 [pool-622-thread-1] INFO  server.RaftServerConfigKeys (ConfUtils.java:logGet(43)) - raft.server.snapshot.auto.trigger.enabled = true (custom)
2019-09-19 14:31:07,961 [pool-622-thread-1] INFO  server.RaftServerConfigKeys (ConfUtils.java:logGet(43)) - raft.server.snapshot.auto.trigger.threshold = 10000 (custom)
2019-09-19 14:31:07,961 [pool-622-thread-1] INFO  server.RaftServerConfigKeys (ConfUtils.java:logGet(43)) - raft.server.retrycache.expirytime = 600000ms (custom)
2019-09-19 14:31:07,962 [pool-622-thread-1] INFO  impl.RaftServerImpl (RaftServerImpl.java:start(180)) - c326554a-81dd-4dc5-99d3-f252989fbe27: start group-576C7AC9501B
2019-09-19 14:31:07,962 [pool-622-thread-1] INFO  impl.RaftServerImpl (RaftServerImpl.java:setRole(171)) - c326554a-81dd-4dc5-99d3-f252989fbe27:group-576C7AC9501B changes role from null to FOLLOWER at term 0 for startAsFollower
2019-09-19 14:31:07,962 [pool-622-thread-1] INFO  impl.RoleInfo (RoleInfo.java:updateAndGet(143)) - c326554a-81dd-4dc5-99d3-f252989fbe27: start FollowerState
2019-09-19 14:31:07,962 [pool-622-thread-1] INFO  util.JmxRegister (JmxRegister.java:tryRegister(44)) - Successfully registered JMX Bean with object name Ratis:service=RaftServer,group=group-576C7AC9501B,id=c326554a-81dd-4dc5-99d3-f252989fbe27
2019-09-19 14:31:07,965 [RatisPipelineUtilsThread] INFO  pipeline.PipelineStateManager (PipelineStateManager.java:addPipeline(56)) - Created pipeline Pipeline[ Id: 6062d964-efe2-4b93-9951-576c7ac9501b, Nodes: c326554a-81dd-4dc5-99d3-f252989fbe27{ip: 192.168.5.132, host: pr-hdds-1569-rzdr8-3403194166, networkLocation: /default-rack, certSerialId: null}, Type:RATIS, Factor:ONE, State:OPEN]
2019-09-19 14:31:07,965 [RatisPipelineUtilsThread] ERROR pipeline.PipelinePlacementPolicy (PipelinePlacementPolicy.java:meetCriteria(91)) - Pipeline Placement: Doesn't meet the criteria to be viable node. Heaviness: 6
2019-09-19 14:31:07,965 [RatisPipelineUtilsThread] ERROR pipeline.PipelinePlacementPolicy (PipelinePlacementPolicy.java:meetCriteria(91)) - Pipeline Placement: Doesn't meet the criteria to be viable node. Heaviness: 6
2019-09-19 14:31:07,965 [RatisPipelineUtilsThread] ERROR pipeline.PipelinePlacementPolicy (PipelinePlacementPolicy.java:meetCriteria(91)) - Pipeline Placement: Doesn't meet the criteria to be viable node. Heaviness: 6
2019-09-19 14:31:07,966 [RatisPipelineUtilsThread] ERROR pipeline.PipelinePlacementPolicy (PipelinePlacementPolicy.java:filterViableNodes(146)) - Unable to find enough nodes that meet the criteria that cannot engage in more than 5 pipelines. Nodes required: 1 Found: 0, healthy nodes count inNodeManager: 3.
2019-09-19 14:31:07,966 [RatisPipelineUtilsThread] ERROR pipeline.SCMPipelineManager (SCMPipelineManager.java:createPipeline(161)) - Pipeline creation failed due to exception: Unable to find enough nodes that meet the criteria that cannot engage in more than 5 pipelines. Nodes required: 1 Found: 0, healthy nodes count inNodeManager: 3.
2019-09-19 14:31:07,966 [RatisPipelineUtilsThread] ERROR pipeline.PipelinePlacementPolicy (PipelinePlacementPolicy.java:meetCriteria(91)) - Pipeline Placement: Doesn't meet the criteria to be viable node. Heaviness: 6
2019-09-19 14:31:07,966 [RatisPipelineUtilsThread] ERROR pipeline.PipelinePlacementPolicy (PipelinePlacementPolicy.java:meetCriteria(91)) - Pipeline Placement: Doesn't meet the criteria to be viable node. Heaviness: 6
2019-09-19 14:31:07,966 [RatisPipelineUtilsThread] ERROR pipeline.PipelinePlacementPolicy (PipelinePlacementPolicy.java:meetCriteria(91)) - Pipeline Placement: Doesn't meet the criteria to be viable node. Heaviness: 6
2019-09-19 14:31:07,966 [RatisPipelineUtilsThread] ERROR pipeline.PipelinePlacementPolicy (PipelinePlacementPolicy.java:filterViableNodes(146)) - Unable to find enough nodes that meet the criteria that cannot engage in more than 5 pipelines. Nodes required: 3 Found: 0, healthy nodes count inNodeManager: 3.
2019-09-19 14:31:07,966 [RatisPipelineUtilsThread] ERROR pipeline.SCMPipelineManager (SCMPipelineManager.java:createPipeline(161)) - Pipeline creation failed due to exception: Unable to find enough nodes that meet the criteria that cannot engage in more than 5 pipelines. Nodes required: 3 Found: 0, healthy nodes count inNodeManager: 3.
2019-09-19 14:31:07,967 [RatisPipelineUtilsThread] ERROR pipeline.PipelinePlacementPolicy (PipelinePlacementPolicy.java:meetCriteria(91)) - Pipeline Placement: Doesn't meet the criteria to be viable node. Heaviness: 6
2019-09-19 14:31:07,967 [RatisPipelineUtilsThread] ERROR pipeline.PipelinePlacementPolicy (PipelinePlacementPolicy.java:meetCriteria(91)) - Pipeline Placement: Doesn't meet the criteria to be viable node. Heaviness: 6
2019-09-19 14:31:07,967 [RatisPipelineUtilsThread] ERROR pipeline.PipelinePlacementPolicy (PipelinePlacementPolicy.java:meetCriteria(91)) - Pipeline Placement: Doesn't meet the criteria to be viable node. Heaviness: 6
2019-09-19 14:31:07,967 [RatisPipelineUtilsThread] ERROR pipeline.PipelinePlacementPolicy (PipelinePlacementPolicy.java:filterViableNodes(146)) - Unable to find enough nodes that meet the criteria that cannot engage in more than 5 pipelines. Nodes required: 1 Found: 0, healthy nodes count inNodeManager: 3.
2019-09-19 14:31:07,967 [RatisPipelineUtilsThread] ERROR pipeline.SCMPipelineManager (SCMPipelineManager.java:createPipeline(161)) - Pipeline creation failed due to exception: Unable to find enough nodes that meet the criteria that cannot engage in more than 5 pipelines. Nodes required: 1 Found: 0, healthy nodes count inNodeManager: 3.
2019-09-19 14:31:07,967 [RatisPipelineUtilsThread] ERROR pipeline.PipelinePlacementPolicy (PipelinePlacementPolicy.java:meetCriteria(91)) - Pipeline Placement: Doesn't meet the criteria to be viable node. Heaviness: 6
2019-09-19 14:31:07,967 [RatisPipelineUtilsThread] ERROR pipeline.PipelinePlacementPolicy (PipelinePlacementPolicy.java:meetCriteria(91)) - Pipeline Placement: Doesn't meet the criteria to be viable node. Heaviness: 6
2019-09-19 14:31:07,968 [RatisPipelineUtilsThread] ERROR pipeline.PipelinePlacementPolicy (PipelinePlacementPolicy.java:meetCriteria(91)) - Pipeline Placement: Doesn't meet the criteria to be viable node. Heaviness: 6
2019-09-19 14:31:07,968 [RatisPipelineUtilsThread] ERROR pipeline.PipelinePlacementPolicy (PipelinePlacementPolicy.java:filterViableNodes(146)) - Unable to find enough nodes that meet the criteria that cannot engage in more than 5 pipelines. Nodes required: 3 Found: 0, healthy nodes count inNodeManager: 3.
2019-09-19 14:31:07,968 [RatisPipelineUtilsThread] ERROR pipeline.SCMPipelineManager (SCMPipelineManager.java:createPipeline(161)) - Pipeline creation failed due to exception: Unable to find enough nodes that meet the criteria that cannot engage in more than 5 pipelines. Nodes required: 3 Found: 0, healthy nodes count inNodeManager: 3.
2019-09-19 14:31:08,578 [main] INFO  ozone.MiniOzoneClusterImpl (MiniOzoneClusterImpl.java:lambda$waitForClusterToBeReady$0(142)) - Cluster is ready. Got 3 of 3 DN Heartbeats.
2019-09-19 14:31:08,755 | INFO  | OMAudit | user=jenkins1000 | ip=127.0.0.1 | op=CREATE_VOLUME {admin=admin29969, owner=user16483, volume=volume51489, creationTime=1568903468734, quotaInBytes=1152921504606846976} | ret=SUCCESS |  
2019-09-19 14:31:08,765 | INFO  | OMAudit | user=jenkins1000 | ip=127.0.0.1 | op=CREATE_BUCKET {volume=volume51489, bucket=bucket78647, acls=[], isVersionEnabled=false, storageType=DISK, creationTime=0} | ret=SUCCESS |  
2019-09-19 14:31:08,786 | INFO  | OMAudit | user=jenkins1000 | ip=127.0.0.1 | op=READ_VOLUME {volume=volume51489} | ret=SUCCESS |  
2019-09-19 14:31:08,788 | INFO  | OMAudit | user=jenkins1000 | ip=127.0.0.1 | op=READ_BUCKET {volume=volume51489, bucket=bucket78647} | ret=SUCCESS |  
2019-09-19 14:31:08,809 [IPC Server handler 1 on 38486] ERROR pipeline.PipelinePlacementPolicy (PipelinePlacementPolicy.java:meetCriteria(91)) - Pipeline Placement: Doesn't meet the criteria to be viable node. Heaviness: 6
2019-09-19 14:31:08,809 [IPC Server handler 1 on 38486] ERROR pipeline.PipelinePlacementPolicy (PipelinePlacementPolicy.java:meetCriteria(91)) - Pipeline Placement: Doesn't meet the criteria to be viable node. Heaviness: 6
2019-09-19 14:31:08,809 [IPC Server handler 1 on 38486] ERROR pipeline.PipelinePlacementPolicy (PipelinePlacementPolicy.java:meetCriteria(91)) - Pipeline Placement: Doesn't meet the criteria to be viable node. Heaviness: 6
2019-09-19 14:31:08,810 [IPC Server handler 1 on 38486] ERROR pipeline.PipelinePlacementPolicy (PipelinePlacementPolicy.java:filterViableNodes(146)) - Unable to find enough nodes that meet the criteria that cannot engage in more than 5 pipelines. Nodes required: 3 Found: 0, healthy nodes count inNodeManager: 3.
2019-09-19 14:31:08,810 [IPC Server handler 1 on 38486] ERROR pipeline.SCMPipelineManager (SCMPipelineManager.java:createPipeline(161)) - Pipeline creation failed due to exception: Unable to find enough nodes that meet the criteria that cannot engage in more than 5 pipelines. Nodes required: 3 Found: 0, healthy nodes count inNodeManager: 3.
2019-09-19 14:31:08,810 [IPC Server handler 1 on 38486] WARN  block.BlockManagerImpl (BlockManagerImpl.java:allocateBlock(192)) - Pipeline creation failed for type:RATIS factor:THREE. Retrying get pipelines call once.
org.apache.hadoop.hdds.scm.exceptions.SCMException: Unable to find enough nodes that meet the criteria that cannot engage in more than 5 pipelines. Nodes required: 3 Found: 0, healthy nodes count inNodeManager: 3.
	at org.apache.hadoop.hdds.scm.pipeline.PipelinePlacementPolicy.filterViableNodes(PipelinePlacementPolicy.java:147)
	at org.apache.hadoop.hdds.scm.pipeline.PipelinePlacementPolicy.chooseDatanodes(PipelinePlacementPolicy.java:170)
	at org.apache.hadoop.hdds.scm.pipeline.RatisPipelineProvider.create(RatisPipelineProvider.java:92)
	at org.apache.hadoop.hdds.scm.pipeline.PipelineFactory.create(PipelineFactory.java:57)
	at org.apache.hadoop.hdds.scm.pipeline.SCMPipelineManager.createPipeline(SCMPipelineManager.java:149)
	at org.apache.hadoop.hdds.scm.block.BlockManagerImpl.allocateBlock(BlockManagerImpl.java:190)
	at org.apache.hadoop.hdds.scm.server.SCMBlockProtocolServer.allocateBlock(SCMBlockProtocolServer.java:175)
	at org.apache.hadoop.ozone.protocolPB.ScmBlockLocationProtocolServerSideTranslatorPB.allocateScmBlock(ScmBlockLocationProtocolServerSideTranslatorPB.java:153)
	at org.apache.hadoop.ozone.protocolPB.ScmBlockLocationProtocolServerSideTranslatorPB.send(ScmBlockLocationProtocolServerSideTranslatorPB.java:112)
	at org.apache.hadoop.hdds.protocol.proto.ScmBlockLocationProtocolProtos$ScmBlockLocationProtocolService$2.callBlockingMethod(ScmBlockLocationProtocolProtos.java:13157)
	at org.apache.hadoop.ipc.ProtobufRpcEngine$Server$ProtoBufRpcInvoker.call(ProtobufRpcEngine.java:524)
	at org.apache.hadoop.ipc.RPC$Server.call(RPC.java:1025)
	at org.apache.hadoop.ipc.Server$RpcCall.run(Server.java:876)
	at org.apache.hadoop.ipc.Server$RpcCall.run(Server.java:822)
	at java.security.AccessController.doPrivileged(Native Method)
	at javax.security.auth.Subject.doAs(Subject.java:422)
	at org.apache.hadoop.security.UserGroupInformation.doAs(UserGroupInformation.java:1730)
	at org.apache.hadoop.ipc.Server$Handler.run(Server.java:2682)
2019-09-19 14:31:08,811 [IPC Server handler 1 on 38486] INFO  block.BlockManagerImpl (BlockManagerImpl.java:allocateBlock(198)) - Could not find available pipeline of type:RATIS and factor:THREE even after retrying
2019-09-19 14:31:08,811 [IPC Server handler 1 on 38486] ERROR block.BlockManagerImpl (BlockManagerImpl.java:allocateBlock(222)) - Unable to allocate a block for the size: 4194304, type: RATIS, factor: THREE
2019-09-19 14:31:08,812 | INFO  | SCMAudit | user=jenkins1000 | ip=192.168.5.132 | op=ALLOCATE_BLOCK {owner=da28b98d-fc89-4e28-bbae-b46a010d1cfd, size=4194304, type=RATIS, factor=THREE} | ret=SUCCESS |  
2019-09-19 14:31:08,816 | ERROR | OMAudit | user=jenkins1000 | ip=127.0.0.1 | op=CREATE_FILE {volume=volume51489, bucket=bucket78647, key=Jq6Ws, dataSize=0, replicationType=RATIS, replicationFactor=THREE, keyLocationInfo=null} | ret=FAILURE | org.apache.hadoop.hdds.scm.exceptions.SCMException: Allocated 0 blocks. Requested 1 blocks
	at org.apache.hadoop.hdds.scm.protocolPB.ScmBlockLocationProtocolClientSideTranslatorPB.handleError(ScmBlockLocationProtocolClientSideTranslatorPB.java:118)
	at org.apache.hadoop.hdds.scm.protocolPB.ScmBlockLocationProtocolClientSideTranslatorPB.allocateBlock(ScmBlockLocationProtocolClientSideTranslatorPB.java:156) 
2019-09-19 14:31:08,821 [main] INFO  ozone.MiniOzoneClusterImpl (MiniOzoneClusterImpl.java:shutdown(321)) - Shutting down the Mini Ozone Cluster
2019-09-19 14:31:08,822 | INFO  | SCMAudit | user=null | ip=null | op=GET_SCM_INFO null | ret=SUCCESS |  
2019-09-19 14:31:08,822 [main] INFO  ozone.MiniOzoneClusterImpl (MiniOzoneClusterImpl.java:stop(336)) - Stopping the Mini Ozone Cluster
2019-09-19 14:31:08,822 [main] INFO  ozone.MiniOzoneClusterImpl (MiniOzoneClusterImpl.java:stop(338)) - Stopping the OzoneManager
2019-09-19 14:31:08,822 [main] INFO  ipc.Server (Server.java:stop(3082)) - Stopping server on 37686
2019-09-19 14:31:08,829 [IPC Server listener on 37686] INFO  ipc.Server (Server.java:run(1185)) - Stopping IPC Server listener on 37686
2019-09-19 14:31:08,829 [main] INFO  ratis.OzoneManagerDoubleBuffer (OzoneManagerDoubleBuffer.java:stop(248)) - Stopping OMDoubleBuffer flush thread
2019-09-19 14:31:08,829 [IPC Server Responder] INFO  ipc.Server (Server.java:run(1319)) - Stopping IPC Server Responder
2019-09-19 14:31:08,831 [OMDoubleBufferFlushThread] INFO  ratis.OzoneManagerDoubleBuffer (OzoneManagerDoubleBuffer.java:flushTransactions(191)) - OMDoubleBuffer flush thread OMDoubleBufferFlushThread is interrupted and will exit. OMDoubleBufferFlushThread
2019-09-19 14:31:08,832 [main] INFO  utils.BackgroundService (BackgroundService.java:shutdown(148)) - Shutting down service KeyDeletingService
2019-09-19 14:31:08,833 [main] INFO  handler.ContextHandler (ContextHandler.java:doStop(910)) - Stopped o.e.j.w.WebAppContext@260f8704{/,null,UNAVAILABLE}{/ozoneManager}
2019-09-19 14:31:08,834 [main] INFO  server.AbstractConnector (AbstractConnector.java:doStop(318)) - Stopped ServerConnector@4ea01c2a{HTTP/1.1,[http/1.1]}{0.0.0.0:0}
2019-09-19 14:31:08,834 [main] INFO  handler.ContextHandler (ContextHandler.java:doStop(910)) - Stopped o.e.j.s.ServletContextHandler@171b3f38{/static,jar:file:/home/user/.m2/repository/org/apache/hadoop/hadoop-ozone-ozone-manager/0.5.0-SNAPSHOT/hadoop-ozone-ozone-manager-0.5.0-SNAPSHOT.jar!/webapps/static,UNAVAILABLE}
2019-09-19 14:31:08,834 [main] INFO  handler.ContextHandler (ContextHandler.java:doStop(910)) - Stopped o.e.j.s.ServletContextHandler@65b869b4{/logs,file:///workdir/hadoop-ozone/ozonefs/target/log,UNAVAILABLE}
2019-09-19 14:31:08,836 [main] INFO  ozone.MiniOzoneClusterImpl (MiniOzoneClusterImpl.java:stop(344)) - Shutting the HddsDatanodes
2019-09-19 14:31:08,837 [main] INFO  datanode.ObjectStoreHandler (ObjectStoreHandler.java:close(155)) - Closing ObjectStoreHandler.
2019-09-19 14:31:08,837 [ForkJoinPool.commonPool-worker-1] INFO  datanode.ObjectStoreHandler (ObjectStoreHandler.java:close(155)) - Closing ObjectStoreHandler.
2019-09-19 14:31:08,837 [main] INFO  ozone.HddsDatanodeService (HddsDatanodeService.java:stop(451)) - Stopped plug-in org.apache.hadoop.ozone.web.OzoneHddsDatanodeService@61c0a61
2019-09-19 14:31:08,837 [ForkJoinPool.commonPool-worker-1] INFO  ozone.HddsDatanodeService (HddsDatanodeService.java:stop(451)) - Stopped plug-in org.apache.hadoop.ozone.web.OzoneHddsDatanodeService@7327dba0
2019-09-19 14:31:09,213 [Datanode State Machine Thread - 0] INFO  statemachine.DatanodeStateMachine (DatanodeStateMachine.java:lambda$startDaemon$0(350)) - Ozone container server started.
2019-09-19 14:31:09,407 [Datanode State Machine Thread - 0] INFO  statemachine.DatanodeStateMachine (DatanodeStateMachine.java:lambda$startDaemon$0(350)) - Ozone container server started.
2019-09-19 14:31:09,578 | INFO  | SCMAudit | user=jenkins1000 | ip=192.168.5.132 | op=SEND_HEARTBEAT {datanodeUUID=1a966e7b-a794-43d4-8c96-8627eaac3d29, command=[]} | ret=SUCCESS |  
2019-09-19 14:31:10,225 [Thread-3266] INFO  container.ReplicationManager (ReplicationManager.java:start(151)) - Starting Replication Monitor Thread.
2019-09-19 14:31:10,227 [ReplicationMonitor] INFO  container.ReplicationManager (ReplicationManager.java:run(214)) - Replication Monitor Thread took 0 milliseconds for processing 0 containers.
2019-09-19 14:31:10,578 | INFO  | SCMAudit | user=jenkins1000 | ip=192.168.5.132 | op=SEND_HEARTBEAT {datanodeUUID=1a966e7b-a794-43d4-8c96-8627eaac3d29, command=[]} | ret=SUCCESS |  
2019-09-19 14:31:11,578 | INFO  | SCMAudit | user=jenkins1000 | ip=192.168.5.132 | op=SEND_HEARTBEAT {datanodeUUID=1a966e7b-a794-43d4-8c96-8627eaac3d29, command=[]} | ret=SUCCESS |  
2019-09-19 14:31:12,357 [Thread-3268] INFO  impl.FollowerState (FollowerState.java:run(106)) - 25afcdf3-50ae-4913-8777-2a97b689269f:group-BAC06D9B1119 changes to CANDIDATE, lastRpcTime:5078, electionTimeout:5078ms
2019-09-19 14:31:12,357 [Thread-3268] INFO  impl.RoleInfo (RoleInfo.java:shutdownFollowerState(121)) - 25afcdf3-50ae-4913-8777-2a97b689269f: shutdown FollowerState
2019-09-19 14:31:12,357 [Thread-3268] INFO  impl.RaftServerImpl (RaftServerImpl.java:setRole(171)) - 25afcdf3-50ae-4913-8777-2a97b689269f:group-BAC06D9B1119 changes role from FOLLOWER to CANDIDATE at term 0 for changeToCandidate
2019-09-19 14:31:12,357 [Thread-3268] INFO  impl.RoleInfo (RoleInfo.java:updateAndGet(143)) - 25afcdf3-50ae-4913-8777-2a97b689269f: start LeaderElection
2019-09-19 14:31:12,372 [25afcdf3-50ae-4913-8777-2a97b689269f:group-BAC06D9B1119:LeaderElection199] INFO  impl.LeaderElection (LeaderElection.java:askForVotes(181)) - 25afcdf3-50ae-4913-8777-2a97b689269f:group-BAC06D9B1119:LeaderElection199: begin an election at term 1 for -1: [25afcdf3-50ae-4913-8777-2a97b689269f:192.168.5.132:46090], old=null
2019-09-19 14:31:12,373 [25afcdf3-50ae-4913-8777-2a97b689269f:group-BAC06D9B1119:LeaderElection199] INFO  impl.RoleInfo (RoleInfo.java:shutdownLeaderElection(134)) - 25afcdf3-50ae-4913-8777-2a97b689269f: shutdown LeaderElection
2019-09-19 14:31:12,373 [25afcdf3-50ae-4913-8777-2a97b689269f:group-BAC06D9B1119:LeaderElection199] INFO  impl.RaftServerImpl (RaftServerImpl.java:setRole(171)) - 25afcdf3-50ae-4913-8777-2a97b689269f:group-BAC06D9B1119 changes role from CANDIDATE to LEADER at term 1 for changeToLeader
2019-09-19 14:31:12,373 [25afcdf3-50ae-4913-8777-2a97b689269f:group-BAC06D9B1119:LeaderElection199] INFO  impl.RaftServerImpl (ServerState.java:setLeader(263)) - 25afcdf3-50ae-4913-8777-2a97b689269f:group-BAC06D9B1119 change Leader from null to 25afcdf3-50ae-4913-8777-2a97b689269f at term 1 for becomeLeader, leader elected after 5099ms
2019-09-19 14:31:12,373 [25afcdf3-50ae-4913-8777-2a97b689269f:group-BAC06D9B1119:LeaderElection199] INFO  server.RaftServerConfigKeys (ConfUtils.java:logGet(43)) - raft.server.staging.catchup.gap = 1000 (default)
2019-09-19 14:31:12,373 [25afcdf3-50ae-4913-8777-2a97b689269f:group-BAC06D9B1119:LeaderElection199] INFO  server.RaftServerConfigKeys (ConfUtils.java:logGet(43)) - raft.server.rpc.sleep.time = 25ms (default)
2019-09-19 14:31:12,374 [25afcdf3-50ae-4913-8777-2a97b689269f:group-BAC06D9B1119:LeaderElection199] INFO  server.RaftServerConfigKeys (ConfUtils.java:logGet(43)) - raft.server.write.element-limit = 4096 (default)
2019-09-19 14:31:12,374 [25afcdf3-50ae-4913-8777-2a97b689269f:group-BAC06D9B1119:LeaderElection199] INFO  server.RaftServerConfigKeys (ConfUtils.java:logGet(43)) - raft.server.watch.timeout = 10s (default)
2019-09-19 14:31:12,374 [25afcdf3-50ae-4913-8777-2a97b689269f:group-BAC06D9B1119:LeaderElection199] INFO  server.RaftServerConfigKeys (ConfUtils.java:logGet(43)) - raft.server.watch.timeout.denomination = 1s (default)
2019-09-19 14:31:12,374 [25afcdf3-50ae-4913-8777-2a97b689269f:group-BAC06D9B1119:LeaderElection199] INFO  server.RaftServerConfigKeys (ConfUtils.java:logGet(43)) - raft.server.watch.element-limit = 65536 (default)
2019-09-19 14:31:12,374 [25afcdf3-50ae-4913-8777-2a97b689269f:group-BAC06D9B1119:LeaderElection199] INFO  impl.RoleInfo (RoleInfo.java:updateAndGet(143)) - 25afcdf3-50ae-4913-8777-2a97b689269f: start LeaderState
2019-09-19 14:31:12,375 [25afcdf3-50ae-4913-8777-2a97b689269f:group-BAC06D9B1119:LeaderElection199] INFO  segmented.SegmentedRaftLogWorker (SegmentedRaftLogWorker.java:startLogSegment(380)) - 25afcdf3-50ae-4913-8777-2a97b689269f-SegmentedRaftLogWorker:Storage Directory /workdir/hadoop-ozone/ozonefs/target/test-dir/MiniOzoneClusterImpl-339f3dc1-3cc0-483d-bcb7-0cbf2f200edb/datanode-0/data/ratis/c1651484-f0d2-4bdf-b85c-bac06d9b1119: Starting segment from index:0
2019-09-19 14:31:12,375 [25afcdf3-50ae-4913-8777-2a97b689269f:group-BAC06D9B1119:LeaderElection199] INFO  impl.RaftServerImpl (ServerState.java:setRaftConf(361)) - 25afcdf3-50ae-4913-8777-2a97b689269f:group-BAC06D9B1119 set configuration 0: [25afcdf3-50ae-4913-8777-2a97b689269f:192.168.5.132:46090], old=null at 0
2019-09-19 14:31:12,417 [Thread-3274] INFO  impl.FollowerState (FollowerState.java:run(106)) - 25afcdf3-50ae-4913-8777-2a97b689269f:group-1CE857C3B12F changes to CANDIDATE, lastRpcTime:5047, electionTimeout:5047ms
2019-09-19 14:31:12,417 [Thread-3274] INFO  impl.RoleInfo (RoleInfo.java:shutdownFollowerState(121)) - 25afcdf3-50ae-4913-8777-2a97b689269f: shutdown FollowerState
2019-09-19 14:31:12,417 [Thread-3274] INFO  impl.RaftServerImpl (RaftServerImpl.java:setRole(171)) - 25afcdf3-50ae-4913-8777-2a97b689269f:group-1CE857C3B12F changes role from FOLLOWER to CANDIDATE at term 0 for changeToCandidate
2019-09-19 14:31:12,417 [Thread-3274] INFO  impl.RoleInfo (RoleInfo.java:updateAndGet(143)) - 25afcdf3-50ae-4913-8777-2a97b689269f: start LeaderElection
2019-09-19 14:31:12,430 [Thread-3271] INFO  impl.FollowerState (FollowerState.java:run(106)) - 25afcdf3-50ae-4913-8777-2a97b689269f:group-31CE86589AE2 changes to CANDIDATE, lastRpcTime:5098, electionTimeout:5098ms
2019-09-19 14:31:12,430 [Thread-3271] INFO  impl.RoleInfo (RoleInfo.java:shutdownFollowerState(121)) - 25afcdf3-50ae-4913-8777-2a97b689269f: shutdown FollowerState
2019-09-19 14:31:12,430 [Thread-3271] INFO  impl.RaftServerImpl (RaftServerImpl.java:setRole(171)) - 25afcdf3-50ae-4913-8777-2a97b689269f:group-31CE86589AE2 changes role from FOLLOWER to CANDIDATE at term 0 for changeToCandidate
2019-09-19 14:31:12,431 [Thread-3271] INFO  impl.RoleInfo (RoleInfo.java:updateAndGet(143)) - 25afcdf3-50ae-4913-8777-2a97b689269f: start LeaderElection
2019-09-19 14:31:12,434 [25afcdf3-50ae-4913-8777-2a97b689269f-SegmentedRaftLogWorker:Storage Directory /workdir/hadoop-ozone/ozonefs/target/test-dir/MiniOzoneClusterImpl-339f3dc1-3cc0-483d-bcb7-0cbf2f200edb/datanode-0/data/ratis/c1651484-f0d2-4bdf-b85c-bac06d9b1119] INFO  segmented.SegmentedRaftLogWorker (SegmentedRaftLogWorker.java:execute(569)) - 25afcdf3-50ae-4913-8777-2a97b689269f-SegmentedRaftLogWorker:Storage Directory /workdir/hadoop-ozone/ozonefs/target/test-dir/MiniOzoneClusterImpl-339f3dc1-3cc0-483d-bcb7-0cbf2f200edb/datanode-0/data/ratis/c1651484-f0d2-4bdf-b85c-bac06d9b1119: created new log segment /workdir/hadoop-ozone/ozonefs/target/test-dir/MiniOzoneClusterImpl-339f3dc1-3cc0-483d-bcb7-0cbf2f200edb/datanode-0/data/ratis/c1651484-f0d2-4bdf-b85c-bac06d9b1119/current/log_inprogress_0
2019-09-19 14:31:12,434 [25afcdf3-50ae-4913-8777-2a97b689269f:group-1CE857C3B12F:LeaderElection200] INFO  impl.LeaderElection (LeaderElection.java:askForVotes(181)) - 25afcdf3-50ae-4913-8777-2a97b689269f:group-1CE857C3B12F:LeaderElection200: begin an election at term 1 for -1: [25afcdf3-50ae-4913-8777-2a97b689269f:192.168.5.132:46090], old=null
2019-09-19 14:31:12,435 [25afcdf3-50ae-4913-8777-2a97b689269f:group-1CE857C3B12F:LeaderElection200] INFO  impl.RoleInfo (RoleInfo.java:shutdownLeaderElection(134)) - 25afcdf3-50ae-4913-8777-2a97b689269f: shutdown LeaderElection
2019-09-19 14:31:12,435 [25afcdf3-50ae-4913-8777-2a97b689269f:group-1CE857C3B12F:LeaderElection200] INFO  impl.RaftServerImpl (RaftServerImpl.java:setRole(171)) - 25afcdf3-50ae-4913-8777-2a97b689269f:group-1CE857C3B12F changes role from CANDIDATE to LEADER at term 1 for changeToLeader
2019-09-19 14:31:12,435 [25afcdf3-50ae-4913-8777-2a97b689269f:group-1CE857C3B12F:LeaderElection200] INFO  impl.RaftServerImpl (ServerState.java:setLeader(263)) - 25afcdf3-50ae-4913-8777-2a97b689269f:group-1CE857C3B12F change Leader from null to 25afcdf3-50ae-4913-8777-2a97b689269f at term 1 for becomeLeader, leader elected after 5068ms
2019-09-19 14:31:12,435 [25afcdf3-50ae-4913-8777-2a97b689269f:group-1CE857C3B12F:LeaderElection200] INFO  server.RaftServerConfigKeys (ConfUtils.java:logGet(43)) - raft.server.staging.catchup.gap = 1000 (default)
2019-09-19 14:31:12,435 [25afcdf3-50ae-4913-8777-2a97b689269f:group-1CE857C3B12F:LeaderElection200] INFO  server.RaftServerConfigKeys (ConfUtils.java:logGet(43)) - raft.server.rpc.sleep.time = 25ms (default)
2019-09-19 14:31:12,435 [25afcdf3-50ae-4913-8777-2a97b689269f:group-1CE857C3B12F:LeaderElection200] INFO  server.RaftServerConfigKeys (ConfUtils.java:logGet(43)) - raft.server.write.element-limit = 4096 (default)
2019-09-19 14:31:12,435 [25afcdf3-50ae-4913-8777-2a97b689269f:group-1CE857C3B12F:LeaderElection200] INFO  server.RaftServerConfigKeys (ConfUtils.java:logGet(43)) - raft.server.watch.timeout = 10s (default)
2019-09-19 14:31:12,436 [25afcdf3-50ae-4913-8777-2a97b689269f:group-1CE857C3B12F:LeaderElection200] INFO  server.RaftServerConfigKeys (ConfUtils.java:logGet(43)) - raft.server.watch.timeout.denomination = 1s (default)
2019-09-19 14:31:12,436 [25afcdf3-50ae-4913-8777-2a97b689269f:group-1CE857C3B12F:LeaderElection200] INFO  server.RaftServerConfigKeys (ConfUtils.java:logGet(43)) - raft.server.watch.element-limit = 65536 (default)
2019-09-19 14:31:12,436 [25afcdf3-50ae-4913-8777-2a97b689269f:group-1CE857C3B12F:LeaderElection200] INFO  impl.RoleInfo (RoleInfo.java:updateAndGet(143)) - 25afcdf3-50ae-4913-8777-2a97b689269f: start LeaderState
2019-09-19 14:31:12,436 [25afcdf3-50ae-4913-8777-2a97b689269f:group-1CE857C3B12F:LeaderElection200] INFO  segmented.SegmentedRaftLogWorker (SegmentedRaftLogWorker.java:startLogSegment(380)) - 25afcdf3-50ae-4913-8777-2a97b689269f-SegmentedRaftLogWorker:Storage Directory /workdir/hadoop-ozone/ozonefs/target/test-dir/MiniOzoneClusterImpl-339f3dc1-3cc0-483d-bcb7-0cbf2f200edb/datanode-0/data/ratis/83d1d42d-6121-453a-9f66-1ce857c3b12f: Starting segment from index:0
2019-09-19 14:31:12,437 [25afcdf3-50ae-4913-8777-2a97b689269f:group-1CE857C3B12F:LeaderElection200] INFO  impl.RaftServerImpl (ServerState.java:setRaftConf(361)) - 25afcdf3-50ae-4913-8777-2a97b689269f:group-1CE857C3B12F set configuration 0: [25afcdf3-50ae-4913-8777-2a97b689269f:192.168.5.132:46090], old=null at 0
2019-09-19 14:31:12,448 [25afcdf3-50ae-4913-8777-2a97b689269f:group-31CE86589AE2:LeaderElection201] INFO  impl.LeaderElection (LeaderElection.java:askForVotes(181)) - 25afcdf3-50ae-4913-8777-2a97b689269f:group-31CE86589AE2:LeaderElection201: begin an election at term 1 for -1: [25afcdf3-50ae-4913-8777-2a97b689269f:192.168.5.132:46090], old=null
2019-09-19 14:31:12,448 [25afcdf3-50ae-4913-8777-2a97b689269f:group-31CE86589AE2:LeaderElection201] INFO  impl.RoleInfo (RoleInfo.java:shutdownLeaderElection(134)) - 25afcdf3-50ae-4913-8777-2a97b689269f: shutdown LeaderElection
2019-09-19 14:31:12,448 [25afcdf3-50ae-4913-8777-2a97b689269f:group-31CE86589AE2:LeaderElection201] INFO  impl.RaftServerImpl (RaftServerImpl.java:setRole(171)) - 25afcdf3-50ae-4913-8777-2a97b689269f:group-31CE86589AE2 changes role from CANDIDATE to LEADER at term 1 for changeToLeader
2019-09-19 14:31:12,448 [25afcdf3-50ae-4913-8777-2a97b689269f:group-31CE86589AE2:LeaderElection201] INFO  impl.RaftServerImpl (ServerState.java:setLeader(263)) - 25afcdf3-50ae-4913-8777-2a97b689269f:group-31CE86589AE2 change Leader from null to 25afcdf3-50ae-4913-8777-2a97b689269f at term 1 for becomeLeader, leader elected after 5119ms
2019-09-19 14:31:12,449 [25afcdf3-50ae-4913-8777-2a97b689269f:group-31CE86589AE2:LeaderElection201] INFO  server.RaftServerConfigKeys (ConfUtils.java:logGet(43)) - raft.server.staging.catchup.gap = 1000 (default)
2019-09-19 14:31:12,449 [25afcdf3-50ae-4913-8777-2a97b689269f:group-31CE86589AE2:LeaderElection201] INFO  server.RaftServerConfigKeys (ConfUtils.java:logGet(43)) - raft.server.rpc.sleep.time = 25ms (default)
2019-09-19 14:31:12,449 [25afcdf3-50ae-4913-8777-2a97b689269f:group-31CE86589AE2:LeaderElection201] INFO  server.RaftServerConfigKeys (ConfUtils.java:logGet(43)) - raft.server.write.element-limit = 4096 (default)
2019-09-19 14:31:12,449 [25afcdf3-50ae-4913-8777-2a97b689269f:group-31CE86589AE2:LeaderElection201] INFO  server.RaftServerConfigKeys (ConfUtils.java:logGet(43)) - raft.server.watch.timeout = 10s (default)
2019-09-19 14:31:12,449 [25afcdf3-50ae-4913-8777-2a97b689269f:group-31CE86589AE2:LeaderElection201] INFO  server.RaftServerConfigKeys (ConfUtils.java:logGet(43)) - raft.server.watch.timeout.denomination = 1s (default)
2019-09-19 14:31:12,449 [25afcdf3-50ae-4913-8777-2a97b689269f:group-31CE86589AE2:LeaderElection201] INFO  server.RaftServerConfigKeys (ConfUtils.java:logGet(43)) - raft.server.watch.element-limit = 65536 (default)
2019-09-19 14:31:12,449 [25afcdf3-50ae-4913-8777-2a97b689269f:group-31CE86589AE2:LeaderElection201] INFO  impl.RoleInfo (RoleInfo.java:updateAndGet(143)) - 25afcdf3-50ae-4913-8777-2a97b689269f: start LeaderState
2019-09-19 14:31:12,450 [25afcdf3-50ae-4913-8777-2a97b689269f:group-31CE86589AE2:LeaderElection201] INFO  segmented.SegmentedRaftLogWorker (SegmentedRaftLogWorker.java:startLogSegment(380)) - 25afcdf3-50ae-4913-8777-2a97b689269f-SegmentedRaftLogWorker:Storage Directory /workdir/hadoop-ozone/ozonefs/target/test-dir/MiniOzoneClusterImpl-339f3dc1-3cc0-483d-bcb7-0cbf2f200edb/datanode-0/data/ratis/545373d5-171c-4e8f-a310-31ce86589ae2: Starting segment from index:0
2019-09-19 14:31:12,450 [25afcdf3-50ae-4913-8777-2a97b689269f:group-31CE86589AE2:LeaderElection201] INFO  impl.RaftServerImpl (ServerState.java:setRaftConf(361)) - 25afcdf3-50ae-4913-8777-2a97b689269f:group-31CE86589AE2 set configuration 0: [25afcdf3-50ae-4913-8777-2a97b689269f:192.168.5.132:46090], old=null at 0
2019-09-19 14:31:12,489 [25afcdf3-50ae-4913-8777-2a97b689269f-SegmentedRaftLogWorker:Storage Directory /workdir/hadoop-ozone/ozonefs/target/test-dir/MiniOzoneClusterImpl-339f3dc1-3cc0-483d-bcb7-0cbf2f200edb/datanode-0/data/ratis/83d1d42d-6121-453a-9f66-1ce857c3b12f] INFO  segmented.SegmentedRaftLogWorker (SegmentedRaftLogWorker.java:execute(569)) - 25afcdf3-50ae-4913-8777-2a97b689269f-SegmentedRaftLogWorker:Storage Directory /workdir/hadoop-ozone/ozonefs/target/test-dir/MiniOzoneClusterImpl-339f3dc1-3cc0-483d-bcb7-0cbf2f200edb/datanode-0/data/ratis/83d1d42d-6121-453a-9f66-1ce857c3b12f: created new log segment /workdir/hadoop-ozone/ozonefs/target/test-dir/MiniOzoneClusterImpl-339f3dc1-3cc0-483d-bcb7-0cbf2f200edb/datanode-0/data/ratis/83d1d42d-6121-453a-9f66-1ce857c3b12f/current/log_inprogress_0
2019-09-19 14:31:12,495 [Thread-3277] INFO  impl.FollowerState (FollowerState.java:run(106)) - 25afcdf3-50ae-4913-8777-2a97b689269f:group-6119BE4603E7 changes to CANDIDATE, lastRpcTime:5067, electionTimeout:5067ms
2019-09-19 14:31:12,495 [Thread-3277] INFO  impl.RoleInfo (RoleInfo.java:shutdownFollowerState(121)) - 25afcdf3-50ae-4913-8777-2a97b689269f: shutdown FollowerState
2019-09-19 14:31:12,495 [Thread-3277] INFO  impl.RaftServerImpl (RaftServerImpl.java:setRole(171)) - 25afcdf3-50ae-4913-8777-2a97b689269f:group-6119BE4603E7 changes role from FOLLOWER to CANDIDATE at term 0 for changeToCandidate
2019-09-19 14:31:12,495 [Thread-3277] INFO  impl.RoleInfo (RoleInfo.java:updateAndGet(143)) - 25afcdf3-50ae-4913-8777-2a97b689269f: start LeaderElection
2019-09-19 14:31:12,510 [25afcdf3-50ae-4913-8777-2a97b689269f-SegmentedRaftLogWorker:Storage Directory /workdir/hadoop-ozone/ozonefs/target/test-dir/MiniOzoneClusterImpl-339f3dc1-3cc0-483d-bcb7-0cbf2f200edb/datanode-0/data/ratis/545373d5-171c-4e8f-a310-31ce86589ae2] INFO  segmented.SegmentedRaftLogWorker (SegmentedRaftLogWorker.java:execute(569)) - 25afcdf3-50ae-4913-8777-2a97b689269f-SegmentedRaftLogWorker:Storage Directory /workdir/hadoop-ozone/ozonefs/target/test-dir/MiniOzoneClusterImpl-339f3dc1-3cc0-483d-bcb7-0cbf2f200edb/datanode-0/data/ratis/545373d5-171c-4e8f-a310-31ce86589ae2: created new log segment /workdir/hadoop-ozone/ozonefs/target/test-dir/MiniOzoneClusterImpl-339f3dc1-3cc0-483d-bcb7-0cbf2f200edb/datanode-0/data/ratis/545373d5-171c-4e8f-a310-31ce86589ae2/current/log_inprogress_0
2019-09-19 14:31:12,511 [25afcdf3-50ae-4913-8777-2a97b689269f:group-6119BE4603E7:LeaderElection202] INFO  impl.LeaderElection (LeaderElection.java:askForVotes(181)) - 25afcdf3-50ae-4913-8777-2a97b689269f:group-6119BE4603E7:LeaderElection202: begin an election at term 1 for -1: [25afcdf3-50ae-4913-8777-2a97b689269f:192.168.5.132:46090], old=null
2019-09-19 14:31:12,511 [25afcdf3-50ae-4913-8777-2a97b689269f:group-6119BE4603E7:LeaderElection202] INFO  impl.RoleInfo (RoleInfo.java:shutdownLeaderElection(134)) - 25afcdf3-50ae-4913-8777-2a97b689269f: shutdown LeaderElection
2019-09-19 14:31:12,511 [25afcdf3-50ae-4913-8777-2a97b689269f:group-6119BE4603E7:LeaderElection202] INFO  impl.RaftServerImpl (RaftServerImpl.java:setRole(171)) - 25afcdf3-50ae-4913-8777-2a97b689269f:group-6119BE4603E7 changes role from CANDIDATE to LEADER at term 1 for changeToLeader
2019-09-19 14:31:12,511 [25afcdf3-50ae-4913-8777-2a97b689269f:group-6119BE4603E7:LeaderElection202] INFO  impl.RaftServerImpl (ServerState.java:setLeader(263)) - 25afcdf3-50ae-4913-8777-2a97b689269f:group-6119BE4603E7 change Leader from null to 25afcdf3-50ae-4913-8777-2a97b689269f at term 1 for becomeLeader, leader elected after 5086ms
2019-09-19 14:31:12,511 [25afcdf3-50ae-4913-8777-2a97b689269f:group-6119BE4603E7:LeaderElection202] INFO  server.RaftServerConfigKeys (ConfUtils.java:logGet(43)) - raft.server.staging.catchup.gap = 1000 (default)
2019-09-19 14:31:12,511 [25afcdf3-50ae-4913-8777-2a97b689269f:group-6119BE4603E7:LeaderElection202] INFO  server.RaftServerConfigKeys (ConfUtils.java:logGet(43)) - raft.server.rpc.sleep.time = 25ms (default)
2019-09-19 14:31:12,511 [25afcdf3-50ae-4913-8777-2a97b689269f:group-6119BE4603E7:LeaderElection202] INFO  server.RaftServerConfigKeys (ConfUtils.java:logGet(43)) - raft.server.write.element-limit = 4096 (default)
2019-09-19 14:31:12,511 [25afcdf3-50ae-4913-8777-2a97b689269f:group-6119BE4603E7:LeaderElection202] INFO  server.RaftServerConfigKeys (ConfUtils.java:logGet(43)) - raft.server.watch.timeout = 10s (default)
2019-09-19 14:31:12,512 [25afcdf3-50ae-4913-8777-2a97b689269f:group-6119BE4603E7:LeaderElection202] INFO  server.RaftServerConfigKeys (ConfUtils.java:logGet(43)) - raft.server.watch.timeout.denomination = 1s (default)
2019-09-19 14:31:12,512 [25afcdf3-50ae-4913-8777-2a97b689269f:group-6119BE4603E7:LeaderElection202] INFO  server.RaftServerConfigKeys (ConfUtils.java:logGet(43)) - raft.server.watch.element-limit = 65536 (default)
2019-09-19 14:31:12,512 [25afcdf3-50ae-4913-8777-2a97b689269f:group-6119BE4603E7:LeaderElection202] INFO  impl.RoleInfo (RoleInfo.java:updateAndGet(143)) - 25afcdf3-50ae-4913-8777-2a97b689269f: start LeaderState
2019-09-19 14:31:12,512 [25afcdf3-50ae-4913-8777-2a97b689269f:group-6119BE4603E7:LeaderElection202] INFO  segmented.SegmentedRaftLogWorker (SegmentedRaftLogWorker.java:startLogSegment(380)) - 25afcdf3-50ae-4913-8777-2a97b689269f-SegmentedRaftLogWorker:Storage Directory /workdir/hadoop-ozone/ozonefs/target/test-dir/MiniOzoneClusterImpl-339f3dc1-3cc0-483d-bcb7-0cbf2f200edb/datanode-0/data/ratis/ff84e3ec-9e44-453f-93d6-6119be4603e7: Starting segment from index:0
2019-09-19 14:31:12,512 [25afcdf3-50ae-4913-8777-2a97b689269f:group-6119BE4603E7:LeaderElection202] INFO  impl.RaftServerImpl (ServerState.java:setRaftConf(361)) - 25afcdf3-50ae-4913-8777-2a97b689269f:group-6119BE4603E7 set configuration 0: [25afcdf3-50ae-4913-8777-2a97b689269f:192.168.5.132:46090], old=null at 0
2019-09-19 14:31:12,543 [Thread-3280] INFO  impl.FollowerState (FollowerState.java:run(106)) - 25afcdf3-50ae-4913-8777-2a97b689269f:group-45FD65304706 changes to CANDIDATE, lastRpcTime:5086, electionTimeout:5086ms
2019-09-19 14:31:12,543 [Thread-3280] INFO  impl.RoleInfo (RoleInfo.java:shutdownFollowerState(121)) - 25afcdf3-50ae-4913-8777-2a97b689269f: shutdown FollowerState
2019-09-19 14:31:12,543 [Thread-3280] INFO  impl.RaftServerImpl (RaftServerImpl.java:setRole(171)) - 25afcdf3-50ae-4913-8777-2a97b689269f:group-45FD65304706 changes role from FOLLOWER to CANDIDATE at term 0 for changeToCandidate
2019-09-19 14:31:12,544 [Thread-3280] INFO  impl.RoleInfo (RoleInfo.java:updateAndGet(143)) - 25afcdf3-50ae-4913-8777-2a97b689269f: start LeaderElection
2019-09-19 14:31:12,558 [25afcdf3-50ae-4913-8777-2a97b689269f-SegmentedRaftLogWorker:Storage Directory /workdir/hadoop-ozone/ozonefs/target/test-dir/MiniOzoneClusterImpl-339f3dc1-3cc0-483d-bcb7-0cbf2f200edb/datanode-0/data/ratis/ff84e3ec-9e44-453f-93d6-6119be4603e7] INFO  segmented.SegmentedRaftLogWorker (SegmentedRaftLogWorker.java:execute(569)) - 25afcdf3-50ae-4913-8777-2a97b689269f-SegmentedRaftLogWorker:Storage Directory /workdir/hadoop-ozone/ozonefs/target/test-dir/MiniOzoneClusterImpl-339f3dc1-3cc0-483d-bcb7-0cbf2f200edb/datanode-0/data/ratis/ff84e3ec-9e44-453f-93d6-6119be4603e7: created new log segment /workdir/hadoop-ozone/ozonefs/target/test-dir/MiniOzoneClusterImpl-339f3dc1-3cc0-483d-bcb7-0cbf2f200edb/datanode-0/data/ratis/ff84e3ec-9e44-453f-93d6-6119be4603e7/current/log_inprogress_0
2019-09-19 14:31:12,558 [25afcdf3-50ae-4913-8777-2a97b689269f:group-45FD65304706:LeaderElection203] INFO  impl.LeaderElection (LeaderElection.java:askForVotes(181)) - 25afcdf3-50ae-4913-8777-2a97b689269f:group-45FD65304706:LeaderElection203: begin an election at term 1 for -1: [25afcdf3-50ae-4913-8777-2a97b689269f:192.168.5.132:46090], old=null
2019-09-19 14:31:12,558 [25afcdf3-50ae-4913-8777-2a97b689269f:group-45FD65304706:LeaderElection203] INFO  impl.RoleInfo (RoleInfo.java:shutdownLeaderElection(134)) - 25afcdf3-50ae-4913-8777-2a97b689269f: shutdown LeaderElection
2019-09-19 14:31:12,558 [25afcdf3-50ae-4913-8777-2a97b689269f:group-45FD65304706:LeaderElection203] INFO  impl.RaftServerImpl (RaftServerImpl.java:setRole(171)) - 25afcdf3-50ae-4913-8777-2a97b689269f:group-45FD65304706 changes role from CANDIDATE to LEADER at term 1 for changeToLeader
2019-09-19 14:31:12,559 [25afcdf3-50ae-4913-8777-2a97b689269f:group-45FD65304706:LeaderElection203] INFO  impl.RaftServerImpl (ServerState.java:setLeader(263)) - 25afcdf3-50ae-4913-8777-2a97b689269f:group-45FD65304706 change Leader from null to 25afcdf3-50ae-4913-8777-2a97b689269f at term 1 for becomeLeader, leader elected after 5105ms
2019-09-19 14:31:12,559 [25afcdf3-50ae-4913-8777-2a97b689269f:group-45FD65304706:LeaderElection203] INFO  server.RaftServerConfigKeys (ConfUtils.java:logGet(43)) - raft.server.staging.catchup.gap = 1000 (default)
2019-09-19 14:31:12,559 [25afcdf3-50ae-4913-8777-2a97b689269f:group-45FD65304706:LeaderElection203] INFO  server.RaftServerConfigKeys (ConfUtils.java:logGet(43)) - raft.server.rpc.sleep.time = 25ms (default)
2019-09-19 14:31:12,559 [25afcdf3-50ae-4913-8777-2a97b689269f:group-45FD65304706:LeaderElection203] INFO  server.RaftServerConfigKeys (ConfUtils.java:logGet(43)) - raft.server.write.element-limit = 4096 (default)
2019-09-19 14:31:12,559 [25afcdf3-50ae-4913-8777-2a97b689269f:group-45FD65304706:LeaderElection203] INFO  server.RaftServerConfigKeys (ConfUtils.java:logGet(43)) - raft.server.watch.timeout = 10s (default)
2019-09-19 14:31:12,559 [25afcdf3-50ae-4913-8777-2a97b689269f:group-45FD65304706:LeaderElection203] INFO  server.RaftServerConfigKeys (ConfUtils.java:logGet(43)) - raft.server.watch.timeout.denomination = 1s (default)
2019-09-19 14:31:12,559 [25afcdf3-50ae-4913-8777-2a97b689269f:group-45FD65304706:LeaderElection203] INFO  server.RaftServerConfigKeys (ConfUtils.java:logGet(43)) - raft.server.watch.element-limit = 65536 (default)
2019-09-19 14:31:12,559 [25afcdf3-50ae-4913-8777-2a97b689269f:group-45FD65304706:LeaderElection203] INFO  impl.RoleInfo (RoleInfo.java:updateAndGet(143)) - 25afcdf3-50ae-4913-8777-2a97b689269f: start LeaderState
2019-09-19 14:31:12,560 [25afcdf3-50ae-4913-8777-2a97b689269f:group-45FD65304706:LeaderElection203] INFO  segmented.SegmentedRaftLogWorker (SegmentedRaftLogWorker.java:startLogSegment(380)) - 25afcdf3-50ae-4913-8777-2a97b689269f-SegmentedRaftLogWorker:Storage Directory /workdir/hadoop-ozone/ozonefs/target/test-dir/MiniOzoneClusterImpl-339f3dc1-3cc0-483d-bcb7-0cbf2f200edb/datanode-0/data/ratis/3240adab-2334-4a76-bd98-45fd65304706: Starting segment from index:0
2019-09-19 14:31:12,560 [25afcdf3-50ae-4913-8777-2a97b689269f:group-45FD65304706:LeaderElection203] INFO  impl.RaftServerImpl (ServerState.java:setRaftConf(361)) - 25afcdf3-50ae-4913-8777-2a97b689269f:group-45FD65304706 set configuration 0: [25afcdf3-50ae-4913-8777-2a97b689269f:192.168.5.132:46090], old=null at 0
2019-09-19 14:31:12,573 [Thread-3286] INFO  impl.FollowerState (FollowerState.java:run(106)) - 25afcdf3-50ae-4913-8777-2a97b689269f:group-451FF792B3C0 changes to CANDIDATE, lastRpcTime:5061, electionTimeout:5061ms
2019-09-19 14:31:12,573 [Thread-3286] INFO  impl.RoleInfo (RoleInfo.java:shutdownFollowerState(121)) - 25afcdf3-50ae-4913-8777-2a97b689269f: shutdown FollowerState
2019-09-19 14:31:12,573 [Thread-3286] INFO  impl.RaftServerImpl (RaftServerImpl.java:setRole(171)) - 25afcdf3-50ae-4913-8777-2a97b689269f:group-451FF792B3C0 changes role from FOLLOWER to CANDIDATE at term 0 for changeToCandidate
2019-09-19 14:31:12,573 [Thread-3286] INFO  impl.RoleInfo (RoleInfo.java:updateAndGet(143)) - 25afcdf3-50ae-4913-8777-2a97b689269f: start LeaderElection
2019-09-19 14:31:12,577 | INFO  | SCMAudit | user=jenkins1000 | ip=192.168.5.132 | op=SEND_HEARTBEAT {datanodeUUID=1a966e7b-a794-43d4-8c96-8627eaac3d29, command=[]} | ret=SUCCESS |  
2019-09-19 14:31:12,588 [25afcdf3-50ae-4913-8777-2a97b689269f:group-451FF792B3C0:LeaderElection204] INFO  impl.LeaderElection (LeaderElection.java:askForVotes(181)) - 25afcdf3-50ae-4913-8777-2a97b689269f:group-451FF792B3C0:LeaderElection204: begin an election at term 1 for -1: [25afcdf3-50ae-4913-8777-2a97b689269f:192.168.5.132:46090], old=null
2019-09-19 14:31:12,589 [25afcdf3-50ae-4913-8777-2a97b689269f:group-451FF792B3C0:LeaderElection204] INFO  impl.RoleInfo (RoleInfo.java:shutdownLeaderElection(134)) - 25afcdf3-50ae-4913-8777-2a97b689269f: shutdown LeaderElection
2019-09-19 14:31:12,589 [25afcdf3-50ae-4913-8777-2a97b689269f:group-451FF792B3C0:LeaderElection204] INFO  impl.RaftServerImpl (RaftServerImpl.java:setRole(171)) - 25afcdf3-50ae-4913-8777-2a97b689269f:group-451FF792B3C0 changes role from CANDIDATE to LEADER at term 1 for changeToLeader
2019-09-19 14:31:12,589 [25afcdf3-50ae-4913-8777-2a97b689269f:group-451FF792B3C0:LeaderElection204] INFO  impl.RaftServerImpl (ServerState.java:setLeader(263)) - 25afcdf3-50ae-4913-8777-2a97b689269f:group-451FF792B3C0 change Leader from null to 25afcdf3-50ae-4913-8777-2a97b689269f at term 1 for becomeLeader, leader elected after 5079ms
2019-09-19 14:31:12,589 [25afcdf3-50ae-4913-8777-2a97b689269f:group-451FF792B3C0:LeaderElection204] INFO  server.RaftServerConfigKeys (ConfUtils.java:logGet(43)) - raft.server.staging.catchup.gap = 1000 (default)
2019-09-19 14:31:12,589 [Thread-3283] INFO  impl.FollowerState (FollowerState.java:run(106)) - c326554a-81dd-4dc5-99d3-f252989fbe27:group-D27CC882D79A changes to CANDIDATE, lastRpcTime:5109, electionTimeout:5109ms
2019-09-19 14:31:12,589 [Thread-3283] INFO  impl.RoleInfo (RoleInfo.java:shutdownFollowerState(121)) - c326554a-81dd-4dc5-99d3-f252989fbe27: shutdown FollowerState
2019-09-19 14:31:12,589 [25afcdf3-50ae-4913-8777-2a97b689269f:group-451FF792B3C0:LeaderElection204] INFO  server.RaftServerConfigKeys (ConfUtils.java:logGet(43)) - raft.server.rpc.sleep.time = 25ms (default)
2019-09-19 14:31:12,589 [Thread-3283] INFO  impl.RaftServerImpl (RaftServerImpl.java:setRole(171)) - c326554a-81dd-4dc5-99d3-f252989fbe27:group-D27CC882D79A changes role from FOLLOWER to CANDIDATE at term 0 for changeToCandidate
2019-09-19 14:31:12,590 [25afcdf3-50ae-4913-8777-2a97b689269f:group-451FF792B3C0:LeaderElection204] INFO  server.RaftServerConfigKeys (ConfUtils.java:logGet(43)) - raft.server.write.element-limit = 4096 (default)
2019-09-19 14:31:12,590 [Thread-3283] INFO  impl.RoleInfo (RoleInfo.java:updateAndGet(143)) - c326554a-81dd-4dc5-99d3-f252989fbe27: start LeaderElection
2019-09-19 14:31:12,590 [25afcdf3-50ae-4913-8777-2a97b689269f:group-451FF792B3C0:LeaderElection204] INFO  server.RaftServerConfigKeys (ConfUtils.java:logGet(43)) - raft.server.watch.timeout = 10s (default)
2019-09-19 14:31:12,590 [25afcdf3-50ae-4913-8777-2a97b689269f:group-451FF792B3C0:LeaderElection204] INFO  server.RaftServerConfigKeys (ConfUtils.java:logGet(43)) - raft.server.watch.timeout.denomination = 1s (default)
2019-09-19 14:31:12,590 [25afcdf3-50ae-4913-8777-2a97b689269f:group-451FF792B3C0:LeaderElection204] INFO  server.RaftServerConfigKeys (ConfUtils.java:logGet(43)) - raft.server.watch.element-limit = 65536 (default)
2019-09-19 14:31:12,591 [25afcdf3-50ae-4913-8777-2a97b689269f:group-451FF792B3C0:LeaderElection204] INFO  impl.RoleInfo (RoleInfo.java:updateAndGet(143)) - 25afcdf3-50ae-4913-8777-2a97b689269f: start LeaderState
2019-09-19 14:31:12,591 [25afcdf3-50ae-4913-8777-2a97b689269f:group-451FF792B3C0:LeaderElection204] INFO  segmented.SegmentedRaftLogWorker (SegmentedRaftLogWorker.java:startLogSegment(380)) - 25afcdf3-50ae-4913-8777-2a97b689269f-SegmentedRaftLogWorker:Storage Directory /workdir/hadoop-ozone/ozonefs/target/test-dir/MiniOzoneClusterImpl-339f3dc1-3cc0-483d-bcb7-0cbf2f200edb/datanode-0/data/ratis/7b2c3b0b-c2fc-4cce-a1a9-451ff792b3c0: Starting segment from index:0
2019-09-19 14:31:12,592 [25afcdf3-50ae-4913-8777-2a97b689269f:group-451FF792B3C0:LeaderElection204] INFO  impl.RaftServerImpl (ServerState.java:setRaftConf(361)) - 25afcdf3-50ae-4913-8777-2a97b689269f:group-451FF792B3C0 set configuration 0: [25afcdf3-50ae-4913-8777-2a97b689269f:192.168.5.132:46090], old=null at 0
2019-09-19 14:31:12,599 [Thread-3289] INFO  impl.FollowerState (FollowerState.java:run(106)) - c326554a-81dd-4dc5-99d3-f252989fbe27:group-78ADE9961CE1 changes to CANDIDATE, lastRpcTime:5039, electionTimeout:5039ms
2019-09-19 14:31:12,599 [Thread-3289] INFO  impl.RoleInfo (RoleInfo.java:shutdownFollowerState(121)) - c326554a-81dd-4dc5-99d3-f252989fbe27: shutdown FollowerState
2019-09-19 14:31:12,600 [Thread-3289] INFO  impl.RaftServerImpl (RaftServerImpl.java:setRole(171)) - c326554a-81dd-4dc5-99d3-f252989fbe27:group-78ADE9961CE1 changes role from FOLLOWER to CANDIDATE at term 0 for changeToCandidate
2019-09-19 14:31:12,600 [Thread-3289] INFO  impl.RoleInfo (RoleInfo.java:updateAndGet(143)) - c326554a-81dd-4dc5-99d3-f252989fbe27: start LeaderElection
2019-09-19 14:31:12,617 [25afcdf3-50ae-4913-8777-2a97b689269f-SegmentedRaftLogWorker:Storage Directory /workdir/hadoop-ozone/ozonefs/target/test-dir/MiniOzoneClusterImpl-339f3dc1-3cc0-483d-bcb7-0cbf2f200edb/datanode-0/data/ratis/3240adab-2334-4a76-bd98-45fd65304706] INFO  segmented.SegmentedRaftLogWorker (SegmentedRaftLogWorker.java:execute(569)) - 25afcdf3-50ae-4913-8777-2a97b689269f-SegmentedRaftLogWorker:Storage Directory /workdir/hadoop-ozone/ozonefs/target/test-dir/MiniOzoneClusterImpl-339f3dc1-3cc0-483d-bcb7-0cbf2f200edb/datanode-0/data/ratis/3240adab-2334-4a76-bd98-45fd65304706: created new log segment /workdir/hadoop-ozone/ozonefs/target/test-dir/MiniOzoneClusterImpl-339f3dc1-3cc0-483d-bcb7-0cbf2f200edb/datanode-0/data/ratis/3240adab-2334-4a76-bd98-45fd65304706/current/log_inprogress_0
2019-09-19 14:31:12,617 [c326554a-81dd-4dc5-99d3-f252989fbe27:group-D27CC882D79A:LeaderElection205] INFO  impl.LeaderElection (LeaderElection.java:askForVotes(181)) - c326554a-81dd-4dc5-99d3-f252989fbe27:group-D27CC882D79A:LeaderElection205: begin an election at term 1 for -1: [c326554a-81dd-4dc5-99d3-f252989fbe27:192.168.5.132:43619], old=null
2019-09-19 14:31:12,617 [c326554a-81dd-4dc5-99d3-f252989fbe27:group-78ADE9961CE1:LeaderElection206] INFO  impl.LeaderElection (LeaderElection.java:askForVotes(181)) - c326554a-81dd-4dc5-99d3-f252989fbe27:group-78ADE9961CE1:LeaderElection206: begin an election at term 1 for -1: [c326554a-81dd-4dc5-99d3-f252989fbe27:192.168.5.132:43619], old=null
2019-09-19 14:31:12,617 [c326554a-81dd-4dc5-99d3-f252989fbe27:group-D27CC882D79A:LeaderElection205] INFO  impl.RoleInfo (RoleInfo.java:shutdownLeaderElection(134)) - c326554a-81dd-4dc5-99d3-f252989fbe27: shutdown LeaderElection
2019-09-19 14:31:12,617 [c326554a-81dd-4dc5-99d3-f252989fbe27:group-78ADE9961CE1:LeaderElection206] INFO  impl.RoleInfo (RoleInfo.java:shutdownLeaderElection(134)) - c326554a-81dd-4dc5-99d3-f252989fbe27: shutdown LeaderElection
2019-09-19 14:31:12,617 [c326554a-81dd-4dc5-99d3-f252989fbe27:group-D27CC882D79A:LeaderElection205] INFO  impl.RaftServerImpl (RaftServerImpl.java:setRole(171)) - c326554a-81dd-4dc5-99d3-f252989fbe27:group-D27CC882D79A changes role from CANDIDATE to LEADER at term 1 for changeToLeader
2019-09-19 14:31:12,617 [c326554a-81dd-4dc5-99d3-f252989fbe27:group-78ADE9961CE1:LeaderElection206] INFO  impl.RaftServerImpl (RaftServerImpl.java:setRole(171)) - c326554a-81dd-4dc5-99d3-f252989fbe27:group-78ADE9961CE1 changes role from CANDIDATE to LEADER at term 1 for changeToLeader
2019-09-19 14:31:12,618 [c326554a-81dd-4dc5-99d3-f252989fbe27:group-D27CC882D79A:LeaderElection205] INFO  impl.RaftServerImpl (ServerState.java:setLeader(263)) - c326554a-81dd-4dc5-99d3-f252989fbe27:group-D27CC882D79A change Leader from null to c326554a-81dd-4dc5-99d3-f252989fbe27 at term 1 for becomeLeader, leader elected after 5141ms
2019-09-19 14:31:12,618 [c326554a-81dd-4dc5-99d3-f252989fbe27:group-78ADE9961CE1:LeaderElection206] INFO  impl.RaftServerImpl (ServerState.java:setLeader(263)) - c326554a-81dd-4dc5-99d3-f252989fbe27:group-78ADE9961CE1 change Leader from null to c326554a-81dd-4dc5-99d3-f252989fbe27 at term 1 for becomeLeader, leader elected after 5060ms
2019-09-19 14:31:12,618 [c326554a-81dd-4dc5-99d3-f252989fbe27:group-D27CC882D79A:LeaderElection205] INFO  server.RaftServerConfigKeys (ConfUtils.java:logGet(43)) - raft.server.staging.catchup.gap = 1000 (default)
2019-09-19 14:31:12,618 [c326554a-81dd-4dc5-99d3-f252989fbe27:group-78ADE9961CE1:LeaderElection206] INFO  server.RaftServerConfigKeys (ConfUtils.java:logGet(43)) - raft.server.staging.catchup.gap = 1000 (default)
2019-09-19 14:31:12,618 [c326554a-81dd-4dc5-99d3-f252989fbe27:group-D27CC882D79A:LeaderElection205] INFO  server.RaftServerConfigKeys (ConfUtils.java:logGet(43)) - raft.server.rpc.sleep.time = 25ms (default)
2019-09-19 14:31:12,618 [c326554a-81dd-4dc5-99d3-f252989fbe27:group-78ADE9961CE1:LeaderElection206] INFO  server.RaftServerConfigKeys (ConfUtils.java:logGet(43)) - raft.server.rpc.sleep.time = 25ms (default)
2019-09-19 14:31:12,618 [c326554a-81dd-4dc5-99d3-f252989fbe27:group-D27CC882D79A:LeaderElection205] INFO  server.RaftServerConfigKeys (ConfUtils.java:logGet(43)) - raft.server.write.element-limit = 4096 (default)
2019-09-19 14:31:12,618 [c326554a-81dd-4dc5-99d3-f252989fbe27:group-78ADE9961CE1:LeaderElection206] INFO  server.RaftServerConfigKeys (ConfUtils.java:logGet(43)) - raft.server.write.element-limit = 4096 (default)
2019-09-19 14:31:12,619 [c326554a-81dd-4dc5-99d3-f252989fbe27:group-D27CC882D79A:LeaderElection205] INFO  server.RaftServerConfigKeys (ConfUtils.java:logGet(43)) - raft.server.watch.timeout = 10s (default)
2019-09-19 14:31:12,619 [c326554a-81dd-4dc5-99d3-f252989fbe27:group-78ADE9961CE1:LeaderElection206] INFO  server.RaftServerConfigKeys (ConfUtils.java:logGet(43)) - raft.server.watch.timeout = 10s (default)
2019-09-19 14:31:12,619 [c326554a-81dd-4dc5-99d3-f252989fbe27:group-D27CC882D79A:LeaderElection205] INFO  server.RaftServerConfigKeys (ConfUtils.java:logGet(43)) - raft.server.watch.timeout.denomination = 1s (default)
2019-09-19 14:31:12,619 [c326554a-81dd-4dc5-99d3-f252989fbe27:group-78ADE9961CE1:LeaderElection206] INFO  server.RaftServerConfigKeys (ConfUtils.java:logGet(43)) - raft.server.watch.timeout.denomination = 1s (default)
2019-09-19 14:31:12,619 [c326554a-81dd-4dc5-99d3-f252989fbe27:group-D27CC882D79A:LeaderElection205] INFO  server.RaftServerConfigKeys (ConfUtils.java:logGet(43)) - raft.server.watch.element-limit = 65536 (default)
2019-09-19 14:31:12,619 [c326554a-81dd-4dc5-99d3-f252989fbe27:group-78ADE9961CE1:LeaderElection206] INFO  server.RaftServerConfigKeys (ConfUtils.java:logGet(43)) - raft.server.watch.element-limit = 65536 (default)
2019-09-19 14:31:12,619 [c326554a-81dd-4dc5-99d3-f252989fbe27:group-D27CC882D79A:LeaderElection205] INFO  impl.RoleInfo (RoleInfo.java:updateAndGet(143)) - c326554a-81dd-4dc5-99d3-f252989fbe27: start LeaderState
2019-09-19 14:31:12,620 [c326554a-81dd-4dc5-99d3-f252989fbe27:group-78ADE9961CE1:LeaderElection206] INFO  impl.RoleInfo (RoleInfo.java:updateAndGet(143)) - c326554a-81dd-4dc5-99d3-f252989fbe27: start LeaderState
2019-09-19 14:31:12,620 [c326554a-81dd-4dc5-99d3-f252989fbe27:group-D27CC882D79A:LeaderElection205] INFO  segmented.SegmentedRaftLogWorker (SegmentedRaftLogWorker.java:startLogSegment(380)) - c326554a-81dd-4dc5-99d3-f252989fbe27-SegmentedRaftLogWorker:Storage Directory /workdir/hadoop-ozone/ozonefs/target/test-dir/MiniOzoneClusterImpl-339f3dc1-3cc0-483d-bcb7-0cbf2f200edb/datanode-1/data/ratis/9a2bc314-74bf-41de-a9cb-d27cc882d79a: Starting segment from index:0
2019-09-19 14:31:12,620 [c326554a-81dd-4dc5-99d3-f252989fbe27:group-78ADE9961CE1:LeaderElection206] INFO  segmented.SegmentedRaftLogWorker (SegmentedRaftLogWorker.java:startLogSegment(380)) - c326554a-81dd-4dc5-99d3-f252989fbe27-SegmentedRaftLogWorker:Storage Directory /workdir/hadoop-ozone/ozonefs/target/test-dir/MiniOzoneClusterImpl-339f3dc1-3cc0-483d-bcb7-0cbf2f200edb/datanode-1/data/ratis/cab3ad1c-bae8-47d4-8b42-78ade9961ce1: Starting segment from index:0
2019-09-19 14:31:12,620 [c326554a-81dd-4dc5-99d3-f252989fbe27:group-D27CC882D79A:LeaderElection205] INFO  impl.RaftServerImpl (ServerState.java:setRaftConf(361)) - c326554a-81dd-4dc5-99d3-f252989fbe27:group-D27CC882D79A set configuration 0: [c326554a-81dd-4dc5-99d3-f252989fbe27:192.168.5.132:43619], old=null at 0
2019-09-19 14:31:12,620 [c326554a-81dd-4dc5-99d3-f252989fbe27:group-78ADE9961CE1:LeaderElection206] INFO  impl.RaftServerImpl (ServerState.java:setRaftConf(361)) - c326554a-81dd-4dc5-99d3-f252989fbe27:group-78ADE9961CE1 set configuration 0: [c326554a-81dd-4dc5-99d3-f252989fbe27:192.168.5.132:43619], old=null at 0
2019-09-19 14:31:12,638 [25afcdf3-50ae-4913-8777-2a97b689269f-SegmentedRaftLogWorker:Storage Directory /workdir/hadoop-ozone/ozonefs/target/test-dir/MiniOzoneClusterImpl-339f3dc1-3cc0-483d-bcb7-0cbf2f200edb/datanode-0/data/ratis/7b2c3b0b-c2fc-4cce-a1a9-451ff792b3c0] INFO  segmented.SegmentedRaftLogWorker (SegmentedRaftLogWorker.java:execute(569)) - 25afcdf3-50ae-4913-8777-2a97b689269f-SegmentedRaftLogWorker:Storage Directory /workdir/hadoop-ozone/ozonefs/target/test-dir/MiniOzoneClusterImpl-339f3dc1-3cc0-483d-bcb7-0cbf2f200edb/datanode-0/data/ratis/7b2c3b0b-c2fc-4cce-a1a9-451ff792b3c0: created new log segment /workdir/hadoop-ozone/ozonefs/target/test-dir/MiniOzoneClusterImpl-339f3dc1-3cc0-483d-bcb7-0cbf2f200edb/datanode-0/data/ratis/7b2c3b0b-c2fc-4cce-a1a9-451ff792b3c0/current/log_inprogress_0
2019-09-19 14:31:12,658 [c326554a-81dd-4dc5-99d3-f252989fbe27-SegmentedRaftLogWorker:Storage Directory /workdir/hadoop-ozone/ozonefs/target/test-dir/MiniOzoneClusterImpl-339f3dc1-3cc0-483d-bcb7-0cbf2f200edb/datanode-1/data/ratis/9a2bc314-74bf-41de-a9cb-d27cc882d79a] INFO  segmented.SegmentedRaftLogWorker (SegmentedRaftLogWorker.java:execute(569)) - c326554a-81dd-4dc5-99d3-f252989fbe27-SegmentedRaftLogWorker:Storage Directory /workdir/hadoop-ozone/ozonefs/target/test-dir/MiniOzoneClusterImpl-339f3dc1-3cc0-483d-bcb7-0cbf2f200edb/datanode-1/data/ratis/9a2bc314-74bf-41de-a9cb-d27cc882d79a: created new log segment /workdir/hadoop-ozone/ozonefs/target/test-dir/MiniOzoneClusterImpl-339f3dc1-3cc0-483d-bcb7-0cbf2f200edb/datanode-1/data/ratis/9a2bc314-74bf-41de-a9cb-d27cc882d79a/current/log_inprogress_0
2019-09-19 14:31:12,658 [c326554a-81dd-4dc5-99d3-f252989fbe27-SegmentedRaftLogWorker:Storage Directory /workdir/hadoop-ozone/ozonefs/target/test-dir/MiniOzoneClusterImpl-339f3dc1-3cc0-483d-bcb7-0cbf2f200edb/datanode-1/data/ratis/cab3ad1c-bae8-47d4-8b42-78ade9961ce1] INFO  segmented.SegmentedRaftLogWorker (SegmentedRaftLogWorker.java:execute(569)) - c326554a-81dd-4dc5-99d3-f252989fbe27-SegmentedRaftLogWorker:Storage Directory /workdir/hadoop-ozone/ozonefs/target/test-dir/MiniOzoneClusterImpl-339f3dc1-3cc0-483d-bcb7-0cbf2f200edb/datanode-1/data/ratis/cab3ad1c-bae8-47d4-8b42-78ade9961ce1: created new log segment /workdir/hadoop-ozone/ozonefs/target/test-dir/MiniOzoneClusterImpl-339f3dc1-3cc0-483d-bcb7-0cbf2f200edb/datanode-1/data/ratis/cab3ad1c-bae8-47d4-8b42-78ade9961ce1/current/log_inprogress_0
2019-09-19 14:31:12,712 [Thread-3295] INFO  impl.FollowerState (FollowerState.java:run(106)) - 1a966e7b-a794-43d4-8c96-8627eaac3d29:group-3D284C1D5B17 changes to CANDIDATE, lastRpcTime:5073, electionTimeout:5073ms
2019-09-19 14:31:12,713 [Thread-3295] INFO  impl.RoleInfo (RoleInfo.java:shutdownFollowerState(121)) - 1a966e7b-a794-43d4-8c96-8627eaac3d29: shutdown FollowerState
2019-09-19 14:31:12,713 [Thread-3295] INFO  impl.RaftServerImpl (RaftServerImpl.java:setRole(171)) - 1a966e7b-a794-43d4-8c96-8627eaac3d29:group-3D284C1D5B17 changes role from FOLLOWER to CANDIDATE at term 0 for changeToCandidate
2019-09-19 14:31:12,713 [Thread-3295] INFO  impl.RoleInfo (RoleInfo.java:updateAndGet(143)) - 1a966e7b-a794-43d4-8c96-8627eaac3d29: start LeaderElection
2019-09-19 14:31:12,728 [1a966e7b-a794-43d4-8c96-8627eaac3d29:group-3D284C1D5B17:LeaderElection207] INFO  impl.LeaderElection (LeaderElection.java:askForVotes(181)) - 1a966e7b-a794-43d4-8c96-8627eaac3d29:group-3D284C1D5B17:LeaderElection207: begin an election at term 1 for -1: [1a966e7b-a794-43d4-8c96-8627eaac3d29:192.168.5.132:43341], old=null
2019-09-19 14:31:12,728 [1a966e7b-a794-43d4-8c96-8627eaac3d29:group-3D284C1D5B17:LeaderElection207] INFO  impl.RoleInfo (RoleInfo.java:shutdownLeaderElection(134)) - 1a966e7b-a794-43d4-8c96-8627eaac3d29: shutdown LeaderElection
2019-09-19 14:31:12,729 [1a966e7b-a794-43d4-8c96-8627eaac3d29:group-3D284C1D5B17:LeaderElection207] INFO  impl.RaftServerImpl (RaftServerImpl.java:setRole(171)) - 1a966e7b-a794-43d4-8c96-8627eaac3d29:group-3D284C1D5B17 changes role from CANDIDATE to LEADER at term 1 for changeToLeader
2019-09-19 14:31:12,729 [1a966e7b-a794-43d4-8c96-8627eaac3d29:group-3D284C1D5B17:LeaderElection207] INFO  impl.RaftServerImpl (ServerState.java:setLeader(263)) - 1a966e7b-a794-43d4-8c96-8627eaac3d29:group-3D284C1D5B17 change Leader from null to 1a966e7b-a794-43d4-8c96-8627eaac3d29 at term 1 for becomeLeader, leader elected after 5092ms
2019-09-19 14:31:12,729 [1a966e7b-a794-43d4-8c96-8627eaac3d29:group-3D284C1D5B17:LeaderElection207] INFO  server.RaftServerConfigKeys (ConfUtils.java:logGet(43)) - raft.server.staging.catchup.gap = 1000 (default)
2019-09-19 14:31:12,729 [1a966e7b-a794-43d4-8c96-8627eaac3d29:group-3D284C1D5B17:LeaderElection207] INFO  server.RaftServerConfigKeys (ConfUtils.java:logGet(43)) - raft.server.rpc.sleep.time = 25ms (default)
2019-09-19 14:31:12,729 [1a966e7b-a794-43d4-8c96-8627eaac3d29:group-3D284C1D5B17:LeaderElection207] INFO  server.RaftServerConfigKeys (ConfUtils.java:logGet(43)) - raft.server.write.element-limit = 4096 (default)
2019-09-19 14:31:12,729 [1a966e7b-a794-43d4-8c96-8627eaac3d29:group-3D284C1D5B17:LeaderElection207] INFO  server.RaftServerConfigKeys (ConfUtils.java:logGet(43)) - raft.server.watch.timeout = 10s (default)
2019-09-19 14:31:12,730 [1a966e7b-a794-43d4-8c96-8627eaac3d29:group-3D284C1D5B17:LeaderElection207] INFO  server.RaftServerConfigKeys (ConfUtils.java:logGet(43)) - raft.server.watch.timeout.denomination = 1s (default)
2019-09-19 14:31:12,730 [1a966e7b-a794-43d4-8c96-8627eaac3d29:group-3D284C1D5B17:LeaderElection207] INFO  server.RaftServerConfigKeys (ConfUtils.java:logGet(43)) - raft.server.watch.element-limit = 65536 (default)
2019-09-19 14:31:12,730 [1a966e7b-a794-43d4-8c96-8627eaac3d29:group-3D284C1D5B17:LeaderElection207] INFO  impl.RoleInfo (RoleInfo.java:updateAndGet(143)) - 1a966e7b-a794-43d4-8c96-8627eaac3d29: start LeaderState
2019-09-19 14:31:12,730 [1a966e7b-a794-43d4-8c96-8627eaac3d29:group-3D284C1D5B17:LeaderElection207] INFO  segmented.SegmentedRaftLogWorker (SegmentedRaftLogWorker.java:startLogSegment(380)) - 1a966e7b-a794-43d4-8c96-8627eaac3d29-SegmentedRaftLogWorker:Storage Directory /workdir/hadoop-ozone/ozonefs/target/test-dir/MiniOzoneClusterImpl-339f3dc1-3cc0-483d-bcb7-0cbf2f200edb/datanode-2/data/ratis/746e4655-589c-42e3-a46e-3d284c1d5b17: Starting segment from index:0
2019-09-19 14:31:12,731 [1a966e7b-a794-43d4-8c96-8627eaac3d29:group-3D284C1D5B17:LeaderElection207] INFO  impl.RaftServerImpl (ServerState.java:setRaftConf(361)) - 1a966e7b-a794-43d4-8c96-8627eaac3d29:group-3D284C1D5B17 set configuration 0: [1a966e7b-a794-43d4-8c96-8627eaac3d29:192.168.5.132:43341], old=null at 0
2019-09-19 14:31:12,735 [Thread-3292] INFO  impl.FollowerState (FollowerState.java:run(106)) - c326554a-81dd-4dc5-99d3-f252989fbe27:group-722BBEFEA3DD changes to CANDIDATE, lastRpcTime:5136, electionTimeout:5136ms
2019-09-19 14:31:12,735 [Thread-3292] INFO  impl.RoleInfo (RoleInfo.java:shutdownFollowerState(121)) - c326554a-81dd-4dc5-99d3-f252989fbe27: shutdown FollowerState
2019-09-19 14:31:12,735 [Thread-3292] INFO  impl.RaftServerImpl (RaftServerImpl.java:setRole(171)) - c326554a-81dd-4dc5-99d3-f252989fbe27:group-722BBEFEA3DD changes role from FOLLOWER to CANDIDATE at term 0 for changeToCandidate
2019-09-19 14:31:12,735 [Thread-3292] INFO  impl.RoleInfo (RoleInfo.java:updateAndGet(143)) - c326554a-81dd-4dc5-99d3-f252989fbe27: start LeaderElection
2019-09-19 14:31:12,750 [c326554a-81dd-4dc5-99d3-f252989fbe27:group-722BBEFEA3DD:LeaderElection208] INFO  impl.LeaderElection (LeaderElection.java:askForVotes(181)) - c326554a-81dd-4dc5-99d3-f252989fbe27:group-722BBEFEA3DD:LeaderElection208: begin an election at term 1 for -1: [c326554a-81dd-4dc5-99d3-f252989fbe27:192.168.5.132:43619], old=null
2019-09-19 14:31:12,750 [c326554a-81dd-4dc5-99d3-f252989fbe27:group-722BBEFEA3DD:LeaderElection208] INFO  impl.RoleInfo (RoleInfo.java:shutdownLeaderElection(134)) - c326554a-81dd-4dc5-99d3-f252989fbe27: shutdown LeaderElection
2019-09-19 14:31:12,750 [c326554a-81dd-4dc5-99d3-f252989fbe27:group-722BBEFEA3DD:LeaderElection208] INFO  impl.RaftServerImpl (RaftServerImpl.java:setRole(171)) - c326554a-81dd-4dc5-99d3-f252989fbe27:group-722BBEFEA3DD changes role from CANDIDATE to LEADER at term 1 for changeToLeader
2019-09-19 14:31:12,750 [c326554a-81dd-4dc5-99d3-f252989fbe27:group-722BBEFEA3DD:LeaderElection208] INFO  impl.RaftServerImpl (ServerState.java:setLeader(263)) - c326554a-81dd-4dc5-99d3-f252989fbe27:group-722BBEFEA3DD change Leader from null to c326554a-81dd-4dc5-99d3-f252989fbe27 at term 1 for becomeLeader, leader elected after 5154ms
2019-09-19 14:31:12,750 [c326554a-81dd-4dc5-99d3-f252989fbe27:group-722BBEFEA3DD:LeaderElection208] INFO  server.RaftServerConfigKeys (ConfUtils.java:logGet(43)) - raft.server.staging.catchup.gap = 1000 (default)
2019-09-19 14:31:12,751 [c326554a-81dd-4dc5-99d3-f252989fbe27:group-722BBEFEA3DD:LeaderElection208] INFO  server.RaftServerConfigKeys (ConfUtils.java:logGet(43)) - raft.server.rpc.sleep.time = 25ms (default)
2019-09-19 14:31:12,751 [c326554a-81dd-4dc5-99d3-f252989fbe27:group-722BBEFEA3DD:LeaderElection208] INFO  server.RaftServerConfigKeys (ConfUtils.java:logGet(43)) - raft.server.write.element-limit = 4096 (default)
2019-09-19 14:31:12,751 [c326554a-81dd-4dc5-99d3-f252989fbe27:group-722BBEFEA3DD:LeaderElection208] INFO  server.RaftServerConfigKeys (ConfUtils.java:logGet(43)) - raft.server.watch.timeout = 10s (default)
2019-09-19 14:31:12,751 [c326554a-81dd-4dc5-99d3-f252989fbe27:group-722BBEFEA3DD:LeaderElection208] INFO  server.RaftServerConfigKeys (ConfUtils.java:logGet(43)) - raft.server.watch.timeout.denomination = 1s (default)
2019-09-19 14:31:12,919 [c326554a-81dd-4dc5-99d3-f252989fbe27:group-722BBEFEA3DD:LeaderElection208] INFO  server.RaftServerConfigKeys (ConfUtils.java:logGet(43)) - raft.server.watch.element-limit = 65536 (default)
2019-09-19 14:31:12,924 [Thread-3307] INFO  impl.FollowerState (FollowerState.java:run(106)) - 1a966e7b-a794-43d4-8c96-8627eaac3d29:group-AB36DE50A69F changes to CANDIDATE, lastRpcTime:5166, electionTimeout:5033ms
2019-09-19 14:31:12,924 [Thread-3304] INFO  impl.FollowerState (FollowerState.java:run(106)) - 1a966e7b-a794-43d4-8c96-8627eaac3d29:group-417753F92378 changes to CANDIDATE, lastRpcTime:5184, electionTimeout:5134ms
2019-09-19 14:31:12,943 [Thread-3304] INFO  impl.RoleInfo (RoleInfo.java:shutdownFollowerState(121)) - 1a966e7b-a794-43d4-8c96-8627eaac3d29: shutdown FollowerState
2019-09-19 14:31:12,934 [Thread-3307] INFO  impl.RoleInfo (RoleInfo.java:shutdownFollowerState(121)) - 1a966e7b-a794-43d4-8c96-8627eaac3d29: shutdown FollowerState
2019-09-19 14:31:12,929 [c326554a-81dd-4dc5-99d3-f252989fbe27:group-722BBEFEA3DD:LeaderElection208] INFO  impl.RoleInfo (RoleInfo.java:updateAndGet(143)) - c326554a-81dd-4dc5-99d3-f252989fbe27: start LeaderState
2019-09-19 14:31:12,929 [Thread-3298] INFO  impl.FollowerState (FollowerState.java:run(106)) - 1a966e7b-a794-43d4-8c96-8627eaac3d29:group-3863F975CB91 changes to CANDIDATE, lastRpcTime:5247, electionTimeout:5122ms
2019-09-19 14:31:12,929 [Thread-3301] INFO  impl.FollowerState (FollowerState.java:run(106)) - 1a966e7b-a794-43d4-8c96-8627eaac3d29:group-AEF054876AFF changes to CANDIDATE, lastRpcTime:5211, electionTimeout:5102ms
2019-09-19 14:31:12,972 [Thread-3301] INFO  impl.RoleInfo (RoleInfo.java:shutdownFollowerState(121)) - 1a966e7b-a794-43d4-8c96-8627eaac3d29: shutdown FollowerState
2019-09-19 14:31:12,929 [Thread-3310] INFO  impl.FollowerState (FollowerState.java:run(106)) - 1a966e7b-a794-43d4-8c96-8627eaac3d29:group-E5ED58ED9DA3 changes to CANDIDATE, lastRpcTime:5152, electionTimeout:5149ms
2019-09-19 14:31:12,975 [Thread-3301] INFO  impl.RaftServerImpl (RaftServerImpl.java:setRole(171)) - 1a966e7b-a794-43d4-8c96-8627eaac3d29:group-AEF054876AFF changes role from FOLLOWER to CANDIDATE at term 0 for changeToCandidate
2019-09-19 14:31:12,967 [Thread-3298] INFO  impl.RoleInfo (RoleInfo.java:shutdownFollowerState(121)) - 1a966e7b-a794-43d4-8c96-8627eaac3d29: shutdown FollowerState
2019-09-19 14:31:12,962 [c326554a-81dd-4dc5-99d3-f252989fbe27:group-722BBEFEA3DD:LeaderElection208] INFO  segmented.SegmentedRaftLogWorker (SegmentedRaftLogWorker.java:startLogSegment(380)) - c326554a-81dd-4dc5-99d3-f252989fbe27-SegmentedRaftLogWorker:Storage Directory /workdir/hadoop-ozone/ozonefs/target/test-dir/MiniOzoneClusterImpl-339f3dc1-3cc0-483d-bcb7-0cbf2f200edb/datanode-1/data/ratis/8d49e628-5f46-4896-b377-722bbefea3dd: Starting segment from index:0
2019-09-19 14:31:12,949 [Thread-3307] INFO  impl.RaftServerImpl (RaftServerImpl.java:setRole(171)) - 1a966e7b-a794-43d4-8c96-8627eaac3d29:group-AB36DE50A69F changes role from FOLLOWER to CANDIDATE at term 0 for changeToCandidate
2019-09-19 14:31:12,948 [1a966e7b-a794-43d4-8c96-8627eaac3d29-SegmentedRaftLogWorker:Storage Directory /workdir/hadoop-ozone/ozonefs/target/test-dir/MiniOzoneClusterImpl-339f3dc1-3cc0-483d-bcb7-0cbf2f200edb/datanode-2/data/ratis/746e4655-589c-42e3-a46e-3d284c1d5b17] INFO  segmented.SegmentedRaftLogWorker (SegmentedRaftLogWorker.java:execute(569)) - 1a966e7b-a794-43d4-8c96-8627eaac3d29-SegmentedRaftLogWorker:Storage Directory /workdir/hadoop-ozone/ozonefs/target/test-dir/MiniOzoneClusterImpl-339f3dc1-3cc0-483d-bcb7-0cbf2f200edb/datanode-2/data/ratis/746e4655-589c-42e3-a46e-3d284c1d5b17: created new log segment /workdir/hadoop-ozone/ozonefs/target/test-dir/MiniOzoneClusterImpl-339f3dc1-3cc0-483d-bcb7-0cbf2f200edb/datanode-2/data/ratis/746e4655-589c-42e3-a46e-3d284c1d5b17/current/log_inprogress_0
2019-09-19 14:31:12,944 [Thread-3304] INFO  impl.RaftServerImpl (RaftServerImpl.java:setRole(171)) - 1a966e7b-a794-43d4-8c96-8627eaac3d29:group-417753F92378 changes role from FOLLOWER to CANDIDATE at term 0 for changeToCandidate
2019-09-19 14:31:12,943 [Thread-3313] INFO  impl.FollowerState (FollowerState.java:run(106)) - c326554a-81dd-4dc5-99d3-f252989fbe27:group-68F114608327 changes to CANDIDATE, lastRpcTime:5096, electionTimeout:5091ms
2019-09-19 14:31:13,036 [Thread-3304] INFO  impl.RoleInfo (RoleInfo.java:updateAndGet(143)) - 1a966e7b-a794-43d4-8c96-8627eaac3d29: start LeaderElection
2019-09-19 14:31:13,025 [c326554a-81dd-4dc5-99d3-f252989fbe27:group-722BBEFEA3DD:LeaderElection208] INFO  impl.RaftServerImpl (ServerState.java:setRaftConf(361)) - c326554a-81dd-4dc5-99d3-f252989fbe27:group-722BBEFEA3DD set configuration 0: [c326554a-81dd-4dc5-99d3-f252989fbe27:192.168.5.132:43619], old=null at 0
2019-09-19 14:31:13,010 [Thread-3319] INFO  impl.FollowerState (FollowerState.java:run(106)) - c326554a-81dd-4dc5-99d3-f252989fbe27:group-576C7AC9501B changes to CANDIDATE, lastRpcTime:5048, electionTimeout:5048ms
2019-09-19 14:31:13,010 [Thread-3307] INFO  impl.RoleInfo (RoleInfo.java:updateAndGet(143)) - 1a966e7b-a794-43d4-8c96-8627eaac3d29: start LeaderElection
2019-09-19 14:31:12,994 [Thread-3298] INFO  impl.RaftServerImpl (RaftServerImpl.java:setRole(171)) - 1a966e7b-a794-43d4-8c96-8627eaac3d29:group-3863F975CB91 changes role from FOLLOWER to CANDIDATE at term 0 for changeToCandidate
2019-09-19 14:31:12,993 [Thread-3301] INFO  impl.RoleInfo (RoleInfo.java:updateAndGet(143)) - 1a966e7b-a794-43d4-8c96-8627eaac3d29: start LeaderElection
2019-09-19 14:31:12,984 [Thread-3310] INFO  impl.RoleInfo (RoleInfo.java:shutdownFollowerState(121)) - 1a966e7b-a794-43d4-8c96-8627eaac3d29: shutdown FollowerState
2019-09-19 14:31:13,108 [Thread-3310] INFO  impl.RaftServerImpl (RaftServerImpl.java:setRole(171)) - 1a966e7b-a794-43d4-8c96-8627eaac3d29:group-E5ED58ED9DA3 changes role from FOLLOWER to CANDIDATE at term 0 for changeToCandidate
2019-09-19 14:31:13,107 [Thread-3298] INFO  impl.RoleInfo (RoleInfo.java:updateAndGet(143)) - 1a966e7b-a794-43d4-8c96-8627eaac3d29: start LeaderElection
2019-09-19 14:31:13,126 [Thread-3310] INFO  impl.RoleInfo (RoleInfo.java:updateAndGet(143)) - 1a966e7b-a794-43d4-8c96-8627eaac3d29: start LeaderElection
2019-09-19 14:31:13,100 [Thread-3316] INFO  impl.FollowerState (FollowerState.java:run(106)) - c326554a-81dd-4dc5-99d3-f252989fbe27:group-C50D8DC1D39D changes to CANDIDATE, lastRpcTime:5197, electionTimeout:5158ms
2019-09-19 14:31:13,094 [Thread-3319] INFO  impl.RoleInfo (RoleInfo.java:shutdownFollowerState(121)) - c326554a-81dd-4dc5-99d3-f252989fbe27: shutdown FollowerState
2019-09-19 14:31:13,138 [Thread-3319] INFO  impl.RaftServerImpl (RaftServerImpl.java:setRole(171)) - c326554a-81dd-4dc5-99d3-f252989fbe27:group-576C7AC9501B changes role from FOLLOWER to CANDIDATE at term 0 for changeToCandidate
2019-09-19 14:31:13,049 [Thread-3313] INFO  impl.RoleInfo (RoleInfo.java:shutdownFollowerState(121)) - c326554a-81dd-4dc5-99d3-f252989fbe27: shutdown FollowerState
2019-09-19 14:31:13,144 [Thread-3319] INFO  impl.RoleInfo (RoleInfo.java:updateAndGet(143)) - c326554a-81dd-4dc5-99d3-f252989fbe27: start LeaderElection
2019-09-19 14:31:13,138 [Thread-3316] INFO  impl.RoleInfo (RoleInfo.java:shutdownFollowerState(121)) - c326554a-81dd-4dc5-99d3-f252989fbe27: shutdown FollowerState
2019-09-19 14:31:13,125 [c326554a-81dd-4dc5-99d3-f252989fbe27-SegmentedRaftLogWorker:Storage Directory /workdir/hadoop-ozone/ozonefs/target/test-dir/MiniOzoneClusterImpl-339f3dc1-3cc0-483d-bcb7-0cbf2f200edb/datanode-1/data/ratis/8d49e628-5f46-4896-b377-722bbefea3dd] INFO  segmented.SegmentedRaftLogWorker (SegmentedRaftLogWorker.java:execute(569)) - c326554a-81dd-4dc5-99d3-f252989fbe27-SegmentedRaftLogWorker:Storage Directory /workdir/hadoop-ozone/ozonefs/target/test-dir/MiniOzoneClusterImpl-339f3dc1-3cc0-483d-bcb7-0cbf2f200edb/datanode-1/data/ratis/8d49e628-5f46-4896-b377-722bbefea3dd: created new log segment /workdir/hadoop-ozone/ozonefs/target/test-dir/MiniOzoneClusterImpl-339f3dc1-3cc0-483d-bcb7-0cbf2f200edb/datanode-1/data/ratis/8d49e628-5f46-4896-b377-722bbefea3dd/current/log_inprogress_0
2019-09-19 14:31:13,147 [Thread-3316] INFO  impl.RaftServerImpl (RaftServerImpl.java:setRole(171)) - c326554a-81dd-4dc5-99d3-f252989fbe27:group-C50D8DC1D39D changes role from FOLLOWER to CANDIDATE at term 0 for changeToCandidate
2019-09-19 14:31:13,147 [Thread-3313] INFO  impl.RaftServerImpl (RaftServerImpl.java:setRole(171)) - c326554a-81dd-4dc5-99d3-f252989fbe27:group-68F114608327 changes role from FOLLOWER to CANDIDATE at term 0 for changeToCandidate
2019-09-19 14:31:13,152 [Thread-3316] INFO  impl.RoleInfo (RoleInfo.java:updateAndGet(143)) - c326554a-81dd-4dc5-99d3-f252989fbe27: start LeaderElection
2019-09-19 14:31:13,152 [Thread-3313] INFO  impl.RoleInfo (RoleInfo.java:updateAndGet(143)) - c326554a-81dd-4dc5-99d3-f252989fbe27: start LeaderElection
2019-09-19 14:31:13,191 [1a966e7b-a794-43d4-8c96-8627eaac3d29:group-E5ED58ED9DA3:LeaderElection213] INFO  impl.LeaderElection (LeaderElection.java:askForVotes(181)) - 1a966e7b-a794-43d4-8c96-8627eaac3d29:group-E5ED58ED9DA3:LeaderElection213: begin an election at term 1 for -1: [1a966e7b-a794-43d4-8c96-8627eaac3d29:192.168.5.132:43341], old=null
2019-09-19 14:31:13,191 [1a966e7b-a794-43d4-8c96-8627eaac3d29:group-417753F92378:LeaderElection211] INFO  impl.LeaderElection (LeaderElection.java:askForVotes(181)) - 1a966e7b-a794-43d4-8c96-8627eaac3d29:group-417753F92378:LeaderElection211: begin an election at term 1 for -1: [1a966e7b-a794-43d4-8c96-8627eaac3d29:192.168.5.132:43341], old=null
2019-09-19 14:31:13,192 [1a966e7b-a794-43d4-8c96-8627eaac3d29:group-E5ED58ED9DA3:LeaderElection213] INFO  impl.RoleInfo (RoleInfo.java:shutdownLeaderElection(134)) - 1a966e7b-a794-43d4-8c96-8627eaac3d29: shutdown LeaderElection
2019-09-19 14:31:13,191 [1a966e7b-a794-43d4-8c96-8627eaac3d29:group-AB36DE50A69F:LeaderElection210] INFO  impl.LeaderElection (LeaderElection.java:askForVotes(181)) - 1a966e7b-a794-43d4-8c96-8627eaac3d29:group-AB36DE50A69F:LeaderElection210: begin an election at term 1 for -1: [1a966e7b-a794-43d4-8c96-8627eaac3d29:192.168.5.132:43341], old=null
2019-09-19 14:31:13,191 [1a966e7b-a794-43d4-8c96-8627eaac3d29:group-AEF054876AFF:LeaderElection209] INFO  impl.LeaderElection (LeaderElection.java:askForVotes(181)) - 1a966e7b-a794-43d4-8c96-8627eaac3d29:group-AEF054876AFF:LeaderElection209: begin an election at term 1 for -1: [1a966e7b-a794-43d4-8c96-8627eaac3d29:192.168.5.132:43341], old=null
2019-09-19 14:31:13,192 [1a966e7b-a794-43d4-8c96-8627eaac3d29:group-AEF054876AFF:LeaderElection209] INFO  impl.RoleInfo (RoleInfo.java:shutdownLeaderElection(134)) - 1a966e7b-a794-43d4-8c96-8627eaac3d29: shutdown LeaderElection
2019-09-19 14:31:13,192 [1a966e7b-a794-43d4-8c96-8627eaac3d29:group-AEF054876AFF:LeaderElection209] INFO  impl.RaftServerImpl (RaftServerImpl.java:setRole(171)) - 1a966e7b-a794-43d4-8c96-8627eaac3d29:group-AEF054876AFF changes role from CANDIDATE to LEADER at term 1 for changeToLeader
2019-09-19 14:31:13,192 [c326554a-81dd-4dc5-99d3-f252989fbe27:group-576C7AC9501B:LeaderElection214] INFO  impl.LeaderElection (LeaderElection.java:askForVotes(181)) - c326554a-81dd-4dc5-99d3-f252989fbe27:group-576C7AC9501B:LeaderElection214: begin an election at term 1 for -1: [c326554a-81dd-4dc5-99d3-f252989fbe27:192.168.5.132:43619], old=null
2019-09-19 14:31:13,191 [1a966e7b-a794-43d4-8c96-8627eaac3d29:group-3863F975CB91:LeaderElection212] INFO  impl.LeaderElection (LeaderElection.java:askForVotes(181)) - 1a966e7b-a794-43d4-8c96-8627eaac3d29:group-3863F975CB91:LeaderElection212: begin an election at term 1 for -1: [1a966e7b-a794-43d4-8c96-8627eaac3d29:192.168.5.132:43341], old=null
2019-09-19 14:31:13,192 [c326554a-81dd-4dc5-99d3-f252989fbe27:group-576C7AC9501B:LeaderElection214] INFO  impl.RoleInfo (RoleInfo.java:shutdownLeaderElection(134)) - c326554a-81dd-4dc5-99d3-f252989fbe27: shutdown LeaderElection
2019-09-19 14:31:13,192 [c326554a-81dd-4dc5-99d3-f252989fbe27:group-576C7AC9501B:LeaderElection214] INFO  impl.RaftServerImpl (RaftServerImpl.java:setRole(171)) - c326554a-81dd-4dc5-99d3-f252989fbe27:group-576C7AC9501B changes role from CANDIDATE to LEADER at term 1 for changeToLeader
2019-09-19 14:31:13,192 [c326554a-81dd-4dc5-99d3-f252989fbe27:group-68F114608327:LeaderElection216] INFO  impl.LeaderElection (LeaderElection.java:askForVotes(181)) - c326554a-81dd-4dc5-99d3-f252989fbe27:group-68F114608327:LeaderElection216: begin an election at term 1 for -1: [c326554a-81dd-4dc5-99d3-f252989fbe27:192.168.5.132:43619], old=null
2019-09-19 14:31:13,192 [c326554a-81dd-4dc5-99d3-f252989fbe27:group-C50D8DC1D39D:LeaderElection215] INFO  impl.LeaderElection (LeaderElection.java:askForVotes(181)) - c326554a-81dd-4dc5-99d3-f252989fbe27:group-C50D8DC1D39D:LeaderElection215: begin an election at term 1 for -1: [c326554a-81dd-4dc5-99d3-f252989fbe27:192.168.5.132:43619], old=null
2019-09-19 14:31:13,192 [1a966e7b-a794-43d4-8c96-8627eaac3d29:group-AEF054876AFF:LeaderElection209] INFO  impl.RaftServerImpl (ServerState.java:setLeader(263)) - 1a966e7b-a794-43d4-8c96-8627eaac3d29:group-AEF054876AFF change Leader from null to 1a966e7b-a794-43d4-8c96-8627eaac3d29 at term 1 for becomeLeader, leader elected after 5482ms
2019-09-19 14:31:13,192 [1a966e7b-a794-43d4-8c96-8627eaac3d29:group-AB36DE50A69F:LeaderElection210] INFO  impl.RoleInfo (RoleInfo.java:shutdownLeaderElection(134)) - 1a966e7b-a794-43d4-8c96-8627eaac3d29: shutdown LeaderElection
2019-09-19 14:31:13,193 [1a966e7b-a794-43d4-8c96-8627eaac3d29:group-AEF054876AFF:LeaderElection209] INFO  server.RaftServerConfigKeys (ConfUtils.java:logGet(43)) - raft.server.staging.catchup.gap = 1000 (default)
2019-09-19 14:31:13,192 [1a966e7b-a794-43d4-8c96-8627eaac3d29:group-E5ED58ED9DA3:LeaderElection213] INFO  impl.RaftServerImpl (RaftServerImpl.java:setRole(171)) - 1a966e7b-a794-43d4-8c96-8627eaac3d29:group-E5ED58ED9DA3 changes role from CANDIDATE to LEADER at term 1 for changeToLeader
2019-09-19 14:31:13,192 [1a966e7b-a794-43d4-8c96-8627eaac3d29:group-417753F92378:LeaderElection211] INFO  impl.RoleInfo (RoleInfo.java:shutdownLeaderElection(134)) - 1a966e7b-a794-43d4-8c96-8627eaac3d29: shutdown LeaderElection
2019-09-19 14:31:13,193 [1a966e7b-a794-43d4-8c96-8627eaac3d29:group-E5ED58ED9DA3:LeaderElection213] INFO  impl.RaftServerImpl (ServerState.java:setLeader(263)) - 1a966e7b-a794-43d4-8c96-8627eaac3d29:group-E5ED58ED9DA3 change Leader from null to 1a966e7b-a794-43d4-8c96-8627eaac3d29 at term 1 for becomeLeader, leader elected after 5419ms
2019-09-19 14:31:13,193 [1a966e7b-a794-43d4-8c96-8627eaac3d29:group-AEF054876AFF:LeaderElection209] INFO  server.RaftServerConfigKeys (ConfUtils.java:logGet(43)) - raft.server.rpc.sleep.time = 25ms (default)
2019-09-19 14:31:13,193 [1a966e7b-a794-43d4-8c96-8627eaac3d29:group-AB36DE50A69F:LeaderElection210] INFO  impl.RaftServerImpl (RaftServerImpl.java:setRole(171)) - 1a966e7b-a794-43d4-8c96-8627eaac3d29:group-AB36DE50A69F changes role from CANDIDATE to LEADER at term 1 for changeToLeader
2019-09-19 14:31:13,193 [c326554a-81dd-4dc5-99d3-f252989fbe27:group-C50D8DC1D39D:LeaderElection215] INFO  impl.RoleInfo (RoleInfo.java:shutdownLeaderElection(134)) - c326554a-81dd-4dc5-99d3-f252989fbe27: shutdown LeaderElection
2019-09-19 14:31:13,194 [c326554a-81dd-4dc5-99d3-f252989fbe27:group-C50D8DC1D39D:LeaderElection215] INFO  impl.RaftServerImpl (RaftServerImpl.java:setRole(171)) - c326554a-81dd-4dc5-99d3-f252989fbe27:group-C50D8DC1D39D changes role from CANDIDATE to LEADER at term 1 for changeToLeader
2019-09-19 14:31:13,194 [c326554a-81dd-4dc5-99d3-f252989fbe27:group-C50D8DC1D39D:LeaderElection215] INFO  impl.RaftServerImpl (ServerState.java:setLeader(263)) - c326554a-81dd-4dc5-99d3-f252989fbe27:group-C50D8DC1D39D change Leader from null to c326554a-81dd-4dc5-99d3-f252989fbe27 at term 1 for becomeLeader, leader elected after 5294ms
2019-09-19 14:31:13,193 [c326554a-81dd-4dc5-99d3-f252989fbe27:group-68F114608327:LeaderElection216] INFO  impl.RoleInfo (RoleInfo.java:shutdownLeaderElection(134)) - c326554a-81dd-4dc5-99d3-f252989fbe27: shutdown LeaderElection
2019-09-19 14:31:13,192 [c326554a-81dd-4dc5-99d3-f252989fbe27:group-576C7AC9501B:LeaderElection214] INFO  impl.RaftServerImpl (ServerState.java:setLeader(263)) - c326554a-81dd-4dc5-99d3-f252989fbe27:group-576C7AC9501B change Leader from null to c326554a-81dd-4dc5-99d3-f252989fbe27 at term 1 for becomeLeader, leader elected after 5233ms
2019-09-19 14:31:13,192 [1a966e7b-a794-43d4-8c96-8627eaac3d29:group-3863F975CB91:LeaderElection212] INFO  impl.RoleInfo (RoleInfo.java:shutdownLeaderElection(134)) - 1a966e7b-a794-43d4-8c96-8627eaac3d29: shutdown LeaderElection
2019-09-19 14:31:13,194 [c326554a-81dd-4dc5-99d3-f252989fbe27:group-576C7AC9501B:LeaderElection214] INFO  server.RaftServerConfigKeys (ConfUtils.java:logGet(43)) - raft.server.staging.catchup.gap = 1000 (default)
2019-09-19 14:31:13,194 [c326554a-81dd-4dc5-99d3-f252989fbe27:group-576C7AC9501B:LeaderElection214] INFO  server.RaftServerConfigKeys (ConfUtils.java:logGet(43)) - raft.server.rpc.sleep.time = 25ms (default)
2019-09-19 14:31:13,194 [c326554a-81dd-4dc5-99d3-f252989fbe27:group-68F114608327:LeaderElection216] INFO  impl.RaftServerImpl (RaftServerImpl.java:setRole(171)) - c326554a-81dd-4dc5-99d3-f252989fbe27:group-68F114608327 changes role from CANDIDATE to LEADER at term 1 for changeToLeader
2019-09-19 14:31:13,194 [c326554a-81dd-4dc5-99d3-f252989fbe27:group-C50D8DC1D39D:LeaderElection215] INFO  server.RaftServerConfigKeys (ConfUtils.java:logGet(43)) - raft.server.staging.catchup.gap = 1000 (default)
2019-09-19 14:31:13,193 [1a966e7b-a794-43d4-8c96-8627eaac3d29:group-AB36DE50A69F:LeaderElection210] INFO  impl.RaftServerImpl (ServerState.java:setLeader(263)) - 1a966e7b-a794-43d4-8c96-8627eaac3d29:group-AB36DE50A69F change Leader from null to 1a966e7b-a794-43d4-8c96-8627eaac3d29 at term 1 for becomeLeader, leader elected after 5439ms
2019-09-19 14:31:13,193 [1a966e7b-a794-43d4-8c96-8627eaac3d29:group-AEF054876AFF:LeaderElection209] INFO  server.RaftServerConfigKeys (ConfUtils.java:logGet(43)) - raft.server.write.element-limit = 4096 (default)
2019-09-19 14:31:13,193 [1a966e7b-a794-43d4-8c96-8627eaac3d29:group-E5ED58ED9DA3:LeaderElection213] INFO  server.RaftServerConfigKeys (ConfUtils.java:logGet(43)) - raft.server.staging.catchup.gap = 1000 (default)
2019-09-19 14:31:13,193 [1a966e7b-a794-43d4-8c96-8627eaac3d29:group-417753F92378:LeaderElection211] INFO  impl.RaftServerImpl (RaftServerImpl.java:setRole(171)) - 1a966e7b-a794-43d4-8c96-8627eaac3d29:group-417753F92378 changes role from CANDIDATE to LEADER at term 1 for changeToLeader
2019-09-19 14:31:13,195 [1a966e7b-a794-43d4-8c96-8627eaac3d29:group-E5ED58ED9DA3:LeaderElection213] INFO  server.RaftServerConfigKeys (ConfUtils.java:logGet(43)) - raft.server.rpc.sleep.time = 25ms (default)
2019-09-19 14:31:13,195 [1a966e7b-a794-43d4-8c96-8627eaac3d29:group-AEF054876AFF:LeaderElection209] INFO  server.RaftServerConfigKeys (ConfUtils.java:logGet(43)) - raft.server.watch.timeout = 10s (default)
2019-09-19 14:31:13,195 [1a966e7b-a794-43d4-8c96-8627eaac3d29:group-AB36DE50A69F:LeaderElection210] INFO  server.RaftServerConfigKeys (ConfUtils.java:logGet(43)) - raft.server.staging.catchup.gap = 1000 (default)
2019-09-19 14:31:13,195 [c326554a-81dd-4dc5-99d3-f252989fbe27:group-C50D8DC1D39D:LeaderElection215] INFO  server.RaftServerConfigKeys (ConfUtils.java:logGet(43)) - raft.server.rpc.sleep.time = 25ms (default)
2019-09-19 14:31:13,194 [c326554a-81dd-4dc5-99d3-f252989fbe27:group-68F114608327:LeaderElection216] INFO  impl.RaftServerImpl (ServerState.java:setLeader(263)) - c326554a-81dd-4dc5-99d3-f252989fbe27:group-68F114608327 change Leader from null to c326554a-81dd-4dc5-99d3-f252989fbe27 at term 1 for becomeLeader, leader elected after 5351ms
2019-09-19 14:31:13,194 [c326554a-81dd-4dc5-99d3-f252989fbe27:group-576C7AC9501B:LeaderElection214] INFO  server.RaftServerConfigKeys (ConfUtils.java:logGet(43)) - raft.server.write.element-limit = 4096 (default)
2019-09-19 14:31:13,194 [1a966e7b-a794-43d4-8c96-8627eaac3d29:group-3863F975CB91:LeaderElection212] INFO  impl.RaftServerImpl (RaftServerImpl.java:setRole(171)) - 1a966e7b-a794-43d4-8c96-8627eaac3d29:group-3863F975CB91 changes role from CANDIDATE to LEADER at term 1 for changeToLeader
2019-09-19 14:31:13,196 [c326554a-81dd-4dc5-99d3-f252989fbe27:group-576C7AC9501B:LeaderElection214] INFO  server.RaftServerConfigKeys (ConfUtils.java:logGet(43)) - raft.server.watch.timeout = 10s (default)
2019-09-19 14:31:13,196 [c326554a-81dd-4dc5-99d3-f252989fbe27:group-576C7AC9501B:LeaderElection214] INFO  server.RaftServerConfigKeys (ConfUtils.java:logGet(43)) - raft.server.watch.timeout.denomination = 1s (default)
2019-09-19 14:31:13,196 [c326554a-81dd-4dc5-99d3-f252989fbe27:group-68F114608327:LeaderElection216] INFO  server.RaftServerConfigKeys (ConfUtils.java:logGet(43)) - raft.server.staging.catchup.gap = 1000 (default)
2019-09-19 14:31:13,195 [c326554a-81dd-4dc5-99d3-f252989fbe27:group-C50D8DC1D39D:LeaderElection215] INFO  server.RaftServerConfigKeys (ConfUtils.java:logGet(43)) - raft.server.write.element-limit = 4096 (default)
2019-09-19 14:31:13,195 [1a966e7b-a794-43d4-8c96-8627eaac3d29:group-AB36DE50A69F:LeaderElection210] INFO  server.RaftServerConfigKeys (ConfUtils.java:logGet(43)) - raft.server.rpc.sleep.time = 25ms (default)
2019-09-19 14:31:13,195 [1a966e7b-a794-43d4-8c96-8627eaac3d29:group-AEF054876AFF:LeaderElection209] INFO  server.RaftServerConfigKeys (ConfUtils.java:logGet(43)) - raft.server.watch.timeout.denomination = 1s (default)
2019-09-19 14:31:13,195 [1a966e7b-a794-43d4-8c96-8627eaac3d29:group-E5ED58ED9DA3:LeaderElection213] INFO  server.RaftServerConfigKeys (ConfUtils.java:logGet(43)) - raft.server.write.element-limit = 4096 (default)
2019-09-19 14:31:13,195 [1a966e7b-a794-43d4-8c96-8627eaac3d29:group-417753F92378:LeaderElection211] INFO  impl.RaftServerImpl (ServerState.java:setLeader(263)) - 1a966e7b-a794-43d4-8c96-8627eaac3d29:group-417753F92378 change Leader from null to 1a966e7b-a794-43d4-8c96-8627eaac3d29 at term 1 for becomeLeader, leader elected after 5458ms
2019-09-19 14:31:13,197 [1a966e7b-a794-43d4-8c96-8627eaac3d29:group-E5ED58ED9DA3:LeaderElection213] INFO  server.RaftServerConfigKeys (ConfUtils.java:logGet(43)) - raft.server.watch.timeout = 10s (default)
2019-09-19 14:31:13,197 [1a966e7b-a794-43d4-8c96-8627eaac3d29:group-AEF054876AFF:LeaderElection209] INFO  server.RaftServerConfigKeys (ConfUtils.java:logGet(43)) - raft.server.watch.element-limit = 65536 (default)
2019-09-19 14:31:13,196 [1a966e7b-a794-43d4-8c96-8627eaac3d29:group-AB36DE50A69F:LeaderElection210] INFO  server.RaftServerConfigKeys (ConfUtils.java:logGet(43)) - raft.server.write.element-limit = 4096 (default)
2019-09-19 14:31:13,196 [c326554a-81dd-4dc5-99d3-f252989fbe27:group-C50D8DC1D39D:LeaderElection215] INFO  server.RaftServerConfigKeys (ConfUtils.java:logGet(43)) - raft.server.watch.timeout = 10s (default)
2019-09-19 14:31:13,197 [c326554a-81dd-4dc5-99d3-f252989fbe27:group-C50D8DC1D39D:LeaderElection215] INFO  server.RaftServerConfigKeys (ConfUtils.java:logGet(43)) - raft.server.watch.timeout.denomination = 1s (default)
2019-09-19 14:31:13,196 [c326554a-81dd-4dc5-99d3-f252989fbe27:group-68F114608327:LeaderElection216] INFO  server.RaftServerConfigKeys (ConfUtils.java:logGet(43)) - raft.server.rpc.sleep.time = 25ms (default)
2019-09-19 14:31:13,196 [c326554a-81dd-4dc5-99d3-f252989fbe27:group-576C7AC9501B:LeaderElection214] INFO  server.RaftServerConfigKeys (ConfUtils.java:logGet(43)) - raft.server.watch.element-limit = 65536 (default)
2019-09-19 14:31:13,196 [1a966e7b-a794-43d4-8c96-8627eaac3d29:group-3863F975CB91:LeaderElection212] INFO  impl.RaftServerImpl (ServerState.java:setLeader(263)) - 1a966e7b-a794-43d4-8c96-8627eaac3d29:group-3863F975CB91 change Leader from null to 1a966e7b-a794-43d4-8c96-8627eaac3d29 at term 1 for becomeLeader, leader elected after 5522ms
2019-09-19 14:31:13,198 [c326554a-81dd-4dc5-99d3-f252989fbe27:group-576C7AC9501B:LeaderElection214] INFO  impl.RoleInfo (RoleInfo.java:updateAndGet(143)) - c326554a-81dd-4dc5-99d3-f252989fbe27: start LeaderState
2019-09-19 14:31:13,198 [c326554a-81dd-4dc5-99d3-f252989fbe27:group-68F114608327:LeaderElection216] INFO  server.RaftServerConfigKeys (ConfUtils.java:logGet(43)) - raft.server.write.element-limit = 4096 (default)
2019-09-19 14:31:13,197 [c326554a-81dd-4dc5-99d3-f252989fbe27:group-C50D8DC1D39D:LeaderElection215] INFO  server.RaftServerConfigKeys (ConfUtils.java:logGet(43)) - raft.server.watch.element-limit = 65536 (default)
2019-09-19 14:31:13,197 [1a966e7b-a794-43d4-8c96-8627eaac3d29:group-AB36DE50A69F:LeaderElection210] INFO  server.RaftServerConfigKeys (ConfUtils.java:logGet(43)) - raft.server.watch.timeout = 10s (default)
2019-09-19 14:31:13,197 [1a966e7b-a794-43d4-8c96-8627eaac3d29:group-AEF054876AFF:LeaderElection209] INFO  impl.RoleInfo (RoleInfo.java:updateAndGet(143)) - 1a966e7b-a794-43d4-8c96-8627eaac3d29: start LeaderState
2019-09-19 14:31:13,197 [1a966e7b-a794-43d4-8c96-8627eaac3d29:group-E5ED58ED9DA3:LeaderElection213] INFO  server.RaftServerConfigKeys (ConfUtils.java:logGet(43)) - raft.server.watch.timeout.denomination = 1s (default)
2019-09-19 14:31:13,197 [1a966e7b-a794-43d4-8c96-8627eaac3d29:group-417753F92378:LeaderElection211] INFO  server.RaftServerConfigKeys (ConfUtils.java:logGet(43)) - raft.server.staging.catchup.gap = 1000 (default)
2019-09-19 14:31:13,199 [1a966e7b-a794-43d4-8c96-8627eaac3d29:group-E5ED58ED9DA3:LeaderElection213] INFO  server.RaftServerConfigKeys (ConfUtils.java:logGet(43)) - raft.server.watch.element-limit = 65536 (default)
2019-09-19 14:31:13,198 [1a966e7b-a794-43d4-8c96-8627eaac3d29:group-AEF054876AFF:LeaderElection209] INFO  segmented.SegmentedRaftLogWorker (SegmentedRaftLogWorker.java:startLogSegment(380)) - 1a966e7b-a794-43d4-8c96-8627eaac3d29-SegmentedRaftLogWorker:Storage Directory /workdir/hadoop-ozone/ozonefs/target/test-dir/MiniOzoneClusterImpl-339f3dc1-3cc0-483d-bcb7-0cbf2f200edb/datanode-2/data/ratis/4dff5ba6-8adc-46f2-8b07-aef054876aff: Starting segment from index:0
2019-09-19 14:31:13,198 [1a966e7b-a794-43d4-8c96-8627eaac3d29:group-AB36DE50A69F:LeaderElection210] INFO  server.RaftServerConfigKeys (ConfUtils.java:logGet(43)) - raft.server.watch.timeout.denomination = 1s (default)
2019-09-19 14:31:13,198 [c326554a-81dd-4dc5-99d3-f252989fbe27:group-C50D8DC1D39D:LeaderElection215] INFO  impl.RoleInfo (RoleInfo.java:updateAndGet(143)) - c326554a-81dd-4dc5-99d3-f252989fbe27: start LeaderState
2019-09-19 14:31:13,198 [c326554a-81dd-4dc5-99d3-f252989fbe27:group-68F114608327:LeaderElection216] INFO  server.RaftServerConfigKeys (ConfUtils.java:logGet(43)) - raft.server.watch.timeout = 10s (default)
2019-09-19 14:31:13,198 [c326554a-81dd-4dc5-99d3-f252989fbe27:group-576C7AC9501B:LeaderElection214] INFO  segmented.SegmentedRaftLogWorker (SegmentedRaftLogWorker.java:startLogSegment(380)) - c326554a-81dd-4dc5-99d3-f252989fbe27-SegmentedRaftLogWorker:Storage Directory /workdir/hadoop-ozone/ozonefs/target/test-dir/MiniOzoneClusterImpl-339f3dc1-3cc0-483d-bcb7-0cbf2f200edb/datanode-1/data/ratis/6062d964-efe2-4b93-9951-576c7ac9501b: Starting segment from index:0
2019-09-19 14:31:13,198 [1a966e7b-a794-43d4-8c96-8627eaac3d29:group-3863F975CB91:LeaderElection212] INFO  server.RaftServerConfigKeys (ConfUtils.java:logGet(43)) - raft.server.staging.catchup.gap = 1000 (default)
2019-09-19 14:31:13,199 [c326554a-81dd-4dc5-99d3-f252989fbe27:group-68F114608327:LeaderElection216] INFO  server.RaftServerConfigKeys (ConfUtils.java:logGet(43)) - raft.server.watch.timeout.denomination = 1s (default)
2019-09-19 14:31:13,199 [1a966e7b-a794-43d4-8c96-8627eaac3d29:group-AEF054876AFF:LeaderElection209] INFO  impl.RaftServerImpl (ServerState.java:setRaftConf(361)) - 1a966e7b-a794-43d4-8c96-8627eaac3d29:group-AEF054876AFF set configuration 0: [1a966e7b-a794-43d4-8c96-8627eaac3d29:192.168.5.132:43341], old=null at 0
2019-09-19 14:31:13,199 [c326554a-81dd-4dc5-99d3-f252989fbe27:group-C50D8DC1D39D:LeaderElection215] INFO  segmented.SegmentedRaftLogWorker (SegmentedRaftLogWorker.java:startLogSegment(380)) - c326554a-81dd-4dc5-99d3-f252989fbe27-SegmentedRaftLogWorker:Storage Directory /workdir/hadoop-ozone/ozonefs/target/test-dir/MiniOzoneClusterImpl-339f3dc1-3cc0-483d-bcb7-0cbf2f200edb/datanode-1/data/ratis/887a133e-267a-4561-ae34-c50d8dc1d39d: Starting segment from index:0
2019-09-19 14:31:13,199 [1a966e7b-a794-43d4-8c96-8627eaac3d29:group-AB36DE50A69F:LeaderElection210] INFO  server.RaftServerConfigKeys (ConfUtils.java:logGet(43)) - raft.server.watch.element-limit = 65536 (default)
2019-09-19 14:31:13,199 [1a966e7b-a794-43d4-8c96-8627eaac3d29:group-E5ED58ED9DA3:LeaderElection213] INFO  impl.RoleInfo (RoleInfo.java:updateAndGet(143)) - 1a966e7b-a794-43d4-8c96-8627eaac3d29: start LeaderState
2019-09-19 14:31:13,199 [1a966e7b-a794-43d4-8c96-8627eaac3d29:group-417753F92378:LeaderElection211] INFO  server.RaftServerConfigKeys (ConfUtils.java:logGet(43)) - raft.server.rpc.sleep.time = 25ms (default)
2019-09-19 14:31:13,201 [1a966e7b-a794-43d4-8c96-8627eaac3d29:group-E5ED58ED9DA3:LeaderElection213] INFO  segmented.SegmentedRaftLogWorker (SegmentedRaftLogWorker.java:startLogSegment(380)) - 1a966e7b-a794-43d4-8c96-8627eaac3d29-SegmentedRaftLogWorker:Storage Directory /workdir/hadoop-ozone/ozonefs/target/test-dir/MiniOzoneClusterImpl-339f3dc1-3cc0-483d-bcb7-0cbf2f200edb/datanode-2/data/ratis/044fd0c1-3ca6-4c13-a3f0-e5ed58ed9da3: Starting segment from index:0
2019-09-19 14:31:13,201 [c326554a-81dd-4dc5-99d3-f252989fbe27:group-C50D8DC1D39D:LeaderElection215] INFO  impl.RaftServerImpl (ServerState.java:setRaftConf(361)) - c326554a-81dd-4dc5-99d3-f252989fbe27:group-C50D8DC1D39D set configuration 0: [c326554a-81dd-4dc5-99d3-f252989fbe27:192.168.5.132:43619], old=null at 0
2019-09-19 14:31:13,200 [1a966e7b-a794-43d4-8c96-8627eaac3d29:group-AB36DE50A69F:LeaderElection210] INFO  impl.RoleInfo (RoleInfo.java:updateAndGet(143)) - 1a966e7b-a794-43d4-8c96-8627eaac3d29: start LeaderState
2019-09-19 14:31:13,200 [c326554a-81dd-4dc5-99d3-f252989fbe27:group-68F114608327:LeaderElection216] INFO  server.RaftServerConfigKeys (ConfUtils.java:logGet(43)) - raft.server.watch.element-limit = 65536 (default)
2019-09-19 14:31:13,200 [c326554a-81dd-4dc5-99d3-f252989fbe27:group-576C7AC9501B:LeaderElection214] INFO  impl.RaftServerImpl (ServerState.java:setRaftConf(361)) - c326554a-81dd-4dc5-99d3-f252989fbe27:group-576C7AC9501B set configuration 0: [c326554a-81dd-4dc5-99d3-f252989fbe27:192.168.5.132:43619], old=null at 0
2019-09-19 14:31:13,200 [1a966e7b-a794-43d4-8c96-8627eaac3d29:group-3863F975CB91:LeaderElection212] INFO  server.RaftServerConfigKeys (ConfUtils.java:logGet(43)) - raft.server.rpc.sleep.time = 25ms (default)
2019-09-19 14:31:13,201 [c326554a-81dd-4dc5-99d3-f252989fbe27:group-68F114608327:LeaderElection216] INFO  impl.RoleInfo (RoleInfo.java:updateAndGet(143)) - c326554a-81dd-4dc5-99d3-f252989fbe27: start LeaderState
2019-09-19 14:31:13,201 [1a966e7b-a794-43d4-8c96-8627eaac3d29:group-E5ED58ED9DA3:LeaderElection213] INFO  impl.RaftServerImpl (ServerState.java:setRaftConf(361)) - 1a966e7b-a794-43d4-8c96-8627eaac3d29:group-E5ED58ED9DA3 set configuration 0: [1a966e7b-a794-43d4-8c96-8627eaac3d29:192.168.5.132:43341], old=null at 0
2019-09-19 14:31:13,201 [1a966e7b-a794-43d4-8c96-8627eaac3d29:group-AB36DE50A69F:LeaderElection210] INFO  segmented.SegmentedRaftLogWorker (SegmentedRaftLogWorker.java:startLogSegment(380)) - 1a966e7b-a794-43d4-8c96-8627eaac3d29-SegmentedRaftLogWorker:Storage Directory /workdir/hadoop-ozone/ozonefs/target/test-dir/MiniOzoneClusterImpl-339f3dc1-3cc0-483d-bcb7-0cbf2f200edb/datanode-2/data/ratis/02a5284a-7ddf-4cc8-8075-ab36de50a69f: Starting segment from index:0
2019-09-19 14:31:13,201 [1a966e7b-a794-43d4-8c96-8627eaac3d29:group-417753F92378:LeaderElection211] INFO  server.RaftServerConfigKeys (ConfUtils.java:logGet(43)) - raft.server.write.element-limit = 4096 (default)
2019-09-19 14:31:13,202 [c326554a-81dd-4dc5-99d3-f252989fbe27:group-68F114608327:LeaderElection216] INFO  segmented.SegmentedRaftLogWorker (SegmentedRaftLogWorker.java:startLogSegment(380)) - c326554a-81dd-4dc5-99d3-f252989fbe27-SegmentedRaftLogWorker:Storage Directory /workdir/hadoop-ozone/ozonefs/target/test-dir/MiniOzoneClusterImpl-339f3dc1-3cc0-483d-bcb7-0cbf2f200edb/datanode-1/data/ratis/aceddb47-5257-45b6-add6-68f114608327: Starting segment from index:0
2019-09-19 14:31:13,201 [1a966e7b-a794-43d4-8c96-8627eaac3d29:group-3863F975CB91:LeaderElection212] INFO  server.RaftServerConfigKeys (ConfUtils.java:logGet(43)) - raft.server.write.element-limit = 4096 (default)
2019-09-19 14:31:13,202 [1a966e7b-a794-43d4-8c96-8627eaac3d29:group-AB36DE50A69F:LeaderElection210] INFO  impl.RaftServerImpl (ServerState.java:setRaftConf(361)) - 1a966e7b-a794-43d4-8c96-8627eaac3d29:group-AB36DE50A69F set configuration 0: [1a966e7b-a794-43d4-8c96-8627eaac3d29:192.168.5.132:43341], old=null at 0
2019-09-19 14:31:13,202 [1a966e7b-a794-43d4-8c96-8627eaac3d29:group-417753F92378:LeaderElection211] INFO  server.RaftServerConfigKeys (ConfUtils.java:logGet(43)) - raft.server.watch.timeout = 10s (default)
2019-09-19 14:31:13,203 [c326554a-81dd-4dc5-99d3-f252989fbe27:group-68F114608327:LeaderElection216] INFO  impl.RaftServerImpl (ServerState.java:setRaftConf(361)) - c326554a-81dd-4dc5-99d3-f252989fbe27:group-68F114608327 set configuration 0: [c326554a-81dd-4dc5-99d3-f252989fbe27:192.168.5.132:43619], old=null at 0
2019-09-19 14:31:13,202 [1a966e7b-a794-43d4-8c96-8627eaac3d29:group-3863F975CB91:LeaderElection212] INFO  server.RaftServerConfigKeys (ConfUtils.java:logGet(43)) - raft.server.watch.timeout = 10s (default)
2019-09-19 14:31:13,203 [1a966e7b-a794-43d4-8c96-8627eaac3d29:group-417753F92378:LeaderElection211] INFO  server.RaftServerConfigKeys (ConfUtils.java:logGet(43)) - raft.server.watch.timeout.denomination = 1s (default)
2019-09-19 14:31:13,203 [1a966e7b-a794-43d4-8c96-8627eaac3d29:group-3863F975CB91:LeaderElection212] INFO  server.RaftServerConfigKeys (ConfUtils.java:logGet(43)) - raft.server.watch.timeout.denomination = 1s (default)
2019-09-19 14:31:13,203 [1a966e7b-a794-43d4-8c96-8627eaac3d29:group-417753F92378:LeaderElection211] INFO  server.RaftServerConfigKeys (ConfUtils.java:logGet(43)) - raft.server.watch.element-limit = 65536 (default)
2019-09-19 14:31:13,203 [1a966e7b-a794-43d4-8c96-8627eaac3d29:group-3863F975CB91:LeaderElection212] INFO  server.RaftServerConfigKeys (ConfUtils.java:logGet(43)) - raft.server.watch.element-limit = 65536 (default)
2019-09-19 14:31:13,204 [1a966e7b-a794-43d4-8c96-8627eaac3d29:group-417753F92378:LeaderElection211] INFO  impl.RoleInfo (RoleInfo.java:updateAndGet(143)) - 1a966e7b-a794-43d4-8c96-8627eaac3d29: start LeaderState
2019-09-19 14:31:13,204 [1a966e7b-a794-43d4-8c96-8627eaac3d29:group-3863F975CB91:LeaderElection212] INFO  impl.RoleInfo (RoleInfo.java:updateAndGet(143)) - 1a966e7b-a794-43d4-8c96-8627eaac3d29: start LeaderState
2019-09-19 14:31:13,204 [1a966e7b-a794-43d4-8c96-8627eaac3d29:group-417753F92378:LeaderElection211] INFO  segmented.SegmentedRaftLogWorker (SegmentedRaftLogWorker.java:startLogSegment(380)) - 1a966e7b-a794-43d4-8c96-8627eaac3d29-SegmentedRaftLogWorker:Storage Directory /workdir/hadoop-ozone/ozonefs/target/test-dir/MiniOzoneClusterImpl-339f3dc1-3cc0-483d-bcb7-0cbf2f200edb/datanode-2/data/ratis/50d28461-f4a3-4c5f-b49d-417753f92378: Starting segment from index:0
2019-09-19 14:31:13,204 [1a966e7b-a794-43d4-8c96-8627eaac3d29:group-3863F975CB91:LeaderElection212] INFO  segmented.SegmentedRaftLogWorker (SegmentedRaftLogWorker.java:startLogSegment(380)) - 1a966e7b-a794-43d4-8c96-8627eaac3d29-SegmentedRaftLogWorker:Storage Directory /workdir/hadoop-ozone/ozonefs/target/test-dir/MiniOzoneClusterImpl-339f3dc1-3cc0-483d-bcb7-0cbf2f200edb/datanode-2/data/ratis/100fab7c-7ade-4b8a-b439-3863f975cb91: Starting segment from index:0
2019-09-19 14:31:13,204 [1a966e7b-a794-43d4-8c96-8627eaac3d29:group-417753F92378:LeaderElection211] INFO  impl.RaftServerImpl (ServerState.java:setRaftConf(361)) - 1a966e7b-a794-43d4-8c96-8627eaac3d29:group-417753F92378 set configuration 0: [1a966e7b-a794-43d4-8c96-8627eaac3d29:192.168.5.132:43341], old=null at 0
2019-09-19 14:31:13,205 [1a966e7b-a794-43d4-8c96-8627eaac3d29:group-3863F975CB91:LeaderElection212] INFO  impl.RaftServerImpl (ServerState.java:setRaftConf(361)) - 1a966e7b-a794-43d4-8c96-8627eaac3d29:group-3863F975CB91 set configuration 0: [1a966e7b-a794-43d4-8c96-8627eaac3d29:192.168.5.132:43341], old=null at 0
2019-09-19 14:31:13,264 [1a966e7b-a794-43d4-8c96-8627eaac3d29-SegmentedRaftLogWorker:Storage Directory /workdir/hadoop-ozone/ozonefs/target/test-dir/MiniOzoneClusterImpl-339f3dc1-3cc0-483d-bcb7-0cbf2f200edb/datanode-2/data/ratis/4dff5ba6-8adc-46f2-8b07-aef054876aff] INFO  segmented.SegmentedRaftLogWorker (SegmentedRaftLogWorker.java:execute(569)) - 1a966e7b-a794-43d4-8c96-8627eaac3d29-SegmentedRaftLogWorker:Storage Directory /workdir/hadoop-ozone/ozonefs/target/test-dir/MiniOzoneClusterImpl-339f3dc1-3cc0-483d-bcb7-0cbf2f200edb/datanode-2/data/ratis/4dff5ba6-8adc-46f2-8b07-aef054876aff: created new log segment /workdir/hadoop-ozone/ozonefs/target/test-dir/MiniOzoneClusterImpl-339f3dc1-3cc0-483d-bcb7-0cbf2f200edb/datanode-2/data/ratis/4dff5ba6-8adc-46f2-8b07-aef054876aff/current/log_inprogress_0
2019-09-19 14:31:13,264 [c326554a-81dd-4dc5-99d3-f252989fbe27-SegmentedRaftLogWorker:Storage Directory /workdir/hadoop-ozone/ozonefs/target/test-dir/MiniOzoneClusterImpl-339f3dc1-3cc0-483d-bcb7-0cbf2f200edb/datanode-1/data/ratis/aceddb47-5257-45b6-add6-68f114608327] INFO  segmented.SegmentedRaftLogWorker (SegmentedRaftLogWorker.java:execute(569)) - c326554a-81dd-4dc5-99d3-f252989fbe27-SegmentedRaftLogWorker:Storage Directory /workdir/hadoop-ozone/ozonefs/target/test-dir/MiniOzoneClusterImpl-339f3dc1-3cc0-483d-bcb7-0cbf2f200edb/datanode-1/data/ratis/aceddb47-5257-45b6-add6-68f114608327: created new log segment /workdir/hadoop-ozone/ozonefs/target/test-dir/MiniOzoneClusterImpl-339f3dc1-3cc0-483d-bcb7-0cbf2f200edb/datanode-1/data/ratis/aceddb47-5257-45b6-add6-68f114608327/current/log_inprogress_0
2019-09-19 14:31:13,264 [1a966e7b-a794-43d4-8c96-8627eaac3d29-SegmentedRaftLogWorker:Storage Directory /workdir/hadoop-ozone/ozonefs/target/test-dir/MiniOzoneClusterImpl-339f3dc1-3cc0-483d-bcb7-0cbf2f200edb/datanode-2/data/ratis/100fab7c-7ade-4b8a-b439-3863f975cb91] INFO  segmented.SegmentedRaftLogWorker (SegmentedRaftLogWorker.java:execute(569)) - 1a966e7b-a794-43d4-8c96-8627eaac3d29-SegmentedRaftLogWorker:Storage Directory /workdir/hadoop-ozone/ozonefs/target/test-dir/MiniOzoneClusterImpl-339f3dc1-3cc0-483d-bcb7-0cbf2f200edb/datanode-2/data/ratis/100fab7c-7ade-4b8a-b439-3863f975cb91: created new log segment /workdir/hadoop-ozone/ozonefs/target/test-dir/MiniOzoneClusterImpl-339f3dc1-3cc0-483d-bcb7-0cbf2f200edb/datanode-2/data/ratis/100fab7c-7ade-4b8a-b439-3863f975cb91/current/log_inprogress_0
2019-09-19 14:31:13,264 [1a966e7b-a794-43d4-8c96-8627eaac3d29-SegmentedRaftLogWorker:Storage Directory /workdir/hadoop-ozone/ozonefs/target/test-dir/MiniOzoneClusterImpl-339f3dc1-3cc0-483d-bcb7-0cbf2f200edb/datanode-2/data/ratis/02a5284a-7ddf-4cc8-8075-ab36de50a69f] INFO  segmented.SegmentedRaftLogWorker (SegmentedRaftLogWorker.java:execute(569)) - 1a966e7b-a794-43d4-8c96-8627eaac3d29-SegmentedRaftLogWorker:Storage Directory /workdir/hadoop-ozone/ozonefs/target/test-dir/MiniOzoneClusterImpl-339f3dc1-3cc0-483d-bcb7-0cbf2f200edb/datanode-2/data/ratis/02a5284a-7ddf-4cc8-8075-ab36de50a69f: created new log segment /workdir/hadoop-ozone/ozonefs/target/test-dir/MiniOzoneClusterImpl-339f3dc1-3cc0-483d-bcb7-0cbf2f200edb/datanode-2/data/ratis/02a5284a-7ddf-4cc8-8075-ab36de50a69f/current/log_inprogress_0
2019-09-19 14:31:13,264 [c326554a-81dd-4dc5-99d3-f252989fbe27-SegmentedRaftLogWorker:Storage Directory /workdir/hadoop-ozone/ozonefs/target/test-dir/MiniOzoneClusterImpl-339f3dc1-3cc0-483d-bcb7-0cbf2f200edb/datanode-1/data/ratis/887a133e-267a-4561-ae34-c50d8dc1d39d] INFO  segmented.SegmentedRaftLogWorker (SegmentedRaftLogWorker.java:execute(569)) - c326554a-81dd-4dc5-99d3-f252989fbe27-SegmentedRaftLogWorker:Storage Directory /workdir/hadoop-ozone/ozonefs/target/test-dir/MiniOzoneClusterImpl-339f3dc1-3cc0-483d-bcb7-0cbf2f200edb/datanode-1/data/ratis/887a133e-267a-4561-ae34-c50d8dc1d39d: created new log segment /workdir/hadoop-ozone/ozonefs/target/test-dir/MiniOzoneClusterImpl-339f3dc1-3cc0-483d-bcb7-0cbf2f200edb/datanode-1/data/ratis/887a133e-267a-4561-ae34-c50d8dc1d39d/current/log_inprogress_0
2019-09-19 14:31:13,264 [1a966e7b-a794-43d4-8c96-8627eaac3d29-SegmentedRaftLogWorker:Storage Directory /workdir/hadoop-ozone/ozonefs/target/test-dir/MiniOzoneClusterImpl-339f3dc1-3cc0-483d-bcb7-0cbf2f200edb/datanode-2/data/ratis/50d28461-f4a3-4c5f-b49d-417753f92378] INFO  segmented.SegmentedRaftLogWorker (SegmentedRaftLogWorker.java:execute(569)) - 1a966e7b-a794-43d4-8c96-8627eaac3d29-SegmentedRaftLogWorker:Storage Directory /workdir/hadoop-ozone/ozonefs/target/test-dir/MiniOzoneClusterImpl-339f3dc1-3cc0-483d-bcb7-0cbf2f200edb/datanode-2/data/ratis/50d28461-f4a3-4c5f-b49d-417753f92378: created new log segment /workdir/hadoop-ozone/ozonefs/target/test-dir/MiniOzoneClusterImpl-339f3dc1-3cc0-483d-bcb7-0cbf2f200edb/datanode-2/data/ratis/50d28461-f4a3-4c5f-b49d-417753f92378/current/log_inprogress_0
2019-09-19 14:31:13,264 [c326554a-81dd-4dc5-99d3-f252989fbe27-SegmentedRaftLogWorker:Storage Directory /workdir/hadoop-ozone/ozonefs/target/test-dir/MiniOzoneClusterImpl-339f3dc1-3cc0-483d-bcb7-0cbf2f200edb/datanode-1/data/ratis/6062d964-efe2-4b93-9951-576c7ac9501b] INFO  segmented.SegmentedRaftLogWorker (SegmentedRaftLogWorker.java:execute(569)) - c326554a-81dd-4dc5-99d3-f252989fbe27-SegmentedRaftLogWorker:Storage Directory /workdir/hadoop-ozone/ozonefs/target/test-dir/MiniOzoneClusterImpl-339f3dc1-3cc0-483d-bcb7-0cbf2f200edb/datanode-1/data/ratis/6062d964-efe2-4b93-9951-576c7ac9501b: created new log segment /workdir/hadoop-ozone/ozonefs/target/test-dir/MiniOzoneClusterImpl-339f3dc1-3cc0-483d-bcb7-0cbf2f200edb/datanode-1/data/ratis/6062d964-efe2-4b93-9951-576c7ac9501b/current/log_inprogress_0
2019-09-19 14:31:13,264 [1a966e7b-a794-43d4-8c96-8627eaac3d29-SegmentedRaftLogWorker:Storage Directory /workdir/hadoop-ozone/ozonefs/target/test-dir/MiniOzoneClusterImpl-339f3dc1-3cc0-483d-bcb7-0cbf2f200edb/datanode-2/data/ratis/044fd0c1-3ca6-4c13-a3f0-e5ed58ed9da3] INFO  segmented.SegmentedRaftLogWorker (SegmentedRaftLogWorker.java:execute(569)) - 1a966e7b-a794-43d4-8c96-8627eaac3d29-SegmentedRaftLogWorker:Storage Directory /workdir/hadoop-ozone/ozonefs/target/test-dir/MiniOzoneClusterImpl-339f3dc1-3cc0-483d-bcb7-0cbf2f200edb/datanode-2/data/ratis/044fd0c1-3ca6-4c13-a3f0-e5ed58ed9da3: created new log segment /workdir/hadoop-ozone/ozonefs/target/test-dir/MiniOzoneClusterImpl-339f3dc1-3cc0-483d-bcb7-0cbf2f200edb/datanode-2/data/ratis/044fd0c1-3ca6-4c13-a3f0-e5ed58ed9da3/current/log_inprogress_0
2019-09-19 14:31:13,577 | INFO  | SCMAudit | user=jenkins1000 | ip=192.168.5.132 | op=SEND_HEARTBEAT {datanodeUUID=1a966e7b-a794-43d4-8c96-8627eaac3d29, command=[]} | ret=SUCCESS |  
2019-09-19 14:31:13,838 [ForkJoinPool.commonPool-worker-1] INFO  ozoneimpl.OzoneContainer (OzoneContainer.java:stop(199)) - Attempting to stop container services.
2019-09-19 14:31:13,838 [main] INFO  ozoneimpl.OzoneContainer (OzoneContainer.java:stop(199)) - Attempting to stop container services.
2019-09-19 14:31:13,839 [ForkJoinPool.commonPool-worker-1] INFO  impl.RaftServerProxy (RaftServerProxy.java:lambda$close$4(314)) - 25afcdf3-50ae-4913-8777-2a97b689269f: close
2019-09-19 14:31:13,839 [main] INFO  impl.RaftServerProxy (RaftServerProxy.java:lambda$close$4(314)) - c326554a-81dd-4dc5-99d3-f252989fbe27: close
2019-09-19 14:31:13,839 [ForkJoinPool.commonPool-worker-1] INFO  impl.RaftServerImpl (RaftServerImpl.java:lambda$shutdown$3(245)) - 25afcdf3-50ae-4913-8777-2a97b689269f: shutdown group-1CE857C3B12F
2019-09-19 14:31:13,840 [main] INFO  impl.RaftServerImpl (RaftServerImpl.java:lambda$shutdown$3(245)) - c326554a-81dd-4dc5-99d3-f252989fbe27: shutdown group-D27CC882D79A
2019-09-19 14:31:13,840 [ForkJoinPool.commonPool-worker-1] INFO  util.JmxRegister (JmxRegister.java:unregister(73)) - Successfully un-registered JMX Bean with object name Ratis:service=RaftServer,group=group-1CE857C3B12F,id=25afcdf3-50ae-4913-8777-2a97b689269f
2019-09-19 14:31:13,841 [main] INFO  util.JmxRegister (JmxRegister.java:unregister(73)) - Successfully un-registered JMX Bean with object name Ratis:service=RaftServer,group=group-D27CC882D79A,id=c326554a-81dd-4dc5-99d3-f252989fbe27
2019-09-19 14:31:13,841 [ForkJoinPool.commonPool-worker-1] INFO  impl.RoleInfo (RoleInfo.java:shutdownLeaderState(104)) - 25afcdf3-50ae-4913-8777-2a97b689269f: shutdown LeaderState
2019-09-19 14:31:13,842 [main] INFO  impl.RoleInfo (RoleInfo.java:shutdownLeaderState(104)) - c326554a-81dd-4dc5-99d3-f252989fbe27: shutdown LeaderState
2019-09-19 14:31:13,842 [ForkJoinPool.commonPool-worker-1] INFO  impl.PendingRequests (PendingRequests.java:sendNotLeaderResponses(202)) - 25afcdf3-50ae-4913-8777-2a97b689269f-PendingRequests: sendNotLeaderResponses
2019-09-19 14:31:13,843 [main] INFO  impl.PendingRequests (PendingRequests.java:sendNotLeaderResponses(202)) - c326554a-81dd-4dc5-99d3-f252989fbe27-PendingRequests: sendNotLeaderResponses
2019-09-19 14:31:13,843 [ForkJoinPool.commonPool-worker-1] INFO  impl.StateMachineUpdater (StateMachineUpdater.java:stopAndJoin(115)) - StateMachineUpdater:25afcdf3-50ae-4913-8777-2a97b689269f:group-1CE857C3B12F: set stopIndex = 0
2019-09-19 14:31:13,844 [main] INFO  impl.StateMachineUpdater (StateMachineUpdater.java:stopAndJoin(115)) - StateMachineUpdater:c326554a-81dd-4dc5-99d3-f252989fbe27:group-D27CC882D79A: set stopIndex = 0
2019-09-19 14:31:13,845 [main] INFO  impl.RaftServerImpl (ServerState.java:close(394)) - c326554a-81dd-4dc5-99d3-f252989fbe27:group-D27CC882D79A closes. The last applied log index is 0
2019-09-19 14:31:13,844 [ForkJoinPool.commonPool-worker-1] INFO  impl.RaftServerImpl (ServerState.java:close(394)) - 25afcdf3-50ae-4913-8777-2a97b689269f:group-1CE857C3B12F closes. The last applied log index is 0
2019-09-19 14:31:13,845 [c326554a-81dd-4dc5-99d3-f252989fbe27-SegmentedRaftLogWorker:Storage Directory /workdir/hadoop-ozone/ozonefs/target/test-dir/MiniOzoneClusterImpl-339f3dc1-3cc0-483d-bcb7-0cbf2f200edb/datanode-1/data/ratis/9a2bc314-74bf-41de-a9cb-d27cc882d79a] INFO  segmented.SegmentedRaftLogWorker (SegmentedRaftLogWorker.java:run(313)) - c326554a-81dd-4dc5-99d3-f252989fbe27-SegmentedRaftLogWorker:Storage Directory /workdir/hadoop-ozone/ozonefs/target/test-dir/MiniOzoneClusterImpl-339f3dc1-3cc0-483d-bcb7-0cbf2f200edb/datanode-1/data/ratis/9a2bc314-74bf-41de-a9cb-d27cc882d79a was interrupted, exiting. There are 0 tasks remaining in the queue.
2019-09-19 14:31:13,846 [25afcdf3-50ae-4913-8777-2a97b689269f-SegmentedRaftLogWorker:Storage Directory /workdir/hadoop-ozone/ozonefs/target/test-dir/MiniOzoneClusterImpl-339f3dc1-3cc0-483d-bcb7-0cbf2f200edb/datanode-0/data/ratis/83d1d42d-6121-453a-9f66-1ce857c3b12f] INFO  segmented.SegmentedRaftLogWorker (SegmentedRaftLogWorker.java:run(313)) - 25afcdf3-50ae-4913-8777-2a97b689269f-SegmentedRaftLogWorker:Storage Directory /workdir/hadoop-ozone/ozonefs/target/test-dir/MiniOzoneClusterImpl-339f3dc1-3cc0-483d-bcb7-0cbf2f200edb/datanode-0/data/ratis/83d1d42d-6121-453a-9f66-1ce857c3b12f was interrupted, exiting. There are 0 tasks remaining in the queue.
2019-09-19 14:31:13,846 [main] INFO  segmented.SegmentedRaftLogWorker (SegmentedRaftLogWorker.java:close(228)) - c326554a-81dd-4dc5-99d3-f252989fbe27-SegmentedRaftLogWorker:Storage Directory /workdir/hadoop-ozone/ozonefs/target/test-dir/MiniOzoneClusterImpl-339f3dc1-3cc0-483d-bcb7-0cbf2f200edb/datanode-1/data/ratis/9a2bc314-74bf-41de-a9cb-d27cc882d79a close()
2019-09-19 14:31:13,846 [ForkJoinPool.commonPool-worker-1] INFO  segmented.SegmentedRaftLogWorker (SegmentedRaftLogWorker.java:close(228)) - 25afcdf3-50ae-4913-8777-2a97b689269f-SegmentedRaftLogWorker:Storage Directory /workdir/hadoop-ozone/ozonefs/target/test-dir/MiniOzoneClusterImpl-339f3dc1-3cc0-483d-bcb7-0cbf2f200edb/datanode-0/data/ratis/83d1d42d-6121-453a-9f66-1ce857c3b12f close()
2019-09-19 14:31:13,849 [main] INFO  impl.RaftServerImpl (RaftServerImpl.java:lambda$shutdown$3(245)) - c326554a-81dd-4dc5-99d3-f252989fbe27: shutdown group-576C7AC9501B
2019-09-19 14:31:13,857 [ForkJoinPool.commonPool-worker-1] INFO  impl.RaftServerImpl (RaftServerImpl.java:lambda$shutdown$3(245)) - 25afcdf3-50ae-4913-8777-2a97b689269f: shutdown group-31CE86589AE2
2019-09-19 14:31:13,858 [main] INFO  util.JmxRegister (JmxRegister.java:unregister(73)) - Successfully un-registered JMX Bean with object name Ratis:service=RaftServer,group=group-576C7AC9501B,id=c326554a-81dd-4dc5-99d3-f252989fbe27
2019-09-19 14:31:13,858 [ForkJoinPool.commonPool-worker-1] INFO  util.JmxRegister (JmxRegister.java:unregister(73)) - Successfully un-registered JMX Bean with object name Ratis:service=RaftServer,group=group-31CE86589AE2,id=25afcdf3-50ae-4913-8777-2a97b689269f
2019-09-19 14:31:13,859 [main] INFO  impl.RoleInfo (RoleInfo.java:shutdownLeaderState(104)) - c326554a-81dd-4dc5-99d3-f252989fbe27: shutdown LeaderState
2019-09-19 14:31:13,859 [ForkJoinPool.commonPool-worker-1] INFO  impl.RoleInfo (RoleInfo.java:shutdownLeaderState(104)) - 25afcdf3-50ae-4913-8777-2a97b689269f: shutdown LeaderState
2019-09-19 14:31:13,860 [main] INFO  impl.PendingRequests (PendingRequests.java:sendNotLeaderResponses(202)) - c326554a-81dd-4dc5-99d3-f252989fbe27-PendingRequests: sendNotLeaderResponses
2019-09-19 14:31:13,860 [ForkJoinPool.commonPool-worker-1] INFO  impl.PendingRequests (PendingRequests.java:sendNotLeaderResponses(202)) - 25afcdf3-50ae-4913-8777-2a97b689269f-PendingRequests: sendNotLeaderResponses
2019-09-19 14:31:13,861 [main] INFO  impl.StateMachineUpdater (StateMachineUpdater.java:stopAndJoin(115)) - StateMachineUpdater:c326554a-81dd-4dc5-99d3-f252989fbe27:group-576C7AC9501B: set stopIndex = 0
2019-09-19 14:31:13,861 [ForkJoinPool.commonPool-worker-1] INFO  impl.StateMachineUpdater (StateMachineUpdater.java:stopAndJoin(115)) - StateMachineUpdater:25afcdf3-50ae-4913-8777-2a97b689269f:group-31CE86589AE2: set stopIndex = 0
2019-09-19 14:31:13,861 [main] INFO  impl.RaftServerImpl (ServerState.java:close(394)) - c326554a-81dd-4dc5-99d3-f252989fbe27:group-576C7AC9501B closes. The last applied log index is 0
2019-09-19 14:31:13,861 [ForkJoinPool.commonPool-worker-1] INFO  impl.RaftServerImpl (ServerState.java:close(394)) - 25afcdf3-50ae-4913-8777-2a97b689269f:group-31CE86589AE2 closes. The last applied log index is 0
2019-09-19 14:31:13,862 [c326554a-81dd-4dc5-99d3-f252989fbe27-SegmentedRaftLogWorker:Storage Directory /workdir/hadoop-ozone/ozonefs/target/test-dir/MiniOzoneClusterImpl-339f3dc1-3cc0-483d-bcb7-0cbf2f200edb/datanode-1/data/ratis/6062d964-efe2-4b93-9951-576c7ac9501b] INFO  segmented.SegmentedRaftLogWorker (SegmentedRaftLogWorker.java:run(313)) - c326554a-81dd-4dc5-99d3-f252989fbe27-SegmentedRaftLogWorker:Storage Directory /workdir/hadoop-ozone/ozonefs/target/test-dir/MiniOzoneClusterImpl-339f3dc1-3cc0-483d-bcb7-0cbf2f200edb/datanode-1/data/ratis/6062d964-efe2-4b93-9951-576c7ac9501b was interrupted, exiting. There are 0 tasks remaining in the queue.
2019-09-19 14:31:13,862 [25afcdf3-50ae-4913-8777-2a97b689269f-SegmentedRaftLogWorker:Storage Directory /workdir/hadoop-ozone/ozonefs/target/test-dir/MiniOzoneClusterImpl-339f3dc1-3cc0-483d-bcb7-0cbf2f200edb/datanode-0/data/ratis/545373d5-171c-4e8f-a310-31ce86589ae2] INFO  segmented.SegmentedRaftLogWorker (SegmentedRaftLogWorker.java:run(313)) - 25afcdf3-50ae-4913-8777-2a97b689269f-SegmentedRaftLogWorker:Storage Directory /workdir/hadoop-ozone/ozonefs/target/test-dir/MiniOzoneClusterImpl-339f3dc1-3cc0-483d-bcb7-0cbf2f200edb/datanode-0/data/ratis/545373d5-171c-4e8f-a310-31ce86589ae2 was interrupted, exiting. There are 0 tasks remaining in the queue.
2019-09-19 14:31:13,862 [main] INFO  segmented.SegmentedRaftLogWorker (SegmentedRaftLogWorker.java:close(228)) - c326554a-81dd-4dc5-99d3-f252989fbe27-SegmentedRaftLogWorker:Storage Directory /workdir/hadoop-ozone/ozonefs/target/test-dir/MiniOzoneClusterImpl-339f3dc1-3cc0-483d-bcb7-0cbf2f200edb/datanode-1/data/ratis/6062d964-efe2-4b93-9951-576c7ac9501b close()
2019-09-19 14:31:13,862 [ForkJoinPool.commonPool-worker-1] INFO  segmented.SegmentedRaftLogWorker (SegmentedRaftLogWorker.java:close(228)) - 25afcdf3-50ae-4913-8777-2a97b689269f-SegmentedRaftLogWorker:Storage Directory /workdir/hadoop-ozone/ozonefs/target/test-dir/MiniOzoneClusterImpl-339f3dc1-3cc0-483d-bcb7-0cbf2f200edb/datanode-0/data/ratis/545373d5-171c-4e8f-a310-31ce86589ae2 close()
2019-09-19 14:31:13,863 [main] INFO  impl.RaftServerImpl (RaftServerImpl.java:lambda$shutdown$3(245)) - c326554a-81dd-4dc5-99d3-f252989fbe27: shutdown group-C50D8DC1D39D
2019-09-19 14:31:13,863 [main] INFO  util.JmxRegister (JmxRegister.java:unregister(73)) - Successfully un-registered JMX Bean with object name Ratis:service=RaftServer,group=group-C50D8DC1D39D,id=c326554a-81dd-4dc5-99d3-f252989fbe27
2019-09-19 14:31:13,864 [main] INFO  impl.RoleInfo (RoleInfo.java:shutdownLeaderState(104)) - c326554a-81dd-4dc5-99d3-f252989fbe27: shutdown LeaderState
2019-09-19 14:31:13,863 [ForkJoinPool.commonPool-worker-1] INFO  impl.RaftServerImpl (RaftServerImpl.java:lambda$shutdown$3(245)) - 25afcdf3-50ae-4913-8777-2a97b689269f: shutdown group-451FF792B3C0
2019-09-19 14:31:13,864 [main] INFO  impl.PendingRequests (PendingRequests.java:sendNotLeaderResponses(202)) - c326554a-81dd-4dc5-99d3-f252989fbe27-PendingRequests: sendNotLeaderResponses
2019-09-19 14:31:13,864 [ForkJoinPool.commonPool-worker-1] INFO  util.JmxRegister (JmxRegister.java:unregister(73)) - Successfully un-registered JMX Bean with object name Ratis:service=RaftServer,group=group-451FF792B3C0,id=25afcdf3-50ae-4913-8777-2a97b689269f
2019-09-19 14:31:13,865 [main] INFO  impl.StateMachineUpdater (StateMachineUpdater.java:stopAndJoin(115)) - StateMachineUpdater:c326554a-81dd-4dc5-99d3-f252989fbe27:group-C50D8DC1D39D: set stopIndex = 0
2019-09-19 14:31:13,865 [ForkJoinPool.commonPool-worker-1] INFO  impl.RoleInfo (RoleInfo.java:shutdownLeaderState(104)) - 25afcdf3-50ae-4913-8777-2a97b689269f: shutdown LeaderState
2019-09-19 14:31:13,865 [main] INFO  impl.RaftServerImpl (ServerState.java:close(394)) - c326554a-81dd-4dc5-99d3-f252989fbe27:group-C50D8DC1D39D closes. The last applied log index is 0
2019-09-19 14:31:13,865 [ForkJoinPool.commonPool-worker-1] INFO  impl.PendingRequests (PendingRequests.java:sendNotLeaderResponses(202)) - 25afcdf3-50ae-4913-8777-2a97b689269f-PendingRequests: sendNotLeaderResponses
2019-09-19 14:31:13,866 [c326554a-81dd-4dc5-99d3-f252989fbe27-SegmentedRaftLogWorker:Storage Directory /workdir/hadoop-ozone/ozonefs/target/test-dir/MiniOzoneClusterImpl-339f3dc1-3cc0-483d-bcb7-0cbf2f200edb/datanode-1/data/ratis/887a133e-267a-4561-ae34-c50d8dc1d39d] INFO  segmented.SegmentedRaftLogWorker (SegmentedRaftLogWorker.java:run(313)) - c326554a-81dd-4dc5-99d3-f252989fbe27-SegmentedRaftLogWorker:Storage Directory /workdir/hadoop-ozone/ozonefs/target/test-dir/MiniOzoneClusterImpl-339f3dc1-3cc0-483d-bcb7-0cbf2f200edb/datanode-1/data/ratis/887a133e-267a-4561-ae34-c50d8dc1d39d was interrupted, exiting. There are 0 tasks remaining in the queue.
2019-09-19 14:31:13,866 [ForkJoinPool.commonPool-worker-1] INFO  impl.StateMachineUpdater (StateMachineUpdater.java:stopAndJoin(115)) - StateMachineUpdater:25afcdf3-50ae-4913-8777-2a97b689269f:group-451FF792B3C0: set stopIndex = 0
2019-09-19 14:31:13,866 [main] INFO  segmented.SegmentedRaftLogWorker (SegmentedRaftLogWorker.java:close(228)) - c326554a-81dd-4dc5-99d3-f252989fbe27-SegmentedRaftLogWorker:Storage Directory /workdir/hadoop-ozone/ozonefs/target/test-dir/MiniOzoneClusterImpl-339f3dc1-3cc0-483d-bcb7-0cbf2f200edb/datanode-1/data/ratis/887a133e-267a-4561-ae34-c50d8dc1d39d close()
2019-09-19 14:31:13,866 [ForkJoinPool.commonPool-worker-1] INFO  impl.RaftServerImpl (ServerState.java:close(394)) - 25afcdf3-50ae-4913-8777-2a97b689269f:group-451FF792B3C0 closes. The last applied log index is 0
2019-09-19 14:31:13,867 [main] INFO  impl.RaftServerImpl (RaftServerImpl.java:lambda$shutdown$3(245)) - c326554a-81dd-4dc5-99d3-f252989fbe27: shutdown group-78ADE9961CE1
2019-09-19 14:31:13,867 [main] INFO  util.JmxRegister (JmxRegister.java:unregister(73)) - Successfully un-registered JMX Bean with object name Ratis:service=RaftServer,group=group-78ADE9961CE1,id=c326554a-81dd-4dc5-99d3-f252989fbe27
2019-09-19 14:31:13,867 [main] INFO  impl.RoleInfo (RoleInfo.java:shutdownLeaderState(104)) - c326554a-81dd-4dc5-99d3-f252989fbe27: shutdown LeaderState
2019-09-19 14:31:13,867 [25afcdf3-50ae-4913-8777-2a97b689269f-SegmentedRaftLogWorker:Storage Directory /workdir/hadoop-ozone/ozonefs/target/test-dir/MiniOzoneClusterImpl-339f3dc1-3cc0-483d-bcb7-0cbf2f200edb/datanode-0/data/ratis/7b2c3b0b-c2fc-4cce-a1a9-451ff792b3c0] INFO  segmented.SegmentedRaftLogWorker (SegmentedRaftLogWorker.java:run(313)) - 25afcdf3-50ae-4913-8777-2a97b689269f-SegmentedRaftLogWorker:Storage Directory /workdir/hadoop-ozone/ozonefs/target/test-dir/MiniOzoneClusterImpl-339f3dc1-3cc0-483d-bcb7-0cbf2f200edb/datanode-0/data/ratis/7b2c3b0b-c2fc-4cce-a1a9-451ff792b3c0 was interrupted, exiting. There are 0 tasks remaining in the queue.
2019-09-19 14:31:13,868 [main] INFO  impl.PendingRequests (PendingRequests.java:sendNotLeaderResponses(202)) - c326554a-81dd-4dc5-99d3-f252989fbe27-PendingRequests: sendNotLeaderResponses
2019-09-19 14:31:13,868 [main] INFO  impl.StateMachineUpdater (StateMachineUpdater.java:stopAndJoin(115)) - StateMachineUpdater:c326554a-81dd-4dc5-99d3-f252989fbe27:group-78ADE9961CE1: set stopIndex = 0
2019-09-19 14:31:13,869 [main] INFO  impl.RaftServerImpl (ServerState.java:close(394)) - c326554a-81dd-4dc5-99d3-f252989fbe27:group-78ADE9961CE1 closes. The last applied log index is 0
2019-09-19 14:31:13,869 [c326554a-81dd-4dc5-99d3-f252989fbe27-SegmentedRaftLogWorker:Storage Directory /workdir/hadoop-ozone/ozonefs/target/test-dir/MiniOzoneClusterImpl-339f3dc1-3cc0-483d-bcb7-0cbf2f200edb/datanode-1/data/ratis/cab3ad1c-bae8-47d4-8b42-78ade9961ce1] INFO  segmented.SegmentedRaftLogWorker (SegmentedRaftLogWorker.java:run(313)) - c326554a-81dd-4dc5-99d3-f252989fbe27-SegmentedRaftLogWorker:Storage Directory /workdir/hadoop-ozone/ozonefs/target/test-dir/MiniOzoneClusterImpl-339f3dc1-3cc0-483d-bcb7-0cbf2f200edb/datanode-1/data/ratis/cab3ad1c-bae8-47d4-8b42-78ade9961ce1 was interrupted, exiting. There are 0 tasks remaining in the queue.
2019-09-19 14:31:13,871 [main] INFO  segmented.SegmentedRaftLogWorker (SegmentedRaftLogWorker.java:close(228)) - c326554a-81dd-4dc5-99d3-f252989fbe27-SegmentedRaftLogWorker:Storage Directory /workdir/hadoop-ozone/ozonefs/target/test-dir/MiniOzoneClusterImpl-339f3dc1-3cc0-483d-bcb7-0cbf2f200edb/datanode-1/data/ratis/cab3ad1c-bae8-47d4-8b42-78ade9961ce1 close()
2019-09-19 14:31:13,871 [ForkJoinPool.commonPool-worker-1] INFO  segmented.SegmentedRaftLogWorker (SegmentedRaftLogWorker.java:close(228)) - 25afcdf3-50ae-4913-8777-2a97b689269f-SegmentedRaftLogWorker:Storage Directory /workdir/hadoop-ozone/ozonefs/target/test-dir/MiniOzoneClusterImpl-339f3dc1-3cc0-483d-bcb7-0cbf2f200edb/datanode-0/data/ratis/7b2c3b0b-c2fc-4cce-a1a9-451ff792b3c0 close()
2019-09-19 14:31:13,871 [main] INFO  impl.RaftServerImpl (RaftServerImpl.java:lambda$shutdown$3(245)) - c326554a-81dd-4dc5-99d3-f252989fbe27: shutdown group-68F114608327
2019-09-19 14:31:13,872 [ForkJoinPool.commonPool-worker-1] INFO  impl.RaftServerImpl (RaftServerImpl.java:lambda$shutdown$3(245)) - 25afcdf3-50ae-4913-8777-2a97b689269f: shutdown group-BAC06D9B1119
2019-09-19 14:31:13,872 [main] INFO  util.JmxRegister (JmxRegister.java:unregister(73)) - Successfully un-registered JMX Bean with object name Ratis:service=RaftServer,group=group-68F114608327,id=c326554a-81dd-4dc5-99d3-f252989fbe27
2019-09-19 14:31:13,873 [ForkJoinPool.commonPool-worker-1] INFO  util.JmxRegister (JmxRegister.java:unregister(73)) - Successfully un-registered JMX Bean with object name Ratis:service=RaftServer,group=group-BAC06D9B1119,id=25afcdf3-50ae-4913-8777-2a97b689269f
2019-09-19 14:31:13,873 [main] INFO  impl.RoleInfo (RoleInfo.java:shutdownLeaderState(104)) - c326554a-81dd-4dc5-99d3-f252989fbe27: shutdown LeaderState
2019-09-19 14:31:13,873 [ForkJoinPool.commonPool-worker-1] INFO  impl.RoleInfo (RoleInfo.java:shutdownLeaderState(104)) - 25afcdf3-50ae-4913-8777-2a97b689269f: shutdown LeaderState
2019-09-19 14:31:13,874 [main] INFO  impl.PendingRequests (PendingRequests.java:sendNotLeaderResponses(202)) - c326554a-81dd-4dc5-99d3-f252989fbe27-PendingRequests: sendNotLeaderResponses
2019-09-19 14:31:13,874 [ForkJoinPool.commonPool-worker-1] INFO  impl.PendingRequests (PendingRequests.java:sendNotLeaderResponses(202)) - 25afcdf3-50ae-4913-8777-2a97b689269f-PendingRequests: sendNotLeaderResponses
2019-09-19 14:31:13,874 [main] INFO  impl.StateMachineUpdater (StateMachineUpdater.java:stopAndJoin(115)) - StateMachineUpdater:c326554a-81dd-4dc5-99d3-f252989fbe27:group-68F114608327: set stopIndex = 0
2019-09-19 14:31:13,875 [ForkJoinPool.commonPool-worker-1] INFO  impl.StateMachineUpdater (StateMachineUpdater.java:stopAndJoin(115)) - StateMachineUpdater:25afcdf3-50ae-4913-8777-2a97b689269f:group-BAC06D9B1119: set stopIndex = 0
2019-09-19 14:31:13,875 [main] INFO  impl.RaftServerImpl (ServerState.java:close(394)) - c326554a-81dd-4dc5-99d3-f252989fbe27:group-68F114608327 closes. The last applied log index is 0
2019-09-19 14:31:13,875 [ForkJoinPool.commonPool-worker-1] INFO  impl.RaftServerImpl (ServerState.java:close(394)) - 25afcdf3-50ae-4913-8777-2a97b689269f:group-BAC06D9B1119 closes. The last applied log index is 0
2019-09-19 14:31:13,876 [c326554a-81dd-4dc5-99d3-f252989fbe27-SegmentedRaftLogWorker:Storage Directory /workdir/hadoop-ozone/ozonefs/target/test-dir/MiniOzoneClusterImpl-339f3dc1-3cc0-483d-bcb7-0cbf2f200edb/datanode-1/data/ratis/aceddb47-5257-45b6-add6-68f114608327] INFO  segmented.SegmentedRaftLogWorker (SegmentedRaftLogWorker.java:run(313)) - c326554a-81dd-4dc5-99d3-f252989fbe27-SegmentedRaftLogWorker:Storage Directory /workdir/hadoop-ozone/ozonefs/target/test-dir/MiniOzoneClusterImpl-339f3dc1-3cc0-483d-bcb7-0cbf2f200edb/datanode-1/data/ratis/aceddb47-5257-45b6-add6-68f114608327 was interrupted, exiting. There are 0 tasks remaining in the queue.
2019-09-19 14:31:13,876 [25afcdf3-50ae-4913-8777-2a97b689269f-SegmentedRaftLogWorker:Storage Directory /workdir/hadoop-ozone/ozonefs/target/test-dir/MiniOzoneClusterImpl-339f3dc1-3cc0-483d-bcb7-0cbf2f200edb/datanode-0/data/ratis/c1651484-f0d2-4bdf-b85c-bac06d9b1119] INFO  segmented.SegmentedRaftLogWorker (SegmentedRaftLogWorker.java:run(313)) - 25afcdf3-50ae-4913-8777-2a97b689269f-SegmentedRaftLogWorker:Storage Directory /workdir/hadoop-ozone/ozonefs/target/test-dir/MiniOzoneClusterImpl-339f3dc1-3cc0-483d-bcb7-0cbf2f200edb/datanode-0/data/ratis/c1651484-f0d2-4bdf-b85c-bac06d9b1119 was interrupted, exiting. There are 0 tasks remaining in the queue.
2019-09-19 14:31:13,876 [main] INFO  segmented.SegmentedRaftLogWorker (SegmentedRaftLogWorker.java:close(228)) - c326554a-81dd-4dc5-99d3-f252989fbe27-SegmentedRaftLogWorker:Storage Directory /workdir/hadoop-ozone/ozonefs/target/test-dir/MiniOzoneClusterImpl-339f3dc1-3cc0-483d-bcb7-0cbf2f200edb/datanode-1/data/ratis/aceddb47-5257-45b6-add6-68f114608327 close()
2019-09-19 14:31:13,877 [ForkJoinPool.commonPool-worker-1] INFO  segmented.SegmentedRaftLogWorker (SegmentedRaftLogWorker.java:close(228)) - 25afcdf3-50ae-4913-8777-2a97b689269f-SegmentedRaftLogWorker:Storage Directory /workdir/hadoop-ozone/ozonefs/target/test-dir/MiniOzoneClusterImpl-339f3dc1-3cc0-483d-bcb7-0cbf2f200edb/datanode-0/data/ratis/c1651484-f0d2-4bdf-b85c-bac06d9b1119 close()
2019-09-19 14:31:13,877 [main] INFO  impl.RaftServerImpl (RaftServerImpl.java:lambda$shutdown$3(245)) - c326554a-81dd-4dc5-99d3-f252989fbe27: shutdown group-722BBEFEA3DD
2019-09-19 14:31:13,877 [ForkJoinPool.commonPool-worker-1] INFO  impl.RaftServerImpl (RaftServerImpl.java:lambda$shutdown$3(245)) - 25afcdf3-50ae-4913-8777-2a97b689269f: shutdown group-45FD65304706
2019-09-19 14:31:13,877 [main] INFO  util.JmxRegister (JmxRegister.java:unregister(73)) - Successfully un-registered JMX Bean with object name Ratis:service=RaftServer,group=group-722BBEFEA3DD,id=c326554a-81dd-4dc5-99d3-f252989fbe27
2019-09-19 14:31:13,878 [ForkJoinPool.commonPool-worker-1] INFO  util.JmxRegister (JmxRegister.java:unregister(73)) - Successfully un-registered JMX Bean with object name Ratis:service=RaftServer,group=group-45FD65304706,id=25afcdf3-50ae-4913-8777-2a97b689269f
2019-09-19 14:31:13,878 [main] INFO  impl.RoleInfo (RoleInfo.java:shutdownLeaderState(104)) - c326554a-81dd-4dc5-99d3-f252989fbe27: shutdown LeaderState
2019-09-19 14:31:13,879 [ForkJoinPool.commonPool-worker-1] INFO  impl.RoleInfo (RoleInfo.java:shutdownLeaderState(104)) - 25afcdf3-50ae-4913-8777-2a97b689269f: shutdown LeaderState
2019-09-19 14:31:13,879 [main] INFO  impl.PendingRequests (PendingRequests.java:sendNotLeaderResponses(202)) - c326554a-81dd-4dc5-99d3-f252989fbe27-PendingRequests: sendNotLeaderResponses
2019-09-19 14:31:13,879 [ForkJoinPool.commonPool-worker-1] INFO  impl.PendingRequests (PendingRequests.java:sendNotLeaderResponses(202)) - 25afcdf3-50ae-4913-8777-2a97b689269f-PendingRequests: sendNotLeaderResponses
2019-09-19 14:31:13,880 [main] INFO  impl.StateMachineUpdater (StateMachineUpdater.java:stopAndJoin(115)) - StateMachineUpdater:c326554a-81dd-4dc5-99d3-f252989fbe27:group-722BBEFEA3DD: set stopIndex = 0
2019-09-19 14:31:13,880 [ForkJoinPool.commonPool-worker-1] INFO  impl.StateMachineUpdater (StateMachineUpdater.java:stopAndJoin(115)) - StateMachineUpdater:25afcdf3-50ae-4913-8777-2a97b689269f:group-45FD65304706: set stopIndex = 0
2019-09-19 14:31:13,881 [ForkJoinPool.commonPool-worker-1] INFO  impl.RaftServerImpl (ServerState.java:close(394)) - 25afcdf3-50ae-4913-8777-2a97b689269f:group-45FD65304706 closes. The last applied log index is 0
2019-09-19 14:31:13,880 [main] INFO  impl.RaftServerImpl (ServerState.java:close(394)) - c326554a-81dd-4dc5-99d3-f252989fbe27:group-722BBEFEA3DD closes. The last applied log index is 0
2019-09-19 14:31:13,881 [25afcdf3-50ae-4913-8777-2a97b689269f-SegmentedRaftLogWorker:Storage Directory /workdir/hadoop-ozone/ozonefs/target/test-dir/MiniOzoneClusterImpl-339f3dc1-3cc0-483d-bcb7-0cbf2f200edb/datanode-0/data/ratis/3240adab-2334-4a76-bd98-45fd65304706] INFO  segmented.SegmentedRaftLogWorker (SegmentedRaftLogWorker.java:run(313)) - 25afcdf3-50ae-4913-8777-2a97b689269f-SegmentedRaftLogWorker:Storage Directory /workdir/hadoop-ozone/ozonefs/target/test-dir/MiniOzoneClusterImpl-339f3dc1-3cc0-483d-bcb7-0cbf2f200edb/datanode-0/data/ratis/3240adab-2334-4a76-bd98-45fd65304706 was interrupted, exiting. There are 0 tasks remaining in the queue.
2019-09-19 14:31:13,882 [c326554a-81dd-4dc5-99d3-f252989fbe27-SegmentedRaftLogWorker:Storage Directory /workdir/hadoop-ozone/ozonefs/target/test-dir/MiniOzoneClusterImpl-339f3dc1-3cc0-483d-bcb7-0cbf2f200edb/datanode-1/data/ratis/8d49e628-5f46-4896-b377-722bbefea3dd] INFO  segmented.SegmentedRaftLogWorker (SegmentedRaftLogWorker.java:run(313)) - c326554a-81dd-4dc5-99d3-f252989fbe27-SegmentedRaftLogWorker:Storage Directory /workdir/hadoop-ozone/ozonefs/target/test-dir/MiniOzoneClusterImpl-339f3dc1-3cc0-483d-bcb7-0cbf2f200edb/datanode-1/data/ratis/8d49e628-5f46-4896-b377-722bbefea3dd was interrupted, exiting. There are 0 tasks remaining in the queue.
2019-09-19 14:31:13,882 [ForkJoinPool.commonPool-worker-1] INFO  segmented.SegmentedRaftLogWorker (SegmentedRaftLogWorker.java:close(228)) - 25afcdf3-50ae-4913-8777-2a97b689269f-SegmentedRaftLogWorker:Storage Directory /workdir/hadoop-ozone/ozonefs/target/test-dir/MiniOzoneClusterImpl-339f3dc1-3cc0-483d-bcb7-0cbf2f200edb/datanode-0/data/ratis/3240adab-2334-4a76-bd98-45fd65304706 close()
2019-09-19 14:31:13,882 [main] INFO  segmented.SegmentedRaftLogWorker (SegmentedRaftLogWorker.java:close(228)) - c326554a-81dd-4dc5-99d3-f252989fbe27-SegmentedRaftLogWorker:Storage Directory /workdir/hadoop-ozone/ozonefs/target/test-dir/MiniOzoneClusterImpl-339f3dc1-3cc0-483d-bcb7-0cbf2f200edb/datanode-1/data/ratis/8d49e628-5f46-4896-b377-722bbefea3dd close()
2019-09-19 14:31:13,882 [ForkJoinPool.commonPool-worker-1] INFO  impl.RaftServerImpl (RaftServerImpl.java:lambda$shutdown$3(245)) - 25afcdf3-50ae-4913-8777-2a97b689269f: shutdown group-6119BE4603E7
2019-09-19 14:31:13,883 [main] INFO  server.GrpcService (GrpcService.java:closeImpl(155)) - c326554a-81dd-4dc5-99d3-f252989fbe27: shutdown server with port 43619 now
2019-09-19 14:31:13,883 [ForkJoinPool.commonPool-worker-1] INFO  util.JmxRegister (JmxRegister.java:unregister(73)) - Successfully un-registered JMX Bean with object name Ratis:service=RaftServer,group=group-6119BE4603E7,id=25afcdf3-50ae-4913-8777-2a97b689269f
2019-09-19 14:31:13,883 [ForkJoinPool.commonPool-worker-1] INFO  impl.RoleInfo (RoleInfo.java:shutdownLeaderState(104)) - 25afcdf3-50ae-4913-8777-2a97b689269f: shutdown LeaderState
2019-09-19 14:31:13,885 [main] INFO  server.GrpcService (GrpcService.java:closeImpl(163)) - c326554a-81dd-4dc5-99d3-f252989fbe27: shutdown server with port 43619 successfully
2019-09-19 14:31:13,885 [ForkJoinPool.commonPool-worker-1] INFO  impl.PendingRequests (PendingRequests.java:sendNotLeaderResponses(202)) - 25afcdf3-50ae-4913-8777-2a97b689269f-PendingRequests: sendNotLeaderResponses
2019-09-19 14:31:13,887 [ForkJoinPool.commonPool-worker-1] INFO  impl.StateMachineUpdater (StateMachineUpdater.java:stopAndJoin(115)) - StateMachineUpdater:25afcdf3-50ae-4913-8777-2a97b689269f:group-6119BE4603E7: set stopIndex = 0
2019-09-19 14:31:13,887 [main] INFO  utils.BackgroundService (BackgroundService.java:shutdown(148)) - Shutting down service BlockDeletingService
2019-09-19 14:31:13,887 [ForkJoinPool.commonPool-worker-1] INFO  impl.RaftServerImpl (ServerState.java:close(394)) - 25afcdf3-50ae-4913-8777-2a97b689269f:group-6119BE4603E7 closes. The last applied log index is 0
2019-09-19 14:31:13,888 [25afcdf3-50ae-4913-8777-2a97b689269f-SegmentedRaftLogWorker:Storage Directory /workdir/hadoop-ozone/ozonefs/target/test-dir/MiniOzoneClusterImpl-339f3dc1-3cc0-483d-bcb7-0cbf2f200edb/datanode-0/data/ratis/ff84e3ec-9e44-453f-93d6-6119be4603e7] INFO  segmented.SegmentedRaftLogWorker (SegmentedRaftLogWorker.java:run(313)) - 25afcdf3-50ae-4913-8777-2a97b689269f-SegmentedRaftLogWorker:Storage Directory /workdir/hadoop-ozone/ozonefs/target/test-dir/MiniOzoneClusterImpl-339f3dc1-3cc0-483d-bcb7-0cbf2f200edb/datanode-0/data/ratis/ff84e3ec-9e44-453f-93d6-6119be4603e7 was interrupted, exiting. There are 0 tasks remaining in the queue.
2019-09-19 14:31:13,888 [ForkJoinPool.commonPool-worker-1] INFO  segmented.SegmentedRaftLogWorker (SegmentedRaftLogWorker.java:close(228)) - 25afcdf3-50ae-4913-8777-2a97b689269f-SegmentedRaftLogWorker:Storage Directory /workdir/hadoop-ozone/ozonefs/target/test-dir/MiniOzoneClusterImpl-339f3dc1-3cc0-483d-bcb7-0cbf2f200edb/datanode-0/data/ratis/ff84e3ec-9e44-453f-93d6-6119be4603e7 close()
2019-09-19 14:31:13,889 [ForkJoinPool.commonPool-worker-1] INFO  server.GrpcService (GrpcService.java:closeImpl(155)) - 25afcdf3-50ae-4913-8777-2a97b689269f: shutdown server with port 46090 now
2019-09-19 14:31:13,889 [refreshUsed-/workdir/hadoop-ozone/ozonefs/target/test-dir/MiniOzoneClusterImpl-339f3dc1-3cc0-483d-bcb7-0cbf2f200edb/datanode-1/data/containers] WARN  fs.CachingGetSpaceUsed (CachingGetSpaceUsed.java:run(183)) - Thread Interrupted waiting to refresh disk information: sleep interrupted
2019-09-19 14:31:13,892 [ForkJoinPool.commonPool-worker-1] INFO  server.GrpcService (GrpcService.java:closeImpl(163)) - 25afcdf3-50ae-4913-8777-2a97b689269f: shutdown server with port 46090 successfully
2019-09-19 14:31:13,894 [ForkJoinPool.commonPool-worker-1] INFO  utils.BackgroundService (BackgroundService.java:shutdown(148)) - Shutting down service BlockDeletingService
2019-09-19 14:31:13,897 [refreshUsed-/workdir/hadoop-ozone/ozonefs/target/test-dir/MiniOzoneClusterImpl-339f3dc1-3cc0-483d-bcb7-0cbf2f200edb/datanode-0/data/containers] WARN  fs.CachingGetSpaceUsed (CachingGetSpaceUsed.java:run(183)) - Thread Interrupted waiting to refresh disk information: sleep interrupted
2019-09-19 14:31:13,921 [main] INFO  statemachine.DatanodeStateMachine (DatanodeStateMachine.java:stopDaemon(395)) - Ozone container server stopped.
2019-09-19 14:31:13,922 [main] INFO  handler.ContextHandler (ContextHandler.java:doStop(910)) - Stopped o.e.j.w.WebAppContext@52a42e0f{/,null,UNAVAILABLE}{/hddsDatanode}
2019-09-19 14:31:13,923 [main] INFO  server.AbstractConnector (AbstractConnector.java:doStop(318)) - Stopped ServerConnector@32be0ebd{HTTP/1.1,[http/1.1]}{0.0.0.0:0}
2019-09-19 14:31:13,923 [main] INFO  handler.ContextHandler (ContextHandler.java:doStop(910)) - Stopped o.e.j.s.ServletContextHandler@29e94753{/static,jar:file:/home/user/.m2/repository/org/apache/hadoop/hadoop-hdds-container-service/0.5.0-SNAPSHOT/hadoop-hdds-container-service-0.5.0-SNAPSHOT.jar!/webapps/static,UNAVAILABLE}
2019-09-19 14:31:13,923 [main] INFO  handler.ContextHandler (ContextHandler.java:doStop(910)) - Stopped o.e.j.s.ServletContextHandler@77a38cec{/logs,file:///workdir/hadoop-ozone/ozonefs/target/log,UNAVAILABLE}
2019-09-19 14:31:13,925 [main] INFO  datanode.ObjectStoreHandler (ObjectStoreHandler.java:close(155)) - Closing ObjectStoreHandler.
2019-09-19 14:31:13,925 [main] INFO  ozone.HddsDatanodeService (HddsDatanodeService.java:stop(451)) - Stopped plug-in org.apache.hadoop.ozone.web.OzoneHddsDatanodeService@641f9947
2019-09-19 14:31:13,931 [ForkJoinPool.commonPool-worker-1] INFO  statemachine.DatanodeStateMachine (DatanodeStateMachine.java:stopDaemon(395)) - Ozone container server stopped.
2019-09-19 14:31:13,934 [ForkJoinPool.commonPool-worker-1] INFO  handler.ContextHandler (ContextHandler.java:doStop(910)) - Stopped o.e.j.w.WebAppContext@29f0e941{/,null,UNAVAILABLE}{/hddsDatanode}
2019-09-19 14:31:13,934 [ForkJoinPool.commonPool-worker-1] INFO  server.AbstractConnector (AbstractConnector.java:doStop(318)) - Stopped ServerConnector@2e6c69f{HTTP/1.1,[http/1.1]}{0.0.0.0:0}
2019-09-19 14:31:13,935 [ForkJoinPool.commonPool-worker-1] INFO  handler.ContextHandler (ContextHandler.java:doStop(910)) - Stopped o.e.j.s.ServletContextHandler@8dbe78f{/static,jar:file:/home/user/.m2/repository/org/apache/hadoop/hadoop-hdds-container-service/0.5.0-SNAPSHOT/hadoop-hdds-container-service-0.5.0-SNAPSHOT.jar!/webapps/static,UNAVAILABLE}
2019-09-19 14:31:13,936 [ForkJoinPool.commonPool-worker-1] INFO  handler.ContextHandler (ContextHandler.java:doStop(910)) - Stopped o.e.j.s.ServletContextHandler@7a63c618{/logs,file:///workdir/hadoop-ozone/ozonefs/target/log,UNAVAILABLE}
2019-09-19 14:31:14,576 [Datanode State Machine Thread - 0] INFO  statemachine.DatanodeStateMachine (DatanodeStateMachine.java:lambda$startDaemon$0(350)) - Ozone container server started.
2019-09-19 14:31:18,926 [main] INFO  ozoneimpl.OzoneContainer (OzoneContainer.java:stop(199)) - Attempting to stop container services.
2019-09-19 14:31:18,926 [main] INFO  impl.RaftServerProxy (RaftServerProxy.java:lambda$close$4(314)) - 1a966e7b-a794-43d4-8c96-8627eaac3d29: close
2019-09-19 14:31:18,927 [main] INFO  impl.RaftServerImpl (RaftServerImpl.java:lambda$shutdown$3(245)) - 1a966e7b-a794-43d4-8c96-8627eaac3d29: shutdown group-417753F92378
2019-09-19 14:31:18,927 [ForkJoinPool.commonPool-worker-0] INFO  impl.RaftServerImpl (RaftServerImpl.java:lambda$shutdown$3(245)) - 1a966e7b-a794-43d4-8c96-8627eaac3d29: shutdown group-3D284C1D5B17
2019-09-19 14:31:18,928 [main] INFO  util.JmxRegister (JmxRegister.java:unregister(73)) - Successfully un-registered JMX Bean with object name Ratis:service=RaftServer,group=group-417753F92378,id=1a966e7b-a794-43d4-8c96-8627eaac3d29
2019-09-19 14:31:18,928 [ForkJoinPool.commonPool-worker-0] INFO  util.JmxRegister (JmxRegister.java:unregister(73)) - Successfully un-registered JMX Bean with object name Ratis:service=RaftServer,group=group-3D284C1D5B17,id=1a966e7b-a794-43d4-8c96-8627eaac3d29
2019-09-19 14:31:18,928 [main] INFO  impl.RoleInfo (RoleInfo.java:shutdownLeaderState(104)) - 1a966e7b-a794-43d4-8c96-8627eaac3d29: shutdown LeaderState
2019-09-19 14:31:18,928 [ForkJoinPool.commonPool-worker-0] INFO  impl.RoleInfo (RoleInfo.java:shutdownLeaderState(104)) - 1a966e7b-a794-43d4-8c96-8627eaac3d29: shutdown LeaderState
2019-09-19 14:31:18,929 [main] INFO  impl.PendingRequests (PendingRequests.java:sendNotLeaderResponses(202)) - 1a966e7b-a794-43d4-8c96-8627eaac3d29-PendingRequests: sendNotLeaderResponses
2019-09-19 14:31:18,929 [ForkJoinPool.commonPool-worker-0] INFO  impl.PendingRequests (PendingRequests.java:sendNotLeaderResponses(202)) - 1a966e7b-a794-43d4-8c96-8627eaac3d29-PendingRequests: sendNotLeaderResponses
2019-09-19 14:31:18,930 [main] INFO  impl.StateMachineUpdater (StateMachineUpdater.java:stopAndJoin(115)) - StateMachineUpdater:1a966e7b-a794-43d4-8c96-8627eaac3d29:group-417753F92378: set stopIndex = 0
2019-09-19 14:31:18,930 [ForkJoinPool.commonPool-worker-0] INFO  impl.StateMachineUpdater (StateMachineUpdater.java:stopAndJoin(115)) - StateMachineUpdater:1a966e7b-a794-43d4-8c96-8627eaac3d29:group-3D284C1D5B17: set stopIndex = 0
2019-09-19 14:31:18,930 [main] INFO  impl.RaftServerImpl (ServerState.java:close(394)) - 1a966e7b-a794-43d4-8c96-8627eaac3d29:group-417753F92378 closes. The last applied log index is 0
2019-09-19 14:31:18,930 [ForkJoinPool.commonPool-worker-0] INFO  impl.RaftServerImpl (ServerState.java:close(394)) - 1a966e7b-a794-43d4-8c96-8627eaac3d29:group-3D284C1D5B17 closes. The last applied log index is 0
2019-09-19 14:31:18,931 [1a966e7b-a794-43d4-8c96-8627eaac3d29-SegmentedRaftLogWorker:Storage Directory /workdir/hadoop-ozone/ozonefs/target/test-dir/MiniOzoneClusterImpl-339f3dc1-3cc0-483d-bcb7-0cbf2f200edb/datanode-2/data/ratis/50d28461-f4a3-4c5f-b49d-417753f92378] INFO  segmented.SegmentedRaftLogWorker (SegmentedRaftLogWorker.java:run(313)) - 1a966e7b-a794-43d4-8c96-8627eaac3d29-SegmentedRaftLogWorker:Storage Directory /workdir/hadoop-ozone/ozonefs/target/test-dir/MiniOzoneClusterImpl-339f3dc1-3cc0-483d-bcb7-0cbf2f200edb/datanode-2/data/ratis/50d28461-f4a3-4c5f-b49d-417753f92378 was interrupted, exiting. There are 0 tasks remaining in the queue.
2019-09-19 14:31:18,931 [1a966e7b-a794-43d4-8c96-8627eaac3d29-SegmentedRaftLogWorker:Storage Directory /workdir/hadoop-ozone/ozonefs/target/test-dir/MiniOzoneClusterImpl-339f3dc1-3cc0-483d-bcb7-0cbf2f200edb/datanode-2/data/ratis/746e4655-589c-42e3-a46e-3d284c1d5b17] INFO  segmented.SegmentedRaftLogWorker (SegmentedRaftLogWorker.java:run(313)) - 1a966e7b-a794-43d4-8c96-8627eaac3d29-SegmentedRaftLogWorker:Storage Directory /workdir/hadoop-ozone/ozonefs/target/test-dir/MiniOzoneClusterImpl-339f3dc1-3cc0-483d-bcb7-0cbf2f200edb/datanode-2/data/ratis/746e4655-589c-42e3-a46e-3d284c1d5b17 was interrupted, exiting. There are 0 tasks remaining in the queue.
2019-09-19 14:31:18,931 [main] INFO  segmented.SegmentedRaftLogWorker (SegmentedRaftLogWorker.java:close(228)) - 1a966e7b-a794-43d4-8c96-8627eaac3d29-SegmentedRaftLogWorker:Storage Directory /workdir/hadoop-ozone/ozonefs/target/test-dir/MiniOzoneClusterImpl-339f3dc1-3cc0-483d-bcb7-0cbf2f200edb/datanode-2/data/ratis/50d28461-f4a3-4c5f-b49d-417753f92378 close()
2019-09-19 14:31:18,931 [ForkJoinPool.commonPool-worker-0] INFO  segmented.SegmentedRaftLogWorker (SegmentedRaftLogWorker.java:close(228)) - 1a966e7b-a794-43d4-8c96-8627eaac3d29-SegmentedRaftLogWorker:Storage Directory /workdir/hadoop-ozone/ozonefs/target/test-dir/MiniOzoneClusterImpl-339f3dc1-3cc0-483d-bcb7-0cbf2f200edb/datanode-2/data/ratis/746e4655-589c-42e3-a46e-3d284c1d5b17 close()
2019-09-19 14:31:18,932 [main] INFO  impl.RaftServerImpl (RaftServerImpl.java:lambda$shutdown$3(245)) - 1a966e7b-a794-43d4-8c96-8627eaac3d29: shutdown group-AB36DE50A69F
2019-09-19 14:31:18,932 [ForkJoinPool.commonPool-worker-0] INFO  impl.RaftServerImpl (RaftServerImpl.java:lambda$shutdown$3(245)) - 1a966e7b-a794-43d4-8c96-8627eaac3d29: shutdown group-AEF054876AFF
2019-09-19 14:31:18,932 [main] INFO  util.JmxRegister (JmxRegister.java:unregister(73)) - Successfully un-registered JMX Bean with object name Ratis:service=RaftServer,group=group-AB36DE50A69F,id=1a966e7b-a794-43d4-8c96-8627eaac3d29
2019-09-19 14:31:18,933 [main] INFO  impl.RoleInfo (RoleInfo.java:shutdownLeaderState(104)) - 1a966e7b-a794-43d4-8c96-8627eaac3d29: shutdown LeaderState
2019-09-19 14:31:18,933 [ForkJoinPool.commonPool-worker-0] INFO  util.JmxRegister (JmxRegister.java:unregister(73)) - Successfully un-registered JMX Bean with object name Ratis:service=RaftServer,group=group-AEF054876AFF,id=1a966e7b-a794-43d4-8c96-8627eaac3d29
2019-09-19 14:31:18,933 [main] INFO  impl.PendingRequests (PendingRequests.java:sendNotLeaderResponses(202)) - 1a966e7b-a794-43d4-8c96-8627eaac3d29-PendingRequests: sendNotLeaderResponses
2019-09-19 14:31:18,934 [ForkJoinPool.commonPool-worker-0] INFO  impl.RoleInfo (RoleInfo.java:shutdownLeaderState(104)) - 1a966e7b-a794-43d4-8c96-8627eaac3d29: shutdown LeaderState
2019-09-19 14:31:18,934 [main] INFO  impl.StateMachineUpdater (StateMachineUpdater.java:stopAndJoin(115)) - StateMachineUpdater:1a966e7b-a794-43d4-8c96-8627eaac3d29:group-AB36DE50A69F: set stopIndex = 0
2019-09-19 14:31:18,934 [ForkJoinPool.commonPool-worker-0] INFO  impl.PendingRequests (PendingRequests.java:sendNotLeaderResponses(202)) - 1a966e7b-a794-43d4-8c96-8627eaac3d29-PendingRequests: sendNotLeaderResponses
2019-09-19 14:31:18,935 [main] INFO  impl.RaftServerImpl (ServerState.java:close(394)) - 1a966e7b-a794-43d4-8c96-8627eaac3d29:group-AB36DE50A69F closes. The last applied log index is 0
2019-09-19 14:31:18,935 [ForkJoinPool.commonPool-worker-0] INFO  impl.StateMachineUpdater (StateMachineUpdater.java:stopAndJoin(115)) - StateMachineUpdater:1a966e7b-a794-43d4-8c96-8627eaac3d29:group-AEF054876AFF: set stopIndex = 0
2019-09-19 14:31:18,935 [1a966e7b-a794-43d4-8c96-8627eaac3d29-SegmentedRaftLogWorker:Storage Directory /workdir/hadoop-ozone/ozonefs/target/test-dir/MiniOzoneClusterImpl-339f3dc1-3cc0-483d-bcb7-0cbf2f200edb/datanode-2/data/ratis/02a5284a-7ddf-4cc8-8075-ab36de50a69f] INFO  segmented.SegmentedRaftLogWorker (SegmentedRaftLogWorker.java:run(313)) - 1a966e7b-a794-43d4-8c96-8627eaac3d29-SegmentedRaftLogWorker:Storage Directory /workdir/hadoop-ozone/ozonefs/target/test-dir/MiniOzoneClusterImpl-339f3dc1-3cc0-483d-bcb7-0cbf2f200edb/datanode-2/data/ratis/02a5284a-7ddf-4cc8-8075-ab36de50a69f was interrupted, exiting. There are 0 tasks remaining in the queue.
2019-09-19 14:31:18,935 [ForkJoinPool.commonPool-worker-0] INFO  impl.RaftServerImpl (ServerState.java:close(394)) - 1a966e7b-a794-43d4-8c96-8627eaac3d29:group-AEF054876AFF closes. The last applied log index is 0
2019-09-19 14:31:18,936 [main] INFO  segmented.SegmentedRaftLogWorker (SegmentedRaftLogWorker.java:close(228)) - 1a966e7b-a794-43d4-8c96-8627eaac3d29-SegmentedRaftLogWorker:Storage Directory /workdir/hadoop-ozone/ozonefs/target/test-dir/MiniOzoneClusterImpl-339f3dc1-3cc0-483d-bcb7-0cbf2f200edb/datanode-2/data/ratis/02a5284a-7ddf-4cc8-8075-ab36de50a69f close()
2019-09-19 14:31:18,936 [1a966e7b-a794-43d4-8c96-8627eaac3d29-SegmentedRaftLogWorker:Storage Directory /workdir/hadoop-ozone/ozonefs/target/test-dir/MiniOzoneClusterImpl-339f3dc1-3cc0-483d-bcb7-0cbf2f200edb/datanode-2/data/ratis/4dff5ba6-8adc-46f2-8b07-aef054876aff] INFO  segmented.SegmentedRaftLogWorker (SegmentedRaftLogWorker.java:run(313)) - 1a966e7b-a794-43d4-8c96-8627eaac3d29-SegmentedRaftLogWorker:Storage Directory /workdir/hadoop-ozone/ozonefs/target/test-dir/MiniOzoneClusterImpl-339f3dc1-3cc0-483d-bcb7-0cbf2f200edb/datanode-2/data/ratis/4dff5ba6-8adc-46f2-8b07-aef054876aff was interrupted, exiting. There are 0 tasks remaining in the queue.
2019-09-19 14:31:18,936 [ForkJoinPool.commonPool-worker-0] INFO  segmented.SegmentedRaftLogWorker (SegmentedRaftLogWorker.java:close(228)) - 1a966e7b-a794-43d4-8c96-8627eaac3d29-SegmentedRaftLogWorker:Storage Directory /workdir/hadoop-ozone/ozonefs/target/test-dir/MiniOzoneClusterImpl-339f3dc1-3cc0-483d-bcb7-0cbf2f200edb/datanode-2/data/ratis/4dff5ba6-8adc-46f2-8b07-aef054876aff close()
2019-09-19 14:31:18,936 [ForkJoinPool.commonPool-worker-0] INFO  impl.RaftServerImpl (RaftServerImpl.java:lambda$shutdown$3(245)) - 1a966e7b-a794-43d4-8c96-8627eaac3d29: shutdown group-E5ED58ED9DA3
2019-09-19 14:31:18,937 [ForkJoinPool.commonPool-worker-0] INFO  util.JmxRegister (JmxRegister.java:unregister(73)) - Successfully un-registered JMX Bean with object name Ratis:service=RaftServer,group=group-E5ED58ED9DA3,id=1a966e7b-a794-43d4-8c96-8627eaac3d29
2019-09-19 14:31:18,937 [ForkJoinPool.commonPool-worker-0] INFO  impl.RoleInfo (RoleInfo.java:shutdownLeaderState(104)) - 1a966e7b-a794-43d4-8c96-8627eaac3d29: shutdown LeaderState
2019-09-19 14:31:18,937 [ForkJoinPool.commonPool-worker-0] INFO  impl.PendingRequests (PendingRequests.java:sendNotLeaderResponses(202)) - 1a966e7b-a794-43d4-8c96-8627eaac3d29-PendingRequests: sendNotLeaderResponses
2019-09-19 14:31:18,937 [ForkJoinPool.commonPool-worker-0] INFO  impl.StateMachineUpdater (StateMachineUpdater.java:stopAndJoin(115)) - StateMachineUpdater:1a966e7b-a794-43d4-8c96-8627eaac3d29:group-E5ED58ED9DA3: set stopIndex = 0
2019-09-19 14:31:18,937 [ForkJoinPool.commonPool-worker-0] INFO  impl.RaftServerImpl (ServerState.java:close(394)) - 1a966e7b-a794-43d4-8c96-8627eaac3d29:group-E5ED58ED9DA3 closes. The last applied log index is 0
2019-09-19 14:31:18,938 [1a966e7b-a794-43d4-8c96-8627eaac3d29-SegmentedRaftLogWorker:Storage Directory /workdir/hadoop-ozone/ozonefs/target/test-dir/MiniOzoneClusterImpl-339f3dc1-3cc0-483d-bcb7-0cbf2f200edb/datanode-2/data/ratis/044fd0c1-3ca6-4c13-a3f0-e5ed58ed9da3] INFO  segmented.SegmentedRaftLogWorker (SegmentedRaftLogWorker.java:run(313)) - 1a966e7b-a794-43d4-8c96-8627eaac3d29-SegmentedRaftLogWorker:Storage Directory /workdir/hadoop-ozone/ozonefs/target/test-dir/MiniOzoneClusterImpl-339f3dc1-3cc0-483d-bcb7-0cbf2f200edb/datanode-2/data/ratis/044fd0c1-3ca6-4c13-a3f0-e5ed58ed9da3 was interrupted, exiting. There are 0 tasks remaining in the queue.
2019-09-19 14:31:18,938 [ForkJoinPool.commonPool-worker-0] INFO  segmented.SegmentedRaftLogWorker (SegmentedRaftLogWorker.java:close(228)) - 1a966e7b-a794-43d4-8c96-8627eaac3d29-SegmentedRaftLogWorker:Storage Directory /workdir/hadoop-ozone/ozonefs/target/test-dir/MiniOzoneClusterImpl-339f3dc1-3cc0-483d-bcb7-0cbf2f200edb/datanode-2/data/ratis/044fd0c1-3ca6-4c13-a3f0-e5ed58ed9da3 close()
2019-09-19 14:31:18,938 [ForkJoinPool.commonPool-worker-0] INFO  impl.RaftServerImpl (RaftServerImpl.java:lambda$shutdown$3(245)) - 1a966e7b-a794-43d4-8c96-8627eaac3d29: shutdown group-3863F975CB91
2019-09-19 14:31:18,938 [ForkJoinPool.commonPool-worker-0] INFO  util.JmxRegister (JmxRegister.java:unregister(73)) - Successfully un-registered JMX Bean with object name Ratis:service=RaftServer,group=group-3863F975CB91,id=1a966e7b-a794-43d4-8c96-8627eaac3d29
2019-09-19 14:31:18,938 [ForkJoinPool.commonPool-worker-0] INFO  impl.RoleInfo (RoleInfo.java:shutdownLeaderState(104)) - 1a966e7b-a794-43d4-8c96-8627eaac3d29: shutdown LeaderState
2019-09-19 14:31:18,938 [ForkJoinPool.commonPool-worker-0] INFO  impl.PendingRequests (PendingRequests.java:sendNotLeaderResponses(202)) - 1a966e7b-a794-43d4-8c96-8627eaac3d29-PendingRequests: sendNotLeaderResponses
2019-09-19 14:31:18,938 [ForkJoinPool.commonPool-worker-0] INFO  impl.StateMachineUpdater (StateMachineUpdater.java:stopAndJoin(115)) - StateMachineUpdater:1a966e7b-a794-43d4-8c96-8627eaac3d29:group-3863F975CB91: set stopIndex = 0
2019-09-19 14:31:18,939 [ForkJoinPool.commonPool-worker-0] INFO  impl.RaftServerImpl (ServerState.java:close(394)) - 1a966e7b-a794-43d4-8c96-8627eaac3d29:group-3863F975CB91 closes. The last applied log index is 0
2019-09-19 14:31:18,939 [1a966e7b-a794-43d4-8c96-8627eaac3d29-SegmentedRaftLogWorker:Storage Directory /workdir/hadoop-ozone/ozonefs/target/test-dir/MiniOzoneClusterImpl-339f3dc1-3cc0-483d-bcb7-0cbf2f200edb/datanode-2/data/ratis/100fab7c-7ade-4b8a-b439-3863f975cb91] INFO  segmented.SegmentedRaftLogWorker (SegmentedRaftLogWorker.java:run(313)) - 1a966e7b-a794-43d4-8c96-8627eaac3d29-SegmentedRaftLogWorker:Storage Directory /workdir/hadoop-ozone/ozonefs/target/test-dir/MiniOzoneClusterImpl-339f3dc1-3cc0-483d-bcb7-0cbf2f200edb/datanode-2/data/ratis/100fab7c-7ade-4b8a-b439-3863f975cb91 was interrupted, exiting. There are 0 tasks remaining in the queue.
2019-09-19 14:31:18,939 [ForkJoinPool.commonPool-worker-0] INFO  segmented.SegmentedRaftLogWorker (SegmentedRaftLogWorker.java:close(228)) - 1a966e7b-a794-43d4-8c96-8627eaac3d29-SegmentedRaftLogWorker:Storage Directory /workdir/hadoop-ozone/ozonefs/target/test-dir/MiniOzoneClusterImpl-339f3dc1-3cc0-483d-bcb7-0cbf2f200edb/datanode-2/data/ratis/100fab7c-7ade-4b8a-b439-3863f975cb91 close()
2019-09-19 14:31:18,939 [main] INFO  server.GrpcService (GrpcService.java:closeImpl(155)) - 1a966e7b-a794-43d4-8c96-8627eaac3d29: shutdown server with port 43341 now
2019-09-19 14:31:18,941 [main] INFO  server.GrpcService (GrpcService.java:closeImpl(163)) - 1a966e7b-a794-43d4-8c96-8627eaac3d29: shutdown server with port 43341 successfully
2019-09-19 14:31:18,946 [main] INFO  utils.BackgroundService (BackgroundService.java:shutdown(148)) - Shutting down service BlockDeletingService
2019-09-19 14:31:18,947 [refreshUsed-/workdir/hadoop-ozone/ozonefs/target/test-dir/MiniOzoneClusterImpl-339f3dc1-3cc0-483d-bcb7-0cbf2f200edb/datanode-2/data/containers] WARN  fs.CachingGetSpaceUsed (CachingGetSpaceUsed.java:run(183)) - Thread Interrupted waiting to refresh disk information: sleep interrupted
2019-09-19 14:31:18,975 [main] INFO  statemachine.DatanodeStateMachine (DatanodeStateMachine.java:stopDaemon(395)) - Ozone container server stopped.
2019-09-19 14:31:18,977 [main] INFO  handler.ContextHandler (ContextHandler.java:doStop(910)) - Stopped o.e.j.w.WebAppContext@20ff27a4{/,null,UNAVAILABLE}{/hddsDatanode}
2019-09-19 14:31:18,977 [main] INFO  server.AbstractConnector (AbstractConnector.java:doStop(318)) - Stopped ServerConnector@3d7fc4b3{HTTP/1.1,[http/1.1]}{0.0.0.0:0}
2019-09-19 14:31:18,978 [main] INFO  handler.ContextHandler (ContextHandler.java:doStop(910)) - Stopped o.e.j.s.ServletContextHandler@3052ce36{/static,jar:file:/home/user/.m2/repository/org/apache/hadoop/hadoop-hdds-container-service/0.5.0-SNAPSHOT/hadoop-hdds-container-service-0.5.0-SNAPSHOT.jar!/webapps/static,UNAVAILABLE}
2019-09-19 14:31:18,978 [main] INFO  handler.ContextHandler (ContextHandler.java:doStop(910)) - Stopped o.e.j.s.ServletContextHandler@553c74cc{/logs,file:///workdir/hadoop-ozone/ozonefs/target/log,UNAVAILABLE}
2019-09-19 14:31:18,979 [main] INFO  ozone.MiniOzoneClusterImpl (MiniOzoneClusterImpl.java:stop(353)) - Stopping the StorageContainerManager
2019-09-19 14:31:18,979 [main] INFO  server.StorageContainerManager (StorageContainerManager.java:stop(797)) - Stopping Replication Manager Service.
2019-09-19 14:31:18,980 [main] INFO  container.ReplicationManager (ReplicationManager.java:stop(192)) - Stopping Replication Monitor Thread.
2019-09-19 14:31:18,980 [main] INFO  server.StorageContainerManager (StorageContainerManager.java:stop(804)) - Stopping Lease Manager of the command watchers
2019-09-19 14:31:18,980 [main] INFO  server.StorageContainerManager (StorageContainerManager.java:stop(811)) - Stopping datanode service RPC server
2019-09-19 14:31:18,980 [main] INFO  server.SCMDatanodeProtocolServer (SCMDatanodeProtocolServer.java:stop(367)) - Stopping the RPC server for DataNodes
2019-09-19 14:31:18,980 [main] INFO  ipc.Server (Server.java:stop(3082)) - Stopping server on 37724
2019-09-19 14:31:18,982 [IPC Server listener on 37724] INFO  ipc.Server (Server.java:run(1185)) - Stopping IPC Server listener on 37724
2019-09-19 14:31:18,983 [IPC Server Responder] INFO  ipc.Server (Server.java:run(1319)) - Stopping IPC Server Responder
2019-09-19 14:31:19,034 [SCM Heartbeat Processing Thread - 0] WARN  node.NodeStateManager (NodeStateManager.java:scheduleNextHealthCheck(655)) - Current Thread is interrupted, shutting down HB processing thread for Node Manager.
2019-09-19 14:31:19,034 [main] INFO  server.StorageContainerManager (StorageContainerManager.java:stop(819)) - Stopping block service RPC server
2019-09-19 14:31:19,034 [main] INFO  server.SCMBlockProtocolServer (SCMBlockProtocolServer.java:stop(148)) - Stopping the RPC server for Block Protocol
2019-09-19 14:31:19,035 [main] INFO  ipc.Server (Server.java:stop(3082)) - Stopping server on 38486
2019-09-19 14:31:19,036 [IPC Server listener on 38486] INFO  ipc.Server (Server.java:run(1185)) - Stopping IPC Server listener on 38486
2019-09-19 14:31:19,036 [main] INFO  server.StorageContainerManager (StorageContainerManager.java:stop(826)) - Stopping the StorageContainerLocationProtocol RPC server
2019-09-19 14:31:19,037 [main] INFO  server.SCMClientProtocolServer (SCMClientProtocolServer.java:stop(159)) - Stopping the RPC server for Client Protocol
2019-09-19 14:31:19,038 [main] INFO  ipc.Server (Server.java:stop(3082)) - Stopping server on 45572
2019-09-19 14:31:19,037 [IPC Server Responder] INFO  ipc.Server (Server.java:run(1319)) - Stopping IPC Server Responder
2019-09-19 14:31:19,042 [main] INFO  server.StorageContainerManager (StorageContainerManager.java:stop(833)) - Stopping Storage Container Manager HTTP server.
2019-09-19 14:31:19,042 [IPC Server listener on 45572] INFO  ipc.Server (Server.java:run(1185)) - Stopping IPC Server listener on 45572
2019-09-19 14:31:19,044 [IPC Server Responder] INFO  ipc.Server (Server.java:run(1319)) - Stopping IPC Server Responder
2019-09-19 14:31:19,045 [main] INFO  handler.ContextHandler (ContextHandler.java:doStop(910)) - Stopped o.e.j.w.WebAppContext@1c68601b{/,null,UNAVAILABLE}{/scm}
2019-09-19 14:31:19,046 [main] INFO  server.AbstractConnector (AbstractConnector.java:doStop(318)) - Stopped ServerConnector@3128be29{HTTP/1.1,[http/1.1]}{0.0.0.0:0}
2019-09-19 14:31:19,046 [main] INFO  handler.ContextHandler (ContextHandler.java:doStop(910)) - Stopped o.e.j.s.ServletContextHandler@3be94b12{/static,jar:file:/home/user/.m2/repository/org/apache/hadoop/hadoop-hdds-server-scm/0.5.0-SNAPSHOT/hadoop-hdds-server-scm-0.5.0-SNAPSHOT.jar!/webapps/static,UNAVAILABLE}
2019-09-19 14:31:19,046 [main] INFO  handler.ContextHandler (ContextHandler.java:doStop(910)) - Stopped o.e.j.s.ServletContextHandler@392a40d9{/logs,file:///workdir/hadoop-ozone/ozonefs/target/log,UNAVAILABLE}
2019-09-19 14:31:19,047 [main] INFO  server.StorageContainerManager (StorageContainerManager.java:stop(844)) - Stopping Block Manager Service.
2019-09-19 14:31:19,048 [main] INFO  utils.BackgroundService (BackgroundService.java:shutdown(148)) - Shutting down service SCMBlockDeletingService
2019-09-19 14:31:19,048 [main] INFO  utils.BackgroundService (BackgroundService.java:shutdown(148)) - Shutting down service SCMBlockDeletingService
2019-09-19 14:31:19,048 [main] INFO  server.StorageContainerManager (StorageContainerManager.java:stop(866)) - Stopping SCM Event Queue.
2019-09-19 14:31:19,053 [main] INFO  impl.MetricsSystemImpl (MetricsSystemImpl.java:stop(210)) - Stopping HddsDatanode metrics system...
2019-09-19 14:31:19,059 [main] INFO  impl.MetricsSystemImpl (MetricsSystemImpl.java:stop(216)) - HddsDatanode metrics system stopped.
]]></system-out>
    <system-err><![CDATA[Sep 19, 2019 2:31:03 PM com.sun.jersey.server.impl.application.WebApplicationImpl _initiate
INFO: Initiating Jersey application, version 'Jersey: 1.19 02/11/2015 03:25 AM'
Sep 19, 2019 2:31:03 PM com.sun.jersey.server.impl.application.WebApplicationImpl _initiate
INFO: Initiating Jersey application, version 'Jersey: 1.19 02/11/2015 03:25 AM'
Sep 19, 2019 2:31:03 PM com.sun.jersey.server.impl.application.WebApplicationImpl _initiate
INFO: Initiating Jersey application, version 'Jersey: 1.19 02/11/2015 03:25 AM'
Sep 19, 2019 2:31:08 PM com.sun.jersey.server.impl.application.WebApplicationImpl _initiate
INFO: Initiating Jersey application, version 'Jersey: 1.19 02/11/2015 03:25 AM'
]]></system-err>
  </testcase>
</testsuite>