<?xml version="1.0" encoding="UTF-8"?>
<testsuite xmlns:xsi="http://www.w3.org/2001/XMLSchema-instance" xsi:noNamespaceSchemaLocation="https://maven.apache.org/surefire/maven-surefire-plugin/xsd/surefire-test-report.xsd" name="org.apache.hadoop.ozone.client.rpc.TestOzoneRpcClientWithRatis" time="19.912" tests="1" errors="1" skipped="0" failures="0">
  <properties>
    <property name="awt.toolkit" value="sun.awt.X11.XToolkit"/>
    <property name="file.encoding.pkg" value="sun.io"/>
    <property name="java.specification.version" value="1.8"/>
    <property name="sun.cpu.isalist" value=""/>
    <property name="sun.jnu.encoding" value="UTF-8"/>
    <property name="java.class.path" value="/workdir/hadoop-ozone/integration-test/target/test-classes:/workdir/hadoop-ozone/integration-test/target/classes:/home/user/.m2/repository/org/apache/hadoop/hadoop-ozone-common/0.5.0-SNAPSHOT/hadoop-ozone-common-0.5.0-SNAPSHOT.jar:/home/user/.m2/repository/org/apache/commons/commons-compress/1.4.1/commons-compress-1.4.1.jar:/home/user/.m2/repository/org/tukaani/xz/1.0/xz-1.0.jar:/home/user/.m2/repository/org/apache/hadoop/hadoop-common/3.2.0/hadoop-common-3.2.0.jar:/home/user/.m2/repository/org/apache/hadoop/hadoop-hdfs/3.2.0/hadoop-hdfs-3.2.0.jar:/home/user/.m2/repository/org/apache/hadoop/hadoop-hdfs-client/3.2.0/hadoop-hdfs-client-3.2.0.jar:/home/user/.m2/repository/com/fasterxml/jackson/core/jackson-annotations/2.9.9/jackson-annotations-2.9.9.jar:/home/user/.m2/repository/org/apache/hadoop/hadoop-hdds-common/0.5.0-SNAPSHOT/hadoop-hdds-common-0.5.0-SNAPSHOT.jar:/home/user/.m2/repository/javax/annotation/javax.annotation-api/1.2/javax.annotation-api-1.2.jar:/home/user/.m2/repository/org/apache/ratis/ratis-server/0.4.0-78e95b9-SNAPSHOT/ratis-server-0.4.0-78e95b9-SNAPSHOT.jar:/home/user/.m2/repository/org/apache/ratis/ratis-thirdparty-misc/0.2.0/ratis-thirdparty-misc-0.2.0.jar:/home/user/.m2/repository/org/apache/ratis/ratis-proto/0.4.0-78e95b9-SNAPSHOT/ratis-proto-0.4.0-78e95b9-SNAPSHOT.jar:/home/user/.m2/repository/org/apache/ratis/ratis-common/0.4.0-78e95b9-SNAPSHOT/ratis-common-0.4.0-78e95b9-SNAPSHOT.jar:/home/user/.m2/repository/org/apache/ratis/ratis-client/0.4.0-78e95b9-SNAPSHOT/ratis-client-0.4.0-78e95b9-SNAPSHOT.jar:/home/user/.m2/repository/org/apache/ratis/ratis-metrics/0.4.0-78e95b9-SNAPSHOT/ratis-metrics-0.4.0-78e95b9-SNAPSHOT.jar:/home/user/.m2/repository/com/github/joshelser/dropwizard-metrics-hadoop-metrics2-reporter/0.1.2/dropwizard-metrics-hadoop-metrics2-reporter-0.1.2.jar:/home/user/.m2/repository/io/dropwizard/metrics/metrics-jvm/3.2.5/metrics-jvm-3.2.5.jar:/home/user/.m2/repository/io/dropwizard/metrics/metrics-ganglia/3.2.5/metrics-ganglia-3.2.5.jar:/home/user/.m2/repository/info/ganglia/gmetric4j/gmetric4j/1.0.7/gmetric4j-1.0.7.jar:/home/user/.m2/repository/org/apache/ratis/ratis-netty/0.4.0-78e95b9-SNAPSHOT/ratis-netty-0.4.0-78e95b9-SNAPSHOT.jar:/home/user/.m2/repository/org/apache/ratis/ratis-grpc/0.4.0-78e95b9-SNAPSHOT/ratis-grpc-0.4.0-78e95b9-SNAPSHOT.jar:/home/user/.m2/repository/org/rocksdb/rocksdbjni/6.0.1/rocksdbjni-6.0.1.jar:/home/user/.m2/repository/org/apache/logging/log4j/log4j-api/2.11.0/log4j-api-2.11.0.jar:/home/user/.m2/repository/org/apache/logging/log4j/log4j-core/2.11.0/log4j-core-2.11.0.jar:/home/user/.m2/repository/com/lmax/disruptor/3.4.2/disruptor-3.4.2.jar:/home/user/.m2/repository/org/apache/commons/commons-pool2/2.6.0/commons-pool2-2.6.0.jar:/home/user/.m2/repository/org/bouncycastle/bcpkix-jdk15on/1.60/bcpkix-jdk15on-1.60.jar:/home/user/.m2/repository/commons-validator/commons-validator/1.6/commons-validator-1.6.jar:/home/user/.m2/repository/commons-digester/commons-digester/1.8.1/commons-digester-1.8.1.jar:/home/user/.m2/repository/io/jaegertracing/jaeger-client/1.0.0/jaeger-client-1.0.0.jar:/home/user/.m2/repository/io/jaegertracing/jaeger-thrift/1.0.0/jaeger-thrift-1.0.0.jar:/home/user/.m2/repository/org/apache/thrift/libthrift/0.12.0/libthrift-0.12.0.jar:/home/user/.m2/repository/com/squareup/okhttp3/okhttp/3.9.0/okhttp-3.9.0.jar:/home/user/.m2/repository/com/squareup/okio/okio/1.13.0/okio-1.13.0.jar:/home/user/.m2/repository/io/jaegertracing/jaeger-core/1.0.0/jaeger-core-1.0.0.jar:/home/user/.m2/repository/io/jaegertracing/jaeger-tracerresolver/1.0.0/jaeger-tracerresolver-1.0.0.jar:/home/user/.m2/repository/io/opentracing/contrib/opentracing-tracerresolver/0.1.8/opentracing-tracerresolver-0.1.8.jar:/home/user/.m2/repository/io/opentracing/opentracing-util/0.31.0/opentracing-util-0.31.0.jar:/home/user/.m2/repository/io/opentracing/opentracing-api/0.31.0/opentracing-api-0.31.0.jar:/home/user/.m2/repository/io/opentracing/opentracing-noop/0.31.0/opentracing-noop-0.31.0.jar:/home/user/.m2/repository/org/apache/hadoop/hadoop-hdds-server-framework/0.5.0-SNAPSHOT/hadoop-hdds-server-framework-0.5.0-SNAPSHOT.jar:/home/user/.m2/repository/org/apache/hadoop/hadoop-hdds-container-service/0.5.0-SNAPSHOT/hadoop-hdds-container-service-0.5.0-SNAPSHOT.jar:/home/user/.m2/repository/org/apache/hadoop/hadoop-hdds-client/0.5.0-SNAPSHOT/hadoop-hdds-client-0.5.0-SNAPSHOT.jar:/home/user/.m2/repository/org/apache/hadoop/hadoop-hdds-tools/0.5.0-SNAPSHOT/hadoop-hdds-tools-0.5.0-SNAPSHOT.jar:/home/user/.m2/repository/org/apache/hadoop/hadoop-hdds-server-scm/0.5.0-SNAPSHOT/hadoop-hdds-server-scm-0.5.0-SNAPSHOT.jar:/home/user/.m2/repository/org/apache/hadoop/hadoop-hdds-docs/0.5.0-SNAPSHOT/hadoop-hdds-docs-0.5.0-SNAPSHOT.jar:/home/user/.m2/repository/io/dropwizard/metrics/metrics-core/3.2.4/metrics-core-3.2.4.jar:/home/user/.m2/repository/org/hamcrest/hamcrest-all/1.3/hamcrest-all-1.3.jar:/home/user/.m2/repository/org/bouncycastle/bcprov-jdk15on/1.60/bcprov-jdk15on-1.60.jar:/home/user/.m2/repository/info/picocli/picocli/3.9.6/picocli-3.9.6.jar:/home/user/.m2/repository/com/google/protobuf/protobuf-java/2.5.0/protobuf-java-2.5.0.jar:/home/user/.m2/repository/com/google/guava/guava/11.0.2/guava-11.0.2.jar:/home/user/.m2/repository/org/apache/hadoop/hadoop-ozone-ozone-manager/0.5.0-SNAPSHOT/hadoop-ozone-ozone-manager-0.5.0-SNAPSHOT.jar:/home/user/.m2/repository/org/apache/hadoop/hadoop-minikdc/3.2.0/hadoop-minikdc-3.2.0.jar:/home/user/.m2/repository/commons-io/commons-io/2.5/commons-io-2.5.jar:/home/user/.m2/repository/org/apache/kerby/kerb-simplekdc/1.0.1/kerb-simplekdc-1.0.1.jar:/home/user/.m2/repository/org/apache/kerby/kerb-client/1.0.1/kerb-client-1.0.1.jar:/home/user/.m2/repository/org/apache/kerby/kerby-config/1.0.1/kerby-config-1.0.1.jar:/home/user/.m2/repository/org/apache/kerby/kerb-core/1.0.1/kerb-core-1.0.1.jar:/home/user/.m2/repository/org/apache/kerby/kerby-pkix/1.0.1/kerby-pkix-1.0.1.jar:/home/user/.m2/repository/org/apache/kerby/kerby-asn1/1.0.1/kerby-asn1-1.0.1.jar:/home/user/.m2/repository/org/apache/kerby/kerby-util/1.0.1/kerby-util-1.0.1.jar:/home/user/.m2/repository/org/apache/kerby/kerb-common/1.0.1/kerb-common-1.0.1.jar:/home/user/.m2/repository/org/apache/kerby/kerb-crypto/1.0.1/kerb-crypto-1.0.1.jar:/home/user/.m2/repository/org/apache/kerby/kerb-util/1.0.1/kerb-util-1.0.1.jar:/home/user/.m2/repository/org/apache/kerby/token-provider/1.0.1/token-provider-1.0.1.jar:/home/user/.m2/repository/org/apache/kerby/kerb-admin/1.0.1/kerb-admin-1.0.1.jar:/home/user/.m2/repository/org/apache/kerby/kerb-server/1.0.1/kerb-server-1.0.1.jar:/home/user/.m2/repository/org/apache/kerby/kerb-identity/1.0.1/kerb-identity-1.0.1.jar:/home/user/.m2/repository/org/apache/kerby/kerby-xdr/1.0.1/kerby-xdr-1.0.1.jar:/home/user/.m2/repository/org/slf4j/slf4j-log4j12/1.7.25/slf4j-log4j12-1.7.25.jar:/home/user/.m2/repository/org/apache/hadoop/hadoop-ozone-s3gateway/0.5.0-SNAPSHOT/hadoop-ozone-s3gateway-0.5.0-SNAPSHOT.jar:/home/user/.m2/repository/org/jboss/weld/servlet/weld-servlet/2.4.7.Final/weld-servlet-2.4.7.Final.jar:/home/user/.m2/repository/org/glassfish/jersey/containers/jersey-container-servlet-core/2.27/jersey-container-servlet-core-2.27.jar:/home/user/.m2/repository/org/glassfish/hk2/external/javax.inject/2.5.0-b42/javax.inject-2.5.0-b42.jar:/home/user/.m2/repository/org/glassfish/jersey/core/jersey-common/2.27/jersey-common-2.27.jar:/home/user/.m2/repository/org/glassfish/hk2/osgi-resource-locator/1.0.1/osgi-resource-locator-1.0.1.jar:/home/user/.m2/repository/javax/ws/rs/javax.ws.rs-api/2.1/javax.ws.rs-api-2.1.jar:/home/user/.m2/repository/org/glassfish/jersey/ext/cdi/jersey-cdi1x/2.27/jersey-cdi1x-2.27.jar:/home/user/.m2/repository/org/glassfish/jersey/inject/jersey-hk2/2.27/jersey-hk2-2.27.jar:/home/user/.m2/repository/org/glassfish/hk2/hk2-locator/2.5.0-b42/hk2-locator-2.5.0-b42.jar:/home/user/.m2/repository/org/javassist/javassist/3.22.0-CR2/javassist-3.22.0-CR2.jar:/home/user/.m2/repository/org/glassfish/hk2/hk2-api/2.5.0/hk2-api-2.5.0.jar:/home/user/.m2/repository/org/glassfish/hk2/external/jakarta.inject/2.5.0/jakarta.inject-2.5.0.jar:/home/user/.m2/repository/org/glassfish/hk2/hk2-utils/2.5.0/hk2-utils-2.5.0.jar:/home/user/.m2/repository/jakarta/annotation/jakarta.annotation-api/1.3.4/jakarta.annotation-api-1.3.4.jar:/home/user/.m2/repository/org/glassfish/hk2/external/aopalliance-repackaged/2.5.0/aopalliance-repackaged-2.5.0.jar:/home/user/.m2/repository/com/fasterxml/jackson/dataformat/jackson-dataformat-xml/2.9.0/jackson-dataformat-xml-2.9.0.jar:/home/user/.m2/repository/com/fasterxml/jackson/core/jackson-core/2.9.9/jackson-core-2.9.9.jar:/home/user/.m2/repository/com/fasterxml/jackson/module/jackson-module-jaxb-annotations/2.9.9/jackson-module-jaxb-annotations-2.9.9.jar:/home/user/.m2/repository/javax/enterprise/cdi-api/1.2/cdi-api-1.2.jar:/home/user/.m2/repository/javax/el/javax.el-api/3.0.0/javax.el-api-3.0.0.jar:/home/user/.m2/repository/javax/interceptor/javax.interceptor-api/1.2/javax.interceptor-api-1.2.jar:/home/user/.m2/repository/javax/inject/javax.inject/1/javax.inject-1.jar:/home/user/.m2/repository/com/sun/xml/bind/jaxb-impl/2.3.0.1/jaxb-impl-2.3.0.1.jar:/home/user/.m2/repository/com/sun/xml/bind/jaxb-core/2.3.0.1/jaxb-core-2.3.0.1.jar:/home/user/.m2/repository/javax/xml/bind/jaxb-api/2.3.0/jaxb-api-2.3.0.jar:/home/user/.m2/repository/javax/activation/activation/1.1.1/activation-1.1.1.jar:/home/user/.m2/repository/org/apache/hadoop/hadoop-ozone-csi/0.5.0-SNAPSHOT/hadoop-ozone-csi-0.5.0-SNAPSHOT.jar:/home/user/.m2/repository/com/google/protobuf/protobuf-java-util/3.5.1/protobuf-java-util-3.5.1.jar:/home/user/.m2/repository/org/apache/hadoop/hadoop-hdds-config/0.5.0-SNAPSHOT/hadoop-hdds-config-0.5.0-SNAPSHOT.jar:/home/user/.m2/repository/io/grpc/grpc-netty/1.17.1/grpc-netty-1.17.1.jar:/home/user/.m2/repository/io/grpc/grpc-core/1.17.1/grpc-core-1.17.1.jar:/home/user/.m2/repository/io/grpc/grpc-context/1.17.1/grpc-context-1.17.1.jar:/home/user/.m2/repository/com/google/errorprone/error_prone_annotations/2.2.0/error_prone_annotations-2.2.0.jar:/home/user/.m2/repository/org/codehaus/mojo/animal-sniffer-annotations/1.17/animal-sniffer-annotations-1.17.jar:/home/user/.m2/repository/io/opencensus/opencensus-api/0.17.0/opencensus-api-0.17.0.jar:/home/user/.m2/repository/io/opencensus/opencensus-contrib-grpc-metrics/0.17.0/opencensus-contrib-grpc-metrics-0.17.0.jar:/home/user/.m2/repository/io/netty/netty-codec-http2/4.1.30.Final/netty-codec-http2-4.1.30.Final.jar:/home/user/.m2/repository/io/netty/netty-codec-http/4.1.30.Final/netty-codec-http-4.1.30.Final.jar:/home/user/.m2/repository/io/netty/netty-codec/4.1.30.Final/netty-codec-4.1.30.Final.jar:/home/user/.m2/repository/io/netty/netty-handler/4.1.30.Final/netty-handler-4.1.30.Final.jar:/home/user/.m2/repository/io/netty/netty-handler-proxy/4.1.30.Final/netty-handler-proxy-4.1.30.Final.jar:/home/user/.m2/repository/io/netty/netty-codec-socks/4.1.30.Final/netty-codec-socks-4.1.30.Final.jar:/home/user/.m2/repository/io/netty/netty-transport-native-epoll/4.1.30.Final/netty-transport-native-epoll-4.1.30.Final.jar:/home/user/.m2/repository/io/netty/netty-common/4.1.30.Final/netty-common-4.1.30.Final.jar:/home/user/.m2/repository/io/netty/netty-buffer/4.1.30.Final/netty-buffer-4.1.30.Final.jar:/home/user/.m2/repository/io/netty/netty-transport/4.1.30.Final/netty-transport-4.1.30.Final.jar:/home/user/.m2/repository/io/netty/netty-resolver/4.1.30.Final/netty-resolver-4.1.30.Final.jar:/home/user/.m2/repository/io/netty/netty-transport-native-unix-common/4.1.30.Final/netty-transport-native-unix-common-4.1.30.Final.jar:/home/user/.m2/repository/io/grpc/grpc-protobuf/1.17.1/grpc-protobuf-1.17.1.jar:/home/user/.m2/repository/com/google/api/grpc/proto-google-common-protos/1.0.0/proto-google-common-protos-1.0.0.jar:/home/user/.m2/repository/io/grpc/grpc-protobuf-lite/1.17.1/grpc-protobuf-lite-1.17.1.jar:/home/user/.m2/repository/io/grpc/grpc-stub/1.17.1/grpc-stub-1.17.1.jar:/home/user/.m2/repository/org/apache/hadoop/hadoop-ozone-recon/0.5.0-SNAPSHOT/hadoop-ozone-recon-0.5.0-SNAPSHOT.jar:/home/user/.m2/repository/org/apache/hadoop/hadoop-ozone-reconcodegen/0.5.0-SNAPSHOT/hadoop-ozone-reconcodegen-0.5.0-SNAPSHOT.jar:/home/user/.m2/repository/com/google/inject/extensions/guice-multibindings/4.0/guice-multibindings-4.0.jar:/home/user/.m2/repository/com/google/inject/guice/4.0/guice-4.0.jar:/home/user/.m2/repository/aopalliance/aopalliance/1.0/aopalliance-1.0.jar:/home/user/.m2/repository/com/google/inject/extensions/guice-servlet/4.0/guice-servlet-4.0.jar:/home/user/.m2/repository/org/glassfish/jersey/containers/jersey-container-servlet/2.27/jersey-container-servlet-2.27.jar:/home/user/.m2/repository/org/glassfish/hk2/guice-bridge/2.5.0/guice-bridge-2.5.0.jar:/home/user/.m2/repository/org/glassfish/jersey/core/jersey-server/2.27/jersey-server-2.27.jar:/home/user/.m2/repository/org/glassfish/jersey/core/jersey-client/2.27/jersey-client-2.27.jar:/home/user/.m2/repository/org/glassfish/jersey/media/jersey-media-jaxb/2.27/jersey-media-jaxb-2.27.jar:/home/user/.m2/repository/javax/validation/validation-api/1.1.0.Final/validation-api-1.1.0.Final.jar:/home/user/.m2/repository/org/glassfish/jersey/media/jersey-media-json-jackson/2.27/jersey-media-json-jackson-2.27.jar:/home/user/.m2/repository/org/glassfish/jersey/ext/jersey-entity-filtering/2.27/jersey-entity-filtering-2.27.jar:/home/user/.m2/repository/com/google/inject/extensions/guice-assistedinject/4.0/guice-assistedinject-4.0.jar:/home/user/.m2/repository/org/jooq/jooq/3.11.10/jooq-3.11.10.jar:/home/user/.m2/repository/org/jooq/jooq-meta/3.11.10/jooq-meta-3.11.10.jar:/home/user/.m2/repository/org/jooq/jooq-codegen/3.11.10/jooq-codegen-3.11.10.jar:/home/user/.m2/repository/com/jolbox/bonecp/0.8.0.RELEASE/bonecp-0.8.0.RELEASE.jar:/home/user/.m2/repository/org/xerial/sqlite-jdbc/3.25.2/sqlite-jdbc-3.25.2.jar:/home/user/.m2/repository/org/springframework/spring-jdbc/5.1.3.RELEASE/spring-jdbc-5.1.3.RELEASE.jar:/home/user/.m2/repository/org/springframework/spring-beans/5.1.3.RELEASE/spring-beans-5.1.3.RELEASE.jar:/home/user/.m2/repository/org/springframework/spring-core/5.1.3.RELEASE/spring-core-5.1.3.RELEASE.jar:/home/user/.m2/repository/org/springframework/spring-jcl/5.1.3.RELEASE/spring-jcl-5.1.3.RELEASE.jar:/home/user/.m2/repository/org/springframework/spring-tx/5.1.3.RELEASE/spring-tx-5.1.3.RELEASE.jar:/home/user/.m2/repository/org/apache/hadoop/hadoop-ozone-client/0.5.0-SNAPSHOT/hadoop-ozone-client-0.5.0-SNAPSHOT.jar:/home/user/.m2/repository/commons-lang/commons-lang/2.6/commons-lang-2.6.jar:/home/user/.m2/repository/org/apache/hadoop/hadoop-ozone-ozone-manager/0.5.0-SNAPSHOT/hadoop-ozone-ozone-manager-0.5.0-SNAPSHOT-tests.jar:/home/user/.m2/repository/junit/junit/4.11/junit-4.11.jar:/home/user/.m2/repository/org/hamcrest/hamcrest-core/1.3/hamcrest-core-1.3.jar:/home/user/.m2/repository/org/openjdk/jmh/jmh-core/1.19/jmh-core-1.19.jar:/home/user/.m2/repository/net/sf/jopt-simple/jopt-simple/4.6/jopt-simple-4.6.jar:/home/user/.m2/repository/org/apache/commons/commons-math3/3.1.1/commons-math3-3.1.1.jar:/home/user/.m2/repository/org/openjdk/jmh/jmh-generator-annprocess/1.19/jmh-generator-annprocess-1.19.jar:/home/user/.m2/repository/org/mockito/mockito-all/1.8.5/mockito-all-1.8.5.jar:/home/user/.m2/repository/org/apache/hadoop/hadoop-kms/3.2.0/hadoop-kms-3.2.0.jar:/home/user/.m2/repository/org/apache/hadoop/hadoop-auth/3.2.0/hadoop-auth-3.2.0.jar:/home/user/.m2/repository/com/nimbusds/nimbus-jose-jwt/4.41.1/nimbus-jose-jwt-4.41.1.jar:/home/user/.m2/repository/com/github/stephenc/jcip/jcip-annotations/1.0-1/jcip-annotations-1.0-1.jar:/home/user/.m2/repository/net/minidev/json-smart/2.3/json-smart-2.3.jar:/home/user/.m2/repository/net/minidev/accessors-smart/1.2/accessors-smart-1.2.jar:/home/user/.m2/repository/org/ow2/asm/asm/5.0.4/asm-5.0.4.jar:/home/user/.m2/repository/org/apache/curator/curator-framework/2.12.0/curator-framework-2.12.0.jar:/home/user/.m2/repository/com/sun/jersey/jersey-core/1.19/jersey-core-1.19.jar:/home/user/.m2/repository/javax/ws/rs/jsr311-api/1.1.1/jsr311-api-1.1.1.jar:/home/user/.m2/repository/com/sun/jersey/jersey-server/1.19/jersey-server-1.19.jar:/home/user/.m2/repository/javax/servlet/javax.servlet-api/3.1.0/javax.servlet-api-3.1.0.jar:/home/user/.m2/repository/org/eclipse/jetty/jetty-server/9.3.25.v20180904/jetty-server-9.3.25.v20180904.jar:/home/user/.m2/repository/org/eclipse/jetty/jetty-http/9.3.25.v20180904/jetty-http-9.3.25.v20180904.jar:/home/user/.m2/repository/org/eclipse/jetty/jetty-io/9.3.25.v20180904/jetty-io-9.3.25.v20180904.jar:/home/user/.m2/repository/org/eclipse/jetty/jetty-webapp/9.3.25.v20180904/jetty-webapp-9.3.25.v20180904.jar:/home/user/.m2/repository/org/eclipse/jetty/jetty-xml/9.3.25.v20180904/jetty-xml-9.3.25.v20180904.jar:/home/user/.m2/repository/log4j/log4j/1.2.17/log4j-1.2.17.jar:/home/user/.m2/repository/org/slf4j/slf4j-api/1.7.25/slf4j-api-1.7.25.jar:/home/user/.m2/repository/org/slf4j/jul-to-slf4j/1.7.25/jul-to-slf4j-1.7.25.jar:/home/user/.m2/repository/org/eclipse/jetty/jetty-util/9.3.25.v20180904/jetty-util-9.3.25.v20180904.jar:/home/user/.m2/repository/com/fasterxml/jackson/core/jackson-databind/2.9.9/jackson-databind-2.9.9.jar:/home/user/.m2/repository/org/apache/hadoop/hadoop-kms/3.2.0/hadoop-kms-3.2.0-tests.jar:/home/user/.m2/repository/org/apache/hadoop/hadoop-hdds-server-scm/0.5.0-SNAPSHOT/hadoop-hdds-server-scm-0.5.0-SNAPSHOT-tests.jar:/home/user/.m2/repository/org/apache/hadoop/hadoop-hdds-container-service/0.5.0-SNAPSHOT/hadoop-hdds-container-service-0.5.0-SNAPSHOT-tests.jar:/home/user/.m2/repository/org/yaml/snakeyaml/1.16/snakeyaml-1.16.jar:/home/user/.m2/repository/org/apache/hadoop/hadoop-common/3.2.0/hadoop-common-3.2.0-tests.jar:/home/user/.m2/repository/org/apache/hadoop/hadoop-annotations/3.2.0/hadoop-annotations-3.2.0.jar:/usr/lib/jvm/java-1.8-openjdk/jre/../lib/tools.jar:/home/user/.m2/repository/commons-cli/commons-cli/1.2/commons-cli-1.2.jar:/home/user/.m2/repository/org/apache/httpcomponents/httpclient/4.5.2/httpclient-4.5.2.jar:/home/user/.m2/repository/org/apache/httpcomponents/httpcore/4.4.4/httpcore-4.4.4.jar:/home/user/.m2/repository/commons-codec/commons-codec/1.11/commons-codec-1.11.jar:/home/user/.m2/repository/commons-net/commons-net/3.6/commons-net-3.6.jar:/home/user/.m2/repository/commons-collections/commons-collections/3.2.2/commons-collections-3.2.2.jar:/home/user/.m2/repository/org/eclipse/jetty/jetty-servlet/9.3.25.v20180904/jetty-servlet-9.3.25.v20180904.jar:/home/user/.m2/repository/org/eclipse/jetty/jetty-security/9.3.25.v20180904/jetty-security-9.3.25.v20180904.jar:/home/user/.m2/repository/javax/servlet/jsp/jsp-api/2.1/jsp-api-2.1.jar:/home/user/.m2/repository/com/sun/jersey/jersey-servlet/1.19/jersey-servlet-1.19.jar:/home/user/.m2/repository/com/sun/jersey/jersey-json/1.19/jersey-json-1.19.jar:/home/user/.m2/repository/org/codehaus/jettison/jettison/1.1/jettison-1.1.jar:/home/user/.m2/repository/org/codehaus/jackson/jackson-core-asl/1.9.13/jackson-core-asl-1.9.13.jar:/home/user/.m2/repository/org/codehaus/jackson/jackson-mapper-asl/1.9.13/jackson-mapper-asl-1.9.13.jar:/home/user/.m2/repository/org/codehaus/jackson/jackson-jaxrs/1.9.13/jackson-jaxrs-1.9.13.jar:/home/user/.m2/repository/org/codehaus/jackson/jackson-xc/1.9.13/jackson-xc-1.9.13.jar:/home/user/.m2/repository/commons-logging/commons-logging/1.1.3/commons-logging-1.1.3.jar:/home/user/.m2/repository/commons-beanutils/commons-beanutils/1.9.4/commons-beanutils-1.9.4.jar:/home/user/.m2/repository/org/apache/commons/commons-configuration2/2.1.1/commons-configuration2-2.1.1.jar:/home/user/.m2/repository/org/apache/commons/commons-lang3/3.7/commons-lang3-3.7.jar:/home/user/.m2/repository/org/apache/commons/commons-text/1.4/commons-text-1.4.jar:/home/user/.m2/repository/org/apache/avro/avro/1.7.7/avro-1.7.7.jar:/home/user/.m2/repository/com/thoughtworks/paranamer/paranamer/2.3/paranamer-2.3.jar:/home/user/.m2/repository/org/xerial/snappy/snappy-java/1.0.5/snappy-java-1.0.5.jar:/home/user/.m2/repository/com/google/re2j/re2j/1.1/re2j-1.1.jar:/home/user/.m2/repository/com/google/code/gson/gson/2.2.4/gson-2.2.4.jar:/home/user/.m2/repository/com/jcraft/jsch/0.1.54/jsch-0.1.54.jar:/home/user/.m2/repository/org/apache/curator/curator-client/2.12.0/curator-client-2.12.0.jar:/home/user/.m2/repository/org/apache/curator/curator-recipes/2.12.0/curator-recipes-2.12.0.jar:/home/user/.m2/repository/com/google/code/findbugs/jsr305/3.0.0/jsr305-3.0.0.jar:/home/user/.m2/repository/org/apache/htrace/htrace-core4/4.1.0-incubating/htrace-core4-4.1.0-incubating.jar:/home/user/.m2/repository/org/apache/zookeeper/zookeeper/3.5.5/zookeeper-3.5.5.jar:/home/user/.m2/repository/org/apache/zookeeper/zookeeper-jute/3.5.5/zookeeper-jute-3.5.5.jar:/home/user/.m2/repository/org/apache/yetus/audience-annotations/0.5.0/audience-annotations-0.5.0.jar:/home/user/.m2/repository/org/codehaus/woodstox/stax2-api/3.1.4/stax2-api-3.1.4.jar:/home/user/.m2/repository/com/fasterxml/woodstox/woodstox-core/5.0.3/woodstox-core-5.0.3.jar:/home/user/.m2/repository/dnsjava/dnsjava/2.1.7/dnsjava-2.1.7.jar:/home/user/.m2/repository/org/apache/hadoop/hadoop-hdfs/3.2.0/hadoop-hdfs-3.2.0-tests.jar:/home/user/.m2/repository/org/eclipse/jetty/jetty-util-ajax/9.3.25.v20180904/jetty-util-ajax-9.3.25.v20180904.jar:/home/user/.m2/repository/commons-daemon/commons-daemon/1.0.13/commons-daemon-1.0.13.jar:/home/user/.m2/repository/io/netty/netty/3.10.5.Final/netty-3.10.5.Final.jar:/home/user/.m2/repository/io/netty/netty-all/4.0.52.Final/netty-all-4.0.52.Final.jar:/home/user/.m2/repository/org/fusesource/leveldbjni/leveldbjni-all/1.8/leveldbjni-all-1.8.jar:"/>
    <property name="java.vm.vendor" value="IcedTea"/>
    <property name="sun.arch.data.model" value="64"/>
    <property name="test.build.dir" value="/workdir/hadoop-ozone/integration-test/target/test-dir"/>
    <property name="test.cache.data" value=""/>
    <property name="java.vendor.url" value="https://icedtea.classpath.org"/>
    <property name="user.timezone" value=""/>
    <property name="java.vm.specification.version" value="1.8"/>
    <property name="os.name" value="Linux"/>
    <property name="test.build.data" value="/workdir/hadoop-ozone/integration-test/target/test-dir"/>
    <property name="user.country" value="US"/>
    <property name="sun.java.launcher" value="SUN_STANDARD"/>
    <property name="sun.boot.library.path" value="/usr/lib/jvm/java-1.8-openjdk/jre/lib/amd64"/>
    <property name="sun.java.command" value="/workdir/hadoop-ozone/integration-test/target/surefire/surefirebooter7450207254443724871.jar /workdir/hadoop-ozone/integration-test/target/surefire 2019-09-18T22-07-16_902-jvmRun1 surefire5090464155842709613tmp surefire_481307295651346620446tmp"/>
    <property name="test" value="!TestMiniChaosOzoneCluster"/>
    <property name="surefire.test.class.path" value="/workdir/hadoop-ozone/integration-test/target/test-classes:/workdir/hadoop-ozone/integration-test/target/classes:/home/user/.m2/repository/org/apache/hadoop/hadoop-ozone-common/0.5.0-SNAPSHOT/hadoop-ozone-common-0.5.0-SNAPSHOT.jar:/home/user/.m2/repository/org/apache/commons/commons-compress/1.4.1/commons-compress-1.4.1.jar:/home/user/.m2/repository/org/tukaani/xz/1.0/xz-1.0.jar:/home/user/.m2/repository/org/apache/hadoop/hadoop-common/3.2.0/hadoop-common-3.2.0.jar:/home/user/.m2/repository/org/apache/hadoop/hadoop-hdfs/3.2.0/hadoop-hdfs-3.2.0.jar:/home/user/.m2/repository/org/apache/hadoop/hadoop-hdfs-client/3.2.0/hadoop-hdfs-client-3.2.0.jar:/home/user/.m2/repository/com/fasterxml/jackson/core/jackson-annotations/2.9.9/jackson-annotations-2.9.9.jar:/home/user/.m2/repository/org/apache/hadoop/hadoop-hdds-common/0.5.0-SNAPSHOT/hadoop-hdds-common-0.5.0-SNAPSHOT.jar:/home/user/.m2/repository/javax/annotation/javax.annotation-api/1.2/javax.annotation-api-1.2.jar:/home/user/.m2/repository/org/apache/ratis/ratis-server/0.4.0-78e95b9-SNAPSHOT/ratis-server-0.4.0-78e95b9-SNAPSHOT.jar:/home/user/.m2/repository/org/apache/ratis/ratis-thirdparty-misc/0.2.0/ratis-thirdparty-misc-0.2.0.jar:/home/user/.m2/repository/org/apache/ratis/ratis-proto/0.4.0-78e95b9-SNAPSHOT/ratis-proto-0.4.0-78e95b9-SNAPSHOT.jar:/home/user/.m2/repository/org/apache/ratis/ratis-common/0.4.0-78e95b9-SNAPSHOT/ratis-common-0.4.0-78e95b9-SNAPSHOT.jar:/home/user/.m2/repository/org/apache/ratis/ratis-client/0.4.0-78e95b9-SNAPSHOT/ratis-client-0.4.0-78e95b9-SNAPSHOT.jar:/home/user/.m2/repository/org/apache/ratis/ratis-metrics/0.4.0-78e95b9-SNAPSHOT/ratis-metrics-0.4.0-78e95b9-SNAPSHOT.jar:/home/user/.m2/repository/com/github/joshelser/dropwizard-metrics-hadoop-metrics2-reporter/0.1.2/dropwizard-metrics-hadoop-metrics2-reporter-0.1.2.jar:/home/user/.m2/repository/io/dropwizard/metrics/metrics-jvm/3.2.5/metrics-jvm-3.2.5.jar:/home/user/.m2/repository/io/dropwizard/metrics/metrics-ganglia/3.2.5/metrics-ganglia-3.2.5.jar:/home/user/.m2/repository/info/ganglia/gmetric4j/gmetric4j/1.0.7/gmetric4j-1.0.7.jar:/home/user/.m2/repository/org/apache/ratis/ratis-netty/0.4.0-78e95b9-SNAPSHOT/ratis-netty-0.4.0-78e95b9-SNAPSHOT.jar:/home/user/.m2/repository/org/apache/ratis/ratis-grpc/0.4.0-78e95b9-SNAPSHOT/ratis-grpc-0.4.0-78e95b9-SNAPSHOT.jar:/home/user/.m2/repository/org/rocksdb/rocksdbjni/6.0.1/rocksdbjni-6.0.1.jar:/home/user/.m2/repository/org/apache/logging/log4j/log4j-api/2.11.0/log4j-api-2.11.0.jar:/home/user/.m2/repository/org/apache/logging/log4j/log4j-core/2.11.0/log4j-core-2.11.0.jar:/home/user/.m2/repository/com/lmax/disruptor/3.4.2/disruptor-3.4.2.jar:/home/user/.m2/repository/org/apache/commons/commons-pool2/2.6.0/commons-pool2-2.6.0.jar:/home/user/.m2/repository/org/bouncycastle/bcpkix-jdk15on/1.60/bcpkix-jdk15on-1.60.jar:/home/user/.m2/repository/commons-validator/commons-validator/1.6/commons-validator-1.6.jar:/home/user/.m2/repository/commons-digester/commons-digester/1.8.1/commons-digester-1.8.1.jar:/home/user/.m2/repository/io/jaegertracing/jaeger-client/1.0.0/jaeger-client-1.0.0.jar:/home/user/.m2/repository/io/jaegertracing/jaeger-thrift/1.0.0/jaeger-thrift-1.0.0.jar:/home/user/.m2/repository/org/apache/thrift/libthrift/0.12.0/libthrift-0.12.0.jar:/home/user/.m2/repository/com/squareup/okhttp3/okhttp/3.9.0/okhttp-3.9.0.jar:/home/user/.m2/repository/com/squareup/okio/okio/1.13.0/okio-1.13.0.jar:/home/user/.m2/repository/io/jaegertracing/jaeger-core/1.0.0/jaeger-core-1.0.0.jar:/home/user/.m2/repository/io/jaegertracing/jaeger-tracerresolver/1.0.0/jaeger-tracerresolver-1.0.0.jar:/home/user/.m2/repository/io/opentracing/contrib/opentracing-tracerresolver/0.1.8/opentracing-tracerresolver-0.1.8.jar:/home/user/.m2/repository/io/opentracing/opentracing-util/0.31.0/opentracing-util-0.31.0.jar:/home/user/.m2/repository/io/opentracing/opentracing-api/0.31.0/opentracing-api-0.31.0.jar:/home/user/.m2/repository/io/opentracing/opentracing-noop/0.31.0/opentracing-noop-0.31.0.jar:/home/user/.m2/repository/org/apache/hadoop/hadoop-hdds-server-framework/0.5.0-SNAPSHOT/hadoop-hdds-server-framework-0.5.0-SNAPSHOT.jar:/home/user/.m2/repository/org/apache/hadoop/hadoop-hdds-container-service/0.5.0-SNAPSHOT/hadoop-hdds-container-service-0.5.0-SNAPSHOT.jar:/home/user/.m2/repository/org/apache/hadoop/hadoop-hdds-client/0.5.0-SNAPSHOT/hadoop-hdds-client-0.5.0-SNAPSHOT.jar:/home/user/.m2/repository/org/apache/hadoop/hadoop-hdds-tools/0.5.0-SNAPSHOT/hadoop-hdds-tools-0.5.0-SNAPSHOT.jar:/home/user/.m2/repository/org/apache/hadoop/hadoop-hdds-server-scm/0.5.0-SNAPSHOT/hadoop-hdds-server-scm-0.5.0-SNAPSHOT.jar:/home/user/.m2/repository/org/apache/hadoop/hadoop-hdds-docs/0.5.0-SNAPSHOT/hadoop-hdds-docs-0.5.0-SNAPSHOT.jar:/home/user/.m2/repository/io/dropwizard/metrics/metrics-core/3.2.4/metrics-core-3.2.4.jar:/home/user/.m2/repository/org/hamcrest/hamcrest-all/1.3/hamcrest-all-1.3.jar:/home/user/.m2/repository/org/bouncycastle/bcprov-jdk15on/1.60/bcprov-jdk15on-1.60.jar:/home/user/.m2/repository/info/picocli/picocli/3.9.6/picocli-3.9.6.jar:/home/user/.m2/repository/com/google/protobuf/protobuf-java/2.5.0/protobuf-java-2.5.0.jar:/home/user/.m2/repository/com/google/guava/guava/11.0.2/guava-11.0.2.jar:/home/user/.m2/repository/org/apache/hadoop/hadoop-ozone-ozone-manager/0.5.0-SNAPSHOT/hadoop-ozone-ozone-manager-0.5.0-SNAPSHOT.jar:/home/user/.m2/repository/org/apache/hadoop/hadoop-minikdc/3.2.0/hadoop-minikdc-3.2.0.jar:/home/user/.m2/repository/commons-io/commons-io/2.5/commons-io-2.5.jar:/home/user/.m2/repository/org/apache/kerby/kerb-simplekdc/1.0.1/kerb-simplekdc-1.0.1.jar:/home/user/.m2/repository/org/apache/kerby/kerb-client/1.0.1/kerb-client-1.0.1.jar:/home/user/.m2/repository/org/apache/kerby/kerby-config/1.0.1/kerby-config-1.0.1.jar:/home/user/.m2/repository/org/apache/kerby/kerb-core/1.0.1/kerb-core-1.0.1.jar:/home/user/.m2/repository/org/apache/kerby/kerby-pkix/1.0.1/kerby-pkix-1.0.1.jar:/home/user/.m2/repository/org/apache/kerby/kerby-asn1/1.0.1/kerby-asn1-1.0.1.jar:/home/user/.m2/repository/org/apache/kerby/kerby-util/1.0.1/kerby-util-1.0.1.jar:/home/user/.m2/repository/org/apache/kerby/kerb-common/1.0.1/kerb-common-1.0.1.jar:/home/user/.m2/repository/org/apache/kerby/kerb-crypto/1.0.1/kerb-crypto-1.0.1.jar:/home/user/.m2/repository/org/apache/kerby/kerb-util/1.0.1/kerb-util-1.0.1.jar:/home/user/.m2/repository/org/apache/kerby/token-provider/1.0.1/token-provider-1.0.1.jar:/home/user/.m2/repository/org/apache/kerby/kerb-admin/1.0.1/kerb-admin-1.0.1.jar:/home/user/.m2/repository/org/apache/kerby/kerb-server/1.0.1/kerb-server-1.0.1.jar:/home/user/.m2/repository/org/apache/kerby/kerb-identity/1.0.1/kerb-identity-1.0.1.jar:/home/user/.m2/repository/org/apache/kerby/kerby-xdr/1.0.1/kerby-xdr-1.0.1.jar:/home/user/.m2/repository/org/slf4j/slf4j-log4j12/1.7.25/slf4j-log4j12-1.7.25.jar:/home/user/.m2/repository/org/apache/hadoop/hadoop-ozone-s3gateway/0.5.0-SNAPSHOT/hadoop-ozone-s3gateway-0.5.0-SNAPSHOT.jar:/home/user/.m2/repository/org/jboss/weld/servlet/weld-servlet/2.4.7.Final/weld-servlet-2.4.7.Final.jar:/home/user/.m2/repository/org/glassfish/jersey/containers/jersey-container-servlet-core/2.27/jersey-container-servlet-core-2.27.jar:/home/user/.m2/repository/org/glassfish/hk2/external/javax.inject/2.5.0-b42/javax.inject-2.5.0-b42.jar:/home/user/.m2/repository/org/glassfish/jersey/core/jersey-common/2.27/jersey-common-2.27.jar:/home/user/.m2/repository/org/glassfish/hk2/osgi-resource-locator/1.0.1/osgi-resource-locator-1.0.1.jar:/home/user/.m2/repository/javax/ws/rs/javax.ws.rs-api/2.1/javax.ws.rs-api-2.1.jar:/home/user/.m2/repository/org/glassfish/jersey/ext/cdi/jersey-cdi1x/2.27/jersey-cdi1x-2.27.jar:/home/user/.m2/repository/org/glassfish/jersey/inject/jersey-hk2/2.27/jersey-hk2-2.27.jar:/home/user/.m2/repository/org/glassfish/hk2/hk2-locator/2.5.0-b42/hk2-locator-2.5.0-b42.jar:/home/user/.m2/repository/org/javassist/javassist/3.22.0-CR2/javassist-3.22.0-CR2.jar:/home/user/.m2/repository/org/glassfish/hk2/hk2-api/2.5.0/hk2-api-2.5.0.jar:/home/user/.m2/repository/org/glassfish/hk2/external/jakarta.inject/2.5.0/jakarta.inject-2.5.0.jar:/home/user/.m2/repository/org/glassfish/hk2/hk2-utils/2.5.0/hk2-utils-2.5.0.jar:/home/user/.m2/repository/jakarta/annotation/jakarta.annotation-api/1.3.4/jakarta.annotation-api-1.3.4.jar:/home/user/.m2/repository/org/glassfish/hk2/external/aopalliance-repackaged/2.5.0/aopalliance-repackaged-2.5.0.jar:/home/user/.m2/repository/com/fasterxml/jackson/dataformat/jackson-dataformat-xml/2.9.0/jackson-dataformat-xml-2.9.0.jar:/home/user/.m2/repository/com/fasterxml/jackson/core/jackson-core/2.9.9/jackson-core-2.9.9.jar:/home/user/.m2/repository/com/fasterxml/jackson/module/jackson-module-jaxb-annotations/2.9.9/jackson-module-jaxb-annotations-2.9.9.jar:/home/user/.m2/repository/javax/enterprise/cdi-api/1.2/cdi-api-1.2.jar:/home/user/.m2/repository/javax/el/javax.el-api/3.0.0/javax.el-api-3.0.0.jar:/home/user/.m2/repository/javax/interceptor/javax.interceptor-api/1.2/javax.interceptor-api-1.2.jar:/home/user/.m2/repository/javax/inject/javax.inject/1/javax.inject-1.jar:/home/user/.m2/repository/com/sun/xml/bind/jaxb-impl/2.3.0.1/jaxb-impl-2.3.0.1.jar:/home/user/.m2/repository/com/sun/xml/bind/jaxb-core/2.3.0.1/jaxb-core-2.3.0.1.jar:/home/user/.m2/repository/javax/xml/bind/jaxb-api/2.3.0/jaxb-api-2.3.0.jar:/home/user/.m2/repository/javax/activation/activation/1.1.1/activation-1.1.1.jar:/home/user/.m2/repository/org/apache/hadoop/hadoop-ozone-csi/0.5.0-SNAPSHOT/hadoop-ozone-csi-0.5.0-SNAPSHOT.jar:/home/user/.m2/repository/com/google/protobuf/protobuf-java-util/3.5.1/protobuf-java-util-3.5.1.jar:/home/user/.m2/repository/org/apache/hadoop/hadoop-hdds-config/0.5.0-SNAPSHOT/hadoop-hdds-config-0.5.0-SNAPSHOT.jar:/home/user/.m2/repository/io/grpc/grpc-netty/1.17.1/grpc-netty-1.17.1.jar:/home/user/.m2/repository/io/grpc/grpc-core/1.17.1/grpc-core-1.17.1.jar:/home/user/.m2/repository/io/grpc/grpc-context/1.17.1/grpc-context-1.17.1.jar:/home/user/.m2/repository/com/google/errorprone/error_prone_annotations/2.2.0/error_prone_annotations-2.2.0.jar:/home/user/.m2/repository/org/codehaus/mojo/animal-sniffer-annotations/1.17/animal-sniffer-annotations-1.17.jar:/home/user/.m2/repository/io/opencensus/opencensus-api/0.17.0/opencensus-api-0.17.0.jar:/home/user/.m2/repository/io/opencensus/opencensus-contrib-grpc-metrics/0.17.0/opencensus-contrib-grpc-metrics-0.17.0.jar:/home/user/.m2/repository/io/netty/netty-codec-http2/4.1.30.Final/netty-codec-http2-4.1.30.Final.jar:/home/user/.m2/repository/io/netty/netty-codec-http/4.1.30.Final/netty-codec-http-4.1.30.Final.jar:/home/user/.m2/repository/io/netty/netty-codec/4.1.30.Final/netty-codec-4.1.30.Final.jar:/home/user/.m2/repository/io/netty/netty-handler/4.1.30.Final/netty-handler-4.1.30.Final.jar:/home/user/.m2/repository/io/netty/netty-handler-proxy/4.1.30.Final/netty-handler-proxy-4.1.30.Final.jar:/home/user/.m2/repository/io/netty/netty-codec-socks/4.1.30.Final/netty-codec-socks-4.1.30.Final.jar:/home/user/.m2/repository/io/netty/netty-transport-native-epoll/4.1.30.Final/netty-transport-native-epoll-4.1.30.Final.jar:/home/user/.m2/repository/io/netty/netty-common/4.1.30.Final/netty-common-4.1.30.Final.jar:/home/user/.m2/repository/io/netty/netty-buffer/4.1.30.Final/netty-buffer-4.1.30.Final.jar:/home/user/.m2/repository/io/netty/netty-transport/4.1.30.Final/netty-transport-4.1.30.Final.jar:/home/user/.m2/repository/io/netty/netty-resolver/4.1.30.Final/netty-resolver-4.1.30.Final.jar:/home/user/.m2/repository/io/netty/netty-transport-native-unix-common/4.1.30.Final/netty-transport-native-unix-common-4.1.30.Final.jar:/home/user/.m2/repository/io/grpc/grpc-protobuf/1.17.1/grpc-protobuf-1.17.1.jar:/home/user/.m2/repository/com/google/api/grpc/proto-google-common-protos/1.0.0/proto-google-common-protos-1.0.0.jar:/home/user/.m2/repository/io/grpc/grpc-protobuf-lite/1.17.1/grpc-protobuf-lite-1.17.1.jar:/home/user/.m2/repository/io/grpc/grpc-stub/1.17.1/grpc-stub-1.17.1.jar:/home/user/.m2/repository/org/apache/hadoop/hadoop-ozone-recon/0.5.0-SNAPSHOT/hadoop-ozone-recon-0.5.0-SNAPSHOT.jar:/home/user/.m2/repository/org/apache/hadoop/hadoop-ozone-reconcodegen/0.5.0-SNAPSHOT/hadoop-ozone-reconcodegen-0.5.0-SNAPSHOT.jar:/home/user/.m2/repository/com/google/inject/extensions/guice-multibindings/4.0/guice-multibindings-4.0.jar:/home/user/.m2/repository/com/google/inject/guice/4.0/guice-4.0.jar:/home/user/.m2/repository/aopalliance/aopalliance/1.0/aopalliance-1.0.jar:/home/user/.m2/repository/com/google/inject/extensions/guice-servlet/4.0/guice-servlet-4.0.jar:/home/user/.m2/repository/org/glassfish/jersey/containers/jersey-container-servlet/2.27/jersey-container-servlet-2.27.jar:/home/user/.m2/repository/org/glassfish/hk2/guice-bridge/2.5.0/guice-bridge-2.5.0.jar:/home/user/.m2/repository/org/glassfish/jersey/core/jersey-server/2.27/jersey-server-2.27.jar:/home/user/.m2/repository/org/glassfish/jersey/core/jersey-client/2.27/jersey-client-2.27.jar:/home/user/.m2/repository/org/glassfish/jersey/media/jersey-media-jaxb/2.27/jersey-media-jaxb-2.27.jar:/home/user/.m2/repository/javax/validation/validation-api/1.1.0.Final/validation-api-1.1.0.Final.jar:/home/user/.m2/repository/org/glassfish/jersey/media/jersey-media-json-jackson/2.27/jersey-media-json-jackson-2.27.jar:/home/user/.m2/repository/org/glassfish/jersey/ext/jersey-entity-filtering/2.27/jersey-entity-filtering-2.27.jar:/home/user/.m2/repository/com/google/inject/extensions/guice-assistedinject/4.0/guice-assistedinject-4.0.jar:/home/user/.m2/repository/org/jooq/jooq/3.11.10/jooq-3.11.10.jar:/home/user/.m2/repository/org/jooq/jooq-meta/3.11.10/jooq-meta-3.11.10.jar:/home/user/.m2/repository/org/jooq/jooq-codegen/3.11.10/jooq-codegen-3.11.10.jar:/home/user/.m2/repository/com/jolbox/bonecp/0.8.0.RELEASE/bonecp-0.8.0.RELEASE.jar:/home/user/.m2/repository/org/xerial/sqlite-jdbc/3.25.2/sqlite-jdbc-3.25.2.jar:/home/user/.m2/repository/org/springframework/spring-jdbc/5.1.3.RELEASE/spring-jdbc-5.1.3.RELEASE.jar:/home/user/.m2/repository/org/springframework/spring-beans/5.1.3.RELEASE/spring-beans-5.1.3.RELEASE.jar:/home/user/.m2/repository/org/springframework/spring-core/5.1.3.RELEASE/spring-core-5.1.3.RELEASE.jar:/home/user/.m2/repository/org/springframework/spring-jcl/5.1.3.RELEASE/spring-jcl-5.1.3.RELEASE.jar:/home/user/.m2/repository/org/springframework/spring-tx/5.1.3.RELEASE/spring-tx-5.1.3.RELEASE.jar:/home/user/.m2/repository/org/apache/hadoop/hadoop-ozone-client/0.5.0-SNAPSHOT/hadoop-ozone-client-0.5.0-SNAPSHOT.jar:/home/user/.m2/repository/commons-lang/commons-lang/2.6/commons-lang-2.6.jar:/home/user/.m2/repository/org/apache/hadoop/hadoop-ozone-ozone-manager/0.5.0-SNAPSHOT/hadoop-ozone-ozone-manager-0.5.0-SNAPSHOT-tests.jar:/home/user/.m2/repository/junit/junit/4.11/junit-4.11.jar:/home/user/.m2/repository/org/hamcrest/hamcrest-core/1.3/hamcrest-core-1.3.jar:/home/user/.m2/repository/org/openjdk/jmh/jmh-core/1.19/jmh-core-1.19.jar:/home/user/.m2/repository/net/sf/jopt-simple/jopt-simple/4.6/jopt-simple-4.6.jar:/home/user/.m2/repository/org/apache/commons/commons-math3/3.1.1/commons-math3-3.1.1.jar:/home/user/.m2/repository/org/openjdk/jmh/jmh-generator-annprocess/1.19/jmh-generator-annprocess-1.19.jar:/home/user/.m2/repository/org/mockito/mockito-all/1.8.5/mockito-all-1.8.5.jar:/home/user/.m2/repository/org/apache/hadoop/hadoop-kms/3.2.0/hadoop-kms-3.2.0.jar:/home/user/.m2/repository/org/apache/hadoop/hadoop-auth/3.2.0/hadoop-auth-3.2.0.jar:/home/user/.m2/repository/com/nimbusds/nimbus-jose-jwt/4.41.1/nimbus-jose-jwt-4.41.1.jar:/home/user/.m2/repository/com/github/stephenc/jcip/jcip-annotations/1.0-1/jcip-annotations-1.0-1.jar:/home/user/.m2/repository/net/minidev/json-smart/2.3/json-smart-2.3.jar:/home/user/.m2/repository/net/minidev/accessors-smart/1.2/accessors-smart-1.2.jar:/home/user/.m2/repository/org/ow2/asm/asm/5.0.4/asm-5.0.4.jar:/home/user/.m2/repository/org/apache/curator/curator-framework/2.12.0/curator-framework-2.12.0.jar:/home/user/.m2/repository/com/sun/jersey/jersey-core/1.19/jersey-core-1.19.jar:/home/user/.m2/repository/javax/ws/rs/jsr311-api/1.1.1/jsr311-api-1.1.1.jar:/home/user/.m2/repository/com/sun/jersey/jersey-server/1.19/jersey-server-1.19.jar:/home/user/.m2/repository/javax/servlet/javax.servlet-api/3.1.0/javax.servlet-api-3.1.0.jar:/home/user/.m2/repository/org/eclipse/jetty/jetty-server/9.3.25.v20180904/jetty-server-9.3.25.v20180904.jar:/home/user/.m2/repository/org/eclipse/jetty/jetty-http/9.3.25.v20180904/jetty-http-9.3.25.v20180904.jar:/home/user/.m2/repository/org/eclipse/jetty/jetty-io/9.3.25.v20180904/jetty-io-9.3.25.v20180904.jar:/home/user/.m2/repository/org/eclipse/jetty/jetty-webapp/9.3.25.v20180904/jetty-webapp-9.3.25.v20180904.jar:/home/user/.m2/repository/org/eclipse/jetty/jetty-xml/9.3.25.v20180904/jetty-xml-9.3.25.v20180904.jar:/home/user/.m2/repository/log4j/log4j/1.2.17/log4j-1.2.17.jar:/home/user/.m2/repository/org/slf4j/slf4j-api/1.7.25/slf4j-api-1.7.25.jar:/home/user/.m2/repository/org/slf4j/jul-to-slf4j/1.7.25/jul-to-slf4j-1.7.25.jar:/home/user/.m2/repository/org/eclipse/jetty/jetty-util/9.3.25.v20180904/jetty-util-9.3.25.v20180904.jar:/home/user/.m2/repository/com/fasterxml/jackson/core/jackson-databind/2.9.9/jackson-databind-2.9.9.jar:/home/user/.m2/repository/org/apache/hadoop/hadoop-kms/3.2.0/hadoop-kms-3.2.0-tests.jar:/home/user/.m2/repository/org/apache/hadoop/hadoop-hdds-server-scm/0.5.0-SNAPSHOT/hadoop-hdds-server-scm-0.5.0-SNAPSHOT-tests.jar:/home/user/.m2/repository/org/apache/hadoop/hadoop-hdds-container-service/0.5.0-SNAPSHOT/hadoop-hdds-container-service-0.5.0-SNAPSHOT-tests.jar:/home/user/.m2/repository/org/yaml/snakeyaml/1.16/snakeyaml-1.16.jar:/home/user/.m2/repository/org/apache/hadoop/hadoop-common/3.2.0/hadoop-common-3.2.0-tests.jar:/home/user/.m2/repository/org/apache/hadoop/hadoop-annotations/3.2.0/hadoop-annotations-3.2.0.jar:/usr/lib/jvm/java-1.8-openjdk/jre/../lib/tools.jar:/home/user/.m2/repository/commons-cli/commons-cli/1.2/commons-cli-1.2.jar:/home/user/.m2/repository/org/apache/httpcomponents/httpclient/4.5.2/httpclient-4.5.2.jar:/home/user/.m2/repository/org/apache/httpcomponents/httpcore/4.4.4/httpcore-4.4.4.jar:/home/user/.m2/repository/commons-codec/commons-codec/1.11/commons-codec-1.11.jar:/home/user/.m2/repository/commons-net/commons-net/3.6/commons-net-3.6.jar:/home/user/.m2/repository/commons-collections/commons-collections/3.2.2/commons-collections-3.2.2.jar:/home/user/.m2/repository/org/eclipse/jetty/jetty-servlet/9.3.25.v20180904/jetty-servlet-9.3.25.v20180904.jar:/home/user/.m2/repository/org/eclipse/jetty/jetty-security/9.3.25.v20180904/jetty-security-9.3.25.v20180904.jar:/home/user/.m2/repository/javax/servlet/jsp/jsp-api/2.1/jsp-api-2.1.jar:/home/user/.m2/repository/com/sun/jersey/jersey-servlet/1.19/jersey-servlet-1.19.jar:/home/user/.m2/repository/com/sun/jersey/jersey-json/1.19/jersey-json-1.19.jar:/home/user/.m2/repository/org/codehaus/jettison/jettison/1.1/jettison-1.1.jar:/home/user/.m2/repository/org/codehaus/jackson/jackson-core-asl/1.9.13/jackson-core-asl-1.9.13.jar:/home/user/.m2/repository/org/codehaus/jackson/jackson-mapper-asl/1.9.13/jackson-mapper-asl-1.9.13.jar:/home/user/.m2/repository/org/codehaus/jackson/jackson-jaxrs/1.9.13/jackson-jaxrs-1.9.13.jar:/home/user/.m2/repository/org/codehaus/jackson/jackson-xc/1.9.13/jackson-xc-1.9.13.jar:/home/user/.m2/repository/commons-logging/commons-logging/1.1.3/commons-logging-1.1.3.jar:/home/user/.m2/repository/commons-beanutils/commons-beanutils/1.9.4/commons-beanutils-1.9.4.jar:/home/user/.m2/repository/org/apache/commons/commons-configuration2/2.1.1/commons-configuration2-2.1.1.jar:/home/user/.m2/repository/org/apache/commons/commons-lang3/3.7/commons-lang3-3.7.jar:/home/user/.m2/repository/org/apache/commons/commons-text/1.4/commons-text-1.4.jar:/home/user/.m2/repository/org/apache/avro/avro/1.7.7/avro-1.7.7.jar:/home/user/.m2/repository/com/thoughtworks/paranamer/paranamer/2.3/paranamer-2.3.jar:/home/user/.m2/repository/org/xerial/snappy/snappy-java/1.0.5/snappy-java-1.0.5.jar:/home/user/.m2/repository/com/google/re2j/re2j/1.1/re2j-1.1.jar:/home/user/.m2/repository/com/google/code/gson/gson/2.2.4/gson-2.2.4.jar:/home/user/.m2/repository/com/jcraft/jsch/0.1.54/jsch-0.1.54.jar:/home/user/.m2/repository/org/apache/curator/curator-client/2.12.0/curator-client-2.12.0.jar:/home/user/.m2/repository/org/apache/curator/curator-recipes/2.12.0/curator-recipes-2.12.0.jar:/home/user/.m2/repository/com/google/code/findbugs/jsr305/3.0.0/jsr305-3.0.0.jar:/home/user/.m2/repository/org/apache/htrace/htrace-core4/4.1.0-incubating/htrace-core4-4.1.0-incubating.jar:/home/user/.m2/repository/org/apache/zookeeper/zookeeper/3.5.5/zookeeper-3.5.5.jar:/home/user/.m2/repository/org/apache/zookeeper/zookeeper-jute/3.5.5/zookeeper-jute-3.5.5.jar:/home/user/.m2/repository/org/apache/yetus/audience-annotations/0.5.0/audience-annotations-0.5.0.jar:/home/user/.m2/repository/org/codehaus/woodstox/stax2-api/3.1.4/stax2-api-3.1.4.jar:/home/user/.m2/repository/com/fasterxml/woodstox/woodstox-core/5.0.3/woodstox-core-5.0.3.jar:/home/user/.m2/repository/dnsjava/dnsjava/2.1.7/dnsjava-2.1.7.jar:/home/user/.m2/repository/org/apache/hadoop/hadoop-hdfs/3.2.0/hadoop-hdfs-3.2.0-tests.jar:/home/user/.m2/repository/org/eclipse/jetty/jetty-util-ajax/9.3.25.v20180904/jetty-util-ajax-9.3.25.v20180904.jar:/home/user/.m2/repository/commons-daemon/commons-daemon/1.0.13/commons-daemon-1.0.13.jar:/home/user/.m2/repository/io/netty/netty/3.10.5.Final/netty-3.10.5.Final.jar:/home/user/.m2/repository/io/netty/netty-all/4.0.52.Final/netty-all-4.0.52.Final.jar:/home/user/.m2/repository/org/fusesource/leveldbjni/leveldbjni-all/1.8/leveldbjni-all-1.8.jar:"/>
    <property name="sun.cpu.endian" value="little"/>
    <property name="user.home" value="/home/user"/>
    <property name="user.language" value="en"/>
    <property name="java.specification.vendor" value="Oracle Corporation"/>
    <property name="java.home" value="/usr/lib/jvm/java-1.8-openjdk/jre"/>
    <property name="java.security.krb5.conf" value="/workdir/hadoop-ozone/integration-test/target/test-classes/krb5.conf"/>
    <property name="basedir" value="/workdir/hadoop-ozone/integration-test"/>
    <property name="file.separator" value="/"/>
    <property name="line.separator" value="&#10;"/>
    <property name="java.vm.specification.vendor" value="Oracle Corporation"/>
    <property name="java.specification.name" value="Java Platform API Specification"/>
    <property name="java.awt.graphicsenv" value="sun.awt.X11GraphicsEnvironment"/>
    <property name="surefire.real.class.path" value="/workdir/hadoop-ozone/integration-test/target/surefire/surefirebooter7450207254443724871.jar"/>
    <property name="hadoop.log.dir" value="/workdir/hadoop-ozone/integration-test/target/log"/>
    <property name="sun.boot.class.path" value="/usr/lib/jvm/java-1.8-openjdk/jre/lib/resources.jar:/usr/lib/jvm/java-1.8-openjdk/jre/lib/rt.jar:/usr/lib/jvm/java-1.8-openjdk/jre/lib/sunrsasign.jar:/usr/lib/jvm/java-1.8-openjdk/jre/lib/jsse.jar:/usr/lib/jvm/java-1.8-openjdk/jre/lib/jce.jar:/usr/lib/jvm/java-1.8-openjdk/jre/lib/charsets.jar:/usr/lib/jvm/java-1.8-openjdk/jre/lib/jfr.jar:/usr/lib/jvm/java-1.8-openjdk/jre/classes"/>
    <property name="sun.management.compiler" value="HotSpot 64-Bit Tiered Compilers"/>
    <property name="java.runtime.version" value="1.8.0_212-b04"/>
    <property name="java.net.preferIPv4Stack" value="true"/>
    <property name="user.name" value="jenkins1000"/>
    <property name="path.separator" value=":"/>
    <property name="java.security.egd" value="file:///dev/urandom"/>
    <property name="os.version" value="3.10.0-957.12.2.el7.x86_64"/>
    <property name="java.endorsed.dirs" value="/usr/lib/jvm/java-1.8-openjdk/jre/lib/endorsed"/>
    <property name="java.runtime.name" value="OpenJDK Runtime Environment"/>
    <property name="file.encoding" value="UTF-8"/>
    <property name="java.vm.name" value="OpenJDK 64-Bit Server VM"/>
    <property name="test.build.webapps" value=""/>
    <property name="localRepository" value="/home/user/.m2/repository"/>
    <property name="java.vendor.url.bug" value="https://icedtea.classpath.org/bugzilla"/>
    <property name="java.io.tmpdir" value="/tmp"/>
    <property name="require.test.libhadoop" value=""/>
    <property name="java.version" value="1.8.0_212"/>
    <property name="user.dir" value="/workdir/hadoop-ozone/integration-test"/>
    <property name="os.arch" value="amd64"/>
    <property name="java.vm.specification.name" value="Java Virtual Machine Specification"/>
    <property name="test.build.classes" value="/workdir/hadoop-ozone/integration-test/target/test-classes"/>
    <property name="java.awt.printerjob" value="sun.print.PSPrinterJob"/>
    <property name="sun.os.patch.level" value="unknown"/>
    <property name="hadoop.tmp.dir" value="/workdir/hadoop-ozone/integration-test/target/tmp"/>
    <property name="java.library.path" value="/usr/lib/jvm/java-1.8-openjdk/jre/lib/amd64/server:/usr/lib/jvm/java-1.8-openjdk/jre/lib/amd64:/usr/lib/jvm/java-1.8-openjdk/jre/../lib/amd64:/workdir/hadoop-ozone/integration-test/target/native/target/usr/local/lib:/workdir/hadoop-ozone/integration-test/../../hadoop-common-project/hadoop-common/target/native/target/usr/local/lib:/usr/java/packages/lib/amd64:/usr/lib64:/lib64:/lib:/usr/lib"/>
    <property name="java.vm.info" value="mixed mode"/>
    <property name="java.vendor" value="IcedTea"/>
    <property name="java.vm.version" value="25.212-b04"/>
    <property name="java.ext.dirs" value="/usr/lib/jvm/java-1.8-openjdk/jre/lib/ext:/usr/java/packages/lib/ext"/>
    <property name="sun.io.unicode.encoding" value="UnicodeLittle"/>
    <property name="java.class.version" value="52.0"/>
  </properties>
  <testcase name="org.apache.hadoop.ozone.client.rpc.TestOzoneRpcClientWithRatis" classname="org.apache.hadoop.ozone.client.rpc.TestOzoneRpcClientWithRatis" time="19.912">
    <error message="io.opentracing.ScopeManager.activeSpan()Lio/opentracing/Span;" type="java.lang.NoSuchMethodError"><![CDATA[java.lang.NoSuchMethodError: io.opentracing.ScopeManager.activeSpan()Lio/opentracing/Span;
	at io.jaegertracing.internal.JaegerTracer$SpanBuilder.start(JaegerTracer.java:440)
	at io.jaegertracing.internal.JaegerTracer$SpanBuilder$1.<init>(JaegerTracer.java:485)
	at io.jaegertracing.internal.JaegerTracer$SpanBuilder.startActive(JaegerTracer.java:484)
	at org.apache.hadoop.hdds.tracing.TraceAllMethod.invoke(TraceAllMethod.java:64)
	at com.sun.proxy.$Proxy38.getServiceList(Unknown Source)
	at org.apache.hadoop.ozone.client.rpc.RpcClient.getScmAddressForClient(RpcClient.java:248)
	at org.apache.hadoop.ozone.client.rpc.RpcClient.<init>(RpcClient.java:167)
	at org.apache.hadoop.ozone.client.OzoneClientFactory.getClientProtocol(OzoneClientFactory.java:256)
	at org.apache.hadoop.ozone.client.OzoneClientFactory.getClientProtocol(OzoneClientFactory.java:239)
	at org.apache.hadoop.ozone.client.OzoneClientFactory.getRpcClient(OzoneClientFactory.java:203)
	at org.apache.hadoop.ozone.client.rpc.TestOzoneRpcClientAbstract.startCluster(TestOzoneRpcClientAbstract.java:170)
	at org.apache.hadoop.ozone.client.rpc.TestOzoneRpcClientWithRatis.init(TestOzoneRpcClientWithRatis.java:69)
	at sun.reflect.NativeMethodAccessorImpl.invoke0(Native Method)
	at sun.reflect.NativeMethodAccessorImpl.invoke(NativeMethodAccessorImpl.java:62)
	at sun.reflect.DelegatingMethodAccessorImpl.invoke(DelegatingMethodAccessorImpl.java:43)
	at java.lang.reflect.Method.invoke(Method.java:498)
	at org.junit.runners.model.FrameworkMethod$1.runReflectiveCall(FrameworkMethod.java:47)
	at org.junit.internal.runners.model.ReflectiveCallable.run(ReflectiveCallable.java:12)
	at org.junit.runners.model.FrameworkMethod.invokeExplosively(FrameworkMethod.java:44)
	at org.junit.internal.runners.statements.RunBefores.evaluate(RunBefores.java:24)
	at org.junit.internal.runners.statements.RunAfters.evaluate(RunAfters.java:27)
	at org.junit.runners.ParentRunner.run(ParentRunner.java:309)
	at org.apache.maven.surefire.junit4.JUnit4Provider.execute(JUnit4Provider.java:365)
	at org.apache.maven.surefire.junit4.JUnit4Provider.executeWithRerun(JUnit4Provider.java:273)
	at org.apache.maven.surefire.junit4.JUnit4Provider.executeTestSet(JUnit4Provider.java:238)
	at org.apache.maven.surefire.junit4.JUnit4Provider.invoke(JUnit4Provider.java:159)
	at org.apache.maven.surefire.booter.ForkedBooter.invokeProviderInSameClassLoader(ForkedBooter.java:384)
	at org.apache.maven.surefire.booter.ForkedBooter.runSuitesInProcess(ForkedBooter.java:345)
	at org.apache.maven.surefire.booter.ForkedBooter.execute(ForkedBooter.java:126)
	at org.apache.maven.surefire.booter.ForkedBooter.main(ForkedBooter.java:418)
]]></error>
    <system-out><![CDATA[2019-09-18 22:20:55,007 [main] WARN  server.ServerUtils (ServerUtils.java:getScmDbDir(145)) - ozone.scm.db.dirs is not configured. We recommend adding this setting. Falling back to ozone.metadata.dirs instead.
2019-09-18 22:20:55,117 [main] WARN  server.ServerUtils (ServerUtils.java:getScmDbDir(145)) - ozone.scm.db.dirs is not configured. We recommend adding this setting. Falling back to ozone.metadata.dirs instead.
2019-09-18 22:20:55,119 [main] WARN  server.ServerUtils (ServerUtils.java:getScmDbDir(145)) - ozone.scm.db.dirs is not configured. We recommend adding this setting. Falling back to ozone.metadata.dirs instead.
2019-09-18 22:20:55,135 [main] INFO  util.log (Log.java:initialized(192)) - Logging initialized @850ms
2019-09-18 22:20:55,219 [main] INFO  db.DBStoreBuilder (DBStoreBuilder.java:addTable(110)) - using custom profile for table: deletedBlocks
2019-09-18 22:20:55,219 [main] INFO  db.DBStoreBuilder (DBStoreBuilder.java:processTables(161)) - Using default column profile:DBProfile.DISK for Table:deletedBlocks
2019-09-18 22:20:55,219 [main] INFO  db.DBStoreBuilder (DBStoreBuilder.java:addTable(110)) - using custom profile for table: validCerts
2019-09-18 22:20:55,219 [main] INFO  db.DBStoreBuilder (DBStoreBuilder.java:processTables(161)) - Using default column profile:DBProfile.DISK for Table:validCerts
2019-09-18 22:20:55,220 [main] INFO  db.DBStoreBuilder (DBStoreBuilder.java:addTable(110)) - using custom profile for table: revokedCerts
2019-09-18 22:20:55,220 [main] INFO  db.DBStoreBuilder (DBStoreBuilder.java:processTables(161)) - Using default column profile:DBProfile.DISK for Table:revokedCerts
2019-09-18 22:20:55,229 [main] INFO  db.DBStoreBuilder (DBStoreBuilder.java:addTable(110)) - using custom profile for table: default
2019-09-18 22:20:55,230 [main] INFO  db.DBStoreBuilder (DBStoreBuilder.java:processTables(167)) - Using default column profile:DBProfile.DISK for Table:default
2019-09-18 22:20:55,231 [main] INFO  db.DBStoreBuilder (DBStoreBuilder.java:getDbProfile(198)) - Using default options. DBProfile.DISK
2019-09-18 22:20:55,464 [main] INFO  net.NodeSchemaLoader (NodeSchemaLoader.java:loadSchemaFromFile(125)) - Loading file from sun.misc.CompoundEnumeration@54d9d12d
2019-09-18 22:20:55,466 [main] INFO  net.NodeSchemaLoader (NodeSchemaLoader.java:loadSchema(171)) - Loading network topology layer schema file
2019-09-18 22:20:55,563 [main] WARN  server.ServerUtils (ServerUtils.java:sanitizeUserArgs(70)) - ozone.scm.stale.node.interval value = 300000 is larger than max = 100000 based on the key value of ozone.scm.heartbeat.thread.interval, reset to the max value 100000.
2019-09-18 22:20:55,565 [main] WARN  server.ServerUtils (ServerUtils.java:sanitizeUserArgs(70)) - ozone.scm.stale.node.interval value = 300000 is larger than max = 100000 based on the key value of ozone.scm.heartbeat.thread.interval, reset to the max value 100000.
2019-09-18 22:20:55,568 [main] INFO  node.SCMNodeManager (SCMNodeManager.java:<init>(114)) - Entering startup safe mode.
2019-09-18 22:20:55,637 [main] INFO  algorithms.ContainerPlacementPolicyFactory (ContainerPlacementPolicyFactory.java:getPolicy(57)) - Create container placement policy of type org.apache.hadoop.hdds.scm.container.placement.algorithms.SCMContainerPlacementRandom
2019-09-18 22:20:55,651 [main] WARN  server.ServerUtils (ServerUtils.java:getScmDbDir(145)) - ozone.scm.db.dirs is not configured. We recommend adding this setting. Falling back to ozone.metadata.dirs instead.
2019-09-18 22:20:55,719 [main] INFO  pipeline.SCMPipelineManager (SCMPipelineManager.java:initializePipelineState(128)) - No pipeline exists in current db
2019-09-18 22:20:55,721 [main] WARN  server.ServerUtils (ServerUtils.java:getScmDbDir(145)) - ozone.scm.db.dirs is not configured. We recommend adding this setting. Falling back to ozone.metadata.dirs instead.
2019-09-18 22:20:55,809 [main] WARN  events.EventQueue (EventQueue.java:fireEvent(183)) - No event handler registered for event TypedEvent{payloadType=SafeModeStatus, name='SafeModeStatus'}
2019-09-18 22:20:56,190 [main] INFO  ipc.CallQueueManager (CallQueueManager.java:<init>(84)) - Using callQueue: class java.util.concurrent.LinkedBlockingQueue, queueCapacity: 2000, scheduler: class org.apache.hadoop.ipc.DefaultRpcScheduler, ipcBackoff: false.
2019-09-18 22:20:56,317 [Socket Reader #1 for port 35859] INFO  ipc.Server (Server.java:run(1074)) - Starting Socket Reader #1 for port 35859
2019-09-18 22:20:56,339 [main] INFO  ipc.CallQueueManager (CallQueueManager.java:<init>(84)) - Using callQueue: class java.util.concurrent.LinkedBlockingQueue, queueCapacity: 2000, scheduler: class org.apache.hadoop.ipc.DefaultRpcScheduler, ipcBackoff: false.
2019-09-18 22:20:56,339 [Socket Reader #1 for port 38139] INFO  ipc.Server (Server.java:run(1074)) - Starting Socket Reader #1 for port 38139
2019-09-18 22:20:56,345 [main] INFO  ipc.CallQueueManager (CallQueueManager.java:<init>(84)) - Using callQueue: class java.util.concurrent.LinkedBlockingQueue, queueCapacity: 2000, scheduler: class org.apache.hadoop.ipc.DefaultRpcScheduler, ipcBackoff: false.
2019-09-18 22:20:56,346 [Socket Reader #1 for port 45552] INFO  ipc.Server (Server.java:run(1074)) - Starting Socket Reader #1 for port 45552
2019-09-18 22:20:56,364 [main] INFO  hdfs.DFSUtil (DFSUtil.java:httpServerTemplateForNNAndJN(1641)) - Starting Web-server for scm at: http://0.0.0.0:0
2019-09-18 22:20:56,532 [main] INFO  server.AuthenticationFilter (AuthenticationFilter.java:constructSecretProvider(240)) - Unable to initialize FileSignerSecretProvider, falling back to use random secrets.
2019-09-18 22:20:56,540 [main] WARN  http.HttpRequestLog (HttpRequestLog.java:getRequestLog(97)) - Jetty request log can only be enabled using Log4j
2019-09-18 22:20:56,547 [main] INFO  http.HttpServer2 (HttpServer2.java:addGlobalFilter(975)) - Added global filter 'safety' (class=org.apache.hadoop.http.HttpServer2$QuotingInputFilter)
2019-09-18 22:20:56,549 [main] INFO  http.HttpServer2 (HttpServer2.java:addFilter(948)) - Added filter static_user_filter (class=org.apache.hadoop.http.lib.StaticUserWebFilter$StaticUserFilter) to context scm
2019-09-18 22:20:56,549 [main] INFO  http.HttpServer2 (HttpServer2.java:addFilter(958)) - Added filter static_user_filter (class=org.apache.hadoop.http.lib.StaticUserWebFilter$StaticUserFilter) to context static
2019-09-18 22:20:56,549 [main] INFO  http.HttpServer2 (HttpServer2.java:addFilter(958)) - Added filter static_user_filter (class=org.apache.hadoop.http.lib.StaticUserWebFilter$StaticUserFilter) to context logs
2019-09-18 22:20:56,575 [main] INFO  server.StorageContainerManager (StorageContainerManager.java:start(763)) - StorageContainerLocationProtocol RPC server is listening at /0.0.0.0:45552
2019-09-18 22:20:56,655 [main] WARN  impl.MetricsConfig (MetricsConfig.java:loadFirst(134)) - Cannot locate configuration: tried hadoop-metrics2-storagecontainermanager.properties,hadoop-metrics2.properties
2019-09-18 22:20:56,671 [main] INFO  impl.MetricsSystemImpl (MetricsSystemImpl.java:startTimer(374)) - Scheduled Metric snapshot period at 10 second(s).
2019-09-18 22:20:56,671 [main] INFO  impl.MetricsSystemImpl (MetricsSystemImpl.java:start(191)) - StorageContainerManager metrics system started
2019-09-18 22:20:56,895 [main] INFO  server.SCMClientProtocolServer (SCMClientProtocolServer.java:start(151)) - RPC server for Client  is listening at /0.0.0.0:45552
2019-09-18 22:20:56,896 [IPC Server Responder] INFO  ipc.Server (Server.java:run(1314)) - IPC Server Responder: starting
2019-09-18 22:20:56,896 [IPC Server listener on 45552] INFO  ipc.Server (Server.java:run(1153)) - IPC Server listener on 45552: starting
2019-09-18 22:20:56,898 [main] INFO  server.StorageContainerManager (StorageContainerManager.java:start(773)) - ScmBlockLocationProtocol RPC server is listening at /0.0.0.0:38139
2019-09-18 22:20:56,900 [main] INFO  server.SCMBlockProtocolServer (SCMBlockProtocolServer.java:start(146)) - RPC server for Block Protocol is listening at /0.0.0.0:38139
2019-09-18 22:20:56,900 [IPC Server Responder] INFO  ipc.Server (Server.java:run(1314)) - IPC Server Responder: starting
2019-09-18 22:20:56,900 [IPC Server listener on 38139] INFO  ipc.Server (Server.java:run(1153)) - IPC Server listener on 38139: starting
2019-09-18 22:20:56,902 [main] INFO  server.StorageContainerManager (StorageContainerManager.java:start(777)) - ScmDatanodeProtocl RPC server is listening at /0.0.0.0:35859
2019-09-18 22:20:56,903 [main] INFO  server.SCMDatanodeProtocolServer (SCMDatanodeProtocolServer.java:start(191)) - RPC server for DataNodes is listening at /0.0.0.0:35859
2019-09-18 22:20:56,903 [IPC Server Responder] INFO  ipc.Server (Server.java:run(1314)) - IPC Server Responder: starting
2019-09-18 22:20:56,903 [IPC Server listener on 35859] INFO  ipc.Server (Server.java:run(1153)) - IPC Server listener on 35859: starting
2019-09-18 22:20:56,907 [main] INFO  http.HttpServer2 (HttpServer2.java:bindListener(1191)) - Jetty bound to port 35786
2019-09-18 22:20:56,911 [main] INFO  server.Server (Server.java:doStart(351)) - jetty-9.3.25.v20180904, build timestamp: 2018-09-04T21:11:46Z, git hash: 3ce520221d0240229c862b122d2b06c12a625732
2019-09-18 22:20:56,967 [main] INFO  handler.ContextHandler (ContextHandler.java:doStart(781)) - Started o.e.j.s.ServletContextHandler@2320fa6f{/logs,file:///workdir/hadoop-ozone/integration-test/target/log,AVAILABLE}
2019-09-18 22:20:56,968 [main] INFO  handler.ContextHandler (ContextHandler.java:doStart(781)) - Started o.e.j.s.ServletContextHandler@4d722ac9{/static,file:///workdir/hadoop-ozone/integration-test/target/test-classes/webapps/static,AVAILABLE}
2019-09-18 22:20:57,007 [main] INFO  handler.ContextHandler (ContextHandler.java:doStart(781)) - Started o.e.j.w.WebAppContext@514eedd8{/,file:///workdir/hadoop-ozone/integration-test/target/test-classes/webapps/scm/,AVAILABLE}{/scm}
2019-09-18 22:20:57,013 [main] INFO  server.AbstractConnector (AbstractConnector.java:doStart(278)) - Started ServerConnector@60094a13{HTTP/1.1,[http/1.1]}{0.0.0.0:35786}
2019-09-18 22:20:57,014 [main] INFO  server.Server (Server.java:doStart(419)) - Started @2728ms
2019-09-18 22:20:57,016 [main] INFO  impl.MetricsSinkAdapter (MetricsSinkAdapter.java:start(204)) - Sink prometheus started
2019-09-18 22:20:57,016 [main] INFO  impl.MetricsSystemImpl (MetricsSystemImpl.java:registerSink(301)) - Registered sink prometheus
2019-09-18 22:20:57,018 [main] INFO  server.BaseHttpServer (BaseHttpServer.java:updateConnectorAddress(215)) - HTTP server of SCM is listening at http://0.0.0.0:35786
2019-09-18 22:20:57,024 [org.apache.hadoop.util.JvmPauseMonitor$Monitor@71f67a79] INFO  util.JvmPauseMonitor (JvmPauseMonitor.java:run(188)) - Starting JVM pause monitor
2019-09-18 22:20:57,026 [main] WARN  server.ServerUtils (ServerUtils.java:getDBPath(222)) - ozone.om.db.dirs is not configured. We recommend adding this setting. Falling back to ozone.metadata.dirs instead.
2019-09-18 22:20:57,137 [main] WARN  server.ServerUtils (ServerUtils.java:getDBPath(222)) - ozone.om.db.dirs is not configured. We recommend adding this setting. Falling back to ozone.metadata.dirs instead.
2019-09-18 22:20:57,138 [main] WARN  server.ServerUtils (ServerUtils.java:getDBPath(222)) - ozone.om.db.dirs is not configured. We recommend adding this setting. Falling back to ozone.metadata.dirs instead.
2019-09-18 22:20:57,140 [main] INFO  om.OzoneManager (OzoneManager.java:setOMNodeDetails(649)) - OM Service ID is not set. Setting it to the default ID: omServiceIdDefault
2019-09-18 22:20:57,140 [main] INFO  om.OzoneManager (OzoneManager.java:setOMNodeDetails(655)) - OM Node ID is not set. Setting it to the OmStorage's OmID: 1279626d-5300-4baf-a6ee-5aaf74dfb185
2019-09-18 22:20:57,142 [main] INFO  om.OzoneManager (OzoneManager.java:loadOMHAConfigs(606)) - Found matching OM address with OMServiceId: null, OMNodeId: null, RPC Address: localhost:0 and Ratis port: 9872
2019-09-18 22:20:57,864 [main] WARN  server.ServerUtils (ServerUtils.java:getDBPath(222)) - ozone.om.db.dirs is not configured. We recommend adding this setting. Falling back to ozone.metadata.dirs instead.
2019-09-18 22:20:57,871 [main] INFO  db.DBStoreBuilder (DBStoreBuilder.java:addTable(110)) - using custom profile for table: userTable
2019-09-18 22:20:57,871 [main] INFO  db.DBStoreBuilder (DBStoreBuilder.java:processTables(161)) - Using default column profile:DBProfile.DISK for Table:userTable
2019-09-18 22:20:57,871 [main] INFO  db.DBStoreBuilder (DBStoreBuilder.java:addTable(110)) - using custom profile for table: volumeTable
2019-09-18 22:20:57,871 [main] INFO  db.DBStoreBuilder (DBStoreBuilder.java:processTables(161)) - Using default column profile:DBProfile.DISK for Table:volumeTable
2019-09-18 22:20:57,872 [main] INFO  db.DBStoreBuilder (DBStoreBuilder.java:addTable(110)) - using custom profile for table: bucketTable
2019-09-18 22:20:57,872 [main] INFO  db.DBStoreBuilder (DBStoreBuilder.java:processTables(161)) - Using default column profile:DBProfile.DISK for Table:bucketTable
2019-09-18 22:20:57,872 [main] INFO  db.DBStoreBuilder (DBStoreBuilder.java:addTable(110)) - using custom profile for table: keyTable
2019-09-18 22:20:57,872 [main] INFO  db.DBStoreBuilder (DBStoreBuilder.java:processTables(161)) - Using default column profile:DBProfile.DISK for Table:keyTable
2019-09-18 22:20:57,873 [main] INFO  db.DBStoreBuilder (DBStoreBuilder.java:addTable(110)) - using custom profile for table: deletedTable
2019-09-18 22:20:57,873 [main] INFO  db.DBStoreBuilder (DBStoreBuilder.java:processTables(161)) - Using default column profile:DBProfile.DISK for Table:deletedTable
2019-09-18 22:20:57,873 [main] INFO  db.DBStoreBuilder (DBStoreBuilder.java:addTable(110)) - using custom profile for table: openKeyTable
2019-09-18 22:20:57,873 [main] INFO  db.DBStoreBuilder (DBStoreBuilder.java:processTables(161)) - Using default column profile:DBProfile.DISK for Table:openKeyTable
2019-09-18 22:20:57,874 [main] INFO  db.DBStoreBuilder (DBStoreBuilder.java:addTable(110)) - using custom profile for table: s3Table
2019-09-18 22:20:57,874 [main] INFO  db.DBStoreBuilder (DBStoreBuilder.java:processTables(161)) - Using default column profile:DBProfile.DISK for Table:s3Table
2019-09-18 22:20:57,874 [main] INFO  db.DBStoreBuilder (DBStoreBuilder.java:addTable(110)) - using custom profile for table: multipartInfoTable
2019-09-18 22:20:57,874 [main] INFO  db.DBStoreBuilder (DBStoreBuilder.java:processTables(161)) - Using default column profile:DBProfile.DISK for Table:multipartInfoTable
2019-09-18 22:20:57,875 [main] INFO  db.DBStoreBuilder (DBStoreBuilder.java:addTable(110)) - using custom profile for table: dTokenTable
2019-09-18 22:20:57,875 [main] INFO  db.DBStoreBuilder (DBStoreBuilder.java:processTables(161)) - Using default column profile:DBProfile.DISK for Table:dTokenTable
2019-09-18 22:20:57,875 [main] INFO  db.DBStoreBuilder (DBStoreBuilder.java:addTable(110)) - using custom profile for table: s3SecretTable
2019-09-18 22:20:57,875 [main] INFO  db.DBStoreBuilder (DBStoreBuilder.java:processTables(161)) - Using default column profile:DBProfile.DISK for Table:s3SecretTable
2019-09-18 22:20:57,876 [main] INFO  db.DBStoreBuilder (DBStoreBuilder.java:addTable(110)) - using custom profile for table: prefixTable
2019-09-18 22:20:57,876 [main] INFO  db.DBStoreBuilder (DBStoreBuilder.java:processTables(161)) - Using default column profile:DBProfile.DISK for Table:prefixTable
2019-09-18 22:20:57,876 [main] INFO  db.DBStoreBuilder (DBStoreBuilder.java:addTable(110)) - using custom profile for table: default
2019-09-18 22:20:57,876 [main] INFO  db.DBStoreBuilder (DBStoreBuilder.java:processTables(167)) - Using default column profile:DBProfile.DISK for Table:default
2019-09-18 22:20:57,876 [main] INFO  db.DBStoreBuilder (DBStoreBuilder.java:getDbProfile(198)) - Using default options. DBProfile.DISK
2019-09-18 22:20:58,433 [KeyDeletingService#0] WARN  utils.BackgroundService (BackgroundService.java:lambda$run$0(135)) - Background task fails to execute, retrying in next interval
java.util.concurrent.ExecutionException: java.lang.NullPointerException
	at java.util.concurrent.FutureTask.report(FutureTask.java:122)
	at java.util.concurrent.FutureTask.get(FutureTask.java:206)
	at org.apache.hadoop.utils.BackgroundService$PeriodicalTask.lambda$run$0(BackgroundService.java:129)
	at java.util.stream.ForEachOps$ForEachOp$OfRef.accept(ForEachOps.java:184)
	at java.util.ArrayList$ArrayListSpliterator.forEachRemaining(ArrayList.java:1382)
	at java.util.stream.AbstractPipeline.copyInto(AbstractPipeline.java:482)
	at java.util.stream.ForEachOps$ForEachTask.compute(ForEachOps.java:291)
	at java.util.concurrent.CountedCompleter.exec(CountedCompleter.java:731)
	at java.util.concurrent.ForkJoinTask.doExec(ForkJoinTask.java:289)
	at java.util.concurrent.ForkJoinTask.doInvoke(ForkJoinTask.java:401)
	at java.util.concurrent.ForkJoinTask.invoke(ForkJoinTask.java:734)
	at java.util.stream.ForEachOps$ForEachOp.evaluateParallel(ForEachOps.java:160)
	at java.util.stream.ForEachOps$ForEachOp$OfRef.evaluateParallel(ForEachOps.java:174)
	at java.util.stream.AbstractPipeline.evaluate(AbstractPipeline.java:233)
	at java.util.stream.ReferencePipeline.forEach(ReferencePipeline.java:418)
	at java.util.stream.ReferencePipeline$Head.forEach(ReferencePipeline.java:583)
	at org.apache.hadoop.utils.BackgroundService$PeriodicalTask.run(BackgroundService.java:125)
	at java.util.concurrent.Executors$RunnableAdapter.call(Executors.java:511)
	at java.util.concurrent.FutureTask.runAndReset(FutureTask.java:308)
	at java.util.concurrent.ScheduledThreadPoolExecutor$ScheduledFutureTask.access$301(ScheduledThreadPoolExecutor.java:180)
	at java.util.concurrent.ScheduledThreadPoolExecutor$ScheduledFutureTask.run(ScheduledThreadPoolExecutor.java:294)
	at java.util.concurrent.ThreadPoolExecutor.runWorker(ThreadPoolExecutor.java:1149)
	at java.util.concurrent.ThreadPoolExecutor$Worker.run(ThreadPoolExecutor.java:624)
	at java.lang.Thread.run(Thread.java:748)
Caused by: java.lang.NullPointerException
	at org.apache.hadoop.ozone.om.OzoneManager.isLeader(OzoneManager.java:3391)
	at org.apache.hadoop.ozone.om.KeyDeletingService.shouldRun(KeyDeletingService.java:120)
	at org.apache.hadoop.ozone.om.KeyDeletingService.access$100(KeyDeletingService.java:58)
	at org.apache.hadoop.ozone.om.KeyDeletingService$KeyDeletingTask.call(KeyDeletingService.java:149)
	at org.apache.hadoop.ozone.om.KeyDeletingService$KeyDeletingTask.call(KeyDeletingService.java:137)
	at java.util.concurrent.FutureTask.run(FutureTask.java:266)
	at java.util.concurrent.Executors$RunnableAdapter.call(Executors.java:511)
	at java.util.concurrent.FutureTask.run(FutureTask.java:266)
	at java.util.concurrent.Executors$RunnableAdapter.call(Executors.java:511)
	at java.util.concurrent.FutureTask.run(FutureTask.java:266)
	at java.util.concurrent.ScheduledThreadPoolExecutor$ScheduledFutureTask.access$201(ScheduledThreadPoolExecutor.java:180)
	at java.util.concurrent.ScheduledThreadPoolExecutor$ScheduledFutureTask.run(ScheduledThreadPoolExecutor.java:293)
	... 3 more
2019-09-18 22:20:58,461 [main] WARN  scm.HddsServerUtil (HddsServerUtil.java:getDefaultRatisDirectory(354)) - Storage directory for Ratis is not configured. It is a good idea to map this to an SSD disk. Falling back to ozone.metadata.dirs
2019-09-18 22:20:58,643 [main] INFO  ratis.OzoneManagerRatisServer (OzoneManagerRatisServer.java:<init>(241)) - Instantiating OM Ratis server with GroupID: omServiceIdDefault and Raft Peers: localhost:9872
2019-09-18 22:20:58,682 [main] INFO  impl.RaftServerProxy (ConfUtils.java:logGet(43)) - raft.rpc.type = GRPC (default)
2019-09-18 22:20:58,757 [main] INFO  grpc.GrpcFactory (GrpcFactory.java:checkPooledByteBufAllocatorUseCacheForAllThreads(45)) - PERFORMANCE WARNING: useCacheForAllThreads is true that may cause Netty to create a lot garbage objects and, as a result, trigger GC.
	It is recommended to disable useCacheForAllThreads by setting -Dorg.apache.ratis.thirdparty.io.netty.allocator.useCacheForAllThreads=false in command line.
2019-09-18 22:20:58,763 [main] INFO  grpc.GrpcConfigKeys$Server (ConfUtils.java:logGet(43)) - raft.grpc.server.port = 9872 (custom)
2019-09-18 22:20:58,764 [main] INFO  server.GrpcService (ConfUtils.java:logGet(43)) - raft.grpc.message.size.max = 33554432 (custom)
2019-09-18 22:20:58,765 [main] INFO  server.RaftServerConfigKeys (ConfUtils.java:logGet(43)) - raft.server.log.appender.buffer.byte-limit = 33554432 (custom)
2019-09-18 22:20:58,766 [main] INFO  server.GrpcService (ConfUtils.java:logGet(43)) - raft.grpc.flow.control.window = 1MB (=1048576) (default)
2019-09-18 22:20:58,767 [main] INFO  server.RaftServerConfigKeys (ConfUtils.java:logGet(43)) - raft.server.rpc.request.timeout = 3000ms (default)
2019-09-18 22:20:58,950 [main] INFO  server.RaftServerConfigKeys (ConfUtils.java:logGet(43)) - raft.server.storage.dir = [/workdir/hadoop-ozone/integration-test/target/test-dir/MiniOzoneClusterImpl-49dd8ba2-f96b-4b94-abc6-9d4cf1b6af53/ozone-meta/ratis] (custom)
2019-09-18 22:20:58,957 [main] INFO  impl.RaftServerProxy (RaftServerProxy.java:addNew(89)) - 1279626d-5300-4baf-a6ee-5aaf74dfb185: addNew group-C5BA1605619E:[1279626d-5300-4baf-a6ee-5aaf74dfb185:localhost:9872] returns group-C5BA1605619E:java.util.concurrent.CompletableFuture@3cff0139[Not completed]
2019-09-18 22:20:58,958 [main] INFO  om.OzoneManager (OzoneManager.java:initializeRatisServer(1382)) - OzoneManager Ratis server initialized at port 9872
2019-09-18 22:20:58,961 [main] WARN  scm.HddsServerUtil (HddsServerUtil.java:getDefaultRatisDirectory(354)) - Storage directory for Ratis is not configured. It is a good idea to map this to an SSD disk. Falling back to ozone.metadata.dirs
2019-09-18 22:20:58,962 [main] WARN  scm.HddsServerUtil (HddsServerUtil.java:getDefaultRatisDirectory(354)) - Storage directory for Ratis is not configured. It is a good idea to map this to an SSD disk. Falling back to ozone.metadata.dirs
2019-09-18 22:20:58,976 [pool-22-thread-1] INFO  impl.RaftServerImpl (RaftServerImpl.java:<init>(95)) - 1279626d-5300-4baf-a6ee-5aaf74dfb185: new RaftServerImpl for group-C5BA1605619E:[1279626d-5300-4baf-a6ee-5aaf74dfb185:localhost:9872] with OzoneManagerStateMachine:uninitialized
2019-09-18 22:20:58,977 [main] INFO  ipc.CallQueueManager (CallQueueManager.java:<init>(84)) - Using callQueue: class java.util.concurrent.LinkedBlockingQueue, queueCapacity: 2000, scheduler: class org.apache.hadoop.ipc.DefaultRpcScheduler, ipcBackoff: false.
2019-09-18 22:20:58,978 [Socket Reader #1 for port 45843] INFO  ipc.Server (Server.java:run(1074)) - Starting Socket Reader #1 for port 45843
2019-09-18 22:20:58,979 [pool-22-thread-1] INFO  server.RaftServerConfigKeys (ConfUtils.java:logGet(43)) - raft.server.rpc.timeout.min = 1s (custom)
2019-09-18 22:20:58,980 [pool-22-thread-1] INFO  server.RaftServerConfigKeys (ConfUtils.java:logGet(43)) - raft.server.rpc.timeout.max = 1200ms (custom)
2019-09-18 22:20:58,980 [pool-22-thread-1] INFO  server.RaftServerConfigKeys (ConfUtils.java:logGet(43)) - raft.server.rpcslowness.timeout = 120s (custom)
2019-09-18 22:20:58,981 [pool-22-thread-1] INFO  server.RaftServerConfigKeys (ConfUtils.java:logGet(43)) - raft.server.sleep.deviation.threshold = 300 (default)
2019-09-18 22:20:58,982 [pool-22-thread-1] INFO  server.RaftServerConfigKeys (ConfUtils.java:logGet(43)) - raft.server.log.appender.install.snapshot.enabled = false (custom)
2019-09-18 22:20:58,992 [pool-22-thread-1] INFO  impl.RaftServerImpl (ServerState.java:<init>(103)) - 1279626d-5300-4baf-a6ee-5aaf74dfb185@group-C5BA1605619E: ConfigurationManager, init=-1: [1279626d-5300-4baf-a6ee-5aaf74dfb185:localhost:9872], old=null, confs=<EMPTY_MAP>
2019-09-18 22:20:58,993 [pool-22-thread-1] INFO  server.RaftServerConfigKeys (ConfUtils.java:logGet(43)) - raft.server.storage.dir = [/workdir/hadoop-ozone/integration-test/target/test-dir/MiniOzoneClusterImpl-49dd8ba2-f96b-4b94-abc6-9d4cf1b6af53/ozone-meta/ratis] (custom)
2019-09-18 22:20:58,998 [main] INFO  om.OzoneManager (OzoneManager.java:start(1240)) - OzoneManager RPC server is listening at localhost/127.0.0.1:45843
2019-09-18 22:20:58,998 [main] INFO  impl.MetricsSystemImpl (MetricsSystemImpl.java:init(158)) - OzoneManager metrics system started (again)
2019-09-18 22:20:58,998 [main] INFO  ratis.OzoneManagerRatisServer (OzoneManagerRatisServer.java:start(331)) - Starting OzoneManagerRatisServer 1279626d-5300-4baf-a6ee-5aaf74dfb185 at port 9872
2019-09-18 22:20:59,006 [pool-22-thread-1] INFO  storage.RaftStorageDirectory (RaftStorageDirectory.java:analyzeStorage(246)) - The storage directory /workdir/hadoop-ozone/integration-test/target/test-dir/MiniOzoneClusterImpl-49dd8ba2-f96b-4b94-abc6-9d4cf1b6af53/ozone-meta/ratis/bf265839-605b-3f16-9796-c5ba1605619e does not exist. Creating ...
2019-09-18 22:20:59,024 [pool-22-thread-1] INFO  storage.RaftStorageDirectory (RaftStorageDirectory.java:tryLock(328)) - Lock on /workdir/hadoop-ozone/integration-test/target/test-dir/MiniOzoneClusterImpl-49dd8ba2-f96b-4b94-abc6-9d4cf1b6af53/ozone-meta/ratis/bf265839-605b-3f16-9796-c5ba1605619e/in_use.lock acquired by nodename 29717@pr-hdds-2150-pzdq9-4118776691
2019-09-18 22:20:59,039 [pool-22-thread-1] INFO  storage.RaftStorage (RaftStorage.java:format(72)) - Storage directory /workdir/hadoop-ozone/integration-test/target/test-dir/MiniOzoneClusterImpl-49dd8ba2-f96b-4b94-abc6-9d4cf1b6af53/ozone-meta/ratis/bf265839-605b-3f16-9796-c5ba1605619e has been successfully formatted.
2019-09-18 22:20:59,044 [pool-22-thread-1] INFO  server.RaftServerConfigKeys (ConfUtils.java:logGet(43)) - raft.server.notification.no-leader.timeout = 120s (custom)
2019-09-18 22:20:59,048 [pool-22-thread-1] INFO  server.RaftServerConfigKeys (ConfUtils.java:logGet(43)) - raft.server.log.use.memory = false (default)
2019-09-18 22:20:59,055 [pool-22-thread-1] INFO  server.RaftServerConfigKeys (ConfUtils.java:logGet(43)) - raft.server.log.purge.gap = 1000000 (custom)
2019-09-18 22:20:59,055 [pool-22-thread-1] INFO  server.RaftServerConfigKeys (ConfUtils.java:logGet(43)) - raft.server.log.appender.buffer.byte-limit = 33554432 (custom)
2019-09-18 22:20:59,058 [pool-22-thread-1] INFO  server.RaftServerConfigKeys (ConfUtils.java:logGet(43)) - raft.server.log.segment.size.max = 16384 (custom)
2019-09-18 22:20:59,063 [pool-22-thread-1] INFO  server.RaftServerConfigKeys (ConfUtils.java:logGet(43)) - raft.server.log.segment.cache.num.max = 2 (custom)
2019-09-18 22:20:59,070 [pool-22-thread-1] INFO  segmented.SegmentedRaftLogWorker (SegmentedRaftLogWorker.java:<init>(172)) - new 1279626d-5300-4baf-a6ee-5aaf74dfb185@group-C5BA1605619E-SegmentedRaftLogWorker for RaftStorage:Storage Directory /workdir/hadoop-ozone/integration-test/target/test-dir/MiniOzoneClusterImpl-49dd8ba2-f96b-4b94-abc6-9d4cf1b6af53/ozone-meta/ratis/bf265839-605b-3f16-9796-c5ba1605619e
2019-09-18 22:20:59,071 [pool-22-thread-1] INFO  impl.MetricsSystemImpl (MetricsSystemImpl.java:init(158)) - ratis metrics system started (again)
2019-09-18 22:20:59,104 [pool-22-thread-1] INFO  server.RaftServerConfigKeys (ConfUtils.java:logGet(43)) - raft.server.log.queue.byte-limit = 64MB (=67108864) (default)
2019-09-18 22:20:59,105 [pool-22-thread-1] INFO  server.RaftServerConfigKeys (ConfUtils.java:logGet(43)) - raft.server.log.queue.element-limit = 4096 (default)
2019-09-18 22:20:59,108 [pool-22-thread-1] INFO  server.RaftServerConfigKeys (ConfUtils.java:logGet(43)) - raft.server.log.segment.size.max = 16384 (custom)
2019-09-18 22:20:59,108 [pool-22-thread-1] INFO  server.RaftServerConfigKeys (ConfUtils.java:logGet(43)) - raft.server.log.preallocated.size = 16384 (custom)
2019-09-18 22:20:59,109 [pool-22-thread-1] INFO  server.RaftServerConfigKeys (ConfUtils.java:logGet(43)) - raft.server.log.write.buffer.size = 64KB (=65536) (default)
2019-09-18 22:20:59,109 [pool-22-thread-1] INFO  server.RaftServerConfigKeys (ConfUtils.java:logGet(43)) - raft.server.log.force.sync.num = 128 (default)
2019-09-18 22:20:59,110 [pool-22-thread-1] INFO  server.RaftServerConfigKeys (ConfUtils.java:logGet(43)) - raft.server.log.statemachine.data.sync = true (default)
2019-09-18 22:20:59,111 [pool-22-thread-1] INFO  server.RaftServerConfigKeys (ConfUtils.java:logGet(43)) - raft.server.log.statemachine.data.sync.timeout = 10s (default)
2019-09-18 22:20:59,111 [pool-22-thread-1] INFO  server.RaftServerConfigKeys (ConfUtils.java:logGet(43)) - raft.server.log.statemachine.data.sync.timeout.retry = -1 (default)
2019-09-18 22:20:59,119 [pool-22-thread-1] INFO  server.RaftServerConfigKeys (ConfUtils.java:logGet(43)) - raft.server.log.statemachine.data.caching.enabled = false (default)
2019-09-18 22:20:59,124 [pool-22-thread-1] INFO  segmented.SegmentedRaftLogWorker (SegmentedRaftLogWorker.java:lambda$new$0(132)) - 1279626d-5300-4baf-a6ee-5aaf74dfb185@group-C5BA1605619E-SegmentedRaftLogWorker: flushIndex: setUnconditionally 0 -> -1
2019-09-18 22:20:59,138 [pool-22-thread-1] INFO  server.RaftServerConfigKeys (ConfUtils.java:logGet(43)) - raft.server.snapshot.auto.trigger.enabled = true (custom)
2019-09-18 22:20:59,140 [pool-22-thread-1] INFO  server.RaftServerConfigKeys (ConfUtils.java:logGet(43)) - raft.server.snapshot.auto.trigger.threshold = 400000 (default)
2019-09-18 22:20:59,141 [pool-22-thread-1] INFO  server.RaftServerConfigKeys (ConfUtils.java:logGet(43)) - raft.server.snapshot.retention.num.files = -1 (default)
2019-09-18 22:20:59,142 [pool-22-thread-1] INFO  server.RaftServerConfigKeys (ConfUtils.java:logGet(43)) - raft.server.retrycache.expirytime = 600000ms (custom)
2019-09-18 22:20:59,188 [main] INFO  impl.RaftServerImpl (RaftServerImpl.java:start(185)) - 1279626d-5300-4baf-a6ee-5aaf74dfb185@group-C5BA1605619E: start as a follower, conf=-1: [1279626d-5300-4baf-a6ee-5aaf74dfb185:localhost:9872], old=null
2019-09-18 22:20:59,191 [main] INFO  impl.RaftServerImpl (RaftServerImpl.java:setRole(174)) - 1279626d-5300-4baf-a6ee-5aaf74dfb185@group-C5BA1605619E: changes role from      null to FOLLOWER at term 0 for startAsFollower
2019-09-18 22:20:59,192 [main] INFO  impl.RoleInfo (RoleInfo.java:updateAndGet(143)) - 1279626d-5300-4baf-a6ee-5aaf74dfb185: start FollowerState
2019-09-18 22:20:59,195 [main] INFO  util.JmxRegister (JmxRegister.java:tryRegister(44)) - Successfully registered JMX Bean with object name Ratis:service=RaftServer,group=group-C5BA1605619E,id=1279626d-5300-4baf-a6ee-5aaf74dfb185
2019-09-18 22:20:59,196 [main] INFO  impl.RaftServerProxy (RaftServerProxy.java:lambda$start$3(299)) - 1279626d-5300-4baf-a6ee-5aaf74dfb185: start RPC server
2019-09-18 22:20:59,322 [main] INFO  server.GrpcService (GrpcService.java:startImpl(158)) - 1279626d-5300-4baf-a6ee-5aaf74dfb185: GrpcService started, listening on 0.0.0.0/0.0.0.0:9872
2019-09-18 22:20:59,337 [IPC Server Responder] INFO  ipc.Server (Server.java:run(1314)) - IPC Server Responder: starting
2019-09-18 22:20:59,339 [IPC Server listener on 45843] INFO  ipc.Server (Server.java:run(1153)) - IPC Server listener on 45843: starting
2019-09-18 22:20:59,349 [main] INFO  hdfs.DFSUtil (DFSUtil.java:httpServerTemplateForNNAndJN(1641)) - Starting Web-server for ozoneManager at: http://0.0.0.0:0
2019-09-18 22:20:59,356 [main] INFO  server.AuthenticationFilter (AuthenticationFilter.java:constructSecretProvider(240)) - Unable to initialize FileSignerSecretProvider, falling back to use random secrets.
2019-09-18 22:20:59,358 [main] WARN  http.HttpRequestLog (HttpRequestLog.java:getRequestLog(97)) - Jetty request log can only be enabled using Log4j
2019-09-18 22:20:59,363 [main] INFO  http.HttpServer2 (HttpServer2.java:addGlobalFilter(975)) - Added global filter 'safety' (class=org.apache.hadoop.http.HttpServer2$QuotingInputFilter)
2019-09-18 22:20:59,365 [main] INFO  http.HttpServer2 (HttpServer2.java:addFilter(948)) - Added filter static_user_filter (class=org.apache.hadoop.http.lib.StaticUserWebFilter$StaticUserFilter) to context ozoneManager
2019-09-18 22:20:59,365 [main] INFO  http.HttpServer2 (HttpServer2.java:addFilter(958)) - Added filter static_user_filter (class=org.apache.hadoop.http.lib.StaticUserWebFilter$StaticUserFilter) to context logs
2019-09-18 22:20:59,366 [main] INFO  http.HttpServer2 (HttpServer2.java:addFilter(958)) - Added filter static_user_filter (class=org.apache.hadoop.http.lib.StaticUserWebFilter$StaticUserFilter) to context static
2019-09-18 22:20:59,371 [main] INFO  http.HttpServer2 (HttpServer2.java:bindListener(1191)) - Jetty bound to port 42886
2019-09-18 22:20:59,371 [main] INFO  server.Server (Server.java:doStart(351)) - jetty-9.3.25.v20180904, build timestamp: 2018-09-04T21:11:46Z, git hash: 3ce520221d0240229c862b122d2b06c12a625732
2019-09-18 22:20:59,374 [main] INFO  handler.ContextHandler (ContextHandler.java:doStart(781)) - Started o.e.j.s.ServletContextHandler@6631cb64{/logs,file:///workdir/hadoop-ozone/integration-test/target/log,AVAILABLE}
2019-09-18 22:20:59,375 [main] INFO  handler.ContextHandler (ContextHandler.java:doStart(781)) - Started o.e.j.s.ServletContextHandler@481e91b6{/static,file:///workdir/hadoop-ozone/integration-test/target/test-classes/webapps/static,AVAILABLE}
2019-09-18 22:20:59,382 [main] INFO  handler.ContextHandler (ContextHandler.java:doStart(781)) - Started o.e.j.w.WebAppContext@64f1fd08{/,file:///workdir/hadoop-ozone/integration-test/target/test-classes/webapps/ozoneManager/,AVAILABLE}{/ozoneManager}
2019-09-18 22:20:59,384 [main] INFO  server.AbstractConnector (AbstractConnector.java:doStart(278)) - Started ServerConnector@6b3f6585{HTTP/1.1,[http/1.1]}{0.0.0.0:42886}
2019-09-18 22:20:59,384 [main] INFO  server.Server (Server.java:doStart(419)) - Started @5099ms
2019-09-18 22:20:59,385 [main] WARN  impl.MetricsSystemImpl (MetricsSystemImpl.java:register(276)) - Sink prometheus already exists!
2019-09-18 22:20:59,386 [main] INFO  server.BaseHttpServer (BaseHttpServer.java:updateConnectorAddress(215)) - HTTP server of OZONEMANAGER is listening at http://0.0.0.0:42886
2019-09-18 22:20:59,577 [main] INFO  impl.MetricsSystemImpl (MetricsSystemImpl.java:init(158)) - HddsDatanode metrics system started (again)
2019-09-18 22:20:59,628 [main] INFO  ozone.HddsDatanodeService (HddsDatanodeService.java:start(184)) - HddsDatanodeService host:pr-hdds-2150-pzdq9-4118776691 ip:192.168.34.27
2019-09-18 22:20:59,661 [main] INFO  volume.HddsVolume (HddsVolume.java:<init>(176)) - Creating Volume: /workdir/hadoop-ozone/integration-test/target/test-dir/MiniOzoneClusterImpl-49dd8ba2-f96b-4b94-abc6-9d4cf1b6af53/datanode-0/data/containers/hdds of  storage type : DISK and capacity : 1482555576320
2019-09-18 22:20:59,665 [main] INFO  volume.VolumeSet (VolumeSet.java:initializeVolumeSet(170)) - Added Volume : /workdir/hadoop-ozone/integration-test/target/test-dir/MiniOzoneClusterImpl-49dd8ba2-f96b-4b94-abc6-9d4cf1b6af53/datanode-0/data/containers/hdds to VolumeSet
2019-09-18 22:20:59,670 [main] INFO  volume.ThrottledAsyncChecker (ThrottledAsyncChecker.java:schedule(139)) - Scheduling a check for org.apache.hadoop.ozone.container.common.volume.HddsVolume@524a076e
2019-09-18 22:20:59,696 [main] INFO  volume.HddsVolumeChecker (HddsVolumeChecker.java:checkAllVolumes(202)) - Scheduled health check for volume org.apache.hadoop.ozone.container.common.volume.HddsVolume@524a076e
2019-09-18 22:20:59,761 [main] INFO  impl.RaftServerProxy (ConfUtils.java:logGet(43)) - raft.rpc.type = GRPC (default)
2019-09-18 22:20:59,761 [main] INFO  grpc.GrpcFactory (GrpcFactory.java:checkPooledByteBufAllocatorUseCacheForAllThreads(45)) - PERFORMANCE WARNING: useCacheForAllThreads is true that may cause Netty to create a lot garbage objects and, as a result, trigger GC.
	It is recommended to disable useCacheForAllThreads by setting -Dorg.apache.ratis.thirdparty.io.netty.allocator.useCacheForAllThreads=false in command line.
2019-09-18 22:20:59,761 [main] INFO  grpc.GrpcConfigKeys$Server (ConfUtils.java:logGet(43)) - raft.grpc.server.port = 0 (default)
2019-09-18 22:20:59,762 [main] INFO  server.GrpcService (ConfUtils.java:logGet(43)) - raft.grpc.message.size.max = 33570816 (custom)
2019-09-18 22:20:59,762 [main] INFO  server.RaftServerConfigKeys (ConfUtils.java:logGet(43)) - raft.server.log.appender.buffer.byte-limit = 33554432 (custom)
2019-09-18 22:20:59,762 [main] INFO  server.GrpcService (ConfUtils.java:logGet(43)) - raft.grpc.flow.control.window = 1MB (=1048576) (default)
2019-09-18 22:20:59,762 [main] INFO  server.RaftServerConfigKeys (ConfUtils.java:logGet(43)) - raft.server.rpc.request.timeout = 3000ms (default)
2019-09-18 22:20:59,764 [main] INFO  server.RaftServerConfigKeys (ConfUtils.java:logGet(43)) - raft.server.storage.dir = [/workdir/hadoop-ozone/integration-test/target/test-dir/MiniOzoneClusterImpl-49dd8ba2-f96b-4b94-abc6-9d4cf1b6af53/datanode-0/data/ratis] (custom)
2019-09-18 22:20:59,815 [main] INFO  hdfs.DFSUtil (DFSUtil.java:httpServerTemplateForNNAndJN(1641)) - Starting Web-server for hddsDatanode at: http://0.0.0.0:0
2019-09-18 22:20:59,818 [main] INFO  server.AuthenticationFilter (AuthenticationFilter.java:constructSecretProvider(240)) - Unable to initialize FileSignerSecretProvider, falling back to use random secrets.
2019-09-18 22:20:59,819 [main] WARN  http.HttpRequestLog (HttpRequestLog.java:getRequestLog(97)) - Jetty request log can only be enabled using Log4j
2019-09-18 22:20:59,822 [main] INFO  http.HttpServer2 (HttpServer2.java:addGlobalFilter(975)) - Added global filter 'safety' (class=org.apache.hadoop.http.HttpServer2$QuotingInputFilter)
2019-09-18 22:20:59,823 [main] INFO  http.HttpServer2 (HttpServer2.java:addFilter(948)) - Added filter static_user_filter (class=org.apache.hadoop.http.lib.StaticUserWebFilter$StaticUserFilter) to context hddsDatanode
2019-09-18 22:20:59,823 [main] INFO  http.HttpServer2 (HttpServer2.java:addFilter(958)) - Added filter static_user_filter (class=org.apache.hadoop.http.lib.StaticUserWebFilter$StaticUserFilter) to context static
2019-09-18 22:20:59,824 [main] INFO  http.HttpServer2 (HttpServer2.java:addFilter(958)) - Added filter static_user_filter (class=org.apache.hadoop.http.lib.StaticUserWebFilter$StaticUserFilter) to context logs
2019-09-18 22:20:59,825 [main] INFO  http.HttpServer2 (HttpServer2.java:bindListener(1191)) - Jetty bound to port 44344
2019-09-18 22:20:59,825 [main] INFO  server.Server (Server.java:doStart(351)) - jetty-9.3.25.v20180904, build timestamp: 2018-09-04T21:11:46Z, git hash: 3ce520221d0240229c862b122d2b06c12a625732
2019-09-18 22:20:59,857 [main] INFO  handler.ContextHandler (ContextHandler.java:doStart(781)) - Started o.e.j.s.ServletContextHandler@1c8f6a90{/logs,file:///workdir/hadoop-ozone/integration-test/target/log,AVAILABLE}
2019-09-18 22:20:59,858 [main] INFO  handler.ContextHandler (ContextHandler.java:doStart(781)) - Started o.e.j.s.ServletContextHandler@265bd546{/static,jar:file:/home/user/.m2/repository/org/apache/hadoop/hadoop-hdds-container-service/0.5.0-SNAPSHOT/hadoop-hdds-container-service-0.5.0-SNAPSHOT.jar!/webapps/static,AVAILABLE}
2019-09-18 22:20:59,912 [main] INFO  handler.ContextHandler (ContextHandler.java:doStart(781)) - Started o.e.j.w.WebAppContext@671c4166{/,file:///tmp/jetty-0.0.0.0-44344-hddsDatanode-_-any-7603898327010001457.dir/webapp/,AVAILABLE}{/hddsDatanode}
2019-09-18 22:20:59,912 [main] INFO  server.AbstractConnector (AbstractConnector.java:doStart(278)) - Started ServerConnector@53d13cd4{HTTP/1.1,[http/1.1]}{0.0.0.0:44344}
2019-09-18 22:20:59,913 [main] INFO  server.Server (Server.java:doStart(419)) - Started @5628ms
2019-09-18 22:20:59,915 [main] WARN  impl.MetricsSystemImpl (MetricsSystemImpl.java:register(276)) - Sink prometheus already exists!
2019-09-18 22:20:59,916 [main] INFO  server.BaseHttpServer (BaseHttpServer.java:updateConnectorAddress(215)) - HTTP server of HDDSDATANODE is listening at http://0.0.0.0:44344
2019-09-18 22:20:59,917 [main] INFO  impl.MetricsSystemImpl (MetricsSystemImpl.java:init(158)) - HddsDatanode metrics system started (again)
2019-09-18 22:20:59,920 [main] INFO  ozone.HddsDatanodeService (HddsDatanodeService.java:start(184)) - HddsDatanodeService host:pr-hdds-2150-pzdq9-4118776691 ip:192.168.34.27
2019-09-18 22:20:59,922 [org.apache.hadoop.util.JvmPauseMonitor$Monitor@556d1998] INFO  util.JvmPauseMonitor (JvmPauseMonitor.java:run(188)) - Starting JVM pause monitor
2019-09-18 22:20:59,928 [main] INFO  volume.HddsVolume (HddsVolume.java:<init>(176)) - Creating Volume: /workdir/hadoop-ozone/integration-test/target/test-dir/MiniOzoneClusterImpl-49dd8ba2-f96b-4b94-abc6-9d4cf1b6af53/datanode-1/data/containers/hdds of  storage type : DISK and capacity : 1482555576320
2019-09-18 22:20:59,929 [main] INFO  volume.VolumeSet (VolumeSet.java:initializeVolumeSet(170)) - Added Volume : /workdir/hadoop-ozone/integration-test/target/test-dir/MiniOzoneClusterImpl-49dd8ba2-f96b-4b94-abc6-9d4cf1b6af53/datanode-1/data/containers/hdds to VolumeSet
2019-09-18 22:20:59,929 [main] INFO  volume.ThrottledAsyncChecker (ThrottledAsyncChecker.java:schedule(139)) - Scheduling a check for org.apache.hadoop.ozone.container.common.volume.HddsVolume@737d100a
2019-09-18 22:20:59,929 [main] INFO  volume.HddsVolumeChecker (HddsVolumeChecker.java:checkAllVolumes(202)) - Scheduled health check for volume org.apache.hadoop.ozone.container.common.volume.HddsVolume@737d100a
2019-09-18 22:20:59,942 [main] INFO  impl.RaftServerProxy (ConfUtils.java:logGet(43)) - raft.rpc.type = GRPC (default)
2019-09-18 22:20:59,942 [main] INFO  grpc.GrpcFactory (GrpcFactory.java:checkPooledByteBufAllocatorUseCacheForAllThreads(45)) - PERFORMANCE WARNING: useCacheForAllThreads is true that may cause Netty to create a lot garbage objects and, as a result, trigger GC.
	It is recommended to disable useCacheForAllThreads by setting -Dorg.apache.ratis.thirdparty.io.netty.allocator.useCacheForAllThreads=false in command line.
2019-09-18 22:20:59,943 [main] INFO  grpc.GrpcConfigKeys$Server (ConfUtils.java:logGet(43)) - raft.grpc.server.port = 0 (default)
2019-09-18 22:20:59,943 [main] INFO  server.GrpcService (ConfUtils.java:logGet(43)) - raft.grpc.message.size.max = 33570816 (custom)
2019-09-18 22:20:59,943 [main] INFO  server.RaftServerConfigKeys (ConfUtils.java:logGet(43)) - raft.server.log.appender.buffer.byte-limit = 33554432 (custom)
2019-09-18 22:20:59,943 [main] INFO  server.GrpcService (ConfUtils.java:logGet(43)) - raft.grpc.flow.control.window = 1MB (=1048576) (default)
2019-09-18 22:20:59,943 [main] INFO  server.RaftServerConfigKeys (ConfUtils.java:logGet(43)) - raft.server.rpc.request.timeout = 3000ms (default)
2019-09-18 22:20:59,944 [main] INFO  server.RaftServerConfigKeys (ConfUtils.java:logGet(43)) - raft.server.storage.dir = [/workdir/hadoop-ozone/integration-test/target/test-dir/MiniOzoneClusterImpl-49dd8ba2-f96b-4b94-abc6-9d4cf1b6af53/datanode-1/data/ratis] (custom)
2019-09-18 22:20:59,946 [main] INFO  hdfs.DFSUtil (DFSUtil.java:httpServerTemplateForNNAndJN(1641)) - Starting Web-server for hddsDatanode at: http://0.0.0.0:0
2019-09-18 22:20:59,947 [main] INFO  server.AuthenticationFilter (AuthenticationFilter.java:constructSecretProvider(240)) - Unable to initialize FileSignerSecretProvider, falling back to use random secrets.
2019-09-18 22:20:59,947 [main] WARN  http.HttpRequestLog (HttpRequestLog.java:getRequestLog(97)) - Jetty request log can only be enabled using Log4j
2019-09-18 22:20:59,949 [main] INFO  http.HttpServer2 (HttpServer2.java:addGlobalFilter(975)) - Added global filter 'safety' (class=org.apache.hadoop.http.HttpServer2$QuotingInputFilter)
2019-09-18 22:20:59,950 [main] INFO  http.HttpServer2 (HttpServer2.java:addFilter(948)) - Added filter static_user_filter (class=org.apache.hadoop.http.lib.StaticUserWebFilter$StaticUserFilter) to context hddsDatanode
2019-09-18 22:20:59,950 [main] INFO  http.HttpServer2 (HttpServer2.java:addFilter(958)) - Added filter static_user_filter (class=org.apache.hadoop.http.lib.StaticUserWebFilter$StaticUserFilter) to context logs
2019-09-18 22:20:59,950 [main] INFO  http.HttpServer2 (HttpServer2.java:addFilter(958)) - Added filter static_user_filter (class=org.apache.hadoop.http.lib.StaticUserWebFilter$StaticUserFilter) to context static
2019-09-18 22:20:59,951 [main] INFO  http.HttpServer2 (HttpServer2.java:bindListener(1191)) - Jetty bound to port 35474
2019-09-18 22:20:59,951 [main] INFO  server.Server (Server.java:doStart(351)) - jetty-9.3.25.v20180904, build timestamp: 2018-09-04T21:11:46Z, git hash: 3ce520221d0240229c862b122d2b06c12a625732
2019-09-18 22:20:59,954 [main] INFO  handler.ContextHandler (ContextHandler.java:doStart(781)) - Started o.e.j.s.ServletContextHandler@3c87fdf2{/logs,file:///workdir/hadoop-ozone/integration-test/target/log,AVAILABLE}
2019-09-18 22:20:59,955 [main] INFO  handler.ContextHandler (ContextHandler.java:doStart(781)) - Started o.e.j.s.ServletContextHandler@fe34b86{/static,jar:file:/home/user/.m2/repository/org/apache/hadoop/hadoop-hdds-container-service/0.5.0-SNAPSHOT/hadoop-hdds-container-service-0.5.0-SNAPSHOT.jar!/webapps/static,AVAILABLE}
2019-09-18 22:20:59,984 [main] INFO  handler.ContextHandler (ContextHandler.java:doStart(781)) - Started o.e.j.w.WebAppContext@178f268a{/,file:///tmp/jetty-0.0.0.0-35474-hddsDatanode-_-any-1434294435034882433.dir/webapp/,AVAILABLE}{/hddsDatanode}
2019-09-18 22:20:59,984 [main] INFO  server.AbstractConnector (AbstractConnector.java:doStart(278)) - Started ServerConnector@33ecbd6c{HTTP/1.1,[http/1.1]}{0.0.0.0:35474}
2019-09-18 22:20:59,985 [main] INFO  server.Server (Server.java:doStart(419)) - Started @5700ms
2019-09-18 22:20:59,986 [main] WARN  impl.MetricsSystemImpl (MetricsSystemImpl.java:register(276)) - Sink prometheus already exists!
2019-09-18 22:20:59,987 [main] INFO  server.BaseHttpServer (BaseHttpServer.java:updateConnectorAddress(215)) - HTTP server of HDDSDATANODE is listening at http://0.0.0.0:35474
2019-09-18 22:20:59,987 [main] INFO  impl.MetricsSystemImpl (MetricsSystemImpl.java:init(158)) - HddsDatanode metrics system started (again)
2019-09-18 22:20:59,991 [main] INFO  ozone.HddsDatanodeService (HddsDatanodeService.java:start(184)) - HddsDatanodeService host:pr-hdds-2150-pzdq9-4118776691 ip:192.168.34.27
2019-09-18 22:20:59,991 [org.apache.hadoop.util.JvmPauseMonitor$Monitor@6513e635] INFO  util.JvmPauseMonitor (JvmPauseMonitor.java:run(188)) - Starting JVM pause monitor
2019-09-18 22:20:59,999 [main] INFO  volume.HddsVolume (HddsVolume.java:<init>(176)) - Creating Volume: /workdir/hadoop-ozone/integration-test/target/test-dir/MiniOzoneClusterImpl-49dd8ba2-f96b-4b94-abc6-9d4cf1b6af53/datanode-2/data/containers/hdds of  storage type : DISK and capacity : 1482555576320
2019-09-18 22:21:00,000 [main] INFO  volume.VolumeSet (VolumeSet.java:initializeVolumeSet(170)) - Added Volume : /workdir/hadoop-ozone/integration-test/target/test-dir/MiniOzoneClusterImpl-49dd8ba2-f96b-4b94-abc6-9d4cf1b6af53/datanode-2/data/containers/hdds to VolumeSet
2019-09-18 22:21:00,000 [main] INFO  volume.ThrottledAsyncChecker (ThrottledAsyncChecker.java:schedule(139)) - Scheduling a check for org.apache.hadoop.ozone.container.common.volume.HddsVolume@348ad293
2019-09-18 22:21:00,001 [main] INFO  volume.HddsVolumeChecker (HddsVolumeChecker.java:checkAllVolumes(202)) - Scheduled health check for volume org.apache.hadoop.ozone.container.common.volume.HddsVolume@348ad293
2019-09-18 22:21:00,013 [main] INFO  impl.RaftServerProxy (ConfUtils.java:logGet(43)) - raft.rpc.type = GRPC (default)
2019-09-18 22:21:00,013 [main] INFO  grpc.GrpcFactory (GrpcFactory.java:checkPooledByteBufAllocatorUseCacheForAllThreads(45)) - PERFORMANCE WARNING: useCacheForAllThreads is true that may cause Netty to create a lot garbage objects and, as a result, trigger GC.
	It is recommended to disable useCacheForAllThreads by setting -Dorg.apache.ratis.thirdparty.io.netty.allocator.useCacheForAllThreads=false in command line.
2019-09-18 22:21:00,013 [main] INFO  grpc.GrpcConfigKeys$Server (ConfUtils.java:logGet(43)) - raft.grpc.server.port = 0 (default)
2019-09-18 22:21:00,014 [main] INFO  server.GrpcService (ConfUtils.java:logGet(43)) - raft.grpc.message.size.max = 33570816 (custom)
2019-09-18 22:21:00,014 [main] INFO  server.RaftServerConfigKeys (ConfUtils.java:logGet(43)) - raft.server.log.appender.buffer.byte-limit = 33554432 (custom)
2019-09-18 22:21:00,014 [main] INFO  server.GrpcService (ConfUtils.java:logGet(43)) - raft.grpc.flow.control.window = 1MB (=1048576) (default)
2019-09-18 22:21:00,014 [main] INFO  server.RaftServerConfigKeys (ConfUtils.java:logGet(43)) - raft.server.rpc.request.timeout = 3000ms (default)
2019-09-18 22:21:00,015 [main] INFO  server.RaftServerConfigKeys (ConfUtils.java:logGet(43)) - raft.server.storage.dir = [/workdir/hadoop-ozone/integration-test/target/test-dir/MiniOzoneClusterImpl-49dd8ba2-f96b-4b94-abc6-9d4cf1b6af53/datanode-2/data/ratis] (custom)
2019-09-18 22:21:00,016 [main] INFO  hdfs.DFSUtil (DFSUtil.java:httpServerTemplateForNNAndJN(1641)) - Starting Web-server for hddsDatanode at: http://0.0.0.0:0
2019-09-18 22:21:00,018 [main] INFO  server.AuthenticationFilter (AuthenticationFilter.java:constructSecretProvider(240)) - Unable to initialize FileSignerSecretProvider, falling back to use random secrets.
2019-09-18 22:21:00,018 [main] WARN  http.HttpRequestLog (HttpRequestLog.java:getRequestLog(97)) - Jetty request log can only be enabled using Log4j
2019-09-18 22:21:00,019 [main] INFO  http.HttpServer2 (HttpServer2.java:addGlobalFilter(975)) - Added global filter 'safety' (class=org.apache.hadoop.http.HttpServer2$QuotingInputFilter)
2019-09-18 22:21:00,020 [main] INFO  http.HttpServer2 (HttpServer2.java:addFilter(948)) - Added filter static_user_filter (class=org.apache.hadoop.http.lib.StaticUserWebFilter$StaticUserFilter) to context hddsDatanode
2019-09-18 22:21:00,020 [main] INFO  http.HttpServer2 (HttpServer2.java:addFilter(958)) - Added filter static_user_filter (class=org.apache.hadoop.http.lib.StaticUserWebFilter$StaticUserFilter) to context static
2019-09-18 22:21:00,020 [main] INFO  http.HttpServer2 (HttpServer2.java:addFilter(958)) - Added filter static_user_filter (class=org.apache.hadoop.http.lib.StaticUserWebFilter$StaticUserFilter) to context logs
2019-09-18 22:21:00,021 [main] INFO  http.HttpServer2 (HttpServer2.java:bindListener(1191)) - Jetty bound to port 40692
2019-09-18 22:21:00,021 [main] INFO  server.Server (Server.java:doStart(351)) - jetty-9.3.25.v20180904, build timestamp: 2018-09-04T21:11:46Z, git hash: 3ce520221d0240229c862b122d2b06c12a625732
2019-09-18 22:21:00,024 [main] INFO  handler.ContextHandler (ContextHandler.java:doStart(781)) - Started o.e.j.s.ServletContextHandler@9b9a327{/logs,file:///workdir/hadoop-ozone/integration-test/target/log,AVAILABLE}
2019-09-18 22:21:00,024 [main] INFO  handler.ContextHandler (ContextHandler.java:doStart(781)) - Started o.e.j.s.ServletContextHandler@358ab600{/static,jar:file:/home/user/.m2/repository/org/apache/hadoop/hadoop-hdds-container-service/0.5.0-SNAPSHOT/hadoop-hdds-container-service-0.5.0-SNAPSHOT.jar!/webapps/static,AVAILABLE}
2019-09-18 22:21:00,029 [Datanode State Machine Thread - 0] INFO  datanode.InitDatanodeState (InitDatanodeState.java:persistContainerDatanodeDetails(140)) - DatanodeDetails is persisted to /workdir/hadoop-ozone/integration-test/target/test-dir/MiniOzoneClusterImpl-49dd8ba2-f96b-4b94-abc6-9d4cf1b6af53/datanode-0/meta/datanode.id
2019-09-18 22:21:00,035 [Datanode State Machine Thread - 0] INFO  datanode.InitDatanodeState (InitDatanodeState.java:persistContainerDatanodeDetails(140)) - DatanodeDetails is persisted to /workdir/hadoop-ozone/integration-test/target/test-dir/MiniOzoneClusterImpl-49dd8ba2-f96b-4b94-abc6-9d4cf1b6af53/datanode-1/meta/datanode.id
2019-09-18 22:21:00,054 [main] INFO  handler.ContextHandler (ContextHandler.java:doStart(781)) - Started o.e.j.w.WebAppContext@2c05ff9d{/,file:///tmp/jetty-0.0.0.0-40692-hddsDatanode-_-any-7912741140594910014.dir/webapp/,AVAILABLE}{/hddsDatanode}
2019-09-18 22:21:00,054 [main] INFO  server.AbstractConnector (AbstractConnector.java:doStart(278)) - Started ServerConnector@33956d1a{HTTP/1.1,[http/1.1]}{0.0.0.0:40692}
2019-09-18 22:21:00,055 [main] INFO  server.Server (Server.java:doStart(419)) - Started @5770ms
2019-09-18 22:21:00,056 [main] WARN  impl.MetricsSystemImpl (MetricsSystemImpl.java:register(276)) - Sink prometheus already exists!
2019-09-18 22:21:00,057 [main] INFO  server.BaseHttpServer (BaseHttpServer.java:updateConnectorAddress(215)) - HTTP server of HDDSDATANODE is listening at http://0.0.0.0:40692
2019-09-18 22:21:00,059 [main] INFO  ozone.MiniOzoneClusterImpl (MiniOzoneClusterImpl.java:lambda$waitForClusterToBeReady$0(145)) - Waiting for cluster to be ready. Got 0 of 3 DN Heartbeats.
2019-09-18 22:21:00,060 [org.apache.hadoop.util.JvmPauseMonitor$Monitor@21032686] INFO  util.JvmPauseMonitor (JvmPauseMonitor.java:run(188)) - Starting JVM pause monitor
2019-09-18 22:21:00,062 [Datanode State Machine Thread - 0] INFO  datanode.InitDatanodeState (InitDatanodeState.java:persistContainerDatanodeDetails(140)) - DatanodeDetails is persisted to /workdir/hadoop-ozone/integration-test/target/test-dir/MiniOzoneClusterImpl-49dd8ba2-f96b-4b94-abc6-9d4cf1b6af53/datanode-2/meta/datanode.id
2019-09-18 22:21:00,352 [Thread-95] INFO  impl.FollowerState (FollowerState.java:run(106)) - 1279626d-5300-4baf-a6ee-5aaf74dfb185:group-C5BA1605619E changes to CANDIDATE, lastRpcTime:1159, electionTimeout:1158ms
2019-09-18 22:21:00,355 [Thread-95] INFO  impl.RoleInfo (RoleInfo.java:shutdownFollowerState(121)) - 1279626d-5300-4baf-a6ee-5aaf74dfb185: shutdown FollowerState
2019-09-18 22:21:00,356 [Thread-95] INFO  impl.RaftServerImpl (RaftServerImpl.java:setRole(174)) - 1279626d-5300-4baf-a6ee-5aaf74dfb185@group-C5BA1605619E: changes role from  FOLLOWER to CANDIDATE at term 0 for changeToCandidate
2019-09-18 22:21:00,358 [Thread-95] INFO  impl.RoleInfo (RoleInfo.java:updateAndGet(143)) - 1279626d-5300-4baf-a6ee-5aaf74dfb185: start LeaderElection
2019-09-18 22:21:00,390 [1279626d-5300-4baf-a6ee-5aaf74dfb185@group-C5BA1605619E:LeaderElection1] INFO  impl.LeaderElection (LeaderElection.java:askForVotes(182)) - 1279626d-5300-4baf-a6ee-5aaf74dfb185@group-C5BA1605619E:LeaderElection1: begin an election at term 1 for -1: [1279626d-5300-4baf-a6ee-5aaf74dfb185:localhost:9872], old=null
2019-09-18 22:21:00,392 [1279626d-5300-4baf-a6ee-5aaf74dfb185@group-C5BA1605619E:LeaderElection1] INFO  impl.RoleInfo (RoleInfo.java:shutdownLeaderElection(134)) - 1279626d-5300-4baf-a6ee-5aaf74dfb185: shutdown LeaderElection
2019-09-18 22:21:00,393 [1279626d-5300-4baf-a6ee-5aaf74dfb185@group-C5BA1605619E:LeaderElection1] INFO  impl.RaftServerImpl (RaftServerImpl.java:setRole(174)) - 1279626d-5300-4baf-a6ee-5aaf74dfb185@group-C5BA1605619E: changes role from CANDIDATE to LEADER at term 1 for changeToLeader
2019-09-18 22:21:00,393 [1279626d-5300-4baf-a6ee-5aaf74dfb185@group-C5BA1605619E:LeaderElection1] INFO  impl.RaftServerImpl (ServerState.java:setLeader(253)) - 1279626d-5300-4baf-a6ee-5aaf74dfb185@group-C5BA1605619E: change Leader from null to 1279626d-5300-4baf-a6ee-5aaf74dfb185 at term 1 for becomeLeader, leader elected after 1348ms
2019-09-18 22:21:00,401 [1279626d-5300-4baf-a6ee-5aaf74dfb185@group-C5BA1605619E:LeaderElection1] INFO  server.RaftServerConfigKeys (ConfUtils.java:logGet(43)) - raft.server.staging.catchup.gap = 1000 (default)
2019-09-18 22:21:00,402 [1279626d-5300-4baf-a6ee-5aaf74dfb185@group-C5BA1605619E:LeaderElection1] INFO  server.RaftServerConfigKeys (ConfUtils.java:logGet(43)) - raft.server.rpc.sleep.time = 25ms (default)
2019-09-18 22:21:00,405 [1279626d-5300-4baf-a6ee-5aaf74dfb185@group-C5BA1605619E:LeaderElection1] INFO  server.RaftServerConfigKeys (ConfUtils.java:logGet(43)) - raft.server.write.element-limit = 4096 (default)
2019-09-18 22:21:00,408 [1279626d-5300-4baf-a6ee-5aaf74dfb185@group-C5BA1605619E:LeaderElection1] INFO  server.RaftServerConfigKeys (ConfUtils.java:logGet(43)) - raft.server.watch.timeout = 10s (default)
2019-09-18 22:21:00,408 [1279626d-5300-4baf-a6ee-5aaf74dfb185@group-C5BA1605619E:LeaderElection1] INFO  server.RaftServerConfigKeys (ConfUtils.java:logGet(43)) - raft.server.watch.timeout.denomination = 1s (default)
2019-09-18 22:21:00,410 [1279626d-5300-4baf-a6ee-5aaf74dfb185@group-C5BA1605619E:LeaderElection1] INFO  server.RaftServerConfigKeys (ConfUtils.java:logGet(43)) - raft.server.watch.element-limit = 65536 (default)
2019-09-18 22:21:00,447 [1279626d-5300-4baf-a6ee-5aaf74dfb185@group-C5BA1605619E:LeaderElection1] INFO  impl.RoleInfo (RoleInfo.java:updateAndGet(143)) - 1279626d-5300-4baf-a6ee-5aaf74dfb185: start LeaderState
2019-09-18 22:21:00,476 [1279626d-5300-4baf-a6ee-5aaf74dfb185@group-C5BA1605619E:LeaderElection1] INFO  segmented.SegmentedRaftLogWorker (SegmentedRaftLogWorker.java:startLogSegment(380)) - 1279626d-5300-4baf-a6ee-5aaf74dfb185@group-C5BA1605619E-SegmentedRaftLogWorker: Starting segment from index:0
2019-09-18 22:21:00,496 [1279626d-5300-4baf-a6ee-5aaf74dfb185@group-C5BA1605619E:LeaderElection1] INFO  impl.RaftServerImpl (ServerState.java:setRaftConf(354)) - 1279626d-5300-4baf-a6ee-5aaf74dfb185@group-C5BA1605619E: set configuration 0: [1279626d-5300-4baf-a6ee-5aaf74dfb185:localhost:9872], old=null at 0
2019-09-18 22:21:00,675 [1279626d-5300-4baf-a6ee-5aaf74dfb185@group-C5BA1605619E-SegmentedRaftLogWorker] INFO  segmented.SegmentedRaftLogWorker (SegmentedRaftLogWorker.java:execute(569)) - 1279626d-5300-4baf-a6ee-5aaf74dfb185@group-C5BA1605619E-SegmentedRaftLogWorker: created new log segment /workdir/hadoop-ozone/integration-test/target/test-dir/MiniOzoneClusterImpl-49dd8ba2-f96b-4b94-abc6-9d4cf1b6af53/ozone-meta/ratis/bf265839-605b-3f16-9796-c5ba1605619e/current/log_inprogress_0
2019-09-18 22:21:01,060 [main] INFO  ozone.MiniOzoneClusterImpl (MiniOzoneClusterImpl.java:lambda$waitForClusterToBeReady$0(145)) - Waiting for cluster to be ready. Got 0 of 3 DN Heartbeats.
2019-09-18 22:21:01,980 [Datanode State Machine Thread - 0] INFO  ozoneimpl.OzoneContainer (OzoneContainer.java:start(217)) - Attempting to start container services.
2019-09-18 22:21:01,983 [Datanode State Machine Thread - 0] INFO  ozoneimpl.OzoneContainer (OzoneContainer.java:startContainerScrub(179)) - Background container scanner has been disabled.
2019-09-18 22:21:01,983 [Datanode State Machine Thread - 0] INFO  ratis.XceiverServerRatis (XceiverServerRatis.java:start(411)) - Starting XceiverServerRatis f880858e-e0c8-4e2f-9ec0-7abd399f8072 at port 0
2019-09-18 22:21:01,991 [Datanode State Machine Thread - 0] INFO  impl.RaftServerProxy (RaftServerProxy.java:lambda$start$3(299)) - f880858e-e0c8-4e2f-9ec0-7abd399f8072: start RPC server
2019-09-18 22:21:01,996 [Datanode State Machine Thread - 0] INFO  server.GrpcService (GrpcService.java:startImpl(158)) - f880858e-e0c8-4e2f-9ec0-7abd399f8072: GrpcService started, listening on 0.0.0.0/0.0.0.0:33474
2019-09-18 22:21:01,997 [Datanode State Machine Thread - 0] INFO  ratis.XceiverServerRatis (XceiverServerRatis.java:start(421)) - XceiverServerRatis f880858e-e0c8-4e2f-9ec0-7abd399f8072 is started using port 33474
2019-09-18 22:21:02,000 [Datanode State Machine Thread - 0] INFO  server.XceiverServerGrpc (XceiverServerGrpc.java:start(163)) - XceiverServerGrpc f880858e-e0c8-4e2f-9ec0-7abd399f8072 is started using port 42808
2019-09-18 22:21:02,010 [Datanode State Machine Thread - 0] INFO  ozoneimpl.OzoneContainer (OzoneContainer.java:start(217)) - Attempting to start container services.
2019-09-18 22:21:02,015 [Datanode State Machine Thread - 0] INFO  ozoneimpl.OzoneContainer (OzoneContainer.java:startContainerScrub(179)) - Background container scanner has been disabled.
2019-09-18 22:21:02,015 [Datanode State Machine Thread - 0] INFO  ratis.XceiverServerRatis (XceiverServerRatis.java:start(411)) - Starting XceiverServerRatis 0dd2ac99-5c17-4c27-b133-7ad7e7c0cb8c at port 0
2019-09-18 22:21:02,023 [Datanode State Machine Thread - 0] INFO  impl.RaftServerProxy (RaftServerProxy.java:lambda$start$3(299)) - 0dd2ac99-5c17-4c27-b133-7ad7e7c0cb8c: start RPC server
2019-09-18 22:21:02,025 [Datanode State Machine Thread - 0] INFO  server.GrpcService (GrpcService.java:startImpl(158)) - 0dd2ac99-5c17-4c27-b133-7ad7e7c0cb8c: GrpcService started, listening on 0.0.0.0/0.0.0.0:35327
2019-09-18 22:21:02,025 [Datanode State Machine Thread - 0] INFO  ratis.XceiverServerRatis (XceiverServerRatis.java:start(421)) - XceiverServerRatis 0dd2ac99-5c17-4c27-b133-7ad7e7c0cb8c is started using port 35327
2019-09-18 22:21:02,027 [Datanode State Machine Thread - 0] INFO  server.XceiverServerGrpc (XceiverServerGrpc.java:start(163)) - XceiverServerGrpc 0dd2ac99-5c17-4c27-b133-7ad7e7c0cb8c is started using port 45048
2019-09-18 22:21:02,060 [main] INFO  ozone.MiniOzoneClusterImpl (MiniOzoneClusterImpl.java:lambda$waitForClusterToBeReady$0(145)) - Waiting for cluster to be ready. Got 0 of 3 DN Heartbeats.
2019-09-18 22:21:02,075 [Datanode State Machine Thread - 0] INFO  ozoneimpl.OzoneContainer (OzoneContainer.java:start(217)) - Attempting to start container services.
2019-09-18 22:21:02,077 [Datanode State Machine Thread - 0] INFO  ozoneimpl.OzoneContainer (OzoneContainer.java:startContainerScrub(179)) - Background container scanner has been disabled.
2019-09-18 22:21:02,077 [Datanode State Machine Thread - 0] INFO  ratis.XceiverServerRatis (XceiverServerRatis.java:start(411)) - Starting XceiverServerRatis 44c98fd3-5215-47c9-acf7-a0fea8b00f2c at port 0
2019-09-18 22:21:02,085 [Datanode State Machine Thread - 0] INFO  impl.RaftServerProxy (RaftServerProxy.java:lambda$start$3(299)) - 44c98fd3-5215-47c9-acf7-a0fea8b00f2c: start RPC server
2019-09-18 22:21:02,088 [Datanode State Machine Thread - 0] INFO  server.GrpcService (GrpcService.java:startImpl(158)) - 44c98fd3-5215-47c9-acf7-a0fea8b00f2c: GrpcService started, listening on 0.0.0.0/0.0.0.0:38312
2019-09-18 22:21:02,088 [Datanode State Machine Thread - 0] INFO  ratis.XceiverServerRatis (XceiverServerRatis.java:start(421)) - XceiverServerRatis 44c98fd3-5215-47c9-acf7-a0fea8b00f2c is started using port 38312
2019-09-18 22:21:02,090 [Datanode State Machine Thread - 0] INFO  server.XceiverServerGrpc (XceiverServerGrpc.java:start(163)) - XceiverServerGrpc 44c98fd3-5215-47c9-acf7-a0fea8b00f2c is started using port 41749
2019-09-18 22:21:03,062 [main] INFO  ozone.MiniOzoneClusterImpl (MiniOzoneClusterImpl.java:lambda$waitForClusterToBeReady$0(145)) - Waiting for cluster to be ready. Got 0 of 3 DN Heartbeats.
2019-09-18 22:21:03,961 [IPC Server handler 0 on 35859] INFO  net.NetworkTopology (NetworkTopologyImpl.java:add(111)) - Added a new node: /default-rack/f880858e-e0c8-4e2f-9ec0-7abd399f8072
2019-09-18 22:21:03,962 [IPC Server handler 0 on 35859] INFO  node.SCMNodeManager (SCMNodeManager.java:register(266)) - Registered Data node : f880858e-e0c8-4e2f-9ec0-7abd399f8072{ip: 192.168.34.27, host: pr-hdds-2150-pzdq9-4118776691, networkLocation: /default-rack, certSerialId: null}
2019-09-18 22:21:03,965 [EventQueue-NodeRegistrationContainerReportForDataNodeSafeModeRule] INFO  safemode.SCMSafeModeManager (DataNodeSafeModeRule.java:process(71)) - SCM in safe mode. 1 DataNodes registered, 1 required.
2019-09-18 22:21:03,965 [EventQueue-NodeRegistrationContainerReportForDataNodeSafeModeRule] INFO  safemode.SCMSafeModeManager (SCMSafeModeManager.java:validateSafeModeExitRules(177)) - ScmSafeModeManager, all rules are successfully validated
2019-09-18 22:21:03,965 [EventQueue-NodeRegistrationContainerReportForDataNodeSafeModeRule] INFO  safemode.SCMSafeModeManager (SCMSafeModeManager.java:exitSafeMode(193)) - SCM exiting safe mode.
2019-09-18 22:21:03,993 [IPC Server handler 1 on 35859] INFO  net.NetworkTopology (NetworkTopologyImpl.java:add(111)) - Added a new node: /default-rack/0dd2ac99-5c17-4c27-b133-7ad7e7c0cb8c
2019-09-18 22:21:03,993 [IPC Server handler 1 on 35859] INFO  node.SCMNodeManager (SCMNodeManager.java:register(266)) - Registered Data node : 0dd2ac99-5c17-4c27-b133-7ad7e7c0cb8c{ip: 192.168.34.27, host: pr-hdds-2150-pzdq9-4118776691, networkLocation: /default-rack, certSerialId: null}
2019-09-18 22:21:04,062 [IPC Server handler 3 on 35859] INFO  net.NetworkTopology (NetworkTopologyImpl.java:add(111)) - Added a new node: /default-rack/44c98fd3-5215-47c9-acf7-a0fea8b00f2c
2019-09-18 22:21:04,062 [main] INFO  ozone.MiniOzoneClusterImpl (MiniOzoneClusterImpl.java:lambda$waitForClusterToBeReady$0(145)) - Cluster is ready. Got 3 of 3 DN Heartbeats.
2019-09-18 22:21:04,063 [IPC Server handler 3 on 35859] INFO  node.SCMNodeManager (SCMNodeManager.java:register(266)) - Registered Data node : 44c98fd3-5215-47c9-acf7-a0fea8b00f2c{ip: 192.168.34.27, host: pr-hdds-2150-pzdq9-4118776691, networkLocation: /default-rack, certSerialId: null}
2019-09-18 22:21:04,241 [main] INFO  ozone.MiniOzoneClusterImpl (MiniOzoneClusterImpl.java:shutdown(312)) - Shutting down the Mini Ozone Cluster
2019-09-18 22:21:04,243 [main] INFO  ozone.MiniOzoneClusterImpl (MiniOzoneClusterImpl.java:stop(327)) - Stopping the Mini Ozone Cluster
2019-09-18 22:21:04,243 [main] INFO  ozone.MiniOzoneClusterImpl (MiniOzoneClusterImpl.java:stop(329)) - Stopping the OzoneManager
2019-09-18 22:21:04,243 [main] INFO  ipc.Server (Server.java:stop(3082)) - Stopping server on 45843
2019-09-18 22:21:04,254 [IPC Server listener on 45843] INFO  ipc.Server (Server.java:run(1185)) - Stopping IPC Server listener on 45843
2019-09-18 22:21:04,260 [IPC Server Responder] INFO  ipc.Server (Server.java:run(1319)) - Stopping IPC Server Responder
2019-09-18 22:21:04,263 [main] INFO  impl.RaftServerProxy (RaftServerProxy.java:lambda$close$4(314)) - 1279626d-5300-4baf-a6ee-5aaf74dfb185: close
2019-09-18 22:21:04,266 [main] INFO  impl.RaftServerImpl (RaftServerImpl.java:lambda$shutdown$3(251)) - 1279626d-5300-4baf-a6ee-5aaf74dfb185@group-C5BA1605619E: shutdown
2019-09-18 22:21:04,266 [main] INFO  util.JmxRegister (JmxRegister.java:unregister(73)) - Successfully un-registered JMX Bean with object name Ratis:service=RaftServer,group=group-C5BA1605619E,id=1279626d-5300-4baf-a6ee-5aaf74dfb185
2019-09-18 22:21:04,267 [main] INFO  impl.RoleInfo (RoleInfo.java:shutdownLeaderState(104)) - 1279626d-5300-4baf-a6ee-5aaf74dfb185: shutdown LeaderState
2019-09-18 22:21:04,276 [main] INFO  impl.PendingRequests (PendingRequests.java:sendNotLeaderResponses(202)) - 1279626d-5300-4baf-a6ee-5aaf74dfb185-PendingRequests: sendNotLeaderResponses
2019-09-18 22:21:04,293 [main] INFO  impl.StateMachineUpdater (StateMachineUpdater.java:stopAndJoin(125)) - 1279626d-5300-4baf-a6ee-5aaf74dfb185@group-C5BA1605619E-StateMachineUpdater: set stopIndex = 0
2019-09-18 22:21:04,294 [1279626d-5300-4baf-a6ee-5aaf74dfb185@group-C5BA1605619E-StateMachineUpdater] INFO  ratis.OzoneManagerStateMachine (OzoneManagerStateMachine.java:takeSnapshot(254)) - Saving Ratis snapshot on the OM.
2019-09-18 22:21:04,302 [1279626d-5300-4baf-a6ee-5aaf74dfb185@group-C5BA1605619E-StateMachineUpdater] INFO  ratis.OMRatisSnapshotInfo (OMRatisSnapshotInfo.java:saveRatisSnapshotToDisk(107)) - Saved Ratis Snapshot on the OM with snapshotIndex -1
2019-09-18 22:21:04,304 [1279626d-5300-4baf-a6ee-5aaf74dfb185@group-C5BA1605619E-StateMachineUpdater] INFO  ratis.OzoneManagerStateMachine (OzoneManagerStateMachine.java:takeSnapshot(254)) - Saving Ratis snapshot on the OM.
2019-09-18 22:21:04,305 [1279626d-5300-4baf-a6ee-5aaf74dfb185@group-C5BA1605619E-StateMachineUpdater] INFO  ratis.OMRatisSnapshotInfo (OMRatisSnapshotInfo.java:saveRatisSnapshotToDisk(107)) - Saved Ratis Snapshot on the OM with snapshotIndex -1
2019-09-18 22:21:04,305 [main] INFO  impl.RaftServerImpl (ServerState.java:close(385)) - 1279626d-5300-4baf-a6ee-5aaf74dfb185@group-C5BA1605619E: closes. applyIndex: 0
2019-09-18 22:21:04,307 [1279626d-5300-4baf-a6ee-5aaf74dfb185@group-C5BA1605619E-SegmentedRaftLogWorker] INFO  segmented.SegmentedRaftLogWorker (SegmentedRaftLogWorker.java:run(313)) - 1279626d-5300-4baf-a6ee-5aaf74dfb185@group-C5BA1605619E-SegmentedRaftLogWorker was interrupted, exiting. There are 0 tasks remaining in the queue.
2019-09-18 22:21:04,308 [main] INFO  segmented.SegmentedRaftLogWorker (SegmentedRaftLogWorker.java:close(228)) - 1279626d-5300-4baf-a6ee-5aaf74dfb185@group-C5BA1605619E-SegmentedRaftLogWorker close()
2019-09-18 22:21:04,312 [main] INFO  server.GrpcService (GrpcService.java:closeImpl(164)) - 1279626d-5300-4baf-a6ee-5aaf74dfb185: shutdown server with port 9872 now
2019-09-18 22:21:04,320 [main] INFO  server.GrpcService (GrpcService.java:closeImpl(172)) - 1279626d-5300-4baf-a6ee-5aaf74dfb185: shutdown server with port 9872 successfully
2019-09-18 22:21:04,321 [main] INFO  ratis.OzoneManagerDoubleBuffer (OzoneManagerDoubleBuffer.java:stop(248)) - Stopping OMDoubleBuffer flush thread
2019-09-18 22:21:04,321 [OMDoubleBufferFlushThread] INFO  ratis.OzoneManagerDoubleBuffer (OzoneManagerDoubleBuffer.java:flushTransactions(191)) - OMDoubleBuffer flush thread OMDoubleBufferFlushThread is interrupted and will exit. OMDoubleBufferFlushThread
2019-09-18 22:21:04,323 [main] INFO  utils.BackgroundService (BackgroundService.java:shutdown(148)) - Shutting down service KeyDeletingService
2019-09-18 22:21:04,326 [main] INFO  handler.ContextHandler (ContextHandler.java:doStop(910)) - Stopped o.e.j.w.WebAppContext@64f1fd08{/,null,UNAVAILABLE}{/ozoneManager}
2019-09-18 22:21:04,331 [main] INFO  server.AbstractConnector (AbstractConnector.java:doStop(318)) - Stopped ServerConnector@6b3f6585{HTTP/1.1,[http/1.1]}{0.0.0.0:0}
2019-09-18 22:21:04,331 [main] INFO  handler.ContextHandler (ContextHandler.java:doStop(910)) - Stopped o.e.j.s.ServletContextHandler@481e91b6{/static,file:///workdir/hadoop-ozone/integration-test/target/test-classes/webapps/static,UNAVAILABLE}
2019-09-18 22:21:04,331 [main] INFO  handler.ContextHandler (ContextHandler.java:doStop(910)) - Stopped o.e.j.s.ServletContextHandler@6631cb64{/logs,file:///workdir/hadoop-ozone/integration-test/target/log,UNAVAILABLE}
2019-09-18 22:21:04,334 [main] INFO  ozone.MiniOzoneClusterImpl (MiniOzoneClusterImpl.java:stop(335)) - Shutting the HddsDatanodes
2019-09-18 22:21:04,407 [grpc-default-executor-0] INFO  impl.RaftServerProxy (RaftServerProxy.java:addNew(89)) - f880858e-e0c8-4e2f-9ec0-7abd399f8072: addNew group-648586FC7D4A:[f880858e-e0c8-4e2f-9ec0-7abd399f8072:192.168.34.27:33474] returns group-648586FC7D4A:java.util.concurrent.CompletableFuture@79cebca0[Not completed]
2019-09-18 22:21:04,416 [pool-32-thread-1] INFO  impl.RaftServerImpl (RaftServerImpl.java:<init>(95)) - f880858e-e0c8-4e2f-9ec0-7abd399f8072: new RaftServerImpl for group-648586FC7D4A:[f880858e-e0c8-4e2f-9ec0-7abd399f8072:192.168.34.27:33474] with ContainerStateMachine:uninitialized
2019-09-18 22:21:04,418 [pool-32-thread-1] INFO  server.RaftServerConfigKeys (ConfUtils.java:logGet(43)) - raft.server.rpc.timeout.min = 5s (custom)
2019-09-18 22:21:04,418 [pool-32-thread-1] INFO  server.RaftServerConfigKeys (ConfUtils.java:logGet(43)) - raft.server.rpc.timeout.max = 5200ms (custom)
2019-09-18 22:21:04,418 [pool-32-thread-1] INFO  server.RaftServerConfigKeys (ConfUtils.java:logGet(43)) - raft.server.rpcslowness.timeout = 120s (custom)
2019-09-18 22:21:04,418 [pool-32-thread-1] INFO  server.RaftServerConfigKeys (ConfUtils.java:logGet(43)) - raft.server.sleep.deviation.threshold = 300 (default)
2019-09-18 22:21:04,418 [pool-32-thread-1] INFO  server.RaftServerConfigKeys (ConfUtils.java:logGet(43)) - raft.server.log.appender.install.snapshot.enabled = false (custom)
2019-09-18 22:21:04,419 [pool-32-thread-1] INFO  impl.RaftServerImpl (ServerState.java:<init>(103)) - f880858e-e0c8-4e2f-9ec0-7abd399f8072@group-648586FC7D4A: ConfigurationManager, init=-1: [f880858e-e0c8-4e2f-9ec0-7abd399f8072:192.168.34.27:33474], old=null, confs=<EMPTY_MAP>
2019-09-18 22:21:04,419 [pool-32-thread-1] INFO  server.RaftServerConfigKeys (ConfUtils.java:logGet(43)) - raft.server.storage.dir = [/workdir/hadoop-ozone/integration-test/target/test-dir/MiniOzoneClusterImpl-49dd8ba2-f96b-4b94-abc6-9d4cf1b6af53/datanode-0/data/ratis] (custom)
2019-09-18 22:21:04,419 [pool-32-thread-1] INFO  storage.RaftStorageDirectory (RaftStorageDirectory.java:analyzeStorage(246)) - The storage directory /workdir/hadoop-ozone/integration-test/target/test-dir/MiniOzoneClusterImpl-49dd8ba2-f96b-4b94-abc6-9d4cf1b6af53/datanode-0/data/ratis/90ef272e-43b7-468b-a1da-648586fc7d4a does not exist. Creating ...
2019-09-18 22:21:04,433 [pool-32-thread-1] INFO  storage.RaftStorageDirectory (RaftStorageDirectory.java:tryLock(328)) - Lock on /workdir/hadoop-ozone/integration-test/target/test-dir/MiniOzoneClusterImpl-49dd8ba2-f96b-4b94-abc6-9d4cf1b6af53/datanode-0/data/ratis/90ef272e-43b7-468b-a1da-648586fc7d4a/in_use.lock acquired by nodename 29717@pr-hdds-2150-pzdq9-4118776691
2019-09-18 22:21:04,437 [pool-32-thread-1] INFO  storage.RaftStorage (RaftStorage.java:format(72)) - Storage directory /workdir/hadoop-ozone/integration-test/target/test-dir/MiniOzoneClusterImpl-49dd8ba2-f96b-4b94-abc6-9d4cf1b6af53/datanode-0/data/ratis/90ef272e-43b7-468b-a1da-648586fc7d4a has been successfully formatted.
2019-09-18 22:21:04,438 [pool-32-thread-1] INFO  ratis.ContainerStateMachine (ContainerStateMachine.java:loadSnapshot(230)) - group-648586FC7D4A: The snapshot info is null. Setting the last applied indexto:(t:0, i:~)
2019-09-18 22:21:04,438 [pool-32-thread-1] INFO  server.RaftServerConfigKeys (ConfUtils.java:logGet(43)) - raft.server.notification.no-leader.timeout = 120s (custom)
2019-09-18 22:21:04,439 [pool-32-thread-1] INFO  server.RaftServerConfigKeys (ConfUtils.java:logGet(43)) - raft.server.log.use.memory = false (default)
2019-09-18 22:21:04,439 [pool-32-thread-1] INFO  server.RaftServerConfigKeys (ConfUtils.java:logGet(43)) - raft.server.log.purge.gap = 1000000 (custom)
2019-09-18 22:21:04,439 [pool-32-thread-1] INFO  server.RaftServerConfigKeys (ConfUtils.java:logGet(43)) - raft.server.log.appender.buffer.byte-limit = 33554432 (custom)
2019-09-18 22:21:04,439 [pool-32-thread-1] INFO  server.RaftServerConfigKeys (ConfUtils.java:logGet(43)) - raft.server.log.segment.size.max = 1048576 (custom)
2019-09-18 22:21:04,439 [pool-32-thread-1] INFO  server.RaftServerConfigKeys (ConfUtils.java:logGet(43)) - raft.server.log.segment.cache.num.max = 2 (custom)
2019-09-18 22:21:04,439 [pool-32-thread-1] INFO  segmented.SegmentedRaftLogWorker (SegmentedRaftLogWorker.java:<init>(172)) - new f880858e-e0c8-4e2f-9ec0-7abd399f8072@group-648586FC7D4A-SegmentedRaftLogWorker for RaftStorage:Storage Directory /workdir/hadoop-ozone/integration-test/target/test-dir/MiniOzoneClusterImpl-49dd8ba2-f96b-4b94-abc6-9d4cf1b6af53/datanode-0/data/ratis/90ef272e-43b7-468b-a1da-648586fc7d4a
2019-09-18 22:21:04,466 [pool-32-thread-1] INFO  server.RaftServerConfigKeys (ConfUtils.java:logGet(43)) - raft.server.log.queue.byte-limit = 2147483647 (custom)
2019-09-18 22:21:04,466 [pool-32-thread-1] INFO  server.RaftServerConfigKeys (ConfUtils.java:logGet(43)) - raft.server.log.queue.element-limit = 1024 (custom)
2019-09-18 22:21:04,466 [pool-32-thread-1] INFO  server.RaftServerConfigKeys (ConfUtils.java:logGet(43)) - raft.server.log.segment.size.max = 1048576 (custom)
2019-09-18 22:21:04,467 [pool-32-thread-1] INFO  server.RaftServerConfigKeys (ConfUtils.java:logGet(43)) - raft.server.log.preallocated.size = 16384 (custom)
2019-09-18 22:21:04,467 [pool-32-thread-1] INFO  server.RaftServerConfigKeys (ConfUtils.java:logGet(43)) - raft.server.log.write.buffer.size = 33554432 (custom)
2019-09-18 22:21:04,467 [pool-32-thread-1] INFO  server.RaftServerConfigKeys (ConfUtils.java:logGet(43)) - raft.server.log.force.sync.num = 128 (default)
2019-09-18 22:21:04,467 [pool-32-thread-1] INFO  server.RaftServerConfigKeys (ConfUtils.java:logGet(43)) - raft.server.log.statemachine.data.sync = true (default)
2019-09-18 22:21:04,467 [pool-32-thread-1] INFO  server.RaftServerConfigKeys (ConfUtils.java:logGet(43)) - raft.server.log.statemachine.data.sync.timeout = 10s (default)
2019-09-18 22:21:04,467 [pool-32-thread-1] INFO  server.RaftServerConfigKeys (ConfUtils.java:logGet(43)) - raft.server.log.statemachine.data.sync.timeout.retry = -1 (default)
2019-09-18 22:21:04,468 [pool-32-thread-1] INFO  server.RaftServerConfigKeys (ConfUtils.java:logGet(43)) - raft.server.log.statemachine.data.caching.enabled = true (custom)
2019-09-18 22:21:04,468 [pool-32-thread-1] INFO  segmented.SegmentedRaftLogWorker (SegmentedRaftLogWorker.java:lambda$new$0(132)) - f880858e-e0c8-4e2f-9ec0-7abd399f8072@group-648586FC7D4A-SegmentedRaftLogWorker: flushIndex: setUnconditionally 0 -> -1
2019-09-18 22:21:04,469 [pool-32-thread-1] INFO  server.RaftServerConfigKeys (ConfUtils.java:logGet(43)) - raft.server.snapshot.auto.trigger.enabled = true (custom)
2019-09-18 22:21:04,469 [pool-32-thread-1] INFO  server.RaftServerConfigKeys (ConfUtils.java:logGet(43)) - raft.server.snapshot.auto.trigger.threshold = 10000 (custom)
2019-09-18 22:21:04,469 [pool-32-thread-1] INFO  server.RaftServerConfigKeys (ConfUtils.java:logGet(43)) - raft.server.snapshot.retention.num.files = 5 (custom)
2019-09-18 22:21:04,469 [pool-32-thread-1] INFO  server.RaftServerConfigKeys (ConfUtils.java:logGet(43)) - raft.server.retrycache.expirytime = 600000ms (custom)
2019-09-18 22:21:04,474 [pool-32-thread-1] INFO  impl.RaftServerImpl (RaftServerImpl.java:start(185)) - f880858e-e0c8-4e2f-9ec0-7abd399f8072@group-648586FC7D4A: start as a follower, conf=-1: [f880858e-e0c8-4e2f-9ec0-7abd399f8072:192.168.34.27:33474], old=null
2019-09-18 22:21:04,474 [pool-32-thread-1] INFO  impl.RaftServerImpl (RaftServerImpl.java:setRole(174)) - f880858e-e0c8-4e2f-9ec0-7abd399f8072@group-648586FC7D4A: changes role from      null to FOLLOWER at term 0 for startAsFollower
2019-09-18 22:21:04,474 [pool-32-thread-1] INFO  impl.RoleInfo (RoleInfo.java:updateAndGet(143)) - f880858e-e0c8-4e2f-9ec0-7abd399f8072: start FollowerState
2019-09-18 22:21:04,475 [pool-32-thread-1] INFO  util.JmxRegister (JmxRegister.java:tryRegister(44)) - Successfully registered JMX Bean with object name Ratis:service=RaftServer,group=group-648586FC7D4A,id=f880858e-e0c8-4e2f-9ec0-7abd399f8072
2019-09-18 22:21:04,543 [RatisPipelineUtilsThread] INFO  pipeline.PipelineStateManager (PipelineStateManager.java:addPipeline(56)) - Created pipeline Pipeline[ Id: 90ef272e-43b7-468b-a1da-648586fc7d4a, Nodes: f880858e-e0c8-4e2f-9ec0-7abd399f8072{ip: 192.168.34.27, host: pr-hdds-2150-pzdq9-4118776691, networkLocation: /default-rack, certSerialId: null}, Type:RATIS, Factor:ONE, State:OPEN]
2019-09-18 22:21:04,562 [grpc-default-executor-0] INFO  impl.RaftServerProxy (RaftServerProxy.java:addNew(89)) - 0dd2ac99-5c17-4c27-b133-7ad7e7c0cb8c: addNew group-877830D26449:[0dd2ac99-5c17-4c27-b133-7ad7e7c0cb8c:192.168.34.27:35327] returns group-877830D26449:java.util.concurrent.CompletableFuture@5b3ecc61[Not completed]
2019-09-18 22:21:04,574 [pool-42-thread-1] INFO  impl.RaftServerImpl (RaftServerImpl.java:<init>(95)) - 0dd2ac99-5c17-4c27-b133-7ad7e7c0cb8c: new RaftServerImpl for group-877830D26449:[0dd2ac99-5c17-4c27-b133-7ad7e7c0cb8c:192.168.34.27:35327] with ContainerStateMachine:uninitialized
2019-09-18 22:21:04,575 [pool-42-thread-1] INFO  server.RaftServerConfigKeys (ConfUtils.java:logGet(43)) - raft.server.rpc.timeout.min = 5s (custom)
2019-09-18 22:21:04,575 [pool-42-thread-1] INFO  server.RaftServerConfigKeys (ConfUtils.java:logGet(43)) - raft.server.rpc.timeout.max = 5200ms (custom)
2019-09-18 22:21:04,575 [pool-42-thread-1] INFO  server.RaftServerConfigKeys (ConfUtils.java:logGet(43)) - raft.server.rpcslowness.timeout = 120s (custom)
2019-09-18 22:21:04,575 [pool-42-thread-1] INFO  server.RaftServerConfigKeys (ConfUtils.java:logGet(43)) - raft.server.sleep.deviation.threshold = 300 (default)
2019-09-18 22:21:04,575 [pool-42-thread-1] INFO  server.RaftServerConfigKeys (ConfUtils.java:logGet(43)) - raft.server.log.appender.install.snapshot.enabled = false (custom)
2019-09-18 22:21:04,575 [pool-42-thread-1] INFO  impl.RaftServerImpl (ServerState.java:<init>(103)) - 0dd2ac99-5c17-4c27-b133-7ad7e7c0cb8c@group-877830D26449: ConfigurationManager, init=-1: [0dd2ac99-5c17-4c27-b133-7ad7e7c0cb8c:192.168.34.27:35327], old=null, confs=<EMPTY_MAP>
2019-09-18 22:21:04,576 [pool-42-thread-1] INFO  server.RaftServerConfigKeys (ConfUtils.java:logGet(43)) - raft.server.storage.dir = [/workdir/hadoop-ozone/integration-test/target/test-dir/MiniOzoneClusterImpl-49dd8ba2-f96b-4b94-abc6-9d4cf1b6af53/datanode-1/data/ratis] (custom)
2019-09-18 22:21:04,576 [pool-42-thread-1] INFO  storage.RaftStorageDirectory (RaftStorageDirectory.java:analyzeStorage(246)) - The storage directory /workdir/hadoop-ozone/integration-test/target/test-dir/MiniOzoneClusterImpl-49dd8ba2-f96b-4b94-abc6-9d4cf1b6af53/datanode-1/data/ratis/133a190d-d06e-4efb-9138-877830d26449 does not exist. Creating ...
2019-09-18 22:21:04,597 [pool-42-thread-1] INFO  storage.RaftStorageDirectory (RaftStorageDirectory.java:tryLock(328)) - Lock on /workdir/hadoop-ozone/integration-test/target/test-dir/MiniOzoneClusterImpl-49dd8ba2-f96b-4b94-abc6-9d4cf1b6af53/datanode-1/data/ratis/133a190d-d06e-4efb-9138-877830d26449/in_use.lock acquired by nodename 29717@pr-hdds-2150-pzdq9-4118776691
2019-09-18 22:21:04,631 [pool-42-thread-1] INFO  storage.RaftStorage (RaftStorage.java:format(72)) - Storage directory /workdir/hadoop-ozone/integration-test/target/test-dir/MiniOzoneClusterImpl-49dd8ba2-f96b-4b94-abc6-9d4cf1b6af53/datanode-1/data/ratis/133a190d-d06e-4efb-9138-877830d26449 has been successfully formatted.
2019-09-18 22:21:04,631 [pool-42-thread-1] INFO  ratis.ContainerStateMachine (ContainerStateMachine.java:loadSnapshot(230)) - group-877830D26449: The snapshot info is null. Setting the last applied indexto:(t:0, i:~)
2019-09-18 22:21:04,632 [pool-42-thread-1] INFO  server.RaftServerConfigKeys (ConfUtils.java:logGet(43)) - raft.server.notification.no-leader.timeout = 120s (custom)
2019-09-18 22:21:04,632 [pool-42-thread-1] INFO  server.RaftServerConfigKeys (ConfUtils.java:logGet(43)) - raft.server.log.use.memory = false (default)
2019-09-18 22:21:04,632 [pool-42-thread-1] INFO  server.RaftServerConfigKeys (ConfUtils.java:logGet(43)) - raft.server.log.purge.gap = 1000000 (custom)
2019-09-18 22:21:04,632 [pool-42-thread-1] INFO  server.RaftServerConfigKeys (ConfUtils.java:logGet(43)) - raft.server.log.appender.buffer.byte-limit = 33554432 (custom)
2019-09-18 22:21:04,633 [pool-42-thread-1] INFO  server.RaftServerConfigKeys (ConfUtils.java:logGet(43)) - raft.server.log.segment.size.max = 1048576 (custom)
2019-09-18 22:21:04,633 [pool-42-thread-1] INFO  server.RaftServerConfigKeys (ConfUtils.java:logGet(43)) - raft.server.log.segment.cache.num.max = 2 (custom)
2019-09-18 22:21:04,633 [pool-42-thread-1] INFO  segmented.SegmentedRaftLogWorker (SegmentedRaftLogWorker.java:<init>(172)) - new 0dd2ac99-5c17-4c27-b133-7ad7e7c0cb8c@group-877830D26449-SegmentedRaftLogWorker for RaftStorage:Storage Directory /workdir/hadoop-ozone/integration-test/target/test-dir/MiniOzoneClusterImpl-49dd8ba2-f96b-4b94-abc6-9d4cf1b6af53/datanode-1/data/ratis/133a190d-d06e-4efb-9138-877830d26449
2019-09-18 22:21:04,638 [pool-42-thread-1] INFO  server.RaftServerConfigKeys (ConfUtils.java:logGet(43)) - raft.server.log.queue.byte-limit = 2147483647 (custom)
2019-09-18 22:21:04,638 [pool-42-thread-1] INFO  server.RaftServerConfigKeys (ConfUtils.java:logGet(43)) - raft.server.log.queue.element-limit = 1024 (custom)
2019-09-18 22:21:04,638 [pool-42-thread-1] INFO  server.RaftServerConfigKeys (ConfUtils.java:logGet(43)) - raft.server.log.segment.size.max = 1048576 (custom)
2019-09-18 22:21:04,638 [pool-42-thread-1] INFO  server.RaftServerConfigKeys (ConfUtils.java:logGet(43)) - raft.server.log.preallocated.size = 16384 (custom)
2019-09-18 22:21:04,639 [pool-42-thread-1] INFO  server.RaftServerConfigKeys (ConfUtils.java:logGet(43)) - raft.server.log.write.buffer.size = 33554432 (custom)
2019-09-18 22:21:04,639 [pool-42-thread-1] INFO  server.RaftServerConfigKeys (ConfUtils.java:logGet(43)) - raft.server.log.force.sync.num = 128 (default)
2019-09-18 22:21:04,639 [pool-42-thread-1] INFO  server.RaftServerConfigKeys (ConfUtils.java:logGet(43)) - raft.server.log.statemachine.data.sync = true (default)
2019-09-18 22:21:04,639 [pool-42-thread-1] INFO  server.RaftServerConfigKeys (ConfUtils.java:logGet(43)) - raft.server.log.statemachine.data.sync.timeout = 10s (default)
2019-09-18 22:21:04,639 [pool-42-thread-1] INFO  server.RaftServerConfigKeys (ConfUtils.java:logGet(43)) - raft.server.log.statemachine.data.sync.timeout.retry = -1 (default)
2019-09-18 22:21:04,640 [pool-42-thread-1] INFO  server.RaftServerConfigKeys (ConfUtils.java:logGet(43)) - raft.server.log.statemachine.data.caching.enabled = true (custom)
2019-09-18 22:21:04,640 [pool-42-thread-1] INFO  segmented.SegmentedRaftLogWorker (SegmentedRaftLogWorker.java:lambda$new$0(132)) - 0dd2ac99-5c17-4c27-b133-7ad7e7c0cb8c@group-877830D26449-SegmentedRaftLogWorker: flushIndex: setUnconditionally 0 -> -1
2019-09-18 22:21:04,640 [pool-42-thread-1] INFO  server.RaftServerConfigKeys (ConfUtils.java:logGet(43)) - raft.server.snapshot.auto.trigger.enabled = true (custom)
2019-09-18 22:21:04,640 [pool-42-thread-1] INFO  server.RaftServerConfigKeys (ConfUtils.java:logGet(43)) - raft.server.snapshot.auto.trigger.threshold = 10000 (custom)
2019-09-18 22:21:04,641 [pool-42-thread-1] INFO  server.RaftServerConfigKeys (ConfUtils.java:logGet(43)) - raft.server.snapshot.retention.num.files = 5 (custom)
2019-09-18 22:21:04,641 [pool-42-thread-1] INFO  server.RaftServerConfigKeys (ConfUtils.java:logGet(43)) - raft.server.retrycache.expirytime = 600000ms (custom)
2019-09-18 22:21:04,645 [pool-42-thread-1] INFO  impl.RaftServerImpl (RaftServerImpl.java:start(185)) - 0dd2ac99-5c17-4c27-b133-7ad7e7c0cb8c@group-877830D26449: start as a follower, conf=-1: [0dd2ac99-5c17-4c27-b133-7ad7e7c0cb8c:192.168.34.27:35327], old=null
2019-09-18 22:21:04,645 [pool-42-thread-1] INFO  impl.RaftServerImpl (RaftServerImpl.java:setRole(174)) - 0dd2ac99-5c17-4c27-b133-7ad7e7c0cb8c@group-877830D26449: changes role from      null to FOLLOWER at term 0 for startAsFollower
2019-09-18 22:21:04,646 [pool-42-thread-1] INFO  impl.RoleInfo (RoleInfo.java:updateAndGet(143)) - 0dd2ac99-5c17-4c27-b133-7ad7e7c0cb8c: start FollowerState
2019-09-18 22:21:04,646 [pool-42-thread-1] INFO  util.JmxRegister (JmxRegister.java:tryRegister(44)) - Successfully registered JMX Bean with object name Ratis:service=RaftServer,group=group-877830D26449,id=0dd2ac99-5c17-4c27-b133-7ad7e7c0cb8c
2019-09-18 22:21:04,661 [RatisPipelineUtilsThread] INFO  pipeline.PipelineStateManager (PipelineStateManager.java:addPipeline(56)) - Created pipeline Pipeline[ Id: 133a190d-d06e-4efb-9138-877830d26449, Nodes: 0dd2ac99-5c17-4c27-b133-7ad7e7c0cb8c{ip: 192.168.34.27, host: pr-hdds-2150-pzdq9-4118776691, networkLocation: /default-rack, certSerialId: null}, Type:RATIS, Factor:ONE, State:OPEN]
2019-09-18 22:21:04,679 [grpc-default-executor-0] INFO  impl.RaftServerProxy (RaftServerProxy.java:addNew(89)) - 44c98fd3-5215-47c9-acf7-a0fea8b00f2c: addNew group-ADAC87D0E5DC:[44c98fd3-5215-47c9-acf7-a0fea8b00f2c:192.168.34.27:38312] returns group-ADAC87D0E5DC:java.util.concurrent.CompletableFuture@10813b22[Not completed]
2019-09-18 22:21:04,681 [pool-52-thread-1] INFO  impl.RaftServerImpl (RaftServerImpl.java:<init>(95)) - 44c98fd3-5215-47c9-acf7-a0fea8b00f2c: new RaftServerImpl for group-ADAC87D0E5DC:[44c98fd3-5215-47c9-acf7-a0fea8b00f2c:192.168.34.27:38312] with ContainerStateMachine:uninitialized
2019-09-18 22:21:04,682 [pool-52-thread-1] INFO  server.RaftServerConfigKeys (ConfUtils.java:logGet(43)) - raft.server.rpc.timeout.min = 5s (custom)
2019-09-18 22:21:04,682 [pool-52-thread-1] INFO  server.RaftServerConfigKeys (ConfUtils.java:logGet(43)) - raft.server.rpc.timeout.max = 5200ms (custom)
2019-09-18 22:21:04,682 [pool-52-thread-1] INFO  server.RaftServerConfigKeys (ConfUtils.java:logGet(43)) - raft.server.rpcslowness.timeout = 120s (custom)
2019-09-18 22:21:04,682 [pool-52-thread-1] INFO  server.RaftServerConfigKeys (ConfUtils.java:logGet(43)) - raft.server.sleep.deviation.threshold = 300 (default)
2019-09-18 22:21:04,683 [pool-52-thread-1] INFO  server.RaftServerConfigKeys (ConfUtils.java:logGet(43)) - raft.server.log.appender.install.snapshot.enabled = false (custom)
2019-09-18 22:21:04,683 [pool-52-thread-1] INFO  impl.RaftServerImpl (ServerState.java:<init>(103)) - 44c98fd3-5215-47c9-acf7-a0fea8b00f2c@group-ADAC87D0E5DC: ConfigurationManager, init=-1: [44c98fd3-5215-47c9-acf7-a0fea8b00f2c:192.168.34.27:38312], old=null, confs=<EMPTY_MAP>
2019-09-18 22:21:04,683 [pool-52-thread-1] INFO  server.RaftServerConfigKeys (ConfUtils.java:logGet(43)) - raft.server.storage.dir = [/workdir/hadoop-ozone/integration-test/target/test-dir/MiniOzoneClusterImpl-49dd8ba2-f96b-4b94-abc6-9d4cf1b6af53/datanode-2/data/ratis] (custom)
2019-09-18 22:21:04,683 [pool-52-thread-1] INFO  storage.RaftStorageDirectory (RaftStorageDirectory.java:analyzeStorage(246)) - The storage directory /workdir/hadoop-ozone/integration-test/target/test-dir/MiniOzoneClusterImpl-49dd8ba2-f96b-4b94-abc6-9d4cf1b6af53/datanode-2/data/ratis/f7088585-0ab0-40e0-a19c-adac87d0e5dc does not exist. Creating ...
2019-09-18 22:21:04,709 [pool-52-thread-1] INFO  storage.RaftStorageDirectory (RaftStorageDirectory.java:tryLock(328)) - Lock on /workdir/hadoop-ozone/integration-test/target/test-dir/MiniOzoneClusterImpl-49dd8ba2-f96b-4b94-abc6-9d4cf1b6af53/datanode-2/data/ratis/f7088585-0ab0-40e0-a19c-adac87d0e5dc/in_use.lock acquired by nodename 29717@pr-hdds-2150-pzdq9-4118776691
2019-09-18 22:21:04,721 [pool-52-thread-1] INFO  storage.RaftStorage (RaftStorage.java:format(72)) - Storage directory /workdir/hadoop-ozone/integration-test/target/test-dir/MiniOzoneClusterImpl-49dd8ba2-f96b-4b94-abc6-9d4cf1b6af53/datanode-2/data/ratis/f7088585-0ab0-40e0-a19c-adac87d0e5dc has been successfully formatted.
2019-09-18 22:21:04,722 [pool-52-thread-1] INFO  ratis.ContainerStateMachine (ContainerStateMachine.java:loadSnapshot(230)) - group-ADAC87D0E5DC: The snapshot info is null. Setting the last applied indexto:(t:0, i:~)
2019-09-18 22:21:04,722 [pool-52-thread-1] INFO  server.RaftServerConfigKeys (ConfUtils.java:logGet(43)) - raft.server.notification.no-leader.timeout = 120s (custom)
2019-09-18 22:21:04,722 [pool-52-thread-1] INFO  server.RaftServerConfigKeys (ConfUtils.java:logGet(43)) - raft.server.log.use.memory = false (default)
2019-09-18 22:21:04,722 [pool-52-thread-1] INFO  server.RaftServerConfigKeys (ConfUtils.java:logGet(43)) - raft.server.log.purge.gap = 1000000 (custom)
2019-09-18 22:21:04,722 [pool-52-thread-1] INFO  server.RaftServerConfigKeys (ConfUtils.java:logGet(43)) - raft.server.log.appender.buffer.byte-limit = 33554432 (custom)
2019-09-18 22:21:04,722 [pool-52-thread-1] INFO  server.RaftServerConfigKeys (ConfUtils.java:logGet(43)) - raft.server.log.segment.size.max = 1048576 (custom)
2019-09-18 22:21:04,723 [pool-52-thread-1] INFO  server.RaftServerConfigKeys (ConfUtils.java:logGet(43)) - raft.server.log.segment.cache.num.max = 2 (custom)
2019-09-18 22:21:04,723 [pool-52-thread-1] INFO  segmented.SegmentedRaftLogWorker (SegmentedRaftLogWorker.java:<init>(172)) - new 44c98fd3-5215-47c9-acf7-a0fea8b00f2c@group-ADAC87D0E5DC-SegmentedRaftLogWorker for RaftStorage:Storage Directory /workdir/hadoop-ozone/integration-test/target/test-dir/MiniOzoneClusterImpl-49dd8ba2-f96b-4b94-abc6-9d4cf1b6af53/datanode-2/data/ratis/f7088585-0ab0-40e0-a19c-adac87d0e5dc
2019-09-18 22:21:04,727 [pool-52-thread-1] INFO  server.RaftServerConfigKeys (ConfUtils.java:logGet(43)) - raft.server.log.queue.byte-limit = 2147483647 (custom)
2019-09-18 22:21:04,727 [pool-52-thread-1] INFO  server.RaftServerConfigKeys (ConfUtils.java:logGet(43)) - raft.server.log.queue.element-limit = 1024 (custom)
2019-09-18 22:21:04,727 [pool-52-thread-1] INFO  server.RaftServerConfigKeys (ConfUtils.java:logGet(43)) - raft.server.log.segment.size.max = 1048576 (custom)
2019-09-18 22:21:04,727 [pool-52-thread-1] INFO  server.RaftServerConfigKeys (ConfUtils.java:logGet(43)) - raft.server.log.preallocated.size = 16384 (custom)
2019-09-18 22:21:04,727 [pool-52-thread-1] INFO  server.RaftServerConfigKeys (ConfUtils.java:logGet(43)) - raft.server.log.write.buffer.size = 33554432 (custom)
2019-09-18 22:21:04,728 [pool-52-thread-1] INFO  server.RaftServerConfigKeys (ConfUtils.java:logGet(43)) - raft.server.log.force.sync.num = 128 (default)
2019-09-18 22:21:04,728 [pool-52-thread-1] INFO  server.RaftServerConfigKeys (ConfUtils.java:logGet(43)) - raft.server.log.statemachine.data.sync = true (default)
2019-09-18 22:21:04,728 [pool-52-thread-1] INFO  server.RaftServerConfigKeys (ConfUtils.java:logGet(43)) - raft.server.log.statemachine.data.sync.timeout = 10s (default)
2019-09-18 22:21:04,728 [pool-52-thread-1] INFO  server.RaftServerConfigKeys (ConfUtils.java:logGet(43)) - raft.server.log.statemachine.data.sync.timeout.retry = -1 (default)
2019-09-18 22:21:04,728 [pool-52-thread-1] INFO  server.RaftServerConfigKeys (ConfUtils.java:logGet(43)) - raft.server.log.statemachine.data.caching.enabled = true (custom)
2019-09-18 22:21:04,729 [pool-52-thread-1] INFO  segmented.SegmentedRaftLogWorker (SegmentedRaftLogWorker.java:lambda$new$0(132)) - 44c98fd3-5215-47c9-acf7-a0fea8b00f2c@group-ADAC87D0E5DC-SegmentedRaftLogWorker: flushIndex: setUnconditionally 0 -> -1
2019-09-18 22:21:04,729 [pool-52-thread-1] INFO  server.RaftServerConfigKeys (ConfUtils.java:logGet(43)) - raft.server.snapshot.auto.trigger.enabled = true (custom)
2019-09-18 22:21:04,729 [pool-52-thread-1] INFO  server.RaftServerConfigKeys (ConfUtils.java:logGet(43)) - raft.server.snapshot.auto.trigger.threshold = 10000 (custom)
2019-09-18 22:21:04,729 [pool-52-thread-1] INFO  server.RaftServerConfigKeys (ConfUtils.java:logGet(43)) - raft.server.snapshot.retention.num.files = 5 (custom)
2019-09-18 22:21:04,729 [pool-52-thread-1] INFO  server.RaftServerConfigKeys (ConfUtils.java:logGet(43)) - raft.server.retrycache.expirytime = 600000ms (custom)
2019-09-18 22:21:04,733 [pool-52-thread-1] INFO  impl.RaftServerImpl (RaftServerImpl.java:start(185)) - 44c98fd3-5215-47c9-acf7-a0fea8b00f2c@group-ADAC87D0E5DC: start as a follower, conf=-1: [44c98fd3-5215-47c9-acf7-a0fea8b00f2c:192.168.34.27:38312], old=null
2019-09-18 22:21:04,733 [pool-52-thread-1] INFO  impl.RaftServerImpl (RaftServerImpl.java:setRole(174)) - 44c98fd3-5215-47c9-acf7-a0fea8b00f2c@group-ADAC87D0E5DC: changes role from      null to FOLLOWER at term 0 for startAsFollower
2019-09-18 22:21:04,733 [pool-52-thread-1] INFO  impl.RoleInfo (RoleInfo.java:updateAndGet(143)) - 44c98fd3-5215-47c9-acf7-a0fea8b00f2c: start FollowerState
2019-09-18 22:21:04,733 [pool-52-thread-1] INFO  util.JmxRegister (JmxRegister.java:tryRegister(44)) - Successfully registered JMX Bean with object name Ratis:service=RaftServer,group=group-ADAC87D0E5DC,id=44c98fd3-5215-47c9-acf7-a0fea8b00f2c
2019-09-18 22:21:04,749 [RatisPipelineUtilsThread] INFO  pipeline.PipelineStateManager (PipelineStateManager.java:addPipeline(56)) - Created pipeline Pipeline[ Id: f7088585-0ab0-40e0-a19c-adac87d0e5dc, Nodes: 44c98fd3-5215-47c9-acf7-a0fea8b00f2c{ip: 192.168.34.27, host: pr-hdds-2150-pzdq9-4118776691, networkLocation: /default-rack, certSerialId: null}, Type:RATIS, Factor:ONE, State:OPEN]
2019-09-18 22:21:04,792 [grpc-default-executor-1] INFO  impl.RaftServerProxy (RaftServerProxy.java:addNew(89)) - f880858e-e0c8-4e2f-9ec0-7abd399f8072: addNew group-B4292E57E96E:[0dd2ac99-5c17-4c27-b133-7ad7e7c0cb8c:192.168.34.27:35327, f880858e-e0c8-4e2f-9ec0-7abd399f8072:192.168.34.27:33474, 44c98fd3-5215-47c9-acf7-a0fea8b00f2c:192.168.34.27:38312] returns group-B4292E57E96E:java.util.concurrent.CompletableFuture@564228e5[Not completed]
2019-09-18 22:21:04,793 [grpc-default-executor-2] INFO  impl.RaftServerProxy (RaftServerProxy.java:addNew(89)) - 44c98fd3-5215-47c9-acf7-a0fea8b00f2c: addNew group-B4292E57E96E:[0dd2ac99-5c17-4c27-b133-7ad7e7c0cb8c:192.168.34.27:35327, f880858e-e0c8-4e2f-9ec0-7abd399f8072:192.168.34.27:33474, 44c98fd3-5215-47c9-acf7-a0fea8b00f2c:192.168.34.27:38312] returns group-B4292E57E96E:java.util.concurrent.CompletableFuture@7b55fd69[Not completed]
2019-09-18 22:21:04,797 [grpc-default-executor-2] INFO  impl.RaftServerProxy (RaftServerProxy.java:addNew(89)) - 0dd2ac99-5c17-4c27-b133-7ad7e7c0cb8c: addNew group-B4292E57E96E:[0dd2ac99-5c17-4c27-b133-7ad7e7c0cb8c:192.168.34.27:35327, f880858e-e0c8-4e2f-9ec0-7abd399f8072:192.168.34.27:33474, 44c98fd3-5215-47c9-acf7-a0fea8b00f2c:192.168.34.27:38312] returns group-B4292E57E96E:java.util.concurrent.CompletableFuture@3e577c67[Not completed]
2019-09-18 22:21:04,798 [pool-32-thread-1] INFO  impl.RaftServerImpl (RaftServerImpl.java:<init>(95)) - f880858e-e0c8-4e2f-9ec0-7abd399f8072: new RaftServerImpl for group-B4292E57E96E:[0dd2ac99-5c17-4c27-b133-7ad7e7c0cb8c:192.168.34.27:35327, f880858e-e0c8-4e2f-9ec0-7abd399f8072:192.168.34.27:33474, 44c98fd3-5215-47c9-acf7-a0fea8b00f2c:192.168.34.27:38312] with ContainerStateMachine:uninitialized
2019-09-18 22:21:04,798 [pool-32-thread-1] INFO  server.RaftServerConfigKeys (ConfUtils.java:logGet(43)) - raft.server.rpc.timeout.min = 5s (custom)
2019-09-18 22:21:04,798 [pool-32-thread-1] INFO  server.RaftServerConfigKeys (ConfUtils.java:logGet(43)) - raft.server.rpc.timeout.max = 5200ms (custom)
2019-09-18 22:21:04,798 [pool-32-thread-1] INFO  server.RaftServerConfigKeys (ConfUtils.java:logGet(43)) - raft.server.rpcslowness.timeout = 120s (custom)
2019-09-18 22:21:04,799 [pool-32-thread-1] INFO  server.RaftServerConfigKeys (ConfUtils.java:logGet(43)) - raft.server.sleep.deviation.threshold = 300 (default)
2019-09-18 22:21:04,799 [pool-32-thread-1] INFO  server.RaftServerConfigKeys (ConfUtils.java:logGet(43)) - raft.server.log.appender.install.snapshot.enabled = false (custom)
2019-09-18 22:21:04,799 [pool-32-thread-1] INFO  impl.RaftServerImpl (ServerState.java:<init>(103)) - f880858e-e0c8-4e2f-9ec0-7abd399f8072@group-B4292E57E96E: ConfigurationManager, init=-1: [0dd2ac99-5c17-4c27-b133-7ad7e7c0cb8c:192.168.34.27:35327, f880858e-e0c8-4e2f-9ec0-7abd399f8072:192.168.34.27:33474, 44c98fd3-5215-47c9-acf7-a0fea8b00f2c:192.168.34.27:38312], old=null, confs=<EMPTY_MAP>
2019-09-18 22:21:04,799 [pool-32-thread-1] INFO  server.RaftServerConfigKeys (ConfUtils.java:logGet(43)) - raft.server.storage.dir = [/workdir/hadoop-ozone/integration-test/target/test-dir/MiniOzoneClusterImpl-49dd8ba2-f96b-4b94-abc6-9d4cf1b6af53/datanode-0/data/ratis] (custom)
2019-09-18 22:21:04,800 [pool-52-thread-1] INFO  impl.RaftServerImpl (RaftServerImpl.java:<init>(95)) - 44c98fd3-5215-47c9-acf7-a0fea8b00f2c: new RaftServerImpl for group-B4292E57E96E:[0dd2ac99-5c17-4c27-b133-7ad7e7c0cb8c:192.168.34.27:35327, f880858e-e0c8-4e2f-9ec0-7abd399f8072:192.168.34.27:33474, 44c98fd3-5215-47c9-acf7-a0fea8b00f2c:192.168.34.27:38312] with ContainerStateMachine:uninitialized
2019-09-18 22:21:04,800 [pool-32-thread-1] INFO  storage.RaftStorageDirectory (RaftStorageDirectory.java:analyzeStorage(246)) - The storage directory /workdir/hadoop-ozone/integration-test/target/test-dir/MiniOzoneClusterImpl-49dd8ba2-f96b-4b94-abc6-9d4cf1b6af53/datanode-0/data/ratis/d23078a1-ea45-49dd-b2e1-b4292e57e96e does not exist. Creating ...
2019-09-18 22:21:04,800 [pool-52-thread-1] INFO  server.RaftServerConfigKeys (ConfUtils.java:logGet(43)) - raft.server.rpc.timeout.min = 5s (custom)
2019-09-18 22:21:04,800 [pool-52-thread-1] INFO  server.RaftServerConfigKeys (ConfUtils.java:logGet(43)) - raft.server.rpc.timeout.max = 5200ms (custom)
2019-09-18 22:21:04,800 [pool-52-thread-1] INFO  server.RaftServerConfigKeys (ConfUtils.java:logGet(43)) - raft.server.rpcslowness.timeout = 120s (custom)
2019-09-18 22:21:04,800 [pool-52-thread-1] INFO  server.RaftServerConfigKeys (ConfUtils.java:logGet(43)) - raft.server.sleep.deviation.threshold = 300 (default)
2019-09-18 22:21:04,800 [pool-52-thread-1] INFO  server.RaftServerConfigKeys (ConfUtils.java:logGet(43)) - raft.server.log.appender.install.snapshot.enabled = false (custom)
2019-09-18 22:21:04,801 [pool-52-thread-1] INFO  impl.RaftServerImpl (ServerState.java:<init>(103)) - 44c98fd3-5215-47c9-acf7-a0fea8b00f2c@group-B4292E57E96E: ConfigurationManager, init=-1: [0dd2ac99-5c17-4c27-b133-7ad7e7c0cb8c:192.168.34.27:35327, f880858e-e0c8-4e2f-9ec0-7abd399f8072:192.168.34.27:33474, 44c98fd3-5215-47c9-acf7-a0fea8b00f2c:192.168.34.27:38312], old=null, confs=<EMPTY_MAP>
2019-09-18 22:21:04,801 [pool-52-thread-1] INFO  server.RaftServerConfigKeys (ConfUtils.java:logGet(43)) - raft.server.storage.dir = [/workdir/hadoop-ozone/integration-test/target/test-dir/MiniOzoneClusterImpl-49dd8ba2-f96b-4b94-abc6-9d4cf1b6af53/datanode-2/data/ratis] (custom)
2019-09-18 22:21:04,801 [pool-42-thread-1] INFO  impl.RaftServerImpl (RaftServerImpl.java:<init>(95)) - 0dd2ac99-5c17-4c27-b133-7ad7e7c0cb8c: new RaftServerImpl for group-B4292E57E96E:[0dd2ac99-5c17-4c27-b133-7ad7e7c0cb8c:192.168.34.27:35327, f880858e-e0c8-4e2f-9ec0-7abd399f8072:192.168.34.27:33474, 44c98fd3-5215-47c9-acf7-a0fea8b00f2c:192.168.34.27:38312] with ContainerStateMachine:uninitialized
2019-09-18 22:21:04,801 [pool-42-thread-1] INFO  server.RaftServerConfigKeys (ConfUtils.java:logGet(43)) - raft.server.rpc.timeout.min = 5s (custom)
2019-09-18 22:21:04,801 [pool-52-thread-1] INFO  storage.RaftStorageDirectory (RaftStorageDirectory.java:analyzeStorage(246)) - The storage directory /workdir/hadoop-ozone/integration-test/target/test-dir/MiniOzoneClusterImpl-49dd8ba2-f96b-4b94-abc6-9d4cf1b6af53/datanode-2/data/ratis/d23078a1-ea45-49dd-b2e1-b4292e57e96e does not exist. Creating ...
2019-09-18 22:21:04,801 [pool-42-thread-1] INFO  server.RaftServerConfigKeys (ConfUtils.java:logGet(43)) - raft.server.rpc.timeout.max = 5200ms (custom)
2019-09-18 22:21:04,802 [pool-42-thread-1] INFO  server.RaftServerConfigKeys (ConfUtils.java:logGet(43)) - raft.server.rpcslowness.timeout = 120s (custom)
2019-09-18 22:21:04,802 [pool-42-thread-1] INFO  server.RaftServerConfigKeys (ConfUtils.java:logGet(43)) - raft.server.sleep.deviation.threshold = 300 (default)
2019-09-18 22:21:04,802 [pool-42-thread-1] INFO  server.RaftServerConfigKeys (ConfUtils.java:logGet(43)) - raft.server.log.appender.install.snapshot.enabled = false (custom)
2019-09-18 22:21:04,802 [pool-42-thread-1] INFO  impl.RaftServerImpl (ServerState.java:<init>(103)) - 0dd2ac99-5c17-4c27-b133-7ad7e7c0cb8c@group-B4292E57E96E: ConfigurationManager, init=-1: [0dd2ac99-5c17-4c27-b133-7ad7e7c0cb8c:192.168.34.27:35327, f880858e-e0c8-4e2f-9ec0-7abd399f8072:192.168.34.27:33474, 44c98fd3-5215-47c9-acf7-a0fea8b00f2c:192.168.34.27:38312], old=null, confs=<EMPTY_MAP>
2019-09-18 22:21:04,802 [pool-42-thread-1] INFO  server.RaftServerConfigKeys (ConfUtils.java:logGet(43)) - raft.server.storage.dir = [/workdir/hadoop-ozone/integration-test/target/test-dir/MiniOzoneClusterImpl-49dd8ba2-f96b-4b94-abc6-9d4cf1b6af53/datanode-1/data/ratis] (custom)
2019-09-18 22:21:04,803 [pool-42-thread-1] INFO  storage.RaftStorageDirectory (RaftStorageDirectory.java:analyzeStorage(246)) - The storage directory /workdir/hadoop-ozone/integration-test/target/test-dir/MiniOzoneClusterImpl-49dd8ba2-f96b-4b94-abc6-9d4cf1b6af53/datanode-1/data/ratis/d23078a1-ea45-49dd-b2e1-b4292e57e96e does not exist. Creating ...
2019-09-18 22:21:04,825 [pool-32-thread-1] INFO  storage.RaftStorageDirectory (RaftStorageDirectory.java:tryLock(328)) - Lock on /workdir/hadoop-ozone/integration-test/target/test-dir/MiniOzoneClusterImpl-49dd8ba2-f96b-4b94-abc6-9d4cf1b6af53/datanode-0/data/ratis/d23078a1-ea45-49dd-b2e1-b4292e57e96e/in_use.lock acquired by nodename 29717@pr-hdds-2150-pzdq9-4118776691
2019-09-18 22:21:04,825 [pool-42-thread-1] INFO  storage.RaftStorageDirectory (RaftStorageDirectory.java:tryLock(328)) - Lock on /workdir/hadoop-ozone/integration-test/target/test-dir/MiniOzoneClusterImpl-49dd8ba2-f96b-4b94-abc6-9d4cf1b6af53/datanode-1/data/ratis/d23078a1-ea45-49dd-b2e1-b4292e57e96e/in_use.lock acquired by nodename 29717@pr-hdds-2150-pzdq9-4118776691
2019-09-18 22:21:04,825 [pool-52-thread-1] INFO  storage.RaftStorageDirectory (RaftStorageDirectory.java:tryLock(328)) - Lock on /workdir/hadoop-ozone/integration-test/target/test-dir/MiniOzoneClusterImpl-49dd8ba2-f96b-4b94-abc6-9d4cf1b6af53/datanode-2/data/ratis/d23078a1-ea45-49dd-b2e1-b4292e57e96e/in_use.lock acquired by nodename 29717@pr-hdds-2150-pzdq9-4118776691
2019-09-18 22:21:04,850 [pool-52-thread-1] INFO  storage.RaftStorage (RaftStorage.java:format(72)) - Storage directory /workdir/hadoop-ozone/integration-test/target/test-dir/MiniOzoneClusterImpl-49dd8ba2-f96b-4b94-abc6-9d4cf1b6af53/datanode-2/data/ratis/d23078a1-ea45-49dd-b2e1-b4292e57e96e has been successfully formatted.
2019-09-18 22:21:04,850 [pool-42-thread-1] INFO  storage.RaftStorage (RaftStorage.java:format(72)) - Storage directory /workdir/hadoop-ozone/integration-test/target/test-dir/MiniOzoneClusterImpl-49dd8ba2-f96b-4b94-abc6-9d4cf1b6af53/datanode-1/data/ratis/d23078a1-ea45-49dd-b2e1-b4292e57e96e has been successfully formatted.
2019-09-18 22:21:04,850 [pool-32-thread-1] INFO  storage.RaftStorage (RaftStorage.java:format(72)) - Storage directory /workdir/hadoop-ozone/integration-test/target/test-dir/MiniOzoneClusterImpl-49dd8ba2-f96b-4b94-abc6-9d4cf1b6af53/datanode-0/data/ratis/d23078a1-ea45-49dd-b2e1-b4292e57e96e has been successfully formatted.
2019-09-18 22:21:04,851 [pool-52-thread-1] INFO  ratis.ContainerStateMachine (ContainerStateMachine.java:loadSnapshot(230)) - group-B4292E57E96E: The snapshot info is null. Setting the last applied indexto:(t:0, i:~)
2019-09-18 22:21:04,851 [pool-32-thread-1] INFO  ratis.ContainerStateMachine (ContainerStateMachine.java:loadSnapshot(230)) - group-B4292E57E96E: The snapshot info is null. Setting the last applied indexto:(t:0, i:~)
2019-09-18 22:21:04,851 [pool-52-thread-1] INFO  server.RaftServerConfigKeys (ConfUtils.java:logGet(43)) - raft.server.notification.no-leader.timeout = 120s (custom)
2019-09-18 22:21:04,851 [pool-42-thread-1] INFO  ratis.ContainerStateMachine (ContainerStateMachine.java:loadSnapshot(230)) - group-B4292E57E96E: The snapshot info is null. Setting the last applied indexto:(t:0, i:~)
2019-09-18 22:21:04,851 [pool-52-thread-1] INFO  server.RaftServerConfigKeys (ConfUtils.java:logGet(43)) - raft.server.log.use.memory = false (default)
2019-09-18 22:21:04,851 [pool-32-thread-1] INFO  server.RaftServerConfigKeys (ConfUtils.java:logGet(43)) - raft.server.notification.no-leader.timeout = 120s (custom)
2019-09-18 22:21:04,852 [pool-52-thread-1] INFO  server.RaftServerConfigKeys (ConfUtils.java:logGet(43)) - raft.server.log.purge.gap = 1000000 (custom)
2019-09-18 22:21:04,851 [pool-42-thread-1] INFO  server.RaftServerConfigKeys (ConfUtils.java:logGet(43)) - raft.server.notification.no-leader.timeout = 120s (custom)
2019-09-18 22:21:04,852 [pool-52-thread-1] INFO  server.RaftServerConfigKeys (ConfUtils.java:logGet(43)) - raft.server.log.appender.buffer.byte-limit = 33554432 (custom)
2019-09-18 22:21:04,852 [pool-32-thread-1] INFO  server.RaftServerConfigKeys (ConfUtils.java:logGet(43)) - raft.server.log.use.memory = false (default)
2019-09-18 22:21:04,852 [pool-52-thread-1] INFO  server.RaftServerConfigKeys (ConfUtils.java:logGet(43)) - raft.server.log.segment.size.max = 1048576 (custom)
2019-09-18 22:21:04,852 [pool-42-thread-1] INFO  server.RaftServerConfigKeys (ConfUtils.java:logGet(43)) - raft.server.log.use.memory = false (default)
2019-09-18 22:21:04,852 [pool-52-thread-1] INFO  server.RaftServerConfigKeys (ConfUtils.java:logGet(43)) - raft.server.log.segment.cache.num.max = 2 (custom)
2019-09-18 22:21:04,852 [pool-32-thread-1] INFO  server.RaftServerConfigKeys (ConfUtils.java:logGet(43)) - raft.server.log.purge.gap = 1000000 (custom)
2019-09-18 22:21:04,853 [pool-52-thread-1] INFO  segmented.SegmentedRaftLogWorker (SegmentedRaftLogWorker.java:<init>(172)) - new 44c98fd3-5215-47c9-acf7-a0fea8b00f2c@group-B4292E57E96E-SegmentedRaftLogWorker for RaftStorage:Storage Directory /workdir/hadoop-ozone/integration-test/target/test-dir/MiniOzoneClusterImpl-49dd8ba2-f96b-4b94-abc6-9d4cf1b6af53/datanode-2/data/ratis/d23078a1-ea45-49dd-b2e1-b4292e57e96e
2019-09-18 22:21:04,852 [pool-42-thread-1] INFO  server.RaftServerConfigKeys (ConfUtils.java:logGet(43)) - raft.server.log.purge.gap = 1000000 (custom)
2019-09-18 22:21:04,853 [pool-52-thread-1] INFO  server.RaftServerConfigKeys (ConfUtils.java:logGet(43)) - raft.server.log.queue.byte-limit = 2147483647 (custom)
2019-09-18 22:21:04,853 [pool-32-thread-1] INFO  server.RaftServerConfigKeys (ConfUtils.java:logGet(43)) - raft.server.log.appender.buffer.byte-limit = 33554432 (custom)
2019-09-18 22:21:04,853 [pool-52-thread-1] INFO  server.RaftServerConfigKeys (ConfUtils.java:logGet(43)) - raft.server.log.queue.element-limit = 1024 (custom)
2019-09-18 22:21:04,853 [pool-42-thread-1] INFO  server.RaftServerConfigKeys (ConfUtils.java:logGet(43)) - raft.server.log.appender.buffer.byte-limit = 33554432 (custom)
2019-09-18 22:21:04,853 [pool-52-thread-1] INFO  server.RaftServerConfigKeys (ConfUtils.java:logGet(43)) - raft.server.log.segment.size.max = 1048576 (custom)
2019-09-18 22:21:04,853 [pool-32-thread-1] INFO  server.RaftServerConfigKeys (ConfUtils.java:logGet(43)) - raft.server.log.segment.size.max = 1048576 (custom)
2019-09-18 22:21:04,854 [pool-52-thread-1] INFO  server.RaftServerConfigKeys (ConfUtils.java:logGet(43)) - raft.server.log.preallocated.size = 16384 (custom)
2019-09-18 22:21:04,853 [pool-42-thread-1] INFO  server.RaftServerConfigKeys (ConfUtils.java:logGet(43)) - raft.server.log.segment.size.max = 1048576 (custom)
2019-09-18 22:21:04,854 [pool-52-thread-1] INFO  server.RaftServerConfigKeys (ConfUtils.java:logGet(43)) - raft.server.log.write.buffer.size = 33554432 (custom)
2019-09-18 22:21:04,854 [pool-32-thread-1] INFO  server.RaftServerConfigKeys (ConfUtils.java:logGet(43)) - raft.server.log.segment.cache.num.max = 2 (custom)
2019-09-18 22:21:04,854 [pool-52-thread-1] INFO  server.RaftServerConfigKeys (ConfUtils.java:logGet(43)) - raft.server.log.force.sync.num = 128 (default)
2019-09-18 22:21:04,854 [pool-42-thread-1] INFO  server.RaftServerConfigKeys (ConfUtils.java:logGet(43)) - raft.server.log.segment.cache.num.max = 2 (custom)
2019-09-18 22:21:04,854 [pool-52-thread-1] INFO  server.RaftServerConfigKeys (ConfUtils.java:logGet(43)) - raft.server.log.statemachine.data.sync = true (default)
2019-09-18 22:21:04,854 [pool-32-thread-1] INFO  segmented.SegmentedRaftLogWorker (SegmentedRaftLogWorker.java:<init>(172)) - new f880858e-e0c8-4e2f-9ec0-7abd399f8072@group-B4292E57E96E-SegmentedRaftLogWorker for RaftStorage:Storage Directory /workdir/hadoop-ozone/integration-test/target/test-dir/MiniOzoneClusterImpl-49dd8ba2-f96b-4b94-abc6-9d4cf1b6af53/datanode-0/data/ratis/d23078a1-ea45-49dd-b2e1-b4292e57e96e
2019-09-18 22:21:04,855 [pool-52-thread-1] INFO  server.RaftServerConfigKeys (ConfUtils.java:logGet(43)) - raft.server.log.statemachine.data.sync.timeout = 10s (default)
2019-09-18 22:21:04,854 [pool-42-thread-1] INFO  segmented.SegmentedRaftLogWorker (SegmentedRaftLogWorker.java:<init>(172)) - new 0dd2ac99-5c17-4c27-b133-7ad7e7c0cb8c@group-B4292E57E96E-SegmentedRaftLogWorker for RaftStorage:Storage Directory /workdir/hadoop-ozone/integration-test/target/test-dir/MiniOzoneClusterImpl-49dd8ba2-f96b-4b94-abc6-9d4cf1b6af53/datanode-1/data/ratis/d23078a1-ea45-49dd-b2e1-b4292e57e96e
2019-09-18 22:21:04,855 [pool-52-thread-1] INFO  server.RaftServerConfigKeys (ConfUtils.java:logGet(43)) - raft.server.log.statemachine.data.sync.timeout.retry = -1 (default)
2019-09-18 22:21:04,855 [pool-32-thread-1] INFO  server.RaftServerConfigKeys (ConfUtils.java:logGet(43)) - raft.server.log.queue.byte-limit = 2147483647 (custom)
2019-09-18 22:21:04,855 [pool-42-thread-1] INFO  server.RaftServerConfigKeys (ConfUtils.java:logGet(43)) - raft.server.log.queue.byte-limit = 2147483647 (custom)
2019-09-18 22:21:04,855 [pool-32-thread-1] INFO  server.RaftServerConfigKeys (ConfUtils.java:logGet(43)) - raft.server.log.queue.element-limit = 1024 (custom)
2019-09-18 22:21:04,855 [pool-52-thread-1] INFO  server.RaftServerConfigKeys (ConfUtils.java:logGet(43)) - raft.server.log.statemachine.data.caching.enabled = true (custom)
2019-09-18 22:21:04,855 [pool-32-thread-1] INFO  server.RaftServerConfigKeys (ConfUtils.java:logGet(43)) - raft.server.log.segment.size.max = 1048576 (custom)
2019-09-18 22:21:04,855 [pool-42-thread-1] INFO  server.RaftServerConfigKeys (ConfUtils.java:logGet(43)) - raft.server.log.queue.element-limit = 1024 (custom)
2019-09-18 22:21:04,856 [pool-32-thread-1] INFO  server.RaftServerConfigKeys (ConfUtils.java:logGet(43)) - raft.server.log.preallocated.size = 16384 (custom)
2019-09-18 22:21:04,856 [pool-42-thread-1] INFO  server.RaftServerConfigKeys (ConfUtils.java:logGet(43)) - raft.server.log.segment.size.max = 1048576 (custom)
2019-09-18 22:21:04,856 [pool-52-thread-1] INFO  segmented.SegmentedRaftLogWorker (SegmentedRaftLogWorker.java:lambda$new$0(132)) - 44c98fd3-5215-47c9-acf7-a0fea8b00f2c@group-B4292E57E96E-SegmentedRaftLogWorker: flushIndex: setUnconditionally 0 -> -1
2019-09-18 22:21:04,856 [pool-42-thread-1] INFO  server.RaftServerConfigKeys (ConfUtils.java:logGet(43)) - raft.server.log.preallocated.size = 16384 (custom)
2019-09-18 22:21:04,856 [pool-32-thread-1] INFO  server.RaftServerConfigKeys (ConfUtils.java:logGet(43)) - raft.server.log.write.buffer.size = 33554432 (custom)
2019-09-18 22:21:04,856 [pool-52-thread-1] INFO  server.RaftServerConfigKeys (ConfUtils.java:logGet(43)) - raft.server.snapshot.auto.trigger.enabled = true (custom)
2019-09-18 22:21:04,856 [pool-42-thread-1] INFO  server.RaftServerConfigKeys (ConfUtils.java:logGet(43)) - raft.server.log.write.buffer.size = 33554432 (custom)
2019-09-18 22:21:04,856 [pool-52-thread-1] INFO  server.RaftServerConfigKeys (ConfUtils.java:logGet(43)) - raft.server.snapshot.auto.trigger.threshold = 10000 (custom)
2019-09-18 22:21:04,856 [pool-32-thread-1] INFO  server.RaftServerConfigKeys (ConfUtils.java:logGet(43)) - raft.server.log.force.sync.num = 128 (default)
2019-09-18 22:21:04,857 [pool-52-thread-1] INFO  server.RaftServerConfigKeys (ConfUtils.java:logGet(43)) - raft.server.snapshot.retention.num.files = 5 (custom)
2019-09-18 22:21:04,857 [pool-42-thread-1] INFO  server.RaftServerConfigKeys (ConfUtils.java:logGet(43)) - raft.server.log.force.sync.num = 128 (default)
2019-09-18 22:21:04,857 [pool-32-thread-1] INFO  server.RaftServerConfigKeys (ConfUtils.java:logGet(43)) - raft.server.log.statemachine.data.sync = true (default)
2019-09-18 22:21:04,857 [pool-42-thread-1] INFO  server.RaftServerConfigKeys (ConfUtils.java:logGet(43)) - raft.server.log.statemachine.data.sync = true (default)
2019-09-18 22:21:04,857 [pool-52-thread-1] INFO  server.RaftServerConfigKeys (ConfUtils.java:logGet(43)) - raft.server.retrycache.expirytime = 600000ms (custom)
2019-09-18 22:21:04,857 [pool-42-thread-1] INFO  server.RaftServerConfigKeys (ConfUtils.java:logGet(43)) - raft.server.log.statemachine.data.sync.timeout = 10s (default)
2019-09-18 22:21:04,857 [pool-32-thread-1] INFO  server.RaftServerConfigKeys (ConfUtils.java:logGet(43)) - raft.server.log.statemachine.data.sync.timeout = 10s (default)
2019-09-18 22:21:04,858 [pool-42-thread-1] INFO  server.RaftServerConfigKeys (ConfUtils.java:logGet(43)) - raft.server.log.statemachine.data.sync.timeout.retry = -1 (default)
2019-09-18 22:21:04,858 [pool-32-thread-1] INFO  server.RaftServerConfigKeys (ConfUtils.java:logGet(43)) - raft.server.log.statemachine.data.sync.timeout.retry = -1 (default)
2019-09-18 22:21:04,858 [pool-42-thread-1] INFO  server.RaftServerConfigKeys (ConfUtils.java:logGet(43)) - raft.server.log.statemachine.data.caching.enabled = true (custom)
2019-09-18 22:21:04,858 [pool-32-thread-1] INFO  server.RaftServerConfigKeys (ConfUtils.java:logGet(43)) - raft.server.log.statemachine.data.caching.enabled = true (custom)
2019-09-18 22:21:04,858 [pool-42-thread-1] INFO  segmented.SegmentedRaftLogWorker (SegmentedRaftLogWorker.java:lambda$new$0(132)) - 0dd2ac99-5c17-4c27-b133-7ad7e7c0cb8c@group-B4292E57E96E-SegmentedRaftLogWorker: flushIndex: setUnconditionally 0 -> -1
2019-09-18 22:21:04,858 [pool-32-thread-1] INFO  segmented.SegmentedRaftLogWorker (SegmentedRaftLogWorker.java:lambda$new$0(132)) - f880858e-e0c8-4e2f-9ec0-7abd399f8072@group-B4292E57E96E-SegmentedRaftLogWorker: flushIndex: setUnconditionally 0 -> -1
2019-09-18 22:21:04,859 [pool-42-thread-1] INFO  server.RaftServerConfigKeys (ConfUtils.java:logGet(43)) - raft.server.snapshot.auto.trigger.enabled = true (custom)
2019-09-18 22:21:04,859 [pool-32-thread-1] INFO  server.RaftServerConfigKeys (ConfUtils.java:logGet(43)) - raft.server.snapshot.auto.trigger.enabled = true (custom)
2019-09-18 22:21:04,859 [pool-42-thread-1] INFO  server.RaftServerConfigKeys (ConfUtils.java:logGet(43)) - raft.server.snapshot.auto.trigger.threshold = 10000 (custom)
2019-09-18 22:21:04,859 [pool-32-thread-1] INFO  server.RaftServerConfigKeys (ConfUtils.java:logGet(43)) - raft.server.snapshot.auto.trigger.threshold = 10000 (custom)
2019-09-18 22:21:04,859 [pool-42-thread-1] INFO  server.RaftServerConfigKeys (ConfUtils.java:logGet(43)) - raft.server.snapshot.retention.num.files = 5 (custom)
2019-09-18 22:21:04,859 [pool-32-thread-1] INFO  server.RaftServerConfigKeys (ConfUtils.java:logGet(43)) - raft.server.snapshot.retention.num.files = 5 (custom)
2019-09-18 22:21:04,859 [pool-42-thread-1] INFO  server.RaftServerConfigKeys (ConfUtils.java:logGet(43)) - raft.server.retrycache.expirytime = 600000ms (custom)
2019-09-18 22:21:04,859 [pool-32-thread-1] INFO  server.RaftServerConfigKeys (ConfUtils.java:logGet(43)) - raft.server.retrycache.expirytime = 600000ms (custom)
2019-09-18 22:21:04,861 [pool-52-thread-1] INFO  impl.RaftServerImpl (RaftServerImpl.java:start(185)) - 44c98fd3-5215-47c9-acf7-a0fea8b00f2c@group-B4292E57E96E: start as a follower, conf=-1: [0dd2ac99-5c17-4c27-b133-7ad7e7c0cb8c:192.168.34.27:35327, f880858e-e0c8-4e2f-9ec0-7abd399f8072:192.168.34.27:33474, 44c98fd3-5215-47c9-acf7-a0fea8b00f2c:192.168.34.27:38312], old=null
2019-09-18 22:21:04,862 [pool-52-thread-1] INFO  impl.RaftServerImpl (RaftServerImpl.java:setRole(174)) - 44c98fd3-5215-47c9-acf7-a0fea8b00f2c@group-B4292E57E96E: changes role from      null to FOLLOWER at term 0 for startAsFollower
2019-09-18 22:21:04,862 [pool-52-thread-1] INFO  impl.RoleInfo (RoleInfo.java:updateAndGet(143)) - 44c98fd3-5215-47c9-acf7-a0fea8b00f2c: start FollowerState
2019-09-18 22:21:04,862 [pool-52-thread-1] INFO  util.JmxRegister (JmxRegister.java:tryRegister(44)) - Successfully registered JMX Bean with object name Ratis:service=RaftServer,group=group-B4292E57E96E,id=44c98fd3-5215-47c9-acf7-a0fea8b00f2c
2019-09-18 22:21:04,865 [pool-32-thread-1] INFO  impl.RaftServerImpl (RaftServerImpl.java:start(185)) - f880858e-e0c8-4e2f-9ec0-7abd399f8072@group-B4292E57E96E: start as a follower, conf=-1: [0dd2ac99-5c17-4c27-b133-7ad7e7c0cb8c:192.168.34.27:35327, f880858e-e0c8-4e2f-9ec0-7abd399f8072:192.168.34.27:33474, 44c98fd3-5215-47c9-acf7-a0fea8b00f2c:192.168.34.27:38312], old=null
2019-09-18 22:21:04,865 [pool-42-thread-1] INFO  impl.RaftServerImpl (RaftServerImpl.java:start(185)) - 0dd2ac99-5c17-4c27-b133-7ad7e7c0cb8c@group-B4292E57E96E: start as a follower, conf=-1: [0dd2ac99-5c17-4c27-b133-7ad7e7c0cb8c:192.168.34.27:35327, f880858e-e0c8-4e2f-9ec0-7abd399f8072:192.168.34.27:33474, 44c98fd3-5215-47c9-acf7-a0fea8b00f2c:192.168.34.27:38312], old=null
2019-09-18 22:21:04,865 [pool-32-thread-1] INFO  impl.RaftServerImpl (RaftServerImpl.java:setRole(174)) - f880858e-e0c8-4e2f-9ec0-7abd399f8072@group-B4292E57E96E: changes role from      null to FOLLOWER at term 0 for startAsFollower
2019-09-18 22:21:04,865 [pool-42-thread-1] INFO  impl.RaftServerImpl (RaftServerImpl.java:setRole(174)) - 0dd2ac99-5c17-4c27-b133-7ad7e7c0cb8c@group-B4292E57E96E: changes role from      null to FOLLOWER at term 0 for startAsFollower
2019-09-18 22:21:04,865 [pool-32-thread-1] INFO  impl.RoleInfo (RoleInfo.java:updateAndGet(143)) - f880858e-e0c8-4e2f-9ec0-7abd399f8072: start FollowerState
2019-09-18 22:21:04,865 [pool-42-thread-1] INFO  impl.RoleInfo (RoleInfo.java:updateAndGet(143)) - 0dd2ac99-5c17-4c27-b133-7ad7e7c0cb8c: start FollowerState
2019-09-18 22:21:04,865 [pool-32-thread-1] INFO  util.JmxRegister (JmxRegister.java:tryRegister(44)) - Successfully registered JMX Bean with object name Ratis:service=RaftServer,group=group-B4292E57E96E,id=f880858e-e0c8-4e2f-9ec0-7abd399f8072
2019-09-18 22:21:04,866 [pool-42-thread-1] INFO  util.JmxRegister (JmxRegister.java:tryRegister(44)) - Successfully registered JMX Bean with object name Ratis:service=RaftServer,group=group-B4292E57E96E,id=0dd2ac99-5c17-4c27-b133-7ad7e7c0cb8c
2019-09-18 22:21:04,882 [RatisPipelineUtilsThread] INFO  pipeline.PipelineStateManager (PipelineStateManager.java:addPipeline(56)) - Created pipeline Pipeline[ Id: d23078a1-ea45-49dd-b2e1-b4292e57e96e, Nodes: 0dd2ac99-5c17-4c27-b133-7ad7e7c0cb8c{ip: 192.168.34.27, host: pr-hdds-2150-pzdq9-4118776691, networkLocation: /default-rack, certSerialId: null}44c98fd3-5215-47c9-acf7-a0fea8b00f2c{ip: 192.168.34.27, host: pr-hdds-2150-pzdq9-4118776691, networkLocation: /default-rack, certSerialId: null}f880858e-e0c8-4e2f-9ec0-7abd399f8072{ip: 192.168.34.27, host: pr-hdds-2150-pzdq9-4118776691, networkLocation: /default-rack, certSerialId: null}, Type:RATIS, Factor:THREE, State:OPEN]
2019-09-18 22:21:05,922 [Datanode State Machine Thread - 0] INFO  statemachine.DatanodeStateMachine (DatanodeStateMachine.java:lambda$startDaemon$0(350)) - Ozone container server started.
2019-09-18 22:21:05,991 [Datanode State Machine Thread - 0] INFO  statemachine.DatanodeStateMachine (DatanodeStateMachine.java:lambda$startDaemon$0(350)) - Ozone container server started.
2019-09-18 22:21:06,971 [Thread-183] INFO  container.ReplicationManager (ReplicationManager.java:start(162)) - Starting Replication Monitor Thread.
2019-09-18 22:21:06,973 [ReplicationMonitor] INFO  container.ReplicationManager (ReplicationManager.java:run(225)) - Replication Monitor Thread took 1 milliseconds for processing 0 containers.
2019-09-18 22:21:09,337 [main] INFO  ozoneimpl.OzoneContainer (OzoneContainer.java:stop(231)) - Attempting to stop container services.
2019-09-18 22:21:09,337 [ForkJoinPool.commonPool-worker-1] INFO  ozoneimpl.OzoneContainer (OzoneContainer.java:stop(231)) - Attempting to stop container services.
2019-09-18 22:21:09,337 [main] INFO  impl.RaftServerProxy (RaftServerProxy.java:lambda$close$4(314)) - 0dd2ac99-5c17-4c27-b133-7ad7e7c0cb8c: close
2019-09-18 22:21:09,337 [ForkJoinPool.commonPool-worker-1] INFO  impl.RaftServerProxy (RaftServerProxy.java:lambda$close$4(314)) - f880858e-e0c8-4e2f-9ec0-7abd399f8072: close
2019-09-18 22:21:09,338 [main] INFO  impl.RaftServerImpl (RaftServerImpl.java:lambda$shutdown$3(251)) - 0dd2ac99-5c17-4c27-b133-7ad7e7c0cb8c@group-B4292E57E96E: shutdown
2019-09-18 22:21:09,338 [ForkJoinPool.commonPool-worker-1] INFO  impl.RaftServerImpl (RaftServerImpl.java:lambda$shutdown$3(251)) - f880858e-e0c8-4e2f-9ec0-7abd399f8072@group-648586FC7D4A: shutdown
2019-09-18 22:21:09,338 [main] INFO  util.JmxRegister (JmxRegister.java:unregister(73)) - Successfully un-registered JMX Bean with object name Ratis:service=RaftServer,group=group-B4292E57E96E,id=0dd2ac99-5c17-4c27-b133-7ad7e7c0cb8c
2019-09-18 22:21:09,338 [ForkJoinPool.commonPool-worker-1] INFO  util.JmxRegister (JmxRegister.java:unregister(73)) - Successfully un-registered JMX Bean with object name Ratis:service=RaftServer,group=group-648586FC7D4A,id=f880858e-e0c8-4e2f-9ec0-7abd399f8072
2019-09-18 22:21:09,339 [main] INFO  impl.RoleInfo (RoleInfo.java:shutdownFollowerState(121)) - 0dd2ac99-5c17-4c27-b133-7ad7e7c0cb8c: shutdown FollowerState
2019-09-18 22:21:09,339 [ForkJoinPool.commonPool-worker-1] INFO  impl.RoleInfo (RoleInfo.java:shutdownFollowerState(121)) - f880858e-e0c8-4e2f-9ec0-7abd399f8072: shutdown FollowerState
2019-09-18 22:21:09,339 [main] INFO  impl.StateMachineUpdater (StateMachineUpdater.java:stopAndJoin(125)) - 0dd2ac99-5c17-4c27-b133-7ad7e7c0cb8c@group-B4292E57E96E-StateMachineUpdater: set stopIndex = -1
2019-09-18 22:21:09,341 [Thread-186] INFO  impl.FollowerState (FollowerState.java:run(115)) - f880858e-e0c8-4e2f-9ec0-7abd399f8072: FollowerState was interrupted: java.lang.InterruptedException: sleep interrupted
2019-09-18 22:21:09,340 [Thread-200] INFO  impl.FollowerState (FollowerState.java:run(115)) - 0dd2ac99-5c17-4c27-b133-7ad7e7c0cb8c: FollowerState was interrupted: java.lang.InterruptedException: sleep interrupted
2019-09-18 22:21:09,340 [ForkJoinPool.commonPool-worker-1] INFO  impl.StateMachineUpdater (StateMachineUpdater.java:stopAndJoin(125)) - f880858e-e0c8-4e2f-9ec0-7abd399f8072@group-648586FC7D4A-StateMachineUpdater: set stopIndex = -1
2019-09-18 22:21:09,343 [main] INFO  impl.RaftServerImpl (ServerState.java:close(385)) - 0dd2ac99-5c17-4c27-b133-7ad7e7c0cb8c@group-B4292E57E96E: closes. applyIndex: -1
2019-09-18 22:21:09,345 [ForkJoinPool.commonPool-worker-1] INFO  impl.RaftServerImpl (ServerState.java:close(385)) - f880858e-e0c8-4e2f-9ec0-7abd399f8072@group-648586FC7D4A: closes. applyIndex: -1
2019-09-18 22:21:09,346 [0dd2ac99-5c17-4c27-b133-7ad7e7c0cb8c@group-B4292E57E96E-SegmentedRaftLogWorker] INFO  segmented.SegmentedRaftLogWorker (SegmentedRaftLogWorker.java:run(313)) - 0dd2ac99-5c17-4c27-b133-7ad7e7c0cb8c@group-B4292E57E96E-SegmentedRaftLogWorker was interrupted, exiting. There are 0 tasks remaining in the queue.
2019-09-18 22:21:09,346 [f880858e-e0c8-4e2f-9ec0-7abd399f8072@group-648586FC7D4A-SegmentedRaftLogWorker] INFO  segmented.SegmentedRaftLogWorker (SegmentedRaftLogWorker.java:run(313)) - f880858e-e0c8-4e2f-9ec0-7abd399f8072@group-648586FC7D4A-SegmentedRaftLogWorker was interrupted, exiting. There are 0 tasks remaining in the queue.
2019-09-18 22:21:09,346 [main] INFO  segmented.SegmentedRaftLogWorker (SegmentedRaftLogWorker.java:close(228)) - 0dd2ac99-5c17-4c27-b133-7ad7e7c0cb8c@group-B4292E57E96E-SegmentedRaftLogWorker close()
2019-09-18 22:21:09,346 [ForkJoinPool.commonPool-worker-1] INFO  segmented.SegmentedRaftLogWorker (SegmentedRaftLogWorker.java:close(228)) - f880858e-e0c8-4e2f-9ec0-7abd399f8072@group-648586FC7D4A-SegmentedRaftLogWorker close()
2019-09-18 22:21:09,350 [main] INFO  impl.RaftServerImpl (RaftServerImpl.java:lambda$shutdown$3(251)) - 0dd2ac99-5c17-4c27-b133-7ad7e7c0cb8c@group-877830D26449: shutdown
2019-09-18 22:21:09,352 [ForkJoinPool.commonPool-worker-1] INFO  impl.RaftServerImpl (RaftServerImpl.java:lambda$shutdown$3(251)) - f880858e-e0c8-4e2f-9ec0-7abd399f8072@group-B4292E57E96E: shutdown
2019-09-18 22:21:09,352 [main] INFO  util.JmxRegister (JmxRegister.java:unregister(73)) - Successfully un-registered JMX Bean with object name Ratis:service=RaftServer,group=group-877830D26449,id=0dd2ac99-5c17-4c27-b133-7ad7e7c0cb8c
2019-09-18 22:21:09,352 [ForkJoinPool.commonPool-worker-1] INFO  util.JmxRegister (JmxRegister.java:unregister(73)) - Successfully un-registered JMX Bean with object name Ratis:service=RaftServer,group=group-B4292E57E96E,id=f880858e-e0c8-4e2f-9ec0-7abd399f8072
2019-09-18 22:21:09,353 [main] INFO  impl.RoleInfo (RoleInfo.java:shutdownFollowerState(121)) - 0dd2ac99-5c17-4c27-b133-7ad7e7c0cb8c: shutdown FollowerState
2019-09-18 22:21:09,353 [ForkJoinPool.commonPool-worker-1] INFO  impl.RoleInfo (RoleInfo.java:shutdownFollowerState(121)) - f880858e-e0c8-4e2f-9ec0-7abd399f8072: shutdown FollowerState
2019-09-18 22:21:09,353 [Thread-189] INFO  impl.FollowerState (FollowerState.java:run(115)) - 0dd2ac99-5c17-4c27-b133-7ad7e7c0cb8c: FollowerState was interrupted: java.lang.InterruptedException: sleep interrupted
2019-09-18 22:21:09,353 [main] INFO  impl.StateMachineUpdater (StateMachineUpdater.java:stopAndJoin(125)) - 0dd2ac99-5c17-4c27-b133-7ad7e7c0cb8c@group-877830D26449-StateMachineUpdater: set stopIndex = -1
2019-09-18 22:21:09,354 [Thread-199] INFO  impl.FollowerState (FollowerState.java:run(115)) - f880858e-e0c8-4e2f-9ec0-7abd399f8072: FollowerState was interrupted: java.lang.InterruptedException: sleep interrupted
2019-09-18 22:21:09,354 [ForkJoinPool.commonPool-worker-1] INFO  impl.StateMachineUpdater (StateMachineUpdater.java:stopAndJoin(125)) - f880858e-e0c8-4e2f-9ec0-7abd399f8072@group-B4292E57E96E-StateMachineUpdater: set stopIndex = -1
2019-09-18 22:21:09,357 [ForkJoinPool.commonPool-worker-1] INFO  impl.RaftServerImpl (ServerState.java:close(385)) - f880858e-e0c8-4e2f-9ec0-7abd399f8072@group-B4292E57E96E: closes. applyIndex: -1
2019-09-18 22:21:09,356 [main] INFO  impl.RaftServerImpl (ServerState.java:close(385)) - 0dd2ac99-5c17-4c27-b133-7ad7e7c0cb8c@group-877830D26449: closes. applyIndex: -1
2019-09-18 22:21:09,357 [f880858e-e0c8-4e2f-9ec0-7abd399f8072@group-B4292E57E96E-SegmentedRaftLogWorker] INFO  segmented.SegmentedRaftLogWorker (SegmentedRaftLogWorker.java:run(313)) - f880858e-e0c8-4e2f-9ec0-7abd399f8072@group-B4292E57E96E-SegmentedRaftLogWorker was interrupted, exiting. There are 0 tasks remaining in the queue.
2019-09-18 22:21:09,358 [0dd2ac99-5c17-4c27-b133-7ad7e7c0cb8c@group-877830D26449-SegmentedRaftLogWorker] INFO  segmented.SegmentedRaftLogWorker (SegmentedRaftLogWorker.java:run(313)) - 0dd2ac99-5c17-4c27-b133-7ad7e7c0cb8c@group-877830D26449-SegmentedRaftLogWorker was interrupted, exiting. There are 0 tasks remaining in the queue.
2019-09-18 22:21:09,358 [ForkJoinPool.commonPool-worker-1] INFO  segmented.SegmentedRaftLogWorker (SegmentedRaftLogWorker.java:close(228)) - f880858e-e0c8-4e2f-9ec0-7abd399f8072@group-B4292E57E96E-SegmentedRaftLogWorker close()
2019-09-18 22:21:09,358 [main] INFO  segmented.SegmentedRaftLogWorker (SegmentedRaftLogWorker.java:close(228)) - 0dd2ac99-5c17-4c27-b133-7ad7e7c0cb8c@group-877830D26449-SegmentedRaftLogWorker close()
2019-09-18 22:21:09,361 [ForkJoinPool.commonPool-worker-1] INFO  server.GrpcService (GrpcService.java:closeImpl(164)) - f880858e-e0c8-4e2f-9ec0-7abd399f8072: shutdown server with port 33474 now
2019-09-18 22:21:09,366 [main] INFO  server.GrpcService (GrpcService.java:closeImpl(164)) - 0dd2ac99-5c17-4c27-b133-7ad7e7c0cb8c: shutdown server with port 35327 now
2019-09-18 22:21:09,367 [ForkJoinPool.commonPool-worker-1] INFO  server.GrpcService (GrpcService.java:closeImpl(172)) - f880858e-e0c8-4e2f-9ec0-7abd399f8072: shutdown server with port 33474 successfully
2019-09-18 22:21:09,369 [main] INFO  server.GrpcService (GrpcService.java:closeImpl(172)) - 0dd2ac99-5c17-4c27-b133-7ad7e7c0cb8c: shutdown server with port 35327 successfully
2019-09-18 22:21:09,372 [refreshUsed-/workdir/hadoop-ozone/integration-test/target/test-dir/MiniOzoneClusterImpl-49dd8ba2-f96b-4b94-abc6-9d4cf1b6af53/datanode-0/data/containers] WARN  fs.CachingGetSpaceUsed (CachingGetSpaceUsed.java:run(183)) - Thread Interrupted waiting to refresh disk information: sleep interrupted
2019-09-18 22:21:09,372 [refreshUsed-/workdir/hadoop-ozone/integration-test/target/test-dir/MiniOzoneClusterImpl-49dd8ba2-f96b-4b94-abc6-9d4cf1b6af53/datanode-1/data/containers] WARN  fs.CachingGetSpaceUsed (CachingGetSpaceUsed.java:run(183)) - Thread Interrupted waiting to refresh disk information: sleep interrupted
2019-09-18 22:21:09,391 [ForkJoinPool.commonPool-worker-1] INFO  utils.BackgroundService (BackgroundService.java:shutdown(148)) - Shutting down service BlockDeletingService
2019-09-18 22:21:09,393 [ForkJoinPool.commonPool-worker-1] INFO  statemachine.DatanodeStateMachine (DatanodeStateMachine.java:stopDaemon(395)) - Ozone container server stopped.
2019-09-18 22:21:09,395 [ForkJoinPool.commonPool-worker-1] INFO  handler.ContextHandler (ContextHandler.java:doStop(910)) - Stopped o.e.j.w.WebAppContext@671c4166{/,null,UNAVAILABLE}{/hddsDatanode}
2019-09-18 22:21:09,395 [ForkJoinPool.commonPool-worker-1] INFO  server.AbstractConnector (AbstractConnector.java:doStop(318)) - Stopped ServerConnector@53d13cd4{HTTP/1.1,[http/1.1]}{0.0.0.0:0}
2019-09-18 22:21:09,395 [main] INFO  utils.BackgroundService (BackgroundService.java:shutdown(148)) - Shutting down service BlockDeletingService
2019-09-18 22:21:09,396 [ForkJoinPool.commonPool-worker-1] INFO  handler.ContextHandler (ContextHandler.java:doStop(910)) - Stopped o.e.j.s.ServletContextHandler@265bd546{/static,jar:file:/home/user/.m2/repository/org/apache/hadoop/hadoop-hdds-container-service/0.5.0-SNAPSHOT/hadoop-hdds-container-service-0.5.0-SNAPSHOT.jar!/webapps/static,UNAVAILABLE}
2019-09-18 22:21:09,398 [ForkJoinPool.commonPool-worker-1] INFO  handler.ContextHandler (ContextHandler.java:doStop(910)) - Stopped o.e.j.s.ServletContextHandler@1c8f6a90{/logs,file:///workdir/hadoop-ozone/integration-test/target/log,UNAVAILABLE}
2019-09-18 22:21:09,398 [main] INFO  statemachine.DatanodeStateMachine (DatanodeStateMachine.java:stopDaemon(395)) - Ozone container server stopped.
2019-09-18 22:21:09,399 [main] INFO  handler.ContextHandler (ContextHandler.java:doStop(910)) - Stopped o.e.j.w.WebAppContext@178f268a{/,null,UNAVAILABLE}{/hddsDatanode}
2019-09-18 22:21:09,400 [main] INFO  server.AbstractConnector (AbstractConnector.java:doStop(318)) - Stopped ServerConnector@33ecbd6c{HTTP/1.1,[http/1.1]}{0.0.0.0:0}
2019-09-18 22:21:09,400 [main] INFO  handler.ContextHandler (ContextHandler.java:doStop(910)) - Stopped o.e.j.s.ServletContextHandler@fe34b86{/static,jar:file:/home/user/.m2/repository/org/apache/hadoop/hadoop-hdds-container-service/0.5.0-SNAPSHOT/hadoop-hdds-container-service-0.5.0-SNAPSHOT.jar!/webapps/static,UNAVAILABLE}
2019-09-18 22:21:09,401 [main] INFO  handler.ContextHandler (ContextHandler.java:doStop(910)) - Stopped o.e.j.s.ServletContextHandler@3c87fdf2{/logs,file:///workdir/hadoop-ozone/integration-test/target/log,UNAVAILABLE}
2019-09-18 22:21:09,810 [Thread-192] INFO  impl.FollowerState (FollowerState.java:run(106)) - 44c98fd3-5215-47c9-acf7-a0fea8b00f2c:group-ADAC87D0E5DC changes to CANDIDATE, lastRpcTime:5077, electionTimeout:5077ms
2019-09-18 22:21:09,811 [Thread-192] INFO  impl.RoleInfo (RoleInfo.java:shutdownFollowerState(121)) - 44c98fd3-5215-47c9-acf7-a0fea8b00f2c: shutdown FollowerState
2019-09-18 22:21:09,811 [Thread-192] INFO  impl.RaftServerImpl (RaftServerImpl.java:setRole(174)) - 44c98fd3-5215-47c9-acf7-a0fea8b00f2c@group-ADAC87D0E5DC: changes role from  FOLLOWER to CANDIDATE at term 0 for changeToCandidate
2019-09-18 22:21:09,812 [Thread-192] INFO  impl.RoleInfo (RoleInfo.java:updateAndGet(143)) - 44c98fd3-5215-47c9-acf7-a0fea8b00f2c: start LeaderElection
2019-09-18 22:21:09,826 [44c98fd3-5215-47c9-acf7-a0fea8b00f2c@group-ADAC87D0E5DC:LeaderElection2] INFO  impl.LeaderElection (LeaderElection.java:askForVotes(182)) - 44c98fd3-5215-47c9-acf7-a0fea8b00f2c@group-ADAC87D0E5DC:LeaderElection2: begin an election at term 1 for -1: [44c98fd3-5215-47c9-acf7-a0fea8b00f2c:192.168.34.27:38312], old=null
2019-09-18 22:21:09,830 [44c98fd3-5215-47c9-acf7-a0fea8b00f2c@group-ADAC87D0E5DC:LeaderElection2] INFO  impl.RoleInfo (RoleInfo.java:shutdownLeaderElection(134)) - 44c98fd3-5215-47c9-acf7-a0fea8b00f2c: shutdown LeaderElection
2019-09-18 22:21:09,830 [44c98fd3-5215-47c9-acf7-a0fea8b00f2c@group-ADAC87D0E5DC:LeaderElection2] INFO  impl.RaftServerImpl (RaftServerImpl.java:setRole(174)) - 44c98fd3-5215-47c9-acf7-a0fea8b00f2c@group-ADAC87D0E5DC: changes role from CANDIDATE to LEADER at term 1 for changeToLeader
2019-09-18 22:21:09,830 [44c98fd3-5215-47c9-acf7-a0fea8b00f2c@group-ADAC87D0E5DC:LeaderElection2] INFO  impl.RaftServerImpl (ServerState.java:setLeader(253)) - 44c98fd3-5215-47c9-acf7-a0fea8b00f2c@group-ADAC87D0E5DC: change Leader from null to 44c98fd3-5215-47c9-acf7-a0fea8b00f2c at term 1 for becomeLeader, leader elected after 5108ms
2019-09-18 22:21:09,830 [44c98fd3-5215-47c9-acf7-a0fea8b00f2c@group-ADAC87D0E5DC:LeaderElection2] INFO  server.RaftServerConfigKeys (ConfUtils.java:logGet(43)) - raft.server.staging.catchup.gap = 1000 (default)
2019-09-18 22:21:09,830 [44c98fd3-5215-47c9-acf7-a0fea8b00f2c@group-ADAC87D0E5DC:LeaderElection2] INFO  server.RaftServerConfigKeys (ConfUtils.java:logGet(43)) - raft.server.rpc.sleep.time = 25ms (default)
2019-09-18 22:21:09,831 [44c98fd3-5215-47c9-acf7-a0fea8b00f2c@group-ADAC87D0E5DC:LeaderElection2] INFO  server.RaftServerConfigKeys (ConfUtils.java:logGet(43)) - raft.server.write.element-limit = 4096 (default)
2019-09-18 22:21:09,831 [44c98fd3-5215-47c9-acf7-a0fea8b00f2c@group-ADAC87D0E5DC:LeaderElection2] INFO  server.RaftServerConfigKeys (ConfUtils.java:logGet(43)) - raft.server.watch.timeout = 10s (default)
2019-09-18 22:21:09,831 [44c98fd3-5215-47c9-acf7-a0fea8b00f2c@group-ADAC87D0E5DC:LeaderElection2] INFO  server.RaftServerConfigKeys (ConfUtils.java:logGet(43)) - raft.server.watch.timeout.denomination = 1s (default)
2019-09-18 22:21:09,831 [44c98fd3-5215-47c9-acf7-a0fea8b00f2c@group-ADAC87D0E5DC:LeaderElection2] INFO  server.RaftServerConfigKeys (ConfUtils.java:logGet(43)) - raft.server.watch.element-limit = 65536 (default)
2019-09-18 22:21:09,835 [44c98fd3-5215-47c9-acf7-a0fea8b00f2c@group-ADAC87D0E5DC:LeaderElection2] INFO  impl.RoleInfo (RoleInfo.java:updateAndGet(143)) - 44c98fd3-5215-47c9-acf7-a0fea8b00f2c: start LeaderState
2019-09-18 22:21:09,835 [44c98fd3-5215-47c9-acf7-a0fea8b00f2c@group-ADAC87D0E5DC:LeaderElection2] INFO  segmented.SegmentedRaftLogWorker (SegmentedRaftLogWorker.java:startLogSegment(380)) - 44c98fd3-5215-47c9-acf7-a0fea8b00f2c@group-ADAC87D0E5DC-SegmentedRaftLogWorker: Starting segment from index:0
2019-09-18 22:21:09,836 [44c98fd3-5215-47c9-acf7-a0fea8b00f2c@group-ADAC87D0E5DC:LeaderElection2] INFO  impl.RaftServerImpl (ServerState.java:setRaftConf(354)) - 44c98fd3-5215-47c9-acf7-a0fea8b00f2c@group-ADAC87D0E5DC: set configuration 0: [44c98fd3-5215-47c9-acf7-a0fea8b00f2c:192.168.34.27:38312], old=null at 0
2019-09-18 22:21:09,882 [44c98fd3-5215-47c9-acf7-a0fea8b00f2c@group-ADAC87D0E5DC-SegmentedRaftLogWorker] INFO  segmented.SegmentedRaftLogWorker (SegmentedRaftLogWorker.java:execute(569)) - 44c98fd3-5215-47c9-acf7-a0fea8b00f2c@group-ADAC87D0E5DC-SegmentedRaftLogWorker: created new log segment /workdir/hadoop-ozone/integration-test/target/test-dir/MiniOzoneClusterImpl-49dd8ba2-f96b-4b94-abc6-9d4cf1b6af53/datanode-2/data/ratis/f7088585-0ab0-40e0-a19c-adac87d0e5dc/current/log_inprogress_0
2019-09-18 22:21:10,047 [Thread-197] INFO  impl.FollowerState (FollowerState.java:run(106)) - 44c98fd3-5215-47c9-acf7-a0fea8b00f2c:group-B4292E57E96E changes to CANDIDATE, lastRpcTime:5185, electionTimeout:5185ms
2019-09-18 22:21:10,048 [Thread-197] INFO  impl.RoleInfo (RoleInfo.java:shutdownFollowerState(121)) - 44c98fd3-5215-47c9-acf7-a0fea8b00f2c: shutdown FollowerState
2019-09-18 22:21:10,048 [Thread-197] INFO  impl.RaftServerImpl (RaftServerImpl.java:setRole(174)) - 44c98fd3-5215-47c9-acf7-a0fea8b00f2c@group-B4292E57E96E: changes role from  FOLLOWER to CANDIDATE at term 0 for changeToCandidate
2019-09-18 22:21:10,048 [Thread-197] INFO  impl.RoleInfo (RoleInfo.java:updateAndGet(143)) - 44c98fd3-5215-47c9-acf7-a0fea8b00f2c: start LeaderElection
2019-09-18 22:21:10,060 [Datanode State Machine Thread - 0] INFO  statemachine.DatanodeStateMachine (DatanodeStateMachine.java:lambda$startDaemon$0(350)) - Ozone container server started.
2019-09-18 22:21:10,071 [44c98fd3-5215-47c9-acf7-a0fea8b00f2c@group-B4292E57E96E:LeaderElection3] INFO  impl.LeaderElection (LeaderElection.java:askForVotes(182)) - 44c98fd3-5215-47c9-acf7-a0fea8b00f2c@group-B4292E57E96E:LeaderElection3: begin an election at term 1 for -1: [0dd2ac99-5c17-4c27-b133-7ad7e7c0cb8c:192.168.34.27:35327, f880858e-e0c8-4e2f-9ec0-7abd399f8072:192.168.34.27:33474, 44c98fd3-5215-47c9-acf7-a0fea8b00f2c:192.168.34.27:38312], old=null
2019-09-18 22:21:10,098 [44c98fd3-5215-47c9-acf7-a0fea8b00f2c@group-B4292E57E96E:LeaderElection3] INFO  impl.LeaderElection (LogUtils.java:infoOrTrace(149)) - 44c98fd3-5215-47c9-acf7-a0fea8b00f2c@group-B4292E57E96E:LeaderElection3 got exception when requesting votes: {}
java.util.concurrent.ExecutionException: org.apache.ratis.thirdparty.io.grpc.StatusRuntimeException: UNAVAILABLE: io exception
	at java.util.concurrent.FutureTask.report(FutureTask.java:122)
	at java.util.concurrent.FutureTask.get(FutureTask.java:192)
	at org.apache.ratis.server.impl.LeaderElection.waitForResults(LeaderElection.java:263)
	at org.apache.ratis.server.impl.LeaderElection.askForVotes(LeaderElection.java:201)
	at org.apache.ratis.server.impl.LeaderElection.run(LeaderElection.java:133)
	at java.lang.Thread.run(Thread.java:748)
Caused by: org.apache.ratis.thirdparty.io.grpc.StatusRuntimeException: UNAVAILABLE: io exception
	at org.apache.ratis.thirdparty.io.grpc.stub.ClientCalls.toStatusRuntimeException(ClientCalls.java:233)
	at org.apache.ratis.thirdparty.io.grpc.stub.ClientCalls.getUnchecked(ClientCalls.java:214)
	at org.apache.ratis.thirdparty.io.grpc.stub.ClientCalls.blockingUnaryCall(ClientCalls.java:139)
	at org.apache.ratis.proto.grpc.RaftServerProtocolServiceGrpc$RaftServerProtocolServiceBlockingStub.requestVote(RaftServerProtocolServiceGrpc.java:265)
	at org.apache.ratis.grpc.server.GrpcServerProtocolClient.requestVote(GrpcServerProtocolClient.java:90)
	at org.apache.ratis.grpc.server.GrpcService.requestVote(GrpcService.java:204)
	at org.apache.ratis.server.impl.LeaderElection.lambda$submitRequests$1(LeaderElection.java:238)
	at java.util.concurrent.FutureTask.run(FutureTask.java:266)
	at java.util.concurrent.Executors$RunnableAdapter.call(Executors.java:511)
	at java.util.concurrent.FutureTask.run(FutureTask.java:266)
	at java.util.concurrent.ThreadPoolExecutor.runWorker(ThreadPoolExecutor.java:1149)
	at java.util.concurrent.ThreadPoolExecutor$Worker.run(ThreadPoolExecutor.java:624)
	... 1 more
Caused by: org.apache.ratis.thirdparty.io.netty.channel.AbstractChannel$AnnotatedConnectException: Connection refused: /192.168.34.27:33474
	at sun.nio.ch.SocketChannelImpl.checkConnect(Native Method)
	at sun.nio.ch.SocketChannelImpl.finishConnect(SocketChannelImpl.java:717)
	at org.apache.ratis.thirdparty.io.netty.channel.socket.nio.NioSocketChannel.doFinishConnect(NioSocketChannel.java:327)
	at org.apache.ratis.thirdparty.io.netty.channel.nio.AbstractNioChannel$AbstractNioUnsafe.finishConnect(AbstractNioChannel.java:340)
	at org.apache.ratis.thirdparty.io.netty.channel.nio.NioEventLoop.processSelectedKey(NioEventLoop.java:632)
	at org.apache.ratis.thirdparty.io.netty.channel.nio.NioEventLoop.processSelectedKeysOptimized(NioEventLoop.java:579)
	at org.apache.ratis.thirdparty.io.netty.channel.nio.NioEventLoop.processSelectedKeys(NioEventLoop.java:496)
	at org.apache.ratis.thirdparty.io.netty.channel.nio.NioEventLoop.run(NioEventLoop.java:458)
	at org.apache.ratis.thirdparty.io.netty.util.concurrent.SingleThreadEventExecutor$5.run(SingleThreadEventExecutor.java:897)
	at org.apache.ratis.thirdparty.io.netty.util.concurrent.FastThreadLocalRunnable.run(FastThreadLocalRunnable.java:30)
	... 1 more
Caused by: java.net.ConnectException: Connection refused
	... 11 more
2019-09-18 22:21:10,100 [44c98fd3-5215-47c9-acf7-a0fea8b00f2c@group-B4292E57E96E:LeaderElection3] INFO  impl.LeaderElection (LogUtils.java:infoOrTrace(149)) - 44c98fd3-5215-47c9-acf7-a0fea8b00f2c@group-B4292E57E96E:LeaderElection3 got exception when requesting votes: {}
java.util.concurrent.ExecutionException: org.apache.ratis.thirdparty.io.grpc.StatusRuntimeException: UNAVAILABLE: io exception
	at java.util.concurrent.FutureTask.report(FutureTask.java:122)
	at java.util.concurrent.FutureTask.get(FutureTask.java:192)
	at org.apache.ratis.server.impl.LeaderElection.waitForResults(LeaderElection.java:263)
	at org.apache.ratis.server.impl.LeaderElection.askForVotes(LeaderElection.java:201)
	at org.apache.ratis.server.impl.LeaderElection.run(LeaderElection.java:133)
	at java.lang.Thread.run(Thread.java:748)
Caused by: org.apache.ratis.thirdparty.io.grpc.StatusRuntimeException: UNAVAILABLE: io exception
	at org.apache.ratis.thirdparty.io.grpc.stub.ClientCalls.toStatusRuntimeException(ClientCalls.java:233)
	at org.apache.ratis.thirdparty.io.grpc.stub.ClientCalls.getUnchecked(ClientCalls.java:214)
	at org.apache.ratis.thirdparty.io.grpc.stub.ClientCalls.blockingUnaryCall(ClientCalls.java:139)
	at org.apache.ratis.proto.grpc.RaftServerProtocolServiceGrpc$RaftServerProtocolServiceBlockingStub.requestVote(RaftServerProtocolServiceGrpc.java:265)
	at org.apache.ratis.grpc.server.GrpcServerProtocolClient.requestVote(GrpcServerProtocolClient.java:90)
	at org.apache.ratis.grpc.server.GrpcService.requestVote(GrpcService.java:204)
	at org.apache.ratis.server.impl.LeaderElection.lambda$submitRequests$1(LeaderElection.java:238)
	at java.util.concurrent.FutureTask.run(FutureTask.java:266)
	at java.util.concurrent.Executors$RunnableAdapter.call(Executors.java:511)
	at java.util.concurrent.FutureTask.run(FutureTask.java:266)
	at java.util.concurrent.ThreadPoolExecutor.runWorker(ThreadPoolExecutor.java:1149)
	at java.util.concurrent.ThreadPoolExecutor$Worker.run(ThreadPoolExecutor.java:624)
	... 1 more
Caused by: org.apache.ratis.thirdparty.io.netty.channel.AbstractChannel$AnnotatedConnectException: Connection refused: /192.168.34.27:35327
	at sun.nio.ch.SocketChannelImpl.checkConnect(Native Method)
	at sun.nio.ch.SocketChannelImpl.finishConnect(SocketChannelImpl.java:717)
	at org.apache.ratis.thirdparty.io.netty.channel.socket.nio.NioSocketChannel.doFinishConnect(NioSocketChannel.java:327)
	at org.apache.ratis.thirdparty.io.netty.channel.nio.AbstractNioChannel$AbstractNioUnsafe.finishConnect(AbstractNioChannel.java:340)
	at org.apache.ratis.thirdparty.io.netty.channel.nio.NioEventLoop.processSelectedKey(NioEventLoop.java:632)
	at org.apache.ratis.thirdparty.io.netty.channel.nio.NioEventLoop.processSelectedKeysOptimized(NioEventLoop.java:579)
	at org.apache.ratis.thirdparty.io.netty.channel.nio.NioEventLoop.processSelectedKeys(NioEventLoop.java:496)
	at org.apache.ratis.thirdparty.io.netty.channel.nio.NioEventLoop.run(NioEventLoop.java:458)
	at org.apache.ratis.thirdparty.io.netty.util.concurrent.SingleThreadEventExecutor$5.run(SingleThreadEventExecutor.java:897)
	at org.apache.ratis.thirdparty.io.netty.util.concurrent.FastThreadLocalRunnable.run(FastThreadLocalRunnable.java:30)
	... 1 more
Caused by: java.net.ConnectException: Connection refused
	... 11 more
2019-09-18 22:21:10,103 [44c98fd3-5215-47c9-acf7-a0fea8b00f2c@group-B4292E57E96E:LeaderElection3] INFO  impl.LeaderElection (LeaderElection.java:logAndReturn(56)) - 44c98fd3-5215-47c9-acf7-a0fea8b00f2c@group-B4292E57E96E:LeaderElection3: Election REJECTED; received 0 response(s) [] and 2 exception(s); 44c98fd3-5215-47c9-acf7-a0fea8b00f2c@group-B4292E57E96E:t1, leader=null, voted=44c98fd3-5215-47c9-acf7-a0fea8b00f2c, raftlog=44c98fd3-5215-47c9-acf7-a0fea8b00f2c@group-B4292E57E96E-SegmentedRaftLog:OPENED:c-1,f-1,i0, conf=-1: [0dd2ac99-5c17-4c27-b133-7ad7e7c0cb8c:192.168.34.27:35327, f880858e-e0c8-4e2f-9ec0-7abd399f8072:192.168.34.27:33474, 44c98fd3-5215-47c9-acf7-a0fea8b00f2c:192.168.34.27:38312], old=null
2019-09-18 22:21:10,104 [44c98fd3-5215-47c9-acf7-a0fea8b00f2c@group-B4292E57E96E:LeaderElection3] INFO  impl.LeaderElection (LogUtils.java:infoOrTrace(149)) -   Exception 0: {}
java.util.concurrent.ExecutionException: org.apache.ratis.thirdparty.io.grpc.StatusRuntimeException: UNAVAILABLE: io exception
	at java.util.concurrent.FutureTask.report(FutureTask.java:122)
	at java.util.concurrent.FutureTask.get(FutureTask.java:192)
	at org.apache.ratis.server.impl.LeaderElection.waitForResults(LeaderElection.java:263)
	at org.apache.ratis.server.impl.LeaderElection.askForVotes(LeaderElection.java:201)
	at org.apache.ratis.server.impl.LeaderElection.run(LeaderElection.java:133)
	at java.lang.Thread.run(Thread.java:748)
Caused by: org.apache.ratis.thirdparty.io.grpc.StatusRuntimeException: UNAVAILABLE: io exception
	at org.apache.ratis.thirdparty.io.grpc.stub.ClientCalls.toStatusRuntimeException(ClientCalls.java:233)
	at org.apache.ratis.thirdparty.io.grpc.stub.ClientCalls.getUnchecked(ClientCalls.java:214)
	at org.apache.ratis.thirdparty.io.grpc.stub.ClientCalls.blockingUnaryCall(ClientCalls.java:139)
	at org.apache.ratis.proto.grpc.RaftServerProtocolServiceGrpc$RaftServerProtocolServiceBlockingStub.requestVote(RaftServerProtocolServiceGrpc.java:265)
	at org.apache.ratis.grpc.server.GrpcServerProtocolClient.requestVote(GrpcServerProtocolClient.java:90)
	at org.apache.ratis.grpc.server.GrpcService.requestVote(GrpcService.java:204)
	at org.apache.ratis.server.impl.LeaderElection.lambda$submitRequests$1(LeaderElection.java:238)
	at java.util.concurrent.FutureTask.run(FutureTask.java:266)
	at java.util.concurrent.Executors$RunnableAdapter.call(Executors.java:511)
	at java.util.concurrent.FutureTask.run(FutureTask.java:266)
	at java.util.concurrent.ThreadPoolExecutor.runWorker(ThreadPoolExecutor.java:1149)
	at java.util.concurrent.ThreadPoolExecutor$Worker.run(ThreadPoolExecutor.java:624)
	... 1 more
Caused by: org.apache.ratis.thirdparty.io.netty.channel.AbstractChannel$AnnotatedConnectException: Connection refused: /192.168.34.27:33474
	at sun.nio.ch.SocketChannelImpl.checkConnect(Native Method)
	at sun.nio.ch.SocketChannelImpl.finishConnect(SocketChannelImpl.java:717)
	at org.apache.ratis.thirdparty.io.netty.channel.socket.nio.NioSocketChannel.doFinishConnect(NioSocketChannel.java:327)
	at org.apache.ratis.thirdparty.io.netty.channel.nio.AbstractNioChannel$AbstractNioUnsafe.finishConnect(AbstractNioChannel.java:340)
	at org.apache.ratis.thirdparty.io.netty.channel.nio.NioEventLoop.processSelectedKey(NioEventLoop.java:632)
	at org.apache.ratis.thirdparty.io.netty.channel.nio.NioEventLoop.processSelectedKeysOptimized(NioEventLoop.java:579)
	at org.apache.ratis.thirdparty.io.netty.channel.nio.NioEventLoop.processSelectedKeys(NioEventLoop.java:496)
	at org.apache.ratis.thirdparty.io.netty.channel.nio.NioEventLoop.run(NioEventLoop.java:458)
	at org.apache.ratis.thirdparty.io.netty.util.concurrent.SingleThreadEventExecutor$5.run(SingleThreadEventExecutor.java:897)
	at org.apache.ratis.thirdparty.io.netty.util.concurrent.FastThreadLocalRunnable.run(FastThreadLocalRunnable.java:30)
	... 1 more
Caused by: java.net.ConnectException: Connection refused
	... 11 more
2019-09-18 22:21:10,104 [44c98fd3-5215-47c9-acf7-a0fea8b00f2c@group-B4292E57E96E:LeaderElection3] INFO  impl.LeaderElection (LogUtils.java:infoOrTrace(149)) -   Exception 1: {}
java.util.concurrent.ExecutionException: org.apache.ratis.thirdparty.io.grpc.StatusRuntimeException: UNAVAILABLE: io exception
	at java.util.concurrent.FutureTask.report(FutureTask.java:122)
	at java.util.concurrent.FutureTask.get(FutureTask.java:192)
	at org.apache.ratis.server.impl.LeaderElection.waitForResults(LeaderElection.java:263)
	at org.apache.ratis.server.impl.LeaderElection.askForVotes(LeaderElection.java:201)
	at org.apache.ratis.server.impl.LeaderElection.run(LeaderElection.java:133)
	at java.lang.Thread.run(Thread.java:748)
Caused by: org.apache.ratis.thirdparty.io.grpc.StatusRuntimeException: UNAVAILABLE: io exception
	at org.apache.ratis.thirdparty.io.grpc.stub.ClientCalls.toStatusRuntimeException(ClientCalls.java:233)
	at org.apache.ratis.thirdparty.io.grpc.stub.ClientCalls.getUnchecked(ClientCalls.java:214)
	at org.apache.ratis.thirdparty.io.grpc.stub.ClientCalls.blockingUnaryCall(ClientCalls.java:139)
	at org.apache.ratis.proto.grpc.RaftServerProtocolServiceGrpc$RaftServerProtocolServiceBlockingStub.requestVote(RaftServerProtocolServiceGrpc.java:265)
	at org.apache.ratis.grpc.server.GrpcServerProtocolClient.requestVote(GrpcServerProtocolClient.java:90)
	at org.apache.ratis.grpc.server.GrpcService.requestVote(GrpcService.java:204)
	at org.apache.ratis.server.impl.LeaderElection.lambda$submitRequests$1(LeaderElection.java:238)
	at java.util.concurrent.FutureTask.run(FutureTask.java:266)
	at java.util.concurrent.Executors$RunnableAdapter.call(Executors.java:511)
	at java.util.concurrent.FutureTask.run(FutureTask.java:266)
	at java.util.concurrent.ThreadPoolExecutor.runWorker(ThreadPoolExecutor.java:1149)
	at java.util.concurrent.ThreadPoolExecutor$Worker.run(ThreadPoolExecutor.java:624)
	... 1 more
Caused by: org.apache.ratis.thirdparty.io.netty.channel.AbstractChannel$AnnotatedConnectException: Connection refused: /192.168.34.27:35327
	at sun.nio.ch.SocketChannelImpl.checkConnect(Native Method)
	at sun.nio.ch.SocketChannelImpl.finishConnect(SocketChannelImpl.java:717)
	at org.apache.ratis.thirdparty.io.netty.channel.socket.nio.NioSocketChannel.doFinishConnect(NioSocketChannel.java:327)
	at org.apache.ratis.thirdparty.io.netty.channel.nio.AbstractNioChannel$AbstractNioUnsafe.finishConnect(AbstractNioChannel.java:340)
	at org.apache.ratis.thirdparty.io.netty.channel.nio.NioEventLoop.processSelectedKey(NioEventLoop.java:632)
	at org.apache.ratis.thirdparty.io.netty.channel.nio.NioEventLoop.processSelectedKeysOptimized(NioEventLoop.java:579)
	at org.apache.ratis.thirdparty.io.netty.channel.nio.NioEventLoop.processSelectedKeys(NioEventLoop.java:496)
	at org.apache.ratis.thirdparty.io.netty.channel.nio.NioEventLoop.run(NioEventLoop.java:458)
	at org.apache.ratis.thirdparty.io.netty.util.concurrent.SingleThreadEventExecutor$5.run(SingleThreadEventExecutor.java:897)
	at org.apache.ratis.thirdparty.io.netty.util.concurrent.FastThreadLocalRunnable.run(FastThreadLocalRunnable.java:30)
	... 1 more
Caused by: java.net.ConnectException: Connection refused
	... 11 more
2019-09-18 22:21:10,106 [44c98fd3-5215-47c9-acf7-a0fea8b00f2c@group-B4292E57E96E:LeaderElection3] INFO  impl.RaftServerImpl (RaftServerImpl.java:setRole(174)) - 44c98fd3-5215-47c9-acf7-a0fea8b00f2c@group-B4292E57E96E: changes role from CANDIDATE to FOLLOWER at term 1 for DISCOVERED_A_NEW_TERM
2019-09-18 22:21:10,106 [44c98fd3-5215-47c9-acf7-a0fea8b00f2c@group-B4292E57E96E:LeaderElection3] INFO  impl.RoleInfo (RoleInfo.java:shutdownLeaderElection(134)) - 44c98fd3-5215-47c9-acf7-a0fea8b00f2c: shutdown LeaderElection
2019-09-18 22:21:10,106 [44c98fd3-5215-47c9-acf7-a0fea8b00f2c@group-B4292E57E96E:LeaderElection3] INFO  impl.RoleInfo (RoleInfo.java:updateAndGet(143)) - 44c98fd3-5215-47c9-acf7-a0fea8b00f2c: start FollowerState
2019-09-18 22:21:14,400 [ForkJoinPool.commonPool-worker-1] INFO  ozoneimpl.OzoneContainer (OzoneContainer.java:stop(231)) - Attempting to stop container services.
2019-09-18 22:21:14,401 [ForkJoinPool.commonPool-worker-1] INFO  impl.RaftServerProxy (RaftServerProxy.java:lambda$close$4(314)) - 44c98fd3-5215-47c9-acf7-a0fea8b00f2c: close
2019-09-18 22:21:14,402 [ForkJoinPool.commonPool-worker-1] INFO  impl.RaftServerImpl (RaftServerImpl.java:lambda$shutdown$3(251)) - 44c98fd3-5215-47c9-acf7-a0fea8b00f2c@group-ADAC87D0E5DC: shutdown
2019-09-18 22:21:14,402 [ForkJoinPool.commonPool-worker-1] INFO  util.JmxRegister (JmxRegister.java:unregister(73)) - Successfully un-registered JMX Bean with object name Ratis:service=RaftServer,group=group-ADAC87D0E5DC,id=44c98fd3-5215-47c9-acf7-a0fea8b00f2c
2019-09-18 22:21:14,402 [ForkJoinPool.commonPool-worker-1] INFO  impl.RoleInfo (RoleInfo.java:shutdownLeaderState(104)) - 44c98fd3-5215-47c9-acf7-a0fea8b00f2c: shutdown LeaderState
2019-09-18 22:21:14,403 [ForkJoinPool.commonPool-worker-1] INFO  impl.PendingRequests (PendingRequests.java:sendNotLeaderResponses(202)) - 44c98fd3-5215-47c9-acf7-a0fea8b00f2c-PendingRequests: sendNotLeaderResponses
2019-09-18 22:21:14,403 [ForkJoinPool.commonPool-worker-1] INFO  impl.StateMachineUpdater (StateMachineUpdater.java:stopAndJoin(125)) - 44c98fd3-5215-47c9-acf7-a0fea8b00f2c@group-ADAC87D0E5DC-StateMachineUpdater: set stopIndex = 0
2019-09-18 22:21:14,404 [ForkJoinPool.commonPool-worker-1] INFO  impl.RaftServerImpl (ServerState.java:close(385)) - 44c98fd3-5215-47c9-acf7-a0fea8b00f2c@group-ADAC87D0E5DC: closes. applyIndex: 0
2019-09-18 22:21:14,405 [44c98fd3-5215-47c9-acf7-a0fea8b00f2c@group-ADAC87D0E5DC-SegmentedRaftLogWorker] INFO  segmented.SegmentedRaftLogWorker (SegmentedRaftLogWorker.java:run(313)) - 44c98fd3-5215-47c9-acf7-a0fea8b00f2c@group-ADAC87D0E5DC-SegmentedRaftLogWorker was interrupted, exiting. There are 0 tasks remaining in the queue.
2019-09-18 22:21:14,406 [ForkJoinPool.commonPool-worker-1] INFO  segmented.SegmentedRaftLogWorker (SegmentedRaftLogWorker.java:close(228)) - 44c98fd3-5215-47c9-acf7-a0fea8b00f2c@group-ADAC87D0E5DC-SegmentedRaftLogWorker close()
2019-09-18 22:21:14,408 [ForkJoinPool.commonPool-worker-1] INFO  impl.RaftServerImpl (RaftServerImpl.java:lambda$shutdown$3(251)) - 44c98fd3-5215-47c9-acf7-a0fea8b00f2c@group-B4292E57E96E: shutdown
2019-09-18 22:21:14,408 [ForkJoinPool.commonPool-worker-1] INFO  util.JmxRegister (JmxRegister.java:unregister(73)) - Successfully un-registered JMX Bean with object name Ratis:service=RaftServer,group=group-B4292E57E96E,id=44c98fd3-5215-47c9-acf7-a0fea8b00f2c
2019-09-18 22:21:14,409 [ForkJoinPool.commonPool-worker-1] INFO  impl.RoleInfo (RoleInfo.java:shutdownFollowerState(121)) - 44c98fd3-5215-47c9-acf7-a0fea8b00f2c: shutdown FollowerState
2019-09-18 22:21:14,409 [ForkJoinPool.commonPool-worker-1] INFO  impl.StateMachineUpdater (StateMachineUpdater.java:stopAndJoin(125)) - 44c98fd3-5215-47c9-acf7-a0fea8b00f2c@group-B4292E57E96E-StateMachineUpdater: set stopIndex = -1
2019-09-18 22:21:14,409 [Thread-209] INFO  impl.FollowerState (FollowerState.java:run(115)) - 44c98fd3-5215-47c9-acf7-a0fea8b00f2c: FollowerState was interrupted: java.lang.InterruptedException: sleep interrupted
2019-09-18 22:21:14,410 [ForkJoinPool.commonPool-worker-1] INFO  impl.RaftServerImpl (ServerState.java:close(385)) - 44c98fd3-5215-47c9-acf7-a0fea8b00f2c@group-B4292E57E96E: closes. applyIndex: -1
2019-09-18 22:21:14,411 [44c98fd3-5215-47c9-acf7-a0fea8b00f2c@group-B4292E57E96E-SegmentedRaftLogWorker] INFO  segmented.SegmentedRaftLogWorker (SegmentedRaftLogWorker.java:run(313)) - 44c98fd3-5215-47c9-acf7-a0fea8b00f2c@group-B4292E57E96E-SegmentedRaftLogWorker was interrupted, exiting. There are 0 tasks remaining in the queue.
2019-09-18 22:21:14,412 [ForkJoinPool.commonPool-worker-1] INFO  segmented.SegmentedRaftLogWorker (SegmentedRaftLogWorker.java:close(228)) - 44c98fd3-5215-47c9-acf7-a0fea8b00f2c@group-B4292E57E96E-SegmentedRaftLogWorker close()
2019-09-18 22:21:14,413 [ForkJoinPool.commonPool-worker-1] INFO  server.GrpcService (GrpcService.java:closeImpl(164)) - 44c98fd3-5215-47c9-acf7-a0fea8b00f2c: shutdown server with port 38312 now
2019-09-18 22:21:14,420 [ForkJoinPool.commonPool-worker-1] INFO  server.GrpcService (GrpcService.java:closeImpl(172)) - 44c98fd3-5215-47c9-acf7-a0fea8b00f2c: shutdown server with port 38312 successfully
2019-09-18 22:21:14,426 [refreshUsed-/workdir/hadoop-ozone/integration-test/target/test-dir/MiniOzoneClusterImpl-49dd8ba2-f96b-4b94-abc6-9d4cf1b6af53/datanode-2/data/containers] WARN  fs.CachingGetSpaceUsed (CachingGetSpaceUsed.java:run(183)) - Thread Interrupted waiting to refresh disk information: sleep interrupted
2019-09-18 22:21:14,444 [ForkJoinPool.commonPool-worker-1] INFO  utils.BackgroundService (BackgroundService.java:shutdown(148)) - Shutting down service BlockDeletingService
2019-09-18 22:21:14,446 [ForkJoinPool.commonPool-worker-1] INFO  statemachine.DatanodeStateMachine (DatanodeStateMachine.java:stopDaemon(395)) - Ozone container server stopped.
2019-09-18 22:21:14,448 [ForkJoinPool.commonPool-worker-1] INFO  handler.ContextHandler (ContextHandler.java:doStop(910)) - Stopped o.e.j.w.WebAppContext@2c05ff9d{/,null,UNAVAILABLE}{/hddsDatanode}
2019-09-18 22:21:14,449 [ForkJoinPool.commonPool-worker-1] INFO  server.AbstractConnector (AbstractConnector.java:doStop(318)) - Stopped ServerConnector@33956d1a{HTTP/1.1,[http/1.1]}{0.0.0.0:0}
2019-09-18 22:21:14,449 [ForkJoinPool.commonPool-worker-1] INFO  handler.ContextHandler (ContextHandler.java:doStop(910)) - Stopped o.e.j.s.ServletContextHandler@358ab600{/static,jar:file:/home/user/.m2/repository/org/apache/hadoop/hadoop-hdds-container-service/0.5.0-SNAPSHOT/hadoop-hdds-container-service-0.5.0-SNAPSHOT.jar!/webapps/static,UNAVAILABLE}
2019-09-18 22:21:14,450 [ForkJoinPool.commonPool-worker-1] INFO  handler.ContextHandler (ContextHandler.java:doStop(910)) - Stopped o.e.j.s.ServletContextHandler@9b9a327{/logs,file:///workdir/hadoop-ozone/integration-test/target/log,UNAVAILABLE}
2019-09-18 22:21:14,451 [main] INFO  ozone.MiniOzoneClusterImpl (MiniOzoneClusterImpl.java:stop(344)) - Stopping the StorageContainerManager
2019-09-18 22:21:14,451 [main] INFO  server.StorageContainerManager (StorageContainerManager.java:stop(801)) - Stopping Replication Manager Service.
2019-09-18 22:21:14,451 [main] INFO  container.ReplicationManager (ReplicationManager.java:stop(203)) - Stopping Replication Monitor Thread.
2019-09-18 22:21:14,452 [main] INFO  server.StorageContainerManager (StorageContainerManager.java:stop(808)) - Stopping Lease Manager of the command watchers
2019-09-18 22:21:14,452 [main] INFO  server.StorageContainerManager (StorageContainerManager.java:stop(815)) - Stopping datanode service RPC server
2019-09-18 22:21:14,452 [main] INFO  server.SCMDatanodeProtocolServer (SCMDatanodeProtocolServer.java:stop(367)) - Stopping the RPC server for DataNodes
2019-09-18 22:21:14,452 [main] INFO  ipc.Server (Server.java:stop(3082)) - Stopping server on 35859
2019-09-18 22:21:14,453 [IPC Server listener on 35859] INFO  ipc.Server (Server.java:run(1185)) - Stopping IPC Server listener on 35859
2019-09-18 22:21:14,454 [IPC Server Responder] INFO  ipc.Server (Server.java:run(1319)) - Stopping IPC Server Responder
2019-09-18 22:21:14,485 [SCM Heartbeat Processing Thread - 0] WARN  node.NodeStateManager (NodeStateManager.java:scheduleNextHealthCheck(646)) - Current Thread is interrupted, shutting down HB processing thread for Node Manager.
2019-09-18 22:21:14,485 [main] INFO  server.StorageContainerManager (StorageContainerManager.java:stop(823)) - Stopping block service RPC server
2019-09-18 22:21:14,486 [main] INFO  server.SCMBlockProtocolServer (SCMBlockProtocolServer.java:stop(155)) - Stopping the RPC server for Block Protocol
2019-09-18 22:21:14,486 [main] INFO  ipc.Server (Server.java:stop(3082)) - Stopping server on 38139
2019-09-18 22:21:14,486 [main] INFO  server.StorageContainerManager (StorageContainerManager.java:stop(830)) - Stopping the StorageContainerLocationProtocol RPC server
2019-09-18 22:21:14,487 [main] INFO  server.SCMClientProtocolServer (SCMClientProtocolServer.java:stop(159)) - Stopping the RPC server for Client Protocol
2019-09-18 22:21:14,487 [main] INFO  ipc.Server (Server.java:stop(3082)) - Stopping server on 45552
2019-09-18 22:21:14,488 [IPC Server Responder] INFO  ipc.Server (Server.java:run(1319)) - Stopping IPC Server Responder
2019-09-18 22:21:14,489 [IPC Server listener on 45552] INFO  ipc.Server (Server.java:run(1185)) - Stopping IPC Server listener on 45552
2019-09-18 22:21:14,490 [IPC Server listener on 38139] INFO  ipc.Server (Server.java:run(1185)) - Stopping IPC Server listener on 38139
2019-09-18 22:21:14,490 [main] INFO  server.StorageContainerManager (StorageContainerManager.java:stop(837)) - Stopping Storage Container Manager HTTP server.
2019-09-18 22:21:14,491 [IPC Server Responder] INFO  ipc.Server (Server.java:run(1319)) - Stopping IPC Server Responder
2019-09-18 22:21:14,491 [main] INFO  handler.ContextHandler (ContextHandler.java:doStop(910)) - Stopped o.e.j.w.WebAppContext@514eedd8{/,null,UNAVAILABLE}{/scm}
2019-09-18 22:21:14,492 [main] INFO  server.AbstractConnector (AbstractConnector.java:doStop(318)) - Stopped ServerConnector@60094a13{HTTP/1.1,[http/1.1]}{0.0.0.0:0}
2019-09-18 22:21:14,493 [main] INFO  handler.ContextHandler (ContextHandler.java:doStop(910)) - Stopped o.e.j.s.ServletContextHandler@4d722ac9{/static,file:///workdir/hadoop-ozone/integration-test/target/test-classes/webapps/static,UNAVAILABLE}
2019-09-18 22:21:14,493 [main] INFO  handler.ContextHandler (ContextHandler.java:doStop(910)) - Stopped o.e.j.s.ServletContextHandler@2320fa6f{/logs,file:///workdir/hadoop-ozone/integration-test/target/log,UNAVAILABLE}
2019-09-18 22:21:14,494 [main] INFO  server.StorageContainerManager (StorageContainerManager.java:stop(848)) - Stopping Block Manager Service.
2019-09-18 22:21:14,495 [main] INFO  utils.BackgroundService (BackgroundService.java:shutdown(148)) - Shutting down service SCMBlockDeletingService
2019-09-18 22:21:14,495 [main] INFO  utils.BackgroundService (BackgroundService.java:shutdown(148)) - Shutting down service SCMBlockDeletingService
2019-09-18 22:21:14,496 [main] INFO  server.StorageContainerManager (StorageContainerManager.java:stop(870)) - Stopping SCM Event Queue.
2019-09-18 22:21:14,501 [main] INFO  impl.MetricsSystemImpl (MetricsSystemImpl.java:stop(210)) - Stopping HddsDatanode metrics system...
2019-09-18 22:21:14,506 [prometheus] INFO  impl.MetricsSinkAdapter (MetricsSinkAdapter.java:publishMetricsFromQueue(141)) - prometheus thread interrupted.
2019-09-18 22:21:14,506 [main] INFO  impl.MetricsSystemImpl (MetricsSystemImpl.java:stop(216)) - HddsDatanode metrics system stopped.
]]></system-out>
    <system-err><![CDATA[ERROR StatusLogger No Log4j 2 configuration file found. Using default configuration (logging only errors to the console), or user programmatically provided configurations. Set system property 'log4j2.debug' to show Log4j 2 internal initialization logging. See https://logging.apache.org/log4j/2.x/manual/configuration.html for instructions on how to configure Log4j 2
]]></system-err>
  </testcase>
</testsuite>