<?xml version="1.0" encoding="UTF-8"?>
<testsuite xmlns:xsi="http://www.w3.org/2001/XMLSchema-instance" xsi:noNamespaceSchemaLocation="https://maven.apache.org/surefire/maven-surefire-plugin/xsd/surefire-test-report.xsd" name="org.apache.hadoop.ozone.container.common.statemachine.commandhandler.TestCloseContainerByPipeline" time="37.539" tests="1" errors="1" skipped="0" failures="0">
  <properties>
    <property name="awt.toolkit" value="sun.awt.X11.XToolkit"/>
    <property name="file.encoding.pkg" value="sun.io"/>
    <property name="java.specification.version" value="1.8"/>
    <property name="sun.cpu.isalist" value=""/>
    <property name="sun.jnu.encoding" value="UTF-8"/>
    <property name="java.class.path" value="/workdir/hadoop-ozone/integration-test/target/test-classes:/workdir/hadoop-ozone/integration-test/target/classes:/home/user/.m2/repository/org/apache/hadoop/hadoop-ozone-common/0.5.0-SNAPSHOT/hadoop-ozone-common-0.5.0-SNAPSHOT.jar:/home/user/.m2/repository/org/apache/commons/commons-compress/1.4.1/commons-compress-1.4.1.jar:/home/user/.m2/repository/org/tukaani/xz/1.0/xz-1.0.jar:/home/user/.m2/repository/org/apache/hadoop/hadoop-common/3.2.0/hadoop-common-3.2.0.jar:/home/user/.m2/repository/org/apache/hadoop/hadoop-hdfs/3.2.0/hadoop-hdfs-3.2.0.jar:/home/user/.m2/repository/org/apache/hadoop/hadoop-hdfs-client/3.2.0/hadoop-hdfs-client-3.2.0.jar:/home/user/.m2/repository/com/fasterxml/jackson/core/jackson-annotations/2.9.9/jackson-annotations-2.9.9.jar:/home/user/.m2/repository/org/apache/hadoop/hadoop-hdds-common/0.5.0-SNAPSHOT/hadoop-hdds-common-0.5.0-SNAPSHOT.jar:/home/user/.m2/repository/javax/annotation/javax.annotation-api/1.2/javax.annotation-api-1.2.jar:/home/user/.m2/repository/org/apache/ratis/ratis-server/0.4.0-78e95b9-SNAPSHOT/ratis-server-0.4.0-78e95b9-SNAPSHOT.jar:/home/user/.m2/repository/org/apache/ratis/ratis-thirdparty-misc/0.2.0/ratis-thirdparty-misc-0.2.0.jar:/home/user/.m2/repository/org/apache/ratis/ratis-proto/0.4.0-78e95b9-SNAPSHOT/ratis-proto-0.4.0-78e95b9-SNAPSHOT.jar:/home/user/.m2/repository/org/apache/ratis/ratis-common/0.4.0-78e95b9-SNAPSHOT/ratis-common-0.4.0-78e95b9-SNAPSHOT.jar:/home/user/.m2/repository/org/apache/ratis/ratis-client/0.4.0-78e95b9-SNAPSHOT/ratis-client-0.4.0-78e95b9-SNAPSHOT.jar:/home/user/.m2/repository/org/apache/ratis/ratis-metrics/0.4.0-78e95b9-SNAPSHOT/ratis-metrics-0.4.0-78e95b9-SNAPSHOT.jar:/home/user/.m2/repository/com/github/joshelser/dropwizard-metrics-hadoop-metrics2-reporter/0.1.2/dropwizard-metrics-hadoop-metrics2-reporter-0.1.2.jar:/home/user/.m2/repository/io/dropwizard/metrics/metrics-jvm/3.2.5/metrics-jvm-3.2.5.jar:/home/user/.m2/repository/io/dropwizard/metrics/metrics-ganglia/3.2.5/metrics-ganglia-3.2.5.jar:/home/user/.m2/repository/info/ganglia/gmetric4j/gmetric4j/1.0.7/gmetric4j-1.0.7.jar:/home/user/.m2/repository/org/apache/ratis/ratis-netty/0.4.0-78e95b9-SNAPSHOT/ratis-netty-0.4.0-78e95b9-SNAPSHOT.jar:/home/user/.m2/repository/org/apache/ratis/ratis-grpc/0.4.0-78e95b9-SNAPSHOT/ratis-grpc-0.4.0-78e95b9-SNAPSHOT.jar:/home/user/.m2/repository/org/rocksdb/rocksdbjni/6.0.1/rocksdbjni-6.0.1.jar:/home/user/.m2/repository/org/apache/logging/log4j/log4j-api/2.11.0/log4j-api-2.11.0.jar:/home/user/.m2/repository/org/apache/logging/log4j/log4j-core/2.11.0/log4j-core-2.11.0.jar:/home/user/.m2/repository/com/lmax/disruptor/3.4.2/disruptor-3.4.2.jar:/home/user/.m2/repository/org/apache/commons/commons-pool2/2.6.0/commons-pool2-2.6.0.jar:/home/user/.m2/repository/org/bouncycastle/bcpkix-jdk15on/1.60/bcpkix-jdk15on-1.60.jar:/home/user/.m2/repository/commons-validator/commons-validator/1.6/commons-validator-1.6.jar:/home/user/.m2/repository/commons-digester/commons-digester/1.8.1/commons-digester-1.8.1.jar:/home/user/.m2/repository/io/jaegertracing/jaeger-client/1.0.0/jaeger-client-1.0.0.jar:/home/user/.m2/repository/io/jaegertracing/jaeger-thrift/1.0.0/jaeger-thrift-1.0.0.jar:/home/user/.m2/repository/org/apache/thrift/libthrift/0.12.0/libthrift-0.12.0.jar:/home/user/.m2/repository/com/squareup/okhttp3/okhttp/3.9.0/okhttp-3.9.0.jar:/home/user/.m2/repository/com/squareup/okio/okio/1.13.0/okio-1.13.0.jar:/home/user/.m2/repository/io/jaegertracing/jaeger-core/1.0.0/jaeger-core-1.0.0.jar:/home/user/.m2/repository/io/jaegertracing/jaeger-tracerresolver/1.0.0/jaeger-tracerresolver-1.0.0.jar:/home/user/.m2/repository/io/opentracing/contrib/opentracing-tracerresolver/0.1.8/opentracing-tracerresolver-0.1.8.jar:/home/user/.m2/repository/io/opentracing/opentracing-util/0.31.0/opentracing-util-0.31.0.jar:/home/user/.m2/repository/io/opentracing/opentracing-api/0.31.0/opentracing-api-0.31.0.jar:/home/user/.m2/repository/io/opentracing/opentracing-noop/0.31.0/opentracing-noop-0.31.0.jar:/home/user/.m2/repository/org/apache/hadoop/hadoop-hdds-server-framework/0.5.0-SNAPSHOT/hadoop-hdds-server-framework-0.5.0-SNAPSHOT.jar:/home/user/.m2/repository/org/apache/hadoop/hadoop-hdds-container-service/0.5.0-SNAPSHOT/hadoop-hdds-container-service-0.5.0-SNAPSHOT.jar:/home/user/.m2/repository/org/apache/hadoop/hadoop-hdds-client/0.5.0-SNAPSHOT/hadoop-hdds-client-0.5.0-SNAPSHOT.jar:/home/user/.m2/repository/org/apache/hadoop/hadoop-hdds-tools/0.5.0-SNAPSHOT/hadoop-hdds-tools-0.5.0-SNAPSHOT.jar:/home/user/.m2/repository/org/apache/hadoop/hadoop-hdds-server-scm/0.5.0-SNAPSHOT/hadoop-hdds-server-scm-0.5.0-SNAPSHOT.jar:/home/user/.m2/repository/org/apache/hadoop/hadoop-hdds-docs/0.5.0-SNAPSHOT/hadoop-hdds-docs-0.5.0-SNAPSHOT.jar:/home/user/.m2/repository/io/dropwizard/metrics/metrics-core/3.2.4/metrics-core-3.2.4.jar:/home/user/.m2/repository/org/hamcrest/hamcrest-all/1.3/hamcrest-all-1.3.jar:/home/user/.m2/repository/org/bouncycastle/bcprov-jdk15on/1.60/bcprov-jdk15on-1.60.jar:/home/user/.m2/repository/info/picocli/picocli/3.9.6/picocli-3.9.6.jar:/home/user/.m2/repository/com/google/protobuf/protobuf-java/2.5.0/protobuf-java-2.5.0.jar:/home/user/.m2/repository/com/google/guava/guava/11.0.2/guava-11.0.2.jar:/home/user/.m2/repository/org/apache/hadoop/hadoop-ozone-ozone-manager/0.5.0-SNAPSHOT/hadoop-ozone-ozone-manager-0.5.0-SNAPSHOT.jar:/home/user/.m2/repository/org/apache/hadoop/hadoop-minikdc/3.2.0/hadoop-minikdc-3.2.0.jar:/home/user/.m2/repository/commons-io/commons-io/2.5/commons-io-2.5.jar:/home/user/.m2/repository/org/apache/kerby/kerb-simplekdc/1.0.1/kerb-simplekdc-1.0.1.jar:/home/user/.m2/repository/org/apache/kerby/kerb-client/1.0.1/kerb-client-1.0.1.jar:/home/user/.m2/repository/org/apache/kerby/kerby-config/1.0.1/kerby-config-1.0.1.jar:/home/user/.m2/repository/org/apache/kerby/kerb-core/1.0.1/kerb-core-1.0.1.jar:/home/user/.m2/repository/org/apache/kerby/kerby-pkix/1.0.1/kerby-pkix-1.0.1.jar:/home/user/.m2/repository/org/apache/kerby/kerby-asn1/1.0.1/kerby-asn1-1.0.1.jar:/home/user/.m2/repository/org/apache/kerby/kerby-util/1.0.1/kerby-util-1.0.1.jar:/home/user/.m2/repository/org/apache/kerby/kerb-common/1.0.1/kerb-common-1.0.1.jar:/home/user/.m2/repository/org/apache/kerby/kerb-crypto/1.0.1/kerb-crypto-1.0.1.jar:/home/user/.m2/repository/org/apache/kerby/kerb-util/1.0.1/kerb-util-1.0.1.jar:/home/user/.m2/repository/org/apache/kerby/token-provider/1.0.1/token-provider-1.0.1.jar:/home/user/.m2/repository/org/apache/kerby/kerb-admin/1.0.1/kerb-admin-1.0.1.jar:/home/user/.m2/repository/org/apache/kerby/kerb-server/1.0.1/kerb-server-1.0.1.jar:/home/user/.m2/repository/org/apache/kerby/kerb-identity/1.0.1/kerb-identity-1.0.1.jar:/home/user/.m2/repository/org/apache/kerby/kerby-xdr/1.0.1/kerby-xdr-1.0.1.jar:/home/user/.m2/repository/org/slf4j/slf4j-log4j12/1.7.25/slf4j-log4j12-1.7.25.jar:/home/user/.m2/repository/org/apache/hadoop/hadoop-ozone-s3gateway/0.5.0-SNAPSHOT/hadoop-ozone-s3gateway-0.5.0-SNAPSHOT.jar:/home/user/.m2/repository/org/jboss/weld/servlet/weld-servlet/2.4.7.Final/weld-servlet-2.4.7.Final.jar:/home/user/.m2/repository/org/glassfish/jersey/containers/jersey-container-servlet-core/2.27/jersey-container-servlet-core-2.27.jar:/home/user/.m2/repository/org/glassfish/hk2/external/javax.inject/2.5.0-b42/javax.inject-2.5.0-b42.jar:/home/user/.m2/repository/org/glassfish/jersey/core/jersey-common/2.27/jersey-common-2.27.jar:/home/user/.m2/repository/org/glassfish/hk2/osgi-resource-locator/1.0.1/osgi-resource-locator-1.0.1.jar:/home/user/.m2/repository/javax/ws/rs/javax.ws.rs-api/2.1/javax.ws.rs-api-2.1.jar:/home/user/.m2/repository/org/glassfish/jersey/ext/cdi/jersey-cdi1x/2.27/jersey-cdi1x-2.27.jar:/home/user/.m2/repository/org/glassfish/jersey/inject/jersey-hk2/2.27/jersey-hk2-2.27.jar:/home/user/.m2/repository/org/glassfish/hk2/hk2-locator/2.5.0-b42/hk2-locator-2.5.0-b42.jar:/home/user/.m2/repository/org/javassist/javassist/3.22.0-CR2/javassist-3.22.0-CR2.jar:/home/user/.m2/repository/org/glassfish/hk2/hk2-api/2.5.0/hk2-api-2.5.0.jar:/home/user/.m2/repository/org/glassfish/hk2/external/jakarta.inject/2.5.0/jakarta.inject-2.5.0.jar:/home/user/.m2/repository/org/glassfish/hk2/hk2-utils/2.5.0/hk2-utils-2.5.0.jar:/home/user/.m2/repository/jakarta/annotation/jakarta.annotation-api/1.3.4/jakarta.annotation-api-1.3.4.jar:/home/user/.m2/repository/org/glassfish/hk2/external/aopalliance-repackaged/2.5.0/aopalliance-repackaged-2.5.0.jar:/home/user/.m2/repository/com/fasterxml/jackson/dataformat/jackson-dataformat-xml/2.9.0/jackson-dataformat-xml-2.9.0.jar:/home/user/.m2/repository/com/fasterxml/jackson/core/jackson-core/2.9.9/jackson-core-2.9.9.jar:/home/user/.m2/repository/com/fasterxml/jackson/module/jackson-module-jaxb-annotations/2.9.9/jackson-module-jaxb-annotations-2.9.9.jar:/home/user/.m2/repository/javax/enterprise/cdi-api/1.2/cdi-api-1.2.jar:/home/user/.m2/repository/javax/el/javax.el-api/3.0.0/javax.el-api-3.0.0.jar:/home/user/.m2/repository/javax/interceptor/javax.interceptor-api/1.2/javax.interceptor-api-1.2.jar:/home/user/.m2/repository/javax/inject/javax.inject/1/javax.inject-1.jar:/home/user/.m2/repository/com/sun/xml/bind/jaxb-impl/2.3.0.1/jaxb-impl-2.3.0.1.jar:/home/user/.m2/repository/com/sun/xml/bind/jaxb-core/2.3.0.1/jaxb-core-2.3.0.1.jar:/home/user/.m2/repository/javax/xml/bind/jaxb-api/2.3.0/jaxb-api-2.3.0.jar:/home/user/.m2/repository/javax/activation/activation/1.1.1/activation-1.1.1.jar:/home/user/.m2/repository/org/apache/hadoop/hadoop-ozone-csi/0.5.0-SNAPSHOT/hadoop-ozone-csi-0.5.0-SNAPSHOT.jar:/home/user/.m2/repository/com/google/protobuf/protobuf-java-util/3.5.1/protobuf-java-util-3.5.1.jar:/home/user/.m2/repository/org/apache/hadoop/hadoop-hdds-config/0.5.0-SNAPSHOT/hadoop-hdds-config-0.5.0-SNAPSHOT.jar:/home/user/.m2/repository/io/grpc/grpc-netty/1.17.1/grpc-netty-1.17.1.jar:/home/user/.m2/repository/io/grpc/grpc-core/1.17.1/grpc-core-1.17.1.jar:/home/user/.m2/repository/io/grpc/grpc-context/1.17.1/grpc-context-1.17.1.jar:/home/user/.m2/repository/com/google/errorprone/error_prone_annotations/2.2.0/error_prone_annotations-2.2.0.jar:/home/user/.m2/repository/org/codehaus/mojo/animal-sniffer-annotations/1.17/animal-sniffer-annotations-1.17.jar:/home/user/.m2/repository/io/opencensus/opencensus-api/0.17.0/opencensus-api-0.17.0.jar:/home/user/.m2/repository/io/opencensus/opencensus-contrib-grpc-metrics/0.17.0/opencensus-contrib-grpc-metrics-0.17.0.jar:/home/user/.m2/repository/io/netty/netty-codec-http2/4.1.30.Final/netty-codec-http2-4.1.30.Final.jar:/home/user/.m2/repository/io/netty/netty-codec-http/4.1.30.Final/netty-codec-http-4.1.30.Final.jar:/home/user/.m2/repository/io/netty/netty-codec/4.1.30.Final/netty-codec-4.1.30.Final.jar:/home/user/.m2/repository/io/netty/netty-handler/4.1.30.Final/netty-handler-4.1.30.Final.jar:/home/user/.m2/repository/io/netty/netty-handler-proxy/4.1.30.Final/netty-handler-proxy-4.1.30.Final.jar:/home/user/.m2/repository/io/netty/netty-codec-socks/4.1.30.Final/netty-codec-socks-4.1.30.Final.jar:/home/user/.m2/repository/io/netty/netty-transport-native-epoll/4.1.30.Final/netty-transport-native-epoll-4.1.30.Final.jar:/home/user/.m2/repository/io/netty/netty-common/4.1.30.Final/netty-common-4.1.30.Final.jar:/home/user/.m2/repository/io/netty/netty-buffer/4.1.30.Final/netty-buffer-4.1.30.Final.jar:/home/user/.m2/repository/io/netty/netty-transport/4.1.30.Final/netty-transport-4.1.30.Final.jar:/home/user/.m2/repository/io/netty/netty-resolver/4.1.30.Final/netty-resolver-4.1.30.Final.jar:/home/user/.m2/repository/io/netty/netty-transport-native-unix-common/4.1.30.Final/netty-transport-native-unix-common-4.1.30.Final.jar:/home/user/.m2/repository/io/grpc/grpc-protobuf/1.17.1/grpc-protobuf-1.17.1.jar:/home/user/.m2/repository/com/google/api/grpc/proto-google-common-protos/1.0.0/proto-google-common-protos-1.0.0.jar:/home/user/.m2/repository/io/grpc/grpc-protobuf-lite/1.17.1/grpc-protobuf-lite-1.17.1.jar:/home/user/.m2/repository/io/grpc/grpc-stub/1.17.1/grpc-stub-1.17.1.jar:/home/user/.m2/repository/org/apache/hadoop/hadoop-ozone-recon/0.5.0-SNAPSHOT/hadoop-ozone-recon-0.5.0-SNAPSHOT.jar:/home/user/.m2/repository/org/apache/hadoop/hadoop-ozone-reconcodegen/0.5.0-SNAPSHOT/hadoop-ozone-reconcodegen-0.5.0-SNAPSHOT.jar:/home/user/.m2/repository/com/google/inject/extensions/guice-multibindings/4.0/guice-multibindings-4.0.jar:/home/user/.m2/repository/com/google/inject/guice/4.0/guice-4.0.jar:/home/user/.m2/repository/aopalliance/aopalliance/1.0/aopalliance-1.0.jar:/home/user/.m2/repository/com/google/inject/extensions/guice-servlet/4.0/guice-servlet-4.0.jar:/home/user/.m2/repository/org/glassfish/jersey/containers/jersey-container-servlet/2.27/jersey-container-servlet-2.27.jar:/home/user/.m2/repository/org/glassfish/hk2/guice-bridge/2.5.0/guice-bridge-2.5.0.jar:/home/user/.m2/repository/org/glassfish/jersey/core/jersey-server/2.27/jersey-server-2.27.jar:/home/user/.m2/repository/org/glassfish/jersey/core/jersey-client/2.27/jersey-client-2.27.jar:/home/user/.m2/repository/org/glassfish/jersey/media/jersey-media-jaxb/2.27/jersey-media-jaxb-2.27.jar:/home/user/.m2/repository/javax/validation/validation-api/1.1.0.Final/validation-api-1.1.0.Final.jar:/home/user/.m2/repository/org/glassfish/jersey/media/jersey-media-json-jackson/2.27/jersey-media-json-jackson-2.27.jar:/home/user/.m2/repository/org/glassfish/jersey/ext/jersey-entity-filtering/2.27/jersey-entity-filtering-2.27.jar:/home/user/.m2/repository/com/google/inject/extensions/guice-assistedinject/4.0/guice-assistedinject-4.0.jar:/home/user/.m2/repository/org/jooq/jooq/3.11.10/jooq-3.11.10.jar:/home/user/.m2/repository/org/jooq/jooq-meta/3.11.10/jooq-meta-3.11.10.jar:/home/user/.m2/repository/org/jooq/jooq-codegen/3.11.10/jooq-codegen-3.11.10.jar:/home/user/.m2/repository/com/jolbox/bonecp/0.8.0.RELEASE/bonecp-0.8.0.RELEASE.jar:/home/user/.m2/repository/org/xerial/sqlite-jdbc/3.25.2/sqlite-jdbc-3.25.2.jar:/home/user/.m2/repository/org/springframework/spring-jdbc/5.1.3.RELEASE/spring-jdbc-5.1.3.RELEASE.jar:/home/user/.m2/repository/org/springframework/spring-beans/5.1.3.RELEASE/spring-beans-5.1.3.RELEASE.jar:/home/user/.m2/repository/org/springframework/spring-core/5.1.3.RELEASE/spring-core-5.1.3.RELEASE.jar:/home/user/.m2/repository/org/springframework/spring-jcl/5.1.3.RELEASE/spring-jcl-5.1.3.RELEASE.jar:/home/user/.m2/repository/org/springframework/spring-tx/5.1.3.RELEASE/spring-tx-5.1.3.RELEASE.jar:/home/user/.m2/repository/org/apache/hadoop/hadoop-ozone-client/0.5.0-SNAPSHOT/hadoop-ozone-client-0.5.0-SNAPSHOT.jar:/home/user/.m2/repository/commons-lang/commons-lang/2.6/commons-lang-2.6.jar:/home/user/.m2/repository/org/apache/hadoop/hadoop-ozone-ozone-manager/0.5.0-SNAPSHOT/hadoop-ozone-ozone-manager-0.5.0-SNAPSHOT-tests.jar:/home/user/.m2/repository/junit/junit/4.11/junit-4.11.jar:/home/user/.m2/repository/org/hamcrest/hamcrest-core/1.3/hamcrest-core-1.3.jar:/home/user/.m2/repository/org/openjdk/jmh/jmh-core/1.19/jmh-core-1.19.jar:/home/user/.m2/repository/net/sf/jopt-simple/jopt-simple/4.6/jopt-simple-4.6.jar:/home/user/.m2/repository/org/apache/commons/commons-math3/3.1.1/commons-math3-3.1.1.jar:/home/user/.m2/repository/org/openjdk/jmh/jmh-generator-annprocess/1.19/jmh-generator-annprocess-1.19.jar:/home/user/.m2/repository/org/mockito/mockito-all/1.8.5/mockito-all-1.8.5.jar:/home/user/.m2/repository/org/apache/hadoop/hadoop-kms/3.2.0/hadoop-kms-3.2.0.jar:/home/user/.m2/repository/org/apache/hadoop/hadoop-auth/3.2.0/hadoop-auth-3.2.0.jar:/home/user/.m2/repository/com/nimbusds/nimbus-jose-jwt/4.41.1/nimbus-jose-jwt-4.41.1.jar:/home/user/.m2/repository/com/github/stephenc/jcip/jcip-annotations/1.0-1/jcip-annotations-1.0-1.jar:/home/user/.m2/repository/net/minidev/json-smart/2.3/json-smart-2.3.jar:/home/user/.m2/repository/net/minidev/accessors-smart/1.2/accessors-smart-1.2.jar:/home/user/.m2/repository/org/ow2/asm/asm/5.0.4/asm-5.0.4.jar:/home/user/.m2/repository/org/apache/curator/curator-framework/2.12.0/curator-framework-2.12.0.jar:/home/user/.m2/repository/com/sun/jersey/jersey-core/1.19/jersey-core-1.19.jar:/home/user/.m2/repository/javax/ws/rs/jsr311-api/1.1.1/jsr311-api-1.1.1.jar:/home/user/.m2/repository/com/sun/jersey/jersey-server/1.19/jersey-server-1.19.jar:/home/user/.m2/repository/javax/servlet/javax.servlet-api/3.1.0/javax.servlet-api-3.1.0.jar:/home/user/.m2/repository/org/eclipse/jetty/jetty-server/9.3.25.v20180904/jetty-server-9.3.25.v20180904.jar:/home/user/.m2/repository/org/eclipse/jetty/jetty-http/9.3.25.v20180904/jetty-http-9.3.25.v20180904.jar:/home/user/.m2/repository/org/eclipse/jetty/jetty-io/9.3.25.v20180904/jetty-io-9.3.25.v20180904.jar:/home/user/.m2/repository/org/eclipse/jetty/jetty-webapp/9.3.25.v20180904/jetty-webapp-9.3.25.v20180904.jar:/home/user/.m2/repository/org/eclipse/jetty/jetty-xml/9.3.25.v20180904/jetty-xml-9.3.25.v20180904.jar:/home/user/.m2/repository/log4j/log4j/1.2.17/log4j-1.2.17.jar:/home/user/.m2/repository/org/slf4j/slf4j-api/1.7.25/slf4j-api-1.7.25.jar:/home/user/.m2/repository/org/slf4j/jul-to-slf4j/1.7.25/jul-to-slf4j-1.7.25.jar:/home/user/.m2/repository/org/eclipse/jetty/jetty-util/9.3.25.v20180904/jetty-util-9.3.25.v20180904.jar:/home/user/.m2/repository/com/fasterxml/jackson/core/jackson-databind/2.9.9/jackson-databind-2.9.9.jar:/home/user/.m2/repository/org/apache/hadoop/hadoop-kms/3.2.0/hadoop-kms-3.2.0-tests.jar:/home/user/.m2/repository/org/apache/hadoop/hadoop-hdds-server-scm/0.5.0-SNAPSHOT/hadoop-hdds-server-scm-0.5.0-SNAPSHOT-tests.jar:/home/user/.m2/repository/org/apache/hadoop/hadoop-hdds-container-service/0.5.0-SNAPSHOT/hadoop-hdds-container-service-0.5.0-SNAPSHOT-tests.jar:/home/user/.m2/repository/org/yaml/snakeyaml/1.16/snakeyaml-1.16.jar:/home/user/.m2/repository/org/apache/hadoop/hadoop-common/3.2.0/hadoop-common-3.2.0-tests.jar:/home/user/.m2/repository/org/apache/hadoop/hadoop-annotations/3.2.0/hadoop-annotations-3.2.0.jar:/usr/lib/jvm/java-1.8-openjdk/jre/../lib/tools.jar:/home/user/.m2/repository/commons-cli/commons-cli/1.2/commons-cli-1.2.jar:/home/user/.m2/repository/org/apache/httpcomponents/httpclient/4.5.2/httpclient-4.5.2.jar:/home/user/.m2/repository/org/apache/httpcomponents/httpcore/4.4.4/httpcore-4.4.4.jar:/home/user/.m2/repository/commons-codec/commons-codec/1.11/commons-codec-1.11.jar:/home/user/.m2/repository/commons-net/commons-net/3.6/commons-net-3.6.jar:/home/user/.m2/repository/commons-collections/commons-collections/3.2.2/commons-collections-3.2.2.jar:/home/user/.m2/repository/org/eclipse/jetty/jetty-servlet/9.3.25.v20180904/jetty-servlet-9.3.25.v20180904.jar:/home/user/.m2/repository/org/eclipse/jetty/jetty-security/9.3.25.v20180904/jetty-security-9.3.25.v20180904.jar:/home/user/.m2/repository/javax/servlet/jsp/jsp-api/2.1/jsp-api-2.1.jar:/home/user/.m2/repository/com/sun/jersey/jersey-servlet/1.19/jersey-servlet-1.19.jar:/home/user/.m2/repository/com/sun/jersey/jersey-json/1.19/jersey-json-1.19.jar:/home/user/.m2/repository/org/codehaus/jettison/jettison/1.1/jettison-1.1.jar:/home/user/.m2/repository/org/codehaus/jackson/jackson-core-asl/1.9.13/jackson-core-asl-1.9.13.jar:/home/user/.m2/repository/org/codehaus/jackson/jackson-mapper-asl/1.9.13/jackson-mapper-asl-1.9.13.jar:/home/user/.m2/repository/org/codehaus/jackson/jackson-jaxrs/1.9.13/jackson-jaxrs-1.9.13.jar:/home/user/.m2/repository/org/codehaus/jackson/jackson-xc/1.9.13/jackson-xc-1.9.13.jar:/home/user/.m2/repository/commons-logging/commons-logging/1.1.3/commons-logging-1.1.3.jar:/home/user/.m2/repository/commons-beanutils/commons-beanutils/1.9.4/commons-beanutils-1.9.4.jar:/home/user/.m2/repository/org/apache/commons/commons-configuration2/2.1.1/commons-configuration2-2.1.1.jar:/home/user/.m2/repository/org/apache/commons/commons-lang3/3.7/commons-lang3-3.7.jar:/home/user/.m2/repository/org/apache/commons/commons-text/1.4/commons-text-1.4.jar:/home/user/.m2/repository/org/apache/avro/avro/1.7.7/avro-1.7.7.jar:/home/user/.m2/repository/com/thoughtworks/paranamer/paranamer/2.3/paranamer-2.3.jar:/home/user/.m2/repository/org/xerial/snappy/snappy-java/1.0.5/snappy-java-1.0.5.jar:/home/user/.m2/repository/com/google/re2j/re2j/1.1/re2j-1.1.jar:/home/user/.m2/repository/com/google/code/gson/gson/2.2.4/gson-2.2.4.jar:/home/user/.m2/repository/com/jcraft/jsch/0.1.54/jsch-0.1.54.jar:/home/user/.m2/repository/org/apache/curator/curator-client/2.12.0/curator-client-2.12.0.jar:/home/user/.m2/repository/org/apache/curator/curator-recipes/2.12.0/curator-recipes-2.12.0.jar:/home/user/.m2/repository/com/google/code/findbugs/jsr305/3.0.0/jsr305-3.0.0.jar:/home/user/.m2/repository/org/apache/htrace/htrace-core4/4.1.0-incubating/htrace-core4-4.1.0-incubating.jar:/home/user/.m2/repository/org/apache/zookeeper/zookeeper/3.5.5/zookeeper-3.5.5.jar:/home/user/.m2/repository/org/apache/zookeeper/zookeeper-jute/3.5.5/zookeeper-jute-3.5.5.jar:/home/user/.m2/repository/org/apache/yetus/audience-annotations/0.5.0/audience-annotations-0.5.0.jar:/home/user/.m2/repository/org/codehaus/woodstox/stax2-api/3.1.4/stax2-api-3.1.4.jar:/home/user/.m2/repository/com/fasterxml/woodstox/woodstox-core/5.0.3/woodstox-core-5.0.3.jar:/home/user/.m2/repository/dnsjava/dnsjava/2.1.7/dnsjava-2.1.7.jar:/home/user/.m2/repository/org/apache/hadoop/hadoop-hdfs/3.2.0/hadoop-hdfs-3.2.0-tests.jar:/home/user/.m2/repository/org/eclipse/jetty/jetty-util-ajax/9.3.25.v20180904/jetty-util-ajax-9.3.25.v20180904.jar:/home/user/.m2/repository/commons-daemon/commons-daemon/1.0.13/commons-daemon-1.0.13.jar:/home/user/.m2/repository/io/netty/netty/3.10.5.Final/netty-3.10.5.Final.jar:/home/user/.m2/repository/io/netty/netty-all/4.0.52.Final/netty-all-4.0.52.Final.jar:/home/user/.m2/repository/org/fusesource/leveldbjni/leveldbjni-all/1.8/leveldbjni-all-1.8.jar:"/>
    <property name="java.vm.vendor" value="IcedTea"/>
    <property name="sun.arch.data.model" value="64"/>
    <property name="test.build.dir" value="/workdir/hadoop-ozone/integration-test/target/test-dir"/>
    <property name="test.cache.data" value=""/>
    <property name="java.vendor.url" value="https://icedtea.classpath.org"/>
    <property name="user.timezone" value=""/>
    <property name="java.vm.specification.version" value="1.8"/>
    <property name="os.name" value="Linux"/>
    <property name="test.build.data" value="/workdir/hadoop-ozone/integration-test/target/test-dir"/>
    <property name="user.country" value="US"/>
    <property name="sun.java.launcher" value="SUN_STANDARD"/>
    <property name="sun.boot.library.path" value="/usr/lib/jvm/java-1.8-openjdk/jre/lib/amd64"/>
    <property name="sun.java.command" value="/workdir/hadoop-ozone/integration-test/target/surefire/surefirebooter9137969196693862743.jar /workdir/hadoop-ozone/integration-test/target/surefire 2019-09-18T22-07-16_902-jvmRun1 surefire1346579042404994832tmp surefire_22699812495999003259tmp"/>
    <property name="test" value="!TestMiniChaosOzoneCluster"/>
    <property name="surefire.test.class.path" value="/workdir/hadoop-ozone/integration-test/target/test-classes:/workdir/hadoop-ozone/integration-test/target/classes:/home/user/.m2/repository/org/apache/hadoop/hadoop-ozone-common/0.5.0-SNAPSHOT/hadoop-ozone-common-0.5.0-SNAPSHOT.jar:/home/user/.m2/repository/org/apache/commons/commons-compress/1.4.1/commons-compress-1.4.1.jar:/home/user/.m2/repository/org/tukaani/xz/1.0/xz-1.0.jar:/home/user/.m2/repository/org/apache/hadoop/hadoop-common/3.2.0/hadoop-common-3.2.0.jar:/home/user/.m2/repository/org/apache/hadoop/hadoop-hdfs/3.2.0/hadoop-hdfs-3.2.0.jar:/home/user/.m2/repository/org/apache/hadoop/hadoop-hdfs-client/3.2.0/hadoop-hdfs-client-3.2.0.jar:/home/user/.m2/repository/com/fasterxml/jackson/core/jackson-annotations/2.9.9/jackson-annotations-2.9.9.jar:/home/user/.m2/repository/org/apache/hadoop/hadoop-hdds-common/0.5.0-SNAPSHOT/hadoop-hdds-common-0.5.0-SNAPSHOT.jar:/home/user/.m2/repository/javax/annotation/javax.annotation-api/1.2/javax.annotation-api-1.2.jar:/home/user/.m2/repository/org/apache/ratis/ratis-server/0.4.0-78e95b9-SNAPSHOT/ratis-server-0.4.0-78e95b9-SNAPSHOT.jar:/home/user/.m2/repository/org/apache/ratis/ratis-thirdparty-misc/0.2.0/ratis-thirdparty-misc-0.2.0.jar:/home/user/.m2/repository/org/apache/ratis/ratis-proto/0.4.0-78e95b9-SNAPSHOT/ratis-proto-0.4.0-78e95b9-SNAPSHOT.jar:/home/user/.m2/repository/org/apache/ratis/ratis-common/0.4.0-78e95b9-SNAPSHOT/ratis-common-0.4.0-78e95b9-SNAPSHOT.jar:/home/user/.m2/repository/org/apache/ratis/ratis-client/0.4.0-78e95b9-SNAPSHOT/ratis-client-0.4.0-78e95b9-SNAPSHOT.jar:/home/user/.m2/repository/org/apache/ratis/ratis-metrics/0.4.0-78e95b9-SNAPSHOT/ratis-metrics-0.4.0-78e95b9-SNAPSHOT.jar:/home/user/.m2/repository/com/github/joshelser/dropwizard-metrics-hadoop-metrics2-reporter/0.1.2/dropwizard-metrics-hadoop-metrics2-reporter-0.1.2.jar:/home/user/.m2/repository/io/dropwizard/metrics/metrics-jvm/3.2.5/metrics-jvm-3.2.5.jar:/home/user/.m2/repository/io/dropwizard/metrics/metrics-ganglia/3.2.5/metrics-ganglia-3.2.5.jar:/home/user/.m2/repository/info/ganglia/gmetric4j/gmetric4j/1.0.7/gmetric4j-1.0.7.jar:/home/user/.m2/repository/org/apache/ratis/ratis-netty/0.4.0-78e95b9-SNAPSHOT/ratis-netty-0.4.0-78e95b9-SNAPSHOT.jar:/home/user/.m2/repository/org/apache/ratis/ratis-grpc/0.4.0-78e95b9-SNAPSHOT/ratis-grpc-0.4.0-78e95b9-SNAPSHOT.jar:/home/user/.m2/repository/org/rocksdb/rocksdbjni/6.0.1/rocksdbjni-6.0.1.jar:/home/user/.m2/repository/org/apache/logging/log4j/log4j-api/2.11.0/log4j-api-2.11.0.jar:/home/user/.m2/repository/org/apache/logging/log4j/log4j-core/2.11.0/log4j-core-2.11.0.jar:/home/user/.m2/repository/com/lmax/disruptor/3.4.2/disruptor-3.4.2.jar:/home/user/.m2/repository/org/apache/commons/commons-pool2/2.6.0/commons-pool2-2.6.0.jar:/home/user/.m2/repository/org/bouncycastle/bcpkix-jdk15on/1.60/bcpkix-jdk15on-1.60.jar:/home/user/.m2/repository/commons-validator/commons-validator/1.6/commons-validator-1.6.jar:/home/user/.m2/repository/commons-digester/commons-digester/1.8.1/commons-digester-1.8.1.jar:/home/user/.m2/repository/io/jaegertracing/jaeger-client/1.0.0/jaeger-client-1.0.0.jar:/home/user/.m2/repository/io/jaegertracing/jaeger-thrift/1.0.0/jaeger-thrift-1.0.0.jar:/home/user/.m2/repository/org/apache/thrift/libthrift/0.12.0/libthrift-0.12.0.jar:/home/user/.m2/repository/com/squareup/okhttp3/okhttp/3.9.0/okhttp-3.9.0.jar:/home/user/.m2/repository/com/squareup/okio/okio/1.13.0/okio-1.13.0.jar:/home/user/.m2/repository/io/jaegertracing/jaeger-core/1.0.0/jaeger-core-1.0.0.jar:/home/user/.m2/repository/io/jaegertracing/jaeger-tracerresolver/1.0.0/jaeger-tracerresolver-1.0.0.jar:/home/user/.m2/repository/io/opentracing/contrib/opentracing-tracerresolver/0.1.8/opentracing-tracerresolver-0.1.8.jar:/home/user/.m2/repository/io/opentracing/opentracing-util/0.31.0/opentracing-util-0.31.0.jar:/home/user/.m2/repository/io/opentracing/opentracing-api/0.31.0/opentracing-api-0.31.0.jar:/home/user/.m2/repository/io/opentracing/opentracing-noop/0.31.0/opentracing-noop-0.31.0.jar:/home/user/.m2/repository/org/apache/hadoop/hadoop-hdds-server-framework/0.5.0-SNAPSHOT/hadoop-hdds-server-framework-0.5.0-SNAPSHOT.jar:/home/user/.m2/repository/org/apache/hadoop/hadoop-hdds-container-service/0.5.0-SNAPSHOT/hadoop-hdds-container-service-0.5.0-SNAPSHOT.jar:/home/user/.m2/repository/org/apache/hadoop/hadoop-hdds-client/0.5.0-SNAPSHOT/hadoop-hdds-client-0.5.0-SNAPSHOT.jar:/home/user/.m2/repository/org/apache/hadoop/hadoop-hdds-tools/0.5.0-SNAPSHOT/hadoop-hdds-tools-0.5.0-SNAPSHOT.jar:/home/user/.m2/repository/org/apache/hadoop/hadoop-hdds-server-scm/0.5.0-SNAPSHOT/hadoop-hdds-server-scm-0.5.0-SNAPSHOT.jar:/home/user/.m2/repository/org/apache/hadoop/hadoop-hdds-docs/0.5.0-SNAPSHOT/hadoop-hdds-docs-0.5.0-SNAPSHOT.jar:/home/user/.m2/repository/io/dropwizard/metrics/metrics-core/3.2.4/metrics-core-3.2.4.jar:/home/user/.m2/repository/org/hamcrest/hamcrest-all/1.3/hamcrest-all-1.3.jar:/home/user/.m2/repository/org/bouncycastle/bcprov-jdk15on/1.60/bcprov-jdk15on-1.60.jar:/home/user/.m2/repository/info/picocli/picocli/3.9.6/picocli-3.9.6.jar:/home/user/.m2/repository/com/google/protobuf/protobuf-java/2.5.0/protobuf-java-2.5.0.jar:/home/user/.m2/repository/com/google/guava/guava/11.0.2/guava-11.0.2.jar:/home/user/.m2/repository/org/apache/hadoop/hadoop-ozone-ozone-manager/0.5.0-SNAPSHOT/hadoop-ozone-ozone-manager-0.5.0-SNAPSHOT.jar:/home/user/.m2/repository/org/apache/hadoop/hadoop-minikdc/3.2.0/hadoop-minikdc-3.2.0.jar:/home/user/.m2/repository/commons-io/commons-io/2.5/commons-io-2.5.jar:/home/user/.m2/repository/org/apache/kerby/kerb-simplekdc/1.0.1/kerb-simplekdc-1.0.1.jar:/home/user/.m2/repository/org/apache/kerby/kerb-client/1.0.1/kerb-client-1.0.1.jar:/home/user/.m2/repository/org/apache/kerby/kerby-config/1.0.1/kerby-config-1.0.1.jar:/home/user/.m2/repository/org/apache/kerby/kerb-core/1.0.1/kerb-core-1.0.1.jar:/home/user/.m2/repository/org/apache/kerby/kerby-pkix/1.0.1/kerby-pkix-1.0.1.jar:/home/user/.m2/repository/org/apache/kerby/kerby-asn1/1.0.1/kerby-asn1-1.0.1.jar:/home/user/.m2/repository/org/apache/kerby/kerby-util/1.0.1/kerby-util-1.0.1.jar:/home/user/.m2/repository/org/apache/kerby/kerb-common/1.0.1/kerb-common-1.0.1.jar:/home/user/.m2/repository/org/apache/kerby/kerb-crypto/1.0.1/kerb-crypto-1.0.1.jar:/home/user/.m2/repository/org/apache/kerby/kerb-util/1.0.1/kerb-util-1.0.1.jar:/home/user/.m2/repository/org/apache/kerby/token-provider/1.0.1/token-provider-1.0.1.jar:/home/user/.m2/repository/org/apache/kerby/kerb-admin/1.0.1/kerb-admin-1.0.1.jar:/home/user/.m2/repository/org/apache/kerby/kerb-server/1.0.1/kerb-server-1.0.1.jar:/home/user/.m2/repository/org/apache/kerby/kerb-identity/1.0.1/kerb-identity-1.0.1.jar:/home/user/.m2/repository/org/apache/kerby/kerby-xdr/1.0.1/kerby-xdr-1.0.1.jar:/home/user/.m2/repository/org/slf4j/slf4j-log4j12/1.7.25/slf4j-log4j12-1.7.25.jar:/home/user/.m2/repository/org/apache/hadoop/hadoop-ozone-s3gateway/0.5.0-SNAPSHOT/hadoop-ozone-s3gateway-0.5.0-SNAPSHOT.jar:/home/user/.m2/repository/org/jboss/weld/servlet/weld-servlet/2.4.7.Final/weld-servlet-2.4.7.Final.jar:/home/user/.m2/repository/org/glassfish/jersey/containers/jersey-container-servlet-core/2.27/jersey-container-servlet-core-2.27.jar:/home/user/.m2/repository/org/glassfish/hk2/external/javax.inject/2.5.0-b42/javax.inject-2.5.0-b42.jar:/home/user/.m2/repository/org/glassfish/jersey/core/jersey-common/2.27/jersey-common-2.27.jar:/home/user/.m2/repository/org/glassfish/hk2/osgi-resource-locator/1.0.1/osgi-resource-locator-1.0.1.jar:/home/user/.m2/repository/javax/ws/rs/javax.ws.rs-api/2.1/javax.ws.rs-api-2.1.jar:/home/user/.m2/repository/org/glassfish/jersey/ext/cdi/jersey-cdi1x/2.27/jersey-cdi1x-2.27.jar:/home/user/.m2/repository/org/glassfish/jersey/inject/jersey-hk2/2.27/jersey-hk2-2.27.jar:/home/user/.m2/repository/org/glassfish/hk2/hk2-locator/2.5.0-b42/hk2-locator-2.5.0-b42.jar:/home/user/.m2/repository/org/javassist/javassist/3.22.0-CR2/javassist-3.22.0-CR2.jar:/home/user/.m2/repository/org/glassfish/hk2/hk2-api/2.5.0/hk2-api-2.5.0.jar:/home/user/.m2/repository/org/glassfish/hk2/external/jakarta.inject/2.5.0/jakarta.inject-2.5.0.jar:/home/user/.m2/repository/org/glassfish/hk2/hk2-utils/2.5.0/hk2-utils-2.5.0.jar:/home/user/.m2/repository/jakarta/annotation/jakarta.annotation-api/1.3.4/jakarta.annotation-api-1.3.4.jar:/home/user/.m2/repository/org/glassfish/hk2/external/aopalliance-repackaged/2.5.0/aopalliance-repackaged-2.5.0.jar:/home/user/.m2/repository/com/fasterxml/jackson/dataformat/jackson-dataformat-xml/2.9.0/jackson-dataformat-xml-2.9.0.jar:/home/user/.m2/repository/com/fasterxml/jackson/core/jackson-core/2.9.9/jackson-core-2.9.9.jar:/home/user/.m2/repository/com/fasterxml/jackson/module/jackson-module-jaxb-annotations/2.9.9/jackson-module-jaxb-annotations-2.9.9.jar:/home/user/.m2/repository/javax/enterprise/cdi-api/1.2/cdi-api-1.2.jar:/home/user/.m2/repository/javax/el/javax.el-api/3.0.0/javax.el-api-3.0.0.jar:/home/user/.m2/repository/javax/interceptor/javax.interceptor-api/1.2/javax.interceptor-api-1.2.jar:/home/user/.m2/repository/javax/inject/javax.inject/1/javax.inject-1.jar:/home/user/.m2/repository/com/sun/xml/bind/jaxb-impl/2.3.0.1/jaxb-impl-2.3.0.1.jar:/home/user/.m2/repository/com/sun/xml/bind/jaxb-core/2.3.0.1/jaxb-core-2.3.0.1.jar:/home/user/.m2/repository/javax/xml/bind/jaxb-api/2.3.0/jaxb-api-2.3.0.jar:/home/user/.m2/repository/javax/activation/activation/1.1.1/activation-1.1.1.jar:/home/user/.m2/repository/org/apache/hadoop/hadoop-ozone-csi/0.5.0-SNAPSHOT/hadoop-ozone-csi-0.5.0-SNAPSHOT.jar:/home/user/.m2/repository/com/google/protobuf/protobuf-java-util/3.5.1/protobuf-java-util-3.5.1.jar:/home/user/.m2/repository/org/apache/hadoop/hadoop-hdds-config/0.5.0-SNAPSHOT/hadoop-hdds-config-0.5.0-SNAPSHOT.jar:/home/user/.m2/repository/io/grpc/grpc-netty/1.17.1/grpc-netty-1.17.1.jar:/home/user/.m2/repository/io/grpc/grpc-core/1.17.1/grpc-core-1.17.1.jar:/home/user/.m2/repository/io/grpc/grpc-context/1.17.1/grpc-context-1.17.1.jar:/home/user/.m2/repository/com/google/errorprone/error_prone_annotations/2.2.0/error_prone_annotations-2.2.0.jar:/home/user/.m2/repository/org/codehaus/mojo/animal-sniffer-annotations/1.17/animal-sniffer-annotations-1.17.jar:/home/user/.m2/repository/io/opencensus/opencensus-api/0.17.0/opencensus-api-0.17.0.jar:/home/user/.m2/repository/io/opencensus/opencensus-contrib-grpc-metrics/0.17.0/opencensus-contrib-grpc-metrics-0.17.0.jar:/home/user/.m2/repository/io/netty/netty-codec-http2/4.1.30.Final/netty-codec-http2-4.1.30.Final.jar:/home/user/.m2/repository/io/netty/netty-codec-http/4.1.30.Final/netty-codec-http-4.1.30.Final.jar:/home/user/.m2/repository/io/netty/netty-codec/4.1.30.Final/netty-codec-4.1.30.Final.jar:/home/user/.m2/repository/io/netty/netty-handler/4.1.30.Final/netty-handler-4.1.30.Final.jar:/home/user/.m2/repository/io/netty/netty-handler-proxy/4.1.30.Final/netty-handler-proxy-4.1.30.Final.jar:/home/user/.m2/repository/io/netty/netty-codec-socks/4.1.30.Final/netty-codec-socks-4.1.30.Final.jar:/home/user/.m2/repository/io/netty/netty-transport-native-epoll/4.1.30.Final/netty-transport-native-epoll-4.1.30.Final.jar:/home/user/.m2/repository/io/netty/netty-common/4.1.30.Final/netty-common-4.1.30.Final.jar:/home/user/.m2/repository/io/netty/netty-buffer/4.1.30.Final/netty-buffer-4.1.30.Final.jar:/home/user/.m2/repository/io/netty/netty-transport/4.1.30.Final/netty-transport-4.1.30.Final.jar:/home/user/.m2/repository/io/netty/netty-resolver/4.1.30.Final/netty-resolver-4.1.30.Final.jar:/home/user/.m2/repository/io/netty/netty-transport-native-unix-common/4.1.30.Final/netty-transport-native-unix-common-4.1.30.Final.jar:/home/user/.m2/repository/io/grpc/grpc-protobuf/1.17.1/grpc-protobuf-1.17.1.jar:/home/user/.m2/repository/com/google/api/grpc/proto-google-common-protos/1.0.0/proto-google-common-protos-1.0.0.jar:/home/user/.m2/repository/io/grpc/grpc-protobuf-lite/1.17.1/grpc-protobuf-lite-1.17.1.jar:/home/user/.m2/repository/io/grpc/grpc-stub/1.17.1/grpc-stub-1.17.1.jar:/home/user/.m2/repository/org/apache/hadoop/hadoop-ozone-recon/0.5.0-SNAPSHOT/hadoop-ozone-recon-0.5.0-SNAPSHOT.jar:/home/user/.m2/repository/org/apache/hadoop/hadoop-ozone-reconcodegen/0.5.0-SNAPSHOT/hadoop-ozone-reconcodegen-0.5.0-SNAPSHOT.jar:/home/user/.m2/repository/com/google/inject/extensions/guice-multibindings/4.0/guice-multibindings-4.0.jar:/home/user/.m2/repository/com/google/inject/guice/4.0/guice-4.0.jar:/home/user/.m2/repository/aopalliance/aopalliance/1.0/aopalliance-1.0.jar:/home/user/.m2/repository/com/google/inject/extensions/guice-servlet/4.0/guice-servlet-4.0.jar:/home/user/.m2/repository/org/glassfish/jersey/containers/jersey-container-servlet/2.27/jersey-container-servlet-2.27.jar:/home/user/.m2/repository/org/glassfish/hk2/guice-bridge/2.5.0/guice-bridge-2.5.0.jar:/home/user/.m2/repository/org/glassfish/jersey/core/jersey-server/2.27/jersey-server-2.27.jar:/home/user/.m2/repository/org/glassfish/jersey/core/jersey-client/2.27/jersey-client-2.27.jar:/home/user/.m2/repository/org/glassfish/jersey/media/jersey-media-jaxb/2.27/jersey-media-jaxb-2.27.jar:/home/user/.m2/repository/javax/validation/validation-api/1.1.0.Final/validation-api-1.1.0.Final.jar:/home/user/.m2/repository/org/glassfish/jersey/media/jersey-media-json-jackson/2.27/jersey-media-json-jackson-2.27.jar:/home/user/.m2/repository/org/glassfish/jersey/ext/jersey-entity-filtering/2.27/jersey-entity-filtering-2.27.jar:/home/user/.m2/repository/com/google/inject/extensions/guice-assistedinject/4.0/guice-assistedinject-4.0.jar:/home/user/.m2/repository/org/jooq/jooq/3.11.10/jooq-3.11.10.jar:/home/user/.m2/repository/org/jooq/jooq-meta/3.11.10/jooq-meta-3.11.10.jar:/home/user/.m2/repository/org/jooq/jooq-codegen/3.11.10/jooq-codegen-3.11.10.jar:/home/user/.m2/repository/com/jolbox/bonecp/0.8.0.RELEASE/bonecp-0.8.0.RELEASE.jar:/home/user/.m2/repository/org/xerial/sqlite-jdbc/3.25.2/sqlite-jdbc-3.25.2.jar:/home/user/.m2/repository/org/springframework/spring-jdbc/5.1.3.RELEASE/spring-jdbc-5.1.3.RELEASE.jar:/home/user/.m2/repository/org/springframework/spring-beans/5.1.3.RELEASE/spring-beans-5.1.3.RELEASE.jar:/home/user/.m2/repository/org/springframework/spring-core/5.1.3.RELEASE/spring-core-5.1.3.RELEASE.jar:/home/user/.m2/repository/org/springframework/spring-jcl/5.1.3.RELEASE/spring-jcl-5.1.3.RELEASE.jar:/home/user/.m2/repository/org/springframework/spring-tx/5.1.3.RELEASE/spring-tx-5.1.3.RELEASE.jar:/home/user/.m2/repository/org/apache/hadoop/hadoop-ozone-client/0.5.0-SNAPSHOT/hadoop-ozone-client-0.5.0-SNAPSHOT.jar:/home/user/.m2/repository/commons-lang/commons-lang/2.6/commons-lang-2.6.jar:/home/user/.m2/repository/org/apache/hadoop/hadoop-ozone-ozone-manager/0.5.0-SNAPSHOT/hadoop-ozone-ozone-manager-0.5.0-SNAPSHOT-tests.jar:/home/user/.m2/repository/junit/junit/4.11/junit-4.11.jar:/home/user/.m2/repository/org/hamcrest/hamcrest-core/1.3/hamcrest-core-1.3.jar:/home/user/.m2/repository/org/openjdk/jmh/jmh-core/1.19/jmh-core-1.19.jar:/home/user/.m2/repository/net/sf/jopt-simple/jopt-simple/4.6/jopt-simple-4.6.jar:/home/user/.m2/repository/org/apache/commons/commons-math3/3.1.1/commons-math3-3.1.1.jar:/home/user/.m2/repository/org/openjdk/jmh/jmh-generator-annprocess/1.19/jmh-generator-annprocess-1.19.jar:/home/user/.m2/repository/org/mockito/mockito-all/1.8.5/mockito-all-1.8.5.jar:/home/user/.m2/repository/org/apache/hadoop/hadoop-kms/3.2.0/hadoop-kms-3.2.0.jar:/home/user/.m2/repository/org/apache/hadoop/hadoop-auth/3.2.0/hadoop-auth-3.2.0.jar:/home/user/.m2/repository/com/nimbusds/nimbus-jose-jwt/4.41.1/nimbus-jose-jwt-4.41.1.jar:/home/user/.m2/repository/com/github/stephenc/jcip/jcip-annotations/1.0-1/jcip-annotations-1.0-1.jar:/home/user/.m2/repository/net/minidev/json-smart/2.3/json-smart-2.3.jar:/home/user/.m2/repository/net/minidev/accessors-smart/1.2/accessors-smart-1.2.jar:/home/user/.m2/repository/org/ow2/asm/asm/5.0.4/asm-5.0.4.jar:/home/user/.m2/repository/org/apache/curator/curator-framework/2.12.0/curator-framework-2.12.0.jar:/home/user/.m2/repository/com/sun/jersey/jersey-core/1.19/jersey-core-1.19.jar:/home/user/.m2/repository/javax/ws/rs/jsr311-api/1.1.1/jsr311-api-1.1.1.jar:/home/user/.m2/repository/com/sun/jersey/jersey-server/1.19/jersey-server-1.19.jar:/home/user/.m2/repository/javax/servlet/javax.servlet-api/3.1.0/javax.servlet-api-3.1.0.jar:/home/user/.m2/repository/org/eclipse/jetty/jetty-server/9.3.25.v20180904/jetty-server-9.3.25.v20180904.jar:/home/user/.m2/repository/org/eclipse/jetty/jetty-http/9.3.25.v20180904/jetty-http-9.3.25.v20180904.jar:/home/user/.m2/repository/org/eclipse/jetty/jetty-io/9.3.25.v20180904/jetty-io-9.3.25.v20180904.jar:/home/user/.m2/repository/org/eclipse/jetty/jetty-webapp/9.3.25.v20180904/jetty-webapp-9.3.25.v20180904.jar:/home/user/.m2/repository/org/eclipse/jetty/jetty-xml/9.3.25.v20180904/jetty-xml-9.3.25.v20180904.jar:/home/user/.m2/repository/log4j/log4j/1.2.17/log4j-1.2.17.jar:/home/user/.m2/repository/org/slf4j/slf4j-api/1.7.25/slf4j-api-1.7.25.jar:/home/user/.m2/repository/org/slf4j/jul-to-slf4j/1.7.25/jul-to-slf4j-1.7.25.jar:/home/user/.m2/repository/org/eclipse/jetty/jetty-util/9.3.25.v20180904/jetty-util-9.3.25.v20180904.jar:/home/user/.m2/repository/com/fasterxml/jackson/core/jackson-databind/2.9.9/jackson-databind-2.9.9.jar:/home/user/.m2/repository/org/apache/hadoop/hadoop-kms/3.2.0/hadoop-kms-3.2.0-tests.jar:/home/user/.m2/repository/org/apache/hadoop/hadoop-hdds-server-scm/0.5.0-SNAPSHOT/hadoop-hdds-server-scm-0.5.0-SNAPSHOT-tests.jar:/home/user/.m2/repository/org/apache/hadoop/hadoop-hdds-container-service/0.5.0-SNAPSHOT/hadoop-hdds-container-service-0.5.0-SNAPSHOT-tests.jar:/home/user/.m2/repository/org/yaml/snakeyaml/1.16/snakeyaml-1.16.jar:/home/user/.m2/repository/org/apache/hadoop/hadoop-common/3.2.0/hadoop-common-3.2.0-tests.jar:/home/user/.m2/repository/org/apache/hadoop/hadoop-annotations/3.2.0/hadoop-annotations-3.2.0.jar:/usr/lib/jvm/java-1.8-openjdk/jre/../lib/tools.jar:/home/user/.m2/repository/commons-cli/commons-cli/1.2/commons-cli-1.2.jar:/home/user/.m2/repository/org/apache/httpcomponents/httpclient/4.5.2/httpclient-4.5.2.jar:/home/user/.m2/repository/org/apache/httpcomponents/httpcore/4.4.4/httpcore-4.4.4.jar:/home/user/.m2/repository/commons-codec/commons-codec/1.11/commons-codec-1.11.jar:/home/user/.m2/repository/commons-net/commons-net/3.6/commons-net-3.6.jar:/home/user/.m2/repository/commons-collections/commons-collections/3.2.2/commons-collections-3.2.2.jar:/home/user/.m2/repository/org/eclipse/jetty/jetty-servlet/9.3.25.v20180904/jetty-servlet-9.3.25.v20180904.jar:/home/user/.m2/repository/org/eclipse/jetty/jetty-security/9.3.25.v20180904/jetty-security-9.3.25.v20180904.jar:/home/user/.m2/repository/javax/servlet/jsp/jsp-api/2.1/jsp-api-2.1.jar:/home/user/.m2/repository/com/sun/jersey/jersey-servlet/1.19/jersey-servlet-1.19.jar:/home/user/.m2/repository/com/sun/jersey/jersey-json/1.19/jersey-json-1.19.jar:/home/user/.m2/repository/org/codehaus/jettison/jettison/1.1/jettison-1.1.jar:/home/user/.m2/repository/org/codehaus/jackson/jackson-core-asl/1.9.13/jackson-core-asl-1.9.13.jar:/home/user/.m2/repository/org/codehaus/jackson/jackson-mapper-asl/1.9.13/jackson-mapper-asl-1.9.13.jar:/home/user/.m2/repository/org/codehaus/jackson/jackson-jaxrs/1.9.13/jackson-jaxrs-1.9.13.jar:/home/user/.m2/repository/org/codehaus/jackson/jackson-xc/1.9.13/jackson-xc-1.9.13.jar:/home/user/.m2/repository/commons-logging/commons-logging/1.1.3/commons-logging-1.1.3.jar:/home/user/.m2/repository/commons-beanutils/commons-beanutils/1.9.4/commons-beanutils-1.9.4.jar:/home/user/.m2/repository/org/apache/commons/commons-configuration2/2.1.1/commons-configuration2-2.1.1.jar:/home/user/.m2/repository/org/apache/commons/commons-lang3/3.7/commons-lang3-3.7.jar:/home/user/.m2/repository/org/apache/commons/commons-text/1.4/commons-text-1.4.jar:/home/user/.m2/repository/org/apache/avro/avro/1.7.7/avro-1.7.7.jar:/home/user/.m2/repository/com/thoughtworks/paranamer/paranamer/2.3/paranamer-2.3.jar:/home/user/.m2/repository/org/xerial/snappy/snappy-java/1.0.5/snappy-java-1.0.5.jar:/home/user/.m2/repository/com/google/re2j/re2j/1.1/re2j-1.1.jar:/home/user/.m2/repository/com/google/code/gson/gson/2.2.4/gson-2.2.4.jar:/home/user/.m2/repository/com/jcraft/jsch/0.1.54/jsch-0.1.54.jar:/home/user/.m2/repository/org/apache/curator/curator-client/2.12.0/curator-client-2.12.0.jar:/home/user/.m2/repository/org/apache/curator/curator-recipes/2.12.0/curator-recipes-2.12.0.jar:/home/user/.m2/repository/com/google/code/findbugs/jsr305/3.0.0/jsr305-3.0.0.jar:/home/user/.m2/repository/org/apache/htrace/htrace-core4/4.1.0-incubating/htrace-core4-4.1.0-incubating.jar:/home/user/.m2/repository/org/apache/zookeeper/zookeeper/3.5.5/zookeeper-3.5.5.jar:/home/user/.m2/repository/org/apache/zookeeper/zookeeper-jute/3.5.5/zookeeper-jute-3.5.5.jar:/home/user/.m2/repository/org/apache/yetus/audience-annotations/0.5.0/audience-annotations-0.5.0.jar:/home/user/.m2/repository/org/codehaus/woodstox/stax2-api/3.1.4/stax2-api-3.1.4.jar:/home/user/.m2/repository/com/fasterxml/woodstox/woodstox-core/5.0.3/woodstox-core-5.0.3.jar:/home/user/.m2/repository/dnsjava/dnsjava/2.1.7/dnsjava-2.1.7.jar:/home/user/.m2/repository/org/apache/hadoop/hadoop-hdfs/3.2.0/hadoop-hdfs-3.2.0-tests.jar:/home/user/.m2/repository/org/eclipse/jetty/jetty-util-ajax/9.3.25.v20180904/jetty-util-ajax-9.3.25.v20180904.jar:/home/user/.m2/repository/commons-daemon/commons-daemon/1.0.13/commons-daemon-1.0.13.jar:/home/user/.m2/repository/io/netty/netty/3.10.5.Final/netty-3.10.5.Final.jar:/home/user/.m2/repository/io/netty/netty-all/4.0.52.Final/netty-all-4.0.52.Final.jar:/home/user/.m2/repository/org/fusesource/leveldbjni/leveldbjni-all/1.8/leveldbjni-all-1.8.jar:"/>
    <property name="sun.cpu.endian" value="little"/>
    <property name="user.home" value="/home/user"/>
    <property name="user.language" value="en"/>
    <property name="java.specification.vendor" value="Oracle Corporation"/>
    <property name="java.home" value="/usr/lib/jvm/java-1.8-openjdk/jre"/>
    <property name="java.security.krb5.conf" value="/workdir/hadoop-ozone/integration-test/target/test-classes/krb5.conf"/>
    <property name="basedir" value="/workdir/hadoop-ozone/integration-test"/>
    <property name="file.separator" value="/"/>
    <property name="line.separator" value="&#10;"/>
    <property name="java.vm.specification.vendor" value="Oracle Corporation"/>
    <property name="java.specification.name" value="Java Platform API Specification"/>
    <property name="java.awt.graphicsenv" value="sun.awt.X11GraphicsEnvironment"/>
    <property name="surefire.real.class.path" value="/workdir/hadoop-ozone/integration-test/target/surefire/surefirebooter9137969196693862743.jar"/>
    <property name="hadoop.log.dir" value="/workdir/hadoop-ozone/integration-test/target/log"/>
    <property name="sun.boot.class.path" value="/usr/lib/jvm/java-1.8-openjdk/jre/lib/resources.jar:/usr/lib/jvm/java-1.8-openjdk/jre/lib/rt.jar:/usr/lib/jvm/java-1.8-openjdk/jre/lib/sunrsasign.jar:/usr/lib/jvm/java-1.8-openjdk/jre/lib/jsse.jar:/usr/lib/jvm/java-1.8-openjdk/jre/lib/jce.jar:/usr/lib/jvm/java-1.8-openjdk/jre/lib/charsets.jar:/usr/lib/jvm/java-1.8-openjdk/jre/lib/jfr.jar:/usr/lib/jvm/java-1.8-openjdk/jre/classes"/>
    <property name="sun.management.compiler" value="HotSpot 64-Bit Tiered Compilers"/>
    <property name="java.runtime.version" value="1.8.0_212-b04"/>
    <property name="java.net.preferIPv4Stack" value="true"/>
    <property name="user.name" value="jenkins1000"/>
    <property name="path.separator" value=":"/>
    <property name="java.security.egd" value="file:///dev/urandom"/>
    <property name="os.version" value="3.10.0-957.12.2.el7.x86_64"/>
    <property name="java.endorsed.dirs" value="/usr/lib/jvm/java-1.8-openjdk/jre/lib/endorsed"/>
    <property name="java.runtime.name" value="OpenJDK Runtime Environment"/>
    <property name="file.encoding" value="UTF-8"/>
    <property name="java.vm.name" value="OpenJDK 64-Bit Server VM"/>
    <property name="test.build.webapps" value=""/>
    <property name="localRepository" value="/home/user/.m2/repository"/>
    <property name="java.vendor.url.bug" value="https://icedtea.classpath.org/bugzilla"/>
    <property name="java.io.tmpdir" value="/tmp"/>
    <property name="require.test.libhadoop" value=""/>
    <property name="java.version" value="1.8.0_212"/>
    <property name="user.dir" value="/workdir/hadoop-ozone/integration-test"/>
    <property name="os.arch" value="amd64"/>
    <property name="java.vm.specification.name" value="Java Virtual Machine Specification"/>
    <property name="test.build.classes" value="/workdir/hadoop-ozone/integration-test/target/test-classes"/>
    <property name="java.awt.printerjob" value="sun.print.PSPrinterJob"/>
    <property name="sun.os.patch.level" value="unknown"/>
    <property name="hadoop.tmp.dir" value="/workdir/hadoop-ozone/integration-test/target/tmp"/>
    <property name="java.library.path" value="/usr/lib/jvm/java-1.8-openjdk/jre/lib/amd64/server:/usr/lib/jvm/java-1.8-openjdk/jre/lib/amd64:/usr/lib/jvm/java-1.8-openjdk/jre/../lib/amd64:/workdir/hadoop-ozone/integration-test/target/native/target/usr/local/lib:/workdir/hadoop-ozone/integration-test/../../hadoop-common-project/hadoop-common/target/native/target/usr/local/lib:/usr/java/packages/lib/amd64:/usr/lib64:/lib64:/lib:/usr/lib"/>
    <property name="java.vm.info" value="mixed mode"/>
    <property name="java.vendor" value="IcedTea"/>
    <property name="java.vm.version" value="25.212-b04"/>
    <property name="java.ext.dirs" value="/usr/lib/jvm/java-1.8-openjdk/jre/lib/ext:/usr/java/packages/lib/ext"/>
    <property name="sun.io.unicode.encoding" value="UnicodeLittle"/>
    <property name="java.class.version" value="52.0"/>
  </properties>
  <testcase name="org.apache.hadoop.ozone.container.common.statemachine.commandhandler.TestCloseContainerByPipeline" classname="org.apache.hadoop.ozone.container.common.statemachine.commandhandler.TestCloseContainerByPipeline" time="37.539">
    <error message="io.opentracing.ScopeManager.activeSpan()Lio/opentracing/Span;" type="java.lang.NoSuchMethodError"><![CDATA[java.lang.NoSuchMethodError: io.opentracing.ScopeManager.activeSpan()Lio/opentracing/Span;
	at io.jaegertracing.internal.JaegerTracer$SpanBuilder.start(JaegerTracer.java:440)
	at io.jaegertracing.internal.JaegerTracer$SpanBuilder$1.<init>(JaegerTracer.java:485)
	at io.jaegertracing.internal.JaegerTracer$SpanBuilder.startActive(JaegerTracer.java:484)
	at org.apache.hadoop.hdds.tracing.TraceAllMethod.invoke(TraceAllMethod.java:64)
	at com.sun.proxy.$Proxy37.getServiceList(Unknown Source)
	at org.apache.hadoop.ozone.client.rpc.RpcClient.getScmAddressForClient(RpcClient.java:248)
	at org.apache.hadoop.ozone.client.rpc.RpcClient.<init>(RpcClient.java:167)
	at org.apache.hadoop.ozone.client.OzoneClientFactory.getClientProtocol(OzoneClientFactory.java:256)
	at org.apache.hadoop.ozone.client.OzoneClientFactory.getClientProtocol(OzoneClientFactory.java:239)
	at org.apache.hadoop.ozone.client.OzoneClientFactory.getClient(OzoneClientFactory.java:75)
	at org.apache.hadoop.ozone.container.common.statemachine.commandhandler.TestCloseContainerByPipeline.init(TestCloseContainerByPipeline.java:81)
	at sun.reflect.NativeMethodAccessorImpl.invoke0(Native Method)
	at sun.reflect.NativeMethodAccessorImpl.invoke(NativeMethodAccessorImpl.java:62)
	at sun.reflect.DelegatingMethodAccessorImpl.invoke(DelegatingMethodAccessorImpl.java:43)
	at java.lang.reflect.Method.invoke(Method.java:498)
	at org.junit.runners.model.FrameworkMethod$1.runReflectiveCall(FrameworkMethod.java:47)
	at org.junit.internal.runners.model.ReflectiveCallable.run(ReflectiveCallable.java:12)
	at org.junit.runners.model.FrameworkMethod.invokeExplosively(FrameworkMethod.java:44)
	at org.junit.internal.runners.statements.RunBefores.evaluate(RunBefores.java:24)
	at org.junit.internal.runners.statements.RunAfters.evaluate(RunAfters.java:27)
	at org.junit.runners.ParentRunner.run(ParentRunner.java:309)
	at org.apache.maven.surefire.junit4.JUnit4Provider.execute(JUnit4Provider.java:365)
	at org.apache.maven.surefire.junit4.JUnit4Provider.executeWithRerun(JUnit4Provider.java:273)
	at org.apache.maven.surefire.junit4.JUnit4Provider.executeTestSet(JUnit4Provider.java:238)
	at org.apache.maven.surefire.junit4.JUnit4Provider.invoke(JUnit4Provider.java:159)
	at org.apache.maven.surefire.booter.ForkedBooter.invokeProviderInSameClassLoader(ForkedBooter.java:384)
	at org.apache.maven.surefire.booter.ForkedBooter.runSuitesInProcess(ForkedBooter.java:345)
	at org.apache.maven.surefire.booter.ForkedBooter.execute(ForkedBooter.java:126)
	at org.apache.maven.surefire.booter.ForkedBooter.main(ForkedBooter.java:418)
]]></error>
    <system-out><![CDATA[2019-09-18 22:11:35,253 [main] WARN  server.ServerUtils (ServerUtils.java:getScmDbDir(145)) - ozone.scm.db.dirs is not configured. We recommend adding this setting. Falling back to ozone.metadata.dirs instead.
2019-09-18 22:11:35,353 [main] WARN  server.ServerUtils (ServerUtils.java:getScmDbDir(145)) - ozone.scm.db.dirs is not configured. We recommend adding this setting. Falling back to ozone.metadata.dirs instead.
2019-09-18 22:11:35,356 [main] WARN  server.ServerUtils (ServerUtils.java:getScmDbDir(145)) - ozone.scm.db.dirs is not configured. We recommend adding this setting. Falling back to ozone.metadata.dirs instead.
2019-09-18 22:11:35,374 [main] INFO  util.log (Log.java:initialized(192)) - Logging initialized @918ms
2019-09-18 22:11:35,475 [main] INFO  db.DBStoreBuilder (DBStoreBuilder.java:addTable(110)) - using custom profile for table: deletedBlocks
2019-09-18 22:11:35,476 [main] INFO  db.DBStoreBuilder (DBStoreBuilder.java:processTables(161)) - Using default column profile:DBProfile.DISK for Table:deletedBlocks
2019-09-18 22:11:35,476 [main] INFO  db.DBStoreBuilder (DBStoreBuilder.java:addTable(110)) - using custom profile for table: validCerts
2019-09-18 22:11:35,476 [main] INFO  db.DBStoreBuilder (DBStoreBuilder.java:processTables(161)) - Using default column profile:DBProfile.DISK for Table:validCerts
2019-09-18 22:11:35,476 [main] INFO  db.DBStoreBuilder (DBStoreBuilder.java:addTable(110)) - using custom profile for table: revokedCerts
2019-09-18 22:11:35,477 [main] INFO  db.DBStoreBuilder (DBStoreBuilder.java:processTables(161)) - Using default column profile:DBProfile.DISK for Table:revokedCerts
2019-09-18 22:11:35,493 [main] INFO  db.DBStoreBuilder (DBStoreBuilder.java:addTable(110)) - using custom profile for table: default
2019-09-18 22:11:35,493 [main] INFO  db.DBStoreBuilder (DBStoreBuilder.java:processTables(167)) - Using default column profile:DBProfile.DISK for Table:default
2019-09-18 22:11:35,495 [main] INFO  db.DBStoreBuilder (DBStoreBuilder.java:getDbProfile(198)) - Using default options. DBProfile.DISK
2019-09-18 22:11:35,709 [main] INFO  net.NodeSchemaLoader (NodeSchemaLoader.java:loadSchemaFromFile(125)) - Loading file from sun.misc.CompoundEnumeration@235834f2
2019-09-18 22:11:35,711 [main] INFO  net.NodeSchemaLoader (NodeSchemaLoader.java:loadSchema(171)) - Loading network topology layer schema file
2019-09-18 22:11:35,780 [main] WARN  server.ServerUtils (ServerUtils.java:sanitizeUserArgs(70)) - ozone.scm.stale.node.interval value = 300000 is larger than max = 100000 based on the key value of ozone.scm.heartbeat.thread.interval, reset to the max value 100000.
2019-09-18 22:11:35,782 [main] WARN  server.ServerUtils (ServerUtils.java:sanitizeUserArgs(70)) - ozone.scm.stale.node.interval value = 300000 is larger than max = 100000 based on the key value of ozone.scm.heartbeat.thread.interval, reset to the max value 100000.
2019-09-18 22:11:35,785 [main] INFO  node.SCMNodeManager (SCMNodeManager.java:<init>(114)) - Entering startup safe mode.
2019-09-18 22:11:35,874 [main] INFO  algorithms.ContainerPlacementPolicyFactory (ContainerPlacementPolicyFactory.java:getPolicy(57)) - Create container placement policy of type org.apache.hadoop.hdds.scm.container.placement.algorithms.SCMContainerPlacementRandom
2019-09-18 22:11:35,896 [main] WARN  server.ServerUtils (ServerUtils.java:getScmDbDir(145)) - ozone.scm.db.dirs is not configured. We recommend adding this setting. Falling back to ozone.metadata.dirs instead.
2019-09-18 22:11:35,984 [main] INFO  pipeline.SCMPipelineManager (SCMPipelineManager.java:initializePipelineState(128)) - No pipeline exists in current db
2019-09-18 22:11:35,988 [main] WARN  server.ServerUtils (ServerUtils.java:getScmDbDir(145)) - ozone.scm.db.dirs is not configured. We recommend adding this setting. Falling back to ozone.metadata.dirs instead.
2019-09-18 22:11:36,100 [main] WARN  events.EventQueue (EventQueue.java:fireEvent(183)) - No event handler registered for event TypedEvent{payloadType=SafeModeStatus, name='SafeModeStatus'}
2019-09-18 22:11:36,475 [main] INFO  ipc.CallQueueManager (CallQueueManager.java:<init>(84)) - Using callQueue: class java.util.concurrent.LinkedBlockingQueue, queueCapacity: 2000, scheduler: class org.apache.hadoop.ipc.DefaultRpcScheduler, ipcBackoff: false.
2019-09-18 22:11:36,503 [Socket Reader #1 for port 37775] INFO  ipc.Server (Server.java:run(1074)) - Starting Socket Reader #1 for port 37775
2019-09-18 22:11:36,687 [main] INFO  ipc.CallQueueManager (CallQueueManager.java:<init>(84)) - Using callQueue: class java.util.concurrent.LinkedBlockingQueue, queueCapacity: 2000, scheduler: class org.apache.hadoop.ipc.DefaultRpcScheduler, ipcBackoff: false.
2019-09-18 22:11:36,688 [Socket Reader #1 for port 37551] INFO  ipc.Server (Server.java:run(1074)) - Starting Socket Reader #1 for port 37551
2019-09-18 22:11:36,701 [main] INFO  ipc.CallQueueManager (CallQueueManager.java:<init>(84)) - Using callQueue: class java.util.concurrent.LinkedBlockingQueue, queueCapacity: 2000, scheduler: class org.apache.hadoop.ipc.DefaultRpcScheduler, ipcBackoff: false.
2019-09-18 22:11:36,702 [Socket Reader #1 for port 34602] INFO  ipc.Server (Server.java:run(1074)) - Starting Socket Reader #1 for port 34602
2019-09-18 22:11:36,732 [main] INFO  hdfs.DFSUtil (DFSUtil.java:httpServerTemplateForNNAndJN(1641)) - Starting Web-server for scm at: http://0.0.0.0:0
2019-09-18 22:11:36,932 [main] INFO  server.AuthenticationFilter (AuthenticationFilter.java:constructSecretProvider(240)) - Unable to initialize FileSignerSecretProvider, falling back to use random secrets.
2019-09-18 22:11:36,941 [main] WARN  http.HttpRequestLog (HttpRequestLog.java:getRequestLog(97)) - Jetty request log can only be enabled using Log4j
2019-09-18 22:11:36,951 [main] INFO  http.HttpServer2 (HttpServer2.java:addGlobalFilter(975)) - Added global filter 'safety' (class=org.apache.hadoop.http.HttpServer2$QuotingInputFilter)
2019-09-18 22:11:36,954 [main] INFO  http.HttpServer2 (HttpServer2.java:addFilter(948)) - Added filter static_user_filter (class=org.apache.hadoop.http.lib.StaticUserWebFilter$StaticUserFilter) to context scm
2019-09-18 22:11:36,954 [main] INFO  http.HttpServer2 (HttpServer2.java:addFilter(958)) - Added filter static_user_filter (class=org.apache.hadoop.http.lib.StaticUserWebFilter$StaticUserFilter) to context logs
2019-09-18 22:11:36,954 [main] INFO  http.HttpServer2 (HttpServer2.java:addFilter(958)) - Added filter static_user_filter (class=org.apache.hadoop.http.lib.StaticUserWebFilter$StaticUserFilter) to context static
2019-09-18 22:11:36,988 [main] INFO  server.StorageContainerManager (StorageContainerManager.java:start(763)) - StorageContainerLocationProtocol RPC server is listening at /0.0.0.0:34602
2019-09-18 22:11:37,071 [main] WARN  impl.MetricsConfig (MetricsConfig.java:loadFirst(134)) - Cannot locate configuration: tried hadoop-metrics2-storagecontainermanager.properties,hadoop-metrics2.properties
2019-09-18 22:11:37,089 [main] INFO  impl.MetricsSystemImpl (MetricsSystemImpl.java:startTimer(374)) - Scheduled Metric snapshot period at 10 second(s).
2019-09-18 22:11:37,089 [main] INFO  impl.MetricsSystemImpl (MetricsSystemImpl.java:start(191)) - StorageContainerManager metrics system started
2019-09-18 22:11:37,334 [main] INFO  server.SCMClientProtocolServer (SCMClientProtocolServer.java:start(151)) - RPC server for Client  is listening at /0.0.0.0:34602
2019-09-18 22:11:37,335 [IPC Server Responder] INFO  ipc.Server (Server.java:run(1314)) - IPC Server Responder: starting
2019-09-18 22:11:37,335 [IPC Server listener on 34602] INFO  ipc.Server (Server.java:run(1153)) - IPC Server listener on 34602: starting
2019-09-18 22:11:37,338 [main] INFO  server.StorageContainerManager (StorageContainerManager.java:start(773)) - ScmBlockLocationProtocol RPC server is listening at /0.0.0.0:37551
2019-09-18 22:11:37,339 [main] INFO  server.SCMBlockProtocolServer (SCMBlockProtocolServer.java:start(146)) - RPC server for Block Protocol is listening at /0.0.0.0:37551
2019-09-18 22:11:37,340 [IPC Server Responder] INFO  ipc.Server (Server.java:run(1314)) - IPC Server Responder: starting
2019-09-18 22:11:37,340 [IPC Server listener on 37551] INFO  ipc.Server (Server.java:run(1153)) - IPC Server listener on 37551: starting
2019-09-18 22:11:37,343 [main] INFO  server.StorageContainerManager (StorageContainerManager.java:start(777)) - ScmDatanodeProtocl RPC server is listening at /0.0.0.0:37775
2019-09-18 22:11:37,343 [main] INFO  server.SCMDatanodeProtocolServer (SCMDatanodeProtocolServer.java:start(191)) - RPC server for DataNodes is listening at /0.0.0.0:37775
2019-09-18 22:11:37,344 [IPC Server Responder] INFO  ipc.Server (Server.java:run(1314)) - IPC Server Responder: starting
2019-09-18 22:11:37,344 [IPC Server listener on 37775] INFO  ipc.Server (Server.java:run(1153)) - IPC Server listener on 37775: starting
2019-09-18 22:11:37,350 [main] INFO  http.HttpServer2 (HttpServer2.java:bindListener(1191)) - Jetty bound to port 32954
2019-09-18 22:11:37,352 [main] INFO  server.Server (Server.java:doStart(351)) - jetty-9.3.25.v20180904, build timestamp: 2018-09-04T21:11:46Z, git hash: 3ce520221d0240229c862b122d2b06c12a625732
2019-09-18 22:11:37,415 [main] INFO  handler.ContextHandler (ContextHandler.java:doStart(781)) - Started o.e.j.s.ServletContextHandler@2b0f373b{/logs,file:///workdir/hadoop-ozone/integration-test/target/log,AVAILABLE}
2019-09-18 22:11:37,416 [main] INFO  handler.ContextHandler (ContextHandler.java:doStart(781)) - Started o.e.j.s.ServletContextHandler@4b45dcb8{/static,file:///workdir/hadoop-ozone/integration-test/target/test-classes/webapps/static,AVAILABLE}
2019-09-18 22:11:37,452 [main] INFO  handler.ContextHandler (ContextHandler.java:doStart(781)) - Started o.e.j.w.WebAppContext@740abb5{/,file:///workdir/hadoop-ozone/integration-test/target/test-classes/webapps/scm/,AVAILABLE}{/scm}
2019-09-18 22:11:37,458 [main] INFO  server.AbstractConnector (AbstractConnector.java:doStart(278)) - Started ServerConnector@61edc883{HTTP/1.1,[http/1.1]}{0.0.0.0:32954}
2019-09-18 22:11:37,459 [main] INFO  server.Server (Server.java:doStart(419)) - Started @3003ms
2019-09-18 22:11:37,461 [main] INFO  impl.MetricsSinkAdapter (MetricsSinkAdapter.java:start(204)) - Sink prometheus started
2019-09-18 22:11:37,461 [main] INFO  impl.MetricsSystemImpl (MetricsSystemImpl.java:registerSink(301)) - Registered sink prometheus
2019-09-18 22:11:37,462 [main] INFO  server.BaseHttpServer (BaseHttpServer.java:updateConnectorAddress(215)) - HTTP server of SCM is listening at http://0.0.0.0:32954
2019-09-18 22:11:37,468 [org.apache.hadoop.util.JvmPauseMonitor$Monitor@5003041b] INFO  util.JvmPauseMonitor (JvmPauseMonitor.java:run(188)) - Starting JVM pause monitor
2019-09-18 22:11:37,470 [main] WARN  server.ServerUtils (ServerUtils.java:getDBPath(222)) - ozone.om.db.dirs is not configured. We recommend adding this setting. Falling back to ozone.metadata.dirs instead.
2019-09-18 22:11:37,576 [main] WARN  server.ServerUtils (ServerUtils.java:getDBPath(222)) - ozone.om.db.dirs is not configured. We recommend adding this setting. Falling back to ozone.metadata.dirs instead.
2019-09-18 22:11:37,576 [main] WARN  server.ServerUtils (ServerUtils.java:getDBPath(222)) - ozone.om.db.dirs is not configured. We recommend adding this setting. Falling back to ozone.metadata.dirs instead.
2019-09-18 22:11:37,577 [main] INFO  om.OzoneManager (OzoneManager.java:setOMNodeDetails(649)) - OM Service ID is not set. Setting it to the default ID: omServiceIdDefault
2019-09-18 22:11:37,578 [main] INFO  om.OzoneManager (OzoneManager.java:setOMNodeDetails(655)) - OM Node ID is not set. Setting it to the OmStorage's OmID: bd57461a-cea7-484e-9311-1375185e0f21
2019-09-18 22:11:37,579 [main] INFO  om.OzoneManager (OzoneManager.java:loadOMHAConfigs(606)) - Found matching OM address with OMServiceId: null, OMNodeId: null, RPC Address: localhost:0 and Ratis port: 9872
2019-09-18 22:11:38,364 [main] WARN  server.ServerUtils (ServerUtils.java:getDBPath(222)) - ozone.om.db.dirs is not configured. We recommend adding this setting. Falling back to ozone.metadata.dirs instead.
2019-09-18 22:11:38,372 [main] INFO  db.DBStoreBuilder (DBStoreBuilder.java:addTable(110)) - using custom profile for table: userTable
2019-09-18 22:11:38,373 [main] INFO  db.DBStoreBuilder (DBStoreBuilder.java:processTables(161)) - Using default column profile:DBProfile.DISK for Table:userTable
2019-09-18 22:11:38,373 [main] INFO  db.DBStoreBuilder (DBStoreBuilder.java:addTable(110)) - using custom profile for table: volumeTable
2019-09-18 22:11:38,373 [main] INFO  db.DBStoreBuilder (DBStoreBuilder.java:processTables(161)) - Using default column profile:DBProfile.DISK for Table:volumeTable
2019-09-18 22:11:38,373 [main] INFO  db.DBStoreBuilder (DBStoreBuilder.java:addTable(110)) - using custom profile for table: bucketTable
2019-09-18 22:11:38,374 [main] INFO  db.DBStoreBuilder (DBStoreBuilder.java:processTables(161)) - Using default column profile:DBProfile.DISK for Table:bucketTable
2019-09-18 22:11:38,374 [main] INFO  db.DBStoreBuilder (DBStoreBuilder.java:addTable(110)) - using custom profile for table: keyTable
2019-09-18 22:11:38,374 [main] INFO  db.DBStoreBuilder (DBStoreBuilder.java:processTables(161)) - Using default column profile:DBProfile.DISK for Table:keyTable
2019-09-18 22:11:38,374 [main] INFO  db.DBStoreBuilder (DBStoreBuilder.java:addTable(110)) - using custom profile for table: deletedTable
2019-09-18 22:11:38,375 [main] INFO  db.DBStoreBuilder (DBStoreBuilder.java:processTables(161)) - Using default column profile:DBProfile.DISK for Table:deletedTable
2019-09-18 22:11:38,375 [main] INFO  db.DBStoreBuilder (DBStoreBuilder.java:addTable(110)) - using custom profile for table: openKeyTable
2019-09-18 22:11:38,375 [main] INFO  db.DBStoreBuilder (DBStoreBuilder.java:processTables(161)) - Using default column profile:DBProfile.DISK for Table:openKeyTable
2019-09-18 22:11:38,375 [main] INFO  db.DBStoreBuilder (DBStoreBuilder.java:addTable(110)) - using custom profile for table: s3Table
2019-09-18 22:11:38,376 [main] INFO  db.DBStoreBuilder (DBStoreBuilder.java:processTables(161)) - Using default column profile:DBProfile.DISK for Table:s3Table
2019-09-18 22:11:38,376 [main] INFO  db.DBStoreBuilder (DBStoreBuilder.java:addTable(110)) - using custom profile for table: multipartInfoTable
2019-09-18 22:11:38,376 [main] INFO  db.DBStoreBuilder (DBStoreBuilder.java:processTables(161)) - Using default column profile:DBProfile.DISK for Table:multipartInfoTable
2019-09-18 22:11:38,376 [main] INFO  db.DBStoreBuilder (DBStoreBuilder.java:addTable(110)) - using custom profile for table: dTokenTable
2019-09-18 22:11:38,377 [main] INFO  db.DBStoreBuilder (DBStoreBuilder.java:processTables(161)) - Using default column profile:DBProfile.DISK for Table:dTokenTable
2019-09-18 22:11:38,377 [main] INFO  db.DBStoreBuilder (DBStoreBuilder.java:addTable(110)) - using custom profile for table: s3SecretTable
2019-09-18 22:11:38,377 [main] INFO  db.DBStoreBuilder (DBStoreBuilder.java:processTables(161)) - Using default column profile:DBProfile.DISK for Table:s3SecretTable
2019-09-18 22:11:38,377 [main] INFO  db.DBStoreBuilder (DBStoreBuilder.java:addTable(110)) - using custom profile for table: prefixTable
2019-09-18 22:11:38,378 [main] INFO  db.DBStoreBuilder (DBStoreBuilder.java:processTables(161)) - Using default column profile:DBProfile.DISK for Table:prefixTable
2019-09-18 22:11:38,378 [main] INFO  db.DBStoreBuilder (DBStoreBuilder.java:addTable(110)) - using custom profile for table: default
2019-09-18 22:11:38,378 [main] INFO  db.DBStoreBuilder (DBStoreBuilder.java:processTables(167)) - Using default column profile:DBProfile.DISK for Table:default
2019-09-18 22:11:38,378 [main] INFO  db.DBStoreBuilder (DBStoreBuilder.java:getDbProfile(198)) - Using default options. DBProfile.DISK
2019-09-18 22:11:38,903 [main] INFO  ipc.CallQueueManager (CallQueueManager.java:<init>(84)) - Using callQueue: class java.util.concurrent.LinkedBlockingQueue, queueCapacity: 2000, scheduler: class org.apache.hadoop.ipc.DefaultRpcScheduler, ipcBackoff: false.
2019-09-18 22:11:38,904 [Socket Reader #1 for port 46131] INFO  ipc.Server (Server.java:run(1074)) - Starting Socket Reader #1 for port 46131
2019-09-18 22:11:38,938 [main] INFO  om.OzoneManager (OzoneManager.java:start(1240)) - OzoneManager RPC server is listening at localhost/127.0.0.1:46131
2019-09-18 22:11:38,939 [main] INFO  impl.MetricsSystemImpl (MetricsSystemImpl.java:init(158)) - OzoneManager metrics system started (again)
2019-09-18 22:11:38,940 [IPC Server Responder] INFO  ipc.Server (Server.java:run(1314)) - IPC Server Responder: starting
2019-09-18 22:11:38,941 [IPC Server listener on 46131] INFO  ipc.Server (Server.java:run(1153)) - IPC Server listener on 46131: starting
2019-09-18 22:11:38,947 [main] INFO  hdfs.DFSUtil (DFSUtil.java:httpServerTemplateForNNAndJN(1641)) - Starting Web-server for ozoneManager at: http://0.0.0.0:0
2019-09-18 22:11:38,949 [main] INFO  server.AuthenticationFilter (AuthenticationFilter.java:constructSecretProvider(240)) - Unable to initialize FileSignerSecretProvider, falling back to use random secrets.
2019-09-18 22:11:38,951 [main] WARN  http.HttpRequestLog (HttpRequestLog.java:getRequestLog(97)) - Jetty request log can only be enabled using Log4j
2019-09-18 22:11:38,955 [main] INFO  http.HttpServer2 (HttpServer2.java:addGlobalFilter(975)) - Added global filter 'safety' (class=org.apache.hadoop.http.HttpServer2$QuotingInputFilter)
2019-09-18 22:11:38,957 [main] INFO  http.HttpServer2 (HttpServer2.java:addFilter(948)) - Added filter static_user_filter (class=org.apache.hadoop.http.lib.StaticUserWebFilter$StaticUserFilter) to context ozoneManager
2019-09-18 22:11:38,958 [main] INFO  http.HttpServer2 (HttpServer2.java:addFilter(958)) - Added filter static_user_filter (class=org.apache.hadoop.http.lib.StaticUserWebFilter$StaticUserFilter) to context static
2019-09-18 22:11:38,958 [main] INFO  http.HttpServer2 (HttpServer2.java:addFilter(958)) - Added filter static_user_filter (class=org.apache.hadoop.http.lib.StaticUserWebFilter$StaticUserFilter) to context logs
2019-09-18 22:11:38,968 [main] INFO  http.HttpServer2 (HttpServer2.java:bindListener(1191)) - Jetty bound to port 43289
2019-09-18 22:11:38,971 [main] INFO  server.Server (Server.java:doStart(351)) - jetty-9.3.25.v20180904, build timestamp: 2018-09-04T21:11:46Z, git hash: 3ce520221d0240229c862b122d2b06c12a625732
2019-09-18 22:11:38,980 [main] INFO  handler.ContextHandler (ContextHandler.java:doStart(781)) - Started o.e.j.s.ServletContextHandler@ccd1bc3{/logs,file:///workdir/hadoop-ozone/integration-test/target/log,AVAILABLE}
2019-09-18 22:11:38,981 [main] INFO  handler.ContextHandler (ContextHandler.java:doStart(781)) - Started o.e.j.s.ServletContextHandler@4455f57d{/static,file:///workdir/hadoop-ozone/integration-test/target/test-classes/webapps/static,AVAILABLE}
2019-09-18 22:11:38,991 [main] INFO  handler.ContextHandler (ContextHandler.java:doStart(781)) - Started o.e.j.w.WebAppContext@2032e725{/,file:///workdir/hadoop-ozone/integration-test/target/test-classes/webapps/ozoneManager/,AVAILABLE}{/ozoneManager}
2019-09-18 22:11:38,997 [main] INFO  server.AbstractConnector (AbstractConnector.java:doStart(278)) - Started ServerConnector@4d23015c{HTTP/1.1,[http/1.1]}{0.0.0.0:43289}
2019-09-18 22:11:38,998 [main] INFO  server.Server (Server.java:doStart(419)) - Started @4542ms
2019-09-18 22:11:38,998 [main] WARN  impl.MetricsSystemImpl (MetricsSystemImpl.java:register(276)) - Sink prometheus already exists!
2019-09-18 22:11:39,000 [main] INFO  server.BaseHttpServer (BaseHttpServer.java:updateConnectorAddress(215)) - HTTP server of OZONEMANAGER is listening at http://0.0.0.0:43289
2019-09-18 22:11:39,401 [main] INFO  impl.MetricsSystemImpl (MetricsSystemImpl.java:init(158)) - HddsDatanode metrics system started (again)
2019-09-18 22:11:39,451 [main] INFO  ozone.HddsDatanodeService (HddsDatanodeService.java:start(184)) - HddsDatanodeService host:pr-hdds-2150-pzdq9-4118776691 ip:192.168.34.27
2019-09-18 22:11:39,483 [main] INFO  volume.HddsVolume (HddsVolume.java:<init>(176)) - Creating Volume: /workdir/hadoop-ozone/integration-test/target/test-dir/MiniOzoneClusterImpl-098cb20a-5709-466d-aded-8aed09afee3e/datanode-0/data/containers/hdds of  storage type : DISK and capacity : 1482555576320
2019-09-18 22:11:39,485 [main] INFO  volume.VolumeSet (VolumeSet.java:initializeVolumeSet(170)) - Added Volume : /workdir/hadoop-ozone/integration-test/target/test-dir/MiniOzoneClusterImpl-098cb20a-5709-466d-aded-8aed09afee3e/datanode-0/data/containers/hdds to VolumeSet
2019-09-18 22:11:39,488 [main] INFO  volume.ThrottledAsyncChecker (ThrottledAsyncChecker.java:schedule(139)) - Scheduling a check for org.apache.hadoop.ozone.container.common.volume.HddsVolume@4992613f
2019-09-18 22:11:39,505 [main] INFO  volume.HddsVolumeChecker (HddsVolumeChecker.java:checkAllVolumes(202)) - Scheduled health check for volume org.apache.hadoop.ozone.container.common.volume.HddsVolume@4992613f
2019-09-18 22:11:39,650 [main] INFO  impl.RaftServerProxy (ConfUtils.java:logGet(43)) - raft.rpc.type = GRPC (default)
2019-09-18 22:11:39,733 [main] INFO  grpc.GrpcFactory (GrpcFactory.java:checkPooledByteBufAllocatorUseCacheForAllThreads(45)) - PERFORMANCE WARNING: useCacheForAllThreads is true that may cause Netty to create a lot garbage objects and, as a result, trigger GC.
	It is recommended to disable useCacheForAllThreads by setting -Dorg.apache.ratis.thirdparty.io.netty.allocator.useCacheForAllThreads=false in command line.
2019-09-18 22:11:39,740 [main] INFO  grpc.GrpcConfigKeys$Server (ConfUtils.java:logGet(43)) - raft.grpc.server.port = 0 (default)
2019-09-18 22:11:39,742 [main] INFO  server.GrpcService (ConfUtils.java:logGet(43)) - raft.grpc.message.size.max = 33570816 (custom)
2019-09-18 22:11:39,743 [main] INFO  server.RaftServerConfigKeys (ConfUtils.java:logGet(43)) - raft.server.log.appender.buffer.byte-limit = 33554432 (custom)
2019-09-18 22:11:39,744 [main] INFO  server.GrpcService (ConfUtils.java:logGet(43)) - raft.grpc.flow.control.window = 1MB (=1048576) (default)
2019-09-18 22:11:39,745 [main] INFO  server.RaftServerConfigKeys (ConfUtils.java:logGet(43)) - raft.server.rpc.request.timeout = 3000ms (default)
2019-09-18 22:11:39,933 [main] INFO  server.RaftServerConfigKeys (ConfUtils.java:logGet(43)) - raft.server.storage.dir = [/workdir/hadoop-ozone/integration-test/target/test-dir/MiniOzoneClusterImpl-098cb20a-5709-466d-aded-8aed09afee3e/datanode-0/data/ratis] (custom)
2019-09-18 22:11:39,989 [main] INFO  hdfs.DFSUtil (DFSUtil.java:httpServerTemplateForNNAndJN(1641)) - Starting Web-server for hddsDatanode at: http://0.0.0.0:0
2019-09-18 22:11:39,992 [main] INFO  server.AuthenticationFilter (AuthenticationFilter.java:constructSecretProvider(240)) - Unable to initialize FileSignerSecretProvider, falling back to use random secrets.
2019-09-18 22:11:39,993 [main] WARN  http.HttpRequestLog (HttpRequestLog.java:getRequestLog(97)) - Jetty request log can only be enabled using Log4j
2019-09-18 22:11:39,996 [main] INFO  http.HttpServer2 (HttpServer2.java:addGlobalFilter(975)) - Added global filter 'safety' (class=org.apache.hadoop.http.HttpServer2$QuotingInputFilter)
2019-09-18 22:11:39,997 [main] INFO  http.HttpServer2 (HttpServer2.java:addFilter(948)) - Added filter static_user_filter (class=org.apache.hadoop.http.lib.StaticUserWebFilter$StaticUserFilter) to context hddsDatanode
2019-09-18 22:11:39,997 [main] INFO  http.HttpServer2 (HttpServer2.java:addFilter(958)) - Added filter static_user_filter (class=org.apache.hadoop.http.lib.StaticUserWebFilter$StaticUserFilter) to context logs
2019-09-18 22:11:39,997 [main] INFO  http.HttpServer2 (HttpServer2.java:addFilter(958)) - Added filter static_user_filter (class=org.apache.hadoop.http.lib.StaticUserWebFilter$StaticUserFilter) to context static
2019-09-18 22:11:39,999 [main] INFO  http.HttpServer2 (HttpServer2.java:bindListener(1191)) - Jetty bound to port 45268
2019-09-18 22:11:39,999 [main] INFO  server.Server (Server.java:doStart(351)) - jetty-9.3.25.v20180904, build timestamp: 2018-09-04T21:11:46Z, git hash: 3ce520221d0240229c862b122d2b06c12a625732
2019-09-18 22:11:40,002 [main] INFO  handler.ContextHandler (ContextHandler.java:doStart(781)) - Started o.e.j.s.ServletContextHandler@5fa23c{/logs,file:///workdir/hadoop-ozone/integration-test/target/log,AVAILABLE}
2019-09-18 22:11:40,003 [main] INFO  handler.ContextHandler (ContextHandler.java:doStart(781)) - Started o.e.j.s.ServletContextHandler@433348bc{/static,jar:file:/home/user/.m2/repository/org/apache/hadoop/hadoop-hdds-container-service/0.5.0-SNAPSHOT/hadoop-hdds-container-service-0.5.0-SNAPSHOT.jar!/webapps/static,AVAILABLE}
2019-09-18 22:11:40,057 [main] INFO  handler.ContextHandler (ContextHandler.java:doStart(781)) - Started o.e.j.w.WebAppContext@3c5dbdf8{/,file:///tmp/jetty-0.0.0.0-45268-hddsDatanode-_-any-3529772504504581248.dir/webapp/,AVAILABLE}{/hddsDatanode}
2019-09-18 22:11:40,058 [main] INFO  server.AbstractConnector (AbstractConnector.java:doStart(278)) - Started ServerConnector@352c44a8{HTTP/1.1,[http/1.1]}{0.0.0.0:45268}
2019-09-18 22:11:40,059 [main] INFO  server.Server (Server.java:doStart(419)) - Started @5604ms
2019-09-18 22:11:40,060 [main] WARN  impl.MetricsSystemImpl (MetricsSystemImpl.java:register(276)) - Sink prometheus already exists!
2019-09-18 22:11:40,061 [main] INFO  server.BaseHttpServer (BaseHttpServer.java:updateConnectorAddress(215)) - HTTP server of HDDSDATANODE is listening at http://0.0.0.0:45268
2019-09-18 22:11:40,062 [main] INFO  impl.MetricsSystemImpl (MetricsSystemImpl.java:init(158)) - HddsDatanode metrics system started (again)
2019-09-18 22:11:40,066 [main] INFO  ozone.HddsDatanodeService (HddsDatanodeService.java:start(184)) - HddsDatanodeService host:pr-hdds-2150-pzdq9-4118776691 ip:192.168.34.27
2019-09-18 22:11:40,070 [org.apache.hadoop.util.JvmPauseMonitor$Monitor@55405f63] INFO  util.JvmPauseMonitor (JvmPauseMonitor.java:run(188)) - Starting JVM pause monitor
2019-09-18 22:11:40,077 [main] INFO  volume.HddsVolume (HddsVolume.java:<init>(176)) - Creating Volume: /workdir/hadoop-ozone/integration-test/target/test-dir/MiniOzoneClusterImpl-098cb20a-5709-466d-aded-8aed09afee3e/datanode-1/data/containers/hdds of  storage type : DISK and capacity : 1482555576320
2019-09-18 22:11:40,078 [main] INFO  volume.VolumeSet (VolumeSet.java:initializeVolumeSet(170)) - Added Volume : /workdir/hadoop-ozone/integration-test/target/test-dir/MiniOzoneClusterImpl-098cb20a-5709-466d-aded-8aed09afee3e/datanode-1/data/containers/hdds to VolumeSet
2019-09-18 22:11:40,078 [main] INFO  volume.ThrottledAsyncChecker (ThrottledAsyncChecker.java:schedule(139)) - Scheduling a check for org.apache.hadoop.ozone.container.common.volume.HddsVolume@646c0a67
2019-09-18 22:11:40,079 [main] INFO  volume.HddsVolumeChecker (HddsVolumeChecker.java:checkAllVolumes(202)) - Scheduled health check for volume org.apache.hadoop.ozone.container.common.volume.HddsVolume@646c0a67
2019-09-18 22:11:40,099 [main] INFO  impl.RaftServerProxy (ConfUtils.java:logGet(43)) - raft.rpc.type = GRPC (default)
2019-09-18 22:11:40,099 [main] INFO  grpc.GrpcFactory (GrpcFactory.java:checkPooledByteBufAllocatorUseCacheForAllThreads(45)) - PERFORMANCE WARNING: useCacheForAllThreads is true that may cause Netty to create a lot garbage objects and, as a result, trigger GC.
	It is recommended to disable useCacheForAllThreads by setting -Dorg.apache.ratis.thirdparty.io.netty.allocator.useCacheForAllThreads=false in command line.
2019-09-18 22:11:40,100 [main] INFO  grpc.GrpcConfigKeys$Server (ConfUtils.java:logGet(43)) - raft.grpc.server.port = 0 (default)
2019-09-18 22:11:40,100 [main] INFO  server.GrpcService (ConfUtils.java:logGet(43)) - raft.grpc.message.size.max = 33570816 (custom)
2019-09-18 22:11:40,100 [main] INFO  server.RaftServerConfigKeys (ConfUtils.java:logGet(43)) - raft.server.log.appender.buffer.byte-limit = 33554432 (custom)
2019-09-18 22:11:40,101 [main] INFO  server.GrpcService (ConfUtils.java:logGet(43)) - raft.grpc.flow.control.window = 1MB (=1048576) (default)
2019-09-18 22:11:40,101 [main] INFO  server.RaftServerConfigKeys (ConfUtils.java:logGet(43)) - raft.server.rpc.request.timeout = 3000ms (default)
2019-09-18 22:11:40,102 [main] INFO  server.RaftServerConfigKeys (ConfUtils.java:logGet(43)) - raft.server.storage.dir = [/workdir/hadoop-ozone/integration-test/target/test-dir/MiniOzoneClusterImpl-098cb20a-5709-466d-aded-8aed09afee3e/datanode-1/data/ratis] (custom)
2019-09-18 22:11:40,104 [main] INFO  hdfs.DFSUtil (DFSUtil.java:httpServerTemplateForNNAndJN(1641)) - Starting Web-server for hddsDatanode at: http://0.0.0.0:0
2019-09-18 22:11:40,106 [main] INFO  server.AuthenticationFilter (AuthenticationFilter.java:constructSecretProvider(240)) - Unable to initialize FileSignerSecretProvider, falling back to use random secrets.
2019-09-18 22:11:40,107 [main] WARN  http.HttpRequestLog (HttpRequestLog.java:getRequestLog(97)) - Jetty request log can only be enabled using Log4j
2019-09-18 22:11:40,109 [main] INFO  http.HttpServer2 (HttpServer2.java:addGlobalFilter(975)) - Added global filter 'safety' (class=org.apache.hadoop.http.HttpServer2$QuotingInputFilter)
2019-09-18 22:11:40,110 [main] INFO  http.HttpServer2 (HttpServer2.java:addFilter(948)) - Added filter static_user_filter (class=org.apache.hadoop.http.lib.StaticUserWebFilter$StaticUserFilter) to context hddsDatanode
2019-09-18 22:11:40,110 [main] INFO  http.HttpServer2 (HttpServer2.java:addFilter(958)) - Added filter static_user_filter (class=org.apache.hadoop.http.lib.StaticUserWebFilter$StaticUserFilter) to context static
2019-09-18 22:11:40,110 [main] INFO  http.HttpServer2 (HttpServer2.java:addFilter(958)) - Added filter static_user_filter (class=org.apache.hadoop.http.lib.StaticUserWebFilter$StaticUserFilter) to context logs
2019-09-18 22:11:40,111 [main] INFO  http.HttpServer2 (HttpServer2.java:bindListener(1191)) - Jetty bound to port 35072
2019-09-18 22:11:40,112 [main] INFO  server.Server (Server.java:doStart(351)) - jetty-9.3.25.v20180904, build timestamp: 2018-09-04T21:11:46Z, git hash: 3ce520221d0240229c862b122d2b06c12a625732
2019-09-18 22:11:40,115 [main] INFO  handler.ContextHandler (ContextHandler.java:doStart(781)) - Started o.e.j.s.ServletContextHandler@1e7ab390{/logs,file:///workdir/hadoop-ozone/integration-test/target/log,AVAILABLE}
2019-09-18 22:11:40,116 [main] INFO  handler.ContextHandler (ContextHandler.java:doStart(781)) - Started o.e.j.s.ServletContextHandler@77774571{/static,jar:file:/home/user/.m2/repository/org/apache/hadoop/hadoop-hdds-container-service/0.5.0-SNAPSHOT/hadoop-hdds-container-service-0.5.0-SNAPSHOT.jar!/webapps/static,AVAILABLE}
2019-09-18 22:11:40,153 [main] INFO  handler.ContextHandler (ContextHandler.java:doStart(781)) - Started o.e.j.w.WebAppContext@a451491{/,file:///tmp/jetty-0.0.0.0-35072-hddsDatanode-_-any-8077254685834749560.dir/webapp/,AVAILABLE}{/hddsDatanode}
2019-09-18 22:11:40,155 [main] INFO  server.AbstractConnector (AbstractConnector.java:doStart(278)) - Started ServerConnector@1422ac7f{HTTP/1.1,[http/1.1]}{0.0.0.0:35072}
2019-09-18 22:11:40,156 [main] INFO  server.Server (Server.java:doStart(419)) - Started @5701ms
2019-09-18 22:11:40,156 [main] WARN  impl.MetricsSystemImpl (MetricsSystemImpl.java:register(276)) - Sink prometheus already exists!
2019-09-18 22:11:40,158 [main] INFO  server.BaseHttpServer (BaseHttpServer.java:updateConnectorAddress(215)) - HTTP server of HDDSDATANODE is listening at http://0.0.0.0:35072
2019-09-18 22:11:40,158 [main] INFO  impl.MetricsSystemImpl (MetricsSystemImpl.java:init(158)) - HddsDatanode metrics system started (again)
2019-09-18 22:11:40,161 [main] INFO  ozone.HddsDatanodeService (HddsDatanodeService.java:start(184)) - HddsDatanodeService host:pr-hdds-2150-pzdq9-4118776691 ip:192.168.34.27
2019-09-18 22:11:40,162 [org.apache.hadoop.util.JvmPauseMonitor$Monitor@35cc46e6] INFO  util.JvmPauseMonitor (JvmPauseMonitor.java:run(188)) - Starting JVM pause monitor
2019-09-18 22:11:40,172 [main] INFO  volume.HddsVolume (HddsVolume.java:<init>(176)) - Creating Volume: /workdir/hadoop-ozone/integration-test/target/test-dir/MiniOzoneClusterImpl-098cb20a-5709-466d-aded-8aed09afee3e/datanode-2/data/containers/hdds of  storage type : DISK and capacity : 1482555576320
2019-09-18 22:11:40,172 [main] INFO  volume.VolumeSet (VolumeSet.java:initializeVolumeSet(170)) - Added Volume : /workdir/hadoop-ozone/integration-test/target/test-dir/MiniOzoneClusterImpl-098cb20a-5709-466d-aded-8aed09afee3e/datanode-2/data/containers/hdds to VolumeSet
2019-09-18 22:11:40,172 [main] INFO  volume.ThrottledAsyncChecker (ThrottledAsyncChecker.java:schedule(139)) - Scheduling a check for org.apache.hadoop.ozone.container.common.volume.HddsVolume@6e0c6a7a
2019-09-18 22:11:40,173 [main] INFO  volume.HddsVolumeChecker (HddsVolumeChecker.java:checkAllVolumes(202)) - Scheduled health check for volume org.apache.hadoop.ozone.container.common.volume.HddsVolume@6e0c6a7a
2019-09-18 22:11:40,189 [main] INFO  impl.RaftServerProxy (ConfUtils.java:logGet(43)) - raft.rpc.type = GRPC (default)
2019-09-18 22:11:40,189 [main] INFO  grpc.GrpcFactory (GrpcFactory.java:checkPooledByteBufAllocatorUseCacheForAllThreads(45)) - PERFORMANCE WARNING: useCacheForAllThreads is true that may cause Netty to create a lot garbage objects and, as a result, trigger GC.
	It is recommended to disable useCacheForAllThreads by setting -Dorg.apache.ratis.thirdparty.io.netty.allocator.useCacheForAllThreads=false in command line.
2019-09-18 22:11:40,189 [main] INFO  grpc.GrpcConfigKeys$Server (ConfUtils.java:logGet(43)) - raft.grpc.server.port = 0 (default)
2019-09-18 22:11:40,189 [main] INFO  server.GrpcService (ConfUtils.java:logGet(43)) - raft.grpc.message.size.max = 33570816 (custom)
2019-09-18 22:11:40,190 [main] INFO  server.RaftServerConfigKeys (ConfUtils.java:logGet(43)) - raft.server.log.appender.buffer.byte-limit = 33554432 (custom)
2019-09-18 22:11:40,190 [main] INFO  server.GrpcService (ConfUtils.java:logGet(43)) - raft.grpc.flow.control.window = 1MB (=1048576) (default)
2019-09-18 22:11:40,190 [main] INFO  server.RaftServerConfigKeys (ConfUtils.java:logGet(43)) - raft.server.rpc.request.timeout = 3000ms (default)
2019-09-18 22:11:40,191 [main] INFO  server.RaftServerConfigKeys (ConfUtils.java:logGet(43)) - raft.server.storage.dir = [/workdir/hadoop-ozone/integration-test/target/test-dir/MiniOzoneClusterImpl-098cb20a-5709-466d-aded-8aed09afee3e/datanode-2/data/ratis] (custom)
2019-09-18 22:11:40,193 [main] INFO  hdfs.DFSUtil (DFSUtil.java:httpServerTemplateForNNAndJN(1641)) - Starting Web-server for hddsDatanode at: http://0.0.0.0:0
2019-09-18 22:11:40,195 [main] INFO  server.AuthenticationFilter (AuthenticationFilter.java:constructSecretProvider(240)) - Unable to initialize FileSignerSecretProvider, falling back to use random secrets.
2019-09-18 22:11:40,196 [main] WARN  http.HttpRequestLog (HttpRequestLog.java:getRequestLog(97)) - Jetty request log can only be enabled using Log4j
2019-09-18 22:11:40,198 [main] INFO  http.HttpServer2 (HttpServer2.java:addGlobalFilter(975)) - Added global filter 'safety' (class=org.apache.hadoop.http.HttpServer2$QuotingInputFilter)
2019-09-18 22:11:40,199 [main] INFO  http.HttpServer2 (HttpServer2.java:addFilter(948)) - Added filter static_user_filter (class=org.apache.hadoop.http.lib.StaticUserWebFilter$StaticUserFilter) to context hddsDatanode
2019-09-18 22:11:40,200 [main] INFO  http.HttpServer2 (HttpServer2.java:addFilter(958)) - Added filter static_user_filter (class=org.apache.hadoop.http.lib.StaticUserWebFilter$StaticUserFilter) to context static
2019-09-18 22:11:40,200 [main] INFO  http.HttpServer2 (HttpServer2.java:addFilter(958)) - Added filter static_user_filter (class=org.apache.hadoop.http.lib.StaticUserWebFilter$StaticUserFilter) to context logs
2019-09-18 22:11:40,201 [main] INFO  http.HttpServer2 (HttpServer2.java:bindListener(1191)) - Jetty bound to port 38609
2019-09-18 22:11:40,201 [main] INFO  server.Server (Server.java:doStart(351)) - jetty-9.3.25.v20180904, build timestamp: 2018-09-04T21:11:46Z, git hash: 3ce520221d0240229c862b122d2b06c12a625732
2019-09-18 22:11:40,204 [main] INFO  handler.ContextHandler (ContextHandler.java:doStart(781)) - Started o.e.j.s.ServletContextHandler@5fcfde70{/logs,file:///workdir/hadoop-ozone/integration-test/target/log,AVAILABLE}
2019-09-18 22:11:40,206 [main] INFO  handler.ContextHandler (ContextHandler.java:doStart(781)) - Started o.e.j.s.ServletContextHandler@28da7d11{/static,jar:file:/home/user/.m2/repository/org/apache/hadoop/hadoop-hdds-container-service/0.5.0-SNAPSHOT/hadoop-hdds-container-service-0.5.0-SNAPSHOT.jar!/webapps/static,AVAILABLE}
2019-09-18 22:11:40,212 [Datanode State Machine Thread - 0] INFO  datanode.InitDatanodeState (InitDatanodeState.java:persistContainerDatanodeDetails(140)) - DatanodeDetails is persisted to /workdir/hadoop-ozone/integration-test/target/test-dir/MiniOzoneClusterImpl-098cb20a-5709-466d-aded-8aed09afee3e/datanode-0/meta/datanode.id
2019-09-18 22:11:40,217 [Datanode State Machine Thread - 0] INFO  datanode.InitDatanodeState (InitDatanodeState.java:persistContainerDatanodeDetails(140)) - DatanodeDetails is persisted to /workdir/hadoop-ozone/integration-test/target/test-dir/MiniOzoneClusterImpl-098cb20a-5709-466d-aded-8aed09afee3e/datanode-1/meta/datanode.id
2019-09-18 22:11:40,247 [main] INFO  handler.ContextHandler (ContextHandler.java:doStart(781)) - Started o.e.j.w.WebAppContext@296e281a{/,file:///tmp/jetty-0.0.0.0-38609-hddsDatanode-_-any-6527848396697005347.dir/webapp/,AVAILABLE}{/hddsDatanode}
2019-09-18 22:11:40,248 [main] INFO  server.AbstractConnector (AbstractConnector.java:doStart(278)) - Started ServerConnector@59cda16e{HTTP/1.1,[http/1.1]}{0.0.0.0:38609}
2019-09-18 22:11:40,249 [main] INFO  server.Server (Server.java:doStart(419)) - Started @5793ms
2019-09-18 22:11:40,250 [main] WARN  impl.MetricsSystemImpl (MetricsSystemImpl.java:register(276)) - Sink prometheus already exists!
2019-09-18 22:11:40,251 [main] INFO  server.BaseHttpServer (BaseHttpServer.java:updateConnectorAddress(215)) - HTTP server of HDDSDATANODE is listening at http://0.0.0.0:38609
2019-09-18 22:11:40,251 [main] INFO  impl.MetricsSystemImpl (MetricsSystemImpl.java:init(158)) - HddsDatanode metrics system started (again)
2019-09-18 22:11:40,255 [main] INFO  ozone.HddsDatanodeService (HddsDatanodeService.java:start(184)) - HddsDatanodeService host:pr-hdds-2150-pzdq9-4118776691 ip:192.168.34.27
2019-09-18 22:11:40,255 [org.apache.hadoop.util.JvmPauseMonitor$Monitor@45bf8034] INFO  util.JvmPauseMonitor (JvmPauseMonitor.java:run(188)) - Starting JVM pause monitor
2019-09-18 22:11:40,258 [Datanode State Machine Thread - 0] INFO  datanode.InitDatanodeState (InitDatanodeState.java:persistContainerDatanodeDetails(140)) - DatanodeDetails is persisted to /workdir/hadoop-ozone/integration-test/target/test-dir/MiniOzoneClusterImpl-098cb20a-5709-466d-aded-8aed09afee3e/datanode-2/meta/datanode.id
2019-09-18 22:11:40,263 [main] INFO  volume.HddsVolume (HddsVolume.java:<init>(176)) - Creating Volume: /workdir/hadoop-ozone/integration-test/target/test-dir/MiniOzoneClusterImpl-098cb20a-5709-466d-aded-8aed09afee3e/datanode-3/data/containers/hdds of  storage type : DISK and capacity : 1482555576320
2019-09-18 22:11:40,264 [main] INFO  volume.VolumeSet (VolumeSet.java:initializeVolumeSet(170)) - Added Volume : /workdir/hadoop-ozone/integration-test/target/test-dir/MiniOzoneClusterImpl-098cb20a-5709-466d-aded-8aed09afee3e/datanode-3/data/containers/hdds to VolumeSet
2019-09-18 22:11:40,264 [main] INFO  volume.ThrottledAsyncChecker (ThrottledAsyncChecker.java:schedule(139)) - Scheduling a check for org.apache.hadoop.ozone.container.common.volume.HddsVolume@434514d8
2019-09-18 22:11:40,265 [main] INFO  volume.HddsVolumeChecker (HddsVolumeChecker.java:checkAllVolumes(202)) - Scheduled health check for volume org.apache.hadoop.ozone.container.common.volume.HddsVolume@434514d8
2019-09-18 22:11:40,280 [main] INFO  impl.RaftServerProxy (ConfUtils.java:logGet(43)) - raft.rpc.type = GRPC (default)
2019-09-18 22:11:40,280 [main] INFO  grpc.GrpcFactory (GrpcFactory.java:checkPooledByteBufAllocatorUseCacheForAllThreads(45)) - PERFORMANCE WARNING: useCacheForAllThreads is true that may cause Netty to create a lot garbage objects and, as a result, trigger GC.
	It is recommended to disable useCacheForAllThreads by setting -Dorg.apache.ratis.thirdparty.io.netty.allocator.useCacheForAllThreads=false in command line.
2019-09-18 22:11:40,280 [main] INFO  grpc.GrpcConfigKeys$Server (ConfUtils.java:logGet(43)) - raft.grpc.server.port = 0 (default)
2019-09-18 22:11:40,281 [main] INFO  server.GrpcService (ConfUtils.java:logGet(43)) - raft.grpc.message.size.max = 33570816 (custom)
2019-09-18 22:11:40,281 [main] INFO  server.RaftServerConfigKeys (ConfUtils.java:logGet(43)) - raft.server.log.appender.buffer.byte-limit = 33554432 (custom)
2019-09-18 22:11:40,281 [main] INFO  server.GrpcService (ConfUtils.java:logGet(43)) - raft.grpc.flow.control.window = 1MB (=1048576) (default)
2019-09-18 22:11:40,281 [main] INFO  server.RaftServerConfigKeys (ConfUtils.java:logGet(43)) - raft.server.rpc.request.timeout = 3000ms (default)
2019-09-18 22:11:40,282 [main] INFO  server.RaftServerConfigKeys (ConfUtils.java:logGet(43)) - raft.server.storage.dir = [/workdir/hadoop-ozone/integration-test/target/test-dir/MiniOzoneClusterImpl-098cb20a-5709-466d-aded-8aed09afee3e/datanode-3/data/ratis] (custom)
2019-09-18 22:11:40,284 [main] INFO  hdfs.DFSUtil (DFSUtil.java:httpServerTemplateForNNAndJN(1641)) - Starting Web-server for hddsDatanode at: http://0.0.0.0:0
2019-09-18 22:11:40,286 [main] INFO  server.AuthenticationFilter (AuthenticationFilter.java:constructSecretProvider(240)) - Unable to initialize FileSignerSecretProvider, falling back to use random secrets.
2019-09-18 22:11:40,287 [main] WARN  http.HttpRequestLog (HttpRequestLog.java:getRequestLog(97)) - Jetty request log can only be enabled using Log4j
2019-09-18 22:11:40,289 [main] INFO  http.HttpServer2 (HttpServer2.java:addGlobalFilter(975)) - Added global filter 'safety' (class=org.apache.hadoop.http.HttpServer2$QuotingInputFilter)
2019-09-18 22:11:40,290 [main] INFO  http.HttpServer2 (HttpServer2.java:addFilter(948)) - Added filter static_user_filter (class=org.apache.hadoop.http.lib.StaticUserWebFilter$StaticUserFilter) to context hddsDatanode
2019-09-18 22:11:40,291 [main] INFO  http.HttpServer2 (HttpServer2.java:addFilter(958)) - Added filter static_user_filter (class=org.apache.hadoop.http.lib.StaticUserWebFilter$StaticUserFilter) to context logs
2019-09-18 22:11:40,291 [main] INFO  http.HttpServer2 (HttpServer2.java:addFilter(958)) - Added filter static_user_filter (class=org.apache.hadoop.http.lib.StaticUserWebFilter$StaticUserFilter) to context static
2019-09-18 22:11:40,292 [main] INFO  http.HttpServer2 (HttpServer2.java:bindListener(1191)) - Jetty bound to port 37282
2019-09-18 22:11:40,292 [main] INFO  server.Server (Server.java:doStart(351)) - jetty-9.3.25.v20180904, build timestamp: 2018-09-04T21:11:46Z, git hash: 3ce520221d0240229c862b122d2b06c12a625732
2019-09-18 22:11:40,297 [main] INFO  handler.ContextHandler (ContextHandler.java:doStart(781)) - Started o.e.j.s.ServletContextHandler@27d33393{/logs,file:///workdir/hadoop-ozone/integration-test/target/log,AVAILABLE}
2019-09-18 22:11:40,298 [main] INFO  handler.ContextHandler (ContextHandler.java:doStart(781)) - Started o.e.j.s.ServletContextHandler@41eb94bc{/static,jar:file:/home/user/.m2/repository/org/apache/hadoop/hadoop-hdds-container-service/0.5.0-SNAPSHOT/hadoop-hdds-container-service-0.5.0-SNAPSHOT.jar!/webapps/static,AVAILABLE}
2019-09-18 22:11:40,344 [main] INFO  handler.ContextHandler (ContextHandler.java:doStart(781)) - Started o.e.j.w.WebAppContext@4052c8c2{/,file:///tmp/jetty-0.0.0.0-37282-hddsDatanode-_-any-5450803978487624848.dir/webapp/,AVAILABLE}{/hddsDatanode}
2019-09-18 22:11:40,346 [main] INFO  server.AbstractConnector (AbstractConnector.java:doStart(278)) - Started ServerConnector@181b8c4b{HTTP/1.1,[http/1.1]}{0.0.0.0:37282}
2019-09-18 22:11:40,348 [main] INFO  server.Server (Server.java:doStart(419)) - Started @5892ms
2019-09-18 22:11:40,348 [main] WARN  impl.MetricsSystemImpl (MetricsSystemImpl.java:register(276)) - Sink prometheus already exists!
2019-09-18 22:11:40,349 [main] INFO  server.BaseHttpServer (BaseHttpServer.java:updateConnectorAddress(215)) - HTTP server of HDDSDATANODE is listening at http://0.0.0.0:37282
2019-09-18 22:11:40,350 [main] INFO  impl.MetricsSystemImpl (MetricsSystemImpl.java:init(158)) - HddsDatanode metrics system started (again)
2019-09-18 22:11:40,353 [main] INFO  ozone.HddsDatanodeService (HddsDatanodeService.java:start(184)) - HddsDatanodeService host:pr-hdds-2150-pzdq9-4118776691 ip:192.168.34.27
2019-09-18 22:11:40,354 [org.apache.hadoop.util.JvmPauseMonitor$Monitor@7b788666] INFO  util.JvmPauseMonitor (JvmPauseMonitor.java:run(188)) - Starting JVM pause monitor
2019-09-18 22:11:40,357 [Datanode State Machine Thread - 0] INFO  datanode.InitDatanodeState (InitDatanodeState.java:persistContainerDatanodeDetails(140)) - DatanodeDetails is persisted to /workdir/hadoop-ozone/integration-test/target/test-dir/MiniOzoneClusterImpl-098cb20a-5709-466d-aded-8aed09afee3e/datanode-3/meta/datanode.id
2019-09-18 22:11:40,365 [main] INFO  volume.HddsVolume (HddsVolume.java:<init>(176)) - Creating Volume: /workdir/hadoop-ozone/integration-test/target/test-dir/MiniOzoneClusterImpl-098cb20a-5709-466d-aded-8aed09afee3e/datanode-4/data/containers/hdds of  storage type : DISK and capacity : 1482555576320
2019-09-18 22:11:40,366 [main] INFO  volume.VolumeSet (VolumeSet.java:initializeVolumeSet(170)) - Added Volume : /workdir/hadoop-ozone/integration-test/target/test-dir/MiniOzoneClusterImpl-098cb20a-5709-466d-aded-8aed09afee3e/datanode-4/data/containers/hdds to VolumeSet
2019-09-18 22:11:40,366 [main] INFO  volume.ThrottledAsyncChecker (ThrottledAsyncChecker.java:schedule(139)) - Scheduling a check for org.apache.hadoop.ozone.container.common.volume.HddsVolume@176996c3
2019-09-18 22:11:40,367 [main] INFO  volume.HddsVolumeChecker (HddsVolumeChecker.java:checkAllVolumes(202)) - Scheduled health check for volume org.apache.hadoop.ozone.container.common.volume.HddsVolume@176996c3
2019-09-18 22:11:40,388 [main] INFO  impl.RaftServerProxy (ConfUtils.java:logGet(43)) - raft.rpc.type = GRPC (default)
2019-09-18 22:11:40,388 [main] INFO  grpc.GrpcFactory (GrpcFactory.java:checkPooledByteBufAllocatorUseCacheForAllThreads(45)) - PERFORMANCE WARNING: useCacheForAllThreads is true that may cause Netty to create a lot garbage objects and, as a result, trigger GC.
	It is recommended to disable useCacheForAllThreads by setting -Dorg.apache.ratis.thirdparty.io.netty.allocator.useCacheForAllThreads=false in command line.
2019-09-18 22:11:40,388 [main] INFO  grpc.GrpcConfigKeys$Server (ConfUtils.java:logGet(43)) - raft.grpc.server.port = 0 (default)
2019-09-18 22:11:40,389 [main] INFO  server.GrpcService (ConfUtils.java:logGet(43)) - raft.grpc.message.size.max = 33570816 (custom)
2019-09-18 22:11:40,389 [main] INFO  server.RaftServerConfigKeys (ConfUtils.java:logGet(43)) - raft.server.log.appender.buffer.byte-limit = 33554432 (custom)
2019-09-18 22:11:40,389 [main] INFO  server.GrpcService (ConfUtils.java:logGet(43)) - raft.grpc.flow.control.window = 1MB (=1048576) (default)
2019-09-18 22:11:40,390 [main] INFO  server.RaftServerConfigKeys (ConfUtils.java:logGet(43)) - raft.server.rpc.request.timeout = 3000ms (default)
2019-09-18 22:11:40,391 [main] INFO  server.RaftServerConfigKeys (ConfUtils.java:logGet(43)) - raft.server.storage.dir = [/workdir/hadoop-ozone/integration-test/target/test-dir/MiniOzoneClusterImpl-098cb20a-5709-466d-aded-8aed09afee3e/datanode-4/data/ratis] (custom)
2019-09-18 22:11:40,393 [main] INFO  hdfs.DFSUtil (DFSUtil.java:httpServerTemplateForNNAndJN(1641)) - Starting Web-server for hddsDatanode at: http://0.0.0.0:0
2019-09-18 22:11:40,394 [main] INFO  server.AuthenticationFilter (AuthenticationFilter.java:constructSecretProvider(240)) - Unable to initialize FileSignerSecretProvider, falling back to use random secrets.
2019-09-18 22:11:40,395 [main] WARN  http.HttpRequestLog (HttpRequestLog.java:getRequestLog(97)) - Jetty request log can only be enabled using Log4j
2019-09-18 22:11:40,397 [main] INFO  http.HttpServer2 (HttpServer2.java:addGlobalFilter(975)) - Added global filter 'safety' (class=org.apache.hadoop.http.HttpServer2$QuotingInputFilter)
2019-09-18 22:11:40,398 [main] INFO  http.HttpServer2 (HttpServer2.java:addFilter(948)) - Added filter static_user_filter (class=org.apache.hadoop.http.lib.StaticUserWebFilter$StaticUserFilter) to context hddsDatanode
2019-09-18 22:11:40,398 [main] INFO  http.HttpServer2 (HttpServer2.java:addFilter(958)) - Added filter static_user_filter (class=org.apache.hadoop.http.lib.StaticUserWebFilter$StaticUserFilter) to context logs
2019-09-18 22:11:40,398 [main] INFO  http.HttpServer2 (HttpServer2.java:addFilter(958)) - Added filter static_user_filter (class=org.apache.hadoop.http.lib.StaticUserWebFilter$StaticUserFilter) to context static
2019-09-18 22:11:40,399 [main] INFO  http.HttpServer2 (HttpServer2.java:bindListener(1191)) - Jetty bound to port 36003
2019-09-18 22:11:40,400 [main] INFO  server.Server (Server.java:doStart(351)) - jetty-9.3.25.v20180904, build timestamp: 2018-09-04T21:11:46Z, git hash: 3ce520221d0240229c862b122d2b06c12a625732
2019-09-18 22:11:40,402 [main] INFO  handler.ContextHandler (ContextHandler.java:doStart(781)) - Started o.e.j.s.ServletContextHandler@561b7d53{/logs,file:///workdir/hadoop-ozone/integration-test/target/log,AVAILABLE}
2019-09-18 22:11:40,403 [main] INFO  handler.ContextHandler (ContextHandler.java:doStart(781)) - Started o.e.j.s.ServletContextHandler@1dc3502b{/static,jar:file:/home/user/.m2/repository/org/apache/hadoop/hadoop-hdds-container-service/0.5.0-SNAPSHOT/hadoop-hdds-container-service-0.5.0-SNAPSHOT.jar!/webapps/static,AVAILABLE}
2019-09-18 22:11:40,444 [main] INFO  handler.ContextHandler (ContextHandler.java:doStart(781)) - Started o.e.j.w.WebAppContext@1d9bd4da{/,file:///tmp/jetty-0.0.0.0-36003-hddsDatanode-_-any-8526901994248453247.dir/webapp/,AVAILABLE}{/hddsDatanode}
2019-09-18 22:11:40,447 [main] INFO  server.AbstractConnector (AbstractConnector.java:doStart(278)) - Started ServerConnector@4c58255{HTTP/1.1,[http/1.1]}{0.0.0.0:36003}
2019-09-18 22:11:40,448 [main] INFO  server.Server (Server.java:doStart(419)) - Started @5992ms
2019-09-18 22:11:40,448 [main] WARN  impl.MetricsSystemImpl (MetricsSystemImpl.java:register(276)) - Sink prometheus already exists!
2019-09-18 22:11:40,449 [main] INFO  server.BaseHttpServer (BaseHttpServer.java:updateConnectorAddress(215)) - HTTP server of HDDSDATANODE is listening at http://0.0.0.0:36003
2019-09-18 22:11:40,450 [main] INFO  impl.MetricsSystemImpl (MetricsSystemImpl.java:init(158)) - HddsDatanode metrics system started (again)
2019-09-18 22:11:40,454 [org.apache.hadoop.util.JvmPauseMonitor$Monitor@14f3f953] INFO  util.JvmPauseMonitor (JvmPauseMonitor.java:run(188)) - Starting JVM pause monitor
2019-09-18 22:11:40,454 [main] INFO  ozone.HddsDatanodeService (HddsDatanodeService.java:start(184)) - HddsDatanodeService host:pr-hdds-2150-pzdq9-4118776691 ip:192.168.34.27
2019-09-18 22:11:40,457 [Datanode State Machine Thread - 0] INFO  datanode.InitDatanodeState (InitDatanodeState.java:persistContainerDatanodeDetails(140)) - DatanodeDetails is persisted to /workdir/hadoop-ozone/integration-test/target/test-dir/MiniOzoneClusterImpl-098cb20a-5709-466d-aded-8aed09afee3e/datanode-4/meta/datanode.id
2019-09-18 22:11:40,461 [main] INFO  volume.HddsVolume (HddsVolume.java:<init>(176)) - Creating Volume: /workdir/hadoop-ozone/integration-test/target/test-dir/MiniOzoneClusterImpl-098cb20a-5709-466d-aded-8aed09afee3e/datanode-5/data/containers/hdds of  storage type : DISK and capacity : 1482555576320
2019-09-18 22:11:40,462 [main] INFO  volume.VolumeSet (VolumeSet.java:initializeVolumeSet(170)) - Added Volume : /workdir/hadoop-ozone/integration-test/target/test-dir/MiniOzoneClusterImpl-098cb20a-5709-466d-aded-8aed09afee3e/datanode-5/data/containers/hdds to VolumeSet
2019-09-18 22:11:40,462 [main] INFO  volume.ThrottledAsyncChecker (ThrottledAsyncChecker.java:schedule(139)) - Scheduling a check for org.apache.hadoop.ozone.container.common.volume.HddsVolume@2b7962a2
2019-09-18 22:11:40,462 [main] INFO  volume.HddsVolumeChecker (HddsVolumeChecker.java:checkAllVolumes(202)) - Scheduled health check for volume org.apache.hadoop.ozone.container.common.volume.HddsVolume@2b7962a2
2019-09-18 22:11:40,478 [main] INFO  impl.RaftServerProxy (ConfUtils.java:logGet(43)) - raft.rpc.type = GRPC (default)
2019-09-18 22:11:40,478 [main] INFO  grpc.GrpcFactory (GrpcFactory.java:checkPooledByteBufAllocatorUseCacheForAllThreads(45)) - PERFORMANCE WARNING: useCacheForAllThreads is true that may cause Netty to create a lot garbage objects and, as a result, trigger GC.
	It is recommended to disable useCacheForAllThreads by setting -Dorg.apache.ratis.thirdparty.io.netty.allocator.useCacheForAllThreads=false in command line.
2019-09-18 22:11:40,478 [main] INFO  grpc.GrpcConfigKeys$Server (ConfUtils.java:logGet(43)) - raft.grpc.server.port = 0 (default)
2019-09-18 22:11:40,479 [main] INFO  server.GrpcService (ConfUtils.java:logGet(43)) - raft.grpc.message.size.max = 33570816 (custom)
2019-09-18 22:11:40,479 [main] INFO  server.RaftServerConfigKeys (ConfUtils.java:logGet(43)) - raft.server.log.appender.buffer.byte-limit = 33554432 (custom)
2019-09-18 22:11:40,479 [main] INFO  server.GrpcService (ConfUtils.java:logGet(43)) - raft.grpc.flow.control.window = 1MB (=1048576) (default)
2019-09-18 22:11:40,479 [main] INFO  server.RaftServerConfigKeys (ConfUtils.java:logGet(43)) - raft.server.rpc.request.timeout = 3000ms (default)
2019-09-18 22:11:40,480 [main] INFO  server.RaftServerConfigKeys (ConfUtils.java:logGet(43)) - raft.server.storage.dir = [/workdir/hadoop-ozone/integration-test/target/test-dir/MiniOzoneClusterImpl-098cb20a-5709-466d-aded-8aed09afee3e/datanode-5/data/ratis] (custom)
2019-09-18 22:11:40,481 [main] INFO  hdfs.DFSUtil (DFSUtil.java:httpServerTemplateForNNAndJN(1641)) - Starting Web-server for hddsDatanode at: http://0.0.0.0:0
2019-09-18 22:11:40,483 [main] INFO  server.AuthenticationFilter (AuthenticationFilter.java:constructSecretProvider(240)) - Unable to initialize FileSignerSecretProvider, falling back to use random secrets.
2019-09-18 22:11:40,483 [main] WARN  http.HttpRequestLog (HttpRequestLog.java:getRequestLog(97)) - Jetty request log can only be enabled using Log4j
2019-09-18 22:11:40,485 [main] INFO  http.HttpServer2 (HttpServer2.java:addGlobalFilter(975)) - Added global filter 'safety' (class=org.apache.hadoop.http.HttpServer2$QuotingInputFilter)
2019-09-18 22:11:40,485 [main] INFO  http.HttpServer2 (HttpServer2.java:addFilter(948)) - Added filter static_user_filter (class=org.apache.hadoop.http.lib.StaticUserWebFilter$StaticUserFilter) to context hddsDatanode
2019-09-18 22:11:40,486 [main] INFO  http.HttpServer2 (HttpServer2.java:addFilter(958)) - Added filter static_user_filter (class=org.apache.hadoop.http.lib.StaticUserWebFilter$StaticUserFilter) to context logs
2019-09-18 22:11:40,486 [main] INFO  http.HttpServer2 (HttpServer2.java:addFilter(958)) - Added filter static_user_filter (class=org.apache.hadoop.http.lib.StaticUserWebFilter$StaticUserFilter) to context static
2019-09-18 22:11:40,487 [main] INFO  http.HttpServer2 (HttpServer2.java:bindListener(1191)) - Jetty bound to port 35155
2019-09-18 22:11:40,487 [main] INFO  server.Server (Server.java:doStart(351)) - jetty-9.3.25.v20180904, build timestamp: 2018-09-04T21:11:46Z, git hash: 3ce520221d0240229c862b122d2b06c12a625732
2019-09-18 22:11:40,488 [main] INFO  handler.ContextHandler (ContextHandler.java:doStart(781)) - Started o.e.j.s.ServletContextHandler@51d387d3{/logs,file:///workdir/hadoop-ozone/integration-test/target/log,AVAILABLE}
2019-09-18 22:11:40,489 [main] INFO  handler.ContextHandler (ContextHandler.java:doStart(781)) - Started o.e.j.s.ServletContextHandler@534180a2{/static,jar:file:/home/user/.m2/repository/org/apache/hadoop/hadoop-hdds-container-service/0.5.0-SNAPSHOT/hadoop-hdds-container-service-0.5.0-SNAPSHOT.jar!/webapps/static,AVAILABLE}
2019-09-18 22:11:40,518 [main] INFO  handler.ContextHandler (ContextHandler.java:doStart(781)) - Started o.e.j.w.WebAppContext@3a37a501{/,file:///tmp/jetty-0.0.0.0-35155-hddsDatanode-_-any-3956953996939403773.dir/webapp/,AVAILABLE}{/hddsDatanode}
2019-09-18 22:11:40,518 [main] INFO  server.AbstractConnector (AbstractConnector.java:doStart(278)) - Started ServerConnector@7a583586{HTTP/1.1,[http/1.1]}{0.0.0.0:35155}
2019-09-18 22:11:40,519 [main] INFO  server.Server (Server.java:doStart(419)) - Started @6063ms
2019-09-18 22:11:40,519 [main] WARN  impl.MetricsSystemImpl (MetricsSystemImpl.java:register(276)) - Sink prometheus already exists!
2019-09-18 22:11:40,520 [main] INFO  server.BaseHttpServer (BaseHttpServer.java:updateConnectorAddress(215)) - HTTP server of HDDSDATANODE is listening at http://0.0.0.0:35155
2019-09-18 22:11:40,520 [main] INFO  impl.MetricsSystemImpl (MetricsSystemImpl.java:init(158)) - HddsDatanode metrics system started (again)
2019-09-18 22:11:40,524 [org.apache.hadoop.util.JvmPauseMonitor$Monitor@1f3adb0b] INFO  util.JvmPauseMonitor (JvmPauseMonitor.java:run(188)) - Starting JVM pause monitor
2019-09-18 22:11:40,524 [main] INFO  ozone.HddsDatanodeService (HddsDatanodeService.java:start(184)) - HddsDatanodeService host:pr-hdds-2150-pzdq9-4118776691 ip:192.168.34.27
2019-09-18 22:11:40,527 [Datanode State Machine Thread - 0] INFO  datanode.InitDatanodeState (InitDatanodeState.java:persistContainerDatanodeDetails(140)) - DatanodeDetails is persisted to /workdir/hadoop-ozone/integration-test/target/test-dir/MiniOzoneClusterImpl-098cb20a-5709-466d-aded-8aed09afee3e/datanode-5/meta/datanode.id
2019-09-18 22:11:40,533 [main] INFO  volume.HddsVolume (HddsVolume.java:<init>(176)) - Creating Volume: /workdir/hadoop-ozone/integration-test/target/test-dir/MiniOzoneClusterImpl-098cb20a-5709-466d-aded-8aed09afee3e/datanode-6/data/containers/hdds of  storage type : DISK and capacity : 1482555576320
2019-09-18 22:11:40,534 [main] INFO  volume.VolumeSet (VolumeSet.java:initializeVolumeSet(170)) - Added Volume : /workdir/hadoop-ozone/integration-test/target/test-dir/MiniOzoneClusterImpl-098cb20a-5709-466d-aded-8aed09afee3e/datanode-6/data/containers/hdds to VolumeSet
2019-09-18 22:11:40,534 [main] INFO  volume.ThrottledAsyncChecker (ThrottledAsyncChecker.java:schedule(139)) - Scheduling a check for org.apache.hadoop.ozone.container.common.volume.HddsVolume@1f346ad2
2019-09-18 22:11:40,534 [main] INFO  volume.HddsVolumeChecker (HddsVolumeChecker.java:checkAllVolumes(202)) - Scheduled health check for volume org.apache.hadoop.ozone.container.common.volume.HddsVolume@1f346ad2
2019-09-18 22:11:40,549 [main] INFO  impl.RaftServerProxy (ConfUtils.java:logGet(43)) - raft.rpc.type = GRPC (default)
2019-09-18 22:11:40,549 [main] INFO  grpc.GrpcFactory (GrpcFactory.java:checkPooledByteBufAllocatorUseCacheForAllThreads(45)) - PERFORMANCE WARNING: useCacheForAllThreads is true that may cause Netty to create a lot garbage objects and, as a result, trigger GC.
	It is recommended to disable useCacheForAllThreads by setting -Dorg.apache.ratis.thirdparty.io.netty.allocator.useCacheForAllThreads=false in command line.
2019-09-18 22:11:40,550 [main] INFO  grpc.GrpcConfigKeys$Server (ConfUtils.java:logGet(43)) - raft.grpc.server.port = 0 (default)
2019-09-18 22:11:40,550 [main] INFO  server.GrpcService (ConfUtils.java:logGet(43)) - raft.grpc.message.size.max = 33570816 (custom)
2019-09-18 22:11:40,550 [main] INFO  server.RaftServerConfigKeys (ConfUtils.java:logGet(43)) - raft.server.log.appender.buffer.byte-limit = 33554432 (custom)
2019-09-18 22:11:40,550 [main] INFO  server.GrpcService (ConfUtils.java:logGet(43)) - raft.grpc.flow.control.window = 1MB (=1048576) (default)
2019-09-18 22:11:40,550 [main] INFO  server.RaftServerConfigKeys (ConfUtils.java:logGet(43)) - raft.server.rpc.request.timeout = 3000ms (default)
2019-09-18 22:11:40,551 [main] INFO  server.RaftServerConfigKeys (ConfUtils.java:logGet(43)) - raft.server.storage.dir = [/workdir/hadoop-ozone/integration-test/target/test-dir/MiniOzoneClusterImpl-098cb20a-5709-466d-aded-8aed09afee3e/datanode-6/data/ratis] (custom)
2019-09-18 22:11:40,552 [main] INFO  hdfs.DFSUtil (DFSUtil.java:httpServerTemplateForNNAndJN(1641)) - Starting Web-server for hddsDatanode at: http://0.0.0.0:0
2019-09-18 22:11:40,554 [main] INFO  server.AuthenticationFilter (AuthenticationFilter.java:constructSecretProvider(240)) - Unable to initialize FileSignerSecretProvider, falling back to use random secrets.
2019-09-18 22:11:40,554 [main] WARN  http.HttpRequestLog (HttpRequestLog.java:getRequestLog(97)) - Jetty request log can only be enabled using Log4j
2019-09-18 22:11:40,555 [main] INFO  http.HttpServer2 (HttpServer2.java:addGlobalFilter(975)) - Added global filter 'safety' (class=org.apache.hadoop.http.HttpServer2$QuotingInputFilter)
2019-09-18 22:11:40,556 [main] INFO  http.HttpServer2 (HttpServer2.java:addFilter(948)) - Added filter static_user_filter (class=org.apache.hadoop.http.lib.StaticUserWebFilter$StaticUserFilter) to context hddsDatanode
2019-09-18 22:11:40,556 [main] INFO  http.HttpServer2 (HttpServer2.java:addFilter(958)) - Added filter static_user_filter (class=org.apache.hadoop.http.lib.StaticUserWebFilter$StaticUserFilter) to context logs
2019-09-18 22:11:40,556 [main] INFO  http.HttpServer2 (HttpServer2.java:addFilter(958)) - Added filter static_user_filter (class=org.apache.hadoop.http.lib.StaticUserWebFilter$StaticUserFilter) to context static
2019-09-18 22:11:40,557 [main] INFO  http.HttpServer2 (HttpServer2.java:bindListener(1191)) - Jetty bound to port 34381
2019-09-18 22:11:40,557 [main] INFO  server.Server (Server.java:doStart(351)) - jetty-9.3.25.v20180904, build timestamp: 2018-09-04T21:11:46Z, git hash: 3ce520221d0240229c862b122d2b06c12a625732
2019-09-18 22:11:40,559 [main] INFO  handler.ContextHandler (ContextHandler.java:doStart(781)) - Started o.e.j.s.ServletContextHandler@72fd8a3c{/logs,file:///workdir/hadoop-ozone/integration-test/target/log,AVAILABLE}
2019-09-18 22:11:40,559 [main] INFO  handler.ContextHandler (ContextHandler.java:doStart(781)) - Started o.e.j.s.ServletContextHandler@34780cd9{/static,jar:file:/home/user/.m2/repository/org/apache/hadoop/hadoop-hdds-container-service/0.5.0-SNAPSHOT/hadoop-hdds-container-service-0.5.0-SNAPSHOT.jar!/webapps/static,AVAILABLE}
2019-09-18 22:11:40,611 [main] INFO  handler.ContextHandler (ContextHandler.java:doStart(781)) - Started o.e.j.w.WebAppContext@7a485a36{/,file:///tmp/jetty-0.0.0.0-34381-hddsDatanode-_-any-5412299104407286137.dir/webapp/,AVAILABLE}{/hddsDatanode}
2019-09-18 22:11:40,613 [main] INFO  server.AbstractConnector (AbstractConnector.java:doStart(278)) - Started ServerConnector@5cf3157b{HTTP/1.1,[http/1.1]}{0.0.0.0:34381}
2019-09-18 22:11:40,613 [main] INFO  server.Server (Server.java:doStart(419)) - Started @6157ms
2019-09-18 22:11:40,613 [main] WARN  impl.MetricsSystemImpl (MetricsSystemImpl.java:register(276)) - Sink prometheus already exists!
2019-09-18 22:11:40,614 [main] INFO  server.BaseHttpServer (BaseHttpServer.java:updateConnectorAddress(215)) - HTTP server of HDDSDATANODE is listening at http://0.0.0.0:34381
2019-09-18 22:11:40,614 [main] INFO  impl.MetricsSystemImpl (MetricsSystemImpl.java:init(158)) - HddsDatanode metrics system started (again)
2019-09-18 22:11:40,618 [org.apache.hadoop.util.JvmPauseMonitor$Monitor@72ebb79e] INFO  util.JvmPauseMonitor (JvmPauseMonitor.java:run(188)) - Starting JVM pause monitor
2019-09-18 22:11:40,618 [main] INFO  ozone.HddsDatanodeService (HddsDatanodeService.java:start(184)) - HddsDatanodeService host:pr-hdds-2150-pzdq9-4118776691 ip:192.168.34.27
2019-09-18 22:11:40,621 [Datanode State Machine Thread - 0] INFO  datanode.InitDatanodeState (InitDatanodeState.java:persistContainerDatanodeDetails(140)) - DatanodeDetails is persisted to /workdir/hadoop-ozone/integration-test/target/test-dir/MiniOzoneClusterImpl-098cb20a-5709-466d-aded-8aed09afee3e/datanode-6/meta/datanode.id
2019-09-18 22:11:40,629 [main] INFO  volume.HddsVolume (HddsVolume.java:<init>(176)) - Creating Volume: /workdir/hadoop-ozone/integration-test/target/test-dir/MiniOzoneClusterImpl-098cb20a-5709-466d-aded-8aed09afee3e/datanode-7/data/containers/hdds of  storage type : DISK and capacity : 1482555576320
2019-09-18 22:11:40,629 [main] INFO  volume.VolumeSet (VolumeSet.java:initializeVolumeSet(170)) - Added Volume : /workdir/hadoop-ozone/integration-test/target/test-dir/MiniOzoneClusterImpl-098cb20a-5709-466d-aded-8aed09afee3e/datanode-7/data/containers/hdds to VolumeSet
2019-09-18 22:11:40,630 [main] INFO  volume.ThrottledAsyncChecker (ThrottledAsyncChecker.java:schedule(139)) - Scheduling a check for org.apache.hadoop.ozone.container.common.volume.HddsVolume@3b27b497
2019-09-18 22:11:40,630 [main] INFO  volume.HddsVolumeChecker (HddsVolumeChecker.java:checkAllVolumes(202)) - Scheduled health check for volume org.apache.hadoop.ozone.container.common.volume.HddsVolume@3b27b497
2019-09-18 22:11:40,646 [main] INFO  impl.RaftServerProxy (ConfUtils.java:logGet(43)) - raft.rpc.type = GRPC (default)
2019-09-18 22:11:40,646 [main] INFO  grpc.GrpcFactory (GrpcFactory.java:checkPooledByteBufAllocatorUseCacheForAllThreads(45)) - PERFORMANCE WARNING: useCacheForAllThreads is true that may cause Netty to create a lot garbage objects and, as a result, trigger GC.
	It is recommended to disable useCacheForAllThreads by setting -Dorg.apache.ratis.thirdparty.io.netty.allocator.useCacheForAllThreads=false in command line.
2019-09-18 22:11:40,646 [main] INFO  grpc.GrpcConfigKeys$Server (ConfUtils.java:logGet(43)) - raft.grpc.server.port = 0 (default)
2019-09-18 22:11:40,646 [main] INFO  server.GrpcService (ConfUtils.java:logGet(43)) - raft.grpc.message.size.max = 33570816 (custom)
2019-09-18 22:11:40,646 [main] INFO  server.RaftServerConfigKeys (ConfUtils.java:logGet(43)) - raft.server.log.appender.buffer.byte-limit = 33554432 (custom)
2019-09-18 22:11:40,647 [main] INFO  server.GrpcService (ConfUtils.java:logGet(43)) - raft.grpc.flow.control.window = 1MB (=1048576) (default)
2019-09-18 22:11:40,647 [main] INFO  server.RaftServerConfigKeys (ConfUtils.java:logGet(43)) - raft.server.rpc.request.timeout = 3000ms (default)
2019-09-18 22:11:40,647 [main] INFO  server.RaftServerConfigKeys (ConfUtils.java:logGet(43)) - raft.server.storage.dir = [/workdir/hadoop-ozone/integration-test/target/test-dir/MiniOzoneClusterImpl-098cb20a-5709-466d-aded-8aed09afee3e/datanode-7/data/ratis] (custom)
2019-09-18 22:11:40,649 [main] INFO  hdfs.DFSUtil (DFSUtil.java:httpServerTemplateForNNAndJN(1641)) - Starting Web-server for hddsDatanode at: http://0.0.0.0:0
2019-09-18 22:11:40,650 [main] INFO  server.AuthenticationFilter (AuthenticationFilter.java:constructSecretProvider(240)) - Unable to initialize FileSignerSecretProvider, falling back to use random secrets.
2019-09-18 22:11:40,650 [main] WARN  http.HttpRequestLog (HttpRequestLog.java:getRequestLog(97)) - Jetty request log can only be enabled using Log4j
2019-09-18 22:11:40,652 [main] INFO  http.HttpServer2 (HttpServer2.java:addGlobalFilter(975)) - Added global filter 'safety' (class=org.apache.hadoop.http.HttpServer2$QuotingInputFilter)
2019-09-18 22:11:40,652 [main] INFO  http.HttpServer2 (HttpServer2.java:addFilter(948)) - Added filter static_user_filter (class=org.apache.hadoop.http.lib.StaticUserWebFilter$StaticUserFilter) to context hddsDatanode
2019-09-18 22:11:40,653 [main] INFO  http.HttpServer2 (HttpServer2.java:addFilter(958)) - Added filter static_user_filter (class=org.apache.hadoop.http.lib.StaticUserWebFilter$StaticUserFilter) to context static
2019-09-18 22:11:40,653 [main] INFO  http.HttpServer2 (HttpServer2.java:addFilter(958)) - Added filter static_user_filter (class=org.apache.hadoop.http.lib.StaticUserWebFilter$StaticUserFilter) to context logs
2019-09-18 22:11:40,653 [main] INFO  http.HttpServer2 (HttpServer2.java:bindListener(1191)) - Jetty bound to port 37690
2019-09-18 22:11:40,654 [main] INFO  server.Server (Server.java:doStart(351)) - jetty-9.3.25.v20180904, build timestamp: 2018-09-04T21:11:46Z, git hash: 3ce520221d0240229c862b122d2b06c12a625732
2019-09-18 22:11:40,655 [main] INFO  handler.ContextHandler (ContextHandler.java:doStart(781)) - Started o.e.j.s.ServletContextHandler@2d64160c{/logs,file:///workdir/hadoop-ozone/integration-test/target/log,AVAILABLE}
2019-09-18 22:11:40,656 [main] INFO  handler.ContextHandler (ContextHandler.java:doStart(781)) - Started o.e.j.s.ServletContextHandler@2eeb0f9b{/static,jar:file:/home/user/.m2/repository/org/apache/hadoop/hadoop-hdds-container-service/0.5.0-SNAPSHOT/hadoop-hdds-container-service-0.5.0-SNAPSHOT.jar!/webapps/static,AVAILABLE}
2019-09-18 22:11:40,684 [main] INFO  handler.ContextHandler (ContextHandler.java:doStart(781)) - Started o.e.j.w.WebAppContext@459f703f{/,file:///tmp/jetty-0.0.0.0-37690-hddsDatanode-_-any-1343894859507576673.dir/webapp/,AVAILABLE}{/hddsDatanode}
2019-09-18 22:11:40,685 [main] INFO  server.AbstractConnector (AbstractConnector.java:doStart(278)) - Started ServerConnector@188ac8a3{HTTP/1.1,[http/1.1]}{0.0.0.0:37690}
2019-09-18 22:11:40,685 [main] INFO  server.Server (Server.java:doStart(419)) - Started @6230ms
2019-09-18 22:11:40,686 [main] WARN  impl.MetricsSystemImpl (MetricsSystemImpl.java:register(276)) - Sink prometheus already exists!
2019-09-18 22:11:40,686 [main] INFO  server.BaseHttpServer (BaseHttpServer.java:updateConnectorAddress(215)) - HTTP server of HDDSDATANODE is listening at http://0.0.0.0:37690
2019-09-18 22:11:40,687 [main] INFO  impl.MetricsSystemImpl (MetricsSystemImpl.java:init(158)) - HddsDatanode metrics system started (again)
2019-09-18 22:11:40,692 [org.apache.hadoop.util.JvmPauseMonitor$Monitor@7e743aac] INFO  util.JvmPauseMonitor (JvmPauseMonitor.java:run(188)) - Starting JVM pause monitor
2019-09-18 22:11:40,694 [main] INFO  ozone.HddsDatanodeService (HddsDatanodeService.java:start(184)) - HddsDatanodeService host:pr-hdds-2150-pzdq9-4118776691 ip:192.168.34.27
2019-09-18 22:11:40,696 [Datanode State Machine Thread - 0] INFO  datanode.InitDatanodeState (InitDatanodeState.java:persistContainerDatanodeDetails(140)) - DatanodeDetails is persisted to /workdir/hadoop-ozone/integration-test/target/test-dir/MiniOzoneClusterImpl-098cb20a-5709-466d-aded-8aed09afee3e/datanode-7/meta/datanode.id
2019-09-18 22:11:40,706 [main] INFO  volume.HddsVolume (HddsVolume.java:<init>(176)) - Creating Volume: /workdir/hadoop-ozone/integration-test/target/test-dir/MiniOzoneClusterImpl-098cb20a-5709-466d-aded-8aed09afee3e/datanode-8/data/containers/hdds of  storage type : DISK and capacity : 1482555576320
2019-09-18 22:11:40,706 [main] INFO  volume.VolumeSet (VolumeSet.java:initializeVolumeSet(170)) - Added Volume : /workdir/hadoop-ozone/integration-test/target/test-dir/MiniOzoneClusterImpl-098cb20a-5709-466d-aded-8aed09afee3e/datanode-8/data/containers/hdds to VolumeSet
2019-09-18 22:11:40,707 [main] INFO  volume.ThrottledAsyncChecker (ThrottledAsyncChecker.java:schedule(139)) - Scheduling a check for org.apache.hadoop.ozone.container.common.volume.HddsVolume@5f2bd6d9
2019-09-18 22:11:40,707 [main] INFO  volume.HddsVolumeChecker (HddsVolumeChecker.java:checkAllVolumes(202)) - Scheduled health check for volume org.apache.hadoop.ozone.container.common.volume.HddsVolume@5f2bd6d9
2019-09-18 22:11:40,729 [main] INFO  impl.RaftServerProxy (ConfUtils.java:logGet(43)) - raft.rpc.type = GRPC (default)
2019-09-18 22:11:40,729 [main] INFO  grpc.GrpcFactory (GrpcFactory.java:checkPooledByteBufAllocatorUseCacheForAllThreads(45)) - PERFORMANCE WARNING: useCacheForAllThreads is true that may cause Netty to create a lot garbage objects and, as a result, trigger GC.
	It is recommended to disable useCacheForAllThreads by setting -Dorg.apache.ratis.thirdparty.io.netty.allocator.useCacheForAllThreads=false in command line.
2019-09-18 22:11:40,729 [main] INFO  grpc.GrpcConfigKeys$Server (ConfUtils.java:logGet(43)) - raft.grpc.server.port = 0 (default)
2019-09-18 22:11:40,730 [main] INFO  server.GrpcService (ConfUtils.java:logGet(43)) - raft.grpc.message.size.max = 33570816 (custom)
2019-09-18 22:11:40,730 [main] INFO  server.RaftServerConfigKeys (ConfUtils.java:logGet(43)) - raft.server.log.appender.buffer.byte-limit = 33554432 (custom)
2019-09-18 22:11:40,730 [main] INFO  server.GrpcService (ConfUtils.java:logGet(43)) - raft.grpc.flow.control.window = 1MB (=1048576) (default)
2019-09-18 22:11:40,731 [main] INFO  server.RaftServerConfigKeys (ConfUtils.java:logGet(43)) - raft.server.rpc.request.timeout = 3000ms (default)
2019-09-18 22:11:40,731 [main] INFO  server.RaftServerConfigKeys (ConfUtils.java:logGet(43)) - raft.server.storage.dir = [/workdir/hadoop-ozone/integration-test/target/test-dir/MiniOzoneClusterImpl-098cb20a-5709-466d-aded-8aed09afee3e/datanode-8/data/ratis] (custom)
2019-09-18 22:11:40,733 [main] INFO  hdfs.DFSUtil (DFSUtil.java:httpServerTemplateForNNAndJN(1641)) - Starting Web-server for hddsDatanode at: http://0.0.0.0:0
2019-09-18 22:11:40,735 [main] INFO  server.AuthenticationFilter (AuthenticationFilter.java:constructSecretProvider(240)) - Unable to initialize FileSignerSecretProvider, falling back to use random secrets.
2019-09-18 22:11:40,736 [main] WARN  http.HttpRequestLog (HttpRequestLog.java:getRequestLog(97)) - Jetty request log can only be enabled using Log4j
2019-09-18 22:11:40,738 [main] INFO  http.HttpServer2 (HttpServer2.java:addGlobalFilter(975)) - Added global filter 'safety' (class=org.apache.hadoop.http.HttpServer2$QuotingInputFilter)
2019-09-18 22:11:40,739 [main] INFO  http.HttpServer2 (HttpServer2.java:addFilter(948)) - Added filter static_user_filter (class=org.apache.hadoop.http.lib.StaticUserWebFilter$StaticUserFilter) to context hddsDatanode
2019-09-18 22:11:40,739 [main] INFO  http.HttpServer2 (HttpServer2.java:addFilter(958)) - Added filter static_user_filter (class=org.apache.hadoop.http.lib.StaticUserWebFilter$StaticUserFilter) to context static
2019-09-18 22:11:40,739 [main] INFO  http.HttpServer2 (HttpServer2.java:addFilter(958)) - Added filter static_user_filter (class=org.apache.hadoop.http.lib.StaticUserWebFilter$StaticUserFilter) to context logs
2019-09-18 22:11:40,740 [main] INFO  http.HttpServer2 (HttpServer2.java:bindListener(1191)) - Jetty bound to port 34178
2019-09-18 22:11:40,741 [main] INFO  server.Server (Server.java:doStart(351)) - jetty-9.3.25.v20180904, build timestamp: 2018-09-04T21:11:46Z, git hash: 3ce520221d0240229c862b122d2b06c12a625732
2019-09-18 22:11:40,742 [main] INFO  handler.ContextHandler (ContextHandler.java:doStart(781)) - Started o.e.j.s.ServletContextHandler@2bc426f0{/logs,file:///workdir/hadoop-ozone/integration-test/target/log,AVAILABLE}
2019-09-18 22:11:40,743 [main] INFO  handler.ContextHandler (ContextHandler.java:doStart(781)) - Started o.e.j.s.ServletContextHandler@33425811{/static,jar:file:/home/user/.m2/repository/org/apache/hadoop/hadoop-hdds-container-service/0.5.0-SNAPSHOT/hadoop-hdds-container-service-0.5.0-SNAPSHOT.jar!/webapps/static,AVAILABLE}
2019-09-18 22:11:40,780 [main] INFO  handler.ContextHandler (ContextHandler.java:doStart(781)) - Started o.e.j.w.WebAppContext@70730db{/,file:///tmp/jetty-0.0.0.0-34178-hddsDatanode-_-any-2867028428557966451.dir/webapp/,AVAILABLE}{/hddsDatanode}
2019-09-18 22:11:40,780 [main] INFO  server.AbstractConnector (AbstractConnector.java:doStart(278)) - Started ServerConnector@5793b87{HTTP/1.1,[http/1.1]}{0.0.0.0:34178}
2019-09-18 22:11:40,781 [main] INFO  server.Server (Server.java:doStart(419)) - Started @6326ms
2019-09-18 22:11:40,782 [main] WARN  impl.MetricsSystemImpl (MetricsSystemImpl.java:register(276)) - Sink prometheus already exists!
2019-09-18 22:11:40,782 [main] INFO  server.BaseHttpServer (BaseHttpServer.java:updateConnectorAddress(215)) - HTTP server of HDDSDATANODE is listening at http://0.0.0.0:34178
2019-09-18 22:11:40,783 [main] INFO  impl.MetricsSystemImpl (MetricsSystemImpl.java:init(158)) - HddsDatanode metrics system started (again)
2019-09-18 22:11:40,788 [org.apache.hadoop.util.JvmPauseMonitor$Monitor@12043cdc] INFO  util.JvmPauseMonitor (JvmPauseMonitor.java:run(188)) - Starting JVM pause monitor
2019-09-18 22:11:40,788 [main] INFO  ozone.HddsDatanodeService (HddsDatanodeService.java:start(184)) - HddsDatanodeService host:pr-hdds-2150-pzdq9-4118776691 ip:192.168.34.27
2019-09-18 22:11:40,791 [Datanode State Machine Thread - 0] INFO  datanode.InitDatanodeState (InitDatanodeState.java:persistContainerDatanodeDetails(140)) - DatanodeDetails is persisted to /workdir/hadoop-ozone/integration-test/target/test-dir/MiniOzoneClusterImpl-098cb20a-5709-466d-aded-8aed09afee3e/datanode-8/meta/datanode.id
2019-09-18 22:11:40,798 [main] INFO  volume.HddsVolume (HddsVolume.java:<init>(176)) - Creating Volume: /workdir/hadoop-ozone/integration-test/target/test-dir/MiniOzoneClusterImpl-098cb20a-5709-466d-aded-8aed09afee3e/datanode-9/data/containers/hdds of  storage type : DISK and capacity : 1482555576320
2019-09-18 22:11:40,798 [main] INFO  volume.VolumeSet (VolumeSet.java:initializeVolumeSet(170)) - Added Volume : /workdir/hadoop-ozone/integration-test/target/test-dir/MiniOzoneClusterImpl-098cb20a-5709-466d-aded-8aed09afee3e/datanode-9/data/containers/hdds to VolumeSet
2019-09-18 22:11:40,798 [main] INFO  volume.ThrottledAsyncChecker (ThrottledAsyncChecker.java:schedule(139)) - Scheduling a check for org.apache.hadoop.ozone.container.common.volume.HddsVolume@424de326
2019-09-18 22:11:40,799 [main] INFO  volume.HddsVolumeChecker (HddsVolumeChecker.java:checkAllVolumes(202)) - Scheduled health check for volume org.apache.hadoop.ozone.container.common.volume.HddsVolume@424de326
2019-09-18 22:11:40,813 [main] INFO  impl.RaftServerProxy (ConfUtils.java:logGet(43)) - raft.rpc.type = GRPC (default)
2019-09-18 22:11:40,814 [main] INFO  grpc.GrpcFactory (GrpcFactory.java:checkPooledByteBufAllocatorUseCacheForAllThreads(45)) - PERFORMANCE WARNING: useCacheForAllThreads is true that may cause Netty to create a lot garbage objects and, as a result, trigger GC.
	It is recommended to disable useCacheForAllThreads by setting -Dorg.apache.ratis.thirdparty.io.netty.allocator.useCacheForAllThreads=false in command line.
2019-09-18 22:11:40,814 [main] INFO  grpc.GrpcConfigKeys$Server (ConfUtils.java:logGet(43)) - raft.grpc.server.port = 0 (default)
2019-09-18 22:11:40,814 [main] INFO  server.GrpcService (ConfUtils.java:logGet(43)) - raft.grpc.message.size.max = 33570816 (custom)
2019-09-18 22:11:40,814 [main] INFO  server.RaftServerConfigKeys (ConfUtils.java:logGet(43)) - raft.server.log.appender.buffer.byte-limit = 33554432 (custom)
2019-09-18 22:11:40,814 [main] INFO  server.GrpcService (ConfUtils.java:logGet(43)) - raft.grpc.flow.control.window = 1MB (=1048576) (default)
2019-09-18 22:11:40,815 [main] INFO  server.RaftServerConfigKeys (ConfUtils.java:logGet(43)) - raft.server.rpc.request.timeout = 3000ms (default)
2019-09-18 22:11:40,815 [main] INFO  server.RaftServerConfigKeys (ConfUtils.java:logGet(43)) - raft.server.storage.dir = [/workdir/hadoop-ozone/integration-test/target/test-dir/MiniOzoneClusterImpl-098cb20a-5709-466d-aded-8aed09afee3e/datanode-9/data/ratis] (custom)
2019-09-18 22:11:40,816 [main] INFO  hdfs.DFSUtil (DFSUtil.java:httpServerTemplateForNNAndJN(1641)) - Starting Web-server for hddsDatanode at: http://0.0.0.0:0
2019-09-18 22:11:40,818 [main] INFO  server.AuthenticationFilter (AuthenticationFilter.java:constructSecretProvider(240)) - Unable to initialize FileSignerSecretProvider, falling back to use random secrets.
2019-09-18 22:11:40,818 [main] WARN  http.HttpRequestLog (HttpRequestLog.java:getRequestLog(97)) - Jetty request log can only be enabled using Log4j
2019-09-18 22:11:40,819 [main] INFO  http.HttpServer2 (HttpServer2.java:addGlobalFilter(975)) - Added global filter 'safety' (class=org.apache.hadoop.http.HttpServer2$QuotingInputFilter)
2019-09-18 22:11:40,820 [main] INFO  http.HttpServer2 (HttpServer2.java:addFilter(948)) - Added filter static_user_filter (class=org.apache.hadoop.http.lib.StaticUserWebFilter$StaticUserFilter) to context hddsDatanode
2019-09-18 22:11:40,820 [main] INFO  http.HttpServer2 (HttpServer2.java:addFilter(958)) - Added filter static_user_filter (class=org.apache.hadoop.http.lib.StaticUserWebFilter$StaticUserFilter) to context logs
2019-09-18 22:11:40,820 [main] INFO  http.HttpServer2 (HttpServer2.java:addFilter(958)) - Added filter static_user_filter (class=org.apache.hadoop.http.lib.StaticUserWebFilter$StaticUserFilter) to context static
2019-09-18 22:11:40,821 [main] INFO  http.HttpServer2 (HttpServer2.java:bindListener(1191)) - Jetty bound to port 39433
2019-09-18 22:11:40,821 [main] INFO  server.Server (Server.java:doStart(351)) - jetty-9.3.25.v20180904, build timestamp: 2018-09-04T21:11:46Z, git hash: 3ce520221d0240229c862b122d2b06c12a625732
2019-09-18 22:11:40,823 [main] INFO  handler.ContextHandler (ContextHandler.java:doStart(781)) - Started o.e.j.s.ServletContextHandler@53c6f96d{/logs,file:///workdir/hadoop-ozone/integration-test/target/log,AVAILABLE}
2019-09-18 22:11:40,824 [main] INFO  handler.ContextHandler (ContextHandler.java:doStart(781)) - Started o.e.j.s.ServletContextHandler@4364712f{/static,jar:file:/home/user/.m2/repository/org/apache/hadoop/hadoop-hdds-container-service/0.5.0-SNAPSHOT/hadoop-hdds-container-service-0.5.0-SNAPSHOT.jar!/webapps/static,AVAILABLE}
2019-09-18 22:11:40,852 [main] INFO  handler.ContextHandler (ContextHandler.java:doStart(781)) - Started o.e.j.w.WebAppContext@3f736a16{/,file:///tmp/jetty-0.0.0.0-39433-hddsDatanode-_-any-9139459809060245545.dir/webapp/,AVAILABLE}{/hddsDatanode}
2019-09-18 22:11:40,852 [main] INFO  server.AbstractConnector (AbstractConnector.java:doStart(278)) - Started ServerConnector@4601203a{HTTP/1.1,[http/1.1]}{0.0.0.0:39433}
2019-09-18 22:11:40,854 [main] INFO  server.Server (Server.java:doStart(419)) - Started @6398ms
2019-09-18 22:11:40,854 [main] WARN  impl.MetricsSystemImpl (MetricsSystemImpl.java:register(276)) - Sink prometheus already exists!
2019-09-18 22:11:40,855 [main] INFO  server.BaseHttpServer (BaseHttpServer.java:updateConnectorAddress(215)) - HTTP server of HDDSDATANODE is listening at http://0.0.0.0:39433
2019-09-18 22:11:40,860 [main] INFO  ozone.MiniOzoneClusterImpl (MiniOzoneClusterImpl.java:lambda$waitForClusterToBeReady$0(145)) - Waiting for cluster to be ready. Got 0 of 10 DN Heartbeats.
2019-09-18 22:11:40,861 [org.apache.hadoop.util.JvmPauseMonitor$Monitor@671ee53a] INFO  util.JvmPauseMonitor (JvmPauseMonitor.java:run(188)) - Starting JVM pause monitor
2019-09-18 22:11:40,865 [Datanode State Machine Thread - 0] INFO  datanode.InitDatanodeState (InitDatanodeState.java:persistContainerDatanodeDetails(140)) - DatanodeDetails is persisted to /workdir/hadoop-ozone/integration-test/target/test-dir/MiniOzoneClusterImpl-098cb20a-5709-466d-aded-8aed09afee3e/datanode-9/meta/datanode.id
2019-09-18 22:11:41,861 [main] INFO  ozone.MiniOzoneClusterImpl (MiniOzoneClusterImpl.java:lambda$waitForClusterToBeReady$0(145)) - Waiting for cluster to be ready. Got 0 of 10 DN Heartbeats.
2019-09-18 22:11:42,185 [Datanode State Machine Thread - 0] INFO  ozoneimpl.OzoneContainer (OzoneContainer.java:start(217)) - Attempting to start container services.
2019-09-18 22:11:42,187 [Datanode State Machine Thread - 0] INFO  ozoneimpl.OzoneContainer (OzoneContainer.java:startContainerScrub(179)) - Background container scanner has been disabled.
2019-09-18 22:11:42,187 [Datanode State Machine Thread - 0] INFO  ratis.XceiverServerRatis (XceiverServerRatis.java:start(411)) - Starting XceiverServerRatis 80fe7f66-a042-4fd5-86eb-7138643784f2 at port 0
2019-09-18 22:11:42,199 [Datanode State Machine Thread - 0] INFO  ozoneimpl.OzoneContainer (OzoneContainer.java:start(217)) - Attempting to start container services.
2019-09-18 22:11:42,209 [Datanode State Machine Thread - 0] INFO  ozoneimpl.OzoneContainer (OzoneContainer.java:startContainerScrub(179)) - Background container scanner has been disabled.
2019-09-18 22:11:42,210 [Datanode State Machine Thread - 0] INFO  ratis.XceiverServerRatis (XceiverServerRatis.java:start(411)) - Starting XceiverServerRatis fba6f591-d47b-4675-b90c-be27a1cfadaa at port 0
2019-09-18 22:11:42,220 [Datanode State Machine Thread - 0] INFO  impl.RaftServerProxy (RaftServerProxy.java:lambda$start$3(299)) - 80fe7f66-a042-4fd5-86eb-7138643784f2: start RPC server
2019-09-18 22:11:42,222 [Datanode State Machine Thread - 0] INFO  impl.RaftServerProxy (RaftServerProxy.java:lambda$start$3(299)) - fba6f591-d47b-4675-b90c-be27a1cfadaa: start RPC server
2019-09-18 22:11:42,264 [Datanode State Machine Thread - 0] INFO  ozoneimpl.OzoneContainer (OzoneContainer.java:start(217)) - Attempting to start container services.
2019-09-18 22:11:42,265 [Datanode State Machine Thread - 0] INFO  ozoneimpl.OzoneContainer (OzoneContainer.java:startContainerScrub(179)) - Background container scanner has been disabled.
2019-09-18 22:11:42,265 [Datanode State Machine Thread - 0] INFO  ratis.XceiverServerRatis (XceiverServerRatis.java:start(411)) - Starting XceiverServerRatis 83be8999-67ae-4928-8a06-df04737ded82 at port 0
2019-09-18 22:11:42,276 [Datanode State Machine Thread - 0] INFO  impl.RaftServerProxy (RaftServerProxy.java:lambda$start$3(299)) - 83be8999-67ae-4928-8a06-df04737ded82: start RPC server
2019-09-18 22:11:42,374 [Datanode State Machine Thread - 0] INFO  ozoneimpl.OzoneContainer (OzoneContainer.java:start(217)) - Attempting to start container services.
2019-09-18 22:11:42,375 [Datanode State Machine Thread - 0] INFO  ozoneimpl.OzoneContainer (OzoneContainer.java:startContainerScrub(179)) - Background container scanner has been disabled.
2019-09-18 22:11:42,375 [Datanode State Machine Thread - 0] INFO  ratis.XceiverServerRatis (XceiverServerRatis.java:start(411)) - Starting XceiverServerRatis 379fa6c2-49a1-4408-8949-ca6be2717677 at port 0
2019-09-18 22:11:42,395 [Datanode State Machine Thread - 0] INFO  impl.RaftServerProxy (RaftServerProxy.java:lambda$start$3(299)) - 379fa6c2-49a1-4408-8949-ca6be2717677: start RPC server
2019-09-18 22:11:42,405 [Datanode State Machine Thread - 0] INFO  server.GrpcService (GrpcService.java:startImpl(158)) - 83be8999-67ae-4928-8a06-df04737ded82: GrpcService started, listening on 0.0.0.0/0.0.0.0:43276
2019-09-18 22:11:42,405 [Datanode State Machine Thread - 0] INFO  server.GrpcService (GrpcService.java:startImpl(158)) - fba6f591-d47b-4675-b90c-be27a1cfadaa: GrpcService started, listening on 0.0.0.0/0.0.0.0:46622
2019-09-18 22:11:42,406 [Datanode State Machine Thread - 0] INFO  ratis.XceiverServerRatis (XceiverServerRatis.java:start(421)) - XceiverServerRatis 83be8999-67ae-4928-8a06-df04737ded82 is started using port 43276
2019-09-18 22:11:42,405 [Datanode State Machine Thread - 0] INFO  server.GrpcService (GrpcService.java:startImpl(158)) - 80fe7f66-a042-4fd5-86eb-7138643784f2: GrpcService started, listening on 0.0.0.0/0.0.0.0:35927
2019-09-18 22:11:42,405 [Datanode State Machine Thread - 0] INFO  server.GrpcService (GrpcService.java:startImpl(158)) - 379fa6c2-49a1-4408-8949-ca6be2717677: GrpcService started, listening on 0.0.0.0/0.0.0.0:42824
2019-09-18 22:11:42,407 [Datanode State Machine Thread - 0] INFO  ratis.XceiverServerRatis (XceiverServerRatis.java:start(421)) - XceiverServerRatis 80fe7f66-a042-4fd5-86eb-7138643784f2 is started using port 35927
2019-09-18 22:11:42,406 [Datanode State Machine Thread - 0] INFO  ratis.XceiverServerRatis (XceiverServerRatis.java:start(421)) - XceiverServerRatis fba6f591-d47b-4675-b90c-be27a1cfadaa is started using port 46622
2019-09-18 22:11:42,407 [Datanode State Machine Thread - 0] INFO  ratis.XceiverServerRatis (XceiverServerRatis.java:start(421)) - XceiverServerRatis 379fa6c2-49a1-4408-8949-ca6be2717677 is started using port 42824
2019-09-18 22:11:42,417 [Datanode State Machine Thread - 0] INFO  server.XceiverServerGrpc (XceiverServerGrpc.java:start(163)) - XceiverServerGrpc 83be8999-67ae-4928-8a06-df04737ded82 is started using port 46403
2019-09-18 22:11:42,418 [Datanode State Machine Thread - 0] INFO  server.XceiverServerGrpc (XceiverServerGrpc.java:start(163)) - XceiverServerGrpc 379fa6c2-49a1-4408-8949-ca6be2717677 is started using port 37441
2019-09-18 22:11:42,418 [Datanode State Machine Thread - 0] INFO  server.XceiverServerGrpc (XceiverServerGrpc.java:start(163)) - XceiverServerGrpc fba6f591-d47b-4675-b90c-be27a1cfadaa is started using port 40769
2019-09-18 22:11:42,417 [Datanode State Machine Thread - 0] INFO  server.XceiverServerGrpc (XceiverServerGrpc.java:start(163)) - XceiverServerGrpc 80fe7f66-a042-4fd5-86eb-7138643784f2 is started using port 42891
2019-09-18 22:11:42,479 [Datanode State Machine Thread - 0] INFO  ozoneimpl.OzoneContainer (OzoneContainer.java:start(217)) - Attempting to start container services.
2019-09-18 22:11:42,479 [Datanode State Machine Thread - 0] INFO  ozoneimpl.OzoneContainer (OzoneContainer.java:startContainerScrub(179)) - Background container scanner has been disabled.
2019-09-18 22:11:42,479 [Datanode State Machine Thread - 0] INFO  ratis.XceiverServerRatis (XceiverServerRatis.java:start(411)) - Starting XceiverServerRatis d117bc90-4994-4aca-be01-c9176126e9cd at port 0
2019-09-18 22:11:42,490 [Datanode State Machine Thread - 0] INFO  impl.RaftServerProxy (RaftServerProxy.java:lambda$start$3(299)) - d117bc90-4994-4aca-be01-c9176126e9cd: start RPC server
2019-09-18 22:11:42,494 [Datanode State Machine Thread - 0] INFO  server.GrpcService (GrpcService.java:startImpl(158)) - d117bc90-4994-4aca-be01-c9176126e9cd: GrpcService started, listening on 0.0.0.0/0.0.0.0:41865
2019-09-18 22:11:42,495 [Datanode State Machine Thread - 0] INFO  ratis.XceiverServerRatis (XceiverServerRatis.java:start(421)) - XceiverServerRatis d117bc90-4994-4aca-be01-c9176126e9cd is started using port 41865
2019-09-18 22:11:42,499 [Datanode State Machine Thread - 0] INFO  server.XceiverServerGrpc (XceiverServerGrpc.java:start(163)) - XceiverServerGrpc d117bc90-4994-4aca-be01-c9176126e9cd is started using port 38887
2019-09-18 22:11:42,542 [Datanode State Machine Thread - 0] INFO  ozoneimpl.OzoneContainer (OzoneContainer.java:start(217)) - Attempting to start container services.
2019-09-18 22:11:42,543 [Datanode State Machine Thread - 0] INFO  ozoneimpl.OzoneContainer (OzoneContainer.java:startContainerScrub(179)) - Background container scanner has been disabled.
2019-09-18 22:11:42,543 [Datanode State Machine Thread - 0] INFO  ratis.XceiverServerRatis (XceiverServerRatis.java:start(411)) - Starting XceiverServerRatis 5419bd03-146b-4e1a-9251-4ae6710db1e4 at port 0
2019-09-18 22:11:42,554 [Datanode State Machine Thread - 0] INFO  impl.RaftServerProxy (RaftServerProxy.java:lambda$start$3(299)) - 5419bd03-146b-4e1a-9251-4ae6710db1e4: start RPC server
2019-09-18 22:11:42,559 [Datanode State Machine Thread - 0] INFO  server.GrpcService (GrpcService.java:startImpl(158)) - 5419bd03-146b-4e1a-9251-4ae6710db1e4: GrpcService started, listening on 0.0.0.0/0.0.0.0:45183
2019-09-18 22:11:42,560 [Datanode State Machine Thread - 0] INFO  ratis.XceiverServerRatis (XceiverServerRatis.java:start(421)) - XceiverServerRatis 5419bd03-146b-4e1a-9251-4ae6710db1e4 is started using port 45183
2019-09-18 22:11:42,564 [Datanode State Machine Thread - 0] INFO  server.XceiverServerGrpc (XceiverServerGrpc.java:start(163)) - XceiverServerGrpc 5419bd03-146b-4e1a-9251-4ae6710db1e4 is started using port 43573
2019-09-18 22:11:42,634 [Datanode State Machine Thread - 0] INFO  ozoneimpl.OzoneContainer (OzoneContainer.java:start(217)) - Attempting to start container services.
2019-09-18 22:11:42,635 [Datanode State Machine Thread - 0] INFO  ozoneimpl.OzoneContainer (OzoneContainer.java:startContainerScrub(179)) - Background container scanner has been disabled.
2019-09-18 22:11:42,635 [Datanode State Machine Thread - 0] INFO  ratis.XceiverServerRatis (XceiverServerRatis.java:start(411)) - Starting XceiverServerRatis 73306d30-93c7-4acf-8650-89e6f82bf9ae at port 0
2019-09-18 22:11:42,644 [Datanode State Machine Thread - 0] INFO  impl.RaftServerProxy (RaftServerProxy.java:lambda$start$3(299)) - 73306d30-93c7-4acf-8650-89e6f82bf9ae: start RPC server
2019-09-18 22:11:42,649 [Datanode State Machine Thread - 0] INFO  server.GrpcService (GrpcService.java:startImpl(158)) - 73306d30-93c7-4acf-8650-89e6f82bf9ae: GrpcService started, listening on 0.0.0.0/0.0.0.0:36503
2019-09-18 22:11:42,649 [Datanode State Machine Thread - 0] INFO  ratis.XceiverServerRatis (XceiverServerRatis.java:start(421)) - XceiverServerRatis 73306d30-93c7-4acf-8650-89e6f82bf9ae is started using port 36503
2019-09-18 22:11:42,653 [Datanode State Machine Thread - 0] INFO  server.XceiverServerGrpc (XceiverServerGrpc.java:start(163)) - XceiverServerGrpc 73306d30-93c7-4acf-8650-89e6f82bf9ae is started using port 40629
2019-09-18 22:11:42,709 [Datanode State Machine Thread - 0] INFO  ozoneimpl.OzoneContainer (OzoneContainer.java:start(217)) - Attempting to start container services.
2019-09-18 22:11:42,709 [Datanode State Machine Thread - 0] INFO  ozoneimpl.OzoneContainer (OzoneContainer.java:startContainerScrub(179)) - Background container scanner has been disabled.
2019-09-18 22:11:42,709 [Datanode State Machine Thread - 0] INFO  ratis.XceiverServerRatis (XceiverServerRatis.java:start(411)) - Starting XceiverServerRatis 66f56808-2197-40bb-9c50-2cf417eef624 at port 0
2019-09-18 22:11:42,718 [Datanode State Machine Thread - 0] INFO  impl.RaftServerProxy (RaftServerProxy.java:lambda$start$3(299)) - 66f56808-2197-40bb-9c50-2cf417eef624: start RPC server
2019-09-18 22:11:42,724 [Datanode State Machine Thread - 0] INFO  server.GrpcService (GrpcService.java:startImpl(158)) - 66f56808-2197-40bb-9c50-2cf417eef624: GrpcService started, listening on 0.0.0.0/0.0.0.0:33335
2019-09-18 22:11:42,724 [Datanode State Machine Thread - 0] INFO  ratis.XceiverServerRatis (XceiverServerRatis.java:start(421)) - XceiverServerRatis 66f56808-2197-40bb-9c50-2cf417eef624 is started using port 33335
2019-09-18 22:11:42,729 [Datanode State Machine Thread - 0] INFO  server.XceiverServerGrpc (XceiverServerGrpc.java:start(163)) - XceiverServerGrpc 66f56808-2197-40bb-9c50-2cf417eef624 is started using port 34826
2019-09-18 22:11:42,805 [Datanode State Machine Thread - 0] INFO  ozoneimpl.OzoneContainer (OzoneContainer.java:start(217)) - Attempting to start container services.
2019-09-18 22:11:42,805 [Datanode State Machine Thread - 0] INFO  ozoneimpl.OzoneContainer (OzoneContainer.java:startContainerScrub(179)) - Background container scanner has been disabled.
2019-09-18 22:11:42,805 [Datanode State Machine Thread - 0] INFO  ratis.XceiverServerRatis (XceiverServerRatis.java:start(411)) - Starting XceiverServerRatis d9a450aa-fdeb-43cf-8175-7eb901493c18 at port 0
2019-09-18 22:11:42,815 [Datanode State Machine Thread - 0] INFO  impl.RaftServerProxy (RaftServerProxy.java:lambda$start$3(299)) - d9a450aa-fdeb-43cf-8175-7eb901493c18: start RPC server
2019-09-18 22:11:42,821 [Datanode State Machine Thread - 0] INFO  server.GrpcService (GrpcService.java:startImpl(158)) - d9a450aa-fdeb-43cf-8175-7eb901493c18: GrpcService started, listening on 0.0.0.0/0.0.0.0:44719
2019-09-18 22:11:42,821 [Datanode State Machine Thread - 0] INFO  ratis.XceiverServerRatis (XceiverServerRatis.java:start(421)) - XceiverServerRatis d9a450aa-fdeb-43cf-8175-7eb901493c18 is started using port 44719
2019-09-18 22:11:42,826 [Datanode State Machine Thread - 0] INFO  server.XceiverServerGrpc (XceiverServerGrpc.java:start(163)) - XceiverServerGrpc d9a450aa-fdeb-43cf-8175-7eb901493c18 is started using port 39956
2019-09-18 22:11:42,864 [main] INFO  ozone.MiniOzoneClusterImpl (MiniOzoneClusterImpl.java:lambda$waitForClusterToBeReady$0(145)) - Waiting for cluster to be ready. Got 0 of 10 DN Heartbeats.
2019-09-18 22:11:42,881 [Datanode State Machine Thread - 0] INFO  ozoneimpl.OzoneContainer (OzoneContainer.java:start(217)) - Attempting to start container services.
2019-09-18 22:11:42,881 [Datanode State Machine Thread - 0] INFO  ozoneimpl.OzoneContainer (OzoneContainer.java:startContainerScrub(179)) - Background container scanner has been disabled.
2019-09-18 22:11:42,881 [Datanode State Machine Thread - 0] INFO  ratis.XceiverServerRatis (XceiverServerRatis.java:start(411)) - Starting XceiverServerRatis 58e80564-5bec-4090-a95b-543e75482138 at port 0
2019-09-18 22:11:42,890 [Datanode State Machine Thread - 0] INFO  impl.RaftServerProxy (RaftServerProxy.java:lambda$start$3(299)) - 58e80564-5bec-4090-a95b-543e75482138: start RPC server
2019-09-18 22:11:42,905 [Datanode State Machine Thread - 0] INFO  server.GrpcService (GrpcService.java:startImpl(158)) - 58e80564-5bec-4090-a95b-543e75482138: GrpcService started, listening on 0.0.0.0/0.0.0.0:42903
2019-09-18 22:11:42,905 [Datanode State Machine Thread - 0] INFO  ratis.XceiverServerRatis (XceiverServerRatis.java:start(421)) - XceiverServerRatis 58e80564-5bec-4090-a95b-543e75482138 is started using port 42903
2019-09-18 22:11:42,941 [Datanode State Machine Thread - 0] INFO  server.XceiverServerGrpc (XceiverServerGrpc.java:start(163)) - XceiverServerGrpc 58e80564-5bec-4090-a95b-543e75482138 is started using port 40677
2019-09-18 22:11:43,864 [main] INFO  ozone.MiniOzoneClusterImpl (MiniOzoneClusterImpl.java:lambda$waitForClusterToBeReady$0(145)) - Waiting for cluster to be ready. Got 0 of 10 DN Heartbeats.
2019-09-18 22:11:44,119 [IPC Server handler 9 on 37775] INFO  net.NetworkTopology (NetworkTopologyImpl.java:add(111)) - Added a new node: /default-rack/80fe7f66-a042-4fd5-86eb-7138643784f2
2019-09-18 22:11:44,119 [IPC Server handler 9 on 37775] INFO  node.SCMNodeManager (SCMNodeManager.java:register(266)) - Registered Data node : 80fe7f66-a042-4fd5-86eb-7138643784f2{ip: 192.168.34.27, host: pr-hdds-2150-pzdq9-4118776691, networkLocation: /default-rack, certSerialId: null}
2019-09-18 22:11:44,125 [EventQueue-NodeRegistrationContainerReportForDataNodeSafeModeRule] INFO  safemode.SCMSafeModeManager (DataNodeSafeModeRule.java:process(71)) - SCM in safe mode. 1 DataNodes registered, 1 required.
2019-09-18 22:11:44,125 [EventQueue-NodeRegistrationContainerReportForDataNodeSafeModeRule] INFO  safemode.SCMSafeModeManager (SCMSafeModeManager.java:validateSafeModeExitRules(177)) - ScmSafeModeManager, all rules are successfully validated
2019-09-18 22:11:44,126 [EventQueue-NodeRegistrationContainerReportForDataNodeSafeModeRule] INFO  safemode.SCMSafeModeManager (SCMSafeModeManager.java:exitSafeMode(193)) - SCM exiting safe mode.
2019-09-18 22:11:44,167 [IPC Server handler 3 on 37775] INFO  net.NetworkTopology (NetworkTopologyImpl.java:add(111)) - Added a new node: /default-rack/fba6f591-d47b-4675-b90c-be27a1cfadaa
2019-09-18 22:11:44,168 [IPC Server handler 3 on 37775] INFO  node.SCMNodeManager (SCMNodeManager.java:register(266)) - Registered Data node : fba6f591-d47b-4675-b90c-be27a1cfadaa{ip: 192.168.34.27, host: pr-hdds-2150-pzdq9-4118776691, networkLocation: /default-rack, certSerialId: null}
2019-09-18 22:11:44,260 [IPC Server handler 4 on 37775] INFO  net.NetworkTopology (NetworkTopologyImpl.java:add(111)) - Added a new node: /default-rack/83be8999-67ae-4928-8a06-df04737ded82
2019-09-18 22:11:44,261 [IPC Server handler 4 on 37775] INFO  node.SCMNodeManager (SCMNodeManager.java:register(266)) - Registered Data node : 83be8999-67ae-4928-8a06-df04737ded82{ip: 192.168.34.27, host: pr-hdds-2150-pzdq9-4118776691, networkLocation: /default-rack, certSerialId: null}
2019-09-18 22:11:44,359 [IPC Server handler 1 on 37775] INFO  net.NetworkTopology (NetworkTopologyImpl.java:add(111)) - Added a new node: /default-rack/379fa6c2-49a1-4408-8949-ca6be2717677
2019-09-18 22:11:44,359 [IPC Server handler 1 on 37775] INFO  node.SCMNodeManager (SCMNodeManager.java:register(266)) - Registered Data node : 379fa6c2-49a1-4408-8949-ca6be2717677{ip: 192.168.34.27, host: pr-hdds-2150-pzdq9-4118776691, networkLocation: /default-rack, certSerialId: null}
2019-09-18 22:11:44,459 [IPC Server handler 2 on 37775] INFO  net.NetworkTopology (NetworkTopologyImpl.java:add(111)) - Added a new node: /default-rack/d117bc90-4994-4aca-be01-c9176126e9cd
2019-09-18 22:11:44,459 [IPC Server handler 2 on 37775] INFO  node.SCMNodeManager (SCMNodeManager.java:register(266)) - Registered Data node : d117bc90-4994-4aca-be01-c9176126e9cd{ip: 192.168.34.27, host: pr-hdds-2150-pzdq9-4118776691, networkLocation: /default-rack, certSerialId: null}
2019-09-18 22:11:44,535 [IPC Server handler 7 on 37775] INFO  net.NetworkTopology (NetworkTopologyImpl.java:add(111)) - Added a new node: /default-rack/5419bd03-146b-4e1a-9251-4ae6710db1e4
2019-09-18 22:11:44,535 [IPC Server handler 7 on 37775] INFO  node.SCMNodeManager (SCMNodeManager.java:register(266)) - Registered Data node : 5419bd03-146b-4e1a-9251-4ae6710db1e4{ip: 192.168.34.27, host: pr-hdds-2150-pzdq9-4118776691, networkLocation: /default-rack, certSerialId: null}
2019-09-18 22:11:44,623 [IPC Server handler 6 on 37775] INFO  net.NetworkTopology (NetworkTopologyImpl.java:add(111)) - Added a new node: /default-rack/73306d30-93c7-4acf-8650-89e6f82bf9ae
2019-09-18 22:11:44,624 [IPC Server handler 6 on 37775] INFO  node.SCMNodeManager (SCMNodeManager.java:register(266)) - Registered Data node : 73306d30-93c7-4acf-8650-89e6f82bf9ae{ip: 192.168.34.27, host: pr-hdds-2150-pzdq9-4118776691, networkLocation: /default-rack, certSerialId: null}
2019-09-18 22:11:44,696 [IPC Server handler 5 on 37775] INFO  net.NetworkTopology (NetworkTopologyImpl.java:add(111)) - Added a new node: /default-rack/66f56808-2197-40bb-9c50-2cf417eef624
2019-09-18 22:11:44,697 [IPC Server handler 5 on 37775] INFO  node.SCMNodeManager (SCMNodeManager.java:register(266)) - Registered Data node : 66f56808-2197-40bb-9c50-2cf417eef624{ip: 192.168.34.27, host: pr-hdds-2150-pzdq9-4118776691, networkLocation: /default-rack, certSerialId: null}
2019-09-18 22:11:44,713 [grpc-default-executor-0] INFO  impl.RaftServerProxy (RaftServerProxy.java:addNew(89)) - 80fe7f66-a042-4fd5-86eb-7138643784f2: addNew group-7E24A763ADC6:[80fe7f66-a042-4fd5-86eb-7138643784f2:192.168.34.27:35927] returns group-7E24A763ADC6:java.util.concurrent.CompletableFuture@7c8777ef[Not completed]
2019-09-18 22:11:44,744 [pool-27-thread-1] INFO  impl.RaftServerImpl (RaftServerImpl.java:<init>(95)) - 80fe7f66-a042-4fd5-86eb-7138643784f2: new RaftServerImpl for group-7E24A763ADC6:[80fe7f66-a042-4fd5-86eb-7138643784f2:192.168.34.27:35927] with ContainerStateMachine:uninitialized
2019-09-18 22:11:44,746 [pool-27-thread-1] INFO  server.RaftServerConfigKeys (ConfUtils.java:logGet(43)) - raft.server.rpc.timeout.min = 5s (custom)
2019-09-18 22:11:44,748 [pool-27-thread-1] INFO  server.RaftServerConfigKeys (ConfUtils.java:logGet(43)) - raft.server.rpc.timeout.max = 5200ms (custom)
2019-09-18 22:11:44,749 [pool-27-thread-1] INFO  server.RaftServerConfigKeys (ConfUtils.java:logGet(43)) - raft.server.rpcslowness.timeout = 120s (custom)
2019-09-18 22:11:44,750 [pool-27-thread-1] INFO  server.RaftServerConfigKeys (ConfUtils.java:logGet(43)) - raft.server.sleep.deviation.threshold = 300 (default)
2019-09-18 22:11:44,750 [pool-27-thread-1] INFO  server.RaftServerConfigKeys (ConfUtils.java:logGet(43)) - raft.server.log.appender.install.snapshot.enabled = false (custom)
2019-09-18 22:11:44,759 [pool-27-thread-1] INFO  impl.RaftServerImpl (ServerState.java:<init>(103)) - 80fe7f66-a042-4fd5-86eb-7138643784f2@group-7E24A763ADC6: ConfigurationManager, init=-1: [80fe7f66-a042-4fd5-86eb-7138643784f2:192.168.34.27:35927], old=null, confs=<EMPTY_MAP>
2019-09-18 22:11:44,759 [pool-27-thread-1] INFO  server.RaftServerConfigKeys (ConfUtils.java:logGet(43)) - raft.server.storage.dir = [/workdir/hadoop-ozone/integration-test/target/test-dir/MiniOzoneClusterImpl-098cb20a-5709-466d-aded-8aed09afee3e/datanode-0/data/ratis] (custom)
2019-09-18 22:11:44,766 [pool-27-thread-1] INFO  storage.RaftStorageDirectory (RaftStorageDirectory.java:analyzeStorage(246)) - The storage directory /workdir/hadoop-ozone/integration-test/target/test-dir/MiniOzoneClusterImpl-098cb20a-5709-466d-aded-8aed09afee3e/datanode-0/data/ratis/ac82d72d-9bc8-4cb6-a6d2-7e24a763adc6 does not exist. Creating ...
2019-09-18 22:11:44,792 [IPC Server handler 8 on 37775] INFO  net.NetworkTopology (NetworkTopologyImpl.java:add(111)) - Added a new node: /default-rack/d9a450aa-fdeb-43cf-8175-7eb901493c18
2019-09-18 22:11:44,793 [IPC Server handler 8 on 37775] INFO  node.SCMNodeManager (SCMNodeManager.java:register(266)) - Registered Data node : d9a450aa-fdeb-43cf-8175-7eb901493c18{ip: 192.168.34.27, host: pr-hdds-2150-pzdq9-4118776691, networkLocation: /default-rack, certSerialId: null}
2019-09-18 22:11:44,795 [pool-27-thread-1] INFO  storage.RaftStorageDirectory (RaftStorageDirectory.java:tryLock(328)) - Lock on /workdir/hadoop-ozone/integration-test/target/test-dir/MiniOzoneClusterImpl-098cb20a-5709-466d-aded-8aed09afee3e/datanode-0/data/ratis/ac82d72d-9bc8-4cb6-a6d2-7e24a763adc6/in_use.lock acquired by nodename 9434@pr-hdds-2150-pzdq9-4118776691
2019-09-18 22:11:44,811 [pool-27-thread-1] INFO  storage.RaftStorage (RaftStorage.java:format(72)) - Storage directory /workdir/hadoop-ozone/integration-test/target/test-dir/MiniOzoneClusterImpl-098cb20a-5709-466d-aded-8aed09afee3e/datanode-0/data/ratis/ac82d72d-9bc8-4cb6-a6d2-7e24a763adc6 has been successfully formatted.
2019-09-18 22:11:44,814 [pool-27-thread-1] INFO  ratis.ContainerStateMachine (ContainerStateMachine.java:loadSnapshot(230)) - group-7E24A763ADC6: The snapshot info is null. Setting the last applied indexto:(t:0, i:~)
2019-09-18 22:11:44,814 [pool-27-thread-1] INFO  server.RaftServerConfigKeys (ConfUtils.java:logGet(43)) - raft.server.notification.no-leader.timeout = 120s (custom)
2019-09-18 22:11:44,816 [pool-27-thread-1] INFO  server.RaftServerConfigKeys (ConfUtils.java:logGet(43)) - raft.server.log.use.memory = false (default)
2019-09-18 22:11:44,822 [pool-27-thread-1] INFO  server.RaftServerConfigKeys (ConfUtils.java:logGet(43)) - raft.server.log.purge.gap = 1000000 (custom)
2019-09-18 22:11:44,822 [pool-27-thread-1] INFO  server.RaftServerConfigKeys (ConfUtils.java:logGet(43)) - raft.server.log.appender.buffer.byte-limit = 33554432 (custom)
2019-09-18 22:11:44,824 [pool-27-thread-1] INFO  server.RaftServerConfigKeys (ConfUtils.java:logGet(43)) - raft.server.log.segment.size.max = 1048576 (custom)
2019-09-18 22:11:44,829 [pool-27-thread-1] INFO  server.RaftServerConfigKeys (ConfUtils.java:logGet(43)) - raft.server.log.segment.cache.num.max = 2 (custom)
2019-09-18 22:11:44,835 [pool-27-thread-1] INFO  segmented.SegmentedRaftLogWorker (SegmentedRaftLogWorker.java:<init>(172)) - new 80fe7f66-a042-4fd5-86eb-7138643784f2@group-7E24A763ADC6-SegmentedRaftLogWorker for RaftStorage:Storage Directory /workdir/hadoop-ozone/integration-test/target/test-dir/MiniOzoneClusterImpl-098cb20a-5709-466d-aded-8aed09afee3e/datanode-0/data/ratis/ac82d72d-9bc8-4cb6-a6d2-7e24a763adc6
2019-09-18 22:11:44,836 [pool-27-thread-1] INFO  impl.MetricsSystemImpl (MetricsSystemImpl.java:init(158)) - ratis metrics system started (again)
2019-09-18 22:11:44,880 [main] INFO  ozone.MiniOzoneClusterImpl (MiniOzoneClusterImpl.java:lambda$waitForClusterToBeReady$0(145)) - Waiting for cluster to be ready. Got 9 of 10 DN Heartbeats.
2019-09-18 22:11:44,881 [IPC Server handler 9 on 37775] INFO  net.NetworkTopology (NetworkTopologyImpl.java:add(111)) - Added a new node: /default-rack/58e80564-5bec-4090-a95b-543e75482138
2019-09-18 22:11:44,881 [IPC Server handler 9 on 37775] INFO  node.SCMNodeManager (SCMNodeManager.java:register(266)) - Registered Data node : 58e80564-5bec-4090-a95b-543e75482138{ip: 192.168.34.27, host: pr-hdds-2150-pzdq9-4118776691, networkLocation: /default-rack, certSerialId: null}
2019-09-18 22:11:44,894 [pool-27-thread-1] INFO  server.RaftServerConfigKeys (ConfUtils.java:logGet(43)) - raft.server.log.queue.byte-limit = 2147483647 (custom)
2019-09-18 22:11:44,895 [pool-27-thread-1] INFO  server.RaftServerConfigKeys (ConfUtils.java:logGet(43)) - raft.server.log.queue.element-limit = 1024 (custom)
2019-09-18 22:11:44,898 [pool-27-thread-1] INFO  server.RaftServerConfigKeys (ConfUtils.java:logGet(43)) - raft.server.log.segment.size.max = 1048576 (custom)
2019-09-18 22:11:44,899 [pool-27-thread-1] INFO  server.RaftServerConfigKeys (ConfUtils.java:logGet(43)) - raft.server.log.preallocated.size = 16384 (custom)
2019-09-18 22:11:44,899 [pool-27-thread-1] INFO  server.RaftServerConfigKeys (ConfUtils.java:logGet(43)) - raft.server.log.write.buffer.size = 33554432 (custom)
2019-09-18 22:11:44,900 [pool-27-thread-1] INFO  server.RaftServerConfigKeys (ConfUtils.java:logGet(43)) - raft.server.log.force.sync.num = 128 (default)
2019-09-18 22:11:44,900 [pool-27-thread-1] INFO  server.RaftServerConfigKeys (ConfUtils.java:logGet(43)) - raft.server.log.statemachine.data.sync = true (default)
2019-09-18 22:11:44,901 [pool-27-thread-1] INFO  server.RaftServerConfigKeys (ConfUtils.java:logGet(43)) - raft.server.log.statemachine.data.sync.timeout = 10s (default)
2019-09-18 22:11:44,901 [pool-27-thread-1] INFO  server.RaftServerConfigKeys (ConfUtils.java:logGet(43)) - raft.server.log.statemachine.data.sync.timeout.retry = -1 (default)
2019-09-18 22:11:44,910 [pool-27-thread-1] INFO  server.RaftServerConfigKeys (ConfUtils.java:logGet(43)) - raft.server.log.statemachine.data.caching.enabled = true (custom)
2019-09-18 22:11:44,916 [pool-27-thread-1] INFO  segmented.SegmentedRaftLogWorker (SegmentedRaftLogWorker.java:lambda$new$0(132)) - 80fe7f66-a042-4fd5-86eb-7138643784f2@group-7E24A763ADC6-SegmentedRaftLogWorker: flushIndex: setUnconditionally 0 -> -1
2019-09-18 22:11:44,922 [pool-27-thread-1] INFO  server.RaftServerConfigKeys (ConfUtils.java:logGet(43)) - raft.server.snapshot.auto.trigger.enabled = true (custom)
2019-09-18 22:11:44,923 [pool-27-thread-1] INFO  server.RaftServerConfigKeys (ConfUtils.java:logGet(43)) - raft.server.snapshot.auto.trigger.threshold = 10000 (custom)
2019-09-18 22:11:44,924 [pool-27-thread-1] INFO  server.RaftServerConfigKeys (ConfUtils.java:logGet(43)) - raft.server.snapshot.retention.num.files = 5 (custom)
2019-09-18 22:11:44,924 [pool-27-thread-1] INFO  server.RaftServerConfigKeys (ConfUtils.java:logGet(43)) - raft.server.retrycache.expirytime = 600000ms (custom)
2019-09-18 22:11:44,951 [pool-27-thread-1] INFO  impl.RaftServerImpl (RaftServerImpl.java:start(185)) - 80fe7f66-a042-4fd5-86eb-7138643784f2@group-7E24A763ADC6: start as a follower, conf=-1: [80fe7f66-a042-4fd5-86eb-7138643784f2:192.168.34.27:35927], old=null
2019-09-18 22:11:44,953 [pool-27-thread-1] INFO  impl.RaftServerImpl (RaftServerImpl.java:setRole(174)) - 80fe7f66-a042-4fd5-86eb-7138643784f2@group-7E24A763ADC6: changes role from      null to FOLLOWER at term 0 for startAsFollower
2019-09-18 22:11:44,955 [pool-27-thread-1] INFO  impl.RoleInfo (RoleInfo.java:updateAndGet(143)) - 80fe7f66-a042-4fd5-86eb-7138643784f2: start FollowerState
2019-09-18 22:11:44,958 [pool-27-thread-1] INFO  util.JmxRegister (JmxRegister.java:tryRegister(44)) - Successfully registered JMX Bean with object name Ratis:service=RaftServer,group=group-7E24A763ADC6,id=80fe7f66-a042-4fd5-86eb-7138643784f2
2019-09-18 22:11:45,045 [RatisPipelineUtilsThread] INFO  pipeline.PipelineStateManager (PipelineStateManager.java:addPipeline(56)) - Created pipeline Pipeline[ Id: ac82d72d-9bc8-4cb6-a6d2-7e24a763adc6, Nodes: 80fe7f66-a042-4fd5-86eb-7138643784f2{ip: 192.168.34.27, host: pr-hdds-2150-pzdq9-4118776691, networkLocation: /default-rack, certSerialId: null}, Type:RATIS, Factor:ONE, State:OPEN]
2019-09-18 22:11:45,079 [grpc-default-executor-0] INFO  impl.RaftServerProxy (RaftServerProxy.java:addNew(89)) - 379fa6c2-49a1-4408-8949-ca6be2717677: addNew group-AEA00BE8CB6A:[379fa6c2-49a1-4408-8949-ca6be2717677:192.168.34.27:42824] returns group-AEA00BE8CB6A:java.util.concurrent.CompletableFuture@47617ab3[Not completed]
2019-09-18 22:11:45,163 [pool-57-thread-1] INFO  impl.RaftServerImpl (RaftServerImpl.java:<init>(95)) - 379fa6c2-49a1-4408-8949-ca6be2717677: new RaftServerImpl for group-AEA00BE8CB6A:[379fa6c2-49a1-4408-8949-ca6be2717677:192.168.34.27:42824] with ContainerStateMachine:uninitialized
2019-09-18 22:11:45,165 [pool-57-thread-1] INFO  server.RaftServerConfigKeys (ConfUtils.java:logGet(43)) - raft.server.rpc.timeout.min = 5s (custom)
2019-09-18 22:11:45,165 [pool-57-thread-1] INFO  server.RaftServerConfigKeys (ConfUtils.java:logGet(43)) - raft.server.rpc.timeout.max = 5200ms (custom)
2019-09-18 22:11:45,165 [pool-57-thread-1] INFO  server.RaftServerConfigKeys (ConfUtils.java:logGet(43)) - raft.server.rpcslowness.timeout = 120s (custom)
2019-09-18 22:11:45,165 [pool-57-thread-1] INFO  server.RaftServerConfigKeys (ConfUtils.java:logGet(43)) - raft.server.sleep.deviation.threshold = 300 (default)
2019-09-18 22:11:45,166 [pool-57-thread-1] INFO  server.RaftServerConfigKeys (ConfUtils.java:logGet(43)) - raft.server.log.appender.install.snapshot.enabled = false (custom)
2019-09-18 22:11:45,166 [pool-57-thread-1] INFO  impl.RaftServerImpl (ServerState.java:<init>(103)) - 379fa6c2-49a1-4408-8949-ca6be2717677@group-AEA00BE8CB6A: ConfigurationManager, init=-1: [379fa6c2-49a1-4408-8949-ca6be2717677:192.168.34.27:42824], old=null, confs=<EMPTY_MAP>
2019-09-18 22:11:45,166 [pool-57-thread-1] INFO  server.RaftServerConfigKeys (ConfUtils.java:logGet(43)) - raft.server.storage.dir = [/workdir/hadoop-ozone/integration-test/target/test-dir/MiniOzoneClusterImpl-098cb20a-5709-466d-aded-8aed09afee3e/datanode-3/data/ratis] (custom)
2019-09-18 22:11:45,166 [pool-57-thread-1] INFO  storage.RaftStorageDirectory (RaftStorageDirectory.java:analyzeStorage(246)) - The storage directory /workdir/hadoop-ozone/integration-test/target/test-dir/MiniOzoneClusterImpl-098cb20a-5709-466d-aded-8aed09afee3e/datanode-3/data/ratis/92296fe1-8652-4903-ac43-aea00be8cb6a does not exist. Creating ...
2019-09-18 22:11:45,189 [pool-57-thread-1] INFO  storage.RaftStorageDirectory (RaftStorageDirectory.java:tryLock(328)) - Lock on /workdir/hadoop-ozone/integration-test/target/test-dir/MiniOzoneClusterImpl-098cb20a-5709-466d-aded-8aed09afee3e/datanode-3/data/ratis/92296fe1-8652-4903-ac43-aea00be8cb6a/in_use.lock acquired by nodename 9434@pr-hdds-2150-pzdq9-4118776691
2019-09-18 22:11:45,202 [pool-57-thread-1] INFO  storage.RaftStorage (RaftStorage.java:format(72)) - Storage directory /workdir/hadoop-ozone/integration-test/target/test-dir/MiniOzoneClusterImpl-098cb20a-5709-466d-aded-8aed09afee3e/datanode-3/data/ratis/92296fe1-8652-4903-ac43-aea00be8cb6a has been successfully formatted.
2019-09-18 22:11:45,204 [pool-57-thread-1] INFO  ratis.ContainerStateMachine (ContainerStateMachine.java:loadSnapshot(230)) - group-AEA00BE8CB6A: The snapshot info is null. Setting the last applied indexto:(t:0, i:~)
2019-09-18 22:11:45,206 [pool-57-thread-1] INFO  server.RaftServerConfigKeys (ConfUtils.java:logGet(43)) - raft.server.notification.no-leader.timeout = 120s (custom)
2019-09-18 22:11:45,206 [pool-57-thread-1] INFO  server.RaftServerConfigKeys (ConfUtils.java:logGet(43)) - raft.server.log.use.memory = false (default)
2019-09-18 22:11:45,206 [pool-57-thread-1] INFO  server.RaftServerConfigKeys (ConfUtils.java:logGet(43)) - raft.server.log.purge.gap = 1000000 (custom)
2019-09-18 22:11:45,207 [pool-57-thread-1] INFO  server.RaftServerConfigKeys (ConfUtils.java:logGet(43)) - raft.server.log.appender.buffer.byte-limit = 33554432 (custom)
2019-09-18 22:11:45,207 [pool-57-thread-1] INFO  server.RaftServerConfigKeys (ConfUtils.java:logGet(43)) - raft.server.log.segment.size.max = 1048576 (custom)
2019-09-18 22:11:45,207 [pool-57-thread-1] INFO  server.RaftServerConfigKeys (ConfUtils.java:logGet(43)) - raft.server.log.segment.cache.num.max = 2 (custom)
2019-09-18 22:11:45,207 [pool-57-thread-1] INFO  segmented.SegmentedRaftLogWorker (SegmentedRaftLogWorker.java:<init>(172)) - new 379fa6c2-49a1-4408-8949-ca6be2717677@group-AEA00BE8CB6A-SegmentedRaftLogWorker for RaftStorage:Storage Directory /workdir/hadoop-ozone/integration-test/target/test-dir/MiniOzoneClusterImpl-098cb20a-5709-466d-aded-8aed09afee3e/datanode-3/data/ratis/92296fe1-8652-4903-ac43-aea00be8cb6a
2019-09-18 22:11:45,214 [pool-57-thread-1] INFO  server.RaftServerConfigKeys (ConfUtils.java:logGet(43)) - raft.server.log.queue.byte-limit = 2147483647 (custom)
2019-09-18 22:11:45,214 [pool-57-thread-1] INFO  server.RaftServerConfigKeys (ConfUtils.java:logGet(43)) - raft.server.log.queue.element-limit = 1024 (custom)
2019-09-18 22:11:45,215 [pool-57-thread-1] INFO  server.RaftServerConfigKeys (ConfUtils.java:logGet(43)) - raft.server.log.segment.size.max = 1048576 (custom)
2019-09-18 22:11:45,215 [pool-57-thread-1] INFO  server.RaftServerConfigKeys (ConfUtils.java:logGet(43)) - raft.server.log.preallocated.size = 16384 (custom)
2019-09-18 22:11:45,215 [pool-57-thread-1] INFO  server.RaftServerConfigKeys (ConfUtils.java:logGet(43)) - raft.server.log.write.buffer.size = 33554432 (custom)
2019-09-18 22:11:45,215 [pool-57-thread-1] INFO  server.RaftServerConfigKeys (ConfUtils.java:logGet(43)) - raft.server.log.force.sync.num = 128 (default)
2019-09-18 22:11:45,215 [pool-57-thread-1] INFO  server.RaftServerConfigKeys (ConfUtils.java:logGet(43)) - raft.server.log.statemachine.data.sync = true (default)
2019-09-18 22:11:45,215 [pool-57-thread-1] INFO  server.RaftServerConfigKeys (ConfUtils.java:logGet(43)) - raft.server.log.statemachine.data.sync.timeout = 10s (default)
2019-09-18 22:11:45,216 [pool-57-thread-1] INFO  server.RaftServerConfigKeys (ConfUtils.java:logGet(43)) - raft.server.log.statemachine.data.sync.timeout.retry = -1 (default)
2019-09-18 22:11:45,216 [pool-57-thread-1] INFO  server.RaftServerConfigKeys (ConfUtils.java:logGet(43)) - raft.server.log.statemachine.data.caching.enabled = true (custom)
2019-09-18 22:11:45,216 [pool-57-thread-1] INFO  segmented.SegmentedRaftLogWorker (SegmentedRaftLogWorker.java:lambda$new$0(132)) - 379fa6c2-49a1-4408-8949-ca6be2717677@group-AEA00BE8CB6A-SegmentedRaftLogWorker: flushIndex: setUnconditionally 0 -> -1
2019-09-18 22:11:45,217 [pool-57-thread-1] INFO  server.RaftServerConfigKeys (ConfUtils.java:logGet(43)) - raft.server.snapshot.auto.trigger.enabled = true (custom)
2019-09-18 22:11:45,217 [pool-57-thread-1] INFO  server.RaftServerConfigKeys (ConfUtils.java:logGet(43)) - raft.server.snapshot.auto.trigger.threshold = 10000 (custom)
2019-09-18 22:11:45,217 [pool-57-thread-1] INFO  server.RaftServerConfigKeys (ConfUtils.java:logGet(43)) - raft.server.snapshot.retention.num.files = 5 (custom)
2019-09-18 22:11:45,217 [pool-57-thread-1] INFO  server.RaftServerConfigKeys (ConfUtils.java:logGet(43)) - raft.server.retrycache.expirytime = 600000ms (custom)
2019-09-18 22:11:45,222 [pool-57-thread-1] INFO  impl.RaftServerImpl (RaftServerImpl.java:start(185)) - 379fa6c2-49a1-4408-8949-ca6be2717677@group-AEA00BE8CB6A: start as a follower, conf=-1: [379fa6c2-49a1-4408-8949-ca6be2717677:192.168.34.27:42824], old=null
2019-09-18 22:11:45,222 [pool-57-thread-1] INFO  impl.RaftServerImpl (RaftServerImpl.java:setRole(174)) - 379fa6c2-49a1-4408-8949-ca6be2717677@group-AEA00BE8CB6A: changes role from      null to FOLLOWER at term 0 for startAsFollower
2019-09-18 22:11:45,222 [pool-57-thread-1] INFO  impl.RoleInfo (RoleInfo.java:updateAndGet(143)) - 379fa6c2-49a1-4408-8949-ca6be2717677: start FollowerState
2019-09-18 22:11:45,224 [pool-57-thread-1] INFO  util.JmxRegister (JmxRegister.java:tryRegister(44)) - Successfully registered JMX Bean with object name Ratis:service=RaftServer,group=group-AEA00BE8CB6A,id=379fa6c2-49a1-4408-8949-ca6be2717677
2019-09-18 22:11:45,244 [RatisPipelineUtilsThread] INFO  pipeline.PipelineStateManager (PipelineStateManager.java:addPipeline(56)) - Created pipeline Pipeline[ Id: 92296fe1-8652-4903-ac43-aea00be8cb6a, Nodes: 379fa6c2-49a1-4408-8949-ca6be2717677{ip: 192.168.34.27, host: pr-hdds-2150-pzdq9-4118776691, networkLocation: /default-rack, certSerialId: null}, Type:RATIS, Factor:ONE, State:OPEN]
2019-09-18 22:11:45,269 [grpc-default-executor-0] INFO  impl.RaftServerProxy (RaftServerProxy.java:addNew(89)) - d117bc90-4994-4aca-be01-c9176126e9cd: addNew group-A02BD343AC61:[d117bc90-4994-4aca-be01-c9176126e9cd:192.168.34.27:41865] returns group-A02BD343AC61:java.util.concurrent.CompletableFuture@1c8a4da6[Not completed]
2019-09-18 22:11:45,304 [pool-67-thread-1] INFO  impl.RaftServerImpl (RaftServerImpl.java:<init>(95)) - d117bc90-4994-4aca-be01-c9176126e9cd: new RaftServerImpl for group-A02BD343AC61:[d117bc90-4994-4aca-be01-c9176126e9cd:192.168.34.27:41865] with ContainerStateMachine:uninitialized
2019-09-18 22:11:45,304 [pool-67-thread-1] INFO  server.RaftServerConfigKeys (ConfUtils.java:logGet(43)) - raft.server.rpc.timeout.min = 5s (custom)
2019-09-18 22:11:45,304 [pool-67-thread-1] INFO  server.RaftServerConfigKeys (ConfUtils.java:logGet(43)) - raft.server.rpc.timeout.max = 5200ms (custom)
2019-09-18 22:11:45,304 [pool-67-thread-1] INFO  server.RaftServerConfigKeys (ConfUtils.java:logGet(43)) - raft.server.rpcslowness.timeout = 120s (custom)
2019-09-18 22:11:45,304 [pool-67-thread-1] INFO  server.RaftServerConfigKeys (ConfUtils.java:logGet(43)) - raft.server.sleep.deviation.threshold = 300 (default)
2019-09-18 22:11:45,305 [pool-67-thread-1] INFO  server.RaftServerConfigKeys (ConfUtils.java:logGet(43)) - raft.server.log.appender.install.snapshot.enabled = false (custom)
2019-09-18 22:11:45,305 [pool-67-thread-1] INFO  impl.RaftServerImpl (ServerState.java:<init>(103)) - d117bc90-4994-4aca-be01-c9176126e9cd@group-A02BD343AC61: ConfigurationManager, init=-1: [d117bc90-4994-4aca-be01-c9176126e9cd:192.168.34.27:41865], old=null, confs=<EMPTY_MAP>
2019-09-18 22:11:45,305 [pool-67-thread-1] INFO  server.RaftServerConfigKeys (ConfUtils.java:logGet(43)) - raft.server.storage.dir = [/workdir/hadoop-ozone/integration-test/target/test-dir/MiniOzoneClusterImpl-098cb20a-5709-466d-aded-8aed09afee3e/datanode-4/data/ratis] (custom)
2019-09-18 22:11:45,306 [pool-67-thread-1] INFO  storage.RaftStorageDirectory (RaftStorageDirectory.java:analyzeStorage(246)) - The storage directory /workdir/hadoop-ozone/integration-test/target/test-dir/MiniOzoneClusterImpl-098cb20a-5709-466d-aded-8aed09afee3e/datanode-4/data/ratis/effb4aae-e57d-4ba6-b389-a02bd343ac61 does not exist. Creating ...
2019-09-18 22:11:45,343 [pool-67-thread-1] INFO  storage.RaftStorageDirectory (RaftStorageDirectory.java:tryLock(328)) - Lock on /workdir/hadoop-ozone/integration-test/target/test-dir/MiniOzoneClusterImpl-098cb20a-5709-466d-aded-8aed09afee3e/datanode-4/data/ratis/effb4aae-e57d-4ba6-b389-a02bd343ac61/in_use.lock acquired by nodename 9434@pr-hdds-2150-pzdq9-4118776691
2019-09-18 22:11:45,358 [pool-67-thread-1] INFO  storage.RaftStorage (RaftStorage.java:format(72)) - Storage directory /workdir/hadoop-ozone/integration-test/target/test-dir/MiniOzoneClusterImpl-098cb20a-5709-466d-aded-8aed09afee3e/datanode-4/data/ratis/effb4aae-e57d-4ba6-b389-a02bd343ac61 has been successfully formatted.
2019-09-18 22:11:45,358 [pool-67-thread-1] INFO  ratis.ContainerStateMachine (ContainerStateMachine.java:loadSnapshot(230)) - group-A02BD343AC61: The snapshot info is null. Setting the last applied indexto:(t:0, i:~)
2019-09-18 22:11:45,358 [pool-67-thread-1] INFO  server.RaftServerConfigKeys (ConfUtils.java:logGet(43)) - raft.server.notification.no-leader.timeout = 120s (custom)
2019-09-18 22:11:45,359 [pool-67-thread-1] INFO  server.RaftServerConfigKeys (ConfUtils.java:logGet(43)) - raft.server.log.use.memory = false (default)
2019-09-18 22:11:45,359 [pool-67-thread-1] INFO  server.RaftServerConfigKeys (ConfUtils.java:logGet(43)) - raft.server.log.purge.gap = 1000000 (custom)
2019-09-18 22:11:45,359 [pool-67-thread-1] INFO  server.RaftServerConfigKeys (ConfUtils.java:logGet(43)) - raft.server.log.appender.buffer.byte-limit = 33554432 (custom)
2019-09-18 22:11:45,359 [pool-67-thread-1] INFO  server.RaftServerConfigKeys (ConfUtils.java:logGet(43)) - raft.server.log.segment.size.max = 1048576 (custom)
2019-09-18 22:11:45,359 [pool-67-thread-1] INFO  server.RaftServerConfigKeys (ConfUtils.java:logGet(43)) - raft.server.log.segment.cache.num.max = 2 (custom)
2019-09-18 22:11:45,363 [pool-67-thread-1] INFO  segmented.SegmentedRaftLogWorker (SegmentedRaftLogWorker.java:<init>(172)) - new d117bc90-4994-4aca-be01-c9176126e9cd@group-A02BD343AC61-SegmentedRaftLogWorker for RaftStorage:Storage Directory /workdir/hadoop-ozone/integration-test/target/test-dir/MiniOzoneClusterImpl-098cb20a-5709-466d-aded-8aed09afee3e/datanode-4/data/ratis/effb4aae-e57d-4ba6-b389-a02bd343ac61
2019-09-18 22:11:45,420 [pool-67-thread-1] INFO  server.RaftServerConfigKeys (ConfUtils.java:logGet(43)) - raft.server.log.queue.byte-limit = 2147483647 (custom)
2019-09-18 22:11:45,420 [pool-67-thread-1] INFO  server.RaftServerConfigKeys (ConfUtils.java:logGet(43)) - raft.server.log.queue.element-limit = 1024 (custom)
2019-09-18 22:11:45,421 [pool-67-thread-1] INFO  server.RaftServerConfigKeys (ConfUtils.java:logGet(43)) - raft.server.log.segment.size.max = 1048576 (custom)
2019-09-18 22:11:45,421 [pool-67-thread-1] INFO  server.RaftServerConfigKeys (ConfUtils.java:logGet(43)) - raft.server.log.preallocated.size = 16384 (custom)
2019-09-18 22:11:45,421 [pool-67-thread-1] INFO  server.RaftServerConfigKeys (ConfUtils.java:logGet(43)) - raft.server.log.write.buffer.size = 33554432 (custom)
2019-09-18 22:11:45,421 [pool-67-thread-1] INFO  server.RaftServerConfigKeys (ConfUtils.java:logGet(43)) - raft.server.log.force.sync.num = 128 (default)
2019-09-18 22:11:45,421 [pool-67-thread-1] INFO  server.RaftServerConfigKeys (ConfUtils.java:logGet(43)) - raft.server.log.statemachine.data.sync = true (default)
2019-09-18 22:11:45,421 [pool-67-thread-1] INFO  server.RaftServerConfigKeys (ConfUtils.java:logGet(43)) - raft.server.log.statemachine.data.sync.timeout = 10s (default)
2019-09-18 22:11:45,421 [pool-67-thread-1] INFO  server.RaftServerConfigKeys (ConfUtils.java:logGet(43)) - raft.server.log.statemachine.data.sync.timeout.retry = -1 (default)
2019-09-18 22:11:45,422 [pool-67-thread-1] INFO  server.RaftServerConfigKeys (ConfUtils.java:logGet(43)) - raft.server.log.statemachine.data.caching.enabled = true (custom)
2019-09-18 22:11:45,422 [pool-67-thread-1] INFO  segmented.SegmentedRaftLogWorker (SegmentedRaftLogWorker.java:lambda$new$0(132)) - d117bc90-4994-4aca-be01-c9176126e9cd@group-A02BD343AC61-SegmentedRaftLogWorker: flushIndex: setUnconditionally 0 -> -1
2019-09-18 22:11:45,423 [pool-67-thread-1] INFO  server.RaftServerConfigKeys (ConfUtils.java:logGet(43)) - raft.server.snapshot.auto.trigger.enabled = true (custom)
2019-09-18 22:11:45,423 [pool-67-thread-1] INFO  server.RaftServerConfigKeys (ConfUtils.java:logGet(43)) - raft.server.snapshot.auto.trigger.threshold = 10000 (custom)
2019-09-18 22:11:45,423 [pool-67-thread-1] INFO  server.RaftServerConfigKeys (ConfUtils.java:logGet(43)) - raft.server.snapshot.retention.num.files = 5 (custom)
2019-09-18 22:11:45,423 [pool-67-thread-1] INFO  server.RaftServerConfigKeys (ConfUtils.java:logGet(43)) - raft.server.retrycache.expirytime = 600000ms (custom)
2019-09-18 22:11:45,427 [pool-67-thread-1] INFO  impl.RaftServerImpl (RaftServerImpl.java:start(185)) - d117bc90-4994-4aca-be01-c9176126e9cd@group-A02BD343AC61: start as a follower, conf=-1: [d117bc90-4994-4aca-be01-c9176126e9cd:192.168.34.27:41865], old=null
2019-09-18 22:11:45,427 [pool-67-thread-1] INFO  impl.RaftServerImpl (RaftServerImpl.java:setRole(174)) - d117bc90-4994-4aca-be01-c9176126e9cd@group-A02BD343AC61: changes role from      null to FOLLOWER at term 0 for startAsFollower
2019-09-18 22:11:45,428 [pool-67-thread-1] INFO  impl.RoleInfo (RoleInfo.java:updateAndGet(143)) - d117bc90-4994-4aca-be01-c9176126e9cd: start FollowerState
2019-09-18 22:11:45,428 [pool-67-thread-1] INFO  util.JmxRegister (JmxRegister.java:tryRegister(44)) - Successfully registered JMX Bean with object name Ratis:service=RaftServer,group=group-A02BD343AC61,id=d117bc90-4994-4aca-be01-c9176126e9cd
2019-09-18 22:11:45,443 [RatisPipelineUtilsThread] INFO  pipeline.PipelineStateManager (PipelineStateManager.java:addPipeline(56)) - Created pipeline Pipeline[ Id: effb4aae-e57d-4ba6-b389-a02bd343ac61, Nodes: d117bc90-4994-4aca-be01-c9176126e9cd{ip: 192.168.34.27, host: pr-hdds-2150-pzdq9-4118776691, networkLocation: /default-rack, certSerialId: null}, Type:RATIS, Factor:ONE, State:OPEN]
2019-09-18 22:11:45,466 [grpc-default-executor-0] INFO  impl.RaftServerProxy (RaftServerProxy.java:addNew(89)) - 5419bd03-146b-4e1a-9251-4ae6710db1e4: addNew group-1134B5CFAA53:[5419bd03-146b-4e1a-9251-4ae6710db1e4:192.168.34.27:45183] returns group-1134B5CFAA53:java.util.concurrent.CompletableFuture@5cd7cd07[Not completed]
2019-09-18 22:11:45,471 [pool-77-thread-1] INFO  impl.RaftServerImpl (RaftServerImpl.java:<init>(95)) - 5419bd03-146b-4e1a-9251-4ae6710db1e4: new RaftServerImpl for group-1134B5CFAA53:[5419bd03-146b-4e1a-9251-4ae6710db1e4:192.168.34.27:45183] with ContainerStateMachine:uninitialized
2019-09-18 22:11:45,472 [pool-77-thread-1] INFO  server.RaftServerConfigKeys (ConfUtils.java:logGet(43)) - raft.server.rpc.timeout.min = 5s (custom)
2019-09-18 22:11:45,472 [pool-77-thread-1] INFO  server.RaftServerConfigKeys (ConfUtils.java:logGet(43)) - raft.server.rpc.timeout.max = 5200ms (custom)
2019-09-18 22:11:45,472 [pool-77-thread-1] INFO  server.RaftServerConfigKeys (ConfUtils.java:logGet(43)) - raft.server.rpcslowness.timeout = 120s (custom)
2019-09-18 22:11:45,472 [pool-77-thread-1] INFO  server.RaftServerConfigKeys (ConfUtils.java:logGet(43)) - raft.server.sleep.deviation.threshold = 300 (default)
2019-09-18 22:11:45,472 [pool-77-thread-1] INFO  server.RaftServerConfigKeys (ConfUtils.java:logGet(43)) - raft.server.log.appender.install.snapshot.enabled = false (custom)
2019-09-18 22:11:45,473 [pool-77-thread-1] INFO  impl.RaftServerImpl (ServerState.java:<init>(103)) - 5419bd03-146b-4e1a-9251-4ae6710db1e4@group-1134B5CFAA53: ConfigurationManager, init=-1: [5419bd03-146b-4e1a-9251-4ae6710db1e4:192.168.34.27:45183], old=null, confs=<EMPTY_MAP>
2019-09-18 22:11:45,473 [pool-77-thread-1] INFO  server.RaftServerConfigKeys (ConfUtils.java:logGet(43)) - raft.server.storage.dir = [/workdir/hadoop-ozone/integration-test/target/test-dir/MiniOzoneClusterImpl-098cb20a-5709-466d-aded-8aed09afee3e/datanode-5/data/ratis] (custom)
2019-09-18 22:11:45,473 [pool-77-thread-1] INFO  storage.RaftStorageDirectory (RaftStorageDirectory.java:analyzeStorage(246)) - The storage directory /workdir/hadoop-ozone/integration-test/target/test-dir/MiniOzoneClusterImpl-098cb20a-5709-466d-aded-8aed09afee3e/datanode-5/data/ratis/70de04f0-66e8-416e-b06f-1134b5cfaa53 does not exist. Creating ...
2019-09-18 22:11:45,498 [pool-77-thread-1] INFO  storage.RaftStorageDirectory (RaftStorageDirectory.java:tryLock(328)) - Lock on /workdir/hadoop-ozone/integration-test/target/test-dir/MiniOzoneClusterImpl-098cb20a-5709-466d-aded-8aed09afee3e/datanode-5/data/ratis/70de04f0-66e8-416e-b06f-1134b5cfaa53/in_use.lock acquired by nodename 9434@pr-hdds-2150-pzdq9-4118776691
2019-09-18 22:11:45,511 [pool-77-thread-1] INFO  storage.RaftStorage (RaftStorage.java:format(72)) - Storage directory /workdir/hadoop-ozone/integration-test/target/test-dir/MiniOzoneClusterImpl-098cb20a-5709-466d-aded-8aed09afee3e/datanode-5/data/ratis/70de04f0-66e8-416e-b06f-1134b5cfaa53 has been successfully formatted.
2019-09-18 22:11:45,511 [pool-77-thread-1] INFO  ratis.ContainerStateMachine (ContainerStateMachine.java:loadSnapshot(230)) - group-1134B5CFAA53: The snapshot info is null. Setting the last applied indexto:(t:0, i:~)
2019-09-18 22:11:45,512 [pool-77-thread-1] INFO  server.RaftServerConfigKeys (ConfUtils.java:logGet(43)) - raft.server.notification.no-leader.timeout = 120s (custom)
2019-09-18 22:11:45,512 [pool-77-thread-1] INFO  server.RaftServerConfigKeys (ConfUtils.java:logGet(43)) - raft.server.log.use.memory = false (default)
2019-09-18 22:11:45,512 [pool-77-thread-1] INFO  server.RaftServerConfigKeys (ConfUtils.java:logGet(43)) - raft.server.log.purge.gap = 1000000 (custom)
2019-09-18 22:11:45,512 [pool-77-thread-1] INFO  server.RaftServerConfigKeys (ConfUtils.java:logGet(43)) - raft.server.log.appender.buffer.byte-limit = 33554432 (custom)
2019-09-18 22:11:45,512 [pool-77-thread-1] INFO  server.RaftServerConfigKeys (ConfUtils.java:logGet(43)) - raft.server.log.segment.size.max = 1048576 (custom)
2019-09-18 22:11:45,513 [pool-77-thread-1] INFO  server.RaftServerConfigKeys (ConfUtils.java:logGet(43)) - raft.server.log.segment.cache.num.max = 2 (custom)
2019-09-18 22:11:45,513 [pool-77-thread-1] INFO  segmented.SegmentedRaftLogWorker (SegmentedRaftLogWorker.java:<init>(172)) - new 5419bd03-146b-4e1a-9251-4ae6710db1e4@group-1134B5CFAA53-SegmentedRaftLogWorker for RaftStorage:Storage Directory /workdir/hadoop-ozone/integration-test/target/test-dir/MiniOzoneClusterImpl-098cb20a-5709-466d-aded-8aed09afee3e/datanode-5/data/ratis/70de04f0-66e8-416e-b06f-1134b5cfaa53
2019-09-18 22:11:45,520 [pool-77-thread-1] INFO  server.RaftServerConfigKeys (ConfUtils.java:logGet(43)) - raft.server.log.queue.byte-limit = 2147483647 (custom)
2019-09-18 22:11:45,520 [pool-77-thread-1] INFO  server.RaftServerConfigKeys (ConfUtils.java:logGet(43)) - raft.server.log.queue.element-limit = 1024 (custom)
2019-09-18 22:11:45,521 [pool-77-thread-1] INFO  server.RaftServerConfigKeys (ConfUtils.java:logGet(43)) - raft.server.log.segment.size.max = 1048576 (custom)
2019-09-18 22:11:45,521 [pool-77-thread-1] INFO  server.RaftServerConfigKeys (ConfUtils.java:logGet(43)) - raft.server.log.preallocated.size = 16384 (custom)
2019-09-18 22:11:45,521 [pool-77-thread-1] INFO  server.RaftServerConfigKeys (ConfUtils.java:logGet(43)) - raft.server.log.write.buffer.size = 33554432 (custom)
2019-09-18 22:11:45,521 [pool-77-thread-1] INFO  server.RaftServerConfigKeys (ConfUtils.java:logGet(43)) - raft.server.log.force.sync.num = 128 (default)
2019-09-18 22:11:45,521 [pool-77-thread-1] INFO  server.RaftServerConfigKeys (ConfUtils.java:logGet(43)) - raft.server.log.statemachine.data.sync = true (default)
2019-09-18 22:11:45,522 [pool-77-thread-1] INFO  server.RaftServerConfigKeys (ConfUtils.java:logGet(43)) - raft.server.log.statemachine.data.sync.timeout = 10s (default)
2019-09-18 22:11:45,522 [pool-77-thread-1] INFO  server.RaftServerConfigKeys (ConfUtils.java:logGet(43)) - raft.server.log.statemachine.data.sync.timeout.retry = -1 (default)
2019-09-18 22:11:45,522 [pool-77-thread-1] INFO  server.RaftServerConfigKeys (ConfUtils.java:logGet(43)) - raft.server.log.statemachine.data.caching.enabled = true (custom)
2019-09-18 22:11:45,523 [pool-77-thread-1] INFO  segmented.SegmentedRaftLogWorker (SegmentedRaftLogWorker.java:lambda$new$0(132)) - 5419bd03-146b-4e1a-9251-4ae6710db1e4@group-1134B5CFAA53-SegmentedRaftLogWorker: flushIndex: setUnconditionally 0 -> -1
2019-09-18 22:11:45,523 [pool-77-thread-1] INFO  server.RaftServerConfigKeys (ConfUtils.java:logGet(43)) - raft.server.snapshot.auto.trigger.enabled = true (custom)
2019-09-18 22:11:45,523 [pool-77-thread-1] INFO  server.RaftServerConfigKeys (ConfUtils.java:logGet(43)) - raft.server.snapshot.auto.trigger.threshold = 10000 (custom)
2019-09-18 22:11:45,523 [pool-77-thread-1] INFO  server.RaftServerConfigKeys (ConfUtils.java:logGet(43)) - raft.server.snapshot.retention.num.files = 5 (custom)
2019-09-18 22:11:45,524 [pool-77-thread-1] INFO  server.RaftServerConfigKeys (ConfUtils.java:logGet(43)) - raft.server.retrycache.expirytime = 600000ms (custom)
2019-09-18 22:11:45,529 [pool-77-thread-1] INFO  impl.RaftServerImpl (RaftServerImpl.java:start(185)) - 5419bd03-146b-4e1a-9251-4ae6710db1e4@group-1134B5CFAA53: start as a follower, conf=-1: [5419bd03-146b-4e1a-9251-4ae6710db1e4:192.168.34.27:45183], old=null
2019-09-18 22:11:45,529 [pool-77-thread-1] INFO  impl.RaftServerImpl (RaftServerImpl.java:setRole(174)) - 5419bd03-146b-4e1a-9251-4ae6710db1e4@group-1134B5CFAA53: changes role from      null to FOLLOWER at term 0 for startAsFollower
2019-09-18 22:11:45,530 [pool-77-thread-1] INFO  impl.RoleInfo (RoleInfo.java:updateAndGet(143)) - 5419bd03-146b-4e1a-9251-4ae6710db1e4: start FollowerState
2019-09-18 22:11:45,530 [pool-77-thread-1] INFO  util.JmxRegister (JmxRegister.java:tryRegister(44)) - Successfully registered JMX Bean with object name Ratis:service=RaftServer,group=group-1134B5CFAA53,id=5419bd03-146b-4e1a-9251-4ae6710db1e4
2019-09-18 22:11:45,559 [RatisPipelineUtilsThread] INFO  pipeline.PipelineStateManager (PipelineStateManager.java:addPipeline(56)) - Created pipeline Pipeline[ Id: 70de04f0-66e8-416e-b06f-1134b5cfaa53, Nodes: 5419bd03-146b-4e1a-9251-4ae6710db1e4{ip: 192.168.34.27, host: pr-hdds-2150-pzdq9-4118776691, networkLocation: /default-rack, certSerialId: null}, Type:RATIS, Factor:ONE, State:OPEN]
2019-09-18 22:11:45,578 [grpc-default-executor-0] INFO  impl.RaftServerProxy (RaftServerProxy.java:addNew(89)) - 58e80564-5bec-4090-a95b-543e75482138: addNew group-1FD647EB7492:[58e80564-5bec-4090-a95b-543e75482138:192.168.34.27:42903] returns group-1FD647EB7492:java.util.concurrent.CompletableFuture@55c1c220[Not completed]
2019-09-18 22:11:45,584 [pool-117-thread-1] INFO  impl.RaftServerImpl (RaftServerImpl.java:<init>(95)) - 58e80564-5bec-4090-a95b-543e75482138: new RaftServerImpl for group-1FD647EB7492:[58e80564-5bec-4090-a95b-543e75482138:192.168.34.27:42903] with ContainerStateMachine:uninitialized
2019-09-18 22:11:45,584 [pool-117-thread-1] INFO  server.RaftServerConfigKeys (ConfUtils.java:logGet(43)) - raft.server.rpc.timeout.min = 5s (custom)
2019-09-18 22:11:45,584 [pool-117-thread-1] INFO  server.RaftServerConfigKeys (ConfUtils.java:logGet(43)) - raft.server.rpc.timeout.max = 5200ms (custom)
2019-09-18 22:11:45,584 [pool-117-thread-1] INFO  server.RaftServerConfigKeys (ConfUtils.java:logGet(43)) - raft.server.rpcslowness.timeout = 120s (custom)
2019-09-18 22:11:45,584 [pool-117-thread-1] INFO  server.RaftServerConfigKeys (ConfUtils.java:logGet(43)) - raft.server.sleep.deviation.threshold = 300 (default)
2019-09-18 22:11:45,584 [pool-117-thread-1] INFO  server.RaftServerConfigKeys (ConfUtils.java:logGet(43)) - raft.server.log.appender.install.snapshot.enabled = false (custom)
2019-09-18 22:11:45,584 [pool-117-thread-1] INFO  impl.RaftServerImpl (ServerState.java:<init>(103)) - 58e80564-5bec-4090-a95b-543e75482138@group-1FD647EB7492: ConfigurationManager, init=-1: [58e80564-5bec-4090-a95b-543e75482138:192.168.34.27:42903], old=null, confs=<EMPTY_MAP>
2019-09-18 22:11:45,585 [pool-117-thread-1] INFO  server.RaftServerConfigKeys (ConfUtils.java:logGet(43)) - raft.server.storage.dir = [/workdir/hadoop-ozone/integration-test/target/test-dir/MiniOzoneClusterImpl-098cb20a-5709-466d-aded-8aed09afee3e/datanode-9/data/ratis] (custom)
2019-09-18 22:11:45,585 [pool-117-thread-1] INFO  storage.RaftStorageDirectory (RaftStorageDirectory.java:analyzeStorage(246)) - The storage directory /workdir/hadoop-ozone/integration-test/target/test-dir/MiniOzoneClusterImpl-098cb20a-5709-466d-aded-8aed09afee3e/datanode-9/data/ratis/703b1858-5d13-4417-ad49-1fd647eb7492 does not exist. Creating ...
2019-09-18 22:11:45,598 [pool-117-thread-1] INFO  storage.RaftStorageDirectory (RaftStorageDirectory.java:tryLock(328)) - Lock on /workdir/hadoop-ozone/integration-test/target/test-dir/MiniOzoneClusterImpl-098cb20a-5709-466d-aded-8aed09afee3e/datanode-9/data/ratis/703b1858-5d13-4417-ad49-1fd647eb7492/in_use.lock acquired by nodename 9434@pr-hdds-2150-pzdq9-4118776691
2019-09-18 22:11:45,617 [pool-117-thread-1] INFO  storage.RaftStorage (RaftStorage.java:format(72)) - Storage directory /workdir/hadoop-ozone/integration-test/target/test-dir/MiniOzoneClusterImpl-098cb20a-5709-466d-aded-8aed09afee3e/datanode-9/data/ratis/703b1858-5d13-4417-ad49-1fd647eb7492 has been successfully formatted.
2019-09-18 22:11:45,617 [pool-117-thread-1] INFO  ratis.ContainerStateMachine (ContainerStateMachine.java:loadSnapshot(230)) - group-1FD647EB7492: The snapshot info is null. Setting the last applied indexto:(t:0, i:~)
2019-09-18 22:11:45,617 [pool-117-thread-1] INFO  server.RaftServerConfigKeys (ConfUtils.java:logGet(43)) - raft.server.notification.no-leader.timeout = 120s (custom)
2019-09-18 22:11:45,617 [pool-117-thread-1] INFO  server.RaftServerConfigKeys (ConfUtils.java:logGet(43)) - raft.server.log.use.memory = false (default)
2019-09-18 22:11:45,617 [pool-117-thread-1] INFO  server.RaftServerConfigKeys (ConfUtils.java:logGet(43)) - raft.server.log.purge.gap = 1000000 (custom)
2019-09-18 22:11:45,617 [pool-117-thread-1] INFO  server.RaftServerConfigKeys (ConfUtils.java:logGet(43)) - raft.server.log.appender.buffer.byte-limit = 33554432 (custom)
2019-09-18 22:11:45,618 [pool-117-thread-1] INFO  server.RaftServerConfigKeys (ConfUtils.java:logGet(43)) - raft.server.log.segment.size.max = 1048576 (custom)
2019-09-18 22:11:45,618 [pool-117-thread-1] INFO  server.RaftServerConfigKeys (ConfUtils.java:logGet(43)) - raft.server.log.segment.cache.num.max = 2 (custom)
2019-09-18 22:11:45,618 [pool-117-thread-1] INFO  segmented.SegmentedRaftLogWorker (SegmentedRaftLogWorker.java:<init>(172)) - new 58e80564-5bec-4090-a95b-543e75482138@group-1FD647EB7492-SegmentedRaftLogWorker for RaftStorage:Storage Directory /workdir/hadoop-ozone/integration-test/target/test-dir/MiniOzoneClusterImpl-098cb20a-5709-466d-aded-8aed09afee3e/datanode-9/data/ratis/703b1858-5d13-4417-ad49-1fd647eb7492
2019-09-18 22:11:45,621 [pool-117-thread-1] INFO  server.RaftServerConfigKeys (ConfUtils.java:logGet(43)) - raft.server.log.queue.byte-limit = 2147483647 (custom)
2019-09-18 22:11:45,621 [pool-117-thread-1] INFO  server.RaftServerConfigKeys (ConfUtils.java:logGet(43)) - raft.server.log.queue.element-limit = 1024 (custom)
2019-09-18 22:11:45,621 [pool-117-thread-1] INFO  server.RaftServerConfigKeys (ConfUtils.java:logGet(43)) - raft.server.log.segment.size.max = 1048576 (custom)
2019-09-18 22:11:45,621 [pool-117-thread-1] INFO  server.RaftServerConfigKeys (ConfUtils.java:logGet(43)) - raft.server.log.preallocated.size = 16384 (custom)
2019-09-18 22:11:45,622 [pool-117-thread-1] INFO  server.RaftServerConfigKeys (ConfUtils.java:logGet(43)) - raft.server.log.write.buffer.size = 33554432 (custom)
2019-09-18 22:11:45,622 [pool-117-thread-1] INFO  server.RaftServerConfigKeys (ConfUtils.java:logGet(43)) - raft.server.log.force.sync.num = 128 (default)
2019-09-18 22:11:45,622 [pool-117-thread-1] INFO  server.RaftServerConfigKeys (ConfUtils.java:logGet(43)) - raft.server.log.statemachine.data.sync = true (default)
2019-09-18 22:11:45,622 [pool-117-thread-1] INFO  server.RaftServerConfigKeys (ConfUtils.java:logGet(43)) - raft.server.log.statemachine.data.sync.timeout = 10s (default)
2019-09-18 22:11:45,622 [pool-117-thread-1] INFO  server.RaftServerConfigKeys (ConfUtils.java:logGet(43)) - raft.server.log.statemachine.data.sync.timeout.retry = -1 (default)
2019-09-18 22:11:45,622 [pool-117-thread-1] INFO  server.RaftServerConfigKeys (ConfUtils.java:logGet(43)) - raft.server.log.statemachine.data.caching.enabled = true (custom)
2019-09-18 22:11:45,623 [pool-117-thread-1] INFO  segmented.SegmentedRaftLogWorker (SegmentedRaftLogWorker.java:lambda$new$0(132)) - 58e80564-5bec-4090-a95b-543e75482138@group-1FD647EB7492-SegmentedRaftLogWorker: flushIndex: setUnconditionally 0 -> -1
2019-09-18 22:11:45,623 [pool-117-thread-1] INFO  server.RaftServerConfigKeys (ConfUtils.java:logGet(43)) - raft.server.snapshot.auto.trigger.enabled = true (custom)
2019-09-18 22:11:45,623 [pool-117-thread-1] INFO  server.RaftServerConfigKeys (ConfUtils.java:logGet(43)) - raft.server.snapshot.auto.trigger.threshold = 10000 (custom)
2019-09-18 22:11:45,623 [pool-117-thread-1] INFO  server.RaftServerConfigKeys (ConfUtils.java:logGet(43)) - raft.server.snapshot.retention.num.files = 5 (custom)
2019-09-18 22:11:45,623 [pool-117-thread-1] INFO  server.RaftServerConfigKeys (ConfUtils.java:logGet(43)) - raft.server.retrycache.expirytime = 600000ms (custom)
2019-09-18 22:11:45,626 [pool-117-thread-1] INFO  impl.RaftServerImpl (RaftServerImpl.java:start(185)) - 58e80564-5bec-4090-a95b-543e75482138@group-1FD647EB7492: start as a follower, conf=-1: [58e80564-5bec-4090-a95b-543e75482138:192.168.34.27:42903], old=null
2019-09-18 22:11:45,627 [pool-117-thread-1] INFO  impl.RaftServerImpl (RaftServerImpl.java:setRole(174)) - 58e80564-5bec-4090-a95b-543e75482138@group-1FD647EB7492: changes role from      null to FOLLOWER at term 0 for startAsFollower
2019-09-18 22:11:45,627 [pool-117-thread-1] INFO  impl.RoleInfo (RoleInfo.java:updateAndGet(143)) - 58e80564-5bec-4090-a95b-543e75482138: start FollowerState
2019-09-18 22:11:45,627 [pool-117-thread-1] INFO  util.JmxRegister (JmxRegister.java:tryRegister(44)) - Successfully registered JMX Bean with object name Ratis:service=RaftServer,group=group-1FD647EB7492,id=58e80564-5bec-4090-a95b-543e75482138
2019-09-18 22:11:45,642 [RatisPipelineUtilsThread] INFO  pipeline.PipelineStateManager (PipelineStateManager.java:addPipeline(56)) - Created pipeline Pipeline[ Id: 703b1858-5d13-4417-ad49-1fd647eb7492, Nodes: 58e80564-5bec-4090-a95b-543e75482138{ip: 192.168.34.27, host: pr-hdds-2150-pzdq9-4118776691, networkLocation: /default-rack, certSerialId: null}, Type:RATIS, Factor:ONE, State:OPEN]
2019-09-18 22:11:45,664 [grpc-default-executor-0] INFO  impl.RaftServerProxy (RaftServerProxy.java:addNew(89)) - fba6f591-d47b-4675-b90c-be27a1cfadaa: addNew group-7CA2337CD4E1:[fba6f591-d47b-4675-b90c-be27a1cfadaa:192.168.34.27:46622] returns group-7CA2337CD4E1:java.util.concurrent.CompletableFuture@7ffd2477[Not completed]
2019-09-18 22:11:45,670 [pool-37-thread-1] INFO  impl.RaftServerImpl (RaftServerImpl.java:<init>(95)) - fba6f591-d47b-4675-b90c-be27a1cfadaa: new RaftServerImpl for group-7CA2337CD4E1:[fba6f591-d47b-4675-b90c-be27a1cfadaa:192.168.34.27:46622] with ContainerStateMachine:uninitialized
2019-09-18 22:11:45,670 [pool-37-thread-1] INFO  server.RaftServerConfigKeys (ConfUtils.java:logGet(43)) - raft.server.rpc.timeout.min = 5s (custom)
2019-09-18 22:11:45,670 [pool-37-thread-1] INFO  server.RaftServerConfigKeys (ConfUtils.java:logGet(43)) - raft.server.rpc.timeout.max = 5200ms (custom)
2019-09-18 22:11:45,670 [pool-37-thread-1] INFO  server.RaftServerConfigKeys (ConfUtils.java:logGet(43)) - raft.server.rpcslowness.timeout = 120s (custom)
2019-09-18 22:11:45,670 [pool-37-thread-1] INFO  server.RaftServerConfigKeys (ConfUtils.java:logGet(43)) - raft.server.sleep.deviation.threshold = 300 (default)
2019-09-18 22:11:45,670 [pool-37-thread-1] INFO  server.RaftServerConfigKeys (ConfUtils.java:logGet(43)) - raft.server.log.appender.install.snapshot.enabled = false (custom)
2019-09-18 22:11:45,671 [pool-37-thread-1] INFO  impl.RaftServerImpl (ServerState.java:<init>(103)) - fba6f591-d47b-4675-b90c-be27a1cfadaa@group-7CA2337CD4E1: ConfigurationManager, init=-1: [fba6f591-d47b-4675-b90c-be27a1cfadaa:192.168.34.27:46622], old=null, confs=<EMPTY_MAP>
2019-09-18 22:11:45,671 [pool-37-thread-1] INFO  server.RaftServerConfigKeys (ConfUtils.java:logGet(43)) - raft.server.storage.dir = [/workdir/hadoop-ozone/integration-test/target/test-dir/MiniOzoneClusterImpl-098cb20a-5709-466d-aded-8aed09afee3e/datanode-1/data/ratis] (custom)
2019-09-18 22:11:45,671 [pool-37-thread-1] INFO  storage.RaftStorageDirectory (RaftStorageDirectory.java:analyzeStorage(246)) - The storage directory /workdir/hadoop-ozone/integration-test/target/test-dir/MiniOzoneClusterImpl-098cb20a-5709-466d-aded-8aed09afee3e/datanode-1/data/ratis/8e226926-8fb5-484c-8fc0-7ca2337cd4e1 does not exist. Creating ...
2019-09-18 22:11:45,696 [pool-37-thread-1] INFO  storage.RaftStorageDirectory (RaftStorageDirectory.java:tryLock(328)) - Lock on /workdir/hadoop-ozone/integration-test/target/test-dir/MiniOzoneClusterImpl-098cb20a-5709-466d-aded-8aed09afee3e/datanode-1/data/ratis/8e226926-8fb5-484c-8fc0-7ca2337cd4e1/in_use.lock acquired by nodename 9434@pr-hdds-2150-pzdq9-4118776691
2019-09-18 22:11:45,708 [pool-37-thread-1] INFO  storage.RaftStorage (RaftStorage.java:format(72)) - Storage directory /workdir/hadoop-ozone/integration-test/target/test-dir/MiniOzoneClusterImpl-098cb20a-5709-466d-aded-8aed09afee3e/datanode-1/data/ratis/8e226926-8fb5-484c-8fc0-7ca2337cd4e1 has been successfully formatted.
2019-09-18 22:11:45,709 [pool-37-thread-1] INFO  ratis.ContainerStateMachine (ContainerStateMachine.java:loadSnapshot(230)) - group-7CA2337CD4E1: The snapshot info is null. Setting the last applied indexto:(t:0, i:~)
2019-09-18 22:11:45,709 [pool-37-thread-1] INFO  server.RaftServerConfigKeys (ConfUtils.java:logGet(43)) - raft.server.notification.no-leader.timeout = 120s (custom)
2019-09-18 22:11:45,709 [pool-37-thread-1] INFO  server.RaftServerConfigKeys (ConfUtils.java:logGet(43)) - raft.server.log.use.memory = false (default)
2019-09-18 22:11:45,709 [pool-37-thread-1] INFO  server.RaftServerConfigKeys (ConfUtils.java:logGet(43)) - raft.server.log.purge.gap = 1000000 (custom)
2019-09-18 22:11:45,709 [pool-37-thread-1] INFO  server.RaftServerConfigKeys (ConfUtils.java:logGet(43)) - raft.server.log.appender.buffer.byte-limit = 33554432 (custom)
2019-09-18 22:11:45,710 [pool-37-thread-1] INFO  server.RaftServerConfigKeys (ConfUtils.java:logGet(43)) - raft.server.log.segment.size.max = 1048576 (custom)
2019-09-18 22:11:45,710 [pool-37-thread-1] INFO  server.RaftServerConfigKeys (ConfUtils.java:logGet(43)) - raft.server.log.segment.cache.num.max = 2 (custom)
2019-09-18 22:11:45,710 [pool-37-thread-1] INFO  segmented.SegmentedRaftLogWorker (SegmentedRaftLogWorker.java:<init>(172)) - new fba6f591-d47b-4675-b90c-be27a1cfadaa@group-7CA2337CD4E1-SegmentedRaftLogWorker for RaftStorage:Storage Directory /workdir/hadoop-ozone/integration-test/target/test-dir/MiniOzoneClusterImpl-098cb20a-5709-466d-aded-8aed09afee3e/datanode-1/data/ratis/8e226926-8fb5-484c-8fc0-7ca2337cd4e1
2019-09-18 22:11:45,715 [pool-37-thread-1] INFO  server.RaftServerConfigKeys (ConfUtils.java:logGet(43)) - raft.server.log.queue.byte-limit = 2147483647 (custom)
2019-09-18 22:11:45,716 [pool-37-thread-1] INFO  server.RaftServerConfigKeys (ConfUtils.java:logGet(43)) - raft.server.log.queue.element-limit = 1024 (custom)
2019-09-18 22:11:45,716 [pool-37-thread-1] INFO  server.RaftServerConfigKeys (ConfUtils.java:logGet(43)) - raft.server.log.segment.size.max = 1048576 (custom)
2019-09-18 22:11:45,716 [pool-37-thread-1] INFO  server.RaftServerConfigKeys (ConfUtils.java:logGet(43)) - raft.server.log.preallocated.size = 16384 (custom)
2019-09-18 22:11:45,716 [pool-37-thread-1] INFO  server.RaftServerConfigKeys (ConfUtils.java:logGet(43)) - raft.server.log.write.buffer.size = 33554432 (custom)
2019-09-18 22:11:45,716 [pool-37-thread-1] INFO  server.RaftServerConfigKeys (ConfUtils.java:logGet(43)) - raft.server.log.force.sync.num = 128 (default)
2019-09-18 22:11:45,716 [pool-37-thread-1] INFO  server.RaftServerConfigKeys (ConfUtils.java:logGet(43)) - raft.server.log.statemachine.data.sync = true (default)
2019-09-18 22:11:45,716 [pool-37-thread-1] INFO  server.RaftServerConfigKeys (ConfUtils.java:logGet(43)) - raft.server.log.statemachine.data.sync.timeout = 10s (default)
2019-09-18 22:11:45,717 [pool-37-thread-1] INFO  server.RaftServerConfigKeys (ConfUtils.java:logGet(43)) - raft.server.log.statemachine.data.sync.timeout.retry = -1 (default)
2019-09-18 22:11:45,717 [pool-37-thread-1] INFO  server.RaftServerConfigKeys (ConfUtils.java:logGet(43)) - raft.server.log.statemachine.data.caching.enabled = true (custom)
2019-09-18 22:11:45,717 [pool-37-thread-1] INFO  segmented.SegmentedRaftLogWorker (SegmentedRaftLogWorker.java:lambda$new$0(132)) - fba6f591-d47b-4675-b90c-be27a1cfadaa@group-7CA2337CD4E1-SegmentedRaftLogWorker: flushIndex: setUnconditionally 0 -> -1
2019-09-18 22:11:45,718 [pool-37-thread-1] INFO  server.RaftServerConfigKeys (ConfUtils.java:logGet(43)) - raft.server.snapshot.auto.trigger.enabled = true (custom)
2019-09-18 22:11:45,718 [pool-37-thread-1] INFO  server.RaftServerConfigKeys (ConfUtils.java:logGet(43)) - raft.server.snapshot.auto.trigger.threshold = 10000 (custom)
2019-09-18 22:11:45,718 [pool-37-thread-1] INFO  server.RaftServerConfigKeys (ConfUtils.java:logGet(43)) - raft.server.snapshot.retention.num.files = 5 (custom)
2019-09-18 22:11:45,721 [pool-37-thread-1] INFO  server.RaftServerConfigKeys (ConfUtils.java:logGet(43)) - raft.server.retrycache.expirytime = 600000ms (custom)
2019-09-18 22:11:45,724 [pool-37-thread-1] INFO  impl.RaftServerImpl (RaftServerImpl.java:start(185)) - fba6f591-d47b-4675-b90c-be27a1cfadaa@group-7CA2337CD4E1: start as a follower, conf=-1: [fba6f591-d47b-4675-b90c-be27a1cfadaa:192.168.34.27:46622], old=null
2019-09-18 22:11:45,724 [pool-37-thread-1] INFO  impl.RaftServerImpl (RaftServerImpl.java:setRole(174)) - fba6f591-d47b-4675-b90c-be27a1cfadaa@group-7CA2337CD4E1: changes role from      null to FOLLOWER at term 0 for startAsFollower
2019-09-18 22:11:45,724 [pool-37-thread-1] INFO  impl.RoleInfo (RoleInfo.java:updateAndGet(143)) - fba6f591-d47b-4675-b90c-be27a1cfadaa: start FollowerState
2019-09-18 22:11:45,724 [pool-37-thread-1] INFO  util.JmxRegister (JmxRegister.java:tryRegister(44)) - Successfully registered JMX Bean with object name Ratis:service=RaftServer,group=group-7CA2337CD4E1,id=fba6f591-d47b-4675-b90c-be27a1cfadaa
2019-09-18 22:11:45,740 [RatisPipelineUtilsThread] INFO  pipeline.PipelineStateManager (PipelineStateManager.java:addPipeline(56)) - Created pipeline Pipeline[ Id: 8e226926-8fb5-484c-8fc0-7ca2337cd4e1, Nodes: fba6f591-d47b-4675-b90c-be27a1cfadaa{ip: 192.168.34.27, host: pr-hdds-2150-pzdq9-4118776691, networkLocation: /default-rack, certSerialId: null}, Type:RATIS, Factor:ONE, State:OPEN]
2019-09-18 22:11:45,761 [grpc-default-executor-0] INFO  impl.RaftServerProxy (RaftServerProxy.java:addNew(89)) - d9a450aa-fdeb-43cf-8175-7eb901493c18: addNew group-0120C160984D:[d9a450aa-fdeb-43cf-8175-7eb901493c18:192.168.34.27:44719] returns group-0120C160984D:java.util.concurrent.CompletableFuture@27bf4776[Not completed]
2019-09-18 22:11:45,767 [pool-107-thread-1] INFO  impl.RaftServerImpl (RaftServerImpl.java:<init>(95)) - d9a450aa-fdeb-43cf-8175-7eb901493c18: new RaftServerImpl for group-0120C160984D:[d9a450aa-fdeb-43cf-8175-7eb901493c18:192.168.34.27:44719] with ContainerStateMachine:uninitialized
2019-09-18 22:11:45,767 [pool-107-thread-1] INFO  server.RaftServerConfigKeys (ConfUtils.java:logGet(43)) - raft.server.rpc.timeout.min = 5s (custom)
2019-09-18 22:11:45,767 [pool-107-thread-1] INFO  server.RaftServerConfigKeys (ConfUtils.java:logGet(43)) - raft.server.rpc.timeout.max = 5200ms (custom)
2019-09-18 22:11:45,768 [pool-107-thread-1] INFO  server.RaftServerConfigKeys (ConfUtils.java:logGet(43)) - raft.server.rpcslowness.timeout = 120s (custom)
2019-09-18 22:11:45,768 [pool-107-thread-1] INFO  server.RaftServerConfigKeys (ConfUtils.java:logGet(43)) - raft.server.sleep.deviation.threshold = 300 (default)
2019-09-18 22:11:45,768 [pool-107-thread-1] INFO  server.RaftServerConfigKeys (ConfUtils.java:logGet(43)) - raft.server.log.appender.install.snapshot.enabled = false (custom)
2019-09-18 22:11:45,768 [pool-107-thread-1] INFO  impl.RaftServerImpl (ServerState.java:<init>(103)) - d9a450aa-fdeb-43cf-8175-7eb901493c18@group-0120C160984D: ConfigurationManager, init=-1: [d9a450aa-fdeb-43cf-8175-7eb901493c18:192.168.34.27:44719], old=null, confs=<EMPTY_MAP>
2019-09-18 22:11:45,768 [pool-107-thread-1] INFO  server.RaftServerConfigKeys (ConfUtils.java:logGet(43)) - raft.server.storage.dir = [/workdir/hadoop-ozone/integration-test/target/test-dir/MiniOzoneClusterImpl-098cb20a-5709-466d-aded-8aed09afee3e/datanode-8/data/ratis] (custom)
2019-09-18 22:11:45,768 [pool-107-thread-1] INFO  storage.RaftStorageDirectory (RaftStorageDirectory.java:analyzeStorage(246)) - The storage directory /workdir/hadoop-ozone/integration-test/target/test-dir/MiniOzoneClusterImpl-098cb20a-5709-466d-aded-8aed09afee3e/datanode-8/data/ratis/ce6bed96-adee-49e8-847c-0120c160984d does not exist. Creating ...
2019-09-18 22:11:45,781 [pool-107-thread-1] INFO  storage.RaftStorageDirectory (RaftStorageDirectory.java:tryLock(328)) - Lock on /workdir/hadoop-ozone/integration-test/target/test-dir/MiniOzoneClusterImpl-098cb20a-5709-466d-aded-8aed09afee3e/datanode-8/data/ratis/ce6bed96-adee-49e8-847c-0120c160984d/in_use.lock acquired by nodename 9434@pr-hdds-2150-pzdq9-4118776691
2019-09-18 22:11:45,794 [pool-107-thread-1] INFO  storage.RaftStorage (RaftStorage.java:format(72)) - Storage directory /workdir/hadoop-ozone/integration-test/target/test-dir/MiniOzoneClusterImpl-098cb20a-5709-466d-aded-8aed09afee3e/datanode-8/data/ratis/ce6bed96-adee-49e8-847c-0120c160984d has been successfully formatted.
2019-09-18 22:11:45,794 [pool-107-thread-1] INFO  ratis.ContainerStateMachine (ContainerStateMachine.java:loadSnapshot(230)) - group-0120C160984D: The snapshot info is null. Setting the last applied indexto:(t:0, i:~)
2019-09-18 22:11:45,794 [pool-107-thread-1] INFO  server.RaftServerConfigKeys (ConfUtils.java:logGet(43)) - raft.server.notification.no-leader.timeout = 120s (custom)
2019-09-18 22:11:45,794 [pool-107-thread-1] INFO  server.RaftServerConfigKeys (ConfUtils.java:logGet(43)) - raft.server.log.use.memory = false (default)
2019-09-18 22:11:45,794 [pool-107-thread-1] INFO  server.RaftServerConfigKeys (ConfUtils.java:logGet(43)) - raft.server.log.purge.gap = 1000000 (custom)
2019-09-18 22:11:45,794 [pool-107-thread-1] INFO  server.RaftServerConfigKeys (ConfUtils.java:logGet(43)) - raft.server.log.appender.buffer.byte-limit = 33554432 (custom)
2019-09-18 22:11:45,794 [pool-107-thread-1] INFO  server.RaftServerConfigKeys (ConfUtils.java:logGet(43)) - raft.server.log.segment.size.max = 1048576 (custom)
2019-09-18 22:11:45,795 [pool-107-thread-1] INFO  server.RaftServerConfigKeys (ConfUtils.java:logGet(43)) - raft.server.log.segment.cache.num.max = 2 (custom)
2019-09-18 22:11:45,795 [pool-107-thread-1] INFO  segmented.SegmentedRaftLogWorker (SegmentedRaftLogWorker.java:<init>(172)) - new d9a450aa-fdeb-43cf-8175-7eb901493c18@group-0120C160984D-SegmentedRaftLogWorker for RaftStorage:Storage Directory /workdir/hadoop-ozone/integration-test/target/test-dir/MiniOzoneClusterImpl-098cb20a-5709-466d-aded-8aed09afee3e/datanode-8/data/ratis/ce6bed96-adee-49e8-847c-0120c160984d
2019-09-18 22:11:45,797 [pool-107-thread-1] INFO  server.RaftServerConfigKeys (ConfUtils.java:logGet(43)) - raft.server.log.queue.byte-limit = 2147483647 (custom)
2019-09-18 22:11:45,797 [pool-107-thread-1] INFO  server.RaftServerConfigKeys (ConfUtils.java:logGet(43)) - raft.server.log.queue.element-limit = 1024 (custom)
2019-09-18 22:11:45,798 [pool-107-thread-1] INFO  server.RaftServerConfigKeys (ConfUtils.java:logGet(43)) - raft.server.log.segment.size.max = 1048576 (custom)
2019-09-18 22:11:45,798 [pool-107-thread-1] INFO  server.RaftServerConfigKeys (ConfUtils.java:logGet(43)) - raft.server.log.preallocated.size = 16384 (custom)
2019-09-18 22:11:45,798 [pool-107-thread-1] INFO  server.RaftServerConfigKeys (ConfUtils.java:logGet(43)) - raft.server.log.write.buffer.size = 33554432 (custom)
2019-09-18 22:11:45,798 [pool-107-thread-1] INFO  server.RaftServerConfigKeys (ConfUtils.java:logGet(43)) - raft.server.log.force.sync.num = 128 (default)
2019-09-18 22:11:45,798 [pool-107-thread-1] INFO  server.RaftServerConfigKeys (ConfUtils.java:logGet(43)) - raft.server.log.statemachine.data.sync = true (default)
2019-09-18 22:11:45,798 [pool-107-thread-1] INFO  server.RaftServerConfigKeys (ConfUtils.java:logGet(43)) - raft.server.log.statemachine.data.sync.timeout = 10s (default)
2019-09-18 22:11:45,798 [pool-107-thread-1] INFO  server.RaftServerConfigKeys (ConfUtils.java:logGet(43)) - raft.server.log.statemachine.data.sync.timeout.retry = -1 (default)
2019-09-18 22:11:45,799 [pool-107-thread-1] INFO  server.RaftServerConfigKeys (ConfUtils.java:logGet(43)) - raft.server.log.statemachine.data.caching.enabled = true (custom)
2019-09-18 22:11:45,799 [pool-107-thread-1] INFO  segmented.SegmentedRaftLogWorker (SegmentedRaftLogWorker.java:lambda$new$0(132)) - d9a450aa-fdeb-43cf-8175-7eb901493c18@group-0120C160984D-SegmentedRaftLogWorker: flushIndex: setUnconditionally 0 -> -1
2019-09-18 22:11:45,799 [pool-107-thread-1] INFO  server.RaftServerConfigKeys (ConfUtils.java:logGet(43)) - raft.server.snapshot.auto.trigger.enabled = true (custom)
2019-09-18 22:11:45,799 [pool-107-thread-1] INFO  server.RaftServerConfigKeys (ConfUtils.java:logGet(43)) - raft.server.snapshot.auto.trigger.threshold = 10000 (custom)
2019-09-18 22:11:45,800 [pool-107-thread-1] INFO  server.RaftServerConfigKeys (ConfUtils.java:logGet(43)) - raft.server.snapshot.retention.num.files = 5 (custom)
2019-09-18 22:11:45,800 [pool-107-thread-1] INFO  server.RaftServerConfigKeys (ConfUtils.java:logGet(43)) - raft.server.retrycache.expirytime = 600000ms (custom)
2019-09-18 22:11:45,802 [pool-107-thread-1] INFO  impl.RaftServerImpl (RaftServerImpl.java:start(185)) - d9a450aa-fdeb-43cf-8175-7eb901493c18@group-0120C160984D: start as a follower, conf=-1: [d9a450aa-fdeb-43cf-8175-7eb901493c18:192.168.34.27:44719], old=null
2019-09-18 22:11:45,802 [pool-107-thread-1] INFO  impl.RaftServerImpl (RaftServerImpl.java:setRole(174)) - d9a450aa-fdeb-43cf-8175-7eb901493c18@group-0120C160984D: changes role from      null to FOLLOWER at term 0 for startAsFollower
2019-09-18 22:11:45,802 [pool-107-thread-1] INFO  impl.RoleInfo (RoleInfo.java:updateAndGet(143)) - d9a450aa-fdeb-43cf-8175-7eb901493c18: start FollowerState
2019-09-18 22:11:45,803 [pool-107-thread-1] INFO  util.JmxRegister (JmxRegister.java:tryRegister(44)) - Successfully registered JMX Bean with object name Ratis:service=RaftServer,group=group-0120C160984D,id=d9a450aa-fdeb-43cf-8175-7eb901493c18
2019-09-18 22:11:45,825 [RatisPipelineUtilsThread] INFO  pipeline.PipelineStateManager (PipelineStateManager.java:addPipeline(56)) - Created pipeline Pipeline[ Id: ce6bed96-adee-49e8-847c-0120c160984d, Nodes: d9a450aa-fdeb-43cf-8175-7eb901493c18{ip: 192.168.34.27, host: pr-hdds-2150-pzdq9-4118776691, networkLocation: /default-rack, certSerialId: null}, Type:RATIS, Factor:ONE, State:OPEN]
2019-09-18 22:11:45,847 [grpc-default-executor-0] INFO  impl.RaftServerProxy (RaftServerProxy.java:addNew(89)) - 73306d30-93c7-4acf-8650-89e6f82bf9ae: addNew group-822AB3AB9147:[73306d30-93c7-4acf-8650-89e6f82bf9ae:192.168.34.27:36503] returns group-822AB3AB9147:java.util.concurrent.CompletableFuture@4d7ef80[Not completed]
2019-09-18 22:11:45,854 [pool-87-thread-1] INFO  impl.RaftServerImpl (RaftServerImpl.java:<init>(95)) - 73306d30-93c7-4acf-8650-89e6f82bf9ae: new RaftServerImpl for group-822AB3AB9147:[73306d30-93c7-4acf-8650-89e6f82bf9ae:192.168.34.27:36503] with ContainerStateMachine:uninitialized
2019-09-18 22:11:45,854 [pool-87-thread-1] INFO  server.RaftServerConfigKeys (ConfUtils.java:logGet(43)) - raft.server.rpc.timeout.min = 5s (custom)
2019-09-18 22:11:45,855 [pool-87-thread-1] INFO  server.RaftServerConfigKeys (ConfUtils.java:logGet(43)) - raft.server.rpc.timeout.max = 5200ms (custom)
2019-09-18 22:11:45,855 [pool-87-thread-1] INFO  server.RaftServerConfigKeys (ConfUtils.java:logGet(43)) - raft.server.rpcslowness.timeout = 120s (custom)
2019-09-18 22:11:45,855 [pool-87-thread-1] INFO  server.RaftServerConfigKeys (ConfUtils.java:logGet(43)) - raft.server.sleep.deviation.threshold = 300 (default)
2019-09-18 22:11:45,855 [pool-87-thread-1] INFO  server.RaftServerConfigKeys (ConfUtils.java:logGet(43)) - raft.server.log.appender.install.snapshot.enabled = false (custom)
2019-09-18 22:11:45,855 [pool-87-thread-1] INFO  impl.RaftServerImpl (ServerState.java:<init>(103)) - 73306d30-93c7-4acf-8650-89e6f82bf9ae@group-822AB3AB9147: ConfigurationManager, init=-1: [73306d30-93c7-4acf-8650-89e6f82bf9ae:192.168.34.27:36503], old=null, confs=<EMPTY_MAP>
2019-09-18 22:11:45,856 [pool-87-thread-1] INFO  server.RaftServerConfigKeys (ConfUtils.java:logGet(43)) - raft.server.storage.dir = [/workdir/hadoop-ozone/integration-test/target/test-dir/MiniOzoneClusterImpl-098cb20a-5709-466d-aded-8aed09afee3e/datanode-6/data/ratis] (custom)
2019-09-18 22:11:45,856 [pool-87-thread-1] INFO  storage.RaftStorageDirectory (RaftStorageDirectory.java:analyzeStorage(246)) - The storage directory /workdir/hadoop-ozone/integration-test/target/test-dir/MiniOzoneClusterImpl-098cb20a-5709-466d-aded-8aed09afee3e/datanode-6/data/ratis/31e57e84-467d-4c71-9473-822ab3ab9147 does not exist. Creating ...
2019-09-18 22:11:45,880 [main] INFO  ozone.MiniOzoneClusterImpl (MiniOzoneClusterImpl.java:lambda$waitForClusterToBeReady$0(145)) - Cluster is ready. Got 10 of 10 DN Heartbeats.
2019-09-18 22:11:45,892 [pool-87-thread-1] INFO  storage.RaftStorageDirectory (RaftStorageDirectory.java:tryLock(328)) - Lock on /workdir/hadoop-ozone/integration-test/target/test-dir/MiniOzoneClusterImpl-098cb20a-5709-466d-aded-8aed09afee3e/datanode-6/data/ratis/31e57e84-467d-4c71-9473-822ab3ab9147/in_use.lock acquired by nodename 9434@pr-hdds-2150-pzdq9-4118776691
2019-09-18 22:11:45,907 [pool-87-thread-1] INFO  storage.RaftStorage (RaftStorage.java:format(72)) - Storage directory /workdir/hadoop-ozone/integration-test/target/test-dir/MiniOzoneClusterImpl-098cb20a-5709-466d-aded-8aed09afee3e/datanode-6/data/ratis/31e57e84-467d-4c71-9473-822ab3ab9147 has been successfully formatted.
2019-09-18 22:11:45,907 [pool-87-thread-1] INFO  ratis.ContainerStateMachine (ContainerStateMachine.java:loadSnapshot(230)) - group-822AB3AB9147: The snapshot info is null. Setting the last applied indexto:(t:0, i:~)
2019-09-18 22:11:45,908 [pool-87-thread-1] INFO  server.RaftServerConfigKeys (ConfUtils.java:logGet(43)) - raft.server.notification.no-leader.timeout = 120s (custom)
2019-09-18 22:11:45,908 [pool-87-thread-1] INFO  server.RaftServerConfigKeys (ConfUtils.java:logGet(43)) - raft.server.log.use.memory = false (default)
2019-09-18 22:11:45,908 [pool-87-thread-1] INFO  server.RaftServerConfigKeys (ConfUtils.java:logGet(43)) - raft.server.log.purge.gap = 1000000 (custom)
2019-09-18 22:11:45,908 [pool-87-thread-1] INFO  server.RaftServerConfigKeys (ConfUtils.java:logGet(43)) - raft.server.log.appender.buffer.byte-limit = 33554432 (custom)
2019-09-18 22:11:45,908 [pool-87-thread-1] INFO  server.RaftServerConfigKeys (ConfUtils.java:logGet(43)) - raft.server.log.segment.size.max = 1048576 (custom)
2019-09-18 22:11:45,909 [pool-87-thread-1] INFO  server.RaftServerConfigKeys (ConfUtils.java:logGet(43)) - raft.server.log.segment.cache.num.max = 2 (custom)
2019-09-18 22:11:45,909 [pool-87-thread-1] INFO  segmented.SegmentedRaftLogWorker (SegmentedRaftLogWorker.java:<init>(172)) - new 73306d30-93c7-4acf-8650-89e6f82bf9ae@group-822AB3AB9147-SegmentedRaftLogWorker for RaftStorage:Storage Directory /workdir/hadoop-ozone/integration-test/target/test-dir/MiniOzoneClusterImpl-098cb20a-5709-466d-aded-8aed09afee3e/datanode-6/data/ratis/31e57e84-467d-4c71-9473-822ab3ab9147
2019-09-18 22:11:45,912 [pool-87-thread-1] INFO  server.RaftServerConfigKeys (ConfUtils.java:logGet(43)) - raft.server.log.queue.byte-limit = 2147483647 (custom)
2019-09-18 22:11:45,913 [pool-87-thread-1] INFO  server.RaftServerConfigKeys (ConfUtils.java:logGet(43)) - raft.server.log.queue.element-limit = 1024 (custom)
2019-09-18 22:11:45,913 [pool-87-thread-1] INFO  server.RaftServerConfigKeys (ConfUtils.java:logGet(43)) - raft.server.log.segment.size.max = 1048576 (custom)
2019-09-18 22:11:45,913 [pool-87-thread-1] INFO  server.RaftServerConfigKeys (ConfUtils.java:logGet(43)) - raft.server.log.preallocated.size = 16384 (custom)
2019-09-18 22:11:45,913 [pool-87-thread-1] INFO  server.RaftServerConfigKeys (ConfUtils.java:logGet(43)) - raft.server.log.write.buffer.size = 33554432 (custom)
2019-09-18 22:11:45,913 [pool-87-thread-1] INFO  server.RaftServerConfigKeys (ConfUtils.java:logGet(43)) - raft.server.log.force.sync.num = 128 (default)
2019-09-18 22:11:45,913 [pool-87-thread-1] INFO  server.RaftServerConfigKeys (ConfUtils.java:logGet(43)) - raft.server.log.statemachine.data.sync = true (default)
2019-09-18 22:11:45,914 [pool-87-thread-1] INFO  server.RaftServerConfigKeys (ConfUtils.java:logGet(43)) - raft.server.log.statemachine.data.sync.timeout = 10s (default)
2019-09-18 22:11:45,914 [pool-87-thread-1] INFO  server.RaftServerConfigKeys (ConfUtils.java:logGet(43)) - raft.server.log.statemachine.data.sync.timeout.retry = -1 (default)
2019-09-18 22:11:45,914 [pool-87-thread-1] INFO  server.RaftServerConfigKeys (ConfUtils.java:logGet(43)) - raft.server.log.statemachine.data.caching.enabled = true (custom)
2019-09-18 22:11:45,915 [pool-87-thread-1] INFO  segmented.SegmentedRaftLogWorker (SegmentedRaftLogWorker.java:lambda$new$0(132)) - 73306d30-93c7-4acf-8650-89e6f82bf9ae@group-822AB3AB9147-SegmentedRaftLogWorker: flushIndex: setUnconditionally 0 -> -1
2019-09-18 22:11:45,915 [pool-87-thread-1] INFO  server.RaftServerConfigKeys (ConfUtils.java:logGet(43)) - raft.server.snapshot.auto.trigger.enabled = true (custom)
2019-09-18 22:11:45,915 [pool-87-thread-1] INFO  server.RaftServerConfigKeys (ConfUtils.java:logGet(43)) - raft.server.snapshot.auto.trigger.threshold = 10000 (custom)
2019-09-18 22:11:45,915 [pool-87-thread-1] INFO  server.RaftServerConfigKeys (ConfUtils.java:logGet(43)) - raft.server.snapshot.retention.num.files = 5 (custom)
2019-09-18 22:11:45,916 [pool-87-thread-1] INFO  server.RaftServerConfigKeys (ConfUtils.java:logGet(43)) - raft.server.retrycache.expirytime = 600000ms (custom)
2019-09-18 22:11:45,922 [pool-87-thread-1] INFO  impl.RaftServerImpl (RaftServerImpl.java:start(185)) - 73306d30-93c7-4acf-8650-89e6f82bf9ae@group-822AB3AB9147: start as a follower, conf=-1: [73306d30-93c7-4acf-8650-89e6f82bf9ae:192.168.34.27:36503], old=null
2019-09-18 22:11:45,922 [pool-87-thread-1] INFO  impl.RaftServerImpl (RaftServerImpl.java:setRole(174)) - 73306d30-93c7-4acf-8650-89e6f82bf9ae@group-822AB3AB9147: changes role from      null to FOLLOWER at term 0 for startAsFollower
2019-09-18 22:11:45,922 [pool-87-thread-1] INFO  impl.RoleInfo (RoleInfo.java:updateAndGet(143)) - 73306d30-93c7-4acf-8650-89e6f82bf9ae: start FollowerState
2019-09-18 22:11:45,923 [pool-87-thread-1] INFO  util.JmxRegister (JmxRegister.java:tryRegister(44)) - Successfully registered JMX Bean with object name Ratis:service=RaftServer,group=group-822AB3AB9147,id=73306d30-93c7-4acf-8650-89e6f82bf9ae
2019-09-18 22:11:45,940 [RatisPipelineUtilsThread] INFO  pipeline.PipelineStateManager (PipelineStateManager.java:addPipeline(56)) - Created pipeline Pipeline[ Id: 31e57e84-467d-4c71-9473-822ab3ab9147, Nodes: 73306d30-93c7-4acf-8650-89e6f82bf9ae{ip: 192.168.34.27, host: pr-hdds-2150-pzdq9-4118776691, networkLocation: /default-rack, certSerialId: null}, Type:RATIS, Factor:ONE, State:OPEN]
2019-09-18 22:11:45,964 [grpc-default-executor-0] INFO  impl.RaftServerProxy (RaftServerProxy.java:addNew(89)) - 83be8999-67ae-4928-8a06-df04737ded82: addNew group-BDB7AFCC3AC4:[83be8999-67ae-4928-8a06-df04737ded82:192.168.34.27:43276] returns group-BDB7AFCC3AC4:java.util.concurrent.CompletableFuture@a640ea2[Not completed]
2019-09-18 22:11:46,069 [pool-47-thread-1] INFO  impl.RaftServerImpl (RaftServerImpl.java:<init>(95)) - 83be8999-67ae-4928-8a06-df04737ded82: new RaftServerImpl for group-BDB7AFCC3AC4:[83be8999-67ae-4928-8a06-df04737ded82:192.168.34.27:43276] with ContainerStateMachine:uninitialized
2019-09-18 22:11:46,069 [pool-47-thread-1] INFO  server.RaftServerConfigKeys (ConfUtils.java:logGet(43)) - raft.server.rpc.timeout.min = 5s (custom)
2019-09-18 22:11:46,069 [pool-47-thread-1] INFO  server.RaftServerConfigKeys (ConfUtils.java:logGet(43)) - raft.server.rpc.timeout.max = 5200ms (custom)
2019-09-18 22:11:46,069 [pool-47-thread-1] INFO  server.RaftServerConfigKeys (ConfUtils.java:logGet(43)) - raft.server.rpcslowness.timeout = 120s (custom)
2019-09-18 22:11:46,070 [pool-47-thread-1] INFO  server.RaftServerConfigKeys (ConfUtils.java:logGet(43)) - raft.server.sleep.deviation.threshold = 300 (default)
2019-09-18 22:11:46,070 [pool-47-thread-1] INFO  server.RaftServerConfigKeys (ConfUtils.java:logGet(43)) - raft.server.log.appender.install.snapshot.enabled = false (custom)
2019-09-18 22:11:46,070 [pool-47-thread-1] INFO  impl.RaftServerImpl (ServerState.java:<init>(103)) - 83be8999-67ae-4928-8a06-df04737ded82@group-BDB7AFCC3AC4: ConfigurationManager, init=-1: [83be8999-67ae-4928-8a06-df04737ded82:192.168.34.27:43276], old=null, confs=<EMPTY_MAP>
2019-09-18 22:11:46,070 [pool-47-thread-1] INFO  server.RaftServerConfigKeys (ConfUtils.java:logGet(43)) - raft.server.storage.dir = [/workdir/hadoop-ozone/integration-test/target/test-dir/MiniOzoneClusterImpl-098cb20a-5709-466d-aded-8aed09afee3e/datanode-2/data/ratis] (custom)
2019-09-18 22:11:46,071 [pool-47-thread-1] INFO  storage.RaftStorageDirectory (RaftStorageDirectory.java:analyzeStorage(246)) - The storage directory /workdir/hadoop-ozone/integration-test/target/test-dir/MiniOzoneClusterImpl-098cb20a-5709-466d-aded-8aed09afee3e/datanode-2/data/ratis/45ec0dfd-2385-4d53-8de9-bdb7afcc3ac4 does not exist. Creating ...
2019-09-18 22:11:46,087 [pool-47-thread-1] INFO  storage.RaftStorageDirectory (RaftStorageDirectory.java:tryLock(328)) - Lock on /workdir/hadoop-ozone/integration-test/target/test-dir/MiniOzoneClusterImpl-098cb20a-5709-466d-aded-8aed09afee3e/datanode-2/data/ratis/45ec0dfd-2385-4d53-8de9-bdb7afcc3ac4/in_use.lock acquired by nodename 9434@pr-hdds-2150-pzdq9-4118776691
2019-09-18 22:11:46,150 [pool-47-thread-1] INFO  storage.RaftStorage (RaftStorage.java:format(72)) - Storage directory /workdir/hadoop-ozone/integration-test/target/test-dir/MiniOzoneClusterImpl-098cb20a-5709-466d-aded-8aed09afee3e/datanode-2/data/ratis/45ec0dfd-2385-4d53-8de9-bdb7afcc3ac4 has been successfully formatted.
2019-09-18 22:11:46,150 [pool-47-thread-1] INFO  ratis.ContainerStateMachine (ContainerStateMachine.java:loadSnapshot(230)) - group-BDB7AFCC3AC4: The snapshot info is null. Setting the last applied indexto:(t:0, i:~)
2019-09-18 22:11:46,151 [pool-47-thread-1] INFO  server.RaftServerConfigKeys (ConfUtils.java:logGet(43)) - raft.server.notification.no-leader.timeout = 120s (custom)
2019-09-18 22:11:46,151 [pool-47-thread-1] INFO  server.RaftServerConfigKeys (ConfUtils.java:logGet(43)) - raft.server.log.use.memory = false (default)
2019-09-18 22:11:46,151 [pool-47-thread-1] INFO  server.RaftServerConfigKeys (ConfUtils.java:logGet(43)) - raft.server.log.purge.gap = 1000000 (custom)
2019-09-18 22:11:46,151 [pool-47-thread-1] INFO  server.RaftServerConfigKeys (ConfUtils.java:logGet(43)) - raft.server.log.appender.buffer.byte-limit = 33554432 (custom)
2019-09-18 22:11:46,152 [pool-47-thread-1] INFO  server.RaftServerConfigKeys (ConfUtils.java:logGet(43)) - raft.server.log.segment.size.max = 1048576 (custom)
2019-09-18 22:11:46,152 [pool-47-thread-1] INFO  server.RaftServerConfigKeys (ConfUtils.java:logGet(43)) - raft.server.log.segment.cache.num.max = 2 (custom)
2019-09-18 22:11:46,152 [pool-47-thread-1] INFO  segmented.SegmentedRaftLogWorker (SegmentedRaftLogWorker.java:<init>(172)) - new 83be8999-67ae-4928-8a06-df04737ded82@group-BDB7AFCC3AC4-SegmentedRaftLogWorker for RaftStorage:Storage Directory /workdir/hadoop-ozone/integration-test/target/test-dir/MiniOzoneClusterImpl-098cb20a-5709-466d-aded-8aed09afee3e/datanode-2/data/ratis/45ec0dfd-2385-4d53-8de9-bdb7afcc3ac4
2019-09-18 22:11:46,156 [pool-47-thread-1] INFO  server.RaftServerConfigKeys (ConfUtils.java:logGet(43)) - raft.server.log.queue.byte-limit = 2147483647 (custom)
2019-09-18 22:11:46,156 [pool-47-thread-1] INFO  server.RaftServerConfigKeys (ConfUtils.java:logGet(43)) - raft.server.log.queue.element-limit = 1024 (custom)
2019-09-18 22:11:46,156 [pool-47-thread-1] INFO  server.RaftServerConfigKeys (ConfUtils.java:logGet(43)) - raft.server.log.segment.size.max = 1048576 (custom)
2019-09-18 22:11:46,156 [pool-47-thread-1] INFO  server.RaftServerConfigKeys (ConfUtils.java:logGet(43)) - raft.server.log.preallocated.size = 16384 (custom)
2019-09-18 22:11:46,157 [pool-47-thread-1] INFO  server.RaftServerConfigKeys (ConfUtils.java:logGet(43)) - raft.server.log.write.buffer.size = 33554432 (custom)
2019-09-18 22:11:46,157 [pool-47-thread-1] INFO  server.RaftServerConfigKeys (ConfUtils.java:logGet(43)) - raft.server.log.force.sync.num = 128 (default)
2019-09-18 22:11:46,157 [pool-47-thread-1] INFO  server.RaftServerConfigKeys (ConfUtils.java:logGet(43)) - raft.server.log.statemachine.data.sync = true (default)
2019-09-18 22:11:46,157 [pool-47-thread-1] INFO  server.RaftServerConfigKeys (ConfUtils.java:logGet(43)) - raft.server.log.statemachine.data.sync.timeout = 10s (default)
2019-09-18 22:11:46,157 [pool-47-thread-1] INFO  server.RaftServerConfigKeys (ConfUtils.java:logGet(43)) - raft.server.log.statemachine.data.sync.timeout.retry = -1 (default)
2019-09-18 22:11:46,158 [pool-47-thread-1] INFO  server.RaftServerConfigKeys (ConfUtils.java:logGet(43)) - raft.server.log.statemachine.data.caching.enabled = true (custom)
2019-09-18 22:11:46,158 [pool-47-thread-1] INFO  segmented.SegmentedRaftLogWorker (SegmentedRaftLogWorker.java:lambda$new$0(132)) - 83be8999-67ae-4928-8a06-df04737ded82@group-BDB7AFCC3AC4-SegmentedRaftLogWorker: flushIndex: setUnconditionally 0 -> -1
2019-09-18 22:11:46,159 [pool-47-thread-1] INFO  server.RaftServerConfigKeys (ConfUtils.java:logGet(43)) - raft.server.snapshot.auto.trigger.enabled = true (custom)
2019-09-18 22:11:46,159 [pool-47-thread-1] INFO  server.RaftServerConfigKeys (ConfUtils.java:logGet(43)) - raft.server.snapshot.auto.trigger.threshold = 10000 (custom)
2019-09-18 22:11:46,159 [pool-47-thread-1] INFO  server.RaftServerConfigKeys (ConfUtils.java:logGet(43)) - raft.server.snapshot.retention.num.files = 5 (custom)
2019-09-18 22:11:46,159 [pool-47-thread-1] INFO  server.RaftServerConfigKeys (ConfUtils.java:logGet(43)) - raft.server.retrycache.expirytime = 600000ms (custom)
2019-09-18 22:11:46,162 [pool-47-thread-1] INFO  impl.RaftServerImpl (RaftServerImpl.java:start(185)) - 83be8999-67ae-4928-8a06-df04737ded82@group-BDB7AFCC3AC4: start as a follower, conf=-1: [83be8999-67ae-4928-8a06-df04737ded82:192.168.34.27:43276], old=null
2019-09-18 22:11:46,162 [pool-47-thread-1] INFO  impl.RaftServerImpl (RaftServerImpl.java:setRole(174)) - 83be8999-67ae-4928-8a06-df04737ded82@group-BDB7AFCC3AC4: changes role from      null to FOLLOWER at term 0 for startAsFollower
2019-09-18 22:11:46,162 [pool-47-thread-1] INFO  impl.RoleInfo (RoleInfo.java:updateAndGet(143)) - 83be8999-67ae-4928-8a06-df04737ded82: start FollowerState
2019-09-18 22:11:46,162 [pool-47-thread-1] INFO  util.JmxRegister (JmxRegister.java:tryRegister(44)) - Successfully registered JMX Bean with object name Ratis:service=RaftServer,group=group-BDB7AFCC3AC4,id=83be8999-67ae-4928-8a06-df04737ded82
2019-09-18 22:11:46,179 [RatisPipelineUtilsThread] INFO  pipeline.PipelineStateManager (PipelineStateManager.java:addPipeline(56)) - Created pipeline Pipeline[ Id: 45ec0dfd-2385-4d53-8de9-bdb7afcc3ac4, Nodes: 83be8999-67ae-4928-8a06-df04737ded82{ip: 192.168.34.27, host: pr-hdds-2150-pzdq9-4118776691, networkLocation: /default-rack, certSerialId: null}, Type:RATIS, Factor:ONE, State:OPEN]
2019-09-18 22:11:46,211 [grpc-default-executor-0] INFO  impl.RaftServerProxy (RaftServerProxy.java:addNew(89)) - 66f56808-2197-40bb-9c50-2cf417eef624: addNew group-6A722EB1CF07:[66f56808-2197-40bb-9c50-2cf417eef624:192.168.34.27:33335] returns group-6A722EB1CF07:java.util.concurrent.CompletableFuture@15956dc5[Not completed]
2019-09-18 22:11:46,229 [pool-97-thread-1] INFO  impl.RaftServerImpl (RaftServerImpl.java:<init>(95)) - 66f56808-2197-40bb-9c50-2cf417eef624: new RaftServerImpl for group-6A722EB1CF07:[66f56808-2197-40bb-9c50-2cf417eef624:192.168.34.27:33335] with ContainerStateMachine:uninitialized
2019-09-18 22:11:46,229 [pool-97-thread-1] INFO  server.RaftServerConfigKeys (ConfUtils.java:logGet(43)) - raft.server.rpc.timeout.min = 5s (custom)
2019-09-18 22:11:46,229 [pool-97-thread-1] INFO  server.RaftServerConfigKeys (ConfUtils.java:logGet(43)) - raft.server.rpc.timeout.max = 5200ms (custom)
2019-09-18 22:11:46,229 [pool-97-thread-1] INFO  server.RaftServerConfigKeys (ConfUtils.java:logGet(43)) - raft.server.rpcslowness.timeout = 120s (custom)
2019-09-18 22:11:46,230 [pool-97-thread-1] INFO  server.RaftServerConfigKeys (ConfUtils.java:logGet(43)) - raft.server.sleep.deviation.threshold = 300 (default)
2019-09-18 22:11:46,230 [pool-97-thread-1] INFO  server.RaftServerConfigKeys (ConfUtils.java:logGet(43)) - raft.server.log.appender.install.snapshot.enabled = false (custom)
2019-09-18 22:11:46,230 [pool-97-thread-1] INFO  impl.RaftServerImpl (ServerState.java:<init>(103)) - 66f56808-2197-40bb-9c50-2cf417eef624@group-6A722EB1CF07: ConfigurationManager, init=-1: [66f56808-2197-40bb-9c50-2cf417eef624:192.168.34.27:33335], old=null, confs=<EMPTY_MAP>
2019-09-18 22:11:46,230 [pool-97-thread-1] INFO  server.RaftServerConfigKeys (ConfUtils.java:logGet(43)) - raft.server.storage.dir = [/workdir/hadoop-ozone/integration-test/target/test-dir/MiniOzoneClusterImpl-098cb20a-5709-466d-aded-8aed09afee3e/datanode-7/data/ratis] (custom)
2019-09-18 22:11:46,231 [pool-97-thread-1] INFO  storage.RaftStorageDirectory (RaftStorageDirectory.java:analyzeStorage(246)) - The storage directory /workdir/hadoop-ozone/integration-test/target/test-dir/MiniOzoneClusterImpl-098cb20a-5709-466d-aded-8aed09afee3e/datanode-7/data/ratis/5ab7025e-94cd-4ce5-b2d3-6a722eb1cf07 does not exist. Creating ...
2019-09-18 22:11:46,258 [pool-97-thread-1] INFO  storage.RaftStorageDirectory (RaftStorageDirectory.java:tryLock(328)) - Lock on /workdir/hadoop-ozone/integration-test/target/test-dir/MiniOzoneClusterImpl-098cb20a-5709-466d-aded-8aed09afee3e/datanode-7/data/ratis/5ab7025e-94cd-4ce5-b2d3-6a722eb1cf07/in_use.lock acquired by nodename 9434@pr-hdds-2150-pzdq9-4118776691
2019-09-18 22:11:46,283 [pool-97-thread-1] INFO  storage.RaftStorage (RaftStorage.java:format(72)) - Storage directory /workdir/hadoop-ozone/integration-test/target/test-dir/MiniOzoneClusterImpl-098cb20a-5709-466d-aded-8aed09afee3e/datanode-7/data/ratis/5ab7025e-94cd-4ce5-b2d3-6a722eb1cf07 has been successfully formatted.
2019-09-18 22:11:46,283 [pool-97-thread-1] INFO  ratis.ContainerStateMachine (ContainerStateMachine.java:loadSnapshot(230)) - group-6A722EB1CF07: The snapshot info is null. Setting the last applied indexto:(t:0, i:~)
2019-09-18 22:11:46,284 [pool-97-thread-1] INFO  server.RaftServerConfigKeys (ConfUtils.java:logGet(43)) - raft.server.notification.no-leader.timeout = 120s (custom)
2019-09-18 22:11:46,284 [pool-97-thread-1] INFO  server.RaftServerConfigKeys (ConfUtils.java:logGet(43)) - raft.server.log.use.memory = false (default)
2019-09-18 22:11:46,284 [pool-97-thread-1] INFO  server.RaftServerConfigKeys (ConfUtils.java:logGet(43)) - raft.server.log.purge.gap = 1000000 (custom)
2019-09-18 22:11:46,284 [pool-97-thread-1] INFO  server.RaftServerConfigKeys (ConfUtils.java:logGet(43)) - raft.server.log.appender.buffer.byte-limit = 33554432 (custom)
2019-09-18 22:11:46,285 [pool-97-thread-1] INFO  server.RaftServerConfigKeys (ConfUtils.java:logGet(43)) - raft.server.log.segment.size.max = 1048576 (custom)
2019-09-18 22:11:46,285 [pool-97-thread-1] INFO  server.RaftServerConfigKeys (ConfUtils.java:logGet(43)) - raft.server.log.segment.cache.num.max = 2 (custom)
2019-09-18 22:11:46,285 [pool-97-thread-1] INFO  segmented.SegmentedRaftLogWorker (SegmentedRaftLogWorker.java:<init>(172)) - new 66f56808-2197-40bb-9c50-2cf417eef624@group-6A722EB1CF07-SegmentedRaftLogWorker for RaftStorage:Storage Directory /workdir/hadoop-ozone/integration-test/target/test-dir/MiniOzoneClusterImpl-098cb20a-5709-466d-aded-8aed09afee3e/datanode-7/data/ratis/5ab7025e-94cd-4ce5-b2d3-6a722eb1cf07
2019-09-18 22:11:46,289 [pool-97-thread-1] INFO  server.RaftServerConfigKeys (ConfUtils.java:logGet(43)) - raft.server.log.queue.byte-limit = 2147483647 (custom)
2019-09-18 22:11:46,289 [pool-97-thread-1] INFO  server.RaftServerConfigKeys (ConfUtils.java:logGet(43)) - raft.server.log.queue.element-limit = 1024 (custom)
2019-09-18 22:11:46,290 [pool-97-thread-1] INFO  server.RaftServerConfigKeys (ConfUtils.java:logGet(43)) - raft.server.log.segment.size.max = 1048576 (custom)
2019-09-18 22:11:46,290 [pool-97-thread-1] INFO  server.RaftServerConfigKeys (ConfUtils.java:logGet(43)) - raft.server.log.preallocated.size = 16384 (custom)
2019-09-18 22:11:46,290 [pool-97-thread-1] INFO  server.RaftServerConfigKeys (ConfUtils.java:logGet(43)) - raft.server.log.write.buffer.size = 33554432 (custom)
2019-09-18 22:11:46,290 [pool-97-thread-1] INFO  server.RaftServerConfigKeys (ConfUtils.java:logGet(43)) - raft.server.log.force.sync.num = 128 (default)
2019-09-18 22:11:46,290 [pool-97-thread-1] INFO  server.RaftServerConfigKeys (ConfUtils.java:logGet(43)) - raft.server.log.statemachine.data.sync = true (default)
2019-09-18 22:11:46,291 [pool-97-thread-1] INFO  server.RaftServerConfigKeys (ConfUtils.java:logGet(43)) - raft.server.log.statemachine.data.sync.timeout = 10s (default)
2019-09-18 22:11:46,291 [pool-97-thread-1] INFO  server.RaftServerConfigKeys (ConfUtils.java:logGet(43)) - raft.server.log.statemachine.data.sync.timeout.retry = -1 (default)
2019-09-18 22:11:46,291 [pool-97-thread-1] INFO  server.RaftServerConfigKeys (ConfUtils.java:logGet(43)) - raft.server.log.statemachine.data.caching.enabled = true (custom)
2019-09-18 22:11:46,292 [pool-97-thread-1] INFO  segmented.SegmentedRaftLogWorker (SegmentedRaftLogWorker.java:lambda$new$0(132)) - 66f56808-2197-40bb-9c50-2cf417eef624@group-6A722EB1CF07-SegmentedRaftLogWorker: flushIndex: setUnconditionally 0 -> -1
2019-09-18 22:11:46,292 [pool-97-thread-1] INFO  server.RaftServerConfigKeys (ConfUtils.java:logGet(43)) - raft.server.snapshot.auto.trigger.enabled = true (custom)
2019-09-18 22:11:46,292 [pool-97-thread-1] INFO  server.RaftServerConfigKeys (ConfUtils.java:logGet(43)) - raft.server.snapshot.auto.trigger.threshold = 10000 (custom)
2019-09-18 22:11:46,292 [pool-97-thread-1] INFO  server.RaftServerConfigKeys (ConfUtils.java:logGet(43)) - raft.server.snapshot.retention.num.files = 5 (custom)
2019-09-18 22:11:46,293 [pool-97-thread-1] INFO  server.RaftServerConfigKeys (ConfUtils.java:logGet(43)) - raft.server.retrycache.expirytime = 600000ms (custom)
2019-09-18 22:11:46,299 [pool-97-thread-1] INFO  impl.RaftServerImpl (RaftServerImpl.java:start(185)) - 66f56808-2197-40bb-9c50-2cf417eef624@group-6A722EB1CF07: start as a follower, conf=-1: [66f56808-2197-40bb-9c50-2cf417eef624:192.168.34.27:33335], old=null
2019-09-18 22:11:46,300 [pool-97-thread-1] INFO  impl.RaftServerImpl (RaftServerImpl.java:setRole(174)) - 66f56808-2197-40bb-9c50-2cf417eef624@group-6A722EB1CF07: changes role from      null to FOLLOWER at term 0 for startAsFollower
2019-09-18 22:11:46,300 [pool-97-thread-1] INFO  impl.RoleInfo (RoleInfo.java:updateAndGet(143)) - 66f56808-2197-40bb-9c50-2cf417eef624: start FollowerState
2019-09-18 22:11:46,300 [pool-97-thread-1] INFO  util.JmxRegister (JmxRegister.java:tryRegister(44)) - Successfully registered JMX Bean with object name Ratis:service=RaftServer,group=group-6A722EB1CF07,id=66f56808-2197-40bb-9c50-2cf417eef624
2019-09-18 22:11:46,317 [RatisPipelineUtilsThread] INFO  pipeline.PipelineStateManager (PipelineStateManager.java:addPipeline(56)) - Created pipeline Pipeline[ Id: 5ab7025e-94cd-4ce5-b2d3-6a722eb1cf07, Nodes: 66f56808-2197-40bb-9c50-2cf417eef624{ip: 192.168.34.27, host: pr-hdds-2150-pzdq9-4118776691, networkLocation: /default-rack, certSerialId: null}, Type:RATIS, Factor:ONE, State:OPEN]
2019-09-18 22:11:46,372 [grpc-default-executor-1] INFO  impl.RaftServerProxy (RaftServerProxy.java:addNew(89)) - d117bc90-4994-4aca-be01-c9176126e9cd: addNew group-D2CBDCBF8CEF:[d117bc90-4994-4aca-be01-c9176126e9cd:192.168.34.27:41865, 379fa6c2-49a1-4408-8949-ca6be2717677:192.168.34.27:42824, 5419bd03-146b-4e1a-9251-4ae6710db1e4:192.168.34.27:45183] returns group-D2CBDCBF8CEF:java.util.concurrent.CompletableFuture@577c4c40[Not completed]
2019-09-18 22:11:46,372 [grpc-default-executor-2] INFO  impl.RaftServerProxy (RaftServerProxy.java:addNew(89)) - 379fa6c2-49a1-4408-8949-ca6be2717677: addNew group-D2CBDCBF8CEF:[d117bc90-4994-4aca-be01-c9176126e9cd:192.168.34.27:41865, 379fa6c2-49a1-4408-8949-ca6be2717677:192.168.34.27:42824, 5419bd03-146b-4e1a-9251-4ae6710db1e4:192.168.34.27:45183] returns group-D2CBDCBF8CEF:java.util.concurrent.CompletableFuture@2e959a0e[Not completed]
2019-09-18 22:11:46,376 [grpc-default-executor-2] INFO  impl.RaftServerProxy (RaftServerProxy.java:addNew(89)) - 5419bd03-146b-4e1a-9251-4ae6710db1e4: addNew group-D2CBDCBF8CEF:[d117bc90-4994-4aca-be01-c9176126e9cd:192.168.34.27:41865, 379fa6c2-49a1-4408-8949-ca6be2717677:192.168.34.27:42824, 5419bd03-146b-4e1a-9251-4ae6710db1e4:192.168.34.27:45183] returns group-D2CBDCBF8CEF:java.util.concurrent.CompletableFuture@2aaa1b04[Not completed]
2019-09-18 22:11:46,377 [pool-67-thread-1] INFO  impl.RaftServerImpl (RaftServerImpl.java:<init>(95)) - d117bc90-4994-4aca-be01-c9176126e9cd: new RaftServerImpl for group-D2CBDCBF8CEF:[d117bc90-4994-4aca-be01-c9176126e9cd:192.168.34.27:41865, 379fa6c2-49a1-4408-8949-ca6be2717677:192.168.34.27:42824, 5419bd03-146b-4e1a-9251-4ae6710db1e4:192.168.34.27:45183] with ContainerStateMachine:uninitialized
2019-09-18 22:11:46,377 [pool-67-thread-1] INFO  server.RaftServerConfigKeys (ConfUtils.java:logGet(43)) - raft.server.rpc.timeout.min = 5s (custom)
2019-09-18 22:11:46,377 [pool-67-thread-1] INFO  server.RaftServerConfigKeys (ConfUtils.java:logGet(43)) - raft.server.rpc.timeout.max = 5200ms (custom)
2019-09-18 22:11:46,377 [pool-67-thread-1] INFO  server.RaftServerConfigKeys (ConfUtils.java:logGet(43)) - raft.server.rpcslowness.timeout = 120s (custom)
2019-09-18 22:11:46,378 [pool-67-thread-1] INFO  server.RaftServerConfigKeys (ConfUtils.java:logGet(43)) - raft.server.sleep.deviation.threshold = 300 (default)
2019-09-18 22:11:46,378 [pool-67-thread-1] INFO  server.RaftServerConfigKeys (ConfUtils.java:logGet(43)) - raft.server.log.appender.install.snapshot.enabled = false (custom)
2019-09-18 22:11:46,378 [pool-77-thread-1] INFO  impl.RaftServerImpl (RaftServerImpl.java:<init>(95)) - 5419bd03-146b-4e1a-9251-4ae6710db1e4: new RaftServerImpl for group-D2CBDCBF8CEF:[d117bc90-4994-4aca-be01-c9176126e9cd:192.168.34.27:41865, 379fa6c2-49a1-4408-8949-ca6be2717677:192.168.34.27:42824, 5419bd03-146b-4e1a-9251-4ae6710db1e4:192.168.34.27:45183] with ContainerStateMachine:uninitialized
2019-09-18 22:11:46,378 [pool-67-thread-1] INFO  impl.RaftServerImpl (ServerState.java:<init>(103)) - d117bc90-4994-4aca-be01-c9176126e9cd@group-D2CBDCBF8CEF: ConfigurationManager, init=-1: [d117bc90-4994-4aca-be01-c9176126e9cd:192.168.34.27:41865, 379fa6c2-49a1-4408-8949-ca6be2717677:192.168.34.27:42824, 5419bd03-146b-4e1a-9251-4ae6710db1e4:192.168.34.27:45183], old=null, confs=<EMPTY_MAP>
2019-09-18 22:11:46,378 [pool-77-thread-1] INFO  server.RaftServerConfigKeys (ConfUtils.java:logGet(43)) - raft.server.rpc.timeout.min = 5s (custom)
2019-09-18 22:11:46,378 [pool-67-thread-1] INFO  server.RaftServerConfigKeys (ConfUtils.java:logGet(43)) - raft.server.storage.dir = [/workdir/hadoop-ozone/integration-test/target/test-dir/MiniOzoneClusterImpl-098cb20a-5709-466d-aded-8aed09afee3e/datanode-4/data/ratis] (custom)
2019-09-18 22:11:46,378 [pool-77-thread-1] INFO  server.RaftServerConfigKeys (ConfUtils.java:logGet(43)) - raft.server.rpc.timeout.max = 5200ms (custom)
2019-09-18 22:11:46,379 [pool-77-thread-1] INFO  server.RaftServerConfigKeys (ConfUtils.java:logGet(43)) - raft.server.rpcslowness.timeout = 120s (custom)
2019-09-18 22:11:46,379 [pool-57-thread-1] INFO  impl.RaftServerImpl (RaftServerImpl.java:<init>(95)) - 379fa6c2-49a1-4408-8949-ca6be2717677: new RaftServerImpl for group-D2CBDCBF8CEF:[d117bc90-4994-4aca-be01-c9176126e9cd:192.168.34.27:41865, 379fa6c2-49a1-4408-8949-ca6be2717677:192.168.34.27:42824, 5419bd03-146b-4e1a-9251-4ae6710db1e4:192.168.34.27:45183] with ContainerStateMachine:uninitialized
2019-09-18 22:11:46,379 [pool-77-thread-1] INFO  server.RaftServerConfigKeys (ConfUtils.java:logGet(43)) - raft.server.sleep.deviation.threshold = 300 (default)
2019-09-18 22:11:46,379 [pool-67-thread-1] INFO  storage.RaftStorageDirectory (RaftStorageDirectory.java:analyzeStorage(246)) - The storage directory /workdir/hadoop-ozone/integration-test/target/test-dir/MiniOzoneClusterImpl-098cb20a-5709-466d-aded-8aed09afee3e/datanode-4/data/ratis/b88b2c82-5308-415c-9f6f-d2cbdcbf8cef does not exist. Creating ...
2019-09-18 22:11:46,379 [pool-57-thread-1] INFO  server.RaftServerConfigKeys (ConfUtils.java:logGet(43)) - raft.server.rpc.timeout.min = 5s (custom)
2019-09-18 22:11:46,379 [pool-77-thread-1] INFO  server.RaftServerConfigKeys (ConfUtils.java:logGet(43)) - raft.server.log.appender.install.snapshot.enabled = false (custom)
2019-09-18 22:11:46,379 [pool-57-thread-1] INFO  server.RaftServerConfigKeys (ConfUtils.java:logGet(43)) - raft.server.rpc.timeout.max = 5200ms (custom)
2019-09-18 22:11:46,379 [pool-77-thread-1] INFO  impl.RaftServerImpl (ServerState.java:<init>(103)) - 5419bd03-146b-4e1a-9251-4ae6710db1e4@group-D2CBDCBF8CEF: ConfigurationManager, init=-1: [d117bc90-4994-4aca-be01-c9176126e9cd:192.168.34.27:41865, 379fa6c2-49a1-4408-8949-ca6be2717677:192.168.34.27:42824, 5419bd03-146b-4e1a-9251-4ae6710db1e4:192.168.34.27:45183], old=null, confs=<EMPTY_MAP>
2019-09-18 22:11:46,379 [pool-57-thread-1] INFO  server.RaftServerConfigKeys (ConfUtils.java:logGet(43)) - raft.server.rpcslowness.timeout = 120s (custom)
2019-09-18 22:11:46,380 [pool-77-thread-1] INFO  server.RaftServerConfigKeys (ConfUtils.java:logGet(43)) - raft.server.storage.dir = [/workdir/hadoop-ozone/integration-test/target/test-dir/MiniOzoneClusterImpl-098cb20a-5709-466d-aded-8aed09afee3e/datanode-5/data/ratis] (custom)
2019-09-18 22:11:46,380 [pool-57-thread-1] INFO  server.RaftServerConfigKeys (ConfUtils.java:logGet(43)) - raft.server.sleep.deviation.threshold = 300 (default)
2019-09-18 22:11:46,380 [pool-57-thread-1] INFO  server.RaftServerConfigKeys (ConfUtils.java:logGet(43)) - raft.server.log.appender.install.snapshot.enabled = false (custom)
2019-09-18 22:11:46,380 [pool-57-thread-1] INFO  impl.RaftServerImpl (ServerState.java:<init>(103)) - 379fa6c2-49a1-4408-8949-ca6be2717677@group-D2CBDCBF8CEF: ConfigurationManager, init=-1: [d117bc90-4994-4aca-be01-c9176126e9cd:192.168.34.27:41865, 379fa6c2-49a1-4408-8949-ca6be2717677:192.168.34.27:42824, 5419bd03-146b-4e1a-9251-4ae6710db1e4:192.168.34.27:45183], old=null, confs=<EMPTY_MAP>
2019-09-18 22:11:46,380 [pool-77-thread-1] INFO  storage.RaftStorageDirectory (RaftStorageDirectory.java:analyzeStorage(246)) - The storage directory /workdir/hadoop-ozone/integration-test/target/test-dir/MiniOzoneClusterImpl-098cb20a-5709-466d-aded-8aed09afee3e/datanode-5/data/ratis/b88b2c82-5308-415c-9f6f-d2cbdcbf8cef does not exist. Creating ...
2019-09-18 22:11:46,380 [pool-57-thread-1] INFO  server.RaftServerConfigKeys (ConfUtils.java:logGet(43)) - raft.server.storage.dir = [/workdir/hadoop-ozone/integration-test/target/test-dir/MiniOzoneClusterImpl-098cb20a-5709-466d-aded-8aed09afee3e/datanode-3/data/ratis] (custom)
2019-09-18 22:11:46,381 [pool-57-thread-1] INFO  storage.RaftStorageDirectory (RaftStorageDirectory.java:analyzeStorage(246)) - The storage directory /workdir/hadoop-ozone/integration-test/target/test-dir/MiniOzoneClusterImpl-098cb20a-5709-466d-aded-8aed09afee3e/datanode-3/data/ratis/b88b2c82-5308-415c-9f6f-d2cbdcbf8cef does not exist. Creating ...
2019-09-18 22:11:46,404 [pool-67-thread-1] INFO  storage.RaftStorageDirectory (RaftStorageDirectory.java:tryLock(328)) - Lock on /workdir/hadoop-ozone/integration-test/target/test-dir/MiniOzoneClusterImpl-098cb20a-5709-466d-aded-8aed09afee3e/datanode-4/data/ratis/b88b2c82-5308-415c-9f6f-d2cbdcbf8cef/in_use.lock acquired by nodename 9434@pr-hdds-2150-pzdq9-4118776691
2019-09-18 22:11:46,404 [pool-57-thread-1] INFO  storage.RaftStorageDirectory (RaftStorageDirectory.java:tryLock(328)) - Lock on /workdir/hadoop-ozone/integration-test/target/test-dir/MiniOzoneClusterImpl-098cb20a-5709-466d-aded-8aed09afee3e/datanode-3/data/ratis/b88b2c82-5308-415c-9f6f-d2cbdcbf8cef/in_use.lock acquired by nodename 9434@pr-hdds-2150-pzdq9-4118776691
2019-09-18 22:11:46,404 [pool-77-thread-1] INFO  storage.RaftStorageDirectory (RaftStorageDirectory.java:tryLock(328)) - Lock on /workdir/hadoop-ozone/integration-test/target/test-dir/MiniOzoneClusterImpl-098cb20a-5709-466d-aded-8aed09afee3e/datanode-5/data/ratis/b88b2c82-5308-415c-9f6f-d2cbdcbf8cef/in_use.lock acquired by nodename 9434@pr-hdds-2150-pzdq9-4118776691
2019-09-18 22:11:46,424 [pool-67-thread-1] INFO  storage.RaftStorage (RaftStorage.java:format(72)) - Storage directory /workdir/hadoop-ozone/integration-test/target/test-dir/MiniOzoneClusterImpl-098cb20a-5709-466d-aded-8aed09afee3e/datanode-4/data/ratis/b88b2c82-5308-415c-9f6f-d2cbdcbf8cef has been successfully formatted.
2019-09-18 22:11:46,424 [pool-57-thread-1] INFO  storage.RaftStorage (RaftStorage.java:format(72)) - Storage directory /workdir/hadoop-ozone/integration-test/target/test-dir/MiniOzoneClusterImpl-098cb20a-5709-466d-aded-8aed09afee3e/datanode-3/data/ratis/b88b2c82-5308-415c-9f6f-d2cbdcbf8cef has been successfully formatted.
2019-09-18 22:11:46,424 [pool-67-thread-1] INFO  ratis.ContainerStateMachine (ContainerStateMachine.java:loadSnapshot(230)) - group-D2CBDCBF8CEF: The snapshot info is null. Setting the last applied indexto:(t:0, i:~)
2019-09-18 22:11:46,424 [pool-77-thread-1] INFO  storage.RaftStorage (RaftStorage.java:format(72)) - Storage directory /workdir/hadoop-ozone/integration-test/target/test-dir/MiniOzoneClusterImpl-098cb20a-5709-466d-aded-8aed09afee3e/datanode-5/data/ratis/b88b2c82-5308-415c-9f6f-d2cbdcbf8cef has been successfully formatted.
2019-09-18 22:11:46,424 [pool-57-thread-1] INFO  ratis.ContainerStateMachine (ContainerStateMachine.java:loadSnapshot(230)) - group-D2CBDCBF8CEF: The snapshot info is null. Setting the last applied indexto:(t:0, i:~)
2019-09-18 22:11:46,424 [pool-67-thread-1] INFO  server.RaftServerConfigKeys (ConfUtils.java:logGet(43)) - raft.server.notification.no-leader.timeout = 120s (custom)
2019-09-18 22:11:46,425 [pool-77-thread-1] INFO  ratis.ContainerStateMachine (ContainerStateMachine.java:loadSnapshot(230)) - group-D2CBDCBF8CEF: The snapshot info is null. Setting the last applied indexto:(t:0, i:~)
2019-09-18 22:11:46,425 [pool-57-thread-1] INFO  server.RaftServerConfigKeys (ConfUtils.java:logGet(43)) - raft.server.notification.no-leader.timeout = 120s (custom)
2019-09-18 22:11:46,425 [pool-77-thread-1] INFO  server.RaftServerConfigKeys (ConfUtils.java:logGet(43)) - raft.server.notification.no-leader.timeout = 120s (custom)
2019-09-18 22:11:46,425 [pool-67-thread-1] INFO  server.RaftServerConfigKeys (ConfUtils.java:logGet(43)) - raft.server.log.use.memory = false (default)
2019-09-18 22:11:46,425 [pool-77-thread-1] INFO  server.RaftServerConfigKeys (ConfUtils.java:logGet(43)) - raft.server.log.use.memory = false (default)
2019-09-18 22:11:46,425 [pool-57-thread-1] INFO  server.RaftServerConfigKeys (ConfUtils.java:logGet(43)) - raft.server.log.use.memory = false (default)
2019-09-18 22:11:46,426 [pool-77-thread-1] INFO  server.RaftServerConfigKeys (ConfUtils.java:logGet(43)) - raft.server.log.purge.gap = 1000000 (custom)
2019-09-18 22:11:46,425 [pool-67-thread-1] INFO  server.RaftServerConfigKeys (ConfUtils.java:logGet(43)) - raft.server.log.purge.gap = 1000000 (custom)
2019-09-18 22:11:46,426 [pool-77-thread-1] INFO  server.RaftServerConfigKeys (ConfUtils.java:logGet(43)) - raft.server.log.appender.buffer.byte-limit = 33554432 (custom)
2019-09-18 22:11:46,426 [pool-57-thread-1] INFO  server.RaftServerConfigKeys (ConfUtils.java:logGet(43)) - raft.server.log.purge.gap = 1000000 (custom)
2019-09-18 22:11:46,426 [pool-77-thread-1] INFO  server.RaftServerConfigKeys (ConfUtils.java:logGet(43)) - raft.server.log.segment.size.max = 1048576 (custom)
2019-09-18 22:11:46,426 [pool-67-thread-1] INFO  server.RaftServerConfigKeys (ConfUtils.java:logGet(43)) - raft.server.log.appender.buffer.byte-limit = 33554432 (custom)
2019-09-18 22:11:46,426 [pool-77-thread-1] INFO  server.RaftServerConfigKeys (ConfUtils.java:logGet(43)) - raft.server.log.segment.cache.num.max = 2 (custom)
2019-09-18 22:11:46,426 [pool-57-thread-1] INFO  server.RaftServerConfigKeys (ConfUtils.java:logGet(43)) - raft.server.log.appender.buffer.byte-limit = 33554432 (custom)
2019-09-18 22:11:46,427 [pool-77-thread-1] INFO  segmented.SegmentedRaftLogWorker (SegmentedRaftLogWorker.java:<init>(172)) - new 5419bd03-146b-4e1a-9251-4ae6710db1e4@group-D2CBDCBF8CEF-SegmentedRaftLogWorker for RaftStorage:Storage Directory /workdir/hadoop-ozone/integration-test/target/test-dir/MiniOzoneClusterImpl-098cb20a-5709-466d-aded-8aed09afee3e/datanode-5/data/ratis/b88b2c82-5308-415c-9f6f-d2cbdcbf8cef
2019-09-18 22:11:46,427 [main] INFO  ozone.MiniOzoneClusterImpl (MiniOzoneClusterImpl.java:shutdown(312)) - Shutting down the Mini Ozone Cluster
2019-09-18 22:11:46,427 [pool-67-thread-1] INFO  server.RaftServerConfigKeys (ConfUtils.java:logGet(43)) - raft.server.log.segment.size.max = 1048576 (custom)
2019-09-18 22:11:46,427 [pool-77-thread-1] INFO  server.RaftServerConfigKeys (ConfUtils.java:logGet(43)) - raft.server.log.queue.byte-limit = 2147483647 (custom)
2019-09-18 22:11:46,427 [pool-57-thread-1] INFO  server.RaftServerConfigKeys (ConfUtils.java:logGet(43)) - raft.server.log.segment.size.max = 1048576 (custom)
2019-09-18 22:11:46,428 [pool-77-thread-1] INFO  server.RaftServerConfigKeys (ConfUtils.java:logGet(43)) - raft.server.log.queue.element-limit = 1024 (custom)
2019-09-18 22:11:46,427 [main] INFO  ozone.MiniOzoneClusterImpl (MiniOzoneClusterImpl.java:stop(327)) - Stopping the Mini Ozone Cluster
2019-09-18 22:11:46,427 [pool-67-thread-1] INFO  server.RaftServerConfigKeys (ConfUtils.java:logGet(43)) - raft.server.log.segment.cache.num.max = 2 (custom)
2019-09-18 22:11:46,428 [main] INFO  ozone.MiniOzoneClusterImpl (MiniOzoneClusterImpl.java:stop(329)) - Stopping the OzoneManager
2019-09-18 22:11:46,428 [pool-77-thread-1] INFO  server.RaftServerConfigKeys (ConfUtils.java:logGet(43)) - raft.server.log.segment.size.max = 1048576 (custom)
2019-09-18 22:11:46,428 [pool-57-thread-1] INFO  server.RaftServerConfigKeys (ConfUtils.java:logGet(43)) - raft.server.log.segment.cache.num.max = 2 (custom)
2019-09-18 22:11:46,432 [pool-77-thread-1] INFO  server.RaftServerConfigKeys (ConfUtils.java:logGet(43)) - raft.server.log.preallocated.size = 16384 (custom)
2019-09-18 22:11:46,428 [main] INFO  ipc.Server (Server.java:stop(3082)) - Stopping server on 46131
2019-09-18 22:11:46,428 [pool-67-thread-1] INFO  segmented.SegmentedRaftLogWorker (SegmentedRaftLogWorker.java:<init>(172)) - new d117bc90-4994-4aca-be01-c9176126e9cd@group-D2CBDCBF8CEF-SegmentedRaftLogWorker for RaftStorage:Storage Directory /workdir/hadoop-ozone/integration-test/target/test-dir/MiniOzoneClusterImpl-098cb20a-5709-466d-aded-8aed09afee3e/datanode-4/data/ratis/b88b2c82-5308-415c-9f6f-d2cbdcbf8cef
2019-09-18 22:11:46,432 [pool-77-thread-1] INFO  server.RaftServerConfigKeys (ConfUtils.java:logGet(43)) - raft.server.log.write.buffer.size = 33554432 (custom)
2019-09-18 22:11:46,432 [pool-57-thread-1] INFO  segmented.SegmentedRaftLogWorker (SegmentedRaftLogWorker.java:<init>(172)) - new 379fa6c2-49a1-4408-8949-ca6be2717677@group-D2CBDCBF8CEF-SegmentedRaftLogWorker for RaftStorage:Storage Directory /workdir/hadoop-ozone/integration-test/target/test-dir/MiniOzoneClusterImpl-098cb20a-5709-466d-aded-8aed09afee3e/datanode-3/data/ratis/b88b2c82-5308-415c-9f6f-d2cbdcbf8cef
2019-09-18 22:11:46,440 [pool-77-thread-1] INFO  server.RaftServerConfigKeys (ConfUtils.java:logGet(43)) - raft.server.log.force.sync.num = 128 (default)
2019-09-18 22:11:46,433 [pool-67-thread-1] INFO  server.RaftServerConfigKeys (ConfUtils.java:logGet(43)) - raft.server.log.queue.byte-limit = 2147483647 (custom)
2019-09-18 22:11:46,444 [pool-77-thread-1] INFO  server.RaftServerConfigKeys (ConfUtils.java:logGet(43)) - raft.server.log.statemachine.data.sync = true (default)
2019-09-18 22:11:46,447 [pool-67-thread-1] INFO  server.RaftServerConfigKeys (ConfUtils.java:logGet(43)) - raft.server.log.queue.element-limit = 1024 (custom)
2019-09-18 22:11:46,441 [pool-57-thread-1] INFO  server.RaftServerConfigKeys (ConfUtils.java:logGet(43)) - raft.server.log.queue.byte-limit = 2147483647 (custom)
2019-09-18 22:11:46,453 [pool-67-thread-1] INFO  server.RaftServerConfigKeys (ConfUtils.java:logGet(43)) - raft.server.log.segment.size.max = 1048576 (custom)
2019-09-18 22:11:46,450 [pool-77-thread-1] INFO  server.RaftServerConfigKeys (ConfUtils.java:logGet(43)) - raft.server.log.statemachine.data.sync.timeout = 10s (default)
2019-09-18 22:11:46,450 [IPC Server Responder] INFO  ipc.Server (Server.java:run(1319)) - Stopping IPC Server Responder
2019-09-18 22:11:46,447 [main] INFO  ratis.OzoneManagerDoubleBuffer (OzoneManagerDoubleBuffer.java:stop(248)) - Stopping OMDoubleBuffer flush thread
2019-09-18 22:11:46,446 [IPC Server listener on 46131] INFO  ipc.Server (Server.java:run(1185)) - Stopping IPC Server listener on 46131
2019-09-18 22:11:46,465 [pool-77-thread-1] INFO  server.RaftServerConfigKeys (ConfUtils.java:logGet(43)) - raft.server.log.statemachine.data.sync.timeout.retry = -1 (default)
2019-09-18 22:11:46,465 [pool-67-thread-1] INFO  server.RaftServerConfigKeys (ConfUtils.java:logGet(43)) - raft.server.log.preallocated.size = 16384 (custom)
2019-09-18 22:11:46,477 [OMDoubleBufferFlushThread] INFO  ratis.OzoneManagerDoubleBuffer (OzoneManagerDoubleBuffer.java:flushTransactions(191)) - OMDoubleBuffer flush thread OMDoubleBufferFlushThread is interrupted and will exit. OMDoubleBufferFlushThread
2019-09-18 22:11:46,459 [pool-57-thread-1] INFO  server.RaftServerConfigKeys (ConfUtils.java:logGet(43)) - raft.server.log.queue.element-limit = 1024 (custom)
2019-09-18 22:11:46,479 [pool-77-thread-1] INFO  server.RaftServerConfigKeys (ConfUtils.java:logGet(43)) - raft.server.log.statemachine.data.caching.enabled = true (custom)
2019-09-18 22:11:46,479 [pool-67-thread-1] INFO  server.RaftServerConfigKeys (ConfUtils.java:logGet(43)) - raft.server.log.write.buffer.size = 33554432 (custom)
2019-09-18 22:11:46,481 [main] INFO  utils.BackgroundService (BackgroundService.java:shutdown(148)) - Shutting down service KeyDeletingService
2019-09-18 22:11:46,479 [pool-57-thread-1] INFO  server.RaftServerConfigKeys (ConfUtils.java:logGet(43)) - raft.server.log.segment.size.max = 1048576 (custom)
2019-09-18 22:11:46,481 [pool-77-thread-1] INFO  segmented.SegmentedRaftLogWorker (SegmentedRaftLogWorker.java:lambda$new$0(132)) - 5419bd03-146b-4e1a-9251-4ae6710db1e4@group-D2CBDCBF8CEF-SegmentedRaftLogWorker: flushIndex: setUnconditionally 0 -> -1
2019-09-18 22:11:46,481 [pool-67-thread-1] INFO  server.RaftServerConfigKeys (ConfUtils.java:logGet(43)) - raft.server.log.force.sync.num = 128 (default)
2019-09-18 22:11:46,482 [pool-57-thread-1] INFO  server.RaftServerConfigKeys (ConfUtils.java:logGet(43)) - raft.server.log.preallocated.size = 16384 (custom)
2019-09-18 22:11:46,482 [pool-67-thread-1] INFO  server.RaftServerConfigKeys (ConfUtils.java:logGet(43)) - raft.server.log.statemachine.data.sync = true (default)
2019-09-18 22:11:46,482 [pool-77-thread-1] INFO  server.RaftServerConfigKeys (ConfUtils.java:logGet(43)) - raft.server.snapshot.auto.trigger.enabled = true (custom)
2019-09-18 22:11:46,482 [pool-57-thread-1] INFO  server.RaftServerConfigKeys (ConfUtils.java:logGet(43)) - raft.server.log.write.buffer.size = 33554432 (custom)
2019-09-18 22:11:46,483 [pool-77-thread-1] INFO  server.RaftServerConfigKeys (ConfUtils.java:logGet(43)) - raft.server.snapshot.auto.trigger.threshold = 10000 (custom)
2019-09-18 22:11:46,483 [pool-67-thread-1] INFO  server.RaftServerConfigKeys (ConfUtils.java:logGet(43)) - raft.server.log.statemachine.data.sync.timeout = 10s (default)
2019-09-18 22:11:46,483 [pool-77-thread-1] INFO  server.RaftServerConfigKeys (ConfUtils.java:logGet(43)) - raft.server.snapshot.retention.num.files = 5 (custom)
2019-09-18 22:11:46,483 [pool-57-thread-1] INFO  server.RaftServerConfigKeys (ConfUtils.java:logGet(43)) - raft.server.log.force.sync.num = 128 (default)
2019-09-18 22:11:46,483 [pool-77-thread-1] INFO  server.RaftServerConfigKeys (ConfUtils.java:logGet(43)) - raft.server.retrycache.expirytime = 600000ms (custom)
2019-09-18 22:11:46,483 [pool-67-thread-1] INFO  server.RaftServerConfigKeys (ConfUtils.java:logGet(43)) - raft.server.log.statemachine.data.sync.timeout.retry = -1 (default)
2019-09-18 22:11:46,484 [pool-57-thread-1] INFO  server.RaftServerConfigKeys (ConfUtils.java:logGet(43)) - raft.server.log.statemachine.data.sync = true (default)
2019-09-18 22:11:46,484 [pool-67-thread-1] INFO  server.RaftServerConfigKeys (ConfUtils.java:logGet(43)) - raft.server.log.statemachine.data.caching.enabled = true (custom)
2019-09-18 22:11:46,484 [pool-57-thread-1] INFO  server.RaftServerConfigKeys (ConfUtils.java:logGet(43)) - raft.server.log.statemachine.data.sync.timeout = 10s (default)
2019-09-18 22:11:46,484 [pool-57-thread-1] INFO  server.RaftServerConfigKeys (ConfUtils.java:logGet(43)) - raft.server.log.statemachine.data.sync.timeout.retry = -1 (default)
2019-09-18 22:11:46,484 [pool-67-thread-1] INFO  segmented.SegmentedRaftLogWorker (SegmentedRaftLogWorker.java:lambda$new$0(132)) - d117bc90-4994-4aca-be01-c9176126e9cd@group-D2CBDCBF8CEF-SegmentedRaftLogWorker: flushIndex: setUnconditionally 0 -> -1
2019-09-18 22:11:46,485 [main] INFO  handler.ContextHandler (ContextHandler.java:doStop(910)) - Stopped o.e.j.w.WebAppContext@2032e725{/,null,UNAVAILABLE}{/ozoneManager}
2019-09-18 22:11:46,485 [pool-57-thread-1] INFO  server.RaftServerConfigKeys (ConfUtils.java:logGet(43)) - raft.server.log.statemachine.data.caching.enabled = true (custom)
2019-09-18 22:11:46,485 [pool-67-thread-1] INFO  server.RaftServerConfigKeys (ConfUtils.java:logGet(43)) - raft.server.snapshot.auto.trigger.enabled = true (custom)
2019-09-18 22:11:46,485 [pool-67-thread-1] INFO  server.RaftServerConfigKeys (ConfUtils.java:logGet(43)) - raft.server.snapshot.auto.trigger.threshold = 10000 (custom)
2019-09-18 22:11:46,485 [pool-57-thread-1] INFO  segmented.SegmentedRaftLogWorker (SegmentedRaftLogWorker.java:lambda$new$0(132)) - 379fa6c2-49a1-4408-8949-ca6be2717677@group-D2CBDCBF8CEF-SegmentedRaftLogWorker: flushIndex: setUnconditionally 0 -> -1
2019-09-18 22:11:46,486 [pool-67-thread-1] INFO  server.RaftServerConfigKeys (ConfUtils.java:logGet(43)) - raft.server.snapshot.retention.num.files = 5 (custom)
2019-09-18 22:11:46,486 [pool-57-thread-1] INFO  server.RaftServerConfigKeys (ConfUtils.java:logGet(43)) - raft.server.snapshot.auto.trigger.enabled = true (custom)
2019-09-18 22:11:46,486 [pool-67-thread-1] INFO  server.RaftServerConfigKeys (ConfUtils.java:logGet(43)) - raft.server.retrycache.expirytime = 600000ms (custom)
2019-09-18 22:11:46,486 [pool-57-thread-1] INFO  server.RaftServerConfigKeys (ConfUtils.java:logGet(43)) - raft.server.snapshot.auto.trigger.threshold = 10000 (custom)
2019-09-18 22:11:46,486 [pool-57-thread-1] INFO  server.RaftServerConfigKeys (ConfUtils.java:logGet(43)) - raft.server.snapshot.retention.num.files = 5 (custom)
2019-09-18 22:11:46,487 [pool-57-thread-1] INFO  server.RaftServerConfigKeys (ConfUtils.java:logGet(43)) - raft.server.retrycache.expirytime = 600000ms (custom)
2019-09-18 22:11:46,487 [pool-77-thread-1] INFO  impl.RaftServerImpl (RaftServerImpl.java:start(185)) - 5419bd03-146b-4e1a-9251-4ae6710db1e4@group-D2CBDCBF8CEF: start as a follower, conf=-1: [d117bc90-4994-4aca-be01-c9176126e9cd:192.168.34.27:41865, 379fa6c2-49a1-4408-8949-ca6be2717677:192.168.34.27:42824, 5419bd03-146b-4e1a-9251-4ae6710db1e4:192.168.34.27:45183], old=null
2019-09-18 22:11:46,487 [pool-77-thread-1] INFO  impl.RaftServerImpl (RaftServerImpl.java:setRole(174)) - 5419bd03-146b-4e1a-9251-4ae6710db1e4@group-D2CBDCBF8CEF: changes role from      null to FOLLOWER at term 0 for startAsFollower
2019-09-18 22:11:46,488 [pool-77-thread-1] INFO  impl.RoleInfo (RoleInfo.java:updateAndGet(143)) - 5419bd03-146b-4e1a-9251-4ae6710db1e4: start FollowerState
2019-09-18 22:11:46,488 [pool-77-thread-1] INFO  util.JmxRegister (JmxRegister.java:tryRegister(44)) - Successfully registered JMX Bean with object name Ratis:service=RaftServer,group=group-D2CBDCBF8CEF,id=5419bd03-146b-4e1a-9251-4ae6710db1e4
2019-09-18 22:11:46,496 [main] INFO  server.AbstractConnector (AbstractConnector.java:doStop(318)) - Stopped ServerConnector@4d23015c{HTTP/1.1,[http/1.1]}{0.0.0.0:0}
2019-09-18 22:11:46,499 [main] INFO  handler.ContextHandler (ContextHandler.java:doStop(910)) - Stopped o.e.j.s.ServletContextHandler@4455f57d{/static,file:///workdir/hadoop-ozone/integration-test/target/test-classes/webapps/static,UNAVAILABLE}
2019-09-18 22:11:46,499 [pool-67-thread-1] INFO  impl.RaftServerImpl (RaftServerImpl.java:start(185)) - d117bc90-4994-4aca-be01-c9176126e9cd@group-D2CBDCBF8CEF: start as a follower, conf=-1: [d117bc90-4994-4aca-be01-c9176126e9cd:192.168.34.27:41865, 379fa6c2-49a1-4408-8949-ca6be2717677:192.168.34.27:42824, 5419bd03-146b-4e1a-9251-4ae6710db1e4:192.168.34.27:45183], old=null
2019-09-18 22:11:46,502 [pool-57-thread-1] INFO  impl.RaftServerImpl (RaftServerImpl.java:start(185)) - 379fa6c2-49a1-4408-8949-ca6be2717677@group-D2CBDCBF8CEF: start as a follower, conf=-1: [d117bc90-4994-4aca-be01-c9176126e9cd:192.168.34.27:41865, 379fa6c2-49a1-4408-8949-ca6be2717677:192.168.34.27:42824, 5419bd03-146b-4e1a-9251-4ae6710db1e4:192.168.34.27:45183], old=null
2019-09-18 22:11:46,502 [pool-67-thread-1] INFO  impl.RaftServerImpl (RaftServerImpl.java:setRole(174)) - d117bc90-4994-4aca-be01-c9176126e9cd@group-D2CBDCBF8CEF: changes role from      null to FOLLOWER at term 0 for startAsFollower
2019-09-18 22:11:46,502 [main] INFO  handler.ContextHandler (ContextHandler.java:doStop(910)) - Stopped o.e.j.s.ServletContextHandler@ccd1bc3{/logs,file:///workdir/hadoop-ozone/integration-test/target/log,UNAVAILABLE}
2019-09-18 22:11:46,505 [pool-67-thread-1] INFO  impl.RoleInfo (RoleInfo.java:updateAndGet(143)) - d117bc90-4994-4aca-be01-c9176126e9cd: start FollowerState
2019-09-18 22:11:46,502 [pool-57-thread-1] INFO  impl.RaftServerImpl (RaftServerImpl.java:setRole(174)) - 379fa6c2-49a1-4408-8949-ca6be2717677@group-D2CBDCBF8CEF: changes role from      null to FOLLOWER at term 0 for startAsFollower
2019-09-18 22:11:46,505 [pool-57-thread-1] INFO  impl.RoleInfo (RoleInfo.java:updateAndGet(143)) - 379fa6c2-49a1-4408-8949-ca6be2717677: start FollowerState
2019-09-18 22:11:46,505 [pool-67-thread-1] INFO  util.JmxRegister (JmxRegister.java:tryRegister(44)) - Successfully registered JMX Bean with object name Ratis:service=RaftServer,group=group-D2CBDCBF8CEF,id=d117bc90-4994-4aca-be01-c9176126e9cd
2019-09-18 22:11:46,506 [pool-57-thread-1] INFO  util.JmxRegister (JmxRegister.java:tryRegister(44)) - Successfully registered JMX Bean with object name Ratis:service=RaftServer,group=group-D2CBDCBF8CEF,id=379fa6c2-49a1-4408-8949-ca6be2717677
2019-09-18 22:11:46,516 [main] INFO  ozone.MiniOzoneClusterImpl (MiniOzoneClusterImpl.java:stop(335)) - Shutting the HddsDatanodes
2019-09-18 22:11:46,532 [Datanode State Machine Thread - 0] INFO  statemachine.DatanodeStateMachine (DatanodeStateMachine.java:lambda$startDaemon$0(350)) - Ozone container server started.
2019-09-18 22:11:46,536 [RatisPipelineUtilsThread] INFO  pipeline.PipelineStateManager (PipelineStateManager.java:addPipeline(56)) - Created pipeline Pipeline[ Id: b88b2c82-5308-415c-9f6f-d2cbdcbf8cef, Nodes: 379fa6c2-49a1-4408-8949-ca6be2717677{ip: 192.168.34.27, host: pr-hdds-2150-pzdq9-4118776691, networkLocation: /default-rack, certSerialId: null}d117bc90-4994-4aca-be01-c9176126e9cd{ip: 192.168.34.27, host: pr-hdds-2150-pzdq9-4118776691, networkLocation: /default-rack, certSerialId: null}5419bd03-146b-4e1a-9251-4ae6710db1e4{ip: 192.168.34.27, host: pr-hdds-2150-pzdq9-4118776691, networkLocation: /default-rack, certSerialId: null}, Type:RATIS, Factor:THREE, State:OPEN]
2019-09-18 22:11:46,558 [grpc-default-executor-0] INFO  impl.RaftServerProxy (RaftServerProxy.java:addNew(89)) - fba6f591-d47b-4675-b90c-be27a1cfadaa: addNew group-D5896FCBD2A9:[58e80564-5bec-4090-a95b-543e75482138:192.168.34.27:42903, fba6f591-d47b-4675-b90c-be27a1cfadaa:192.168.34.27:46622, d9a450aa-fdeb-43cf-8175-7eb901493c18:192.168.34.27:44719] returns group-D5896FCBD2A9:java.util.concurrent.CompletableFuture@591b6b56[Not completed]
2019-09-18 22:11:46,560 [grpc-default-executor-1] INFO  impl.RaftServerProxy (RaftServerProxy.java:addNew(89)) - 58e80564-5bec-4090-a95b-543e75482138: addNew group-D5896FCBD2A9:[58e80564-5bec-4090-a95b-543e75482138:192.168.34.27:42903, fba6f591-d47b-4675-b90c-be27a1cfadaa:192.168.34.27:46622, d9a450aa-fdeb-43cf-8175-7eb901493c18:192.168.34.27:44719] returns group-D5896FCBD2A9:java.util.concurrent.CompletableFuture@6e3fd013[Not completed]
2019-09-18 22:11:46,563 [grpc-default-executor-0] INFO  impl.RaftServerProxy (RaftServerProxy.java:addNew(89)) - d9a450aa-fdeb-43cf-8175-7eb901493c18: addNew group-D5896FCBD2A9:[58e80564-5bec-4090-a95b-543e75482138:192.168.34.27:42903, fba6f591-d47b-4675-b90c-be27a1cfadaa:192.168.34.27:46622, d9a450aa-fdeb-43cf-8175-7eb901493c18:192.168.34.27:44719] returns group-D5896FCBD2A9:java.util.concurrent.CompletableFuture@5969eee5[Not completed]
2019-09-18 22:11:46,564 [pool-37-thread-1] INFO  impl.RaftServerImpl (RaftServerImpl.java:<init>(95)) - fba6f591-d47b-4675-b90c-be27a1cfadaa: new RaftServerImpl for group-D5896FCBD2A9:[58e80564-5bec-4090-a95b-543e75482138:192.168.34.27:42903, fba6f591-d47b-4675-b90c-be27a1cfadaa:192.168.34.27:46622, d9a450aa-fdeb-43cf-8175-7eb901493c18:192.168.34.27:44719] with ContainerStateMachine:uninitialized
2019-09-18 22:11:46,565 [pool-37-thread-1] INFO  server.RaftServerConfigKeys (ConfUtils.java:logGet(43)) - raft.server.rpc.timeout.min = 5s (custom)
2019-09-18 22:11:46,565 [pool-37-thread-1] INFO  server.RaftServerConfigKeys (ConfUtils.java:logGet(43)) - raft.server.rpc.timeout.max = 5200ms (custom)
2019-09-18 22:11:46,565 [pool-37-thread-1] INFO  server.RaftServerConfigKeys (ConfUtils.java:logGet(43)) - raft.server.rpcslowness.timeout = 120s (custom)
2019-09-18 22:11:46,565 [pool-37-thread-1] INFO  server.RaftServerConfigKeys (ConfUtils.java:logGet(43)) - raft.server.sleep.deviation.threshold = 300 (default)
2019-09-18 22:11:46,565 [pool-37-thread-1] INFO  server.RaftServerConfigKeys (ConfUtils.java:logGet(43)) - raft.server.log.appender.install.snapshot.enabled = false (custom)
2019-09-18 22:11:46,565 [pool-37-thread-1] INFO  impl.RaftServerImpl (ServerState.java:<init>(103)) - fba6f591-d47b-4675-b90c-be27a1cfadaa@group-D5896FCBD2A9: ConfigurationManager, init=-1: [58e80564-5bec-4090-a95b-543e75482138:192.168.34.27:42903, fba6f591-d47b-4675-b90c-be27a1cfadaa:192.168.34.27:46622, d9a450aa-fdeb-43cf-8175-7eb901493c18:192.168.34.27:44719], old=null, confs=<EMPTY_MAP>
2019-09-18 22:11:46,566 [pool-37-thread-1] INFO  server.RaftServerConfigKeys (ConfUtils.java:logGet(43)) - raft.server.storage.dir = [/workdir/hadoop-ozone/integration-test/target/test-dir/MiniOzoneClusterImpl-098cb20a-5709-466d-aded-8aed09afee3e/datanode-1/data/ratis] (custom)
2019-09-18 22:11:46,566 [pool-37-thread-1] INFO  storage.RaftStorageDirectory (RaftStorageDirectory.java:analyzeStorage(246)) - The storage directory /workdir/hadoop-ozone/integration-test/target/test-dir/MiniOzoneClusterImpl-098cb20a-5709-466d-aded-8aed09afee3e/datanode-1/data/ratis/8ff9e50d-f793-4b70-8bbe-d5896fcbd2a9 does not exist. Creating ...
2019-09-18 22:11:46,566 [pool-107-thread-1] INFO  impl.RaftServerImpl (RaftServerImpl.java:<init>(95)) - d9a450aa-fdeb-43cf-8175-7eb901493c18: new RaftServerImpl for group-D5896FCBD2A9:[58e80564-5bec-4090-a95b-543e75482138:192.168.34.27:42903, fba6f591-d47b-4675-b90c-be27a1cfadaa:192.168.34.27:46622, d9a450aa-fdeb-43cf-8175-7eb901493c18:192.168.34.27:44719] with ContainerStateMachine:uninitialized
2019-09-18 22:11:46,566 [pool-107-thread-1] INFO  server.RaftServerConfigKeys (ConfUtils.java:logGet(43)) - raft.server.rpc.timeout.min = 5s (custom)
2019-09-18 22:11:46,566 [pool-107-thread-1] INFO  server.RaftServerConfigKeys (ConfUtils.java:logGet(43)) - raft.server.rpc.timeout.max = 5200ms (custom)
2019-09-18 22:11:46,567 [pool-107-thread-1] INFO  server.RaftServerConfigKeys (ConfUtils.java:logGet(43)) - raft.server.rpcslowness.timeout = 120s (custom)
2019-09-18 22:11:46,567 [pool-107-thread-1] INFO  server.RaftServerConfigKeys (ConfUtils.java:logGet(43)) - raft.server.sleep.deviation.threshold = 300 (default)
2019-09-18 22:11:46,567 [pool-117-thread-1] INFO  impl.RaftServerImpl (RaftServerImpl.java:<init>(95)) - 58e80564-5bec-4090-a95b-543e75482138: new RaftServerImpl for group-D5896FCBD2A9:[58e80564-5bec-4090-a95b-543e75482138:192.168.34.27:42903, fba6f591-d47b-4675-b90c-be27a1cfadaa:192.168.34.27:46622, d9a450aa-fdeb-43cf-8175-7eb901493c18:192.168.34.27:44719] with ContainerStateMachine:uninitialized
2019-09-18 22:11:46,567 [pool-107-thread-1] INFO  server.RaftServerConfigKeys (ConfUtils.java:logGet(43)) - raft.server.log.appender.install.snapshot.enabled = false (custom)
2019-09-18 22:11:46,567 [pool-117-thread-1] INFO  server.RaftServerConfigKeys (ConfUtils.java:logGet(43)) - raft.server.rpc.timeout.min = 5s (custom)
2019-09-18 22:11:46,567 [pool-107-thread-1] INFO  impl.RaftServerImpl (ServerState.java:<init>(103)) - d9a450aa-fdeb-43cf-8175-7eb901493c18@group-D5896FCBD2A9: ConfigurationManager, init=-1: [58e80564-5bec-4090-a95b-543e75482138:192.168.34.27:42903, fba6f591-d47b-4675-b90c-be27a1cfadaa:192.168.34.27:46622, d9a450aa-fdeb-43cf-8175-7eb901493c18:192.168.34.27:44719], old=null, confs=<EMPTY_MAP>
2019-09-18 22:11:46,567 [pool-117-thread-1] INFO  server.RaftServerConfigKeys (ConfUtils.java:logGet(43)) - raft.server.rpc.timeout.max = 5200ms (custom)
2019-09-18 22:11:46,568 [pool-107-thread-1] INFO  server.RaftServerConfigKeys (ConfUtils.java:logGet(43)) - raft.server.storage.dir = [/workdir/hadoop-ozone/integration-test/target/test-dir/MiniOzoneClusterImpl-098cb20a-5709-466d-aded-8aed09afee3e/datanode-8/data/ratis] (custom)
2019-09-18 22:11:46,568 [pool-117-thread-1] INFO  server.RaftServerConfigKeys (ConfUtils.java:logGet(43)) - raft.server.rpcslowness.timeout = 120s (custom)
2019-09-18 22:11:46,568 [pool-117-thread-1] INFO  server.RaftServerConfigKeys (ConfUtils.java:logGet(43)) - raft.server.sleep.deviation.threshold = 300 (default)
2019-09-18 22:11:46,568 [pool-107-thread-1] INFO  storage.RaftStorageDirectory (RaftStorageDirectory.java:analyzeStorage(246)) - The storage directory /workdir/hadoop-ozone/integration-test/target/test-dir/MiniOzoneClusterImpl-098cb20a-5709-466d-aded-8aed09afee3e/datanode-8/data/ratis/8ff9e50d-f793-4b70-8bbe-d5896fcbd2a9 does not exist. Creating ...
2019-09-18 22:11:46,568 [pool-117-thread-1] INFO  server.RaftServerConfigKeys (ConfUtils.java:logGet(43)) - raft.server.log.appender.install.snapshot.enabled = false (custom)
2019-09-18 22:11:46,568 [pool-117-thread-1] INFO  impl.RaftServerImpl (ServerState.java:<init>(103)) - 58e80564-5bec-4090-a95b-543e75482138@group-D5896FCBD2A9: ConfigurationManager, init=-1: [58e80564-5bec-4090-a95b-543e75482138:192.168.34.27:42903, fba6f591-d47b-4675-b90c-be27a1cfadaa:192.168.34.27:46622, d9a450aa-fdeb-43cf-8175-7eb901493c18:192.168.34.27:44719], old=null, confs=<EMPTY_MAP>
2019-09-18 22:11:46,569 [pool-117-thread-1] INFO  server.RaftServerConfigKeys (ConfUtils.java:logGet(43)) - raft.server.storage.dir = [/workdir/hadoop-ozone/integration-test/target/test-dir/MiniOzoneClusterImpl-098cb20a-5709-466d-aded-8aed09afee3e/datanode-9/data/ratis] (custom)
2019-09-18 22:11:46,569 [pool-117-thread-1] INFO  storage.RaftStorageDirectory (RaftStorageDirectory.java:analyzeStorage(246)) - The storage directory /workdir/hadoop-ozone/integration-test/target/test-dir/MiniOzoneClusterImpl-098cb20a-5709-466d-aded-8aed09afee3e/datanode-9/data/ratis/8ff9e50d-f793-4b70-8bbe-d5896fcbd2a9 does not exist. Creating ...
2019-09-18 22:11:46,592 [pool-117-thread-1] INFO  storage.RaftStorageDirectory (RaftStorageDirectory.java:tryLock(328)) - Lock on /workdir/hadoop-ozone/integration-test/target/test-dir/MiniOzoneClusterImpl-098cb20a-5709-466d-aded-8aed09afee3e/datanode-9/data/ratis/8ff9e50d-f793-4b70-8bbe-d5896fcbd2a9/in_use.lock acquired by nodename 9434@pr-hdds-2150-pzdq9-4118776691
2019-09-18 22:11:46,592 [pool-37-thread-1] INFO  storage.RaftStorageDirectory (RaftStorageDirectory.java:tryLock(328)) - Lock on /workdir/hadoop-ozone/integration-test/target/test-dir/MiniOzoneClusterImpl-098cb20a-5709-466d-aded-8aed09afee3e/datanode-1/data/ratis/8ff9e50d-f793-4b70-8bbe-d5896fcbd2a9/in_use.lock acquired by nodename 9434@pr-hdds-2150-pzdq9-4118776691
2019-09-18 22:11:46,592 [pool-107-thread-1] INFO  storage.RaftStorageDirectory (RaftStorageDirectory.java:tryLock(328)) - Lock on /workdir/hadoop-ozone/integration-test/target/test-dir/MiniOzoneClusterImpl-098cb20a-5709-466d-aded-8aed09afee3e/datanode-8/data/ratis/8ff9e50d-f793-4b70-8bbe-d5896fcbd2a9/in_use.lock acquired by nodename 9434@pr-hdds-2150-pzdq9-4118776691
2019-09-18 22:11:46,606 [pool-117-thread-1] INFO  storage.RaftStorage (RaftStorage.java:format(72)) - Storage directory /workdir/hadoop-ozone/integration-test/target/test-dir/MiniOzoneClusterImpl-098cb20a-5709-466d-aded-8aed09afee3e/datanode-9/data/ratis/8ff9e50d-f793-4b70-8bbe-d5896fcbd2a9 has been successfully formatted.
2019-09-18 22:11:46,606 [pool-37-thread-1] INFO  storage.RaftStorage (RaftStorage.java:format(72)) - Storage directory /workdir/hadoop-ozone/integration-test/target/test-dir/MiniOzoneClusterImpl-098cb20a-5709-466d-aded-8aed09afee3e/datanode-1/data/ratis/8ff9e50d-f793-4b70-8bbe-d5896fcbd2a9 has been successfully formatted.
2019-09-18 22:11:46,607 [pool-117-thread-1] INFO  ratis.ContainerStateMachine (ContainerStateMachine.java:loadSnapshot(230)) - group-D5896FCBD2A9: The snapshot info is null. Setting the last applied indexto:(t:0, i:~)
2019-09-18 22:11:46,606 [pool-107-thread-1] INFO  storage.RaftStorage (RaftStorage.java:format(72)) - Storage directory /workdir/hadoop-ozone/integration-test/target/test-dir/MiniOzoneClusterImpl-098cb20a-5709-466d-aded-8aed09afee3e/datanode-8/data/ratis/8ff9e50d-f793-4b70-8bbe-d5896fcbd2a9 has been successfully formatted.
2019-09-18 22:11:46,607 [pool-117-thread-1] INFO  server.RaftServerConfigKeys (ConfUtils.java:logGet(43)) - raft.server.notification.no-leader.timeout = 120s (custom)
2019-09-18 22:11:46,607 [pool-37-thread-1] INFO  ratis.ContainerStateMachine (ContainerStateMachine.java:loadSnapshot(230)) - group-D5896FCBD2A9: The snapshot info is null. Setting the last applied indexto:(t:0, i:~)
2019-09-18 22:11:46,607 [pool-117-thread-1] INFO  server.RaftServerConfigKeys (ConfUtils.java:logGet(43)) - raft.server.log.use.memory = false (default)
2019-09-18 22:11:46,607 [pool-107-thread-1] INFO  ratis.ContainerStateMachine (ContainerStateMachine.java:loadSnapshot(230)) - group-D5896FCBD2A9: The snapshot info is null. Setting the last applied indexto:(t:0, i:~)
2019-09-18 22:11:46,608 [pool-117-thread-1] INFO  server.RaftServerConfigKeys (ConfUtils.java:logGet(43)) - raft.server.log.purge.gap = 1000000 (custom)
2019-09-18 22:11:46,607 [pool-37-thread-1] INFO  server.RaftServerConfigKeys (ConfUtils.java:logGet(43)) - raft.server.notification.no-leader.timeout = 120s (custom)
2019-09-18 22:11:46,608 [pool-117-thread-1] INFO  server.RaftServerConfigKeys (ConfUtils.java:logGet(43)) - raft.server.log.appender.buffer.byte-limit = 33554432 (custom)
2019-09-18 22:11:46,608 [pool-107-thread-1] INFO  server.RaftServerConfigKeys (ConfUtils.java:logGet(43)) - raft.server.notification.no-leader.timeout = 120s (custom)
2019-09-18 22:11:46,608 [pool-117-thread-1] INFO  server.RaftServerConfigKeys (ConfUtils.java:logGet(43)) - raft.server.log.segment.size.max = 1048576 (custom)
2019-09-18 22:11:46,608 [pool-37-thread-1] INFO  server.RaftServerConfigKeys (ConfUtils.java:logGet(43)) - raft.server.log.use.memory = false (default)
2019-09-18 22:11:46,609 [pool-117-thread-1] INFO  server.RaftServerConfigKeys (ConfUtils.java:logGet(43)) - raft.server.log.segment.cache.num.max = 2 (custom)
2019-09-18 22:11:46,608 [pool-107-thread-1] INFO  server.RaftServerConfigKeys (ConfUtils.java:logGet(43)) - raft.server.log.use.memory = false (default)
2019-09-18 22:11:46,609 [pool-117-thread-1] INFO  segmented.SegmentedRaftLogWorker (SegmentedRaftLogWorker.java:<init>(172)) - new 58e80564-5bec-4090-a95b-543e75482138@group-D5896FCBD2A9-SegmentedRaftLogWorker for RaftStorage:Storage Directory /workdir/hadoop-ozone/integration-test/target/test-dir/MiniOzoneClusterImpl-098cb20a-5709-466d-aded-8aed09afee3e/datanode-9/data/ratis/8ff9e50d-f793-4b70-8bbe-d5896fcbd2a9
2019-09-18 22:11:46,609 [pool-37-thread-1] INFO  server.RaftServerConfigKeys (ConfUtils.java:logGet(43)) - raft.server.log.purge.gap = 1000000 (custom)
2019-09-18 22:11:46,609 [pool-117-thread-1] INFO  server.RaftServerConfigKeys (ConfUtils.java:logGet(43)) - raft.server.log.queue.byte-limit = 2147483647 (custom)
2019-09-18 22:11:46,609 [pool-107-thread-1] INFO  server.RaftServerConfigKeys (ConfUtils.java:logGet(43)) - raft.server.log.purge.gap = 1000000 (custom)
2019-09-18 22:11:46,610 [pool-117-thread-1] INFO  server.RaftServerConfigKeys (ConfUtils.java:logGet(43)) - raft.server.log.queue.element-limit = 1024 (custom)
2019-09-18 22:11:46,609 [pool-37-thread-1] INFO  server.RaftServerConfigKeys (ConfUtils.java:logGet(43)) - raft.server.log.appender.buffer.byte-limit = 33554432 (custom)
2019-09-18 22:11:46,610 [pool-117-thread-1] INFO  server.RaftServerConfigKeys (ConfUtils.java:logGet(43)) - raft.server.log.segment.size.max = 1048576 (custom)
2019-09-18 22:11:46,610 [pool-107-thread-1] INFO  server.RaftServerConfigKeys (ConfUtils.java:logGet(43)) - raft.server.log.appender.buffer.byte-limit = 33554432 (custom)
2019-09-18 22:11:46,610 [pool-117-thread-1] INFO  server.RaftServerConfigKeys (ConfUtils.java:logGet(43)) - raft.server.log.preallocated.size = 16384 (custom)
2019-09-18 22:11:46,610 [pool-37-thread-1] INFO  server.RaftServerConfigKeys (ConfUtils.java:logGet(43)) - raft.server.log.segment.size.max = 1048576 (custom)
2019-09-18 22:11:46,611 [pool-117-thread-1] INFO  server.RaftServerConfigKeys (ConfUtils.java:logGet(43)) - raft.server.log.write.buffer.size = 33554432 (custom)
2019-09-18 22:11:46,610 [pool-107-thread-1] INFO  server.RaftServerConfigKeys (ConfUtils.java:logGet(43)) - raft.server.log.segment.size.max = 1048576 (custom)
2019-09-18 22:11:46,611 [pool-117-thread-1] INFO  server.RaftServerConfigKeys (ConfUtils.java:logGet(43)) - raft.server.log.force.sync.num = 128 (default)
2019-09-18 22:11:46,611 [pool-37-thread-1] INFO  server.RaftServerConfigKeys (ConfUtils.java:logGet(43)) - raft.server.log.segment.cache.num.max = 2 (custom)
2019-09-18 22:11:46,611 [pool-117-thread-1] INFO  server.RaftServerConfigKeys (ConfUtils.java:logGet(43)) - raft.server.log.statemachine.data.sync = true (default)
2019-09-18 22:11:46,611 [pool-107-thread-1] INFO  server.RaftServerConfigKeys (ConfUtils.java:logGet(43)) - raft.server.log.segment.cache.num.max = 2 (custom)
2019-09-18 22:11:46,612 [pool-117-thread-1] INFO  server.RaftServerConfigKeys (ConfUtils.java:logGet(43)) - raft.server.log.statemachine.data.sync.timeout = 10s (default)
2019-09-18 22:11:46,611 [pool-37-thread-1] INFO  segmented.SegmentedRaftLogWorker (SegmentedRaftLogWorker.java:<init>(172)) - new fba6f591-d47b-4675-b90c-be27a1cfadaa@group-D5896FCBD2A9-SegmentedRaftLogWorker for RaftStorage:Storage Directory /workdir/hadoop-ozone/integration-test/target/test-dir/MiniOzoneClusterImpl-098cb20a-5709-466d-aded-8aed09afee3e/datanode-1/data/ratis/8ff9e50d-f793-4b70-8bbe-d5896fcbd2a9
2019-09-18 22:11:46,612 [pool-117-thread-1] INFO  server.RaftServerConfigKeys (ConfUtils.java:logGet(43)) - raft.server.log.statemachine.data.sync.timeout.retry = -1 (default)
2019-09-18 22:11:46,612 [pool-107-thread-1] INFO  segmented.SegmentedRaftLogWorker (SegmentedRaftLogWorker.java:<init>(172)) - new d9a450aa-fdeb-43cf-8175-7eb901493c18@group-D5896FCBD2A9-SegmentedRaftLogWorker for RaftStorage:Storage Directory /workdir/hadoop-ozone/integration-test/target/test-dir/MiniOzoneClusterImpl-098cb20a-5709-466d-aded-8aed09afee3e/datanode-8/data/ratis/8ff9e50d-f793-4b70-8bbe-d5896fcbd2a9
2019-09-18 22:11:46,612 [pool-117-thread-1] INFO  server.RaftServerConfigKeys (ConfUtils.java:logGet(43)) - raft.server.log.statemachine.data.caching.enabled = true (custom)
2019-09-18 22:11:46,612 [pool-37-thread-1] INFO  server.RaftServerConfigKeys (ConfUtils.java:logGet(43)) - raft.server.log.queue.byte-limit = 2147483647 (custom)
2019-09-18 22:11:46,613 [pool-107-thread-1] INFO  server.RaftServerConfigKeys (ConfUtils.java:logGet(43)) - raft.server.log.queue.byte-limit = 2147483647 (custom)
2019-09-18 22:11:46,613 [pool-117-thread-1] INFO  segmented.SegmentedRaftLogWorker (SegmentedRaftLogWorker.java:lambda$new$0(132)) - 58e80564-5bec-4090-a95b-543e75482138@group-D5896FCBD2A9-SegmentedRaftLogWorker: flushIndex: setUnconditionally 0 -> -1
2019-09-18 22:11:46,613 [pool-37-thread-1] INFO  server.RaftServerConfigKeys (ConfUtils.java:logGet(43)) - raft.server.log.queue.element-limit = 1024 (custom)
2019-09-18 22:11:46,613 [pool-107-thread-1] INFO  server.RaftServerConfigKeys (ConfUtils.java:logGet(43)) - raft.server.log.queue.element-limit = 1024 (custom)
2019-09-18 22:11:46,613 [pool-37-thread-1] INFO  server.RaftServerConfigKeys (ConfUtils.java:logGet(43)) - raft.server.log.segment.size.max = 1048576 (custom)
2019-09-18 22:11:46,613 [pool-117-thread-1] INFO  server.RaftServerConfigKeys (ConfUtils.java:logGet(43)) - raft.server.snapshot.auto.trigger.enabled = true (custom)
2019-09-18 22:11:46,614 [pool-37-thread-1] INFO  server.RaftServerConfigKeys (ConfUtils.java:logGet(43)) - raft.server.log.preallocated.size = 16384 (custom)
2019-09-18 22:11:46,614 [pool-107-thread-1] INFO  server.RaftServerConfigKeys (ConfUtils.java:logGet(43)) - raft.server.log.segment.size.max = 1048576 (custom)
2019-09-18 22:11:46,614 [pool-37-thread-1] INFO  server.RaftServerConfigKeys (ConfUtils.java:logGet(43)) - raft.server.log.write.buffer.size = 33554432 (custom)
2019-09-18 22:11:46,614 [pool-117-thread-1] INFO  server.RaftServerConfigKeys (ConfUtils.java:logGet(43)) - raft.server.snapshot.auto.trigger.threshold = 10000 (custom)
2019-09-18 22:11:46,614 [pool-37-thread-1] INFO  server.RaftServerConfigKeys (ConfUtils.java:logGet(43)) - raft.server.log.force.sync.num = 128 (default)
2019-09-18 22:11:46,614 [pool-107-thread-1] INFO  server.RaftServerConfigKeys (ConfUtils.java:logGet(43)) - raft.server.log.preallocated.size = 16384 (custom)
2019-09-18 22:11:46,615 [pool-37-thread-1] INFO  server.RaftServerConfigKeys (ConfUtils.java:logGet(43)) - raft.server.log.statemachine.data.sync = true (default)
2019-09-18 22:11:46,615 [pool-117-thread-1] INFO  server.RaftServerConfigKeys (ConfUtils.java:logGet(43)) - raft.server.snapshot.retention.num.files = 5 (custom)
2019-09-18 22:11:46,615 [pool-37-thread-1] INFO  server.RaftServerConfigKeys (ConfUtils.java:logGet(43)) - raft.server.log.statemachine.data.sync.timeout = 10s (default)
2019-09-18 22:11:46,615 [pool-107-thread-1] INFO  server.RaftServerConfigKeys (ConfUtils.java:logGet(43)) - raft.server.log.write.buffer.size = 33554432 (custom)
2019-09-18 22:11:46,615 [pool-37-thread-1] INFO  server.RaftServerConfigKeys (ConfUtils.java:logGet(43)) - raft.server.log.statemachine.data.sync.timeout.retry = -1 (default)
2019-09-18 22:11:46,615 [pool-117-thread-1] INFO  server.RaftServerConfigKeys (ConfUtils.java:logGet(43)) - raft.server.retrycache.expirytime = 600000ms (custom)
2019-09-18 22:11:46,616 [pool-37-thread-1] INFO  server.RaftServerConfigKeys (ConfUtils.java:logGet(43)) - raft.server.log.statemachine.data.caching.enabled = true (custom)
2019-09-18 22:11:46,615 [pool-107-thread-1] INFO  server.RaftServerConfigKeys (ConfUtils.java:logGet(43)) - raft.server.log.force.sync.num = 128 (default)
2019-09-18 22:11:46,616 [pool-107-thread-1] INFO  server.RaftServerConfigKeys (ConfUtils.java:logGet(43)) - raft.server.log.statemachine.data.sync = true (default)
2019-09-18 22:11:46,616 [pool-37-thread-1] INFO  segmented.SegmentedRaftLogWorker (SegmentedRaftLogWorker.java:lambda$new$0(132)) - fba6f591-d47b-4675-b90c-be27a1cfadaa@group-D5896FCBD2A9-SegmentedRaftLogWorker: flushIndex: setUnconditionally 0 -> -1
2019-09-18 22:11:46,616 [pool-107-thread-1] INFO  server.RaftServerConfigKeys (ConfUtils.java:logGet(43)) - raft.server.log.statemachine.data.sync.timeout = 10s (default)
2019-09-18 22:11:46,617 [pool-107-thread-1] INFO  server.RaftServerConfigKeys (ConfUtils.java:logGet(43)) - raft.server.log.statemachine.data.sync.timeout.retry = -1 (default)
2019-09-18 22:11:46,617 [pool-37-thread-1] INFO  server.RaftServerConfigKeys (ConfUtils.java:logGet(43)) - raft.server.snapshot.auto.trigger.enabled = true (custom)
2019-09-18 22:11:46,617 [pool-107-thread-1] INFO  server.RaftServerConfigKeys (ConfUtils.java:logGet(43)) - raft.server.log.statemachine.data.caching.enabled = true (custom)
2019-09-18 22:11:46,617 [pool-37-thread-1] INFO  server.RaftServerConfigKeys (ConfUtils.java:logGet(43)) - raft.server.snapshot.auto.trigger.threshold = 10000 (custom)
2019-09-18 22:11:46,617 [pool-37-thread-1] INFO  server.RaftServerConfigKeys (ConfUtils.java:logGet(43)) - raft.server.snapshot.retention.num.files = 5 (custom)
2019-09-18 22:11:46,617 [pool-107-thread-1] INFO  segmented.SegmentedRaftLogWorker (SegmentedRaftLogWorker.java:lambda$new$0(132)) - d9a450aa-fdeb-43cf-8175-7eb901493c18@group-D5896FCBD2A9-SegmentedRaftLogWorker: flushIndex: setUnconditionally 0 -> -1
2019-09-18 22:11:46,617 [pool-37-thread-1] INFO  server.RaftServerConfigKeys (ConfUtils.java:logGet(43)) - raft.server.retrycache.expirytime = 600000ms (custom)
2019-09-18 22:11:46,618 [pool-107-thread-1] INFO  server.RaftServerConfigKeys (ConfUtils.java:logGet(43)) - raft.server.snapshot.auto.trigger.enabled = true (custom)
2019-09-18 22:11:46,618 [pool-107-thread-1] INFO  server.RaftServerConfigKeys (ConfUtils.java:logGet(43)) - raft.server.snapshot.auto.trigger.threshold = 10000 (custom)
2019-09-18 22:11:46,618 [pool-107-thread-1] INFO  server.RaftServerConfigKeys (ConfUtils.java:logGet(43)) - raft.server.snapshot.retention.num.files = 5 (custom)
2019-09-18 22:11:46,618 [pool-107-thread-1] INFO  server.RaftServerConfigKeys (ConfUtils.java:logGet(43)) - raft.server.retrycache.expirytime = 600000ms (custom)
2019-09-18 22:11:46,618 [pool-117-thread-1] INFO  impl.RaftServerImpl (RaftServerImpl.java:start(185)) - 58e80564-5bec-4090-a95b-543e75482138@group-D5896FCBD2A9: start as a follower, conf=-1: [58e80564-5bec-4090-a95b-543e75482138:192.168.34.27:42903, fba6f591-d47b-4675-b90c-be27a1cfadaa:192.168.34.27:46622, d9a450aa-fdeb-43cf-8175-7eb901493c18:192.168.34.27:44719], old=null
2019-09-18 22:11:46,619 [pool-117-thread-1] INFO  impl.RaftServerImpl (RaftServerImpl.java:setRole(174)) - 58e80564-5bec-4090-a95b-543e75482138@group-D5896FCBD2A9: changes role from      null to FOLLOWER at term 0 for startAsFollower
2019-09-18 22:11:46,619 [pool-117-thread-1] INFO  impl.RoleInfo (RoleInfo.java:updateAndGet(143)) - 58e80564-5bec-4090-a95b-543e75482138: start FollowerState
2019-09-18 22:11:46,619 [pool-117-thread-1] INFO  util.JmxRegister (JmxRegister.java:tryRegister(44)) - Successfully registered JMX Bean with object name Ratis:service=RaftServer,group=group-D5896FCBD2A9,id=58e80564-5bec-4090-a95b-543e75482138
2019-09-18 22:11:46,627 [pool-107-thread-1] INFO  impl.RaftServerImpl (RaftServerImpl.java:start(185)) - d9a450aa-fdeb-43cf-8175-7eb901493c18@group-D5896FCBD2A9: start as a follower, conf=-1: [58e80564-5bec-4090-a95b-543e75482138:192.168.34.27:42903, fba6f591-d47b-4675-b90c-be27a1cfadaa:192.168.34.27:46622, d9a450aa-fdeb-43cf-8175-7eb901493c18:192.168.34.27:44719], old=null
2019-09-18 22:11:46,635 [pool-37-thread-1] INFO  impl.RaftServerImpl (RaftServerImpl.java:start(185)) - fba6f591-d47b-4675-b90c-be27a1cfadaa@group-D5896FCBD2A9: start as a follower, conf=-1: [58e80564-5bec-4090-a95b-543e75482138:192.168.34.27:42903, fba6f591-d47b-4675-b90c-be27a1cfadaa:192.168.34.27:46622, d9a450aa-fdeb-43cf-8175-7eb901493c18:192.168.34.27:44719], old=null
2019-09-18 22:11:46,635 [pool-107-thread-1] INFO  impl.RaftServerImpl (RaftServerImpl.java:setRole(174)) - d9a450aa-fdeb-43cf-8175-7eb901493c18@group-D5896FCBD2A9: changes role from      null to FOLLOWER at term 0 for startAsFollower
2019-09-18 22:11:46,635 [pool-37-thread-1] INFO  impl.RaftServerImpl (RaftServerImpl.java:setRole(174)) - fba6f591-d47b-4675-b90c-be27a1cfadaa@group-D5896FCBD2A9: changes role from      null to FOLLOWER at term 0 for startAsFollower
2019-09-18 22:11:46,635 [pool-107-thread-1] INFO  impl.RoleInfo (RoleInfo.java:updateAndGet(143)) - d9a450aa-fdeb-43cf-8175-7eb901493c18: start FollowerState
2019-09-18 22:11:46,635 [pool-37-thread-1] INFO  impl.RoleInfo (RoleInfo.java:updateAndGet(143)) - fba6f591-d47b-4675-b90c-be27a1cfadaa: start FollowerState
2019-09-18 22:11:46,636 [pool-107-thread-1] INFO  util.JmxRegister (JmxRegister.java:tryRegister(44)) - Successfully registered JMX Bean with object name Ratis:service=RaftServer,group=group-D5896FCBD2A9,id=d9a450aa-fdeb-43cf-8175-7eb901493c18
2019-09-18 22:11:46,636 [pool-37-thread-1] INFO  util.JmxRegister (JmxRegister.java:tryRegister(44)) - Successfully registered JMX Bean with object name Ratis:service=RaftServer,group=group-D5896FCBD2A9,id=fba6f591-d47b-4675-b90c-be27a1cfadaa
2019-09-18 22:11:46,643 [RatisPipelineUtilsThread] INFO  pipeline.PipelineStateManager (PipelineStateManager.java:addPipeline(56)) - Created pipeline Pipeline[ Id: 8ff9e50d-f793-4b70-8bbe-d5896fcbd2a9, Nodes: 58e80564-5bec-4090-a95b-543e75482138{ip: 192.168.34.27, host: pr-hdds-2150-pzdq9-4118776691, networkLocation: /default-rack, certSerialId: null}fba6f591-d47b-4675-b90c-be27a1cfadaa{ip: 192.168.34.27, host: pr-hdds-2150-pzdq9-4118776691, networkLocation: /default-rack, certSerialId: null}d9a450aa-fdeb-43cf-8175-7eb901493c18{ip: 192.168.34.27, host: pr-hdds-2150-pzdq9-4118776691, networkLocation: /default-rack, certSerialId: null}, Type:RATIS, Factor:THREE, State:OPEN]
2019-09-18 22:11:46,670 [grpc-default-executor-0] INFO  impl.RaftServerProxy (RaftServerProxy.java:addNew(89)) - 73306d30-93c7-4acf-8650-89e6f82bf9ae: addNew group-0A96035EF064:[73306d30-93c7-4acf-8650-89e6f82bf9ae:192.168.34.27:36503, 83be8999-67ae-4928-8a06-df04737ded82:192.168.34.27:43276, 80fe7f66-a042-4fd5-86eb-7138643784f2:192.168.34.27:35927] returns group-0A96035EF064:java.util.concurrent.CompletableFuture@4a60682b[Not completed]
2019-09-18 22:11:46,670 [grpc-default-executor-1] INFO  impl.RaftServerProxy (RaftServerProxy.java:addNew(89)) - 80fe7f66-a042-4fd5-86eb-7138643784f2: addNew group-0A96035EF064:[73306d30-93c7-4acf-8650-89e6f82bf9ae:192.168.34.27:36503, 83be8999-67ae-4928-8a06-df04737ded82:192.168.34.27:43276, 80fe7f66-a042-4fd5-86eb-7138643784f2:192.168.34.27:35927] returns group-0A96035EF064:java.util.concurrent.CompletableFuture@168d9d0e[Not completed]
2019-09-18 22:11:46,672 [grpc-default-executor-2] INFO  impl.RaftServerProxy (RaftServerProxy.java:addNew(89)) - 83be8999-67ae-4928-8a06-df04737ded82: addNew group-0A96035EF064:[73306d30-93c7-4acf-8650-89e6f82bf9ae:192.168.34.27:36503, 83be8999-67ae-4928-8a06-df04737ded82:192.168.34.27:43276, 80fe7f66-a042-4fd5-86eb-7138643784f2:192.168.34.27:35927] returns group-0A96035EF064:java.util.concurrent.CompletableFuture@5e8d3809[Not completed]
2019-09-18 22:11:46,674 [pool-27-thread-1] INFO  impl.RaftServerImpl (RaftServerImpl.java:<init>(95)) - 80fe7f66-a042-4fd5-86eb-7138643784f2: new RaftServerImpl for group-0A96035EF064:[73306d30-93c7-4acf-8650-89e6f82bf9ae:192.168.34.27:36503, 83be8999-67ae-4928-8a06-df04737ded82:192.168.34.27:43276, 80fe7f66-a042-4fd5-86eb-7138643784f2:192.168.34.27:35927] with ContainerStateMachine:uninitialized
2019-09-18 22:11:46,674 [pool-27-thread-1] INFO  server.RaftServerConfigKeys (ConfUtils.java:logGet(43)) - raft.server.rpc.timeout.min = 5s (custom)
2019-09-18 22:11:46,674 [pool-27-thread-1] INFO  server.RaftServerConfigKeys (ConfUtils.java:logGet(43)) - raft.server.rpc.timeout.max = 5200ms (custom)
2019-09-18 22:11:46,675 [pool-27-thread-1] INFO  server.RaftServerConfigKeys (ConfUtils.java:logGet(43)) - raft.server.rpcslowness.timeout = 120s (custom)
2019-09-18 22:11:46,675 [pool-27-thread-1] INFO  server.RaftServerConfigKeys (ConfUtils.java:logGet(43)) - raft.server.sleep.deviation.threshold = 300 (default)
2019-09-18 22:11:46,675 [pool-27-thread-1] INFO  server.RaftServerConfigKeys (ConfUtils.java:logGet(43)) - raft.server.log.appender.install.snapshot.enabled = false (custom)
2019-09-18 22:11:46,675 [pool-27-thread-1] INFO  impl.RaftServerImpl (ServerState.java:<init>(103)) - 80fe7f66-a042-4fd5-86eb-7138643784f2@group-0A96035EF064: ConfigurationManager, init=-1: [73306d30-93c7-4acf-8650-89e6f82bf9ae:192.168.34.27:36503, 83be8999-67ae-4928-8a06-df04737ded82:192.168.34.27:43276, 80fe7f66-a042-4fd5-86eb-7138643784f2:192.168.34.27:35927], old=null, confs=<EMPTY_MAP>
2019-09-18 22:11:46,675 [pool-27-thread-1] INFO  server.RaftServerConfigKeys (ConfUtils.java:logGet(43)) - raft.server.storage.dir = [/workdir/hadoop-ozone/integration-test/target/test-dir/MiniOzoneClusterImpl-098cb20a-5709-466d-aded-8aed09afee3e/datanode-0/data/ratis] (custom)
2019-09-18 22:11:46,676 [pool-27-thread-1] INFO  storage.RaftStorageDirectory (RaftStorageDirectory.java:analyzeStorage(246)) - The storage directory /workdir/hadoop-ozone/integration-test/target/test-dir/MiniOzoneClusterImpl-098cb20a-5709-466d-aded-8aed09afee3e/datanode-0/data/ratis/7d6ef936-caaa-4c75-b8ee-0a96035ef064 does not exist. Creating ...
2019-09-18 22:11:46,676 [pool-87-thread-1] INFO  impl.RaftServerImpl (RaftServerImpl.java:<init>(95)) - 73306d30-93c7-4acf-8650-89e6f82bf9ae: new RaftServerImpl for group-0A96035EF064:[73306d30-93c7-4acf-8650-89e6f82bf9ae:192.168.34.27:36503, 83be8999-67ae-4928-8a06-df04737ded82:192.168.34.27:43276, 80fe7f66-a042-4fd5-86eb-7138643784f2:192.168.34.27:35927] with ContainerStateMachine:uninitialized
2019-09-18 22:11:46,676 [pool-87-thread-1] INFO  server.RaftServerConfigKeys (ConfUtils.java:logGet(43)) - raft.server.rpc.timeout.min = 5s (custom)
2019-09-18 22:11:46,676 [pool-87-thread-1] INFO  server.RaftServerConfigKeys (ConfUtils.java:logGet(43)) - raft.server.rpc.timeout.max = 5200ms (custom)
2019-09-18 22:11:46,677 [pool-87-thread-1] INFO  server.RaftServerConfigKeys (ConfUtils.java:logGet(43)) - raft.server.rpcslowness.timeout = 120s (custom)
2019-09-18 22:11:46,677 [pool-47-thread-1] INFO  impl.RaftServerImpl (RaftServerImpl.java:<init>(95)) - 83be8999-67ae-4928-8a06-df04737ded82: new RaftServerImpl for group-0A96035EF064:[73306d30-93c7-4acf-8650-89e6f82bf9ae:192.168.34.27:36503, 83be8999-67ae-4928-8a06-df04737ded82:192.168.34.27:43276, 80fe7f66-a042-4fd5-86eb-7138643784f2:192.168.34.27:35927] with ContainerStateMachine:uninitialized
2019-09-18 22:11:46,677 [pool-87-thread-1] INFO  server.RaftServerConfigKeys (ConfUtils.java:logGet(43)) - raft.server.sleep.deviation.threshold = 300 (default)
2019-09-18 22:11:46,677 [pool-47-thread-1] INFO  server.RaftServerConfigKeys (ConfUtils.java:logGet(43)) - raft.server.rpc.timeout.min = 5s (custom)
2019-09-18 22:11:46,677 [pool-87-thread-1] INFO  server.RaftServerConfigKeys (ConfUtils.java:logGet(43)) - raft.server.log.appender.install.snapshot.enabled = false (custom)
2019-09-18 22:11:46,677 [pool-47-thread-1] INFO  server.RaftServerConfigKeys (ConfUtils.java:logGet(43)) - raft.server.rpc.timeout.max = 5200ms (custom)
2019-09-18 22:11:46,677 [pool-87-thread-1] INFO  impl.RaftServerImpl (ServerState.java:<init>(103)) - 73306d30-93c7-4acf-8650-89e6f82bf9ae@group-0A96035EF064: ConfigurationManager, init=-1: [73306d30-93c7-4acf-8650-89e6f82bf9ae:192.168.34.27:36503, 83be8999-67ae-4928-8a06-df04737ded82:192.168.34.27:43276, 80fe7f66-a042-4fd5-86eb-7138643784f2:192.168.34.27:35927], old=null, confs=<EMPTY_MAP>
2019-09-18 22:11:46,678 [pool-47-thread-1] INFO  server.RaftServerConfigKeys (ConfUtils.java:logGet(43)) - raft.server.rpcslowness.timeout = 120s (custom)
2019-09-18 22:11:46,678 [pool-47-thread-1] INFO  server.RaftServerConfigKeys (ConfUtils.java:logGet(43)) - raft.server.sleep.deviation.threshold = 300 (default)
2019-09-18 22:11:46,678 [pool-87-thread-1] INFO  server.RaftServerConfigKeys (ConfUtils.java:logGet(43)) - raft.server.storage.dir = [/workdir/hadoop-ozone/integration-test/target/test-dir/MiniOzoneClusterImpl-098cb20a-5709-466d-aded-8aed09afee3e/datanode-6/data/ratis] (custom)
2019-09-18 22:11:46,678 [pool-47-thread-1] INFO  server.RaftServerConfigKeys (ConfUtils.java:logGet(43)) - raft.server.log.appender.install.snapshot.enabled = false (custom)
2019-09-18 22:11:46,678 [pool-47-thread-1] INFO  impl.RaftServerImpl (ServerState.java:<init>(103)) - 83be8999-67ae-4928-8a06-df04737ded82@group-0A96035EF064: ConfigurationManager, init=-1: [73306d30-93c7-4acf-8650-89e6f82bf9ae:192.168.34.27:36503, 83be8999-67ae-4928-8a06-df04737ded82:192.168.34.27:43276, 80fe7f66-a042-4fd5-86eb-7138643784f2:192.168.34.27:35927], old=null, confs=<EMPTY_MAP>
2019-09-18 22:11:46,678 [pool-47-thread-1] INFO  server.RaftServerConfigKeys (ConfUtils.java:logGet(43)) - raft.server.storage.dir = [/workdir/hadoop-ozone/integration-test/target/test-dir/MiniOzoneClusterImpl-098cb20a-5709-466d-aded-8aed09afee3e/datanode-2/data/ratis] (custom)
2019-09-18 22:11:46,678 [pool-87-thread-1] INFO  storage.RaftStorageDirectory (RaftStorageDirectory.java:analyzeStorage(246)) - The storage directory /workdir/hadoop-ozone/integration-test/target/test-dir/MiniOzoneClusterImpl-098cb20a-5709-466d-aded-8aed09afee3e/datanode-6/data/ratis/7d6ef936-caaa-4c75-b8ee-0a96035ef064 does not exist. Creating ...
2019-09-18 22:11:46,679 [pool-47-thread-1] INFO  storage.RaftStorageDirectory (RaftStorageDirectory.java:analyzeStorage(246)) - The storage directory /workdir/hadoop-ozone/integration-test/target/test-dir/MiniOzoneClusterImpl-098cb20a-5709-466d-aded-8aed09afee3e/datanode-2/data/ratis/7d6ef936-caaa-4c75-b8ee-0a96035ef064 does not exist. Creating ...
2019-09-18 22:11:46,701 [pool-87-thread-1] INFO  storage.RaftStorageDirectory (RaftStorageDirectory.java:tryLock(328)) - Lock on /workdir/hadoop-ozone/integration-test/target/test-dir/MiniOzoneClusterImpl-098cb20a-5709-466d-aded-8aed09afee3e/datanode-6/data/ratis/7d6ef936-caaa-4c75-b8ee-0a96035ef064/in_use.lock acquired by nodename 9434@pr-hdds-2150-pzdq9-4118776691
2019-09-18 22:11:46,701 [pool-47-thread-1] INFO  storage.RaftStorageDirectory (RaftStorageDirectory.java:tryLock(328)) - Lock on /workdir/hadoop-ozone/integration-test/target/test-dir/MiniOzoneClusterImpl-098cb20a-5709-466d-aded-8aed09afee3e/datanode-2/data/ratis/7d6ef936-caaa-4c75-b8ee-0a96035ef064/in_use.lock acquired by nodename 9434@pr-hdds-2150-pzdq9-4118776691
2019-09-18 22:11:46,701 [pool-27-thread-1] INFO  storage.RaftStorageDirectory (RaftStorageDirectory.java:tryLock(328)) - Lock on /workdir/hadoop-ozone/integration-test/target/test-dir/MiniOzoneClusterImpl-098cb20a-5709-466d-aded-8aed09afee3e/datanode-0/data/ratis/7d6ef936-caaa-4c75-b8ee-0a96035ef064/in_use.lock acquired by nodename 9434@pr-hdds-2150-pzdq9-4118776691
2019-09-18 22:11:46,726 [pool-47-thread-1] INFO  storage.RaftStorage (RaftStorage.java:format(72)) - Storage directory /workdir/hadoop-ozone/integration-test/target/test-dir/MiniOzoneClusterImpl-098cb20a-5709-466d-aded-8aed09afee3e/datanode-2/data/ratis/7d6ef936-caaa-4c75-b8ee-0a96035ef064 has been successfully formatted.
2019-09-18 22:11:46,726 [pool-87-thread-1] INFO  storage.RaftStorage (RaftStorage.java:format(72)) - Storage directory /workdir/hadoop-ozone/integration-test/target/test-dir/MiniOzoneClusterImpl-098cb20a-5709-466d-aded-8aed09afee3e/datanode-6/data/ratis/7d6ef936-caaa-4c75-b8ee-0a96035ef064 has been successfully formatted.
2019-09-18 22:11:46,726 [pool-27-thread-1] INFO  storage.RaftStorage (RaftStorage.java:format(72)) - Storage directory /workdir/hadoop-ozone/integration-test/target/test-dir/MiniOzoneClusterImpl-098cb20a-5709-466d-aded-8aed09afee3e/datanode-0/data/ratis/7d6ef936-caaa-4c75-b8ee-0a96035ef064 has been successfully formatted.
2019-09-18 22:11:46,726 [pool-47-thread-1] INFO  ratis.ContainerStateMachine (ContainerStateMachine.java:loadSnapshot(230)) - group-0A96035EF064: The snapshot info is null. Setting the last applied indexto:(t:0, i:~)
2019-09-18 22:11:46,727 [pool-87-thread-1] INFO  ratis.ContainerStateMachine (ContainerStateMachine.java:loadSnapshot(230)) - group-0A96035EF064: The snapshot info is null. Setting the last applied indexto:(t:0, i:~)
2019-09-18 22:11:46,727 [pool-27-thread-1] INFO  ratis.ContainerStateMachine (ContainerStateMachine.java:loadSnapshot(230)) - group-0A96035EF064: The snapshot info is null. Setting the last applied indexto:(t:0, i:~)
2019-09-18 22:11:46,727 [pool-47-thread-1] INFO  server.RaftServerConfigKeys (ConfUtils.java:logGet(43)) - raft.server.notification.no-leader.timeout = 120s (custom)
2019-09-18 22:11:46,727 [pool-27-thread-1] INFO  server.RaftServerConfigKeys (ConfUtils.java:logGet(43)) - raft.server.notification.no-leader.timeout = 120s (custom)
2019-09-18 22:11:46,727 [pool-87-thread-1] INFO  server.RaftServerConfigKeys (ConfUtils.java:logGet(43)) - raft.server.notification.no-leader.timeout = 120s (custom)
2019-09-18 22:11:46,727 [pool-27-thread-1] INFO  server.RaftServerConfigKeys (ConfUtils.java:logGet(43)) - raft.server.log.use.memory = false (default)
2019-09-18 22:11:46,727 [pool-47-thread-1] INFO  server.RaftServerConfigKeys (ConfUtils.java:logGet(43)) - raft.server.log.use.memory = false (default)
2019-09-18 22:11:46,728 [pool-27-thread-1] INFO  server.RaftServerConfigKeys (ConfUtils.java:logGet(43)) - raft.server.log.purge.gap = 1000000 (custom)
2019-09-18 22:11:46,728 [pool-87-thread-1] INFO  server.RaftServerConfigKeys (ConfUtils.java:logGet(43)) - raft.server.log.use.memory = false (default)
2019-09-18 22:11:46,728 [pool-27-thread-1] INFO  server.RaftServerConfigKeys (ConfUtils.java:logGet(43)) - raft.server.log.appender.buffer.byte-limit = 33554432 (custom)
2019-09-18 22:11:46,728 [pool-47-thread-1] INFO  server.RaftServerConfigKeys (ConfUtils.java:logGet(43)) - raft.server.log.purge.gap = 1000000 (custom)
2019-09-18 22:11:46,728 [pool-27-thread-1] INFO  server.RaftServerConfigKeys (ConfUtils.java:logGet(43)) - raft.server.log.segment.size.max = 1048576 (custom)
2019-09-18 22:11:46,728 [pool-87-thread-1] INFO  server.RaftServerConfigKeys (ConfUtils.java:logGet(43)) - raft.server.log.purge.gap = 1000000 (custom)
2019-09-18 22:11:46,729 [pool-27-thread-1] INFO  server.RaftServerConfigKeys (ConfUtils.java:logGet(43)) - raft.server.log.segment.cache.num.max = 2 (custom)
2019-09-18 22:11:46,729 [pool-47-thread-1] INFO  server.RaftServerConfigKeys (ConfUtils.java:logGet(43)) - raft.server.log.appender.buffer.byte-limit = 33554432 (custom)
2019-09-18 22:11:46,729 [pool-27-thread-1] INFO  segmented.SegmentedRaftLogWorker (SegmentedRaftLogWorker.java:<init>(172)) - new 80fe7f66-a042-4fd5-86eb-7138643784f2@group-0A96035EF064-SegmentedRaftLogWorker for RaftStorage:Storage Directory /workdir/hadoop-ozone/integration-test/target/test-dir/MiniOzoneClusterImpl-098cb20a-5709-466d-aded-8aed09afee3e/datanode-0/data/ratis/7d6ef936-caaa-4c75-b8ee-0a96035ef064
2019-09-18 22:11:46,729 [pool-87-thread-1] INFO  server.RaftServerConfigKeys (ConfUtils.java:logGet(43)) - raft.server.log.appender.buffer.byte-limit = 33554432 (custom)
2019-09-18 22:11:46,729 [pool-27-thread-1] INFO  server.RaftServerConfigKeys (ConfUtils.java:logGet(43)) - raft.server.log.queue.byte-limit = 2147483647 (custom)
2019-09-18 22:11:46,729 [pool-47-thread-1] INFO  server.RaftServerConfigKeys (ConfUtils.java:logGet(43)) - raft.server.log.segment.size.max = 1048576 (custom)
2019-09-18 22:11:46,730 [pool-27-thread-1] INFO  server.RaftServerConfigKeys (ConfUtils.java:logGet(43)) - raft.server.log.queue.element-limit = 1024 (custom)
2019-09-18 22:11:46,730 [pool-87-thread-1] INFO  server.RaftServerConfigKeys (ConfUtils.java:logGet(43)) - raft.server.log.segment.size.max = 1048576 (custom)
2019-09-18 22:11:46,730 [pool-27-thread-1] INFO  server.RaftServerConfigKeys (ConfUtils.java:logGet(43)) - raft.server.log.segment.size.max = 1048576 (custom)
2019-09-18 22:11:46,730 [pool-47-thread-1] INFO  server.RaftServerConfigKeys (ConfUtils.java:logGet(43)) - raft.server.log.segment.cache.num.max = 2 (custom)
2019-09-18 22:11:46,730 [pool-27-thread-1] INFO  server.RaftServerConfigKeys (ConfUtils.java:logGet(43)) - raft.server.log.preallocated.size = 16384 (custom)
2019-09-18 22:11:46,730 [pool-87-thread-1] INFO  server.RaftServerConfigKeys (ConfUtils.java:logGet(43)) - raft.server.log.segment.cache.num.max = 2 (custom)
2019-09-18 22:11:46,731 [pool-27-thread-1] INFO  server.RaftServerConfigKeys (ConfUtils.java:logGet(43)) - raft.server.log.write.buffer.size = 33554432 (custom)
2019-09-18 22:11:46,731 [pool-47-thread-1] INFO  segmented.SegmentedRaftLogWorker (SegmentedRaftLogWorker.java:<init>(172)) - new 83be8999-67ae-4928-8a06-df04737ded82@group-0A96035EF064-SegmentedRaftLogWorker for RaftStorage:Storage Directory /workdir/hadoop-ozone/integration-test/target/test-dir/MiniOzoneClusterImpl-098cb20a-5709-466d-aded-8aed09afee3e/datanode-2/data/ratis/7d6ef936-caaa-4c75-b8ee-0a96035ef064
2019-09-18 22:11:46,731 [pool-27-thread-1] INFO  server.RaftServerConfigKeys (ConfUtils.java:logGet(43)) - raft.server.log.force.sync.num = 128 (default)
2019-09-18 22:11:46,731 [pool-87-thread-1] INFO  segmented.SegmentedRaftLogWorker (SegmentedRaftLogWorker.java:<init>(172)) - new 73306d30-93c7-4acf-8650-89e6f82bf9ae@group-0A96035EF064-SegmentedRaftLogWorker for RaftStorage:Storage Directory /workdir/hadoop-ozone/integration-test/target/test-dir/MiniOzoneClusterImpl-098cb20a-5709-466d-aded-8aed09afee3e/datanode-6/data/ratis/7d6ef936-caaa-4c75-b8ee-0a96035ef064
2019-09-18 22:11:46,731 [pool-27-thread-1] INFO  server.RaftServerConfigKeys (ConfUtils.java:logGet(43)) - raft.server.log.statemachine.data.sync = true (default)
2019-09-18 22:11:46,731 [pool-47-thread-1] INFO  server.RaftServerConfigKeys (ConfUtils.java:logGet(43)) - raft.server.log.queue.byte-limit = 2147483647 (custom)
2019-09-18 22:11:46,732 [pool-27-thread-1] INFO  server.RaftServerConfigKeys (ConfUtils.java:logGet(43)) - raft.server.log.statemachine.data.sync.timeout = 10s (default)
2019-09-18 22:11:46,732 [pool-87-thread-1] INFO  server.RaftServerConfigKeys (ConfUtils.java:logGet(43)) - raft.server.log.queue.byte-limit = 2147483647 (custom)
2019-09-18 22:11:46,732 [pool-27-thread-1] INFO  server.RaftServerConfigKeys (ConfUtils.java:logGet(43)) - raft.server.log.statemachine.data.sync.timeout.retry = -1 (default)
2019-09-18 22:11:46,732 [pool-47-thread-1] INFO  server.RaftServerConfigKeys (ConfUtils.java:logGet(43)) - raft.server.log.queue.element-limit = 1024 (custom)
2019-09-18 22:11:46,732 [pool-87-thread-1] INFO  server.RaftServerConfigKeys (ConfUtils.java:logGet(43)) - raft.server.log.queue.element-limit = 1024 (custom)
2019-09-18 22:11:46,733 [pool-47-thread-1] INFO  server.RaftServerConfigKeys (ConfUtils.java:logGet(43)) - raft.server.log.segment.size.max = 1048576 (custom)
2019-09-18 22:11:46,733 [pool-27-thread-1] INFO  server.RaftServerConfigKeys (ConfUtils.java:logGet(43)) - raft.server.log.statemachine.data.caching.enabled = true (custom)
2019-09-18 22:11:46,733 [pool-47-thread-1] INFO  server.RaftServerConfigKeys (ConfUtils.java:logGet(43)) - raft.server.log.preallocated.size = 16384 (custom)
2019-09-18 22:11:46,733 [pool-87-thread-1] INFO  server.RaftServerConfigKeys (ConfUtils.java:logGet(43)) - raft.server.log.segment.size.max = 1048576 (custom)
2019-09-18 22:11:46,733 [pool-47-thread-1] INFO  server.RaftServerConfigKeys (ConfUtils.java:logGet(43)) - raft.server.log.write.buffer.size = 33554432 (custom)
2019-09-18 22:11:46,733 [pool-87-thread-1] INFO  server.RaftServerConfigKeys (ConfUtils.java:logGet(43)) - raft.server.log.preallocated.size = 16384 (custom)
2019-09-18 22:11:46,733 [pool-27-thread-1] INFO  segmented.SegmentedRaftLogWorker (SegmentedRaftLogWorker.java:lambda$new$0(132)) - 80fe7f66-a042-4fd5-86eb-7138643784f2@group-0A96035EF064-SegmentedRaftLogWorker: flushIndex: setUnconditionally 0 -> -1
2019-09-18 22:11:46,734 [pool-87-thread-1] INFO  server.RaftServerConfigKeys (ConfUtils.java:logGet(43)) - raft.server.log.write.buffer.size = 33554432 (custom)
2019-09-18 22:11:46,733 [pool-47-thread-1] INFO  server.RaftServerConfigKeys (ConfUtils.java:logGet(43)) - raft.server.log.force.sync.num = 128 (default)
2019-09-18 22:11:46,734 [pool-27-thread-1] INFO  server.RaftServerConfigKeys (ConfUtils.java:logGet(43)) - raft.server.snapshot.auto.trigger.enabled = true (custom)
2019-09-18 22:11:46,734 [pool-87-thread-1] INFO  server.RaftServerConfigKeys (ConfUtils.java:logGet(43)) - raft.server.log.force.sync.num = 128 (default)
2019-09-18 22:11:46,734 [pool-27-thread-1] INFO  server.RaftServerConfigKeys (ConfUtils.java:logGet(43)) - raft.server.snapshot.auto.trigger.threshold = 10000 (custom)
2019-09-18 22:11:46,734 [pool-47-thread-1] INFO  server.RaftServerConfigKeys (ConfUtils.java:logGet(43)) - raft.server.log.statemachine.data.sync = true (default)
2019-09-18 22:11:46,735 [pool-27-thread-1] INFO  server.RaftServerConfigKeys (ConfUtils.java:logGet(43)) - raft.server.snapshot.retention.num.files = 5 (custom)
2019-09-18 22:11:46,734 [pool-87-thread-1] INFO  server.RaftServerConfigKeys (ConfUtils.java:logGet(43)) - raft.server.log.statemachine.data.sync = true (default)
2019-09-18 22:11:46,735 [pool-27-thread-1] INFO  server.RaftServerConfigKeys (ConfUtils.java:logGet(43)) - raft.server.retrycache.expirytime = 600000ms (custom)
2019-09-18 22:11:46,735 [pool-47-thread-1] INFO  server.RaftServerConfigKeys (ConfUtils.java:logGet(43)) - raft.server.log.statemachine.data.sync.timeout = 10s (default)
2019-09-18 22:11:46,735 [pool-87-thread-1] INFO  server.RaftServerConfigKeys (ConfUtils.java:logGet(43)) - raft.server.log.statemachine.data.sync.timeout = 10s (default)
2019-09-18 22:11:46,735 [pool-47-thread-1] INFO  server.RaftServerConfigKeys (ConfUtils.java:logGet(43)) - raft.server.log.statemachine.data.sync.timeout.retry = -1 (default)
2019-09-18 22:11:46,736 [pool-87-thread-1] INFO  server.RaftServerConfigKeys (ConfUtils.java:logGet(43)) - raft.server.log.statemachine.data.sync.timeout.retry = -1 (default)
2019-09-18 22:11:46,736 [pool-47-thread-1] INFO  server.RaftServerConfigKeys (ConfUtils.java:logGet(43)) - raft.server.log.statemachine.data.caching.enabled = true (custom)
2019-09-18 22:11:46,736 [pool-87-thread-1] INFO  server.RaftServerConfigKeys (ConfUtils.java:logGet(43)) - raft.server.log.statemachine.data.caching.enabled = true (custom)
2019-09-18 22:11:46,736 [pool-47-thread-1] INFO  segmented.SegmentedRaftLogWorker (SegmentedRaftLogWorker.java:lambda$new$0(132)) - 83be8999-67ae-4928-8a06-df04737ded82@group-0A96035EF064-SegmentedRaftLogWorker: flushIndex: setUnconditionally 0 -> -1
2019-09-18 22:11:46,736 [pool-47-thread-1] INFO  server.RaftServerConfigKeys (ConfUtils.java:logGet(43)) - raft.server.snapshot.auto.trigger.enabled = true (custom)
2019-09-18 22:11:46,737 [pool-47-thread-1] INFO  server.RaftServerConfigKeys (ConfUtils.java:logGet(43)) - raft.server.snapshot.auto.trigger.threshold = 10000 (custom)
2019-09-18 22:11:46,737 [pool-87-thread-1] INFO  segmented.SegmentedRaftLogWorker (SegmentedRaftLogWorker.java:lambda$new$0(132)) - 73306d30-93c7-4acf-8650-89e6f82bf9ae@group-0A96035EF064-SegmentedRaftLogWorker: flushIndex: setUnconditionally 0 -> -1
2019-09-18 22:11:46,737 [pool-47-thread-1] INFO  server.RaftServerConfigKeys (ConfUtils.java:logGet(43)) - raft.server.snapshot.retention.num.files = 5 (custom)
2019-09-18 22:11:46,737 [pool-47-thread-1] INFO  server.RaftServerConfigKeys (ConfUtils.java:logGet(43)) - raft.server.retrycache.expirytime = 600000ms (custom)
2019-09-18 22:11:46,737 [pool-87-thread-1] INFO  server.RaftServerConfigKeys (ConfUtils.java:logGet(43)) - raft.server.snapshot.auto.trigger.enabled = true (custom)
2019-09-18 22:11:46,737 [pool-87-thread-1] INFO  server.RaftServerConfigKeys (ConfUtils.java:logGet(43)) - raft.server.snapshot.auto.trigger.threshold = 10000 (custom)
2019-09-18 22:11:46,738 [pool-87-thread-1] INFO  server.RaftServerConfigKeys (ConfUtils.java:logGet(43)) - raft.server.snapshot.retention.num.files = 5 (custom)
2019-09-18 22:11:46,738 [pool-87-thread-1] INFO  server.RaftServerConfigKeys (ConfUtils.java:logGet(43)) - raft.server.retrycache.expirytime = 600000ms (custom)
2019-09-18 22:11:46,741 [pool-27-thread-1] INFO  impl.RaftServerImpl (RaftServerImpl.java:start(185)) - 80fe7f66-a042-4fd5-86eb-7138643784f2@group-0A96035EF064: start as a follower, conf=-1: [73306d30-93c7-4acf-8650-89e6f82bf9ae:192.168.34.27:36503, 83be8999-67ae-4928-8a06-df04737ded82:192.168.34.27:43276, 80fe7f66-a042-4fd5-86eb-7138643784f2:192.168.34.27:35927], old=null
2019-09-18 22:11:46,741 [pool-27-thread-1] INFO  impl.RaftServerImpl (RaftServerImpl.java:setRole(174)) - 80fe7f66-a042-4fd5-86eb-7138643784f2@group-0A96035EF064: changes role from      null to FOLLOWER at term 0 for startAsFollower
2019-09-18 22:11:46,741 [pool-27-thread-1] INFO  impl.RoleInfo (RoleInfo.java:updateAndGet(143)) - 80fe7f66-a042-4fd5-86eb-7138643784f2: start FollowerState
2019-09-18 22:11:46,742 [pool-47-thread-1] INFO  impl.RaftServerImpl (RaftServerImpl.java:start(185)) - 83be8999-67ae-4928-8a06-df04737ded82@group-0A96035EF064: start as a follower, conf=-1: [73306d30-93c7-4acf-8650-89e6f82bf9ae:192.168.34.27:36503, 83be8999-67ae-4928-8a06-df04737ded82:192.168.34.27:43276, 80fe7f66-a042-4fd5-86eb-7138643784f2:192.168.34.27:35927], old=null
2019-09-18 22:11:46,742 [pool-47-thread-1] INFO  impl.RaftServerImpl (RaftServerImpl.java:setRole(174)) - 83be8999-67ae-4928-8a06-df04737ded82@group-0A96035EF064: changes role from      null to FOLLOWER at term 0 for startAsFollower
2019-09-18 22:11:46,742 [pool-27-thread-1] INFO  util.JmxRegister (JmxRegister.java:tryRegister(44)) - Successfully registered JMX Bean with object name Ratis:service=RaftServer,group=group-0A96035EF064,id=80fe7f66-a042-4fd5-86eb-7138643784f2
2019-09-18 22:11:46,742 [pool-47-thread-1] INFO  impl.RoleInfo (RoleInfo.java:updateAndGet(143)) - 83be8999-67ae-4928-8a06-df04737ded82: start FollowerState
2019-09-18 22:11:46,743 [pool-47-thread-1] INFO  util.JmxRegister (JmxRegister.java:tryRegister(44)) - Successfully registered JMX Bean with object name Ratis:service=RaftServer,group=group-0A96035EF064,id=83be8999-67ae-4928-8a06-df04737ded82
2019-09-18 22:11:46,743 [pool-87-thread-1] INFO  impl.RaftServerImpl (RaftServerImpl.java:start(185)) - 73306d30-93c7-4acf-8650-89e6f82bf9ae@group-0A96035EF064: start as a follower, conf=-1: [73306d30-93c7-4acf-8650-89e6f82bf9ae:192.168.34.27:36503, 83be8999-67ae-4928-8a06-df04737ded82:192.168.34.27:43276, 80fe7f66-a042-4fd5-86eb-7138643784f2:192.168.34.27:35927], old=null
2019-09-18 22:11:46,743 [pool-87-thread-1] INFO  impl.RaftServerImpl (RaftServerImpl.java:setRole(174)) - 73306d30-93c7-4acf-8650-89e6f82bf9ae@group-0A96035EF064: changes role from      null to FOLLOWER at term 0 for startAsFollower
2019-09-18 22:11:46,743 [pool-87-thread-1] INFO  impl.RoleInfo (RoleInfo.java:updateAndGet(143)) - 73306d30-93c7-4acf-8650-89e6f82bf9ae: start FollowerState
2019-09-18 22:11:46,744 [pool-87-thread-1] INFO  util.JmxRegister (JmxRegister.java:tryRegister(44)) - Successfully registered JMX Bean with object name Ratis:service=RaftServer,group=group-0A96035EF064,id=73306d30-93c7-4acf-8650-89e6f82bf9ae
2019-09-18 22:11:46,754 [RatisPipelineUtilsThread] INFO  pipeline.PipelineStateManager (PipelineStateManager.java:addPipeline(56)) - Created pipeline Pipeline[ Id: 7d6ef936-caaa-4c75-b8ee-0a96035ef064, Nodes: 80fe7f66-a042-4fd5-86eb-7138643784f2{ip: 192.168.34.27, host: pr-hdds-2150-pzdq9-4118776691, networkLocation: /default-rack, certSerialId: null}73306d30-93c7-4acf-8650-89e6f82bf9ae{ip: 192.168.34.27, host: pr-hdds-2150-pzdq9-4118776691, networkLocation: /default-rack, certSerialId: null}83be8999-67ae-4928-8a06-df04737ded82{ip: 192.168.34.27, host: pr-hdds-2150-pzdq9-4118776691, networkLocation: /default-rack, certSerialId: null}, Type:RATIS, Factor:THREE, State:OPEN]
2019-09-18 22:11:47,255 [Datanode State Machine Thread - 0] INFO  statemachine.DatanodeStateMachine (DatanodeStateMachine.java:lambda$startDaemon$0(350)) - Ozone container server started.
2019-09-18 22:11:47,518 [Thread-283] INFO  container.ReplicationManager (ReplicationManager.java:start(162)) - Starting Replication Monitor Thread.
2019-09-18 22:11:47,521 [ReplicationMonitor] INFO  container.ReplicationManager (ReplicationManager.java:run(225)) - Replication Monitor Thread took 1 milliseconds for processing 0 containers.
2019-09-18 22:11:50,125 [Thread-285] INFO  impl.FollowerState (FollowerState.java:run(106)) - 80fe7f66-a042-4fd5-86eb-7138643784f2:group-7E24A763ADC6 changes to CANDIDATE, lastRpcTime:5170, electionTimeout:5169ms
2019-09-18 22:11:50,132 [Thread-285] INFO  impl.RoleInfo (RoleInfo.java:shutdownFollowerState(121)) - 80fe7f66-a042-4fd5-86eb-7138643784f2: shutdown FollowerState
2019-09-18 22:11:50,133 [Thread-285] INFO  impl.RaftServerImpl (RaftServerImpl.java:setRole(174)) - 80fe7f66-a042-4fd5-86eb-7138643784f2@group-7E24A763ADC6: changes role from  FOLLOWER to CANDIDATE at term 0 for changeToCandidate
2019-09-18 22:11:50,145 [Thread-285] INFO  impl.RoleInfo (RoleInfo.java:updateAndGet(143)) - 80fe7f66-a042-4fd5-86eb-7138643784f2: start LeaderElection
2019-09-18 22:11:50,180 [80fe7f66-a042-4fd5-86eb-7138643784f2@group-7E24A763ADC6:LeaderElection1] INFO  impl.LeaderElection (LeaderElection.java:askForVotes(182)) - 80fe7f66-a042-4fd5-86eb-7138643784f2@group-7E24A763ADC6:LeaderElection1: begin an election at term 1 for -1: [80fe7f66-a042-4fd5-86eb-7138643784f2:192.168.34.27:35927], old=null
2019-09-18 22:11:50,182 [80fe7f66-a042-4fd5-86eb-7138643784f2@group-7E24A763ADC6:LeaderElection1] INFO  impl.RoleInfo (RoleInfo.java:shutdownLeaderElection(134)) - 80fe7f66-a042-4fd5-86eb-7138643784f2: shutdown LeaderElection
2019-09-18 22:11:50,183 [80fe7f66-a042-4fd5-86eb-7138643784f2@group-7E24A763ADC6:LeaderElection1] INFO  impl.RaftServerImpl (RaftServerImpl.java:setRole(174)) - 80fe7f66-a042-4fd5-86eb-7138643784f2@group-7E24A763ADC6: changes role from CANDIDATE to LEADER at term 1 for changeToLeader
2019-09-18 22:11:50,183 [80fe7f66-a042-4fd5-86eb-7138643784f2@group-7E24A763ADC6:LeaderElection1] INFO  impl.RaftServerImpl (ServerState.java:setLeader(253)) - 80fe7f66-a042-4fd5-86eb-7138643784f2@group-7E24A763ADC6: change Leader from null to 80fe7f66-a042-4fd5-86eb-7138643784f2 at term 1 for becomeLeader, leader elected after 5369ms
2019-09-18 22:11:50,191 [80fe7f66-a042-4fd5-86eb-7138643784f2@group-7E24A763ADC6:LeaderElection1] INFO  server.RaftServerConfigKeys (ConfUtils.java:logGet(43)) - raft.server.staging.catchup.gap = 1000 (default)
2019-09-18 22:11:50,191 [80fe7f66-a042-4fd5-86eb-7138643784f2@group-7E24A763ADC6:LeaderElection1] INFO  server.RaftServerConfigKeys (ConfUtils.java:logGet(43)) - raft.server.rpc.sleep.time = 25ms (default)
2019-09-18 22:11:50,195 [80fe7f66-a042-4fd5-86eb-7138643784f2@group-7E24A763ADC6:LeaderElection1] INFO  server.RaftServerConfigKeys (ConfUtils.java:logGet(43)) - raft.server.write.element-limit = 4096 (default)
2019-09-18 22:11:50,198 [80fe7f66-a042-4fd5-86eb-7138643784f2@group-7E24A763ADC6:LeaderElection1] INFO  server.RaftServerConfigKeys (ConfUtils.java:logGet(43)) - raft.server.watch.timeout = 10s (default)
2019-09-18 22:11:50,198 [80fe7f66-a042-4fd5-86eb-7138643784f2@group-7E24A763ADC6:LeaderElection1] INFO  server.RaftServerConfigKeys (ConfUtils.java:logGet(43)) - raft.server.watch.timeout.denomination = 1s (default)
2019-09-18 22:11:50,199 [80fe7f66-a042-4fd5-86eb-7138643784f2@group-7E24A763ADC6:LeaderElection1] INFO  server.RaftServerConfigKeys (ConfUtils.java:logGet(43)) - raft.server.watch.element-limit = 65536 (default)
2019-09-18 22:11:50,213 [80fe7f66-a042-4fd5-86eb-7138643784f2@group-7E24A763ADC6:LeaderElection1] INFO  impl.RoleInfo (RoleInfo.java:updateAndGet(143)) - 80fe7f66-a042-4fd5-86eb-7138643784f2: start LeaderState
2019-09-18 22:11:50,224 [Thread-288] INFO  impl.FollowerState (FollowerState.java:run(106)) - 379fa6c2-49a1-4408-8949-ca6be2717677:group-AEA00BE8CB6A changes to CANDIDATE, lastRpcTime:5002, electionTimeout:5000ms
2019-09-18 22:11:50,242 [Thread-288] INFO  impl.RoleInfo (RoleInfo.java:shutdownFollowerState(121)) - 379fa6c2-49a1-4408-8949-ca6be2717677: shutdown FollowerState
2019-09-18 22:11:50,242 [Thread-288] INFO  impl.RaftServerImpl (RaftServerImpl.java:setRole(174)) - 379fa6c2-49a1-4408-8949-ca6be2717677@group-AEA00BE8CB6A: changes role from  FOLLOWER to CANDIDATE at term 0 for changeToCandidate
2019-09-18 22:11:50,242 [Thread-288] INFO  impl.RoleInfo (RoleInfo.java:updateAndGet(143)) - 379fa6c2-49a1-4408-8949-ca6be2717677: start LeaderElection
2019-09-18 22:11:50,261 [80fe7f66-a042-4fd5-86eb-7138643784f2@group-7E24A763ADC6:LeaderElection1] INFO  segmented.SegmentedRaftLogWorker (SegmentedRaftLogWorker.java:startLogSegment(380)) - 80fe7f66-a042-4fd5-86eb-7138643784f2@group-7E24A763ADC6-SegmentedRaftLogWorker: Starting segment from index:0
2019-09-18 22:11:50,270 [80fe7f66-a042-4fd5-86eb-7138643784f2@group-7E24A763ADC6:LeaderElection1] INFO  impl.RaftServerImpl (ServerState.java:setRaftConf(354)) - 80fe7f66-a042-4fd5-86eb-7138643784f2@group-7E24A763ADC6: set configuration 0: [80fe7f66-a042-4fd5-86eb-7138643784f2:192.168.34.27:35927], old=null at 0
2019-09-18 22:11:50,275 [379fa6c2-49a1-4408-8949-ca6be2717677@group-AEA00BE8CB6A:LeaderElection2] INFO  impl.LeaderElection (LeaderElection.java:askForVotes(182)) - 379fa6c2-49a1-4408-8949-ca6be2717677@group-AEA00BE8CB6A:LeaderElection2: begin an election at term 1 for -1: [379fa6c2-49a1-4408-8949-ca6be2717677:192.168.34.27:42824], old=null
2019-09-18 22:11:50,275 [379fa6c2-49a1-4408-8949-ca6be2717677@group-AEA00BE8CB6A:LeaderElection2] INFO  impl.RoleInfo (RoleInfo.java:shutdownLeaderElection(134)) - 379fa6c2-49a1-4408-8949-ca6be2717677: shutdown LeaderElection
2019-09-18 22:11:50,275 [379fa6c2-49a1-4408-8949-ca6be2717677@group-AEA00BE8CB6A:LeaderElection2] INFO  impl.RaftServerImpl (RaftServerImpl.java:setRole(174)) - 379fa6c2-49a1-4408-8949-ca6be2717677@group-AEA00BE8CB6A: changes role from CANDIDATE to LEADER at term 1 for changeToLeader
2019-09-18 22:11:50,276 [379fa6c2-49a1-4408-8949-ca6be2717677@group-AEA00BE8CB6A:LeaderElection2] INFO  impl.RaftServerImpl (ServerState.java:setLeader(253)) - 379fa6c2-49a1-4408-8949-ca6be2717677@group-AEA00BE8CB6A: change Leader from null to 379fa6c2-49a1-4408-8949-ca6be2717677 at term 1 for becomeLeader, leader elected after 5069ms
2019-09-18 22:11:50,276 [379fa6c2-49a1-4408-8949-ca6be2717677@group-AEA00BE8CB6A:LeaderElection2] INFO  server.RaftServerConfigKeys (ConfUtils.java:logGet(43)) - raft.server.staging.catchup.gap = 1000 (default)
2019-09-18 22:11:50,276 [379fa6c2-49a1-4408-8949-ca6be2717677@group-AEA00BE8CB6A:LeaderElection2] INFO  server.RaftServerConfigKeys (ConfUtils.java:logGet(43)) - raft.server.rpc.sleep.time = 25ms (default)
2019-09-18 22:11:50,276 [379fa6c2-49a1-4408-8949-ca6be2717677@group-AEA00BE8CB6A:LeaderElection2] INFO  server.RaftServerConfigKeys (ConfUtils.java:logGet(43)) - raft.server.write.element-limit = 4096 (default)
2019-09-18 22:11:50,276 [379fa6c2-49a1-4408-8949-ca6be2717677@group-AEA00BE8CB6A:LeaderElection2] INFO  server.RaftServerConfigKeys (ConfUtils.java:logGet(43)) - raft.server.watch.timeout = 10s (default)
2019-09-18 22:11:50,276 [379fa6c2-49a1-4408-8949-ca6be2717677@group-AEA00BE8CB6A:LeaderElection2] INFO  server.RaftServerConfigKeys (ConfUtils.java:logGet(43)) - raft.server.watch.timeout.denomination = 1s (default)
2019-09-18 22:11:50,277 [379fa6c2-49a1-4408-8949-ca6be2717677@group-AEA00BE8CB6A:LeaderElection2] INFO  server.RaftServerConfigKeys (ConfUtils.java:logGet(43)) - raft.server.watch.element-limit = 65536 (default)
2019-09-18 22:11:50,280 [379fa6c2-49a1-4408-8949-ca6be2717677@group-AEA00BE8CB6A:LeaderElection2] INFO  impl.RoleInfo (RoleInfo.java:updateAndGet(143)) - 379fa6c2-49a1-4408-8949-ca6be2717677: start LeaderState
2019-09-18 22:11:50,281 [379fa6c2-49a1-4408-8949-ca6be2717677@group-AEA00BE8CB6A:LeaderElection2] INFO  segmented.SegmentedRaftLogWorker (SegmentedRaftLogWorker.java:startLogSegment(380)) - 379fa6c2-49a1-4408-8949-ca6be2717677@group-AEA00BE8CB6A-SegmentedRaftLogWorker: Starting segment from index:0
2019-09-18 22:11:50,281 [379fa6c2-49a1-4408-8949-ca6be2717677@group-AEA00BE8CB6A:LeaderElection2] INFO  impl.RaftServerImpl (ServerState.java:setRaftConf(354)) - 379fa6c2-49a1-4408-8949-ca6be2717677@group-AEA00BE8CB6A: set configuration 0: [379fa6c2-49a1-4408-8949-ca6be2717677:192.168.34.27:42824], old=null at 0
2019-09-18 22:11:50,482 [80fe7f66-a042-4fd5-86eb-7138643784f2@group-7E24A763ADC6-SegmentedRaftLogWorker] INFO  segmented.SegmentedRaftLogWorker (SegmentedRaftLogWorker.java:execute(569)) - 80fe7f66-a042-4fd5-86eb-7138643784f2@group-7E24A763ADC6-SegmentedRaftLogWorker: created new log segment /workdir/hadoop-ozone/integration-test/target/test-dir/MiniOzoneClusterImpl-098cb20a-5709-466d-aded-8aed09afee3e/datanode-0/data/ratis/ac82d72d-9bc8-4cb6-a6d2-7e24a763adc6/current/log_inprogress_0
2019-09-18 22:11:50,482 [379fa6c2-49a1-4408-8949-ca6be2717677@group-AEA00BE8CB6A-SegmentedRaftLogWorker] INFO  segmented.SegmentedRaftLogWorker (SegmentedRaftLogWorker.java:execute(569)) - 379fa6c2-49a1-4408-8949-ca6be2717677@group-AEA00BE8CB6A-SegmentedRaftLogWorker: created new log segment /workdir/hadoop-ozone/integration-test/target/test-dir/MiniOzoneClusterImpl-098cb20a-5709-466d-aded-8aed09afee3e/datanode-3/data/ratis/92296fe1-8652-4903-ac43-aea00be8cb6a/current/log_inprogress_0
2019-09-18 22:11:50,580 [Thread-291] INFO  impl.FollowerState (FollowerState.java:run(106)) - d117bc90-4994-4aca-be01-c9176126e9cd:group-A02BD343AC61 changes to CANDIDATE, lastRpcTime:5152, electionTimeout:5152ms
2019-09-18 22:11:50,585 [Thread-294] INFO  impl.FollowerState (FollowerState.java:run(106)) - 5419bd03-146b-4e1a-9251-4ae6710db1e4:group-1134B5CFAA53 changes to CANDIDATE, lastRpcTime:5055, electionTimeout:5052ms
2019-09-18 22:11:50,585 [Thread-291] INFO  impl.RoleInfo (RoleInfo.java:shutdownFollowerState(121)) - d117bc90-4994-4aca-be01-c9176126e9cd: shutdown FollowerState
2019-09-18 22:11:50,585 [Thread-291] INFO  impl.RaftServerImpl (RaftServerImpl.java:setRole(174)) - d117bc90-4994-4aca-be01-c9176126e9cd@group-A02BD343AC61: changes role from  FOLLOWER to CANDIDATE at term 0 for changeToCandidate
2019-09-18 22:11:50,585 [Thread-294] INFO  impl.RoleInfo (RoleInfo.java:shutdownFollowerState(121)) - 5419bd03-146b-4e1a-9251-4ae6710db1e4: shutdown FollowerState
2019-09-18 22:11:50,586 [Thread-291] INFO  impl.RoleInfo (RoleInfo.java:updateAndGet(143)) - d117bc90-4994-4aca-be01-c9176126e9cd: start LeaderElection
2019-09-18 22:11:50,586 [Thread-294] INFO  impl.RaftServerImpl (RaftServerImpl.java:setRole(174)) - 5419bd03-146b-4e1a-9251-4ae6710db1e4@group-1134B5CFAA53: changes role from  FOLLOWER to CANDIDATE at term 0 for changeToCandidate
2019-09-18 22:11:50,586 [Thread-294] INFO  impl.RoleInfo (RoleInfo.java:updateAndGet(143)) - 5419bd03-146b-4e1a-9251-4ae6710db1e4: start LeaderElection
2019-09-18 22:11:50,611 [d117bc90-4994-4aca-be01-c9176126e9cd@group-A02BD343AC61:LeaderElection3] INFO  impl.LeaderElection (LeaderElection.java:askForVotes(182)) - d117bc90-4994-4aca-be01-c9176126e9cd@group-A02BD343AC61:LeaderElection3: begin an election at term 1 for -1: [d117bc90-4994-4aca-be01-c9176126e9cd:192.168.34.27:41865], old=null
2019-09-18 22:11:50,611 [5419bd03-146b-4e1a-9251-4ae6710db1e4@group-1134B5CFAA53:LeaderElection4] INFO  impl.LeaderElection (LeaderElection.java:askForVotes(182)) - 5419bd03-146b-4e1a-9251-4ae6710db1e4@group-1134B5CFAA53:LeaderElection4: begin an election at term 1 for -1: [5419bd03-146b-4e1a-9251-4ae6710db1e4:192.168.34.27:45183], old=null
2019-09-18 22:11:50,613 [d117bc90-4994-4aca-be01-c9176126e9cd@group-A02BD343AC61:LeaderElection3] INFO  impl.RoleInfo (RoleInfo.java:shutdownLeaderElection(134)) - d117bc90-4994-4aca-be01-c9176126e9cd: shutdown LeaderElection
2019-09-18 22:11:50,614 [5419bd03-146b-4e1a-9251-4ae6710db1e4@group-1134B5CFAA53:LeaderElection4] INFO  impl.RoleInfo (RoleInfo.java:shutdownLeaderElection(134)) - 5419bd03-146b-4e1a-9251-4ae6710db1e4: shutdown LeaderElection
2019-09-18 22:11:50,614 [d117bc90-4994-4aca-be01-c9176126e9cd@group-A02BD343AC61:LeaderElection3] INFO  impl.RaftServerImpl (RaftServerImpl.java:setRole(174)) - d117bc90-4994-4aca-be01-c9176126e9cd@group-A02BD343AC61: changes role from CANDIDATE to LEADER at term 1 for changeToLeader
2019-09-18 22:11:50,614 [5419bd03-146b-4e1a-9251-4ae6710db1e4@group-1134B5CFAA53:LeaderElection4] INFO  impl.RaftServerImpl (RaftServerImpl.java:setRole(174)) - 5419bd03-146b-4e1a-9251-4ae6710db1e4@group-1134B5CFAA53: changes role from CANDIDATE to LEADER at term 1 for changeToLeader
2019-09-18 22:11:50,614 [d117bc90-4994-4aca-be01-c9176126e9cd@group-A02BD343AC61:LeaderElection3] INFO  impl.RaftServerImpl (ServerState.java:setLeader(253)) - d117bc90-4994-4aca-be01-c9176126e9cd@group-A02BD343AC61: change Leader from null to d117bc90-4994-4aca-be01-c9176126e9cd at term 1 for becomeLeader, leader elected after 5255ms
2019-09-18 22:11:50,614 [5419bd03-146b-4e1a-9251-4ae6710db1e4@group-1134B5CFAA53:LeaderElection4] INFO  impl.RaftServerImpl (ServerState.java:setLeader(253)) - 5419bd03-146b-4e1a-9251-4ae6710db1e4@group-1134B5CFAA53: change Leader from null to 5419bd03-146b-4e1a-9251-4ae6710db1e4 at term 1 for becomeLeader, leader elected after 5102ms
2019-09-18 22:11:50,614 [d117bc90-4994-4aca-be01-c9176126e9cd@group-A02BD343AC61:LeaderElection3] INFO  server.RaftServerConfigKeys (ConfUtils.java:logGet(43)) - raft.server.staging.catchup.gap = 1000 (default)
2019-09-18 22:11:50,615 [5419bd03-146b-4e1a-9251-4ae6710db1e4@group-1134B5CFAA53:LeaderElection4] INFO  server.RaftServerConfigKeys (ConfUtils.java:logGet(43)) - raft.server.staging.catchup.gap = 1000 (default)
2019-09-18 22:11:50,615 [d117bc90-4994-4aca-be01-c9176126e9cd@group-A02BD343AC61:LeaderElection3] INFO  server.RaftServerConfigKeys (ConfUtils.java:logGet(43)) - raft.server.rpc.sleep.time = 25ms (default)
2019-09-18 22:11:50,615 [5419bd03-146b-4e1a-9251-4ae6710db1e4@group-1134B5CFAA53:LeaderElection4] INFO  server.RaftServerConfigKeys (ConfUtils.java:logGet(43)) - raft.server.rpc.sleep.time = 25ms (default)
2019-09-18 22:11:50,615 [d117bc90-4994-4aca-be01-c9176126e9cd@group-A02BD343AC61:LeaderElection3] INFO  server.RaftServerConfigKeys (ConfUtils.java:logGet(43)) - raft.server.write.element-limit = 4096 (default)
2019-09-18 22:11:50,615 [5419bd03-146b-4e1a-9251-4ae6710db1e4@group-1134B5CFAA53:LeaderElection4] INFO  server.RaftServerConfigKeys (ConfUtils.java:logGet(43)) - raft.server.write.element-limit = 4096 (default)
2019-09-18 22:11:50,615 [d117bc90-4994-4aca-be01-c9176126e9cd@group-A02BD343AC61:LeaderElection3] INFO  server.RaftServerConfigKeys (ConfUtils.java:logGet(43)) - raft.server.watch.timeout = 10s (default)
2019-09-18 22:11:50,616 [5419bd03-146b-4e1a-9251-4ae6710db1e4@group-1134B5CFAA53:LeaderElection4] INFO  server.RaftServerConfigKeys (ConfUtils.java:logGet(43)) - raft.server.watch.timeout = 10s (default)
2019-09-18 22:11:50,616 [d117bc90-4994-4aca-be01-c9176126e9cd@group-A02BD343AC61:LeaderElection3] INFO  server.RaftServerConfigKeys (ConfUtils.java:logGet(43)) - raft.server.watch.timeout.denomination = 1s (default)
2019-09-18 22:11:50,616 [5419bd03-146b-4e1a-9251-4ae6710db1e4@group-1134B5CFAA53:LeaderElection4] INFO  server.RaftServerConfigKeys (ConfUtils.java:logGet(43)) - raft.server.watch.timeout.denomination = 1s (default)
2019-09-18 22:11:50,616 [d117bc90-4994-4aca-be01-c9176126e9cd@group-A02BD343AC61:LeaderElection3] INFO  server.RaftServerConfigKeys (ConfUtils.java:logGet(43)) - raft.server.watch.element-limit = 65536 (default)
2019-09-18 22:11:50,616 [5419bd03-146b-4e1a-9251-4ae6710db1e4@group-1134B5CFAA53:LeaderElection4] INFO  server.RaftServerConfigKeys (ConfUtils.java:logGet(43)) - raft.server.watch.element-limit = 65536 (default)
2019-09-18 22:11:50,621 [d117bc90-4994-4aca-be01-c9176126e9cd@group-A02BD343AC61:LeaderElection3] INFO  impl.RoleInfo (RoleInfo.java:updateAndGet(143)) - d117bc90-4994-4aca-be01-c9176126e9cd: start LeaderState
2019-09-18 22:11:50,621 [d117bc90-4994-4aca-be01-c9176126e9cd@group-A02BD343AC61:LeaderElection3] INFO  segmented.SegmentedRaftLogWorker (SegmentedRaftLogWorker.java:startLogSegment(380)) - d117bc90-4994-4aca-be01-c9176126e9cd@group-A02BD343AC61-SegmentedRaftLogWorker: Starting segment from index:0
2019-09-18 22:11:50,621 [5419bd03-146b-4e1a-9251-4ae6710db1e4@group-1134B5CFAA53:LeaderElection4] INFO  impl.RoleInfo (RoleInfo.java:updateAndGet(143)) - 5419bd03-146b-4e1a-9251-4ae6710db1e4: start LeaderState
2019-09-18 22:11:50,622 [5419bd03-146b-4e1a-9251-4ae6710db1e4@group-1134B5CFAA53:LeaderElection4] INFO  segmented.SegmentedRaftLogWorker (SegmentedRaftLogWorker.java:startLogSegment(380)) - 5419bd03-146b-4e1a-9251-4ae6710db1e4@group-1134B5CFAA53-SegmentedRaftLogWorker: Starting segment from index:0
2019-09-18 22:11:50,622 [d117bc90-4994-4aca-be01-c9176126e9cd@group-A02BD343AC61:LeaderElection3] INFO  impl.RaftServerImpl (ServerState.java:setRaftConf(354)) - d117bc90-4994-4aca-be01-c9176126e9cd@group-A02BD343AC61: set configuration 0: [d117bc90-4994-4aca-be01-c9176126e9cd:192.168.34.27:41865], old=null at 0
2019-09-18 22:11:50,667 [5419bd03-146b-4e1a-9251-4ae6710db1e4@group-1134B5CFAA53:LeaderElection4] INFO  impl.RaftServerImpl (ServerState.java:setRaftConf(354)) - 5419bd03-146b-4e1a-9251-4ae6710db1e4@group-1134B5CFAA53: set configuration 0: [5419bd03-146b-4e1a-9251-4ae6710db1e4:192.168.34.27:45183], old=null at 0
2019-09-18 22:11:50,706 [d117bc90-4994-4aca-be01-c9176126e9cd@group-A02BD343AC61-SegmentedRaftLogWorker] INFO  segmented.SegmentedRaftLogWorker (SegmentedRaftLogWorker.java:execute(569)) - d117bc90-4994-4aca-be01-c9176126e9cd@group-A02BD343AC61-SegmentedRaftLogWorker: created new log segment /workdir/hadoop-ozone/integration-test/target/test-dir/MiniOzoneClusterImpl-098cb20a-5709-466d-aded-8aed09afee3e/datanode-4/data/ratis/effb4aae-e57d-4ba6-b389-a02bd343ac61/current/log_inprogress_0
2019-09-18 22:11:50,720 [Thread-297] INFO  impl.FollowerState (FollowerState.java:run(106)) - 58e80564-5bec-4090-a95b-543e75482138:group-1FD647EB7492 changes to CANDIDATE, lastRpcTime:5093, electionTimeout:5093ms
2019-09-18 22:11:50,721 [Thread-297] INFO  impl.RoleInfo (RoleInfo.java:shutdownFollowerState(121)) - 58e80564-5bec-4090-a95b-543e75482138: shutdown FollowerState
2019-09-18 22:11:50,721 [Thread-297] INFO  impl.RaftServerImpl (RaftServerImpl.java:setRole(174)) - 58e80564-5bec-4090-a95b-543e75482138@group-1FD647EB7492: changes role from  FOLLOWER to CANDIDATE at term 0 for changeToCandidate
2019-09-18 22:11:50,721 [Thread-297] INFO  impl.RoleInfo (RoleInfo.java:updateAndGet(143)) - 58e80564-5bec-4090-a95b-543e75482138: start LeaderElection
2019-09-18 22:11:50,730 [5419bd03-146b-4e1a-9251-4ae6710db1e4@group-1134B5CFAA53-SegmentedRaftLogWorker] INFO  segmented.SegmentedRaftLogWorker (SegmentedRaftLogWorker.java:execute(569)) - 5419bd03-146b-4e1a-9251-4ae6710db1e4@group-1134B5CFAA53-SegmentedRaftLogWorker: created new log segment /workdir/hadoop-ozone/integration-test/target/test-dir/MiniOzoneClusterImpl-098cb20a-5709-466d-aded-8aed09afee3e/datanode-5/data/ratis/70de04f0-66e8-416e-b06f-1134b5cfaa53/current/log_inprogress_0
2019-09-18 22:11:50,731 [58e80564-5bec-4090-a95b-543e75482138@group-1FD647EB7492:LeaderElection5] INFO  impl.LeaderElection (LeaderElection.java:askForVotes(182)) - 58e80564-5bec-4090-a95b-543e75482138@group-1FD647EB7492:LeaderElection5: begin an election at term 1 for -1: [58e80564-5bec-4090-a95b-543e75482138:192.168.34.27:42903], old=null
2019-09-18 22:11:50,732 [58e80564-5bec-4090-a95b-543e75482138@group-1FD647EB7492:LeaderElection5] INFO  impl.RoleInfo (RoleInfo.java:shutdownLeaderElection(134)) - 58e80564-5bec-4090-a95b-543e75482138: shutdown LeaderElection
2019-09-18 22:11:50,732 [58e80564-5bec-4090-a95b-543e75482138@group-1FD647EB7492:LeaderElection5] INFO  impl.RaftServerImpl (RaftServerImpl.java:setRole(174)) - 58e80564-5bec-4090-a95b-543e75482138@group-1FD647EB7492: changes role from CANDIDATE to LEADER at term 1 for changeToLeader
2019-09-18 22:11:50,732 [58e80564-5bec-4090-a95b-543e75482138@group-1FD647EB7492:LeaderElection5] INFO  impl.RaftServerImpl (ServerState.java:setLeader(253)) - 58e80564-5bec-4090-a95b-543e75482138@group-1FD647EB7492: change Leader from null to 58e80564-5bec-4090-a95b-543e75482138 at term 1 for becomeLeader, leader elected after 5114ms
2019-09-18 22:11:50,732 [58e80564-5bec-4090-a95b-543e75482138@group-1FD647EB7492:LeaderElection5] INFO  server.RaftServerConfigKeys (ConfUtils.java:logGet(43)) - raft.server.staging.catchup.gap = 1000 (default)
2019-09-18 22:11:50,732 [58e80564-5bec-4090-a95b-543e75482138@group-1FD647EB7492:LeaderElection5] INFO  server.RaftServerConfigKeys (ConfUtils.java:logGet(43)) - raft.server.rpc.sleep.time = 25ms (default)
2019-09-18 22:11:50,732 [58e80564-5bec-4090-a95b-543e75482138@group-1FD647EB7492:LeaderElection5] INFO  server.RaftServerConfigKeys (ConfUtils.java:logGet(43)) - raft.server.write.element-limit = 4096 (default)
2019-09-18 22:11:50,733 [58e80564-5bec-4090-a95b-543e75482138@group-1FD647EB7492:LeaderElection5] INFO  server.RaftServerConfigKeys (ConfUtils.java:logGet(43)) - raft.server.watch.timeout = 10s (default)
2019-09-18 22:11:50,733 [58e80564-5bec-4090-a95b-543e75482138@group-1FD647EB7492:LeaderElection5] INFO  server.RaftServerConfigKeys (ConfUtils.java:logGet(43)) - raft.server.watch.timeout.denomination = 1s (default)
2019-09-18 22:11:50,733 [58e80564-5bec-4090-a95b-543e75482138@group-1FD647EB7492:LeaderElection5] INFO  server.RaftServerConfigKeys (ConfUtils.java:logGet(43)) - raft.server.watch.element-limit = 65536 (default)
2019-09-18 22:11:50,737 [58e80564-5bec-4090-a95b-543e75482138@group-1FD647EB7492:LeaderElection5] INFO  impl.RoleInfo (RoleInfo.java:updateAndGet(143)) - 58e80564-5bec-4090-a95b-543e75482138: start LeaderState
2019-09-18 22:11:50,737 [58e80564-5bec-4090-a95b-543e75482138@group-1FD647EB7492:LeaderElection5] INFO  segmented.SegmentedRaftLogWorker (SegmentedRaftLogWorker.java:startLogSegment(380)) - 58e80564-5bec-4090-a95b-543e75482138@group-1FD647EB7492-SegmentedRaftLogWorker: Starting segment from index:0
2019-09-18 22:11:50,738 [58e80564-5bec-4090-a95b-543e75482138@group-1FD647EB7492:LeaderElection5] INFO  impl.RaftServerImpl (ServerState.java:setRaftConf(354)) - 58e80564-5bec-4090-a95b-543e75482138@group-1FD647EB7492: set configuration 0: [58e80564-5bec-4090-a95b-543e75482138:192.168.34.27:42903], old=null at 0
2019-09-18 22:11:50,798 [58e80564-5bec-4090-a95b-543e75482138@group-1FD647EB7492-SegmentedRaftLogWorker] INFO  segmented.SegmentedRaftLogWorker (SegmentedRaftLogWorker.java:execute(569)) - 58e80564-5bec-4090-a95b-543e75482138@group-1FD647EB7492-SegmentedRaftLogWorker: created new log segment /workdir/hadoop-ozone/integration-test/target/test-dir/MiniOzoneClusterImpl-098cb20a-5709-466d-aded-8aed09afee3e/datanode-9/data/ratis/703b1858-5d13-4417-ad49-1fd647eb7492/current/log_inprogress_0
2019-09-18 22:11:50,821 [Thread-300] INFO  impl.FollowerState (FollowerState.java:run(106)) - fba6f591-d47b-4675-b90c-be27a1cfadaa:group-7CA2337CD4E1 changes to CANDIDATE, lastRpcTime:5097, electionTimeout:5097ms
2019-09-18 22:11:50,822 [Thread-300] INFO  impl.RoleInfo (RoleInfo.java:shutdownFollowerState(121)) - fba6f591-d47b-4675-b90c-be27a1cfadaa: shutdown FollowerState
2019-09-18 22:11:50,822 [Thread-300] INFO  impl.RaftServerImpl (RaftServerImpl.java:setRole(174)) - fba6f591-d47b-4675-b90c-be27a1cfadaa@group-7CA2337CD4E1: changes role from  FOLLOWER to CANDIDATE at term 0 for changeToCandidate
2019-09-18 22:11:50,822 [Thread-300] INFO  impl.RoleInfo (RoleInfo.java:updateAndGet(143)) - fba6f591-d47b-4675-b90c-be27a1cfadaa: start LeaderElection
2019-09-18 22:11:50,840 [fba6f591-d47b-4675-b90c-be27a1cfadaa@group-7CA2337CD4E1:LeaderElection6] INFO  impl.LeaderElection (LeaderElection.java:askForVotes(182)) - fba6f591-d47b-4675-b90c-be27a1cfadaa@group-7CA2337CD4E1:LeaderElection6: begin an election at term 1 for -1: [fba6f591-d47b-4675-b90c-be27a1cfadaa:192.168.34.27:46622], old=null
2019-09-18 22:11:50,840 [fba6f591-d47b-4675-b90c-be27a1cfadaa@group-7CA2337CD4E1:LeaderElection6] INFO  impl.RoleInfo (RoleInfo.java:shutdownLeaderElection(134)) - fba6f591-d47b-4675-b90c-be27a1cfadaa: shutdown LeaderElection
2019-09-18 22:11:50,840 [fba6f591-d47b-4675-b90c-be27a1cfadaa@group-7CA2337CD4E1:LeaderElection6] INFO  impl.RaftServerImpl (RaftServerImpl.java:setRole(174)) - fba6f591-d47b-4675-b90c-be27a1cfadaa@group-7CA2337CD4E1: changes role from CANDIDATE to LEADER at term 1 for changeToLeader
2019-09-18 22:11:50,841 [fba6f591-d47b-4675-b90c-be27a1cfadaa@group-7CA2337CD4E1:LeaderElection6] INFO  impl.RaftServerImpl (ServerState.java:setLeader(253)) - fba6f591-d47b-4675-b90c-be27a1cfadaa@group-7CA2337CD4E1: change Leader from null to fba6f591-d47b-4675-b90c-be27a1cfadaa at term 1 for becomeLeader, leader elected after 5131ms
2019-09-18 22:11:50,841 [fba6f591-d47b-4675-b90c-be27a1cfadaa@group-7CA2337CD4E1:LeaderElection6] INFO  server.RaftServerConfigKeys (ConfUtils.java:logGet(43)) - raft.server.staging.catchup.gap = 1000 (default)
2019-09-18 22:11:50,841 [fba6f591-d47b-4675-b90c-be27a1cfadaa@group-7CA2337CD4E1:LeaderElection6] INFO  server.RaftServerConfigKeys (ConfUtils.java:logGet(43)) - raft.server.rpc.sleep.time = 25ms (default)
2019-09-18 22:11:50,841 [fba6f591-d47b-4675-b90c-be27a1cfadaa@group-7CA2337CD4E1:LeaderElection6] INFO  server.RaftServerConfigKeys (ConfUtils.java:logGet(43)) - raft.server.write.element-limit = 4096 (default)
2019-09-18 22:11:50,841 [fba6f591-d47b-4675-b90c-be27a1cfadaa@group-7CA2337CD4E1:LeaderElection6] INFO  server.RaftServerConfigKeys (ConfUtils.java:logGet(43)) - raft.server.watch.timeout = 10s (default)
2019-09-18 22:11:50,842 [fba6f591-d47b-4675-b90c-be27a1cfadaa@group-7CA2337CD4E1:LeaderElection6] INFO  server.RaftServerConfigKeys (ConfUtils.java:logGet(43)) - raft.server.watch.timeout.denomination = 1s (default)
2019-09-18 22:11:50,842 [fba6f591-d47b-4675-b90c-be27a1cfadaa@group-7CA2337CD4E1:LeaderElection6] INFO  server.RaftServerConfigKeys (ConfUtils.java:logGet(43)) - raft.server.watch.element-limit = 65536 (default)
2019-09-18 22:11:50,846 [fba6f591-d47b-4675-b90c-be27a1cfadaa@group-7CA2337CD4E1:LeaderElection6] INFO  impl.RoleInfo (RoleInfo.java:updateAndGet(143)) - fba6f591-d47b-4675-b90c-be27a1cfadaa: start LeaderState
2019-09-18 22:11:50,846 [fba6f591-d47b-4675-b90c-be27a1cfadaa@group-7CA2337CD4E1:LeaderElection6] INFO  segmented.SegmentedRaftLogWorker (SegmentedRaftLogWorker.java:startLogSegment(380)) - fba6f591-d47b-4675-b90c-be27a1cfadaa@group-7CA2337CD4E1-SegmentedRaftLogWorker: Starting segment from index:0
2019-09-18 22:11:50,847 [fba6f591-d47b-4675-b90c-be27a1cfadaa@group-7CA2337CD4E1:LeaderElection6] INFO  impl.RaftServerImpl (ServerState.java:setRaftConf(354)) - fba6f591-d47b-4675-b90c-be27a1cfadaa@group-7CA2337CD4E1: set configuration 0: [fba6f591-d47b-4675-b90c-be27a1cfadaa:192.168.34.27:46622], old=null at 0
2019-09-18 22:11:50,909 [fba6f591-d47b-4675-b90c-be27a1cfadaa@group-7CA2337CD4E1-SegmentedRaftLogWorker] INFO  segmented.SegmentedRaftLogWorker (SegmentedRaftLogWorker.java:execute(569)) - fba6f591-d47b-4675-b90c-be27a1cfadaa@group-7CA2337CD4E1-SegmentedRaftLogWorker: created new log segment /workdir/hadoop-ozone/integration-test/target/test-dir/MiniOzoneClusterImpl-098cb20a-5709-466d-aded-8aed09afee3e/datanode-1/data/ratis/8e226926-8fb5-484c-8fc0-7ca2337cd4e1/current/log_inprogress_0
2019-09-18 22:11:50,938 [Thread-303] INFO  impl.FollowerState (FollowerState.java:run(106)) - d9a450aa-fdeb-43cf-8175-7eb901493c18:group-0120C160984D changes to CANDIDATE, lastRpcTime:5135, electionTimeout:5135ms
2019-09-18 22:11:50,938 [Thread-303] INFO  impl.RoleInfo (RoleInfo.java:shutdownFollowerState(121)) - d9a450aa-fdeb-43cf-8175-7eb901493c18: shutdown FollowerState
2019-09-18 22:11:50,939 [Thread-303] INFO  impl.RaftServerImpl (RaftServerImpl.java:setRole(174)) - d9a450aa-fdeb-43cf-8175-7eb901493c18@group-0120C160984D: changes role from  FOLLOWER to CANDIDATE at term 0 for changeToCandidate
2019-09-18 22:11:50,939 [Thread-303] INFO  impl.RoleInfo (RoleInfo.java:updateAndGet(143)) - d9a450aa-fdeb-43cf-8175-7eb901493c18: start LeaderElection
2019-09-18 22:11:50,961 [d9a450aa-fdeb-43cf-8175-7eb901493c18@group-0120C160984D:LeaderElection7] INFO  impl.LeaderElection (LeaderElection.java:askForVotes(182)) - d9a450aa-fdeb-43cf-8175-7eb901493c18@group-0120C160984D:LeaderElection7: begin an election at term 1 for -1: [d9a450aa-fdeb-43cf-8175-7eb901493c18:192.168.34.27:44719], old=null
2019-09-18 22:11:50,961 [d9a450aa-fdeb-43cf-8175-7eb901493c18@group-0120C160984D:LeaderElection7] INFO  impl.RoleInfo (RoleInfo.java:shutdownLeaderElection(134)) - d9a450aa-fdeb-43cf-8175-7eb901493c18: shutdown LeaderElection
2019-09-18 22:11:50,961 [d9a450aa-fdeb-43cf-8175-7eb901493c18@group-0120C160984D:LeaderElection7] INFO  impl.RaftServerImpl (RaftServerImpl.java:setRole(174)) - d9a450aa-fdeb-43cf-8175-7eb901493c18@group-0120C160984D: changes role from CANDIDATE to LEADER at term 1 for changeToLeader
2019-09-18 22:11:50,961 [d9a450aa-fdeb-43cf-8175-7eb901493c18@group-0120C160984D:LeaderElection7] INFO  impl.RaftServerImpl (ServerState.java:setLeader(253)) - d9a450aa-fdeb-43cf-8175-7eb901493c18@group-0120C160984D: change Leader from null to d9a450aa-fdeb-43cf-8175-7eb901493c18 at term 1 for becomeLeader, leader elected after 5167ms
2019-09-18 22:11:50,962 [d9a450aa-fdeb-43cf-8175-7eb901493c18@group-0120C160984D:LeaderElection7] INFO  server.RaftServerConfigKeys (ConfUtils.java:logGet(43)) - raft.server.staging.catchup.gap = 1000 (default)
2019-09-18 22:11:50,962 [d9a450aa-fdeb-43cf-8175-7eb901493c18@group-0120C160984D:LeaderElection7] INFO  server.RaftServerConfigKeys (ConfUtils.java:logGet(43)) - raft.server.rpc.sleep.time = 25ms (default)
2019-09-18 22:11:50,962 [d9a450aa-fdeb-43cf-8175-7eb901493c18@group-0120C160984D:LeaderElection7] INFO  server.RaftServerConfigKeys (ConfUtils.java:logGet(43)) - raft.server.write.element-limit = 4096 (default)
2019-09-18 22:11:50,962 [d9a450aa-fdeb-43cf-8175-7eb901493c18@group-0120C160984D:LeaderElection7] INFO  server.RaftServerConfigKeys (ConfUtils.java:logGet(43)) - raft.server.watch.timeout = 10s (default)
2019-09-18 22:11:50,962 [d9a450aa-fdeb-43cf-8175-7eb901493c18@group-0120C160984D:LeaderElection7] INFO  server.RaftServerConfigKeys (ConfUtils.java:logGet(43)) - raft.server.watch.timeout.denomination = 1s (default)
2019-09-18 22:11:50,962 [d9a450aa-fdeb-43cf-8175-7eb901493c18@group-0120C160984D:LeaderElection7] INFO  server.RaftServerConfigKeys (ConfUtils.java:logGet(43)) - raft.server.watch.element-limit = 65536 (default)
2019-09-18 22:11:50,965 [d9a450aa-fdeb-43cf-8175-7eb901493c18@group-0120C160984D:LeaderElection7] INFO  impl.RoleInfo (RoleInfo.java:updateAndGet(143)) - d9a450aa-fdeb-43cf-8175-7eb901493c18: start LeaderState
2019-09-18 22:11:50,966 [d9a450aa-fdeb-43cf-8175-7eb901493c18@group-0120C160984D:LeaderElection7] INFO  segmented.SegmentedRaftLogWorker (SegmentedRaftLogWorker.java:startLogSegment(380)) - d9a450aa-fdeb-43cf-8175-7eb901493c18@group-0120C160984D-SegmentedRaftLogWorker: Starting segment from index:0
2019-09-18 22:11:50,966 [d9a450aa-fdeb-43cf-8175-7eb901493c18@group-0120C160984D:LeaderElection7] INFO  impl.RaftServerImpl (ServerState.java:setRaftConf(354)) - d9a450aa-fdeb-43cf-8175-7eb901493c18@group-0120C160984D: set configuration 0: [d9a450aa-fdeb-43cf-8175-7eb901493c18:192.168.34.27:44719], old=null at 0
2019-09-18 22:11:51,031 [d9a450aa-fdeb-43cf-8175-7eb901493c18@group-0120C160984D-SegmentedRaftLogWorker] INFO  segmented.SegmentedRaftLogWorker (SegmentedRaftLogWorker.java:execute(569)) - d9a450aa-fdeb-43cf-8175-7eb901493c18@group-0120C160984D-SegmentedRaftLogWorker: created new log segment /workdir/hadoop-ozone/integration-test/target/test-dir/MiniOzoneClusterImpl-098cb20a-5709-466d-aded-8aed09afee3e/datanode-8/data/ratis/ce6bed96-adee-49e8-847c-0120c160984d/current/log_inprogress_0
2019-09-18 22:11:51,122 [Thread-306] INFO  impl.FollowerState (FollowerState.java:run(106)) - 73306d30-93c7-4acf-8650-89e6f82bf9ae:group-822AB3AB9147 changes to CANDIDATE, lastRpcTime:5199, electionTimeout:5198ms
2019-09-18 22:11:51,124 [Thread-306] INFO  impl.RoleInfo (RoleInfo.java:shutdownFollowerState(121)) - 73306d30-93c7-4acf-8650-89e6f82bf9ae: shutdown FollowerState
2019-09-18 22:11:51,124 [Thread-306] INFO  impl.RaftServerImpl (RaftServerImpl.java:setRole(174)) - 73306d30-93c7-4acf-8650-89e6f82bf9ae@group-822AB3AB9147: changes role from  FOLLOWER to CANDIDATE at term 0 for changeToCandidate
2019-09-18 22:11:51,125 [Thread-306] INFO  impl.RoleInfo (RoleInfo.java:updateAndGet(143)) - 73306d30-93c7-4acf-8650-89e6f82bf9ae: start LeaderElection
2019-09-18 22:11:51,144 [73306d30-93c7-4acf-8650-89e6f82bf9ae@group-822AB3AB9147:LeaderElection8] INFO  impl.LeaderElection (LeaderElection.java:askForVotes(182)) - 73306d30-93c7-4acf-8650-89e6f82bf9ae@group-822AB3AB9147:LeaderElection8: begin an election at term 1 for -1: [73306d30-93c7-4acf-8650-89e6f82bf9ae:192.168.34.27:36503], old=null
2019-09-18 22:11:51,145 [73306d30-93c7-4acf-8650-89e6f82bf9ae@group-822AB3AB9147:LeaderElection8] INFO  impl.RoleInfo (RoleInfo.java:shutdownLeaderElection(134)) - 73306d30-93c7-4acf-8650-89e6f82bf9ae: shutdown LeaderElection
2019-09-18 22:11:51,145 [73306d30-93c7-4acf-8650-89e6f82bf9ae@group-822AB3AB9147:LeaderElection8] INFO  impl.RaftServerImpl (RaftServerImpl.java:setRole(174)) - 73306d30-93c7-4acf-8650-89e6f82bf9ae@group-822AB3AB9147: changes role from CANDIDATE to LEADER at term 1 for changeToLeader
2019-09-18 22:11:51,145 [73306d30-93c7-4acf-8650-89e6f82bf9ae@group-822AB3AB9147:LeaderElection8] INFO  impl.RaftServerImpl (ServerState.java:setLeader(253)) - 73306d30-93c7-4acf-8650-89e6f82bf9ae@group-822AB3AB9147: change Leader from null to 73306d30-93c7-4acf-8650-89e6f82bf9ae at term 1 for becomeLeader, leader elected after 5237ms
2019-09-18 22:11:51,145 [73306d30-93c7-4acf-8650-89e6f82bf9ae@group-822AB3AB9147:LeaderElection8] INFO  server.RaftServerConfigKeys (ConfUtils.java:logGet(43)) - raft.server.staging.catchup.gap = 1000 (default)
2019-09-18 22:11:51,146 [73306d30-93c7-4acf-8650-89e6f82bf9ae@group-822AB3AB9147:LeaderElection8] INFO  server.RaftServerConfigKeys (ConfUtils.java:logGet(43)) - raft.server.rpc.sleep.time = 25ms (default)
2019-09-18 22:11:51,146 [73306d30-93c7-4acf-8650-89e6f82bf9ae@group-822AB3AB9147:LeaderElection8] INFO  server.RaftServerConfigKeys (ConfUtils.java:logGet(43)) - raft.server.write.element-limit = 4096 (default)
2019-09-18 22:11:51,147 [73306d30-93c7-4acf-8650-89e6f82bf9ae@group-822AB3AB9147:LeaderElection8] INFO  server.RaftServerConfigKeys (ConfUtils.java:logGet(43)) - raft.server.watch.timeout = 10s (default)
2019-09-18 22:11:51,147 [73306d30-93c7-4acf-8650-89e6f82bf9ae@group-822AB3AB9147:LeaderElection8] INFO  server.RaftServerConfigKeys (ConfUtils.java:logGet(43)) - raft.server.watch.timeout.denomination = 1s (default)
2019-09-18 22:11:51,147 [73306d30-93c7-4acf-8650-89e6f82bf9ae@group-822AB3AB9147:LeaderElection8] INFO  server.RaftServerConfigKeys (ConfUtils.java:logGet(43)) - raft.server.watch.element-limit = 65536 (default)
2019-09-18 22:11:51,152 [73306d30-93c7-4acf-8650-89e6f82bf9ae@group-822AB3AB9147:LeaderElection8] INFO  impl.RoleInfo (RoleInfo.java:updateAndGet(143)) - 73306d30-93c7-4acf-8650-89e6f82bf9ae: start LeaderState
2019-09-18 22:11:51,153 [73306d30-93c7-4acf-8650-89e6f82bf9ae@group-822AB3AB9147:LeaderElection8] INFO  segmented.SegmentedRaftLogWorker (SegmentedRaftLogWorker.java:startLogSegment(380)) - 73306d30-93c7-4acf-8650-89e6f82bf9ae@group-822AB3AB9147-SegmentedRaftLogWorker: Starting segment from index:0
2019-09-18 22:11:51,153 [73306d30-93c7-4acf-8650-89e6f82bf9ae@group-822AB3AB9147:LeaderElection8] INFO  impl.RaftServerImpl (ServerState.java:setRaftConf(354)) - 73306d30-93c7-4acf-8650-89e6f82bf9ae@group-822AB3AB9147: set configuration 0: [73306d30-93c7-4acf-8650-89e6f82bf9ae:192.168.34.27:36503], old=null at 0
2019-09-18 22:11:51,217 [73306d30-93c7-4acf-8650-89e6f82bf9ae@group-822AB3AB9147-SegmentedRaftLogWorker] INFO  segmented.SegmentedRaftLogWorker (SegmentedRaftLogWorker.java:execute(569)) - 73306d30-93c7-4acf-8650-89e6f82bf9ae@group-822AB3AB9147-SegmentedRaftLogWorker: created new log segment /workdir/hadoop-ozone/integration-test/target/test-dir/MiniOzoneClusterImpl-098cb20a-5709-466d-aded-8aed09afee3e/datanode-6/data/ratis/31e57e84-467d-4c71-9473-822ab3ab9147/current/log_inprogress_0
2019-09-18 22:11:51,295 [Thread-309] INFO  impl.FollowerState (FollowerState.java:run(106)) - 83be8999-67ae-4928-8a06-df04737ded82:group-BDB7AFCC3AC4 changes to CANDIDATE, lastRpcTime:5132, electionTimeout:5132ms
2019-09-18 22:11:51,295 [Thread-309] INFO  impl.RoleInfo (RoleInfo.java:shutdownFollowerState(121)) - 83be8999-67ae-4928-8a06-df04737ded82: shutdown FollowerState
2019-09-18 22:11:51,295 [Thread-309] INFO  impl.RaftServerImpl (RaftServerImpl.java:setRole(174)) - 83be8999-67ae-4928-8a06-df04737ded82@group-BDB7AFCC3AC4: changes role from  FOLLOWER to CANDIDATE at term 0 for changeToCandidate
2019-09-18 22:11:51,296 [Thread-309] INFO  impl.RoleInfo (RoleInfo.java:updateAndGet(143)) - 83be8999-67ae-4928-8a06-df04737ded82: start LeaderElection
2019-09-18 22:11:51,310 [Thread-312] INFO  impl.FollowerState (FollowerState.java:run(106)) - 66f56808-2197-40bb-9c50-2cf417eef624:group-6A722EB1CF07 changes to CANDIDATE, lastRpcTime:5009, electionTimeout:5009ms
2019-09-18 22:11:51,310 [Thread-312] INFO  impl.RoleInfo (RoleInfo.java:shutdownFollowerState(121)) - 66f56808-2197-40bb-9c50-2cf417eef624: shutdown FollowerState
2019-09-18 22:11:51,310 [Thread-312] INFO  impl.RaftServerImpl (RaftServerImpl.java:setRole(174)) - 66f56808-2197-40bb-9c50-2cf417eef624@group-6A722EB1CF07: changes role from  FOLLOWER to CANDIDATE at term 0 for changeToCandidate
2019-09-18 22:11:51,310 [Thread-312] INFO  impl.RoleInfo (RoleInfo.java:updateAndGet(143)) - 66f56808-2197-40bb-9c50-2cf417eef624: start LeaderElection
2019-09-18 22:11:51,330 [83be8999-67ae-4928-8a06-df04737ded82@group-BDB7AFCC3AC4:LeaderElection9] INFO  impl.LeaderElection (LeaderElection.java:askForVotes(182)) - 83be8999-67ae-4928-8a06-df04737ded82@group-BDB7AFCC3AC4:LeaderElection9: begin an election at term 1 for -1: [83be8999-67ae-4928-8a06-df04737ded82:192.168.34.27:43276], old=null
2019-09-18 22:11:51,330 [83be8999-67ae-4928-8a06-df04737ded82@group-BDB7AFCC3AC4:LeaderElection9] INFO  impl.RoleInfo (RoleInfo.java:shutdownLeaderElection(134)) - 83be8999-67ae-4928-8a06-df04737ded82: shutdown LeaderElection
2019-09-18 22:11:51,330 [83be8999-67ae-4928-8a06-df04737ded82@group-BDB7AFCC3AC4:LeaderElection9] INFO  impl.RaftServerImpl (RaftServerImpl.java:setRole(174)) - 83be8999-67ae-4928-8a06-df04737ded82@group-BDB7AFCC3AC4: changes role from CANDIDATE to LEADER at term 1 for changeToLeader
2019-09-18 22:11:51,331 [83be8999-67ae-4928-8a06-df04737ded82@group-BDB7AFCC3AC4:LeaderElection9] INFO  impl.RaftServerImpl (ServerState.java:setLeader(253)) - 83be8999-67ae-4928-8a06-df04737ded82@group-BDB7AFCC3AC4: change Leader from null to 83be8999-67ae-4928-8a06-df04737ded82 at term 1 for becomeLeader, leader elected after 5180ms
2019-09-18 22:11:51,331 [83be8999-67ae-4928-8a06-df04737ded82@group-BDB7AFCC3AC4:LeaderElection9] INFO  server.RaftServerConfigKeys (ConfUtils.java:logGet(43)) - raft.server.staging.catchup.gap = 1000 (default)
2019-09-18 22:11:51,331 [83be8999-67ae-4928-8a06-df04737ded82@group-BDB7AFCC3AC4:LeaderElection9] INFO  server.RaftServerConfigKeys (ConfUtils.java:logGet(43)) - raft.server.rpc.sleep.time = 25ms (default)
2019-09-18 22:11:51,331 [83be8999-67ae-4928-8a06-df04737ded82@group-BDB7AFCC3AC4:LeaderElection9] INFO  server.RaftServerConfigKeys (ConfUtils.java:logGet(43)) - raft.server.write.element-limit = 4096 (default)
2019-09-18 22:11:51,331 [83be8999-67ae-4928-8a06-df04737ded82@group-BDB7AFCC3AC4:LeaderElection9] INFO  server.RaftServerConfigKeys (ConfUtils.java:logGet(43)) - raft.server.watch.timeout = 10s (default)
2019-09-18 22:11:51,332 [83be8999-67ae-4928-8a06-df04737ded82@group-BDB7AFCC3AC4:LeaderElection9] INFO  server.RaftServerConfigKeys (ConfUtils.java:logGet(43)) - raft.server.watch.timeout.denomination = 1s (default)
2019-09-18 22:11:51,332 [83be8999-67ae-4928-8a06-df04737ded82@group-BDB7AFCC3AC4:LeaderElection9] INFO  server.RaftServerConfigKeys (ConfUtils.java:logGet(43)) - raft.server.watch.element-limit = 65536 (default)
2019-09-18 22:11:51,333 [66f56808-2197-40bb-9c50-2cf417eef624@group-6A722EB1CF07:LeaderElection10] INFO  impl.LeaderElection (LeaderElection.java:askForVotes(182)) - 66f56808-2197-40bb-9c50-2cf417eef624@group-6A722EB1CF07:LeaderElection10: begin an election at term 1 for -1: [66f56808-2197-40bb-9c50-2cf417eef624:192.168.34.27:33335], old=null
2019-09-18 22:11:51,333 [66f56808-2197-40bb-9c50-2cf417eef624@group-6A722EB1CF07:LeaderElection10] INFO  impl.RoleInfo (RoleInfo.java:shutdownLeaderElection(134)) - 66f56808-2197-40bb-9c50-2cf417eef624: shutdown LeaderElection
2019-09-18 22:11:51,334 [66f56808-2197-40bb-9c50-2cf417eef624@group-6A722EB1CF07:LeaderElection10] INFO  impl.RaftServerImpl (RaftServerImpl.java:setRole(174)) - 66f56808-2197-40bb-9c50-2cf417eef624@group-6A722EB1CF07: changes role from CANDIDATE to LEADER at term 1 for changeToLeader
2019-09-18 22:11:51,334 [66f56808-2197-40bb-9c50-2cf417eef624@group-6A722EB1CF07:LeaderElection10] INFO  impl.RaftServerImpl (ServerState.java:setLeader(253)) - 66f56808-2197-40bb-9c50-2cf417eef624@group-6A722EB1CF07: change Leader from null to 66f56808-2197-40bb-9c50-2cf417eef624 at term 1 for becomeLeader, leader elected after 5050ms
2019-09-18 22:11:51,334 [66f56808-2197-40bb-9c50-2cf417eef624@group-6A722EB1CF07:LeaderElection10] INFO  server.RaftServerConfigKeys (ConfUtils.java:logGet(43)) - raft.server.staging.catchup.gap = 1000 (default)
2019-09-18 22:11:51,334 [66f56808-2197-40bb-9c50-2cf417eef624@group-6A722EB1CF07:LeaderElection10] INFO  server.RaftServerConfigKeys (ConfUtils.java:logGet(43)) - raft.server.rpc.sleep.time = 25ms (default)
2019-09-18 22:11:51,334 [66f56808-2197-40bb-9c50-2cf417eef624@group-6A722EB1CF07:LeaderElection10] INFO  server.RaftServerConfigKeys (ConfUtils.java:logGet(43)) - raft.server.write.element-limit = 4096 (default)
2019-09-18 22:11:51,335 [66f56808-2197-40bb-9c50-2cf417eef624@group-6A722EB1CF07:LeaderElection10] INFO  server.RaftServerConfigKeys (ConfUtils.java:logGet(43)) - raft.server.watch.timeout = 10s (default)
2019-09-18 22:11:51,335 [66f56808-2197-40bb-9c50-2cf417eef624@group-6A722EB1CF07:LeaderElection10] INFO  server.RaftServerConfigKeys (ConfUtils.java:logGet(43)) - raft.server.watch.timeout.denomination = 1s (default)
2019-09-18 22:11:51,335 [83be8999-67ae-4928-8a06-df04737ded82@group-BDB7AFCC3AC4:LeaderElection9] INFO  impl.RoleInfo (RoleInfo.java:updateAndGet(143)) - 83be8999-67ae-4928-8a06-df04737ded82: start LeaderState
2019-09-18 22:11:51,335 [66f56808-2197-40bb-9c50-2cf417eef624@group-6A722EB1CF07:LeaderElection10] INFO  server.RaftServerConfigKeys (ConfUtils.java:logGet(43)) - raft.server.watch.element-limit = 65536 (default)
2019-09-18 22:11:51,335 [83be8999-67ae-4928-8a06-df04737ded82@group-BDB7AFCC3AC4:LeaderElection9] INFO  segmented.SegmentedRaftLogWorker (SegmentedRaftLogWorker.java:startLogSegment(380)) - 83be8999-67ae-4928-8a06-df04737ded82@group-BDB7AFCC3AC4-SegmentedRaftLogWorker: Starting segment from index:0
2019-09-18 22:11:51,336 [83be8999-67ae-4928-8a06-df04737ded82@group-BDB7AFCC3AC4:LeaderElection9] INFO  impl.RaftServerImpl (ServerState.java:setRaftConf(354)) - 83be8999-67ae-4928-8a06-df04737ded82@group-BDB7AFCC3AC4: set configuration 0: [83be8999-67ae-4928-8a06-df04737ded82:192.168.34.27:43276], old=null at 0
2019-09-18 22:11:51,385 [66f56808-2197-40bb-9c50-2cf417eef624@group-6A722EB1CF07:LeaderElection10] INFO  impl.RoleInfo (RoleInfo.java:updateAndGet(143)) - 66f56808-2197-40bb-9c50-2cf417eef624: start LeaderState
2019-09-18 22:11:51,386 [66f56808-2197-40bb-9c50-2cf417eef624@group-6A722EB1CF07:LeaderElection10] INFO  segmented.SegmentedRaftLogWorker (SegmentedRaftLogWorker.java:startLogSegment(380)) - 66f56808-2197-40bb-9c50-2cf417eef624@group-6A722EB1CF07-SegmentedRaftLogWorker: Starting segment from index:0
2019-09-18 22:11:51,387 [66f56808-2197-40bb-9c50-2cf417eef624@group-6A722EB1CF07:LeaderElection10] INFO  impl.RaftServerImpl (ServerState.java:setRaftConf(354)) - 66f56808-2197-40bb-9c50-2cf417eef624@group-6A722EB1CF07: set configuration 0: [66f56808-2197-40bb-9c50-2cf417eef624:192.168.34.27:33335], old=null at 0
2019-09-18 22:11:51,421 [83be8999-67ae-4928-8a06-df04737ded82@group-BDB7AFCC3AC4-SegmentedRaftLogWorker] INFO  segmented.SegmentedRaftLogWorker (SegmentedRaftLogWorker.java:execute(569)) - 83be8999-67ae-4928-8a06-df04737ded82@group-BDB7AFCC3AC4-SegmentedRaftLogWorker: created new log segment /workdir/hadoop-ozone/integration-test/target/test-dir/MiniOzoneClusterImpl-098cb20a-5709-466d-aded-8aed09afee3e/datanode-2/data/ratis/45ec0dfd-2385-4d53-8de9-bdb7afcc3ac4/current/log_inprogress_0
2019-09-18 22:11:51,445 [66f56808-2197-40bb-9c50-2cf417eef624@group-6A722EB1CF07-SegmentedRaftLogWorker] INFO  segmented.SegmentedRaftLogWorker (SegmentedRaftLogWorker.java:execute(569)) - 66f56808-2197-40bb-9c50-2cf417eef624@group-6A722EB1CF07-SegmentedRaftLogWorker: created new log segment /workdir/hadoop-ozone/integration-test/target/test-dir/MiniOzoneClusterImpl-098cb20a-5709-466d-aded-8aed09afee3e/datanode-7/data/ratis/5ab7025e-94cd-4ce5-b2d3-6a722eb1cf07/current/log_inprogress_0
2019-09-18 22:11:51,524 [ForkJoinPool.commonPool-worker-1] INFO  ozoneimpl.OzoneContainer (OzoneContainer.java:stop(231)) - Attempting to stop container services.
2019-09-18 22:11:51,524 [main] INFO  ozoneimpl.OzoneContainer (OzoneContainer.java:stop(231)) - Attempting to stop container services.
2019-09-18 22:11:51,525 [ForkJoinPool.commonPool-worker-1] INFO  impl.RaftServerProxy (RaftServerProxy.java:lambda$close$4(314)) - 83be8999-67ae-4928-8a06-df04737ded82: close
2019-09-18 22:11:51,525 [main] INFO  impl.RaftServerProxy (RaftServerProxy.java:lambda$close$4(314)) - 5419bd03-146b-4e1a-9251-4ae6710db1e4: close
2019-09-18 22:11:51,528 [main] INFO  impl.RaftServerImpl (RaftServerImpl.java:lambda$shutdown$3(251)) - 5419bd03-146b-4e1a-9251-4ae6710db1e4@group-D2CBDCBF8CEF: shutdown
2019-09-18 22:11:51,528 [ForkJoinPool.commonPool-worker-1] INFO  impl.RaftServerImpl (RaftServerImpl.java:lambda$shutdown$3(251)) - 83be8999-67ae-4928-8a06-df04737ded82@group-BDB7AFCC3AC4: shutdown
2019-09-18 22:11:51,529 [main] INFO  util.JmxRegister (JmxRegister.java:unregister(73)) - Successfully un-registered JMX Bean with object name Ratis:service=RaftServer,group=group-D2CBDCBF8CEF,id=5419bd03-146b-4e1a-9251-4ae6710db1e4
2019-09-18 22:11:51,530 [main] INFO  impl.RoleInfo (RoleInfo.java:shutdownFollowerState(121)) - 5419bd03-146b-4e1a-9251-4ae6710db1e4: shutdown FollowerState
2019-09-18 22:11:51,529 [ForkJoinPool.commonPool-worker-1] INFO  util.JmxRegister (JmxRegister.java:unregister(73)) - Successfully un-registered JMX Bean with object name Ratis:service=RaftServer,group=group-BDB7AFCC3AC4,id=83be8999-67ae-4928-8a06-df04737ded82
2019-09-18 22:11:51,530 [Thread-317] INFO  impl.FollowerState (FollowerState.java:run(115)) - 5419bd03-146b-4e1a-9251-4ae6710db1e4: FollowerState was interrupted: java.lang.InterruptedException: sleep interrupted
2019-09-18 22:11:51,530 [main] INFO  impl.StateMachineUpdater (StateMachineUpdater.java:stopAndJoin(125)) - 5419bd03-146b-4e1a-9251-4ae6710db1e4@group-D2CBDCBF8CEF-StateMachineUpdater: set stopIndex = -1
2019-09-18 22:11:51,531 [ForkJoinPool.commonPool-worker-1] INFO  impl.RoleInfo (RoleInfo.java:shutdownLeaderState(104)) - 83be8999-67ae-4928-8a06-df04737ded82: shutdown LeaderState
2019-09-18 22:11:51,537 [main] INFO  impl.RaftServerImpl (ServerState.java:close(385)) - 5419bd03-146b-4e1a-9251-4ae6710db1e4@group-D2CBDCBF8CEF: closes. applyIndex: -1
2019-09-18 22:11:51,539 [ForkJoinPool.commonPool-worker-1] INFO  impl.PendingRequests (PendingRequests.java:sendNotLeaderResponses(202)) - 83be8999-67ae-4928-8a06-df04737ded82-PendingRequests: sendNotLeaderResponses
2019-09-18 22:11:51,540 [5419bd03-146b-4e1a-9251-4ae6710db1e4@group-D2CBDCBF8CEF-SegmentedRaftLogWorker] INFO  segmented.SegmentedRaftLogWorker (SegmentedRaftLogWorker.java:run(313)) - 5419bd03-146b-4e1a-9251-4ae6710db1e4@group-D2CBDCBF8CEF-SegmentedRaftLogWorker was interrupted, exiting. There are 0 tasks remaining in the queue.
2019-09-18 22:11:51,540 [main] INFO  segmented.SegmentedRaftLogWorker (SegmentedRaftLogWorker.java:close(228)) - 5419bd03-146b-4e1a-9251-4ae6710db1e4@group-D2CBDCBF8CEF-SegmentedRaftLogWorker close()
2019-09-18 22:11:51,541 [Thread-320] INFO  impl.FollowerState (FollowerState.java:run(106)) - 379fa6c2-49a1-4408-8949-ca6be2717677:group-D2CBDCBF8CEF changes to CANDIDATE, lastRpcTime:5035, electionTimeout:5035ms
2019-09-18 22:11:51,541 [ForkJoinPool.commonPool-worker-1] INFO  impl.StateMachineUpdater (StateMachineUpdater.java:stopAndJoin(125)) - 83be8999-67ae-4928-8a06-df04737ded82@group-BDB7AFCC3AC4-StateMachineUpdater: set stopIndex = 0
2019-09-18 22:11:51,546 [Thread-320] INFO  impl.RoleInfo (RoleInfo.java:shutdownFollowerState(121)) - 379fa6c2-49a1-4408-8949-ca6be2717677: shutdown FollowerState
2019-09-18 22:11:51,548 [main] INFO  impl.RaftServerImpl (RaftServerImpl.java:lambda$shutdown$3(251)) - 5419bd03-146b-4e1a-9251-4ae6710db1e4@group-1134B5CFAA53: shutdown
2019-09-18 22:11:51,549 [Thread-320] INFO  impl.RaftServerImpl (RaftServerImpl.java:setRole(174)) - 379fa6c2-49a1-4408-8949-ca6be2717677@group-D2CBDCBF8CEF: changes role from  FOLLOWER to CANDIDATE at term 0 for changeToCandidate
2019-09-18 22:11:51,549 [ForkJoinPool.commonPool-worker-1] INFO  impl.RaftServerImpl (ServerState.java:close(385)) - 83be8999-67ae-4928-8a06-df04737ded82@group-BDB7AFCC3AC4: closes. applyIndex: 0
2019-09-18 22:11:51,549 [Thread-320] INFO  impl.RoleInfo (RoleInfo.java:updateAndGet(143)) - 379fa6c2-49a1-4408-8949-ca6be2717677: start LeaderElection
2019-09-18 22:11:51,550 [83be8999-67ae-4928-8a06-df04737ded82@group-BDB7AFCC3AC4-SegmentedRaftLogWorker] INFO  segmented.SegmentedRaftLogWorker (SegmentedRaftLogWorker.java:run(313)) - 83be8999-67ae-4928-8a06-df04737ded82@group-BDB7AFCC3AC4-SegmentedRaftLogWorker was interrupted, exiting. There are 0 tasks remaining in the queue.
2019-09-18 22:11:51,549 [main] INFO  util.JmxRegister (JmxRegister.java:unregister(73)) - Successfully un-registered JMX Bean with object name Ratis:service=RaftServer,group=group-1134B5CFAA53,id=5419bd03-146b-4e1a-9251-4ae6710db1e4
2019-09-18 22:11:51,555 [ForkJoinPool.commonPool-worker-1] INFO  segmented.SegmentedRaftLogWorker (SegmentedRaftLogWorker.java:close(228)) - 83be8999-67ae-4928-8a06-df04737ded82@group-BDB7AFCC3AC4-SegmentedRaftLogWorker close()
2019-09-18 22:11:51,557 [main] INFO  impl.RoleInfo (RoleInfo.java:shutdownLeaderState(104)) - 5419bd03-146b-4e1a-9251-4ae6710db1e4: shutdown LeaderState
2019-09-18 22:11:51,562 [ForkJoinPool.commonPool-worker-1] INFO  impl.RaftServerImpl (RaftServerImpl.java:lambda$shutdown$3(251)) - 83be8999-67ae-4928-8a06-df04737ded82@group-0A96035EF064: shutdown
2019-09-18 22:11:51,563 [main] INFO  impl.PendingRequests (PendingRequests.java:sendNotLeaderResponses(202)) - 5419bd03-146b-4e1a-9251-4ae6710db1e4-PendingRequests: sendNotLeaderResponses
2019-09-18 22:11:51,565 [ForkJoinPool.commonPool-worker-1] INFO  util.JmxRegister (JmxRegister.java:unregister(73)) - Successfully un-registered JMX Bean with object name Ratis:service=RaftServer,group=group-0A96035EF064,id=83be8999-67ae-4928-8a06-df04737ded82
2019-09-18 22:11:51,566 [main] INFO  impl.StateMachineUpdater (StateMachineUpdater.java:stopAndJoin(125)) - 5419bd03-146b-4e1a-9251-4ae6710db1e4@group-1134B5CFAA53-StateMachineUpdater: set stopIndex = 0
2019-09-18 22:11:51,566 [ForkJoinPool.commonPool-worker-1] INFO  impl.RoleInfo (RoleInfo.java:shutdownFollowerState(121)) - 83be8999-67ae-4928-8a06-df04737ded82: shutdown FollowerState
2019-09-18 22:11:51,568 [main] INFO  impl.RaftServerImpl (ServerState.java:close(385)) - 5419bd03-146b-4e1a-9251-4ae6710db1e4@group-1134B5CFAA53: closes. applyIndex: 0
2019-09-18 22:11:51,569 [Thread-336] INFO  impl.FollowerState (FollowerState.java:run(115)) - 83be8999-67ae-4928-8a06-df04737ded82: FollowerState was interrupted: java.lang.InterruptedException: sleep interrupted
2019-09-18 22:11:51,569 [ForkJoinPool.commonPool-worker-1] INFO  impl.StateMachineUpdater (StateMachineUpdater.java:stopAndJoin(125)) - 83be8999-67ae-4928-8a06-df04737ded82@group-0A96035EF064-StateMachineUpdater: set stopIndex = -1
2019-09-18 22:11:51,574 [ForkJoinPool.commonPool-worker-1] INFO  impl.RaftServerImpl (ServerState.java:close(385)) - 83be8999-67ae-4928-8a06-df04737ded82@group-0A96035EF064: closes. applyIndex: -1
2019-09-18 22:11:51,571 [5419bd03-146b-4e1a-9251-4ae6710db1e4@group-1134B5CFAA53-SegmentedRaftLogWorker] INFO  segmented.SegmentedRaftLogWorker (SegmentedRaftLogWorker.java:run(313)) - 5419bd03-146b-4e1a-9251-4ae6710db1e4@group-1134B5CFAA53-SegmentedRaftLogWorker was interrupted, exiting. There are 0 tasks remaining in the queue.
2019-09-18 22:11:51,574 [83be8999-67ae-4928-8a06-df04737ded82@group-0A96035EF064-SegmentedRaftLogWorker] INFO  segmented.SegmentedRaftLogWorker (SegmentedRaftLogWorker.java:run(313)) - 83be8999-67ae-4928-8a06-df04737ded82@group-0A96035EF064-SegmentedRaftLogWorker was interrupted, exiting. There are 0 tasks remaining in the queue.
2019-09-18 22:11:51,576 [ForkJoinPool.commonPool-worker-1] INFO  segmented.SegmentedRaftLogWorker (SegmentedRaftLogWorker.java:close(228)) - 83be8999-67ae-4928-8a06-df04737ded82@group-0A96035EF064-SegmentedRaftLogWorker close()
2019-09-18 22:11:51,577 [379fa6c2-49a1-4408-8949-ca6be2717677@group-D2CBDCBF8CEF:LeaderElection11] INFO  impl.LeaderElection (LeaderElection.java:askForVotes(182)) - 379fa6c2-49a1-4408-8949-ca6be2717677@group-D2CBDCBF8CEF:LeaderElection11: begin an election at term 1 for -1: [d117bc90-4994-4aca-be01-c9176126e9cd:192.168.34.27:41865, 379fa6c2-49a1-4408-8949-ca6be2717677:192.168.34.27:42824, 5419bd03-146b-4e1a-9251-4ae6710db1e4:192.168.34.27:45183], old=null
2019-09-18 22:11:51,576 [main] INFO  segmented.SegmentedRaftLogWorker (SegmentedRaftLogWorker.java:close(228)) - 5419bd03-146b-4e1a-9251-4ae6710db1e4@group-1134B5CFAA53-SegmentedRaftLogWorker close()
2019-09-18 22:11:51,582 [ForkJoinPool.commonPool-worker-1] INFO  server.GrpcService (GrpcService.java:closeImpl(164)) - 83be8999-67ae-4928-8a06-df04737ded82: shutdown server with port 43276 now
2019-09-18 22:11:51,586 [main] INFO  server.GrpcService (GrpcService.java:closeImpl(164)) - 5419bd03-146b-4e1a-9251-4ae6710db1e4: shutdown server with port 45183 now
2019-09-18 22:11:51,590 [ForkJoinPool.commonPool-worker-1] INFO  server.GrpcService (GrpcService.java:closeImpl(172)) - 83be8999-67ae-4928-8a06-df04737ded82: shutdown server with port 43276 successfully
2019-09-18 22:11:51,593 [main] INFO  server.GrpcService (GrpcService.java:closeImpl(172)) - 5419bd03-146b-4e1a-9251-4ae6710db1e4: shutdown server with port 45183 successfully
2019-09-18 22:11:51,597 [refreshUsed-/workdir/hadoop-ozone/integration-test/target/test-dir/MiniOzoneClusterImpl-098cb20a-5709-466d-aded-8aed09afee3e/datanode-5/data/containers] WARN  fs.CachingGetSpaceUsed (CachingGetSpaceUsed.java:run(183)) - Thread Interrupted waiting to refresh disk information: sleep interrupted
2019-09-18 22:11:51,604 [refreshUsed-/workdir/hadoop-ozone/integration-test/target/test-dir/MiniOzoneClusterImpl-098cb20a-5709-466d-aded-8aed09afee3e/datanode-2/data/containers] WARN  fs.CachingGetSpaceUsed (CachingGetSpaceUsed.java:run(183)) - Thread Interrupted waiting to refresh disk information: sleep interrupted
2019-09-18 22:11:51,643 [Thread-329] INFO  impl.FollowerState (FollowerState.java:run(106)) - fba6f591-d47b-4675-b90c-be27a1cfadaa:group-D5896FCBD2A9 changes to CANDIDATE, lastRpcTime:5006, electionTimeout:5004ms
2019-09-18 22:11:51,644 [Thread-329] INFO  impl.RoleInfo (RoleInfo.java:shutdownFollowerState(121)) - fba6f591-d47b-4675-b90c-be27a1cfadaa: shutdown FollowerState
2019-09-18 22:11:51,644 [Thread-329] INFO  impl.RaftServerImpl (RaftServerImpl.java:setRole(174)) - fba6f591-d47b-4675-b90c-be27a1cfadaa@group-D5896FCBD2A9: changes role from  FOLLOWER to CANDIDATE at term 0 for changeToCandidate
2019-09-18 22:11:51,645 [Thread-329] INFO  impl.RoleInfo (RoleInfo.java:updateAndGet(143)) - fba6f591-d47b-4675-b90c-be27a1cfadaa: start LeaderElection
2019-09-18 22:11:51,657 [grpc-default-executor-2] INFO  impl.RaftServerImpl (RaftServerImpl.java:setRole(174)) - d117bc90-4994-4aca-be01-c9176126e9cd@group-D2CBDCBF8CEF: changes role from  FOLLOWER to FOLLOWER at term 1 for recognizeCandidate:379fa6c2-49a1-4408-8949-ca6be2717677
2019-09-18 22:11:51,657 [grpc-default-executor-2] INFO  impl.RoleInfo (RoleInfo.java:shutdownFollowerState(121)) - d117bc90-4994-4aca-be01-c9176126e9cd: shutdown FollowerState
2019-09-18 22:11:51,657 [grpc-default-executor-2] INFO  impl.RoleInfo (RoleInfo.java:updateAndGet(143)) - d117bc90-4994-4aca-be01-c9176126e9cd: start FollowerState
2019-09-18 22:11:51,657 [Thread-319] INFO  impl.FollowerState (FollowerState.java:run(115)) - d117bc90-4994-4aca-be01-c9176126e9cd: FollowerState was interrupted: java.lang.InterruptedException: sleep interrupted
2019-09-18 22:11:51,666 [379fa6c2-49a1-4408-8949-ca6be2717677@group-D2CBDCBF8CEF:LeaderElection11] INFO  impl.LeaderElection (LogUtils.java:infoOrTrace(149)) - 379fa6c2-49a1-4408-8949-ca6be2717677@group-D2CBDCBF8CEF:LeaderElection11 got exception when requesting votes: {}
java.util.concurrent.ExecutionException: org.apache.ratis.thirdparty.io.grpc.StatusRuntimeException: UNAVAILABLE: io exception
	at java.util.concurrent.FutureTask.report(FutureTask.java:122)
	at java.util.concurrent.FutureTask.get(FutureTask.java:192)
	at org.apache.ratis.server.impl.LeaderElection.waitForResults(LeaderElection.java:263)
	at org.apache.ratis.server.impl.LeaderElection.askForVotes(LeaderElection.java:201)
	at org.apache.ratis.server.impl.LeaderElection.run(LeaderElection.java:133)
	at java.lang.Thread.run(Thread.java:748)
Caused by: org.apache.ratis.thirdparty.io.grpc.StatusRuntimeException: UNAVAILABLE: io exception
	at org.apache.ratis.thirdparty.io.grpc.stub.ClientCalls.toStatusRuntimeException(ClientCalls.java:233)
	at org.apache.ratis.thirdparty.io.grpc.stub.ClientCalls.getUnchecked(ClientCalls.java:214)
	at org.apache.ratis.thirdparty.io.grpc.stub.ClientCalls.blockingUnaryCall(ClientCalls.java:139)
	at org.apache.ratis.proto.grpc.RaftServerProtocolServiceGrpc$RaftServerProtocolServiceBlockingStub.requestVote(RaftServerProtocolServiceGrpc.java:265)
	at org.apache.ratis.grpc.server.GrpcServerProtocolClient.requestVote(GrpcServerProtocolClient.java:90)
	at org.apache.ratis.grpc.server.GrpcService.requestVote(GrpcService.java:204)
	at org.apache.ratis.server.impl.LeaderElection.lambda$submitRequests$1(LeaderElection.java:238)
	at java.util.concurrent.FutureTask.run(FutureTask.java:266)
	at java.util.concurrent.Executors$RunnableAdapter.call(Executors.java:511)
	at java.util.concurrent.FutureTask.run(FutureTask.java:266)
	at java.util.concurrent.ThreadPoolExecutor.runWorker(ThreadPoolExecutor.java:1149)
	at java.util.concurrent.ThreadPoolExecutor$Worker.run(ThreadPoolExecutor.java:624)
	... 1 more
Caused by: org.apache.ratis.thirdparty.io.netty.channel.AbstractChannel$AnnotatedConnectException: Connection refused: /192.168.34.27:45183
	at sun.nio.ch.SocketChannelImpl.checkConnect(Native Method)
	at sun.nio.ch.SocketChannelImpl.finishConnect(SocketChannelImpl.java:717)
	at org.apache.ratis.thirdparty.io.netty.channel.socket.nio.NioSocketChannel.doFinishConnect(NioSocketChannel.java:327)
	at org.apache.ratis.thirdparty.io.netty.channel.nio.AbstractNioChannel$AbstractNioUnsafe.finishConnect(AbstractNioChannel.java:340)
	at org.apache.ratis.thirdparty.io.netty.channel.nio.NioEventLoop.processSelectedKey(NioEventLoop.java:632)
	at org.apache.ratis.thirdparty.io.netty.channel.nio.NioEventLoop.processSelectedKeysOptimized(NioEventLoop.java:579)
	at org.apache.ratis.thirdparty.io.netty.channel.nio.NioEventLoop.processSelectedKeys(NioEventLoop.java:496)
	at org.apache.ratis.thirdparty.io.netty.channel.nio.NioEventLoop.run(NioEventLoop.java:458)
	at org.apache.ratis.thirdparty.io.netty.util.concurrent.SingleThreadEventExecutor$5.run(SingleThreadEventExecutor.java:897)
	at org.apache.ratis.thirdparty.io.netty.util.concurrent.FastThreadLocalRunnable.run(FastThreadLocalRunnable.java:30)
	... 1 more
Caused by: java.net.ConnectException: Connection refused
	... 11 more
2019-09-18 22:11:51,674 [main] INFO  utils.BackgroundService (BackgroundService.java:shutdown(148)) - Shutting down service BlockDeletingService
2019-09-18 22:11:51,676 [ForkJoinPool.commonPool-worker-1] INFO  utils.BackgroundService (BackgroundService.java:shutdown(148)) - Shutting down service BlockDeletingService
2019-09-18 22:11:51,682 [fba6f591-d47b-4675-b90c-be27a1cfadaa@group-D5896FCBD2A9:LeaderElection12] INFO  impl.LeaderElection (LeaderElection.java:askForVotes(182)) - fba6f591-d47b-4675-b90c-be27a1cfadaa@group-D5896FCBD2A9:LeaderElection12: begin an election at term 1 for -1: [58e80564-5bec-4090-a95b-543e75482138:192.168.34.27:42903, fba6f591-d47b-4675-b90c-be27a1cfadaa:192.168.34.27:46622, d9a450aa-fdeb-43cf-8175-7eb901493c18:192.168.34.27:44719], old=null
2019-09-18 22:11:51,684 [ForkJoinPool.commonPool-worker-1] INFO  statemachine.DatanodeStateMachine (DatanodeStateMachine.java:stopDaemon(395)) - Ozone container server stopped.
2019-09-18 22:11:51,684 [main] INFO  statemachine.DatanodeStateMachine (DatanodeStateMachine.java:stopDaemon(395)) - Ozone container server stopped.
2019-09-18 22:11:51,694 [main] INFO  handler.ContextHandler (ContextHandler.java:doStop(910)) - Stopped o.e.j.w.WebAppContext@3a37a501{/,null,UNAVAILABLE}{/hddsDatanode}
2019-09-18 22:11:51,694 [ForkJoinPool.commonPool-worker-1] INFO  handler.ContextHandler (ContextHandler.java:doStop(910)) - Stopped o.e.j.w.WebAppContext@296e281a{/,null,UNAVAILABLE}{/hddsDatanode}
2019-09-18 22:11:51,695 [main] INFO  server.AbstractConnector (AbstractConnector.java:doStop(318)) - Stopped ServerConnector@7a583586{HTTP/1.1,[http/1.1]}{0.0.0.0:0}
2019-09-18 22:11:51,695 [ForkJoinPool.commonPool-worker-1] INFO  server.AbstractConnector (AbstractConnector.java:doStop(318)) - Stopped ServerConnector@59cda16e{HTTP/1.1,[http/1.1]}{0.0.0.0:0}
2019-09-18 22:11:51,707 [main] INFO  handler.ContextHandler (ContextHandler.java:doStop(910)) - Stopped o.e.j.s.ServletContextHandler@534180a2{/static,jar:file:/home/user/.m2/repository/org/apache/hadoop/hadoop-hdds-container-service/0.5.0-SNAPSHOT/hadoop-hdds-container-service-0.5.0-SNAPSHOT.jar!/webapps/static,UNAVAILABLE}
2019-09-18 22:11:51,707 [ForkJoinPool.commonPool-worker-1] INFO  handler.ContextHandler (ContextHandler.java:doStop(910)) - Stopped o.e.j.s.ServletContextHandler@28da7d11{/static,jar:file:/home/user/.m2/repository/org/apache/hadoop/hadoop-hdds-container-service/0.5.0-SNAPSHOT/hadoop-hdds-container-service-0.5.0-SNAPSHOT.jar!/webapps/static,UNAVAILABLE}
2019-09-18 22:11:51,710 [Thread-328] INFO  impl.FollowerState (FollowerState.java:run(106)) - d9a450aa-fdeb-43cf-8175-7eb901493c18:group-D5896FCBD2A9 changes to CANDIDATE, lastRpcTime:5075, electionTimeout:5073ms
2019-09-18 22:11:51,711 [main] INFO  handler.ContextHandler (ContextHandler.java:doStop(910)) - Stopped o.e.j.s.ServletContextHandler@51d387d3{/logs,file:///workdir/hadoop-ozone/integration-test/target/log,UNAVAILABLE}
2019-09-18 22:11:51,712 [Thread-328] INFO  impl.RoleInfo (RoleInfo.java:shutdownFollowerState(121)) - d9a450aa-fdeb-43cf-8175-7eb901493c18: shutdown FollowerState
2019-09-18 22:11:51,712 [ForkJoinPool.commonPool-worker-1] INFO  handler.ContextHandler (ContextHandler.java:doStop(910)) - Stopped o.e.j.s.ServletContextHandler@5fcfde70{/logs,file:///workdir/hadoop-ozone/integration-test/target/log,UNAVAILABLE}
2019-09-18 22:11:51,713 [Thread-328] INFO  impl.RaftServerImpl (RaftServerImpl.java:setRole(174)) - d9a450aa-fdeb-43cf-8175-7eb901493c18@group-D5896FCBD2A9: changes role from  FOLLOWER to CANDIDATE at term 0 for changeToCandidate
2019-09-18 22:11:51,714 [Thread-328] INFO  impl.RoleInfo (RoleInfo.java:updateAndGet(143)) - d9a450aa-fdeb-43cf-8175-7eb901493c18: start LeaderElection
2019-09-18 22:11:51,720 [379fa6c2-49a1-4408-8949-ca6be2717677@group-D2CBDCBF8CEF:LeaderElection11] INFO  impl.LeaderElection (LeaderElection.java:logAndReturn(56)) - 379fa6c2-49a1-4408-8949-ca6be2717677@group-D2CBDCBF8CEF:LeaderElection11: Election PASSED; received 1 response(s) [379fa6c2-49a1-4408-8949-ca6be2717677<-d117bc90-4994-4aca-be01-c9176126e9cd#0:OK-t1] and 1 exception(s); 379fa6c2-49a1-4408-8949-ca6be2717677@group-D2CBDCBF8CEF:t1, leader=null, voted=379fa6c2-49a1-4408-8949-ca6be2717677, raftlog=379fa6c2-49a1-4408-8949-ca6be2717677@group-D2CBDCBF8CEF-SegmentedRaftLog:OPENED:c-1,f-1,i0, conf=-1: [d117bc90-4994-4aca-be01-c9176126e9cd:192.168.34.27:41865, 379fa6c2-49a1-4408-8949-ca6be2717677:192.168.34.27:42824, 5419bd03-146b-4e1a-9251-4ae6710db1e4:192.168.34.27:45183], old=null
2019-09-18 22:11:51,721 [379fa6c2-49a1-4408-8949-ca6be2717677@group-D2CBDCBF8CEF:LeaderElection11] INFO  impl.LeaderElection (LogUtils.java:infoOrTrace(149)) -   Exception 0: {}
java.util.concurrent.ExecutionException: org.apache.ratis.thirdparty.io.grpc.StatusRuntimeException: UNAVAILABLE: io exception
	at java.util.concurrent.FutureTask.report(FutureTask.java:122)
	at java.util.concurrent.FutureTask.get(FutureTask.java:192)
	at org.apache.ratis.server.impl.LeaderElection.waitForResults(LeaderElection.java:263)
	at org.apache.ratis.server.impl.LeaderElection.askForVotes(LeaderElection.java:201)
	at org.apache.ratis.server.impl.LeaderElection.run(LeaderElection.java:133)
	at java.lang.Thread.run(Thread.java:748)
Caused by: org.apache.ratis.thirdparty.io.grpc.StatusRuntimeException: UNAVAILABLE: io exception
	at org.apache.ratis.thirdparty.io.grpc.stub.ClientCalls.toStatusRuntimeException(ClientCalls.java:233)
	at org.apache.ratis.thirdparty.io.grpc.stub.ClientCalls.getUnchecked(ClientCalls.java:214)
	at org.apache.ratis.thirdparty.io.grpc.stub.ClientCalls.blockingUnaryCall(ClientCalls.java:139)
	at org.apache.ratis.proto.grpc.RaftServerProtocolServiceGrpc$RaftServerProtocolServiceBlockingStub.requestVote(RaftServerProtocolServiceGrpc.java:265)
	at org.apache.ratis.grpc.server.GrpcServerProtocolClient.requestVote(GrpcServerProtocolClient.java:90)
	at org.apache.ratis.grpc.server.GrpcService.requestVote(GrpcService.java:204)
	at org.apache.ratis.server.impl.LeaderElection.lambda$submitRequests$1(LeaderElection.java:238)
	at java.util.concurrent.FutureTask.run(FutureTask.java:266)
	at java.util.concurrent.Executors$RunnableAdapter.call(Executors.java:511)
	at java.util.concurrent.FutureTask.run(FutureTask.java:266)
	at java.util.concurrent.ThreadPoolExecutor.runWorker(ThreadPoolExecutor.java:1149)
	at java.util.concurrent.ThreadPoolExecutor$Worker.run(ThreadPoolExecutor.java:624)
	... 1 more
Caused by: org.apache.ratis.thirdparty.io.netty.channel.AbstractChannel$AnnotatedConnectException: Connection refused: /192.168.34.27:45183
	at sun.nio.ch.SocketChannelImpl.checkConnect(Native Method)
	at sun.nio.ch.SocketChannelImpl.finishConnect(SocketChannelImpl.java:717)
	at org.apache.ratis.thirdparty.io.netty.channel.socket.nio.NioSocketChannel.doFinishConnect(NioSocketChannel.java:327)
	at org.apache.ratis.thirdparty.io.netty.channel.nio.AbstractNioChannel$AbstractNioUnsafe.finishConnect(AbstractNioChannel.java:340)
	at org.apache.ratis.thirdparty.io.netty.channel.nio.NioEventLoop.processSelectedKey(NioEventLoop.java:632)
	at org.apache.ratis.thirdparty.io.netty.channel.nio.NioEventLoop.processSelectedKeysOptimized(NioEventLoop.java:579)
	at org.apache.ratis.thirdparty.io.netty.channel.nio.NioEventLoop.processSelectedKeys(NioEventLoop.java:496)
	at org.apache.ratis.thirdparty.io.netty.channel.nio.NioEventLoop.run(NioEventLoop.java:458)
	at org.apache.ratis.thirdparty.io.netty.util.concurrent.SingleThreadEventExecutor$5.run(SingleThreadEventExecutor.java:897)
	at org.apache.ratis.thirdparty.io.netty.util.concurrent.FastThreadLocalRunnable.run(FastThreadLocalRunnable.java:30)
	... 1 more
Caused by: java.net.ConnectException: Connection refused
	... 11 more
2019-09-18 22:11:51,723 [379fa6c2-49a1-4408-8949-ca6be2717677@group-D2CBDCBF8CEF:LeaderElection11] INFO  impl.RoleInfo (RoleInfo.java:shutdownLeaderElection(134)) - 379fa6c2-49a1-4408-8949-ca6be2717677: shutdown LeaderElection
2019-09-18 22:11:51,725 [379fa6c2-49a1-4408-8949-ca6be2717677@group-D2CBDCBF8CEF:LeaderElection11] INFO  impl.RaftServerImpl (RaftServerImpl.java:setRole(174)) - 379fa6c2-49a1-4408-8949-ca6be2717677@group-D2CBDCBF8CEF: changes role from CANDIDATE to LEADER at term 1 for changeToLeader
2019-09-18 22:11:51,727 [grpc-default-executor-0] INFO  impl.RaftServerImpl (RaftServerImpl.java:setRole(174)) - 58e80564-5bec-4090-a95b-543e75482138@group-D5896FCBD2A9: changes role from  FOLLOWER to FOLLOWER at term 1 for recognizeCandidate:fba6f591-d47b-4675-b90c-be27a1cfadaa
2019-09-18 22:11:51,728 [379fa6c2-49a1-4408-8949-ca6be2717677@group-D2CBDCBF8CEF:LeaderElection11] INFO  impl.RaftServerImpl (ServerState.java:setLeader(253)) - 379fa6c2-49a1-4408-8949-ca6be2717677@group-D2CBDCBF8CEF: change Leader from null to 379fa6c2-49a1-4408-8949-ca6be2717677 at term 1 for becomeLeader, leader elected after 5302ms
2019-09-18 22:11:51,728 [grpc-default-executor-0] INFO  impl.RoleInfo (RoleInfo.java:shutdownFollowerState(121)) - 58e80564-5bec-4090-a95b-543e75482138: shutdown FollowerState
2019-09-18 22:11:51,729 [379fa6c2-49a1-4408-8949-ca6be2717677@group-D2CBDCBF8CEF:LeaderElection11] INFO  server.RaftServerConfigKeys (ConfUtils.java:logGet(43)) - raft.server.staging.catchup.gap = 1000 (default)
2019-09-18 22:11:51,730 [Thread-326] INFO  impl.FollowerState (FollowerState.java:run(115)) - 58e80564-5bec-4090-a95b-543e75482138: FollowerState was interrupted: java.lang.InterruptedException: sleep interrupted
2019-09-18 22:11:51,730 [grpc-default-executor-0] INFO  impl.RoleInfo (RoleInfo.java:updateAndGet(143)) - 58e80564-5bec-4090-a95b-543e75482138: start FollowerState
2019-09-18 22:11:51,730 [379fa6c2-49a1-4408-8949-ca6be2717677@group-D2CBDCBF8CEF:LeaderElection11] INFO  server.RaftServerConfigKeys (ConfUtils.java:logGet(43)) - raft.server.rpc.sleep.time = 25ms (default)
2019-09-18 22:11:51,731 [379fa6c2-49a1-4408-8949-ca6be2717677@group-D2CBDCBF8CEF:LeaderElection11] INFO  server.RaftServerConfigKeys (ConfUtils.java:logGet(43)) - raft.server.write.element-limit = 4096 (default)
2019-09-18 22:11:51,731 [379fa6c2-49a1-4408-8949-ca6be2717677@group-D2CBDCBF8CEF:LeaderElection11] INFO  server.RaftServerConfigKeys (ConfUtils.java:logGet(43)) - raft.server.watch.timeout = 10s (default)
2019-09-18 22:11:51,732 [379fa6c2-49a1-4408-8949-ca6be2717677@group-D2CBDCBF8CEF:LeaderElection11] INFO  server.RaftServerConfigKeys (ConfUtils.java:logGet(43)) - raft.server.watch.timeout.denomination = 1s (default)
2019-09-18 22:11:51,732 [379fa6c2-49a1-4408-8949-ca6be2717677@group-D2CBDCBF8CEF:LeaderElection11] INFO  server.RaftServerConfigKeys (ConfUtils.java:logGet(43)) - raft.server.watch.element-limit = 65536 (default)
2019-09-18 22:11:51,732 [d9a450aa-fdeb-43cf-8175-7eb901493c18@group-D5896FCBD2A9:LeaderElection13] INFO  impl.LeaderElection (LeaderElection.java:askForVotes(182)) - d9a450aa-fdeb-43cf-8175-7eb901493c18@group-D5896FCBD2A9:LeaderElection13: begin an election at term 1 for -1: [58e80564-5bec-4090-a95b-543e75482138:192.168.34.27:42903, fba6f591-d47b-4675-b90c-be27a1cfadaa:192.168.34.27:46622, d9a450aa-fdeb-43cf-8175-7eb901493c18:192.168.34.27:44719], old=null
2019-09-18 22:11:51,741 [fba6f591-d47b-4675-b90c-be27a1cfadaa@group-D5896FCBD2A9:LeaderElection12] INFO  impl.LeaderElection (LeaderElection.java:logAndReturn(56)) - fba6f591-d47b-4675-b90c-be27a1cfadaa@group-D5896FCBD2A9:LeaderElection12: Election PASSED; received 2 response(s) [fba6f591-d47b-4675-b90c-be27a1cfadaa<-58e80564-5bec-4090-a95b-543e75482138#0:OK-t1, fba6f591-d47b-4675-b90c-be27a1cfadaa<-d9a450aa-fdeb-43cf-8175-7eb901493c18#0:FAIL-t1] and 0 exception(s); fba6f591-d47b-4675-b90c-be27a1cfadaa@group-D5896FCBD2A9:t1, leader=null, voted=fba6f591-d47b-4675-b90c-be27a1cfadaa, raftlog=fba6f591-d47b-4675-b90c-be27a1cfadaa@group-D5896FCBD2A9-SegmentedRaftLog:OPENED:c-1,f-1,i0, conf=-1: [58e80564-5bec-4090-a95b-543e75482138:192.168.34.27:42903, fba6f591-d47b-4675-b90c-be27a1cfadaa:192.168.34.27:46622, d9a450aa-fdeb-43cf-8175-7eb901493c18:192.168.34.27:44719], old=null
2019-09-18 22:11:51,741 [fba6f591-d47b-4675-b90c-be27a1cfadaa@group-D5896FCBD2A9:LeaderElection12] INFO  impl.RoleInfo (RoleInfo.java:shutdownLeaderElection(134)) - fba6f591-d47b-4675-b90c-be27a1cfadaa: shutdown LeaderElection
2019-09-18 22:11:51,743 [fba6f591-d47b-4675-b90c-be27a1cfadaa@group-D5896FCBD2A9:LeaderElection12] INFO  impl.RaftServerImpl (RaftServerImpl.java:setRole(174)) - fba6f591-d47b-4675-b90c-be27a1cfadaa@group-D5896FCBD2A9: changes role from CANDIDATE to LEADER at term 1 for changeToLeader
2019-09-18 22:11:51,743 [379fa6c2-49a1-4408-8949-ca6be2717677@group-D2CBDCBF8CEF:LeaderElection11] INFO  server.RaftServerConfigKeys (ConfUtils.java:logGet(43)) - raft.server.log.appender.snapshot.chunk.size.max = 16MB (=16777216) (default)
2019-09-18 22:11:51,745 [fba6f591-d47b-4675-b90c-be27a1cfadaa@group-D5896FCBD2A9:LeaderElection12] INFO  impl.RaftServerImpl (ServerState.java:setLeader(253)) - fba6f591-d47b-4675-b90c-be27a1cfadaa@group-D5896FCBD2A9: change Leader from null to fba6f591-d47b-4675-b90c-be27a1cfadaa at term 1 for becomeLeader, leader elected after 5136ms
2019-09-18 22:11:51,745 [379fa6c2-49a1-4408-8949-ca6be2717677@group-D2CBDCBF8CEF:LeaderElection11] INFO  server.RaftServerConfigKeys (ConfUtils.java:logGet(43)) - raft.server.log.appender.buffer.byte-limit = 33554432 (custom)
2019-09-18 22:11:51,745 [fba6f591-d47b-4675-b90c-be27a1cfadaa@group-D5896FCBD2A9:LeaderElection12] INFO  server.RaftServerConfigKeys (ConfUtils.java:logGet(43)) - raft.server.staging.catchup.gap = 1000 (default)
2019-09-18 22:11:51,745 [fba6f591-d47b-4675-b90c-be27a1cfadaa@group-D5896FCBD2A9:LeaderElection12] INFO  server.RaftServerConfigKeys (ConfUtils.java:logGet(43)) - raft.server.rpc.sleep.time = 25ms (default)
2019-09-18 22:11:51,746 [379fa6c2-49a1-4408-8949-ca6be2717677@group-D2CBDCBF8CEF:LeaderElection11] INFO  server.RaftServerConfigKeys (ConfUtils.java:logGet(43)) - raft.server.log.appender.buffer.element-limit = 1 (custom)
2019-09-18 22:11:51,746 [fba6f591-d47b-4675-b90c-be27a1cfadaa@group-D5896FCBD2A9:LeaderElection12] INFO  server.RaftServerConfigKeys (ConfUtils.java:logGet(43)) - raft.server.write.element-limit = 4096 (default)
2019-09-18 22:11:51,746 [fba6f591-d47b-4675-b90c-be27a1cfadaa@group-D5896FCBD2A9:LeaderElection12] INFO  server.RaftServerConfigKeys (ConfUtils.java:logGet(43)) - raft.server.watch.timeout = 10s (default)
2019-09-18 22:11:51,746 [fba6f591-d47b-4675-b90c-be27a1cfadaa@group-D5896FCBD2A9:LeaderElection12] INFO  server.RaftServerConfigKeys (ConfUtils.java:logGet(43)) - raft.server.watch.timeout.denomination = 1s (default)
2019-09-18 22:11:51,746 [fba6f591-d47b-4675-b90c-be27a1cfadaa@group-D5896FCBD2A9:LeaderElection12] INFO  server.RaftServerConfigKeys (ConfUtils.java:logGet(43)) - raft.server.watch.element-limit = 65536 (default)
2019-09-18 22:11:51,750 [379fa6c2-49a1-4408-8949-ca6be2717677@group-D2CBDCBF8CEF:LeaderElection11] INFO  grpc.GrpcConfigKeys$Server (ConfUtils.java:logGet(43)) - raft.grpc.server.leader.outstanding.appends.max = 128 (default)
2019-09-18 22:11:51,751 [379fa6c2-49a1-4408-8949-ca6be2717677@group-D2CBDCBF8CEF:LeaderElection11] INFO  server.RaftServerConfigKeys (ConfUtils.java:logGet(43)) - raft.server.rpc.request.timeout = 3000ms (default)
2019-09-18 22:11:51,751 [379fa6c2-49a1-4408-8949-ca6be2717677@group-D2CBDCBF8CEF:LeaderElection11] INFO  server.RaftServerConfigKeys (ConfUtils.java:logGet(43)) - raft.server.log.appender.install.snapshot.enabled = false (custom)
2019-09-18 22:11:51,753 [379fa6c2-49a1-4408-8949-ca6be2717677@group-D2CBDCBF8CEF:LeaderElection11] INFO  server.RaftServerConfigKeys (ConfUtils.java:logGet(43)) - raft.server.log.appender.snapshot.chunk.size.max = 16MB (=16777216) (default)
2019-09-18 22:11:51,753 [379fa6c2-49a1-4408-8949-ca6be2717677@group-D2CBDCBF8CEF:LeaderElection11] INFO  server.RaftServerConfigKeys (ConfUtils.java:logGet(43)) - raft.server.log.appender.buffer.byte-limit = 33554432 (custom)
2019-09-18 22:11:51,753 [379fa6c2-49a1-4408-8949-ca6be2717677@group-D2CBDCBF8CEF:LeaderElection11] INFO  server.RaftServerConfigKeys (ConfUtils.java:logGet(43)) - raft.server.log.appender.buffer.element-limit = 1 (custom)
2019-09-18 22:11:51,753 [379fa6c2-49a1-4408-8949-ca6be2717677@group-D2CBDCBF8CEF:LeaderElection11] INFO  grpc.GrpcConfigKeys$Server (ConfUtils.java:logGet(43)) - raft.grpc.server.leader.outstanding.appends.max = 128 (default)
2019-09-18 22:11:51,754 [fba6f591-d47b-4675-b90c-be27a1cfadaa@group-D5896FCBD2A9:LeaderElection12] INFO  server.RaftServerConfigKeys (ConfUtils.java:logGet(43)) - raft.server.log.appender.snapshot.chunk.size.max = 16MB (=16777216) (default)
2019-09-18 22:11:51,754 [379fa6c2-49a1-4408-8949-ca6be2717677@group-D2CBDCBF8CEF:LeaderElection11] INFO  server.RaftServerConfigKeys (ConfUtils.java:logGet(43)) - raft.server.rpc.request.timeout = 3000ms (default)
2019-09-18 22:11:51,754 [fba6f591-d47b-4675-b90c-be27a1cfadaa@group-D5896FCBD2A9:LeaderElection12] INFO  server.RaftServerConfigKeys (ConfUtils.java:logGet(43)) - raft.server.log.appender.buffer.byte-limit = 33554432 (custom)
2019-09-18 22:11:51,754 [379fa6c2-49a1-4408-8949-ca6be2717677@group-D2CBDCBF8CEF:LeaderElection11] INFO  server.RaftServerConfigKeys (ConfUtils.java:logGet(43)) - raft.server.log.appender.install.snapshot.enabled = false (custom)
2019-09-18 22:11:51,754 [fba6f591-d47b-4675-b90c-be27a1cfadaa@group-D5896FCBD2A9:LeaderElection12] INFO  server.RaftServerConfigKeys (ConfUtils.java:logGet(43)) - raft.server.log.appender.buffer.element-limit = 1 (custom)
2019-09-18 22:11:51,756 [fba6f591-d47b-4675-b90c-be27a1cfadaa@group-D5896FCBD2A9:LeaderElection12] INFO  grpc.GrpcConfigKeys$Server (ConfUtils.java:logGet(43)) - raft.grpc.server.leader.outstanding.appends.max = 128 (default)
2019-09-18 22:11:51,758 [fba6f591-d47b-4675-b90c-be27a1cfadaa@group-D5896FCBD2A9:LeaderElection12] INFO  server.RaftServerConfigKeys (ConfUtils.java:logGet(43)) - raft.server.rpc.request.timeout = 3000ms (default)
2019-09-18 22:11:51,758 [fba6f591-d47b-4675-b90c-be27a1cfadaa@group-D5896FCBD2A9:LeaderElection12] INFO  server.RaftServerConfigKeys (ConfUtils.java:logGet(43)) - raft.server.log.appender.install.snapshot.enabled = false (custom)
2019-09-18 22:11:51,758 [fba6f591-d47b-4675-b90c-be27a1cfadaa@group-D5896FCBD2A9:LeaderElection12] INFO  server.RaftServerConfigKeys (ConfUtils.java:logGet(43)) - raft.server.log.appender.snapshot.chunk.size.max = 16MB (=16777216) (default)
2019-09-18 22:11:51,759 [fba6f591-d47b-4675-b90c-be27a1cfadaa@group-D5896FCBD2A9:LeaderElection12] INFO  server.RaftServerConfigKeys (ConfUtils.java:logGet(43)) - raft.server.log.appender.buffer.byte-limit = 33554432 (custom)
2019-09-18 22:11:51,759 [fba6f591-d47b-4675-b90c-be27a1cfadaa@group-D5896FCBD2A9:LeaderElection12] INFO  server.RaftServerConfigKeys (ConfUtils.java:logGet(43)) - raft.server.log.appender.buffer.element-limit = 1 (custom)
2019-09-18 22:11:51,759 [fba6f591-d47b-4675-b90c-be27a1cfadaa@group-D5896FCBD2A9:LeaderElection12] INFO  grpc.GrpcConfigKeys$Server (ConfUtils.java:logGet(43)) - raft.grpc.server.leader.outstanding.appends.max = 128 (default)
2019-09-18 22:11:51,759 [fba6f591-d47b-4675-b90c-be27a1cfadaa@group-D5896FCBD2A9:LeaderElection12] INFO  server.RaftServerConfigKeys (ConfUtils.java:logGet(43)) - raft.server.rpc.request.timeout = 3000ms (default)
2019-09-18 22:11:51,759 [379fa6c2-49a1-4408-8949-ca6be2717677@group-D2CBDCBF8CEF:LeaderElection11] INFO  impl.RoleInfo (RoleInfo.java:updateAndGet(143)) - 379fa6c2-49a1-4408-8949-ca6be2717677: start LeaderState
2019-09-18 22:11:51,760 [fba6f591-d47b-4675-b90c-be27a1cfadaa@group-D5896FCBD2A9:LeaderElection12] INFO  server.RaftServerConfigKeys (ConfUtils.java:logGet(43)) - raft.server.log.appender.install.snapshot.enabled = false (custom)
2019-09-18 22:11:51,760 [379fa6c2-49a1-4408-8949-ca6be2717677@group-D2CBDCBF8CEF:LeaderElection11] INFO  segmented.SegmentedRaftLogWorker (SegmentedRaftLogWorker.java:startLogSegment(380)) - 379fa6c2-49a1-4408-8949-ca6be2717677@group-D2CBDCBF8CEF-SegmentedRaftLogWorker: Starting segment from index:0
2019-09-18 22:11:51,760 [fba6f591-d47b-4675-b90c-be27a1cfadaa@group-D5896FCBD2A9:LeaderElection12] INFO  impl.RoleInfo (RoleInfo.java:updateAndGet(143)) - fba6f591-d47b-4675-b90c-be27a1cfadaa: start LeaderState
2019-09-18 22:11:51,760 [fba6f591-d47b-4675-b90c-be27a1cfadaa@group-D5896FCBD2A9:LeaderElection12] INFO  segmented.SegmentedRaftLogWorker (SegmentedRaftLogWorker.java:startLogSegment(380)) - fba6f591-d47b-4675-b90c-be27a1cfadaa@group-D5896FCBD2A9-SegmentedRaftLogWorker: Starting segment from index:0
2019-09-18 22:11:51,761 [379fa6c2-49a1-4408-8949-ca6be2717677@group-D2CBDCBF8CEF:LeaderElection11] INFO  impl.RaftServerImpl (ServerState.java:setRaftConf(354)) - 379fa6c2-49a1-4408-8949-ca6be2717677@group-D2CBDCBF8CEF: set configuration 0: [d117bc90-4994-4aca-be01-c9176126e9cd:192.168.34.27:41865, 379fa6c2-49a1-4408-8949-ca6be2717677:192.168.34.27:42824, 5419bd03-146b-4e1a-9251-4ae6710db1e4:192.168.34.27:45183], old=null at 0
2019-09-18 22:11:51,791 [fba6f591-d47b-4675-b90c-be27a1cfadaa@group-D5896FCBD2A9:LeaderElection12] INFO  impl.RaftServerImpl (ServerState.java:setRaftConf(354)) - fba6f591-d47b-4675-b90c-be27a1cfadaa@group-D5896FCBD2A9: set configuration 0: [58e80564-5bec-4090-a95b-543e75482138:192.168.34.27:42903, fba6f591-d47b-4675-b90c-be27a1cfadaa:192.168.34.27:46622, d9a450aa-fdeb-43cf-8175-7eb901493c18:192.168.34.27:44719], old=null at 0
2019-09-18 22:11:51,837 [379fa6c2-49a1-4408-8949-ca6be2717677@group-D2CBDCBF8CEF-SegmentedRaftLogWorker] INFO  segmented.SegmentedRaftLogWorker (SegmentedRaftLogWorker.java:execute(569)) - 379fa6c2-49a1-4408-8949-ca6be2717677@group-D2CBDCBF8CEF-SegmentedRaftLogWorker: created new log segment /workdir/hadoop-ozone/integration-test/target/test-dir/MiniOzoneClusterImpl-098cb20a-5709-466d-aded-8aed09afee3e/datanode-3/data/ratis/b88b2c82-5308-415c-9f6f-d2cbdcbf8cef/current/log_inprogress_0
2019-09-18 22:11:51,838 [grpc-default-executor-3] INFO  impl.RaftServerImpl (RaftServerImpl.java:requestVote(758)) - fba6f591-d47b-4675-b90c-be27a1cfadaa@group-D5896FCBD2A9-   LEADER: Withhold vote from candidate d9a450aa-fdeb-43cf-8175-7eb901493c18 with term 1. State: leader=fba6f591-d47b-4675-b90c-be27a1cfadaa, term=1, lastRpcElapsed=null
2019-09-18 22:11:51,847 [Thread-339] INFO  impl.FollowerState (FollowerState.java:run(106)) - 73306d30-93c7-4acf-8650-89e6f82bf9ae:group-0A96035EF064 changes to CANDIDATE, lastRpcTime:5103, electionTimeout:5103ms
2019-09-18 22:11:51,847 [Thread-339] INFO  impl.RoleInfo (RoleInfo.java:shutdownFollowerState(121)) - 73306d30-93c7-4acf-8650-89e6f82bf9ae: shutdown FollowerState
2019-09-18 22:11:51,848 [Thread-339] INFO  impl.RaftServerImpl (RaftServerImpl.java:setRole(174)) - 73306d30-93c7-4acf-8650-89e6f82bf9ae@group-0A96035EF064: changes role from  FOLLOWER to CANDIDATE at term 0 for changeToCandidate
2019-09-18 22:11:51,848 [Thread-339] INFO  impl.RoleInfo (RoleInfo.java:updateAndGet(143)) - 73306d30-93c7-4acf-8650-89e6f82bf9ae: start LeaderElection
2019-09-18 22:11:51,861 [fba6f591-d47b-4675-b90c-be27a1cfadaa@group-D5896FCBD2A9-SegmentedRaftLogWorker] INFO  segmented.SegmentedRaftLogWorker (SegmentedRaftLogWorker.java:execute(569)) - fba6f591-d47b-4675-b90c-be27a1cfadaa@group-D5896FCBD2A9-SegmentedRaftLogWorker: created new log segment /workdir/hadoop-ozone/integration-test/target/test-dir/MiniOzoneClusterImpl-098cb20a-5709-466d-aded-8aed09afee3e/datanode-1/data/ratis/8ff9e50d-f793-4b70-8bbe-d5896fcbd2a9/current/log_inprogress_0
2019-09-18 22:11:51,866 [d9a450aa-fdeb-43cf-8175-7eb901493c18@group-D5896FCBD2A9:LeaderElection13] INFO  impl.LeaderElection (LeaderElection.java:logAndReturn(56)) - d9a450aa-fdeb-43cf-8175-7eb901493c18@group-D5896FCBD2A9:LeaderElection13: Election REJECTED; received 2 response(s) [d9a450aa-fdeb-43cf-8175-7eb901493c18<-58e80564-5bec-4090-a95b-543e75482138#0:FAIL-t1, d9a450aa-fdeb-43cf-8175-7eb901493c18<-fba6f591-d47b-4675-b90c-be27a1cfadaa#0:FAIL-t1] and 0 exception(s); d9a450aa-fdeb-43cf-8175-7eb901493c18@group-D5896FCBD2A9:t1, leader=null, voted=d9a450aa-fdeb-43cf-8175-7eb901493c18, raftlog=d9a450aa-fdeb-43cf-8175-7eb901493c18@group-D5896FCBD2A9-SegmentedRaftLog:OPENED:c-1,f-1,i0, conf=-1: [58e80564-5bec-4090-a95b-543e75482138:192.168.34.27:42903, fba6f591-d47b-4675-b90c-be27a1cfadaa:192.168.34.27:46622, d9a450aa-fdeb-43cf-8175-7eb901493c18:192.168.34.27:44719], old=null
2019-09-18 22:11:51,866 [d9a450aa-fdeb-43cf-8175-7eb901493c18@group-D5896FCBD2A9:LeaderElection13] INFO  impl.RaftServerImpl (RaftServerImpl.java:setRole(174)) - d9a450aa-fdeb-43cf-8175-7eb901493c18@group-D5896FCBD2A9: changes role from CANDIDATE to FOLLOWER at term 1 for DISCOVERED_A_NEW_TERM
2019-09-18 22:11:51,866 [d9a450aa-fdeb-43cf-8175-7eb901493c18@group-D5896FCBD2A9:LeaderElection13] INFO  impl.RoleInfo (RoleInfo.java:shutdownLeaderElection(134)) - d9a450aa-fdeb-43cf-8175-7eb901493c18: shutdown LeaderElection
2019-09-18 22:11:51,867 [d9a450aa-fdeb-43cf-8175-7eb901493c18@group-D5896FCBD2A9:LeaderElection13] INFO  impl.RoleInfo (RoleInfo.java:updateAndGet(143)) - d9a450aa-fdeb-43cf-8175-7eb901493c18: start FollowerState
2019-09-18 22:11:51,875 [73306d30-93c7-4acf-8650-89e6f82bf9ae@group-0A96035EF064:LeaderElection14] INFO  impl.LeaderElection (LeaderElection.java:askForVotes(182)) - 73306d30-93c7-4acf-8650-89e6f82bf9ae@group-0A96035EF064:LeaderElection14: begin an election at term 1 for -1: [73306d30-93c7-4acf-8650-89e6f82bf9ae:192.168.34.27:36503, 83be8999-67ae-4928-8a06-df04737ded82:192.168.34.27:43276, 80fe7f66-a042-4fd5-86eb-7138643784f2:192.168.34.27:35927], old=null
2019-09-18 22:11:51,881 [grpc-default-executor-3] WARN  server.GrpcLogAppender (LogUtils.java:warn(134)) - 379fa6c2-49a1-4408-8949-ca6be2717677@group-D2CBDCBF8CEF->5419bd03-146b-4e1a-9251-4ae6710db1e4-AppendLogResponseHandler: Failed appendEntries: org.apache.ratis.thirdparty.io.grpc.StatusRuntimeException: UNAVAILABLE: io exception
2019-09-18 22:11:51,889 [grpc-default-executor-3] INFO  impl.FollowerInfo (FollowerInfo.java:lambda$new$0(51)) - 379fa6c2-49a1-4408-8949-ca6be2717677@group-D2CBDCBF8CEF->5419bd03-146b-4e1a-9251-4ae6710db1e4: nextIndex: updateUnconditionally 0 -> 0
2019-09-18 22:11:51,890 [73306d30-93c7-4acf-8650-89e6f82bf9ae@group-0A96035EF064:LeaderElection14] INFO  impl.LeaderElection (LogUtils.java:infoOrTrace(149)) - 73306d30-93c7-4acf-8650-89e6f82bf9ae@group-0A96035EF064:LeaderElection14 got exception when requesting votes: {}
java.util.concurrent.ExecutionException: org.apache.ratis.thirdparty.io.grpc.StatusRuntimeException: UNAVAILABLE: io exception
	at java.util.concurrent.FutureTask.report(FutureTask.java:122)
	at java.util.concurrent.FutureTask.get(FutureTask.java:192)
	at org.apache.ratis.server.impl.LeaderElection.waitForResults(LeaderElection.java:263)
	at org.apache.ratis.server.impl.LeaderElection.askForVotes(LeaderElection.java:201)
	at org.apache.ratis.server.impl.LeaderElection.run(LeaderElection.java:133)
	at java.lang.Thread.run(Thread.java:748)
Caused by: org.apache.ratis.thirdparty.io.grpc.StatusRuntimeException: UNAVAILABLE: io exception
	at org.apache.ratis.thirdparty.io.grpc.stub.ClientCalls.toStatusRuntimeException(ClientCalls.java:233)
	at org.apache.ratis.thirdparty.io.grpc.stub.ClientCalls.getUnchecked(ClientCalls.java:214)
	at org.apache.ratis.thirdparty.io.grpc.stub.ClientCalls.blockingUnaryCall(ClientCalls.java:139)
	at org.apache.ratis.proto.grpc.RaftServerProtocolServiceGrpc$RaftServerProtocolServiceBlockingStub.requestVote(RaftServerProtocolServiceGrpc.java:265)
	at org.apache.ratis.grpc.server.GrpcServerProtocolClient.requestVote(GrpcServerProtocolClient.java:90)
	at org.apache.ratis.grpc.server.GrpcService.requestVote(GrpcService.java:204)
	at org.apache.ratis.server.impl.LeaderElection.lambda$submitRequests$1(LeaderElection.java:238)
	at java.util.concurrent.FutureTask.run(FutureTask.java:266)
	at java.util.concurrent.Executors$RunnableAdapter.call(Executors.java:511)
	at java.util.concurrent.FutureTask.run(FutureTask.java:266)
	at java.util.concurrent.ThreadPoolExecutor.runWorker(ThreadPoolExecutor.java:1149)
	at java.util.concurrent.ThreadPoolExecutor$Worker.run(ThreadPoolExecutor.java:624)
	... 1 more
Caused by: org.apache.ratis.thirdparty.io.netty.channel.AbstractChannel$AnnotatedConnectException: Connection refused: /192.168.34.27:43276
	at sun.nio.ch.SocketChannelImpl.checkConnect(Native Method)
	at sun.nio.ch.SocketChannelImpl.finishConnect(SocketChannelImpl.java:717)
	at org.apache.ratis.thirdparty.io.netty.channel.socket.nio.NioSocketChannel.doFinishConnect(NioSocketChannel.java:327)
	at org.apache.ratis.thirdparty.io.netty.channel.nio.AbstractNioChannel$AbstractNioUnsafe.finishConnect(AbstractNioChannel.java:340)
	at org.apache.ratis.thirdparty.io.netty.channel.nio.NioEventLoop.processSelectedKey(NioEventLoop.java:632)
	at org.apache.ratis.thirdparty.io.netty.channel.nio.NioEventLoop.processSelectedKeysOptimized(NioEventLoop.java:579)
	at org.apache.ratis.thirdparty.io.netty.channel.nio.NioEventLoop.processSelectedKeys(NioEventLoop.java:496)
	at org.apache.ratis.thirdparty.io.netty.channel.nio.NioEventLoop.run(NioEventLoop.java:458)
	at org.apache.ratis.thirdparty.io.netty.util.concurrent.SingleThreadEventExecutor$5.run(SingleThreadEventExecutor.java:897)
	at org.apache.ratis.thirdparty.io.netty.util.concurrent.FastThreadLocalRunnable.run(FastThreadLocalRunnable.java:30)
	... 1 more
Caused by: java.net.ConnectException: Connection refused
	... 11 more
2019-09-18 22:11:51,897 [grpc-default-executor-0] INFO  impl.RaftServerImpl (RaftServerImpl.java:setRole(174)) - 80fe7f66-a042-4fd5-86eb-7138643784f2@group-0A96035EF064: changes role from  FOLLOWER to FOLLOWER at term 1 for recognizeCandidate:73306d30-93c7-4acf-8650-89e6f82bf9ae
2019-09-18 22:11:51,897 [grpc-default-executor-0] INFO  impl.RoleInfo (RoleInfo.java:shutdownFollowerState(121)) - 80fe7f66-a042-4fd5-86eb-7138643784f2: shutdown FollowerState
2019-09-18 22:11:51,898 [grpc-default-executor-0] INFO  impl.RoleInfo (RoleInfo.java:updateAndGet(143)) - 80fe7f66-a042-4fd5-86eb-7138643784f2: start FollowerState
2019-09-18 22:11:51,898 [Thread-335] INFO  impl.FollowerState (FollowerState.java:run(115)) - 80fe7f66-a042-4fd5-86eb-7138643784f2: FollowerState was interrupted: java.lang.InterruptedException: sleep interrupted
2019-09-18 22:11:51,909 [grpc-default-executor-3] INFO  impl.RaftServerImpl (ServerState.java:setLeader(253)) - d117bc90-4994-4aca-be01-c9176126e9cd@group-D2CBDCBF8CEF: change Leader from null to 379fa6c2-49a1-4408-8949-ca6be2717677 at term 1 for appendEntries, leader elected after 5484ms
2019-09-18 22:11:51,909 [grpc-default-executor-1] INFO  impl.RaftServerImpl (ServerState.java:setLeader(253)) - d9a450aa-fdeb-43cf-8175-7eb901493c18@group-D5896FCBD2A9: change Leader from null to fba6f591-d47b-4675-b90c-be27a1cfadaa at term 1 for appendEntries, leader elected after 5301ms
2019-09-18 22:11:51,911 [grpc-default-executor-4] INFO  impl.RaftServerImpl (ServerState.java:setLeader(253)) - 58e80564-5bec-4090-a95b-543e75482138@group-D5896FCBD2A9: change Leader from null to fba6f591-d47b-4675-b90c-be27a1cfadaa at term 1 for appendEntries, leader elected after 5304ms
2019-09-18 22:11:51,912 [grpc-default-executor-6] WARN  server.GrpcLogAppender (LogUtils.java:warn(134)) - 379fa6c2-49a1-4408-8949-ca6be2717677@group-D2CBDCBF8CEF->5419bd03-146b-4e1a-9251-4ae6710db1e4-AppendLogResponseHandler: Failed appendEntries: org.apache.ratis.thirdparty.io.grpc.StatusRuntimeException: UNAVAILABLE: io exception
2019-09-18 22:11:51,916 [grpc-default-executor-6] INFO  impl.FollowerInfo (FollowerInfo.java:lambda$new$0(51)) - 379fa6c2-49a1-4408-8949-ca6be2717677@group-D2CBDCBF8CEF->5419bd03-146b-4e1a-9251-4ae6710db1e4: nextIndex: updateUnconditionally 1 -> 0
2019-09-18 22:11:51,925 [73306d30-93c7-4acf-8650-89e6f82bf9ae@group-0A96035EF064:LeaderElection14] INFO  impl.LeaderElection (LeaderElection.java:logAndReturn(56)) - 73306d30-93c7-4acf-8650-89e6f82bf9ae@group-0A96035EF064:LeaderElection14: Election PASSED; received 1 response(s) [73306d30-93c7-4acf-8650-89e6f82bf9ae<-80fe7f66-a042-4fd5-86eb-7138643784f2#0:OK-t1] and 1 exception(s); 73306d30-93c7-4acf-8650-89e6f82bf9ae@group-0A96035EF064:t1, leader=null, voted=73306d30-93c7-4acf-8650-89e6f82bf9ae, raftlog=73306d30-93c7-4acf-8650-89e6f82bf9ae@group-0A96035EF064-SegmentedRaftLog:OPENED:c-1,f-1,i0, conf=-1: [73306d30-93c7-4acf-8650-89e6f82bf9ae:192.168.34.27:36503, 83be8999-67ae-4928-8a06-df04737ded82:192.168.34.27:43276, 80fe7f66-a042-4fd5-86eb-7138643784f2:192.168.34.27:35927], old=null
2019-09-18 22:11:51,926 [73306d30-93c7-4acf-8650-89e6f82bf9ae@group-0A96035EF064:LeaderElection14] INFO  impl.LeaderElection (LogUtils.java:infoOrTrace(149)) -   Exception 0: {}
java.util.concurrent.ExecutionException: org.apache.ratis.thirdparty.io.grpc.StatusRuntimeException: UNAVAILABLE: io exception
	at java.util.concurrent.FutureTask.report(FutureTask.java:122)
	at java.util.concurrent.FutureTask.get(FutureTask.java:192)
	at org.apache.ratis.server.impl.LeaderElection.waitForResults(LeaderElection.java:263)
	at org.apache.ratis.server.impl.LeaderElection.askForVotes(LeaderElection.java:201)
	at org.apache.ratis.server.impl.LeaderElection.run(LeaderElection.java:133)
	at java.lang.Thread.run(Thread.java:748)
Caused by: org.apache.ratis.thirdparty.io.grpc.StatusRuntimeException: UNAVAILABLE: io exception
	at org.apache.ratis.thirdparty.io.grpc.stub.ClientCalls.toStatusRuntimeException(ClientCalls.java:233)
	at org.apache.ratis.thirdparty.io.grpc.stub.ClientCalls.getUnchecked(ClientCalls.java:214)
	at org.apache.ratis.thirdparty.io.grpc.stub.ClientCalls.blockingUnaryCall(ClientCalls.java:139)
	at org.apache.ratis.proto.grpc.RaftServerProtocolServiceGrpc$RaftServerProtocolServiceBlockingStub.requestVote(RaftServerProtocolServiceGrpc.java:265)
	at org.apache.ratis.grpc.server.GrpcServerProtocolClient.requestVote(GrpcServerProtocolClient.java:90)
	at org.apache.ratis.grpc.server.GrpcService.requestVote(GrpcService.java:204)
	at org.apache.ratis.server.impl.LeaderElection.lambda$submitRequests$1(LeaderElection.java:238)
	at java.util.concurrent.FutureTask.run(FutureTask.java:266)
	at java.util.concurrent.Executors$RunnableAdapter.call(Executors.java:511)
	at java.util.concurrent.FutureTask.run(FutureTask.java:266)
	at java.util.concurrent.ThreadPoolExecutor.runWorker(ThreadPoolExecutor.java:1149)
	at java.util.concurrent.ThreadPoolExecutor$Worker.run(ThreadPoolExecutor.java:624)
	... 1 more
Caused by: org.apache.ratis.thirdparty.io.netty.channel.AbstractChannel$AnnotatedConnectException: Connection refused: /192.168.34.27:43276
	at sun.nio.ch.SocketChannelImpl.checkConnect(Native Method)
	at sun.nio.ch.SocketChannelImpl.finishConnect(SocketChannelImpl.java:717)
	at org.apache.ratis.thirdparty.io.netty.channel.socket.nio.NioSocketChannel.doFinishConnect(NioSocketChannel.java:327)
	at org.apache.ratis.thirdparty.io.netty.channel.nio.AbstractNioChannel$AbstractNioUnsafe.finishConnect(AbstractNioChannel.java:340)
	at org.apache.ratis.thirdparty.io.netty.channel.nio.NioEventLoop.processSelectedKey(NioEventLoop.java:632)
	at org.apache.ratis.thirdparty.io.netty.channel.nio.NioEventLoop.processSelectedKeysOptimized(NioEventLoop.java:579)
	at org.apache.ratis.thirdparty.io.netty.channel.nio.NioEventLoop.processSelectedKeys(NioEventLoop.java:496)
	at org.apache.ratis.thirdparty.io.netty.channel.nio.NioEventLoop.run(NioEventLoop.java:458)
	at org.apache.ratis.thirdparty.io.netty.util.concurrent.SingleThreadEventExecutor$5.run(SingleThreadEventExecutor.java:897)
	at org.apache.ratis.thirdparty.io.netty.util.concurrent.FastThreadLocalRunnable.run(FastThreadLocalRunnable.java:30)
	... 1 more
Caused by: java.net.ConnectException: Connection refused
	... 11 more
2019-09-18 22:11:51,930 [73306d30-93c7-4acf-8650-89e6f82bf9ae@group-0A96035EF064:LeaderElection14] INFO  impl.RoleInfo (RoleInfo.java:shutdownLeaderElection(134)) - 73306d30-93c7-4acf-8650-89e6f82bf9ae: shutdown LeaderElection
2019-09-18 22:11:51,932 [73306d30-93c7-4acf-8650-89e6f82bf9ae@group-0A96035EF064:LeaderElection14] INFO  impl.RaftServerImpl (RaftServerImpl.java:setRole(174)) - 73306d30-93c7-4acf-8650-89e6f82bf9ae@group-0A96035EF064: changes role from CANDIDATE to LEADER at term 1 for changeToLeader
2019-09-18 22:11:51,932 [73306d30-93c7-4acf-8650-89e6f82bf9ae@group-0A96035EF064:LeaderElection14] INFO  impl.RaftServerImpl (ServerState.java:setLeader(253)) - 73306d30-93c7-4acf-8650-89e6f82bf9ae@group-0A96035EF064: change Leader from null to 73306d30-93c7-4acf-8650-89e6f82bf9ae at term 1 for becomeLeader, leader elected after 5204ms
2019-09-18 22:11:51,932 [73306d30-93c7-4acf-8650-89e6f82bf9ae@group-0A96035EF064:LeaderElection14] INFO  server.RaftServerConfigKeys (ConfUtils.java:logGet(43)) - raft.server.staging.catchup.gap = 1000 (default)
2019-09-18 22:11:51,932 [73306d30-93c7-4acf-8650-89e6f82bf9ae@group-0A96035EF064:LeaderElection14] INFO  server.RaftServerConfigKeys (ConfUtils.java:logGet(43)) - raft.server.rpc.sleep.time = 25ms (default)
2019-09-18 22:11:51,932 [73306d30-93c7-4acf-8650-89e6f82bf9ae@group-0A96035EF064:LeaderElection14] INFO  server.RaftServerConfigKeys (ConfUtils.java:logGet(43)) - raft.server.write.element-limit = 4096 (default)
2019-09-18 22:11:51,933 [73306d30-93c7-4acf-8650-89e6f82bf9ae@group-0A96035EF064:LeaderElection14] INFO  server.RaftServerConfigKeys (ConfUtils.java:logGet(43)) - raft.server.watch.timeout = 10s (default)
2019-09-18 22:11:51,933 [73306d30-93c7-4acf-8650-89e6f82bf9ae@group-0A96035EF064:LeaderElection14] INFO  server.RaftServerConfigKeys (ConfUtils.java:logGet(43)) - raft.server.watch.timeout.denomination = 1s (default)
2019-09-18 22:11:51,933 [73306d30-93c7-4acf-8650-89e6f82bf9ae@group-0A96035EF064:LeaderElection14] INFO  server.RaftServerConfigKeys (ConfUtils.java:logGet(43)) - raft.server.watch.element-limit = 65536 (default)
2019-09-18 22:11:51,936 [73306d30-93c7-4acf-8650-89e6f82bf9ae@group-0A96035EF064:LeaderElection14] INFO  server.RaftServerConfigKeys (ConfUtils.java:logGet(43)) - raft.server.log.appender.snapshot.chunk.size.max = 16MB (=16777216) (default)
2019-09-18 22:11:51,936 [73306d30-93c7-4acf-8650-89e6f82bf9ae@group-0A96035EF064:LeaderElection14] INFO  server.RaftServerConfigKeys (ConfUtils.java:logGet(43)) - raft.server.log.appender.buffer.byte-limit = 33554432 (custom)
2019-09-18 22:11:51,936 [73306d30-93c7-4acf-8650-89e6f82bf9ae@group-0A96035EF064:LeaderElection14] INFO  server.RaftServerConfigKeys (ConfUtils.java:logGet(43)) - raft.server.log.appender.buffer.element-limit = 1 (custom)
2019-09-18 22:11:51,937 [73306d30-93c7-4acf-8650-89e6f82bf9ae@group-0A96035EF064:LeaderElection14] INFO  grpc.GrpcConfigKeys$Server (ConfUtils.java:logGet(43)) - raft.grpc.server.leader.outstanding.appends.max = 128 (default)
2019-09-18 22:11:51,939 [73306d30-93c7-4acf-8650-89e6f82bf9ae@group-0A96035EF064:LeaderElection14] INFO  server.RaftServerConfigKeys (ConfUtils.java:logGet(43)) - raft.server.rpc.request.timeout = 3000ms (default)
2019-09-18 22:11:51,939 [73306d30-93c7-4acf-8650-89e6f82bf9ae@group-0A96035EF064:LeaderElection14] INFO  server.RaftServerConfigKeys (ConfUtils.java:logGet(43)) - raft.server.log.appender.install.snapshot.enabled = false (custom)
2019-09-18 22:11:51,939 [73306d30-93c7-4acf-8650-89e6f82bf9ae@group-0A96035EF064:LeaderElection14] INFO  server.RaftServerConfigKeys (ConfUtils.java:logGet(43)) - raft.server.log.appender.snapshot.chunk.size.max = 16MB (=16777216) (default)
2019-09-18 22:11:51,940 [73306d30-93c7-4acf-8650-89e6f82bf9ae@group-0A96035EF064:LeaderElection14] INFO  server.RaftServerConfigKeys (ConfUtils.java:logGet(43)) - raft.server.log.appender.buffer.byte-limit = 33554432 (custom)
2019-09-18 22:11:51,940 [73306d30-93c7-4acf-8650-89e6f82bf9ae@group-0A96035EF064:LeaderElection14] INFO  server.RaftServerConfigKeys (ConfUtils.java:logGet(43)) - raft.server.log.appender.buffer.element-limit = 1 (custom)
2019-09-18 22:11:51,940 [73306d30-93c7-4acf-8650-89e6f82bf9ae@group-0A96035EF064:LeaderElection14] INFO  grpc.GrpcConfigKeys$Server (ConfUtils.java:logGet(43)) - raft.grpc.server.leader.outstanding.appends.max = 128 (default)
2019-09-18 22:11:51,940 [73306d30-93c7-4acf-8650-89e6f82bf9ae@group-0A96035EF064:LeaderElection14] INFO  server.RaftServerConfigKeys (ConfUtils.java:logGet(43)) - raft.server.rpc.request.timeout = 3000ms (default)
2019-09-18 22:11:51,941 [73306d30-93c7-4acf-8650-89e6f82bf9ae@group-0A96035EF064:LeaderElection14] INFO  server.RaftServerConfigKeys (ConfUtils.java:logGet(43)) - raft.server.log.appender.install.snapshot.enabled = false (custom)
2019-09-18 22:11:51,941 [73306d30-93c7-4acf-8650-89e6f82bf9ae@group-0A96035EF064:LeaderElection14] INFO  impl.RoleInfo (RoleInfo.java:updateAndGet(143)) - 73306d30-93c7-4acf-8650-89e6f82bf9ae: start LeaderState
2019-09-18 22:11:51,941 [73306d30-93c7-4acf-8650-89e6f82bf9ae@group-0A96035EF064:LeaderElection14] INFO  segmented.SegmentedRaftLogWorker (SegmentedRaftLogWorker.java:startLogSegment(380)) - 73306d30-93c7-4acf-8650-89e6f82bf9ae@group-0A96035EF064-SegmentedRaftLogWorker: Starting segment from index:0
2019-09-18 22:11:51,944 [73306d30-93c7-4acf-8650-89e6f82bf9ae@group-0A96035EF064:LeaderElection14] INFO  impl.RaftServerImpl (ServerState.java:setRaftConf(354)) - 73306d30-93c7-4acf-8650-89e6f82bf9ae@group-0A96035EF064: set configuration 0: [73306d30-93c7-4acf-8650-89e6f82bf9ae:192.168.34.27:36503, 83be8999-67ae-4928-8a06-df04737ded82:192.168.34.27:43276, 80fe7f66-a042-4fd5-86eb-7138643784f2:192.168.34.27:35927], old=null at 0
2019-09-18 22:11:51,977 [grpc-default-executor-0] WARN  server.GrpcLogAppender (LogUtils.java:warn(134)) - 73306d30-93c7-4acf-8650-89e6f82bf9ae@group-0A96035EF064->83be8999-67ae-4928-8a06-df04737ded82-AppendLogResponseHandler: Failed appendEntries: org.apache.ratis.thirdparty.io.grpc.StatusRuntimeException: UNAVAILABLE: io exception
2019-09-18 22:11:51,982 [grpc-default-executor-0] INFO  impl.FollowerInfo (FollowerInfo.java:lambda$new$0(51)) - 73306d30-93c7-4acf-8650-89e6f82bf9ae@group-0A96035EF064->83be8999-67ae-4928-8a06-df04737ded82: nextIndex: updateUnconditionally 0 -> 0
2019-09-18 22:11:51,986 [grpc-default-executor-3] INFO  impl.RaftServerImpl (ServerState.java:setLeader(253)) - 80fe7f66-a042-4fd5-86eb-7138643784f2@group-0A96035EF064: change Leader from null to 73306d30-93c7-4acf-8650-89e6f82bf9ae at term 1 for appendEntries, leader elected after 5258ms
2019-09-18 22:11:51,989 [grpc-default-executor-1] INFO  impl.RaftServerImpl (ServerState.java:setRaftConf(354)) - d117bc90-4994-4aca-be01-c9176126e9cd@group-D2CBDCBF8CEF: set configuration 0: [d117bc90-4994-4aca-be01-c9176126e9cd:192.168.34.27:41865, 379fa6c2-49a1-4408-8949-ca6be2717677:192.168.34.27:42824, 5419bd03-146b-4e1a-9251-4ae6710db1e4:192.168.34.27:45183], old=null at 0
2019-09-18 22:11:51,989 [grpc-default-executor-3] INFO  impl.RaftServerImpl (ServerState.java:setRaftConf(354)) - 80fe7f66-a042-4fd5-86eb-7138643784f2@group-0A96035EF064: set configuration 0: [73306d30-93c7-4acf-8650-89e6f82bf9ae:192.168.34.27:36503, 83be8999-67ae-4928-8a06-df04737ded82:192.168.34.27:43276, 80fe7f66-a042-4fd5-86eb-7138643784f2:192.168.34.27:35927], old=null at 0
2019-09-18 22:11:51,989 [grpc-default-executor-1] INFO  segmented.SegmentedRaftLogWorker (SegmentedRaftLogWorker.java:startLogSegment(380)) - d117bc90-4994-4aca-be01-c9176126e9cd@group-D2CBDCBF8CEF-SegmentedRaftLogWorker: Starting segment from index:0
2019-09-18 22:11:51,989 [grpc-default-executor-0] INFO  impl.RaftServerImpl (ServerState.java:setRaftConf(354)) - d9a450aa-fdeb-43cf-8175-7eb901493c18@group-D5896FCBD2A9: set configuration 0: [58e80564-5bec-4090-a95b-543e75482138:192.168.34.27:42903, fba6f591-d47b-4675-b90c-be27a1cfadaa:192.168.34.27:46622, d9a450aa-fdeb-43cf-8175-7eb901493c18:192.168.34.27:44719], old=null at 0
2019-09-18 22:11:51,989 [grpc-default-executor-4] INFO  impl.RaftServerImpl (ServerState.java:setRaftConf(354)) - 58e80564-5bec-4090-a95b-543e75482138@group-D5896FCBD2A9: set configuration 0: [58e80564-5bec-4090-a95b-543e75482138:192.168.34.27:42903, fba6f591-d47b-4675-b90c-be27a1cfadaa:192.168.34.27:46622, d9a450aa-fdeb-43cf-8175-7eb901493c18:192.168.34.27:44719], old=null at 0
2019-09-18 22:11:51,990 [grpc-default-executor-0] INFO  segmented.SegmentedRaftLogWorker (SegmentedRaftLogWorker.java:startLogSegment(380)) - d9a450aa-fdeb-43cf-8175-7eb901493c18@group-D5896FCBD2A9-SegmentedRaftLogWorker: Starting segment from index:0
2019-09-18 22:11:51,989 [grpc-default-executor-3] INFO  segmented.SegmentedRaftLogWorker (SegmentedRaftLogWorker.java:startLogSegment(380)) - 80fe7f66-a042-4fd5-86eb-7138643784f2@group-0A96035EF064-SegmentedRaftLogWorker: Starting segment from index:0
2019-09-18 22:11:51,990 [grpc-default-executor-4] INFO  segmented.SegmentedRaftLogWorker (SegmentedRaftLogWorker.java:startLogSegment(380)) - 58e80564-5bec-4090-a95b-543e75482138@group-D5896FCBD2A9-SegmentedRaftLogWorker: Starting segment from index:0
2019-09-18 22:11:51,995 [73306d30-93c7-4acf-8650-89e6f82bf9ae@group-0A96035EF064-SegmentedRaftLogWorker] INFO  segmented.SegmentedRaftLogWorker (SegmentedRaftLogWorker.java:execute(569)) - 73306d30-93c7-4acf-8650-89e6f82bf9ae@group-0A96035EF064-SegmentedRaftLogWorker: created new log segment /workdir/hadoop-ozone/integration-test/target/test-dir/MiniOzoneClusterImpl-098cb20a-5709-466d-aded-8aed09afee3e/datanode-6/data/ratis/7d6ef936-caaa-4c75-b8ee-0a96035ef064/current/log_inprogress_0
2019-09-18 22:11:52,044 [grpc-default-executor-0] WARN  server.GrpcLogAppender (LogUtils.java:warn(134)) - 73306d30-93c7-4acf-8650-89e6f82bf9ae@group-0A96035EF064->83be8999-67ae-4928-8a06-df04737ded82-AppendLogResponseHandler: Failed appendEntries: org.apache.ratis.thirdparty.io.grpc.StatusRuntimeException: UNAVAILABLE: io exception
2019-09-18 22:11:52,048 [grpc-default-executor-0] INFO  impl.FollowerInfo (FollowerInfo.java:lambda$new$0(51)) - 73306d30-93c7-4acf-8650-89e6f82bf9ae@group-0A96035EF064->83be8999-67ae-4928-8a06-df04737ded82: nextIndex: updateUnconditionally 1 -> 0
2019-09-18 22:11:52,054 [58e80564-5bec-4090-a95b-543e75482138@group-D5896FCBD2A9-SegmentedRaftLogWorker] INFO  segmented.SegmentedRaftLogWorker (SegmentedRaftLogWorker.java:execute(569)) - 58e80564-5bec-4090-a95b-543e75482138@group-D5896FCBD2A9-SegmentedRaftLogWorker: created new log segment /workdir/hadoop-ozone/integration-test/target/test-dir/MiniOzoneClusterImpl-098cb20a-5709-466d-aded-8aed09afee3e/datanode-9/data/ratis/8ff9e50d-f793-4b70-8bbe-d5896fcbd2a9/current/log_inprogress_0
2019-09-18 22:11:52,054 [80fe7f66-a042-4fd5-86eb-7138643784f2@group-0A96035EF064-SegmentedRaftLogWorker] INFO  segmented.SegmentedRaftLogWorker (SegmentedRaftLogWorker.java:execute(569)) - 80fe7f66-a042-4fd5-86eb-7138643784f2@group-0A96035EF064-SegmentedRaftLogWorker: created new log segment /workdir/hadoop-ozone/integration-test/target/test-dir/MiniOzoneClusterImpl-098cb20a-5709-466d-aded-8aed09afee3e/datanode-0/data/ratis/7d6ef936-caaa-4c75-b8ee-0a96035ef064/current/log_inprogress_0
2019-09-18 22:11:52,054 [d9a450aa-fdeb-43cf-8175-7eb901493c18@group-D5896FCBD2A9-SegmentedRaftLogWorker] INFO  segmented.SegmentedRaftLogWorker (SegmentedRaftLogWorker.java:execute(569)) - d9a450aa-fdeb-43cf-8175-7eb901493c18@group-D5896FCBD2A9-SegmentedRaftLogWorker: created new log segment /workdir/hadoop-ozone/integration-test/target/test-dir/MiniOzoneClusterImpl-098cb20a-5709-466d-aded-8aed09afee3e/datanode-8/data/ratis/8ff9e50d-f793-4b70-8bbe-d5896fcbd2a9/current/log_inprogress_0
2019-09-18 22:11:52,054 [d117bc90-4994-4aca-be01-c9176126e9cd@group-D2CBDCBF8CEF-SegmentedRaftLogWorker] INFO  segmented.SegmentedRaftLogWorker (SegmentedRaftLogWorker.java:execute(569)) - d117bc90-4994-4aca-be01-c9176126e9cd@group-D2CBDCBF8CEF-SegmentedRaftLogWorker: created new log segment /workdir/hadoop-ozone/integration-test/target/test-dir/MiniOzoneClusterImpl-098cb20a-5709-466d-aded-8aed09afee3e/datanode-4/data/ratis/b88b2c82-5308-415c-9f6f-d2cbdcbf8cef/current/log_inprogress_0
2019-09-18 22:11:52,378 [Datanode State Machine Thread - 0] INFO  statemachine.DatanodeStateMachine (DatanodeStateMachine.java:lambda$startDaemon$0(350)) - Ozone container server started.
2019-09-18 22:11:52,620 [Datanode State Machine Thread - 0] INFO  statemachine.DatanodeStateMachine (DatanodeStateMachine.java:lambda$startDaemon$0(350)) - Ozone container server started.
2019-09-18 22:11:54,411 [grpc-default-executor-3] WARN  server.GrpcLogAppender (LogUtils.java:warn(134)) - 379fa6c2-49a1-4408-8949-ca6be2717677@group-D2CBDCBF8CEF->5419bd03-146b-4e1a-9251-4ae6710db1e4-AppendLogResponseHandler: Failed appendEntries: org.apache.ratis.thirdparty.io.grpc.StatusRuntimeException: UNAVAILABLE: io exception
2019-09-18 22:11:54,414 [grpc-default-executor-3] INFO  impl.FollowerInfo (FollowerInfo.java:lambda$new$0(51)) - 379fa6c2-49a1-4408-8949-ca6be2717677@group-D2CBDCBF8CEF->5419bd03-146b-4e1a-9251-4ae6710db1e4: nextIndex: updateUnconditionally 0 -> 0
2019-09-18 22:11:54,515 [grpc-default-executor-0] WARN  server.GrpcLogAppender (LogUtils.java:warn(134)) - 73306d30-93c7-4acf-8650-89e6f82bf9ae@group-0A96035EF064->83be8999-67ae-4928-8a06-df04737ded82-AppendLogResponseHandler: Failed appendEntries: org.apache.ratis.thirdparty.io.grpc.StatusRuntimeException: UNAVAILABLE: io exception
2019-09-18 22:11:54,519 [grpc-default-executor-0] INFO  impl.FollowerInfo (FollowerInfo.java:lambda$new$0(51)) - 73306d30-93c7-4acf-8650-89e6f82bf9ae@group-0A96035EF064->83be8999-67ae-4928-8a06-df04737ded82: nextIndex: updateUnconditionally 0 -> 0
2019-09-18 22:11:56,720 [main] INFO  ozoneimpl.OzoneContainer (OzoneContainer.java:stop(231)) - Attempting to stop container services.
2019-09-18 22:11:56,720 [ForkJoinPool.commonPool-worker-1] INFO  ozoneimpl.OzoneContainer (OzoneContainer.java:stop(231)) - Attempting to stop container services.
2019-09-18 22:11:56,721 [main] INFO  impl.RaftServerProxy (RaftServerProxy.java:lambda$close$4(314)) - 73306d30-93c7-4acf-8650-89e6f82bf9ae: close
2019-09-18 22:11:56,721 [ForkJoinPool.commonPool-worker-1] INFO  impl.RaftServerProxy (RaftServerProxy.java:lambda$close$4(314)) - 379fa6c2-49a1-4408-8949-ca6be2717677: close
2019-09-18 22:11:56,721 [main] INFO  impl.RaftServerImpl (RaftServerImpl.java:lambda$shutdown$3(251)) - 73306d30-93c7-4acf-8650-89e6f82bf9ae@group-0A96035EF064: shutdown
2019-09-18 22:11:56,721 [ForkJoinPool.commonPool-worker-1] INFO  impl.RaftServerImpl (RaftServerImpl.java:lambda$shutdown$3(251)) - 379fa6c2-49a1-4408-8949-ca6be2717677@group-AEA00BE8CB6A: shutdown
2019-09-18 22:11:56,722 [main] INFO  util.JmxRegister (JmxRegister.java:unregister(73)) - Successfully un-registered JMX Bean with object name Ratis:service=RaftServer,group=group-0A96035EF064,id=73306d30-93c7-4acf-8650-89e6f82bf9ae
2019-09-18 22:11:56,722 [ForkJoinPool.commonPool-worker-1] INFO  util.JmxRegister (JmxRegister.java:unregister(73)) - Successfully un-registered JMX Bean with object name Ratis:service=RaftServer,group=group-AEA00BE8CB6A,id=379fa6c2-49a1-4408-8949-ca6be2717677
2019-09-18 22:11:56,722 [main] INFO  impl.RoleInfo (RoleInfo.java:shutdownLeaderState(104)) - 73306d30-93c7-4acf-8650-89e6f82bf9ae: shutdown LeaderState
2019-09-18 22:11:56,722 [ForkJoinPool.commonPool-worker-1] INFO  impl.RoleInfo (RoleInfo.java:shutdownLeaderState(104)) - 379fa6c2-49a1-4408-8949-ca6be2717677: shutdown LeaderState
2019-09-18 22:11:56,729 [org.apache.ratis.server.impl.LogAppender$AppenderDaemon$$Lambda$421/1015192551@3b1fbf6f] WARN  server.GrpcLogAppender (GrpcLogAppender.java:mayWait(143)) - 73306d30-93c7-4acf-8650-89e6f82bf9ae@group-0A96035EF064->80fe7f66-a042-4fd5-86eb-7138643784f2-GrpcLogAppender: Wait interrupted by java.lang.InterruptedException
2019-09-18 22:11:56,729 [org.apache.ratis.server.impl.LogAppender$AppenderDaemon$$Lambda$421/1015192551@4656108b] WARN  server.GrpcLogAppender (GrpcLogAppender.java:mayWait(143)) - 73306d30-93c7-4acf-8650-89e6f82bf9ae@group-0A96035EF064->83be8999-67ae-4928-8a06-df04737ded82-GrpcLogAppender: Wait interrupted by java.lang.InterruptedException
2019-09-18 22:11:56,729 [main] INFO  impl.PendingRequests (PendingRequests.java:sendNotLeaderResponses(202)) - 73306d30-93c7-4acf-8650-89e6f82bf9ae-PendingRequests: sendNotLeaderResponses
2019-09-18 22:11:56,729 [ForkJoinPool.commonPool-worker-1] INFO  impl.PendingRequests (PendingRequests.java:sendNotLeaderResponses(202)) - 379fa6c2-49a1-4408-8949-ca6be2717677-PendingRequests: sendNotLeaderResponses
2019-09-18 22:11:56,730 [main] INFO  impl.StateMachineUpdater (StateMachineUpdater.java:stopAndJoin(125)) - 73306d30-93c7-4acf-8650-89e6f82bf9ae@group-0A96035EF064-StateMachineUpdater: set stopIndex = 0
2019-09-18 22:11:56,733 [ForkJoinPool.commonPool-worker-1] INFO  impl.StateMachineUpdater (StateMachineUpdater.java:stopAndJoin(125)) - 379fa6c2-49a1-4408-8949-ca6be2717677@group-AEA00BE8CB6A-StateMachineUpdater: set stopIndex = 0
2019-09-18 22:11:56,736 [ForkJoinPool.commonPool-worker-1] INFO  impl.RaftServerImpl (ServerState.java:close(385)) - 379fa6c2-49a1-4408-8949-ca6be2717677@group-AEA00BE8CB6A: closes. applyIndex: 0
2019-09-18 22:11:56,735 [main] INFO  impl.RaftServerImpl (ServerState.java:close(385)) - 73306d30-93c7-4acf-8650-89e6f82bf9ae@group-0A96035EF064: closes. applyIndex: 0
2019-09-18 22:11:56,736 [379fa6c2-49a1-4408-8949-ca6be2717677@group-AEA00BE8CB6A-SegmentedRaftLogWorker] INFO  segmented.SegmentedRaftLogWorker (SegmentedRaftLogWorker.java:run(313)) - 379fa6c2-49a1-4408-8949-ca6be2717677@group-AEA00BE8CB6A-SegmentedRaftLogWorker was interrupted, exiting. There are 0 tasks remaining in the queue.
2019-09-18 22:11:56,737 [73306d30-93c7-4acf-8650-89e6f82bf9ae@group-0A96035EF064-SegmentedRaftLogWorker] INFO  segmented.SegmentedRaftLogWorker (SegmentedRaftLogWorker.java:run(313)) - 73306d30-93c7-4acf-8650-89e6f82bf9ae@group-0A96035EF064-SegmentedRaftLogWorker was interrupted, exiting. There are 0 tasks remaining in the queue.
2019-09-18 22:11:56,740 [ForkJoinPool.commonPool-worker-1] INFO  segmented.SegmentedRaftLogWorker (SegmentedRaftLogWorker.java:close(228)) - 379fa6c2-49a1-4408-8949-ca6be2717677@group-AEA00BE8CB6A-SegmentedRaftLogWorker close()
2019-09-18 22:11:56,743 [main] INFO  segmented.SegmentedRaftLogWorker (SegmentedRaftLogWorker.java:close(228)) - 73306d30-93c7-4acf-8650-89e6f82bf9ae@group-0A96035EF064-SegmentedRaftLogWorker close()
2019-09-18 22:11:56,748 [ForkJoinPool.commonPool-worker-1] INFO  impl.RaftServerImpl (RaftServerImpl.java:lambda$shutdown$3(251)) - 379fa6c2-49a1-4408-8949-ca6be2717677@group-D2CBDCBF8CEF: shutdown
2019-09-18 22:11:56,752 [main] INFO  impl.RaftServerImpl (RaftServerImpl.java:lambda$shutdown$3(251)) - 73306d30-93c7-4acf-8650-89e6f82bf9ae@group-822AB3AB9147: shutdown
2019-09-18 22:11:56,752 [ForkJoinPool.commonPool-worker-1] INFO  util.JmxRegister (JmxRegister.java:unregister(73)) - Successfully un-registered JMX Bean with object name Ratis:service=RaftServer,group=group-D2CBDCBF8CEF,id=379fa6c2-49a1-4408-8949-ca6be2717677
2019-09-18 22:11:56,753 [main] INFO  util.JmxRegister (JmxRegister.java:unregister(73)) - Successfully un-registered JMX Bean with object name Ratis:service=RaftServer,group=group-822AB3AB9147,id=73306d30-93c7-4acf-8650-89e6f82bf9ae
2019-09-18 22:11:56,753 [ForkJoinPool.commonPool-worker-1] INFO  impl.RoleInfo (RoleInfo.java:shutdownLeaderState(104)) - 379fa6c2-49a1-4408-8949-ca6be2717677: shutdown LeaderState
2019-09-18 22:11:56,754 [main] INFO  impl.RoleInfo (RoleInfo.java:shutdownLeaderState(104)) - 73306d30-93c7-4acf-8650-89e6f82bf9ae: shutdown LeaderState
2019-09-18 22:11:56,758 [org.apache.ratis.server.impl.LogAppender$AppenderDaemon$$Lambda$421/1015192551@59157bc6] WARN  server.GrpcLogAppender (GrpcLogAppender.java:mayWait(143)) - 379fa6c2-49a1-4408-8949-ca6be2717677@group-D2CBDCBF8CEF->d117bc90-4994-4aca-be01-c9176126e9cd-GrpcLogAppender: Wait interrupted by java.lang.InterruptedException
2019-09-18 22:11:56,758 [ForkJoinPool.commonPool-worker-1] INFO  impl.PendingRequests (PendingRequests.java:sendNotLeaderResponses(202)) - 379fa6c2-49a1-4408-8949-ca6be2717677-PendingRequests: sendNotLeaderResponses
2019-09-18 22:11:56,758 [org.apache.ratis.server.impl.LogAppender$AppenderDaemon$$Lambda$421/1015192551@12a71d51] WARN  server.GrpcLogAppender (GrpcLogAppender.java:mayWait(143)) - 379fa6c2-49a1-4408-8949-ca6be2717677@group-D2CBDCBF8CEF->5419bd03-146b-4e1a-9251-4ae6710db1e4-GrpcLogAppender: Wait interrupted by java.lang.InterruptedException
2019-09-18 22:11:56,759 [ForkJoinPool.commonPool-worker-1] INFO  impl.StateMachineUpdater (StateMachineUpdater.java:stopAndJoin(125)) - 379fa6c2-49a1-4408-8949-ca6be2717677@group-D2CBDCBF8CEF-StateMachineUpdater: set stopIndex = 0
2019-09-18 22:11:56,758 [main] INFO  impl.PendingRequests (PendingRequests.java:sendNotLeaderResponses(202)) - 73306d30-93c7-4acf-8650-89e6f82bf9ae-PendingRequests: sendNotLeaderResponses
2019-09-18 22:11:56,761 [grpc-default-executor-0] INFO  server.GrpcServerProtocolService (GrpcServerProtocolService.java:onCompleted(113)) - 80fe7f66-a042-4fd5-86eb-7138643784f2: Completed APPEND_ENTRIES, lastRequest: 73306d30-93c7-4acf-8650-89e6f82bf9ae->80fe7f66-a042-4fd5-86eb-7138643784f2#2-t1, previous=(t:1, i:0), leaderCommit=0, initializing? false, entries: <empty>
2019-09-18 22:11:56,761 [ForkJoinPool.commonPool-worker-1] INFO  impl.RaftServerImpl (ServerState.java:close(385)) - 379fa6c2-49a1-4408-8949-ca6be2717677@group-D2CBDCBF8CEF: closes. applyIndex: 0
2019-09-18 22:11:56,764 [main] INFO  impl.StateMachineUpdater (StateMachineUpdater.java:stopAndJoin(125)) - 73306d30-93c7-4acf-8650-89e6f82bf9ae@group-822AB3AB9147-StateMachineUpdater: set stopIndex = 0
2019-09-18 22:11:56,762 [grpc-default-executor-1] INFO  server.GrpcServerProtocolService (GrpcServerProtocolService.java:onCompleted(113)) - d117bc90-4994-4aca-be01-c9176126e9cd: Completed APPEND_ENTRIES, lastRequest: 379fa6c2-49a1-4408-8949-ca6be2717677->d117bc90-4994-4aca-be01-c9176126e9cd#2-t1, previous=(t:1, i:0), leaderCommit=0, initializing? false, entries: <empty>
2019-09-18 22:11:56,765 [main] INFO  impl.RaftServerImpl (ServerState.java:close(385)) - 73306d30-93c7-4acf-8650-89e6f82bf9ae@group-822AB3AB9147: closes. applyIndex: 0
2019-09-18 22:11:56,764 [379fa6c2-49a1-4408-8949-ca6be2717677@group-D2CBDCBF8CEF-SegmentedRaftLogWorker] INFO  segmented.SegmentedRaftLogWorker (SegmentedRaftLogWorker.java:run(313)) - 379fa6c2-49a1-4408-8949-ca6be2717677@group-D2CBDCBF8CEF-SegmentedRaftLogWorker was interrupted, exiting. There are 0 tasks remaining in the queue.
2019-09-18 22:11:56,767 [grpc-default-executor-1] INFO  server.GrpcLogAppender (GrpcLogAppender.java:onCompleted(293)) - 73306d30-93c7-4acf-8650-89e6f82bf9ae@group-0A96035EF064->80fe7f66-a042-4fd5-86eb-7138643784f2-AppendLogResponseHandler: follower responses appendEntries COMPLETED
2019-09-18 22:11:56,767 [73306d30-93c7-4acf-8650-89e6f82bf9ae@group-822AB3AB9147-SegmentedRaftLogWorker] INFO  segmented.SegmentedRaftLogWorker (SegmentedRaftLogWorker.java:run(313)) - 73306d30-93c7-4acf-8650-89e6f82bf9ae@group-822AB3AB9147-SegmentedRaftLogWorker was interrupted, exiting. There are 0 tasks remaining in the queue.
2019-09-18 22:11:56,769 [ForkJoinPool.commonPool-worker-1] INFO  segmented.SegmentedRaftLogWorker (SegmentedRaftLogWorker.java:close(228)) - 379fa6c2-49a1-4408-8949-ca6be2717677@group-D2CBDCBF8CEF-SegmentedRaftLogWorker close()
2019-09-18 22:11:56,767 [grpc-default-executor-0] INFO  server.GrpcLogAppender (GrpcLogAppender.java:onCompleted(293)) - 379fa6c2-49a1-4408-8949-ca6be2717677@group-D2CBDCBF8CEF->d117bc90-4994-4aca-be01-c9176126e9cd-AppendLogResponseHandler: follower responses appendEntries COMPLETED
2019-09-18 22:11:56,778 [ForkJoinPool.commonPool-worker-1] INFO  server.GrpcService (GrpcService.java:closeImpl(164)) - 379fa6c2-49a1-4408-8949-ca6be2717677: shutdown server with port 42824 now
2019-09-18 22:11:56,774 [main] INFO  segmented.SegmentedRaftLogWorker (SegmentedRaftLogWorker.java:close(228)) - 73306d30-93c7-4acf-8650-89e6f82bf9ae@group-822AB3AB9147-SegmentedRaftLogWorker close()
2019-09-18 22:11:56,782 [ForkJoinPool.commonPool-worker-1] INFO  server.GrpcService (GrpcService.java:closeImpl(172)) - 379fa6c2-49a1-4408-8949-ca6be2717677: shutdown server with port 42824 successfully
2019-09-18 22:11:56,782 [grpc-default-executor-1] INFO  impl.FollowerInfo (FollowerInfo.java:lambda$new$0(51)) - 73306d30-93c7-4acf-8650-89e6f82bf9ae@group-0A96035EF064->80fe7f66-a042-4fd5-86eb-7138643784f2: nextIndex: updateUnconditionally 1 -> 0
2019-09-18 22:11:56,782 [grpc-default-executor-0] INFO  impl.FollowerInfo (FollowerInfo.java:lambda$new$0(51)) - 379fa6c2-49a1-4408-8949-ca6be2717677@group-D2CBDCBF8CEF->d117bc90-4994-4aca-be01-c9176126e9cd: nextIndex: updateUnconditionally 1 -> 0
2019-09-18 22:11:56,787 [main] INFO  server.GrpcService (GrpcService.java:closeImpl(164)) - 73306d30-93c7-4acf-8650-89e6f82bf9ae: shutdown server with port 36503 now
2019-09-18 22:11:56,789 [main] INFO  server.GrpcService (GrpcService.java:closeImpl(172)) - 73306d30-93c7-4acf-8650-89e6f82bf9ae: shutdown server with port 36503 successfully
2019-09-18 22:11:56,789 [refreshUsed-/workdir/hadoop-ozone/integration-test/target/test-dir/MiniOzoneClusterImpl-098cb20a-5709-466d-aded-8aed09afee3e/datanode-3/data/containers] WARN  fs.CachingGetSpaceUsed (CachingGetSpaceUsed.java:run(183)) - Thread Interrupted waiting to refresh disk information: sleep interrupted
2019-09-18 22:11:56,817 [refreshUsed-/workdir/hadoop-ozone/integration-test/target/test-dir/MiniOzoneClusterImpl-098cb20a-5709-466d-aded-8aed09afee3e/datanode-6/data/containers] WARN  fs.CachingGetSpaceUsed (CachingGetSpaceUsed.java:run(183)) - Thread Interrupted waiting to refresh disk information: sleep interrupted
2019-09-18 22:11:56,828 [ForkJoinPool.commonPool-worker-1] INFO  utils.BackgroundService (BackgroundService.java:shutdown(148)) - Shutting down service BlockDeletingService
2019-09-18 22:11:56,834 [ForkJoinPool.commonPool-worker-1] INFO  statemachine.DatanodeStateMachine (DatanodeStateMachine.java:stopDaemon(395)) - Ozone container server stopped.
2019-09-18 22:11:56,839 [ForkJoinPool.commonPool-worker-1] INFO  handler.ContextHandler (ContextHandler.java:doStop(910)) - Stopped o.e.j.w.WebAppContext@4052c8c2{/,null,UNAVAILABLE}{/hddsDatanode}
2019-09-18 22:11:56,840 [ForkJoinPool.commonPool-worker-1] INFO  server.AbstractConnector (AbstractConnector.java:doStop(318)) - Stopped ServerConnector@181b8c4b{HTTP/1.1,[http/1.1]}{0.0.0.0:0}
2019-09-18 22:11:56,842 [ForkJoinPool.commonPool-worker-1] INFO  handler.ContextHandler (ContextHandler.java:doStop(910)) - Stopped o.e.j.s.ServletContextHandler@41eb94bc{/static,jar:file:/home/user/.m2/repository/org/apache/hadoop/hadoop-hdds-container-service/0.5.0-SNAPSHOT/hadoop-hdds-container-service-0.5.0-SNAPSHOT.jar!/webapps/static,UNAVAILABLE}
2019-09-18 22:11:56,844 [ForkJoinPool.commonPool-worker-1] INFO  handler.ContextHandler (ContextHandler.java:doStop(910)) - Stopped o.e.j.s.ServletContextHandler@27d33393{/logs,file:///workdir/hadoop-ozone/integration-test/target/log,UNAVAILABLE}
2019-09-18 22:11:56,847 [main] INFO  utils.BackgroundService (BackgroundService.java:shutdown(148)) - Shutting down service BlockDeletingService
2019-09-18 22:11:56,852 [main] INFO  statemachine.DatanodeStateMachine (DatanodeStateMachine.java:stopDaemon(395)) - Ozone container server stopped.
2019-09-18 22:11:56,853 [main] INFO  handler.ContextHandler (ContextHandler.java:doStop(910)) - Stopped o.e.j.w.WebAppContext@7a485a36{/,null,UNAVAILABLE}{/hddsDatanode}
2019-09-18 22:11:56,853 [main] INFO  server.AbstractConnector (AbstractConnector.java:doStop(318)) - Stopped ServerConnector@5cf3157b{HTTP/1.1,[http/1.1]}{0.0.0.0:0}
2019-09-18 22:11:56,854 [main] INFO  handler.ContextHandler (ContextHandler.java:doStop(910)) - Stopped o.e.j.s.ServletContextHandler@34780cd9{/static,jar:file:/home/user/.m2/repository/org/apache/hadoop/hadoop-hdds-container-service/0.5.0-SNAPSHOT/hadoop-hdds-container-service-0.5.0-SNAPSHOT.jar!/webapps/static,UNAVAILABLE}
2019-09-18 22:11:56,854 [main] INFO  handler.ContextHandler (ContextHandler.java:doStop(910)) - Stopped o.e.j.s.ServletContextHandler@72fd8a3c{/logs,file:///workdir/hadoop-ozone/integration-test/target/log,UNAVAILABLE}
2019-09-18 22:11:57,458 [Datanode State Machine Thread - 0] INFO  statemachine.DatanodeStateMachine (DatanodeStateMachine.java:lambda$startDaemon$0(350)) - Ozone container server started.
2019-09-18 22:11:57,790 [Datanode State Machine Thread - 0] INFO  statemachine.DatanodeStateMachine (DatanodeStateMachine.java:lambda$startDaemon$0(350)) - Ozone container server started.
2019-09-18 22:12:01,846 [ForkJoinPool.commonPool-worker-1] INFO  ozoneimpl.OzoneContainer (OzoneContainer.java:stop(231)) - Attempting to stop container services.
2019-09-18 22:12:01,848 [ForkJoinPool.commonPool-worker-1] INFO  impl.RaftServerProxy (RaftServerProxy.java:lambda$close$4(314)) - d117bc90-4994-4aca-be01-c9176126e9cd: close
2019-09-18 22:12:01,848 [ForkJoinPool.commonPool-worker-1] INFO  impl.RaftServerImpl (RaftServerImpl.java:lambda$shutdown$3(251)) - d117bc90-4994-4aca-be01-c9176126e9cd@group-D2CBDCBF8CEF: shutdown
2019-09-18 22:12:01,848 [ForkJoinPool.commonPool-worker-1] INFO  util.JmxRegister (JmxRegister.java:unregister(73)) - Successfully un-registered JMX Bean with object name Ratis:service=RaftServer,group=group-D2CBDCBF8CEF,id=d117bc90-4994-4aca-be01-c9176126e9cd
2019-09-18 22:12:01,849 [ForkJoinPool.commonPool-worker-1] INFO  impl.RoleInfo (RoleInfo.java:shutdownFollowerState(121)) - d117bc90-4994-4aca-be01-c9176126e9cd: shutdown FollowerState
2019-09-18 22:12:01,849 [ForkJoinPool.commonPool-worker-1] INFO  impl.StateMachineUpdater (StateMachineUpdater.java:stopAndJoin(125)) - d117bc90-4994-4aca-be01-c9176126e9cd@group-D2CBDCBF8CEF-StateMachineUpdater: set stopIndex = 0
2019-09-18 22:12:01,849 [Thread-366] INFO  impl.FollowerState (FollowerState.java:run(115)) - d117bc90-4994-4aca-be01-c9176126e9cd: FollowerState was interrupted: java.lang.InterruptedException: sleep interrupted
2019-09-18 22:12:01,861 [ForkJoinPool.commonPool-worker-1] INFO  impl.RaftServerImpl (ServerState.java:close(385)) - d117bc90-4994-4aca-be01-c9176126e9cd@group-D2CBDCBF8CEF: closes. applyIndex: 0
2019-09-18 22:12:01,861 [main] INFO  ozoneimpl.OzoneContainer (OzoneContainer.java:stop(231)) - Attempting to stop container services.
2019-09-18 22:12:01,862 [d117bc90-4994-4aca-be01-c9176126e9cd@group-D2CBDCBF8CEF-SegmentedRaftLogWorker] INFO  segmented.SegmentedRaftLogWorker (SegmentedRaftLogWorker.java:run(313)) - d117bc90-4994-4aca-be01-c9176126e9cd@group-D2CBDCBF8CEF-SegmentedRaftLogWorker was interrupted, exiting. There are 0 tasks remaining in the queue.
2019-09-18 22:12:01,862 [main] INFO  impl.RaftServerProxy (RaftServerProxy.java:lambda$close$4(314)) - d9a450aa-fdeb-43cf-8175-7eb901493c18: close
2019-09-18 22:12:01,864 [ForkJoinPool.commonPool-worker-1] INFO  segmented.SegmentedRaftLogWorker (SegmentedRaftLogWorker.java:close(228)) - d117bc90-4994-4aca-be01-c9176126e9cd@group-D2CBDCBF8CEF-SegmentedRaftLogWorker close()
2019-09-18 22:12:01,864 [main] INFO  impl.RaftServerImpl (RaftServerImpl.java:lambda$shutdown$3(251)) - d9a450aa-fdeb-43cf-8175-7eb901493c18@group-D5896FCBD2A9: shutdown
2019-09-18 22:12:01,868 [ForkJoinPool.commonPool-worker-1] INFO  impl.RaftServerImpl (RaftServerImpl.java:lambda$shutdown$3(251)) - d117bc90-4994-4aca-be01-c9176126e9cd@group-A02BD343AC61: shutdown
2019-09-18 22:12:01,868 [main] INFO  util.JmxRegister (JmxRegister.java:unregister(73)) - Successfully un-registered JMX Bean with object name Ratis:service=RaftServer,group=group-D5896FCBD2A9,id=d9a450aa-fdeb-43cf-8175-7eb901493c18
2019-09-18 22:12:01,868 [ForkJoinPool.commonPool-worker-1] INFO  util.JmxRegister (JmxRegister.java:unregister(73)) - Successfully un-registered JMX Bean with object name Ratis:service=RaftServer,group=group-A02BD343AC61,id=d117bc90-4994-4aca-be01-c9176126e9cd
2019-09-18 22:12:01,869 [main] INFO  impl.RoleInfo (RoleInfo.java:shutdownFollowerState(121)) - d9a450aa-fdeb-43cf-8175-7eb901493c18: shutdown FollowerState
2019-09-18 22:12:01,869 [ForkJoinPool.commonPool-worker-1] INFO  impl.RoleInfo (RoleInfo.java:shutdownLeaderState(104)) - d117bc90-4994-4aca-be01-c9176126e9cd: shutdown LeaderState
2019-09-18 22:12:01,870 [main] INFO  impl.StateMachineUpdater (StateMachineUpdater.java:stopAndJoin(125)) - d9a450aa-fdeb-43cf-8175-7eb901493c18@group-D5896FCBD2A9-StateMachineUpdater: set stopIndex = 0
2019-09-18 22:12:01,870 [Thread-380] INFO  impl.FollowerState (FollowerState.java:run(115)) - d9a450aa-fdeb-43cf-8175-7eb901493c18: FollowerState was interrupted: java.lang.InterruptedException: sleep interrupted
2019-09-18 22:12:01,872 [main] INFO  impl.RaftServerImpl (ServerState.java:close(385)) - d9a450aa-fdeb-43cf-8175-7eb901493c18@group-D5896FCBD2A9: closes. applyIndex: 0
2019-09-18 22:12:01,870 [ForkJoinPool.commonPool-worker-1] INFO  impl.PendingRequests (PendingRequests.java:sendNotLeaderResponses(202)) - d117bc90-4994-4aca-be01-c9176126e9cd-PendingRequests: sendNotLeaderResponses
2019-09-18 22:12:01,873 [d9a450aa-fdeb-43cf-8175-7eb901493c18@group-D5896FCBD2A9-SegmentedRaftLogWorker] INFO  segmented.SegmentedRaftLogWorker (SegmentedRaftLogWorker.java:run(313)) - d9a450aa-fdeb-43cf-8175-7eb901493c18@group-D5896FCBD2A9-SegmentedRaftLogWorker was interrupted, exiting. There are 0 tasks remaining in the queue.
2019-09-18 22:12:01,873 [ForkJoinPool.commonPool-worker-1] INFO  impl.StateMachineUpdater (StateMachineUpdater.java:stopAndJoin(125)) - d117bc90-4994-4aca-be01-c9176126e9cd@group-A02BD343AC61-StateMachineUpdater: set stopIndex = 0
2019-09-18 22:12:01,875 [main] INFO  segmented.SegmentedRaftLogWorker (SegmentedRaftLogWorker.java:close(228)) - d9a450aa-fdeb-43cf-8175-7eb901493c18@group-D5896FCBD2A9-SegmentedRaftLogWorker close()
2019-09-18 22:12:01,875 [ForkJoinPool.commonPool-worker-1] INFO  impl.RaftServerImpl (ServerState.java:close(385)) - d117bc90-4994-4aca-be01-c9176126e9cd@group-A02BD343AC61: closes. applyIndex: 0
2019-09-18 22:12:01,879 [main] INFO  impl.RaftServerImpl (RaftServerImpl.java:lambda$shutdown$3(251)) - d9a450aa-fdeb-43cf-8175-7eb901493c18@group-0120C160984D: shutdown
2019-09-18 22:12:01,879 [d117bc90-4994-4aca-be01-c9176126e9cd@group-A02BD343AC61-SegmentedRaftLogWorker] INFO  segmented.SegmentedRaftLogWorker (SegmentedRaftLogWorker.java:run(313)) - d117bc90-4994-4aca-be01-c9176126e9cd@group-A02BD343AC61-SegmentedRaftLogWorker was interrupted, exiting. There are 0 tasks remaining in the queue.
2019-09-18 22:12:01,879 [main] INFO  util.JmxRegister (JmxRegister.java:unregister(73)) - Successfully un-registered JMX Bean with object name Ratis:service=RaftServer,group=group-0120C160984D,id=d9a450aa-fdeb-43cf-8175-7eb901493c18
2019-09-18 22:12:01,881 [ForkJoinPool.commonPool-worker-1] INFO  segmented.SegmentedRaftLogWorker (SegmentedRaftLogWorker.java:close(228)) - d117bc90-4994-4aca-be01-c9176126e9cd@group-A02BD343AC61-SegmentedRaftLogWorker close()
2019-09-18 22:12:01,882 [main] INFO  impl.RoleInfo (RoleInfo.java:shutdownLeaderState(104)) - d9a450aa-fdeb-43cf-8175-7eb901493c18: shutdown LeaderState
2019-09-18 22:12:01,889 [ForkJoinPool.commonPool-worker-1] INFO  server.GrpcService (GrpcService.java:closeImpl(164)) - d117bc90-4994-4aca-be01-c9176126e9cd: shutdown server with port 41865 now
2019-09-18 22:12:01,889 [main] INFO  impl.PendingRequests (PendingRequests.java:sendNotLeaderResponses(202)) - d9a450aa-fdeb-43cf-8175-7eb901493c18-PendingRequests: sendNotLeaderResponses
2019-09-18 22:12:01,890 [main] INFO  impl.StateMachineUpdater (StateMachineUpdater.java:stopAndJoin(125)) - d9a450aa-fdeb-43cf-8175-7eb901493c18@group-0120C160984D-StateMachineUpdater: set stopIndex = 0
2019-09-18 22:12:01,890 [ForkJoinPool.commonPool-worker-1] INFO  server.GrpcService (GrpcService.java:closeImpl(172)) - d117bc90-4994-4aca-be01-c9176126e9cd: shutdown server with port 41865 successfully
2019-09-18 22:12:01,893 [main] INFO  impl.RaftServerImpl (ServerState.java:close(385)) - d9a450aa-fdeb-43cf-8175-7eb901493c18@group-0120C160984D: closes. applyIndex: 0
2019-09-18 22:12:01,894 [d9a450aa-fdeb-43cf-8175-7eb901493c18@group-0120C160984D-SegmentedRaftLogWorker] INFO  segmented.SegmentedRaftLogWorker (SegmentedRaftLogWorker.java:run(313)) - d9a450aa-fdeb-43cf-8175-7eb901493c18@group-0120C160984D-SegmentedRaftLogWorker was interrupted, exiting. There are 0 tasks remaining in the queue.
2019-09-18 22:12:01,894 [main] INFO  segmented.SegmentedRaftLogWorker (SegmentedRaftLogWorker.java:close(228)) - d9a450aa-fdeb-43cf-8175-7eb901493c18@group-0120C160984D-SegmentedRaftLogWorker close()
2019-09-18 22:12:01,897 [main] INFO  server.GrpcService (GrpcService.java:closeImpl(164)) - d9a450aa-fdeb-43cf-8175-7eb901493c18: shutdown server with port 44719 now
2019-09-18 22:12:01,907 [grpc-default-executor-0] WARN  server.GrpcServerProtocolService (LogUtils.java:warn(134)) - d9a450aa-fdeb-43cf-8175-7eb901493c18: installSnapshot onError, lastRequest: fba6f591-d47b-4675-b90c-be27a1cfadaa->d9a450aa-fdeb-43cf-8175-7eb901493c18#4-t1, previous=(t:1, i:0), leaderCommit=0, initializing? false, entries: <empty>: org.apache.ratis.thirdparty.io.grpc.StatusRuntimeException: CANCELLED: cancelled before receiving half close
2019-09-18 22:12:01,907 [main] INFO  server.GrpcService (GrpcService.java:closeImpl(172)) - d9a450aa-fdeb-43cf-8175-7eb901493c18: shutdown server with port 44719 successfully
2019-09-18 22:12:01,910 [grpc-default-executor-1] WARN  server.GrpcLogAppender (LogUtils.java:warn(134)) - fba6f591-d47b-4675-b90c-be27a1cfadaa@group-D5896FCBD2A9->d9a450aa-fdeb-43cf-8175-7eb901493c18-AppendLogResponseHandler: Failed appendEntries: org.apache.ratis.thirdparty.io.grpc.StatusRuntimeException: CANCELLED: HTTP/2 error code: CANCEL
Received Rst Stream
2019-09-18 22:12:01,918 [grpc-default-executor-1] INFO  impl.FollowerInfo (FollowerInfo.java:lambda$new$0(51)) - fba6f591-d47b-4675-b90c-be27a1cfadaa@group-D5896FCBD2A9->d9a450aa-fdeb-43cf-8175-7eb901493c18: nextIndex: updateUnconditionally 1 -> 0
2019-09-18 22:12:01,919 [refreshUsed-/workdir/hadoop-ozone/integration-test/target/test-dir/MiniOzoneClusterImpl-098cb20a-5709-466d-aded-8aed09afee3e/datanode-4/data/containers] WARN  fs.CachingGetSpaceUsed (CachingGetSpaceUsed.java:run(183)) - Thread Interrupted waiting to refresh disk information: sleep interrupted
2019-09-18 22:12:01,920 [refreshUsed-/workdir/hadoop-ozone/integration-test/target/test-dir/MiniOzoneClusterImpl-098cb20a-5709-466d-aded-8aed09afee3e/datanode-8/data/containers] WARN  fs.CachingGetSpaceUsed (CachingGetSpaceUsed.java:run(183)) - Thread Interrupted waiting to refresh disk information: sleep interrupted
2019-09-18 22:12:01,940 [main] INFO  utils.BackgroundService (BackgroundService.java:shutdown(148)) - Shutting down service BlockDeletingService
2019-09-18 22:12:01,940 [ForkJoinPool.commonPool-worker-1] INFO  utils.BackgroundService (BackgroundService.java:shutdown(148)) - Shutting down service BlockDeletingService
2019-09-18 22:12:01,947 [ForkJoinPool.commonPool-worker-1] INFO  statemachine.DatanodeStateMachine (DatanodeStateMachine.java:stopDaemon(395)) - Ozone container server stopped.
2019-09-18 22:12:01,948 [main] INFO  statemachine.DatanodeStateMachine (DatanodeStateMachine.java:stopDaemon(395)) - Ozone container server stopped.
2019-09-18 22:12:01,953 [ForkJoinPool.commonPool-worker-1] INFO  handler.ContextHandler (ContextHandler.java:doStop(910)) - Stopped o.e.j.w.WebAppContext@1d9bd4da{/,null,UNAVAILABLE}{/hddsDatanode}
2019-09-18 22:12:01,953 [main] INFO  handler.ContextHandler (ContextHandler.java:doStop(910)) - Stopped o.e.j.w.WebAppContext@70730db{/,null,UNAVAILABLE}{/hddsDatanode}
2019-09-18 22:12:01,954 [ForkJoinPool.commonPool-worker-1] INFO  server.AbstractConnector (AbstractConnector.java:doStop(318)) - Stopped ServerConnector@4c58255{HTTP/1.1,[http/1.1]}{0.0.0.0:0}
2019-09-18 22:12:01,954 [main] INFO  server.AbstractConnector (AbstractConnector.java:doStop(318)) - Stopped ServerConnector@5793b87{HTTP/1.1,[http/1.1]}{0.0.0.0:0}
2019-09-18 22:12:01,956 [ForkJoinPool.commonPool-worker-1] INFO  handler.ContextHandler (ContextHandler.java:doStop(910)) - Stopped o.e.j.s.ServletContextHandler@1dc3502b{/static,jar:file:/home/user/.m2/repository/org/apache/hadoop/hadoop-hdds-container-service/0.5.0-SNAPSHOT/hadoop-hdds-container-service-0.5.0-SNAPSHOT.jar!/webapps/static,UNAVAILABLE}
2019-09-18 22:12:01,956 [main] INFO  handler.ContextHandler (ContextHandler.java:doStop(910)) - Stopped o.e.j.s.ServletContextHandler@33425811{/static,jar:file:/home/user/.m2/repository/org/apache/hadoop/hadoop-hdds-container-service/0.5.0-SNAPSHOT/hadoop-hdds-container-service-0.5.0-SNAPSHOT.jar!/webapps/static,UNAVAILABLE}
2019-09-18 22:12:01,958 [ForkJoinPool.commonPool-worker-1] INFO  handler.ContextHandler (ContextHandler.java:doStop(910)) - Stopped o.e.j.s.ServletContextHandler@561b7d53{/logs,file:///workdir/hadoop-ozone/integration-test/target/log,UNAVAILABLE}
2019-09-18 22:12:01,958 [main] INFO  handler.ContextHandler (ContextHandler.java:doStop(910)) - Stopped o.e.j.s.ServletContextHandler@2bc426f0{/logs,file:///workdir/hadoop-ozone/integration-test/target/log,UNAVAILABLE}
2019-09-18 22:12:02,078 [Datanode State Machine Thread - 0] INFO  statemachine.DatanodeStateMachine (DatanodeStateMachine.java:lambda$startDaemon$0(350)) - Ozone container server started.
2019-09-18 22:12:02,100 [grpc-default-executor-3] WARN  server.GrpcLogAppender (LogUtils.java:warn(134)) - fba6f591-d47b-4675-b90c-be27a1cfadaa@group-D5896FCBD2A9->d9a450aa-fdeb-43cf-8175-7eb901493c18-AppendLogResponseHandler: Failed appendEntries: org.apache.ratis.thirdparty.io.grpc.StatusRuntimeException: UNAVAILABLE: io exception
2019-09-18 22:12:02,102 [grpc-default-executor-3] INFO  impl.FollowerInfo (FollowerInfo.java:lambda$new$0(51)) - fba6f591-d47b-4675-b90c-be27a1cfadaa@group-D5896FCBD2A9->d9a450aa-fdeb-43cf-8175-7eb901493c18: nextIndex: updateUnconditionally 0 -> 0
2019-09-18 22:12:02,150 [Thread-387] INFO  impl.FollowerState (FollowerState.java:run(106)) - 80fe7f66-a042-4fd5-86eb-7138643784f2:group-0A96035EF064 changes to CANDIDATE, lastRpcTime:7572, electionTimeout:5184ms
2019-09-18 22:12:02,150 [Thread-387] INFO  impl.RoleInfo (RoleInfo.java:shutdownFollowerState(121)) - 80fe7f66-a042-4fd5-86eb-7138643784f2: shutdown FollowerState
2019-09-18 22:12:02,151 [Thread-387] INFO  impl.RaftServerImpl (RaftServerImpl.java:setRole(174)) - 80fe7f66-a042-4fd5-86eb-7138643784f2@group-0A96035EF064: changes role from  FOLLOWER to CANDIDATE at term 1 for changeToCandidate
2019-09-18 22:12:02,151 [Thread-387] INFO  impl.RoleInfo (RoleInfo.java:updateAndGet(143)) - 80fe7f66-a042-4fd5-86eb-7138643784f2: start LeaderElection
2019-09-18 22:12:02,152 [80fe7f66-a042-4fd5-86eb-7138643784f2@group-0A96035EF064:LeaderElection15] INFO  impl.RaftServerImpl (ServerState.java:setLeader(253)) - 80fe7f66-a042-4fd5-86eb-7138643784f2@group-0A96035EF064: change Leader from 73306d30-93c7-4acf-8650-89e6f82bf9ae to null at term 1 for initElection
2019-09-18 22:12:02,179 [80fe7f66-a042-4fd5-86eb-7138643784f2@group-0A96035EF064:LeaderElection15] INFO  impl.LeaderElection (LeaderElection.java:askForVotes(182)) - 80fe7f66-a042-4fd5-86eb-7138643784f2@group-0A96035EF064:LeaderElection15: begin an election at term 2 for 0: [73306d30-93c7-4acf-8650-89e6f82bf9ae:192.168.34.27:36503, 83be8999-67ae-4928-8a06-df04737ded82:192.168.34.27:43276, 80fe7f66-a042-4fd5-86eb-7138643784f2:192.168.34.27:35927], old=null
2019-09-18 22:12:02,185 [80fe7f66-a042-4fd5-86eb-7138643784f2@group-0A96035EF064:LeaderElection15] INFO  impl.LeaderElection (LogUtils.java:infoOrTrace(149)) - 80fe7f66-a042-4fd5-86eb-7138643784f2@group-0A96035EF064:LeaderElection15 got exception when requesting votes: {}
java.util.concurrent.ExecutionException: org.apache.ratis.thirdparty.io.grpc.StatusRuntimeException: UNAVAILABLE: io exception
	at java.util.concurrent.FutureTask.report(FutureTask.java:122)
	at java.util.concurrent.FutureTask.get(FutureTask.java:192)
	at org.apache.ratis.server.impl.LeaderElection.waitForResults(LeaderElection.java:263)
	at org.apache.ratis.server.impl.LeaderElection.askForVotes(LeaderElection.java:201)
	at org.apache.ratis.server.impl.LeaderElection.run(LeaderElection.java:133)
	at java.lang.Thread.run(Thread.java:748)
Caused by: org.apache.ratis.thirdparty.io.grpc.StatusRuntimeException: UNAVAILABLE: io exception
	at org.apache.ratis.thirdparty.io.grpc.stub.ClientCalls.toStatusRuntimeException(ClientCalls.java:233)
	at org.apache.ratis.thirdparty.io.grpc.stub.ClientCalls.getUnchecked(ClientCalls.java:214)
	at org.apache.ratis.thirdparty.io.grpc.stub.ClientCalls.blockingUnaryCall(ClientCalls.java:139)
	at org.apache.ratis.proto.grpc.RaftServerProtocolServiceGrpc$RaftServerProtocolServiceBlockingStub.requestVote(RaftServerProtocolServiceGrpc.java:265)
	at org.apache.ratis.grpc.server.GrpcServerProtocolClient.requestVote(GrpcServerProtocolClient.java:90)
	at org.apache.ratis.grpc.server.GrpcService.requestVote(GrpcService.java:204)
	at org.apache.ratis.server.impl.LeaderElection.lambda$submitRequests$1(LeaderElection.java:238)
	at java.util.concurrent.FutureTask.run(FutureTask.java:266)
	at java.util.concurrent.Executors$RunnableAdapter.call(Executors.java:511)
	at java.util.concurrent.FutureTask.run(FutureTask.java:266)
	at java.util.concurrent.ThreadPoolExecutor.runWorker(ThreadPoolExecutor.java:1149)
	at java.util.concurrent.ThreadPoolExecutor$Worker.run(ThreadPoolExecutor.java:624)
	... 1 more
Caused by: org.apache.ratis.thirdparty.io.netty.channel.AbstractChannel$AnnotatedConnectException: Connection refused: /192.168.34.27:36503
	at sun.nio.ch.SocketChannelImpl.checkConnect(Native Method)
	at sun.nio.ch.SocketChannelImpl.finishConnect(SocketChannelImpl.java:717)
	at org.apache.ratis.thirdparty.io.netty.channel.socket.nio.NioSocketChannel.doFinishConnect(NioSocketChannel.java:327)
	at org.apache.ratis.thirdparty.io.netty.channel.nio.AbstractNioChannel$AbstractNioUnsafe.finishConnect(AbstractNioChannel.java:340)
	at org.apache.ratis.thirdparty.io.netty.channel.nio.NioEventLoop.processSelectedKey(NioEventLoop.java:632)
	at org.apache.ratis.thirdparty.io.netty.channel.nio.NioEventLoop.processSelectedKeysOptimized(NioEventLoop.java:579)
	at org.apache.ratis.thirdparty.io.netty.channel.nio.NioEventLoop.processSelectedKeys(NioEventLoop.java:496)
	at org.apache.ratis.thirdparty.io.netty.channel.nio.NioEventLoop.run(NioEventLoop.java:458)
	at org.apache.ratis.thirdparty.io.netty.util.concurrent.SingleThreadEventExecutor$5.run(SingleThreadEventExecutor.java:897)
	at org.apache.ratis.thirdparty.io.netty.util.concurrent.FastThreadLocalRunnable.run(FastThreadLocalRunnable.java:30)
	... 1 more
Caused by: java.net.ConnectException: Connection refused
	... 11 more
2019-09-18 22:12:02,187 [80fe7f66-a042-4fd5-86eb-7138643784f2@group-0A96035EF064:LeaderElection15] INFO  impl.LeaderElection (LogUtils.java:infoOrTrace(149)) - 80fe7f66-a042-4fd5-86eb-7138643784f2@group-0A96035EF064:LeaderElection15 got exception when requesting votes: {}
java.util.concurrent.ExecutionException: org.apache.ratis.thirdparty.io.grpc.StatusRuntimeException: UNAVAILABLE: io exception
	at java.util.concurrent.FutureTask.report(FutureTask.java:122)
	at java.util.concurrent.FutureTask.get(FutureTask.java:192)
	at org.apache.ratis.server.impl.LeaderElection.waitForResults(LeaderElection.java:263)
	at org.apache.ratis.server.impl.LeaderElection.askForVotes(LeaderElection.java:201)
	at org.apache.ratis.server.impl.LeaderElection.run(LeaderElection.java:133)
	at java.lang.Thread.run(Thread.java:748)
Caused by: org.apache.ratis.thirdparty.io.grpc.StatusRuntimeException: UNAVAILABLE: io exception
	at org.apache.ratis.thirdparty.io.grpc.stub.ClientCalls.toStatusRuntimeException(ClientCalls.java:233)
	at org.apache.ratis.thirdparty.io.grpc.stub.ClientCalls.getUnchecked(ClientCalls.java:214)
	at org.apache.ratis.thirdparty.io.grpc.stub.ClientCalls.blockingUnaryCall(ClientCalls.java:139)
	at org.apache.ratis.proto.grpc.RaftServerProtocolServiceGrpc$RaftServerProtocolServiceBlockingStub.requestVote(RaftServerProtocolServiceGrpc.java:265)
	at org.apache.ratis.grpc.server.GrpcServerProtocolClient.requestVote(GrpcServerProtocolClient.java:90)
	at org.apache.ratis.grpc.server.GrpcService.requestVote(GrpcService.java:204)
	at org.apache.ratis.server.impl.LeaderElection.lambda$submitRequests$1(LeaderElection.java:238)
	at java.util.concurrent.FutureTask.run(FutureTask.java:266)
	at java.util.concurrent.Executors$RunnableAdapter.call(Executors.java:511)
	at java.util.concurrent.FutureTask.run(FutureTask.java:266)
	at java.util.concurrent.ThreadPoolExecutor.runWorker(ThreadPoolExecutor.java:1149)
	at java.util.concurrent.ThreadPoolExecutor$Worker.run(ThreadPoolExecutor.java:624)
	... 1 more
Caused by: org.apache.ratis.thirdparty.io.netty.channel.AbstractChannel$AnnotatedConnectException: Connection refused: /192.168.34.27:43276
	at sun.nio.ch.SocketChannelImpl.checkConnect(Native Method)
	at sun.nio.ch.SocketChannelImpl.finishConnect(SocketChannelImpl.java:717)
	at org.apache.ratis.thirdparty.io.netty.channel.socket.nio.NioSocketChannel.doFinishConnect(NioSocketChannel.java:327)
	at org.apache.ratis.thirdparty.io.netty.channel.nio.AbstractNioChannel$AbstractNioUnsafe.finishConnect(AbstractNioChannel.java:340)
	at org.apache.ratis.thirdparty.io.netty.channel.nio.NioEventLoop.processSelectedKey(NioEventLoop.java:632)
	at org.apache.ratis.thirdparty.io.netty.channel.nio.NioEventLoop.processSelectedKeysOptimized(NioEventLoop.java:579)
	at org.apache.ratis.thirdparty.io.netty.channel.nio.NioEventLoop.processSelectedKeys(NioEventLoop.java:496)
	at org.apache.ratis.thirdparty.io.netty.channel.nio.NioEventLoop.run(NioEventLoop.java:458)
	at org.apache.ratis.thirdparty.io.netty.util.concurrent.SingleThreadEventExecutor$5.run(SingleThreadEventExecutor.java:897)
	at org.apache.ratis.thirdparty.io.netty.util.concurrent.FastThreadLocalRunnable.run(FastThreadLocalRunnable.java:30)
	... 1 more
Caused by: java.net.ConnectException: Connection refused
	... 11 more
2019-09-18 22:12:02,190 [80fe7f66-a042-4fd5-86eb-7138643784f2@group-0A96035EF064:LeaderElection15] INFO  impl.LeaderElection (LeaderElection.java:logAndReturn(56)) - 80fe7f66-a042-4fd5-86eb-7138643784f2@group-0A96035EF064:LeaderElection15: Election REJECTED; received 0 response(s) [] and 2 exception(s); 80fe7f66-a042-4fd5-86eb-7138643784f2@group-0A96035EF064:t2, leader=null, voted=80fe7f66-a042-4fd5-86eb-7138643784f2, raftlog=80fe7f66-a042-4fd5-86eb-7138643784f2@group-0A96035EF064-SegmentedRaftLog:OPENED:c0,f0,i0, conf=0: [73306d30-93c7-4acf-8650-89e6f82bf9ae:192.168.34.27:36503, 83be8999-67ae-4928-8a06-df04737ded82:192.168.34.27:43276, 80fe7f66-a042-4fd5-86eb-7138643784f2:192.168.34.27:35927], old=null
2019-09-18 22:12:02,190 [80fe7f66-a042-4fd5-86eb-7138643784f2@group-0A96035EF064:LeaderElection15] INFO  impl.LeaderElection (LogUtils.java:infoOrTrace(149)) -   Exception 0: {}
java.util.concurrent.ExecutionException: org.apache.ratis.thirdparty.io.grpc.StatusRuntimeException: UNAVAILABLE: io exception
	at java.util.concurrent.FutureTask.report(FutureTask.java:122)
	at java.util.concurrent.FutureTask.get(FutureTask.java:192)
	at org.apache.ratis.server.impl.LeaderElection.waitForResults(LeaderElection.java:263)
	at org.apache.ratis.server.impl.LeaderElection.askForVotes(LeaderElection.java:201)
	at org.apache.ratis.server.impl.LeaderElection.run(LeaderElection.java:133)
	at java.lang.Thread.run(Thread.java:748)
Caused by: org.apache.ratis.thirdparty.io.grpc.StatusRuntimeException: UNAVAILABLE: io exception
	at org.apache.ratis.thirdparty.io.grpc.stub.ClientCalls.toStatusRuntimeException(ClientCalls.java:233)
	at org.apache.ratis.thirdparty.io.grpc.stub.ClientCalls.getUnchecked(ClientCalls.java:214)
	at org.apache.ratis.thirdparty.io.grpc.stub.ClientCalls.blockingUnaryCall(ClientCalls.java:139)
	at org.apache.ratis.proto.grpc.RaftServerProtocolServiceGrpc$RaftServerProtocolServiceBlockingStub.requestVote(RaftServerProtocolServiceGrpc.java:265)
	at org.apache.ratis.grpc.server.GrpcServerProtocolClient.requestVote(GrpcServerProtocolClient.java:90)
	at org.apache.ratis.grpc.server.GrpcService.requestVote(GrpcService.java:204)
	at org.apache.ratis.server.impl.LeaderElection.lambda$submitRequests$1(LeaderElection.java:238)
	at java.util.concurrent.FutureTask.run(FutureTask.java:266)
	at java.util.concurrent.Executors$RunnableAdapter.call(Executors.java:511)
	at java.util.concurrent.FutureTask.run(FutureTask.java:266)
	at java.util.concurrent.ThreadPoolExecutor.runWorker(ThreadPoolExecutor.java:1149)
	at java.util.concurrent.ThreadPoolExecutor$Worker.run(ThreadPoolExecutor.java:624)
	... 1 more
Caused by: org.apache.ratis.thirdparty.io.netty.channel.AbstractChannel$AnnotatedConnectException: Connection refused: /192.168.34.27:36503
	at sun.nio.ch.SocketChannelImpl.checkConnect(Native Method)
	at sun.nio.ch.SocketChannelImpl.finishConnect(SocketChannelImpl.java:717)
	at org.apache.ratis.thirdparty.io.netty.channel.socket.nio.NioSocketChannel.doFinishConnect(NioSocketChannel.java:327)
	at org.apache.ratis.thirdparty.io.netty.channel.nio.AbstractNioChannel$AbstractNioUnsafe.finishConnect(AbstractNioChannel.java:340)
	at org.apache.ratis.thirdparty.io.netty.channel.nio.NioEventLoop.processSelectedKey(NioEventLoop.java:632)
	at org.apache.ratis.thirdparty.io.netty.channel.nio.NioEventLoop.processSelectedKeysOptimized(NioEventLoop.java:579)
	at org.apache.ratis.thirdparty.io.netty.channel.nio.NioEventLoop.processSelectedKeys(NioEventLoop.java:496)
	at org.apache.ratis.thirdparty.io.netty.channel.nio.NioEventLoop.run(NioEventLoop.java:458)
	at org.apache.ratis.thirdparty.io.netty.util.concurrent.SingleThreadEventExecutor$5.run(SingleThreadEventExecutor.java:897)
	at org.apache.ratis.thirdparty.io.netty.util.concurrent.FastThreadLocalRunnable.run(FastThreadLocalRunnable.java:30)
	... 1 more
Caused by: java.net.ConnectException: Connection refused
	... 11 more
2019-09-18 22:12:02,190 [80fe7f66-a042-4fd5-86eb-7138643784f2@group-0A96035EF064:LeaderElection15] INFO  impl.LeaderElection (LogUtils.java:infoOrTrace(149)) -   Exception 1: {}
java.util.concurrent.ExecutionException: org.apache.ratis.thirdparty.io.grpc.StatusRuntimeException: UNAVAILABLE: io exception
	at java.util.concurrent.FutureTask.report(FutureTask.java:122)
	at java.util.concurrent.FutureTask.get(FutureTask.java:192)
	at org.apache.ratis.server.impl.LeaderElection.waitForResults(LeaderElection.java:263)
	at org.apache.ratis.server.impl.LeaderElection.askForVotes(LeaderElection.java:201)
	at org.apache.ratis.server.impl.LeaderElection.run(LeaderElection.java:133)
	at java.lang.Thread.run(Thread.java:748)
Caused by: org.apache.ratis.thirdparty.io.grpc.StatusRuntimeException: UNAVAILABLE: io exception
	at org.apache.ratis.thirdparty.io.grpc.stub.ClientCalls.toStatusRuntimeException(ClientCalls.java:233)
	at org.apache.ratis.thirdparty.io.grpc.stub.ClientCalls.getUnchecked(ClientCalls.java:214)
	at org.apache.ratis.thirdparty.io.grpc.stub.ClientCalls.blockingUnaryCall(ClientCalls.java:139)
	at org.apache.ratis.proto.grpc.RaftServerProtocolServiceGrpc$RaftServerProtocolServiceBlockingStub.requestVote(RaftServerProtocolServiceGrpc.java:265)
	at org.apache.ratis.grpc.server.GrpcServerProtocolClient.requestVote(GrpcServerProtocolClient.java:90)
	at org.apache.ratis.grpc.server.GrpcService.requestVote(GrpcService.java:204)
	at org.apache.ratis.server.impl.LeaderElection.lambda$submitRequests$1(LeaderElection.java:238)
	at java.util.concurrent.FutureTask.run(FutureTask.java:266)
	at java.util.concurrent.Executors$RunnableAdapter.call(Executors.java:511)
	at java.util.concurrent.FutureTask.run(FutureTask.java:266)
	at java.util.concurrent.ThreadPoolExecutor.runWorker(ThreadPoolExecutor.java:1149)
	at java.util.concurrent.ThreadPoolExecutor$Worker.run(ThreadPoolExecutor.java:624)
	... 1 more
Caused by: org.apache.ratis.thirdparty.io.netty.channel.AbstractChannel$AnnotatedConnectException: Connection refused: /192.168.34.27:43276
	at sun.nio.ch.SocketChannelImpl.checkConnect(Native Method)
	at sun.nio.ch.SocketChannelImpl.finishConnect(SocketChannelImpl.java:717)
	at org.apache.ratis.thirdparty.io.netty.channel.socket.nio.NioSocketChannel.doFinishConnect(NioSocketChannel.java:327)
	at org.apache.ratis.thirdparty.io.netty.channel.nio.AbstractNioChannel$AbstractNioUnsafe.finishConnect(AbstractNioChannel.java:340)
	at org.apache.ratis.thirdparty.io.netty.channel.nio.NioEventLoop.processSelectedKey(NioEventLoop.java:632)
	at org.apache.ratis.thirdparty.io.netty.channel.nio.NioEventLoop.processSelectedKeysOptimized(NioEventLoop.java:579)
	at org.apache.ratis.thirdparty.io.netty.channel.nio.NioEventLoop.processSelectedKeys(NioEventLoop.java:496)
	at org.apache.ratis.thirdparty.io.netty.channel.nio.NioEventLoop.run(NioEventLoop.java:458)
	at org.apache.ratis.thirdparty.io.netty.util.concurrent.SingleThreadEventExecutor$5.run(SingleThreadEventExecutor.java:897)
	at org.apache.ratis.thirdparty.io.netty.util.concurrent.FastThreadLocalRunnable.run(FastThreadLocalRunnable.java:30)
	... 1 more
Caused by: java.net.ConnectException: Connection refused
	... 11 more
2019-09-18 22:12:02,191 [80fe7f66-a042-4fd5-86eb-7138643784f2@group-0A96035EF064:LeaderElection15] INFO  impl.RaftServerImpl (RaftServerImpl.java:setRole(174)) - 80fe7f66-a042-4fd5-86eb-7138643784f2@group-0A96035EF064: changes role from CANDIDATE to FOLLOWER at term 2 for DISCOVERED_A_NEW_TERM
2019-09-18 22:12:02,192 [80fe7f66-a042-4fd5-86eb-7138643784f2@group-0A96035EF064:LeaderElection15] INFO  impl.RoleInfo (RoleInfo.java:shutdownLeaderElection(134)) - 80fe7f66-a042-4fd5-86eb-7138643784f2: shutdown LeaderElection
2019-09-18 22:12:02,193 [80fe7f66-a042-4fd5-86eb-7138643784f2@group-0A96035EF064:LeaderElection15] INFO  impl.RoleInfo (RoleInfo.java:updateAndGet(143)) - 80fe7f66-a042-4fd5-86eb-7138643784f2: start FollowerState
2019-09-18 22:12:02,889 [Datanode State Machine Thread - 0] INFO  statemachine.DatanodeStateMachine (DatanodeStateMachine.java:lambda$startDaemon$0(350)) - Ozone container server started.
2019-09-18 22:12:04,604 [grpc-default-executor-1] WARN  server.GrpcLogAppender (LogUtils.java:warn(134)) - fba6f591-d47b-4675-b90c-be27a1cfadaa@group-D5896FCBD2A9->d9a450aa-fdeb-43cf-8175-7eb901493c18-AppendLogResponseHandler: Failed appendEntries: org.apache.ratis.thirdparty.io.grpc.StatusRuntimeException: UNAVAILABLE: io exception
2019-09-18 22:12:04,606 [grpc-default-executor-1] INFO  impl.FollowerInfo (FollowerInfo.java:lambda$new$0(51)) - fba6f591-d47b-4675-b90c-be27a1cfadaa@group-D5896FCBD2A9->d9a450aa-fdeb-43cf-8175-7eb901493c18: nextIndex: updateUnconditionally 0 -> 0
2019-09-18 22:12:06,961 [main] INFO  ozoneimpl.OzoneContainer (OzoneContainer.java:stop(231)) - Attempting to stop container services.
2019-09-18 22:12:06,961 [ForkJoinPool.commonPool-worker-1] INFO  ozoneimpl.OzoneContainer (OzoneContainer.java:stop(231)) - Attempting to stop container services.
2019-09-18 22:12:06,962 [main] INFO  impl.RaftServerProxy (RaftServerProxy.java:lambda$close$4(314)) - 58e80564-5bec-4090-a95b-543e75482138: close
2019-09-18 22:12:06,962 [ForkJoinPool.commonPool-worker-1] INFO  impl.RaftServerProxy (RaftServerProxy.java:lambda$close$4(314)) - 80fe7f66-a042-4fd5-86eb-7138643784f2: close
2019-09-18 22:12:06,962 [main] INFO  impl.RaftServerImpl (RaftServerImpl.java:lambda$shutdown$3(251)) - 58e80564-5bec-4090-a95b-543e75482138@group-1FD647EB7492: shutdown
2019-09-18 22:12:06,962 [ForkJoinPool.commonPool-worker-1] INFO  impl.RaftServerImpl (RaftServerImpl.java:lambda$shutdown$3(251)) - 80fe7f66-a042-4fd5-86eb-7138643784f2@group-7E24A763ADC6: shutdown
2019-09-18 22:12:06,963 [main] INFO  util.JmxRegister (JmxRegister.java:unregister(73)) - Successfully un-registered JMX Bean with object name Ratis:service=RaftServer,group=group-1FD647EB7492,id=58e80564-5bec-4090-a95b-543e75482138
2019-09-18 22:12:06,963 [ForkJoinPool.commonPool-worker-1] INFO  util.JmxRegister (JmxRegister.java:unregister(73)) - Successfully un-registered JMX Bean with object name Ratis:service=RaftServer,group=group-7E24A763ADC6,id=80fe7f66-a042-4fd5-86eb-7138643784f2
2019-09-18 22:12:06,963 [main] INFO  impl.RoleInfo (RoleInfo.java:shutdownLeaderState(104)) - 58e80564-5bec-4090-a95b-543e75482138: shutdown LeaderState
2019-09-18 22:12:06,963 [ForkJoinPool.commonPool-worker-1] INFO  impl.RoleInfo (RoleInfo.java:shutdownLeaderState(104)) - 80fe7f66-a042-4fd5-86eb-7138643784f2: shutdown LeaderState
2019-09-18 22:12:06,964 [main] INFO  impl.PendingRequests (PendingRequests.java:sendNotLeaderResponses(202)) - 58e80564-5bec-4090-a95b-543e75482138-PendingRequests: sendNotLeaderResponses
2019-09-18 22:12:06,964 [ForkJoinPool.commonPool-worker-1] INFO  impl.PendingRequests (PendingRequests.java:sendNotLeaderResponses(202)) - 80fe7f66-a042-4fd5-86eb-7138643784f2-PendingRequests: sendNotLeaderResponses
2019-09-18 22:12:06,964 [main] INFO  impl.StateMachineUpdater (StateMachineUpdater.java:stopAndJoin(125)) - 58e80564-5bec-4090-a95b-543e75482138@group-1FD647EB7492-StateMachineUpdater: set stopIndex = 0
2019-09-18 22:12:06,964 [ForkJoinPool.commonPool-worker-1] INFO  impl.StateMachineUpdater (StateMachineUpdater.java:stopAndJoin(125)) - 80fe7f66-a042-4fd5-86eb-7138643784f2@group-7E24A763ADC6-StateMachineUpdater: set stopIndex = 0
2019-09-18 22:12:06,965 [main] INFO  impl.RaftServerImpl (ServerState.java:close(385)) - 58e80564-5bec-4090-a95b-543e75482138@group-1FD647EB7492: closes. applyIndex: 0
2019-09-18 22:12:06,973 [ForkJoinPool.commonPool-worker-1] INFO  impl.RaftServerImpl (ServerState.java:close(385)) - 80fe7f66-a042-4fd5-86eb-7138643784f2@group-7E24A763ADC6: closes. applyIndex: 0
2019-09-18 22:12:06,974 [58e80564-5bec-4090-a95b-543e75482138@group-1FD647EB7492-SegmentedRaftLogWorker] INFO  segmented.SegmentedRaftLogWorker (SegmentedRaftLogWorker.java:run(313)) - 58e80564-5bec-4090-a95b-543e75482138@group-1FD647EB7492-SegmentedRaftLogWorker was interrupted, exiting. There are 0 tasks remaining in the queue.
2019-09-18 22:12:06,974 [80fe7f66-a042-4fd5-86eb-7138643784f2@group-7E24A763ADC6-SegmentedRaftLogWorker] INFO  segmented.SegmentedRaftLogWorker (SegmentedRaftLogWorker.java:run(313)) - 80fe7f66-a042-4fd5-86eb-7138643784f2@group-7E24A763ADC6-SegmentedRaftLogWorker was interrupted, exiting. There are 0 tasks remaining in the queue.
2019-09-18 22:12:06,974 [main] INFO  segmented.SegmentedRaftLogWorker (SegmentedRaftLogWorker.java:close(228)) - 58e80564-5bec-4090-a95b-543e75482138@group-1FD647EB7492-SegmentedRaftLogWorker close()
2019-09-18 22:12:06,974 [ForkJoinPool.commonPool-worker-1] INFO  segmented.SegmentedRaftLogWorker (SegmentedRaftLogWorker.java:close(228)) - 80fe7f66-a042-4fd5-86eb-7138643784f2@group-7E24A763ADC6-SegmentedRaftLogWorker close()
2019-09-18 22:12:06,976 [main] INFO  impl.RaftServerImpl (RaftServerImpl.java:lambda$shutdown$3(251)) - 58e80564-5bec-4090-a95b-543e75482138@group-D5896FCBD2A9: shutdown
2019-09-18 22:12:06,978 [ForkJoinPool.commonPool-worker-1] INFO  impl.RaftServerImpl (RaftServerImpl.java:lambda$shutdown$3(251)) - 80fe7f66-a042-4fd5-86eb-7138643784f2@group-0A96035EF064: shutdown
2019-09-18 22:12:06,978 [main] INFO  util.JmxRegister (JmxRegister.java:unregister(73)) - Successfully un-registered JMX Bean with object name Ratis:service=RaftServer,group=group-D5896FCBD2A9,id=58e80564-5bec-4090-a95b-543e75482138
2019-09-18 22:12:06,978 [ForkJoinPool.commonPool-worker-1] INFO  util.JmxRegister (JmxRegister.java:unregister(73)) - Successfully un-registered JMX Bean with object name Ratis:service=RaftServer,group=group-0A96035EF064,id=80fe7f66-a042-4fd5-86eb-7138643784f2
2019-09-18 22:12:06,979 [main] INFO  impl.RoleInfo (RoleInfo.java:shutdownFollowerState(121)) - 58e80564-5bec-4090-a95b-543e75482138: shutdown FollowerState
2019-09-18 22:12:06,979 [ForkJoinPool.commonPool-worker-1] INFO  impl.RoleInfo (RoleInfo.java:shutdownFollowerState(121)) - 80fe7f66-a042-4fd5-86eb-7138643784f2: shutdown FollowerState
2019-09-18 22:12:06,979 [main] INFO  impl.StateMachineUpdater (StateMachineUpdater.java:stopAndJoin(125)) - 58e80564-5bec-4090-a95b-543e75482138@group-D5896FCBD2A9-StateMachineUpdater: set stopIndex = 0
2019-09-18 22:12:06,980 [Thread-413] INFO  impl.FollowerState (FollowerState.java:run(115)) - 80fe7f66-a042-4fd5-86eb-7138643784f2: FollowerState was interrupted: java.lang.InterruptedException: sleep interrupted
2019-09-18 22:12:06,979 [ForkJoinPool.commonPool-worker-1] INFO  impl.StateMachineUpdater (StateMachineUpdater.java:stopAndJoin(125)) - 80fe7f66-a042-4fd5-86eb-7138643784f2@group-0A96035EF064-StateMachineUpdater: set stopIndex = 0
2019-09-18 22:12:06,979 [Thread-370] INFO  impl.FollowerState (FollowerState.java:run(115)) - 58e80564-5bec-4090-a95b-543e75482138: FollowerState was interrupted: java.lang.InterruptedException: sleep interrupted
2019-09-18 22:12:06,982 [ForkJoinPool.commonPool-worker-1] INFO  impl.RaftServerImpl (ServerState.java:close(385)) - 80fe7f66-a042-4fd5-86eb-7138643784f2@group-0A96035EF064: closes. applyIndex: 0
2019-09-18 22:12:06,980 [main] INFO  impl.RaftServerImpl (ServerState.java:close(385)) - 58e80564-5bec-4090-a95b-543e75482138@group-D5896FCBD2A9: closes. applyIndex: 0
2019-09-18 22:12:06,982 [80fe7f66-a042-4fd5-86eb-7138643784f2@group-0A96035EF064-SegmentedRaftLogWorker] INFO  segmented.SegmentedRaftLogWorker (SegmentedRaftLogWorker.java:run(313)) - 80fe7f66-a042-4fd5-86eb-7138643784f2@group-0A96035EF064-SegmentedRaftLogWorker was interrupted, exiting. There are 0 tasks remaining in the queue.
2019-09-18 22:12:06,983 [58e80564-5bec-4090-a95b-543e75482138@group-D5896FCBD2A9-SegmentedRaftLogWorker] INFO  segmented.SegmentedRaftLogWorker (SegmentedRaftLogWorker.java:run(313)) - 58e80564-5bec-4090-a95b-543e75482138@group-D5896FCBD2A9-SegmentedRaftLogWorker was interrupted, exiting. There are 0 tasks remaining in the queue.
2019-09-18 22:12:06,983 [ForkJoinPool.commonPool-worker-1] INFO  segmented.SegmentedRaftLogWorker (SegmentedRaftLogWorker.java:close(228)) - 80fe7f66-a042-4fd5-86eb-7138643784f2@group-0A96035EF064-SegmentedRaftLogWorker close()
2019-09-18 22:12:06,983 [main] INFO  segmented.SegmentedRaftLogWorker (SegmentedRaftLogWorker.java:close(228)) - 58e80564-5bec-4090-a95b-543e75482138@group-D5896FCBD2A9-SegmentedRaftLogWorker close()
2019-09-18 22:12:06,985 [ForkJoinPool.commonPool-worker-1] INFO  server.GrpcService (GrpcService.java:closeImpl(164)) - 80fe7f66-a042-4fd5-86eb-7138643784f2: shutdown server with port 35927 now
2019-09-18 22:12:06,987 [main] INFO  server.GrpcService (GrpcService.java:closeImpl(164)) - 58e80564-5bec-4090-a95b-543e75482138: shutdown server with port 42903 now
2019-09-18 22:12:06,991 [ForkJoinPool.commonPool-worker-1] INFO  server.GrpcService (GrpcService.java:closeImpl(172)) - 80fe7f66-a042-4fd5-86eb-7138643784f2: shutdown server with port 35927 successfully
2019-09-18 22:12:06,993 [grpc-default-executor-1] WARN  server.GrpcServerProtocolService (LogUtils.java:warn(134)) - 58e80564-5bec-4090-a95b-543e75482138: installSnapshot onError, lastRequest: fba6f591-d47b-4675-b90c-be27a1cfadaa->58e80564-5bec-4090-a95b-543e75482138#6-t1, previous=(t:1, i:0), leaderCommit=0, initializing? false, entries: <empty>: org.apache.ratis.thirdparty.io.grpc.StatusRuntimeException: CANCELLED: cancelled before receiving half close
2019-09-18 22:12:06,994 [main] INFO  server.GrpcService (GrpcService.java:closeImpl(172)) - 58e80564-5bec-4090-a95b-543e75482138: shutdown server with port 42903 successfully
2019-09-18 22:12:06,997 [grpc-default-executor-3] WARN  server.GrpcLogAppender (LogUtils.java:warn(134)) - fba6f591-d47b-4675-b90c-be27a1cfadaa@group-D5896FCBD2A9->58e80564-5bec-4090-a95b-543e75482138-AppendLogResponseHandler: Failed appendEntries: org.apache.ratis.thirdparty.io.grpc.StatusRuntimeException: CANCELLED: HTTP/2 error code: CANCEL
Received Rst Stream
2019-09-18 22:12:07,000 [grpc-default-executor-3] INFO  impl.FollowerInfo (FollowerInfo.java:lambda$new$0(51)) - fba6f591-d47b-4675-b90c-be27a1cfadaa@group-D5896FCBD2A9->58e80564-5bec-4090-a95b-543e75482138: nextIndex: updateUnconditionally 1 -> 0
2019-09-18 22:12:07,010 [refreshUsed-/workdir/hadoop-ozone/integration-test/target/test-dir/MiniOzoneClusterImpl-098cb20a-5709-466d-aded-8aed09afee3e/datanode-9/data/containers] WARN  fs.CachingGetSpaceUsed (CachingGetSpaceUsed.java:run(183)) - Thread Interrupted waiting to refresh disk information: sleep interrupted
2019-09-18 22:12:07,015 [refreshUsed-/workdir/hadoop-ozone/integration-test/target/test-dir/MiniOzoneClusterImpl-098cb20a-5709-466d-aded-8aed09afee3e/datanode-0/data/containers] WARN  fs.CachingGetSpaceUsed (CachingGetSpaceUsed.java:run(183)) - Thread Interrupted waiting to refresh disk information: sleep interrupted
2019-09-18 22:12:07,030 [main] INFO  utils.BackgroundService (BackgroundService.java:shutdown(148)) - Shutting down service BlockDeletingService
2019-09-18 22:12:07,033 [ForkJoinPool.commonPool-worker-1] INFO  utils.BackgroundService (BackgroundService.java:shutdown(148)) - Shutting down service BlockDeletingService
2019-09-18 22:12:07,035 [main] INFO  statemachine.DatanodeStateMachine (DatanodeStateMachine.java:stopDaemon(395)) - Ozone container server stopped.
2019-09-18 22:12:07,039 [ForkJoinPool.commonPool-worker-1] INFO  statemachine.DatanodeStateMachine (DatanodeStateMachine.java:stopDaemon(395)) - Ozone container server stopped.
2019-09-18 22:12:07,042 [main] INFO  handler.ContextHandler (ContextHandler.java:doStop(910)) - Stopped o.e.j.w.WebAppContext@3f736a16{/,null,UNAVAILABLE}{/hddsDatanode}
2019-09-18 22:12:07,043 [ForkJoinPool.commonPool-worker-1] INFO  handler.ContextHandler (ContextHandler.java:doStop(910)) - Stopped o.e.j.w.WebAppContext@3c5dbdf8{/,null,UNAVAILABLE}{/hddsDatanode}
2019-09-18 22:12:07,044 [main] INFO  server.AbstractConnector (AbstractConnector.java:doStop(318)) - Stopped ServerConnector@4601203a{HTTP/1.1,[http/1.1]}{0.0.0.0:0}
2019-09-18 22:12:07,044 [ForkJoinPool.commonPool-worker-1] INFO  server.AbstractConnector (AbstractConnector.java:doStop(318)) - Stopped ServerConnector@352c44a8{HTTP/1.1,[http/1.1]}{0.0.0.0:0}
2019-09-18 22:12:07,045 [main] INFO  handler.ContextHandler (ContextHandler.java:doStop(910)) - Stopped o.e.j.s.ServletContextHandler@4364712f{/static,jar:file:/home/user/.m2/repository/org/apache/hadoop/hadoop-hdds-container-service/0.5.0-SNAPSHOT/hadoop-hdds-container-service-0.5.0-SNAPSHOT.jar!/webapps/static,UNAVAILABLE}
2019-09-18 22:12:07,047 [main] INFO  handler.ContextHandler (ContextHandler.java:doStop(910)) - Stopped o.e.j.s.ServletContextHandler@53c6f96d{/logs,file:///workdir/hadoop-ozone/integration-test/target/log,UNAVAILABLE}
2019-09-18 22:12:07,048 [ForkJoinPool.commonPool-worker-1] INFO  handler.ContextHandler (ContextHandler.java:doStop(910)) - Stopped o.e.j.s.ServletContextHandler@433348bc{/static,jar:file:/home/user/.m2/repository/org/apache/hadoop/hadoop-hdds-container-service/0.5.0-SNAPSHOT/hadoop-hdds-container-service-0.5.0-SNAPSHOT.jar!/webapps/static,UNAVAILABLE}
2019-09-18 22:12:07,052 [ForkJoinPool.commonPool-worker-1] INFO  handler.ContextHandler (ContextHandler.java:doStop(910)) - Stopped o.e.j.s.ServletContextHandler@5fa23c{/logs,file:///workdir/hadoop-ozone/integration-test/target/log,UNAVAILABLE}
2019-09-18 22:12:07,106 [grpc-default-executor-0] WARN  server.GrpcLogAppender (LogUtils.java:warn(134)) - fba6f591-d47b-4675-b90c-be27a1cfadaa@group-D5896FCBD2A9->d9a450aa-fdeb-43cf-8175-7eb901493c18-AppendLogResponseHandler: Failed appendEntries: org.apache.ratis.thirdparty.io.grpc.StatusRuntimeException: UNAVAILABLE: io exception
2019-09-18 22:12:07,107 [grpc-default-executor-0] INFO  impl.FollowerInfo (FollowerInfo.java:lambda$new$0(51)) - fba6f591-d47b-4675-b90c-be27a1cfadaa@group-D5896FCBD2A9->d9a450aa-fdeb-43cf-8175-7eb901493c18: nextIndex: updateUnconditionally 0 -> 0
2019-09-18 22:12:07,114 [grpc-default-executor-1] WARN  server.GrpcLogAppender (LogUtils.java:warn(134)) - fba6f591-d47b-4675-b90c-be27a1cfadaa@group-D5896FCBD2A9->58e80564-5bec-4090-a95b-543e75482138-AppendLogResponseHandler: Failed appendEntries: org.apache.ratis.thirdparty.io.grpc.StatusRuntimeException: UNAVAILABLE: io exception
2019-09-18 22:12:07,116 [grpc-default-executor-1] INFO  impl.FollowerInfo (FollowerInfo.java:lambda$new$0(51)) - fba6f591-d47b-4675-b90c-be27a1cfadaa@group-D5896FCBD2A9->58e80564-5bec-4090-a95b-543e75482138: nextIndex: updateUnconditionally 0 -> 0
2019-09-18 22:12:07,193 [Datanode State Machine Thread - 0] INFO  statemachine.DatanodeStateMachine (DatanodeStateMachine.java:lambda$startDaemon$0(350)) - Ozone container server started.
2019-09-18 22:12:07,707 [Datanode State Machine Thread - 0] INFO  statemachine.DatanodeStateMachine (DatanodeStateMachine.java:lambda$startDaemon$0(350)) - Ozone container server started.
2019-09-18 22:12:09,610 [grpc-default-executor-1] WARN  server.GrpcLogAppender (LogUtils.java:warn(134)) - fba6f591-d47b-4675-b90c-be27a1cfadaa@group-D5896FCBD2A9->d9a450aa-fdeb-43cf-8175-7eb901493c18-AppendLogResponseHandler: Failed appendEntries: org.apache.ratis.thirdparty.io.grpc.StatusRuntimeException: UNAVAILABLE: io exception
2019-09-18 22:12:09,611 [grpc-default-executor-1] INFO  impl.FollowerInfo (FollowerInfo.java:lambda$new$0(51)) - fba6f591-d47b-4675-b90c-be27a1cfadaa@group-D5896FCBD2A9->d9a450aa-fdeb-43cf-8175-7eb901493c18: nextIndex: updateUnconditionally 0 -> 0
2019-09-18 22:12:09,620 [grpc-default-executor-3] WARN  server.GrpcLogAppender (LogUtils.java:warn(134)) - fba6f591-d47b-4675-b90c-be27a1cfadaa@group-D5896FCBD2A9->58e80564-5bec-4090-a95b-543e75482138-AppendLogResponseHandler: Failed appendEntries: org.apache.ratis.thirdparty.io.grpc.StatusRuntimeException: UNAVAILABLE: io exception
2019-09-18 22:12:09,624 [grpc-default-executor-3] INFO  impl.FollowerInfo (FollowerInfo.java:lambda$new$0(51)) - fba6f591-d47b-4675-b90c-be27a1cfadaa@group-D5896FCBD2A9->58e80564-5bec-4090-a95b-543e75482138: nextIndex: updateUnconditionally 0 -> 0
2019-09-18 22:12:12,049 [main] INFO  ozoneimpl.OzoneContainer (OzoneContainer.java:stop(231)) - Attempting to stop container services.
2019-09-18 22:12:12,049 [main] INFO  impl.RaftServerProxy (RaftServerProxy.java:lambda$close$4(314)) - 66f56808-2197-40bb-9c50-2cf417eef624: close
2019-09-18 22:12:12,050 [main] INFO  impl.RaftServerImpl (RaftServerImpl.java:lambda$shutdown$3(251)) - 66f56808-2197-40bb-9c50-2cf417eef624@group-6A722EB1CF07: shutdown
2019-09-18 22:12:12,050 [main] INFO  util.JmxRegister (JmxRegister.java:unregister(73)) - Successfully un-registered JMX Bean with object name Ratis:service=RaftServer,group=group-6A722EB1CF07,id=66f56808-2197-40bb-9c50-2cf417eef624
2019-09-18 22:12:12,050 [main] INFO  impl.RoleInfo (RoleInfo.java:shutdownLeaderState(104)) - 66f56808-2197-40bb-9c50-2cf417eef624: shutdown LeaderState
2019-09-18 22:12:12,050 [main] INFO  impl.PendingRequests (PendingRequests.java:sendNotLeaderResponses(202)) - 66f56808-2197-40bb-9c50-2cf417eef624-PendingRequests: sendNotLeaderResponses
2019-09-18 22:12:12,051 [main] INFO  impl.StateMachineUpdater (StateMachineUpdater.java:stopAndJoin(125)) - 66f56808-2197-40bb-9c50-2cf417eef624@group-6A722EB1CF07-StateMachineUpdater: set stopIndex = 0
2019-09-18 22:12:12,051 [main] INFO  impl.RaftServerImpl (ServerState.java:close(385)) - 66f56808-2197-40bb-9c50-2cf417eef624@group-6A722EB1CF07: closes. applyIndex: 0
2019-09-18 22:12:12,052 [66f56808-2197-40bb-9c50-2cf417eef624@group-6A722EB1CF07-SegmentedRaftLogWorker] INFO  segmented.SegmentedRaftLogWorker (SegmentedRaftLogWorker.java:run(313)) - 66f56808-2197-40bb-9c50-2cf417eef624@group-6A722EB1CF07-SegmentedRaftLogWorker was interrupted, exiting. There are 0 tasks remaining in the queue.
2019-09-18 22:12:12,052 [main] INFO  segmented.SegmentedRaftLogWorker (SegmentedRaftLogWorker.java:close(228)) - 66f56808-2197-40bb-9c50-2cf417eef624@group-6A722EB1CF07-SegmentedRaftLogWorker close()
2019-09-18 22:12:12,054 [main] INFO  server.GrpcService (GrpcService.java:closeImpl(164)) - 66f56808-2197-40bb-9c50-2cf417eef624: shutdown server with port 33335 now
2019-09-18 22:12:12,056 [main] INFO  server.GrpcService (GrpcService.java:closeImpl(172)) - 66f56808-2197-40bb-9c50-2cf417eef624: shutdown server with port 33335 successfully
2019-09-18 22:12:12,056 [ForkJoinPool.commonPool-worker-1] INFO  ozoneimpl.OzoneContainer (OzoneContainer.java:stop(231)) - Attempting to stop container services.
2019-09-18 22:12:12,057 [ForkJoinPool.commonPool-worker-1] INFO  impl.RaftServerProxy (RaftServerProxy.java:lambda$close$4(314)) - fba6f591-d47b-4675-b90c-be27a1cfadaa: close
2019-09-18 22:12:12,057 [ForkJoinPool.commonPool-worker-1] INFO  impl.RaftServerImpl (RaftServerImpl.java:lambda$shutdown$3(251)) - fba6f591-d47b-4675-b90c-be27a1cfadaa@group-7CA2337CD4E1: shutdown
2019-09-18 22:12:12,058 [ForkJoinPool.commonPool-worker-1] INFO  util.JmxRegister (JmxRegister.java:unregister(73)) - Successfully un-registered JMX Bean with object name Ratis:service=RaftServer,group=group-7CA2337CD4E1,id=fba6f591-d47b-4675-b90c-be27a1cfadaa
2019-09-18 22:12:12,058 [ForkJoinPool.commonPool-worker-1] INFO  impl.RoleInfo (RoleInfo.java:shutdownLeaderState(104)) - fba6f591-d47b-4675-b90c-be27a1cfadaa: shutdown LeaderState
2019-09-18 22:12:12,058 [ForkJoinPool.commonPool-worker-1] INFO  impl.PendingRequests (PendingRequests.java:sendNotLeaderResponses(202)) - fba6f591-d47b-4675-b90c-be27a1cfadaa-PendingRequests: sendNotLeaderResponses
2019-09-18 22:12:12,059 [ForkJoinPool.commonPool-worker-1] INFO  impl.StateMachineUpdater (StateMachineUpdater.java:stopAndJoin(125)) - fba6f591-d47b-4675-b90c-be27a1cfadaa@group-7CA2337CD4E1-StateMachineUpdater: set stopIndex = 0
2019-09-18 22:12:12,060 [ForkJoinPool.commonPool-worker-1] INFO  impl.RaftServerImpl (ServerState.java:close(385)) - fba6f591-d47b-4675-b90c-be27a1cfadaa@group-7CA2337CD4E1: closes. applyIndex: 0
2019-09-18 22:12:12,061 [fba6f591-d47b-4675-b90c-be27a1cfadaa@group-7CA2337CD4E1-SegmentedRaftLogWorker] INFO  segmented.SegmentedRaftLogWorker (SegmentedRaftLogWorker.java:run(313)) - fba6f591-d47b-4675-b90c-be27a1cfadaa@group-7CA2337CD4E1-SegmentedRaftLogWorker was interrupted, exiting. There are 0 tasks remaining in the queue.
2019-09-18 22:12:12,061 [refreshUsed-/workdir/hadoop-ozone/integration-test/target/test-dir/MiniOzoneClusterImpl-098cb20a-5709-466d-aded-8aed09afee3e/datanode-7/data/containers] WARN  fs.CachingGetSpaceUsed (CachingGetSpaceUsed.java:run(183)) - Thread Interrupted waiting to refresh disk information: sleep interrupted
2019-09-18 22:12:12,062 [ForkJoinPool.commonPool-worker-1] INFO  segmented.SegmentedRaftLogWorker (SegmentedRaftLogWorker.java:close(228)) - fba6f591-d47b-4675-b90c-be27a1cfadaa@group-7CA2337CD4E1-SegmentedRaftLogWorker close()
2019-09-18 22:12:12,065 [ForkJoinPool.commonPool-worker-1] INFO  impl.RaftServerImpl (RaftServerImpl.java:lambda$shutdown$3(251)) - fba6f591-d47b-4675-b90c-be27a1cfadaa@group-D5896FCBD2A9: shutdown
2019-09-18 22:12:12,066 [ForkJoinPool.commonPool-worker-1] INFO  util.JmxRegister (JmxRegister.java:unregister(73)) - Successfully un-registered JMX Bean with object name Ratis:service=RaftServer,group=group-D5896FCBD2A9,id=fba6f591-d47b-4675-b90c-be27a1cfadaa
2019-09-18 22:12:12,067 [ForkJoinPool.commonPool-worker-1] INFO  impl.RoleInfo (RoleInfo.java:shutdownLeaderState(104)) - fba6f591-d47b-4675-b90c-be27a1cfadaa: shutdown LeaderState
2019-09-18 22:12:12,069 [ForkJoinPool.commonPool-worker-1] INFO  impl.PendingRequests (PendingRequests.java:sendNotLeaderResponses(202)) - fba6f591-d47b-4675-b90c-be27a1cfadaa-PendingRequests: sendNotLeaderResponses
2019-09-18 22:12:12,069 [org.apache.ratis.server.impl.LogAppender$AppenderDaemon$$Lambda$421/1015192551@2b319b80] WARN  server.GrpcLogAppender (GrpcLogAppender.java:mayWait(143)) - fba6f591-d47b-4675-b90c-be27a1cfadaa@group-D5896FCBD2A9->d9a450aa-fdeb-43cf-8175-7eb901493c18-GrpcLogAppender: Wait interrupted by java.lang.InterruptedException
2019-09-18 22:12:12,069 [org.apache.ratis.server.impl.LogAppender$AppenderDaemon$$Lambda$421/1015192551@25661a9] WARN  server.GrpcLogAppender (GrpcLogAppender.java:mayWait(143)) - fba6f591-d47b-4675-b90c-be27a1cfadaa@group-D5896FCBD2A9->58e80564-5bec-4090-a95b-543e75482138-GrpcLogAppender: Wait interrupted by java.lang.InterruptedException
2019-09-18 22:12:12,069 [ForkJoinPool.commonPool-worker-1] INFO  impl.StateMachineUpdater (StateMachineUpdater.java:stopAndJoin(125)) - fba6f591-d47b-4675-b90c-be27a1cfadaa@group-D5896FCBD2A9-StateMachineUpdater: set stopIndex = 0
2019-09-18 22:12:12,070 [ForkJoinPool.commonPool-worker-1] INFO  impl.RaftServerImpl (ServerState.java:close(385)) - fba6f591-d47b-4675-b90c-be27a1cfadaa@group-D5896FCBD2A9: closes. applyIndex: 0
2019-09-18 22:12:12,071 [fba6f591-d47b-4675-b90c-be27a1cfadaa@group-D5896FCBD2A9-SegmentedRaftLogWorker] INFO  segmented.SegmentedRaftLogWorker (SegmentedRaftLogWorker.java:run(313)) - fba6f591-d47b-4675-b90c-be27a1cfadaa@group-D5896FCBD2A9-SegmentedRaftLogWorker was interrupted, exiting. There are 0 tasks remaining in the queue.
2019-09-18 22:12:12,071 [ForkJoinPool.commonPool-worker-1] INFO  segmented.SegmentedRaftLogWorker (SegmentedRaftLogWorker.java:close(228)) - fba6f591-d47b-4675-b90c-be27a1cfadaa@group-D5896FCBD2A9-SegmentedRaftLogWorker close()
2019-09-18 22:12:12,072 [ForkJoinPool.commonPool-worker-1] INFO  server.GrpcService (GrpcService.java:closeImpl(164)) - fba6f591-d47b-4675-b90c-be27a1cfadaa: shutdown server with port 46622 now
2019-09-18 22:12:12,072 [ForkJoinPool.commonPool-worker-1] INFO  server.GrpcService (GrpcService.java:closeImpl(172)) - fba6f591-d47b-4675-b90c-be27a1cfadaa: shutdown server with port 46622 successfully
2019-09-18 22:12:12,084 [refreshUsed-/workdir/hadoop-ozone/integration-test/target/test-dir/MiniOzoneClusterImpl-098cb20a-5709-466d-aded-8aed09afee3e/datanode-1/data/containers] WARN  fs.CachingGetSpaceUsed (CachingGetSpaceUsed.java:run(183)) - Thread Interrupted waiting to refresh disk information: sleep interrupted
2019-09-18 22:12:12,088 [main] INFO  utils.BackgroundService (BackgroundService.java:shutdown(148)) - Shutting down service BlockDeletingService
2019-09-18 22:12:12,091 [main] INFO  statemachine.DatanodeStateMachine (DatanodeStateMachine.java:stopDaemon(395)) - Ozone container server stopped.
2019-09-18 22:12:12,092 [main] INFO  handler.ContextHandler (ContextHandler.java:doStop(910)) - Stopped o.e.j.w.WebAppContext@459f703f{/,null,UNAVAILABLE}{/hddsDatanode}
2019-09-18 22:12:12,093 [main] INFO  server.AbstractConnector (AbstractConnector.java:doStop(318)) - Stopped ServerConnector@188ac8a3{HTTP/1.1,[http/1.1]}{0.0.0.0:0}
2019-09-18 22:12:12,093 [main] INFO  handler.ContextHandler (ContextHandler.java:doStop(910)) - Stopped o.e.j.s.ServletContextHandler@2eeb0f9b{/static,jar:file:/home/user/.m2/repository/org/apache/hadoop/hadoop-hdds-container-service/0.5.0-SNAPSHOT/hadoop-hdds-container-service-0.5.0-SNAPSHOT.jar!/webapps/static,UNAVAILABLE}
2019-09-18 22:12:12,094 [main] INFO  handler.ContextHandler (ContextHandler.java:doStop(910)) - Stopped o.e.j.s.ServletContextHandler@2d64160c{/logs,file:///workdir/hadoop-ozone/integration-test/target/log,UNAVAILABLE}
2019-09-18 22:12:12,104 [ForkJoinPool.commonPool-worker-1] INFO  utils.BackgroundService (BackgroundService.java:shutdown(148)) - Shutting down service BlockDeletingService
2019-09-18 22:12:12,107 [ForkJoinPool.commonPool-worker-1] INFO  statemachine.DatanodeStateMachine (DatanodeStateMachine.java:stopDaemon(395)) - Ozone container server stopped.
2019-09-18 22:12:12,111 [ForkJoinPool.commonPool-worker-1] INFO  handler.ContextHandler (ContextHandler.java:doStop(910)) - Stopped o.e.j.w.WebAppContext@a451491{/,null,UNAVAILABLE}{/hddsDatanode}
2019-09-18 22:12:12,111 [ForkJoinPool.commonPool-worker-1] INFO  server.AbstractConnector (AbstractConnector.java:doStop(318)) - Stopped ServerConnector@1422ac7f{HTTP/1.1,[http/1.1]}{0.0.0.0:0}
2019-09-18 22:12:12,113 [ForkJoinPool.commonPool-worker-1] INFO  handler.ContextHandler (ContextHandler.java:doStop(910)) - Stopped o.e.j.s.ServletContextHandler@77774571{/static,jar:file:/home/user/.m2/repository/org/apache/hadoop/hadoop-hdds-container-service/0.5.0-SNAPSHOT/hadoop-hdds-container-service-0.5.0-SNAPSHOT.jar!/webapps/static,UNAVAILABLE}
2019-09-18 22:12:12,114 [ForkJoinPool.commonPool-worker-1] INFO  handler.ContextHandler (ContextHandler.java:doStop(910)) - Stopped o.e.j.s.ServletContextHandler@1e7ab390{/logs,file:///workdir/hadoop-ozone/integration-test/target/log,UNAVAILABLE}
2019-09-18 22:12:12,115 [main] INFO  ozone.MiniOzoneClusterImpl (MiniOzoneClusterImpl.java:stop(344)) - Stopping the StorageContainerManager
2019-09-18 22:12:12,116 [main] INFO  server.StorageContainerManager (StorageContainerManager.java:stop(801)) - Stopping Replication Manager Service.
2019-09-18 22:12:12,116 [main] INFO  container.ReplicationManager (ReplicationManager.java:stop(203)) - Stopping Replication Monitor Thread.
2019-09-18 22:12:12,116 [main] INFO  server.StorageContainerManager (StorageContainerManager.java:stop(808)) - Stopping Lease Manager of the command watchers
2019-09-18 22:12:12,116 [main] INFO  server.StorageContainerManager (StorageContainerManager.java:stop(815)) - Stopping datanode service RPC server
2019-09-18 22:12:12,116 [main] INFO  server.SCMDatanodeProtocolServer (SCMDatanodeProtocolServer.java:stop(367)) - Stopping the RPC server for DataNodes
2019-09-18 22:12:12,116 [main] INFO  ipc.Server (Server.java:stop(3082)) - Stopping server on 37775
2019-09-18 22:12:12,119 [IPC Server listener on 37775] INFO  ipc.Server (Server.java:run(1185)) - Stopping IPC Server listener on 37775
2019-09-18 22:12:12,119 [IPC Server Responder] INFO  ipc.Server (Server.java:run(1319)) - Stopping IPC Server Responder
2019-09-18 22:12:12,187 [SCM Heartbeat Processing Thread - 0] WARN  node.NodeStateManager (NodeStateManager.java:scheduleNextHealthCheck(646)) - Current Thread is interrupted, shutting down HB processing thread for Node Manager.
2019-09-18 22:12:12,188 [main] INFO  server.StorageContainerManager (StorageContainerManager.java:stop(823)) - Stopping block service RPC server
2019-09-18 22:12:12,188 [main] INFO  server.SCMBlockProtocolServer (SCMBlockProtocolServer.java:stop(155)) - Stopping the RPC server for Block Protocol
2019-09-18 22:12:12,188 [main] INFO  ipc.Server (Server.java:stop(3082)) - Stopping server on 37551
2019-09-18 22:12:12,191 [IPC Server listener on 37551] INFO  ipc.Server (Server.java:run(1185)) - Stopping IPC Server listener on 37551
2019-09-18 22:12:12,191 [main] INFO  server.StorageContainerManager (StorageContainerManager.java:stop(830)) - Stopping the StorageContainerLocationProtocol RPC server
2019-09-18 22:12:12,191 [IPC Server Responder] INFO  ipc.Server (Server.java:run(1319)) - Stopping IPC Server Responder
2019-09-18 22:12:12,191 [main] INFO  server.SCMClientProtocolServer (SCMClientProtocolServer.java:stop(159)) - Stopping the RPC server for Client Protocol
2019-09-18 22:12:12,192 [main] INFO  ipc.Server (Server.java:stop(3082)) - Stopping server on 34602
2019-09-18 22:12:12,194 [IPC Server listener on 34602] INFO  ipc.Server (Server.java:run(1185)) - Stopping IPC Server listener on 34602
2019-09-18 22:12:12,194 [main] INFO  server.StorageContainerManager (StorageContainerManager.java:stop(837)) - Stopping Storage Container Manager HTTP server.
2019-09-18 22:12:12,194 [IPC Server Responder] INFO  ipc.Server (Server.java:run(1319)) - Stopping IPC Server Responder
2019-09-18 22:12:12,196 [main] INFO  handler.ContextHandler (ContextHandler.java:doStop(910)) - Stopped o.e.j.w.WebAppContext@740abb5{/,null,UNAVAILABLE}{/scm}
2019-09-18 22:12:12,196 [main] INFO  server.AbstractConnector (AbstractConnector.java:doStop(318)) - Stopped ServerConnector@61edc883{HTTP/1.1,[http/1.1]}{0.0.0.0:0}
2019-09-18 22:12:12,197 [main] INFO  handler.ContextHandler (ContextHandler.java:doStop(910)) - Stopped o.e.j.s.ServletContextHandler@4b45dcb8{/static,file:///workdir/hadoop-ozone/integration-test/target/test-classes/webapps/static,UNAVAILABLE}
2019-09-18 22:12:12,198 [main] INFO  handler.ContextHandler (ContextHandler.java:doStop(910)) - Stopped o.e.j.s.ServletContextHandler@2b0f373b{/logs,file:///workdir/hadoop-ozone/integration-test/target/log,UNAVAILABLE}
2019-09-18 22:12:12,199 [main] INFO  server.StorageContainerManager (StorageContainerManager.java:stop(848)) - Stopping Block Manager Service.
2019-09-18 22:12:12,199 [main] INFO  utils.BackgroundService (BackgroundService.java:shutdown(148)) - Shutting down service SCMBlockDeletingService
2019-09-18 22:12:12,200 [main] INFO  utils.BackgroundService (BackgroundService.java:shutdown(148)) - Shutting down service SCMBlockDeletingService
2019-09-18 22:12:12,201 [main] INFO  server.StorageContainerManager (StorageContainerManager.java:stop(870)) - Stopping SCM Event Queue.
2019-09-18 22:12:12,207 [main] INFO  impl.MetricsSystemImpl (MetricsSystemImpl.java:stop(210)) - Stopping ratis metrics system...
2019-09-18 22:12:12,220 [prometheus] INFO  impl.MetricsSinkAdapter (MetricsSinkAdapter.java:publishMetricsFromQueue(141)) - prometheus thread interrupted.
2019-09-18 22:12:12,220 [main] INFO  impl.MetricsSystemImpl (MetricsSystemImpl.java:stop(216)) - ratis metrics system stopped.
]]></system-out>
    <system-err><![CDATA[ERROR StatusLogger No Log4j 2 configuration file found. Using default configuration (logging only errors to the console), or user programmatically provided configurations. Set system property 'log4j2.debug' to show Log4j 2 internal initialization logging. See https://logging.apache.org/log4j/2.x/manual/configuration.html for instructions on how to configure Log4j 2
Sep 18, 2019 10:12:01 PM org.apache.ratis.thirdparty.io.grpc.internal.SerializingExecutor run
SEVERE: Exception while executing runnable org.apache.ratis.thirdparty.io.grpc.internal.ServerImpl$JumpToApplicationThreadServerStreamListener$1Closed@1e9bb481
org.apache.ratis.thirdparty.io.grpc.StatusRuntimeException: CANCELLED: call already cancelled
	at org.apache.ratis.thirdparty.io.grpc.Status.asRuntimeException(Status.java:517)
	at org.apache.ratis.thirdparty.io.grpc.stub.ServerCalls$ServerCallStreamObserverImpl.onCompleted(ServerCalls.java:356)
	at org.apache.ratis.grpc.server.GrpcServerProtocolService$ServerRequestStreamObserver.onError(GrpcServerProtocolService.java:121)
	at org.apache.ratis.thirdparty.io.grpc.stub.ServerCalls$StreamingServerCallHandler$StreamingServerCallListener.onCancel(ServerCalls.java:269)
	at org.apache.ratis.thirdparty.io.grpc.internal.ServerCallImpl$ServerStreamListenerImpl.closed(ServerCallImpl.java:293)
	at org.apache.ratis.thirdparty.io.grpc.internal.ServerImpl$JumpToApplicationThreadServerStreamListener$1Closed.runInContext(ServerImpl.java:741)
	at org.apache.ratis.thirdparty.io.grpc.internal.ContextRunnable.run(ContextRunnable.java:37)
	at org.apache.ratis.thirdparty.io.grpc.internal.SerializingExecutor.run(SerializingExecutor.java:123)
	at java.util.concurrent.ThreadPoolExecutor.runWorker(ThreadPoolExecutor.java:1149)
	at java.util.concurrent.ThreadPoolExecutor$Worker.run(ThreadPoolExecutor.java:624)
	at java.lang.Thread.run(Thread.java:748)

Sep 18, 2019 10:12:06 PM org.apache.ratis.thirdparty.io.grpc.internal.SerializingExecutor run
SEVERE: Exception while executing runnable org.apache.ratis.thirdparty.io.grpc.internal.ServerImpl$JumpToApplicationThreadServerStreamListener$1Closed@31e0daf6
org.apache.ratis.thirdparty.io.grpc.StatusRuntimeException: CANCELLED: call already cancelled
	at org.apache.ratis.thirdparty.io.grpc.Status.asRuntimeException(Status.java:517)
	at org.apache.ratis.thirdparty.io.grpc.stub.ServerCalls$ServerCallStreamObserverImpl.onCompleted(ServerCalls.java:356)
	at org.apache.ratis.grpc.server.GrpcServerProtocolService$ServerRequestStreamObserver.onError(GrpcServerProtocolService.java:121)
	at org.apache.ratis.thirdparty.io.grpc.stub.ServerCalls$StreamingServerCallHandler$StreamingServerCallListener.onCancel(ServerCalls.java:269)
	at org.apache.ratis.thirdparty.io.grpc.internal.ServerCallImpl$ServerStreamListenerImpl.closed(ServerCallImpl.java:293)
	at org.apache.ratis.thirdparty.io.grpc.internal.ServerImpl$JumpToApplicationThreadServerStreamListener$1Closed.runInContext(ServerImpl.java:741)
	at org.apache.ratis.thirdparty.io.grpc.internal.ContextRunnable.run(ContextRunnable.java:37)
	at org.apache.ratis.thirdparty.io.grpc.internal.SerializingExecutor.run(SerializingExecutor.java:123)
	at java.util.concurrent.ThreadPoolExecutor.runWorker(ThreadPoolExecutor.java:1149)
	at java.util.concurrent.ThreadPoolExecutor$Worker.run(ThreadPoolExecutor.java:624)
	at java.lang.Thread.run(Thread.java:748)

]]></system-err>
  </testcase>
</testsuite>