<?xml version="1.0" encoding="UTF-8"?>
<testsuite xmlns:xsi="http://www.w3.org/2001/XMLSchema-instance" xsi:noNamespaceSchemaLocation="https://maven.apache.org/surefire/maven-surefire-plugin/xsd/surefire-test-report.xsd" name="org.apache.hadoop.ozone.client.rpc.TestCommitWatcher" time="31.527" tests="1" errors="1" skipped="0" failures="0">
  <properties>
    <property name="awt.toolkit" value="sun.awt.X11.XToolkit"/>
    <property name="file.encoding.pkg" value="sun.io"/>
    <property name="java.specification.version" value="1.8"/>
    <property name="sun.cpu.isalist" value=""/>
    <property name="sun.jnu.encoding" value="UTF-8"/>
    <property name="java.class.path" value="/workdir/hadoop-ozone/integration-test/target/test-classes:/workdir/hadoop-ozone/integration-test/target/classes:/home/user/.m2/repository/org/apache/hadoop/hadoop-ozone-common/0.5.0-SNAPSHOT/hadoop-ozone-common-0.5.0-SNAPSHOT.jar:/home/user/.m2/repository/org/apache/commons/commons-compress/1.4.1/commons-compress-1.4.1.jar:/home/user/.m2/repository/org/tukaani/xz/1.0/xz-1.0.jar:/home/user/.m2/repository/org/apache/hadoop/hadoop-common/3.2.0/hadoop-common-3.2.0.jar:/home/user/.m2/repository/org/apache/hadoop/hadoop-hdfs/3.2.0/hadoop-hdfs-3.2.0.jar:/home/user/.m2/repository/org/apache/hadoop/hadoop-hdfs-client/3.2.0/hadoop-hdfs-client-3.2.0.jar:/home/user/.m2/repository/com/fasterxml/jackson/core/jackson-annotations/2.9.9/jackson-annotations-2.9.9.jar:/home/user/.m2/repository/org/apache/hadoop/hadoop-hdds-common/0.5.0-SNAPSHOT/hadoop-hdds-common-0.5.0-SNAPSHOT.jar:/home/user/.m2/repository/javax/annotation/javax.annotation-api/1.2/javax.annotation-api-1.2.jar:/home/user/.m2/repository/org/apache/ratis/ratis-server/0.4.0-78e95b9-SNAPSHOT/ratis-server-0.4.0-78e95b9-SNAPSHOT.jar:/home/user/.m2/repository/org/apache/ratis/ratis-thirdparty-misc/0.2.0/ratis-thirdparty-misc-0.2.0.jar:/home/user/.m2/repository/org/apache/ratis/ratis-proto/0.4.0-78e95b9-SNAPSHOT/ratis-proto-0.4.0-78e95b9-SNAPSHOT.jar:/home/user/.m2/repository/org/apache/ratis/ratis-common/0.4.0-78e95b9-SNAPSHOT/ratis-common-0.4.0-78e95b9-SNAPSHOT.jar:/home/user/.m2/repository/org/apache/ratis/ratis-client/0.4.0-78e95b9-SNAPSHOT/ratis-client-0.4.0-78e95b9-SNAPSHOT.jar:/home/user/.m2/repository/org/apache/ratis/ratis-metrics/0.4.0-78e95b9-SNAPSHOT/ratis-metrics-0.4.0-78e95b9-SNAPSHOT.jar:/home/user/.m2/repository/com/github/joshelser/dropwizard-metrics-hadoop-metrics2-reporter/0.1.2/dropwizard-metrics-hadoop-metrics2-reporter-0.1.2.jar:/home/user/.m2/repository/io/dropwizard/metrics/metrics-jvm/3.2.5/metrics-jvm-3.2.5.jar:/home/user/.m2/repository/io/dropwizard/metrics/metrics-ganglia/3.2.5/metrics-ganglia-3.2.5.jar:/home/user/.m2/repository/info/ganglia/gmetric4j/gmetric4j/1.0.7/gmetric4j-1.0.7.jar:/home/user/.m2/repository/org/apache/ratis/ratis-netty/0.4.0-78e95b9-SNAPSHOT/ratis-netty-0.4.0-78e95b9-SNAPSHOT.jar:/home/user/.m2/repository/org/apache/ratis/ratis-grpc/0.4.0-78e95b9-SNAPSHOT/ratis-grpc-0.4.0-78e95b9-SNAPSHOT.jar:/home/user/.m2/repository/org/rocksdb/rocksdbjni/6.0.1/rocksdbjni-6.0.1.jar:/home/user/.m2/repository/org/apache/logging/log4j/log4j-api/2.11.0/log4j-api-2.11.0.jar:/home/user/.m2/repository/org/apache/logging/log4j/log4j-core/2.11.0/log4j-core-2.11.0.jar:/home/user/.m2/repository/com/lmax/disruptor/3.4.2/disruptor-3.4.2.jar:/home/user/.m2/repository/org/apache/commons/commons-pool2/2.6.0/commons-pool2-2.6.0.jar:/home/user/.m2/repository/org/bouncycastle/bcpkix-jdk15on/1.60/bcpkix-jdk15on-1.60.jar:/home/user/.m2/repository/commons-validator/commons-validator/1.6/commons-validator-1.6.jar:/home/user/.m2/repository/commons-digester/commons-digester/1.8.1/commons-digester-1.8.1.jar:/home/user/.m2/repository/io/jaegertracing/jaeger-client/1.0.0/jaeger-client-1.0.0.jar:/home/user/.m2/repository/io/jaegertracing/jaeger-thrift/1.0.0/jaeger-thrift-1.0.0.jar:/home/user/.m2/repository/org/apache/thrift/libthrift/0.12.0/libthrift-0.12.0.jar:/home/user/.m2/repository/com/squareup/okhttp3/okhttp/3.9.0/okhttp-3.9.0.jar:/home/user/.m2/repository/com/squareup/okio/okio/1.13.0/okio-1.13.0.jar:/home/user/.m2/repository/io/jaegertracing/jaeger-core/1.0.0/jaeger-core-1.0.0.jar:/home/user/.m2/repository/io/jaegertracing/jaeger-tracerresolver/1.0.0/jaeger-tracerresolver-1.0.0.jar:/home/user/.m2/repository/io/opentracing/contrib/opentracing-tracerresolver/0.1.8/opentracing-tracerresolver-0.1.8.jar:/home/user/.m2/repository/io/opentracing/opentracing-util/0.31.0/opentracing-util-0.31.0.jar:/home/user/.m2/repository/io/opentracing/opentracing-api/0.31.0/opentracing-api-0.31.0.jar:/home/user/.m2/repository/io/opentracing/opentracing-noop/0.31.0/opentracing-noop-0.31.0.jar:/home/user/.m2/repository/org/apache/hadoop/hadoop-hdds-server-framework/0.5.0-SNAPSHOT/hadoop-hdds-server-framework-0.5.0-SNAPSHOT.jar:/home/user/.m2/repository/org/apache/hadoop/hadoop-hdds-container-service/0.5.0-SNAPSHOT/hadoop-hdds-container-service-0.5.0-SNAPSHOT.jar:/home/user/.m2/repository/org/apache/hadoop/hadoop-hdds-client/0.5.0-SNAPSHOT/hadoop-hdds-client-0.5.0-SNAPSHOT.jar:/home/user/.m2/repository/org/apache/hadoop/hadoop-hdds-tools/0.5.0-SNAPSHOT/hadoop-hdds-tools-0.5.0-SNAPSHOT.jar:/home/user/.m2/repository/org/apache/hadoop/hadoop-hdds-server-scm/0.5.0-SNAPSHOT/hadoop-hdds-server-scm-0.5.0-SNAPSHOT.jar:/home/user/.m2/repository/org/apache/hadoop/hadoop-hdds-docs/0.5.0-SNAPSHOT/hadoop-hdds-docs-0.5.0-SNAPSHOT.jar:/home/user/.m2/repository/io/dropwizard/metrics/metrics-core/3.2.4/metrics-core-3.2.4.jar:/home/user/.m2/repository/org/hamcrest/hamcrest-all/1.3/hamcrest-all-1.3.jar:/home/user/.m2/repository/org/bouncycastle/bcprov-jdk15on/1.60/bcprov-jdk15on-1.60.jar:/home/user/.m2/repository/info/picocli/picocli/3.9.6/picocli-3.9.6.jar:/home/user/.m2/repository/com/google/protobuf/protobuf-java/2.5.0/protobuf-java-2.5.0.jar:/home/user/.m2/repository/com/google/guava/guava/11.0.2/guava-11.0.2.jar:/home/user/.m2/repository/org/apache/hadoop/hadoop-ozone-ozone-manager/0.5.0-SNAPSHOT/hadoop-ozone-ozone-manager-0.5.0-SNAPSHOT.jar:/home/user/.m2/repository/org/apache/hadoop/hadoop-minikdc/3.2.0/hadoop-minikdc-3.2.0.jar:/home/user/.m2/repository/commons-io/commons-io/2.5/commons-io-2.5.jar:/home/user/.m2/repository/org/apache/kerby/kerb-simplekdc/1.0.1/kerb-simplekdc-1.0.1.jar:/home/user/.m2/repository/org/apache/kerby/kerb-client/1.0.1/kerb-client-1.0.1.jar:/home/user/.m2/repository/org/apache/kerby/kerby-config/1.0.1/kerby-config-1.0.1.jar:/home/user/.m2/repository/org/apache/kerby/kerb-core/1.0.1/kerb-core-1.0.1.jar:/home/user/.m2/repository/org/apache/kerby/kerby-pkix/1.0.1/kerby-pkix-1.0.1.jar:/home/user/.m2/repository/org/apache/kerby/kerby-asn1/1.0.1/kerby-asn1-1.0.1.jar:/home/user/.m2/repository/org/apache/kerby/kerby-util/1.0.1/kerby-util-1.0.1.jar:/home/user/.m2/repository/org/apache/kerby/kerb-common/1.0.1/kerb-common-1.0.1.jar:/home/user/.m2/repository/org/apache/kerby/kerb-crypto/1.0.1/kerb-crypto-1.0.1.jar:/home/user/.m2/repository/org/apache/kerby/kerb-util/1.0.1/kerb-util-1.0.1.jar:/home/user/.m2/repository/org/apache/kerby/token-provider/1.0.1/token-provider-1.0.1.jar:/home/user/.m2/repository/org/apache/kerby/kerb-admin/1.0.1/kerb-admin-1.0.1.jar:/home/user/.m2/repository/org/apache/kerby/kerb-server/1.0.1/kerb-server-1.0.1.jar:/home/user/.m2/repository/org/apache/kerby/kerb-identity/1.0.1/kerb-identity-1.0.1.jar:/home/user/.m2/repository/org/apache/kerby/kerby-xdr/1.0.1/kerby-xdr-1.0.1.jar:/home/user/.m2/repository/org/slf4j/slf4j-log4j12/1.7.25/slf4j-log4j12-1.7.25.jar:/home/user/.m2/repository/org/apache/hadoop/hadoop-ozone-s3gateway/0.5.0-SNAPSHOT/hadoop-ozone-s3gateway-0.5.0-SNAPSHOT.jar:/home/user/.m2/repository/org/jboss/weld/servlet/weld-servlet/2.4.7.Final/weld-servlet-2.4.7.Final.jar:/home/user/.m2/repository/org/glassfish/jersey/containers/jersey-container-servlet-core/2.27/jersey-container-servlet-core-2.27.jar:/home/user/.m2/repository/org/glassfish/hk2/external/javax.inject/2.5.0-b42/javax.inject-2.5.0-b42.jar:/home/user/.m2/repository/org/glassfish/jersey/core/jersey-common/2.27/jersey-common-2.27.jar:/home/user/.m2/repository/org/glassfish/hk2/osgi-resource-locator/1.0.1/osgi-resource-locator-1.0.1.jar:/home/user/.m2/repository/javax/ws/rs/javax.ws.rs-api/2.1/javax.ws.rs-api-2.1.jar:/home/user/.m2/repository/org/glassfish/jersey/ext/cdi/jersey-cdi1x/2.27/jersey-cdi1x-2.27.jar:/home/user/.m2/repository/org/glassfish/jersey/inject/jersey-hk2/2.27/jersey-hk2-2.27.jar:/home/user/.m2/repository/org/glassfish/hk2/hk2-locator/2.5.0-b42/hk2-locator-2.5.0-b42.jar:/home/user/.m2/repository/org/javassist/javassist/3.22.0-CR2/javassist-3.22.0-CR2.jar:/home/user/.m2/repository/org/glassfish/hk2/hk2-api/2.5.0/hk2-api-2.5.0.jar:/home/user/.m2/repository/org/glassfish/hk2/external/jakarta.inject/2.5.0/jakarta.inject-2.5.0.jar:/home/user/.m2/repository/org/glassfish/hk2/hk2-utils/2.5.0/hk2-utils-2.5.0.jar:/home/user/.m2/repository/jakarta/annotation/jakarta.annotation-api/1.3.4/jakarta.annotation-api-1.3.4.jar:/home/user/.m2/repository/org/glassfish/hk2/external/aopalliance-repackaged/2.5.0/aopalliance-repackaged-2.5.0.jar:/home/user/.m2/repository/com/fasterxml/jackson/dataformat/jackson-dataformat-xml/2.9.0/jackson-dataformat-xml-2.9.0.jar:/home/user/.m2/repository/com/fasterxml/jackson/core/jackson-core/2.9.9/jackson-core-2.9.9.jar:/home/user/.m2/repository/com/fasterxml/jackson/module/jackson-module-jaxb-annotations/2.9.9/jackson-module-jaxb-annotations-2.9.9.jar:/home/user/.m2/repository/javax/enterprise/cdi-api/1.2/cdi-api-1.2.jar:/home/user/.m2/repository/javax/el/javax.el-api/3.0.0/javax.el-api-3.0.0.jar:/home/user/.m2/repository/javax/interceptor/javax.interceptor-api/1.2/javax.interceptor-api-1.2.jar:/home/user/.m2/repository/javax/inject/javax.inject/1/javax.inject-1.jar:/home/user/.m2/repository/com/sun/xml/bind/jaxb-impl/2.3.0.1/jaxb-impl-2.3.0.1.jar:/home/user/.m2/repository/com/sun/xml/bind/jaxb-core/2.3.0.1/jaxb-core-2.3.0.1.jar:/home/user/.m2/repository/javax/xml/bind/jaxb-api/2.3.0/jaxb-api-2.3.0.jar:/home/user/.m2/repository/javax/activation/activation/1.1.1/activation-1.1.1.jar:/home/user/.m2/repository/org/apache/hadoop/hadoop-ozone-csi/0.5.0-SNAPSHOT/hadoop-ozone-csi-0.5.0-SNAPSHOT.jar:/home/user/.m2/repository/com/google/protobuf/protobuf-java-util/3.5.1/protobuf-java-util-3.5.1.jar:/home/user/.m2/repository/org/apache/hadoop/hadoop-hdds-config/0.5.0-SNAPSHOT/hadoop-hdds-config-0.5.0-SNAPSHOT.jar:/home/user/.m2/repository/io/grpc/grpc-netty/1.17.1/grpc-netty-1.17.1.jar:/home/user/.m2/repository/io/grpc/grpc-core/1.17.1/grpc-core-1.17.1.jar:/home/user/.m2/repository/io/grpc/grpc-context/1.17.1/grpc-context-1.17.1.jar:/home/user/.m2/repository/com/google/errorprone/error_prone_annotations/2.2.0/error_prone_annotations-2.2.0.jar:/home/user/.m2/repository/org/codehaus/mojo/animal-sniffer-annotations/1.17/animal-sniffer-annotations-1.17.jar:/home/user/.m2/repository/io/opencensus/opencensus-api/0.17.0/opencensus-api-0.17.0.jar:/home/user/.m2/repository/io/opencensus/opencensus-contrib-grpc-metrics/0.17.0/opencensus-contrib-grpc-metrics-0.17.0.jar:/home/user/.m2/repository/io/netty/netty-codec-http2/4.1.30.Final/netty-codec-http2-4.1.30.Final.jar:/home/user/.m2/repository/io/netty/netty-codec-http/4.1.30.Final/netty-codec-http-4.1.30.Final.jar:/home/user/.m2/repository/io/netty/netty-codec/4.1.30.Final/netty-codec-4.1.30.Final.jar:/home/user/.m2/repository/io/netty/netty-handler/4.1.30.Final/netty-handler-4.1.30.Final.jar:/home/user/.m2/repository/io/netty/netty-handler-proxy/4.1.30.Final/netty-handler-proxy-4.1.30.Final.jar:/home/user/.m2/repository/io/netty/netty-codec-socks/4.1.30.Final/netty-codec-socks-4.1.30.Final.jar:/home/user/.m2/repository/io/netty/netty-transport-native-epoll/4.1.30.Final/netty-transport-native-epoll-4.1.30.Final.jar:/home/user/.m2/repository/io/netty/netty-common/4.1.30.Final/netty-common-4.1.30.Final.jar:/home/user/.m2/repository/io/netty/netty-buffer/4.1.30.Final/netty-buffer-4.1.30.Final.jar:/home/user/.m2/repository/io/netty/netty-transport/4.1.30.Final/netty-transport-4.1.30.Final.jar:/home/user/.m2/repository/io/netty/netty-resolver/4.1.30.Final/netty-resolver-4.1.30.Final.jar:/home/user/.m2/repository/io/netty/netty-transport-native-unix-common/4.1.30.Final/netty-transport-native-unix-common-4.1.30.Final.jar:/home/user/.m2/repository/io/grpc/grpc-protobuf/1.17.1/grpc-protobuf-1.17.1.jar:/home/user/.m2/repository/com/google/api/grpc/proto-google-common-protos/1.0.0/proto-google-common-protos-1.0.0.jar:/home/user/.m2/repository/io/grpc/grpc-protobuf-lite/1.17.1/grpc-protobuf-lite-1.17.1.jar:/home/user/.m2/repository/io/grpc/grpc-stub/1.17.1/grpc-stub-1.17.1.jar:/home/user/.m2/repository/org/apache/hadoop/hadoop-ozone-recon/0.5.0-SNAPSHOT/hadoop-ozone-recon-0.5.0-SNAPSHOT.jar:/home/user/.m2/repository/org/apache/hadoop/hadoop-ozone-reconcodegen/0.5.0-SNAPSHOT/hadoop-ozone-reconcodegen-0.5.0-SNAPSHOT.jar:/home/user/.m2/repository/com/google/inject/extensions/guice-multibindings/4.0/guice-multibindings-4.0.jar:/home/user/.m2/repository/com/google/inject/guice/4.0/guice-4.0.jar:/home/user/.m2/repository/aopalliance/aopalliance/1.0/aopalliance-1.0.jar:/home/user/.m2/repository/com/google/inject/extensions/guice-servlet/4.0/guice-servlet-4.0.jar:/home/user/.m2/repository/org/glassfish/jersey/containers/jersey-container-servlet/2.27/jersey-container-servlet-2.27.jar:/home/user/.m2/repository/org/glassfish/hk2/guice-bridge/2.5.0/guice-bridge-2.5.0.jar:/home/user/.m2/repository/org/glassfish/jersey/core/jersey-server/2.27/jersey-server-2.27.jar:/home/user/.m2/repository/org/glassfish/jersey/core/jersey-client/2.27/jersey-client-2.27.jar:/home/user/.m2/repository/org/glassfish/jersey/media/jersey-media-jaxb/2.27/jersey-media-jaxb-2.27.jar:/home/user/.m2/repository/javax/validation/validation-api/1.1.0.Final/validation-api-1.1.0.Final.jar:/home/user/.m2/repository/org/glassfish/jersey/media/jersey-media-json-jackson/2.27/jersey-media-json-jackson-2.27.jar:/home/user/.m2/repository/org/glassfish/jersey/ext/jersey-entity-filtering/2.27/jersey-entity-filtering-2.27.jar:/home/user/.m2/repository/com/google/inject/extensions/guice-assistedinject/4.0/guice-assistedinject-4.0.jar:/home/user/.m2/repository/org/jooq/jooq/3.11.10/jooq-3.11.10.jar:/home/user/.m2/repository/org/jooq/jooq-meta/3.11.10/jooq-meta-3.11.10.jar:/home/user/.m2/repository/org/jooq/jooq-codegen/3.11.10/jooq-codegen-3.11.10.jar:/home/user/.m2/repository/com/jolbox/bonecp/0.8.0.RELEASE/bonecp-0.8.0.RELEASE.jar:/home/user/.m2/repository/org/xerial/sqlite-jdbc/3.25.2/sqlite-jdbc-3.25.2.jar:/home/user/.m2/repository/org/springframework/spring-jdbc/5.1.3.RELEASE/spring-jdbc-5.1.3.RELEASE.jar:/home/user/.m2/repository/org/springframework/spring-beans/5.1.3.RELEASE/spring-beans-5.1.3.RELEASE.jar:/home/user/.m2/repository/org/springframework/spring-core/5.1.3.RELEASE/spring-core-5.1.3.RELEASE.jar:/home/user/.m2/repository/org/springframework/spring-jcl/5.1.3.RELEASE/spring-jcl-5.1.3.RELEASE.jar:/home/user/.m2/repository/org/springframework/spring-tx/5.1.3.RELEASE/spring-tx-5.1.3.RELEASE.jar:/home/user/.m2/repository/org/apache/hadoop/hadoop-ozone-client/0.5.0-SNAPSHOT/hadoop-ozone-client-0.5.0-SNAPSHOT.jar:/home/user/.m2/repository/commons-lang/commons-lang/2.6/commons-lang-2.6.jar:/home/user/.m2/repository/org/apache/hadoop/hadoop-ozone-ozone-manager/0.5.0-SNAPSHOT/hadoop-ozone-ozone-manager-0.5.0-SNAPSHOT-tests.jar:/home/user/.m2/repository/junit/junit/4.11/junit-4.11.jar:/home/user/.m2/repository/org/hamcrest/hamcrest-core/1.3/hamcrest-core-1.3.jar:/home/user/.m2/repository/org/openjdk/jmh/jmh-core/1.19/jmh-core-1.19.jar:/home/user/.m2/repository/net/sf/jopt-simple/jopt-simple/4.6/jopt-simple-4.6.jar:/home/user/.m2/repository/org/apache/commons/commons-math3/3.1.1/commons-math3-3.1.1.jar:/home/user/.m2/repository/org/openjdk/jmh/jmh-generator-annprocess/1.19/jmh-generator-annprocess-1.19.jar:/home/user/.m2/repository/org/mockito/mockito-all/1.8.5/mockito-all-1.8.5.jar:/home/user/.m2/repository/org/apache/hadoop/hadoop-kms/3.2.0/hadoop-kms-3.2.0.jar:/home/user/.m2/repository/org/apache/hadoop/hadoop-auth/3.2.0/hadoop-auth-3.2.0.jar:/home/user/.m2/repository/com/nimbusds/nimbus-jose-jwt/4.41.1/nimbus-jose-jwt-4.41.1.jar:/home/user/.m2/repository/com/github/stephenc/jcip/jcip-annotations/1.0-1/jcip-annotations-1.0-1.jar:/home/user/.m2/repository/net/minidev/json-smart/2.3/json-smart-2.3.jar:/home/user/.m2/repository/net/minidev/accessors-smart/1.2/accessors-smart-1.2.jar:/home/user/.m2/repository/org/ow2/asm/asm/5.0.4/asm-5.0.4.jar:/home/user/.m2/repository/org/apache/curator/curator-framework/2.12.0/curator-framework-2.12.0.jar:/home/user/.m2/repository/com/sun/jersey/jersey-core/1.19/jersey-core-1.19.jar:/home/user/.m2/repository/javax/ws/rs/jsr311-api/1.1.1/jsr311-api-1.1.1.jar:/home/user/.m2/repository/com/sun/jersey/jersey-server/1.19/jersey-server-1.19.jar:/home/user/.m2/repository/javax/servlet/javax.servlet-api/3.1.0/javax.servlet-api-3.1.0.jar:/home/user/.m2/repository/org/eclipse/jetty/jetty-server/9.3.25.v20180904/jetty-server-9.3.25.v20180904.jar:/home/user/.m2/repository/org/eclipse/jetty/jetty-http/9.3.25.v20180904/jetty-http-9.3.25.v20180904.jar:/home/user/.m2/repository/org/eclipse/jetty/jetty-io/9.3.25.v20180904/jetty-io-9.3.25.v20180904.jar:/home/user/.m2/repository/org/eclipse/jetty/jetty-webapp/9.3.25.v20180904/jetty-webapp-9.3.25.v20180904.jar:/home/user/.m2/repository/org/eclipse/jetty/jetty-xml/9.3.25.v20180904/jetty-xml-9.3.25.v20180904.jar:/home/user/.m2/repository/log4j/log4j/1.2.17/log4j-1.2.17.jar:/home/user/.m2/repository/org/slf4j/slf4j-api/1.7.25/slf4j-api-1.7.25.jar:/home/user/.m2/repository/org/slf4j/jul-to-slf4j/1.7.25/jul-to-slf4j-1.7.25.jar:/home/user/.m2/repository/org/eclipse/jetty/jetty-util/9.3.25.v20180904/jetty-util-9.3.25.v20180904.jar:/home/user/.m2/repository/com/fasterxml/jackson/core/jackson-databind/2.9.9/jackson-databind-2.9.9.jar:/home/user/.m2/repository/org/apache/hadoop/hadoop-kms/3.2.0/hadoop-kms-3.2.0-tests.jar:/home/user/.m2/repository/org/apache/hadoop/hadoop-hdds-server-scm/0.5.0-SNAPSHOT/hadoop-hdds-server-scm-0.5.0-SNAPSHOT-tests.jar:/home/user/.m2/repository/org/apache/hadoop/hadoop-hdds-container-service/0.5.0-SNAPSHOT/hadoop-hdds-container-service-0.5.0-SNAPSHOT-tests.jar:/home/user/.m2/repository/org/yaml/snakeyaml/1.16/snakeyaml-1.16.jar:/home/user/.m2/repository/org/apache/hadoop/hadoop-common/3.2.0/hadoop-common-3.2.0-tests.jar:/home/user/.m2/repository/org/apache/hadoop/hadoop-annotations/3.2.0/hadoop-annotations-3.2.0.jar:/usr/lib/jvm/java-1.8-openjdk/jre/../lib/tools.jar:/home/user/.m2/repository/commons-cli/commons-cli/1.2/commons-cli-1.2.jar:/home/user/.m2/repository/org/apache/httpcomponents/httpclient/4.5.2/httpclient-4.5.2.jar:/home/user/.m2/repository/org/apache/httpcomponents/httpcore/4.4.4/httpcore-4.4.4.jar:/home/user/.m2/repository/commons-codec/commons-codec/1.11/commons-codec-1.11.jar:/home/user/.m2/repository/commons-net/commons-net/3.6/commons-net-3.6.jar:/home/user/.m2/repository/commons-collections/commons-collections/3.2.2/commons-collections-3.2.2.jar:/home/user/.m2/repository/org/eclipse/jetty/jetty-servlet/9.3.25.v20180904/jetty-servlet-9.3.25.v20180904.jar:/home/user/.m2/repository/org/eclipse/jetty/jetty-security/9.3.25.v20180904/jetty-security-9.3.25.v20180904.jar:/home/user/.m2/repository/javax/servlet/jsp/jsp-api/2.1/jsp-api-2.1.jar:/home/user/.m2/repository/com/sun/jersey/jersey-servlet/1.19/jersey-servlet-1.19.jar:/home/user/.m2/repository/com/sun/jersey/jersey-json/1.19/jersey-json-1.19.jar:/home/user/.m2/repository/org/codehaus/jettison/jettison/1.1/jettison-1.1.jar:/home/user/.m2/repository/org/codehaus/jackson/jackson-core-asl/1.9.13/jackson-core-asl-1.9.13.jar:/home/user/.m2/repository/org/codehaus/jackson/jackson-mapper-asl/1.9.13/jackson-mapper-asl-1.9.13.jar:/home/user/.m2/repository/org/codehaus/jackson/jackson-jaxrs/1.9.13/jackson-jaxrs-1.9.13.jar:/home/user/.m2/repository/org/codehaus/jackson/jackson-xc/1.9.13/jackson-xc-1.9.13.jar:/home/user/.m2/repository/commons-logging/commons-logging/1.1.3/commons-logging-1.1.3.jar:/home/user/.m2/repository/commons-beanutils/commons-beanutils/1.9.4/commons-beanutils-1.9.4.jar:/home/user/.m2/repository/org/apache/commons/commons-configuration2/2.1.1/commons-configuration2-2.1.1.jar:/home/user/.m2/repository/org/apache/commons/commons-lang3/3.7/commons-lang3-3.7.jar:/home/user/.m2/repository/org/apache/commons/commons-text/1.4/commons-text-1.4.jar:/home/user/.m2/repository/org/apache/avro/avro/1.7.7/avro-1.7.7.jar:/home/user/.m2/repository/com/thoughtworks/paranamer/paranamer/2.3/paranamer-2.3.jar:/home/user/.m2/repository/org/xerial/snappy/snappy-java/1.0.5/snappy-java-1.0.5.jar:/home/user/.m2/repository/com/google/re2j/re2j/1.1/re2j-1.1.jar:/home/user/.m2/repository/com/google/code/gson/gson/2.2.4/gson-2.2.4.jar:/home/user/.m2/repository/com/jcraft/jsch/0.1.54/jsch-0.1.54.jar:/home/user/.m2/repository/org/apache/curator/curator-client/2.12.0/curator-client-2.12.0.jar:/home/user/.m2/repository/org/apache/curator/curator-recipes/2.12.0/curator-recipes-2.12.0.jar:/home/user/.m2/repository/com/google/code/findbugs/jsr305/3.0.0/jsr305-3.0.0.jar:/home/user/.m2/repository/org/apache/htrace/htrace-core4/4.1.0-incubating/htrace-core4-4.1.0-incubating.jar:/home/user/.m2/repository/org/apache/zookeeper/zookeeper/3.5.5/zookeeper-3.5.5.jar:/home/user/.m2/repository/org/apache/zookeeper/zookeeper-jute/3.5.5/zookeeper-jute-3.5.5.jar:/home/user/.m2/repository/org/apache/yetus/audience-annotations/0.5.0/audience-annotations-0.5.0.jar:/home/user/.m2/repository/org/codehaus/woodstox/stax2-api/3.1.4/stax2-api-3.1.4.jar:/home/user/.m2/repository/com/fasterxml/woodstox/woodstox-core/5.0.3/woodstox-core-5.0.3.jar:/home/user/.m2/repository/dnsjava/dnsjava/2.1.7/dnsjava-2.1.7.jar:/home/user/.m2/repository/org/apache/hadoop/hadoop-hdfs/3.2.0/hadoop-hdfs-3.2.0-tests.jar:/home/user/.m2/repository/org/eclipse/jetty/jetty-util-ajax/9.3.25.v20180904/jetty-util-ajax-9.3.25.v20180904.jar:/home/user/.m2/repository/commons-daemon/commons-daemon/1.0.13/commons-daemon-1.0.13.jar:/home/user/.m2/repository/io/netty/netty/3.10.5.Final/netty-3.10.5.Final.jar:/home/user/.m2/repository/io/netty/netty-all/4.0.52.Final/netty-all-4.0.52.Final.jar:/home/user/.m2/repository/org/fusesource/leveldbjni/leveldbjni-all/1.8/leveldbjni-all-1.8.jar:"/>
    <property name="java.vm.vendor" value="IcedTea"/>
    <property name="sun.arch.data.model" value="64"/>
    <property name="test.build.dir" value="/workdir/hadoop-ozone/integration-test/target/test-dir"/>
    <property name="test.cache.data" value=""/>
    <property name="java.vendor.url" value="https://icedtea.classpath.org"/>
    <property name="user.timezone" value=""/>
    <property name="java.vm.specification.version" value="1.8"/>
    <property name="os.name" value="Linux"/>
    <property name="test.build.data" value="/workdir/hadoop-ozone/integration-test/target/test-dir"/>
    <property name="user.country" value="US"/>
    <property name="sun.java.launcher" value="SUN_STANDARD"/>
    <property name="sun.boot.library.path" value="/usr/lib/jvm/java-1.8-openjdk/jre/lib/amd64"/>
    <property name="sun.java.command" value="/workdir/hadoop-ozone/integration-test/target/surefire/surefirebooter369502324786812121.jar /workdir/hadoop-ozone/integration-test/target/surefire 2019-09-18T22-07-16_902-jvmRun1 surefire9076724631439625456tmp surefire_474196022530019330966tmp"/>
    <property name="test" value="!TestMiniChaosOzoneCluster"/>
    <property name="surefire.test.class.path" value="/workdir/hadoop-ozone/integration-test/target/test-classes:/workdir/hadoop-ozone/integration-test/target/classes:/home/user/.m2/repository/org/apache/hadoop/hadoop-ozone-common/0.5.0-SNAPSHOT/hadoop-ozone-common-0.5.0-SNAPSHOT.jar:/home/user/.m2/repository/org/apache/commons/commons-compress/1.4.1/commons-compress-1.4.1.jar:/home/user/.m2/repository/org/tukaani/xz/1.0/xz-1.0.jar:/home/user/.m2/repository/org/apache/hadoop/hadoop-common/3.2.0/hadoop-common-3.2.0.jar:/home/user/.m2/repository/org/apache/hadoop/hadoop-hdfs/3.2.0/hadoop-hdfs-3.2.0.jar:/home/user/.m2/repository/org/apache/hadoop/hadoop-hdfs-client/3.2.0/hadoop-hdfs-client-3.2.0.jar:/home/user/.m2/repository/com/fasterxml/jackson/core/jackson-annotations/2.9.9/jackson-annotations-2.9.9.jar:/home/user/.m2/repository/org/apache/hadoop/hadoop-hdds-common/0.5.0-SNAPSHOT/hadoop-hdds-common-0.5.0-SNAPSHOT.jar:/home/user/.m2/repository/javax/annotation/javax.annotation-api/1.2/javax.annotation-api-1.2.jar:/home/user/.m2/repository/org/apache/ratis/ratis-server/0.4.0-78e95b9-SNAPSHOT/ratis-server-0.4.0-78e95b9-SNAPSHOT.jar:/home/user/.m2/repository/org/apache/ratis/ratis-thirdparty-misc/0.2.0/ratis-thirdparty-misc-0.2.0.jar:/home/user/.m2/repository/org/apache/ratis/ratis-proto/0.4.0-78e95b9-SNAPSHOT/ratis-proto-0.4.0-78e95b9-SNAPSHOT.jar:/home/user/.m2/repository/org/apache/ratis/ratis-common/0.4.0-78e95b9-SNAPSHOT/ratis-common-0.4.0-78e95b9-SNAPSHOT.jar:/home/user/.m2/repository/org/apache/ratis/ratis-client/0.4.0-78e95b9-SNAPSHOT/ratis-client-0.4.0-78e95b9-SNAPSHOT.jar:/home/user/.m2/repository/org/apache/ratis/ratis-metrics/0.4.0-78e95b9-SNAPSHOT/ratis-metrics-0.4.0-78e95b9-SNAPSHOT.jar:/home/user/.m2/repository/com/github/joshelser/dropwizard-metrics-hadoop-metrics2-reporter/0.1.2/dropwizard-metrics-hadoop-metrics2-reporter-0.1.2.jar:/home/user/.m2/repository/io/dropwizard/metrics/metrics-jvm/3.2.5/metrics-jvm-3.2.5.jar:/home/user/.m2/repository/io/dropwizard/metrics/metrics-ganglia/3.2.5/metrics-ganglia-3.2.5.jar:/home/user/.m2/repository/info/ganglia/gmetric4j/gmetric4j/1.0.7/gmetric4j-1.0.7.jar:/home/user/.m2/repository/org/apache/ratis/ratis-netty/0.4.0-78e95b9-SNAPSHOT/ratis-netty-0.4.0-78e95b9-SNAPSHOT.jar:/home/user/.m2/repository/org/apache/ratis/ratis-grpc/0.4.0-78e95b9-SNAPSHOT/ratis-grpc-0.4.0-78e95b9-SNAPSHOT.jar:/home/user/.m2/repository/org/rocksdb/rocksdbjni/6.0.1/rocksdbjni-6.0.1.jar:/home/user/.m2/repository/org/apache/logging/log4j/log4j-api/2.11.0/log4j-api-2.11.0.jar:/home/user/.m2/repository/org/apache/logging/log4j/log4j-core/2.11.0/log4j-core-2.11.0.jar:/home/user/.m2/repository/com/lmax/disruptor/3.4.2/disruptor-3.4.2.jar:/home/user/.m2/repository/org/apache/commons/commons-pool2/2.6.0/commons-pool2-2.6.0.jar:/home/user/.m2/repository/org/bouncycastle/bcpkix-jdk15on/1.60/bcpkix-jdk15on-1.60.jar:/home/user/.m2/repository/commons-validator/commons-validator/1.6/commons-validator-1.6.jar:/home/user/.m2/repository/commons-digester/commons-digester/1.8.1/commons-digester-1.8.1.jar:/home/user/.m2/repository/io/jaegertracing/jaeger-client/1.0.0/jaeger-client-1.0.0.jar:/home/user/.m2/repository/io/jaegertracing/jaeger-thrift/1.0.0/jaeger-thrift-1.0.0.jar:/home/user/.m2/repository/org/apache/thrift/libthrift/0.12.0/libthrift-0.12.0.jar:/home/user/.m2/repository/com/squareup/okhttp3/okhttp/3.9.0/okhttp-3.9.0.jar:/home/user/.m2/repository/com/squareup/okio/okio/1.13.0/okio-1.13.0.jar:/home/user/.m2/repository/io/jaegertracing/jaeger-core/1.0.0/jaeger-core-1.0.0.jar:/home/user/.m2/repository/io/jaegertracing/jaeger-tracerresolver/1.0.0/jaeger-tracerresolver-1.0.0.jar:/home/user/.m2/repository/io/opentracing/contrib/opentracing-tracerresolver/0.1.8/opentracing-tracerresolver-0.1.8.jar:/home/user/.m2/repository/io/opentracing/opentracing-util/0.31.0/opentracing-util-0.31.0.jar:/home/user/.m2/repository/io/opentracing/opentracing-api/0.31.0/opentracing-api-0.31.0.jar:/home/user/.m2/repository/io/opentracing/opentracing-noop/0.31.0/opentracing-noop-0.31.0.jar:/home/user/.m2/repository/org/apache/hadoop/hadoop-hdds-server-framework/0.5.0-SNAPSHOT/hadoop-hdds-server-framework-0.5.0-SNAPSHOT.jar:/home/user/.m2/repository/org/apache/hadoop/hadoop-hdds-container-service/0.5.0-SNAPSHOT/hadoop-hdds-container-service-0.5.0-SNAPSHOT.jar:/home/user/.m2/repository/org/apache/hadoop/hadoop-hdds-client/0.5.0-SNAPSHOT/hadoop-hdds-client-0.5.0-SNAPSHOT.jar:/home/user/.m2/repository/org/apache/hadoop/hadoop-hdds-tools/0.5.0-SNAPSHOT/hadoop-hdds-tools-0.5.0-SNAPSHOT.jar:/home/user/.m2/repository/org/apache/hadoop/hadoop-hdds-server-scm/0.5.0-SNAPSHOT/hadoop-hdds-server-scm-0.5.0-SNAPSHOT.jar:/home/user/.m2/repository/org/apache/hadoop/hadoop-hdds-docs/0.5.0-SNAPSHOT/hadoop-hdds-docs-0.5.0-SNAPSHOT.jar:/home/user/.m2/repository/io/dropwizard/metrics/metrics-core/3.2.4/metrics-core-3.2.4.jar:/home/user/.m2/repository/org/hamcrest/hamcrest-all/1.3/hamcrest-all-1.3.jar:/home/user/.m2/repository/org/bouncycastle/bcprov-jdk15on/1.60/bcprov-jdk15on-1.60.jar:/home/user/.m2/repository/info/picocli/picocli/3.9.6/picocli-3.9.6.jar:/home/user/.m2/repository/com/google/protobuf/protobuf-java/2.5.0/protobuf-java-2.5.0.jar:/home/user/.m2/repository/com/google/guava/guava/11.0.2/guava-11.0.2.jar:/home/user/.m2/repository/org/apache/hadoop/hadoop-ozone-ozone-manager/0.5.0-SNAPSHOT/hadoop-ozone-ozone-manager-0.5.0-SNAPSHOT.jar:/home/user/.m2/repository/org/apache/hadoop/hadoop-minikdc/3.2.0/hadoop-minikdc-3.2.0.jar:/home/user/.m2/repository/commons-io/commons-io/2.5/commons-io-2.5.jar:/home/user/.m2/repository/org/apache/kerby/kerb-simplekdc/1.0.1/kerb-simplekdc-1.0.1.jar:/home/user/.m2/repository/org/apache/kerby/kerb-client/1.0.1/kerb-client-1.0.1.jar:/home/user/.m2/repository/org/apache/kerby/kerby-config/1.0.1/kerby-config-1.0.1.jar:/home/user/.m2/repository/org/apache/kerby/kerb-core/1.0.1/kerb-core-1.0.1.jar:/home/user/.m2/repository/org/apache/kerby/kerby-pkix/1.0.1/kerby-pkix-1.0.1.jar:/home/user/.m2/repository/org/apache/kerby/kerby-asn1/1.0.1/kerby-asn1-1.0.1.jar:/home/user/.m2/repository/org/apache/kerby/kerby-util/1.0.1/kerby-util-1.0.1.jar:/home/user/.m2/repository/org/apache/kerby/kerb-common/1.0.1/kerb-common-1.0.1.jar:/home/user/.m2/repository/org/apache/kerby/kerb-crypto/1.0.1/kerb-crypto-1.0.1.jar:/home/user/.m2/repository/org/apache/kerby/kerb-util/1.0.1/kerb-util-1.0.1.jar:/home/user/.m2/repository/org/apache/kerby/token-provider/1.0.1/token-provider-1.0.1.jar:/home/user/.m2/repository/org/apache/kerby/kerb-admin/1.0.1/kerb-admin-1.0.1.jar:/home/user/.m2/repository/org/apache/kerby/kerb-server/1.0.1/kerb-server-1.0.1.jar:/home/user/.m2/repository/org/apache/kerby/kerb-identity/1.0.1/kerb-identity-1.0.1.jar:/home/user/.m2/repository/org/apache/kerby/kerby-xdr/1.0.1/kerby-xdr-1.0.1.jar:/home/user/.m2/repository/org/slf4j/slf4j-log4j12/1.7.25/slf4j-log4j12-1.7.25.jar:/home/user/.m2/repository/org/apache/hadoop/hadoop-ozone-s3gateway/0.5.0-SNAPSHOT/hadoop-ozone-s3gateway-0.5.0-SNAPSHOT.jar:/home/user/.m2/repository/org/jboss/weld/servlet/weld-servlet/2.4.7.Final/weld-servlet-2.4.7.Final.jar:/home/user/.m2/repository/org/glassfish/jersey/containers/jersey-container-servlet-core/2.27/jersey-container-servlet-core-2.27.jar:/home/user/.m2/repository/org/glassfish/hk2/external/javax.inject/2.5.0-b42/javax.inject-2.5.0-b42.jar:/home/user/.m2/repository/org/glassfish/jersey/core/jersey-common/2.27/jersey-common-2.27.jar:/home/user/.m2/repository/org/glassfish/hk2/osgi-resource-locator/1.0.1/osgi-resource-locator-1.0.1.jar:/home/user/.m2/repository/javax/ws/rs/javax.ws.rs-api/2.1/javax.ws.rs-api-2.1.jar:/home/user/.m2/repository/org/glassfish/jersey/ext/cdi/jersey-cdi1x/2.27/jersey-cdi1x-2.27.jar:/home/user/.m2/repository/org/glassfish/jersey/inject/jersey-hk2/2.27/jersey-hk2-2.27.jar:/home/user/.m2/repository/org/glassfish/hk2/hk2-locator/2.5.0-b42/hk2-locator-2.5.0-b42.jar:/home/user/.m2/repository/org/javassist/javassist/3.22.0-CR2/javassist-3.22.0-CR2.jar:/home/user/.m2/repository/org/glassfish/hk2/hk2-api/2.5.0/hk2-api-2.5.0.jar:/home/user/.m2/repository/org/glassfish/hk2/external/jakarta.inject/2.5.0/jakarta.inject-2.5.0.jar:/home/user/.m2/repository/org/glassfish/hk2/hk2-utils/2.5.0/hk2-utils-2.5.0.jar:/home/user/.m2/repository/jakarta/annotation/jakarta.annotation-api/1.3.4/jakarta.annotation-api-1.3.4.jar:/home/user/.m2/repository/org/glassfish/hk2/external/aopalliance-repackaged/2.5.0/aopalliance-repackaged-2.5.0.jar:/home/user/.m2/repository/com/fasterxml/jackson/dataformat/jackson-dataformat-xml/2.9.0/jackson-dataformat-xml-2.9.0.jar:/home/user/.m2/repository/com/fasterxml/jackson/core/jackson-core/2.9.9/jackson-core-2.9.9.jar:/home/user/.m2/repository/com/fasterxml/jackson/module/jackson-module-jaxb-annotations/2.9.9/jackson-module-jaxb-annotations-2.9.9.jar:/home/user/.m2/repository/javax/enterprise/cdi-api/1.2/cdi-api-1.2.jar:/home/user/.m2/repository/javax/el/javax.el-api/3.0.0/javax.el-api-3.0.0.jar:/home/user/.m2/repository/javax/interceptor/javax.interceptor-api/1.2/javax.interceptor-api-1.2.jar:/home/user/.m2/repository/javax/inject/javax.inject/1/javax.inject-1.jar:/home/user/.m2/repository/com/sun/xml/bind/jaxb-impl/2.3.0.1/jaxb-impl-2.3.0.1.jar:/home/user/.m2/repository/com/sun/xml/bind/jaxb-core/2.3.0.1/jaxb-core-2.3.0.1.jar:/home/user/.m2/repository/javax/xml/bind/jaxb-api/2.3.0/jaxb-api-2.3.0.jar:/home/user/.m2/repository/javax/activation/activation/1.1.1/activation-1.1.1.jar:/home/user/.m2/repository/org/apache/hadoop/hadoop-ozone-csi/0.5.0-SNAPSHOT/hadoop-ozone-csi-0.5.0-SNAPSHOT.jar:/home/user/.m2/repository/com/google/protobuf/protobuf-java-util/3.5.1/protobuf-java-util-3.5.1.jar:/home/user/.m2/repository/org/apache/hadoop/hadoop-hdds-config/0.5.0-SNAPSHOT/hadoop-hdds-config-0.5.0-SNAPSHOT.jar:/home/user/.m2/repository/io/grpc/grpc-netty/1.17.1/grpc-netty-1.17.1.jar:/home/user/.m2/repository/io/grpc/grpc-core/1.17.1/grpc-core-1.17.1.jar:/home/user/.m2/repository/io/grpc/grpc-context/1.17.1/grpc-context-1.17.1.jar:/home/user/.m2/repository/com/google/errorprone/error_prone_annotations/2.2.0/error_prone_annotations-2.2.0.jar:/home/user/.m2/repository/org/codehaus/mojo/animal-sniffer-annotations/1.17/animal-sniffer-annotations-1.17.jar:/home/user/.m2/repository/io/opencensus/opencensus-api/0.17.0/opencensus-api-0.17.0.jar:/home/user/.m2/repository/io/opencensus/opencensus-contrib-grpc-metrics/0.17.0/opencensus-contrib-grpc-metrics-0.17.0.jar:/home/user/.m2/repository/io/netty/netty-codec-http2/4.1.30.Final/netty-codec-http2-4.1.30.Final.jar:/home/user/.m2/repository/io/netty/netty-codec-http/4.1.30.Final/netty-codec-http-4.1.30.Final.jar:/home/user/.m2/repository/io/netty/netty-codec/4.1.30.Final/netty-codec-4.1.30.Final.jar:/home/user/.m2/repository/io/netty/netty-handler/4.1.30.Final/netty-handler-4.1.30.Final.jar:/home/user/.m2/repository/io/netty/netty-handler-proxy/4.1.30.Final/netty-handler-proxy-4.1.30.Final.jar:/home/user/.m2/repository/io/netty/netty-codec-socks/4.1.30.Final/netty-codec-socks-4.1.30.Final.jar:/home/user/.m2/repository/io/netty/netty-transport-native-epoll/4.1.30.Final/netty-transport-native-epoll-4.1.30.Final.jar:/home/user/.m2/repository/io/netty/netty-common/4.1.30.Final/netty-common-4.1.30.Final.jar:/home/user/.m2/repository/io/netty/netty-buffer/4.1.30.Final/netty-buffer-4.1.30.Final.jar:/home/user/.m2/repository/io/netty/netty-transport/4.1.30.Final/netty-transport-4.1.30.Final.jar:/home/user/.m2/repository/io/netty/netty-resolver/4.1.30.Final/netty-resolver-4.1.30.Final.jar:/home/user/.m2/repository/io/netty/netty-transport-native-unix-common/4.1.30.Final/netty-transport-native-unix-common-4.1.30.Final.jar:/home/user/.m2/repository/io/grpc/grpc-protobuf/1.17.1/grpc-protobuf-1.17.1.jar:/home/user/.m2/repository/com/google/api/grpc/proto-google-common-protos/1.0.0/proto-google-common-protos-1.0.0.jar:/home/user/.m2/repository/io/grpc/grpc-protobuf-lite/1.17.1/grpc-protobuf-lite-1.17.1.jar:/home/user/.m2/repository/io/grpc/grpc-stub/1.17.1/grpc-stub-1.17.1.jar:/home/user/.m2/repository/org/apache/hadoop/hadoop-ozone-recon/0.5.0-SNAPSHOT/hadoop-ozone-recon-0.5.0-SNAPSHOT.jar:/home/user/.m2/repository/org/apache/hadoop/hadoop-ozone-reconcodegen/0.5.0-SNAPSHOT/hadoop-ozone-reconcodegen-0.5.0-SNAPSHOT.jar:/home/user/.m2/repository/com/google/inject/extensions/guice-multibindings/4.0/guice-multibindings-4.0.jar:/home/user/.m2/repository/com/google/inject/guice/4.0/guice-4.0.jar:/home/user/.m2/repository/aopalliance/aopalliance/1.0/aopalliance-1.0.jar:/home/user/.m2/repository/com/google/inject/extensions/guice-servlet/4.0/guice-servlet-4.0.jar:/home/user/.m2/repository/org/glassfish/jersey/containers/jersey-container-servlet/2.27/jersey-container-servlet-2.27.jar:/home/user/.m2/repository/org/glassfish/hk2/guice-bridge/2.5.0/guice-bridge-2.5.0.jar:/home/user/.m2/repository/org/glassfish/jersey/core/jersey-server/2.27/jersey-server-2.27.jar:/home/user/.m2/repository/org/glassfish/jersey/core/jersey-client/2.27/jersey-client-2.27.jar:/home/user/.m2/repository/org/glassfish/jersey/media/jersey-media-jaxb/2.27/jersey-media-jaxb-2.27.jar:/home/user/.m2/repository/javax/validation/validation-api/1.1.0.Final/validation-api-1.1.0.Final.jar:/home/user/.m2/repository/org/glassfish/jersey/media/jersey-media-json-jackson/2.27/jersey-media-json-jackson-2.27.jar:/home/user/.m2/repository/org/glassfish/jersey/ext/jersey-entity-filtering/2.27/jersey-entity-filtering-2.27.jar:/home/user/.m2/repository/com/google/inject/extensions/guice-assistedinject/4.0/guice-assistedinject-4.0.jar:/home/user/.m2/repository/org/jooq/jooq/3.11.10/jooq-3.11.10.jar:/home/user/.m2/repository/org/jooq/jooq-meta/3.11.10/jooq-meta-3.11.10.jar:/home/user/.m2/repository/org/jooq/jooq-codegen/3.11.10/jooq-codegen-3.11.10.jar:/home/user/.m2/repository/com/jolbox/bonecp/0.8.0.RELEASE/bonecp-0.8.0.RELEASE.jar:/home/user/.m2/repository/org/xerial/sqlite-jdbc/3.25.2/sqlite-jdbc-3.25.2.jar:/home/user/.m2/repository/org/springframework/spring-jdbc/5.1.3.RELEASE/spring-jdbc-5.1.3.RELEASE.jar:/home/user/.m2/repository/org/springframework/spring-beans/5.1.3.RELEASE/spring-beans-5.1.3.RELEASE.jar:/home/user/.m2/repository/org/springframework/spring-core/5.1.3.RELEASE/spring-core-5.1.3.RELEASE.jar:/home/user/.m2/repository/org/springframework/spring-jcl/5.1.3.RELEASE/spring-jcl-5.1.3.RELEASE.jar:/home/user/.m2/repository/org/springframework/spring-tx/5.1.3.RELEASE/spring-tx-5.1.3.RELEASE.jar:/home/user/.m2/repository/org/apache/hadoop/hadoop-ozone-client/0.5.0-SNAPSHOT/hadoop-ozone-client-0.5.0-SNAPSHOT.jar:/home/user/.m2/repository/commons-lang/commons-lang/2.6/commons-lang-2.6.jar:/home/user/.m2/repository/org/apache/hadoop/hadoop-ozone-ozone-manager/0.5.0-SNAPSHOT/hadoop-ozone-ozone-manager-0.5.0-SNAPSHOT-tests.jar:/home/user/.m2/repository/junit/junit/4.11/junit-4.11.jar:/home/user/.m2/repository/org/hamcrest/hamcrest-core/1.3/hamcrest-core-1.3.jar:/home/user/.m2/repository/org/openjdk/jmh/jmh-core/1.19/jmh-core-1.19.jar:/home/user/.m2/repository/net/sf/jopt-simple/jopt-simple/4.6/jopt-simple-4.6.jar:/home/user/.m2/repository/org/apache/commons/commons-math3/3.1.1/commons-math3-3.1.1.jar:/home/user/.m2/repository/org/openjdk/jmh/jmh-generator-annprocess/1.19/jmh-generator-annprocess-1.19.jar:/home/user/.m2/repository/org/mockito/mockito-all/1.8.5/mockito-all-1.8.5.jar:/home/user/.m2/repository/org/apache/hadoop/hadoop-kms/3.2.0/hadoop-kms-3.2.0.jar:/home/user/.m2/repository/org/apache/hadoop/hadoop-auth/3.2.0/hadoop-auth-3.2.0.jar:/home/user/.m2/repository/com/nimbusds/nimbus-jose-jwt/4.41.1/nimbus-jose-jwt-4.41.1.jar:/home/user/.m2/repository/com/github/stephenc/jcip/jcip-annotations/1.0-1/jcip-annotations-1.0-1.jar:/home/user/.m2/repository/net/minidev/json-smart/2.3/json-smart-2.3.jar:/home/user/.m2/repository/net/minidev/accessors-smart/1.2/accessors-smart-1.2.jar:/home/user/.m2/repository/org/ow2/asm/asm/5.0.4/asm-5.0.4.jar:/home/user/.m2/repository/org/apache/curator/curator-framework/2.12.0/curator-framework-2.12.0.jar:/home/user/.m2/repository/com/sun/jersey/jersey-core/1.19/jersey-core-1.19.jar:/home/user/.m2/repository/javax/ws/rs/jsr311-api/1.1.1/jsr311-api-1.1.1.jar:/home/user/.m2/repository/com/sun/jersey/jersey-server/1.19/jersey-server-1.19.jar:/home/user/.m2/repository/javax/servlet/javax.servlet-api/3.1.0/javax.servlet-api-3.1.0.jar:/home/user/.m2/repository/org/eclipse/jetty/jetty-server/9.3.25.v20180904/jetty-server-9.3.25.v20180904.jar:/home/user/.m2/repository/org/eclipse/jetty/jetty-http/9.3.25.v20180904/jetty-http-9.3.25.v20180904.jar:/home/user/.m2/repository/org/eclipse/jetty/jetty-io/9.3.25.v20180904/jetty-io-9.3.25.v20180904.jar:/home/user/.m2/repository/org/eclipse/jetty/jetty-webapp/9.3.25.v20180904/jetty-webapp-9.3.25.v20180904.jar:/home/user/.m2/repository/org/eclipse/jetty/jetty-xml/9.3.25.v20180904/jetty-xml-9.3.25.v20180904.jar:/home/user/.m2/repository/log4j/log4j/1.2.17/log4j-1.2.17.jar:/home/user/.m2/repository/org/slf4j/slf4j-api/1.7.25/slf4j-api-1.7.25.jar:/home/user/.m2/repository/org/slf4j/jul-to-slf4j/1.7.25/jul-to-slf4j-1.7.25.jar:/home/user/.m2/repository/org/eclipse/jetty/jetty-util/9.3.25.v20180904/jetty-util-9.3.25.v20180904.jar:/home/user/.m2/repository/com/fasterxml/jackson/core/jackson-databind/2.9.9/jackson-databind-2.9.9.jar:/home/user/.m2/repository/org/apache/hadoop/hadoop-kms/3.2.0/hadoop-kms-3.2.0-tests.jar:/home/user/.m2/repository/org/apache/hadoop/hadoop-hdds-server-scm/0.5.0-SNAPSHOT/hadoop-hdds-server-scm-0.5.0-SNAPSHOT-tests.jar:/home/user/.m2/repository/org/apache/hadoop/hadoop-hdds-container-service/0.5.0-SNAPSHOT/hadoop-hdds-container-service-0.5.0-SNAPSHOT-tests.jar:/home/user/.m2/repository/org/yaml/snakeyaml/1.16/snakeyaml-1.16.jar:/home/user/.m2/repository/org/apache/hadoop/hadoop-common/3.2.0/hadoop-common-3.2.0-tests.jar:/home/user/.m2/repository/org/apache/hadoop/hadoop-annotations/3.2.0/hadoop-annotations-3.2.0.jar:/usr/lib/jvm/java-1.8-openjdk/jre/../lib/tools.jar:/home/user/.m2/repository/commons-cli/commons-cli/1.2/commons-cli-1.2.jar:/home/user/.m2/repository/org/apache/httpcomponents/httpclient/4.5.2/httpclient-4.5.2.jar:/home/user/.m2/repository/org/apache/httpcomponents/httpcore/4.4.4/httpcore-4.4.4.jar:/home/user/.m2/repository/commons-codec/commons-codec/1.11/commons-codec-1.11.jar:/home/user/.m2/repository/commons-net/commons-net/3.6/commons-net-3.6.jar:/home/user/.m2/repository/commons-collections/commons-collections/3.2.2/commons-collections-3.2.2.jar:/home/user/.m2/repository/org/eclipse/jetty/jetty-servlet/9.3.25.v20180904/jetty-servlet-9.3.25.v20180904.jar:/home/user/.m2/repository/org/eclipse/jetty/jetty-security/9.3.25.v20180904/jetty-security-9.3.25.v20180904.jar:/home/user/.m2/repository/javax/servlet/jsp/jsp-api/2.1/jsp-api-2.1.jar:/home/user/.m2/repository/com/sun/jersey/jersey-servlet/1.19/jersey-servlet-1.19.jar:/home/user/.m2/repository/com/sun/jersey/jersey-json/1.19/jersey-json-1.19.jar:/home/user/.m2/repository/org/codehaus/jettison/jettison/1.1/jettison-1.1.jar:/home/user/.m2/repository/org/codehaus/jackson/jackson-core-asl/1.9.13/jackson-core-asl-1.9.13.jar:/home/user/.m2/repository/org/codehaus/jackson/jackson-mapper-asl/1.9.13/jackson-mapper-asl-1.9.13.jar:/home/user/.m2/repository/org/codehaus/jackson/jackson-jaxrs/1.9.13/jackson-jaxrs-1.9.13.jar:/home/user/.m2/repository/org/codehaus/jackson/jackson-xc/1.9.13/jackson-xc-1.9.13.jar:/home/user/.m2/repository/commons-logging/commons-logging/1.1.3/commons-logging-1.1.3.jar:/home/user/.m2/repository/commons-beanutils/commons-beanutils/1.9.4/commons-beanutils-1.9.4.jar:/home/user/.m2/repository/org/apache/commons/commons-configuration2/2.1.1/commons-configuration2-2.1.1.jar:/home/user/.m2/repository/org/apache/commons/commons-lang3/3.7/commons-lang3-3.7.jar:/home/user/.m2/repository/org/apache/commons/commons-text/1.4/commons-text-1.4.jar:/home/user/.m2/repository/org/apache/avro/avro/1.7.7/avro-1.7.7.jar:/home/user/.m2/repository/com/thoughtworks/paranamer/paranamer/2.3/paranamer-2.3.jar:/home/user/.m2/repository/org/xerial/snappy/snappy-java/1.0.5/snappy-java-1.0.5.jar:/home/user/.m2/repository/com/google/re2j/re2j/1.1/re2j-1.1.jar:/home/user/.m2/repository/com/google/code/gson/gson/2.2.4/gson-2.2.4.jar:/home/user/.m2/repository/com/jcraft/jsch/0.1.54/jsch-0.1.54.jar:/home/user/.m2/repository/org/apache/curator/curator-client/2.12.0/curator-client-2.12.0.jar:/home/user/.m2/repository/org/apache/curator/curator-recipes/2.12.0/curator-recipes-2.12.0.jar:/home/user/.m2/repository/com/google/code/findbugs/jsr305/3.0.0/jsr305-3.0.0.jar:/home/user/.m2/repository/org/apache/htrace/htrace-core4/4.1.0-incubating/htrace-core4-4.1.0-incubating.jar:/home/user/.m2/repository/org/apache/zookeeper/zookeeper/3.5.5/zookeeper-3.5.5.jar:/home/user/.m2/repository/org/apache/zookeeper/zookeeper-jute/3.5.5/zookeeper-jute-3.5.5.jar:/home/user/.m2/repository/org/apache/yetus/audience-annotations/0.5.0/audience-annotations-0.5.0.jar:/home/user/.m2/repository/org/codehaus/woodstox/stax2-api/3.1.4/stax2-api-3.1.4.jar:/home/user/.m2/repository/com/fasterxml/woodstox/woodstox-core/5.0.3/woodstox-core-5.0.3.jar:/home/user/.m2/repository/dnsjava/dnsjava/2.1.7/dnsjava-2.1.7.jar:/home/user/.m2/repository/org/apache/hadoop/hadoop-hdfs/3.2.0/hadoop-hdfs-3.2.0-tests.jar:/home/user/.m2/repository/org/eclipse/jetty/jetty-util-ajax/9.3.25.v20180904/jetty-util-ajax-9.3.25.v20180904.jar:/home/user/.m2/repository/commons-daemon/commons-daemon/1.0.13/commons-daemon-1.0.13.jar:/home/user/.m2/repository/io/netty/netty/3.10.5.Final/netty-3.10.5.Final.jar:/home/user/.m2/repository/io/netty/netty-all/4.0.52.Final/netty-all-4.0.52.Final.jar:/home/user/.m2/repository/org/fusesource/leveldbjni/leveldbjni-all/1.8/leveldbjni-all-1.8.jar:"/>
    <property name="sun.cpu.endian" value="little"/>
    <property name="user.home" value="/home/user"/>
    <property name="user.language" value="en"/>
    <property name="java.specification.vendor" value="Oracle Corporation"/>
    <property name="java.home" value="/usr/lib/jvm/java-1.8-openjdk/jre"/>
    <property name="java.security.krb5.conf" value="/workdir/hadoop-ozone/integration-test/target/test-classes/krb5.conf"/>
    <property name="basedir" value="/workdir/hadoop-ozone/integration-test"/>
    <property name="file.separator" value="/"/>
    <property name="line.separator" value="&#10;"/>
    <property name="java.vm.specification.vendor" value="Oracle Corporation"/>
    <property name="java.specification.name" value="Java Platform API Specification"/>
    <property name="java.awt.graphicsenv" value="sun.awt.X11GraphicsEnvironment"/>
    <property name="surefire.real.class.path" value="/workdir/hadoop-ozone/integration-test/target/surefire/surefirebooter369502324786812121.jar"/>
    <property name="hadoop.log.dir" value="/workdir/hadoop-ozone/integration-test/target/log"/>
    <property name="sun.boot.class.path" value="/usr/lib/jvm/java-1.8-openjdk/jre/lib/resources.jar:/usr/lib/jvm/java-1.8-openjdk/jre/lib/rt.jar:/usr/lib/jvm/java-1.8-openjdk/jre/lib/sunrsasign.jar:/usr/lib/jvm/java-1.8-openjdk/jre/lib/jsse.jar:/usr/lib/jvm/java-1.8-openjdk/jre/lib/jce.jar:/usr/lib/jvm/java-1.8-openjdk/jre/lib/charsets.jar:/usr/lib/jvm/java-1.8-openjdk/jre/lib/jfr.jar:/usr/lib/jvm/java-1.8-openjdk/jre/classes"/>
    <property name="sun.management.compiler" value="HotSpot 64-Bit Tiered Compilers"/>
    <property name="java.runtime.version" value="1.8.0_212-b04"/>
    <property name="java.net.preferIPv4Stack" value="true"/>
    <property name="user.name" value="jenkins1000"/>
    <property name="path.separator" value=":"/>
    <property name="java.security.egd" value="file:///dev/urandom"/>
    <property name="os.version" value="3.10.0-957.12.2.el7.x86_64"/>
    <property name="java.endorsed.dirs" value="/usr/lib/jvm/java-1.8-openjdk/jre/lib/endorsed"/>
    <property name="java.runtime.name" value="OpenJDK Runtime Environment"/>
    <property name="file.encoding" value="UTF-8"/>
    <property name="java.vm.name" value="OpenJDK 64-Bit Server VM"/>
    <property name="test.build.webapps" value=""/>
    <property name="localRepository" value="/home/user/.m2/repository"/>
    <property name="java.vendor.url.bug" value="https://icedtea.classpath.org/bugzilla"/>
    <property name="java.io.tmpdir" value="/tmp"/>
    <property name="require.test.libhadoop" value=""/>
    <property name="java.version" value="1.8.0_212"/>
    <property name="user.dir" value="/workdir/hadoop-ozone/integration-test"/>
    <property name="os.arch" value="amd64"/>
    <property name="java.vm.specification.name" value="Java Virtual Machine Specification"/>
    <property name="test.build.classes" value="/workdir/hadoop-ozone/integration-test/target/test-classes"/>
    <property name="java.awt.printerjob" value="sun.print.PSPrinterJob"/>
    <property name="sun.os.patch.level" value="unknown"/>
    <property name="hadoop.tmp.dir" value="/workdir/hadoop-ozone/integration-test/target/tmp"/>
    <property name="java.library.path" value="/usr/lib/jvm/java-1.8-openjdk/jre/lib/amd64/server:/usr/lib/jvm/java-1.8-openjdk/jre/lib/amd64:/usr/lib/jvm/java-1.8-openjdk/jre/../lib/amd64:/workdir/hadoop-ozone/integration-test/target/native/target/usr/local/lib:/workdir/hadoop-ozone/integration-test/../../hadoop-common-project/hadoop-common/target/native/target/usr/local/lib:/usr/java/packages/lib/amd64:/usr/lib64:/lib64:/lib:/usr/lib"/>
    <property name="java.vm.info" value="mixed mode"/>
    <property name="java.vendor" value="IcedTea"/>
    <property name="java.vm.version" value="25.212-b04"/>
    <property name="java.ext.dirs" value="/usr/lib/jvm/java-1.8-openjdk/jre/lib/ext:/usr/java/packages/lib/ext"/>
    <property name="sun.io.unicode.encoding" value="UnicodeLittle"/>
    <property name="java.class.version" value="52.0"/>
  </properties>
  <testcase name="org.apache.hadoop.ozone.client.rpc.TestCommitWatcher" classname="org.apache.hadoop.ozone.client.rpc.TestCommitWatcher" time="31.527">
    <error message="io.opentracing.ScopeManager.activeSpan()Lio/opentracing/Span;" type="java.lang.NoSuchMethodError"><![CDATA[java.lang.NoSuchMethodError: io.opentracing.ScopeManager.activeSpan()Lio/opentracing/Span;
	at io.jaegertracing.internal.JaegerTracer$SpanBuilder.start(JaegerTracer.java:440)
	at io.jaegertracing.internal.JaegerTracer$SpanBuilder$1.<init>(JaegerTracer.java:485)
	at io.jaegertracing.internal.JaegerTracer$SpanBuilder.startActive(JaegerTracer.java:484)
	at org.apache.hadoop.hdds.tracing.TraceAllMethod.invoke(TraceAllMethod.java:64)
	at com.sun.proxy.$Proxy37.getServiceList(Unknown Source)
	at org.apache.hadoop.ozone.client.rpc.RpcClient.getScmAddressForClient(RpcClient.java:248)
	at org.apache.hadoop.ozone.client.rpc.RpcClient.<init>(RpcClient.java:167)
	at org.apache.hadoop.ozone.client.OzoneClientFactory.getClientProtocol(OzoneClientFactory.java:256)
	at org.apache.hadoop.ozone.client.OzoneClientFactory.getClientProtocol(OzoneClientFactory.java:239)
	at org.apache.hadoop.ozone.client.OzoneClientFactory.getClient(OzoneClientFactory.java:75)
	at org.apache.hadoop.ozone.client.rpc.TestCommitWatcher.init(TestCommitWatcher.java:107)
	at sun.reflect.NativeMethodAccessorImpl.invoke0(Native Method)
	at sun.reflect.NativeMethodAccessorImpl.invoke(NativeMethodAccessorImpl.java:62)
	at sun.reflect.DelegatingMethodAccessorImpl.invoke(DelegatingMethodAccessorImpl.java:43)
	at java.lang.reflect.Method.invoke(Method.java:498)
	at org.junit.runners.model.FrameworkMethod$1.runReflectiveCall(FrameworkMethod.java:47)
	at org.junit.internal.runners.model.ReflectiveCallable.run(ReflectiveCallable.java:12)
	at org.junit.runners.model.FrameworkMethod.invokeExplosively(FrameworkMethod.java:44)
	at org.junit.internal.runners.statements.RunBefores.evaluate(RunBefores.java:24)
	at org.junit.internal.runners.statements.RunAfters.evaluate(RunAfters.java:27)
	at org.junit.runners.ParentRunner.run(ParentRunner.java:309)
	at org.apache.maven.surefire.junit4.JUnit4Provider.execute(JUnit4Provider.java:365)
	at org.apache.maven.surefire.junit4.JUnit4Provider.executeWithRerun(JUnit4Provider.java:273)
	at org.apache.maven.surefire.junit4.JUnit4Provider.executeTestSet(JUnit4Provider.java:238)
	at org.apache.maven.surefire.junit4.JUnit4Provider.invoke(JUnit4Provider.java:159)
	at org.apache.maven.surefire.booter.ForkedBooter.invokeProviderInSameClassLoader(ForkedBooter.java:384)
	at org.apache.maven.surefire.booter.ForkedBooter.runSuitesInProcess(ForkedBooter.java:345)
	at org.apache.maven.surefire.booter.ForkedBooter.execute(ForkedBooter.java:126)
	at org.apache.maven.surefire.booter.ForkedBooter.main(ForkedBooter.java:418)
]]></error>
    <system-out><![CDATA[2019-09-18 22:20:22,681 [main] WARN  server.ServerUtils (ServerUtils.java:getScmDbDir(145)) - ozone.scm.db.dirs is not configured. We recommend adding this setting. Falling back to ozone.metadata.dirs instead.
2019-09-18 22:20:22,813 [main] WARN  server.ServerUtils (ServerUtils.java:getScmDbDir(145)) - ozone.scm.db.dirs is not configured. We recommend adding this setting. Falling back to ozone.metadata.dirs instead.
2019-09-18 22:20:22,817 [main] WARN  server.ServerUtils (ServerUtils.java:getScmDbDir(145)) - ozone.scm.db.dirs is not configured. We recommend adding this setting. Falling back to ozone.metadata.dirs instead.
2019-09-18 22:20:22,836 [main] INFO  util.log (Log.java:initialized(192)) - Logging initialized @927ms
2019-09-18 22:20:22,951 [main] INFO  db.DBStoreBuilder (DBStoreBuilder.java:addTable(110)) - using custom profile for table: deletedBlocks
2019-09-18 22:20:22,952 [main] INFO  db.DBStoreBuilder (DBStoreBuilder.java:processTables(161)) - Using default column profile:DBProfile.DISK for Table:deletedBlocks
2019-09-18 22:20:22,952 [main] INFO  db.DBStoreBuilder (DBStoreBuilder.java:addTable(110)) - using custom profile for table: validCerts
2019-09-18 22:20:22,952 [main] INFO  db.DBStoreBuilder (DBStoreBuilder.java:processTables(161)) - Using default column profile:DBProfile.DISK for Table:validCerts
2019-09-18 22:20:22,953 [main] INFO  db.DBStoreBuilder (DBStoreBuilder.java:addTable(110)) - using custom profile for table: revokedCerts
2019-09-18 22:20:22,953 [main] INFO  db.DBStoreBuilder (DBStoreBuilder.java:processTables(161)) - Using default column profile:DBProfile.DISK for Table:revokedCerts
2019-09-18 22:20:22,968 [main] INFO  db.DBStoreBuilder (DBStoreBuilder.java:addTable(110)) - using custom profile for table: default
2019-09-18 22:20:22,969 [main] INFO  db.DBStoreBuilder (DBStoreBuilder.java:processTables(167)) - Using default column profile:DBProfile.DISK for Table:default
2019-09-18 22:20:22,970 [main] INFO  db.DBStoreBuilder (DBStoreBuilder.java:getDbProfile(198)) - Using default options. DBProfile.DISK
2019-09-18 22:20:23,260 [main] INFO  net.NodeSchemaLoader (NodeSchemaLoader.java:loadSchemaFromFile(125)) - Loading file from sun.misc.CompoundEnumeration@30c15d8b
2019-09-18 22:20:23,263 [main] INFO  net.NodeSchemaLoader (NodeSchemaLoader.java:loadSchema(171)) - Loading network topology layer schema file
2019-09-18 22:20:23,358 [main] INFO  node.SCMNodeManager (SCMNodeManager.java:<init>(114)) - Entering startup safe mode.
2019-09-18 22:20:23,431 [main] INFO  algorithms.ContainerPlacementPolicyFactory (ContainerPlacementPolicyFactory.java:getPolicy(57)) - Create container placement policy of type org.apache.hadoop.hdds.scm.container.placement.algorithms.SCMContainerPlacementRandom
2019-09-18 22:20:23,446 [main] WARN  server.ServerUtils (ServerUtils.java:getScmDbDir(145)) - ozone.scm.db.dirs is not configured. We recommend adding this setting. Falling back to ozone.metadata.dirs instead.
2019-09-18 22:20:23,508 [main] INFO  pipeline.SCMPipelineManager (SCMPipelineManager.java:initializePipelineState(128)) - No pipeline exists in current db
2019-09-18 22:20:23,511 [main] WARN  server.ServerUtils (ServerUtils.java:getScmDbDir(145)) - ozone.scm.db.dirs is not configured. We recommend adding this setting. Falling back to ozone.metadata.dirs instead.
2019-09-18 22:20:23,616 [main] WARN  events.EventQueue (EventQueue.java:fireEvent(183)) - No event handler registered for event TypedEvent{payloadType=SafeModeStatus, name='SafeModeStatus'}
2019-09-18 22:20:23,978 [main] INFO  ipc.CallQueueManager (CallQueueManager.java:<init>(84)) - Using callQueue: class java.util.concurrent.LinkedBlockingQueue, queueCapacity: 2000, scheduler: class org.apache.hadoop.ipc.DefaultRpcScheduler, ipcBackoff: false.
2019-09-18 22:20:24,114 [Socket Reader #1 for port 43089] INFO  ipc.Server (Server.java:run(1074)) - Starting Socket Reader #1 for port 43089
2019-09-18 22:20:24,149 [main] INFO  ipc.CallQueueManager (CallQueueManager.java:<init>(84)) - Using callQueue: class java.util.concurrent.LinkedBlockingQueue, queueCapacity: 2000, scheduler: class org.apache.hadoop.ipc.DefaultRpcScheduler, ipcBackoff: false.
2019-09-18 22:20:24,151 [Socket Reader #1 for port 34431] INFO  ipc.Server (Server.java:run(1074)) - Starting Socket Reader #1 for port 34431
2019-09-18 22:20:24,160 [main] INFO  ipc.CallQueueManager (CallQueueManager.java:<init>(84)) - Using callQueue: class java.util.concurrent.LinkedBlockingQueue, queueCapacity: 2000, scheduler: class org.apache.hadoop.ipc.DefaultRpcScheduler, ipcBackoff: false.
2019-09-18 22:20:24,161 [Socket Reader #1 for port 44766] INFO  ipc.Server (Server.java:run(1074)) - Starting Socket Reader #1 for port 44766
2019-09-18 22:20:24,186 [main] INFO  hdfs.DFSUtil (DFSUtil.java:httpServerTemplateForNNAndJN(1641)) - Starting Web-server for scm at: http://0.0.0.0:0
2019-09-18 22:20:24,375 [main] INFO  server.AuthenticationFilter (AuthenticationFilter.java:constructSecretProvider(240)) - Unable to initialize FileSignerSecretProvider, falling back to use random secrets.
2019-09-18 22:20:24,383 [main] WARN  http.HttpRequestLog (HttpRequestLog.java:getRequestLog(97)) - Jetty request log can only be enabled using Log4j
2019-09-18 22:20:24,392 [main] INFO  http.HttpServer2 (HttpServer2.java:addGlobalFilter(975)) - Added global filter 'safety' (class=org.apache.hadoop.http.HttpServer2$QuotingInputFilter)
2019-09-18 22:20:24,395 [main] INFO  http.HttpServer2 (HttpServer2.java:addFilter(948)) - Added filter static_user_filter (class=org.apache.hadoop.http.lib.StaticUserWebFilter$StaticUserFilter) to context scm
2019-09-18 22:20:24,395 [main] INFO  http.HttpServer2 (HttpServer2.java:addFilter(958)) - Added filter static_user_filter (class=org.apache.hadoop.http.lib.StaticUserWebFilter$StaticUserFilter) to context logs
2019-09-18 22:20:24,395 [main] INFO  http.HttpServer2 (HttpServer2.java:addFilter(958)) - Added filter static_user_filter (class=org.apache.hadoop.http.lib.StaticUserWebFilter$StaticUserFilter) to context static
2019-09-18 22:20:24,431 [main] INFO  server.StorageContainerManager (StorageContainerManager.java:start(763)) - StorageContainerLocationProtocol RPC server is listening at /0.0.0.0:44766
2019-09-18 22:20:24,492 [main] WARN  impl.MetricsConfig (MetricsConfig.java:loadFirst(134)) - Cannot locate configuration: tried hadoop-metrics2-storagecontainermanager.properties,hadoop-metrics2.properties
2019-09-18 22:20:24,505 [main] INFO  impl.MetricsSystemImpl (MetricsSystemImpl.java:startTimer(374)) - Scheduled Metric snapshot period at 10 second(s).
2019-09-18 22:20:24,505 [main] INFO  impl.MetricsSystemImpl (MetricsSystemImpl.java:start(191)) - StorageContainerManager metrics system started
2019-09-18 22:20:24,764 [main] INFO  server.SCMClientProtocolServer (SCMClientProtocolServer.java:start(151)) - RPC server for Client  is listening at /0.0.0.0:44766
2019-09-18 22:20:24,764 [IPC Server Responder] INFO  ipc.Server (Server.java:run(1314)) - IPC Server Responder: starting
2019-09-18 22:20:24,764 [IPC Server listener on 44766] INFO  ipc.Server (Server.java:run(1153)) - IPC Server listener on 44766: starting
2019-09-18 22:20:24,767 [main] INFO  server.StorageContainerManager (StorageContainerManager.java:start(773)) - ScmBlockLocationProtocol RPC server is listening at /0.0.0.0:34431
2019-09-18 22:20:24,768 [main] INFO  server.SCMBlockProtocolServer (SCMBlockProtocolServer.java:start(146)) - RPC server for Block Protocol is listening at /0.0.0.0:34431
2019-09-18 22:20:24,769 [IPC Server Responder] INFO  ipc.Server (Server.java:run(1314)) - IPC Server Responder: starting
2019-09-18 22:20:24,769 [IPC Server listener on 34431] INFO  ipc.Server (Server.java:run(1153)) - IPC Server listener on 34431: starting
2019-09-18 22:20:24,771 [main] INFO  server.StorageContainerManager (StorageContainerManager.java:start(777)) - ScmDatanodeProtocl RPC server is listening at /0.0.0.0:43089
2019-09-18 22:20:24,771 [main] INFO  server.SCMDatanodeProtocolServer (SCMDatanodeProtocolServer.java:start(191)) - RPC server for DataNodes is listening at /0.0.0.0:43089
2019-09-18 22:20:24,772 [IPC Server Responder] INFO  ipc.Server (Server.java:run(1314)) - IPC Server Responder: starting
2019-09-18 22:20:24,772 [IPC Server listener on 43089] INFO  ipc.Server (Server.java:run(1153)) - IPC Server listener on 43089: starting
2019-09-18 22:20:24,775 [main] INFO  http.HttpServer2 (HttpServer2.java:bindListener(1191)) - Jetty bound to port 38596
2019-09-18 22:20:24,776 [main] INFO  server.Server (Server.java:doStart(351)) - jetty-9.3.25.v20180904, build timestamp: 2018-09-04T21:11:46Z, git hash: 3ce520221d0240229c862b122d2b06c12a625732
2019-09-18 22:20:24,807 [main] INFO  handler.ContextHandler (ContextHandler.java:doStart(781)) - Started o.e.j.s.ServletContextHandler@3a393455{/logs,file:///workdir/hadoop-ozone/integration-test/target/log,AVAILABLE}
2019-09-18 22:20:24,808 [main] INFO  handler.ContextHandler (ContextHandler.java:doStart(781)) - Started o.e.j.s.ServletContextHandler@7cbc3762{/static,file:///workdir/hadoop-ozone/integration-test/target/test-classes/webapps/static,AVAILABLE}
2019-09-18 22:20:24,836 [main] INFO  handler.ContextHandler (ContextHandler.java:doStart(781)) - Started o.e.j.w.WebAppContext@1ac85b0c{/,file:///workdir/hadoop-ozone/integration-test/target/test-classes/webapps/scm/,AVAILABLE}{/scm}
2019-09-18 22:20:24,841 [main] INFO  server.AbstractConnector (AbstractConnector.java:doStart(278)) - Started ServerConnector@544630b7{HTTP/1.1,[http/1.1]}{0.0.0.0:38596}
2019-09-18 22:20:24,841 [main] INFO  server.Server (Server.java:doStart(419)) - Started @2933ms
2019-09-18 22:20:24,843 [main] INFO  impl.MetricsSinkAdapter (MetricsSinkAdapter.java:start(204)) - Sink prometheus started
2019-09-18 22:20:24,843 [main] INFO  impl.MetricsSystemImpl (MetricsSystemImpl.java:registerSink(301)) - Registered sink prometheus
2019-09-18 22:20:24,844 [main] INFO  server.BaseHttpServer (BaseHttpServer.java:updateConnectorAddress(215)) - HTTP server of SCM is listening at http://0.0.0.0:38596
2019-09-18 22:20:24,850 [org.apache.hadoop.util.JvmPauseMonitor$Monitor@5f7f2382] INFO  util.JvmPauseMonitor (JvmPauseMonitor.java:run(188)) - Starting JVM pause monitor
2019-09-18 22:20:24,852 [main] WARN  server.ServerUtils (ServerUtils.java:getDBPath(222)) - ozone.om.db.dirs is not configured. We recommend adding this setting. Falling back to ozone.metadata.dirs instead.
2019-09-18 22:20:24,957 [main] WARN  server.ServerUtils (ServerUtils.java:getDBPath(222)) - ozone.om.db.dirs is not configured. We recommend adding this setting. Falling back to ozone.metadata.dirs instead.
2019-09-18 22:20:24,958 [main] WARN  server.ServerUtils (ServerUtils.java:getDBPath(222)) - ozone.om.db.dirs is not configured. We recommend adding this setting. Falling back to ozone.metadata.dirs instead.
2019-09-18 22:20:24,959 [main] INFO  om.OzoneManager (OzoneManager.java:setOMNodeDetails(649)) - OM Service ID is not set. Setting it to the default ID: omServiceIdDefault
2019-09-18 22:20:24,959 [main] INFO  om.OzoneManager (OzoneManager.java:setOMNodeDetails(655)) - OM Node ID is not set. Setting it to the OmStorage's OmID: 18211eff-8f07-4388-b81a-49810da80d01
2019-09-18 22:20:24,960 [main] INFO  om.OzoneManager (OzoneManager.java:loadOMHAConfigs(606)) - Found matching OM address with OMServiceId: null, OMNodeId: null, RPC Address: localhost:0 and Ratis port: 9872
2019-09-18 22:20:25,766 [main] WARN  server.ServerUtils (ServerUtils.java:getDBPath(222)) - ozone.om.db.dirs is not configured. We recommend adding this setting. Falling back to ozone.metadata.dirs instead.
2019-09-18 22:20:25,774 [main] INFO  db.DBStoreBuilder (DBStoreBuilder.java:addTable(110)) - using custom profile for table: userTable
2019-09-18 22:20:25,774 [main] INFO  db.DBStoreBuilder (DBStoreBuilder.java:processTables(161)) - Using default column profile:DBProfile.DISK for Table:userTable
2019-09-18 22:20:25,775 [main] INFO  db.DBStoreBuilder (DBStoreBuilder.java:addTable(110)) - using custom profile for table: volumeTable
2019-09-18 22:20:25,775 [main] INFO  db.DBStoreBuilder (DBStoreBuilder.java:processTables(161)) - Using default column profile:DBProfile.DISK for Table:volumeTable
2019-09-18 22:20:25,775 [main] INFO  db.DBStoreBuilder (DBStoreBuilder.java:addTable(110)) - using custom profile for table: bucketTable
2019-09-18 22:20:25,775 [main] INFO  db.DBStoreBuilder (DBStoreBuilder.java:processTables(161)) - Using default column profile:DBProfile.DISK for Table:bucketTable
2019-09-18 22:20:25,776 [main] INFO  db.DBStoreBuilder (DBStoreBuilder.java:addTable(110)) - using custom profile for table: keyTable
2019-09-18 22:20:25,776 [main] INFO  db.DBStoreBuilder (DBStoreBuilder.java:processTables(161)) - Using default column profile:DBProfile.DISK for Table:keyTable
2019-09-18 22:20:25,776 [main] INFO  db.DBStoreBuilder (DBStoreBuilder.java:addTable(110)) - using custom profile for table: deletedTable
2019-09-18 22:20:25,776 [main] INFO  db.DBStoreBuilder (DBStoreBuilder.java:processTables(161)) - Using default column profile:DBProfile.DISK for Table:deletedTable
2019-09-18 22:20:25,777 [main] INFO  db.DBStoreBuilder (DBStoreBuilder.java:addTable(110)) - using custom profile for table: openKeyTable
2019-09-18 22:20:25,777 [main] INFO  db.DBStoreBuilder (DBStoreBuilder.java:processTables(161)) - Using default column profile:DBProfile.DISK for Table:openKeyTable
2019-09-18 22:20:25,777 [main] INFO  db.DBStoreBuilder (DBStoreBuilder.java:addTable(110)) - using custom profile for table: s3Table
2019-09-18 22:20:25,777 [main] INFO  db.DBStoreBuilder (DBStoreBuilder.java:processTables(161)) - Using default column profile:DBProfile.DISK for Table:s3Table
2019-09-18 22:20:25,778 [main] INFO  db.DBStoreBuilder (DBStoreBuilder.java:addTable(110)) - using custom profile for table: multipartInfoTable
2019-09-18 22:20:25,778 [main] INFO  db.DBStoreBuilder (DBStoreBuilder.java:processTables(161)) - Using default column profile:DBProfile.DISK for Table:multipartInfoTable
2019-09-18 22:20:25,778 [main] INFO  db.DBStoreBuilder (DBStoreBuilder.java:addTable(110)) - using custom profile for table: dTokenTable
2019-09-18 22:20:25,778 [main] INFO  db.DBStoreBuilder (DBStoreBuilder.java:processTables(161)) - Using default column profile:DBProfile.DISK for Table:dTokenTable
2019-09-18 22:20:25,779 [main] INFO  db.DBStoreBuilder (DBStoreBuilder.java:addTable(110)) - using custom profile for table: s3SecretTable
2019-09-18 22:20:25,779 [main] INFO  db.DBStoreBuilder (DBStoreBuilder.java:processTables(161)) - Using default column profile:DBProfile.DISK for Table:s3SecretTable
2019-09-18 22:20:25,779 [main] INFO  db.DBStoreBuilder (DBStoreBuilder.java:addTable(110)) - using custom profile for table: prefixTable
2019-09-18 22:20:25,779 [main] INFO  db.DBStoreBuilder (DBStoreBuilder.java:processTables(161)) - Using default column profile:DBProfile.DISK for Table:prefixTable
2019-09-18 22:20:25,780 [main] INFO  db.DBStoreBuilder (DBStoreBuilder.java:addTable(110)) - using custom profile for table: default
2019-09-18 22:20:25,780 [main] INFO  db.DBStoreBuilder (DBStoreBuilder.java:processTables(167)) - Using default column profile:DBProfile.DISK for Table:default
2019-09-18 22:20:25,780 [main] INFO  db.DBStoreBuilder (DBStoreBuilder.java:getDbProfile(198)) - Using default options. DBProfile.DISK
2019-09-18 22:20:26,338 [main] INFO  ipc.CallQueueManager (CallQueueManager.java:<init>(84)) - Using callQueue: class java.util.concurrent.LinkedBlockingQueue, queueCapacity: 2000, scheduler: class org.apache.hadoop.ipc.DefaultRpcScheduler, ipcBackoff: false.
2019-09-18 22:20:26,339 [Socket Reader #1 for port 34714] INFO  ipc.Server (Server.java:run(1074)) - Starting Socket Reader #1 for port 34714
2019-09-18 22:20:26,360 [main] INFO  om.OzoneManager (OzoneManager.java:start(1240)) - OzoneManager RPC server is listening at localhost/127.0.0.1:34714
2019-09-18 22:20:26,360 [main] INFO  impl.MetricsSystemImpl (MetricsSystemImpl.java:init(158)) - OzoneManager metrics system started (again)
2019-09-18 22:20:26,362 [IPC Server Responder] INFO  ipc.Server (Server.java:run(1314)) - IPC Server Responder: starting
2019-09-18 22:20:26,362 [IPC Server listener on 34714] INFO  ipc.Server (Server.java:run(1153)) - IPC Server listener on 34714: starting
2019-09-18 22:20:26,368 [main] INFO  hdfs.DFSUtil (DFSUtil.java:httpServerTemplateForNNAndJN(1641)) - Starting Web-server for ozoneManager at: http://0.0.0.0:0
2019-09-18 22:20:26,370 [main] INFO  server.AuthenticationFilter (AuthenticationFilter.java:constructSecretProvider(240)) - Unable to initialize FileSignerSecretProvider, falling back to use random secrets.
2019-09-18 22:20:26,371 [main] WARN  http.HttpRequestLog (HttpRequestLog.java:getRequestLog(97)) - Jetty request log can only be enabled using Log4j
2019-09-18 22:20:26,374 [main] INFO  http.HttpServer2 (HttpServer2.java:addGlobalFilter(975)) - Added global filter 'safety' (class=org.apache.hadoop.http.HttpServer2$QuotingInputFilter)
2019-09-18 22:20:26,376 [main] INFO  http.HttpServer2 (HttpServer2.java:addFilter(948)) - Added filter static_user_filter (class=org.apache.hadoop.http.lib.StaticUserWebFilter$StaticUserFilter) to context ozoneManager
2019-09-18 22:20:26,376 [main] INFO  http.HttpServer2 (HttpServer2.java:addFilter(958)) - Added filter static_user_filter (class=org.apache.hadoop.http.lib.StaticUserWebFilter$StaticUserFilter) to context logs
2019-09-18 22:20:26,376 [main] INFO  http.HttpServer2 (HttpServer2.java:addFilter(958)) - Added filter static_user_filter (class=org.apache.hadoop.http.lib.StaticUserWebFilter$StaticUserFilter) to context static
2019-09-18 22:20:26,379 [main] INFO  http.HttpServer2 (HttpServer2.java:bindListener(1191)) - Jetty bound to port 34282
2019-09-18 22:20:26,379 [main] INFO  server.Server (Server.java:doStart(351)) - jetty-9.3.25.v20180904, build timestamp: 2018-09-04T21:11:46Z, git hash: 3ce520221d0240229c862b122d2b06c12a625732
2019-09-18 22:20:26,382 [main] INFO  handler.ContextHandler (ContextHandler.java:doStart(781)) - Started o.e.j.s.ServletContextHandler@963176{/logs,file:///workdir/hadoop-ozone/integration-test/target/log,AVAILABLE}
2019-09-18 22:20:26,382 [main] INFO  handler.ContextHandler (ContextHandler.java:doStart(781)) - Started o.e.j.s.ServletContextHandler@4cafa9aa{/static,file:///workdir/hadoop-ozone/integration-test/target/test-classes/webapps/static,AVAILABLE}
2019-09-18 22:20:26,389 [main] INFO  handler.ContextHandler (ContextHandler.java:doStart(781)) - Started o.e.j.w.WebAppContext@af78c87{/,file:///workdir/hadoop-ozone/integration-test/target/test-classes/webapps/ozoneManager/,AVAILABLE}{/ozoneManager}
2019-09-18 22:20:26,390 [main] INFO  server.AbstractConnector (AbstractConnector.java:doStart(278)) - Started ServerConnector@773dab28{HTTP/1.1,[http/1.1]}{0.0.0.0:34282}
2019-09-18 22:20:26,391 [main] INFO  server.Server (Server.java:doStart(419)) - Started @4483ms
2019-09-18 22:20:26,392 [main] WARN  impl.MetricsSystemImpl (MetricsSystemImpl.java:register(276)) - Sink prometheus already exists!
2019-09-18 22:20:26,393 [main] INFO  server.BaseHttpServer (BaseHttpServer.java:updateConnectorAddress(215)) - HTTP server of OZONEMANAGER is listening at http://0.0.0.0:34282
2019-09-18 22:20:26,719 [main] INFO  impl.MetricsSystemImpl (MetricsSystemImpl.java:init(158)) - HddsDatanode metrics system started (again)
2019-09-18 22:20:26,783 [main] INFO  ozone.HddsDatanodeService (HddsDatanodeService.java:start(184)) - HddsDatanodeService host:pr-hdds-2150-pzdq9-4118776691 ip:192.168.34.27
2019-09-18 22:20:26,823 [main] INFO  volume.HddsVolume (HddsVolume.java:<init>(176)) - Creating Volume: /workdir/hadoop-ozone/integration-test/target/test-dir/MiniOzoneClusterImpl-01fd2252-8e02-4c47-9516-e708e74f7f33/datanode-0/data/containers/hdds of  storage type : DISK and capacity : 1482555576320
2019-09-18 22:20:26,826 [main] INFO  volume.VolumeSet (VolumeSet.java:initializeVolumeSet(170)) - Added Volume : /workdir/hadoop-ozone/integration-test/target/test-dir/MiniOzoneClusterImpl-01fd2252-8e02-4c47-9516-e708e74f7f33/datanode-0/data/containers/hdds to VolumeSet
2019-09-18 22:20:26,832 [main] INFO  volume.ThrottledAsyncChecker (ThrottledAsyncChecker.java:schedule(139)) - Scheduling a check for org.apache.hadoop.ozone.container.common.volume.HddsVolume@45d6ef73
2019-09-18 22:20:26,858 [main] INFO  volume.HddsVolumeChecker (HddsVolumeChecker.java:checkAllVolumes(202)) - Scheduled health check for volume org.apache.hadoop.ozone.container.common.volume.HddsVolume@45d6ef73
2019-09-18 22:20:27,010 [main] INFO  impl.RaftServerProxy (ConfUtils.java:logGet(43)) - raft.rpc.type = GRPC (default)
2019-09-18 22:20:27,081 [main] INFO  grpc.GrpcFactory (GrpcFactory.java:checkPooledByteBufAllocatorUseCacheForAllThreads(45)) - PERFORMANCE WARNING: useCacheForAllThreads is true that may cause Netty to create a lot garbage objects and, as a result, trigger GC.
	It is recommended to disable useCacheForAllThreads by setting -Dorg.apache.ratis.thirdparty.io.netty.allocator.useCacheForAllThreads=false in command line.
2019-09-18 22:20:27,090 [main] INFO  grpc.GrpcConfigKeys$Server (ConfUtils.java:logGet(43)) - raft.grpc.server.port = 0 (default)
2019-09-18 22:20:27,091 [main] INFO  server.GrpcService (ConfUtils.java:logGet(43)) - raft.grpc.message.size.max = 33570816 (custom)
2019-09-18 22:20:27,094 [main] INFO  server.RaftServerConfigKeys (ConfUtils.java:logGet(43)) - raft.server.log.appender.buffer.byte-limit = 33554432 (custom)
2019-09-18 22:20:27,095 [main] INFO  server.GrpcService (ConfUtils.java:logGet(43)) - raft.grpc.flow.control.window = 1MB (=1048576) (default)
2019-09-18 22:20:27,096 [main] INFO  server.RaftServerConfigKeys (ConfUtils.java:logGet(43)) - raft.server.rpc.request.timeout = 3000ms (default)
2019-09-18 22:20:27,297 [main] INFO  server.RaftServerConfigKeys (ConfUtils.java:logGet(43)) - raft.server.storage.dir = [/workdir/hadoop-ozone/integration-test/target/test-dir/MiniOzoneClusterImpl-01fd2252-8e02-4c47-9516-e708e74f7f33/datanode-0/data/ratis] (custom)
2019-09-18 22:20:27,351 [main] INFO  hdfs.DFSUtil (DFSUtil.java:httpServerTemplateForNNAndJN(1641)) - Starting Web-server for hddsDatanode at: http://0.0.0.0:0
2019-09-18 22:20:27,354 [main] INFO  server.AuthenticationFilter (AuthenticationFilter.java:constructSecretProvider(240)) - Unable to initialize FileSignerSecretProvider, falling back to use random secrets.
2019-09-18 22:20:27,355 [main] WARN  http.HttpRequestLog (HttpRequestLog.java:getRequestLog(97)) - Jetty request log can only be enabled using Log4j
2019-09-18 22:20:27,358 [main] INFO  http.HttpServer2 (HttpServer2.java:addGlobalFilter(975)) - Added global filter 'safety' (class=org.apache.hadoop.http.HttpServer2$QuotingInputFilter)
2019-09-18 22:20:27,359 [main] INFO  http.HttpServer2 (HttpServer2.java:addFilter(948)) - Added filter static_user_filter (class=org.apache.hadoop.http.lib.StaticUserWebFilter$StaticUserFilter) to context hddsDatanode
2019-09-18 22:20:27,359 [main] INFO  http.HttpServer2 (HttpServer2.java:addFilter(958)) - Added filter static_user_filter (class=org.apache.hadoop.http.lib.StaticUserWebFilter$StaticUserFilter) to context logs
2019-09-18 22:20:27,359 [main] INFO  http.HttpServer2 (HttpServer2.java:addFilter(958)) - Added filter static_user_filter (class=org.apache.hadoop.http.lib.StaticUserWebFilter$StaticUserFilter) to context static
2019-09-18 22:20:27,361 [main] INFO  http.HttpServer2 (HttpServer2.java:bindListener(1191)) - Jetty bound to port 44769
2019-09-18 22:20:27,362 [main] INFO  server.Server (Server.java:doStart(351)) - jetty-9.3.25.v20180904, build timestamp: 2018-09-04T21:11:46Z, git hash: 3ce520221d0240229c862b122d2b06c12a625732
2019-09-18 22:20:27,365 [main] INFO  handler.ContextHandler (ContextHandler.java:doStart(781)) - Started o.e.j.s.ServletContextHandler@43045f9f{/logs,file:///workdir/hadoop-ozone/integration-test/target/log,AVAILABLE}
2019-09-18 22:20:27,366 [main] INFO  handler.ContextHandler (ContextHandler.java:doStart(781)) - Started o.e.j.s.ServletContextHandler@6403e24c{/static,jar:file:/home/user/.m2/repository/org/apache/hadoop/hadoop-hdds-container-service/0.5.0-SNAPSHOT/hadoop-hdds-container-service-0.5.0-SNAPSHOT.jar!/webapps/static,AVAILABLE}
2019-09-18 22:20:27,415 [main] INFO  handler.ContextHandler (ContextHandler.java:doStart(781)) - Started o.e.j.w.WebAppContext@5df778c3{/,file:///tmp/jetty-0.0.0.0-44769-hddsDatanode-_-any-1244620638073993331.dir/webapp/,AVAILABLE}{/hddsDatanode}
2019-09-18 22:20:27,417 [main] INFO  server.AbstractConnector (AbstractConnector.java:doStart(278)) - Started ServerConnector@895416d{HTTP/1.1,[http/1.1]}{0.0.0.0:44769}
2019-09-18 22:20:27,418 [main] INFO  server.Server (Server.java:doStart(419)) - Started @5509ms
2019-09-18 22:20:27,418 [main] WARN  impl.MetricsSystemImpl (MetricsSystemImpl.java:register(276)) - Sink prometheus already exists!
2019-09-18 22:20:27,419 [main] INFO  server.BaseHttpServer (BaseHttpServer.java:updateConnectorAddress(215)) - HTTP server of HDDSDATANODE is listening at http://0.0.0.0:44769
2019-09-18 22:20:27,421 [main] INFO  impl.MetricsSystemImpl (MetricsSystemImpl.java:init(158)) - HddsDatanode metrics system started (again)
2019-09-18 22:20:27,426 [main] INFO  ozone.HddsDatanodeService (HddsDatanodeService.java:start(184)) - HddsDatanodeService host:pr-hdds-2150-pzdq9-4118776691 ip:192.168.34.27
2019-09-18 22:20:27,427 [org.apache.hadoop.util.JvmPauseMonitor$Monitor@7a95fd7e] INFO  util.JvmPauseMonitor (JvmPauseMonitor.java:run(188)) - Starting JVM pause monitor
2019-09-18 22:20:27,436 [main] INFO  volume.HddsVolume (HddsVolume.java:<init>(176)) - Creating Volume: /workdir/hadoop-ozone/integration-test/target/test-dir/MiniOzoneClusterImpl-01fd2252-8e02-4c47-9516-e708e74f7f33/datanode-1/data/containers/hdds of  storage type : DISK and capacity : 1482555576320
2019-09-18 22:20:27,437 [main] INFO  volume.VolumeSet (VolumeSet.java:initializeVolumeSet(170)) - Added Volume : /workdir/hadoop-ozone/integration-test/target/test-dir/MiniOzoneClusterImpl-01fd2252-8e02-4c47-9516-e708e74f7f33/datanode-1/data/containers/hdds to VolumeSet
2019-09-18 22:20:27,437 [main] INFO  volume.ThrottledAsyncChecker (ThrottledAsyncChecker.java:schedule(139)) - Scheduling a check for org.apache.hadoop.ozone.container.common.volume.HddsVolume@55e42449
2019-09-18 22:20:27,438 [main] INFO  volume.HddsVolumeChecker (HddsVolumeChecker.java:checkAllVolumes(202)) - Scheduled health check for volume org.apache.hadoop.ozone.container.common.volume.HddsVolume@55e42449
2019-09-18 22:20:27,460 [main] INFO  impl.RaftServerProxy (ConfUtils.java:logGet(43)) - raft.rpc.type = GRPC (default)
2019-09-18 22:20:27,461 [main] INFO  grpc.GrpcFactory (GrpcFactory.java:checkPooledByteBufAllocatorUseCacheForAllThreads(45)) - PERFORMANCE WARNING: useCacheForAllThreads is true that may cause Netty to create a lot garbage objects and, as a result, trigger GC.
	It is recommended to disable useCacheForAllThreads by setting -Dorg.apache.ratis.thirdparty.io.netty.allocator.useCacheForAllThreads=false in command line.
2019-09-18 22:20:27,461 [main] INFO  grpc.GrpcConfigKeys$Server (ConfUtils.java:logGet(43)) - raft.grpc.server.port = 0 (default)
2019-09-18 22:20:27,461 [main] INFO  server.GrpcService (ConfUtils.java:logGet(43)) - raft.grpc.message.size.max = 33570816 (custom)
2019-09-18 22:20:27,462 [main] INFO  server.RaftServerConfigKeys (ConfUtils.java:logGet(43)) - raft.server.log.appender.buffer.byte-limit = 33554432 (custom)
2019-09-18 22:20:27,462 [main] INFO  server.GrpcService (ConfUtils.java:logGet(43)) - raft.grpc.flow.control.window = 1MB (=1048576) (default)
2019-09-18 22:20:27,463 [main] INFO  server.RaftServerConfigKeys (ConfUtils.java:logGet(43)) - raft.server.rpc.request.timeout = 3000ms (default)
2019-09-18 22:20:27,464 [main] INFO  server.RaftServerConfigKeys (ConfUtils.java:logGet(43)) - raft.server.storage.dir = [/workdir/hadoop-ozone/integration-test/target/test-dir/MiniOzoneClusterImpl-01fd2252-8e02-4c47-9516-e708e74f7f33/datanode-1/data/ratis] (custom)
2019-09-18 22:20:27,467 [main] INFO  hdfs.DFSUtil (DFSUtil.java:httpServerTemplateForNNAndJN(1641)) - Starting Web-server for hddsDatanode at: http://0.0.0.0:0
2019-09-18 22:20:27,468 [main] INFO  server.AuthenticationFilter (AuthenticationFilter.java:constructSecretProvider(240)) - Unable to initialize FileSignerSecretProvider, falling back to use random secrets.
2019-09-18 22:20:27,469 [main] WARN  http.HttpRequestLog (HttpRequestLog.java:getRequestLog(97)) - Jetty request log can only be enabled using Log4j
2019-09-18 22:20:27,471 [main] INFO  http.HttpServer2 (HttpServer2.java:addGlobalFilter(975)) - Added global filter 'safety' (class=org.apache.hadoop.http.HttpServer2$QuotingInputFilter)
2019-09-18 22:20:27,472 [main] INFO  http.HttpServer2 (HttpServer2.java:addFilter(948)) - Added filter static_user_filter (class=org.apache.hadoop.http.lib.StaticUserWebFilter$StaticUserFilter) to context hddsDatanode
2019-09-18 22:20:27,472 [main] INFO  http.HttpServer2 (HttpServer2.java:addFilter(958)) - Added filter static_user_filter (class=org.apache.hadoop.http.lib.StaticUserWebFilter$StaticUserFilter) to context logs
2019-09-18 22:20:27,473 [main] INFO  http.HttpServer2 (HttpServer2.java:addFilter(958)) - Added filter static_user_filter (class=org.apache.hadoop.http.lib.StaticUserWebFilter$StaticUserFilter) to context static
2019-09-18 22:20:27,473 [main] INFO  http.HttpServer2 (HttpServer2.java:bindListener(1191)) - Jetty bound to port 39479
2019-09-18 22:20:27,474 [main] INFO  server.Server (Server.java:doStart(351)) - jetty-9.3.25.v20180904, build timestamp: 2018-09-04T21:11:46Z, git hash: 3ce520221d0240229c862b122d2b06c12a625732
2019-09-18 22:20:27,477 [main] INFO  handler.ContextHandler (ContextHandler.java:doStart(781)) - Started o.e.j.s.ServletContextHandler@c27a3a2{/logs,file:///workdir/hadoop-ozone/integration-test/target/log,AVAILABLE}
2019-09-18 22:20:27,478 [main] INFO  handler.ContextHandler (ContextHandler.java:doStart(781)) - Started o.e.j.s.ServletContextHandler@1a2bcd56{/static,jar:file:/home/user/.m2/repository/org/apache/hadoop/hadoop-hdds-container-service/0.5.0-SNAPSHOT/hadoop-hdds-container-service-0.5.0-SNAPSHOT.jar!/webapps/static,AVAILABLE}
2019-09-18 22:20:27,558 [main] INFO  handler.ContextHandler (ContextHandler.java:doStart(781)) - Started o.e.j.w.WebAppContext@52d97ab6{/,file:///tmp/jetty-0.0.0.0-39479-hddsDatanode-_-any-7591186241864179793.dir/webapp/,AVAILABLE}{/hddsDatanode}
2019-09-18 22:20:27,561 [main] INFO  server.AbstractConnector (AbstractConnector.java:doStart(278)) - Started ServerConnector@4da6d664{HTTP/1.1,[http/1.1]}{0.0.0.0:39479}
2019-09-18 22:20:27,563 [main] INFO  server.Server (Server.java:doStart(419)) - Started @5655ms
2019-09-18 22:20:27,563 [main] WARN  impl.MetricsSystemImpl (MetricsSystemImpl.java:register(276)) - Sink prometheus already exists!
2019-09-18 22:20:27,565 [main] INFO  server.BaseHttpServer (BaseHttpServer.java:updateConnectorAddress(215)) - HTTP server of HDDSDATANODE is listening at http://0.0.0.0:39479
2019-09-18 22:20:27,566 [main] INFO  impl.MetricsSystemImpl (MetricsSystemImpl.java:init(158)) - HddsDatanode metrics system started (again)
2019-09-18 22:20:27,569 [org.apache.hadoop.util.JvmPauseMonitor$Monitor@6c81cb6b] INFO  util.JvmPauseMonitor (JvmPauseMonitor.java:run(188)) - Starting JVM pause monitor
2019-09-18 22:20:27,570 [Datanode State Machine Thread - 0] INFO  datanode.InitDatanodeState (InitDatanodeState.java:persistContainerDatanodeDetails(140)) - DatanodeDetails is persisted to /workdir/hadoop-ozone/integration-test/target/test-dir/MiniOzoneClusterImpl-01fd2252-8e02-4c47-9516-e708e74f7f33/datanode-0/meta/datanode.id
2019-09-18 22:20:27,572 [main] INFO  ozone.HddsDatanodeService (HddsDatanodeService.java:start(184)) - HddsDatanodeService host:pr-hdds-2150-pzdq9-4118776691 ip:192.168.34.27
2019-09-18 22:20:27,577 [Datanode State Machine Thread - 0] INFO  datanode.InitDatanodeState (InitDatanodeState.java:persistContainerDatanodeDetails(140)) - DatanodeDetails is persisted to /workdir/hadoop-ozone/integration-test/target/test-dir/MiniOzoneClusterImpl-01fd2252-8e02-4c47-9516-e708e74f7f33/datanode-1/meta/datanode.id
2019-09-18 22:20:27,585 [main] INFO  volume.HddsVolume (HddsVolume.java:<init>(176)) - Creating Volume: /workdir/hadoop-ozone/integration-test/target/test-dir/MiniOzoneClusterImpl-01fd2252-8e02-4c47-9516-e708e74f7f33/datanode-2/data/containers/hdds of  storage type : DISK and capacity : 1482555576320
2019-09-18 22:20:27,585 [main] INFO  volume.VolumeSet (VolumeSet.java:initializeVolumeSet(170)) - Added Volume : /workdir/hadoop-ozone/integration-test/target/test-dir/MiniOzoneClusterImpl-01fd2252-8e02-4c47-9516-e708e74f7f33/datanode-2/data/containers/hdds to VolumeSet
2019-09-18 22:20:27,586 [main] INFO  volume.ThrottledAsyncChecker (ThrottledAsyncChecker.java:schedule(139)) - Scheduling a check for org.apache.hadoop.ozone.container.common.volume.HddsVolume@65e21ce3
2019-09-18 22:20:27,586 [main] INFO  volume.HddsVolumeChecker (HddsVolumeChecker.java:checkAllVolumes(202)) - Scheduled health check for volume org.apache.hadoop.ozone.container.common.volume.HddsVolume@65e21ce3
2019-09-18 22:20:27,607 [main] INFO  impl.RaftServerProxy (ConfUtils.java:logGet(43)) - raft.rpc.type = GRPC (default)
2019-09-18 22:20:27,608 [main] INFO  grpc.GrpcFactory (GrpcFactory.java:checkPooledByteBufAllocatorUseCacheForAllThreads(45)) - PERFORMANCE WARNING: useCacheForAllThreads is true that may cause Netty to create a lot garbage objects and, as a result, trigger GC.
	It is recommended to disable useCacheForAllThreads by setting -Dorg.apache.ratis.thirdparty.io.netty.allocator.useCacheForAllThreads=false in command line.
2019-09-18 22:20:27,608 [main] INFO  grpc.GrpcConfigKeys$Server (ConfUtils.java:logGet(43)) - raft.grpc.server.port = 0 (default)
2019-09-18 22:20:27,609 [main] INFO  server.GrpcService (ConfUtils.java:logGet(43)) - raft.grpc.message.size.max = 33570816 (custom)
2019-09-18 22:20:27,609 [main] INFO  server.RaftServerConfigKeys (ConfUtils.java:logGet(43)) - raft.server.log.appender.buffer.byte-limit = 33554432 (custom)
2019-09-18 22:20:27,609 [main] INFO  server.GrpcService (ConfUtils.java:logGet(43)) - raft.grpc.flow.control.window = 1MB (=1048576) (default)
2019-09-18 22:20:27,610 [main] INFO  server.RaftServerConfigKeys (ConfUtils.java:logGet(43)) - raft.server.rpc.request.timeout = 3000ms (default)
2019-09-18 22:20:27,611 [main] INFO  server.RaftServerConfigKeys (ConfUtils.java:logGet(43)) - raft.server.storage.dir = [/workdir/hadoop-ozone/integration-test/target/test-dir/MiniOzoneClusterImpl-01fd2252-8e02-4c47-9516-e708e74f7f33/datanode-2/data/ratis] (custom)
2019-09-18 22:20:27,614 [main] INFO  hdfs.DFSUtil (DFSUtil.java:httpServerTemplateForNNAndJN(1641)) - Starting Web-server for hddsDatanode at: http://0.0.0.0:0
2019-09-18 22:20:27,616 [main] INFO  server.AuthenticationFilter (AuthenticationFilter.java:constructSecretProvider(240)) - Unable to initialize FileSignerSecretProvider, falling back to use random secrets.
2019-09-18 22:20:27,616 [main] WARN  http.HttpRequestLog (HttpRequestLog.java:getRequestLog(97)) - Jetty request log can only be enabled using Log4j
2019-09-18 22:20:27,619 [main] INFO  http.HttpServer2 (HttpServer2.java:addGlobalFilter(975)) - Added global filter 'safety' (class=org.apache.hadoop.http.HttpServer2$QuotingInputFilter)
2019-09-18 22:20:27,620 [main] INFO  http.HttpServer2 (HttpServer2.java:addFilter(948)) - Added filter static_user_filter (class=org.apache.hadoop.http.lib.StaticUserWebFilter$StaticUserFilter) to context hddsDatanode
2019-09-18 22:20:27,620 [main] INFO  http.HttpServer2 (HttpServer2.java:addFilter(958)) - Added filter static_user_filter (class=org.apache.hadoop.http.lib.StaticUserWebFilter$StaticUserFilter) to context static
2019-09-18 22:20:27,620 [main] INFO  http.HttpServer2 (HttpServer2.java:addFilter(958)) - Added filter static_user_filter (class=org.apache.hadoop.http.lib.StaticUserWebFilter$StaticUserFilter) to context logs
2019-09-18 22:20:27,621 [main] INFO  http.HttpServer2 (HttpServer2.java:bindListener(1191)) - Jetty bound to port 46720
2019-09-18 22:20:27,622 [main] INFO  server.Server (Server.java:doStart(351)) - jetty-9.3.25.v20180904, build timestamp: 2018-09-04T21:11:46Z, git hash: 3ce520221d0240229c862b122d2b06c12a625732
2019-09-18 22:20:27,624 [main] INFO  handler.ContextHandler (ContextHandler.java:doStart(781)) - Started o.e.j.s.ServletContextHandler@7100dea{/logs,file:///workdir/hadoop-ozone/integration-test/target/log,AVAILABLE}
2019-09-18 22:20:27,625 [main] INFO  handler.ContextHandler (ContextHandler.java:doStart(781)) - Started o.e.j.s.ServletContextHandler@32e54a9d{/static,jar:file:/home/user/.m2/repository/org/apache/hadoop/hadoop-hdds-container-service/0.5.0-SNAPSHOT/hadoop-hdds-container-service-0.5.0-SNAPSHOT.jar!/webapps/static,AVAILABLE}
2019-09-18 22:20:27,666 [main] INFO  handler.ContextHandler (ContextHandler.java:doStart(781)) - Started o.e.j.w.WebAppContext@588f63c{/,file:///tmp/jetty-0.0.0.0-46720-hddsDatanode-_-any-3647434713159790656.dir/webapp/,AVAILABLE}{/hddsDatanode}
2019-09-18 22:20:27,667 [main] INFO  server.AbstractConnector (AbstractConnector.java:doStart(278)) - Started ServerConnector@5a6fa56e{HTTP/1.1,[http/1.1]}{0.0.0.0:46720}
2019-09-18 22:20:27,668 [main] INFO  server.Server (Server.java:doStart(419)) - Started @5759ms
2019-09-18 22:20:27,669 [main] WARN  impl.MetricsSystemImpl (MetricsSystemImpl.java:register(276)) - Sink prometheus already exists!
2019-09-18 22:20:27,670 [main] INFO  server.BaseHttpServer (BaseHttpServer.java:updateConnectorAddress(215)) - HTTP server of HDDSDATANODE is listening at http://0.0.0.0:46720
2019-09-18 22:20:27,670 [main] INFO  impl.MetricsSystemImpl (MetricsSystemImpl.java:init(158)) - HddsDatanode metrics system started (again)
2019-09-18 22:20:27,674 [main] INFO  ozone.HddsDatanodeService (HddsDatanodeService.java:start(184)) - HddsDatanodeService host:pr-hdds-2150-pzdq9-4118776691 ip:192.168.34.27
2019-09-18 22:20:27,674 [org.apache.hadoop.util.JvmPauseMonitor$Monitor@295fb5cb] INFO  util.JvmPauseMonitor (JvmPauseMonitor.java:run(188)) - Starting JVM pause monitor
2019-09-18 22:20:27,678 [Datanode State Machine Thread - 0] INFO  datanode.InitDatanodeState (InitDatanodeState.java:persistContainerDatanodeDetails(140)) - DatanodeDetails is persisted to /workdir/hadoop-ozone/integration-test/target/test-dir/MiniOzoneClusterImpl-01fd2252-8e02-4c47-9516-e708e74f7f33/datanode-2/meta/datanode.id
2019-09-18 22:20:27,683 [main] INFO  volume.HddsVolume (HddsVolume.java:<init>(176)) - Creating Volume: /workdir/hadoop-ozone/integration-test/target/test-dir/MiniOzoneClusterImpl-01fd2252-8e02-4c47-9516-e708e74f7f33/datanode-3/data/containers/hdds of  storage type : DISK and capacity : 1482555576320
2019-09-18 22:20:27,683 [main] INFO  volume.VolumeSet (VolumeSet.java:initializeVolumeSet(170)) - Added Volume : /workdir/hadoop-ozone/integration-test/target/test-dir/MiniOzoneClusterImpl-01fd2252-8e02-4c47-9516-e708e74f7f33/datanode-3/data/containers/hdds to VolumeSet
2019-09-18 22:20:27,683 [main] INFO  volume.ThrottledAsyncChecker (ThrottledAsyncChecker.java:schedule(139)) - Scheduling a check for org.apache.hadoop.ozone.container.common.volume.HddsVolume@37df14d1
2019-09-18 22:20:27,684 [main] INFO  volume.HddsVolumeChecker (HddsVolumeChecker.java:checkAllVolumes(202)) - Scheduled health check for volume org.apache.hadoop.ozone.container.common.volume.HddsVolume@37df14d1
2019-09-18 22:20:27,698 [main] INFO  impl.RaftServerProxy (ConfUtils.java:logGet(43)) - raft.rpc.type = GRPC (default)
2019-09-18 22:20:27,699 [main] INFO  grpc.GrpcFactory (GrpcFactory.java:checkPooledByteBufAllocatorUseCacheForAllThreads(45)) - PERFORMANCE WARNING: useCacheForAllThreads is true that may cause Netty to create a lot garbage objects and, as a result, trigger GC.
	It is recommended to disable useCacheForAllThreads by setting -Dorg.apache.ratis.thirdparty.io.netty.allocator.useCacheForAllThreads=false in command line.
2019-09-18 22:20:27,699 [main] INFO  grpc.GrpcConfigKeys$Server (ConfUtils.java:logGet(43)) - raft.grpc.server.port = 0 (default)
2019-09-18 22:20:27,699 [main] INFO  server.GrpcService (ConfUtils.java:logGet(43)) - raft.grpc.message.size.max = 33570816 (custom)
2019-09-18 22:20:27,699 [main] INFO  server.RaftServerConfigKeys (ConfUtils.java:logGet(43)) - raft.server.log.appender.buffer.byte-limit = 33554432 (custom)
2019-09-18 22:20:27,700 [main] INFO  server.GrpcService (ConfUtils.java:logGet(43)) - raft.grpc.flow.control.window = 1MB (=1048576) (default)
2019-09-18 22:20:27,700 [main] INFO  server.RaftServerConfigKeys (ConfUtils.java:logGet(43)) - raft.server.rpc.request.timeout = 3000ms (default)
2019-09-18 22:20:27,700 [main] INFO  server.RaftServerConfigKeys (ConfUtils.java:logGet(43)) - raft.server.storage.dir = [/workdir/hadoop-ozone/integration-test/target/test-dir/MiniOzoneClusterImpl-01fd2252-8e02-4c47-9516-e708e74f7f33/datanode-3/data/ratis] (custom)
2019-09-18 22:20:27,702 [main] INFO  hdfs.DFSUtil (DFSUtil.java:httpServerTemplateForNNAndJN(1641)) - Starting Web-server for hddsDatanode at: http://0.0.0.0:0
2019-09-18 22:20:27,703 [main] INFO  server.AuthenticationFilter (AuthenticationFilter.java:constructSecretProvider(240)) - Unable to initialize FileSignerSecretProvider, falling back to use random secrets.
2019-09-18 22:20:27,704 [main] WARN  http.HttpRequestLog (HttpRequestLog.java:getRequestLog(97)) - Jetty request log can only be enabled using Log4j
2019-09-18 22:20:27,705 [main] INFO  http.HttpServer2 (HttpServer2.java:addGlobalFilter(975)) - Added global filter 'safety' (class=org.apache.hadoop.http.HttpServer2$QuotingInputFilter)
2019-09-18 22:20:27,706 [main] INFO  http.HttpServer2 (HttpServer2.java:addFilter(948)) - Added filter static_user_filter (class=org.apache.hadoop.http.lib.StaticUserWebFilter$StaticUserFilter) to context hddsDatanode
2019-09-18 22:20:27,706 [main] INFO  http.HttpServer2 (HttpServer2.java:addFilter(958)) - Added filter static_user_filter (class=org.apache.hadoop.http.lib.StaticUserWebFilter$StaticUserFilter) to context logs
2019-09-18 22:20:27,706 [main] INFO  http.HttpServer2 (HttpServer2.java:addFilter(958)) - Added filter static_user_filter (class=org.apache.hadoop.http.lib.StaticUserWebFilter$StaticUserFilter) to context static
2019-09-18 22:20:27,707 [main] INFO  http.HttpServer2 (HttpServer2.java:bindListener(1191)) - Jetty bound to port 38631
2019-09-18 22:20:27,707 [main] INFO  server.Server (Server.java:doStart(351)) - jetty-9.3.25.v20180904, build timestamp: 2018-09-04T21:11:46Z, git hash: 3ce520221d0240229c862b122d2b06c12a625732
2019-09-18 22:20:27,713 [main] INFO  handler.ContextHandler (ContextHandler.java:doStart(781)) - Started o.e.j.s.ServletContextHandler@1305c126{/logs,file:///workdir/hadoop-ozone/integration-test/target/log,AVAILABLE}
2019-09-18 22:20:27,713 [main] INFO  handler.ContextHandler (ContextHandler.java:doStart(781)) - Started o.e.j.s.ServletContextHandler@4c1bdcc2{/static,jar:file:/home/user/.m2/repository/org/apache/hadoop/hadoop-hdds-container-service/0.5.0-SNAPSHOT/hadoop-hdds-container-service-0.5.0-SNAPSHOT.jar!/webapps/static,AVAILABLE}
2019-09-18 22:20:27,742 [main] INFO  handler.ContextHandler (ContextHandler.java:doStart(781)) - Started o.e.j.w.WebAppContext@56dfab87{/,file:///tmp/jetty-0.0.0.0-38631-hddsDatanode-_-any-8095136756200530986.dir/webapp/,AVAILABLE}{/hddsDatanode}
2019-09-18 22:20:27,743 [main] INFO  server.AbstractConnector (AbstractConnector.java:doStart(278)) - Started ServerConnector@715b886f{HTTP/1.1,[http/1.1]}{0.0.0.0:38631}
2019-09-18 22:20:27,744 [main] INFO  server.Server (Server.java:doStart(419)) - Started @5835ms
2019-09-18 22:20:27,744 [main] WARN  impl.MetricsSystemImpl (MetricsSystemImpl.java:register(276)) - Sink prometheus already exists!
2019-09-18 22:20:27,746 [main] INFO  server.BaseHttpServer (BaseHttpServer.java:updateConnectorAddress(215)) - HTTP server of HDDSDATANODE is listening at http://0.0.0.0:38631
2019-09-18 22:20:27,746 [main] INFO  impl.MetricsSystemImpl (MetricsSystemImpl.java:init(158)) - HddsDatanode metrics system started (again)
2019-09-18 22:20:27,750 [org.apache.hadoop.util.JvmPauseMonitor$Monitor@47dfd57] INFO  util.JvmPauseMonitor (JvmPauseMonitor.java:run(188)) - Starting JVM pause monitor
2019-09-18 22:20:27,750 [main] INFO  ozone.HddsDatanodeService (HddsDatanodeService.java:start(184)) - HddsDatanodeService host:pr-hdds-2150-pzdq9-4118776691 ip:192.168.34.27
2019-09-18 22:20:27,753 [Datanode State Machine Thread - 0] INFO  datanode.InitDatanodeState (InitDatanodeState.java:persistContainerDatanodeDetails(140)) - DatanodeDetails is persisted to /workdir/hadoop-ozone/integration-test/target/test-dir/MiniOzoneClusterImpl-01fd2252-8e02-4c47-9516-e708e74f7f33/datanode-3/meta/datanode.id
2019-09-18 22:20:27,760 [main] INFO  volume.HddsVolume (HddsVolume.java:<init>(176)) - Creating Volume: /workdir/hadoop-ozone/integration-test/target/test-dir/MiniOzoneClusterImpl-01fd2252-8e02-4c47-9516-e708e74f7f33/datanode-4/data/containers/hdds of  storage type : DISK and capacity : 1482555576320
2019-09-18 22:20:27,762 [main] INFO  volume.VolumeSet (VolumeSet.java:initializeVolumeSet(170)) - Added Volume : /workdir/hadoop-ozone/integration-test/target/test-dir/MiniOzoneClusterImpl-01fd2252-8e02-4c47-9516-e708e74f7f33/datanode-4/data/containers/hdds to VolumeSet
2019-09-18 22:20:27,763 [main] INFO  volume.ThrottledAsyncChecker (ThrottledAsyncChecker.java:schedule(139)) - Scheduling a check for org.apache.hadoop.ozone.container.common.volume.HddsVolume@5d2828c9
2019-09-18 22:20:27,763 [main] INFO  volume.HddsVolumeChecker (HddsVolumeChecker.java:checkAllVolumes(202)) - Scheduled health check for volume org.apache.hadoop.ozone.container.common.volume.HddsVolume@5d2828c9
2019-09-18 22:20:27,782 [main] INFO  impl.RaftServerProxy (ConfUtils.java:logGet(43)) - raft.rpc.type = GRPC (default)
2019-09-18 22:20:27,782 [main] INFO  grpc.GrpcFactory (GrpcFactory.java:checkPooledByteBufAllocatorUseCacheForAllThreads(45)) - PERFORMANCE WARNING: useCacheForAllThreads is true that may cause Netty to create a lot garbage objects and, as a result, trigger GC.
	It is recommended to disable useCacheForAllThreads by setting -Dorg.apache.ratis.thirdparty.io.netty.allocator.useCacheForAllThreads=false in command line.
2019-09-18 22:20:27,782 [main] INFO  grpc.GrpcConfigKeys$Server (ConfUtils.java:logGet(43)) - raft.grpc.server.port = 0 (default)
2019-09-18 22:20:27,783 [main] INFO  server.GrpcService (ConfUtils.java:logGet(43)) - raft.grpc.message.size.max = 33570816 (custom)
2019-09-18 22:20:27,783 [main] INFO  server.RaftServerConfigKeys (ConfUtils.java:logGet(43)) - raft.server.log.appender.buffer.byte-limit = 33554432 (custom)
2019-09-18 22:20:27,783 [main] INFO  server.GrpcService (ConfUtils.java:logGet(43)) - raft.grpc.flow.control.window = 1MB (=1048576) (default)
2019-09-18 22:20:27,784 [main] INFO  server.RaftServerConfigKeys (ConfUtils.java:logGet(43)) - raft.server.rpc.request.timeout = 3000ms (default)
2019-09-18 22:20:27,784 [main] INFO  server.RaftServerConfigKeys (ConfUtils.java:logGet(43)) - raft.server.storage.dir = [/workdir/hadoop-ozone/integration-test/target/test-dir/MiniOzoneClusterImpl-01fd2252-8e02-4c47-9516-e708e74f7f33/datanode-4/data/ratis] (custom)
2019-09-18 22:20:27,786 [main] INFO  hdfs.DFSUtil (DFSUtil.java:httpServerTemplateForNNAndJN(1641)) - Starting Web-server for hddsDatanode at: http://0.0.0.0:0
2019-09-18 22:20:27,788 [main] INFO  server.AuthenticationFilter (AuthenticationFilter.java:constructSecretProvider(240)) - Unable to initialize FileSignerSecretProvider, falling back to use random secrets.
2019-09-18 22:20:27,788 [main] WARN  http.HttpRequestLog (HttpRequestLog.java:getRequestLog(97)) - Jetty request log can only be enabled using Log4j
2019-09-18 22:20:27,789 [main] INFO  http.HttpServer2 (HttpServer2.java:addGlobalFilter(975)) - Added global filter 'safety' (class=org.apache.hadoop.http.HttpServer2$QuotingInputFilter)
2019-09-18 22:20:27,790 [main] INFO  http.HttpServer2 (HttpServer2.java:addFilter(948)) - Added filter static_user_filter (class=org.apache.hadoop.http.lib.StaticUserWebFilter$StaticUserFilter) to context hddsDatanode
2019-09-18 22:20:27,790 [main] INFO  http.HttpServer2 (HttpServer2.java:addFilter(958)) - Added filter static_user_filter (class=org.apache.hadoop.http.lib.StaticUserWebFilter$StaticUserFilter) to context static
2019-09-18 22:20:27,790 [main] INFO  http.HttpServer2 (HttpServer2.java:addFilter(958)) - Added filter static_user_filter (class=org.apache.hadoop.http.lib.StaticUserWebFilter$StaticUserFilter) to context logs
2019-09-18 22:20:27,791 [main] INFO  http.HttpServer2 (HttpServer2.java:bindListener(1191)) - Jetty bound to port 33060
2019-09-18 22:20:27,791 [main] INFO  server.Server (Server.java:doStart(351)) - jetty-9.3.25.v20180904, build timestamp: 2018-09-04T21:11:46Z, git hash: 3ce520221d0240229c862b122d2b06c12a625732
2019-09-18 22:20:27,793 [main] INFO  handler.ContextHandler (ContextHandler.java:doStart(781)) - Started o.e.j.s.ServletContextHandler@6f94fb9d{/logs,file:///workdir/hadoop-ozone/integration-test/target/log,AVAILABLE}
2019-09-18 22:20:27,794 [main] INFO  handler.ContextHandler (ContextHandler.java:doStart(781)) - Started o.e.j.s.ServletContextHandler@4228bf58{/static,jar:file:/home/user/.m2/repository/org/apache/hadoop/hadoop-hdds-container-service/0.5.0-SNAPSHOT/hadoop-hdds-container-service-0.5.0-SNAPSHOT.jar!/webapps/static,AVAILABLE}
2019-09-18 22:20:27,822 [main] INFO  handler.ContextHandler (ContextHandler.java:doStart(781)) - Started o.e.j.w.WebAppContext@2630dbc4{/,file:///tmp/jetty-0.0.0.0-33060-hddsDatanode-_-any-7676888987185654086.dir/webapp/,AVAILABLE}{/hddsDatanode}
2019-09-18 22:20:27,823 [main] INFO  server.AbstractConnector (AbstractConnector.java:doStart(278)) - Started ServerConnector@5ea4300e{HTTP/1.1,[http/1.1]}{0.0.0.0:33060}
2019-09-18 22:20:27,824 [main] INFO  server.Server (Server.java:doStart(419)) - Started @5915ms
2019-09-18 22:20:27,824 [main] WARN  impl.MetricsSystemImpl (MetricsSystemImpl.java:register(276)) - Sink prometheus already exists!
2019-09-18 22:20:27,825 [main] INFO  server.BaseHttpServer (BaseHttpServer.java:updateConnectorAddress(215)) - HTTP server of HDDSDATANODE is listening at http://0.0.0.0:33060
2019-09-18 22:20:27,825 [main] INFO  impl.MetricsSystemImpl (MetricsSystemImpl.java:init(158)) - HddsDatanode metrics system started (again)
2019-09-18 22:20:27,829 [main] INFO  ozone.HddsDatanodeService (HddsDatanodeService.java:start(184)) - HddsDatanodeService host:pr-hdds-2150-pzdq9-4118776691 ip:192.168.34.27
2019-09-18 22:20:27,829 [org.apache.hadoop.util.JvmPauseMonitor$Monitor@4119a152] INFO  util.JvmPauseMonitor (JvmPauseMonitor.java:run(188)) - Starting JVM pause monitor
2019-09-18 22:20:27,832 [Datanode State Machine Thread - 0] INFO  datanode.InitDatanodeState (InitDatanodeState.java:persistContainerDatanodeDetails(140)) - DatanodeDetails is persisted to /workdir/hadoop-ozone/integration-test/target/test-dir/MiniOzoneClusterImpl-01fd2252-8e02-4c47-9516-e708e74f7f33/datanode-4/meta/datanode.id
2019-09-18 22:20:27,837 [main] INFO  volume.HddsVolume (HddsVolume.java:<init>(176)) - Creating Volume: /workdir/hadoop-ozone/integration-test/target/test-dir/MiniOzoneClusterImpl-01fd2252-8e02-4c47-9516-e708e74f7f33/datanode-5/data/containers/hdds of  storage type : DISK and capacity : 1482555576320
2019-09-18 22:20:27,838 [main] INFO  volume.VolumeSet (VolumeSet.java:initializeVolumeSet(170)) - Added Volume : /workdir/hadoop-ozone/integration-test/target/test-dir/MiniOzoneClusterImpl-01fd2252-8e02-4c47-9516-e708e74f7f33/datanode-5/data/containers/hdds to VolumeSet
2019-09-18 22:20:27,838 [main] INFO  volume.ThrottledAsyncChecker (ThrottledAsyncChecker.java:schedule(139)) - Scheduling a check for org.apache.hadoop.ozone.container.common.volume.HddsVolume@4821aa9f
2019-09-18 22:20:27,839 [main] INFO  volume.HddsVolumeChecker (HddsVolumeChecker.java:checkAllVolumes(202)) - Scheduled health check for volume org.apache.hadoop.ozone.container.common.volume.HddsVolume@4821aa9f
2019-09-18 22:20:27,860 [main] INFO  impl.RaftServerProxy (ConfUtils.java:logGet(43)) - raft.rpc.type = GRPC (default)
2019-09-18 22:20:27,860 [main] INFO  grpc.GrpcFactory (GrpcFactory.java:checkPooledByteBufAllocatorUseCacheForAllThreads(45)) - PERFORMANCE WARNING: useCacheForAllThreads is true that may cause Netty to create a lot garbage objects and, as a result, trigger GC.
	It is recommended to disable useCacheForAllThreads by setting -Dorg.apache.ratis.thirdparty.io.netty.allocator.useCacheForAllThreads=false in command line.
2019-09-18 22:20:27,860 [main] INFO  grpc.GrpcConfigKeys$Server (ConfUtils.java:logGet(43)) - raft.grpc.server.port = 0 (default)
2019-09-18 22:20:27,860 [main] INFO  server.GrpcService (ConfUtils.java:logGet(43)) - raft.grpc.message.size.max = 33570816 (custom)
2019-09-18 22:20:27,861 [main] INFO  server.RaftServerConfigKeys (ConfUtils.java:logGet(43)) - raft.server.log.appender.buffer.byte-limit = 33554432 (custom)
2019-09-18 22:20:27,861 [main] INFO  server.GrpcService (ConfUtils.java:logGet(43)) - raft.grpc.flow.control.window = 1MB (=1048576) (default)
2019-09-18 22:20:27,861 [main] INFO  server.RaftServerConfigKeys (ConfUtils.java:logGet(43)) - raft.server.rpc.request.timeout = 3000ms (default)
2019-09-18 22:20:27,862 [main] INFO  server.RaftServerConfigKeys (ConfUtils.java:logGet(43)) - raft.server.storage.dir = [/workdir/hadoop-ozone/integration-test/target/test-dir/MiniOzoneClusterImpl-01fd2252-8e02-4c47-9516-e708e74f7f33/datanode-5/data/ratis] (custom)
2019-09-18 22:20:27,864 [main] INFO  hdfs.DFSUtil (DFSUtil.java:httpServerTemplateForNNAndJN(1641)) - Starting Web-server for hddsDatanode at: http://0.0.0.0:0
2019-09-18 22:20:27,865 [main] INFO  server.AuthenticationFilter (AuthenticationFilter.java:constructSecretProvider(240)) - Unable to initialize FileSignerSecretProvider, falling back to use random secrets.
2019-09-18 22:20:27,865 [main] WARN  http.HttpRequestLog (HttpRequestLog.java:getRequestLog(97)) - Jetty request log can only be enabled using Log4j
2019-09-18 22:20:27,867 [main] INFO  http.HttpServer2 (HttpServer2.java:addGlobalFilter(975)) - Added global filter 'safety' (class=org.apache.hadoop.http.HttpServer2$QuotingInputFilter)
2019-09-18 22:20:27,867 [main] INFO  http.HttpServer2 (HttpServer2.java:addFilter(948)) - Added filter static_user_filter (class=org.apache.hadoop.http.lib.StaticUserWebFilter$StaticUserFilter) to context hddsDatanode
2019-09-18 22:20:27,868 [main] INFO  http.HttpServer2 (HttpServer2.java:addFilter(958)) - Added filter static_user_filter (class=org.apache.hadoop.http.lib.StaticUserWebFilter$StaticUserFilter) to context logs
2019-09-18 22:20:27,868 [main] INFO  http.HttpServer2 (HttpServer2.java:addFilter(958)) - Added filter static_user_filter (class=org.apache.hadoop.http.lib.StaticUserWebFilter$StaticUserFilter) to context static
2019-09-18 22:20:27,868 [main] INFO  http.HttpServer2 (HttpServer2.java:bindListener(1191)) - Jetty bound to port 45636
2019-09-18 22:20:27,869 [main] INFO  server.Server (Server.java:doStart(351)) - jetty-9.3.25.v20180904, build timestamp: 2018-09-04T21:11:46Z, git hash: 3ce520221d0240229c862b122d2b06c12a625732
2019-09-18 22:20:27,870 [main] INFO  handler.ContextHandler (ContextHandler.java:doStart(781)) - Started o.e.j.s.ServletContextHandler@12eedfee{/logs,file:///workdir/hadoop-ozone/integration-test/target/log,AVAILABLE}
2019-09-18 22:20:27,871 [main] INFO  handler.ContextHandler (ContextHandler.java:doStart(781)) - Started o.e.j.s.ServletContextHandler@1352434e{/static,jar:file:/home/user/.m2/repository/org/apache/hadoop/hadoop-hdds-container-service/0.5.0-SNAPSHOT/hadoop-hdds-container-service-0.5.0-SNAPSHOT.jar!/webapps/static,AVAILABLE}
2019-09-18 22:20:27,901 [main] INFO  handler.ContextHandler (ContextHandler.java:doStart(781)) - Started o.e.j.w.WebAppContext@64d4f7c7{/,file:///tmp/jetty-0.0.0.0-45636-hddsDatanode-_-any-5233429122391265997.dir/webapp/,AVAILABLE}{/hddsDatanode}
2019-09-18 22:20:27,902 [main] INFO  server.AbstractConnector (AbstractConnector.java:doStart(278)) - Started ServerConnector@54e02f6a{HTTP/1.1,[http/1.1]}{0.0.0.0:45636}
2019-09-18 22:20:27,903 [main] INFO  server.Server (Server.java:doStart(419)) - Started @5995ms
2019-09-18 22:20:27,903 [main] WARN  impl.MetricsSystemImpl (MetricsSystemImpl.java:register(276)) - Sink prometheus already exists!
2019-09-18 22:20:27,904 [main] INFO  server.BaseHttpServer (BaseHttpServer.java:updateConnectorAddress(215)) - HTTP server of HDDSDATANODE is listening at http://0.0.0.0:45636
2019-09-18 22:20:27,905 [main] INFO  impl.MetricsSystemImpl (MetricsSystemImpl.java:init(158)) - HddsDatanode metrics system started (again)
2019-09-18 22:20:27,908 [org.apache.hadoop.util.JvmPauseMonitor$Monitor@50476a4c] INFO  util.JvmPauseMonitor (JvmPauseMonitor.java:run(188)) - Starting JVM pause monitor
2019-09-18 22:20:27,909 [main] INFO  ozone.HddsDatanodeService (HddsDatanodeService.java:start(184)) - HddsDatanodeService host:pr-hdds-2150-pzdq9-4118776691 ip:192.168.34.27
2019-09-18 22:20:27,912 [Datanode State Machine Thread - 0] INFO  datanode.InitDatanodeState (InitDatanodeState.java:persistContainerDatanodeDetails(140)) - DatanodeDetails is persisted to /workdir/hadoop-ozone/integration-test/target/test-dir/MiniOzoneClusterImpl-01fd2252-8e02-4c47-9516-e708e74f7f33/datanode-5/meta/datanode.id
2019-09-18 22:20:27,916 [main] INFO  volume.HddsVolume (HddsVolume.java:<init>(176)) - Creating Volume: /workdir/hadoop-ozone/integration-test/target/test-dir/MiniOzoneClusterImpl-01fd2252-8e02-4c47-9516-e708e74f7f33/datanode-6/data/containers/hdds of  storage type : DISK and capacity : 1482555576320
2019-09-18 22:20:27,917 [main] INFO  volume.VolumeSet (VolumeSet.java:initializeVolumeSet(170)) - Added Volume : /workdir/hadoop-ozone/integration-test/target/test-dir/MiniOzoneClusterImpl-01fd2252-8e02-4c47-9516-e708e74f7f33/datanode-6/data/containers/hdds to VolumeSet
2019-09-18 22:20:27,917 [main] INFO  volume.ThrottledAsyncChecker (ThrottledAsyncChecker.java:schedule(139)) - Scheduling a check for org.apache.hadoop.ozone.container.common.volume.HddsVolume@524270b8
2019-09-18 22:20:27,917 [main] INFO  volume.HddsVolumeChecker (HddsVolumeChecker.java:checkAllVolumes(202)) - Scheduled health check for volume org.apache.hadoop.ozone.container.common.volume.HddsVolume@524270b8
2019-09-18 22:20:27,932 [main] INFO  impl.RaftServerProxy (ConfUtils.java:logGet(43)) - raft.rpc.type = GRPC (default)
2019-09-18 22:20:27,933 [main] INFO  grpc.GrpcFactory (GrpcFactory.java:checkPooledByteBufAllocatorUseCacheForAllThreads(45)) - PERFORMANCE WARNING: useCacheForAllThreads is true that may cause Netty to create a lot garbage objects and, as a result, trigger GC.
	It is recommended to disable useCacheForAllThreads by setting -Dorg.apache.ratis.thirdparty.io.netty.allocator.useCacheForAllThreads=false in command line.
2019-09-18 22:20:27,933 [main] INFO  grpc.GrpcConfigKeys$Server (ConfUtils.java:logGet(43)) - raft.grpc.server.port = 0 (default)
2019-09-18 22:20:27,933 [main] INFO  server.GrpcService (ConfUtils.java:logGet(43)) - raft.grpc.message.size.max = 33570816 (custom)
2019-09-18 22:20:27,934 [main] INFO  server.RaftServerConfigKeys (ConfUtils.java:logGet(43)) - raft.server.log.appender.buffer.byte-limit = 33554432 (custom)
2019-09-18 22:20:27,934 [main] INFO  server.GrpcService (ConfUtils.java:logGet(43)) - raft.grpc.flow.control.window = 1MB (=1048576) (default)
2019-09-18 22:20:27,934 [main] INFO  server.RaftServerConfigKeys (ConfUtils.java:logGet(43)) - raft.server.rpc.request.timeout = 3000ms (default)
2019-09-18 22:20:27,935 [main] INFO  server.RaftServerConfigKeys (ConfUtils.java:logGet(43)) - raft.server.storage.dir = [/workdir/hadoop-ozone/integration-test/target/test-dir/MiniOzoneClusterImpl-01fd2252-8e02-4c47-9516-e708e74f7f33/datanode-6/data/ratis] (custom)
2019-09-18 22:20:27,937 [main] INFO  hdfs.DFSUtil (DFSUtil.java:httpServerTemplateForNNAndJN(1641)) - Starting Web-server for hddsDatanode at: http://0.0.0.0:0
2019-09-18 22:20:27,938 [main] INFO  server.AuthenticationFilter (AuthenticationFilter.java:constructSecretProvider(240)) - Unable to initialize FileSignerSecretProvider, falling back to use random secrets.
2019-09-18 22:20:27,939 [main] WARN  http.HttpRequestLog (HttpRequestLog.java:getRequestLog(97)) - Jetty request log can only be enabled using Log4j
2019-09-18 22:20:27,941 [main] INFO  http.HttpServer2 (HttpServer2.java:addGlobalFilter(975)) - Added global filter 'safety' (class=org.apache.hadoop.http.HttpServer2$QuotingInputFilter)
2019-09-18 22:20:27,942 [main] INFO  http.HttpServer2 (HttpServer2.java:addFilter(948)) - Added filter static_user_filter (class=org.apache.hadoop.http.lib.StaticUserWebFilter$StaticUserFilter) to context hddsDatanode
2019-09-18 22:20:27,942 [main] INFO  http.HttpServer2 (HttpServer2.java:addFilter(958)) - Added filter static_user_filter (class=org.apache.hadoop.http.lib.StaticUserWebFilter$StaticUserFilter) to context static
2019-09-18 22:20:27,942 [main] INFO  http.HttpServer2 (HttpServer2.java:addFilter(958)) - Added filter static_user_filter (class=org.apache.hadoop.http.lib.StaticUserWebFilter$StaticUserFilter) to context logs
2019-09-18 22:20:27,943 [main] INFO  http.HttpServer2 (HttpServer2.java:bindListener(1191)) - Jetty bound to port 40479
2019-09-18 22:20:27,944 [main] INFO  server.Server (Server.java:doStart(351)) - jetty-9.3.25.v20180904, build timestamp: 2018-09-04T21:11:46Z, git hash: 3ce520221d0240229c862b122d2b06c12a625732
2019-09-18 22:20:27,946 [main] INFO  handler.ContextHandler (ContextHandler.java:doStart(781)) - Started o.e.j.s.ServletContextHandler@66b59b7d{/logs,file:///workdir/hadoop-ozone/integration-test/target/log,AVAILABLE}
2019-09-18 22:20:27,947 [main] INFO  handler.ContextHandler (ContextHandler.java:doStart(781)) - Started o.e.j.s.ServletContextHandler@4437ac07{/static,jar:file:/home/user/.m2/repository/org/apache/hadoop/hadoop-hdds-container-service/0.5.0-SNAPSHOT/hadoop-hdds-container-service-0.5.0-SNAPSHOT.jar!/webapps/static,AVAILABLE}
2019-09-18 22:20:27,992 [main] INFO  handler.ContextHandler (ContextHandler.java:doStart(781)) - Started o.e.j.w.WebAppContext@648d0e6d{/,file:///tmp/jetty-0.0.0.0-40479-hddsDatanode-_-any-6626331975369791401.dir/webapp/,AVAILABLE}{/hddsDatanode}
2019-09-18 22:20:27,994 [main] INFO  server.AbstractConnector (AbstractConnector.java:doStart(278)) - Started ServerConnector@79e66b2f{HTTP/1.1,[http/1.1]}{0.0.0.0:40479}
2019-09-18 22:20:27,994 [main] INFO  server.Server (Server.java:doStart(419)) - Started @6086ms
2019-09-18 22:20:27,994 [main] WARN  impl.MetricsSystemImpl (MetricsSystemImpl.java:register(276)) - Sink prometheus already exists!
2019-09-18 22:20:27,996 [main] INFO  server.BaseHttpServer (BaseHttpServer.java:updateConnectorAddress(215)) - HTTP server of HDDSDATANODE is listening at http://0.0.0.0:40479
2019-09-18 22:20:28,000 [org.apache.hadoop.util.JvmPauseMonitor$Monitor@2f5a0dc6] INFO  util.JvmPauseMonitor (JvmPauseMonitor.java:run(188)) - Starting JVM pause monitor
2019-09-18 22:20:28,000 [main] INFO  ozone.MiniOzoneClusterImpl (MiniOzoneClusterImpl.java:lambda$waitForClusterToBeReady$0(145)) - Waiting for cluster to be ready. Got 0 of 7 DN Heartbeats.
2019-09-18 22:20:28,003 [Datanode State Machine Thread - 0] INFO  datanode.InitDatanodeState (InitDatanodeState.java:persistContainerDatanodeDetails(140)) - DatanodeDetails is persisted to /workdir/hadoop-ozone/integration-test/target/test-dir/MiniOzoneClusterImpl-01fd2252-8e02-4c47-9516-e708e74f7f33/datanode-6/meta/datanode.id
2019-09-18 22:20:29,001 [main] INFO  ozone.MiniOzoneClusterImpl (MiniOzoneClusterImpl.java:lambda$waitForClusterToBeReady$0(145)) - Waiting for cluster to be ready. Got 0 of 7 DN Heartbeats.
2019-09-18 22:20:29,504 [Datanode State Machine Thread - 0] INFO  ozoneimpl.OzoneContainer (OzoneContainer.java:start(217)) - Attempting to start container services.
2019-09-18 22:20:29,507 [Datanode State Machine Thread - 0] INFO  ozoneimpl.OzoneContainer (OzoneContainer.java:startContainerScrub(179)) - Background container scanner has been disabled.
2019-09-18 22:20:29,508 [Datanode State Machine Thread - 0] INFO  ratis.XceiverServerRatis (XceiverServerRatis.java:start(411)) - Starting XceiverServerRatis 42b076d1-e769-4d9d-82d9-d0c9a80efb7a at port 0
2019-09-18 22:20:29,536 [Datanode State Machine Thread - 0] INFO  impl.RaftServerProxy (RaftServerProxy.java:lambda$start$3(299)) - 42b076d1-e769-4d9d-82d9-d0c9a80efb7a: start RPC server
2019-09-18 22:20:29,586 [Datanode State Machine Thread - 0] INFO  ozoneimpl.OzoneContainer (OzoneContainer.java:start(217)) - Attempting to start container services.
2019-09-18 22:20:29,591 [Datanode State Machine Thread - 0] INFO  ozoneimpl.OzoneContainer (OzoneContainer.java:startContainerScrub(179)) - Background container scanner has been disabled.
2019-09-18 22:20:29,592 [Datanode State Machine Thread - 0] INFO  ratis.XceiverServerRatis (XceiverServerRatis.java:start(411)) - Starting XceiverServerRatis b6b769e4-60a4-492b-af1c-4848735b223e at port 0
2019-09-18 22:20:29,600 [Datanode State Machine Thread - 0] INFO  impl.RaftServerProxy (RaftServerProxy.java:lambda$start$3(299)) - b6b769e4-60a4-492b-af1c-4848735b223e: start RPC server
2019-09-18 22:20:29,689 [Datanode State Machine Thread - 0] INFO  server.GrpcService (GrpcService.java:startImpl(158)) - 42b076d1-e769-4d9d-82d9-d0c9a80efb7a: GrpcService started, listening on 0.0.0.0/0.0.0.0:43875
2019-09-18 22:20:29,689 [Datanode State Machine Thread - 0] INFO  server.GrpcService (GrpcService.java:startImpl(158)) - b6b769e4-60a4-492b-af1c-4848735b223e: GrpcService started, listening on 0.0.0.0/0.0.0.0:35486
2019-09-18 22:20:29,690 [Datanode State Machine Thread - 0] INFO  ratis.XceiverServerRatis (XceiverServerRatis.java:start(421)) - XceiverServerRatis 42b076d1-e769-4d9d-82d9-d0c9a80efb7a is started using port 43875
2019-09-18 22:20:29,690 [Datanode State Machine Thread - 0] INFO  ratis.XceiverServerRatis (XceiverServerRatis.java:start(421)) - XceiverServerRatis b6b769e4-60a4-492b-af1c-4848735b223e is started using port 35486
2019-09-18 22:20:29,696 [Datanode State Machine Thread - 0] INFO  server.XceiverServerGrpc (XceiverServerGrpc.java:start(163)) - XceiverServerGrpc 42b076d1-e769-4d9d-82d9-d0c9a80efb7a is started using port 36859
2019-09-18 22:20:29,696 [Datanode State Machine Thread - 0] INFO  server.XceiverServerGrpc (XceiverServerGrpc.java:start(163)) - XceiverServerGrpc b6b769e4-60a4-492b-af1c-4848735b223e is started using port 45128
2019-09-18 22:20:29,704 [Datanode State Machine Thread - 0] INFO  ozoneimpl.OzoneContainer (OzoneContainer.java:start(217)) - Attempting to start container services.
2019-09-18 22:20:29,709 [Datanode State Machine Thread - 0] INFO  ozoneimpl.OzoneContainer (OzoneContainer.java:startContainerScrub(179)) - Background container scanner has been disabled.
2019-09-18 22:20:29,709 [Datanode State Machine Thread - 0] INFO  ratis.XceiverServerRatis (XceiverServerRatis.java:start(411)) - Starting XceiverServerRatis 4b8530e9-6951-4725-b7cd-6ad70f02d4d1 at port 0
2019-09-18 22:20:29,718 [Datanode State Machine Thread - 0] INFO  impl.RaftServerProxy (RaftServerProxy.java:lambda$start$3(299)) - 4b8530e9-6951-4725-b7cd-6ad70f02d4d1: start RPC server
2019-09-18 22:20:29,721 [Datanode State Machine Thread - 0] INFO  server.GrpcService (GrpcService.java:startImpl(158)) - 4b8530e9-6951-4725-b7cd-6ad70f02d4d1: GrpcService started, listening on 0.0.0.0/0.0.0.0:45511
2019-09-18 22:20:29,722 [Datanode State Machine Thread - 0] INFO  ratis.XceiverServerRatis (XceiverServerRatis.java:start(421)) - XceiverServerRatis 4b8530e9-6951-4725-b7cd-6ad70f02d4d1 is started using port 45511
2019-09-18 22:20:29,724 [Datanode State Machine Thread - 0] INFO  server.XceiverServerGrpc (XceiverServerGrpc.java:start(163)) - XceiverServerGrpc 4b8530e9-6951-4725-b7cd-6ad70f02d4d1 is started using port 42032
2019-09-18 22:20:29,766 [Datanode State Machine Thread - 0] INFO  ozoneimpl.OzoneContainer (OzoneContainer.java:start(217)) - Attempting to start container services.
2019-09-18 22:20:29,766 [Datanode State Machine Thread - 0] INFO  ozoneimpl.OzoneContainer (OzoneContainer.java:startContainerScrub(179)) - Background container scanner has been disabled.
2019-09-18 22:20:29,766 [Datanode State Machine Thread - 0] INFO  ratis.XceiverServerRatis (XceiverServerRatis.java:start(411)) - Starting XceiverServerRatis 59af5fb5-34a0-4f7b-a154-f824d7416d40 at port 0
2019-09-18 22:20:29,775 [Datanode State Machine Thread - 0] INFO  impl.RaftServerProxy (RaftServerProxy.java:lambda$start$3(299)) - 59af5fb5-34a0-4f7b-a154-f824d7416d40: start RPC server
2019-09-18 22:20:29,807 [Datanode State Machine Thread - 0] INFO  server.GrpcService (GrpcService.java:startImpl(158)) - 59af5fb5-34a0-4f7b-a154-f824d7416d40: GrpcService started, listening on 0.0.0.0/0.0.0.0:46407
2019-09-18 22:20:29,807 [Datanode State Machine Thread - 0] INFO  ratis.XceiverServerRatis (XceiverServerRatis.java:start(421)) - XceiverServerRatis 59af5fb5-34a0-4f7b-a154-f824d7416d40 is started using port 46407
2019-09-18 22:20:29,810 [Datanode State Machine Thread - 0] INFO  server.XceiverServerGrpc (XceiverServerGrpc.java:start(163)) - XceiverServerGrpc 59af5fb5-34a0-4f7b-a154-f824d7416d40 is started using port 41289
2019-09-18 22:20:29,853 [Datanode State Machine Thread - 0] INFO  ozoneimpl.OzoneContainer (OzoneContainer.java:start(217)) - Attempting to start container services.
2019-09-18 22:20:29,854 [Datanode State Machine Thread - 0] INFO  ozoneimpl.OzoneContainer (OzoneContainer.java:startContainerScrub(179)) - Background container scanner has been disabled.
2019-09-18 22:20:29,854 [Datanode State Machine Thread - 0] INFO  ratis.XceiverServerRatis (XceiverServerRatis.java:start(411)) - Starting XceiverServerRatis 546a2746-9018-4225-bb40-7fec1575f77d at port 0
2019-09-18 22:20:29,863 [Datanode State Machine Thread - 0] INFO  impl.RaftServerProxy (RaftServerProxy.java:lambda$start$3(299)) - 546a2746-9018-4225-bb40-7fec1575f77d: start RPC server
2019-09-18 22:20:29,866 [Datanode State Machine Thread - 0] INFO  server.GrpcService (GrpcService.java:startImpl(158)) - 546a2746-9018-4225-bb40-7fec1575f77d: GrpcService started, listening on 0.0.0.0/0.0.0.0:39653
2019-09-18 22:20:29,866 [Datanode State Machine Thread - 0] INFO  ratis.XceiverServerRatis (XceiverServerRatis.java:start(421)) - XceiverServerRatis 546a2746-9018-4225-bb40-7fec1575f77d is started using port 39653
2019-09-18 22:20:29,869 [Datanode State Machine Thread - 0] INFO  server.XceiverServerGrpc (XceiverServerGrpc.java:start(163)) - XceiverServerGrpc 546a2746-9018-4225-bb40-7fec1575f77d is started using port 33077
2019-09-18 22:20:29,937 [Datanode State Machine Thread - 0] INFO  ozoneimpl.OzoneContainer (OzoneContainer.java:start(217)) - Attempting to start container services.
2019-09-18 22:20:29,937 [Datanode State Machine Thread - 0] INFO  ozoneimpl.OzoneContainer (OzoneContainer.java:startContainerScrub(179)) - Background container scanner has been disabled.
2019-09-18 22:20:29,937 [Datanode State Machine Thread - 0] INFO  ratis.XceiverServerRatis (XceiverServerRatis.java:start(411)) - Starting XceiverServerRatis 468f5aee-7bc5-4ca2-8f8b-56ef59fd4a1a at port 0
2019-09-18 22:20:29,946 [Datanode State Machine Thread - 0] INFO  impl.RaftServerProxy (RaftServerProxy.java:lambda$start$3(299)) - 468f5aee-7bc5-4ca2-8f8b-56ef59fd4a1a: start RPC server
2019-09-18 22:20:29,950 [Datanode State Machine Thread - 0] INFO  server.GrpcService (GrpcService.java:startImpl(158)) - 468f5aee-7bc5-4ca2-8f8b-56ef59fd4a1a: GrpcService started, listening on 0.0.0.0/0.0.0.0:38986
2019-09-18 22:20:29,950 [Datanode State Machine Thread - 0] INFO  ratis.XceiverServerRatis (XceiverServerRatis.java:start(421)) - XceiverServerRatis 468f5aee-7bc5-4ca2-8f8b-56ef59fd4a1a is started using port 38986
2019-09-18 22:20:29,953 [Datanode State Machine Thread - 0] INFO  server.XceiverServerGrpc (XceiverServerGrpc.java:start(163)) - XceiverServerGrpc 468f5aee-7bc5-4ca2-8f8b-56ef59fd4a1a is started using port 37686
2019-09-18 22:20:30,002 [main] INFO  ozone.MiniOzoneClusterImpl (MiniOzoneClusterImpl.java:lambda$waitForClusterToBeReady$0(145)) - Waiting for cluster to be ready. Got 0 of 7 DN Heartbeats.
2019-09-18 22:20:30,016 [Datanode State Machine Thread - 0] INFO  ozoneimpl.OzoneContainer (OzoneContainer.java:start(217)) - Attempting to start container services.
2019-09-18 22:20:30,017 [Datanode State Machine Thread - 0] INFO  ozoneimpl.OzoneContainer (OzoneContainer.java:startContainerScrub(179)) - Background container scanner has been disabled.
2019-09-18 22:20:30,017 [Datanode State Machine Thread - 0] INFO  ratis.XceiverServerRatis (XceiverServerRatis.java:start(411)) - Starting XceiverServerRatis 2d468804-0a08-4f9c-9a3f-4817d55d4380 at port 0
2019-09-18 22:20:30,024 [Datanode State Machine Thread - 0] INFO  impl.RaftServerProxy (RaftServerProxy.java:lambda$start$3(299)) - 2d468804-0a08-4f9c-9a3f-4817d55d4380: start RPC server
2019-09-18 22:20:30,029 [Datanode State Machine Thread - 0] INFO  server.GrpcService (GrpcService.java:startImpl(158)) - 2d468804-0a08-4f9c-9a3f-4817d55d4380: GrpcService started, listening on 0.0.0.0/0.0.0.0:46060
2019-09-18 22:20:30,029 [Datanode State Machine Thread - 0] INFO  ratis.XceiverServerRatis (XceiverServerRatis.java:start(421)) - XceiverServerRatis 2d468804-0a08-4f9c-9a3f-4817d55d4380 is started using port 46060
2019-09-18 22:20:30,032 [Datanode State Machine Thread - 0] INFO  server.XceiverServerGrpc (XceiverServerGrpc.java:start(163)) - XceiverServerGrpc 2d468804-0a08-4f9c-9a3f-4817d55d4380 is started using port 42405
2019-09-18 22:20:31,002 [main] INFO  ozone.MiniOzoneClusterImpl (MiniOzoneClusterImpl.java:lambda$waitForClusterToBeReady$0(145)) - Waiting for cluster to be ready. Got 0 of 7 DN Heartbeats.
2019-09-18 22:20:31,470 [IPC Server handler 3 on 43089] INFO  net.NetworkTopology (NetworkTopologyImpl.java:add(111)) - Added a new node: /default-rack/42b076d1-e769-4d9d-82d9-d0c9a80efb7a
2019-09-18 22:20:31,471 [IPC Server handler 3 on 43089] INFO  node.SCMNodeManager (SCMNodeManager.java:register(266)) - Registered Data node : 42b076d1-e769-4d9d-82d9-d0c9a80efb7a{ip: 192.168.34.27, host: pr-hdds-2150-pzdq9-4118776691, networkLocation: /default-rack, certSerialId: null}
2019-09-18 22:20:31,475 [EventQueue-NodeRegistrationContainerReportForDataNodeSafeModeRule] INFO  safemode.SCMSafeModeManager (DataNodeSafeModeRule.java:process(71)) - SCM in safe mode. 1 DataNodes registered, 1 required.
2019-09-18 22:20:31,475 [EventQueue-NodeRegistrationContainerReportForDataNodeSafeModeRule] INFO  safemode.SCMSafeModeManager (SCMSafeModeManager.java:validateSafeModeExitRules(177)) - ScmSafeModeManager, all rules are successfully validated
2019-09-18 22:20:31,475 [EventQueue-NodeRegistrationContainerReportForDataNodeSafeModeRule] INFO  safemode.SCMSafeModeManager (SCMSafeModeManager.java:exitSafeMode(193)) - SCM exiting safe mode.
2019-09-18 22:20:31,577 [IPC Server handler 4 on 43089] INFO  net.NetworkTopology (NetworkTopologyImpl.java:add(111)) - Added a new node: /default-rack/b6b769e4-60a4-492b-af1c-4848735b223e
2019-09-18 22:20:31,578 [IPC Server handler 4 on 43089] INFO  node.SCMNodeManager (SCMNodeManager.java:register(266)) - Registered Data node : b6b769e4-60a4-492b-af1c-4848735b223e{ip: 192.168.34.27, host: pr-hdds-2150-pzdq9-4118776691, networkLocation: /default-rack, certSerialId: null}
2019-09-18 22:20:31,679 [IPC Server handler 6 on 43089] INFO  net.NetworkTopology (NetworkTopologyImpl.java:add(111)) - Added a new node: /default-rack/4b8530e9-6951-4725-b7cd-6ad70f02d4d1
2019-09-18 22:20:31,679 [IPC Server handler 6 on 43089] INFO  node.SCMNodeManager (SCMNodeManager.java:register(266)) - Registered Data node : 4b8530e9-6951-4725-b7cd-6ad70f02d4d1{ip: 192.168.34.27, host: pr-hdds-2150-pzdq9-4118776691, networkLocation: /default-rack, certSerialId: null}
2019-09-18 22:20:31,754 [IPC Server handler 5 on 43089] INFO  net.NetworkTopology (NetworkTopologyImpl.java:add(111)) - Added a new node: /default-rack/59af5fb5-34a0-4f7b-a154-f824d7416d40
2019-09-18 22:20:31,755 [IPC Server handler 5 on 43089] INFO  node.SCMNodeManager (SCMNodeManager.java:register(266)) - Registered Data node : 59af5fb5-34a0-4f7b-a154-f824d7416d40{ip: 192.168.34.27, host: pr-hdds-2150-pzdq9-4118776691, networkLocation: /default-rack, certSerialId: null}
2019-09-18 22:20:31,844 [IPC Server handler 0 on 43089] INFO  net.NetworkTopology (NetworkTopologyImpl.java:add(111)) - Added a new node: /default-rack/546a2746-9018-4225-bb40-7fec1575f77d
2019-09-18 22:20:31,844 [IPC Server handler 0 on 43089] INFO  node.SCMNodeManager (SCMNodeManager.java:register(266)) - Registered Data node : 546a2746-9018-4225-bb40-7fec1575f77d{ip: 192.168.34.27, host: pr-hdds-2150-pzdq9-4118776691, networkLocation: /default-rack, certSerialId: null}
2019-09-18 22:20:31,912 [IPC Server handler 1 on 43089] INFO  net.NetworkTopology (NetworkTopologyImpl.java:add(111)) - Added a new node: /default-rack/468f5aee-7bc5-4ca2-8f8b-56ef59fd4a1a
2019-09-18 22:20:31,913 [IPC Server handler 1 on 43089] INFO  node.SCMNodeManager (SCMNodeManager.java:register(266)) - Registered Data node : 468f5aee-7bc5-4ca2-8f8b-56ef59fd4a1a{ip: 192.168.34.27, host: pr-hdds-2150-pzdq9-4118776691, networkLocation: /default-rack, certSerialId: null}
2019-09-18 22:20:32,003 [main] INFO  ozone.MiniOzoneClusterImpl (MiniOzoneClusterImpl.java:lambda$waitForClusterToBeReady$0(145)) - Waiting for cluster to be ready. Got 6 of 7 DN Heartbeats.
2019-09-18 22:20:32,004 [IPC Server handler 3 on 43089] INFO  net.NetworkTopology (NetworkTopologyImpl.java:add(111)) - Added a new node: /default-rack/2d468804-0a08-4f9c-9a3f-4817d55d4380
2019-09-18 22:20:32,004 [IPC Server handler 3 on 43089] INFO  node.SCMNodeManager (SCMNodeManager.java:register(266)) - Registered Data node : 2d468804-0a08-4f9c-9a3f-4817d55d4380{ip: 192.168.34.27, host: pr-hdds-2150-pzdq9-4118776691, networkLocation: /default-rack, certSerialId: null}
2019-09-18 22:20:32,023 [grpc-default-executor-0] INFO  impl.RaftServerProxy (RaftServerProxy.java:addNew(89)) - 42b076d1-e769-4d9d-82d9-d0c9a80efb7a: addNew group-220ADAAA7AB5:[42b076d1-e769-4d9d-82d9-d0c9a80efb7a:192.168.34.27:43875] returns group-220ADAAA7AB5:java.util.concurrent.CompletableFuture@18830aa5[Not completed]
2019-09-18 22:20:32,047 [pool-27-thread-1] INFO  impl.RaftServerImpl (RaftServerImpl.java:<init>(95)) - 42b076d1-e769-4d9d-82d9-d0c9a80efb7a: new RaftServerImpl for group-220ADAAA7AB5:[42b076d1-e769-4d9d-82d9-d0c9a80efb7a:192.168.34.27:43875] with ContainerStateMachine:uninitialized
2019-09-18 22:20:32,049 [pool-27-thread-1] INFO  server.RaftServerConfigKeys (ConfUtils.java:logGet(43)) - raft.server.rpc.timeout.min = 5s (custom)
2019-09-18 22:20:32,051 [pool-27-thread-1] INFO  server.RaftServerConfigKeys (ConfUtils.java:logGet(43)) - raft.server.rpc.timeout.max = 5200ms (custom)
2019-09-18 22:20:32,052 [pool-27-thread-1] INFO  server.RaftServerConfigKeys (ConfUtils.java:logGet(43)) - raft.server.rpcslowness.timeout = 120s (custom)
2019-09-18 22:20:32,053 [pool-27-thread-1] INFO  server.RaftServerConfigKeys (ConfUtils.java:logGet(43)) - raft.server.sleep.deviation.threshold = 300 (default)
2019-09-18 22:20:32,054 [pool-27-thread-1] INFO  server.RaftServerConfigKeys (ConfUtils.java:logGet(43)) - raft.server.log.appender.install.snapshot.enabled = false (custom)
2019-09-18 22:20:32,063 [pool-27-thread-1] INFO  impl.RaftServerImpl (ServerState.java:<init>(103)) - 42b076d1-e769-4d9d-82d9-d0c9a80efb7a@group-220ADAAA7AB5: ConfigurationManager, init=-1: [42b076d1-e769-4d9d-82d9-d0c9a80efb7a:192.168.34.27:43875], old=null, confs=<EMPTY_MAP>
2019-09-18 22:20:32,064 [pool-27-thread-1] INFO  server.RaftServerConfigKeys (ConfUtils.java:logGet(43)) - raft.server.storage.dir = [/workdir/hadoop-ozone/integration-test/target/test-dir/MiniOzoneClusterImpl-01fd2252-8e02-4c47-9516-e708e74f7f33/datanode-0/data/ratis] (custom)
2019-09-18 22:20:32,072 [pool-27-thread-1] INFO  storage.RaftStorageDirectory (RaftStorageDirectory.java:analyzeStorage(246)) - The storage directory /workdir/hadoop-ozone/integration-test/target/test-dir/MiniOzoneClusterImpl-01fd2252-8e02-4c47-9516-e708e74f7f33/datanode-0/data/ratis/f0df9091-b58f-4497-869c-220adaaa7ab5 does not exist. Creating ...
2019-09-18 22:20:32,109 [pool-27-thread-1] INFO  storage.RaftStorageDirectory (RaftStorageDirectory.java:tryLock(328)) - Lock on /workdir/hadoop-ozone/integration-test/target/test-dir/MiniOzoneClusterImpl-01fd2252-8e02-4c47-9516-e708e74f7f33/datanode-0/data/ratis/f0df9091-b58f-4497-869c-220adaaa7ab5/in_use.lock acquired by nodename 28658@pr-hdds-2150-pzdq9-4118776691
2019-09-18 22:20:32,130 [pool-27-thread-1] INFO  storage.RaftStorage (RaftStorage.java:format(72)) - Storage directory /workdir/hadoop-ozone/integration-test/target/test-dir/MiniOzoneClusterImpl-01fd2252-8e02-4c47-9516-e708e74f7f33/datanode-0/data/ratis/f0df9091-b58f-4497-869c-220adaaa7ab5 has been successfully formatted.
2019-09-18 22:20:32,132 [pool-27-thread-1] INFO  ratis.ContainerStateMachine (ContainerStateMachine.java:loadSnapshot(230)) - group-220ADAAA7AB5: The snapshot info is null. Setting the last applied indexto:(t:0, i:~)
2019-09-18 22:20:32,133 [pool-27-thread-1] INFO  server.RaftServerConfigKeys (ConfUtils.java:logGet(43)) - raft.server.notification.no-leader.timeout = 120s (custom)
2019-09-18 22:20:32,135 [pool-27-thread-1] INFO  server.RaftServerConfigKeys (ConfUtils.java:logGet(43)) - raft.server.log.use.memory = false (default)
2019-09-18 22:20:32,142 [pool-27-thread-1] INFO  server.RaftServerConfigKeys (ConfUtils.java:logGet(43)) - raft.server.log.purge.gap = 1000000 (custom)
2019-09-18 22:20:32,143 [pool-27-thread-1] INFO  server.RaftServerConfigKeys (ConfUtils.java:logGet(43)) - raft.server.log.appender.buffer.byte-limit = 33554432 (custom)
2019-09-18 22:20:32,145 [pool-27-thread-1] INFO  server.RaftServerConfigKeys (ConfUtils.java:logGet(43)) - raft.server.log.segment.size.max = 1048576 (custom)
2019-09-18 22:20:32,151 [pool-27-thread-1] INFO  server.RaftServerConfigKeys (ConfUtils.java:logGet(43)) - raft.server.log.segment.cache.num.max = 2 (custom)
2019-09-18 22:20:32,157 [pool-27-thread-1] INFO  segmented.SegmentedRaftLogWorker (SegmentedRaftLogWorker.java:<init>(172)) - new 42b076d1-e769-4d9d-82d9-d0c9a80efb7a@group-220ADAAA7AB5-SegmentedRaftLogWorker for RaftStorage:Storage Directory /workdir/hadoop-ozone/integration-test/target/test-dir/MiniOzoneClusterImpl-01fd2252-8e02-4c47-9516-e708e74f7f33/datanode-0/data/ratis/f0df9091-b58f-4497-869c-220adaaa7ab5
2019-09-18 22:20:32,159 [pool-27-thread-1] INFO  impl.MetricsSystemImpl (MetricsSystemImpl.java:init(158)) - ratis metrics system started (again)
2019-09-18 22:20:32,196 [pool-27-thread-1] INFO  server.RaftServerConfigKeys (ConfUtils.java:logGet(43)) - raft.server.log.queue.byte-limit = 2147483647 (custom)
2019-09-18 22:20:32,197 [pool-27-thread-1] INFO  server.RaftServerConfigKeys (ConfUtils.java:logGet(43)) - raft.server.log.queue.element-limit = 1024 (custom)
2019-09-18 22:20:32,200 [pool-27-thread-1] INFO  server.RaftServerConfigKeys (ConfUtils.java:logGet(43)) - raft.server.log.segment.size.max = 1048576 (custom)
2019-09-18 22:20:32,200 [pool-27-thread-1] INFO  server.RaftServerConfigKeys (ConfUtils.java:logGet(43)) - raft.server.log.preallocated.size = 16384 (custom)
2019-09-18 22:20:32,201 [pool-27-thread-1] INFO  server.RaftServerConfigKeys (ConfUtils.java:logGet(43)) - raft.server.log.write.buffer.size = 33554432 (custom)
2019-09-18 22:20:32,201 [pool-27-thread-1] INFO  server.RaftServerConfigKeys (ConfUtils.java:logGet(43)) - raft.server.log.force.sync.num = 128 (default)
2019-09-18 22:20:32,202 [pool-27-thread-1] INFO  server.RaftServerConfigKeys (ConfUtils.java:logGet(43)) - raft.server.log.statemachine.data.sync = true (default)
2019-09-18 22:20:32,202 [pool-27-thread-1] INFO  server.RaftServerConfigKeys (ConfUtils.java:logGet(43)) - raft.server.log.statemachine.data.sync.timeout = 10s (default)
2019-09-18 22:20:32,203 [pool-27-thread-1] INFO  server.RaftServerConfigKeys (ConfUtils.java:logGet(43)) - raft.server.log.statemachine.data.sync.timeout.retry = -1 (default)
2019-09-18 22:20:32,211 [pool-27-thread-1] INFO  server.RaftServerConfigKeys (ConfUtils.java:logGet(43)) - raft.server.log.statemachine.data.caching.enabled = true (custom)
2019-09-18 22:20:32,215 [pool-27-thread-1] INFO  segmented.SegmentedRaftLogWorker (SegmentedRaftLogWorker.java:lambda$new$0(132)) - 42b076d1-e769-4d9d-82d9-d0c9a80efb7a@group-220ADAAA7AB5-SegmentedRaftLogWorker: flushIndex: setUnconditionally 0 -> -1
2019-09-18 22:20:32,219 [pool-27-thread-1] INFO  server.RaftServerConfigKeys (ConfUtils.java:logGet(43)) - raft.server.snapshot.auto.trigger.enabled = true (custom)
2019-09-18 22:20:32,221 [pool-27-thread-1] INFO  server.RaftServerConfigKeys (ConfUtils.java:logGet(43)) - raft.server.snapshot.auto.trigger.threshold = 10000 (custom)
2019-09-18 22:20:32,221 [pool-27-thread-1] INFO  server.RaftServerConfigKeys (ConfUtils.java:logGet(43)) - raft.server.snapshot.retention.num.files = 5 (custom)
2019-09-18 22:20:32,222 [pool-27-thread-1] INFO  server.RaftServerConfigKeys (ConfUtils.java:logGet(43)) - raft.server.retrycache.expirytime = 600000ms (custom)
2019-09-18 22:20:32,246 [pool-27-thread-1] INFO  impl.RaftServerImpl (RaftServerImpl.java:start(185)) - 42b076d1-e769-4d9d-82d9-d0c9a80efb7a@group-220ADAAA7AB5: start as a follower, conf=-1: [42b076d1-e769-4d9d-82d9-d0c9a80efb7a:192.168.34.27:43875], old=null
2019-09-18 22:20:32,247 [pool-27-thread-1] INFO  impl.RaftServerImpl (RaftServerImpl.java:setRole(174)) - 42b076d1-e769-4d9d-82d9-d0c9a80efb7a@group-220ADAAA7AB5: changes role from      null to FOLLOWER at term 0 for startAsFollower
2019-09-18 22:20:32,248 [pool-27-thread-1] INFO  impl.RoleInfo (RoleInfo.java:updateAndGet(143)) - 42b076d1-e769-4d9d-82d9-d0c9a80efb7a: start FollowerState
2019-09-18 22:20:32,250 [pool-27-thread-1] INFO  util.JmxRegister (JmxRegister.java:tryRegister(44)) - Successfully registered JMX Bean with object name Ratis:service=RaftServer,group=group-220ADAAA7AB5,id=42b076d1-e769-4d9d-82d9-d0c9a80efb7a
2019-09-18 22:20:32,322 [RatisPipelineUtilsThread] INFO  pipeline.PipelineStateManager (PipelineStateManager.java:addPipeline(56)) - Created pipeline Pipeline[ Id: f0df9091-b58f-4497-869c-220adaaa7ab5, Nodes: 42b076d1-e769-4d9d-82d9-d0c9a80efb7a{ip: 192.168.34.27, host: pr-hdds-2150-pzdq9-4118776691, networkLocation: /default-rack, certSerialId: null}, Type:RATIS, Factor:ONE, State:OPEN]
2019-09-18 22:20:32,350 [grpc-default-executor-0] INFO  impl.RaftServerProxy (RaftServerProxy.java:addNew(89)) - 59af5fb5-34a0-4f7b-a154-f824d7416d40: addNew group-B9349E310DF8:[59af5fb5-34a0-4f7b-a154-f824d7416d40:192.168.34.27:46407] returns group-B9349E310DF8:java.util.concurrent.CompletableFuture@3cdebb59[Not completed]
2019-09-18 22:20:32,402 [pool-57-thread-1] INFO  impl.RaftServerImpl (RaftServerImpl.java:<init>(95)) - 59af5fb5-34a0-4f7b-a154-f824d7416d40: new RaftServerImpl for group-B9349E310DF8:[59af5fb5-34a0-4f7b-a154-f824d7416d40:192.168.34.27:46407] with ContainerStateMachine:uninitialized
2019-09-18 22:20:32,403 [pool-57-thread-1] INFO  server.RaftServerConfigKeys (ConfUtils.java:logGet(43)) - raft.server.rpc.timeout.min = 5s (custom)
2019-09-18 22:20:32,404 [pool-57-thread-1] INFO  server.RaftServerConfigKeys (ConfUtils.java:logGet(43)) - raft.server.rpc.timeout.max = 5200ms (custom)
2019-09-18 22:20:32,404 [pool-57-thread-1] INFO  server.RaftServerConfigKeys (ConfUtils.java:logGet(43)) - raft.server.rpcslowness.timeout = 120s (custom)
2019-09-18 22:20:32,404 [pool-57-thread-1] INFO  server.RaftServerConfigKeys (ConfUtils.java:logGet(43)) - raft.server.sleep.deviation.threshold = 300 (default)
2019-09-18 22:20:32,404 [pool-57-thread-1] INFO  server.RaftServerConfigKeys (ConfUtils.java:logGet(43)) - raft.server.log.appender.install.snapshot.enabled = false (custom)
2019-09-18 22:20:32,404 [pool-57-thread-1] INFO  impl.RaftServerImpl (ServerState.java:<init>(103)) - 59af5fb5-34a0-4f7b-a154-f824d7416d40@group-B9349E310DF8: ConfigurationManager, init=-1: [59af5fb5-34a0-4f7b-a154-f824d7416d40:192.168.34.27:46407], old=null, confs=<EMPTY_MAP>
2019-09-18 22:20:32,405 [pool-57-thread-1] INFO  server.RaftServerConfigKeys (ConfUtils.java:logGet(43)) - raft.server.storage.dir = [/workdir/hadoop-ozone/integration-test/target/test-dir/MiniOzoneClusterImpl-01fd2252-8e02-4c47-9516-e708e74f7f33/datanode-3/data/ratis] (custom)
2019-09-18 22:20:32,405 [pool-57-thread-1] INFO  storage.RaftStorageDirectory (RaftStorageDirectory.java:analyzeStorage(246)) - The storage directory /workdir/hadoop-ozone/integration-test/target/test-dir/MiniOzoneClusterImpl-01fd2252-8e02-4c47-9516-e708e74f7f33/datanode-3/data/ratis/c7a6256d-912c-46f6-b1dd-b9349e310df8 does not exist. Creating ...
2019-09-18 22:20:32,799 [pool-57-thread-1] INFO  storage.RaftStorageDirectory (RaftStorageDirectory.java:tryLock(328)) - Lock on /workdir/hadoop-ozone/integration-test/target/test-dir/MiniOzoneClusterImpl-01fd2252-8e02-4c47-9516-e708e74f7f33/datanode-3/data/ratis/c7a6256d-912c-46f6-b1dd-b9349e310df8/in_use.lock acquired by nodename 28658@pr-hdds-2150-pzdq9-4118776691
2019-09-18 22:20:32,806 [pool-57-thread-1] INFO  storage.RaftStorage (RaftStorage.java:format(72)) - Storage directory /workdir/hadoop-ozone/integration-test/target/test-dir/MiniOzoneClusterImpl-01fd2252-8e02-4c47-9516-e708e74f7f33/datanode-3/data/ratis/c7a6256d-912c-46f6-b1dd-b9349e310df8 has been successfully formatted.
2019-09-18 22:20:32,808 [pool-57-thread-1] INFO  ratis.ContainerStateMachine (ContainerStateMachine.java:loadSnapshot(230)) - group-B9349E310DF8: The snapshot info is null. Setting the last applied indexto:(t:0, i:~)
2019-09-18 22:20:32,810 [pool-57-thread-1] INFO  server.RaftServerConfigKeys (ConfUtils.java:logGet(43)) - raft.server.notification.no-leader.timeout = 120s (custom)
2019-09-18 22:20:32,810 [pool-57-thread-1] INFO  server.RaftServerConfigKeys (ConfUtils.java:logGet(43)) - raft.server.log.use.memory = false (default)
2019-09-18 22:20:32,810 [pool-57-thread-1] INFO  server.RaftServerConfigKeys (ConfUtils.java:logGet(43)) - raft.server.log.purge.gap = 1000000 (custom)
2019-09-18 22:20:32,810 [pool-57-thread-1] INFO  server.RaftServerConfigKeys (ConfUtils.java:logGet(43)) - raft.server.log.appender.buffer.byte-limit = 33554432 (custom)
2019-09-18 22:20:32,810 [pool-57-thread-1] INFO  server.RaftServerConfigKeys (ConfUtils.java:logGet(43)) - raft.server.log.segment.size.max = 1048576 (custom)
2019-09-18 22:20:32,810 [pool-57-thread-1] INFO  server.RaftServerConfigKeys (ConfUtils.java:logGet(43)) - raft.server.log.segment.cache.num.max = 2 (custom)
2019-09-18 22:20:32,810 [pool-57-thread-1] INFO  segmented.SegmentedRaftLogWorker (SegmentedRaftLogWorker.java:<init>(172)) - new 59af5fb5-34a0-4f7b-a154-f824d7416d40@group-B9349E310DF8-SegmentedRaftLogWorker for RaftStorage:Storage Directory /workdir/hadoop-ozone/integration-test/target/test-dir/MiniOzoneClusterImpl-01fd2252-8e02-4c47-9516-e708e74f7f33/datanode-3/data/ratis/c7a6256d-912c-46f6-b1dd-b9349e310df8
2019-09-18 22:20:32,815 [pool-57-thread-1] INFO  server.RaftServerConfigKeys (ConfUtils.java:logGet(43)) - raft.server.log.queue.byte-limit = 2147483647 (custom)
2019-09-18 22:20:32,816 [pool-57-thread-1] INFO  server.RaftServerConfigKeys (ConfUtils.java:logGet(43)) - raft.server.log.queue.element-limit = 1024 (custom)
2019-09-18 22:20:32,816 [pool-57-thread-1] INFO  server.RaftServerConfigKeys (ConfUtils.java:logGet(43)) - raft.server.log.segment.size.max = 1048576 (custom)
2019-09-18 22:20:32,816 [pool-57-thread-1] INFO  server.RaftServerConfigKeys (ConfUtils.java:logGet(43)) - raft.server.log.preallocated.size = 16384 (custom)
2019-09-18 22:20:32,816 [pool-57-thread-1] INFO  server.RaftServerConfigKeys (ConfUtils.java:logGet(43)) - raft.server.log.write.buffer.size = 33554432 (custom)
2019-09-18 22:20:32,816 [pool-57-thread-1] INFO  server.RaftServerConfigKeys (ConfUtils.java:logGet(43)) - raft.server.log.force.sync.num = 128 (default)
2019-09-18 22:20:32,816 [pool-57-thread-1] INFO  server.RaftServerConfigKeys (ConfUtils.java:logGet(43)) - raft.server.log.statemachine.data.sync = true (default)
2019-09-18 22:20:32,816 [pool-57-thread-1] INFO  server.RaftServerConfigKeys (ConfUtils.java:logGet(43)) - raft.server.log.statemachine.data.sync.timeout = 10s (default)
2019-09-18 22:20:32,817 [pool-57-thread-1] INFO  server.RaftServerConfigKeys (ConfUtils.java:logGet(43)) - raft.server.log.statemachine.data.sync.timeout.retry = -1 (default)
2019-09-18 22:20:32,817 [pool-57-thread-1] INFO  server.RaftServerConfigKeys (ConfUtils.java:logGet(43)) - raft.server.log.statemachine.data.caching.enabled = true (custom)
2019-09-18 22:20:32,817 [pool-57-thread-1] INFO  segmented.SegmentedRaftLogWorker (SegmentedRaftLogWorker.java:lambda$new$0(132)) - 59af5fb5-34a0-4f7b-a154-f824d7416d40@group-B9349E310DF8-SegmentedRaftLogWorker: flushIndex: setUnconditionally 0 -> -1
2019-09-18 22:20:32,817 [pool-57-thread-1] INFO  server.RaftServerConfigKeys (ConfUtils.java:logGet(43)) - raft.server.snapshot.auto.trigger.enabled = true (custom)
2019-09-18 22:20:32,817 [pool-57-thread-1] INFO  server.RaftServerConfigKeys (ConfUtils.java:logGet(43)) - raft.server.snapshot.auto.trigger.threshold = 10000 (custom)
2019-09-18 22:20:32,818 [pool-57-thread-1] INFO  server.RaftServerConfigKeys (ConfUtils.java:logGet(43)) - raft.server.snapshot.retention.num.files = 5 (custom)
2019-09-18 22:20:32,818 [pool-57-thread-1] INFO  server.RaftServerConfigKeys (ConfUtils.java:logGet(43)) - raft.server.retrycache.expirytime = 600000ms (custom)
2019-09-18 22:20:32,821 [pool-57-thread-1] INFO  impl.RaftServerImpl (RaftServerImpl.java:start(185)) - 59af5fb5-34a0-4f7b-a154-f824d7416d40@group-B9349E310DF8: start as a follower, conf=-1: [59af5fb5-34a0-4f7b-a154-f824d7416d40:192.168.34.27:46407], old=null
2019-09-18 22:20:32,821 [pool-57-thread-1] INFO  impl.RaftServerImpl (RaftServerImpl.java:setRole(174)) - 59af5fb5-34a0-4f7b-a154-f824d7416d40@group-B9349E310DF8: changes role from      null to FOLLOWER at term 0 for startAsFollower
2019-09-18 22:20:32,821 [pool-57-thread-1] INFO  impl.RoleInfo (RoleInfo.java:updateAndGet(143)) - 59af5fb5-34a0-4f7b-a154-f824d7416d40: start FollowerState
2019-09-18 22:20:32,823 [pool-57-thread-1] INFO  util.JmxRegister (JmxRegister.java:tryRegister(44)) - Successfully registered JMX Bean with object name Ratis:service=RaftServer,group=group-B9349E310DF8,id=59af5fb5-34a0-4f7b-a154-f824d7416d40
2019-09-18 22:20:32,840 [RatisPipelineUtilsThread] INFO  pipeline.PipelineStateManager (PipelineStateManager.java:addPipeline(56)) - Created pipeline Pipeline[ Id: c7a6256d-912c-46f6-b1dd-b9349e310df8, Nodes: 59af5fb5-34a0-4f7b-a154-f824d7416d40{ip: 192.168.34.27, host: pr-hdds-2150-pzdq9-4118776691, networkLocation: /default-rack, certSerialId: null}, Type:RATIS, Factor:ONE, State:OPEN]
2019-09-18 22:20:32,866 [grpc-default-executor-0] INFO  impl.RaftServerProxy (RaftServerProxy.java:addNew(89)) - 4b8530e9-6951-4725-b7cd-6ad70f02d4d1: addNew group-936A806D28B7:[4b8530e9-6951-4725-b7cd-6ad70f02d4d1:192.168.34.27:45511] returns group-936A806D28B7:java.util.concurrent.CompletableFuture@cb11822[Not completed]
2019-09-18 22:20:32,891 [pool-47-thread-1] INFO  impl.RaftServerImpl (RaftServerImpl.java:<init>(95)) - 4b8530e9-6951-4725-b7cd-6ad70f02d4d1: new RaftServerImpl for group-936A806D28B7:[4b8530e9-6951-4725-b7cd-6ad70f02d4d1:192.168.34.27:45511] with ContainerStateMachine:uninitialized
2019-09-18 22:20:32,891 [pool-47-thread-1] INFO  server.RaftServerConfigKeys (ConfUtils.java:logGet(43)) - raft.server.rpc.timeout.min = 5s (custom)
2019-09-18 22:20:32,891 [pool-47-thread-1] INFO  server.RaftServerConfigKeys (ConfUtils.java:logGet(43)) - raft.server.rpc.timeout.max = 5200ms (custom)
2019-09-18 22:20:32,892 [pool-47-thread-1] INFO  server.RaftServerConfigKeys (ConfUtils.java:logGet(43)) - raft.server.rpcslowness.timeout = 120s (custom)
2019-09-18 22:20:32,892 [pool-47-thread-1] INFO  server.RaftServerConfigKeys (ConfUtils.java:logGet(43)) - raft.server.sleep.deviation.threshold = 300 (default)
2019-09-18 22:20:32,892 [pool-47-thread-1] INFO  server.RaftServerConfigKeys (ConfUtils.java:logGet(43)) - raft.server.log.appender.install.snapshot.enabled = false (custom)
2019-09-18 22:20:32,892 [pool-47-thread-1] INFO  impl.RaftServerImpl (ServerState.java:<init>(103)) - 4b8530e9-6951-4725-b7cd-6ad70f02d4d1@group-936A806D28B7: ConfigurationManager, init=-1: [4b8530e9-6951-4725-b7cd-6ad70f02d4d1:192.168.34.27:45511], old=null, confs=<EMPTY_MAP>
2019-09-18 22:20:32,892 [pool-47-thread-1] INFO  server.RaftServerConfigKeys (ConfUtils.java:logGet(43)) - raft.server.storage.dir = [/workdir/hadoop-ozone/integration-test/target/test-dir/MiniOzoneClusterImpl-01fd2252-8e02-4c47-9516-e708e74f7f33/datanode-2/data/ratis] (custom)
2019-09-18 22:20:32,893 [pool-47-thread-1] INFO  storage.RaftStorageDirectory (RaftStorageDirectory.java:analyzeStorage(246)) - The storage directory /workdir/hadoop-ozone/integration-test/target/test-dir/MiniOzoneClusterImpl-01fd2252-8e02-4c47-9516-e708e74f7f33/datanode-2/data/ratis/dbd1fbc7-3177-463d-860e-936a806d28b7 does not exist. Creating ...
2019-09-18 22:20:32,912 [pool-47-thread-1] INFO  storage.RaftStorageDirectory (RaftStorageDirectory.java:tryLock(328)) - Lock on /workdir/hadoop-ozone/integration-test/target/test-dir/MiniOzoneClusterImpl-01fd2252-8e02-4c47-9516-e708e74f7f33/datanode-2/data/ratis/dbd1fbc7-3177-463d-860e-936a806d28b7/in_use.lock acquired by nodename 28658@pr-hdds-2150-pzdq9-4118776691
2019-09-18 22:20:32,935 [pool-47-thread-1] INFO  storage.RaftStorage (RaftStorage.java:format(72)) - Storage directory /workdir/hadoop-ozone/integration-test/target/test-dir/MiniOzoneClusterImpl-01fd2252-8e02-4c47-9516-e708e74f7f33/datanode-2/data/ratis/dbd1fbc7-3177-463d-860e-936a806d28b7 has been successfully formatted.
2019-09-18 22:20:32,935 [pool-47-thread-1] INFO  ratis.ContainerStateMachine (ContainerStateMachine.java:loadSnapshot(230)) - group-936A806D28B7: The snapshot info is null. Setting the last applied indexto:(t:0, i:~)
2019-09-18 22:20:32,936 [pool-47-thread-1] INFO  server.RaftServerConfigKeys (ConfUtils.java:logGet(43)) - raft.server.notification.no-leader.timeout = 120s (custom)
2019-09-18 22:20:32,936 [pool-47-thread-1] INFO  server.RaftServerConfigKeys (ConfUtils.java:logGet(43)) - raft.server.log.use.memory = false (default)
2019-09-18 22:20:32,936 [pool-47-thread-1] INFO  server.RaftServerConfigKeys (ConfUtils.java:logGet(43)) - raft.server.log.purge.gap = 1000000 (custom)
2019-09-18 22:20:32,936 [pool-47-thread-1] INFO  server.RaftServerConfigKeys (ConfUtils.java:logGet(43)) - raft.server.log.appender.buffer.byte-limit = 33554432 (custom)
2019-09-18 22:20:32,936 [pool-47-thread-1] INFO  server.RaftServerConfigKeys (ConfUtils.java:logGet(43)) - raft.server.log.segment.size.max = 1048576 (custom)
2019-09-18 22:20:32,937 [pool-47-thread-1] INFO  server.RaftServerConfigKeys (ConfUtils.java:logGet(43)) - raft.server.log.segment.cache.num.max = 2 (custom)
2019-09-18 22:20:32,937 [pool-47-thread-1] INFO  segmented.SegmentedRaftLogWorker (SegmentedRaftLogWorker.java:<init>(172)) - new 4b8530e9-6951-4725-b7cd-6ad70f02d4d1@group-936A806D28B7-SegmentedRaftLogWorker for RaftStorage:Storage Directory /workdir/hadoop-ozone/integration-test/target/test-dir/MiniOzoneClusterImpl-01fd2252-8e02-4c47-9516-e708e74f7f33/datanode-2/data/ratis/dbd1fbc7-3177-463d-860e-936a806d28b7
2019-09-18 22:20:32,981 [pool-47-thread-1] INFO  server.RaftServerConfigKeys (ConfUtils.java:logGet(43)) - raft.server.log.queue.byte-limit = 2147483647 (custom)
2019-09-18 22:20:32,982 [pool-47-thread-1] INFO  server.RaftServerConfigKeys (ConfUtils.java:logGet(43)) - raft.server.log.queue.element-limit = 1024 (custom)
2019-09-18 22:20:32,982 [pool-47-thread-1] INFO  server.RaftServerConfigKeys (ConfUtils.java:logGet(43)) - raft.server.log.segment.size.max = 1048576 (custom)
2019-09-18 22:20:32,982 [pool-47-thread-1] INFO  server.RaftServerConfigKeys (ConfUtils.java:logGet(43)) - raft.server.log.preallocated.size = 16384 (custom)
2019-09-18 22:20:32,983 [pool-47-thread-1] INFO  server.RaftServerConfigKeys (ConfUtils.java:logGet(43)) - raft.server.log.write.buffer.size = 33554432 (custom)
2019-09-18 22:20:32,983 [pool-47-thread-1] INFO  server.RaftServerConfigKeys (ConfUtils.java:logGet(43)) - raft.server.log.force.sync.num = 128 (default)
2019-09-18 22:20:32,983 [pool-47-thread-1] INFO  server.RaftServerConfigKeys (ConfUtils.java:logGet(43)) - raft.server.log.statemachine.data.sync = true (default)
2019-09-18 22:20:32,983 [pool-47-thread-1] INFO  server.RaftServerConfigKeys (ConfUtils.java:logGet(43)) - raft.server.log.statemachine.data.sync.timeout = 10s (default)
2019-09-18 22:20:32,983 [pool-47-thread-1] INFO  server.RaftServerConfigKeys (ConfUtils.java:logGet(43)) - raft.server.log.statemachine.data.sync.timeout.retry = -1 (default)
2019-09-18 22:20:32,984 [pool-47-thread-1] INFO  server.RaftServerConfigKeys (ConfUtils.java:logGet(43)) - raft.server.log.statemachine.data.caching.enabled = true (custom)
2019-09-18 22:20:32,984 [pool-47-thread-1] INFO  segmented.SegmentedRaftLogWorker (SegmentedRaftLogWorker.java:lambda$new$0(132)) - 4b8530e9-6951-4725-b7cd-6ad70f02d4d1@group-936A806D28B7-SegmentedRaftLogWorker: flushIndex: setUnconditionally 0 -> -1
2019-09-18 22:20:32,985 [pool-47-thread-1] INFO  server.RaftServerConfigKeys (ConfUtils.java:logGet(43)) - raft.server.snapshot.auto.trigger.enabled = true (custom)
2019-09-18 22:20:32,985 [pool-47-thread-1] INFO  server.RaftServerConfigKeys (ConfUtils.java:logGet(43)) - raft.server.snapshot.auto.trigger.threshold = 10000 (custom)
2019-09-18 22:20:32,985 [pool-47-thread-1] INFO  server.RaftServerConfigKeys (ConfUtils.java:logGet(43)) - raft.server.snapshot.retention.num.files = 5 (custom)
2019-09-18 22:20:32,986 [pool-47-thread-1] INFO  server.RaftServerConfigKeys (ConfUtils.java:logGet(43)) - raft.server.retrycache.expirytime = 600000ms (custom)
2019-09-18 22:20:32,991 [pool-47-thread-1] INFO  impl.RaftServerImpl (RaftServerImpl.java:start(185)) - 4b8530e9-6951-4725-b7cd-6ad70f02d4d1@group-936A806D28B7: start as a follower, conf=-1: [4b8530e9-6951-4725-b7cd-6ad70f02d4d1:192.168.34.27:45511], old=null
2019-09-18 22:20:32,992 [pool-47-thread-1] INFO  impl.RaftServerImpl (RaftServerImpl.java:setRole(174)) - 4b8530e9-6951-4725-b7cd-6ad70f02d4d1@group-936A806D28B7: changes role from      null to FOLLOWER at term 0 for startAsFollower
2019-09-18 22:20:32,992 [pool-47-thread-1] INFO  impl.RoleInfo (RoleInfo.java:updateAndGet(143)) - 4b8530e9-6951-4725-b7cd-6ad70f02d4d1: start FollowerState
2019-09-18 22:20:32,992 [pool-47-thread-1] INFO  util.JmxRegister (JmxRegister.java:tryRegister(44)) - Successfully registered JMX Bean with object name Ratis:service=RaftServer,group=group-936A806D28B7,id=4b8530e9-6951-4725-b7cd-6ad70f02d4d1
2019-09-18 22:20:33,004 [main] INFO  ozone.MiniOzoneClusterImpl (MiniOzoneClusterImpl.java:lambda$waitForClusterToBeReady$0(145)) - Cluster is ready. Got 7 of 7 DN Heartbeats.
2019-09-18 22:20:33,010 [RatisPipelineUtilsThread] INFO  pipeline.PipelineStateManager (PipelineStateManager.java:addPipeline(56)) - Created pipeline Pipeline[ Id: dbd1fbc7-3177-463d-860e-936a806d28b7, Nodes: 4b8530e9-6951-4725-b7cd-6ad70f02d4d1{ip: 192.168.34.27, host: pr-hdds-2150-pzdq9-4118776691, networkLocation: /default-rack, certSerialId: null}, Type:RATIS, Factor:ONE, State:OPEN]
2019-09-18 22:20:33,033 [grpc-default-executor-0] INFO  impl.RaftServerProxy (RaftServerProxy.java:addNew(89)) - 2d468804-0a08-4f9c-9a3f-4817d55d4380: addNew group-4C875F829416:[2d468804-0a08-4f9c-9a3f-4817d55d4380:192.168.34.27:46060] returns group-4C875F829416:java.util.concurrent.CompletableFuture@8118874[Not completed]
2019-09-18 22:20:33,039 [pool-87-thread-1] INFO  impl.RaftServerImpl (RaftServerImpl.java:<init>(95)) - 2d468804-0a08-4f9c-9a3f-4817d55d4380: new RaftServerImpl for group-4C875F829416:[2d468804-0a08-4f9c-9a3f-4817d55d4380:192.168.34.27:46060] with ContainerStateMachine:uninitialized
2019-09-18 22:20:33,039 [pool-87-thread-1] INFO  server.RaftServerConfigKeys (ConfUtils.java:logGet(43)) - raft.server.rpc.timeout.min = 5s (custom)
2019-09-18 22:20:33,040 [pool-87-thread-1] INFO  server.RaftServerConfigKeys (ConfUtils.java:logGet(43)) - raft.server.rpc.timeout.max = 5200ms (custom)
2019-09-18 22:20:33,040 [pool-87-thread-1] INFO  server.RaftServerConfigKeys (ConfUtils.java:logGet(43)) - raft.server.rpcslowness.timeout = 120s (custom)
2019-09-18 22:20:33,040 [pool-87-thread-1] INFO  server.RaftServerConfigKeys (ConfUtils.java:logGet(43)) - raft.server.sleep.deviation.threshold = 300 (default)
2019-09-18 22:20:33,040 [pool-87-thread-1] INFO  server.RaftServerConfigKeys (ConfUtils.java:logGet(43)) - raft.server.log.appender.install.snapshot.enabled = false (custom)
2019-09-18 22:20:33,040 [pool-87-thread-1] INFO  impl.RaftServerImpl (ServerState.java:<init>(103)) - 2d468804-0a08-4f9c-9a3f-4817d55d4380@group-4C875F829416: ConfigurationManager, init=-1: [2d468804-0a08-4f9c-9a3f-4817d55d4380:192.168.34.27:46060], old=null, confs=<EMPTY_MAP>
2019-09-18 22:20:33,041 [pool-87-thread-1] INFO  server.RaftServerConfigKeys (ConfUtils.java:logGet(43)) - raft.server.storage.dir = [/workdir/hadoop-ozone/integration-test/target/test-dir/MiniOzoneClusterImpl-01fd2252-8e02-4c47-9516-e708e74f7f33/datanode-6/data/ratis] (custom)
2019-09-18 22:20:33,041 [pool-87-thread-1] INFO  storage.RaftStorageDirectory (RaftStorageDirectory.java:analyzeStorage(246)) - The storage directory /workdir/hadoop-ozone/integration-test/target/test-dir/MiniOzoneClusterImpl-01fd2252-8e02-4c47-9516-e708e74f7f33/datanode-6/data/ratis/69980f9a-9741-4529-81f7-4c875f829416 does not exist. Creating ...
2019-09-18 22:20:33,059 [pool-87-thread-1] INFO  storage.RaftStorageDirectory (RaftStorageDirectory.java:tryLock(328)) - Lock on /workdir/hadoop-ozone/integration-test/target/test-dir/MiniOzoneClusterImpl-01fd2252-8e02-4c47-9516-e708e74f7f33/datanode-6/data/ratis/69980f9a-9741-4529-81f7-4c875f829416/in_use.lock acquired by nodename 28658@pr-hdds-2150-pzdq9-4118776691
2019-09-18 22:20:33,081 [pool-87-thread-1] INFO  storage.RaftStorage (RaftStorage.java:format(72)) - Storage directory /workdir/hadoop-ozone/integration-test/target/test-dir/MiniOzoneClusterImpl-01fd2252-8e02-4c47-9516-e708e74f7f33/datanode-6/data/ratis/69980f9a-9741-4529-81f7-4c875f829416 has been successfully formatted.
2019-09-18 22:20:33,081 [pool-87-thread-1] INFO  ratis.ContainerStateMachine (ContainerStateMachine.java:loadSnapshot(230)) - group-4C875F829416: The snapshot info is null. Setting the last applied indexto:(t:0, i:~)
2019-09-18 22:20:33,081 [pool-87-thread-1] INFO  server.RaftServerConfigKeys (ConfUtils.java:logGet(43)) - raft.server.notification.no-leader.timeout = 120s (custom)
2019-09-18 22:20:33,081 [pool-87-thread-1] INFO  server.RaftServerConfigKeys (ConfUtils.java:logGet(43)) - raft.server.log.use.memory = false (default)
2019-09-18 22:20:33,082 [pool-87-thread-1] INFO  server.RaftServerConfigKeys (ConfUtils.java:logGet(43)) - raft.server.log.purge.gap = 1000000 (custom)
2019-09-18 22:20:33,082 [pool-87-thread-1] INFO  server.RaftServerConfigKeys (ConfUtils.java:logGet(43)) - raft.server.log.appender.buffer.byte-limit = 33554432 (custom)
2019-09-18 22:20:33,082 [pool-87-thread-1] INFO  server.RaftServerConfigKeys (ConfUtils.java:logGet(43)) - raft.server.log.segment.size.max = 1048576 (custom)
2019-09-18 22:20:33,082 [pool-87-thread-1] INFO  server.RaftServerConfigKeys (ConfUtils.java:logGet(43)) - raft.server.log.segment.cache.num.max = 2 (custom)
2019-09-18 22:20:33,082 [pool-87-thread-1] INFO  segmented.SegmentedRaftLogWorker (SegmentedRaftLogWorker.java:<init>(172)) - new 2d468804-0a08-4f9c-9a3f-4817d55d4380@group-4C875F829416-SegmentedRaftLogWorker for RaftStorage:Storage Directory /workdir/hadoop-ozone/integration-test/target/test-dir/MiniOzoneClusterImpl-01fd2252-8e02-4c47-9516-e708e74f7f33/datanode-6/data/ratis/69980f9a-9741-4529-81f7-4c875f829416
2019-09-18 22:20:33,086 [pool-87-thread-1] INFO  server.RaftServerConfigKeys (ConfUtils.java:logGet(43)) - raft.server.log.queue.byte-limit = 2147483647 (custom)
2019-09-18 22:20:33,086 [pool-87-thread-1] INFO  server.RaftServerConfigKeys (ConfUtils.java:logGet(43)) - raft.server.log.queue.element-limit = 1024 (custom)
2019-09-18 22:20:33,086 [pool-87-thread-1] INFO  server.RaftServerConfigKeys (ConfUtils.java:logGet(43)) - raft.server.log.segment.size.max = 1048576 (custom)
2019-09-18 22:20:33,086 [pool-87-thread-1] INFO  server.RaftServerConfigKeys (ConfUtils.java:logGet(43)) - raft.server.log.preallocated.size = 16384 (custom)
2019-09-18 22:20:33,087 [pool-87-thread-1] INFO  server.RaftServerConfigKeys (ConfUtils.java:logGet(43)) - raft.server.log.write.buffer.size = 33554432 (custom)
2019-09-18 22:20:33,087 [pool-87-thread-1] INFO  server.RaftServerConfigKeys (ConfUtils.java:logGet(43)) - raft.server.log.force.sync.num = 128 (default)
2019-09-18 22:20:33,087 [pool-87-thread-1] INFO  server.RaftServerConfigKeys (ConfUtils.java:logGet(43)) - raft.server.log.statemachine.data.sync = true (default)
2019-09-18 22:20:33,087 [pool-87-thread-1] INFO  server.RaftServerConfigKeys (ConfUtils.java:logGet(43)) - raft.server.log.statemachine.data.sync.timeout = 10s (default)
2019-09-18 22:20:33,087 [pool-87-thread-1] INFO  server.RaftServerConfigKeys (ConfUtils.java:logGet(43)) - raft.server.log.statemachine.data.sync.timeout.retry = -1 (default)
2019-09-18 22:20:33,087 [pool-87-thread-1] INFO  server.RaftServerConfigKeys (ConfUtils.java:logGet(43)) - raft.server.log.statemachine.data.caching.enabled = true (custom)
2019-09-18 22:20:33,087 [pool-87-thread-1] INFO  segmented.SegmentedRaftLogWorker (SegmentedRaftLogWorker.java:lambda$new$0(132)) - 2d468804-0a08-4f9c-9a3f-4817d55d4380@group-4C875F829416-SegmentedRaftLogWorker: flushIndex: setUnconditionally 0 -> -1
2019-09-18 22:20:33,088 [pool-87-thread-1] INFO  server.RaftServerConfigKeys (ConfUtils.java:logGet(43)) - raft.server.snapshot.auto.trigger.enabled = true (custom)
2019-09-18 22:20:33,088 [pool-87-thread-1] INFO  server.RaftServerConfigKeys (ConfUtils.java:logGet(43)) - raft.server.snapshot.auto.trigger.threshold = 10000 (custom)
2019-09-18 22:20:33,088 [pool-87-thread-1] INFO  server.RaftServerConfigKeys (ConfUtils.java:logGet(43)) - raft.server.snapshot.retention.num.files = 5 (custom)
2019-09-18 22:20:33,088 [pool-87-thread-1] INFO  server.RaftServerConfigKeys (ConfUtils.java:logGet(43)) - raft.server.retrycache.expirytime = 600000ms (custom)
2019-09-18 22:20:33,092 [pool-87-thread-1] INFO  impl.RaftServerImpl (RaftServerImpl.java:start(185)) - 2d468804-0a08-4f9c-9a3f-4817d55d4380@group-4C875F829416: start as a follower, conf=-1: [2d468804-0a08-4f9c-9a3f-4817d55d4380:192.168.34.27:46060], old=null
2019-09-18 22:20:33,092 [pool-87-thread-1] INFO  impl.RaftServerImpl (RaftServerImpl.java:setRole(174)) - 2d468804-0a08-4f9c-9a3f-4817d55d4380@group-4C875F829416: changes role from      null to FOLLOWER at term 0 for startAsFollower
2019-09-18 22:20:33,092 [pool-87-thread-1] INFO  impl.RoleInfo (RoleInfo.java:updateAndGet(143)) - 2d468804-0a08-4f9c-9a3f-4817d55d4380: start FollowerState
2019-09-18 22:20:33,092 [pool-87-thread-1] INFO  util.JmxRegister (JmxRegister.java:tryRegister(44)) - Successfully registered JMX Bean with object name Ratis:service=RaftServer,group=group-4C875F829416,id=2d468804-0a08-4f9c-9a3f-4817d55d4380
2019-09-18 22:20:33,104 [RatisPipelineUtilsThread] INFO  pipeline.PipelineStateManager (PipelineStateManager.java:addPipeline(56)) - Created pipeline Pipeline[ Id: 69980f9a-9741-4529-81f7-4c875f829416, Nodes: 2d468804-0a08-4f9c-9a3f-4817d55d4380{ip: 192.168.34.27, host: pr-hdds-2150-pzdq9-4118776691, networkLocation: /default-rack, certSerialId: null}, Type:RATIS, Factor:ONE, State:OPEN]
2019-09-18 22:20:33,124 [grpc-default-executor-0] INFO  impl.RaftServerProxy (RaftServerProxy.java:addNew(89)) - 546a2746-9018-4225-bb40-7fec1575f77d: addNew group-83253913BE32:[546a2746-9018-4225-bb40-7fec1575f77d:192.168.34.27:39653] returns group-83253913BE32:java.util.concurrent.CompletableFuture@36ab33e6[Not completed]
2019-09-18 22:20:33,129 [pool-67-thread-1] INFO  impl.RaftServerImpl (RaftServerImpl.java:<init>(95)) - 546a2746-9018-4225-bb40-7fec1575f77d: new RaftServerImpl for group-83253913BE32:[546a2746-9018-4225-bb40-7fec1575f77d:192.168.34.27:39653] with ContainerStateMachine:uninitialized
2019-09-18 22:20:33,129 [pool-67-thread-1] INFO  server.RaftServerConfigKeys (ConfUtils.java:logGet(43)) - raft.server.rpc.timeout.min = 5s (custom)
2019-09-18 22:20:33,129 [pool-67-thread-1] INFO  server.RaftServerConfigKeys (ConfUtils.java:logGet(43)) - raft.server.rpc.timeout.max = 5200ms (custom)
2019-09-18 22:20:33,130 [pool-67-thread-1] INFO  server.RaftServerConfigKeys (ConfUtils.java:logGet(43)) - raft.server.rpcslowness.timeout = 120s (custom)
2019-09-18 22:20:33,130 [pool-67-thread-1] INFO  server.RaftServerConfigKeys (ConfUtils.java:logGet(43)) - raft.server.sleep.deviation.threshold = 300 (default)
2019-09-18 22:20:33,130 [pool-67-thread-1] INFO  server.RaftServerConfigKeys (ConfUtils.java:logGet(43)) - raft.server.log.appender.install.snapshot.enabled = false (custom)
2019-09-18 22:20:33,130 [pool-67-thread-1] INFO  impl.RaftServerImpl (ServerState.java:<init>(103)) - 546a2746-9018-4225-bb40-7fec1575f77d@group-83253913BE32: ConfigurationManager, init=-1: [546a2746-9018-4225-bb40-7fec1575f77d:192.168.34.27:39653], old=null, confs=<EMPTY_MAP>
2019-09-18 22:20:33,131 [pool-67-thread-1] INFO  server.RaftServerConfigKeys (ConfUtils.java:logGet(43)) - raft.server.storage.dir = [/workdir/hadoop-ozone/integration-test/target/test-dir/MiniOzoneClusterImpl-01fd2252-8e02-4c47-9516-e708e74f7f33/datanode-4/data/ratis] (custom)
2019-09-18 22:20:33,131 [pool-67-thread-1] INFO  storage.RaftStorageDirectory (RaftStorageDirectory.java:analyzeStorage(246)) - The storage directory /workdir/hadoop-ozone/integration-test/target/test-dir/MiniOzoneClusterImpl-01fd2252-8e02-4c47-9516-e708e74f7f33/datanode-4/data/ratis/f4035c85-f404-4543-962f-83253913be32 does not exist. Creating ...
2019-09-18 22:20:33,152 [pool-67-thread-1] INFO  storage.RaftStorageDirectory (RaftStorageDirectory.java:tryLock(328)) - Lock on /workdir/hadoop-ozone/integration-test/target/test-dir/MiniOzoneClusterImpl-01fd2252-8e02-4c47-9516-e708e74f7f33/datanode-4/data/ratis/f4035c85-f404-4543-962f-83253913be32/in_use.lock acquired by nodename 28658@pr-hdds-2150-pzdq9-4118776691
2019-09-18 22:20:33,173 [pool-67-thread-1] INFO  storage.RaftStorage (RaftStorage.java:format(72)) - Storage directory /workdir/hadoop-ozone/integration-test/target/test-dir/MiniOzoneClusterImpl-01fd2252-8e02-4c47-9516-e708e74f7f33/datanode-4/data/ratis/f4035c85-f404-4543-962f-83253913be32 has been successfully formatted.
2019-09-18 22:20:33,174 [pool-67-thread-1] INFO  ratis.ContainerStateMachine (ContainerStateMachine.java:loadSnapshot(230)) - group-83253913BE32: The snapshot info is null. Setting the last applied indexto:(t:0, i:~)
2019-09-18 22:20:33,174 [pool-67-thread-1] INFO  server.RaftServerConfigKeys (ConfUtils.java:logGet(43)) - raft.server.notification.no-leader.timeout = 120s (custom)
2019-09-18 22:20:33,174 [pool-67-thread-1] INFO  server.RaftServerConfigKeys (ConfUtils.java:logGet(43)) - raft.server.log.use.memory = false (default)
2019-09-18 22:20:33,174 [pool-67-thread-1] INFO  server.RaftServerConfigKeys (ConfUtils.java:logGet(43)) - raft.server.log.purge.gap = 1000000 (custom)
2019-09-18 22:20:33,174 [pool-67-thread-1] INFO  server.RaftServerConfigKeys (ConfUtils.java:logGet(43)) - raft.server.log.appender.buffer.byte-limit = 33554432 (custom)
2019-09-18 22:20:33,174 [pool-67-thread-1] INFO  server.RaftServerConfigKeys (ConfUtils.java:logGet(43)) - raft.server.log.segment.size.max = 1048576 (custom)
2019-09-18 22:20:33,175 [pool-67-thread-1] INFO  server.RaftServerConfigKeys (ConfUtils.java:logGet(43)) - raft.server.log.segment.cache.num.max = 2 (custom)
2019-09-18 22:20:33,175 [pool-67-thread-1] INFO  segmented.SegmentedRaftLogWorker (SegmentedRaftLogWorker.java:<init>(172)) - new 546a2746-9018-4225-bb40-7fec1575f77d@group-83253913BE32-SegmentedRaftLogWorker for RaftStorage:Storage Directory /workdir/hadoop-ozone/integration-test/target/test-dir/MiniOzoneClusterImpl-01fd2252-8e02-4c47-9516-e708e74f7f33/datanode-4/data/ratis/f4035c85-f404-4543-962f-83253913be32
2019-09-18 22:20:33,178 [pool-67-thread-1] INFO  server.RaftServerConfigKeys (ConfUtils.java:logGet(43)) - raft.server.log.queue.byte-limit = 2147483647 (custom)
2019-09-18 22:20:33,178 [pool-67-thread-1] INFO  server.RaftServerConfigKeys (ConfUtils.java:logGet(43)) - raft.server.log.queue.element-limit = 1024 (custom)
2019-09-18 22:20:33,179 [pool-67-thread-1] INFO  server.RaftServerConfigKeys (ConfUtils.java:logGet(43)) - raft.server.log.segment.size.max = 1048576 (custom)
2019-09-18 22:20:33,179 [pool-67-thread-1] INFO  server.RaftServerConfigKeys (ConfUtils.java:logGet(43)) - raft.server.log.preallocated.size = 16384 (custom)
2019-09-18 22:20:33,179 [pool-67-thread-1] INFO  server.RaftServerConfigKeys (ConfUtils.java:logGet(43)) - raft.server.log.write.buffer.size = 33554432 (custom)
2019-09-18 22:20:33,179 [pool-67-thread-1] INFO  server.RaftServerConfigKeys (ConfUtils.java:logGet(43)) - raft.server.log.force.sync.num = 128 (default)
2019-09-18 22:20:33,179 [pool-67-thread-1] INFO  server.RaftServerConfigKeys (ConfUtils.java:logGet(43)) - raft.server.log.statemachine.data.sync = true (default)
2019-09-18 22:20:33,179 [pool-67-thread-1] INFO  server.RaftServerConfigKeys (ConfUtils.java:logGet(43)) - raft.server.log.statemachine.data.sync.timeout = 10s (default)
2019-09-18 22:20:33,179 [pool-67-thread-1] INFO  server.RaftServerConfigKeys (ConfUtils.java:logGet(43)) - raft.server.log.statemachine.data.sync.timeout.retry = -1 (default)
2019-09-18 22:20:33,180 [pool-67-thread-1] INFO  server.RaftServerConfigKeys (ConfUtils.java:logGet(43)) - raft.server.log.statemachine.data.caching.enabled = true (custom)
2019-09-18 22:20:33,180 [pool-67-thread-1] INFO  segmented.SegmentedRaftLogWorker (SegmentedRaftLogWorker.java:lambda$new$0(132)) - 546a2746-9018-4225-bb40-7fec1575f77d@group-83253913BE32-SegmentedRaftLogWorker: flushIndex: setUnconditionally 0 -> -1
2019-09-18 22:20:33,180 [pool-67-thread-1] INFO  server.RaftServerConfigKeys (ConfUtils.java:logGet(43)) - raft.server.snapshot.auto.trigger.enabled = true (custom)
2019-09-18 22:20:33,180 [pool-67-thread-1] INFO  server.RaftServerConfigKeys (ConfUtils.java:logGet(43)) - raft.server.snapshot.auto.trigger.threshold = 10000 (custom)
2019-09-18 22:20:33,181 [pool-67-thread-1] INFO  server.RaftServerConfigKeys (ConfUtils.java:logGet(43)) - raft.server.snapshot.retention.num.files = 5 (custom)
2019-09-18 22:20:33,181 [pool-67-thread-1] INFO  server.RaftServerConfigKeys (ConfUtils.java:logGet(43)) - raft.server.retrycache.expirytime = 600000ms (custom)
2019-09-18 22:20:33,184 [pool-67-thread-1] INFO  impl.RaftServerImpl (RaftServerImpl.java:start(185)) - 546a2746-9018-4225-bb40-7fec1575f77d@group-83253913BE32: start as a follower, conf=-1: [546a2746-9018-4225-bb40-7fec1575f77d:192.168.34.27:39653], old=null
2019-09-18 22:20:33,184 [pool-67-thread-1] INFO  impl.RaftServerImpl (RaftServerImpl.java:setRole(174)) - 546a2746-9018-4225-bb40-7fec1575f77d@group-83253913BE32: changes role from      null to FOLLOWER at term 0 for startAsFollower
2019-09-18 22:20:33,184 [pool-67-thread-1] INFO  impl.RoleInfo (RoleInfo.java:updateAndGet(143)) - 546a2746-9018-4225-bb40-7fec1575f77d: start FollowerState
2019-09-18 22:20:33,185 [pool-67-thread-1] INFO  util.JmxRegister (JmxRegister.java:tryRegister(44)) - Successfully registered JMX Bean with object name Ratis:service=RaftServer,group=group-83253913BE32,id=546a2746-9018-4225-bb40-7fec1575f77d
2019-09-18 22:20:33,199 [RatisPipelineUtilsThread] INFO  pipeline.PipelineStateManager (PipelineStateManager.java:addPipeline(56)) - Created pipeline Pipeline[ Id: f4035c85-f404-4543-962f-83253913be32, Nodes: 546a2746-9018-4225-bb40-7fec1575f77d{ip: 192.168.34.27, host: pr-hdds-2150-pzdq9-4118776691, networkLocation: /default-rack, certSerialId: null}, Type:RATIS, Factor:ONE, State:OPEN]
2019-09-18 22:20:33,230 [grpc-default-executor-0] INFO  impl.RaftServerProxy (RaftServerProxy.java:addNew(89)) - 468f5aee-7bc5-4ca2-8f8b-56ef59fd4a1a: addNew group-C9818A83DF75:[468f5aee-7bc5-4ca2-8f8b-56ef59fd4a1a:192.168.34.27:38986] returns group-C9818A83DF75:java.util.concurrent.CompletableFuture@64b93e7d[Not completed]
2019-09-18 22:20:33,235 [pool-77-thread-1] INFO  impl.RaftServerImpl (RaftServerImpl.java:<init>(95)) - 468f5aee-7bc5-4ca2-8f8b-56ef59fd4a1a: new RaftServerImpl for group-C9818A83DF75:[468f5aee-7bc5-4ca2-8f8b-56ef59fd4a1a:192.168.34.27:38986] with ContainerStateMachine:uninitialized
2019-09-18 22:20:33,235 [pool-77-thread-1] INFO  server.RaftServerConfigKeys (ConfUtils.java:logGet(43)) - raft.server.rpc.timeout.min = 5s (custom)
2019-09-18 22:20:33,236 [pool-77-thread-1] INFO  server.RaftServerConfigKeys (ConfUtils.java:logGet(43)) - raft.server.rpc.timeout.max = 5200ms (custom)
2019-09-18 22:20:33,236 [pool-77-thread-1] INFO  server.RaftServerConfigKeys (ConfUtils.java:logGet(43)) - raft.server.rpcslowness.timeout = 120s (custom)
2019-09-18 22:20:33,236 [pool-77-thread-1] INFO  server.RaftServerConfigKeys (ConfUtils.java:logGet(43)) - raft.server.sleep.deviation.threshold = 300 (default)
2019-09-18 22:20:33,236 [pool-77-thread-1] INFO  server.RaftServerConfigKeys (ConfUtils.java:logGet(43)) - raft.server.log.appender.install.snapshot.enabled = false (custom)
2019-09-18 22:20:33,236 [pool-77-thread-1] INFO  impl.RaftServerImpl (ServerState.java:<init>(103)) - 468f5aee-7bc5-4ca2-8f8b-56ef59fd4a1a@group-C9818A83DF75: ConfigurationManager, init=-1: [468f5aee-7bc5-4ca2-8f8b-56ef59fd4a1a:192.168.34.27:38986], old=null, confs=<EMPTY_MAP>
2019-09-18 22:20:33,236 [pool-77-thread-1] INFO  server.RaftServerConfigKeys (ConfUtils.java:logGet(43)) - raft.server.storage.dir = [/workdir/hadoop-ozone/integration-test/target/test-dir/MiniOzoneClusterImpl-01fd2252-8e02-4c47-9516-e708e74f7f33/datanode-5/data/ratis] (custom)
2019-09-18 22:20:33,237 [pool-77-thread-1] INFO  storage.RaftStorageDirectory (RaftStorageDirectory.java:analyzeStorage(246)) - The storage directory /workdir/hadoop-ozone/integration-test/target/test-dir/MiniOzoneClusterImpl-01fd2252-8e02-4c47-9516-e708e74f7f33/datanode-5/data/ratis/03a25642-058e-43aa-b5e4-c9818a83df75 does not exist. Creating ...
2019-09-18 22:20:33,242 [main] INFO  ozone.MiniOzoneClusterImpl (MiniOzoneClusterImpl.java:shutdown(312)) - Shutting down the Mini Ozone Cluster
2019-09-18 22:20:33,242 [main] INFO  ozone.MiniOzoneClusterImpl (MiniOzoneClusterImpl.java:stop(327)) - Stopping the Mini Ozone Cluster
2019-09-18 22:20:33,243 [main] INFO  ozone.MiniOzoneClusterImpl (MiniOzoneClusterImpl.java:stop(329)) - Stopping the OzoneManager
2019-09-18 22:20:33,243 [main] INFO  ipc.Server (Server.java:stop(3082)) - Stopping server on 34714
2019-09-18 22:20:33,255 [IPC Server listener on 34714] INFO  ipc.Server (Server.java:run(1185)) - Stopping IPC Server listener on 34714
2019-09-18 22:20:33,259 [IPC Server Responder] INFO  ipc.Server (Server.java:run(1319)) - Stopping IPC Server Responder
2019-09-18 22:20:33,256 [main] INFO  ratis.OzoneManagerDoubleBuffer (OzoneManagerDoubleBuffer.java:stop(248)) - Stopping OMDoubleBuffer flush thread
2019-09-18 22:20:33,263 [pool-77-thread-1] INFO  storage.RaftStorageDirectory (RaftStorageDirectory.java:tryLock(328)) - Lock on /workdir/hadoop-ozone/integration-test/target/test-dir/MiniOzoneClusterImpl-01fd2252-8e02-4c47-9516-e708e74f7f33/datanode-5/data/ratis/03a25642-058e-43aa-b5e4-c9818a83df75/in_use.lock acquired by nodename 28658@pr-hdds-2150-pzdq9-4118776691
2019-09-18 22:20:33,288 [OMDoubleBufferFlushThread] INFO  ratis.OzoneManagerDoubleBuffer (OzoneManagerDoubleBuffer.java:flushTransactions(191)) - OMDoubleBuffer flush thread OMDoubleBufferFlushThread is interrupted and will exit. OMDoubleBufferFlushThread
2019-09-18 22:20:33,290 [main] INFO  utils.BackgroundService (BackgroundService.java:shutdown(148)) - Shutting down service KeyDeletingService
2019-09-18 22:20:33,294 [main] INFO  handler.ContextHandler (ContextHandler.java:doStop(910)) - Stopped o.e.j.w.WebAppContext@af78c87{/,null,UNAVAILABLE}{/ozoneManager}
2019-09-18 22:20:33,299 [main] INFO  server.AbstractConnector (AbstractConnector.java:doStop(318)) - Stopped ServerConnector@773dab28{HTTP/1.1,[http/1.1]}{0.0.0.0:0}
2019-09-18 22:20:33,299 [main] INFO  handler.ContextHandler (ContextHandler.java:doStop(910)) - Stopped o.e.j.s.ServletContextHandler@4cafa9aa{/static,file:///workdir/hadoop-ozone/integration-test/target/test-classes/webapps/static,UNAVAILABLE}
2019-09-18 22:20:33,299 [main] INFO  handler.ContextHandler (ContextHandler.java:doStop(910)) - Stopped o.e.j.s.ServletContextHandler@963176{/logs,file:///workdir/hadoop-ozone/integration-test/target/log,UNAVAILABLE}
2019-09-18 22:20:33,302 [pool-77-thread-1] INFO  storage.RaftStorage (RaftStorage.java:format(72)) - Storage directory /workdir/hadoop-ozone/integration-test/target/test-dir/MiniOzoneClusterImpl-01fd2252-8e02-4c47-9516-e708e74f7f33/datanode-5/data/ratis/03a25642-058e-43aa-b5e4-c9818a83df75 has been successfully formatted.
2019-09-18 22:20:33,303 [pool-77-thread-1] INFO  ratis.ContainerStateMachine (ContainerStateMachine.java:loadSnapshot(230)) - group-C9818A83DF75: The snapshot info is null. Setting the last applied indexto:(t:0, i:~)
2019-09-18 22:20:33,303 [pool-77-thread-1] INFO  server.RaftServerConfigKeys (ConfUtils.java:logGet(43)) - raft.server.notification.no-leader.timeout = 120s (custom)
2019-09-18 22:20:33,303 [pool-77-thread-1] INFO  server.RaftServerConfigKeys (ConfUtils.java:logGet(43)) - raft.server.log.use.memory = false (default)
2019-09-18 22:20:33,303 [pool-77-thread-1] INFO  server.RaftServerConfigKeys (ConfUtils.java:logGet(43)) - raft.server.log.purge.gap = 1000000 (custom)
2019-09-18 22:20:33,303 [pool-77-thread-1] INFO  server.RaftServerConfigKeys (ConfUtils.java:logGet(43)) - raft.server.log.appender.buffer.byte-limit = 33554432 (custom)
2019-09-18 22:20:33,304 [pool-77-thread-1] INFO  server.RaftServerConfigKeys (ConfUtils.java:logGet(43)) - raft.server.log.segment.size.max = 1048576 (custom)
2019-09-18 22:20:33,304 [pool-77-thread-1] INFO  server.RaftServerConfigKeys (ConfUtils.java:logGet(43)) - raft.server.log.segment.cache.num.max = 2 (custom)
2019-09-18 22:20:33,304 [pool-77-thread-1] INFO  segmented.SegmentedRaftLogWorker (SegmentedRaftLogWorker.java:<init>(172)) - new 468f5aee-7bc5-4ca2-8f8b-56ef59fd4a1a@group-C9818A83DF75-SegmentedRaftLogWorker for RaftStorage:Storage Directory /workdir/hadoop-ozone/integration-test/target/test-dir/MiniOzoneClusterImpl-01fd2252-8e02-4c47-9516-e708e74f7f33/datanode-5/data/ratis/03a25642-058e-43aa-b5e4-c9818a83df75
2019-09-18 22:20:33,304 [main] INFO  ozone.MiniOzoneClusterImpl (MiniOzoneClusterImpl.java:stop(335)) - Shutting the HddsDatanodes
2019-09-18 22:20:33,307 [pool-77-thread-1] INFO  server.RaftServerConfigKeys (ConfUtils.java:logGet(43)) - raft.server.log.queue.byte-limit = 2147483647 (custom)
2019-09-18 22:20:33,308 [pool-77-thread-1] INFO  server.RaftServerConfigKeys (ConfUtils.java:logGet(43)) - raft.server.log.queue.element-limit = 1024 (custom)
2019-09-18 22:20:33,308 [pool-77-thread-1] INFO  server.RaftServerConfigKeys (ConfUtils.java:logGet(43)) - raft.server.log.segment.size.max = 1048576 (custom)
2019-09-18 22:20:33,308 [pool-77-thread-1] INFO  server.RaftServerConfigKeys (ConfUtils.java:logGet(43)) - raft.server.log.preallocated.size = 16384 (custom)
2019-09-18 22:20:33,308 [pool-77-thread-1] INFO  server.RaftServerConfigKeys (ConfUtils.java:logGet(43)) - raft.server.log.write.buffer.size = 33554432 (custom)
2019-09-18 22:20:33,308 [pool-77-thread-1] INFO  server.RaftServerConfigKeys (ConfUtils.java:logGet(43)) - raft.server.log.force.sync.num = 128 (default)
2019-09-18 22:20:33,308 [pool-77-thread-1] INFO  server.RaftServerConfigKeys (ConfUtils.java:logGet(43)) - raft.server.log.statemachine.data.sync = true (default)
2019-09-18 22:20:33,309 [pool-77-thread-1] INFO  server.RaftServerConfigKeys (ConfUtils.java:logGet(43)) - raft.server.log.statemachine.data.sync.timeout = 10s (default)
2019-09-18 22:20:33,309 [pool-77-thread-1] INFO  server.RaftServerConfigKeys (ConfUtils.java:logGet(43)) - raft.server.log.statemachine.data.sync.timeout.retry = -1 (default)
2019-09-18 22:20:33,309 [pool-77-thread-1] INFO  server.RaftServerConfigKeys (ConfUtils.java:logGet(43)) - raft.server.log.statemachine.data.caching.enabled = true (custom)
2019-09-18 22:20:33,309 [pool-77-thread-1] INFO  segmented.SegmentedRaftLogWorker (SegmentedRaftLogWorker.java:lambda$new$0(132)) - 468f5aee-7bc5-4ca2-8f8b-56ef59fd4a1a@group-C9818A83DF75-SegmentedRaftLogWorker: flushIndex: setUnconditionally 0 -> -1
2019-09-18 22:20:33,310 [pool-77-thread-1] INFO  server.RaftServerConfigKeys (ConfUtils.java:logGet(43)) - raft.server.snapshot.auto.trigger.enabled = true (custom)
2019-09-18 22:20:33,310 [pool-77-thread-1] INFO  server.RaftServerConfigKeys (ConfUtils.java:logGet(43)) - raft.server.snapshot.auto.trigger.threshold = 10000 (custom)
2019-09-18 22:20:33,310 [pool-77-thread-1] INFO  server.RaftServerConfigKeys (ConfUtils.java:logGet(43)) - raft.server.snapshot.retention.num.files = 5 (custom)
2019-09-18 22:20:33,310 [pool-77-thread-1] INFO  server.RaftServerConfigKeys (ConfUtils.java:logGet(43)) - raft.server.retrycache.expirytime = 600000ms (custom)
2019-09-18 22:20:33,315 [pool-77-thread-1] INFO  impl.RaftServerImpl (RaftServerImpl.java:start(185)) - 468f5aee-7bc5-4ca2-8f8b-56ef59fd4a1a@group-C9818A83DF75: start as a follower, conf=-1: [468f5aee-7bc5-4ca2-8f8b-56ef59fd4a1a:192.168.34.27:38986], old=null
2019-09-18 22:20:33,315 [pool-77-thread-1] INFO  impl.RaftServerImpl (RaftServerImpl.java:setRole(174)) - 468f5aee-7bc5-4ca2-8f8b-56ef59fd4a1a@group-C9818A83DF75: changes role from      null to FOLLOWER at term 0 for startAsFollower
2019-09-18 22:20:33,315 [pool-77-thread-1] INFO  impl.RoleInfo (RoleInfo.java:updateAndGet(143)) - 468f5aee-7bc5-4ca2-8f8b-56ef59fd4a1a: start FollowerState
2019-09-18 22:20:33,316 [pool-77-thread-1] INFO  util.JmxRegister (JmxRegister.java:tryRegister(44)) - Successfully registered JMX Bean with object name Ratis:service=RaftServer,group=group-C9818A83DF75,id=468f5aee-7bc5-4ca2-8f8b-56ef59fd4a1a
2019-09-18 22:20:33,325 [RatisPipelineUtilsThread] INFO  pipeline.PipelineStateManager (PipelineStateManager.java:addPipeline(56)) - Created pipeline Pipeline[ Id: 03a25642-058e-43aa-b5e4-c9818a83df75, Nodes: 468f5aee-7bc5-4ca2-8f8b-56ef59fd4a1a{ip: 192.168.34.27, host: pr-hdds-2150-pzdq9-4118776691, networkLocation: /default-rack, certSerialId: null}, Type:RATIS, Factor:ONE, State:OPEN]
2019-09-18 22:20:33,338 [grpc-default-executor-0] INFO  impl.RaftServerProxy (RaftServerProxy.java:addNew(89)) - b6b769e4-60a4-492b-af1c-4848735b223e: addNew group-76CB179AE0A0:[b6b769e4-60a4-492b-af1c-4848735b223e:192.168.34.27:35486] returns group-76CB179AE0A0:java.util.concurrent.CompletableFuture@4f2aeaee[Not completed]
2019-09-18 22:20:33,341 [pool-37-thread-1] INFO  impl.RaftServerImpl (RaftServerImpl.java:<init>(95)) - b6b769e4-60a4-492b-af1c-4848735b223e: new RaftServerImpl for group-76CB179AE0A0:[b6b769e4-60a4-492b-af1c-4848735b223e:192.168.34.27:35486] with ContainerStateMachine:uninitialized
2019-09-18 22:20:33,341 [pool-37-thread-1] INFO  server.RaftServerConfigKeys (ConfUtils.java:logGet(43)) - raft.server.rpc.timeout.min = 5s (custom)
2019-09-18 22:20:33,341 [pool-37-thread-1] INFO  server.RaftServerConfigKeys (ConfUtils.java:logGet(43)) - raft.server.rpc.timeout.max = 5200ms (custom)
2019-09-18 22:20:33,341 [pool-37-thread-1] INFO  server.RaftServerConfigKeys (ConfUtils.java:logGet(43)) - raft.server.rpcslowness.timeout = 120s (custom)
2019-09-18 22:20:33,341 [pool-37-thread-1] INFO  server.RaftServerConfigKeys (ConfUtils.java:logGet(43)) - raft.server.sleep.deviation.threshold = 300 (default)
2019-09-18 22:20:33,342 [pool-37-thread-1] INFO  server.RaftServerConfigKeys (ConfUtils.java:logGet(43)) - raft.server.log.appender.install.snapshot.enabled = false (custom)
2019-09-18 22:20:33,342 [pool-37-thread-1] INFO  impl.RaftServerImpl (ServerState.java:<init>(103)) - b6b769e4-60a4-492b-af1c-4848735b223e@group-76CB179AE0A0: ConfigurationManager, init=-1: [b6b769e4-60a4-492b-af1c-4848735b223e:192.168.34.27:35486], old=null, confs=<EMPTY_MAP>
2019-09-18 22:20:33,342 [pool-37-thread-1] INFO  server.RaftServerConfigKeys (ConfUtils.java:logGet(43)) - raft.server.storage.dir = [/workdir/hadoop-ozone/integration-test/target/test-dir/MiniOzoneClusterImpl-01fd2252-8e02-4c47-9516-e708e74f7f33/datanode-1/data/ratis] (custom)
2019-09-18 22:20:33,343 [pool-37-thread-1] INFO  storage.RaftStorageDirectory (RaftStorageDirectory.java:analyzeStorage(246)) - The storage directory /workdir/hadoop-ozone/integration-test/target/test-dir/MiniOzoneClusterImpl-01fd2252-8e02-4c47-9516-e708e74f7f33/datanode-1/data/ratis/4d2ea1d2-56e1-4c2b-8335-76cb179ae0a0 does not exist. Creating ...
2019-09-18 22:20:33,356 [pool-37-thread-1] INFO  storage.RaftStorageDirectory (RaftStorageDirectory.java:tryLock(328)) - Lock on /workdir/hadoop-ozone/integration-test/target/test-dir/MiniOzoneClusterImpl-01fd2252-8e02-4c47-9516-e708e74f7f33/datanode-1/data/ratis/4d2ea1d2-56e1-4c2b-8335-76cb179ae0a0/in_use.lock acquired by nodename 28658@pr-hdds-2150-pzdq9-4118776691
2019-09-18 22:20:33,372 [pool-37-thread-1] INFO  storage.RaftStorage (RaftStorage.java:format(72)) - Storage directory /workdir/hadoop-ozone/integration-test/target/test-dir/MiniOzoneClusterImpl-01fd2252-8e02-4c47-9516-e708e74f7f33/datanode-1/data/ratis/4d2ea1d2-56e1-4c2b-8335-76cb179ae0a0 has been successfully formatted.
2019-09-18 22:20:33,372 [pool-37-thread-1] INFO  ratis.ContainerStateMachine (ContainerStateMachine.java:loadSnapshot(230)) - group-76CB179AE0A0: The snapshot info is null. Setting the last applied indexto:(t:0, i:~)
2019-09-18 22:20:33,372 [pool-37-thread-1] INFO  server.RaftServerConfigKeys (ConfUtils.java:logGet(43)) - raft.server.notification.no-leader.timeout = 120s (custom)
2019-09-18 22:20:33,372 [pool-37-thread-1] INFO  server.RaftServerConfigKeys (ConfUtils.java:logGet(43)) - raft.server.log.use.memory = false (default)
2019-09-18 22:20:33,372 [pool-37-thread-1] INFO  server.RaftServerConfigKeys (ConfUtils.java:logGet(43)) - raft.server.log.purge.gap = 1000000 (custom)
2019-09-18 22:20:33,373 [pool-37-thread-1] INFO  server.RaftServerConfigKeys (ConfUtils.java:logGet(43)) - raft.server.log.appender.buffer.byte-limit = 33554432 (custom)
2019-09-18 22:20:33,373 [pool-37-thread-1] INFO  server.RaftServerConfigKeys (ConfUtils.java:logGet(43)) - raft.server.log.segment.size.max = 1048576 (custom)
2019-09-18 22:20:33,373 [pool-37-thread-1] INFO  server.RaftServerConfigKeys (ConfUtils.java:logGet(43)) - raft.server.log.segment.cache.num.max = 2 (custom)
2019-09-18 22:20:33,373 [pool-37-thread-1] INFO  segmented.SegmentedRaftLogWorker (SegmentedRaftLogWorker.java:<init>(172)) - new b6b769e4-60a4-492b-af1c-4848735b223e@group-76CB179AE0A0-SegmentedRaftLogWorker for RaftStorage:Storage Directory /workdir/hadoop-ozone/integration-test/target/test-dir/MiniOzoneClusterImpl-01fd2252-8e02-4c47-9516-e708e74f7f33/datanode-1/data/ratis/4d2ea1d2-56e1-4c2b-8335-76cb179ae0a0
2019-09-18 22:20:33,375 [pool-37-thread-1] INFO  server.RaftServerConfigKeys (ConfUtils.java:logGet(43)) - raft.server.log.queue.byte-limit = 2147483647 (custom)
2019-09-18 22:20:33,376 [pool-37-thread-1] INFO  server.RaftServerConfigKeys (ConfUtils.java:logGet(43)) - raft.server.log.queue.element-limit = 1024 (custom)
2019-09-18 22:20:33,376 [pool-37-thread-1] INFO  server.RaftServerConfigKeys (ConfUtils.java:logGet(43)) - raft.server.log.segment.size.max = 1048576 (custom)
2019-09-18 22:20:33,376 [pool-37-thread-1] INFO  server.RaftServerConfigKeys (ConfUtils.java:logGet(43)) - raft.server.log.preallocated.size = 16384 (custom)
2019-09-18 22:20:33,376 [pool-37-thread-1] INFO  server.RaftServerConfigKeys (ConfUtils.java:logGet(43)) - raft.server.log.write.buffer.size = 33554432 (custom)
2019-09-18 22:20:33,376 [pool-37-thread-1] INFO  server.RaftServerConfigKeys (ConfUtils.java:logGet(43)) - raft.server.log.force.sync.num = 128 (default)
2019-09-18 22:20:33,376 [pool-37-thread-1] INFO  server.RaftServerConfigKeys (ConfUtils.java:logGet(43)) - raft.server.log.statemachine.data.sync = true (default)
2019-09-18 22:20:33,376 [pool-37-thread-1] INFO  server.RaftServerConfigKeys (ConfUtils.java:logGet(43)) - raft.server.log.statemachine.data.sync.timeout = 10s (default)
2019-09-18 22:20:33,376 [pool-37-thread-1] INFO  server.RaftServerConfigKeys (ConfUtils.java:logGet(43)) - raft.server.log.statemachine.data.sync.timeout.retry = -1 (default)
2019-09-18 22:20:33,377 [pool-37-thread-1] INFO  server.RaftServerConfigKeys (ConfUtils.java:logGet(43)) - raft.server.log.statemachine.data.caching.enabled = true (custom)
2019-09-18 22:20:33,377 [pool-37-thread-1] INFO  segmented.SegmentedRaftLogWorker (SegmentedRaftLogWorker.java:lambda$new$0(132)) - b6b769e4-60a4-492b-af1c-4848735b223e@group-76CB179AE0A0-SegmentedRaftLogWorker: flushIndex: setUnconditionally 0 -> -1
2019-09-18 22:20:33,377 [pool-37-thread-1] INFO  server.RaftServerConfigKeys (ConfUtils.java:logGet(43)) - raft.server.snapshot.auto.trigger.enabled = true (custom)
2019-09-18 22:20:33,377 [pool-37-thread-1] INFO  server.RaftServerConfigKeys (ConfUtils.java:logGet(43)) - raft.server.snapshot.auto.trigger.threshold = 10000 (custom)
2019-09-18 22:20:33,378 [pool-37-thread-1] INFO  server.RaftServerConfigKeys (ConfUtils.java:logGet(43)) - raft.server.snapshot.retention.num.files = 5 (custom)
2019-09-18 22:20:33,378 [pool-37-thread-1] INFO  server.RaftServerConfigKeys (ConfUtils.java:logGet(43)) - raft.server.retrycache.expirytime = 600000ms (custom)
2019-09-18 22:20:33,380 [pool-37-thread-1] INFO  impl.RaftServerImpl (RaftServerImpl.java:start(185)) - b6b769e4-60a4-492b-af1c-4848735b223e@group-76CB179AE0A0: start as a follower, conf=-1: [b6b769e4-60a4-492b-af1c-4848735b223e:192.168.34.27:35486], old=null
2019-09-18 22:20:33,380 [pool-37-thread-1] INFO  impl.RaftServerImpl (RaftServerImpl.java:setRole(174)) - b6b769e4-60a4-492b-af1c-4848735b223e@group-76CB179AE0A0: changes role from      null to FOLLOWER at term 0 for startAsFollower
2019-09-18 22:20:33,380 [pool-37-thread-1] INFO  impl.RoleInfo (RoleInfo.java:updateAndGet(143)) - b6b769e4-60a4-492b-af1c-4848735b223e: start FollowerState
2019-09-18 22:20:33,380 [pool-37-thread-1] INFO  util.JmxRegister (JmxRegister.java:tryRegister(44)) - Successfully registered JMX Bean with object name Ratis:service=RaftServer,group=group-76CB179AE0A0,id=b6b769e4-60a4-492b-af1c-4848735b223e
2019-09-18 22:20:33,399 [RatisPipelineUtilsThread] INFO  pipeline.PipelineStateManager (PipelineStateManager.java:addPipeline(56)) - Created pipeline Pipeline[ Id: 4d2ea1d2-56e1-4c2b-8335-76cb179ae0a0, Nodes: b6b769e4-60a4-492b-af1c-4848735b223e{ip: 192.168.34.27, host: pr-hdds-2150-pzdq9-4118776691, networkLocation: /default-rack, certSerialId: null}, Type:RATIS, Factor:ONE, State:OPEN]
2019-09-18 22:20:33,425 [grpc-default-executor-2] INFO  impl.RaftServerProxy (RaftServerProxy.java:addNew(89)) - 42b076d1-e769-4d9d-82d9-d0c9a80efb7a: addNew group-AEB71D4DE366:[42b076d1-e769-4d9d-82d9-d0c9a80efb7a:192.168.34.27:43875, 59af5fb5-34a0-4f7b-a154-f824d7416d40:192.168.34.27:46407, 4b8530e9-6951-4725-b7cd-6ad70f02d4d1:192.168.34.27:45511] returns group-AEB71D4DE366:java.util.concurrent.CompletableFuture@1fadb2b[Not completed]
2019-09-18 22:20:33,425 [grpc-default-executor-1] INFO  impl.RaftServerProxy (RaftServerProxy.java:addNew(89)) - 59af5fb5-34a0-4f7b-a154-f824d7416d40: addNew group-AEB71D4DE366:[42b076d1-e769-4d9d-82d9-d0c9a80efb7a:192.168.34.27:43875, 59af5fb5-34a0-4f7b-a154-f824d7416d40:192.168.34.27:46407, 4b8530e9-6951-4725-b7cd-6ad70f02d4d1:192.168.34.27:45511] returns group-AEB71D4DE366:java.util.concurrent.CompletableFuture@786311ae[Not completed]
2019-09-18 22:20:33,428 [grpc-default-executor-1] INFO  impl.RaftServerProxy (RaftServerProxy.java:addNew(89)) - 4b8530e9-6951-4725-b7cd-6ad70f02d4d1: addNew group-AEB71D4DE366:[42b076d1-e769-4d9d-82d9-d0c9a80efb7a:192.168.34.27:43875, 59af5fb5-34a0-4f7b-a154-f824d7416d40:192.168.34.27:46407, 4b8530e9-6951-4725-b7cd-6ad70f02d4d1:192.168.34.27:45511] returns group-AEB71D4DE366:java.util.concurrent.CompletableFuture@7c5c9a7a[Not completed]
2019-09-18 22:20:33,428 [pool-27-thread-1] INFO  impl.RaftServerImpl (RaftServerImpl.java:<init>(95)) - 42b076d1-e769-4d9d-82d9-d0c9a80efb7a: new RaftServerImpl for group-AEB71D4DE366:[42b076d1-e769-4d9d-82d9-d0c9a80efb7a:192.168.34.27:43875, 59af5fb5-34a0-4f7b-a154-f824d7416d40:192.168.34.27:46407, 4b8530e9-6951-4725-b7cd-6ad70f02d4d1:192.168.34.27:45511] with ContainerStateMachine:uninitialized
2019-09-18 22:20:33,428 [pool-27-thread-1] INFO  server.RaftServerConfigKeys (ConfUtils.java:logGet(43)) - raft.server.rpc.timeout.min = 5s (custom)
2019-09-18 22:20:33,428 [pool-27-thread-1] INFO  server.RaftServerConfigKeys (ConfUtils.java:logGet(43)) - raft.server.rpc.timeout.max = 5200ms (custom)
2019-09-18 22:20:33,428 [pool-27-thread-1] INFO  server.RaftServerConfigKeys (ConfUtils.java:logGet(43)) - raft.server.rpcslowness.timeout = 120s (custom)
2019-09-18 22:20:33,429 [pool-27-thread-1] INFO  server.RaftServerConfigKeys (ConfUtils.java:logGet(43)) - raft.server.sleep.deviation.threshold = 300 (default)
2019-09-18 22:20:33,429 [pool-27-thread-1] INFO  server.RaftServerConfigKeys (ConfUtils.java:logGet(43)) - raft.server.log.appender.install.snapshot.enabled = false (custom)
2019-09-18 22:20:33,429 [pool-27-thread-1] INFO  impl.RaftServerImpl (ServerState.java:<init>(103)) - 42b076d1-e769-4d9d-82d9-d0c9a80efb7a@group-AEB71D4DE366: ConfigurationManager, init=-1: [42b076d1-e769-4d9d-82d9-d0c9a80efb7a:192.168.34.27:43875, 59af5fb5-34a0-4f7b-a154-f824d7416d40:192.168.34.27:46407, 4b8530e9-6951-4725-b7cd-6ad70f02d4d1:192.168.34.27:45511], old=null, confs=<EMPTY_MAP>
2019-09-18 22:20:33,429 [pool-27-thread-1] INFO  server.RaftServerConfigKeys (ConfUtils.java:logGet(43)) - raft.server.storage.dir = [/workdir/hadoop-ozone/integration-test/target/test-dir/MiniOzoneClusterImpl-01fd2252-8e02-4c47-9516-e708e74f7f33/datanode-0/data/ratis] (custom)
2019-09-18 22:20:33,429 [pool-27-thread-1] INFO  storage.RaftStorageDirectory (RaftStorageDirectory.java:analyzeStorage(246)) - The storage directory /workdir/hadoop-ozone/integration-test/target/test-dir/MiniOzoneClusterImpl-01fd2252-8e02-4c47-9516-e708e74f7f33/datanode-0/data/ratis/058aa88e-17bb-49d6-a1fb-aeb71d4de366 does not exist. Creating ...
2019-09-18 22:20:33,429 [pool-57-thread-1] INFO  impl.RaftServerImpl (RaftServerImpl.java:<init>(95)) - 59af5fb5-34a0-4f7b-a154-f824d7416d40: new RaftServerImpl for group-AEB71D4DE366:[42b076d1-e769-4d9d-82d9-d0c9a80efb7a:192.168.34.27:43875, 59af5fb5-34a0-4f7b-a154-f824d7416d40:192.168.34.27:46407, 4b8530e9-6951-4725-b7cd-6ad70f02d4d1:192.168.34.27:45511] with ContainerStateMachine:uninitialized
2019-09-18 22:20:33,430 [pool-57-thread-1] INFO  server.RaftServerConfigKeys (ConfUtils.java:logGet(43)) - raft.server.rpc.timeout.min = 5s (custom)
2019-09-18 22:20:33,430 [pool-57-thread-1] INFO  server.RaftServerConfigKeys (ConfUtils.java:logGet(43)) - raft.server.rpc.timeout.max = 5200ms (custom)
2019-09-18 22:20:33,430 [pool-47-thread-1] INFO  impl.RaftServerImpl (RaftServerImpl.java:<init>(95)) - 4b8530e9-6951-4725-b7cd-6ad70f02d4d1: new RaftServerImpl for group-AEB71D4DE366:[42b076d1-e769-4d9d-82d9-d0c9a80efb7a:192.168.34.27:43875, 59af5fb5-34a0-4f7b-a154-f824d7416d40:192.168.34.27:46407, 4b8530e9-6951-4725-b7cd-6ad70f02d4d1:192.168.34.27:45511] with ContainerStateMachine:uninitialized
2019-09-18 22:20:33,430 [pool-57-thread-1] INFO  server.RaftServerConfigKeys (ConfUtils.java:logGet(43)) - raft.server.rpcslowness.timeout = 120s (custom)
2019-09-18 22:20:33,430 [pool-47-thread-1] INFO  server.RaftServerConfigKeys (ConfUtils.java:logGet(43)) - raft.server.rpc.timeout.min = 5s (custom)
2019-09-18 22:20:33,430 [pool-57-thread-1] INFO  server.RaftServerConfigKeys (ConfUtils.java:logGet(43)) - raft.server.sleep.deviation.threshold = 300 (default)
2019-09-18 22:20:33,430 [pool-47-thread-1] INFO  server.RaftServerConfigKeys (ConfUtils.java:logGet(43)) - raft.server.rpc.timeout.max = 5200ms (custom)
2019-09-18 22:20:33,431 [pool-57-thread-1] INFO  server.RaftServerConfigKeys (ConfUtils.java:logGet(43)) - raft.server.log.appender.install.snapshot.enabled = false (custom)
2019-09-18 22:20:33,431 [pool-47-thread-1] INFO  server.RaftServerConfigKeys (ConfUtils.java:logGet(43)) - raft.server.rpcslowness.timeout = 120s (custom)
2019-09-18 22:20:33,431 [pool-57-thread-1] INFO  impl.RaftServerImpl (ServerState.java:<init>(103)) - 59af5fb5-34a0-4f7b-a154-f824d7416d40@group-AEB71D4DE366: ConfigurationManager, init=-1: [42b076d1-e769-4d9d-82d9-d0c9a80efb7a:192.168.34.27:43875, 59af5fb5-34a0-4f7b-a154-f824d7416d40:192.168.34.27:46407, 4b8530e9-6951-4725-b7cd-6ad70f02d4d1:192.168.34.27:45511], old=null, confs=<EMPTY_MAP>
2019-09-18 22:20:33,431 [pool-47-thread-1] INFO  server.RaftServerConfigKeys (ConfUtils.java:logGet(43)) - raft.server.sleep.deviation.threshold = 300 (default)
2019-09-18 22:20:33,431 [pool-47-thread-1] INFO  server.RaftServerConfigKeys (ConfUtils.java:logGet(43)) - raft.server.log.appender.install.snapshot.enabled = false (custom)
2019-09-18 22:20:33,431 [pool-57-thread-1] INFO  server.RaftServerConfigKeys (ConfUtils.java:logGet(43)) - raft.server.storage.dir = [/workdir/hadoop-ozone/integration-test/target/test-dir/MiniOzoneClusterImpl-01fd2252-8e02-4c47-9516-e708e74f7f33/datanode-3/data/ratis] (custom)
2019-09-18 22:20:33,431 [pool-47-thread-1] INFO  impl.RaftServerImpl (ServerState.java:<init>(103)) - 4b8530e9-6951-4725-b7cd-6ad70f02d4d1@group-AEB71D4DE366: ConfigurationManager, init=-1: [42b076d1-e769-4d9d-82d9-d0c9a80efb7a:192.168.34.27:43875, 59af5fb5-34a0-4f7b-a154-f824d7416d40:192.168.34.27:46407, 4b8530e9-6951-4725-b7cd-6ad70f02d4d1:192.168.34.27:45511], old=null, confs=<EMPTY_MAP>
2019-09-18 22:20:33,431 [pool-47-thread-1] INFO  server.RaftServerConfigKeys (ConfUtils.java:logGet(43)) - raft.server.storage.dir = [/workdir/hadoop-ozone/integration-test/target/test-dir/MiniOzoneClusterImpl-01fd2252-8e02-4c47-9516-e708e74f7f33/datanode-2/data/ratis] (custom)
2019-09-18 22:20:33,431 [pool-57-thread-1] INFO  storage.RaftStorageDirectory (RaftStorageDirectory.java:analyzeStorage(246)) - The storage directory /workdir/hadoop-ozone/integration-test/target/test-dir/MiniOzoneClusterImpl-01fd2252-8e02-4c47-9516-e708e74f7f33/datanode-3/data/ratis/058aa88e-17bb-49d6-a1fb-aeb71d4de366 does not exist. Creating ...
2019-09-18 22:20:33,432 [pool-47-thread-1] INFO  storage.RaftStorageDirectory (RaftStorageDirectory.java:analyzeStorage(246)) - The storage directory /workdir/hadoop-ozone/integration-test/target/test-dir/MiniOzoneClusterImpl-01fd2252-8e02-4c47-9516-e708e74f7f33/datanode-2/data/ratis/058aa88e-17bb-49d6-a1fb-aeb71d4de366 does not exist. Creating ...
2019-09-18 22:20:33,441 [pool-47-thread-1] INFO  storage.RaftStorageDirectory (RaftStorageDirectory.java:tryLock(328)) - Lock on /workdir/hadoop-ozone/integration-test/target/test-dir/MiniOzoneClusterImpl-01fd2252-8e02-4c47-9516-e708e74f7f33/datanode-2/data/ratis/058aa88e-17bb-49d6-a1fb-aeb71d4de366/in_use.lock acquired by nodename 28658@pr-hdds-2150-pzdq9-4118776691
2019-09-18 22:20:33,441 [pool-57-thread-1] INFO  storage.RaftStorageDirectory (RaftStorageDirectory.java:tryLock(328)) - Lock on /workdir/hadoop-ozone/integration-test/target/test-dir/MiniOzoneClusterImpl-01fd2252-8e02-4c47-9516-e708e74f7f33/datanode-3/data/ratis/058aa88e-17bb-49d6-a1fb-aeb71d4de366/in_use.lock acquired by nodename 28658@pr-hdds-2150-pzdq9-4118776691
2019-09-18 22:20:33,441 [pool-27-thread-1] INFO  storage.RaftStorageDirectory (RaftStorageDirectory.java:tryLock(328)) - Lock on /workdir/hadoop-ozone/integration-test/target/test-dir/MiniOzoneClusterImpl-01fd2252-8e02-4c47-9516-e708e74f7f33/datanode-0/data/ratis/058aa88e-17bb-49d6-a1fb-aeb71d4de366/in_use.lock acquired by nodename 28658@pr-hdds-2150-pzdq9-4118776691
2019-09-18 22:20:33,455 [pool-57-thread-1] INFO  storage.RaftStorage (RaftStorage.java:format(72)) - Storage directory /workdir/hadoop-ozone/integration-test/target/test-dir/MiniOzoneClusterImpl-01fd2252-8e02-4c47-9516-e708e74f7f33/datanode-3/data/ratis/058aa88e-17bb-49d6-a1fb-aeb71d4de366 has been successfully formatted.
2019-09-18 22:20:33,455 [pool-47-thread-1] INFO  storage.RaftStorage (RaftStorage.java:format(72)) - Storage directory /workdir/hadoop-ozone/integration-test/target/test-dir/MiniOzoneClusterImpl-01fd2252-8e02-4c47-9516-e708e74f7f33/datanode-2/data/ratis/058aa88e-17bb-49d6-a1fb-aeb71d4de366 has been successfully formatted.
2019-09-18 22:20:33,455 [pool-57-thread-1] INFO  ratis.ContainerStateMachine (ContainerStateMachine.java:loadSnapshot(230)) - group-AEB71D4DE366: The snapshot info is null. Setting the last applied indexto:(t:0, i:~)
2019-09-18 22:20:33,455 [pool-27-thread-1] INFO  storage.RaftStorage (RaftStorage.java:format(72)) - Storage directory /workdir/hadoop-ozone/integration-test/target/test-dir/MiniOzoneClusterImpl-01fd2252-8e02-4c47-9516-e708e74f7f33/datanode-0/data/ratis/058aa88e-17bb-49d6-a1fb-aeb71d4de366 has been successfully formatted.
2019-09-18 22:20:33,456 [pool-57-thread-1] INFO  server.RaftServerConfigKeys (ConfUtils.java:logGet(43)) - raft.server.notification.no-leader.timeout = 120s (custom)
2019-09-18 22:20:33,455 [pool-47-thread-1] INFO  ratis.ContainerStateMachine (ContainerStateMachine.java:loadSnapshot(230)) - group-AEB71D4DE366: The snapshot info is null. Setting the last applied indexto:(t:0, i:~)
2019-09-18 22:20:33,456 [pool-27-thread-1] INFO  ratis.ContainerStateMachine (ContainerStateMachine.java:loadSnapshot(230)) - group-AEB71D4DE366: The snapshot info is null. Setting the last applied indexto:(t:0, i:~)
2019-09-18 22:20:33,456 [pool-57-thread-1] INFO  server.RaftServerConfigKeys (ConfUtils.java:logGet(43)) - raft.server.log.use.memory = false (default)
2019-09-18 22:20:33,456 [pool-27-thread-1] INFO  server.RaftServerConfigKeys (ConfUtils.java:logGet(43)) - raft.server.notification.no-leader.timeout = 120s (custom)
2019-09-18 22:20:33,456 [pool-47-thread-1] INFO  server.RaftServerConfigKeys (ConfUtils.java:logGet(43)) - raft.server.notification.no-leader.timeout = 120s (custom)
2019-09-18 22:20:33,456 [pool-27-thread-1] INFO  server.RaftServerConfigKeys (ConfUtils.java:logGet(43)) - raft.server.log.use.memory = false (default)
2019-09-18 22:20:33,456 [pool-57-thread-1] INFO  server.RaftServerConfigKeys (ConfUtils.java:logGet(43)) - raft.server.log.purge.gap = 1000000 (custom)
2019-09-18 22:20:33,456 [pool-27-thread-1] INFO  server.RaftServerConfigKeys (ConfUtils.java:logGet(43)) - raft.server.log.purge.gap = 1000000 (custom)
2019-09-18 22:20:33,456 [pool-47-thread-1] INFO  server.RaftServerConfigKeys (ConfUtils.java:logGet(43)) - raft.server.log.use.memory = false (default)
2019-09-18 22:20:33,457 [pool-27-thread-1] INFO  server.RaftServerConfigKeys (ConfUtils.java:logGet(43)) - raft.server.log.appender.buffer.byte-limit = 33554432 (custom)
2019-09-18 22:20:33,456 [pool-57-thread-1] INFO  server.RaftServerConfigKeys (ConfUtils.java:logGet(43)) - raft.server.log.appender.buffer.byte-limit = 33554432 (custom)
2019-09-18 22:20:33,457 [pool-27-thread-1] INFO  server.RaftServerConfigKeys (ConfUtils.java:logGet(43)) - raft.server.log.segment.size.max = 1048576 (custom)
2019-09-18 22:20:33,457 [pool-47-thread-1] INFO  server.RaftServerConfigKeys (ConfUtils.java:logGet(43)) - raft.server.log.purge.gap = 1000000 (custom)
2019-09-18 22:20:33,457 [pool-27-thread-1] INFO  server.RaftServerConfigKeys (ConfUtils.java:logGet(43)) - raft.server.log.segment.cache.num.max = 2 (custom)
2019-09-18 22:20:33,457 [pool-57-thread-1] INFO  server.RaftServerConfigKeys (ConfUtils.java:logGet(43)) - raft.server.log.segment.size.max = 1048576 (custom)
2019-09-18 22:20:33,457 [pool-27-thread-1] INFO  segmented.SegmentedRaftLogWorker (SegmentedRaftLogWorker.java:<init>(172)) - new 42b076d1-e769-4d9d-82d9-d0c9a80efb7a@group-AEB71D4DE366-SegmentedRaftLogWorker for RaftStorage:Storage Directory /workdir/hadoop-ozone/integration-test/target/test-dir/MiniOzoneClusterImpl-01fd2252-8e02-4c47-9516-e708e74f7f33/datanode-0/data/ratis/058aa88e-17bb-49d6-a1fb-aeb71d4de366
2019-09-18 22:20:33,457 [pool-47-thread-1] INFO  server.RaftServerConfigKeys (ConfUtils.java:logGet(43)) - raft.server.log.appender.buffer.byte-limit = 33554432 (custom)
2019-09-18 22:20:33,457 [pool-27-thread-1] INFO  server.RaftServerConfigKeys (ConfUtils.java:logGet(43)) - raft.server.log.queue.byte-limit = 2147483647 (custom)
2019-09-18 22:20:33,457 [pool-57-thread-1] INFO  server.RaftServerConfigKeys (ConfUtils.java:logGet(43)) - raft.server.log.segment.cache.num.max = 2 (custom)
2019-09-18 22:20:33,458 [pool-27-thread-1] INFO  server.RaftServerConfigKeys (ConfUtils.java:logGet(43)) - raft.server.log.queue.element-limit = 1024 (custom)
2019-09-18 22:20:33,457 [pool-47-thread-1] INFO  server.RaftServerConfigKeys (ConfUtils.java:logGet(43)) - raft.server.log.segment.size.max = 1048576 (custom)
2019-09-18 22:20:33,458 [pool-27-thread-1] INFO  server.RaftServerConfigKeys (ConfUtils.java:logGet(43)) - raft.server.log.segment.size.max = 1048576 (custom)
2019-09-18 22:20:33,458 [pool-57-thread-1] INFO  segmented.SegmentedRaftLogWorker (SegmentedRaftLogWorker.java:<init>(172)) - new 59af5fb5-34a0-4f7b-a154-f824d7416d40@group-AEB71D4DE366-SegmentedRaftLogWorker for RaftStorage:Storage Directory /workdir/hadoop-ozone/integration-test/target/test-dir/MiniOzoneClusterImpl-01fd2252-8e02-4c47-9516-e708e74f7f33/datanode-3/data/ratis/058aa88e-17bb-49d6-a1fb-aeb71d4de366
2019-09-18 22:20:33,458 [pool-27-thread-1] INFO  server.RaftServerConfigKeys (ConfUtils.java:logGet(43)) - raft.server.log.preallocated.size = 16384 (custom)
2019-09-18 22:20:33,458 [pool-47-thread-1] INFO  server.RaftServerConfigKeys (ConfUtils.java:logGet(43)) - raft.server.log.segment.cache.num.max = 2 (custom)
2019-09-18 22:20:33,458 [pool-27-thread-1] INFO  server.RaftServerConfigKeys (ConfUtils.java:logGet(43)) - raft.server.log.write.buffer.size = 33554432 (custom)
2019-09-18 22:20:33,458 [pool-57-thread-1] INFO  server.RaftServerConfigKeys (ConfUtils.java:logGet(43)) - raft.server.log.queue.byte-limit = 2147483647 (custom)
2019-09-18 22:20:33,458 [pool-27-thread-1] INFO  server.RaftServerConfigKeys (ConfUtils.java:logGet(43)) - raft.server.log.force.sync.num = 128 (default)
2019-09-18 22:20:33,458 [pool-47-thread-1] INFO  segmented.SegmentedRaftLogWorker (SegmentedRaftLogWorker.java:<init>(172)) - new 4b8530e9-6951-4725-b7cd-6ad70f02d4d1@group-AEB71D4DE366-SegmentedRaftLogWorker for RaftStorage:Storage Directory /workdir/hadoop-ozone/integration-test/target/test-dir/MiniOzoneClusterImpl-01fd2252-8e02-4c47-9516-e708e74f7f33/datanode-2/data/ratis/058aa88e-17bb-49d6-a1fb-aeb71d4de366
2019-09-18 22:20:33,458 [pool-27-thread-1] INFO  server.RaftServerConfigKeys (ConfUtils.java:logGet(43)) - raft.server.log.statemachine.data.sync = true (default)
2019-09-18 22:20:33,458 [pool-57-thread-1] INFO  server.RaftServerConfigKeys (ConfUtils.java:logGet(43)) - raft.server.log.queue.element-limit = 1024 (custom)
2019-09-18 22:20:33,459 [pool-27-thread-1] INFO  server.RaftServerConfigKeys (ConfUtils.java:logGet(43)) - raft.server.log.statemachine.data.sync.timeout = 10s (default)
2019-09-18 22:20:33,459 [pool-47-thread-1] INFO  server.RaftServerConfigKeys (ConfUtils.java:logGet(43)) - raft.server.log.queue.byte-limit = 2147483647 (custom)
2019-09-18 22:20:33,459 [pool-27-thread-1] INFO  server.RaftServerConfigKeys (ConfUtils.java:logGet(43)) - raft.server.log.statemachine.data.sync.timeout.retry = -1 (default)
2019-09-18 22:20:33,459 [pool-57-thread-1] INFO  server.RaftServerConfigKeys (ConfUtils.java:logGet(43)) - raft.server.log.segment.size.max = 1048576 (custom)
2019-09-18 22:20:33,459 [pool-47-thread-1] INFO  server.RaftServerConfigKeys (ConfUtils.java:logGet(43)) - raft.server.log.queue.element-limit = 1024 (custom)
2019-09-18 22:20:33,459 [pool-57-thread-1] INFO  server.RaftServerConfigKeys (ConfUtils.java:logGet(43)) - raft.server.log.preallocated.size = 16384 (custom)
2019-09-18 22:20:33,459 [pool-27-thread-1] INFO  server.RaftServerConfigKeys (ConfUtils.java:logGet(43)) - raft.server.log.statemachine.data.caching.enabled = true (custom)
2019-09-18 22:20:33,459 [pool-57-thread-1] INFO  server.RaftServerConfigKeys (ConfUtils.java:logGet(43)) - raft.server.log.write.buffer.size = 33554432 (custom)
2019-09-18 22:20:33,459 [pool-47-thread-1] INFO  server.RaftServerConfigKeys (ConfUtils.java:logGet(43)) - raft.server.log.segment.size.max = 1048576 (custom)
2019-09-18 22:20:33,460 [pool-27-thread-1] INFO  segmented.SegmentedRaftLogWorker (SegmentedRaftLogWorker.java:lambda$new$0(132)) - 42b076d1-e769-4d9d-82d9-d0c9a80efb7a@group-AEB71D4DE366-SegmentedRaftLogWorker: flushIndex: setUnconditionally 0 -> -1
2019-09-18 22:20:33,460 [pool-57-thread-1] INFO  server.RaftServerConfigKeys (ConfUtils.java:logGet(43)) - raft.server.log.force.sync.num = 128 (default)
2019-09-18 22:20:33,460 [pool-47-thread-1] INFO  server.RaftServerConfigKeys (ConfUtils.java:logGet(43)) - raft.server.log.preallocated.size = 16384 (custom)
2019-09-18 22:20:33,460 [pool-27-thread-1] INFO  server.RaftServerConfigKeys (ConfUtils.java:logGet(43)) - raft.server.snapshot.auto.trigger.enabled = true (custom)
2019-09-18 22:20:33,460 [pool-57-thread-1] INFO  server.RaftServerConfigKeys (ConfUtils.java:logGet(43)) - raft.server.log.statemachine.data.sync = true (default)
2019-09-18 22:20:33,460 [pool-27-thread-1] INFO  server.RaftServerConfigKeys (ConfUtils.java:logGet(43)) - raft.server.snapshot.auto.trigger.threshold = 10000 (custom)
2019-09-18 22:20:33,460 [pool-47-thread-1] INFO  server.RaftServerConfigKeys (ConfUtils.java:logGet(43)) - raft.server.log.write.buffer.size = 33554432 (custom)
2019-09-18 22:20:33,460 [pool-27-thread-1] INFO  server.RaftServerConfigKeys (ConfUtils.java:logGet(43)) - raft.server.snapshot.retention.num.files = 5 (custom)
2019-09-18 22:20:33,460 [pool-57-thread-1] INFO  server.RaftServerConfigKeys (ConfUtils.java:logGet(43)) - raft.server.log.statemachine.data.sync.timeout = 10s (default)
2019-09-18 22:20:33,461 [pool-27-thread-1] INFO  server.RaftServerConfigKeys (ConfUtils.java:logGet(43)) - raft.server.retrycache.expirytime = 600000ms (custom)
2019-09-18 22:20:33,460 [pool-47-thread-1] INFO  server.RaftServerConfigKeys (ConfUtils.java:logGet(43)) - raft.server.log.force.sync.num = 128 (default)
2019-09-18 22:20:33,461 [pool-57-thread-1] INFO  server.RaftServerConfigKeys (ConfUtils.java:logGet(43)) - raft.server.log.statemachine.data.sync.timeout.retry = -1 (default)
2019-09-18 22:20:33,461 [pool-47-thread-1] INFO  server.RaftServerConfigKeys (ConfUtils.java:logGet(43)) - raft.server.log.statemachine.data.sync = true (default)
2019-09-18 22:20:33,461 [pool-57-thread-1] INFO  server.RaftServerConfigKeys (ConfUtils.java:logGet(43)) - raft.server.log.statemachine.data.caching.enabled = true (custom)
2019-09-18 22:20:33,461 [pool-47-thread-1] INFO  server.RaftServerConfigKeys (ConfUtils.java:logGet(43)) - raft.server.log.statemachine.data.sync.timeout = 10s (default)
2019-09-18 22:20:33,461 [pool-57-thread-1] INFO  segmented.SegmentedRaftLogWorker (SegmentedRaftLogWorker.java:lambda$new$0(132)) - 59af5fb5-34a0-4f7b-a154-f824d7416d40@group-AEB71D4DE366-SegmentedRaftLogWorker: flushIndex: setUnconditionally 0 -> -1
2019-09-18 22:20:33,461 [pool-47-thread-1] INFO  server.RaftServerConfigKeys (ConfUtils.java:logGet(43)) - raft.server.log.statemachine.data.sync.timeout.retry = -1 (default)
2019-09-18 22:20:33,462 [pool-57-thread-1] INFO  server.RaftServerConfigKeys (ConfUtils.java:logGet(43)) - raft.server.snapshot.auto.trigger.enabled = true (custom)
2019-09-18 22:20:33,462 [pool-47-thread-1] INFO  server.RaftServerConfigKeys (ConfUtils.java:logGet(43)) - raft.server.log.statemachine.data.caching.enabled = true (custom)
2019-09-18 22:20:33,462 [pool-57-thread-1] INFO  server.RaftServerConfigKeys (ConfUtils.java:logGet(43)) - raft.server.snapshot.auto.trigger.threshold = 10000 (custom)
2019-09-18 22:20:33,462 [pool-57-thread-1] INFO  server.RaftServerConfigKeys (ConfUtils.java:logGet(43)) - raft.server.snapshot.retention.num.files = 5 (custom)
2019-09-18 22:20:33,462 [pool-47-thread-1] INFO  segmented.SegmentedRaftLogWorker (SegmentedRaftLogWorker.java:lambda$new$0(132)) - 4b8530e9-6951-4725-b7cd-6ad70f02d4d1@group-AEB71D4DE366-SegmentedRaftLogWorker: flushIndex: setUnconditionally 0 -> -1
2019-09-18 22:20:33,462 [pool-57-thread-1] INFO  server.RaftServerConfigKeys (ConfUtils.java:logGet(43)) - raft.server.retrycache.expirytime = 600000ms (custom)
2019-09-18 22:20:33,462 [pool-47-thread-1] INFO  server.RaftServerConfigKeys (ConfUtils.java:logGet(43)) - raft.server.snapshot.auto.trigger.enabled = true (custom)
2019-09-18 22:20:33,462 [pool-47-thread-1] INFO  server.RaftServerConfigKeys (ConfUtils.java:logGet(43)) - raft.server.snapshot.auto.trigger.threshold = 10000 (custom)
2019-09-18 22:20:33,463 [pool-47-thread-1] INFO  server.RaftServerConfigKeys (ConfUtils.java:logGet(43)) - raft.server.snapshot.retention.num.files = 5 (custom)
2019-09-18 22:20:33,463 [pool-47-thread-1] INFO  server.RaftServerConfigKeys (ConfUtils.java:logGet(43)) - raft.server.retrycache.expirytime = 600000ms (custom)
2019-09-18 22:20:33,465 [pool-27-thread-1] INFO  impl.RaftServerImpl (RaftServerImpl.java:start(185)) - 42b076d1-e769-4d9d-82d9-d0c9a80efb7a@group-AEB71D4DE366: start as a follower, conf=-1: [42b076d1-e769-4d9d-82d9-d0c9a80efb7a:192.168.34.27:43875, 59af5fb5-34a0-4f7b-a154-f824d7416d40:192.168.34.27:46407, 4b8530e9-6951-4725-b7cd-6ad70f02d4d1:192.168.34.27:45511], old=null
2019-09-18 22:20:33,465 [pool-27-thread-1] INFO  impl.RaftServerImpl (RaftServerImpl.java:setRole(174)) - 42b076d1-e769-4d9d-82d9-d0c9a80efb7a@group-AEB71D4DE366: changes role from      null to FOLLOWER at term 0 for startAsFollower
2019-09-18 22:20:33,466 [pool-27-thread-1] INFO  impl.RoleInfo (RoleInfo.java:updateAndGet(143)) - 42b076d1-e769-4d9d-82d9-d0c9a80efb7a: start FollowerState
2019-09-18 22:20:33,466 [pool-57-thread-1] INFO  impl.RaftServerImpl (RaftServerImpl.java:start(185)) - 59af5fb5-34a0-4f7b-a154-f824d7416d40@group-AEB71D4DE366: start as a follower, conf=-1: [42b076d1-e769-4d9d-82d9-d0c9a80efb7a:192.168.34.27:43875, 59af5fb5-34a0-4f7b-a154-f824d7416d40:192.168.34.27:46407, 4b8530e9-6951-4725-b7cd-6ad70f02d4d1:192.168.34.27:45511], old=null
2019-09-18 22:20:33,466 [pool-27-thread-1] INFO  util.JmxRegister (JmxRegister.java:tryRegister(44)) - Successfully registered JMX Bean with object name Ratis:service=RaftServer,group=group-AEB71D4DE366,id=42b076d1-e769-4d9d-82d9-d0c9a80efb7a
2019-09-18 22:20:33,466 [pool-57-thread-1] INFO  impl.RaftServerImpl (RaftServerImpl.java:setRole(174)) - 59af5fb5-34a0-4f7b-a154-f824d7416d40@group-AEB71D4DE366: changes role from      null to FOLLOWER at term 0 for startAsFollower
2019-09-18 22:20:33,466 [pool-57-thread-1] INFO  impl.RoleInfo (RoleInfo.java:updateAndGet(143)) - 59af5fb5-34a0-4f7b-a154-f824d7416d40: start FollowerState
2019-09-18 22:20:33,466 [pool-47-thread-1] INFO  impl.RaftServerImpl (RaftServerImpl.java:start(185)) - 4b8530e9-6951-4725-b7cd-6ad70f02d4d1@group-AEB71D4DE366: start as a follower, conf=-1: [42b076d1-e769-4d9d-82d9-d0c9a80efb7a:192.168.34.27:43875, 59af5fb5-34a0-4f7b-a154-f824d7416d40:192.168.34.27:46407, 4b8530e9-6951-4725-b7cd-6ad70f02d4d1:192.168.34.27:45511], old=null
2019-09-18 22:20:33,466 [pool-47-thread-1] INFO  impl.RaftServerImpl (RaftServerImpl.java:setRole(174)) - 4b8530e9-6951-4725-b7cd-6ad70f02d4d1@group-AEB71D4DE366: changes role from      null to FOLLOWER at term 0 for startAsFollower
2019-09-18 22:20:33,467 [pool-57-thread-1] INFO  util.JmxRegister (JmxRegister.java:tryRegister(44)) - Successfully registered JMX Bean with object name Ratis:service=RaftServer,group=group-AEB71D4DE366,id=59af5fb5-34a0-4f7b-a154-f824d7416d40
2019-09-18 22:20:33,467 [pool-47-thread-1] INFO  impl.RoleInfo (RoleInfo.java:updateAndGet(143)) - 4b8530e9-6951-4725-b7cd-6ad70f02d4d1: start FollowerState
2019-09-18 22:20:33,467 [pool-47-thread-1] INFO  util.JmxRegister (JmxRegister.java:tryRegister(44)) - Successfully registered JMX Bean with object name Ratis:service=RaftServer,group=group-AEB71D4DE366,id=4b8530e9-6951-4725-b7cd-6ad70f02d4d1
2019-09-18 22:20:33,486 [RatisPipelineUtilsThread] INFO  pipeline.PipelineStateManager (PipelineStateManager.java:addPipeline(56)) - Created pipeline Pipeline[ Id: 058aa88e-17bb-49d6-a1fb-aeb71d4de366, Nodes: 59af5fb5-34a0-4f7b-a154-f824d7416d40{ip: 192.168.34.27, host: pr-hdds-2150-pzdq9-4118776691, networkLocation: /default-rack, certSerialId: null}42b076d1-e769-4d9d-82d9-d0c9a80efb7a{ip: 192.168.34.27, host: pr-hdds-2150-pzdq9-4118776691, networkLocation: /default-rack, certSerialId: null}4b8530e9-6951-4725-b7cd-6ad70f02d4d1{ip: 192.168.34.27, host: pr-hdds-2150-pzdq9-4118776691, networkLocation: /default-rack, certSerialId: null}, Type:RATIS, Factor:THREE, State:OPEN]
2019-09-18 22:20:33,511 [grpc-default-executor-1] INFO  impl.RaftServerProxy (RaftServerProxy.java:addNew(89)) - 468f5aee-7bc5-4ca2-8f8b-56ef59fd4a1a: addNew group-B2632515B766:[546a2746-9018-4225-bb40-7fec1575f77d:192.168.34.27:39653, 468f5aee-7bc5-4ca2-8f8b-56ef59fd4a1a:192.168.34.27:38986, 2d468804-0a08-4f9c-9a3f-4817d55d4380:192.168.34.27:46060] returns group-B2632515B766:java.util.concurrent.CompletableFuture@68a39115[Not completed]
2019-09-18 22:20:33,512 [grpc-default-executor-0] INFO  impl.RaftServerProxy (RaftServerProxy.java:addNew(89)) - 546a2746-9018-4225-bb40-7fec1575f77d: addNew group-B2632515B766:[546a2746-9018-4225-bb40-7fec1575f77d:192.168.34.27:39653, 468f5aee-7bc5-4ca2-8f8b-56ef59fd4a1a:192.168.34.27:38986, 2d468804-0a08-4f9c-9a3f-4817d55d4380:192.168.34.27:46060] returns group-B2632515B766:java.util.concurrent.CompletableFuture@4bbbb3ee[Not completed]
2019-09-18 22:20:33,513 [grpc-default-executor-2] INFO  impl.RaftServerProxy (RaftServerProxy.java:addNew(89)) - 2d468804-0a08-4f9c-9a3f-4817d55d4380: addNew group-B2632515B766:[546a2746-9018-4225-bb40-7fec1575f77d:192.168.34.27:39653, 468f5aee-7bc5-4ca2-8f8b-56ef59fd4a1a:192.168.34.27:38986, 2d468804-0a08-4f9c-9a3f-4817d55d4380:192.168.34.27:46060] returns group-B2632515B766:java.util.concurrent.CompletableFuture@75f696cc[Not completed]
2019-09-18 22:20:33,514 [pool-77-thread-1] INFO  impl.RaftServerImpl (RaftServerImpl.java:<init>(95)) - 468f5aee-7bc5-4ca2-8f8b-56ef59fd4a1a: new RaftServerImpl for group-B2632515B766:[546a2746-9018-4225-bb40-7fec1575f77d:192.168.34.27:39653, 468f5aee-7bc5-4ca2-8f8b-56ef59fd4a1a:192.168.34.27:38986, 2d468804-0a08-4f9c-9a3f-4817d55d4380:192.168.34.27:46060] with ContainerStateMachine:uninitialized
2019-09-18 22:20:33,515 [pool-77-thread-1] INFO  server.RaftServerConfigKeys (ConfUtils.java:logGet(43)) - raft.server.rpc.timeout.min = 5s (custom)
2019-09-18 22:20:33,515 [pool-77-thread-1] INFO  server.RaftServerConfigKeys (ConfUtils.java:logGet(43)) - raft.server.rpc.timeout.max = 5200ms (custom)
2019-09-18 22:20:33,515 [pool-77-thread-1] INFO  server.RaftServerConfigKeys (ConfUtils.java:logGet(43)) - raft.server.rpcslowness.timeout = 120s (custom)
2019-09-18 22:20:33,515 [pool-77-thread-1] INFO  server.RaftServerConfigKeys (ConfUtils.java:logGet(43)) - raft.server.sleep.deviation.threshold = 300 (default)
2019-09-18 22:20:33,515 [pool-87-thread-1] INFO  impl.RaftServerImpl (RaftServerImpl.java:<init>(95)) - 2d468804-0a08-4f9c-9a3f-4817d55d4380: new RaftServerImpl for group-B2632515B766:[546a2746-9018-4225-bb40-7fec1575f77d:192.168.34.27:39653, 468f5aee-7bc5-4ca2-8f8b-56ef59fd4a1a:192.168.34.27:38986, 2d468804-0a08-4f9c-9a3f-4817d55d4380:192.168.34.27:46060] with ContainerStateMachine:uninitialized
2019-09-18 22:20:33,515 [pool-77-thread-1] INFO  server.RaftServerConfigKeys (ConfUtils.java:logGet(43)) - raft.server.log.appender.install.snapshot.enabled = false (custom)
2019-09-18 22:20:33,515 [pool-87-thread-1] INFO  server.RaftServerConfigKeys (ConfUtils.java:logGet(43)) - raft.server.rpc.timeout.min = 5s (custom)
2019-09-18 22:20:33,516 [pool-77-thread-1] INFO  impl.RaftServerImpl (ServerState.java:<init>(103)) - 468f5aee-7bc5-4ca2-8f8b-56ef59fd4a1a@group-B2632515B766: ConfigurationManager, init=-1: [546a2746-9018-4225-bb40-7fec1575f77d:192.168.34.27:39653, 468f5aee-7bc5-4ca2-8f8b-56ef59fd4a1a:192.168.34.27:38986, 2d468804-0a08-4f9c-9a3f-4817d55d4380:192.168.34.27:46060], old=null, confs=<EMPTY_MAP>
2019-09-18 22:20:33,516 [pool-87-thread-1] INFO  server.RaftServerConfigKeys (ConfUtils.java:logGet(43)) - raft.server.rpc.timeout.max = 5200ms (custom)
2019-09-18 22:20:33,516 [pool-87-thread-1] INFO  server.RaftServerConfigKeys (ConfUtils.java:logGet(43)) - raft.server.rpcslowness.timeout = 120s (custom)
2019-09-18 22:20:33,516 [pool-77-thread-1] INFO  server.RaftServerConfigKeys (ConfUtils.java:logGet(43)) - raft.server.storage.dir = [/workdir/hadoop-ozone/integration-test/target/test-dir/MiniOzoneClusterImpl-01fd2252-8e02-4c47-9516-e708e74f7f33/datanode-5/data/ratis] (custom)
2019-09-18 22:20:33,516 [pool-87-thread-1] INFO  server.RaftServerConfigKeys (ConfUtils.java:logGet(43)) - raft.server.sleep.deviation.threshold = 300 (default)
2019-09-18 22:20:33,516 [pool-67-thread-1] INFO  impl.RaftServerImpl (RaftServerImpl.java:<init>(95)) - 546a2746-9018-4225-bb40-7fec1575f77d: new RaftServerImpl for group-B2632515B766:[546a2746-9018-4225-bb40-7fec1575f77d:192.168.34.27:39653, 468f5aee-7bc5-4ca2-8f8b-56ef59fd4a1a:192.168.34.27:38986, 2d468804-0a08-4f9c-9a3f-4817d55d4380:192.168.34.27:46060] with ContainerStateMachine:uninitialized
2019-09-18 22:20:33,516 [pool-87-thread-1] INFO  server.RaftServerConfigKeys (ConfUtils.java:logGet(43)) - raft.server.log.appender.install.snapshot.enabled = false (custom)
2019-09-18 22:20:33,516 [pool-67-thread-1] INFO  server.RaftServerConfigKeys (ConfUtils.java:logGet(43)) - raft.server.rpc.timeout.min = 5s (custom)
2019-09-18 22:20:33,516 [pool-87-thread-1] INFO  impl.RaftServerImpl (ServerState.java:<init>(103)) - 2d468804-0a08-4f9c-9a3f-4817d55d4380@group-B2632515B766: ConfigurationManager, init=-1: [546a2746-9018-4225-bb40-7fec1575f77d:192.168.34.27:39653, 468f5aee-7bc5-4ca2-8f8b-56ef59fd4a1a:192.168.34.27:38986, 2d468804-0a08-4f9c-9a3f-4817d55d4380:192.168.34.27:46060], old=null, confs=<EMPTY_MAP>
2019-09-18 22:20:33,516 [pool-77-thread-1] INFO  storage.RaftStorageDirectory (RaftStorageDirectory.java:analyzeStorage(246)) - The storage directory /workdir/hadoop-ozone/integration-test/target/test-dir/MiniOzoneClusterImpl-01fd2252-8e02-4c47-9516-e708e74f7f33/datanode-5/data/ratis/62f28ecb-f478-4124-8e5d-b2632515b766 does not exist. Creating ...
2019-09-18 22:20:33,517 [pool-87-thread-1] INFO  server.RaftServerConfigKeys (ConfUtils.java:logGet(43)) - raft.server.storage.dir = [/workdir/hadoop-ozone/integration-test/target/test-dir/MiniOzoneClusterImpl-01fd2252-8e02-4c47-9516-e708e74f7f33/datanode-6/data/ratis] (custom)
2019-09-18 22:20:33,516 [pool-67-thread-1] INFO  server.RaftServerConfigKeys (ConfUtils.java:logGet(43)) - raft.server.rpc.timeout.max = 5200ms (custom)
2019-09-18 22:20:33,517 [pool-67-thread-1] INFO  server.RaftServerConfigKeys (ConfUtils.java:logGet(43)) - raft.server.rpcslowness.timeout = 120s (custom)
2019-09-18 22:20:33,517 [pool-87-thread-1] INFO  storage.RaftStorageDirectory (RaftStorageDirectory.java:analyzeStorage(246)) - The storage directory /workdir/hadoop-ozone/integration-test/target/test-dir/MiniOzoneClusterImpl-01fd2252-8e02-4c47-9516-e708e74f7f33/datanode-6/data/ratis/62f28ecb-f478-4124-8e5d-b2632515b766 does not exist. Creating ...
2019-09-18 22:20:33,517 [pool-67-thread-1] INFO  server.RaftServerConfigKeys (ConfUtils.java:logGet(43)) - raft.server.sleep.deviation.threshold = 300 (default)
2019-09-18 22:20:33,517 [pool-67-thread-1] INFO  server.RaftServerConfigKeys (ConfUtils.java:logGet(43)) - raft.server.log.appender.install.snapshot.enabled = false (custom)
2019-09-18 22:20:33,517 [pool-67-thread-1] INFO  impl.RaftServerImpl (ServerState.java:<init>(103)) - 546a2746-9018-4225-bb40-7fec1575f77d@group-B2632515B766: ConfigurationManager, init=-1: [546a2746-9018-4225-bb40-7fec1575f77d:192.168.34.27:39653, 468f5aee-7bc5-4ca2-8f8b-56ef59fd4a1a:192.168.34.27:38986, 2d468804-0a08-4f9c-9a3f-4817d55d4380:192.168.34.27:46060], old=null, confs=<EMPTY_MAP>
2019-09-18 22:20:33,517 [pool-67-thread-1] INFO  server.RaftServerConfigKeys (ConfUtils.java:logGet(43)) - raft.server.storage.dir = [/workdir/hadoop-ozone/integration-test/target/test-dir/MiniOzoneClusterImpl-01fd2252-8e02-4c47-9516-e708e74f7f33/datanode-4/data/ratis] (custom)
2019-09-18 22:20:33,518 [pool-67-thread-1] INFO  storage.RaftStorageDirectory (RaftStorageDirectory.java:analyzeStorage(246)) - The storage directory /workdir/hadoop-ozone/integration-test/target/test-dir/MiniOzoneClusterImpl-01fd2252-8e02-4c47-9516-e708e74f7f33/datanode-4/data/ratis/62f28ecb-f478-4124-8e5d-b2632515b766 does not exist. Creating ...
2019-09-18 22:20:33,535 [pool-67-thread-1] INFO  storage.RaftStorageDirectory (RaftStorageDirectory.java:tryLock(328)) - Lock on /workdir/hadoop-ozone/integration-test/target/test-dir/MiniOzoneClusterImpl-01fd2252-8e02-4c47-9516-e708e74f7f33/datanode-4/data/ratis/62f28ecb-f478-4124-8e5d-b2632515b766/in_use.lock acquired by nodename 28658@pr-hdds-2150-pzdq9-4118776691
2019-09-18 22:20:33,535 [pool-87-thread-1] INFO  storage.RaftStorageDirectory (RaftStorageDirectory.java:tryLock(328)) - Lock on /workdir/hadoop-ozone/integration-test/target/test-dir/MiniOzoneClusterImpl-01fd2252-8e02-4c47-9516-e708e74f7f33/datanode-6/data/ratis/62f28ecb-f478-4124-8e5d-b2632515b766/in_use.lock acquired by nodename 28658@pr-hdds-2150-pzdq9-4118776691
2019-09-18 22:20:33,535 [pool-77-thread-1] INFO  storage.RaftStorageDirectory (RaftStorageDirectory.java:tryLock(328)) - Lock on /workdir/hadoop-ozone/integration-test/target/test-dir/MiniOzoneClusterImpl-01fd2252-8e02-4c47-9516-e708e74f7f33/datanode-5/data/ratis/62f28ecb-f478-4124-8e5d-b2632515b766/in_use.lock acquired by nodename 28658@pr-hdds-2150-pzdq9-4118776691
2019-09-18 22:20:33,564 [pool-77-thread-1] INFO  storage.RaftStorage (RaftStorage.java:format(72)) - Storage directory /workdir/hadoop-ozone/integration-test/target/test-dir/MiniOzoneClusterImpl-01fd2252-8e02-4c47-9516-e708e74f7f33/datanode-5/data/ratis/62f28ecb-f478-4124-8e5d-b2632515b766 has been successfully formatted.
2019-09-18 22:20:33,564 [pool-87-thread-1] INFO  storage.RaftStorage (RaftStorage.java:format(72)) - Storage directory /workdir/hadoop-ozone/integration-test/target/test-dir/MiniOzoneClusterImpl-01fd2252-8e02-4c47-9516-e708e74f7f33/datanode-6/data/ratis/62f28ecb-f478-4124-8e5d-b2632515b766 has been successfully formatted.
2019-09-18 22:20:33,564 [pool-67-thread-1] INFO  storage.RaftStorage (RaftStorage.java:format(72)) - Storage directory /workdir/hadoop-ozone/integration-test/target/test-dir/MiniOzoneClusterImpl-01fd2252-8e02-4c47-9516-e708e74f7f33/datanode-4/data/ratis/62f28ecb-f478-4124-8e5d-b2632515b766 has been successfully formatted.
2019-09-18 22:20:33,564 [pool-87-thread-1] INFO  ratis.ContainerStateMachine (ContainerStateMachine.java:loadSnapshot(230)) - group-B2632515B766: The snapshot info is null. Setting the last applied indexto:(t:0, i:~)
2019-09-18 22:20:33,564 [pool-77-thread-1] INFO  ratis.ContainerStateMachine (ContainerStateMachine.java:loadSnapshot(230)) - group-B2632515B766: The snapshot info is null. Setting the last applied indexto:(t:0, i:~)
2019-09-18 22:20:33,564 [pool-87-thread-1] INFO  server.RaftServerConfigKeys (ConfUtils.java:logGet(43)) - raft.server.notification.no-leader.timeout = 120s (custom)
2019-09-18 22:20:33,565 [pool-77-thread-1] INFO  server.RaftServerConfigKeys (ConfUtils.java:logGet(43)) - raft.server.notification.no-leader.timeout = 120s (custom)
2019-09-18 22:20:33,564 [pool-67-thread-1] INFO  ratis.ContainerStateMachine (ContainerStateMachine.java:loadSnapshot(230)) - group-B2632515B766: The snapshot info is null. Setting the last applied indexto:(t:0, i:~)
2019-09-18 22:20:33,565 [pool-77-thread-1] INFO  server.RaftServerConfigKeys (ConfUtils.java:logGet(43)) - raft.server.log.use.memory = false (default)
2019-09-18 22:20:33,565 [pool-67-thread-1] INFO  server.RaftServerConfigKeys (ConfUtils.java:logGet(43)) - raft.server.notification.no-leader.timeout = 120s (custom)
2019-09-18 22:20:33,565 [pool-87-thread-1] INFO  server.RaftServerConfigKeys (ConfUtils.java:logGet(43)) - raft.server.log.use.memory = false (default)
2019-09-18 22:20:33,565 [pool-67-thread-1] INFO  server.RaftServerConfigKeys (ConfUtils.java:logGet(43)) - raft.server.log.use.memory = false (default)
2019-09-18 22:20:33,565 [pool-77-thread-1] INFO  server.RaftServerConfigKeys (ConfUtils.java:logGet(43)) - raft.server.log.purge.gap = 1000000 (custom)
2019-09-18 22:20:33,565 [pool-67-thread-1] INFO  server.RaftServerConfigKeys (ConfUtils.java:logGet(43)) - raft.server.log.purge.gap = 1000000 (custom)
2019-09-18 22:20:33,565 [pool-87-thread-1] INFO  server.RaftServerConfigKeys (ConfUtils.java:logGet(43)) - raft.server.log.purge.gap = 1000000 (custom)
2019-09-18 22:20:33,566 [pool-67-thread-1] INFO  server.RaftServerConfigKeys (ConfUtils.java:logGet(43)) - raft.server.log.appender.buffer.byte-limit = 33554432 (custom)
2019-09-18 22:20:33,566 [pool-77-thread-1] INFO  server.RaftServerConfigKeys (ConfUtils.java:logGet(43)) - raft.server.log.appender.buffer.byte-limit = 33554432 (custom)
2019-09-18 22:20:33,566 [pool-67-thread-1] INFO  server.RaftServerConfigKeys (ConfUtils.java:logGet(43)) - raft.server.log.segment.size.max = 1048576 (custom)
2019-09-18 22:20:33,566 [pool-87-thread-1] INFO  server.RaftServerConfigKeys (ConfUtils.java:logGet(43)) - raft.server.log.appender.buffer.byte-limit = 33554432 (custom)
2019-09-18 22:20:33,566 [pool-67-thread-1] INFO  server.RaftServerConfigKeys (ConfUtils.java:logGet(43)) - raft.server.log.segment.cache.num.max = 2 (custom)
2019-09-18 22:20:33,566 [pool-77-thread-1] INFO  server.RaftServerConfigKeys (ConfUtils.java:logGet(43)) - raft.server.log.segment.size.max = 1048576 (custom)
2019-09-18 22:20:33,567 [pool-67-thread-1] INFO  segmented.SegmentedRaftLogWorker (SegmentedRaftLogWorker.java:<init>(172)) - new 546a2746-9018-4225-bb40-7fec1575f77d@group-B2632515B766-SegmentedRaftLogWorker for RaftStorage:Storage Directory /workdir/hadoop-ozone/integration-test/target/test-dir/MiniOzoneClusterImpl-01fd2252-8e02-4c47-9516-e708e74f7f33/datanode-4/data/ratis/62f28ecb-f478-4124-8e5d-b2632515b766
2019-09-18 22:20:33,567 [pool-77-thread-1] INFO  server.RaftServerConfigKeys (ConfUtils.java:logGet(43)) - raft.server.log.segment.cache.num.max = 2 (custom)
2019-09-18 22:20:33,567 [pool-87-thread-1] INFO  server.RaftServerConfigKeys (ConfUtils.java:logGet(43)) - raft.server.log.segment.size.max = 1048576 (custom)
2019-09-18 22:20:33,567 [pool-77-thread-1] INFO  segmented.SegmentedRaftLogWorker (SegmentedRaftLogWorker.java:<init>(172)) - new 468f5aee-7bc5-4ca2-8f8b-56ef59fd4a1a@group-B2632515B766-SegmentedRaftLogWorker for RaftStorage:Storage Directory /workdir/hadoop-ozone/integration-test/target/test-dir/MiniOzoneClusterImpl-01fd2252-8e02-4c47-9516-e708e74f7f33/datanode-5/data/ratis/62f28ecb-f478-4124-8e5d-b2632515b766
2019-09-18 22:20:33,567 [pool-67-thread-1] INFO  server.RaftServerConfigKeys (ConfUtils.java:logGet(43)) - raft.server.log.queue.byte-limit = 2147483647 (custom)
2019-09-18 22:20:33,568 [pool-77-thread-1] INFO  server.RaftServerConfigKeys (ConfUtils.java:logGet(43)) - raft.server.log.queue.byte-limit = 2147483647 (custom)
2019-09-18 22:20:33,568 [pool-77-thread-1] INFO  server.RaftServerConfigKeys (ConfUtils.java:logGet(43)) - raft.server.log.queue.element-limit = 1024 (custom)
2019-09-18 22:20:33,568 [pool-87-thread-1] INFO  server.RaftServerConfigKeys (ConfUtils.java:logGet(43)) - raft.server.log.segment.cache.num.max = 2 (custom)
2019-09-18 22:20:33,568 [pool-77-thread-1] INFO  server.RaftServerConfigKeys (ConfUtils.java:logGet(43)) - raft.server.log.segment.size.max = 1048576 (custom)
2019-09-18 22:20:33,568 [pool-67-thread-1] INFO  server.RaftServerConfigKeys (ConfUtils.java:logGet(43)) - raft.server.log.queue.element-limit = 1024 (custom)
2019-09-18 22:20:33,568 [pool-77-thread-1] INFO  server.RaftServerConfigKeys (ConfUtils.java:logGet(43)) - raft.server.log.preallocated.size = 16384 (custom)
2019-09-18 22:20:33,568 [pool-87-thread-1] INFO  segmented.SegmentedRaftLogWorker (SegmentedRaftLogWorker.java:<init>(172)) - new 2d468804-0a08-4f9c-9a3f-4817d55d4380@group-B2632515B766-SegmentedRaftLogWorker for RaftStorage:Storage Directory /workdir/hadoop-ozone/integration-test/target/test-dir/MiniOzoneClusterImpl-01fd2252-8e02-4c47-9516-e708e74f7f33/datanode-6/data/ratis/62f28ecb-f478-4124-8e5d-b2632515b766
2019-09-18 22:20:33,568 [pool-77-thread-1] INFO  server.RaftServerConfigKeys (ConfUtils.java:logGet(43)) - raft.server.log.write.buffer.size = 33554432 (custom)
2019-09-18 22:20:33,568 [pool-67-thread-1] INFO  server.RaftServerConfigKeys (ConfUtils.java:logGet(43)) - raft.server.log.segment.size.max = 1048576 (custom)
2019-09-18 22:20:33,569 [pool-77-thread-1] INFO  server.RaftServerConfigKeys (ConfUtils.java:logGet(43)) - raft.server.log.force.sync.num = 128 (default)
2019-09-18 22:20:33,569 [pool-87-thread-1] INFO  server.RaftServerConfigKeys (ConfUtils.java:logGet(43)) - raft.server.log.queue.byte-limit = 2147483647 (custom)
2019-09-18 22:20:33,569 [pool-77-thread-1] INFO  server.RaftServerConfigKeys (ConfUtils.java:logGet(43)) - raft.server.log.statemachine.data.sync = true (default)
2019-09-18 22:20:33,569 [pool-67-thread-1] INFO  server.RaftServerConfigKeys (ConfUtils.java:logGet(43)) - raft.server.log.preallocated.size = 16384 (custom)
2019-09-18 22:20:33,569 [pool-77-thread-1] INFO  server.RaftServerConfigKeys (ConfUtils.java:logGet(43)) - raft.server.log.statemachine.data.sync.timeout = 10s (default)
2019-09-18 22:20:33,569 [pool-87-thread-1] INFO  server.RaftServerConfigKeys (ConfUtils.java:logGet(43)) - raft.server.log.queue.element-limit = 1024 (custom)
2019-09-18 22:20:33,569 [Datanode State Machine Thread - 0] INFO  statemachine.DatanodeStateMachine (DatanodeStateMachine.java:lambda$startDaemon$0(350)) - Ozone container server started.
2019-09-18 22:20:33,570 [pool-87-thread-1] INFO  server.RaftServerConfigKeys (ConfUtils.java:logGet(43)) - raft.server.log.segment.size.max = 1048576 (custom)
2019-09-18 22:20:33,569 [pool-77-thread-1] INFO  server.RaftServerConfigKeys (ConfUtils.java:logGet(43)) - raft.server.log.statemachine.data.sync.timeout.retry = -1 (default)
2019-09-18 22:20:33,569 [pool-67-thread-1] INFO  server.RaftServerConfigKeys (ConfUtils.java:logGet(43)) - raft.server.log.write.buffer.size = 33554432 (custom)
2019-09-18 22:20:33,570 [pool-77-thread-1] INFO  server.RaftServerConfigKeys (ConfUtils.java:logGet(43)) - raft.server.log.statemachine.data.caching.enabled = true (custom)
2019-09-18 22:20:33,570 [pool-87-thread-1] INFO  server.RaftServerConfigKeys (ConfUtils.java:logGet(43)) - raft.server.log.preallocated.size = 16384 (custom)
2019-09-18 22:20:33,570 [pool-77-thread-1] INFO  segmented.SegmentedRaftLogWorker (SegmentedRaftLogWorker.java:lambda$new$0(132)) - 468f5aee-7bc5-4ca2-8f8b-56ef59fd4a1a@group-B2632515B766-SegmentedRaftLogWorker: flushIndex: setUnconditionally 0 -> -1
2019-09-18 22:20:33,570 [pool-67-thread-1] INFO  server.RaftServerConfigKeys (ConfUtils.java:logGet(43)) - raft.server.log.force.sync.num = 128 (default)
2019-09-18 22:20:33,571 [pool-77-thread-1] INFO  server.RaftServerConfigKeys (ConfUtils.java:logGet(43)) - raft.server.snapshot.auto.trigger.enabled = true (custom)
2019-09-18 22:20:33,570 [pool-87-thread-1] INFO  server.RaftServerConfigKeys (ConfUtils.java:logGet(43)) - raft.server.log.write.buffer.size = 33554432 (custom)
2019-09-18 22:20:33,571 [pool-77-thread-1] INFO  server.RaftServerConfigKeys (ConfUtils.java:logGet(43)) - raft.server.snapshot.auto.trigger.threshold = 10000 (custom)
2019-09-18 22:20:33,571 [pool-67-thread-1] INFO  server.RaftServerConfigKeys (ConfUtils.java:logGet(43)) - raft.server.log.statemachine.data.sync = true (default)
2019-09-18 22:20:33,571 [pool-77-thread-1] INFO  server.RaftServerConfigKeys (ConfUtils.java:logGet(43)) - raft.server.snapshot.retention.num.files = 5 (custom)
2019-09-18 22:20:33,571 [pool-87-thread-1] INFO  server.RaftServerConfigKeys (ConfUtils.java:logGet(43)) - raft.server.log.force.sync.num = 128 (default)
2019-09-18 22:20:33,571 [pool-77-thread-1] INFO  server.RaftServerConfigKeys (ConfUtils.java:logGet(43)) - raft.server.retrycache.expirytime = 600000ms (custom)
2019-09-18 22:20:33,571 [pool-67-thread-1] INFO  server.RaftServerConfigKeys (ConfUtils.java:logGet(43)) - raft.server.log.statemachine.data.sync.timeout = 10s (default)
2019-09-18 22:20:33,571 [pool-87-thread-1] INFO  server.RaftServerConfigKeys (ConfUtils.java:logGet(43)) - raft.server.log.statemachine.data.sync = true (default)
2019-09-18 22:20:33,572 [pool-67-thread-1] INFO  server.RaftServerConfigKeys (ConfUtils.java:logGet(43)) - raft.server.log.statemachine.data.sync.timeout.retry = -1 (default)
2019-09-18 22:20:33,572 [pool-87-thread-1] INFO  server.RaftServerConfigKeys (ConfUtils.java:logGet(43)) - raft.server.log.statemachine.data.sync.timeout = 10s (default)
2019-09-18 22:20:33,572 [pool-67-thread-1] INFO  server.RaftServerConfigKeys (ConfUtils.java:logGet(43)) - raft.server.log.statemachine.data.caching.enabled = true (custom)
2019-09-18 22:20:33,572 [pool-87-thread-1] INFO  server.RaftServerConfigKeys (ConfUtils.java:logGet(43)) - raft.server.log.statemachine.data.sync.timeout.retry = -1 (default)
2019-09-18 22:20:33,573 [pool-67-thread-1] INFO  segmented.SegmentedRaftLogWorker (SegmentedRaftLogWorker.java:lambda$new$0(132)) - 546a2746-9018-4225-bb40-7fec1575f77d@group-B2632515B766-SegmentedRaftLogWorker: flushIndex: setUnconditionally 0 -> -1
2019-09-18 22:20:33,573 [pool-87-thread-1] INFO  server.RaftServerConfigKeys (ConfUtils.java:logGet(43)) - raft.server.log.statemachine.data.caching.enabled = true (custom)
2019-09-18 22:20:33,573 [pool-67-thread-1] INFO  server.RaftServerConfigKeys (ConfUtils.java:logGet(43)) - raft.server.snapshot.auto.trigger.enabled = true (custom)
2019-09-18 22:20:33,573 [pool-67-thread-1] INFO  server.RaftServerConfigKeys (ConfUtils.java:logGet(43)) - raft.server.snapshot.auto.trigger.threshold = 10000 (custom)
2019-09-18 22:20:33,573 [pool-87-thread-1] INFO  segmented.SegmentedRaftLogWorker (SegmentedRaftLogWorker.java:lambda$new$0(132)) - 2d468804-0a08-4f9c-9a3f-4817d55d4380@group-B2632515B766-SegmentedRaftLogWorker: flushIndex: setUnconditionally 0 -> -1
2019-09-18 22:20:33,573 [pool-67-thread-1] INFO  server.RaftServerConfigKeys (ConfUtils.java:logGet(43)) - raft.server.snapshot.retention.num.files = 5 (custom)
2019-09-18 22:20:33,574 [pool-67-thread-1] INFO  server.RaftServerConfigKeys (ConfUtils.java:logGet(43)) - raft.server.retrycache.expirytime = 600000ms (custom)
2019-09-18 22:20:33,574 [pool-87-thread-1] INFO  server.RaftServerConfigKeys (ConfUtils.java:logGet(43)) - raft.server.snapshot.auto.trigger.enabled = true (custom)
2019-09-18 22:20:33,574 [pool-87-thread-1] INFO  server.RaftServerConfigKeys (ConfUtils.java:logGet(43)) - raft.server.snapshot.auto.trigger.threshold = 10000 (custom)
2019-09-18 22:20:33,574 [pool-77-thread-1] INFO  impl.RaftServerImpl (RaftServerImpl.java:start(185)) - 468f5aee-7bc5-4ca2-8f8b-56ef59fd4a1a@group-B2632515B766: start as a follower, conf=-1: [546a2746-9018-4225-bb40-7fec1575f77d:192.168.34.27:39653, 468f5aee-7bc5-4ca2-8f8b-56ef59fd4a1a:192.168.34.27:38986, 2d468804-0a08-4f9c-9a3f-4817d55d4380:192.168.34.27:46060], old=null
2019-09-18 22:20:33,574 [pool-87-thread-1] INFO  server.RaftServerConfigKeys (ConfUtils.java:logGet(43)) - raft.server.snapshot.retention.num.files = 5 (custom)
2019-09-18 22:20:33,574 [pool-77-thread-1] INFO  impl.RaftServerImpl (RaftServerImpl.java:setRole(174)) - 468f5aee-7bc5-4ca2-8f8b-56ef59fd4a1a@group-B2632515B766: changes role from      null to FOLLOWER at term 0 for startAsFollower
2019-09-18 22:20:33,575 [pool-87-thread-1] INFO  server.RaftServerConfigKeys (ConfUtils.java:logGet(43)) - raft.server.retrycache.expirytime = 600000ms (custom)
2019-09-18 22:20:33,575 [pool-77-thread-1] INFO  impl.RoleInfo (RoleInfo.java:updateAndGet(143)) - 468f5aee-7bc5-4ca2-8f8b-56ef59fd4a1a: start FollowerState
2019-09-18 22:20:33,575 [pool-77-thread-1] INFO  util.JmxRegister (JmxRegister.java:tryRegister(44)) - Successfully registered JMX Bean with object name Ratis:service=RaftServer,group=group-B2632515B766,id=468f5aee-7bc5-4ca2-8f8b-56ef59fd4a1a
2019-09-18 22:20:33,580 [pool-67-thread-1] INFO  impl.RaftServerImpl (RaftServerImpl.java:start(185)) - 546a2746-9018-4225-bb40-7fec1575f77d@group-B2632515B766: start as a follower, conf=-1: [546a2746-9018-4225-bb40-7fec1575f77d:192.168.34.27:39653, 468f5aee-7bc5-4ca2-8f8b-56ef59fd4a1a:192.168.34.27:38986, 2d468804-0a08-4f9c-9a3f-4817d55d4380:192.168.34.27:46060], old=null
2019-09-18 22:20:33,582 [pool-67-thread-1] INFO  impl.RaftServerImpl (RaftServerImpl.java:setRole(174)) - 546a2746-9018-4225-bb40-7fec1575f77d@group-B2632515B766: changes role from      null to FOLLOWER at term 0 for startAsFollower
2019-09-18 22:20:33,582 [pool-67-thread-1] INFO  impl.RoleInfo (RoleInfo.java:updateAndGet(143)) - 546a2746-9018-4225-bb40-7fec1575f77d: start FollowerState
2019-09-18 22:20:33,583 [pool-87-thread-1] INFO  impl.RaftServerImpl (RaftServerImpl.java:start(185)) - 2d468804-0a08-4f9c-9a3f-4817d55d4380@group-B2632515B766: start as a follower, conf=-1: [546a2746-9018-4225-bb40-7fec1575f77d:192.168.34.27:39653, 468f5aee-7bc5-4ca2-8f8b-56ef59fd4a1a:192.168.34.27:38986, 2d468804-0a08-4f9c-9a3f-4817d55d4380:192.168.34.27:46060], old=null
2019-09-18 22:20:33,585 [pool-87-thread-1] INFO  impl.RaftServerImpl (RaftServerImpl.java:setRole(174)) - 2d468804-0a08-4f9c-9a3f-4817d55d4380@group-B2632515B766: changes role from      null to FOLLOWER at term 0 for startAsFollower
2019-09-18 22:20:33,587 [pool-67-thread-1] INFO  util.JmxRegister (JmxRegister.java:tryRegister(44)) - Successfully registered JMX Bean with object name Ratis:service=RaftServer,group=group-B2632515B766,id=546a2746-9018-4225-bb40-7fec1575f77d
2019-09-18 22:20:33,587 [pool-87-thread-1] INFO  impl.RoleInfo (RoleInfo.java:updateAndGet(143)) - 2d468804-0a08-4f9c-9a3f-4817d55d4380: start FollowerState
2019-09-18 22:20:33,589 [pool-87-thread-1] INFO  util.JmxRegister (JmxRegister.java:tryRegister(44)) - Successfully registered JMX Bean with object name Ratis:service=RaftServer,group=group-B2632515B766,id=2d468804-0a08-4f9c-9a3f-4817d55d4380
2019-09-18 22:20:33,604 [RatisPipelineUtilsThread] INFO  pipeline.PipelineStateManager (PipelineStateManager.java:addPipeline(56)) - Created pipeline Pipeline[ Id: 62f28ecb-f478-4124-8e5d-b2632515b766, Nodes: 2d468804-0a08-4f9c-9a3f-4817d55d4380{ip: 192.168.34.27, host: pr-hdds-2150-pzdq9-4118776691, networkLocation: /default-rack, certSerialId: null}546a2746-9018-4225-bb40-7fec1575f77d{ip: 192.168.34.27, host: pr-hdds-2150-pzdq9-4118776691, networkLocation: /default-rack, certSerialId: null}468f5aee-7bc5-4ca2-8f8b-56ef59fd4a1a{ip: 192.168.34.27, host: pr-hdds-2150-pzdq9-4118776691, networkLocation: /default-rack, certSerialId: null}, Type:RATIS, Factor:THREE, State:OPEN]
2019-09-18 22:20:33,840 [Datanode State Machine Thread - 0] INFO  statemachine.DatanodeStateMachine (DatanodeStateMachine.java:lambda$startDaemon$0(350)) - Ozone container server started.
2019-09-18 22:20:34,481 [Thread-238] INFO  container.ReplicationManager (ReplicationManager.java:start(162)) - Starting Replication Monitor Thread.
2019-09-18 22:20:34,486 [ReplicationMonitor] INFO  container.ReplicationManager (ReplicationManager.java:run(225)) - Replication Monitor Thread took 0 milliseconds for processing 0 containers.
2019-09-18 22:20:34,626 [EventQueue-StaleNodeForStaleNodeHandler] INFO  node.StaleNodeHandler (StaleNodeHandler.java:onMessage(58)) - Datanode b6b769e4-60a4-492b-af1c-4848735b223e{ip: 192.168.34.27, host: pr-hdds-2150-pzdq9-4118776691, networkLocation: /default-rack, certSerialId: null} moved to stale state. Finalizing its pipelines [PipelineID=4d2ea1d2-56e1-4c2b-8335-76cb179ae0a0]
2019-09-18 22:20:34,626 [EventQueue-StaleNodeForStaleNodeHandler] INFO  pipeline.SCMPipelineManager (SCMPipelineManager.java:finalizeAndDestroyPipeline(311)) - destroying pipeline:Pipeline[ Id: 4d2ea1d2-56e1-4c2b-8335-76cb179ae0a0, Nodes: b6b769e4-60a4-492b-af1c-4848735b223e{ip: 192.168.34.27, host: pr-hdds-2150-pzdq9-4118776691, networkLocation: /default-rack, certSerialId: null}, Type:RATIS, Factor:ONE, State:OPEN]
2019-09-18 22:20:34,632 [EventQueue-StaleNodeForStaleNodeHandler] INFO  pipeline.PipelineStateManager (PipelineStateManager.java:finalizePipeline(123)) - Pipeline Pipeline[ Id: 4d2ea1d2-56e1-4c2b-8335-76cb179ae0a0, Nodes: b6b769e4-60a4-492b-af1c-4848735b223e{ip: 192.168.34.27, host: pr-hdds-2150-pzdq9-4118776691, networkLocation: /default-rack, certSerialId: null}, Type:RATIS, Factor:ONE, State:CLOSED] moved to CLOSED state
2019-09-18 22:20:34,927 [EventQueue-StaleNodeForStaleNodeHandler] INFO  node.StaleNodeHandler (StaleNodeHandler.java:onMessage(58)) - Datanode 546a2746-9018-4225-bb40-7fec1575f77d{ip: 192.168.34.27, host: pr-hdds-2150-pzdq9-4118776691, networkLocation: /default-rack, certSerialId: null} moved to stale state. Finalizing its pipelines [PipelineID=62f28ecb-f478-4124-8e5d-b2632515b766, PipelineID=f4035c85-f404-4543-962f-83253913be32]
2019-09-18 22:20:34,927 [EventQueue-StaleNodeForStaleNodeHandler] INFO  pipeline.SCMPipelineManager (SCMPipelineManager.java:finalizeAndDestroyPipeline(311)) - destroying pipeline:Pipeline[ Id: 62f28ecb-f478-4124-8e5d-b2632515b766, Nodes: 2d468804-0a08-4f9c-9a3f-4817d55d4380{ip: 192.168.34.27, host: pr-hdds-2150-pzdq9-4118776691, networkLocation: /default-rack, certSerialId: null}546a2746-9018-4225-bb40-7fec1575f77d{ip: 192.168.34.27, host: pr-hdds-2150-pzdq9-4118776691, networkLocation: /default-rack, certSerialId: null}468f5aee-7bc5-4ca2-8f8b-56ef59fd4a1a{ip: 192.168.34.27, host: pr-hdds-2150-pzdq9-4118776691, networkLocation: /default-rack, certSerialId: null}, Type:RATIS, Factor:THREE, State:OPEN]
2019-09-18 22:20:34,927 [EventQueue-StaleNodeForStaleNodeHandler] INFO  pipeline.PipelineStateManager (PipelineStateManager.java:finalizePipeline(123)) - Pipeline Pipeline[ Id: 62f28ecb-f478-4124-8e5d-b2632515b766, Nodes: 2d468804-0a08-4f9c-9a3f-4817d55d4380{ip: 192.168.34.27, host: pr-hdds-2150-pzdq9-4118776691, networkLocation: /default-rack, certSerialId: null}546a2746-9018-4225-bb40-7fec1575f77d{ip: 192.168.34.27, host: pr-hdds-2150-pzdq9-4118776691, networkLocation: /default-rack, certSerialId: null}468f5aee-7bc5-4ca2-8f8b-56ef59fd4a1a{ip: 192.168.34.27, host: pr-hdds-2150-pzdq9-4118776691, networkLocation: /default-rack, certSerialId: null}, Type:RATIS, Factor:THREE, State:CLOSED] moved to CLOSED state
2019-09-18 22:20:34,928 [EventQueue-StaleNodeForStaleNodeHandler] INFO  pipeline.SCMPipelineManager (SCMPipelineManager.java:finalizeAndDestroyPipeline(311)) - destroying pipeline:Pipeline[ Id: f4035c85-f404-4543-962f-83253913be32, Nodes: 546a2746-9018-4225-bb40-7fec1575f77d{ip: 192.168.34.27, host: pr-hdds-2150-pzdq9-4118776691, networkLocation: /default-rack, certSerialId: null}, Type:RATIS, Factor:ONE, State:OPEN]
2019-09-18 22:20:34,928 [EventQueue-StaleNodeForStaleNodeHandler] INFO  pipeline.PipelineStateManager (PipelineStateManager.java:finalizePipeline(123)) - Pipeline Pipeline[ Id: f4035c85-f404-4543-962f-83253913be32, Nodes: 546a2746-9018-4225-bb40-7fec1575f77d{ip: 192.168.34.27, host: pr-hdds-2150-pzdq9-4118776691, networkLocation: /default-rack, certSerialId: null}, Type:RATIS, Factor:ONE, State:CLOSED] moved to CLOSED state
2019-09-18 22:20:37,341 [Thread-240] INFO  impl.FollowerState (FollowerState.java:run(106)) - 42b076d1-e769-4d9d-82d9-d0c9a80efb7a:group-220ADAAA7AB5 changes to CANDIDATE, lastRpcTime:5093, electionTimeout:5092ms
2019-09-18 22:20:37,346 [Thread-240] INFO  impl.RoleInfo (RoleInfo.java:shutdownFollowerState(121)) - 42b076d1-e769-4d9d-82d9-d0c9a80efb7a: shutdown FollowerState
2019-09-18 22:20:37,346 [Thread-240] INFO  impl.RaftServerImpl (RaftServerImpl.java:setRole(174)) - 42b076d1-e769-4d9d-82d9-d0c9a80efb7a@group-220ADAAA7AB5: changes role from  FOLLOWER to CANDIDATE at term 0 for changeToCandidate
2019-09-18 22:20:37,356 [Thread-240] INFO  impl.RoleInfo (RoleInfo.java:updateAndGet(143)) - 42b076d1-e769-4d9d-82d9-d0c9a80efb7a: start LeaderElection
2019-09-18 22:20:37,378 [42b076d1-e769-4d9d-82d9-d0c9a80efb7a@group-220ADAAA7AB5:LeaderElection1] INFO  impl.LeaderElection (LeaderElection.java:askForVotes(182)) - 42b076d1-e769-4d9d-82d9-d0c9a80efb7a@group-220ADAAA7AB5:LeaderElection1: begin an election at term 1 for -1: [42b076d1-e769-4d9d-82d9-d0c9a80efb7a:192.168.34.27:43875], old=null
2019-09-18 22:20:37,379 [42b076d1-e769-4d9d-82d9-d0c9a80efb7a@group-220ADAAA7AB5:LeaderElection1] INFO  impl.RoleInfo (RoleInfo.java:shutdownLeaderElection(134)) - 42b076d1-e769-4d9d-82d9-d0c9a80efb7a: shutdown LeaderElection
2019-09-18 22:20:37,380 [42b076d1-e769-4d9d-82d9-d0c9a80efb7a@group-220ADAAA7AB5:LeaderElection1] INFO  impl.RaftServerImpl (RaftServerImpl.java:setRole(174)) - 42b076d1-e769-4d9d-82d9-d0c9a80efb7a@group-220ADAAA7AB5: changes role from CANDIDATE to LEADER at term 1 for changeToLeader
2019-09-18 22:20:37,380 [42b076d1-e769-4d9d-82d9-d0c9a80efb7a@group-220ADAAA7AB5:LeaderElection1] INFO  impl.RaftServerImpl (ServerState.java:setLeader(253)) - 42b076d1-e769-4d9d-82d9-d0c9a80efb7a@group-220ADAAA7AB5: change Leader from null to 42b076d1-e769-4d9d-82d9-d0c9a80efb7a at term 1 for becomeLeader, leader elected after 5247ms
2019-09-18 22:20:37,387 [42b076d1-e769-4d9d-82d9-d0c9a80efb7a@group-220ADAAA7AB5:LeaderElection1] INFO  server.RaftServerConfigKeys (ConfUtils.java:logGet(43)) - raft.server.staging.catchup.gap = 1000 (default)
2019-09-18 22:20:37,387 [42b076d1-e769-4d9d-82d9-d0c9a80efb7a@group-220ADAAA7AB5:LeaderElection1] INFO  server.RaftServerConfigKeys (ConfUtils.java:logGet(43)) - raft.server.rpc.sleep.time = 25ms (default)
2019-09-18 22:20:37,390 [42b076d1-e769-4d9d-82d9-d0c9a80efb7a@group-220ADAAA7AB5:LeaderElection1] INFO  server.RaftServerConfigKeys (ConfUtils.java:logGet(43)) - raft.server.write.element-limit = 4096 (default)
2019-09-18 22:20:37,392 [42b076d1-e769-4d9d-82d9-d0c9a80efb7a@group-220ADAAA7AB5:LeaderElection1] INFO  server.RaftServerConfigKeys (ConfUtils.java:logGet(43)) - raft.server.watch.timeout = 10s (default)
2019-09-18 22:20:37,392 [42b076d1-e769-4d9d-82d9-d0c9a80efb7a@group-220ADAAA7AB5:LeaderElection1] INFO  server.RaftServerConfigKeys (ConfUtils.java:logGet(43)) - raft.server.watch.timeout.denomination = 1s (default)
2019-09-18 22:20:37,393 [42b076d1-e769-4d9d-82d9-d0c9a80efb7a@group-220ADAAA7AB5:LeaderElection1] INFO  server.RaftServerConfigKeys (ConfUtils.java:logGet(43)) - raft.server.watch.element-limit = 65536 (default)
2019-09-18 22:20:37,406 [42b076d1-e769-4d9d-82d9-d0c9a80efb7a@group-220ADAAA7AB5:LeaderElection1] INFO  impl.RoleInfo (RoleInfo.java:updateAndGet(143)) - 42b076d1-e769-4d9d-82d9-d0c9a80efb7a: start LeaderState
2019-09-18 22:20:37,430 [42b076d1-e769-4d9d-82d9-d0c9a80efb7a@group-220ADAAA7AB5:LeaderElection1] INFO  segmented.SegmentedRaftLogWorker (SegmentedRaftLogWorker.java:startLogSegment(380)) - 42b076d1-e769-4d9d-82d9-d0c9a80efb7a@group-220ADAAA7AB5-SegmentedRaftLogWorker: Starting segment from index:0
2019-09-18 22:20:37,437 [42b076d1-e769-4d9d-82d9-d0c9a80efb7a@group-220ADAAA7AB5:LeaderElection1] INFO  impl.RaftServerImpl (ServerState.java:setRaftConf(354)) - 42b076d1-e769-4d9d-82d9-d0c9a80efb7a@group-220ADAAA7AB5: set configuration 0: [42b076d1-e769-4d9d-82d9-d0c9a80efb7a:192.168.34.27:43875], old=null at 0
2019-09-18 22:20:37,612 [42b076d1-e769-4d9d-82d9-d0c9a80efb7a@group-220ADAAA7AB5-SegmentedRaftLogWorker] INFO  segmented.SegmentedRaftLogWorker (SegmentedRaftLogWorker.java:execute(569)) - 42b076d1-e769-4d9d-82d9-d0c9a80efb7a@group-220ADAAA7AB5-SegmentedRaftLogWorker: created new log segment /workdir/hadoop-ozone/integration-test/target/test-dir/MiniOzoneClusterImpl-01fd2252-8e02-4c47-9516-e708e74f7f33/datanode-0/data/ratis/f0df9091-b58f-4497-869c-220adaaa7ab5/current/log_inprogress_0
2019-09-18 22:20:37,859 [Thread-243] INFO  impl.FollowerState (FollowerState.java:run(106)) - 59af5fb5-34a0-4f7b-a154-f824d7416d40:group-B9349E310DF8 changes to CANDIDATE, lastRpcTime:5037, electionTimeout:5036ms
2019-09-18 22:20:37,862 [Thread-243] INFO  impl.RoleInfo (RoleInfo.java:shutdownFollowerState(121)) - 59af5fb5-34a0-4f7b-a154-f824d7416d40: shutdown FollowerState
2019-09-18 22:20:37,862 [Thread-243] INFO  impl.RaftServerImpl (RaftServerImpl.java:setRole(174)) - 59af5fb5-34a0-4f7b-a154-f824d7416d40@group-B9349E310DF8: changes role from  FOLLOWER to CANDIDATE at term 0 for changeToCandidate
2019-09-18 22:20:37,862 [Thread-243] INFO  impl.RoleInfo (RoleInfo.java:updateAndGet(143)) - 59af5fb5-34a0-4f7b-a154-f824d7416d40: start LeaderElection
2019-09-18 22:20:37,886 [59af5fb5-34a0-4f7b-a154-f824d7416d40@group-B9349E310DF8:LeaderElection2] INFO  impl.LeaderElection (LeaderElection.java:askForVotes(182)) - 59af5fb5-34a0-4f7b-a154-f824d7416d40@group-B9349E310DF8:LeaderElection2: begin an election at term 1 for -1: [59af5fb5-34a0-4f7b-a154-f824d7416d40:192.168.34.27:46407], old=null
2019-09-18 22:20:37,889 [59af5fb5-34a0-4f7b-a154-f824d7416d40@group-B9349E310DF8:LeaderElection2] INFO  impl.RoleInfo (RoleInfo.java:shutdownLeaderElection(134)) - 59af5fb5-34a0-4f7b-a154-f824d7416d40: shutdown LeaderElection
2019-09-18 22:20:37,889 [59af5fb5-34a0-4f7b-a154-f824d7416d40@group-B9349E310DF8:LeaderElection2] INFO  impl.RaftServerImpl (RaftServerImpl.java:setRole(174)) - 59af5fb5-34a0-4f7b-a154-f824d7416d40@group-B9349E310DF8: changes role from CANDIDATE to LEADER at term 1 for changeToLeader
2019-09-18 22:20:37,889 [59af5fb5-34a0-4f7b-a154-f824d7416d40@group-B9349E310DF8:LeaderElection2] INFO  impl.RaftServerImpl (ServerState.java:setLeader(253)) - 59af5fb5-34a0-4f7b-a154-f824d7416d40@group-B9349E310DF8: change Leader from null to 59af5fb5-34a0-4f7b-a154-f824d7416d40 at term 1 for becomeLeader, leader elected after 5079ms
2019-09-18 22:20:37,891 [59af5fb5-34a0-4f7b-a154-f824d7416d40@group-B9349E310DF8:LeaderElection2] INFO  server.RaftServerConfigKeys (ConfUtils.java:logGet(43)) - raft.server.staging.catchup.gap = 1000 (default)
2019-09-18 22:20:37,891 [59af5fb5-34a0-4f7b-a154-f824d7416d40@group-B9349E310DF8:LeaderElection2] INFO  server.RaftServerConfigKeys (ConfUtils.java:logGet(43)) - raft.server.rpc.sleep.time = 25ms (default)
2019-09-18 22:20:37,892 [59af5fb5-34a0-4f7b-a154-f824d7416d40@group-B9349E310DF8:LeaderElection2] INFO  server.RaftServerConfigKeys (ConfUtils.java:logGet(43)) - raft.server.write.element-limit = 4096 (default)
2019-09-18 22:20:37,892 [59af5fb5-34a0-4f7b-a154-f824d7416d40@group-B9349E310DF8:LeaderElection2] INFO  server.RaftServerConfigKeys (ConfUtils.java:logGet(43)) - raft.server.watch.timeout = 10s (default)
2019-09-18 22:20:37,892 [59af5fb5-34a0-4f7b-a154-f824d7416d40@group-B9349E310DF8:LeaderElection2] INFO  server.RaftServerConfigKeys (ConfUtils.java:logGet(43)) - raft.server.watch.timeout.denomination = 1s (default)
2019-09-18 22:20:37,892 [59af5fb5-34a0-4f7b-a154-f824d7416d40@group-B9349E310DF8:LeaderElection2] INFO  server.RaftServerConfigKeys (ConfUtils.java:logGet(43)) - raft.server.watch.element-limit = 65536 (default)
2019-09-18 22:20:37,895 [59af5fb5-34a0-4f7b-a154-f824d7416d40@group-B9349E310DF8:LeaderElection2] INFO  impl.RoleInfo (RoleInfo.java:updateAndGet(143)) - 59af5fb5-34a0-4f7b-a154-f824d7416d40: start LeaderState
2019-09-18 22:20:37,895 [59af5fb5-34a0-4f7b-a154-f824d7416d40@group-B9349E310DF8:LeaderElection2] INFO  segmented.SegmentedRaftLogWorker (SegmentedRaftLogWorker.java:startLogSegment(380)) - 59af5fb5-34a0-4f7b-a154-f824d7416d40@group-B9349E310DF8-SegmentedRaftLogWorker: Starting segment from index:0
2019-09-18 22:20:37,896 [59af5fb5-34a0-4f7b-a154-f824d7416d40@group-B9349E310DF8:LeaderElection2] INFO  impl.RaftServerImpl (ServerState.java:setRaftConf(354)) - 59af5fb5-34a0-4f7b-a154-f824d7416d40@group-B9349E310DF8: set configuration 0: [59af5fb5-34a0-4f7b-a154-f824d7416d40:192.168.34.27:46407], old=null at 0
2019-09-18 22:20:37,935 [59af5fb5-34a0-4f7b-a154-f824d7416d40@group-B9349E310DF8-SegmentedRaftLogWorker] INFO  segmented.SegmentedRaftLogWorker (SegmentedRaftLogWorker.java:execute(569)) - 59af5fb5-34a0-4f7b-a154-f824d7416d40@group-B9349E310DF8-SegmentedRaftLogWorker: created new log segment /workdir/hadoop-ozone/integration-test/target/test-dir/MiniOzoneClusterImpl-01fd2252-8e02-4c47-9516-e708e74f7f33/datanode-3/data/ratis/c7a6256d-912c-46f6-b1dd-b9349e310df8/current/log_inprogress_0
2019-09-18 22:20:38,193 [Thread-246] INFO  impl.FollowerState (FollowerState.java:run(106)) - 4b8530e9-6951-4725-b7cd-6ad70f02d4d1:group-936A806D28B7 changes to CANDIDATE, lastRpcTime:5200, electionTimeout:5200ms
2019-09-18 22:20:38,193 [Thread-246] INFO  impl.RoleInfo (RoleInfo.java:shutdownFollowerState(121)) - 4b8530e9-6951-4725-b7cd-6ad70f02d4d1: shutdown FollowerState
2019-09-18 22:20:38,193 [Thread-246] INFO  impl.RaftServerImpl (RaftServerImpl.java:setRole(174)) - 4b8530e9-6951-4725-b7cd-6ad70f02d4d1@group-936A806D28B7: changes role from  FOLLOWER to CANDIDATE at term 0 for changeToCandidate
2019-09-18 22:20:38,193 [Thread-246] INFO  impl.RoleInfo (RoleInfo.java:updateAndGet(143)) - 4b8530e9-6951-4725-b7cd-6ad70f02d4d1: start LeaderElection
2019-09-18 22:20:38,199 [Thread-249] INFO  impl.FollowerState (FollowerState.java:run(106)) - 2d468804-0a08-4f9c-9a3f-4817d55d4380:group-4C875F829416 changes to CANDIDATE, lastRpcTime:5107, electionTimeout:5107ms
2019-09-18 22:20:38,200 [Thread-249] INFO  impl.RoleInfo (RoleInfo.java:shutdownFollowerState(121)) - 2d468804-0a08-4f9c-9a3f-4817d55d4380: shutdown FollowerState
2019-09-18 22:20:38,200 [Thread-249] INFO  impl.RaftServerImpl (RaftServerImpl.java:setRole(174)) - 2d468804-0a08-4f9c-9a3f-4817d55d4380@group-4C875F829416: changes role from  FOLLOWER to CANDIDATE at term 0 for changeToCandidate
2019-09-18 22:20:38,200 [Thread-249] INFO  impl.RoleInfo (RoleInfo.java:updateAndGet(143)) - 2d468804-0a08-4f9c-9a3f-4817d55d4380: start LeaderElection
2019-09-18 22:20:38,204 [4b8530e9-6951-4725-b7cd-6ad70f02d4d1@group-936A806D28B7:LeaderElection3] INFO  impl.LeaderElection (LeaderElection.java:askForVotes(182)) - 4b8530e9-6951-4725-b7cd-6ad70f02d4d1@group-936A806D28B7:LeaderElection3: begin an election at term 1 for -1: [4b8530e9-6951-4725-b7cd-6ad70f02d4d1:192.168.34.27:45511], old=null
2019-09-18 22:20:38,204 [4b8530e9-6951-4725-b7cd-6ad70f02d4d1@group-936A806D28B7:LeaderElection3] INFO  impl.RoleInfo (RoleInfo.java:shutdownLeaderElection(134)) - 4b8530e9-6951-4725-b7cd-6ad70f02d4d1: shutdown LeaderElection
2019-09-18 22:20:38,204 [4b8530e9-6951-4725-b7cd-6ad70f02d4d1@group-936A806D28B7:LeaderElection3] INFO  impl.RaftServerImpl (RaftServerImpl.java:setRole(174)) - 4b8530e9-6951-4725-b7cd-6ad70f02d4d1@group-936A806D28B7: changes role from CANDIDATE to LEADER at term 1 for changeToLeader
2019-09-18 22:20:38,205 [4b8530e9-6951-4725-b7cd-6ad70f02d4d1@group-936A806D28B7:LeaderElection3] INFO  impl.RaftServerImpl (ServerState.java:setLeader(253)) - 4b8530e9-6951-4725-b7cd-6ad70f02d4d1@group-936A806D28B7: change Leader from null to 4b8530e9-6951-4725-b7cd-6ad70f02d4d1 at term 1 for becomeLeader, leader elected after 5269ms
2019-09-18 22:20:38,206 [4b8530e9-6951-4725-b7cd-6ad70f02d4d1@group-936A806D28B7:LeaderElection3] INFO  server.RaftServerConfigKeys (ConfUtils.java:logGet(43)) - raft.server.staging.catchup.gap = 1000 (default)
2019-09-18 22:20:38,206 [4b8530e9-6951-4725-b7cd-6ad70f02d4d1@group-936A806D28B7:LeaderElection3] INFO  server.RaftServerConfigKeys (ConfUtils.java:logGet(43)) - raft.server.rpc.sleep.time = 25ms (default)
2019-09-18 22:20:38,207 [4b8530e9-6951-4725-b7cd-6ad70f02d4d1@group-936A806D28B7:LeaderElection3] INFO  server.RaftServerConfigKeys (ConfUtils.java:logGet(43)) - raft.server.write.element-limit = 4096 (default)
2019-09-18 22:20:38,207 [4b8530e9-6951-4725-b7cd-6ad70f02d4d1@group-936A806D28B7:LeaderElection3] INFO  server.RaftServerConfigKeys (ConfUtils.java:logGet(43)) - raft.server.watch.timeout = 10s (default)
2019-09-18 22:20:38,207 [4b8530e9-6951-4725-b7cd-6ad70f02d4d1@group-936A806D28B7:LeaderElection3] INFO  server.RaftServerConfigKeys (ConfUtils.java:logGet(43)) - raft.server.watch.timeout.denomination = 1s (default)
2019-09-18 22:20:38,207 [4b8530e9-6951-4725-b7cd-6ad70f02d4d1@group-936A806D28B7:LeaderElection3] INFO  server.RaftServerConfigKeys (ConfUtils.java:logGet(43)) - raft.server.watch.element-limit = 65536 (default)
2019-09-18 22:20:38,210 [4b8530e9-6951-4725-b7cd-6ad70f02d4d1@group-936A806D28B7:LeaderElection3] INFO  impl.RoleInfo (RoleInfo.java:updateAndGet(143)) - 4b8530e9-6951-4725-b7cd-6ad70f02d4d1: start LeaderState
2019-09-18 22:20:38,210 [4b8530e9-6951-4725-b7cd-6ad70f02d4d1@group-936A806D28B7:LeaderElection3] INFO  segmented.SegmentedRaftLogWorker (SegmentedRaftLogWorker.java:startLogSegment(380)) - 4b8530e9-6951-4725-b7cd-6ad70f02d4d1@group-936A806D28B7-SegmentedRaftLogWorker: Starting segment from index:0
2019-09-18 22:20:38,211 [4b8530e9-6951-4725-b7cd-6ad70f02d4d1@group-936A806D28B7:LeaderElection3] INFO  impl.RaftServerImpl (ServerState.java:setRaftConf(354)) - 4b8530e9-6951-4725-b7cd-6ad70f02d4d1@group-936A806D28B7: set configuration 0: [4b8530e9-6951-4725-b7cd-6ad70f02d4d1:192.168.34.27:45511], old=null at 0
2019-09-18 22:20:38,239 [2d468804-0a08-4f9c-9a3f-4817d55d4380@group-4C875F829416:LeaderElection4] INFO  impl.LeaderElection (LeaderElection.java:askForVotes(182)) - 2d468804-0a08-4f9c-9a3f-4817d55d4380@group-4C875F829416:LeaderElection4: begin an election at term 1 for -1: [2d468804-0a08-4f9c-9a3f-4817d55d4380:192.168.34.27:46060], old=null
2019-09-18 22:20:38,239 [2d468804-0a08-4f9c-9a3f-4817d55d4380@group-4C875F829416:LeaderElection4] INFO  impl.RoleInfo (RoleInfo.java:shutdownLeaderElection(134)) - 2d468804-0a08-4f9c-9a3f-4817d55d4380: shutdown LeaderElection
2019-09-18 22:20:38,239 [2d468804-0a08-4f9c-9a3f-4817d55d4380@group-4C875F829416:LeaderElection4] INFO  impl.RaftServerImpl (RaftServerImpl.java:setRole(174)) - 2d468804-0a08-4f9c-9a3f-4817d55d4380@group-4C875F829416: changes role from CANDIDATE to LEADER at term 1 for changeToLeader
2019-09-18 22:20:38,240 [2d468804-0a08-4f9c-9a3f-4817d55d4380@group-4C875F829416:LeaderElection4] INFO  impl.RaftServerImpl (ServerState.java:setLeader(253)) - 2d468804-0a08-4f9c-9a3f-4817d55d4380@group-4C875F829416: change Leader from null to 2d468804-0a08-4f9c-9a3f-4817d55d4380 at term 1 for becomeLeader, leader elected after 5158ms
2019-09-18 22:20:38,242 [2d468804-0a08-4f9c-9a3f-4817d55d4380@group-4C875F829416:LeaderElection4] INFO  server.RaftServerConfigKeys (ConfUtils.java:logGet(43)) - raft.server.staging.catchup.gap = 1000 (default)
2019-09-18 22:20:38,242 [2d468804-0a08-4f9c-9a3f-4817d55d4380@group-4C875F829416:LeaderElection4] INFO  server.RaftServerConfigKeys (ConfUtils.java:logGet(43)) - raft.server.rpc.sleep.time = 25ms (default)
2019-09-18 22:20:38,242 [2d468804-0a08-4f9c-9a3f-4817d55d4380@group-4C875F829416:LeaderElection4] INFO  server.RaftServerConfigKeys (ConfUtils.java:logGet(43)) - raft.server.write.element-limit = 4096 (default)
2019-09-18 22:20:38,242 [2d468804-0a08-4f9c-9a3f-4817d55d4380@group-4C875F829416:LeaderElection4] INFO  server.RaftServerConfigKeys (ConfUtils.java:logGet(43)) - raft.server.watch.timeout = 10s (default)
2019-09-18 22:20:38,242 [2d468804-0a08-4f9c-9a3f-4817d55d4380@group-4C875F829416:LeaderElection4] INFO  server.RaftServerConfigKeys (ConfUtils.java:logGet(43)) - raft.server.watch.timeout.denomination = 1s (default)
2019-09-18 22:20:38,242 [2d468804-0a08-4f9c-9a3f-4817d55d4380@group-4C875F829416:LeaderElection4] INFO  server.RaftServerConfigKeys (ConfUtils.java:logGet(43)) - raft.server.watch.element-limit = 65536 (default)
2019-09-18 22:20:38,245 [2d468804-0a08-4f9c-9a3f-4817d55d4380@group-4C875F829416:LeaderElection4] INFO  impl.RoleInfo (RoleInfo.java:updateAndGet(143)) - 2d468804-0a08-4f9c-9a3f-4817d55d4380: start LeaderState
2019-09-18 22:20:38,246 [2d468804-0a08-4f9c-9a3f-4817d55d4380@group-4C875F829416:LeaderElection4] INFO  segmented.SegmentedRaftLogWorker (SegmentedRaftLogWorker.java:startLogSegment(380)) - 2d468804-0a08-4f9c-9a3f-4817d55d4380@group-4C875F829416-SegmentedRaftLogWorker: Starting segment from index:0
2019-09-18 22:20:38,246 [2d468804-0a08-4f9c-9a3f-4817d55d4380@group-4C875F829416:LeaderElection4] INFO  impl.RaftServerImpl (ServerState.java:setRaftConf(354)) - 2d468804-0a08-4f9c-9a3f-4817d55d4380@group-4C875F829416: set configuration 0: [2d468804-0a08-4f9c-9a3f-4817d55d4380:192.168.34.27:46060], old=null at 0
2019-09-18 22:20:38,278 [4b8530e9-6951-4725-b7cd-6ad70f02d4d1@group-936A806D28B7-SegmentedRaftLogWorker] INFO  segmented.SegmentedRaftLogWorker (SegmentedRaftLogWorker.java:execute(569)) - 4b8530e9-6951-4725-b7cd-6ad70f02d4d1@group-936A806D28B7-SegmentedRaftLogWorker: created new log segment /workdir/hadoop-ozone/integration-test/target/test-dir/MiniOzoneClusterImpl-01fd2252-8e02-4c47-9516-e708e74f7f33/datanode-2/data/ratis/dbd1fbc7-3177-463d-860e-936a806d28b7/current/log_inprogress_0
2019-09-18 22:20:38,282 [Thread-252] INFO  impl.FollowerState (FollowerState.java:run(106)) - 546a2746-9018-4225-bb40-7fec1575f77d:group-83253913BE32 changes to CANDIDATE, lastRpcTime:5097, electionTimeout:5097ms
2019-09-18 22:20:38,282 [Thread-252] INFO  impl.RoleInfo (RoleInfo.java:shutdownFollowerState(121)) - 546a2746-9018-4225-bb40-7fec1575f77d: shutdown FollowerState
2019-09-18 22:20:38,282 [Thread-252] INFO  impl.RaftServerImpl (RaftServerImpl.java:setRole(174)) - 546a2746-9018-4225-bb40-7fec1575f77d@group-83253913BE32: changes role from  FOLLOWER to CANDIDATE at term 0 for changeToCandidate
2019-09-18 22:20:38,282 [Thread-252] INFO  impl.RoleInfo (RoleInfo.java:updateAndGet(143)) - 546a2746-9018-4225-bb40-7fec1575f77d: start LeaderElection
2019-09-18 22:20:38,292 [2d468804-0a08-4f9c-9a3f-4817d55d4380@group-4C875F829416-SegmentedRaftLogWorker] INFO  segmented.SegmentedRaftLogWorker (SegmentedRaftLogWorker.java:execute(569)) - 2d468804-0a08-4f9c-9a3f-4817d55d4380@group-4C875F829416-SegmentedRaftLogWorker: created new log segment /workdir/hadoop-ozone/integration-test/target/test-dir/MiniOzoneClusterImpl-01fd2252-8e02-4c47-9516-e708e74f7f33/datanode-6/data/ratis/69980f9a-9741-4529-81f7-4c875f829416/current/log_inprogress_0
2019-09-18 22:20:38,292 [546a2746-9018-4225-bb40-7fec1575f77d@group-83253913BE32:LeaderElection5] INFO  impl.LeaderElection (LeaderElection.java:askForVotes(182)) - 546a2746-9018-4225-bb40-7fec1575f77d@group-83253913BE32:LeaderElection5: begin an election at term 1 for -1: [546a2746-9018-4225-bb40-7fec1575f77d:192.168.34.27:39653], old=null
2019-09-18 22:20:38,292 [546a2746-9018-4225-bb40-7fec1575f77d@group-83253913BE32:LeaderElection5] INFO  impl.RoleInfo (RoleInfo.java:shutdownLeaderElection(134)) - 546a2746-9018-4225-bb40-7fec1575f77d: shutdown LeaderElection
2019-09-18 22:20:38,292 [546a2746-9018-4225-bb40-7fec1575f77d@group-83253913BE32:LeaderElection5] INFO  impl.RaftServerImpl (RaftServerImpl.java:setRole(174)) - 546a2746-9018-4225-bb40-7fec1575f77d@group-83253913BE32: changes role from CANDIDATE to LEADER at term 1 for changeToLeader
2019-09-18 22:20:38,292 [546a2746-9018-4225-bb40-7fec1575f77d@group-83253913BE32:LeaderElection5] INFO  impl.RaftServerImpl (ServerState.java:setLeader(253)) - 546a2746-9018-4225-bb40-7fec1575f77d@group-83253913BE32: change Leader from null to 546a2746-9018-4225-bb40-7fec1575f77d at term 1 for becomeLeader, leader elected after 5118ms
2019-09-18 22:20:38,294 [546a2746-9018-4225-bb40-7fec1575f77d@group-83253913BE32:LeaderElection5] INFO  server.RaftServerConfigKeys (ConfUtils.java:logGet(43)) - raft.server.staging.catchup.gap = 1000 (default)
2019-09-18 22:20:38,294 [546a2746-9018-4225-bb40-7fec1575f77d@group-83253913BE32:LeaderElection5] INFO  server.RaftServerConfigKeys (ConfUtils.java:logGet(43)) - raft.server.rpc.sleep.time = 25ms (default)
2019-09-18 22:20:38,295 [546a2746-9018-4225-bb40-7fec1575f77d@group-83253913BE32:LeaderElection5] INFO  server.RaftServerConfigKeys (ConfUtils.java:logGet(43)) - raft.server.write.element-limit = 4096 (default)
2019-09-18 22:20:38,295 [546a2746-9018-4225-bb40-7fec1575f77d@group-83253913BE32:LeaderElection5] INFO  server.RaftServerConfigKeys (ConfUtils.java:logGet(43)) - raft.server.watch.timeout = 10s (default)
2019-09-18 22:20:38,295 [546a2746-9018-4225-bb40-7fec1575f77d@group-83253913BE32:LeaderElection5] INFO  server.RaftServerConfigKeys (ConfUtils.java:logGet(43)) - raft.server.watch.timeout.denomination = 1s (default)
2019-09-18 22:20:38,295 [546a2746-9018-4225-bb40-7fec1575f77d@group-83253913BE32:LeaderElection5] INFO  server.RaftServerConfigKeys (ConfUtils.java:logGet(43)) - raft.server.watch.element-limit = 65536 (default)
2019-09-18 22:20:38,298 [546a2746-9018-4225-bb40-7fec1575f77d@group-83253913BE32:LeaderElection5] INFO  impl.RoleInfo (RoleInfo.java:updateAndGet(143)) - 546a2746-9018-4225-bb40-7fec1575f77d: start LeaderState
2019-09-18 22:20:38,299 [546a2746-9018-4225-bb40-7fec1575f77d@group-83253913BE32:LeaderElection5] INFO  segmented.SegmentedRaftLogWorker (SegmentedRaftLogWorker.java:startLogSegment(380)) - 546a2746-9018-4225-bb40-7fec1575f77d@group-83253913BE32-SegmentedRaftLogWorker: Starting segment from index:0
2019-09-18 22:20:38,299 [546a2746-9018-4225-bb40-7fec1575f77d@group-83253913BE32:LeaderElection5] INFO  impl.RaftServerImpl (ServerState.java:setRaftConf(354)) - 546a2746-9018-4225-bb40-7fec1575f77d@group-83253913BE32: set configuration 0: [546a2746-9018-4225-bb40-7fec1575f77d:192.168.34.27:39653], old=null at 0
2019-09-18 22:20:38,336 [main] INFO  ozoneimpl.OzoneContainer (OzoneContainer.java:stop(231)) - Attempting to stop container services.
2019-09-18 22:20:38,336 [ForkJoinPool.commonPool-worker-1] INFO  ozoneimpl.OzoneContainer (OzoneContainer.java:stop(231)) - Attempting to stop container services.
2019-09-18 22:20:38,337 [main] INFO  impl.RaftServerProxy (RaftServerProxy.java:lambda$close$4(314)) - 546a2746-9018-4225-bb40-7fec1575f77d: close
2019-09-18 22:20:38,337 [ForkJoinPool.commonPool-worker-1] INFO  impl.RaftServerProxy (RaftServerProxy.java:lambda$close$4(314)) - b6b769e4-60a4-492b-af1c-4848735b223e: close
2019-09-18 22:20:38,339 [main] INFO  impl.RaftServerImpl (RaftServerImpl.java:lambda$shutdown$3(251)) - 546a2746-9018-4225-bb40-7fec1575f77d@group-B2632515B766: shutdown
2019-09-18 22:20:38,339 [main] INFO  util.JmxRegister (JmxRegister.java:unregister(73)) - Successfully un-registered JMX Bean with object name Ratis:service=RaftServer,group=group-B2632515B766,id=546a2746-9018-4225-bb40-7fec1575f77d
2019-09-18 22:20:38,339 [ForkJoinPool.commonPool-worker-1] INFO  impl.RaftServerImpl (RaftServerImpl.java:lambda$shutdown$3(251)) - b6b769e4-60a4-492b-af1c-4848735b223e@group-76CB179AE0A0: shutdown
2019-09-18 22:20:38,339 [main] INFO  impl.RoleInfo (RoleInfo.java:shutdownFollowerState(121)) - 546a2746-9018-4225-bb40-7fec1575f77d: shutdown FollowerState
2019-09-18 22:20:38,339 [ForkJoinPool.commonPool-worker-1] INFO  util.JmxRegister (JmxRegister.java:unregister(73)) - Successfully un-registered JMX Bean with object name Ratis:service=RaftServer,group=group-76CB179AE0A0,id=b6b769e4-60a4-492b-af1c-4848735b223e
2019-09-18 22:20:38,340 [ForkJoinPool.commonPool-worker-1] INFO  impl.RoleInfo (RoleInfo.java:shutdownFollowerState(121)) - b6b769e4-60a4-492b-af1c-4848735b223e: shutdown FollowerState
2019-09-18 22:20:38,340 [Thread-274] INFO  impl.FollowerState (FollowerState.java:run(115)) - 546a2746-9018-4225-bb40-7fec1575f77d: FollowerState was interrupted: java.lang.InterruptedException: sleep interrupted
2019-09-18 22:20:38,339 [main] INFO  impl.StateMachineUpdater (StateMachineUpdater.java:stopAndJoin(125)) - 546a2746-9018-4225-bb40-7fec1575f77d@group-B2632515B766-StateMachineUpdater: set stopIndex = -1
2019-09-18 22:20:38,352 [main] INFO  impl.RaftServerImpl (ServerState.java:close(385)) - 546a2746-9018-4225-bb40-7fec1575f77d@group-B2632515B766: closes. applyIndex: -1
2019-09-18 22:20:38,349 [Thread-258] INFO  impl.FollowerState (FollowerState.java:run(115)) - b6b769e4-60a4-492b-af1c-4848735b223e: FollowerState was interrupted: java.lang.InterruptedException: sleep interrupted
2019-09-18 22:20:38,349 [546a2746-9018-4225-bb40-7fec1575f77d@group-83253913BE32-SegmentedRaftLogWorker] INFO  segmented.SegmentedRaftLogWorker (SegmentedRaftLogWorker.java:execute(569)) - 546a2746-9018-4225-bb40-7fec1575f77d@group-83253913BE32-SegmentedRaftLogWorker: created new log segment /workdir/hadoop-ozone/integration-test/target/test-dir/MiniOzoneClusterImpl-01fd2252-8e02-4c47-9516-e708e74f7f33/datanode-4/data/ratis/f4035c85-f404-4543-962f-83253913be32/current/log_inprogress_0
2019-09-18 22:20:38,340 [ForkJoinPool.commonPool-worker-1] INFO  impl.StateMachineUpdater (StateMachineUpdater.java:stopAndJoin(125)) - b6b769e4-60a4-492b-af1c-4848735b223e@group-76CB179AE0A0-StateMachineUpdater: set stopIndex = -1
2019-09-18 22:20:38,354 [ForkJoinPool.commonPool-worker-1] INFO  impl.RaftServerImpl (ServerState.java:close(385)) - b6b769e4-60a4-492b-af1c-4848735b223e@group-76CB179AE0A0: closes. applyIndex: -1
2019-09-18 22:20:38,355 [546a2746-9018-4225-bb40-7fec1575f77d@group-B2632515B766-SegmentedRaftLogWorker] INFO  segmented.SegmentedRaftLogWorker (SegmentedRaftLogWorker.java:run(313)) - 546a2746-9018-4225-bb40-7fec1575f77d@group-B2632515B766-SegmentedRaftLogWorker was interrupted, exiting. There are 0 tasks remaining in the queue.
2019-09-18 22:20:38,355 [b6b769e4-60a4-492b-af1c-4848735b223e@group-76CB179AE0A0-SegmentedRaftLogWorker] INFO  segmented.SegmentedRaftLogWorker (SegmentedRaftLogWorker.java:run(313)) - b6b769e4-60a4-492b-af1c-4848735b223e@group-76CB179AE0A0-SegmentedRaftLogWorker was interrupted, exiting. There are 0 tasks remaining in the queue.
2019-09-18 22:20:38,355 [main] INFO  segmented.SegmentedRaftLogWorker (SegmentedRaftLogWorker.java:close(228)) - 546a2746-9018-4225-bb40-7fec1575f77d@group-B2632515B766-SegmentedRaftLogWorker close()
2019-09-18 22:20:38,355 [ForkJoinPool.commonPool-worker-1] INFO  segmented.SegmentedRaftLogWorker (SegmentedRaftLogWorker.java:close(228)) - b6b769e4-60a4-492b-af1c-4848735b223e@group-76CB179AE0A0-SegmentedRaftLogWorker close()
2019-09-18 22:20:38,360 [main] INFO  impl.RaftServerImpl (RaftServerImpl.java:lambda$shutdown$3(251)) - 546a2746-9018-4225-bb40-7fec1575f77d@group-83253913BE32: shutdown
2019-09-18 22:20:38,360 [ForkJoinPool.commonPool-worker-1] INFO  server.GrpcService (GrpcService.java:closeImpl(164)) - b6b769e4-60a4-492b-af1c-4848735b223e: shutdown server with port 35486 now
2019-09-18 22:20:38,360 [main] INFO  util.JmxRegister (JmxRegister.java:unregister(73)) - Successfully un-registered JMX Bean with object name Ratis:service=RaftServer,group=group-83253913BE32,id=546a2746-9018-4225-bb40-7fec1575f77d
2019-09-18 22:20:38,361 [main] INFO  impl.RoleInfo (RoleInfo.java:shutdownLeaderState(104)) - 546a2746-9018-4225-bb40-7fec1575f77d: shutdown LeaderState
2019-09-18 22:20:38,363 [ForkJoinPool.commonPool-worker-1] INFO  server.GrpcService (GrpcService.java:closeImpl(172)) - b6b769e4-60a4-492b-af1c-4848735b223e: shutdown server with port 35486 successfully
2019-09-18 22:20:38,364 [main] INFO  impl.PendingRequests (PendingRequests.java:sendNotLeaderResponses(202)) - 546a2746-9018-4225-bb40-7fec1575f77d-PendingRequests: sendNotLeaderResponses
2019-09-18 22:20:38,364 [refreshUsed-/workdir/hadoop-ozone/integration-test/target/test-dir/MiniOzoneClusterImpl-01fd2252-8e02-4c47-9516-e708e74f7f33/datanode-1/data/containers] WARN  fs.CachingGetSpaceUsed (CachingGetSpaceUsed.java:run(183)) - Thread Interrupted waiting to refresh disk information: sleep interrupted
2019-09-18 22:20:38,366 [main] INFO  impl.StateMachineUpdater (StateMachineUpdater.java:stopAndJoin(125)) - 546a2746-9018-4225-bb40-7fec1575f77d@group-83253913BE32-StateMachineUpdater: set stopIndex = -1
2019-09-18 22:20:38,369 [main] INFO  impl.RaftServerImpl (ServerState.java:close(385)) - 546a2746-9018-4225-bb40-7fec1575f77d@group-83253913BE32: closes. applyIndex: -1
2019-09-18 22:20:38,370 [546a2746-9018-4225-bb40-7fec1575f77d@group-83253913BE32-SegmentedRaftLogWorker] INFO  segmented.SegmentedRaftLogWorker (SegmentedRaftLogWorker.java:run(313)) - 546a2746-9018-4225-bb40-7fec1575f77d@group-83253913BE32-SegmentedRaftLogWorker was interrupted, exiting. There are 0 tasks remaining in the queue.
2019-09-18 22:20:38,373 [main] INFO  segmented.SegmentedRaftLogWorker (SegmentedRaftLogWorker.java:close(228)) - 546a2746-9018-4225-bb40-7fec1575f77d@group-83253913BE32-SegmentedRaftLogWorker close()
2019-09-18 22:20:38,376 [main] INFO  server.GrpcService (GrpcService.java:closeImpl(164)) - 546a2746-9018-4225-bb40-7fec1575f77d: shutdown server with port 39653 now
2019-09-18 22:20:38,376 [main] INFO  server.GrpcService (GrpcService.java:closeImpl(172)) - 546a2746-9018-4225-bb40-7fec1575f77d: shutdown server with port 39653 successfully
2019-09-18 22:20:38,377 [refreshUsed-/workdir/hadoop-ozone/integration-test/target/test-dir/MiniOzoneClusterImpl-01fd2252-8e02-4c47-9516-e708e74f7f33/datanode-4/data/containers] WARN  fs.CachingGetSpaceUsed (CachingGetSpaceUsed.java:run(183)) - Thread Interrupted waiting to refresh disk information: sleep interrupted
2019-09-18 22:20:38,390 [ForkJoinPool.commonPool-worker-1] INFO  utils.BackgroundService (BackgroundService.java:shutdown(148)) - Shutting down service BlockDeletingService
2019-09-18 22:20:38,393 [ForkJoinPool.commonPool-worker-1] INFO  statemachine.DatanodeStateMachine (DatanodeStateMachine.java:stopDaemon(395)) - Ozone container server stopped.
2019-09-18 22:20:38,398 [ForkJoinPool.commonPool-worker-1] INFO  handler.ContextHandler (ContextHandler.java:doStop(910)) - Stopped o.e.j.w.WebAppContext@52d97ab6{/,null,UNAVAILABLE}{/hddsDatanode}
2019-09-18 22:20:38,398 [ForkJoinPool.commonPool-worker-1] INFO  server.AbstractConnector (AbstractConnector.java:doStop(318)) - Stopped ServerConnector@4da6d664{HTTP/1.1,[http/1.1]}{0.0.0.0:0}
2019-09-18 22:20:38,400 [main] INFO  utils.BackgroundService (BackgroundService.java:shutdown(148)) - Shutting down service BlockDeletingService
2019-09-18 22:20:38,400 [ForkJoinPool.commonPool-worker-1] INFO  handler.ContextHandler (ContextHandler.java:doStop(910)) - Stopped o.e.j.s.ServletContextHandler@1a2bcd56{/static,jar:file:/home/user/.m2/repository/org/apache/hadoop/hadoop-hdds-container-service/0.5.0-SNAPSHOT/hadoop-hdds-container-service-0.5.0-SNAPSHOT.jar!/webapps/static,UNAVAILABLE}
2019-09-18 22:20:38,404 [ForkJoinPool.commonPool-worker-1] INFO  handler.ContextHandler (ContextHandler.java:doStop(910)) - Stopped o.e.j.s.ServletContextHandler@c27a3a2{/logs,file:///workdir/hadoop-ozone/integration-test/target/log,UNAVAILABLE}
2019-09-18 22:20:38,405 [main] INFO  statemachine.DatanodeStateMachine (DatanodeStateMachine.java:stopDaemon(395)) - Ozone container server stopped.
2019-09-18 22:20:38,406 [main] INFO  handler.ContextHandler (ContextHandler.java:doStop(910)) - Stopped o.e.j.w.WebAppContext@2630dbc4{/,null,UNAVAILABLE}{/hddsDatanode}
2019-09-18 22:20:38,407 [main] INFO  server.AbstractConnector (AbstractConnector.java:doStop(318)) - Stopped ServerConnector@5ea4300e{HTTP/1.1,[http/1.1]}{0.0.0.0:0}
2019-09-18 22:20:38,407 [main] INFO  handler.ContextHandler (ContextHandler.java:doStop(910)) - Stopped o.e.j.s.ServletContextHandler@4228bf58{/static,jar:file:/home/user/.m2/repository/org/apache/hadoop/hadoop-hdds-container-service/0.5.0-SNAPSHOT/hadoop-hdds-container-service-0.5.0-SNAPSHOT.jar!/webapps/static,UNAVAILABLE}
2019-09-18 22:20:38,408 [main] INFO  handler.ContextHandler (ContextHandler.java:doStop(910)) - Stopped o.e.j.s.ServletContextHandler@6f94fb9d{/logs,file:///workdir/hadoop-ozone/integration-test/target/log,UNAVAILABLE}
2019-09-18 22:20:38,483 [Thread-255] INFO  impl.FollowerState (FollowerState.java:run(106)) - 468f5aee-7bc5-4ca2-8f8b-56ef59fd4a1a:group-C9818A83DF75 changes to CANDIDATE, lastRpcTime:5167, electionTimeout:5167ms
2019-09-18 22:20:38,483 [Thread-255] INFO  impl.RoleInfo (RoleInfo.java:shutdownFollowerState(121)) - 468f5aee-7bc5-4ca2-8f8b-56ef59fd4a1a: shutdown FollowerState
2019-09-18 22:20:38,483 [Thread-255] INFO  impl.RaftServerImpl (RaftServerImpl.java:setRole(174)) - 468f5aee-7bc5-4ca2-8f8b-56ef59fd4a1a@group-C9818A83DF75: changes role from  FOLLOWER to CANDIDATE at term 0 for changeToCandidate
2019-09-18 22:20:38,483 [Thread-255] INFO  impl.RoleInfo (RoleInfo.java:updateAndGet(143)) - 468f5aee-7bc5-4ca2-8f8b-56ef59fd4a1a: start LeaderElection
2019-09-18 22:20:38,489 [Thread-266] INFO  impl.FollowerState (FollowerState.java:run(106)) - 4b8530e9-6951-4725-b7cd-6ad70f02d4d1:group-AEB71D4DE366 changes to CANDIDATE, lastRpcTime:5022, electionTimeout:5022ms
2019-09-18 22:20:38,489 [Thread-266] INFO  impl.RoleInfo (RoleInfo.java:shutdownFollowerState(121)) - 4b8530e9-6951-4725-b7cd-6ad70f02d4d1: shutdown FollowerState
2019-09-18 22:20:38,489 [Thread-266] INFO  impl.RaftServerImpl (RaftServerImpl.java:setRole(174)) - 4b8530e9-6951-4725-b7cd-6ad70f02d4d1@group-AEB71D4DE366: changes role from  FOLLOWER to CANDIDATE at term 0 for changeToCandidate
2019-09-18 22:20:38,489 [Thread-266] INFO  impl.RoleInfo (RoleInfo.java:updateAndGet(143)) - 4b8530e9-6951-4725-b7cd-6ad70f02d4d1: start LeaderElection
2019-09-18 22:20:38,492 [468f5aee-7bc5-4ca2-8f8b-56ef59fd4a1a@group-C9818A83DF75:LeaderElection6] INFO  impl.LeaderElection (LeaderElection.java:askForVotes(182)) - 468f5aee-7bc5-4ca2-8f8b-56ef59fd4a1a@group-C9818A83DF75:LeaderElection6: begin an election at term 1 for -1: [468f5aee-7bc5-4ca2-8f8b-56ef59fd4a1a:192.168.34.27:38986], old=null
2019-09-18 22:20:38,492 [468f5aee-7bc5-4ca2-8f8b-56ef59fd4a1a@group-C9818A83DF75:LeaderElection6] INFO  impl.RoleInfo (RoleInfo.java:shutdownLeaderElection(134)) - 468f5aee-7bc5-4ca2-8f8b-56ef59fd4a1a: shutdown LeaderElection
2019-09-18 22:20:38,492 [468f5aee-7bc5-4ca2-8f8b-56ef59fd4a1a@group-C9818A83DF75:LeaderElection6] INFO  impl.RaftServerImpl (RaftServerImpl.java:setRole(174)) - 468f5aee-7bc5-4ca2-8f8b-56ef59fd4a1a@group-C9818A83DF75: changes role from CANDIDATE to LEADER at term 1 for changeToLeader
2019-09-18 22:20:38,493 [468f5aee-7bc5-4ca2-8f8b-56ef59fd4a1a@group-C9818A83DF75:LeaderElection6] INFO  impl.RaftServerImpl (ServerState.java:setLeader(253)) - 468f5aee-7bc5-4ca2-8f8b-56ef59fd4a1a@group-C9818A83DF75: change Leader from null to 468f5aee-7bc5-4ca2-8f8b-56ef59fd4a1a at term 1 for becomeLeader, leader elected after 5189ms
2019-09-18 22:20:38,494 [468f5aee-7bc5-4ca2-8f8b-56ef59fd4a1a@group-C9818A83DF75:LeaderElection6] INFO  server.RaftServerConfigKeys (ConfUtils.java:logGet(43)) - raft.server.staging.catchup.gap = 1000 (default)
2019-09-18 22:20:38,494 [468f5aee-7bc5-4ca2-8f8b-56ef59fd4a1a@group-C9818A83DF75:LeaderElection6] INFO  server.RaftServerConfigKeys (ConfUtils.java:logGet(43)) - raft.server.rpc.sleep.time = 25ms (default)
2019-09-18 22:20:38,494 [468f5aee-7bc5-4ca2-8f8b-56ef59fd4a1a@group-C9818A83DF75:LeaderElection6] INFO  server.RaftServerConfigKeys (ConfUtils.java:logGet(43)) - raft.server.write.element-limit = 4096 (default)
2019-09-18 22:20:38,494 [468f5aee-7bc5-4ca2-8f8b-56ef59fd4a1a@group-C9818A83DF75:LeaderElection6] INFO  server.RaftServerConfigKeys (ConfUtils.java:logGet(43)) - raft.server.watch.timeout = 10s (default)
2019-09-18 22:20:38,494 [468f5aee-7bc5-4ca2-8f8b-56ef59fd4a1a@group-C9818A83DF75:LeaderElection6] INFO  server.RaftServerConfigKeys (ConfUtils.java:logGet(43)) - raft.server.watch.timeout.denomination = 1s (default)
2019-09-18 22:20:38,494 [468f5aee-7bc5-4ca2-8f8b-56ef59fd4a1a@group-C9818A83DF75:LeaderElection6] INFO  server.RaftServerConfigKeys (ConfUtils.java:logGet(43)) - raft.server.watch.element-limit = 65536 (default)
2019-09-18 22:20:38,495 [4b8530e9-6951-4725-b7cd-6ad70f02d4d1@group-AEB71D4DE366:LeaderElection7] INFO  impl.LeaderElection (LeaderElection.java:askForVotes(182)) - 4b8530e9-6951-4725-b7cd-6ad70f02d4d1@group-AEB71D4DE366:LeaderElection7: begin an election at term 1 for -1: [42b076d1-e769-4d9d-82d9-d0c9a80efb7a:192.168.34.27:43875, 59af5fb5-34a0-4f7b-a154-f824d7416d40:192.168.34.27:46407, 4b8530e9-6951-4725-b7cd-6ad70f02d4d1:192.168.34.27:45511], old=null
2019-09-18 22:20:38,496 [468f5aee-7bc5-4ca2-8f8b-56ef59fd4a1a@group-C9818A83DF75:LeaderElection6] INFO  impl.RoleInfo (RoleInfo.java:updateAndGet(143)) - 468f5aee-7bc5-4ca2-8f8b-56ef59fd4a1a: start LeaderState
2019-09-18 22:20:38,497 [468f5aee-7bc5-4ca2-8f8b-56ef59fd4a1a@group-C9818A83DF75:LeaderElection6] INFO  segmented.SegmentedRaftLogWorker (SegmentedRaftLogWorker.java:startLogSegment(380)) - 468f5aee-7bc5-4ca2-8f8b-56ef59fd4a1a@group-C9818A83DF75-SegmentedRaftLogWorker: Starting segment from index:0
2019-09-18 22:20:38,497 [468f5aee-7bc5-4ca2-8f8b-56ef59fd4a1a@group-C9818A83DF75:LeaderElection6] INFO  impl.RaftServerImpl (ServerState.java:setRaftConf(354)) - 468f5aee-7bc5-4ca2-8f8b-56ef59fd4a1a@group-C9818A83DF75: set configuration 0: [468f5aee-7bc5-4ca2-8f8b-56ef59fd4a1a:192.168.34.27:38986], old=null at 0
2019-09-18 22:20:38,546 [468f5aee-7bc5-4ca2-8f8b-56ef59fd4a1a@group-C9818A83DF75-SegmentedRaftLogWorker] INFO  segmented.SegmentedRaftLogWorker (SegmentedRaftLogWorker.java:execute(569)) - 468f5aee-7bc5-4ca2-8f8b-56ef59fd4a1a@group-C9818A83DF75-SegmentedRaftLogWorker: created new log segment /workdir/hadoop-ozone/integration-test/target/test-dir/MiniOzoneClusterImpl-01fd2252-8e02-4c47-9516-e708e74f7f33/datanode-5/data/ratis/03a25642-058e-43aa-b5e4-c9818a83df75/current/log_inprogress_0
2019-09-18 22:20:38,549 [grpc-default-executor-2] INFO  impl.RaftServerImpl (RaftServerImpl.java:setRole(174)) - 42b076d1-e769-4d9d-82d9-d0c9a80efb7a@group-AEB71D4DE366: changes role from  FOLLOWER to FOLLOWER at term 1 for recognizeCandidate:4b8530e9-6951-4725-b7cd-6ad70f02d4d1
2019-09-18 22:20:38,549 [grpc-default-executor-0] INFO  impl.RaftServerImpl (RaftServerImpl.java:setRole(174)) - 59af5fb5-34a0-4f7b-a154-f824d7416d40@group-AEB71D4DE366: changes role from  FOLLOWER to FOLLOWER at term 1 for recognizeCandidate:4b8530e9-6951-4725-b7cd-6ad70f02d4d1
2019-09-18 22:20:38,549 [grpc-default-executor-2] INFO  impl.RoleInfo (RoleInfo.java:shutdownFollowerState(121)) - 42b076d1-e769-4d9d-82d9-d0c9a80efb7a: shutdown FollowerState
2019-09-18 22:20:38,549 [grpc-default-executor-0] INFO  impl.RoleInfo (RoleInfo.java:shutdownFollowerState(121)) - 59af5fb5-34a0-4f7b-a154-f824d7416d40: shutdown FollowerState
2019-09-18 22:20:38,549 [grpc-default-executor-2] INFO  impl.RoleInfo (RoleInfo.java:updateAndGet(143)) - 42b076d1-e769-4d9d-82d9-d0c9a80efb7a: start FollowerState
2019-09-18 22:20:38,549 [grpc-default-executor-0] INFO  impl.RoleInfo (RoleInfo.java:updateAndGet(143)) - 59af5fb5-34a0-4f7b-a154-f824d7416d40: start FollowerState
2019-09-18 22:20:38,549 [Thread-263] INFO  impl.FollowerState (FollowerState.java:run(115)) - 42b076d1-e769-4d9d-82d9-d0c9a80efb7a: FollowerState was interrupted: java.lang.InterruptedException: sleep interrupted
2019-09-18 22:20:38,549 [Thread-264] INFO  impl.FollowerState (FollowerState.java:run(115)) - 59af5fb5-34a0-4f7b-a154-f824d7416d40: FollowerState was interrupted: java.lang.InterruptedException: sleep interrupted
2019-09-18 22:20:38,579 [4b8530e9-6951-4725-b7cd-6ad70f02d4d1@group-AEB71D4DE366:LeaderElection7] INFO  impl.LeaderElection (LeaderElection.java:logAndReturn(56)) - 4b8530e9-6951-4725-b7cd-6ad70f02d4d1@group-AEB71D4DE366:LeaderElection7: Election PASSED; received 1 response(s) [4b8530e9-6951-4725-b7cd-6ad70f02d4d1<-59af5fb5-34a0-4f7b-a154-f824d7416d40#0:OK-t1] and 0 exception(s); 4b8530e9-6951-4725-b7cd-6ad70f02d4d1@group-AEB71D4DE366:t1, leader=null, voted=4b8530e9-6951-4725-b7cd-6ad70f02d4d1, raftlog=4b8530e9-6951-4725-b7cd-6ad70f02d4d1@group-AEB71D4DE366-SegmentedRaftLog:OPENED:c-1,f-1,i0, conf=-1: [42b076d1-e769-4d9d-82d9-d0c9a80efb7a:192.168.34.27:43875, 59af5fb5-34a0-4f7b-a154-f824d7416d40:192.168.34.27:46407, 4b8530e9-6951-4725-b7cd-6ad70f02d4d1:192.168.34.27:45511], old=null
2019-09-18 22:20:38,580 [4b8530e9-6951-4725-b7cd-6ad70f02d4d1@group-AEB71D4DE366:LeaderElection7] INFO  impl.RoleInfo (RoleInfo.java:shutdownLeaderElection(134)) - 4b8530e9-6951-4725-b7cd-6ad70f02d4d1: shutdown LeaderElection
2019-09-18 22:20:38,582 [4b8530e9-6951-4725-b7cd-6ad70f02d4d1@group-AEB71D4DE366:LeaderElection7] INFO  impl.RaftServerImpl (RaftServerImpl.java:setRole(174)) - 4b8530e9-6951-4725-b7cd-6ad70f02d4d1@group-AEB71D4DE366: changes role from CANDIDATE to LEADER at term 1 for changeToLeader
2019-09-18 22:20:38,582 [4b8530e9-6951-4725-b7cd-6ad70f02d4d1@group-AEB71D4DE366:LeaderElection7] INFO  impl.RaftServerImpl (ServerState.java:setLeader(253)) - 4b8530e9-6951-4725-b7cd-6ad70f02d4d1@group-AEB71D4DE366: change Leader from null to 4b8530e9-6951-4725-b7cd-6ad70f02d4d1 at term 1 for becomeLeader, leader elected after 5125ms
2019-09-18 22:20:38,582 [4b8530e9-6951-4725-b7cd-6ad70f02d4d1@group-AEB71D4DE366:LeaderElection7] INFO  server.RaftServerConfigKeys (ConfUtils.java:logGet(43)) - raft.server.staging.catchup.gap = 1000 (default)
2019-09-18 22:20:38,582 [4b8530e9-6951-4725-b7cd-6ad70f02d4d1@group-AEB71D4DE366:LeaderElection7] INFO  server.RaftServerConfigKeys (ConfUtils.java:logGet(43)) - raft.server.rpc.sleep.time = 25ms (default)
2019-09-18 22:20:38,583 [4b8530e9-6951-4725-b7cd-6ad70f02d4d1@group-AEB71D4DE366:LeaderElection7] INFO  server.RaftServerConfigKeys (ConfUtils.java:logGet(43)) - raft.server.write.element-limit = 4096 (default)
2019-09-18 22:20:38,583 [4b8530e9-6951-4725-b7cd-6ad70f02d4d1@group-AEB71D4DE366:LeaderElection7] INFO  server.RaftServerConfigKeys (ConfUtils.java:logGet(43)) - raft.server.watch.timeout = 10s (default)
2019-09-18 22:20:38,583 [4b8530e9-6951-4725-b7cd-6ad70f02d4d1@group-AEB71D4DE366:LeaderElection7] INFO  server.RaftServerConfigKeys (ConfUtils.java:logGet(43)) - raft.server.watch.timeout.denomination = 1s (default)
2019-09-18 22:20:38,583 [4b8530e9-6951-4725-b7cd-6ad70f02d4d1@group-AEB71D4DE366:LeaderElection7] INFO  server.RaftServerConfigKeys (ConfUtils.java:logGet(43)) - raft.server.watch.element-limit = 65536 (default)
2019-09-18 22:20:38,589 [4b8530e9-6951-4725-b7cd-6ad70f02d4d1@group-AEB71D4DE366:LeaderElection7] INFO  server.RaftServerConfigKeys (ConfUtils.java:logGet(43)) - raft.server.log.appender.snapshot.chunk.size.max = 16MB (=16777216) (default)
2019-09-18 22:20:38,590 [4b8530e9-6951-4725-b7cd-6ad70f02d4d1@group-AEB71D4DE366:LeaderElection7] INFO  server.RaftServerConfigKeys (ConfUtils.java:logGet(43)) - raft.server.log.appender.buffer.byte-limit = 33554432 (custom)
2019-09-18 22:20:38,591 [4b8530e9-6951-4725-b7cd-6ad70f02d4d1@group-AEB71D4DE366:LeaderElection7] INFO  server.RaftServerConfigKeys (ConfUtils.java:logGet(43)) - raft.server.log.appender.buffer.element-limit = 1 (custom)
2019-09-18 22:20:38,595 [4b8530e9-6951-4725-b7cd-6ad70f02d4d1@group-AEB71D4DE366:LeaderElection7] INFO  grpc.GrpcConfigKeys$Server (ConfUtils.java:logGet(43)) - raft.grpc.server.leader.outstanding.appends.max = 128 (default)
2019-09-18 22:20:38,595 [4b8530e9-6951-4725-b7cd-6ad70f02d4d1@group-AEB71D4DE366:LeaderElection7] INFO  server.RaftServerConfigKeys (ConfUtils.java:logGet(43)) - raft.server.rpc.request.timeout = 3000ms (default)
2019-09-18 22:20:38,595 [4b8530e9-6951-4725-b7cd-6ad70f02d4d1@group-AEB71D4DE366:LeaderElection7] INFO  server.RaftServerConfigKeys (ConfUtils.java:logGet(43)) - raft.server.log.appender.install.snapshot.enabled = false (custom)
2019-09-18 22:20:38,597 [4b8530e9-6951-4725-b7cd-6ad70f02d4d1@group-AEB71D4DE366:LeaderElection7] INFO  server.RaftServerConfigKeys (ConfUtils.java:logGet(43)) - raft.server.log.appender.snapshot.chunk.size.max = 16MB (=16777216) (default)
2019-09-18 22:20:38,597 [4b8530e9-6951-4725-b7cd-6ad70f02d4d1@group-AEB71D4DE366:LeaderElection7] INFO  server.RaftServerConfigKeys (ConfUtils.java:logGet(43)) - raft.server.log.appender.buffer.byte-limit = 33554432 (custom)
2019-09-18 22:20:38,597 [4b8530e9-6951-4725-b7cd-6ad70f02d4d1@group-AEB71D4DE366:LeaderElection7] INFO  server.RaftServerConfigKeys (ConfUtils.java:logGet(43)) - raft.server.log.appender.buffer.element-limit = 1 (custom)
2019-09-18 22:20:38,597 [4b8530e9-6951-4725-b7cd-6ad70f02d4d1@group-AEB71D4DE366:LeaderElection7] INFO  grpc.GrpcConfigKeys$Server (ConfUtils.java:logGet(43)) - raft.grpc.server.leader.outstanding.appends.max = 128 (default)
2019-09-18 22:20:38,598 [4b8530e9-6951-4725-b7cd-6ad70f02d4d1@group-AEB71D4DE366:LeaderElection7] INFO  server.RaftServerConfigKeys (ConfUtils.java:logGet(43)) - raft.server.rpc.request.timeout = 3000ms (default)
2019-09-18 22:20:38,598 [4b8530e9-6951-4725-b7cd-6ad70f02d4d1@group-AEB71D4DE366:LeaderElection7] INFO  server.RaftServerConfigKeys (ConfUtils.java:logGet(43)) - raft.server.log.appender.install.snapshot.enabled = false (custom)
2019-09-18 22:20:38,602 [4b8530e9-6951-4725-b7cd-6ad70f02d4d1@group-AEB71D4DE366:LeaderElection7] INFO  impl.RoleInfo (RoleInfo.java:updateAndGet(143)) - 4b8530e9-6951-4725-b7cd-6ad70f02d4d1: start LeaderState
2019-09-18 22:20:38,602 [4b8530e9-6951-4725-b7cd-6ad70f02d4d1@group-AEB71D4DE366:LeaderElection7] INFO  segmented.SegmentedRaftLogWorker (SegmentedRaftLogWorker.java:startLogSegment(380)) - 4b8530e9-6951-4725-b7cd-6ad70f02d4d1@group-AEB71D4DE366-SegmentedRaftLogWorker: Starting segment from index:0
2019-09-18 22:20:38,603 [4b8530e9-6951-4725-b7cd-6ad70f02d4d1@group-AEB71D4DE366:LeaderElection7] INFO  impl.RaftServerImpl (ServerState.java:setRaftConf(354)) - 4b8530e9-6951-4725-b7cd-6ad70f02d4d1@group-AEB71D4DE366: set configuration 0: [42b076d1-e769-4d9d-82d9-d0c9a80efb7a:192.168.34.27:43875, 59af5fb5-34a0-4f7b-a154-f824d7416d40:192.168.34.27:46407, 4b8530e9-6951-4725-b7cd-6ad70f02d4d1:192.168.34.27:45511], old=null at 0
2019-09-18 22:20:38,650 [4b8530e9-6951-4725-b7cd-6ad70f02d4d1@group-AEB71D4DE366-SegmentedRaftLogWorker] INFO  segmented.SegmentedRaftLogWorker (SegmentedRaftLogWorker.java:execute(569)) - 4b8530e9-6951-4725-b7cd-6ad70f02d4d1@group-AEB71D4DE366-SegmentedRaftLogWorker: created new log segment /workdir/hadoop-ozone/integration-test/target/test-dir/MiniOzoneClusterImpl-01fd2252-8e02-4c47-9516-e708e74f7f33/datanode-2/data/ratis/058aa88e-17bb-49d6-a1fb-aeb71d4de366/current/log_inprogress_0
2019-09-18 22:20:38,667 [grpc-default-executor-2] INFO  impl.RaftServerImpl (ServerState.java:setLeader(253)) - 59af5fb5-34a0-4f7b-a154-f824d7416d40@group-AEB71D4DE366: change Leader from null to 4b8530e9-6951-4725-b7cd-6ad70f02d4d1 at term 1 for appendEntries, leader elected after 5211ms
2019-09-18 22:20:38,669 [grpc-default-executor-0] INFO  impl.RaftServerImpl (ServerState.java:setLeader(253)) - 42b076d1-e769-4d9d-82d9-d0c9a80efb7a@group-AEB71D4DE366: change Leader from null to 4b8530e9-6951-4725-b7cd-6ad70f02d4d1 at term 1 for appendEntries, leader elected after 5212ms
2019-09-18 22:20:38,690 [Thread-272] INFO  impl.FollowerState (FollowerState.java:run(106)) - 468f5aee-7bc5-4ca2-8f8b-56ef59fd4a1a:group-B2632515B766 changes to CANDIDATE, lastRpcTime:5115, electionTimeout:5115ms
2019-09-18 22:20:38,691 [Thread-272] INFO  impl.RoleInfo (RoleInfo.java:shutdownFollowerState(121)) - 468f5aee-7bc5-4ca2-8f8b-56ef59fd4a1a: shutdown FollowerState
2019-09-18 22:20:38,691 [Thread-272] INFO  impl.RaftServerImpl (RaftServerImpl.java:setRole(174)) - 468f5aee-7bc5-4ca2-8f8b-56ef59fd4a1a@group-B2632515B766: changes role from  FOLLOWER to CANDIDATE at term 0 for changeToCandidate
2019-09-18 22:20:38,691 [Thread-272] INFO  impl.RoleInfo (RoleInfo.java:updateAndGet(143)) - 468f5aee-7bc5-4ca2-8f8b-56ef59fd4a1a: start LeaderElection
2019-09-18 22:20:38,703 [grpc-default-executor-2] INFO  impl.RaftServerImpl (ServerState.java:setRaftConf(354)) - 42b076d1-e769-4d9d-82d9-d0c9a80efb7a@group-AEB71D4DE366: set configuration 0: [42b076d1-e769-4d9d-82d9-d0c9a80efb7a:192.168.34.27:43875, 59af5fb5-34a0-4f7b-a154-f824d7416d40:192.168.34.27:46407, 4b8530e9-6951-4725-b7cd-6ad70f02d4d1:192.168.34.27:45511], old=null at 0
2019-09-18 22:20:38,703 [grpc-default-executor-0] INFO  impl.RaftServerImpl (ServerState.java:setRaftConf(354)) - 59af5fb5-34a0-4f7b-a154-f824d7416d40@group-AEB71D4DE366: set configuration 0: [42b076d1-e769-4d9d-82d9-d0c9a80efb7a:192.168.34.27:43875, 59af5fb5-34a0-4f7b-a154-f824d7416d40:192.168.34.27:46407, 4b8530e9-6951-4725-b7cd-6ad70f02d4d1:192.168.34.27:45511], old=null at 0
2019-09-18 22:20:38,703 [grpc-default-executor-2] INFO  segmented.SegmentedRaftLogWorker (SegmentedRaftLogWorker.java:startLogSegment(380)) - 42b076d1-e769-4d9d-82d9-d0c9a80efb7a@group-AEB71D4DE366-SegmentedRaftLogWorker: Starting segment from index:0
2019-09-18 22:20:38,703 [grpc-default-executor-0] INFO  segmented.SegmentedRaftLogWorker (SegmentedRaftLogWorker.java:startLogSegment(380)) - 59af5fb5-34a0-4f7b-a154-f824d7416d40@group-AEB71D4DE366-SegmentedRaftLogWorker: Starting segment from index:0
2019-09-18 22:20:38,740 [468f5aee-7bc5-4ca2-8f8b-56ef59fd4a1a@group-B2632515B766:LeaderElection8] INFO  impl.LeaderElection (LeaderElection.java:askForVotes(182)) - 468f5aee-7bc5-4ca2-8f8b-56ef59fd4a1a@group-B2632515B766:LeaderElection8: begin an election at term 1 for -1: [546a2746-9018-4225-bb40-7fec1575f77d:192.168.34.27:39653, 468f5aee-7bc5-4ca2-8f8b-56ef59fd4a1a:192.168.34.27:38986, 2d468804-0a08-4f9c-9a3f-4817d55d4380:192.168.34.27:46060], old=null
2019-09-18 22:20:38,750 [Datanode State Machine Thread - 0] INFO  statemachine.DatanodeStateMachine (DatanodeStateMachine.java:lambda$startDaemon$0(350)) - Ozone container server started.
2019-09-18 22:20:38,750 [Datanode State Machine Thread - 0] INFO  statemachine.DatanodeStateMachine (DatanodeStateMachine.java:lambda$startDaemon$0(350)) - Ozone container server started.
2019-09-18 22:20:38,752 [42b076d1-e769-4d9d-82d9-d0c9a80efb7a@group-AEB71D4DE366-SegmentedRaftLogWorker] INFO  segmented.SegmentedRaftLogWorker (SegmentedRaftLogWorker.java:execute(569)) - 42b076d1-e769-4d9d-82d9-d0c9a80efb7a@group-AEB71D4DE366-SegmentedRaftLogWorker: created new log segment /workdir/hadoop-ozone/integration-test/target/test-dir/MiniOzoneClusterImpl-01fd2252-8e02-4c47-9516-e708e74f7f33/datanode-0/data/ratis/058aa88e-17bb-49d6-a1fb-aeb71d4de366/current/log_inprogress_0
2019-09-18 22:20:38,752 [59af5fb5-34a0-4f7b-a154-f824d7416d40@group-AEB71D4DE366-SegmentedRaftLogWorker] INFO  segmented.SegmentedRaftLogWorker (SegmentedRaftLogWorker.java:execute(569)) - 59af5fb5-34a0-4f7b-a154-f824d7416d40@group-AEB71D4DE366-SegmentedRaftLogWorker: created new log segment /workdir/hadoop-ozone/integration-test/target/test-dir/MiniOzoneClusterImpl-01fd2252-8e02-4c47-9516-e708e74f7f33/datanode-3/data/ratis/058aa88e-17bb-49d6-a1fb-aeb71d4de366/current/log_inprogress_0
2019-09-18 22:20:38,757 [grpc-default-executor-0] INFO  impl.RaftServerImpl (RaftServerImpl.java:setRole(174)) - 2d468804-0a08-4f9c-9a3f-4817d55d4380@group-B2632515B766: changes role from  FOLLOWER to FOLLOWER at term 1 for recognizeCandidate:468f5aee-7bc5-4ca2-8f8b-56ef59fd4a1a
2019-09-18 22:20:38,757 [grpc-default-executor-0] INFO  impl.RoleInfo (RoleInfo.java:shutdownFollowerState(121)) - 2d468804-0a08-4f9c-9a3f-4817d55d4380: shutdown FollowerState
2019-09-18 22:20:38,757 [grpc-default-executor-0] INFO  impl.RoleInfo (RoleInfo.java:updateAndGet(143)) - 2d468804-0a08-4f9c-9a3f-4817d55d4380: start FollowerState
2019-09-18 22:20:38,757 [Thread-275] INFO  impl.FollowerState (FollowerState.java:run(115)) - 2d468804-0a08-4f9c-9a3f-4817d55d4380: FollowerState was interrupted: java.lang.InterruptedException: sleep interrupted
2019-09-18 22:20:38,763 [468f5aee-7bc5-4ca2-8f8b-56ef59fd4a1a@group-B2632515B766:LeaderElection8] INFO  impl.LeaderElection (LogUtils.java:infoOrTrace(149)) - 468f5aee-7bc5-4ca2-8f8b-56ef59fd4a1a@group-B2632515B766:LeaderElection8 got exception when requesting votes: {}
java.util.concurrent.ExecutionException: org.apache.ratis.thirdparty.io.grpc.StatusRuntimeException: UNAVAILABLE: io exception
	at java.util.concurrent.FutureTask.report(FutureTask.java:122)
	at java.util.concurrent.FutureTask.get(FutureTask.java:192)
	at org.apache.ratis.server.impl.LeaderElection.waitForResults(LeaderElection.java:263)
	at org.apache.ratis.server.impl.LeaderElection.askForVotes(LeaderElection.java:201)
	at org.apache.ratis.server.impl.LeaderElection.run(LeaderElection.java:133)
	at java.lang.Thread.run(Thread.java:748)
Caused by: org.apache.ratis.thirdparty.io.grpc.StatusRuntimeException: UNAVAILABLE: io exception
	at org.apache.ratis.thirdparty.io.grpc.stub.ClientCalls.toStatusRuntimeException(ClientCalls.java:233)
	at org.apache.ratis.thirdparty.io.grpc.stub.ClientCalls.getUnchecked(ClientCalls.java:214)
	at org.apache.ratis.thirdparty.io.grpc.stub.ClientCalls.blockingUnaryCall(ClientCalls.java:139)
	at org.apache.ratis.proto.grpc.RaftServerProtocolServiceGrpc$RaftServerProtocolServiceBlockingStub.requestVote(RaftServerProtocolServiceGrpc.java:265)
	at org.apache.ratis.grpc.server.GrpcServerProtocolClient.requestVote(GrpcServerProtocolClient.java:90)
	at org.apache.ratis.grpc.server.GrpcService.requestVote(GrpcService.java:204)
	at org.apache.ratis.server.impl.LeaderElection.lambda$submitRequests$1(LeaderElection.java:238)
	at java.util.concurrent.FutureTask.run(FutureTask.java:266)
	at java.util.concurrent.Executors$RunnableAdapter.call(Executors.java:511)
	at java.util.concurrent.FutureTask.run(FutureTask.java:266)
	at java.util.concurrent.ThreadPoolExecutor.runWorker(ThreadPoolExecutor.java:1149)
	at java.util.concurrent.ThreadPoolExecutor$Worker.run(ThreadPoolExecutor.java:624)
	... 1 more
Caused by: org.apache.ratis.thirdparty.io.netty.channel.AbstractChannel$AnnotatedConnectException: Connection refused: /192.168.34.27:39653
	at sun.nio.ch.SocketChannelImpl.checkConnect(Native Method)
	at sun.nio.ch.SocketChannelImpl.finishConnect(SocketChannelImpl.java:717)
	at org.apache.ratis.thirdparty.io.netty.channel.socket.nio.NioSocketChannel.doFinishConnect(NioSocketChannel.java:327)
	at org.apache.ratis.thirdparty.io.netty.channel.nio.AbstractNioChannel$AbstractNioUnsafe.finishConnect(AbstractNioChannel.java:340)
	at org.apache.ratis.thirdparty.io.netty.channel.nio.NioEventLoop.processSelectedKey(NioEventLoop.java:632)
	at org.apache.ratis.thirdparty.io.netty.channel.nio.NioEventLoop.processSelectedKeysOptimized(NioEventLoop.java:579)
	at org.apache.ratis.thirdparty.io.netty.channel.nio.NioEventLoop.processSelectedKeys(NioEventLoop.java:496)
	at org.apache.ratis.thirdparty.io.netty.channel.nio.NioEventLoop.run(NioEventLoop.java:458)
	at org.apache.ratis.thirdparty.io.netty.util.concurrent.SingleThreadEventExecutor$5.run(SingleThreadEventExecutor.java:897)
	at org.apache.ratis.thirdparty.io.netty.util.concurrent.FastThreadLocalRunnable.run(FastThreadLocalRunnable.java:30)
	... 1 more
Caused by: java.net.ConnectException: Connection refused
	... 11 more
2019-09-18 22:20:38,783 [468f5aee-7bc5-4ca2-8f8b-56ef59fd4a1a@group-B2632515B766:LeaderElection8] INFO  impl.LeaderElection (LeaderElection.java:logAndReturn(56)) - 468f5aee-7bc5-4ca2-8f8b-56ef59fd4a1a@group-B2632515B766:LeaderElection8: Election PASSED; received 1 response(s) [468f5aee-7bc5-4ca2-8f8b-56ef59fd4a1a<-2d468804-0a08-4f9c-9a3f-4817d55d4380#0:OK-t1] and 1 exception(s); 468f5aee-7bc5-4ca2-8f8b-56ef59fd4a1a@group-B2632515B766:t1, leader=null, voted=468f5aee-7bc5-4ca2-8f8b-56ef59fd4a1a, raftlog=468f5aee-7bc5-4ca2-8f8b-56ef59fd4a1a@group-B2632515B766-SegmentedRaftLog:OPENED:c-1,f-1,i0, conf=-1: [546a2746-9018-4225-bb40-7fec1575f77d:192.168.34.27:39653, 468f5aee-7bc5-4ca2-8f8b-56ef59fd4a1a:192.168.34.27:38986, 2d468804-0a08-4f9c-9a3f-4817d55d4380:192.168.34.27:46060], old=null
2019-09-18 22:20:38,783 [468f5aee-7bc5-4ca2-8f8b-56ef59fd4a1a@group-B2632515B766:LeaderElection8] INFO  impl.LeaderElection (LogUtils.java:infoOrTrace(149)) -   Exception 0: {}
java.util.concurrent.ExecutionException: org.apache.ratis.thirdparty.io.grpc.StatusRuntimeException: UNAVAILABLE: io exception
	at java.util.concurrent.FutureTask.report(FutureTask.java:122)
	at java.util.concurrent.FutureTask.get(FutureTask.java:192)
	at org.apache.ratis.server.impl.LeaderElection.waitForResults(LeaderElection.java:263)
	at org.apache.ratis.server.impl.LeaderElection.askForVotes(LeaderElection.java:201)
	at org.apache.ratis.server.impl.LeaderElection.run(LeaderElection.java:133)
	at java.lang.Thread.run(Thread.java:748)
Caused by: org.apache.ratis.thirdparty.io.grpc.StatusRuntimeException: UNAVAILABLE: io exception
	at org.apache.ratis.thirdparty.io.grpc.stub.ClientCalls.toStatusRuntimeException(ClientCalls.java:233)
	at org.apache.ratis.thirdparty.io.grpc.stub.ClientCalls.getUnchecked(ClientCalls.java:214)
	at org.apache.ratis.thirdparty.io.grpc.stub.ClientCalls.blockingUnaryCall(ClientCalls.java:139)
	at org.apache.ratis.proto.grpc.RaftServerProtocolServiceGrpc$RaftServerProtocolServiceBlockingStub.requestVote(RaftServerProtocolServiceGrpc.java:265)
	at org.apache.ratis.grpc.server.GrpcServerProtocolClient.requestVote(GrpcServerProtocolClient.java:90)
	at org.apache.ratis.grpc.server.GrpcService.requestVote(GrpcService.java:204)
	at org.apache.ratis.server.impl.LeaderElection.lambda$submitRequests$1(LeaderElection.java:238)
	at java.util.concurrent.FutureTask.run(FutureTask.java:266)
	at java.util.concurrent.Executors$RunnableAdapter.call(Executors.java:511)
	at java.util.concurrent.FutureTask.run(FutureTask.java:266)
	at java.util.concurrent.ThreadPoolExecutor.runWorker(ThreadPoolExecutor.java:1149)
	at java.util.concurrent.ThreadPoolExecutor$Worker.run(ThreadPoolExecutor.java:624)
	... 1 more
Caused by: org.apache.ratis.thirdparty.io.netty.channel.AbstractChannel$AnnotatedConnectException: Connection refused: /192.168.34.27:39653
	at sun.nio.ch.SocketChannelImpl.checkConnect(Native Method)
	at sun.nio.ch.SocketChannelImpl.finishConnect(SocketChannelImpl.java:717)
	at org.apache.ratis.thirdparty.io.netty.channel.socket.nio.NioSocketChannel.doFinishConnect(NioSocketChannel.java:327)
	at org.apache.ratis.thirdparty.io.netty.channel.nio.AbstractNioChannel$AbstractNioUnsafe.finishConnect(AbstractNioChannel.java:340)
	at org.apache.ratis.thirdparty.io.netty.channel.nio.NioEventLoop.processSelectedKey(NioEventLoop.java:632)
	at org.apache.ratis.thirdparty.io.netty.channel.nio.NioEventLoop.processSelectedKeysOptimized(NioEventLoop.java:579)
	at org.apache.ratis.thirdparty.io.netty.channel.nio.NioEventLoop.processSelectedKeys(NioEventLoop.java:496)
	at org.apache.ratis.thirdparty.io.netty.channel.nio.NioEventLoop.run(NioEventLoop.java:458)
	at org.apache.ratis.thirdparty.io.netty.util.concurrent.SingleThreadEventExecutor$5.run(SingleThreadEventExecutor.java:897)
	at org.apache.ratis.thirdparty.io.netty.util.concurrent.FastThreadLocalRunnable.run(FastThreadLocalRunnable.java:30)
	... 1 more
Caused by: java.net.ConnectException: Connection refused
	... 11 more
2019-09-18 22:20:38,784 [468f5aee-7bc5-4ca2-8f8b-56ef59fd4a1a@group-B2632515B766:LeaderElection8] INFO  impl.RoleInfo (RoleInfo.java:shutdownLeaderElection(134)) - 468f5aee-7bc5-4ca2-8f8b-56ef59fd4a1a: shutdown LeaderElection
2019-09-18 22:20:38,785 [468f5aee-7bc5-4ca2-8f8b-56ef59fd4a1a@group-B2632515B766:LeaderElection8] INFO  impl.RaftServerImpl (RaftServerImpl.java:setRole(174)) - 468f5aee-7bc5-4ca2-8f8b-56ef59fd4a1a@group-B2632515B766: changes role from CANDIDATE to LEADER at term 1 for changeToLeader
2019-09-18 22:20:38,785 [468f5aee-7bc5-4ca2-8f8b-56ef59fd4a1a@group-B2632515B766:LeaderElection8] INFO  impl.RaftServerImpl (ServerState.java:setLeader(253)) - 468f5aee-7bc5-4ca2-8f8b-56ef59fd4a1a@group-B2632515B766: change Leader from null to 468f5aee-7bc5-4ca2-8f8b-56ef59fd4a1a at term 1 for becomeLeader, leader elected after 5220ms
2019-09-18 22:20:38,785 [468f5aee-7bc5-4ca2-8f8b-56ef59fd4a1a@group-B2632515B766:LeaderElection8] INFO  server.RaftServerConfigKeys (ConfUtils.java:logGet(43)) - raft.server.staging.catchup.gap = 1000 (default)
2019-09-18 22:20:38,786 [468f5aee-7bc5-4ca2-8f8b-56ef59fd4a1a@group-B2632515B766:LeaderElection8] INFO  server.RaftServerConfigKeys (ConfUtils.java:logGet(43)) - raft.server.rpc.sleep.time = 25ms (default)
2019-09-18 22:20:38,786 [468f5aee-7bc5-4ca2-8f8b-56ef59fd4a1a@group-B2632515B766:LeaderElection8] INFO  server.RaftServerConfigKeys (ConfUtils.java:logGet(43)) - raft.server.write.element-limit = 4096 (default)
2019-09-18 22:20:38,786 [468f5aee-7bc5-4ca2-8f8b-56ef59fd4a1a@group-B2632515B766:LeaderElection8] INFO  server.RaftServerConfigKeys (ConfUtils.java:logGet(43)) - raft.server.watch.timeout = 10s (default)
2019-09-18 22:20:38,786 [468f5aee-7bc5-4ca2-8f8b-56ef59fd4a1a@group-B2632515B766:LeaderElection8] INFO  server.RaftServerConfigKeys (ConfUtils.java:logGet(43)) - raft.server.watch.timeout.denomination = 1s (default)
2019-09-18 22:20:38,786 [468f5aee-7bc5-4ca2-8f8b-56ef59fd4a1a@group-B2632515B766:LeaderElection8] INFO  server.RaftServerConfigKeys (ConfUtils.java:logGet(43)) - raft.server.watch.element-limit = 65536 (default)
2019-09-18 22:20:38,789 [468f5aee-7bc5-4ca2-8f8b-56ef59fd4a1a@group-B2632515B766:LeaderElection8] INFO  server.RaftServerConfigKeys (ConfUtils.java:logGet(43)) - raft.server.log.appender.snapshot.chunk.size.max = 16MB (=16777216) (default)
2019-09-18 22:20:38,789 [468f5aee-7bc5-4ca2-8f8b-56ef59fd4a1a@group-B2632515B766:LeaderElection8] INFO  server.RaftServerConfigKeys (ConfUtils.java:logGet(43)) - raft.server.log.appender.buffer.byte-limit = 33554432 (custom)
2019-09-18 22:20:38,789 [468f5aee-7bc5-4ca2-8f8b-56ef59fd4a1a@group-B2632515B766:LeaderElection8] INFO  server.RaftServerConfigKeys (ConfUtils.java:logGet(43)) - raft.server.log.appender.buffer.element-limit = 1 (custom)
2019-09-18 22:20:38,789 [468f5aee-7bc5-4ca2-8f8b-56ef59fd4a1a@group-B2632515B766:LeaderElection8] INFO  grpc.GrpcConfigKeys$Server (ConfUtils.java:logGet(43)) - raft.grpc.server.leader.outstanding.appends.max = 128 (default)
2019-09-18 22:20:38,791 [468f5aee-7bc5-4ca2-8f8b-56ef59fd4a1a@group-B2632515B766:LeaderElection8] INFO  server.RaftServerConfigKeys (ConfUtils.java:logGet(43)) - raft.server.rpc.request.timeout = 3000ms (default)
2019-09-18 22:20:38,791 [468f5aee-7bc5-4ca2-8f8b-56ef59fd4a1a@group-B2632515B766:LeaderElection8] INFO  server.RaftServerConfigKeys (ConfUtils.java:logGet(43)) - raft.server.log.appender.install.snapshot.enabled = false (custom)
2019-09-18 22:20:38,791 [468f5aee-7bc5-4ca2-8f8b-56ef59fd4a1a@group-B2632515B766:LeaderElection8] INFO  server.RaftServerConfigKeys (ConfUtils.java:logGet(43)) - raft.server.log.appender.snapshot.chunk.size.max = 16MB (=16777216) (default)
2019-09-18 22:20:38,791 [468f5aee-7bc5-4ca2-8f8b-56ef59fd4a1a@group-B2632515B766:LeaderElection8] INFO  server.RaftServerConfigKeys (ConfUtils.java:logGet(43)) - raft.server.log.appender.buffer.byte-limit = 33554432 (custom)
2019-09-18 22:20:38,791 [468f5aee-7bc5-4ca2-8f8b-56ef59fd4a1a@group-B2632515B766:LeaderElection8] INFO  server.RaftServerConfigKeys (ConfUtils.java:logGet(43)) - raft.server.log.appender.buffer.element-limit = 1 (custom)
2019-09-18 22:20:38,791 [468f5aee-7bc5-4ca2-8f8b-56ef59fd4a1a@group-B2632515B766:LeaderElection8] INFO  grpc.GrpcConfigKeys$Server (ConfUtils.java:logGet(43)) - raft.grpc.server.leader.outstanding.appends.max = 128 (default)
2019-09-18 22:20:38,792 [468f5aee-7bc5-4ca2-8f8b-56ef59fd4a1a@group-B2632515B766:LeaderElection8] INFO  server.RaftServerConfigKeys (ConfUtils.java:logGet(43)) - raft.server.rpc.request.timeout = 3000ms (default)
2019-09-18 22:20:38,792 [468f5aee-7bc5-4ca2-8f8b-56ef59fd4a1a@group-B2632515B766:LeaderElection8] INFO  server.RaftServerConfigKeys (ConfUtils.java:logGet(43)) - raft.server.log.appender.install.snapshot.enabled = false (custom)
2019-09-18 22:20:38,792 [468f5aee-7bc5-4ca2-8f8b-56ef59fd4a1a@group-B2632515B766:LeaderElection8] INFO  impl.RoleInfo (RoleInfo.java:updateAndGet(143)) - 468f5aee-7bc5-4ca2-8f8b-56ef59fd4a1a: start LeaderState
2019-09-18 22:20:38,792 [468f5aee-7bc5-4ca2-8f8b-56ef59fd4a1a@group-B2632515B766:LeaderElection8] INFO  segmented.SegmentedRaftLogWorker (SegmentedRaftLogWorker.java:startLogSegment(380)) - 468f5aee-7bc5-4ca2-8f8b-56ef59fd4a1a@group-B2632515B766-SegmentedRaftLogWorker: Starting segment from index:0
2019-09-18 22:20:38,793 [468f5aee-7bc5-4ca2-8f8b-56ef59fd4a1a@group-B2632515B766:LeaderElection8] INFO  impl.RaftServerImpl (ServerState.java:setRaftConf(354)) - 468f5aee-7bc5-4ca2-8f8b-56ef59fd4a1a@group-B2632515B766: set configuration 0: [546a2746-9018-4225-bb40-7fec1575f77d:192.168.34.27:39653, 468f5aee-7bc5-4ca2-8f8b-56ef59fd4a1a:192.168.34.27:38986, 2d468804-0a08-4f9c-9a3f-4817d55d4380:192.168.34.27:46060], old=null at 0
2019-09-18 22:20:38,820 [grpc-default-executor-0] WARN  server.GrpcLogAppender (LogUtils.java:warn(134)) - 468f5aee-7bc5-4ca2-8f8b-56ef59fd4a1a@group-B2632515B766->546a2746-9018-4225-bb40-7fec1575f77d-AppendLogResponseHandler: Failed appendEntries: org.apache.ratis.thirdparty.io.grpc.StatusRuntimeException: UNAVAILABLE: io exception
2019-09-18 22:20:38,824 [grpc-default-executor-2] INFO  impl.RaftServerImpl (ServerState.java:setLeader(253)) - 2d468804-0a08-4f9c-9a3f-4817d55d4380@group-B2632515B766: change Leader from null to 468f5aee-7bc5-4ca2-8f8b-56ef59fd4a1a at term 1 for appendEntries, leader elected after 5259ms
2019-09-18 22:20:38,824 [grpc-default-executor-0] INFO  impl.FollowerInfo (FollowerInfo.java:lambda$new$0(51)) - 468f5aee-7bc5-4ca2-8f8b-56ef59fd4a1a@group-B2632515B766->546a2746-9018-4225-bb40-7fec1575f77d: nextIndex: updateUnconditionally 0 -> 0
2019-09-18 22:20:38,827 [grpc-default-executor-2] INFO  impl.RaftServerImpl (ServerState.java:setRaftConf(354)) - 2d468804-0a08-4f9c-9a3f-4817d55d4380@group-B2632515B766: set configuration 0: [546a2746-9018-4225-bb40-7fec1575f77d:192.168.34.27:39653, 468f5aee-7bc5-4ca2-8f8b-56ef59fd4a1a:192.168.34.27:38986, 2d468804-0a08-4f9c-9a3f-4817d55d4380:192.168.34.27:46060], old=null at 0
2019-09-18 22:20:38,827 [grpc-default-executor-2] INFO  segmented.SegmentedRaftLogWorker (SegmentedRaftLogWorker.java:startLogSegment(380)) - 2d468804-0a08-4f9c-9a3f-4817d55d4380@group-B2632515B766-SegmentedRaftLogWorker: Starting segment from index:0
2019-09-18 22:20:38,840 [468f5aee-7bc5-4ca2-8f8b-56ef59fd4a1a@group-B2632515B766-SegmentedRaftLogWorker] INFO  segmented.SegmentedRaftLogWorker (SegmentedRaftLogWorker.java:execute(569)) - 468f5aee-7bc5-4ca2-8f8b-56ef59fd4a1a@group-B2632515B766-SegmentedRaftLogWorker: created new log segment /workdir/hadoop-ozone/integration-test/target/test-dir/MiniOzoneClusterImpl-01fd2252-8e02-4c47-9516-e708e74f7f33/datanode-5/data/ratis/62f28ecb-f478-4124-8e5d-b2632515b766/current/log_inprogress_0
2019-09-18 22:20:38,856 [grpc-default-executor-1] WARN  server.GrpcLogAppender (LogUtils.java:warn(134)) - 468f5aee-7bc5-4ca2-8f8b-56ef59fd4a1a@group-B2632515B766->546a2746-9018-4225-bb40-7fec1575f77d-AppendLogResponseHandler: Failed appendEntries: org.apache.ratis.thirdparty.io.grpc.StatusRuntimeException: UNAVAILABLE: io exception
2019-09-18 22:20:38,859 [grpc-default-executor-1] INFO  impl.FollowerInfo (FollowerInfo.java:lambda$new$0(51)) - 468f5aee-7bc5-4ca2-8f8b-56ef59fd4a1a@group-B2632515B766->546a2746-9018-4225-bb40-7fec1575f77d: nextIndex: updateUnconditionally 1 -> 0
2019-09-18 22:20:38,865 [2d468804-0a08-4f9c-9a3f-4817d55d4380@group-B2632515B766-SegmentedRaftLogWorker] INFO  segmented.SegmentedRaftLogWorker (SegmentedRaftLogWorker.java:execute(569)) - 2d468804-0a08-4f9c-9a3f-4817d55d4380@group-B2632515B766-SegmentedRaftLogWorker: created new log segment /workdir/hadoop-ozone/integration-test/target/test-dir/MiniOzoneClusterImpl-01fd2252-8e02-4c47-9516-e708e74f7f33/datanode-6/data/ratis/62f28ecb-f478-4124-8e5d-b2632515b766/current/log_inprogress_0
2019-09-18 22:20:40,783 [EventQueue-StaleNodeForStaleNodeHandler] INFO  node.StaleNodeHandler (StaleNodeHandler.java:onMessage(58)) - Datanode 59af5fb5-34a0-4f7b-a154-f824d7416d40{ip: 192.168.34.27, host: pr-hdds-2150-pzdq9-4118776691, networkLocation: /default-rack, certSerialId: null} moved to stale state. Finalizing its pipelines [PipelineID=c7a6256d-912c-46f6-b1dd-b9349e310df8, PipelineID=058aa88e-17bb-49d6-a1fb-aeb71d4de366]
2019-09-18 22:20:40,784 [EventQueue-StaleNodeForStaleNodeHandler] INFO  pipeline.SCMPipelineManager (SCMPipelineManager.java:finalizeAndDestroyPipeline(311)) - destroying pipeline:Pipeline[ Id: c7a6256d-912c-46f6-b1dd-b9349e310df8, Nodes: 59af5fb5-34a0-4f7b-a154-f824d7416d40{ip: 192.168.34.27, host: pr-hdds-2150-pzdq9-4118776691, networkLocation: /default-rack, certSerialId: null}, Type:RATIS, Factor:ONE, State:OPEN]
2019-09-18 22:20:40,784 [EventQueue-StaleNodeForStaleNodeHandler] INFO  pipeline.PipelineStateManager (PipelineStateManager.java:finalizePipeline(123)) - Pipeline Pipeline[ Id: c7a6256d-912c-46f6-b1dd-b9349e310df8, Nodes: 59af5fb5-34a0-4f7b-a154-f824d7416d40{ip: 192.168.34.27, host: pr-hdds-2150-pzdq9-4118776691, networkLocation: /default-rack, certSerialId: null}, Type:RATIS, Factor:ONE, State:CLOSED] moved to CLOSED state
2019-09-18 22:20:40,784 [EventQueue-StaleNodeForStaleNodeHandler] INFO  pipeline.SCMPipelineManager (SCMPipelineManager.java:finalizeAndDestroyPipeline(311)) - destroying pipeline:Pipeline[ Id: 058aa88e-17bb-49d6-a1fb-aeb71d4de366, Nodes: 59af5fb5-34a0-4f7b-a154-f824d7416d40{ip: 192.168.34.27, host: pr-hdds-2150-pzdq9-4118776691, networkLocation: /default-rack, certSerialId: null}42b076d1-e769-4d9d-82d9-d0c9a80efb7a{ip: 192.168.34.27, host: pr-hdds-2150-pzdq9-4118776691, networkLocation: /default-rack, certSerialId: null}4b8530e9-6951-4725-b7cd-6ad70f02d4d1{ip: 192.168.34.27, host: pr-hdds-2150-pzdq9-4118776691, networkLocation: /default-rack, certSerialId: null}, Type:RATIS, Factor:THREE, State:OPEN]
2019-09-18 22:20:40,785 [EventQueue-StaleNodeForStaleNodeHandler] INFO  pipeline.PipelineStateManager (PipelineStateManager.java:finalizePipeline(123)) - Pipeline Pipeline[ Id: 058aa88e-17bb-49d6-a1fb-aeb71d4de366, Nodes: 59af5fb5-34a0-4f7b-a154-f824d7416d40{ip: 192.168.34.27, host: pr-hdds-2150-pzdq9-4118776691, networkLocation: /default-rack, certSerialId: null}42b076d1-e769-4d9d-82d9-d0c9a80efb7a{ip: 192.168.34.27, host: pr-hdds-2150-pzdq9-4118776691, networkLocation: /default-rack, certSerialId: null}4b8530e9-6951-4725-b7cd-6ad70f02d4d1{ip: 192.168.34.27, host: pr-hdds-2150-pzdq9-4118776691, networkLocation: /default-rack, certSerialId: null}, Type:RATIS, Factor:THREE, State:CLOSED] moved to CLOSED state
2019-09-18 22:20:40,785 [EventQueue-StaleNodeForStaleNodeHandler] INFO  node.StaleNodeHandler (StaleNodeHandler.java:onMessage(58)) - Datanode 4b8530e9-6951-4725-b7cd-6ad70f02d4d1{ip: 192.168.34.27, host: pr-hdds-2150-pzdq9-4118776691, networkLocation: /default-rack, certSerialId: null} moved to stale state. Finalizing its pipelines [PipelineID=dbd1fbc7-3177-463d-860e-936a806d28b7, PipelineID=058aa88e-17bb-49d6-a1fb-aeb71d4de366]
2019-09-18 22:20:40,785 [EventQueue-StaleNodeForStaleNodeHandler] INFO  pipeline.SCMPipelineManager (SCMPipelineManager.java:finalizeAndDestroyPipeline(311)) - destroying pipeline:Pipeline[ Id: dbd1fbc7-3177-463d-860e-936a806d28b7, Nodes: 4b8530e9-6951-4725-b7cd-6ad70f02d4d1{ip: 192.168.34.27, host: pr-hdds-2150-pzdq9-4118776691, networkLocation: /default-rack, certSerialId: null}, Type:RATIS, Factor:ONE, State:OPEN]
2019-09-18 22:20:40,785 [EventQueue-StaleNodeForStaleNodeHandler] INFO  pipeline.PipelineStateManager (PipelineStateManager.java:finalizePipeline(123)) - Pipeline Pipeline[ Id: dbd1fbc7-3177-463d-860e-936a806d28b7, Nodes: 4b8530e9-6951-4725-b7cd-6ad70f02d4d1{ip: 192.168.34.27, host: pr-hdds-2150-pzdq9-4118776691, networkLocation: /default-rack, certSerialId: null}, Type:RATIS, Factor:ONE, State:CLOSED] moved to CLOSED state
2019-09-18 22:20:40,786 [EventQueue-StaleNodeForStaleNodeHandler] INFO  pipeline.SCMPipelineManager (SCMPipelineManager.java:finalizeAndDestroyPipeline(311)) - destroying pipeline:Pipeline[ Id: 058aa88e-17bb-49d6-a1fb-aeb71d4de366, Nodes: 59af5fb5-34a0-4f7b-a154-f824d7416d40{ip: 192.168.34.27, host: pr-hdds-2150-pzdq9-4118776691, networkLocation: /default-rack, certSerialId: null}42b076d1-e769-4d9d-82d9-d0c9a80efb7a{ip: 192.168.34.27, host: pr-hdds-2150-pzdq9-4118776691, networkLocation: /default-rack, certSerialId: null}4b8530e9-6951-4725-b7cd-6ad70f02d4d1{ip: 192.168.34.27, host: pr-hdds-2150-pzdq9-4118776691, networkLocation: /default-rack, certSerialId: null}, Type:RATIS, Factor:THREE, State:CLOSED]
2019-09-18 22:20:41,361 [grpc-default-executor-0] WARN  server.GrpcLogAppender (LogUtils.java:warn(134)) - 468f5aee-7bc5-4ca2-8f8b-56ef59fd4a1a@group-B2632515B766->546a2746-9018-4225-bb40-7fec1575f77d-AppendLogResponseHandler: Failed appendEntries: org.apache.ratis.thirdparty.io.grpc.StatusRuntimeException: UNAVAILABLE: io exception
2019-09-18 22:20:41,364 [grpc-default-executor-0] INFO  impl.FollowerInfo (FollowerInfo.java:lambda$new$0(51)) - 468f5aee-7bc5-4ca2-8f8b-56ef59fd4a1a@group-B2632515B766->546a2746-9018-4225-bb40-7fec1575f77d: nextIndex: updateUnconditionally 0 -> 0
2019-09-18 22:20:43,407 [ForkJoinPool.commonPool-worker-1] INFO  ozoneimpl.OzoneContainer (OzoneContainer.java:stop(231)) - Attempting to stop container services.
2019-09-18 22:20:43,410 [main] INFO  ozoneimpl.OzoneContainer (OzoneContainer.java:stop(231)) - Attempting to stop container services.
2019-09-18 22:20:43,411 [ForkJoinPool.commonPool-worker-1] INFO  impl.RaftServerProxy (RaftServerProxy.java:lambda$close$4(314)) - 4b8530e9-6951-4725-b7cd-6ad70f02d4d1: close
2019-09-18 22:20:43,411 [main] INFO  impl.RaftServerProxy (RaftServerProxy.java:lambda$close$4(314)) - 59af5fb5-34a0-4f7b-a154-f824d7416d40: close
2019-09-18 22:20:43,411 [ForkJoinPool.commonPool-worker-1] INFO  impl.RaftServerImpl (RaftServerImpl.java:lambda$shutdown$3(251)) - 4b8530e9-6951-4725-b7cd-6ad70f02d4d1@group-936A806D28B7: shutdown
2019-09-18 22:20:43,411 [main] INFO  impl.RaftServerImpl (RaftServerImpl.java:lambda$shutdown$3(251)) - 59af5fb5-34a0-4f7b-a154-f824d7416d40@group-B9349E310DF8: shutdown
2019-09-18 22:20:43,412 [ForkJoinPool.commonPool-worker-1] INFO  util.JmxRegister (JmxRegister.java:unregister(73)) - Successfully un-registered JMX Bean with object name Ratis:service=RaftServer,group=group-936A806D28B7,id=4b8530e9-6951-4725-b7cd-6ad70f02d4d1
2019-09-18 22:20:43,412 [main] INFO  util.JmxRegister (JmxRegister.java:unregister(73)) - Successfully un-registered JMX Bean with object name Ratis:service=RaftServer,group=group-B9349E310DF8,id=59af5fb5-34a0-4f7b-a154-f824d7416d40
2019-09-18 22:20:43,413 [ForkJoinPool.commonPool-worker-1] INFO  impl.RoleInfo (RoleInfo.java:shutdownLeaderState(104)) - 4b8530e9-6951-4725-b7cd-6ad70f02d4d1: shutdown LeaderState
2019-09-18 22:20:43,413 [main] INFO  impl.RoleInfo (RoleInfo.java:shutdownLeaderState(104)) - 59af5fb5-34a0-4f7b-a154-f824d7416d40: shutdown LeaderState
2019-09-18 22:20:43,413 [ForkJoinPool.commonPool-worker-1] INFO  impl.PendingRequests (PendingRequests.java:sendNotLeaderResponses(202)) - 4b8530e9-6951-4725-b7cd-6ad70f02d4d1-PendingRequests: sendNotLeaderResponses
2019-09-18 22:20:43,417 [main] INFO  impl.PendingRequests (PendingRequests.java:sendNotLeaderResponses(202)) - 59af5fb5-34a0-4f7b-a154-f824d7416d40-PendingRequests: sendNotLeaderResponses
2019-09-18 22:20:43,417 [ForkJoinPool.commonPool-worker-1] INFO  impl.StateMachineUpdater (StateMachineUpdater.java:stopAndJoin(125)) - 4b8530e9-6951-4725-b7cd-6ad70f02d4d1@group-936A806D28B7-StateMachineUpdater: set stopIndex = 0
2019-09-18 22:20:43,420 [ForkJoinPool.commonPool-worker-1] INFO  impl.RaftServerImpl (ServerState.java:close(385)) - 4b8530e9-6951-4725-b7cd-6ad70f02d4d1@group-936A806D28B7: closes. applyIndex: 0
2019-09-18 22:20:43,422 [4b8530e9-6951-4725-b7cd-6ad70f02d4d1@group-936A806D28B7-SegmentedRaftLogWorker] INFO  segmented.SegmentedRaftLogWorker (SegmentedRaftLogWorker.java:run(313)) - 4b8530e9-6951-4725-b7cd-6ad70f02d4d1@group-936A806D28B7-SegmentedRaftLogWorker was interrupted, exiting. There are 0 tasks remaining in the queue.
2019-09-18 22:20:43,418 [main] INFO  impl.StateMachineUpdater (StateMachineUpdater.java:stopAndJoin(125)) - 59af5fb5-34a0-4f7b-a154-f824d7416d40@group-B9349E310DF8-StateMachineUpdater: set stopIndex = 0
2019-09-18 22:20:43,426 [ForkJoinPool.commonPool-worker-1] INFO  segmented.SegmentedRaftLogWorker (SegmentedRaftLogWorker.java:close(228)) - 4b8530e9-6951-4725-b7cd-6ad70f02d4d1@group-936A806D28B7-SegmentedRaftLogWorker close()
2019-09-18 22:20:43,427 [main] INFO  impl.RaftServerImpl (ServerState.java:close(385)) - 59af5fb5-34a0-4f7b-a154-f824d7416d40@group-B9349E310DF8: closes. applyIndex: 0
2019-09-18 22:20:43,430 [ForkJoinPool.commonPool-worker-1] INFO  impl.RaftServerImpl (RaftServerImpl.java:lambda$shutdown$3(251)) - 4b8530e9-6951-4725-b7cd-6ad70f02d4d1@group-AEB71D4DE366: shutdown
2019-09-18 22:20:43,430 [59af5fb5-34a0-4f7b-a154-f824d7416d40@group-B9349E310DF8-SegmentedRaftLogWorker] INFO  segmented.SegmentedRaftLogWorker (SegmentedRaftLogWorker.java:run(313)) - 59af5fb5-34a0-4f7b-a154-f824d7416d40@group-B9349E310DF8-SegmentedRaftLogWorker was interrupted, exiting. There are 0 tasks remaining in the queue.
2019-09-18 22:20:43,430 [ForkJoinPool.commonPool-worker-1] INFO  util.JmxRegister (JmxRegister.java:unregister(73)) - Successfully un-registered JMX Bean with object name Ratis:service=RaftServer,group=group-AEB71D4DE366,id=4b8530e9-6951-4725-b7cd-6ad70f02d4d1
2019-09-18 22:20:43,432 [ForkJoinPool.commonPool-worker-1] INFO  impl.RoleInfo (RoleInfo.java:shutdownLeaderState(104)) - 4b8530e9-6951-4725-b7cd-6ad70f02d4d1: shutdown LeaderState
2019-09-18 22:20:43,433 [main] INFO  segmented.SegmentedRaftLogWorker (SegmentedRaftLogWorker.java:close(228)) - 59af5fb5-34a0-4f7b-a154-f824d7416d40@group-B9349E310DF8-SegmentedRaftLogWorker close()
2019-09-18 22:20:43,435 [org.apache.ratis.server.impl.LogAppender$AppenderDaemon$$Lambda$395/475883242@78da3899] WARN  server.GrpcLogAppender (GrpcLogAppender.java:mayWait(143)) - 4b8530e9-6951-4725-b7cd-6ad70f02d4d1@group-AEB71D4DE366->59af5fb5-34a0-4f7b-a154-f824d7416d40-GrpcLogAppender: Wait interrupted by java.lang.InterruptedException
2019-09-18 22:20:43,435 [ForkJoinPool.commonPool-worker-1] INFO  impl.PendingRequests (PendingRequests.java:sendNotLeaderResponses(202)) - 4b8530e9-6951-4725-b7cd-6ad70f02d4d1-PendingRequests: sendNotLeaderResponses
2019-09-18 22:20:43,437 [main] INFO  impl.RaftServerImpl (RaftServerImpl.java:lambda$shutdown$3(251)) - 59af5fb5-34a0-4f7b-a154-f824d7416d40@group-AEB71D4DE366: shutdown
2019-09-18 22:20:43,437 [org.apache.ratis.server.impl.LogAppender$AppenderDaemon$$Lambda$395/475883242@24a170f2] WARN  server.GrpcLogAppender (GrpcLogAppender.java:mayWait(143)) - 4b8530e9-6951-4725-b7cd-6ad70f02d4d1@group-AEB71D4DE366->42b076d1-e769-4d9d-82d9-d0c9a80efb7a-GrpcLogAppender: Wait interrupted by java.lang.InterruptedException
2019-09-18 22:20:43,437 [main] INFO  util.JmxRegister (JmxRegister.java:unregister(73)) - Successfully un-registered JMX Bean with object name Ratis:service=RaftServer,group=group-AEB71D4DE366,id=59af5fb5-34a0-4f7b-a154-f824d7416d40
2019-09-18 22:20:43,439 [main] INFO  impl.RoleInfo (RoleInfo.java:shutdownFollowerState(121)) - 59af5fb5-34a0-4f7b-a154-f824d7416d40: shutdown FollowerState
2019-09-18 22:20:43,437 [ForkJoinPool.commonPool-worker-1] INFO  impl.StateMachineUpdater (StateMachineUpdater.java:stopAndJoin(125)) - 4b8530e9-6951-4725-b7cd-6ad70f02d4d1@group-AEB71D4DE366-StateMachineUpdater: set stopIndex = 0
2019-09-18 22:20:43,440 [main] INFO  impl.StateMachineUpdater (StateMachineUpdater.java:stopAndJoin(125)) - 59af5fb5-34a0-4f7b-a154-f824d7416d40@group-AEB71D4DE366-StateMachineUpdater: set stopIndex = 0
2019-09-18 22:20:43,446 [main] INFO  impl.RaftServerImpl (ServerState.java:close(385)) - 59af5fb5-34a0-4f7b-a154-f824d7416d40@group-AEB71D4DE366: closes. applyIndex: 0
2019-09-18 22:20:43,440 [Thread-296] INFO  impl.FollowerState (FollowerState.java:run(115)) - 59af5fb5-34a0-4f7b-a154-f824d7416d40: FollowerState was interrupted: java.lang.InterruptedException: sleep interrupted
2019-09-18 22:20:43,447 [grpc-default-executor-0] INFO  server.GrpcServerProtocolService (GrpcServerProtocolService.java:onCompleted(113)) - 42b076d1-e769-4d9d-82d9-d0c9a80efb7a: Completed APPEND_ENTRIES, lastRequest: 4b8530e9-6951-4725-b7cd-6ad70f02d4d1->42b076d1-e769-4d9d-82d9-d0c9a80efb7a#2-t1, previous=(t:1, i:0), leaderCommit=0, initializing? false, entries: <empty>
2019-09-18 22:20:43,447 [grpc-default-executor-1] INFO  server.GrpcServerProtocolService (GrpcServerProtocolService.java:onCompleted(113)) - 59af5fb5-34a0-4f7b-a154-f824d7416d40: Completed APPEND_ENTRIES, lastRequest: 4b8530e9-6951-4725-b7cd-6ad70f02d4d1->59af5fb5-34a0-4f7b-a154-f824d7416d40#2-t1, previous=(t:1, i:0), leaderCommit=0, initializing? false, entries: <empty>
2019-09-18 22:20:43,445 [ForkJoinPool.commonPool-worker-1] INFO  impl.RaftServerImpl (ServerState.java:close(385)) - 4b8530e9-6951-4725-b7cd-6ad70f02d4d1@group-AEB71D4DE366: closes. applyIndex: 0
2019-09-18 22:20:43,458 [59af5fb5-34a0-4f7b-a154-f824d7416d40@group-AEB71D4DE366-SegmentedRaftLogWorker] INFO  segmented.SegmentedRaftLogWorker (SegmentedRaftLogWorker.java:run(313)) - 59af5fb5-34a0-4f7b-a154-f824d7416d40@group-AEB71D4DE366-SegmentedRaftLogWorker was interrupted, exiting. There are 0 tasks remaining in the queue.
2019-09-18 22:20:43,459 [4b8530e9-6951-4725-b7cd-6ad70f02d4d1@group-AEB71D4DE366-SegmentedRaftLogWorker] INFO  segmented.SegmentedRaftLogWorker (SegmentedRaftLogWorker.java:run(313)) - 4b8530e9-6951-4725-b7cd-6ad70f02d4d1@group-AEB71D4DE366-SegmentedRaftLogWorker was interrupted, exiting. There are 0 tasks remaining in the queue.
2019-09-18 22:20:43,462 [main] INFO  segmented.SegmentedRaftLogWorker (SegmentedRaftLogWorker.java:close(228)) - 59af5fb5-34a0-4f7b-a154-f824d7416d40@group-AEB71D4DE366-SegmentedRaftLogWorker close()
2019-09-18 22:20:43,464 [ForkJoinPool.commonPool-worker-1] INFO  segmented.SegmentedRaftLogWorker (SegmentedRaftLogWorker.java:close(228)) - 4b8530e9-6951-4725-b7cd-6ad70f02d4d1@group-AEB71D4DE366-SegmentedRaftLogWorker close()
2019-09-18 22:20:43,470 [grpc-default-executor-0] INFO  server.GrpcLogAppender (GrpcLogAppender.java:onCompleted(293)) - 4b8530e9-6951-4725-b7cd-6ad70f02d4d1@group-AEB71D4DE366->59af5fb5-34a0-4f7b-a154-f824d7416d40-AppendLogResponseHandler: follower responses appendEntries COMPLETED
2019-09-18 22:20:43,470 [grpc-default-executor-1] INFO  server.GrpcLogAppender (GrpcLogAppender.java:onCompleted(293)) - 4b8530e9-6951-4725-b7cd-6ad70f02d4d1@group-AEB71D4DE366->42b076d1-e769-4d9d-82d9-d0c9a80efb7a-AppendLogResponseHandler: follower responses appendEntries COMPLETED
2019-09-18 22:20:43,471 [ForkJoinPool.commonPool-worker-1] INFO  server.GrpcService (GrpcService.java:closeImpl(164)) - 4b8530e9-6951-4725-b7cd-6ad70f02d4d1: shutdown server with port 45511 now
2019-09-18 22:20:43,471 [main] INFO  server.GrpcService (GrpcService.java:closeImpl(164)) - 59af5fb5-34a0-4f7b-a154-f824d7416d40: shutdown server with port 46407 now
2019-09-18 22:20:43,475 [ForkJoinPool.commonPool-worker-1] INFO  server.GrpcService (GrpcService.java:closeImpl(172)) - 4b8530e9-6951-4725-b7cd-6ad70f02d4d1: shutdown server with port 45511 successfully
2019-09-18 22:20:43,474 [grpc-default-executor-1] INFO  impl.FollowerInfo (FollowerInfo.java:lambda$new$0(51)) - 4b8530e9-6951-4725-b7cd-6ad70f02d4d1@group-AEB71D4DE366->42b076d1-e769-4d9d-82d9-d0c9a80efb7a: nextIndex: updateUnconditionally 1 -> 0
2019-09-18 22:20:43,474 [grpc-default-executor-0] INFO  impl.FollowerInfo (FollowerInfo.java:lambda$new$0(51)) - 4b8530e9-6951-4725-b7cd-6ad70f02d4d1@group-AEB71D4DE366->59af5fb5-34a0-4f7b-a154-f824d7416d40: nextIndex: updateUnconditionally 1 -> 0
2019-09-18 22:20:43,475 [main] INFO  server.GrpcService (GrpcService.java:closeImpl(172)) - 59af5fb5-34a0-4f7b-a154-f824d7416d40: shutdown server with port 46407 successfully
2019-09-18 22:20:43,476 [refreshUsed-/workdir/hadoop-ozone/integration-test/target/test-dir/MiniOzoneClusterImpl-01fd2252-8e02-4c47-9516-e708e74f7f33/datanode-2/data/containers] WARN  fs.CachingGetSpaceUsed (CachingGetSpaceUsed.java:run(183)) - Thread Interrupted waiting to refresh disk information: sleep interrupted
2019-09-18 22:20:43,479 [refreshUsed-/workdir/hadoop-ozone/integration-test/target/test-dir/MiniOzoneClusterImpl-01fd2252-8e02-4c47-9516-e708e74f7f33/datanode-3/data/containers] WARN  fs.CachingGetSpaceUsed (CachingGetSpaceUsed.java:run(183)) - Thread Interrupted waiting to refresh disk information: sleep interrupted
2019-09-18 22:20:43,499 [ForkJoinPool.commonPool-worker-1] INFO  utils.BackgroundService (BackgroundService.java:shutdown(148)) - Shutting down service BlockDeletingService
2019-09-18 22:20:43,502 [ForkJoinPool.commonPool-worker-1] INFO  statemachine.DatanodeStateMachine (DatanodeStateMachine.java:stopDaemon(395)) - Ozone container server stopped.
2019-09-18 22:20:43,505 [ForkJoinPool.commonPool-worker-1] INFO  handler.ContextHandler (ContextHandler.java:doStop(910)) - Stopped o.e.j.w.WebAppContext@588f63c{/,null,UNAVAILABLE}{/hddsDatanode}
2019-09-18 22:20:43,506 [main] INFO  utils.BackgroundService (BackgroundService.java:shutdown(148)) - Shutting down service BlockDeletingService
2019-09-18 22:20:43,506 [ForkJoinPool.commonPool-worker-1] INFO  server.AbstractConnector (AbstractConnector.java:doStop(318)) - Stopped ServerConnector@5a6fa56e{HTTP/1.1,[http/1.1]}{0.0.0.0:0}
2019-09-18 22:20:43,508 [ForkJoinPool.commonPool-worker-1] INFO  handler.ContextHandler (ContextHandler.java:doStop(910)) - Stopped o.e.j.s.ServletContextHandler@32e54a9d{/static,jar:file:/home/user/.m2/repository/org/apache/hadoop/hadoop-hdds-container-service/0.5.0-SNAPSHOT/hadoop-hdds-container-service-0.5.0-SNAPSHOT.jar!/webapps/static,UNAVAILABLE}
2019-09-18 22:20:43,508 [main] INFO  statemachine.DatanodeStateMachine (DatanodeStateMachine.java:stopDaemon(395)) - Ozone container server stopped.
2019-09-18 22:20:43,509 [ForkJoinPool.commonPool-worker-1] INFO  handler.ContextHandler (ContextHandler.java:doStop(910)) - Stopped o.e.j.s.ServletContextHandler@7100dea{/logs,file:///workdir/hadoop-ozone/integration-test/target/log,UNAVAILABLE}
2019-09-18 22:20:43,510 [main] INFO  handler.ContextHandler (ContextHandler.java:doStop(910)) - Stopped o.e.j.w.WebAppContext@56dfab87{/,null,UNAVAILABLE}{/hddsDatanode}
2019-09-18 22:20:43,511 [main] INFO  server.AbstractConnector (AbstractConnector.java:doStop(318)) - Stopped ServerConnector@715b886f{HTTP/1.1,[http/1.1]}{0.0.0.0:0}
2019-09-18 22:20:43,511 [main] INFO  handler.ContextHandler (ContextHandler.java:doStop(910)) - Stopped o.e.j.s.ServletContextHandler@4c1bdcc2{/static,jar:file:/home/user/.m2/repository/org/apache/hadoop/hadoop-hdds-container-service/0.5.0-SNAPSHOT/hadoop-hdds-container-service-0.5.0-SNAPSHOT.jar!/webapps/static,UNAVAILABLE}
2019-09-18 22:20:43,512 [main] INFO  handler.ContextHandler (ContextHandler.java:doStop(910)) - Stopped o.e.j.s.ServletContextHandler@1305c126{/logs,file:///workdir/hadoop-ozone/integration-test/target/log,UNAVAILABLE}
2019-09-18 22:20:43,873 [grpc-default-executor-2] WARN  server.GrpcLogAppender (LogUtils.java:warn(134)) - 468f5aee-7bc5-4ca2-8f8b-56ef59fd4a1a@group-B2632515B766->546a2746-9018-4225-bb40-7fec1575f77d-AppendLogResponseHandler: Failed appendEntries: org.apache.ratis.thirdparty.io.grpc.StatusRuntimeException: UNAVAILABLE: io exception
2019-09-18 22:20:43,875 [grpc-default-executor-2] INFO  impl.FollowerInfo (FollowerInfo.java:lambda$new$0(51)) - 468f5aee-7bc5-4ca2-8f8b-56ef59fd4a1a@group-B2632515B766->546a2746-9018-4225-bb40-7fec1575f77d: nextIndex: updateUnconditionally 0 -> 0
2019-09-18 22:20:44,000 [Datanode State Machine Thread - 0] INFO  statemachine.DatanodeStateMachine (DatanodeStateMachine.java:lambda$startDaemon$0(350)) - Ozone container server started.
2019-09-18 22:20:44,429 [Datanode State Machine Thread - 0] INFO  statemachine.DatanodeStateMachine (DatanodeStateMachine.java:lambda$startDaemon$0(350)) - Ozone container server started.
2019-09-18 22:20:46,097 [EventQueue-StaleNodeForStaleNodeHandler] INFO  node.StaleNodeHandler (StaleNodeHandler.java:onMessage(58)) - Datanode 2d468804-0a08-4f9c-9a3f-4817d55d4380{ip: 192.168.34.27, host: pr-hdds-2150-pzdq9-4118776691, networkLocation: /default-rack, certSerialId: null} moved to stale state. Finalizing its pipelines [PipelineID=62f28ecb-f478-4124-8e5d-b2632515b766, PipelineID=69980f9a-9741-4529-81f7-4c875f829416]
2019-09-18 22:20:46,097 [EventQueue-StaleNodeForStaleNodeHandler] INFO  pipeline.SCMPipelineManager (SCMPipelineManager.java:finalizeAndDestroyPipeline(311)) - destroying pipeline:Pipeline[ Id: 62f28ecb-f478-4124-8e5d-b2632515b766, Nodes: 2d468804-0a08-4f9c-9a3f-4817d55d4380{ip: 192.168.34.27, host: pr-hdds-2150-pzdq9-4118776691, networkLocation: /default-rack, certSerialId: null}546a2746-9018-4225-bb40-7fec1575f77d{ip: 192.168.34.27, host: pr-hdds-2150-pzdq9-4118776691, networkLocation: /default-rack, certSerialId: null}468f5aee-7bc5-4ca2-8f8b-56ef59fd4a1a{ip: 192.168.34.27, host: pr-hdds-2150-pzdq9-4118776691, networkLocation: /default-rack, certSerialId: null}, Type:RATIS, Factor:THREE, State:CLOSED]
2019-09-18 22:20:46,098 [EventQueue-StaleNodeForStaleNodeHandler] INFO  pipeline.SCMPipelineManager (SCMPipelineManager.java:finalizeAndDestroyPipeline(311)) - destroying pipeline:Pipeline[ Id: 69980f9a-9741-4529-81f7-4c875f829416, Nodes: 2d468804-0a08-4f9c-9a3f-4817d55d4380{ip: 192.168.34.27, host: pr-hdds-2150-pzdq9-4118776691, networkLocation: /default-rack, certSerialId: null}, Type:RATIS, Factor:ONE, State:OPEN]
2019-09-18 22:20:46,098 [EventQueue-StaleNodeForStaleNodeHandler] INFO  pipeline.PipelineStateManager (PipelineStateManager.java:finalizePipeline(123)) - Pipeline Pipeline[ Id: 69980f9a-9741-4529-81f7-4c875f829416, Nodes: 2d468804-0a08-4f9c-9a3f-4817d55d4380{ip: 192.168.34.27, host: pr-hdds-2150-pzdq9-4118776691, networkLocation: /default-rack, certSerialId: null}, Type:RATIS, Factor:ONE, State:CLOSED] moved to CLOSED state
2019-09-18 22:20:46,375 [grpc-default-executor-0] WARN  server.GrpcLogAppender (LogUtils.java:warn(134)) - 468f5aee-7bc5-4ca2-8f8b-56ef59fd4a1a@group-B2632515B766->546a2746-9018-4225-bb40-7fec1575f77d-AppendLogResponseHandler: Failed appendEntries: org.apache.ratis.thirdparty.io.grpc.StatusRuntimeException: UNAVAILABLE: io exception
2019-09-18 22:20:46,378 [grpc-default-executor-0] INFO  impl.FollowerInfo (FollowerInfo.java:lambda$new$0(51)) - 468f5aee-7bc5-4ca2-8f8b-56ef59fd4a1a@group-B2632515B766->546a2746-9018-4225-bb40-7fec1575f77d: nextIndex: updateUnconditionally 0 -> 0
2019-09-18 22:20:46,498 [EventQueue-StaleNodeForStaleNodeHandler] INFO  node.StaleNodeHandler (StaleNodeHandler.java:onMessage(58)) - Datanode 42b076d1-e769-4d9d-82d9-d0c9a80efb7a{ip: 192.168.34.27, host: pr-hdds-2150-pzdq9-4118776691, networkLocation: /default-rack, certSerialId: null} moved to stale state. Finalizing its pipelines [PipelineID=058aa88e-17bb-49d6-a1fb-aeb71d4de366, PipelineID=f0df9091-b58f-4497-869c-220adaaa7ab5]
2019-09-18 22:20:46,498 [EventQueue-StaleNodeForStaleNodeHandler] INFO  pipeline.SCMPipelineManager (SCMPipelineManager.java:finalizeAndDestroyPipeline(311)) - destroying pipeline:Pipeline[ Id: 058aa88e-17bb-49d6-a1fb-aeb71d4de366, Nodes: 59af5fb5-34a0-4f7b-a154-f824d7416d40{ip: 192.168.34.27, host: pr-hdds-2150-pzdq9-4118776691, networkLocation: /default-rack, certSerialId: null}42b076d1-e769-4d9d-82d9-d0c9a80efb7a{ip: 192.168.34.27, host: pr-hdds-2150-pzdq9-4118776691, networkLocation: /default-rack, certSerialId: null}4b8530e9-6951-4725-b7cd-6ad70f02d4d1{ip: 192.168.34.27, host: pr-hdds-2150-pzdq9-4118776691, networkLocation: /default-rack, certSerialId: null}, Type:RATIS, Factor:THREE, State:CLOSED]
2019-09-18 22:20:46,499 [EventQueue-StaleNodeForStaleNodeHandler] INFO  pipeline.SCMPipelineManager (SCMPipelineManager.java:finalizeAndDestroyPipeline(311)) - destroying pipeline:Pipeline[ Id: f0df9091-b58f-4497-869c-220adaaa7ab5, Nodes: 42b076d1-e769-4d9d-82d9-d0c9a80efb7a{ip: 192.168.34.27, host: pr-hdds-2150-pzdq9-4118776691, networkLocation: /default-rack, certSerialId: null}, Type:RATIS, Factor:ONE, State:OPEN]
2019-09-18 22:20:46,499 [EventQueue-StaleNodeForStaleNodeHandler] INFO  pipeline.PipelineStateManager (PipelineStateManager.java:finalizePipeline(123)) - Pipeline Pipeline[ Id: f0df9091-b58f-4497-869c-220adaaa7ab5, Nodes: 42b076d1-e769-4d9d-82d9-d0c9a80efb7a{ip: 192.168.34.27, host: pr-hdds-2150-pzdq9-4118776691, networkLocation: /default-rack, certSerialId: null}, Type:RATIS, Factor:ONE, State:CLOSED] moved to CLOSED state
2019-09-18 22:20:48,511 [ForkJoinPool.commonPool-worker-1] INFO  ozoneimpl.OzoneContainer (OzoneContainer.java:stop(231)) - Attempting to stop container services.
2019-09-18 22:20:48,513 [main] INFO  ozoneimpl.OzoneContainer (OzoneContainer.java:stop(231)) - Attempting to stop container services.
2019-09-18 22:20:48,513 [ForkJoinPool.commonPool-worker-1] INFO  impl.RaftServerProxy (RaftServerProxy.java:lambda$close$4(314)) - 42b076d1-e769-4d9d-82d9-d0c9a80efb7a: close
2019-09-18 22:20:48,513 [main] INFO  impl.RaftServerProxy (RaftServerProxy.java:lambda$close$4(314)) - 2d468804-0a08-4f9c-9a3f-4817d55d4380: close
2019-09-18 22:20:48,513 [ForkJoinPool.commonPool-worker-1] INFO  impl.RaftServerImpl (RaftServerImpl.java:lambda$shutdown$3(251)) - 42b076d1-e769-4d9d-82d9-d0c9a80efb7a@group-AEB71D4DE366: shutdown
2019-09-18 22:20:48,514 [main] INFO  impl.RaftServerImpl (RaftServerImpl.java:lambda$shutdown$3(251)) - 2d468804-0a08-4f9c-9a3f-4817d55d4380@group-B2632515B766: shutdown
2019-09-18 22:20:48,514 [ForkJoinPool.commonPool-worker-1] INFO  util.JmxRegister (JmxRegister.java:unregister(73)) - Successfully un-registered JMX Bean with object name Ratis:service=RaftServer,group=group-AEB71D4DE366,id=42b076d1-e769-4d9d-82d9-d0c9a80efb7a
2019-09-18 22:20:48,514 [main] INFO  util.JmxRegister (JmxRegister.java:unregister(73)) - Successfully un-registered JMX Bean with object name Ratis:service=RaftServer,group=group-B2632515B766,id=2d468804-0a08-4f9c-9a3f-4817d55d4380
2019-09-18 22:20:48,514 [ForkJoinPool.commonPool-worker-1] INFO  impl.RoleInfo (RoleInfo.java:shutdownFollowerState(121)) - 42b076d1-e769-4d9d-82d9-d0c9a80efb7a: shutdown FollowerState
2019-09-18 22:20:48,514 [main] INFO  impl.RoleInfo (RoleInfo.java:shutdownFollowerState(121)) - 2d468804-0a08-4f9c-9a3f-4817d55d4380: shutdown FollowerState
2019-09-18 22:20:48,515 [Thread-295] INFO  impl.FollowerState (FollowerState.java:run(115)) - 42b076d1-e769-4d9d-82d9-d0c9a80efb7a: FollowerState was interrupted: java.lang.InterruptedException: sleep interrupted
2019-09-18 22:20:48,515 [ForkJoinPool.commonPool-worker-1] INFO  impl.StateMachineUpdater (StateMachineUpdater.java:stopAndJoin(125)) - 42b076d1-e769-4d9d-82d9-d0c9a80efb7a@group-AEB71D4DE366-StateMachineUpdater: set stopIndex = 0
2019-09-18 22:20:48,516 [ForkJoinPool.commonPool-worker-1] INFO  impl.RaftServerImpl (ServerState.java:close(385)) - 42b076d1-e769-4d9d-82d9-d0c9a80efb7a@group-AEB71D4DE366: closes. applyIndex: 0
2019-09-18 22:20:48,515 [Thread-307] INFO  impl.FollowerState (FollowerState.java:run(115)) - 2d468804-0a08-4f9c-9a3f-4817d55d4380: FollowerState was interrupted: java.lang.InterruptedException: sleep interrupted
2019-09-18 22:20:48,515 [main] INFO  impl.StateMachineUpdater (StateMachineUpdater.java:stopAndJoin(125)) - 2d468804-0a08-4f9c-9a3f-4817d55d4380@group-B2632515B766-StateMachineUpdater: set stopIndex = 0
2019-09-18 22:20:48,517 [42b076d1-e769-4d9d-82d9-d0c9a80efb7a@group-AEB71D4DE366-SegmentedRaftLogWorker] INFO  segmented.SegmentedRaftLogWorker (SegmentedRaftLogWorker.java:run(313)) - 42b076d1-e769-4d9d-82d9-d0c9a80efb7a@group-AEB71D4DE366-SegmentedRaftLogWorker was interrupted, exiting. There are 0 tasks remaining in the queue.
2019-09-18 22:20:48,518 [main] INFO  impl.RaftServerImpl (ServerState.java:close(385)) - 2d468804-0a08-4f9c-9a3f-4817d55d4380@group-B2632515B766: closes. applyIndex: 0
2019-09-18 22:20:48,521 [ForkJoinPool.commonPool-worker-1] INFO  segmented.SegmentedRaftLogWorker (SegmentedRaftLogWorker.java:close(228)) - 42b076d1-e769-4d9d-82d9-d0c9a80efb7a@group-AEB71D4DE366-SegmentedRaftLogWorker close()
2019-09-18 22:20:48,521 [2d468804-0a08-4f9c-9a3f-4817d55d4380@group-B2632515B766-SegmentedRaftLogWorker] INFO  segmented.SegmentedRaftLogWorker (SegmentedRaftLogWorker.java:run(313)) - 2d468804-0a08-4f9c-9a3f-4817d55d4380@group-B2632515B766-SegmentedRaftLogWorker was interrupted, exiting. There are 0 tasks remaining in the queue.
2019-09-18 22:20:48,523 [ForkJoinPool.commonPool-worker-1] INFO  impl.RaftServerImpl (RaftServerImpl.java:lambda$shutdown$3(251)) - 42b076d1-e769-4d9d-82d9-d0c9a80efb7a@group-220ADAAA7AB5: shutdown
2019-09-18 22:20:48,525 [ForkJoinPool.commonPool-worker-1] INFO  util.JmxRegister (JmxRegister.java:unregister(73)) - Successfully un-registered JMX Bean with object name Ratis:service=RaftServer,group=group-220ADAAA7AB5,id=42b076d1-e769-4d9d-82d9-d0c9a80efb7a
2019-09-18 22:20:48,526 [main] INFO  segmented.SegmentedRaftLogWorker (SegmentedRaftLogWorker.java:close(228)) - 2d468804-0a08-4f9c-9a3f-4817d55d4380@group-B2632515B766-SegmentedRaftLogWorker close()
2019-09-18 22:20:48,526 [ForkJoinPool.commonPool-worker-1] INFO  impl.RoleInfo (RoleInfo.java:shutdownLeaderState(104)) - 42b076d1-e769-4d9d-82d9-d0c9a80efb7a: shutdown LeaderState
2019-09-18 22:20:48,529 [main] INFO  impl.RaftServerImpl (RaftServerImpl.java:lambda$shutdown$3(251)) - 2d468804-0a08-4f9c-9a3f-4817d55d4380@group-4C875F829416: shutdown
2019-09-18 22:20:48,529 [ForkJoinPool.commonPool-worker-1] INFO  impl.PendingRequests (PendingRequests.java:sendNotLeaderResponses(202)) - 42b076d1-e769-4d9d-82d9-d0c9a80efb7a-PendingRequests: sendNotLeaderResponses
2019-09-18 22:20:48,529 [main] INFO  util.JmxRegister (JmxRegister.java:unregister(73)) - Successfully un-registered JMX Bean with object name Ratis:service=RaftServer,group=group-4C875F829416,id=2d468804-0a08-4f9c-9a3f-4817d55d4380
2019-09-18 22:20:48,530 [ForkJoinPool.commonPool-worker-1] INFO  impl.StateMachineUpdater (StateMachineUpdater.java:stopAndJoin(125)) - 42b076d1-e769-4d9d-82d9-d0c9a80efb7a@group-220ADAAA7AB5-StateMachineUpdater: set stopIndex = 0
2019-09-18 22:20:48,530 [ForkJoinPool.commonPool-worker-1] INFO  impl.RaftServerImpl (ServerState.java:close(385)) - 42b076d1-e769-4d9d-82d9-d0c9a80efb7a@group-220ADAAA7AB5: closes. applyIndex: 0
2019-09-18 22:20:48,530 [main] INFO  impl.RoleInfo (RoleInfo.java:shutdownLeaderState(104)) - 2d468804-0a08-4f9c-9a3f-4817d55d4380: shutdown LeaderState
2019-09-18 22:20:48,530 [42b076d1-e769-4d9d-82d9-d0c9a80efb7a@group-220ADAAA7AB5-SegmentedRaftLogWorker] INFO  segmented.SegmentedRaftLogWorker (SegmentedRaftLogWorker.java:run(313)) - 42b076d1-e769-4d9d-82d9-d0c9a80efb7a@group-220ADAAA7AB5-SegmentedRaftLogWorker was interrupted, exiting. There are 0 tasks remaining in the queue.
2019-09-18 22:20:48,531 [main] INFO  impl.PendingRequests (PendingRequests.java:sendNotLeaderResponses(202)) - 2d468804-0a08-4f9c-9a3f-4817d55d4380-PendingRequests: sendNotLeaderResponses
2019-09-18 22:20:48,539 [ForkJoinPool.commonPool-worker-1] INFO  segmented.SegmentedRaftLogWorker (SegmentedRaftLogWorker.java:close(228)) - 42b076d1-e769-4d9d-82d9-d0c9a80efb7a@group-220ADAAA7AB5-SegmentedRaftLogWorker close()
2019-09-18 22:20:48,541 [main] INFO  impl.StateMachineUpdater (StateMachineUpdater.java:stopAndJoin(125)) - 2d468804-0a08-4f9c-9a3f-4817d55d4380@group-4C875F829416-StateMachineUpdater: set stopIndex = 0
2019-09-18 22:20:48,543 [ForkJoinPool.commonPool-worker-1] INFO  server.GrpcService (GrpcService.java:closeImpl(164)) - 42b076d1-e769-4d9d-82d9-d0c9a80efb7a: shutdown server with port 43875 now
2019-09-18 22:20:48,543 [main] INFO  impl.RaftServerImpl (ServerState.java:close(385)) - 2d468804-0a08-4f9c-9a3f-4817d55d4380@group-4C875F829416: closes. applyIndex: 0
2019-09-18 22:20:48,543 [ForkJoinPool.commonPool-worker-1] INFO  server.GrpcService (GrpcService.java:closeImpl(172)) - 42b076d1-e769-4d9d-82d9-d0c9a80efb7a: shutdown server with port 43875 successfully
2019-09-18 22:20:48,544 [2d468804-0a08-4f9c-9a3f-4817d55d4380@group-4C875F829416-SegmentedRaftLogWorker] INFO  segmented.SegmentedRaftLogWorker (SegmentedRaftLogWorker.java:run(313)) - 2d468804-0a08-4f9c-9a3f-4817d55d4380@group-4C875F829416-SegmentedRaftLogWorker was interrupted, exiting. There are 0 tasks remaining in the queue.
2019-09-18 22:20:48,545 [main] INFO  segmented.SegmentedRaftLogWorker (SegmentedRaftLogWorker.java:close(228)) - 2d468804-0a08-4f9c-9a3f-4817d55d4380@group-4C875F829416-SegmentedRaftLogWorker close()
2019-09-18 22:20:48,550 [main] INFO  server.GrpcService (GrpcService.java:closeImpl(164)) - 2d468804-0a08-4f9c-9a3f-4817d55d4380: shutdown server with port 46060 now
2019-09-18 22:20:48,550 [refreshUsed-/workdir/hadoop-ozone/integration-test/target/test-dir/MiniOzoneClusterImpl-01fd2252-8e02-4c47-9516-e708e74f7f33/datanode-0/data/containers] WARN  fs.CachingGetSpaceUsed (CachingGetSpaceUsed.java:run(183)) - Thread Interrupted waiting to refresh disk information: sleep interrupted
2019-09-18 22:20:48,558 [grpc-default-executor-2] WARN  server.GrpcServerProtocolService (LogUtils.java:warn(134)) - 2d468804-0a08-4f9c-9a3f-4817d55d4380: installSnapshot onError, lastRequest: 468f5aee-7bc5-4ca2-8f8b-56ef59fd4a1a->2d468804-0a08-4f9c-9a3f-4817d55d4380#4-t1, previous=(t:1, i:0), leaderCommit=0, initializing? false, entries: <empty>: org.apache.ratis.thirdparty.io.grpc.StatusRuntimeException: CANCELLED: cancelled before receiving half close
2019-09-18 22:20:48,558 [main] INFO  server.GrpcService (GrpcService.java:closeImpl(172)) - 2d468804-0a08-4f9c-9a3f-4817d55d4380: shutdown server with port 46060 successfully
2019-09-18 22:20:48,559 [grpc-default-executor-0] WARN  server.GrpcLogAppender (LogUtils.java:warn(134)) - 468f5aee-7bc5-4ca2-8f8b-56ef59fd4a1a@group-B2632515B766->2d468804-0a08-4f9c-9a3f-4817d55d4380-AppendLogResponseHandler: Failed appendEntries: org.apache.ratis.thirdparty.io.grpc.StatusRuntimeException: CANCELLED: HTTP/2 error code: CANCEL
Received Rst Stream
2019-09-18 22:20:48,561 [grpc-default-executor-0] INFO  impl.FollowerInfo (FollowerInfo.java:lambda$new$0(51)) - 468f5aee-7bc5-4ca2-8f8b-56ef59fd4a1a@group-B2632515B766->2d468804-0a08-4f9c-9a3f-4817d55d4380: nextIndex: updateUnconditionally 1 -> 0
2019-09-18 22:20:48,567 [refreshUsed-/workdir/hadoop-ozone/integration-test/target/test-dir/MiniOzoneClusterImpl-01fd2252-8e02-4c47-9516-e708e74f7f33/datanode-6/data/containers] WARN  fs.CachingGetSpaceUsed (CachingGetSpaceUsed.java:run(183)) - Thread Interrupted waiting to refresh disk information: sleep interrupted
2019-09-18 22:20:48,582 [main] INFO  utils.BackgroundService (BackgroundService.java:shutdown(148)) - Shutting down service BlockDeletingService
2019-09-18 22:20:48,585 [main] INFO  statemachine.DatanodeStateMachine (DatanodeStateMachine.java:stopDaemon(395)) - Ozone container server stopped.
2019-09-18 22:20:48,585 [ForkJoinPool.commonPool-worker-1] INFO  utils.BackgroundService (BackgroundService.java:shutdown(148)) - Shutting down service BlockDeletingService
2019-09-18 22:20:48,587 [main] INFO  handler.ContextHandler (ContextHandler.java:doStop(910)) - Stopped o.e.j.w.WebAppContext@648d0e6d{/,null,UNAVAILABLE}{/hddsDatanode}
2019-09-18 22:20:48,588 [ForkJoinPool.commonPool-worker-1] INFO  statemachine.DatanodeStateMachine (DatanodeStateMachine.java:stopDaemon(395)) - Ozone container server stopped.
2019-09-18 22:20:48,590 [main] INFO  server.AbstractConnector (AbstractConnector.java:doStop(318)) - Stopped ServerConnector@79e66b2f{HTTP/1.1,[http/1.1]}{0.0.0.0:0}
2019-09-18 22:20:48,591 [main] INFO  handler.ContextHandler (ContextHandler.java:doStop(910)) - Stopped o.e.j.s.ServletContextHandler@4437ac07{/static,jar:file:/home/user/.m2/repository/org/apache/hadoop/hadoop-hdds-container-service/0.5.0-SNAPSHOT/hadoop-hdds-container-service-0.5.0-SNAPSHOT.jar!/webapps/static,UNAVAILABLE}
2019-09-18 22:20:48,591 [ForkJoinPool.commonPool-worker-1] INFO  handler.ContextHandler (ContextHandler.java:doStop(910)) - Stopped o.e.j.w.WebAppContext@5df778c3{/,null,UNAVAILABLE}{/hddsDatanode}
2019-09-18 22:20:48,591 [main] INFO  handler.ContextHandler (ContextHandler.java:doStop(910)) - Stopped o.e.j.s.ServletContextHandler@66b59b7d{/logs,file:///workdir/hadoop-ozone/integration-test/target/log,UNAVAILABLE}
2019-09-18 22:20:48,592 [ForkJoinPool.commonPool-worker-1] INFO  server.AbstractConnector (AbstractConnector.java:doStop(318)) - Stopped ServerConnector@895416d{HTTP/1.1,[http/1.1]}{0.0.0.0:0}
2019-09-18 22:20:48,593 [ForkJoinPool.commonPool-worker-1] INFO  handler.ContextHandler (ContextHandler.java:doStop(910)) - Stopped o.e.j.s.ServletContextHandler@6403e24c{/static,jar:file:/home/user/.m2/repository/org/apache/hadoop/hadoop-hdds-container-service/0.5.0-SNAPSHOT/hadoop-hdds-container-service-0.5.0-SNAPSHOT.jar!/webapps/static,UNAVAILABLE}
2019-09-18 22:20:48,594 [ForkJoinPool.commonPool-worker-1] INFO  handler.ContextHandler (ContextHandler.java:doStop(910)) - Stopped o.e.j.s.ServletContextHandler@43045f9f{/logs,file:///workdir/hadoop-ozone/integration-test/target/log,UNAVAILABLE}
2019-09-18 22:20:48,877 [grpc-default-executor-1] WARN  server.GrpcLogAppender (LogUtils.java:warn(134)) - 468f5aee-7bc5-4ca2-8f8b-56ef59fd4a1a@group-B2632515B766->546a2746-9018-4225-bb40-7fec1575f77d-AppendLogResponseHandler: Failed appendEntries: org.apache.ratis.thirdparty.io.grpc.StatusRuntimeException: UNAVAILABLE: io exception
2019-09-18 22:20:48,878 [grpc-default-executor-1] INFO  impl.FollowerInfo (FollowerInfo.java:lambda$new$0(51)) - 468f5aee-7bc5-4ca2-8f8b-56ef59fd4a1a@group-B2632515B766->546a2746-9018-4225-bb40-7fec1575f77d: nextIndex: updateUnconditionally 0 -> 0
2019-09-18 22:20:48,885 [grpc-default-executor-0] WARN  server.GrpcLogAppender (LogUtils.java:warn(134)) - 468f5aee-7bc5-4ca2-8f8b-56ef59fd4a1a@group-B2632515B766->2d468804-0a08-4f9c-9a3f-4817d55d4380-AppendLogResponseHandler: Failed appendEntries: org.apache.ratis.thirdparty.io.grpc.StatusRuntimeException: UNAVAILABLE: io exception
2019-09-18 22:20:48,886 [grpc-default-executor-0] INFO  impl.FollowerInfo (FollowerInfo.java:lambda$new$0(51)) - 468f5aee-7bc5-4ca2-8f8b-56ef59fd4a1a@group-B2632515B766->2d468804-0a08-4f9c-9a3f-4817d55d4380: nextIndex: updateUnconditionally 0 -> 0
2019-09-18 22:20:48,926 [Datanode State Machine Thread - 0] INFO  statemachine.DatanodeStateMachine (DatanodeStateMachine.java:lambda$startDaemon$0(350)) - Ozone container server started.
2019-09-18 22:20:51,005 [EventQueue-StaleNodeForStaleNodeHandler] INFO  node.StaleNodeHandler (StaleNodeHandler.java:onMessage(58)) - Datanode 468f5aee-7bc5-4ca2-8f8b-56ef59fd4a1a{ip: 192.168.34.27, host: pr-hdds-2150-pzdq9-4118776691, networkLocation: /default-rack, certSerialId: null} moved to stale state. Finalizing its pipelines [PipelineID=03a25642-058e-43aa-b5e4-c9818a83df75, PipelineID=62f28ecb-f478-4124-8e5d-b2632515b766]
2019-09-18 22:20:51,006 [EventQueue-StaleNodeForStaleNodeHandler] INFO  pipeline.SCMPipelineManager (SCMPipelineManager.java:finalizeAndDestroyPipeline(311)) - destroying pipeline:Pipeline[ Id: 03a25642-058e-43aa-b5e4-c9818a83df75, Nodes: 468f5aee-7bc5-4ca2-8f8b-56ef59fd4a1a{ip: 192.168.34.27, host: pr-hdds-2150-pzdq9-4118776691, networkLocation: /default-rack, certSerialId: null}, Type:RATIS, Factor:ONE, State:OPEN]
2019-09-18 22:20:51,006 [EventQueue-StaleNodeForStaleNodeHandler] INFO  pipeline.PipelineStateManager (PipelineStateManager.java:finalizePipeline(123)) - Pipeline Pipeline[ Id: 03a25642-058e-43aa-b5e4-c9818a83df75, Nodes: 468f5aee-7bc5-4ca2-8f8b-56ef59fd4a1a{ip: 192.168.34.27, host: pr-hdds-2150-pzdq9-4118776691, networkLocation: /default-rack, certSerialId: null}, Type:RATIS, Factor:ONE, State:CLOSED] moved to CLOSED state
2019-09-18 22:20:51,006 [EventQueue-StaleNodeForStaleNodeHandler] INFO  pipeline.SCMPipelineManager (SCMPipelineManager.java:finalizeAndDestroyPipeline(311)) - destroying pipeline:Pipeline[ Id: 62f28ecb-f478-4124-8e5d-b2632515b766, Nodes: 2d468804-0a08-4f9c-9a3f-4817d55d4380{ip: 192.168.34.27, host: pr-hdds-2150-pzdq9-4118776691, networkLocation: /default-rack, certSerialId: null}546a2746-9018-4225-bb40-7fec1575f77d{ip: 192.168.34.27, host: pr-hdds-2150-pzdq9-4118776691, networkLocation: /default-rack, certSerialId: null}468f5aee-7bc5-4ca2-8f8b-56ef59fd4a1a{ip: 192.168.34.27, host: pr-hdds-2150-pzdq9-4118776691, networkLocation: /default-rack, certSerialId: null}, Type:RATIS, Factor:THREE, State:CLOSED]
2019-09-18 22:20:51,379 [grpc-default-executor-2] WARN  server.GrpcLogAppender (LogUtils.java:warn(134)) - 468f5aee-7bc5-4ca2-8f8b-56ef59fd4a1a@group-B2632515B766->546a2746-9018-4225-bb40-7fec1575f77d-AppendLogResponseHandler: Failed appendEntries: org.apache.ratis.thirdparty.io.grpc.StatusRuntimeException: UNAVAILABLE: io exception
2019-09-18 22:20:51,380 [grpc-default-executor-2] INFO  impl.FollowerInfo (FollowerInfo.java:lambda$new$0(51)) - 468f5aee-7bc5-4ca2-8f8b-56ef59fd4a1a@group-B2632515B766->546a2746-9018-4225-bb40-7fec1575f77d: nextIndex: updateUnconditionally 0 -> 0
2019-09-18 22:20:51,386 [grpc-default-executor-1] WARN  server.GrpcLogAppender (LogUtils.java:warn(134)) - 468f5aee-7bc5-4ca2-8f8b-56ef59fd4a1a@group-B2632515B766->2d468804-0a08-4f9c-9a3f-4817d55d4380-AppendLogResponseHandler: Failed appendEntries: org.apache.ratis.thirdparty.io.grpc.StatusRuntimeException: UNAVAILABLE: io exception
2019-09-18 22:20:51,388 [grpc-default-executor-1] INFO  impl.FollowerInfo (FollowerInfo.java:lambda$new$0(51)) - 468f5aee-7bc5-4ca2-8f8b-56ef59fd4a1a@group-B2632515B766->2d468804-0a08-4f9c-9a3f-4817d55d4380: nextIndex: updateUnconditionally 0 -> 0
2019-09-18 22:20:53,593 [main] INFO  ozoneimpl.OzoneContainer (OzoneContainer.java:stop(231)) - Attempting to stop container services.
2019-09-18 22:20:53,594 [main] INFO  impl.RaftServerProxy (RaftServerProxy.java:lambda$close$4(314)) - 468f5aee-7bc5-4ca2-8f8b-56ef59fd4a1a: close
2019-09-18 22:20:53,595 [main] INFO  impl.RaftServerImpl (RaftServerImpl.java:lambda$shutdown$3(251)) - 468f5aee-7bc5-4ca2-8f8b-56ef59fd4a1a@group-C9818A83DF75: shutdown
2019-09-18 22:20:53,595 [ForkJoinPool.commonPool-worker-0] INFO  impl.RaftServerImpl (RaftServerImpl.java:lambda$shutdown$3(251)) - 468f5aee-7bc5-4ca2-8f8b-56ef59fd4a1a@group-B2632515B766: shutdown
2019-09-18 22:20:53,595 [main] INFO  util.JmxRegister (JmxRegister.java:unregister(73)) - Successfully un-registered JMX Bean with object name Ratis:service=RaftServer,group=group-C9818A83DF75,id=468f5aee-7bc5-4ca2-8f8b-56ef59fd4a1a
2019-09-18 22:20:53,595 [ForkJoinPool.commonPool-worker-0] INFO  util.JmxRegister (JmxRegister.java:unregister(73)) - Successfully un-registered JMX Bean with object name Ratis:service=RaftServer,group=group-B2632515B766,id=468f5aee-7bc5-4ca2-8f8b-56ef59fd4a1a
2019-09-18 22:20:53,595 [main] INFO  impl.RoleInfo (RoleInfo.java:shutdownLeaderState(104)) - 468f5aee-7bc5-4ca2-8f8b-56ef59fd4a1a: shutdown LeaderState
2019-09-18 22:20:53,596 [ForkJoinPool.commonPool-worker-0] INFO  impl.RoleInfo (RoleInfo.java:shutdownLeaderState(104)) - 468f5aee-7bc5-4ca2-8f8b-56ef59fd4a1a: shutdown LeaderState
2019-09-18 22:20:53,596 [main] INFO  impl.PendingRequests (PendingRequests.java:sendNotLeaderResponses(202)) - 468f5aee-7bc5-4ca2-8f8b-56ef59fd4a1a-PendingRequests: sendNotLeaderResponses
2019-09-18 22:20:53,598 [org.apache.ratis.server.impl.LogAppender$AppenderDaemon$$Lambda$395/475883242@6598d220] WARN  server.GrpcLogAppender (GrpcLogAppender.java:mayWait(143)) - 468f5aee-7bc5-4ca2-8f8b-56ef59fd4a1a@group-B2632515B766->546a2746-9018-4225-bb40-7fec1575f77d-GrpcLogAppender: Wait interrupted by java.lang.InterruptedException
2019-09-18 22:20:53,598 [ForkJoinPool.commonPool-worker-0] INFO  impl.PendingRequests (PendingRequests.java:sendNotLeaderResponses(202)) - 468f5aee-7bc5-4ca2-8f8b-56ef59fd4a1a-PendingRequests: sendNotLeaderResponses
2019-09-18 22:20:53,598 [main] INFO  impl.StateMachineUpdater (StateMachineUpdater.java:stopAndJoin(125)) - 468f5aee-7bc5-4ca2-8f8b-56ef59fd4a1a@group-C9818A83DF75-StateMachineUpdater: set stopIndex = 0
2019-09-18 22:20:53,599 [main] INFO  impl.RaftServerImpl (ServerState.java:close(385)) - 468f5aee-7bc5-4ca2-8f8b-56ef59fd4a1a@group-C9818A83DF75: closes. applyIndex: 0
2019-09-18 22:20:53,598 [org.apache.ratis.server.impl.LogAppender$AppenderDaemon$$Lambda$395/475883242@54ec567e] WARN  server.GrpcLogAppender (GrpcLogAppender.java:mayWait(143)) - 468f5aee-7bc5-4ca2-8f8b-56ef59fd4a1a@group-B2632515B766->2d468804-0a08-4f9c-9a3f-4817d55d4380-GrpcLogAppender: Wait interrupted by java.lang.InterruptedException
2019-09-18 22:20:53,598 [ForkJoinPool.commonPool-worker-0] INFO  impl.StateMachineUpdater (StateMachineUpdater.java:stopAndJoin(125)) - 468f5aee-7bc5-4ca2-8f8b-56ef59fd4a1a@group-B2632515B766-StateMachineUpdater: set stopIndex = 0
2019-09-18 22:20:53,599 [468f5aee-7bc5-4ca2-8f8b-56ef59fd4a1a@group-C9818A83DF75-SegmentedRaftLogWorker] INFO  segmented.SegmentedRaftLogWorker (SegmentedRaftLogWorker.java:run(313)) - 468f5aee-7bc5-4ca2-8f8b-56ef59fd4a1a@group-C9818A83DF75-SegmentedRaftLogWorker was interrupted, exiting. There are 0 tasks remaining in the queue.
2019-09-18 22:20:53,599 [ForkJoinPool.commonPool-worker-0] INFO  impl.RaftServerImpl (ServerState.java:close(385)) - 468f5aee-7bc5-4ca2-8f8b-56ef59fd4a1a@group-B2632515B766: closes. applyIndex: 0
2019-09-18 22:20:53,599 [main] INFO  segmented.SegmentedRaftLogWorker (SegmentedRaftLogWorker.java:close(228)) - 468f5aee-7bc5-4ca2-8f8b-56ef59fd4a1a@group-C9818A83DF75-SegmentedRaftLogWorker close()
2019-09-18 22:20:53,600 [468f5aee-7bc5-4ca2-8f8b-56ef59fd4a1a@group-B2632515B766-SegmentedRaftLogWorker] INFO  segmented.SegmentedRaftLogWorker (SegmentedRaftLogWorker.java:run(313)) - 468f5aee-7bc5-4ca2-8f8b-56ef59fd4a1a@group-B2632515B766-SegmentedRaftLogWorker was interrupted, exiting. There are 0 tasks remaining in the queue.
2019-09-18 22:20:53,601 [ForkJoinPool.commonPool-worker-0] INFO  segmented.SegmentedRaftLogWorker (SegmentedRaftLogWorker.java:close(228)) - 468f5aee-7bc5-4ca2-8f8b-56ef59fd4a1a@group-B2632515B766-SegmentedRaftLogWorker close()
2019-09-18 22:20:53,602 [main] INFO  server.GrpcService (GrpcService.java:closeImpl(164)) - 468f5aee-7bc5-4ca2-8f8b-56ef59fd4a1a: shutdown server with port 38986 now
2019-09-18 22:20:53,602 [main] INFO  server.GrpcService (GrpcService.java:closeImpl(172)) - 468f5aee-7bc5-4ca2-8f8b-56ef59fd4a1a: shutdown server with port 38986 successfully
2019-09-18 22:20:53,605 [refreshUsed-/workdir/hadoop-ozone/integration-test/target/test-dir/MiniOzoneClusterImpl-01fd2252-8e02-4c47-9516-e708e74f7f33/datanode-5/data/containers] WARN  fs.CachingGetSpaceUsed (CachingGetSpaceUsed.java:run(183)) - Thread Interrupted waiting to refresh disk information: sleep interrupted
2019-09-18 22:20:53,622 [main] INFO  utils.BackgroundService (BackgroundService.java:shutdown(148)) - Shutting down service BlockDeletingService
2019-09-18 22:20:53,624 [main] INFO  statemachine.DatanodeStateMachine (DatanodeStateMachine.java:stopDaemon(395)) - Ozone container server stopped.
2019-09-18 22:20:53,625 [main] INFO  handler.ContextHandler (ContextHandler.java:doStop(910)) - Stopped o.e.j.w.WebAppContext@64d4f7c7{/,null,UNAVAILABLE}{/hddsDatanode}
2019-09-18 22:20:53,626 [main] INFO  server.AbstractConnector (AbstractConnector.java:doStop(318)) - Stopped ServerConnector@54e02f6a{HTTP/1.1,[http/1.1]}{0.0.0.0:0}
2019-09-18 22:20:53,626 [main] INFO  handler.ContextHandler (ContextHandler.java:doStop(910)) - Stopped o.e.j.s.ServletContextHandler@1352434e{/static,jar:file:/home/user/.m2/repository/org/apache/hadoop/hadoop-hdds-container-service/0.5.0-SNAPSHOT/hadoop-hdds-container-service-0.5.0-SNAPSHOT.jar!/webapps/static,UNAVAILABLE}
2019-09-18 22:20:53,627 [main] INFO  handler.ContextHandler (ContextHandler.java:doStop(910)) - Stopped o.e.j.s.ServletContextHandler@12eedfee{/logs,file:///workdir/hadoop-ozone/integration-test/target/log,UNAVAILABLE}
2019-09-18 22:20:53,627 [main] INFO  ozone.MiniOzoneClusterImpl (MiniOzoneClusterImpl.java:stop(344)) - Stopping the StorageContainerManager
2019-09-18 22:20:53,627 [main] INFO  server.StorageContainerManager (StorageContainerManager.java:stop(801)) - Stopping Replication Manager Service.
2019-09-18 22:20:53,628 [main] INFO  container.ReplicationManager (ReplicationManager.java:stop(203)) - Stopping Replication Monitor Thread.
2019-09-18 22:20:53,628 [main] INFO  server.StorageContainerManager (StorageContainerManager.java:stop(808)) - Stopping Lease Manager of the command watchers
2019-09-18 22:20:53,628 [main] INFO  server.StorageContainerManager (StorageContainerManager.java:stop(815)) - Stopping datanode service RPC server
2019-09-18 22:20:53,628 [main] INFO  server.SCMDatanodeProtocolServer (SCMDatanodeProtocolServer.java:stop(367)) - Stopping the RPC server for DataNodes
2019-09-18 22:20:53,628 [main] INFO  ipc.Server (Server.java:stop(3082)) - Stopping server on 43089
2019-09-18 22:20:53,629 [IPC Server listener on 43089] INFO  ipc.Server (Server.java:run(1185)) - Stopping IPC Server listener on 43089
2019-09-18 22:20:53,630 [IPC Server Responder] INFO  ipc.Server (Server.java:run(1319)) - Stopping IPC Server Responder
2019-09-18 22:20:53,710 [SCM Heartbeat Processing Thread - 0] WARN  node.NodeStateManager (NodeStateManager.java:scheduleNextHealthCheck(646)) - Current Thread is interrupted, shutting down HB processing thread for Node Manager.
2019-09-18 22:20:53,710 [main] INFO  server.StorageContainerManager (StorageContainerManager.java:stop(823)) - Stopping block service RPC server
2019-09-18 22:20:53,710 [main] INFO  server.SCMBlockProtocolServer (SCMBlockProtocolServer.java:stop(155)) - Stopping the RPC server for Block Protocol
2019-09-18 22:20:53,711 [main] INFO  ipc.Server (Server.java:stop(3082)) - Stopping server on 34431
2019-09-18 22:20:53,712 [IPC Server listener on 34431] INFO  ipc.Server (Server.java:run(1185)) - Stopping IPC Server listener on 34431
2019-09-18 22:20:53,712 [main] INFO  server.StorageContainerManager (StorageContainerManager.java:stop(830)) - Stopping the StorageContainerLocationProtocol RPC server
2019-09-18 22:20:53,713 [main] INFO  server.SCMClientProtocolServer (SCMClientProtocolServer.java:stop(159)) - Stopping the RPC server for Client Protocol
2019-09-18 22:20:53,713 [IPC Server Responder] INFO  ipc.Server (Server.java:run(1319)) - Stopping IPC Server Responder
2019-09-18 22:20:53,713 [main] INFO  ipc.Server (Server.java:stop(3082)) - Stopping server on 44766
2019-09-18 22:20:53,715 [IPC Server listener on 44766] INFO  ipc.Server (Server.java:run(1185)) - Stopping IPC Server listener on 44766
2019-09-18 22:20:53,715 [IPC Server Responder] INFO  ipc.Server (Server.java:run(1319)) - Stopping IPC Server Responder
2019-09-18 22:20:53,715 [main] INFO  server.StorageContainerManager (StorageContainerManager.java:stop(837)) - Stopping Storage Container Manager HTTP server.
2019-09-18 22:20:53,716 [main] INFO  handler.ContextHandler (ContextHandler.java:doStop(910)) - Stopped o.e.j.w.WebAppContext@1ac85b0c{/,null,UNAVAILABLE}{/scm}
2019-09-18 22:20:53,716 [main] INFO  server.AbstractConnector (AbstractConnector.java:doStop(318)) - Stopped ServerConnector@544630b7{HTTP/1.1,[http/1.1]}{0.0.0.0:0}
2019-09-18 22:20:53,716 [main] INFO  handler.ContextHandler (ContextHandler.java:doStop(910)) - Stopped o.e.j.s.ServletContextHandler@7cbc3762{/static,file:///workdir/hadoop-ozone/integration-test/target/test-classes/webapps/static,UNAVAILABLE}
2019-09-18 22:20:53,717 [main] INFO  handler.ContextHandler (ContextHandler.java:doStop(910)) - Stopped o.e.j.s.ServletContextHandler@3a393455{/logs,file:///workdir/hadoop-ozone/integration-test/target/log,UNAVAILABLE}
2019-09-18 22:20:53,718 [main] INFO  server.StorageContainerManager (StorageContainerManager.java:stop(848)) - Stopping Block Manager Service.
2019-09-18 22:20:53,718 [main] INFO  utils.BackgroundService (BackgroundService.java:shutdown(148)) - Shutting down service SCMBlockDeletingService
2019-09-18 22:20:53,718 [main] INFO  utils.BackgroundService (BackgroundService.java:shutdown(148)) - Shutting down service SCMBlockDeletingService
2019-09-18 22:20:53,718 [main] INFO  server.StorageContainerManager (StorageContainerManager.java:stop(870)) - Stopping SCM Event Queue.
2019-09-18 22:20:53,724 [main] INFO  impl.MetricsSystemImpl (MetricsSystemImpl.java:stop(210)) - Stopping ratis metrics system...
2019-09-18 22:20:53,731 [prometheus] INFO  impl.MetricsSinkAdapter (MetricsSinkAdapter.java:publishMetricsFromQueue(141)) - prometheus thread interrupted.
2019-09-18 22:20:53,731 [main] INFO  impl.MetricsSystemImpl (MetricsSystemImpl.java:stop(216)) - ratis metrics system stopped.
]]></system-out>
    <system-err><![CDATA[ERROR StatusLogger No Log4j 2 configuration file found. Using default configuration (logging only errors to the console), or user programmatically provided configurations. Set system property 'log4j2.debug' to show Log4j 2 internal initialization logging. See https://logging.apache.org/log4j/2.x/manual/configuration.html for instructions on how to configure Log4j 2
Sep 18, 2019 10:20:48 PM org.apache.ratis.thirdparty.io.grpc.internal.SerializingExecutor run
SEVERE: Exception while executing runnable org.apache.ratis.thirdparty.io.grpc.internal.ServerImpl$JumpToApplicationThreadServerStreamListener$1Closed@65a28a34
org.apache.ratis.thirdparty.io.grpc.StatusRuntimeException: CANCELLED: call already cancelled
	at org.apache.ratis.thirdparty.io.grpc.Status.asRuntimeException(Status.java:517)
	at org.apache.ratis.thirdparty.io.grpc.stub.ServerCalls$ServerCallStreamObserverImpl.onCompleted(ServerCalls.java:356)
	at org.apache.ratis.grpc.server.GrpcServerProtocolService$ServerRequestStreamObserver.onError(GrpcServerProtocolService.java:121)
	at org.apache.ratis.thirdparty.io.grpc.stub.ServerCalls$StreamingServerCallHandler$StreamingServerCallListener.onCancel(ServerCalls.java:269)
	at org.apache.ratis.thirdparty.io.grpc.internal.ServerCallImpl$ServerStreamListenerImpl.closed(ServerCallImpl.java:293)
	at org.apache.ratis.thirdparty.io.grpc.internal.ServerImpl$JumpToApplicationThreadServerStreamListener$1Closed.runInContext(ServerImpl.java:741)
	at org.apache.ratis.thirdparty.io.grpc.internal.ContextRunnable.run(ContextRunnable.java:37)
	at org.apache.ratis.thirdparty.io.grpc.internal.SerializingExecutor.run(SerializingExecutor.java:123)
	at java.util.concurrent.ThreadPoolExecutor.runWorker(ThreadPoolExecutor.java:1149)
	at java.util.concurrent.ThreadPoolExecutor$Worker.run(ThreadPoolExecutor.java:624)
	at java.lang.Thread.run(Thread.java:748)

]]></system-err>
  </testcase>
</testsuite>