<?xml version="1.0" encoding="UTF-8"?>
<testsuite xmlns:xsi="http://www.w3.org/2001/XMLSchema-instance" xsi:noNamespaceSchemaLocation="https://maven.apache.org/surefire/maven-surefire-plugin/xsd/surefire-test-report.xsd" name="org.apache.hadoop.ozone.client.rpc.TestBlockOutputStream" time="602.648" tests="6" errors="0" skipped="0" failures="3">
  <properties>
    <property name="awt.toolkit" value="sun.awt.X11.XToolkit"/>
    <property name="file.encoding.pkg" value="sun.io"/>
    <property name="java.specification.version" value="1.8"/>
    <property name="sun.cpu.isalist" value=""/>
    <property name="sun.jnu.encoding" value="UTF-8"/>
    <property name="java.class.path" value="/workdir/hadoop-ozone/integration-test/target/test-classes:/workdir/hadoop-ozone/integration-test/target/classes:/home/user/.m2/repository/org/apache/hadoop/hadoop-ozone-common/0.5.0-SNAPSHOT/hadoop-ozone-common-0.5.0-SNAPSHOT.jar:/home/user/.m2/repository/org/apache/commons/commons-compress/1.4.1/commons-compress-1.4.1.jar:/home/user/.m2/repository/org/tukaani/xz/1.0/xz-1.0.jar:/home/user/.m2/repository/org/apache/hadoop/hadoop-common/3.2.0/hadoop-common-3.2.0.jar:/home/user/.m2/repository/org/apache/hadoop/hadoop-hdfs/3.2.0/hadoop-hdfs-3.2.0.jar:/home/user/.m2/repository/org/apache/hadoop/hadoop-hdfs-client/3.2.0/hadoop-hdfs-client-3.2.0.jar:/home/user/.m2/repository/com/fasterxml/jackson/core/jackson-annotations/2.9.5/jackson-annotations-2.9.5.jar:/home/user/.m2/repository/org/apache/hadoop/hadoop-hdds-common/0.5.0-SNAPSHOT/hadoop-hdds-common-0.5.0-SNAPSHOT.jar:/home/user/.m2/repository/javax/annotation/javax.annotation-api/1.2/javax.annotation-api-1.2.jar:/home/user/.m2/repository/org/apache/ratis/ratis-server/0.4.0-78e95b9-SNAPSHOT/ratis-server-0.4.0-78e95b9-SNAPSHOT.jar:/home/user/.m2/repository/org/apache/ratis/ratis-thirdparty-misc/0.2.0/ratis-thirdparty-misc-0.2.0.jar:/home/user/.m2/repository/org/apache/ratis/ratis-proto/0.4.0-78e95b9-SNAPSHOT/ratis-proto-0.4.0-78e95b9-SNAPSHOT.jar:/home/user/.m2/repository/org/apache/ratis/ratis-common/0.4.0-78e95b9-SNAPSHOT/ratis-common-0.4.0-78e95b9-SNAPSHOT.jar:/home/user/.m2/repository/org/apache/ratis/ratis-client/0.4.0-78e95b9-SNAPSHOT/ratis-client-0.4.0-78e95b9-SNAPSHOT.jar:/home/user/.m2/repository/org/apache/ratis/ratis-metrics/0.4.0-78e95b9-SNAPSHOT/ratis-metrics-0.4.0-78e95b9-SNAPSHOT.jar:/home/user/.m2/repository/com/github/joshelser/dropwizard-metrics-hadoop-metrics2-reporter/0.1.2/dropwizard-metrics-hadoop-metrics2-reporter-0.1.2.jar:/home/user/.m2/repository/io/dropwizard/metrics/metrics-jvm/3.2.5/metrics-jvm-3.2.5.jar:/home/user/.m2/repository/io/dropwizard/metrics/metrics-ganglia/3.2.5/metrics-ganglia-3.2.5.jar:/home/user/.m2/repository/info/ganglia/gmetric4j/gmetric4j/1.0.7/gmetric4j-1.0.7.jar:/home/user/.m2/repository/org/apache/ratis/ratis-netty/0.4.0-78e95b9-SNAPSHOT/ratis-netty-0.4.0-78e95b9-SNAPSHOT.jar:/home/user/.m2/repository/org/apache/ratis/ratis-grpc/0.4.0-78e95b9-SNAPSHOT/ratis-grpc-0.4.0-78e95b9-SNAPSHOT.jar:/home/user/.m2/repository/org/rocksdb/rocksdbjni/6.0.1/rocksdbjni-6.0.1.jar:/home/user/.m2/repository/org/apache/logging/log4j/log4j-api/2.11.0/log4j-api-2.11.0.jar:/home/user/.m2/repository/org/apache/logging/log4j/log4j-core/2.11.0/log4j-core-2.11.0.jar:/home/user/.m2/repository/com/lmax/disruptor/3.4.2/disruptor-3.4.2.jar:/home/user/.m2/repository/org/apache/commons/commons-pool2/2.6.0/commons-pool2-2.6.0.jar:/home/user/.m2/repository/org/bouncycastle/bcpkix-jdk15on/1.60/bcpkix-jdk15on-1.60.jar:/home/user/.m2/repository/commons-validator/commons-validator/1.6/commons-validator-1.6.jar:/home/user/.m2/repository/commons-digester/commons-digester/1.8.1/commons-digester-1.8.1.jar:/home/user/.m2/repository/io/jaegertracing/jaeger-client/0.33.1/jaeger-client-0.33.1.jar:/home/user/.m2/repository/io/jaegertracing/jaeger-thrift/0.33.1/jaeger-thrift-0.33.1.jar:/home/user/.m2/repository/org/apache/thrift/libthrift/0.11.0/libthrift-0.11.0.jar:/home/user/.m2/repository/com/squareup/okhttp3/okhttp/3.9.0/okhttp-3.9.0.jar:/home/user/.m2/repository/com/squareup/okio/okio/1.13.0/okio-1.13.0.jar:/home/user/.m2/repository/io/jaegertracing/jaeger-core/0.33.1/jaeger-core-0.33.1.jar:/home/user/.m2/repository/io/jaegertracing/jaeger-tracerresolver/0.33.1/jaeger-tracerresolver-0.33.1.jar:/home/user/.m2/repository/io/opentracing/contrib/opentracing-tracerresolver/0.1.5/opentracing-tracerresolver-0.1.5.jar:/home/user/.m2/repository/io/opentracing/opentracing-util/0.31.0/opentracing-util-0.31.0.jar:/home/user/.m2/repository/io/opentracing/opentracing-api/0.31.0/opentracing-api-0.31.0.jar:/home/user/.m2/repository/io/opentracing/opentracing-noop/0.31.0/opentracing-noop-0.31.0.jar:/home/user/.m2/repository/org/apache/hadoop/hadoop-hdds-server-framework/0.5.0-SNAPSHOT/hadoop-hdds-server-framework-0.5.0-SNAPSHOT.jar:/home/user/.m2/repository/org/apache/hadoop/hadoop-hdds-container-service/0.5.0-SNAPSHOT/hadoop-hdds-container-service-0.5.0-SNAPSHOT.jar:/home/user/.m2/repository/org/apache/hadoop/hadoop-hdds-client/0.5.0-SNAPSHOT/hadoop-hdds-client-0.5.0-SNAPSHOT.jar:/home/user/.m2/repository/org/apache/hadoop/hadoop-hdds-tools/0.5.0-SNAPSHOT/hadoop-hdds-tools-0.5.0-SNAPSHOT.jar:/home/user/.m2/repository/org/apache/hadoop/hadoop-hdds-server-scm/0.5.0-SNAPSHOT/hadoop-hdds-server-scm-0.5.0-SNAPSHOT.jar:/home/user/.m2/repository/org/apache/hadoop/hadoop-hdds-docs/0.5.0-SNAPSHOT/hadoop-hdds-docs-0.5.0-SNAPSHOT.jar:/home/user/.m2/repository/io/dropwizard/metrics/metrics-core/3.2.4/metrics-core-3.2.4.jar:/home/user/.m2/repository/org/hamcrest/hamcrest-all/1.3/hamcrest-all-1.3.jar:/home/user/.m2/repository/org/bouncycastle/bcprov-jdk15on/1.60/bcprov-jdk15on-1.60.jar:/home/user/.m2/repository/info/picocli/picocli/3.9.6/picocli-3.9.6.jar:/home/user/.m2/repository/com/google/protobuf/protobuf-java/2.5.0/protobuf-java-2.5.0.jar:/home/user/.m2/repository/com/google/guava/guava/11.0.2/guava-11.0.2.jar:/home/user/.m2/repository/org/apache/hadoop/hadoop-ozone-ozone-manager/0.5.0-SNAPSHOT/hadoop-ozone-ozone-manager-0.5.0-SNAPSHOT.jar:/home/user/.m2/repository/org/apache/hadoop/hadoop-minikdc/3.2.0/hadoop-minikdc-3.2.0.jar:/home/user/.m2/repository/commons-io/commons-io/2.5/commons-io-2.5.jar:/home/user/.m2/repository/org/apache/kerby/kerb-simplekdc/1.0.1/kerb-simplekdc-1.0.1.jar:/home/user/.m2/repository/org/apache/kerby/kerb-client/1.0.1/kerb-client-1.0.1.jar:/home/user/.m2/repository/org/apache/kerby/kerby-config/1.0.1/kerby-config-1.0.1.jar:/home/user/.m2/repository/org/apache/kerby/kerb-core/1.0.1/kerb-core-1.0.1.jar:/home/user/.m2/repository/org/apache/kerby/kerby-pkix/1.0.1/kerby-pkix-1.0.1.jar:/home/user/.m2/repository/org/apache/kerby/kerby-asn1/1.0.1/kerby-asn1-1.0.1.jar:/home/user/.m2/repository/org/apache/kerby/kerby-util/1.0.1/kerby-util-1.0.1.jar:/home/user/.m2/repository/org/apache/kerby/kerb-common/1.0.1/kerb-common-1.0.1.jar:/home/user/.m2/repository/org/apache/kerby/kerb-crypto/1.0.1/kerb-crypto-1.0.1.jar:/home/user/.m2/repository/org/apache/kerby/kerb-util/1.0.1/kerb-util-1.0.1.jar:/home/user/.m2/repository/org/apache/kerby/token-provider/1.0.1/token-provider-1.0.1.jar:/home/user/.m2/repository/org/apache/kerby/kerb-admin/1.0.1/kerb-admin-1.0.1.jar:/home/user/.m2/repository/org/apache/kerby/kerb-server/1.0.1/kerb-server-1.0.1.jar:/home/user/.m2/repository/org/apache/kerby/kerb-identity/1.0.1/kerb-identity-1.0.1.jar:/home/user/.m2/repository/org/apache/kerby/kerby-xdr/1.0.1/kerby-xdr-1.0.1.jar:/home/user/.m2/repository/org/slf4j/slf4j-log4j12/1.7.25/slf4j-log4j12-1.7.25.jar:/home/user/.m2/repository/org/apache/hadoop/hadoop-ozone-s3gateway/0.5.0-SNAPSHOT/hadoop-ozone-s3gateway-0.5.0-SNAPSHOT.jar:/home/user/.m2/repository/org/jboss/weld/servlet/weld-servlet/2.4.7.Final/weld-servlet-2.4.7.Final.jar:/home/user/.m2/repository/org/glassfish/jersey/containers/jersey-container-servlet-core/2.27/jersey-container-servlet-core-2.27.jar:/home/user/.m2/repository/org/glassfish/hk2/external/javax.inject/2.5.0-b42/javax.inject-2.5.0-b42.jar:/home/user/.m2/repository/org/glassfish/jersey/core/jersey-common/2.27/jersey-common-2.27.jar:/home/user/.m2/repository/org/glassfish/hk2/osgi-resource-locator/1.0.1/osgi-resource-locator-1.0.1.jar:/home/user/.m2/repository/javax/ws/rs/javax.ws.rs-api/2.1/javax.ws.rs-api-2.1.jar:/home/user/.m2/repository/org/glassfish/jersey/ext/cdi/jersey-cdi1x/2.27/jersey-cdi1x-2.27.jar:/home/user/.m2/repository/org/glassfish/jersey/inject/jersey-hk2/2.27/jersey-hk2-2.27.jar:/home/user/.m2/repository/org/glassfish/hk2/hk2-locator/2.5.0-b42/hk2-locator-2.5.0-b42.jar:/home/user/.m2/repository/org/javassist/javassist/3.22.0-CR2/javassist-3.22.0-CR2.jar:/home/user/.m2/repository/org/glassfish/hk2/hk2-api/2.5.0/hk2-api-2.5.0.jar:/home/user/.m2/repository/org/glassfish/hk2/external/jakarta.inject/2.5.0/jakarta.inject-2.5.0.jar:/home/user/.m2/repository/org/glassfish/hk2/hk2-utils/2.5.0/hk2-utils-2.5.0.jar:/home/user/.m2/repository/jakarta/annotation/jakarta.annotation-api/1.3.4/jakarta.annotation-api-1.3.4.jar:/home/user/.m2/repository/org/glassfish/hk2/external/aopalliance-repackaged/2.5.0/aopalliance-repackaged-2.5.0.jar:/home/user/.m2/repository/com/fasterxml/jackson/dataformat/jackson-dataformat-xml/2.9.0/jackson-dataformat-xml-2.9.0.jar:/home/user/.m2/repository/com/fasterxml/jackson/core/jackson-core/2.9.5/jackson-core-2.9.5.jar:/home/user/.m2/repository/com/fasterxml/jackson/module/jackson-module-jaxb-annotations/2.9.5/jackson-module-jaxb-annotations-2.9.5.jar:/home/user/.m2/repository/javax/enterprise/cdi-api/1.2/cdi-api-1.2.jar:/home/user/.m2/repository/javax/el/javax.el-api/3.0.0/javax.el-api-3.0.0.jar:/home/user/.m2/repository/javax/interceptor/javax.interceptor-api/1.2/javax.interceptor-api-1.2.jar:/home/user/.m2/repository/javax/inject/javax.inject/1/javax.inject-1.jar:/home/user/.m2/repository/com/sun/xml/bind/jaxb-impl/2.3.0.1/jaxb-impl-2.3.0.1.jar:/home/user/.m2/repository/com/sun/xml/bind/jaxb-core/2.3.0.1/jaxb-core-2.3.0.1.jar:/home/user/.m2/repository/javax/xml/bind/jaxb-api/2.3.0/jaxb-api-2.3.0.jar:/home/user/.m2/repository/javax/activation/activation/1.1.1/activation-1.1.1.jar:/home/user/.m2/repository/org/apache/hadoop/hadoop-ozone-csi/0.5.0-SNAPSHOT/hadoop-ozone-csi-0.5.0-SNAPSHOT.jar:/home/user/.m2/repository/com/google/protobuf/protobuf-java-util/3.5.1/protobuf-java-util-3.5.1.jar:/home/user/.m2/repository/org/apache/hadoop/hadoop-hdds-config/0.5.0-SNAPSHOT/hadoop-hdds-config-0.5.0-SNAPSHOT.jar:/home/user/.m2/repository/io/grpc/grpc-netty/1.17.1/grpc-netty-1.17.1.jar:/home/user/.m2/repository/io/grpc/grpc-core/1.17.1/grpc-core-1.17.1.jar:/home/user/.m2/repository/io/grpc/grpc-context/1.17.1/grpc-context-1.17.1.jar:/home/user/.m2/repository/com/google/errorprone/error_prone_annotations/2.2.0/error_prone_annotations-2.2.0.jar:/home/user/.m2/repository/org/codehaus/mojo/animal-sniffer-annotations/1.17/animal-sniffer-annotations-1.17.jar:/home/user/.m2/repository/io/opencensus/opencensus-api/0.17.0/opencensus-api-0.17.0.jar:/home/user/.m2/repository/io/opencensus/opencensus-contrib-grpc-metrics/0.17.0/opencensus-contrib-grpc-metrics-0.17.0.jar:/home/user/.m2/repository/io/netty/netty-codec-http2/4.1.30.Final/netty-codec-http2-4.1.30.Final.jar:/home/user/.m2/repository/io/netty/netty-codec-http/4.1.30.Final/netty-codec-http-4.1.30.Final.jar:/home/user/.m2/repository/io/netty/netty-codec/4.1.30.Final/netty-codec-4.1.30.Final.jar:/home/user/.m2/repository/io/netty/netty-handler/4.1.30.Final/netty-handler-4.1.30.Final.jar:/home/user/.m2/repository/io/netty/netty-handler-proxy/4.1.30.Final/netty-handler-proxy-4.1.30.Final.jar:/home/user/.m2/repository/io/netty/netty-codec-socks/4.1.30.Final/netty-codec-socks-4.1.30.Final.jar:/home/user/.m2/repository/io/netty/netty-transport-native-epoll/4.1.30.Final/netty-transport-native-epoll-4.1.30.Final.jar:/home/user/.m2/repository/io/netty/netty-common/4.1.30.Final/netty-common-4.1.30.Final.jar:/home/user/.m2/repository/io/netty/netty-buffer/4.1.30.Final/netty-buffer-4.1.30.Final.jar:/home/user/.m2/repository/io/netty/netty-transport/4.1.30.Final/netty-transport-4.1.30.Final.jar:/home/user/.m2/repository/io/netty/netty-resolver/4.1.30.Final/netty-resolver-4.1.30.Final.jar:/home/user/.m2/repository/io/netty/netty-transport-native-unix-common/4.1.30.Final/netty-transport-native-unix-common-4.1.30.Final.jar:/home/user/.m2/repository/io/grpc/grpc-protobuf/1.17.1/grpc-protobuf-1.17.1.jar:/home/user/.m2/repository/com/google/api/grpc/proto-google-common-protos/1.0.0/proto-google-common-protos-1.0.0.jar:/home/user/.m2/repository/io/grpc/grpc-protobuf-lite/1.17.1/grpc-protobuf-lite-1.17.1.jar:/home/user/.m2/repository/io/grpc/grpc-stub/1.17.1/grpc-stub-1.17.1.jar:/home/user/.m2/repository/org/apache/hadoop/hadoop-ozone-recon/0.5.0-SNAPSHOT/hadoop-ozone-recon-0.5.0-SNAPSHOT.jar:/home/user/.m2/repository/org/apache/hadoop/hadoop-ozone-reconcodegen/0.5.0-SNAPSHOT/hadoop-ozone-reconcodegen-0.5.0-SNAPSHOT.jar:/home/user/.m2/repository/com/google/inject/extensions/guice-multibindings/4.0/guice-multibindings-4.0.jar:/home/user/.m2/repository/com/google/inject/guice/4.0/guice-4.0.jar:/home/user/.m2/repository/aopalliance/aopalliance/1.0/aopalliance-1.0.jar:/home/user/.m2/repository/com/google/inject/extensions/guice-servlet/4.0/guice-servlet-4.0.jar:/home/user/.m2/repository/org/glassfish/jersey/containers/jersey-container-servlet/2.27/jersey-container-servlet-2.27.jar:/home/user/.m2/repository/org/glassfish/hk2/guice-bridge/2.5.0/guice-bridge-2.5.0.jar:/home/user/.m2/repository/org/glassfish/jersey/core/jersey-server/2.27/jersey-server-2.27.jar:/home/user/.m2/repository/org/glassfish/jersey/core/jersey-client/2.27/jersey-client-2.27.jar:/home/user/.m2/repository/org/glassfish/jersey/media/jersey-media-jaxb/2.27/jersey-media-jaxb-2.27.jar:/home/user/.m2/repository/javax/validation/validation-api/1.1.0.Final/validation-api-1.1.0.Final.jar:/home/user/.m2/repository/org/glassfish/jersey/media/jersey-media-json-jackson/2.27/jersey-media-json-jackson-2.27.jar:/home/user/.m2/repository/org/glassfish/jersey/ext/jersey-entity-filtering/2.27/jersey-entity-filtering-2.27.jar:/home/user/.m2/repository/com/google/inject/extensions/guice-assistedinject/4.0/guice-assistedinject-4.0.jar:/home/user/.m2/repository/org/jooq/jooq/3.11.10/jooq-3.11.10.jar:/home/user/.m2/repository/org/jooq/jooq-meta/3.11.10/jooq-meta-3.11.10.jar:/home/user/.m2/repository/org/jooq/jooq-codegen/3.11.10/jooq-codegen-3.11.10.jar:/home/user/.m2/repository/com/jolbox/bonecp/0.8.0.RELEASE/bonecp-0.8.0.RELEASE.jar:/home/user/.m2/repository/org/xerial/sqlite-jdbc/3.25.2/sqlite-jdbc-3.25.2.jar:/home/user/.m2/repository/org/springframework/spring-jdbc/5.1.3.RELEASE/spring-jdbc-5.1.3.RELEASE.jar:/home/user/.m2/repository/org/springframework/spring-beans/5.1.3.RELEASE/spring-beans-5.1.3.RELEASE.jar:/home/user/.m2/repository/org/springframework/spring-core/5.1.3.RELEASE/spring-core-5.1.3.RELEASE.jar:/home/user/.m2/repository/org/springframework/spring-jcl/5.1.3.RELEASE/spring-jcl-5.1.3.RELEASE.jar:/home/user/.m2/repository/org/springframework/spring-tx/5.1.3.RELEASE/spring-tx-5.1.3.RELEASE.jar:/home/user/.m2/repository/org/apache/hadoop/hadoop-ozone-client/0.5.0-SNAPSHOT/hadoop-ozone-client-0.5.0-SNAPSHOT.jar:/home/user/.m2/repository/commons-lang/commons-lang/2.6/commons-lang-2.6.jar:/home/user/.m2/repository/org/apache/hadoop/hadoop-ozone-ozone-manager/0.5.0-SNAPSHOT/hadoop-ozone-ozone-manager-0.5.0-SNAPSHOT-tests.jar:/home/user/.m2/repository/junit/junit/4.11/junit-4.11.jar:/home/user/.m2/repository/org/hamcrest/hamcrest-core/1.3/hamcrest-core-1.3.jar:/home/user/.m2/repository/org/openjdk/jmh/jmh-core/1.19/jmh-core-1.19.jar:/home/user/.m2/repository/net/sf/jopt-simple/jopt-simple/4.6/jopt-simple-4.6.jar:/home/user/.m2/repository/org/apache/commons/commons-math3/3.1.1/commons-math3-3.1.1.jar:/home/user/.m2/repository/org/openjdk/jmh/jmh-generator-annprocess/1.19/jmh-generator-annprocess-1.19.jar:/home/user/.m2/repository/org/mockito/mockito-all/1.8.5/mockito-all-1.8.5.jar:/home/user/.m2/repository/org/apache/hadoop/hadoop-kms/3.2.0/hadoop-kms-3.2.0.jar:/home/user/.m2/repository/org/apache/hadoop/hadoop-auth/3.2.0/hadoop-auth-3.2.0.jar:/home/user/.m2/repository/com/nimbusds/nimbus-jose-jwt/4.41.1/nimbus-jose-jwt-4.41.1.jar:/home/user/.m2/repository/com/github/stephenc/jcip/jcip-annotations/1.0-1/jcip-annotations-1.0-1.jar:/home/user/.m2/repository/net/minidev/json-smart/2.3/json-smart-2.3.jar:/home/user/.m2/repository/net/minidev/accessors-smart/1.2/accessors-smart-1.2.jar:/home/user/.m2/repository/org/ow2/asm/asm/5.0.4/asm-5.0.4.jar:/home/user/.m2/repository/org/apache/curator/curator-framework/2.12.0/curator-framework-2.12.0.jar:/home/user/.m2/repository/com/sun/jersey/jersey-core/1.19/jersey-core-1.19.jar:/home/user/.m2/repository/javax/ws/rs/jsr311-api/1.1.1/jsr311-api-1.1.1.jar:/home/user/.m2/repository/com/sun/jersey/jersey-server/1.19/jersey-server-1.19.jar:/home/user/.m2/repository/javax/servlet/javax.servlet-api/3.1.0/javax.servlet-api-3.1.0.jar:/home/user/.m2/repository/org/eclipse/jetty/jetty-server/9.3.24.v20180605/jetty-server-9.3.24.v20180605.jar:/home/user/.m2/repository/org/eclipse/jetty/jetty-http/9.3.24.v20180605/jetty-http-9.3.24.v20180605.jar:/home/user/.m2/repository/org/eclipse/jetty/jetty-io/9.3.24.v20180605/jetty-io-9.3.24.v20180605.jar:/home/user/.m2/repository/org/eclipse/jetty/jetty-webapp/9.3.24.v20180605/jetty-webapp-9.3.24.v20180605.jar:/home/user/.m2/repository/org/eclipse/jetty/jetty-xml/9.3.24.v20180605/jetty-xml-9.3.24.v20180605.jar:/home/user/.m2/repository/log4j/log4j/1.2.17/log4j-1.2.17.jar:/home/user/.m2/repository/org/slf4j/slf4j-api/1.7.25/slf4j-api-1.7.25.jar:/home/user/.m2/repository/org/slf4j/jul-to-slf4j/1.7.25/jul-to-slf4j-1.7.25.jar:/home/user/.m2/repository/org/eclipse/jetty/jetty-util/9.3.24.v20180605/jetty-util-9.3.24.v20180605.jar:/home/user/.m2/repository/com/fasterxml/jackson/core/jackson-databind/2.9.5/jackson-databind-2.9.5.jar:/home/user/.m2/repository/org/apache/hadoop/hadoop-kms/3.2.0/hadoop-kms-3.2.0-tests.jar:/home/user/.m2/repository/org/apache/hadoop/hadoop-hdds-server-scm/0.5.0-SNAPSHOT/hadoop-hdds-server-scm-0.5.0-SNAPSHOT-tests.jar:/home/user/.m2/repository/org/apache/hadoop/hadoop-hdds-container-service/0.5.0-SNAPSHOT/hadoop-hdds-container-service-0.5.0-SNAPSHOT-tests.jar:/home/user/.m2/repository/org/yaml/snakeyaml/1.16/snakeyaml-1.16.jar:/home/user/.m2/repository/org/apache/hadoop/hadoop-common/3.2.0/hadoop-common-3.2.0-tests.jar:/home/user/.m2/repository/org/apache/hadoop/hadoop-annotations/3.2.0/hadoop-annotations-3.2.0.jar:/usr/lib/jvm/java-1.8-openjdk/jre/../lib/tools.jar:/home/user/.m2/repository/commons-cli/commons-cli/1.2/commons-cli-1.2.jar:/home/user/.m2/repository/org/apache/httpcomponents/httpclient/4.5.2/httpclient-4.5.2.jar:/home/user/.m2/repository/org/apache/httpcomponents/httpcore/4.4.4/httpcore-4.4.4.jar:/home/user/.m2/repository/commons-codec/commons-codec/1.11/commons-codec-1.11.jar:/home/user/.m2/repository/commons-net/commons-net/3.6/commons-net-3.6.jar:/home/user/.m2/repository/commons-collections/commons-collections/3.2.2/commons-collections-3.2.2.jar:/home/user/.m2/repository/org/eclipse/jetty/jetty-servlet/9.3.24.v20180605/jetty-servlet-9.3.24.v20180605.jar:/home/user/.m2/repository/org/eclipse/jetty/jetty-security/9.3.24.v20180605/jetty-security-9.3.24.v20180605.jar:/home/user/.m2/repository/javax/servlet/jsp/jsp-api/2.1/jsp-api-2.1.jar:/home/user/.m2/repository/com/sun/jersey/jersey-servlet/1.19/jersey-servlet-1.19.jar:/home/user/.m2/repository/com/sun/jersey/jersey-json/1.19/jersey-json-1.19.jar:/home/user/.m2/repository/org/codehaus/jettison/jettison/1.1/jettison-1.1.jar:/home/user/.m2/repository/org/codehaus/jackson/jackson-core-asl/1.9.13/jackson-core-asl-1.9.13.jar:/home/user/.m2/repository/org/codehaus/jackson/jackson-mapper-asl/1.9.13/jackson-mapper-asl-1.9.13.jar:/home/user/.m2/repository/org/codehaus/jackson/jackson-jaxrs/1.9.13/jackson-jaxrs-1.9.13.jar:/home/user/.m2/repository/org/codehaus/jackson/jackson-xc/1.9.13/jackson-xc-1.9.13.jar:/home/user/.m2/repository/commons-logging/commons-logging/1.1.3/commons-logging-1.1.3.jar:/home/user/.m2/repository/commons-beanutils/commons-beanutils/1.9.3/commons-beanutils-1.9.3.jar:/home/user/.m2/repository/org/apache/commons/commons-configuration2/2.1.1/commons-configuration2-2.1.1.jar:/home/user/.m2/repository/org/apache/commons/commons-lang3/3.7/commons-lang3-3.7.jar:/home/user/.m2/repository/org/apache/commons/commons-text/1.4/commons-text-1.4.jar:/home/user/.m2/repository/org/apache/avro/avro/1.7.7/avro-1.7.7.jar:/home/user/.m2/repository/com/thoughtworks/paranamer/paranamer/2.3/paranamer-2.3.jar:/home/user/.m2/repository/org/xerial/snappy/snappy-java/1.0.5/snappy-java-1.0.5.jar:/home/user/.m2/repository/com/google/re2j/re2j/1.1/re2j-1.1.jar:/home/user/.m2/repository/com/google/code/gson/gson/2.2.4/gson-2.2.4.jar:/home/user/.m2/repository/com/jcraft/jsch/0.1.54/jsch-0.1.54.jar:/home/user/.m2/repository/org/apache/curator/curator-client/2.12.0/curator-client-2.12.0.jar:/home/user/.m2/repository/org/apache/curator/curator-recipes/2.12.0/curator-recipes-2.12.0.jar:/home/user/.m2/repository/com/google/code/findbugs/jsr305/3.0.0/jsr305-3.0.0.jar:/home/user/.m2/repository/org/apache/htrace/htrace-core4/4.1.0-incubating/htrace-core4-4.1.0-incubating.jar:/home/user/.m2/repository/org/apache/zookeeper/zookeeper/3.4.13/zookeeper-3.4.13.jar:/home/user/.m2/repository/org/apache/yetus/audience-annotations/0.5.0/audience-annotations-0.5.0.jar:/home/user/.m2/repository/org/codehaus/woodstox/stax2-api/3.1.4/stax2-api-3.1.4.jar:/home/user/.m2/repository/com/fasterxml/woodstox/woodstox-core/5.0.3/woodstox-core-5.0.3.jar:/home/user/.m2/repository/dnsjava/dnsjava/2.1.7/dnsjava-2.1.7.jar:/home/user/.m2/repository/org/apache/hadoop/hadoop-hdfs/3.2.0/hadoop-hdfs-3.2.0-tests.jar:/home/user/.m2/repository/org/eclipse/jetty/jetty-util-ajax/9.3.24.v20180605/jetty-util-ajax-9.3.24.v20180605.jar:/home/user/.m2/repository/commons-daemon/commons-daemon/1.0.13/commons-daemon-1.0.13.jar:/home/user/.m2/repository/io/netty/netty/3.10.5.Final/netty-3.10.5.Final.jar:/home/user/.m2/repository/io/netty/netty-all/4.0.52.Final/netty-all-4.0.52.Final.jar:/home/user/.m2/repository/org/fusesource/leveldbjni/leveldbjni-all/1.8/leveldbjni-all-1.8.jar:"/>
    <property name="java.vm.vendor" value="IcedTea"/>
    <property name="sun.arch.data.model" value="64"/>
    <property name="test.build.dir" value="/workdir/hadoop-ozone/integration-test/target/test-dir"/>
    <property name="test.cache.data" value=""/>
    <property name="java.vendor.url" value="https://icedtea.classpath.org"/>
    <property name="user.timezone" value=""/>
    <property name="java.vm.specification.version" value="1.8"/>
    <property name="os.name" value="Linux"/>
    <property name="test.build.data" value="/workdir/hadoop-ozone/integration-test/target/test-dir"/>
    <property name="user.country" value="US"/>
    <property name="sun.java.launcher" value="SUN_STANDARD"/>
    <property name="sun.boot.library.path" value="/usr/lib/jvm/java-1.8-openjdk/jre/lib/amd64"/>
    <property name="sun.java.command" value="/workdir/hadoop-ozone/integration-test/target/surefire/surefirebooter3091755102261562126.jar /workdir/hadoop-ozone/integration-test/target/surefire 2019-09-16T15-14-33_260-jvmRun1 surefire8412218110492845405tmp surefire_34970129394599188455tmp"/>
    <property name="test" value="!TestMiniChaosOzoneCluster"/>
    <property name="surefire.test.class.path" value="/workdir/hadoop-ozone/integration-test/target/test-classes:/workdir/hadoop-ozone/integration-test/target/classes:/home/user/.m2/repository/org/apache/hadoop/hadoop-ozone-common/0.5.0-SNAPSHOT/hadoop-ozone-common-0.5.0-SNAPSHOT.jar:/home/user/.m2/repository/org/apache/commons/commons-compress/1.4.1/commons-compress-1.4.1.jar:/home/user/.m2/repository/org/tukaani/xz/1.0/xz-1.0.jar:/home/user/.m2/repository/org/apache/hadoop/hadoop-common/3.2.0/hadoop-common-3.2.0.jar:/home/user/.m2/repository/org/apache/hadoop/hadoop-hdfs/3.2.0/hadoop-hdfs-3.2.0.jar:/home/user/.m2/repository/org/apache/hadoop/hadoop-hdfs-client/3.2.0/hadoop-hdfs-client-3.2.0.jar:/home/user/.m2/repository/com/fasterxml/jackson/core/jackson-annotations/2.9.5/jackson-annotations-2.9.5.jar:/home/user/.m2/repository/org/apache/hadoop/hadoop-hdds-common/0.5.0-SNAPSHOT/hadoop-hdds-common-0.5.0-SNAPSHOT.jar:/home/user/.m2/repository/javax/annotation/javax.annotation-api/1.2/javax.annotation-api-1.2.jar:/home/user/.m2/repository/org/apache/ratis/ratis-server/0.4.0-78e95b9-SNAPSHOT/ratis-server-0.4.0-78e95b9-SNAPSHOT.jar:/home/user/.m2/repository/org/apache/ratis/ratis-thirdparty-misc/0.2.0/ratis-thirdparty-misc-0.2.0.jar:/home/user/.m2/repository/org/apache/ratis/ratis-proto/0.4.0-78e95b9-SNAPSHOT/ratis-proto-0.4.0-78e95b9-SNAPSHOT.jar:/home/user/.m2/repository/org/apache/ratis/ratis-common/0.4.0-78e95b9-SNAPSHOT/ratis-common-0.4.0-78e95b9-SNAPSHOT.jar:/home/user/.m2/repository/org/apache/ratis/ratis-client/0.4.0-78e95b9-SNAPSHOT/ratis-client-0.4.0-78e95b9-SNAPSHOT.jar:/home/user/.m2/repository/org/apache/ratis/ratis-metrics/0.4.0-78e95b9-SNAPSHOT/ratis-metrics-0.4.0-78e95b9-SNAPSHOT.jar:/home/user/.m2/repository/com/github/joshelser/dropwizard-metrics-hadoop-metrics2-reporter/0.1.2/dropwizard-metrics-hadoop-metrics2-reporter-0.1.2.jar:/home/user/.m2/repository/io/dropwizard/metrics/metrics-jvm/3.2.5/metrics-jvm-3.2.5.jar:/home/user/.m2/repository/io/dropwizard/metrics/metrics-ganglia/3.2.5/metrics-ganglia-3.2.5.jar:/home/user/.m2/repository/info/ganglia/gmetric4j/gmetric4j/1.0.7/gmetric4j-1.0.7.jar:/home/user/.m2/repository/org/apache/ratis/ratis-netty/0.4.0-78e95b9-SNAPSHOT/ratis-netty-0.4.0-78e95b9-SNAPSHOT.jar:/home/user/.m2/repository/org/apache/ratis/ratis-grpc/0.4.0-78e95b9-SNAPSHOT/ratis-grpc-0.4.0-78e95b9-SNAPSHOT.jar:/home/user/.m2/repository/org/rocksdb/rocksdbjni/6.0.1/rocksdbjni-6.0.1.jar:/home/user/.m2/repository/org/apache/logging/log4j/log4j-api/2.11.0/log4j-api-2.11.0.jar:/home/user/.m2/repository/org/apache/logging/log4j/log4j-core/2.11.0/log4j-core-2.11.0.jar:/home/user/.m2/repository/com/lmax/disruptor/3.4.2/disruptor-3.4.2.jar:/home/user/.m2/repository/org/apache/commons/commons-pool2/2.6.0/commons-pool2-2.6.0.jar:/home/user/.m2/repository/org/bouncycastle/bcpkix-jdk15on/1.60/bcpkix-jdk15on-1.60.jar:/home/user/.m2/repository/commons-validator/commons-validator/1.6/commons-validator-1.6.jar:/home/user/.m2/repository/commons-digester/commons-digester/1.8.1/commons-digester-1.8.1.jar:/home/user/.m2/repository/io/jaegertracing/jaeger-client/0.33.1/jaeger-client-0.33.1.jar:/home/user/.m2/repository/io/jaegertracing/jaeger-thrift/0.33.1/jaeger-thrift-0.33.1.jar:/home/user/.m2/repository/org/apache/thrift/libthrift/0.11.0/libthrift-0.11.0.jar:/home/user/.m2/repository/com/squareup/okhttp3/okhttp/3.9.0/okhttp-3.9.0.jar:/home/user/.m2/repository/com/squareup/okio/okio/1.13.0/okio-1.13.0.jar:/home/user/.m2/repository/io/jaegertracing/jaeger-core/0.33.1/jaeger-core-0.33.1.jar:/home/user/.m2/repository/io/jaegertracing/jaeger-tracerresolver/0.33.1/jaeger-tracerresolver-0.33.1.jar:/home/user/.m2/repository/io/opentracing/contrib/opentracing-tracerresolver/0.1.5/opentracing-tracerresolver-0.1.5.jar:/home/user/.m2/repository/io/opentracing/opentracing-util/0.31.0/opentracing-util-0.31.0.jar:/home/user/.m2/repository/io/opentracing/opentracing-api/0.31.0/opentracing-api-0.31.0.jar:/home/user/.m2/repository/io/opentracing/opentracing-noop/0.31.0/opentracing-noop-0.31.0.jar:/home/user/.m2/repository/org/apache/hadoop/hadoop-hdds-server-framework/0.5.0-SNAPSHOT/hadoop-hdds-server-framework-0.5.0-SNAPSHOT.jar:/home/user/.m2/repository/org/apache/hadoop/hadoop-hdds-container-service/0.5.0-SNAPSHOT/hadoop-hdds-container-service-0.5.0-SNAPSHOT.jar:/home/user/.m2/repository/org/apache/hadoop/hadoop-hdds-client/0.5.0-SNAPSHOT/hadoop-hdds-client-0.5.0-SNAPSHOT.jar:/home/user/.m2/repository/org/apache/hadoop/hadoop-hdds-tools/0.5.0-SNAPSHOT/hadoop-hdds-tools-0.5.0-SNAPSHOT.jar:/home/user/.m2/repository/org/apache/hadoop/hadoop-hdds-server-scm/0.5.0-SNAPSHOT/hadoop-hdds-server-scm-0.5.0-SNAPSHOT.jar:/home/user/.m2/repository/org/apache/hadoop/hadoop-hdds-docs/0.5.0-SNAPSHOT/hadoop-hdds-docs-0.5.0-SNAPSHOT.jar:/home/user/.m2/repository/io/dropwizard/metrics/metrics-core/3.2.4/metrics-core-3.2.4.jar:/home/user/.m2/repository/org/hamcrest/hamcrest-all/1.3/hamcrest-all-1.3.jar:/home/user/.m2/repository/org/bouncycastle/bcprov-jdk15on/1.60/bcprov-jdk15on-1.60.jar:/home/user/.m2/repository/info/picocli/picocli/3.9.6/picocli-3.9.6.jar:/home/user/.m2/repository/com/google/protobuf/protobuf-java/2.5.0/protobuf-java-2.5.0.jar:/home/user/.m2/repository/com/google/guava/guava/11.0.2/guava-11.0.2.jar:/home/user/.m2/repository/org/apache/hadoop/hadoop-ozone-ozone-manager/0.5.0-SNAPSHOT/hadoop-ozone-ozone-manager-0.5.0-SNAPSHOT.jar:/home/user/.m2/repository/org/apache/hadoop/hadoop-minikdc/3.2.0/hadoop-minikdc-3.2.0.jar:/home/user/.m2/repository/commons-io/commons-io/2.5/commons-io-2.5.jar:/home/user/.m2/repository/org/apache/kerby/kerb-simplekdc/1.0.1/kerb-simplekdc-1.0.1.jar:/home/user/.m2/repository/org/apache/kerby/kerb-client/1.0.1/kerb-client-1.0.1.jar:/home/user/.m2/repository/org/apache/kerby/kerby-config/1.0.1/kerby-config-1.0.1.jar:/home/user/.m2/repository/org/apache/kerby/kerb-core/1.0.1/kerb-core-1.0.1.jar:/home/user/.m2/repository/org/apache/kerby/kerby-pkix/1.0.1/kerby-pkix-1.0.1.jar:/home/user/.m2/repository/org/apache/kerby/kerby-asn1/1.0.1/kerby-asn1-1.0.1.jar:/home/user/.m2/repository/org/apache/kerby/kerby-util/1.0.1/kerby-util-1.0.1.jar:/home/user/.m2/repository/org/apache/kerby/kerb-common/1.0.1/kerb-common-1.0.1.jar:/home/user/.m2/repository/org/apache/kerby/kerb-crypto/1.0.1/kerb-crypto-1.0.1.jar:/home/user/.m2/repository/org/apache/kerby/kerb-util/1.0.1/kerb-util-1.0.1.jar:/home/user/.m2/repository/org/apache/kerby/token-provider/1.0.1/token-provider-1.0.1.jar:/home/user/.m2/repository/org/apache/kerby/kerb-admin/1.0.1/kerb-admin-1.0.1.jar:/home/user/.m2/repository/org/apache/kerby/kerb-server/1.0.1/kerb-server-1.0.1.jar:/home/user/.m2/repository/org/apache/kerby/kerb-identity/1.0.1/kerb-identity-1.0.1.jar:/home/user/.m2/repository/org/apache/kerby/kerby-xdr/1.0.1/kerby-xdr-1.0.1.jar:/home/user/.m2/repository/org/slf4j/slf4j-log4j12/1.7.25/slf4j-log4j12-1.7.25.jar:/home/user/.m2/repository/org/apache/hadoop/hadoop-ozone-s3gateway/0.5.0-SNAPSHOT/hadoop-ozone-s3gateway-0.5.0-SNAPSHOT.jar:/home/user/.m2/repository/org/jboss/weld/servlet/weld-servlet/2.4.7.Final/weld-servlet-2.4.7.Final.jar:/home/user/.m2/repository/org/glassfish/jersey/containers/jersey-container-servlet-core/2.27/jersey-container-servlet-core-2.27.jar:/home/user/.m2/repository/org/glassfish/hk2/external/javax.inject/2.5.0-b42/javax.inject-2.5.0-b42.jar:/home/user/.m2/repository/org/glassfish/jersey/core/jersey-common/2.27/jersey-common-2.27.jar:/home/user/.m2/repository/org/glassfish/hk2/osgi-resource-locator/1.0.1/osgi-resource-locator-1.0.1.jar:/home/user/.m2/repository/javax/ws/rs/javax.ws.rs-api/2.1/javax.ws.rs-api-2.1.jar:/home/user/.m2/repository/org/glassfish/jersey/ext/cdi/jersey-cdi1x/2.27/jersey-cdi1x-2.27.jar:/home/user/.m2/repository/org/glassfish/jersey/inject/jersey-hk2/2.27/jersey-hk2-2.27.jar:/home/user/.m2/repository/org/glassfish/hk2/hk2-locator/2.5.0-b42/hk2-locator-2.5.0-b42.jar:/home/user/.m2/repository/org/javassist/javassist/3.22.0-CR2/javassist-3.22.0-CR2.jar:/home/user/.m2/repository/org/glassfish/hk2/hk2-api/2.5.0/hk2-api-2.5.0.jar:/home/user/.m2/repository/org/glassfish/hk2/external/jakarta.inject/2.5.0/jakarta.inject-2.5.0.jar:/home/user/.m2/repository/org/glassfish/hk2/hk2-utils/2.5.0/hk2-utils-2.5.0.jar:/home/user/.m2/repository/jakarta/annotation/jakarta.annotation-api/1.3.4/jakarta.annotation-api-1.3.4.jar:/home/user/.m2/repository/org/glassfish/hk2/external/aopalliance-repackaged/2.5.0/aopalliance-repackaged-2.5.0.jar:/home/user/.m2/repository/com/fasterxml/jackson/dataformat/jackson-dataformat-xml/2.9.0/jackson-dataformat-xml-2.9.0.jar:/home/user/.m2/repository/com/fasterxml/jackson/core/jackson-core/2.9.5/jackson-core-2.9.5.jar:/home/user/.m2/repository/com/fasterxml/jackson/module/jackson-module-jaxb-annotations/2.9.5/jackson-module-jaxb-annotations-2.9.5.jar:/home/user/.m2/repository/javax/enterprise/cdi-api/1.2/cdi-api-1.2.jar:/home/user/.m2/repository/javax/el/javax.el-api/3.0.0/javax.el-api-3.0.0.jar:/home/user/.m2/repository/javax/interceptor/javax.interceptor-api/1.2/javax.interceptor-api-1.2.jar:/home/user/.m2/repository/javax/inject/javax.inject/1/javax.inject-1.jar:/home/user/.m2/repository/com/sun/xml/bind/jaxb-impl/2.3.0.1/jaxb-impl-2.3.0.1.jar:/home/user/.m2/repository/com/sun/xml/bind/jaxb-core/2.3.0.1/jaxb-core-2.3.0.1.jar:/home/user/.m2/repository/javax/xml/bind/jaxb-api/2.3.0/jaxb-api-2.3.0.jar:/home/user/.m2/repository/javax/activation/activation/1.1.1/activation-1.1.1.jar:/home/user/.m2/repository/org/apache/hadoop/hadoop-ozone-csi/0.5.0-SNAPSHOT/hadoop-ozone-csi-0.5.0-SNAPSHOT.jar:/home/user/.m2/repository/com/google/protobuf/protobuf-java-util/3.5.1/protobuf-java-util-3.5.1.jar:/home/user/.m2/repository/org/apache/hadoop/hadoop-hdds-config/0.5.0-SNAPSHOT/hadoop-hdds-config-0.5.0-SNAPSHOT.jar:/home/user/.m2/repository/io/grpc/grpc-netty/1.17.1/grpc-netty-1.17.1.jar:/home/user/.m2/repository/io/grpc/grpc-core/1.17.1/grpc-core-1.17.1.jar:/home/user/.m2/repository/io/grpc/grpc-context/1.17.1/grpc-context-1.17.1.jar:/home/user/.m2/repository/com/google/errorprone/error_prone_annotations/2.2.0/error_prone_annotations-2.2.0.jar:/home/user/.m2/repository/org/codehaus/mojo/animal-sniffer-annotations/1.17/animal-sniffer-annotations-1.17.jar:/home/user/.m2/repository/io/opencensus/opencensus-api/0.17.0/opencensus-api-0.17.0.jar:/home/user/.m2/repository/io/opencensus/opencensus-contrib-grpc-metrics/0.17.0/opencensus-contrib-grpc-metrics-0.17.0.jar:/home/user/.m2/repository/io/netty/netty-codec-http2/4.1.30.Final/netty-codec-http2-4.1.30.Final.jar:/home/user/.m2/repository/io/netty/netty-codec-http/4.1.30.Final/netty-codec-http-4.1.30.Final.jar:/home/user/.m2/repository/io/netty/netty-codec/4.1.30.Final/netty-codec-4.1.30.Final.jar:/home/user/.m2/repository/io/netty/netty-handler/4.1.30.Final/netty-handler-4.1.30.Final.jar:/home/user/.m2/repository/io/netty/netty-handler-proxy/4.1.30.Final/netty-handler-proxy-4.1.30.Final.jar:/home/user/.m2/repository/io/netty/netty-codec-socks/4.1.30.Final/netty-codec-socks-4.1.30.Final.jar:/home/user/.m2/repository/io/netty/netty-transport-native-epoll/4.1.30.Final/netty-transport-native-epoll-4.1.30.Final.jar:/home/user/.m2/repository/io/netty/netty-common/4.1.30.Final/netty-common-4.1.30.Final.jar:/home/user/.m2/repository/io/netty/netty-buffer/4.1.30.Final/netty-buffer-4.1.30.Final.jar:/home/user/.m2/repository/io/netty/netty-transport/4.1.30.Final/netty-transport-4.1.30.Final.jar:/home/user/.m2/repository/io/netty/netty-resolver/4.1.30.Final/netty-resolver-4.1.30.Final.jar:/home/user/.m2/repository/io/netty/netty-transport-native-unix-common/4.1.30.Final/netty-transport-native-unix-common-4.1.30.Final.jar:/home/user/.m2/repository/io/grpc/grpc-protobuf/1.17.1/grpc-protobuf-1.17.1.jar:/home/user/.m2/repository/com/google/api/grpc/proto-google-common-protos/1.0.0/proto-google-common-protos-1.0.0.jar:/home/user/.m2/repository/io/grpc/grpc-protobuf-lite/1.17.1/grpc-protobuf-lite-1.17.1.jar:/home/user/.m2/repository/io/grpc/grpc-stub/1.17.1/grpc-stub-1.17.1.jar:/home/user/.m2/repository/org/apache/hadoop/hadoop-ozone-recon/0.5.0-SNAPSHOT/hadoop-ozone-recon-0.5.0-SNAPSHOT.jar:/home/user/.m2/repository/org/apache/hadoop/hadoop-ozone-reconcodegen/0.5.0-SNAPSHOT/hadoop-ozone-reconcodegen-0.5.0-SNAPSHOT.jar:/home/user/.m2/repository/com/google/inject/extensions/guice-multibindings/4.0/guice-multibindings-4.0.jar:/home/user/.m2/repository/com/google/inject/guice/4.0/guice-4.0.jar:/home/user/.m2/repository/aopalliance/aopalliance/1.0/aopalliance-1.0.jar:/home/user/.m2/repository/com/google/inject/extensions/guice-servlet/4.0/guice-servlet-4.0.jar:/home/user/.m2/repository/org/glassfish/jersey/containers/jersey-container-servlet/2.27/jersey-container-servlet-2.27.jar:/home/user/.m2/repository/org/glassfish/hk2/guice-bridge/2.5.0/guice-bridge-2.5.0.jar:/home/user/.m2/repository/org/glassfish/jersey/core/jersey-server/2.27/jersey-server-2.27.jar:/home/user/.m2/repository/org/glassfish/jersey/core/jersey-client/2.27/jersey-client-2.27.jar:/home/user/.m2/repository/org/glassfish/jersey/media/jersey-media-jaxb/2.27/jersey-media-jaxb-2.27.jar:/home/user/.m2/repository/javax/validation/validation-api/1.1.0.Final/validation-api-1.1.0.Final.jar:/home/user/.m2/repository/org/glassfish/jersey/media/jersey-media-json-jackson/2.27/jersey-media-json-jackson-2.27.jar:/home/user/.m2/repository/org/glassfish/jersey/ext/jersey-entity-filtering/2.27/jersey-entity-filtering-2.27.jar:/home/user/.m2/repository/com/google/inject/extensions/guice-assistedinject/4.0/guice-assistedinject-4.0.jar:/home/user/.m2/repository/org/jooq/jooq/3.11.10/jooq-3.11.10.jar:/home/user/.m2/repository/org/jooq/jooq-meta/3.11.10/jooq-meta-3.11.10.jar:/home/user/.m2/repository/org/jooq/jooq-codegen/3.11.10/jooq-codegen-3.11.10.jar:/home/user/.m2/repository/com/jolbox/bonecp/0.8.0.RELEASE/bonecp-0.8.0.RELEASE.jar:/home/user/.m2/repository/org/xerial/sqlite-jdbc/3.25.2/sqlite-jdbc-3.25.2.jar:/home/user/.m2/repository/org/springframework/spring-jdbc/5.1.3.RELEASE/spring-jdbc-5.1.3.RELEASE.jar:/home/user/.m2/repository/org/springframework/spring-beans/5.1.3.RELEASE/spring-beans-5.1.3.RELEASE.jar:/home/user/.m2/repository/org/springframework/spring-core/5.1.3.RELEASE/spring-core-5.1.3.RELEASE.jar:/home/user/.m2/repository/org/springframework/spring-jcl/5.1.3.RELEASE/spring-jcl-5.1.3.RELEASE.jar:/home/user/.m2/repository/org/springframework/spring-tx/5.1.3.RELEASE/spring-tx-5.1.3.RELEASE.jar:/home/user/.m2/repository/org/apache/hadoop/hadoop-ozone-client/0.5.0-SNAPSHOT/hadoop-ozone-client-0.5.0-SNAPSHOT.jar:/home/user/.m2/repository/commons-lang/commons-lang/2.6/commons-lang-2.6.jar:/home/user/.m2/repository/org/apache/hadoop/hadoop-ozone-ozone-manager/0.5.0-SNAPSHOT/hadoop-ozone-ozone-manager-0.5.0-SNAPSHOT-tests.jar:/home/user/.m2/repository/junit/junit/4.11/junit-4.11.jar:/home/user/.m2/repository/org/hamcrest/hamcrest-core/1.3/hamcrest-core-1.3.jar:/home/user/.m2/repository/org/openjdk/jmh/jmh-core/1.19/jmh-core-1.19.jar:/home/user/.m2/repository/net/sf/jopt-simple/jopt-simple/4.6/jopt-simple-4.6.jar:/home/user/.m2/repository/org/apache/commons/commons-math3/3.1.1/commons-math3-3.1.1.jar:/home/user/.m2/repository/org/openjdk/jmh/jmh-generator-annprocess/1.19/jmh-generator-annprocess-1.19.jar:/home/user/.m2/repository/org/mockito/mockito-all/1.8.5/mockito-all-1.8.5.jar:/home/user/.m2/repository/org/apache/hadoop/hadoop-kms/3.2.0/hadoop-kms-3.2.0.jar:/home/user/.m2/repository/org/apache/hadoop/hadoop-auth/3.2.0/hadoop-auth-3.2.0.jar:/home/user/.m2/repository/com/nimbusds/nimbus-jose-jwt/4.41.1/nimbus-jose-jwt-4.41.1.jar:/home/user/.m2/repository/com/github/stephenc/jcip/jcip-annotations/1.0-1/jcip-annotations-1.0-1.jar:/home/user/.m2/repository/net/minidev/json-smart/2.3/json-smart-2.3.jar:/home/user/.m2/repository/net/minidev/accessors-smart/1.2/accessors-smart-1.2.jar:/home/user/.m2/repository/org/ow2/asm/asm/5.0.4/asm-5.0.4.jar:/home/user/.m2/repository/org/apache/curator/curator-framework/2.12.0/curator-framework-2.12.0.jar:/home/user/.m2/repository/com/sun/jersey/jersey-core/1.19/jersey-core-1.19.jar:/home/user/.m2/repository/javax/ws/rs/jsr311-api/1.1.1/jsr311-api-1.1.1.jar:/home/user/.m2/repository/com/sun/jersey/jersey-server/1.19/jersey-server-1.19.jar:/home/user/.m2/repository/javax/servlet/javax.servlet-api/3.1.0/javax.servlet-api-3.1.0.jar:/home/user/.m2/repository/org/eclipse/jetty/jetty-server/9.3.24.v20180605/jetty-server-9.3.24.v20180605.jar:/home/user/.m2/repository/org/eclipse/jetty/jetty-http/9.3.24.v20180605/jetty-http-9.3.24.v20180605.jar:/home/user/.m2/repository/org/eclipse/jetty/jetty-io/9.3.24.v20180605/jetty-io-9.3.24.v20180605.jar:/home/user/.m2/repository/org/eclipse/jetty/jetty-webapp/9.3.24.v20180605/jetty-webapp-9.3.24.v20180605.jar:/home/user/.m2/repository/org/eclipse/jetty/jetty-xml/9.3.24.v20180605/jetty-xml-9.3.24.v20180605.jar:/home/user/.m2/repository/log4j/log4j/1.2.17/log4j-1.2.17.jar:/home/user/.m2/repository/org/slf4j/slf4j-api/1.7.25/slf4j-api-1.7.25.jar:/home/user/.m2/repository/org/slf4j/jul-to-slf4j/1.7.25/jul-to-slf4j-1.7.25.jar:/home/user/.m2/repository/org/eclipse/jetty/jetty-util/9.3.24.v20180605/jetty-util-9.3.24.v20180605.jar:/home/user/.m2/repository/com/fasterxml/jackson/core/jackson-databind/2.9.5/jackson-databind-2.9.5.jar:/home/user/.m2/repository/org/apache/hadoop/hadoop-kms/3.2.0/hadoop-kms-3.2.0-tests.jar:/home/user/.m2/repository/org/apache/hadoop/hadoop-hdds-server-scm/0.5.0-SNAPSHOT/hadoop-hdds-server-scm-0.5.0-SNAPSHOT-tests.jar:/home/user/.m2/repository/org/apache/hadoop/hadoop-hdds-container-service/0.5.0-SNAPSHOT/hadoop-hdds-container-service-0.5.0-SNAPSHOT-tests.jar:/home/user/.m2/repository/org/yaml/snakeyaml/1.16/snakeyaml-1.16.jar:/home/user/.m2/repository/org/apache/hadoop/hadoop-common/3.2.0/hadoop-common-3.2.0-tests.jar:/home/user/.m2/repository/org/apache/hadoop/hadoop-annotations/3.2.0/hadoop-annotations-3.2.0.jar:/usr/lib/jvm/java-1.8-openjdk/jre/../lib/tools.jar:/home/user/.m2/repository/commons-cli/commons-cli/1.2/commons-cli-1.2.jar:/home/user/.m2/repository/org/apache/httpcomponents/httpclient/4.5.2/httpclient-4.5.2.jar:/home/user/.m2/repository/org/apache/httpcomponents/httpcore/4.4.4/httpcore-4.4.4.jar:/home/user/.m2/repository/commons-codec/commons-codec/1.11/commons-codec-1.11.jar:/home/user/.m2/repository/commons-net/commons-net/3.6/commons-net-3.6.jar:/home/user/.m2/repository/commons-collections/commons-collections/3.2.2/commons-collections-3.2.2.jar:/home/user/.m2/repository/org/eclipse/jetty/jetty-servlet/9.3.24.v20180605/jetty-servlet-9.3.24.v20180605.jar:/home/user/.m2/repository/org/eclipse/jetty/jetty-security/9.3.24.v20180605/jetty-security-9.3.24.v20180605.jar:/home/user/.m2/repository/javax/servlet/jsp/jsp-api/2.1/jsp-api-2.1.jar:/home/user/.m2/repository/com/sun/jersey/jersey-servlet/1.19/jersey-servlet-1.19.jar:/home/user/.m2/repository/com/sun/jersey/jersey-json/1.19/jersey-json-1.19.jar:/home/user/.m2/repository/org/codehaus/jettison/jettison/1.1/jettison-1.1.jar:/home/user/.m2/repository/org/codehaus/jackson/jackson-core-asl/1.9.13/jackson-core-asl-1.9.13.jar:/home/user/.m2/repository/org/codehaus/jackson/jackson-mapper-asl/1.9.13/jackson-mapper-asl-1.9.13.jar:/home/user/.m2/repository/org/codehaus/jackson/jackson-jaxrs/1.9.13/jackson-jaxrs-1.9.13.jar:/home/user/.m2/repository/org/codehaus/jackson/jackson-xc/1.9.13/jackson-xc-1.9.13.jar:/home/user/.m2/repository/commons-logging/commons-logging/1.1.3/commons-logging-1.1.3.jar:/home/user/.m2/repository/commons-beanutils/commons-beanutils/1.9.3/commons-beanutils-1.9.3.jar:/home/user/.m2/repository/org/apache/commons/commons-configuration2/2.1.1/commons-configuration2-2.1.1.jar:/home/user/.m2/repository/org/apache/commons/commons-lang3/3.7/commons-lang3-3.7.jar:/home/user/.m2/repository/org/apache/commons/commons-text/1.4/commons-text-1.4.jar:/home/user/.m2/repository/org/apache/avro/avro/1.7.7/avro-1.7.7.jar:/home/user/.m2/repository/com/thoughtworks/paranamer/paranamer/2.3/paranamer-2.3.jar:/home/user/.m2/repository/org/xerial/snappy/snappy-java/1.0.5/snappy-java-1.0.5.jar:/home/user/.m2/repository/com/google/re2j/re2j/1.1/re2j-1.1.jar:/home/user/.m2/repository/com/google/code/gson/gson/2.2.4/gson-2.2.4.jar:/home/user/.m2/repository/com/jcraft/jsch/0.1.54/jsch-0.1.54.jar:/home/user/.m2/repository/org/apache/curator/curator-client/2.12.0/curator-client-2.12.0.jar:/home/user/.m2/repository/org/apache/curator/curator-recipes/2.12.0/curator-recipes-2.12.0.jar:/home/user/.m2/repository/com/google/code/findbugs/jsr305/3.0.0/jsr305-3.0.0.jar:/home/user/.m2/repository/org/apache/htrace/htrace-core4/4.1.0-incubating/htrace-core4-4.1.0-incubating.jar:/home/user/.m2/repository/org/apache/zookeeper/zookeeper/3.4.13/zookeeper-3.4.13.jar:/home/user/.m2/repository/org/apache/yetus/audience-annotations/0.5.0/audience-annotations-0.5.0.jar:/home/user/.m2/repository/org/codehaus/woodstox/stax2-api/3.1.4/stax2-api-3.1.4.jar:/home/user/.m2/repository/com/fasterxml/woodstox/woodstox-core/5.0.3/woodstox-core-5.0.3.jar:/home/user/.m2/repository/dnsjava/dnsjava/2.1.7/dnsjava-2.1.7.jar:/home/user/.m2/repository/org/apache/hadoop/hadoop-hdfs/3.2.0/hadoop-hdfs-3.2.0-tests.jar:/home/user/.m2/repository/org/eclipse/jetty/jetty-util-ajax/9.3.24.v20180605/jetty-util-ajax-9.3.24.v20180605.jar:/home/user/.m2/repository/commons-daemon/commons-daemon/1.0.13/commons-daemon-1.0.13.jar:/home/user/.m2/repository/io/netty/netty/3.10.5.Final/netty-3.10.5.Final.jar:/home/user/.m2/repository/io/netty/netty-all/4.0.52.Final/netty-all-4.0.52.Final.jar:/home/user/.m2/repository/org/fusesource/leveldbjni/leveldbjni-all/1.8/leveldbjni-all-1.8.jar:"/>
    <property name="sun.cpu.endian" value="little"/>
    <property name="user.home" value="/home/user"/>
    <property name="user.language" value="en"/>
    <property name="java.specification.vendor" value="Oracle Corporation"/>
    <property name="java.home" value="/usr/lib/jvm/java-1.8-openjdk/jre"/>
    <property name="java.security.krb5.conf" value="/workdir/hadoop-ozone/integration-test/target/test-classes/krb5.conf"/>
    <property name="basedir" value="/workdir/hadoop-ozone/integration-test"/>
    <property name="file.separator" value="/"/>
    <property name="line.separator" value="&#10;"/>
    <property name="java.vm.specification.vendor" value="Oracle Corporation"/>
    <property name="java.specification.name" value="Java Platform API Specification"/>
    <property name="java.awt.graphicsenv" value="sun.awt.X11GraphicsEnvironment"/>
    <property name="surefire.real.class.path" value="/workdir/hadoop-ozone/integration-test/target/surefire/surefirebooter3091755102261562126.jar"/>
    <property name="hadoop.log.dir" value="/workdir/hadoop-ozone/integration-test/target/log"/>
    <property name="sun.boot.class.path" value="/usr/lib/jvm/java-1.8-openjdk/jre/lib/resources.jar:/usr/lib/jvm/java-1.8-openjdk/jre/lib/rt.jar:/usr/lib/jvm/java-1.8-openjdk/jre/lib/sunrsasign.jar:/usr/lib/jvm/java-1.8-openjdk/jre/lib/jsse.jar:/usr/lib/jvm/java-1.8-openjdk/jre/lib/jce.jar:/usr/lib/jvm/java-1.8-openjdk/jre/lib/charsets.jar:/usr/lib/jvm/java-1.8-openjdk/jre/lib/jfr.jar:/usr/lib/jvm/java-1.8-openjdk/jre/classes"/>
    <property name="sun.management.compiler" value="HotSpot 64-Bit Tiered Compilers"/>
    <property name="java.runtime.version" value="1.8.0_212-b04"/>
    <property name="java.net.preferIPv4Stack" value="true"/>
    <property name="user.name" value="jenkins1000"/>
    <property name="path.separator" value=":"/>
    <property name="java.security.egd" value="file:///dev/urandom"/>
    <property name="os.version" value="3.10.0-957.12.2.el7.x86_64"/>
    <property name="java.endorsed.dirs" value="/usr/lib/jvm/java-1.8-openjdk/jre/lib/endorsed"/>
    <property name="java.runtime.name" value="OpenJDK Runtime Environment"/>
    <property name="file.encoding" value="UTF-8"/>
    <property name="java.vm.name" value="OpenJDK 64-Bit Server VM"/>
    <property name="test.build.webapps" value=""/>
    <property name="localRepository" value="/home/user/.m2/repository"/>
    <property name="java.vendor.url.bug" value="https://icedtea.classpath.org/bugzilla"/>
    <property name="java.io.tmpdir" value="/tmp"/>
    <property name="require.test.libhadoop" value=""/>
    <property name="java.version" value="1.8.0_212"/>
    <property name="user.dir" value="/workdir/hadoop-ozone/integration-test"/>
    <property name="os.arch" value="amd64"/>
    <property name="java.vm.specification.name" value="Java Virtual Machine Specification"/>
    <property name="test.build.classes" value="/workdir/hadoop-ozone/integration-test/target/test-classes"/>
    <property name="java.awt.printerjob" value="sun.print.PSPrinterJob"/>
    <property name="sun.os.patch.level" value="unknown"/>
    <property name="hadoop.tmp.dir" value="/workdir/hadoop-ozone/integration-test/target/tmp"/>
    <property name="java.library.path" value="/usr/lib/jvm/java-1.8-openjdk/jre/lib/amd64/server:/usr/lib/jvm/java-1.8-openjdk/jre/lib/amd64:/usr/lib/jvm/java-1.8-openjdk/jre/../lib/amd64:/workdir/hadoop-ozone/integration-test/target/native/target/usr/local/lib:/workdir/hadoop-ozone/integration-test/../../hadoop-common-project/hadoop-common/target/native/target/usr/local/lib:/usr/java/packages/lib/amd64:/usr/lib64:/lib64:/lib:/usr/lib"/>
    <property name="java.vm.info" value="mixed mode"/>
    <property name="java.vendor" value="IcedTea"/>
    <property name="java.vm.version" value="25.212-b04"/>
    <property name="java.ext.dirs" value="/usr/lib/jvm/java-1.8-openjdk/jre/lib/ext:/usr/java/packages/lib/ext"/>
    <property name="sun.io.unicode.encoding" value="UnicodeLittle"/>
    <property name="java.class.version" value="52.0"/>
  </properties>
  <testcase name="testFlushChunk" classname="org.apache.hadoop.ozone.client.rpc.TestBlockOutputStream" time="5.583"/>
  <testcase name="testMultiChunkWrite2" classname="org.apache.hadoop.ozone.client.rpc.TestBlockOutputStream" time="0.597"/>
  <testcase name="testMultiChunkWrite" classname="org.apache.hadoop.ozone.client.rpc.TestBlockOutputStream" time="189.201">
    <failure message="expected:&lt;7&gt; but was:&lt;9&gt;" type="java.lang.AssertionError"><![CDATA[java.lang.AssertionError: expected:<7> but was:<9>
	at org.junit.Assert.fail(Assert.java:88)
	at org.junit.Assert.failNotEquals(Assert.java:743)
	at org.junit.Assert.assertEquals(Assert.java:118)
	at org.junit.Assert.assertEquals(Assert.java:555)
	at org.junit.Assert.assertEquals(Assert.java:542)
	at org.apache.hadoop.ozone.client.rpc.TestBlockOutputStream.testMultiChunkWrite(TestBlockOutputStream.java:364)
	at sun.reflect.NativeMethodAccessorImpl.invoke0(Native Method)
	at sun.reflect.NativeMethodAccessorImpl.invoke(NativeMethodAccessorImpl.java:62)
	at sun.reflect.DelegatingMethodAccessorImpl.invoke(DelegatingMethodAccessorImpl.java:43)
	at java.lang.reflect.Method.invoke(Method.java:498)
	at org.junit.runners.model.FrameworkMethod$1.runReflectiveCall(FrameworkMethod.java:47)
	at org.junit.internal.runners.model.ReflectiveCallable.run(ReflectiveCallable.java:12)
	at org.junit.runners.model.FrameworkMethod.invokeExplosively(FrameworkMethod.java:44)
	at org.junit.internal.runners.statements.InvokeMethod.evaluate(InvokeMethod.java:17)
	at org.junit.runners.ParentRunner.runLeaf(ParentRunner.java:271)
	at org.junit.runners.BlockJUnit4ClassRunner.runChild(BlockJUnit4ClassRunner.java:70)
	at org.junit.runners.BlockJUnit4ClassRunner.runChild(BlockJUnit4ClassRunner.java:50)
	at org.junit.runners.ParentRunner$3.run(ParentRunner.java:238)
	at org.junit.runners.ParentRunner$1.schedule(ParentRunner.java:63)
	at org.junit.runners.ParentRunner.runChildren(ParentRunner.java:236)
	at org.junit.runners.ParentRunner.access$000(ParentRunner.java:53)
	at org.junit.runners.ParentRunner$2.evaluate(ParentRunner.java:229)
	at org.junit.internal.runners.statements.RunBefores.evaluate(RunBefores.java:26)
	at org.junit.internal.runners.statements.RunAfters.evaluate(RunAfters.java:27)
	at org.junit.runners.ParentRunner.run(ParentRunner.java:309)
	at org.apache.maven.surefire.junit4.JUnit4Provider.execute(JUnit4Provider.java:365)
	at org.apache.maven.surefire.junit4.JUnit4Provider.executeWithRerun(JUnit4Provider.java:273)
	at org.apache.maven.surefire.junit4.JUnit4Provider.executeTestSet(JUnit4Provider.java:238)
	at org.apache.maven.surefire.junit4.JUnit4Provider.invoke(JUnit4Provider.java:159)
	at org.apache.maven.surefire.booter.ForkedBooter.invokeProviderInSameClassLoader(ForkedBooter.java:384)
	at org.apache.maven.surefire.booter.ForkedBooter.runSuitesInProcess(ForkedBooter.java:345)
	at org.apache.maven.surefire.booter.ForkedBooter.execute(ForkedBooter.java:126)
	at org.apache.maven.surefire.booter.ForkedBooter.main(ForkedBooter.java:418)
]]></failure>
    <system-out><![CDATA[2019-09-16 16:30:27,438 [java.util.concurrent.ThreadPoolExecutor$Worker@3a533076[State = -1, empty queue]] WARN  server.GrpcLogAppender (GrpcLogAppender.java:timeoutAppendRequest(200)) - 5da997ac-485a-4ae3-a11f-bd7c3a0ad14d@group-E6C05F8A743B->2b9d536e-7082-46d0-bcea-3da9bf5f5d0c-GrpcLogAppender: appendEntries Timeout, request=5da997ac-485a-4ae3-a11f-bd7c3a0ad14d->2b9d536e-7082-46d0-bcea-3da9bf5f5d0c#12-t1, previous=(t:1, i:10), leaderCommit=10, initializing? false, entries: size=1, first=(t:1, i:11), STATEMACHINELOGENTRY, client-E18D28BDFE03, cid=21
2019-09-16 16:30:27,438 [java.util.concurrent.ThreadPoolExecutor$Worker@25a61ea4[State = -1, empty queue]] WARN  server.GrpcLogAppender (GrpcLogAppender.java:timeoutAppendRequest(200)) - 5da997ac-485a-4ae3-a11f-bd7c3a0ad14d@group-E6C05F8A743B->103cee85-d2d3-4069-a903-4a8bed8118d2-GrpcLogAppender: appendEntries Timeout, request=5da997ac-485a-4ae3-a11f-bd7c3a0ad14d->103cee85-d2d3-4069-a903-4a8bed8118d2#12-t1, previous=(t:1, i:10), leaderCommit=10, initializing? false, entries: size=1, first=(t:1, i:11), STATEMACHINELOGENTRY, client-E18D28BDFE03, cid=21
2019-09-16 16:30:27,445 [java.util.concurrent.ThreadPoolExecutor$Worker@3a533076[State = -1, empty queue]] WARN  server.GrpcLogAppender (GrpcLogAppender.java:timeoutAppendRequest(200)) - 5da997ac-485a-4ae3-a11f-bd7c3a0ad14d@group-E6C05F8A743B->2b9d536e-7082-46d0-bcea-3da9bf5f5d0c-GrpcLogAppender: appendEntries Timeout, request=5da997ac-485a-4ae3-a11f-bd7c3a0ad14d->2b9d536e-7082-46d0-bcea-3da9bf5f5d0c#13-t1, previous=(t:1, i:11), leaderCommit=10, initializing? false, entries: size=1, first=(t:1, i:12), STATEMACHINELOGENTRY, client-E18D28BDFE03, cid=22
2019-09-16 16:30:27,447 [java.util.concurrent.ThreadPoolExecutor$Worker@25a61ea4[State = -1, empty queue]] WARN  server.GrpcLogAppender (GrpcLogAppender.java:timeoutAppendRequest(200)) - 5da997ac-485a-4ae3-a11f-bd7c3a0ad14d@group-E6C05F8A743B->103cee85-d2d3-4069-a903-4a8bed8118d2-GrpcLogAppender: appendEntries Timeout, request=5da997ac-485a-4ae3-a11f-bd7c3a0ad14d->103cee85-d2d3-4069-a903-4a8bed8118d2#13-t1, previous=(t:1, i:11), leaderCommit=10, initializing? false, entries: size=1, first=(t:1, i:12), STATEMACHINELOGENTRY, client-E18D28BDFE03, cid=22
2019-09-16 16:30:27,450 [java.util.concurrent.ThreadPoolExecutor$Worker@3a533076[State = -1, empty queue]] WARN  server.GrpcLogAppender (GrpcLogAppender.java:timeoutAppendRequest(200)) - 5da997ac-485a-4ae3-a11f-bd7c3a0ad14d@group-E6C05F8A743B->2b9d536e-7082-46d0-bcea-3da9bf5f5d0c-GrpcLogAppender: appendEntries Timeout, request=5da997ac-485a-4ae3-a11f-bd7c3a0ad14d->2b9d536e-7082-46d0-bcea-3da9bf5f5d0c#14-t1, previous=(t:1, i:12), leaderCommit=10, initializing? false, entries: size=1, first=(t:1, i:13), STATEMACHINELOGENTRY, client-E18D28BDFE03, cid=23
2019-09-16 16:30:27,452 [java.util.concurrent.ThreadPoolExecutor$Worker@25a61ea4[State = -1, empty queue]] WARN  server.GrpcLogAppender (GrpcLogAppender.java:timeoutAppendRequest(200)) - 5da997ac-485a-4ae3-a11f-bd7c3a0ad14d@group-E6C05F8A743B->103cee85-d2d3-4069-a903-4a8bed8118d2-GrpcLogAppender: appendEntries Timeout, request=5da997ac-485a-4ae3-a11f-bd7c3a0ad14d->103cee85-d2d3-4069-a903-4a8bed8118d2#14-t1, previous=(t:1, i:12), leaderCommit=10, initializing? false, entries: size=1, first=(t:1, i:13), STATEMACHINELOGENTRY, client-E18D28BDFE03, cid=23
2019-09-16 16:30:29,499 [grpc-default-executor-2] INFO  client.GrpcClientProtocolClient (GrpcClientProtocolClient.java:onNext(264)) - client-E18D28BDFE03->103cee85-d2d3-4069-a903-4a8bed8118d2: receive RaftClientReply:client-E18D28BDFE03->103cee85-d2d3-4069-a903-4a8bed8118d2@group-E6C05F8A743B, cid=21, FAILED org.apache.ratis.protocol.NotLeaderException: Server 103cee85-d2d3-4069-a903-4a8bed8118d2@group-E6C05F8A743B is not the leader 5da997ac-485a-4ae3-a11f-bd7c3a0ad14d:192.168.5.183:41252, logIndex=0, commits[103cee85-d2d3-4069-a903-4a8bed8118d2:c10, 2b9d536e-7082-46d0-bcea-3da9bf5f5d0c:c6, 5da997ac-485a-4ae3-a11f-bd7c3a0ad14d:c10]
2019-09-16 16:30:29,940 [java.util.concurrent.ThreadPoolExecutor$Worker@25a61ea4[State = -1, empty queue]] WARN  server.GrpcLogAppender (GrpcLogAppender.java:timeoutAppendRequest(200)) - 5da997ac-485a-4ae3-a11f-bd7c3a0ad14d@group-E6C05F8A743B->103cee85-d2d3-4069-a903-4a8bed8118d2-GrpcLogAppender: appendEntries Timeout, request=5da997ac-485a-4ae3-a11f-bd7c3a0ad14d->103cee85-d2d3-4069-a903-4a8bed8118d2#15-t1, previous=(t:1, i:13), leaderCommit=10, initializing? false, entries: <empty>
2019-09-16 16:30:29,940 [java.util.concurrent.ThreadPoolExecutor$Worker@3a533076[State = -1, empty queue]] WARN  server.GrpcLogAppender (GrpcLogAppender.java:timeoutAppendRequest(200)) - 5da997ac-485a-4ae3-a11f-bd7c3a0ad14d@group-E6C05F8A743B->2b9d536e-7082-46d0-bcea-3da9bf5f5d0c-GrpcLogAppender: appendEntries Timeout, request=5da997ac-485a-4ae3-a11f-bd7c3a0ad14d->2b9d536e-7082-46d0-bcea-3da9bf5f5d0c#15-t1, previous=(t:1, i:13), leaderCommit=10, initializing? false, entries: <empty>
2019-09-16 16:30:32,441 [java.util.concurrent.ThreadPoolExecutor$Worker@3a533076[State = -1, empty queue]] WARN  server.GrpcLogAppender (GrpcLogAppender.java:timeoutAppendRequest(200)) - 5da997ac-485a-4ae3-a11f-bd7c3a0ad14d@group-E6C05F8A743B->2b9d536e-7082-46d0-bcea-3da9bf5f5d0c-GrpcLogAppender: appendEntries Timeout, request=5da997ac-485a-4ae3-a11f-bd7c3a0ad14d->2b9d536e-7082-46d0-bcea-3da9bf5f5d0c#16-t1, previous=(t:1, i:13), leaderCommit=10, initializing? false, entries: <empty>
2019-09-16 16:30:32,441 [java.util.concurrent.ThreadPoolExecutor$Worker@25a61ea4[State = -1, empty queue]] WARN  server.GrpcLogAppender (GrpcLogAppender.java:timeoutAppendRequest(200)) - 5da997ac-485a-4ae3-a11f-bd7c3a0ad14d@group-E6C05F8A743B->103cee85-d2d3-4069-a903-4a8bed8118d2-GrpcLogAppender: appendEntries Timeout, request=5da997ac-485a-4ae3-a11f-bd7c3a0ad14d->103cee85-d2d3-4069-a903-4a8bed8118d2#16-t1, previous=(t:1, i:13), leaderCommit=10, initializing? false, entries: <empty>
2019-09-16 16:30:34,553 [grpc-default-executor-3] INFO  client.GrpcClientProtocolClient (GrpcClientProtocolClient.java:onNext(264)) - client-E18D28BDFE03->103cee85-d2d3-4069-a903-4a8bed8118d2: receive RaftClientReply:client-E18D28BDFE03->103cee85-d2d3-4069-a903-4a8bed8118d2@group-E6C05F8A743B, cid=21, FAILED org.apache.ratis.protocol.NotLeaderException: Server 103cee85-d2d3-4069-a903-4a8bed8118d2@group-E6C05F8A743B is not the leader 5da997ac-485a-4ae3-a11f-bd7c3a0ad14d:192.168.5.183:41252, logIndex=0, commits[103cee85-d2d3-4069-a903-4a8bed8118d2:c10, 2b9d536e-7082-46d0-bcea-3da9bf5f5d0c:c6, 5da997ac-485a-4ae3-a11f-bd7c3a0ad14d:c10]
2019-09-16 16:30:34,942 [java.util.concurrent.ThreadPoolExecutor$Worker@3a533076[State = -1, empty queue]] WARN  server.GrpcLogAppender (GrpcLogAppender.java:timeoutAppendRequest(200)) - 5da997ac-485a-4ae3-a11f-bd7c3a0ad14d@group-E6C05F8A743B->2b9d536e-7082-46d0-bcea-3da9bf5f5d0c-GrpcLogAppender: appendEntries Timeout, request=5da997ac-485a-4ae3-a11f-bd7c3a0ad14d->2b9d536e-7082-46d0-bcea-3da9bf5f5d0c#17-t1, previous=(t:1, i:13), leaderCommit=10, initializing? false, entries: <empty>
2019-09-16 16:30:34,942 [java.util.concurrent.ThreadPoolExecutor$Worker@25a61ea4[State = -1, empty queue]] WARN  server.GrpcLogAppender (GrpcLogAppender.java:timeoutAppendRequest(200)) - 5da997ac-485a-4ae3-a11f-bd7c3a0ad14d@group-E6C05F8A743B->103cee85-d2d3-4069-a903-4a8bed8118d2-GrpcLogAppender: appendEntries Timeout, request=5da997ac-485a-4ae3-a11f-bd7c3a0ad14d->103cee85-d2d3-4069-a903-4a8bed8118d2#17-t1, previous=(t:1, i:13), leaderCommit=10, initializing? false, entries: <empty>
2019-09-16 16:30:35,452 [2b9d536e-7082-46d0-bcea-3da9bf5f5d0c@group-E6C05F8A743B-SegmentedRaftLogWorker] WARN  segmented.SegmentedRaftLogWorker (SegmentedRaftLogWorker.java:getFromFuture(90)) - Timeout 0/~
org.apache.ratis.protocol.TimeoutIOException: Timeout 10s: WriteLog:12: (t:1, i:12), STATEMACHINELOGENTRY, client-E18D28BDFE03, cid=22-writeStateMachineData
	at org.apache.ratis.util.IOUtils.getFromFuture(IOUtils.java:87)
	at org.apache.ratis.server.raftlog.segmented.SegmentedRaftLogWorker$StateMachineDataPolicy.getFromFuture(SegmentedRaftLogWorker.java:87)
	at org.apache.ratis.server.raftlog.segmented.SegmentedRaftLogWorker$WriteLog.execute(SegmentedRaftLogWorker.java:477)
	at org.apache.ratis.server.raftlog.segmented.SegmentedRaftLogWorker.run(SegmentedRaftLogWorker.java:289)
	at java.lang.Thread.run(Thread.java:748)
Caused by: java.util.concurrent.TimeoutException
	at java.util.concurrent.CompletableFuture.timedGet(CompletableFuture.java:1771)
	at java.util.concurrent.CompletableFuture.get(CompletableFuture.java:1915)
	at org.apache.ratis.util.IOUtils.getFromFuture(IOUtils.java:79)
	... 4 more
2019-09-16 16:30:35,452 [103cee85-d2d3-4069-a903-4a8bed8118d2@group-E6C05F8A743B-SegmentedRaftLogWorker] WARN  segmented.SegmentedRaftLogWorker (SegmentedRaftLogWorker.java:getFromFuture(90)) - Timeout 0/~
org.apache.ratis.protocol.TimeoutIOException: Timeout 10s: WriteLog:12: (t:1, i:12), STATEMACHINELOGENTRY, client-E18D28BDFE03, cid=22-writeStateMachineData
	at org.apache.ratis.util.IOUtils.getFromFuture(IOUtils.java:87)
	at org.apache.ratis.server.raftlog.segmented.SegmentedRaftLogWorker$StateMachineDataPolicy.getFromFuture(SegmentedRaftLogWorker.java:87)
	at org.apache.ratis.server.raftlog.segmented.SegmentedRaftLogWorker$WriteLog.execute(SegmentedRaftLogWorker.java:477)
	at org.apache.ratis.server.raftlog.segmented.SegmentedRaftLogWorker.run(SegmentedRaftLogWorker.java:289)
	at java.lang.Thread.run(Thread.java:748)
Caused by: java.util.concurrent.TimeoutException
	at java.util.concurrent.CompletableFuture.timedGet(CompletableFuture.java:1771)
	at java.util.concurrent.CompletableFuture.get(CompletableFuture.java:1915)
	at org.apache.ratis.util.IOUtils.getFromFuture(IOUtils.java:79)
	... 4 more
2019-09-16 16:30:35,452 [5da997ac-485a-4ae3-a11f-bd7c3a0ad14d@group-E6C05F8A743B-SegmentedRaftLogWorker] WARN  segmented.SegmentedRaftLogWorker (SegmentedRaftLogWorker.java:getFromFuture(90)) - Timeout 0/~
org.apache.ratis.protocol.TimeoutIOException: Timeout 10s: WriteLog:12: (t:1, i:12), STATEMACHINELOGENTRY, client-E18D28BDFE03, cid=22-writeStateMachineData
	at org.apache.ratis.util.IOUtils.getFromFuture(IOUtils.java:87)
	at org.apache.ratis.server.raftlog.segmented.SegmentedRaftLogWorker$StateMachineDataPolicy.getFromFuture(SegmentedRaftLogWorker.java:87)
	at org.apache.ratis.server.raftlog.segmented.SegmentedRaftLogWorker$WriteLog.execute(SegmentedRaftLogWorker.java:477)
	at org.apache.ratis.server.raftlog.segmented.SegmentedRaftLogWorker.run(SegmentedRaftLogWorker.java:289)
	at java.lang.Thread.run(Thread.java:748)
Caused by: java.util.concurrent.TimeoutException
	at java.util.concurrent.CompletableFuture.timedGet(CompletableFuture.java:1771)
	at java.util.concurrent.CompletableFuture.get(CompletableFuture.java:1915)
	at org.apache.ratis.util.IOUtils.getFromFuture(IOUtils.java:79)
	... 4 more
2019-09-16 16:30:37,443 [java.util.concurrent.ThreadPoolExecutor$Worker@25a61ea4[State = -1, empty queue]] WARN  server.GrpcLogAppender (GrpcLogAppender.java:timeoutAppendRequest(200)) - 5da997ac-485a-4ae3-a11f-bd7c3a0ad14d@group-E6C05F8A743B->103cee85-d2d3-4069-a903-4a8bed8118d2-GrpcLogAppender: appendEntries Timeout, request=5da997ac-485a-4ae3-a11f-bd7c3a0ad14d->103cee85-d2d3-4069-a903-4a8bed8118d2#18-t1, previous=(t:1, i:13), leaderCommit=10, initializing? false, entries: <empty>
2019-09-16 16:30:37,443 [java.util.concurrent.ThreadPoolExecutor$Worker@3a533076[State = -1, empty queue]] WARN  server.GrpcLogAppender (GrpcLogAppender.java:timeoutAppendRequest(200)) - 5da997ac-485a-4ae3-a11f-bd7c3a0ad14d@group-E6C05F8A743B->2b9d536e-7082-46d0-bcea-3da9bf5f5d0c-GrpcLogAppender: appendEntries Timeout, request=5da997ac-485a-4ae3-a11f-bd7c3a0ad14d->2b9d536e-7082-46d0-bcea-3da9bf5f5d0c#18-t1, previous=(t:1, i:13), leaderCommit=10, initializing? false, entries: <empty>
2019-09-16 16:30:39,618 [grpc-default-executor-3] INFO  client.GrpcClientProtocolClient (GrpcClientProtocolClient.java:onNext(264)) - client-E18D28BDFE03->103cee85-d2d3-4069-a903-4a8bed8118d2: receive RaftClientReply:client-E18D28BDFE03->103cee85-d2d3-4069-a903-4a8bed8118d2@group-E6C05F8A743B, cid=21, FAILED org.apache.ratis.protocol.NotLeaderException: Server 103cee85-d2d3-4069-a903-4a8bed8118d2@group-E6C05F8A743B is not the leader 5da997ac-485a-4ae3-a11f-bd7c3a0ad14d:192.168.5.183:41252, logIndex=0, commits[103cee85-d2d3-4069-a903-4a8bed8118d2:c10, 2b9d536e-7082-46d0-bcea-3da9bf5f5d0c:c6, 5da997ac-485a-4ae3-a11f-bd7c3a0ad14d:c10]
2019-09-16 16:30:39,944 [java.util.concurrent.ThreadPoolExecutor$Worker@25a61ea4[State = -1, empty queue]] WARN  server.GrpcLogAppender (GrpcLogAppender.java:timeoutAppendRequest(200)) - 5da997ac-485a-4ae3-a11f-bd7c3a0ad14d@group-E6C05F8A743B->103cee85-d2d3-4069-a903-4a8bed8118d2-GrpcLogAppender: appendEntries Timeout, request=5da997ac-485a-4ae3-a11f-bd7c3a0ad14d->103cee85-d2d3-4069-a903-4a8bed8118d2#19-t1, previous=(t:1, i:13), leaderCommit=10, initializing? false, entries: <empty>
2019-09-16 16:30:39,944 [java.util.concurrent.ThreadPoolExecutor$Worker@3a533076[State = -1, empty queue]] WARN  server.GrpcLogAppender (GrpcLogAppender.java:timeoutAppendRequest(200)) - 5da997ac-485a-4ae3-a11f-bd7c3a0ad14d@group-E6C05F8A743B->2b9d536e-7082-46d0-bcea-3da9bf5f5d0c-GrpcLogAppender: appendEntries Timeout, request=5da997ac-485a-4ae3-a11f-bd7c3a0ad14d->2b9d536e-7082-46d0-bcea-3da9bf5f5d0c#19-t1, previous=(t:1, i:13), leaderCommit=10, initializing? false, entries: <empty>
2019-09-16 16:30:42,444 [java.util.concurrent.ThreadPoolExecutor$Worker@25a61ea4[State = -1, empty queue]] WARN  server.GrpcLogAppender (GrpcLogAppender.java:timeoutAppendRequest(200)) - 5da997ac-485a-4ae3-a11f-bd7c3a0ad14d@group-E6C05F8A743B->103cee85-d2d3-4069-a903-4a8bed8118d2-GrpcLogAppender: appendEntries Timeout, request=5da997ac-485a-4ae3-a11f-bd7c3a0ad14d->103cee85-d2d3-4069-a903-4a8bed8118d2#20-t1, previous=(t:1, i:13), leaderCommit=10, initializing? false, entries: <empty>
2019-09-16 16:30:42,444 [java.util.concurrent.ThreadPoolExecutor$Worker@3a533076[State = -1, empty queue]] WARN  server.GrpcLogAppender (GrpcLogAppender.java:timeoutAppendRequest(200)) - 5da997ac-485a-4ae3-a11f-bd7c3a0ad14d@group-E6C05F8A743B->2b9d536e-7082-46d0-bcea-3da9bf5f5d0c-GrpcLogAppender: appendEntries Timeout, request=5da997ac-485a-4ae3-a11f-bd7c3a0ad14d->2b9d536e-7082-46d0-bcea-3da9bf5f5d0c#20-t1, previous=(t:1, i:13), leaderCommit=10, initializing? false, entries: <empty>
2019-09-16 16:30:44,666 [grpc-default-executor-3] INFO  client.GrpcClientProtocolClient (GrpcClientProtocolClient.java:onNext(264)) - client-E18D28BDFE03->2b9d536e-7082-46d0-bcea-3da9bf5f5d0c: receive RaftClientReply:client-E18D28BDFE03->2b9d536e-7082-46d0-bcea-3da9bf5f5d0c@group-E6C05F8A743B, cid=21, FAILED org.apache.ratis.protocol.NotLeaderException: Server 2b9d536e-7082-46d0-bcea-3da9bf5f5d0c@group-E6C05F8A743B is not the leader 5da997ac-485a-4ae3-a11f-bd7c3a0ad14d:192.168.5.183:41252, logIndex=0, commits[2b9d536e-7082-46d0-bcea-3da9bf5f5d0c:c10, 103cee85-d2d3-4069-a903-4a8bed8118d2:c6, 5da997ac-485a-4ae3-a11f-bd7c3a0ad14d:c10]
2019-09-16 16:30:44,945 [java.util.concurrent.ThreadPoolExecutor$Worker@3a533076[State = -1, empty queue]] WARN  server.GrpcLogAppender (GrpcLogAppender.java:timeoutAppendRequest(200)) - 5da997ac-485a-4ae3-a11f-bd7c3a0ad14d@group-E6C05F8A743B->2b9d536e-7082-46d0-bcea-3da9bf5f5d0c-GrpcLogAppender: appendEntries Timeout, request=5da997ac-485a-4ae3-a11f-bd7c3a0ad14d->2b9d536e-7082-46d0-bcea-3da9bf5f5d0c#21-t1, previous=(t:1, i:13), leaderCommit=10, initializing? false, entries: <empty>
2019-09-16 16:30:44,945 [java.util.concurrent.ThreadPoolExecutor$Worker@25a61ea4[State = -1, empty queue]] WARN  server.GrpcLogAppender (GrpcLogAppender.java:timeoutAppendRequest(200)) - 5da997ac-485a-4ae3-a11f-bd7c3a0ad14d@group-E6C05F8A743B->103cee85-d2d3-4069-a903-4a8bed8118d2-GrpcLogAppender: appendEntries Timeout, request=5da997ac-485a-4ae3-a11f-bd7c3a0ad14d->103cee85-d2d3-4069-a903-4a8bed8118d2#21-t1, previous=(t:1, i:13), leaderCommit=10, initializing? false, entries: <empty>
2019-09-16 16:30:45,455 [2b9d536e-7082-46d0-bcea-3da9bf5f5d0c@group-E6C05F8A743B-SegmentedRaftLogWorker] WARN  segmented.SegmentedRaftLogWorker (SegmentedRaftLogWorker.java:getFromFuture(90)) - Timeout 1/~
org.apache.ratis.protocol.TimeoutIOException: Timeout 10s: WriteLog:12: (t:1, i:12), STATEMACHINELOGENTRY, client-E18D28BDFE03, cid=22-writeStateMachineData
	at org.apache.ratis.util.IOUtils.getFromFuture(IOUtils.java:87)
	at org.apache.ratis.server.raftlog.segmented.SegmentedRaftLogWorker$StateMachineDataPolicy.getFromFuture(SegmentedRaftLogWorker.java:87)
	at org.apache.ratis.server.raftlog.segmented.SegmentedRaftLogWorker$WriteLog.execute(SegmentedRaftLogWorker.java:477)
	at org.apache.ratis.server.raftlog.segmented.SegmentedRaftLogWorker.run(SegmentedRaftLogWorker.java:289)
	at java.lang.Thread.run(Thread.java:748)
Caused by: java.util.concurrent.TimeoutException
	at java.util.concurrent.CompletableFuture.timedGet(CompletableFuture.java:1771)
	at java.util.concurrent.CompletableFuture.get(CompletableFuture.java:1915)
	at org.apache.ratis.util.IOUtils.getFromFuture(IOUtils.java:79)
	... 4 more
2019-09-16 16:30:45,456 [5da997ac-485a-4ae3-a11f-bd7c3a0ad14d@group-E6C05F8A743B-SegmentedRaftLogWorker] WARN  segmented.SegmentedRaftLogWorker (SegmentedRaftLogWorker.java:getFromFuture(90)) - Timeout 1/~
org.apache.ratis.protocol.TimeoutIOException: Timeout 10s: WriteLog:12: (t:1, i:12), STATEMACHINELOGENTRY, client-E18D28BDFE03, cid=22-writeStateMachineData
	at org.apache.ratis.util.IOUtils.getFromFuture(IOUtils.java:87)
	at org.apache.ratis.server.raftlog.segmented.SegmentedRaftLogWorker$StateMachineDataPolicy.getFromFuture(SegmentedRaftLogWorker.java:87)
	at org.apache.ratis.server.raftlog.segmented.SegmentedRaftLogWorker$WriteLog.execute(SegmentedRaftLogWorker.java:477)
	at org.apache.ratis.server.raftlog.segmented.SegmentedRaftLogWorker.run(SegmentedRaftLogWorker.java:289)
	at java.lang.Thread.run(Thread.java:748)
Caused by: java.util.concurrent.TimeoutException
	at java.util.concurrent.CompletableFuture.timedGet(CompletableFuture.java:1771)
	at java.util.concurrent.CompletableFuture.get(CompletableFuture.java:1915)
	at org.apache.ratis.util.IOUtils.getFromFuture(IOUtils.java:79)
	... 4 more
2019-09-16 16:30:45,456 [103cee85-d2d3-4069-a903-4a8bed8118d2@group-E6C05F8A743B-SegmentedRaftLogWorker] WARN  segmented.SegmentedRaftLogWorker (SegmentedRaftLogWorker.java:getFromFuture(90)) - Timeout 1/~
org.apache.ratis.protocol.TimeoutIOException: Timeout 10s: WriteLog:12: (t:1, i:12), STATEMACHINELOGENTRY, client-E18D28BDFE03, cid=22-writeStateMachineData
	at org.apache.ratis.util.IOUtils.getFromFuture(IOUtils.java:87)
	at org.apache.ratis.server.raftlog.segmented.SegmentedRaftLogWorker$StateMachineDataPolicy.getFromFuture(SegmentedRaftLogWorker.java:87)
	at org.apache.ratis.server.raftlog.segmented.SegmentedRaftLogWorker$WriteLog.execute(SegmentedRaftLogWorker.java:477)
	at org.apache.ratis.server.raftlog.segmented.SegmentedRaftLogWorker.run(SegmentedRaftLogWorker.java:289)
	at java.lang.Thread.run(Thread.java:748)
Caused by: java.util.concurrent.TimeoutException
	at java.util.concurrent.CompletableFuture.timedGet(CompletableFuture.java:1771)
	at java.util.concurrent.CompletableFuture.get(CompletableFuture.java:1915)
	at org.apache.ratis.util.IOUtils.getFromFuture(IOUtils.java:79)
	... 4 more
2019-09-16 16:30:47,446 [java.util.concurrent.ThreadPoolExecutor$Worker@25a61ea4[State = -1, empty queue]] WARN  server.GrpcLogAppender (GrpcLogAppender.java:timeoutAppendRequest(200)) - 5da997ac-485a-4ae3-a11f-bd7c3a0ad14d@group-E6C05F8A743B->103cee85-d2d3-4069-a903-4a8bed8118d2-GrpcLogAppender: appendEntries Timeout, request=5da997ac-485a-4ae3-a11f-bd7c3a0ad14d->103cee85-d2d3-4069-a903-4a8bed8118d2#22-t1, previous=(t:1, i:13), leaderCommit=10, initializing? false, entries: <empty>
2019-09-16 16:30:47,446 [java.util.concurrent.ThreadPoolExecutor$Worker@3a533076[State = -1, empty queue]] WARN  server.GrpcLogAppender (GrpcLogAppender.java:timeoutAppendRequest(200)) - 5da997ac-485a-4ae3-a11f-bd7c3a0ad14d@group-E6C05F8A743B->2b9d536e-7082-46d0-bcea-3da9bf5f5d0c-GrpcLogAppender: appendEntries Timeout, request=5da997ac-485a-4ae3-a11f-bd7c3a0ad14d->2b9d536e-7082-46d0-bcea-3da9bf5f5d0c#22-t1, previous=(t:1, i:13), leaderCommit=10, initializing? false, entries: <empty>
2019-09-16 16:30:49,756 [grpc-default-executor-3] INFO  client.GrpcClientProtocolClient (GrpcClientProtocolClient.java:onNext(264)) - client-E18D28BDFE03->2b9d536e-7082-46d0-bcea-3da9bf5f5d0c: receive RaftClientReply:client-E18D28BDFE03->2b9d536e-7082-46d0-bcea-3da9bf5f5d0c@group-E6C05F8A743B, cid=21, FAILED org.apache.ratis.protocol.NotLeaderException: Server 2b9d536e-7082-46d0-bcea-3da9bf5f5d0c@group-E6C05F8A743B is not the leader 5da997ac-485a-4ae3-a11f-bd7c3a0ad14d:192.168.5.183:41252, logIndex=0, commits[2b9d536e-7082-46d0-bcea-3da9bf5f5d0c:c10, 103cee85-d2d3-4069-a903-4a8bed8118d2:c6, 5da997ac-485a-4ae3-a11f-bd7c3a0ad14d:c10]
2019-09-16 16:30:49,948 [java.util.concurrent.ThreadPoolExecutor$Worker@25a61ea4[State = -1, empty queue]] WARN  server.GrpcLogAppender (GrpcLogAppender.java:timeoutAppendRequest(200)) - 5da997ac-485a-4ae3-a11f-bd7c3a0ad14d@group-E6C05F8A743B->103cee85-d2d3-4069-a903-4a8bed8118d2-GrpcLogAppender: appendEntries Timeout, request=5da997ac-485a-4ae3-a11f-bd7c3a0ad14d->103cee85-d2d3-4069-a903-4a8bed8118d2#23-t1, previous=(t:1, i:13), leaderCommit=10, initializing? false, entries: <empty>
2019-09-16 16:30:49,948 [java.util.concurrent.ThreadPoolExecutor$Worker@3a533076[State = -1, empty queue]] WARN  server.GrpcLogAppender (GrpcLogAppender.java:timeoutAppendRequest(200)) - 5da997ac-485a-4ae3-a11f-bd7c3a0ad14d@group-E6C05F8A743B->2b9d536e-7082-46d0-bcea-3da9bf5f5d0c-GrpcLogAppender: appendEntries Timeout, request=5da997ac-485a-4ae3-a11f-bd7c3a0ad14d->2b9d536e-7082-46d0-bcea-3da9bf5f5d0c#23-t1, previous=(t:1, i:13), leaderCommit=10, initializing? false, entries: <empty>
2019-09-16 16:30:52,449 [java.util.concurrent.ThreadPoolExecutor$Worker@3a533076[State = -1, empty queue]] WARN  server.GrpcLogAppender (GrpcLogAppender.java:timeoutAppendRequest(200)) - 5da997ac-485a-4ae3-a11f-bd7c3a0ad14d@group-E6C05F8A743B->2b9d536e-7082-46d0-bcea-3da9bf5f5d0c-GrpcLogAppender: appendEntries Timeout, request=5da997ac-485a-4ae3-a11f-bd7c3a0ad14d->2b9d536e-7082-46d0-bcea-3da9bf5f5d0c#24-t1, previous=(t:1, i:13), leaderCommit=10, initializing? false, entries: <empty>
2019-09-16 16:30:52,449 [java.util.concurrent.ThreadPoolExecutor$Worker@25a61ea4[State = -1, empty queue]] WARN  server.GrpcLogAppender (GrpcLogAppender.java:timeoutAppendRequest(200)) - 5da997ac-485a-4ae3-a11f-bd7c3a0ad14d@group-E6C05F8A743B->103cee85-d2d3-4069-a903-4a8bed8118d2-GrpcLogAppender: appendEntries Timeout, request=5da997ac-485a-4ae3-a11f-bd7c3a0ad14d->103cee85-d2d3-4069-a903-4a8bed8118d2#24-t1, previous=(t:1, i:13), leaderCommit=10, initializing? false, entries: <empty>
2019-09-16 16:30:54,818 [grpc-default-executor-2] INFO  client.GrpcClientProtocolClient (GrpcClientProtocolClient.java:onNext(264)) - client-E18D28BDFE03->103cee85-d2d3-4069-a903-4a8bed8118d2: receive RaftClientReply:client-E18D28BDFE03->103cee85-d2d3-4069-a903-4a8bed8118d2@group-E6C05F8A743B, cid=21, FAILED org.apache.ratis.protocol.NotLeaderException: Server 103cee85-d2d3-4069-a903-4a8bed8118d2@group-E6C05F8A743B is not the leader 5da997ac-485a-4ae3-a11f-bd7c3a0ad14d:192.168.5.183:41252, logIndex=0, commits[103cee85-d2d3-4069-a903-4a8bed8118d2:c10, 2b9d536e-7082-46d0-bcea-3da9bf5f5d0c:c6, 5da997ac-485a-4ae3-a11f-bd7c3a0ad14d:c10]
2019-09-16 16:30:54,951 [java.util.concurrent.ThreadPoolExecutor$Worker@25a61ea4[State = -1, empty queue]] WARN  server.GrpcLogAppender (GrpcLogAppender.java:timeoutAppendRequest(200)) - 5da997ac-485a-4ae3-a11f-bd7c3a0ad14d@group-E6C05F8A743B->103cee85-d2d3-4069-a903-4a8bed8118d2-GrpcLogAppender: appendEntries Timeout, request=5da997ac-485a-4ae3-a11f-bd7c3a0ad14d->103cee85-d2d3-4069-a903-4a8bed8118d2#25-t1, previous=(t:1, i:13), leaderCommit=10, initializing? false, entries: <empty>
2019-09-16 16:30:54,951 [java.util.concurrent.ThreadPoolExecutor$Worker@3a533076[State = -1, empty queue]] WARN  server.GrpcLogAppender (GrpcLogAppender.java:timeoutAppendRequest(200)) - 5da997ac-485a-4ae3-a11f-bd7c3a0ad14d@group-E6C05F8A743B->2b9d536e-7082-46d0-bcea-3da9bf5f5d0c-GrpcLogAppender: appendEntries Timeout, request=5da997ac-485a-4ae3-a11f-bd7c3a0ad14d->2b9d536e-7082-46d0-bcea-3da9bf5f5d0c#25-t1, previous=(t:1, i:13), leaderCommit=10, initializing? false, entries: <empty>
2019-09-16 16:30:55,457 [5da997ac-485a-4ae3-a11f-bd7c3a0ad14d@group-E6C05F8A743B-SegmentedRaftLogWorker] WARN  segmented.SegmentedRaftLogWorker (SegmentedRaftLogWorker.java:getFromFuture(90)) - Timeout 2/~
org.apache.ratis.protocol.TimeoutIOException: Timeout 10s: WriteLog:12: (t:1, i:12), STATEMACHINELOGENTRY, client-E18D28BDFE03, cid=22-writeStateMachineData
	at org.apache.ratis.util.IOUtils.getFromFuture(IOUtils.java:87)
	at org.apache.ratis.server.raftlog.segmented.SegmentedRaftLogWorker$StateMachineDataPolicy.getFromFuture(SegmentedRaftLogWorker.java:87)
	at org.apache.ratis.server.raftlog.segmented.SegmentedRaftLogWorker$WriteLog.execute(SegmentedRaftLogWorker.java:477)
	at org.apache.ratis.server.raftlog.segmented.SegmentedRaftLogWorker.run(SegmentedRaftLogWorker.java:289)
	at java.lang.Thread.run(Thread.java:748)
Caused by: java.util.concurrent.TimeoutException
	at java.util.concurrent.CompletableFuture.timedGet(CompletableFuture.java:1771)
	at java.util.concurrent.CompletableFuture.get(CompletableFuture.java:1915)
	at org.apache.ratis.util.IOUtils.getFromFuture(IOUtils.java:79)
	... 4 more
2019-09-16 16:30:55,457 [103cee85-d2d3-4069-a903-4a8bed8118d2@group-E6C05F8A743B-SegmentedRaftLogWorker] WARN  segmented.SegmentedRaftLogWorker (SegmentedRaftLogWorker.java:getFromFuture(90)) - Timeout 2/~
org.apache.ratis.protocol.TimeoutIOException: Timeout 10s: WriteLog:12: (t:1, i:12), STATEMACHINELOGENTRY, client-E18D28BDFE03, cid=22-writeStateMachineData
	at org.apache.ratis.util.IOUtils.getFromFuture(IOUtils.java:87)
	at org.apache.ratis.server.raftlog.segmented.SegmentedRaftLogWorker$StateMachineDataPolicy.getFromFuture(SegmentedRaftLogWorker.java:87)
	at org.apache.ratis.server.raftlog.segmented.SegmentedRaftLogWorker$WriteLog.execute(SegmentedRaftLogWorker.java:477)
	at org.apache.ratis.server.raftlog.segmented.SegmentedRaftLogWorker.run(SegmentedRaftLogWorker.java:289)
	at java.lang.Thread.run(Thread.java:748)
Caused by: java.util.concurrent.TimeoutException
	at java.util.concurrent.CompletableFuture.timedGet(CompletableFuture.java:1771)
	at java.util.concurrent.CompletableFuture.get(CompletableFuture.java:1915)
	at org.apache.ratis.util.IOUtils.getFromFuture(IOUtils.java:79)
	... 4 more
2019-09-16 16:30:55,457 [2b9d536e-7082-46d0-bcea-3da9bf5f5d0c@group-E6C05F8A743B-SegmentedRaftLogWorker] WARN  segmented.SegmentedRaftLogWorker (SegmentedRaftLogWorker.java:getFromFuture(90)) - Timeout 2/~
org.apache.ratis.protocol.TimeoutIOException: Timeout 10s: WriteLog:12: (t:1, i:12), STATEMACHINELOGENTRY, client-E18D28BDFE03, cid=22-writeStateMachineData
	at org.apache.ratis.util.IOUtils.getFromFuture(IOUtils.java:87)
	at org.apache.ratis.server.raftlog.segmented.SegmentedRaftLogWorker$StateMachineDataPolicy.getFromFuture(SegmentedRaftLogWorker.java:87)
	at org.apache.ratis.server.raftlog.segmented.SegmentedRaftLogWorker$WriteLog.execute(SegmentedRaftLogWorker.java:477)
	at org.apache.ratis.server.raftlog.segmented.SegmentedRaftLogWorker.run(SegmentedRaftLogWorker.java:289)
	at java.lang.Thread.run(Thread.java:748)
Caused by: java.util.concurrent.TimeoutException
	at java.util.concurrent.CompletableFuture.timedGet(CompletableFuture.java:1771)
	at java.util.concurrent.CompletableFuture.get(CompletableFuture.java:1915)
	at org.apache.ratis.util.IOUtils.getFromFuture(IOUtils.java:79)
	... 4 more
2019-09-16 16:30:57,451 [java.util.concurrent.ThreadPoolExecutor$Worker@3a533076[State = -1, empty queue]] WARN  server.GrpcLogAppender (GrpcLogAppender.java:timeoutAppendRequest(200)) - 5da997ac-485a-4ae3-a11f-bd7c3a0ad14d@group-E6C05F8A743B->2b9d536e-7082-46d0-bcea-3da9bf5f5d0c-GrpcLogAppender: appendEntries Timeout, request=5da997ac-485a-4ae3-a11f-bd7c3a0ad14d->2b9d536e-7082-46d0-bcea-3da9bf5f5d0c#26-t1, previous=(t:1, i:13), leaderCommit=10, initializing? false, entries: <empty>
2019-09-16 16:30:57,451 [java.util.concurrent.ThreadPoolExecutor$Worker@25a61ea4[State = -1, empty queue]] WARN  server.GrpcLogAppender (GrpcLogAppender.java:timeoutAppendRequest(200)) - 5da997ac-485a-4ae3-a11f-bd7c3a0ad14d@group-E6C05F8A743B->103cee85-d2d3-4069-a903-4a8bed8118d2-GrpcLogAppender: appendEntries Timeout, request=5da997ac-485a-4ae3-a11f-bd7c3a0ad14d->103cee85-d2d3-4069-a903-4a8bed8118d2#26-t1, previous=(t:1, i:13), leaderCommit=10, initializing? false, entries: <empty>
2019-09-16 16:30:59,882 [grpc-default-executor-4] INFO  client.GrpcClientProtocolClient (GrpcClientProtocolClient.java:onNext(264)) - client-E18D28BDFE03->103cee85-d2d3-4069-a903-4a8bed8118d2: receive RaftClientReply:client-E18D28BDFE03->103cee85-d2d3-4069-a903-4a8bed8118d2@group-E6C05F8A743B, cid=21, FAILED org.apache.ratis.protocol.NotLeaderException: Server 103cee85-d2d3-4069-a903-4a8bed8118d2@group-E6C05F8A743B is not the leader 5da997ac-485a-4ae3-a11f-bd7c3a0ad14d:192.168.5.183:41252, logIndex=0, commits[103cee85-d2d3-4069-a903-4a8bed8118d2:c10, 2b9d536e-7082-46d0-bcea-3da9bf5f5d0c:c6, 5da997ac-485a-4ae3-a11f-bd7c3a0ad14d:c10]
2019-09-16 16:30:59,953 [java.util.concurrent.ThreadPoolExecutor$Worker@3a533076[State = -1, empty queue]] WARN  server.GrpcLogAppender (GrpcLogAppender.java:timeoutAppendRequest(200)) - 5da997ac-485a-4ae3-a11f-bd7c3a0ad14d@group-E6C05F8A743B->2b9d536e-7082-46d0-bcea-3da9bf5f5d0c-GrpcLogAppender: appendEntries Timeout, request=5da997ac-485a-4ae3-a11f-bd7c3a0ad14d->2b9d536e-7082-46d0-bcea-3da9bf5f5d0c#27-t1, previous=(t:1, i:13), leaderCommit=10, initializing? false, entries: <empty>
2019-09-16 16:30:59,953 [java.util.concurrent.ThreadPoolExecutor$Worker@25a61ea4[State = -1, empty queue]] WARN  server.GrpcLogAppender (GrpcLogAppender.java:timeoutAppendRequest(200)) - 5da997ac-485a-4ae3-a11f-bd7c3a0ad14d@group-E6C05F8A743B->103cee85-d2d3-4069-a903-4a8bed8118d2-GrpcLogAppender: appendEntries Timeout, request=5da997ac-485a-4ae3-a11f-bd7c3a0ad14d->103cee85-d2d3-4069-a903-4a8bed8118d2#27-t1, previous=(t:1, i:13), leaderCommit=10, initializing? false, entries: <empty>
2019-09-16 16:31:02,454 [java.util.concurrent.ThreadPoolExecutor$Worker@3a533076[State = -1, empty queue]] WARN  server.GrpcLogAppender (GrpcLogAppender.java:timeoutAppendRequest(200)) - 5da997ac-485a-4ae3-a11f-bd7c3a0ad14d@group-E6C05F8A743B->2b9d536e-7082-46d0-bcea-3da9bf5f5d0c-GrpcLogAppender: appendEntries Timeout, request=5da997ac-485a-4ae3-a11f-bd7c3a0ad14d->2b9d536e-7082-46d0-bcea-3da9bf5f5d0c#28-t1, previous=(t:1, i:13), leaderCommit=10, initializing? false, entries: <empty>
2019-09-16 16:31:02,454 [java.util.concurrent.ThreadPoolExecutor$Worker@25a61ea4[State = -1, empty queue]] WARN  server.GrpcLogAppender (GrpcLogAppender.java:timeoutAppendRequest(200)) - 5da997ac-485a-4ae3-a11f-bd7c3a0ad14d@group-E6C05F8A743B->103cee85-d2d3-4069-a903-4a8bed8118d2-GrpcLogAppender: appendEntries Timeout, request=5da997ac-485a-4ae3-a11f-bd7c3a0ad14d->103cee85-d2d3-4069-a903-4a8bed8118d2#28-t1, previous=(t:1, i:13), leaderCommit=10, initializing? false, entries: <empty>
2019-09-16 16:31:04,947 [grpc-default-executor-4] INFO  client.GrpcClientProtocolClient (GrpcClientProtocolClient.java:onNext(264)) - client-E18D28BDFE03->2b9d536e-7082-46d0-bcea-3da9bf5f5d0c: receive RaftClientReply:client-E18D28BDFE03->2b9d536e-7082-46d0-bcea-3da9bf5f5d0c@group-E6C05F8A743B, cid=21, FAILED org.apache.ratis.protocol.NotLeaderException: Server 2b9d536e-7082-46d0-bcea-3da9bf5f5d0c@group-E6C05F8A743B is not the leader 5da997ac-485a-4ae3-a11f-bd7c3a0ad14d:192.168.5.183:41252, logIndex=0, commits[2b9d536e-7082-46d0-bcea-3da9bf5f5d0c:c10, 103cee85-d2d3-4069-a903-4a8bed8118d2:c6, 5da997ac-485a-4ae3-a11f-bd7c3a0ad14d:c10]
2019-09-16 16:31:04,955 [java.util.concurrent.ThreadPoolExecutor$Worker@25a61ea4[State = -1, empty queue]] WARN  server.GrpcLogAppender (GrpcLogAppender.java:timeoutAppendRequest(200)) - 5da997ac-485a-4ae3-a11f-bd7c3a0ad14d@group-E6C05F8A743B->103cee85-d2d3-4069-a903-4a8bed8118d2-GrpcLogAppender: appendEntries Timeout, request=5da997ac-485a-4ae3-a11f-bd7c3a0ad14d->103cee85-d2d3-4069-a903-4a8bed8118d2#29-t1, previous=(t:1, i:13), leaderCommit=10, initializing? false, entries: <empty>
2019-09-16 16:31:04,955 [java.util.concurrent.ThreadPoolExecutor$Worker@3a533076[State = -1, empty queue]] WARN  server.GrpcLogAppender (GrpcLogAppender.java:timeoutAppendRequest(200)) - 5da997ac-485a-4ae3-a11f-bd7c3a0ad14d@group-E6C05F8A743B->2b9d536e-7082-46d0-bcea-3da9bf5f5d0c-GrpcLogAppender: appendEntries Timeout, request=5da997ac-485a-4ae3-a11f-bd7c3a0ad14d->2b9d536e-7082-46d0-bcea-3da9bf5f5d0c#29-t1, previous=(t:1, i:13), leaderCommit=10, initializing? false, entries: <empty>
2019-09-16 16:31:05,458 [5da997ac-485a-4ae3-a11f-bd7c3a0ad14d@group-E6C05F8A743B-SegmentedRaftLogWorker] WARN  segmented.SegmentedRaftLogWorker (SegmentedRaftLogWorker.java:getFromFuture(90)) - Timeout 3/~
org.apache.ratis.protocol.TimeoutIOException: Timeout 10s: WriteLog:12: (t:1, i:12), STATEMACHINELOGENTRY, client-E18D28BDFE03, cid=22-writeStateMachineData
	at org.apache.ratis.util.IOUtils.getFromFuture(IOUtils.java:87)
	at org.apache.ratis.server.raftlog.segmented.SegmentedRaftLogWorker$StateMachineDataPolicy.getFromFuture(SegmentedRaftLogWorker.java:87)
	at org.apache.ratis.server.raftlog.segmented.SegmentedRaftLogWorker$WriteLog.execute(SegmentedRaftLogWorker.java:477)
	at org.apache.ratis.server.raftlog.segmented.SegmentedRaftLogWorker.run(SegmentedRaftLogWorker.java:289)
	at java.lang.Thread.run(Thread.java:748)
Caused by: java.util.concurrent.TimeoutException
	at java.util.concurrent.CompletableFuture.timedGet(CompletableFuture.java:1771)
	at java.util.concurrent.CompletableFuture.get(CompletableFuture.java:1915)
	at org.apache.ratis.util.IOUtils.getFromFuture(IOUtils.java:79)
	... 4 more
2019-09-16 16:31:05,459 [2b9d536e-7082-46d0-bcea-3da9bf5f5d0c@group-E6C05F8A743B-SegmentedRaftLogWorker] WARN  segmented.SegmentedRaftLogWorker (SegmentedRaftLogWorker.java:getFromFuture(90)) - Timeout 3/~
org.apache.ratis.protocol.TimeoutIOException: Timeout 10s: WriteLog:12: (t:1, i:12), STATEMACHINELOGENTRY, client-E18D28BDFE03, cid=22-writeStateMachineData
	at org.apache.ratis.util.IOUtils.getFromFuture(IOUtils.java:87)
	at org.apache.ratis.server.raftlog.segmented.SegmentedRaftLogWorker$StateMachineDataPolicy.getFromFuture(SegmentedRaftLogWorker.java:87)
	at org.apache.ratis.server.raftlog.segmented.SegmentedRaftLogWorker$WriteLog.execute(SegmentedRaftLogWorker.java:477)
	at org.apache.ratis.server.raftlog.segmented.SegmentedRaftLogWorker.run(SegmentedRaftLogWorker.java:289)
	at java.lang.Thread.run(Thread.java:748)
Caused by: java.util.concurrent.TimeoutException
	at java.util.concurrent.CompletableFuture.timedGet(CompletableFuture.java:1771)
	at java.util.concurrent.CompletableFuture.get(CompletableFuture.java:1915)
	at org.apache.ratis.util.IOUtils.getFromFuture(IOUtils.java:79)
	... 4 more
2019-09-16 16:31:05,459 [103cee85-d2d3-4069-a903-4a8bed8118d2@group-E6C05F8A743B-SegmentedRaftLogWorker] WARN  segmented.SegmentedRaftLogWorker (SegmentedRaftLogWorker.java:getFromFuture(90)) - Timeout 3/~
org.apache.ratis.protocol.TimeoutIOException: Timeout 10s: WriteLog:12: (t:1, i:12), STATEMACHINELOGENTRY, client-E18D28BDFE03, cid=22-writeStateMachineData
	at org.apache.ratis.util.IOUtils.getFromFuture(IOUtils.java:87)
	at org.apache.ratis.server.raftlog.segmented.SegmentedRaftLogWorker$StateMachineDataPolicy.getFromFuture(SegmentedRaftLogWorker.java:87)
	at org.apache.ratis.server.raftlog.segmented.SegmentedRaftLogWorker$WriteLog.execute(SegmentedRaftLogWorker.java:477)
	at org.apache.ratis.server.raftlog.segmented.SegmentedRaftLogWorker.run(SegmentedRaftLogWorker.java:289)
	at java.lang.Thread.run(Thread.java:748)
Caused by: java.util.concurrent.TimeoutException
	at java.util.concurrent.CompletableFuture.timedGet(CompletableFuture.java:1771)
	at java.util.concurrent.CompletableFuture.get(CompletableFuture.java:1915)
	at org.apache.ratis.util.IOUtils.getFromFuture(IOUtils.java:79)
	... 4 more
2019-09-16 16:31:07,455 [java.util.concurrent.ThreadPoolExecutor$Worker@3a533076[State = -1, empty queue]] WARN  server.GrpcLogAppender (GrpcLogAppender.java:timeoutAppendRequest(200)) - 5da997ac-485a-4ae3-a11f-bd7c3a0ad14d@group-E6C05F8A743B->2b9d536e-7082-46d0-bcea-3da9bf5f5d0c-GrpcLogAppender: appendEntries Timeout, request=5da997ac-485a-4ae3-a11f-bd7c3a0ad14d->2b9d536e-7082-46d0-bcea-3da9bf5f5d0c#30-t1, previous=(t:1, i:13), leaderCommit=10, initializing? false, entries: <empty>
2019-09-16 16:31:07,455 [java.util.concurrent.ThreadPoolExecutor$Worker@25a61ea4[State = -1, empty queue]] WARN  server.GrpcLogAppender (GrpcLogAppender.java:timeoutAppendRequest(200)) - 5da997ac-485a-4ae3-a11f-bd7c3a0ad14d@group-E6C05F8A743B->103cee85-d2d3-4069-a903-4a8bed8118d2-GrpcLogAppender: appendEntries Timeout, request=5da997ac-485a-4ae3-a11f-bd7c3a0ad14d->103cee85-d2d3-4069-a903-4a8bed8118d2#30-t1, previous=(t:1, i:13), leaderCommit=10, initializing? false, entries: <empty>
2019-09-16 16:31:09,956 [java.util.concurrent.ThreadPoolExecutor$Worker@25a61ea4[State = -1, empty queue]] WARN  server.GrpcLogAppender (GrpcLogAppender.java:timeoutAppendRequest(200)) - 5da997ac-485a-4ae3-a11f-bd7c3a0ad14d@group-E6C05F8A743B->103cee85-d2d3-4069-a903-4a8bed8118d2-GrpcLogAppender: appendEntries Timeout, request=5da997ac-485a-4ae3-a11f-bd7c3a0ad14d->103cee85-d2d3-4069-a903-4a8bed8118d2#31-t1, previous=(t:1, i:13), leaderCommit=10, initializing? false, entries: <empty>
2019-09-16 16:31:09,956 [java.util.concurrent.ThreadPoolExecutor$Worker@3a533076[State = -1, empty queue]] WARN  server.GrpcLogAppender (GrpcLogAppender.java:timeoutAppendRequest(200)) - 5da997ac-485a-4ae3-a11f-bd7c3a0ad14d@group-E6C05F8A743B->2b9d536e-7082-46d0-bcea-3da9bf5f5d0c-GrpcLogAppender: appendEntries Timeout, request=5da997ac-485a-4ae3-a11f-bd7c3a0ad14d->2b9d536e-7082-46d0-bcea-3da9bf5f5d0c#31-t1, previous=(t:1, i:13), leaderCommit=10, initializing? false, entries: <empty>
2019-09-16 16:31:09,998 [grpc-default-executor-4] INFO  client.GrpcClientProtocolClient (GrpcClientProtocolClient.java:onNext(264)) - client-E18D28BDFE03->103cee85-d2d3-4069-a903-4a8bed8118d2: receive RaftClientReply:client-E18D28BDFE03->103cee85-d2d3-4069-a903-4a8bed8118d2@group-E6C05F8A743B, cid=21, FAILED org.apache.ratis.protocol.NotLeaderException: Server 103cee85-d2d3-4069-a903-4a8bed8118d2@group-E6C05F8A743B is not the leader 5da997ac-485a-4ae3-a11f-bd7c3a0ad14d:192.168.5.183:41252, logIndex=0, commits[103cee85-d2d3-4069-a903-4a8bed8118d2:c10, 2b9d536e-7082-46d0-bcea-3da9bf5f5d0c:c6, 5da997ac-485a-4ae3-a11f-bd7c3a0ad14d:c10]
2019-09-16 16:31:12,456 [java.util.concurrent.ThreadPoolExecutor$Worker@25a61ea4[State = -1, empty queue]] WARN  server.GrpcLogAppender (GrpcLogAppender.java:timeoutAppendRequest(200)) - 5da997ac-485a-4ae3-a11f-bd7c3a0ad14d@group-E6C05F8A743B->103cee85-d2d3-4069-a903-4a8bed8118d2-GrpcLogAppender: appendEntries Timeout, request=5da997ac-485a-4ae3-a11f-bd7c3a0ad14d->103cee85-d2d3-4069-a903-4a8bed8118d2#32-t1, previous=(t:1, i:13), leaderCommit=10, initializing? false, entries: <empty>
2019-09-16 16:31:12,456 [java.util.concurrent.ThreadPoolExecutor$Worker@3a533076[State = -1, empty queue]] WARN  server.GrpcLogAppender (GrpcLogAppender.java:timeoutAppendRequest(200)) - 5da997ac-485a-4ae3-a11f-bd7c3a0ad14d@group-E6C05F8A743B->2b9d536e-7082-46d0-bcea-3da9bf5f5d0c-GrpcLogAppender: appendEntries Timeout, request=5da997ac-485a-4ae3-a11f-bd7c3a0ad14d->2b9d536e-7082-46d0-bcea-3da9bf5f5d0c#32-t1, previous=(t:1, i:13), leaderCommit=10, initializing? false, entries: <empty>
2019-09-16 16:31:14,957 [java.util.concurrent.ThreadPoolExecutor$Worker@25a61ea4[State = -1, empty queue]] WARN  server.GrpcLogAppender (GrpcLogAppender.java:timeoutAppendRequest(200)) - 5da997ac-485a-4ae3-a11f-bd7c3a0ad14d@group-E6C05F8A743B->103cee85-d2d3-4069-a903-4a8bed8118d2-GrpcLogAppender: appendEntries Timeout, request=5da997ac-485a-4ae3-a11f-bd7c3a0ad14d->103cee85-d2d3-4069-a903-4a8bed8118d2#33-t1, previous=(t:1, i:13), leaderCommit=10, initializing? false, entries: <empty>
2019-09-16 16:31:14,957 [java.util.concurrent.ThreadPoolExecutor$Worker@3a533076[State = -1, empty queue]] WARN  server.GrpcLogAppender (GrpcLogAppender.java:timeoutAppendRequest(200)) - 5da997ac-485a-4ae3-a11f-bd7c3a0ad14d@group-E6C05F8A743B->2b9d536e-7082-46d0-bcea-3da9bf5f5d0c-GrpcLogAppender: appendEntries Timeout, request=5da997ac-485a-4ae3-a11f-bd7c3a0ad14d->2b9d536e-7082-46d0-bcea-3da9bf5f5d0c#33-t1, previous=(t:1, i:13), leaderCommit=10, initializing? false, entries: <empty>
2019-09-16 16:31:15,040 [grpc-default-executor-3] INFO  client.GrpcClientProtocolClient (GrpcClientProtocolClient.java:onNext(264)) - client-E18D28BDFE03->2b9d536e-7082-46d0-bcea-3da9bf5f5d0c: receive RaftClientReply:client-E18D28BDFE03->2b9d536e-7082-46d0-bcea-3da9bf5f5d0c@group-E6C05F8A743B, cid=21, FAILED org.apache.ratis.protocol.NotLeaderException: Server 2b9d536e-7082-46d0-bcea-3da9bf5f5d0c@group-E6C05F8A743B is not the leader 5da997ac-485a-4ae3-a11f-bd7c3a0ad14d:192.168.5.183:41252, logIndex=0, commits[2b9d536e-7082-46d0-bcea-3da9bf5f5d0c:c10, 103cee85-d2d3-4069-a903-4a8bed8118d2:c6, 5da997ac-485a-4ae3-a11f-bd7c3a0ad14d:c10]
2019-09-16 16:31:15,460 [5da997ac-485a-4ae3-a11f-bd7c3a0ad14d@group-E6C05F8A743B-SegmentedRaftLogWorker] WARN  segmented.SegmentedRaftLogWorker (SegmentedRaftLogWorker.java:getFromFuture(90)) - Timeout 4/~
org.apache.ratis.protocol.TimeoutIOException: Timeout 10s: WriteLog:12: (t:1, i:12), STATEMACHINELOGENTRY, client-E18D28BDFE03, cid=22-writeStateMachineData
	at org.apache.ratis.util.IOUtils.getFromFuture(IOUtils.java:87)
	at org.apache.ratis.server.raftlog.segmented.SegmentedRaftLogWorker$StateMachineDataPolicy.getFromFuture(SegmentedRaftLogWorker.java:87)
	at org.apache.ratis.server.raftlog.segmented.SegmentedRaftLogWorker$WriteLog.execute(SegmentedRaftLogWorker.java:477)
	at org.apache.ratis.server.raftlog.segmented.SegmentedRaftLogWorker.run(SegmentedRaftLogWorker.java:289)
	at java.lang.Thread.run(Thread.java:748)
Caused by: java.util.concurrent.TimeoutException
	at java.util.concurrent.CompletableFuture.timedGet(CompletableFuture.java:1771)
	at java.util.concurrent.CompletableFuture.get(CompletableFuture.java:1915)
	at org.apache.ratis.util.IOUtils.getFromFuture(IOUtils.java:79)
	... 4 more
2019-09-16 16:31:15,460 [2b9d536e-7082-46d0-bcea-3da9bf5f5d0c@group-E6C05F8A743B-SegmentedRaftLogWorker] WARN  segmented.SegmentedRaftLogWorker (SegmentedRaftLogWorker.java:getFromFuture(90)) - Timeout 4/~
org.apache.ratis.protocol.TimeoutIOException: Timeout 10s: WriteLog:12: (t:1, i:12), STATEMACHINELOGENTRY, client-E18D28BDFE03, cid=22-writeStateMachineData
	at org.apache.ratis.util.IOUtils.getFromFuture(IOUtils.java:87)
	at org.apache.ratis.server.raftlog.segmented.SegmentedRaftLogWorker$StateMachineDataPolicy.getFromFuture(SegmentedRaftLogWorker.java:87)
	at org.apache.ratis.server.raftlog.segmented.SegmentedRaftLogWorker$WriteLog.execute(SegmentedRaftLogWorker.java:477)
	at org.apache.ratis.server.raftlog.segmented.SegmentedRaftLogWorker.run(SegmentedRaftLogWorker.java:289)
	at java.lang.Thread.run(Thread.java:748)
Caused by: java.util.concurrent.TimeoutException
	at java.util.concurrent.CompletableFuture.timedGet(CompletableFuture.java:1771)
	at java.util.concurrent.CompletableFuture.get(CompletableFuture.java:1915)
	at org.apache.ratis.util.IOUtils.getFromFuture(IOUtils.java:79)
	... 4 more
2019-09-16 16:31:15,463 [103cee85-d2d3-4069-a903-4a8bed8118d2@group-E6C05F8A743B-SegmentedRaftLogWorker] WARN  segmented.SegmentedRaftLogWorker (SegmentedRaftLogWorker.java:getFromFuture(90)) - Timeout 4/~
org.apache.ratis.protocol.TimeoutIOException: Timeout 10s: WriteLog:12: (t:1, i:12), STATEMACHINELOGENTRY, client-E18D28BDFE03, cid=22-writeStateMachineData
	at org.apache.ratis.util.IOUtils.getFromFuture(IOUtils.java:87)
	at org.apache.ratis.server.raftlog.segmented.SegmentedRaftLogWorker$StateMachineDataPolicy.getFromFuture(SegmentedRaftLogWorker.java:87)
	at org.apache.ratis.server.raftlog.segmented.SegmentedRaftLogWorker$WriteLog.execute(SegmentedRaftLogWorker.java:477)
	at org.apache.ratis.server.raftlog.segmented.SegmentedRaftLogWorker.run(SegmentedRaftLogWorker.java:289)
	at java.lang.Thread.run(Thread.java:748)
Caused by: java.util.concurrent.TimeoutException
	at java.util.concurrent.CompletableFuture.timedGet(CompletableFuture.java:1771)
	at java.util.concurrent.CompletableFuture.get(CompletableFuture.java:1915)
	at org.apache.ratis.util.IOUtils.getFromFuture(IOUtils.java:79)
	... 4 more
2019-09-16 16:31:17,458 [java.util.concurrent.ThreadPoolExecutor$Worker@25a61ea4[State = -1, empty queue]] WARN  server.GrpcLogAppender (GrpcLogAppender.java:timeoutAppendRequest(200)) - 5da997ac-485a-4ae3-a11f-bd7c3a0ad14d@group-E6C05F8A743B->103cee85-d2d3-4069-a903-4a8bed8118d2-GrpcLogAppender: appendEntries Timeout, request=5da997ac-485a-4ae3-a11f-bd7c3a0ad14d->103cee85-d2d3-4069-a903-4a8bed8118d2#34-t1, previous=(t:1, i:13), leaderCommit=10, initializing? false, entries: <empty>
2019-09-16 16:31:17,458 [java.util.concurrent.ThreadPoolExecutor$Worker@3a533076[State = -1, empty queue]] WARN  server.GrpcLogAppender (GrpcLogAppender.java:timeoutAppendRequest(200)) - 5da997ac-485a-4ae3-a11f-bd7c3a0ad14d@group-E6C05F8A743B->2b9d536e-7082-46d0-bcea-3da9bf5f5d0c-GrpcLogAppender: appendEntries Timeout, request=5da997ac-485a-4ae3-a11f-bd7c3a0ad14d->2b9d536e-7082-46d0-bcea-3da9bf5f5d0c#34-t1, previous=(t:1, i:13), leaderCommit=10, initializing? false, entries: <empty>
2019-09-16 16:31:19,958 [java.util.concurrent.ThreadPoolExecutor$Worker@25a61ea4[State = -1, empty queue]] WARN  server.GrpcLogAppender (GrpcLogAppender.java:timeoutAppendRequest(200)) - 5da997ac-485a-4ae3-a11f-bd7c3a0ad14d@group-E6C05F8A743B->103cee85-d2d3-4069-a903-4a8bed8118d2-GrpcLogAppender: appendEntries Timeout, request=5da997ac-485a-4ae3-a11f-bd7c3a0ad14d->103cee85-d2d3-4069-a903-4a8bed8118d2#35-t1, previous=(t:1, i:13), leaderCommit=10, initializing? false, entries: <empty>
2019-09-16 16:31:19,961 [java.util.concurrent.ThreadPoolExecutor$Worker@3a533076[State = -1, empty queue]] WARN  server.GrpcLogAppender (GrpcLogAppender.java:timeoutAppendRequest(200)) - 5da997ac-485a-4ae3-a11f-bd7c3a0ad14d@group-E6C05F8A743B->2b9d536e-7082-46d0-bcea-3da9bf5f5d0c-GrpcLogAppender: appendEntries Timeout, request=5da997ac-485a-4ae3-a11f-bd7c3a0ad14d->2b9d536e-7082-46d0-bcea-3da9bf5f5d0c#35-t1, previous=(t:1, i:13), leaderCommit=10, initializing? false, entries: <empty>
2019-09-16 16:31:20,086 [grpc-default-executor-3] INFO  client.GrpcClientProtocolClient (GrpcClientProtocolClient.java:onNext(264)) - client-E18D28BDFE03->2b9d536e-7082-46d0-bcea-3da9bf5f5d0c: receive RaftClientReply:client-E18D28BDFE03->2b9d536e-7082-46d0-bcea-3da9bf5f5d0c@group-E6C05F8A743B, cid=21, FAILED org.apache.ratis.protocol.NotLeaderException: Server 2b9d536e-7082-46d0-bcea-3da9bf5f5d0c@group-E6C05F8A743B is not the leader 5da997ac-485a-4ae3-a11f-bd7c3a0ad14d:192.168.5.183:41252, logIndex=0, commits[2b9d536e-7082-46d0-bcea-3da9bf5f5d0c:c10, 103cee85-d2d3-4069-a903-4a8bed8118d2:c6, 5da997ac-485a-4ae3-a11f-bd7c3a0ad14d:c10]
2019-09-16 16:31:22,459 [java.util.concurrent.ThreadPoolExecutor$Worker@25a61ea4[State = -1, empty queue]] WARN  server.GrpcLogAppender (GrpcLogAppender.java:timeoutAppendRequest(200)) - 5da997ac-485a-4ae3-a11f-bd7c3a0ad14d@group-E6C05F8A743B->103cee85-d2d3-4069-a903-4a8bed8118d2-GrpcLogAppender: appendEntries Timeout, request=5da997ac-485a-4ae3-a11f-bd7c3a0ad14d->103cee85-d2d3-4069-a903-4a8bed8118d2#36-t1, previous=(t:1, i:13), leaderCommit=10, initializing? false, entries: <empty>
2019-09-16 16:31:22,462 [java.util.concurrent.ThreadPoolExecutor$Worker@3a533076[State = -1, empty queue]] WARN  server.GrpcLogAppender (GrpcLogAppender.java:timeoutAppendRequest(200)) - 5da997ac-485a-4ae3-a11f-bd7c3a0ad14d@group-E6C05F8A743B->2b9d536e-7082-46d0-bcea-3da9bf5f5d0c-GrpcLogAppender: appendEntries Timeout, request=5da997ac-485a-4ae3-a11f-bd7c3a0ad14d->2b9d536e-7082-46d0-bcea-3da9bf5f5d0c#36-t1, previous=(t:1, i:13), leaderCommit=10, initializing? false, entries: <empty>
2019-09-16 16:31:24,960 [java.util.concurrent.ThreadPoolExecutor$Worker@25a61ea4[State = -1, empty queue]] WARN  server.GrpcLogAppender (GrpcLogAppender.java:timeoutAppendRequest(200)) - 5da997ac-485a-4ae3-a11f-bd7c3a0ad14d@group-E6C05F8A743B->103cee85-d2d3-4069-a903-4a8bed8118d2-GrpcLogAppender: appendEntries Timeout, request=5da997ac-485a-4ae3-a11f-bd7c3a0ad14d->103cee85-d2d3-4069-a903-4a8bed8118d2#37-t1, previous=(t:1, i:13), leaderCommit=10, initializing? false, entries: <empty>
2019-09-16 16:31:24,962 [java.util.concurrent.ThreadPoolExecutor$Worker@3a533076[State = -1, empty queue]] WARN  server.GrpcLogAppender (GrpcLogAppender.java:timeoutAppendRequest(200)) - 5da997ac-485a-4ae3-a11f-bd7c3a0ad14d@group-E6C05F8A743B->2b9d536e-7082-46d0-bcea-3da9bf5f5d0c-GrpcLogAppender: appendEntries Timeout, request=5da997ac-485a-4ae3-a11f-bd7c3a0ad14d->2b9d536e-7082-46d0-bcea-3da9bf5f5d0c#37-t1, previous=(t:1, i:13), leaderCommit=10, initializing? false, entries: <empty>
2019-09-16 16:31:25,130 [grpc-default-executor-3] INFO  client.GrpcClientProtocolClient (GrpcClientProtocolClient.java:onNext(264)) - client-E18D28BDFE03->2b9d536e-7082-46d0-bcea-3da9bf5f5d0c: receive RaftClientReply:client-E18D28BDFE03->2b9d536e-7082-46d0-bcea-3da9bf5f5d0c@group-E6C05F8A743B, cid=21, FAILED org.apache.ratis.protocol.NotLeaderException: Server 2b9d536e-7082-46d0-bcea-3da9bf5f5d0c@group-E6C05F8A743B is not the leader 5da997ac-485a-4ae3-a11f-bd7c3a0ad14d:192.168.5.183:41252, logIndex=0, commits[2b9d536e-7082-46d0-bcea-3da9bf5f5d0c:c10, 103cee85-d2d3-4069-a903-4a8bed8118d2:c6, 5da997ac-485a-4ae3-a11f-bd7c3a0ad14d:c10]
2019-09-16 16:31:25,461 [5da997ac-485a-4ae3-a11f-bd7c3a0ad14d@group-E6C05F8A743B-SegmentedRaftLogWorker] WARN  segmented.SegmentedRaftLogWorker (SegmentedRaftLogWorker.java:getFromFuture(90)) - Timeout 5/~
org.apache.ratis.protocol.TimeoutIOException: Timeout 10s: WriteLog:12: (t:1, i:12), STATEMACHINELOGENTRY, client-E18D28BDFE03, cid=22-writeStateMachineData
	at org.apache.ratis.util.IOUtils.getFromFuture(IOUtils.java:87)
	at org.apache.ratis.server.raftlog.segmented.SegmentedRaftLogWorker$StateMachineDataPolicy.getFromFuture(SegmentedRaftLogWorker.java:87)
	at org.apache.ratis.server.raftlog.segmented.SegmentedRaftLogWorker$WriteLog.execute(SegmentedRaftLogWorker.java:477)
	at org.apache.ratis.server.raftlog.segmented.SegmentedRaftLogWorker.run(SegmentedRaftLogWorker.java:289)
	at java.lang.Thread.run(Thread.java:748)
Caused by: java.util.concurrent.TimeoutException
	at java.util.concurrent.CompletableFuture.timedGet(CompletableFuture.java:1771)
	at java.util.concurrent.CompletableFuture.get(CompletableFuture.java:1915)
	at org.apache.ratis.util.IOUtils.getFromFuture(IOUtils.java:79)
	... 4 more
2019-09-16 16:31:25,464 [2b9d536e-7082-46d0-bcea-3da9bf5f5d0c@group-E6C05F8A743B-SegmentedRaftLogWorker] WARN  segmented.SegmentedRaftLogWorker (SegmentedRaftLogWorker.java:getFromFuture(90)) - Timeout 5/~
org.apache.ratis.protocol.TimeoutIOException: Timeout 10s: WriteLog:12: (t:1, i:12), STATEMACHINELOGENTRY, client-E18D28BDFE03, cid=22-writeStateMachineData
	at org.apache.ratis.util.IOUtils.getFromFuture(IOUtils.java:87)
	at org.apache.ratis.server.raftlog.segmented.SegmentedRaftLogWorker$StateMachineDataPolicy.getFromFuture(SegmentedRaftLogWorker.java:87)
	at org.apache.ratis.server.raftlog.segmented.SegmentedRaftLogWorker$WriteLog.execute(SegmentedRaftLogWorker.java:477)
	at org.apache.ratis.server.raftlog.segmented.SegmentedRaftLogWorker.run(SegmentedRaftLogWorker.java:289)
	at java.lang.Thread.run(Thread.java:748)
Caused by: java.util.concurrent.TimeoutException
	at java.util.concurrent.CompletableFuture.timedGet(CompletableFuture.java:1771)
	at java.util.concurrent.CompletableFuture.get(CompletableFuture.java:1915)
	at org.apache.ratis.util.IOUtils.getFromFuture(IOUtils.java:79)
	... 4 more
2019-09-16 16:31:25,466 [103cee85-d2d3-4069-a903-4a8bed8118d2@group-E6C05F8A743B-SegmentedRaftLogWorker] WARN  segmented.SegmentedRaftLogWorker (SegmentedRaftLogWorker.java:getFromFuture(90)) - Timeout 5/~
org.apache.ratis.protocol.TimeoutIOException: Timeout 10s: WriteLog:12: (t:1, i:12), STATEMACHINELOGENTRY, client-E18D28BDFE03, cid=22-writeStateMachineData
	at org.apache.ratis.util.IOUtils.getFromFuture(IOUtils.java:87)
	at org.apache.ratis.server.raftlog.segmented.SegmentedRaftLogWorker$StateMachineDataPolicy.getFromFuture(SegmentedRaftLogWorker.java:87)
	at org.apache.ratis.server.raftlog.segmented.SegmentedRaftLogWorker$WriteLog.execute(SegmentedRaftLogWorker.java:477)
	at org.apache.ratis.server.raftlog.segmented.SegmentedRaftLogWorker.run(SegmentedRaftLogWorker.java:289)
	at java.lang.Thread.run(Thread.java:748)
Caused by: java.util.concurrent.TimeoutException
	at java.util.concurrent.CompletableFuture.timedGet(CompletableFuture.java:1771)
	at java.util.concurrent.CompletableFuture.get(CompletableFuture.java:1915)
	at org.apache.ratis.util.IOUtils.getFromFuture(IOUtils.java:79)
	... 4 more
2019-09-16 16:31:27,460 [java.util.concurrent.ThreadPoolExecutor$Worker@25a61ea4[State = -1, empty queue]] WARN  server.GrpcLogAppender (GrpcLogAppender.java:timeoutAppendRequest(200)) - 5da997ac-485a-4ae3-a11f-bd7c3a0ad14d@group-E6C05F8A743B->103cee85-d2d3-4069-a903-4a8bed8118d2-GrpcLogAppender: appendEntries Timeout, request=5da997ac-485a-4ae3-a11f-bd7c3a0ad14d->103cee85-d2d3-4069-a903-4a8bed8118d2#38-t1, previous=(t:1, i:13), leaderCommit=10, initializing? false, entries: <empty>
2019-09-16 16:31:27,462 [java.util.concurrent.ThreadPoolExecutor$Worker@3a533076[State = -1, empty queue]] WARN  server.GrpcLogAppender (GrpcLogAppender.java:timeoutAppendRequest(200)) - 5da997ac-485a-4ae3-a11f-bd7c3a0ad14d@group-E6C05F8A743B->2b9d536e-7082-46d0-bcea-3da9bf5f5d0c-GrpcLogAppender: appendEntries Timeout, request=5da997ac-485a-4ae3-a11f-bd7c3a0ad14d->2b9d536e-7082-46d0-bcea-3da9bf5f5d0c#38-t1, previous=(t:1, i:13), leaderCommit=10, initializing? false, entries: <empty>
2019-09-16 16:31:29,961 [java.util.concurrent.ThreadPoolExecutor$Worker@25a61ea4[State = -1, empty queue]] WARN  server.GrpcLogAppender (GrpcLogAppender.java:timeoutAppendRequest(200)) - 5da997ac-485a-4ae3-a11f-bd7c3a0ad14d@group-E6C05F8A743B->103cee85-d2d3-4069-a903-4a8bed8118d2-GrpcLogAppender: appendEntries Timeout, request=5da997ac-485a-4ae3-a11f-bd7c3a0ad14d->103cee85-d2d3-4069-a903-4a8bed8118d2#39-t1, previous=(t:1, i:13), leaderCommit=10, initializing? false, entries: <empty>
2019-09-16 16:31:29,962 [java.util.concurrent.ThreadPoolExecutor$Worker@3a533076[State = -1, empty queue]] WARN  server.GrpcLogAppender (GrpcLogAppender.java:timeoutAppendRequest(200)) - 5da997ac-485a-4ae3-a11f-bd7c3a0ad14d@group-E6C05F8A743B->2b9d536e-7082-46d0-bcea-3da9bf5f5d0c-GrpcLogAppender: appendEntries Timeout, request=5da997ac-485a-4ae3-a11f-bd7c3a0ad14d->2b9d536e-7082-46d0-bcea-3da9bf5f5d0c#39-t1, previous=(t:1, i:13), leaderCommit=10, initializing? false, entries: <empty>
2019-09-16 16:31:30,184 [grpc-default-executor-4] INFO  client.GrpcClientProtocolClient (GrpcClientProtocolClient.java:onNext(264)) - client-E18D28BDFE03->103cee85-d2d3-4069-a903-4a8bed8118d2: receive RaftClientReply:client-E18D28BDFE03->103cee85-d2d3-4069-a903-4a8bed8118d2@group-E6C05F8A743B, cid=21, FAILED org.apache.ratis.protocol.NotLeaderException: Server 103cee85-d2d3-4069-a903-4a8bed8118d2@group-E6C05F8A743B is not the leader 5da997ac-485a-4ae3-a11f-bd7c3a0ad14d:192.168.5.183:41252, logIndex=0, commits[103cee85-d2d3-4069-a903-4a8bed8118d2:c10, 2b9d536e-7082-46d0-bcea-3da9bf5f5d0c:c6, 5da997ac-485a-4ae3-a11f-bd7c3a0ad14d:c10]
2019-09-16 16:31:32,462 [java.util.concurrent.ThreadPoolExecutor$Worker@25a61ea4[State = -1, empty queue]] WARN  server.GrpcLogAppender (GrpcLogAppender.java:timeoutAppendRequest(200)) - 5da997ac-485a-4ae3-a11f-bd7c3a0ad14d@group-E6C05F8A743B->103cee85-d2d3-4069-a903-4a8bed8118d2-GrpcLogAppender: appendEntries Timeout, request=5da997ac-485a-4ae3-a11f-bd7c3a0ad14d->103cee85-d2d3-4069-a903-4a8bed8118d2#40-t1, previous=(t:1, i:13), leaderCommit=10, initializing? false, entries: <empty>
2019-09-16 16:31:32,463 [java.util.concurrent.ThreadPoolExecutor$Worker@3a533076[State = -1, empty queue]] WARN  server.GrpcLogAppender (GrpcLogAppender.java:timeoutAppendRequest(200)) - 5da997ac-485a-4ae3-a11f-bd7c3a0ad14d@group-E6C05F8A743B->2b9d536e-7082-46d0-bcea-3da9bf5f5d0c-GrpcLogAppender: appendEntries Timeout, request=5da997ac-485a-4ae3-a11f-bd7c3a0ad14d->2b9d536e-7082-46d0-bcea-3da9bf5f5d0c#40-t1, previous=(t:1, i:13), leaderCommit=10, initializing? false, entries: <empty>
2019-09-16 16:31:34,963 [java.util.concurrent.ThreadPoolExecutor$Worker@25a61ea4[State = -1, empty queue]] WARN  server.GrpcLogAppender (GrpcLogAppender.java:timeoutAppendRequest(200)) - 5da997ac-485a-4ae3-a11f-bd7c3a0ad14d@group-E6C05F8A743B->103cee85-d2d3-4069-a903-4a8bed8118d2-GrpcLogAppender: appendEntries Timeout, request=5da997ac-485a-4ae3-a11f-bd7c3a0ad14d->103cee85-d2d3-4069-a903-4a8bed8118d2#41-t1, previous=(t:1, i:13), leaderCommit=10, initializing? false, entries: <empty>
2019-09-16 16:31:34,963 [java.util.concurrent.ThreadPoolExecutor$Worker@3a533076[State = -1, empty queue]] WARN  server.GrpcLogAppender (GrpcLogAppender.java:timeoutAppendRequest(200)) - 5da997ac-485a-4ae3-a11f-bd7c3a0ad14d@group-E6C05F8A743B->2b9d536e-7082-46d0-bcea-3da9bf5f5d0c-GrpcLogAppender: appendEntries Timeout, request=5da997ac-485a-4ae3-a11f-bd7c3a0ad14d->2b9d536e-7082-46d0-bcea-3da9bf5f5d0c#41-t1, previous=(t:1, i:13), leaderCommit=10, initializing? false, entries: <empty>
2019-09-16 16:31:35,253 [grpc-default-executor-3] INFO  client.GrpcClientProtocolClient (GrpcClientProtocolClient.java:onNext(264)) - client-E18D28BDFE03->103cee85-d2d3-4069-a903-4a8bed8118d2: receive RaftClientReply:client-E18D28BDFE03->103cee85-d2d3-4069-a903-4a8bed8118d2@group-E6C05F8A743B, cid=21, FAILED org.apache.ratis.protocol.NotLeaderException: Server 103cee85-d2d3-4069-a903-4a8bed8118d2@group-E6C05F8A743B is not the leader 5da997ac-485a-4ae3-a11f-bd7c3a0ad14d:192.168.5.183:41252, logIndex=0, commits[103cee85-d2d3-4069-a903-4a8bed8118d2:c10, 2b9d536e-7082-46d0-bcea-3da9bf5f5d0c:c6, 5da997ac-485a-4ae3-a11f-bd7c3a0ad14d:c10]
2019-09-16 16:31:35,461 [5da997ac-485a-4ae3-a11f-bd7c3a0ad14d@group-E6C05F8A743B-SegmentedRaftLogWorker] WARN  segmented.SegmentedRaftLogWorker (SegmentedRaftLogWorker.java:getFromFuture(90)) - Timeout 6/~
org.apache.ratis.protocol.TimeoutIOException: Timeout 10s: WriteLog:12: (t:1, i:12), STATEMACHINELOGENTRY, client-E18D28BDFE03, cid=22-writeStateMachineData
	at org.apache.ratis.util.IOUtils.getFromFuture(IOUtils.java:87)
	at org.apache.ratis.server.raftlog.segmented.SegmentedRaftLogWorker$StateMachineDataPolicy.getFromFuture(SegmentedRaftLogWorker.java:87)
	at org.apache.ratis.server.raftlog.segmented.SegmentedRaftLogWorker$WriteLog.execute(SegmentedRaftLogWorker.java:477)
	at org.apache.ratis.server.raftlog.segmented.SegmentedRaftLogWorker.run(SegmentedRaftLogWorker.java:289)
	at java.lang.Thread.run(Thread.java:748)
Caused by: java.util.concurrent.TimeoutException
	at java.util.concurrent.CompletableFuture.timedGet(CompletableFuture.java:1771)
	at java.util.concurrent.CompletableFuture.get(CompletableFuture.java:1915)
	at org.apache.ratis.util.IOUtils.getFromFuture(IOUtils.java:79)
	... 4 more
2019-09-16 16:31:35,466 [2b9d536e-7082-46d0-bcea-3da9bf5f5d0c@group-E6C05F8A743B-SegmentedRaftLogWorker] WARN  segmented.SegmentedRaftLogWorker (SegmentedRaftLogWorker.java:getFromFuture(90)) - Timeout 6/~
org.apache.ratis.protocol.TimeoutIOException: Timeout 10s: WriteLog:12: (t:1, i:12), STATEMACHINELOGENTRY, client-E18D28BDFE03, cid=22-writeStateMachineData
	at org.apache.ratis.util.IOUtils.getFromFuture(IOUtils.java:87)
	at org.apache.ratis.server.raftlog.segmented.SegmentedRaftLogWorker$StateMachineDataPolicy.getFromFuture(SegmentedRaftLogWorker.java:87)
	at org.apache.ratis.server.raftlog.segmented.SegmentedRaftLogWorker$WriteLog.execute(SegmentedRaftLogWorker.java:477)
	at org.apache.ratis.server.raftlog.segmented.SegmentedRaftLogWorker.run(SegmentedRaftLogWorker.java:289)
	at java.lang.Thread.run(Thread.java:748)
Caused by: java.util.concurrent.TimeoutException
	at java.util.concurrent.CompletableFuture.timedGet(CompletableFuture.java:1771)
	at java.util.concurrent.CompletableFuture.get(CompletableFuture.java:1915)
	at org.apache.ratis.util.IOUtils.getFromFuture(IOUtils.java:79)
	... 4 more
2019-09-16 16:31:35,480 [103cee85-d2d3-4069-a903-4a8bed8118d2@group-E6C05F8A743B-SegmentedRaftLogWorker] WARN  segmented.SegmentedRaftLogWorker (SegmentedRaftLogWorker.java:getFromFuture(90)) - Timeout 6/~
org.apache.ratis.protocol.TimeoutIOException: Timeout 10s: WriteLog:12: (t:1, i:12), STATEMACHINELOGENTRY, client-E18D28BDFE03, cid=22-writeStateMachineData
	at org.apache.ratis.util.IOUtils.getFromFuture(IOUtils.java:87)
	at org.apache.ratis.server.raftlog.segmented.SegmentedRaftLogWorker$StateMachineDataPolicy.getFromFuture(SegmentedRaftLogWorker.java:87)
	at org.apache.ratis.server.raftlog.segmented.SegmentedRaftLogWorker$WriteLog.execute(SegmentedRaftLogWorker.java:477)
	at org.apache.ratis.server.raftlog.segmented.SegmentedRaftLogWorker.run(SegmentedRaftLogWorker.java:289)
	at java.lang.Thread.run(Thread.java:748)
Caused by: java.util.concurrent.TimeoutException
	at java.util.concurrent.CompletableFuture.timedGet(CompletableFuture.java:1771)
	at java.util.concurrent.CompletableFuture.get(CompletableFuture.java:1915)
	at org.apache.ratis.util.IOUtils.getFromFuture(IOUtils.java:79)
	... 4 more
2019-09-16 16:31:37,463 [java.util.concurrent.ThreadPoolExecutor$Worker@25a61ea4[State = -1, empty queue]] WARN  server.GrpcLogAppender (GrpcLogAppender.java:timeoutAppendRequest(200)) - 5da997ac-485a-4ae3-a11f-bd7c3a0ad14d@group-E6C05F8A743B->103cee85-d2d3-4069-a903-4a8bed8118d2-GrpcLogAppender: appendEntries Timeout, request=5da997ac-485a-4ae3-a11f-bd7c3a0ad14d->103cee85-d2d3-4069-a903-4a8bed8118d2#42-t1, previous=(t:1, i:13), leaderCommit=10, initializing? false, entries: <empty>
2019-09-16 16:31:37,464 [java.util.concurrent.ThreadPoolExecutor$Worker@3a533076[State = -1, empty queue]] WARN  server.GrpcLogAppender (GrpcLogAppender.java:timeoutAppendRequest(200)) - 5da997ac-485a-4ae3-a11f-bd7c3a0ad14d@group-E6C05F8A743B->2b9d536e-7082-46d0-bcea-3da9bf5f5d0c-GrpcLogAppender: appendEntries Timeout, request=5da997ac-485a-4ae3-a11f-bd7c3a0ad14d->2b9d536e-7082-46d0-bcea-3da9bf5f5d0c#42-t1, previous=(t:1, i:13), leaderCommit=10, initializing? false, entries: <empty>
2019-09-16 16:31:39,964 [java.util.concurrent.ThreadPoolExecutor$Worker@25a61ea4[State = -1, empty queue]] WARN  server.GrpcLogAppender (GrpcLogAppender.java:timeoutAppendRequest(200)) - 5da997ac-485a-4ae3-a11f-bd7c3a0ad14d@group-E6C05F8A743B->103cee85-d2d3-4069-a903-4a8bed8118d2-GrpcLogAppender: appendEntries Timeout, request=5da997ac-485a-4ae3-a11f-bd7c3a0ad14d->103cee85-d2d3-4069-a903-4a8bed8118d2#43-t1, previous=(t:1, i:13), leaderCommit=10, initializing? false, entries: <empty>
2019-09-16 16:31:39,964 [java.util.concurrent.ThreadPoolExecutor$Worker@3a533076[State = -1, empty queue]] WARN  server.GrpcLogAppender (GrpcLogAppender.java:timeoutAppendRequest(200)) - 5da997ac-485a-4ae3-a11f-bd7c3a0ad14d@group-E6C05F8A743B->2b9d536e-7082-46d0-bcea-3da9bf5f5d0c-GrpcLogAppender: appendEntries Timeout, request=5da997ac-485a-4ae3-a11f-bd7c3a0ad14d->2b9d536e-7082-46d0-bcea-3da9bf5f5d0c#43-t1, previous=(t:1, i:13), leaderCommit=10, initializing? false, entries: <empty>
2019-09-16 16:31:40,300 [grpc-default-executor-4] INFO  client.GrpcClientProtocolClient (GrpcClientProtocolClient.java:onNext(264)) - client-E18D28BDFE03->103cee85-d2d3-4069-a903-4a8bed8118d2: receive RaftClientReply:client-E18D28BDFE03->103cee85-d2d3-4069-a903-4a8bed8118d2@group-E6C05F8A743B, cid=21, FAILED org.apache.ratis.protocol.NotLeaderException: Server 103cee85-d2d3-4069-a903-4a8bed8118d2@group-E6C05F8A743B is not the leader 5da997ac-485a-4ae3-a11f-bd7c3a0ad14d:192.168.5.183:41252, logIndex=0, commits[103cee85-d2d3-4069-a903-4a8bed8118d2:c10, 2b9d536e-7082-46d0-bcea-3da9bf5f5d0c:c6, 5da997ac-485a-4ae3-a11f-bd7c3a0ad14d:c10]
2019-09-16 16:31:42,465 [java.util.concurrent.ThreadPoolExecutor$Worker@3a533076[State = -1, empty queue]] WARN  server.GrpcLogAppender (GrpcLogAppender.java:timeoutAppendRequest(200)) - 5da997ac-485a-4ae3-a11f-bd7c3a0ad14d@group-E6C05F8A743B->2b9d536e-7082-46d0-bcea-3da9bf5f5d0c-GrpcLogAppender: appendEntries Timeout, request=5da997ac-485a-4ae3-a11f-bd7c3a0ad14d->2b9d536e-7082-46d0-bcea-3da9bf5f5d0c#44-t1, previous=(t:1, i:13), leaderCommit=10, initializing? false, entries: <empty>
2019-09-16 16:31:42,465 [java.util.concurrent.ThreadPoolExecutor$Worker@25a61ea4[State = -1, empty queue]] WARN  server.GrpcLogAppender (GrpcLogAppender.java:timeoutAppendRequest(200)) - 5da997ac-485a-4ae3-a11f-bd7c3a0ad14d@group-E6C05F8A743B->103cee85-d2d3-4069-a903-4a8bed8118d2-GrpcLogAppender: appendEntries Timeout, request=5da997ac-485a-4ae3-a11f-bd7c3a0ad14d->103cee85-d2d3-4069-a903-4a8bed8118d2#44-t1, previous=(t:1, i:13), leaderCommit=10, initializing? false, entries: <empty>
2019-09-16 16:31:44,966 [java.util.concurrent.ThreadPoolExecutor$Worker@25a61ea4[State = -1, empty queue]] WARN  server.GrpcLogAppender (GrpcLogAppender.java:timeoutAppendRequest(200)) - 5da997ac-485a-4ae3-a11f-bd7c3a0ad14d@group-E6C05F8A743B->103cee85-d2d3-4069-a903-4a8bed8118d2-GrpcLogAppender: appendEntries Timeout, request=5da997ac-485a-4ae3-a11f-bd7c3a0ad14d->103cee85-d2d3-4069-a903-4a8bed8118d2#45-t1, previous=(t:1, i:13), leaderCommit=10, initializing? false, entries: <empty>
2019-09-16 16:31:44,966 [java.util.concurrent.ThreadPoolExecutor$Worker@3a533076[State = -1, empty queue]] WARN  server.GrpcLogAppender (GrpcLogAppender.java:timeoutAppendRequest(200)) - 5da997ac-485a-4ae3-a11f-bd7c3a0ad14d@group-E6C05F8A743B->2b9d536e-7082-46d0-bcea-3da9bf5f5d0c-GrpcLogAppender: appendEntries Timeout, request=5da997ac-485a-4ae3-a11f-bd7c3a0ad14d->2b9d536e-7082-46d0-bcea-3da9bf5f5d0c#45-t1, previous=(t:1, i:13), leaderCommit=10, initializing? false, entries: <empty>
2019-09-16 16:31:45,361 [grpc-default-executor-2] INFO  client.GrpcClientProtocolClient (GrpcClientProtocolClient.java:onNext(264)) - client-E18D28BDFE03->103cee85-d2d3-4069-a903-4a8bed8118d2: receive RaftClientReply:client-E18D28BDFE03->103cee85-d2d3-4069-a903-4a8bed8118d2@group-E6C05F8A743B, cid=21, FAILED org.apache.ratis.protocol.NotLeaderException: Server 103cee85-d2d3-4069-a903-4a8bed8118d2@group-E6C05F8A743B is not the leader 5da997ac-485a-4ae3-a11f-bd7c3a0ad14d:192.168.5.183:41252, logIndex=0, commits[103cee85-d2d3-4069-a903-4a8bed8118d2:c10, 2b9d536e-7082-46d0-bcea-3da9bf5f5d0c:c6, 5da997ac-485a-4ae3-a11f-bd7c3a0ad14d:c10]
2019-09-16 16:31:45,462 [5da997ac-485a-4ae3-a11f-bd7c3a0ad14d@group-E6C05F8A743B-SegmentedRaftLogWorker] WARN  segmented.SegmentedRaftLogWorker (SegmentedRaftLogWorker.java:getFromFuture(90)) - Timeout 7/~
org.apache.ratis.protocol.TimeoutIOException: Timeout 10s: WriteLog:12: (t:1, i:12), STATEMACHINELOGENTRY, client-E18D28BDFE03, cid=22-writeStateMachineData
	at org.apache.ratis.util.IOUtils.getFromFuture(IOUtils.java:87)
	at org.apache.ratis.server.raftlog.segmented.SegmentedRaftLogWorker$StateMachineDataPolicy.getFromFuture(SegmentedRaftLogWorker.java:87)
	at org.apache.ratis.server.raftlog.segmented.SegmentedRaftLogWorker$WriteLog.execute(SegmentedRaftLogWorker.java:477)
	at org.apache.ratis.server.raftlog.segmented.SegmentedRaftLogWorker.run(SegmentedRaftLogWorker.java:289)
	at java.lang.Thread.run(Thread.java:748)
Caused by: java.util.concurrent.TimeoutException
	at java.util.concurrent.CompletableFuture.timedGet(CompletableFuture.java:1771)
	at java.util.concurrent.CompletableFuture.get(CompletableFuture.java:1915)
	at org.apache.ratis.util.IOUtils.getFromFuture(IOUtils.java:79)
	... 4 more
2019-09-16 16:31:45,480 [2b9d536e-7082-46d0-bcea-3da9bf5f5d0c@group-E6C05F8A743B-SegmentedRaftLogWorker] WARN  segmented.SegmentedRaftLogWorker (SegmentedRaftLogWorker.java:getFromFuture(90)) - Timeout 7/~
org.apache.ratis.protocol.TimeoutIOException: Timeout 10s: WriteLog:12: (t:1, i:12), STATEMACHINELOGENTRY, client-E18D28BDFE03, cid=22-writeStateMachineData
	at org.apache.ratis.util.IOUtils.getFromFuture(IOUtils.java:87)
	at org.apache.ratis.server.raftlog.segmented.SegmentedRaftLogWorker$StateMachineDataPolicy.getFromFuture(SegmentedRaftLogWorker.java:87)
	at org.apache.ratis.server.raftlog.segmented.SegmentedRaftLogWorker$WriteLog.execute(SegmentedRaftLogWorker.java:477)
	at org.apache.ratis.server.raftlog.segmented.SegmentedRaftLogWorker.run(SegmentedRaftLogWorker.java:289)
	at java.lang.Thread.run(Thread.java:748)
Caused by: java.util.concurrent.TimeoutException
	at java.util.concurrent.CompletableFuture.timedGet(CompletableFuture.java:1771)
	at java.util.concurrent.CompletableFuture.get(CompletableFuture.java:1915)
	at org.apache.ratis.util.IOUtils.getFromFuture(IOUtils.java:79)
	... 4 more
2019-09-16 16:31:45,483 [103cee85-d2d3-4069-a903-4a8bed8118d2@group-E6C05F8A743B-SegmentedRaftLogWorker] WARN  segmented.SegmentedRaftLogWorker (SegmentedRaftLogWorker.java:getFromFuture(90)) - Timeout 7/~
org.apache.ratis.protocol.TimeoutIOException: Timeout 10s: WriteLog:12: (t:1, i:12), STATEMACHINELOGENTRY, client-E18D28BDFE03, cid=22-writeStateMachineData
	at org.apache.ratis.util.IOUtils.getFromFuture(IOUtils.java:87)
	at org.apache.ratis.server.raftlog.segmented.SegmentedRaftLogWorker$StateMachineDataPolicy.getFromFuture(SegmentedRaftLogWorker.java:87)
	at org.apache.ratis.server.raftlog.segmented.SegmentedRaftLogWorker$WriteLog.execute(SegmentedRaftLogWorker.java:477)
	at org.apache.ratis.server.raftlog.segmented.SegmentedRaftLogWorker.run(SegmentedRaftLogWorker.java:289)
	at java.lang.Thread.run(Thread.java:748)
Caused by: java.util.concurrent.TimeoutException
	at java.util.concurrent.CompletableFuture.timedGet(CompletableFuture.java:1771)
	at java.util.concurrent.CompletableFuture.get(CompletableFuture.java:1915)
	at org.apache.ratis.util.IOUtils.getFromFuture(IOUtils.java:79)
	... 4 more
2019-09-16 16:31:47,466 [java.util.concurrent.ThreadPoolExecutor$Worker@3a533076[State = -1, empty queue]] WARN  server.GrpcLogAppender (GrpcLogAppender.java:timeoutAppendRequest(200)) - 5da997ac-485a-4ae3-a11f-bd7c3a0ad14d@group-E6C05F8A743B->2b9d536e-7082-46d0-bcea-3da9bf5f5d0c-GrpcLogAppender: appendEntries Timeout, request=5da997ac-485a-4ae3-a11f-bd7c3a0ad14d->2b9d536e-7082-46d0-bcea-3da9bf5f5d0c#46-t1, previous=(t:1, i:13), leaderCommit=10, initializing? false, entries: <empty>
2019-09-16 16:31:47,466 [java.util.concurrent.ThreadPoolExecutor$Worker@25a61ea4[State = -1, empty queue]] WARN  server.GrpcLogAppender (GrpcLogAppender.java:timeoutAppendRequest(200)) - 5da997ac-485a-4ae3-a11f-bd7c3a0ad14d@group-E6C05F8A743B->103cee85-d2d3-4069-a903-4a8bed8118d2-GrpcLogAppender: appendEntries Timeout, request=5da997ac-485a-4ae3-a11f-bd7c3a0ad14d->103cee85-d2d3-4069-a903-4a8bed8118d2#46-t1, previous=(t:1, i:13), leaderCommit=10, initializing? false, entries: <empty>
2019-09-16 16:31:49,967 [java.util.concurrent.ThreadPoolExecutor$Worker@25a61ea4[State = -1, empty queue]] WARN  server.GrpcLogAppender (GrpcLogAppender.java:timeoutAppendRequest(200)) - 5da997ac-485a-4ae3-a11f-bd7c3a0ad14d@group-E6C05F8A743B->103cee85-d2d3-4069-a903-4a8bed8118d2-GrpcLogAppender: appendEntries Timeout, request=5da997ac-485a-4ae3-a11f-bd7c3a0ad14d->103cee85-d2d3-4069-a903-4a8bed8118d2#47-t1, previous=(t:1, i:13), leaderCommit=10, initializing? false, entries: <empty>
2019-09-16 16:31:49,967 [java.util.concurrent.ThreadPoolExecutor$Worker@3a533076[State = -1, empty queue]] WARN  server.GrpcLogAppender (GrpcLogAppender.java:timeoutAppendRequest(200)) - 5da997ac-485a-4ae3-a11f-bd7c3a0ad14d@group-E6C05F8A743B->2b9d536e-7082-46d0-bcea-3da9bf5f5d0c-GrpcLogAppender: appendEntries Timeout, request=5da997ac-485a-4ae3-a11f-bd7c3a0ad14d->2b9d536e-7082-46d0-bcea-3da9bf5f5d0c#47-t1, previous=(t:1, i:13), leaderCommit=10, initializing? false, entries: <empty>
2019-09-16 16:31:50,406 [grpc-default-executor-4] INFO  client.GrpcClientProtocolClient (GrpcClientProtocolClient.java:onNext(264)) - client-E18D28BDFE03->103cee85-d2d3-4069-a903-4a8bed8118d2: receive RaftClientReply:client-E18D28BDFE03->103cee85-d2d3-4069-a903-4a8bed8118d2@group-E6C05F8A743B, cid=21, FAILED org.apache.ratis.protocol.NotLeaderException: Server 103cee85-d2d3-4069-a903-4a8bed8118d2@group-E6C05F8A743B is not the leader 5da997ac-485a-4ae3-a11f-bd7c3a0ad14d:192.168.5.183:41252, logIndex=0, commits[103cee85-d2d3-4069-a903-4a8bed8118d2:c10, 2b9d536e-7082-46d0-bcea-3da9bf5f5d0c:c6, 5da997ac-485a-4ae3-a11f-bd7c3a0ad14d:c10]
2019-09-16 16:31:52,467 [java.util.concurrent.ThreadPoolExecutor$Worker@25a61ea4[State = -1, empty queue]] WARN  server.GrpcLogAppender (GrpcLogAppender.java:timeoutAppendRequest(200)) - 5da997ac-485a-4ae3-a11f-bd7c3a0ad14d@group-E6C05F8A743B->103cee85-d2d3-4069-a903-4a8bed8118d2-GrpcLogAppender: appendEntries Timeout, request=5da997ac-485a-4ae3-a11f-bd7c3a0ad14d->103cee85-d2d3-4069-a903-4a8bed8118d2#48-t1, previous=(t:1, i:13), leaderCommit=10, initializing? false, entries: <empty>
2019-09-16 16:31:52,468 [java.util.concurrent.ThreadPoolExecutor$Worker@3a533076[State = -1, empty queue]] WARN  server.GrpcLogAppender (GrpcLogAppender.java:timeoutAppendRequest(200)) - 5da997ac-485a-4ae3-a11f-bd7c3a0ad14d@group-E6C05F8A743B->2b9d536e-7082-46d0-bcea-3da9bf5f5d0c-GrpcLogAppender: appendEntries Timeout, request=5da997ac-485a-4ae3-a11f-bd7c3a0ad14d->2b9d536e-7082-46d0-bcea-3da9bf5f5d0c#48-t1, previous=(t:1, i:13), leaderCommit=10, initializing? false, entries: <empty>
2019-09-16 16:31:54,968 [java.util.concurrent.ThreadPoolExecutor$Worker@3a533076[State = -1, empty queue]] WARN  server.GrpcLogAppender (GrpcLogAppender.java:timeoutAppendRequest(200)) - 5da997ac-485a-4ae3-a11f-bd7c3a0ad14d@group-E6C05F8A743B->2b9d536e-7082-46d0-bcea-3da9bf5f5d0c-GrpcLogAppender: appendEntries Timeout, request=5da997ac-485a-4ae3-a11f-bd7c3a0ad14d->2b9d536e-7082-46d0-bcea-3da9bf5f5d0c#49-t1, previous=(t:1, i:13), leaderCommit=10, initializing? false, entries: <empty>
2019-09-16 16:31:54,968 [java.util.concurrent.ThreadPoolExecutor$Worker@25a61ea4[State = -1, empty queue]] WARN  server.GrpcLogAppender (GrpcLogAppender.java:timeoutAppendRequest(200)) - 5da997ac-485a-4ae3-a11f-bd7c3a0ad14d@group-E6C05F8A743B->103cee85-d2d3-4069-a903-4a8bed8118d2-GrpcLogAppender: appendEntries Timeout, request=5da997ac-485a-4ae3-a11f-bd7c3a0ad14d->103cee85-d2d3-4069-a903-4a8bed8118d2#49-t1, previous=(t:1, i:13), leaderCommit=10, initializing? false, entries: <empty>
2019-09-16 16:31:55,449 [grpc-default-executor-3] INFO  client.GrpcClientProtocolClient (GrpcClientProtocolClient.java:onNext(264)) - client-E18D28BDFE03->103cee85-d2d3-4069-a903-4a8bed8118d2: receive RaftClientReply:client-E18D28BDFE03->103cee85-d2d3-4069-a903-4a8bed8118d2@group-E6C05F8A743B, cid=21, FAILED org.apache.ratis.protocol.NotLeaderException: Server 103cee85-d2d3-4069-a903-4a8bed8118d2@group-E6C05F8A743B is not the leader 5da997ac-485a-4ae3-a11f-bd7c3a0ad14d:192.168.5.183:41252, logIndex=0, commits[103cee85-d2d3-4069-a903-4a8bed8118d2:c10, 2b9d536e-7082-46d0-bcea-3da9bf5f5d0c:c6, 5da997ac-485a-4ae3-a11f-bd7c3a0ad14d:c10]
2019-09-16 16:31:55,466 [5da997ac-485a-4ae3-a11f-bd7c3a0ad14d@group-E6C05F8A743B-SegmentedRaftLogWorker] WARN  segmented.SegmentedRaftLogWorker (SegmentedRaftLogWorker.java:getFromFuture(90)) - Timeout 8/~
org.apache.ratis.protocol.TimeoutIOException: Timeout 10s: WriteLog:12: (t:1, i:12), STATEMACHINELOGENTRY, client-E18D28BDFE03, cid=22-writeStateMachineData
	at org.apache.ratis.util.IOUtils.getFromFuture(IOUtils.java:87)
	at org.apache.ratis.server.raftlog.segmented.SegmentedRaftLogWorker$StateMachineDataPolicy.getFromFuture(SegmentedRaftLogWorker.java:87)
	at org.apache.ratis.server.raftlog.segmented.SegmentedRaftLogWorker$WriteLog.execute(SegmentedRaftLogWorker.java:477)
	at org.apache.ratis.server.raftlog.segmented.SegmentedRaftLogWorker.run(SegmentedRaftLogWorker.java:289)
	at java.lang.Thread.run(Thread.java:748)
Caused by: java.util.concurrent.TimeoutException
	at java.util.concurrent.CompletableFuture.timedGet(CompletableFuture.java:1771)
	at java.util.concurrent.CompletableFuture.get(CompletableFuture.java:1915)
	at org.apache.ratis.util.IOUtils.getFromFuture(IOUtils.java:79)
	... 4 more
2019-09-16 16:31:55,483 [2b9d536e-7082-46d0-bcea-3da9bf5f5d0c@group-E6C05F8A743B-SegmentedRaftLogWorker] WARN  segmented.SegmentedRaftLogWorker (SegmentedRaftLogWorker.java:getFromFuture(90)) - Timeout 8/~
org.apache.ratis.protocol.TimeoutIOException: Timeout 10s: WriteLog:12: (t:1, i:12), STATEMACHINELOGENTRY, client-E18D28BDFE03, cid=22-writeStateMachineData
	at org.apache.ratis.util.IOUtils.getFromFuture(IOUtils.java:87)
	at org.apache.ratis.server.raftlog.segmented.SegmentedRaftLogWorker$StateMachineDataPolicy.getFromFuture(SegmentedRaftLogWorker.java:87)
	at org.apache.ratis.server.raftlog.segmented.SegmentedRaftLogWorker$WriteLog.execute(SegmentedRaftLogWorker.java:477)
	at org.apache.ratis.server.raftlog.segmented.SegmentedRaftLogWorker.run(SegmentedRaftLogWorker.java:289)
	at java.lang.Thread.run(Thread.java:748)
Caused by: java.util.concurrent.TimeoutException
	at java.util.concurrent.CompletableFuture.timedGet(CompletableFuture.java:1771)
	at java.util.concurrent.CompletableFuture.get(CompletableFuture.java:1915)
	at org.apache.ratis.util.IOUtils.getFromFuture(IOUtils.java:79)
	... 4 more
2019-09-16 16:31:55,490 [103cee85-d2d3-4069-a903-4a8bed8118d2@group-E6C05F8A743B-SegmentedRaftLogWorker] WARN  segmented.SegmentedRaftLogWorker (SegmentedRaftLogWorker.java:getFromFuture(90)) - Timeout 8/~
org.apache.ratis.protocol.TimeoutIOException: Timeout 10s: WriteLog:12: (t:1, i:12), STATEMACHINELOGENTRY, client-E18D28BDFE03, cid=22-writeStateMachineData
	at org.apache.ratis.util.IOUtils.getFromFuture(IOUtils.java:87)
	at org.apache.ratis.server.raftlog.segmented.SegmentedRaftLogWorker$StateMachineDataPolicy.getFromFuture(SegmentedRaftLogWorker.java:87)
	at org.apache.ratis.server.raftlog.segmented.SegmentedRaftLogWorker$WriteLog.execute(SegmentedRaftLogWorker.java:477)
	at org.apache.ratis.server.raftlog.segmented.SegmentedRaftLogWorker.run(SegmentedRaftLogWorker.java:289)
	at java.lang.Thread.run(Thread.java:748)
Caused by: java.util.concurrent.TimeoutException
	at java.util.concurrent.CompletableFuture.timedGet(CompletableFuture.java:1771)
	at java.util.concurrent.CompletableFuture.get(CompletableFuture.java:1915)
	at org.apache.ratis.util.IOUtils.getFromFuture(IOUtils.java:79)
	... 4 more
2019-09-16 16:31:57,469 [java.util.concurrent.ThreadPoolExecutor$Worker@3a533076[State = -1, empty queue]] WARN  server.GrpcLogAppender (GrpcLogAppender.java:timeoutAppendRequest(200)) - 5da997ac-485a-4ae3-a11f-bd7c3a0ad14d@group-E6C05F8A743B->2b9d536e-7082-46d0-bcea-3da9bf5f5d0c-GrpcLogAppender: appendEntries Timeout, request=5da997ac-485a-4ae3-a11f-bd7c3a0ad14d->2b9d536e-7082-46d0-bcea-3da9bf5f5d0c#50-t1, previous=(t:1, i:13), leaderCommit=10, initializing? false, entries: <empty>
2019-09-16 16:31:57,469 [java.util.concurrent.ThreadPoolExecutor$Worker@25a61ea4[State = -1, empty queue]] WARN  server.GrpcLogAppender (GrpcLogAppender.java:timeoutAppendRequest(200)) - 5da997ac-485a-4ae3-a11f-bd7c3a0ad14d@group-E6C05F8A743B->103cee85-d2d3-4069-a903-4a8bed8118d2-GrpcLogAppender: appendEntries Timeout, request=5da997ac-485a-4ae3-a11f-bd7c3a0ad14d->103cee85-d2d3-4069-a903-4a8bed8118d2#50-t1, previous=(t:1, i:13), leaderCommit=10, initializing? false, entries: <empty>
2019-09-16 16:31:59,970 [java.util.concurrent.ThreadPoolExecutor$Worker@25a61ea4[State = -1, empty queue]] WARN  server.GrpcLogAppender (GrpcLogAppender.java:timeoutAppendRequest(200)) - 5da997ac-485a-4ae3-a11f-bd7c3a0ad14d@group-E6C05F8A743B->103cee85-d2d3-4069-a903-4a8bed8118d2-GrpcLogAppender: appendEntries Timeout, request=5da997ac-485a-4ae3-a11f-bd7c3a0ad14d->103cee85-d2d3-4069-a903-4a8bed8118d2#51-t1, previous=(t:1, i:13), leaderCommit=10, initializing? false, entries: <empty>
2019-09-16 16:31:59,970 [java.util.concurrent.ThreadPoolExecutor$Worker@3a533076[State = -1, empty queue]] WARN  server.GrpcLogAppender (GrpcLogAppender.java:timeoutAppendRequest(200)) - 5da997ac-485a-4ae3-a11f-bd7c3a0ad14d@group-E6C05F8A743B->2b9d536e-7082-46d0-bcea-3da9bf5f5d0c-GrpcLogAppender: appendEntries Timeout, request=5da997ac-485a-4ae3-a11f-bd7c3a0ad14d->2b9d536e-7082-46d0-bcea-3da9bf5f5d0c#51-t1, previous=(t:1, i:13), leaderCommit=10, initializing? false, entries: <empty>
2019-09-16 16:32:00,511 [grpc-default-executor-4] INFO  client.GrpcClientProtocolClient (GrpcClientProtocolClient.java:onNext(264)) - client-E18D28BDFE03->2b9d536e-7082-46d0-bcea-3da9bf5f5d0c: receive RaftClientReply:client-E18D28BDFE03->2b9d536e-7082-46d0-bcea-3da9bf5f5d0c@group-E6C05F8A743B, cid=21, FAILED org.apache.ratis.protocol.NotLeaderException: Server 2b9d536e-7082-46d0-bcea-3da9bf5f5d0c@group-E6C05F8A743B is not the leader 5da997ac-485a-4ae3-a11f-bd7c3a0ad14d:192.168.5.183:41252, logIndex=0, commits[2b9d536e-7082-46d0-bcea-3da9bf5f5d0c:c10, 103cee85-d2d3-4069-a903-4a8bed8118d2:c6, 5da997ac-485a-4ae3-a11f-bd7c3a0ad14d:c10]
2019-09-16 16:32:02,470 [java.util.concurrent.ThreadPoolExecutor$Worker@3a533076[State = -1, empty queue]] WARN  server.GrpcLogAppender (GrpcLogAppender.java:timeoutAppendRequest(200)) - 5da997ac-485a-4ae3-a11f-bd7c3a0ad14d@group-E6C05F8A743B->2b9d536e-7082-46d0-bcea-3da9bf5f5d0c-GrpcLogAppender: appendEntries Timeout, request=5da997ac-485a-4ae3-a11f-bd7c3a0ad14d->2b9d536e-7082-46d0-bcea-3da9bf5f5d0c#52-t1, previous=(t:1, i:13), leaderCommit=10, initializing? false, entries: <empty>
2019-09-16 16:32:02,470 [java.util.concurrent.ThreadPoolExecutor$Worker@25a61ea4[State = -1, empty queue]] WARN  server.GrpcLogAppender (GrpcLogAppender.java:timeoutAppendRequest(200)) - 5da997ac-485a-4ae3-a11f-bd7c3a0ad14d@group-E6C05F8A743B->103cee85-d2d3-4069-a903-4a8bed8118d2-GrpcLogAppender: appendEntries Timeout, request=5da997ac-485a-4ae3-a11f-bd7c3a0ad14d->103cee85-d2d3-4069-a903-4a8bed8118d2#52-t1, previous=(t:1, i:13), leaderCommit=10, initializing? false, entries: <empty>
2019-09-16 16:32:04,971 [java.util.concurrent.ThreadPoolExecutor$Worker@3a533076[State = -1, empty queue]] WARN  server.GrpcLogAppender (GrpcLogAppender.java:timeoutAppendRequest(200)) - 5da997ac-485a-4ae3-a11f-bd7c3a0ad14d@group-E6C05F8A743B->2b9d536e-7082-46d0-bcea-3da9bf5f5d0c-GrpcLogAppender: appendEntries Timeout, request=5da997ac-485a-4ae3-a11f-bd7c3a0ad14d->2b9d536e-7082-46d0-bcea-3da9bf5f5d0c#53-t1, previous=(t:1, i:13), leaderCommit=10, initializing? false, entries: <empty>
2019-09-16 16:32:04,971 [java.util.concurrent.ThreadPoolExecutor$Worker@25a61ea4[State = -1, empty queue]] WARN  server.GrpcLogAppender (GrpcLogAppender.java:timeoutAppendRequest(200)) - 5da997ac-485a-4ae3-a11f-bd7c3a0ad14d@group-E6C05F8A743B->103cee85-d2d3-4069-a903-4a8bed8118d2-GrpcLogAppender: appendEntries Timeout, request=5da997ac-485a-4ae3-a11f-bd7c3a0ad14d->103cee85-d2d3-4069-a903-4a8bed8118d2#53-t1, previous=(t:1, i:13), leaderCommit=10, initializing? false, entries: <empty>
2019-09-16 16:32:05,470 [5da997ac-485a-4ae3-a11f-bd7c3a0ad14d@group-E6C05F8A743B-SegmentedRaftLogWorker] WARN  segmented.SegmentedRaftLogWorker (SegmentedRaftLogWorker.java:getFromFuture(90)) - Timeout 9/~
org.apache.ratis.protocol.TimeoutIOException: Timeout 10s: WriteLog:12: (t:1, i:12), STATEMACHINELOGENTRY, client-E18D28BDFE03, cid=22-writeStateMachineData
	at org.apache.ratis.util.IOUtils.getFromFuture(IOUtils.java:87)
	at org.apache.ratis.server.raftlog.segmented.SegmentedRaftLogWorker$StateMachineDataPolicy.getFromFuture(SegmentedRaftLogWorker.java:87)
	at org.apache.ratis.server.raftlog.segmented.SegmentedRaftLogWorker$WriteLog.execute(SegmentedRaftLogWorker.java:477)
	at org.apache.ratis.server.raftlog.segmented.SegmentedRaftLogWorker.run(SegmentedRaftLogWorker.java:289)
	at java.lang.Thread.run(Thread.java:748)
Caused by: java.util.concurrent.TimeoutException
	at java.util.concurrent.CompletableFuture.timedGet(CompletableFuture.java:1771)
	at java.util.concurrent.CompletableFuture.get(CompletableFuture.java:1915)
	at org.apache.ratis.util.IOUtils.getFromFuture(IOUtils.java:79)
	... 4 more
2019-09-16 16:32:05,491 [2b9d536e-7082-46d0-bcea-3da9bf5f5d0c@group-E6C05F8A743B-SegmentedRaftLogWorker] WARN  segmented.SegmentedRaftLogWorker (SegmentedRaftLogWorker.java:getFromFuture(90)) - Timeout 9/~
org.apache.ratis.protocol.TimeoutIOException: Timeout 10s: WriteLog:12: (t:1, i:12), STATEMACHINELOGENTRY, client-E18D28BDFE03, cid=22-writeStateMachineData
	at org.apache.ratis.util.IOUtils.getFromFuture(IOUtils.java:87)
	at org.apache.ratis.server.raftlog.segmented.SegmentedRaftLogWorker$StateMachineDataPolicy.getFromFuture(SegmentedRaftLogWorker.java:87)
	at org.apache.ratis.server.raftlog.segmented.SegmentedRaftLogWorker$WriteLog.execute(SegmentedRaftLogWorker.java:477)
	at org.apache.ratis.server.raftlog.segmented.SegmentedRaftLogWorker.run(SegmentedRaftLogWorker.java:289)
	at java.lang.Thread.run(Thread.java:748)
Caused by: java.util.concurrent.TimeoutException
	at java.util.concurrent.CompletableFuture.timedGet(CompletableFuture.java:1771)
	at java.util.concurrent.CompletableFuture.get(CompletableFuture.java:1915)
	at org.apache.ratis.util.IOUtils.getFromFuture(IOUtils.java:79)
	... 4 more
2019-09-16 16:32:05,491 [103cee85-d2d3-4069-a903-4a8bed8118d2@group-E6C05F8A743B-SegmentedRaftLogWorker] WARN  segmented.SegmentedRaftLogWorker (SegmentedRaftLogWorker.java:getFromFuture(90)) - Timeout 9/~
org.apache.ratis.protocol.TimeoutIOException: Timeout 10s: WriteLog:12: (t:1, i:12), STATEMACHINELOGENTRY, client-E18D28BDFE03, cid=22-writeStateMachineData
	at org.apache.ratis.util.IOUtils.getFromFuture(IOUtils.java:87)
	at org.apache.ratis.server.raftlog.segmented.SegmentedRaftLogWorker$StateMachineDataPolicy.getFromFuture(SegmentedRaftLogWorker.java:87)
	at org.apache.ratis.server.raftlog.segmented.SegmentedRaftLogWorker$WriteLog.execute(SegmentedRaftLogWorker.java:477)
	at org.apache.ratis.server.raftlog.segmented.SegmentedRaftLogWorker.run(SegmentedRaftLogWorker.java:289)
	at java.lang.Thread.run(Thread.java:748)
Caused by: java.util.concurrent.TimeoutException
	at java.util.concurrent.CompletableFuture.timedGet(CompletableFuture.java:1771)
	at java.util.concurrent.CompletableFuture.get(CompletableFuture.java:1915)
	at org.apache.ratis.util.IOUtils.getFromFuture(IOUtils.java:79)
	... 4 more
2019-09-16 16:32:05,557 [grpc-default-executor-4] INFO  client.GrpcClientProtocolClient (GrpcClientProtocolClient.java:onNext(264)) - client-E18D28BDFE03->2b9d536e-7082-46d0-bcea-3da9bf5f5d0c: receive RaftClientReply:client-E18D28BDFE03->2b9d536e-7082-46d0-bcea-3da9bf5f5d0c@group-E6C05F8A743B, cid=21, FAILED org.apache.ratis.protocol.NotLeaderException: Server 2b9d536e-7082-46d0-bcea-3da9bf5f5d0c@group-E6C05F8A743B is not the leader 5da997ac-485a-4ae3-a11f-bd7c3a0ad14d:192.168.5.183:41252, logIndex=0, commits[2b9d536e-7082-46d0-bcea-3da9bf5f5d0c:c10, 103cee85-d2d3-4069-a903-4a8bed8118d2:c6, 5da997ac-485a-4ae3-a11f-bd7c3a0ad14d:c10]
2019-09-16 16:32:07,471 [java.util.concurrent.ThreadPoolExecutor$Worker@3a533076[State = -1, empty queue]] WARN  server.GrpcLogAppender (GrpcLogAppender.java:timeoutAppendRequest(200)) - 5da997ac-485a-4ae3-a11f-bd7c3a0ad14d@group-E6C05F8A743B->2b9d536e-7082-46d0-bcea-3da9bf5f5d0c-GrpcLogAppender: appendEntries Timeout, request=5da997ac-485a-4ae3-a11f-bd7c3a0ad14d->2b9d536e-7082-46d0-bcea-3da9bf5f5d0c#54-t1, previous=(t:1, i:13), leaderCommit=10, initializing? false, entries: <empty>
2019-09-16 16:32:07,471 [java.util.concurrent.ThreadPoolExecutor$Worker@25a61ea4[State = -1, empty queue]] WARN  server.GrpcLogAppender (GrpcLogAppender.java:timeoutAppendRequest(200)) - 5da997ac-485a-4ae3-a11f-bd7c3a0ad14d@group-E6C05F8A743B->103cee85-d2d3-4069-a903-4a8bed8118d2-GrpcLogAppender: appendEntries Timeout, request=5da997ac-485a-4ae3-a11f-bd7c3a0ad14d->103cee85-d2d3-4069-a903-4a8bed8118d2#54-t1, previous=(t:1, i:13), leaderCommit=10, initializing? false, entries: <empty>
2019-09-16 16:32:09,972 [java.util.concurrent.ThreadPoolExecutor$Worker@3a533076[State = -1, empty queue]] WARN  server.GrpcLogAppender (GrpcLogAppender.java:timeoutAppendRequest(200)) - 5da997ac-485a-4ae3-a11f-bd7c3a0ad14d@group-E6C05F8A743B->2b9d536e-7082-46d0-bcea-3da9bf5f5d0c-GrpcLogAppender: appendEntries Timeout, request=5da997ac-485a-4ae3-a11f-bd7c3a0ad14d->2b9d536e-7082-46d0-bcea-3da9bf5f5d0c#55-t1, previous=(t:1, i:13), leaderCommit=10, initializing? false, entries: <empty>
2019-09-16 16:32:09,972 [java.util.concurrent.ThreadPoolExecutor$Worker@25a61ea4[State = -1, empty queue]] WARN  server.GrpcLogAppender (GrpcLogAppender.java:timeoutAppendRequest(200)) - 5da997ac-485a-4ae3-a11f-bd7c3a0ad14d@group-E6C05F8A743B->103cee85-d2d3-4069-a903-4a8bed8118d2-GrpcLogAppender: appendEntries Timeout, request=5da997ac-485a-4ae3-a11f-bd7c3a0ad14d->103cee85-d2d3-4069-a903-4a8bed8118d2#55-t1, previous=(t:1, i:13), leaderCommit=10, initializing? false, entries: <empty>
2019-09-16 16:32:10,596 [grpc-default-executor-4] INFO  client.GrpcClientProtocolClient (GrpcClientProtocolClient.java:onNext(264)) - client-E18D28BDFE03->103cee85-d2d3-4069-a903-4a8bed8118d2: receive RaftClientReply:client-E18D28BDFE03->103cee85-d2d3-4069-a903-4a8bed8118d2@group-E6C05F8A743B, cid=21, FAILED org.apache.ratis.protocol.NotLeaderException: Server 103cee85-d2d3-4069-a903-4a8bed8118d2@group-E6C05F8A743B is not the leader 5da997ac-485a-4ae3-a11f-bd7c3a0ad14d:192.168.5.183:41252, logIndex=0, commits[103cee85-d2d3-4069-a903-4a8bed8118d2:c10, 2b9d536e-7082-46d0-bcea-3da9bf5f5d0c:c6, 5da997ac-485a-4ae3-a11f-bd7c3a0ad14d:c10]
2019-09-16 16:32:12,473 [java.util.concurrent.ThreadPoolExecutor$Worker@25a61ea4[State = -1, empty queue]] WARN  server.GrpcLogAppender (GrpcLogAppender.java:timeoutAppendRequest(200)) - 5da997ac-485a-4ae3-a11f-bd7c3a0ad14d@group-E6C05F8A743B->103cee85-d2d3-4069-a903-4a8bed8118d2-GrpcLogAppender: appendEntries Timeout, request=5da997ac-485a-4ae3-a11f-bd7c3a0ad14d->103cee85-d2d3-4069-a903-4a8bed8118d2#56-t1, previous=(t:1, i:13), leaderCommit=10, initializing? false, entries: <empty>
2019-09-16 16:32:12,473 [java.util.concurrent.ThreadPoolExecutor$Worker@3a533076[State = -1, empty queue]] WARN  server.GrpcLogAppender (GrpcLogAppender.java:timeoutAppendRequest(200)) - 5da997ac-485a-4ae3-a11f-bd7c3a0ad14d@group-E6C05F8A743B->2b9d536e-7082-46d0-bcea-3da9bf5f5d0c-GrpcLogAppender: appendEntries Timeout, request=5da997ac-485a-4ae3-a11f-bd7c3a0ad14d->2b9d536e-7082-46d0-bcea-3da9bf5f5d0c#56-t1, previous=(t:1, i:13), leaderCommit=10, initializing? false, entries: <empty>
2019-09-16 16:32:14,974 [java.util.concurrent.ThreadPoolExecutor$Worker@25a61ea4[State = -1, empty queue]] WARN  server.GrpcLogAppender (GrpcLogAppender.java:timeoutAppendRequest(200)) - 5da997ac-485a-4ae3-a11f-bd7c3a0ad14d@group-E6C05F8A743B->103cee85-d2d3-4069-a903-4a8bed8118d2-GrpcLogAppender: appendEntries Timeout, request=5da997ac-485a-4ae3-a11f-bd7c3a0ad14d->103cee85-d2d3-4069-a903-4a8bed8118d2#57-t1, previous=(t:1, i:13), leaderCommit=10, initializing? false, entries: <empty>
2019-09-16 16:32:14,974 [java.util.concurrent.ThreadPoolExecutor$Worker@3a533076[State = -1, empty queue]] WARN  server.GrpcLogAppender (GrpcLogAppender.java:timeoutAppendRequest(200)) - 5da997ac-485a-4ae3-a11f-bd7c3a0ad14d@group-E6C05F8A743B->2b9d536e-7082-46d0-bcea-3da9bf5f5d0c-GrpcLogAppender: appendEntries Timeout, request=5da997ac-485a-4ae3-a11f-bd7c3a0ad14d->2b9d536e-7082-46d0-bcea-3da9bf5f5d0c#57-t1, previous=(t:1, i:13), leaderCommit=10, initializing? false, entries: <empty>
2019-09-16 16:32:15,471 [5da997ac-485a-4ae3-a11f-bd7c3a0ad14d@group-E6C05F8A743B-SegmentedRaftLogWorker] WARN  segmented.SegmentedRaftLogWorker (SegmentedRaftLogWorker.java:getFromFuture(90)) - Timeout 10/~
org.apache.ratis.protocol.TimeoutIOException: Timeout 10s: WriteLog:12: (t:1, i:12), STATEMACHINELOGENTRY, client-E18D28BDFE03, cid=22-writeStateMachineData
	at org.apache.ratis.util.IOUtils.getFromFuture(IOUtils.java:87)
	at org.apache.ratis.server.raftlog.segmented.SegmentedRaftLogWorker$StateMachineDataPolicy.getFromFuture(SegmentedRaftLogWorker.java:87)
	at org.apache.ratis.server.raftlog.segmented.SegmentedRaftLogWorker$WriteLog.execute(SegmentedRaftLogWorker.java:477)
	at org.apache.ratis.server.raftlog.segmented.SegmentedRaftLogWorker.run(SegmentedRaftLogWorker.java:289)
	at java.lang.Thread.run(Thread.java:748)
Caused by: java.util.concurrent.TimeoutException
	at java.util.concurrent.CompletableFuture.timedGet(CompletableFuture.java:1771)
	at java.util.concurrent.CompletableFuture.get(CompletableFuture.java:1915)
	at org.apache.ratis.util.IOUtils.getFromFuture(IOUtils.java:79)
	... 4 more
2019-09-16 16:32:15,491 [2b9d536e-7082-46d0-bcea-3da9bf5f5d0c@group-E6C05F8A743B-SegmentedRaftLogWorker] WARN  segmented.SegmentedRaftLogWorker (SegmentedRaftLogWorker.java:getFromFuture(90)) - Timeout 10/~
org.apache.ratis.protocol.TimeoutIOException: Timeout 10s: WriteLog:12: (t:1, i:12), STATEMACHINELOGENTRY, client-E18D28BDFE03, cid=22-writeStateMachineData
	at org.apache.ratis.util.IOUtils.getFromFuture(IOUtils.java:87)
	at org.apache.ratis.server.raftlog.segmented.SegmentedRaftLogWorker$StateMachineDataPolicy.getFromFuture(SegmentedRaftLogWorker.java:87)
	at org.apache.ratis.server.raftlog.segmented.SegmentedRaftLogWorker$WriteLog.execute(SegmentedRaftLogWorker.java:477)
	at org.apache.ratis.server.raftlog.segmented.SegmentedRaftLogWorker.run(SegmentedRaftLogWorker.java:289)
	at java.lang.Thread.run(Thread.java:748)
Caused by: java.util.concurrent.TimeoutException
	at java.util.concurrent.CompletableFuture.timedGet(CompletableFuture.java:1771)
	at java.util.concurrent.CompletableFuture.get(CompletableFuture.java:1915)
	at org.apache.ratis.util.IOUtils.getFromFuture(IOUtils.java:79)
	... 4 more
2019-09-16 16:32:15,492 [103cee85-d2d3-4069-a903-4a8bed8118d2@group-E6C05F8A743B-SegmentedRaftLogWorker] WARN  segmented.SegmentedRaftLogWorker (SegmentedRaftLogWorker.java:getFromFuture(90)) - Timeout 10/~
org.apache.ratis.protocol.TimeoutIOException: Timeout 10s: WriteLog:12: (t:1, i:12), STATEMACHINELOGENTRY, client-E18D28BDFE03, cid=22-writeStateMachineData
	at org.apache.ratis.util.IOUtils.getFromFuture(IOUtils.java:87)
	at org.apache.ratis.server.raftlog.segmented.SegmentedRaftLogWorker$StateMachineDataPolicy.getFromFuture(SegmentedRaftLogWorker.java:87)
	at org.apache.ratis.server.raftlog.segmented.SegmentedRaftLogWorker$WriteLog.execute(SegmentedRaftLogWorker.java:477)
	at org.apache.ratis.server.raftlog.segmented.SegmentedRaftLogWorker.run(SegmentedRaftLogWorker.java:289)
	at java.lang.Thread.run(Thread.java:748)
Caused by: java.util.concurrent.TimeoutException
	at java.util.concurrent.CompletableFuture.timedGet(CompletableFuture.java:1771)
	at java.util.concurrent.CompletableFuture.get(CompletableFuture.java:1915)
	at org.apache.ratis.util.IOUtils.getFromFuture(IOUtils.java:79)
	... 4 more
2019-09-16 16:32:15,678 [grpc-default-executor-3] INFO  client.GrpcClientProtocolClient (GrpcClientProtocolClient.java:onNext(264)) - client-E18D28BDFE03->103cee85-d2d3-4069-a903-4a8bed8118d2: receive RaftClientReply:client-E18D28BDFE03->103cee85-d2d3-4069-a903-4a8bed8118d2@group-E6C05F8A743B, cid=21, FAILED org.apache.ratis.protocol.NotLeaderException: Server 103cee85-d2d3-4069-a903-4a8bed8118d2@group-E6C05F8A743B is not the leader 5da997ac-485a-4ae3-a11f-bd7c3a0ad14d:192.168.5.183:41252, logIndex=0, commits[103cee85-d2d3-4069-a903-4a8bed8118d2:c10, 2b9d536e-7082-46d0-bcea-3da9bf5f5d0c:c6, 5da997ac-485a-4ae3-a11f-bd7c3a0ad14d:c10]
2019-09-16 16:32:17,474 [java.util.concurrent.ThreadPoolExecutor$Worker@25a61ea4[State = -1, empty queue]] WARN  server.GrpcLogAppender (GrpcLogAppender.java:timeoutAppendRequest(200)) - 5da997ac-485a-4ae3-a11f-bd7c3a0ad14d@group-E6C05F8A743B->103cee85-d2d3-4069-a903-4a8bed8118d2-GrpcLogAppender: appendEntries Timeout, request=5da997ac-485a-4ae3-a11f-bd7c3a0ad14d->103cee85-d2d3-4069-a903-4a8bed8118d2#58-t1, previous=(t:1, i:13), leaderCommit=10, initializing? false, entries: <empty>
2019-09-16 16:32:17,474 [java.util.concurrent.ThreadPoolExecutor$Worker@3a533076[State = -1, empty queue]] WARN  server.GrpcLogAppender (GrpcLogAppender.java:timeoutAppendRequest(200)) - 5da997ac-485a-4ae3-a11f-bd7c3a0ad14d@group-E6C05F8A743B->2b9d536e-7082-46d0-bcea-3da9bf5f5d0c-GrpcLogAppender: appendEntries Timeout, request=5da997ac-485a-4ae3-a11f-bd7c3a0ad14d->2b9d536e-7082-46d0-bcea-3da9bf5f5d0c#58-t1, previous=(t:1, i:13), leaderCommit=10, initializing? false, entries: <empty>
2019-09-16 16:32:19,975 [java.util.concurrent.ThreadPoolExecutor$Worker@25a61ea4[State = -1, empty queue]] WARN  server.GrpcLogAppender (GrpcLogAppender.java:timeoutAppendRequest(200)) - 5da997ac-485a-4ae3-a11f-bd7c3a0ad14d@group-E6C05F8A743B->103cee85-d2d3-4069-a903-4a8bed8118d2-GrpcLogAppender: appendEntries Timeout, request=5da997ac-485a-4ae3-a11f-bd7c3a0ad14d->103cee85-d2d3-4069-a903-4a8bed8118d2#59-t1, previous=(t:1, i:13), leaderCommit=10, initializing? false, entries: <empty>
2019-09-16 16:32:19,975 [java.util.concurrent.ThreadPoolExecutor$Worker@3a533076[State = -1, empty queue]] WARN  server.GrpcLogAppender (GrpcLogAppender.java:timeoutAppendRequest(200)) - 5da997ac-485a-4ae3-a11f-bd7c3a0ad14d@group-E6C05F8A743B->2b9d536e-7082-46d0-bcea-3da9bf5f5d0c-GrpcLogAppender: appendEntries Timeout, request=5da997ac-485a-4ae3-a11f-bd7c3a0ad14d->2b9d536e-7082-46d0-bcea-3da9bf5f5d0c#59-t1, previous=(t:1, i:13), leaderCommit=10, initializing? false, entries: <empty>
2019-09-16 16:32:20,732 [grpc-default-executor-3] INFO  client.GrpcClientProtocolClient (GrpcClientProtocolClient.java:onNext(264)) - client-E18D28BDFE03->103cee85-d2d3-4069-a903-4a8bed8118d2: receive RaftClientReply:client-E18D28BDFE03->103cee85-d2d3-4069-a903-4a8bed8118d2@group-E6C05F8A743B, cid=21, FAILED org.apache.ratis.protocol.NotLeaderException: Server 103cee85-d2d3-4069-a903-4a8bed8118d2@group-E6C05F8A743B is not the leader 5da997ac-485a-4ae3-a11f-bd7c3a0ad14d:192.168.5.183:41252, logIndex=0, commits[103cee85-d2d3-4069-a903-4a8bed8118d2:c10, 2b9d536e-7082-46d0-bcea-3da9bf5f5d0c:c6, 5da997ac-485a-4ae3-a11f-bd7c3a0ad14d:c10]
2019-09-16 16:32:22,475 [java.util.concurrent.ThreadPoolExecutor$Worker@3a533076[State = -1, empty queue]] WARN  server.GrpcLogAppender (GrpcLogAppender.java:timeoutAppendRequest(200)) - 5da997ac-485a-4ae3-a11f-bd7c3a0ad14d@group-E6C05F8A743B->2b9d536e-7082-46d0-bcea-3da9bf5f5d0c-GrpcLogAppender: appendEntries Timeout, request=5da997ac-485a-4ae3-a11f-bd7c3a0ad14d->2b9d536e-7082-46d0-bcea-3da9bf5f5d0c#60-t1, previous=(t:1, i:13), leaderCommit=10, initializing? false, entries: <empty>
2019-09-16 16:32:22,476 [java.util.concurrent.ThreadPoolExecutor$Worker@25a61ea4[State = -1, empty queue]] WARN  server.GrpcLogAppender (GrpcLogAppender.java:timeoutAppendRequest(200)) - 5da997ac-485a-4ae3-a11f-bd7c3a0ad14d@group-E6C05F8A743B->103cee85-d2d3-4069-a903-4a8bed8118d2-GrpcLogAppender: appendEntries Timeout, request=5da997ac-485a-4ae3-a11f-bd7c3a0ad14d->103cee85-d2d3-4069-a903-4a8bed8118d2#60-t1, previous=(t:1, i:13), leaderCommit=10, initializing? false, entries: <empty>
2019-09-16 16:32:24,510 [org.apache.ratis.server.impl.LogAppender$AppenderDaemon$$Lambda$486/1268950271@4af917ef] ERROR ratis.XceiverServerRatis (XceiverServerRatis.java:triggerPipelineClose(568)) - pipeline Action CLOSE  on pipeline PipelineID=3ab55fe5-a8b1-4e30-8295-e6c05f8a743b.Reason : 5da997ac-485a-4ae3-a11f-bd7c3a0ad14d has not seen follower/s 2b9d536e-7082-46d0-bcea-3da9bf5f5d0c for 120369ms 103cee85-d2d3-4069-a903-4a8bed8118d2 for 120372ms
2019-09-16 16:32:24,510 [org.apache.ratis.server.impl.LogAppender$AppenderDaemon$$Lambda$486/1268950271@118ee7f7] ERROR ratis.XceiverServerRatis (XceiverServerRatis.java:triggerPipelineClose(568)) - pipeline Action CLOSE  on pipeline PipelineID=3ab55fe5-a8b1-4e30-8295-e6c05f8a743b.Reason : 5da997ac-485a-4ae3-a11f-bd7c3a0ad14d has not seen follower/s 2b9d536e-7082-46d0-bcea-3da9bf5f5d0c for 120369ms 103cee85-d2d3-4069-a903-4a8bed8118d2 for 120372ms
2019-09-16 16:32:24,976 [java.util.concurrent.ThreadPoolExecutor$Worker@25a61ea4[State = -1, empty queue]] WARN  server.GrpcLogAppender (GrpcLogAppender.java:timeoutAppendRequest(200)) - 5da997ac-485a-4ae3-a11f-bd7c3a0ad14d@group-E6C05F8A743B->103cee85-d2d3-4069-a903-4a8bed8118d2-GrpcLogAppender: appendEntries Timeout, request=5da997ac-485a-4ae3-a11f-bd7c3a0ad14d->103cee85-d2d3-4069-a903-4a8bed8118d2#61-t1, previous=(t:1, i:13), leaderCommit=10, initializing? false, entries: <empty>
2019-09-16 16:32:24,976 [java.util.concurrent.ThreadPoolExecutor$Worker@3a533076[State = -1, empty queue]] WARN  server.GrpcLogAppender (GrpcLogAppender.java:timeoutAppendRequest(200)) - 5da997ac-485a-4ae3-a11f-bd7c3a0ad14d@group-E6C05F8A743B->2b9d536e-7082-46d0-bcea-3da9bf5f5d0c-GrpcLogAppender: appendEntries Timeout, request=5da997ac-485a-4ae3-a11f-bd7c3a0ad14d->2b9d536e-7082-46d0-bcea-3da9bf5f5d0c#61-t1, previous=(t:1, i:13), leaderCommit=10, initializing? false, entries: <empty>
2019-09-16 16:32:25,472 [5da997ac-485a-4ae3-a11f-bd7c3a0ad14d@group-E6C05F8A743B-SegmentedRaftLogWorker] WARN  segmented.SegmentedRaftLogWorker (SegmentedRaftLogWorker.java:getFromFuture(90)) - Timeout 11/~
org.apache.ratis.protocol.TimeoutIOException: Timeout 10s: WriteLog:12: (t:1, i:12), STATEMACHINELOGENTRY, client-E18D28BDFE03, cid=22-writeStateMachineData
	at org.apache.ratis.util.IOUtils.getFromFuture(IOUtils.java:87)
	at org.apache.ratis.server.raftlog.segmented.SegmentedRaftLogWorker$StateMachineDataPolicy.getFromFuture(SegmentedRaftLogWorker.java:87)
	at org.apache.ratis.server.raftlog.segmented.SegmentedRaftLogWorker$WriteLog.execute(SegmentedRaftLogWorker.java:477)
	at org.apache.ratis.server.raftlog.segmented.SegmentedRaftLogWorker.run(SegmentedRaftLogWorker.java:289)
	at java.lang.Thread.run(Thread.java:748)
Caused by: java.util.concurrent.TimeoutException
	at java.util.concurrent.CompletableFuture.timedGet(CompletableFuture.java:1771)
	at java.util.concurrent.CompletableFuture.get(CompletableFuture.java:1915)
	at org.apache.ratis.util.IOUtils.getFromFuture(IOUtils.java:79)
	... 4 more
2019-09-16 16:32:25,492 [2b9d536e-7082-46d0-bcea-3da9bf5f5d0c@group-E6C05F8A743B-SegmentedRaftLogWorker] WARN  segmented.SegmentedRaftLogWorker (SegmentedRaftLogWorker.java:getFromFuture(90)) - Timeout 11/~
org.apache.ratis.protocol.TimeoutIOException: Timeout 10s: WriteLog:12: (t:1, i:12), STATEMACHINELOGENTRY, client-E18D28BDFE03, cid=22-writeStateMachineData
	at org.apache.ratis.util.IOUtils.getFromFuture(IOUtils.java:87)
	at org.apache.ratis.server.raftlog.segmented.SegmentedRaftLogWorker$StateMachineDataPolicy.getFromFuture(SegmentedRaftLogWorker.java:87)
	at org.apache.ratis.server.raftlog.segmented.SegmentedRaftLogWorker$WriteLog.execute(SegmentedRaftLogWorker.java:477)
	at org.apache.ratis.server.raftlog.segmented.SegmentedRaftLogWorker.run(SegmentedRaftLogWorker.java:289)
	at java.lang.Thread.run(Thread.java:748)
Caused by: java.util.concurrent.TimeoutException
	at java.util.concurrent.CompletableFuture.timedGet(CompletableFuture.java:1771)
	at java.util.concurrent.CompletableFuture.get(CompletableFuture.java:1915)
	at org.apache.ratis.util.IOUtils.getFromFuture(IOUtils.java:79)
	... 4 more
2019-09-16 16:32:25,493 [103cee85-d2d3-4069-a903-4a8bed8118d2@group-E6C05F8A743B-SegmentedRaftLogWorker] WARN  segmented.SegmentedRaftLogWorker (SegmentedRaftLogWorker.java:getFromFuture(90)) - Timeout 11/~
org.apache.ratis.protocol.TimeoutIOException: Timeout 10s: WriteLog:12: (t:1, i:12), STATEMACHINELOGENTRY, client-E18D28BDFE03, cid=22-writeStateMachineData
	at org.apache.ratis.util.IOUtils.getFromFuture(IOUtils.java:87)
	at org.apache.ratis.server.raftlog.segmented.SegmentedRaftLogWorker$StateMachineDataPolicy.getFromFuture(SegmentedRaftLogWorker.java:87)
	at org.apache.ratis.server.raftlog.segmented.SegmentedRaftLogWorker$WriteLog.execute(SegmentedRaftLogWorker.java:477)
	at org.apache.ratis.server.raftlog.segmented.SegmentedRaftLogWorker.run(SegmentedRaftLogWorker.java:289)
	at java.lang.Thread.run(Thread.java:748)
Caused by: java.util.concurrent.TimeoutException
	at java.util.concurrent.CompletableFuture.timedGet(CompletableFuture.java:1771)
	at java.util.concurrent.CompletableFuture.get(CompletableFuture.java:1915)
	at org.apache.ratis.util.IOUtils.getFromFuture(IOUtils.java:79)
	... 4 more
2019-09-16 16:32:25,506 [EventQueue-PipelineActionsForPipelineActionHandler] ERROR pipeline.PipelineActionHandler (PipelineActionHandler.java:onMessage(60)) - Received pipeline action CLOSE for Pipeline[ Id: 3ab55fe5-a8b1-4e30-8295-e6c05f8a743b, Nodes: 2b9d536e-7082-46d0-bcea-3da9bf5f5d0c{ip: 192.168.5.183, host: pr-hdds-1054-fkf2j-3502855176, networkLocation: /default-rack, certSerialId: null}103cee85-d2d3-4069-a903-4a8bed8118d2{ip: 192.168.5.183, host: pr-hdds-1054-fkf2j-3502855176, networkLocation: /default-rack, certSerialId: null}5da997ac-485a-4ae3-a11f-bd7c3a0ad14d{ip: 192.168.5.183, host: pr-hdds-1054-fkf2j-3502855176, networkLocation: /default-rack, certSerialId: null}, Type:RATIS, Factor:THREE, State:OPEN] from datanode 5da997ac-485a-4ae3-a11f-bd7c3a0ad14d{ip: 192.168.5.183, host: pr-hdds-1054-fkf2j-3502855176, networkLocation: /default-rack, certSerialId: null}. Reason : 5da997ac-485a-4ae3-a11f-bd7c3a0ad14d has not seen follower/s 2b9d536e-7082-46d0-bcea-3da9bf5f5d0c for 120369ms 103cee85-d2d3-4069-a903-4a8bed8118d2 for 120372ms
2019-09-16 16:32:25,507 [EventQueue-PipelineActionsForPipelineActionHandler] INFO  pipeline.SCMPipelineManager (SCMPipelineManager.java:finalizeAndDestroyPipeline(311)) - destroying pipeline:Pipeline[ Id: 3ab55fe5-a8b1-4e30-8295-e6c05f8a743b, Nodes: 2b9d536e-7082-46d0-bcea-3da9bf5f5d0c{ip: 192.168.5.183, host: pr-hdds-1054-fkf2j-3502855176, networkLocation: /default-rack, certSerialId: null}103cee85-d2d3-4069-a903-4a8bed8118d2{ip: 192.168.5.183, host: pr-hdds-1054-fkf2j-3502855176, networkLocation: /default-rack, certSerialId: null}5da997ac-485a-4ae3-a11f-bd7c3a0ad14d{ip: 192.168.5.183, host: pr-hdds-1054-fkf2j-3502855176, networkLocation: /default-rack, certSerialId: null}, Type:RATIS, Factor:THREE, State:OPEN]
2019-09-16 16:32:25,508 [EventQueue-PipelineActionsForPipelineActionHandler] INFO  pipeline.PipelineStateManager (PipelineStateManager.java:finalizePipeline(123)) - Pipeline Pipeline[ Id: 3ab55fe5-a8b1-4e30-8295-e6c05f8a743b, Nodes: 2b9d536e-7082-46d0-bcea-3da9bf5f5d0c{ip: 192.168.5.183, host: pr-hdds-1054-fkf2j-3502855176, networkLocation: /default-rack, certSerialId: null}103cee85-d2d3-4069-a903-4a8bed8118d2{ip: 192.168.5.183, host: pr-hdds-1054-fkf2j-3502855176, networkLocation: /default-rack, certSerialId: null}5da997ac-485a-4ae3-a11f-bd7c3a0ad14d{ip: 192.168.5.183, host: pr-hdds-1054-fkf2j-3502855176, networkLocation: /default-rack, certSerialId: null}, Type:RATIS, Factor:THREE, State:CLOSED] moved to CLOSED state
2019-09-16 16:32:25,512 [EventQueue-CloseContainerForCloseContainerEventHandler] INFO  container.CloseContainerEventHandler (CloseContainerEventHandler.java:onMessage(61)) - Close container Event triggered for container : #2
2019-09-16 16:32:25,519 [EventQueue-CloseContainerForCloseContainerEventHandler] INFO  container.CloseContainerEventHandler (CloseContainerEventHandler.java:onMessage(61)) - Close container Event triggered for container : #3
2019-09-16 16:32:25,774 [grpc-default-executor-4] INFO  client.GrpcClientProtocolClient (GrpcClientProtocolClient.java:onNext(264)) - client-E18D28BDFE03->2b9d536e-7082-46d0-bcea-3da9bf5f5d0c: receive RaftClientReply:client-E18D28BDFE03->2b9d536e-7082-46d0-bcea-3da9bf5f5d0c@group-E6C05F8A743B, cid=21, FAILED org.apache.ratis.protocol.NotLeaderException: Server 2b9d536e-7082-46d0-bcea-3da9bf5f5d0c@group-E6C05F8A743B is not the leader 5da997ac-485a-4ae3-a11f-bd7c3a0ad14d:192.168.5.183:41252, logIndex=0, commits[2b9d536e-7082-46d0-bcea-3da9bf5f5d0c:c10, 103cee85-d2d3-4069-a903-4a8bed8118d2:c6, 5da997ac-485a-4ae3-a11f-bd7c3a0ad14d:c10]
2019-09-16 16:32:26,977 [org.apache.ratis.server.impl.LogAppender$AppenderDaemon$$Lambda$486/1268950271@4af917ef] ERROR ratis.XceiverServerRatis (XceiverServerRatis.java:triggerPipelineClose(568)) - pipeline Action CLOSE  on pipeline PipelineID=3ab55fe5-a8b1-4e30-8295-e6c05f8a743b.Reason : 5da997ac-485a-4ae3-a11f-bd7c3a0ad14d has not seen follower/s 2b9d536e-7082-46d0-bcea-3da9bf5f5d0c for 122851ms 103cee85-d2d3-4069-a903-4a8bed8118d2 for 122852ms
2019-09-16 16:32:26,977 [org.apache.ratis.server.impl.LogAppender$AppenderDaemon$$Lambda$486/1268950271@118ee7f7] ERROR ratis.XceiverServerRatis (XceiverServerRatis.java:triggerPipelineClose(568)) - pipeline Action CLOSE  on pipeline PipelineID=3ab55fe5-a8b1-4e30-8295-e6c05f8a743b.Reason : 5da997ac-485a-4ae3-a11f-bd7c3a0ad14d has not seen follower/s 2b9d536e-7082-46d0-bcea-3da9bf5f5d0c for 122851ms 103cee85-d2d3-4069-a903-4a8bed8118d2 for 122852ms
2019-09-16 16:32:27,476 [java.util.concurrent.ThreadPoolExecutor$Worker@3a533076[State = -1, empty queue]] WARN  server.GrpcLogAppender (GrpcLogAppender.java:timeoutAppendRequest(200)) - 5da997ac-485a-4ae3-a11f-bd7c3a0ad14d@group-E6C05F8A743B->2b9d536e-7082-46d0-bcea-3da9bf5f5d0c-GrpcLogAppender: appendEntries Timeout, request=5da997ac-485a-4ae3-a11f-bd7c3a0ad14d->2b9d536e-7082-46d0-bcea-3da9bf5f5d0c#62-t1, previous=(t:1, i:13), leaderCommit=10, initializing? false, entries: <empty>
2019-09-16 16:32:27,476 [java.util.concurrent.ThreadPoolExecutor$Worker@25a61ea4[State = -1, empty queue]] WARN  server.GrpcLogAppender (GrpcLogAppender.java:timeoutAppendRequest(200)) - 5da997ac-485a-4ae3-a11f-bd7c3a0ad14d@group-E6C05F8A743B->103cee85-d2d3-4069-a903-4a8bed8118d2-GrpcLogAppender: appendEntries Timeout, request=5da997ac-485a-4ae3-a11f-bd7c3a0ad14d->103cee85-d2d3-4069-a903-4a8bed8118d2#62-t1, previous=(t:1, i:13), leaderCommit=10, initializing? false, entries: <empty>
2019-09-16 16:32:27,502 [EventQueue-PipelineActionsForPipelineActionHandler] ERROR pipeline.PipelineActionHandler (PipelineActionHandler.java:onMessage(60)) - Received pipeline action CLOSE for Pipeline[ Id: 3ab55fe5-a8b1-4e30-8295-e6c05f8a743b, Nodes: 2b9d536e-7082-46d0-bcea-3da9bf5f5d0c{ip: 192.168.5.183, host: pr-hdds-1054-fkf2j-3502855176, networkLocation: /default-rack, certSerialId: null}103cee85-d2d3-4069-a903-4a8bed8118d2{ip: 192.168.5.183, host: pr-hdds-1054-fkf2j-3502855176, networkLocation: /default-rack, certSerialId: null}5da997ac-485a-4ae3-a11f-bd7c3a0ad14d{ip: 192.168.5.183, host: pr-hdds-1054-fkf2j-3502855176, networkLocation: /default-rack, certSerialId: null}, Type:RATIS, Factor:THREE, State:CLOSED] from datanode 5da997ac-485a-4ae3-a11f-bd7c3a0ad14d{ip: 192.168.5.183, host: pr-hdds-1054-fkf2j-3502855176, networkLocation: /default-rack, certSerialId: null}. Reason : 5da997ac-485a-4ae3-a11f-bd7c3a0ad14d has not seen follower/s 2b9d536e-7082-46d0-bcea-3da9bf5f5d0c for 122851ms 103cee85-d2d3-4069-a903-4a8bed8118d2 for 122852ms
2019-09-16 16:32:27,502 [EventQueue-PipelineActionsForPipelineActionHandler] INFO  pipeline.SCMPipelineManager (SCMPipelineManager.java:finalizeAndDestroyPipeline(311)) - destroying pipeline:Pipeline[ Id: 3ab55fe5-a8b1-4e30-8295-e6c05f8a743b, Nodes: 2b9d536e-7082-46d0-bcea-3da9bf5f5d0c{ip: 192.168.5.183, host: pr-hdds-1054-fkf2j-3502855176, networkLocation: /default-rack, certSerialId: null}103cee85-d2d3-4069-a903-4a8bed8118d2{ip: 192.168.5.183, host: pr-hdds-1054-fkf2j-3502855176, networkLocation: /default-rack, certSerialId: null}5da997ac-485a-4ae3-a11f-bd7c3a0ad14d{ip: 192.168.5.183, host: pr-hdds-1054-fkf2j-3502855176, networkLocation: /default-rack, certSerialId: null}, Type:RATIS, Factor:THREE, State:CLOSED]
2019-09-16 16:32:27,591 [org.apache.ratis.server.impl.LogAppender$AppenderDaemon$$Lambda$486/1268950271@4af917ef] ERROR ratis.XceiverServerRatis (XceiverServerRatis.java:triggerPipelineClose(568)) - pipeline Action CLOSE  on pipeline PipelineID=3ab55fe5-a8b1-4e30-8295-e6c05f8a743b.Reason : 5da997ac-485a-4ae3-a11f-bd7c3a0ad14d has not seen follower/s 2b9d536e-7082-46d0-bcea-3da9bf5f5d0c for 123465ms 103cee85-d2d3-4069-a903-4a8bed8118d2 for 123466ms
2019-09-16 16:32:27,591 [org.apache.ratis.server.impl.LogAppender$AppenderDaemon$$Lambda$486/1268950271@118ee7f7] ERROR ratis.XceiverServerRatis (XceiverServerRatis.java:triggerPipelineClose(568)) - pipeline Action CLOSE  on pipeline PipelineID=3ab55fe5-a8b1-4e30-8295-e6c05f8a743b.Reason : 5da997ac-485a-4ae3-a11f-bd7c3a0ad14d has not seen follower/s 2b9d536e-7082-46d0-bcea-3da9bf5f5d0c for 123465ms 103cee85-d2d3-4069-a903-4a8bed8118d2 for 123466ms
2019-09-16 16:32:28,590 [EventQueue-PipelineActionsForPipelineActionHandler] ERROR pipeline.PipelineActionHandler (PipelineActionHandler.java:onMessage(60)) - Received pipeline action CLOSE for Pipeline[ Id: 3ab55fe5-a8b1-4e30-8295-e6c05f8a743b, Nodes: 2b9d536e-7082-46d0-bcea-3da9bf5f5d0c{ip: 192.168.5.183, host: pr-hdds-1054-fkf2j-3502855176, networkLocation: /default-rack, certSerialId: null}103cee85-d2d3-4069-a903-4a8bed8118d2{ip: 192.168.5.183, host: pr-hdds-1054-fkf2j-3502855176, networkLocation: /default-rack, certSerialId: null}5da997ac-485a-4ae3-a11f-bd7c3a0ad14d{ip: 192.168.5.183, host: pr-hdds-1054-fkf2j-3502855176, networkLocation: /default-rack, certSerialId: null}, Type:RATIS, Factor:THREE, State:CLOSED] from datanode 5da997ac-485a-4ae3-a11f-bd7c3a0ad14d{ip: 192.168.5.183, host: pr-hdds-1054-fkf2j-3502855176, networkLocation: /default-rack, certSerialId: null}. Reason : 5da997ac-485a-4ae3-a11f-bd7c3a0ad14d has not seen follower/s 2b9d536e-7082-46d0-bcea-3da9bf5f5d0c for 123465ms 103cee85-d2d3-4069-a903-4a8bed8118d2 for 123466ms
2019-09-16 16:32:28,591 [EventQueue-PipelineActionsForPipelineActionHandler] INFO  pipeline.SCMPipelineManager (SCMPipelineManager.java:finalizeAndDestroyPipeline(311)) - destroying pipeline:Pipeline[ Id: 3ab55fe5-a8b1-4e30-8295-e6c05f8a743b, Nodes: 2b9d536e-7082-46d0-bcea-3da9bf5f5d0c{ip: 192.168.5.183, host: pr-hdds-1054-fkf2j-3502855176, networkLocation: /default-rack, certSerialId: null}103cee85-d2d3-4069-a903-4a8bed8118d2{ip: 192.168.5.183, host: pr-hdds-1054-fkf2j-3502855176, networkLocation: /default-rack, certSerialId: null}5da997ac-485a-4ae3-a11f-bd7c3a0ad14d{ip: 192.168.5.183, host: pr-hdds-1054-fkf2j-3502855176, networkLocation: /default-rack, certSerialId: null}, Type:RATIS, Factor:THREE, State:CLOSED]
2019-09-16 16:32:29,977 [java.util.concurrent.ThreadPoolExecutor$Worker@3a533076[State = -1, empty queue]] WARN  server.GrpcLogAppender (GrpcLogAppender.java:timeoutAppendRequest(200)) - 5da997ac-485a-4ae3-a11f-bd7c3a0ad14d@group-E6C05F8A743B->2b9d536e-7082-46d0-bcea-3da9bf5f5d0c-GrpcLogAppender: appendEntries Timeout, request=5da997ac-485a-4ae3-a11f-bd7c3a0ad14d->2b9d536e-7082-46d0-bcea-3da9bf5f5d0c#63-t1, previous=(t:1, i:13), leaderCommit=10, initializing? false, entries: <empty>
2019-09-16 16:32:29,977 [java.util.concurrent.ThreadPoolExecutor$Worker@25a61ea4[State = -1, empty queue]] WARN  server.GrpcLogAppender (GrpcLogAppender.java:timeoutAppendRequest(200)) - 5da997ac-485a-4ae3-a11f-bd7c3a0ad14d@group-E6C05F8A743B->103cee85-d2d3-4069-a903-4a8bed8118d2-GrpcLogAppender: appendEntries Timeout, request=5da997ac-485a-4ae3-a11f-bd7c3a0ad14d->103cee85-d2d3-4069-a903-4a8bed8118d2#63-t1, previous=(t:1, i:13), leaderCommit=10, initializing? false, entries: <empty>
2019-09-16 16:32:30,092 [org.apache.ratis.server.impl.LogAppender$AppenderDaemon$$Lambda$486/1268950271@4af917ef] ERROR ratis.XceiverServerRatis (XceiverServerRatis.java:triggerPipelineClose(568)) - pipeline Action CLOSE  on pipeline PipelineID=3ab55fe5-a8b1-4e30-8295-e6c05f8a743b.Reason : 5da997ac-485a-4ae3-a11f-bd7c3a0ad14d has not seen follower/s 2b9d536e-7082-46d0-bcea-3da9bf5f5d0c for 125966ms 103cee85-d2d3-4069-a903-4a8bed8118d2 for 125967ms
2019-09-16 16:32:30,092 [org.apache.ratis.server.impl.LogAppender$AppenderDaemon$$Lambda$486/1268950271@118ee7f7] ERROR ratis.XceiverServerRatis (XceiverServerRatis.java:triggerPipelineClose(568)) - pipeline Action CLOSE  on pipeline PipelineID=3ab55fe5-a8b1-4e30-8295-e6c05f8a743b.Reason : 5da997ac-485a-4ae3-a11f-bd7c3a0ad14d has not seen follower/s 2b9d536e-7082-46d0-bcea-3da9bf5f5d0c for 125966ms 103cee85-d2d3-4069-a903-4a8bed8118d2 for 125967ms
2019-09-16 16:32:30,590 [EventQueue-PipelineActionsForPipelineActionHandler] ERROR pipeline.PipelineActionHandler (PipelineActionHandler.java:onMessage(60)) - Received pipeline action CLOSE for Pipeline[ Id: 3ab55fe5-a8b1-4e30-8295-e6c05f8a743b, Nodes: 2b9d536e-7082-46d0-bcea-3da9bf5f5d0c{ip: 192.168.5.183, host: pr-hdds-1054-fkf2j-3502855176, networkLocation: /default-rack, certSerialId: null}103cee85-d2d3-4069-a903-4a8bed8118d2{ip: 192.168.5.183, host: pr-hdds-1054-fkf2j-3502855176, networkLocation: /default-rack, certSerialId: null}5da997ac-485a-4ae3-a11f-bd7c3a0ad14d{ip: 192.168.5.183, host: pr-hdds-1054-fkf2j-3502855176, networkLocation: /default-rack, certSerialId: null}, Type:RATIS, Factor:THREE, State:CLOSED] from datanode 5da997ac-485a-4ae3-a11f-bd7c3a0ad14d{ip: 192.168.5.183, host: pr-hdds-1054-fkf2j-3502855176, networkLocation: /default-rack, certSerialId: null}. Reason : 5da997ac-485a-4ae3-a11f-bd7c3a0ad14d has not seen follower/s 2b9d536e-7082-46d0-bcea-3da9bf5f5d0c for 125966ms 103cee85-d2d3-4069-a903-4a8bed8118d2 for 125967ms
2019-09-16 16:32:30,591 [EventQueue-PipelineActionsForPipelineActionHandler] INFO  pipeline.SCMPipelineManager (SCMPipelineManager.java:finalizeAndDestroyPipeline(311)) - destroying pipeline:Pipeline[ Id: 3ab55fe5-a8b1-4e30-8295-e6c05f8a743b, Nodes: 2b9d536e-7082-46d0-bcea-3da9bf5f5d0c{ip: 192.168.5.183, host: pr-hdds-1054-fkf2j-3502855176, networkLocation: /default-rack, certSerialId: null}103cee85-d2d3-4069-a903-4a8bed8118d2{ip: 192.168.5.183, host: pr-hdds-1054-fkf2j-3502855176, networkLocation: /default-rack, certSerialId: null}5da997ac-485a-4ae3-a11f-bd7c3a0ad14d{ip: 192.168.5.183, host: pr-hdds-1054-fkf2j-3502855176, networkLocation: /default-rack, certSerialId: null}, Type:RATIS, Factor:THREE, State:CLOSED]
2019-09-16 16:32:30,591 [java.util.concurrent.ThreadPoolExecutor$Worker@25a61ea4[State = -1, empty queue]] WARN  server.GrpcLogAppender (GrpcLogAppender.java:timeoutAppendRequest(200)) - 5da997ac-485a-4ae3-a11f-bd7c3a0ad14d@group-E6C05F8A743B->103cee85-d2d3-4069-a903-4a8bed8118d2-GrpcLogAppender: appendEntries Timeout, request=5da997ac-485a-4ae3-a11f-bd7c3a0ad14d->103cee85-d2d3-4069-a903-4a8bed8118d2#64-t1, previous=(t:1, i:13), leaderCommit=10, initializing? false, entries: size=1, first=(t:1, i:14), STATEMACHINELOGENTRY, client-336439C3FC50, cid=1
2019-09-16 16:32:30,591 [java.util.concurrent.ThreadPoolExecutor$Worker@3a533076[State = -1, empty queue]] WARN  server.GrpcLogAppender (GrpcLogAppender.java:timeoutAppendRequest(200)) - 5da997ac-485a-4ae3-a11f-bd7c3a0ad14d@group-E6C05F8A743B->2b9d536e-7082-46d0-bcea-3da9bf5f5d0c-GrpcLogAppender: appendEntries Timeout, request=5da997ac-485a-4ae3-a11f-bd7c3a0ad14d->2b9d536e-7082-46d0-bcea-3da9bf5f5d0c#64-t1, previous=(t:1, i:13), leaderCommit=10, initializing? false, entries: size=1, first=(t:1, i:14), STATEMACHINELOGENTRY, client-336439C3FC50, cid=1
2019-09-16 16:32:30,861 [grpc-default-executor-4] INFO  client.GrpcClientProtocolClient (GrpcClientProtocolClient.java:onNext(264)) - client-E18D28BDFE03->103cee85-d2d3-4069-a903-4a8bed8118d2: receive RaftClientReply:client-E18D28BDFE03->103cee85-d2d3-4069-a903-4a8bed8118d2@group-E6C05F8A743B, cid=21, FAILED org.apache.ratis.protocol.NotLeaderException: Server 103cee85-d2d3-4069-a903-4a8bed8118d2@group-E6C05F8A743B is not the leader 5da997ac-485a-4ae3-a11f-bd7c3a0ad14d:192.168.5.183:41252, logIndex=0, commits[103cee85-d2d3-4069-a903-4a8bed8118d2:c10, 2b9d536e-7082-46d0-bcea-3da9bf5f5d0c:c6, 5da997ac-485a-4ae3-a11f-bd7c3a0ad14d:c10]
2019-09-16 16:32:32,594 [org.apache.ratis.server.impl.LogAppender$AppenderDaemon$$Lambda$486/1268950271@118ee7f7] ERROR ratis.XceiverServerRatis (XceiverServerRatis.java:triggerPipelineClose(568)) - pipeline Action CLOSE  on pipeline PipelineID=3ab55fe5-a8b1-4e30-8295-e6c05f8a743b.Reason : 5da997ac-485a-4ae3-a11f-bd7c3a0ad14d has not seen follower/s 2b9d536e-7082-46d0-bcea-3da9bf5f5d0c for 128468ms 103cee85-d2d3-4069-a903-4a8bed8118d2 for 128469ms
2019-09-16 16:32:32,594 [org.apache.ratis.server.impl.LogAppender$AppenderDaemon$$Lambda$486/1268950271@4af917ef] ERROR ratis.XceiverServerRatis (XceiverServerRatis.java:triggerPipelineClose(568)) - pipeline Action CLOSE  on pipeline PipelineID=3ab55fe5-a8b1-4e30-8295-e6c05f8a743b.Reason : 5da997ac-485a-4ae3-a11f-bd7c3a0ad14d has not seen follower/s 2b9d536e-7082-46d0-bcea-3da9bf5f5d0c for 128468ms 103cee85-d2d3-4069-a903-4a8bed8118d2 for 128469ms
2019-09-16 16:32:33,092 [java.util.concurrent.ThreadPoolExecutor$Worker@3a533076[State = -1, empty queue]] WARN  server.GrpcLogAppender (GrpcLogAppender.java:timeoutAppendRequest(200)) - 5da997ac-485a-4ae3-a11f-bd7c3a0ad14d@group-E6C05F8A743B->2b9d536e-7082-46d0-bcea-3da9bf5f5d0c-GrpcLogAppender: appendEntries Timeout, request=5da997ac-485a-4ae3-a11f-bd7c3a0ad14d->2b9d536e-7082-46d0-bcea-3da9bf5f5d0c#65-t1, previous=(t:1, i:14), leaderCommit=10, initializing? false, entries: <empty>
2019-09-16 16:32:33,092 [java.util.concurrent.ThreadPoolExecutor$Worker@25a61ea4[State = -1, empty queue]] WARN  server.GrpcLogAppender (GrpcLogAppender.java:timeoutAppendRequest(200)) - 5da997ac-485a-4ae3-a11f-bd7c3a0ad14d@group-E6C05F8A743B->103cee85-d2d3-4069-a903-4a8bed8118d2-GrpcLogAppender: appendEntries Timeout, request=5da997ac-485a-4ae3-a11f-bd7c3a0ad14d->103cee85-d2d3-4069-a903-4a8bed8118d2#65-t1, previous=(t:1, i:14), leaderCommit=10, initializing? false, entries: <empty>
2019-09-16 16:32:33,592 [EventQueue-PipelineActionsForPipelineActionHandler] ERROR pipeline.PipelineActionHandler (PipelineActionHandler.java:onMessage(60)) - Received pipeline action CLOSE for Pipeline[ Id: 3ab55fe5-a8b1-4e30-8295-e6c05f8a743b, Nodes: 2b9d536e-7082-46d0-bcea-3da9bf5f5d0c{ip: 192.168.5.183, host: pr-hdds-1054-fkf2j-3502855176, networkLocation: /default-rack, certSerialId: null}103cee85-d2d3-4069-a903-4a8bed8118d2{ip: 192.168.5.183, host: pr-hdds-1054-fkf2j-3502855176, networkLocation: /default-rack, certSerialId: null}5da997ac-485a-4ae3-a11f-bd7c3a0ad14d{ip: 192.168.5.183, host: pr-hdds-1054-fkf2j-3502855176, networkLocation: /default-rack, certSerialId: null}, Type:RATIS, Factor:THREE, State:CLOSED] from datanode 5da997ac-485a-4ae3-a11f-bd7c3a0ad14d{ip: 192.168.5.183, host: pr-hdds-1054-fkf2j-3502855176, networkLocation: /default-rack, certSerialId: null}. Reason : 5da997ac-485a-4ae3-a11f-bd7c3a0ad14d has not seen follower/s 2b9d536e-7082-46d0-bcea-3da9bf5f5d0c for 128468ms 103cee85-d2d3-4069-a903-4a8bed8118d2 for 128469ms
2019-09-16 16:32:33,592 [EventQueue-PipelineActionsForPipelineActionHandler] INFO  pipeline.SCMPipelineManager (SCMPipelineManager.java:finalizeAndDestroyPipeline(311)) - destroying pipeline:Pipeline[ Id: 3ab55fe5-a8b1-4e30-8295-e6c05f8a743b, Nodes: 2b9d536e-7082-46d0-bcea-3da9bf5f5d0c{ip: 192.168.5.183, host: pr-hdds-1054-fkf2j-3502855176, networkLocation: /default-rack, certSerialId: null}103cee85-d2d3-4069-a903-4a8bed8118d2{ip: 192.168.5.183, host: pr-hdds-1054-fkf2j-3502855176, networkLocation: /default-rack, certSerialId: null}5da997ac-485a-4ae3-a11f-bd7c3a0ad14d{ip: 192.168.5.183, host: pr-hdds-1054-fkf2j-3502855176, networkLocation: /default-rack, certSerialId: null}, Type:RATIS, Factor:THREE, State:CLOSED]
2019-09-16 16:32:35,096 [org.apache.ratis.server.impl.LogAppender$AppenderDaemon$$Lambda$486/1268950271@4af917ef] ERROR ratis.XceiverServerRatis (XceiverServerRatis.java:triggerPipelineClose(568)) - pipeline Action CLOSE  on pipeline PipelineID=3ab55fe5-a8b1-4e30-8295-e6c05f8a743b.Reason : 5da997ac-485a-4ae3-a11f-bd7c3a0ad14d has not seen follower/s 2b9d536e-7082-46d0-bcea-3da9bf5f5d0c for 130970ms 103cee85-d2d3-4069-a903-4a8bed8118d2 for 130970ms
2019-09-16 16:32:35,096 [org.apache.ratis.server.impl.LogAppender$AppenderDaemon$$Lambda$486/1268950271@118ee7f7] ERROR ratis.XceiverServerRatis (XceiverServerRatis.java:triggerPipelineClose(568)) - pipeline Action CLOSE  on pipeline PipelineID=3ab55fe5-a8b1-4e30-8295-e6c05f8a743b.Reason : 5da997ac-485a-4ae3-a11f-bd7c3a0ad14d has not seen follower/s 2b9d536e-7082-46d0-bcea-3da9bf5f5d0c for 130970ms 103cee85-d2d3-4069-a903-4a8bed8118d2 for 130970ms
2019-09-16 16:32:35,473 [5da997ac-485a-4ae3-a11f-bd7c3a0ad14d@group-E6C05F8A743B-SegmentedRaftLogWorker] WARN  segmented.SegmentedRaftLogWorker (SegmentedRaftLogWorker.java:getFromFuture(90)) - Timeout 12/~
org.apache.ratis.protocol.TimeoutIOException: Timeout 10s: WriteLog:12: (t:1, i:12), STATEMACHINELOGENTRY, client-E18D28BDFE03, cid=22-writeStateMachineData
	at org.apache.ratis.util.IOUtils.getFromFuture(IOUtils.java:87)
	at org.apache.ratis.server.raftlog.segmented.SegmentedRaftLogWorker$StateMachineDataPolicy.getFromFuture(SegmentedRaftLogWorker.java:87)
	at org.apache.ratis.server.raftlog.segmented.SegmentedRaftLogWorker$WriteLog.execute(SegmentedRaftLogWorker.java:477)
	at org.apache.ratis.server.raftlog.segmented.SegmentedRaftLogWorker.run(SegmentedRaftLogWorker.java:289)
	at java.lang.Thread.run(Thread.java:748)
Caused by: java.util.concurrent.TimeoutException
	at java.util.concurrent.CompletableFuture.timedGet(CompletableFuture.java:1771)
	at java.util.concurrent.CompletableFuture.get(CompletableFuture.java:1915)
	at org.apache.ratis.util.IOUtils.getFromFuture(IOUtils.java:79)
	... 4 more
2019-09-16 16:32:35,493 [2b9d536e-7082-46d0-bcea-3da9bf5f5d0c@group-E6C05F8A743B-SegmentedRaftLogWorker] WARN  segmented.SegmentedRaftLogWorker (SegmentedRaftLogWorker.java:getFromFuture(90)) - Timeout 12/~
org.apache.ratis.protocol.TimeoutIOException: Timeout 10s: WriteLog:12: (t:1, i:12), STATEMACHINELOGENTRY, client-E18D28BDFE03, cid=22-writeStateMachineData
	at org.apache.ratis.util.IOUtils.getFromFuture(IOUtils.java:87)
	at org.apache.ratis.server.raftlog.segmented.SegmentedRaftLogWorker$StateMachineDataPolicy.getFromFuture(SegmentedRaftLogWorker.java:87)
	at org.apache.ratis.server.raftlog.segmented.SegmentedRaftLogWorker$WriteLog.execute(SegmentedRaftLogWorker.java:477)
	at org.apache.ratis.server.raftlog.segmented.SegmentedRaftLogWorker.run(SegmentedRaftLogWorker.java:289)
	at java.lang.Thread.run(Thread.java:748)
Caused by: java.util.concurrent.TimeoutException
	at java.util.concurrent.CompletableFuture.timedGet(CompletableFuture.java:1771)
	at java.util.concurrent.CompletableFuture.get(CompletableFuture.java:1915)
	at org.apache.ratis.util.IOUtils.getFromFuture(IOUtils.java:79)
	... 4 more
2019-09-16 16:32:35,493 [103cee85-d2d3-4069-a903-4a8bed8118d2@group-E6C05F8A743B-SegmentedRaftLogWorker] WARN  segmented.SegmentedRaftLogWorker (SegmentedRaftLogWorker.java:getFromFuture(90)) - Timeout 12/~
org.apache.ratis.protocol.TimeoutIOException: Timeout 10s: WriteLog:12: (t:1, i:12), STATEMACHINELOGENTRY, client-E18D28BDFE03, cid=22-writeStateMachineData
	at org.apache.ratis.util.IOUtils.getFromFuture(IOUtils.java:87)
	at org.apache.ratis.server.raftlog.segmented.SegmentedRaftLogWorker$StateMachineDataPolicy.getFromFuture(SegmentedRaftLogWorker.java:87)
	at org.apache.ratis.server.raftlog.segmented.SegmentedRaftLogWorker$WriteLog.execute(SegmentedRaftLogWorker.java:477)
	at org.apache.ratis.server.raftlog.segmented.SegmentedRaftLogWorker.run(SegmentedRaftLogWorker.java:289)
	at java.lang.Thread.run(Thread.java:748)
Caused by: java.util.concurrent.TimeoutException
	at java.util.concurrent.CompletableFuture.timedGet(CompletableFuture.java:1771)
	at java.util.concurrent.CompletableFuture.get(CompletableFuture.java:1915)
	at org.apache.ratis.util.IOUtils.getFromFuture(IOUtils.java:79)
	... 4 more
2019-09-16 16:32:35,591 [EventQueue-PipelineActionsForPipelineActionHandler] ERROR pipeline.PipelineActionHandler (PipelineActionHandler.java:onMessage(60)) - Received pipeline action CLOSE for Pipeline[ Id: 3ab55fe5-a8b1-4e30-8295-e6c05f8a743b, Nodes: 2b9d536e-7082-46d0-bcea-3da9bf5f5d0c{ip: 192.168.5.183, host: pr-hdds-1054-fkf2j-3502855176, networkLocation: /default-rack, certSerialId: null}103cee85-d2d3-4069-a903-4a8bed8118d2{ip: 192.168.5.183, host: pr-hdds-1054-fkf2j-3502855176, networkLocation: /default-rack, certSerialId: null}5da997ac-485a-4ae3-a11f-bd7c3a0ad14d{ip: 192.168.5.183, host: pr-hdds-1054-fkf2j-3502855176, networkLocation: /default-rack, certSerialId: null}, Type:RATIS, Factor:THREE, State:CLOSED] from datanode 5da997ac-485a-4ae3-a11f-bd7c3a0ad14d{ip: 192.168.5.183, host: pr-hdds-1054-fkf2j-3502855176, networkLocation: /default-rack, certSerialId: null}. Reason : 5da997ac-485a-4ae3-a11f-bd7c3a0ad14d has not seen follower/s 2b9d536e-7082-46d0-bcea-3da9bf5f5d0c for 130970ms 103cee85-d2d3-4069-a903-4a8bed8118d2 for 130970ms
2019-09-16 16:32:35,591 [EventQueue-PipelineActionsForPipelineActionHandler] INFO  pipeline.SCMPipelineManager (SCMPipelineManager.java:finalizeAndDestroyPipeline(311)) - destroying pipeline:Pipeline[ Id: 3ab55fe5-a8b1-4e30-8295-e6c05f8a743b, Nodes: 2b9d536e-7082-46d0-bcea-3da9bf5f5d0c{ip: 192.168.5.183, host: pr-hdds-1054-fkf2j-3502855176, networkLocation: /default-rack, certSerialId: null}103cee85-d2d3-4069-a903-4a8bed8118d2{ip: 192.168.5.183, host: pr-hdds-1054-fkf2j-3502855176, networkLocation: /default-rack, certSerialId: null}5da997ac-485a-4ae3-a11f-bd7c3a0ad14d{ip: 192.168.5.183, host: pr-hdds-1054-fkf2j-3502855176, networkLocation: /default-rack, certSerialId: null}, Type:RATIS, Factor:THREE, State:CLOSED]
2019-09-16 16:32:35,594 [java.util.concurrent.ThreadPoolExecutor$Worker@3a533076[State = -1, empty queue]] WARN  server.GrpcLogAppender (GrpcLogAppender.java:timeoutAppendRequest(200)) - 5da997ac-485a-4ae3-a11f-bd7c3a0ad14d@group-E6C05F8A743B->2b9d536e-7082-46d0-bcea-3da9bf5f5d0c-GrpcLogAppender: appendEntries Timeout, request=5da997ac-485a-4ae3-a11f-bd7c3a0ad14d->2b9d536e-7082-46d0-bcea-3da9bf5f5d0c#66-t1, previous=(t:1, i:14), leaderCommit=10, initializing? false, entries: <empty>
2019-09-16 16:32:35,594 [java.util.concurrent.ThreadPoolExecutor$Worker@25a61ea4[State = -1, empty queue]] WARN  server.GrpcLogAppender (GrpcLogAppender.java:timeoutAppendRequest(200)) - 5da997ac-485a-4ae3-a11f-bd7c3a0ad14d@group-E6C05F8A743B->103cee85-d2d3-4069-a903-4a8bed8118d2-GrpcLogAppender: appendEntries Timeout, request=5da997ac-485a-4ae3-a11f-bd7c3a0ad14d->103cee85-d2d3-4069-a903-4a8bed8118d2#66-t1, previous=(t:1, i:14), leaderCommit=10, initializing? false, entries: <empty>
2019-09-16 16:32:35,915 [grpc-default-executor-4] INFO  client.GrpcClientProtocolClient (GrpcClientProtocolClient.java:onNext(264)) - client-E18D28BDFE03->2b9d536e-7082-46d0-bcea-3da9bf5f5d0c: receive RaftClientReply:client-E18D28BDFE03->2b9d536e-7082-46d0-bcea-3da9bf5f5d0c@group-E6C05F8A743B, cid=21, FAILED org.apache.ratis.protocol.NotLeaderException: Server 2b9d536e-7082-46d0-bcea-3da9bf5f5d0c@group-E6C05F8A743B is not the leader 5da997ac-485a-4ae3-a11f-bd7c3a0ad14d:192.168.5.183:41252, logIndex=0, commits[2b9d536e-7082-46d0-bcea-3da9bf5f5d0c:c10, 103cee85-d2d3-4069-a903-4a8bed8118d2:c6, 5da997ac-485a-4ae3-a11f-bd7c3a0ad14d:c10]
2019-09-16 16:32:37,596 [org.apache.ratis.server.impl.LogAppender$AppenderDaemon$$Lambda$486/1268950271@118ee7f7] ERROR ratis.XceiverServerRatis (XceiverServerRatis.java:triggerPipelineClose(568)) - pipeline Action CLOSE  on pipeline PipelineID=3ab55fe5-a8b1-4e30-8295-e6c05f8a743b.Reason : 5da997ac-485a-4ae3-a11f-bd7c3a0ad14d has not seen follower/s 2b9d536e-7082-46d0-bcea-3da9bf5f5d0c for 133471ms 103cee85-d2d3-4069-a903-4a8bed8118d2 for 133471ms
2019-09-16 16:32:37,596 [org.apache.ratis.server.impl.LogAppender$AppenderDaemon$$Lambda$486/1268950271@4af917ef] ERROR ratis.XceiverServerRatis (XceiverServerRatis.java:triggerPipelineClose(568)) - pipeline Action CLOSE  on pipeline PipelineID=3ab55fe5-a8b1-4e30-8295-e6c05f8a743b.Reason : 5da997ac-485a-4ae3-a11f-bd7c3a0ad14d has not seen follower/s 2b9d536e-7082-46d0-bcea-3da9bf5f5d0c for 133471ms 103cee85-d2d3-4069-a903-4a8bed8118d2 for 133471ms
2019-09-16 16:32:38,095 [java.util.concurrent.ThreadPoolExecutor$Worker@3a533076[State = -1, empty queue]] WARN  server.GrpcLogAppender (GrpcLogAppender.java:timeoutAppendRequest(200)) - 5da997ac-485a-4ae3-a11f-bd7c3a0ad14d@group-E6C05F8A743B->2b9d536e-7082-46d0-bcea-3da9bf5f5d0c-GrpcLogAppender: appendEntries Timeout, request=5da997ac-485a-4ae3-a11f-bd7c3a0ad14d->2b9d536e-7082-46d0-bcea-3da9bf5f5d0c#67-t1, previous=(t:1, i:14), leaderCommit=10, initializing? false, entries: <empty>
2019-09-16 16:32:38,095 [java.util.concurrent.ThreadPoolExecutor$Worker@25a61ea4[State = -1, empty queue]] WARN  server.GrpcLogAppender (GrpcLogAppender.java:timeoutAppendRequest(200)) - 5da997ac-485a-4ae3-a11f-bd7c3a0ad14d@group-E6C05F8A743B->103cee85-d2d3-4069-a903-4a8bed8118d2-GrpcLogAppender: appendEntries Timeout, request=5da997ac-485a-4ae3-a11f-bd7c3a0ad14d->103cee85-d2d3-4069-a903-4a8bed8118d2#67-t1, previous=(t:1, i:14), leaderCommit=10, initializing? false, entries: <empty>
2019-09-16 16:32:38,591 [EventQueue-PipelineActionsForPipelineActionHandler] ERROR pipeline.PipelineActionHandler (PipelineActionHandler.java:onMessage(60)) - Received pipeline action CLOSE for Pipeline[ Id: 3ab55fe5-a8b1-4e30-8295-e6c05f8a743b, Nodes: 2b9d536e-7082-46d0-bcea-3da9bf5f5d0c{ip: 192.168.5.183, host: pr-hdds-1054-fkf2j-3502855176, networkLocation: /default-rack, certSerialId: null}103cee85-d2d3-4069-a903-4a8bed8118d2{ip: 192.168.5.183, host: pr-hdds-1054-fkf2j-3502855176, networkLocation: /default-rack, certSerialId: null}5da997ac-485a-4ae3-a11f-bd7c3a0ad14d{ip: 192.168.5.183, host: pr-hdds-1054-fkf2j-3502855176, networkLocation: /default-rack, certSerialId: null}, Type:RATIS, Factor:THREE, State:CLOSED] from datanode 5da997ac-485a-4ae3-a11f-bd7c3a0ad14d{ip: 192.168.5.183, host: pr-hdds-1054-fkf2j-3502855176, networkLocation: /default-rack, certSerialId: null}. Reason : 5da997ac-485a-4ae3-a11f-bd7c3a0ad14d has not seen follower/s 2b9d536e-7082-46d0-bcea-3da9bf5f5d0c for 133471ms 103cee85-d2d3-4069-a903-4a8bed8118d2 for 133471ms
2019-09-16 16:32:38,591 [EventQueue-PipelineActionsForPipelineActionHandler] INFO  pipeline.SCMPipelineManager (SCMPipelineManager.java:finalizeAndDestroyPipeline(311)) - destroying pipeline:Pipeline[ Id: 3ab55fe5-a8b1-4e30-8295-e6c05f8a743b, Nodes: 2b9d536e-7082-46d0-bcea-3da9bf5f5d0c{ip: 192.168.5.183, host: pr-hdds-1054-fkf2j-3502855176, networkLocation: /default-rack, certSerialId: null}103cee85-d2d3-4069-a903-4a8bed8118d2{ip: 192.168.5.183, host: pr-hdds-1054-fkf2j-3502855176, networkLocation: /default-rack, certSerialId: null}5da997ac-485a-4ae3-a11f-bd7c3a0ad14d{ip: 192.168.5.183, host: pr-hdds-1054-fkf2j-3502855176, networkLocation: /default-rack, certSerialId: null}, Type:RATIS, Factor:THREE, State:CLOSED]
2019-09-16 16:32:40,098 [org.apache.ratis.server.impl.LogAppender$AppenderDaemon$$Lambda$486/1268950271@4af917ef] ERROR ratis.XceiverServerRatis (XceiverServerRatis.java:triggerPipelineClose(568)) - pipeline Action CLOSE  on pipeline PipelineID=3ab55fe5-a8b1-4e30-8295-e6c05f8a743b.Reason : 5da997ac-485a-4ae3-a11f-bd7c3a0ad14d has not seen follower/s 2b9d536e-7082-46d0-bcea-3da9bf5f5d0c for 135972ms 103cee85-d2d3-4069-a903-4a8bed8118d2 for 135972ms
2019-09-16 16:32:40,098 [org.apache.ratis.server.impl.LogAppender$AppenderDaemon$$Lambda$486/1268950271@118ee7f7] ERROR ratis.XceiverServerRatis (XceiverServerRatis.java:triggerPipelineClose(568)) - pipeline Action CLOSE  on pipeline PipelineID=3ab55fe5-a8b1-4e30-8295-e6c05f8a743b.Reason : 5da997ac-485a-4ae3-a11f-bd7c3a0ad14d has not seen follower/s 2b9d536e-7082-46d0-bcea-3da9bf5f5d0c for 135972ms 103cee85-d2d3-4069-a903-4a8bed8118d2 for 135972ms
2019-09-16 16:32:40,590 [EventQueue-PipelineActionsForPipelineActionHandler] ERROR pipeline.PipelineActionHandler (PipelineActionHandler.java:onMessage(60)) - Received pipeline action CLOSE for Pipeline[ Id: 3ab55fe5-a8b1-4e30-8295-e6c05f8a743b, Nodes: 2b9d536e-7082-46d0-bcea-3da9bf5f5d0c{ip: 192.168.5.183, host: pr-hdds-1054-fkf2j-3502855176, networkLocation: /default-rack, certSerialId: null}103cee85-d2d3-4069-a903-4a8bed8118d2{ip: 192.168.5.183, host: pr-hdds-1054-fkf2j-3502855176, networkLocation: /default-rack, certSerialId: null}5da997ac-485a-4ae3-a11f-bd7c3a0ad14d{ip: 192.168.5.183, host: pr-hdds-1054-fkf2j-3502855176, networkLocation: /default-rack, certSerialId: null}, Type:RATIS, Factor:THREE, State:CLOSED] from datanode 5da997ac-485a-4ae3-a11f-bd7c3a0ad14d{ip: 192.168.5.183, host: pr-hdds-1054-fkf2j-3502855176, networkLocation: /default-rack, certSerialId: null}. Reason : 5da997ac-485a-4ae3-a11f-bd7c3a0ad14d has not seen follower/s 2b9d536e-7082-46d0-bcea-3da9bf5f5d0c for 135972ms 103cee85-d2d3-4069-a903-4a8bed8118d2 for 135972ms
2019-09-16 16:32:40,591 [EventQueue-PipelineActionsForPipelineActionHandler] INFO  pipeline.SCMPipelineManager (SCMPipelineManager.java:finalizeAndDestroyPipeline(311)) - destroying pipeline:Pipeline[ Id: 3ab55fe5-a8b1-4e30-8295-e6c05f8a743b, Nodes: 2b9d536e-7082-46d0-bcea-3da9bf5f5d0c{ip: 192.168.5.183, host: pr-hdds-1054-fkf2j-3502855176, networkLocation: /default-rack, certSerialId: null}103cee85-d2d3-4069-a903-4a8bed8118d2{ip: 192.168.5.183, host: pr-hdds-1054-fkf2j-3502855176, networkLocation: /default-rack, certSerialId: null}5da997ac-485a-4ae3-a11f-bd7c3a0ad14d{ip: 192.168.5.183, host: pr-hdds-1054-fkf2j-3502855176, networkLocation: /default-rack, certSerialId: null}, Type:RATIS, Factor:THREE, State:CLOSED]
2019-09-16 16:32:40,596 [java.util.concurrent.ThreadPoolExecutor$Worker@25a61ea4[State = -1, empty queue]] WARN  server.GrpcLogAppender (GrpcLogAppender.java:timeoutAppendRequest(200)) - 5da997ac-485a-4ae3-a11f-bd7c3a0ad14d@group-E6C05F8A743B->103cee85-d2d3-4069-a903-4a8bed8118d2-GrpcLogAppender: appendEntries Timeout, request=5da997ac-485a-4ae3-a11f-bd7c3a0ad14d->103cee85-d2d3-4069-a903-4a8bed8118d2#68-t1, previous=(t:1, i:14), leaderCommit=10, initializing? false, entries: <empty>
2019-09-16 16:32:40,599 [java.util.concurrent.ThreadPoolExecutor$Worker@3a533076[State = -1, empty queue]] WARN  server.GrpcLogAppender (GrpcLogAppender.java:timeoutAppendRequest(200)) - 5da997ac-485a-4ae3-a11f-bd7c3a0ad14d@group-E6C05F8A743B->2b9d536e-7082-46d0-bcea-3da9bf5f5d0c-GrpcLogAppender: appendEntries Timeout, request=5da997ac-485a-4ae3-a11f-bd7c3a0ad14d->2b9d536e-7082-46d0-bcea-3da9bf5f5d0c#68-t1, previous=(t:1, i:14), leaderCommit=10, initializing? false, entries: <empty>
2019-09-16 16:32:40,964 [grpc-default-executor-2] INFO  client.GrpcClientProtocolClient (GrpcClientProtocolClient.java:onNext(264)) - client-E18D28BDFE03->103cee85-d2d3-4069-a903-4a8bed8118d2: receive RaftClientReply:client-E18D28BDFE03->103cee85-d2d3-4069-a903-4a8bed8118d2@group-E6C05F8A743B, cid=21, FAILED org.apache.ratis.protocol.NotLeaderException: Server 103cee85-d2d3-4069-a903-4a8bed8118d2@group-E6C05F8A743B is not the leader 5da997ac-485a-4ae3-a11f-bd7c3a0ad14d:192.168.5.183:41252, logIndex=0, commits[103cee85-d2d3-4069-a903-4a8bed8118d2:c10, 2b9d536e-7082-46d0-bcea-3da9bf5f5d0c:c6, 5da997ac-485a-4ae3-a11f-bd7c3a0ad14d:c10]
2019-09-16 16:32:42,601 [org.apache.ratis.server.impl.LogAppender$AppenderDaemon$$Lambda$486/1268950271@118ee7f7] ERROR ratis.XceiverServerRatis (XceiverServerRatis.java:triggerPipelineClose(568)) - pipeline Action CLOSE  on pipeline PipelineID=3ab55fe5-a8b1-4e30-8295-e6c05f8a743b.Reason : 5da997ac-485a-4ae3-a11f-bd7c3a0ad14d has not seen follower/s 2b9d536e-7082-46d0-bcea-3da9bf5f5d0c for 138475ms 103cee85-d2d3-4069-a903-4a8bed8118d2 for 138476ms
2019-09-16 16:32:42,601 [org.apache.ratis.server.impl.LogAppender$AppenderDaemon$$Lambda$486/1268950271@4af917ef] ERROR ratis.XceiverServerRatis (XceiverServerRatis.java:triggerPipelineClose(568)) - pipeline Action CLOSE  on pipeline PipelineID=3ab55fe5-a8b1-4e30-8295-e6c05f8a743b.Reason : 5da997ac-485a-4ae3-a11f-bd7c3a0ad14d has not seen follower/s 2b9d536e-7082-46d0-bcea-3da9bf5f5d0c for 138475ms 103cee85-d2d3-4069-a903-4a8bed8118d2 for 138476ms
2019-09-16 16:32:43,098 [java.util.concurrent.ThreadPoolExecutor$Worker@25a61ea4[State = -1, empty queue]] WARN  server.GrpcLogAppender (GrpcLogAppender.java:timeoutAppendRequest(200)) - 5da997ac-485a-4ae3-a11f-bd7c3a0ad14d@group-E6C05F8A743B->103cee85-d2d3-4069-a903-4a8bed8118d2-GrpcLogAppender: appendEntries Timeout, request=5da997ac-485a-4ae3-a11f-bd7c3a0ad14d->103cee85-d2d3-4069-a903-4a8bed8118d2#69-t1, previous=(t:1, i:14), leaderCommit=10, initializing? false, entries: <empty>
2019-09-16 16:32:43,098 [java.util.concurrent.ThreadPoolExecutor$Worker@3a533076[State = -1, empty queue]] WARN  server.GrpcLogAppender (GrpcLogAppender.java:timeoutAppendRequest(200)) - 5da997ac-485a-4ae3-a11f-bd7c3a0ad14d@group-E6C05F8A743B->2b9d536e-7082-46d0-bcea-3da9bf5f5d0c-GrpcLogAppender: appendEntries Timeout, request=5da997ac-485a-4ae3-a11f-bd7c3a0ad14d->2b9d536e-7082-46d0-bcea-3da9bf5f5d0c#69-t1, previous=(t:1, i:14), leaderCommit=10, initializing? false, entries: <empty>
2019-09-16 16:32:43,593 [EventQueue-PipelineActionsForPipelineActionHandler] ERROR pipeline.PipelineActionHandler (PipelineActionHandler.java:onMessage(60)) - Received pipeline action CLOSE for Pipeline[ Id: 3ab55fe5-a8b1-4e30-8295-e6c05f8a743b, Nodes: 2b9d536e-7082-46d0-bcea-3da9bf5f5d0c{ip: 192.168.5.183, host: pr-hdds-1054-fkf2j-3502855176, networkLocation: /default-rack, certSerialId: null}103cee85-d2d3-4069-a903-4a8bed8118d2{ip: 192.168.5.183, host: pr-hdds-1054-fkf2j-3502855176, networkLocation: /default-rack, certSerialId: null}5da997ac-485a-4ae3-a11f-bd7c3a0ad14d{ip: 192.168.5.183, host: pr-hdds-1054-fkf2j-3502855176, networkLocation: /default-rack, certSerialId: null}, Type:RATIS, Factor:THREE, State:CLOSED] from datanode 5da997ac-485a-4ae3-a11f-bd7c3a0ad14d{ip: 192.168.5.183, host: pr-hdds-1054-fkf2j-3502855176, networkLocation: /default-rack, certSerialId: null}. Reason : 5da997ac-485a-4ae3-a11f-bd7c3a0ad14d has not seen follower/s 2b9d536e-7082-46d0-bcea-3da9bf5f5d0c for 138475ms 103cee85-d2d3-4069-a903-4a8bed8118d2 for 138476ms
2019-09-16 16:32:43,593 [EventQueue-PipelineActionsForPipelineActionHandler] INFO  pipeline.SCMPipelineManager (SCMPipelineManager.java:finalizeAndDestroyPipeline(311)) - destroying pipeline:Pipeline[ Id: 3ab55fe5-a8b1-4e30-8295-e6c05f8a743b, Nodes: 2b9d536e-7082-46d0-bcea-3da9bf5f5d0c{ip: 192.168.5.183, host: pr-hdds-1054-fkf2j-3502855176, networkLocation: /default-rack, certSerialId: null}103cee85-d2d3-4069-a903-4a8bed8118d2{ip: 192.168.5.183, host: pr-hdds-1054-fkf2j-3502855176, networkLocation: /default-rack, certSerialId: null}5da997ac-485a-4ae3-a11f-bd7c3a0ad14d{ip: 192.168.5.183, host: pr-hdds-1054-fkf2j-3502855176, networkLocation: /default-rack, certSerialId: null}, Type:RATIS, Factor:THREE, State:CLOSED]
2019-09-16 16:32:45,101 [org.apache.ratis.server.impl.LogAppender$AppenderDaemon$$Lambda$486/1268950271@4af917ef] ERROR ratis.XceiverServerRatis (XceiverServerRatis.java:triggerPipelineClose(568)) - pipeline Action CLOSE  on pipeline PipelineID=3ab55fe5-a8b1-4e30-8295-e6c05f8a743b.Reason : 5da997ac-485a-4ae3-a11f-bd7c3a0ad14d has not seen follower/s 2b9d536e-7082-46d0-bcea-3da9bf5f5d0c for 140975ms 103cee85-d2d3-4069-a903-4a8bed8118d2 for 140976ms
2019-09-16 16:32:45,104 [org.apache.ratis.server.impl.LogAppender$AppenderDaemon$$Lambda$486/1268950271@118ee7f7] ERROR ratis.XceiverServerRatis (XceiverServerRatis.java:triggerPipelineClose(568)) - pipeline Action CLOSE  on pipeline PipelineID=3ab55fe5-a8b1-4e30-8295-e6c05f8a743b.Reason : 5da997ac-485a-4ae3-a11f-bd7c3a0ad14d has not seen follower/s 2b9d536e-7082-46d0-bcea-3da9bf5f5d0c for 140978ms 103cee85-d2d3-4069-a903-4a8bed8118d2 for 140979ms
2019-09-16 16:32:45,474 [5da997ac-485a-4ae3-a11f-bd7c3a0ad14d@group-E6C05F8A743B-SegmentedRaftLogWorker] WARN  segmented.SegmentedRaftLogWorker (SegmentedRaftLogWorker.java:getFromFuture(90)) - Timeout 13/~
org.apache.ratis.protocol.TimeoutIOException: Timeout 10s: WriteLog:12: (t:1, i:12), STATEMACHINELOGENTRY, client-E18D28BDFE03, cid=22-writeStateMachineData
	at org.apache.ratis.util.IOUtils.getFromFuture(IOUtils.java:87)
	at org.apache.ratis.server.raftlog.segmented.SegmentedRaftLogWorker$StateMachineDataPolicy.getFromFuture(SegmentedRaftLogWorker.java:87)
	at org.apache.ratis.server.raftlog.segmented.SegmentedRaftLogWorker$WriteLog.execute(SegmentedRaftLogWorker.java:477)
	at org.apache.ratis.server.raftlog.segmented.SegmentedRaftLogWorker.run(SegmentedRaftLogWorker.java:289)
	at java.lang.Thread.run(Thread.java:748)
Caused by: java.util.concurrent.TimeoutException
	at java.util.concurrent.CompletableFuture.timedGet(CompletableFuture.java:1771)
	at java.util.concurrent.CompletableFuture.get(CompletableFuture.java:1915)
	at org.apache.ratis.util.IOUtils.getFromFuture(IOUtils.java:79)
	... 4 more
2019-09-16 16:32:45,493 [2b9d536e-7082-46d0-bcea-3da9bf5f5d0c@group-E6C05F8A743B-SegmentedRaftLogWorker] WARN  segmented.SegmentedRaftLogWorker (SegmentedRaftLogWorker.java:getFromFuture(90)) - Timeout 13/~
org.apache.ratis.protocol.TimeoutIOException: Timeout 10s: WriteLog:12: (t:1, i:12), STATEMACHINELOGENTRY, client-E18D28BDFE03, cid=22-writeStateMachineData
	at org.apache.ratis.util.IOUtils.getFromFuture(IOUtils.java:87)
	at org.apache.ratis.server.raftlog.segmented.SegmentedRaftLogWorker$StateMachineDataPolicy.getFromFuture(SegmentedRaftLogWorker.java:87)
	at org.apache.ratis.server.raftlog.segmented.SegmentedRaftLogWorker$WriteLog.execute(SegmentedRaftLogWorker.java:477)
	at org.apache.ratis.server.raftlog.segmented.SegmentedRaftLogWorker.run(SegmentedRaftLogWorker.java:289)
	at java.lang.Thread.run(Thread.java:748)
Caused by: java.util.concurrent.TimeoutException
	at java.util.concurrent.CompletableFuture.timedGet(CompletableFuture.java:1771)
	at java.util.concurrent.CompletableFuture.get(CompletableFuture.java:1915)
	at org.apache.ratis.util.IOUtils.getFromFuture(IOUtils.java:79)
	... 4 more
2019-09-16 16:32:45,494 [103cee85-d2d3-4069-a903-4a8bed8118d2@group-E6C05F8A743B-SegmentedRaftLogWorker] WARN  segmented.SegmentedRaftLogWorker (SegmentedRaftLogWorker.java:getFromFuture(90)) - Timeout 13/~
org.apache.ratis.protocol.TimeoutIOException: Timeout 10s: WriteLog:12: (t:1, i:12), STATEMACHINELOGENTRY, client-E18D28BDFE03, cid=22-writeStateMachineData
	at org.apache.ratis.util.IOUtils.getFromFuture(IOUtils.java:87)
	at org.apache.ratis.server.raftlog.segmented.SegmentedRaftLogWorker$StateMachineDataPolicy.getFromFuture(SegmentedRaftLogWorker.java:87)
	at org.apache.ratis.server.raftlog.segmented.SegmentedRaftLogWorker$WriteLog.execute(SegmentedRaftLogWorker.java:477)
	at org.apache.ratis.server.raftlog.segmented.SegmentedRaftLogWorker.run(SegmentedRaftLogWorker.java:289)
	at java.lang.Thread.run(Thread.java:748)
Caused by: java.util.concurrent.TimeoutException
	at java.util.concurrent.CompletableFuture.timedGet(CompletableFuture.java:1771)
	at java.util.concurrent.CompletableFuture.get(CompletableFuture.java:1915)
	at org.apache.ratis.util.IOUtils.getFromFuture(IOUtils.java:79)
	... 4 more
2019-09-16 16:32:45,590 [EventQueue-PipelineActionsForPipelineActionHandler] ERROR pipeline.PipelineActionHandler (PipelineActionHandler.java:onMessage(60)) - Received pipeline action CLOSE for Pipeline[ Id: 3ab55fe5-a8b1-4e30-8295-e6c05f8a743b, Nodes: 2b9d536e-7082-46d0-bcea-3da9bf5f5d0c{ip: 192.168.5.183, host: pr-hdds-1054-fkf2j-3502855176, networkLocation: /default-rack, certSerialId: null}103cee85-d2d3-4069-a903-4a8bed8118d2{ip: 192.168.5.183, host: pr-hdds-1054-fkf2j-3502855176, networkLocation: /default-rack, certSerialId: null}5da997ac-485a-4ae3-a11f-bd7c3a0ad14d{ip: 192.168.5.183, host: pr-hdds-1054-fkf2j-3502855176, networkLocation: /default-rack, certSerialId: null}, Type:RATIS, Factor:THREE, State:CLOSED] from datanode 5da997ac-485a-4ae3-a11f-bd7c3a0ad14d{ip: 192.168.5.183, host: pr-hdds-1054-fkf2j-3502855176, networkLocation: /default-rack, certSerialId: null}. Reason : 5da997ac-485a-4ae3-a11f-bd7c3a0ad14d has not seen follower/s 2b9d536e-7082-46d0-bcea-3da9bf5f5d0c for 140975ms 103cee85-d2d3-4069-a903-4a8bed8118d2 for 140976ms
2019-09-16 16:32:45,591 [EventQueue-PipelineActionsForPipelineActionHandler] INFO  pipeline.SCMPipelineManager (SCMPipelineManager.java:finalizeAndDestroyPipeline(311)) - destroying pipeline:Pipeline[ Id: 3ab55fe5-a8b1-4e30-8295-e6c05f8a743b, Nodes: 2b9d536e-7082-46d0-bcea-3da9bf5f5d0c{ip: 192.168.5.183, host: pr-hdds-1054-fkf2j-3502855176, networkLocation: /default-rack, certSerialId: null}103cee85-d2d3-4069-a903-4a8bed8118d2{ip: 192.168.5.183, host: pr-hdds-1054-fkf2j-3502855176, networkLocation: /default-rack, certSerialId: null}5da997ac-485a-4ae3-a11f-bd7c3a0ad14d{ip: 192.168.5.183, host: pr-hdds-1054-fkf2j-3502855176, networkLocation: /default-rack, certSerialId: null}, Type:RATIS, Factor:THREE, State:CLOSED]
2019-09-16 16:32:45,600 [java.util.concurrent.ThreadPoolExecutor$Worker@3a533076[State = -1, empty queue]] WARN  server.GrpcLogAppender (GrpcLogAppender.java:timeoutAppendRequest(200)) - 5da997ac-485a-4ae3-a11f-bd7c3a0ad14d@group-E6C05F8A743B->2b9d536e-7082-46d0-bcea-3da9bf5f5d0c-GrpcLogAppender: appendEntries Timeout, request=5da997ac-485a-4ae3-a11f-bd7c3a0ad14d->2b9d536e-7082-46d0-bcea-3da9bf5f5d0c#70-t1, previous=(t:1, i:14), leaderCommit=10, initializing? false, entries: <empty>
2019-09-16 16:32:45,600 [java.util.concurrent.ThreadPoolExecutor$Worker@25a61ea4[State = -1, empty queue]] WARN  server.GrpcLogAppender (GrpcLogAppender.java:timeoutAppendRequest(200)) - 5da997ac-485a-4ae3-a11f-bd7c3a0ad14d@group-E6C05F8A743B->103cee85-d2d3-4069-a903-4a8bed8118d2-GrpcLogAppender: appendEntries Timeout, request=5da997ac-485a-4ae3-a11f-bd7c3a0ad14d->103cee85-d2d3-4069-a903-4a8bed8118d2#70-t1, previous=(t:1, i:14), leaderCommit=10, initializing? false, entries: <empty>
2019-09-16 16:32:46,008 [grpc-default-executor-2] INFO  client.GrpcClientProtocolClient (GrpcClientProtocolClient.java:onNext(264)) - client-E18D28BDFE03->2b9d536e-7082-46d0-bcea-3da9bf5f5d0c: receive RaftClientReply:client-E18D28BDFE03->2b9d536e-7082-46d0-bcea-3da9bf5f5d0c@group-E6C05F8A743B, cid=21, FAILED org.apache.ratis.protocol.NotLeaderException: Server 2b9d536e-7082-46d0-bcea-3da9bf5f5d0c@group-E6C05F8A743B is not the leader 5da997ac-485a-4ae3-a11f-bd7c3a0ad14d:192.168.5.183:41252, logIndex=0, commits[2b9d536e-7082-46d0-bcea-3da9bf5f5d0c:c10, 103cee85-d2d3-4069-a903-4a8bed8118d2:c6, 5da997ac-485a-4ae3-a11f-bd7c3a0ad14d:c10]
2019-09-16 16:32:47,602 [org.apache.ratis.server.impl.LogAppender$AppenderDaemon$$Lambda$486/1268950271@4af917ef] ERROR ratis.XceiverServerRatis (XceiverServerRatis.java:triggerPipelineClose(568)) - pipeline Action CLOSE  on pipeline PipelineID=3ab55fe5-a8b1-4e30-8295-e6c05f8a743b.Reason : 5da997ac-485a-4ae3-a11f-bd7c3a0ad14d has not seen follower/s 2b9d536e-7082-46d0-bcea-3da9bf5f5d0c for 143476ms 103cee85-d2d3-4069-a903-4a8bed8118d2 for 143476ms
2019-09-16 16:32:47,605 [org.apache.ratis.server.impl.LogAppender$AppenderDaemon$$Lambda$486/1268950271@118ee7f7] ERROR ratis.XceiverServerRatis (XceiverServerRatis.java:triggerPipelineClose(568)) - pipeline Action CLOSE  on pipeline PipelineID=3ab55fe5-a8b1-4e30-8295-e6c05f8a743b.Reason : 5da997ac-485a-4ae3-a11f-bd7c3a0ad14d has not seen follower/s 2b9d536e-7082-46d0-bcea-3da9bf5f5d0c for 143479ms 103cee85-d2d3-4069-a903-4a8bed8118d2 for 143480ms
2019-09-16 16:32:48,101 [java.util.concurrent.ThreadPoolExecutor$Worker@25a61ea4[State = -1, empty queue]] WARN  server.GrpcLogAppender (GrpcLogAppender.java:timeoutAppendRequest(200)) - 5da997ac-485a-4ae3-a11f-bd7c3a0ad14d@group-E6C05F8A743B->103cee85-d2d3-4069-a903-4a8bed8118d2-GrpcLogAppender: appendEntries Timeout, request=5da997ac-485a-4ae3-a11f-bd7c3a0ad14d->103cee85-d2d3-4069-a903-4a8bed8118d2#71-t1, previous=(t:1, i:14), leaderCommit=10, initializing? false, entries: <empty>
2019-09-16 16:32:48,104 [java.util.concurrent.ThreadPoolExecutor$Worker@3a533076[State = -1, empty queue]] WARN  server.GrpcLogAppender (GrpcLogAppender.java:timeoutAppendRequest(200)) - 5da997ac-485a-4ae3-a11f-bd7c3a0ad14d@group-E6C05F8A743B->2b9d536e-7082-46d0-bcea-3da9bf5f5d0c-GrpcLogAppender: appendEntries Timeout, request=5da997ac-485a-4ae3-a11f-bd7c3a0ad14d->2b9d536e-7082-46d0-bcea-3da9bf5f5d0c#71-t1, previous=(t:1, i:14), leaderCommit=10, initializing? false, entries: <empty>
2019-09-16 16:32:48,590 [EventQueue-PipelineActionsForPipelineActionHandler] ERROR pipeline.PipelineActionHandler (PipelineActionHandler.java:onMessage(60)) - Received pipeline action CLOSE for Pipeline[ Id: 3ab55fe5-a8b1-4e30-8295-e6c05f8a743b, Nodes: 2b9d536e-7082-46d0-bcea-3da9bf5f5d0c{ip: 192.168.5.183, host: pr-hdds-1054-fkf2j-3502855176, networkLocation: /default-rack, certSerialId: null}103cee85-d2d3-4069-a903-4a8bed8118d2{ip: 192.168.5.183, host: pr-hdds-1054-fkf2j-3502855176, networkLocation: /default-rack, certSerialId: null}5da997ac-485a-4ae3-a11f-bd7c3a0ad14d{ip: 192.168.5.183, host: pr-hdds-1054-fkf2j-3502855176, networkLocation: /default-rack, certSerialId: null}, Type:RATIS, Factor:THREE, State:CLOSED] from datanode 5da997ac-485a-4ae3-a11f-bd7c3a0ad14d{ip: 192.168.5.183, host: pr-hdds-1054-fkf2j-3502855176, networkLocation: /default-rack, certSerialId: null}. Reason : 5da997ac-485a-4ae3-a11f-bd7c3a0ad14d has not seen follower/s 2b9d536e-7082-46d0-bcea-3da9bf5f5d0c for 143476ms 103cee85-d2d3-4069-a903-4a8bed8118d2 for 143476ms
2019-09-16 16:32:48,591 [EventQueue-PipelineActionsForPipelineActionHandler] INFO  pipeline.SCMPipelineManager (SCMPipelineManager.java:finalizeAndDestroyPipeline(311)) - destroying pipeline:Pipeline[ Id: 3ab55fe5-a8b1-4e30-8295-e6c05f8a743b, Nodes: 2b9d536e-7082-46d0-bcea-3da9bf5f5d0c{ip: 192.168.5.183, host: pr-hdds-1054-fkf2j-3502855176, networkLocation: /default-rack, certSerialId: null}103cee85-d2d3-4069-a903-4a8bed8118d2{ip: 192.168.5.183, host: pr-hdds-1054-fkf2j-3502855176, networkLocation: /default-rack, certSerialId: null}5da997ac-485a-4ae3-a11f-bd7c3a0ad14d{ip: 192.168.5.183, host: pr-hdds-1054-fkf2j-3502855176, networkLocation: /default-rack, certSerialId: null}, Type:RATIS, Factor:THREE, State:CLOSED]
2019-09-16 16:32:50,102 [org.apache.ratis.server.impl.LogAppender$AppenderDaemon$$Lambda$486/1268950271@4af917ef] ERROR ratis.XceiverServerRatis (XceiverServerRatis.java:triggerPipelineClose(568)) - pipeline Action CLOSE  on pipeline PipelineID=3ab55fe5-a8b1-4e30-8295-e6c05f8a743b.Reason : 5da997ac-485a-4ae3-a11f-bd7c3a0ad14d has not seen follower/s 2b9d536e-7082-46d0-bcea-3da9bf5f5d0c for 145977ms 103cee85-d2d3-4069-a903-4a8bed8118d2 for 145977ms
2019-09-16 16:32:50,111 [org.apache.ratis.server.impl.LogAppender$AppenderDaemon$$Lambda$486/1268950271@118ee7f7] ERROR ratis.XceiverServerRatis (XceiverServerRatis.java:triggerPipelineClose(568)) - pipeline Action CLOSE  on pipeline PipelineID=3ab55fe5-a8b1-4e30-8295-e6c05f8a743b.Reason : 5da997ac-485a-4ae3-a11f-bd7c3a0ad14d has not seen follower/s 2b9d536e-7082-46d0-bcea-3da9bf5f5d0c for 145985ms 103cee85-d2d3-4069-a903-4a8bed8118d2 for 145985ms
2019-09-16 16:32:50,590 [EventQueue-PipelineActionsForPipelineActionHandler] ERROR pipeline.PipelineActionHandler (PipelineActionHandler.java:onMessage(60)) - Received pipeline action CLOSE for Pipeline[ Id: 3ab55fe5-a8b1-4e30-8295-e6c05f8a743b, Nodes: 2b9d536e-7082-46d0-bcea-3da9bf5f5d0c{ip: 192.168.5.183, host: pr-hdds-1054-fkf2j-3502855176, networkLocation: /default-rack, certSerialId: null}103cee85-d2d3-4069-a903-4a8bed8118d2{ip: 192.168.5.183, host: pr-hdds-1054-fkf2j-3502855176, networkLocation: /default-rack, certSerialId: null}5da997ac-485a-4ae3-a11f-bd7c3a0ad14d{ip: 192.168.5.183, host: pr-hdds-1054-fkf2j-3502855176, networkLocation: /default-rack, certSerialId: null}, Type:RATIS, Factor:THREE, State:CLOSED] from datanode 5da997ac-485a-4ae3-a11f-bd7c3a0ad14d{ip: 192.168.5.183, host: pr-hdds-1054-fkf2j-3502855176, networkLocation: /default-rack, certSerialId: null}. Reason : 5da997ac-485a-4ae3-a11f-bd7c3a0ad14d has not seen follower/s 2b9d536e-7082-46d0-bcea-3da9bf5f5d0c for 145977ms 103cee85-d2d3-4069-a903-4a8bed8118d2 for 145977ms
2019-09-16 16:32:50,591 [EventQueue-PipelineActionsForPipelineActionHandler] INFO  pipeline.SCMPipelineManager (SCMPipelineManager.java:finalizeAndDestroyPipeline(311)) - destroying pipeline:Pipeline[ Id: 3ab55fe5-a8b1-4e30-8295-e6c05f8a743b, Nodes: 2b9d536e-7082-46d0-bcea-3da9bf5f5d0c{ip: 192.168.5.183, host: pr-hdds-1054-fkf2j-3502855176, networkLocation: /default-rack, certSerialId: null}103cee85-d2d3-4069-a903-4a8bed8118d2{ip: 192.168.5.183, host: pr-hdds-1054-fkf2j-3502855176, networkLocation: /default-rack, certSerialId: null}5da997ac-485a-4ae3-a11f-bd7c3a0ad14d{ip: 192.168.5.183, host: pr-hdds-1054-fkf2j-3502855176, networkLocation: /default-rack, certSerialId: null}, Type:RATIS, Factor:THREE, State:CLOSED]
2019-09-16 16:32:50,601 [java.util.concurrent.ThreadPoolExecutor$Worker@25a61ea4[State = -1, empty queue]] WARN  server.GrpcLogAppender (GrpcLogAppender.java:timeoutAppendRequest(200)) - 5da997ac-485a-4ae3-a11f-bd7c3a0ad14d@group-E6C05F8A743B->103cee85-d2d3-4069-a903-4a8bed8118d2-GrpcLogAppender: appendEntries Timeout, request=5da997ac-485a-4ae3-a11f-bd7c3a0ad14d->103cee85-d2d3-4069-a903-4a8bed8118d2#72-t1, previous=(t:1, i:14), leaderCommit=10, initializing? false, entries: <empty>
2019-09-16 16:32:50,605 [java.util.concurrent.ThreadPoolExecutor$Worker@3a533076[State = -1, empty queue]] WARN  server.GrpcLogAppender (GrpcLogAppender.java:timeoutAppendRequest(200)) - 5da997ac-485a-4ae3-a11f-bd7c3a0ad14d@group-E6C05F8A743B->2b9d536e-7082-46d0-bcea-3da9bf5f5d0c-GrpcLogAppender: appendEntries Timeout, request=5da997ac-485a-4ae3-a11f-bd7c3a0ad14d->2b9d536e-7082-46d0-bcea-3da9bf5f5d0c#72-t1, previous=(t:1, i:14), leaderCommit=10, initializing? false, entries: <empty>
2019-09-16 16:32:51,068 [grpc-default-executor-4] INFO  client.GrpcClientProtocolClient (GrpcClientProtocolClient.java:onNext(264)) - client-E18D28BDFE03->103cee85-d2d3-4069-a903-4a8bed8118d2: receive RaftClientReply:client-E18D28BDFE03->103cee85-d2d3-4069-a903-4a8bed8118d2@group-E6C05F8A743B, cid=21, FAILED org.apache.ratis.protocol.NotLeaderException: Server 103cee85-d2d3-4069-a903-4a8bed8118d2@group-E6C05F8A743B is not the leader 5da997ac-485a-4ae3-a11f-bd7c3a0ad14d:192.168.5.183:41252, logIndex=0, commits[103cee85-d2d3-4069-a903-4a8bed8118d2:c10, 2b9d536e-7082-46d0-bcea-3da9bf5f5d0c:c6, 5da997ac-485a-4ae3-a11f-bd7c3a0ad14d:c10]
2019-09-16 16:32:52,603 [org.apache.ratis.server.impl.LogAppender$AppenderDaemon$$Lambda$486/1268950271@4af917ef] ERROR ratis.XceiverServerRatis (XceiverServerRatis.java:triggerPipelineClose(568)) - pipeline Action CLOSE  on pipeline PipelineID=3ab55fe5-a8b1-4e30-8295-e6c05f8a743b.Reason : 5da997ac-485a-4ae3-a11f-bd7c3a0ad14d has not seen follower/s 2b9d536e-7082-46d0-bcea-3da9bf5f5d0c for 148477ms 103cee85-d2d3-4069-a903-4a8bed8118d2 for 148478ms
2019-09-16 16:32:52,611 [org.apache.ratis.server.impl.LogAppender$AppenderDaemon$$Lambda$486/1268950271@118ee7f7] ERROR ratis.XceiverServerRatis (XceiverServerRatis.java:triggerPipelineClose(568)) - pipeline Action CLOSE  on pipeline PipelineID=3ab55fe5-a8b1-4e30-8295-e6c05f8a743b.Reason : 5da997ac-485a-4ae3-a11f-bd7c3a0ad14d has not seen follower/s 2b9d536e-7082-46d0-bcea-3da9bf5f5d0c for 148486ms 103cee85-d2d3-4069-a903-4a8bed8118d2 for 148486ms
2019-09-16 16:32:53,102 [java.util.concurrent.ThreadPoolExecutor$Worker@25a61ea4[State = -1, empty queue]] WARN  server.GrpcLogAppender (GrpcLogAppender.java:timeoutAppendRequest(200)) - 5da997ac-485a-4ae3-a11f-bd7c3a0ad14d@group-E6C05F8A743B->103cee85-d2d3-4069-a903-4a8bed8118d2-GrpcLogAppender: appendEntries Timeout, request=5da997ac-485a-4ae3-a11f-bd7c3a0ad14d->103cee85-d2d3-4069-a903-4a8bed8118d2#73-t1, previous=(t:1, i:14), leaderCommit=10, initializing? false, entries: <empty>
2019-09-16 16:32:53,111 [java.util.concurrent.ThreadPoolExecutor$Worker@3a533076[State = -1, empty queue]] WARN  server.GrpcLogAppender (GrpcLogAppender.java:timeoutAppendRequest(200)) - 5da997ac-485a-4ae3-a11f-bd7c3a0ad14d@group-E6C05F8A743B->2b9d536e-7082-46d0-bcea-3da9bf5f5d0c-GrpcLogAppender: appendEntries Timeout, request=5da997ac-485a-4ae3-a11f-bd7c3a0ad14d->2b9d536e-7082-46d0-bcea-3da9bf5f5d0c#73-t1, previous=(t:1, i:14), leaderCommit=10, initializing? false, entries: <empty>
2019-09-16 16:32:53,592 [EventQueue-PipelineActionsForPipelineActionHandler] ERROR pipeline.PipelineActionHandler (PipelineActionHandler.java:onMessage(60)) - Received pipeline action CLOSE for Pipeline[ Id: 3ab55fe5-a8b1-4e30-8295-e6c05f8a743b, Nodes: 2b9d536e-7082-46d0-bcea-3da9bf5f5d0c{ip: 192.168.5.183, host: pr-hdds-1054-fkf2j-3502855176, networkLocation: /default-rack, certSerialId: null}103cee85-d2d3-4069-a903-4a8bed8118d2{ip: 192.168.5.183, host: pr-hdds-1054-fkf2j-3502855176, networkLocation: /default-rack, certSerialId: null}5da997ac-485a-4ae3-a11f-bd7c3a0ad14d{ip: 192.168.5.183, host: pr-hdds-1054-fkf2j-3502855176, networkLocation: /default-rack, certSerialId: null}, Type:RATIS, Factor:THREE, State:CLOSED] from datanode 5da997ac-485a-4ae3-a11f-bd7c3a0ad14d{ip: 192.168.5.183, host: pr-hdds-1054-fkf2j-3502855176, networkLocation: /default-rack, certSerialId: null}. Reason : 5da997ac-485a-4ae3-a11f-bd7c3a0ad14d has not seen follower/s 2b9d536e-7082-46d0-bcea-3da9bf5f5d0c for 148477ms 103cee85-d2d3-4069-a903-4a8bed8118d2 for 148478ms
2019-09-16 16:32:53,592 [EventQueue-PipelineActionsForPipelineActionHandler] INFO  pipeline.SCMPipelineManager (SCMPipelineManager.java:finalizeAndDestroyPipeline(311)) - destroying pipeline:Pipeline[ Id: 3ab55fe5-a8b1-4e30-8295-e6c05f8a743b, Nodes: 2b9d536e-7082-46d0-bcea-3da9bf5f5d0c{ip: 192.168.5.183, host: pr-hdds-1054-fkf2j-3502855176, networkLocation: /default-rack, certSerialId: null}103cee85-d2d3-4069-a903-4a8bed8118d2{ip: 192.168.5.183, host: pr-hdds-1054-fkf2j-3502855176, networkLocation: /default-rack, certSerialId: null}5da997ac-485a-4ae3-a11f-bd7c3a0ad14d{ip: 192.168.5.183, host: pr-hdds-1054-fkf2j-3502855176, networkLocation: /default-rack, certSerialId: null}, Type:RATIS, Factor:THREE, State:CLOSED]
2019-09-16 16:32:55,104 [org.apache.ratis.server.impl.LogAppender$AppenderDaemon$$Lambda$486/1268950271@4af917ef] ERROR ratis.XceiverServerRatis (XceiverServerRatis.java:triggerPipelineClose(568)) - pipeline Action CLOSE  on pipeline PipelineID=3ab55fe5-a8b1-4e30-8295-e6c05f8a743b.Reason : 5da997ac-485a-4ae3-a11f-bd7c3a0ad14d has not seen follower/s 2b9d536e-7082-46d0-bcea-3da9bf5f5d0c for 150978ms 103cee85-d2d3-4069-a903-4a8bed8118d2 for 150979ms
2019-09-16 16:32:55,112 [org.apache.ratis.server.impl.LogAppender$AppenderDaemon$$Lambda$486/1268950271@118ee7f7] ERROR ratis.XceiverServerRatis (XceiverServerRatis.java:triggerPipelineClose(568)) - pipeline Action CLOSE  on pipeline PipelineID=3ab55fe5-a8b1-4e30-8295-e6c05f8a743b.Reason : 5da997ac-485a-4ae3-a11f-bd7c3a0ad14d has not seen follower/s 2b9d536e-7082-46d0-bcea-3da9bf5f5d0c for 150986ms 103cee85-d2d3-4069-a903-4a8bed8118d2 for 150987ms
2019-09-16 16:32:55,475 [5da997ac-485a-4ae3-a11f-bd7c3a0ad14d@group-E6C05F8A743B-SegmentedRaftLogWorker] WARN  segmented.SegmentedRaftLogWorker (SegmentedRaftLogWorker.java:getFromFuture(90)) - Timeout 14/~
org.apache.ratis.protocol.TimeoutIOException: Timeout 10s: WriteLog:12: (t:1, i:12), STATEMACHINELOGENTRY, client-E18D28BDFE03, cid=22-writeStateMachineData
	at org.apache.ratis.util.IOUtils.getFromFuture(IOUtils.java:87)
	at org.apache.ratis.server.raftlog.segmented.SegmentedRaftLogWorker$StateMachineDataPolicy.getFromFuture(SegmentedRaftLogWorker.java:87)
	at org.apache.ratis.server.raftlog.segmented.SegmentedRaftLogWorker$WriteLog.execute(SegmentedRaftLogWorker.java:477)
	at org.apache.ratis.server.raftlog.segmented.SegmentedRaftLogWorker.run(SegmentedRaftLogWorker.java:289)
	at java.lang.Thread.run(Thread.java:748)
Caused by: java.util.concurrent.TimeoutException
	at java.util.concurrent.CompletableFuture.timedGet(CompletableFuture.java:1771)
	at java.util.concurrent.CompletableFuture.get(CompletableFuture.java:1915)
	at org.apache.ratis.util.IOUtils.getFromFuture(IOUtils.java:79)
	... 4 more
2019-09-16 16:32:55,494 [2b9d536e-7082-46d0-bcea-3da9bf5f5d0c@group-E6C05F8A743B-SegmentedRaftLogWorker] WARN  segmented.SegmentedRaftLogWorker (SegmentedRaftLogWorker.java:getFromFuture(90)) - Timeout 14/~
org.apache.ratis.protocol.TimeoutIOException: Timeout 10s: WriteLog:12: (t:1, i:12), STATEMACHINELOGENTRY, client-E18D28BDFE03, cid=22-writeStateMachineData
	at org.apache.ratis.util.IOUtils.getFromFuture(IOUtils.java:87)
	at org.apache.ratis.server.raftlog.segmented.SegmentedRaftLogWorker$StateMachineDataPolicy.getFromFuture(SegmentedRaftLogWorker.java:87)
	at org.apache.ratis.server.raftlog.segmented.SegmentedRaftLogWorker$WriteLog.execute(SegmentedRaftLogWorker.java:477)
	at org.apache.ratis.server.raftlog.segmented.SegmentedRaftLogWorker.run(SegmentedRaftLogWorker.java:289)
	at java.lang.Thread.run(Thread.java:748)
Caused by: java.util.concurrent.TimeoutException
	at java.util.concurrent.CompletableFuture.timedGet(CompletableFuture.java:1771)
	at java.util.concurrent.CompletableFuture.get(CompletableFuture.java:1915)
	at org.apache.ratis.util.IOUtils.getFromFuture(IOUtils.java:79)
	... 4 more
2019-09-16 16:32:55,495 [103cee85-d2d3-4069-a903-4a8bed8118d2@group-E6C05F8A743B-SegmentedRaftLogWorker] WARN  segmented.SegmentedRaftLogWorker (SegmentedRaftLogWorker.java:getFromFuture(90)) - Timeout 14/~
org.apache.ratis.protocol.TimeoutIOException: Timeout 10s: WriteLog:12: (t:1, i:12), STATEMACHINELOGENTRY, client-E18D28BDFE03, cid=22-writeStateMachineData
	at org.apache.ratis.util.IOUtils.getFromFuture(IOUtils.java:87)
	at org.apache.ratis.server.raftlog.segmented.SegmentedRaftLogWorker$StateMachineDataPolicy.getFromFuture(SegmentedRaftLogWorker.java:87)
	at org.apache.ratis.server.raftlog.segmented.SegmentedRaftLogWorker$WriteLog.execute(SegmentedRaftLogWorker.java:477)
	at org.apache.ratis.server.raftlog.segmented.SegmentedRaftLogWorker.run(SegmentedRaftLogWorker.java:289)
	at java.lang.Thread.run(Thread.java:748)
Caused by: java.util.concurrent.TimeoutException
	at java.util.concurrent.CompletableFuture.timedGet(CompletableFuture.java:1771)
	at java.util.concurrent.CompletableFuture.get(CompletableFuture.java:1915)
	at org.apache.ratis.util.IOUtils.getFromFuture(IOUtils.java:79)
	... 4 more
2019-09-16 16:32:55,593 [EventQueue-PipelineActionsForPipelineActionHandler] ERROR pipeline.PipelineActionHandler (PipelineActionHandler.java:onMessage(60)) - Received pipeline action CLOSE for Pipeline[ Id: 3ab55fe5-a8b1-4e30-8295-e6c05f8a743b, Nodes: 2b9d536e-7082-46d0-bcea-3da9bf5f5d0c{ip: 192.168.5.183, host: pr-hdds-1054-fkf2j-3502855176, networkLocation: /default-rack, certSerialId: null}103cee85-d2d3-4069-a903-4a8bed8118d2{ip: 192.168.5.183, host: pr-hdds-1054-fkf2j-3502855176, networkLocation: /default-rack, certSerialId: null}5da997ac-485a-4ae3-a11f-bd7c3a0ad14d{ip: 192.168.5.183, host: pr-hdds-1054-fkf2j-3502855176, networkLocation: /default-rack, certSerialId: null}, Type:RATIS, Factor:THREE, State:CLOSED] from datanode 5da997ac-485a-4ae3-a11f-bd7c3a0ad14d{ip: 192.168.5.183, host: pr-hdds-1054-fkf2j-3502855176, networkLocation: /default-rack, certSerialId: null}. Reason : 5da997ac-485a-4ae3-a11f-bd7c3a0ad14d has not seen follower/s 2b9d536e-7082-46d0-bcea-3da9bf5f5d0c for 150978ms 103cee85-d2d3-4069-a903-4a8bed8118d2 for 150979ms
2019-09-16 16:32:55,593 [EventQueue-PipelineActionsForPipelineActionHandler] INFO  pipeline.SCMPipelineManager (SCMPipelineManager.java:finalizeAndDestroyPipeline(311)) - destroying pipeline:Pipeline[ Id: 3ab55fe5-a8b1-4e30-8295-e6c05f8a743b, Nodes: 2b9d536e-7082-46d0-bcea-3da9bf5f5d0c{ip: 192.168.5.183, host: pr-hdds-1054-fkf2j-3502855176, networkLocation: /default-rack, certSerialId: null}103cee85-d2d3-4069-a903-4a8bed8118d2{ip: 192.168.5.183, host: pr-hdds-1054-fkf2j-3502855176, networkLocation: /default-rack, certSerialId: null}5da997ac-485a-4ae3-a11f-bd7c3a0ad14d{ip: 192.168.5.183, host: pr-hdds-1054-fkf2j-3502855176, networkLocation: /default-rack, certSerialId: null}, Type:RATIS, Factor:THREE, State:CLOSED]
2019-09-16 16:32:55,603 [java.util.concurrent.ThreadPoolExecutor$Worker@25a61ea4[State = -1, empty queue]] WARN  server.GrpcLogAppender (GrpcLogAppender.java:timeoutAppendRequest(200)) - 5da997ac-485a-4ae3-a11f-bd7c3a0ad14d@group-E6C05F8A743B->103cee85-d2d3-4069-a903-4a8bed8118d2-GrpcLogAppender: appendEntries Timeout, request=5da997ac-485a-4ae3-a11f-bd7c3a0ad14d->103cee85-d2d3-4069-a903-4a8bed8118d2#74-t1, previous=(t:1, i:14), leaderCommit=10, initializing? false, entries: <empty>
2019-09-16 16:32:55,611 [java.util.concurrent.ThreadPoolExecutor$Worker@3a533076[State = -1, empty queue]] WARN  server.GrpcLogAppender (GrpcLogAppender.java:timeoutAppendRequest(200)) - 5da997ac-485a-4ae3-a11f-bd7c3a0ad14d@group-E6C05F8A743B->2b9d536e-7082-46d0-bcea-3da9bf5f5d0c-GrpcLogAppender: appendEntries Timeout, request=5da997ac-485a-4ae3-a11f-bd7c3a0ad14d->2b9d536e-7082-46d0-bcea-3da9bf5f5d0c#74-t1, previous=(t:1, i:14), leaderCommit=10, initializing? false, entries: <empty>
2019-09-16 16:32:56,113 [grpc-default-executor-2] INFO  client.GrpcClientProtocolClient (GrpcClientProtocolClient.java:onNext(264)) - client-E18D28BDFE03->2b9d536e-7082-46d0-bcea-3da9bf5f5d0c: receive RaftClientReply:client-E18D28BDFE03->2b9d536e-7082-46d0-bcea-3da9bf5f5d0c@group-E6C05F8A743B, cid=21, FAILED org.apache.ratis.protocol.NotLeaderException: Server 2b9d536e-7082-46d0-bcea-3da9bf5f5d0c@group-E6C05F8A743B is not the leader 5da997ac-485a-4ae3-a11f-bd7c3a0ad14d:192.168.5.183:41252, logIndex=0, commits[2b9d536e-7082-46d0-bcea-3da9bf5f5d0c:c10, 103cee85-d2d3-4069-a903-4a8bed8118d2:c6, 5da997ac-485a-4ae3-a11f-bd7c3a0ad14d:c10]
2019-09-16 16:32:57,606 [org.apache.ratis.server.impl.LogAppender$AppenderDaemon$$Lambda$486/1268950271@4af917ef] ERROR ratis.XceiverServerRatis (XceiverServerRatis.java:triggerPipelineClose(568)) - pipeline Action CLOSE  on pipeline PipelineID=3ab55fe5-a8b1-4e30-8295-e6c05f8a743b.Reason : 5da997ac-485a-4ae3-a11f-bd7c3a0ad14d has not seen follower/s 2b9d536e-7082-46d0-bcea-3da9bf5f5d0c for 153480ms 103cee85-d2d3-4069-a903-4a8bed8118d2 for 153480ms
2019-09-16 16:32:57,613 [org.apache.ratis.server.impl.LogAppender$AppenderDaemon$$Lambda$486/1268950271@118ee7f7] ERROR ratis.XceiverServerRatis (XceiverServerRatis.java:triggerPipelineClose(568)) - pipeline Action CLOSE  on pipeline PipelineID=3ab55fe5-a8b1-4e30-8295-e6c05f8a743b.Reason : 5da997ac-485a-4ae3-a11f-bd7c3a0ad14d has not seen follower/s 2b9d536e-7082-46d0-bcea-3da9bf5f5d0c for 153487ms 103cee85-d2d3-4069-a903-4a8bed8118d2 for 153488ms
2019-09-16 16:32:58,104 [java.util.concurrent.ThreadPoolExecutor$Worker@25a61ea4[State = -1, empty queue]] WARN  server.GrpcLogAppender (GrpcLogAppender.java:timeoutAppendRequest(200)) - 5da997ac-485a-4ae3-a11f-bd7c3a0ad14d@group-E6C05F8A743B->103cee85-d2d3-4069-a903-4a8bed8118d2-GrpcLogAppender: appendEntries Timeout, request=5da997ac-485a-4ae3-a11f-bd7c3a0ad14d->103cee85-d2d3-4069-a903-4a8bed8118d2#75-t1, previous=(t:1, i:14), leaderCommit=10, initializing? false, entries: <empty>
2019-09-16 16:32:58,112 [java.util.concurrent.ThreadPoolExecutor$Worker@3a533076[State = -1, empty queue]] WARN  server.GrpcLogAppender (GrpcLogAppender.java:timeoutAppendRequest(200)) - 5da997ac-485a-4ae3-a11f-bd7c3a0ad14d@group-E6C05F8A743B->2b9d536e-7082-46d0-bcea-3da9bf5f5d0c-GrpcLogAppender: appendEntries Timeout, request=5da997ac-485a-4ae3-a11f-bd7c3a0ad14d->2b9d536e-7082-46d0-bcea-3da9bf5f5d0c#75-t1, previous=(t:1, i:14), leaderCommit=10, initializing? false, entries: <empty>
2019-09-16 16:32:58,593 [EventQueue-PipelineActionsForPipelineActionHandler] ERROR pipeline.PipelineActionHandler (PipelineActionHandler.java:onMessage(60)) - Received pipeline action CLOSE for Pipeline[ Id: 3ab55fe5-a8b1-4e30-8295-e6c05f8a743b, Nodes: 2b9d536e-7082-46d0-bcea-3da9bf5f5d0c{ip: 192.168.5.183, host: pr-hdds-1054-fkf2j-3502855176, networkLocation: /default-rack, certSerialId: null}103cee85-d2d3-4069-a903-4a8bed8118d2{ip: 192.168.5.183, host: pr-hdds-1054-fkf2j-3502855176, networkLocation: /default-rack, certSerialId: null}5da997ac-485a-4ae3-a11f-bd7c3a0ad14d{ip: 192.168.5.183, host: pr-hdds-1054-fkf2j-3502855176, networkLocation: /default-rack, certSerialId: null}, Type:RATIS, Factor:THREE, State:CLOSED] from datanode 5da997ac-485a-4ae3-a11f-bd7c3a0ad14d{ip: 192.168.5.183, host: pr-hdds-1054-fkf2j-3502855176, networkLocation: /default-rack, certSerialId: null}. Reason : 5da997ac-485a-4ae3-a11f-bd7c3a0ad14d has not seen follower/s 2b9d536e-7082-46d0-bcea-3da9bf5f5d0c for 153480ms 103cee85-d2d3-4069-a903-4a8bed8118d2 for 153480ms
2019-09-16 16:32:58,594 [EventQueue-PipelineActionsForPipelineActionHandler] INFO  pipeline.SCMPipelineManager (SCMPipelineManager.java:finalizeAndDestroyPipeline(311)) - destroying pipeline:Pipeline[ Id: 3ab55fe5-a8b1-4e30-8295-e6c05f8a743b, Nodes: 2b9d536e-7082-46d0-bcea-3da9bf5f5d0c{ip: 192.168.5.183, host: pr-hdds-1054-fkf2j-3502855176, networkLocation: /default-rack, certSerialId: null}103cee85-d2d3-4069-a903-4a8bed8118d2{ip: 192.168.5.183, host: pr-hdds-1054-fkf2j-3502855176, networkLocation: /default-rack, certSerialId: null}5da997ac-485a-4ae3-a11f-bd7c3a0ad14d{ip: 192.168.5.183, host: pr-hdds-1054-fkf2j-3502855176, networkLocation: /default-rack, certSerialId: null}, Type:RATIS, Factor:THREE, State:CLOSED]
2019-09-16 16:33:00,108 [org.apache.ratis.server.impl.LogAppender$AppenderDaemon$$Lambda$486/1268950271@4af917ef] ERROR ratis.XceiverServerRatis (XceiverServerRatis.java:triggerPipelineClose(568)) - pipeline Action CLOSE  on pipeline PipelineID=3ab55fe5-a8b1-4e30-8295-e6c05f8a743b.Reason : 5da997ac-485a-4ae3-a11f-bd7c3a0ad14d has not seen follower/s 2b9d536e-7082-46d0-bcea-3da9bf5f5d0c for 155982ms 103cee85-d2d3-4069-a903-4a8bed8118d2 for 155982ms
2019-09-16 16:33:00,114 [org.apache.ratis.server.impl.LogAppender$AppenderDaemon$$Lambda$486/1268950271@118ee7f7] ERROR ratis.XceiverServerRatis (XceiverServerRatis.java:triggerPipelineClose(568)) - pipeline Action CLOSE  on pipeline PipelineID=3ab55fe5-a8b1-4e30-8295-e6c05f8a743b.Reason : 5da997ac-485a-4ae3-a11f-bd7c3a0ad14d has not seen follower/s 2b9d536e-7082-46d0-bcea-3da9bf5f5d0c for 155988ms 103cee85-d2d3-4069-a903-4a8bed8118d2 for 155989ms
2019-09-16 16:33:00,593 [EventQueue-PipelineActionsForPipelineActionHandler] ERROR pipeline.PipelineActionHandler (PipelineActionHandler.java:onMessage(60)) - Received pipeline action CLOSE for Pipeline[ Id: 3ab55fe5-a8b1-4e30-8295-e6c05f8a743b, Nodes: 2b9d536e-7082-46d0-bcea-3da9bf5f5d0c{ip: 192.168.5.183, host: pr-hdds-1054-fkf2j-3502855176, networkLocation: /default-rack, certSerialId: null}103cee85-d2d3-4069-a903-4a8bed8118d2{ip: 192.168.5.183, host: pr-hdds-1054-fkf2j-3502855176, networkLocation: /default-rack, certSerialId: null}5da997ac-485a-4ae3-a11f-bd7c3a0ad14d{ip: 192.168.5.183, host: pr-hdds-1054-fkf2j-3502855176, networkLocation: /default-rack, certSerialId: null}, Type:RATIS, Factor:THREE, State:CLOSED] from datanode 5da997ac-485a-4ae3-a11f-bd7c3a0ad14d{ip: 192.168.5.183, host: pr-hdds-1054-fkf2j-3502855176, networkLocation: /default-rack, certSerialId: null}. Reason : 5da997ac-485a-4ae3-a11f-bd7c3a0ad14d has not seen follower/s 2b9d536e-7082-46d0-bcea-3da9bf5f5d0c for 155982ms 103cee85-d2d3-4069-a903-4a8bed8118d2 for 155982ms
2019-09-16 16:33:00,594 [EventQueue-PipelineActionsForPipelineActionHandler] INFO  pipeline.SCMPipelineManager (SCMPipelineManager.java:finalizeAndDestroyPipeline(311)) - destroying pipeline:Pipeline[ Id: 3ab55fe5-a8b1-4e30-8295-e6c05f8a743b, Nodes: 2b9d536e-7082-46d0-bcea-3da9bf5f5d0c{ip: 192.168.5.183, host: pr-hdds-1054-fkf2j-3502855176, networkLocation: /default-rack, certSerialId: null}103cee85-d2d3-4069-a903-4a8bed8118d2{ip: 192.168.5.183, host: pr-hdds-1054-fkf2j-3502855176, networkLocation: /default-rack, certSerialId: null}5da997ac-485a-4ae3-a11f-bd7c3a0ad14d{ip: 192.168.5.183, host: pr-hdds-1054-fkf2j-3502855176, networkLocation: /default-rack, certSerialId: null}, Type:RATIS, Factor:THREE, State:CLOSED]
2019-09-16 16:33:00,605 [java.util.concurrent.ThreadPoolExecutor$Worker@25a61ea4[State = -1, empty queue]] WARN  server.GrpcLogAppender (GrpcLogAppender.java:timeoutAppendRequest(200)) - 5da997ac-485a-4ae3-a11f-bd7c3a0ad14d@group-E6C05F8A743B->103cee85-d2d3-4069-a903-4a8bed8118d2-GrpcLogAppender: appendEntries Timeout, request=5da997ac-485a-4ae3-a11f-bd7c3a0ad14d->103cee85-d2d3-4069-a903-4a8bed8118d2#76-t1, previous=(t:1, i:14), leaderCommit=10, initializing? false, entries: <empty>
2019-09-16 16:33:00,613 [java.util.concurrent.ThreadPoolExecutor$Worker@3a533076[State = -1, empty queue]] WARN  server.GrpcLogAppender (GrpcLogAppender.java:timeoutAppendRequest(200)) - 5da997ac-485a-4ae3-a11f-bd7c3a0ad14d@group-E6C05F8A743B->2b9d536e-7082-46d0-bcea-3da9bf5f5d0c-GrpcLogAppender: appendEntries Timeout, request=5da997ac-485a-4ae3-a11f-bd7c3a0ad14d->2b9d536e-7082-46d0-bcea-3da9bf5f5d0c#76-t1, previous=(t:1, i:14), leaderCommit=10, initializing? false, entries: <empty>
2019-09-16 16:33:01,163 [grpc-default-executor-4] INFO  client.GrpcClientProtocolClient (GrpcClientProtocolClient.java:onNext(264)) - client-E18D28BDFE03->2b9d536e-7082-46d0-bcea-3da9bf5f5d0c: receive RaftClientReply:client-E18D28BDFE03->2b9d536e-7082-46d0-bcea-3da9bf5f5d0c@group-E6C05F8A743B, cid=21, FAILED org.apache.ratis.protocol.NotLeaderException: Server 2b9d536e-7082-46d0-bcea-3da9bf5f5d0c@group-E6C05F8A743B is not the leader 5da997ac-485a-4ae3-a11f-bd7c3a0ad14d:192.168.5.183:41252, logIndex=0, commits[2b9d536e-7082-46d0-bcea-3da9bf5f5d0c:c10, 103cee85-d2d3-4069-a903-4a8bed8118d2:c6, 5da997ac-485a-4ae3-a11f-bd7c3a0ad14d:c10]
2019-09-16 16:33:02,609 [org.apache.ratis.server.impl.LogAppender$AppenderDaemon$$Lambda$486/1268950271@4af917ef] ERROR ratis.XceiverServerRatis (XceiverServerRatis.java:triggerPipelineClose(568)) - pipeline Action CLOSE  on pipeline PipelineID=3ab55fe5-a8b1-4e30-8295-e6c05f8a743b.Reason : 5da997ac-485a-4ae3-a11f-bd7c3a0ad14d has not seen follower/s 2b9d536e-7082-46d0-bcea-3da9bf5f5d0c for 158483ms 103cee85-d2d3-4069-a903-4a8bed8118d2 for 158483ms
2019-09-16 16:33:02,615 [org.apache.ratis.server.impl.LogAppender$AppenderDaemon$$Lambda$486/1268950271@118ee7f7] ERROR ratis.XceiverServerRatis (XceiverServerRatis.java:triggerPipelineClose(568)) - pipeline Action CLOSE  on pipeline PipelineID=3ab55fe5-a8b1-4e30-8295-e6c05f8a743b.Reason : 5da997ac-485a-4ae3-a11f-bd7c3a0ad14d has not seen follower/s 2b9d536e-7082-46d0-bcea-3da9bf5f5d0c for 158489ms 103cee85-d2d3-4069-a903-4a8bed8118d2 for 158489ms
2019-09-16 16:33:03,107 [java.util.concurrent.ThreadPoolExecutor$Worker@25a61ea4[State = -1, empty queue]] WARN  server.GrpcLogAppender (GrpcLogAppender.java:timeoutAppendRequest(200)) - 5da997ac-485a-4ae3-a11f-bd7c3a0ad14d@group-E6C05F8A743B->103cee85-d2d3-4069-a903-4a8bed8118d2-GrpcLogAppender: appendEntries Timeout, request=5da997ac-485a-4ae3-a11f-bd7c3a0ad14d->103cee85-d2d3-4069-a903-4a8bed8118d2#77-t1, previous=(t:1, i:14), leaderCommit=10, initializing? false, entries: <empty>
2019-09-16 16:33:03,114 [java.util.concurrent.ThreadPoolExecutor$Worker@3a533076[State = -1, empty queue]] WARN  server.GrpcLogAppender (GrpcLogAppender.java:timeoutAppendRequest(200)) - 5da997ac-485a-4ae3-a11f-bd7c3a0ad14d@group-E6C05F8A743B->2b9d536e-7082-46d0-bcea-3da9bf5f5d0c-GrpcLogAppender: appendEntries Timeout, request=5da997ac-485a-4ae3-a11f-bd7c3a0ad14d->2b9d536e-7082-46d0-bcea-3da9bf5f5d0c#77-t1, previous=(t:1, i:14), leaderCommit=10, initializing? false, entries: <empty>
2019-09-16 16:33:03,593 [EventQueue-PipelineActionsForPipelineActionHandler] ERROR pipeline.PipelineActionHandler (PipelineActionHandler.java:onMessage(60)) - Received pipeline action CLOSE for Pipeline[ Id: 3ab55fe5-a8b1-4e30-8295-e6c05f8a743b, Nodes: 2b9d536e-7082-46d0-bcea-3da9bf5f5d0c{ip: 192.168.5.183, host: pr-hdds-1054-fkf2j-3502855176, networkLocation: /default-rack, certSerialId: null}103cee85-d2d3-4069-a903-4a8bed8118d2{ip: 192.168.5.183, host: pr-hdds-1054-fkf2j-3502855176, networkLocation: /default-rack, certSerialId: null}5da997ac-485a-4ae3-a11f-bd7c3a0ad14d{ip: 192.168.5.183, host: pr-hdds-1054-fkf2j-3502855176, networkLocation: /default-rack, certSerialId: null}, Type:RATIS, Factor:THREE, State:CLOSED] from datanode 5da997ac-485a-4ae3-a11f-bd7c3a0ad14d{ip: 192.168.5.183, host: pr-hdds-1054-fkf2j-3502855176, networkLocation: /default-rack, certSerialId: null}. Reason : 5da997ac-485a-4ae3-a11f-bd7c3a0ad14d has not seen follower/s 2b9d536e-7082-46d0-bcea-3da9bf5f5d0c for 158483ms 103cee85-d2d3-4069-a903-4a8bed8118d2 for 158483ms
2019-09-16 16:33:03,593 [EventQueue-PipelineActionsForPipelineActionHandler] INFO  pipeline.SCMPipelineManager (SCMPipelineManager.java:finalizeAndDestroyPipeline(311)) - destroying pipeline:Pipeline[ Id: 3ab55fe5-a8b1-4e30-8295-e6c05f8a743b, Nodes: 2b9d536e-7082-46d0-bcea-3da9bf5f5d0c{ip: 192.168.5.183, host: pr-hdds-1054-fkf2j-3502855176, networkLocation: /default-rack, certSerialId: null}103cee85-d2d3-4069-a903-4a8bed8118d2{ip: 192.168.5.183, host: pr-hdds-1054-fkf2j-3502855176, networkLocation: /default-rack, certSerialId: null}5da997ac-485a-4ae3-a11f-bd7c3a0ad14d{ip: 192.168.5.183, host: pr-hdds-1054-fkf2j-3502855176, networkLocation: /default-rack, certSerialId: null}, Type:RATIS, Factor:THREE, State:CLOSED]
2019-09-16 16:33:05,111 [org.apache.ratis.server.impl.LogAppender$AppenderDaemon$$Lambda$486/1268950271@4af917ef] ERROR ratis.XceiverServerRatis (XceiverServerRatis.java:triggerPipelineClose(568)) - pipeline Action CLOSE  on pipeline PipelineID=3ab55fe5-a8b1-4e30-8295-e6c05f8a743b.Reason : 5da997ac-485a-4ae3-a11f-bd7c3a0ad14d has not seen follower/s 2b9d536e-7082-46d0-bcea-3da9bf5f5d0c for 160985ms 103cee85-d2d3-4069-a903-4a8bed8118d2 for 160986ms
2019-09-16 16:33:05,115 [org.apache.ratis.server.impl.LogAppender$AppenderDaemon$$Lambda$486/1268950271@118ee7f7] ERROR ratis.XceiverServerRatis (XceiverServerRatis.java:triggerPipelineClose(568)) - pipeline Action CLOSE  on pipeline PipelineID=3ab55fe5-a8b1-4e30-8295-e6c05f8a743b.Reason : 5da997ac-485a-4ae3-a11f-bd7c3a0ad14d has not seen follower/s 2b9d536e-7082-46d0-bcea-3da9bf5f5d0c for 160990ms 103cee85-d2d3-4069-a903-4a8bed8118d2 for 160990ms
2019-09-16 16:33:05,477 [5da997ac-485a-4ae3-a11f-bd7c3a0ad14d@group-E6C05F8A743B-SegmentedRaftLogWorker] WARN  segmented.SegmentedRaftLogWorker (SegmentedRaftLogWorker.java:getFromFuture(90)) - Timeout 15/~
org.apache.ratis.protocol.TimeoutIOException: Timeout 10s: WriteLog:12: (t:1, i:12), STATEMACHINELOGENTRY, client-E18D28BDFE03, cid=22-writeStateMachineData
	at org.apache.ratis.util.IOUtils.getFromFuture(IOUtils.java:87)
	at org.apache.ratis.server.raftlog.segmented.SegmentedRaftLogWorker$StateMachineDataPolicy.getFromFuture(SegmentedRaftLogWorker.java:87)
	at org.apache.ratis.server.raftlog.segmented.SegmentedRaftLogWorker$WriteLog.execute(SegmentedRaftLogWorker.java:477)
	at org.apache.ratis.server.raftlog.segmented.SegmentedRaftLogWorker.run(SegmentedRaftLogWorker.java:289)
	at java.lang.Thread.run(Thread.java:748)
Caused by: java.util.concurrent.TimeoutException
	at java.util.concurrent.CompletableFuture.timedGet(CompletableFuture.java:1771)
	at java.util.concurrent.CompletableFuture.get(CompletableFuture.java:1915)
	at org.apache.ratis.util.IOUtils.getFromFuture(IOUtils.java:79)
	... 4 more
2019-09-16 16:33:05,495 [2b9d536e-7082-46d0-bcea-3da9bf5f5d0c@group-E6C05F8A743B-SegmentedRaftLogWorker] WARN  segmented.SegmentedRaftLogWorker (SegmentedRaftLogWorker.java:getFromFuture(90)) - Timeout 15/~
org.apache.ratis.protocol.TimeoutIOException: Timeout 10s: WriteLog:12: (t:1, i:12), STATEMACHINELOGENTRY, client-E18D28BDFE03, cid=22-writeStateMachineData
	at org.apache.ratis.util.IOUtils.getFromFuture(IOUtils.java:87)
	at org.apache.ratis.server.raftlog.segmented.SegmentedRaftLogWorker$StateMachineDataPolicy.getFromFuture(SegmentedRaftLogWorker.java:87)
	at org.apache.ratis.server.raftlog.segmented.SegmentedRaftLogWorker$WriteLog.execute(SegmentedRaftLogWorker.java:477)
	at org.apache.ratis.server.raftlog.segmented.SegmentedRaftLogWorker.run(SegmentedRaftLogWorker.java:289)
	at java.lang.Thread.run(Thread.java:748)
Caused by: java.util.concurrent.TimeoutException
	at java.util.concurrent.CompletableFuture.timedGet(CompletableFuture.java:1771)
	at java.util.concurrent.CompletableFuture.get(CompletableFuture.java:1915)
	at org.apache.ratis.util.IOUtils.getFromFuture(IOUtils.java:79)
	... 4 more
2019-09-16 16:33:05,526 [103cee85-d2d3-4069-a903-4a8bed8118d2@group-E6C05F8A743B-SegmentedRaftLogWorker] WARN  segmented.SegmentedRaftLogWorker (SegmentedRaftLogWorker.java:getFromFuture(90)) - Timeout 15/~
org.apache.ratis.protocol.TimeoutIOException: Timeout 10s: WriteLog:12: (t:1, i:12), STATEMACHINELOGENTRY, client-E18D28BDFE03, cid=22-writeStateMachineData
	at org.apache.ratis.util.IOUtils.getFromFuture(IOUtils.java:87)
	at org.apache.ratis.server.raftlog.segmented.SegmentedRaftLogWorker$StateMachineDataPolicy.getFromFuture(SegmentedRaftLogWorker.java:87)
	at org.apache.ratis.server.raftlog.segmented.SegmentedRaftLogWorker$WriteLog.execute(SegmentedRaftLogWorker.java:477)
	at org.apache.ratis.server.raftlog.segmented.SegmentedRaftLogWorker.run(SegmentedRaftLogWorker.java:289)
	at java.lang.Thread.run(Thread.java:748)
Caused by: java.util.concurrent.TimeoutException
	at java.util.concurrent.CompletableFuture.timedGet(CompletableFuture.java:1771)
	at java.util.concurrent.CompletableFuture.get(CompletableFuture.java:1915)
	at org.apache.ratis.util.IOUtils.getFromFuture(IOUtils.java:79)
	... 4 more
2019-09-16 16:33:05,594 [EventQueue-PipelineActionsForPipelineActionHandler] ERROR pipeline.PipelineActionHandler (PipelineActionHandler.java:onMessage(60)) - Received pipeline action CLOSE for Pipeline[ Id: 3ab55fe5-a8b1-4e30-8295-e6c05f8a743b, Nodes: 2b9d536e-7082-46d0-bcea-3da9bf5f5d0c{ip: 192.168.5.183, host: pr-hdds-1054-fkf2j-3502855176, networkLocation: /default-rack, certSerialId: null}103cee85-d2d3-4069-a903-4a8bed8118d2{ip: 192.168.5.183, host: pr-hdds-1054-fkf2j-3502855176, networkLocation: /default-rack, certSerialId: null}5da997ac-485a-4ae3-a11f-bd7c3a0ad14d{ip: 192.168.5.183, host: pr-hdds-1054-fkf2j-3502855176, networkLocation: /default-rack, certSerialId: null}, Type:RATIS, Factor:THREE, State:CLOSED] from datanode 5da997ac-485a-4ae3-a11f-bd7c3a0ad14d{ip: 192.168.5.183, host: pr-hdds-1054-fkf2j-3502855176, networkLocation: /default-rack, certSerialId: null}. Reason : 5da997ac-485a-4ae3-a11f-bd7c3a0ad14d has not seen follower/s 2b9d536e-7082-46d0-bcea-3da9bf5f5d0c for 160985ms 103cee85-d2d3-4069-a903-4a8bed8118d2 for 160986ms
2019-09-16 16:33:05,594 [EventQueue-PipelineActionsForPipelineActionHandler] INFO  pipeline.SCMPipelineManager (SCMPipelineManager.java:finalizeAndDestroyPipeline(311)) - destroying pipeline:Pipeline[ Id: 3ab55fe5-a8b1-4e30-8295-e6c05f8a743b, Nodes: 2b9d536e-7082-46d0-bcea-3da9bf5f5d0c{ip: 192.168.5.183, host: pr-hdds-1054-fkf2j-3502855176, networkLocation: /default-rack, certSerialId: null}103cee85-d2d3-4069-a903-4a8bed8118d2{ip: 192.168.5.183, host: pr-hdds-1054-fkf2j-3502855176, networkLocation: /default-rack, certSerialId: null}5da997ac-485a-4ae3-a11f-bd7c3a0ad14d{ip: 192.168.5.183, host: pr-hdds-1054-fkf2j-3502855176, networkLocation: /default-rack, certSerialId: null}, Type:RATIS, Factor:THREE, State:CLOSED]
2019-09-16 16:33:05,609 [java.util.concurrent.ThreadPoolExecutor$Worker@25a61ea4[State = -1, empty queue]] WARN  server.GrpcLogAppender (GrpcLogAppender.java:timeoutAppendRequest(200)) - 5da997ac-485a-4ae3-a11f-bd7c3a0ad14d@group-E6C05F8A743B->103cee85-d2d3-4069-a903-4a8bed8118d2-GrpcLogAppender: appendEntries Timeout, request=5da997ac-485a-4ae3-a11f-bd7c3a0ad14d->103cee85-d2d3-4069-a903-4a8bed8118d2#78-t1, previous=(t:1, i:14), leaderCommit=10, initializing? false, entries: <empty>
2019-09-16 16:33:05,615 [java.util.concurrent.ThreadPoolExecutor$Worker@3a533076[State = -1, empty queue]] WARN  server.GrpcLogAppender (GrpcLogAppender.java:timeoutAppendRequest(200)) - 5da997ac-485a-4ae3-a11f-bd7c3a0ad14d@group-E6C05F8A743B->2b9d536e-7082-46d0-bcea-3da9bf5f5d0c-GrpcLogAppender: appendEntries Timeout, request=5da997ac-485a-4ae3-a11f-bd7c3a0ad14d->2b9d536e-7082-46d0-bcea-3da9bf5f5d0c#78-t1, previous=(t:1, i:14), leaderCommit=10, initializing? false, entries: <empty>
2019-09-16 16:33:06,203 [grpc-default-executor-4] INFO  client.GrpcClientProtocolClient (GrpcClientProtocolClient.java:onNext(264)) - client-E18D28BDFE03->2b9d536e-7082-46d0-bcea-3da9bf5f5d0c: receive RaftClientReply:client-E18D28BDFE03->2b9d536e-7082-46d0-bcea-3da9bf5f5d0c@group-E6C05F8A743B, cid=21, FAILED org.apache.ratis.protocol.NotLeaderException: Server 2b9d536e-7082-46d0-bcea-3da9bf5f5d0c@group-E6C05F8A743B is not the leader 5da997ac-485a-4ae3-a11f-bd7c3a0ad14d:192.168.5.183:41252, logIndex=0, commits[2b9d536e-7082-46d0-bcea-3da9bf5f5d0c:c10, 103cee85-d2d3-4069-a903-4a8bed8118d2:c6, 5da997ac-485a-4ae3-a11f-bd7c3a0ad14d:c10]
2019-09-16 16:33:07,611 [org.apache.ratis.server.impl.LogAppender$AppenderDaemon$$Lambda$486/1268950271@4af917ef] ERROR ratis.XceiverServerRatis (XceiverServerRatis.java:triggerPipelineClose(568)) - pipeline Action CLOSE  on pipeline PipelineID=3ab55fe5-a8b1-4e30-8295-e6c05f8a743b.Reason : 5da997ac-485a-4ae3-a11f-bd7c3a0ad14d has not seen follower/s 2b9d536e-7082-46d0-bcea-3da9bf5f5d0c for 163485ms 103cee85-d2d3-4069-a903-4a8bed8118d2 for 163486ms
2019-09-16 16:33:07,616 [org.apache.ratis.server.impl.LogAppender$AppenderDaemon$$Lambda$486/1268950271@118ee7f7] ERROR ratis.XceiverServerRatis (XceiverServerRatis.java:triggerPipelineClose(568)) - pipeline Action CLOSE  on pipeline PipelineID=3ab55fe5-a8b1-4e30-8295-e6c05f8a743b.Reason : 5da997ac-485a-4ae3-a11f-bd7c3a0ad14d has not seen follower/s 2b9d536e-7082-46d0-bcea-3da9bf5f5d0c for 163490ms 103cee85-d2d3-4069-a903-4a8bed8118d2 for 163491ms
2019-09-16 16:33:08,111 [java.util.concurrent.ThreadPoolExecutor$Worker@25a61ea4[State = -1, empty queue]] WARN  server.GrpcLogAppender (GrpcLogAppender.java:timeoutAppendRequest(200)) - 5da997ac-485a-4ae3-a11f-bd7c3a0ad14d@group-E6C05F8A743B->103cee85-d2d3-4069-a903-4a8bed8118d2-GrpcLogAppender: appendEntries Timeout, request=5da997ac-485a-4ae3-a11f-bd7c3a0ad14d->103cee85-d2d3-4069-a903-4a8bed8118d2#79-t1, previous=(t:1, i:14), leaderCommit=10, initializing? false, entries: <empty>
2019-09-16 16:33:08,115 [java.util.concurrent.ThreadPoolExecutor$Worker@3a533076[State = -1, empty queue]] WARN  server.GrpcLogAppender (GrpcLogAppender.java:timeoutAppendRequest(200)) - 5da997ac-485a-4ae3-a11f-bd7c3a0ad14d@group-E6C05F8A743B->2b9d536e-7082-46d0-bcea-3da9bf5f5d0c-GrpcLogAppender: appendEntries Timeout, request=5da997ac-485a-4ae3-a11f-bd7c3a0ad14d->2b9d536e-7082-46d0-bcea-3da9bf5f5d0c#79-t1, previous=(t:1, i:14), leaderCommit=10, initializing? false, entries: <empty>
2019-09-16 16:33:08,593 [EventQueue-PipelineActionsForPipelineActionHandler] ERROR pipeline.PipelineActionHandler (PipelineActionHandler.java:onMessage(60)) - Received pipeline action CLOSE for Pipeline[ Id: 3ab55fe5-a8b1-4e30-8295-e6c05f8a743b, Nodes: 2b9d536e-7082-46d0-bcea-3da9bf5f5d0c{ip: 192.168.5.183, host: pr-hdds-1054-fkf2j-3502855176, networkLocation: /default-rack, certSerialId: null}103cee85-d2d3-4069-a903-4a8bed8118d2{ip: 192.168.5.183, host: pr-hdds-1054-fkf2j-3502855176, networkLocation: /default-rack, certSerialId: null}5da997ac-485a-4ae3-a11f-bd7c3a0ad14d{ip: 192.168.5.183, host: pr-hdds-1054-fkf2j-3502855176, networkLocation: /default-rack, certSerialId: null}, Type:RATIS, Factor:THREE, State:CLOSED] from datanode 5da997ac-485a-4ae3-a11f-bd7c3a0ad14d{ip: 192.168.5.183, host: pr-hdds-1054-fkf2j-3502855176, networkLocation: /default-rack, certSerialId: null}. Reason : 5da997ac-485a-4ae3-a11f-bd7c3a0ad14d has not seen follower/s 2b9d536e-7082-46d0-bcea-3da9bf5f5d0c for 163485ms 103cee85-d2d3-4069-a903-4a8bed8118d2 for 163486ms
2019-09-16 16:33:08,594 [EventQueue-PipelineActionsForPipelineActionHandler] INFO  pipeline.SCMPipelineManager (SCMPipelineManager.java:finalizeAndDestroyPipeline(311)) - destroying pipeline:Pipeline[ Id: 3ab55fe5-a8b1-4e30-8295-e6c05f8a743b, Nodes: 2b9d536e-7082-46d0-bcea-3da9bf5f5d0c{ip: 192.168.5.183, host: pr-hdds-1054-fkf2j-3502855176, networkLocation: /default-rack, certSerialId: null}103cee85-d2d3-4069-a903-4a8bed8118d2{ip: 192.168.5.183, host: pr-hdds-1054-fkf2j-3502855176, networkLocation: /default-rack, certSerialId: null}5da997ac-485a-4ae3-a11f-bd7c3a0ad14d{ip: 192.168.5.183, host: pr-hdds-1054-fkf2j-3502855176, networkLocation: /default-rack, certSerialId: null}, Type:RATIS, Factor:THREE, State:CLOSED]
2019-09-16 16:33:10,113 [org.apache.ratis.server.impl.LogAppender$AppenderDaemon$$Lambda$486/1268950271@4af917ef] ERROR ratis.XceiverServerRatis (XceiverServerRatis.java:triggerPipelineClose(568)) - pipeline Action CLOSE  on pipeline PipelineID=3ab55fe5-a8b1-4e30-8295-e6c05f8a743b.Reason : 5da997ac-485a-4ae3-a11f-bd7c3a0ad14d has not seen follower/s 2b9d536e-7082-46d0-bcea-3da9bf5f5d0c for 165987ms 103cee85-d2d3-4069-a903-4a8bed8118d2 for 165988ms
2019-09-16 16:33:10,117 [org.apache.ratis.server.impl.LogAppender$AppenderDaemon$$Lambda$486/1268950271@118ee7f7] ERROR ratis.XceiverServerRatis (XceiverServerRatis.java:triggerPipelineClose(568)) - pipeline Action CLOSE  on pipeline PipelineID=3ab55fe5-a8b1-4e30-8295-e6c05f8a743b.Reason : 5da997ac-485a-4ae3-a11f-bd7c3a0ad14d has not seen follower/s 2b9d536e-7082-46d0-bcea-3da9bf5f5d0c for 165991ms 103cee85-d2d3-4069-a903-4a8bed8118d2 for 165991ms
2019-09-16 16:33:10,594 [EventQueue-PipelineActionsForPipelineActionHandler] ERROR pipeline.PipelineActionHandler (PipelineActionHandler.java:onMessage(60)) - Received pipeline action CLOSE for Pipeline[ Id: 3ab55fe5-a8b1-4e30-8295-e6c05f8a743b, Nodes: 2b9d536e-7082-46d0-bcea-3da9bf5f5d0c{ip: 192.168.5.183, host: pr-hdds-1054-fkf2j-3502855176, networkLocation: /default-rack, certSerialId: null}103cee85-d2d3-4069-a903-4a8bed8118d2{ip: 192.168.5.183, host: pr-hdds-1054-fkf2j-3502855176, networkLocation: /default-rack, certSerialId: null}5da997ac-485a-4ae3-a11f-bd7c3a0ad14d{ip: 192.168.5.183, host: pr-hdds-1054-fkf2j-3502855176, networkLocation: /default-rack, certSerialId: null}, Type:RATIS, Factor:THREE, State:CLOSED] from datanode 5da997ac-485a-4ae3-a11f-bd7c3a0ad14d{ip: 192.168.5.183, host: pr-hdds-1054-fkf2j-3502855176, networkLocation: /default-rack, certSerialId: null}. Reason : 5da997ac-485a-4ae3-a11f-bd7c3a0ad14d has not seen follower/s 2b9d536e-7082-46d0-bcea-3da9bf5f5d0c for 165987ms 103cee85-d2d3-4069-a903-4a8bed8118d2 for 165988ms
2019-09-16 16:33:10,594 [EventQueue-PipelineActionsForPipelineActionHandler] INFO  pipeline.SCMPipelineManager (SCMPipelineManager.java:finalizeAndDestroyPipeline(311)) - destroying pipeline:Pipeline[ Id: 3ab55fe5-a8b1-4e30-8295-e6c05f8a743b, Nodes: 2b9d536e-7082-46d0-bcea-3da9bf5f5d0c{ip: 192.168.5.183, host: pr-hdds-1054-fkf2j-3502855176, networkLocation: /default-rack, certSerialId: null}103cee85-d2d3-4069-a903-4a8bed8118d2{ip: 192.168.5.183, host: pr-hdds-1054-fkf2j-3502855176, networkLocation: /default-rack, certSerialId: null}5da997ac-485a-4ae3-a11f-bd7c3a0ad14d{ip: 192.168.5.183, host: pr-hdds-1054-fkf2j-3502855176, networkLocation: /default-rack, certSerialId: null}, Type:RATIS, Factor:THREE, State:CLOSED]
2019-09-16 16:33:10,611 [java.util.concurrent.ThreadPoolExecutor$Worker@25a61ea4[State = -1, empty queue]] WARN  server.GrpcLogAppender (GrpcLogAppender.java:timeoutAppendRequest(200)) - 5da997ac-485a-4ae3-a11f-bd7c3a0ad14d@group-E6C05F8A743B->103cee85-d2d3-4069-a903-4a8bed8118d2-GrpcLogAppender: appendEntries Timeout, request=5da997ac-485a-4ae3-a11f-bd7c3a0ad14d->103cee85-d2d3-4069-a903-4a8bed8118d2#80-t1, previous=(t:1, i:14), leaderCommit=10, initializing? false, entries: <empty>
2019-09-16 16:33:10,616 [java.util.concurrent.ThreadPoolExecutor$Worker@3a533076[State = -1, empty queue]] WARN  server.GrpcLogAppender (GrpcLogAppender.java:timeoutAppendRequest(200)) - 5da997ac-485a-4ae3-a11f-bd7c3a0ad14d@group-E6C05F8A743B->2b9d536e-7082-46d0-bcea-3da9bf5f5d0c-GrpcLogAppender: appendEntries Timeout, request=5da997ac-485a-4ae3-a11f-bd7c3a0ad14d->2b9d536e-7082-46d0-bcea-3da9bf5f5d0c#80-t1, previous=(t:1, i:14), leaderCommit=10, initializing? false, entries: <empty>
2019-09-16 16:33:11,255 [grpc-default-executor-4] INFO  client.GrpcClientProtocolClient (GrpcClientProtocolClient.java:onNext(264)) - client-E18D28BDFE03->103cee85-d2d3-4069-a903-4a8bed8118d2: receive RaftClientReply:client-E18D28BDFE03->103cee85-d2d3-4069-a903-4a8bed8118d2@group-E6C05F8A743B, cid=21, FAILED org.apache.ratis.protocol.NotLeaderException: Server 103cee85-d2d3-4069-a903-4a8bed8118d2@group-E6C05F8A743B is not the leader 5da997ac-485a-4ae3-a11f-bd7c3a0ad14d:192.168.5.183:41252, logIndex=0, commits[103cee85-d2d3-4069-a903-4a8bed8118d2:c10, 2b9d536e-7082-46d0-bcea-3da9bf5f5d0c:c6, 5da997ac-485a-4ae3-a11f-bd7c3a0ad14d:c10]
2019-09-16 16:33:12,614 [org.apache.ratis.server.impl.LogAppender$AppenderDaemon$$Lambda$486/1268950271@4af917ef] ERROR ratis.XceiverServerRatis (XceiverServerRatis.java:triggerPipelineClose(568)) - pipeline Action CLOSE  on pipeline PipelineID=3ab55fe5-a8b1-4e30-8295-e6c05f8a743b.Reason : 5da997ac-485a-4ae3-a11f-bd7c3a0ad14d has not seen follower/s 2b9d536e-7082-46d0-bcea-3da9bf5f5d0c for 168489ms 103cee85-d2d3-4069-a903-4a8bed8118d2 for 168489ms
2019-09-16 16:33:12,617 [org.apache.ratis.server.impl.LogAppender$AppenderDaemon$$Lambda$486/1268950271@118ee7f7] ERROR ratis.XceiverServerRatis (XceiverServerRatis.java:triggerPipelineClose(568)) - pipeline Action CLOSE  on pipeline PipelineID=3ab55fe5-a8b1-4e30-8295-e6c05f8a743b.Reason : 5da997ac-485a-4ae3-a11f-bd7c3a0ad14d has not seen follower/s 2b9d536e-7082-46d0-bcea-3da9bf5f5d0c for 168491ms 103cee85-d2d3-4069-a903-4a8bed8118d2 for 168492ms
2019-09-16 16:33:13,113 [java.util.concurrent.ThreadPoolExecutor$Worker@25a61ea4[State = -1, empty queue]] WARN  server.GrpcLogAppender (GrpcLogAppender.java:timeoutAppendRequest(200)) - 5da997ac-485a-4ae3-a11f-bd7c3a0ad14d@group-E6C05F8A743B->103cee85-d2d3-4069-a903-4a8bed8118d2-GrpcLogAppender: appendEntries Timeout, request=5da997ac-485a-4ae3-a11f-bd7c3a0ad14d->103cee85-d2d3-4069-a903-4a8bed8118d2#81-t1, previous=(t:1, i:14), leaderCommit=10, initializing? false, entries: <empty>
2019-09-16 16:33:13,117 [java.util.concurrent.ThreadPoolExecutor$Worker@3a533076[State = -1, empty queue]] WARN  server.GrpcLogAppender (GrpcLogAppender.java:timeoutAppendRequest(200)) - 5da997ac-485a-4ae3-a11f-bd7c3a0ad14d@group-E6C05F8A743B->2b9d536e-7082-46d0-bcea-3da9bf5f5d0c-GrpcLogAppender: appendEntries Timeout, request=5da997ac-485a-4ae3-a11f-bd7c3a0ad14d->2b9d536e-7082-46d0-bcea-3da9bf5f5d0c#81-t1, previous=(t:1, i:14), leaderCommit=10, initializing? false, entries: <empty>
2019-09-16 16:33:13,597 [EventQueue-PipelineActionsForPipelineActionHandler] ERROR pipeline.PipelineActionHandler (PipelineActionHandler.java:onMessage(60)) - Received pipeline action CLOSE for Pipeline[ Id: 3ab55fe5-a8b1-4e30-8295-e6c05f8a743b, Nodes: 2b9d536e-7082-46d0-bcea-3da9bf5f5d0c{ip: 192.168.5.183, host: pr-hdds-1054-fkf2j-3502855176, networkLocation: /default-rack, certSerialId: null}103cee85-d2d3-4069-a903-4a8bed8118d2{ip: 192.168.5.183, host: pr-hdds-1054-fkf2j-3502855176, networkLocation: /default-rack, certSerialId: null}5da997ac-485a-4ae3-a11f-bd7c3a0ad14d{ip: 192.168.5.183, host: pr-hdds-1054-fkf2j-3502855176, networkLocation: /default-rack, certSerialId: null}, Type:RATIS, Factor:THREE, State:CLOSED] from datanode 5da997ac-485a-4ae3-a11f-bd7c3a0ad14d{ip: 192.168.5.183, host: pr-hdds-1054-fkf2j-3502855176, networkLocation: /default-rack, certSerialId: null}. Reason : 5da997ac-485a-4ae3-a11f-bd7c3a0ad14d has not seen follower/s 2b9d536e-7082-46d0-bcea-3da9bf5f5d0c for 168489ms 103cee85-d2d3-4069-a903-4a8bed8118d2 for 168489ms
2019-09-16 16:33:13,598 [EventQueue-PipelineActionsForPipelineActionHandler] INFO  pipeline.SCMPipelineManager (SCMPipelineManager.java:finalizeAndDestroyPipeline(311)) - destroying pipeline:Pipeline[ Id: 3ab55fe5-a8b1-4e30-8295-e6c05f8a743b, Nodes: 2b9d536e-7082-46d0-bcea-3da9bf5f5d0c{ip: 192.168.5.183, host: pr-hdds-1054-fkf2j-3502855176, networkLocation: /default-rack, certSerialId: null}103cee85-d2d3-4069-a903-4a8bed8118d2{ip: 192.168.5.183, host: pr-hdds-1054-fkf2j-3502855176, networkLocation: /default-rack, certSerialId: null}5da997ac-485a-4ae3-a11f-bd7c3a0ad14d{ip: 192.168.5.183, host: pr-hdds-1054-fkf2j-3502855176, networkLocation: /default-rack, certSerialId: null}, Type:RATIS, Factor:THREE, State:CLOSED]
2019-09-16 16:33:15,115 [org.apache.ratis.server.impl.LogAppender$AppenderDaemon$$Lambda$486/1268950271@4af917ef] ERROR ratis.XceiverServerRatis (XceiverServerRatis.java:triggerPipelineClose(568)) - pipeline Action CLOSE  on pipeline PipelineID=3ab55fe5-a8b1-4e30-8295-e6c05f8a743b.Reason : 5da997ac-485a-4ae3-a11f-bd7c3a0ad14d has not seen follower/s 2b9d536e-7082-46d0-bcea-3da9bf5f5d0c for 170990ms 103cee85-d2d3-4069-a903-4a8bed8118d2 for 170990ms
2019-09-16 16:33:15,118 [org.apache.ratis.server.impl.LogAppender$AppenderDaemon$$Lambda$486/1268950271@118ee7f7] ERROR ratis.XceiverServerRatis (XceiverServerRatis.java:triggerPipelineClose(568)) - pipeline Action CLOSE  on pipeline PipelineID=3ab55fe5-a8b1-4e30-8295-e6c05f8a743b.Reason : 5da997ac-485a-4ae3-a11f-bd7c3a0ad14d has not seen follower/s 2b9d536e-7082-46d0-bcea-3da9bf5f5d0c for 170992ms 103cee85-d2d3-4069-a903-4a8bed8118d2 for 170993ms
2019-09-16 16:33:15,481 [5da997ac-485a-4ae3-a11f-bd7c3a0ad14d@group-E6C05F8A743B-SegmentedRaftLogWorker] WARN  segmented.SegmentedRaftLogWorker (SegmentedRaftLogWorker.java:getFromFuture(90)) - Timeout 16/~
org.apache.ratis.protocol.TimeoutIOException: Timeout 10s: WriteLog:12: (t:1, i:12), STATEMACHINELOGENTRY, client-E18D28BDFE03, cid=22-writeStateMachineData
	at org.apache.ratis.util.IOUtils.getFromFuture(IOUtils.java:87)
	at org.apache.ratis.server.raftlog.segmented.SegmentedRaftLogWorker$StateMachineDataPolicy.getFromFuture(SegmentedRaftLogWorker.java:87)
	at org.apache.ratis.server.raftlog.segmented.SegmentedRaftLogWorker$WriteLog.execute(SegmentedRaftLogWorker.java:477)
	at org.apache.ratis.server.raftlog.segmented.SegmentedRaftLogWorker.run(SegmentedRaftLogWorker.java:289)
	at java.lang.Thread.run(Thread.java:748)
Caused by: java.util.concurrent.TimeoutException
	at java.util.concurrent.CompletableFuture.timedGet(CompletableFuture.java:1771)
	at java.util.concurrent.CompletableFuture.get(CompletableFuture.java:1915)
	at org.apache.ratis.util.IOUtils.getFromFuture(IOUtils.java:79)
	... 4 more
2019-09-16 16:33:15,524 [2b9d536e-7082-46d0-bcea-3da9bf5f5d0c@group-E6C05F8A743B-SegmentedRaftLogWorker] WARN  segmented.SegmentedRaftLogWorker (SegmentedRaftLogWorker.java:getFromFuture(90)) - Timeout 16/~
org.apache.ratis.protocol.TimeoutIOException: Timeout 10s: WriteLog:12: (t:1, i:12), STATEMACHINELOGENTRY, client-E18D28BDFE03, cid=22-writeStateMachineData
	at org.apache.ratis.util.IOUtils.getFromFuture(IOUtils.java:87)
	at org.apache.ratis.server.raftlog.segmented.SegmentedRaftLogWorker$StateMachineDataPolicy.getFromFuture(SegmentedRaftLogWorker.java:87)
	at org.apache.ratis.server.raftlog.segmented.SegmentedRaftLogWorker$WriteLog.execute(SegmentedRaftLogWorker.java:477)
	at org.apache.ratis.server.raftlog.segmented.SegmentedRaftLogWorker.run(SegmentedRaftLogWorker.java:289)
	at java.lang.Thread.run(Thread.java:748)
Caused by: java.util.concurrent.TimeoutException
	at java.util.concurrent.CompletableFuture.timedGet(CompletableFuture.java:1771)
	at java.util.concurrent.CompletableFuture.get(CompletableFuture.java:1915)
	at org.apache.ratis.util.IOUtils.getFromFuture(IOUtils.java:79)
	... 4 more
2019-09-16 16:33:15,526 [103cee85-d2d3-4069-a903-4a8bed8118d2@group-E6C05F8A743B-SegmentedRaftLogWorker] WARN  segmented.SegmentedRaftLogWorker (SegmentedRaftLogWorker.java:getFromFuture(90)) - Timeout 16/~
org.apache.ratis.protocol.TimeoutIOException: Timeout 10s: WriteLog:12: (t:1, i:12), STATEMACHINELOGENTRY, client-E18D28BDFE03, cid=22-writeStateMachineData
	at org.apache.ratis.util.IOUtils.getFromFuture(IOUtils.java:87)
	at org.apache.ratis.server.raftlog.segmented.SegmentedRaftLogWorker$StateMachineDataPolicy.getFromFuture(SegmentedRaftLogWorker.java:87)
	at org.apache.ratis.server.raftlog.segmented.SegmentedRaftLogWorker$WriteLog.execute(SegmentedRaftLogWorker.java:477)
	at org.apache.ratis.server.raftlog.segmented.SegmentedRaftLogWorker.run(SegmentedRaftLogWorker.java:289)
	at java.lang.Thread.run(Thread.java:748)
Caused by: java.util.concurrent.TimeoutException
	at java.util.concurrent.CompletableFuture.timedGet(CompletableFuture.java:1771)
	at java.util.concurrent.CompletableFuture.get(CompletableFuture.java:1915)
	at org.apache.ratis.util.IOUtils.getFromFuture(IOUtils.java:79)
	... 4 more
2019-09-16 16:33:15,593 [EventQueue-PipelineActionsForPipelineActionHandler] ERROR pipeline.PipelineActionHandler (PipelineActionHandler.java:onMessage(60)) - Received pipeline action CLOSE for Pipeline[ Id: 3ab55fe5-a8b1-4e30-8295-e6c05f8a743b, Nodes: 2b9d536e-7082-46d0-bcea-3da9bf5f5d0c{ip: 192.168.5.183, host: pr-hdds-1054-fkf2j-3502855176, networkLocation: /default-rack, certSerialId: null}103cee85-d2d3-4069-a903-4a8bed8118d2{ip: 192.168.5.183, host: pr-hdds-1054-fkf2j-3502855176, networkLocation: /default-rack, certSerialId: null}5da997ac-485a-4ae3-a11f-bd7c3a0ad14d{ip: 192.168.5.183, host: pr-hdds-1054-fkf2j-3502855176, networkLocation: /default-rack, certSerialId: null}, Type:RATIS, Factor:THREE, State:CLOSED] from datanode 5da997ac-485a-4ae3-a11f-bd7c3a0ad14d{ip: 192.168.5.183, host: pr-hdds-1054-fkf2j-3502855176, networkLocation: /default-rack, certSerialId: null}. Reason : 5da997ac-485a-4ae3-a11f-bd7c3a0ad14d has not seen follower/s 2b9d536e-7082-46d0-bcea-3da9bf5f5d0c for 170990ms 103cee85-d2d3-4069-a903-4a8bed8118d2 for 170990ms
2019-09-16 16:33:15,593 [EventQueue-PipelineActionsForPipelineActionHandler] INFO  pipeline.SCMPipelineManager (SCMPipelineManager.java:finalizeAndDestroyPipeline(311)) - destroying pipeline:Pipeline[ Id: 3ab55fe5-a8b1-4e30-8295-e6c05f8a743b, Nodes: 2b9d536e-7082-46d0-bcea-3da9bf5f5d0c{ip: 192.168.5.183, host: pr-hdds-1054-fkf2j-3502855176, networkLocation: /default-rack, certSerialId: null}103cee85-d2d3-4069-a903-4a8bed8118d2{ip: 192.168.5.183, host: pr-hdds-1054-fkf2j-3502855176, networkLocation: /default-rack, certSerialId: null}5da997ac-485a-4ae3-a11f-bd7c3a0ad14d{ip: 192.168.5.183, host: pr-hdds-1054-fkf2j-3502855176, networkLocation: /default-rack, certSerialId: null}, Type:RATIS, Factor:THREE, State:CLOSED]
2019-09-16 16:33:15,614 [java.util.concurrent.ThreadPoolExecutor$Worker@25a61ea4[State = -1, empty queue]] WARN  server.GrpcLogAppender (GrpcLogAppender.java:timeoutAppendRequest(200)) - 5da997ac-485a-4ae3-a11f-bd7c3a0ad14d@group-E6C05F8A743B->103cee85-d2d3-4069-a903-4a8bed8118d2-GrpcLogAppender: appendEntries Timeout, request=5da997ac-485a-4ae3-a11f-bd7c3a0ad14d->103cee85-d2d3-4069-a903-4a8bed8118d2#82-t1, previous=(t:1, i:14), leaderCommit=10, initializing? false, entries: <empty>
2019-09-16 16:33:15,617 [java.util.concurrent.ThreadPoolExecutor$Worker@3a533076[State = -1, empty queue]] WARN  server.GrpcLogAppender (GrpcLogAppender.java:timeoutAppendRequest(200)) - 5da997ac-485a-4ae3-a11f-bd7c3a0ad14d@group-E6C05F8A743B->2b9d536e-7082-46d0-bcea-3da9bf5f5d0c-GrpcLogAppender: appendEntries Timeout, request=5da997ac-485a-4ae3-a11f-bd7c3a0ad14d->2b9d536e-7082-46d0-bcea-3da9bf5f5d0c#82-t1, previous=(t:1, i:14), leaderCommit=10, initializing? false, entries: <empty>
2019-09-16 16:33:16,298 [grpc-default-executor-4] INFO  client.GrpcClientProtocolClient (GrpcClientProtocolClient.java:onNext(264)) - client-E18D28BDFE03->103cee85-d2d3-4069-a903-4a8bed8118d2: receive RaftClientReply:client-E18D28BDFE03->103cee85-d2d3-4069-a903-4a8bed8118d2@group-E6C05F8A743B, cid=21, FAILED org.apache.ratis.protocol.NotLeaderException: Server 103cee85-d2d3-4069-a903-4a8bed8118d2@group-E6C05F8A743B is not the leader 5da997ac-485a-4ae3-a11f-bd7c3a0ad14d:192.168.5.183:41252, logIndex=0, commits[103cee85-d2d3-4069-a903-4a8bed8118d2:c10, 2b9d536e-7082-46d0-bcea-3da9bf5f5d0c:c6, 5da997ac-485a-4ae3-a11f-bd7c3a0ad14d:c10]
2019-09-16 16:33:17,617 [org.apache.ratis.server.impl.LogAppender$AppenderDaemon$$Lambda$486/1268950271@4af917ef] ERROR ratis.XceiverServerRatis (XceiverServerRatis.java:triggerPipelineClose(568)) - pipeline Action CLOSE  on pipeline PipelineID=3ab55fe5-a8b1-4e30-8295-e6c05f8a743b.Reason : 5da997ac-485a-4ae3-a11f-bd7c3a0ad14d has not seen follower/s 2b9d536e-7082-46d0-bcea-3da9bf5f5d0c for 173491ms 103cee85-d2d3-4069-a903-4a8bed8118d2 for 173492ms
2019-09-16 16:33:17,618 [org.apache.ratis.server.impl.LogAppender$AppenderDaemon$$Lambda$486/1268950271@118ee7f7] ERROR ratis.XceiverServerRatis (XceiverServerRatis.java:triggerPipelineClose(568)) - pipeline Action CLOSE  on pipeline PipelineID=3ab55fe5-a8b1-4e30-8295-e6c05f8a743b.Reason : 5da997ac-485a-4ae3-a11f-bd7c3a0ad14d has not seen follower/s 2b9d536e-7082-46d0-bcea-3da9bf5f5d0c for 173493ms 103cee85-d2d3-4069-a903-4a8bed8118d2 for 173493ms
2019-09-16 16:33:18,115 [java.util.concurrent.ThreadPoolExecutor$Worker@25a61ea4[State = -1, empty queue]] WARN  server.GrpcLogAppender (GrpcLogAppender.java:timeoutAppendRequest(200)) - 5da997ac-485a-4ae3-a11f-bd7c3a0ad14d@group-E6C05F8A743B->103cee85-d2d3-4069-a903-4a8bed8118d2-GrpcLogAppender: appendEntries Timeout, request=5da997ac-485a-4ae3-a11f-bd7c3a0ad14d->103cee85-d2d3-4069-a903-4a8bed8118d2#83-t1, previous=(t:1, i:14), leaderCommit=10, initializing? false, entries: <empty>
2019-09-16 16:33:18,118 [java.util.concurrent.ThreadPoolExecutor$Worker@3a533076[State = -1, empty queue]] WARN  server.GrpcLogAppender (GrpcLogAppender.java:timeoutAppendRequest(200)) - 5da997ac-485a-4ae3-a11f-bd7c3a0ad14d@group-E6C05F8A743B->2b9d536e-7082-46d0-bcea-3da9bf5f5d0c-GrpcLogAppender: appendEntries Timeout, request=5da997ac-485a-4ae3-a11f-bd7c3a0ad14d->2b9d536e-7082-46d0-bcea-3da9bf5f5d0c#83-t1, previous=(t:1, i:14), leaderCommit=10, initializing? false, entries: <empty>
2019-09-16 16:33:18,593 [EventQueue-PipelineActionsForPipelineActionHandler] ERROR pipeline.PipelineActionHandler (PipelineActionHandler.java:onMessage(60)) - Received pipeline action CLOSE for Pipeline[ Id: 3ab55fe5-a8b1-4e30-8295-e6c05f8a743b, Nodes: 2b9d536e-7082-46d0-bcea-3da9bf5f5d0c{ip: 192.168.5.183, host: pr-hdds-1054-fkf2j-3502855176, networkLocation: /default-rack, certSerialId: null}103cee85-d2d3-4069-a903-4a8bed8118d2{ip: 192.168.5.183, host: pr-hdds-1054-fkf2j-3502855176, networkLocation: /default-rack, certSerialId: null}5da997ac-485a-4ae3-a11f-bd7c3a0ad14d{ip: 192.168.5.183, host: pr-hdds-1054-fkf2j-3502855176, networkLocation: /default-rack, certSerialId: null}, Type:RATIS, Factor:THREE, State:CLOSED] from datanode 5da997ac-485a-4ae3-a11f-bd7c3a0ad14d{ip: 192.168.5.183, host: pr-hdds-1054-fkf2j-3502855176, networkLocation: /default-rack, certSerialId: null}. Reason : 5da997ac-485a-4ae3-a11f-bd7c3a0ad14d has not seen follower/s 2b9d536e-7082-46d0-bcea-3da9bf5f5d0c for 173491ms 103cee85-d2d3-4069-a903-4a8bed8118d2 for 173492ms
2019-09-16 16:33:18,593 [EventQueue-PipelineActionsForPipelineActionHandler] INFO  pipeline.SCMPipelineManager (SCMPipelineManager.java:finalizeAndDestroyPipeline(311)) - destroying pipeline:Pipeline[ Id: 3ab55fe5-a8b1-4e30-8295-e6c05f8a743b, Nodes: 2b9d536e-7082-46d0-bcea-3da9bf5f5d0c{ip: 192.168.5.183, host: pr-hdds-1054-fkf2j-3502855176, networkLocation: /default-rack, certSerialId: null}103cee85-d2d3-4069-a903-4a8bed8118d2{ip: 192.168.5.183, host: pr-hdds-1054-fkf2j-3502855176, networkLocation: /default-rack, certSerialId: null}5da997ac-485a-4ae3-a11f-bd7c3a0ad14d{ip: 192.168.5.183, host: pr-hdds-1054-fkf2j-3502855176, networkLocation: /default-rack, certSerialId: null}, Type:RATIS, Factor:THREE, State:CLOSED]
2019-09-16 16:33:20,118 [org.apache.ratis.server.impl.LogAppender$AppenderDaemon$$Lambda$486/1268950271@4af917ef] ERROR ratis.XceiverServerRatis (XceiverServerRatis.java:triggerPipelineClose(568)) - pipeline Action CLOSE  on pipeline PipelineID=3ab55fe5-a8b1-4e30-8295-e6c05f8a743b.Reason : 5da997ac-485a-4ae3-a11f-bd7c3a0ad14d has not seen follower/s 2b9d536e-7082-46d0-bcea-3da9bf5f5d0c for 175992ms 103cee85-d2d3-4069-a903-4a8bed8118d2 for 175993ms
2019-09-16 16:33:20,119 [org.apache.ratis.server.impl.LogAppender$AppenderDaemon$$Lambda$486/1268950271@118ee7f7] ERROR ratis.XceiverServerRatis (XceiverServerRatis.java:triggerPipelineClose(568)) - pipeline Action CLOSE  on pipeline PipelineID=3ab55fe5-a8b1-4e30-8295-e6c05f8a743b.Reason : 5da997ac-485a-4ae3-a11f-bd7c3a0ad14d has not seen follower/s 2b9d536e-7082-46d0-bcea-3da9bf5f5d0c for 175993ms 103cee85-d2d3-4069-a903-4a8bed8118d2 for 175994ms
2019-09-16 16:33:20,594 [EventQueue-PipelineActionsForPipelineActionHandler] ERROR pipeline.PipelineActionHandler (PipelineActionHandler.java:onMessage(60)) - Received pipeline action CLOSE for Pipeline[ Id: 3ab55fe5-a8b1-4e30-8295-e6c05f8a743b, Nodes: 2b9d536e-7082-46d0-bcea-3da9bf5f5d0c{ip: 192.168.5.183, host: pr-hdds-1054-fkf2j-3502855176, networkLocation: /default-rack, certSerialId: null}103cee85-d2d3-4069-a903-4a8bed8118d2{ip: 192.168.5.183, host: pr-hdds-1054-fkf2j-3502855176, networkLocation: /default-rack, certSerialId: null}5da997ac-485a-4ae3-a11f-bd7c3a0ad14d{ip: 192.168.5.183, host: pr-hdds-1054-fkf2j-3502855176, networkLocation: /default-rack, certSerialId: null}, Type:RATIS, Factor:THREE, State:CLOSED] from datanode 5da997ac-485a-4ae3-a11f-bd7c3a0ad14d{ip: 192.168.5.183, host: pr-hdds-1054-fkf2j-3502855176, networkLocation: /default-rack, certSerialId: null}. Reason : 5da997ac-485a-4ae3-a11f-bd7c3a0ad14d has not seen follower/s 2b9d536e-7082-46d0-bcea-3da9bf5f5d0c for 175992ms 103cee85-d2d3-4069-a903-4a8bed8118d2 for 175993ms
2019-09-16 16:33:20,594 [EventQueue-PipelineActionsForPipelineActionHandler] INFO  pipeline.SCMPipelineManager (SCMPipelineManager.java:finalizeAndDestroyPipeline(311)) - destroying pipeline:Pipeline[ Id: 3ab55fe5-a8b1-4e30-8295-e6c05f8a743b, Nodes: 2b9d536e-7082-46d0-bcea-3da9bf5f5d0c{ip: 192.168.5.183, host: pr-hdds-1054-fkf2j-3502855176, networkLocation: /default-rack, certSerialId: null}103cee85-d2d3-4069-a903-4a8bed8118d2{ip: 192.168.5.183, host: pr-hdds-1054-fkf2j-3502855176, networkLocation: /default-rack, certSerialId: null}5da997ac-485a-4ae3-a11f-bd7c3a0ad14d{ip: 192.168.5.183, host: pr-hdds-1054-fkf2j-3502855176, networkLocation: /default-rack, certSerialId: null}, Type:RATIS, Factor:THREE, State:CLOSED]
2019-09-16 16:33:20,617 [java.util.concurrent.ThreadPoolExecutor$Worker@25a61ea4[State = -1, empty queue]] WARN  server.GrpcLogAppender (GrpcLogAppender.java:timeoutAppendRequest(200)) - 5da997ac-485a-4ae3-a11f-bd7c3a0ad14d@group-E6C05F8A743B->103cee85-d2d3-4069-a903-4a8bed8118d2-GrpcLogAppender: appendEntries Timeout, request=5da997ac-485a-4ae3-a11f-bd7c3a0ad14d->103cee85-d2d3-4069-a903-4a8bed8118d2#84-t1, previous=(t:1, i:14), leaderCommit=10, initializing? false, entries: <empty>
2019-09-16 16:33:20,618 [java.util.concurrent.ThreadPoolExecutor$Worker@3a533076[State = -1, empty queue]] WARN  server.GrpcLogAppender (GrpcLogAppender.java:timeoutAppendRequest(200)) - 5da997ac-485a-4ae3-a11f-bd7c3a0ad14d@group-E6C05F8A743B->2b9d536e-7082-46d0-bcea-3da9bf5f5d0c-GrpcLogAppender: appendEntries Timeout, request=5da997ac-485a-4ae3-a11f-bd7c3a0ad14d->2b9d536e-7082-46d0-bcea-3da9bf5f5d0c#84-t1, previous=(t:1, i:14), leaderCommit=10, initializing? false, entries: <empty>
2019-09-16 16:33:21,344 [grpc-default-executor-3] INFO  client.GrpcClientProtocolClient (GrpcClientProtocolClient.java:onNext(264)) - client-E18D28BDFE03->103cee85-d2d3-4069-a903-4a8bed8118d2: receive RaftClientReply:client-E18D28BDFE03->103cee85-d2d3-4069-a903-4a8bed8118d2@group-E6C05F8A743B, cid=21, FAILED org.apache.ratis.protocol.NotLeaderException: Server 103cee85-d2d3-4069-a903-4a8bed8118d2@group-E6C05F8A743B is not the leader 5da997ac-485a-4ae3-a11f-bd7c3a0ad14d:192.168.5.183:41252, logIndex=0, commits[103cee85-d2d3-4069-a903-4a8bed8118d2:c10, 2b9d536e-7082-46d0-bcea-3da9bf5f5d0c:c6, 5da997ac-485a-4ae3-a11f-bd7c3a0ad14d:c10]
2019-09-16 16:33:22,619 [org.apache.ratis.server.impl.LogAppender$AppenderDaemon$$Lambda$486/1268950271@4af917ef] ERROR ratis.XceiverServerRatis (XceiverServerRatis.java:triggerPipelineClose(568)) - pipeline Action CLOSE  on pipeline PipelineID=3ab55fe5-a8b1-4e30-8295-e6c05f8a743b.Reason : 5da997ac-485a-4ae3-a11f-bd7c3a0ad14d has not seen follower/s 2b9d536e-7082-46d0-bcea-3da9bf5f5d0c for 178493ms 103cee85-d2d3-4069-a903-4a8bed8118d2 for 178494ms
2019-09-16 16:33:22,620 [org.apache.ratis.server.impl.LogAppender$AppenderDaemon$$Lambda$486/1268950271@118ee7f7] ERROR ratis.XceiverServerRatis (XceiverServerRatis.java:triggerPipelineClose(568)) - pipeline Action CLOSE  on pipeline PipelineID=3ab55fe5-a8b1-4e30-8295-e6c05f8a743b.Reason : 5da997ac-485a-4ae3-a11f-bd7c3a0ad14d has not seen follower/s 2b9d536e-7082-46d0-bcea-3da9bf5f5d0c for 178494ms 103cee85-d2d3-4069-a903-4a8bed8118d2 for 178495ms
2019-09-16 16:33:23,118 [java.util.concurrent.ThreadPoolExecutor$Worker@25a61ea4[State = -1, empty queue]] WARN  server.GrpcLogAppender (GrpcLogAppender.java:timeoutAppendRequest(200)) - 5da997ac-485a-4ae3-a11f-bd7c3a0ad14d@group-E6C05F8A743B->103cee85-d2d3-4069-a903-4a8bed8118d2-GrpcLogAppender: appendEntries Timeout, request=5da997ac-485a-4ae3-a11f-bd7c3a0ad14d->103cee85-d2d3-4069-a903-4a8bed8118d2#85-t1, previous=(t:1, i:14), leaderCommit=10, initializing? false, entries: <empty>
2019-09-16 16:33:23,119 [java.util.concurrent.ThreadPoolExecutor$Worker@3a533076[State = -1, empty queue]] WARN  server.GrpcLogAppender (GrpcLogAppender.java:timeoutAppendRequest(200)) - 5da997ac-485a-4ae3-a11f-bd7c3a0ad14d@group-E6C05F8A743B->2b9d536e-7082-46d0-bcea-3da9bf5f5d0c-GrpcLogAppender: appendEntries Timeout, request=5da997ac-485a-4ae3-a11f-bd7c3a0ad14d->2b9d536e-7082-46d0-bcea-3da9bf5f5d0c#85-t1, previous=(t:1, i:14), leaderCommit=10, initializing? false, entries: <empty>
2019-09-16 16:33:23,595 [EventQueue-PipelineActionsForPipelineActionHandler] ERROR pipeline.PipelineActionHandler (PipelineActionHandler.java:onMessage(60)) - Received pipeline action CLOSE for Pipeline[ Id: 3ab55fe5-a8b1-4e30-8295-e6c05f8a743b, Nodes: 2b9d536e-7082-46d0-bcea-3da9bf5f5d0c{ip: 192.168.5.183, host: pr-hdds-1054-fkf2j-3502855176, networkLocation: /default-rack, certSerialId: null}103cee85-d2d3-4069-a903-4a8bed8118d2{ip: 192.168.5.183, host: pr-hdds-1054-fkf2j-3502855176, networkLocation: /default-rack, certSerialId: null}5da997ac-485a-4ae3-a11f-bd7c3a0ad14d{ip: 192.168.5.183, host: pr-hdds-1054-fkf2j-3502855176, networkLocation: /default-rack, certSerialId: null}, Type:RATIS, Factor:THREE, State:CLOSED] from datanode 5da997ac-485a-4ae3-a11f-bd7c3a0ad14d{ip: 192.168.5.183, host: pr-hdds-1054-fkf2j-3502855176, networkLocation: /default-rack, certSerialId: null}. Reason : 5da997ac-485a-4ae3-a11f-bd7c3a0ad14d has not seen follower/s 2b9d536e-7082-46d0-bcea-3da9bf5f5d0c for 178493ms 103cee85-d2d3-4069-a903-4a8bed8118d2 for 178494ms
2019-09-16 16:33:23,595 [EventQueue-PipelineActionsForPipelineActionHandler] INFO  pipeline.SCMPipelineManager (SCMPipelineManager.java:finalizeAndDestroyPipeline(311)) - destroying pipeline:Pipeline[ Id: 3ab55fe5-a8b1-4e30-8295-e6c05f8a743b, Nodes: 2b9d536e-7082-46d0-bcea-3da9bf5f5d0c{ip: 192.168.5.183, host: pr-hdds-1054-fkf2j-3502855176, networkLocation: /default-rack, certSerialId: null}103cee85-d2d3-4069-a903-4a8bed8118d2{ip: 192.168.5.183, host: pr-hdds-1054-fkf2j-3502855176, networkLocation: /default-rack, certSerialId: null}5da997ac-485a-4ae3-a11f-bd7c3a0ad14d{ip: 192.168.5.183, host: pr-hdds-1054-fkf2j-3502855176, networkLocation: /default-rack, certSerialId: null}, Type:RATIS, Factor:THREE, State:CLOSED]
2019-09-16 16:33:25,121 [org.apache.ratis.server.impl.LogAppender$AppenderDaemon$$Lambda$486/1268950271@118ee7f7] ERROR ratis.XceiverServerRatis (XceiverServerRatis.java:triggerPipelineClose(568)) - pipeline Action CLOSE  on pipeline PipelineID=3ab55fe5-a8b1-4e30-8295-e6c05f8a743b.Reason : 5da997ac-485a-4ae3-a11f-bd7c3a0ad14d has not seen follower/s 2b9d536e-7082-46d0-bcea-3da9bf5f5d0c for 180995ms 103cee85-d2d3-4069-a903-4a8bed8118d2 for 180996ms
2019-09-16 16:33:25,122 [org.apache.ratis.server.impl.LogAppender$AppenderDaemon$$Lambda$486/1268950271@4af917ef] ERROR ratis.XceiverServerRatis (XceiverServerRatis.java:triggerPipelineClose(568)) - pipeline Action CLOSE  on pipeline PipelineID=3ab55fe5-a8b1-4e30-8295-e6c05f8a743b.Reason : 5da997ac-485a-4ae3-a11f-bd7c3a0ad14d has not seen follower/s 2b9d536e-7082-46d0-bcea-3da9bf5f5d0c for 180997ms 103cee85-d2d3-4069-a903-4a8bed8118d2 for 180997ms
2019-09-16 16:33:25,483 [5da997ac-485a-4ae3-a11f-bd7c3a0ad14d@group-E6C05F8A743B-SegmentedRaftLogWorker] WARN  segmented.SegmentedRaftLogWorker (SegmentedRaftLogWorker.java:getFromFuture(90)) - Timeout 17/~
org.apache.ratis.protocol.TimeoutIOException: Timeout 10s: WriteLog:12: (t:1, i:12), STATEMACHINELOGENTRY, client-E18D28BDFE03, cid=22-writeStateMachineData
	at org.apache.ratis.util.IOUtils.getFromFuture(IOUtils.java:87)
	at org.apache.ratis.server.raftlog.segmented.SegmentedRaftLogWorker$StateMachineDataPolicy.getFromFuture(SegmentedRaftLogWorker.java:87)
	at org.apache.ratis.server.raftlog.segmented.SegmentedRaftLogWorker$WriteLog.execute(SegmentedRaftLogWorker.java:477)
	at org.apache.ratis.server.raftlog.segmented.SegmentedRaftLogWorker.run(SegmentedRaftLogWorker.java:289)
	at java.lang.Thread.run(Thread.java:748)
Caused by: java.util.concurrent.TimeoutException
	at java.util.concurrent.CompletableFuture.timedGet(CompletableFuture.java:1771)
	at java.util.concurrent.CompletableFuture.get(CompletableFuture.java:1915)
	at org.apache.ratis.util.IOUtils.getFromFuture(IOUtils.java:79)
	... 4 more
2019-09-16 16:33:25,524 [2b9d536e-7082-46d0-bcea-3da9bf5f5d0c@group-E6C05F8A743B-SegmentedRaftLogWorker] WARN  segmented.SegmentedRaftLogWorker (SegmentedRaftLogWorker.java:getFromFuture(90)) - Timeout 17/~
org.apache.ratis.protocol.TimeoutIOException: Timeout 10s: WriteLog:12: (t:1, i:12), STATEMACHINELOGENTRY, client-E18D28BDFE03, cid=22-writeStateMachineData
	at org.apache.ratis.util.IOUtils.getFromFuture(IOUtils.java:87)
	at org.apache.ratis.server.raftlog.segmented.SegmentedRaftLogWorker$StateMachineDataPolicy.getFromFuture(SegmentedRaftLogWorker.java:87)
	at org.apache.ratis.server.raftlog.segmented.SegmentedRaftLogWorker$WriteLog.execute(SegmentedRaftLogWorker.java:477)
	at org.apache.ratis.server.raftlog.segmented.SegmentedRaftLogWorker.run(SegmentedRaftLogWorker.java:289)
	at java.lang.Thread.run(Thread.java:748)
Caused by: java.util.concurrent.TimeoutException
	at java.util.concurrent.CompletableFuture.timedGet(CompletableFuture.java:1771)
	at java.util.concurrent.CompletableFuture.get(CompletableFuture.java:1915)
	at org.apache.ratis.util.IOUtils.getFromFuture(IOUtils.java:79)
	... 4 more
2019-09-16 16:33:25,527 [103cee85-d2d3-4069-a903-4a8bed8118d2@group-E6C05F8A743B-SegmentedRaftLogWorker] WARN  segmented.SegmentedRaftLogWorker (SegmentedRaftLogWorker.java:getFromFuture(90)) - Timeout 17/~
org.apache.ratis.protocol.TimeoutIOException: Timeout 10s: WriteLog:12: (t:1, i:12), STATEMACHINELOGENTRY, client-E18D28BDFE03, cid=22-writeStateMachineData
	at org.apache.ratis.util.IOUtils.getFromFuture(IOUtils.java:87)
	at org.apache.ratis.server.raftlog.segmented.SegmentedRaftLogWorker$StateMachineDataPolicy.getFromFuture(SegmentedRaftLogWorker.java:87)
	at org.apache.ratis.server.raftlog.segmented.SegmentedRaftLogWorker$WriteLog.execute(SegmentedRaftLogWorker.java:477)
	at org.apache.ratis.server.raftlog.segmented.SegmentedRaftLogWorker.run(SegmentedRaftLogWorker.java:289)
	at java.lang.Thread.run(Thread.java:748)
Caused by: java.util.concurrent.TimeoutException
	at java.util.concurrent.CompletableFuture.timedGet(CompletableFuture.java:1771)
	at java.util.concurrent.CompletableFuture.get(CompletableFuture.java:1915)
	at org.apache.ratis.util.IOUtils.getFromFuture(IOUtils.java:79)
	... 4 more
2019-09-16 16:33:25,595 [EventQueue-PipelineActionsForPipelineActionHandler] ERROR pipeline.PipelineActionHandler (PipelineActionHandler.java:onMessage(60)) - Received pipeline action CLOSE for Pipeline[ Id: 3ab55fe5-a8b1-4e30-8295-e6c05f8a743b, Nodes: 2b9d536e-7082-46d0-bcea-3da9bf5f5d0c{ip: 192.168.5.183, host: pr-hdds-1054-fkf2j-3502855176, networkLocation: /default-rack, certSerialId: null}103cee85-d2d3-4069-a903-4a8bed8118d2{ip: 192.168.5.183, host: pr-hdds-1054-fkf2j-3502855176, networkLocation: /default-rack, certSerialId: null}5da997ac-485a-4ae3-a11f-bd7c3a0ad14d{ip: 192.168.5.183, host: pr-hdds-1054-fkf2j-3502855176, networkLocation: /default-rack, certSerialId: null}, Type:RATIS, Factor:THREE, State:CLOSED] from datanode 5da997ac-485a-4ae3-a11f-bd7c3a0ad14d{ip: 192.168.5.183, host: pr-hdds-1054-fkf2j-3502855176, networkLocation: /default-rack, certSerialId: null}. Reason : 5da997ac-485a-4ae3-a11f-bd7c3a0ad14d has not seen follower/s 2b9d536e-7082-46d0-bcea-3da9bf5f5d0c for 180995ms 103cee85-d2d3-4069-a903-4a8bed8118d2 for 180996ms
2019-09-16 16:33:25,595 [EventQueue-PipelineActionsForPipelineActionHandler] INFO  pipeline.SCMPipelineManager (SCMPipelineManager.java:finalizeAndDestroyPipeline(311)) - destroying pipeline:Pipeline[ Id: 3ab55fe5-a8b1-4e30-8295-e6c05f8a743b, Nodes: 2b9d536e-7082-46d0-bcea-3da9bf5f5d0c{ip: 192.168.5.183, host: pr-hdds-1054-fkf2j-3502855176, networkLocation: /default-rack, certSerialId: null}103cee85-d2d3-4069-a903-4a8bed8118d2{ip: 192.168.5.183, host: pr-hdds-1054-fkf2j-3502855176, networkLocation: /default-rack, certSerialId: null}5da997ac-485a-4ae3-a11f-bd7c3a0ad14d{ip: 192.168.5.183, host: pr-hdds-1054-fkf2j-3502855176, networkLocation: /default-rack, certSerialId: null}, Type:RATIS, Factor:THREE, State:CLOSED]
2019-09-16 16:33:25,619 [java.util.concurrent.ThreadPoolExecutor$Worker@25a61ea4[State = -1, empty queue]] WARN  server.GrpcLogAppender (GrpcLogAppender.java:timeoutAppendRequest(200)) - 5da997ac-485a-4ae3-a11f-bd7c3a0ad14d@group-E6C05F8A743B->103cee85-d2d3-4069-a903-4a8bed8118d2-GrpcLogAppender: appendEntries Timeout, request=5da997ac-485a-4ae3-a11f-bd7c3a0ad14d->103cee85-d2d3-4069-a903-4a8bed8118d2#86-t1, previous=(t:1, i:14), leaderCommit=10, initializing? false, entries: <empty>
2019-09-16 16:33:25,620 [java.util.concurrent.ThreadPoolExecutor$Worker@3a533076[State = -1, empty queue]] WARN  server.GrpcLogAppender (GrpcLogAppender.java:timeoutAppendRequest(200)) - 5da997ac-485a-4ae3-a11f-bd7c3a0ad14d@group-E6C05F8A743B->2b9d536e-7082-46d0-bcea-3da9bf5f5d0c-GrpcLogAppender: appendEntries Timeout, request=5da997ac-485a-4ae3-a11f-bd7c3a0ad14d->2b9d536e-7082-46d0-bcea-3da9bf5f5d0c#86-t1, previous=(t:1, i:14), leaderCommit=10, initializing? false, entries: <empty>
2019-09-16 16:33:26,400 [grpc-default-executor-4] INFO  client.GrpcClientProtocolClient (GrpcClientProtocolClient.java:onNext(264)) - client-E18D28BDFE03->2b9d536e-7082-46d0-bcea-3da9bf5f5d0c: receive RaftClientReply:client-E18D28BDFE03->2b9d536e-7082-46d0-bcea-3da9bf5f5d0c@group-E6C05F8A743B, cid=21, FAILED org.apache.ratis.protocol.NotLeaderException: Server 2b9d536e-7082-46d0-bcea-3da9bf5f5d0c@group-E6C05F8A743B is not the leader 5da997ac-485a-4ae3-a11f-bd7c3a0ad14d:192.168.5.183:41252, logIndex=0, commits[2b9d536e-7082-46d0-bcea-3da9bf5f5d0c:c10, 103cee85-d2d3-4069-a903-4a8bed8118d2:c6, 5da997ac-485a-4ae3-a11f-bd7c3a0ad14d:c10]
2019-09-16 16:33:27,621 [org.apache.ratis.server.impl.LogAppender$AppenderDaemon$$Lambda$486/1268950271@118ee7f7] ERROR ratis.XceiverServerRatis (XceiverServerRatis.java:triggerPipelineClose(568)) - pipeline Action CLOSE  on pipeline PipelineID=3ab55fe5-a8b1-4e30-8295-e6c05f8a743b.Reason : 5da997ac-485a-4ae3-a11f-bd7c3a0ad14d has not seen follower/s 2b9d536e-7082-46d0-bcea-3da9bf5f5d0c for 183496ms 103cee85-d2d3-4069-a903-4a8bed8118d2 for 183496ms
2019-09-16 16:33:27,623 [org.apache.ratis.server.impl.LogAppender$AppenderDaemon$$Lambda$486/1268950271@4af917ef] ERROR ratis.XceiverServerRatis (XceiverServerRatis.java:triggerPipelineClose(568)) - pipeline Action CLOSE  on pipeline PipelineID=3ab55fe5-a8b1-4e30-8295-e6c05f8a743b.Reason : 5da997ac-485a-4ae3-a11f-bd7c3a0ad14d has not seen follower/s 2b9d536e-7082-46d0-bcea-3da9bf5f5d0c for 183497ms 103cee85-d2d3-4069-a903-4a8bed8118d2 for 183498ms
2019-09-16 16:33:28,121 [java.util.concurrent.ThreadPoolExecutor$Worker@3a533076[State = -1, empty queue]] WARN  server.GrpcLogAppender (GrpcLogAppender.java:timeoutAppendRequest(200)) - 5da997ac-485a-4ae3-a11f-bd7c3a0ad14d@group-E6C05F8A743B->2b9d536e-7082-46d0-bcea-3da9bf5f5d0c-GrpcLogAppender: appendEntries Timeout, request=5da997ac-485a-4ae3-a11f-bd7c3a0ad14d->2b9d536e-7082-46d0-bcea-3da9bf5f5d0c#87-t1, previous=(t:1, i:14), leaderCommit=10, initializing? false, entries: <empty>
2019-09-16 16:33:28,122 [java.util.concurrent.ThreadPoolExecutor$Worker@25a61ea4[State = -1, empty queue]] WARN  server.GrpcLogAppender (GrpcLogAppender.java:timeoutAppendRequest(200)) - 5da997ac-485a-4ae3-a11f-bd7c3a0ad14d@group-E6C05F8A743B->103cee85-d2d3-4069-a903-4a8bed8118d2-GrpcLogAppender: appendEntries Timeout, request=5da997ac-485a-4ae3-a11f-bd7c3a0ad14d->103cee85-d2d3-4069-a903-4a8bed8118d2#87-t1, previous=(t:1, i:14), leaderCommit=10, initializing? false, entries: <empty>
2019-09-16 16:33:28,594 [EventQueue-PipelineActionsForPipelineActionHandler] ERROR pipeline.PipelineActionHandler (PipelineActionHandler.java:onMessage(60)) - Received pipeline action CLOSE for Pipeline[ Id: 3ab55fe5-a8b1-4e30-8295-e6c05f8a743b, Nodes: 2b9d536e-7082-46d0-bcea-3da9bf5f5d0c{ip: 192.168.5.183, host: pr-hdds-1054-fkf2j-3502855176, networkLocation: /default-rack, certSerialId: null}103cee85-d2d3-4069-a903-4a8bed8118d2{ip: 192.168.5.183, host: pr-hdds-1054-fkf2j-3502855176, networkLocation: /default-rack, certSerialId: null}5da997ac-485a-4ae3-a11f-bd7c3a0ad14d{ip: 192.168.5.183, host: pr-hdds-1054-fkf2j-3502855176, networkLocation: /default-rack, certSerialId: null}, Type:RATIS, Factor:THREE, State:CLOSED] from datanode 5da997ac-485a-4ae3-a11f-bd7c3a0ad14d{ip: 192.168.5.183, host: pr-hdds-1054-fkf2j-3502855176, networkLocation: /default-rack, certSerialId: null}. Reason : 5da997ac-485a-4ae3-a11f-bd7c3a0ad14d has not seen follower/s 2b9d536e-7082-46d0-bcea-3da9bf5f5d0c for 183496ms 103cee85-d2d3-4069-a903-4a8bed8118d2 for 183496ms
2019-09-16 16:33:28,594 [EventQueue-PipelineActionsForPipelineActionHandler] INFO  pipeline.SCMPipelineManager (SCMPipelineManager.java:finalizeAndDestroyPipeline(311)) - destroying pipeline:Pipeline[ Id: 3ab55fe5-a8b1-4e30-8295-e6c05f8a743b, Nodes: 2b9d536e-7082-46d0-bcea-3da9bf5f5d0c{ip: 192.168.5.183, host: pr-hdds-1054-fkf2j-3502855176, networkLocation: /default-rack, certSerialId: null}103cee85-d2d3-4069-a903-4a8bed8118d2{ip: 192.168.5.183, host: pr-hdds-1054-fkf2j-3502855176, networkLocation: /default-rack, certSerialId: null}5da997ac-485a-4ae3-a11f-bd7c3a0ad14d{ip: 192.168.5.183, host: pr-hdds-1054-fkf2j-3502855176, networkLocation: /default-rack, certSerialId: null}, Type:RATIS, Factor:THREE, State:CLOSED]
2019-09-16 16:33:30,122 [org.apache.ratis.server.impl.LogAppender$AppenderDaemon$$Lambda$486/1268950271@118ee7f7] ERROR ratis.XceiverServerRatis (XceiverServerRatis.java:triggerPipelineClose(568)) - pipeline Action CLOSE  on pipeline PipelineID=3ab55fe5-a8b1-4e30-8295-e6c05f8a743b.Reason : 5da997ac-485a-4ae3-a11f-bd7c3a0ad14d has not seen follower/s 2b9d536e-7082-46d0-bcea-3da9bf5f5d0c for 185997ms 103cee85-d2d3-4069-a903-4a8bed8118d2 for 185997ms
2019-09-16 16:33:30,124 [org.apache.ratis.server.impl.LogAppender$AppenderDaemon$$Lambda$486/1268950271@4af917ef] ERROR ratis.XceiverServerRatis (XceiverServerRatis.java:triggerPipelineClose(568)) - pipeline Action CLOSE  on pipeline PipelineID=3ab55fe5-a8b1-4e30-8295-e6c05f8a743b.Reason : 5da997ac-485a-4ae3-a11f-bd7c3a0ad14d has not seen follower/s 2b9d536e-7082-46d0-bcea-3da9bf5f5d0c for 185998ms 103cee85-d2d3-4069-a903-4a8bed8118d2 for 185999ms
2019-09-16 16:33:30,595 [EventQueue-PipelineActionsForPipelineActionHandler] ERROR pipeline.PipelineActionHandler (PipelineActionHandler.java:onMessage(60)) - Received pipeline action CLOSE for Pipeline[ Id: 3ab55fe5-a8b1-4e30-8295-e6c05f8a743b, Nodes: 2b9d536e-7082-46d0-bcea-3da9bf5f5d0c{ip: 192.168.5.183, host: pr-hdds-1054-fkf2j-3502855176, networkLocation: /default-rack, certSerialId: null}103cee85-d2d3-4069-a903-4a8bed8118d2{ip: 192.168.5.183, host: pr-hdds-1054-fkf2j-3502855176, networkLocation: /default-rack, certSerialId: null}5da997ac-485a-4ae3-a11f-bd7c3a0ad14d{ip: 192.168.5.183, host: pr-hdds-1054-fkf2j-3502855176, networkLocation: /default-rack, certSerialId: null}, Type:RATIS, Factor:THREE, State:CLOSED] from datanode 5da997ac-485a-4ae3-a11f-bd7c3a0ad14d{ip: 192.168.5.183, host: pr-hdds-1054-fkf2j-3502855176, networkLocation: /default-rack, certSerialId: null}. Reason : 5da997ac-485a-4ae3-a11f-bd7c3a0ad14d has not seen follower/s 2b9d536e-7082-46d0-bcea-3da9bf5f5d0c for 185997ms 103cee85-d2d3-4069-a903-4a8bed8118d2 for 185997ms
2019-09-16 16:33:30,595 [EventQueue-PipelineActionsForPipelineActionHandler] INFO  pipeline.SCMPipelineManager (SCMPipelineManager.java:finalizeAndDestroyPipeline(311)) - destroying pipeline:Pipeline[ Id: 3ab55fe5-a8b1-4e30-8295-e6c05f8a743b, Nodes: 2b9d536e-7082-46d0-bcea-3da9bf5f5d0c{ip: 192.168.5.183, host: pr-hdds-1054-fkf2j-3502855176, networkLocation: /default-rack, certSerialId: null}103cee85-d2d3-4069-a903-4a8bed8118d2{ip: 192.168.5.183, host: pr-hdds-1054-fkf2j-3502855176, networkLocation: /default-rack, certSerialId: null}5da997ac-485a-4ae3-a11f-bd7c3a0ad14d{ip: 192.168.5.183, host: pr-hdds-1054-fkf2j-3502855176, networkLocation: /default-rack, certSerialId: null}, Type:RATIS, Factor:THREE, State:CLOSED]
2019-09-16 16:33:30,621 [java.util.concurrent.ThreadPoolExecutor$Worker@3a533076[State = -1, empty queue]] WARN  server.GrpcLogAppender (GrpcLogAppender.java:timeoutAppendRequest(200)) - 5da997ac-485a-4ae3-a11f-bd7c3a0ad14d@group-E6C05F8A743B->2b9d536e-7082-46d0-bcea-3da9bf5f5d0c-GrpcLogAppender: appendEntries Timeout, request=5da997ac-485a-4ae3-a11f-bd7c3a0ad14d->2b9d536e-7082-46d0-bcea-3da9bf5f5d0c#88-t1, previous=(t:1, i:14), leaderCommit=10, initializing? false, entries: <empty>
2019-09-16 16:33:30,623 [java.util.concurrent.ThreadPoolExecutor$Worker@25a61ea4[State = -1, empty queue]] WARN  server.GrpcLogAppender (GrpcLogAppender.java:timeoutAppendRequest(200)) - 5da997ac-485a-4ae3-a11f-bd7c3a0ad14d@group-E6C05F8A743B->103cee85-d2d3-4069-a903-4a8bed8118d2-GrpcLogAppender: appendEntries Timeout, request=5da997ac-485a-4ae3-a11f-bd7c3a0ad14d->103cee85-d2d3-4069-a903-4a8bed8118d2#88-t1, previous=(t:1, i:14), leaderCommit=10, initializing? false, entries: <empty>
2019-09-16 16:33:31,458 [grpc-default-executor-3] INFO  client.GrpcClientProtocolClient (GrpcClientProtocolClient.java:onNext(264)) - client-E18D28BDFE03->103cee85-d2d3-4069-a903-4a8bed8118d2: receive RaftClientReply:client-E18D28BDFE03->103cee85-d2d3-4069-a903-4a8bed8118d2@group-E6C05F8A743B, cid=21, FAILED org.apache.ratis.protocol.NotLeaderException: Server 103cee85-d2d3-4069-a903-4a8bed8118d2@group-E6C05F8A743B is not the leader 5da997ac-485a-4ae3-a11f-bd7c3a0ad14d:192.168.5.183:41252, logIndex=0, commits[103cee85-d2d3-4069-a903-4a8bed8118d2:c10, 2b9d536e-7082-46d0-bcea-3da9bf5f5d0c:c6, 5da997ac-485a-4ae3-a11f-bd7c3a0ad14d:c10]
2019-09-16 16:33:31,527 [grpc-default-executor-4] INFO  impl.RaftServerProxy (RaftServerProxy.java:remove(95)) - 2b9d536e-7082-46d0-bcea-3da9bf5f5d0c: remove  FOLLOWER 2b9d536e-7082-46d0-bcea-3da9bf5f5d0c@group-E6C05F8A743B:t1, leader=5da997ac-485a-4ae3-a11f-bd7c3a0ad14d, voted=2b9d536e-7082-46d0-bcea-3da9bf5f5d0c, raftlog=2b9d536e-7082-46d0-bcea-3da9bf5f5d0c@group-E6C05F8A743B-SegmentedRaftLog:OPENED:c10,f10,i14, conf=0: [2b9d536e-7082-46d0-bcea-3da9bf5f5d0c:192.168.5.183:34589, 103cee85-d2d3-4069-a903-4a8bed8118d2:192.168.5.183:32958, 5da997ac-485a-4ae3-a11f-bd7c3a0ad14d:192.168.5.183:41252], old=null RUNNING
2019-09-16 16:33:31,531 [grpc-default-executor-4] INFO  impl.RaftServerImpl (RaftServerImpl.java:lambda$shutdown$3(251)) - 2b9d536e-7082-46d0-bcea-3da9bf5f5d0c@group-E6C05F8A743B: shutdown
2019-09-16 16:33:31,531 [grpc-default-executor-4] INFO  util.JmxRegister (JmxRegister.java:unregister(73)) - Successfully un-registered JMX Bean with object name Ratis:service=RaftServer,group=group-E6C05F8A743B,id=2b9d536e-7082-46d0-bcea-3da9bf5f5d0c
2019-09-16 16:33:31,531 [grpc-default-executor-4] INFO  impl.RoleInfo (RoleInfo.java:shutdownFollowerState(121)) - 2b9d536e-7082-46d0-bcea-3da9bf5f5d0c: shutdown FollowerState
2019-09-16 16:33:31,532 [grpc-default-executor-4] INFO  impl.StateMachineUpdater (StateMachineUpdater.java:stopAndJoin(125)) - 2b9d536e-7082-46d0-bcea-3da9bf5f5d0c@group-E6C05F8A743B-StateMachineUpdater: set stopIndex = 10
2019-09-16 16:33:31,532 [Thread-315] INFO  impl.FollowerState (FollowerState.java:run(115)) - 2b9d536e-7082-46d0-bcea-3da9bf5f5d0c: FollowerState was interrupted: java.lang.InterruptedException: sleep interrupted
2019-09-16 16:33:31,532 [2b9d536e-7082-46d0-bcea-3da9bf5f5d0c@group-E6C05F8A743B-StateMachineUpdater] INFO  ratis.ContainerStateMachine (ContainerStateMachine.java:takeSnapshot(289)) - group-E6C05F8A743B: Taking a snapshot at:(t:1, i:6) file /workdir/hadoop-ozone/integration-test/target/test-dir/MiniOzoneClusterImpl-c243529b-f19b-491a-9c19-62109b2f5e7f/datanode-1/data/ratis/3ab55fe5-a8b1-4e30-8295-e6c05f8a743b/sm/snapshot.1_6
2019-09-16 16:33:31,568 [2b9d536e-7082-46d0-bcea-3da9bf5f5d0c@group-E6C05F8A743B-StateMachineUpdater] INFO  ratis.ContainerStateMachine (ContainerStateMachine.java:takeSnapshot(300)) - group-E6C05F8A743B: Finished taking a snapshot at:(t:1, i:6) file:/workdir/hadoop-ozone/integration-test/target/test-dir/MiniOzoneClusterImpl-c243529b-f19b-491a-9c19-62109b2f5e7f/datanode-1/data/ratis/3ab55fe5-a8b1-4e30-8295-e6c05f8a743b/sm/snapshot.1_6 time:36
2019-09-16 16:33:31,568 [2b9d536e-7082-46d0-bcea-3da9bf5f5d0c@group-E6C05F8A743B-StateMachineUpdater] INFO  impl.StateMachineUpdater (StateMachineUpdater.java:takeSnapshot(258)) - 2b9d536e-7082-46d0-bcea-3da9bf5f5d0c@group-E6C05F8A743B-StateMachineUpdater: Took a snapshot at index 6
2019-09-16 16:33:31,570 [2b9d536e-7082-46d0-bcea-3da9bf5f5d0c@group-E6C05F8A743B-StateMachineUpdater] INFO  impl.StateMachineUpdater (StateMachineUpdater.java:lambda$new$0(83)) - 2b9d536e-7082-46d0-bcea-3da9bf5f5d0c@group-E6C05F8A743B-StateMachineUpdater: snapshotIndex: updateIncreasingly -1 -> 6
2019-09-16 16:33:31,576 [2b9d536e-7082-46d0-bcea-3da9bf5f5d0c@group-E6C05F8A743B-StateMachineUpdater] INFO  ratis.ContainerStateMachine (ContainerStateMachine.java:takeSnapshot(289)) - group-E6C05F8A743B: Taking a snapshot at:(t:1, i:6) file /workdir/hadoop-ozone/integration-test/target/test-dir/MiniOzoneClusterImpl-c243529b-f19b-491a-9c19-62109b2f5e7f/datanode-1/data/ratis/3ab55fe5-a8b1-4e30-8295-e6c05f8a743b/sm/snapshot.1_6
2019-09-16 16:33:31,608 [2b9d536e-7082-46d0-bcea-3da9bf5f5d0c@group-E6C05F8A743B-StateMachineUpdater] INFO  ratis.ContainerStateMachine (ContainerStateMachine.java:takeSnapshot(300)) - group-E6C05F8A743B: Finished taking a snapshot at:(t:1, i:6) file:/workdir/hadoop-ozone/integration-test/target/test-dir/MiniOzoneClusterImpl-c243529b-f19b-491a-9c19-62109b2f5e7f/datanode-1/data/ratis/3ab55fe5-a8b1-4e30-8295-e6c05f8a743b/sm/snapshot.1_6 time:32
2019-09-16 16:33:31,608 [2b9d536e-7082-46d0-bcea-3da9bf5f5d0c@group-E6C05F8A743B-StateMachineUpdater] INFO  impl.StateMachineUpdater (StateMachineUpdater.java:takeSnapshot(258)) - 2b9d536e-7082-46d0-bcea-3da9bf5f5d0c@group-E6C05F8A743B-StateMachineUpdater: Took a snapshot at index 6
2019-09-16 16:33:31,608 [2b9d536e-7082-46d0-bcea-3da9bf5f5d0c@group-E6C05F8A743B-StateMachineUpdater] INFO  impl.StateMachineUpdater (StateMachineUpdater.java:lambda$new$0(83)) - 2b9d536e-7082-46d0-bcea-3da9bf5f5d0c@group-E6C05F8A743B-StateMachineUpdater: snapshotIndex: updateIncreasingly 6 -> 6
2019-09-16 16:33:31,609 [grpc-default-executor-4] INFO  impl.RaftServerImpl (ServerState.java:close(385)) - 2b9d536e-7082-46d0-bcea-3da9bf5f5d0c@group-E6C05F8A743B: closes. applyIndex: 10
2019-09-16 16:33:31,621 [2b9d536e-7082-46d0-bcea-3da9bf5f5d0c@group-E6C05F8A743B-SegmentedRaftLogWorker] ERROR ratis.XceiverServerRatis (XceiverServerRatis.java:triggerPipelineClose(568)) - pipeline Action CLOSE  on pipeline PipelineID=3ab55fe5-a8b1-4e30-8295-e6c05f8a743b.Reason : WriteLog:12: (t:1, i:12), STATEMACHINELOGENTRY, client-E18D28BDFE03, cid=22-writeStateMachineData interrupted.
2019-09-16 16:33:31,626 [EventQueue-PipelineActionsForPipelineActionHandler] ERROR pipeline.PipelineActionHandler (PipelineActionHandler.java:onMessage(60)) - Received pipeline action CLOSE for Pipeline[ Id: 3ab55fe5-a8b1-4e30-8295-e6c05f8a743b, Nodes: 2b9d536e-7082-46d0-bcea-3da9bf5f5d0c{ip: 192.168.5.183, host: pr-hdds-1054-fkf2j-3502855176, networkLocation: /default-rack, certSerialId: null}103cee85-d2d3-4069-a903-4a8bed8118d2{ip: 192.168.5.183, host: pr-hdds-1054-fkf2j-3502855176, networkLocation: /default-rack, certSerialId: null}5da997ac-485a-4ae3-a11f-bd7c3a0ad14d{ip: 192.168.5.183, host: pr-hdds-1054-fkf2j-3502855176, networkLocation: /default-rack, certSerialId: null}, Type:RATIS, Factor:THREE, State:CLOSED] from datanode 2b9d536e-7082-46d0-bcea-3da9bf5f5d0c{ip: 192.168.5.183, host: pr-hdds-1054-fkf2j-3502855176, networkLocation: /default-rack, certSerialId: null}. Reason : WriteLog:12: (t:1, i:12), STATEMACHINELOGENTRY, client-E18D28BDFE03, cid=22-writeStateMachineData interrupted.
2019-09-16 16:33:31,626 [EventQueue-PipelineActionsForPipelineActionHandler] INFO  pipeline.SCMPipelineManager (SCMPipelineManager.java:finalizeAndDestroyPipeline(311)) - destroying pipeline:Pipeline[ Id: 3ab55fe5-a8b1-4e30-8295-e6c05f8a743b, Nodes: 2b9d536e-7082-46d0-bcea-3da9bf5f5d0c{ip: 192.168.5.183, host: pr-hdds-1054-fkf2j-3502855176, networkLocation: /default-rack, certSerialId: null}103cee85-d2d3-4069-a903-4a8bed8118d2{ip: 192.168.5.183, host: pr-hdds-1054-fkf2j-3502855176, networkLocation: /default-rack, certSerialId: null}5da997ac-485a-4ae3-a11f-bd7c3a0ad14d{ip: 192.168.5.183, host: pr-hdds-1054-fkf2j-3502855176, networkLocation: /default-rack, certSerialId: null}, Type:RATIS, Factor:THREE, State:CLOSED]
2019-09-16 16:33:31,635 [grpc-default-executor-4] INFO  segmented.SegmentedRaftLogWorker (SegmentedRaftLogWorker.java:close(228)) - 2b9d536e-7082-46d0-bcea-3da9bf5f5d0c@group-E6C05F8A743B-SegmentedRaftLogWorker close()
2019-09-16 16:33:31,655 [grpc-default-executor-4] INFO  interfaces.Container (KeyValueContainer.java:flushAndSyncDB(386)) - Container 2 is synced with bcsId 6.
2019-09-16 16:33:31,655 [grpc-default-executor-4] INFO  interfaces.Container (KeyValueContainer.java:flushAndSyncDB(386)) - Container 2 is synced with bcsId 6.
2019-09-16 16:33:31,684 [EventQueue-IncrementalContainerReportForIncrementalContainerReportHandler] INFO  container.IncrementalContainerReportHandler (AbstractContainerReportHandler.java:updateContainerState(169)) - Moving container #2 to QUASI_CLOSED state, datanode 2b9d536e-7082-46d0-bcea-3da9bf5f5d0c{ip: 192.168.5.183, host: pr-hdds-1054-fkf2j-3502855176, networkLocation: /default-rack, certSerialId: null} reported QUASI_CLOSED replica.
2019-09-16 16:33:31,763 [grpc-default-executor-4] INFO  interfaces.Container (KeyValueContainer.java:flushAndSyncDB(386)) - Container 3 is synced with bcsId 0.
2019-09-16 16:33:31,763 [grpc-default-executor-4] INFO  interfaces.Container (KeyValueContainer.java:flushAndSyncDB(386)) - Container 3 is synced with bcsId 0.
2019-09-16 16:33:31,861 [EventQueue-IncrementalContainerReportForIncrementalContainerReportHandler] INFO  container.IncrementalContainerReportHandler (AbstractContainerReportHandler.java:updateContainerState(169)) - Moving container #3 to QUASI_CLOSED state, datanode 2b9d536e-7082-46d0-bcea-3da9bf5f5d0c{ip: 192.168.5.183, host: pr-hdds-1054-fkf2j-3502855176, networkLocation: /default-rack, certSerialId: null} reported QUASI_CLOSED replica.
2019-09-16 16:33:31,868 [grpc-default-executor-4] INFO  impl.RaftServerProxy (RaftServerProxy.java:remove(95)) - 103cee85-d2d3-4069-a903-4a8bed8118d2: remove  FOLLOWER 103cee85-d2d3-4069-a903-4a8bed8118d2@group-E6C05F8A743B:t1, leader=5da997ac-485a-4ae3-a11f-bd7c3a0ad14d, voted=5da997ac-485a-4ae3-a11f-bd7c3a0ad14d, raftlog=103cee85-d2d3-4069-a903-4a8bed8118d2@group-E6C05F8A743B-SegmentedRaftLog:OPENED:c10,f10,i14, conf=0: [2b9d536e-7082-46d0-bcea-3da9bf5f5d0c:192.168.5.183:34589, 103cee85-d2d3-4069-a903-4a8bed8118d2:192.168.5.183:32958, 5da997ac-485a-4ae3-a11f-bd7c3a0ad14d:192.168.5.183:41252], old=null RUNNING
2019-09-16 16:33:31,868 [grpc-default-executor-4] INFO  impl.RaftServerImpl (RaftServerImpl.java:lambda$shutdown$3(251)) - 103cee85-d2d3-4069-a903-4a8bed8118d2@group-E6C05F8A743B: shutdown
2019-09-16 16:33:31,868 [grpc-default-executor-4] INFO  util.JmxRegister (JmxRegister.java:unregister(73)) - Successfully un-registered JMX Bean with object name Ratis:service=RaftServer,group=group-E6C05F8A743B,id=103cee85-d2d3-4069-a903-4a8bed8118d2
2019-09-16 16:33:31,868 [grpc-default-executor-4] INFO  impl.RoleInfo (RoleInfo.java:shutdownFollowerState(121)) - 103cee85-d2d3-4069-a903-4a8bed8118d2: shutdown FollowerState
2019-09-16 16:33:31,869 [grpc-default-executor-4] INFO  impl.StateMachineUpdater (StateMachineUpdater.java:stopAndJoin(125)) - 103cee85-d2d3-4069-a903-4a8bed8118d2@group-E6C05F8A743B-StateMachineUpdater: set stopIndex = 10
2019-09-16 16:33:31,869 [103cee85-d2d3-4069-a903-4a8bed8118d2@group-E6C05F8A743B-StateMachineUpdater] INFO  ratis.ContainerStateMachine (ContainerStateMachine.java:takeSnapshot(289)) - group-E6C05F8A743B: Taking a snapshot at:(t:1, i:6) file /workdir/hadoop-ozone/integration-test/target/test-dir/MiniOzoneClusterImpl-c243529b-f19b-491a-9c19-62109b2f5e7f/datanode-0/data/ratis/3ab55fe5-a8b1-4e30-8295-e6c05f8a743b/sm/snapshot.1_6
2019-09-16 16:33:31,869 [Thread-311] INFO  impl.FollowerState (FollowerState.java:run(115)) - 103cee85-d2d3-4069-a903-4a8bed8118d2: FollowerState was interrupted: java.lang.InterruptedException: sleep interrupted
2019-09-16 16:33:31,908 [103cee85-d2d3-4069-a903-4a8bed8118d2@group-E6C05F8A743B-StateMachineUpdater] INFO  ratis.ContainerStateMachine (ContainerStateMachine.java:takeSnapshot(300)) - group-E6C05F8A743B: Finished taking a snapshot at:(t:1, i:6) file:/workdir/hadoop-ozone/integration-test/target/test-dir/MiniOzoneClusterImpl-c243529b-f19b-491a-9c19-62109b2f5e7f/datanode-0/data/ratis/3ab55fe5-a8b1-4e30-8295-e6c05f8a743b/sm/snapshot.1_6 time:39
2019-09-16 16:33:31,908 [103cee85-d2d3-4069-a903-4a8bed8118d2@group-E6C05F8A743B-StateMachineUpdater] INFO  impl.StateMachineUpdater (StateMachineUpdater.java:takeSnapshot(258)) - 103cee85-d2d3-4069-a903-4a8bed8118d2@group-E6C05F8A743B-StateMachineUpdater: Took a snapshot at index 6
2019-09-16 16:33:31,908 [103cee85-d2d3-4069-a903-4a8bed8118d2@group-E6C05F8A743B-StateMachineUpdater] INFO  impl.StateMachineUpdater (StateMachineUpdater.java:lambda$new$0(83)) - 103cee85-d2d3-4069-a903-4a8bed8118d2@group-E6C05F8A743B-StateMachineUpdater: snapshotIndex: updateIncreasingly -1 -> 6
2019-09-16 16:33:31,908 [103cee85-d2d3-4069-a903-4a8bed8118d2@group-E6C05F8A743B-StateMachineUpdater] INFO  ratis.ContainerStateMachine (ContainerStateMachine.java:takeSnapshot(289)) - group-E6C05F8A743B: Taking a snapshot at:(t:1, i:6) file /workdir/hadoop-ozone/integration-test/target/test-dir/MiniOzoneClusterImpl-c243529b-f19b-491a-9c19-62109b2f5e7f/datanode-0/data/ratis/3ab55fe5-a8b1-4e30-8295-e6c05f8a743b/sm/snapshot.1_6
2019-09-16 16:33:31,945 [103cee85-d2d3-4069-a903-4a8bed8118d2@group-E6C05F8A743B-StateMachineUpdater] INFO  ratis.ContainerStateMachine (ContainerStateMachine.java:takeSnapshot(300)) - group-E6C05F8A743B: Finished taking a snapshot at:(t:1, i:6) file:/workdir/hadoop-ozone/integration-test/target/test-dir/MiniOzoneClusterImpl-c243529b-f19b-491a-9c19-62109b2f5e7f/datanode-0/data/ratis/3ab55fe5-a8b1-4e30-8295-e6c05f8a743b/sm/snapshot.1_6 time:37
2019-09-16 16:33:31,946 [103cee85-d2d3-4069-a903-4a8bed8118d2@group-E6C05F8A743B-StateMachineUpdater] INFO  impl.StateMachineUpdater (StateMachineUpdater.java:takeSnapshot(258)) - 103cee85-d2d3-4069-a903-4a8bed8118d2@group-E6C05F8A743B-StateMachineUpdater: Took a snapshot at index 6
2019-09-16 16:33:31,946 [103cee85-d2d3-4069-a903-4a8bed8118d2@group-E6C05F8A743B-StateMachineUpdater] INFO  impl.StateMachineUpdater (StateMachineUpdater.java:lambda$new$0(83)) - 103cee85-d2d3-4069-a903-4a8bed8118d2@group-E6C05F8A743B-StateMachineUpdater: snapshotIndex: updateIncreasingly 6 -> 6
2019-09-16 16:33:31,946 [grpc-default-executor-4] INFO  impl.RaftServerImpl (ServerState.java:close(385)) - 103cee85-d2d3-4069-a903-4a8bed8118d2@group-E6C05F8A743B: closes. applyIndex: 10
2019-09-16 16:33:31,947 [103cee85-d2d3-4069-a903-4a8bed8118d2@group-E6C05F8A743B-SegmentedRaftLogWorker] ERROR ratis.XceiverServerRatis (XceiverServerRatis.java:triggerPipelineClose(568)) - pipeline Action CLOSE  on pipeline PipelineID=3ab55fe5-a8b1-4e30-8295-e6c05f8a743b.Reason : WriteLog:12: (t:1, i:12), STATEMACHINELOGENTRY, client-E18D28BDFE03, cid=22-writeStateMachineData interrupted.
2019-09-16 16:33:31,953 [EventQueue-PipelineActionsForPipelineActionHandler] ERROR pipeline.PipelineActionHandler (PipelineActionHandler.java:onMessage(60)) - Received pipeline action CLOSE for Pipeline[ Id: 3ab55fe5-a8b1-4e30-8295-e6c05f8a743b, Nodes: 2b9d536e-7082-46d0-bcea-3da9bf5f5d0c{ip: 192.168.5.183, host: pr-hdds-1054-fkf2j-3502855176, networkLocation: /default-rack, certSerialId: null}103cee85-d2d3-4069-a903-4a8bed8118d2{ip: 192.168.5.183, host: pr-hdds-1054-fkf2j-3502855176, networkLocation: /default-rack, certSerialId: null}5da997ac-485a-4ae3-a11f-bd7c3a0ad14d{ip: 192.168.5.183, host: pr-hdds-1054-fkf2j-3502855176, networkLocation: /default-rack, certSerialId: null}, Type:RATIS, Factor:THREE, State:CLOSED] from datanode 103cee85-d2d3-4069-a903-4a8bed8118d2{ip: 192.168.5.183, host: pr-hdds-1054-fkf2j-3502855176, networkLocation: /default-rack, certSerialId: null}. Reason : WriteLog:12: (t:1, i:12), STATEMACHINELOGENTRY, client-E18D28BDFE03, cid=22-writeStateMachineData interrupted.
2019-09-16 16:33:31,953 [EventQueue-PipelineActionsForPipelineActionHandler] INFO  pipeline.SCMPipelineManager (SCMPipelineManager.java:finalizeAndDestroyPipeline(311)) - destroying pipeline:Pipeline[ Id: 3ab55fe5-a8b1-4e30-8295-e6c05f8a743b, Nodes: 2b9d536e-7082-46d0-bcea-3da9bf5f5d0c{ip: 192.168.5.183, host: pr-hdds-1054-fkf2j-3502855176, networkLocation: /default-rack, certSerialId: null}103cee85-d2d3-4069-a903-4a8bed8118d2{ip: 192.168.5.183, host: pr-hdds-1054-fkf2j-3502855176, networkLocation: /default-rack, certSerialId: null}5da997ac-485a-4ae3-a11f-bd7c3a0ad14d{ip: 192.168.5.183, host: pr-hdds-1054-fkf2j-3502855176, networkLocation: /default-rack, certSerialId: null}, Type:RATIS, Factor:THREE, State:CLOSED]
2019-09-16 16:33:31,956 [grpc-default-executor-4] INFO  segmented.SegmentedRaftLogWorker (SegmentedRaftLogWorker.java:close(228)) - 103cee85-d2d3-4069-a903-4a8bed8118d2@group-E6C05F8A743B-SegmentedRaftLogWorker close()
2019-09-16 16:33:31,971 [grpc-default-executor-4] INFO  interfaces.Container (KeyValueContainer.java:flushAndSyncDB(386)) - Container 2 is synced with bcsId 6.
2019-09-16 16:33:31,971 [grpc-default-executor-4] INFO  interfaces.Container (KeyValueContainer.java:flushAndSyncDB(386)) - Container 2 is synced with bcsId 6.
2019-09-16 16:33:32,127 [grpc-default-executor-4] INFO  interfaces.Container (KeyValueContainer.java:flushAndSyncDB(386)) - Container 3 is synced with bcsId 0.
2019-09-16 16:33:32,128 [grpc-default-executor-4] INFO  interfaces.Container (KeyValueContainer.java:flushAndSyncDB(386)) - Container 3 is synced with bcsId 0.
2019-09-16 16:33:32,161 [grpc-default-executor-4] INFO  impl.RaftServerProxy (RaftServerProxy.java:remove(95)) - 5da997ac-485a-4ae3-a11f-bd7c3a0ad14d: remove    LEADER 5da997ac-485a-4ae3-a11f-bd7c3a0ad14d@group-E6C05F8A743B:t1, leader=5da997ac-485a-4ae3-a11f-bd7c3a0ad14d, voted=5da997ac-485a-4ae3-a11f-bd7c3a0ad14d, raftlog=5da997ac-485a-4ae3-a11f-bd7c3a0ad14d@group-E6C05F8A743B-SegmentedRaftLog:OPENED:c10,f10,i14, conf=0: [2b9d536e-7082-46d0-bcea-3da9bf5f5d0c:192.168.5.183:34589, 103cee85-d2d3-4069-a903-4a8bed8118d2:192.168.5.183:32958, 5da997ac-485a-4ae3-a11f-bd7c3a0ad14d:192.168.5.183:41252], old=null RUNNING
2019-09-16 16:33:32,161 [grpc-default-executor-4] INFO  impl.RaftServerImpl (RaftServerImpl.java:lambda$shutdown$3(251)) - 5da997ac-485a-4ae3-a11f-bd7c3a0ad14d@group-E6C05F8A743B: shutdown
2019-09-16 16:33:32,161 [grpc-default-executor-4] INFO  util.JmxRegister (JmxRegister.java:unregister(73)) - Successfully un-registered JMX Bean with object name Ratis:service=RaftServer,group=group-E6C05F8A743B,id=5da997ac-485a-4ae3-a11f-bd7c3a0ad14d
2019-09-16 16:33:32,162 [grpc-default-executor-4] INFO  impl.RoleInfo (RoleInfo.java:shutdownLeaderState(104)) - 5da997ac-485a-4ae3-a11f-bd7c3a0ad14d: shutdown LeaderState
2019-09-16 16:33:32,166 [org.apache.ratis.server.impl.LogAppender$AppenderDaemon$$Lambda$486/1268950271@118ee7f7] WARN  server.GrpcLogAppender (GrpcLogAppender.java:mayWait(143)) - 5da997ac-485a-4ae3-a11f-bd7c3a0ad14d@group-E6C05F8A743B->2b9d536e-7082-46d0-bcea-3da9bf5f5d0c-GrpcLogAppender: Wait interrupted by java.lang.InterruptedException
2019-09-16 16:33:32,167 [grpc-default-executor-4] INFO  impl.PendingRequests (PendingRequests.java:sendNotLeaderResponses(202)) - 5da997ac-485a-4ae3-a11f-bd7c3a0ad14d-PendingRequests: sendNotLeaderResponses
2019-09-16 16:33:32,166 [org.apache.ratis.server.impl.LogAppender$AppenderDaemon$$Lambda$486/1268950271@4af917ef] WARN  server.GrpcLogAppender (GrpcLogAppender.java:mayWait(143)) - 5da997ac-485a-4ae3-a11f-bd7c3a0ad14d@group-E6C05F8A743B->103cee85-d2d3-4069-a903-4a8bed8118d2-GrpcLogAppender: Wait interrupted by java.lang.InterruptedException
2019-09-16 16:33:32,169 [grpc-default-executor-3] INFO  server.GrpcServerProtocolService (GrpcServerProtocolService.java:onCompleted(113)) - 2b9d536e-7082-46d0-bcea-3da9bf5f5d0c: Completed APPEND_ENTRIES, lastRequest: 5da997ac-485a-4ae3-a11f-bd7c3a0ad14d->2b9d536e-7082-46d0-bcea-3da9bf5f5d0c#89-t1, previous=(t:1, i:14), leaderCommit=10, initializing? false, entries: <empty>
2019-09-16 16:33:32,169 [grpc-default-executor-2] INFO  server.GrpcServerProtocolService (GrpcServerProtocolService.java:onCompleted(113)) - 103cee85-d2d3-4069-a903-4a8bed8118d2: Completed APPEND_ENTRIES, lastRequest: 5da997ac-485a-4ae3-a11f-bd7c3a0ad14d->103cee85-d2d3-4069-a903-4a8bed8118d2#89-t1, previous=(t:1, i:14), leaderCommit=10, initializing? false, entries: <empty>
2019-09-16 16:33:32,171 [grpc-default-executor-2] INFO  server.GrpcLogAppender (GrpcLogAppender.java:onCompleted(293)) - 5da997ac-485a-4ae3-a11f-bd7c3a0ad14d@group-E6C05F8A743B->2b9d536e-7082-46d0-bcea-3da9bf5f5d0c-AppendLogResponseHandler: follower responses appendEntries COMPLETED
2019-09-16 16:33:32,172 [grpc-default-executor-3] INFO  server.GrpcLogAppender (GrpcLogAppender.java:onCompleted(293)) - 5da997ac-485a-4ae3-a11f-bd7c3a0ad14d@group-E6C05F8A743B->103cee85-d2d3-4069-a903-4a8bed8118d2-AppendLogResponseHandler: follower responses appendEntries COMPLETED
2019-09-16 16:33:32,173 [grpc-default-executor-2] INFO  impl.FollowerInfo (FollowerInfo.java:lambda$new$0(51)) - 5da997ac-485a-4ae3-a11f-bd7c3a0ad14d@group-E6C05F8A743B->2b9d536e-7082-46d0-bcea-3da9bf5f5d0c: nextIndex: updateUnconditionally 15 -> 11
2019-09-16 16:33:32,173 [grpc-default-executor-3] INFO  impl.FollowerInfo (FollowerInfo.java:lambda$new$0(51)) - 5da997ac-485a-4ae3-a11f-bd7c3a0ad14d@group-E6C05F8A743B->103cee85-d2d3-4069-a903-4a8bed8118d2: nextIndex: updateUnconditionally 15 -> 11
2019-09-16 16:33:32,181 [grpc-default-executor-4] INFO  impl.StateMachineUpdater (StateMachineUpdater.java:stopAndJoin(125)) - 5da997ac-485a-4ae3-a11f-bd7c3a0ad14d@group-E6C05F8A743B-StateMachineUpdater: set stopIndex = 10
2019-09-16 16:33:32,185 [5da997ac-485a-4ae3-a11f-bd7c3a0ad14d@group-E6C05F8A743B-StateMachineUpdater] INFO  ratis.ContainerStateMachine (ContainerStateMachine.java:takeSnapshot(289)) - group-E6C05F8A743B: Taking a snapshot at:(t:1, i:10) file /workdir/hadoop-ozone/integration-test/target/test-dir/MiniOzoneClusterImpl-c243529b-f19b-491a-9c19-62109b2f5e7f/datanode-2/data/ratis/3ab55fe5-a8b1-4e30-8295-e6c05f8a743b/sm/snapshot.1_10
2019-09-16 16:33:32,202 [Command processor thread] ERROR commandhandler.CloseContainerCommandHandler (CloseContainerCommandHandler.java:handle(125)) - Can't close container #3
java.io.IOException: org.apache.ratis.protocol.GroupMismatchException: 5da997ac-485a-4ae3-a11f-bd7c3a0ad14d: group-E6C05F8A743B not found.
	at org.apache.hadoop.ozone.container.common.transport.server.ratis.XceiverServerRatis.submitRequest(XceiverServerRatis.java:495)
	at org.apache.hadoop.ozone.container.common.statemachine.commandhandler.CloseContainerCommandHandler.handle(CloseContainerCommandHandler.java:102)
	at org.apache.hadoop.ozone.container.common.statemachine.commandhandler.CommandDispatcher.handle(CommandDispatcher.java:99)
	at org.apache.hadoop.ozone.container.common.statemachine.DatanodeStateMachine.lambda$initCommandHandlerThread$1(DatanodeStateMachine.java:432)
	at java.lang.Thread.run(Thread.java:748)
Caused by: java.util.concurrent.ExecutionException: org.apache.ratis.protocol.GroupMismatchException: 5da997ac-485a-4ae3-a11f-bd7c3a0ad14d: group-E6C05F8A743B not found.
	at java.util.concurrent.CompletableFuture.reportGet(CompletableFuture.java:357)
	at java.util.concurrent.CompletableFuture.get(CompletableFuture.java:1895)
	at org.apache.hadoop.ozone.container.common.transport.server.ratis.XceiverServerRatis.submitRequest(XceiverServerRatis.java:493)
	... 4 more
Caused by: org.apache.ratis.protocol.GroupMismatchException: 5da997ac-485a-4ae3-a11f-bd7c3a0ad14d: group-E6C05F8A743B not found.
	at org.apache.ratis.server.impl.RaftServerProxy$ImplMap.get(RaftServerProxy.java:122)
	at org.apache.ratis.server.impl.RaftServerProxy.getImplFuture(RaftServerProxy.java:269)
	at org.apache.ratis.server.impl.RaftServerProxy.submitRequest(RaftServerProxy.java:327)
	at org.apache.ratis.server.impl.RaftServerProxy.submitClientRequestAsync(RaftServerProxy.java:333)
	... 5 more
2019-09-16 16:33:32,233 [5da997ac-485a-4ae3-a11f-bd7c3a0ad14d@group-E6C05F8A743B-StateMachineUpdater] INFO  ratis.ContainerStateMachine (ContainerStateMachine.java:takeSnapshot(300)) - group-E6C05F8A743B: Finished taking a snapshot at:(t:1, i:10) file:/workdir/hadoop-ozone/integration-test/target/test-dir/MiniOzoneClusterImpl-c243529b-f19b-491a-9c19-62109b2f5e7f/datanode-2/data/ratis/3ab55fe5-a8b1-4e30-8295-e6c05f8a743b/sm/snapshot.1_10 time:49
2019-09-16 16:33:32,233 [5da997ac-485a-4ae3-a11f-bd7c3a0ad14d@group-E6C05F8A743B-StateMachineUpdater] INFO  impl.StateMachineUpdater (StateMachineUpdater.java:takeSnapshot(258)) - 5da997ac-485a-4ae3-a11f-bd7c3a0ad14d@group-E6C05F8A743B-StateMachineUpdater: Took a snapshot at index 10
2019-09-16 16:33:32,233 [5da997ac-485a-4ae3-a11f-bd7c3a0ad14d@group-E6C05F8A743B-StateMachineUpdater] INFO  impl.StateMachineUpdater (StateMachineUpdater.java:lambda$new$0(83)) - 5da997ac-485a-4ae3-a11f-bd7c3a0ad14d@group-E6C05F8A743B-StateMachineUpdater: snapshotIndex: updateIncreasingly -1 -> 10
2019-09-16 16:33:32,233 [grpc-default-executor-4] INFO  impl.RaftServerImpl (ServerState.java:close(385)) - 5da997ac-485a-4ae3-a11f-bd7c3a0ad14d@group-E6C05F8A743B: closes. applyIndex: 10
2019-09-16 16:33:32,234 [5da997ac-485a-4ae3-a11f-bd7c3a0ad14d@group-E6C05F8A743B-SegmentedRaftLogWorker] ERROR ratis.XceiverServerRatis (XceiverServerRatis.java:triggerPipelineClose(568)) - pipeline Action CLOSE  on pipeline PipelineID=3ab55fe5-a8b1-4e30-8295-e6c05f8a743b.Reason : WriteLog:12: (t:1, i:12), STATEMACHINELOGENTRY, client-E18D28BDFE03, cid=22-writeStateMachineData interrupted.
2019-09-16 16:33:32,237 [EventQueue-PipelineActionsForPipelineActionHandler] ERROR pipeline.PipelineActionHandler (PipelineActionHandler.java:onMessage(60)) - Received pipeline action CLOSE for Pipeline[ Id: 3ab55fe5-a8b1-4e30-8295-e6c05f8a743b, Nodes: 2b9d536e-7082-46d0-bcea-3da9bf5f5d0c{ip: 192.168.5.183, host: pr-hdds-1054-fkf2j-3502855176, networkLocation: /default-rack, certSerialId: null}103cee85-d2d3-4069-a903-4a8bed8118d2{ip: 192.168.5.183, host: pr-hdds-1054-fkf2j-3502855176, networkLocation: /default-rack, certSerialId: null}5da997ac-485a-4ae3-a11f-bd7c3a0ad14d{ip: 192.168.5.183, host: pr-hdds-1054-fkf2j-3502855176, networkLocation: /default-rack, certSerialId: null}, Type:RATIS, Factor:THREE, State:CLOSED] from datanode 5da997ac-485a-4ae3-a11f-bd7c3a0ad14d{ip: 192.168.5.183, host: pr-hdds-1054-fkf2j-3502855176, networkLocation: /default-rack, certSerialId: null}. Reason : WriteLog:12: (t:1, i:12), STATEMACHINELOGENTRY, client-E18D28BDFE03, cid=22-writeStateMachineData interrupted.
2019-09-16 16:33:32,237 [EventQueue-PipelineActionsForPipelineActionHandler] INFO  pipeline.SCMPipelineManager (SCMPipelineManager.java:finalizeAndDestroyPipeline(311)) - destroying pipeline:Pipeline[ Id: 3ab55fe5-a8b1-4e30-8295-e6c05f8a743b, Nodes: 2b9d536e-7082-46d0-bcea-3da9bf5f5d0c{ip: 192.168.5.183, host: pr-hdds-1054-fkf2j-3502855176, networkLocation: /default-rack, certSerialId: null}103cee85-d2d3-4069-a903-4a8bed8118d2{ip: 192.168.5.183, host: pr-hdds-1054-fkf2j-3502855176, networkLocation: /default-rack, certSerialId: null}5da997ac-485a-4ae3-a11f-bd7c3a0ad14d{ip: 192.168.5.183, host: pr-hdds-1054-fkf2j-3502855176, networkLocation: /default-rack, certSerialId: null}, Type:RATIS, Factor:THREE, State:CLOSED]
2019-09-16 16:33:32,253 [grpc-default-executor-4] INFO  segmented.SegmentedRaftLogWorker (SegmentedRaftLogWorker.java:close(228)) - 5da997ac-485a-4ae3-a11f-bd7c3a0ad14d@group-E6C05F8A743B-SegmentedRaftLogWorker close()
2019-09-16 16:33:32,275 [grpc-default-executor-4] INFO  interfaces.Container (KeyValueContainer.java:flushAndSyncDB(386)) - Container 2 is synced with bcsId 6.
2019-09-16 16:33:32,275 [grpc-default-executor-4] INFO  interfaces.Container (KeyValueContainer.java:flushAndSyncDB(386)) - Container 2 is synced with bcsId 6.
2019-09-16 16:33:32,387 [grpc-default-executor-4] INFO  interfaces.Container (KeyValueContainer.java:flushAndSyncDB(386)) - Container 3 is synced with bcsId 0.
2019-09-16 16:33:32,387 [grpc-default-executor-4] INFO  interfaces.Container (KeyValueContainer.java:flushAndSyncDB(386)) - Container 3 is synced with bcsId 0.
2019-09-16 16:33:32,415 [RatisPipelineUtilsThread] INFO  pipeline.PipelineStateManager (PipelineStateManager.java:removePipeline(108)) - Pipeline Pipeline[ Id: 3ab55fe5-a8b1-4e30-8295-e6c05f8a743b, Nodes: 2b9d536e-7082-46d0-bcea-3da9bf5f5d0c{ip: 192.168.5.183, host: pr-hdds-1054-fkf2j-3502855176, networkLocation: /default-rack, certSerialId: null}103cee85-d2d3-4069-a903-4a8bed8118d2{ip: 192.168.5.183, host: pr-hdds-1054-fkf2j-3502855176, networkLocation: /default-rack, certSerialId: null}5da997ac-485a-4ae3-a11f-bd7c3a0ad14d{ip: 192.168.5.183, host: pr-hdds-1054-fkf2j-3502855176, networkLocation: /default-rack, certSerialId: null}, Type:RATIS, Factor:THREE, State:CLOSED] removed from db
2019-09-16 16:33:32,430 [grpc-default-executor-4] INFO  impl.RaftServerProxy (RaftServerProxy.java:addNew(89)) - 103cee85-d2d3-4069-a903-4a8bed8118d2: addNew group-EFD673A008FB:[2b9d536e-7082-46d0-bcea-3da9bf5f5d0c:192.168.5.183:34589, 103cee85-d2d3-4069-a903-4a8bed8118d2:192.168.5.183:32958, 5da997ac-485a-4ae3-a11f-bd7c3a0ad14d:192.168.5.183:41252] returns group-EFD673A008FB:java.util.concurrent.CompletableFuture@1a5fc3a1[Not completed]
2019-09-16 16:33:32,434 [grpc-default-executor-2] INFO  impl.RaftServerProxy (RaftServerProxy.java:addNew(89)) - 5da997ac-485a-4ae3-a11f-bd7c3a0ad14d: addNew group-EFD673A008FB:[2b9d536e-7082-46d0-bcea-3da9bf5f5d0c:192.168.5.183:34589, 103cee85-d2d3-4069-a903-4a8bed8118d2:192.168.5.183:32958, 5da997ac-485a-4ae3-a11f-bd7c3a0ad14d:192.168.5.183:41252] returns group-EFD673A008FB:java.util.concurrent.CompletableFuture@73fedb2e[Not completed]
2019-09-16 16:33:32,434 [grpc-default-executor-3] INFO  impl.RaftServerProxy (RaftServerProxy.java:addNew(89)) - 2b9d536e-7082-46d0-bcea-3da9bf5f5d0c: addNew group-EFD673A008FB:[2b9d536e-7082-46d0-bcea-3da9bf5f5d0c:192.168.5.183:34589, 103cee85-d2d3-4069-a903-4a8bed8118d2:192.168.5.183:32958, 5da997ac-485a-4ae3-a11f-bd7c3a0ad14d:192.168.5.183:41252] returns group-EFD673A008FB:java.util.concurrent.CompletableFuture@177768ef[Not completed]
2019-09-16 16:33:32,436 [pool-37-thread-1] INFO  impl.RaftServerImpl (RaftServerImpl.java:<init>(95)) - 2b9d536e-7082-46d0-bcea-3da9bf5f5d0c: new RaftServerImpl for group-EFD673A008FB:[2b9d536e-7082-46d0-bcea-3da9bf5f5d0c:192.168.5.183:34589, 103cee85-d2d3-4069-a903-4a8bed8118d2:192.168.5.183:32958, 5da997ac-485a-4ae3-a11f-bd7c3a0ad14d:192.168.5.183:41252] with ContainerStateMachine:uninitialized
2019-09-16 16:33:32,437 [pool-37-thread-1] INFO  server.RaftServerConfigKeys (ConfUtils.java:logGet(43)) - raft.server.rpc.timeout.min = 5s (custom)
2019-09-16 16:33:32,437 [pool-37-thread-1] INFO  server.RaftServerConfigKeys (ConfUtils.java:logGet(43)) - raft.server.rpc.timeout.max = 5200ms (custom)
2019-09-16 16:33:32,437 [pool-37-thread-1] INFO  server.RaftServerConfigKeys (ConfUtils.java:logGet(43)) - raft.server.rpcslowness.timeout = 120s (custom)
2019-09-16 16:33:32,437 [pool-37-thread-1] INFO  server.RaftServerConfigKeys (ConfUtils.java:logGet(43)) - raft.server.sleep.deviation.threshold = 300 (default)
2019-09-16 16:33:32,437 [pool-37-thread-1] INFO  server.RaftServerConfigKeys (ConfUtils.java:logGet(43)) - raft.server.log.appender.install.snapshot.enabled = false (custom)
2019-09-16 16:33:32,437 [pool-37-thread-1] INFO  impl.RaftServerImpl (ServerState.java:<init>(103)) - 2b9d536e-7082-46d0-bcea-3da9bf5f5d0c@group-EFD673A008FB: ConfigurationManager, init=-1: [2b9d536e-7082-46d0-bcea-3da9bf5f5d0c:192.168.5.183:34589, 103cee85-d2d3-4069-a903-4a8bed8118d2:192.168.5.183:32958, 5da997ac-485a-4ae3-a11f-bd7c3a0ad14d:192.168.5.183:41252], old=null, confs=<EMPTY_MAP>
2019-09-16 16:33:32,438 [pool-37-thread-1] INFO  server.RaftServerConfigKeys (ConfUtils.java:logGet(43)) - raft.server.storage.dir = [/workdir/hadoop-ozone/integration-test/target/test-dir/MiniOzoneClusterImpl-c243529b-f19b-491a-9c19-62109b2f5e7f/datanode-1/data/ratis] (custom)
2019-09-16 16:33:32,438 [pool-47-thread-1] INFO  impl.RaftServerImpl (RaftServerImpl.java:<init>(95)) - 5da997ac-485a-4ae3-a11f-bd7c3a0ad14d: new RaftServerImpl for group-EFD673A008FB:[2b9d536e-7082-46d0-bcea-3da9bf5f5d0c:192.168.5.183:34589, 103cee85-d2d3-4069-a903-4a8bed8118d2:192.168.5.183:32958, 5da997ac-485a-4ae3-a11f-bd7c3a0ad14d:192.168.5.183:41252] with ContainerStateMachine:uninitialized
2019-09-16 16:33:32,438 [pool-37-thread-1] INFO  storage.RaftStorageDirectory (RaftStorageDirectory.java:analyzeStorage(246)) - The storage directory /workdir/hadoop-ozone/integration-test/target/test-dir/MiniOzoneClusterImpl-c243529b-f19b-491a-9c19-62109b2f5e7f/datanode-1/data/ratis/780d3cc6-9867-4e5e-9ad1-efd673a008fb does not exist. Creating ...
2019-09-16 16:33:32,438 [pool-47-thread-1] INFO  server.RaftServerConfigKeys (ConfUtils.java:logGet(43)) - raft.server.rpc.timeout.min = 5s (custom)
2019-09-16 16:33:32,439 [pool-47-thread-1] INFO  server.RaftServerConfigKeys (ConfUtils.java:logGet(43)) - raft.server.rpc.timeout.max = 5200ms (custom)
2019-09-16 16:33:32,439 [pool-47-thread-1] INFO  server.RaftServerConfigKeys (ConfUtils.java:logGet(43)) - raft.server.rpcslowness.timeout = 120s (custom)
2019-09-16 16:33:32,439 [pool-47-thread-1] INFO  server.RaftServerConfigKeys (ConfUtils.java:logGet(43)) - raft.server.sleep.deviation.threshold = 300 (default)
2019-09-16 16:33:32,439 [pool-27-thread-1] INFO  impl.RaftServerImpl (RaftServerImpl.java:<init>(95)) - 103cee85-d2d3-4069-a903-4a8bed8118d2: new RaftServerImpl for group-EFD673A008FB:[2b9d536e-7082-46d0-bcea-3da9bf5f5d0c:192.168.5.183:34589, 103cee85-d2d3-4069-a903-4a8bed8118d2:192.168.5.183:32958, 5da997ac-485a-4ae3-a11f-bd7c3a0ad14d:192.168.5.183:41252] with ContainerStateMachine:uninitialized
2019-09-16 16:33:32,439 [pool-47-thread-1] INFO  server.RaftServerConfigKeys (ConfUtils.java:logGet(43)) - raft.server.log.appender.install.snapshot.enabled = false (custom)
2019-09-16 16:33:32,439 [pool-27-thread-1] INFO  server.RaftServerConfigKeys (ConfUtils.java:logGet(43)) - raft.server.rpc.timeout.min = 5s (custom)
2019-09-16 16:33:32,440 [pool-47-thread-1] INFO  impl.RaftServerImpl (ServerState.java:<init>(103)) - 5da997ac-485a-4ae3-a11f-bd7c3a0ad14d@group-EFD673A008FB: ConfigurationManager, init=-1: [2b9d536e-7082-46d0-bcea-3da9bf5f5d0c:192.168.5.183:34589, 103cee85-d2d3-4069-a903-4a8bed8118d2:192.168.5.183:32958, 5da997ac-485a-4ae3-a11f-bd7c3a0ad14d:192.168.5.183:41252], old=null, confs=<EMPTY_MAP>
2019-09-16 16:33:32,440 [pool-27-thread-1] INFO  server.RaftServerConfigKeys (ConfUtils.java:logGet(43)) - raft.server.rpc.timeout.max = 5200ms (custom)
2019-09-16 16:33:32,440 [pool-47-thread-1] INFO  server.RaftServerConfigKeys (ConfUtils.java:logGet(43)) - raft.server.storage.dir = [/workdir/hadoop-ozone/integration-test/target/test-dir/MiniOzoneClusterImpl-c243529b-f19b-491a-9c19-62109b2f5e7f/datanode-2/data/ratis] (custom)
2019-09-16 16:33:32,440 [pool-27-thread-1] INFO  server.RaftServerConfigKeys (ConfUtils.java:logGet(43)) - raft.server.rpcslowness.timeout = 120s (custom)
2019-09-16 16:33:32,440 [pool-27-thread-1] INFO  server.RaftServerConfigKeys (ConfUtils.java:logGet(43)) - raft.server.sleep.deviation.threshold = 300 (default)
2019-09-16 16:33:32,440 [pool-47-thread-1] INFO  storage.RaftStorageDirectory (RaftStorageDirectory.java:analyzeStorage(246)) - The storage directory /workdir/hadoop-ozone/integration-test/target/test-dir/MiniOzoneClusterImpl-c243529b-f19b-491a-9c19-62109b2f5e7f/datanode-2/data/ratis/780d3cc6-9867-4e5e-9ad1-efd673a008fb does not exist. Creating ...
2019-09-16 16:33:32,440 [pool-27-thread-1] INFO  server.RaftServerConfigKeys (ConfUtils.java:logGet(43)) - raft.server.log.appender.install.snapshot.enabled = false (custom)
2019-09-16 16:33:32,441 [pool-27-thread-1] INFO  impl.RaftServerImpl (ServerState.java:<init>(103)) - 103cee85-d2d3-4069-a903-4a8bed8118d2@group-EFD673A008FB: ConfigurationManager, init=-1: [2b9d536e-7082-46d0-bcea-3da9bf5f5d0c:192.168.5.183:34589, 103cee85-d2d3-4069-a903-4a8bed8118d2:192.168.5.183:32958, 5da997ac-485a-4ae3-a11f-bd7c3a0ad14d:192.168.5.183:41252], old=null, confs=<EMPTY_MAP>
2019-09-16 16:33:32,441 [pool-27-thread-1] INFO  server.RaftServerConfigKeys (ConfUtils.java:logGet(43)) - raft.server.storage.dir = [/workdir/hadoop-ozone/integration-test/target/test-dir/MiniOzoneClusterImpl-c243529b-f19b-491a-9c19-62109b2f5e7f/datanode-0/data/ratis] (custom)
2019-09-16 16:33:32,441 [pool-27-thread-1] INFO  storage.RaftStorageDirectory (RaftStorageDirectory.java:analyzeStorage(246)) - The storage directory /workdir/hadoop-ozone/integration-test/target/test-dir/MiniOzoneClusterImpl-c243529b-f19b-491a-9c19-62109b2f5e7f/datanode-0/data/ratis/780d3cc6-9867-4e5e-9ad1-efd673a008fb does not exist. Creating ...
2019-09-16 16:33:32,473 [pool-27-thread-1] INFO  storage.RaftStorageDirectory (RaftStorageDirectory.java:tryLock(328)) - Lock on /workdir/hadoop-ozone/integration-test/target/test-dir/MiniOzoneClusterImpl-c243529b-f19b-491a-9c19-62109b2f5e7f/datanode-0/data/ratis/780d3cc6-9867-4e5e-9ad1-efd673a008fb/in_use.lock acquired by nodename 12042@pr-hdds-1054-fkf2j-3502855176
2019-09-16 16:33:32,473 [pool-37-thread-1] INFO  storage.RaftStorageDirectory (RaftStorageDirectory.java:tryLock(328)) - Lock on /workdir/hadoop-ozone/integration-test/target/test-dir/MiniOzoneClusterImpl-c243529b-f19b-491a-9c19-62109b2f5e7f/datanode-1/data/ratis/780d3cc6-9867-4e5e-9ad1-efd673a008fb/in_use.lock acquired by nodename 12042@pr-hdds-1054-fkf2j-3502855176
2019-09-16 16:33:32,473 [pool-47-thread-1] INFO  storage.RaftStorageDirectory (RaftStorageDirectory.java:tryLock(328)) - Lock on /workdir/hadoop-ozone/integration-test/target/test-dir/MiniOzoneClusterImpl-c243529b-f19b-491a-9c19-62109b2f5e7f/datanode-2/data/ratis/780d3cc6-9867-4e5e-9ad1-efd673a008fb/in_use.lock acquired by nodename 12042@pr-hdds-1054-fkf2j-3502855176
2019-09-16 16:33:32,505 [pool-47-thread-1] INFO  storage.RaftStorage (RaftStorage.java:format(72)) - Storage directory /workdir/hadoop-ozone/integration-test/target/test-dir/MiniOzoneClusterImpl-c243529b-f19b-491a-9c19-62109b2f5e7f/datanode-2/data/ratis/780d3cc6-9867-4e5e-9ad1-efd673a008fb has been successfully formatted.
2019-09-16 16:33:32,505 [pool-27-thread-1] INFO  storage.RaftStorage (RaftStorage.java:format(72)) - Storage directory /workdir/hadoop-ozone/integration-test/target/test-dir/MiniOzoneClusterImpl-c243529b-f19b-491a-9c19-62109b2f5e7f/datanode-0/data/ratis/780d3cc6-9867-4e5e-9ad1-efd673a008fb has been successfully formatted.
2019-09-16 16:33:32,505 [pool-37-thread-1] INFO  storage.RaftStorage (RaftStorage.java:format(72)) - Storage directory /workdir/hadoop-ozone/integration-test/target/test-dir/MiniOzoneClusterImpl-c243529b-f19b-491a-9c19-62109b2f5e7f/datanode-1/data/ratis/780d3cc6-9867-4e5e-9ad1-efd673a008fb has been successfully formatted.
2019-09-16 16:33:32,506 [pool-27-thread-1] INFO  ratis.ContainerStateMachine (ContainerStateMachine.java:loadSnapshot(230)) - group-EFD673A008FB: The snapshot info is null. Setting the last applied indexto:(t:0, i:~)
2019-09-16 16:33:32,506 [pool-47-thread-1] INFO  ratis.ContainerStateMachine (ContainerStateMachine.java:loadSnapshot(230)) - group-EFD673A008FB: The snapshot info is null. Setting the last applied indexto:(t:0, i:~)
2019-09-16 16:33:32,506 [pool-27-thread-1] INFO  server.RaftServerConfigKeys (ConfUtils.java:logGet(43)) - raft.server.notification.no-leader.timeout = 120s (custom)
2019-09-16 16:33:32,506 [pool-37-thread-1] INFO  ratis.ContainerStateMachine (ContainerStateMachine.java:loadSnapshot(230)) - group-EFD673A008FB: The snapshot info is null. Setting the last applied indexto:(t:0, i:~)
2019-09-16 16:33:32,506 [pool-27-thread-1] INFO  server.RaftServerConfigKeys (ConfUtils.java:logGet(43)) - raft.server.log.use.memory = false (default)
2019-09-16 16:33:32,506 [pool-47-thread-1] INFO  server.RaftServerConfigKeys (ConfUtils.java:logGet(43)) - raft.server.notification.no-leader.timeout = 120s (custom)
2019-09-16 16:33:32,507 [pool-27-thread-1] INFO  server.RaftServerConfigKeys (ConfUtils.java:logGet(43)) - raft.server.log.purge.gap = 1000000 (custom)
2019-09-16 16:33:32,506 [pool-37-thread-1] INFO  server.RaftServerConfigKeys (ConfUtils.java:logGet(43)) - raft.server.notification.no-leader.timeout = 120s (custom)
2019-09-16 16:33:32,507 [pool-27-thread-1] INFO  server.RaftServerConfigKeys (ConfUtils.java:logGet(43)) - raft.server.log.appender.buffer.byte-limit = 33554432 (custom)
2019-09-16 16:33:32,507 [pool-47-thread-1] INFO  server.RaftServerConfigKeys (ConfUtils.java:logGet(43)) - raft.server.log.use.memory = false (default)
2019-09-16 16:33:32,507 [pool-27-thread-1] INFO  server.RaftServerConfigKeys (ConfUtils.java:logGet(43)) - raft.server.log.segment.size.max = 1048576 (custom)
2019-09-16 16:33:32,507 [pool-37-thread-1] INFO  server.RaftServerConfigKeys (ConfUtils.java:logGet(43)) - raft.server.log.use.memory = false (default)
2019-09-16 16:33:32,508 [pool-27-thread-1] INFO  server.RaftServerConfigKeys (ConfUtils.java:logGet(43)) - raft.server.log.segment.cache.num.max = 2 (custom)
2019-09-16 16:33:32,508 [pool-47-thread-1] INFO  server.RaftServerConfigKeys (ConfUtils.java:logGet(43)) - raft.server.log.purge.gap = 1000000 (custom)
2019-09-16 16:33:32,508 [pool-27-thread-1] INFO  segmented.SegmentedRaftLogWorker (SegmentedRaftLogWorker.java:<init>(172)) - new 103cee85-d2d3-4069-a903-4a8bed8118d2@group-EFD673A008FB-SegmentedRaftLogWorker for RaftStorage:Storage Directory /workdir/hadoop-ozone/integration-test/target/test-dir/MiniOzoneClusterImpl-c243529b-f19b-491a-9c19-62109b2f5e7f/datanode-0/data/ratis/780d3cc6-9867-4e5e-9ad1-efd673a008fb
2019-09-16 16:33:32,508 [pool-37-thread-1] INFO  server.RaftServerConfigKeys (ConfUtils.java:logGet(43)) - raft.server.log.purge.gap = 1000000 (custom)
2019-09-16 16:33:32,509 [pool-27-thread-1] INFO  server.RaftServerConfigKeys (ConfUtils.java:logGet(43)) - raft.server.log.queue.byte-limit = 2147483647 (custom)
2019-09-16 16:33:32,508 [pool-47-thread-1] INFO  server.RaftServerConfigKeys (ConfUtils.java:logGet(43)) - raft.server.log.appender.buffer.byte-limit = 33554432 (custom)
2019-09-16 16:33:32,509 [pool-27-thread-1] INFO  server.RaftServerConfigKeys (ConfUtils.java:logGet(43)) - raft.server.log.queue.element-limit = 1024 (custom)
2019-09-16 16:33:32,509 [pool-37-thread-1] INFO  server.RaftServerConfigKeys (ConfUtils.java:logGet(43)) - raft.server.log.appender.buffer.byte-limit = 33554432 (custom)
2019-09-16 16:33:32,509 [pool-27-thread-1] INFO  server.RaftServerConfigKeys (ConfUtils.java:logGet(43)) - raft.server.log.segment.size.max = 1048576 (custom)
2019-09-16 16:33:32,509 [pool-47-thread-1] INFO  server.RaftServerConfigKeys (ConfUtils.java:logGet(43)) - raft.server.log.segment.size.max = 1048576 (custom)
2019-09-16 16:33:32,510 [pool-27-thread-1] INFO  server.RaftServerConfigKeys (ConfUtils.java:logGet(43)) - raft.server.log.preallocated.size = 16384 (custom)
2019-09-16 16:33:32,509 [pool-37-thread-1] INFO  server.RaftServerConfigKeys (ConfUtils.java:logGet(43)) - raft.server.log.segment.size.max = 1048576 (custom)
2019-09-16 16:33:32,510 [pool-27-thread-1] INFO  server.RaftServerConfigKeys (ConfUtils.java:logGet(43)) - raft.server.log.write.buffer.size = 33554432 (custom)
2019-09-16 16:33:32,510 [pool-47-thread-1] INFO  server.RaftServerConfigKeys (ConfUtils.java:logGet(43)) - raft.server.log.segment.cache.num.max = 2 (custom)
2019-09-16 16:33:32,510 [pool-27-thread-1] INFO  server.RaftServerConfigKeys (ConfUtils.java:logGet(43)) - raft.server.log.force.sync.num = 128 (default)
2019-09-16 16:33:32,510 [pool-37-thread-1] INFO  server.RaftServerConfigKeys (ConfUtils.java:logGet(43)) - raft.server.log.segment.cache.num.max = 2 (custom)
2019-09-16 16:33:32,511 [pool-27-thread-1] INFO  server.RaftServerConfigKeys (ConfUtils.java:logGet(43)) - raft.server.log.statemachine.data.sync = true (default)
2019-09-16 16:33:32,510 [pool-47-thread-1] INFO  segmented.SegmentedRaftLogWorker (SegmentedRaftLogWorker.java:<init>(172)) - new 5da997ac-485a-4ae3-a11f-bd7c3a0ad14d@group-EFD673A008FB-SegmentedRaftLogWorker for RaftStorage:Storage Directory /workdir/hadoop-ozone/integration-test/target/test-dir/MiniOzoneClusterImpl-c243529b-f19b-491a-9c19-62109b2f5e7f/datanode-2/data/ratis/780d3cc6-9867-4e5e-9ad1-efd673a008fb
2019-09-16 16:33:32,511 [pool-27-thread-1] INFO  server.RaftServerConfigKeys (ConfUtils.java:logGet(43)) - raft.server.log.statemachine.data.sync.timeout = 10s (default)
2019-09-16 16:33:32,511 [pool-37-thread-1] INFO  segmented.SegmentedRaftLogWorker (SegmentedRaftLogWorker.java:<init>(172)) - new 2b9d536e-7082-46d0-bcea-3da9bf5f5d0c@group-EFD673A008FB-SegmentedRaftLogWorker for RaftStorage:Storage Directory /workdir/hadoop-ozone/integration-test/target/test-dir/MiniOzoneClusterImpl-c243529b-f19b-491a-9c19-62109b2f5e7f/datanode-1/data/ratis/780d3cc6-9867-4e5e-9ad1-efd673a008fb
2019-09-16 16:33:32,511 [pool-27-thread-1] INFO  server.RaftServerConfigKeys (ConfUtils.java:logGet(43)) - raft.server.log.statemachine.data.sync.timeout.retry = -1 (default)
2019-09-16 16:33:32,511 [pool-47-thread-1] INFO  server.RaftServerConfigKeys (ConfUtils.java:logGet(43)) - raft.server.log.queue.byte-limit = 2147483647 (custom)
2019-09-16 16:33:32,512 [pool-27-thread-1] INFO  server.RaftServerConfigKeys (ConfUtils.java:logGet(43)) - raft.server.log.statemachine.data.caching.enabled = true (custom)
2019-09-16 16:33:32,511 [pool-37-thread-1] INFO  server.RaftServerConfigKeys (ConfUtils.java:logGet(43)) - raft.server.log.queue.byte-limit = 2147483647 (custom)
2019-09-16 16:33:32,512 [pool-47-thread-1] INFO  server.RaftServerConfigKeys (ConfUtils.java:logGet(43)) - raft.server.log.queue.element-limit = 1024 (custom)
2019-09-16 16:33:32,512 [pool-27-thread-1] INFO  segmented.SegmentedRaftLogWorker (SegmentedRaftLogWorker.java:lambda$new$0(132)) - 103cee85-d2d3-4069-a903-4a8bed8118d2@group-EFD673A008FB-SegmentedRaftLogWorker: flushIndex: setUnconditionally 0 -> -1
2019-09-16 16:33:32,512 [pool-37-thread-1] INFO  server.RaftServerConfigKeys (ConfUtils.java:logGet(43)) - raft.server.log.queue.element-limit = 1024 (custom)
2019-09-16 16:33:32,512 [pool-47-thread-1] INFO  server.RaftServerConfigKeys (ConfUtils.java:logGet(43)) - raft.server.log.segment.size.max = 1048576 (custom)
2019-09-16 16:33:32,513 [pool-27-thread-1] INFO  server.RaftServerConfigKeys (ConfUtils.java:logGet(43)) - raft.server.snapshot.auto.trigger.enabled = true (custom)
2019-09-16 16:33:32,513 [pool-37-thread-1] INFO  server.RaftServerConfigKeys (ConfUtils.java:logGet(43)) - raft.server.log.segment.size.max = 1048576 (custom)
2019-09-16 16:33:32,513 [pool-27-thread-1] INFO  server.RaftServerConfigKeys (ConfUtils.java:logGet(43)) - raft.server.snapshot.auto.trigger.threshold = 10000 (custom)
2019-09-16 16:33:32,513 [pool-47-thread-1] INFO  server.RaftServerConfigKeys (ConfUtils.java:logGet(43)) - raft.server.log.preallocated.size = 16384 (custom)
2019-09-16 16:33:32,513 [pool-27-thread-1] INFO  server.RaftServerConfigKeys (ConfUtils.java:logGet(43)) - raft.server.snapshot.retention.num.files = -1 (default)
2019-09-16 16:33:32,513 [pool-37-thread-1] INFO  server.RaftServerConfigKeys (ConfUtils.java:logGet(43)) - raft.server.log.preallocated.size = 16384 (custom)
2019-09-16 16:33:32,514 [pool-27-thread-1] INFO  server.RaftServerConfigKeys (ConfUtils.java:logGet(43)) - raft.server.retrycache.expirytime = 600000ms (custom)
2019-09-16 16:33:32,513 [pool-47-thread-1] INFO  server.RaftServerConfigKeys (ConfUtils.java:logGet(43)) - raft.server.log.write.buffer.size = 33554432 (custom)
2019-09-16 16:33:32,514 [pool-37-thread-1] INFO  server.RaftServerConfigKeys (ConfUtils.java:logGet(43)) - raft.server.log.write.buffer.size = 33554432 (custom)
2019-09-16 16:33:32,514 [pool-47-thread-1] INFO  server.RaftServerConfigKeys (ConfUtils.java:logGet(43)) - raft.server.log.force.sync.num = 128 (default)
2019-09-16 16:33:32,514 [pool-37-thread-1] INFO  server.RaftServerConfigKeys (ConfUtils.java:logGet(43)) - raft.server.log.force.sync.num = 128 (default)
2019-09-16 16:33:32,514 [pool-47-thread-1] INFO  server.RaftServerConfigKeys (ConfUtils.java:logGet(43)) - raft.server.log.statemachine.data.sync = true (default)
2019-09-16 16:33:32,515 [pool-37-thread-1] INFO  server.RaftServerConfigKeys (ConfUtils.java:logGet(43)) - raft.server.log.statemachine.data.sync = true (default)
2019-09-16 16:33:32,515 [pool-47-thread-1] INFO  server.RaftServerConfigKeys (ConfUtils.java:logGet(43)) - raft.server.log.statemachine.data.sync.timeout = 10s (default)
2019-09-16 16:33:32,515 [pool-37-thread-1] INFO  server.RaftServerConfigKeys (ConfUtils.java:logGet(43)) - raft.server.log.statemachine.data.sync.timeout = 10s (default)
2019-09-16 16:33:32,515 [pool-47-thread-1] INFO  server.RaftServerConfigKeys (ConfUtils.java:logGet(43)) - raft.server.log.statemachine.data.sync.timeout.retry = -1 (default)
2019-09-16 16:33:32,515 [pool-37-thread-1] INFO  server.RaftServerConfigKeys (ConfUtils.java:logGet(43)) - raft.server.log.statemachine.data.sync.timeout.retry = -1 (default)
2019-09-16 16:33:32,516 [pool-47-thread-1] INFO  server.RaftServerConfigKeys (ConfUtils.java:logGet(43)) - raft.server.log.statemachine.data.caching.enabled = true (custom)
2019-09-16 16:33:32,516 [pool-37-thread-1] INFO  server.RaftServerConfigKeys (ConfUtils.java:logGet(43)) - raft.server.log.statemachine.data.caching.enabled = true (custom)
2019-09-16 16:33:32,516 [pool-47-thread-1] INFO  segmented.SegmentedRaftLogWorker (SegmentedRaftLogWorker.java:lambda$new$0(132)) - 5da997ac-485a-4ae3-a11f-bd7c3a0ad14d@group-EFD673A008FB-SegmentedRaftLogWorker: flushIndex: setUnconditionally 0 -> -1
2019-09-16 16:33:32,516 [pool-37-thread-1] INFO  segmented.SegmentedRaftLogWorker (SegmentedRaftLogWorker.java:lambda$new$0(132)) - 2b9d536e-7082-46d0-bcea-3da9bf5f5d0c@group-EFD673A008FB-SegmentedRaftLogWorker: flushIndex: setUnconditionally 0 -> -1
2019-09-16 16:33:32,516 [pool-47-thread-1] INFO  server.RaftServerConfigKeys (ConfUtils.java:logGet(43)) - raft.server.snapshot.auto.trigger.enabled = true (custom)
2019-09-16 16:33:32,517 [pool-37-thread-1] INFO  server.RaftServerConfigKeys (ConfUtils.java:logGet(43)) - raft.server.snapshot.auto.trigger.enabled = true (custom)
2019-09-16 16:33:32,517 [pool-47-thread-1] INFO  server.RaftServerConfigKeys (ConfUtils.java:logGet(43)) - raft.server.snapshot.auto.trigger.threshold = 10000 (custom)
2019-09-16 16:33:32,517 [pool-37-thread-1] INFO  server.RaftServerConfigKeys (ConfUtils.java:logGet(43)) - raft.server.snapshot.auto.trigger.threshold = 10000 (custom)
2019-09-16 16:33:32,517 [pool-47-thread-1] INFO  server.RaftServerConfigKeys (ConfUtils.java:logGet(43)) - raft.server.snapshot.retention.num.files = -1 (default)
2019-09-16 16:33:32,517 [pool-37-thread-1] INFO  server.RaftServerConfigKeys (ConfUtils.java:logGet(43)) - raft.server.snapshot.retention.num.files = -1 (default)
2019-09-16 16:33:32,517 [pool-47-thread-1] INFO  server.RaftServerConfigKeys (ConfUtils.java:logGet(43)) - raft.server.retrycache.expirytime = 600000ms (custom)
2019-09-16 16:33:32,517 [pool-37-thread-1] INFO  server.RaftServerConfigKeys (ConfUtils.java:logGet(43)) - raft.server.retrycache.expirytime = 600000ms (custom)
2019-09-16 16:33:32,518 [pool-27-thread-1] INFO  impl.RaftServerImpl (RaftServerImpl.java:start(185)) - 103cee85-d2d3-4069-a903-4a8bed8118d2@group-EFD673A008FB: start as a follower, conf=-1: [2b9d536e-7082-46d0-bcea-3da9bf5f5d0c:192.168.5.183:34589, 103cee85-d2d3-4069-a903-4a8bed8118d2:192.168.5.183:32958, 5da997ac-485a-4ae3-a11f-bd7c3a0ad14d:192.168.5.183:41252], old=null
2019-09-16 16:33:32,518 [pool-27-thread-1] INFO  impl.RaftServerImpl (RaftServerImpl.java:setRole(174)) - 103cee85-d2d3-4069-a903-4a8bed8118d2@group-EFD673A008FB: changes role from      null to FOLLOWER at term 0 for startAsFollower
2019-09-16 16:33:32,518 [pool-27-thread-1] INFO  impl.RoleInfo (RoleInfo.java:updateAndGet(143)) - 103cee85-d2d3-4069-a903-4a8bed8118d2: start FollowerState
2019-09-16 16:33:32,519 [pool-27-thread-1] INFO  util.JmxRegister (JmxRegister.java:tryRegister(44)) - Successfully registered JMX Bean with object name Ratis:service=RaftServer,group=group-EFD673A008FB,id=103cee85-d2d3-4069-a903-4a8bed8118d2
2019-09-16 16:33:32,525 [pool-47-thread-1] INFO  impl.RaftServerImpl (RaftServerImpl.java:start(185)) - 5da997ac-485a-4ae3-a11f-bd7c3a0ad14d@group-EFD673A008FB: start as a follower, conf=-1: [2b9d536e-7082-46d0-bcea-3da9bf5f5d0c:192.168.5.183:34589, 103cee85-d2d3-4069-a903-4a8bed8118d2:192.168.5.183:32958, 5da997ac-485a-4ae3-a11f-bd7c3a0ad14d:192.168.5.183:41252], old=null
2019-09-16 16:33:32,525 [pool-37-thread-1] INFO  impl.RaftServerImpl (RaftServerImpl.java:start(185)) - 2b9d536e-7082-46d0-bcea-3da9bf5f5d0c@group-EFD673A008FB: start as a follower, conf=-1: [2b9d536e-7082-46d0-bcea-3da9bf5f5d0c:192.168.5.183:34589, 103cee85-d2d3-4069-a903-4a8bed8118d2:192.168.5.183:32958, 5da997ac-485a-4ae3-a11f-bd7c3a0ad14d:192.168.5.183:41252], old=null
2019-09-16 16:33:32,525 [pool-47-thread-1] INFO  impl.RaftServerImpl (RaftServerImpl.java:setRole(174)) - 5da997ac-485a-4ae3-a11f-bd7c3a0ad14d@group-EFD673A008FB: changes role from      null to FOLLOWER at term 0 for startAsFollower
2019-09-16 16:33:32,525 [pool-37-thread-1] INFO  impl.RaftServerImpl (RaftServerImpl.java:setRole(174)) - 2b9d536e-7082-46d0-bcea-3da9bf5f5d0c@group-EFD673A008FB: changes role from      null to FOLLOWER at term 0 for startAsFollower
2019-09-16 16:33:32,525 [pool-47-thread-1] INFO  impl.RoleInfo (RoleInfo.java:updateAndGet(143)) - 5da997ac-485a-4ae3-a11f-bd7c3a0ad14d: start FollowerState
2019-09-16 16:33:32,525 [pool-37-thread-1] INFO  impl.RoleInfo (RoleInfo.java:updateAndGet(143)) - 2b9d536e-7082-46d0-bcea-3da9bf5f5d0c: start FollowerState
2019-09-16 16:33:32,526 [pool-47-thread-1] INFO  util.JmxRegister (JmxRegister.java:tryRegister(44)) - Successfully registered JMX Bean with object name Ratis:service=RaftServer,group=group-EFD673A008FB,id=5da997ac-485a-4ae3-a11f-bd7c3a0ad14d
2019-09-16 16:33:32,526 [pool-37-thread-1] INFO  util.JmxRegister (JmxRegister.java:tryRegister(44)) - Successfully registered JMX Bean with object name Ratis:service=RaftServer,group=group-EFD673A008FB,id=2b9d536e-7082-46d0-bcea-3da9bf5f5d0c
2019-09-16 16:33:32,533 [RatisPipelineUtilsThread] INFO  pipeline.PipelineStateManager (PipelineStateManager.java:addPipeline(56)) - Created pipeline Pipeline[ Id: 780d3cc6-9867-4e5e-9ad1-efd673a008fb, Nodes: 2b9d536e-7082-46d0-bcea-3da9bf5f5d0c{ip: 192.168.5.183, host: pr-hdds-1054-fkf2j-3502855176, networkLocation: /default-rack, certSerialId: null}103cee85-d2d3-4069-a903-4a8bed8118d2{ip: 192.168.5.183, host: pr-hdds-1054-fkf2j-3502855176, networkLocation: /default-rack, certSerialId: null}5da997ac-485a-4ae3-a11f-bd7c3a0ad14d{ip: 192.168.5.183, host: pr-hdds-1054-fkf2j-3502855176, networkLocation: /default-rack, certSerialId: null}, Type:RATIS, Factor:THREE, State:OPEN]
2019-09-16 16:33:33,225 [main] WARN  io.KeyOutputStream (KeyOutputStream.java:handleException(276)) - Encountered exception java.io.IOException: Unexpected Storage Container Exception: java.util.concurrent.CompletionException: java.util.concurrent.CompletionException: org.apache.ratis.protocol.GroupMismatchException: 5da997ac-485a-4ae3-a11f-bd7c3a0ad14d: group-E6C05F8A743B not found. on the pipeline Pipeline[ Id: 3ab55fe5-a8b1-4e30-8295-e6c05f8a743b, Nodes: 2b9d536e-7082-46d0-bcea-3da9bf5f5d0c{ip: 192.168.5.183, host: pr-hdds-1054-fkf2j-3502855176, networkLocation: /default-rack, certSerialId: null}103cee85-d2d3-4069-a903-4a8bed8118d2{ip: 192.168.5.183, host: pr-hdds-1054-fkf2j-3502855176, networkLocation: /default-rack, certSerialId: null}5da997ac-485a-4ae3-a11f-bd7c3a0ad14d{ip: 192.168.5.183, host: pr-hdds-1054-fkf2j-3502855176, networkLocation: /default-rack, certSerialId: null}, Type:RATIS, Factor:THREE, State:OPEN]. The last committed block length is 0, uncommitted data length is 150 retry count 0
2019-09-16 16:33:33,289 [grpc-default-executor-3] INFO  client.GrpcClientProtocolClient (GrpcClientProtocolClient.java:onNext(264)) - client-2CBA63CDBB2F->e3c513c6-7b5b-430b-887c-eb88026c45f2: receive RaftClientReply:client-2CBA63CDBB2F->e3c513c6-7b5b-430b-887c-eb88026c45f2@group-03260B50B3E1, cid=30, FAILED org.apache.ratis.protocol.NotLeaderException: Server e3c513c6-7b5b-430b-887c-eb88026c45f2@group-03260B50B3E1 is not the leader 33002f53-59d2-46ae-91ae-843eaa52c7d0:192.168.5.183:46255, logIndex=0, commits[e3c513c6-7b5b-430b-887c-eb88026c45f2:c6, 33002f53-59d2-46ae-91ae-843eaa52c7d0:c6, 816c2023-76ea-4558-9da7-70127639a79a:c6]
2019-09-16 16:33:33,490 [grpc-default-executor-3] INFO  client.GrpcClientProtocolClient (GrpcClientProtocolClient.java:onNext(264)) - client-2CBA63CDBB2F->33002f53-59d2-46ae-91ae-843eaa52c7d0: receive RaftClientReply:client-2CBA63CDBB2F->33002f53-59d2-46ae-91ae-843eaa52c7d0@group-03260B50B3E1, cid=30, SUCCESS, logIndex=7, commits[33002f53-59d2-46ae-91ae-843eaa52c7d0:c7, e3c513c6-7b5b-430b-887c-eb88026c45f2:c6, 816c2023-76ea-4558-9da7-70127639a79a:c6]
2019-09-16 16:33:33,514 [grpc-default-executor-2] INFO  impl.RaftServerProxy (RaftServerProxy.java:remove(95)) - 2b9d536e-7082-46d0-bcea-3da9bf5f5d0c: remove group-E6C05F8A743B:null
2019-09-16 16:33:33,526 [grpc-default-executor-4] INFO  client.GrpcClientProtocolClient (GrpcClientProtocolClient.java:onNext(264)) - client-2CBA63CDBB2F->33002f53-59d2-46ae-91ae-843eaa52c7d0: receive RaftClientReply:client-2CBA63CDBB2F->33002f53-59d2-46ae-91ae-843eaa52c7d0@group-03260B50B3E1, cid=31, SUCCESS, logIndex=9, commits[33002f53-59d2-46ae-91ae-843eaa52c7d0:c9, e3c513c6-7b5b-430b-887c-eb88026c45f2:c8, 816c2023-76ea-4558-9da7-70127639a79a:c8]
2019-09-16 16:33:33,530 [RatisPipelineUtilsThread] WARN  pipeline.RatisPipelineUtils (RatisPipelineUtils.java:destroyPipeline(66)) - Pipeline destroy failed for pipeline=PipelineID=3ab55fe5-a8b1-4e30-8295-e6c05f8a743b dn=2b9d536e-7082-46d0-bcea-3da9bf5f5d0c{ip: 192.168.5.183, host: pr-hdds-1054-fkf2j-3502855176, networkLocation: /default-rack, certSerialId: null}
2019-09-16 16:33:33,537 [grpc-default-executor-3] INFO  impl.RaftServerProxy (RaftServerProxy.java:remove(95)) - 103cee85-d2d3-4069-a903-4a8bed8118d2: remove group-E6C05F8A743B:null
2019-09-16 16:33:33,548 [RatisPipelineUtilsThread] WARN  pipeline.RatisPipelineUtils (RatisPipelineUtils.java:destroyPipeline(66)) - Pipeline destroy failed for pipeline=PipelineID=3ab55fe5-a8b1-4e30-8295-e6c05f8a743b dn=103cee85-d2d3-4069-a903-4a8bed8118d2{ip: 192.168.5.183, host: pr-hdds-1054-fkf2j-3502855176, networkLocation: /default-rack, certSerialId: null}
2019-09-16 16:33:33,553 [grpc-default-executor-3] INFO  impl.RaftServerProxy (RaftServerProxy.java:remove(95)) - 5da997ac-485a-4ae3-a11f-bd7c3a0ad14d: remove group-E6C05F8A743B:null
2019-09-16 16:33:33,559 [RatisPipelineUtilsThread] WARN  pipeline.RatisPipelineUtils (RatisPipelineUtils.java:destroyPipeline(66)) - Pipeline destroy failed for pipeline=PipelineID=3ab55fe5-a8b1-4e30-8295-e6c05f8a743b dn=5da997ac-485a-4ae3-a11f-bd7c3a0ad14d{ip: 192.168.5.183, host: pr-hdds-1054-fkf2j-3502855176, networkLocation: /default-rack, certSerialId: null}
2019-09-16 16:33:33,559 [RatisPipelineUtilsThread] ERROR pipeline.SCMPipelineManager (Scheduler.java:lambda$schedule$1(70)) - Destroy pipeline failed for pipeline:Pipeline[ Id: 3ab55fe5-a8b1-4e30-8295-e6c05f8a743b, Nodes: 2b9d536e-7082-46d0-bcea-3da9bf5f5d0c{ip: 192.168.5.183, host: pr-hdds-1054-fkf2j-3502855176, networkLocation: /default-rack, certSerialId: null}103cee85-d2d3-4069-a903-4a8bed8118d2{ip: 192.168.5.183, host: pr-hdds-1054-fkf2j-3502855176, networkLocation: /default-rack, certSerialId: null}5da997ac-485a-4ae3-a11f-bd7c3a0ad14d{ip: 192.168.5.183, host: pr-hdds-1054-fkf2j-3502855176, networkLocation: /default-rack, certSerialId: null}, Type:RATIS, Factor:THREE, State:CLOSED]
org.apache.hadoop.hdds.scm.pipeline.PipelineNotFoundException: PipelineID=3ab55fe5-a8b1-4e30-8295-e6c05f8a743b not found
	at org.apache.hadoop.hdds.scm.pipeline.PipelineStateMap.getPipeline(PipelineStateMap.java:132)
	at org.apache.hadoop.hdds.scm.pipeline.PipelineStateMap.removePipeline(PipelineStateMap.java:322)
	at org.apache.hadoop.hdds.scm.pipeline.PipelineStateManager.removePipeline(PipelineStateManager.java:107)
	at org.apache.hadoop.hdds.scm.pipeline.SCMPipelineManager.removePipeline(SCMPipelineManager.java:423)
	at org.apache.hadoop.hdds.scm.pipeline.SCMPipelineManager.destroyPipeline(SCMPipelineManager.java:409)
	at org.apache.hadoop.hdds.scm.pipeline.SCMPipelineManager.lambda$finalizeAndDestroyPipeline$0(SCMPipelineManager.java:318)
	at org.apache.hadoop.utils.Scheduler.lambda$schedule$1(Scheduler.java:68)
	at java.util.concurrent.Executors$RunnableAdapter.call(Executors.java:511)
	at java.util.concurrent.FutureTask.run(FutureTask.java:266)
	at java.util.concurrent.ScheduledThreadPoolExecutor$ScheduledFutureTask.access$201(ScheduledThreadPoolExecutor.java:180)
	at java.util.concurrent.ScheduledThreadPoolExecutor$ScheduledFutureTask.run(ScheduledThreadPoolExecutor.java:293)
	at java.util.concurrent.ThreadPoolExecutor.runWorker(ThreadPoolExecutor.java:1149)
	at java.util.concurrent.ThreadPoolExecutor$Worker.run(ThreadPoolExecutor.java:624)
	at java.lang.Thread.run(Thread.java:748)
2019-09-16 16:33:33,607 [grpc-default-executor-3] INFO  client.GrpcClientProtocolClient (GrpcClientProtocolClient.java:onNext(264)) - client-2CBA63CDBB2F->33002f53-59d2-46ae-91ae-843eaa52c7d0: receive RaftClientReply:client-2CBA63CDBB2F->33002f53-59d2-46ae-91ae-843eaa52c7d0@group-03260B50B3E1, cid=32, SUCCESS, logIndex=10, commits[33002f53-59d2-46ae-91ae-843eaa52c7d0:c12, e3c513c6-7b5b-430b-887c-eb88026c45f2:c10, 816c2023-76ea-4558-9da7-70127639a79a:c10]
]]></system-out>
  </testcase>
  <testcase name="testFullBufferCondition" classname="org.apache.hadoop.ozone.client.rpc.TestBlockOutputStream" time="187.218">
    <failure type="java.lang.AssertionError">java.lang.AssertionError
	at org.junit.Assert.fail(Assert.java:86)
	at org.junit.Assert.assertTrue(Assert.java:41)
	at org.junit.Assert.assertTrue(Assert.java:52)
	at org.apache.hadoop.ozone.client.rpc.TestBlockOutputStream.testFullBufferCondition(TestBlockOutputStream.java:515)
	at sun.reflect.NativeMethodAccessorImpl.invoke0(Native Method)
	at sun.reflect.NativeMethodAccessorImpl.invoke(NativeMethodAccessorImpl.java:62)
	at sun.reflect.DelegatingMethodAccessorImpl.invoke(DelegatingMethodAccessorImpl.java:43)
	at java.lang.reflect.Method.invoke(Method.java:498)
	at org.junit.runners.model.FrameworkMethod$1.runReflectiveCall(FrameworkMethod.java:47)
	at org.junit.internal.runners.model.ReflectiveCallable.run(ReflectiveCallable.java:12)
	at org.junit.runners.model.FrameworkMethod.invokeExplosively(FrameworkMethod.java:44)
	at org.junit.internal.runners.statements.InvokeMethod.evaluate(InvokeMethod.java:17)
	at org.junit.runners.ParentRunner.runLeaf(ParentRunner.java:271)
	at org.junit.runners.BlockJUnit4ClassRunner.runChild(BlockJUnit4ClassRunner.java:70)
	at org.junit.runners.BlockJUnit4ClassRunner.runChild(BlockJUnit4ClassRunner.java:50)
	at org.junit.runners.ParentRunner$3.run(ParentRunner.java:238)
	at org.junit.runners.ParentRunner$1.schedule(ParentRunner.java:63)
	at org.junit.runners.ParentRunner.runChildren(ParentRunner.java:236)
	at org.junit.runners.ParentRunner.access$000(ParentRunner.java:53)
	at org.junit.runners.ParentRunner$2.evaluate(ParentRunner.java:229)
	at org.junit.internal.runners.statements.RunBefores.evaluate(RunBefores.java:26)
	at org.junit.internal.runners.statements.RunAfters.evaluate(RunAfters.java:27)
	at org.junit.runners.ParentRunner.run(ParentRunner.java:309)
	at org.apache.maven.surefire.junit4.JUnit4Provider.execute(JUnit4Provider.java:365)
	at org.apache.maven.surefire.junit4.JUnit4Provider.executeWithRerun(JUnit4Provider.java:273)
	at org.apache.maven.surefire.junit4.JUnit4Provider.executeTestSet(JUnit4Provider.java:238)
	at org.apache.maven.surefire.junit4.JUnit4Provider.invoke(JUnit4Provider.java:159)
	at org.apache.maven.surefire.booter.ForkedBooter.invokeProviderInSameClassLoader(ForkedBooter.java:384)
	at org.apache.maven.surefire.booter.ForkedBooter.runSuitesInProcess(ForkedBooter.java:345)
	at org.apache.maven.surefire.booter.ForkedBooter.execute(ForkedBooter.java:126)
	at org.apache.maven.surefire.booter.ForkedBooter.main(ForkedBooter.java:418)
</failure>
    <system-out><![CDATA[2019-09-16 16:33:34,599 [grpc-default-executor-2] INFO  impl.RaftServerProxy (RaftServerProxy.java:remove(95)) - 2b9d536e-7082-46d0-bcea-3da9bf5f5d0c: remove group-E6C05F8A743B:null
2019-09-16 16:33:34,608 [RatisPipelineUtilsThread] WARN  pipeline.RatisPipelineUtils (RatisPipelineUtils.java:destroyPipeline(66)) - Pipeline destroy failed for pipeline=PipelineID=3ab55fe5-a8b1-4e30-8295-e6c05f8a743b dn=2b9d536e-7082-46d0-bcea-3da9bf5f5d0c{ip: 192.168.5.183, host: pr-hdds-1054-fkf2j-3502855176, networkLocation: /default-rack, certSerialId: null}
2019-09-16 16:33:34,614 [grpc-default-executor-2] INFO  impl.RaftServerProxy (RaftServerProxy.java:remove(95)) - 103cee85-d2d3-4069-a903-4a8bed8118d2: remove group-E6C05F8A743B:null
2019-09-16 16:33:34,623 [RatisPipelineUtilsThread] WARN  pipeline.RatisPipelineUtils (RatisPipelineUtils.java:destroyPipeline(66)) - Pipeline destroy failed for pipeline=PipelineID=3ab55fe5-a8b1-4e30-8295-e6c05f8a743b dn=103cee85-d2d3-4069-a903-4a8bed8118d2{ip: 192.168.5.183, host: pr-hdds-1054-fkf2j-3502855176, networkLocation: /default-rack, certSerialId: null}
2019-09-16 16:33:34,628 [grpc-default-executor-2] INFO  impl.RaftServerProxy (RaftServerProxy.java:remove(95)) - 5da997ac-485a-4ae3-a11f-bd7c3a0ad14d: remove group-E6C05F8A743B:null
2019-09-16 16:33:34,635 [RatisPipelineUtilsThread] WARN  pipeline.RatisPipelineUtils (RatisPipelineUtils.java:destroyPipeline(66)) - Pipeline destroy failed for pipeline=PipelineID=3ab55fe5-a8b1-4e30-8295-e6c05f8a743b dn=5da997ac-485a-4ae3-a11f-bd7c3a0ad14d{ip: 192.168.5.183, host: pr-hdds-1054-fkf2j-3502855176, networkLocation: /default-rack, certSerialId: null}
2019-09-16 16:33:34,635 [RatisPipelineUtilsThread] ERROR pipeline.SCMPipelineManager (Scheduler.java:lambda$schedule$1(70)) - Destroy pipeline failed for pipeline:Pipeline[ Id: 3ab55fe5-a8b1-4e30-8295-e6c05f8a743b, Nodes: 2b9d536e-7082-46d0-bcea-3da9bf5f5d0c{ip: 192.168.5.183, host: pr-hdds-1054-fkf2j-3502855176, networkLocation: /default-rack, certSerialId: null}103cee85-d2d3-4069-a903-4a8bed8118d2{ip: 192.168.5.183, host: pr-hdds-1054-fkf2j-3502855176, networkLocation: /default-rack, certSerialId: null}5da997ac-485a-4ae3-a11f-bd7c3a0ad14d{ip: 192.168.5.183, host: pr-hdds-1054-fkf2j-3502855176, networkLocation: /default-rack, certSerialId: null}, Type:RATIS, Factor:THREE, State:CLOSED]
org.apache.hadoop.hdds.scm.pipeline.PipelineNotFoundException: PipelineID=3ab55fe5-a8b1-4e30-8295-e6c05f8a743b not found
	at org.apache.hadoop.hdds.scm.pipeline.PipelineStateMap.getPipeline(PipelineStateMap.java:132)
	at org.apache.hadoop.hdds.scm.pipeline.PipelineStateMap.removePipeline(PipelineStateMap.java:322)
	at org.apache.hadoop.hdds.scm.pipeline.PipelineStateManager.removePipeline(PipelineStateManager.java:107)
	at org.apache.hadoop.hdds.scm.pipeline.SCMPipelineManager.removePipeline(SCMPipelineManager.java:423)
	at org.apache.hadoop.hdds.scm.pipeline.SCMPipelineManager.destroyPipeline(SCMPipelineManager.java:409)
	at org.apache.hadoop.hdds.scm.pipeline.SCMPipelineManager.lambda$finalizeAndDestroyPipeline$0(SCMPipelineManager.java:318)
	at org.apache.hadoop.utils.Scheduler.lambda$schedule$1(Scheduler.java:68)
	at java.util.concurrent.Executors$RunnableAdapter.call(Executors.java:511)
	at java.util.concurrent.FutureTask.run(FutureTask.java:266)
	at java.util.concurrent.ScheduledThreadPoolExecutor$ScheduledFutureTask.access$201(ScheduledThreadPoolExecutor.java:180)
	at java.util.concurrent.ScheduledThreadPoolExecutor$ScheduledFutureTask.run(ScheduledThreadPoolExecutor.java:293)
	at java.util.concurrent.ThreadPoolExecutor.runWorker(ThreadPoolExecutor.java:1149)
	at java.util.concurrent.ThreadPoolExecutor$Worker.run(ThreadPoolExecutor.java:624)
	at java.lang.Thread.run(Thread.java:748)
2019-09-16 16:33:36,600 [grpc-default-executor-3] INFO  impl.RaftServerProxy (RaftServerProxy.java:remove(95)) - 2b9d536e-7082-46d0-bcea-3da9bf5f5d0c: remove group-E6C05F8A743B:null
2019-09-16 16:33:36,609 [RatisPipelineUtilsThread] WARN  pipeline.RatisPipelineUtils (RatisPipelineUtils.java:destroyPipeline(66)) - Pipeline destroy failed for pipeline=PipelineID=3ab55fe5-a8b1-4e30-8295-e6c05f8a743b dn=2b9d536e-7082-46d0-bcea-3da9bf5f5d0c{ip: 192.168.5.183, host: pr-hdds-1054-fkf2j-3502855176, networkLocation: /default-rack, certSerialId: null}
2019-09-16 16:33:36,616 [grpc-default-executor-3] INFO  impl.RaftServerProxy (RaftServerProxy.java:remove(95)) - 103cee85-d2d3-4069-a903-4a8bed8118d2: remove group-E6C05F8A743B:null
2019-09-16 16:33:36,623 [RatisPipelineUtilsThread] WARN  pipeline.RatisPipelineUtils (RatisPipelineUtils.java:destroyPipeline(66)) - Pipeline destroy failed for pipeline=PipelineID=3ab55fe5-a8b1-4e30-8295-e6c05f8a743b dn=103cee85-d2d3-4069-a903-4a8bed8118d2{ip: 192.168.5.183, host: pr-hdds-1054-fkf2j-3502855176, networkLocation: /default-rack, certSerialId: null}
2019-09-16 16:33:36,629 [grpc-default-executor-3] INFO  impl.RaftServerProxy (RaftServerProxy.java:remove(95)) - 5da997ac-485a-4ae3-a11f-bd7c3a0ad14d: remove group-E6C05F8A743B:null
2019-09-16 16:33:36,636 [RatisPipelineUtilsThread] WARN  pipeline.RatisPipelineUtils (RatisPipelineUtils.java:destroyPipeline(66)) - Pipeline destroy failed for pipeline=PipelineID=3ab55fe5-a8b1-4e30-8295-e6c05f8a743b dn=5da997ac-485a-4ae3-a11f-bd7c3a0ad14d{ip: 192.168.5.183, host: pr-hdds-1054-fkf2j-3502855176, networkLocation: /default-rack, certSerialId: null}
2019-09-16 16:33:36,636 [RatisPipelineUtilsThread] ERROR pipeline.SCMPipelineManager (Scheduler.java:lambda$schedule$1(70)) - Destroy pipeline failed for pipeline:Pipeline[ Id: 3ab55fe5-a8b1-4e30-8295-e6c05f8a743b, Nodes: 2b9d536e-7082-46d0-bcea-3da9bf5f5d0c{ip: 192.168.5.183, host: pr-hdds-1054-fkf2j-3502855176, networkLocation: /default-rack, certSerialId: null}103cee85-d2d3-4069-a903-4a8bed8118d2{ip: 192.168.5.183, host: pr-hdds-1054-fkf2j-3502855176, networkLocation: /default-rack, certSerialId: null}5da997ac-485a-4ae3-a11f-bd7c3a0ad14d{ip: 192.168.5.183, host: pr-hdds-1054-fkf2j-3502855176, networkLocation: /default-rack, certSerialId: null}, Type:RATIS, Factor:THREE, State:CLOSED]
org.apache.hadoop.hdds.scm.pipeline.PipelineNotFoundException: PipelineID=3ab55fe5-a8b1-4e30-8295-e6c05f8a743b not found
	at org.apache.hadoop.hdds.scm.pipeline.PipelineStateMap.getPipeline(PipelineStateMap.java:132)
	at org.apache.hadoop.hdds.scm.pipeline.PipelineStateMap.removePipeline(PipelineStateMap.java:322)
	at org.apache.hadoop.hdds.scm.pipeline.PipelineStateManager.removePipeline(PipelineStateManager.java:107)
	at org.apache.hadoop.hdds.scm.pipeline.SCMPipelineManager.removePipeline(SCMPipelineManager.java:423)
	at org.apache.hadoop.hdds.scm.pipeline.SCMPipelineManager.destroyPipeline(SCMPipelineManager.java:409)
	at org.apache.hadoop.hdds.scm.pipeline.SCMPipelineManager.lambda$finalizeAndDestroyPipeline$0(SCMPipelineManager.java:318)
	at org.apache.hadoop.utils.Scheduler.lambda$schedule$1(Scheduler.java:68)
	at java.util.concurrent.Executors$RunnableAdapter.call(Executors.java:511)
	at java.util.concurrent.FutureTask.run(FutureTask.java:266)
	at java.util.concurrent.ScheduledThreadPoolExecutor$ScheduledFutureTask.access$201(ScheduledThreadPoolExecutor.java:180)
	at java.util.concurrent.ScheduledThreadPoolExecutor$ScheduledFutureTask.run(ScheduledThreadPoolExecutor.java:293)
	at java.util.concurrent.ThreadPoolExecutor.runWorker(ThreadPoolExecutor.java:1149)
	at java.util.concurrent.ThreadPoolExecutor$Worker.run(ThreadPoolExecutor.java:624)
	at java.lang.Thread.run(Thread.java:748)
2019-09-16 16:33:36,643 [java.util.concurrent.ThreadPoolExecutor$Worker@5dad4454[State = -1, empty queue]] WARN  server.GrpcLogAppender (GrpcLogAppender.java:timeoutAppendRequest(200)) - 33002f53-59d2-46ae-91ae-843eaa52c7d0@group-03260B50B3E1->816c2023-76ea-4558-9da7-70127639a79a-GrpcLogAppender: appendEntries Timeout, request=33002f53-59d2-46ae-91ae-843eaa52c7d0->816c2023-76ea-4558-9da7-70127639a79a#89-t1, previous=(t:1, i:12), leaderCommit=12, initializing? false, entries: size=1, first=(t:1, i:13), STATEMACHINELOGENTRY, client-2CBA63CDBB2F, cid=36
2019-09-16 16:33:36,643 [java.util.concurrent.ThreadPoolExecutor$Worker@25934a47[State = -1, empty queue]] WARN  server.GrpcLogAppender (GrpcLogAppender.java:timeoutAppendRequest(200)) - 33002f53-59d2-46ae-91ae-843eaa52c7d0@group-03260B50B3E1->e3c513c6-7b5b-430b-887c-eb88026c45f2-GrpcLogAppender: appendEntries Timeout, request=33002f53-59d2-46ae-91ae-843eaa52c7d0->e3c513c6-7b5b-430b-887c-eb88026c45f2#89-t1, previous=(t:1, i:12), leaderCommit=12, initializing? false, entries: size=1, first=(t:1, i:13), STATEMACHINELOGENTRY, client-2CBA63CDBB2F, cid=36
2019-09-16 16:33:36,644 [java.util.concurrent.ThreadPoolExecutor$Worker@25934a47[State = -1, empty queue]] WARN  server.GrpcLogAppender (GrpcLogAppender.java:timeoutAppendRequest(200)) - 33002f53-59d2-46ae-91ae-843eaa52c7d0@group-03260B50B3E1->e3c513c6-7b5b-430b-887c-eb88026c45f2-GrpcLogAppender: appendEntries Timeout, request=33002f53-59d2-46ae-91ae-843eaa52c7d0->e3c513c6-7b5b-430b-887c-eb88026c45f2#90-t1, previous=(t:1, i:13), leaderCommit=12, initializing? false, entries: size=1, first=(t:1, i:14), STATEMACHINELOGENTRY, client-2CBA63CDBB2F, cid=37
2019-09-16 16:33:36,645 [java.util.concurrent.ThreadPoolExecutor$Worker@5dad4454[State = -1, empty queue]] WARN  server.GrpcLogAppender (GrpcLogAppender.java:timeoutAppendRequest(200)) - 33002f53-59d2-46ae-91ae-843eaa52c7d0@group-03260B50B3E1->816c2023-76ea-4558-9da7-70127639a79a-GrpcLogAppender: appendEntries Timeout, request=33002f53-59d2-46ae-91ae-843eaa52c7d0->816c2023-76ea-4558-9da7-70127639a79a#90-t1, previous=(t:1, i:13), leaderCommit=12, initializing? false, entries: size=1, first=(t:1, i:14), STATEMACHINELOGENTRY, client-2CBA63CDBB2F, cid=37
2019-09-16 16:33:36,645 [java.util.concurrent.ThreadPoolExecutor$Worker@25934a47[State = -1, empty queue]] WARN  server.GrpcLogAppender (GrpcLogAppender.java:timeoutAppendRequest(200)) - 33002f53-59d2-46ae-91ae-843eaa52c7d0@group-03260B50B3E1->e3c513c6-7b5b-430b-887c-eb88026c45f2-GrpcLogAppender: appendEntries Timeout, request=33002f53-59d2-46ae-91ae-843eaa52c7d0->e3c513c6-7b5b-430b-887c-eb88026c45f2#91-t1, previous=(t:1, i:14), leaderCommit=12, initializing? false, entries: size=1, first=(t:1, i:15), STATEMACHINELOGENTRY, client-2CBA63CDBB2F, cid=38
2019-09-16 16:33:36,645 [java.util.concurrent.ThreadPoolExecutor$Worker@5dad4454[State = -1, empty queue]] WARN  server.GrpcLogAppender (GrpcLogAppender.java:timeoutAppendRequest(200)) - 33002f53-59d2-46ae-91ae-843eaa52c7d0@group-03260B50B3E1->816c2023-76ea-4558-9da7-70127639a79a-GrpcLogAppender: appendEntries Timeout, request=33002f53-59d2-46ae-91ae-843eaa52c7d0->816c2023-76ea-4558-9da7-70127639a79a#91-t1, previous=(t:1, i:14), leaderCommit=12, initializing? false, entries: size=1, first=(t:1, i:15), STATEMACHINELOGENTRY, client-2CBA63CDBB2F, cid=38
2019-09-16 16:33:36,647 [java.util.concurrent.ThreadPoolExecutor$Worker@25934a47[State = -1, empty queue]] WARN  server.GrpcLogAppender (GrpcLogAppender.java:timeoutAppendRequest(200)) - 33002f53-59d2-46ae-91ae-843eaa52c7d0@group-03260B50B3E1->e3c513c6-7b5b-430b-887c-eb88026c45f2-GrpcLogAppender: appendEntries Timeout, request=33002f53-59d2-46ae-91ae-843eaa52c7d0->e3c513c6-7b5b-430b-887c-eb88026c45f2#92-t1, previous=(t:1, i:15), leaderCommit=12, initializing? false, entries: size=1, first=(t:1, i:16), STATEMACHINELOGENTRY, client-2CBA63CDBB2F, cid=39
2019-09-16 16:33:36,647 [java.util.concurrent.ThreadPoolExecutor$Worker@5dad4454[State = -1, empty queue]] WARN  server.GrpcLogAppender (GrpcLogAppender.java:timeoutAppendRequest(200)) - 33002f53-59d2-46ae-91ae-843eaa52c7d0@group-03260B50B3E1->816c2023-76ea-4558-9da7-70127639a79a-GrpcLogAppender: appendEntries Timeout, request=33002f53-59d2-46ae-91ae-843eaa52c7d0->816c2023-76ea-4558-9da7-70127639a79a#92-t1, previous=(t:1, i:15), leaderCommit=12, initializing? false, entries: size=1, first=(t:1, i:16), STATEMACHINELOGENTRY, client-2CBA63CDBB2F, cid=39
2019-09-16 16:33:36,648 [java.util.concurrent.ThreadPoolExecutor$Worker@5dad4454[State = -1, empty queue]] WARN  server.GrpcLogAppender (GrpcLogAppender.java:timeoutAppendRequest(200)) - 33002f53-59d2-46ae-91ae-843eaa52c7d0@group-03260B50B3E1->816c2023-76ea-4558-9da7-70127639a79a-GrpcLogAppender: appendEntries Timeout, request=33002f53-59d2-46ae-91ae-843eaa52c7d0->816c2023-76ea-4558-9da7-70127639a79a#93-t1, previous=(t:1, i:16), leaderCommit=12, initializing? false, entries: size=1, first=(t:1, i:17), STATEMACHINELOGENTRY, client-2CBA63CDBB2F, cid=40
2019-09-16 16:33:36,649 [java.util.concurrent.ThreadPoolExecutor$Worker@25934a47[State = -1, empty queue]] WARN  server.GrpcLogAppender (GrpcLogAppender.java:timeoutAppendRequest(200)) - 33002f53-59d2-46ae-91ae-843eaa52c7d0@group-03260B50B3E1->e3c513c6-7b5b-430b-887c-eb88026c45f2-GrpcLogAppender: appendEntries Timeout, request=33002f53-59d2-46ae-91ae-843eaa52c7d0->e3c513c6-7b5b-430b-887c-eb88026c45f2#93-t1, previous=(t:1, i:16), leaderCommit=12, initializing? false, entries: size=1, first=(t:1, i:17), STATEMACHINELOGENTRY, client-2CBA63CDBB2F, cid=40
2019-09-16 16:33:36,649 [java.util.concurrent.ThreadPoolExecutor$Worker@5dad4454[State = -1, empty queue]] WARN  server.GrpcLogAppender (GrpcLogAppender.java:timeoutAppendRequest(200)) - 33002f53-59d2-46ae-91ae-843eaa52c7d0@group-03260B50B3E1->816c2023-76ea-4558-9da7-70127639a79a-GrpcLogAppender: appendEntries Timeout, request=33002f53-59d2-46ae-91ae-843eaa52c7d0->816c2023-76ea-4558-9da7-70127639a79a#94-t1, previous=(t:1, i:17), leaderCommit=12, initializing? false, entries: size=1, first=(t:1, i:18), STATEMACHINELOGENTRY, client-2CBA63CDBB2F, cid=41
2019-09-16 16:33:36,649 [java.util.concurrent.ThreadPoolExecutor$Worker@25934a47[State = -1, empty queue]] WARN  server.GrpcLogAppender (GrpcLogAppender.java:timeoutAppendRequest(200)) - 33002f53-59d2-46ae-91ae-843eaa52c7d0@group-03260B50B3E1->e3c513c6-7b5b-430b-887c-eb88026c45f2-GrpcLogAppender: appendEntries Timeout, request=33002f53-59d2-46ae-91ae-843eaa52c7d0->e3c513c6-7b5b-430b-887c-eb88026c45f2#94-t1, previous=(t:1, i:17), leaderCommit=12, initializing? false, entries: size=1, first=(t:1, i:18), STATEMACHINELOGENTRY, client-2CBA63CDBB2F, cid=41
2019-09-16 16:33:37,592 [Thread-837] INFO  impl.FollowerState (FollowerState.java:run(106)) - 5da997ac-485a-4ae3-a11f-bd7c3a0ad14d:group-EFD673A008FB changes to CANDIDATE, lastRpcTime:5066, electionTimeout:5066ms
2019-09-16 16:33:37,593 [Thread-837] INFO  impl.RoleInfo (RoleInfo.java:shutdownFollowerState(121)) - 5da997ac-485a-4ae3-a11f-bd7c3a0ad14d: shutdown FollowerState
2019-09-16 16:33:37,593 [Thread-837] INFO  impl.RaftServerImpl (RaftServerImpl.java:setRole(174)) - 5da997ac-485a-4ae3-a11f-bd7c3a0ad14d@group-EFD673A008FB: changes role from  FOLLOWER to CANDIDATE at term 0 for changeToCandidate
2019-09-16 16:33:37,593 [Thread-837] INFO  impl.RoleInfo (RoleInfo.java:updateAndGet(143)) - 5da997ac-485a-4ae3-a11f-bd7c3a0ad14d: start LeaderElection
2019-09-16 16:33:37,632 [5da997ac-485a-4ae3-a11f-bd7c3a0ad14d@group-EFD673A008FB:LeaderElection11] INFO  impl.LeaderElection (LeaderElection.java:askForVotes(182)) - 5da997ac-485a-4ae3-a11f-bd7c3a0ad14d@group-EFD673A008FB:LeaderElection11: begin an election at term 1 for -1: [2b9d536e-7082-46d0-bcea-3da9bf5f5d0c:192.168.5.183:34589, 103cee85-d2d3-4069-a903-4a8bed8118d2:192.168.5.183:32958, 5da997ac-485a-4ae3-a11f-bd7c3a0ad14d:192.168.5.183:41252], old=null
2019-09-16 16:33:37,645 [grpc-default-executor-2] INFO  impl.RaftServerImpl (RaftServerImpl.java:setRole(174)) - 103cee85-d2d3-4069-a903-4a8bed8118d2@group-EFD673A008FB: changes role from  FOLLOWER to FOLLOWER at term 1 for recognizeCandidate:5da997ac-485a-4ae3-a11f-bd7c3a0ad14d
2019-09-16 16:33:37,649 [grpc-default-executor-3] INFO  impl.RaftServerImpl (RaftServerImpl.java:setRole(174)) - 2b9d536e-7082-46d0-bcea-3da9bf5f5d0c@group-EFD673A008FB: changes role from  FOLLOWER to FOLLOWER at term 1 for recognizeCandidate:5da997ac-485a-4ae3-a11f-bd7c3a0ad14d
2019-09-16 16:33:37,649 [grpc-default-executor-2] INFO  impl.RoleInfo (RoleInfo.java:shutdownFollowerState(121)) - 103cee85-d2d3-4069-a903-4a8bed8118d2: shutdown FollowerState
2019-09-16 16:33:37,649 [grpc-default-executor-3] INFO  impl.RoleInfo (RoleInfo.java:shutdownFollowerState(121)) - 2b9d536e-7082-46d0-bcea-3da9bf5f5d0c: shutdown FollowerState
2019-09-16 16:33:37,650 [grpc-default-executor-2] INFO  impl.RoleInfo (RoleInfo.java:updateAndGet(143)) - 103cee85-d2d3-4069-a903-4a8bed8118d2: start FollowerState
2019-09-16 16:33:37,650 [Thread-838] INFO  impl.FollowerState (FollowerState.java:run(115)) - 2b9d536e-7082-46d0-bcea-3da9bf5f5d0c: FollowerState was interrupted: java.lang.InterruptedException: sleep interrupted
2019-09-16 16:33:37,650 [Thread-835] INFO  impl.FollowerState (FollowerState.java:run(115)) - 103cee85-d2d3-4069-a903-4a8bed8118d2: FollowerState was interrupted: java.lang.InterruptedException: sleep interrupted
2019-09-16 16:33:37,650 [grpc-default-executor-3] INFO  impl.RoleInfo (RoleInfo.java:updateAndGet(143)) - 2b9d536e-7082-46d0-bcea-3da9bf5f5d0c: start FollowerState
2019-09-16 16:33:37,684 [5da997ac-485a-4ae3-a11f-bd7c3a0ad14d@group-EFD673A008FB:LeaderElection11] INFO  impl.LeaderElection (LeaderElection.java:logAndReturn(56)) - 5da997ac-485a-4ae3-a11f-bd7c3a0ad14d@group-EFD673A008FB:LeaderElection11: Election PASSED; received 1 response(s) [5da997ac-485a-4ae3-a11f-bd7c3a0ad14d<-2b9d536e-7082-46d0-bcea-3da9bf5f5d0c#0:OK-t1] and 0 exception(s); 5da997ac-485a-4ae3-a11f-bd7c3a0ad14d@group-EFD673A008FB:t1, leader=null, voted=5da997ac-485a-4ae3-a11f-bd7c3a0ad14d, raftlog=5da997ac-485a-4ae3-a11f-bd7c3a0ad14d@group-EFD673A008FB-SegmentedRaftLog:OPENED:c-1,f-1,i0, conf=-1: [2b9d536e-7082-46d0-bcea-3da9bf5f5d0c:192.168.5.183:34589, 103cee85-d2d3-4069-a903-4a8bed8118d2:192.168.5.183:32958, 5da997ac-485a-4ae3-a11f-bd7c3a0ad14d:192.168.5.183:41252], old=null
2019-09-16 16:33:37,684 [5da997ac-485a-4ae3-a11f-bd7c3a0ad14d@group-EFD673A008FB:LeaderElection11] INFO  impl.RoleInfo (RoleInfo.java:shutdownLeaderElection(134)) - 5da997ac-485a-4ae3-a11f-bd7c3a0ad14d: shutdown LeaderElection
2019-09-16 16:33:37,685 [5da997ac-485a-4ae3-a11f-bd7c3a0ad14d@group-EFD673A008FB:LeaderElection11] INFO  impl.RaftServerImpl (RaftServerImpl.java:setRole(174)) - 5da997ac-485a-4ae3-a11f-bd7c3a0ad14d@group-EFD673A008FB: changes role from CANDIDATE to LEADER at term 1 for changeToLeader
2019-09-16 16:33:37,686 [5da997ac-485a-4ae3-a11f-bd7c3a0ad14d@group-EFD673A008FB:LeaderElection11] INFO  impl.RaftServerImpl (ServerState.java:setLeader(253)) - 5da997ac-485a-4ae3-a11f-bd7c3a0ad14d@group-EFD673A008FB: change Leader from null to 5da997ac-485a-4ae3-a11f-bd7c3a0ad14d at term 1 for becomeLeader, leader elected after 5178ms
2019-09-16 16:33:37,687 [5da997ac-485a-4ae3-a11f-bd7c3a0ad14d@group-EFD673A008FB:LeaderElection11] INFO  server.RaftServerConfigKeys (ConfUtils.java:logGet(43)) - raft.server.staging.catchup.gap = 1000 (default)
2019-09-16 16:33:37,687 [5da997ac-485a-4ae3-a11f-bd7c3a0ad14d@group-EFD673A008FB:LeaderElection11] INFO  server.RaftServerConfigKeys (ConfUtils.java:logGet(43)) - raft.server.rpc.sleep.time = 25ms (default)
2019-09-16 16:33:37,687 [5da997ac-485a-4ae3-a11f-bd7c3a0ad14d@group-EFD673A008FB:LeaderElection11] INFO  server.RaftServerConfigKeys (ConfUtils.java:logGet(43)) - raft.server.write.element-limit = 4096 (default)
2019-09-16 16:33:37,687 [5da997ac-485a-4ae3-a11f-bd7c3a0ad14d@group-EFD673A008FB:LeaderElection11] INFO  server.RaftServerConfigKeys (ConfUtils.java:logGet(43)) - raft.server.watch.timeout = 10s (default)
2019-09-16 16:33:37,687 [5da997ac-485a-4ae3-a11f-bd7c3a0ad14d@group-EFD673A008FB:LeaderElection11] INFO  server.RaftServerConfigKeys (ConfUtils.java:logGet(43)) - raft.server.watch.timeout.denomination = 1s (default)
2019-09-16 16:33:37,688 [5da997ac-485a-4ae3-a11f-bd7c3a0ad14d@group-EFD673A008FB:LeaderElection11] INFO  server.RaftServerConfigKeys (ConfUtils.java:logGet(43)) - raft.server.watch.element-limit = 65536 (default)
2019-09-16 16:33:37,692 [5da997ac-485a-4ae3-a11f-bd7c3a0ad14d@group-EFD673A008FB:LeaderElection11] INFO  server.RaftServerConfigKeys (ConfUtils.java:logGet(43)) - raft.server.log.appender.snapshot.chunk.size.max = 16MB (=16777216) (default)
2019-09-16 16:33:37,692 [5da997ac-485a-4ae3-a11f-bd7c3a0ad14d@group-EFD673A008FB:LeaderElection11] INFO  server.RaftServerConfigKeys (ConfUtils.java:logGet(43)) - raft.server.log.appender.buffer.byte-limit = 33554432 (custom)
2019-09-16 16:33:37,693 [5da997ac-485a-4ae3-a11f-bd7c3a0ad14d@group-EFD673A008FB:LeaderElection11] INFO  server.RaftServerConfigKeys (ConfUtils.java:logGet(43)) - raft.server.log.appender.buffer.element-limit = 1 (custom)
2019-09-16 16:33:37,693 [5da997ac-485a-4ae3-a11f-bd7c3a0ad14d@group-EFD673A008FB:LeaderElection11] INFO  grpc.GrpcConfigKeys$Server (ConfUtils.java:logGet(43)) - raft.grpc.server.leader.outstanding.appends.max = 128 (default)
2019-09-16 16:33:37,693 [5da997ac-485a-4ae3-a11f-bd7c3a0ad14d@group-EFD673A008FB:LeaderElection11] INFO  server.RaftServerConfigKeys (ConfUtils.java:logGet(43)) - raft.server.rpc.request.timeout = 3000ms (default)
2019-09-16 16:33:37,693 [5da997ac-485a-4ae3-a11f-bd7c3a0ad14d@group-EFD673A008FB:LeaderElection11] INFO  server.RaftServerConfigKeys (ConfUtils.java:logGet(43)) - raft.server.log.appender.install.snapshot.enabled = false (custom)
2019-09-16 16:33:37,694 [5da997ac-485a-4ae3-a11f-bd7c3a0ad14d@group-EFD673A008FB:LeaderElection11] INFO  server.RaftServerConfigKeys (ConfUtils.java:logGet(43)) - raft.server.log.appender.snapshot.chunk.size.max = 16MB (=16777216) (default)
2019-09-16 16:33:37,694 [5da997ac-485a-4ae3-a11f-bd7c3a0ad14d@group-EFD673A008FB:LeaderElection11] INFO  server.RaftServerConfigKeys (ConfUtils.java:logGet(43)) - raft.server.log.appender.buffer.byte-limit = 33554432 (custom)
2019-09-16 16:33:37,694 [5da997ac-485a-4ae3-a11f-bd7c3a0ad14d@group-EFD673A008FB:LeaderElection11] INFO  server.RaftServerConfigKeys (ConfUtils.java:logGet(43)) - raft.server.log.appender.buffer.element-limit = 1 (custom)
2019-09-16 16:33:37,694 [5da997ac-485a-4ae3-a11f-bd7c3a0ad14d@group-EFD673A008FB:LeaderElection11] INFO  grpc.GrpcConfigKeys$Server (ConfUtils.java:logGet(43)) - raft.grpc.server.leader.outstanding.appends.max = 128 (default)
2019-09-16 16:33:37,695 [5da997ac-485a-4ae3-a11f-bd7c3a0ad14d@group-EFD673A008FB:LeaderElection11] INFO  server.RaftServerConfigKeys (ConfUtils.java:logGet(43)) - raft.server.rpc.request.timeout = 3000ms (default)
2019-09-16 16:33:37,695 [5da997ac-485a-4ae3-a11f-bd7c3a0ad14d@group-EFD673A008FB:LeaderElection11] INFO  server.RaftServerConfigKeys (ConfUtils.java:logGet(43)) - raft.server.log.appender.install.snapshot.enabled = false (custom)
2019-09-16 16:33:37,695 [5da997ac-485a-4ae3-a11f-bd7c3a0ad14d@group-EFD673A008FB:LeaderElection11] INFO  impl.RoleInfo (RoleInfo.java:updateAndGet(143)) - 5da997ac-485a-4ae3-a11f-bd7c3a0ad14d: start LeaderState
2019-09-16 16:33:37,696 [5da997ac-485a-4ae3-a11f-bd7c3a0ad14d@group-EFD673A008FB:LeaderElection11] INFO  segmented.SegmentedRaftLogWorker (SegmentedRaftLogWorker.java:startLogSegment(380)) - 5da997ac-485a-4ae3-a11f-bd7c3a0ad14d@group-EFD673A008FB-SegmentedRaftLogWorker: Starting segment from index:0
2019-09-16 16:33:37,697 [5da997ac-485a-4ae3-a11f-bd7c3a0ad14d@group-EFD673A008FB:LeaderElection11] INFO  impl.RaftServerImpl (ServerState.java:setRaftConf(354)) - 5da997ac-485a-4ae3-a11f-bd7c3a0ad14d@group-EFD673A008FB: set configuration 0: [2b9d536e-7082-46d0-bcea-3da9bf5f5d0c:192.168.5.183:34589, 103cee85-d2d3-4069-a903-4a8bed8118d2:192.168.5.183:32958, 5da997ac-485a-4ae3-a11f-bd7c3a0ad14d:192.168.5.183:41252], old=null at 0
2019-09-16 16:33:37,736 [grpc-default-executor-2] INFO  impl.RaftServerImpl (ServerState.java:setLeader(253)) - 2b9d536e-7082-46d0-bcea-3da9bf5f5d0c@group-EFD673A008FB: change Leader from null to 5da997ac-485a-4ae3-a11f-bd7c3a0ad14d at term 1 for appendEntries, leader elected after 5229ms
2019-09-16 16:33:37,736 [grpc-default-executor-3] INFO  impl.RaftServerImpl (ServerState.java:setLeader(253)) - 103cee85-d2d3-4069-a903-4a8bed8118d2@group-EFD673A008FB: change Leader from null to 5da997ac-485a-4ae3-a11f-bd7c3a0ad14d at term 1 for appendEntries, leader elected after 5230ms
2019-09-16 16:33:37,739 [grpc-default-executor-2] INFO  impl.RaftServerImpl (ServerState.java:setRaftConf(354)) - 103cee85-d2d3-4069-a903-4a8bed8118d2@group-EFD673A008FB: set configuration 0: [2b9d536e-7082-46d0-bcea-3da9bf5f5d0c:192.168.5.183:34589, 103cee85-d2d3-4069-a903-4a8bed8118d2:192.168.5.183:32958, 5da997ac-485a-4ae3-a11f-bd7c3a0ad14d:192.168.5.183:41252], old=null at 0
2019-09-16 16:33:37,739 [grpc-default-executor-3] INFO  impl.RaftServerImpl (ServerState.java:setRaftConf(354)) - 2b9d536e-7082-46d0-bcea-3da9bf5f5d0c@group-EFD673A008FB: set configuration 0: [2b9d536e-7082-46d0-bcea-3da9bf5f5d0c:192.168.5.183:34589, 103cee85-d2d3-4069-a903-4a8bed8118d2:192.168.5.183:32958, 5da997ac-485a-4ae3-a11f-bd7c3a0ad14d:192.168.5.183:41252], old=null at 0
2019-09-16 16:33:37,739 [grpc-default-executor-2] INFO  segmented.SegmentedRaftLogWorker (SegmentedRaftLogWorker.java:startLogSegment(380)) - 103cee85-d2d3-4069-a903-4a8bed8118d2@group-EFD673A008FB-SegmentedRaftLogWorker: Starting segment from index:0
2019-09-16 16:33:37,740 [grpc-default-executor-3] INFO  segmented.SegmentedRaftLogWorker (SegmentedRaftLogWorker.java:startLogSegment(380)) - 2b9d536e-7082-46d0-bcea-3da9bf5f5d0c@group-EFD673A008FB-SegmentedRaftLogWorker: Starting segment from index:0
2019-09-16 16:33:37,748 [5da997ac-485a-4ae3-a11f-bd7c3a0ad14d@group-EFD673A008FB-SegmentedRaftLogWorker] INFO  segmented.SegmentedRaftLogWorker (SegmentedRaftLogWorker.java:execute(569)) - 5da997ac-485a-4ae3-a11f-bd7c3a0ad14d@group-EFD673A008FB-SegmentedRaftLogWorker: created new log segment /workdir/hadoop-ozone/integration-test/target/test-dir/MiniOzoneClusterImpl-c243529b-f19b-491a-9c19-62109b2f5e7f/datanode-2/data/ratis/780d3cc6-9867-4e5e-9ad1-efd673a008fb/current/log_inprogress_0
2019-09-16 16:33:37,852 [2b9d536e-7082-46d0-bcea-3da9bf5f5d0c@group-EFD673A008FB-SegmentedRaftLogWorker] INFO  segmented.SegmentedRaftLogWorker (SegmentedRaftLogWorker.java:execute(569)) - 2b9d536e-7082-46d0-bcea-3da9bf5f5d0c@group-EFD673A008FB-SegmentedRaftLogWorker: created new log segment /workdir/hadoop-ozone/integration-test/target/test-dir/MiniOzoneClusterImpl-c243529b-f19b-491a-9c19-62109b2f5e7f/datanode-1/data/ratis/780d3cc6-9867-4e5e-9ad1-efd673a008fb/current/log_inprogress_0
2019-09-16 16:33:37,852 [103cee85-d2d3-4069-a903-4a8bed8118d2@group-EFD673A008FB-SegmentedRaftLogWorker] INFO  segmented.SegmentedRaftLogWorker (SegmentedRaftLogWorker.java:execute(569)) - 103cee85-d2d3-4069-a903-4a8bed8118d2@group-EFD673A008FB-SegmentedRaftLogWorker: created new log segment /workdir/hadoop-ozone/integration-test/target/test-dir/MiniOzoneClusterImpl-c243529b-f19b-491a-9c19-62109b2f5e7f/datanode-0/data/ratis/780d3cc6-9867-4e5e-9ad1-efd673a008fb/current/log_inprogress_0
2019-09-16 16:33:38,674 [grpc-default-executor-3] INFO  client.GrpcClientProtocolClient (GrpcClientProtocolClient.java:onNext(264)) - client-2CBA63CDBB2F->816c2023-76ea-4558-9da7-70127639a79a: receive RaftClientReply:client-2CBA63CDBB2F->816c2023-76ea-4558-9da7-70127639a79a@group-03260B50B3E1, cid=36, FAILED org.apache.ratis.protocol.NotLeaderException: Server 816c2023-76ea-4558-9da7-70127639a79a@group-03260B50B3E1 is not the leader 33002f53-59d2-46ae-91ae-843eaa52c7d0:192.168.5.183:46255, logIndex=0, commits[816c2023-76ea-4558-9da7-70127639a79a:c12, e3c513c6-7b5b-430b-887c-eb88026c45f2:c10, 33002f53-59d2-46ae-91ae-843eaa52c7d0:c12]
2019-09-16 16:33:39,149 [java.util.concurrent.ThreadPoolExecutor$Worker@5dad4454[State = -1, empty queue]] WARN  server.GrpcLogAppender (GrpcLogAppender.java:timeoutAppendRequest(200)) - 33002f53-59d2-46ae-91ae-843eaa52c7d0@group-03260B50B3E1->816c2023-76ea-4558-9da7-70127639a79a-GrpcLogAppender: appendEntries Timeout, request=33002f53-59d2-46ae-91ae-843eaa52c7d0->816c2023-76ea-4558-9da7-70127639a79a#95-t1, previous=(t:1, i:18), leaderCommit=12, initializing? false, entries: <empty>
2019-09-16 16:33:39,149 [java.util.concurrent.ThreadPoolExecutor$Worker@25934a47[State = -1, empty queue]] WARN  server.GrpcLogAppender (GrpcLogAppender.java:timeoutAppendRequest(200)) - 33002f53-59d2-46ae-91ae-843eaa52c7d0@group-03260B50B3E1->e3c513c6-7b5b-430b-887c-eb88026c45f2-GrpcLogAppender: appendEntries Timeout, request=33002f53-59d2-46ae-91ae-843eaa52c7d0->e3c513c6-7b5b-430b-887c-eb88026c45f2#95-t1, previous=(t:1, i:18), leaderCommit=12, initializing? false, entries: <empty>
2019-09-16 16:33:39,602 [grpc-default-executor-2] INFO  impl.RaftServerProxy (RaftServerProxy.java:remove(95)) - 2b9d536e-7082-46d0-bcea-3da9bf5f5d0c: remove group-E6C05F8A743B:null
2019-09-16 16:33:39,610 [RatisPipelineUtilsThread] WARN  pipeline.RatisPipelineUtils (RatisPipelineUtils.java:destroyPipeline(66)) - Pipeline destroy failed for pipeline=PipelineID=3ab55fe5-a8b1-4e30-8295-e6c05f8a743b dn=2b9d536e-7082-46d0-bcea-3da9bf5f5d0c{ip: 192.168.5.183, host: pr-hdds-1054-fkf2j-3502855176, networkLocation: /default-rack, certSerialId: null}
2019-09-16 16:33:39,615 [grpc-default-executor-2] INFO  impl.RaftServerProxy (RaftServerProxy.java:remove(95)) - 103cee85-d2d3-4069-a903-4a8bed8118d2: remove group-E6C05F8A743B:null
2019-09-16 16:33:39,621 [RatisPipelineUtilsThread] WARN  pipeline.RatisPipelineUtils (RatisPipelineUtils.java:destroyPipeline(66)) - Pipeline destroy failed for pipeline=PipelineID=3ab55fe5-a8b1-4e30-8295-e6c05f8a743b dn=103cee85-d2d3-4069-a903-4a8bed8118d2{ip: 192.168.5.183, host: pr-hdds-1054-fkf2j-3502855176, networkLocation: /default-rack, certSerialId: null}
2019-09-16 16:33:39,626 [grpc-default-executor-2] INFO  impl.RaftServerProxy (RaftServerProxy.java:remove(95)) - 5da997ac-485a-4ae3-a11f-bd7c3a0ad14d: remove group-E6C05F8A743B:null
2019-09-16 16:33:39,632 [RatisPipelineUtilsThread] WARN  pipeline.RatisPipelineUtils (RatisPipelineUtils.java:destroyPipeline(66)) - Pipeline destroy failed for pipeline=PipelineID=3ab55fe5-a8b1-4e30-8295-e6c05f8a743b dn=5da997ac-485a-4ae3-a11f-bd7c3a0ad14d{ip: 192.168.5.183, host: pr-hdds-1054-fkf2j-3502855176, networkLocation: /default-rack, certSerialId: null}
2019-09-16 16:33:39,633 [RatisPipelineUtilsThread] ERROR pipeline.SCMPipelineManager (Scheduler.java:lambda$schedule$1(70)) - Destroy pipeline failed for pipeline:Pipeline[ Id: 3ab55fe5-a8b1-4e30-8295-e6c05f8a743b, Nodes: 2b9d536e-7082-46d0-bcea-3da9bf5f5d0c{ip: 192.168.5.183, host: pr-hdds-1054-fkf2j-3502855176, networkLocation: /default-rack, certSerialId: null}103cee85-d2d3-4069-a903-4a8bed8118d2{ip: 192.168.5.183, host: pr-hdds-1054-fkf2j-3502855176, networkLocation: /default-rack, certSerialId: null}5da997ac-485a-4ae3-a11f-bd7c3a0ad14d{ip: 192.168.5.183, host: pr-hdds-1054-fkf2j-3502855176, networkLocation: /default-rack, certSerialId: null}, Type:RATIS, Factor:THREE, State:CLOSED]
org.apache.hadoop.hdds.scm.pipeline.PipelineNotFoundException: PipelineID=3ab55fe5-a8b1-4e30-8295-e6c05f8a743b not found
	at org.apache.hadoop.hdds.scm.pipeline.PipelineStateMap.getPipeline(PipelineStateMap.java:132)
	at org.apache.hadoop.hdds.scm.pipeline.PipelineStateMap.removePipeline(PipelineStateMap.java:322)
	at org.apache.hadoop.hdds.scm.pipeline.PipelineStateManager.removePipeline(PipelineStateManager.java:107)
	at org.apache.hadoop.hdds.scm.pipeline.SCMPipelineManager.removePipeline(SCMPipelineManager.java:423)
	at org.apache.hadoop.hdds.scm.pipeline.SCMPipelineManager.destroyPipeline(SCMPipelineManager.java:409)
	at org.apache.hadoop.hdds.scm.pipeline.SCMPipelineManager.lambda$finalizeAndDestroyPipeline$0(SCMPipelineManager.java:318)
	at org.apache.hadoop.utils.Scheduler.lambda$schedule$1(Scheduler.java:68)
	at java.util.concurrent.Executors$RunnableAdapter.call(Executors.java:511)
	at java.util.concurrent.FutureTask.run(FutureTask.java:266)
	at java.util.concurrent.ScheduledThreadPoolExecutor$ScheduledFutureTask.access$201(ScheduledThreadPoolExecutor.java:180)
	at java.util.concurrent.ScheduledThreadPoolExecutor$ScheduledFutureTask.run(ScheduledThreadPoolExecutor.java:293)
	at java.util.concurrent.ThreadPoolExecutor.runWorker(ThreadPoolExecutor.java:1149)
	at java.util.concurrent.ThreadPoolExecutor$Worker.run(ThreadPoolExecutor.java:624)
	at java.lang.Thread.run(Thread.java:748)
2019-09-16 16:33:41,600 [grpc-default-executor-3] INFO  impl.RaftServerProxy (RaftServerProxy.java:remove(95)) - 2b9d536e-7082-46d0-bcea-3da9bf5f5d0c: remove group-E6C05F8A743B:null
2019-09-16 16:33:41,609 [RatisPipelineUtilsThread] WARN  pipeline.RatisPipelineUtils (RatisPipelineUtils.java:destroyPipeline(66)) - Pipeline destroy failed for pipeline=PipelineID=3ab55fe5-a8b1-4e30-8295-e6c05f8a743b dn=2b9d536e-7082-46d0-bcea-3da9bf5f5d0c{ip: 192.168.5.183, host: pr-hdds-1054-fkf2j-3502855176, networkLocation: /default-rack, certSerialId: null}
2019-09-16 16:33:41,615 [grpc-default-executor-3] INFO  impl.RaftServerProxy (RaftServerProxy.java:remove(95)) - 103cee85-d2d3-4069-a903-4a8bed8118d2: remove group-E6C05F8A743B:null
2019-09-16 16:33:41,623 [RatisPipelineUtilsThread] WARN  pipeline.RatisPipelineUtils (RatisPipelineUtils.java:destroyPipeline(66)) - Pipeline destroy failed for pipeline=PipelineID=3ab55fe5-a8b1-4e30-8295-e6c05f8a743b dn=103cee85-d2d3-4069-a903-4a8bed8118d2{ip: 192.168.5.183, host: pr-hdds-1054-fkf2j-3502855176, networkLocation: /default-rack, certSerialId: null}
2019-09-16 16:33:41,628 [grpc-default-executor-3] INFO  impl.RaftServerProxy (RaftServerProxy.java:remove(95)) - 5da997ac-485a-4ae3-a11f-bd7c3a0ad14d: remove group-E6C05F8A743B:null
2019-09-16 16:33:41,635 [RatisPipelineUtilsThread] WARN  pipeline.RatisPipelineUtils (RatisPipelineUtils.java:destroyPipeline(66)) - Pipeline destroy failed for pipeline=PipelineID=3ab55fe5-a8b1-4e30-8295-e6c05f8a743b dn=5da997ac-485a-4ae3-a11f-bd7c3a0ad14d{ip: 192.168.5.183, host: pr-hdds-1054-fkf2j-3502855176, networkLocation: /default-rack, certSerialId: null}
2019-09-16 16:33:41,635 [RatisPipelineUtilsThread] ERROR pipeline.SCMPipelineManager (Scheduler.java:lambda$schedule$1(70)) - Destroy pipeline failed for pipeline:Pipeline[ Id: 3ab55fe5-a8b1-4e30-8295-e6c05f8a743b, Nodes: 2b9d536e-7082-46d0-bcea-3da9bf5f5d0c{ip: 192.168.5.183, host: pr-hdds-1054-fkf2j-3502855176, networkLocation: /default-rack, certSerialId: null}103cee85-d2d3-4069-a903-4a8bed8118d2{ip: 192.168.5.183, host: pr-hdds-1054-fkf2j-3502855176, networkLocation: /default-rack, certSerialId: null}5da997ac-485a-4ae3-a11f-bd7c3a0ad14d{ip: 192.168.5.183, host: pr-hdds-1054-fkf2j-3502855176, networkLocation: /default-rack, certSerialId: null}, Type:RATIS, Factor:THREE, State:CLOSED]
org.apache.hadoop.hdds.scm.pipeline.PipelineNotFoundException: PipelineID=3ab55fe5-a8b1-4e30-8295-e6c05f8a743b not found
	at org.apache.hadoop.hdds.scm.pipeline.PipelineStateMap.getPipeline(PipelineStateMap.java:132)
	at org.apache.hadoop.hdds.scm.pipeline.PipelineStateMap.removePipeline(PipelineStateMap.java:322)
	at org.apache.hadoop.hdds.scm.pipeline.PipelineStateManager.removePipeline(PipelineStateManager.java:107)
	at org.apache.hadoop.hdds.scm.pipeline.SCMPipelineManager.removePipeline(SCMPipelineManager.java:423)
	at org.apache.hadoop.hdds.scm.pipeline.SCMPipelineManager.destroyPipeline(SCMPipelineManager.java:409)
	at org.apache.hadoop.hdds.scm.pipeline.SCMPipelineManager.lambda$finalizeAndDestroyPipeline$0(SCMPipelineManager.java:318)
	at org.apache.hadoop.utils.Scheduler.lambda$schedule$1(Scheduler.java:68)
	at java.util.concurrent.Executors$RunnableAdapter.call(Executors.java:511)
	at java.util.concurrent.FutureTask.run(FutureTask.java:266)
	at java.util.concurrent.ScheduledThreadPoolExecutor$ScheduledFutureTask.access$201(ScheduledThreadPoolExecutor.java:180)
	at java.util.concurrent.ScheduledThreadPoolExecutor$ScheduledFutureTask.run(ScheduledThreadPoolExecutor.java:293)
	at java.util.concurrent.ThreadPoolExecutor.runWorker(ThreadPoolExecutor.java:1149)
	at java.util.concurrent.ThreadPoolExecutor$Worker.run(ThreadPoolExecutor.java:624)
	at java.lang.Thread.run(Thread.java:748)
2019-09-16 16:33:41,651 [java.util.concurrent.ThreadPoolExecutor$Worker@5dad4454[State = -1, empty queue]] WARN  server.GrpcLogAppender (GrpcLogAppender.java:timeoutAppendRequest(200)) - 33002f53-59d2-46ae-91ae-843eaa52c7d0@group-03260B50B3E1->816c2023-76ea-4558-9da7-70127639a79a-GrpcLogAppender: appendEntries Timeout, request=33002f53-59d2-46ae-91ae-843eaa52c7d0->816c2023-76ea-4558-9da7-70127639a79a#96-t1, previous=(t:1, i:18), leaderCommit=12, initializing? false, entries: <empty>
2019-09-16 16:33:41,651 [java.util.concurrent.ThreadPoolExecutor$Worker@25934a47[State = -1, empty queue]] WARN  server.GrpcLogAppender (GrpcLogAppender.java:timeoutAppendRequest(200)) - 33002f53-59d2-46ae-91ae-843eaa52c7d0@group-03260B50B3E1->e3c513c6-7b5b-430b-887c-eb88026c45f2-GrpcLogAppender: appendEntries Timeout, request=33002f53-59d2-46ae-91ae-843eaa52c7d0->e3c513c6-7b5b-430b-887c-eb88026c45f2#96-t1, previous=(t:1, i:18), leaderCommit=12, initializing? false, entries: <empty>
2019-09-16 16:33:43,642 [33002f53-59d2-46ae-91ae-843eaa52c7d0@group-03260B50B3E1-SegmentedRaftLogWorker] WARN  segmented.SegmentedRaftLogWorker (SegmentedRaftLogWorker.java:getFromFuture(90)) - Timeout 0/~
org.apache.ratis.protocol.TimeoutIOException: Timeout 10s: WriteLog:13: (t:1, i:13), STATEMACHINELOGENTRY, client-2CBA63CDBB2F, cid=36-writeStateMachineData
	at org.apache.ratis.util.IOUtils.getFromFuture(IOUtils.java:87)
	at org.apache.ratis.server.raftlog.segmented.SegmentedRaftLogWorker$StateMachineDataPolicy.getFromFuture(SegmentedRaftLogWorker.java:87)
	at org.apache.ratis.server.raftlog.segmented.SegmentedRaftLogWorker$WriteLog.execute(SegmentedRaftLogWorker.java:477)
	at org.apache.ratis.server.raftlog.segmented.SegmentedRaftLogWorker.run(SegmentedRaftLogWorker.java:289)
	at java.lang.Thread.run(Thread.java:748)
Caused by: java.util.concurrent.TimeoutException
	at java.util.concurrent.CompletableFuture.timedGet(CompletableFuture.java:1771)
	at java.util.concurrent.CompletableFuture.get(CompletableFuture.java:1915)
	at org.apache.ratis.util.IOUtils.getFromFuture(IOUtils.java:79)
	... 4 more
2019-09-16 16:33:43,644 [816c2023-76ea-4558-9da7-70127639a79a@group-03260B50B3E1-SegmentedRaftLogWorker] WARN  segmented.SegmentedRaftLogWorker (SegmentedRaftLogWorker.java:getFromFuture(90)) - Timeout 0/~
org.apache.ratis.protocol.TimeoutIOException: Timeout 10s: WriteLog:13: (t:1, i:13), STATEMACHINELOGENTRY, client-2CBA63CDBB2F, cid=36-writeStateMachineData
	at org.apache.ratis.util.IOUtils.getFromFuture(IOUtils.java:87)
	at org.apache.ratis.server.raftlog.segmented.SegmentedRaftLogWorker$StateMachineDataPolicy.getFromFuture(SegmentedRaftLogWorker.java:87)
	at org.apache.ratis.server.raftlog.segmented.SegmentedRaftLogWorker$WriteLog.execute(SegmentedRaftLogWorker.java:477)
	at org.apache.ratis.server.raftlog.segmented.SegmentedRaftLogWorker.run(SegmentedRaftLogWorker.java:289)
	at java.lang.Thread.run(Thread.java:748)
Caused by: java.util.concurrent.TimeoutException
	at java.util.concurrent.CompletableFuture.timedGet(CompletableFuture.java:1771)
	at java.util.concurrent.CompletableFuture.get(CompletableFuture.java:1915)
	at org.apache.ratis.util.IOUtils.getFromFuture(IOUtils.java:79)
	... 4 more
2019-09-16 16:33:43,645 [e3c513c6-7b5b-430b-887c-eb88026c45f2@group-03260B50B3E1-SegmentedRaftLogWorker] WARN  segmented.SegmentedRaftLogWorker (SegmentedRaftLogWorker.java:getFromFuture(90)) - Timeout 0/~
org.apache.ratis.protocol.TimeoutIOException: Timeout 10s: WriteLog:13: (t:1, i:13), STATEMACHINELOGENTRY, client-2CBA63CDBB2F, cid=36-writeStateMachineData
	at org.apache.ratis.util.IOUtils.getFromFuture(IOUtils.java:87)
	at org.apache.ratis.server.raftlog.segmented.SegmentedRaftLogWorker$StateMachineDataPolicy.getFromFuture(SegmentedRaftLogWorker.java:87)
	at org.apache.ratis.server.raftlog.segmented.SegmentedRaftLogWorker$WriteLog.execute(SegmentedRaftLogWorker.java:477)
	at org.apache.ratis.server.raftlog.segmented.SegmentedRaftLogWorker.run(SegmentedRaftLogWorker.java:289)
	at java.lang.Thread.run(Thread.java:748)
Caused by: java.util.concurrent.TimeoutException
	at java.util.concurrent.CompletableFuture.timedGet(CompletableFuture.java:1771)
	at java.util.concurrent.CompletableFuture.get(CompletableFuture.java:1915)
	at org.apache.ratis.util.IOUtils.getFromFuture(IOUtils.java:79)
	... 4 more
2019-09-16 16:33:43,736 [grpc-default-executor-3] INFO  client.GrpcClientProtocolClient (GrpcClientProtocolClient.java:onNext(264)) - client-2CBA63CDBB2F->e3c513c6-7b5b-430b-887c-eb88026c45f2: receive RaftClientReply:client-2CBA63CDBB2F->e3c513c6-7b5b-430b-887c-eb88026c45f2@group-03260B50B3E1, cid=36, FAILED org.apache.ratis.protocol.NotLeaderException: Server e3c513c6-7b5b-430b-887c-eb88026c45f2@group-03260B50B3E1 is not the leader 33002f53-59d2-46ae-91ae-843eaa52c7d0:192.168.5.183:46255, logIndex=0, commits[e3c513c6-7b5b-430b-887c-eb88026c45f2:c12, 33002f53-59d2-46ae-91ae-843eaa52c7d0:c12, 816c2023-76ea-4558-9da7-70127639a79a:c10]
2019-09-16 16:33:44,151 [java.util.concurrent.ThreadPoolExecutor$Worker@5dad4454[State = -1, empty queue]] WARN  server.GrpcLogAppender (GrpcLogAppender.java:timeoutAppendRequest(200)) - 33002f53-59d2-46ae-91ae-843eaa52c7d0@group-03260B50B3E1->816c2023-76ea-4558-9da7-70127639a79a-GrpcLogAppender: appendEntries Timeout, request=33002f53-59d2-46ae-91ae-843eaa52c7d0->816c2023-76ea-4558-9da7-70127639a79a#97-t1, previous=(t:1, i:18), leaderCommit=12, initializing? false, entries: <empty>
2019-09-16 16:33:44,151 [java.util.concurrent.ThreadPoolExecutor$Worker@25934a47[State = -1, empty queue]] WARN  server.GrpcLogAppender (GrpcLogAppender.java:timeoutAppendRequest(200)) - 33002f53-59d2-46ae-91ae-843eaa52c7d0@group-03260B50B3E1->e3c513c6-7b5b-430b-887c-eb88026c45f2-GrpcLogAppender: appendEntries Timeout, request=33002f53-59d2-46ae-91ae-843eaa52c7d0->e3c513c6-7b5b-430b-887c-eb88026c45f2#97-t1, previous=(t:1, i:18), leaderCommit=12, initializing? false, entries: <empty>
2019-09-16 16:33:44,598 [grpc-default-executor-2] INFO  impl.RaftServerProxy (RaftServerProxy.java:remove(95)) - 2b9d536e-7082-46d0-bcea-3da9bf5f5d0c: remove group-E6C05F8A743B:null
2019-09-16 16:33:44,605 [RatisPipelineUtilsThread] WARN  pipeline.RatisPipelineUtils (RatisPipelineUtils.java:destroyPipeline(66)) - Pipeline destroy failed for pipeline=PipelineID=3ab55fe5-a8b1-4e30-8295-e6c05f8a743b dn=2b9d536e-7082-46d0-bcea-3da9bf5f5d0c{ip: 192.168.5.183, host: pr-hdds-1054-fkf2j-3502855176, networkLocation: /default-rack, certSerialId: null}
2019-09-16 16:33:44,616 [grpc-default-executor-2] INFO  impl.RaftServerProxy (RaftServerProxy.java:remove(95)) - 103cee85-d2d3-4069-a903-4a8bed8118d2: remove group-E6C05F8A743B:null
2019-09-16 16:33:44,625 [RatisPipelineUtilsThread] WARN  pipeline.RatisPipelineUtils (RatisPipelineUtils.java:destroyPipeline(66)) - Pipeline destroy failed for pipeline=PipelineID=3ab55fe5-a8b1-4e30-8295-e6c05f8a743b dn=103cee85-d2d3-4069-a903-4a8bed8118d2{ip: 192.168.5.183, host: pr-hdds-1054-fkf2j-3502855176, networkLocation: /default-rack, certSerialId: null}
2019-09-16 16:33:44,629 [grpc-default-executor-2] INFO  impl.RaftServerProxy (RaftServerProxy.java:remove(95)) - 5da997ac-485a-4ae3-a11f-bd7c3a0ad14d: remove group-E6C05F8A743B:null
2019-09-16 16:33:44,638 [RatisPipelineUtilsThread] WARN  pipeline.RatisPipelineUtils (RatisPipelineUtils.java:destroyPipeline(66)) - Pipeline destroy failed for pipeline=PipelineID=3ab55fe5-a8b1-4e30-8295-e6c05f8a743b dn=5da997ac-485a-4ae3-a11f-bd7c3a0ad14d{ip: 192.168.5.183, host: pr-hdds-1054-fkf2j-3502855176, networkLocation: /default-rack, certSerialId: null}
2019-09-16 16:33:44,638 [RatisPipelineUtilsThread] ERROR pipeline.SCMPipelineManager (Scheduler.java:lambda$schedule$1(70)) - Destroy pipeline failed for pipeline:Pipeline[ Id: 3ab55fe5-a8b1-4e30-8295-e6c05f8a743b, Nodes: 2b9d536e-7082-46d0-bcea-3da9bf5f5d0c{ip: 192.168.5.183, host: pr-hdds-1054-fkf2j-3502855176, networkLocation: /default-rack, certSerialId: null}103cee85-d2d3-4069-a903-4a8bed8118d2{ip: 192.168.5.183, host: pr-hdds-1054-fkf2j-3502855176, networkLocation: /default-rack, certSerialId: null}5da997ac-485a-4ae3-a11f-bd7c3a0ad14d{ip: 192.168.5.183, host: pr-hdds-1054-fkf2j-3502855176, networkLocation: /default-rack, certSerialId: null}, Type:RATIS, Factor:THREE, State:CLOSED]
org.apache.hadoop.hdds.scm.pipeline.PipelineNotFoundException: PipelineID=3ab55fe5-a8b1-4e30-8295-e6c05f8a743b not found
	at org.apache.hadoop.hdds.scm.pipeline.PipelineStateMap.getPipeline(PipelineStateMap.java:132)
	at org.apache.hadoop.hdds.scm.pipeline.PipelineStateMap.removePipeline(PipelineStateMap.java:322)
	at org.apache.hadoop.hdds.scm.pipeline.PipelineStateManager.removePipeline(PipelineStateManager.java:107)
	at org.apache.hadoop.hdds.scm.pipeline.SCMPipelineManager.removePipeline(SCMPipelineManager.java:423)
	at org.apache.hadoop.hdds.scm.pipeline.SCMPipelineManager.destroyPipeline(SCMPipelineManager.java:409)
	at org.apache.hadoop.hdds.scm.pipeline.SCMPipelineManager.lambda$finalizeAndDestroyPipeline$0(SCMPipelineManager.java:318)
	at org.apache.hadoop.utils.Scheduler.lambda$schedule$1(Scheduler.java:68)
	at java.util.concurrent.Executors$RunnableAdapter.call(Executors.java:511)
	at java.util.concurrent.FutureTask.run(FutureTask.java:266)
	at java.util.concurrent.ScheduledThreadPoolExecutor$ScheduledFutureTask.access$201(ScheduledThreadPoolExecutor.java:180)
	at java.util.concurrent.ScheduledThreadPoolExecutor$ScheduledFutureTask.run(ScheduledThreadPoolExecutor.java:293)
	at java.util.concurrent.ThreadPoolExecutor.runWorker(ThreadPoolExecutor.java:1149)
	at java.util.concurrent.ThreadPoolExecutor$Worker.run(ThreadPoolExecutor.java:624)
	at java.lang.Thread.run(Thread.java:748)
2019-09-16 16:33:46,603 [grpc-default-executor-2] INFO  impl.RaftServerProxy (RaftServerProxy.java:remove(95)) - 2b9d536e-7082-46d0-bcea-3da9bf5f5d0c: remove group-E6C05F8A743B:null
2019-09-16 16:33:46,613 [RatisPipelineUtilsThread] WARN  pipeline.RatisPipelineUtils (RatisPipelineUtils.java:destroyPipeline(66)) - Pipeline destroy failed for pipeline=PipelineID=3ab55fe5-a8b1-4e30-8295-e6c05f8a743b dn=2b9d536e-7082-46d0-bcea-3da9bf5f5d0c{ip: 192.168.5.183, host: pr-hdds-1054-fkf2j-3502855176, networkLocation: /default-rack, certSerialId: null}
2019-09-16 16:33:46,617 [grpc-default-executor-2] INFO  impl.RaftServerProxy (RaftServerProxy.java:remove(95)) - 103cee85-d2d3-4069-a903-4a8bed8118d2: remove group-E6C05F8A743B:null
2019-09-16 16:33:46,622 [RatisPipelineUtilsThread] WARN  pipeline.RatisPipelineUtils (RatisPipelineUtils.java:destroyPipeline(66)) - Pipeline destroy failed for pipeline=PipelineID=3ab55fe5-a8b1-4e30-8295-e6c05f8a743b dn=103cee85-d2d3-4069-a903-4a8bed8118d2{ip: 192.168.5.183, host: pr-hdds-1054-fkf2j-3502855176, networkLocation: /default-rack, certSerialId: null}
2019-09-16 16:33:46,625 [grpc-default-executor-2] INFO  impl.RaftServerProxy (RaftServerProxy.java:remove(95)) - 5da997ac-485a-4ae3-a11f-bd7c3a0ad14d: remove group-E6C05F8A743B:null
2019-09-16 16:33:46,630 [RatisPipelineUtilsThread] WARN  pipeline.RatisPipelineUtils (RatisPipelineUtils.java:destroyPipeline(66)) - Pipeline destroy failed for pipeline=PipelineID=3ab55fe5-a8b1-4e30-8295-e6c05f8a743b dn=5da997ac-485a-4ae3-a11f-bd7c3a0ad14d{ip: 192.168.5.183, host: pr-hdds-1054-fkf2j-3502855176, networkLocation: /default-rack, certSerialId: null}
2019-09-16 16:33:46,631 [RatisPipelineUtilsThread] ERROR pipeline.SCMPipelineManager (Scheduler.java:lambda$schedule$1(70)) - Destroy pipeline failed for pipeline:Pipeline[ Id: 3ab55fe5-a8b1-4e30-8295-e6c05f8a743b, Nodes: 2b9d536e-7082-46d0-bcea-3da9bf5f5d0c{ip: 192.168.5.183, host: pr-hdds-1054-fkf2j-3502855176, networkLocation: /default-rack, certSerialId: null}103cee85-d2d3-4069-a903-4a8bed8118d2{ip: 192.168.5.183, host: pr-hdds-1054-fkf2j-3502855176, networkLocation: /default-rack, certSerialId: null}5da997ac-485a-4ae3-a11f-bd7c3a0ad14d{ip: 192.168.5.183, host: pr-hdds-1054-fkf2j-3502855176, networkLocation: /default-rack, certSerialId: null}, Type:RATIS, Factor:THREE, State:CLOSED]
org.apache.hadoop.hdds.scm.pipeline.PipelineNotFoundException: PipelineID=3ab55fe5-a8b1-4e30-8295-e6c05f8a743b not found
	at org.apache.hadoop.hdds.scm.pipeline.PipelineStateMap.getPipeline(PipelineStateMap.java:132)
	at org.apache.hadoop.hdds.scm.pipeline.PipelineStateMap.removePipeline(PipelineStateMap.java:322)
	at org.apache.hadoop.hdds.scm.pipeline.PipelineStateManager.removePipeline(PipelineStateManager.java:107)
	at org.apache.hadoop.hdds.scm.pipeline.SCMPipelineManager.removePipeline(SCMPipelineManager.java:423)
	at org.apache.hadoop.hdds.scm.pipeline.SCMPipelineManager.destroyPipeline(SCMPipelineManager.java:409)
	at org.apache.hadoop.hdds.scm.pipeline.SCMPipelineManager.lambda$finalizeAndDestroyPipeline$0(SCMPipelineManager.java:318)
	at org.apache.hadoop.utils.Scheduler.lambda$schedule$1(Scheduler.java:68)
	at java.util.concurrent.Executors$RunnableAdapter.call(Executors.java:511)
	at java.util.concurrent.FutureTask.run(FutureTask.java:266)
	at java.util.concurrent.ScheduledThreadPoolExecutor$ScheduledFutureTask.access$201(ScheduledThreadPoolExecutor.java:180)
	at java.util.concurrent.ScheduledThreadPoolExecutor$ScheduledFutureTask.run(ScheduledThreadPoolExecutor.java:293)
	at java.util.concurrent.ThreadPoolExecutor.runWorker(ThreadPoolExecutor.java:1149)
	at java.util.concurrent.ThreadPoolExecutor$Worker.run(ThreadPoolExecutor.java:624)
	at java.lang.Thread.run(Thread.java:748)
2019-09-16 16:33:46,652 [java.util.concurrent.ThreadPoolExecutor$Worker@25934a47[State = -1, empty queue]] WARN  server.GrpcLogAppender (GrpcLogAppender.java:timeoutAppendRequest(200)) - 33002f53-59d2-46ae-91ae-843eaa52c7d0@group-03260B50B3E1->e3c513c6-7b5b-430b-887c-eb88026c45f2-GrpcLogAppender: appendEntries Timeout, request=33002f53-59d2-46ae-91ae-843eaa52c7d0->e3c513c6-7b5b-430b-887c-eb88026c45f2#98-t1, previous=(t:1, i:18), leaderCommit=12, initializing? false, entries: <empty>
2019-09-16 16:33:46,652 [java.util.concurrent.ThreadPoolExecutor$Worker@5dad4454[State = -1, empty queue]] WARN  server.GrpcLogAppender (GrpcLogAppender.java:timeoutAppendRequest(200)) - 33002f53-59d2-46ae-91ae-843eaa52c7d0@group-03260B50B3E1->816c2023-76ea-4558-9da7-70127639a79a-GrpcLogAppender: appendEntries Timeout, request=33002f53-59d2-46ae-91ae-843eaa52c7d0->816c2023-76ea-4558-9da7-70127639a79a#98-t1, previous=(t:1, i:18), leaderCommit=12, initializing? false, entries: <empty>
2019-09-16 16:33:48,767 [grpc-default-executor-3] INFO  client.GrpcClientProtocolClient (GrpcClientProtocolClient.java:onNext(264)) - client-2CBA63CDBB2F->e3c513c6-7b5b-430b-887c-eb88026c45f2: receive RaftClientReply:client-2CBA63CDBB2F->e3c513c6-7b5b-430b-887c-eb88026c45f2@group-03260B50B3E1, cid=36, FAILED org.apache.ratis.protocol.NotLeaderException: Server e3c513c6-7b5b-430b-887c-eb88026c45f2@group-03260B50B3E1 is not the leader 33002f53-59d2-46ae-91ae-843eaa52c7d0:192.168.5.183:46255, logIndex=0, commits[e3c513c6-7b5b-430b-887c-eb88026c45f2:c12, 33002f53-59d2-46ae-91ae-843eaa52c7d0:c12, 816c2023-76ea-4558-9da7-70127639a79a:c10]
2019-09-16 16:33:49,152 [java.util.concurrent.ThreadPoolExecutor$Worker@5dad4454[State = -1, empty queue]] WARN  server.GrpcLogAppender (GrpcLogAppender.java:timeoutAppendRequest(200)) - 33002f53-59d2-46ae-91ae-843eaa52c7d0@group-03260B50B3E1->816c2023-76ea-4558-9da7-70127639a79a-GrpcLogAppender: appendEntries Timeout, request=33002f53-59d2-46ae-91ae-843eaa52c7d0->816c2023-76ea-4558-9da7-70127639a79a#99-t1, previous=(t:1, i:18), leaderCommit=12, initializing? false, entries: <empty>
2019-09-16 16:33:49,152 [java.util.concurrent.ThreadPoolExecutor$Worker@25934a47[State = -1, empty queue]] WARN  server.GrpcLogAppender (GrpcLogAppender.java:timeoutAppendRequest(200)) - 33002f53-59d2-46ae-91ae-843eaa52c7d0@group-03260B50B3E1->e3c513c6-7b5b-430b-887c-eb88026c45f2-GrpcLogAppender: appendEntries Timeout, request=33002f53-59d2-46ae-91ae-843eaa52c7d0->e3c513c6-7b5b-430b-887c-eb88026c45f2#99-t1, previous=(t:1, i:18), leaderCommit=12, initializing? false, entries: <empty>
2019-09-16 16:33:49,600 [grpc-default-executor-3] INFO  impl.RaftServerProxy (RaftServerProxy.java:remove(95)) - 2b9d536e-7082-46d0-bcea-3da9bf5f5d0c: remove group-E6C05F8A743B:null
2019-09-16 16:33:49,611 [RatisPipelineUtilsThread] WARN  pipeline.RatisPipelineUtils (RatisPipelineUtils.java:destroyPipeline(66)) - Pipeline destroy failed for pipeline=PipelineID=3ab55fe5-a8b1-4e30-8295-e6c05f8a743b dn=2b9d536e-7082-46d0-bcea-3da9bf5f5d0c{ip: 192.168.5.183, host: pr-hdds-1054-fkf2j-3502855176, networkLocation: /default-rack, certSerialId: null}
2019-09-16 16:33:49,615 [grpc-default-executor-3] INFO  impl.RaftServerProxy (RaftServerProxy.java:remove(95)) - 103cee85-d2d3-4069-a903-4a8bed8118d2: remove group-E6C05F8A743B:null
2019-09-16 16:33:49,621 [RatisPipelineUtilsThread] WARN  pipeline.RatisPipelineUtils (RatisPipelineUtils.java:destroyPipeline(66)) - Pipeline destroy failed for pipeline=PipelineID=3ab55fe5-a8b1-4e30-8295-e6c05f8a743b dn=103cee85-d2d3-4069-a903-4a8bed8118d2{ip: 192.168.5.183, host: pr-hdds-1054-fkf2j-3502855176, networkLocation: /default-rack, certSerialId: null}
2019-09-16 16:33:49,625 [grpc-default-executor-3] INFO  impl.RaftServerProxy (RaftServerProxy.java:remove(95)) - 5da997ac-485a-4ae3-a11f-bd7c3a0ad14d: remove group-E6C05F8A743B:null
2019-09-16 16:33:49,631 [RatisPipelineUtilsThread] WARN  pipeline.RatisPipelineUtils (RatisPipelineUtils.java:destroyPipeline(66)) - Pipeline destroy failed for pipeline=PipelineID=3ab55fe5-a8b1-4e30-8295-e6c05f8a743b dn=5da997ac-485a-4ae3-a11f-bd7c3a0ad14d{ip: 192.168.5.183, host: pr-hdds-1054-fkf2j-3502855176, networkLocation: /default-rack, certSerialId: null}
2019-09-16 16:33:49,631 [RatisPipelineUtilsThread] ERROR pipeline.SCMPipelineManager (Scheduler.java:lambda$schedule$1(70)) - Destroy pipeline failed for pipeline:Pipeline[ Id: 3ab55fe5-a8b1-4e30-8295-e6c05f8a743b, Nodes: 2b9d536e-7082-46d0-bcea-3da9bf5f5d0c{ip: 192.168.5.183, host: pr-hdds-1054-fkf2j-3502855176, networkLocation: /default-rack, certSerialId: null}103cee85-d2d3-4069-a903-4a8bed8118d2{ip: 192.168.5.183, host: pr-hdds-1054-fkf2j-3502855176, networkLocation: /default-rack, certSerialId: null}5da997ac-485a-4ae3-a11f-bd7c3a0ad14d{ip: 192.168.5.183, host: pr-hdds-1054-fkf2j-3502855176, networkLocation: /default-rack, certSerialId: null}, Type:RATIS, Factor:THREE, State:CLOSED]
org.apache.hadoop.hdds.scm.pipeline.PipelineNotFoundException: PipelineID=3ab55fe5-a8b1-4e30-8295-e6c05f8a743b not found
	at org.apache.hadoop.hdds.scm.pipeline.PipelineStateMap.getPipeline(PipelineStateMap.java:132)
	at org.apache.hadoop.hdds.scm.pipeline.PipelineStateMap.removePipeline(PipelineStateMap.java:322)
	at org.apache.hadoop.hdds.scm.pipeline.PipelineStateManager.removePipeline(PipelineStateManager.java:107)
	at org.apache.hadoop.hdds.scm.pipeline.SCMPipelineManager.removePipeline(SCMPipelineManager.java:423)
	at org.apache.hadoop.hdds.scm.pipeline.SCMPipelineManager.destroyPipeline(SCMPipelineManager.java:409)
	at org.apache.hadoop.hdds.scm.pipeline.SCMPipelineManager.lambda$finalizeAndDestroyPipeline$0(SCMPipelineManager.java:318)
	at org.apache.hadoop.utils.Scheduler.lambda$schedule$1(Scheduler.java:68)
	at java.util.concurrent.Executors$RunnableAdapter.call(Executors.java:511)
	at java.util.concurrent.FutureTask.run(FutureTask.java:266)
	at java.util.concurrent.ScheduledThreadPoolExecutor$ScheduledFutureTask.access$201(ScheduledThreadPoolExecutor.java:180)
	at java.util.concurrent.ScheduledThreadPoolExecutor$ScheduledFutureTask.run(ScheduledThreadPoolExecutor.java:293)
	at java.util.concurrent.ThreadPoolExecutor.runWorker(ThreadPoolExecutor.java:1149)
	at java.util.concurrent.ThreadPoolExecutor$Worker.run(ThreadPoolExecutor.java:624)
	at java.lang.Thread.run(Thread.java:748)
2019-09-16 16:33:51,599 [grpc-default-executor-3] INFO  impl.RaftServerProxy (RaftServerProxy.java:remove(95)) - 2b9d536e-7082-46d0-bcea-3da9bf5f5d0c: remove group-E6C05F8A743B:null
2019-09-16 16:33:51,608 [RatisPipelineUtilsThread] WARN  pipeline.RatisPipelineUtils (RatisPipelineUtils.java:destroyPipeline(66)) - Pipeline destroy failed for pipeline=PipelineID=3ab55fe5-a8b1-4e30-8295-e6c05f8a743b dn=2b9d536e-7082-46d0-bcea-3da9bf5f5d0c{ip: 192.168.5.183, host: pr-hdds-1054-fkf2j-3502855176, networkLocation: /default-rack, certSerialId: null}
2019-09-16 16:33:51,612 [grpc-default-executor-3] INFO  impl.RaftServerProxy (RaftServerProxy.java:remove(95)) - 103cee85-d2d3-4069-a903-4a8bed8118d2: remove group-E6C05F8A743B:null
2019-09-16 16:33:51,617 [RatisPipelineUtilsThread] WARN  pipeline.RatisPipelineUtils (RatisPipelineUtils.java:destroyPipeline(66)) - Pipeline destroy failed for pipeline=PipelineID=3ab55fe5-a8b1-4e30-8295-e6c05f8a743b dn=103cee85-d2d3-4069-a903-4a8bed8118d2{ip: 192.168.5.183, host: pr-hdds-1054-fkf2j-3502855176, networkLocation: /default-rack, certSerialId: null}
2019-09-16 16:33:51,620 [grpc-default-executor-3] INFO  impl.RaftServerProxy (RaftServerProxy.java:remove(95)) - 5da997ac-485a-4ae3-a11f-bd7c3a0ad14d: remove group-E6C05F8A743B:null
2019-09-16 16:33:51,625 [RatisPipelineUtilsThread] WARN  pipeline.RatisPipelineUtils (RatisPipelineUtils.java:destroyPipeline(66)) - Pipeline destroy failed for pipeline=PipelineID=3ab55fe5-a8b1-4e30-8295-e6c05f8a743b dn=5da997ac-485a-4ae3-a11f-bd7c3a0ad14d{ip: 192.168.5.183, host: pr-hdds-1054-fkf2j-3502855176, networkLocation: /default-rack, certSerialId: null}
2019-09-16 16:33:51,626 [RatisPipelineUtilsThread] ERROR pipeline.SCMPipelineManager (Scheduler.java:lambda$schedule$1(70)) - Destroy pipeline failed for pipeline:Pipeline[ Id: 3ab55fe5-a8b1-4e30-8295-e6c05f8a743b, Nodes: 2b9d536e-7082-46d0-bcea-3da9bf5f5d0c{ip: 192.168.5.183, host: pr-hdds-1054-fkf2j-3502855176, networkLocation: /default-rack, certSerialId: null}103cee85-d2d3-4069-a903-4a8bed8118d2{ip: 192.168.5.183, host: pr-hdds-1054-fkf2j-3502855176, networkLocation: /default-rack, certSerialId: null}5da997ac-485a-4ae3-a11f-bd7c3a0ad14d{ip: 192.168.5.183, host: pr-hdds-1054-fkf2j-3502855176, networkLocation: /default-rack, certSerialId: null}, Type:RATIS, Factor:THREE, State:CLOSED]
org.apache.hadoop.hdds.scm.pipeline.PipelineNotFoundException: PipelineID=3ab55fe5-a8b1-4e30-8295-e6c05f8a743b not found
	at org.apache.hadoop.hdds.scm.pipeline.PipelineStateMap.getPipeline(PipelineStateMap.java:132)
	at org.apache.hadoop.hdds.scm.pipeline.PipelineStateMap.removePipeline(PipelineStateMap.java:322)
	at org.apache.hadoop.hdds.scm.pipeline.PipelineStateManager.removePipeline(PipelineStateManager.java:107)
	at org.apache.hadoop.hdds.scm.pipeline.SCMPipelineManager.removePipeline(SCMPipelineManager.java:423)
	at org.apache.hadoop.hdds.scm.pipeline.SCMPipelineManager.destroyPipeline(SCMPipelineManager.java:409)
	at org.apache.hadoop.hdds.scm.pipeline.SCMPipelineManager.lambda$finalizeAndDestroyPipeline$0(SCMPipelineManager.java:318)
	at org.apache.hadoop.utils.Scheduler.lambda$schedule$1(Scheduler.java:68)
	at java.util.concurrent.Executors$RunnableAdapter.call(Executors.java:511)
	at java.util.concurrent.FutureTask.run(FutureTask.java:266)
	at java.util.concurrent.ScheduledThreadPoolExecutor$ScheduledFutureTask.access$201(ScheduledThreadPoolExecutor.java:180)
	at java.util.concurrent.ScheduledThreadPoolExecutor$ScheduledFutureTask.run(ScheduledThreadPoolExecutor.java:293)
	at java.util.concurrent.ThreadPoolExecutor.runWorker(ThreadPoolExecutor.java:1149)
	at java.util.concurrent.ThreadPoolExecutor$Worker.run(ThreadPoolExecutor.java:624)
	at java.lang.Thread.run(Thread.java:748)
2019-09-16 16:33:51,653 [java.util.concurrent.ThreadPoolExecutor$Worker@5dad4454[State = -1, empty queue]] WARN  server.GrpcLogAppender (GrpcLogAppender.java:timeoutAppendRequest(200)) - 33002f53-59d2-46ae-91ae-843eaa52c7d0@group-03260B50B3E1->816c2023-76ea-4558-9da7-70127639a79a-GrpcLogAppender: appendEntries Timeout, request=33002f53-59d2-46ae-91ae-843eaa52c7d0->816c2023-76ea-4558-9da7-70127639a79a#100-t1, previous=(t:1, i:18), leaderCommit=12, initializing? false, entries: <empty>
2019-09-16 16:33:51,653 [java.util.concurrent.ThreadPoolExecutor$Worker@25934a47[State = -1, empty queue]] WARN  server.GrpcLogAppender (GrpcLogAppender.java:timeoutAppendRequest(200)) - 33002f53-59d2-46ae-91ae-843eaa52c7d0@group-03260B50B3E1->e3c513c6-7b5b-430b-887c-eb88026c45f2-GrpcLogAppender: appendEntries Timeout, request=33002f53-59d2-46ae-91ae-843eaa52c7d0->e3c513c6-7b5b-430b-887c-eb88026c45f2#100-t1, previous=(t:1, i:18), leaderCommit=12, initializing? false, entries: <empty>
2019-09-16 16:33:53,644 [33002f53-59d2-46ae-91ae-843eaa52c7d0@group-03260B50B3E1-SegmentedRaftLogWorker] WARN  segmented.SegmentedRaftLogWorker (SegmentedRaftLogWorker.java:getFromFuture(90)) - Timeout 1/~
org.apache.ratis.protocol.TimeoutIOException: Timeout 10s: WriteLog:13: (t:1, i:13), STATEMACHINELOGENTRY, client-2CBA63CDBB2F, cid=36-writeStateMachineData
	at org.apache.ratis.util.IOUtils.getFromFuture(IOUtils.java:87)
	at org.apache.ratis.server.raftlog.segmented.SegmentedRaftLogWorker$StateMachineDataPolicy.getFromFuture(SegmentedRaftLogWorker.java:87)
	at org.apache.ratis.server.raftlog.segmented.SegmentedRaftLogWorker$WriteLog.execute(SegmentedRaftLogWorker.java:477)
	at org.apache.ratis.server.raftlog.segmented.SegmentedRaftLogWorker.run(SegmentedRaftLogWorker.java:289)
	at java.lang.Thread.run(Thread.java:748)
Caused by: java.util.concurrent.TimeoutException
	at java.util.concurrent.CompletableFuture.timedGet(CompletableFuture.java:1771)
	at java.util.concurrent.CompletableFuture.get(CompletableFuture.java:1915)
	at org.apache.ratis.util.IOUtils.getFromFuture(IOUtils.java:79)
	... 4 more
2019-09-16 16:33:53,645 [816c2023-76ea-4558-9da7-70127639a79a@group-03260B50B3E1-SegmentedRaftLogWorker] WARN  segmented.SegmentedRaftLogWorker (SegmentedRaftLogWorker.java:getFromFuture(90)) - Timeout 1/~
org.apache.ratis.protocol.TimeoutIOException: Timeout 10s: WriteLog:13: (t:1, i:13), STATEMACHINELOGENTRY, client-2CBA63CDBB2F, cid=36-writeStateMachineData
	at org.apache.ratis.util.IOUtils.getFromFuture(IOUtils.java:87)
	at org.apache.ratis.server.raftlog.segmented.SegmentedRaftLogWorker$StateMachineDataPolicy.getFromFuture(SegmentedRaftLogWorker.java:87)
	at org.apache.ratis.server.raftlog.segmented.SegmentedRaftLogWorker$WriteLog.execute(SegmentedRaftLogWorker.java:477)
	at org.apache.ratis.server.raftlog.segmented.SegmentedRaftLogWorker.run(SegmentedRaftLogWorker.java:289)
	at java.lang.Thread.run(Thread.java:748)
Caused by: java.util.concurrent.TimeoutException
	at java.util.concurrent.CompletableFuture.timedGet(CompletableFuture.java:1771)
	at java.util.concurrent.CompletableFuture.get(CompletableFuture.java:1915)
	at org.apache.ratis.util.IOUtils.getFromFuture(IOUtils.java:79)
	... 4 more
2019-09-16 16:33:53,645 [e3c513c6-7b5b-430b-887c-eb88026c45f2@group-03260B50B3E1-SegmentedRaftLogWorker] WARN  segmented.SegmentedRaftLogWorker (SegmentedRaftLogWorker.java:getFromFuture(90)) - Timeout 1/~
org.apache.ratis.protocol.TimeoutIOException: Timeout 10s: WriteLog:13: (t:1, i:13), STATEMACHINELOGENTRY, client-2CBA63CDBB2F, cid=36-writeStateMachineData
	at org.apache.ratis.util.IOUtils.getFromFuture(IOUtils.java:87)
	at org.apache.ratis.server.raftlog.segmented.SegmentedRaftLogWorker$StateMachineDataPolicy.getFromFuture(SegmentedRaftLogWorker.java:87)
	at org.apache.ratis.server.raftlog.segmented.SegmentedRaftLogWorker$WriteLog.execute(SegmentedRaftLogWorker.java:477)
	at org.apache.ratis.server.raftlog.segmented.SegmentedRaftLogWorker.run(SegmentedRaftLogWorker.java:289)
	at java.lang.Thread.run(Thread.java:748)
Caused by: java.util.concurrent.TimeoutException
	at java.util.concurrent.CompletableFuture.timedGet(CompletableFuture.java:1771)
	at java.util.concurrent.CompletableFuture.get(CompletableFuture.java:1915)
	at org.apache.ratis.util.IOUtils.getFromFuture(IOUtils.java:79)
	... 4 more
2019-09-16 16:33:53,839 [grpc-default-executor-3] INFO  client.GrpcClientProtocolClient (GrpcClientProtocolClient.java:onNext(264)) - client-2CBA63CDBB2F->e3c513c6-7b5b-430b-887c-eb88026c45f2: receive RaftClientReply:client-2CBA63CDBB2F->e3c513c6-7b5b-430b-887c-eb88026c45f2@group-03260B50B3E1, cid=36, FAILED org.apache.ratis.protocol.NotLeaderException: Server e3c513c6-7b5b-430b-887c-eb88026c45f2@group-03260B50B3E1 is not the leader 33002f53-59d2-46ae-91ae-843eaa52c7d0:192.168.5.183:46255, logIndex=0, commits[e3c513c6-7b5b-430b-887c-eb88026c45f2:c12, 33002f53-59d2-46ae-91ae-843eaa52c7d0:c12, 816c2023-76ea-4558-9da7-70127639a79a:c10]
2019-09-16 16:33:54,154 [java.util.concurrent.ThreadPoolExecutor$Worker@5dad4454[State = -1, empty queue]] WARN  server.GrpcLogAppender (GrpcLogAppender.java:timeoutAppendRequest(200)) - 33002f53-59d2-46ae-91ae-843eaa52c7d0@group-03260B50B3E1->816c2023-76ea-4558-9da7-70127639a79a-GrpcLogAppender: appendEntries Timeout, request=33002f53-59d2-46ae-91ae-843eaa52c7d0->816c2023-76ea-4558-9da7-70127639a79a#101-t1, previous=(t:1, i:18), leaderCommit=12, initializing? false, entries: <empty>
2019-09-16 16:33:54,154 [java.util.concurrent.ThreadPoolExecutor$Worker@25934a47[State = -1, empty queue]] WARN  server.GrpcLogAppender (GrpcLogAppender.java:timeoutAppendRequest(200)) - 33002f53-59d2-46ae-91ae-843eaa52c7d0@group-03260B50B3E1->e3c513c6-7b5b-430b-887c-eb88026c45f2-GrpcLogAppender: appendEntries Timeout, request=33002f53-59d2-46ae-91ae-843eaa52c7d0->e3c513c6-7b5b-430b-887c-eb88026c45f2#101-t1, previous=(t:1, i:18), leaderCommit=12, initializing? false, entries: <empty>
2019-09-16 16:33:54,598 [grpc-default-executor-2] INFO  impl.RaftServerProxy (RaftServerProxy.java:remove(95)) - 2b9d536e-7082-46d0-bcea-3da9bf5f5d0c: remove group-E6C05F8A743B:null
2019-09-16 16:33:54,606 [RatisPipelineUtilsThread] WARN  pipeline.RatisPipelineUtils (RatisPipelineUtils.java:destroyPipeline(66)) - Pipeline destroy failed for pipeline=PipelineID=3ab55fe5-a8b1-4e30-8295-e6c05f8a743b dn=2b9d536e-7082-46d0-bcea-3da9bf5f5d0c{ip: 192.168.5.183, host: pr-hdds-1054-fkf2j-3502855176, networkLocation: /default-rack, certSerialId: null}
2019-09-16 16:33:54,610 [grpc-default-executor-2] INFO  impl.RaftServerProxy (RaftServerProxy.java:remove(95)) - 103cee85-d2d3-4069-a903-4a8bed8118d2: remove group-E6C05F8A743B:null
2019-09-16 16:33:54,616 [RatisPipelineUtilsThread] WARN  pipeline.RatisPipelineUtils (RatisPipelineUtils.java:destroyPipeline(66)) - Pipeline destroy failed for pipeline=PipelineID=3ab55fe5-a8b1-4e30-8295-e6c05f8a743b dn=103cee85-d2d3-4069-a903-4a8bed8118d2{ip: 192.168.5.183, host: pr-hdds-1054-fkf2j-3502855176, networkLocation: /default-rack, certSerialId: null}
2019-09-16 16:33:54,619 [grpc-default-executor-2] INFO  impl.RaftServerProxy (RaftServerProxy.java:remove(95)) - 5da997ac-485a-4ae3-a11f-bd7c3a0ad14d: remove group-E6C05F8A743B:null
2019-09-16 16:33:54,625 [RatisPipelineUtilsThread] WARN  pipeline.RatisPipelineUtils (RatisPipelineUtils.java:destroyPipeline(66)) - Pipeline destroy failed for pipeline=PipelineID=3ab55fe5-a8b1-4e30-8295-e6c05f8a743b dn=5da997ac-485a-4ae3-a11f-bd7c3a0ad14d{ip: 192.168.5.183, host: pr-hdds-1054-fkf2j-3502855176, networkLocation: /default-rack, certSerialId: null}
2019-09-16 16:33:54,625 [RatisPipelineUtilsThread] ERROR pipeline.SCMPipelineManager (Scheduler.java:lambda$schedule$1(70)) - Destroy pipeline failed for pipeline:Pipeline[ Id: 3ab55fe5-a8b1-4e30-8295-e6c05f8a743b, Nodes: 2b9d536e-7082-46d0-bcea-3da9bf5f5d0c{ip: 192.168.5.183, host: pr-hdds-1054-fkf2j-3502855176, networkLocation: /default-rack, certSerialId: null}103cee85-d2d3-4069-a903-4a8bed8118d2{ip: 192.168.5.183, host: pr-hdds-1054-fkf2j-3502855176, networkLocation: /default-rack, certSerialId: null}5da997ac-485a-4ae3-a11f-bd7c3a0ad14d{ip: 192.168.5.183, host: pr-hdds-1054-fkf2j-3502855176, networkLocation: /default-rack, certSerialId: null}, Type:RATIS, Factor:THREE, State:CLOSED]
org.apache.hadoop.hdds.scm.pipeline.PipelineNotFoundException: PipelineID=3ab55fe5-a8b1-4e30-8295-e6c05f8a743b not found
	at org.apache.hadoop.hdds.scm.pipeline.PipelineStateMap.getPipeline(PipelineStateMap.java:132)
	at org.apache.hadoop.hdds.scm.pipeline.PipelineStateMap.removePipeline(PipelineStateMap.java:322)
	at org.apache.hadoop.hdds.scm.pipeline.PipelineStateManager.removePipeline(PipelineStateManager.java:107)
	at org.apache.hadoop.hdds.scm.pipeline.SCMPipelineManager.removePipeline(SCMPipelineManager.java:423)
	at org.apache.hadoop.hdds.scm.pipeline.SCMPipelineManager.destroyPipeline(SCMPipelineManager.java:409)
	at org.apache.hadoop.hdds.scm.pipeline.SCMPipelineManager.lambda$finalizeAndDestroyPipeline$0(SCMPipelineManager.java:318)
	at org.apache.hadoop.utils.Scheduler.lambda$schedule$1(Scheduler.java:68)
	at java.util.concurrent.Executors$RunnableAdapter.call(Executors.java:511)
	at java.util.concurrent.FutureTask.run(FutureTask.java:266)
	at java.util.concurrent.ScheduledThreadPoolExecutor$ScheduledFutureTask.access$201(ScheduledThreadPoolExecutor.java:180)
	at java.util.concurrent.ScheduledThreadPoolExecutor$ScheduledFutureTask.run(ScheduledThreadPoolExecutor.java:293)
	at java.util.concurrent.ThreadPoolExecutor.runWorker(ThreadPoolExecutor.java:1149)
	at java.util.concurrent.ThreadPoolExecutor$Worker.run(ThreadPoolExecutor.java:624)
	at java.lang.Thread.run(Thread.java:748)
2019-09-16 16:33:56,598 [grpc-default-executor-2] INFO  impl.RaftServerProxy (RaftServerProxy.java:remove(95)) - 2b9d536e-7082-46d0-bcea-3da9bf5f5d0c: remove group-E6C05F8A743B:null
2019-09-16 16:33:56,606 [RatisPipelineUtilsThread] WARN  pipeline.RatisPipelineUtils (RatisPipelineUtils.java:destroyPipeline(66)) - Pipeline destroy failed for pipeline=PipelineID=3ab55fe5-a8b1-4e30-8295-e6c05f8a743b dn=2b9d536e-7082-46d0-bcea-3da9bf5f5d0c{ip: 192.168.5.183, host: pr-hdds-1054-fkf2j-3502855176, networkLocation: /default-rack, certSerialId: null}
2019-09-16 16:33:56,610 [grpc-default-executor-2] INFO  impl.RaftServerProxy (RaftServerProxy.java:remove(95)) - 103cee85-d2d3-4069-a903-4a8bed8118d2: remove group-E6C05F8A743B:null
2019-09-16 16:33:56,616 [RatisPipelineUtilsThread] WARN  pipeline.RatisPipelineUtils (RatisPipelineUtils.java:destroyPipeline(66)) - Pipeline destroy failed for pipeline=PipelineID=3ab55fe5-a8b1-4e30-8295-e6c05f8a743b dn=103cee85-d2d3-4069-a903-4a8bed8118d2{ip: 192.168.5.183, host: pr-hdds-1054-fkf2j-3502855176, networkLocation: /default-rack, certSerialId: null}
2019-09-16 16:33:56,620 [grpc-default-executor-2] INFO  impl.RaftServerProxy (RaftServerProxy.java:remove(95)) - 5da997ac-485a-4ae3-a11f-bd7c3a0ad14d: remove group-E6C05F8A743B:null
2019-09-16 16:33:56,626 [RatisPipelineUtilsThread] WARN  pipeline.RatisPipelineUtils (RatisPipelineUtils.java:destroyPipeline(66)) - Pipeline destroy failed for pipeline=PipelineID=3ab55fe5-a8b1-4e30-8295-e6c05f8a743b dn=5da997ac-485a-4ae3-a11f-bd7c3a0ad14d{ip: 192.168.5.183, host: pr-hdds-1054-fkf2j-3502855176, networkLocation: /default-rack, certSerialId: null}
2019-09-16 16:33:56,626 [RatisPipelineUtilsThread] ERROR pipeline.SCMPipelineManager (Scheduler.java:lambda$schedule$1(70)) - Destroy pipeline failed for pipeline:Pipeline[ Id: 3ab55fe5-a8b1-4e30-8295-e6c05f8a743b, Nodes: 2b9d536e-7082-46d0-bcea-3da9bf5f5d0c{ip: 192.168.5.183, host: pr-hdds-1054-fkf2j-3502855176, networkLocation: /default-rack, certSerialId: null}103cee85-d2d3-4069-a903-4a8bed8118d2{ip: 192.168.5.183, host: pr-hdds-1054-fkf2j-3502855176, networkLocation: /default-rack, certSerialId: null}5da997ac-485a-4ae3-a11f-bd7c3a0ad14d{ip: 192.168.5.183, host: pr-hdds-1054-fkf2j-3502855176, networkLocation: /default-rack, certSerialId: null}, Type:RATIS, Factor:THREE, State:CLOSED]
org.apache.hadoop.hdds.scm.pipeline.PipelineNotFoundException: PipelineID=3ab55fe5-a8b1-4e30-8295-e6c05f8a743b not found
	at org.apache.hadoop.hdds.scm.pipeline.PipelineStateMap.getPipeline(PipelineStateMap.java:132)
	at org.apache.hadoop.hdds.scm.pipeline.PipelineStateMap.removePipeline(PipelineStateMap.java:322)
	at org.apache.hadoop.hdds.scm.pipeline.PipelineStateManager.removePipeline(PipelineStateManager.java:107)
	at org.apache.hadoop.hdds.scm.pipeline.SCMPipelineManager.removePipeline(SCMPipelineManager.java:423)
	at org.apache.hadoop.hdds.scm.pipeline.SCMPipelineManager.destroyPipeline(SCMPipelineManager.java:409)
	at org.apache.hadoop.hdds.scm.pipeline.SCMPipelineManager.lambda$finalizeAndDestroyPipeline$0(SCMPipelineManager.java:318)
	at org.apache.hadoop.utils.Scheduler.lambda$schedule$1(Scheduler.java:68)
	at java.util.concurrent.Executors$RunnableAdapter.call(Executors.java:511)
	at java.util.concurrent.FutureTask.run(FutureTask.java:266)
	at java.util.concurrent.ScheduledThreadPoolExecutor$ScheduledFutureTask.access$201(ScheduledThreadPoolExecutor.java:180)
	at java.util.concurrent.ScheduledThreadPoolExecutor$ScheduledFutureTask.run(ScheduledThreadPoolExecutor.java:293)
	at java.util.concurrent.ThreadPoolExecutor.runWorker(ThreadPoolExecutor.java:1149)
	at java.util.concurrent.ThreadPoolExecutor$Worker.run(ThreadPoolExecutor.java:624)
	at java.lang.Thread.run(Thread.java:748)
2019-09-16 16:33:56,655 [java.util.concurrent.ThreadPoolExecutor$Worker@5dad4454[State = -1, empty queue]] WARN  server.GrpcLogAppender (GrpcLogAppender.java:timeoutAppendRequest(200)) - 33002f53-59d2-46ae-91ae-843eaa52c7d0@group-03260B50B3E1->816c2023-76ea-4558-9da7-70127639a79a-GrpcLogAppender: appendEntries Timeout, request=33002f53-59d2-46ae-91ae-843eaa52c7d0->816c2023-76ea-4558-9da7-70127639a79a#102-t1, previous=(t:1, i:18), leaderCommit=12, initializing? false, entries: <empty>
2019-09-16 16:33:56,655 [java.util.concurrent.ThreadPoolExecutor$Worker@25934a47[State = -1, empty queue]] WARN  server.GrpcLogAppender (GrpcLogAppender.java:timeoutAppendRequest(200)) - 33002f53-59d2-46ae-91ae-843eaa52c7d0@group-03260B50B3E1->e3c513c6-7b5b-430b-887c-eb88026c45f2-GrpcLogAppender: appendEntries Timeout, request=33002f53-59d2-46ae-91ae-843eaa52c7d0->e3c513c6-7b5b-430b-887c-eb88026c45f2#102-t1, previous=(t:1, i:18), leaderCommit=12, initializing? false, entries: <empty>
2019-09-16 16:33:58,880 [grpc-default-executor-3] INFO  client.GrpcClientProtocolClient (GrpcClientProtocolClient.java:onNext(264)) - client-2CBA63CDBB2F->e3c513c6-7b5b-430b-887c-eb88026c45f2: receive RaftClientReply:client-2CBA63CDBB2F->e3c513c6-7b5b-430b-887c-eb88026c45f2@group-03260B50B3E1, cid=36, FAILED org.apache.ratis.protocol.NotLeaderException: Server e3c513c6-7b5b-430b-887c-eb88026c45f2@group-03260B50B3E1 is not the leader 33002f53-59d2-46ae-91ae-843eaa52c7d0:192.168.5.183:46255, logIndex=0, commits[e3c513c6-7b5b-430b-887c-eb88026c45f2:c12, 33002f53-59d2-46ae-91ae-843eaa52c7d0:c12, 816c2023-76ea-4558-9da7-70127639a79a:c10]
2019-09-16 16:33:59,155 [java.util.concurrent.ThreadPoolExecutor$Worker@5dad4454[State = -1, empty queue]] WARN  server.GrpcLogAppender (GrpcLogAppender.java:timeoutAppendRequest(200)) - 33002f53-59d2-46ae-91ae-843eaa52c7d0@group-03260B50B3E1->816c2023-76ea-4558-9da7-70127639a79a-GrpcLogAppender: appendEntries Timeout, request=33002f53-59d2-46ae-91ae-843eaa52c7d0->816c2023-76ea-4558-9da7-70127639a79a#103-t1, previous=(t:1, i:18), leaderCommit=12, initializing? false, entries: <empty>
2019-09-16 16:33:59,155 [java.util.concurrent.ThreadPoolExecutor$Worker@25934a47[State = -1, empty queue]] WARN  server.GrpcLogAppender (GrpcLogAppender.java:timeoutAppendRequest(200)) - 33002f53-59d2-46ae-91ae-843eaa52c7d0@group-03260B50B3E1->e3c513c6-7b5b-430b-887c-eb88026c45f2-GrpcLogAppender: appendEntries Timeout, request=33002f53-59d2-46ae-91ae-843eaa52c7d0->e3c513c6-7b5b-430b-887c-eb88026c45f2#103-t1, previous=(t:1, i:18), leaderCommit=12, initializing? false, entries: <empty>
2019-09-16 16:33:59,598 [grpc-default-executor-2] INFO  impl.RaftServerProxy (RaftServerProxy.java:remove(95)) - 2b9d536e-7082-46d0-bcea-3da9bf5f5d0c: remove group-E6C05F8A743B:null
2019-09-16 16:33:59,605 [RatisPipelineUtilsThread] WARN  pipeline.RatisPipelineUtils (RatisPipelineUtils.java:destroyPipeline(66)) - Pipeline destroy failed for pipeline=PipelineID=3ab55fe5-a8b1-4e30-8295-e6c05f8a743b dn=2b9d536e-7082-46d0-bcea-3da9bf5f5d0c{ip: 192.168.5.183, host: pr-hdds-1054-fkf2j-3502855176, networkLocation: /default-rack, certSerialId: null}
2019-09-16 16:33:59,609 [grpc-default-executor-2] INFO  impl.RaftServerProxy (RaftServerProxy.java:remove(95)) - 103cee85-d2d3-4069-a903-4a8bed8118d2: remove group-E6C05F8A743B:null
2019-09-16 16:33:59,615 [RatisPipelineUtilsThread] WARN  pipeline.RatisPipelineUtils (RatisPipelineUtils.java:destroyPipeline(66)) - Pipeline destroy failed for pipeline=PipelineID=3ab55fe5-a8b1-4e30-8295-e6c05f8a743b dn=103cee85-d2d3-4069-a903-4a8bed8118d2{ip: 192.168.5.183, host: pr-hdds-1054-fkf2j-3502855176, networkLocation: /default-rack, certSerialId: null}
2019-09-16 16:33:59,619 [grpc-default-executor-2] INFO  impl.RaftServerProxy (RaftServerProxy.java:remove(95)) - 5da997ac-485a-4ae3-a11f-bd7c3a0ad14d: remove group-E6C05F8A743B:null
2019-09-16 16:33:59,624 [RatisPipelineUtilsThread] WARN  pipeline.RatisPipelineUtils (RatisPipelineUtils.java:destroyPipeline(66)) - Pipeline destroy failed for pipeline=PipelineID=3ab55fe5-a8b1-4e30-8295-e6c05f8a743b dn=5da997ac-485a-4ae3-a11f-bd7c3a0ad14d{ip: 192.168.5.183, host: pr-hdds-1054-fkf2j-3502855176, networkLocation: /default-rack, certSerialId: null}
2019-09-16 16:33:59,625 [RatisPipelineUtilsThread] ERROR pipeline.SCMPipelineManager (Scheduler.java:lambda$schedule$1(70)) - Destroy pipeline failed for pipeline:Pipeline[ Id: 3ab55fe5-a8b1-4e30-8295-e6c05f8a743b, Nodes: 2b9d536e-7082-46d0-bcea-3da9bf5f5d0c{ip: 192.168.5.183, host: pr-hdds-1054-fkf2j-3502855176, networkLocation: /default-rack, certSerialId: null}103cee85-d2d3-4069-a903-4a8bed8118d2{ip: 192.168.5.183, host: pr-hdds-1054-fkf2j-3502855176, networkLocation: /default-rack, certSerialId: null}5da997ac-485a-4ae3-a11f-bd7c3a0ad14d{ip: 192.168.5.183, host: pr-hdds-1054-fkf2j-3502855176, networkLocation: /default-rack, certSerialId: null}, Type:RATIS, Factor:THREE, State:CLOSED]
org.apache.hadoop.hdds.scm.pipeline.PipelineNotFoundException: PipelineID=3ab55fe5-a8b1-4e30-8295-e6c05f8a743b not found
	at org.apache.hadoop.hdds.scm.pipeline.PipelineStateMap.getPipeline(PipelineStateMap.java:132)
	at org.apache.hadoop.hdds.scm.pipeline.PipelineStateMap.removePipeline(PipelineStateMap.java:322)
	at org.apache.hadoop.hdds.scm.pipeline.PipelineStateManager.removePipeline(PipelineStateManager.java:107)
	at org.apache.hadoop.hdds.scm.pipeline.SCMPipelineManager.removePipeline(SCMPipelineManager.java:423)
	at org.apache.hadoop.hdds.scm.pipeline.SCMPipelineManager.destroyPipeline(SCMPipelineManager.java:409)
	at org.apache.hadoop.hdds.scm.pipeline.SCMPipelineManager.lambda$finalizeAndDestroyPipeline$0(SCMPipelineManager.java:318)
	at org.apache.hadoop.utils.Scheduler.lambda$schedule$1(Scheduler.java:68)
	at java.util.concurrent.Executors$RunnableAdapter.call(Executors.java:511)
	at java.util.concurrent.FutureTask.run(FutureTask.java:266)
	at java.util.concurrent.ScheduledThreadPoolExecutor$ScheduledFutureTask.access$201(ScheduledThreadPoolExecutor.java:180)
	at java.util.concurrent.ScheduledThreadPoolExecutor$ScheduledFutureTask.run(ScheduledThreadPoolExecutor.java:293)
	at java.util.concurrent.ThreadPoolExecutor.runWorker(ThreadPoolExecutor.java:1149)
	at java.util.concurrent.ThreadPoolExecutor$Worker.run(ThreadPoolExecutor.java:624)
	at java.lang.Thread.run(Thread.java:748)
2019-09-16 16:34:01,599 [grpc-default-executor-2] INFO  impl.RaftServerProxy (RaftServerProxy.java:remove(95)) - 2b9d536e-7082-46d0-bcea-3da9bf5f5d0c: remove group-E6C05F8A743B:null
2019-09-16 16:34:01,608 [RatisPipelineUtilsThread] WARN  pipeline.RatisPipelineUtils (RatisPipelineUtils.java:destroyPipeline(66)) - Pipeline destroy failed for pipeline=PipelineID=3ab55fe5-a8b1-4e30-8295-e6c05f8a743b dn=2b9d536e-7082-46d0-bcea-3da9bf5f5d0c{ip: 192.168.5.183, host: pr-hdds-1054-fkf2j-3502855176, networkLocation: /default-rack, certSerialId: null}
2019-09-16 16:34:01,611 [grpc-default-executor-2] INFO  impl.RaftServerProxy (RaftServerProxy.java:remove(95)) - 103cee85-d2d3-4069-a903-4a8bed8118d2: remove group-E6C05F8A743B:null
2019-09-16 16:34:01,625 [RatisPipelineUtilsThread] WARN  pipeline.RatisPipelineUtils (RatisPipelineUtils.java:destroyPipeline(66)) - Pipeline destroy failed for pipeline=PipelineID=3ab55fe5-a8b1-4e30-8295-e6c05f8a743b dn=103cee85-d2d3-4069-a903-4a8bed8118d2{ip: 192.168.5.183, host: pr-hdds-1054-fkf2j-3502855176, networkLocation: /default-rack, certSerialId: null}
2019-09-16 16:34:01,629 [grpc-default-executor-2] INFO  impl.RaftServerProxy (RaftServerProxy.java:remove(95)) - 5da997ac-485a-4ae3-a11f-bd7c3a0ad14d: remove group-E6C05F8A743B:null
2019-09-16 16:34:01,633 [RatisPipelineUtilsThread] WARN  pipeline.RatisPipelineUtils (RatisPipelineUtils.java:destroyPipeline(66)) - Pipeline destroy failed for pipeline=PipelineID=3ab55fe5-a8b1-4e30-8295-e6c05f8a743b dn=5da997ac-485a-4ae3-a11f-bd7c3a0ad14d{ip: 192.168.5.183, host: pr-hdds-1054-fkf2j-3502855176, networkLocation: /default-rack, certSerialId: null}
2019-09-16 16:34:01,633 [RatisPipelineUtilsThread] ERROR pipeline.SCMPipelineManager (Scheduler.java:lambda$schedule$1(70)) - Destroy pipeline failed for pipeline:Pipeline[ Id: 3ab55fe5-a8b1-4e30-8295-e6c05f8a743b, Nodes: 2b9d536e-7082-46d0-bcea-3da9bf5f5d0c{ip: 192.168.5.183, host: pr-hdds-1054-fkf2j-3502855176, networkLocation: /default-rack, certSerialId: null}103cee85-d2d3-4069-a903-4a8bed8118d2{ip: 192.168.5.183, host: pr-hdds-1054-fkf2j-3502855176, networkLocation: /default-rack, certSerialId: null}5da997ac-485a-4ae3-a11f-bd7c3a0ad14d{ip: 192.168.5.183, host: pr-hdds-1054-fkf2j-3502855176, networkLocation: /default-rack, certSerialId: null}, Type:RATIS, Factor:THREE, State:CLOSED]
org.apache.hadoop.hdds.scm.pipeline.PipelineNotFoundException: PipelineID=3ab55fe5-a8b1-4e30-8295-e6c05f8a743b not found
	at org.apache.hadoop.hdds.scm.pipeline.PipelineStateMap.getPipeline(PipelineStateMap.java:132)
	at org.apache.hadoop.hdds.scm.pipeline.PipelineStateMap.removePipeline(PipelineStateMap.java:322)
	at org.apache.hadoop.hdds.scm.pipeline.PipelineStateManager.removePipeline(PipelineStateManager.java:107)
	at org.apache.hadoop.hdds.scm.pipeline.SCMPipelineManager.removePipeline(SCMPipelineManager.java:423)
	at org.apache.hadoop.hdds.scm.pipeline.SCMPipelineManager.destroyPipeline(SCMPipelineManager.java:409)
	at org.apache.hadoop.hdds.scm.pipeline.SCMPipelineManager.lambda$finalizeAndDestroyPipeline$0(SCMPipelineManager.java:318)
	at org.apache.hadoop.utils.Scheduler.lambda$schedule$1(Scheduler.java:68)
	at java.util.concurrent.Executors$RunnableAdapter.call(Executors.java:511)
	at java.util.concurrent.FutureTask.run(FutureTask.java:266)
	at java.util.concurrent.ScheduledThreadPoolExecutor$ScheduledFutureTask.access$201(ScheduledThreadPoolExecutor.java:180)
	at java.util.concurrent.ScheduledThreadPoolExecutor$ScheduledFutureTask.run(ScheduledThreadPoolExecutor.java:293)
	at java.util.concurrent.ThreadPoolExecutor.runWorker(ThreadPoolExecutor.java:1149)
	at java.util.concurrent.ThreadPoolExecutor$Worker.run(ThreadPoolExecutor.java:624)
	at java.lang.Thread.run(Thread.java:748)
2019-09-16 16:34:01,655 [java.util.concurrent.ThreadPoolExecutor$Worker@25934a47[State = -1, empty queue]] WARN  server.GrpcLogAppender (GrpcLogAppender.java:timeoutAppendRequest(200)) - 33002f53-59d2-46ae-91ae-843eaa52c7d0@group-03260B50B3E1->e3c513c6-7b5b-430b-887c-eb88026c45f2-GrpcLogAppender: appendEntries Timeout, request=33002f53-59d2-46ae-91ae-843eaa52c7d0->e3c513c6-7b5b-430b-887c-eb88026c45f2#104-t1, previous=(t:1, i:18), leaderCommit=12, initializing? false, entries: <empty>
2019-09-16 16:34:01,655 [java.util.concurrent.ThreadPoolExecutor$Worker@5dad4454[State = -1, empty queue]] WARN  server.GrpcLogAppender (GrpcLogAppender.java:timeoutAppendRequest(200)) - 33002f53-59d2-46ae-91ae-843eaa52c7d0@group-03260B50B3E1->816c2023-76ea-4558-9da7-70127639a79a-GrpcLogAppender: appendEntries Timeout, request=33002f53-59d2-46ae-91ae-843eaa52c7d0->816c2023-76ea-4558-9da7-70127639a79a#104-t1, previous=(t:1, i:18), leaderCommit=12, initializing? false, entries: <empty>
2019-09-16 16:34:03,645 [33002f53-59d2-46ae-91ae-843eaa52c7d0@group-03260B50B3E1-SegmentedRaftLogWorker] WARN  segmented.SegmentedRaftLogWorker (SegmentedRaftLogWorker.java:getFromFuture(90)) - Timeout 2/~
org.apache.ratis.protocol.TimeoutIOException: Timeout 10s: WriteLog:13: (t:1, i:13), STATEMACHINELOGENTRY, client-2CBA63CDBB2F, cid=36-writeStateMachineData
	at org.apache.ratis.util.IOUtils.getFromFuture(IOUtils.java:87)
	at org.apache.ratis.server.raftlog.segmented.SegmentedRaftLogWorker$StateMachineDataPolicy.getFromFuture(SegmentedRaftLogWorker.java:87)
	at org.apache.ratis.server.raftlog.segmented.SegmentedRaftLogWorker$WriteLog.execute(SegmentedRaftLogWorker.java:477)
	at org.apache.ratis.server.raftlog.segmented.SegmentedRaftLogWorker.run(SegmentedRaftLogWorker.java:289)
	at java.lang.Thread.run(Thread.java:748)
Caused by: java.util.concurrent.TimeoutException
	at java.util.concurrent.CompletableFuture.timedGet(CompletableFuture.java:1771)
	at java.util.concurrent.CompletableFuture.get(CompletableFuture.java:1915)
	at org.apache.ratis.util.IOUtils.getFromFuture(IOUtils.java:79)
	... 4 more
2019-09-16 16:34:03,646 [816c2023-76ea-4558-9da7-70127639a79a@group-03260B50B3E1-SegmentedRaftLogWorker] WARN  segmented.SegmentedRaftLogWorker (SegmentedRaftLogWorker.java:getFromFuture(90)) - Timeout 2/~
org.apache.ratis.protocol.TimeoutIOException: Timeout 10s: WriteLog:13: (t:1, i:13), STATEMACHINELOGENTRY, client-2CBA63CDBB2F, cid=36-writeStateMachineData
	at org.apache.ratis.util.IOUtils.getFromFuture(IOUtils.java:87)
	at org.apache.ratis.server.raftlog.segmented.SegmentedRaftLogWorker$StateMachineDataPolicy.getFromFuture(SegmentedRaftLogWorker.java:87)
	at org.apache.ratis.server.raftlog.segmented.SegmentedRaftLogWorker$WriteLog.execute(SegmentedRaftLogWorker.java:477)
	at org.apache.ratis.server.raftlog.segmented.SegmentedRaftLogWorker.run(SegmentedRaftLogWorker.java:289)
	at java.lang.Thread.run(Thread.java:748)
Caused by: java.util.concurrent.TimeoutException
	at java.util.concurrent.CompletableFuture.timedGet(CompletableFuture.java:1771)
	at java.util.concurrent.CompletableFuture.get(CompletableFuture.java:1915)
	at org.apache.ratis.util.IOUtils.getFromFuture(IOUtils.java:79)
	... 4 more
2019-09-16 16:34:03,646 [e3c513c6-7b5b-430b-887c-eb88026c45f2@group-03260B50B3E1-SegmentedRaftLogWorker] WARN  segmented.SegmentedRaftLogWorker (SegmentedRaftLogWorker.java:getFromFuture(90)) - Timeout 2/~
org.apache.ratis.protocol.TimeoutIOException: Timeout 10s: WriteLog:13: (t:1, i:13), STATEMACHINELOGENTRY, client-2CBA63CDBB2F, cid=36-writeStateMachineData
	at org.apache.ratis.util.IOUtils.getFromFuture(IOUtils.java:87)
	at org.apache.ratis.server.raftlog.segmented.SegmentedRaftLogWorker$StateMachineDataPolicy.getFromFuture(SegmentedRaftLogWorker.java:87)
	at org.apache.ratis.server.raftlog.segmented.SegmentedRaftLogWorker$WriteLog.execute(SegmentedRaftLogWorker.java:477)
	at org.apache.ratis.server.raftlog.segmented.SegmentedRaftLogWorker.run(SegmentedRaftLogWorker.java:289)
	at java.lang.Thread.run(Thread.java:748)
Caused by: java.util.concurrent.TimeoutException
	at java.util.concurrent.CompletableFuture.timedGet(CompletableFuture.java:1771)
	at java.util.concurrent.CompletableFuture.get(CompletableFuture.java:1915)
	at org.apache.ratis.util.IOUtils.getFromFuture(IOUtils.java:79)
	... 4 more
2019-09-16 16:34:03,929 [grpc-default-executor-3] INFO  client.GrpcClientProtocolClient (GrpcClientProtocolClient.java:onNext(264)) - client-2CBA63CDBB2F->e3c513c6-7b5b-430b-887c-eb88026c45f2: receive RaftClientReply:client-2CBA63CDBB2F->e3c513c6-7b5b-430b-887c-eb88026c45f2@group-03260B50B3E1, cid=36, FAILED org.apache.ratis.protocol.NotLeaderException: Server e3c513c6-7b5b-430b-887c-eb88026c45f2@group-03260B50B3E1 is not the leader 33002f53-59d2-46ae-91ae-843eaa52c7d0:192.168.5.183:46255, logIndex=0, commits[e3c513c6-7b5b-430b-887c-eb88026c45f2:c12, 33002f53-59d2-46ae-91ae-843eaa52c7d0:c12, 816c2023-76ea-4558-9da7-70127639a79a:c10]
2019-09-16 16:34:04,156 [java.util.concurrent.ThreadPoolExecutor$Worker@5dad4454[State = -1, empty queue]] WARN  server.GrpcLogAppender (GrpcLogAppender.java:timeoutAppendRequest(200)) - 33002f53-59d2-46ae-91ae-843eaa52c7d0@group-03260B50B3E1->816c2023-76ea-4558-9da7-70127639a79a-GrpcLogAppender: appendEntries Timeout, request=33002f53-59d2-46ae-91ae-843eaa52c7d0->816c2023-76ea-4558-9da7-70127639a79a#105-t1, previous=(t:1, i:18), leaderCommit=12, initializing? false, entries: <empty>
2019-09-16 16:34:04,156 [java.util.concurrent.ThreadPoolExecutor$Worker@25934a47[State = -1, empty queue]] WARN  server.GrpcLogAppender (GrpcLogAppender.java:timeoutAppendRequest(200)) - 33002f53-59d2-46ae-91ae-843eaa52c7d0@group-03260B50B3E1->e3c513c6-7b5b-430b-887c-eb88026c45f2-GrpcLogAppender: appendEntries Timeout, request=33002f53-59d2-46ae-91ae-843eaa52c7d0->e3c513c6-7b5b-430b-887c-eb88026c45f2#105-t1, previous=(t:1, i:18), leaderCommit=12, initializing? false, entries: <empty>
2019-09-16 16:34:04,600 [grpc-default-executor-3] INFO  impl.RaftServerProxy (RaftServerProxy.java:remove(95)) - 2b9d536e-7082-46d0-bcea-3da9bf5f5d0c: remove group-E6C05F8A743B:null
2019-09-16 16:34:04,604 [RatisPipelineUtilsThread] WARN  pipeline.RatisPipelineUtils (RatisPipelineUtils.java:destroyPipeline(66)) - Pipeline destroy failed for pipeline=PipelineID=3ab55fe5-a8b1-4e30-8295-e6c05f8a743b dn=2b9d536e-7082-46d0-bcea-3da9bf5f5d0c{ip: 192.168.5.183, host: pr-hdds-1054-fkf2j-3502855176, networkLocation: /default-rack, certSerialId: null}
2019-09-16 16:34:04,608 [grpc-default-executor-3] INFO  impl.RaftServerProxy (RaftServerProxy.java:remove(95)) - 103cee85-d2d3-4069-a903-4a8bed8118d2: remove group-E6C05F8A743B:null
2019-09-16 16:34:04,610 [RatisPipelineUtilsThread] WARN  pipeline.RatisPipelineUtils (RatisPipelineUtils.java:destroyPipeline(66)) - Pipeline destroy failed for pipeline=PipelineID=3ab55fe5-a8b1-4e30-8295-e6c05f8a743b dn=103cee85-d2d3-4069-a903-4a8bed8118d2{ip: 192.168.5.183, host: pr-hdds-1054-fkf2j-3502855176, networkLocation: /default-rack, certSerialId: null}
2019-09-16 16:34:04,614 [grpc-default-executor-3] INFO  impl.RaftServerProxy (RaftServerProxy.java:remove(95)) - 5da997ac-485a-4ae3-a11f-bd7c3a0ad14d: remove group-E6C05F8A743B:null
2019-09-16 16:34:04,617 [RatisPipelineUtilsThread] WARN  pipeline.RatisPipelineUtils (RatisPipelineUtils.java:destroyPipeline(66)) - Pipeline destroy failed for pipeline=PipelineID=3ab55fe5-a8b1-4e30-8295-e6c05f8a743b dn=5da997ac-485a-4ae3-a11f-bd7c3a0ad14d{ip: 192.168.5.183, host: pr-hdds-1054-fkf2j-3502855176, networkLocation: /default-rack, certSerialId: null}
2019-09-16 16:34:04,617 [RatisPipelineUtilsThread] ERROR pipeline.SCMPipelineManager (Scheduler.java:lambda$schedule$1(70)) - Destroy pipeline failed for pipeline:Pipeline[ Id: 3ab55fe5-a8b1-4e30-8295-e6c05f8a743b, Nodes: 2b9d536e-7082-46d0-bcea-3da9bf5f5d0c{ip: 192.168.5.183, host: pr-hdds-1054-fkf2j-3502855176, networkLocation: /default-rack, certSerialId: null}103cee85-d2d3-4069-a903-4a8bed8118d2{ip: 192.168.5.183, host: pr-hdds-1054-fkf2j-3502855176, networkLocation: /default-rack, certSerialId: null}5da997ac-485a-4ae3-a11f-bd7c3a0ad14d{ip: 192.168.5.183, host: pr-hdds-1054-fkf2j-3502855176, networkLocation: /default-rack, certSerialId: null}, Type:RATIS, Factor:THREE, State:CLOSED]
org.apache.hadoop.hdds.scm.pipeline.PipelineNotFoundException: PipelineID=3ab55fe5-a8b1-4e30-8295-e6c05f8a743b not found
	at org.apache.hadoop.hdds.scm.pipeline.PipelineStateMap.getPipeline(PipelineStateMap.java:132)
	at org.apache.hadoop.hdds.scm.pipeline.PipelineStateMap.removePipeline(PipelineStateMap.java:322)
	at org.apache.hadoop.hdds.scm.pipeline.PipelineStateManager.removePipeline(PipelineStateManager.java:107)
	at org.apache.hadoop.hdds.scm.pipeline.SCMPipelineManager.removePipeline(SCMPipelineManager.java:423)
	at org.apache.hadoop.hdds.scm.pipeline.SCMPipelineManager.destroyPipeline(SCMPipelineManager.java:409)
	at org.apache.hadoop.hdds.scm.pipeline.SCMPipelineManager.lambda$finalizeAndDestroyPipeline$0(SCMPipelineManager.java:318)
	at org.apache.hadoop.utils.Scheduler.lambda$schedule$1(Scheduler.java:68)
	at java.util.concurrent.Executors$RunnableAdapter.call(Executors.java:511)
	at java.util.concurrent.FutureTask.run(FutureTask.java:266)
	at java.util.concurrent.ScheduledThreadPoolExecutor$ScheduledFutureTask.access$201(ScheduledThreadPoolExecutor.java:180)
	at java.util.concurrent.ScheduledThreadPoolExecutor$ScheduledFutureTask.run(ScheduledThreadPoolExecutor.java:293)
	at java.util.concurrent.ThreadPoolExecutor.runWorker(ThreadPoolExecutor.java:1149)
	at java.util.concurrent.ThreadPoolExecutor$Worker.run(ThreadPoolExecutor.java:624)
	at java.lang.Thread.run(Thread.java:748)
2019-09-16 16:34:06,603 [grpc-default-executor-3] INFO  impl.RaftServerProxy (RaftServerProxy.java:remove(95)) - 2b9d536e-7082-46d0-bcea-3da9bf5f5d0c: remove group-E6C05F8A743B:null
2019-09-16 16:34:06,608 [RatisPipelineUtilsThread] WARN  pipeline.RatisPipelineUtils (RatisPipelineUtils.java:destroyPipeline(66)) - Pipeline destroy failed for pipeline=PipelineID=3ab55fe5-a8b1-4e30-8295-e6c05f8a743b dn=2b9d536e-7082-46d0-bcea-3da9bf5f5d0c{ip: 192.168.5.183, host: pr-hdds-1054-fkf2j-3502855176, networkLocation: /default-rack, certSerialId: null}
2019-09-16 16:34:06,611 [grpc-default-executor-3] INFO  impl.RaftServerProxy (RaftServerProxy.java:remove(95)) - 103cee85-d2d3-4069-a903-4a8bed8118d2: remove group-E6C05F8A743B:null
2019-09-16 16:34:06,614 [RatisPipelineUtilsThread] WARN  pipeline.RatisPipelineUtils (RatisPipelineUtils.java:destroyPipeline(66)) - Pipeline destroy failed for pipeline=PipelineID=3ab55fe5-a8b1-4e30-8295-e6c05f8a743b dn=103cee85-d2d3-4069-a903-4a8bed8118d2{ip: 192.168.5.183, host: pr-hdds-1054-fkf2j-3502855176, networkLocation: /default-rack, certSerialId: null}
2019-09-16 16:34:06,617 [grpc-default-executor-3] INFO  impl.RaftServerProxy (RaftServerProxy.java:remove(95)) - 5da997ac-485a-4ae3-a11f-bd7c3a0ad14d: remove group-E6C05F8A743B:null
2019-09-16 16:34:06,620 [RatisPipelineUtilsThread] WARN  pipeline.RatisPipelineUtils (RatisPipelineUtils.java:destroyPipeline(66)) - Pipeline destroy failed for pipeline=PipelineID=3ab55fe5-a8b1-4e30-8295-e6c05f8a743b dn=5da997ac-485a-4ae3-a11f-bd7c3a0ad14d{ip: 192.168.5.183, host: pr-hdds-1054-fkf2j-3502855176, networkLocation: /default-rack, certSerialId: null}
2019-09-16 16:34:06,620 [RatisPipelineUtilsThread] ERROR pipeline.SCMPipelineManager (Scheduler.java:lambda$schedule$1(70)) - Destroy pipeline failed for pipeline:Pipeline[ Id: 3ab55fe5-a8b1-4e30-8295-e6c05f8a743b, Nodes: 2b9d536e-7082-46d0-bcea-3da9bf5f5d0c{ip: 192.168.5.183, host: pr-hdds-1054-fkf2j-3502855176, networkLocation: /default-rack, certSerialId: null}103cee85-d2d3-4069-a903-4a8bed8118d2{ip: 192.168.5.183, host: pr-hdds-1054-fkf2j-3502855176, networkLocation: /default-rack, certSerialId: null}5da997ac-485a-4ae3-a11f-bd7c3a0ad14d{ip: 192.168.5.183, host: pr-hdds-1054-fkf2j-3502855176, networkLocation: /default-rack, certSerialId: null}, Type:RATIS, Factor:THREE, State:CLOSED]
org.apache.hadoop.hdds.scm.pipeline.PipelineNotFoundException: PipelineID=3ab55fe5-a8b1-4e30-8295-e6c05f8a743b not found
	at org.apache.hadoop.hdds.scm.pipeline.PipelineStateMap.getPipeline(PipelineStateMap.java:132)
	at org.apache.hadoop.hdds.scm.pipeline.PipelineStateMap.removePipeline(PipelineStateMap.java:322)
	at org.apache.hadoop.hdds.scm.pipeline.PipelineStateManager.removePipeline(PipelineStateManager.java:107)
	at org.apache.hadoop.hdds.scm.pipeline.SCMPipelineManager.removePipeline(SCMPipelineManager.java:423)
	at org.apache.hadoop.hdds.scm.pipeline.SCMPipelineManager.destroyPipeline(SCMPipelineManager.java:409)
	at org.apache.hadoop.hdds.scm.pipeline.SCMPipelineManager.lambda$finalizeAndDestroyPipeline$0(SCMPipelineManager.java:318)
	at org.apache.hadoop.utils.Scheduler.lambda$schedule$1(Scheduler.java:68)
	at java.util.concurrent.Executors$RunnableAdapter.call(Executors.java:511)
	at java.util.concurrent.FutureTask.run(FutureTask.java:266)
	at java.util.concurrent.ScheduledThreadPoolExecutor$ScheduledFutureTask.access$201(ScheduledThreadPoolExecutor.java:180)
	at java.util.concurrent.ScheduledThreadPoolExecutor$ScheduledFutureTask.run(ScheduledThreadPoolExecutor.java:293)
	at java.util.concurrent.ThreadPoolExecutor.runWorker(ThreadPoolExecutor.java:1149)
	at java.util.concurrent.ThreadPoolExecutor$Worker.run(ThreadPoolExecutor.java:624)
	at java.lang.Thread.run(Thread.java:748)
2019-09-16 16:34:06,656 [java.util.concurrent.ThreadPoolExecutor$Worker@25934a47[State = -1, empty queue]] WARN  server.GrpcLogAppender (GrpcLogAppender.java:timeoutAppendRequest(200)) - 33002f53-59d2-46ae-91ae-843eaa52c7d0@group-03260B50B3E1->e3c513c6-7b5b-430b-887c-eb88026c45f2-GrpcLogAppender: appendEntries Timeout, request=33002f53-59d2-46ae-91ae-843eaa52c7d0->e3c513c6-7b5b-430b-887c-eb88026c45f2#106-t1, previous=(t:1, i:18), leaderCommit=12, initializing? false, entries: <empty>
2019-09-16 16:34:06,656 [java.util.concurrent.ThreadPoolExecutor$Worker@5dad4454[State = -1, empty queue]] WARN  server.GrpcLogAppender (GrpcLogAppender.java:timeoutAppendRequest(200)) - 33002f53-59d2-46ae-91ae-843eaa52c7d0@group-03260B50B3E1->816c2023-76ea-4558-9da7-70127639a79a-GrpcLogAppender: appendEntries Timeout, request=33002f53-59d2-46ae-91ae-843eaa52c7d0->816c2023-76ea-4558-9da7-70127639a79a#106-t1, previous=(t:1, i:18), leaderCommit=12, initializing? false, entries: <empty>
2019-09-16 16:34:08,967 [grpc-default-executor-3] INFO  client.GrpcClientProtocolClient (GrpcClientProtocolClient.java:onNext(264)) - client-2CBA63CDBB2F->e3c513c6-7b5b-430b-887c-eb88026c45f2: receive RaftClientReply:client-2CBA63CDBB2F->e3c513c6-7b5b-430b-887c-eb88026c45f2@group-03260B50B3E1, cid=36, FAILED org.apache.ratis.protocol.NotLeaderException: Server e3c513c6-7b5b-430b-887c-eb88026c45f2@group-03260B50B3E1 is not the leader 33002f53-59d2-46ae-91ae-843eaa52c7d0:192.168.5.183:46255, logIndex=0, commits[e3c513c6-7b5b-430b-887c-eb88026c45f2:c12, 33002f53-59d2-46ae-91ae-843eaa52c7d0:c12, 816c2023-76ea-4558-9da7-70127639a79a:c10]
2019-09-16 16:34:09,157 [java.util.concurrent.ThreadPoolExecutor$Worker@25934a47[State = -1, empty queue]] WARN  server.GrpcLogAppender (GrpcLogAppender.java:timeoutAppendRequest(200)) - 33002f53-59d2-46ae-91ae-843eaa52c7d0@group-03260B50B3E1->e3c513c6-7b5b-430b-887c-eb88026c45f2-GrpcLogAppender: appendEntries Timeout, request=33002f53-59d2-46ae-91ae-843eaa52c7d0->e3c513c6-7b5b-430b-887c-eb88026c45f2#107-t1, previous=(t:1, i:18), leaderCommit=12, initializing? false, entries: <empty>
2019-09-16 16:34:09,157 [java.util.concurrent.ThreadPoolExecutor$Worker@5dad4454[State = -1, empty queue]] WARN  server.GrpcLogAppender (GrpcLogAppender.java:timeoutAppendRequest(200)) - 33002f53-59d2-46ae-91ae-843eaa52c7d0@group-03260B50B3E1->816c2023-76ea-4558-9da7-70127639a79a-GrpcLogAppender: appendEntries Timeout, request=33002f53-59d2-46ae-91ae-843eaa52c7d0->816c2023-76ea-4558-9da7-70127639a79a#107-t1, previous=(t:1, i:18), leaderCommit=12, initializing? false, entries: <empty>
2019-09-16 16:34:09,598 [grpc-default-executor-3] INFO  impl.RaftServerProxy (RaftServerProxy.java:remove(95)) - 2b9d536e-7082-46d0-bcea-3da9bf5f5d0c: remove group-E6C05F8A743B:null
2019-09-16 16:34:09,602 [RatisPipelineUtilsThread] WARN  pipeline.RatisPipelineUtils (RatisPipelineUtils.java:destroyPipeline(66)) - Pipeline destroy failed for pipeline=PipelineID=3ab55fe5-a8b1-4e30-8295-e6c05f8a743b dn=2b9d536e-7082-46d0-bcea-3da9bf5f5d0c{ip: 192.168.5.183, host: pr-hdds-1054-fkf2j-3502855176, networkLocation: /default-rack, certSerialId: null}
2019-09-16 16:34:09,605 [grpc-default-executor-3] INFO  impl.RaftServerProxy (RaftServerProxy.java:remove(95)) - 103cee85-d2d3-4069-a903-4a8bed8118d2: remove group-E6C05F8A743B:null
2019-09-16 16:34:09,608 [RatisPipelineUtilsThread] WARN  pipeline.RatisPipelineUtils (RatisPipelineUtils.java:destroyPipeline(66)) - Pipeline destroy failed for pipeline=PipelineID=3ab55fe5-a8b1-4e30-8295-e6c05f8a743b dn=103cee85-d2d3-4069-a903-4a8bed8118d2{ip: 192.168.5.183, host: pr-hdds-1054-fkf2j-3502855176, networkLocation: /default-rack, certSerialId: null}
2019-09-16 16:34:09,611 [grpc-default-executor-3] INFO  impl.RaftServerProxy (RaftServerProxy.java:remove(95)) - 5da997ac-485a-4ae3-a11f-bd7c3a0ad14d: remove group-E6C05F8A743B:null
2019-09-16 16:34:09,614 [RatisPipelineUtilsThread] WARN  pipeline.RatisPipelineUtils (RatisPipelineUtils.java:destroyPipeline(66)) - Pipeline destroy failed for pipeline=PipelineID=3ab55fe5-a8b1-4e30-8295-e6c05f8a743b dn=5da997ac-485a-4ae3-a11f-bd7c3a0ad14d{ip: 192.168.5.183, host: pr-hdds-1054-fkf2j-3502855176, networkLocation: /default-rack, certSerialId: null}
2019-09-16 16:34:09,614 [RatisPipelineUtilsThread] ERROR pipeline.SCMPipelineManager (Scheduler.java:lambda$schedule$1(70)) - Destroy pipeline failed for pipeline:Pipeline[ Id: 3ab55fe5-a8b1-4e30-8295-e6c05f8a743b, Nodes: 2b9d536e-7082-46d0-bcea-3da9bf5f5d0c{ip: 192.168.5.183, host: pr-hdds-1054-fkf2j-3502855176, networkLocation: /default-rack, certSerialId: null}103cee85-d2d3-4069-a903-4a8bed8118d2{ip: 192.168.5.183, host: pr-hdds-1054-fkf2j-3502855176, networkLocation: /default-rack, certSerialId: null}5da997ac-485a-4ae3-a11f-bd7c3a0ad14d{ip: 192.168.5.183, host: pr-hdds-1054-fkf2j-3502855176, networkLocation: /default-rack, certSerialId: null}, Type:RATIS, Factor:THREE, State:CLOSED]
org.apache.hadoop.hdds.scm.pipeline.PipelineNotFoundException: PipelineID=3ab55fe5-a8b1-4e30-8295-e6c05f8a743b not found
	at org.apache.hadoop.hdds.scm.pipeline.PipelineStateMap.getPipeline(PipelineStateMap.java:132)
	at org.apache.hadoop.hdds.scm.pipeline.PipelineStateMap.removePipeline(PipelineStateMap.java:322)
	at org.apache.hadoop.hdds.scm.pipeline.PipelineStateManager.removePipeline(PipelineStateManager.java:107)
	at org.apache.hadoop.hdds.scm.pipeline.SCMPipelineManager.removePipeline(SCMPipelineManager.java:423)
	at org.apache.hadoop.hdds.scm.pipeline.SCMPipelineManager.destroyPipeline(SCMPipelineManager.java:409)
	at org.apache.hadoop.hdds.scm.pipeline.SCMPipelineManager.lambda$finalizeAndDestroyPipeline$0(SCMPipelineManager.java:318)
	at org.apache.hadoop.utils.Scheduler.lambda$schedule$1(Scheduler.java:68)
	at java.util.concurrent.Executors$RunnableAdapter.call(Executors.java:511)
	at java.util.concurrent.FutureTask.run(FutureTask.java:266)
	at java.util.concurrent.ScheduledThreadPoolExecutor$ScheduledFutureTask.access$201(ScheduledThreadPoolExecutor.java:180)
	at java.util.concurrent.ScheduledThreadPoolExecutor$ScheduledFutureTask.run(ScheduledThreadPoolExecutor.java:293)
	at java.util.concurrent.ThreadPoolExecutor.runWorker(ThreadPoolExecutor.java:1149)
	at java.util.concurrent.ThreadPoolExecutor$Worker.run(ThreadPoolExecutor.java:624)
	at java.lang.Thread.run(Thread.java:748)
2019-09-16 16:34:11,599 [grpc-default-executor-3] INFO  impl.RaftServerProxy (RaftServerProxy.java:remove(95)) - 2b9d536e-7082-46d0-bcea-3da9bf5f5d0c: remove group-E6C05F8A743B:null
2019-09-16 16:34:11,603 [RatisPipelineUtilsThread] WARN  pipeline.RatisPipelineUtils (RatisPipelineUtils.java:destroyPipeline(66)) - Pipeline destroy failed for pipeline=PipelineID=3ab55fe5-a8b1-4e30-8295-e6c05f8a743b dn=2b9d536e-7082-46d0-bcea-3da9bf5f5d0c{ip: 192.168.5.183, host: pr-hdds-1054-fkf2j-3502855176, networkLocation: /default-rack, certSerialId: null}
2019-09-16 16:34:11,606 [grpc-default-executor-3] INFO  impl.RaftServerProxy (RaftServerProxy.java:remove(95)) - 103cee85-d2d3-4069-a903-4a8bed8118d2: remove group-E6C05F8A743B:null
2019-09-16 16:34:11,609 [RatisPipelineUtilsThread] WARN  pipeline.RatisPipelineUtils (RatisPipelineUtils.java:destroyPipeline(66)) - Pipeline destroy failed for pipeline=PipelineID=3ab55fe5-a8b1-4e30-8295-e6c05f8a743b dn=103cee85-d2d3-4069-a903-4a8bed8118d2{ip: 192.168.5.183, host: pr-hdds-1054-fkf2j-3502855176, networkLocation: /default-rack, certSerialId: null}
2019-09-16 16:34:11,612 [grpc-default-executor-3] INFO  impl.RaftServerProxy (RaftServerProxy.java:remove(95)) - 5da997ac-485a-4ae3-a11f-bd7c3a0ad14d: remove group-E6C05F8A743B:null
2019-09-16 16:34:11,615 [RatisPipelineUtilsThread] WARN  pipeline.RatisPipelineUtils (RatisPipelineUtils.java:destroyPipeline(66)) - Pipeline destroy failed for pipeline=PipelineID=3ab55fe5-a8b1-4e30-8295-e6c05f8a743b dn=5da997ac-485a-4ae3-a11f-bd7c3a0ad14d{ip: 192.168.5.183, host: pr-hdds-1054-fkf2j-3502855176, networkLocation: /default-rack, certSerialId: null}
2019-09-16 16:34:11,615 [RatisPipelineUtilsThread] ERROR pipeline.SCMPipelineManager (Scheduler.java:lambda$schedule$1(70)) - Destroy pipeline failed for pipeline:Pipeline[ Id: 3ab55fe5-a8b1-4e30-8295-e6c05f8a743b, Nodes: 2b9d536e-7082-46d0-bcea-3da9bf5f5d0c{ip: 192.168.5.183, host: pr-hdds-1054-fkf2j-3502855176, networkLocation: /default-rack, certSerialId: null}103cee85-d2d3-4069-a903-4a8bed8118d2{ip: 192.168.5.183, host: pr-hdds-1054-fkf2j-3502855176, networkLocation: /default-rack, certSerialId: null}5da997ac-485a-4ae3-a11f-bd7c3a0ad14d{ip: 192.168.5.183, host: pr-hdds-1054-fkf2j-3502855176, networkLocation: /default-rack, certSerialId: null}, Type:RATIS, Factor:THREE, State:CLOSED]
org.apache.hadoop.hdds.scm.pipeline.PipelineNotFoundException: PipelineID=3ab55fe5-a8b1-4e30-8295-e6c05f8a743b not found
	at org.apache.hadoop.hdds.scm.pipeline.PipelineStateMap.getPipeline(PipelineStateMap.java:132)
	at org.apache.hadoop.hdds.scm.pipeline.PipelineStateMap.removePipeline(PipelineStateMap.java:322)
	at org.apache.hadoop.hdds.scm.pipeline.PipelineStateManager.removePipeline(PipelineStateManager.java:107)
	at org.apache.hadoop.hdds.scm.pipeline.SCMPipelineManager.removePipeline(SCMPipelineManager.java:423)
	at org.apache.hadoop.hdds.scm.pipeline.SCMPipelineManager.destroyPipeline(SCMPipelineManager.java:409)
	at org.apache.hadoop.hdds.scm.pipeline.SCMPipelineManager.lambda$finalizeAndDestroyPipeline$0(SCMPipelineManager.java:318)
	at org.apache.hadoop.utils.Scheduler.lambda$schedule$1(Scheduler.java:68)
	at java.util.concurrent.Executors$RunnableAdapter.call(Executors.java:511)
	at java.util.concurrent.FutureTask.run(FutureTask.java:266)
	at java.util.concurrent.ScheduledThreadPoolExecutor$ScheduledFutureTask.access$201(ScheduledThreadPoolExecutor.java:180)
	at java.util.concurrent.ScheduledThreadPoolExecutor$ScheduledFutureTask.run(ScheduledThreadPoolExecutor.java:293)
	at java.util.concurrent.ThreadPoolExecutor.runWorker(ThreadPoolExecutor.java:1149)
	at java.util.concurrent.ThreadPoolExecutor$Worker.run(ThreadPoolExecutor.java:624)
	at java.lang.Thread.run(Thread.java:748)
2019-09-16 16:34:11,658 [java.util.concurrent.ThreadPoolExecutor$Worker@25934a47[State = -1, empty queue]] WARN  server.GrpcLogAppender (GrpcLogAppender.java:timeoutAppendRequest(200)) - 33002f53-59d2-46ae-91ae-843eaa52c7d0@group-03260B50B3E1->e3c513c6-7b5b-430b-887c-eb88026c45f2-GrpcLogAppender: appendEntries Timeout, request=33002f53-59d2-46ae-91ae-843eaa52c7d0->e3c513c6-7b5b-430b-887c-eb88026c45f2#108-t1, previous=(t:1, i:18), leaderCommit=12, initializing? false, entries: <empty>
2019-09-16 16:34:11,658 [java.util.concurrent.ThreadPoolExecutor$Worker@5dad4454[State = -1, empty queue]] WARN  server.GrpcLogAppender (GrpcLogAppender.java:timeoutAppendRequest(200)) - 33002f53-59d2-46ae-91ae-843eaa52c7d0@group-03260B50B3E1->816c2023-76ea-4558-9da7-70127639a79a-GrpcLogAppender: appendEntries Timeout, request=33002f53-59d2-46ae-91ae-843eaa52c7d0->816c2023-76ea-4558-9da7-70127639a79a#108-t1, previous=(t:1, i:18), leaderCommit=12, initializing? false, entries: <empty>
2019-09-16 16:34:13,646 [33002f53-59d2-46ae-91ae-843eaa52c7d0@group-03260B50B3E1-SegmentedRaftLogWorker] WARN  segmented.SegmentedRaftLogWorker (SegmentedRaftLogWorker.java:getFromFuture(90)) - Timeout 3/~
org.apache.ratis.protocol.TimeoutIOException: Timeout 10s: WriteLog:13: (t:1, i:13), STATEMACHINELOGENTRY, client-2CBA63CDBB2F, cid=36-writeStateMachineData
	at org.apache.ratis.util.IOUtils.getFromFuture(IOUtils.java:87)
	at org.apache.ratis.server.raftlog.segmented.SegmentedRaftLogWorker$StateMachineDataPolicy.getFromFuture(SegmentedRaftLogWorker.java:87)
	at org.apache.ratis.server.raftlog.segmented.SegmentedRaftLogWorker$WriteLog.execute(SegmentedRaftLogWorker.java:477)
	at org.apache.ratis.server.raftlog.segmented.SegmentedRaftLogWorker.run(SegmentedRaftLogWorker.java:289)
	at java.lang.Thread.run(Thread.java:748)
Caused by: java.util.concurrent.TimeoutException
	at java.util.concurrent.CompletableFuture.timedGet(CompletableFuture.java:1771)
	at java.util.concurrent.CompletableFuture.get(CompletableFuture.java:1915)
	at org.apache.ratis.util.IOUtils.getFromFuture(IOUtils.java:79)
	... 4 more
2019-09-16 16:34:13,646 [816c2023-76ea-4558-9da7-70127639a79a@group-03260B50B3E1-SegmentedRaftLogWorker] WARN  segmented.SegmentedRaftLogWorker (SegmentedRaftLogWorker.java:getFromFuture(90)) - Timeout 3/~
org.apache.ratis.protocol.TimeoutIOException: Timeout 10s: WriteLog:13: (t:1, i:13), STATEMACHINELOGENTRY, client-2CBA63CDBB2F, cid=36-writeStateMachineData
	at org.apache.ratis.util.IOUtils.getFromFuture(IOUtils.java:87)
	at org.apache.ratis.server.raftlog.segmented.SegmentedRaftLogWorker$StateMachineDataPolicy.getFromFuture(SegmentedRaftLogWorker.java:87)
	at org.apache.ratis.server.raftlog.segmented.SegmentedRaftLogWorker$WriteLog.execute(SegmentedRaftLogWorker.java:477)
	at org.apache.ratis.server.raftlog.segmented.SegmentedRaftLogWorker.run(SegmentedRaftLogWorker.java:289)
	at java.lang.Thread.run(Thread.java:748)
Caused by: java.util.concurrent.TimeoutException
	at java.util.concurrent.CompletableFuture.timedGet(CompletableFuture.java:1771)
	at java.util.concurrent.CompletableFuture.get(CompletableFuture.java:1915)
	at org.apache.ratis.util.IOUtils.getFromFuture(IOUtils.java:79)
	... 4 more
2019-09-16 16:34:13,647 [e3c513c6-7b5b-430b-887c-eb88026c45f2@group-03260B50B3E1-SegmentedRaftLogWorker] WARN  segmented.SegmentedRaftLogWorker (SegmentedRaftLogWorker.java:getFromFuture(90)) - Timeout 3/~
org.apache.ratis.protocol.TimeoutIOException: Timeout 10s: WriteLog:13: (t:1, i:13), STATEMACHINELOGENTRY, client-2CBA63CDBB2F, cid=36-writeStateMachineData
	at org.apache.ratis.util.IOUtils.getFromFuture(IOUtils.java:87)
	at org.apache.ratis.server.raftlog.segmented.SegmentedRaftLogWorker$StateMachineDataPolicy.getFromFuture(SegmentedRaftLogWorker.java:87)
	at org.apache.ratis.server.raftlog.segmented.SegmentedRaftLogWorker$WriteLog.execute(SegmentedRaftLogWorker.java:477)
	at org.apache.ratis.server.raftlog.segmented.SegmentedRaftLogWorker.run(SegmentedRaftLogWorker.java:289)
	at java.lang.Thread.run(Thread.java:748)
Caused by: java.util.concurrent.TimeoutException
	at java.util.concurrent.CompletableFuture.timedGet(CompletableFuture.java:1771)
	at java.util.concurrent.CompletableFuture.get(CompletableFuture.java:1915)
	at org.apache.ratis.util.IOUtils.getFromFuture(IOUtils.java:79)
	... 4 more
2019-09-16 16:34:14,005 [grpc-default-executor-3] INFO  client.GrpcClientProtocolClient (GrpcClientProtocolClient.java:onNext(264)) - client-2CBA63CDBB2F->e3c513c6-7b5b-430b-887c-eb88026c45f2: receive RaftClientReply:client-2CBA63CDBB2F->e3c513c6-7b5b-430b-887c-eb88026c45f2@group-03260B50B3E1, cid=36, FAILED org.apache.ratis.protocol.NotLeaderException: Server e3c513c6-7b5b-430b-887c-eb88026c45f2@group-03260B50B3E1 is not the leader 33002f53-59d2-46ae-91ae-843eaa52c7d0:192.168.5.183:46255, logIndex=0, commits[e3c513c6-7b5b-430b-887c-eb88026c45f2:c12, 33002f53-59d2-46ae-91ae-843eaa52c7d0:c12, 816c2023-76ea-4558-9da7-70127639a79a:c10]
2019-09-16 16:34:14,158 [java.util.concurrent.ThreadPoolExecutor$Worker@25934a47[State = -1, empty queue]] WARN  server.GrpcLogAppender (GrpcLogAppender.java:timeoutAppendRequest(200)) - 33002f53-59d2-46ae-91ae-843eaa52c7d0@group-03260B50B3E1->e3c513c6-7b5b-430b-887c-eb88026c45f2-GrpcLogAppender: appendEntries Timeout, request=33002f53-59d2-46ae-91ae-843eaa52c7d0->e3c513c6-7b5b-430b-887c-eb88026c45f2#109-t1, previous=(t:1, i:18), leaderCommit=12, initializing? false, entries: <empty>
2019-09-16 16:34:14,158 [java.util.concurrent.ThreadPoolExecutor$Worker@5dad4454[State = -1, empty queue]] WARN  server.GrpcLogAppender (GrpcLogAppender.java:timeoutAppendRequest(200)) - 33002f53-59d2-46ae-91ae-843eaa52c7d0@group-03260B50B3E1->816c2023-76ea-4558-9da7-70127639a79a-GrpcLogAppender: appendEntries Timeout, request=33002f53-59d2-46ae-91ae-843eaa52c7d0->816c2023-76ea-4558-9da7-70127639a79a#109-t1, previous=(t:1, i:18), leaderCommit=12, initializing? false, entries: <empty>
2019-09-16 16:34:14,598 [grpc-default-executor-3] INFO  impl.RaftServerProxy (RaftServerProxy.java:remove(95)) - 2b9d536e-7082-46d0-bcea-3da9bf5f5d0c: remove group-E6C05F8A743B:null
2019-09-16 16:34:14,602 [RatisPipelineUtilsThread] WARN  pipeline.RatisPipelineUtils (RatisPipelineUtils.java:destroyPipeline(66)) - Pipeline destroy failed for pipeline=PipelineID=3ab55fe5-a8b1-4e30-8295-e6c05f8a743b dn=2b9d536e-7082-46d0-bcea-3da9bf5f5d0c{ip: 192.168.5.183, host: pr-hdds-1054-fkf2j-3502855176, networkLocation: /default-rack, certSerialId: null}
2019-09-16 16:34:14,605 [grpc-default-executor-3] INFO  impl.RaftServerProxy (RaftServerProxy.java:remove(95)) - 103cee85-d2d3-4069-a903-4a8bed8118d2: remove group-E6C05F8A743B:null
2019-09-16 16:34:14,607 [RatisPipelineUtilsThread] WARN  pipeline.RatisPipelineUtils (RatisPipelineUtils.java:destroyPipeline(66)) - Pipeline destroy failed for pipeline=PipelineID=3ab55fe5-a8b1-4e30-8295-e6c05f8a743b dn=103cee85-d2d3-4069-a903-4a8bed8118d2{ip: 192.168.5.183, host: pr-hdds-1054-fkf2j-3502855176, networkLocation: /default-rack, certSerialId: null}
2019-09-16 16:34:14,610 [grpc-default-executor-3] INFO  impl.RaftServerProxy (RaftServerProxy.java:remove(95)) - 5da997ac-485a-4ae3-a11f-bd7c3a0ad14d: remove group-E6C05F8A743B:null
2019-09-16 16:34:14,612 [RatisPipelineUtilsThread] WARN  pipeline.RatisPipelineUtils (RatisPipelineUtils.java:destroyPipeline(66)) - Pipeline destroy failed for pipeline=PipelineID=3ab55fe5-a8b1-4e30-8295-e6c05f8a743b dn=5da997ac-485a-4ae3-a11f-bd7c3a0ad14d{ip: 192.168.5.183, host: pr-hdds-1054-fkf2j-3502855176, networkLocation: /default-rack, certSerialId: null}
2019-09-16 16:34:14,612 [RatisPipelineUtilsThread] ERROR pipeline.SCMPipelineManager (Scheduler.java:lambda$schedule$1(70)) - Destroy pipeline failed for pipeline:Pipeline[ Id: 3ab55fe5-a8b1-4e30-8295-e6c05f8a743b, Nodes: 2b9d536e-7082-46d0-bcea-3da9bf5f5d0c{ip: 192.168.5.183, host: pr-hdds-1054-fkf2j-3502855176, networkLocation: /default-rack, certSerialId: null}103cee85-d2d3-4069-a903-4a8bed8118d2{ip: 192.168.5.183, host: pr-hdds-1054-fkf2j-3502855176, networkLocation: /default-rack, certSerialId: null}5da997ac-485a-4ae3-a11f-bd7c3a0ad14d{ip: 192.168.5.183, host: pr-hdds-1054-fkf2j-3502855176, networkLocation: /default-rack, certSerialId: null}, Type:RATIS, Factor:THREE, State:CLOSED]
org.apache.hadoop.hdds.scm.pipeline.PipelineNotFoundException: PipelineID=3ab55fe5-a8b1-4e30-8295-e6c05f8a743b not found
	at org.apache.hadoop.hdds.scm.pipeline.PipelineStateMap.getPipeline(PipelineStateMap.java:132)
	at org.apache.hadoop.hdds.scm.pipeline.PipelineStateMap.removePipeline(PipelineStateMap.java:322)
	at org.apache.hadoop.hdds.scm.pipeline.PipelineStateManager.removePipeline(PipelineStateManager.java:107)
	at org.apache.hadoop.hdds.scm.pipeline.SCMPipelineManager.removePipeline(SCMPipelineManager.java:423)
	at org.apache.hadoop.hdds.scm.pipeline.SCMPipelineManager.destroyPipeline(SCMPipelineManager.java:409)
	at org.apache.hadoop.hdds.scm.pipeline.SCMPipelineManager.lambda$finalizeAndDestroyPipeline$0(SCMPipelineManager.java:318)
	at org.apache.hadoop.utils.Scheduler.lambda$schedule$1(Scheduler.java:68)
	at java.util.concurrent.Executors$RunnableAdapter.call(Executors.java:511)
	at java.util.concurrent.FutureTask.run(FutureTask.java:266)
	at java.util.concurrent.ScheduledThreadPoolExecutor$ScheduledFutureTask.access$201(ScheduledThreadPoolExecutor.java:180)
	at java.util.concurrent.ScheduledThreadPoolExecutor$ScheduledFutureTask.run(ScheduledThreadPoolExecutor.java:293)
	at java.util.concurrent.ThreadPoolExecutor.runWorker(ThreadPoolExecutor.java:1149)
	at java.util.concurrent.ThreadPoolExecutor$Worker.run(ThreadPoolExecutor.java:624)
	at java.lang.Thread.run(Thread.java:748)
2019-09-16 16:34:16,601 [grpc-default-executor-4] INFO  impl.RaftServerProxy (RaftServerProxy.java:remove(95)) - 2b9d536e-7082-46d0-bcea-3da9bf5f5d0c: remove group-E6C05F8A743B:null
2019-09-16 16:34:16,604 [RatisPipelineUtilsThread] WARN  pipeline.RatisPipelineUtils (RatisPipelineUtils.java:destroyPipeline(66)) - Pipeline destroy failed for pipeline=PipelineID=3ab55fe5-a8b1-4e30-8295-e6c05f8a743b dn=2b9d536e-7082-46d0-bcea-3da9bf5f5d0c{ip: 192.168.5.183, host: pr-hdds-1054-fkf2j-3502855176, networkLocation: /default-rack, certSerialId: null}
2019-09-16 16:34:16,608 [grpc-default-executor-4] INFO  impl.RaftServerProxy (RaftServerProxy.java:remove(95)) - 103cee85-d2d3-4069-a903-4a8bed8118d2: remove group-E6C05F8A743B:null
2019-09-16 16:34:16,611 [RatisPipelineUtilsThread] WARN  pipeline.RatisPipelineUtils (RatisPipelineUtils.java:destroyPipeline(66)) - Pipeline destroy failed for pipeline=PipelineID=3ab55fe5-a8b1-4e30-8295-e6c05f8a743b dn=103cee85-d2d3-4069-a903-4a8bed8118d2{ip: 192.168.5.183, host: pr-hdds-1054-fkf2j-3502855176, networkLocation: /default-rack, certSerialId: null}
2019-09-16 16:34:16,614 [grpc-default-executor-4] INFO  impl.RaftServerProxy (RaftServerProxy.java:remove(95)) - 5da997ac-485a-4ae3-a11f-bd7c3a0ad14d: remove group-E6C05F8A743B:null
2019-09-16 16:34:16,617 [RatisPipelineUtilsThread] WARN  pipeline.RatisPipelineUtils (RatisPipelineUtils.java:destroyPipeline(66)) - Pipeline destroy failed for pipeline=PipelineID=3ab55fe5-a8b1-4e30-8295-e6c05f8a743b dn=5da997ac-485a-4ae3-a11f-bd7c3a0ad14d{ip: 192.168.5.183, host: pr-hdds-1054-fkf2j-3502855176, networkLocation: /default-rack, certSerialId: null}
2019-09-16 16:34:16,617 [RatisPipelineUtilsThread] ERROR pipeline.SCMPipelineManager (Scheduler.java:lambda$schedule$1(70)) - Destroy pipeline failed for pipeline:Pipeline[ Id: 3ab55fe5-a8b1-4e30-8295-e6c05f8a743b, Nodes: 2b9d536e-7082-46d0-bcea-3da9bf5f5d0c{ip: 192.168.5.183, host: pr-hdds-1054-fkf2j-3502855176, networkLocation: /default-rack, certSerialId: null}103cee85-d2d3-4069-a903-4a8bed8118d2{ip: 192.168.5.183, host: pr-hdds-1054-fkf2j-3502855176, networkLocation: /default-rack, certSerialId: null}5da997ac-485a-4ae3-a11f-bd7c3a0ad14d{ip: 192.168.5.183, host: pr-hdds-1054-fkf2j-3502855176, networkLocation: /default-rack, certSerialId: null}, Type:RATIS, Factor:THREE, State:CLOSED]
org.apache.hadoop.hdds.scm.pipeline.PipelineNotFoundException: PipelineID=3ab55fe5-a8b1-4e30-8295-e6c05f8a743b not found
	at org.apache.hadoop.hdds.scm.pipeline.PipelineStateMap.getPipeline(PipelineStateMap.java:132)
	at org.apache.hadoop.hdds.scm.pipeline.PipelineStateMap.removePipeline(PipelineStateMap.java:322)
	at org.apache.hadoop.hdds.scm.pipeline.PipelineStateManager.removePipeline(PipelineStateManager.java:107)
	at org.apache.hadoop.hdds.scm.pipeline.SCMPipelineManager.removePipeline(SCMPipelineManager.java:423)
	at org.apache.hadoop.hdds.scm.pipeline.SCMPipelineManager.destroyPipeline(SCMPipelineManager.java:409)
	at org.apache.hadoop.hdds.scm.pipeline.SCMPipelineManager.lambda$finalizeAndDestroyPipeline$0(SCMPipelineManager.java:318)
	at org.apache.hadoop.utils.Scheduler.lambda$schedule$1(Scheduler.java:68)
	at java.util.concurrent.Executors$RunnableAdapter.call(Executors.java:511)
	at java.util.concurrent.FutureTask.run(FutureTask.java:266)
	at java.util.concurrent.ScheduledThreadPoolExecutor$ScheduledFutureTask.access$201(ScheduledThreadPoolExecutor.java:180)
	at java.util.concurrent.ScheduledThreadPoolExecutor$ScheduledFutureTask.run(ScheduledThreadPoolExecutor.java:293)
	at java.util.concurrent.ThreadPoolExecutor.runWorker(ThreadPoolExecutor.java:1149)
	at java.util.concurrent.ThreadPoolExecutor$Worker.run(ThreadPoolExecutor.java:624)
	at java.lang.Thread.run(Thread.java:748)
2019-09-16 16:34:16,659 [java.util.concurrent.ThreadPoolExecutor$Worker@5dad4454[State = -1, empty queue]] WARN  server.GrpcLogAppender (GrpcLogAppender.java:timeoutAppendRequest(200)) - 33002f53-59d2-46ae-91ae-843eaa52c7d0@group-03260B50B3E1->816c2023-76ea-4558-9da7-70127639a79a-GrpcLogAppender: appendEntries Timeout, request=33002f53-59d2-46ae-91ae-843eaa52c7d0->816c2023-76ea-4558-9da7-70127639a79a#110-t1, previous=(t:1, i:18), leaderCommit=12, initializing? false, entries: <empty>
2019-09-16 16:34:16,659 [java.util.concurrent.ThreadPoolExecutor$Worker@25934a47[State = -1, empty queue]] WARN  server.GrpcLogAppender (GrpcLogAppender.java:timeoutAppendRequest(200)) - 33002f53-59d2-46ae-91ae-843eaa52c7d0@group-03260B50B3E1->e3c513c6-7b5b-430b-887c-eb88026c45f2-GrpcLogAppender: appendEntries Timeout, request=33002f53-59d2-46ae-91ae-843eaa52c7d0->e3c513c6-7b5b-430b-887c-eb88026c45f2#110-t1, previous=(t:1, i:18), leaderCommit=12, initializing? false, entries: <empty>
2019-09-16 16:34:19,048 [grpc-default-executor-4] INFO  client.GrpcClientProtocolClient (GrpcClientProtocolClient.java:onNext(264)) - client-2CBA63CDBB2F->e3c513c6-7b5b-430b-887c-eb88026c45f2: receive RaftClientReply:client-2CBA63CDBB2F->e3c513c6-7b5b-430b-887c-eb88026c45f2@group-03260B50B3E1, cid=36, FAILED org.apache.ratis.protocol.NotLeaderException: Server e3c513c6-7b5b-430b-887c-eb88026c45f2@group-03260B50B3E1 is not the leader 33002f53-59d2-46ae-91ae-843eaa52c7d0:192.168.5.183:46255, logIndex=0, commits[e3c513c6-7b5b-430b-887c-eb88026c45f2:c12, 33002f53-59d2-46ae-91ae-843eaa52c7d0:c12, 816c2023-76ea-4558-9da7-70127639a79a:c10]
2019-09-16 16:34:19,160 [java.util.concurrent.ThreadPoolExecutor$Worker@5dad4454[State = -1, empty queue]] WARN  server.GrpcLogAppender (GrpcLogAppender.java:timeoutAppendRequest(200)) - 33002f53-59d2-46ae-91ae-843eaa52c7d0@group-03260B50B3E1->816c2023-76ea-4558-9da7-70127639a79a-GrpcLogAppender: appendEntries Timeout, request=33002f53-59d2-46ae-91ae-843eaa52c7d0->816c2023-76ea-4558-9da7-70127639a79a#111-t1, previous=(t:1, i:18), leaderCommit=12, initializing? false, entries: <empty>
2019-09-16 16:34:19,160 [java.util.concurrent.ThreadPoolExecutor$Worker@25934a47[State = -1, empty queue]] WARN  server.GrpcLogAppender (GrpcLogAppender.java:timeoutAppendRequest(200)) - 33002f53-59d2-46ae-91ae-843eaa52c7d0@group-03260B50B3E1->e3c513c6-7b5b-430b-887c-eb88026c45f2-GrpcLogAppender: appendEntries Timeout, request=33002f53-59d2-46ae-91ae-843eaa52c7d0->e3c513c6-7b5b-430b-887c-eb88026c45f2#111-t1, previous=(t:1, i:18), leaderCommit=12, initializing? false, entries: <empty>
2019-09-16 16:34:19,604 [grpc-default-executor-4] INFO  impl.RaftServerProxy (RaftServerProxy.java:remove(95)) - 2b9d536e-7082-46d0-bcea-3da9bf5f5d0c: remove group-E6C05F8A743B:null
2019-09-16 16:34:19,608 [RatisPipelineUtilsThread] WARN  pipeline.RatisPipelineUtils (RatisPipelineUtils.java:destroyPipeline(66)) - Pipeline destroy failed for pipeline=PipelineID=3ab55fe5-a8b1-4e30-8295-e6c05f8a743b dn=2b9d536e-7082-46d0-bcea-3da9bf5f5d0c{ip: 192.168.5.183, host: pr-hdds-1054-fkf2j-3502855176, networkLocation: /default-rack, certSerialId: null}
2019-09-16 16:34:19,613 [grpc-default-executor-4] INFO  impl.RaftServerProxy (RaftServerProxy.java:remove(95)) - 103cee85-d2d3-4069-a903-4a8bed8118d2: remove group-E6C05F8A743B:null
2019-09-16 16:34:19,615 [RatisPipelineUtilsThread] WARN  pipeline.RatisPipelineUtils (RatisPipelineUtils.java:destroyPipeline(66)) - Pipeline destroy failed for pipeline=PipelineID=3ab55fe5-a8b1-4e30-8295-e6c05f8a743b dn=103cee85-d2d3-4069-a903-4a8bed8118d2{ip: 192.168.5.183, host: pr-hdds-1054-fkf2j-3502855176, networkLocation: /default-rack, certSerialId: null}
2019-09-16 16:34:19,619 [grpc-default-executor-4] INFO  impl.RaftServerProxy (RaftServerProxy.java:remove(95)) - 5da997ac-485a-4ae3-a11f-bd7c3a0ad14d: remove group-E6C05F8A743B:null
2019-09-16 16:34:19,622 [RatisPipelineUtilsThread] WARN  pipeline.RatisPipelineUtils (RatisPipelineUtils.java:destroyPipeline(66)) - Pipeline destroy failed for pipeline=PipelineID=3ab55fe5-a8b1-4e30-8295-e6c05f8a743b dn=5da997ac-485a-4ae3-a11f-bd7c3a0ad14d{ip: 192.168.5.183, host: pr-hdds-1054-fkf2j-3502855176, networkLocation: /default-rack, certSerialId: null}
2019-09-16 16:34:19,622 [RatisPipelineUtilsThread] ERROR pipeline.SCMPipelineManager (Scheduler.java:lambda$schedule$1(70)) - Destroy pipeline failed for pipeline:Pipeline[ Id: 3ab55fe5-a8b1-4e30-8295-e6c05f8a743b, Nodes: 2b9d536e-7082-46d0-bcea-3da9bf5f5d0c{ip: 192.168.5.183, host: pr-hdds-1054-fkf2j-3502855176, networkLocation: /default-rack, certSerialId: null}103cee85-d2d3-4069-a903-4a8bed8118d2{ip: 192.168.5.183, host: pr-hdds-1054-fkf2j-3502855176, networkLocation: /default-rack, certSerialId: null}5da997ac-485a-4ae3-a11f-bd7c3a0ad14d{ip: 192.168.5.183, host: pr-hdds-1054-fkf2j-3502855176, networkLocation: /default-rack, certSerialId: null}, Type:RATIS, Factor:THREE, State:CLOSED]
org.apache.hadoop.hdds.scm.pipeline.PipelineNotFoundException: PipelineID=3ab55fe5-a8b1-4e30-8295-e6c05f8a743b not found
	at org.apache.hadoop.hdds.scm.pipeline.PipelineStateMap.getPipeline(PipelineStateMap.java:132)
	at org.apache.hadoop.hdds.scm.pipeline.PipelineStateMap.removePipeline(PipelineStateMap.java:322)
	at org.apache.hadoop.hdds.scm.pipeline.PipelineStateManager.removePipeline(PipelineStateManager.java:107)
	at org.apache.hadoop.hdds.scm.pipeline.SCMPipelineManager.removePipeline(SCMPipelineManager.java:423)
	at org.apache.hadoop.hdds.scm.pipeline.SCMPipelineManager.destroyPipeline(SCMPipelineManager.java:409)
	at org.apache.hadoop.hdds.scm.pipeline.SCMPipelineManager.lambda$finalizeAndDestroyPipeline$0(SCMPipelineManager.java:318)
	at org.apache.hadoop.utils.Scheduler.lambda$schedule$1(Scheduler.java:68)
	at java.util.concurrent.Executors$RunnableAdapter.call(Executors.java:511)
	at java.util.concurrent.FutureTask.run(FutureTask.java:266)
	at java.util.concurrent.ScheduledThreadPoolExecutor$ScheduledFutureTask.access$201(ScheduledThreadPoolExecutor.java:180)
	at java.util.concurrent.ScheduledThreadPoolExecutor$ScheduledFutureTask.run(ScheduledThreadPoolExecutor.java:293)
	at java.util.concurrent.ThreadPoolExecutor.runWorker(ThreadPoolExecutor.java:1149)
	at java.util.concurrent.ThreadPoolExecutor$Worker.run(ThreadPoolExecutor.java:624)
	at java.lang.Thread.run(Thread.java:748)
2019-09-16 16:34:21,599 [grpc-default-executor-4] INFO  impl.RaftServerProxy (RaftServerProxy.java:remove(95)) - 2b9d536e-7082-46d0-bcea-3da9bf5f5d0c: remove group-E6C05F8A743B:null
2019-09-16 16:34:21,602 [RatisPipelineUtilsThread] WARN  pipeline.RatisPipelineUtils (RatisPipelineUtils.java:destroyPipeline(66)) - Pipeline destroy failed for pipeline=PipelineID=3ab55fe5-a8b1-4e30-8295-e6c05f8a743b dn=2b9d536e-7082-46d0-bcea-3da9bf5f5d0c{ip: 192.168.5.183, host: pr-hdds-1054-fkf2j-3502855176, networkLocation: /default-rack, certSerialId: null}
2019-09-16 16:34:21,606 [grpc-default-executor-4] INFO  impl.RaftServerProxy (RaftServerProxy.java:remove(95)) - 103cee85-d2d3-4069-a903-4a8bed8118d2: remove group-E6C05F8A743B:null
2019-09-16 16:34:21,608 [RatisPipelineUtilsThread] WARN  pipeline.RatisPipelineUtils (RatisPipelineUtils.java:destroyPipeline(66)) - Pipeline destroy failed for pipeline=PipelineID=3ab55fe5-a8b1-4e30-8295-e6c05f8a743b dn=103cee85-d2d3-4069-a903-4a8bed8118d2{ip: 192.168.5.183, host: pr-hdds-1054-fkf2j-3502855176, networkLocation: /default-rack, certSerialId: null}
2019-09-16 16:34:21,611 [grpc-default-executor-4] INFO  impl.RaftServerProxy (RaftServerProxy.java:remove(95)) - 5da997ac-485a-4ae3-a11f-bd7c3a0ad14d: remove group-E6C05F8A743B:null
2019-09-16 16:34:21,614 [RatisPipelineUtilsThread] WARN  pipeline.RatisPipelineUtils (RatisPipelineUtils.java:destroyPipeline(66)) - Pipeline destroy failed for pipeline=PipelineID=3ab55fe5-a8b1-4e30-8295-e6c05f8a743b dn=5da997ac-485a-4ae3-a11f-bd7c3a0ad14d{ip: 192.168.5.183, host: pr-hdds-1054-fkf2j-3502855176, networkLocation: /default-rack, certSerialId: null}
2019-09-16 16:34:21,614 [RatisPipelineUtilsThread] ERROR pipeline.SCMPipelineManager (Scheduler.java:lambda$schedule$1(70)) - Destroy pipeline failed for pipeline:Pipeline[ Id: 3ab55fe5-a8b1-4e30-8295-e6c05f8a743b, Nodes: 2b9d536e-7082-46d0-bcea-3da9bf5f5d0c{ip: 192.168.5.183, host: pr-hdds-1054-fkf2j-3502855176, networkLocation: /default-rack, certSerialId: null}103cee85-d2d3-4069-a903-4a8bed8118d2{ip: 192.168.5.183, host: pr-hdds-1054-fkf2j-3502855176, networkLocation: /default-rack, certSerialId: null}5da997ac-485a-4ae3-a11f-bd7c3a0ad14d{ip: 192.168.5.183, host: pr-hdds-1054-fkf2j-3502855176, networkLocation: /default-rack, certSerialId: null}, Type:RATIS, Factor:THREE, State:CLOSED]
org.apache.hadoop.hdds.scm.pipeline.PipelineNotFoundException: PipelineID=3ab55fe5-a8b1-4e30-8295-e6c05f8a743b not found
	at org.apache.hadoop.hdds.scm.pipeline.PipelineStateMap.getPipeline(PipelineStateMap.java:132)
	at org.apache.hadoop.hdds.scm.pipeline.PipelineStateMap.removePipeline(PipelineStateMap.java:322)
	at org.apache.hadoop.hdds.scm.pipeline.PipelineStateManager.removePipeline(PipelineStateManager.java:107)
	at org.apache.hadoop.hdds.scm.pipeline.SCMPipelineManager.removePipeline(SCMPipelineManager.java:423)
	at org.apache.hadoop.hdds.scm.pipeline.SCMPipelineManager.destroyPipeline(SCMPipelineManager.java:409)
	at org.apache.hadoop.hdds.scm.pipeline.SCMPipelineManager.lambda$finalizeAndDestroyPipeline$0(SCMPipelineManager.java:318)
	at org.apache.hadoop.utils.Scheduler.lambda$schedule$1(Scheduler.java:68)
	at java.util.concurrent.Executors$RunnableAdapter.call(Executors.java:511)
	at java.util.concurrent.FutureTask.run(FutureTask.java:266)
	at java.util.concurrent.ScheduledThreadPoolExecutor$ScheduledFutureTask.access$201(ScheduledThreadPoolExecutor.java:180)
	at java.util.concurrent.ScheduledThreadPoolExecutor$ScheduledFutureTask.run(ScheduledThreadPoolExecutor.java:293)
	at java.util.concurrent.ThreadPoolExecutor.runWorker(ThreadPoolExecutor.java:1149)
	at java.util.concurrent.ThreadPoolExecutor$Worker.run(ThreadPoolExecutor.java:624)
	at java.lang.Thread.run(Thread.java:748)
2019-09-16 16:34:21,660 [java.util.concurrent.ThreadPoolExecutor$Worker@5dad4454[State = -1, empty queue]] WARN  server.GrpcLogAppender (GrpcLogAppender.java:timeoutAppendRequest(200)) - 33002f53-59d2-46ae-91ae-843eaa52c7d0@group-03260B50B3E1->816c2023-76ea-4558-9da7-70127639a79a-GrpcLogAppender: appendEntries Timeout, request=33002f53-59d2-46ae-91ae-843eaa52c7d0->816c2023-76ea-4558-9da7-70127639a79a#112-t1, previous=(t:1, i:18), leaderCommit=12, initializing? false, entries: <empty>
2019-09-16 16:34:21,660 [java.util.concurrent.ThreadPoolExecutor$Worker@25934a47[State = -1, empty queue]] WARN  server.GrpcLogAppender (GrpcLogAppender.java:timeoutAppendRequest(200)) - 33002f53-59d2-46ae-91ae-843eaa52c7d0@group-03260B50B3E1->e3c513c6-7b5b-430b-887c-eb88026c45f2-GrpcLogAppender: appendEntries Timeout, request=33002f53-59d2-46ae-91ae-843eaa52c7d0->e3c513c6-7b5b-430b-887c-eb88026c45f2#112-t1, previous=(t:1, i:18), leaderCommit=12, initializing? false, entries: <empty>
2019-09-16 16:34:23,647 [33002f53-59d2-46ae-91ae-843eaa52c7d0@group-03260B50B3E1-SegmentedRaftLogWorker] WARN  segmented.SegmentedRaftLogWorker (SegmentedRaftLogWorker.java:getFromFuture(90)) - Timeout 4/~
org.apache.ratis.protocol.TimeoutIOException: Timeout 10s: WriteLog:13: (t:1, i:13), STATEMACHINELOGENTRY, client-2CBA63CDBB2F, cid=36-writeStateMachineData
	at org.apache.ratis.util.IOUtils.getFromFuture(IOUtils.java:87)
	at org.apache.ratis.server.raftlog.segmented.SegmentedRaftLogWorker$StateMachineDataPolicy.getFromFuture(SegmentedRaftLogWorker.java:87)
	at org.apache.ratis.server.raftlog.segmented.SegmentedRaftLogWorker$WriteLog.execute(SegmentedRaftLogWorker.java:477)
	at org.apache.ratis.server.raftlog.segmented.SegmentedRaftLogWorker.run(SegmentedRaftLogWorker.java:289)
	at java.lang.Thread.run(Thread.java:748)
Caused by: java.util.concurrent.TimeoutException
	at java.util.concurrent.CompletableFuture.timedGet(CompletableFuture.java:1771)
	at java.util.concurrent.CompletableFuture.get(CompletableFuture.java:1915)
	at org.apache.ratis.util.IOUtils.getFromFuture(IOUtils.java:79)
	... 4 more
2019-09-16 16:34:23,648 [e3c513c6-7b5b-430b-887c-eb88026c45f2@group-03260B50B3E1-SegmentedRaftLogWorker] WARN  segmented.SegmentedRaftLogWorker (SegmentedRaftLogWorker.java:getFromFuture(90)) - Timeout 4/~
org.apache.ratis.protocol.TimeoutIOException: Timeout 10s: WriteLog:13: (t:1, i:13), STATEMACHINELOGENTRY, client-2CBA63CDBB2F, cid=36-writeStateMachineData
	at org.apache.ratis.util.IOUtils.getFromFuture(IOUtils.java:87)
	at org.apache.ratis.server.raftlog.segmented.SegmentedRaftLogWorker$StateMachineDataPolicy.getFromFuture(SegmentedRaftLogWorker.java:87)
	at org.apache.ratis.server.raftlog.segmented.SegmentedRaftLogWorker$WriteLog.execute(SegmentedRaftLogWorker.java:477)
	at org.apache.ratis.server.raftlog.segmented.SegmentedRaftLogWorker.run(SegmentedRaftLogWorker.java:289)
	at java.lang.Thread.run(Thread.java:748)
Caused by: java.util.concurrent.TimeoutException
	at java.util.concurrent.CompletableFuture.timedGet(CompletableFuture.java:1771)
	at java.util.concurrent.CompletableFuture.get(CompletableFuture.java:1915)
	at org.apache.ratis.util.IOUtils.getFromFuture(IOUtils.java:79)
	... 4 more
2019-09-16 16:34:23,647 [816c2023-76ea-4558-9da7-70127639a79a@group-03260B50B3E1-SegmentedRaftLogWorker] WARN  segmented.SegmentedRaftLogWorker (SegmentedRaftLogWorker.java:getFromFuture(90)) - Timeout 4/~
org.apache.ratis.protocol.TimeoutIOException: Timeout 10s: WriteLog:13: (t:1, i:13), STATEMACHINELOGENTRY, client-2CBA63CDBB2F, cid=36-writeStateMachineData
	at org.apache.ratis.util.IOUtils.getFromFuture(IOUtils.java:87)
	at org.apache.ratis.server.raftlog.segmented.SegmentedRaftLogWorker$StateMachineDataPolicy.getFromFuture(SegmentedRaftLogWorker.java:87)
	at org.apache.ratis.server.raftlog.segmented.SegmentedRaftLogWorker$WriteLog.execute(SegmentedRaftLogWorker.java:477)
	at org.apache.ratis.server.raftlog.segmented.SegmentedRaftLogWorker.run(SegmentedRaftLogWorker.java:289)
	at java.lang.Thread.run(Thread.java:748)
Caused by: java.util.concurrent.TimeoutException
	at java.util.concurrent.CompletableFuture.timedGet(CompletableFuture.java:1771)
	at java.util.concurrent.CompletableFuture.get(CompletableFuture.java:1915)
	at org.apache.ratis.util.IOUtils.getFromFuture(IOUtils.java:79)
	... 4 more
2019-09-16 16:34:24,093 [grpc-default-executor-3] INFO  client.GrpcClientProtocolClient (GrpcClientProtocolClient.java:onNext(264)) - client-2CBA63CDBB2F->e3c513c6-7b5b-430b-887c-eb88026c45f2: receive RaftClientReply:client-2CBA63CDBB2F->e3c513c6-7b5b-430b-887c-eb88026c45f2@group-03260B50B3E1, cid=36, FAILED org.apache.ratis.protocol.NotLeaderException: Server e3c513c6-7b5b-430b-887c-eb88026c45f2@group-03260B50B3E1 is not the leader 33002f53-59d2-46ae-91ae-843eaa52c7d0:192.168.5.183:46255, logIndex=0, commits[e3c513c6-7b5b-430b-887c-eb88026c45f2:c12, 33002f53-59d2-46ae-91ae-843eaa52c7d0:c12, 816c2023-76ea-4558-9da7-70127639a79a:c10]
2019-09-16 16:34:24,160 [java.util.concurrent.ThreadPoolExecutor$Worker@25934a47[State = -1, empty queue]] WARN  server.GrpcLogAppender (GrpcLogAppender.java:timeoutAppendRequest(200)) - 33002f53-59d2-46ae-91ae-843eaa52c7d0@group-03260B50B3E1->e3c513c6-7b5b-430b-887c-eb88026c45f2-GrpcLogAppender: appendEntries Timeout, request=33002f53-59d2-46ae-91ae-843eaa52c7d0->e3c513c6-7b5b-430b-887c-eb88026c45f2#113-t1, previous=(t:1, i:18), leaderCommit=12, initializing? false, entries: <empty>
2019-09-16 16:34:24,160 [java.util.concurrent.ThreadPoolExecutor$Worker@5dad4454[State = -1, empty queue]] WARN  server.GrpcLogAppender (GrpcLogAppender.java:timeoutAppendRequest(200)) - 33002f53-59d2-46ae-91ae-843eaa52c7d0@group-03260B50B3E1->816c2023-76ea-4558-9da7-70127639a79a-GrpcLogAppender: appendEntries Timeout, request=33002f53-59d2-46ae-91ae-843eaa52c7d0->816c2023-76ea-4558-9da7-70127639a79a#113-t1, previous=(t:1, i:18), leaderCommit=12, initializing? false, entries: <empty>
2019-09-16 16:34:24,598 [grpc-default-executor-3] INFO  impl.RaftServerProxy (RaftServerProxy.java:remove(95)) - 2b9d536e-7082-46d0-bcea-3da9bf5f5d0c: remove group-E6C05F8A743B:null
2019-09-16 16:34:24,600 [RatisPipelineUtilsThread] WARN  pipeline.RatisPipelineUtils (RatisPipelineUtils.java:destroyPipeline(66)) - Pipeline destroy failed for pipeline=PipelineID=3ab55fe5-a8b1-4e30-8295-e6c05f8a743b dn=2b9d536e-7082-46d0-bcea-3da9bf5f5d0c{ip: 192.168.5.183, host: pr-hdds-1054-fkf2j-3502855176, networkLocation: /default-rack, certSerialId: null}
2019-09-16 16:34:24,603 [grpc-default-executor-3] INFO  impl.RaftServerProxy (RaftServerProxy.java:remove(95)) - 103cee85-d2d3-4069-a903-4a8bed8118d2: remove group-E6C05F8A743B:null
2019-09-16 16:34:24,605 [RatisPipelineUtilsThread] WARN  pipeline.RatisPipelineUtils (RatisPipelineUtils.java:destroyPipeline(66)) - Pipeline destroy failed for pipeline=PipelineID=3ab55fe5-a8b1-4e30-8295-e6c05f8a743b dn=103cee85-d2d3-4069-a903-4a8bed8118d2{ip: 192.168.5.183, host: pr-hdds-1054-fkf2j-3502855176, networkLocation: /default-rack, certSerialId: null}
2019-09-16 16:34:24,607 [grpc-default-executor-3] INFO  impl.RaftServerProxy (RaftServerProxy.java:remove(95)) - 5da997ac-485a-4ae3-a11f-bd7c3a0ad14d: remove group-E6C05F8A743B:null
2019-09-16 16:34:24,608 [RatisPipelineUtilsThread] WARN  pipeline.RatisPipelineUtils (RatisPipelineUtils.java:destroyPipeline(66)) - Pipeline destroy failed for pipeline=PipelineID=3ab55fe5-a8b1-4e30-8295-e6c05f8a743b dn=5da997ac-485a-4ae3-a11f-bd7c3a0ad14d{ip: 192.168.5.183, host: pr-hdds-1054-fkf2j-3502855176, networkLocation: /default-rack, certSerialId: null}
2019-09-16 16:34:24,609 [RatisPipelineUtilsThread] ERROR pipeline.SCMPipelineManager (Scheduler.java:lambda$schedule$1(70)) - Destroy pipeline failed for pipeline:Pipeline[ Id: 3ab55fe5-a8b1-4e30-8295-e6c05f8a743b, Nodes: 2b9d536e-7082-46d0-bcea-3da9bf5f5d0c{ip: 192.168.5.183, host: pr-hdds-1054-fkf2j-3502855176, networkLocation: /default-rack, certSerialId: null}103cee85-d2d3-4069-a903-4a8bed8118d2{ip: 192.168.5.183, host: pr-hdds-1054-fkf2j-3502855176, networkLocation: /default-rack, certSerialId: null}5da997ac-485a-4ae3-a11f-bd7c3a0ad14d{ip: 192.168.5.183, host: pr-hdds-1054-fkf2j-3502855176, networkLocation: /default-rack, certSerialId: null}, Type:RATIS, Factor:THREE, State:CLOSED]
org.apache.hadoop.hdds.scm.pipeline.PipelineNotFoundException: PipelineID=3ab55fe5-a8b1-4e30-8295-e6c05f8a743b not found
	at org.apache.hadoop.hdds.scm.pipeline.PipelineStateMap.getPipeline(PipelineStateMap.java:132)
	at org.apache.hadoop.hdds.scm.pipeline.PipelineStateMap.removePipeline(PipelineStateMap.java:322)
	at org.apache.hadoop.hdds.scm.pipeline.PipelineStateManager.removePipeline(PipelineStateManager.java:107)
	at org.apache.hadoop.hdds.scm.pipeline.SCMPipelineManager.removePipeline(SCMPipelineManager.java:423)
	at org.apache.hadoop.hdds.scm.pipeline.SCMPipelineManager.destroyPipeline(SCMPipelineManager.java:409)
	at org.apache.hadoop.hdds.scm.pipeline.SCMPipelineManager.lambda$finalizeAndDestroyPipeline$0(SCMPipelineManager.java:318)
	at org.apache.hadoop.utils.Scheduler.lambda$schedule$1(Scheduler.java:68)
	at java.util.concurrent.Executors$RunnableAdapter.call(Executors.java:511)
	at java.util.concurrent.FutureTask.run(FutureTask.java:266)
	at java.util.concurrent.ScheduledThreadPoolExecutor$ScheduledFutureTask.access$201(ScheduledThreadPoolExecutor.java:180)
	at java.util.concurrent.ScheduledThreadPoolExecutor$ScheduledFutureTask.run(ScheduledThreadPoolExecutor.java:293)
	at java.util.concurrent.ThreadPoolExecutor.runWorker(ThreadPoolExecutor.java:1149)
	at java.util.concurrent.ThreadPoolExecutor$Worker.run(ThreadPoolExecutor.java:624)
	at java.lang.Thread.run(Thread.java:748)
2019-09-16 16:34:26,607 [grpc-default-executor-3] INFO  impl.RaftServerProxy (RaftServerProxy.java:remove(95)) - 2b9d536e-7082-46d0-bcea-3da9bf5f5d0c: remove group-E6C05F8A743B:null
2019-09-16 16:34:26,612 [RatisPipelineUtilsThread] WARN  pipeline.RatisPipelineUtils (RatisPipelineUtils.java:destroyPipeline(66)) - Pipeline destroy failed for pipeline=PipelineID=3ab55fe5-a8b1-4e30-8295-e6c05f8a743b dn=2b9d536e-7082-46d0-bcea-3da9bf5f5d0c{ip: 192.168.5.183, host: pr-hdds-1054-fkf2j-3502855176, networkLocation: /default-rack, certSerialId: null}
2019-09-16 16:34:26,616 [grpc-default-executor-3] INFO  impl.RaftServerProxy (RaftServerProxy.java:remove(95)) - 103cee85-d2d3-4069-a903-4a8bed8118d2: remove group-E6C05F8A743B:null
2019-09-16 16:34:26,619 [RatisPipelineUtilsThread] WARN  pipeline.RatisPipelineUtils (RatisPipelineUtils.java:destroyPipeline(66)) - Pipeline destroy failed for pipeline=PipelineID=3ab55fe5-a8b1-4e30-8295-e6c05f8a743b dn=103cee85-d2d3-4069-a903-4a8bed8118d2{ip: 192.168.5.183, host: pr-hdds-1054-fkf2j-3502855176, networkLocation: /default-rack, certSerialId: null}
2019-09-16 16:34:26,622 [grpc-default-executor-4] INFO  impl.RaftServerProxy (RaftServerProxy.java:remove(95)) - 5da997ac-485a-4ae3-a11f-bd7c3a0ad14d: remove group-E6C05F8A743B:null
2019-09-16 16:34:26,624 [RatisPipelineUtilsThread] WARN  pipeline.RatisPipelineUtils (RatisPipelineUtils.java:destroyPipeline(66)) - Pipeline destroy failed for pipeline=PipelineID=3ab55fe5-a8b1-4e30-8295-e6c05f8a743b dn=5da997ac-485a-4ae3-a11f-bd7c3a0ad14d{ip: 192.168.5.183, host: pr-hdds-1054-fkf2j-3502855176, networkLocation: /default-rack, certSerialId: null}
2019-09-16 16:34:26,625 [RatisPipelineUtilsThread] ERROR pipeline.SCMPipelineManager (Scheduler.java:lambda$schedule$1(70)) - Destroy pipeline failed for pipeline:Pipeline[ Id: 3ab55fe5-a8b1-4e30-8295-e6c05f8a743b, Nodes: 2b9d536e-7082-46d0-bcea-3da9bf5f5d0c{ip: 192.168.5.183, host: pr-hdds-1054-fkf2j-3502855176, networkLocation: /default-rack, certSerialId: null}103cee85-d2d3-4069-a903-4a8bed8118d2{ip: 192.168.5.183, host: pr-hdds-1054-fkf2j-3502855176, networkLocation: /default-rack, certSerialId: null}5da997ac-485a-4ae3-a11f-bd7c3a0ad14d{ip: 192.168.5.183, host: pr-hdds-1054-fkf2j-3502855176, networkLocation: /default-rack, certSerialId: null}, Type:RATIS, Factor:THREE, State:CLOSED]
org.apache.hadoop.hdds.scm.pipeline.PipelineNotFoundException: PipelineID=3ab55fe5-a8b1-4e30-8295-e6c05f8a743b not found
	at org.apache.hadoop.hdds.scm.pipeline.PipelineStateMap.getPipeline(PipelineStateMap.java:132)
	at org.apache.hadoop.hdds.scm.pipeline.PipelineStateMap.removePipeline(PipelineStateMap.java:322)
	at org.apache.hadoop.hdds.scm.pipeline.PipelineStateManager.removePipeline(PipelineStateManager.java:107)
	at org.apache.hadoop.hdds.scm.pipeline.SCMPipelineManager.removePipeline(SCMPipelineManager.java:423)
	at org.apache.hadoop.hdds.scm.pipeline.SCMPipelineManager.destroyPipeline(SCMPipelineManager.java:409)
	at org.apache.hadoop.hdds.scm.pipeline.SCMPipelineManager.lambda$finalizeAndDestroyPipeline$0(SCMPipelineManager.java:318)
	at org.apache.hadoop.utils.Scheduler.lambda$schedule$1(Scheduler.java:68)
	at java.util.concurrent.Executors$RunnableAdapter.call(Executors.java:511)
	at java.util.concurrent.FutureTask.run(FutureTask.java:266)
	at java.util.concurrent.ScheduledThreadPoolExecutor$ScheduledFutureTask.access$201(ScheduledThreadPoolExecutor.java:180)
	at java.util.concurrent.ScheduledThreadPoolExecutor$ScheduledFutureTask.run(ScheduledThreadPoolExecutor.java:293)
	at java.util.concurrent.ThreadPoolExecutor.runWorker(ThreadPoolExecutor.java:1149)
	at java.util.concurrent.ThreadPoolExecutor$Worker.run(ThreadPoolExecutor.java:624)
	at java.lang.Thread.run(Thread.java:748)
2019-09-16 16:34:26,661 [java.util.concurrent.ThreadPoolExecutor$Worker@5dad4454[State = -1, empty queue]] WARN  server.GrpcLogAppender (GrpcLogAppender.java:timeoutAppendRequest(200)) - 33002f53-59d2-46ae-91ae-843eaa52c7d0@group-03260B50B3E1->816c2023-76ea-4558-9da7-70127639a79a-GrpcLogAppender: appendEntries Timeout, request=33002f53-59d2-46ae-91ae-843eaa52c7d0->816c2023-76ea-4558-9da7-70127639a79a#114-t1, previous=(t:1, i:18), leaderCommit=12, initializing? false, entries: <empty>
2019-09-16 16:34:26,661 [java.util.concurrent.ThreadPoolExecutor$Worker@25934a47[State = -1, empty queue]] WARN  server.GrpcLogAppender (GrpcLogAppender.java:timeoutAppendRequest(200)) - 33002f53-59d2-46ae-91ae-843eaa52c7d0@group-03260B50B3E1->e3c513c6-7b5b-430b-887c-eb88026c45f2-GrpcLogAppender: appendEntries Timeout, request=33002f53-59d2-46ae-91ae-843eaa52c7d0->e3c513c6-7b5b-430b-887c-eb88026c45f2#114-t1, previous=(t:1, i:18), leaderCommit=12, initializing? false, entries: <empty>
2019-09-16 16:34:29,132 [grpc-default-executor-4] INFO  client.GrpcClientProtocolClient (GrpcClientProtocolClient.java:onNext(264)) - client-2CBA63CDBB2F->e3c513c6-7b5b-430b-887c-eb88026c45f2: receive RaftClientReply:client-2CBA63CDBB2F->e3c513c6-7b5b-430b-887c-eb88026c45f2@group-03260B50B3E1, cid=36, FAILED org.apache.ratis.protocol.NotLeaderException: Server e3c513c6-7b5b-430b-887c-eb88026c45f2@group-03260B50B3E1 is not the leader 33002f53-59d2-46ae-91ae-843eaa52c7d0:192.168.5.183:46255, logIndex=0, commits[e3c513c6-7b5b-430b-887c-eb88026c45f2:c12, 33002f53-59d2-46ae-91ae-843eaa52c7d0:c12, 816c2023-76ea-4558-9da7-70127639a79a:c10]
2019-09-16 16:34:29,162 [java.util.concurrent.ThreadPoolExecutor$Worker@25934a47[State = -1, empty queue]] WARN  server.GrpcLogAppender (GrpcLogAppender.java:timeoutAppendRequest(200)) - 33002f53-59d2-46ae-91ae-843eaa52c7d0@group-03260B50B3E1->e3c513c6-7b5b-430b-887c-eb88026c45f2-GrpcLogAppender: appendEntries Timeout, request=33002f53-59d2-46ae-91ae-843eaa52c7d0->e3c513c6-7b5b-430b-887c-eb88026c45f2#115-t1, previous=(t:1, i:18), leaderCommit=12, initializing? false, entries: <empty>
2019-09-16 16:34:29,162 [java.util.concurrent.ThreadPoolExecutor$Worker@5dad4454[State = -1, empty queue]] WARN  server.GrpcLogAppender (GrpcLogAppender.java:timeoutAppendRequest(200)) - 33002f53-59d2-46ae-91ae-843eaa52c7d0@group-03260B50B3E1->816c2023-76ea-4558-9da7-70127639a79a-GrpcLogAppender: appendEntries Timeout, request=33002f53-59d2-46ae-91ae-843eaa52c7d0->816c2023-76ea-4558-9da7-70127639a79a#115-t1, previous=(t:1, i:18), leaderCommit=12, initializing? false, entries: <empty>
2019-09-16 16:34:29,600 [grpc-default-executor-4] INFO  impl.RaftServerProxy (RaftServerProxy.java:remove(95)) - 2b9d536e-7082-46d0-bcea-3da9bf5f5d0c: remove group-E6C05F8A743B:null
2019-09-16 16:34:29,604 [RatisPipelineUtilsThread] WARN  pipeline.RatisPipelineUtils (RatisPipelineUtils.java:destroyPipeline(66)) - Pipeline destroy failed for pipeline=PipelineID=3ab55fe5-a8b1-4e30-8295-e6c05f8a743b dn=2b9d536e-7082-46d0-bcea-3da9bf5f5d0c{ip: 192.168.5.183, host: pr-hdds-1054-fkf2j-3502855176, networkLocation: /default-rack, certSerialId: null}
2019-09-16 16:34:29,608 [grpc-default-executor-4] INFO  impl.RaftServerProxy (RaftServerProxy.java:remove(95)) - 103cee85-d2d3-4069-a903-4a8bed8118d2: remove group-E6C05F8A743B:null
2019-09-16 16:34:29,610 [RatisPipelineUtilsThread] WARN  pipeline.RatisPipelineUtils (RatisPipelineUtils.java:destroyPipeline(66)) - Pipeline destroy failed for pipeline=PipelineID=3ab55fe5-a8b1-4e30-8295-e6c05f8a743b dn=103cee85-d2d3-4069-a903-4a8bed8118d2{ip: 192.168.5.183, host: pr-hdds-1054-fkf2j-3502855176, networkLocation: /default-rack, certSerialId: null}
2019-09-16 16:34:29,614 [grpc-default-executor-4] INFO  impl.RaftServerProxy (RaftServerProxy.java:remove(95)) - 5da997ac-485a-4ae3-a11f-bd7c3a0ad14d: remove group-E6C05F8A743B:null
2019-09-16 16:34:29,616 [RatisPipelineUtilsThread] WARN  pipeline.RatisPipelineUtils (RatisPipelineUtils.java:destroyPipeline(66)) - Pipeline destroy failed for pipeline=PipelineID=3ab55fe5-a8b1-4e30-8295-e6c05f8a743b dn=5da997ac-485a-4ae3-a11f-bd7c3a0ad14d{ip: 192.168.5.183, host: pr-hdds-1054-fkf2j-3502855176, networkLocation: /default-rack, certSerialId: null}
2019-09-16 16:34:29,616 [RatisPipelineUtilsThread] ERROR pipeline.SCMPipelineManager (Scheduler.java:lambda$schedule$1(70)) - Destroy pipeline failed for pipeline:Pipeline[ Id: 3ab55fe5-a8b1-4e30-8295-e6c05f8a743b, Nodes: 2b9d536e-7082-46d0-bcea-3da9bf5f5d0c{ip: 192.168.5.183, host: pr-hdds-1054-fkf2j-3502855176, networkLocation: /default-rack, certSerialId: null}103cee85-d2d3-4069-a903-4a8bed8118d2{ip: 192.168.5.183, host: pr-hdds-1054-fkf2j-3502855176, networkLocation: /default-rack, certSerialId: null}5da997ac-485a-4ae3-a11f-bd7c3a0ad14d{ip: 192.168.5.183, host: pr-hdds-1054-fkf2j-3502855176, networkLocation: /default-rack, certSerialId: null}, Type:RATIS, Factor:THREE, State:CLOSED]
org.apache.hadoop.hdds.scm.pipeline.PipelineNotFoundException: PipelineID=3ab55fe5-a8b1-4e30-8295-e6c05f8a743b not found
	at org.apache.hadoop.hdds.scm.pipeline.PipelineStateMap.getPipeline(PipelineStateMap.java:132)
	at org.apache.hadoop.hdds.scm.pipeline.PipelineStateMap.removePipeline(PipelineStateMap.java:322)
	at org.apache.hadoop.hdds.scm.pipeline.PipelineStateManager.removePipeline(PipelineStateManager.java:107)
	at org.apache.hadoop.hdds.scm.pipeline.SCMPipelineManager.removePipeline(SCMPipelineManager.java:423)
	at org.apache.hadoop.hdds.scm.pipeline.SCMPipelineManager.destroyPipeline(SCMPipelineManager.java:409)
	at org.apache.hadoop.hdds.scm.pipeline.SCMPipelineManager.lambda$finalizeAndDestroyPipeline$0(SCMPipelineManager.java:318)
	at org.apache.hadoop.utils.Scheduler.lambda$schedule$1(Scheduler.java:68)
	at java.util.concurrent.Executors$RunnableAdapter.call(Executors.java:511)
	at java.util.concurrent.FutureTask.run(FutureTask.java:266)
	at java.util.concurrent.ScheduledThreadPoolExecutor$ScheduledFutureTask.access$201(ScheduledThreadPoolExecutor.java:180)
	at java.util.concurrent.ScheduledThreadPoolExecutor$ScheduledFutureTask.run(ScheduledThreadPoolExecutor.java:293)
	at java.util.concurrent.ThreadPoolExecutor.runWorker(ThreadPoolExecutor.java:1149)
	at java.util.concurrent.ThreadPoolExecutor$Worker.run(ThreadPoolExecutor.java:624)
	at java.lang.Thread.run(Thread.java:748)
2019-09-16 16:34:31,605 [grpc-default-executor-3] INFO  impl.RaftServerProxy (RaftServerProxy.java:remove(95)) - 2b9d536e-7082-46d0-bcea-3da9bf5f5d0c: remove group-E6C05F8A743B:null
2019-09-16 16:34:31,610 [RatisPipelineUtilsThread] WARN  pipeline.RatisPipelineUtils (RatisPipelineUtils.java:destroyPipeline(66)) - Pipeline destroy failed for pipeline=PipelineID=3ab55fe5-a8b1-4e30-8295-e6c05f8a743b dn=2b9d536e-7082-46d0-bcea-3da9bf5f5d0c{ip: 192.168.5.183, host: pr-hdds-1054-fkf2j-3502855176, networkLocation: /default-rack, certSerialId: null}
2019-09-16 16:34:31,614 [grpc-default-executor-3] INFO  impl.RaftServerProxy (RaftServerProxy.java:remove(95)) - 103cee85-d2d3-4069-a903-4a8bed8118d2: remove group-E6C05F8A743B:null
2019-09-16 16:34:31,616 [RatisPipelineUtilsThread] WARN  pipeline.RatisPipelineUtils (RatisPipelineUtils.java:destroyPipeline(66)) - Pipeline destroy failed for pipeline=PipelineID=3ab55fe5-a8b1-4e30-8295-e6c05f8a743b dn=103cee85-d2d3-4069-a903-4a8bed8118d2{ip: 192.168.5.183, host: pr-hdds-1054-fkf2j-3502855176, networkLocation: /default-rack, certSerialId: null}
2019-09-16 16:34:31,619 [grpc-default-executor-3] INFO  impl.RaftServerProxy (RaftServerProxy.java:remove(95)) - 5da997ac-485a-4ae3-a11f-bd7c3a0ad14d: remove group-E6C05F8A743B:null
2019-09-16 16:34:31,622 [RatisPipelineUtilsThread] WARN  pipeline.RatisPipelineUtils (RatisPipelineUtils.java:destroyPipeline(66)) - Pipeline destroy failed for pipeline=PipelineID=3ab55fe5-a8b1-4e30-8295-e6c05f8a743b dn=5da997ac-485a-4ae3-a11f-bd7c3a0ad14d{ip: 192.168.5.183, host: pr-hdds-1054-fkf2j-3502855176, networkLocation: /default-rack, certSerialId: null}
2019-09-16 16:34:31,622 [RatisPipelineUtilsThread] ERROR pipeline.SCMPipelineManager (Scheduler.java:lambda$schedule$1(70)) - Destroy pipeline failed for pipeline:Pipeline[ Id: 3ab55fe5-a8b1-4e30-8295-e6c05f8a743b, Nodes: 2b9d536e-7082-46d0-bcea-3da9bf5f5d0c{ip: 192.168.5.183, host: pr-hdds-1054-fkf2j-3502855176, networkLocation: /default-rack, certSerialId: null}103cee85-d2d3-4069-a903-4a8bed8118d2{ip: 192.168.5.183, host: pr-hdds-1054-fkf2j-3502855176, networkLocation: /default-rack, certSerialId: null}5da997ac-485a-4ae3-a11f-bd7c3a0ad14d{ip: 192.168.5.183, host: pr-hdds-1054-fkf2j-3502855176, networkLocation: /default-rack, certSerialId: null}, Type:RATIS, Factor:THREE, State:CLOSED]
org.apache.hadoop.hdds.scm.pipeline.PipelineNotFoundException: PipelineID=3ab55fe5-a8b1-4e30-8295-e6c05f8a743b not found
	at org.apache.hadoop.hdds.scm.pipeline.PipelineStateMap.getPipeline(PipelineStateMap.java:132)
	at org.apache.hadoop.hdds.scm.pipeline.PipelineStateMap.removePipeline(PipelineStateMap.java:322)
	at org.apache.hadoop.hdds.scm.pipeline.PipelineStateManager.removePipeline(PipelineStateManager.java:107)
	at org.apache.hadoop.hdds.scm.pipeline.SCMPipelineManager.removePipeline(SCMPipelineManager.java:423)
	at org.apache.hadoop.hdds.scm.pipeline.SCMPipelineManager.destroyPipeline(SCMPipelineManager.java:409)
	at org.apache.hadoop.hdds.scm.pipeline.SCMPipelineManager.lambda$finalizeAndDestroyPipeline$0(SCMPipelineManager.java:318)
	at org.apache.hadoop.utils.Scheduler.lambda$schedule$1(Scheduler.java:68)
	at java.util.concurrent.Executors$RunnableAdapter.call(Executors.java:511)
	at java.util.concurrent.FutureTask.run(FutureTask.java:266)
	at java.util.concurrent.ScheduledThreadPoolExecutor$ScheduledFutureTask.access$201(ScheduledThreadPoolExecutor.java:180)
	at java.util.concurrent.ScheduledThreadPoolExecutor$ScheduledFutureTask.run(ScheduledThreadPoolExecutor.java:293)
	at java.util.concurrent.ThreadPoolExecutor.runWorker(ThreadPoolExecutor.java:1149)
	at java.util.concurrent.ThreadPoolExecutor$Worker.run(ThreadPoolExecutor.java:624)
	at java.lang.Thread.run(Thread.java:748)
2019-09-16 16:34:31,662 [java.util.concurrent.ThreadPoolExecutor$Worker@5dad4454[State = -1, empty queue]] WARN  server.GrpcLogAppender (GrpcLogAppender.java:timeoutAppendRequest(200)) - 33002f53-59d2-46ae-91ae-843eaa52c7d0@group-03260B50B3E1->816c2023-76ea-4558-9da7-70127639a79a-GrpcLogAppender: appendEntries Timeout, request=33002f53-59d2-46ae-91ae-843eaa52c7d0->816c2023-76ea-4558-9da7-70127639a79a#116-t1, previous=(t:1, i:18), leaderCommit=12, initializing? false, entries: <empty>
2019-09-16 16:34:31,662 [java.util.concurrent.ThreadPoolExecutor$Worker@25934a47[State = -1, empty queue]] WARN  server.GrpcLogAppender (GrpcLogAppender.java:timeoutAppendRequest(200)) - 33002f53-59d2-46ae-91ae-843eaa52c7d0@group-03260B50B3E1->e3c513c6-7b5b-430b-887c-eb88026c45f2-GrpcLogAppender: appendEntries Timeout, request=33002f53-59d2-46ae-91ae-843eaa52c7d0->e3c513c6-7b5b-430b-887c-eb88026c45f2#116-t1, previous=(t:1, i:18), leaderCommit=12, initializing? false, entries: <empty>
2019-09-16 16:34:33,649 [33002f53-59d2-46ae-91ae-843eaa52c7d0@group-03260B50B3E1-SegmentedRaftLogWorker] WARN  segmented.SegmentedRaftLogWorker (SegmentedRaftLogWorker.java:getFromFuture(90)) - Timeout 5/~
org.apache.ratis.protocol.TimeoutIOException: Timeout 10s: WriteLog:13: (t:1, i:13), STATEMACHINELOGENTRY, client-2CBA63CDBB2F, cid=36-writeStateMachineData
	at org.apache.ratis.util.IOUtils.getFromFuture(IOUtils.java:87)
	at org.apache.ratis.server.raftlog.segmented.SegmentedRaftLogWorker$StateMachineDataPolicy.getFromFuture(SegmentedRaftLogWorker.java:87)
	at org.apache.ratis.server.raftlog.segmented.SegmentedRaftLogWorker$WriteLog.execute(SegmentedRaftLogWorker.java:477)
	at org.apache.ratis.server.raftlog.segmented.SegmentedRaftLogWorker.run(SegmentedRaftLogWorker.java:289)
	at java.lang.Thread.run(Thread.java:748)
Caused by: java.util.concurrent.TimeoutException
	at java.util.concurrent.CompletableFuture.timedGet(CompletableFuture.java:1771)
	at java.util.concurrent.CompletableFuture.get(CompletableFuture.java:1915)
	at org.apache.ratis.util.IOUtils.getFromFuture(IOUtils.java:79)
	... 4 more
2019-09-16 16:34:33,649 [e3c513c6-7b5b-430b-887c-eb88026c45f2@group-03260B50B3E1-SegmentedRaftLogWorker] WARN  segmented.SegmentedRaftLogWorker (SegmentedRaftLogWorker.java:getFromFuture(90)) - Timeout 5/~
org.apache.ratis.protocol.TimeoutIOException: Timeout 10s: WriteLog:13: (t:1, i:13), STATEMACHINELOGENTRY, client-2CBA63CDBB2F, cid=36-writeStateMachineData
	at org.apache.ratis.util.IOUtils.getFromFuture(IOUtils.java:87)
	at org.apache.ratis.server.raftlog.segmented.SegmentedRaftLogWorker$StateMachineDataPolicy.getFromFuture(SegmentedRaftLogWorker.java:87)
	at org.apache.ratis.server.raftlog.segmented.SegmentedRaftLogWorker$WriteLog.execute(SegmentedRaftLogWorker.java:477)
	at org.apache.ratis.server.raftlog.segmented.SegmentedRaftLogWorker.run(SegmentedRaftLogWorker.java:289)
	at java.lang.Thread.run(Thread.java:748)
Caused by: java.util.concurrent.TimeoutException
	at java.util.concurrent.CompletableFuture.timedGet(CompletableFuture.java:1771)
	at java.util.concurrent.CompletableFuture.get(CompletableFuture.java:1915)
	at org.apache.ratis.util.IOUtils.getFromFuture(IOUtils.java:79)
	... 4 more
2019-09-16 16:34:33,649 [816c2023-76ea-4558-9da7-70127639a79a@group-03260B50B3E1-SegmentedRaftLogWorker] WARN  segmented.SegmentedRaftLogWorker (SegmentedRaftLogWorker.java:getFromFuture(90)) - Timeout 5/~
org.apache.ratis.protocol.TimeoutIOException: Timeout 10s: WriteLog:13: (t:1, i:13), STATEMACHINELOGENTRY, client-2CBA63CDBB2F, cid=36-writeStateMachineData
	at org.apache.ratis.util.IOUtils.getFromFuture(IOUtils.java:87)
	at org.apache.ratis.server.raftlog.segmented.SegmentedRaftLogWorker$StateMachineDataPolicy.getFromFuture(SegmentedRaftLogWorker.java:87)
	at org.apache.ratis.server.raftlog.segmented.SegmentedRaftLogWorker$WriteLog.execute(SegmentedRaftLogWorker.java:477)
	at org.apache.ratis.server.raftlog.segmented.SegmentedRaftLogWorker.run(SegmentedRaftLogWorker.java:289)
	at java.lang.Thread.run(Thread.java:748)
Caused by: java.util.concurrent.TimeoutException
	at java.util.concurrent.CompletableFuture.timedGet(CompletableFuture.java:1771)
	at java.util.concurrent.CompletableFuture.get(CompletableFuture.java:1915)
	at org.apache.ratis.util.IOUtils.getFromFuture(IOUtils.java:79)
	... 4 more
2019-09-16 16:34:34,163 [java.util.concurrent.ThreadPoolExecutor$Worker@25934a47[State = -1, empty queue]] WARN  server.GrpcLogAppender (GrpcLogAppender.java:timeoutAppendRequest(200)) - 33002f53-59d2-46ae-91ae-843eaa52c7d0@group-03260B50B3E1->e3c513c6-7b5b-430b-887c-eb88026c45f2-GrpcLogAppender: appendEntries Timeout, request=33002f53-59d2-46ae-91ae-843eaa52c7d0->e3c513c6-7b5b-430b-887c-eb88026c45f2#117-t1, previous=(t:1, i:18), leaderCommit=12, initializing? false, entries: <empty>
2019-09-16 16:34:34,163 [java.util.concurrent.ThreadPoolExecutor$Worker@5dad4454[State = -1, empty queue]] WARN  server.GrpcLogAppender (GrpcLogAppender.java:timeoutAppendRequest(200)) - 33002f53-59d2-46ae-91ae-843eaa52c7d0@group-03260B50B3E1->816c2023-76ea-4558-9da7-70127639a79a-GrpcLogAppender: appendEntries Timeout, request=33002f53-59d2-46ae-91ae-843eaa52c7d0->816c2023-76ea-4558-9da7-70127639a79a#117-t1, previous=(t:1, i:18), leaderCommit=12, initializing? false, entries: <empty>
2019-09-16 16:34:34,165 [grpc-default-executor-3] INFO  client.GrpcClientProtocolClient (GrpcClientProtocolClient.java:onNext(264)) - client-2CBA63CDBB2F->816c2023-76ea-4558-9da7-70127639a79a: receive RaftClientReply:client-2CBA63CDBB2F->816c2023-76ea-4558-9da7-70127639a79a@group-03260B50B3E1, cid=36, FAILED org.apache.ratis.protocol.NotLeaderException: Server 816c2023-76ea-4558-9da7-70127639a79a@group-03260B50B3E1 is not the leader 33002f53-59d2-46ae-91ae-843eaa52c7d0:192.168.5.183:46255, logIndex=0, commits[816c2023-76ea-4558-9da7-70127639a79a:c12, e3c513c6-7b5b-430b-887c-eb88026c45f2:c10, 33002f53-59d2-46ae-91ae-843eaa52c7d0:c12]
2019-09-16 16:34:34,599 [grpc-default-executor-4] INFO  impl.RaftServerProxy (RaftServerProxy.java:remove(95)) - 2b9d536e-7082-46d0-bcea-3da9bf5f5d0c: remove group-E6C05F8A743B:null
2019-09-16 16:34:34,601 [RatisPipelineUtilsThread] WARN  pipeline.RatisPipelineUtils (RatisPipelineUtils.java:destroyPipeline(66)) - Pipeline destroy failed for pipeline=PipelineID=3ab55fe5-a8b1-4e30-8295-e6c05f8a743b dn=2b9d536e-7082-46d0-bcea-3da9bf5f5d0c{ip: 192.168.5.183, host: pr-hdds-1054-fkf2j-3502855176, networkLocation: /default-rack, certSerialId: null}
2019-09-16 16:34:34,604 [grpc-default-executor-4] INFO  impl.RaftServerProxy (RaftServerProxy.java:remove(95)) - 103cee85-d2d3-4069-a903-4a8bed8118d2: remove group-E6C05F8A743B:null
2019-09-16 16:34:34,606 [RatisPipelineUtilsThread] WARN  pipeline.RatisPipelineUtils (RatisPipelineUtils.java:destroyPipeline(66)) - Pipeline destroy failed for pipeline=PipelineID=3ab55fe5-a8b1-4e30-8295-e6c05f8a743b dn=103cee85-d2d3-4069-a903-4a8bed8118d2{ip: 192.168.5.183, host: pr-hdds-1054-fkf2j-3502855176, networkLocation: /default-rack, certSerialId: null}
2019-09-16 16:34:34,609 [grpc-default-executor-4] INFO  impl.RaftServerProxy (RaftServerProxy.java:remove(95)) - 5da997ac-485a-4ae3-a11f-bd7c3a0ad14d: remove group-E6C05F8A743B:null
2019-09-16 16:34:34,611 [RatisPipelineUtilsThread] WARN  pipeline.RatisPipelineUtils (RatisPipelineUtils.java:destroyPipeline(66)) - Pipeline destroy failed for pipeline=PipelineID=3ab55fe5-a8b1-4e30-8295-e6c05f8a743b dn=5da997ac-485a-4ae3-a11f-bd7c3a0ad14d{ip: 192.168.5.183, host: pr-hdds-1054-fkf2j-3502855176, networkLocation: /default-rack, certSerialId: null}
2019-09-16 16:34:34,611 [RatisPipelineUtilsThread] ERROR pipeline.SCMPipelineManager (Scheduler.java:lambda$schedule$1(70)) - Destroy pipeline failed for pipeline:Pipeline[ Id: 3ab55fe5-a8b1-4e30-8295-e6c05f8a743b, Nodes: 2b9d536e-7082-46d0-bcea-3da9bf5f5d0c{ip: 192.168.5.183, host: pr-hdds-1054-fkf2j-3502855176, networkLocation: /default-rack, certSerialId: null}103cee85-d2d3-4069-a903-4a8bed8118d2{ip: 192.168.5.183, host: pr-hdds-1054-fkf2j-3502855176, networkLocation: /default-rack, certSerialId: null}5da997ac-485a-4ae3-a11f-bd7c3a0ad14d{ip: 192.168.5.183, host: pr-hdds-1054-fkf2j-3502855176, networkLocation: /default-rack, certSerialId: null}, Type:RATIS, Factor:THREE, State:CLOSED]
org.apache.hadoop.hdds.scm.pipeline.PipelineNotFoundException: PipelineID=3ab55fe5-a8b1-4e30-8295-e6c05f8a743b not found
	at org.apache.hadoop.hdds.scm.pipeline.PipelineStateMap.getPipeline(PipelineStateMap.java:132)
	at org.apache.hadoop.hdds.scm.pipeline.PipelineStateMap.removePipeline(PipelineStateMap.java:322)
	at org.apache.hadoop.hdds.scm.pipeline.PipelineStateManager.removePipeline(PipelineStateManager.java:107)
	at org.apache.hadoop.hdds.scm.pipeline.SCMPipelineManager.removePipeline(SCMPipelineManager.java:423)
	at org.apache.hadoop.hdds.scm.pipeline.SCMPipelineManager.destroyPipeline(SCMPipelineManager.java:409)
	at org.apache.hadoop.hdds.scm.pipeline.SCMPipelineManager.lambda$finalizeAndDestroyPipeline$0(SCMPipelineManager.java:318)
	at org.apache.hadoop.utils.Scheduler.lambda$schedule$1(Scheduler.java:68)
	at java.util.concurrent.Executors$RunnableAdapter.call(Executors.java:511)
	at java.util.concurrent.FutureTask.run(FutureTask.java:266)
	at java.util.concurrent.ScheduledThreadPoolExecutor$ScheduledFutureTask.access$201(ScheduledThreadPoolExecutor.java:180)
	at java.util.concurrent.ScheduledThreadPoolExecutor$ScheduledFutureTask.run(ScheduledThreadPoolExecutor.java:293)
	at java.util.concurrent.ThreadPoolExecutor.runWorker(ThreadPoolExecutor.java:1149)
	at java.util.concurrent.ThreadPoolExecutor$Worker.run(ThreadPoolExecutor.java:624)
	at java.lang.Thread.run(Thread.java:748)
2019-09-16 16:34:36,607 [grpc-default-executor-3] INFO  impl.RaftServerProxy (RaftServerProxy.java:remove(95)) - 2b9d536e-7082-46d0-bcea-3da9bf5f5d0c: remove group-E6C05F8A743B:null
2019-09-16 16:34:36,612 [RatisPipelineUtilsThread] WARN  pipeline.RatisPipelineUtils (RatisPipelineUtils.java:destroyPipeline(66)) - Pipeline destroy failed for pipeline=PipelineID=3ab55fe5-a8b1-4e30-8295-e6c05f8a743b dn=2b9d536e-7082-46d0-bcea-3da9bf5f5d0c{ip: 192.168.5.183, host: pr-hdds-1054-fkf2j-3502855176, networkLocation: /default-rack, certSerialId: null}
2019-09-16 16:34:36,616 [grpc-default-executor-3] INFO  impl.RaftServerProxy (RaftServerProxy.java:remove(95)) - 103cee85-d2d3-4069-a903-4a8bed8118d2: remove group-E6C05F8A743B:null
2019-09-16 16:34:36,618 [RatisPipelineUtilsThread] WARN  pipeline.RatisPipelineUtils (RatisPipelineUtils.java:destroyPipeline(66)) - Pipeline destroy failed for pipeline=PipelineID=3ab55fe5-a8b1-4e30-8295-e6c05f8a743b dn=103cee85-d2d3-4069-a903-4a8bed8118d2{ip: 192.168.5.183, host: pr-hdds-1054-fkf2j-3502855176, networkLocation: /default-rack, certSerialId: null}
2019-09-16 16:34:36,622 [grpc-default-executor-3] INFO  impl.RaftServerProxy (RaftServerProxy.java:remove(95)) - 5da997ac-485a-4ae3-a11f-bd7c3a0ad14d: remove group-E6C05F8A743B:null
2019-09-16 16:34:36,625 [RatisPipelineUtilsThread] WARN  pipeline.RatisPipelineUtils (RatisPipelineUtils.java:destroyPipeline(66)) - Pipeline destroy failed for pipeline=PipelineID=3ab55fe5-a8b1-4e30-8295-e6c05f8a743b dn=5da997ac-485a-4ae3-a11f-bd7c3a0ad14d{ip: 192.168.5.183, host: pr-hdds-1054-fkf2j-3502855176, networkLocation: /default-rack, certSerialId: null}
2019-09-16 16:34:36,626 [RatisPipelineUtilsThread] ERROR pipeline.SCMPipelineManager (Scheduler.java:lambda$schedule$1(70)) - Destroy pipeline failed for pipeline:Pipeline[ Id: 3ab55fe5-a8b1-4e30-8295-e6c05f8a743b, Nodes: 2b9d536e-7082-46d0-bcea-3da9bf5f5d0c{ip: 192.168.5.183, host: pr-hdds-1054-fkf2j-3502855176, networkLocation: /default-rack, certSerialId: null}103cee85-d2d3-4069-a903-4a8bed8118d2{ip: 192.168.5.183, host: pr-hdds-1054-fkf2j-3502855176, networkLocation: /default-rack, certSerialId: null}5da997ac-485a-4ae3-a11f-bd7c3a0ad14d{ip: 192.168.5.183, host: pr-hdds-1054-fkf2j-3502855176, networkLocation: /default-rack, certSerialId: null}, Type:RATIS, Factor:THREE, State:CLOSED]
org.apache.hadoop.hdds.scm.pipeline.PipelineNotFoundException: PipelineID=3ab55fe5-a8b1-4e30-8295-e6c05f8a743b not found
	at org.apache.hadoop.hdds.scm.pipeline.PipelineStateMap.getPipeline(PipelineStateMap.java:132)
	at org.apache.hadoop.hdds.scm.pipeline.PipelineStateMap.removePipeline(PipelineStateMap.java:322)
	at org.apache.hadoop.hdds.scm.pipeline.PipelineStateManager.removePipeline(PipelineStateManager.java:107)
	at org.apache.hadoop.hdds.scm.pipeline.SCMPipelineManager.removePipeline(SCMPipelineManager.java:423)
	at org.apache.hadoop.hdds.scm.pipeline.SCMPipelineManager.destroyPipeline(SCMPipelineManager.java:409)
	at org.apache.hadoop.hdds.scm.pipeline.SCMPipelineManager.lambda$finalizeAndDestroyPipeline$0(SCMPipelineManager.java:318)
	at org.apache.hadoop.utils.Scheduler.lambda$schedule$1(Scheduler.java:68)
	at java.util.concurrent.Executors$RunnableAdapter.call(Executors.java:511)
	at java.util.concurrent.FutureTask.run(FutureTask.java:266)
	at java.util.concurrent.ScheduledThreadPoolExecutor$ScheduledFutureTask.access$201(ScheduledThreadPoolExecutor.java:180)
	at java.util.concurrent.ScheduledThreadPoolExecutor$ScheduledFutureTask.run(ScheduledThreadPoolExecutor.java:293)
	at java.util.concurrent.ThreadPoolExecutor.runWorker(ThreadPoolExecutor.java:1149)
	at java.util.concurrent.ThreadPoolExecutor$Worker.run(ThreadPoolExecutor.java:624)
	at java.lang.Thread.run(Thread.java:748)
2019-09-16 16:34:36,663 [java.util.concurrent.ThreadPoolExecutor$Worker@25934a47[State = -1, empty queue]] WARN  server.GrpcLogAppender (GrpcLogAppender.java:timeoutAppendRequest(200)) - 33002f53-59d2-46ae-91ae-843eaa52c7d0@group-03260B50B3E1->e3c513c6-7b5b-430b-887c-eb88026c45f2-GrpcLogAppender: appendEntries Timeout, request=33002f53-59d2-46ae-91ae-843eaa52c7d0->e3c513c6-7b5b-430b-887c-eb88026c45f2#118-t1, previous=(t:1, i:18), leaderCommit=12, initializing? false, entries: <empty>
2019-09-16 16:34:36,663 [java.util.concurrent.ThreadPoolExecutor$Worker@5dad4454[State = -1, empty queue]] WARN  server.GrpcLogAppender (GrpcLogAppender.java:timeoutAppendRequest(200)) - 33002f53-59d2-46ae-91ae-843eaa52c7d0@group-03260B50B3E1->816c2023-76ea-4558-9da7-70127639a79a-GrpcLogAppender: appendEntries Timeout, request=33002f53-59d2-46ae-91ae-843eaa52c7d0->816c2023-76ea-4558-9da7-70127639a79a#118-t1, previous=(t:1, i:18), leaderCommit=12, initializing? false, entries: <empty>
2019-09-16 16:34:37,633 [grpc-default-executor-3] INFO  impl.RaftServerProxy (RaftServerProxy.java:remove(95)) - 2b9d536e-7082-46d0-bcea-3da9bf5f5d0c: remove group-E6C05F8A743B:null
2019-09-16 16:34:37,637 [RatisPipelineUtilsThread] WARN  pipeline.RatisPipelineUtils (RatisPipelineUtils.java:destroyPipeline(66)) - Pipeline destroy failed for pipeline=PipelineID=3ab55fe5-a8b1-4e30-8295-e6c05f8a743b dn=2b9d536e-7082-46d0-bcea-3da9bf5f5d0c{ip: 192.168.5.183, host: pr-hdds-1054-fkf2j-3502855176, networkLocation: /default-rack, certSerialId: null}
2019-09-16 16:34:37,641 [grpc-default-executor-3] INFO  impl.RaftServerProxy (RaftServerProxy.java:remove(95)) - 103cee85-d2d3-4069-a903-4a8bed8118d2: remove group-E6C05F8A743B:null
2019-09-16 16:34:37,643 [RatisPipelineUtilsThread] WARN  pipeline.RatisPipelineUtils (RatisPipelineUtils.java:destroyPipeline(66)) - Pipeline destroy failed for pipeline=PipelineID=3ab55fe5-a8b1-4e30-8295-e6c05f8a743b dn=103cee85-d2d3-4069-a903-4a8bed8118d2{ip: 192.168.5.183, host: pr-hdds-1054-fkf2j-3502855176, networkLocation: /default-rack, certSerialId: null}
2019-09-16 16:34:37,647 [grpc-default-executor-3] INFO  impl.RaftServerProxy (RaftServerProxy.java:remove(95)) - 5da997ac-485a-4ae3-a11f-bd7c3a0ad14d: remove group-E6C05F8A743B:null
2019-09-16 16:34:37,649 [RatisPipelineUtilsThread] WARN  pipeline.RatisPipelineUtils (RatisPipelineUtils.java:destroyPipeline(66)) - Pipeline destroy failed for pipeline=PipelineID=3ab55fe5-a8b1-4e30-8295-e6c05f8a743b dn=5da997ac-485a-4ae3-a11f-bd7c3a0ad14d{ip: 192.168.5.183, host: pr-hdds-1054-fkf2j-3502855176, networkLocation: /default-rack, certSerialId: null}
2019-09-16 16:34:37,649 [RatisPipelineUtilsThread] ERROR pipeline.SCMPipelineManager (Scheduler.java:lambda$schedule$1(70)) - Destroy pipeline failed for pipeline:Pipeline[ Id: 3ab55fe5-a8b1-4e30-8295-e6c05f8a743b, Nodes: 2b9d536e-7082-46d0-bcea-3da9bf5f5d0c{ip: 192.168.5.183, host: pr-hdds-1054-fkf2j-3502855176, networkLocation: /default-rack, certSerialId: null}103cee85-d2d3-4069-a903-4a8bed8118d2{ip: 192.168.5.183, host: pr-hdds-1054-fkf2j-3502855176, networkLocation: /default-rack, certSerialId: null}5da997ac-485a-4ae3-a11f-bd7c3a0ad14d{ip: 192.168.5.183, host: pr-hdds-1054-fkf2j-3502855176, networkLocation: /default-rack, certSerialId: null}, Type:RATIS, Factor:THREE, State:CLOSED]
org.apache.hadoop.hdds.scm.pipeline.PipelineNotFoundException: PipelineID=3ab55fe5-a8b1-4e30-8295-e6c05f8a743b not found
	at org.apache.hadoop.hdds.scm.pipeline.PipelineStateMap.getPipeline(PipelineStateMap.java:132)
	at org.apache.hadoop.hdds.scm.pipeline.PipelineStateMap.removePipeline(PipelineStateMap.java:322)
	at org.apache.hadoop.hdds.scm.pipeline.PipelineStateManager.removePipeline(PipelineStateManager.java:107)
	at org.apache.hadoop.hdds.scm.pipeline.SCMPipelineManager.removePipeline(SCMPipelineManager.java:423)
	at org.apache.hadoop.hdds.scm.pipeline.SCMPipelineManager.destroyPipeline(SCMPipelineManager.java:409)
	at org.apache.hadoop.hdds.scm.pipeline.SCMPipelineManager.lambda$finalizeAndDestroyPipeline$0(SCMPipelineManager.java:318)
	at org.apache.hadoop.utils.Scheduler.lambda$schedule$1(Scheduler.java:68)
	at java.util.concurrent.Executors$RunnableAdapter.call(Executors.java:511)
	at java.util.concurrent.FutureTask.run(FutureTask.java:266)
	at java.util.concurrent.ScheduledThreadPoolExecutor$ScheduledFutureTask.access$201(ScheduledThreadPoolExecutor.java:180)
	at java.util.concurrent.ScheduledThreadPoolExecutor$ScheduledFutureTask.run(ScheduledThreadPoolExecutor.java:293)
	at java.util.concurrent.ThreadPoolExecutor.runWorker(ThreadPoolExecutor.java:1149)
	at java.util.concurrent.ThreadPoolExecutor$Worker.run(ThreadPoolExecutor.java:624)
	at java.lang.Thread.run(Thread.java:748)
2019-09-16 16:34:37,958 [grpc-default-executor-3] INFO  impl.RaftServerProxy (RaftServerProxy.java:remove(95)) - 2b9d536e-7082-46d0-bcea-3da9bf5f5d0c: remove group-E6C05F8A743B:null
2019-09-16 16:34:37,962 [RatisPipelineUtilsThread] WARN  pipeline.RatisPipelineUtils (RatisPipelineUtils.java:destroyPipeline(66)) - Pipeline destroy failed for pipeline=PipelineID=3ab55fe5-a8b1-4e30-8295-e6c05f8a743b dn=2b9d536e-7082-46d0-bcea-3da9bf5f5d0c{ip: 192.168.5.183, host: pr-hdds-1054-fkf2j-3502855176, networkLocation: /default-rack, certSerialId: null}
2019-09-16 16:34:37,965 [grpc-default-executor-2] INFO  impl.RaftServerProxy (RaftServerProxy.java:remove(95)) - 103cee85-d2d3-4069-a903-4a8bed8118d2: remove group-E6C05F8A743B:null
2019-09-16 16:34:37,968 [RatisPipelineUtilsThread] WARN  pipeline.RatisPipelineUtils (RatisPipelineUtils.java:destroyPipeline(66)) - Pipeline destroy failed for pipeline=PipelineID=3ab55fe5-a8b1-4e30-8295-e6c05f8a743b dn=103cee85-d2d3-4069-a903-4a8bed8118d2{ip: 192.168.5.183, host: pr-hdds-1054-fkf2j-3502855176, networkLocation: /default-rack, certSerialId: null}
2019-09-16 16:34:37,972 [grpc-default-executor-2] INFO  impl.RaftServerProxy (RaftServerProxy.java:remove(95)) - 5da997ac-485a-4ae3-a11f-bd7c3a0ad14d: remove group-E6C05F8A743B:null
2019-09-16 16:34:37,975 [RatisPipelineUtilsThread] WARN  pipeline.RatisPipelineUtils (RatisPipelineUtils.java:destroyPipeline(66)) - Pipeline destroy failed for pipeline=PipelineID=3ab55fe5-a8b1-4e30-8295-e6c05f8a743b dn=5da997ac-485a-4ae3-a11f-bd7c3a0ad14d{ip: 192.168.5.183, host: pr-hdds-1054-fkf2j-3502855176, networkLocation: /default-rack, certSerialId: null}
2019-09-16 16:34:37,975 [RatisPipelineUtilsThread] ERROR pipeline.SCMPipelineManager (Scheduler.java:lambda$schedule$1(70)) - Destroy pipeline failed for pipeline:Pipeline[ Id: 3ab55fe5-a8b1-4e30-8295-e6c05f8a743b, Nodes: 2b9d536e-7082-46d0-bcea-3da9bf5f5d0c{ip: 192.168.5.183, host: pr-hdds-1054-fkf2j-3502855176, networkLocation: /default-rack, certSerialId: null}103cee85-d2d3-4069-a903-4a8bed8118d2{ip: 192.168.5.183, host: pr-hdds-1054-fkf2j-3502855176, networkLocation: /default-rack, certSerialId: null}5da997ac-485a-4ae3-a11f-bd7c3a0ad14d{ip: 192.168.5.183, host: pr-hdds-1054-fkf2j-3502855176, networkLocation: /default-rack, certSerialId: null}, Type:RATIS, Factor:THREE, State:CLOSED]
org.apache.hadoop.hdds.scm.pipeline.PipelineNotFoundException: PipelineID=3ab55fe5-a8b1-4e30-8295-e6c05f8a743b not found
	at org.apache.hadoop.hdds.scm.pipeline.PipelineStateMap.getPipeline(PipelineStateMap.java:132)
	at org.apache.hadoop.hdds.scm.pipeline.PipelineStateMap.removePipeline(PipelineStateMap.java:322)
	at org.apache.hadoop.hdds.scm.pipeline.PipelineStateManager.removePipeline(PipelineStateManager.java:107)
	at org.apache.hadoop.hdds.scm.pipeline.SCMPipelineManager.removePipeline(SCMPipelineManager.java:423)
	at org.apache.hadoop.hdds.scm.pipeline.SCMPipelineManager.destroyPipeline(SCMPipelineManager.java:409)
	at org.apache.hadoop.hdds.scm.pipeline.SCMPipelineManager.lambda$finalizeAndDestroyPipeline$0(SCMPipelineManager.java:318)
	at org.apache.hadoop.utils.Scheduler.lambda$schedule$1(Scheduler.java:68)
	at java.util.concurrent.Executors$RunnableAdapter.call(Executors.java:511)
	at java.util.concurrent.FutureTask.run(FutureTask.java:266)
	at java.util.concurrent.ScheduledThreadPoolExecutor$ScheduledFutureTask.access$201(ScheduledThreadPoolExecutor.java:180)
	at java.util.concurrent.ScheduledThreadPoolExecutor$ScheduledFutureTask.run(ScheduledThreadPoolExecutor.java:293)
	at java.util.concurrent.ThreadPoolExecutor.runWorker(ThreadPoolExecutor.java:1149)
	at java.util.concurrent.ThreadPoolExecutor$Worker.run(ThreadPoolExecutor.java:624)
	at java.lang.Thread.run(Thread.java:748)
2019-09-16 16:34:38,242 [grpc-default-executor-2] INFO  impl.RaftServerProxy (RaftServerProxy.java:remove(95)) - 2b9d536e-7082-46d0-bcea-3da9bf5f5d0c: remove group-E6C05F8A743B:null
2019-09-16 16:34:38,245 [RatisPipelineUtilsThread] WARN  pipeline.RatisPipelineUtils (RatisPipelineUtils.java:destroyPipeline(66)) - Pipeline destroy failed for pipeline=PipelineID=3ab55fe5-a8b1-4e30-8295-e6c05f8a743b dn=2b9d536e-7082-46d0-bcea-3da9bf5f5d0c{ip: 192.168.5.183, host: pr-hdds-1054-fkf2j-3502855176, networkLocation: /default-rack, certSerialId: null}
2019-09-16 16:34:38,249 [grpc-default-executor-2] INFO  impl.RaftServerProxy (RaftServerProxy.java:remove(95)) - 103cee85-d2d3-4069-a903-4a8bed8118d2: remove group-E6C05F8A743B:null
2019-09-16 16:34:38,251 [RatisPipelineUtilsThread] WARN  pipeline.RatisPipelineUtils (RatisPipelineUtils.java:destroyPipeline(66)) - Pipeline destroy failed for pipeline=PipelineID=3ab55fe5-a8b1-4e30-8295-e6c05f8a743b dn=103cee85-d2d3-4069-a903-4a8bed8118d2{ip: 192.168.5.183, host: pr-hdds-1054-fkf2j-3502855176, networkLocation: /default-rack, certSerialId: null}
2019-09-16 16:34:38,255 [grpc-default-executor-2] INFO  impl.RaftServerProxy (RaftServerProxy.java:remove(95)) - 5da997ac-485a-4ae3-a11f-bd7c3a0ad14d: remove group-E6C05F8A743B:null
2019-09-16 16:34:38,258 [RatisPipelineUtilsThread] WARN  pipeline.RatisPipelineUtils (RatisPipelineUtils.java:destroyPipeline(66)) - Pipeline destroy failed for pipeline=PipelineID=3ab55fe5-a8b1-4e30-8295-e6c05f8a743b dn=5da997ac-485a-4ae3-a11f-bd7c3a0ad14d{ip: 192.168.5.183, host: pr-hdds-1054-fkf2j-3502855176, networkLocation: /default-rack, certSerialId: null}
2019-09-16 16:34:38,258 [RatisPipelineUtilsThread] ERROR pipeline.SCMPipelineManager (Scheduler.java:lambda$schedule$1(70)) - Destroy pipeline failed for pipeline:Pipeline[ Id: 3ab55fe5-a8b1-4e30-8295-e6c05f8a743b, Nodes: 2b9d536e-7082-46d0-bcea-3da9bf5f5d0c{ip: 192.168.5.183, host: pr-hdds-1054-fkf2j-3502855176, networkLocation: /default-rack, certSerialId: null}103cee85-d2d3-4069-a903-4a8bed8118d2{ip: 192.168.5.183, host: pr-hdds-1054-fkf2j-3502855176, networkLocation: /default-rack, certSerialId: null}5da997ac-485a-4ae3-a11f-bd7c3a0ad14d{ip: 192.168.5.183, host: pr-hdds-1054-fkf2j-3502855176, networkLocation: /default-rack, certSerialId: null}, Type:RATIS, Factor:THREE, State:CLOSED]
org.apache.hadoop.hdds.scm.pipeline.PipelineNotFoundException: PipelineID=3ab55fe5-a8b1-4e30-8295-e6c05f8a743b not found
	at org.apache.hadoop.hdds.scm.pipeline.PipelineStateMap.getPipeline(PipelineStateMap.java:132)
	at org.apache.hadoop.hdds.scm.pipeline.PipelineStateMap.removePipeline(PipelineStateMap.java:322)
	at org.apache.hadoop.hdds.scm.pipeline.PipelineStateManager.removePipeline(PipelineStateManager.java:107)
	at org.apache.hadoop.hdds.scm.pipeline.SCMPipelineManager.removePipeline(SCMPipelineManager.java:423)
	at org.apache.hadoop.hdds.scm.pipeline.SCMPipelineManager.destroyPipeline(SCMPipelineManager.java:409)
	at org.apache.hadoop.hdds.scm.pipeline.SCMPipelineManager.lambda$finalizeAndDestroyPipeline$0(SCMPipelineManager.java:318)
	at org.apache.hadoop.utils.Scheduler.lambda$schedule$1(Scheduler.java:68)
	at java.util.concurrent.Executors$RunnableAdapter.call(Executors.java:511)
	at java.util.concurrent.FutureTask.run(FutureTask.java:266)
	at java.util.concurrent.ScheduledThreadPoolExecutor$ScheduledFutureTask.access$201(ScheduledThreadPoolExecutor.java:180)
	at java.util.concurrent.ScheduledThreadPoolExecutor$ScheduledFutureTask.run(ScheduledThreadPoolExecutor.java:293)
	at java.util.concurrent.ThreadPoolExecutor.runWorker(ThreadPoolExecutor.java:1149)
	at java.util.concurrent.ThreadPoolExecutor$Worker.run(ThreadPoolExecutor.java:624)
	at java.lang.Thread.run(Thread.java:748)
2019-09-16 16:34:39,165 [java.util.concurrent.ThreadPoolExecutor$Worker@25934a47[State = -1, empty queue]] WARN  server.GrpcLogAppender (GrpcLogAppender.java:timeoutAppendRequest(200)) - 33002f53-59d2-46ae-91ae-843eaa52c7d0@group-03260B50B3E1->e3c513c6-7b5b-430b-887c-eb88026c45f2-GrpcLogAppender: appendEntries Timeout, request=33002f53-59d2-46ae-91ae-843eaa52c7d0->e3c513c6-7b5b-430b-887c-eb88026c45f2#119-t1, previous=(t:1, i:18), leaderCommit=12, initializing? false, entries: <empty>
2019-09-16 16:34:39,165 [java.util.concurrent.ThreadPoolExecutor$Worker@5dad4454[State = -1, empty queue]] WARN  server.GrpcLogAppender (GrpcLogAppender.java:timeoutAppendRequest(200)) - 33002f53-59d2-46ae-91ae-843eaa52c7d0@group-03260B50B3E1->816c2023-76ea-4558-9da7-70127639a79a-GrpcLogAppender: appendEntries Timeout, request=33002f53-59d2-46ae-91ae-843eaa52c7d0->816c2023-76ea-4558-9da7-70127639a79a#119-t1, previous=(t:1, i:18), leaderCommit=12, initializing? false, entries: <empty>
2019-09-16 16:34:39,207 [grpc-default-executor-2] INFO  client.GrpcClientProtocolClient (GrpcClientProtocolClient.java:onNext(264)) - client-2CBA63CDBB2F->816c2023-76ea-4558-9da7-70127639a79a: receive RaftClientReply:client-2CBA63CDBB2F->816c2023-76ea-4558-9da7-70127639a79a@group-03260B50B3E1, cid=36, FAILED org.apache.ratis.protocol.NotLeaderException: Server 816c2023-76ea-4558-9da7-70127639a79a@group-03260B50B3E1 is not the leader 33002f53-59d2-46ae-91ae-843eaa52c7d0:192.168.5.183:46255, logIndex=0, commits[816c2023-76ea-4558-9da7-70127639a79a:c12, e3c513c6-7b5b-430b-887c-eb88026c45f2:c10, 33002f53-59d2-46ae-91ae-843eaa52c7d0:c12]
2019-09-16 16:34:41,665 [java.util.concurrent.ThreadPoolExecutor$Worker@25934a47[State = -1, empty queue]] WARN  server.GrpcLogAppender (GrpcLogAppender.java:timeoutAppendRequest(200)) - 33002f53-59d2-46ae-91ae-843eaa52c7d0@group-03260B50B3E1->e3c513c6-7b5b-430b-887c-eb88026c45f2-GrpcLogAppender: appendEntries Timeout, request=33002f53-59d2-46ae-91ae-843eaa52c7d0->e3c513c6-7b5b-430b-887c-eb88026c45f2#120-t1, previous=(t:1, i:18), leaderCommit=12, initializing? false, entries: <empty>
2019-09-16 16:34:41,665 [java.util.concurrent.ThreadPoolExecutor$Worker@5dad4454[State = -1, empty queue]] WARN  server.GrpcLogAppender (GrpcLogAppender.java:timeoutAppendRequest(200)) - 33002f53-59d2-46ae-91ae-843eaa52c7d0@group-03260B50B3E1->816c2023-76ea-4558-9da7-70127639a79a-GrpcLogAppender: appendEntries Timeout, request=33002f53-59d2-46ae-91ae-843eaa52c7d0->816c2023-76ea-4558-9da7-70127639a79a#120-t1, previous=(t:1, i:18), leaderCommit=12, initializing? false, entries: <empty>
2019-09-16 16:34:43,650 [33002f53-59d2-46ae-91ae-843eaa52c7d0@group-03260B50B3E1-SegmentedRaftLogWorker] WARN  segmented.SegmentedRaftLogWorker (SegmentedRaftLogWorker.java:getFromFuture(90)) - Timeout 6/~
org.apache.ratis.protocol.TimeoutIOException: Timeout 10s: WriteLog:13: (t:1, i:13), STATEMACHINELOGENTRY, client-2CBA63CDBB2F, cid=36-writeStateMachineData
	at org.apache.ratis.util.IOUtils.getFromFuture(IOUtils.java:87)
	at org.apache.ratis.server.raftlog.segmented.SegmentedRaftLogWorker$StateMachineDataPolicy.getFromFuture(SegmentedRaftLogWorker.java:87)
	at org.apache.ratis.server.raftlog.segmented.SegmentedRaftLogWorker$WriteLog.execute(SegmentedRaftLogWorker.java:477)
	at org.apache.ratis.server.raftlog.segmented.SegmentedRaftLogWorker.run(SegmentedRaftLogWorker.java:289)
	at java.lang.Thread.run(Thread.java:748)
Caused by: java.util.concurrent.TimeoutException
	at java.util.concurrent.CompletableFuture.timedGet(CompletableFuture.java:1771)
	at java.util.concurrent.CompletableFuture.get(CompletableFuture.java:1915)
	at org.apache.ratis.util.IOUtils.getFromFuture(IOUtils.java:79)
	... 4 more
2019-09-16 16:34:43,651 [816c2023-76ea-4558-9da7-70127639a79a@group-03260B50B3E1-SegmentedRaftLogWorker] WARN  segmented.SegmentedRaftLogWorker (SegmentedRaftLogWorker.java:getFromFuture(90)) - Timeout 6/~
org.apache.ratis.protocol.TimeoutIOException: Timeout 10s: WriteLog:13: (t:1, i:13), STATEMACHINELOGENTRY, client-2CBA63CDBB2F, cid=36-writeStateMachineData
	at org.apache.ratis.util.IOUtils.getFromFuture(IOUtils.java:87)
	at org.apache.ratis.server.raftlog.segmented.SegmentedRaftLogWorker$StateMachineDataPolicy.getFromFuture(SegmentedRaftLogWorker.java:87)
	at org.apache.ratis.server.raftlog.segmented.SegmentedRaftLogWorker$WriteLog.execute(SegmentedRaftLogWorker.java:477)
	at org.apache.ratis.server.raftlog.segmented.SegmentedRaftLogWorker.run(SegmentedRaftLogWorker.java:289)
	at java.lang.Thread.run(Thread.java:748)
Caused by: java.util.concurrent.TimeoutException
	at java.util.concurrent.CompletableFuture.timedGet(CompletableFuture.java:1771)
	at java.util.concurrent.CompletableFuture.get(CompletableFuture.java:1915)
	at org.apache.ratis.util.IOUtils.getFromFuture(IOUtils.java:79)
	... 4 more
2019-09-16 16:34:43,650 [e3c513c6-7b5b-430b-887c-eb88026c45f2@group-03260B50B3E1-SegmentedRaftLogWorker] WARN  segmented.SegmentedRaftLogWorker (SegmentedRaftLogWorker.java:getFromFuture(90)) - Timeout 6/~
org.apache.ratis.protocol.TimeoutIOException: Timeout 10s: WriteLog:13: (t:1, i:13), STATEMACHINELOGENTRY, client-2CBA63CDBB2F, cid=36-writeStateMachineData
	at org.apache.ratis.util.IOUtils.getFromFuture(IOUtils.java:87)
	at org.apache.ratis.server.raftlog.segmented.SegmentedRaftLogWorker$StateMachineDataPolicy.getFromFuture(SegmentedRaftLogWorker.java:87)
	at org.apache.ratis.server.raftlog.segmented.SegmentedRaftLogWorker$WriteLog.execute(SegmentedRaftLogWorker.java:477)
	at org.apache.ratis.server.raftlog.segmented.SegmentedRaftLogWorker.run(SegmentedRaftLogWorker.java:289)
	at java.lang.Thread.run(Thread.java:748)
Caused by: java.util.concurrent.TimeoutException
	at java.util.concurrent.CompletableFuture.timedGet(CompletableFuture.java:1771)
	at java.util.concurrent.CompletableFuture.get(CompletableFuture.java:1915)
	at org.apache.ratis.util.IOUtils.getFromFuture(IOUtils.java:79)
	... 4 more
2019-09-16 16:34:44,165 [java.util.concurrent.ThreadPoolExecutor$Worker@5dad4454[State = -1, empty queue]] WARN  server.GrpcLogAppender (GrpcLogAppender.java:timeoutAppendRequest(200)) - 33002f53-59d2-46ae-91ae-843eaa52c7d0@group-03260B50B3E1->816c2023-76ea-4558-9da7-70127639a79a-GrpcLogAppender: appendEntries Timeout, request=33002f53-59d2-46ae-91ae-843eaa52c7d0->816c2023-76ea-4558-9da7-70127639a79a#121-t1, previous=(t:1, i:18), leaderCommit=12, initializing? false, entries: <empty>
2019-09-16 16:34:44,165 [java.util.concurrent.ThreadPoolExecutor$Worker@25934a47[State = -1, empty queue]] WARN  server.GrpcLogAppender (GrpcLogAppender.java:timeoutAppendRequest(200)) - 33002f53-59d2-46ae-91ae-843eaa52c7d0@group-03260B50B3E1->e3c513c6-7b5b-430b-887c-eb88026c45f2-GrpcLogAppender: appendEntries Timeout, request=33002f53-59d2-46ae-91ae-843eaa52c7d0->e3c513c6-7b5b-430b-887c-eb88026c45f2#121-t1, previous=(t:1, i:18), leaderCommit=12, initializing? false, entries: <empty>
2019-09-16 16:34:44,267 [grpc-default-executor-2] INFO  client.GrpcClientProtocolClient (GrpcClientProtocolClient.java:onNext(264)) - client-2CBA63CDBB2F->e3c513c6-7b5b-430b-887c-eb88026c45f2: receive RaftClientReply:client-2CBA63CDBB2F->e3c513c6-7b5b-430b-887c-eb88026c45f2@group-03260B50B3E1, cid=36, FAILED org.apache.ratis.protocol.NotLeaderException: Server e3c513c6-7b5b-430b-887c-eb88026c45f2@group-03260B50B3E1 is not the leader 33002f53-59d2-46ae-91ae-843eaa52c7d0:192.168.5.183:46255, logIndex=0, commits[e3c513c6-7b5b-430b-887c-eb88026c45f2:c12, 33002f53-59d2-46ae-91ae-843eaa52c7d0:c12, 816c2023-76ea-4558-9da7-70127639a79a:c10]
2019-09-16 16:34:46,674 [java.util.concurrent.ThreadPoolExecutor$Worker@25934a47[State = -1, empty queue]] WARN  server.GrpcLogAppender (GrpcLogAppender.java:timeoutAppendRequest(200)) - 33002f53-59d2-46ae-91ae-843eaa52c7d0@group-03260B50B3E1->e3c513c6-7b5b-430b-887c-eb88026c45f2-GrpcLogAppender: appendEntries Timeout, request=33002f53-59d2-46ae-91ae-843eaa52c7d0->e3c513c6-7b5b-430b-887c-eb88026c45f2#122-t1, previous=(t:1, i:18), leaderCommit=12, initializing? false, entries: <empty>
2019-09-16 16:34:46,674 [java.util.concurrent.ThreadPoolExecutor$Worker@5dad4454[State = -1, empty queue]] WARN  server.GrpcLogAppender (GrpcLogAppender.java:timeoutAppendRequest(200)) - 33002f53-59d2-46ae-91ae-843eaa52c7d0@group-03260B50B3E1->816c2023-76ea-4558-9da7-70127639a79a-GrpcLogAppender: appendEntries Timeout, request=33002f53-59d2-46ae-91ae-843eaa52c7d0->816c2023-76ea-4558-9da7-70127639a79a#122-t1, previous=(t:1, i:18), leaderCommit=12, initializing? false, entries: <empty>
2019-09-16 16:34:49,175 [java.util.concurrent.ThreadPoolExecutor$Worker@25934a47[State = -1, empty queue]] WARN  server.GrpcLogAppender (GrpcLogAppender.java:timeoutAppendRequest(200)) - 33002f53-59d2-46ae-91ae-843eaa52c7d0@group-03260B50B3E1->e3c513c6-7b5b-430b-887c-eb88026c45f2-GrpcLogAppender: appendEntries Timeout, request=33002f53-59d2-46ae-91ae-843eaa52c7d0->e3c513c6-7b5b-430b-887c-eb88026c45f2#123-t1, previous=(t:1, i:18), leaderCommit=12, initializing? false, entries: <empty>
2019-09-16 16:34:49,175 [java.util.concurrent.ThreadPoolExecutor$Worker@5dad4454[State = -1, empty queue]] WARN  server.GrpcLogAppender (GrpcLogAppender.java:timeoutAppendRequest(200)) - 33002f53-59d2-46ae-91ae-843eaa52c7d0@group-03260B50B3E1->816c2023-76ea-4558-9da7-70127639a79a-GrpcLogAppender: appendEntries Timeout, request=33002f53-59d2-46ae-91ae-843eaa52c7d0->816c2023-76ea-4558-9da7-70127639a79a#123-t1, previous=(t:1, i:18), leaderCommit=12, initializing? false, entries: <empty>
2019-09-16 16:34:49,319 [grpc-default-executor-2] INFO  client.GrpcClientProtocolClient (GrpcClientProtocolClient.java:onNext(264)) - client-2CBA63CDBB2F->e3c513c6-7b5b-430b-887c-eb88026c45f2: receive RaftClientReply:client-2CBA63CDBB2F->e3c513c6-7b5b-430b-887c-eb88026c45f2@group-03260B50B3E1, cid=36, FAILED org.apache.ratis.protocol.NotLeaderException: Server e3c513c6-7b5b-430b-887c-eb88026c45f2@group-03260B50B3E1 is not the leader 33002f53-59d2-46ae-91ae-843eaa52c7d0:192.168.5.183:46255, logIndex=0, commits[e3c513c6-7b5b-430b-887c-eb88026c45f2:c12, 33002f53-59d2-46ae-91ae-843eaa52c7d0:c12, 816c2023-76ea-4558-9da7-70127639a79a:c10]
2019-09-16 16:34:51,676 [java.util.concurrent.ThreadPoolExecutor$Worker@25934a47[State = -1, empty queue]] WARN  server.GrpcLogAppender (GrpcLogAppender.java:timeoutAppendRequest(200)) - 33002f53-59d2-46ae-91ae-843eaa52c7d0@group-03260B50B3E1->e3c513c6-7b5b-430b-887c-eb88026c45f2-GrpcLogAppender: appendEntries Timeout, request=33002f53-59d2-46ae-91ae-843eaa52c7d0->e3c513c6-7b5b-430b-887c-eb88026c45f2#124-t1, previous=(t:1, i:18), leaderCommit=12, initializing? false, entries: <empty>
2019-09-16 16:34:51,676 [java.util.concurrent.ThreadPoolExecutor$Worker@5dad4454[State = -1, empty queue]] WARN  server.GrpcLogAppender (GrpcLogAppender.java:timeoutAppendRequest(200)) - 33002f53-59d2-46ae-91ae-843eaa52c7d0@group-03260B50B3E1->816c2023-76ea-4558-9da7-70127639a79a-GrpcLogAppender: appendEntries Timeout, request=33002f53-59d2-46ae-91ae-843eaa52c7d0->816c2023-76ea-4558-9da7-70127639a79a#124-t1, previous=(t:1, i:18), leaderCommit=12, initializing? false, entries: <empty>
2019-09-16 16:34:53,651 [33002f53-59d2-46ae-91ae-843eaa52c7d0@group-03260B50B3E1-SegmentedRaftLogWorker] WARN  segmented.SegmentedRaftLogWorker (SegmentedRaftLogWorker.java:getFromFuture(90)) - Timeout 7/~
org.apache.ratis.protocol.TimeoutIOException: Timeout 10s: WriteLog:13: (t:1, i:13), STATEMACHINELOGENTRY, client-2CBA63CDBB2F, cid=36-writeStateMachineData
	at org.apache.ratis.util.IOUtils.getFromFuture(IOUtils.java:87)
	at org.apache.ratis.server.raftlog.segmented.SegmentedRaftLogWorker$StateMachineDataPolicy.getFromFuture(SegmentedRaftLogWorker.java:87)
	at org.apache.ratis.server.raftlog.segmented.SegmentedRaftLogWorker$WriteLog.execute(SegmentedRaftLogWorker.java:477)
	at org.apache.ratis.server.raftlog.segmented.SegmentedRaftLogWorker.run(SegmentedRaftLogWorker.java:289)
	at java.lang.Thread.run(Thread.java:748)
Caused by: java.util.concurrent.TimeoutException
	at java.util.concurrent.CompletableFuture.timedGet(CompletableFuture.java:1771)
	at java.util.concurrent.CompletableFuture.get(CompletableFuture.java:1915)
	at org.apache.ratis.util.IOUtils.getFromFuture(IOUtils.java:79)
	... 4 more
2019-09-16 16:34:53,674 [816c2023-76ea-4558-9da7-70127639a79a@group-03260B50B3E1-SegmentedRaftLogWorker] WARN  segmented.SegmentedRaftLogWorker (SegmentedRaftLogWorker.java:getFromFuture(90)) - Timeout 7/~
org.apache.ratis.protocol.TimeoutIOException: Timeout 10s: WriteLog:13: (t:1, i:13), STATEMACHINELOGENTRY, client-2CBA63CDBB2F, cid=36-writeStateMachineData
	at org.apache.ratis.util.IOUtils.getFromFuture(IOUtils.java:87)
	at org.apache.ratis.server.raftlog.segmented.SegmentedRaftLogWorker$StateMachineDataPolicy.getFromFuture(SegmentedRaftLogWorker.java:87)
	at org.apache.ratis.server.raftlog.segmented.SegmentedRaftLogWorker$WriteLog.execute(SegmentedRaftLogWorker.java:477)
	at org.apache.ratis.server.raftlog.segmented.SegmentedRaftLogWorker.run(SegmentedRaftLogWorker.java:289)
	at java.lang.Thread.run(Thread.java:748)
Caused by: java.util.concurrent.TimeoutException
	at java.util.concurrent.CompletableFuture.timedGet(CompletableFuture.java:1771)
	at java.util.concurrent.CompletableFuture.get(CompletableFuture.java:1915)
	at org.apache.ratis.util.IOUtils.getFromFuture(IOUtils.java:79)
	... 4 more
2019-09-16 16:34:53,675 [e3c513c6-7b5b-430b-887c-eb88026c45f2@group-03260B50B3E1-SegmentedRaftLogWorker] WARN  segmented.SegmentedRaftLogWorker (SegmentedRaftLogWorker.java:getFromFuture(90)) - Timeout 7/~
org.apache.ratis.protocol.TimeoutIOException: Timeout 10s: WriteLog:13: (t:1, i:13), STATEMACHINELOGENTRY, client-2CBA63CDBB2F, cid=36-writeStateMachineData
	at org.apache.ratis.util.IOUtils.getFromFuture(IOUtils.java:87)
	at org.apache.ratis.server.raftlog.segmented.SegmentedRaftLogWorker$StateMachineDataPolicy.getFromFuture(SegmentedRaftLogWorker.java:87)
	at org.apache.ratis.server.raftlog.segmented.SegmentedRaftLogWorker$WriteLog.execute(SegmentedRaftLogWorker.java:477)
	at org.apache.ratis.server.raftlog.segmented.SegmentedRaftLogWorker.run(SegmentedRaftLogWorker.java:289)
	at java.lang.Thread.run(Thread.java:748)
Caused by: java.util.concurrent.TimeoutException
	at java.util.concurrent.CompletableFuture.timedGet(CompletableFuture.java:1771)
	at java.util.concurrent.CompletableFuture.get(CompletableFuture.java:1915)
	at org.apache.ratis.util.IOUtils.getFromFuture(IOUtils.java:79)
	... 4 more
2019-09-16 16:34:54,176 [java.util.concurrent.ThreadPoolExecutor$Worker@25934a47[State = -1, empty queue]] WARN  server.GrpcLogAppender (GrpcLogAppender.java:timeoutAppendRequest(200)) - 33002f53-59d2-46ae-91ae-843eaa52c7d0@group-03260B50B3E1->e3c513c6-7b5b-430b-887c-eb88026c45f2-GrpcLogAppender: appendEntries Timeout, request=33002f53-59d2-46ae-91ae-843eaa52c7d0->e3c513c6-7b5b-430b-887c-eb88026c45f2#125-t1, previous=(t:1, i:18), leaderCommit=12, initializing? false, entries: <empty>
2019-09-16 16:34:54,176 [java.util.concurrent.ThreadPoolExecutor$Worker@5dad4454[State = -1, empty queue]] WARN  server.GrpcLogAppender (GrpcLogAppender.java:timeoutAppendRequest(200)) - 33002f53-59d2-46ae-91ae-843eaa52c7d0@group-03260B50B3E1->816c2023-76ea-4558-9da7-70127639a79a-GrpcLogAppender: appendEntries Timeout, request=33002f53-59d2-46ae-91ae-843eaa52c7d0->816c2023-76ea-4558-9da7-70127639a79a#125-t1, previous=(t:1, i:18), leaderCommit=12, initializing? false, entries: <empty>
2019-09-16 16:34:54,363 [grpc-default-executor-4] INFO  client.GrpcClientProtocolClient (GrpcClientProtocolClient.java:onNext(264)) - client-2CBA63CDBB2F->e3c513c6-7b5b-430b-887c-eb88026c45f2: receive RaftClientReply:client-2CBA63CDBB2F->e3c513c6-7b5b-430b-887c-eb88026c45f2@group-03260B50B3E1, cid=36, FAILED org.apache.ratis.protocol.NotLeaderException: Server e3c513c6-7b5b-430b-887c-eb88026c45f2@group-03260B50B3E1 is not the leader 33002f53-59d2-46ae-91ae-843eaa52c7d0:192.168.5.183:46255, logIndex=0, commits[e3c513c6-7b5b-430b-887c-eb88026c45f2:c12, 33002f53-59d2-46ae-91ae-843eaa52c7d0:c12, 816c2023-76ea-4558-9da7-70127639a79a:c10]
2019-09-16 16:34:56,676 [java.util.concurrent.ThreadPoolExecutor$Worker@25934a47[State = -1, empty queue]] WARN  server.GrpcLogAppender (GrpcLogAppender.java:timeoutAppendRequest(200)) - 33002f53-59d2-46ae-91ae-843eaa52c7d0@group-03260B50B3E1->e3c513c6-7b5b-430b-887c-eb88026c45f2-GrpcLogAppender: appendEntries Timeout, request=33002f53-59d2-46ae-91ae-843eaa52c7d0->e3c513c6-7b5b-430b-887c-eb88026c45f2#126-t1, previous=(t:1, i:18), leaderCommit=12, initializing? false, entries: <empty>
2019-09-16 16:34:56,676 [java.util.concurrent.ThreadPoolExecutor$Worker@5dad4454[State = -1, empty queue]] WARN  server.GrpcLogAppender (GrpcLogAppender.java:timeoutAppendRequest(200)) - 33002f53-59d2-46ae-91ae-843eaa52c7d0@group-03260B50B3E1->816c2023-76ea-4558-9da7-70127639a79a-GrpcLogAppender: appendEntries Timeout, request=33002f53-59d2-46ae-91ae-843eaa52c7d0->816c2023-76ea-4558-9da7-70127639a79a#126-t1, previous=(t:1, i:18), leaderCommit=12, initializing? false, entries: <empty>
2019-09-16 16:34:59,177 [java.util.concurrent.ThreadPoolExecutor$Worker@5dad4454[State = -1, empty queue]] WARN  server.GrpcLogAppender (GrpcLogAppender.java:timeoutAppendRequest(200)) - 33002f53-59d2-46ae-91ae-843eaa52c7d0@group-03260B50B3E1->816c2023-76ea-4558-9da7-70127639a79a-GrpcLogAppender: appendEntries Timeout, request=33002f53-59d2-46ae-91ae-843eaa52c7d0->816c2023-76ea-4558-9da7-70127639a79a#127-t1, previous=(t:1, i:18), leaderCommit=12, initializing? false, entries: <empty>
2019-09-16 16:34:59,178 [java.util.concurrent.ThreadPoolExecutor$Worker@25934a47[State = -1, empty queue]] WARN  server.GrpcLogAppender (GrpcLogAppender.java:timeoutAppendRequest(200)) - 33002f53-59d2-46ae-91ae-843eaa52c7d0@group-03260B50B3E1->e3c513c6-7b5b-430b-887c-eb88026c45f2-GrpcLogAppender: appendEntries Timeout, request=33002f53-59d2-46ae-91ae-843eaa52c7d0->e3c513c6-7b5b-430b-887c-eb88026c45f2#127-t1, previous=(t:1, i:18), leaderCommit=12, initializing? false, entries: <empty>
2019-09-16 16:34:59,403 [grpc-default-executor-4] INFO  client.GrpcClientProtocolClient (GrpcClientProtocolClient.java:onNext(264)) - client-2CBA63CDBB2F->816c2023-76ea-4558-9da7-70127639a79a: receive RaftClientReply:client-2CBA63CDBB2F->816c2023-76ea-4558-9da7-70127639a79a@group-03260B50B3E1, cid=36, FAILED org.apache.ratis.protocol.NotLeaderException: Server 816c2023-76ea-4558-9da7-70127639a79a@group-03260B50B3E1 is not the leader 33002f53-59d2-46ae-91ae-843eaa52c7d0:192.168.5.183:46255, logIndex=0, commits[816c2023-76ea-4558-9da7-70127639a79a:c12, e3c513c6-7b5b-430b-887c-eb88026c45f2:c10, 33002f53-59d2-46ae-91ae-843eaa52c7d0:c12]
2019-09-16 16:35:01,677 [java.util.concurrent.ThreadPoolExecutor$Worker@25934a47[State = -1, empty queue]] WARN  server.GrpcLogAppender (GrpcLogAppender.java:timeoutAppendRequest(200)) - 33002f53-59d2-46ae-91ae-843eaa52c7d0@group-03260B50B3E1->e3c513c6-7b5b-430b-887c-eb88026c45f2-GrpcLogAppender: appendEntries Timeout, request=33002f53-59d2-46ae-91ae-843eaa52c7d0->e3c513c6-7b5b-430b-887c-eb88026c45f2#128-t1, previous=(t:1, i:18), leaderCommit=12, initializing? false, entries: <empty>
2019-09-16 16:35:01,677 [java.util.concurrent.ThreadPoolExecutor$Worker@5dad4454[State = -1, empty queue]] WARN  server.GrpcLogAppender (GrpcLogAppender.java:timeoutAppendRequest(200)) - 33002f53-59d2-46ae-91ae-843eaa52c7d0@group-03260B50B3E1->816c2023-76ea-4558-9da7-70127639a79a-GrpcLogAppender: appendEntries Timeout, request=33002f53-59d2-46ae-91ae-843eaa52c7d0->816c2023-76ea-4558-9da7-70127639a79a#128-t1, previous=(t:1, i:18), leaderCommit=12, initializing? false, entries: <empty>
2019-09-16 16:35:03,653 [33002f53-59d2-46ae-91ae-843eaa52c7d0@group-03260B50B3E1-SegmentedRaftLogWorker] WARN  segmented.SegmentedRaftLogWorker (SegmentedRaftLogWorker.java:getFromFuture(90)) - Timeout 8/~
org.apache.ratis.protocol.TimeoutIOException: Timeout 10s: WriteLog:13: (t:1, i:13), STATEMACHINELOGENTRY, client-2CBA63CDBB2F, cid=36-writeStateMachineData
	at org.apache.ratis.util.IOUtils.getFromFuture(IOUtils.java:87)
	at org.apache.ratis.server.raftlog.segmented.SegmentedRaftLogWorker$StateMachineDataPolicy.getFromFuture(SegmentedRaftLogWorker.java:87)
	at org.apache.ratis.server.raftlog.segmented.SegmentedRaftLogWorker$WriteLog.execute(SegmentedRaftLogWorker.java:477)
	at org.apache.ratis.server.raftlog.segmented.SegmentedRaftLogWorker.run(SegmentedRaftLogWorker.java:289)
	at java.lang.Thread.run(Thread.java:748)
Caused by: java.util.concurrent.TimeoutException
	at java.util.concurrent.CompletableFuture.timedGet(CompletableFuture.java:1771)
	at java.util.concurrent.CompletableFuture.get(CompletableFuture.java:1915)
	at org.apache.ratis.util.IOUtils.getFromFuture(IOUtils.java:79)
	... 4 more
2019-09-16 16:35:03,675 [816c2023-76ea-4558-9da7-70127639a79a@group-03260B50B3E1-SegmentedRaftLogWorker] WARN  segmented.SegmentedRaftLogWorker (SegmentedRaftLogWorker.java:getFromFuture(90)) - Timeout 8/~
org.apache.ratis.protocol.TimeoutIOException: Timeout 10s: WriteLog:13: (t:1, i:13), STATEMACHINELOGENTRY, client-2CBA63CDBB2F, cid=36-writeStateMachineData
	at org.apache.ratis.util.IOUtils.getFromFuture(IOUtils.java:87)
	at org.apache.ratis.server.raftlog.segmented.SegmentedRaftLogWorker$StateMachineDataPolicy.getFromFuture(SegmentedRaftLogWorker.java:87)
	at org.apache.ratis.server.raftlog.segmented.SegmentedRaftLogWorker$WriteLog.execute(SegmentedRaftLogWorker.java:477)
	at org.apache.ratis.server.raftlog.segmented.SegmentedRaftLogWorker.run(SegmentedRaftLogWorker.java:289)
	at java.lang.Thread.run(Thread.java:748)
Caused by: java.util.concurrent.TimeoutException
	at java.util.concurrent.CompletableFuture.timedGet(CompletableFuture.java:1771)
	at java.util.concurrent.CompletableFuture.get(CompletableFuture.java:1915)
	at org.apache.ratis.util.IOUtils.getFromFuture(IOUtils.java:79)
	... 4 more
2019-09-16 16:35:03,675 [e3c513c6-7b5b-430b-887c-eb88026c45f2@group-03260B50B3E1-SegmentedRaftLogWorker] WARN  segmented.SegmentedRaftLogWorker (SegmentedRaftLogWorker.java:getFromFuture(90)) - Timeout 8/~
org.apache.ratis.protocol.TimeoutIOException: Timeout 10s: WriteLog:13: (t:1, i:13), STATEMACHINELOGENTRY, client-2CBA63CDBB2F, cid=36-writeStateMachineData
	at org.apache.ratis.util.IOUtils.getFromFuture(IOUtils.java:87)
	at org.apache.ratis.server.raftlog.segmented.SegmentedRaftLogWorker$StateMachineDataPolicy.getFromFuture(SegmentedRaftLogWorker.java:87)
	at org.apache.ratis.server.raftlog.segmented.SegmentedRaftLogWorker$WriteLog.execute(SegmentedRaftLogWorker.java:477)
	at org.apache.ratis.server.raftlog.segmented.SegmentedRaftLogWorker.run(SegmentedRaftLogWorker.java:289)
	at java.lang.Thread.run(Thread.java:748)
Caused by: java.util.concurrent.TimeoutException
	at java.util.concurrent.CompletableFuture.timedGet(CompletableFuture.java:1771)
	at java.util.concurrent.CompletableFuture.get(CompletableFuture.java:1915)
	at org.apache.ratis.util.IOUtils.getFromFuture(IOUtils.java:79)
	... 4 more
2019-09-16 16:35:04,178 [java.util.concurrent.ThreadPoolExecutor$Worker@25934a47[State = -1, empty queue]] WARN  server.GrpcLogAppender (GrpcLogAppender.java:timeoutAppendRequest(200)) - 33002f53-59d2-46ae-91ae-843eaa52c7d0@group-03260B50B3E1->e3c513c6-7b5b-430b-887c-eb88026c45f2-GrpcLogAppender: appendEntries Timeout, request=33002f53-59d2-46ae-91ae-843eaa52c7d0->e3c513c6-7b5b-430b-887c-eb88026c45f2#129-t1, previous=(t:1, i:18), leaderCommit=12, initializing? false, entries: <empty>
2019-09-16 16:35:04,178 [java.util.concurrent.ThreadPoolExecutor$Worker@5dad4454[State = -1, empty queue]] WARN  server.GrpcLogAppender (GrpcLogAppender.java:timeoutAppendRequest(200)) - 33002f53-59d2-46ae-91ae-843eaa52c7d0@group-03260B50B3E1->816c2023-76ea-4558-9da7-70127639a79a-GrpcLogAppender: appendEntries Timeout, request=33002f53-59d2-46ae-91ae-843eaa52c7d0->816c2023-76ea-4558-9da7-70127639a79a#129-t1, previous=(t:1, i:18), leaderCommit=12, initializing? false, entries: <empty>
2019-09-16 16:35:04,448 [grpc-default-executor-3] INFO  client.GrpcClientProtocolClient (GrpcClientProtocolClient.java:onNext(264)) - client-2CBA63CDBB2F->816c2023-76ea-4558-9da7-70127639a79a: receive RaftClientReply:client-2CBA63CDBB2F->816c2023-76ea-4558-9da7-70127639a79a@group-03260B50B3E1, cid=36, FAILED org.apache.ratis.protocol.NotLeaderException: Server 816c2023-76ea-4558-9da7-70127639a79a@group-03260B50B3E1 is not the leader 33002f53-59d2-46ae-91ae-843eaa52c7d0:192.168.5.183:46255, logIndex=0, commits[816c2023-76ea-4558-9da7-70127639a79a:c12, e3c513c6-7b5b-430b-887c-eb88026c45f2:c10, 33002f53-59d2-46ae-91ae-843eaa52c7d0:c12]
2019-09-16 16:35:06,679 [java.util.concurrent.ThreadPoolExecutor$Worker@5dad4454[State = -1, empty queue]] WARN  server.GrpcLogAppender (GrpcLogAppender.java:timeoutAppendRequest(200)) - 33002f53-59d2-46ae-91ae-843eaa52c7d0@group-03260B50B3E1->816c2023-76ea-4558-9da7-70127639a79a-GrpcLogAppender: appendEntries Timeout, request=33002f53-59d2-46ae-91ae-843eaa52c7d0->816c2023-76ea-4558-9da7-70127639a79a#130-t1, previous=(t:1, i:18), leaderCommit=12, initializing? false, entries: <empty>
2019-09-16 16:35:06,679 [java.util.concurrent.ThreadPoolExecutor$Worker@25934a47[State = -1, empty queue]] WARN  server.GrpcLogAppender (GrpcLogAppender.java:timeoutAppendRequest(200)) - 33002f53-59d2-46ae-91ae-843eaa52c7d0@group-03260B50B3E1->e3c513c6-7b5b-430b-887c-eb88026c45f2-GrpcLogAppender: appendEntries Timeout, request=33002f53-59d2-46ae-91ae-843eaa52c7d0->e3c513c6-7b5b-430b-887c-eb88026c45f2#130-t1, previous=(t:1, i:18), leaderCommit=12, initializing? false, entries: <empty>
2019-09-16 16:35:09,179 [java.util.concurrent.ThreadPoolExecutor$Worker@25934a47[State = -1, empty queue]] WARN  server.GrpcLogAppender (GrpcLogAppender.java:timeoutAppendRequest(200)) - 33002f53-59d2-46ae-91ae-843eaa52c7d0@group-03260B50B3E1->e3c513c6-7b5b-430b-887c-eb88026c45f2-GrpcLogAppender: appendEntries Timeout, request=33002f53-59d2-46ae-91ae-843eaa52c7d0->e3c513c6-7b5b-430b-887c-eb88026c45f2#131-t1, previous=(t:1, i:18), leaderCommit=12, initializing? false, entries: <empty>
2019-09-16 16:35:09,180 [java.util.concurrent.ThreadPoolExecutor$Worker@5dad4454[State = -1, empty queue]] WARN  server.GrpcLogAppender (GrpcLogAppender.java:timeoutAppendRequest(200)) - 33002f53-59d2-46ae-91ae-843eaa52c7d0@group-03260B50B3E1->816c2023-76ea-4558-9da7-70127639a79a-GrpcLogAppender: appendEntries Timeout, request=33002f53-59d2-46ae-91ae-843eaa52c7d0->816c2023-76ea-4558-9da7-70127639a79a#131-t1, previous=(t:1, i:18), leaderCommit=12, initializing? false, entries: <empty>
2019-09-16 16:35:09,493 [grpc-default-executor-2] INFO  client.GrpcClientProtocolClient (GrpcClientProtocolClient.java:onNext(264)) - client-2CBA63CDBB2F->e3c513c6-7b5b-430b-887c-eb88026c45f2: receive RaftClientReply:client-2CBA63CDBB2F->e3c513c6-7b5b-430b-887c-eb88026c45f2@group-03260B50B3E1, cid=36, FAILED org.apache.ratis.protocol.NotLeaderException: Server e3c513c6-7b5b-430b-887c-eb88026c45f2@group-03260B50B3E1 is not the leader 33002f53-59d2-46ae-91ae-843eaa52c7d0:192.168.5.183:46255, logIndex=0, commits[e3c513c6-7b5b-430b-887c-eb88026c45f2:c12, 33002f53-59d2-46ae-91ae-843eaa52c7d0:c12, 816c2023-76ea-4558-9da7-70127639a79a:c10]
2019-09-16 16:35:11,680 [java.util.concurrent.ThreadPoolExecutor$Worker@25934a47[State = -1, empty queue]] WARN  server.GrpcLogAppender (GrpcLogAppender.java:timeoutAppendRequest(200)) - 33002f53-59d2-46ae-91ae-843eaa52c7d0@group-03260B50B3E1->e3c513c6-7b5b-430b-887c-eb88026c45f2-GrpcLogAppender: appendEntries Timeout, request=33002f53-59d2-46ae-91ae-843eaa52c7d0->e3c513c6-7b5b-430b-887c-eb88026c45f2#132-t1, previous=(t:1, i:18), leaderCommit=12, initializing? false, entries: <empty>
2019-09-16 16:35:11,680 [java.util.concurrent.ThreadPoolExecutor$Worker@5dad4454[State = -1, empty queue]] WARN  server.GrpcLogAppender (GrpcLogAppender.java:timeoutAppendRequest(200)) - 33002f53-59d2-46ae-91ae-843eaa52c7d0@group-03260B50B3E1->816c2023-76ea-4558-9da7-70127639a79a-GrpcLogAppender: appendEntries Timeout, request=33002f53-59d2-46ae-91ae-843eaa52c7d0->816c2023-76ea-4558-9da7-70127639a79a#132-t1, previous=(t:1, i:18), leaderCommit=12, initializing? false, entries: <empty>
2019-09-16 16:35:13,654 [33002f53-59d2-46ae-91ae-843eaa52c7d0@group-03260B50B3E1-SegmentedRaftLogWorker] WARN  segmented.SegmentedRaftLogWorker (SegmentedRaftLogWorker.java:getFromFuture(90)) - Timeout 9/~
org.apache.ratis.protocol.TimeoutIOException: Timeout 10s: WriteLog:13: (t:1, i:13), STATEMACHINELOGENTRY, client-2CBA63CDBB2F, cid=36-writeStateMachineData
	at org.apache.ratis.util.IOUtils.getFromFuture(IOUtils.java:87)
	at org.apache.ratis.server.raftlog.segmented.SegmentedRaftLogWorker$StateMachineDataPolicy.getFromFuture(SegmentedRaftLogWorker.java:87)
	at org.apache.ratis.server.raftlog.segmented.SegmentedRaftLogWorker$WriteLog.execute(SegmentedRaftLogWorker.java:477)
	at org.apache.ratis.server.raftlog.segmented.SegmentedRaftLogWorker.run(SegmentedRaftLogWorker.java:289)
	at java.lang.Thread.run(Thread.java:748)
Caused by: java.util.concurrent.TimeoutException
	at java.util.concurrent.CompletableFuture.timedGet(CompletableFuture.java:1771)
	at java.util.concurrent.CompletableFuture.get(CompletableFuture.java:1915)
	at org.apache.ratis.util.IOUtils.getFromFuture(IOUtils.java:79)
	... 4 more
2019-09-16 16:35:13,676 [816c2023-76ea-4558-9da7-70127639a79a@group-03260B50B3E1-SegmentedRaftLogWorker] WARN  segmented.SegmentedRaftLogWorker (SegmentedRaftLogWorker.java:getFromFuture(90)) - Timeout 9/~
org.apache.ratis.protocol.TimeoutIOException: Timeout 10s: WriteLog:13: (t:1, i:13), STATEMACHINELOGENTRY, client-2CBA63CDBB2F, cid=36-writeStateMachineData
	at org.apache.ratis.util.IOUtils.getFromFuture(IOUtils.java:87)
	at org.apache.ratis.server.raftlog.segmented.SegmentedRaftLogWorker$StateMachineDataPolicy.getFromFuture(SegmentedRaftLogWorker.java:87)
	at org.apache.ratis.server.raftlog.segmented.SegmentedRaftLogWorker$WriteLog.execute(SegmentedRaftLogWorker.java:477)
	at org.apache.ratis.server.raftlog.segmented.SegmentedRaftLogWorker.run(SegmentedRaftLogWorker.java:289)
	at java.lang.Thread.run(Thread.java:748)
Caused by: java.util.concurrent.TimeoutException
	at java.util.concurrent.CompletableFuture.timedGet(CompletableFuture.java:1771)
	at java.util.concurrent.CompletableFuture.get(CompletableFuture.java:1915)
	at org.apache.ratis.util.IOUtils.getFromFuture(IOUtils.java:79)
	... 4 more
2019-09-16 16:35:13,676 [e3c513c6-7b5b-430b-887c-eb88026c45f2@group-03260B50B3E1-SegmentedRaftLogWorker] WARN  segmented.SegmentedRaftLogWorker (SegmentedRaftLogWorker.java:getFromFuture(90)) - Timeout 9/~
org.apache.ratis.protocol.TimeoutIOException: Timeout 10s: WriteLog:13: (t:1, i:13), STATEMACHINELOGENTRY, client-2CBA63CDBB2F, cid=36-writeStateMachineData
	at org.apache.ratis.util.IOUtils.getFromFuture(IOUtils.java:87)
	at org.apache.ratis.server.raftlog.segmented.SegmentedRaftLogWorker$StateMachineDataPolicy.getFromFuture(SegmentedRaftLogWorker.java:87)
	at org.apache.ratis.server.raftlog.segmented.SegmentedRaftLogWorker$WriteLog.execute(SegmentedRaftLogWorker.java:477)
	at org.apache.ratis.server.raftlog.segmented.SegmentedRaftLogWorker.run(SegmentedRaftLogWorker.java:289)
	at java.lang.Thread.run(Thread.java:748)
Caused by: java.util.concurrent.TimeoutException
	at java.util.concurrent.CompletableFuture.timedGet(CompletableFuture.java:1771)
	at java.util.concurrent.CompletableFuture.get(CompletableFuture.java:1915)
	at org.apache.ratis.util.IOUtils.getFromFuture(IOUtils.java:79)
	... 4 more
2019-09-16 16:35:14,180 [java.util.concurrent.ThreadPoolExecutor$Worker@25934a47[State = -1, empty queue]] WARN  server.GrpcLogAppender (GrpcLogAppender.java:timeoutAppendRequest(200)) - 33002f53-59d2-46ae-91ae-843eaa52c7d0@group-03260B50B3E1->e3c513c6-7b5b-430b-887c-eb88026c45f2-GrpcLogAppender: appendEntries Timeout, request=33002f53-59d2-46ae-91ae-843eaa52c7d0->e3c513c6-7b5b-430b-887c-eb88026c45f2#133-t1, previous=(t:1, i:18), leaderCommit=12, initializing? false, entries: <empty>
2019-09-16 16:35:14,180 [java.util.concurrent.ThreadPoolExecutor$Worker@5dad4454[State = -1, empty queue]] WARN  server.GrpcLogAppender (GrpcLogAppender.java:timeoutAppendRequest(200)) - 33002f53-59d2-46ae-91ae-843eaa52c7d0@group-03260B50B3E1->816c2023-76ea-4558-9da7-70127639a79a-GrpcLogAppender: appendEntries Timeout, request=33002f53-59d2-46ae-91ae-843eaa52c7d0->816c2023-76ea-4558-9da7-70127639a79a#133-t1, previous=(t:1, i:18), leaderCommit=12, initializing? false, entries: <empty>
2019-09-16 16:35:14,537 [grpc-default-executor-2] INFO  client.GrpcClientProtocolClient (GrpcClientProtocolClient.java:onNext(264)) - client-2CBA63CDBB2F->816c2023-76ea-4558-9da7-70127639a79a: receive RaftClientReply:client-2CBA63CDBB2F->816c2023-76ea-4558-9da7-70127639a79a@group-03260B50B3E1, cid=36, FAILED org.apache.ratis.protocol.NotLeaderException: Server 816c2023-76ea-4558-9da7-70127639a79a@group-03260B50B3E1 is not the leader 33002f53-59d2-46ae-91ae-843eaa52c7d0:192.168.5.183:46255, logIndex=0, commits[816c2023-76ea-4558-9da7-70127639a79a:c12, e3c513c6-7b5b-430b-887c-eb88026c45f2:c10, 33002f53-59d2-46ae-91ae-843eaa52c7d0:c12]
2019-09-16 16:35:16,680 [java.util.concurrent.ThreadPoolExecutor$Worker@5dad4454[State = -1, empty queue]] WARN  server.GrpcLogAppender (GrpcLogAppender.java:timeoutAppendRequest(200)) - 33002f53-59d2-46ae-91ae-843eaa52c7d0@group-03260B50B3E1->816c2023-76ea-4558-9da7-70127639a79a-GrpcLogAppender: appendEntries Timeout, request=33002f53-59d2-46ae-91ae-843eaa52c7d0->816c2023-76ea-4558-9da7-70127639a79a#134-t1, previous=(t:1, i:18), leaderCommit=12, initializing? false, entries: <empty>
2019-09-16 16:35:16,680 [java.util.concurrent.ThreadPoolExecutor$Worker@25934a47[State = -1, empty queue]] WARN  server.GrpcLogAppender (GrpcLogAppender.java:timeoutAppendRequest(200)) - 33002f53-59d2-46ae-91ae-843eaa52c7d0@group-03260B50B3E1->e3c513c6-7b5b-430b-887c-eb88026c45f2-GrpcLogAppender: appendEntries Timeout, request=33002f53-59d2-46ae-91ae-843eaa52c7d0->e3c513c6-7b5b-430b-887c-eb88026c45f2#134-t1, previous=(t:1, i:18), leaderCommit=12, initializing? false, entries: <empty>
2019-09-16 16:35:18,933 [ReplicationMonitor] INFO  container.ReplicationManager (ReplicationManager.java:forceCloseContainer(464)) - Force closing container #2 with BCSID 6, which is in QUASI_CLOSED state.
2019-09-16 16:35:18,935 [ReplicationMonitor] INFO  container.ReplicationManager (ReplicationManager.java:sendCloseCommand(659)) - Sending close container command for container #2 to datanode 2b9d536e-7082-46d0-bcea-3da9bf5f5d0c{ip: 192.168.5.183, host: pr-hdds-1054-fkf2j-3502855176, networkLocation: /default-rack, certSerialId: null}.
2019-09-16 16:35:18,936 [ReplicationMonitor] INFO  container.ReplicationManager (ReplicationManager.java:sendCloseCommand(659)) - Sending close container command for container #2 to datanode 5da997ac-485a-4ae3-a11f-bd7c3a0ad14d{ip: 192.168.5.183, host: pr-hdds-1054-fkf2j-3502855176, networkLocation: /default-rack, certSerialId: null}.
2019-09-16 16:35:18,936 [ReplicationMonitor] INFO  container.ReplicationManager (ReplicationManager.java:sendCloseCommand(659)) - Sending close container command for container #2 to datanode 103cee85-d2d3-4069-a903-4a8bed8118d2{ip: 192.168.5.183, host: pr-hdds-1054-fkf2j-3502855176, networkLocation: /default-rack, certSerialId: null}.
2019-09-16 16:35:18,936 [ReplicationMonitor] INFO  container.ReplicationManager (ReplicationManager.java:forceCloseContainer(464)) - Force closing container #3 with BCSID 0, which is in QUASI_CLOSED state.
2019-09-16 16:35:18,937 [ReplicationMonitor] INFO  container.ReplicationManager (ReplicationManager.java:sendCloseCommand(659)) - Sending close container command for container #3 to datanode 103cee85-d2d3-4069-a903-4a8bed8118d2{ip: 192.168.5.183, host: pr-hdds-1054-fkf2j-3502855176, networkLocation: /default-rack, certSerialId: null}.
2019-09-16 16:35:18,937 [ReplicationMonitor] INFO  container.ReplicationManager (ReplicationManager.java:sendCloseCommand(659)) - Sending close container command for container #3 to datanode 2b9d536e-7082-46d0-bcea-3da9bf5f5d0c{ip: 192.168.5.183, host: pr-hdds-1054-fkf2j-3502855176, networkLocation: /default-rack, certSerialId: null}.
2019-09-16 16:35:18,937 [ReplicationMonitor] INFO  container.ReplicationManager (ReplicationManager.java:sendCloseCommand(659)) - Sending close container command for container #3 to datanode 5da997ac-485a-4ae3-a11f-bd7c3a0ad14d{ip: 192.168.5.183, host: pr-hdds-1054-fkf2j-3502855176, networkLocation: /default-rack, certSerialId: null}.
2019-09-16 16:35:18,937 [ReplicationMonitor] INFO  container.ReplicationManager (ReplicationManager.java:run(225)) - Replication Monitor Thread took 11 milliseconds for processing 5 containers.
2019-09-16 16:35:19,181 [java.util.concurrent.ThreadPoolExecutor$Worker@5dad4454[State = -1, empty queue]] WARN  server.GrpcLogAppender (GrpcLogAppender.java:timeoutAppendRequest(200)) - 33002f53-59d2-46ae-91ae-843eaa52c7d0@group-03260B50B3E1->816c2023-76ea-4558-9da7-70127639a79a-GrpcLogAppender: appendEntries Timeout, request=33002f53-59d2-46ae-91ae-843eaa52c7d0->816c2023-76ea-4558-9da7-70127639a79a#135-t1, previous=(t:1, i:18), leaderCommit=12, initializing? false, entries: <empty>
2019-09-16 16:35:19,181 [java.util.concurrent.ThreadPoolExecutor$Worker@25934a47[State = -1, empty queue]] WARN  server.GrpcLogAppender (GrpcLogAppender.java:timeoutAppendRequest(200)) - 33002f53-59d2-46ae-91ae-843eaa52c7d0@group-03260B50B3E1->e3c513c6-7b5b-430b-887c-eb88026c45f2-GrpcLogAppender: appendEntries Timeout, request=33002f53-59d2-46ae-91ae-843eaa52c7d0->e3c513c6-7b5b-430b-887c-eb88026c45f2#135-t1, previous=(t:1, i:18), leaderCommit=12, initializing? false, entries: <empty>
2019-09-16 16:35:19,579 [grpc-default-executor-2] INFO  client.GrpcClientProtocolClient (GrpcClientProtocolClient.java:onNext(264)) - client-2CBA63CDBB2F->e3c513c6-7b5b-430b-887c-eb88026c45f2: receive RaftClientReply:client-2CBA63CDBB2F->e3c513c6-7b5b-430b-887c-eb88026c45f2@group-03260B50B3E1, cid=36, FAILED org.apache.ratis.protocol.NotLeaderException: Server e3c513c6-7b5b-430b-887c-eb88026c45f2@group-03260B50B3E1 is not the leader 33002f53-59d2-46ae-91ae-843eaa52c7d0:192.168.5.183:46255, logIndex=0, commits[e3c513c6-7b5b-430b-887c-eb88026c45f2:c12, 33002f53-59d2-46ae-91ae-843eaa52c7d0:c12, 816c2023-76ea-4558-9da7-70127639a79a:c10]
2019-09-16 16:35:20,167 [Command processor thread] INFO  interfaces.Container (KeyValueContainer.java:flushAndSyncDB(386)) - Container 2 is synced with bcsId 6.
2019-09-16 16:35:20,170 [Command processor thread] INFO  interfaces.Container (KeyValueContainer.java:flushAndSyncDB(386)) - Container 2 is synced with bcsId 6.
2019-09-16 16:35:20,222 [Command processor thread] INFO  interfaces.Container (KeyValueContainer.java:close(335)) - Container 2 is closed with bcsId 6.
2019-09-16 16:35:20,222 [Command processor thread] INFO  interfaces.Container (KeyValueContainer.java:flushAndSyncDB(386)) - Container 3 is synced with bcsId 0.
2019-09-16 16:35:20,222 [Command processor thread] INFO  interfaces.Container (KeyValueContainer.java:flushAndSyncDB(386)) - Container 3 is synced with bcsId 0.
2019-09-16 16:35:20,224 [EventQueue-IncrementalContainerReportForIncrementalContainerReportHandler] INFO  container.IncrementalContainerReportHandler (AbstractContainerReportHandler.java:updateContainerState(202)) - Moving container #2 to CLOSED state, datanode 103cee85-d2d3-4069-a903-4a8bed8118d2{ip: 192.168.5.183, host: pr-hdds-1054-fkf2j-3502855176, networkLocation: /default-rack, certSerialId: null} reported CLOSED replica.
2019-09-16 16:35:20,250 [Command processor thread] INFO  interfaces.Container (KeyValueContainer.java:close(335)) - Container 3 is closed with bcsId 0.
2019-09-16 16:35:20,251 [EventQueue-IncrementalContainerReportForIncrementalContainerReportHandler] INFO  container.IncrementalContainerReportHandler (AbstractContainerReportHandler.java:updateContainerState(202)) - Moving container #3 to CLOSED state, datanode 103cee85-d2d3-4069-a903-4a8bed8118d2{ip: 192.168.5.183, host: pr-hdds-1054-fkf2j-3502855176, networkLocation: /default-rack, certSerialId: null} reported CLOSED replica.
2019-09-16 16:35:21,421 [Command processor thread] INFO  interfaces.Container (KeyValueContainer.java:flushAndSyncDB(386)) - Container 2 is synced with bcsId 6.
2019-09-16 16:35:21,421 [Command processor thread] INFO  interfaces.Container (KeyValueContainer.java:flushAndSyncDB(386)) - Container 2 is synced with bcsId 6.
2019-09-16 16:35:21,442 [Command processor thread] INFO  interfaces.Container (KeyValueContainer.java:close(335)) - Container 2 is closed with bcsId 6.
2019-09-16 16:35:21,442 [Command processor thread] INFO  interfaces.Container (KeyValueContainer.java:flushAndSyncDB(386)) - Container 3 is synced with bcsId 0.
2019-09-16 16:35:21,442 [Command processor thread] INFO  interfaces.Container (KeyValueContainer.java:flushAndSyncDB(386)) - Container 3 is synced with bcsId 0.
2019-09-16 16:35:21,463 [Command processor thread] INFO  interfaces.Container (KeyValueContainer.java:close(335)) - Container 3 is closed with bcsId 0.
2019-09-16 16:35:21,681 [java.util.concurrent.ThreadPoolExecutor$Worker@25934a47[State = -1, empty queue]] WARN  server.GrpcLogAppender (GrpcLogAppender.java:timeoutAppendRequest(200)) - 33002f53-59d2-46ae-91ae-843eaa52c7d0@group-03260B50B3E1->e3c513c6-7b5b-430b-887c-eb88026c45f2-GrpcLogAppender: appendEntries Timeout, request=33002f53-59d2-46ae-91ae-843eaa52c7d0->e3c513c6-7b5b-430b-887c-eb88026c45f2#136-t1, previous=(t:1, i:18), leaderCommit=12, initializing? false, entries: <empty>
2019-09-16 16:35:21,681 [java.util.concurrent.ThreadPoolExecutor$Worker@5dad4454[State = -1, empty queue]] WARN  server.GrpcLogAppender (GrpcLogAppender.java:timeoutAppendRequest(200)) - 33002f53-59d2-46ae-91ae-843eaa52c7d0@group-03260B50B3E1->816c2023-76ea-4558-9da7-70127639a79a-GrpcLogAppender: appendEntries Timeout, request=33002f53-59d2-46ae-91ae-843eaa52c7d0->816c2023-76ea-4558-9da7-70127639a79a#136-t1, previous=(t:1, i:18), leaderCommit=12, initializing? false, entries: <empty>
2019-09-16 16:35:21,864 [Command processor thread] INFO  interfaces.Container (KeyValueContainer.java:flushAndSyncDB(386)) - Container 2 is synced with bcsId 6.
2019-09-16 16:35:21,864 [Command processor thread] INFO  interfaces.Container (KeyValueContainer.java:flushAndSyncDB(386)) - Container 2 is synced with bcsId 6.
2019-09-16 16:35:21,884 [Command processor thread] INFO  interfaces.Container (KeyValueContainer.java:close(335)) - Container 2 is closed with bcsId 6.
2019-09-16 16:35:21,884 [Command processor thread] INFO  interfaces.Container (KeyValueContainer.java:flushAndSyncDB(386)) - Container 3 is synced with bcsId 0.
2019-09-16 16:35:21,884 [Command processor thread] INFO  interfaces.Container (KeyValueContainer.java:flushAndSyncDB(386)) - Container 3 is synced with bcsId 0.
2019-09-16 16:35:21,924 [Command processor thread] INFO  interfaces.Container (KeyValueContainer.java:close(335)) - Container 3 is closed with bcsId 0.
2019-09-16 16:35:23,656 [33002f53-59d2-46ae-91ae-843eaa52c7d0@group-03260B50B3E1-SegmentedRaftLogWorker] WARN  segmented.SegmentedRaftLogWorker (SegmentedRaftLogWorker.java:getFromFuture(90)) - Timeout 10/~
org.apache.ratis.protocol.TimeoutIOException: Timeout 10s: WriteLog:13: (t:1, i:13), STATEMACHINELOGENTRY, client-2CBA63CDBB2F, cid=36-writeStateMachineData
	at org.apache.ratis.util.IOUtils.getFromFuture(IOUtils.java:87)
	at org.apache.ratis.server.raftlog.segmented.SegmentedRaftLogWorker$StateMachineDataPolicy.getFromFuture(SegmentedRaftLogWorker.java:87)
	at org.apache.ratis.server.raftlog.segmented.SegmentedRaftLogWorker$WriteLog.execute(SegmentedRaftLogWorker.java:477)
	at org.apache.ratis.server.raftlog.segmented.SegmentedRaftLogWorker.run(SegmentedRaftLogWorker.java:289)
	at java.lang.Thread.run(Thread.java:748)
Caused by: java.util.concurrent.TimeoutException
	at java.util.concurrent.CompletableFuture.timedGet(CompletableFuture.java:1771)
	at java.util.concurrent.CompletableFuture.get(CompletableFuture.java:1915)
	at org.apache.ratis.util.IOUtils.getFromFuture(IOUtils.java:79)
	... 4 more
2019-09-16 16:35:23,676 [816c2023-76ea-4558-9da7-70127639a79a@group-03260B50B3E1-SegmentedRaftLogWorker] WARN  segmented.SegmentedRaftLogWorker (SegmentedRaftLogWorker.java:getFromFuture(90)) - Timeout 10/~
org.apache.ratis.protocol.TimeoutIOException: Timeout 10s: WriteLog:13: (t:1, i:13), STATEMACHINELOGENTRY, client-2CBA63CDBB2F, cid=36-writeStateMachineData
	at org.apache.ratis.util.IOUtils.getFromFuture(IOUtils.java:87)
	at org.apache.ratis.server.raftlog.segmented.SegmentedRaftLogWorker$StateMachineDataPolicy.getFromFuture(SegmentedRaftLogWorker.java:87)
	at org.apache.ratis.server.raftlog.segmented.SegmentedRaftLogWorker$WriteLog.execute(SegmentedRaftLogWorker.java:477)
	at org.apache.ratis.server.raftlog.segmented.SegmentedRaftLogWorker.run(SegmentedRaftLogWorker.java:289)
	at java.lang.Thread.run(Thread.java:748)
Caused by: java.util.concurrent.TimeoutException
	at java.util.concurrent.CompletableFuture.timedGet(CompletableFuture.java:1771)
	at java.util.concurrent.CompletableFuture.get(CompletableFuture.java:1915)
	at org.apache.ratis.util.IOUtils.getFromFuture(IOUtils.java:79)
	... 4 more
2019-09-16 16:35:23,677 [e3c513c6-7b5b-430b-887c-eb88026c45f2@group-03260B50B3E1-SegmentedRaftLogWorker] WARN  segmented.SegmentedRaftLogWorker (SegmentedRaftLogWorker.java:getFromFuture(90)) - Timeout 10/~
org.apache.ratis.protocol.TimeoutIOException: Timeout 10s: WriteLog:13: (t:1, i:13), STATEMACHINELOGENTRY, client-2CBA63CDBB2F, cid=36-writeStateMachineData
	at org.apache.ratis.util.IOUtils.getFromFuture(IOUtils.java:87)
	at org.apache.ratis.server.raftlog.segmented.SegmentedRaftLogWorker$StateMachineDataPolicy.getFromFuture(SegmentedRaftLogWorker.java:87)
	at org.apache.ratis.server.raftlog.segmented.SegmentedRaftLogWorker$WriteLog.execute(SegmentedRaftLogWorker.java:477)
	at org.apache.ratis.server.raftlog.segmented.SegmentedRaftLogWorker.run(SegmentedRaftLogWorker.java:289)
	at java.lang.Thread.run(Thread.java:748)
Caused by: java.util.concurrent.TimeoutException
	at java.util.concurrent.CompletableFuture.timedGet(CompletableFuture.java:1771)
	at java.util.concurrent.CompletableFuture.get(CompletableFuture.java:1915)
	at org.apache.ratis.util.IOUtils.getFromFuture(IOUtils.java:79)
	... 4 more
2019-09-16 16:35:24,181 [java.util.concurrent.ThreadPoolExecutor$Worker@5dad4454[State = -1, empty queue]] WARN  server.GrpcLogAppender (GrpcLogAppender.java:timeoutAppendRequest(200)) - 33002f53-59d2-46ae-91ae-843eaa52c7d0@group-03260B50B3E1->816c2023-76ea-4558-9da7-70127639a79a-GrpcLogAppender: appendEntries Timeout, request=33002f53-59d2-46ae-91ae-843eaa52c7d0->816c2023-76ea-4558-9da7-70127639a79a#137-t1, previous=(t:1, i:18), leaderCommit=12, initializing? false, entries: <empty>
2019-09-16 16:35:24,181 [java.util.concurrent.ThreadPoolExecutor$Worker@25934a47[State = -1, empty queue]] WARN  server.GrpcLogAppender (GrpcLogAppender.java:timeoutAppendRequest(200)) - 33002f53-59d2-46ae-91ae-843eaa52c7d0@group-03260B50B3E1->e3c513c6-7b5b-430b-887c-eb88026c45f2-GrpcLogAppender: appendEntries Timeout, request=33002f53-59d2-46ae-91ae-843eaa52c7d0->e3c513c6-7b5b-430b-887c-eb88026c45f2#137-t1, previous=(t:1, i:18), leaderCommit=12, initializing? false, entries: <empty>
2019-09-16 16:35:24,625 [grpc-default-executor-4] INFO  client.GrpcClientProtocolClient (GrpcClientProtocolClient.java:onNext(264)) - client-2CBA63CDBB2F->816c2023-76ea-4558-9da7-70127639a79a: receive RaftClientReply:client-2CBA63CDBB2F->816c2023-76ea-4558-9da7-70127639a79a@group-03260B50B3E1, cid=36, FAILED org.apache.ratis.protocol.NotLeaderException: Server 816c2023-76ea-4558-9da7-70127639a79a@group-03260B50B3E1 is not the leader 33002f53-59d2-46ae-91ae-843eaa52c7d0:192.168.5.183:46255, logIndex=0, commits[816c2023-76ea-4558-9da7-70127639a79a:c12, e3c513c6-7b5b-430b-887c-eb88026c45f2:c10, 33002f53-59d2-46ae-91ae-843eaa52c7d0:c12]
2019-09-16 16:35:26,682 [java.util.concurrent.ThreadPoolExecutor$Worker@5dad4454[State = -1, empty queue]] WARN  server.GrpcLogAppender (GrpcLogAppender.java:timeoutAppendRequest(200)) - 33002f53-59d2-46ae-91ae-843eaa52c7d0@group-03260B50B3E1->816c2023-76ea-4558-9da7-70127639a79a-GrpcLogAppender: appendEntries Timeout, request=33002f53-59d2-46ae-91ae-843eaa52c7d0->816c2023-76ea-4558-9da7-70127639a79a#138-t1, previous=(t:1, i:18), leaderCommit=12, initializing? false, entries: <empty>
2019-09-16 16:35:26,682 [java.util.concurrent.ThreadPoolExecutor$Worker@25934a47[State = -1, empty queue]] WARN  server.GrpcLogAppender (GrpcLogAppender.java:timeoutAppendRequest(200)) - 33002f53-59d2-46ae-91ae-843eaa52c7d0@group-03260B50B3E1->e3c513c6-7b5b-430b-887c-eb88026c45f2-GrpcLogAppender: appendEntries Timeout, request=33002f53-59d2-46ae-91ae-843eaa52c7d0->e3c513c6-7b5b-430b-887c-eb88026c45f2#138-t1, previous=(t:1, i:18), leaderCommit=12, initializing? false, entries: <empty>
2019-09-16 16:35:29,183 [java.util.concurrent.ThreadPoolExecutor$Worker@25934a47[State = -1, empty queue]] WARN  server.GrpcLogAppender (GrpcLogAppender.java:timeoutAppendRequest(200)) - 33002f53-59d2-46ae-91ae-843eaa52c7d0@group-03260B50B3E1->e3c513c6-7b5b-430b-887c-eb88026c45f2-GrpcLogAppender: appendEntries Timeout, request=33002f53-59d2-46ae-91ae-843eaa52c7d0->e3c513c6-7b5b-430b-887c-eb88026c45f2#139-t1, previous=(t:1, i:18), leaderCommit=12, initializing? false, entries: <empty>
2019-09-16 16:35:29,183 [java.util.concurrent.ThreadPoolExecutor$Worker@5dad4454[State = -1, empty queue]] WARN  server.GrpcLogAppender (GrpcLogAppender.java:timeoutAppendRequest(200)) - 33002f53-59d2-46ae-91ae-843eaa52c7d0@group-03260B50B3E1->816c2023-76ea-4558-9da7-70127639a79a-GrpcLogAppender: appendEntries Timeout, request=33002f53-59d2-46ae-91ae-843eaa52c7d0->816c2023-76ea-4558-9da7-70127639a79a#139-t1, previous=(t:1, i:18), leaderCommit=12, initializing? false, entries: <empty>
2019-09-16 16:35:29,668 [grpc-default-executor-2] INFO  client.GrpcClientProtocolClient (GrpcClientProtocolClient.java:onNext(264)) - client-2CBA63CDBB2F->e3c513c6-7b5b-430b-887c-eb88026c45f2: receive RaftClientReply:client-2CBA63CDBB2F->e3c513c6-7b5b-430b-887c-eb88026c45f2@group-03260B50B3E1, cid=36, FAILED org.apache.ratis.protocol.NotLeaderException: Server e3c513c6-7b5b-430b-887c-eb88026c45f2@group-03260B50B3E1 is not the leader 33002f53-59d2-46ae-91ae-843eaa52c7d0:192.168.5.183:46255, logIndex=0, commits[e3c513c6-7b5b-430b-887c-eb88026c45f2:c12, 33002f53-59d2-46ae-91ae-843eaa52c7d0:c12, 816c2023-76ea-4558-9da7-70127639a79a:c10]
2019-09-16 16:35:31,683 [java.util.concurrent.ThreadPoolExecutor$Worker@25934a47[State = -1, empty queue]] WARN  server.GrpcLogAppender (GrpcLogAppender.java:timeoutAppendRequest(200)) - 33002f53-59d2-46ae-91ae-843eaa52c7d0@group-03260B50B3E1->e3c513c6-7b5b-430b-887c-eb88026c45f2-GrpcLogAppender: appendEntries Timeout, request=33002f53-59d2-46ae-91ae-843eaa52c7d0->e3c513c6-7b5b-430b-887c-eb88026c45f2#140-t1, previous=(t:1, i:18), leaderCommit=12, initializing? false, entries: <empty>
2019-09-16 16:35:31,683 [java.util.concurrent.ThreadPoolExecutor$Worker@5dad4454[State = -1, empty queue]] WARN  server.GrpcLogAppender (GrpcLogAppender.java:timeoutAppendRequest(200)) - 33002f53-59d2-46ae-91ae-843eaa52c7d0@group-03260B50B3E1->816c2023-76ea-4558-9da7-70127639a79a-GrpcLogAppender: appendEntries Timeout, request=33002f53-59d2-46ae-91ae-843eaa52c7d0->816c2023-76ea-4558-9da7-70127639a79a#140-t1, previous=(t:1, i:18), leaderCommit=12, initializing? false, entries: <empty>
2019-09-16 16:35:33,658 [33002f53-59d2-46ae-91ae-843eaa52c7d0@group-03260B50B3E1-SegmentedRaftLogWorker] WARN  segmented.SegmentedRaftLogWorker (SegmentedRaftLogWorker.java:getFromFuture(90)) - Timeout 11/~
org.apache.ratis.protocol.TimeoutIOException: Timeout 10s: WriteLog:13: (t:1, i:13), STATEMACHINELOGENTRY, client-2CBA63CDBB2F, cid=36-writeStateMachineData
	at org.apache.ratis.util.IOUtils.getFromFuture(IOUtils.java:87)
	at org.apache.ratis.server.raftlog.segmented.SegmentedRaftLogWorker$StateMachineDataPolicy.getFromFuture(SegmentedRaftLogWorker.java:87)
	at org.apache.ratis.server.raftlog.segmented.SegmentedRaftLogWorker$WriteLog.execute(SegmentedRaftLogWorker.java:477)
	at org.apache.ratis.server.raftlog.segmented.SegmentedRaftLogWorker.run(SegmentedRaftLogWorker.java:289)
	at java.lang.Thread.run(Thread.java:748)
Caused by: java.util.concurrent.TimeoutException
	at java.util.concurrent.CompletableFuture.timedGet(CompletableFuture.java:1771)
	at java.util.concurrent.CompletableFuture.get(CompletableFuture.java:1915)
	at org.apache.ratis.util.IOUtils.getFromFuture(IOUtils.java:79)
	... 4 more
2019-09-16 16:35:33,677 [816c2023-76ea-4558-9da7-70127639a79a@group-03260B50B3E1-SegmentedRaftLogWorker] WARN  segmented.SegmentedRaftLogWorker (SegmentedRaftLogWorker.java:getFromFuture(90)) - Timeout 11/~
org.apache.ratis.protocol.TimeoutIOException: Timeout 10s: WriteLog:13: (t:1, i:13), STATEMACHINELOGENTRY, client-2CBA63CDBB2F, cid=36-writeStateMachineData
	at org.apache.ratis.util.IOUtils.getFromFuture(IOUtils.java:87)
	at org.apache.ratis.server.raftlog.segmented.SegmentedRaftLogWorker$StateMachineDataPolicy.getFromFuture(SegmentedRaftLogWorker.java:87)
	at org.apache.ratis.server.raftlog.segmented.SegmentedRaftLogWorker$WriteLog.execute(SegmentedRaftLogWorker.java:477)
	at org.apache.ratis.server.raftlog.segmented.SegmentedRaftLogWorker.run(SegmentedRaftLogWorker.java:289)
	at java.lang.Thread.run(Thread.java:748)
Caused by: java.util.concurrent.TimeoutException
	at java.util.concurrent.CompletableFuture.timedGet(CompletableFuture.java:1771)
	at java.util.concurrent.CompletableFuture.get(CompletableFuture.java:1915)
	at org.apache.ratis.util.IOUtils.getFromFuture(IOUtils.java:79)
	... 4 more
2019-09-16 16:35:33,677 [e3c513c6-7b5b-430b-887c-eb88026c45f2@group-03260B50B3E1-SegmentedRaftLogWorker] WARN  segmented.SegmentedRaftLogWorker (SegmentedRaftLogWorker.java:getFromFuture(90)) - Timeout 11/~
org.apache.ratis.protocol.TimeoutIOException: Timeout 10s: WriteLog:13: (t:1, i:13), STATEMACHINELOGENTRY, client-2CBA63CDBB2F, cid=36-writeStateMachineData
	at org.apache.ratis.util.IOUtils.getFromFuture(IOUtils.java:87)
	at org.apache.ratis.server.raftlog.segmented.SegmentedRaftLogWorker$StateMachineDataPolicy.getFromFuture(SegmentedRaftLogWorker.java:87)
	at org.apache.ratis.server.raftlog.segmented.SegmentedRaftLogWorker$WriteLog.execute(SegmentedRaftLogWorker.java:477)
	at org.apache.ratis.server.raftlog.segmented.SegmentedRaftLogWorker.run(SegmentedRaftLogWorker.java:289)
	at java.lang.Thread.run(Thread.java:748)
Caused by: java.util.concurrent.TimeoutException
	at java.util.concurrent.CompletableFuture.timedGet(CompletableFuture.java:1771)
	at java.util.concurrent.CompletableFuture.get(CompletableFuture.java:1915)
	at org.apache.ratis.util.IOUtils.getFromFuture(IOUtils.java:79)
	... 4 more
2019-09-16 16:35:33,686 [org.apache.ratis.server.impl.LogAppender$AppenderDaemon$$Lambda$486/1268950271@7264d23b] ERROR ratis.XceiverServerRatis (XceiverServerRatis.java:triggerPipelineClose(568)) - pipeline Action CLOSE  on pipeline PipelineID=5cfbe3f7-52ce-47b9-acbf-03260b50b3e1.Reason : 33002f53-59d2-46ae-91ae-843eaa52c7d0 has not seen follower/s e3c513c6-7b5b-430b-887c-eb88026c45f2 for 120148ms 816c2023-76ea-4558-9da7-70127639a79a for 120149ms
2019-09-16 16:35:33,686 [org.apache.ratis.server.impl.LogAppender$AppenderDaemon$$Lambda$486/1268950271@149d4023] ERROR ratis.XceiverServerRatis (XceiverServerRatis.java:triggerPipelineClose(568)) - pipeline Action CLOSE  on pipeline PipelineID=5cfbe3f7-52ce-47b9-acbf-03260b50b3e1.Reason : 33002f53-59d2-46ae-91ae-843eaa52c7d0 has not seen follower/s e3c513c6-7b5b-430b-887c-eb88026c45f2 for 120148ms 816c2023-76ea-4558-9da7-70127639a79a for 120149ms
2019-09-16 16:35:33,842 [EventQueue-PipelineActionsForPipelineActionHandler] ERROR pipeline.PipelineActionHandler (PipelineActionHandler.java:onMessage(60)) - Received pipeline action CLOSE for Pipeline[ Id: 5cfbe3f7-52ce-47b9-acbf-03260b50b3e1, Nodes: e3c513c6-7b5b-430b-887c-eb88026c45f2{ip: 192.168.5.183, host: pr-hdds-1054-fkf2j-3502855176, networkLocation: /default-rack, certSerialId: null}816c2023-76ea-4558-9da7-70127639a79a{ip: 192.168.5.183, host: pr-hdds-1054-fkf2j-3502855176, networkLocation: /default-rack, certSerialId: null}33002f53-59d2-46ae-91ae-843eaa52c7d0{ip: 192.168.5.183, host: pr-hdds-1054-fkf2j-3502855176, networkLocation: /default-rack, certSerialId: null}, Type:RATIS, Factor:THREE, State:OPEN] from datanode 33002f53-59d2-46ae-91ae-843eaa52c7d0{ip: 192.168.5.183, host: pr-hdds-1054-fkf2j-3502855176, networkLocation: /default-rack, certSerialId: null}. Reason : 33002f53-59d2-46ae-91ae-843eaa52c7d0 has not seen follower/s e3c513c6-7b5b-430b-887c-eb88026c45f2 for 120148ms 816c2023-76ea-4558-9da7-70127639a79a for 120149ms
2019-09-16 16:35:33,842 [EventQueue-PipelineActionsForPipelineActionHandler] INFO  pipeline.SCMPipelineManager (SCMPipelineManager.java:finalizeAndDestroyPipeline(311)) - destroying pipeline:Pipeline[ Id: 5cfbe3f7-52ce-47b9-acbf-03260b50b3e1, Nodes: e3c513c6-7b5b-430b-887c-eb88026c45f2{ip: 192.168.5.183, host: pr-hdds-1054-fkf2j-3502855176, networkLocation: /default-rack, certSerialId: null}816c2023-76ea-4558-9da7-70127639a79a{ip: 192.168.5.183, host: pr-hdds-1054-fkf2j-3502855176, networkLocation: /default-rack, certSerialId: null}33002f53-59d2-46ae-91ae-843eaa52c7d0{ip: 192.168.5.183, host: pr-hdds-1054-fkf2j-3502855176, networkLocation: /default-rack, certSerialId: null}, Type:RATIS, Factor:THREE, State:OPEN]
2019-09-16 16:35:33,843 [EventQueue-PipelineActionsForPipelineActionHandler] INFO  pipeline.PipelineStateManager (PipelineStateManager.java:finalizePipeline(123)) - Pipeline Pipeline[ Id: 5cfbe3f7-52ce-47b9-acbf-03260b50b3e1, Nodes: e3c513c6-7b5b-430b-887c-eb88026c45f2{ip: 192.168.5.183, host: pr-hdds-1054-fkf2j-3502855176, networkLocation: /default-rack, certSerialId: null}816c2023-76ea-4558-9da7-70127639a79a{ip: 192.168.5.183, host: pr-hdds-1054-fkf2j-3502855176, networkLocation: /default-rack, certSerialId: null}33002f53-59d2-46ae-91ae-843eaa52c7d0{ip: 192.168.5.183, host: pr-hdds-1054-fkf2j-3502855176, networkLocation: /default-rack, certSerialId: null}, Type:RATIS, Factor:THREE, State:CLOSED] moved to CLOSED state
2019-09-16 16:35:33,843 [EventQueue-CloseContainerForCloseContainerEventHandler] INFO  container.CloseContainerEventHandler (CloseContainerEventHandler.java:onMessage(61)) - Close container Event triggered for container : #1
2019-09-16 16:35:33,844 [EventQueue-CloseContainerForCloseContainerEventHandler] INFO  container.CloseContainerEventHandler (CloseContainerEventHandler.java:onMessage(61)) - Close container Event triggered for container : #4
2019-09-16 16:35:33,844 [EventQueue-CloseContainerForCloseContainerEventHandler] INFO  container.CloseContainerEventHandler (CloseContainerEventHandler.java:onMessage(61)) - Close container Event triggered for container : #5
2019-09-16 16:35:34,183 [java.util.concurrent.ThreadPoolExecutor$Worker@5dad4454[State = -1, empty queue]] WARN  server.GrpcLogAppender (GrpcLogAppender.java:timeoutAppendRequest(200)) - 33002f53-59d2-46ae-91ae-843eaa52c7d0@group-03260B50B3E1->816c2023-76ea-4558-9da7-70127639a79a-GrpcLogAppender: appendEntries Timeout, request=33002f53-59d2-46ae-91ae-843eaa52c7d0->816c2023-76ea-4558-9da7-70127639a79a#141-t1, previous=(t:1, i:18), leaderCommit=12, initializing? false, entries: <empty>
2019-09-16 16:35:34,183 [java.util.concurrent.ThreadPoolExecutor$Worker@25934a47[State = -1, empty queue]] WARN  server.GrpcLogAppender (GrpcLogAppender.java:timeoutAppendRequest(200)) - 33002f53-59d2-46ae-91ae-843eaa52c7d0@group-03260B50B3E1->e3c513c6-7b5b-430b-887c-eb88026c45f2-GrpcLogAppender: appendEntries Timeout, request=33002f53-59d2-46ae-91ae-843eaa52c7d0->e3c513c6-7b5b-430b-887c-eb88026c45f2#141-t1, previous=(t:1, i:18), leaderCommit=12, initializing? false, entries: <empty>
2019-09-16 16:35:34,715 [grpc-default-executor-2] INFO  client.GrpcClientProtocolClient (GrpcClientProtocolClient.java:onNext(264)) - client-2CBA63CDBB2F->e3c513c6-7b5b-430b-887c-eb88026c45f2: receive RaftClientReply:client-2CBA63CDBB2F->e3c513c6-7b5b-430b-887c-eb88026c45f2@group-03260B50B3E1, cid=36, FAILED org.apache.ratis.protocol.NotLeaderException: Server e3c513c6-7b5b-430b-887c-eb88026c45f2@group-03260B50B3E1 is not the leader 33002f53-59d2-46ae-91ae-843eaa52c7d0:192.168.5.183:46255, logIndex=0, commits[e3c513c6-7b5b-430b-887c-eb88026c45f2:c12, 33002f53-59d2-46ae-91ae-843eaa52c7d0:c12, 816c2023-76ea-4558-9da7-70127639a79a:c10]
2019-09-16 16:35:35,874 [org.apache.ratis.server.impl.LogAppender$AppenderDaemon$$Lambda$486/1268950271@7264d23b] ERROR ratis.XceiverServerRatis (XceiverServerRatis.java:triggerPipelineClose(568)) - pipeline Action CLOSE  on pipeline PipelineID=5cfbe3f7-52ce-47b9-acbf-03260b50b3e1.Reason : 33002f53-59d2-46ae-91ae-843eaa52c7d0 has not seen follower/s e3c513c6-7b5b-430b-887c-eb88026c45f2 for 122338ms 816c2023-76ea-4558-9da7-70127639a79a for 122339ms
2019-09-16 16:35:35,874 [org.apache.ratis.server.impl.LogAppender$AppenderDaemon$$Lambda$486/1268950271@149d4023] ERROR ratis.XceiverServerRatis (XceiverServerRatis.java:triggerPipelineClose(568)) - pipeline Action CLOSE  on pipeline PipelineID=5cfbe3f7-52ce-47b9-acbf-03260b50b3e1.Reason : 33002f53-59d2-46ae-91ae-843eaa52c7d0 has not seen follower/s e3c513c6-7b5b-430b-887c-eb88026c45f2 for 122338ms 816c2023-76ea-4558-9da7-70127639a79a for 122339ms
2019-09-16 16:35:36,683 [java.util.concurrent.ThreadPoolExecutor$Worker@25934a47[State = -1, empty queue]] WARN  server.GrpcLogAppender (GrpcLogAppender.java:timeoutAppendRequest(200)) - 33002f53-59d2-46ae-91ae-843eaa52c7d0@group-03260B50B3E1->e3c513c6-7b5b-430b-887c-eb88026c45f2-GrpcLogAppender: appendEntries Timeout, request=33002f53-59d2-46ae-91ae-843eaa52c7d0->e3c513c6-7b5b-430b-887c-eb88026c45f2#142-t1, previous=(t:1, i:18), leaderCommit=12, initializing? false, entries: <empty>
2019-09-16 16:35:36,683 [java.util.concurrent.ThreadPoolExecutor$Worker@5dad4454[State = -1, empty queue]] WARN  server.GrpcLogAppender (GrpcLogAppender.java:timeoutAppendRequest(200)) - 33002f53-59d2-46ae-91ae-843eaa52c7d0@group-03260B50B3E1->816c2023-76ea-4558-9da7-70127639a79a-GrpcLogAppender: appendEntries Timeout, request=33002f53-59d2-46ae-91ae-843eaa52c7d0->816c2023-76ea-4558-9da7-70127639a79a#142-t1, previous=(t:1, i:18), leaderCommit=12, initializing? false, entries: <empty>
2019-09-16 16:35:36,874 [EventQueue-PipelineActionsForPipelineActionHandler] ERROR pipeline.PipelineActionHandler (PipelineActionHandler.java:onMessage(60)) - Received pipeline action CLOSE for Pipeline[ Id: 5cfbe3f7-52ce-47b9-acbf-03260b50b3e1, Nodes: e3c513c6-7b5b-430b-887c-eb88026c45f2{ip: 192.168.5.183, host: pr-hdds-1054-fkf2j-3502855176, networkLocation: /default-rack, certSerialId: null}816c2023-76ea-4558-9da7-70127639a79a{ip: 192.168.5.183, host: pr-hdds-1054-fkf2j-3502855176, networkLocation: /default-rack, certSerialId: null}33002f53-59d2-46ae-91ae-843eaa52c7d0{ip: 192.168.5.183, host: pr-hdds-1054-fkf2j-3502855176, networkLocation: /default-rack, certSerialId: null}, Type:RATIS, Factor:THREE, State:CLOSED] from datanode 33002f53-59d2-46ae-91ae-843eaa52c7d0{ip: 192.168.5.183, host: pr-hdds-1054-fkf2j-3502855176, networkLocation: /default-rack, certSerialId: null}. Reason : 33002f53-59d2-46ae-91ae-843eaa52c7d0 has not seen follower/s e3c513c6-7b5b-430b-887c-eb88026c45f2 for 122338ms 816c2023-76ea-4558-9da7-70127639a79a for 122339ms
2019-09-16 16:35:36,874 [EventQueue-PipelineActionsForPipelineActionHandler] INFO  pipeline.SCMPipelineManager (SCMPipelineManager.java:finalizeAndDestroyPipeline(311)) - destroying pipeline:Pipeline[ Id: 5cfbe3f7-52ce-47b9-acbf-03260b50b3e1, Nodes: e3c513c6-7b5b-430b-887c-eb88026c45f2{ip: 192.168.5.183, host: pr-hdds-1054-fkf2j-3502855176, networkLocation: /default-rack, certSerialId: null}816c2023-76ea-4558-9da7-70127639a79a{ip: 192.168.5.183, host: pr-hdds-1054-fkf2j-3502855176, networkLocation: /default-rack, certSerialId: null}33002f53-59d2-46ae-91ae-843eaa52c7d0{ip: 192.168.5.183, host: pr-hdds-1054-fkf2j-3502855176, networkLocation: /default-rack, certSerialId: null}, Type:RATIS, Factor:THREE, State:CLOSED]
2019-09-16 16:35:38,374 [org.apache.ratis.server.impl.LogAppender$AppenderDaemon$$Lambda$486/1268950271@7264d23b] ERROR ratis.XceiverServerRatis (XceiverServerRatis.java:triggerPipelineClose(568)) - pipeline Action CLOSE  on pipeline PipelineID=5cfbe3f7-52ce-47b9-acbf-03260b50b3e1.Reason : 33002f53-59d2-46ae-91ae-843eaa52c7d0 has not seen follower/s e3c513c6-7b5b-430b-887c-eb88026c45f2 for 124839ms 816c2023-76ea-4558-9da7-70127639a79a for 124840ms
2019-09-16 16:35:38,375 [org.apache.ratis.server.impl.LogAppender$AppenderDaemon$$Lambda$486/1268950271@149d4023] ERROR ratis.XceiverServerRatis (XceiverServerRatis.java:triggerPipelineClose(568)) - pipeline Action CLOSE  on pipeline PipelineID=5cfbe3f7-52ce-47b9-acbf-03260b50b3e1.Reason : 33002f53-59d2-46ae-91ae-843eaa52c7d0 has not seen follower/s e3c513c6-7b5b-430b-887c-eb88026c45f2 for 124839ms 816c2023-76ea-4558-9da7-70127639a79a for 124840ms
2019-09-16 16:35:38,874 [java.util.concurrent.ThreadPoolExecutor$Worker@5dad4454[State = -1, empty queue]] WARN  server.GrpcLogAppender (GrpcLogAppender.java:timeoutAppendRequest(200)) - 33002f53-59d2-46ae-91ae-843eaa52c7d0@group-03260B50B3E1->816c2023-76ea-4558-9da7-70127639a79a-GrpcLogAppender: appendEntries Timeout, request=33002f53-59d2-46ae-91ae-843eaa52c7d0->816c2023-76ea-4558-9da7-70127639a79a#143-t1, previous=(t:1, i:18), leaderCommit=12, initializing? false, entries: size=1, first=(t:1, i:19), STATEMACHINELOGENTRY, client-FCD1DEE0E80C, cid=9
2019-09-16 16:35:38,874 [EventQueue-PipelineActionsForPipelineActionHandler] ERROR pipeline.PipelineActionHandler (PipelineActionHandler.java:onMessage(60)) - Received pipeline action CLOSE for Pipeline[ Id: 5cfbe3f7-52ce-47b9-acbf-03260b50b3e1, Nodes: e3c513c6-7b5b-430b-887c-eb88026c45f2{ip: 192.168.5.183, host: pr-hdds-1054-fkf2j-3502855176, networkLocation: /default-rack, certSerialId: null}816c2023-76ea-4558-9da7-70127639a79a{ip: 192.168.5.183, host: pr-hdds-1054-fkf2j-3502855176, networkLocation: /default-rack, certSerialId: null}33002f53-59d2-46ae-91ae-843eaa52c7d0{ip: 192.168.5.183, host: pr-hdds-1054-fkf2j-3502855176, networkLocation: /default-rack, certSerialId: null}, Type:RATIS, Factor:THREE, State:CLOSED] from datanode 33002f53-59d2-46ae-91ae-843eaa52c7d0{ip: 192.168.5.183, host: pr-hdds-1054-fkf2j-3502855176, networkLocation: /default-rack, certSerialId: null}. Reason : 33002f53-59d2-46ae-91ae-843eaa52c7d0 has not seen follower/s e3c513c6-7b5b-430b-887c-eb88026c45f2 for 124839ms 816c2023-76ea-4558-9da7-70127639a79a for 124840ms
2019-09-16 16:35:38,874 [java.util.concurrent.ThreadPoolExecutor$Worker@25934a47[State = -1, empty queue]] WARN  server.GrpcLogAppender (GrpcLogAppender.java:timeoutAppendRequest(200)) - 33002f53-59d2-46ae-91ae-843eaa52c7d0@group-03260B50B3E1->e3c513c6-7b5b-430b-887c-eb88026c45f2-GrpcLogAppender: appendEntries Timeout, request=33002f53-59d2-46ae-91ae-843eaa52c7d0->e3c513c6-7b5b-430b-887c-eb88026c45f2#143-t1, previous=(t:1, i:18), leaderCommit=12, initializing? false, entries: size=1, first=(t:1, i:19), STATEMACHINELOGENTRY, client-FCD1DEE0E80C, cid=9
2019-09-16 16:35:38,874 [EventQueue-PipelineActionsForPipelineActionHandler] INFO  pipeline.SCMPipelineManager (SCMPipelineManager.java:finalizeAndDestroyPipeline(311)) - destroying pipeline:Pipeline[ Id: 5cfbe3f7-52ce-47b9-acbf-03260b50b3e1, Nodes: e3c513c6-7b5b-430b-887c-eb88026c45f2{ip: 192.168.5.183, host: pr-hdds-1054-fkf2j-3502855176, networkLocation: /default-rack, certSerialId: null}816c2023-76ea-4558-9da7-70127639a79a{ip: 192.168.5.183, host: pr-hdds-1054-fkf2j-3502855176, networkLocation: /default-rack, certSerialId: null}33002f53-59d2-46ae-91ae-843eaa52c7d0{ip: 192.168.5.183, host: pr-hdds-1054-fkf2j-3502855176, networkLocation: /default-rack, certSerialId: null}, Type:RATIS, Factor:THREE, State:CLOSED]
2019-09-16 16:35:39,782 [grpc-default-executor-4] INFO  client.GrpcClientProtocolClient (GrpcClientProtocolClient.java:onNext(264)) - client-2CBA63CDBB2F->816c2023-76ea-4558-9da7-70127639a79a: receive RaftClientReply:client-2CBA63CDBB2F->816c2023-76ea-4558-9da7-70127639a79a@group-03260B50B3E1, cid=36, FAILED org.apache.ratis.protocol.NotLeaderException: Server 816c2023-76ea-4558-9da7-70127639a79a@group-03260B50B3E1 is not the leader 33002f53-59d2-46ae-91ae-843eaa52c7d0:192.168.5.183:46255, logIndex=0, commits[816c2023-76ea-4558-9da7-70127639a79a:c12, e3c513c6-7b5b-430b-887c-eb88026c45f2:c10, 33002f53-59d2-46ae-91ae-843eaa52c7d0:c12]
2019-09-16 16:35:40,875 [org.apache.ratis.server.impl.LogAppender$AppenderDaemon$$Lambda$486/1268950271@7264d23b] ERROR ratis.XceiverServerRatis (XceiverServerRatis.java:triggerPipelineClose(568)) - pipeline Action CLOSE  on pipeline PipelineID=5cfbe3f7-52ce-47b9-acbf-03260b50b3e1.Reason : 33002f53-59d2-46ae-91ae-843eaa52c7d0 has not seen follower/s e3c513c6-7b5b-430b-887c-eb88026c45f2 for 127340ms 816c2023-76ea-4558-9da7-70127639a79a for 127341ms
2019-09-16 16:35:40,875 [org.apache.ratis.server.impl.LogAppender$AppenderDaemon$$Lambda$486/1268950271@149d4023] ERROR ratis.XceiverServerRatis (XceiverServerRatis.java:triggerPipelineClose(568)) - pipeline Action CLOSE  on pipeline PipelineID=5cfbe3f7-52ce-47b9-acbf-03260b50b3e1.Reason : 33002f53-59d2-46ae-91ae-843eaa52c7d0 has not seen follower/s e3c513c6-7b5b-430b-887c-eb88026c45f2 for 127340ms 816c2023-76ea-4558-9da7-70127639a79a for 127341ms
2019-09-16 16:35:41,374 [java.util.concurrent.ThreadPoolExecutor$Worker@5dad4454[State = -1, empty queue]] WARN  server.GrpcLogAppender (GrpcLogAppender.java:timeoutAppendRequest(200)) - 33002f53-59d2-46ae-91ae-843eaa52c7d0@group-03260B50B3E1->816c2023-76ea-4558-9da7-70127639a79a-GrpcLogAppender: appendEntries Timeout, request=33002f53-59d2-46ae-91ae-843eaa52c7d0->816c2023-76ea-4558-9da7-70127639a79a#144-t1, previous=(t:1, i:19), leaderCommit=12, initializing? false, entries: <empty>
2019-09-16 16:35:41,375 [java.util.concurrent.ThreadPoolExecutor$Worker@25934a47[State = -1, empty queue]] WARN  server.GrpcLogAppender (GrpcLogAppender.java:timeoutAppendRequest(200)) - 33002f53-59d2-46ae-91ae-843eaa52c7d0@group-03260B50B3E1->e3c513c6-7b5b-430b-887c-eb88026c45f2-GrpcLogAppender: appendEntries Timeout, request=33002f53-59d2-46ae-91ae-843eaa52c7d0->e3c513c6-7b5b-430b-887c-eb88026c45f2#144-t1, previous=(t:1, i:19), leaderCommit=12, initializing? false, entries: <empty>
2019-09-16 16:35:41,874 [EventQueue-PipelineActionsForPipelineActionHandler] ERROR pipeline.PipelineActionHandler (PipelineActionHandler.java:onMessage(60)) - Received pipeline action CLOSE for Pipeline[ Id: 5cfbe3f7-52ce-47b9-acbf-03260b50b3e1, Nodes: e3c513c6-7b5b-430b-887c-eb88026c45f2{ip: 192.168.5.183, host: pr-hdds-1054-fkf2j-3502855176, networkLocation: /default-rack, certSerialId: null}816c2023-76ea-4558-9da7-70127639a79a{ip: 192.168.5.183, host: pr-hdds-1054-fkf2j-3502855176, networkLocation: /default-rack, certSerialId: null}33002f53-59d2-46ae-91ae-843eaa52c7d0{ip: 192.168.5.183, host: pr-hdds-1054-fkf2j-3502855176, networkLocation: /default-rack, certSerialId: null}, Type:RATIS, Factor:THREE, State:CLOSED] from datanode 33002f53-59d2-46ae-91ae-843eaa52c7d0{ip: 192.168.5.183, host: pr-hdds-1054-fkf2j-3502855176, networkLocation: /default-rack, certSerialId: null}. Reason : 33002f53-59d2-46ae-91ae-843eaa52c7d0 has not seen follower/s e3c513c6-7b5b-430b-887c-eb88026c45f2 for 127340ms 816c2023-76ea-4558-9da7-70127639a79a for 127341ms
2019-09-16 16:35:41,874 [EventQueue-PipelineActionsForPipelineActionHandler] INFO  pipeline.SCMPipelineManager (SCMPipelineManager.java:finalizeAndDestroyPipeline(311)) - destroying pipeline:Pipeline[ Id: 5cfbe3f7-52ce-47b9-acbf-03260b50b3e1, Nodes: e3c513c6-7b5b-430b-887c-eb88026c45f2{ip: 192.168.5.183, host: pr-hdds-1054-fkf2j-3502855176, networkLocation: /default-rack, certSerialId: null}816c2023-76ea-4558-9da7-70127639a79a{ip: 192.168.5.183, host: pr-hdds-1054-fkf2j-3502855176, networkLocation: /default-rack, certSerialId: null}33002f53-59d2-46ae-91ae-843eaa52c7d0{ip: 192.168.5.183, host: pr-hdds-1054-fkf2j-3502855176, networkLocation: /default-rack, certSerialId: null}, Type:RATIS, Factor:THREE, State:CLOSED]
2019-09-16 16:35:43,376 [org.apache.ratis.server.impl.LogAppender$AppenderDaemon$$Lambda$486/1268950271@149d4023] ERROR ratis.XceiverServerRatis (XceiverServerRatis.java:triggerPipelineClose(568)) - pipeline Action CLOSE  on pipeline PipelineID=5cfbe3f7-52ce-47b9-acbf-03260b50b3e1.Reason : 33002f53-59d2-46ae-91ae-843eaa52c7d0 has not seen follower/s e3c513c6-7b5b-430b-887c-eb88026c45f2 for 129841ms 816c2023-76ea-4558-9da7-70127639a79a for 129842ms
2019-09-16 16:35:43,376 [org.apache.ratis.server.impl.LogAppender$AppenderDaemon$$Lambda$486/1268950271@7264d23b] ERROR ratis.XceiverServerRatis (XceiverServerRatis.java:triggerPipelineClose(568)) - pipeline Action CLOSE  on pipeline PipelineID=5cfbe3f7-52ce-47b9-acbf-03260b50b3e1.Reason : 33002f53-59d2-46ae-91ae-843eaa52c7d0 has not seen follower/s e3c513c6-7b5b-430b-887c-eb88026c45f2 for 129841ms 816c2023-76ea-4558-9da7-70127639a79a for 129842ms
2019-09-16 16:35:43,659 [33002f53-59d2-46ae-91ae-843eaa52c7d0@group-03260B50B3E1-SegmentedRaftLogWorker] WARN  segmented.SegmentedRaftLogWorker (SegmentedRaftLogWorker.java:getFromFuture(90)) - Timeout 12/~
org.apache.ratis.protocol.TimeoutIOException: Timeout 10s: WriteLog:13: (t:1, i:13), STATEMACHINELOGENTRY, client-2CBA63CDBB2F, cid=36-writeStateMachineData
	at org.apache.ratis.util.IOUtils.getFromFuture(IOUtils.java:87)
	at org.apache.ratis.server.raftlog.segmented.SegmentedRaftLogWorker$StateMachineDataPolicy.getFromFuture(SegmentedRaftLogWorker.java:87)
	at org.apache.ratis.server.raftlog.segmented.SegmentedRaftLogWorker$WriteLog.execute(SegmentedRaftLogWorker.java:477)
	at org.apache.ratis.server.raftlog.segmented.SegmentedRaftLogWorker.run(SegmentedRaftLogWorker.java:289)
	at java.lang.Thread.run(Thread.java:748)
Caused by: java.util.concurrent.TimeoutException
	at java.util.concurrent.CompletableFuture.timedGet(CompletableFuture.java:1771)
	at java.util.concurrent.CompletableFuture.get(CompletableFuture.java:1915)
	at org.apache.ratis.util.IOUtils.getFromFuture(IOUtils.java:79)
	... 4 more
2019-09-16 16:35:43,678 [816c2023-76ea-4558-9da7-70127639a79a@group-03260B50B3E1-SegmentedRaftLogWorker] WARN  segmented.SegmentedRaftLogWorker (SegmentedRaftLogWorker.java:getFromFuture(90)) - Timeout 12/~
org.apache.ratis.protocol.TimeoutIOException: Timeout 10s: WriteLog:13: (t:1, i:13), STATEMACHINELOGENTRY, client-2CBA63CDBB2F, cid=36-writeStateMachineData
	at org.apache.ratis.util.IOUtils.getFromFuture(IOUtils.java:87)
	at org.apache.ratis.server.raftlog.segmented.SegmentedRaftLogWorker$StateMachineDataPolicy.getFromFuture(SegmentedRaftLogWorker.java:87)
	at org.apache.ratis.server.raftlog.segmented.SegmentedRaftLogWorker$WriteLog.execute(SegmentedRaftLogWorker.java:477)
	at org.apache.ratis.server.raftlog.segmented.SegmentedRaftLogWorker.run(SegmentedRaftLogWorker.java:289)
	at java.lang.Thread.run(Thread.java:748)
Caused by: java.util.concurrent.TimeoutException
	at java.util.concurrent.CompletableFuture.timedGet(CompletableFuture.java:1771)
	at java.util.concurrent.CompletableFuture.get(CompletableFuture.java:1915)
	at org.apache.ratis.util.IOUtils.getFromFuture(IOUtils.java:79)
	... 4 more
2019-09-16 16:35:43,678 [e3c513c6-7b5b-430b-887c-eb88026c45f2@group-03260B50B3E1-SegmentedRaftLogWorker] WARN  segmented.SegmentedRaftLogWorker (SegmentedRaftLogWorker.java:getFromFuture(90)) - Timeout 12/~
org.apache.ratis.protocol.TimeoutIOException: Timeout 10s: WriteLog:13: (t:1, i:13), STATEMACHINELOGENTRY, client-2CBA63CDBB2F, cid=36-writeStateMachineData
	at org.apache.ratis.util.IOUtils.getFromFuture(IOUtils.java:87)
	at org.apache.ratis.server.raftlog.segmented.SegmentedRaftLogWorker$StateMachineDataPolicy.getFromFuture(SegmentedRaftLogWorker.java:87)
	at org.apache.ratis.server.raftlog.segmented.SegmentedRaftLogWorker$WriteLog.execute(SegmentedRaftLogWorker.java:477)
	at org.apache.ratis.server.raftlog.segmented.SegmentedRaftLogWorker.run(SegmentedRaftLogWorker.java:289)
	at java.lang.Thread.run(Thread.java:748)
Caused by: java.util.concurrent.TimeoutException
	at java.util.concurrent.CompletableFuture.timedGet(CompletableFuture.java:1771)
	at java.util.concurrent.CompletableFuture.get(CompletableFuture.java:1915)
	at org.apache.ratis.util.IOUtils.getFromFuture(IOUtils.java:79)
	... 4 more
2019-09-16 16:35:43,875 [EventQueue-PipelineActionsForPipelineActionHandler] ERROR pipeline.PipelineActionHandler (PipelineActionHandler.java:onMessage(60)) - Received pipeline action CLOSE for Pipeline[ Id: 5cfbe3f7-52ce-47b9-acbf-03260b50b3e1, Nodes: e3c513c6-7b5b-430b-887c-eb88026c45f2{ip: 192.168.5.183, host: pr-hdds-1054-fkf2j-3502855176, networkLocation: /default-rack, certSerialId: null}816c2023-76ea-4558-9da7-70127639a79a{ip: 192.168.5.183, host: pr-hdds-1054-fkf2j-3502855176, networkLocation: /default-rack, certSerialId: null}33002f53-59d2-46ae-91ae-843eaa52c7d0{ip: 192.168.5.183, host: pr-hdds-1054-fkf2j-3502855176, networkLocation: /default-rack, certSerialId: null}, Type:RATIS, Factor:THREE, State:CLOSED] from datanode 33002f53-59d2-46ae-91ae-843eaa52c7d0{ip: 192.168.5.183, host: pr-hdds-1054-fkf2j-3502855176, networkLocation: /default-rack, certSerialId: null}. Reason : 33002f53-59d2-46ae-91ae-843eaa52c7d0 has not seen follower/s e3c513c6-7b5b-430b-887c-eb88026c45f2 for 129841ms 816c2023-76ea-4558-9da7-70127639a79a for 129842ms
2019-09-16 16:35:43,875 [java.util.concurrent.ThreadPoolExecutor$Worker@5dad4454[State = -1, empty queue]] WARN  server.GrpcLogAppender (GrpcLogAppender.java:timeoutAppendRequest(200)) - 33002f53-59d2-46ae-91ae-843eaa52c7d0@group-03260B50B3E1->816c2023-76ea-4558-9da7-70127639a79a-GrpcLogAppender: appendEntries Timeout, request=33002f53-59d2-46ae-91ae-843eaa52c7d0->816c2023-76ea-4558-9da7-70127639a79a#145-t1, previous=(t:1, i:19), leaderCommit=12, initializing? false, entries: <empty>
2019-09-16 16:35:43,875 [EventQueue-PipelineActionsForPipelineActionHandler] INFO  pipeline.SCMPipelineManager (SCMPipelineManager.java:finalizeAndDestroyPipeline(311)) - destroying pipeline:Pipeline[ Id: 5cfbe3f7-52ce-47b9-acbf-03260b50b3e1, Nodes: e3c513c6-7b5b-430b-887c-eb88026c45f2{ip: 192.168.5.183, host: pr-hdds-1054-fkf2j-3502855176, networkLocation: /default-rack, certSerialId: null}816c2023-76ea-4558-9da7-70127639a79a{ip: 192.168.5.183, host: pr-hdds-1054-fkf2j-3502855176, networkLocation: /default-rack, certSerialId: null}33002f53-59d2-46ae-91ae-843eaa52c7d0{ip: 192.168.5.183, host: pr-hdds-1054-fkf2j-3502855176, networkLocation: /default-rack, certSerialId: null}, Type:RATIS, Factor:THREE, State:CLOSED]
2019-09-16 16:35:43,875 [java.util.concurrent.ThreadPoolExecutor$Worker@25934a47[State = -1, empty queue]] WARN  server.GrpcLogAppender (GrpcLogAppender.java:timeoutAppendRequest(200)) - 33002f53-59d2-46ae-91ae-843eaa52c7d0@group-03260B50B3E1->e3c513c6-7b5b-430b-887c-eb88026c45f2-GrpcLogAppender: appendEntries Timeout, request=33002f53-59d2-46ae-91ae-843eaa52c7d0->e3c513c6-7b5b-430b-887c-eb88026c45f2#145-t1, previous=(t:1, i:19), leaderCommit=12, initializing? false, entries: <empty>
2019-09-16 16:35:44,815 [grpc-default-executor-4] INFO  client.GrpcClientProtocolClient (GrpcClientProtocolClient.java:onNext(264)) - client-2CBA63CDBB2F->816c2023-76ea-4558-9da7-70127639a79a: receive RaftClientReply:client-2CBA63CDBB2F->816c2023-76ea-4558-9da7-70127639a79a@group-03260B50B3E1, cid=36, FAILED org.apache.ratis.protocol.NotLeaderException: Server 816c2023-76ea-4558-9da7-70127639a79a@group-03260B50B3E1 is not the leader 33002f53-59d2-46ae-91ae-843eaa52c7d0:192.168.5.183:46255, logIndex=0, commits[816c2023-76ea-4558-9da7-70127639a79a:c12, e3c513c6-7b5b-430b-887c-eb88026c45f2:c10, 33002f53-59d2-46ae-91ae-843eaa52c7d0:c12]
2019-09-16 16:35:45,877 [org.apache.ratis.server.impl.LogAppender$AppenderDaemon$$Lambda$486/1268950271@7264d23b] ERROR ratis.XceiverServerRatis (XceiverServerRatis.java:triggerPipelineClose(568)) - pipeline Action CLOSE  on pipeline PipelineID=5cfbe3f7-52ce-47b9-acbf-03260b50b3e1.Reason : 33002f53-59d2-46ae-91ae-843eaa52c7d0 has not seen follower/s e3c513c6-7b5b-430b-887c-eb88026c45f2 for 132342ms 816c2023-76ea-4558-9da7-70127639a79a for 132343ms
2019-09-16 16:35:45,877 [org.apache.ratis.server.impl.LogAppender$AppenderDaemon$$Lambda$486/1268950271@149d4023] ERROR ratis.XceiverServerRatis (XceiverServerRatis.java:triggerPipelineClose(568)) - pipeline Action CLOSE  on pipeline PipelineID=5cfbe3f7-52ce-47b9-acbf-03260b50b3e1.Reason : 33002f53-59d2-46ae-91ae-843eaa52c7d0 has not seen follower/s e3c513c6-7b5b-430b-887c-eb88026c45f2 for 132342ms 816c2023-76ea-4558-9da7-70127639a79a for 132343ms
2019-09-16 16:35:46,376 [java.util.concurrent.ThreadPoolExecutor$Worker@5dad4454[State = -1, empty queue]] WARN  server.GrpcLogAppender (GrpcLogAppender.java:timeoutAppendRequest(200)) - 33002f53-59d2-46ae-91ae-843eaa52c7d0@group-03260B50B3E1->816c2023-76ea-4558-9da7-70127639a79a-GrpcLogAppender: appendEntries Timeout, request=33002f53-59d2-46ae-91ae-843eaa52c7d0->816c2023-76ea-4558-9da7-70127639a79a#146-t1, previous=(t:1, i:19), leaderCommit=12, initializing? false, entries: <empty>
2019-09-16 16:35:46,376 [java.util.concurrent.ThreadPoolExecutor$Worker@25934a47[State = -1, empty queue]] WARN  server.GrpcLogAppender (GrpcLogAppender.java:timeoutAppendRequest(200)) - 33002f53-59d2-46ae-91ae-843eaa52c7d0@group-03260B50B3E1->e3c513c6-7b5b-430b-887c-eb88026c45f2-GrpcLogAppender: appendEntries Timeout, request=33002f53-59d2-46ae-91ae-843eaa52c7d0->e3c513c6-7b5b-430b-887c-eb88026c45f2#146-t1, previous=(t:1, i:19), leaderCommit=12, initializing? false, entries: <empty>
2019-09-16 16:35:46,875 [EventQueue-PipelineActionsForPipelineActionHandler] ERROR pipeline.PipelineActionHandler (PipelineActionHandler.java:onMessage(60)) - Received pipeline action CLOSE for Pipeline[ Id: 5cfbe3f7-52ce-47b9-acbf-03260b50b3e1, Nodes: e3c513c6-7b5b-430b-887c-eb88026c45f2{ip: 192.168.5.183, host: pr-hdds-1054-fkf2j-3502855176, networkLocation: /default-rack, certSerialId: null}816c2023-76ea-4558-9da7-70127639a79a{ip: 192.168.5.183, host: pr-hdds-1054-fkf2j-3502855176, networkLocation: /default-rack, certSerialId: null}33002f53-59d2-46ae-91ae-843eaa52c7d0{ip: 192.168.5.183, host: pr-hdds-1054-fkf2j-3502855176, networkLocation: /default-rack, certSerialId: null}, Type:RATIS, Factor:THREE, State:CLOSED] from datanode 33002f53-59d2-46ae-91ae-843eaa52c7d0{ip: 192.168.5.183, host: pr-hdds-1054-fkf2j-3502855176, networkLocation: /default-rack, certSerialId: null}. Reason : 33002f53-59d2-46ae-91ae-843eaa52c7d0 has not seen follower/s e3c513c6-7b5b-430b-887c-eb88026c45f2 for 132342ms 816c2023-76ea-4558-9da7-70127639a79a for 132343ms
2019-09-16 16:35:46,875 [EventQueue-PipelineActionsForPipelineActionHandler] INFO  pipeline.SCMPipelineManager (SCMPipelineManager.java:finalizeAndDestroyPipeline(311)) - destroying pipeline:Pipeline[ Id: 5cfbe3f7-52ce-47b9-acbf-03260b50b3e1, Nodes: e3c513c6-7b5b-430b-887c-eb88026c45f2{ip: 192.168.5.183, host: pr-hdds-1054-fkf2j-3502855176, networkLocation: /default-rack, certSerialId: null}816c2023-76ea-4558-9da7-70127639a79a{ip: 192.168.5.183, host: pr-hdds-1054-fkf2j-3502855176, networkLocation: /default-rack, certSerialId: null}33002f53-59d2-46ae-91ae-843eaa52c7d0{ip: 192.168.5.183, host: pr-hdds-1054-fkf2j-3502855176, networkLocation: /default-rack, certSerialId: null}, Type:RATIS, Factor:THREE, State:CLOSED]
2019-09-16 16:35:48,378 [org.apache.ratis.server.impl.LogAppender$AppenderDaemon$$Lambda$486/1268950271@149d4023] ERROR ratis.XceiverServerRatis (XceiverServerRatis.java:triggerPipelineClose(568)) - pipeline Action CLOSE  on pipeline PipelineID=5cfbe3f7-52ce-47b9-acbf-03260b50b3e1.Reason : 33002f53-59d2-46ae-91ae-843eaa52c7d0 has not seen follower/s e3c513c6-7b5b-430b-887c-eb88026c45f2 for 134843ms 816c2023-76ea-4558-9da7-70127639a79a for 134844ms
2019-09-16 16:35:48,379 [org.apache.ratis.server.impl.LogAppender$AppenderDaemon$$Lambda$486/1268950271@7264d23b] ERROR ratis.XceiverServerRatis (XceiverServerRatis.java:triggerPipelineClose(568)) - pipeline Action CLOSE  on pipeline PipelineID=5cfbe3f7-52ce-47b9-acbf-03260b50b3e1.Reason : 33002f53-59d2-46ae-91ae-843eaa52c7d0 has not seen follower/s e3c513c6-7b5b-430b-887c-eb88026c45f2 for 134843ms 816c2023-76ea-4558-9da7-70127639a79a for 134844ms
2019-09-16 16:35:48,875 [EventQueue-PipelineActionsForPipelineActionHandler] ERROR pipeline.PipelineActionHandler (PipelineActionHandler.java:onMessage(60)) - Received pipeline action CLOSE for Pipeline[ Id: 5cfbe3f7-52ce-47b9-acbf-03260b50b3e1, Nodes: e3c513c6-7b5b-430b-887c-eb88026c45f2{ip: 192.168.5.183, host: pr-hdds-1054-fkf2j-3502855176, networkLocation: /default-rack, certSerialId: null}816c2023-76ea-4558-9da7-70127639a79a{ip: 192.168.5.183, host: pr-hdds-1054-fkf2j-3502855176, networkLocation: /default-rack, certSerialId: null}33002f53-59d2-46ae-91ae-843eaa52c7d0{ip: 192.168.5.183, host: pr-hdds-1054-fkf2j-3502855176, networkLocation: /default-rack, certSerialId: null}, Type:RATIS, Factor:THREE, State:CLOSED] from datanode 33002f53-59d2-46ae-91ae-843eaa52c7d0{ip: 192.168.5.183, host: pr-hdds-1054-fkf2j-3502855176, networkLocation: /default-rack, certSerialId: null}. Reason : 33002f53-59d2-46ae-91ae-843eaa52c7d0 has not seen follower/s e3c513c6-7b5b-430b-887c-eb88026c45f2 for 134843ms 816c2023-76ea-4558-9da7-70127639a79a for 134844ms
2019-09-16 16:35:48,875 [EventQueue-PipelineActionsForPipelineActionHandler] INFO  pipeline.SCMPipelineManager (SCMPipelineManager.java:finalizeAndDestroyPipeline(311)) - destroying pipeline:Pipeline[ Id: 5cfbe3f7-52ce-47b9-acbf-03260b50b3e1, Nodes: e3c513c6-7b5b-430b-887c-eb88026c45f2{ip: 192.168.5.183, host: pr-hdds-1054-fkf2j-3502855176, networkLocation: /default-rack, certSerialId: null}816c2023-76ea-4558-9da7-70127639a79a{ip: 192.168.5.183, host: pr-hdds-1054-fkf2j-3502855176, networkLocation: /default-rack, certSerialId: null}33002f53-59d2-46ae-91ae-843eaa52c7d0{ip: 192.168.5.183, host: pr-hdds-1054-fkf2j-3502855176, networkLocation: /default-rack, certSerialId: null}, Type:RATIS, Factor:THREE, State:CLOSED]
2019-09-16 16:35:48,877 [java.util.concurrent.ThreadPoolExecutor$Worker@25934a47[State = -1, empty queue]] WARN  server.GrpcLogAppender (GrpcLogAppender.java:timeoutAppendRequest(200)) - 33002f53-59d2-46ae-91ae-843eaa52c7d0@group-03260B50B3E1->e3c513c6-7b5b-430b-887c-eb88026c45f2-GrpcLogAppender: appendEntries Timeout, request=33002f53-59d2-46ae-91ae-843eaa52c7d0->e3c513c6-7b5b-430b-887c-eb88026c45f2#147-t1, previous=(t:1, i:19), leaderCommit=12, initializing? false, entries: <empty>
2019-09-16 16:35:48,877 [java.util.concurrent.ThreadPoolExecutor$Worker@5dad4454[State = -1, empty queue]] WARN  server.GrpcLogAppender (GrpcLogAppender.java:timeoutAppendRequest(200)) - 33002f53-59d2-46ae-91ae-843eaa52c7d0@group-03260B50B3E1->816c2023-76ea-4558-9da7-70127639a79a-GrpcLogAppender: appendEntries Timeout, request=33002f53-59d2-46ae-91ae-843eaa52c7d0->816c2023-76ea-4558-9da7-70127639a79a#147-t1, previous=(t:1, i:19), leaderCommit=12, initializing? false, entries: <empty>
2019-09-16 16:35:49,853 [grpc-default-executor-3] INFO  client.GrpcClientProtocolClient (GrpcClientProtocolClient.java:onNext(264)) - client-2CBA63CDBB2F->816c2023-76ea-4558-9da7-70127639a79a: receive RaftClientReply:client-2CBA63CDBB2F->816c2023-76ea-4558-9da7-70127639a79a@group-03260B50B3E1, cid=36, FAILED org.apache.ratis.protocol.NotLeaderException: Server 816c2023-76ea-4558-9da7-70127639a79a@group-03260B50B3E1 is not the leader 33002f53-59d2-46ae-91ae-843eaa52c7d0:192.168.5.183:46255, logIndex=0, commits[816c2023-76ea-4558-9da7-70127639a79a:c12, e3c513c6-7b5b-430b-887c-eb88026c45f2:c10, 33002f53-59d2-46ae-91ae-843eaa52c7d0:c12]
2019-09-16 16:35:50,879 [org.apache.ratis.server.impl.LogAppender$AppenderDaemon$$Lambda$486/1268950271@7264d23b] ERROR ratis.XceiverServerRatis (XceiverServerRatis.java:triggerPipelineClose(568)) - pipeline Action CLOSE  on pipeline PipelineID=5cfbe3f7-52ce-47b9-acbf-03260b50b3e1.Reason : 33002f53-59d2-46ae-91ae-843eaa52c7d0 has not seen follower/s e3c513c6-7b5b-430b-887c-eb88026c45f2 for 137344ms 816c2023-76ea-4558-9da7-70127639a79a for 137345ms
2019-09-16 16:35:50,879 [org.apache.ratis.server.impl.LogAppender$AppenderDaemon$$Lambda$486/1268950271@149d4023] ERROR ratis.XceiverServerRatis (XceiverServerRatis.java:triggerPipelineClose(568)) - pipeline Action CLOSE  on pipeline PipelineID=5cfbe3f7-52ce-47b9-acbf-03260b50b3e1.Reason : 33002f53-59d2-46ae-91ae-843eaa52c7d0 has not seen follower/s e3c513c6-7b5b-430b-887c-eb88026c45f2 for 137344ms 816c2023-76ea-4558-9da7-70127639a79a for 137345ms
2019-09-16 16:35:51,378 [java.util.concurrent.ThreadPoolExecutor$Worker@5dad4454[State = -1, empty queue]] WARN  server.GrpcLogAppender (GrpcLogAppender.java:timeoutAppendRequest(200)) - 33002f53-59d2-46ae-91ae-843eaa52c7d0@group-03260B50B3E1->816c2023-76ea-4558-9da7-70127639a79a-GrpcLogAppender: appendEntries Timeout, request=33002f53-59d2-46ae-91ae-843eaa52c7d0->816c2023-76ea-4558-9da7-70127639a79a#148-t1, previous=(t:1, i:19), leaderCommit=12, initializing? false, entries: <empty>
2019-09-16 16:35:51,378 [java.util.concurrent.ThreadPoolExecutor$Worker@25934a47[State = -1, empty queue]] WARN  server.GrpcLogAppender (GrpcLogAppender.java:timeoutAppendRequest(200)) - 33002f53-59d2-46ae-91ae-843eaa52c7d0@group-03260B50B3E1->e3c513c6-7b5b-430b-887c-eb88026c45f2-GrpcLogAppender: appendEntries Timeout, request=33002f53-59d2-46ae-91ae-843eaa52c7d0->e3c513c6-7b5b-430b-887c-eb88026c45f2#148-t1, previous=(t:1, i:19), leaderCommit=12, initializing? false, entries: <empty>
2019-09-16 16:35:51,876 [EventQueue-PipelineActionsForPipelineActionHandler] ERROR pipeline.PipelineActionHandler (PipelineActionHandler.java:onMessage(60)) - Received pipeline action CLOSE for Pipeline[ Id: 5cfbe3f7-52ce-47b9-acbf-03260b50b3e1, Nodes: e3c513c6-7b5b-430b-887c-eb88026c45f2{ip: 192.168.5.183, host: pr-hdds-1054-fkf2j-3502855176, networkLocation: /default-rack, certSerialId: null}816c2023-76ea-4558-9da7-70127639a79a{ip: 192.168.5.183, host: pr-hdds-1054-fkf2j-3502855176, networkLocation: /default-rack, certSerialId: null}33002f53-59d2-46ae-91ae-843eaa52c7d0{ip: 192.168.5.183, host: pr-hdds-1054-fkf2j-3502855176, networkLocation: /default-rack, certSerialId: null}, Type:RATIS, Factor:THREE, State:CLOSED] from datanode 33002f53-59d2-46ae-91ae-843eaa52c7d0{ip: 192.168.5.183, host: pr-hdds-1054-fkf2j-3502855176, networkLocation: /default-rack, certSerialId: null}. Reason : 33002f53-59d2-46ae-91ae-843eaa52c7d0 has not seen follower/s e3c513c6-7b5b-430b-887c-eb88026c45f2 for 137344ms 816c2023-76ea-4558-9da7-70127639a79a for 137345ms
2019-09-16 16:35:51,876 [EventQueue-PipelineActionsForPipelineActionHandler] INFO  pipeline.SCMPipelineManager (SCMPipelineManager.java:finalizeAndDestroyPipeline(311)) - destroying pipeline:Pipeline[ Id: 5cfbe3f7-52ce-47b9-acbf-03260b50b3e1, Nodes: e3c513c6-7b5b-430b-887c-eb88026c45f2{ip: 192.168.5.183, host: pr-hdds-1054-fkf2j-3502855176, networkLocation: /default-rack, certSerialId: null}816c2023-76ea-4558-9da7-70127639a79a{ip: 192.168.5.183, host: pr-hdds-1054-fkf2j-3502855176, networkLocation: /default-rack, certSerialId: null}33002f53-59d2-46ae-91ae-843eaa52c7d0{ip: 192.168.5.183, host: pr-hdds-1054-fkf2j-3502855176, networkLocation: /default-rack, certSerialId: null}, Type:RATIS, Factor:THREE, State:CLOSED]
2019-09-16 16:35:53,381 [org.apache.ratis.server.impl.LogAppender$AppenderDaemon$$Lambda$486/1268950271@149d4023] ERROR ratis.XceiverServerRatis (XceiverServerRatis.java:triggerPipelineClose(568)) - pipeline Action CLOSE  on pipeline PipelineID=5cfbe3f7-52ce-47b9-acbf-03260b50b3e1.Reason : 33002f53-59d2-46ae-91ae-843eaa52c7d0 has not seen follower/s e3c513c6-7b5b-430b-887c-eb88026c45f2 for 139845ms 816c2023-76ea-4558-9da7-70127639a79a for 139846ms
2019-09-16 16:35:53,381 [org.apache.ratis.server.impl.LogAppender$AppenderDaemon$$Lambda$486/1268950271@7264d23b] ERROR ratis.XceiverServerRatis (XceiverServerRatis.java:triggerPipelineClose(568)) - pipeline Action CLOSE  on pipeline PipelineID=5cfbe3f7-52ce-47b9-acbf-03260b50b3e1.Reason : 33002f53-59d2-46ae-91ae-843eaa52c7d0 has not seen follower/s e3c513c6-7b5b-430b-887c-eb88026c45f2 for 139845ms 816c2023-76ea-4558-9da7-70127639a79a for 139846ms
2019-09-16 16:35:53,660 [33002f53-59d2-46ae-91ae-843eaa52c7d0@group-03260B50B3E1-SegmentedRaftLogWorker] WARN  segmented.SegmentedRaftLogWorker (SegmentedRaftLogWorker.java:getFromFuture(90)) - Timeout 13/~
org.apache.ratis.protocol.TimeoutIOException: Timeout 10s: WriteLog:13: (t:1, i:13), STATEMACHINELOGENTRY, client-2CBA63CDBB2F, cid=36-writeStateMachineData
	at org.apache.ratis.util.IOUtils.getFromFuture(IOUtils.java:87)
	at org.apache.ratis.server.raftlog.segmented.SegmentedRaftLogWorker$StateMachineDataPolicy.getFromFuture(SegmentedRaftLogWorker.java:87)
	at org.apache.ratis.server.raftlog.segmented.SegmentedRaftLogWorker$WriteLog.execute(SegmentedRaftLogWorker.java:477)
	at org.apache.ratis.server.raftlog.segmented.SegmentedRaftLogWorker.run(SegmentedRaftLogWorker.java:289)
	at java.lang.Thread.run(Thread.java:748)
Caused by: java.util.concurrent.TimeoutException
	at java.util.concurrent.CompletableFuture.timedGet(CompletableFuture.java:1771)
	at java.util.concurrent.CompletableFuture.get(CompletableFuture.java:1915)
	at org.apache.ratis.util.IOUtils.getFromFuture(IOUtils.java:79)
	... 4 more
2019-09-16 16:35:53,678 [816c2023-76ea-4558-9da7-70127639a79a@group-03260B50B3E1-SegmentedRaftLogWorker] WARN  segmented.SegmentedRaftLogWorker (SegmentedRaftLogWorker.java:getFromFuture(90)) - Timeout 13/~
org.apache.ratis.protocol.TimeoutIOException: Timeout 10s: WriteLog:13: (t:1, i:13), STATEMACHINELOGENTRY, client-2CBA63CDBB2F, cid=36-writeStateMachineData
	at org.apache.ratis.util.IOUtils.getFromFuture(IOUtils.java:87)
	at org.apache.ratis.server.raftlog.segmented.SegmentedRaftLogWorker$StateMachineDataPolicy.getFromFuture(SegmentedRaftLogWorker.java:87)
	at org.apache.ratis.server.raftlog.segmented.SegmentedRaftLogWorker$WriteLog.execute(SegmentedRaftLogWorker.java:477)
	at org.apache.ratis.server.raftlog.segmented.SegmentedRaftLogWorker.run(SegmentedRaftLogWorker.java:289)
	at java.lang.Thread.run(Thread.java:748)
Caused by: java.util.concurrent.TimeoutException
	at java.util.concurrent.CompletableFuture.timedGet(CompletableFuture.java:1771)
	at java.util.concurrent.CompletableFuture.get(CompletableFuture.java:1915)
	at org.apache.ratis.util.IOUtils.getFromFuture(IOUtils.java:79)
	... 4 more
2019-09-16 16:35:53,679 [e3c513c6-7b5b-430b-887c-eb88026c45f2@group-03260B50B3E1-SegmentedRaftLogWorker] WARN  segmented.SegmentedRaftLogWorker (SegmentedRaftLogWorker.java:getFromFuture(90)) - Timeout 13/~
org.apache.ratis.protocol.TimeoutIOException: Timeout 10s: WriteLog:13: (t:1, i:13), STATEMACHINELOGENTRY, client-2CBA63CDBB2F, cid=36-writeStateMachineData
	at org.apache.ratis.util.IOUtils.getFromFuture(IOUtils.java:87)
	at org.apache.ratis.server.raftlog.segmented.SegmentedRaftLogWorker$StateMachineDataPolicy.getFromFuture(SegmentedRaftLogWorker.java:87)
	at org.apache.ratis.server.raftlog.segmented.SegmentedRaftLogWorker$WriteLog.execute(SegmentedRaftLogWorker.java:477)
	at org.apache.ratis.server.raftlog.segmented.SegmentedRaftLogWorker.run(SegmentedRaftLogWorker.java:289)
	at java.lang.Thread.run(Thread.java:748)
Caused by: java.util.concurrent.TimeoutException
	at java.util.concurrent.CompletableFuture.timedGet(CompletableFuture.java:1771)
	at java.util.concurrent.CompletableFuture.get(CompletableFuture.java:1915)
	at org.apache.ratis.util.IOUtils.getFromFuture(IOUtils.java:79)
	... 4 more
2019-09-16 16:35:53,897 [java.util.concurrent.ThreadPoolExecutor$Worker@5dad4454[State = -1, empty queue]] WARN  server.GrpcLogAppender (GrpcLogAppender.java:timeoutAppendRequest(200)) - 33002f53-59d2-46ae-91ae-843eaa52c7d0@group-03260B50B3E1->816c2023-76ea-4558-9da7-70127639a79a-GrpcLogAppender: appendEntries Timeout, request=33002f53-59d2-46ae-91ae-843eaa52c7d0->816c2023-76ea-4558-9da7-70127639a79a#149-t1, previous=(t:1, i:19), leaderCommit=12, initializing? false, entries: <empty>
2019-09-16 16:35:53,897 [java.util.concurrent.ThreadPoolExecutor$Worker@25934a47[State = -1, empty queue]] WARN  server.GrpcLogAppender (GrpcLogAppender.java:timeoutAppendRequest(200)) - 33002f53-59d2-46ae-91ae-843eaa52c7d0@group-03260B50B3E1->e3c513c6-7b5b-430b-887c-eb88026c45f2-GrpcLogAppender: appendEntries Timeout, request=33002f53-59d2-46ae-91ae-843eaa52c7d0->e3c513c6-7b5b-430b-887c-eb88026c45f2#149-t1, previous=(t:1, i:19), leaderCommit=12, initializing? false, entries: <empty>
2019-09-16 16:35:53,912 [EventQueue-PipelineActionsForPipelineActionHandler] ERROR pipeline.PipelineActionHandler (PipelineActionHandler.java:onMessage(60)) - Received pipeline action CLOSE for Pipeline[ Id: 5cfbe3f7-52ce-47b9-acbf-03260b50b3e1, Nodes: e3c513c6-7b5b-430b-887c-eb88026c45f2{ip: 192.168.5.183, host: pr-hdds-1054-fkf2j-3502855176, networkLocation: /default-rack, certSerialId: null}816c2023-76ea-4558-9da7-70127639a79a{ip: 192.168.5.183, host: pr-hdds-1054-fkf2j-3502855176, networkLocation: /default-rack, certSerialId: null}33002f53-59d2-46ae-91ae-843eaa52c7d0{ip: 192.168.5.183, host: pr-hdds-1054-fkf2j-3502855176, networkLocation: /default-rack, certSerialId: null}, Type:RATIS, Factor:THREE, State:CLOSED] from datanode 33002f53-59d2-46ae-91ae-843eaa52c7d0{ip: 192.168.5.183, host: pr-hdds-1054-fkf2j-3502855176, networkLocation: /default-rack, certSerialId: null}. Reason : 33002f53-59d2-46ae-91ae-843eaa52c7d0 has not seen follower/s e3c513c6-7b5b-430b-887c-eb88026c45f2 for 139845ms 816c2023-76ea-4558-9da7-70127639a79a for 139846ms
2019-09-16 16:35:53,913 [EventQueue-PipelineActionsForPipelineActionHandler] INFO  pipeline.SCMPipelineManager (SCMPipelineManager.java:finalizeAndDestroyPipeline(311)) - destroying pipeline:Pipeline[ Id: 5cfbe3f7-52ce-47b9-acbf-03260b50b3e1, Nodes: e3c513c6-7b5b-430b-887c-eb88026c45f2{ip: 192.168.5.183, host: pr-hdds-1054-fkf2j-3502855176, networkLocation: /default-rack, certSerialId: null}816c2023-76ea-4558-9da7-70127639a79a{ip: 192.168.5.183, host: pr-hdds-1054-fkf2j-3502855176, networkLocation: /default-rack, certSerialId: null}33002f53-59d2-46ae-91ae-843eaa52c7d0{ip: 192.168.5.183, host: pr-hdds-1054-fkf2j-3502855176, networkLocation: /default-rack, certSerialId: null}, Type:RATIS, Factor:THREE, State:CLOSED]
2019-09-16 16:35:54,931 [grpc-default-executor-3] INFO  client.GrpcClientProtocolClient (GrpcClientProtocolClient.java:onNext(264)) - client-2CBA63CDBB2F->816c2023-76ea-4558-9da7-70127639a79a: receive RaftClientReply:client-2CBA63CDBB2F->816c2023-76ea-4558-9da7-70127639a79a@group-03260B50B3E1, cid=36, FAILED org.apache.ratis.protocol.NotLeaderException: Server 816c2023-76ea-4558-9da7-70127639a79a@group-03260B50B3E1 is not the leader 33002f53-59d2-46ae-91ae-843eaa52c7d0:192.168.5.183:46255, logIndex=0, commits[816c2023-76ea-4558-9da7-70127639a79a:c12, e3c513c6-7b5b-430b-887c-eb88026c45f2:c10, 33002f53-59d2-46ae-91ae-843eaa52c7d0:c12]
2019-09-16 16:35:55,882 [org.apache.ratis.server.impl.LogAppender$AppenderDaemon$$Lambda$486/1268950271@149d4023] ERROR ratis.XceiverServerRatis (XceiverServerRatis.java:triggerPipelineClose(568)) - pipeline Action CLOSE  on pipeline PipelineID=5cfbe3f7-52ce-47b9-acbf-03260b50b3e1.Reason : 33002f53-59d2-46ae-91ae-843eaa52c7d0 has not seen follower/s e3c513c6-7b5b-430b-887c-eb88026c45f2 for 142346ms 816c2023-76ea-4558-9da7-70127639a79a for 142347ms
2019-09-16 16:35:55,882 [org.apache.ratis.server.impl.LogAppender$AppenderDaemon$$Lambda$486/1268950271@7264d23b] ERROR ratis.XceiverServerRatis (XceiverServerRatis.java:triggerPipelineClose(568)) - pipeline Action CLOSE  on pipeline PipelineID=5cfbe3f7-52ce-47b9-acbf-03260b50b3e1.Reason : 33002f53-59d2-46ae-91ae-843eaa52c7d0 has not seen follower/s e3c513c6-7b5b-430b-887c-eb88026c45f2 for 142346ms 816c2023-76ea-4558-9da7-70127639a79a for 142347ms
2019-09-16 16:35:56,380 [java.util.concurrent.ThreadPoolExecutor$Worker@5dad4454[State = -1, empty queue]] WARN  server.GrpcLogAppender (GrpcLogAppender.java:timeoutAppendRequest(200)) - 33002f53-59d2-46ae-91ae-843eaa52c7d0@group-03260B50B3E1->816c2023-76ea-4558-9da7-70127639a79a-GrpcLogAppender: appendEntries Timeout, request=33002f53-59d2-46ae-91ae-843eaa52c7d0->816c2023-76ea-4558-9da7-70127639a79a#150-t1, previous=(t:1, i:19), leaderCommit=12, initializing? false, entries: <empty>
2019-09-16 16:35:56,380 [java.util.concurrent.ThreadPoolExecutor$Worker@25934a47[State = -1, empty queue]] WARN  server.GrpcLogAppender (GrpcLogAppender.java:timeoutAppendRequest(200)) - 33002f53-59d2-46ae-91ae-843eaa52c7d0@group-03260B50B3E1->e3c513c6-7b5b-430b-887c-eb88026c45f2-GrpcLogAppender: appendEntries Timeout, request=33002f53-59d2-46ae-91ae-843eaa52c7d0->e3c513c6-7b5b-430b-887c-eb88026c45f2#150-t1, previous=(t:1, i:19), leaderCommit=12, initializing? false, entries: <empty>
2019-09-16 16:35:56,877 [EventQueue-PipelineActionsForPipelineActionHandler] ERROR pipeline.PipelineActionHandler (PipelineActionHandler.java:onMessage(60)) - Received pipeline action CLOSE for Pipeline[ Id: 5cfbe3f7-52ce-47b9-acbf-03260b50b3e1, Nodes: e3c513c6-7b5b-430b-887c-eb88026c45f2{ip: 192.168.5.183, host: pr-hdds-1054-fkf2j-3502855176, networkLocation: /default-rack, certSerialId: null}816c2023-76ea-4558-9da7-70127639a79a{ip: 192.168.5.183, host: pr-hdds-1054-fkf2j-3502855176, networkLocation: /default-rack, certSerialId: null}33002f53-59d2-46ae-91ae-843eaa52c7d0{ip: 192.168.5.183, host: pr-hdds-1054-fkf2j-3502855176, networkLocation: /default-rack, certSerialId: null}, Type:RATIS, Factor:THREE, State:CLOSED] from datanode 33002f53-59d2-46ae-91ae-843eaa52c7d0{ip: 192.168.5.183, host: pr-hdds-1054-fkf2j-3502855176, networkLocation: /default-rack, certSerialId: null}. Reason : 33002f53-59d2-46ae-91ae-843eaa52c7d0 has not seen follower/s e3c513c6-7b5b-430b-887c-eb88026c45f2 for 142346ms 816c2023-76ea-4558-9da7-70127639a79a for 142347ms
2019-09-16 16:35:56,877 [EventQueue-PipelineActionsForPipelineActionHandler] INFO  pipeline.SCMPipelineManager (SCMPipelineManager.java:finalizeAndDestroyPipeline(311)) - destroying pipeline:Pipeline[ Id: 5cfbe3f7-52ce-47b9-acbf-03260b50b3e1, Nodes: e3c513c6-7b5b-430b-887c-eb88026c45f2{ip: 192.168.5.183, host: pr-hdds-1054-fkf2j-3502855176, networkLocation: /default-rack, certSerialId: null}816c2023-76ea-4558-9da7-70127639a79a{ip: 192.168.5.183, host: pr-hdds-1054-fkf2j-3502855176, networkLocation: /default-rack, certSerialId: null}33002f53-59d2-46ae-91ae-843eaa52c7d0{ip: 192.168.5.183, host: pr-hdds-1054-fkf2j-3502855176, networkLocation: /default-rack, certSerialId: null}, Type:RATIS, Factor:THREE, State:CLOSED]
2019-09-16 16:35:58,383 [org.apache.ratis.server.impl.LogAppender$AppenderDaemon$$Lambda$486/1268950271@149d4023] ERROR ratis.XceiverServerRatis (XceiverServerRatis.java:triggerPipelineClose(568)) - pipeline Action CLOSE  on pipeline PipelineID=5cfbe3f7-52ce-47b9-acbf-03260b50b3e1.Reason : 33002f53-59d2-46ae-91ae-843eaa52c7d0 has not seen follower/s e3c513c6-7b5b-430b-887c-eb88026c45f2 for 144847ms 816c2023-76ea-4558-9da7-70127639a79a for 144848ms
2019-09-16 16:35:58,383 [org.apache.ratis.server.impl.LogAppender$AppenderDaemon$$Lambda$486/1268950271@7264d23b] ERROR ratis.XceiverServerRatis (XceiverServerRatis.java:triggerPipelineClose(568)) - pipeline Action CLOSE  on pipeline PipelineID=5cfbe3f7-52ce-47b9-acbf-03260b50b3e1.Reason : 33002f53-59d2-46ae-91ae-843eaa52c7d0 has not seen follower/s e3c513c6-7b5b-430b-887c-eb88026c45f2 for 144847ms 816c2023-76ea-4558-9da7-70127639a79a for 144848ms
2019-09-16 16:35:58,876 [EventQueue-PipelineActionsForPipelineActionHandler] ERROR pipeline.PipelineActionHandler (PipelineActionHandler.java:onMessage(60)) - Received pipeline action CLOSE for Pipeline[ Id: 5cfbe3f7-52ce-47b9-acbf-03260b50b3e1, Nodes: e3c513c6-7b5b-430b-887c-eb88026c45f2{ip: 192.168.5.183, host: pr-hdds-1054-fkf2j-3502855176, networkLocation: /default-rack, certSerialId: null}816c2023-76ea-4558-9da7-70127639a79a{ip: 192.168.5.183, host: pr-hdds-1054-fkf2j-3502855176, networkLocation: /default-rack, certSerialId: null}33002f53-59d2-46ae-91ae-843eaa52c7d0{ip: 192.168.5.183, host: pr-hdds-1054-fkf2j-3502855176, networkLocation: /default-rack, certSerialId: null}, Type:RATIS, Factor:THREE, State:CLOSED] from datanode 33002f53-59d2-46ae-91ae-843eaa52c7d0{ip: 192.168.5.183, host: pr-hdds-1054-fkf2j-3502855176, networkLocation: /default-rack, certSerialId: null}. Reason : 33002f53-59d2-46ae-91ae-843eaa52c7d0 has not seen follower/s e3c513c6-7b5b-430b-887c-eb88026c45f2 for 144847ms 816c2023-76ea-4558-9da7-70127639a79a for 144848ms
2019-09-16 16:35:58,876 [EventQueue-PipelineActionsForPipelineActionHandler] INFO  pipeline.SCMPipelineManager (SCMPipelineManager.java:finalizeAndDestroyPipeline(311)) - destroying pipeline:Pipeline[ Id: 5cfbe3f7-52ce-47b9-acbf-03260b50b3e1, Nodes: e3c513c6-7b5b-430b-887c-eb88026c45f2{ip: 192.168.5.183, host: pr-hdds-1054-fkf2j-3502855176, networkLocation: /default-rack, certSerialId: null}816c2023-76ea-4558-9da7-70127639a79a{ip: 192.168.5.183, host: pr-hdds-1054-fkf2j-3502855176, networkLocation: /default-rack, certSerialId: null}33002f53-59d2-46ae-91ae-843eaa52c7d0{ip: 192.168.5.183, host: pr-hdds-1054-fkf2j-3502855176, networkLocation: /default-rack, certSerialId: null}, Type:RATIS, Factor:THREE, State:CLOSED]
2019-09-16 16:35:58,881 [java.util.concurrent.ThreadPoolExecutor$Worker@25934a47[State = -1, empty queue]] WARN  server.GrpcLogAppender (GrpcLogAppender.java:timeoutAppendRequest(200)) - 33002f53-59d2-46ae-91ae-843eaa52c7d0@group-03260B50B3E1->e3c513c6-7b5b-430b-887c-eb88026c45f2-GrpcLogAppender: appendEntries Timeout, request=33002f53-59d2-46ae-91ae-843eaa52c7d0->e3c513c6-7b5b-430b-887c-eb88026c45f2#151-t1, previous=(t:1, i:19), leaderCommit=12, initializing? false, entries: <empty>
2019-09-16 16:35:58,882 [java.util.concurrent.ThreadPoolExecutor$Worker@5dad4454[State = -1, empty queue]] WARN  server.GrpcLogAppender (GrpcLogAppender.java:timeoutAppendRequest(200)) - 33002f53-59d2-46ae-91ae-843eaa52c7d0@group-03260B50B3E1->816c2023-76ea-4558-9da7-70127639a79a-GrpcLogAppender: appendEntries Timeout, request=33002f53-59d2-46ae-91ae-843eaa52c7d0->816c2023-76ea-4558-9da7-70127639a79a#151-t1, previous=(t:1, i:19), leaderCommit=12, initializing? false, entries: <empty>
2019-09-16 16:35:59,972 [grpc-default-executor-3] INFO  client.GrpcClientProtocolClient (GrpcClientProtocolClient.java:onNext(264)) - client-2CBA63CDBB2F->816c2023-76ea-4558-9da7-70127639a79a: receive RaftClientReply:client-2CBA63CDBB2F->816c2023-76ea-4558-9da7-70127639a79a@group-03260B50B3E1, cid=36, FAILED org.apache.ratis.protocol.NotLeaderException: Server 816c2023-76ea-4558-9da7-70127639a79a@group-03260B50B3E1 is not the leader 33002f53-59d2-46ae-91ae-843eaa52c7d0:192.168.5.183:46255, logIndex=0, commits[816c2023-76ea-4558-9da7-70127639a79a:c12, e3c513c6-7b5b-430b-887c-eb88026c45f2:c10, 33002f53-59d2-46ae-91ae-843eaa52c7d0:c12]
2019-09-16 16:36:00,884 [org.apache.ratis.server.impl.LogAppender$AppenderDaemon$$Lambda$486/1268950271@149d4023] ERROR ratis.XceiverServerRatis (XceiverServerRatis.java:triggerPipelineClose(568)) - pipeline Action CLOSE  on pipeline PipelineID=5cfbe3f7-52ce-47b9-acbf-03260b50b3e1.Reason : 33002f53-59d2-46ae-91ae-843eaa52c7d0 has not seen follower/s e3c513c6-7b5b-430b-887c-eb88026c45f2 for 147348ms 816c2023-76ea-4558-9da7-70127639a79a for 147349ms
2019-09-16 16:36:00,884 [org.apache.ratis.server.impl.LogAppender$AppenderDaemon$$Lambda$486/1268950271@7264d23b] ERROR ratis.XceiverServerRatis (XceiverServerRatis.java:triggerPipelineClose(568)) - pipeline Action CLOSE  on pipeline PipelineID=5cfbe3f7-52ce-47b9-acbf-03260b50b3e1.Reason : 33002f53-59d2-46ae-91ae-843eaa52c7d0 has not seen follower/s e3c513c6-7b5b-430b-887c-eb88026c45f2 for 147348ms 816c2023-76ea-4558-9da7-70127639a79a for 147349ms
2019-09-16 16:36:01,383 [java.util.concurrent.ThreadPoolExecutor$Worker@25934a47[State = -1, empty queue]] WARN  server.GrpcLogAppender (GrpcLogAppender.java:timeoutAppendRequest(200)) - 33002f53-59d2-46ae-91ae-843eaa52c7d0@group-03260B50B3E1->e3c513c6-7b5b-430b-887c-eb88026c45f2-GrpcLogAppender: appendEntries Timeout, request=33002f53-59d2-46ae-91ae-843eaa52c7d0->e3c513c6-7b5b-430b-887c-eb88026c45f2#152-t1, previous=(t:1, i:19), leaderCommit=12, initializing? false, entries: <empty>
2019-09-16 16:36:01,383 [java.util.concurrent.ThreadPoolExecutor$Worker@5dad4454[State = -1, empty queue]] WARN  server.GrpcLogAppender (GrpcLogAppender.java:timeoutAppendRequest(200)) - 33002f53-59d2-46ae-91ae-843eaa52c7d0@group-03260B50B3E1->816c2023-76ea-4558-9da7-70127639a79a-GrpcLogAppender: appendEntries Timeout, request=33002f53-59d2-46ae-91ae-843eaa52c7d0->816c2023-76ea-4558-9da7-70127639a79a#152-t1, previous=(t:1, i:19), leaderCommit=12, initializing? false, entries: <empty>
2019-09-16 16:36:01,876 [EventQueue-PipelineActionsForPipelineActionHandler] ERROR pipeline.PipelineActionHandler (PipelineActionHandler.java:onMessage(60)) - Received pipeline action CLOSE for Pipeline[ Id: 5cfbe3f7-52ce-47b9-acbf-03260b50b3e1, Nodes: e3c513c6-7b5b-430b-887c-eb88026c45f2{ip: 192.168.5.183, host: pr-hdds-1054-fkf2j-3502855176, networkLocation: /default-rack, certSerialId: null}816c2023-76ea-4558-9da7-70127639a79a{ip: 192.168.5.183, host: pr-hdds-1054-fkf2j-3502855176, networkLocation: /default-rack, certSerialId: null}33002f53-59d2-46ae-91ae-843eaa52c7d0{ip: 192.168.5.183, host: pr-hdds-1054-fkf2j-3502855176, networkLocation: /default-rack, certSerialId: null}, Type:RATIS, Factor:THREE, State:CLOSED] from datanode 33002f53-59d2-46ae-91ae-843eaa52c7d0{ip: 192.168.5.183, host: pr-hdds-1054-fkf2j-3502855176, networkLocation: /default-rack, certSerialId: null}. Reason : 33002f53-59d2-46ae-91ae-843eaa52c7d0 has not seen follower/s e3c513c6-7b5b-430b-887c-eb88026c45f2 for 147348ms 816c2023-76ea-4558-9da7-70127639a79a for 147349ms
2019-09-16 16:36:01,877 [EventQueue-PipelineActionsForPipelineActionHandler] INFO  pipeline.SCMPipelineManager (SCMPipelineManager.java:finalizeAndDestroyPipeline(311)) - destroying pipeline:Pipeline[ Id: 5cfbe3f7-52ce-47b9-acbf-03260b50b3e1, Nodes: e3c513c6-7b5b-430b-887c-eb88026c45f2{ip: 192.168.5.183, host: pr-hdds-1054-fkf2j-3502855176, networkLocation: /default-rack, certSerialId: null}816c2023-76ea-4558-9da7-70127639a79a{ip: 192.168.5.183, host: pr-hdds-1054-fkf2j-3502855176, networkLocation: /default-rack, certSerialId: null}33002f53-59d2-46ae-91ae-843eaa52c7d0{ip: 192.168.5.183, host: pr-hdds-1054-fkf2j-3502855176, networkLocation: /default-rack, certSerialId: null}, Type:RATIS, Factor:THREE, State:CLOSED]
2019-09-16 16:36:03,384 [org.apache.ratis.server.impl.LogAppender$AppenderDaemon$$Lambda$486/1268950271@7264d23b] ERROR ratis.XceiverServerRatis (XceiverServerRatis.java:triggerPipelineClose(568)) - pipeline Action CLOSE  on pipeline PipelineID=5cfbe3f7-52ce-47b9-acbf-03260b50b3e1.Reason : 33002f53-59d2-46ae-91ae-843eaa52c7d0 has not seen follower/s e3c513c6-7b5b-430b-887c-eb88026c45f2 for 149849ms 816c2023-76ea-4558-9da7-70127639a79a for 149850ms
2019-09-16 16:36:03,384 [org.apache.ratis.server.impl.LogAppender$AppenderDaemon$$Lambda$486/1268950271@149d4023] ERROR ratis.XceiverServerRatis (XceiverServerRatis.java:triggerPipelineClose(568)) - pipeline Action CLOSE  on pipeline PipelineID=5cfbe3f7-52ce-47b9-acbf-03260b50b3e1.Reason : 33002f53-59d2-46ae-91ae-843eaa52c7d0 has not seen follower/s e3c513c6-7b5b-430b-887c-eb88026c45f2 for 149849ms 816c2023-76ea-4558-9da7-70127639a79a for 149850ms
2019-09-16 16:36:03,661 [33002f53-59d2-46ae-91ae-843eaa52c7d0@group-03260B50B3E1-SegmentedRaftLogWorker] WARN  segmented.SegmentedRaftLogWorker (SegmentedRaftLogWorker.java:getFromFuture(90)) - Timeout 14/~
org.apache.ratis.protocol.TimeoutIOException: Timeout 10s: WriteLog:13: (t:1, i:13), STATEMACHINELOGENTRY, client-2CBA63CDBB2F, cid=36-writeStateMachineData
	at org.apache.ratis.util.IOUtils.getFromFuture(IOUtils.java:87)
	at org.apache.ratis.server.raftlog.segmented.SegmentedRaftLogWorker$StateMachineDataPolicy.getFromFuture(SegmentedRaftLogWorker.java:87)
	at org.apache.ratis.server.raftlog.segmented.SegmentedRaftLogWorker$WriteLog.execute(SegmentedRaftLogWorker.java:477)
	at org.apache.ratis.server.raftlog.segmented.SegmentedRaftLogWorker.run(SegmentedRaftLogWorker.java:289)
	at java.lang.Thread.run(Thread.java:748)
Caused by: java.util.concurrent.TimeoutException
	at java.util.concurrent.CompletableFuture.timedGet(CompletableFuture.java:1771)
	at java.util.concurrent.CompletableFuture.get(CompletableFuture.java:1915)
	at org.apache.ratis.util.IOUtils.getFromFuture(IOUtils.java:79)
	... 4 more
2019-09-16 16:36:03,679 [816c2023-76ea-4558-9da7-70127639a79a@group-03260B50B3E1-SegmentedRaftLogWorker] WARN  segmented.SegmentedRaftLogWorker (SegmentedRaftLogWorker.java:getFromFuture(90)) - Timeout 14/~
org.apache.ratis.protocol.TimeoutIOException: Timeout 10s: WriteLog:13: (t:1, i:13), STATEMACHINELOGENTRY, client-2CBA63CDBB2F, cid=36-writeStateMachineData
	at org.apache.ratis.util.IOUtils.getFromFuture(IOUtils.java:87)
	at org.apache.ratis.server.raftlog.segmented.SegmentedRaftLogWorker$StateMachineDataPolicy.getFromFuture(SegmentedRaftLogWorker.java:87)
	at org.apache.ratis.server.raftlog.segmented.SegmentedRaftLogWorker$WriteLog.execute(SegmentedRaftLogWorker.java:477)
	at org.apache.ratis.server.raftlog.segmented.SegmentedRaftLogWorker.run(SegmentedRaftLogWorker.java:289)
	at java.lang.Thread.run(Thread.java:748)
Caused by: java.util.concurrent.TimeoutException
	at java.util.concurrent.CompletableFuture.timedGet(CompletableFuture.java:1771)
	at java.util.concurrent.CompletableFuture.get(CompletableFuture.java:1915)
	at org.apache.ratis.util.IOUtils.getFromFuture(IOUtils.java:79)
	... 4 more
2019-09-16 16:36:03,680 [e3c513c6-7b5b-430b-887c-eb88026c45f2@group-03260B50B3E1-SegmentedRaftLogWorker] WARN  segmented.SegmentedRaftLogWorker (SegmentedRaftLogWorker.java:getFromFuture(90)) - Timeout 14/~
org.apache.ratis.protocol.TimeoutIOException: Timeout 10s: WriteLog:13: (t:1, i:13), STATEMACHINELOGENTRY, client-2CBA63CDBB2F, cid=36-writeStateMachineData
	at org.apache.ratis.util.IOUtils.getFromFuture(IOUtils.java:87)
	at org.apache.ratis.server.raftlog.segmented.SegmentedRaftLogWorker$StateMachineDataPolicy.getFromFuture(SegmentedRaftLogWorker.java:87)
	at org.apache.ratis.server.raftlog.segmented.SegmentedRaftLogWorker$WriteLog.execute(SegmentedRaftLogWorker.java:477)
	at org.apache.ratis.server.raftlog.segmented.SegmentedRaftLogWorker.run(SegmentedRaftLogWorker.java:289)
	at java.lang.Thread.run(Thread.java:748)
Caused by: java.util.concurrent.TimeoutException
	at java.util.concurrent.CompletableFuture.timedGet(CompletableFuture.java:1771)
	at java.util.concurrent.CompletableFuture.get(CompletableFuture.java:1915)
	at org.apache.ratis.util.IOUtils.getFromFuture(IOUtils.java:79)
	... 4 more
2019-09-16 16:36:03,876 [EventQueue-PipelineActionsForPipelineActionHandler] ERROR pipeline.PipelineActionHandler (PipelineActionHandler.java:onMessage(60)) - Received pipeline action CLOSE for Pipeline[ Id: 5cfbe3f7-52ce-47b9-acbf-03260b50b3e1, Nodes: e3c513c6-7b5b-430b-887c-eb88026c45f2{ip: 192.168.5.183, host: pr-hdds-1054-fkf2j-3502855176, networkLocation: /default-rack, certSerialId: null}816c2023-76ea-4558-9da7-70127639a79a{ip: 192.168.5.183, host: pr-hdds-1054-fkf2j-3502855176, networkLocation: /default-rack, certSerialId: null}33002f53-59d2-46ae-91ae-843eaa52c7d0{ip: 192.168.5.183, host: pr-hdds-1054-fkf2j-3502855176, networkLocation: /default-rack, certSerialId: null}, Type:RATIS, Factor:THREE, State:CLOSED] from datanode 33002f53-59d2-46ae-91ae-843eaa52c7d0{ip: 192.168.5.183, host: pr-hdds-1054-fkf2j-3502855176, networkLocation: /default-rack, certSerialId: null}. Reason : 33002f53-59d2-46ae-91ae-843eaa52c7d0 has not seen follower/s e3c513c6-7b5b-430b-887c-eb88026c45f2 for 149849ms 816c2023-76ea-4558-9da7-70127639a79a for 149850ms
2019-09-16 16:36:03,876 [EventQueue-PipelineActionsForPipelineActionHandler] INFO  pipeline.SCMPipelineManager (SCMPipelineManager.java:finalizeAndDestroyPipeline(311)) - destroying pipeline:Pipeline[ Id: 5cfbe3f7-52ce-47b9-acbf-03260b50b3e1, Nodes: e3c513c6-7b5b-430b-887c-eb88026c45f2{ip: 192.168.5.183, host: pr-hdds-1054-fkf2j-3502855176, networkLocation: /default-rack, certSerialId: null}816c2023-76ea-4558-9da7-70127639a79a{ip: 192.168.5.183, host: pr-hdds-1054-fkf2j-3502855176, networkLocation: /default-rack, certSerialId: null}33002f53-59d2-46ae-91ae-843eaa52c7d0{ip: 192.168.5.183, host: pr-hdds-1054-fkf2j-3502855176, networkLocation: /default-rack, certSerialId: null}, Type:RATIS, Factor:THREE, State:CLOSED]
2019-09-16 16:36:03,884 [java.util.concurrent.ThreadPoolExecutor$Worker@25934a47[State = -1, empty queue]] WARN  server.GrpcLogAppender (GrpcLogAppender.java:timeoutAppendRequest(200)) - 33002f53-59d2-46ae-91ae-843eaa52c7d0@group-03260B50B3E1->e3c513c6-7b5b-430b-887c-eb88026c45f2-GrpcLogAppender: appendEntries Timeout, request=33002f53-59d2-46ae-91ae-843eaa52c7d0->e3c513c6-7b5b-430b-887c-eb88026c45f2#153-t1, previous=(t:1, i:19), leaderCommit=12, initializing? false, entries: <empty>
2019-09-16 16:36:03,884 [java.util.concurrent.ThreadPoolExecutor$Worker@5dad4454[State = -1, empty queue]] WARN  server.GrpcLogAppender (GrpcLogAppender.java:timeoutAppendRequest(200)) - 33002f53-59d2-46ae-91ae-843eaa52c7d0@group-03260B50B3E1->816c2023-76ea-4558-9da7-70127639a79a-GrpcLogAppender: appendEntries Timeout, request=33002f53-59d2-46ae-91ae-843eaa52c7d0->816c2023-76ea-4558-9da7-70127639a79a#153-t1, previous=(t:1, i:19), leaderCommit=12, initializing? false, entries: <empty>
2019-09-16 16:36:05,019 [grpc-default-executor-3] INFO  client.GrpcClientProtocolClient (GrpcClientProtocolClient.java:onNext(264)) - client-2CBA63CDBB2F->e3c513c6-7b5b-430b-887c-eb88026c45f2: receive RaftClientReply:client-2CBA63CDBB2F->e3c513c6-7b5b-430b-887c-eb88026c45f2@group-03260B50B3E1, cid=36, FAILED org.apache.ratis.protocol.NotLeaderException: Server e3c513c6-7b5b-430b-887c-eb88026c45f2@group-03260B50B3E1 is not the leader 33002f53-59d2-46ae-91ae-843eaa52c7d0:192.168.5.183:46255, logIndex=0, commits[e3c513c6-7b5b-430b-887c-eb88026c45f2:c12, 33002f53-59d2-46ae-91ae-843eaa52c7d0:c12, 816c2023-76ea-4558-9da7-70127639a79a:c10]
2019-09-16 16:36:05,885 [org.apache.ratis.server.impl.LogAppender$AppenderDaemon$$Lambda$486/1268950271@7264d23b] ERROR ratis.XceiverServerRatis (XceiverServerRatis.java:triggerPipelineClose(568)) - pipeline Action CLOSE  on pipeline PipelineID=5cfbe3f7-52ce-47b9-acbf-03260b50b3e1.Reason : 33002f53-59d2-46ae-91ae-843eaa52c7d0 has not seen follower/s e3c513c6-7b5b-430b-887c-eb88026c45f2 for 152350ms 816c2023-76ea-4558-9da7-70127639a79a for 152350ms
2019-09-16 16:36:05,885 [org.apache.ratis.server.impl.LogAppender$AppenderDaemon$$Lambda$486/1268950271@149d4023] ERROR ratis.XceiverServerRatis (XceiverServerRatis.java:triggerPipelineClose(568)) - pipeline Action CLOSE  on pipeline PipelineID=5cfbe3f7-52ce-47b9-acbf-03260b50b3e1.Reason : 33002f53-59d2-46ae-91ae-843eaa52c7d0 has not seen follower/s e3c513c6-7b5b-430b-887c-eb88026c45f2 for 152350ms 816c2023-76ea-4558-9da7-70127639a79a for 152351ms
2019-09-16 16:36:06,384 [java.util.concurrent.ThreadPoolExecutor$Worker@5dad4454[State = -1, empty queue]] WARN  server.GrpcLogAppender (GrpcLogAppender.java:timeoutAppendRequest(200)) - 33002f53-59d2-46ae-91ae-843eaa52c7d0@group-03260B50B3E1->816c2023-76ea-4558-9da7-70127639a79a-GrpcLogAppender: appendEntries Timeout, request=33002f53-59d2-46ae-91ae-843eaa52c7d0->816c2023-76ea-4558-9da7-70127639a79a#154-t1, previous=(t:1, i:19), leaderCommit=12, initializing? false, entries: <empty>
2019-09-16 16:36:06,384 [java.util.concurrent.ThreadPoolExecutor$Worker@25934a47[State = -1, empty queue]] WARN  server.GrpcLogAppender (GrpcLogAppender.java:timeoutAppendRequest(200)) - 33002f53-59d2-46ae-91ae-843eaa52c7d0@group-03260B50B3E1->e3c513c6-7b5b-430b-887c-eb88026c45f2-GrpcLogAppender: appendEntries Timeout, request=33002f53-59d2-46ae-91ae-843eaa52c7d0->e3c513c6-7b5b-430b-887c-eb88026c45f2#154-t1, previous=(t:1, i:19), leaderCommit=12, initializing? false, entries: <empty>
2019-09-16 16:36:06,879 [EventQueue-PipelineActionsForPipelineActionHandler] ERROR pipeline.PipelineActionHandler (PipelineActionHandler.java:onMessage(60)) - Received pipeline action CLOSE for Pipeline[ Id: 5cfbe3f7-52ce-47b9-acbf-03260b50b3e1, Nodes: e3c513c6-7b5b-430b-887c-eb88026c45f2{ip: 192.168.5.183, host: pr-hdds-1054-fkf2j-3502855176, networkLocation: /default-rack, certSerialId: null}816c2023-76ea-4558-9da7-70127639a79a{ip: 192.168.5.183, host: pr-hdds-1054-fkf2j-3502855176, networkLocation: /default-rack, certSerialId: null}33002f53-59d2-46ae-91ae-843eaa52c7d0{ip: 192.168.5.183, host: pr-hdds-1054-fkf2j-3502855176, networkLocation: /default-rack, certSerialId: null}, Type:RATIS, Factor:THREE, State:CLOSED] from datanode 33002f53-59d2-46ae-91ae-843eaa52c7d0{ip: 192.168.5.183, host: pr-hdds-1054-fkf2j-3502855176, networkLocation: /default-rack, certSerialId: null}. Reason : 33002f53-59d2-46ae-91ae-843eaa52c7d0 has not seen follower/s e3c513c6-7b5b-430b-887c-eb88026c45f2 for 152350ms 816c2023-76ea-4558-9da7-70127639a79a for 152350ms
2019-09-16 16:36:06,880 [EventQueue-PipelineActionsForPipelineActionHandler] INFO  pipeline.SCMPipelineManager (SCMPipelineManager.java:finalizeAndDestroyPipeline(311)) - destroying pipeline:Pipeline[ Id: 5cfbe3f7-52ce-47b9-acbf-03260b50b3e1, Nodes: e3c513c6-7b5b-430b-887c-eb88026c45f2{ip: 192.168.5.183, host: pr-hdds-1054-fkf2j-3502855176, networkLocation: /default-rack, certSerialId: null}816c2023-76ea-4558-9da7-70127639a79a{ip: 192.168.5.183, host: pr-hdds-1054-fkf2j-3502855176, networkLocation: /default-rack, certSerialId: null}33002f53-59d2-46ae-91ae-843eaa52c7d0{ip: 192.168.5.183, host: pr-hdds-1054-fkf2j-3502855176, networkLocation: /default-rack, certSerialId: null}, Type:RATIS, Factor:THREE, State:CLOSED]
2019-09-16 16:36:08,386 [org.apache.ratis.server.impl.LogAppender$AppenderDaemon$$Lambda$486/1268950271@7264d23b] ERROR ratis.XceiverServerRatis (XceiverServerRatis.java:triggerPipelineClose(568)) - pipeline Action CLOSE  on pipeline PipelineID=5cfbe3f7-52ce-47b9-acbf-03260b50b3e1.Reason : 33002f53-59d2-46ae-91ae-843eaa52c7d0 has not seen follower/s e3c513c6-7b5b-430b-887c-eb88026c45f2 for 154851ms 816c2023-76ea-4558-9da7-70127639a79a for 154852ms
2019-09-16 16:36:08,386 [org.apache.ratis.server.impl.LogAppender$AppenderDaemon$$Lambda$486/1268950271@149d4023] ERROR ratis.XceiverServerRatis (XceiverServerRatis.java:triggerPipelineClose(568)) - pipeline Action CLOSE  on pipeline PipelineID=5cfbe3f7-52ce-47b9-acbf-03260b50b3e1.Reason : 33002f53-59d2-46ae-91ae-843eaa52c7d0 has not seen follower/s e3c513c6-7b5b-430b-887c-eb88026c45f2 for 154851ms 816c2023-76ea-4558-9da7-70127639a79a for 154852ms
2019-09-16 16:36:08,877 [EventQueue-PipelineActionsForPipelineActionHandler] ERROR pipeline.PipelineActionHandler (PipelineActionHandler.java:onMessage(60)) - Received pipeline action CLOSE for Pipeline[ Id: 5cfbe3f7-52ce-47b9-acbf-03260b50b3e1, Nodes: e3c513c6-7b5b-430b-887c-eb88026c45f2{ip: 192.168.5.183, host: pr-hdds-1054-fkf2j-3502855176, networkLocation: /default-rack, certSerialId: null}816c2023-76ea-4558-9da7-70127639a79a{ip: 192.168.5.183, host: pr-hdds-1054-fkf2j-3502855176, networkLocation: /default-rack, certSerialId: null}33002f53-59d2-46ae-91ae-843eaa52c7d0{ip: 192.168.5.183, host: pr-hdds-1054-fkf2j-3502855176, networkLocation: /default-rack, certSerialId: null}, Type:RATIS, Factor:THREE, State:CLOSED] from datanode 33002f53-59d2-46ae-91ae-843eaa52c7d0{ip: 192.168.5.183, host: pr-hdds-1054-fkf2j-3502855176, networkLocation: /default-rack, certSerialId: null}. Reason : 33002f53-59d2-46ae-91ae-843eaa52c7d0 has not seen follower/s e3c513c6-7b5b-430b-887c-eb88026c45f2 for 154851ms 816c2023-76ea-4558-9da7-70127639a79a for 154852ms
2019-09-16 16:36:08,877 [EventQueue-PipelineActionsForPipelineActionHandler] INFO  pipeline.SCMPipelineManager (SCMPipelineManager.java:finalizeAndDestroyPipeline(311)) - destroying pipeline:Pipeline[ Id: 5cfbe3f7-52ce-47b9-acbf-03260b50b3e1, Nodes: e3c513c6-7b5b-430b-887c-eb88026c45f2{ip: 192.168.5.183, host: pr-hdds-1054-fkf2j-3502855176, networkLocation: /default-rack, certSerialId: null}816c2023-76ea-4558-9da7-70127639a79a{ip: 192.168.5.183, host: pr-hdds-1054-fkf2j-3502855176, networkLocation: /default-rack, certSerialId: null}33002f53-59d2-46ae-91ae-843eaa52c7d0{ip: 192.168.5.183, host: pr-hdds-1054-fkf2j-3502855176, networkLocation: /default-rack, certSerialId: null}, Type:RATIS, Factor:THREE, State:CLOSED]
2019-09-16 16:36:08,885 [java.util.concurrent.ThreadPoolExecutor$Worker@25934a47[State = -1, empty queue]] WARN  server.GrpcLogAppender (GrpcLogAppender.java:timeoutAppendRequest(200)) - 33002f53-59d2-46ae-91ae-843eaa52c7d0@group-03260B50B3E1->e3c513c6-7b5b-430b-887c-eb88026c45f2-GrpcLogAppender: appendEntries Timeout, request=33002f53-59d2-46ae-91ae-843eaa52c7d0->e3c513c6-7b5b-430b-887c-eb88026c45f2#155-t1, previous=(t:1, i:19), leaderCommit=12, initializing? false, entries: <empty>
2019-09-16 16:36:08,885 [java.util.concurrent.ThreadPoolExecutor$Worker@5dad4454[State = -1, empty queue]] WARN  server.GrpcLogAppender (GrpcLogAppender.java:timeoutAppendRequest(200)) - 33002f53-59d2-46ae-91ae-843eaa52c7d0@group-03260B50B3E1->816c2023-76ea-4558-9da7-70127639a79a-GrpcLogAppender: appendEntries Timeout, request=33002f53-59d2-46ae-91ae-843eaa52c7d0->816c2023-76ea-4558-9da7-70127639a79a#155-t1, previous=(t:1, i:19), leaderCommit=12, initializing? false, entries: <empty>
2019-09-16 16:36:10,069 [grpc-default-executor-4] INFO  client.GrpcClientProtocolClient (GrpcClientProtocolClient.java:onNext(264)) - client-2CBA63CDBB2F->816c2023-76ea-4558-9da7-70127639a79a: receive RaftClientReply:client-2CBA63CDBB2F->816c2023-76ea-4558-9da7-70127639a79a@group-03260B50B3E1, cid=36, FAILED org.apache.ratis.protocol.NotLeaderException: Server 816c2023-76ea-4558-9da7-70127639a79a@group-03260B50B3E1 is not the leader 33002f53-59d2-46ae-91ae-843eaa52c7d0:192.168.5.183:46255, logIndex=0, commits[816c2023-76ea-4558-9da7-70127639a79a:c12, e3c513c6-7b5b-430b-887c-eb88026c45f2:c10, 33002f53-59d2-46ae-91ae-843eaa52c7d0:c12]
2019-09-16 16:36:10,886 [org.apache.ratis.server.impl.LogAppender$AppenderDaemon$$Lambda$486/1268950271@149d4023] ERROR ratis.XceiverServerRatis (XceiverServerRatis.java:triggerPipelineClose(568)) - pipeline Action CLOSE  on pipeline PipelineID=5cfbe3f7-52ce-47b9-acbf-03260b50b3e1.Reason : 33002f53-59d2-46ae-91ae-843eaa52c7d0 has not seen follower/s e3c513c6-7b5b-430b-887c-eb88026c45f2 for 157351ms 816c2023-76ea-4558-9da7-70127639a79a for 157352ms
2019-09-16 16:36:10,887 [org.apache.ratis.server.impl.LogAppender$AppenderDaemon$$Lambda$486/1268950271@7264d23b] ERROR ratis.XceiverServerRatis (XceiverServerRatis.java:triggerPipelineClose(568)) - pipeline Action CLOSE  on pipeline PipelineID=5cfbe3f7-52ce-47b9-acbf-03260b50b3e1.Reason : 33002f53-59d2-46ae-91ae-843eaa52c7d0 has not seen follower/s e3c513c6-7b5b-430b-887c-eb88026c45f2 for 157352ms 816c2023-76ea-4558-9da7-70127639a79a for 157353ms
2019-09-16 16:36:11,386 [java.util.concurrent.ThreadPoolExecutor$Worker@5dad4454[State = -1, empty queue]] WARN  server.GrpcLogAppender (GrpcLogAppender.java:timeoutAppendRequest(200)) - 33002f53-59d2-46ae-91ae-843eaa52c7d0@group-03260B50B3E1->816c2023-76ea-4558-9da7-70127639a79a-GrpcLogAppender: appendEntries Timeout, request=33002f53-59d2-46ae-91ae-843eaa52c7d0->816c2023-76ea-4558-9da7-70127639a79a#156-t1, previous=(t:1, i:19), leaderCommit=12, initializing? false, entries: <empty>
2019-09-16 16:36:11,386 [java.util.concurrent.ThreadPoolExecutor$Worker@25934a47[State = -1, empty queue]] WARN  server.GrpcLogAppender (GrpcLogAppender.java:timeoutAppendRequest(200)) - 33002f53-59d2-46ae-91ae-843eaa52c7d0@group-03260B50B3E1->e3c513c6-7b5b-430b-887c-eb88026c45f2-GrpcLogAppender: appendEntries Timeout, request=33002f53-59d2-46ae-91ae-843eaa52c7d0->e3c513c6-7b5b-430b-887c-eb88026c45f2#156-t1, previous=(t:1, i:19), leaderCommit=12, initializing? false, entries: <empty>
2019-09-16 16:36:11,879 [EventQueue-PipelineActionsForPipelineActionHandler] ERROR pipeline.PipelineActionHandler (PipelineActionHandler.java:onMessage(60)) - Received pipeline action CLOSE for Pipeline[ Id: 5cfbe3f7-52ce-47b9-acbf-03260b50b3e1, Nodes: e3c513c6-7b5b-430b-887c-eb88026c45f2{ip: 192.168.5.183, host: pr-hdds-1054-fkf2j-3502855176, networkLocation: /default-rack, certSerialId: null}816c2023-76ea-4558-9da7-70127639a79a{ip: 192.168.5.183, host: pr-hdds-1054-fkf2j-3502855176, networkLocation: /default-rack, certSerialId: null}33002f53-59d2-46ae-91ae-843eaa52c7d0{ip: 192.168.5.183, host: pr-hdds-1054-fkf2j-3502855176, networkLocation: /default-rack, certSerialId: null}, Type:RATIS, Factor:THREE, State:CLOSED] from datanode 33002f53-59d2-46ae-91ae-843eaa52c7d0{ip: 192.168.5.183, host: pr-hdds-1054-fkf2j-3502855176, networkLocation: /default-rack, certSerialId: null}. Reason : 33002f53-59d2-46ae-91ae-843eaa52c7d0 has not seen follower/s e3c513c6-7b5b-430b-887c-eb88026c45f2 for 157351ms 816c2023-76ea-4558-9da7-70127639a79a for 157352ms
2019-09-16 16:36:11,880 [EventQueue-PipelineActionsForPipelineActionHandler] INFO  pipeline.SCMPipelineManager (SCMPipelineManager.java:finalizeAndDestroyPipeline(311)) - destroying pipeline:Pipeline[ Id: 5cfbe3f7-52ce-47b9-acbf-03260b50b3e1, Nodes: e3c513c6-7b5b-430b-887c-eb88026c45f2{ip: 192.168.5.183, host: pr-hdds-1054-fkf2j-3502855176, networkLocation: /default-rack, certSerialId: null}816c2023-76ea-4558-9da7-70127639a79a{ip: 192.168.5.183, host: pr-hdds-1054-fkf2j-3502855176, networkLocation: /default-rack, certSerialId: null}33002f53-59d2-46ae-91ae-843eaa52c7d0{ip: 192.168.5.183, host: pr-hdds-1054-fkf2j-3502855176, networkLocation: /default-rack, certSerialId: null}, Type:RATIS, Factor:THREE, State:CLOSED]
2019-09-16 16:36:13,388 [org.apache.ratis.server.impl.LogAppender$AppenderDaemon$$Lambda$486/1268950271@7264d23b] ERROR ratis.XceiverServerRatis (XceiverServerRatis.java:triggerPipelineClose(568)) - pipeline Action CLOSE  on pipeline PipelineID=5cfbe3f7-52ce-47b9-acbf-03260b50b3e1.Reason : 33002f53-59d2-46ae-91ae-843eaa52c7d0 has not seen follower/s e3c513c6-7b5b-430b-887c-eb88026c45f2 for 159852ms 816c2023-76ea-4558-9da7-70127639a79a for 159853ms
2019-09-16 16:36:13,388 [org.apache.ratis.server.impl.LogAppender$AppenderDaemon$$Lambda$486/1268950271@149d4023] ERROR ratis.XceiverServerRatis (XceiverServerRatis.java:triggerPipelineClose(568)) - pipeline Action CLOSE  on pipeline PipelineID=5cfbe3f7-52ce-47b9-acbf-03260b50b3e1.Reason : 33002f53-59d2-46ae-91ae-843eaa52c7d0 has not seen follower/s e3c513c6-7b5b-430b-887c-eb88026c45f2 for 159852ms 816c2023-76ea-4558-9da7-70127639a79a for 159853ms
2019-09-16 16:36:13,662 [33002f53-59d2-46ae-91ae-843eaa52c7d0@group-03260B50B3E1-SegmentedRaftLogWorker] WARN  segmented.SegmentedRaftLogWorker (SegmentedRaftLogWorker.java:getFromFuture(90)) - Timeout 15/~
org.apache.ratis.protocol.TimeoutIOException: Timeout 10s: WriteLog:13: (t:1, i:13), STATEMACHINELOGENTRY, client-2CBA63CDBB2F, cid=36-writeStateMachineData
	at org.apache.ratis.util.IOUtils.getFromFuture(IOUtils.java:87)
	at org.apache.ratis.server.raftlog.segmented.SegmentedRaftLogWorker$StateMachineDataPolicy.getFromFuture(SegmentedRaftLogWorker.java:87)
	at org.apache.ratis.server.raftlog.segmented.SegmentedRaftLogWorker$WriteLog.execute(SegmentedRaftLogWorker.java:477)
	at org.apache.ratis.server.raftlog.segmented.SegmentedRaftLogWorker.run(SegmentedRaftLogWorker.java:289)
	at java.lang.Thread.run(Thread.java:748)
Caused by: java.util.concurrent.TimeoutException
	at java.util.concurrent.CompletableFuture.timedGet(CompletableFuture.java:1771)
	at java.util.concurrent.CompletableFuture.get(CompletableFuture.java:1915)
	at org.apache.ratis.util.IOUtils.getFromFuture(IOUtils.java:79)
	... 4 more
2019-09-16 16:36:13,680 [816c2023-76ea-4558-9da7-70127639a79a@group-03260B50B3E1-SegmentedRaftLogWorker] WARN  segmented.SegmentedRaftLogWorker (SegmentedRaftLogWorker.java:getFromFuture(90)) - Timeout 15/~
org.apache.ratis.protocol.TimeoutIOException: Timeout 10s: WriteLog:13: (t:1, i:13), STATEMACHINELOGENTRY, client-2CBA63CDBB2F, cid=36-writeStateMachineData
	at org.apache.ratis.util.IOUtils.getFromFuture(IOUtils.java:87)
	at org.apache.ratis.server.raftlog.segmented.SegmentedRaftLogWorker$StateMachineDataPolicy.getFromFuture(SegmentedRaftLogWorker.java:87)
	at org.apache.ratis.server.raftlog.segmented.SegmentedRaftLogWorker$WriteLog.execute(SegmentedRaftLogWorker.java:477)
	at org.apache.ratis.server.raftlog.segmented.SegmentedRaftLogWorker.run(SegmentedRaftLogWorker.java:289)
	at java.lang.Thread.run(Thread.java:748)
Caused by: java.util.concurrent.TimeoutException
	at java.util.concurrent.CompletableFuture.timedGet(CompletableFuture.java:1771)
	at java.util.concurrent.CompletableFuture.get(CompletableFuture.java:1915)
	at org.apache.ratis.util.IOUtils.getFromFuture(IOUtils.java:79)
	... 4 more
2019-09-16 16:36:13,694 [e3c513c6-7b5b-430b-887c-eb88026c45f2@group-03260B50B3E1-SegmentedRaftLogWorker] WARN  segmented.SegmentedRaftLogWorker (SegmentedRaftLogWorker.java:getFromFuture(90)) - Timeout 15/~
org.apache.ratis.protocol.TimeoutIOException: Timeout 10s: WriteLog:13: (t:1, i:13), STATEMACHINELOGENTRY, client-2CBA63CDBB2F, cid=36-writeStateMachineData
	at org.apache.ratis.util.IOUtils.getFromFuture(IOUtils.java:87)
	at org.apache.ratis.server.raftlog.segmented.SegmentedRaftLogWorker$StateMachineDataPolicy.getFromFuture(SegmentedRaftLogWorker.java:87)
	at org.apache.ratis.server.raftlog.segmented.SegmentedRaftLogWorker$WriteLog.execute(SegmentedRaftLogWorker.java:477)
	at org.apache.ratis.server.raftlog.segmented.SegmentedRaftLogWorker.run(SegmentedRaftLogWorker.java:289)
	at java.lang.Thread.run(Thread.java:748)
Caused by: java.util.concurrent.TimeoutException
	at java.util.concurrent.CompletableFuture.timedGet(CompletableFuture.java:1771)
	at java.util.concurrent.CompletableFuture.get(CompletableFuture.java:1915)
	at org.apache.ratis.util.IOUtils.getFromFuture(IOUtils.java:79)
	... 4 more
2019-09-16 16:36:13,879 [EventQueue-PipelineActionsForPipelineActionHandler] ERROR pipeline.PipelineActionHandler (PipelineActionHandler.java:onMessage(60)) - Received pipeline action CLOSE for Pipeline[ Id: 5cfbe3f7-52ce-47b9-acbf-03260b50b3e1, Nodes: e3c513c6-7b5b-430b-887c-eb88026c45f2{ip: 192.168.5.183, host: pr-hdds-1054-fkf2j-3502855176, networkLocation: /default-rack, certSerialId: null}816c2023-76ea-4558-9da7-70127639a79a{ip: 192.168.5.183, host: pr-hdds-1054-fkf2j-3502855176, networkLocation: /default-rack, certSerialId: null}33002f53-59d2-46ae-91ae-843eaa52c7d0{ip: 192.168.5.183, host: pr-hdds-1054-fkf2j-3502855176, networkLocation: /default-rack, certSerialId: null}, Type:RATIS, Factor:THREE, State:CLOSED] from datanode 33002f53-59d2-46ae-91ae-843eaa52c7d0{ip: 192.168.5.183, host: pr-hdds-1054-fkf2j-3502855176, networkLocation: /default-rack, certSerialId: null}. Reason : 33002f53-59d2-46ae-91ae-843eaa52c7d0 has not seen follower/s e3c513c6-7b5b-430b-887c-eb88026c45f2 for 159852ms 816c2023-76ea-4558-9da7-70127639a79a for 159853ms
2019-09-16 16:36:13,879 [EventQueue-PipelineActionsForPipelineActionHandler] INFO  pipeline.SCMPipelineManager (SCMPipelineManager.java:finalizeAndDestroyPipeline(311)) - destroying pipeline:Pipeline[ Id: 5cfbe3f7-52ce-47b9-acbf-03260b50b3e1, Nodes: e3c513c6-7b5b-430b-887c-eb88026c45f2{ip: 192.168.5.183, host: pr-hdds-1054-fkf2j-3502855176, networkLocation: /default-rack, certSerialId: null}816c2023-76ea-4558-9da7-70127639a79a{ip: 192.168.5.183, host: pr-hdds-1054-fkf2j-3502855176, networkLocation: /default-rack, certSerialId: null}33002f53-59d2-46ae-91ae-843eaa52c7d0{ip: 192.168.5.183, host: pr-hdds-1054-fkf2j-3502855176, networkLocation: /default-rack, certSerialId: null}, Type:RATIS, Factor:THREE, State:CLOSED]
2019-09-16 16:36:13,886 [java.util.concurrent.ThreadPoolExecutor$Worker@25934a47[State = -1, empty queue]] WARN  server.GrpcLogAppender (GrpcLogAppender.java:timeoutAppendRequest(200)) - 33002f53-59d2-46ae-91ae-843eaa52c7d0@group-03260B50B3E1->e3c513c6-7b5b-430b-887c-eb88026c45f2-GrpcLogAppender: appendEntries Timeout, request=33002f53-59d2-46ae-91ae-843eaa52c7d0->e3c513c6-7b5b-430b-887c-eb88026c45f2#157-t1, previous=(t:1, i:19), leaderCommit=12, initializing? false, entries: <empty>
2019-09-16 16:36:13,887 [java.util.concurrent.ThreadPoolExecutor$Worker@5dad4454[State = -1, empty queue]] WARN  server.GrpcLogAppender (GrpcLogAppender.java:timeoutAppendRequest(200)) - 33002f53-59d2-46ae-91ae-843eaa52c7d0@group-03260B50B3E1->816c2023-76ea-4558-9da7-70127639a79a-GrpcLogAppender: appendEntries Timeout, request=33002f53-59d2-46ae-91ae-843eaa52c7d0->816c2023-76ea-4558-9da7-70127639a79a#157-t1, previous=(t:1, i:19), leaderCommit=12, initializing? false, entries: <empty>
2019-09-16 16:36:15,109 [grpc-default-executor-3] INFO  client.GrpcClientProtocolClient (GrpcClientProtocolClient.java:onNext(264)) - client-2CBA63CDBB2F->e3c513c6-7b5b-430b-887c-eb88026c45f2: receive RaftClientReply:client-2CBA63CDBB2F->e3c513c6-7b5b-430b-887c-eb88026c45f2@group-03260B50B3E1, cid=36, FAILED org.apache.ratis.protocol.NotLeaderException: Server e3c513c6-7b5b-430b-887c-eb88026c45f2@group-03260B50B3E1 is not the leader 33002f53-59d2-46ae-91ae-843eaa52c7d0:192.168.5.183:46255, logIndex=0, commits[e3c513c6-7b5b-430b-887c-eb88026c45f2:c12, 33002f53-59d2-46ae-91ae-843eaa52c7d0:c12, 816c2023-76ea-4558-9da7-70127639a79a:c10]
2019-09-16 16:36:15,888 [org.apache.ratis.server.impl.LogAppender$AppenderDaemon$$Lambda$486/1268950271@149d4023] ERROR ratis.XceiverServerRatis (XceiverServerRatis.java:triggerPipelineClose(568)) - pipeline Action CLOSE  on pipeline PipelineID=5cfbe3f7-52ce-47b9-acbf-03260b50b3e1.Reason : 33002f53-59d2-46ae-91ae-843eaa52c7d0 has not seen follower/s e3c513c6-7b5b-430b-887c-eb88026c45f2 for 162352ms 816c2023-76ea-4558-9da7-70127639a79a for 162353ms
2019-09-16 16:36:15,888 [org.apache.ratis.server.impl.LogAppender$AppenderDaemon$$Lambda$486/1268950271@7264d23b] ERROR ratis.XceiverServerRatis (XceiverServerRatis.java:triggerPipelineClose(568)) - pipeline Action CLOSE  on pipeline PipelineID=5cfbe3f7-52ce-47b9-acbf-03260b50b3e1.Reason : 33002f53-59d2-46ae-91ae-843eaa52c7d0 has not seen follower/s e3c513c6-7b5b-430b-887c-eb88026c45f2 for 162353ms 816c2023-76ea-4558-9da7-70127639a79a for 162354ms
2019-09-16 16:36:16,387 [java.util.concurrent.ThreadPoolExecutor$Worker@25934a47[State = -1, empty queue]] WARN  server.GrpcLogAppender (GrpcLogAppender.java:timeoutAppendRequest(200)) - 33002f53-59d2-46ae-91ae-843eaa52c7d0@group-03260B50B3E1->e3c513c6-7b5b-430b-887c-eb88026c45f2-GrpcLogAppender: appendEntries Timeout, request=33002f53-59d2-46ae-91ae-843eaa52c7d0->e3c513c6-7b5b-430b-887c-eb88026c45f2#158-t1, previous=(t:1, i:19), leaderCommit=12, initializing? false, entries: <empty>
2019-09-16 16:36:16,387 [java.util.concurrent.ThreadPoolExecutor$Worker@5dad4454[State = -1, empty queue]] WARN  server.GrpcLogAppender (GrpcLogAppender.java:timeoutAppendRequest(200)) - 33002f53-59d2-46ae-91ae-843eaa52c7d0@group-03260B50B3E1->816c2023-76ea-4558-9da7-70127639a79a-GrpcLogAppender: appendEntries Timeout, request=33002f53-59d2-46ae-91ae-843eaa52c7d0->816c2023-76ea-4558-9da7-70127639a79a#158-t1, previous=(t:1, i:19), leaderCommit=12, initializing? false, entries: <empty>
2019-09-16 16:36:16,879 [EventQueue-PipelineActionsForPipelineActionHandler] ERROR pipeline.PipelineActionHandler (PipelineActionHandler.java:onMessage(60)) - Received pipeline action CLOSE for Pipeline[ Id: 5cfbe3f7-52ce-47b9-acbf-03260b50b3e1, Nodes: e3c513c6-7b5b-430b-887c-eb88026c45f2{ip: 192.168.5.183, host: pr-hdds-1054-fkf2j-3502855176, networkLocation: /default-rack, certSerialId: null}816c2023-76ea-4558-9da7-70127639a79a{ip: 192.168.5.183, host: pr-hdds-1054-fkf2j-3502855176, networkLocation: /default-rack, certSerialId: null}33002f53-59d2-46ae-91ae-843eaa52c7d0{ip: 192.168.5.183, host: pr-hdds-1054-fkf2j-3502855176, networkLocation: /default-rack, certSerialId: null}, Type:RATIS, Factor:THREE, State:CLOSED] from datanode 33002f53-59d2-46ae-91ae-843eaa52c7d0{ip: 192.168.5.183, host: pr-hdds-1054-fkf2j-3502855176, networkLocation: /default-rack, certSerialId: null}. Reason : 33002f53-59d2-46ae-91ae-843eaa52c7d0 has not seen follower/s e3c513c6-7b5b-430b-887c-eb88026c45f2 for 162352ms 816c2023-76ea-4558-9da7-70127639a79a for 162353ms
2019-09-16 16:36:16,879 [EventQueue-PipelineActionsForPipelineActionHandler] INFO  pipeline.SCMPipelineManager (SCMPipelineManager.java:finalizeAndDestroyPipeline(311)) - destroying pipeline:Pipeline[ Id: 5cfbe3f7-52ce-47b9-acbf-03260b50b3e1, Nodes: e3c513c6-7b5b-430b-887c-eb88026c45f2{ip: 192.168.5.183, host: pr-hdds-1054-fkf2j-3502855176, networkLocation: /default-rack, certSerialId: null}816c2023-76ea-4558-9da7-70127639a79a{ip: 192.168.5.183, host: pr-hdds-1054-fkf2j-3502855176, networkLocation: /default-rack, certSerialId: null}33002f53-59d2-46ae-91ae-843eaa52c7d0{ip: 192.168.5.183, host: pr-hdds-1054-fkf2j-3502855176, networkLocation: /default-rack, certSerialId: null}, Type:RATIS, Factor:THREE, State:CLOSED]
2019-09-16 16:36:18,009 [grpc-default-executor-2] INFO  impl.RaftServerProxy (RaftServerProxy.java:addNew(89)) - 33002f53-59d2-46ae-91ae-843eaa52c7d0: addNew group-95577443B077:[e3c513c6-7b5b-430b-887c-eb88026c45f2:192.168.5.183:36912, 33002f53-59d2-46ae-91ae-843eaa52c7d0:192.168.5.183:46255, 816c2023-76ea-4558-9da7-70127639a79a:192.168.5.183:35106] returns group-95577443B077:java.util.concurrent.CompletableFuture@79859ae7[Not completed]
2019-09-16 16:36:18,009 [grpc-default-executor-4] INFO  impl.RaftServerProxy (RaftServerProxy.java:addNew(89)) - 816c2023-76ea-4558-9da7-70127639a79a: addNew group-95577443B077:[e3c513c6-7b5b-430b-887c-eb88026c45f2:192.168.5.183:36912, 33002f53-59d2-46ae-91ae-843eaa52c7d0:192.168.5.183:46255, 816c2023-76ea-4558-9da7-70127639a79a:192.168.5.183:35106] returns group-95577443B077:java.util.concurrent.CompletableFuture@5e5dedb4[Not completed]
2019-09-16 16:36:18,009 [grpc-default-executor-3] INFO  impl.RaftServerProxy (RaftServerProxy.java:addNew(89)) - e3c513c6-7b5b-430b-887c-eb88026c45f2: addNew group-95577443B077:[e3c513c6-7b5b-430b-887c-eb88026c45f2:192.168.5.183:36912, 33002f53-59d2-46ae-91ae-843eaa52c7d0:192.168.5.183:46255, 816c2023-76ea-4558-9da7-70127639a79a:192.168.5.183:35106] returns group-95577443B077:java.util.concurrent.CompletableFuture@7b3be775[Not completed]
2019-09-16 16:36:18,012 [pool-57-thread-1] INFO  impl.RaftServerImpl (RaftServerImpl.java:<init>(95)) - 816c2023-76ea-4558-9da7-70127639a79a: new RaftServerImpl for group-95577443B077:[e3c513c6-7b5b-430b-887c-eb88026c45f2:192.168.5.183:36912, 33002f53-59d2-46ae-91ae-843eaa52c7d0:192.168.5.183:46255, 816c2023-76ea-4558-9da7-70127639a79a:192.168.5.183:35106] with ContainerStateMachine:uninitialized
2019-09-16 16:36:18,013 [pool-57-thread-1] INFO  server.RaftServerConfigKeys (ConfUtils.java:logGet(43)) - raft.server.rpc.timeout.min = 5s (custom)
2019-09-16 16:36:18,013 [pool-57-thread-1] INFO  server.RaftServerConfigKeys (ConfUtils.java:logGet(43)) - raft.server.rpc.timeout.max = 5200ms (custom)
2019-09-16 16:36:18,013 [pool-57-thread-1] INFO  server.RaftServerConfigKeys (ConfUtils.java:logGet(43)) - raft.server.rpcslowness.timeout = 120s (custom)
2019-09-16 16:36:18,013 [pool-57-thread-1] INFO  server.RaftServerConfigKeys (ConfUtils.java:logGet(43)) - raft.server.sleep.deviation.threshold = 300 (default)
2019-09-16 16:36:18,013 [pool-57-thread-1] INFO  server.RaftServerConfigKeys (ConfUtils.java:logGet(43)) - raft.server.log.appender.install.snapshot.enabled = false (custom)
2019-09-16 16:36:18,013 [pool-57-thread-1] INFO  impl.RaftServerImpl (ServerState.java:<init>(103)) - 816c2023-76ea-4558-9da7-70127639a79a@group-95577443B077: ConfigurationManager, init=-1: [e3c513c6-7b5b-430b-887c-eb88026c45f2:192.168.5.183:36912, 33002f53-59d2-46ae-91ae-843eaa52c7d0:192.168.5.183:46255, 816c2023-76ea-4558-9da7-70127639a79a:192.168.5.183:35106], old=null, confs=<EMPTY_MAP>
2019-09-16 16:36:18,014 [pool-87-thread-1] INFO  impl.RaftServerImpl (RaftServerImpl.java:<init>(95)) - e3c513c6-7b5b-430b-887c-eb88026c45f2: new RaftServerImpl for group-95577443B077:[e3c513c6-7b5b-430b-887c-eb88026c45f2:192.168.5.183:36912, 33002f53-59d2-46ae-91ae-843eaa52c7d0:192.168.5.183:46255, 816c2023-76ea-4558-9da7-70127639a79a:192.168.5.183:35106] with ContainerStateMachine:uninitialized
2019-09-16 16:36:18,014 [pool-87-thread-1] INFO  server.RaftServerConfigKeys (ConfUtils.java:logGet(43)) - raft.server.rpc.timeout.min = 5s (custom)
2019-09-16 16:36:18,014 [pool-57-thread-1] INFO  server.RaftServerConfigKeys (ConfUtils.java:logGet(43)) - raft.server.storage.dir = [/workdir/hadoop-ozone/integration-test/target/test-dir/MiniOzoneClusterImpl-c243529b-f19b-491a-9c19-62109b2f5e7f/datanode-3/data/ratis] (custom)
2019-09-16 16:36:18,014 [pool-87-thread-1] INFO  server.RaftServerConfigKeys (ConfUtils.java:logGet(43)) - raft.server.rpc.timeout.max = 5200ms (custom)
2019-09-16 16:36:18,014 [pool-67-thread-1] INFO  impl.RaftServerImpl (RaftServerImpl.java:<init>(95)) - 33002f53-59d2-46ae-91ae-843eaa52c7d0: new RaftServerImpl for group-95577443B077:[e3c513c6-7b5b-430b-887c-eb88026c45f2:192.168.5.183:36912, 33002f53-59d2-46ae-91ae-843eaa52c7d0:192.168.5.183:46255, 816c2023-76ea-4558-9da7-70127639a79a:192.168.5.183:35106] with ContainerStateMachine:uninitialized
2019-09-16 16:36:18,014 [pool-87-thread-1] INFO  server.RaftServerConfigKeys (ConfUtils.java:logGet(43)) - raft.server.rpcslowness.timeout = 120s (custom)
2019-09-16 16:36:18,014 [pool-57-thread-1] INFO  storage.RaftStorageDirectory (RaftStorageDirectory.java:analyzeStorage(246)) - The storage directory /workdir/hadoop-ozone/integration-test/target/test-dir/MiniOzoneClusterImpl-c243529b-f19b-491a-9c19-62109b2f5e7f/datanode-3/data/ratis/e1bb0fa0-d642-486b-acf7-95577443b077 does not exist. Creating ...
2019-09-16 16:36:18,014 [pool-67-thread-1] INFO  server.RaftServerConfigKeys (ConfUtils.java:logGet(43)) - raft.server.rpc.timeout.min = 5s (custom)
2019-09-16 16:36:18,015 [pool-87-thread-1] INFO  server.RaftServerConfigKeys (ConfUtils.java:logGet(43)) - raft.server.sleep.deviation.threshold = 300 (default)
2019-09-16 16:36:18,015 [pool-67-thread-1] INFO  server.RaftServerConfigKeys (ConfUtils.java:logGet(43)) - raft.server.rpc.timeout.max = 5200ms (custom)
2019-09-16 16:36:18,015 [pool-87-thread-1] INFO  server.RaftServerConfigKeys (ConfUtils.java:logGet(43)) - raft.server.log.appender.install.snapshot.enabled = false (custom)
2019-09-16 16:36:18,015 [pool-67-thread-1] INFO  server.RaftServerConfigKeys (ConfUtils.java:logGet(43)) - raft.server.rpcslowness.timeout = 120s (custom)
2019-09-16 16:36:18,015 [pool-87-thread-1] INFO  impl.RaftServerImpl (ServerState.java:<init>(103)) - e3c513c6-7b5b-430b-887c-eb88026c45f2@group-95577443B077: ConfigurationManager, init=-1: [e3c513c6-7b5b-430b-887c-eb88026c45f2:192.168.5.183:36912, 33002f53-59d2-46ae-91ae-843eaa52c7d0:192.168.5.183:46255, 816c2023-76ea-4558-9da7-70127639a79a:192.168.5.183:35106], old=null, confs=<EMPTY_MAP>
2019-09-16 16:36:18,015 [pool-67-thread-1] INFO  server.RaftServerConfigKeys (ConfUtils.java:logGet(43)) - raft.server.sleep.deviation.threshold = 300 (default)
2019-09-16 16:36:18,016 [pool-87-thread-1] INFO  server.RaftServerConfigKeys (ConfUtils.java:logGet(43)) - raft.server.storage.dir = [/workdir/hadoop-ozone/integration-test/target/test-dir/MiniOzoneClusterImpl-c243529b-f19b-491a-9c19-62109b2f5e7f/datanode-6/data/ratis] (custom)
2019-09-16 16:36:18,016 [pool-67-thread-1] INFO  server.RaftServerConfigKeys (ConfUtils.java:logGet(43)) - raft.server.log.appender.install.snapshot.enabled = false (custom)
2019-09-16 16:36:18,016 [pool-67-thread-1] INFO  impl.RaftServerImpl (ServerState.java:<init>(103)) - 33002f53-59d2-46ae-91ae-843eaa52c7d0@group-95577443B077: ConfigurationManager, init=-1: [e3c513c6-7b5b-430b-887c-eb88026c45f2:192.168.5.183:36912, 33002f53-59d2-46ae-91ae-843eaa52c7d0:192.168.5.183:46255, 816c2023-76ea-4558-9da7-70127639a79a:192.168.5.183:35106], old=null, confs=<EMPTY_MAP>
2019-09-16 16:36:18,016 [pool-87-thread-1] INFO  storage.RaftStorageDirectory (RaftStorageDirectory.java:analyzeStorage(246)) - The storage directory /workdir/hadoop-ozone/integration-test/target/test-dir/MiniOzoneClusterImpl-c243529b-f19b-491a-9c19-62109b2f5e7f/datanode-6/data/ratis/e1bb0fa0-d642-486b-acf7-95577443b077 does not exist. Creating ...
2019-09-16 16:36:18,016 [pool-67-thread-1] INFO  server.RaftServerConfigKeys (ConfUtils.java:logGet(43)) - raft.server.storage.dir = [/workdir/hadoop-ozone/integration-test/target/test-dir/MiniOzoneClusterImpl-c243529b-f19b-491a-9c19-62109b2f5e7f/datanode-4/data/ratis] (custom)
2019-09-16 16:36:18,016 [pool-67-thread-1] INFO  storage.RaftStorageDirectory (RaftStorageDirectory.java:analyzeStorage(246)) - The storage directory /workdir/hadoop-ozone/integration-test/target/test-dir/MiniOzoneClusterImpl-c243529b-f19b-491a-9c19-62109b2f5e7f/datanode-4/data/ratis/e1bb0fa0-d642-486b-acf7-95577443b077 does not exist. Creating ...
2019-09-16 16:36:18,273 [pool-57-thread-1] INFO  storage.RaftStorageDirectory (RaftStorageDirectory.java:tryLock(328)) - Lock on /workdir/hadoop-ozone/integration-test/target/test-dir/MiniOzoneClusterImpl-c243529b-f19b-491a-9c19-62109b2f5e7f/datanode-3/data/ratis/e1bb0fa0-d642-486b-acf7-95577443b077/in_use.lock acquired by nodename 12042@pr-hdds-1054-fkf2j-3502855176
2019-09-16 16:36:18,273 [pool-67-thread-1] INFO  storage.RaftStorageDirectory (RaftStorageDirectory.java:tryLock(328)) - Lock on /workdir/hadoop-ozone/integration-test/target/test-dir/MiniOzoneClusterImpl-c243529b-f19b-491a-9c19-62109b2f5e7f/datanode-4/data/ratis/e1bb0fa0-d642-486b-acf7-95577443b077/in_use.lock acquired by nodename 12042@pr-hdds-1054-fkf2j-3502855176
2019-09-16 16:36:18,273 [pool-87-thread-1] INFO  storage.RaftStorageDirectory (RaftStorageDirectory.java:tryLock(328)) - Lock on /workdir/hadoop-ozone/integration-test/target/test-dir/MiniOzoneClusterImpl-c243529b-f19b-491a-9c19-62109b2f5e7f/datanode-6/data/ratis/e1bb0fa0-d642-486b-acf7-95577443b077/in_use.lock acquired by nodename 12042@pr-hdds-1054-fkf2j-3502855176
2019-09-16 16:36:18,318 [pool-57-thread-1] INFO  storage.RaftStorage (RaftStorage.java:format(72)) - Storage directory /workdir/hadoop-ozone/integration-test/target/test-dir/MiniOzoneClusterImpl-c243529b-f19b-491a-9c19-62109b2f5e7f/datanode-3/data/ratis/e1bb0fa0-d642-486b-acf7-95577443b077 has been successfully formatted.
2019-09-16 16:36:18,318 [pool-87-thread-1] INFO  storage.RaftStorage (RaftStorage.java:format(72)) - Storage directory /workdir/hadoop-ozone/integration-test/target/test-dir/MiniOzoneClusterImpl-c243529b-f19b-491a-9c19-62109b2f5e7f/datanode-6/data/ratis/e1bb0fa0-d642-486b-acf7-95577443b077 has been successfully formatted.
2019-09-16 16:36:18,318 [pool-57-thread-1] INFO  ratis.ContainerStateMachine (ContainerStateMachine.java:loadSnapshot(230)) - group-95577443B077: The snapshot info is null. Setting the last applied indexto:(t:0, i:~)
2019-09-16 16:36:18,318 [pool-67-thread-1] INFO  storage.RaftStorage (RaftStorage.java:format(72)) - Storage directory /workdir/hadoop-ozone/integration-test/target/test-dir/MiniOzoneClusterImpl-c243529b-f19b-491a-9c19-62109b2f5e7f/datanode-4/data/ratis/e1bb0fa0-d642-486b-acf7-95577443b077 has been successfully formatted.
2019-09-16 16:36:18,319 [pool-87-thread-1] INFO  ratis.ContainerStateMachine (ContainerStateMachine.java:loadSnapshot(230)) - group-95577443B077: The snapshot info is null. Setting the last applied indexto:(t:0, i:~)
2019-09-16 16:36:18,319 [pool-57-thread-1] INFO  server.RaftServerConfigKeys (ConfUtils.java:logGet(43)) - raft.server.notification.no-leader.timeout = 120s (custom)
2019-09-16 16:36:18,319 [pool-87-thread-1] INFO  server.RaftServerConfigKeys (ConfUtils.java:logGet(43)) - raft.server.notification.no-leader.timeout = 120s (custom)
2019-09-16 16:36:18,319 [pool-67-thread-1] INFO  ratis.ContainerStateMachine (ContainerStateMachine.java:loadSnapshot(230)) - group-95577443B077: The snapshot info is null. Setting the last applied indexto:(t:0, i:~)
2019-09-16 16:36:18,319 [pool-87-thread-1] INFO  server.RaftServerConfigKeys (ConfUtils.java:logGet(43)) - raft.server.log.use.memory = false (default)
2019-09-16 16:36:18,319 [pool-57-thread-1] INFO  server.RaftServerConfigKeys (ConfUtils.java:logGet(43)) - raft.server.log.use.memory = false (default)
2019-09-16 16:36:18,319 [pool-67-thread-1] INFO  server.RaftServerConfigKeys (ConfUtils.java:logGet(43)) - raft.server.notification.no-leader.timeout = 120s (custom)
2019-09-16 16:36:18,320 [pool-87-thread-1] INFO  server.RaftServerConfigKeys (ConfUtils.java:logGet(43)) - raft.server.log.purge.gap = 1000000 (custom)
2019-09-16 16:36:18,320 [pool-57-thread-1] INFO  server.RaftServerConfigKeys (ConfUtils.java:logGet(43)) - raft.server.log.purge.gap = 1000000 (custom)
2019-09-16 16:36:18,320 [pool-87-thread-1] INFO  server.RaftServerConfigKeys (ConfUtils.java:logGet(43)) - raft.server.log.appender.buffer.byte-limit = 33554432 (custom)
2019-09-16 16:36:18,320 [pool-67-thread-1] INFO  server.RaftServerConfigKeys (ConfUtils.java:logGet(43)) - raft.server.log.use.memory = false (default)
2019-09-16 16:36:18,321 [pool-87-thread-1] INFO  server.RaftServerConfigKeys (ConfUtils.java:logGet(43)) - raft.server.log.segment.size.max = 1048576 (custom)
2019-09-16 16:36:18,320 [pool-57-thread-1] INFO  server.RaftServerConfigKeys (ConfUtils.java:logGet(43)) - raft.server.log.appender.buffer.byte-limit = 33554432 (custom)
2019-09-16 16:36:18,321 [pool-87-thread-1] INFO  server.RaftServerConfigKeys (ConfUtils.java:logGet(43)) - raft.server.log.segment.cache.num.max = 2 (custom)
2019-09-16 16:36:18,321 [pool-67-thread-1] INFO  server.RaftServerConfigKeys (ConfUtils.java:logGet(43)) - raft.server.log.purge.gap = 1000000 (custom)
2019-09-16 16:36:18,321 [pool-87-thread-1] INFO  segmented.SegmentedRaftLogWorker (SegmentedRaftLogWorker.java:<init>(172)) - new e3c513c6-7b5b-430b-887c-eb88026c45f2@group-95577443B077-SegmentedRaftLogWorker for RaftStorage:Storage Directory /workdir/hadoop-ozone/integration-test/target/test-dir/MiniOzoneClusterImpl-c243529b-f19b-491a-9c19-62109b2f5e7f/datanode-6/data/ratis/e1bb0fa0-d642-486b-acf7-95577443b077
2019-09-16 16:36:18,321 [pool-57-thread-1] INFO  server.RaftServerConfigKeys (ConfUtils.java:logGet(43)) - raft.server.log.segment.size.max = 1048576 (custom)
2019-09-16 16:36:18,322 [pool-87-thread-1] INFO  server.RaftServerConfigKeys (ConfUtils.java:logGet(43)) - raft.server.log.queue.byte-limit = 2147483647 (custom)
2019-09-16 16:36:18,321 [pool-67-thread-1] INFO  server.RaftServerConfigKeys (ConfUtils.java:logGet(43)) - raft.server.log.appender.buffer.byte-limit = 33554432 (custom)
2019-09-16 16:36:18,322 [pool-87-thread-1] INFO  server.RaftServerConfigKeys (ConfUtils.java:logGet(43)) - raft.server.log.queue.element-limit = 1024 (custom)
2019-09-16 16:36:18,322 [pool-57-thread-1] INFO  server.RaftServerConfigKeys (ConfUtils.java:logGet(43)) - raft.server.log.segment.cache.num.max = 2 (custom)
2019-09-16 16:36:18,322 [pool-87-thread-1] INFO  server.RaftServerConfigKeys (ConfUtils.java:logGet(43)) - raft.server.log.segment.size.max = 1048576 (custom)
2019-09-16 16:36:18,322 [pool-67-thread-1] INFO  server.RaftServerConfigKeys (ConfUtils.java:logGet(43)) - raft.server.log.segment.size.max = 1048576 (custom)
2019-09-16 16:36:18,322 [pool-87-thread-1] INFO  server.RaftServerConfigKeys (ConfUtils.java:logGet(43)) - raft.server.log.preallocated.size = 16384 (custom)
2019-09-16 16:36:18,322 [pool-57-thread-1] INFO  segmented.SegmentedRaftLogWorker (SegmentedRaftLogWorker.java:<init>(172)) - new 816c2023-76ea-4558-9da7-70127639a79a@group-95577443B077-SegmentedRaftLogWorker for RaftStorage:Storage Directory /workdir/hadoop-ozone/integration-test/target/test-dir/MiniOzoneClusterImpl-c243529b-f19b-491a-9c19-62109b2f5e7f/datanode-3/data/ratis/e1bb0fa0-d642-486b-acf7-95577443b077
2019-09-16 16:36:18,323 [pool-87-thread-1] INFO  server.RaftServerConfigKeys (ConfUtils.java:logGet(43)) - raft.server.log.write.buffer.size = 33554432 (custom)
2019-09-16 16:36:18,323 [pool-87-thread-1] INFO  server.RaftServerConfigKeys (ConfUtils.java:logGet(43)) - raft.server.log.force.sync.num = 128 (default)
2019-09-16 16:36:18,323 [pool-67-thread-1] INFO  server.RaftServerConfigKeys (ConfUtils.java:logGet(43)) - raft.server.log.segment.cache.num.max = 2 (custom)
2019-09-16 16:36:18,323 [pool-87-thread-1] INFO  server.RaftServerConfigKeys (ConfUtils.java:logGet(43)) - raft.server.log.statemachine.data.sync = true (default)
2019-09-16 16:36:18,323 [pool-57-thread-1] INFO  server.RaftServerConfigKeys (ConfUtils.java:logGet(43)) - raft.server.log.queue.byte-limit = 2147483647 (custom)
2019-09-16 16:36:18,324 [pool-87-thread-1] INFO  server.RaftServerConfigKeys (ConfUtils.java:logGet(43)) - raft.server.log.statemachine.data.sync.timeout = 10s (default)
2019-09-16 16:36:18,323 [pool-67-thread-1] INFO  segmented.SegmentedRaftLogWorker (SegmentedRaftLogWorker.java:<init>(172)) - new 33002f53-59d2-46ae-91ae-843eaa52c7d0@group-95577443B077-SegmentedRaftLogWorker for RaftStorage:Storage Directory /workdir/hadoop-ozone/integration-test/target/test-dir/MiniOzoneClusterImpl-c243529b-f19b-491a-9c19-62109b2f5e7f/datanode-4/data/ratis/e1bb0fa0-d642-486b-acf7-95577443b077
2019-09-16 16:36:18,324 [pool-87-thread-1] INFO  server.RaftServerConfigKeys (ConfUtils.java:logGet(43)) - raft.server.log.statemachine.data.sync.timeout.retry = -1 (default)
2019-09-16 16:36:18,324 [pool-57-thread-1] INFO  server.RaftServerConfigKeys (ConfUtils.java:logGet(43)) - raft.server.log.queue.element-limit = 1024 (custom)
2019-09-16 16:36:18,324 [pool-87-thread-1] INFO  server.RaftServerConfigKeys (ConfUtils.java:logGet(43)) - raft.server.log.statemachine.data.caching.enabled = true (custom)
2019-09-16 16:36:18,324 [pool-67-thread-1] INFO  server.RaftServerConfigKeys (ConfUtils.java:logGet(43)) - raft.server.log.queue.byte-limit = 2147483647 (custom)
2019-09-16 16:36:18,324 [pool-57-thread-1] INFO  server.RaftServerConfigKeys (ConfUtils.java:logGet(43)) - raft.server.log.segment.size.max = 1048576 (custom)
2019-09-16 16:36:18,325 [pool-67-thread-1] INFO  server.RaftServerConfigKeys (ConfUtils.java:logGet(43)) - raft.server.log.queue.element-limit = 1024 (custom)
2019-09-16 16:36:18,325 [pool-87-thread-1] INFO  segmented.SegmentedRaftLogWorker (SegmentedRaftLogWorker.java:lambda$new$0(132)) - e3c513c6-7b5b-430b-887c-eb88026c45f2@group-95577443B077-SegmentedRaftLogWorker: flushIndex: setUnconditionally 0 -> -1
2019-09-16 16:36:18,325 [pool-57-thread-1] INFO  server.RaftServerConfigKeys (ConfUtils.java:logGet(43)) - raft.server.log.preallocated.size = 16384 (custom)
2019-09-16 16:36:18,325 [pool-57-thread-1] INFO  server.RaftServerConfigKeys (ConfUtils.java:logGet(43)) - raft.server.log.write.buffer.size = 33554432 (custom)
2019-09-16 16:36:18,325 [pool-67-thread-1] INFO  server.RaftServerConfigKeys (ConfUtils.java:logGet(43)) - raft.server.log.segment.size.max = 1048576 (custom)
2019-09-16 16:36:18,325 [pool-87-thread-1] INFO  server.RaftServerConfigKeys (ConfUtils.java:logGet(43)) - raft.server.snapshot.auto.trigger.enabled = true (custom)
2019-09-16 16:36:18,325 [pool-57-thread-1] INFO  server.RaftServerConfigKeys (ConfUtils.java:logGet(43)) - raft.server.log.force.sync.num = 128 (default)
2019-09-16 16:36:18,326 [pool-87-thread-1] INFO  server.RaftServerConfigKeys (ConfUtils.java:logGet(43)) - raft.server.snapshot.auto.trigger.threshold = 10000 (custom)
2019-09-16 16:36:18,326 [pool-67-thread-1] INFO  server.RaftServerConfigKeys (ConfUtils.java:logGet(43)) - raft.server.log.preallocated.size = 16384 (custom)
2019-09-16 16:36:18,326 [pool-87-thread-1] INFO  server.RaftServerConfigKeys (ConfUtils.java:logGet(43)) - raft.server.snapshot.retention.num.files = -1 (default)
2019-09-16 16:36:18,326 [pool-57-thread-1] INFO  server.RaftServerConfigKeys (ConfUtils.java:logGet(43)) - raft.server.log.statemachine.data.sync = true (default)
2019-09-16 16:36:18,326 [pool-87-thread-1] INFO  server.RaftServerConfigKeys (ConfUtils.java:logGet(43)) - raft.server.retrycache.expirytime = 600000ms (custom)
2019-09-16 16:36:18,326 [pool-67-thread-1] INFO  server.RaftServerConfigKeys (ConfUtils.java:logGet(43)) - raft.server.log.write.buffer.size = 33554432 (custom)
2019-09-16 16:36:18,326 [pool-57-thread-1] INFO  server.RaftServerConfigKeys (ConfUtils.java:logGet(43)) - raft.server.log.statemachine.data.sync.timeout = 10s (default)
2019-09-16 16:36:18,327 [pool-67-thread-1] INFO  server.RaftServerConfigKeys (ConfUtils.java:logGet(43)) - raft.server.log.force.sync.num = 128 (default)
2019-09-16 16:36:18,327 [pool-57-thread-1] INFO  server.RaftServerConfigKeys (ConfUtils.java:logGet(43)) - raft.server.log.statemachine.data.sync.timeout.retry = -1 (default)
2019-09-16 16:36:18,327 [pool-67-thread-1] INFO  server.RaftServerConfigKeys (ConfUtils.java:logGet(43)) - raft.server.log.statemachine.data.sync = true (default)
2019-09-16 16:36:18,327 [pool-57-thread-1] INFO  server.RaftServerConfigKeys (ConfUtils.java:logGet(43)) - raft.server.log.statemachine.data.caching.enabled = true (custom)
2019-09-16 16:36:18,327 [pool-67-thread-1] INFO  server.RaftServerConfigKeys (ConfUtils.java:logGet(43)) - raft.server.log.statemachine.data.sync.timeout = 10s (default)
2019-09-16 16:36:18,328 [pool-57-thread-1] INFO  segmented.SegmentedRaftLogWorker (SegmentedRaftLogWorker.java:lambda$new$0(132)) - 816c2023-76ea-4558-9da7-70127639a79a@group-95577443B077-SegmentedRaftLogWorker: flushIndex: setUnconditionally 0 -> -1
2019-09-16 16:36:18,328 [pool-67-thread-1] INFO  server.RaftServerConfigKeys (ConfUtils.java:logGet(43)) - raft.server.log.statemachine.data.sync.timeout.retry = -1 (default)
2019-09-16 16:36:18,328 [pool-57-thread-1] INFO  server.RaftServerConfigKeys (ConfUtils.java:logGet(43)) - raft.server.snapshot.auto.trigger.enabled = true (custom)
2019-09-16 16:36:18,328 [pool-67-thread-1] INFO  server.RaftServerConfigKeys (ConfUtils.java:logGet(43)) - raft.server.log.statemachine.data.caching.enabled = true (custom)
2019-09-16 16:36:18,328 [pool-57-thread-1] INFO  server.RaftServerConfigKeys (ConfUtils.java:logGet(43)) - raft.server.snapshot.auto.trigger.threshold = 10000 (custom)
2019-09-16 16:36:18,328 [pool-57-thread-1] INFO  server.RaftServerConfigKeys (ConfUtils.java:logGet(43)) - raft.server.snapshot.retention.num.files = -1 (default)
2019-09-16 16:36:18,328 [pool-67-thread-1] INFO  segmented.SegmentedRaftLogWorker (SegmentedRaftLogWorker.java:lambda$new$0(132)) - 33002f53-59d2-46ae-91ae-843eaa52c7d0@group-95577443B077-SegmentedRaftLogWorker: flushIndex: setUnconditionally 0 -> -1
2019-09-16 16:36:18,328 [pool-57-thread-1] INFO  server.RaftServerConfigKeys (ConfUtils.java:logGet(43)) - raft.server.retrycache.expirytime = 600000ms (custom)
2019-09-16 16:36:18,329 [pool-67-thread-1] INFO  server.RaftServerConfigKeys (ConfUtils.java:logGet(43)) - raft.server.snapshot.auto.trigger.enabled = true (custom)
2019-09-16 16:36:18,329 [pool-67-thread-1] INFO  server.RaftServerConfigKeys (ConfUtils.java:logGet(43)) - raft.server.snapshot.auto.trigger.threshold = 10000 (custom)
2019-09-16 16:36:18,329 [pool-67-thread-1] INFO  server.RaftServerConfigKeys (ConfUtils.java:logGet(43)) - raft.server.snapshot.retention.num.files = -1 (default)
2019-09-16 16:36:18,329 [pool-67-thread-1] INFO  server.RaftServerConfigKeys (ConfUtils.java:logGet(43)) - raft.server.retrycache.expirytime = 600000ms (custom)
2019-09-16 16:36:18,333 [pool-57-thread-1] INFO  impl.RaftServerImpl (RaftServerImpl.java:start(185)) - 816c2023-76ea-4558-9da7-70127639a79a@group-95577443B077: start as a follower, conf=-1: [e3c513c6-7b5b-430b-887c-eb88026c45f2:192.168.5.183:36912, 33002f53-59d2-46ae-91ae-843eaa52c7d0:192.168.5.183:46255, 816c2023-76ea-4558-9da7-70127639a79a:192.168.5.183:35106], old=null
2019-09-16 16:36:18,333 [pool-57-thread-1] INFO  impl.RaftServerImpl (RaftServerImpl.java:setRole(174)) - 816c2023-76ea-4558-9da7-70127639a79a@group-95577443B077: changes role from      null to FOLLOWER at term 0 for startAsFollower
2019-09-16 16:36:18,333 [pool-87-thread-1] INFO  impl.RaftServerImpl (RaftServerImpl.java:start(185)) - e3c513c6-7b5b-430b-887c-eb88026c45f2@group-95577443B077: start as a follower, conf=-1: [e3c513c6-7b5b-430b-887c-eb88026c45f2:192.168.5.183:36912, 33002f53-59d2-46ae-91ae-843eaa52c7d0:192.168.5.183:46255, 816c2023-76ea-4558-9da7-70127639a79a:192.168.5.183:35106], old=null
2019-09-16 16:36:18,333 [pool-57-thread-1] INFO  impl.RoleInfo (RoleInfo.java:updateAndGet(143)) - 816c2023-76ea-4558-9da7-70127639a79a: start FollowerState
2019-09-16 16:36:18,334 [pool-87-thread-1] INFO  impl.RaftServerImpl (RaftServerImpl.java:setRole(174)) - e3c513c6-7b5b-430b-887c-eb88026c45f2@group-95577443B077: changes role from      null to FOLLOWER at term 0 for startAsFollower
2019-09-16 16:36:18,334 [pool-67-thread-1] INFO  impl.RaftServerImpl (RaftServerImpl.java:start(185)) - 33002f53-59d2-46ae-91ae-843eaa52c7d0@group-95577443B077: start as a follower, conf=-1: [e3c513c6-7b5b-430b-887c-eb88026c45f2:192.168.5.183:36912, 33002f53-59d2-46ae-91ae-843eaa52c7d0:192.168.5.183:46255, 816c2023-76ea-4558-9da7-70127639a79a:192.168.5.183:35106], old=null
2019-09-16 16:36:18,334 [pool-87-thread-1] INFO  impl.RoleInfo (RoleInfo.java:updateAndGet(143)) - e3c513c6-7b5b-430b-887c-eb88026c45f2: start FollowerState
2019-09-16 16:36:18,334 [pool-57-thread-1] INFO  util.JmxRegister (JmxRegister.java:tryRegister(44)) - Successfully registered JMX Bean with object name Ratis:service=RaftServer,group=group-95577443B077,id=816c2023-76ea-4558-9da7-70127639a79a
2019-09-16 16:36:18,334 [pool-67-thread-1] INFO  impl.RaftServerImpl (RaftServerImpl.java:setRole(174)) - 33002f53-59d2-46ae-91ae-843eaa52c7d0@group-95577443B077: changes role from      null to FOLLOWER at term 0 for startAsFollower
2019-09-16 16:36:18,335 [pool-67-thread-1] INFO  impl.RoleInfo (RoleInfo.java:updateAndGet(143)) - 33002f53-59d2-46ae-91ae-843eaa52c7d0: start FollowerState
2019-09-16 16:36:18,335 [pool-87-thread-1] INFO  util.JmxRegister (JmxRegister.java:tryRegister(44)) - Successfully registered JMX Bean with object name Ratis:service=RaftServer,group=group-95577443B077,id=e3c513c6-7b5b-430b-887c-eb88026c45f2
2019-09-16 16:36:18,335 [pool-67-thread-1] INFO  util.JmxRegister (JmxRegister.java:tryRegister(44)) - Successfully registered JMX Bean with object name Ratis:service=RaftServer,group=group-95577443B077,id=33002f53-59d2-46ae-91ae-843eaa52c7d0
2019-09-16 16:36:18,338 [RatisPipelineUtilsThread] INFO  pipeline.PipelineStateManager (PipelineStateManager.java:addPipeline(56)) - Created pipeline Pipeline[ Id: e1bb0fa0-d642-486b-acf7-95577443b077, Nodes: e3c513c6-7b5b-430b-887c-eb88026c45f2{ip: 192.168.5.183, host: pr-hdds-1054-fkf2j-3502855176, networkLocation: /default-rack, certSerialId: null}816c2023-76ea-4558-9da7-70127639a79a{ip: 192.168.5.183, host: pr-hdds-1054-fkf2j-3502855176, networkLocation: /default-rack, certSerialId: null}33002f53-59d2-46ae-91ae-843eaa52c7d0{ip: 192.168.5.183, host: pr-hdds-1054-fkf2j-3502855176, networkLocation: /default-rack, certSerialId: null}, Type:RATIS, Factor:THREE, State:OPEN]
2019-09-16 16:36:18,389 [org.apache.ratis.server.impl.LogAppender$AppenderDaemon$$Lambda$486/1268950271@149d4023] ERROR ratis.XceiverServerRatis (XceiverServerRatis.java:triggerPipelineClose(568)) - pipeline Action CLOSE  on pipeline PipelineID=5cfbe3f7-52ce-47b9-acbf-03260b50b3e1.Reason : 33002f53-59d2-46ae-91ae-843eaa52c7d0 has not seen follower/s e3c513c6-7b5b-430b-887c-eb88026c45f2 for 164853ms 816c2023-76ea-4558-9da7-70127639a79a for 164854ms
2019-09-16 16:36:18,389 [org.apache.ratis.server.impl.LogAppender$AppenderDaemon$$Lambda$486/1268950271@7264d23b] ERROR ratis.XceiverServerRatis (XceiverServerRatis.java:triggerPipelineClose(568)) - pipeline Action CLOSE  on pipeline PipelineID=5cfbe3f7-52ce-47b9-acbf-03260b50b3e1.Reason : 33002f53-59d2-46ae-91ae-843eaa52c7d0 has not seen follower/s e3c513c6-7b5b-430b-887c-eb88026c45f2 for 164854ms 816c2023-76ea-4558-9da7-70127639a79a for 164854ms
2019-09-16 16:36:18,878 [EventQueue-PipelineActionsForPipelineActionHandler] ERROR pipeline.PipelineActionHandler (PipelineActionHandler.java:onMessage(60)) - Received pipeline action CLOSE for Pipeline[ Id: 5cfbe3f7-52ce-47b9-acbf-03260b50b3e1, Nodes: e3c513c6-7b5b-430b-887c-eb88026c45f2{ip: 192.168.5.183, host: pr-hdds-1054-fkf2j-3502855176, networkLocation: /default-rack, certSerialId: null}816c2023-76ea-4558-9da7-70127639a79a{ip: 192.168.5.183, host: pr-hdds-1054-fkf2j-3502855176, networkLocation: /default-rack, certSerialId: null}33002f53-59d2-46ae-91ae-843eaa52c7d0{ip: 192.168.5.183, host: pr-hdds-1054-fkf2j-3502855176, networkLocation: /default-rack, certSerialId: null}, Type:RATIS, Factor:THREE, State:CLOSED] from datanode 33002f53-59d2-46ae-91ae-843eaa52c7d0{ip: 192.168.5.183, host: pr-hdds-1054-fkf2j-3502855176, networkLocation: /default-rack, certSerialId: null}. Reason : 33002f53-59d2-46ae-91ae-843eaa52c7d0 has not seen follower/s e3c513c6-7b5b-430b-887c-eb88026c45f2 for 164853ms 816c2023-76ea-4558-9da7-70127639a79a for 164854ms
2019-09-16 16:36:18,878 [EventQueue-PipelineActionsForPipelineActionHandler] INFO  pipeline.SCMPipelineManager (SCMPipelineManager.java:finalizeAndDestroyPipeline(311)) - destroying pipeline:Pipeline[ Id: 5cfbe3f7-52ce-47b9-acbf-03260b50b3e1, Nodes: e3c513c6-7b5b-430b-887c-eb88026c45f2{ip: 192.168.5.183, host: pr-hdds-1054-fkf2j-3502855176, networkLocation: /default-rack, certSerialId: null}816c2023-76ea-4558-9da7-70127639a79a{ip: 192.168.5.183, host: pr-hdds-1054-fkf2j-3502855176, networkLocation: /default-rack, certSerialId: null}33002f53-59d2-46ae-91ae-843eaa52c7d0{ip: 192.168.5.183, host: pr-hdds-1054-fkf2j-3502855176, networkLocation: /default-rack, certSerialId: null}, Type:RATIS, Factor:THREE, State:CLOSED]
2019-09-16 16:36:18,888 [java.util.concurrent.ThreadPoolExecutor$Worker@25934a47[State = -1, empty queue]] WARN  server.GrpcLogAppender (GrpcLogAppender.java:timeoutAppendRequest(200)) - 33002f53-59d2-46ae-91ae-843eaa52c7d0@group-03260B50B3E1->e3c513c6-7b5b-430b-887c-eb88026c45f2-GrpcLogAppender: appendEntries Timeout, request=33002f53-59d2-46ae-91ae-843eaa52c7d0->e3c513c6-7b5b-430b-887c-eb88026c45f2#159-t1, previous=(t:1, i:19), leaderCommit=12, initializing? false, entries: <empty>
2019-09-16 16:36:18,888 [java.util.concurrent.ThreadPoolExecutor$Worker@5dad4454[State = -1, empty queue]] WARN  server.GrpcLogAppender (GrpcLogAppender.java:timeoutAppendRequest(200)) - 33002f53-59d2-46ae-91ae-843eaa52c7d0@group-03260B50B3E1->816c2023-76ea-4558-9da7-70127639a79a-GrpcLogAppender: appendEntries Timeout, request=33002f53-59d2-46ae-91ae-843eaa52c7d0->816c2023-76ea-4558-9da7-70127639a79a#159-t1, previous=(t:1, i:19), leaderCommit=12, initializing? false, entries: <empty>
2019-09-16 16:36:20,146 [grpc-default-executor-4] INFO  client.GrpcClientProtocolClient (GrpcClientProtocolClient.java:onNext(264)) - client-2CBA63CDBB2F->e3c513c6-7b5b-430b-887c-eb88026c45f2: receive RaftClientReply:client-2CBA63CDBB2F->e3c513c6-7b5b-430b-887c-eb88026c45f2@group-03260B50B3E1, cid=36, FAILED org.apache.ratis.protocol.NotLeaderException: Server e3c513c6-7b5b-430b-887c-eb88026c45f2@group-03260B50B3E1 is not the leader 33002f53-59d2-46ae-91ae-843eaa52c7d0:192.168.5.183:46255, logIndex=0, commits[e3c513c6-7b5b-430b-887c-eb88026c45f2:c12, 33002f53-59d2-46ae-91ae-843eaa52c7d0:c12, 816c2023-76ea-4558-9da7-70127639a79a:c10]
2019-09-16 16:36:20,889 [org.apache.ratis.server.impl.LogAppender$AppenderDaemon$$Lambda$486/1268950271@7264d23b] ERROR ratis.XceiverServerRatis (XceiverServerRatis.java:triggerPipelineClose(568)) - pipeline Action CLOSE  on pipeline PipelineID=5cfbe3f7-52ce-47b9-acbf-03260b50b3e1.Reason : 33002f53-59d2-46ae-91ae-843eaa52c7d0 has not seen follower/s e3c513c6-7b5b-430b-887c-eb88026c45f2 for 167354ms 816c2023-76ea-4558-9da7-70127639a79a for 167355ms
2019-09-16 16:36:20,889 [org.apache.ratis.server.impl.LogAppender$AppenderDaemon$$Lambda$486/1268950271@149d4023] ERROR ratis.XceiverServerRatis (XceiverServerRatis.java:triggerPipelineClose(568)) - pipeline Action CLOSE  on pipeline PipelineID=5cfbe3f7-52ce-47b9-acbf-03260b50b3e1.Reason : 33002f53-59d2-46ae-91ae-843eaa52c7d0 has not seen follower/s e3c513c6-7b5b-430b-887c-eb88026c45f2 for 167354ms 816c2023-76ea-4558-9da7-70127639a79a for 167355ms
2019-09-16 16:36:21,389 [java.util.concurrent.ThreadPoolExecutor$Worker@25934a47[State = -1, empty queue]] WARN  server.GrpcLogAppender (GrpcLogAppender.java:timeoutAppendRequest(200)) - 33002f53-59d2-46ae-91ae-843eaa52c7d0@group-03260B50B3E1->e3c513c6-7b5b-430b-887c-eb88026c45f2-GrpcLogAppender: appendEntries Timeout, request=33002f53-59d2-46ae-91ae-843eaa52c7d0->e3c513c6-7b5b-430b-887c-eb88026c45f2#160-t1, previous=(t:1, i:19), leaderCommit=12, initializing? false, entries: <empty>
2019-09-16 16:36:21,389 [java.util.concurrent.ThreadPoolExecutor$Worker@5dad4454[State = -1, empty queue]] WARN  server.GrpcLogAppender (GrpcLogAppender.java:timeoutAppendRequest(200)) - 33002f53-59d2-46ae-91ae-843eaa52c7d0@group-03260B50B3E1->816c2023-76ea-4558-9da7-70127639a79a-GrpcLogAppender: appendEntries Timeout, request=33002f53-59d2-46ae-91ae-843eaa52c7d0->816c2023-76ea-4558-9da7-70127639a79a#160-t1, previous=(t:1, i:19), leaderCommit=12, initializing? false, entries: <empty>
2019-09-16 16:36:21,878 [EventQueue-PipelineActionsForPipelineActionHandler] ERROR pipeline.PipelineActionHandler (PipelineActionHandler.java:onMessage(60)) - Received pipeline action CLOSE for Pipeline[ Id: 5cfbe3f7-52ce-47b9-acbf-03260b50b3e1, Nodes: e3c513c6-7b5b-430b-887c-eb88026c45f2{ip: 192.168.5.183, host: pr-hdds-1054-fkf2j-3502855176, networkLocation: /default-rack, certSerialId: null}816c2023-76ea-4558-9da7-70127639a79a{ip: 192.168.5.183, host: pr-hdds-1054-fkf2j-3502855176, networkLocation: /default-rack, certSerialId: null}33002f53-59d2-46ae-91ae-843eaa52c7d0{ip: 192.168.5.183, host: pr-hdds-1054-fkf2j-3502855176, networkLocation: /default-rack, certSerialId: null}, Type:RATIS, Factor:THREE, State:CLOSED] from datanode 33002f53-59d2-46ae-91ae-843eaa52c7d0{ip: 192.168.5.183, host: pr-hdds-1054-fkf2j-3502855176, networkLocation: /default-rack, certSerialId: null}. Reason : 33002f53-59d2-46ae-91ae-843eaa52c7d0 has not seen follower/s e3c513c6-7b5b-430b-887c-eb88026c45f2 for 167354ms 816c2023-76ea-4558-9da7-70127639a79a for 167355ms
2019-09-16 16:36:21,878 [EventQueue-PipelineActionsForPipelineActionHandler] INFO  pipeline.SCMPipelineManager (SCMPipelineManager.java:finalizeAndDestroyPipeline(311)) - destroying pipeline:Pipeline[ Id: 5cfbe3f7-52ce-47b9-acbf-03260b50b3e1, Nodes: e3c513c6-7b5b-430b-887c-eb88026c45f2{ip: 192.168.5.183, host: pr-hdds-1054-fkf2j-3502855176, networkLocation: /default-rack, certSerialId: null}816c2023-76ea-4558-9da7-70127639a79a{ip: 192.168.5.183, host: pr-hdds-1054-fkf2j-3502855176, networkLocation: /default-rack, certSerialId: null}33002f53-59d2-46ae-91ae-843eaa52c7d0{ip: 192.168.5.183, host: pr-hdds-1054-fkf2j-3502855176, networkLocation: /default-rack, certSerialId: null}, Type:RATIS, Factor:THREE, State:CLOSED]
2019-09-16 16:36:23,374 [Thread-1347] INFO  impl.FollowerState (FollowerState.java:run(106)) - e3c513c6-7b5b-430b-887c-eb88026c45f2:group-95577443B077 changes to CANDIDATE, lastRpcTime:5039, electionTimeout:5039ms
2019-09-16 16:36:23,375 [Thread-1347] INFO  impl.RoleInfo (RoleInfo.java:shutdownFollowerState(121)) - e3c513c6-7b5b-430b-887c-eb88026c45f2: shutdown FollowerState
2019-09-16 16:36:23,376 [Thread-1347] INFO  impl.RaftServerImpl (RaftServerImpl.java:setRole(174)) - e3c513c6-7b5b-430b-887c-eb88026c45f2@group-95577443B077: changes role from  FOLLOWER to CANDIDATE at term 0 for changeToCandidate
2019-09-16 16:36:23,376 [Thread-1347] INFO  impl.RoleInfo (RoleInfo.java:updateAndGet(143)) - e3c513c6-7b5b-430b-887c-eb88026c45f2: start LeaderElection
2019-09-16 16:36:23,389 [Thread-1346] INFO  impl.FollowerState (FollowerState.java:run(106)) - 816c2023-76ea-4558-9da7-70127639a79a:group-95577443B077 changes to CANDIDATE, lastRpcTime:5055, electionTimeout:5055ms
2019-09-16 16:36:23,389 [Thread-1346] INFO  impl.RoleInfo (RoleInfo.java:shutdownFollowerState(121)) - 816c2023-76ea-4558-9da7-70127639a79a: shutdown FollowerState
2019-09-16 16:36:23,390 [Thread-1346] INFO  impl.RaftServerImpl (RaftServerImpl.java:setRole(174)) - 816c2023-76ea-4558-9da7-70127639a79a@group-95577443B077: changes role from  FOLLOWER to CANDIDATE at term 0 for changeToCandidate
2019-09-16 16:36:23,390 [Thread-1346] INFO  impl.RoleInfo (RoleInfo.java:updateAndGet(143)) - 816c2023-76ea-4558-9da7-70127639a79a: start LeaderElection
2019-09-16 16:36:23,408 [org.apache.ratis.server.impl.LogAppender$AppenderDaemon$$Lambda$486/1268950271@7264d23b] ERROR ratis.XceiverServerRatis (XceiverServerRatis.java:triggerPipelineClose(568)) - pipeline Action CLOSE  on pipeline PipelineID=5cfbe3f7-52ce-47b9-acbf-03260b50b3e1.Reason : 33002f53-59d2-46ae-91ae-843eaa52c7d0 has not seen follower/s e3c513c6-7b5b-430b-887c-eb88026c45f2 for 169855ms 816c2023-76ea-4558-9da7-70127639a79a for 169856ms
2019-09-16 16:36:23,408 [org.apache.ratis.server.impl.LogAppender$AppenderDaemon$$Lambda$486/1268950271@149d4023] ERROR ratis.XceiverServerRatis (XceiverServerRatis.java:triggerPipelineClose(568)) - pipeline Action CLOSE  on pipeline PipelineID=5cfbe3f7-52ce-47b9-acbf-03260b50b3e1.Reason : 33002f53-59d2-46ae-91ae-843eaa52c7d0 has not seen follower/s e3c513c6-7b5b-430b-887c-eb88026c45f2 for 169855ms 816c2023-76ea-4558-9da7-70127639a79a for 169856ms
2019-09-16 16:36:23,437 [816c2023-76ea-4558-9da7-70127639a79a@group-95577443B077:LeaderElection13] INFO  impl.LeaderElection (LeaderElection.java:askForVotes(182)) - 816c2023-76ea-4558-9da7-70127639a79a@group-95577443B077:LeaderElection13: begin an election at term 1 for -1: [e3c513c6-7b5b-430b-887c-eb88026c45f2:192.168.5.183:36912, 33002f53-59d2-46ae-91ae-843eaa52c7d0:192.168.5.183:46255, 816c2023-76ea-4558-9da7-70127639a79a:192.168.5.183:35106], old=null
2019-09-16 16:36:23,437 [e3c513c6-7b5b-430b-887c-eb88026c45f2@group-95577443B077:LeaderElection12] INFO  impl.LeaderElection (LeaderElection.java:askForVotes(182)) - e3c513c6-7b5b-430b-887c-eb88026c45f2@group-95577443B077:LeaderElection12: begin an election at term 1 for -1: [e3c513c6-7b5b-430b-887c-eb88026c45f2:192.168.5.183:36912, 33002f53-59d2-46ae-91ae-843eaa52c7d0:192.168.5.183:46255, 816c2023-76ea-4558-9da7-70127639a79a:192.168.5.183:35106], old=null
2019-09-16 16:36:23,448 [grpc-default-executor-2] INFO  impl.RaftServerImpl (RaftServerImpl.java:setRole(174)) - 33002f53-59d2-46ae-91ae-843eaa52c7d0@group-95577443B077: changes role from  FOLLOWER to FOLLOWER at term 1 for recognizeCandidate:816c2023-76ea-4558-9da7-70127639a79a
2019-09-16 16:36:23,450 [grpc-default-executor-2] INFO  impl.RoleInfo (RoleInfo.java:shutdownFollowerState(121)) - 33002f53-59d2-46ae-91ae-843eaa52c7d0: shutdown FollowerState
2019-09-16 16:36:23,451 [grpc-default-executor-2] INFO  impl.RoleInfo (RoleInfo.java:updateAndGet(143)) - 33002f53-59d2-46ae-91ae-843eaa52c7d0: start FollowerState
2019-09-16 16:36:23,451 [Thread-1348] INFO  impl.FollowerState (FollowerState.java:run(115)) - 33002f53-59d2-46ae-91ae-843eaa52c7d0: FollowerState was interrupted: java.lang.InterruptedException: sleep interrupted
2019-09-16 16:36:23,469 [e3c513c6-7b5b-430b-887c-eb88026c45f2@group-95577443B077:LeaderElection12] INFO  impl.LeaderElection (LeaderElection.java:logAndReturn(56)) - e3c513c6-7b5b-430b-887c-eb88026c45f2@group-95577443B077:LeaderElection12: Election REJECTED; received 2 response(s) [e3c513c6-7b5b-430b-887c-eb88026c45f2<-33002f53-59d2-46ae-91ae-843eaa52c7d0#0:FAIL-t1, e3c513c6-7b5b-430b-887c-eb88026c45f2<-816c2023-76ea-4558-9da7-70127639a79a#0:FAIL-t1] and 0 exception(s); e3c513c6-7b5b-430b-887c-eb88026c45f2@group-95577443B077:t1, leader=null, voted=e3c513c6-7b5b-430b-887c-eb88026c45f2, raftlog=e3c513c6-7b5b-430b-887c-eb88026c45f2@group-95577443B077-SegmentedRaftLog:OPENED:c-1,f-1,i0, conf=-1: [e3c513c6-7b5b-430b-887c-eb88026c45f2:192.168.5.183:36912, 33002f53-59d2-46ae-91ae-843eaa52c7d0:192.168.5.183:46255, 816c2023-76ea-4558-9da7-70127639a79a:192.168.5.183:35106], old=null
2019-09-16 16:36:23,469 [816c2023-76ea-4558-9da7-70127639a79a@group-95577443B077:LeaderElection13] INFO  impl.LeaderElection (LeaderElection.java:logAndReturn(56)) - 816c2023-76ea-4558-9da7-70127639a79a@group-95577443B077:LeaderElection13: Election PASSED; received 2 response(s) [816c2023-76ea-4558-9da7-70127639a79a<-e3c513c6-7b5b-430b-887c-eb88026c45f2#0:FAIL-t1, 816c2023-76ea-4558-9da7-70127639a79a<-33002f53-59d2-46ae-91ae-843eaa52c7d0#0:OK-t1] and 0 exception(s); 816c2023-76ea-4558-9da7-70127639a79a@group-95577443B077:t1, leader=null, voted=816c2023-76ea-4558-9da7-70127639a79a, raftlog=816c2023-76ea-4558-9da7-70127639a79a@group-95577443B077-SegmentedRaftLog:OPENED:c-1,f-1,i0, conf=-1: [e3c513c6-7b5b-430b-887c-eb88026c45f2:192.168.5.183:36912, 33002f53-59d2-46ae-91ae-843eaa52c7d0:192.168.5.183:46255, 816c2023-76ea-4558-9da7-70127639a79a:192.168.5.183:35106], old=null
2019-09-16 16:36:23,469 [e3c513c6-7b5b-430b-887c-eb88026c45f2@group-95577443B077:LeaderElection12] INFO  impl.RaftServerImpl (RaftServerImpl.java:setRole(174)) - e3c513c6-7b5b-430b-887c-eb88026c45f2@group-95577443B077: changes role from CANDIDATE to FOLLOWER at term 1 for DISCOVERED_A_NEW_TERM
2019-09-16 16:36:23,471 [816c2023-76ea-4558-9da7-70127639a79a@group-95577443B077:LeaderElection13] INFO  impl.RoleInfo (RoleInfo.java:shutdownLeaderElection(134)) - 816c2023-76ea-4558-9da7-70127639a79a: shutdown LeaderElection
2019-09-16 16:36:23,475 [e3c513c6-7b5b-430b-887c-eb88026c45f2@group-95577443B077:LeaderElection12] INFO  impl.RoleInfo (RoleInfo.java:shutdownLeaderElection(134)) - e3c513c6-7b5b-430b-887c-eb88026c45f2: shutdown LeaderElection
2019-09-16 16:36:23,476 [816c2023-76ea-4558-9da7-70127639a79a@group-95577443B077:LeaderElection13] INFO  impl.RaftServerImpl (RaftServerImpl.java:setRole(174)) - 816c2023-76ea-4558-9da7-70127639a79a@group-95577443B077: changes role from CANDIDATE to LEADER at term 1 for changeToLeader
2019-09-16 16:36:23,476 [e3c513c6-7b5b-430b-887c-eb88026c45f2@group-95577443B077:LeaderElection12] INFO  impl.RoleInfo (RoleInfo.java:updateAndGet(143)) - e3c513c6-7b5b-430b-887c-eb88026c45f2: start FollowerState
2019-09-16 16:36:23,476 [816c2023-76ea-4558-9da7-70127639a79a@group-95577443B077:LeaderElection13] INFO  impl.RaftServerImpl (ServerState.java:setLeader(253)) - 816c2023-76ea-4558-9da7-70127639a79a@group-95577443B077: change Leader from null to 816c2023-76ea-4558-9da7-70127639a79a at term 1 for becomeLeader, leader elected after 5157ms
2019-09-16 16:36:23,479 [816c2023-76ea-4558-9da7-70127639a79a@group-95577443B077:LeaderElection13] INFO  server.RaftServerConfigKeys (ConfUtils.java:logGet(43)) - raft.server.staging.catchup.gap = 1000 (default)
2019-09-16 16:36:23,479 [816c2023-76ea-4558-9da7-70127639a79a@group-95577443B077:LeaderElection13] INFO  server.RaftServerConfigKeys (ConfUtils.java:logGet(43)) - raft.server.rpc.sleep.time = 25ms (default)
2019-09-16 16:36:23,479 [816c2023-76ea-4558-9da7-70127639a79a@group-95577443B077:LeaderElection13] INFO  server.RaftServerConfigKeys (ConfUtils.java:logGet(43)) - raft.server.write.element-limit = 4096 (default)
2019-09-16 16:36:23,479 [816c2023-76ea-4558-9da7-70127639a79a@group-95577443B077:LeaderElection13] INFO  server.RaftServerConfigKeys (ConfUtils.java:logGet(43)) - raft.server.watch.timeout = 10s (default)
2019-09-16 16:36:23,480 [816c2023-76ea-4558-9da7-70127639a79a@group-95577443B077:LeaderElection13] INFO  server.RaftServerConfigKeys (ConfUtils.java:logGet(43)) - raft.server.watch.timeout.denomination = 1s (default)
2019-09-16 16:36:23,480 [816c2023-76ea-4558-9da7-70127639a79a@group-95577443B077:LeaderElection13] INFO  server.RaftServerConfigKeys (ConfUtils.java:logGet(43)) - raft.server.watch.element-limit = 65536 (default)
2019-09-16 16:36:23,485 [816c2023-76ea-4558-9da7-70127639a79a@group-95577443B077:LeaderElection13] INFO  server.RaftServerConfigKeys (ConfUtils.java:logGet(43)) - raft.server.log.appender.snapshot.chunk.size.max = 16MB (=16777216) (default)
2019-09-16 16:36:23,485 [816c2023-76ea-4558-9da7-70127639a79a@group-95577443B077:LeaderElection13] INFO  server.RaftServerConfigKeys (ConfUtils.java:logGet(43)) - raft.server.log.appender.buffer.byte-limit = 33554432 (custom)
2019-09-16 16:36:23,485 [816c2023-76ea-4558-9da7-70127639a79a@group-95577443B077:LeaderElection13] INFO  server.RaftServerConfigKeys (ConfUtils.java:logGet(43)) - raft.server.log.appender.buffer.element-limit = 1 (custom)
2019-09-16 16:36:23,485 [816c2023-76ea-4558-9da7-70127639a79a@group-95577443B077:LeaderElection13] INFO  grpc.GrpcConfigKeys$Server (ConfUtils.java:logGet(43)) - raft.grpc.server.leader.outstanding.appends.max = 128 (default)
2019-09-16 16:36:23,486 [816c2023-76ea-4558-9da7-70127639a79a@group-95577443B077:LeaderElection13] INFO  server.RaftServerConfigKeys (ConfUtils.java:logGet(43)) - raft.server.rpc.request.timeout = 3000ms (default)
2019-09-16 16:36:23,486 [816c2023-76ea-4558-9da7-70127639a79a@group-95577443B077:LeaderElection13] INFO  server.RaftServerConfigKeys (ConfUtils.java:logGet(43)) - raft.server.log.appender.install.snapshot.enabled = false (custom)
2019-09-16 16:36:23,486 [816c2023-76ea-4558-9da7-70127639a79a@group-95577443B077:LeaderElection13] INFO  server.RaftServerConfigKeys (ConfUtils.java:logGet(43)) - raft.server.log.appender.snapshot.chunk.size.max = 16MB (=16777216) (default)
2019-09-16 16:36:23,486 [816c2023-76ea-4558-9da7-70127639a79a@group-95577443B077:LeaderElection13] INFO  server.RaftServerConfigKeys (ConfUtils.java:logGet(43)) - raft.server.log.appender.buffer.byte-limit = 33554432 (custom)
2019-09-16 16:36:23,486 [816c2023-76ea-4558-9da7-70127639a79a@group-95577443B077:LeaderElection13] INFO  server.RaftServerConfigKeys (ConfUtils.java:logGet(43)) - raft.server.log.appender.buffer.element-limit = 1 (custom)
2019-09-16 16:36:23,487 [816c2023-76ea-4558-9da7-70127639a79a@group-95577443B077:LeaderElection13] INFO  grpc.GrpcConfigKeys$Server (ConfUtils.java:logGet(43)) - raft.grpc.server.leader.outstanding.appends.max = 128 (default)
2019-09-16 16:36:23,487 [816c2023-76ea-4558-9da7-70127639a79a@group-95577443B077:LeaderElection13] INFO  server.RaftServerConfigKeys (ConfUtils.java:logGet(43)) - raft.server.rpc.request.timeout = 3000ms (default)
2019-09-16 16:36:23,487 [816c2023-76ea-4558-9da7-70127639a79a@group-95577443B077:LeaderElection13] INFO  server.RaftServerConfigKeys (ConfUtils.java:logGet(43)) - raft.server.log.appender.install.snapshot.enabled = false (custom)
2019-09-16 16:36:23,487 [816c2023-76ea-4558-9da7-70127639a79a@group-95577443B077:LeaderElection13] INFO  impl.RoleInfo (RoleInfo.java:updateAndGet(143)) - 816c2023-76ea-4558-9da7-70127639a79a: start LeaderState
2019-09-16 16:36:23,488 [816c2023-76ea-4558-9da7-70127639a79a@group-95577443B077:LeaderElection13] INFO  segmented.SegmentedRaftLogWorker (SegmentedRaftLogWorker.java:startLogSegment(380)) - 816c2023-76ea-4558-9da7-70127639a79a@group-95577443B077-SegmentedRaftLogWorker: Starting segment from index:0
2019-09-16 16:36:23,489 [816c2023-76ea-4558-9da7-70127639a79a@group-95577443B077:LeaderElection13] INFO  impl.RaftServerImpl (ServerState.java:setRaftConf(354)) - 816c2023-76ea-4558-9da7-70127639a79a@group-95577443B077: set configuration 0: [e3c513c6-7b5b-430b-887c-eb88026c45f2:192.168.5.183:36912, 33002f53-59d2-46ae-91ae-843eaa52c7d0:192.168.5.183:46255, 816c2023-76ea-4558-9da7-70127639a79a:192.168.5.183:35106], old=null at 0
2019-09-16 16:36:23,522 [grpc-default-executor-2] INFO  impl.RaftServerImpl (ServerState.java:setLeader(253)) - 33002f53-59d2-46ae-91ae-843eaa52c7d0@group-95577443B077: change Leader from null to 816c2023-76ea-4558-9da7-70127639a79a at term 1 for appendEntries, leader elected after 5202ms
2019-09-16 16:36:23,522 [grpc-default-executor-3] INFO  impl.RaftServerImpl (ServerState.java:setLeader(253)) - e3c513c6-7b5b-430b-887c-eb88026c45f2@group-95577443B077: change Leader from null to 816c2023-76ea-4558-9da7-70127639a79a at term 1 for appendEntries, leader elected after 5203ms
2019-09-16 16:36:23,525 [grpc-default-executor-3] INFO  impl.RaftServerImpl (ServerState.java:setRaftConf(354)) - 33002f53-59d2-46ae-91ae-843eaa52c7d0@group-95577443B077: set configuration 0: [e3c513c6-7b5b-430b-887c-eb88026c45f2:192.168.5.183:36912, 33002f53-59d2-46ae-91ae-843eaa52c7d0:192.168.5.183:46255, 816c2023-76ea-4558-9da7-70127639a79a:192.168.5.183:35106], old=null at 0
2019-09-16 16:36:23,525 [grpc-default-executor-2] INFO  impl.RaftServerImpl (ServerState.java:setRaftConf(354)) - e3c513c6-7b5b-430b-887c-eb88026c45f2@group-95577443B077: set configuration 0: [e3c513c6-7b5b-430b-887c-eb88026c45f2:192.168.5.183:36912, 33002f53-59d2-46ae-91ae-843eaa52c7d0:192.168.5.183:46255, 816c2023-76ea-4558-9da7-70127639a79a:192.168.5.183:35106], old=null at 0
2019-09-16 16:36:23,525 [grpc-default-executor-3] INFO  segmented.SegmentedRaftLogWorker (SegmentedRaftLogWorker.java:startLogSegment(380)) - 33002f53-59d2-46ae-91ae-843eaa52c7d0@group-95577443B077-SegmentedRaftLogWorker: Starting segment from index:0
2019-09-16 16:36:23,525 [grpc-default-executor-2] INFO  segmented.SegmentedRaftLogWorker (SegmentedRaftLogWorker.java:startLogSegment(380)) - e3c513c6-7b5b-430b-887c-eb88026c45f2@group-95577443B077-SegmentedRaftLogWorker: Starting segment from index:0
2019-09-16 16:36:23,537 [816c2023-76ea-4558-9da7-70127639a79a@group-95577443B077-SegmentedRaftLogWorker] INFO  segmented.SegmentedRaftLogWorker (SegmentedRaftLogWorker.java:execute(569)) - 816c2023-76ea-4558-9da7-70127639a79a@group-95577443B077-SegmentedRaftLogWorker: created new log segment /workdir/hadoop-ozone/integration-test/target/test-dir/MiniOzoneClusterImpl-c243529b-f19b-491a-9c19-62109b2f5e7f/datanode-3/data/ratis/e1bb0fa0-d642-486b-acf7-95577443b077/current/log_inprogress_0
2019-09-16 16:36:23,589 [e3c513c6-7b5b-430b-887c-eb88026c45f2@group-95577443B077-SegmentedRaftLogWorker] INFO  segmented.SegmentedRaftLogWorker (SegmentedRaftLogWorker.java:execute(569)) - e3c513c6-7b5b-430b-887c-eb88026c45f2@group-95577443B077-SegmentedRaftLogWorker: created new log segment /workdir/hadoop-ozone/integration-test/target/test-dir/MiniOzoneClusterImpl-c243529b-f19b-491a-9c19-62109b2f5e7f/datanode-6/data/ratis/e1bb0fa0-d642-486b-acf7-95577443b077/current/log_inprogress_0
2019-09-16 16:36:23,589 [33002f53-59d2-46ae-91ae-843eaa52c7d0@group-95577443B077-SegmentedRaftLogWorker] INFO  segmented.SegmentedRaftLogWorker (SegmentedRaftLogWorker.java:execute(569)) - 33002f53-59d2-46ae-91ae-843eaa52c7d0@group-95577443B077-SegmentedRaftLogWorker: created new log segment /workdir/hadoop-ozone/integration-test/target/test-dir/MiniOzoneClusterImpl-c243529b-f19b-491a-9c19-62109b2f5e7f/datanode-4/data/ratis/e1bb0fa0-d642-486b-acf7-95577443b077/current/log_inprogress_0
2019-09-16 16:36:23,663 [33002f53-59d2-46ae-91ae-843eaa52c7d0@group-03260B50B3E1-SegmentedRaftLogWorker] WARN  segmented.SegmentedRaftLogWorker (SegmentedRaftLogWorker.java:getFromFuture(90)) - Timeout 16/~
org.apache.ratis.protocol.TimeoutIOException: Timeout 10s: WriteLog:13: (t:1, i:13), STATEMACHINELOGENTRY, client-2CBA63CDBB2F, cid=36-writeStateMachineData
	at org.apache.ratis.util.IOUtils.getFromFuture(IOUtils.java:87)
	at org.apache.ratis.server.raftlog.segmented.SegmentedRaftLogWorker$StateMachineDataPolicy.getFromFuture(SegmentedRaftLogWorker.java:87)
	at org.apache.ratis.server.raftlog.segmented.SegmentedRaftLogWorker$WriteLog.execute(SegmentedRaftLogWorker.java:477)
	at org.apache.ratis.server.raftlog.segmented.SegmentedRaftLogWorker.run(SegmentedRaftLogWorker.java:289)
	at java.lang.Thread.run(Thread.java:748)
Caused by: java.util.concurrent.TimeoutException
	at java.util.concurrent.CompletableFuture.timedGet(CompletableFuture.java:1771)
	at java.util.concurrent.CompletableFuture.get(CompletableFuture.java:1915)
	at org.apache.ratis.util.IOUtils.getFromFuture(IOUtils.java:79)
	... 4 more
2019-09-16 16:36:23,701 [816c2023-76ea-4558-9da7-70127639a79a@group-03260B50B3E1-SegmentedRaftLogWorker] WARN  segmented.SegmentedRaftLogWorker (SegmentedRaftLogWorker.java:getFromFuture(90)) - Timeout 16/~
org.apache.ratis.protocol.TimeoutIOException: Timeout 10s: WriteLog:13: (t:1, i:13), STATEMACHINELOGENTRY, client-2CBA63CDBB2F, cid=36-writeStateMachineData
	at org.apache.ratis.util.IOUtils.getFromFuture(IOUtils.java:87)
	at org.apache.ratis.server.raftlog.segmented.SegmentedRaftLogWorker$StateMachineDataPolicy.getFromFuture(SegmentedRaftLogWorker.java:87)
	at org.apache.ratis.server.raftlog.segmented.SegmentedRaftLogWorker$WriteLog.execute(SegmentedRaftLogWorker.java:477)
	at org.apache.ratis.server.raftlog.segmented.SegmentedRaftLogWorker.run(SegmentedRaftLogWorker.java:289)
	at java.lang.Thread.run(Thread.java:748)
Caused by: java.util.concurrent.TimeoutException
	at java.util.concurrent.CompletableFuture.timedGet(CompletableFuture.java:1771)
	at java.util.concurrent.CompletableFuture.get(CompletableFuture.java:1915)
	at org.apache.ratis.util.IOUtils.getFromFuture(IOUtils.java:79)
	... 4 more
2019-09-16 16:36:23,702 [e3c513c6-7b5b-430b-887c-eb88026c45f2@group-03260B50B3E1-SegmentedRaftLogWorker] WARN  segmented.SegmentedRaftLogWorker (SegmentedRaftLogWorker.java:getFromFuture(90)) - Timeout 16/~
org.apache.ratis.protocol.TimeoutIOException: Timeout 10s: WriteLog:13: (t:1, i:13), STATEMACHINELOGENTRY, client-2CBA63CDBB2F, cid=36-writeStateMachineData
	at org.apache.ratis.util.IOUtils.getFromFuture(IOUtils.java:87)
	at org.apache.ratis.server.raftlog.segmented.SegmentedRaftLogWorker$StateMachineDataPolicy.getFromFuture(SegmentedRaftLogWorker.java:87)
	at org.apache.ratis.server.raftlog.segmented.SegmentedRaftLogWorker$WriteLog.execute(SegmentedRaftLogWorker.java:477)
	at org.apache.ratis.server.raftlog.segmented.SegmentedRaftLogWorker.run(SegmentedRaftLogWorker.java:289)
	at java.lang.Thread.run(Thread.java:748)
Caused by: java.util.concurrent.TimeoutException
	at java.util.concurrent.CompletableFuture.timedGet(CompletableFuture.java:1771)
	at java.util.concurrent.CompletableFuture.get(CompletableFuture.java:1915)
	at org.apache.ratis.util.IOUtils.getFromFuture(IOUtils.java:79)
	... 4 more
2019-09-16 16:36:23,879 [EventQueue-PipelineActionsForPipelineActionHandler] ERROR pipeline.PipelineActionHandler (PipelineActionHandler.java:onMessage(60)) - Received pipeline action CLOSE for Pipeline[ Id: 5cfbe3f7-52ce-47b9-acbf-03260b50b3e1, Nodes: e3c513c6-7b5b-430b-887c-eb88026c45f2{ip: 192.168.5.183, host: pr-hdds-1054-fkf2j-3502855176, networkLocation: /default-rack, certSerialId: null}816c2023-76ea-4558-9da7-70127639a79a{ip: 192.168.5.183, host: pr-hdds-1054-fkf2j-3502855176, networkLocation: /default-rack, certSerialId: null}33002f53-59d2-46ae-91ae-843eaa52c7d0{ip: 192.168.5.183, host: pr-hdds-1054-fkf2j-3502855176, networkLocation: /default-rack, certSerialId: null}, Type:RATIS, Factor:THREE, State:CLOSED] from datanode 33002f53-59d2-46ae-91ae-843eaa52c7d0{ip: 192.168.5.183, host: pr-hdds-1054-fkf2j-3502855176, networkLocation: /default-rack, certSerialId: null}. Reason : 33002f53-59d2-46ae-91ae-843eaa52c7d0 has not seen follower/s e3c513c6-7b5b-430b-887c-eb88026c45f2 for 169855ms 816c2023-76ea-4558-9da7-70127639a79a for 169856ms
2019-09-16 16:36:23,879 [EventQueue-PipelineActionsForPipelineActionHandler] INFO  pipeline.SCMPipelineManager (SCMPipelineManager.java:finalizeAndDestroyPipeline(311)) - destroying pipeline:Pipeline[ Id: 5cfbe3f7-52ce-47b9-acbf-03260b50b3e1, Nodes: e3c513c6-7b5b-430b-887c-eb88026c45f2{ip: 192.168.5.183, host: pr-hdds-1054-fkf2j-3502855176, networkLocation: /default-rack, certSerialId: null}816c2023-76ea-4558-9da7-70127639a79a{ip: 192.168.5.183, host: pr-hdds-1054-fkf2j-3502855176, networkLocation: /default-rack, certSerialId: null}33002f53-59d2-46ae-91ae-843eaa52c7d0{ip: 192.168.5.183, host: pr-hdds-1054-fkf2j-3502855176, networkLocation: /default-rack, certSerialId: null}, Type:RATIS, Factor:THREE, State:CLOSED]
2019-09-16 16:36:23,889 [java.util.concurrent.ThreadPoolExecutor$Worker@25934a47[State = -1, empty queue]] WARN  server.GrpcLogAppender (GrpcLogAppender.java:timeoutAppendRequest(200)) - 33002f53-59d2-46ae-91ae-843eaa52c7d0@group-03260B50B3E1->e3c513c6-7b5b-430b-887c-eb88026c45f2-GrpcLogAppender: appendEntries Timeout, request=33002f53-59d2-46ae-91ae-843eaa52c7d0->e3c513c6-7b5b-430b-887c-eb88026c45f2#161-t1, previous=(t:1, i:19), leaderCommit=12, initializing? false, entries: <empty>
2019-09-16 16:36:23,889 [java.util.concurrent.ThreadPoolExecutor$Worker@5dad4454[State = -1, empty queue]] WARN  server.GrpcLogAppender (GrpcLogAppender.java:timeoutAppendRequest(200)) - 33002f53-59d2-46ae-91ae-843eaa52c7d0@group-03260B50B3E1->816c2023-76ea-4558-9da7-70127639a79a-GrpcLogAppender: appendEntries Timeout, request=33002f53-59d2-46ae-91ae-843eaa52c7d0->816c2023-76ea-4558-9da7-70127639a79a#161-t1, previous=(t:1, i:19), leaderCommit=12, initializing? false, entries: <empty>
2019-09-16 16:36:25,186 [grpc-default-executor-2] INFO  client.GrpcClientProtocolClient (GrpcClientProtocolClient.java:onNext(264)) - client-2CBA63CDBB2F->e3c513c6-7b5b-430b-887c-eb88026c45f2: receive RaftClientReply:client-2CBA63CDBB2F->e3c513c6-7b5b-430b-887c-eb88026c45f2@group-03260B50B3E1, cid=36, FAILED org.apache.ratis.protocol.NotLeaderException: Server e3c513c6-7b5b-430b-887c-eb88026c45f2@group-03260B50B3E1 is not the leader 33002f53-59d2-46ae-91ae-843eaa52c7d0:192.168.5.183:46255, logIndex=0, commits[e3c513c6-7b5b-430b-887c-eb88026c45f2:c12, 33002f53-59d2-46ae-91ae-843eaa52c7d0:c12, 816c2023-76ea-4558-9da7-70127639a79a:c10]
2019-09-16 16:36:25,891 [org.apache.ratis.server.impl.LogAppender$AppenderDaemon$$Lambda$486/1268950271@7264d23b] ERROR ratis.XceiverServerRatis (XceiverServerRatis.java:triggerPipelineClose(568)) - pipeline Action CLOSE  on pipeline PipelineID=5cfbe3f7-52ce-47b9-acbf-03260b50b3e1.Reason : 33002f53-59d2-46ae-91ae-843eaa52c7d0 has not seen follower/s e3c513c6-7b5b-430b-887c-eb88026c45f2 for 172356ms 816c2023-76ea-4558-9da7-70127639a79a for 172357ms
2019-09-16 16:36:25,891 [org.apache.ratis.server.impl.LogAppender$AppenderDaemon$$Lambda$486/1268950271@149d4023] ERROR ratis.XceiverServerRatis (XceiverServerRatis.java:triggerPipelineClose(568)) - pipeline Action CLOSE  on pipeline PipelineID=5cfbe3f7-52ce-47b9-acbf-03260b50b3e1.Reason : 33002f53-59d2-46ae-91ae-843eaa52c7d0 has not seen follower/s e3c513c6-7b5b-430b-887c-eb88026c45f2 for 172356ms 816c2023-76ea-4558-9da7-70127639a79a for 172357ms
2019-09-16 16:36:26,390 [java.util.concurrent.ThreadPoolExecutor$Worker@5dad4454[State = -1, empty queue]] WARN  server.GrpcLogAppender (GrpcLogAppender.java:timeoutAppendRequest(200)) - 33002f53-59d2-46ae-91ae-843eaa52c7d0@group-03260B50B3E1->816c2023-76ea-4558-9da7-70127639a79a-GrpcLogAppender: appendEntries Timeout, request=33002f53-59d2-46ae-91ae-843eaa52c7d0->816c2023-76ea-4558-9da7-70127639a79a#162-t1, previous=(t:1, i:19), leaderCommit=12, initializing? false, entries: <empty>
2019-09-16 16:36:26,390 [java.util.concurrent.ThreadPoolExecutor$Worker@25934a47[State = -1, empty queue]] WARN  server.GrpcLogAppender (GrpcLogAppender.java:timeoutAppendRequest(200)) - 33002f53-59d2-46ae-91ae-843eaa52c7d0@group-03260B50B3E1->e3c513c6-7b5b-430b-887c-eb88026c45f2-GrpcLogAppender: appendEntries Timeout, request=33002f53-59d2-46ae-91ae-843eaa52c7d0->e3c513c6-7b5b-430b-887c-eb88026c45f2#162-t1, previous=(t:1, i:19), leaderCommit=12, initializing? false, entries: <empty>
2019-09-16 16:36:26,878 [EventQueue-PipelineActionsForPipelineActionHandler] ERROR pipeline.PipelineActionHandler (PipelineActionHandler.java:onMessage(60)) - Received pipeline action CLOSE for Pipeline[ Id: 5cfbe3f7-52ce-47b9-acbf-03260b50b3e1, Nodes: e3c513c6-7b5b-430b-887c-eb88026c45f2{ip: 192.168.5.183, host: pr-hdds-1054-fkf2j-3502855176, networkLocation: /default-rack, certSerialId: null}816c2023-76ea-4558-9da7-70127639a79a{ip: 192.168.5.183, host: pr-hdds-1054-fkf2j-3502855176, networkLocation: /default-rack, certSerialId: null}33002f53-59d2-46ae-91ae-843eaa52c7d0{ip: 192.168.5.183, host: pr-hdds-1054-fkf2j-3502855176, networkLocation: /default-rack, certSerialId: null}, Type:RATIS, Factor:THREE, State:CLOSED] from datanode 33002f53-59d2-46ae-91ae-843eaa52c7d0{ip: 192.168.5.183, host: pr-hdds-1054-fkf2j-3502855176, networkLocation: /default-rack, certSerialId: null}. Reason : 33002f53-59d2-46ae-91ae-843eaa52c7d0 has not seen follower/s e3c513c6-7b5b-430b-887c-eb88026c45f2 for 172356ms 816c2023-76ea-4558-9da7-70127639a79a for 172357ms
2019-09-16 16:36:26,879 [EventQueue-PipelineActionsForPipelineActionHandler] INFO  pipeline.SCMPipelineManager (SCMPipelineManager.java:finalizeAndDestroyPipeline(311)) - destroying pipeline:Pipeline[ Id: 5cfbe3f7-52ce-47b9-acbf-03260b50b3e1, Nodes: e3c513c6-7b5b-430b-887c-eb88026c45f2{ip: 192.168.5.183, host: pr-hdds-1054-fkf2j-3502855176, networkLocation: /default-rack, certSerialId: null}816c2023-76ea-4558-9da7-70127639a79a{ip: 192.168.5.183, host: pr-hdds-1054-fkf2j-3502855176, networkLocation: /default-rack, certSerialId: null}33002f53-59d2-46ae-91ae-843eaa52c7d0{ip: 192.168.5.183, host: pr-hdds-1054-fkf2j-3502855176, networkLocation: /default-rack, certSerialId: null}, Type:RATIS, Factor:THREE, State:CLOSED]
2019-09-16 16:36:28,392 [org.apache.ratis.server.impl.LogAppender$AppenderDaemon$$Lambda$486/1268950271@7264d23b] ERROR ratis.XceiverServerRatis (XceiverServerRatis.java:triggerPipelineClose(568)) - pipeline Action CLOSE  on pipeline PipelineID=5cfbe3f7-52ce-47b9-acbf-03260b50b3e1.Reason : 33002f53-59d2-46ae-91ae-843eaa52c7d0 has not seen follower/s e3c513c6-7b5b-430b-887c-eb88026c45f2 for 174857ms 816c2023-76ea-4558-9da7-70127639a79a for 174858ms
2019-09-16 16:36:28,392 [org.apache.ratis.server.impl.LogAppender$AppenderDaemon$$Lambda$486/1268950271@149d4023] ERROR ratis.XceiverServerRatis (XceiverServerRatis.java:triggerPipelineClose(568)) - pipeline Action CLOSE  on pipeline PipelineID=5cfbe3f7-52ce-47b9-acbf-03260b50b3e1.Reason : 33002f53-59d2-46ae-91ae-843eaa52c7d0 has not seen follower/s e3c513c6-7b5b-430b-887c-eb88026c45f2 for 174857ms 816c2023-76ea-4558-9da7-70127639a79a for 174858ms
2019-09-16 16:36:28,879 [EventQueue-PipelineActionsForPipelineActionHandler] ERROR pipeline.PipelineActionHandler (PipelineActionHandler.java:onMessage(60)) - Received pipeline action CLOSE for Pipeline[ Id: 5cfbe3f7-52ce-47b9-acbf-03260b50b3e1, Nodes: e3c513c6-7b5b-430b-887c-eb88026c45f2{ip: 192.168.5.183, host: pr-hdds-1054-fkf2j-3502855176, networkLocation: /default-rack, certSerialId: null}816c2023-76ea-4558-9da7-70127639a79a{ip: 192.168.5.183, host: pr-hdds-1054-fkf2j-3502855176, networkLocation: /default-rack, certSerialId: null}33002f53-59d2-46ae-91ae-843eaa52c7d0{ip: 192.168.5.183, host: pr-hdds-1054-fkf2j-3502855176, networkLocation: /default-rack, certSerialId: null}, Type:RATIS, Factor:THREE, State:CLOSED] from datanode 33002f53-59d2-46ae-91ae-843eaa52c7d0{ip: 192.168.5.183, host: pr-hdds-1054-fkf2j-3502855176, networkLocation: /default-rack, certSerialId: null}. Reason : 33002f53-59d2-46ae-91ae-843eaa52c7d0 has not seen follower/s e3c513c6-7b5b-430b-887c-eb88026c45f2 for 174857ms 816c2023-76ea-4558-9da7-70127639a79a for 174858ms
2019-09-16 16:36:28,879 [EventQueue-PipelineActionsForPipelineActionHandler] INFO  pipeline.SCMPipelineManager (SCMPipelineManager.java:finalizeAndDestroyPipeline(311)) - destroying pipeline:Pipeline[ Id: 5cfbe3f7-52ce-47b9-acbf-03260b50b3e1, Nodes: e3c513c6-7b5b-430b-887c-eb88026c45f2{ip: 192.168.5.183, host: pr-hdds-1054-fkf2j-3502855176, networkLocation: /default-rack, certSerialId: null}816c2023-76ea-4558-9da7-70127639a79a{ip: 192.168.5.183, host: pr-hdds-1054-fkf2j-3502855176, networkLocation: /default-rack, certSerialId: null}33002f53-59d2-46ae-91ae-843eaa52c7d0{ip: 192.168.5.183, host: pr-hdds-1054-fkf2j-3502855176, networkLocation: /default-rack, certSerialId: null}, Type:RATIS, Factor:THREE, State:CLOSED]
2019-09-16 16:36:28,891 [java.util.concurrent.ThreadPoolExecutor$Worker@5dad4454[State = -1, empty queue]] WARN  server.GrpcLogAppender (GrpcLogAppender.java:timeoutAppendRequest(200)) - 33002f53-59d2-46ae-91ae-843eaa52c7d0@group-03260B50B3E1->816c2023-76ea-4558-9da7-70127639a79a-GrpcLogAppender: appendEntries Timeout, request=33002f53-59d2-46ae-91ae-843eaa52c7d0->816c2023-76ea-4558-9da7-70127639a79a#163-t1, previous=(t:1, i:19), leaderCommit=12, initializing? false, entries: <empty>
2019-09-16 16:36:28,891 [java.util.concurrent.ThreadPoolExecutor$Worker@25934a47[State = -1, empty queue]] WARN  server.GrpcLogAppender (GrpcLogAppender.java:timeoutAppendRequest(200)) - 33002f53-59d2-46ae-91ae-843eaa52c7d0@group-03260B50B3E1->e3c513c6-7b5b-430b-887c-eb88026c45f2-GrpcLogAppender: appendEntries Timeout, request=33002f53-59d2-46ae-91ae-843eaa52c7d0->e3c513c6-7b5b-430b-887c-eb88026c45f2#163-t1, previous=(t:1, i:19), leaderCommit=12, initializing? false, entries: <empty>
2019-09-16 16:36:30,230 [grpc-default-executor-3] INFO  client.GrpcClientProtocolClient (GrpcClientProtocolClient.java:onNext(264)) - client-2CBA63CDBB2F->e3c513c6-7b5b-430b-887c-eb88026c45f2: receive RaftClientReply:client-2CBA63CDBB2F->e3c513c6-7b5b-430b-887c-eb88026c45f2@group-03260B50B3E1, cid=36, FAILED org.apache.ratis.protocol.NotLeaderException: Server e3c513c6-7b5b-430b-887c-eb88026c45f2@group-03260B50B3E1 is not the leader 33002f53-59d2-46ae-91ae-843eaa52c7d0:192.168.5.183:46255, logIndex=0, commits[e3c513c6-7b5b-430b-887c-eb88026c45f2:c12, 33002f53-59d2-46ae-91ae-843eaa52c7d0:c12, 816c2023-76ea-4558-9da7-70127639a79a:c10]
2019-09-16 16:36:30,893 [org.apache.ratis.server.impl.LogAppender$AppenderDaemon$$Lambda$486/1268950271@7264d23b] ERROR ratis.XceiverServerRatis (XceiverServerRatis.java:triggerPipelineClose(568)) - pipeline Action CLOSE  on pipeline PipelineID=5cfbe3f7-52ce-47b9-acbf-03260b50b3e1.Reason : 33002f53-59d2-46ae-91ae-843eaa52c7d0 has not seen follower/s e3c513c6-7b5b-430b-887c-eb88026c45f2 for 177358ms 816c2023-76ea-4558-9da7-70127639a79a for 177359ms
2019-09-16 16:36:30,893 [org.apache.ratis.server.impl.LogAppender$AppenderDaemon$$Lambda$486/1268950271@149d4023] ERROR ratis.XceiverServerRatis (XceiverServerRatis.java:triggerPipelineClose(568)) - pipeline Action CLOSE  on pipeline PipelineID=5cfbe3f7-52ce-47b9-acbf-03260b50b3e1.Reason : 33002f53-59d2-46ae-91ae-843eaa52c7d0 has not seen follower/s e3c513c6-7b5b-430b-887c-eb88026c45f2 for 177358ms 816c2023-76ea-4558-9da7-70127639a79a for 177359ms
2019-09-16 16:36:31,392 [java.util.concurrent.ThreadPoolExecutor$Worker@25934a47[State = -1, empty queue]] WARN  server.GrpcLogAppender (GrpcLogAppender.java:timeoutAppendRequest(200)) - 33002f53-59d2-46ae-91ae-843eaa52c7d0@group-03260B50B3E1->e3c513c6-7b5b-430b-887c-eb88026c45f2-GrpcLogAppender: appendEntries Timeout, request=33002f53-59d2-46ae-91ae-843eaa52c7d0->e3c513c6-7b5b-430b-887c-eb88026c45f2#164-t1, previous=(t:1, i:19), leaderCommit=12, initializing? false, entries: <empty>
2019-09-16 16:36:31,392 [java.util.concurrent.ThreadPoolExecutor$Worker@5dad4454[State = -1, empty queue]] WARN  server.GrpcLogAppender (GrpcLogAppender.java:timeoutAppendRequest(200)) - 33002f53-59d2-46ae-91ae-843eaa52c7d0@group-03260B50B3E1->816c2023-76ea-4558-9da7-70127639a79a-GrpcLogAppender: appendEntries Timeout, request=33002f53-59d2-46ae-91ae-843eaa52c7d0->816c2023-76ea-4558-9da7-70127639a79a#164-t1, previous=(t:1, i:19), leaderCommit=12, initializing? false, entries: <empty>
2019-09-16 16:36:31,881 [EventQueue-PipelineActionsForPipelineActionHandler] ERROR pipeline.PipelineActionHandler (PipelineActionHandler.java:onMessage(60)) - Received pipeline action CLOSE for Pipeline[ Id: 5cfbe3f7-52ce-47b9-acbf-03260b50b3e1, Nodes: e3c513c6-7b5b-430b-887c-eb88026c45f2{ip: 192.168.5.183, host: pr-hdds-1054-fkf2j-3502855176, networkLocation: /default-rack, certSerialId: null}816c2023-76ea-4558-9da7-70127639a79a{ip: 192.168.5.183, host: pr-hdds-1054-fkf2j-3502855176, networkLocation: /default-rack, certSerialId: null}33002f53-59d2-46ae-91ae-843eaa52c7d0{ip: 192.168.5.183, host: pr-hdds-1054-fkf2j-3502855176, networkLocation: /default-rack, certSerialId: null}, Type:RATIS, Factor:THREE, State:CLOSED] from datanode 33002f53-59d2-46ae-91ae-843eaa52c7d0{ip: 192.168.5.183, host: pr-hdds-1054-fkf2j-3502855176, networkLocation: /default-rack, certSerialId: null}. Reason : 33002f53-59d2-46ae-91ae-843eaa52c7d0 has not seen follower/s e3c513c6-7b5b-430b-887c-eb88026c45f2 for 177358ms 816c2023-76ea-4558-9da7-70127639a79a for 177359ms
2019-09-16 16:36:31,881 [EventQueue-PipelineActionsForPipelineActionHandler] INFO  pipeline.SCMPipelineManager (SCMPipelineManager.java:finalizeAndDestroyPipeline(311)) - destroying pipeline:Pipeline[ Id: 5cfbe3f7-52ce-47b9-acbf-03260b50b3e1, Nodes: e3c513c6-7b5b-430b-887c-eb88026c45f2{ip: 192.168.5.183, host: pr-hdds-1054-fkf2j-3502855176, networkLocation: /default-rack, certSerialId: null}816c2023-76ea-4558-9da7-70127639a79a{ip: 192.168.5.183, host: pr-hdds-1054-fkf2j-3502855176, networkLocation: /default-rack, certSerialId: null}33002f53-59d2-46ae-91ae-843eaa52c7d0{ip: 192.168.5.183, host: pr-hdds-1054-fkf2j-3502855176, networkLocation: /default-rack, certSerialId: null}, Type:RATIS, Factor:THREE, State:CLOSED]
2019-09-16 16:36:33,394 [org.apache.ratis.server.impl.LogAppender$AppenderDaemon$$Lambda$486/1268950271@7264d23b] ERROR ratis.XceiverServerRatis (XceiverServerRatis.java:triggerPipelineClose(568)) - pipeline Action CLOSE  on pipeline PipelineID=5cfbe3f7-52ce-47b9-acbf-03260b50b3e1.Reason : 33002f53-59d2-46ae-91ae-843eaa52c7d0 has not seen follower/s e3c513c6-7b5b-430b-887c-eb88026c45f2 for 179858ms 816c2023-76ea-4558-9da7-70127639a79a for 179859ms
2019-09-16 16:36:33,394 [org.apache.ratis.server.impl.LogAppender$AppenderDaemon$$Lambda$486/1268950271@149d4023] ERROR ratis.XceiverServerRatis (XceiverServerRatis.java:triggerPipelineClose(568)) - pipeline Action CLOSE  on pipeline PipelineID=5cfbe3f7-52ce-47b9-acbf-03260b50b3e1.Reason : 33002f53-59d2-46ae-91ae-843eaa52c7d0 has not seen follower/s e3c513c6-7b5b-430b-887c-eb88026c45f2 for 179858ms 816c2023-76ea-4558-9da7-70127639a79a for 179859ms
2019-09-16 16:36:33,664 [33002f53-59d2-46ae-91ae-843eaa52c7d0@group-03260B50B3E1-SegmentedRaftLogWorker] WARN  segmented.SegmentedRaftLogWorker (SegmentedRaftLogWorker.java:getFromFuture(90)) - Timeout 17/~
org.apache.ratis.protocol.TimeoutIOException: Timeout 10s: WriteLog:13: (t:1, i:13), STATEMACHINELOGENTRY, client-2CBA63CDBB2F, cid=36-writeStateMachineData
	at org.apache.ratis.util.IOUtils.getFromFuture(IOUtils.java:87)
	at org.apache.ratis.server.raftlog.segmented.SegmentedRaftLogWorker$StateMachineDataPolicy.getFromFuture(SegmentedRaftLogWorker.java:87)
	at org.apache.ratis.server.raftlog.segmented.SegmentedRaftLogWorker$WriteLog.execute(SegmentedRaftLogWorker.java:477)
	at org.apache.ratis.server.raftlog.segmented.SegmentedRaftLogWorker.run(SegmentedRaftLogWorker.java:289)
	at java.lang.Thread.run(Thread.java:748)
Caused by: java.util.concurrent.TimeoutException
	at java.util.concurrent.CompletableFuture.timedGet(CompletableFuture.java:1771)
	at java.util.concurrent.CompletableFuture.get(CompletableFuture.java:1915)
	at org.apache.ratis.util.IOUtils.getFromFuture(IOUtils.java:79)
	... 4 more
2019-09-16 16:36:33,702 [816c2023-76ea-4558-9da7-70127639a79a@group-03260B50B3E1-SegmentedRaftLogWorker] WARN  segmented.SegmentedRaftLogWorker (SegmentedRaftLogWorker.java:getFromFuture(90)) - Timeout 17/~
org.apache.ratis.protocol.TimeoutIOException: Timeout 10s: WriteLog:13: (t:1, i:13), STATEMACHINELOGENTRY, client-2CBA63CDBB2F, cid=36-writeStateMachineData
	at org.apache.ratis.util.IOUtils.getFromFuture(IOUtils.java:87)
	at org.apache.ratis.server.raftlog.segmented.SegmentedRaftLogWorker$StateMachineDataPolicy.getFromFuture(SegmentedRaftLogWorker.java:87)
	at org.apache.ratis.server.raftlog.segmented.SegmentedRaftLogWorker$WriteLog.execute(SegmentedRaftLogWorker.java:477)
	at org.apache.ratis.server.raftlog.segmented.SegmentedRaftLogWorker.run(SegmentedRaftLogWorker.java:289)
	at java.lang.Thread.run(Thread.java:748)
Caused by: java.util.concurrent.TimeoutException
	at java.util.concurrent.CompletableFuture.timedGet(CompletableFuture.java:1771)
	at java.util.concurrent.CompletableFuture.get(CompletableFuture.java:1915)
	at org.apache.ratis.util.IOUtils.getFromFuture(IOUtils.java:79)
	... 4 more
2019-09-16 16:36:33,703 [e3c513c6-7b5b-430b-887c-eb88026c45f2@group-03260B50B3E1-SegmentedRaftLogWorker] WARN  segmented.SegmentedRaftLogWorker (SegmentedRaftLogWorker.java:getFromFuture(90)) - Timeout 17/~
org.apache.ratis.protocol.TimeoutIOException: Timeout 10s: WriteLog:13: (t:1, i:13), STATEMACHINELOGENTRY, client-2CBA63CDBB2F, cid=36-writeStateMachineData
	at org.apache.ratis.util.IOUtils.getFromFuture(IOUtils.java:87)
	at org.apache.ratis.server.raftlog.segmented.SegmentedRaftLogWorker$StateMachineDataPolicy.getFromFuture(SegmentedRaftLogWorker.java:87)
	at org.apache.ratis.server.raftlog.segmented.SegmentedRaftLogWorker$WriteLog.execute(SegmentedRaftLogWorker.java:477)
	at org.apache.ratis.server.raftlog.segmented.SegmentedRaftLogWorker.run(SegmentedRaftLogWorker.java:289)
	at java.lang.Thread.run(Thread.java:748)
Caused by: java.util.concurrent.TimeoutException
	at java.util.concurrent.CompletableFuture.timedGet(CompletableFuture.java:1771)
	at java.util.concurrent.CompletableFuture.get(CompletableFuture.java:1915)
	at org.apache.ratis.util.IOUtils.getFromFuture(IOUtils.java:79)
	... 4 more
2019-09-16 16:36:33,878 [EventQueue-PipelineActionsForPipelineActionHandler] ERROR pipeline.PipelineActionHandler (PipelineActionHandler.java:onMessage(60)) - Received pipeline action CLOSE for Pipeline[ Id: 5cfbe3f7-52ce-47b9-acbf-03260b50b3e1, Nodes: e3c513c6-7b5b-430b-887c-eb88026c45f2{ip: 192.168.5.183, host: pr-hdds-1054-fkf2j-3502855176, networkLocation: /default-rack, certSerialId: null}816c2023-76ea-4558-9da7-70127639a79a{ip: 192.168.5.183, host: pr-hdds-1054-fkf2j-3502855176, networkLocation: /default-rack, certSerialId: null}33002f53-59d2-46ae-91ae-843eaa52c7d0{ip: 192.168.5.183, host: pr-hdds-1054-fkf2j-3502855176, networkLocation: /default-rack, certSerialId: null}, Type:RATIS, Factor:THREE, State:CLOSED] from datanode 33002f53-59d2-46ae-91ae-843eaa52c7d0{ip: 192.168.5.183, host: pr-hdds-1054-fkf2j-3502855176, networkLocation: /default-rack, certSerialId: null}. Reason : 33002f53-59d2-46ae-91ae-843eaa52c7d0 has not seen follower/s e3c513c6-7b5b-430b-887c-eb88026c45f2 for 179858ms 816c2023-76ea-4558-9da7-70127639a79a for 179859ms
2019-09-16 16:36:33,878 [EventQueue-PipelineActionsForPipelineActionHandler] INFO  pipeline.SCMPipelineManager (SCMPipelineManager.java:finalizeAndDestroyPipeline(311)) - destroying pipeline:Pipeline[ Id: 5cfbe3f7-52ce-47b9-acbf-03260b50b3e1, Nodes: e3c513c6-7b5b-430b-887c-eb88026c45f2{ip: 192.168.5.183, host: pr-hdds-1054-fkf2j-3502855176, networkLocation: /default-rack, certSerialId: null}816c2023-76ea-4558-9da7-70127639a79a{ip: 192.168.5.183, host: pr-hdds-1054-fkf2j-3502855176, networkLocation: /default-rack, certSerialId: null}33002f53-59d2-46ae-91ae-843eaa52c7d0{ip: 192.168.5.183, host: pr-hdds-1054-fkf2j-3502855176, networkLocation: /default-rack, certSerialId: null}, Type:RATIS, Factor:THREE, State:CLOSED]
2019-09-16 16:36:33,893 [java.util.concurrent.ThreadPoolExecutor$Worker@5dad4454[State = -1, empty queue]] WARN  server.GrpcLogAppender (GrpcLogAppender.java:timeoutAppendRequest(200)) - 33002f53-59d2-46ae-91ae-843eaa52c7d0@group-03260B50B3E1->816c2023-76ea-4558-9da7-70127639a79a-GrpcLogAppender: appendEntries Timeout, request=33002f53-59d2-46ae-91ae-843eaa52c7d0->816c2023-76ea-4558-9da7-70127639a79a#165-t1, previous=(t:1, i:19), leaderCommit=12, initializing? false, entries: <empty>
2019-09-16 16:36:33,893 [java.util.concurrent.ThreadPoolExecutor$Worker@25934a47[State = -1, empty queue]] WARN  server.GrpcLogAppender (GrpcLogAppender.java:timeoutAppendRequest(200)) - 33002f53-59d2-46ae-91ae-843eaa52c7d0@group-03260B50B3E1->e3c513c6-7b5b-430b-887c-eb88026c45f2-GrpcLogAppender: appendEntries Timeout, request=33002f53-59d2-46ae-91ae-843eaa52c7d0->e3c513c6-7b5b-430b-887c-eb88026c45f2#165-t1, previous=(t:1, i:19), leaderCommit=12, initializing? false, entries: <empty>
2019-09-16 16:36:35,271 [grpc-default-executor-5] INFO  client.GrpcClientProtocolClient (GrpcClientProtocolClient.java:onNext(264)) - client-2CBA63CDBB2F->816c2023-76ea-4558-9da7-70127639a79a: receive RaftClientReply:client-2CBA63CDBB2F->816c2023-76ea-4558-9da7-70127639a79a@group-03260B50B3E1, cid=36, FAILED org.apache.ratis.protocol.NotLeaderException: Server 816c2023-76ea-4558-9da7-70127639a79a@group-03260B50B3E1 is not the leader 33002f53-59d2-46ae-91ae-843eaa52c7d0:192.168.5.183:46255, logIndex=0, commits[816c2023-76ea-4558-9da7-70127639a79a:c12, e3c513c6-7b5b-430b-887c-eb88026c45f2:c10, 33002f53-59d2-46ae-91ae-843eaa52c7d0:c12]
2019-09-16 16:36:35,895 [org.apache.ratis.server.impl.LogAppender$AppenderDaemon$$Lambda$486/1268950271@7264d23b] ERROR ratis.XceiverServerRatis (XceiverServerRatis.java:triggerPipelineClose(568)) - pipeline Action CLOSE  on pipeline PipelineID=5cfbe3f7-52ce-47b9-acbf-03260b50b3e1.Reason : 33002f53-59d2-46ae-91ae-843eaa52c7d0 has not seen follower/s e3c513c6-7b5b-430b-887c-eb88026c45f2 for 182359ms 816c2023-76ea-4558-9da7-70127639a79a for 182360ms
2019-09-16 16:36:35,895 [org.apache.ratis.server.impl.LogAppender$AppenderDaemon$$Lambda$486/1268950271@149d4023] ERROR ratis.XceiverServerRatis (XceiverServerRatis.java:triggerPipelineClose(568)) - pipeline Action CLOSE  on pipeline PipelineID=5cfbe3f7-52ce-47b9-acbf-03260b50b3e1.Reason : 33002f53-59d2-46ae-91ae-843eaa52c7d0 has not seen follower/s e3c513c6-7b5b-430b-887c-eb88026c45f2 for 182359ms 816c2023-76ea-4558-9da7-70127639a79a for 182360ms
2019-09-16 16:36:36,394 [java.util.concurrent.ThreadPoolExecutor$Worker@5dad4454[State = -1, empty queue]] WARN  server.GrpcLogAppender (GrpcLogAppender.java:timeoutAppendRequest(200)) - 33002f53-59d2-46ae-91ae-843eaa52c7d0@group-03260B50B3E1->816c2023-76ea-4558-9da7-70127639a79a-GrpcLogAppender: appendEntries Timeout, request=33002f53-59d2-46ae-91ae-843eaa52c7d0->816c2023-76ea-4558-9da7-70127639a79a#166-t1, previous=(t:1, i:19), leaderCommit=12, initializing? false, entries: <empty>
2019-09-16 16:36:36,394 [java.util.concurrent.ThreadPoolExecutor$Worker@25934a47[State = -1, empty queue]] WARN  server.GrpcLogAppender (GrpcLogAppender.java:timeoutAppendRequest(200)) - 33002f53-59d2-46ae-91ae-843eaa52c7d0@group-03260B50B3E1->e3c513c6-7b5b-430b-887c-eb88026c45f2-GrpcLogAppender: appendEntries Timeout, request=33002f53-59d2-46ae-91ae-843eaa52c7d0->e3c513c6-7b5b-430b-887c-eb88026c45f2#166-t1, previous=(t:1, i:19), leaderCommit=12, initializing? false, entries: <empty>
2019-09-16 16:36:36,878 [EventQueue-PipelineActionsForPipelineActionHandler] ERROR pipeline.PipelineActionHandler (PipelineActionHandler.java:onMessage(60)) - Received pipeline action CLOSE for Pipeline[ Id: 5cfbe3f7-52ce-47b9-acbf-03260b50b3e1, Nodes: e3c513c6-7b5b-430b-887c-eb88026c45f2{ip: 192.168.5.183, host: pr-hdds-1054-fkf2j-3502855176, networkLocation: /default-rack, certSerialId: null}816c2023-76ea-4558-9da7-70127639a79a{ip: 192.168.5.183, host: pr-hdds-1054-fkf2j-3502855176, networkLocation: /default-rack, certSerialId: null}33002f53-59d2-46ae-91ae-843eaa52c7d0{ip: 192.168.5.183, host: pr-hdds-1054-fkf2j-3502855176, networkLocation: /default-rack, certSerialId: null}, Type:RATIS, Factor:THREE, State:CLOSED] from datanode 33002f53-59d2-46ae-91ae-843eaa52c7d0{ip: 192.168.5.183, host: pr-hdds-1054-fkf2j-3502855176, networkLocation: /default-rack, certSerialId: null}. Reason : 33002f53-59d2-46ae-91ae-843eaa52c7d0 has not seen follower/s e3c513c6-7b5b-430b-887c-eb88026c45f2 for 182359ms 816c2023-76ea-4558-9da7-70127639a79a for 182360ms
2019-09-16 16:36:36,878 [EventQueue-PipelineActionsForPipelineActionHandler] INFO  pipeline.SCMPipelineManager (SCMPipelineManager.java:finalizeAndDestroyPipeline(311)) - destroying pipeline:Pipeline[ Id: 5cfbe3f7-52ce-47b9-acbf-03260b50b3e1, Nodes: e3c513c6-7b5b-430b-887c-eb88026c45f2{ip: 192.168.5.183, host: pr-hdds-1054-fkf2j-3502855176, networkLocation: /default-rack, certSerialId: null}816c2023-76ea-4558-9da7-70127639a79a{ip: 192.168.5.183, host: pr-hdds-1054-fkf2j-3502855176, networkLocation: /default-rack, certSerialId: null}33002f53-59d2-46ae-91ae-843eaa52c7d0{ip: 192.168.5.183, host: pr-hdds-1054-fkf2j-3502855176, networkLocation: /default-rack, certSerialId: null}, Type:RATIS, Factor:THREE, State:CLOSED]
2019-09-16 16:36:38,395 [org.apache.ratis.server.impl.LogAppender$AppenderDaemon$$Lambda$486/1268950271@7264d23b] ERROR ratis.XceiverServerRatis (XceiverServerRatis.java:triggerPipelineClose(568)) - pipeline Action CLOSE  on pipeline PipelineID=5cfbe3f7-52ce-47b9-acbf-03260b50b3e1.Reason : 33002f53-59d2-46ae-91ae-843eaa52c7d0 has not seen follower/s e3c513c6-7b5b-430b-887c-eb88026c45f2 for 184860ms 816c2023-76ea-4558-9da7-70127639a79a for 184861ms
2019-09-16 16:36:38,395 [org.apache.ratis.server.impl.LogAppender$AppenderDaemon$$Lambda$486/1268950271@149d4023] ERROR ratis.XceiverServerRatis (XceiverServerRatis.java:triggerPipelineClose(568)) - pipeline Action CLOSE  on pipeline PipelineID=5cfbe3f7-52ce-47b9-acbf-03260b50b3e1.Reason : 33002f53-59d2-46ae-91ae-843eaa52c7d0 has not seen follower/s e3c513c6-7b5b-430b-887c-eb88026c45f2 for 184860ms 816c2023-76ea-4558-9da7-70127639a79a for 184861ms
2019-09-16 16:36:38,878 [EventQueue-PipelineActionsForPipelineActionHandler] ERROR pipeline.PipelineActionHandler (PipelineActionHandler.java:onMessage(60)) - Received pipeline action CLOSE for Pipeline[ Id: 5cfbe3f7-52ce-47b9-acbf-03260b50b3e1, Nodes: e3c513c6-7b5b-430b-887c-eb88026c45f2{ip: 192.168.5.183, host: pr-hdds-1054-fkf2j-3502855176, networkLocation: /default-rack, certSerialId: null}816c2023-76ea-4558-9da7-70127639a79a{ip: 192.168.5.183, host: pr-hdds-1054-fkf2j-3502855176, networkLocation: /default-rack, certSerialId: null}33002f53-59d2-46ae-91ae-843eaa52c7d0{ip: 192.168.5.183, host: pr-hdds-1054-fkf2j-3502855176, networkLocation: /default-rack, certSerialId: null}, Type:RATIS, Factor:THREE, State:CLOSED] from datanode 33002f53-59d2-46ae-91ae-843eaa52c7d0{ip: 192.168.5.183, host: pr-hdds-1054-fkf2j-3502855176, networkLocation: /default-rack, certSerialId: null}. Reason : 33002f53-59d2-46ae-91ae-843eaa52c7d0 has not seen follower/s e3c513c6-7b5b-430b-887c-eb88026c45f2 for 184860ms 816c2023-76ea-4558-9da7-70127639a79a for 184861ms
2019-09-16 16:36:38,878 [EventQueue-PipelineActionsForPipelineActionHandler] INFO  pipeline.SCMPipelineManager (SCMPipelineManager.java:finalizeAndDestroyPipeline(311)) - destroying pipeline:Pipeline[ Id: 5cfbe3f7-52ce-47b9-acbf-03260b50b3e1, Nodes: e3c513c6-7b5b-430b-887c-eb88026c45f2{ip: 192.168.5.183, host: pr-hdds-1054-fkf2j-3502855176, networkLocation: /default-rack, certSerialId: null}816c2023-76ea-4558-9da7-70127639a79a{ip: 192.168.5.183, host: pr-hdds-1054-fkf2j-3502855176, networkLocation: /default-rack, certSerialId: null}33002f53-59d2-46ae-91ae-843eaa52c7d0{ip: 192.168.5.183, host: pr-hdds-1054-fkf2j-3502855176, networkLocation: /default-rack, certSerialId: null}, Type:RATIS, Factor:THREE, State:CLOSED]
2019-09-16 16:36:38,895 [java.util.concurrent.ThreadPoolExecutor$Worker@5dad4454[State = -1, empty queue]] WARN  server.GrpcLogAppender (GrpcLogAppender.java:timeoutAppendRequest(200)) - 33002f53-59d2-46ae-91ae-843eaa52c7d0@group-03260B50B3E1->816c2023-76ea-4558-9da7-70127639a79a-GrpcLogAppender: appendEntries Timeout, request=33002f53-59d2-46ae-91ae-843eaa52c7d0->816c2023-76ea-4558-9da7-70127639a79a#167-t1, previous=(t:1, i:19), leaderCommit=12, initializing? false, entries: <empty>
2019-09-16 16:36:38,895 [java.util.concurrent.ThreadPoolExecutor$Worker@25934a47[State = -1, empty queue]] WARN  server.GrpcLogAppender (GrpcLogAppender.java:timeoutAppendRequest(200)) - 33002f53-59d2-46ae-91ae-843eaa52c7d0@group-03260B50B3E1->e3c513c6-7b5b-430b-887c-eb88026c45f2-GrpcLogAppender: appendEntries Timeout, request=33002f53-59d2-46ae-91ae-843eaa52c7d0->e3c513c6-7b5b-430b-887c-eb88026c45f2#167-t1, previous=(t:1, i:19), leaderCommit=12, initializing? false, entries: <empty>
2019-09-16 16:36:39,848 [grpc-default-executor-2] INFO  impl.RaftServerProxy (RaftServerProxy.java:remove(95)) - e3c513c6-7b5b-430b-887c-eb88026c45f2: remove  FOLLOWER e3c513c6-7b5b-430b-887c-eb88026c45f2@group-03260B50B3E1:t1, leader=33002f53-59d2-46ae-91ae-843eaa52c7d0, voted=33002f53-59d2-46ae-91ae-843eaa52c7d0, raftlog=e3c513c6-7b5b-430b-887c-eb88026c45f2@group-03260B50B3E1-SegmentedRaftLog:OPENED:c12,f12,i19, conf=0: [e3c513c6-7b5b-430b-887c-eb88026c45f2:192.168.5.183:36912, 33002f53-59d2-46ae-91ae-843eaa52c7d0:192.168.5.183:46255, 816c2023-76ea-4558-9da7-70127639a79a:192.168.5.183:35106], old=null RUNNING
2019-09-16 16:36:39,849 [grpc-default-executor-2] INFO  impl.RaftServerImpl (RaftServerImpl.java:lambda$shutdown$3(251)) - e3c513c6-7b5b-430b-887c-eb88026c45f2@group-03260B50B3E1: shutdown
2019-09-16 16:36:39,849 [grpc-default-executor-2] INFO  util.JmxRegister (JmxRegister.java:unregister(73)) - Successfully un-registered JMX Bean with object name Ratis:service=RaftServer,group=group-03260B50B3E1,id=e3c513c6-7b5b-430b-887c-eb88026c45f2
2019-09-16 16:36:39,850 [grpc-default-executor-2] INFO  impl.RoleInfo (RoleInfo.java:shutdownFollowerState(121)) - e3c513c6-7b5b-430b-887c-eb88026c45f2: shutdown FollowerState
2019-09-16 16:36:39,850 [grpc-default-executor-2] INFO  impl.StateMachineUpdater (StateMachineUpdater.java:stopAndJoin(125)) - e3c513c6-7b5b-430b-887c-eb88026c45f2@group-03260B50B3E1-StateMachineUpdater: set stopIndex = 12
2019-09-16 16:36:39,850 [e3c513c6-7b5b-430b-887c-eb88026c45f2@group-03260B50B3E1-StateMachineUpdater] INFO  ratis.ContainerStateMachine (ContainerStateMachine.java:takeSnapshot(289)) - group-03260B50B3E1: Taking a snapshot at:(t:1, i:10) file /workdir/hadoop-ozone/integration-test/target/test-dir/MiniOzoneClusterImpl-c243529b-f19b-491a-9c19-62109b2f5e7f/datanode-6/data/ratis/5cfbe3f7-52ce-47b9-acbf-03260b50b3e1/sm/snapshot.1_10
2019-09-16 16:36:39,850 [Thread-318] INFO  impl.FollowerState (FollowerState.java:run(115)) - e3c513c6-7b5b-430b-887c-eb88026c45f2: FollowerState was interrupted: java.lang.InterruptedException: sleep interrupted
2019-09-16 16:36:39,888 [e3c513c6-7b5b-430b-887c-eb88026c45f2@group-03260B50B3E1-StateMachineUpdater] INFO  ratis.ContainerStateMachine (ContainerStateMachine.java:takeSnapshot(300)) - group-03260B50B3E1: Finished taking a snapshot at:(t:1, i:10) file:/workdir/hadoop-ozone/integration-test/target/test-dir/MiniOzoneClusterImpl-c243529b-f19b-491a-9c19-62109b2f5e7f/datanode-6/data/ratis/5cfbe3f7-52ce-47b9-acbf-03260b50b3e1/sm/snapshot.1_10 time:38
2019-09-16 16:36:39,888 [e3c513c6-7b5b-430b-887c-eb88026c45f2@group-03260B50B3E1-StateMachineUpdater] INFO  impl.StateMachineUpdater (StateMachineUpdater.java:takeSnapshot(258)) - e3c513c6-7b5b-430b-887c-eb88026c45f2@group-03260B50B3E1-StateMachineUpdater: Took a snapshot at index 10
2019-09-16 16:36:39,888 [e3c513c6-7b5b-430b-887c-eb88026c45f2@group-03260B50B3E1-StateMachineUpdater] INFO  impl.StateMachineUpdater (StateMachineUpdater.java:lambda$new$0(83)) - e3c513c6-7b5b-430b-887c-eb88026c45f2@group-03260B50B3E1-StateMachineUpdater: snapshotIndex: updateIncreasingly -1 -> 10
2019-09-16 16:36:39,889 [e3c513c6-7b5b-430b-887c-eb88026c45f2@group-03260B50B3E1-StateMachineUpdater] INFO  ratis.ContainerStateMachine (ContainerStateMachine.java:takeSnapshot(289)) - group-03260B50B3E1: Taking a snapshot at:(t:1, i:10) file /workdir/hadoop-ozone/integration-test/target/test-dir/MiniOzoneClusterImpl-c243529b-f19b-491a-9c19-62109b2f5e7f/datanode-6/data/ratis/5cfbe3f7-52ce-47b9-acbf-03260b50b3e1/sm/snapshot.1_10
2019-09-16 16:36:39,917 [e3c513c6-7b5b-430b-887c-eb88026c45f2@group-03260B50B3E1-StateMachineUpdater] INFO  ratis.ContainerStateMachine (ContainerStateMachine.java:takeSnapshot(300)) - group-03260B50B3E1: Finished taking a snapshot at:(t:1, i:10) file:/workdir/hadoop-ozone/integration-test/target/test-dir/MiniOzoneClusterImpl-c243529b-f19b-491a-9c19-62109b2f5e7f/datanode-6/data/ratis/5cfbe3f7-52ce-47b9-acbf-03260b50b3e1/sm/snapshot.1_10 time:28
2019-09-16 16:36:39,918 [e3c513c6-7b5b-430b-887c-eb88026c45f2@group-03260B50B3E1-StateMachineUpdater] INFO  impl.StateMachineUpdater (StateMachineUpdater.java:takeSnapshot(258)) - e3c513c6-7b5b-430b-887c-eb88026c45f2@group-03260B50B3E1-StateMachineUpdater: Took a snapshot at index 10
2019-09-16 16:36:39,918 [e3c513c6-7b5b-430b-887c-eb88026c45f2@group-03260B50B3E1-StateMachineUpdater] INFO  impl.StateMachineUpdater (StateMachineUpdater.java:lambda$new$0(83)) - e3c513c6-7b5b-430b-887c-eb88026c45f2@group-03260B50B3E1-StateMachineUpdater: snapshotIndex: updateIncreasingly 10 -> 10
2019-09-16 16:36:39,918 [grpc-default-executor-2] INFO  impl.RaftServerImpl (ServerState.java:close(385)) - e3c513c6-7b5b-430b-887c-eb88026c45f2@group-03260B50B3E1: closes. applyIndex: 12
2019-09-16 16:36:39,922 [e3c513c6-7b5b-430b-887c-eb88026c45f2@group-03260B50B3E1-SegmentedRaftLogWorker] ERROR ratis.XceiverServerRatis (XceiverServerRatis.java:triggerPipelineClose(568)) - pipeline Action CLOSE  on pipeline PipelineID=5cfbe3f7-52ce-47b9-acbf-03260b50b3e1.Reason : WriteLog:13: (t:1, i:13), STATEMACHINELOGENTRY, client-2CBA63CDBB2F, cid=36-writeStateMachineData interrupted.
2019-09-16 16:36:39,925 [grpc-default-executor-2] INFO  segmented.SegmentedRaftLogWorker (SegmentedRaftLogWorker.java:close(228)) - e3c513c6-7b5b-430b-887c-eb88026c45f2@group-03260B50B3E1-SegmentedRaftLogWorker close()
2019-09-16 16:36:39,930 [EventQueue-PipelineActionsForPipelineActionHandler] ERROR pipeline.PipelineActionHandler (PipelineActionHandler.java:onMessage(60)) - Received pipeline action CLOSE for Pipeline[ Id: 5cfbe3f7-52ce-47b9-acbf-03260b50b3e1, Nodes: e3c513c6-7b5b-430b-887c-eb88026c45f2{ip: 192.168.5.183, host: pr-hdds-1054-fkf2j-3502855176, networkLocation: /default-rack, certSerialId: null}816c2023-76ea-4558-9da7-70127639a79a{ip: 192.168.5.183, host: pr-hdds-1054-fkf2j-3502855176, networkLocation: /default-rack, certSerialId: null}33002f53-59d2-46ae-91ae-843eaa52c7d0{ip: 192.168.5.183, host: pr-hdds-1054-fkf2j-3502855176, networkLocation: /default-rack, certSerialId: null}, Type:RATIS, Factor:THREE, State:CLOSED] from datanode e3c513c6-7b5b-430b-887c-eb88026c45f2{ip: 192.168.5.183, host: pr-hdds-1054-fkf2j-3502855176, networkLocation: /default-rack, certSerialId: null}. Reason : WriteLog:13: (t:1, i:13), STATEMACHINELOGENTRY, client-2CBA63CDBB2F, cid=36-writeStateMachineData interrupted.
2019-09-16 16:36:39,930 [EventQueue-PipelineActionsForPipelineActionHandler] INFO  pipeline.SCMPipelineManager (SCMPipelineManager.java:finalizeAndDestroyPipeline(311)) - destroying pipeline:Pipeline[ Id: 5cfbe3f7-52ce-47b9-acbf-03260b50b3e1, Nodes: e3c513c6-7b5b-430b-887c-eb88026c45f2{ip: 192.168.5.183, host: pr-hdds-1054-fkf2j-3502855176, networkLocation: /default-rack, certSerialId: null}816c2023-76ea-4558-9da7-70127639a79a{ip: 192.168.5.183, host: pr-hdds-1054-fkf2j-3502855176, networkLocation: /default-rack, certSerialId: null}33002f53-59d2-46ae-91ae-843eaa52c7d0{ip: 192.168.5.183, host: pr-hdds-1054-fkf2j-3502855176, networkLocation: /default-rack, certSerialId: null}, Type:RATIS, Factor:THREE, State:CLOSED]
2019-09-16 16:36:39,943 [grpc-default-executor-2] INFO  interfaces.Container (KeyValueContainer.java:flushAndSyncDB(386)) - Container 1 is synced with bcsId 4.
2019-09-16 16:36:39,943 [grpc-default-executor-2] INFO  interfaces.Container (KeyValueContainer.java:flushAndSyncDB(386)) - Container 1 is synced with bcsId 4.
2019-09-16 16:36:39,967 [EventQueue-IncrementalContainerReportForIncrementalContainerReportHandler] INFO  container.IncrementalContainerReportHandler (AbstractContainerReportHandler.java:updateContainerState(169)) - Moving container #1 to QUASI_CLOSED state, datanode e3c513c6-7b5b-430b-887c-eb88026c45f2{ip: 192.168.5.183, host: pr-hdds-1054-fkf2j-3502855176, networkLocation: /default-rack, certSerialId: null} reported QUASI_CLOSED replica.
2019-09-16 16:36:39,977 [grpc-default-executor-2] INFO  interfaces.Container (KeyValueContainer.java:flushAndSyncDB(386)) - Container 4 is synced with bcsId 10.
2019-09-16 16:36:39,978 [grpc-default-executor-2] INFO  interfaces.Container (KeyValueContainer.java:flushAndSyncDB(386)) - Container 4 is synced with bcsId 10.
2019-09-16 16:36:40,008 [EventQueue-IncrementalContainerReportForIncrementalContainerReportHandler] INFO  container.IncrementalContainerReportHandler (AbstractContainerReportHandler.java:updateContainerState(169)) - Moving container #4 to QUASI_CLOSED state, datanode e3c513c6-7b5b-430b-887c-eb88026c45f2{ip: 192.168.5.183, host: pr-hdds-1054-fkf2j-3502855176, networkLocation: /default-rack, certSerialId: null} reported QUASI_CLOSED replica.
2019-09-16 16:36:40,112 [grpc-default-executor-2] INFO  interfaces.Container (KeyValueContainer.java:flushAndSyncDB(386)) - Container 5 is synced with bcsId 0.
2019-09-16 16:36:40,112 [grpc-default-executor-2] INFO  interfaces.Container (KeyValueContainer.java:flushAndSyncDB(386)) - Container 5 is synced with bcsId 0.
2019-09-16 16:36:40,138 [EventQueue-IncrementalContainerReportForIncrementalContainerReportHandler] INFO  container.IncrementalContainerReportHandler (AbstractContainerReportHandler.java:updateContainerState(169)) - Moving container #5 to QUASI_CLOSED state, datanode e3c513c6-7b5b-430b-887c-eb88026c45f2{ip: 192.168.5.183, host: pr-hdds-1054-fkf2j-3502855176, networkLocation: /default-rack, certSerialId: null} reported QUASI_CLOSED replica.
2019-09-16 16:36:40,142 [grpc-default-executor-2] INFO  impl.RaftServerProxy (RaftServerProxy.java:remove(95)) - 816c2023-76ea-4558-9da7-70127639a79a: remove  FOLLOWER 816c2023-76ea-4558-9da7-70127639a79a@group-03260B50B3E1:t1, leader=33002f53-59d2-46ae-91ae-843eaa52c7d0, voted=33002f53-59d2-46ae-91ae-843eaa52c7d0, raftlog=816c2023-76ea-4558-9da7-70127639a79a@group-03260B50B3E1-SegmentedRaftLog:OPENED:c12,f12,i19, conf=0: [e3c513c6-7b5b-430b-887c-eb88026c45f2:192.168.5.183:36912, 33002f53-59d2-46ae-91ae-843eaa52c7d0:192.168.5.183:46255, 816c2023-76ea-4558-9da7-70127639a79a:192.168.5.183:35106], old=null RUNNING
2019-09-16 16:36:40,142 [grpc-default-executor-2] INFO  impl.RaftServerImpl (RaftServerImpl.java:lambda$shutdown$3(251)) - 816c2023-76ea-4558-9da7-70127639a79a@group-03260B50B3E1: shutdown
2019-09-16 16:36:40,143 [grpc-default-executor-2] INFO  util.JmxRegister (JmxRegister.java:unregister(73)) - Successfully un-registered JMX Bean with object name Ratis:service=RaftServer,group=group-03260B50B3E1,id=816c2023-76ea-4558-9da7-70127639a79a
2019-09-16 16:36:40,143 [grpc-default-executor-2] INFO  impl.RoleInfo (RoleInfo.java:shutdownFollowerState(121)) - 816c2023-76ea-4558-9da7-70127639a79a: shutdown FollowerState
2019-09-16 16:36:40,143 [grpc-default-executor-2] INFO  impl.StateMachineUpdater (StateMachineUpdater.java:stopAndJoin(125)) - 816c2023-76ea-4558-9da7-70127639a79a@group-03260B50B3E1-StateMachineUpdater: set stopIndex = 12
2019-09-16 16:36:40,143 [816c2023-76ea-4558-9da7-70127639a79a@group-03260B50B3E1-StateMachineUpdater] INFO  ratis.ContainerStateMachine (ContainerStateMachine.java:takeSnapshot(289)) - group-03260B50B3E1: Taking a snapshot at:(t:1, i:10) file /workdir/hadoop-ozone/integration-test/target/test-dir/MiniOzoneClusterImpl-c243529b-f19b-491a-9c19-62109b2f5e7f/datanode-3/data/ratis/5cfbe3f7-52ce-47b9-acbf-03260b50b3e1/sm/snapshot.1_10
2019-09-16 16:36:40,143 [Thread-317] INFO  impl.FollowerState (FollowerState.java:run(115)) - 816c2023-76ea-4558-9da7-70127639a79a: FollowerState was interrupted: java.lang.InterruptedException: sleep interrupted
2019-09-16 16:36:40,214 [816c2023-76ea-4558-9da7-70127639a79a@group-03260B50B3E1-StateMachineUpdater] INFO  ratis.ContainerStateMachine (ContainerStateMachine.java:takeSnapshot(300)) - group-03260B50B3E1: Finished taking a snapshot at:(t:1, i:10) file:/workdir/hadoop-ozone/integration-test/target/test-dir/MiniOzoneClusterImpl-c243529b-f19b-491a-9c19-62109b2f5e7f/datanode-3/data/ratis/5cfbe3f7-52ce-47b9-acbf-03260b50b3e1/sm/snapshot.1_10 time:71
2019-09-16 16:36:40,214 [816c2023-76ea-4558-9da7-70127639a79a@group-03260B50B3E1-StateMachineUpdater] INFO  impl.StateMachineUpdater (StateMachineUpdater.java:takeSnapshot(258)) - 816c2023-76ea-4558-9da7-70127639a79a@group-03260B50B3E1-StateMachineUpdater: Took a snapshot at index 10
2019-09-16 16:36:40,214 [816c2023-76ea-4558-9da7-70127639a79a@group-03260B50B3E1-StateMachineUpdater] INFO  impl.StateMachineUpdater (StateMachineUpdater.java:lambda$new$0(83)) - 816c2023-76ea-4558-9da7-70127639a79a@group-03260B50B3E1-StateMachineUpdater: snapshotIndex: updateIncreasingly -1 -> 10
2019-09-16 16:36:40,214 [816c2023-76ea-4558-9da7-70127639a79a@group-03260B50B3E1-StateMachineUpdater] INFO  ratis.ContainerStateMachine (ContainerStateMachine.java:takeSnapshot(289)) - group-03260B50B3E1: Taking a snapshot at:(t:1, i:10) file /workdir/hadoop-ozone/integration-test/target/test-dir/MiniOzoneClusterImpl-c243529b-f19b-491a-9c19-62109b2f5e7f/datanode-3/data/ratis/5cfbe3f7-52ce-47b9-acbf-03260b50b3e1/sm/snapshot.1_10
2019-09-16 16:36:40,244 [816c2023-76ea-4558-9da7-70127639a79a@group-03260B50B3E1-StateMachineUpdater] INFO  ratis.ContainerStateMachine (ContainerStateMachine.java:takeSnapshot(300)) - group-03260B50B3E1: Finished taking a snapshot at:(t:1, i:10) file:/workdir/hadoop-ozone/integration-test/target/test-dir/MiniOzoneClusterImpl-c243529b-f19b-491a-9c19-62109b2f5e7f/datanode-3/data/ratis/5cfbe3f7-52ce-47b9-acbf-03260b50b3e1/sm/snapshot.1_10 time:30
2019-09-16 16:36:40,244 [816c2023-76ea-4558-9da7-70127639a79a@group-03260B50B3E1-StateMachineUpdater] INFO  impl.StateMachineUpdater (StateMachineUpdater.java:takeSnapshot(258)) - 816c2023-76ea-4558-9da7-70127639a79a@group-03260B50B3E1-StateMachineUpdater: Took a snapshot at index 10
2019-09-16 16:36:40,244 [816c2023-76ea-4558-9da7-70127639a79a@group-03260B50B3E1-StateMachineUpdater] INFO  impl.StateMachineUpdater (StateMachineUpdater.java:lambda$new$0(83)) - 816c2023-76ea-4558-9da7-70127639a79a@group-03260B50B3E1-StateMachineUpdater: snapshotIndex: updateIncreasingly 10 -> 10
2019-09-16 16:36:40,245 [grpc-default-executor-2] INFO  impl.RaftServerImpl (ServerState.java:close(385)) - 816c2023-76ea-4558-9da7-70127639a79a@group-03260B50B3E1: closes. applyIndex: 12
2019-09-16 16:36:40,249 [816c2023-76ea-4558-9da7-70127639a79a@group-03260B50B3E1-SegmentedRaftLogWorker] ERROR ratis.XceiverServerRatis (XceiverServerRatis.java:triggerPipelineClose(568)) - pipeline Action CLOSE  on pipeline PipelineID=5cfbe3f7-52ce-47b9-acbf-03260b50b3e1.Reason : WriteLog:13: (t:1, i:13), STATEMACHINELOGENTRY, client-2CBA63CDBB2F, cid=36-writeStateMachineData interrupted.
2019-09-16 16:36:40,251 [grpc-default-executor-2] INFO  segmented.SegmentedRaftLogWorker (SegmentedRaftLogWorker.java:close(228)) - 816c2023-76ea-4558-9da7-70127639a79a@group-03260B50B3E1-SegmentedRaftLogWorker close()
2019-09-16 16:36:40,256 [EventQueue-PipelineActionsForPipelineActionHandler] ERROR pipeline.PipelineActionHandler (PipelineActionHandler.java:onMessage(60)) - Received pipeline action CLOSE for Pipeline[ Id: 5cfbe3f7-52ce-47b9-acbf-03260b50b3e1, Nodes: e3c513c6-7b5b-430b-887c-eb88026c45f2{ip: 192.168.5.183, host: pr-hdds-1054-fkf2j-3502855176, networkLocation: /default-rack, certSerialId: null}816c2023-76ea-4558-9da7-70127639a79a{ip: 192.168.5.183, host: pr-hdds-1054-fkf2j-3502855176, networkLocation: /default-rack, certSerialId: null}33002f53-59d2-46ae-91ae-843eaa52c7d0{ip: 192.168.5.183, host: pr-hdds-1054-fkf2j-3502855176, networkLocation: /default-rack, certSerialId: null}, Type:RATIS, Factor:THREE, State:CLOSED] from datanode 816c2023-76ea-4558-9da7-70127639a79a{ip: 192.168.5.183, host: pr-hdds-1054-fkf2j-3502855176, networkLocation: /default-rack, certSerialId: null}. Reason : WriteLog:13: (t:1, i:13), STATEMACHINELOGENTRY, client-2CBA63CDBB2F, cid=36-writeStateMachineData interrupted.
2019-09-16 16:36:40,257 [EventQueue-PipelineActionsForPipelineActionHandler] INFO  pipeline.SCMPipelineManager (SCMPipelineManager.java:finalizeAndDestroyPipeline(311)) - destroying pipeline:Pipeline[ Id: 5cfbe3f7-52ce-47b9-acbf-03260b50b3e1, Nodes: e3c513c6-7b5b-430b-887c-eb88026c45f2{ip: 192.168.5.183, host: pr-hdds-1054-fkf2j-3502855176, networkLocation: /default-rack, certSerialId: null}816c2023-76ea-4558-9da7-70127639a79a{ip: 192.168.5.183, host: pr-hdds-1054-fkf2j-3502855176, networkLocation: /default-rack, certSerialId: null}33002f53-59d2-46ae-91ae-843eaa52c7d0{ip: 192.168.5.183, host: pr-hdds-1054-fkf2j-3502855176, networkLocation: /default-rack, certSerialId: null}, Type:RATIS, Factor:THREE, State:CLOSED]
2019-09-16 16:36:40,270 [grpc-default-executor-2] INFO  interfaces.Container (KeyValueContainer.java:flushAndSyncDB(386)) - Container 1 is synced with bcsId 4.
2019-09-16 16:36:40,270 [grpc-default-executor-2] INFO  interfaces.Container (KeyValueContainer.java:flushAndSyncDB(386)) - Container 1 is synced with bcsId 4.
2019-09-16 16:36:40,310 [main] WARN  io.KeyOutputStream (KeyOutputStream.java:handleException(276)) - Encountered exception java.io.IOException: Unexpected Storage Container Exception: java.util.concurrent.CompletionException: java.util.concurrent.CompletionException: org.apache.ratis.protocol.GroupMismatchException: 816c2023-76ea-4558-9da7-70127639a79a: group-03260B50B3E1 not found. on the pipeline Pipeline[ Id: 5cfbe3f7-52ce-47b9-acbf-03260b50b3e1, Nodes: e3c513c6-7b5b-430b-887c-eb88026c45f2{ip: 192.168.5.183, host: pr-hdds-1054-fkf2j-3502855176, networkLocation: /default-rack, certSerialId: null}816c2023-76ea-4558-9da7-70127639a79a{ip: 192.168.5.183, host: pr-hdds-1054-fkf2j-3502855176, networkLocation: /default-rack, certSerialId: null}33002f53-59d2-46ae-91ae-843eaa52c7d0{ip: 192.168.5.183, host: pr-hdds-1054-fkf2j-3502855176, networkLocation: /default-rack, certSerialId: null}, Type:RATIS, Factor:THREE, State:OPEN]. The last committed block length is 0, uncommitted data length is 400 retry count 0
2019-09-16 16:36:40,322 [grpc-default-executor-2] INFO  interfaces.Container (KeyValueContainer.java:flushAndSyncDB(386)) - Container 4 is synced with bcsId 10.
2019-09-16 16:36:40,322 [grpc-default-executor-2] INFO  interfaces.Container (KeyValueContainer.java:flushAndSyncDB(386)) - Container 4 is synced with bcsId 10.
2019-09-16 16:36:40,347 [grpc-default-executor-5] INFO  client.GrpcClientProtocolClient (GrpcClientProtocolClient.java:onNext(264)) - client-5DAEDA81DCCF->2b9d536e-7082-46d0-bcea-3da9bf5f5d0c: receive RaftClientReply:client-5DAEDA81DCCF->2b9d536e-7082-46d0-bcea-3da9bf5f5d0c@group-EFD673A008FB, cid=134, FAILED org.apache.ratis.protocol.NotLeaderException: Server 2b9d536e-7082-46d0-bcea-3da9bf5f5d0c@group-EFD673A008FB is not the leader 5da997ac-485a-4ae3-a11f-bd7c3a0ad14d:192.168.5.183:41252, logIndex=0, commits[2b9d536e-7082-46d0-bcea-3da9bf5f5d0c:c0, 103cee85-d2d3-4069-a903-4a8bed8118d2:c0, 5da997ac-485a-4ae3-a11f-bd7c3a0ad14d:c0]
2019-09-16 16:36:40,448 [grpc-default-executor-2] INFO  interfaces.Container (KeyValueContainer.java:flushAndSyncDB(386)) - Container 5 is synced with bcsId 0.
2019-09-16 16:36:40,449 [grpc-default-executor-2] INFO  interfaces.Container (KeyValueContainer.java:flushAndSyncDB(386)) - Container 5 is synced with bcsId 0.
2019-09-16 16:36:40,476 [grpc-default-executor-2] INFO  impl.RaftServerProxy (RaftServerProxy.java:remove(95)) - 33002f53-59d2-46ae-91ae-843eaa52c7d0: remove    LEADER 33002f53-59d2-46ae-91ae-843eaa52c7d0@group-03260B50B3E1:t1, leader=33002f53-59d2-46ae-91ae-843eaa52c7d0, voted=33002f53-59d2-46ae-91ae-843eaa52c7d0, raftlog=33002f53-59d2-46ae-91ae-843eaa52c7d0@group-03260B50B3E1-SegmentedRaftLog:OPENED:c12,f12,i19, conf=0: [e3c513c6-7b5b-430b-887c-eb88026c45f2:192.168.5.183:36912, 33002f53-59d2-46ae-91ae-843eaa52c7d0:192.168.5.183:46255, 816c2023-76ea-4558-9da7-70127639a79a:192.168.5.183:35106], old=null RUNNING
2019-09-16 16:36:40,476 [grpc-default-executor-2] INFO  impl.RaftServerImpl (RaftServerImpl.java:lambda$shutdown$3(251)) - 33002f53-59d2-46ae-91ae-843eaa52c7d0@group-03260B50B3E1: shutdown
2019-09-16 16:36:40,476 [grpc-default-executor-2] INFO  util.JmxRegister (JmxRegister.java:unregister(73)) - Successfully un-registered JMX Bean with object name Ratis:service=RaftServer,group=group-03260B50B3E1,id=33002f53-59d2-46ae-91ae-843eaa52c7d0
2019-09-16 16:36:40,476 [grpc-default-executor-2] INFO  impl.RoleInfo (RoleInfo.java:shutdownLeaderState(104)) - 33002f53-59d2-46ae-91ae-843eaa52c7d0: shutdown LeaderState
2019-09-16 16:36:40,481 [grpc-default-executor-2] INFO  impl.PendingRequests (PendingRequests.java:sendNotLeaderResponses(202)) - 33002f53-59d2-46ae-91ae-843eaa52c7d0-PendingRequests: sendNotLeaderResponses
2019-09-16 16:36:40,482 [org.apache.ratis.server.impl.LogAppender$AppenderDaemon$$Lambda$486/1268950271@7264d23b] WARN  server.GrpcLogAppender (GrpcLogAppender.java:mayWait(143)) - 33002f53-59d2-46ae-91ae-843eaa52c7d0@group-03260B50B3E1->816c2023-76ea-4558-9da7-70127639a79a-GrpcLogAppender: Wait interrupted by java.lang.InterruptedException
2019-09-16 16:36:40,483 [org.apache.ratis.server.impl.LogAppender$AppenderDaemon$$Lambda$486/1268950271@149d4023] WARN  server.GrpcLogAppender (GrpcLogAppender.java:mayWait(143)) - 33002f53-59d2-46ae-91ae-843eaa52c7d0@group-03260B50B3E1->e3c513c6-7b5b-430b-887c-eb88026c45f2-GrpcLogAppender: Wait interrupted by java.lang.InterruptedException
2019-09-16 16:36:40,483 [grpc-default-executor-5] INFO  server.GrpcServerProtocolService (GrpcServerProtocolService.java:onCompleted(113)) - 816c2023-76ea-4558-9da7-70127639a79a: Completed APPEND_ENTRIES, lastRequest: 33002f53-59d2-46ae-91ae-843eaa52c7d0->816c2023-76ea-4558-9da7-70127639a79a#168-t1, previous=(t:1, i:19), leaderCommit=12, initializing? false, entries: <empty>
2019-09-16 16:36:40,483 [grpc-default-executor-3] INFO  server.GrpcServerProtocolService (GrpcServerProtocolService.java:onCompleted(113)) - e3c513c6-7b5b-430b-887c-eb88026c45f2: Completed APPEND_ENTRIES, lastRequest: 33002f53-59d2-46ae-91ae-843eaa52c7d0->e3c513c6-7b5b-430b-887c-eb88026c45f2#168-t1, previous=(t:1, i:19), leaderCommit=12, initializing? false, entries: <empty>
2019-09-16 16:36:40,483 [grpc-default-executor-5] INFO  server.GrpcLogAppender (GrpcLogAppender.java:onCompleted(293)) - 33002f53-59d2-46ae-91ae-843eaa52c7d0@group-03260B50B3E1->816c2023-76ea-4558-9da7-70127639a79a-AppendLogResponseHandler: follower responses appendEntries COMPLETED
2019-09-16 16:36:40,486 [grpc-default-executor-2] INFO  impl.StateMachineUpdater (StateMachineUpdater.java:stopAndJoin(125)) - 33002f53-59d2-46ae-91ae-843eaa52c7d0@group-03260B50B3E1-StateMachineUpdater: set stopIndex = 12
2019-09-16 16:36:40,487 [grpc-default-executor-3] INFO  server.GrpcLogAppender (GrpcLogAppender.java:onCompleted(293)) - 33002f53-59d2-46ae-91ae-843eaa52c7d0@group-03260B50B3E1->e3c513c6-7b5b-430b-887c-eb88026c45f2-AppendLogResponseHandler: follower responses appendEntries COMPLETED
2019-09-16 16:36:40,487 [33002f53-59d2-46ae-91ae-843eaa52c7d0@group-03260B50B3E1-StateMachineUpdater] INFO  ratis.ContainerStateMachine (ContainerStateMachine.java:takeSnapshot(289)) - group-03260B50B3E1: Taking a snapshot at:(t:1, i:12) file /workdir/hadoop-ozone/integration-test/target/test-dir/MiniOzoneClusterImpl-c243529b-f19b-491a-9c19-62109b2f5e7f/datanode-4/data/ratis/5cfbe3f7-52ce-47b9-acbf-03260b50b3e1/sm/snapshot.1_12
2019-09-16 16:36:40,487 [grpc-default-executor-5] INFO  impl.FollowerInfo (FollowerInfo.java:lambda$new$0(51)) - 33002f53-59d2-46ae-91ae-843eaa52c7d0@group-03260B50B3E1->816c2023-76ea-4558-9da7-70127639a79a: nextIndex: updateUnconditionally 20 -> 13
2019-09-16 16:36:40,487 [grpc-default-executor-3] INFO  impl.FollowerInfo (FollowerInfo.java:lambda$new$0(51)) - 33002f53-59d2-46ae-91ae-843eaa52c7d0@group-03260B50B3E1->e3c513c6-7b5b-430b-887c-eb88026c45f2: nextIndex: updateUnconditionally 20 -> 13
2019-09-16 16:36:40,512 [33002f53-59d2-46ae-91ae-843eaa52c7d0@group-03260B50B3E1-StateMachineUpdater] INFO  ratis.ContainerStateMachine (ContainerStateMachine.java:takeSnapshot(300)) - group-03260B50B3E1: Finished taking a snapshot at:(t:1, i:12) file:/workdir/hadoop-ozone/integration-test/target/test-dir/MiniOzoneClusterImpl-c243529b-f19b-491a-9c19-62109b2f5e7f/datanode-4/data/ratis/5cfbe3f7-52ce-47b9-acbf-03260b50b3e1/sm/snapshot.1_12 time:25
2019-09-16 16:36:40,512 [33002f53-59d2-46ae-91ae-843eaa52c7d0@group-03260B50B3E1-StateMachineUpdater] INFO  impl.StateMachineUpdater (StateMachineUpdater.java:takeSnapshot(258)) - 33002f53-59d2-46ae-91ae-843eaa52c7d0@group-03260B50B3E1-StateMachineUpdater: Took a snapshot at index 12
2019-09-16 16:36:40,512 [33002f53-59d2-46ae-91ae-843eaa52c7d0@group-03260B50B3E1-StateMachineUpdater] INFO  impl.StateMachineUpdater (StateMachineUpdater.java:lambda$new$0(83)) - 33002f53-59d2-46ae-91ae-843eaa52c7d0@group-03260B50B3E1-StateMachineUpdater: snapshotIndex: updateIncreasingly -1 -> 12
2019-09-16 16:36:40,512 [Command processor thread] ERROR commandhandler.CloseContainerCommandHandler (CloseContainerCommandHandler.java:handle(125)) - Can't close container #4
java.io.IOException: org.apache.ratis.protocol.GroupMismatchException: 33002f53-59d2-46ae-91ae-843eaa52c7d0: group-03260B50B3E1 not found.
	at org.apache.hadoop.ozone.container.common.transport.server.ratis.XceiverServerRatis.submitRequest(XceiverServerRatis.java:495)
	at org.apache.hadoop.ozone.container.common.statemachine.commandhandler.CloseContainerCommandHandler.handle(CloseContainerCommandHandler.java:102)
	at org.apache.hadoop.ozone.container.common.statemachine.commandhandler.CommandDispatcher.handle(CommandDispatcher.java:99)
	at org.apache.hadoop.ozone.container.common.statemachine.DatanodeStateMachine.lambda$initCommandHandlerThread$1(DatanodeStateMachine.java:432)
	at java.lang.Thread.run(Thread.java:748)
Caused by: java.util.concurrent.ExecutionException: org.apache.ratis.protocol.GroupMismatchException: 33002f53-59d2-46ae-91ae-843eaa52c7d0: group-03260B50B3E1 not found.
	at java.util.concurrent.CompletableFuture.reportGet(CompletableFuture.java:357)
	at java.util.concurrent.CompletableFuture.get(CompletableFuture.java:1895)
	at org.apache.hadoop.ozone.container.common.transport.server.ratis.XceiverServerRatis.submitRequest(XceiverServerRatis.java:493)
	... 4 more
Caused by: org.apache.ratis.protocol.GroupMismatchException: 33002f53-59d2-46ae-91ae-843eaa52c7d0: group-03260B50B3E1 not found.
	at org.apache.ratis.server.impl.RaftServerProxy$ImplMap.get(RaftServerProxy.java:122)
	at org.apache.ratis.server.impl.RaftServerProxy.getImplFuture(RaftServerProxy.java:269)
	at org.apache.ratis.server.impl.RaftServerProxy.submitRequest(RaftServerProxy.java:327)
	at org.apache.ratis.server.impl.RaftServerProxy.submitClientRequestAsync(RaftServerProxy.java:333)
	... 5 more
2019-09-16 16:36:40,514 [grpc-default-executor-2] INFO  impl.RaftServerImpl (ServerState.java:close(385)) - 33002f53-59d2-46ae-91ae-843eaa52c7d0@group-03260B50B3E1: closes. applyIndex: 12
2019-09-16 16:36:40,514 [33002f53-59d2-46ae-91ae-843eaa52c7d0@group-03260B50B3E1-SegmentedRaftLogWorker] ERROR ratis.XceiverServerRatis (XceiverServerRatis.java:triggerPipelineClose(568)) - pipeline Action CLOSE  on pipeline PipelineID=5cfbe3f7-52ce-47b9-acbf-03260b50b3e1.Reason : WriteLog:13: (t:1, i:13), STATEMACHINELOGENTRY, client-2CBA63CDBB2F, cid=36-writeStateMachineData interrupted.
2019-09-16 16:36:40,516 [grpc-default-executor-2] INFO  segmented.SegmentedRaftLogWorker (SegmentedRaftLogWorker.java:close(228)) - 33002f53-59d2-46ae-91ae-843eaa52c7d0@group-03260B50B3E1-SegmentedRaftLogWorker close()
2019-09-16 16:36:40,519 [EventQueue-PipelineActionsForPipelineActionHandler] ERROR pipeline.PipelineActionHandler (PipelineActionHandler.java:onMessage(60)) - Received pipeline action CLOSE for Pipeline[ Id: 5cfbe3f7-52ce-47b9-acbf-03260b50b3e1, Nodes: e3c513c6-7b5b-430b-887c-eb88026c45f2{ip: 192.168.5.183, host: pr-hdds-1054-fkf2j-3502855176, networkLocation: /default-rack, certSerialId: null}816c2023-76ea-4558-9da7-70127639a79a{ip: 192.168.5.183, host: pr-hdds-1054-fkf2j-3502855176, networkLocation: /default-rack, certSerialId: null}33002f53-59d2-46ae-91ae-843eaa52c7d0{ip: 192.168.5.183, host: pr-hdds-1054-fkf2j-3502855176, networkLocation: /default-rack, certSerialId: null}, Type:RATIS, Factor:THREE, State:CLOSED] from datanode 33002f53-59d2-46ae-91ae-843eaa52c7d0{ip: 192.168.5.183, host: pr-hdds-1054-fkf2j-3502855176, networkLocation: /default-rack, certSerialId: null}. Reason : WriteLog:13: (t:1, i:13), STATEMACHINELOGENTRY, client-2CBA63CDBB2F, cid=36-writeStateMachineData interrupted.
2019-09-16 16:36:40,519 [EventQueue-PipelineActionsForPipelineActionHandler] INFO  pipeline.SCMPipelineManager (SCMPipelineManager.java:finalizeAndDestroyPipeline(311)) - destroying pipeline:Pipeline[ Id: 5cfbe3f7-52ce-47b9-acbf-03260b50b3e1, Nodes: e3c513c6-7b5b-430b-887c-eb88026c45f2{ip: 192.168.5.183, host: pr-hdds-1054-fkf2j-3502855176, networkLocation: /default-rack, certSerialId: null}816c2023-76ea-4558-9da7-70127639a79a{ip: 192.168.5.183, host: pr-hdds-1054-fkf2j-3502855176, networkLocation: /default-rack, certSerialId: null}33002f53-59d2-46ae-91ae-843eaa52c7d0{ip: 192.168.5.183, host: pr-hdds-1054-fkf2j-3502855176, networkLocation: /default-rack, certSerialId: null}, Type:RATIS, Factor:THREE, State:CLOSED]
2019-09-16 16:36:40,538 [grpc-default-executor-2] INFO  interfaces.Container (KeyValueContainer.java:flushAndSyncDB(386)) - Container 1 is synced with bcsId 4.
2019-09-16 16:36:40,538 [grpc-default-executor-2] INFO  interfaces.Container (KeyValueContainer.java:flushAndSyncDB(386)) - Container 1 is synced with bcsId 4.
2019-09-16 16:36:40,550 [grpc-default-executor-5] INFO  client.GrpcClientProtocolClient (GrpcClientProtocolClient.java:onNext(264)) - client-5DAEDA81DCCF->5da997ac-485a-4ae3-a11f-bd7c3a0ad14d: receive RaftClientReply:client-5DAEDA81DCCF->5da997ac-485a-4ae3-a11f-bd7c3a0ad14d@group-EFD673A008FB, cid=134, SUCCESS, logIndex=1, commits[5da997ac-485a-4ae3-a11f-bd7c3a0ad14d:c2, 2b9d536e-7082-46d0-bcea-3da9bf5f5d0c:c0, 103cee85-d2d3-4069-a903-4a8bed8118d2:c0]
2019-09-16 16:36:40,573 [grpc-default-executor-2] INFO  interfaces.Container (KeyValueContainer.java:flushAndSyncDB(386)) - Container 4 is synced with bcsId 10.
2019-09-16 16:36:40,573 [grpc-default-executor-2] INFO  interfaces.Container (KeyValueContainer.java:flushAndSyncDB(386)) - Container 4 is synced with bcsId 10.
2019-09-16 16:36:40,586 [grpc-default-executor-5] INFO  client.GrpcClientProtocolClient (GrpcClientProtocolClient.java:onNext(264)) - client-5DAEDA81DCCF->5da997ac-485a-4ae3-a11f-bd7c3a0ad14d: receive RaftClientReply:client-5DAEDA81DCCF->5da997ac-485a-4ae3-a11f-bd7c3a0ad14d@group-EFD673A008FB, cid=135, SUCCESS, logIndex=3, commits[5da997ac-485a-4ae3-a11f-bd7c3a0ad14d:c4, 2b9d536e-7082-46d0-bcea-3da9bf5f5d0c:c2, 103cee85-d2d3-4069-a903-4a8bed8118d2:c2]
2019-09-16 16:36:40,593 [RatisPipelineUtilsThread] INFO  pipeline.PipelineStateManager (PipelineStateManager.java:removePipeline(108)) - Pipeline Pipeline[ Id: 5cfbe3f7-52ce-47b9-acbf-03260b50b3e1, Nodes: e3c513c6-7b5b-430b-887c-eb88026c45f2{ip: 192.168.5.183, host: pr-hdds-1054-fkf2j-3502855176, networkLocation: /default-rack, certSerialId: null}816c2023-76ea-4558-9da7-70127639a79a{ip: 192.168.5.183, host: pr-hdds-1054-fkf2j-3502855176, networkLocation: /default-rack, certSerialId: null}33002f53-59d2-46ae-91ae-843eaa52c7d0{ip: 192.168.5.183, host: pr-hdds-1054-fkf2j-3502855176, networkLocation: /default-rack, certSerialId: null}, Type:RATIS, Factor:THREE, State:CLOSED] removed from db
2019-09-16 16:36:40,680 [grpc-default-executor-5] INFO  client.GrpcClientProtocolClient (GrpcClientProtocolClient.java:onNext(264)) - client-5DAEDA81DCCF->5da997ac-485a-4ae3-a11f-bd7c3a0ad14d: receive RaftClientReply:client-5DAEDA81DCCF->5da997ac-485a-4ae3-a11f-bd7c3a0ad14d@group-EFD673A008FB, cid=136, SUCCESS, logIndex=4, commits[5da997ac-485a-4ae3-a11f-bd7c3a0ad14d:c10, 2b9d536e-7082-46d0-bcea-3da9bf5f5d0c:c7, 103cee85-d2d3-4069-a903-4a8bed8118d2:c7]
2019-09-16 16:36:40,681 [grpc-default-executor-5] INFO  client.GrpcClientProtocolClient (GrpcClientProtocolClient.java:onNext(264)) - client-5DAEDA81DCCF->5da997ac-485a-4ae3-a11f-bd7c3a0ad14d: receive RaftClientReply:client-5DAEDA81DCCF->5da997ac-485a-4ae3-a11f-bd7c3a0ad14d@group-EFD673A008FB, cid=137, SUCCESS, logIndex=5, commits[5da997ac-485a-4ae3-a11f-bd7c3a0ad14d:c10, 2b9d536e-7082-46d0-bcea-3da9bf5f5d0c:c7, 103cee85-d2d3-4069-a903-4a8bed8118d2:c7]
2019-09-16 16:36:40,681 [grpc-default-executor-5] INFO  client.GrpcClientProtocolClient (GrpcClientProtocolClient.java:onNext(264)) - client-5DAEDA81DCCF->5da997ac-485a-4ae3-a11f-bd7c3a0ad14d: receive RaftClientReply:client-5DAEDA81DCCF->5da997ac-485a-4ae3-a11f-bd7c3a0ad14d@group-EFD673A008FB, cid=138, SUCCESS, logIndex=6, commits[5da997ac-485a-4ae3-a11f-bd7c3a0ad14d:c10, 2b9d536e-7082-46d0-bcea-3da9bf5f5d0c:c7, 103cee85-d2d3-4069-a903-4a8bed8118d2:c7]
2019-09-16 16:36:40,839 [grpc-default-executor-5] INFO  client.GrpcClientProtocolClient (GrpcClientProtocolClient.java:onNext(264)) - client-5DAEDA81DCCF->5da997ac-485a-4ae3-a11f-bd7c3a0ad14d: receive RaftClientReply:client-5DAEDA81DCCF->5da997ac-485a-4ae3-a11f-bd7c3a0ad14d@group-EFD673A008FB, cid=139, SUCCESS, logIndex=7, commits[5da997ac-485a-4ae3-a11f-bd7c3a0ad14d:c10, 2b9d536e-7082-46d0-bcea-3da9bf5f5d0c:c7, 103cee85-d2d3-4069-a903-4a8bed8118d2:c7]
]]></system-out>
  </testcase>
  <testcase name="testBufferCaching" classname="org.apache.hadoop.ozone.client.rpc.TestBlockOutputStream" time="0.412"/>
  <testcase name="testWriteWithExceedingMaxBufferLimit" classname="org.apache.hadoop.ozone.client.rpc.TestBlockOutputStream" time="187.003">
    <failure message="expected:&lt;22&gt; but was:&lt;26&gt;" type="java.lang.AssertionError"><![CDATA[java.lang.AssertionError: expected:<22> but was:<26>
	at org.junit.Assert.fail(Assert.java:88)
	at org.junit.Assert.failNotEquals(Assert.java:743)
	at org.junit.Assert.assertEquals(Assert.java:118)
	at org.junit.Assert.assertEquals(Assert.java:555)
	at org.junit.Assert.assertEquals(Assert.java:542)
	at org.apache.hadoop.ozone.client.rpc.TestBlockOutputStream.testWriteWithExceedingMaxBufferLimit(TestBlockOutputStream.java:614)
	at sun.reflect.NativeMethodAccessorImpl.invoke0(Native Method)
	at sun.reflect.NativeMethodAccessorImpl.invoke(NativeMethodAccessorImpl.java:62)
	at sun.reflect.DelegatingMethodAccessorImpl.invoke(DelegatingMethodAccessorImpl.java:43)
	at java.lang.reflect.Method.invoke(Method.java:498)
	at org.junit.runners.model.FrameworkMethod$1.runReflectiveCall(FrameworkMethod.java:47)
	at org.junit.internal.runners.model.ReflectiveCallable.run(ReflectiveCallable.java:12)
	at org.junit.runners.model.FrameworkMethod.invokeExplosively(FrameworkMethod.java:44)
	at org.junit.internal.runners.statements.InvokeMethod.evaluate(InvokeMethod.java:17)
	at org.junit.runners.ParentRunner.runLeaf(ParentRunner.java:271)
	at org.junit.runners.BlockJUnit4ClassRunner.runChild(BlockJUnit4ClassRunner.java:70)
	at org.junit.runners.BlockJUnit4ClassRunner.runChild(BlockJUnit4ClassRunner.java:50)
	at org.junit.runners.ParentRunner$3.run(ParentRunner.java:238)
	at org.junit.runners.ParentRunner$1.schedule(ParentRunner.java:63)
	at org.junit.runners.ParentRunner.runChildren(ParentRunner.java:236)
	at org.junit.runners.ParentRunner.access$000(ParentRunner.java:53)
	at org.junit.runners.ParentRunner$2.evaluate(ParentRunner.java:229)
	at org.junit.internal.runners.statements.RunBefores.evaluate(RunBefores.java:26)
	at org.junit.internal.runners.statements.RunAfters.evaluate(RunAfters.java:27)
	at org.junit.runners.ParentRunner.run(ParentRunner.java:309)
	at org.apache.maven.surefire.junit4.JUnit4Provider.execute(JUnit4Provider.java:365)
	at org.apache.maven.surefire.junit4.JUnit4Provider.executeWithRerun(JUnit4Provider.java:273)
	at org.apache.maven.surefire.junit4.JUnit4Provider.executeTestSet(JUnit4Provider.java:238)
	at org.apache.maven.surefire.junit4.JUnit4Provider.invoke(JUnit4Provider.java:159)
	at org.apache.maven.surefire.booter.ForkedBooter.invokeProviderInSameClassLoader(ForkedBooter.java:384)
	at org.apache.maven.surefire.booter.ForkedBooter.runSuitesInProcess(ForkedBooter.java:345)
	at org.apache.maven.surefire.booter.ForkedBooter.execute(ForkedBooter.java:126)
	at org.apache.maven.surefire.booter.ForkedBooter.main(ForkedBooter.java:418)
]]></failure>
    <system-out><![CDATA[2019-09-16 16:36:42,878 [grpc-default-executor-5] INFO  impl.RaftServerProxy (RaftServerProxy.java:remove(95)) - e3c513c6-7b5b-430b-887c-eb88026c45f2: remove group-03260B50B3E1:null
2019-09-16 16:36:42,881 [RatisPipelineUtilsThread] WARN  pipeline.RatisPipelineUtils (RatisPipelineUtils.java:destroyPipeline(66)) - Pipeline destroy failed for pipeline=PipelineID=5cfbe3f7-52ce-47b9-acbf-03260b50b3e1 dn=e3c513c6-7b5b-430b-887c-eb88026c45f2{ip: 192.168.5.183, host: pr-hdds-1054-fkf2j-3502855176, networkLocation: /default-rack, certSerialId: null}
2019-09-16 16:36:42,883 [grpc-default-executor-5] INFO  impl.RaftServerProxy (RaftServerProxy.java:remove(95)) - 816c2023-76ea-4558-9da7-70127639a79a: remove group-03260B50B3E1:null
2019-09-16 16:36:42,885 [RatisPipelineUtilsThread] WARN  pipeline.RatisPipelineUtils (RatisPipelineUtils.java:destroyPipeline(66)) - Pipeline destroy failed for pipeline=PipelineID=5cfbe3f7-52ce-47b9-acbf-03260b50b3e1 dn=816c2023-76ea-4558-9da7-70127639a79a{ip: 192.168.5.183, host: pr-hdds-1054-fkf2j-3502855176, networkLocation: /default-rack, certSerialId: null}
2019-09-16 16:36:42,887 [grpc-default-executor-5] INFO  impl.RaftServerProxy (RaftServerProxy.java:remove(95)) - 33002f53-59d2-46ae-91ae-843eaa52c7d0: remove group-03260B50B3E1:null
2019-09-16 16:36:42,889 [RatisPipelineUtilsThread] WARN  pipeline.RatisPipelineUtils (RatisPipelineUtils.java:destroyPipeline(66)) - Pipeline destroy failed for pipeline=PipelineID=5cfbe3f7-52ce-47b9-acbf-03260b50b3e1 dn=33002f53-59d2-46ae-91ae-843eaa52c7d0{ip: 192.168.5.183, host: pr-hdds-1054-fkf2j-3502855176, networkLocation: /default-rack, certSerialId: null}
2019-09-16 16:36:42,889 [RatisPipelineUtilsThread] ERROR pipeline.SCMPipelineManager (Scheduler.java:lambda$schedule$1(70)) - Destroy pipeline failed for pipeline:Pipeline[ Id: 5cfbe3f7-52ce-47b9-acbf-03260b50b3e1, Nodes: e3c513c6-7b5b-430b-887c-eb88026c45f2{ip: 192.168.5.183, host: pr-hdds-1054-fkf2j-3502855176, networkLocation: /default-rack, certSerialId: null}816c2023-76ea-4558-9da7-70127639a79a{ip: 192.168.5.183, host: pr-hdds-1054-fkf2j-3502855176, networkLocation: /default-rack, certSerialId: null}33002f53-59d2-46ae-91ae-843eaa52c7d0{ip: 192.168.5.183, host: pr-hdds-1054-fkf2j-3502855176, networkLocation: /default-rack, certSerialId: null}, Type:RATIS, Factor:THREE, State:CLOSED]
org.apache.hadoop.hdds.scm.pipeline.PipelineNotFoundException: PipelineID=5cfbe3f7-52ce-47b9-acbf-03260b50b3e1 not found
	at org.apache.hadoop.hdds.scm.pipeline.PipelineStateMap.getPipeline(PipelineStateMap.java:132)
	at org.apache.hadoop.hdds.scm.pipeline.PipelineStateMap.removePipeline(PipelineStateMap.java:322)
	at org.apache.hadoop.hdds.scm.pipeline.PipelineStateManager.removePipeline(PipelineStateManager.java:107)
	at org.apache.hadoop.hdds.scm.pipeline.SCMPipelineManager.removePipeline(SCMPipelineManager.java:423)
	at org.apache.hadoop.hdds.scm.pipeline.SCMPipelineManager.destroyPipeline(SCMPipelineManager.java:409)
	at org.apache.hadoop.hdds.scm.pipeline.SCMPipelineManager.lambda$finalizeAndDestroyPipeline$0(SCMPipelineManager.java:318)
	at org.apache.hadoop.utils.Scheduler.lambda$schedule$1(Scheduler.java:68)
	at java.util.concurrent.Executors$RunnableAdapter.call(Executors.java:511)
	at java.util.concurrent.FutureTask.run(FutureTask.java:266)
	at java.util.concurrent.ScheduledThreadPoolExecutor$ScheduledFutureTask.access$201(ScheduledThreadPoolExecutor.java:180)
	at java.util.concurrent.ScheduledThreadPoolExecutor$ScheduledFutureTask.run(ScheduledThreadPoolExecutor.java:293)
	at java.util.concurrent.ThreadPoolExecutor.runWorker(ThreadPoolExecutor.java:1149)
	at java.util.concurrent.ThreadPoolExecutor$Worker.run(ThreadPoolExecutor.java:624)
	at java.lang.Thread.run(Thread.java:748)
2019-09-16 16:36:44,268 [java.util.concurrent.ThreadPoolExecutor$Worker@1be6be97[State = -1, empty queue]] WARN  server.GrpcLogAppender (GrpcLogAppender.java:timeoutAppendRequest(200)) - 5da997ac-485a-4ae3-a11f-bd7c3a0ad14d@group-EFD673A008FB->103cee85-d2d3-4069-a903-4a8bed8118d2-GrpcLogAppender: appendEntries Timeout, request=5da997ac-485a-4ae3-a11f-bd7c3a0ad14d->103cee85-d2d3-4069-a903-4a8bed8118d2#88-t1, previous=(t:1, i:14), leaderCommit=14, initializing? false, entries: size=1, first=(t:1, i:15), STATEMACHINELOGENTRY, client-5DAEDA81DCCF, cid=143
2019-09-16 16:36:44,268 [java.util.concurrent.ThreadPoolExecutor$Worker@35f96af3[State = -1, empty queue]] WARN  server.GrpcLogAppender (GrpcLogAppender.java:timeoutAppendRequest(200)) - 5da997ac-485a-4ae3-a11f-bd7c3a0ad14d@group-EFD673A008FB->2b9d536e-7082-46d0-bcea-3da9bf5f5d0c-GrpcLogAppender: appendEntries Timeout, request=5da997ac-485a-4ae3-a11f-bd7c3a0ad14d->2b9d536e-7082-46d0-bcea-3da9bf5f5d0c#88-t1, previous=(t:1, i:14), leaderCommit=14, initializing? false, entries: size=1, first=(t:1, i:15), STATEMACHINELOGENTRY, client-5DAEDA81DCCF, cid=143
2019-09-16 16:36:44,269 [java.util.concurrent.ThreadPoolExecutor$Worker@1be6be97[State = -1, empty queue]] WARN  server.GrpcLogAppender (GrpcLogAppender.java:timeoutAppendRequest(200)) - 5da997ac-485a-4ae3-a11f-bd7c3a0ad14d@group-EFD673A008FB->103cee85-d2d3-4069-a903-4a8bed8118d2-GrpcLogAppender: appendEntries Timeout, request=5da997ac-485a-4ae3-a11f-bd7c3a0ad14d->103cee85-d2d3-4069-a903-4a8bed8118d2#89-t1, previous=(t:1, i:15), leaderCommit=14, initializing? false, entries: size=1, first=(t:1, i:16), STATEMACHINELOGENTRY, client-5DAEDA81DCCF, cid=144
2019-09-16 16:36:44,269 [java.util.concurrent.ThreadPoolExecutor$Worker@35f96af3[State = -1, empty queue]] WARN  server.GrpcLogAppender (GrpcLogAppender.java:timeoutAppendRequest(200)) - 5da997ac-485a-4ae3-a11f-bd7c3a0ad14d@group-EFD673A008FB->2b9d536e-7082-46d0-bcea-3da9bf5f5d0c-GrpcLogAppender: appendEntries Timeout, request=5da997ac-485a-4ae3-a11f-bd7c3a0ad14d->2b9d536e-7082-46d0-bcea-3da9bf5f5d0c#89-t1, previous=(t:1, i:15), leaderCommit=14, initializing? false, entries: size=1, first=(t:1, i:16), STATEMACHINELOGENTRY, client-5DAEDA81DCCF, cid=144
2019-09-16 16:36:44,269 [java.util.concurrent.ThreadPoolExecutor$Worker@1be6be97[State = -1, empty queue]] WARN  server.GrpcLogAppender (GrpcLogAppender.java:timeoutAppendRequest(200)) - 5da997ac-485a-4ae3-a11f-bd7c3a0ad14d@group-EFD673A008FB->103cee85-d2d3-4069-a903-4a8bed8118d2-GrpcLogAppender: appendEntries Timeout, request=5da997ac-485a-4ae3-a11f-bd7c3a0ad14d->103cee85-d2d3-4069-a903-4a8bed8118d2#90-t1, previous=(t:1, i:16), leaderCommit=14, initializing? false, entries: size=1, first=(t:1, i:17), STATEMACHINELOGENTRY, client-5DAEDA81DCCF, cid=145
2019-09-16 16:36:44,269 [java.util.concurrent.ThreadPoolExecutor$Worker@35f96af3[State = -1, empty queue]] WARN  server.GrpcLogAppender (GrpcLogAppender.java:timeoutAppendRequest(200)) - 5da997ac-485a-4ae3-a11f-bd7c3a0ad14d@group-EFD673A008FB->2b9d536e-7082-46d0-bcea-3da9bf5f5d0c-GrpcLogAppender: appendEntries Timeout, request=5da997ac-485a-4ae3-a11f-bd7c3a0ad14d->2b9d536e-7082-46d0-bcea-3da9bf5f5d0c#90-t1, previous=(t:1, i:16), leaderCommit=14, initializing? false, entries: size=1, first=(t:1, i:17), STATEMACHINELOGENTRY, client-5DAEDA81DCCF, cid=145
2019-09-16 16:36:44,269 [java.util.concurrent.ThreadPoolExecutor$Worker@35f96af3[State = -1, empty queue]] WARN  server.GrpcLogAppender (GrpcLogAppender.java:timeoutAppendRequest(200)) - 5da997ac-485a-4ae3-a11f-bd7c3a0ad14d@group-EFD673A008FB->2b9d536e-7082-46d0-bcea-3da9bf5f5d0c-GrpcLogAppender: appendEntries Timeout, request=5da997ac-485a-4ae3-a11f-bd7c3a0ad14d->2b9d536e-7082-46d0-bcea-3da9bf5f5d0c#91-t1, previous=(t:1, i:17), leaderCommit=14, initializing? false, entries: size=1, first=(t:1, i:18), STATEMACHINELOGENTRY, client-5DAEDA81DCCF, cid=146
2019-09-16 16:36:44,270 [java.util.concurrent.ThreadPoolExecutor$Worker@1be6be97[State = -1, empty queue]] WARN  server.GrpcLogAppender (GrpcLogAppender.java:timeoutAppendRequest(200)) - 5da997ac-485a-4ae3-a11f-bd7c3a0ad14d@group-EFD673A008FB->103cee85-d2d3-4069-a903-4a8bed8118d2-GrpcLogAppender: appendEntries Timeout, request=5da997ac-485a-4ae3-a11f-bd7c3a0ad14d->103cee85-d2d3-4069-a903-4a8bed8118d2#91-t1, previous=(t:1, i:17), leaderCommit=14, initializing? false, entries: size=1, first=(t:1, i:18), STATEMACHINELOGENTRY, client-5DAEDA81DCCF, cid=146
2019-09-16 16:36:44,270 [java.util.concurrent.ThreadPoolExecutor$Worker@35f96af3[State = -1, empty queue]] WARN  server.GrpcLogAppender (GrpcLogAppender.java:timeoutAppendRequest(200)) - 5da997ac-485a-4ae3-a11f-bd7c3a0ad14d@group-EFD673A008FB->2b9d536e-7082-46d0-bcea-3da9bf5f5d0c-GrpcLogAppender: appendEntries Timeout, request=5da997ac-485a-4ae3-a11f-bd7c3a0ad14d->2b9d536e-7082-46d0-bcea-3da9bf5f5d0c#92-t1, previous=(t:1, i:18), leaderCommit=14, initializing? false, entries: size=1, first=(t:1, i:19), STATEMACHINELOGENTRY, client-5DAEDA81DCCF, cid=147
2019-09-16 16:36:44,270 [java.util.concurrent.ThreadPoolExecutor$Worker@35f96af3[State = -1, empty queue]] WARN  server.GrpcLogAppender (GrpcLogAppender.java:timeoutAppendRequest(200)) - 5da997ac-485a-4ae3-a11f-bd7c3a0ad14d@group-EFD673A008FB->2b9d536e-7082-46d0-bcea-3da9bf5f5d0c-GrpcLogAppender: appendEntries Timeout, request=5da997ac-485a-4ae3-a11f-bd7c3a0ad14d->2b9d536e-7082-46d0-bcea-3da9bf5f5d0c#93-t1, previous=(t:1, i:19), leaderCommit=14, initializing? false, entries: size=1, first=(t:1, i:20), STATEMACHINELOGENTRY, client-5DAEDA81DCCF, cid=148
2019-09-16 16:36:44,270 [java.util.concurrent.ThreadPoolExecutor$Worker@1be6be97[State = -1, empty queue]] WARN  server.GrpcLogAppender (GrpcLogAppender.java:timeoutAppendRequest(200)) - 5da997ac-485a-4ae3-a11f-bd7c3a0ad14d@group-EFD673A008FB->103cee85-d2d3-4069-a903-4a8bed8118d2-GrpcLogAppender: appendEntries Timeout, request=5da997ac-485a-4ae3-a11f-bd7c3a0ad14d->103cee85-d2d3-4069-a903-4a8bed8118d2#92-t1, previous=(t:1, i:18), leaderCommit=14, initializing? false, entries: size=1, first=(t:1, i:19), STATEMACHINELOGENTRY, client-5DAEDA81DCCF, cid=147
2019-09-16 16:36:44,270 [java.util.concurrent.ThreadPoolExecutor$Worker@1be6be97[State = -1, empty queue]] WARN  server.GrpcLogAppender (GrpcLogAppender.java:timeoutAppendRequest(200)) - 5da997ac-485a-4ae3-a11f-bd7c3a0ad14d@group-EFD673A008FB->103cee85-d2d3-4069-a903-4a8bed8118d2-GrpcLogAppender: appendEntries Timeout, request=5da997ac-485a-4ae3-a11f-bd7c3a0ad14d->103cee85-d2d3-4069-a903-4a8bed8118d2#93-t1, previous=(t:1, i:19), leaderCommit=14, initializing? false, entries: size=1, first=(t:1, i:20), STATEMACHINELOGENTRY, client-5DAEDA81DCCF, cid=148
2019-09-16 16:36:44,884 [grpc-default-executor-5] INFO  impl.RaftServerProxy (RaftServerProxy.java:remove(95)) - e3c513c6-7b5b-430b-887c-eb88026c45f2: remove group-03260B50B3E1:null
2019-09-16 16:36:44,888 [RatisPipelineUtilsThread] WARN  pipeline.RatisPipelineUtils (RatisPipelineUtils.java:destroyPipeline(66)) - Pipeline destroy failed for pipeline=PipelineID=5cfbe3f7-52ce-47b9-acbf-03260b50b3e1 dn=e3c513c6-7b5b-430b-887c-eb88026c45f2{ip: 192.168.5.183, host: pr-hdds-1054-fkf2j-3502855176, networkLocation: /default-rack, certSerialId: null}
2019-09-16 16:36:44,891 [grpc-default-executor-5] INFO  impl.RaftServerProxy (RaftServerProxy.java:remove(95)) - 816c2023-76ea-4558-9da7-70127639a79a: remove group-03260B50B3E1:null
2019-09-16 16:36:44,893 [RatisPipelineUtilsThread] WARN  pipeline.RatisPipelineUtils (RatisPipelineUtils.java:destroyPipeline(66)) - Pipeline destroy failed for pipeline=PipelineID=5cfbe3f7-52ce-47b9-acbf-03260b50b3e1 dn=816c2023-76ea-4558-9da7-70127639a79a{ip: 192.168.5.183, host: pr-hdds-1054-fkf2j-3502855176, networkLocation: /default-rack, certSerialId: null}
2019-09-16 16:36:44,896 [grpc-default-executor-5] INFO  impl.RaftServerProxy (RaftServerProxy.java:remove(95)) - 33002f53-59d2-46ae-91ae-843eaa52c7d0: remove group-03260B50B3E1:null
2019-09-16 16:36:44,898 [RatisPipelineUtilsThread] WARN  pipeline.RatisPipelineUtils (RatisPipelineUtils.java:destroyPipeline(66)) - Pipeline destroy failed for pipeline=PipelineID=5cfbe3f7-52ce-47b9-acbf-03260b50b3e1 dn=33002f53-59d2-46ae-91ae-843eaa52c7d0{ip: 192.168.5.183, host: pr-hdds-1054-fkf2j-3502855176, networkLocation: /default-rack, certSerialId: null}
2019-09-16 16:36:44,899 [RatisPipelineUtilsThread] ERROR pipeline.SCMPipelineManager (Scheduler.java:lambda$schedule$1(70)) - Destroy pipeline failed for pipeline:Pipeline[ Id: 5cfbe3f7-52ce-47b9-acbf-03260b50b3e1, Nodes: e3c513c6-7b5b-430b-887c-eb88026c45f2{ip: 192.168.5.183, host: pr-hdds-1054-fkf2j-3502855176, networkLocation: /default-rack, certSerialId: null}816c2023-76ea-4558-9da7-70127639a79a{ip: 192.168.5.183, host: pr-hdds-1054-fkf2j-3502855176, networkLocation: /default-rack, certSerialId: null}33002f53-59d2-46ae-91ae-843eaa52c7d0{ip: 192.168.5.183, host: pr-hdds-1054-fkf2j-3502855176, networkLocation: /default-rack, certSerialId: null}, Type:RATIS, Factor:THREE, State:CLOSED]
org.apache.hadoop.hdds.scm.pipeline.PipelineNotFoundException: PipelineID=5cfbe3f7-52ce-47b9-acbf-03260b50b3e1 not found
	at org.apache.hadoop.hdds.scm.pipeline.PipelineStateMap.getPipeline(PipelineStateMap.java:132)
	at org.apache.hadoop.hdds.scm.pipeline.PipelineStateMap.removePipeline(PipelineStateMap.java:322)
	at org.apache.hadoop.hdds.scm.pipeline.PipelineStateManager.removePipeline(PipelineStateManager.java:107)
	at org.apache.hadoop.hdds.scm.pipeline.SCMPipelineManager.removePipeline(SCMPipelineManager.java:423)
	at org.apache.hadoop.hdds.scm.pipeline.SCMPipelineManager.destroyPipeline(SCMPipelineManager.java:409)
	at org.apache.hadoop.hdds.scm.pipeline.SCMPipelineManager.lambda$finalizeAndDestroyPipeline$0(SCMPipelineManager.java:318)
	at org.apache.hadoop.utils.Scheduler.lambda$schedule$1(Scheduler.java:68)
	at java.util.concurrent.Executors$RunnableAdapter.call(Executors.java:511)
	at java.util.concurrent.FutureTask.run(FutureTask.java:266)
	at java.util.concurrent.ScheduledThreadPoolExecutor$ScheduledFutureTask.access$201(ScheduledThreadPoolExecutor.java:180)
	at java.util.concurrent.ScheduledThreadPoolExecutor$ScheduledFutureTask.run(ScheduledThreadPoolExecutor.java:293)
	at java.util.concurrent.ThreadPoolExecutor.runWorker(ThreadPoolExecutor.java:1149)
	at java.util.concurrent.ThreadPoolExecutor$Worker.run(ThreadPoolExecutor.java:624)
	at java.lang.Thread.run(Thread.java:748)
2019-09-16 16:36:46,295 [grpc-default-executor-5] INFO  client.GrpcClientProtocolClient (GrpcClientProtocolClient.java:onNext(264)) - client-5DAEDA81DCCF->103cee85-d2d3-4069-a903-4a8bed8118d2: receive RaftClientReply:client-5DAEDA81DCCF->103cee85-d2d3-4069-a903-4a8bed8118d2@group-EFD673A008FB, cid=143, FAILED org.apache.ratis.protocol.NotLeaderException: Server 103cee85-d2d3-4069-a903-4a8bed8118d2@group-EFD673A008FB is not the leader 5da997ac-485a-4ae3-a11f-bd7c3a0ad14d:192.168.5.183:41252, logIndex=0, commits[103cee85-d2d3-4069-a903-4a8bed8118d2:c14, 2b9d536e-7082-46d0-bcea-3da9bf5f5d0c:c12, 5da997ac-485a-4ae3-a11f-bd7c3a0ad14d:c14]
2019-09-16 16:36:46,770 [java.util.concurrent.ThreadPoolExecutor$Worker@35f96af3[State = -1, empty queue]] WARN  server.GrpcLogAppender (GrpcLogAppender.java:timeoutAppendRequest(200)) - 5da997ac-485a-4ae3-a11f-bd7c3a0ad14d@group-EFD673A008FB->2b9d536e-7082-46d0-bcea-3da9bf5f5d0c-GrpcLogAppender: appendEntries Timeout, request=5da997ac-485a-4ae3-a11f-bd7c3a0ad14d->2b9d536e-7082-46d0-bcea-3da9bf5f5d0c#94-t1, previous=(t:1, i:20), leaderCommit=14, initializing? false, entries: <empty>
2019-09-16 16:36:46,771 [java.util.concurrent.ThreadPoolExecutor$Worker@1be6be97[State = -1, empty queue]] WARN  server.GrpcLogAppender (GrpcLogAppender.java:timeoutAppendRequest(200)) - 5da997ac-485a-4ae3-a11f-bd7c3a0ad14d@group-EFD673A008FB->103cee85-d2d3-4069-a903-4a8bed8118d2-GrpcLogAppender: appendEntries Timeout, request=5da997ac-485a-4ae3-a11f-bd7c3a0ad14d->103cee85-d2d3-4069-a903-4a8bed8118d2#94-t1, previous=(t:1, i:20), leaderCommit=14, initializing? false, entries: <empty>
2019-09-16 16:36:47,882 [grpc-default-executor-5] INFO  impl.RaftServerProxy (RaftServerProxy.java:remove(95)) - e3c513c6-7b5b-430b-887c-eb88026c45f2: remove group-03260B50B3E1:null
2019-09-16 16:36:47,886 [RatisPipelineUtilsThread] WARN  pipeline.RatisPipelineUtils (RatisPipelineUtils.java:destroyPipeline(66)) - Pipeline destroy failed for pipeline=PipelineID=5cfbe3f7-52ce-47b9-acbf-03260b50b3e1 dn=e3c513c6-7b5b-430b-887c-eb88026c45f2{ip: 192.168.5.183, host: pr-hdds-1054-fkf2j-3502855176, networkLocation: /default-rack, certSerialId: null}
2019-09-16 16:36:47,889 [grpc-default-executor-5] INFO  impl.RaftServerProxy (RaftServerProxy.java:remove(95)) - 816c2023-76ea-4558-9da7-70127639a79a: remove group-03260B50B3E1:null
2019-09-16 16:36:47,891 [RatisPipelineUtilsThread] WARN  pipeline.RatisPipelineUtils (RatisPipelineUtils.java:destroyPipeline(66)) - Pipeline destroy failed for pipeline=PipelineID=5cfbe3f7-52ce-47b9-acbf-03260b50b3e1 dn=816c2023-76ea-4558-9da7-70127639a79a{ip: 192.168.5.183, host: pr-hdds-1054-fkf2j-3502855176, networkLocation: /default-rack, certSerialId: null}
2019-09-16 16:36:47,894 [grpc-default-executor-5] INFO  impl.RaftServerProxy (RaftServerProxy.java:remove(95)) - 33002f53-59d2-46ae-91ae-843eaa52c7d0: remove group-03260B50B3E1:null
2019-09-16 16:36:47,896 [RatisPipelineUtilsThread] WARN  pipeline.RatisPipelineUtils (RatisPipelineUtils.java:destroyPipeline(66)) - Pipeline destroy failed for pipeline=PipelineID=5cfbe3f7-52ce-47b9-acbf-03260b50b3e1 dn=33002f53-59d2-46ae-91ae-843eaa52c7d0{ip: 192.168.5.183, host: pr-hdds-1054-fkf2j-3502855176, networkLocation: /default-rack, certSerialId: null}
2019-09-16 16:36:47,896 [RatisPipelineUtilsThread] ERROR pipeline.SCMPipelineManager (Scheduler.java:lambda$schedule$1(70)) - Destroy pipeline failed for pipeline:Pipeline[ Id: 5cfbe3f7-52ce-47b9-acbf-03260b50b3e1, Nodes: e3c513c6-7b5b-430b-887c-eb88026c45f2{ip: 192.168.5.183, host: pr-hdds-1054-fkf2j-3502855176, networkLocation: /default-rack, certSerialId: null}816c2023-76ea-4558-9da7-70127639a79a{ip: 192.168.5.183, host: pr-hdds-1054-fkf2j-3502855176, networkLocation: /default-rack, certSerialId: null}33002f53-59d2-46ae-91ae-843eaa52c7d0{ip: 192.168.5.183, host: pr-hdds-1054-fkf2j-3502855176, networkLocation: /default-rack, certSerialId: null}, Type:RATIS, Factor:THREE, State:CLOSED]
org.apache.hadoop.hdds.scm.pipeline.PipelineNotFoundException: PipelineID=5cfbe3f7-52ce-47b9-acbf-03260b50b3e1 not found
	at org.apache.hadoop.hdds.scm.pipeline.PipelineStateMap.getPipeline(PipelineStateMap.java:132)
	at org.apache.hadoop.hdds.scm.pipeline.PipelineStateMap.removePipeline(PipelineStateMap.java:322)
	at org.apache.hadoop.hdds.scm.pipeline.PipelineStateManager.removePipeline(PipelineStateManager.java:107)
	at org.apache.hadoop.hdds.scm.pipeline.SCMPipelineManager.removePipeline(SCMPipelineManager.java:423)
	at org.apache.hadoop.hdds.scm.pipeline.SCMPipelineManager.destroyPipeline(SCMPipelineManager.java:409)
	at org.apache.hadoop.hdds.scm.pipeline.SCMPipelineManager.lambda$finalizeAndDestroyPipeline$0(SCMPipelineManager.java:318)
	at org.apache.hadoop.utils.Scheduler.lambda$schedule$1(Scheduler.java:68)
	at java.util.concurrent.Executors$RunnableAdapter.call(Executors.java:511)
	at java.util.concurrent.FutureTask.run(FutureTask.java:266)
	at java.util.concurrent.ScheduledThreadPoolExecutor$ScheduledFutureTask.access$201(ScheduledThreadPoolExecutor.java:180)
	at java.util.concurrent.ScheduledThreadPoolExecutor$ScheduledFutureTask.run(ScheduledThreadPoolExecutor.java:293)
	at java.util.concurrent.ThreadPoolExecutor.runWorker(ThreadPoolExecutor.java:1149)
	at java.util.concurrent.ThreadPoolExecutor$Worker.run(ThreadPoolExecutor.java:624)
	at java.lang.Thread.run(Thread.java:748)
2019-09-16 16:36:49,271 [java.util.concurrent.ThreadPoolExecutor$Worker@35f96af3[State = -1, empty queue]] WARN  server.GrpcLogAppender (GrpcLogAppender.java:timeoutAppendRequest(200)) - 5da997ac-485a-4ae3-a11f-bd7c3a0ad14d@group-EFD673A008FB->2b9d536e-7082-46d0-bcea-3da9bf5f5d0c-GrpcLogAppender: appendEntries Timeout, request=5da997ac-485a-4ae3-a11f-bd7c3a0ad14d->2b9d536e-7082-46d0-bcea-3da9bf5f5d0c#95-t1, previous=(t:1, i:20), leaderCommit=14, initializing? false, entries: <empty>
2019-09-16 16:36:49,271 [java.util.concurrent.ThreadPoolExecutor$Worker@1be6be97[State = -1, empty queue]] WARN  server.GrpcLogAppender (GrpcLogAppender.java:timeoutAppendRequest(200)) - 5da997ac-485a-4ae3-a11f-bd7c3a0ad14d@group-EFD673A008FB->103cee85-d2d3-4069-a903-4a8bed8118d2-GrpcLogAppender: appendEntries Timeout, request=5da997ac-485a-4ae3-a11f-bd7c3a0ad14d->103cee85-d2d3-4069-a903-4a8bed8118d2#95-t1, previous=(t:1, i:20), leaderCommit=14, initializing? false, entries: <empty>
2019-09-16 16:36:49,882 [grpc-default-executor-2] INFO  impl.RaftServerProxy (RaftServerProxy.java:remove(95)) - e3c513c6-7b5b-430b-887c-eb88026c45f2: remove group-03260B50B3E1:null
2019-09-16 16:36:49,886 [RatisPipelineUtilsThread] WARN  pipeline.RatisPipelineUtils (RatisPipelineUtils.java:destroyPipeline(66)) - Pipeline destroy failed for pipeline=PipelineID=5cfbe3f7-52ce-47b9-acbf-03260b50b3e1 dn=e3c513c6-7b5b-430b-887c-eb88026c45f2{ip: 192.168.5.183, host: pr-hdds-1054-fkf2j-3502855176, networkLocation: /default-rack, certSerialId: null}
2019-09-16 16:36:49,889 [grpc-default-executor-2] INFO  impl.RaftServerProxy (RaftServerProxy.java:remove(95)) - 816c2023-76ea-4558-9da7-70127639a79a: remove group-03260B50B3E1:null
2019-09-16 16:36:49,891 [RatisPipelineUtilsThread] WARN  pipeline.RatisPipelineUtils (RatisPipelineUtils.java:destroyPipeline(66)) - Pipeline destroy failed for pipeline=PipelineID=5cfbe3f7-52ce-47b9-acbf-03260b50b3e1 dn=816c2023-76ea-4558-9da7-70127639a79a{ip: 192.168.5.183, host: pr-hdds-1054-fkf2j-3502855176, networkLocation: /default-rack, certSerialId: null}
2019-09-16 16:36:49,893 [grpc-default-executor-2] INFO  impl.RaftServerProxy (RaftServerProxy.java:remove(95)) - 33002f53-59d2-46ae-91ae-843eaa52c7d0: remove group-03260B50B3E1:null
2019-09-16 16:36:49,895 [RatisPipelineUtilsThread] WARN  pipeline.RatisPipelineUtils (RatisPipelineUtils.java:destroyPipeline(66)) - Pipeline destroy failed for pipeline=PipelineID=5cfbe3f7-52ce-47b9-acbf-03260b50b3e1 dn=33002f53-59d2-46ae-91ae-843eaa52c7d0{ip: 192.168.5.183, host: pr-hdds-1054-fkf2j-3502855176, networkLocation: /default-rack, certSerialId: null}
2019-09-16 16:36:49,895 [RatisPipelineUtilsThread] ERROR pipeline.SCMPipelineManager (Scheduler.java:lambda$schedule$1(70)) - Destroy pipeline failed for pipeline:Pipeline[ Id: 5cfbe3f7-52ce-47b9-acbf-03260b50b3e1, Nodes: e3c513c6-7b5b-430b-887c-eb88026c45f2{ip: 192.168.5.183, host: pr-hdds-1054-fkf2j-3502855176, networkLocation: /default-rack, certSerialId: null}816c2023-76ea-4558-9da7-70127639a79a{ip: 192.168.5.183, host: pr-hdds-1054-fkf2j-3502855176, networkLocation: /default-rack, certSerialId: null}33002f53-59d2-46ae-91ae-843eaa52c7d0{ip: 192.168.5.183, host: pr-hdds-1054-fkf2j-3502855176, networkLocation: /default-rack, certSerialId: null}, Type:RATIS, Factor:THREE, State:CLOSED]
org.apache.hadoop.hdds.scm.pipeline.PipelineNotFoundException: PipelineID=5cfbe3f7-52ce-47b9-acbf-03260b50b3e1 not found
	at org.apache.hadoop.hdds.scm.pipeline.PipelineStateMap.getPipeline(PipelineStateMap.java:132)
	at org.apache.hadoop.hdds.scm.pipeline.PipelineStateMap.removePipeline(PipelineStateMap.java:322)
	at org.apache.hadoop.hdds.scm.pipeline.PipelineStateManager.removePipeline(PipelineStateManager.java:107)
	at org.apache.hadoop.hdds.scm.pipeline.SCMPipelineManager.removePipeline(SCMPipelineManager.java:423)
	at org.apache.hadoop.hdds.scm.pipeline.SCMPipelineManager.destroyPipeline(SCMPipelineManager.java:409)
	at org.apache.hadoop.hdds.scm.pipeline.SCMPipelineManager.lambda$finalizeAndDestroyPipeline$0(SCMPipelineManager.java:318)
	at org.apache.hadoop.utils.Scheduler.lambda$schedule$1(Scheduler.java:68)
	at java.util.concurrent.Executors$RunnableAdapter.call(Executors.java:511)
	at java.util.concurrent.FutureTask.run(FutureTask.java:266)
	at java.util.concurrent.ScheduledThreadPoolExecutor$ScheduledFutureTask.access$201(ScheduledThreadPoolExecutor.java:180)
	at java.util.concurrent.ScheduledThreadPoolExecutor$ScheduledFutureTask.run(ScheduledThreadPoolExecutor.java:293)
	at java.util.concurrent.ThreadPoolExecutor.runWorker(ThreadPoolExecutor.java:1149)
	at java.util.concurrent.ThreadPoolExecutor$Worker.run(ThreadPoolExecutor.java:624)
	at java.lang.Thread.run(Thread.java:748)
2019-09-16 16:36:51,268 [2b9d536e-7082-46d0-bcea-3da9bf5f5d0c@group-EFD673A008FB-SegmentedRaftLogWorker] WARN  segmented.SegmentedRaftLogWorker (SegmentedRaftLogWorker.java:getFromFuture(90)) - Timeout 0/~
org.apache.ratis.protocol.TimeoutIOException: Timeout 10s: WriteLog:15: (t:1, i:15), STATEMACHINELOGENTRY, client-5DAEDA81DCCF, cid=143-writeStateMachineData
	at org.apache.ratis.util.IOUtils.getFromFuture(IOUtils.java:87)
	at org.apache.ratis.server.raftlog.segmented.SegmentedRaftLogWorker$StateMachineDataPolicy.getFromFuture(SegmentedRaftLogWorker.java:87)
	at org.apache.ratis.server.raftlog.segmented.SegmentedRaftLogWorker$WriteLog.execute(SegmentedRaftLogWorker.java:477)
	at org.apache.ratis.server.raftlog.segmented.SegmentedRaftLogWorker.run(SegmentedRaftLogWorker.java:289)
	at java.lang.Thread.run(Thread.java:748)
Caused by: java.util.concurrent.TimeoutException
	at java.util.concurrent.CompletableFuture.timedGet(CompletableFuture.java:1771)
	at java.util.concurrent.CompletableFuture.get(CompletableFuture.java:1915)
	at org.apache.ratis.util.IOUtils.getFromFuture(IOUtils.java:79)
	... 4 more
2019-09-16 16:36:51,268 [103cee85-d2d3-4069-a903-4a8bed8118d2@group-EFD673A008FB-SegmentedRaftLogWorker] WARN  segmented.SegmentedRaftLogWorker (SegmentedRaftLogWorker.java:getFromFuture(90)) - Timeout 0/~
org.apache.ratis.protocol.TimeoutIOException: Timeout 10s: WriteLog:15: (t:1, i:15), STATEMACHINELOGENTRY, client-5DAEDA81DCCF, cid=143-writeStateMachineData
	at org.apache.ratis.util.IOUtils.getFromFuture(IOUtils.java:87)
	at org.apache.ratis.server.raftlog.segmented.SegmentedRaftLogWorker$StateMachineDataPolicy.getFromFuture(SegmentedRaftLogWorker.java:87)
	at org.apache.ratis.server.raftlog.segmented.SegmentedRaftLogWorker$WriteLog.execute(SegmentedRaftLogWorker.java:477)
	at org.apache.ratis.server.raftlog.segmented.SegmentedRaftLogWorker.run(SegmentedRaftLogWorker.java:289)
	at java.lang.Thread.run(Thread.java:748)
Caused by: java.util.concurrent.TimeoutException
	at java.util.concurrent.CompletableFuture.timedGet(CompletableFuture.java:1771)
	at java.util.concurrent.CompletableFuture.get(CompletableFuture.java:1915)
	at org.apache.ratis.util.IOUtils.getFromFuture(IOUtils.java:79)
	... 4 more
2019-09-16 16:36:51,337 [grpc-default-executor-5] INFO  client.GrpcClientProtocolClient (GrpcClientProtocolClient.java:onNext(264)) - client-5DAEDA81DCCF->2b9d536e-7082-46d0-bcea-3da9bf5f5d0c: receive RaftClientReply:client-5DAEDA81DCCF->2b9d536e-7082-46d0-bcea-3da9bf5f5d0c@group-EFD673A008FB, cid=143, FAILED org.apache.ratis.protocol.NotLeaderException: Server 2b9d536e-7082-46d0-bcea-3da9bf5f5d0c@group-EFD673A008FB is not the leader 5da997ac-485a-4ae3-a11f-bd7c3a0ad14d:192.168.5.183:41252, logIndex=0, commits[2b9d536e-7082-46d0-bcea-3da9bf5f5d0c:c14, 103cee85-d2d3-4069-a903-4a8bed8118d2:c12, 5da997ac-485a-4ae3-a11f-bd7c3a0ad14d:c14]
2019-09-16 16:36:51,500 [5da997ac-485a-4ae3-a11f-bd7c3a0ad14d@group-EFD673A008FB-SegmentedRaftLogWorker] WARN  segmented.SegmentedRaftLogWorker (SegmentedRaftLogWorker.java:getFromFuture(90)) - Timeout 0/~
org.apache.ratis.protocol.TimeoutIOException: Timeout 10s: WriteLog:16: (t:1, i:16), STATEMACHINELOGENTRY, client-5DAEDA81DCCF, cid=144-writeStateMachineData
	at org.apache.ratis.util.IOUtils.getFromFuture(IOUtils.java:87)
	at org.apache.ratis.server.raftlog.segmented.SegmentedRaftLogWorker$StateMachineDataPolicy.getFromFuture(SegmentedRaftLogWorker.java:87)
	at org.apache.ratis.server.raftlog.segmented.SegmentedRaftLogWorker$WriteLog.execute(SegmentedRaftLogWorker.java:477)
	at org.apache.ratis.server.raftlog.segmented.SegmentedRaftLogWorker.run(SegmentedRaftLogWorker.java:289)
	at java.lang.Thread.run(Thread.java:748)
Caused by: java.util.concurrent.TimeoutException
	at java.util.concurrent.CompletableFuture.timedGet(CompletableFuture.java:1771)
	at java.util.concurrent.CompletableFuture.get(CompletableFuture.java:1915)
	at org.apache.ratis.util.IOUtils.getFromFuture(IOUtils.java:79)
	... 4 more
2019-09-16 16:36:51,771 [java.util.concurrent.ThreadPoolExecutor$Worker@35f96af3[State = -1, empty queue]] WARN  server.GrpcLogAppender (GrpcLogAppender.java:timeoutAppendRequest(200)) - 5da997ac-485a-4ae3-a11f-bd7c3a0ad14d@group-EFD673A008FB->2b9d536e-7082-46d0-bcea-3da9bf5f5d0c-GrpcLogAppender: appendEntries Timeout, request=5da997ac-485a-4ae3-a11f-bd7c3a0ad14d->2b9d536e-7082-46d0-bcea-3da9bf5f5d0c#96-t1, previous=(t:1, i:20), leaderCommit=14, initializing? false, entries: <empty>
2019-09-16 16:36:51,771 [java.util.concurrent.ThreadPoolExecutor$Worker@1be6be97[State = -1, empty queue]] WARN  server.GrpcLogAppender (GrpcLogAppender.java:timeoutAppendRequest(200)) - 5da997ac-485a-4ae3-a11f-bd7c3a0ad14d@group-EFD673A008FB->103cee85-d2d3-4069-a903-4a8bed8118d2-GrpcLogAppender: appendEntries Timeout, request=5da997ac-485a-4ae3-a11f-bd7c3a0ad14d->103cee85-d2d3-4069-a903-4a8bed8118d2#96-t1, previous=(t:1, i:20), leaderCommit=14, initializing? false, entries: <empty>
2019-09-16 16:36:52,881 [grpc-default-executor-5] INFO  impl.RaftServerProxy (RaftServerProxy.java:remove(95)) - e3c513c6-7b5b-430b-887c-eb88026c45f2: remove group-03260B50B3E1:null
2019-09-16 16:36:52,884 [RatisPipelineUtilsThread] WARN  pipeline.RatisPipelineUtils (RatisPipelineUtils.java:destroyPipeline(66)) - Pipeline destroy failed for pipeline=PipelineID=5cfbe3f7-52ce-47b9-acbf-03260b50b3e1 dn=e3c513c6-7b5b-430b-887c-eb88026c45f2{ip: 192.168.5.183, host: pr-hdds-1054-fkf2j-3502855176, networkLocation: /default-rack, certSerialId: null}
2019-09-16 16:36:52,888 [grpc-default-executor-5] INFO  impl.RaftServerProxy (RaftServerProxy.java:remove(95)) - 816c2023-76ea-4558-9da7-70127639a79a: remove group-03260B50B3E1:null
2019-09-16 16:36:52,890 [RatisPipelineUtilsThread] WARN  pipeline.RatisPipelineUtils (RatisPipelineUtils.java:destroyPipeline(66)) - Pipeline destroy failed for pipeline=PipelineID=5cfbe3f7-52ce-47b9-acbf-03260b50b3e1 dn=816c2023-76ea-4558-9da7-70127639a79a{ip: 192.168.5.183, host: pr-hdds-1054-fkf2j-3502855176, networkLocation: /default-rack, certSerialId: null}
2019-09-16 16:36:52,893 [grpc-default-executor-5] INFO  impl.RaftServerProxy (RaftServerProxy.java:remove(95)) - 33002f53-59d2-46ae-91ae-843eaa52c7d0: remove group-03260B50B3E1:null
2019-09-16 16:36:52,899 [RatisPipelineUtilsThread] WARN  pipeline.RatisPipelineUtils (RatisPipelineUtils.java:destroyPipeline(66)) - Pipeline destroy failed for pipeline=PipelineID=5cfbe3f7-52ce-47b9-acbf-03260b50b3e1 dn=33002f53-59d2-46ae-91ae-843eaa52c7d0{ip: 192.168.5.183, host: pr-hdds-1054-fkf2j-3502855176, networkLocation: /default-rack, certSerialId: null}
2019-09-16 16:36:52,900 [RatisPipelineUtilsThread] ERROR pipeline.SCMPipelineManager (Scheduler.java:lambda$schedule$1(70)) - Destroy pipeline failed for pipeline:Pipeline[ Id: 5cfbe3f7-52ce-47b9-acbf-03260b50b3e1, Nodes: e3c513c6-7b5b-430b-887c-eb88026c45f2{ip: 192.168.5.183, host: pr-hdds-1054-fkf2j-3502855176, networkLocation: /default-rack, certSerialId: null}816c2023-76ea-4558-9da7-70127639a79a{ip: 192.168.5.183, host: pr-hdds-1054-fkf2j-3502855176, networkLocation: /default-rack, certSerialId: null}33002f53-59d2-46ae-91ae-843eaa52c7d0{ip: 192.168.5.183, host: pr-hdds-1054-fkf2j-3502855176, networkLocation: /default-rack, certSerialId: null}, Type:RATIS, Factor:THREE, State:CLOSED]
org.apache.hadoop.hdds.scm.pipeline.PipelineNotFoundException: PipelineID=5cfbe3f7-52ce-47b9-acbf-03260b50b3e1 not found
	at org.apache.hadoop.hdds.scm.pipeline.PipelineStateMap.getPipeline(PipelineStateMap.java:132)
	at org.apache.hadoop.hdds.scm.pipeline.PipelineStateMap.removePipeline(PipelineStateMap.java:322)
	at org.apache.hadoop.hdds.scm.pipeline.PipelineStateManager.removePipeline(PipelineStateManager.java:107)
	at org.apache.hadoop.hdds.scm.pipeline.SCMPipelineManager.removePipeline(SCMPipelineManager.java:423)
	at org.apache.hadoop.hdds.scm.pipeline.SCMPipelineManager.destroyPipeline(SCMPipelineManager.java:409)
	at org.apache.hadoop.hdds.scm.pipeline.SCMPipelineManager.lambda$finalizeAndDestroyPipeline$0(SCMPipelineManager.java:318)
	at org.apache.hadoop.utils.Scheduler.lambda$schedule$1(Scheduler.java:68)
	at java.util.concurrent.Executors$RunnableAdapter.call(Executors.java:511)
	at java.util.concurrent.FutureTask.run(FutureTask.java:266)
	at java.util.concurrent.ScheduledThreadPoolExecutor$ScheduledFutureTask.access$201(ScheduledThreadPoolExecutor.java:180)
	at java.util.concurrent.ScheduledThreadPoolExecutor$ScheduledFutureTask.run(ScheduledThreadPoolExecutor.java:293)
	at java.util.concurrent.ThreadPoolExecutor.runWorker(ThreadPoolExecutor.java:1149)
	at java.util.concurrent.ThreadPoolExecutor$Worker.run(ThreadPoolExecutor.java:624)
	at java.lang.Thread.run(Thread.java:748)
2019-09-16 16:36:54,272 [java.util.concurrent.ThreadPoolExecutor$Worker@35f96af3[State = -1, empty queue]] WARN  server.GrpcLogAppender (GrpcLogAppender.java:timeoutAppendRequest(200)) - 5da997ac-485a-4ae3-a11f-bd7c3a0ad14d@group-EFD673A008FB->2b9d536e-7082-46d0-bcea-3da9bf5f5d0c-GrpcLogAppender: appendEntries Timeout, request=5da997ac-485a-4ae3-a11f-bd7c3a0ad14d->2b9d536e-7082-46d0-bcea-3da9bf5f5d0c#97-t1, previous=(t:1, i:20), leaderCommit=14, initializing? false, entries: <empty>
2019-09-16 16:36:54,272 [java.util.concurrent.ThreadPoolExecutor$Worker@1be6be97[State = -1, empty queue]] WARN  server.GrpcLogAppender (GrpcLogAppender.java:timeoutAppendRequest(200)) - 5da997ac-485a-4ae3-a11f-bd7c3a0ad14d@group-EFD673A008FB->103cee85-d2d3-4069-a903-4a8bed8118d2-GrpcLogAppender: appendEntries Timeout, request=5da997ac-485a-4ae3-a11f-bd7c3a0ad14d->103cee85-d2d3-4069-a903-4a8bed8118d2#97-t1, previous=(t:1, i:20), leaderCommit=14, initializing? false, entries: <empty>
2019-09-16 16:36:54,882 [grpc-default-executor-6] INFO  impl.RaftServerProxy (RaftServerProxy.java:remove(95)) - e3c513c6-7b5b-430b-887c-eb88026c45f2: remove group-03260B50B3E1:null
2019-09-16 16:36:54,885 [RatisPipelineUtilsThread] WARN  pipeline.RatisPipelineUtils (RatisPipelineUtils.java:destroyPipeline(66)) - Pipeline destroy failed for pipeline=PipelineID=5cfbe3f7-52ce-47b9-acbf-03260b50b3e1 dn=e3c513c6-7b5b-430b-887c-eb88026c45f2{ip: 192.168.5.183, host: pr-hdds-1054-fkf2j-3502855176, networkLocation: /default-rack, certSerialId: null}
2019-09-16 16:36:54,888 [grpc-default-executor-6] INFO  impl.RaftServerProxy (RaftServerProxy.java:remove(95)) - 816c2023-76ea-4558-9da7-70127639a79a: remove group-03260B50B3E1:null
2019-09-16 16:36:54,889 [RatisPipelineUtilsThread] WARN  pipeline.RatisPipelineUtils (RatisPipelineUtils.java:destroyPipeline(66)) - Pipeline destroy failed for pipeline=PipelineID=5cfbe3f7-52ce-47b9-acbf-03260b50b3e1 dn=816c2023-76ea-4558-9da7-70127639a79a{ip: 192.168.5.183, host: pr-hdds-1054-fkf2j-3502855176, networkLocation: /default-rack, certSerialId: null}
2019-09-16 16:36:54,891 [grpc-default-executor-6] INFO  impl.RaftServerProxy (RaftServerProxy.java:remove(95)) - 33002f53-59d2-46ae-91ae-843eaa52c7d0: remove group-03260B50B3E1:null
2019-09-16 16:36:54,893 [RatisPipelineUtilsThread] WARN  pipeline.RatisPipelineUtils (RatisPipelineUtils.java:destroyPipeline(66)) - Pipeline destroy failed for pipeline=PipelineID=5cfbe3f7-52ce-47b9-acbf-03260b50b3e1 dn=33002f53-59d2-46ae-91ae-843eaa52c7d0{ip: 192.168.5.183, host: pr-hdds-1054-fkf2j-3502855176, networkLocation: /default-rack, certSerialId: null}
2019-09-16 16:36:54,893 [RatisPipelineUtilsThread] ERROR pipeline.SCMPipelineManager (Scheduler.java:lambda$schedule$1(70)) - Destroy pipeline failed for pipeline:Pipeline[ Id: 5cfbe3f7-52ce-47b9-acbf-03260b50b3e1, Nodes: e3c513c6-7b5b-430b-887c-eb88026c45f2{ip: 192.168.5.183, host: pr-hdds-1054-fkf2j-3502855176, networkLocation: /default-rack, certSerialId: null}816c2023-76ea-4558-9da7-70127639a79a{ip: 192.168.5.183, host: pr-hdds-1054-fkf2j-3502855176, networkLocation: /default-rack, certSerialId: null}33002f53-59d2-46ae-91ae-843eaa52c7d0{ip: 192.168.5.183, host: pr-hdds-1054-fkf2j-3502855176, networkLocation: /default-rack, certSerialId: null}, Type:RATIS, Factor:THREE, State:CLOSED]
org.apache.hadoop.hdds.scm.pipeline.PipelineNotFoundException: PipelineID=5cfbe3f7-52ce-47b9-acbf-03260b50b3e1 not found
	at org.apache.hadoop.hdds.scm.pipeline.PipelineStateMap.getPipeline(PipelineStateMap.java:132)
	at org.apache.hadoop.hdds.scm.pipeline.PipelineStateMap.removePipeline(PipelineStateMap.java:322)
	at org.apache.hadoop.hdds.scm.pipeline.PipelineStateManager.removePipeline(PipelineStateManager.java:107)
	at org.apache.hadoop.hdds.scm.pipeline.SCMPipelineManager.removePipeline(SCMPipelineManager.java:423)
	at org.apache.hadoop.hdds.scm.pipeline.SCMPipelineManager.destroyPipeline(SCMPipelineManager.java:409)
	at org.apache.hadoop.hdds.scm.pipeline.SCMPipelineManager.lambda$finalizeAndDestroyPipeline$0(SCMPipelineManager.java:318)
	at org.apache.hadoop.utils.Scheduler.lambda$schedule$1(Scheduler.java:68)
	at java.util.concurrent.Executors$RunnableAdapter.call(Executors.java:511)
	at java.util.concurrent.FutureTask.run(FutureTask.java:266)
	at java.util.concurrent.ScheduledThreadPoolExecutor$ScheduledFutureTask.access$201(ScheduledThreadPoolExecutor.java:180)
	at java.util.concurrent.ScheduledThreadPoolExecutor$ScheduledFutureTask.run(ScheduledThreadPoolExecutor.java:293)
	at java.util.concurrent.ThreadPoolExecutor.runWorker(ThreadPoolExecutor.java:1149)
	at java.util.concurrent.ThreadPoolExecutor$Worker.run(ThreadPoolExecutor.java:624)
	at java.lang.Thread.run(Thread.java:748)
2019-09-16 16:36:56,370 [grpc-default-executor-6] INFO  client.GrpcClientProtocolClient (GrpcClientProtocolClient.java:onNext(264)) - client-5DAEDA81DCCF->103cee85-d2d3-4069-a903-4a8bed8118d2: receive RaftClientReply:client-5DAEDA81DCCF->103cee85-d2d3-4069-a903-4a8bed8118d2@group-EFD673A008FB, cid=143, FAILED org.apache.ratis.protocol.NotLeaderException: Server 103cee85-d2d3-4069-a903-4a8bed8118d2@group-EFD673A008FB is not the leader 5da997ac-485a-4ae3-a11f-bd7c3a0ad14d:192.168.5.183:41252, logIndex=0, commits[103cee85-d2d3-4069-a903-4a8bed8118d2:c14, 2b9d536e-7082-46d0-bcea-3da9bf5f5d0c:c12, 5da997ac-485a-4ae3-a11f-bd7c3a0ad14d:c14]
2019-09-16 16:36:56,772 [java.util.concurrent.ThreadPoolExecutor$Worker@1be6be97[State = -1, empty queue]] WARN  server.GrpcLogAppender (GrpcLogAppender.java:timeoutAppendRequest(200)) - 5da997ac-485a-4ae3-a11f-bd7c3a0ad14d@group-EFD673A008FB->103cee85-d2d3-4069-a903-4a8bed8118d2-GrpcLogAppender: appendEntries Timeout, request=5da997ac-485a-4ae3-a11f-bd7c3a0ad14d->103cee85-d2d3-4069-a903-4a8bed8118d2#98-t1, previous=(t:1, i:20), leaderCommit=14, initializing? false, entries: <empty>
2019-09-16 16:36:56,772 [java.util.concurrent.ThreadPoolExecutor$Worker@35f96af3[State = -1, empty queue]] WARN  server.GrpcLogAppender (GrpcLogAppender.java:timeoutAppendRequest(200)) - 5da997ac-485a-4ae3-a11f-bd7c3a0ad14d@group-EFD673A008FB->2b9d536e-7082-46d0-bcea-3da9bf5f5d0c-GrpcLogAppender: appendEntries Timeout, request=5da997ac-485a-4ae3-a11f-bd7c3a0ad14d->2b9d536e-7082-46d0-bcea-3da9bf5f5d0c#98-t1, previous=(t:1, i:20), leaderCommit=14, initializing? false, entries: <empty>
2019-09-16 16:36:57,881 [grpc-default-executor-5] INFO  impl.RaftServerProxy (RaftServerProxy.java:remove(95)) - e3c513c6-7b5b-430b-887c-eb88026c45f2: remove group-03260B50B3E1:null
2019-09-16 16:36:57,884 [RatisPipelineUtilsThread] WARN  pipeline.RatisPipelineUtils (RatisPipelineUtils.java:destroyPipeline(66)) - Pipeline destroy failed for pipeline=PipelineID=5cfbe3f7-52ce-47b9-acbf-03260b50b3e1 dn=e3c513c6-7b5b-430b-887c-eb88026c45f2{ip: 192.168.5.183, host: pr-hdds-1054-fkf2j-3502855176, networkLocation: /default-rack, certSerialId: null}
2019-09-16 16:36:57,887 [grpc-default-executor-5] INFO  impl.RaftServerProxy (RaftServerProxy.java:remove(95)) - 816c2023-76ea-4558-9da7-70127639a79a: remove group-03260B50B3E1:null
2019-09-16 16:36:57,889 [RatisPipelineUtilsThread] WARN  pipeline.RatisPipelineUtils (RatisPipelineUtils.java:destroyPipeline(66)) - Pipeline destroy failed for pipeline=PipelineID=5cfbe3f7-52ce-47b9-acbf-03260b50b3e1 dn=816c2023-76ea-4558-9da7-70127639a79a{ip: 192.168.5.183, host: pr-hdds-1054-fkf2j-3502855176, networkLocation: /default-rack, certSerialId: null}
2019-09-16 16:36:57,892 [grpc-default-executor-5] INFO  impl.RaftServerProxy (RaftServerProxy.java:remove(95)) - 33002f53-59d2-46ae-91ae-843eaa52c7d0: remove group-03260B50B3E1:null
2019-09-16 16:36:57,894 [RatisPipelineUtilsThread] WARN  pipeline.RatisPipelineUtils (RatisPipelineUtils.java:destroyPipeline(66)) - Pipeline destroy failed for pipeline=PipelineID=5cfbe3f7-52ce-47b9-acbf-03260b50b3e1 dn=33002f53-59d2-46ae-91ae-843eaa52c7d0{ip: 192.168.5.183, host: pr-hdds-1054-fkf2j-3502855176, networkLocation: /default-rack, certSerialId: null}
2019-09-16 16:36:57,895 [RatisPipelineUtilsThread] ERROR pipeline.SCMPipelineManager (Scheduler.java:lambda$schedule$1(70)) - Destroy pipeline failed for pipeline:Pipeline[ Id: 5cfbe3f7-52ce-47b9-acbf-03260b50b3e1, Nodes: e3c513c6-7b5b-430b-887c-eb88026c45f2{ip: 192.168.5.183, host: pr-hdds-1054-fkf2j-3502855176, networkLocation: /default-rack, certSerialId: null}816c2023-76ea-4558-9da7-70127639a79a{ip: 192.168.5.183, host: pr-hdds-1054-fkf2j-3502855176, networkLocation: /default-rack, certSerialId: null}33002f53-59d2-46ae-91ae-843eaa52c7d0{ip: 192.168.5.183, host: pr-hdds-1054-fkf2j-3502855176, networkLocation: /default-rack, certSerialId: null}, Type:RATIS, Factor:THREE, State:CLOSED]
org.apache.hadoop.hdds.scm.pipeline.PipelineNotFoundException: PipelineID=5cfbe3f7-52ce-47b9-acbf-03260b50b3e1 not found
	at org.apache.hadoop.hdds.scm.pipeline.PipelineStateMap.getPipeline(PipelineStateMap.java:132)
	at org.apache.hadoop.hdds.scm.pipeline.PipelineStateMap.removePipeline(PipelineStateMap.java:322)
	at org.apache.hadoop.hdds.scm.pipeline.PipelineStateManager.removePipeline(PipelineStateManager.java:107)
	at org.apache.hadoop.hdds.scm.pipeline.SCMPipelineManager.removePipeline(SCMPipelineManager.java:423)
	at org.apache.hadoop.hdds.scm.pipeline.SCMPipelineManager.destroyPipeline(SCMPipelineManager.java:409)
	at org.apache.hadoop.hdds.scm.pipeline.SCMPipelineManager.lambda$finalizeAndDestroyPipeline$0(SCMPipelineManager.java:318)
	at org.apache.hadoop.utils.Scheduler.lambda$schedule$1(Scheduler.java:68)
	at java.util.concurrent.Executors$RunnableAdapter.call(Executors.java:511)
	at java.util.concurrent.FutureTask.run(FutureTask.java:266)
	at java.util.concurrent.ScheduledThreadPoolExecutor$ScheduledFutureTask.access$201(ScheduledThreadPoolExecutor.java:180)
	at java.util.concurrent.ScheduledThreadPoolExecutor$ScheduledFutureTask.run(ScheduledThreadPoolExecutor.java:293)
	at java.util.concurrent.ThreadPoolExecutor.runWorker(ThreadPoolExecutor.java:1149)
	at java.util.concurrent.ThreadPoolExecutor$Worker.run(ThreadPoolExecutor.java:624)
	at java.lang.Thread.run(Thread.java:748)
2019-09-16 16:36:59,273 [java.util.concurrent.ThreadPoolExecutor$Worker@1be6be97[State = -1, empty queue]] WARN  server.GrpcLogAppender (GrpcLogAppender.java:timeoutAppendRequest(200)) - 5da997ac-485a-4ae3-a11f-bd7c3a0ad14d@group-EFD673A008FB->103cee85-d2d3-4069-a903-4a8bed8118d2-GrpcLogAppender: appendEntries Timeout, request=5da997ac-485a-4ae3-a11f-bd7c3a0ad14d->103cee85-d2d3-4069-a903-4a8bed8118d2#99-t1, previous=(t:1, i:20), leaderCommit=14, initializing? false, entries: <empty>
2019-09-16 16:36:59,273 [java.util.concurrent.ThreadPoolExecutor$Worker@35f96af3[State = -1, empty queue]] WARN  server.GrpcLogAppender (GrpcLogAppender.java:timeoutAppendRequest(200)) - 5da997ac-485a-4ae3-a11f-bd7c3a0ad14d@group-EFD673A008FB->2b9d536e-7082-46d0-bcea-3da9bf5f5d0c-GrpcLogAppender: appendEntries Timeout, request=5da997ac-485a-4ae3-a11f-bd7c3a0ad14d->2b9d536e-7082-46d0-bcea-3da9bf5f5d0c#99-t1, previous=(t:1, i:20), leaderCommit=14, initializing? false, entries: <empty>
2019-09-16 16:36:59,918 [grpc-default-executor-5] INFO  impl.RaftServerProxy (RaftServerProxy.java:remove(95)) - e3c513c6-7b5b-430b-887c-eb88026c45f2: remove group-03260B50B3E1:null
2019-09-16 16:36:59,922 [RatisPipelineUtilsThread] WARN  pipeline.RatisPipelineUtils (RatisPipelineUtils.java:destroyPipeline(66)) - Pipeline destroy failed for pipeline=PipelineID=5cfbe3f7-52ce-47b9-acbf-03260b50b3e1 dn=e3c513c6-7b5b-430b-887c-eb88026c45f2{ip: 192.168.5.183, host: pr-hdds-1054-fkf2j-3502855176, networkLocation: /default-rack, certSerialId: null}
2019-09-16 16:36:59,925 [grpc-default-executor-5] INFO  impl.RaftServerProxy (RaftServerProxy.java:remove(95)) - 816c2023-76ea-4558-9da7-70127639a79a: remove group-03260B50B3E1:null
2019-09-16 16:36:59,927 [RatisPipelineUtilsThread] WARN  pipeline.RatisPipelineUtils (RatisPipelineUtils.java:destroyPipeline(66)) - Pipeline destroy failed for pipeline=PipelineID=5cfbe3f7-52ce-47b9-acbf-03260b50b3e1 dn=816c2023-76ea-4558-9da7-70127639a79a{ip: 192.168.5.183, host: pr-hdds-1054-fkf2j-3502855176, networkLocation: /default-rack, certSerialId: null}
2019-09-16 16:36:59,930 [grpc-default-executor-5] INFO  impl.RaftServerProxy (RaftServerProxy.java:remove(95)) - 33002f53-59d2-46ae-91ae-843eaa52c7d0: remove group-03260B50B3E1:null
2019-09-16 16:36:59,932 [RatisPipelineUtilsThread] WARN  pipeline.RatisPipelineUtils (RatisPipelineUtils.java:destroyPipeline(66)) - Pipeline destroy failed for pipeline=PipelineID=5cfbe3f7-52ce-47b9-acbf-03260b50b3e1 dn=33002f53-59d2-46ae-91ae-843eaa52c7d0{ip: 192.168.5.183, host: pr-hdds-1054-fkf2j-3502855176, networkLocation: /default-rack, certSerialId: null}
2019-09-16 16:36:59,933 [RatisPipelineUtilsThread] ERROR pipeline.SCMPipelineManager (Scheduler.java:lambda$schedule$1(70)) - Destroy pipeline failed for pipeline:Pipeline[ Id: 5cfbe3f7-52ce-47b9-acbf-03260b50b3e1, Nodes: e3c513c6-7b5b-430b-887c-eb88026c45f2{ip: 192.168.5.183, host: pr-hdds-1054-fkf2j-3502855176, networkLocation: /default-rack, certSerialId: null}816c2023-76ea-4558-9da7-70127639a79a{ip: 192.168.5.183, host: pr-hdds-1054-fkf2j-3502855176, networkLocation: /default-rack, certSerialId: null}33002f53-59d2-46ae-91ae-843eaa52c7d0{ip: 192.168.5.183, host: pr-hdds-1054-fkf2j-3502855176, networkLocation: /default-rack, certSerialId: null}, Type:RATIS, Factor:THREE, State:CLOSED]
org.apache.hadoop.hdds.scm.pipeline.PipelineNotFoundException: PipelineID=5cfbe3f7-52ce-47b9-acbf-03260b50b3e1 not found
	at org.apache.hadoop.hdds.scm.pipeline.PipelineStateMap.getPipeline(PipelineStateMap.java:132)
	at org.apache.hadoop.hdds.scm.pipeline.PipelineStateMap.removePipeline(PipelineStateMap.java:322)
	at org.apache.hadoop.hdds.scm.pipeline.PipelineStateManager.removePipeline(PipelineStateManager.java:107)
	at org.apache.hadoop.hdds.scm.pipeline.SCMPipelineManager.removePipeline(SCMPipelineManager.java:423)
	at org.apache.hadoop.hdds.scm.pipeline.SCMPipelineManager.destroyPipeline(SCMPipelineManager.java:409)
	at org.apache.hadoop.hdds.scm.pipeline.SCMPipelineManager.lambda$finalizeAndDestroyPipeline$0(SCMPipelineManager.java:318)
	at org.apache.hadoop.utils.Scheduler.lambda$schedule$1(Scheduler.java:68)
	at java.util.concurrent.Executors$RunnableAdapter.call(Executors.java:511)
	at java.util.concurrent.FutureTask.run(FutureTask.java:266)
	at java.util.concurrent.ScheduledThreadPoolExecutor$ScheduledFutureTask.access$201(ScheduledThreadPoolExecutor.java:180)
	at java.util.concurrent.ScheduledThreadPoolExecutor$ScheduledFutureTask.run(ScheduledThreadPoolExecutor.java:293)
	at java.util.concurrent.ThreadPoolExecutor.runWorker(ThreadPoolExecutor.java:1149)
	at java.util.concurrent.ThreadPoolExecutor$Worker.run(ThreadPoolExecutor.java:624)
	at java.lang.Thread.run(Thread.java:748)
2019-09-16 16:37:01,269 [2b9d536e-7082-46d0-bcea-3da9bf5f5d0c@group-EFD673A008FB-SegmentedRaftLogWorker] WARN  segmented.SegmentedRaftLogWorker (SegmentedRaftLogWorker.java:getFromFuture(90)) - Timeout 1/~
org.apache.ratis.protocol.TimeoutIOException: Timeout 10s: WriteLog:15: (t:1, i:15), STATEMACHINELOGENTRY, client-5DAEDA81DCCF, cid=143-writeStateMachineData
	at org.apache.ratis.util.IOUtils.getFromFuture(IOUtils.java:87)
	at org.apache.ratis.server.raftlog.segmented.SegmentedRaftLogWorker$StateMachineDataPolicy.getFromFuture(SegmentedRaftLogWorker.java:87)
	at org.apache.ratis.server.raftlog.segmented.SegmentedRaftLogWorker$WriteLog.execute(SegmentedRaftLogWorker.java:477)
	at org.apache.ratis.server.raftlog.segmented.SegmentedRaftLogWorker.run(SegmentedRaftLogWorker.java:289)
	at java.lang.Thread.run(Thread.java:748)
Caused by: java.util.concurrent.TimeoutException
	at java.util.concurrent.CompletableFuture.timedGet(CompletableFuture.java:1771)
	at java.util.concurrent.CompletableFuture.get(CompletableFuture.java:1915)
	at org.apache.ratis.util.IOUtils.getFromFuture(IOUtils.java:79)
	... 4 more
2019-09-16 16:37:01,269 [103cee85-d2d3-4069-a903-4a8bed8118d2@group-EFD673A008FB-SegmentedRaftLogWorker] WARN  segmented.SegmentedRaftLogWorker (SegmentedRaftLogWorker.java:getFromFuture(90)) - Timeout 1/~
org.apache.ratis.protocol.TimeoutIOException: Timeout 10s: WriteLog:15: (t:1, i:15), STATEMACHINELOGENTRY, client-5DAEDA81DCCF, cid=143-writeStateMachineData
	at org.apache.ratis.util.IOUtils.getFromFuture(IOUtils.java:87)
	at org.apache.ratis.server.raftlog.segmented.SegmentedRaftLogWorker$StateMachineDataPolicy.getFromFuture(SegmentedRaftLogWorker.java:87)
	at org.apache.ratis.server.raftlog.segmented.SegmentedRaftLogWorker$WriteLog.execute(SegmentedRaftLogWorker.java:477)
	at org.apache.ratis.server.raftlog.segmented.SegmentedRaftLogWorker.run(SegmentedRaftLogWorker.java:289)
	at java.lang.Thread.run(Thread.java:748)
Caused by: java.util.concurrent.TimeoutException
	at java.util.concurrent.CompletableFuture.timedGet(CompletableFuture.java:1771)
	at java.util.concurrent.CompletableFuture.get(CompletableFuture.java:1915)
	at org.apache.ratis.util.IOUtils.getFromFuture(IOUtils.java:79)
	... 4 more
2019-09-16 16:37:01,397 [grpc-default-executor-5] INFO  client.GrpcClientProtocolClient (GrpcClientProtocolClient.java:onNext(264)) - client-5DAEDA81DCCF->2b9d536e-7082-46d0-bcea-3da9bf5f5d0c: receive RaftClientReply:client-5DAEDA81DCCF->2b9d536e-7082-46d0-bcea-3da9bf5f5d0c@group-EFD673A008FB, cid=143, FAILED org.apache.ratis.protocol.NotLeaderException: Server 2b9d536e-7082-46d0-bcea-3da9bf5f5d0c@group-EFD673A008FB is not the leader 5da997ac-485a-4ae3-a11f-bd7c3a0ad14d:192.168.5.183:41252, logIndex=0, commits[2b9d536e-7082-46d0-bcea-3da9bf5f5d0c:c14, 103cee85-d2d3-4069-a903-4a8bed8118d2:c12, 5da997ac-485a-4ae3-a11f-bd7c3a0ad14d:c14]
2019-09-16 16:37:01,501 [5da997ac-485a-4ae3-a11f-bd7c3a0ad14d@group-EFD673A008FB-SegmentedRaftLogWorker] WARN  segmented.SegmentedRaftLogWorker (SegmentedRaftLogWorker.java:getFromFuture(90)) - Timeout 1/~
org.apache.ratis.protocol.TimeoutIOException: Timeout 10s: WriteLog:16: (t:1, i:16), STATEMACHINELOGENTRY, client-5DAEDA81DCCF, cid=144-writeStateMachineData
	at org.apache.ratis.util.IOUtils.getFromFuture(IOUtils.java:87)
	at org.apache.ratis.server.raftlog.segmented.SegmentedRaftLogWorker$StateMachineDataPolicy.getFromFuture(SegmentedRaftLogWorker.java:87)
	at org.apache.ratis.server.raftlog.segmented.SegmentedRaftLogWorker$WriteLog.execute(SegmentedRaftLogWorker.java:477)
	at org.apache.ratis.server.raftlog.segmented.SegmentedRaftLogWorker.run(SegmentedRaftLogWorker.java:289)
	at java.lang.Thread.run(Thread.java:748)
Caused by: java.util.concurrent.TimeoutException
	at java.util.concurrent.CompletableFuture.timedGet(CompletableFuture.java:1771)
	at java.util.concurrent.CompletableFuture.get(CompletableFuture.java:1915)
	at org.apache.ratis.util.IOUtils.getFromFuture(IOUtils.java:79)
	... 4 more
2019-09-16 16:37:01,773 [java.util.concurrent.ThreadPoolExecutor$Worker@1be6be97[State = -1, empty queue]] WARN  server.GrpcLogAppender (GrpcLogAppender.java:timeoutAppendRequest(200)) - 5da997ac-485a-4ae3-a11f-bd7c3a0ad14d@group-EFD673A008FB->103cee85-d2d3-4069-a903-4a8bed8118d2-GrpcLogAppender: appendEntries Timeout, request=5da997ac-485a-4ae3-a11f-bd7c3a0ad14d->103cee85-d2d3-4069-a903-4a8bed8118d2#100-t1, previous=(t:1, i:20), leaderCommit=14, initializing? false, entries: <empty>
2019-09-16 16:37:01,773 [java.util.concurrent.ThreadPoolExecutor$Worker@35f96af3[State = -1, empty queue]] WARN  server.GrpcLogAppender (GrpcLogAppender.java:timeoutAppendRequest(200)) - 5da997ac-485a-4ae3-a11f-bd7c3a0ad14d@group-EFD673A008FB->2b9d536e-7082-46d0-bcea-3da9bf5f5d0c-GrpcLogAppender: appendEntries Timeout, request=5da997ac-485a-4ae3-a11f-bd7c3a0ad14d->2b9d536e-7082-46d0-bcea-3da9bf5f5d0c#100-t1, previous=(t:1, i:20), leaderCommit=14, initializing? false, entries: <empty>
2019-09-16 16:37:02,883 [grpc-default-executor-5] INFO  impl.RaftServerProxy (RaftServerProxy.java:remove(95)) - e3c513c6-7b5b-430b-887c-eb88026c45f2: remove group-03260B50B3E1:null
2019-09-16 16:37:02,887 [RatisPipelineUtilsThread] WARN  pipeline.RatisPipelineUtils (RatisPipelineUtils.java:destroyPipeline(66)) - Pipeline destroy failed for pipeline=PipelineID=5cfbe3f7-52ce-47b9-acbf-03260b50b3e1 dn=e3c513c6-7b5b-430b-887c-eb88026c45f2{ip: 192.168.5.183, host: pr-hdds-1054-fkf2j-3502855176, networkLocation: /default-rack, certSerialId: null}
2019-09-16 16:37:02,890 [grpc-default-executor-5] INFO  impl.RaftServerProxy (RaftServerProxy.java:remove(95)) - 816c2023-76ea-4558-9da7-70127639a79a: remove group-03260B50B3E1:null
2019-09-16 16:37:02,892 [RatisPipelineUtilsThread] WARN  pipeline.RatisPipelineUtils (RatisPipelineUtils.java:destroyPipeline(66)) - Pipeline destroy failed for pipeline=PipelineID=5cfbe3f7-52ce-47b9-acbf-03260b50b3e1 dn=816c2023-76ea-4558-9da7-70127639a79a{ip: 192.168.5.183, host: pr-hdds-1054-fkf2j-3502855176, networkLocation: /default-rack, certSerialId: null}
2019-09-16 16:37:02,895 [grpc-default-executor-5] INFO  impl.RaftServerProxy (RaftServerProxy.java:remove(95)) - 33002f53-59d2-46ae-91ae-843eaa52c7d0: remove group-03260B50B3E1:null
2019-09-16 16:37:02,897 [RatisPipelineUtilsThread] WARN  pipeline.RatisPipelineUtils (RatisPipelineUtils.java:destroyPipeline(66)) - Pipeline destroy failed for pipeline=PipelineID=5cfbe3f7-52ce-47b9-acbf-03260b50b3e1 dn=33002f53-59d2-46ae-91ae-843eaa52c7d0{ip: 192.168.5.183, host: pr-hdds-1054-fkf2j-3502855176, networkLocation: /default-rack, certSerialId: null}
2019-09-16 16:37:02,897 [RatisPipelineUtilsThread] ERROR pipeline.SCMPipelineManager (Scheduler.java:lambda$schedule$1(70)) - Destroy pipeline failed for pipeline:Pipeline[ Id: 5cfbe3f7-52ce-47b9-acbf-03260b50b3e1, Nodes: e3c513c6-7b5b-430b-887c-eb88026c45f2{ip: 192.168.5.183, host: pr-hdds-1054-fkf2j-3502855176, networkLocation: /default-rack, certSerialId: null}816c2023-76ea-4558-9da7-70127639a79a{ip: 192.168.5.183, host: pr-hdds-1054-fkf2j-3502855176, networkLocation: /default-rack, certSerialId: null}33002f53-59d2-46ae-91ae-843eaa52c7d0{ip: 192.168.5.183, host: pr-hdds-1054-fkf2j-3502855176, networkLocation: /default-rack, certSerialId: null}, Type:RATIS, Factor:THREE, State:CLOSED]
org.apache.hadoop.hdds.scm.pipeline.PipelineNotFoundException: PipelineID=5cfbe3f7-52ce-47b9-acbf-03260b50b3e1 not found
	at org.apache.hadoop.hdds.scm.pipeline.PipelineStateMap.getPipeline(PipelineStateMap.java:132)
	at org.apache.hadoop.hdds.scm.pipeline.PipelineStateMap.removePipeline(PipelineStateMap.java:322)
	at org.apache.hadoop.hdds.scm.pipeline.PipelineStateManager.removePipeline(PipelineStateManager.java:107)
	at org.apache.hadoop.hdds.scm.pipeline.SCMPipelineManager.removePipeline(SCMPipelineManager.java:423)
	at org.apache.hadoop.hdds.scm.pipeline.SCMPipelineManager.destroyPipeline(SCMPipelineManager.java:409)
	at org.apache.hadoop.hdds.scm.pipeline.SCMPipelineManager.lambda$finalizeAndDestroyPipeline$0(SCMPipelineManager.java:318)
	at org.apache.hadoop.utils.Scheduler.lambda$schedule$1(Scheduler.java:68)
	at java.util.concurrent.Executors$RunnableAdapter.call(Executors.java:511)
	at java.util.concurrent.FutureTask.run(FutureTask.java:266)
	at java.util.concurrent.ScheduledThreadPoolExecutor$ScheduledFutureTask.access$201(ScheduledThreadPoolExecutor.java:180)
	at java.util.concurrent.ScheduledThreadPoolExecutor$ScheduledFutureTask.run(ScheduledThreadPoolExecutor.java:293)
	at java.util.concurrent.ThreadPoolExecutor.runWorker(ThreadPoolExecutor.java:1149)
	at java.util.concurrent.ThreadPoolExecutor$Worker.run(ThreadPoolExecutor.java:624)
	at java.lang.Thread.run(Thread.java:748)
2019-09-16 16:37:04,273 [java.util.concurrent.ThreadPoolExecutor$Worker@35f96af3[State = -1, empty queue]] WARN  server.GrpcLogAppender (GrpcLogAppender.java:timeoutAppendRequest(200)) - 5da997ac-485a-4ae3-a11f-bd7c3a0ad14d@group-EFD673A008FB->2b9d536e-7082-46d0-bcea-3da9bf5f5d0c-GrpcLogAppender: appendEntries Timeout, request=5da997ac-485a-4ae3-a11f-bd7c3a0ad14d->2b9d536e-7082-46d0-bcea-3da9bf5f5d0c#101-t1, previous=(t:1, i:20), leaderCommit=14, initializing? false, entries: <empty>
2019-09-16 16:37:04,273 [java.util.concurrent.ThreadPoolExecutor$Worker@1be6be97[State = -1, empty queue]] WARN  server.GrpcLogAppender (GrpcLogAppender.java:timeoutAppendRequest(200)) - 5da997ac-485a-4ae3-a11f-bd7c3a0ad14d@group-EFD673A008FB->103cee85-d2d3-4069-a903-4a8bed8118d2-GrpcLogAppender: appendEntries Timeout, request=5da997ac-485a-4ae3-a11f-bd7c3a0ad14d->103cee85-d2d3-4069-a903-4a8bed8118d2#101-t1, previous=(t:1, i:20), leaderCommit=14, initializing? false, entries: <empty>
2019-09-16 16:37:04,888 [grpc-default-executor-5] INFO  impl.RaftServerProxy (RaftServerProxy.java:remove(95)) - e3c513c6-7b5b-430b-887c-eb88026c45f2: remove group-03260B50B3E1:null
2019-09-16 16:37:04,893 [RatisPipelineUtilsThread] WARN  pipeline.RatisPipelineUtils (RatisPipelineUtils.java:destroyPipeline(66)) - Pipeline destroy failed for pipeline=PipelineID=5cfbe3f7-52ce-47b9-acbf-03260b50b3e1 dn=e3c513c6-7b5b-430b-887c-eb88026c45f2{ip: 192.168.5.183, host: pr-hdds-1054-fkf2j-3502855176, networkLocation: /default-rack, certSerialId: null}
2019-09-16 16:37:04,896 [grpc-default-executor-5] INFO  impl.RaftServerProxy (RaftServerProxy.java:remove(95)) - 816c2023-76ea-4558-9da7-70127639a79a: remove group-03260B50B3E1:null
2019-09-16 16:37:04,899 [RatisPipelineUtilsThread] WARN  pipeline.RatisPipelineUtils (RatisPipelineUtils.java:destroyPipeline(66)) - Pipeline destroy failed for pipeline=PipelineID=5cfbe3f7-52ce-47b9-acbf-03260b50b3e1 dn=816c2023-76ea-4558-9da7-70127639a79a{ip: 192.168.5.183, host: pr-hdds-1054-fkf2j-3502855176, networkLocation: /default-rack, certSerialId: null}
2019-09-16 16:37:04,902 [grpc-default-executor-5] INFO  impl.RaftServerProxy (RaftServerProxy.java:remove(95)) - 33002f53-59d2-46ae-91ae-843eaa52c7d0: remove group-03260B50B3E1:null
2019-09-16 16:37:04,905 [RatisPipelineUtilsThread] WARN  pipeline.RatisPipelineUtils (RatisPipelineUtils.java:destroyPipeline(66)) - Pipeline destroy failed for pipeline=PipelineID=5cfbe3f7-52ce-47b9-acbf-03260b50b3e1 dn=33002f53-59d2-46ae-91ae-843eaa52c7d0{ip: 192.168.5.183, host: pr-hdds-1054-fkf2j-3502855176, networkLocation: /default-rack, certSerialId: null}
2019-09-16 16:37:04,906 [RatisPipelineUtilsThread] ERROR pipeline.SCMPipelineManager (Scheduler.java:lambda$schedule$1(70)) - Destroy pipeline failed for pipeline:Pipeline[ Id: 5cfbe3f7-52ce-47b9-acbf-03260b50b3e1, Nodes: e3c513c6-7b5b-430b-887c-eb88026c45f2{ip: 192.168.5.183, host: pr-hdds-1054-fkf2j-3502855176, networkLocation: /default-rack, certSerialId: null}816c2023-76ea-4558-9da7-70127639a79a{ip: 192.168.5.183, host: pr-hdds-1054-fkf2j-3502855176, networkLocation: /default-rack, certSerialId: null}33002f53-59d2-46ae-91ae-843eaa52c7d0{ip: 192.168.5.183, host: pr-hdds-1054-fkf2j-3502855176, networkLocation: /default-rack, certSerialId: null}, Type:RATIS, Factor:THREE, State:CLOSED]
org.apache.hadoop.hdds.scm.pipeline.PipelineNotFoundException: PipelineID=5cfbe3f7-52ce-47b9-acbf-03260b50b3e1 not found
	at org.apache.hadoop.hdds.scm.pipeline.PipelineStateMap.getPipeline(PipelineStateMap.java:132)
	at org.apache.hadoop.hdds.scm.pipeline.PipelineStateMap.removePipeline(PipelineStateMap.java:322)
	at org.apache.hadoop.hdds.scm.pipeline.PipelineStateManager.removePipeline(PipelineStateManager.java:107)
	at org.apache.hadoop.hdds.scm.pipeline.SCMPipelineManager.removePipeline(SCMPipelineManager.java:423)
	at org.apache.hadoop.hdds.scm.pipeline.SCMPipelineManager.destroyPipeline(SCMPipelineManager.java:409)
	at org.apache.hadoop.hdds.scm.pipeline.SCMPipelineManager.lambda$finalizeAndDestroyPipeline$0(SCMPipelineManager.java:318)
	at org.apache.hadoop.utils.Scheduler.lambda$schedule$1(Scheduler.java:68)
	at java.util.concurrent.Executors$RunnableAdapter.call(Executors.java:511)
	at java.util.concurrent.FutureTask.run(FutureTask.java:266)
	at java.util.concurrent.ScheduledThreadPoolExecutor$ScheduledFutureTask.access$201(ScheduledThreadPoolExecutor.java:180)
	at java.util.concurrent.ScheduledThreadPoolExecutor$ScheduledFutureTask.run(ScheduledThreadPoolExecutor.java:293)
	at java.util.concurrent.ThreadPoolExecutor.runWorker(ThreadPoolExecutor.java:1149)
	at java.util.concurrent.ThreadPoolExecutor$Worker.run(ThreadPoolExecutor.java:624)
	at java.lang.Thread.run(Thread.java:748)
2019-09-16 16:37:06,457 [grpc-default-executor-5] INFO  client.GrpcClientProtocolClient (GrpcClientProtocolClient.java:onNext(264)) - client-5DAEDA81DCCF->2b9d536e-7082-46d0-bcea-3da9bf5f5d0c: receive RaftClientReply:client-5DAEDA81DCCF->2b9d536e-7082-46d0-bcea-3da9bf5f5d0c@group-EFD673A008FB, cid=143, FAILED org.apache.ratis.protocol.NotLeaderException: Server 2b9d536e-7082-46d0-bcea-3da9bf5f5d0c@group-EFD673A008FB is not the leader 5da997ac-485a-4ae3-a11f-bd7c3a0ad14d:192.168.5.183:41252, logIndex=0, commits[2b9d536e-7082-46d0-bcea-3da9bf5f5d0c:c14, 103cee85-d2d3-4069-a903-4a8bed8118d2:c12, 5da997ac-485a-4ae3-a11f-bd7c3a0ad14d:c14]
2019-09-16 16:37:06,773 [java.util.concurrent.ThreadPoolExecutor$Worker@35f96af3[State = -1, empty queue]] WARN  server.GrpcLogAppender (GrpcLogAppender.java:timeoutAppendRequest(200)) - 5da997ac-485a-4ae3-a11f-bd7c3a0ad14d@group-EFD673A008FB->2b9d536e-7082-46d0-bcea-3da9bf5f5d0c-GrpcLogAppender: appendEntries Timeout, request=5da997ac-485a-4ae3-a11f-bd7c3a0ad14d->2b9d536e-7082-46d0-bcea-3da9bf5f5d0c#102-t1, previous=(t:1, i:20), leaderCommit=14, initializing? false, entries: <empty>
2019-09-16 16:37:06,773 [java.util.concurrent.ThreadPoolExecutor$Worker@1be6be97[State = -1, empty queue]] WARN  server.GrpcLogAppender (GrpcLogAppender.java:timeoutAppendRequest(200)) - 5da997ac-485a-4ae3-a11f-bd7c3a0ad14d@group-EFD673A008FB->103cee85-d2d3-4069-a903-4a8bed8118d2-GrpcLogAppender: appendEntries Timeout, request=5da997ac-485a-4ae3-a11f-bd7c3a0ad14d->103cee85-d2d3-4069-a903-4a8bed8118d2#102-t1, previous=(t:1, i:20), leaderCommit=14, initializing? false, entries: <empty>
2019-09-16 16:37:07,883 [grpc-default-executor-6] INFO  impl.RaftServerProxy (RaftServerProxy.java:remove(95)) - e3c513c6-7b5b-430b-887c-eb88026c45f2: remove group-03260B50B3E1:null
2019-09-16 16:37:07,886 [RatisPipelineUtilsThread] WARN  pipeline.RatisPipelineUtils (RatisPipelineUtils.java:destroyPipeline(66)) - Pipeline destroy failed for pipeline=PipelineID=5cfbe3f7-52ce-47b9-acbf-03260b50b3e1 dn=e3c513c6-7b5b-430b-887c-eb88026c45f2{ip: 192.168.5.183, host: pr-hdds-1054-fkf2j-3502855176, networkLocation: /default-rack, certSerialId: null}
2019-09-16 16:37:07,889 [grpc-default-executor-6] INFO  impl.RaftServerProxy (RaftServerProxy.java:remove(95)) - 816c2023-76ea-4558-9da7-70127639a79a: remove group-03260B50B3E1:null
2019-09-16 16:37:07,890 [RatisPipelineUtilsThread] WARN  pipeline.RatisPipelineUtils (RatisPipelineUtils.java:destroyPipeline(66)) - Pipeline destroy failed for pipeline=PipelineID=5cfbe3f7-52ce-47b9-acbf-03260b50b3e1 dn=816c2023-76ea-4558-9da7-70127639a79a{ip: 192.168.5.183, host: pr-hdds-1054-fkf2j-3502855176, networkLocation: /default-rack, certSerialId: null}
2019-09-16 16:37:07,893 [grpc-default-executor-6] INFO  impl.RaftServerProxy (RaftServerProxy.java:remove(95)) - 33002f53-59d2-46ae-91ae-843eaa52c7d0: remove group-03260B50B3E1:null
2019-09-16 16:37:07,895 [RatisPipelineUtilsThread] WARN  pipeline.RatisPipelineUtils (RatisPipelineUtils.java:destroyPipeline(66)) - Pipeline destroy failed for pipeline=PipelineID=5cfbe3f7-52ce-47b9-acbf-03260b50b3e1 dn=33002f53-59d2-46ae-91ae-843eaa52c7d0{ip: 192.168.5.183, host: pr-hdds-1054-fkf2j-3502855176, networkLocation: /default-rack, certSerialId: null}
2019-09-16 16:37:07,895 [RatisPipelineUtilsThread] ERROR pipeline.SCMPipelineManager (Scheduler.java:lambda$schedule$1(70)) - Destroy pipeline failed for pipeline:Pipeline[ Id: 5cfbe3f7-52ce-47b9-acbf-03260b50b3e1, Nodes: e3c513c6-7b5b-430b-887c-eb88026c45f2{ip: 192.168.5.183, host: pr-hdds-1054-fkf2j-3502855176, networkLocation: /default-rack, certSerialId: null}816c2023-76ea-4558-9da7-70127639a79a{ip: 192.168.5.183, host: pr-hdds-1054-fkf2j-3502855176, networkLocation: /default-rack, certSerialId: null}33002f53-59d2-46ae-91ae-843eaa52c7d0{ip: 192.168.5.183, host: pr-hdds-1054-fkf2j-3502855176, networkLocation: /default-rack, certSerialId: null}, Type:RATIS, Factor:THREE, State:CLOSED]
org.apache.hadoop.hdds.scm.pipeline.PipelineNotFoundException: PipelineID=5cfbe3f7-52ce-47b9-acbf-03260b50b3e1 not found
	at org.apache.hadoop.hdds.scm.pipeline.PipelineStateMap.getPipeline(PipelineStateMap.java:132)
	at org.apache.hadoop.hdds.scm.pipeline.PipelineStateMap.removePipeline(PipelineStateMap.java:322)
	at org.apache.hadoop.hdds.scm.pipeline.PipelineStateManager.removePipeline(PipelineStateManager.java:107)
	at org.apache.hadoop.hdds.scm.pipeline.SCMPipelineManager.removePipeline(SCMPipelineManager.java:423)
	at org.apache.hadoop.hdds.scm.pipeline.SCMPipelineManager.destroyPipeline(SCMPipelineManager.java:409)
	at org.apache.hadoop.hdds.scm.pipeline.SCMPipelineManager.lambda$finalizeAndDestroyPipeline$0(SCMPipelineManager.java:318)
	at org.apache.hadoop.utils.Scheduler.lambda$schedule$1(Scheduler.java:68)
	at java.util.concurrent.Executors$RunnableAdapter.call(Executors.java:511)
	at java.util.concurrent.FutureTask.run(FutureTask.java:266)
	at java.util.concurrent.ScheduledThreadPoolExecutor$ScheduledFutureTask.access$201(ScheduledThreadPoolExecutor.java:180)
	at java.util.concurrent.ScheduledThreadPoolExecutor$ScheduledFutureTask.run(ScheduledThreadPoolExecutor.java:293)
	at java.util.concurrent.ThreadPoolExecutor.runWorker(ThreadPoolExecutor.java:1149)
	at java.util.concurrent.ThreadPoolExecutor$Worker.run(ThreadPoolExecutor.java:624)
	at java.lang.Thread.run(Thread.java:748)
2019-09-16 16:37:09,274 [java.util.concurrent.ThreadPoolExecutor$Worker@35f96af3[State = -1, empty queue]] WARN  server.GrpcLogAppender (GrpcLogAppender.java:timeoutAppendRequest(200)) - 5da997ac-485a-4ae3-a11f-bd7c3a0ad14d@group-EFD673A008FB->2b9d536e-7082-46d0-bcea-3da9bf5f5d0c-GrpcLogAppender: appendEntries Timeout, request=5da997ac-485a-4ae3-a11f-bd7c3a0ad14d->2b9d536e-7082-46d0-bcea-3da9bf5f5d0c#103-t1, previous=(t:1, i:20), leaderCommit=14, initializing? false, entries: <empty>
2019-09-16 16:37:09,274 [java.util.concurrent.ThreadPoolExecutor$Worker@1be6be97[State = -1, empty queue]] WARN  server.GrpcLogAppender (GrpcLogAppender.java:timeoutAppendRequest(200)) - 5da997ac-485a-4ae3-a11f-bd7c3a0ad14d@group-EFD673A008FB->103cee85-d2d3-4069-a903-4a8bed8118d2-GrpcLogAppender: appendEntries Timeout, request=5da997ac-485a-4ae3-a11f-bd7c3a0ad14d->103cee85-d2d3-4069-a903-4a8bed8118d2#103-t1, previous=(t:1, i:20), leaderCommit=14, initializing? false, entries: <empty>
2019-09-16 16:37:09,884 [grpc-default-executor-6] INFO  impl.RaftServerProxy (RaftServerProxy.java:remove(95)) - e3c513c6-7b5b-430b-887c-eb88026c45f2: remove group-03260B50B3E1:null
2019-09-16 16:37:09,887 [RatisPipelineUtilsThread] WARN  pipeline.RatisPipelineUtils (RatisPipelineUtils.java:destroyPipeline(66)) - Pipeline destroy failed for pipeline=PipelineID=5cfbe3f7-52ce-47b9-acbf-03260b50b3e1 dn=e3c513c6-7b5b-430b-887c-eb88026c45f2{ip: 192.168.5.183, host: pr-hdds-1054-fkf2j-3502855176, networkLocation: /default-rack, certSerialId: null}
2019-09-16 16:37:09,890 [grpc-default-executor-6] INFO  impl.RaftServerProxy (RaftServerProxy.java:remove(95)) - 816c2023-76ea-4558-9da7-70127639a79a: remove group-03260B50B3E1:null
2019-09-16 16:37:09,892 [RatisPipelineUtilsThread] WARN  pipeline.RatisPipelineUtils (RatisPipelineUtils.java:destroyPipeline(66)) - Pipeline destroy failed for pipeline=PipelineID=5cfbe3f7-52ce-47b9-acbf-03260b50b3e1 dn=816c2023-76ea-4558-9da7-70127639a79a{ip: 192.168.5.183, host: pr-hdds-1054-fkf2j-3502855176, networkLocation: /default-rack, certSerialId: null}
2019-09-16 16:37:09,894 [grpc-default-executor-6] INFO  impl.RaftServerProxy (RaftServerProxy.java:remove(95)) - 33002f53-59d2-46ae-91ae-843eaa52c7d0: remove group-03260B50B3E1:null
2019-09-16 16:37:09,896 [RatisPipelineUtilsThread] WARN  pipeline.RatisPipelineUtils (RatisPipelineUtils.java:destroyPipeline(66)) - Pipeline destroy failed for pipeline=PipelineID=5cfbe3f7-52ce-47b9-acbf-03260b50b3e1 dn=33002f53-59d2-46ae-91ae-843eaa52c7d0{ip: 192.168.5.183, host: pr-hdds-1054-fkf2j-3502855176, networkLocation: /default-rack, certSerialId: null}
2019-09-16 16:37:09,896 [RatisPipelineUtilsThread] ERROR pipeline.SCMPipelineManager (Scheduler.java:lambda$schedule$1(70)) - Destroy pipeline failed for pipeline:Pipeline[ Id: 5cfbe3f7-52ce-47b9-acbf-03260b50b3e1, Nodes: e3c513c6-7b5b-430b-887c-eb88026c45f2{ip: 192.168.5.183, host: pr-hdds-1054-fkf2j-3502855176, networkLocation: /default-rack, certSerialId: null}816c2023-76ea-4558-9da7-70127639a79a{ip: 192.168.5.183, host: pr-hdds-1054-fkf2j-3502855176, networkLocation: /default-rack, certSerialId: null}33002f53-59d2-46ae-91ae-843eaa52c7d0{ip: 192.168.5.183, host: pr-hdds-1054-fkf2j-3502855176, networkLocation: /default-rack, certSerialId: null}, Type:RATIS, Factor:THREE, State:CLOSED]
org.apache.hadoop.hdds.scm.pipeline.PipelineNotFoundException: PipelineID=5cfbe3f7-52ce-47b9-acbf-03260b50b3e1 not found
	at org.apache.hadoop.hdds.scm.pipeline.PipelineStateMap.getPipeline(PipelineStateMap.java:132)
	at org.apache.hadoop.hdds.scm.pipeline.PipelineStateMap.removePipeline(PipelineStateMap.java:322)
	at org.apache.hadoop.hdds.scm.pipeline.PipelineStateManager.removePipeline(PipelineStateManager.java:107)
	at org.apache.hadoop.hdds.scm.pipeline.SCMPipelineManager.removePipeline(SCMPipelineManager.java:423)
	at org.apache.hadoop.hdds.scm.pipeline.SCMPipelineManager.destroyPipeline(SCMPipelineManager.java:409)
	at org.apache.hadoop.hdds.scm.pipeline.SCMPipelineManager.lambda$finalizeAndDestroyPipeline$0(SCMPipelineManager.java:318)
	at org.apache.hadoop.utils.Scheduler.lambda$schedule$1(Scheduler.java:68)
	at java.util.concurrent.Executors$RunnableAdapter.call(Executors.java:511)
	at java.util.concurrent.FutureTask.run(FutureTask.java:266)
	at java.util.concurrent.ScheduledThreadPoolExecutor$ScheduledFutureTask.access$201(ScheduledThreadPoolExecutor.java:180)
	at java.util.concurrent.ScheduledThreadPoolExecutor$ScheduledFutureTask.run(ScheduledThreadPoolExecutor.java:293)
	at java.util.concurrent.ThreadPoolExecutor.runWorker(ThreadPoolExecutor.java:1149)
	at java.util.concurrent.ThreadPoolExecutor$Worker.run(ThreadPoolExecutor.java:624)
	at java.lang.Thread.run(Thread.java:748)
2019-09-16 16:37:11,270 [2b9d536e-7082-46d0-bcea-3da9bf5f5d0c@group-EFD673A008FB-SegmentedRaftLogWorker] WARN  segmented.SegmentedRaftLogWorker (SegmentedRaftLogWorker.java:getFromFuture(90)) - Timeout 2/~
org.apache.ratis.protocol.TimeoutIOException: Timeout 10s: WriteLog:15: (t:1, i:15), STATEMACHINELOGENTRY, client-5DAEDA81DCCF, cid=143-writeStateMachineData
	at org.apache.ratis.util.IOUtils.getFromFuture(IOUtils.java:87)
	at org.apache.ratis.server.raftlog.segmented.SegmentedRaftLogWorker$StateMachineDataPolicy.getFromFuture(SegmentedRaftLogWorker.java:87)
	at org.apache.ratis.server.raftlog.segmented.SegmentedRaftLogWorker$WriteLog.execute(SegmentedRaftLogWorker.java:477)
	at org.apache.ratis.server.raftlog.segmented.SegmentedRaftLogWorker.run(SegmentedRaftLogWorker.java:289)
	at java.lang.Thread.run(Thread.java:748)
Caused by: java.util.concurrent.TimeoutException
	at java.util.concurrent.CompletableFuture.timedGet(CompletableFuture.java:1771)
	at java.util.concurrent.CompletableFuture.get(CompletableFuture.java:1915)
	at org.apache.ratis.util.IOUtils.getFromFuture(IOUtils.java:79)
	... 4 more
2019-09-16 16:37:11,270 [103cee85-d2d3-4069-a903-4a8bed8118d2@group-EFD673A008FB-SegmentedRaftLogWorker] WARN  segmented.SegmentedRaftLogWorker (SegmentedRaftLogWorker.java:getFromFuture(90)) - Timeout 2/~
org.apache.ratis.protocol.TimeoutIOException: Timeout 10s: WriteLog:15: (t:1, i:15), STATEMACHINELOGENTRY, client-5DAEDA81DCCF, cid=143-writeStateMachineData
	at org.apache.ratis.util.IOUtils.getFromFuture(IOUtils.java:87)
	at org.apache.ratis.server.raftlog.segmented.SegmentedRaftLogWorker$StateMachineDataPolicy.getFromFuture(SegmentedRaftLogWorker.java:87)
	at org.apache.ratis.server.raftlog.segmented.SegmentedRaftLogWorker$WriteLog.execute(SegmentedRaftLogWorker.java:477)
	at org.apache.ratis.server.raftlog.segmented.SegmentedRaftLogWorker.run(SegmentedRaftLogWorker.java:289)
	at java.lang.Thread.run(Thread.java:748)
Caused by: java.util.concurrent.TimeoutException
	at java.util.concurrent.CompletableFuture.timedGet(CompletableFuture.java:1771)
	at java.util.concurrent.CompletableFuture.get(CompletableFuture.java:1915)
	at org.apache.ratis.util.IOUtils.getFromFuture(IOUtils.java:79)
	... 4 more
2019-09-16 16:37:11,502 [5da997ac-485a-4ae3-a11f-bd7c3a0ad14d@group-EFD673A008FB-SegmentedRaftLogWorker] WARN  segmented.SegmentedRaftLogWorker (SegmentedRaftLogWorker.java:getFromFuture(90)) - Timeout 2/~
org.apache.ratis.protocol.TimeoutIOException: Timeout 10s: WriteLog:16: (t:1, i:16), STATEMACHINELOGENTRY, client-5DAEDA81DCCF, cid=144-writeStateMachineData
	at org.apache.ratis.util.IOUtils.getFromFuture(IOUtils.java:87)
	at org.apache.ratis.server.raftlog.segmented.SegmentedRaftLogWorker$StateMachineDataPolicy.getFromFuture(SegmentedRaftLogWorker.java:87)
	at org.apache.ratis.server.raftlog.segmented.SegmentedRaftLogWorker$WriteLog.execute(SegmentedRaftLogWorker.java:477)
	at org.apache.ratis.server.raftlog.segmented.SegmentedRaftLogWorker.run(SegmentedRaftLogWorker.java:289)
	at java.lang.Thread.run(Thread.java:748)
Caused by: java.util.concurrent.TimeoutException
	at java.util.concurrent.CompletableFuture.timedGet(CompletableFuture.java:1771)
	at java.util.concurrent.CompletableFuture.get(CompletableFuture.java:1915)
	at org.apache.ratis.util.IOUtils.getFromFuture(IOUtils.java:79)
	... 4 more
2019-09-16 16:37:11,508 [grpc-default-executor-5] INFO  client.GrpcClientProtocolClient (GrpcClientProtocolClient.java:onNext(264)) - client-5DAEDA81DCCF->2b9d536e-7082-46d0-bcea-3da9bf5f5d0c: receive RaftClientReply:client-5DAEDA81DCCF->2b9d536e-7082-46d0-bcea-3da9bf5f5d0c@group-EFD673A008FB, cid=143, FAILED org.apache.ratis.protocol.NotLeaderException: Server 2b9d536e-7082-46d0-bcea-3da9bf5f5d0c@group-EFD673A008FB is not the leader 5da997ac-485a-4ae3-a11f-bd7c3a0ad14d:192.168.5.183:41252, logIndex=0, commits[2b9d536e-7082-46d0-bcea-3da9bf5f5d0c:c14, 103cee85-d2d3-4069-a903-4a8bed8118d2:c12, 5da997ac-485a-4ae3-a11f-bd7c3a0ad14d:c14]
2019-09-16 16:37:11,774 [java.util.concurrent.ThreadPoolExecutor$Worker@1be6be97[State = -1, empty queue]] WARN  server.GrpcLogAppender (GrpcLogAppender.java:timeoutAppendRequest(200)) - 5da997ac-485a-4ae3-a11f-bd7c3a0ad14d@group-EFD673A008FB->103cee85-d2d3-4069-a903-4a8bed8118d2-GrpcLogAppender: appendEntries Timeout, request=5da997ac-485a-4ae3-a11f-bd7c3a0ad14d->103cee85-d2d3-4069-a903-4a8bed8118d2#104-t1, previous=(t:1, i:20), leaderCommit=14, initializing? false, entries: <empty>
2019-09-16 16:37:11,774 [java.util.concurrent.ThreadPoolExecutor$Worker@35f96af3[State = -1, empty queue]] WARN  server.GrpcLogAppender (GrpcLogAppender.java:timeoutAppendRequest(200)) - 5da997ac-485a-4ae3-a11f-bd7c3a0ad14d@group-EFD673A008FB->2b9d536e-7082-46d0-bcea-3da9bf5f5d0c-GrpcLogAppender: appendEntries Timeout, request=5da997ac-485a-4ae3-a11f-bd7c3a0ad14d->2b9d536e-7082-46d0-bcea-3da9bf5f5d0c#104-t1, previous=(t:1, i:20), leaderCommit=14, initializing? false, entries: <empty>
2019-09-16 16:37:12,885 [grpc-default-executor-6] INFO  impl.RaftServerProxy (RaftServerProxy.java:remove(95)) - e3c513c6-7b5b-430b-887c-eb88026c45f2: remove group-03260B50B3E1:null
2019-09-16 16:37:12,888 [RatisPipelineUtilsThread] WARN  pipeline.RatisPipelineUtils (RatisPipelineUtils.java:destroyPipeline(66)) - Pipeline destroy failed for pipeline=PipelineID=5cfbe3f7-52ce-47b9-acbf-03260b50b3e1 dn=e3c513c6-7b5b-430b-887c-eb88026c45f2{ip: 192.168.5.183, host: pr-hdds-1054-fkf2j-3502855176, networkLocation: /default-rack, certSerialId: null}
2019-09-16 16:37:12,897 [grpc-default-executor-6] INFO  impl.RaftServerProxy (RaftServerProxy.java:remove(95)) - 816c2023-76ea-4558-9da7-70127639a79a: remove group-03260B50B3E1:null
2019-09-16 16:37:12,905 [RatisPipelineUtilsThread] WARN  pipeline.RatisPipelineUtils (RatisPipelineUtils.java:destroyPipeline(66)) - Pipeline destroy failed for pipeline=PipelineID=5cfbe3f7-52ce-47b9-acbf-03260b50b3e1 dn=816c2023-76ea-4558-9da7-70127639a79a{ip: 192.168.5.183, host: pr-hdds-1054-fkf2j-3502855176, networkLocation: /default-rack, certSerialId: null}
2019-09-16 16:37:12,909 [grpc-default-executor-6] INFO  impl.RaftServerProxy (RaftServerProxy.java:remove(95)) - 33002f53-59d2-46ae-91ae-843eaa52c7d0: remove group-03260B50B3E1:null
2019-09-16 16:37:12,912 [RatisPipelineUtilsThread] WARN  pipeline.RatisPipelineUtils (RatisPipelineUtils.java:destroyPipeline(66)) - Pipeline destroy failed for pipeline=PipelineID=5cfbe3f7-52ce-47b9-acbf-03260b50b3e1 dn=33002f53-59d2-46ae-91ae-843eaa52c7d0{ip: 192.168.5.183, host: pr-hdds-1054-fkf2j-3502855176, networkLocation: /default-rack, certSerialId: null}
2019-09-16 16:37:12,912 [RatisPipelineUtilsThread] ERROR pipeline.SCMPipelineManager (Scheduler.java:lambda$schedule$1(70)) - Destroy pipeline failed for pipeline:Pipeline[ Id: 5cfbe3f7-52ce-47b9-acbf-03260b50b3e1, Nodes: e3c513c6-7b5b-430b-887c-eb88026c45f2{ip: 192.168.5.183, host: pr-hdds-1054-fkf2j-3502855176, networkLocation: /default-rack, certSerialId: null}816c2023-76ea-4558-9da7-70127639a79a{ip: 192.168.5.183, host: pr-hdds-1054-fkf2j-3502855176, networkLocation: /default-rack, certSerialId: null}33002f53-59d2-46ae-91ae-843eaa52c7d0{ip: 192.168.5.183, host: pr-hdds-1054-fkf2j-3502855176, networkLocation: /default-rack, certSerialId: null}, Type:RATIS, Factor:THREE, State:CLOSED]
org.apache.hadoop.hdds.scm.pipeline.PipelineNotFoundException: PipelineID=5cfbe3f7-52ce-47b9-acbf-03260b50b3e1 not found
	at org.apache.hadoop.hdds.scm.pipeline.PipelineStateMap.getPipeline(PipelineStateMap.java:132)
	at org.apache.hadoop.hdds.scm.pipeline.PipelineStateMap.removePipeline(PipelineStateMap.java:322)
	at org.apache.hadoop.hdds.scm.pipeline.PipelineStateManager.removePipeline(PipelineStateManager.java:107)
	at org.apache.hadoop.hdds.scm.pipeline.SCMPipelineManager.removePipeline(SCMPipelineManager.java:423)
	at org.apache.hadoop.hdds.scm.pipeline.SCMPipelineManager.destroyPipeline(SCMPipelineManager.java:409)
	at org.apache.hadoop.hdds.scm.pipeline.SCMPipelineManager.lambda$finalizeAndDestroyPipeline$0(SCMPipelineManager.java:318)
	at org.apache.hadoop.utils.Scheduler.lambda$schedule$1(Scheduler.java:68)
	at java.util.concurrent.Executors$RunnableAdapter.call(Executors.java:511)
	at java.util.concurrent.FutureTask.run(FutureTask.java:266)
	at java.util.concurrent.ScheduledThreadPoolExecutor$ScheduledFutureTask.access$201(ScheduledThreadPoolExecutor.java:180)
	at java.util.concurrent.ScheduledThreadPoolExecutor$ScheduledFutureTask.run(ScheduledThreadPoolExecutor.java:293)
	at java.util.concurrent.ThreadPoolExecutor.runWorker(ThreadPoolExecutor.java:1149)
	at java.util.concurrent.ThreadPoolExecutor$Worker.run(ThreadPoolExecutor.java:624)
	at java.lang.Thread.run(Thread.java:748)
2019-09-16 16:37:14,274 [java.util.concurrent.ThreadPoolExecutor$Worker@1be6be97[State = -1, empty queue]] WARN  server.GrpcLogAppender (GrpcLogAppender.java:timeoutAppendRequest(200)) - 5da997ac-485a-4ae3-a11f-bd7c3a0ad14d@group-EFD673A008FB->103cee85-d2d3-4069-a903-4a8bed8118d2-GrpcLogAppender: appendEntries Timeout, request=5da997ac-485a-4ae3-a11f-bd7c3a0ad14d->103cee85-d2d3-4069-a903-4a8bed8118d2#105-t1, previous=(t:1, i:20), leaderCommit=14, initializing? false, entries: <empty>
2019-09-16 16:37:14,274 [java.util.concurrent.ThreadPoolExecutor$Worker@35f96af3[State = -1, empty queue]] WARN  server.GrpcLogAppender (GrpcLogAppender.java:timeoutAppendRequest(200)) - 5da997ac-485a-4ae3-a11f-bd7c3a0ad14d@group-EFD673A008FB->2b9d536e-7082-46d0-bcea-3da9bf5f5d0c-GrpcLogAppender: appendEntries Timeout, request=5da997ac-485a-4ae3-a11f-bd7c3a0ad14d->2b9d536e-7082-46d0-bcea-3da9bf5f5d0c#105-t1, previous=(t:1, i:20), leaderCommit=14, initializing? false, entries: <empty>
2019-09-16 16:37:14,882 [grpc-default-executor-5] INFO  impl.RaftServerProxy (RaftServerProxy.java:remove(95)) - e3c513c6-7b5b-430b-887c-eb88026c45f2: remove group-03260B50B3E1:null
2019-09-16 16:37:14,885 [RatisPipelineUtilsThread] WARN  pipeline.RatisPipelineUtils (RatisPipelineUtils.java:destroyPipeline(66)) - Pipeline destroy failed for pipeline=PipelineID=5cfbe3f7-52ce-47b9-acbf-03260b50b3e1 dn=e3c513c6-7b5b-430b-887c-eb88026c45f2{ip: 192.168.5.183, host: pr-hdds-1054-fkf2j-3502855176, networkLocation: /default-rack, certSerialId: null}
2019-09-16 16:37:14,887 [grpc-default-executor-5] INFO  impl.RaftServerProxy (RaftServerProxy.java:remove(95)) - 816c2023-76ea-4558-9da7-70127639a79a: remove group-03260B50B3E1:null
2019-09-16 16:37:14,889 [RatisPipelineUtilsThread] WARN  pipeline.RatisPipelineUtils (RatisPipelineUtils.java:destroyPipeline(66)) - Pipeline destroy failed for pipeline=PipelineID=5cfbe3f7-52ce-47b9-acbf-03260b50b3e1 dn=816c2023-76ea-4558-9da7-70127639a79a{ip: 192.168.5.183, host: pr-hdds-1054-fkf2j-3502855176, networkLocation: /default-rack, certSerialId: null}
2019-09-16 16:37:14,891 [grpc-default-executor-5] INFO  impl.RaftServerProxy (RaftServerProxy.java:remove(95)) - 33002f53-59d2-46ae-91ae-843eaa52c7d0: remove group-03260B50B3E1:null
2019-09-16 16:37:14,892 [RatisPipelineUtilsThread] WARN  pipeline.RatisPipelineUtils (RatisPipelineUtils.java:destroyPipeline(66)) - Pipeline destroy failed for pipeline=PipelineID=5cfbe3f7-52ce-47b9-acbf-03260b50b3e1 dn=33002f53-59d2-46ae-91ae-843eaa52c7d0{ip: 192.168.5.183, host: pr-hdds-1054-fkf2j-3502855176, networkLocation: /default-rack, certSerialId: null}
2019-09-16 16:37:14,893 [RatisPipelineUtilsThread] ERROR pipeline.SCMPipelineManager (Scheduler.java:lambda$schedule$1(70)) - Destroy pipeline failed for pipeline:Pipeline[ Id: 5cfbe3f7-52ce-47b9-acbf-03260b50b3e1, Nodes: e3c513c6-7b5b-430b-887c-eb88026c45f2{ip: 192.168.5.183, host: pr-hdds-1054-fkf2j-3502855176, networkLocation: /default-rack, certSerialId: null}816c2023-76ea-4558-9da7-70127639a79a{ip: 192.168.5.183, host: pr-hdds-1054-fkf2j-3502855176, networkLocation: /default-rack, certSerialId: null}33002f53-59d2-46ae-91ae-843eaa52c7d0{ip: 192.168.5.183, host: pr-hdds-1054-fkf2j-3502855176, networkLocation: /default-rack, certSerialId: null}, Type:RATIS, Factor:THREE, State:CLOSED]
org.apache.hadoop.hdds.scm.pipeline.PipelineNotFoundException: PipelineID=5cfbe3f7-52ce-47b9-acbf-03260b50b3e1 not found
	at org.apache.hadoop.hdds.scm.pipeline.PipelineStateMap.getPipeline(PipelineStateMap.java:132)
	at org.apache.hadoop.hdds.scm.pipeline.PipelineStateMap.removePipeline(PipelineStateMap.java:322)
	at org.apache.hadoop.hdds.scm.pipeline.PipelineStateManager.removePipeline(PipelineStateManager.java:107)
	at org.apache.hadoop.hdds.scm.pipeline.SCMPipelineManager.removePipeline(SCMPipelineManager.java:423)
	at org.apache.hadoop.hdds.scm.pipeline.SCMPipelineManager.destroyPipeline(SCMPipelineManager.java:409)
	at org.apache.hadoop.hdds.scm.pipeline.SCMPipelineManager.lambda$finalizeAndDestroyPipeline$0(SCMPipelineManager.java:318)
	at org.apache.hadoop.utils.Scheduler.lambda$schedule$1(Scheduler.java:68)
	at java.util.concurrent.Executors$RunnableAdapter.call(Executors.java:511)
	at java.util.concurrent.FutureTask.run(FutureTask.java:266)
	at java.util.concurrent.ScheduledThreadPoolExecutor$ScheduledFutureTask.access$201(ScheduledThreadPoolExecutor.java:180)
	at java.util.concurrent.ScheduledThreadPoolExecutor$ScheduledFutureTask.run(ScheduledThreadPoolExecutor.java:293)
	at java.util.concurrent.ThreadPoolExecutor.runWorker(ThreadPoolExecutor.java:1149)
	at java.util.concurrent.ThreadPoolExecutor$Worker.run(ThreadPoolExecutor.java:624)
	at java.lang.Thread.run(Thread.java:748)
2019-09-16 16:37:16,559 [grpc-default-executor-5] INFO  client.GrpcClientProtocolClient (GrpcClientProtocolClient.java:onNext(264)) - client-5DAEDA81DCCF->103cee85-d2d3-4069-a903-4a8bed8118d2: receive RaftClientReply:client-5DAEDA81DCCF->103cee85-d2d3-4069-a903-4a8bed8118d2@group-EFD673A008FB, cid=143, FAILED org.apache.ratis.protocol.NotLeaderException: Server 103cee85-d2d3-4069-a903-4a8bed8118d2@group-EFD673A008FB is not the leader 5da997ac-485a-4ae3-a11f-bd7c3a0ad14d:192.168.5.183:41252, logIndex=0, commits[103cee85-d2d3-4069-a903-4a8bed8118d2:c14, 2b9d536e-7082-46d0-bcea-3da9bf5f5d0c:c12, 5da997ac-485a-4ae3-a11f-bd7c3a0ad14d:c14]
2019-09-16 16:37:16,774 [java.util.concurrent.ThreadPoolExecutor$Worker@1be6be97[State = -1, empty queue]] WARN  server.GrpcLogAppender (GrpcLogAppender.java:timeoutAppendRequest(200)) - 5da997ac-485a-4ae3-a11f-bd7c3a0ad14d@group-EFD673A008FB->103cee85-d2d3-4069-a903-4a8bed8118d2-GrpcLogAppender: appendEntries Timeout, request=5da997ac-485a-4ae3-a11f-bd7c3a0ad14d->103cee85-d2d3-4069-a903-4a8bed8118d2#106-t1, previous=(t:1, i:20), leaderCommit=14, initializing? false, entries: <empty>
2019-09-16 16:37:16,774 [java.util.concurrent.ThreadPoolExecutor$Worker@35f96af3[State = -1, empty queue]] WARN  server.GrpcLogAppender (GrpcLogAppender.java:timeoutAppendRequest(200)) - 5da997ac-485a-4ae3-a11f-bd7c3a0ad14d@group-EFD673A008FB->2b9d536e-7082-46d0-bcea-3da9bf5f5d0c-GrpcLogAppender: appendEntries Timeout, request=5da997ac-485a-4ae3-a11f-bd7c3a0ad14d->2b9d536e-7082-46d0-bcea-3da9bf5f5d0c#106-t1, previous=(t:1, i:20), leaderCommit=14, initializing? false, entries: <empty>
2019-09-16 16:37:17,884 [grpc-default-executor-5] INFO  impl.RaftServerProxy (RaftServerProxy.java:remove(95)) - e3c513c6-7b5b-430b-887c-eb88026c45f2: remove group-03260B50B3E1:null
2019-09-16 16:37:17,887 [RatisPipelineUtilsThread] WARN  pipeline.RatisPipelineUtils (RatisPipelineUtils.java:destroyPipeline(66)) - Pipeline destroy failed for pipeline=PipelineID=5cfbe3f7-52ce-47b9-acbf-03260b50b3e1 dn=e3c513c6-7b5b-430b-887c-eb88026c45f2{ip: 192.168.5.183, host: pr-hdds-1054-fkf2j-3502855176, networkLocation: /default-rack, certSerialId: null}
2019-09-16 16:37:17,890 [grpc-default-executor-5] INFO  impl.RaftServerProxy (RaftServerProxy.java:remove(95)) - 816c2023-76ea-4558-9da7-70127639a79a: remove group-03260B50B3E1:null
2019-09-16 16:37:17,892 [RatisPipelineUtilsThread] WARN  pipeline.RatisPipelineUtils (RatisPipelineUtils.java:destroyPipeline(66)) - Pipeline destroy failed for pipeline=PipelineID=5cfbe3f7-52ce-47b9-acbf-03260b50b3e1 dn=816c2023-76ea-4558-9da7-70127639a79a{ip: 192.168.5.183, host: pr-hdds-1054-fkf2j-3502855176, networkLocation: /default-rack, certSerialId: null}
2019-09-16 16:37:17,894 [grpc-default-executor-5] INFO  impl.RaftServerProxy (RaftServerProxy.java:remove(95)) - 33002f53-59d2-46ae-91ae-843eaa52c7d0: remove group-03260B50B3E1:null
2019-09-16 16:37:17,896 [RatisPipelineUtilsThread] WARN  pipeline.RatisPipelineUtils (RatisPipelineUtils.java:destroyPipeline(66)) - Pipeline destroy failed for pipeline=PipelineID=5cfbe3f7-52ce-47b9-acbf-03260b50b3e1 dn=33002f53-59d2-46ae-91ae-843eaa52c7d0{ip: 192.168.5.183, host: pr-hdds-1054-fkf2j-3502855176, networkLocation: /default-rack, certSerialId: null}
2019-09-16 16:37:17,896 [RatisPipelineUtilsThread] ERROR pipeline.SCMPipelineManager (Scheduler.java:lambda$schedule$1(70)) - Destroy pipeline failed for pipeline:Pipeline[ Id: 5cfbe3f7-52ce-47b9-acbf-03260b50b3e1, Nodes: e3c513c6-7b5b-430b-887c-eb88026c45f2{ip: 192.168.5.183, host: pr-hdds-1054-fkf2j-3502855176, networkLocation: /default-rack, certSerialId: null}816c2023-76ea-4558-9da7-70127639a79a{ip: 192.168.5.183, host: pr-hdds-1054-fkf2j-3502855176, networkLocation: /default-rack, certSerialId: null}33002f53-59d2-46ae-91ae-843eaa52c7d0{ip: 192.168.5.183, host: pr-hdds-1054-fkf2j-3502855176, networkLocation: /default-rack, certSerialId: null}, Type:RATIS, Factor:THREE, State:CLOSED]
org.apache.hadoop.hdds.scm.pipeline.PipelineNotFoundException: PipelineID=5cfbe3f7-52ce-47b9-acbf-03260b50b3e1 not found
	at org.apache.hadoop.hdds.scm.pipeline.PipelineStateMap.getPipeline(PipelineStateMap.java:132)
	at org.apache.hadoop.hdds.scm.pipeline.PipelineStateMap.removePipeline(PipelineStateMap.java:322)
	at org.apache.hadoop.hdds.scm.pipeline.PipelineStateManager.removePipeline(PipelineStateManager.java:107)
	at org.apache.hadoop.hdds.scm.pipeline.SCMPipelineManager.removePipeline(SCMPipelineManager.java:423)
	at org.apache.hadoop.hdds.scm.pipeline.SCMPipelineManager.destroyPipeline(SCMPipelineManager.java:409)
	at org.apache.hadoop.hdds.scm.pipeline.SCMPipelineManager.lambda$finalizeAndDestroyPipeline$0(SCMPipelineManager.java:318)
	at org.apache.hadoop.utils.Scheduler.lambda$schedule$1(Scheduler.java:68)
	at java.util.concurrent.Executors$RunnableAdapter.call(Executors.java:511)
	at java.util.concurrent.FutureTask.run(FutureTask.java:266)
	at java.util.concurrent.ScheduledThreadPoolExecutor$ScheduledFutureTask.access$201(ScheduledThreadPoolExecutor.java:180)
	at java.util.concurrent.ScheduledThreadPoolExecutor$ScheduledFutureTask.run(ScheduledThreadPoolExecutor.java:293)
	at java.util.concurrent.ThreadPoolExecutor.runWorker(ThreadPoolExecutor.java:1149)
	at java.util.concurrent.ThreadPoolExecutor$Worker.run(ThreadPoolExecutor.java:624)
	at java.lang.Thread.run(Thread.java:748)
2019-09-16 16:37:19,275 [java.util.concurrent.ThreadPoolExecutor$Worker@1be6be97[State = -1, empty queue]] WARN  server.GrpcLogAppender (GrpcLogAppender.java:timeoutAppendRequest(200)) - 5da997ac-485a-4ae3-a11f-bd7c3a0ad14d@group-EFD673A008FB->103cee85-d2d3-4069-a903-4a8bed8118d2-GrpcLogAppender: appendEntries Timeout, request=5da997ac-485a-4ae3-a11f-bd7c3a0ad14d->103cee85-d2d3-4069-a903-4a8bed8118d2#107-t1, previous=(t:1, i:20), leaderCommit=14, initializing? false, entries: <empty>
2019-09-16 16:37:19,275 [java.util.concurrent.ThreadPoolExecutor$Worker@35f96af3[State = -1, empty queue]] WARN  server.GrpcLogAppender (GrpcLogAppender.java:timeoutAppendRequest(200)) - 5da997ac-485a-4ae3-a11f-bd7c3a0ad14d@group-EFD673A008FB->2b9d536e-7082-46d0-bcea-3da9bf5f5d0c-GrpcLogAppender: appendEntries Timeout, request=5da997ac-485a-4ae3-a11f-bd7c3a0ad14d->2b9d536e-7082-46d0-bcea-3da9bf5f5d0c#107-t1, previous=(t:1, i:20), leaderCommit=14, initializing? false, entries: <empty>
2019-09-16 16:37:19,883 [grpc-default-executor-5] INFO  impl.RaftServerProxy (RaftServerProxy.java:remove(95)) - e3c513c6-7b5b-430b-887c-eb88026c45f2: remove group-03260B50B3E1:null
2019-09-16 16:37:19,886 [RatisPipelineUtilsThread] WARN  pipeline.RatisPipelineUtils (RatisPipelineUtils.java:destroyPipeline(66)) - Pipeline destroy failed for pipeline=PipelineID=5cfbe3f7-52ce-47b9-acbf-03260b50b3e1 dn=e3c513c6-7b5b-430b-887c-eb88026c45f2{ip: 192.168.5.183, host: pr-hdds-1054-fkf2j-3502855176, networkLocation: /default-rack, certSerialId: null}
2019-09-16 16:37:19,888 [grpc-default-executor-5] INFO  impl.RaftServerProxy (RaftServerProxy.java:remove(95)) - 816c2023-76ea-4558-9da7-70127639a79a: remove group-03260B50B3E1:null
2019-09-16 16:37:19,890 [RatisPipelineUtilsThread] WARN  pipeline.RatisPipelineUtils (RatisPipelineUtils.java:destroyPipeline(66)) - Pipeline destroy failed for pipeline=PipelineID=5cfbe3f7-52ce-47b9-acbf-03260b50b3e1 dn=816c2023-76ea-4558-9da7-70127639a79a{ip: 192.168.5.183, host: pr-hdds-1054-fkf2j-3502855176, networkLocation: /default-rack, certSerialId: null}
2019-09-16 16:37:19,893 [grpc-default-executor-5] INFO  impl.RaftServerProxy (RaftServerProxy.java:remove(95)) - 33002f53-59d2-46ae-91ae-843eaa52c7d0: remove group-03260B50B3E1:null
2019-09-16 16:37:19,895 [RatisPipelineUtilsThread] WARN  pipeline.RatisPipelineUtils (RatisPipelineUtils.java:destroyPipeline(66)) - Pipeline destroy failed for pipeline=PipelineID=5cfbe3f7-52ce-47b9-acbf-03260b50b3e1 dn=33002f53-59d2-46ae-91ae-843eaa52c7d0{ip: 192.168.5.183, host: pr-hdds-1054-fkf2j-3502855176, networkLocation: /default-rack, certSerialId: null}
2019-09-16 16:37:19,895 [RatisPipelineUtilsThread] ERROR pipeline.SCMPipelineManager (Scheduler.java:lambda$schedule$1(70)) - Destroy pipeline failed for pipeline:Pipeline[ Id: 5cfbe3f7-52ce-47b9-acbf-03260b50b3e1, Nodes: e3c513c6-7b5b-430b-887c-eb88026c45f2{ip: 192.168.5.183, host: pr-hdds-1054-fkf2j-3502855176, networkLocation: /default-rack, certSerialId: null}816c2023-76ea-4558-9da7-70127639a79a{ip: 192.168.5.183, host: pr-hdds-1054-fkf2j-3502855176, networkLocation: /default-rack, certSerialId: null}33002f53-59d2-46ae-91ae-843eaa52c7d0{ip: 192.168.5.183, host: pr-hdds-1054-fkf2j-3502855176, networkLocation: /default-rack, certSerialId: null}, Type:RATIS, Factor:THREE, State:CLOSED]
org.apache.hadoop.hdds.scm.pipeline.PipelineNotFoundException: PipelineID=5cfbe3f7-52ce-47b9-acbf-03260b50b3e1 not found
	at org.apache.hadoop.hdds.scm.pipeline.PipelineStateMap.getPipeline(PipelineStateMap.java:132)
	at org.apache.hadoop.hdds.scm.pipeline.PipelineStateMap.removePipeline(PipelineStateMap.java:322)
	at org.apache.hadoop.hdds.scm.pipeline.PipelineStateManager.removePipeline(PipelineStateManager.java:107)
	at org.apache.hadoop.hdds.scm.pipeline.SCMPipelineManager.removePipeline(SCMPipelineManager.java:423)
	at org.apache.hadoop.hdds.scm.pipeline.SCMPipelineManager.destroyPipeline(SCMPipelineManager.java:409)
	at org.apache.hadoop.hdds.scm.pipeline.SCMPipelineManager.lambda$finalizeAndDestroyPipeline$0(SCMPipelineManager.java:318)
	at org.apache.hadoop.utils.Scheduler.lambda$schedule$1(Scheduler.java:68)
	at java.util.concurrent.Executors$RunnableAdapter.call(Executors.java:511)
	at java.util.concurrent.FutureTask.run(FutureTask.java:266)
	at java.util.concurrent.ScheduledThreadPoolExecutor$ScheduledFutureTask.access$201(ScheduledThreadPoolExecutor.java:180)
	at java.util.concurrent.ScheduledThreadPoolExecutor$ScheduledFutureTask.run(ScheduledThreadPoolExecutor.java:293)
	at java.util.concurrent.ThreadPoolExecutor.runWorker(ThreadPoolExecutor.java:1149)
	at java.util.concurrent.ThreadPoolExecutor$Worker.run(ThreadPoolExecutor.java:624)
	at java.lang.Thread.run(Thread.java:748)
2019-09-16 16:37:21,271 [2b9d536e-7082-46d0-bcea-3da9bf5f5d0c@group-EFD673A008FB-SegmentedRaftLogWorker] WARN  segmented.SegmentedRaftLogWorker (SegmentedRaftLogWorker.java:getFromFuture(90)) - Timeout 3/~
org.apache.ratis.protocol.TimeoutIOException: Timeout 10s: WriteLog:15: (t:1, i:15), STATEMACHINELOGENTRY, client-5DAEDA81DCCF, cid=143-writeStateMachineData
	at org.apache.ratis.util.IOUtils.getFromFuture(IOUtils.java:87)
	at org.apache.ratis.server.raftlog.segmented.SegmentedRaftLogWorker$StateMachineDataPolicy.getFromFuture(SegmentedRaftLogWorker.java:87)
	at org.apache.ratis.server.raftlog.segmented.SegmentedRaftLogWorker$WriteLog.execute(SegmentedRaftLogWorker.java:477)
	at org.apache.ratis.server.raftlog.segmented.SegmentedRaftLogWorker.run(SegmentedRaftLogWorker.java:289)
	at java.lang.Thread.run(Thread.java:748)
Caused by: java.util.concurrent.TimeoutException
	at java.util.concurrent.CompletableFuture.timedGet(CompletableFuture.java:1771)
	at java.util.concurrent.CompletableFuture.get(CompletableFuture.java:1915)
	at org.apache.ratis.util.IOUtils.getFromFuture(IOUtils.java:79)
	... 4 more
2019-09-16 16:37:21,272 [103cee85-d2d3-4069-a903-4a8bed8118d2@group-EFD673A008FB-SegmentedRaftLogWorker] WARN  segmented.SegmentedRaftLogWorker (SegmentedRaftLogWorker.java:getFromFuture(90)) - Timeout 3/~
org.apache.ratis.protocol.TimeoutIOException: Timeout 10s: WriteLog:15: (t:1, i:15), STATEMACHINELOGENTRY, client-5DAEDA81DCCF, cid=143-writeStateMachineData
	at org.apache.ratis.util.IOUtils.getFromFuture(IOUtils.java:87)
	at org.apache.ratis.server.raftlog.segmented.SegmentedRaftLogWorker$StateMachineDataPolicy.getFromFuture(SegmentedRaftLogWorker.java:87)
	at org.apache.ratis.server.raftlog.segmented.SegmentedRaftLogWorker$WriteLog.execute(SegmentedRaftLogWorker.java:477)
	at org.apache.ratis.server.raftlog.segmented.SegmentedRaftLogWorker.run(SegmentedRaftLogWorker.java:289)
	at java.lang.Thread.run(Thread.java:748)
Caused by: java.util.concurrent.TimeoutException
	at java.util.concurrent.CompletableFuture.timedGet(CompletableFuture.java:1771)
	at java.util.concurrent.CompletableFuture.get(CompletableFuture.java:1915)
	at org.apache.ratis.util.IOUtils.getFromFuture(IOUtils.java:79)
	... 4 more
2019-09-16 16:37:21,503 [5da997ac-485a-4ae3-a11f-bd7c3a0ad14d@group-EFD673A008FB-SegmentedRaftLogWorker] WARN  segmented.SegmentedRaftLogWorker (SegmentedRaftLogWorker.java:getFromFuture(90)) - Timeout 3/~
org.apache.ratis.protocol.TimeoutIOException: Timeout 10s: WriteLog:16: (t:1, i:16), STATEMACHINELOGENTRY, client-5DAEDA81DCCF, cid=144-writeStateMachineData
	at org.apache.ratis.util.IOUtils.getFromFuture(IOUtils.java:87)
	at org.apache.ratis.server.raftlog.segmented.SegmentedRaftLogWorker$StateMachineDataPolicy.getFromFuture(SegmentedRaftLogWorker.java:87)
	at org.apache.ratis.server.raftlog.segmented.SegmentedRaftLogWorker$WriteLog.execute(SegmentedRaftLogWorker.java:477)
	at org.apache.ratis.server.raftlog.segmented.SegmentedRaftLogWorker.run(SegmentedRaftLogWorker.java:289)
	at java.lang.Thread.run(Thread.java:748)
Caused by: java.util.concurrent.TimeoutException
	at java.util.concurrent.CompletableFuture.timedGet(CompletableFuture.java:1771)
	at java.util.concurrent.CompletableFuture.get(CompletableFuture.java:1915)
	at org.apache.ratis.util.IOUtils.getFromFuture(IOUtils.java:79)
	... 4 more
2019-09-16 16:37:21,595 [grpc-default-executor-6] INFO  client.GrpcClientProtocolClient (GrpcClientProtocolClient.java:onNext(264)) - client-5DAEDA81DCCF->103cee85-d2d3-4069-a903-4a8bed8118d2: receive RaftClientReply:client-5DAEDA81DCCF->103cee85-d2d3-4069-a903-4a8bed8118d2@group-EFD673A008FB, cid=143, FAILED org.apache.ratis.protocol.NotLeaderException: Server 103cee85-d2d3-4069-a903-4a8bed8118d2@group-EFD673A008FB is not the leader 5da997ac-485a-4ae3-a11f-bd7c3a0ad14d:192.168.5.183:41252, logIndex=0, commits[103cee85-d2d3-4069-a903-4a8bed8118d2:c14, 2b9d536e-7082-46d0-bcea-3da9bf5f5d0c:c12, 5da997ac-485a-4ae3-a11f-bd7c3a0ad14d:c14]
2019-09-16 16:37:21,775 [java.util.concurrent.ThreadPoolExecutor$Worker@1be6be97[State = -1, empty queue]] WARN  server.GrpcLogAppender (GrpcLogAppender.java:timeoutAppendRequest(200)) - 5da997ac-485a-4ae3-a11f-bd7c3a0ad14d@group-EFD673A008FB->103cee85-d2d3-4069-a903-4a8bed8118d2-GrpcLogAppender: appendEntries Timeout, request=5da997ac-485a-4ae3-a11f-bd7c3a0ad14d->103cee85-d2d3-4069-a903-4a8bed8118d2#108-t1, previous=(t:1, i:20), leaderCommit=14, initializing? false, entries: <empty>
2019-09-16 16:37:21,775 [java.util.concurrent.ThreadPoolExecutor$Worker@35f96af3[State = -1, empty queue]] WARN  server.GrpcLogAppender (GrpcLogAppender.java:timeoutAppendRequest(200)) - 5da997ac-485a-4ae3-a11f-bd7c3a0ad14d@group-EFD673A008FB->2b9d536e-7082-46d0-bcea-3da9bf5f5d0c-GrpcLogAppender: appendEntries Timeout, request=5da997ac-485a-4ae3-a11f-bd7c3a0ad14d->2b9d536e-7082-46d0-bcea-3da9bf5f5d0c#108-t1, previous=(t:1, i:20), leaderCommit=14, initializing? false, entries: <empty>
2019-09-16 16:37:22,883 [grpc-default-executor-6] INFO  impl.RaftServerProxy (RaftServerProxy.java:remove(95)) - e3c513c6-7b5b-430b-887c-eb88026c45f2: remove group-03260B50B3E1:null
2019-09-16 16:37:22,886 [RatisPipelineUtilsThread] WARN  pipeline.RatisPipelineUtils (RatisPipelineUtils.java:destroyPipeline(66)) - Pipeline destroy failed for pipeline=PipelineID=5cfbe3f7-52ce-47b9-acbf-03260b50b3e1 dn=e3c513c6-7b5b-430b-887c-eb88026c45f2{ip: 192.168.5.183, host: pr-hdds-1054-fkf2j-3502855176, networkLocation: /default-rack, certSerialId: null}
2019-09-16 16:37:22,888 [grpc-default-executor-6] INFO  impl.RaftServerProxy (RaftServerProxy.java:remove(95)) - 816c2023-76ea-4558-9da7-70127639a79a: remove group-03260B50B3E1:null
2019-09-16 16:37:22,890 [RatisPipelineUtilsThread] WARN  pipeline.RatisPipelineUtils (RatisPipelineUtils.java:destroyPipeline(66)) - Pipeline destroy failed for pipeline=PipelineID=5cfbe3f7-52ce-47b9-acbf-03260b50b3e1 dn=816c2023-76ea-4558-9da7-70127639a79a{ip: 192.168.5.183, host: pr-hdds-1054-fkf2j-3502855176, networkLocation: /default-rack, certSerialId: null}
2019-09-16 16:37:22,892 [grpc-default-executor-6] INFO  impl.RaftServerProxy (RaftServerProxy.java:remove(95)) - 33002f53-59d2-46ae-91ae-843eaa52c7d0: remove group-03260B50B3E1:null
2019-09-16 16:37:22,894 [RatisPipelineUtilsThread] WARN  pipeline.RatisPipelineUtils (RatisPipelineUtils.java:destroyPipeline(66)) - Pipeline destroy failed for pipeline=PipelineID=5cfbe3f7-52ce-47b9-acbf-03260b50b3e1 dn=33002f53-59d2-46ae-91ae-843eaa52c7d0{ip: 192.168.5.183, host: pr-hdds-1054-fkf2j-3502855176, networkLocation: /default-rack, certSerialId: null}
2019-09-16 16:37:22,894 [RatisPipelineUtilsThread] ERROR pipeline.SCMPipelineManager (Scheduler.java:lambda$schedule$1(70)) - Destroy pipeline failed for pipeline:Pipeline[ Id: 5cfbe3f7-52ce-47b9-acbf-03260b50b3e1, Nodes: e3c513c6-7b5b-430b-887c-eb88026c45f2{ip: 192.168.5.183, host: pr-hdds-1054-fkf2j-3502855176, networkLocation: /default-rack, certSerialId: null}816c2023-76ea-4558-9da7-70127639a79a{ip: 192.168.5.183, host: pr-hdds-1054-fkf2j-3502855176, networkLocation: /default-rack, certSerialId: null}33002f53-59d2-46ae-91ae-843eaa52c7d0{ip: 192.168.5.183, host: pr-hdds-1054-fkf2j-3502855176, networkLocation: /default-rack, certSerialId: null}, Type:RATIS, Factor:THREE, State:CLOSED]
org.apache.hadoop.hdds.scm.pipeline.PipelineNotFoundException: PipelineID=5cfbe3f7-52ce-47b9-acbf-03260b50b3e1 not found
	at org.apache.hadoop.hdds.scm.pipeline.PipelineStateMap.getPipeline(PipelineStateMap.java:132)
	at org.apache.hadoop.hdds.scm.pipeline.PipelineStateMap.removePipeline(PipelineStateMap.java:322)
	at org.apache.hadoop.hdds.scm.pipeline.PipelineStateManager.removePipeline(PipelineStateManager.java:107)
	at org.apache.hadoop.hdds.scm.pipeline.SCMPipelineManager.removePipeline(SCMPipelineManager.java:423)
	at org.apache.hadoop.hdds.scm.pipeline.SCMPipelineManager.destroyPipeline(SCMPipelineManager.java:409)
	at org.apache.hadoop.hdds.scm.pipeline.SCMPipelineManager.lambda$finalizeAndDestroyPipeline$0(SCMPipelineManager.java:318)
	at org.apache.hadoop.utils.Scheduler.lambda$schedule$1(Scheduler.java:68)
	at java.util.concurrent.Executors$RunnableAdapter.call(Executors.java:511)
	at java.util.concurrent.FutureTask.run(FutureTask.java:266)
	at java.util.concurrent.ScheduledThreadPoolExecutor$ScheduledFutureTask.access$201(ScheduledThreadPoolExecutor.java:180)
	at java.util.concurrent.ScheduledThreadPoolExecutor$ScheduledFutureTask.run(ScheduledThreadPoolExecutor.java:293)
	at java.util.concurrent.ThreadPoolExecutor.runWorker(ThreadPoolExecutor.java:1149)
	at java.util.concurrent.ThreadPoolExecutor$Worker.run(ThreadPoolExecutor.java:624)
	at java.lang.Thread.run(Thread.java:748)
2019-09-16 16:37:24,275 [java.util.concurrent.ThreadPoolExecutor$Worker@1be6be97[State = -1, empty queue]] WARN  server.GrpcLogAppender (GrpcLogAppender.java:timeoutAppendRequest(200)) - 5da997ac-485a-4ae3-a11f-bd7c3a0ad14d@group-EFD673A008FB->103cee85-d2d3-4069-a903-4a8bed8118d2-GrpcLogAppender: appendEntries Timeout, request=5da997ac-485a-4ae3-a11f-bd7c3a0ad14d->103cee85-d2d3-4069-a903-4a8bed8118d2#109-t1, previous=(t:1, i:20), leaderCommit=14, initializing? false, entries: <empty>
2019-09-16 16:37:24,275 [java.util.concurrent.ThreadPoolExecutor$Worker@35f96af3[State = -1, empty queue]] WARN  server.GrpcLogAppender (GrpcLogAppender.java:timeoutAppendRequest(200)) - 5da997ac-485a-4ae3-a11f-bd7c3a0ad14d@group-EFD673A008FB->2b9d536e-7082-46d0-bcea-3da9bf5f5d0c-GrpcLogAppender: appendEntries Timeout, request=5da997ac-485a-4ae3-a11f-bd7c3a0ad14d->2b9d536e-7082-46d0-bcea-3da9bf5f5d0c#109-t1, previous=(t:1, i:20), leaderCommit=14, initializing? false, entries: <empty>
2019-09-16 16:37:24,882 [grpc-default-executor-6] INFO  impl.RaftServerProxy (RaftServerProxy.java:remove(95)) - e3c513c6-7b5b-430b-887c-eb88026c45f2: remove group-03260B50B3E1:null
2019-09-16 16:37:24,885 [RatisPipelineUtilsThread] WARN  pipeline.RatisPipelineUtils (RatisPipelineUtils.java:destroyPipeline(66)) - Pipeline destroy failed for pipeline=PipelineID=5cfbe3f7-52ce-47b9-acbf-03260b50b3e1 dn=e3c513c6-7b5b-430b-887c-eb88026c45f2{ip: 192.168.5.183, host: pr-hdds-1054-fkf2j-3502855176, networkLocation: /default-rack, certSerialId: null}
2019-09-16 16:37:24,887 [grpc-default-executor-6] INFO  impl.RaftServerProxy (RaftServerProxy.java:remove(95)) - 816c2023-76ea-4558-9da7-70127639a79a: remove group-03260B50B3E1:null
2019-09-16 16:37:24,889 [RatisPipelineUtilsThread] WARN  pipeline.RatisPipelineUtils (RatisPipelineUtils.java:destroyPipeline(66)) - Pipeline destroy failed for pipeline=PipelineID=5cfbe3f7-52ce-47b9-acbf-03260b50b3e1 dn=816c2023-76ea-4558-9da7-70127639a79a{ip: 192.168.5.183, host: pr-hdds-1054-fkf2j-3502855176, networkLocation: /default-rack, certSerialId: null}
2019-09-16 16:37:24,891 [grpc-default-executor-6] INFO  impl.RaftServerProxy (RaftServerProxy.java:remove(95)) - 33002f53-59d2-46ae-91ae-843eaa52c7d0: remove group-03260B50B3E1:null
2019-09-16 16:37:24,892 [RatisPipelineUtilsThread] WARN  pipeline.RatisPipelineUtils (RatisPipelineUtils.java:destroyPipeline(66)) - Pipeline destroy failed for pipeline=PipelineID=5cfbe3f7-52ce-47b9-acbf-03260b50b3e1 dn=33002f53-59d2-46ae-91ae-843eaa52c7d0{ip: 192.168.5.183, host: pr-hdds-1054-fkf2j-3502855176, networkLocation: /default-rack, certSerialId: null}
2019-09-16 16:37:24,893 [RatisPipelineUtilsThread] ERROR pipeline.SCMPipelineManager (Scheduler.java:lambda$schedule$1(70)) - Destroy pipeline failed for pipeline:Pipeline[ Id: 5cfbe3f7-52ce-47b9-acbf-03260b50b3e1, Nodes: e3c513c6-7b5b-430b-887c-eb88026c45f2{ip: 192.168.5.183, host: pr-hdds-1054-fkf2j-3502855176, networkLocation: /default-rack, certSerialId: null}816c2023-76ea-4558-9da7-70127639a79a{ip: 192.168.5.183, host: pr-hdds-1054-fkf2j-3502855176, networkLocation: /default-rack, certSerialId: null}33002f53-59d2-46ae-91ae-843eaa52c7d0{ip: 192.168.5.183, host: pr-hdds-1054-fkf2j-3502855176, networkLocation: /default-rack, certSerialId: null}, Type:RATIS, Factor:THREE, State:CLOSED]
org.apache.hadoop.hdds.scm.pipeline.PipelineNotFoundException: PipelineID=5cfbe3f7-52ce-47b9-acbf-03260b50b3e1 not found
	at org.apache.hadoop.hdds.scm.pipeline.PipelineStateMap.getPipeline(PipelineStateMap.java:132)
	at org.apache.hadoop.hdds.scm.pipeline.PipelineStateMap.removePipeline(PipelineStateMap.java:322)
	at org.apache.hadoop.hdds.scm.pipeline.PipelineStateManager.removePipeline(PipelineStateManager.java:107)
	at org.apache.hadoop.hdds.scm.pipeline.SCMPipelineManager.removePipeline(SCMPipelineManager.java:423)
	at org.apache.hadoop.hdds.scm.pipeline.SCMPipelineManager.destroyPipeline(SCMPipelineManager.java:409)
	at org.apache.hadoop.hdds.scm.pipeline.SCMPipelineManager.lambda$finalizeAndDestroyPipeline$0(SCMPipelineManager.java:318)
	at org.apache.hadoop.utils.Scheduler.lambda$schedule$1(Scheduler.java:68)
	at java.util.concurrent.Executors$RunnableAdapter.call(Executors.java:511)
	at java.util.concurrent.FutureTask.run(FutureTask.java:266)
	at java.util.concurrent.ScheduledThreadPoolExecutor$ScheduledFutureTask.access$201(ScheduledThreadPoolExecutor.java:180)
	at java.util.concurrent.ScheduledThreadPoolExecutor$ScheduledFutureTask.run(ScheduledThreadPoolExecutor.java:293)
	at java.util.concurrent.ThreadPoolExecutor.runWorker(ThreadPoolExecutor.java:1149)
	at java.util.concurrent.ThreadPoolExecutor$Worker.run(ThreadPoolExecutor.java:624)
	at java.lang.Thread.run(Thread.java:748)
2019-09-16 16:37:26,629 [grpc-default-executor-6] INFO  client.GrpcClientProtocolClient (GrpcClientProtocolClient.java:onNext(264)) - client-5DAEDA81DCCF->2b9d536e-7082-46d0-bcea-3da9bf5f5d0c: receive RaftClientReply:client-5DAEDA81DCCF->2b9d536e-7082-46d0-bcea-3da9bf5f5d0c@group-EFD673A008FB, cid=143, FAILED org.apache.ratis.protocol.NotLeaderException: Server 2b9d536e-7082-46d0-bcea-3da9bf5f5d0c@group-EFD673A008FB is not the leader 5da997ac-485a-4ae3-a11f-bd7c3a0ad14d:192.168.5.183:41252, logIndex=0, commits[2b9d536e-7082-46d0-bcea-3da9bf5f5d0c:c14, 103cee85-d2d3-4069-a903-4a8bed8118d2:c12, 5da997ac-485a-4ae3-a11f-bd7c3a0ad14d:c14]
2019-09-16 16:37:26,775 [java.util.concurrent.ThreadPoolExecutor$Worker@1be6be97[State = -1, empty queue]] WARN  server.GrpcLogAppender (GrpcLogAppender.java:timeoutAppendRequest(200)) - 5da997ac-485a-4ae3-a11f-bd7c3a0ad14d@group-EFD673A008FB->103cee85-d2d3-4069-a903-4a8bed8118d2-GrpcLogAppender: appendEntries Timeout, request=5da997ac-485a-4ae3-a11f-bd7c3a0ad14d->103cee85-d2d3-4069-a903-4a8bed8118d2#110-t1, previous=(t:1, i:20), leaderCommit=14, initializing? false, entries: <empty>
2019-09-16 16:37:26,775 [java.util.concurrent.ThreadPoolExecutor$Worker@35f96af3[State = -1, empty queue]] WARN  server.GrpcLogAppender (GrpcLogAppender.java:timeoutAppendRequest(200)) - 5da997ac-485a-4ae3-a11f-bd7c3a0ad14d@group-EFD673A008FB->2b9d536e-7082-46d0-bcea-3da9bf5f5d0c-GrpcLogAppender: appendEntries Timeout, request=5da997ac-485a-4ae3-a11f-bd7c3a0ad14d->2b9d536e-7082-46d0-bcea-3da9bf5f5d0c#110-t1, previous=(t:1, i:20), leaderCommit=14, initializing? false, entries: <empty>
2019-09-16 16:37:27,882 [grpc-default-executor-6] INFO  impl.RaftServerProxy (RaftServerProxy.java:remove(95)) - e3c513c6-7b5b-430b-887c-eb88026c45f2: remove group-03260B50B3E1:null
2019-09-16 16:37:27,885 [RatisPipelineUtilsThread] WARN  pipeline.RatisPipelineUtils (RatisPipelineUtils.java:destroyPipeline(66)) - Pipeline destroy failed for pipeline=PipelineID=5cfbe3f7-52ce-47b9-acbf-03260b50b3e1 dn=e3c513c6-7b5b-430b-887c-eb88026c45f2{ip: 192.168.5.183, host: pr-hdds-1054-fkf2j-3502855176, networkLocation: /default-rack, certSerialId: null}
2019-09-16 16:37:27,887 [grpc-default-executor-6] INFO  impl.RaftServerProxy (RaftServerProxy.java:remove(95)) - 816c2023-76ea-4558-9da7-70127639a79a: remove group-03260B50B3E1:null
2019-09-16 16:37:27,889 [RatisPipelineUtilsThread] WARN  pipeline.RatisPipelineUtils (RatisPipelineUtils.java:destroyPipeline(66)) - Pipeline destroy failed for pipeline=PipelineID=5cfbe3f7-52ce-47b9-acbf-03260b50b3e1 dn=816c2023-76ea-4558-9da7-70127639a79a{ip: 192.168.5.183, host: pr-hdds-1054-fkf2j-3502855176, networkLocation: /default-rack, certSerialId: null}
2019-09-16 16:37:27,892 [grpc-default-executor-6] INFO  impl.RaftServerProxy (RaftServerProxy.java:remove(95)) - 33002f53-59d2-46ae-91ae-843eaa52c7d0: remove group-03260B50B3E1:null
2019-09-16 16:37:27,894 [RatisPipelineUtilsThread] WARN  pipeline.RatisPipelineUtils (RatisPipelineUtils.java:destroyPipeline(66)) - Pipeline destroy failed for pipeline=PipelineID=5cfbe3f7-52ce-47b9-acbf-03260b50b3e1 dn=33002f53-59d2-46ae-91ae-843eaa52c7d0{ip: 192.168.5.183, host: pr-hdds-1054-fkf2j-3502855176, networkLocation: /default-rack, certSerialId: null}
2019-09-16 16:37:27,894 [RatisPipelineUtilsThread] ERROR pipeline.SCMPipelineManager (Scheduler.java:lambda$schedule$1(70)) - Destroy pipeline failed for pipeline:Pipeline[ Id: 5cfbe3f7-52ce-47b9-acbf-03260b50b3e1, Nodes: e3c513c6-7b5b-430b-887c-eb88026c45f2{ip: 192.168.5.183, host: pr-hdds-1054-fkf2j-3502855176, networkLocation: /default-rack, certSerialId: null}816c2023-76ea-4558-9da7-70127639a79a{ip: 192.168.5.183, host: pr-hdds-1054-fkf2j-3502855176, networkLocation: /default-rack, certSerialId: null}33002f53-59d2-46ae-91ae-843eaa52c7d0{ip: 192.168.5.183, host: pr-hdds-1054-fkf2j-3502855176, networkLocation: /default-rack, certSerialId: null}, Type:RATIS, Factor:THREE, State:CLOSED]
org.apache.hadoop.hdds.scm.pipeline.PipelineNotFoundException: PipelineID=5cfbe3f7-52ce-47b9-acbf-03260b50b3e1 not found
	at org.apache.hadoop.hdds.scm.pipeline.PipelineStateMap.getPipeline(PipelineStateMap.java:132)
	at org.apache.hadoop.hdds.scm.pipeline.PipelineStateMap.removePipeline(PipelineStateMap.java:322)
	at org.apache.hadoop.hdds.scm.pipeline.PipelineStateManager.removePipeline(PipelineStateManager.java:107)
	at org.apache.hadoop.hdds.scm.pipeline.SCMPipelineManager.removePipeline(SCMPipelineManager.java:423)
	at org.apache.hadoop.hdds.scm.pipeline.SCMPipelineManager.destroyPipeline(SCMPipelineManager.java:409)
	at org.apache.hadoop.hdds.scm.pipeline.SCMPipelineManager.lambda$finalizeAndDestroyPipeline$0(SCMPipelineManager.java:318)
	at org.apache.hadoop.utils.Scheduler.lambda$schedule$1(Scheduler.java:68)
	at java.util.concurrent.Executors$RunnableAdapter.call(Executors.java:511)
	at java.util.concurrent.FutureTask.run(FutureTask.java:266)
	at java.util.concurrent.ScheduledThreadPoolExecutor$ScheduledFutureTask.access$201(ScheduledThreadPoolExecutor.java:180)
	at java.util.concurrent.ScheduledThreadPoolExecutor$ScheduledFutureTask.run(ScheduledThreadPoolExecutor.java:293)
	at java.util.concurrent.ThreadPoolExecutor.runWorker(ThreadPoolExecutor.java:1149)
	at java.util.concurrent.ThreadPoolExecutor$Worker.run(ThreadPoolExecutor.java:624)
	at java.lang.Thread.run(Thread.java:748)
2019-09-16 16:37:29,276 [java.util.concurrent.ThreadPoolExecutor$Worker@1be6be97[State = -1, empty queue]] WARN  server.GrpcLogAppender (GrpcLogAppender.java:timeoutAppendRequest(200)) - 5da997ac-485a-4ae3-a11f-bd7c3a0ad14d@group-EFD673A008FB->103cee85-d2d3-4069-a903-4a8bed8118d2-GrpcLogAppender: appendEntries Timeout, request=5da997ac-485a-4ae3-a11f-bd7c3a0ad14d->103cee85-d2d3-4069-a903-4a8bed8118d2#111-t1, previous=(t:1, i:20), leaderCommit=14, initializing? false, entries: <empty>
2019-09-16 16:37:29,276 [java.util.concurrent.ThreadPoolExecutor$Worker@35f96af3[State = -1, empty queue]] WARN  server.GrpcLogAppender (GrpcLogAppender.java:timeoutAppendRequest(200)) - 5da997ac-485a-4ae3-a11f-bd7c3a0ad14d@group-EFD673A008FB->2b9d536e-7082-46d0-bcea-3da9bf5f5d0c-GrpcLogAppender: appendEntries Timeout, request=5da997ac-485a-4ae3-a11f-bd7c3a0ad14d->2b9d536e-7082-46d0-bcea-3da9bf5f5d0c#111-t1, previous=(t:1, i:20), leaderCommit=14, initializing? false, entries: <empty>
2019-09-16 16:37:29,886 [grpc-default-executor-6] INFO  impl.RaftServerProxy (RaftServerProxy.java:remove(95)) - e3c513c6-7b5b-430b-887c-eb88026c45f2: remove group-03260B50B3E1:null
2019-09-16 16:37:29,890 [RatisPipelineUtilsThread] WARN  pipeline.RatisPipelineUtils (RatisPipelineUtils.java:destroyPipeline(66)) - Pipeline destroy failed for pipeline=PipelineID=5cfbe3f7-52ce-47b9-acbf-03260b50b3e1 dn=e3c513c6-7b5b-430b-887c-eb88026c45f2{ip: 192.168.5.183, host: pr-hdds-1054-fkf2j-3502855176, networkLocation: /default-rack, certSerialId: null}
2019-09-16 16:37:29,892 [grpc-default-executor-6] INFO  impl.RaftServerProxy (RaftServerProxy.java:remove(95)) - 816c2023-76ea-4558-9da7-70127639a79a: remove group-03260B50B3E1:null
2019-09-16 16:37:29,895 [RatisPipelineUtilsThread] WARN  pipeline.RatisPipelineUtils (RatisPipelineUtils.java:destroyPipeline(66)) - Pipeline destroy failed for pipeline=PipelineID=5cfbe3f7-52ce-47b9-acbf-03260b50b3e1 dn=816c2023-76ea-4558-9da7-70127639a79a{ip: 192.168.5.183, host: pr-hdds-1054-fkf2j-3502855176, networkLocation: /default-rack, certSerialId: null}
2019-09-16 16:37:29,898 [grpc-default-executor-6] INFO  impl.RaftServerProxy (RaftServerProxy.java:remove(95)) - 33002f53-59d2-46ae-91ae-843eaa52c7d0: remove group-03260B50B3E1:null
2019-09-16 16:37:29,900 [RatisPipelineUtilsThread] WARN  pipeline.RatisPipelineUtils (RatisPipelineUtils.java:destroyPipeline(66)) - Pipeline destroy failed for pipeline=PipelineID=5cfbe3f7-52ce-47b9-acbf-03260b50b3e1 dn=33002f53-59d2-46ae-91ae-843eaa52c7d0{ip: 192.168.5.183, host: pr-hdds-1054-fkf2j-3502855176, networkLocation: /default-rack, certSerialId: null}
2019-09-16 16:37:29,901 [RatisPipelineUtilsThread] ERROR pipeline.SCMPipelineManager (Scheduler.java:lambda$schedule$1(70)) - Destroy pipeline failed for pipeline:Pipeline[ Id: 5cfbe3f7-52ce-47b9-acbf-03260b50b3e1, Nodes: e3c513c6-7b5b-430b-887c-eb88026c45f2{ip: 192.168.5.183, host: pr-hdds-1054-fkf2j-3502855176, networkLocation: /default-rack, certSerialId: null}816c2023-76ea-4558-9da7-70127639a79a{ip: 192.168.5.183, host: pr-hdds-1054-fkf2j-3502855176, networkLocation: /default-rack, certSerialId: null}33002f53-59d2-46ae-91ae-843eaa52c7d0{ip: 192.168.5.183, host: pr-hdds-1054-fkf2j-3502855176, networkLocation: /default-rack, certSerialId: null}, Type:RATIS, Factor:THREE, State:CLOSED]
org.apache.hadoop.hdds.scm.pipeline.PipelineNotFoundException: PipelineID=5cfbe3f7-52ce-47b9-acbf-03260b50b3e1 not found
	at org.apache.hadoop.hdds.scm.pipeline.PipelineStateMap.getPipeline(PipelineStateMap.java:132)
	at org.apache.hadoop.hdds.scm.pipeline.PipelineStateMap.removePipeline(PipelineStateMap.java:322)
	at org.apache.hadoop.hdds.scm.pipeline.PipelineStateManager.removePipeline(PipelineStateManager.java:107)
	at org.apache.hadoop.hdds.scm.pipeline.SCMPipelineManager.removePipeline(SCMPipelineManager.java:423)
	at org.apache.hadoop.hdds.scm.pipeline.SCMPipelineManager.destroyPipeline(SCMPipelineManager.java:409)
	at org.apache.hadoop.hdds.scm.pipeline.SCMPipelineManager.lambda$finalizeAndDestroyPipeline$0(SCMPipelineManager.java:318)
	at org.apache.hadoop.utils.Scheduler.lambda$schedule$1(Scheduler.java:68)
	at java.util.concurrent.Executors$RunnableAdapter.call(Executors.java:511)
	at java.util.concurrent.FutureTask.run(FutureTask.java:266)
	at java.util.concurrent.ScheduledThreadPoolExecutor$ScheduledFutureTask.access$201(ScheduledThreadPoolExecutor.java:180)
	at java.util.concurrent.ScheduledThreadPoolExecutor$ScheduledFutureTask.run(ScheduledThreadPoolExecutor.java:293)
	at java.util.concurrent.ThreadPoolExecutor.runWorker(ThreadPoolExecutor.java:1149)
	at java.util.concurrent.ThreadPoolExecutor$Worker.run(ThreadPoolExecutor.java:624)
	at java.lang.Thread.run(Thread.java:748)
2019-09-16 16:37:31,272 [2b9d536e-7082-46d0-bcea-3da9bf5f5d0c@group-EFD673A008FB-SegmentedRaftLogWorker] WARN  segmented.SegmentedRaftLogWorker (SegmentedRaftLogWorker.java:getFromFuture(90)) - Timeout 4/~
org.apache.ratis.protocol.TimeoutIOException: Timeout 10s: WriteLog:15: (t:1, i:15), STATEMACHINELOGENTRY, client-5DAEDA81DCCF, cid=143-writeStateMachineData
	at org.apache.ratis.util.IOUtils.getFromFuture(IOUtils.java:87)
	at org.apache.ratis.server.raftlog.segmented.SegmentedRaftLogWorker$StateMachineDataPolicy.getFromFuture(SegmentedRaftLogWorker.java:87)
	at org.apache.ratis.server.raftlog.segmented.SegmentedRaftLogWorker$WriteLog.execute(SegmentedRaftLogWorker.java:477)
	at org.apache.ratis.server.raftlog.segmented.SegmentedRaftLogWorker.run(SegmentedRaftLogWorker.java:289)
	at java.lang.Thread.run(Thread.java:748)
Caused by: java.util.concurrent.TimeoutException
	at java.util.concurrent.CompletableFuture.timedGet(CompletableFuture.java:1771)
	at java.util.concurrent.CompletableFuture.get(CompletableFuture.java:1915)
	at org.apache.ratis.util.IOUtils.getFromFuture(IOUtils.java:79)
	... 4 more
2019-09-16 16:37:31,272 [103cee85-d2d3-4069-a903-4a8bed8118d2@group-EFD673A008FB-SegmentedRaftLogWorker] WARN  segmented.SegmentedRaftLogWorker (SegmentedRaftLogWorker.java:getFromFuture(90)) - Timeout 4/~
org.apache.ratis.protocol.TimeoutIOException: Timeout 10s: WriteLog:15: (t:1, i:15), STATEMACHINELOGENTRY, client-5DAEDA81DCCF, cid=143-writeStateMachineData
	at org.apache.ratis.util.IOUtils.getFromFuture(IOUtils.java:87)
	at org.apache.ratis.server.raftlog.segmented.SegmentedRaftLogWorker$StateMachineDataPolicy.getFromFuture(SegmentedRaftLogWorker.java:87)
	at org.apache.ratis.server.raftlog.segmented.SegmentedRaftLogWorker$WriteLog.execute(SegmentedRaftLogWorker.java:477)
	at org.apache.ratis.server.raftlog.segmented.SegmentedRaftLogWorker.run(SegmentedRaftLogWorker.java:289)
	at java.lang.Thread.run(Thread.java:748)
Caused by: java.util.concurrent.TimeoutException
	at java.util.concurrent.CompletableFuture.timedGet(CompletableFuture.java:1771)
	at java.util.concurrent.CompletableFuture.get(CompletableFuture.java:1915)
	at org.apache.ratis.util.IOUtils.getFromFuture(IOUtils.java:79)
	... 4 more
2019-09-16 16:37:31,503 [5da997ac-485a-4ae3-a11f-bd7c3a0ad14d@group-EFD673A008FB-SegmentedRaftLogWorker] WARN  segmented.SegmentedRaftLogWorker (SegmentedRaftLogWorker.java:getFromFuture(90)) - Timeout 4/~
org.apache.ratis.protocol.TimeoutIOException: Timeout 10s: WriteLog:16: (t:1, i:16), STATEMACHINELOGENTRY, client-5DAEDA81DCCF, cid=144-writeStateMachineData
	at org.apache.ratis.util.IOUtils.getFromFuture(IOUtils.java:87)
	at org.apache.ratis.server.raftlog.segmented.SegmentedRaftLogWorker$StateMachineDataPolicy.getFromFuture(SegmentedRaftLogWorker.java:87)
	at org.apache.ratis.server.raftlog.segmented.SegmentedRaftLogWorker$WriteLog.execute(SegmentedRaftLogWorker.java:477)
	at org.apache.ratis.server.raftlog.segmented.SegmentedRaftLogWorker.run(SegmentedRaftLogWorker.java:289)
	at java.lang.Thread.run(Thread.java:748)
Caused by: java.util.concurrent.TimeoutException
	at java.util.concurrent.CompletableFuture.timedGet(CompletableFuture.java:1771)
	at java.util.concurrent.CompletableFuture.get(CompletableFuture.java:1915)
	at org.apache.ratis.util.IOUtils.getFromFuture(IOUtils.java:79)
	... 4 more
2019-09-16 16:37:31,676 [grpc-default-executor-2] INFO  client.GrpcClientProtocolClient (GrpcClientProtocolClient.java:onNext(264)) - client-5DAEDA81DCCF->103cee85-d2d3-4069-a903-4a8bed8118d2: receive RaftClientReply:client-5DAEDA81DCCF->103cee85-d2d3-4069-a903-4a8bed8118d2@group-EFD673A008FB, cid=143, FAILED org.apache.ratis.protocol.NotLeaderException: Server 103cee85-d2d3-4069-a903-4a8bed8118d2@group-EFD673A008FB is not the leader 5da997ac-485a-4ae3-a11f-bd7c3a0ad14d:192.168.5.183:41252, logIndex=0, commits[103cee85-d2d3-4069-a903-4a8bed8118d2:c14, 2b9d536e-7082-46d0-bcea-3da9bf5f5d0c:c12, 5da997ac-485a-4ae3-a11f-bd7c3a0ad14d:c14]
2019-09-16 16:37:31,776 [java.util.concurrent.ThreadPoolExecutor$Worker@1be6be97[State = -1, empty queue]] WARN  server.GrpcLogAppender (GrpcLogAppender.java:timeoutAppendRequest(200)) - 5da997ac-485a-4ae3-a11f-bd7c3a0ad14d@group-EFD673A008FB->103cee85-d2d3-4069-a903-4a8bed8118d2-GrpcLogAppender: appendEntries Timeout, request=5da997ac-485a-4ae3-a11f-bd7c3a0ad14d->103cee85-d2d3-4069-a903-4a8bed8118d2#112-t1, previous=(t:1, i:20), leaderCommit=14, initializing? false, entries: <empty>
2019-09-16 16:37:31,776 [java.util.concurrent.ThreadPoolExecutor$Worker@35f96af3[State = -1, empty queue]] WARN  server.GrpcLogAppender (GrpcLogAppender.java:timeoutAppendRequest(200)) - 5da997ac-485a-4ae3-a11f-bd7c3a0ad14d@group-EFD673A008FB->2b9d536e-7082-46d0-bcea-3da9bf5f5d0c-GrpcLogAppender: appendEntries Timeout, request=5da997ac-485a-4ae3-a11f-bd7c3a0ad14d->2b9d536e-7082-46d0-bcea-3da9bf5f5d0c#112-t1, previous=(t:1, i:20), leaderCommit=14, initializing? false, entries: <empty>
2019-09-16 16:37:32,884 [grpc-default-executor-2] INFO  impl.RaftServerProxy (RaftServerProxy.java:remove(95)) - e3c513c6-7b5b-430b-887c-eb88026c45f2: remove group-03260B50B3E1:null
2019-09-16 16:37:32,887 [RatisPipelineUtilsThread] WARN  pipeline.RatisPipelineUtils (RatisPipelineUtils.java:destroyPipeline(66)) - Pipeline destroy failed for pipeline=PipelineID=5cfbe3f7-52ce-47b9-acbf-03260b50b3e1 dn=e3c513c6-7b5b-430b-887c-eb88026c45f2{ip: 192.168.5.183, host: pr-hdds-1054-fkf2j-3502855176, networkLocation: /default-rack, certSerialId: null}
2019-09-16 16:37:32,890 [grpc-default-executor-2] INFO  impl.RaftServerProxy (RaftServerProxy.java:remove(95)) - 816c2023-76ea-4558-9da7-70127639a79a: remove group-03260B50B3E1:null
2019-09-16 16:37:32,891 [RatisPipelineUtilsThread] WARN  pipeline.RatisPipelineUtils (RatisPipelineUtils.java:destroyPipeline(66)) - Pipeline destroy failed for pipeline=PipelineID=5cfbe3f7-52ce-47b9-acbf-03260b50b3e1 dn=816c2023-76ea-4558-9da7-70127639a79a{ip: 192.168.5.183, host: pr-hdds-1054-fkf2j-3502855176, networkLocation: /default-rack, certSerialId: null}
2019-09-16 16:37:32,894 [grpc-default-executor-2] INFO  impl.RaftServerProxy (RaftServerProxy.java:remove(95)) - 33002f53-59d2-46ae-91ae-843eaa52c7d0: remove group-03260B50B3E1:null
2019-09-16 16:37:32,896 [RatisPipelineUtilsThread] WARN  pipeline.RatisPipelineUtils (RatisPipelineUtils.java:destroyPipeline(66)) - Pipeline destroy failed for pipeline=PipelineID=5cfbe3f7-52ce-47b9-acbf-03260b50b3e1 dn=33002f53-59d2-46ae-91ae-843eaa52c7d0{ip: 192.168.5.183, host: pr-hdds-1054-fkf2j-3502855176, networkLocation: /default-rack, certSerialId: null}
2019-09-16 16:37:32,896 [RatisPipelineUtilsThread] ERROR pipeline.SCMPipelineManager (Scheduler.java:lambda$schedule$1(70)) - Destroy pipeline failed for pipeline:Pipeline[ Id: 5cfbe3f7-52ce-47b9-acbf-03260b50b3e1, Nodes: e3c513c6-7b5b-430b-887c-eb88026c45f2{ip: 192.168.5.183, host: pr-hdds-1054-fkf2j-3502855176, networkLocation: /default-rack, certSerialId: null}816c2023-76ea-4558-9da7-70127639a79a{ip: 192.168.5.183, host: pr-hdds-1054-fkf2j-3502855176, networkLocation: /default-rack, certSerialId: null}33002f53-59d2-46ae-91ae-843eaa52c7d0{ip: 192.168.5.183, host: pr-hdds-1054-fkf2j-3502855176, networkLocation: /default-rack, certSerialId: null}, Type:RATIS, Factor:THREE, State:CLOSED]
org.apache.hadoop.hdds.scm.pipeline.PipelineNotFoundException: PipelineID=5cfbe3f7-52ce-47b9-acbf-03260b50b3e1 not found
	at org.apache.hadoop.hdds.scm.pipeline.PipelineStateMap.getPipeline(PipelineStateMap.java:132)
	at org.apache.hadoop.hdds.scm.pipeline.PipelineStateMap.removePipeline(PipelineStateMap.java:322)
	at org.apache.hadoop.hdds.scm.pipeline.PipelineStateManager.removePipeline(PipelineStateManager.java:107)
	at org.apache.hadoop.hdds.scm.pipeline.SCMPipelineManager.removePipeline(SCMPipelineManager.java:423)
	at org.apache.hadoop.hdds.scm.pipeline.SCMPipelineManager.destroyPipeline(SCMPipelineManager.java:409)
	at org.apache.hadoop.hdds.scm.pipeline.SCMPipelineManager.lambda$finalizeAndDestroyPipeline$0(SCMPipelineManager.java:318)
	at org.apache.hadoop.utils.Scheduler.lambda$schedule$1(Scheduler.java:68)
	at java.util.concurrent.Executors$RunnableAdapter.call(Executors.java:511)
	at java.util.concurrent.FutureTask.run(FutureTask.java:266)
	at java.util.concurrent.ScheduledThreadPoolExecutor$ScheduledFutureTask.access$201(ScheduledThreadPoolExecutor.java:180)
	at java.util.concurrent.ScheduledThreadPoolExecutor$ScheduledFutureTask.run(ScheduledThreadPoolExecutor.java:293)
	at java.util.concurrent.ThreadPoolExecutor.runWorker(ThreadPoolExecutor.java:1149)
	at java.util.concurrent.ThreadPoolExecutor$Worker.run(ThreadPoolExecutor.java:624)
	at java.lang.Thread.run(Thread.java:748)
2019-09-16 16:37:34,276 [java.util.concurrent.ThreadPoolExecutor$Worker@35f96af3[State = -1, empty queue]] WARN  server.GrpcLogAppender (GrpcLogAppender.java:timeoutAppendRequest(200)) - 5da997ac-485a-4ae3-a11f-bd7c3a0ad14d@group-EFD673A008FB->2b9d536e-7082-46d0-bcea-3da9bf5f5d0c-GrpcLogAppender: appendEntries Timeout, request=5da997ac-485a-4ae3-a11f-bd7c3a0ad14d->2b9d536e-7082-46d0-bcea-3da9bf5f5d0c#113-t1, previous=(t:1, i:20), leaderCommit=14, initializing? false, entries: <empty>
2019-09-16 16:37:34,276 [java.util.concurrent.ThreadPoolExecutor$Worker@1be6be97[State = -1, empty queue]] WARN  server.GrpcLogAppender (GrpcLogAppender.java:timeoutAppendRequest(200)) - 5da997ac-485a-4ae3-a11f-bd7c3a0ad14d@group-EFD673A008FB->103cee85-d2d3-4069-a903-4a8bed8118d2-GrpcLogAppender: appendEntries Timeout, request=5da997ac-485a-4ae3-a11f-bd7c3a0ad14d->103cee85-d2d3-4069-a903-4a8bed8118d2#113-t1, previous=(t:1, i:20), leaderCommit=14, initializing? false, entries: <empty>
2019-09-16 16:37:34,889 [grpc-default-executor-2] INFO  impl.RaftServerProxy (RaftServerProxy.java:remove(95)) - e3c513c6-7b5b-430b-887c-eb88026c45f2: remove group-03260B50B3E1:null
2019-09-16 16:37:34,893 [RatisPipelineUtilsThread] WARN  pipeline.RatisPipelineUtils (RatisPipelineUtils.java:destroyPipeline(66)) - Pipeline destroy failed for pipeline=PipelineID=5cfbe3f7-52ce-47b9-acbf-03260b50b3e1 dn=e3c513c6-7b5b-430b-887c-eb88026c45f2{ip: 192.168.5.183, host: pr-hdds-1054-fkf2j-3502855176, networkLocation: /default-rack, certSerialId: null}
2019-09-16 16:37:34,896 [grpc-default-executor-2] INFO  impl.RaftServerProxy (RaftServerProxy.java:remove(95)) - 816c2023-76ea-4558-9da7-70127639a79a: remove group-03260B50B3E1:null
2019-09-16 16:37:34,897 [RatisPipelineUtilsThread] WARN  pipeline.RatisPipelineUtils (RatisPipelineUtils.java:destroyPipeline(66)) - Pipeline destroy failed for pipeline=PipelineID=5cfbe3f7-52ce-47b9-acbf-03260b50b3e1 dn=816c2023-76ea-4558-9da7-70127639a79a{ip: 192.168.5.183, host: pr-hdds-1054-fkf2j-3502855176, networkLocation: /default-rack, certSerialId: null}
2019-09-16 16:37:34,900 [grpc-default-executor-6] INFO  impl.RaftServerProxy (RaftServerProxy.java:remove(95)) - 33002f53-59d2-46ae-91ae-843eaa52c7d0: remove group-03260B50B3E1:null
2019-09-16 16:37:34,902 [RatisPipelineUtilsThread] WARN  pipeline.RatisPipelineUtils (RatisPipelineUtils.java:destroyPipeline(66)) - Pipeline destroy failed for pipeline=PipelineID=5cfbe3f7-52ce-47b9-acbf-03260b50b3e1 dn=33002f53-59d2-46ae-91ae-843eaa52c7d0{ip: 192.168.5.183, host: pr-hdds-1054-fkf2j-3502855176, networkLocation: /default-rack, certSerialId: null}
2019-09-16 16:37:34,902 [RatisPipelineUtilsThread] ERROR pipeline.SCMPipelineManager (Scheduler.java:lambda$schedule$1(70)) - Destroy pipeline failed for pipeline:Pipeline[ Id: 5cfbe3f7-52ce-47b9-acbf-03260b50b3e1, Nodes: e3c513c6-7b5b-430b-887c-eb88026c45f2{ip: 192.168.5.183, host: pr-hdds-1054-fkf2j-3502855176, networkLocation: /default-rack, certSerialId: null}816c2023-76ea-4558-9da7-70127639a79a{ip: 192.168.5.183, host: pr-hdds-1054-fkf2j-3502855176, networkLocation: /default-rack, certSerialId: null}33002f53-59d2-46ae-91ae-843eaa52c7d0{ip: 192.168.5.183, host: pr-hdds-1054-fkf2j-3502855176, networkLocation: /default-rack, certSerialId: null}, Type:RATIS, Factor:THREE, State:CLOSED]
org.apache.hadoop.hdds.scm.pipeline.PipelineNotFoundException: PipelineID=5cfbe3f7-52ce-47b9-acbf-03260b50b3e1 not found
	at org.apache.hadoop.hdds.scm.pipeline.PipelineStateMap.getPipeline(PipelineStateMap.java:132)
	at org.apache.hadoop.hdds.scm.pipeline.PipelineStateMap.removePipeline(PipelineStateMap.java:322)
	at org.apache.hadoop.hdds.scm.pipeline.PipelineStateManager.removePipeline(PipelineStateManager.java:107)
	at org.apache.hadoop.hdds.scm.pipeline.SCMPipelineManager.removePipeline(SCMPipelineManager.java:423)
	at org.apache.hadoop.hdds.scm.pipeline.SCMPipelineManager.destroyPipeline(SCMPipelineManager.java:409)
	at org.apache.hadoop.hdds.scm.pipeline.SCMPipelineManager.lambda$finalizeAndDestroyPipeline$0(SCMPipelineManager.java:318)
	at org.apache.hadoop.utils.Scheduler.lambda$schedule$1(Scheduler.java:68)
	at java.util.concurrent.Executors$RunnableAdapter.call(Executors.java:511)
	at java.util.concurrent.FutureTask.run(FutureTask.java:266)
	at java.util.concurrent.ScheduledThreadPoolExecutor$ScheduledFutureTask.access$201(ScheduledThreadPoolExecutor.java:180)
	at java.util.concurrent.ScheduledThreadPoolExecutor$ScheduledFutureTask.run(ScheduledThreadPoolExecutor.java:293)
	at java.util.concurrent.ThreadPoolExecutor.runWorker(ThreadPoolExecutor.java:1149)
	at java.util.concurrent.ThreadPoolExecutor$Worker.run(ThreadPoolExecutor.java:624)
	at java.lang.Thread.run(Thread.java:748)
2019-09-16 16:37:36,717 [grpc-default-executor-6] INFO  client.GrpcClientProtocolClient (GrpcClientProtocolClient.java:onNext(264)) - client-5DAEDA81DCCF->103cee85-d2d3-4069-a903-4a8bed8118d2: receive RaftClientReply:client-5DAEDA81DCCF->103cee85-d2d3-4069-a903-4a8bed8118d2@group-EFD673A008FB, cid=143, FAILED org.apache.ratis.protocol.NotLeaderException: Server 103cee85-d2d3-4069-a903-4a8bed8118d2@group-EFD673A008FB is not the leader 5da997ac-485a-4ae3-a11f-bd7c3a0ad14d:192.168.5.183:41252, logIndex=0, commits[103cee85-d2d3-4069-a903-4a8bed8118d2:c14, 2b9d536e-7082-46d0-bcea-3da9bf5f5d0c:c12, 5da997ac-485a-4ae3-a11f-bd7c3a0ad14d:c14]
2019-09-16 16:37:36,776 [java.util.concurrent.ThreadPoolExecutor$Worker@35f96af3[State = -1, empty queue]] WARN  server.GrpcLogAppender (GrpcLogAppender.java:timeoutAppendRequest(200)) - 5da997ac-485a-4ae3-a11f-bd7c3a0ad14d@group-EFD673A008FB->2b9d536e-7082-46d0-bcea-3da9bf5f5d0c-GrpcLogAppender: appendEntries Timeout, request=5da997ac-485a-4ae3-a11f-bd7c3a0ad14d->2b9d536e-7082-46d0-bcea-3da9bf5f5d0c#114-t1, previous=(t:1, i:20), leaderCommit=14, initializing? false, entries: <empty>
2019-09-16 16:37:36,776 [java.util.concurrent.ThreadPoolExecutor$Worker@1be6be97[State = -1, empty queue]] WARN  server.GrpcLogAppender (GrpcLogAppender.java:timeoutAppendRequest(200)) - 5da997ac-485a-4ae3-a11f-bd7c3a0ad14d@group-EFD673A008FB->103cee85-d2d3-4069-a903-4a8bed8118d2-GrpcLogAppender: appendEntries Timeout, request=5da997ac-485a-4ae3-a11f-bd7c3a0ad14d->103cee85-d2d3-4069-a903-4a8bed8118d2#114-t1, previous=(t:1, i:20), leaderCommit=14, initializing? false, entries: <empty>
2019-09-16 16:37:37,887 [grpc-default-executor-2] INFO  impl.RaftServerProxy (RaftServerProxy.java:remove(95)) - e3c513c6-7b5b-430b-887c-eb88026c45f2: remove group-03260B50B3E1:null
2019-09-16 16:37:37,889 [RatisPipelineUtilsThread] WARN  pipeline.RatisPipelineUtils (RatisPipelineUtils.java:destroyPipeline(66)) - Pipeline destroy failed for pipeline=PipelineID=5cfbe3f7-52ce-47b9-acbf-03260b50b3e1 dn=e3c513c6-7b5b-430b-887c-eb88026c45f2{ip: 192.168.5.183, host: pr-hdds-1054-fkf2j-3502855176, networkLocation: /default-rack, certSerialId: null}
2019-09-16 16:37:37,892 [grpc-default-executor-2] INFO  impl.RaftServerProxy (RaftServerProxy.java:remove(95)) - 816c2023-76ea-4558-9da7-70127639a79a: remove group-03260B50B3E1:null
2019-09-16 16:37:37,895 [RatisPipelineUtilsThread] WARN  pipeline.RatisPipelineUtils (RatisPipelineUtils.java:destroyPipeline(66)) - Pipeline destroy failed for pipeline=PipelineID=5cfbe3f7-52ce-47b9-acbf-03260b50b3e1 dn=816c2023-76ea-4558-9da7-70127639a79a{ip: 192.168.5.183, host: pr-hdds-1054-fkf2j-3502855176, networkLocation: /default-rack, certSerialId: null}
2019-09-16 16:37:37,897 [grpc-default-executor-2] INFO  impl.RaftServerProxy (RaftServerProxy.java:remove(95)) - 33002f53-59d2-46ae-91ae-843eaa52c7d0: remove group-03260B50B3E1:null
2019-09-16 16:37:37,899 [RatisPipelineUtilsThread] WARN  pipeline.RatisPipelineUtils (RatisPipelineUtils.java:destroyPipeline(66)) - Pipeline destroy failed for pipeline=PipelineID=5cfbe3f7-52ce-47b9-acbf-03260b50b3e1 dn=33002f53-59d2-46ae-91ae-843eaa52c7d0{ip: 192.168.5.183, host: pr-hdds-1054-fkf2j-3502855176, networkLocation: /default-rack, certSerialId: null}
2019-09-16 16:37:37,900 [RatisPipelineUtilsThread] ERROR pipeline.SCMPipelineManager (Scheduler.java:lambda$schedule$1(70)) - Destroy pipeline failed for pipeline:Pipeline[ Id: 5cfbe3f7-52ce-47b9-acbf-03260b50b3e1, Nodes: e3c513c6-7b5b-430b-887c-eb88026c45f2{ip: 192.168.5.183, host: pr-hdds-1054-fkf2j-3502855176, networkLocation: /default-rack, certSerialId: null}816c2023-76ea-4558-9da7-70127639a79a{ip: 192.168.5.183, host: pr-hdds-1054-fkf2j-3502855176, networkLocation: /default-rack, certSerialId: null}33002f53-59d2-46ae-91ae-843eaa52c7d0{ip: 192.168.5.183, host: pr-hdds-1054-fkf2j-3502855176, networkLocation: /default-rack, certSerialId: null}, Type:RATIS, Factor:THREE, State:CLOSED]
org.apache.hadoop.hdds.scm.pipeline.PipelineNotFoundException: PipelineID=5cfbe3f7-52ce-47b9-acbf-03260b50b3e1 not found
	at org.apache.hadoop.hdds.scm.pipeline.PipelineStateMap.getPipeline(PipelineStateMap.java:132)
	at org.apache.hadoop.hdds.scm.pipeline.PipelineStateMap.removePipeline(PipelineStateMap.java:322)
	at org.apache.hadoop.hdds.scm.pipeline.PipelineStateManager.removePipeline(PipelineStateManager.java:107)
	at org.apache.hadoop.hdds.scm.pipeline.SCMPipelineManager.removePipeline(SCMPipelineManager.java:423)
	at org.apache.hadoop.hdds.scm.pipeline.SCMPipelineManager.destroyPipeline(SCMPipelineManager.java:409)
	at org.apache.hadoop.hdds.scm.pipeline.SCMPipelineManager.lambda$finalizeAndDestroyPipeline$0(SCMPipelineManager.java:318)
	at org.apache.hadoop.utils.Scheduler.lambda$schedule$1(Scheduler.java:68)
	at java.util.concurrent.Executors$RunnableAdapter.call(Executors.java:511)
	at java.util.concurrent.FutureTask.run(FutureTask.java:266)
	at java.util.concurrent.ScheduledThreadPoolExecutor$ScheduledFutureTask.access$201(ScheduledThreadPoolExecutor.java:180)
	at java.util.concurrent.ScheduledThreadPoolExecutor$ScheduledFutureTask.run(ScheduledThreadPoolExecutor.java:293)
	at java.util.concurrent.ThreadPoolExecutor.runWorker(ThreadPoolExecutor.java:1149)
	at java.util.concurrent.ThreadPoolExecutor$Worker.run(ThreadPoolExecutor.java:624)
	at java.lang.Thread.run(Thread.java:748)
2019-09-16 16:37:39,277 [java.util.concurrent.ThreadPoolExecutor$Worker@1be6be97[State = -1, empty queue]] WARN  server.GrpcLogAppender (GrpcLogAppender.java:timeoutAppendRequest(200)) - 5da997ac-485a-4ae3-a11f-bd7c3a0ad14d@group-EFD673A008FB->103cee85-d2d3-4069-a903-4a8bed8118d2-GrpcLogAppender: appendEntries Timeout, request=5da997ac-485a-4ae3-a11f-bd7c3a0ad14d->103cee85-d2d3-4069-a903-4a8bed8118d2#115-t1, previous=(t:1, i:20), leaderCommit=14, initializing? false, entries: <empty>
2019-09-16 16:37:39,277 [java.util.concurrent.ThreadPoolExecutor$Worker@35f96af3[State = -1, empty queue]] WARN  server.GrpcLogAppender (GrpcLogAppender.java:timeoutAppendRequest(200)) - 5da997ac-485a-4ae3-a11f-bd7c3a0ad14d@group-EFD673A008FB->2b9d536e-7082-46d0-bcea-3da9bf5f5d0c-GrpcLogAppender: appendEntries Timeout, request=5da997ac-485a-4ae3-a11f-bd7c3a0ad14d->2b9d536e-7082-46d0-bcea-3da9bf5f5d0c#115-t1, previous=(t:1, i:20), leaderCommit=14, initializing? false, entries: <empty>
2019-09-16 16:37:39,886 [grpc-default-executor-6] INFO  impl.RaftServerProxy (RaftServerProxy.java:remove(95)) - e3c513c6-7b5b-430b-887c-eb88026c45f2: remove group-03260B50B3E1:null
2019-09-16 16:37:39,891 [RatisPipelineUtilsThread] WARN  pipeline.RatisPipelineUtils (RatisPipelineUtils.java:destroyPipeline(66)) - Pipeline destroy failed for pipeline=PipelineID=5cfbe3f7-52ce-47b9-acbf-03260b50b3e1 dn=e3c513c6-7b5b-430b-887c-eb88026c45f2{ip: 192.168.5.183, host: pr-hdds-1054-fkf2j-3502855176, networkLocation: /default-rack, certSerialId: null}
2019-09-16 16:37:39,894 [grpc-default-executor-6] INFO  impl.RaftServerProxy (RaftServerProxy.java:remove(95)) - 816c2023-76ea-4558-9da7-70127639a79a: remove group-03260B50B3E1:null
2019-09-16 16:37:39,895 [RatisPipelineUtilsThread] WARN  pipeline.RatisPipelineUtils (RatisPipelineUtils.java:destroyPipeline(66)) - Pipeline destroy failed for pipeline=PipelineID=5cfbe3f7-52ce-47b9-acbf-03260b50b3e1 dn=816c2023-76ea-4558-9da7-70127639a79a{ip: 192.168.5.183, host: pr-hdds-1054-fkf2j-3502855176, networkLocation: /default-rack, certSerialId: null}
2019-09-16 16:37:39,897 [grpc-default-executor-6] INFO  impl.RaftServerProxy (RaftServerProxy.java:remove(95)) - 33002f53-59d2-46ae-91ae-843eaa52c7d0: remove group-03260B50B3E1:null
2019-09-16 16:37:39,899 [RatisPipelineUtilsThread] WARN  pipeline.RatisPipelineUtils (RatisPipelineUtils.java:destroyPipeline(66)) - Pipeline destroy failed for pipeline=PipelineID=5cfbe3f7-52ce-47b9-acbf-03260b50b3e1 dn=33002f53-59d2-46ae-91ae-843eaa52c7d0{ip: 192.168.5.183, host: pr-hdds-1054-fkf2j-3502855176, networkLocation: /default-rack, certSerialId: null}
2019-09-16 16:37:39,899 [RatisPipelineUtilsThread] ERROR pipeline.SCMPipelineManager (Scheduler.java:lambda$schedule$1(70)) - Destroy pipeline failed for pipeline:Pipeline[ Id: 5cfbe3f7-52ce-47b9-acbf-03260b50b3e1, Nodes: e3c513c6-7b5b-430b-887c-eb88026c45f2{ip: 192.168.5.183, host: pr-hdds-1054-fkf2j-3502855176, networkLocation: /default-rack, certSerialId: null}816c2023-76ea-4558-9da7-70127639a79a{ip: 192.168.5.183, host: pr-hdds-1054-fkf2j-3502855176, networkLocation: /default-rack, certSerialId: null}33002f53-59d2-46ae-91ae-843eaa52c7d0{ip: 192.168.5.183, host: pr-hdds-1054-fkf2j-3502855176, networkLocation: /default-rack, certSerialId: null}, Type:RATIS, Factor:THREE, State:CLOSED]
org.apache.hadoop.hdds.scm.pipeline.PipelineNotFoundException: PipelineID=5cfbe3f7-52ce-47b9-acbf-03260b50b3e1 not found
	at org.apache.hadoop.hdds.scm.pipeline.PipelineStateMap.getPipeline(PipelineStateMap.java:132)
	at org.apache.hadoop.hdds.scm.pipeline.PipelineStateMap.removePipeline(PipelineStateMap.java:322)
	at org.apache.hadoop.hdds.scm.pipeline.PipelineStateManager.removePipeline(PipelineStateManager.java:107)
	at org.apache.hadoop.hdds.scm.pipeline.SCMPipelineManager.removePipeline(SCMPipelineManager.java:423)
	at org.apache.hadoop.hdds.scm.pipeline.SCMPipelineManager.destroyPipeline(SCMPipelineManager.java:409)
	at org.apache.hadoop.hdds.scm.pipeline.SCMPipelineManager.lambda$finalizeAndDestroyPipeline$0(SCMPipelineManager.java:318)
	at org.apache.hadoop.utils.Scheduler.lambda$schedule$1(Scheduler.java:68)
	at java.util.concurrent.Executors$RunnableAdapter.call(Executors.java:511)
	at java.util.concurrent.FutureTask.run(FutureTask.java:266)
	at java.util.concurrent.ScheduledThreadPoolExecutor$ScheduledFutureTask.access$201(ScheduledThreadPoolExecutor.java:180)
	at java.util.concurrent.ScheduledThreadPoolExecutor$ScheduledFutureTask.run(ScheduledThreadPoolExecutor.java:293)
	at java.util.concurrent.ThreadPoolExecutor.runWorker(ThreadPoolExecutor.java:1149)
	at java.util.concurrent.ThreadPoolExecutor$Worker.run(ThreadPoolExecutor.java:624)
	at java.lang.Thread.run(Thread.java:748)
2019-09-16 16:37:41,273 [2b9d536e-7082-46d0-bcea-3da9bf5f5d0c@group-EFD673A008FB-SegmentedRaftLogWorker] WARN  segmented.SegmentedRaftLogWorker (SegmentedRaftLogWorker.java:getFromFuture(90)) - Timeout 5/~
org.apache.ratis.protocol.TimeoutIOException: Timeout 10s: WriteLog:15: (t:1, i:15), STATEMACHINELOGENTRY, client-5DAEDA81DCCF, cid=143-writeStateMachineData
	at org.apache.ratis.util.IOUtils.getFromFuture(IOUtils.java:87)
	at org.apache.ratis.server.raftlog.segmented.SegmentedRaftLogWorker$StateMachineDataPolicy.getFromFuture(SegmentedRaftLogWorker.java:87)
	at org.apache.ratis.server.raftlog.segmented.SegmentedRaftLogWorker$WriteLog.execute(SegmentedRaftLogWorker.java:477)
	at org.apache.ratis.server.raftlog.segmented.SegmentedRaftLogWorker.run(SegmentedRaftLogWorker.java:289)
	at java.lang.Thread.run(Thread.java:748)
Caused by: java.util.concurrent.TimeoutException
	at java.util.concurrent.CompletableFuture.timedGet(CompletableFuture.java:1771)
	at java.util.concurrent.CompletableFuture.get(CompletableFuture.java:1915)
	at org.apache.ratis.util.IOUtils.getFromFuture(IOUtils.java:79)
	... 4 more
2019-09-16 16:37:41,274 [103cee85-d2d3-4069-a903-4a8bed8118d2@group-EFD673A008FB-SegmentedRaftLogWorker] WARN  segmented.SegmentedRaftLogWorker (SegmentedRaftLogWorker.java:getFromFuture(90)) - Timeout 5/~
org.apache.ratis.protocol.TimeoutIOException: Timeout 10s: WriteLog:15: (t:1, i:15), STATEMACHINELOGENTRY, client-5DAEDA81DCCF, cid=143-writeStateMachineData
	at org.apache.ratis.util.IOUtils.getFromFuture(IOUtils.java:87)
	at org.apache.ratis.server.raftlog.segmented.SegmentedRaftLogWorker$StateMachineDataPolicy.getFromFuture(SegmentedRaftLogWorker.java:87)
	at org.apache.ratis.server.raftlog.segmented.SegmentedRaftLogWorker$WriteLog.execute(SegmentedRaftLogWorker.java:477)
	at org.apache.ratis.server.raftlog.segmented.SegmentedRaftLogWorker.run(SegmentedRaftLogWorker.java:289)
	at java.lang.Thread.run(Thread.java:748)
Caused by: java.util.concurrent.TimeoutException
	at java.util.concurrent.CompletableFuture.timedGet(CompletableFuture.java:1771)
	at java.util.concurrent.CompletableFuture.get(CompletableFuture.java:1915)
	at org.apache.ratis.util.IOUtils.getFromFuture(IOUtils.java:79)
	... 4 more
2019-09-16 16:37:41,504 [5da997ac-485a-4ae3-a11f-bd7c3a0ad14d@group-EFD673A008FB-SegmentedRaftLogWorker] WARN  segmented.SegmentedRaftLogWorker (SegmentedRaftLogWorker.java:getFromFuture(90)) - Timeout 5/~
org.apache.ratis.protocol.TimeoutIOException: Timeout 10s: WriteLog:16: (t:1, i:16), STATEMACHINELOGENTRY, client-5DAEDA81DCCF, cid=144-writeStateMachineData
	at org.apache.ratis.util.IOUtils.getFromFuture(IOUtils.java:87)
	at org.apache.ratis.server.raftlog.segmented.SegmentedRaftLogWorker$StateMachineDataPolicy.getFromFuture(SegmentedRaftLogWorker.java:87)
	at org.apache.ratis.server.raftlog.segmented.SegmentedRaftLogWorker$WriteLog.execute(SegmentedRaftLogWorker.java:477)
	at org.apache.ratis.server.raftlog.segmented.SegmentedRaftLogWorker.run(SegmentedRaftLogWorker.java:289)
	at java.lang.Thread.run(Thread.java:748)
Caused by: java.util.concurrent.TimeoutException
	at java.util.concurrent.CompletableFuture.timedGet(CompletableFuture.java:1771)
	at java.util.concurrent.CompletableFuture.get(CompletableFuture.java:1915)
	at org.apache.ratis.util.IOUtils.getFromFuture(IOUtils.java:79)
	... 4 more
2019-09-16 16:37:41,755 [grpc-default-executor-2] INFO  client.GrpcClientProtocolClient (GrpcClientProtocolClient.java:onNext(264)) - client-5DAEDA81DCCF->103cee85-d2d3-4069-a903-4a8bed8118d2: receive RaftClientReply:client-5DAEDA81DCCF->103cee85-d2d3-4069-a903-4a8bed8118d2@group-EFD673A008FB, cid=143, FAILED org.apache.ratis.protocol.NotLeaderException: Server 103cee85-d2d3-4069-a903-4a8bed8118d2@group-EFD673A008FB is not the leader 5da997ac-485a-4ae3-a11f-bd7c3a0ad14d:192.168.5.183:41252, logIndex=0, commits[103cee85-d2d3-4069-a903-4a8bed8118d2:c14, 2b9d536e-7082-46d0-bcea-3da9bf5f5d0c:c12, 5da997ac-485a-4ae3-a11f-bd7c3a0ad14d:c14]
2019-09-16 16:37:41,777 [java.util.concurrent.ThreadPoolExecutor$Worker@35f96af3[State = -1, empty queue]] WARN  server.GrpcLogAppender (GrpcLogAppender.java:timeoutAppendRequest(200)) - 5da997ac-485a-4ae3-a11f-bd7c3a0ad14d@group-EFD673A008FB->2b9d536e-7082-46d0-bcea-3da9bf5f5d0c-GrpcLogAppender: appendEntries Timeout, request=5da997ac-485a-4ae3-a11f-bd7c3a0ad14d->2b9d536e-7082-46d0-bcea-3da9bf5f5d0c#116-t1, previous=(t:1, i:20), leaderCommit=14, initializing? false, entries: <empty>
2019-09-16 16:37:41,777 [java.util.concurrent.ThreadPoolExecutor$Worker@1be6be97[State = -1, empty queue]] WARN  server.GrpcLogAppender (GrpcLogAppender.java:timeoutAppendRequest(200)) - 5da997ac-485a-4ae3-a11f-bd7c3a0ad14d@group-EFD673A008FB->103cee85-d2d3-4069-a903-4a8bed8118d2-GrpcLogAppender: appendEntries Timeout, request=5da997ac-485a-4ae3-a11f-bd7c3a0ad14d->103cee85-d2d3-4069-a903-4a8bed8118d2#116-t1, previous=(t:1, i:20), leaderCommit=14, initializing? false, entries: <empty>
2019-09-16 16:37:42,882 [grpc-default-executor-5] INFO  impl.RaftServerProxy (RaftServerProxy.java:remove(95)) - e3c513c6-7b5b-430b-887c-eb88026c45f2: remove group-03260B50B3E1:null
2019-09-16 16:37:42,884 [RatisPipelineUtilsThread] WARN  pipeline.RatisPipelineUtils (RatisPipelineUtils.java:destroyPipeline(66)) - Pipeline destroy failed for pipeline=PipelineID=5cfbe3f7-52ce-47b9-acbf-03260b50b3e1 dn=e3c513c6-7b5b-430b-887c-eb88026c45f2{ip: 192.168.5.183, host: pr-hdds-1054-fkf2j-3502855176, networkLocation: /default-rack, certSerialId: null}
2019-09-16 16:37:42,886 [grpc-default-executor-5] INFO  impl.RaftServerProxy (RaftServerProxy.java:remove(95)) - 816c2023-76ea-4558-9da7-70127639a79a: remove group-03260B50B3E1:null
2019-09-16 16:37:42,888 [RatisPipelineUtilsThread] WARN  pipeline.RatisPipelineUtils (RatisPipelineUtils.java:destroyPipeline(66)) - Pipeline destroy failed for pipeline=PipelineID=5cfbe3f7-52ce-47b9-acbf-03260b50b3e1 dn=816c2023-76ea-4558-9da7-70127639a79a{ip: 192.168.5.183, host: pr-hdds-1054-fkf2j-3502855176, networkLocation: /default-rack, certSerialId: null}
2019-09-16 16:37:42,890 [grpc-default-executor-5] INFO  impl.RaftServerProxy (RaftServerProxy.java:remove(95)) - 33002f53-59d2-46ae-91ae-843eaa52c7d0: remove group-03260B50B3E1:null
2019-09-16 16:37:42,892 [RatisPipelineUtilsThread] WARN  pipeline.RatisPipelineUtils (RatisPipelineUtils.java:destroyPipeline(66)) - Pipeline destroy failed for pipeline=PipelineID=5cfbe3f7-52ce-47b9-acbf-03260b50b3e1 dn=33002f53-59d2-46ae-91ae-843eaa52c7d0{ip: 192.168.5.183, host: pr-hdds-1054-fkf2j-3502855176, networkLocation: /default-rack, certSerialId: null}
2019-09-16 16:37:42,892 [RatisPipelineUtilsThread] ERROR pipeline.SCMPipelineManager (Scheduler.java:lambda$schedule$1(70)) - Destroy pipeline failed for pipeline:Pipeline[ Id: 5cfbe3f7-52ce-47b9-acbf-03260b50b3e1, Nodes: e3c513c6-7b5b-430b-887c-eb88026c45f2{ip: 192.168.5.183, host: pr-hdds-1054-fkf2j-3502855176, networkLocation: /default-rack, certSerialId: null}816c2023-76ea-4558-9da7-70127639a79a{ip: 192.168.5.183, host: pr-hdds-1054-fkf2j-3502855176, networkLocation: /default-rack, certSerialId: null}33002f53-59d2-46ae-91ae-843eaa52c7d0{ip: 192.168.5.183, host: pr-hdds-1054-fkf2j-3502855176, networkLocation: /default-rack, certSerialId: null}, Type:RATIS, Factor:THREE, State:CLOSED]
org.apache.hadoop.hdds.scm.pipeline.PipelineNotFoundException: PipelineID=5cfbe3f7-52ce-47b9-acbf-03260b50b3e1 not found
	at org.apache.hadoop.hdds.scm.pipeline.PipelineStateMap.getPipeline(PipelineStateMap.java:132)
	at org.apache.hadoop.hdds.scm.pipeline.PipelineStateMap.removePipeline(PipelineStateMap.java:322)
	at org.apache.hadoop.hdds.scm.pipeline.PipelineStateManager.removePipeline(PipelineStateManager.java:107)
	at org.apache.hadoop.hdds.scm.pipeline.SCMPipelineManager.removePipeline(SCMPipelineManager.java:423)
	at org.apache.hadoop.hdds.scm.pipeline.SCMPipelineManager.destroyPipeline(SCMPipelineManager.java:409)
	at org.apache.hadoop.hdds.scm.pipeline.SCMPipelineManager.lambda$finalizeAndDestroyPipeline$0(SCMPipelineManager.java:318)
	at org.apache.hadoop.utils.Scheduler.lambda$schedule$1(Scheduler.java:68)
	at java.util.concurrent.Executors$RunnableAdapter.call(Executors.java:511)
	at java.util.concurrent.FutureTask.run(FutureTask.java:266)
	at java.util.concurrent.ScheduledThreadPoolExecutor$ScheduledFutureTask.access$201(ScheduledThreadPoolExecutor.java:180)
	at java.util.concurrent.ScheduledThreadPoolExecutor$ScheduledFutureTask.run(ScheduledThreadPoolExecutor.java:293)
	at java.util.concurrent.ThreadPoolExecutor.runWorker(ThreadPoolExecutor.java:1149)
	at java.util.concurrent.ThreadPoolExecutor$Worker.run(ThreadPoolExecutor.java:624)
	at java.lang.Thread.run(Thread.java:748)
2019-09-16 16:37:44,277 [java.util.concurrent.ThreadPoolExecutor$Worker@35f96af3[State = -1, empty queue]] WARN  server.GrpcLogAppender (GrpcLogAppender.java:timeoutAppendRequest(200)) - 5da997ac-485a-4ae3-a11f-bd7c3a0ad14d@group-EFD673A008FB->2b9d536e-7082-46d0-bcea-3da9bf5f5d0c-GrpcLogAppender: appendEntries Timeout, request=5da997ac-485a-4ae3-a11f-bd7c3a0ad14d->2b9d536e-7082-46d0-bcea-3da9bf5f5d0c#117-t1, previous=(t:1, i:20), leaderCommit=14, initializing? false, entries: <empty>
2019-09-16 16:37:44,277 [java.util.concurrent.ThreadPoolExecutor$Worker@1be6be97[State = -1, empty queue]] WARN  server.GrpcLogAppender (GrpcLogAppender.java:timeoutAppendRequest(200)) - 5da997ac-485a-4ae3-a11f-bd7c3a0ad14d@group-EFD673A008FB->103cee85-d2d3-4069-a903-4a8bed8118d2-GrpcLogAppender: appendEntries Timeout, request=5da997ac-485a-4ae3-a11f-bd7c3a0ad14d->103cee85-d2d3-4069-a903-4a8bed8118d2#117-t1, previous=(t:1, i:20), leaderCommit=14, initializing? false, entries: <empty>
2019-09-16 16:37:44,882 [grpc-default-executor-5] INFO  impl.RaftServerProxy (RaftServerProxy.java:remove(95)) - e3c513c6-7b5b-430b-887c-eb88026c45f2: remove group-03260B50B3E1:null
2019-09-16 16:37:44,885 [RatisPipelineUtilsThread] WARN  pipeline.RatisPipelineUtils (RatisPipelineUtils.java:destroyPipeline(66)) - Pipeline destroy failed for pipeline=PipelineID=5cfbe3f7-52ce-47b9-acbf-03260b50b3e1 dn=e3c513c6-7b5b-430b-887c-eb88026c45f2{ip: 192.168.5.183, host: pr-hdds-1054-fkf2j-3502855176, networkLocation: /default-rack, certSerialId: null}
2019-09-16 16:37:44,888 [grpc-default-executor-5] INFO  impl.RaftServerProxy (RaftServerProxy.java:remove(95)) - 816c2023-76ea-4558-9da7-70127639a79a: remove group-03260B50B3E1:null
2019-09-16 16:37:44,890 [RatisPipelineUtilsThread] WARN  pipeline.RatisPipelineUtils (RatisPipelineUtils.java:destroyPipeline(66)) - Pipeline destroy failed for pipeline=PipelineID=5cfbe3f7-52ce-47b9-acbf-03260b50b3e1 dn=816c2023-76ea-4558-9da7-70127639a79a{ip: 192.168.5.183, host: pr-hdds-1054-fkf2j-3502855176, networkLocation: /default-rack, certSerialId: null}
2019-09-16 16:37:44,892 [grpc-default-executor-5] INFO  impl.RaftServerProxy (RaftServerProxy.java:remove(95)) - 33002f53-59d2-46ae-91ae-843eaa52c7d0: remove group-03260B50B3E1:null
2019-09-16 16:37:44,894 [RatisPipelineUtilsThread] WARN  pipeline.RatisPipelineUtils (RatisPipelineUtils.java:destroyPipeline(66)) - Pipeline destroy failed for pipeline=PipelineID=5cfbe3f7-52ce-47b9-acbf-03260b50b3e1 dn=33002f53-59d2-46ae-91ae-843eaa52c7d0{ip: 192.168.5.183, host: pr-hdds-1054-fkf2j-3502855176, networkLocation: /default-rack, certSerialId: null}
2019-09-16 16:37:44,894 [RatisPipelineUtilsThread] ERROR pipeline.SCMPipelineManager (Scheduler.java:lambda$schedule$1(70)) - Destroy pipeline failed for pipeline:Pipeline[ Id: 5cfbe3f7-52ce-47b9-acbf-03260b50b3e1, Nodes: e3c513c6-7b5b-430b-887c-eb88026c45f2{ip: 192.168.5.183, host: pr-hdds-1054-fkf2j-3502855176, networkLocation: /default-rack, certSerialId: null}816c2023-76ea-4558-9da7-70127639a79a{ip: 192.168.5.183, host: pr-hdds-1054-fkf2j-3502855176, networkLocation: /default-rack, certSerialId: null}33002f53-59d2-46ae-91ae-843eaa52c7d0{ip: 192.168.5.183, host: pr-hdds-1054-fkf2j-3502855176, networkLocation: /default-rack, certSerialId: null}, Type:RATIS, Factor:THREE, State:CLOSED]
org.apache.hadoop.hdds.scm.pipeline.PipelineNotFoundException: PipelineID=5cfbe3f7-52ce-47b9-acbf-03260b50b3e1 not found
	at org.apache.hadoop.hdds.scm.pipeline.PipelineStateMap.getPipeline(PipelineStateMap.java:132)
	at org.apache.hadoop.hdds.scm.pipeline.PipelineStateMap.removePipeline(PipelineStateMap.java:322)
	at org.apache.hadoop.hdds.scm.pipeline.PipelineStateManager.removePipeline(PipelineStateManager.java:107)
	at org.apache.hadoop.hdds.scm.pipeline.SCMPipelineManager.removePipeline(SCMPipelineManager.java:423)
	at org.apache.hadoop.hdds.scm.pipeline.SCMPipelineManager.destroyPipeline(SCMPipelineManager.java:409)
	at org.apache.hadoop.hdds.scm.pipeline.SCMPipelineManager.lambda$finalizeAndDestroyPipeline$0(SCMPipelineManager.java:318)
	at org.apache.hadoop.utils.Scheduler.lambda$schedule$1(Scheduler.java:68)
	at java.util.concurrent.Executors$RunnableAdapter.call(Executors.java:511)
	at java.util.concurrent.FutureTask.run(FutureTask.java:266)
	at java.util.concurrent.ScheduledThreadPoolExecutor$ScheduledFutureTask.access$201(ScheduledThreadPoolExecutor.java:180)
	at java.util.concurrent.ScheduledThreadPoolExecutor$ScheduledFutureTask.run(ScheduledThreadPoolExecutor.java:293)
	at java.util.concurrent.ThreadPoolExecutor.runWorker(ThreadPoolExecutor.java:1149)
	at java.util.concurrent.ThreadPoolExecutor$Worker.run(ThreadPoolExecutor.java:624)
	at java.lang.Thread.run(Thread.java:748)
2019-09-16 16:37:45,934 [grpc-default-executor-5] INFO  impl.RaftServerProxy (RaftServerProxy.java:remove(95)) - e3c513c6-7b5b-430b-887c-eb88026c45f2: remove group-03260B50B3E1:null
2019-09-16 16:37:45,937 [RatisPipelineUtilsThread] WARN  pipeline.RatisPipelineUtils (RatisPipelineUtils.java:destroyPipeline(66)) - Pipeline destroy failed for pipeline=PipelineID=5cfbe3f7-52ce-47b9-acbf-03260b50b3e1 dn=e3c513c6-7b5b-430b-887c-eb88026c45f2{ip: 192.168.5.183, host: pr-hdds-1054-fkf2j-3502855176, networkLocation: /default-rack, certSerialId: null}
2019-09-16 16:37:45,940 [grpc-default-executor-5] INFO  impl.RaftServerProxy (RaftServerProxy.java:remove(95)) - 816c2023-76ea-4558-9da7-70127639a79a: remove group-03260B50B3E1:null
2019-09-16 16:37:45,942 [RatisPipelineUtilsThread] WARN  pipeline.RatisPipelineUtils (RatisPipelineUtils.java:destroyPipeline(66)) - Pipeline destroy failed for pipeline=PipelineID=5cfbe3f7-52ce-47b9-acbf-03260b50b3e1 dn=816c2023-76ea-4558-9da7-70127639a79a{ip: 192.168.5.183, host: pr-hdds-1054-fkf2j-3502855176, networkLocation: /default-rack, certSerialId: null}
2019-09-16 16:37:45,945 [grpc-default-executor-5] INFO  impl.RaftServerProxy (RaftServerProxy.java:remove(95)) - 33002f53-59d2-46ae-91ae-843eaa52c7d0: remove group-03260B50B3E1:null
2019-09-16 16:37:45,947 [RatisPipelineUtilsThread] WARN  pipeline.RatisPipelineUtils (RatisPipelineUtils.java:destroyPipeline(66)) - Pipeline destroy failed for pipeline=PipelineID=5cfbe3f7-52ce-47b9-acbf-03260b50b3e1 dn=33002f53-59d2-46ae-91ae-843eaa52c7d0{ip: 192.168.5.183, host: pr-hdds-1054-fkf2j-3502855176, networkLocation: /default-rack, certSerialId: null}
2019-09-16 16:37:45,947 [RatisPipelineUtilsThread] ERROR pipeline.SCMPipelineManager (Scheduler.java:lambda$schedule$1(70)) - Destroy pipeline failed for pipeline:Pipeline[ Id: 5cfbe3f7-52ce-47b9-acbf-03260b50b3e1, Nodes: e3c513c6-7b5b-430b-887c-eb88026c45f2{ip: 192.168.5.183, host: pr-hdds-1054-fkf2j-3502855176, networkLocation: /default-rack, certSerialId: null}816c2023-76ea-4558-9da7-70127639a79a{ip: 192.168.5.183, host: pr-hdds-1054-fkf2j-3502855176, networkLocation: /default-rack, certSerialId: null}33002f53-59d2-46ae-91ae-843eaa52c7d0{ip: 192.168.5.183, host: pr-hdds-1054-fkf2j-3502855176, networkLocation: /default-rack, certSerialId: null}, Type:RATIS, Factor:THREE, State:CLOSED]
org.apache.hadoop.hdds.scm.pipeline.PipelineNotFoundException: PipelineID=5cfbe3f7-52ce-47b9-acbf-03260b50b3e1 not found
	at org.apache.hadoop.hdds.scm.pipeline.PipelineStateMap.getPipeline(PipelineStateMap.java:132)
	at org.apache.hadoop.hdds.scm.pipeline.PipelineStateMap.removePipeline(PipelineStateMap.java:322)
	at org.apache.hadoop.hdds.scm.pipeline.PipelineStateManager.removePipeline(PipelineStateManager.java:107)
	at org.apache.hadoop.hdds.scm.pipeline.SCMPipelineManager.removePipeline(SCMPipelineManager.java:423)
	at org.apache.hadoop.hdds.scm.pipeline.SCMPipelineManager.destroyPipeline(SCMPipelineManager.java:409)
	at org.apache.hadoop.hdds.scm.pipeline.SCMPipelineManager.lambda$finalizeAndDestroyPipeline$0(SCMPipelineManager.java:318)
	at org.apache.hadoop.utils.Scheduler.lambda$schedule$1(Scheduler.java:68)
	at java.util.concurrent.Executors$RunnableAdapter.call(Executors.java:511)
	at java.util.concurrent.FutureTask.run(FutureTask.java:266)
	at java.util.concurrent.ScheduledThreadPoolExecutor$ScheduledFutureTask.access$201(ScheduledThreadPoolExecutor.java:180)
	at java.util.concurrent.ScheduledThreadPoolExecutor$ScheduledFutureTask.run(ScheduledThreadPoolExecutor.java:293)
	at java.util.concurrent.ThreadPoolExecutor.runWorker(ThreadPoolExecutor.java:1149)
	at java.util.concurrent.ThreadPoolExecutor$Worker.run(ThreadPoolExecutor.java:624)
	at java.lang.Thread.run(Thread.java:748)
2019-09-16 16:37:46,260 [grpc-default-executor-5] INFO  impl.RaftServerProxy (RaftServerProxy.java:remove(95)) - e3c513c6-7b5b-430b-887c-eb88026c45f2: remove group-03260B50B3E1:null
2019-09-16 16:37:46,263 [RatisPipelineUtilsThread] WARN  pipeline.RatisPipelineUtils (RatisPipelineUtils.java:destroyPipeline(66)) - Pipeline destroy failed for pipeline=PipelineID=5cfbe3f7-52ce-47b9-acbf-03260b50b3e1 dn=e3c513c6-7b5b-430b-887c-eb88026c45f2{ip: 192.168.5.183, host: pr-hdds-1054-fkf2j-3502855176, networkLocation: /default-rack, certSerialId: null}
2019-09-16 16:37:46,266 [grpc-default-executor-5] INFO  impl.RaftServerProxy (RaftServerProxy.java:remove(95)) - 816c2023-76ea-4558-9da7-70127639a79a: remove group-03260B50B3E1:null
2019-09-16 16:37:46,268 [RatisPipelineUtilsThread] WARN  pipeline.RatisPipelineUtils (RatisPipelineUtils.java:destroyPipeline(66)) - Pipeline destroy failed for pipeline=PipelineID=5cfbe3f7-52ce-47b9-acbf-03260b50b3e1 dn=816c2023-76ea-4558-9da7-70127639a79a{ip: 192.168.5.183, host: pr-hdds-1054-fkf2j-3502855176, networkLocation: /default-rack, certSerialId: null}
2019-09-16 16:37:46,271 [grpc-default-executor-5] INFO  impl.RaftServerProxy (RaftServerProxy.java:remove(95)) - 33002f53-59d2-46ae-91ae-843eaa52c7d0: remove group-03260B50B3E1:null
2019-09-16 16:37:46,273 [RatisPipelineUtilsThread] WARN  pipeline.RatisPipelineUtils (RatisPipelineUtils.java:destroyPipeline(66)) - Pipeline destroy failed for pipeline=PipelineID=5cfbe3f7-52ce-47b9-acbf-03260b50b3e1 dn=33002f53-59d2-46ae-91ae-843eaa52c7d0{ip: 192.168.5.183, host: pr-hdds-1054-fkf2j-3502855176, networkLocation: /default-rack, certSerialId: null}
2019-09-16 16:37:46,273 [RatisPipelineUtilsThread] ERROR pipeline.SCMPipelineManager (Scheduler.java:lambda$schedule$1(70)) - Destroy pipeline failed for pipeline:Pipeline[ Id: 5cfbe3f7-52ce-47b9-acbf-03260b50b3e1, Nodes: e3c513c6-7b5b-430b-887c-eb88026c45f2{ip: 192.168.5.183, host: pr-hdds-1054-fkf2j-3502855176, networkLocation: /default-rack, certSerialId: null}816c2023-76ea-4558-9da7-70127639a79a{ip: 192.168.5.183, host: pr-hdds-1054-fkf2j-3502855176, networkLocation: /default-rack, certSerialId: null}33002f53-59d2-46ae-91ae-843eaa52c7d0{ip: 192.168.5.183, host: pr-hdds-1054-fkf2j-3502855176, networkLocation: /default-rack, certSerialId: null}, Type:RATIS, Factor:THREE, State:CLOSED]
org.apache.hadoop.hdds.scm.pipeline.PipelineNotFoundException: PipelineID=5cfbe3f7-52ce-47b9-acbf-03260b50b3e1 not found
	at org.apache.hadoop.hdds.scm.pipeline.PipelineStateMap.getPipeline(PipelineStateMap.java:132)
	at org.apache.hadoop.hdds.scm.pipeline.PipelineStateMap.removePipeline(PipelineStateMap.java:322)
	at org.apache.hadoop.hdds.scm.pipeline.PipelineStateManager.removePipeline(PipelineStateManager.java:107)
	at org.apache.hadoop.hdds.scm.pipeline.SCMPipelineManager.removePipeline(SCMPipelineManager.java:423)
	at org.apache.hadoop.hdds.scm.pipeline.SCMPipelineManager.destroyPipeline(SCMPipelineManager.java:409)
	at org.apache.hadoop.hdds.scm.pipeline.SCMPipelineManager.lambda$finalizeAndDestroyPipeline$0(SCMPipelineManager.java:318)
	at org.apache.hadoop.utils.Scheduler.lambda$schedule$1(Scheduler.java:68)
	at java.util.concurrent.Executors$RunnableAdapter.call(Executors.java:511)
	at java.util.concurrent.FutureTask.run(FutureTask.java:266)
	at java.util.concurrent.ScheduledThreadPoolExecutor$ScheduledFutureTask.access$201(ScheduledThreadPoolExecutor.java:180)
	at java.util.concurrent.ScheduledThreadPoolExecutor$ScheduledFutureTask.run(ScheduledThreadPoolExecutor.java:293)
	at java.util.concurrent.ThreadPoolExecutor.runWorker(ThreadPoolExecutor.java:1149)
	at java.util.concurrent.ThreadPoolExecutor$Worker.run(ThreadPoolExecutor.java:624)
	at java.lang.Thread.run(Thread.java:748)
2019-09-16 16:37:46,522 [grpc-default-executor-5] INFO  impl.RaftServerProxy (RaftServerProxy.java:remove(95)) - e3c513c6-7b5b-430b-887c-eb88026c45f2: remove group-03260B50B3E1:null
2019-09-16 16:37:46,525 [RatisPipelineUtilsThread] WARN  pipeline.RatisPipelineUtils (RatisPipelineUtils.java:destroyPipeline(66)) - Pipeline destroy failed for pipeline=PipelineID=5cfbe3f7-52ce-47b9-acbf-03260b50b3e1 dn=e3c513c6-7b5b-430b-887c-eb88026c45f2{ip: 192.168.5.183, host: pr-hdds-1054-fkf2j-3502855176, networkLocation: /default-rack, certSerialId: null}
2019-09-16 16:37:46,527 [grpc-default-executor-5] INFO  impl.RaftServerProxy (RaftServerProxy.java:remove(95)) - 816c2023-76ea-4558-9da7-70127639a79a: remove group-03260B50B3E1:null
2019-09-16 16:37:46,530 [RatisPipelineUtilsThread] WARN  pipeline.RatisPipelineUtils (RatisPipelineUtils.java:destroyPipeline(66)) - Pipeline destroy failed for pipeline=PipelineID=5cfbe3f7-52ce-47b9-acbf-03260b50b3e1 dn=816c2023-76ea-4558-9da7-70127639a79a{ip: 192.168.5.183, host: pr-hdds-1054-fkf2j-3502855176, networkLocation: /default-rack, certSerialId: null}
2019-09-16 16:37:46,532 [grpc-default-executor-5] INFO  impl.RaftServerProxy (RaftServerProxy.java:remove(95)) - 33002f53-59d2-46ae-91ae-843eaa52c7d0: remove group-03260B50B3E1:null
2019-09-16 16:37:46,534 [RatisPipelineUtilsThread] WARN  pipeline.RatisPipelineUtils (RatisPipelineUtils.java:destroyPipeline(66)) - Pipeline destroy failed for pipeline=PipelineID=5cfbe3f7-52ce-47b9-acbf-03260b50b3e1 dn=33002f53-59d2-46ae-91ae-843eaa52c7d0{ip: 192.168.5.183, host: pr-hdds-1054-fkf2j-3502855176, networkLocation: /default-rack, certSerialId: null}
2019-09-16 16:37:46,534 [RatisPipelineUtilsThread] ERROR pipeline.SCMPipelineManager (Scheduler.java:lambda$schedule$1(70)) - Destroy pipeline failed for pipeline:Pipeline[ Id: 5cfbe3f7-52ce-47b9-acbf-03260b50b3e1, Nodes: e3c513c6-7b5b-430b-887c-eb88026c45f2{ip: 192.168.5.183, host: pr-hdds-1054-fkf2j-3502855176, networkLocation: /default-rack, certSerialId: null}816c2023-76ea-4558-9da7-70127639a79a{ip: 192.168.5.183, host: pr-hdds-1054-fkf2j-3502855176, networkLocation: /default-rack, certSerialId: null}33002f53-59d2-46ae-91ae-843eaa52c7d0{ip: 192.168.5.183, host: pr-hdds-1054-fkf2j-3502855176, networkLocation: /default-rack, certSerialId: null}, Type:RATIS, Factor:THREE, State:CLOSED]
org.apache.hadoop.hdds.scm.pipeline.PipelineNotFoundException: PipelineID=5cfbe3f7-52ce-47b9-acbf-03260b50b3e1 not found
	at org.apache.hadoop.hdds.scm.pipeline.PipelineStateMap.getPipeline(PipelineStateMap.java:132)
	at org.apache.hadoop.hdds.scm.pipeline.PipelineStateMap.removePipeline(PipelineStateMap.java:322)
	at org.apache.hadoop.hdds.scm.pipeline.PipelineStateManager.removePipeline(PipelineStateManager.java:107)
	at org.apache.hadoop.hdds.scm.pipeline.SCMPipelineManager.removePipeline(SCMPipelineManager.java:423)
	at org.apache.hadoop.hdds.scm.pipeline.SCMPipelineManager.destroyPipeline(SCMPipelineManager.java:409)
	at org.apache.hadoop.hdds.scm.pipeline.SCMPipelineManager.lambda$finalizeAndDestroyPipeline$0(SCMPipelineManager.java:318)
	at org.apache.hadoop.utils.Scheduler.lambda$schedule$1(Scheduler.java:68)
	at java.util.concurrent.Executors$RunnableAdapter.call(Executors.java:511)
	at java.util.concurrent.FutureTask.run(FutureTask.java:266)
	at java.util.concurrent.ScheduledThreadPoolExecutor$ScheduledFutureTask.access$201(ScheduledThreadPoolExecutor.java:180)
	at java.util.concurrent.ScheduledThreadPoolExecutor$ScheduledFutureTask.run(ScheduledThreadPoolExecutor.java:293)
	at java.util.concurrent.ThreadPoolExecutor.runWorker(ThreadPoolExecutor.java:1149)
	at java.util.concurrent.ThreadPoolExecutor$Worker.run(ThreadPoolExecutor.java:624)
	at java.lang.Thread.run(Thread.java:748)
2019-09-16 16:37:46,777 [java.util.concurrent.ThreadPoolExecutor$Worker@35f96af3[State = -1, empty queue]] WARN  server.GrpcLogAppender (GrpcLogAppender.java:timeoutAppendRequest(200)) - 5da997ac-485a-4ae3-a11f-bd7c3a0ad14d@group-EFD673A008FB->2b9d536e-7082-46d0-bcea-3da9bf5f5d0c-GrpcLogAppender: appendEntries Timeout, request=5da997ac-485a-4ae3-a11f-bd7c3a0ad14d->2b9d536e-7082-46d0-bcea-3da9bf5f5d0c#118-t1, previous=(t:1, i:20), leaderCommit=14, initializing? false, entries: <empty>
2019-09-16 16:37:46,777 [java.util.concurrent.ThreadPoolExecutor$Worker@1be6be97[State = -1, empty queue]] WARN  server.GrpcLogAppender (GrpcLogAppender.java:timeoutAppendRequest(200)) - 5da997ac-485a-4ae3-a11f-bd7c3a0ad14d@group-EFD673A008FB->103cee85-d2d3-4069-a903-4a8bed8118d2-GrpcLogAppender: appendEntries Timeout, request=5da997ac-485a-4ae3-a11f-bd7c3a0ad14d->103cee85-d2d3-4069-a903-4a8bed8118d2#118-t1, previous=(t:1, i:20), leaderCommit=14, initializing? false, entries: <empty>
2019-09-16 16:37:46,788 [grpc-default-executor-5] INFO  client.GrpcClientProtocolClient (GrpcClientProtocolClient.java:onNext(264)) - client-5DAEDA81DCCF->2b9d536e-7082-46d0-bcea-3da9bf5f5d0c: receive RaftClientReply:client-5DAEDA81DCCF->2b9d536e-7082-46d0-bcea-3da9bf5f5d0c@group-EFD673A008FB, cid=143, FAILED org.apache.ratis.protocol.NotLeaderException: Server 2b9d536e-7082-46d0-bcea-3da9bf5f5d0c@group-EFD673A008FB is not the leader 5da997ac-485a-4ae3-a11f-bd7c3a0ad14d:192.168.5.183:41252, logIndex=0, commits[2b9d536e-7082-46d0-bcea-3da9bf5f5d0c:c14, 103cee85-d2d3-4069-a903-4a8bed8118d2:c12, 5da997ac-485a-4ae3-a11f-bd7c3a0ad14d:c14]
2019-09-16 16:37:49,278 [java.util.concurrent.ThreadPoolExecutor$Worker@35f96af3[State = -1, empty queue]] WARN  server.GrpcLogAppender (GrpcLogAppender.java:timeoutAppendRequest(200)) - 5da997ac-485a-4ae3-a11f-bd7c3a0ad14d@group-EFD673A008FB->2b9d536e-7082-46d0-bcea-3da9bf5f5d0c-GrpcLogAppender: appendEntries Timeout, request=5da997ac-485a-4ae3-a11f-bd7c3a0ad14d->2b9d536e-7082-46d0-bcea-3da9bf5f5d0c#119-t1, previous=(t:1, i:20), leaderCommit=14, initializing? false, entries: <empty>
2019-09-16 16:37:49,278 [java.util.concurrent.ThreadPoolExecutor$Worker@1be6be97[State = -1, empty queue]] WARN  server.GrpcLogAppender (GrpcLogAppender.java:timeoutAppendRequest(200)) - 5da997ac-485a-4ae3-a11f-bd7c3a0ad14d@group-EFD673A008FB->103cee85-d2d3-4069-a903-4a8bed8118d2-GrpcLogAppender: appendEntries Timeout, request=5da997ac-485a-4ae3-a11f-bd7c3a0ad14d->103cee85-d2d3-4069-a903-4a8bed8118d2#119-t1, previous=(t:1, i:20), leaderCommit=14, initializing? false, entries: <empty>
2019-09-16 16:37:51,274 [2b9d536e-7082-46d0-bcea-3da9bf5f5d0c@group-EFD673A008FB-SegmentedRaftLogWorker] WARN  segmented.SegmentedRaftLogWorker (SegmentedRaftLogWorker.java:getFromFuture(90)) - Timeout 6/~
org.apache.ratis.protocol.TimeoutIOException: Timeout 10s: WriteLog:15: (t:1, i:15), STATEMACHINELOGENTRY, client-5DAEDA81DCCF, cid=143-writeStateMachineData
	at org.apache.ratis.util.IOUtils.getFromFuture(IOUtils.java:87)
	at org.apache.ratis.server.raftlog.segmented.SegmentedRaftLogWorker$StateMachineDataPolicy.getFromFuture(SegmentedRaftLogWorker.java:87)
	at org.apache.ratis.server.raftlog.segmented.SegmentedRaftLogWorker$WriteLog.execute(SegmentedRaftLogWorker.java:477)
	at org.apache.ratis.server.raftlog.segmented.SegmentedRaftLogWorker.run(SegmentedRaftLogWorker.java:289)
	at java.lang.Thread.run(Thread.java:748)
Caused by: java.util.concurrent.TimeoutException
	at java.util.concurrent.CompletableFuture.timedGet(CompletableFuture.java:1771)
	at java.util.concurrent.CompletableFuture.get(CompletableFuture.java:1915)
	at org.apache.ratis.util.IOUtils.getFromFuture(IOUtils.java:79)
	... 4 more
2019-09-16 16:37:51,275 [103cee85-d2d3-4069-a903-4a8bed8118d2@group-EFD673A008FB-SegmentedRaftLogWorker] WARN  segmented.SegmentedRaftLogWorker (SegmentedRaftLogWorker.java:getFromFuture(90)) - Timeout 6/~
org.apache.ratis.protocol.TimeoutIOException: Timeout 10s: WriteLog:15: (t:1, i:15), STATEMACHINELOGENTRY, client-5DAEDA81DCCF, cid=143-writeStateMachineData
	at org.apache.ratis.util.IOUtils.getFromFuture(IOUtils.java:87)
	at org.apache.ratis.server.raftlog.segmented.SegmentedRaftLogWorker$StateMachineDataPolicy.getFromFuture(SegmentedRaftLogWorker.java:87)
	at org.apache.ratis.server.raftlog.segmented.SegmentedRaftLogWorker$WriteLog.execute(SegmentedRaftLogWorker.java:477)
	at org.apache.ratis.server.raftlog.segmented.SegmentedRaftLogWorker.run(SegmentedRaftLogWorker.java:289)
	at java.lang.Thread.run(Thread.java:748)
Caused by: java.util.concurrent.TimeoutException
	at java.util.concurrent.CompletableFuture.timedGet(CompletableFuture.java:1771)
	at java.util.concurrent.CompletableFuture.get(CompletableFuture.java:1915)
	at org.apache.ratis.util.IOUtils.getFromFuture(IOUtils.java:79)
	... 4 more
2019-09-16 16:37:51,504 [5da997ac-485a-4ae3-a11f-bd7c3a0ad14d@group-EFD673A008FB-SegmentedRaftLogWorker] WARN  segmented.SegmentedRaftLogWorker (SegmentedRaftLogWorker.java:getFromFuture(90)) - Timeout 6/~
org.apache.ratis.protocol.TimeoutIOException: Timeout 10s: WriteLog:16: (t:1, i:16), STATEMACHINELOGENTRY, client-5DAEDA81DCCF, cid=144-writeStateMachineData
	at org.apache.ratis.util.IOUtils.getFromFuture(IOUtils.java:87)
	at org.apache.ratis.server.raftlog.segmented.SegmentedRaftLogWorker$StateMachineDataPolicy.getFromFuture(SegmentedRaftLogWorker.java:87)
	at org.apache.ratis.server.raftlog.segmented.SegmentedRaftLogWorker$WriteLog.execute(SegmentedRaftLogWorker.java:477)
	at org.apache.ratis.server.raftlog.segmented.SegmentedRaftLogWorker.run(SegmentedRaftLogWorker.java:289)
	at java.lang.Thread.run(Thread.java:748)
Caused by: java.util.concurrent.TimeoutException
	at java.util.concurrent.CompletableFuture.timedGet(CompletableFuture.java:1771)
	at java.util.concurrent.CompletableFuture.get(CompletableFuture.java:1915)
	at org.apache.ratis.util.IOUtils.getFromFuture(IOUtils.java:79)
	... 4 more
2019-09-16 16:37:51,778 [java.util.concurrent.ThreadPoolExecutor$Worker@35f96af3[State = -1, empty queue]] WARN  server.GrpcLogAppender (GrpcLogAppender.java:timeoutAppendRequest(200)) - 5da997ac-485a-4ae3-a11f-bd7c3a0ad14d@group-EFD673A008FB->2b9d536e-7082-46d0-bcea-3da9bf5f5d0c-GrpcLogAppender: appendEntries Timeout, request=5da997ac-485a-4ae3-a11f-bd7c3a0ad14d->2b9d536e-7082-46d0-bcea-3da9bf5f5d0c#120-t1, previous=(t:1, i:20), leaderCommit=14, initializing? false, entries: <empty>
2019-09-16 16:37:51,778 [java.util.concurrent.ThreadPoolExecutor$Worker@1be6be97[State = -1, empty queue]] WARN  server.GrpcLogAppender (GrpcLogAppender.java:timeoutAppendRequest(200)) - 5da997ac-485a-4ae3-a11f-bd7c3a0ad14d@group-EFD673A008FB->103cee85-d2d3-4069-a903-4a8bed8118d2-GrpcLogAppender: appendEntries Timeout, request=5da997ac-485a-4ae3-a11f-bd7c3a0ad14d->103cee85-d2d3-4069-a903-4a8bed8118d2#120-t1, previous=(t:1, i:20), leaderCommit=14, initializing? false, entries: <empty>
2019-09-16 16:37:51,827 [grpc-default-executor-2] INFO  client.GrpcClientProtocolClient (GrpcClientProtocolClient.java:onNext(264)) - client-5DAEDA81DCCF->103cee85-d2d3-4069-a903-4a8bed8118d2: receive RaftClientReply:client-5DAEDA81DCCF->103cee85-d2d3-4069-a903-4a8bed8118d2@group-EFD673A008FB, cid=143, FAILED org.apache.ratis.protocol.NotLeaderException: Server 103cee85-d2d3-4069-a903-4a8bed8118d2@group-EFD673A008FB is not the leader 5da997ac-485a-4ae3-a11f-bd7c3a0ad14d:192.168.5.183:41252, logIndex=0, commits[103cee85-d2d3-4069-a903-4a8bed8118d2:c14, 2b9d536e-7082-46d0-bcea-3da9bf5f5d0c:c12, 5da997ac-485a-4ae3-a11f-bd7c3a0ad14d:c14]
2019-09-16 16:37:54,299 [java.util.concurrent.ThreadPoolExecutor$Worker@35f96af3[State = -1, empty queue]] WARN  server.GrpcLogAppender (GrpcLogAppender.java:timeoutAppendRequest(200)) - 5da997ac-485a-4ae3-a11f-bd7c3a0ad14d@group-EFD673A008FB->2b9d536e-7082-46d0-bcea-3da9bf5f5d0c-GrpcLogAppender: appendEntries Timeout, request=5da997ac-485a-4ae3-a11f-bd7c3a0ad14d->2b9d536e-7082-46d0-bcea-3da9bf5f5d0c#121-t1, previous=(t:1, i:20), leaderCommit=14, initializing? false, entries: <empty>
2019-09-16 16:37:54,299 [java.util.concurrent.ThreadPoolExecutor$Worker@1be6be97[State = -1, empty queue]] WARN  server.GrpcLogAppender (GrpcLogAppender.java:timeoutAppendRequest(200)) - 5da997ac-485a-4ae3-a11f-bd7c3a0ad14d@group-EFD673A008FB->103cee85-d2d3-4069-a903-4a8bed8118d2-GrpcLogAppender: appendEntries Timeout, request=5da997ac-485a-4ae3-a11f-bd7c3a0ad14d->103cee85-d2d3-4069-a903-4a8bed8118d2#121-t1, previous=(t:1, i:20), leaderCommit=14, initializing? false, entries: <empty>
2019-09-16 16:37:56,799 [java.util.concurrent.ThreadPoolExecutor$Worker@35f96af3[State = -1, empty queue]] WARN  server.GrpcLogAppender (GrpcLogAppender.java:timeoutAppendRequest(200)) - 5da997ac-485a-4ae3-a11f-bd7c3a0ad14d@group-EFD673A008FB->2b9d536e-7082-46d0-bcea-3da9bf5f5d0c-GrpcLogAppender: appendEntries Timeout, request=5da997ac-485a-4ae3-a11f-bd7c3a0ad14d->2b9d536e-7082-46d0-bcea-3da9bf5f5d0c#122-t1, previous=(t:1, i:20), leaderCommit=14, initializing? false, entries: <empty>
2019-09-16 16:37:56,799 [java.util.concurrent.ThreadPoolExecutor$Worker@1be6be97[State = -1, empty queue]] WARN  server.GrpcLogAppender (GrpcLogAppender.java:timeoutAppendRequest(200)) - 5da997ac-485a-4ae3-a11f-bd7c3a0ad14d@group-EFD673A008FB->103cee85-d2d3-4069-a903-4a8bed8118d2-GrpcLogAppender: appendEntries Timeout, request=5da997ac-485a-4ae3-a11f-bd7c3a0ad14d->103cee85-d2d3-4069-a903-4a8bed8118d2#122-t1, previous=(t:1, i:20), leaderCommit=14, initializing? false, entries: <empty>
2019-09-16 16:37:56,867 [grpc-default-executor-2] INFO  client.GrpcClientProtocolClient (GrpcClientProtocolClient.java:onNext(264)) - client-5DAEDA81DCCF->103cee85-d2d3-4069-a903-4a8bed8118d2: receive RaftClientReply:client-5DAEDA81DCCF->103cee85-d2d3-4069-a903-4a8bed8118d2@group-EFD673A008FB, cid=143, FAILED org.apache.ratis.protocol.NotLeaderException: Server 103cee85-d2d3-4069-a903-4a8bed8118d2@group-EFD673A008FB is not the leader 5da997ac-485a-4ae3-a11f-bd7c3a0ad14d:192.168.5.183:41252, logIndex=0, commits[103cee85-d2d3-4069-a903-4a8bed8118d2:c14, 2b9d536e-7082-46d0-bcea-3da9bf5f5d0c:c12, 5da997ac-485a-4ae3-a11f-bd7c3a0ad14d:c14]
2019-09-16 16:37:59,299 [java.util.concurrent.ThreadPoolExecutor$Worker@35f96af3[State = -1, empty queue]] WARN  server.GrpcLogAppender (GrpcLogAppender.java:timeoutAppendRequest(200)) - 5da997ac-485a-4ae3-a11f-bd7c3a0ad14d@group-EFD673A008FB->2b9d536e-7082-46d0-bcea-3da9bf5f5d0c-GrpcLogAppender: appendEntries Timeout, request=5da997ac-485a-4ae3-a11f-bd7c3a0ad14d->2b9d536e-7082-46d0-bcea-3da9bf5f5d0c#123-t1, previous=(t:1, i:20), leaderCommit=14, initializing? false, entries: <empty>
2019-09-16 16:37:59,299 [java.util.concurrent.ThreadPoolExecutor$Worker@1be6be97[State = -1, empty queue]] WARN  server.GrpcLogAppender (GrpcLogAppender.java:timeoutAppendRequest(200)) - 5da997ac-485a-4ae3-a11f-bd7c3a0ad14d@group-EFD673A008FB->103cee85-d2d3-4069-a903-4a8bed8118d2-GrpcLogAppender: appendEntries Timeout, request=5da997ac-485a-4ae3-a11f-bd7c3a0ad14d->103cee85-d2d3-4069-a903-4a8bed8118d2#123-t1, previous=(t:1, i:20), leaderCommit=14, initializing? false, entries: <empty>
2019-09-16 16:38:01,275 [2b9d536e-7082-46d0-bcea-3da9bf5f5d0c@group-EFD673A008FB-SegmentedRaftLogWorker] WARN  segmented.SegmentedRaftLogWorker (SegmentedRaftLogWorker.java:getFromFuture(90)) - Timeout 7/~
org.apache.ratis.protocol.TimeoutIOException: Timeout 10s: WriteLog:15: (t:1, i:15), STATEMACHINELOGENTRY, client-5DAEDA81DCCF, cid=143-writeStateMachineData
	at org.apache.ratis.util.IOUtils.getFromFuture(IOUtils.java:87)
	at org.apache.ratis.server.raftlog.segmented.SegmentedRaftLogWorker$StateMachineDataPolicy.getFromFuture(SegmentedRaftLogWorker.java:87)
	at org.apache.ratis.server.raftlog.segmented.SegmentedRaftLogWorker$WriteLog.execute(SegmentedRaftLogWorker.java:477)
	at org.apache.ratis.server.raftlog.segmented.SegmentedRaftLogWorker.run(SegmentedRaftLogWorker.java:289)
	at java.lang.Thread.run(Thread.java:748)
Caused by: java.util.concurrent.TimeoutException
	at java.util.concurrent.CompletableFuture.timedGet(CompletableFuture.java:1771)
	at java.util.concurrent.CompletableFuture.get(CompletableFuture.java:1915)
	at org.apache.ratis.util.IOUtils.getFromFuture(IOUtils.java:79)
	... 4 more
2019-09-16 16:38:01,299 [103cee85-d2d3-4069-a903-4a8bed8118d2@group-EFD673A008FB-SegmentedRaftLogWorker] WARN  segmented.SegmentedRaftLogWorker (SegmentedRaftLogWorker.java:getFromFuture(90)) - Timeout 7/~
org.apache.ratis.protocol.TimeoutIOException: Timeout 10s: WriteLog:15: (t:1, i:15), STATEMACHINELOGENTRY, client-5DAEDA81DCCF, cid=143-writeStateMachineData
	at org.apache.ratis.util.IOUtils.getFromFuture(IOUtils.java:87)
	at org.apache.ratis.server.raftlog.segmented.SegmentedRaftLogWorker$StateMachineDataPolicy.getFromFuture(SegmentedRaftLogWorker.java:87)
	at org.apache.ratis.server.raftlog.segmented.SegmentedRaftLogWorker$WriteLog.execute(SegmentedRaftLogWorker.java:477)
	at org.apache.ratis.server.raftlog.segmented.SegmentedRaftLogWorker.run(SegmentedRaftLogWorker.java:289)
	at java.lang.Thread.run(Thread.java:748)
Caused by: java.util.concurrent.TimeoutException
	at java.util.concurrent.CompletableFuture.timedGet(CompletableFuture.java:1771)
	at java.util.concurrent.CompletableFuture.get(CompletableFuture.java:1915)
	at org.apache.ratis.util.IOUtils.getFromFuture(IOUtils.java:79)
	... 4 more
2019-09-16 16:38:01,505 [5da997ac-485a-4ae3-a11f-bd7c3a0ad14d@group-EFD673A008FB-SegmentedRaftLogWorker] WARN  segmented.SegmentedRaftLogWorker (SegmentedRaftLogWorker.java:getFromFuture(90)) - Timeout 7/~
org.apache.ratis.protocol.TimeoutIOException: Timeout 10s: WriteLog:16: (t:1, i:16), STATEMACHINELOGENTRY, client-5DAEDA81DCCF, cid=144-writeStateMachineData
	at org.apache.ratis.util.IOUtils.getFromFuture(IOUtils.java:87)
	at org.apache.ratis.server.raftlog.segmented.SegmentedRaftLogWorker$StateMachineDataPolicy.getFromFuture(SegmentedRaftLogWorker.java:87)
	at org.apache.ratis.server.raftlog.segmented.SegmentedRaftLogWorker$WriteLog.execute(SegmentedRaftLogWorker.java:477)
	at org.apache.ratis.server.raftlog.segmented.SegmentedRaftLogWorker.run(SegmentedRaftLogWorker.java:289)
	at java.lang.Thread.run(Thread.java:748)
Caused by: java.util.concurrent.TimeoutException
	at java.util.concurrent.CompletableFuture.timedGet(CompletableFuture.java:1771)
	at java.util.concurrent.CompletableFuture.get(CompletableFuture.java:1915)
	at org.apache.ratis.util.IOUtils.getFromFuture(IOUtils.java:79)
	... 4 more
2019-09-16 16:38:01,900 [grpc-default-executor-6] INFO  client.GrpcClientProtocolClient (GrpcClientProtocolClient.java:onNext(264)) - client-5DAEDA81DCCF->103cee85-d2d3-4069-a903-4a8bed8118d2: receive RaftClientReply:client-5DAEDA81DCCF->103cee85-d2d3-4069-a903-4a8bed8118d2@group-EFD673A008FB, cid=143, FAILED org.apache.ratis.protocol.NotLeaderException: Server 103cee85-d2d3-4069-a903-4a8bed8118d2@group-EFD673A008FB is not the leader 5da997ac-485a-4ae3-a11f-bd7c3a0ad14d:192.168.5.183:41252, logIndex=0, commits[103cee85-d2d3-4069-a903-4a8bed8118d2:c14, 2b9d536e-7082-46d0-bcea-3da9bf5f5d0c:c12, 5da997ac-485a-4ae3-a11f-bd7c3a0ad14d:c14]
2019-09-16 16:38:01,921 [java.util.concurrent.ThreadPoolExecutor$Worker@35f96af3[State = -1, empty queue]] WARN  server.GrpcLogAppender (GrpcLogAppender.java:timeoutAppendRequest(200)) - 5da997ac-485a-4ae3-a11f-bd7c3a0ad14d@group-EFD673A008FB->2b9d536e-7082-46d0-bcea-3da9bf5f5d0c-GrpcLogAppender: appendEntries Timeout, request=5da997ac-485a-4ae3-a11f-bd7c3a0ad14d->2b9d536e-7082-46d0-bcea-3da9bf5f5d0c#124-t1, previous=(t:1, i:20), leaderCommit=14, initializing? false, entries: <empty>
2019-09-16 16:38:01,926 [java.util.concurrent.ThreadPoolExecutor$Worker@1be6be97[State = -1, empty queue]] WARN  server.GrpcLogAppender (GrpcLogAppender.java:timeoutAppendRequest(200)) - 5da997ac-485a-4ae3-a11f-bd7c3a0ad14d@group-EFD673A008FB->103cee85-d2d3-4069-a903-4a8bed8118d2-GrpcLogAppender: appendEntries Timeout, request=5da997ac-485a-4ae3-a11f-bd7c3a0ad14d->103cee85-d2d3-4069-a903-4a8bed8118d2#124-t1, previous=(t:1, i:20), leaderCommit=14, initializing? false, entries: <empty>
2019-09-16 16:38:04,422 [java.util.concurrent.ThreadPoolExecutor$Worker@35f96af3[State = -1, empty queue]] WARN  server.GrpcLogAppender (GrpcLogAppender.java:timeoutAppendRequest(200)) - 5da997ac-485a-4ae3-a11f-bd7c3a0ad14d@group-EFD673A008FB->2b9d536e-7082-46d0-bcea-3da9bf5f5d0c-GrpcLogAppender: appendEntries Timeout, request=5da997ac-485a-4ae3-a11f-bd7c3a0ad14d->2b9d536e-7082-46d0-bcea-3da9bf5f5d0c#125-t1, previous=(t:1, i:20), leaderCommit=14, initializing? false, entries: <empty>
2019-09-16 16:38:04,426 [java.util.concurrent.ThreadPoolExecutor$Worker@1be6be97[State = -1, empty queue]] WARN  server.GrpcLogAppender (GrpcLogAppender.java:timeoutAppendRequest(200)) - 5da997ac-485a-4ae3-a11f-bd7c3a0ad14d@group-EFD673A008FB->103cee85-d2d3-4069-a903-4a8bed8118d2-GrpcLogAppender: appendEntries Timeout, request=5da997ac-485a-4ae3-a11f-bd7c3a0ad14d->103cee85-d2d3-4069-a903-4a8bed8118d2#125-t1, previous=(t:1, i:20), leaderCommit=14, initializing? false, entries: <empty>
2019-09-16 16:38:06,922 [java.util.concurrent.ThreadPoolExecutor$Worker@35f96af3[State = -1, empty queue]] WARN  server.GrpcLogAppender (GrpcLogAppender.java:timeoutAppendRequest(200)) - 5da997ac-485a-4ae3-a11f-bd7c3a0ad14d@group-EFD673A008FB->2b9d536e-7082-46d0-bcea-3da9bf5f5d0c-GrpcLogAppender: appendEntries Timeout, request=5da997ac-485a-4ae3-a11f-bd7c3a0ad14d->2b9d536e-7082-46d0-bcea-3da9bf5f5d0c#126-t1, previous=(t:1, i:20), leaderCommit=14, initializing? false, entries: <empty>
2019-09-16 16:38:06,926 [java.util.concurrent.ThreadPoolExecutor$Worker@1be6be97[State = -1, empty queue]] WARN  server.GrpcLogAppender (GrpcLogAppender.java:timeoutAppendRequest(200)) - 5da997ac-485a-4ae3-a11f-bd7c3a0ad14d@group-EFD673A008FB->103cee85-d2d3-4069-a903-4a8bed8118d2-GrpcLogAppender: appendEntries Timeout, request=5da997ac-485a-4ae3-a11f-bd7c3a0ad14d->103cee85-d2d3-4069-a903-4a8bed8118d2#126-t1, previous=(t:1, i:20), leaderCommit=14, initializing? false, entries: <empty>
2019-09-16 16:38:06,933 [grpc-default-executor-5] INFO  client.GrpcClientProtocolClient (GrpcClientProtocolClient.java:onNext(264)) - client-5DAEDA81DCCF->103cee85-d2d3-4069-a903-4a8bed8118d2: receive RaftClientReply:client-5DAEDA81DCCF->103cee85-d2d3-4069-a903-4a8bed8118d2@group-EFD673A008FB, cid=143, FAILED org.apache.ratis.protocol.NotLeaderException: Server 103cee85-d2d3-4069-a903-4a8bed8118d2@group-EFD673A008FB is not the leader 5da997ac-485a-4ae3-a11f-bd7c3a0ad14d:192.168.5.183:41252, logIndex=0, commits[103cee85-d2d3-4069-a903-4a8bed8118d2:c14, 2b9d536e-7082-46d0-bcea-3da9bf5f5d0c:c12, 5da997ac-485a-4ae3-a11f-bd7c3a0ad14d:c14]
2019-09-16 16:38:09,422 [java.util.concurrent.ThreadPoolExecutor$Worker@35f96af3[State = -1, empty queue]] WARN  server.GrpcLogAppender (GrpcLogAppender.java:timeoutAppendRequest(200)) - 5da997ac-485a-4ae3-a11f-bd7c3a0ad14d@group-EFD673A008FB->2b9d536e-7082-46d0-bcea-3da9bf5f5d0c-GrpcLogAppender: appendEntries Timeout, request=5da997ac-485a-4ae3-a11f-bd7c3a0ad14d->2b9d536e-7082-46d0-bcea-3da9bf5f5d0c#127-t1, previous=(t:1, i:20), leaderCommit=14, initializing? false, entries: <empty>
2019-09-16 16:38:09,427 [java.util.concurrent.ThreadPoolExecutor$Worker@1be6be97[State = -1, empty queue]] WARN  server.GrpcLogAppender (GrpcLogAppender.java:timeoutAppendRequest(200)) - 5da997ac-485a-4ae3-a11f-bd7c3a0ad14d@group-EFD673A008FB->103cee85-d2d3-4069-a903-4a8bed8118d2-GrpcLogAppender: appendEntries Timeout, request=5da997ac-485a-4ae3-a11f-bd7c3a0ad14d->103cee85-d2d3-4069-a903-4a8bed8118d2#127-t1, previous=(t:1, i:20), leaderCommit=14, initializing? false, entries: <empty>
2019-09-16 16:38:11,276 [2b9d536e-7082-46d0-bcea-3da9bf5f5d0c@group-EFD673A008FB-SegmentedRaftLogWorker] WARN  segmented.SegmentedRaftLogWorker (SegmentedRaftLogWorker.java:getFromFuture(90)) - Timeout 8/~
org.apache.ratis.protocol.TimeoutIOException: Timeout 10s: WriteLog:15: (t:1, i:15), STATEMACHINELOGENTRY, client-5DAEDA81DCCF, cid=143-writeStateMachineData
	at org.apache.ratis.util.IOUtils.getFromFuture(IOUtils.java:87)
	at org.apache.ratis.server.raftlog.segmented.SegmentedRaftLogWorker$StateMachineDataPolicy.getFromFuture(SegmentedRaftLogWorker.java:87)
	at org.apache.ratis.server.raftlog.segmented.SegmentedRaftLogWorker$WriteLog.execute(SegmentedRaftLogWorker.java:477)
	at org.apache.ratis.server.raftlog.segmented.SegmentedRaftLogWorker.run(SegmentedRaftLogWorker.java:289)
	at java.lang.Thread.run(Thread.java:748)
Caused by: java.util.concurrent.TimeoutException
	at java.util.concurrent.CompletableFuture.timedGet(CompletableFuture.java:1771)
	at java.util.concurrent.CompletableFuture.get(CompletableFuture.java:1915)
	at org.apache.ratis.util.IOUtils.getFromFuture(IOUtils.java:79)
	... 4 more
2019-09-16 16:38:11,299 [103cee85-d2d3-4069-a903-4a8bed8118d2@group-EFD673A008FB-SegmentedRaftLogWorker] WARN  segmented.SegmentedRaftLogWorker (SegmentedRaftLogWorker.java:getFromFuture(90)) - Timeout 8/~
org.apache.ratis.protocol.TimeoutIOException: Timeout 10s: WriteLog:15: (t:1, i:15), STATEMACHINELOGENTRY, client-5DAEDA81DCCF, cid=143-writeStateMachineData
	at org.apache.ratis.util.IOUtils.getFromFuture(IOUtils.java:87)
	at org.apache.ratis.server.raftlog.segmented.SegmentedRaftLogWorker$StateMachineDataPolicy.getFromFuture(SegmentedRaftLogWorker.java:87)
	at org.apache.ratis.server.raftlog.segmented.SegmentedRaftLogWorker$WriteLog.execute(SegmentedRaftLogWorker.java:477)
	at org.apache.ratis.server.raftlog.segmented.SegmentedRaftLogWorker.run(SegmentedRaftLogWorker.java:289)
	at java.lang.Thread.run(Thread.java:748)
Caused by: java.util.concurrent.TimeoutException
	at java.util.concurrent.CompletableFuture.timedGet(CompletableFuture.java:1771)
	at java.util.concurrent.CompletableFuture.get(CompletableFuture.java:1915)
	at org.apache.ratis.util.IOUtils.getFromFuture(IOUtils.java:79)
	... 4 more
2019-09-16 16:38:11,506 [5da997ac-485a-4ae3-a11f-bd7c3a0ad14d@group-EFD673A008FB-SegmentedRaftLogWorker] WARN  segmented.SegmentedRaftLogWorker (SegmentedRaftLogWorker.java:getFromFuture(90)) - Timeout 8/~
org.apache.ratis.protocol.TimeoutIOException: Timeout 10s: WriteLog:16: (t:1, i:16), STATEMACHINELOGENTRY, client-5DAEDA81DCCF, cid=144-writeStateMachineData
	at org.apache.ratis.util.IOUtils.getFromFuture(IOUtils.java:87)
	at org.apache.ratis.server.raftlog.segmented.SegmentedRaftLogWorker$StateMachineDataPolicy.getFromFuture(SegmentedRaftLogWorker.java:87)
	at org.apache.ratis.server.raftlog.segmented.SegmentedRaftLogWorker$WriteLog.execute(SegmentedRaftLogWorker.java:477)
	at org.apache.ratis.server.raftlog.segmented.SegmentedRaftLogWorker.run(SegmentedRaftLogWorker.java:289)
	at java.lang.Thread.run(Thread.java:748)
Caused by: java.util.concurrent.TimeoutException
	at java.util.concurrent.CompletableFuture.timedGet(CompletableFuture.java:1771)
	at java.util.concurrent.CompletableFuture.get(CompletableFuture.java:1915)
	at org.apache.ratis.util.IOUtils.getFromFuture(IOUtils.java:79)
	... 4 more
2019-09-16 16:38:11,923 [java.util.concurrent.ThreadPoolExecutor$Worker@35f96af3[State = -1, empty queue]] WARN  server.GrpcLogAppender (GrpcLogAppender.java:timeoutAppendRequest(200)) - 5da997ac-485a-4ae3-a11f-bd7c3a0ad14d@group-EFD673A008FB->2b9d536e-7082-46d0-bcea-3da9bf5f5d0c-GrpcLogAppender: appendEntries Timeout, request=5da997ac-485a-4ae3-a11f-bd7c3a0ad14d->2b9d536e-7082-46d0-bcea-3da9bf5f5d0c#128-t1, previous=(t:1, i:20), leaderCommit=14, initializing? false, entries: <empty>
2019-09-16 16:38:11,927 [java.util.concurrent.ThreadPoolExecutor$Worker@1be6be97[State = -1, empty queue]] WARN  server.GrpcLogAppender (GrpcLogAppender.java:timeoutAppendRequest(200)) - 5da997ac-485a-4ae3-a11f-bd7c3a0ad14d@group-EFD673A008FB->103cee85-d2d3-4069-a903-4a8bed8118d2-GrpcLogAppender: appendEntries Timeout, request=5da997ac-485a-4ae3-a11f-bd7c3a0ad14d->103cee85-d2d3-4069-a903-4a8bed8118d2#128-t1, previous=(t:1, i:20), leaderCommit=14, initializing? false, entries: <empty>
2019-09-16 16:38:11,981 [grpc-default-executor-5] INFO  client.GrpcClientProtocolClient (GrpcClientProtocolClient.java:onNext(264)) - client-5DAEDA81DCCF->103cee85-d2d3-4069-a903-4a8bed8118d2: receive RaftClientReply:client-5DAEDA81DCCF->103cee85-d2d3-4069-a903-4a8bed8118d2@group-EFD673A008FB, cid=143, FAILED org.apache.ratis.protocol.NotLeaderException: Server 103cee85-d2d3-4069-a903-4a8bed8118d2@group-EFD673A008FB is not the leader 5da997ac-485a-4ae3-a11f-bd7c3a0ad14d:192.168.5.183:41252, logIndex=0, commits[103cee85-d2d3-4069-a903-4a8bed8118d2:c14, 2b9d536e-7082-46d0-bcea-3da9bf5f5d0c:c12, 5da997ac-485a-4ae3-a11f-bd7c3a0ad14d:c14]
2019-09-16 16:38:14,423 [java.util.concurrent.ThreadPoolExecutor$Worker@35f96af3[State = -1, empty queue]] WARN  server.GrpcLogAppender (GrpcLogAppender.java:timeoutAppendRequest(200)) - 5da997ac-485a-4ae3-a11f-bd7c3a0ad14d@group-EFD673A008FB->2b9d536e-7082-46d0-bcea-3da9bf5f5d0c-GrpcLogAppender: appendEntries Timeout, request=5da997ac-485a-4ae3-a11f-bd7c3a0ad14d->2b9d536e-7082-46d0-bcea-3da9bf5f5d0c#129-t1, previous=(t:1, i:20), leaderCommit=14, initializing? false, entries: <empty>
2019-09-16 16:38:14,427 [java.util.concurrent.ThreadPoolExecutor$Worker@1be6be97[State = -1, empty queue]] WARN  server.GrpcLogAppender (GrpcLogAppender.java:timeoutAppendRequest(200)) - 5da997ac-485a-4ae3-a11f-bd7c3a0ad14d@group-EFD673A008FB->103cee85-d2d3-4069-a903-4a8bed8118d2-GrpcLogAppender: appendEntries Timeout, request=5da997ac-485a-4ae3-a11f-bd7c3a0ad14d->103cee85-d2d3-4069-a903-4a8bed8118d2#129-t1, previous=(t:1, i:20), leaderCommit=14, initializing? false, entries: <empty>
2019-09-16 16:38:16,923 [java.util.concurrent.ThreadPoolExecutor$Worker@35f96af3[State = -1, empty queue]] WARN  server.GrpcLogAppender (GrpcLogAppender.java:timeoutAppendRequest(200)) - 5da997ac-485a-4ae3-a11f-bd7c3a0ad14d@group-EFD673A008FB->2b9d536e-7082-46d0-bcea-3da9bf5f5d0c-GrpcLogAppender: appendEntries Timeout, request=5da997ac-485a-4ae3-a11f-bd7c3a0ad14d->2b9d536e-7082-46d0-bcea-3da9bf5f5d0c#130-t1, previous=(t:1, i:20), leaderCommit=14, initializing? false, entries: <empty>
2019-09-16 16:38:16,927 [java.util.concurrent.ThreadPoolExecutor$Worker@1be6be97[State = -1, empty queue]] WARN  server.GrpcLogAppender (GrpcLogAppender.java:timeoutAppendRequest(200)) - 5da997ac-485a-4ae3-a11f-bd7c3a0ad14d@group-EFD673A008FB->103cee85-d2d3-4069-a903-4a8bed8118d2-GrpcLogAppender: appendEntries Timeout, request=5da997ac-485a-4ae3-a11f-bd7c3a0ad14d->103cee85-d2d3-4069-a903-4a8bed8118d2#130-t1, previous=(t:1, i:20), leaderCommit=14, initializing? false, entries: <empty>
2019-09-16 16:38:17,027 [grpc-default-executor-2] INFO  client.GrpcClientProtocolClient (GrpcClientProtocolClient.java:onNext(264)) - client-5DAEDA81DCCF->2b9d536e-7082-46d0-bcea-3da9bf5f5d0c: receive RaftClientReply:client-5DAEDA81DCCF->2b9d536e-7082-46d0-bcea-3da9bf5f5d0c@group-EFD673A008FB, cid=143, FAILED org.apache.ratis.protocol.NotLeaderException: Server 2b9d536e-7082-46d0-bcea-3da9bf5f5d0c@group-EFD673A008FB is not the leader 5da997ac-485a-4ae3-a11f-bd7c3a0ad14d:192.168.5.183:41252, logIndex=0, commits[2b9d536e-7082-46d0-bcea-3da9bf5f5d0c:c14, 103cee85-d2d3-4069-a903-4a8bed8118d2:c12, 5da997ac-485a-4ae3-a11f-bd7c3a0ad14d:c14]
2019-09-16 16:38:19,423 [java.util.concurrent.ThreadPoolExecutor$Worker@35f96af3[State = -1, empty queue]] WARN  server.GrpcLogAppender (GrpcLogAppender.java:timeoutAppendRequest(200)) - 5da997ac-485a-4ae3-a11f-bd7c3a0ad14d@group-EFD673A008FB->2b9d536e-7082-46d0-bcea-3da9bf5f5d0c-GrpcLogAppender: appendEntries Timeout, request=5da997ac-485a-4ae3-a11f-bd7c3a0ad14d->2b9d536e-7082-46d0-bcea-3da9bf5f5d0c#131-t1, previous=(t:1, i:20), leaderCommit=14, initializing? false, entries: <empty>
2019-09-16 16:38:19,428 [java.util.concurrent.ThreadPoolExecutor$Worker@1be6be97[State = -1, empty queue]] WARN  server.GrpcLogAppender (GrpcLogAppender.java:timeoutAppendRequest(200)) - 5da997ac-485a-4ae3-a11f-bd7c3a0ad14d@group-EFD673A008FB->103cee85-d2d3-4069-a903-4a8bed8118d2-GrpcLogAppender: appendEntries Timeout, request=5da997ac-485a-4ae3-a11f-bd7c3a0ad14d->103cee85-d2d3-4069-a903-4a8bed8118d2#131-t1, previous=(t:1, i:20), leaderCommit=14, initializing? false, entries: <empty>
2019-09-16 16:38:21,276 [2b9d536e-7082-46d0-bcea-3da9bf5f5d0c@group-EFD673A008FB-SegmentedRaftLogWorker] WARN  segmented.SegmentedRaftLogWorker (SegmentedRaftLogWorker.java:getFromFuture(90)) - Timeout 9/~
org.apache.ratis.protocol.TimeoutIOException: Timeout 10s: WriteLog:15: (t:1, i:15), STATEMACHINELOGENTRY, client-5DAEDA81DCCF, cid=143-writeStateMachineData
	at org.apache.ratis.util.IOUtils.getFromFuture(IOUtils.java:87)
	at org.apache.ratis.server.raftlog.segmented.SegmentedRaftLogWorker$StateMachineDataPolicy.getFromFuture(SegmentedRaftLogWorker.java:87)
	at org.apache.ratis.server.raftlog.segmented.SegmentedRaftLogWorker$WriteLog.execute(SegmentedRaftLogWorker.java:477)
	at org.apache.ratis.server.raftlog.segmented.SegmentedRaftLogWorker.run(SegmentedRaftLogWorker.java:289)
	at java.lang.Thread.run(Thread.java:748)
Caused by: java.util.concurrent.TimeoutException
	at java.util.concurrent.CompletableFuture.timedGet(CompletableFuture.java:1771)
	at java.util.concurrent.CompletableFuture.get(CompletableFuture.java:1915)
	at org.apache.ratis.util.IOUtils.getFromFuture(IOUtils.java:79)
	... 4 more
2019-09-16 16:38:21,300 [103cee85-d2d3-4069-a903-4a8bed8118d2@group-EFD673A008FB-SegmentedRaftLogWorker] WARN  segmented.SegmentedRaftLogWorker (SegmentedRaftLogWorker.java:getFromFuture(90)) - Timeout 9/~
org.apache.ratis.protocol.TimeoutIOException: Timeout 10s: WriteLog:15: (t:1, i:15), STATEMACHINELOGENTRY, client-5DAEDA81DCCF, cid=143-writeStateMachineData
	at org.apache.ratis.util.IOUtils.getFromFuture(IOUtils.java:87)
	at org.apache.ratis.server.raftlog.segmented.SegmentedRaftLogWorker$StateMachineDataPolicy.getFromFuture(SegmentedRaftLogWorker.java:87)
	at org.apache.ratis.server.raftlog.segmented.SegmentedRaftLogWorker$WriteLog.execute(SegmentedRaftLogWorker.java:477)
	at org.apache.ratis.server.raftlog.segmented.SegmentedRaftLogWorker.run(SegmentedRaftLogWorker.java:289)
	at java.lang.Thread.run(Thread.java:748)
Caused by: java.util.concurrent.TimeoutException
	at java.util.concurrent.CompletableFuture.timedGet(CompletableFuture.java:1771)
	at java.util.concurrent.CompletableFuture.get(CompletableFuture.java:1915)
	at org.apache.ratis.util.IOUtils.getFromFuture(IOUtils.java:79)
	... 4 more
2019-09-16 16:38:21,506 [5da997ac-485a-4ae3-a11f-bd7c3a0ad14d@group-EFD673A008FB-SegmentedRaftLogWorker] WARN  segmented.SegmentedRaftLogWorker (SegmentedRaftLogWorker.java:getFromFuture(90)) - Timeout 9/~
org.apache.ratis.protocol.TimeoutIOException: Timeout 10s: WriteLog:16: (t:1, i:16), STATEMACHINELOGENTRY, client-5DAEDA81DCCF, cid=144-writeStateMachineData
	at org.apache.ratis.util.IOUtils.getFromFuture(IOUtils.java:87)
	at org.apache.ratis.server.raftlog.segmented.SegmentedRaftLogWorker$StateMachineDataPolicy.getFromFuture(SegmentedRaftLogWorker.java:87)
	at org.apache.ratis.server.raftlog.segmented.SegmentedRaftLogWorker$WriteLog.execute(SegmentedRaftLogWorker.java:477)
	at org.apache.ratis.server.raftlog.segmented.SegmentedRaftLogWorker.run(SegmentedRaftLogWorker.java:289)
	at java.lang.Thread.run(Thread.java:748)
Caused by: java.util.concurrent.TimeoutException
	at java.util.concurrent.CompletableFuture.timedGet(CompletableFuture.java:1771)
	at java.util.concurrent.CompletableFuture.get(CompletableFuture.java:1915)
	at org.apache.ratis.util.IOUtils.getFromFuture(IOUtils.java:79)
	... 4 more
2019-09-16 16:38:21,923 [java.util.concurrent.ThreadPoolExecutor$Worker@35f96af3[State = -1, empty queue]] WARN  server.GrpcLogAppender (GrpcLogAppender.java:timeoutAppendRequest(200)) - 5da997ac-485a-4ae3-a11f-bd7c3a0ad14d@group-EFD673A008FB->2b9d536e-7082-46d0-bcea-3da9bf5f5d0c-GrpcLogAppender: appendEntries Timeout, request=5da997ac-485a-4ae3-a11f-bd7c3a0ad14d->2b9d536e-7082-46d0-bcea-3da9bf5f5d0c#132-t1, previous=(t:1, i:20), leaderCommit=14, initializing? false, entries: <empty>
2019-09-16 16:38:21,928 [java.util.concurrent.ThreadPoolExecutor$Worker@1be6be97[State = -1, empty queue]] WARN  server.GrpcLogAppender (GrpcLogAppender.java:timeoutAppendRequest(200)) - 5da997ac-485a-4ae3-a11f-bd7c3a0ad14d@group-EFD673A008FB->103cee85-d2d3-4069-a903-4a8bed8118d2-GrpcLogAppender: appendEntries Timeout, request=5da997ac-485a-4ae3-a11f-bd7c3a0ad14d->103cee85-d2d3-4069-a903-4a8bed8118d2#132-t1, previous=(t:1, i:20), leaderCommit=14, initializing? false, entries: <empty>
2019-09-16 16:38:22,091 [grpc-default-executor-2] INFO  client.GrpcClientProtocolClient (GrpcClientProtocolClient.java:onNext(264)) - client-5DAEDA81DCCF->103cee85-d2d3-4069-a903-4a8bed8118d2: receive RaftClientReply:client-5DAEDA81DCCF->103cee85-d2d3-4069-a903-4a8bed8118d2@group-EFD673A008FB, cid=143, FAILED org.apache.ratis.protocol.NotLeaderException: Server 103cee85-d2d3-4069-a903-4a8bed8118d2@group-EFD673A008FB is not the leader 5da997ac-485a-4ae3-a11f-bd7c3a0ad14d:192.168.5.183:41252, logIndex=0, commits[103cee85-d2d3-4069-a903-4a8bed8118d2:c14, 2b9d536e-7082-46d0-bcea-3da9bf5f5d0c:c12, 5da997ac-485a-4ae3-a11f-bd7c3a0ad14d:c14]
2019-09-16 16:38:24,424 [java.util.concurrent.ThreadPoolExecutor$Worker@35f96af3[State = -1, empty queue]] WARN  server.GrpcLogAppender (GrpcLogAppender.java:timeoutAppendRequest(200)) - 5da997ac-485a-4ae3-a11f-bd7c3a0ad14d@group-EFD673A008FB->2b9d536e-7082-46d0-bcea-3da9bf5f5d0c-GrpcLogAppender: appendEntries Timeout, request=5da997ac-485a-4ae3-a11f-bd7c3a0ad14d->2b9d536e-7082-46d0-bcea-3da9bf5f5d0c#133-t1, previous=(t:1, i:20), leaderCommit=14, initializing? false, entries: <empty>
2019-09-16 16:38:24,428 [java.util.concurrent.ThreadPoolExecutor$Worker@1be6be97[State = -1, empty queue]] WARN  server.GrpcLogAppender (GrpcLogAppender.java:timeoutAppendRequest(200)) - 5da997ac-485a-4ae3-a11f-bd7c3a0ad14d@group-EFD673A008FB->103cee85-d2d3-4069-a903-4a8bed8118d2-GrpcLogAppender: appendEntries Timeout, request=5da997ac-485a-4ae3-a11f-bd7c3a0ad14d->103cee85-d2d3-4069-a903-4a8bed8118d2#133-t1, previous=(t:1, i:20), leaderCommit=14, initializing? false, entries: <empty>
2019-09-16 16:38:26,924 [java.util.concurrent.ThreadPoolExecutor$Worker@35f96af3[State = -1, empty queue]] WARN  server.GrpcLogAppender (GrpcLogAppender.java:timeoutAppendRequest(200)) - 5da997ac-485a-4ae3-a11f-bd7c3a0ad14d@group-EFD673A008FB->2b9d536e-7082-46d0-bcea-3da9bf5f5d0c-GrpcLogAppender: appendEntries Timeout, request=5da997ac-485a-4ae3-a11f-bd7c3a0ad14d->2b9d536e-7082-46d0-bcea-3da9bf5f5d0c#134-t1, previous=(t:1, i:20), leaderCommit=14, initializing? false, entries: <empty>
2019-09-16 16:38:26,928 [java.util.concurrent.ThreadPoolExecutor$Worker@1be6be97[State = -1, empty queue]] WARN  server.GrpcLogAppender (GrpcLogAppender.java:timeoutAppendRequest(200)) - 5da997ac-485a-4ae3-a11f-bd7c3a0ad14d@group-EFD673A008FB->103cee85-d2d3-4069-a903-4a8bed8118d2-GrpcLogAppender: appendEntries Timeout, request=5da997ac-485a-4ae3-a11f-bd7c3a0ad14d->103cee85-d2d3-4069-a903-4a8bed8118d2#134-t1, previous=(t:1, i:20), leaderCommit=14, initializing? false, entries: <empty>
2019-09-16 16:38:27,130 [grpc-default-executor-2] INFO  client.GrpcClientProtocolClient (GrpcClientProtocolClient.java:onNext(264)) - client-5DAEDA81DCCF->103cee85-d2d3-4069-a903-4a8bed8118d2: receive RaftClientReply:client-5DAEDA81DCCF->103cee85-d2d3-4069-a903-4a8bed8118d2@group-EFD673A008FB, cid=143, FAILED org.apache.ratis.protocol.NotLeaderException: Server 103cee85-d2d3-4069-a903-4a8bed8118d2@group-EFD673A008FB is not the leader 5da997ac-485a-4ae3-a11f-bd7c3a0ad14d:192.168.5.183:41252, logIndex=0, commits[103cee85-d2d3-4069-a903-4a8bed8118d2:c14, 2b9d536e-7082-46d0-bcea-3da9bf5f5d0c:c12, 5da997ac-485a-4ae3-a11f-bd7c3a0ad14d:c14]
2019-09-16 16:38:29,424 [java.util.concurrent.ThreadPoolExecutor$Worker@35f96af3[State = -1, empty queue]] WARN  server.GrpcLogAppender (GrpcLogAppender.java:timeoutAppendRequest(200)) - 5da997ac-485a-4ae3-a11f-bd7c3a0ad14d@group-EFD673A008FB->2b9d536e-7082-46d0-bcea-3da9bf5f5d0c-GrpcLogAppender: appendEntries Timeout, request=5da997ac-485a-4ae3-a11f-bd7c3a0ad14d->2b9d536e-7082-46d0-bcea-3da9bf5f5d0c#135-t1, previous=(t:1, i:20), leaderCommit=14, initializing? false, entries: <empty>
2019-09-16 16:38:29,429 [java.util.concurrent.ThreadPoolExecutor$Worker@1be6be97[State = -1, empty queue]] WARN  server.GrpcLogAppender (GrpcLogAppender.java:timeoutAppendRequest(200)) - 5da997ac-485a-4ae3-a11f-bd7c3a0ad14d@group-EFD673A008FB->103cee85-d2d3-4069-a903-4a8bed8118d2-GrpcLogAppender: appendEntries Timeout, request=5da997ac-485a-4ae3-a11f-bd7c3a0ad14d->103cee85-d2d3-4069-a903-4a8bed8118d2#135-t1, previous=(t:1, i:20), leaderCommit=14, initializing? false, entries: <empty>
2019-09-16 16:38:31,277 [2b9d536e-7082-46d0-bcea-3da9bf5f5d0c@group-EFD673A008FB-SegmentedRaftLogWorker] WARN  segmented.SegmentedRaftLogWorker (SegmentedRaftLogWorker.java:getFromFuture(90)) - Timeout 10/~
org.apache.ratis.protocol.TimeoutIOException: Timeout 10s: WriteLog:15: (t:1, i:15), STATEMACHINELOGENTRY, client-5DAEDA81DCCF, cid=143-writeStateMachineData
	at org.apache.ratis.util.IOUtils.getFromFuture(IOUtils.java:87)
	at org.apache.ratis.server.raftlog.segmented.SegmentedRaftLogWorker$StateMachineDataPolicy.getFromFuture(SegmentedRaftLogWorker.java:87)
	at org.apache.ratis.server.raftlog.segmented.SegmentedRaftLogWorker$WriteLog.execute(SegmentedRaftLogWorker.java:477)
	at org.apache.ratis.server.raftlog.segmented.SegmentedRaftLogWorker.run(SegmentedRaftLogWorker.java:289)
	at java.lang.Thread.run(Thread.java:748)
Caused by: java.util.concurrent.TimeoutException
	at java.util.concurrent.CompletableFuture.timedGet(CompletableFuture.java:1771)
	at java.util.concurrent.CompletableFuture.get(CompletableFuture.java:1915)
	at org.apache.ratis.util.IOUtils.getFromFuture(IOUtils.java:79)
	... 4 more
2019-09-16 16:38:31,300 [103cee85-d2d3-4069-a903-4a8bed8118d2@group-EFD673A008FB-SegmentedRaftLogWorker] WARN  segmented.SegmentedRaftLogWorker (SegmentedRaftLogWorker.java:getFromFuture(90)) - Timeout 10/~
org.apache.ratis.protocol.TimeoutIOException: Timeout 10s: WriteLog:15: (t:1, i:15), STATEMACHINELOGENTRY, client-5DAEDA81DCCF, cid=143-writeStateMachineData
	at org.apache.ratis.util.IOUtils.getFromFuture(IOUtils.java:87)
	at org.apache.ratis.server.raftlog.segmented.SegmentedRaftLogWorker$StateMachineDataPolicy.getFromFuture(SegmentedRaftLogWorker.java:87)
	at org.apache.ratis.server.raftlog.segmented.SegmentedRaftLogWorker$WriteLog.execute(SegmentedRaftLogWorker.java:477)
	at org.apache.ratis.server.raftlog.segmented.SegmentedRaftLogWorker.run(SegmentedRaftLogWorker.java:289)
	at java.lang.Thread.run(Thread.java:748)
Caused by: java.util.concurrent.TimeoutException
	at java.util.concurrent.CompletableFuture.timedGet(CompletableFuture.java:1771)
	at java.util.concurrent.CompletableFuture.get(CompletableFuture.java:1915)
	at org.apache.ratis.util.IOUtils.getFromFuture(IOUtils.java:79)
	... 4 more
2019-09-16 16:38:31,507 [5da997ac-485a-4ae3-a11f-bd7c3a0ad14d@group-EFD673A008FB-SegmentedRaftLogWorker] WARN  segmented.SegmentedRaftLogWorker (SegmentedRaftLogWorker.java:getFromFuture(90)) - Timeout 10/~
org.apache.ratis.protocol.TimeoutIOException: Timeout 10s: WriteLog:16: (t:1, i:16), STATEMACHINELOGENTRY, client-5DAEDA81DCCF, cid=144-writeStateMachineData
	at org.apache.ratis.util.IOUtils.getFromFuture(IOUtils.java:87)
	at org.apache.ratis.server.raftlog.segmented.SegmentedRaftLogWorker$StateMachineDataPolicy.getFromFuture(SegmentedRaftLogWorker.java:87)
	at org.apache.ratis.server.raftlog.segmented.SegmentedRaftLogWorker$WriteLog.execute(SegmentedRaftLogWorker.java:477)
	at org.apache.ratis.server.raftlog.segmented.SegmentedRaftLogWorker.run(SegmentedRaftLogWorker.java:289)
	at java.lang.Thread.run(Thread.java:748)
Caused by: java.util.concurrent.TimeoutException
	at java.util.concurrent.CompletableFuture.timedGet(CompletableFuture.java:1771)
	at java.util.concurrent.CompletableFuture.get(CompletableFuture.java:1915)
	at org.apache.ratis.util.IOUtils.getFromFuture(IOUtils.java:79)
	... 4 more
2019-09-16 16:38:31,924 [java.util.concurrent.ThreadPoolExecutor$Worker@35f96af3[State = -1, empty queue]] WARN  server.GrpcLogAppender (GrpcLogAppender.java:timeoutAppendRequest(200)) - 5da997ac-485a-4ae3-a11f-bd7c3a0ad14d@group-EFD673A008FB->2b9d536e-7082-46d0-bcea-3da9bf5f5d0c-GrpcLogAppender: appendEntries Timeout, request=5da997ac-485a-4ae3-a11f-bd7c3a0ad14d->2b9d536e-7082-46d0-bcea-3da9bf5f5d0c#136-t1, previous=(t:1, i:20), leaderCommit=14, initializing? false, entries: <empty>
2019-09-16 16:38:31,929 [java.util.concurrent.ThreadPoolExecutor$Worker@1be6be97[State = -1, empty queue]] WARN  server.GrpcLogAppender (GrpcLogAppender.java:timeoutAppendRequest(200)) - 5da997ac-485a-4ae3-a11f-bd7c3a0ad14d@group-EFD673A008FB->103cee85-d2d3-4069-a903-4a8bed8118d2-GrpcLogAppender: appendEntries Timeout, request=5da997ac-485a-4ae3-a11f-bd7c3a0ad14d->103cee85-d2d3-4069-a903-4a8bed8118d2#136-t1, previous=(t:1, i:20), leaderCommit=14, initializing? false, entries: <empty>
2019-09-16 16:38:32,159 [grpc-default-executor-2] INFO  client.GrpcClientProtocolClient (GrpcClientProtocolClient.java:onNext(264)) - client-5DAEDA81DCCF->2b9d536e-7082-46d0-bcea-3da9bf5f5d0c: receive RaftClientReply:client-5DAEDA81DCCF->2b9d536e-7082-46d0-bcea-3da9bf5f5d0c@group-EFD673A008FB, cid=143, FAILED org.apache.ratis.protocol.NotLeaderException: Server 2b9d536e-7082-46d0-bcea-3da9bf5f5d0c@group-EFD673A008FB is not the leader 5da997ac-485a-4ae3-a11f-bd7c3a0ad14d:192.168.5.183:41252, logIndex=0, commits[2b9d536e-7082-46d0-bcea-3da9bf5f5d0c:c14, 103cee85-d2d3-4069-a903-4a8bed8118d2:c12, 5da997ac-485a-4ae3-a11f-bd7c3a0ad14d:c14]
2019-09-16 16:38:34,425 [java.util.concurrent.ThreadPoolExecutor$Worker@35f96af3[State = -1, empty queue]] WARN  server.GrpcLogAppender (GrpcLogAppender.java:timeoutAppendRequest(200)) - 5da997ac-485a-4ae3-a11f-bd7c3a0ad14d@group-EFD673A008FB->2b9d536e-7082-46d0-bcea-3da9bf5f5d0c-GrpcLogAppender: appendEntries Timeout, request=5da997ac-485a-4ae3-a11f-bd7c3a0ad14d->2b9d536e-7082-46d0-bcea-3da9bf5f5d0c#137-t1, previous=(t:1, i:20), leaderCommit=14, initializing? false, entries: <empty>
2019-09-16 16:38:34,429 [java.util.concurrent.ThreadPoolExecutor$Worker@1be6be97[State = -1, empty queue]] WARN  server.GrpcLogAppender (GrpcLogAppender.java:timeoutAppendRequest(200)) - 5da997ac-485a-4ae3-a11f-bd7c3a0ad14d@group-EFD673A008FB->103cee85-d2d3-4069-a903-4a8bed8118d2-GrpcLogAppender: appendEntries Timeout, request=5da997ac-485a-4ae3-a11f-bd7c3a0ad14d->103cee85-d2d3-4069-a903-4a8bed8118d2#137-t1, previous=(t:1, i:20), leaderCommit=14, initializing? false, entries: <empty>
2019-09-16 16:38:36,925 [java.util.concurrent.ThreadPoolExecutor$Worker@35f96af3[State = -1, empty queue]] WARN  server.GrpcLogAppender (GrpcLogAppender.java:timeoutAppendRequest(200)) - 5da997ac-485a-4ae3-a11f-bd7c3a0ad14d@group-EFD673A008FB->2b9d536e-7082-46d0-bcea-3da9bf5f5d0c-GrpcLogAppender: appendEntries Timeout, request=5da997ac-485a-4ae3-a11f-bd7c3a0ad14d->2b9d536e-7082-46d0-bcea-3da9bf5f5d0c#138-t1, previous=(t:1, i:20), leaderCommit=14, initializing? false, entries: <empty>
2019-09-16 16:38:36,929 [java.util.concurrent.ThreadPoolExecutor$Worker@1be6be97[State = -1, empty queue]] WARN  server.GrpcLogAppender (GrpcLogAppender.java:timeoutAppendRequest(200)) - 5da997ac-485a-4ae3-a11f-bd7c3a0ad14d@group-EFD673A008FB->103cee85-d2d3-4069-a903-4a8bed8118d2-GrpcLogAppender: appendEntries Timeout, request=5da997ac-485a-4ae3-a11f-bd7c3a0ad14d->103cee85-d2d3-4069-a903-4a8bed8118d2#138-t1, previous=(t:1, i:20), leaderCommit=14, initializing? false, entries: <empty>
2019-09-16 16:38:37,186 [grpc-default-executor-2] INFO  client.GrpcClientProtocolClient (GrpcClientProtocolClient.java:onNext(264)) - client-5DAEDA81DCCF->103cee85-d2d3-4069-a903-4a8bed8118d2: receive RaftClientReply:client-5DAEDA81DCCF->103cee85-d2d3-4069-a903-4a8bed8118d2@group-EFD673A008FB, cid=143, FAILED org.apache.ratis.protocol.NotLeaderException: Server 103cee85-d2d3-4069-a903-4a8bed8118d2@group-EFD673A008FB is not the leader 5da997ac-485a-4ae3-a11f-bd7c3a0ad14d:192.168.5.183:41252, logIndex=0, commits[103cee85-d2d3-4069-a903-4a8bed8118d2:c14, 2b9d536e-7082-46d0-bcea-3da9bf5f5d0c:c12, 5da997ac-485a-4ae3-a11f-bd7c3a0ad14d:c14]
2019-09-16 16:38:39,425 [java.util.concurrent.ThreadPoolExecutor$Worker@35f96af3[State = -1, empty queue]] WARN  server.GrpcLogAppender (GrpcLogAppender.java:timeoutAppendRequest(200)) - 5da997ac-485a-4ae3-a11f-bd7c3a0ad14d@group-EFD673A008FB->2b9d536e-7082-46d0-bcea-3da9bf5f5d0c-GrpcLogAppender: appendEntries Timeout, request=5da997ac-485a-4ae3-a11f-bd7c3a0ad14d->2b9d536e-7082-46d0-bcea-3da9bf5f5d0c#139-t1, previous=(t:1, i:20), leaderCommit=14, initializing? false, entries: <empty>
2019-09-16 16:38:39,430 [java.util.concurrent.ThreadPoolExecutor$Worker@1be6be97[State = -1, empty queue]] WARN  server.GrpcLogAppender (GrpcLogAppender.java:timeoutAppendRequest(200)) - 5da997ac-485a-4ae3-a11f-bd7c3a0ad14d@group-EFD673A008FB->103cee85-d2d3-4069-a903-4a8bed8118d2-GrpcLogAppender: appendEntries Timeout, request=5da997ac-485a-4ae3-a11f-bd7c3a0ad14d->103cee85-d2d3-4069-a903-4a8bed8118d2#139-t1, previous=(t:1, i:20), leaderCommit=14, initializing? false, entries: <empty>
2019-09-16 16:38:41,278 [2b9d536e-7082-46d0-bcea-3da9bf5f5d0c@group-EFD673A008FB-SegmentedRaftLogWorker] WARN  segmented.SegmentedRaftLogWorker (SegmentedRaftLogWorker.java:getFromFuture(90)) - Timeout 11/~
org.apache.ratis.protocol.TimeoutIOException: Timeout 10s: WriteLog:15: (t:1, i:15), STATEMACHINELOGENTRY, client-5DAEDA81DCCF, cid=143-writeStateMachineData
	at org.apache.ratis.util.IOUtils.getFromFuture(IOUtils.java:87)
	at org.apache.ratis.server.raftlog.segmented.SegmentedRaftLogWorker$StateMachineDataPolicy.getFromFuture(SegmentedRaftLogWorker.java:87)
	at org.apache.ratis.server.raftlog.segmented.SegmentedRaftLogWorker$WriteLog.execute(SegmentedRaftLogWorker.java:477)
	at org.apache.ratis.server.raftlog.segmented.SegmentedRaftLogWorker.run(SegmentedRaftLogWorker.java:289)
	at java.lang.Thread.run(Thread.java:748)
Caused by: java.util.concurrent.TimeoutException
	at java.util.concurrent.CompletableFuture.timedGet(CompletableFuture.java:1771)
	at java.util.concurrent.CompletableFuture.get(CompletableFuture.java:1915)
	at org.apache.ratis.util.IOUtils.getFromFuture(IOUtils.java:79)
	... 4 more
2019-09-16 16:38:41,301 [103cee85-d2d3-4069-a903-4a8bed8118d2@group-EFD673A008FB-SegmentedRaftLogWorker] WARN  segmented.SegmentedRaftLogWorker (SegmentedRaftLogWorker.java:getFromFuture(90)) - Timeout 11/~
org.apache.ratis.protocol.TimeoutIOException: Timeout 10s: WriteLog:15: (t:1, i:15), STATEMACHINELOGENTRY, client-5DAEDA81DCCF, cid=143-writeStateMachineData
	at org.apache.ratis.util.IOUtils.getFromFuture(IOUtils.java:87)
	at org.apache.ratis.server.raftlog.segmented.SegmentedRaftLogWorker$StateMachineDataPolicy.getFromFuture(SegmentedRaftLogWorker.java:87)
	at org.apache.ratis.server.raftlog.segmented.SegmentedRaftLogWorker$WriteLog.execute(SegmentedRaftLogWorker.java:477)
	at org.apache.ratis.server.raftlog.segmented.SegmentedRaftLogWorker.run(SegmentedRaftLogWorker.java:289)
	at java.lang.Thread.run(Thread.java:748)
Caused by: java.util.concurrent.TimeoutException
	at java.util.concurrent.CompletableFuture.timedGet(CompletableFuture.java:1771)
	at java.util.concurrent.CompletableFuture.get(CompletableFuture.java:1915)
	at org.apache.ratis.util.IOUtils.getFromFuture(IOUtils.java:79)
	... 4 more
2019-09-16 16:38:41,426 [org.apache.ratis.server.impl.LogAppender$AppenderDaemon$$Lambda$486/1268950271@38a38b9e] ERROR ratis.XceiverServerRatis (XceiverServerRatis.java:triggerPipelineClose(568)) - pipeline Action CLOSE  on pipeline PipelineID=780d3cc6-9867-4e5e-9ad1-efd673a008fb.Reason : 5da997ac-485a-4ae3-a11f-bd7c3a0ad14d has not seen follower/s 2b9d536e-7082-46d0-bcea-3da9bf5f5d0c for 120387ms 103cee85-d2d3-4069-a903-4a8bed8118d2 for 120389ms
2019-09-16 16:38:41,430 [org.apache.ratis.server.impl.LogAppender$AppenderDaemon$$Lambda$486/1268950271@4cfcd35] ERROR ratis.XceiverServerRatis (XceiverServerRatis.java:triggerPipelineClose(568)) - pipeline Action CLOSE  on pipeline PipelineID=780d3cc6-9867-4e5e-9ad1-efd673a008fb.Reason : 5da997ac-485a-4ae3-a11f-bd7c3a0ad14d has not seen follower/s 2b9d536e-7082-46d0-bcea-3da9bf5f5d0c for 120391ms 103cee85-d2d3-4069-a903-4a8bed8118d2 for 120393ms
2019-09-16 16:38:41,507 [5da997ac-485a-4ae3-a11f-bd7c3a0ad14d@group-EFD673A008FB-SegmentedRaftLogWorker] WARN  segmented.SegmentedRaftLogWorker (SegmentedRaftLogWorker.java:getFromFuture(90)) - Timeout 11/~
org.apache.ratis.protocol.TimeoutIOException: Timeout 10s: WriteLog:16: (t:1, i:16), STATEMACHINELOGENTRY, client-5DAEDA81DCCF, cid=144-writeStateMachineData
	at org.apache.ratis.util.IOUtils.getFromFuture(IOUtils.java:87)
	at org.apache.ratis.server.raftlog.segmented.SegmentedRaftLogWorker$StateMachineDataPolicy.getFromFuture(SegmentedRaftLogWorker.java:87)
	at org.apache.ratis.server.raftlog.segmented.SegmentedRaftLogWorker$WriteLog.execute(SegmentedRaftLogWorker.java:477)
	at org.apache.ratis.server.raftlog.segmented.SegmentedRaftLogWorker.run(SegmentedRaftLogWorker.java:289)
	at java.lang.Thread.run(Thread.java:748)
Caused by: java.util.concurrent.TimeoutException
	at java.util.concurrent.CompletableFuture.timedGet(CompletableFuture.java:1771)
	at java.util.concurrent.CompletableFuture.get(CompletableFuture.java:1915)
	at org.apache.ratis.util.IOUtils.getFromFuture(IOUtils.java:79)
	... 4 more
2019-09-16 16:38:41,510 [EventQueue-PipelineActionsForPipelineActionHandler] ERROR pipeline.PipelineActionHandler (PipelineActionHandler.java:onMessage(60)) - Received pipeline action CLOSE for Pipeline[ Id: 780d3cc6-9867-4e5e-9ad1-efd673a008fb, Nodes: 2b9d536e-7082-46d0-bcea-3da9bf5f5d0c{ip: 192.168.5.183, host: pr-hdds-1054-fkf2j-3502855176, networkLocation: /default-rack, certSerialId: null}103cee85-d2d3-4069-a903-4a8bed8118d2{ip: 192.168.5.183, host: pr-hdds-1054-fkf2j-3502855176, networkLocation: /default-rack, certSerialId: null}5da997ac-485a-4ae3-a11f-bd7c3a0ad14d{ip: 192.168.5.183, host: pr-hdds-1054-fkf2j-3502855176, networkLocation: /default-rack, certSerialId: null}, Type:RATIS, Factor:THREE, State:OPEN] from datanode 5da997ac-485a-4ae3-a11f-bd7c3a0ad14d{ip: 192.168.5.183, host: pr-hdds-1054-fkf2j-3502855176, networkLocation: /default-rack, certSerialId: null}. Reason : 5da997ac-485a-4ae3-a11f-bd7c3a0ad14d has not seen follower/s 2b9d536e-7082-46d0-bcea-3da9bf5f5d0c for 120387ms 103cee85-d2d3-4069-a903-4a8bed8118d2 for 120389ms
2019-09-16 16:38:41,510 [EventQueue-PipelineActionsForPipelineActionHandler] INFO  pipeline.SCMPipelineManager (SCMPipelineManager.java:finalizeAndDestroyPipeline(311)) - destroying pipeline:Pipeline[ Id: 780d3cc6-9867-4e5e-9ad1-efd673a008fb, Nodes: 2b9d536e-7082-46d0-bcea-3da9bf5f5d0c{ip: 192.168.5.183, host: pr-hdds-1054-fkf2j-3502855176, networkLocation: /default-rack, certSerialId: null}103cee85-d2d3-4069-a903-4a8bed8118d2{ip: 192.168.5.183, host: pr-hdds-1054-fkf2j-3502855176, networkLocation: /default-rack, certSerialId: null}5da997ac-485a-4ae3-a11f-bd7c3a0ad14d{ip: 192.168.5.183, host: pr-hdds-1054-fkf2j-3502855176, networkLocation: /default-rack, certSerialId: null}, Type:RATIS, Factor:THREE, State:OPEN]
2019-09-16 16:38:41,510 [EventQueue-PipelineActionsForPipelineActionHandler] INFO  pipeline.PipelineStateManager (PipelineStateManager.java:finalizePipeline(123)) - Pipeline Pipeline[ Id: 780d3cc6-9867-4e5e-9ad1-efd673a008fb, Nodes: 2b9d536e-7082-46d0-bcea-3da9bf5f5d0c{ip: 192.168.5.183, host: pr-hdds-1054-fkf2j-3502855176, networkLocation: /default-rack, certSerialId: null}103cee85-d2d3-4069-a903-4a8bed8118d2{ip: 192.168.5.183, host: pr-hdds-1054-fkf2j-3502855176, networkLocation: /default-rack, certSerialId: null}5da997ac-485a-4ae3-a11f-bd7c3a0ad14d{ip: 192.168.5.183, host: pr-hdds-1054-fkf2j-3502855176, networkLocation: /default-rack, certSerialId: null}, Type:RATIS, Factor:THREE, State:CLOSED] moved to CLOSED state
2019-09-16 16:38:41,510 [EventQueue-CloseContainerForCloseContainerEventHandler] INFO  container.CloseContainerEventHandler (CloseContainerEventHandler.java:onMessage(61)) - Close container Event triggered for container : #6
2019-09-16 16:38:41,511 [EventQueue-CloseContainerForCloseContainerEventHandler] INFO  container.CloseContainerEventHandler (CloseContainerEventHandler.java:onMessage(61)) - Close container Event triggered for container : #7
2019-09-16 16:38:41,514 [EventQueue-CloseContainerForCloseContainerEventHandler] INFO  container.CloseContainerEventHandler (CloseContainerEventHandler.java:onMessage(61)) - Close container Event triggered for container : #8
2019-09-16 16:38:41,926 [java.util.concurrent.ThreadPoolExecutor$Worker@35f96af3[State = -1, empty queue]] WARN  server.GrpcLogAppender (GrpcLogAppender.java:timeoutAppendRequest(200)) - 5da997ac-485a-4ae3-a11f-bd7c3a0ad14d@group-EFD673A008FB->2b9d536e-7082-46d0-bcea-3da9bf5f5d0c-GrpcLogAppender: appendEntries Timeout, request=5da997ac-485a-4ae3-a11f-bd7c3a0ad14d->2b9d536e-7082-46d0-bcea-3da9bf5f5d0c#140-t1, previous=(t:1, i:20), leaderCommit=14, initializing? false, entries: <empty>
2019-09-16 16:38:41,930 [java.util.concurrent.ThreadPoolExecutor$Worker@1be6be97[State = -1, empty queue]] WARN  server.GrpcLogAppender (GrpcLogAppender.java:timeoutAppendRequest(200)) - 5da997ac-485a-4ae3-a11f-bd7c3a0ad14d@group-EFD673A008FB->103cee85-d2d3-4069-a903-4a8bed8118d2-GrpcLogAppender: appendEntries Timeout, request=5da997ac-485a-4ae3-a11f-bd7c3a0ad14d->103cee85-d2d3-4069-a903-4a8bed8118d2#140-t1, previous=(t:1, i:20), leaderCommit=14, initializing? false, entries: <empty>
2019-09-16 16:38:42,229 [grpc-default-executor-2] INFO  client.GrpcClientProtocolClient (GrpcClientProtocolClient.java:onNext(264)) - client-5DAEDA81DCCF->2b9d536e-7082-46d0-bcea-3da9bf5f5d0c: receive RaftClientReply:client-5DAEDA81DCCF->2b9d536e-7082-46d0-bcea-3da9bf5f5d0c@group-EFD673A008FB, cid=143, FAILED org.apache.ratis.protocol.NotLeaderException: Server 2b9d536e-7082-46d0-bcea-3da9bf5f5d0c@group-EFD673A008FB is not the leader 5da997ac-485a-4ae3-a11f-bd7c3a0ad14d:192.168.5.183:41252, logIndex=0, commits[2b9d536e-7082-46d0-bcea-3da9bf5f5d0c:c14, 103cee85-d2d3-4069-a903-4a8bed8118d2:c12, 5da997ac-485a-4ae3-a11f-bd7c3a0ad14d:c14]
2019-09-16 16:38:43,927 [org.apache.ratis.server.impl.LogAppender$AppenderDaemon$$Lambda$486/1268950271@38a38b9e] ERROR ratis.XceiverServerRatis (XceiverServerRatis.java:triggerPipelineClose(568)) - pipeline Action CLOSE  on pipeline PipelineID=780d3cc6-9867-4e5e-9ad1-efd673a008fb.Reason : 5da997ac-485a-4ae3-a11f-bd7c3a0ad14d has not seen follower/s 2b9d536e-7082-46d0-bcea-3da9bf5f5d0c for 122888ms 103cee85-d2d3-4069-a903-4a8bed8118d2 for 122890ms
2019-09-16 16:38:43,930 [org.apache.ratis.server.impl.LogAppender$AppenderDaemon$$Lambda$486/1268950271@4cfcd35] ERROR ratis.XceiverServerRatis (XceiverServerRatis.java:triggerPipelineClose(568)) - pipeline Action CLOSE  on pipeline PipelineID=780d3cc6-9867-4e5e-9ad1-efd673a008fb.Reason : 5da997ac-485a-4ae3-a11f-bd7c3a0ad14d has not seen follower/s 2b9d536e-7082-46d0-bcea-3da9bf5f5d0c for 122892ms 103cee85-d2d3-4069-a903-4a8bed8118d2 for 122894ms
2019-09-16 16:38:44,426 [java.util.concurrent.ThreadPoolExecutor$Worker@35f96af3[State = -1, empty queue]] WARN  server.GrpcLogAppender (GrpcLogAppender.java:timeoutAppendRequest(200)) - 5da997ac-485a-4ae3-a11f-bd7c3a0ad14d@group-EFD673A008FB->2b9d536e-7082-46d0-bcea-3da9bf5f5d0c-GrpcLogAppender: appendEntries Timeout, request=5da997ac-485a-4ae3-a11f-bd7c3a0ad14d->2b9d536e-7082-46d0-bcea-3da9bf5f5d0c#141-t1, previous=(t:1, i:20), leaderCommit=14, initializing? false, entries: <empty>
2019-09-16 16:38:44,430 [java.util.concurrent.ThreadPoolExecutor$Worker@1be6be97[State = -1, empty queue]] WARN  server.GrpcLogAppender (GrpcLogAppender.java:timeoutAppendRequest(200)) - 5da997ac-485a-4ae3-a11f-bd7c3a0ad14d@group-EFD673A008FB->103cee85-d2d3-4069-a903-4a8bed8118d2-GrpcLogAppender: appendEntries Timeout, request=5da997ac-485a-4ae3-a11f-bd7c3a0ad14d->103cee85-d2d3-4069-a903-4a8bed8118d2#141-t1, previous=(t:1, i:20), leaderCommit=14, initializing? false, entries: <empty>
2019-09-16 16:38:44,510 [EventQueue-PipelineActionsForPipelineActionHandler] ERROR pipeline.PipelineActionHandler (PipelineActionHandler.java:onMessage(60)) - Received pipeline action CLOSE for Pipeline[ Id: 780d3cc6-9867-4e5e-9ad1-efd673a008fb, Nodes: 2b9d536e-7082-46d0-bcea-3da9bf5f5d0c{ip: 192.168.5.183, host: pr-hdds-1054-fkf2j-3502855176, networkLocation: /default-rack, certSerialId: null}103cee85-d2d3-4069-a903-4a8bed8118d2{ip: 192.168.5.183, host: pr-hdds-1054-fkf2j-3502855176, networkLocation: /default-rack, certSerialId: null}5da997ac-485a-4ae3-a11f-bd7c3a0ad14d{ip: 192.168.5.183, host: pr-hdds-1054-fkf2j-3502855176, networkLocation: /default-rack, certSerialId: null}, Type:RATIS, Factor:THREE, State:CLOSED] from datanode 5da997ac-485a-4ae3-a11f-bd7c3a0ad14d{ip: 192.168.5.183, host: pr-hdds-1054-fkf2j-3502855176, networkLocation: /default-rack, certSerialId: null}. Reason : 5da997ac-485a-4ae3-a11f-bd7c3a0ad14d has not seen follower/s 2b9d536e-7082-46d0-bcea-3da9bf5f5d0c for 122888ms 103cee85-d2d3-4069-a903-4a8bed8118d2 for 122890ms
2019-09-16 16:38:44,510 [EventQueue-PipelineActionsForPipelineActionHandler] INFO  pipeline.SCMPipelineManager (SCMPipelineManager.java:finalizeAndDestroyPipeline(311)) - destroying pipeline:Pipeline[ Id: 780d3cc6-9867-4e5e-9ad1-efd673a008fb, Nodes: 2b9d536e-7082-46d0-bcea-3da9bf5f5d0c{ip: 192.168.5.183, host: pr-hdds-1054-fkf2j-3502855176, networkLocation: /default-rack, certSerialId: null}103cee85-d2d3-4069-a903-4a8bed8118d2{ip: 192.168.5.183, host: pr-hdds-1054-fkf2j-3502855176, networkLocation: /default-rack, certSerialId: null}5da997ac-485a-4ae3-a11f-bd7c3a0ad14d{ip: 192.168.5.183, host: pr-hdds-1054-fkf2j-3502855176, networkLocation: /default-rack, certSerialId: null}, Type:RATIS, Factor:THREE, State:CLOSED]
2019-09-16 16:38:44,536 [org.apache.ratis.server.impl.LogAppender$AppenderDaemon$$Lambda$486/1268950271@4cfcd35] ERROR ratis.XceiverServerRatis (XceiverServerRatis.java:triggerPipelineClose(568)) - pipeline Action CLOSE  on pipeline PipelineID=780d3cc6-9867-4e5e-9ad1-efd673a008fb.Reason : 5da997ac-485a-4ae3-a11f-bd7c3a0ad14d has not seen follower/s 2b9d536e-7082-46d0-bcea-3da9bf5f5d0c for 123497ms 103cee85-d2d3-4069-a903-4a8bed8118d2 for 123500ms
2019-09-16 16:38:44,536 [org.apache.ratis.server.impl.LogAppender$AppenderDaemon$$Lambda$486/1268950271@38a38b9e] ERROR ratis.XceiverServerRatis (XceiverServerRatis.java:triggerPipelineClose(568)) - pipeline Action CLOSE  on pipeline PipelineID=780d3cc6-9867-4e5e-9ad1-efd673a008fb.Reason : 5da997ac-485a-4ae3-a11f-bd7c3a0ad14d has not seen follower/s 2b9d536e-7082-46d0-bcea-3da9bf5f5d0c for 123497ms 103cee85-d2d3-4069-a903-4a8bed8118d2 for 123500ms
2019-09-16 16:38:45,536 [EventQueue-PipelineActionsForPipelineActionHandler] ERROR pipeline.PipelineActionHandler (PipelineActionHandler.java:onMessage(60)) - Received pipeline action CLOSE for Pipeline[ Id: 780d3cc6-9867-4e5e-9ad1-efd673a008fb, Nodes: 2b9d536e-7082-46d0-bcea-3da9bf5f5d0c{ip: 192.168.5.183, host: pr-hdds-1054-fkf2j-3502855176, networkLocation: /default-rack, certSerialId: null}103cee85-d2d3-4069-a903-4a8bed8118d2{ip: 192.168.5.183, host: pr-hdds-1054-fkf2j-3502855176, networkLocation: /default-rack, certSerialId: null}5da997ac-485a-4ae3-a11f-bd7c3a0ad14d{ip: 192.168.5.183, host: pr-hdds-1054-fkf2j-3502855176, networkLocation: /default-rack, certSerialId: null}, Type:RATIS, Factor:THREE, State:CLOSED] from datanode 5da997ac-485a-4ae3-a11f-bd7c3a0ad14d{ip: 192.168.5.183, host: pr-hdds-1054-fkf2j-3502855176, networkLocation: /default-rack, certSerialId: null}. Reason : 5da997ac-485a-4ae3-a11f-bd7c3a0ad14d has not seen follower/s 2b9d536e-7082-46d0-bcea-3da9bf5f5d0c for 123497ms 103cee85-d2d3-4069-a903-4a8bed8118d2 for 123500ms
2019-09-16 16:38:45,537 [EventQueue-PipelineActionsForPipelineActionHandler] INFO  pipeline.SCMPipelineManager (SCMPipelineManager.java:finalizeAndDestroyPipeline(311)) - destroying pipeline:Pipeline[ Id: 780d3cc6-9867-4e5e-9ad1-efd673a008fb, Nodes: 2b9d536e-7082-46d0-bcea-3da9bf5f5d0c{ip: 192.168.5.183, host: pr-hdds-1054-fkf2j-3502855176, networkLocation: /default-rack, certSerialId: null}103cee85-d2d3-4069-a903-4a8bed8118d2{ip: 192.168.5.183, host: pr-hdds-1054-fkf2j-3502855176, networkLocation: /default-rack, certSerialId: null}5da997ac-485a-4ae3-a11f-bd7c3a0ad14d{ip: 192.168.5.183, host: pr-hdds-1054-fkf2j-3502855176, networkLocation: /default-rack, certSerialId: null}, Type:RATIS, Factor:THREE, State:CLOSED]
2019-09-16 16:38:46,927 [java.util.concurrent.ThreadPoolExecutor$Worker@35f96af3[State = -1, empty queue]] WARN  server.GrpcLogAppender (GrpcLogAppender.java:timeoutAppendRequest(200)) - 5da997ac-485a-4ae3-a11f-bd7c3a0ad14d@group-EFD673A008FB->2b9d536e-7082-46d0-bcea-3da9bf5f5d0c-GrpcLogAppender: appendEntries Timeout, request=5da997ac-485a-4ae3-a11f-bd7c3a0ad14d->2b9d536e-7082-46d0-bcea-3da9bf5f5d0c#142-t1, previous=(t:1, i:20), leaderCommit=14, initializing? false, entries: <empty>
2019-09-16 16:38:46,930 [java.util.concurrent.ThreadPoolExecutor$Worker@1be6be97[State = -1, empty queue]] WARN  server.GrpcLogAppender (GrpcLogAppender.java:timeoutAppendRequest(200)) - 5da997ac-485a-4ae3-a11f-bd7c3a0ad14d@group-EFD673A008FB->103cee85-d2d3-4069-a903-4a8bed8118d2-GrpcLogAppender: appendEntries Timeout, request=5da997ac-485a-4ae3-a11f-bd7c3a0ad14d->103cee85-d2d3-4069-a903-4a8bed8118d2#142-t1, previous=(t:1, i:20), leaderCommit=14, initializing? false, entries: <empty>
2019-09-16 16:38:47,037 [org.apache.ratis.server.impl.LogAppender$AppenderDaemon$$Lambda$486/1268950271@4cfcd35] ERROR ratis.XceiverServerRatis (XceiverServerRatis.java:triggerPipelineClose(568)) - pipeline Action CLOSE  on pipeline PipelineID=780d3cc6-9867-4e5e-9ad1-efd673a008fb.Reason : 5da997ac-485a-4ae3-a11f-bd7c3a0ad14d has not seen follower/s 2b9d536e-7082-46d0-bcea-3da9bf5f5d0c for 125998ms 103cee85-d2d3-4069-a903-4a8bed8118d2 for 126000ms
2019-09-16 16:38:47,037 [org.apache.ratis.server.impl.LogAppender$AppenderDaemon$$Lambda$486/1268950271@38a38b9e] ERROR ratis.XceiverServerRatis (XceiverServerRatis.java:triggerPipelineClose(568)) - pipeline Action CLOSE  on pipeline PipelineID=780d3cc6-9867-4e5e-9ad1-efd673a008fb.Reason : 5da997ac-485a-4ae3-a11f-bd7c3a0ad14d has not seen follower/s 2b9d536e-7082-46d0-bcea-3da9bf5f5d0c for 125998ms 103cee85-d2d3-4069-a903-4a8bed8118d2 for 126000ms
2019-09-16 16:38:47,266 [grpc-default-executor-2] INFO  client.GrpcClientProtocolClient (GrpcClientProtocolClient.java:onNext(264)) - client-5DAEDA81DCCF->103cee85-d2d3-4069-a903-4a8bed8118d2: receive RaftClientReply:client-5DAEDA81DCCF->103cee85-d2d3-4069-a903-4a8bed8118d2@group-EFD673A008FB, cid=143, FAILED org.apache.ratis.protocol.NotLeaderException: Server 103cee85-d2d3-4069-a903-4a8bed8118d2@group-EFD673A008FB is not the leader 5da997ac-485a-4ae3-a11f-bd7c3a0ad14d:192.168.5.183:41252, logIndex=0, commits[103cee85-d2d3-4069-a903-4a8bed8118d2:c14, 2b9d536e-7082-46d0-bcea-3da9bf5f5d0c:c12, 5da997ac-485a-4ae3-a11f-bd7c3a0ad14d:c14]
2019-09-16 16:38:47,536 [EventQueue-PipelineActionsForPipelineActionHandler] ERROR pipeline.PipelineActionHandler (PipelineActionHandler.java:onMessage(60)) - Received pipeline action CLOSE for Pipeline[ Id: 780d3cc6-9867-4e5e-9ad1-efd673a008fb, Nodes: 2b9d536e-7082-46d0-bcea-3da9bf5f5d0c{ip: 192.168.5.183, host: pr-hdds-1054-fkf2j-3502855176, networkLocation: /default-rack, certSerialId: null}103cee85-d2d3-4069-a903-4a8bed8118d2{ip: 192.168.5.183, host: pr-hdds-1054-fkf2j-3502855176, networkLocation: /default-rack, certSerialId: null}5da997ac-485a-4ae3-a11f-bd7c3a0ad14d{ip: 192.168.5.183, host: pr-hdds-1054-fkf2j-3502855176, networkLocation: /default-rack, certSerialId: null}, Type:RATIS, Factor:THREE, State:CLOSED] from datanode 5da997ac-485a-4ae3-a11f-bd7c3a0ad14d{ip: 192.168.5.183, host: pr-hdds-1054-fkf2j-3502855176, networkLocation: /default-rack, certSerialId: null}. Reason : 5da997ac-485a-4ae3-a11f-bd7c3a0ad14d has not seen follower/s 2b9d536e-7082-46d0-bcea-3da9bf5f5d0c for 125998ms 103cee85-d2d3-4069-a903-4a8bed8118d2 for 126000ms
2019-09-16 16:38:47,536 [EventQueue-PipelineActionsForPipelineActionHandler] INFO  pipeline.SCMPipelineManager (SCMPipelineManager.java:finalizeAndDestroyPipeline(311)) - destroying pipeline:Pipeline[ Id: 780d3cc6-9867-4e5e-9ad1-efd673a008fb, Nodes: 2b9d536e-7082-46d0-bcea-3da9bf5f5d0c{ip: 192.168.5.183, host: pr-hdds-1054-fkf2j-3502855176, networkLocation: /default-rack, certSerialId: null}103cee85-d2d3-4069-a903-4a8bed8118d2{ip: 192.168.5.183, host: pr-hdds-1054-fkf2j-3502855176, networkLocation: /default-rack, certSerialId: null}5da997ac-485a-4ae3-a11f-bd7c3a0ad14d{ip: 192.168.5.183, host: pr-hdds-1054-fkf2j-3502855176, networkLocation: /default-rack, certSerialId: null}, Type:RATIS, Factor:THREE, State:CLOSED]
2019-09-16 16:38:47,536 [java.util.concurrent.ThreadPoolExecutor$Worker@35f96af3[State = -1, empty queue]] WARN  server.GrpcLogAppender (GrpcLogAppender.java:timeoutAppendRequest(200)) - 5da997ac-485a-4ae3-a11f-bd7c3a0ad14d@group-EFD673A008FB->2b9d536e-7082-46d0-bcea-3da9bf5f5d0c-GrpcLogAppender: appendEntries Timeout, request=5da997ac-485a-4ae3-a11f-bd7c3a0ad14d->2b9d536e-7082-46d0-bcea-3da9bf5f5d0c#143-t1, previous=(t:1, i:20), leaderCommit=14, initializing? false, entries: size=1, first=(t:1, i:21), STATEMACHINELOGENTRY, client-336439C3FC50, cid=15
2019-09-16 16:38:47,536 [java.util.concurrent.ThreadPoolExecutor$Worker@1be6be97[State = -1, empty queue]] WARN  server.GrpcLogAppender (GrpcLogAppender.java:timeoutAppendRequest(200)) - 5da997ac-485a-4ae3-a11f-bd7c3a0ad14d@group-EFD673A008FB->103cee85-d2d3-4069-a903-4a8bed8118d2-GrpcLogAppender: appendEntries Timeout, request=5da997ac-485a-4ae3-a11f-bd7c3a0ad14d->103cee85-d2d3-4069-a903-4a8bed8118d2#143-t1, previous=(t:1, i:20), leaderCommit=14, initializing? false, entries: size=1, first=(t:1, i:21), STATEMACHINELOGENTRY, client-336439C3FC50, cid=15
2019-09-16 16:38:49,538 [org.apache.ratis.server.impl.LogAppender$AppenderDaemon$$Lambda$486/1268950271@4cfcd35] ERROR ratis.XceiverServerRatis (XceiverServerRatis.java:triggerPipelineClose(568)) - pipeline Action CLOSE  on pipeline PipelineID=780d3cc6-9867-4e5e-9ad1-efd673a008fb.Reason : 5da997ac-485a-4ae3-a11f-bd7c3a0ad14d has not seen follower/s 2b9d536e-7082-46d0-bcea-3da9bf5f5d0c for 128499ms 103cee85-d2d3-4069-a903-4a8bed8118d2 for 128501ms
2019-09-16 16:38:49,538 [org.apache.ratis.server.impl.LogAppender$AppenderDaemon$$Lambda$486/1268950271@38a38b9e] ERROR ratis.XceiverServerRatis (XceiverServerRatis.java:triggerPipelineClose(568)) - pipeline Action CLOSE  on pipeline PipelineID=780d3cc6-9867-4e5e-9ad1-efd673a008fb.Reason : 5da997ac-485a-4ae3-a11f-bd7c3a0ad14d has not seen follower/s 2b9d536e-7082-46d0-bcea-3da9bf5f5d0c for 128499ms 103cee85-d2d3-4069-a903-4a8bed8118d2 for 128501ms
2019-09-16 16:38:50,037 [java.util.concurrent.ThreadPoolExecutor$Worker@1be6be97[State = -1, empty queue]] WARN  server.GrpcLogAppender (GrpcLogAppender.java:timeoutAppendRequest(200)) - 5da997ac-485a-4ae3-a11f-bd7c3a0ad14d@group-EFD673A008FB->103cee85-d2d3-4069-a903-4a8bed8118d2-GrpcLogAppender: appendEntries Timeout, request=5da997ac-485a-4ae3-a11f-bd7c3a0ad14d->103cee85-d2d3-4069-a903-4a8bed8118d2#144-t1, previous=(t:1, i:21), leaderCommit=14, initializing? false, entries: <empty>
2019-09-16 16:38:50,037 [java.util.concurrent.ThreadPoolExecutor$Worker@35f96af3[State = -1, empty queue]] WARN  server.GrpcLogAppender (GrpcLogAppender.java:timeoutAppendRequest(200)) - 5da997ac-485a-4ae3-a11f-bd7c3a0ad14d@group-EFD673A008FB->2b9d536e-7082-46d0-bcea-3da9bf5f5d0c-GrpcLogAppender: appendEntries Timeout, request=5da997ac-485a-4ae3-a11f-bd7c3a0ad14d->2b9d536e-7082-46d0-bcea-3da9bf5f5d0c#144-t1, previous=(t:1, i:21), leaderCommit=14, initializing? false, entries: <empty>
2019-09-16 16:38:50,536 [EventQueue-PipelineActionsForPipelineActionHandler] ERROR pipeline.PipelineActionHandler (PipelineActionHandler.java:onMessage(60)) - Received pipeline action CLOSE for Pipeline[ Id: 780d3cc6-9867-4e5e-9ad1-efd673a008fb, Nodes: 2b9d536e-7082-46d0-bcea-3da9bf5f5d0c{ip: 192.168.5.183, host: pr-hdds-1054-fkf2j-3502855176, networkLocation: /default-rack, certSerialId: null}103cee85-d2d3-4069-a903-4a8bed8118d2{ip: 192.168.5.183, host: pr-hdds-1054-fkf2j-3502855176, networkLocation: /default-rack, certSerialId: null}5da997ac-485a-4ae3-a11f-bd7c3a0ad14d{ip: 192.168.5.183, host: pr-hdds-1054-fkf2j-3502855176, networkLocation: /default-rack, certSerialId: null}, Type:RATIS, Factor:THREE, State:CLOSED] from datanode 5da997ac-485a-4ae3-a11f-bd7c3a0ad14d{ip: 192.168.5.183, host: pr-hdds-1054-fkf2j-3502855176, networkLocation: /default-rack, certSerialId: null}. Reason : 5da997ac-485a-4ae3-a11f-bd7c3a0ad14d has not seen follower/s 2b9d536e-7082-46d0-bcea-3da9bf5f5d0c for 128499ms 103cee85-d2d3-4069-a903-4a8bed8118d2 for 128501ms
2019-09-16 16:38:50,537 [EventQueue-PipelineActionsForPipelineActionHandler] INFO  pipeline.SCMPipelineManager (SCMPipelineManager.java:finalizeAndDestroyPipeline(311)) - destroying pipeline:Pipeline[ Id: 780d3cc6-9867-4e5e-9ad1-efd673a008fb, Nodes: 2b9d536e-7082-46d0-bcea-3da9bf5f5d0c{ip: 192.168.5.183, host: pr-hdds-1054-fkf2j-3502855176, networkLocation: /default-rack, certSerialId: null}103cee85-d2d3-4069-a903-4a8bed8118d2{ip: 192.168.5.183, host: pr-hdds-1054-fkf2j-3502855176, networkLocation: /default-rack, certSerialId: null}5da997ac-485a-4ae3-a11f-bd7c3a0ad14d{ip: 192.168.5.183, host: pr-hdds-1054-fkf2j-3502855176, networkLocation: /default-rack, certSerialId: null}, Type:RATIS, Factor:THREE, State:CLOSED]
2019-09-16 16:38:51,279 [2b9d536e-7082-46d0-bcea-3da9bf5f5d0c@group-EFD673A008FB-SegmentedRaftLogWorker] WARN  segmented.SegmentedRaftLogWorker (SegmentedRaftLogWorker.java:getFromFuture(90)) - Timeout 12/~
org.apache.ratis.protocol.TimeoutIOException: Timeout 10s: WriteLog:15: (t:1, i:15), STATEMACHINELOGENTRY, client-5DAEDA81DCCF, cid=143-writeStateMachineData
	at org.apache.ratis.util.IOUtils.getFromFuture(IOUtils.java:87)
	at org.apache.ratis.server.raftlog.segmented.SegmentedRaftLogWorker$StateMachineDataPolicy.getFromFuture(SegmentedRaftLogWorker.java:87)
	at org.apache.ratis.server.raftlog.segmented.SegmentedRaftLogWorker$WriteLog.execute(SegmentedRaftLogWorker.java:477)
	at org.apache.ratis.server.raftlog.segmented.SegmentedRaftLogWorker.run(SegmentedRaftLogWorker.java:289)
	at java.lang.Thread.run(Thread.java:748)
Caused by: java.util.concurrent.TimeoutException
	at java.util.concurrent.CompletableFuture.timedGet(CompletableFuture.java:1771)
	at java.util.concurrent.CompletableFuture.get(CompletableFuture.java:1915)
	at org.apache.ratis.util.IOUtils.getFromFuture(IOUtils.java:79)
	... 4 more
2019-09-16 16:38:51,301 [103cee85-d2d3-4069-a903-4a8bed8118d2@group-EFD673A008FB-SegmentedRaftLogWorker] WARN  segmented.SegmentedRaftLogWorker (SegmentedRaftLogWorker.java:getFromFuture(90)) - Timeout 12/~
org.apache.ratis.protocol.TimeoutIOException: Timeout 10s: WriteLog:15: (t:1, i:15), STATEMACHINELOGENTRY, client-5DAEDA81DCCF, cid=143-writeStateMachineData
	at org.apache.ratis.util.IOUtils.getFromFuture(IOUtils.java:87)
	at org.apache.ratis.server.raftlog.segmented.SegmentedRaftLogWorker$StateMachineDataPolicy.getFromFuture(SegmentedRaftLogWorker.java:87)
	at org.apache.ratis.server.raftlog.segmented.SegmentedRaftLogWorker$WriteLog.execute(SegmentedRaftLogWorker.java:477)
	at org.apache.ratis.server.raftlog.segmented.SegmentedRaftLogWorker.run(SegmentedRaftLogWorker.java:289)
	at java.lang.Thread.run(Thread.java:748)
Caused by: java.util.concurrent.TimeoutException
	at java.util.concurrent.CompletableFuture.timedGet(CompletableFuture.java:1771)
	at java.util.concurrent.CompletableFuture.get(CompletableFuture.java:1915)
	at org.apache.ratis.util.IOUtils.getFromFuture(IOUtils.java:79)
	... 4 more
2019-09-16 16:38:51,508 [5da997ac-485a-4ae3-a11f-bd7c3a0ad14d@group-EFD673A008FB-SegmentedRaftLogWorker] WARN  segmented.SegmentedRaftLogWorker (SegmentedRaftLogWorker.java:getFromFuture(90)) - Timeout 12/~
org.apache.ratis.protocol.TimeoutIOException: Timeout 10s: WriteLog:16: (t:1, i:16), STATEMACHINELOGENTRY, client-5DAEDA81DCCF, cid=144-writeStateMachineData
	at org.apache.ratis.util.IOUtils.getFromFuture(IOUtils.java:87)
	at org.apache.ratis.server.raftlog.segmented.SegmentedRaftLogWorker$StateMachineDataPolicy.getFromFuture(SegmentedRaftLogWorker.java:87)
	at org.apache.ratis.server.raftlog.segmented.SegmentedRaftLogWorker$WriteLog.execute(SegmentedRaftLogWorker.java:477)
	at org.apache.ratis.server.raftlog.segmented.SegmentedRaftLogWorker.run(SegmentedRaftLogWorker.java:289)
	at java.lang.Thread.run(Thread.java:748)
Caused by: java.util.concurrent.TimeoutException
	at java.util.concurrent.CompletableFuture.timedGet(CompletableFuture.java:1771)
	at java.util.concurrent.CompletableFuture.get(CompletableFuture.java:1915)
	at org.apache.ratis.util.IOUtils.getFromFuture(IOUtils.java:79)
	... 4 more
2019-09-16 16:38:52,038 [org.apache.ratis.server.impl.LogAppender$AppenderDaemon$$Lambda$486/1268950271@4cfcd35] ERROR ratis.XceiverServerRatis (XceiverServerRatis.java:triggerPipelineClose(568)) - pipeline Action CLOSE  on pipeline PipelineID=780d3cc6-9867-4e5e-9ad1-efd673a008fb.Reason : 5da997ac-485a-4ae3-a11f-bd7c3a0ad14d has not seen follower/s 2b9d536e-7082-46d0-bcea-3da9bf5f5d0c for 130999ms 103cee85-d2d3-4069-a903-4a8bed8118d2 for 131002ms
2019-09-16 16:38:52,039 [org.apache.ratis.server.impl.LogAppender$AppenderDaemon$$Lambda$486/1268950271@38a38b9e] ERROR ratis.XceiverServerRatis (XceiverServerRatis.java:triggerPipelineClose(568)) - pipeline Action CLOSE  on pipeline PipelineID=780d3cc6-9867-4e5e-9ad1-efd673a008fb.Reason : 5da997ac-485a-4ae3-a11f-bd7c3a0ad14d has not seen follower/s 2b9d536e-7082-46d0-bcea-3da9bf5f5d0c for 131000ms 103cee85-d2d3-4069-a903-4a8bed8118d2 for 131002ms
2019-09-16 16:38:52,302 [grpc-default-executor-2] INFO  client.GrpcClientProtocolClient (GrpcClientProtocolClient.java:onNext(264)) - client-5DAEDA81DCCF->2b9d536e-7082-46d0-bcea-3da9bf5f5d0c: receive RaftClientReply:client-5DAEDA81DCCF->2b9d536e-7082-46d0-bcea-3da9bf5f5d0c@group-EFD673A008FB, cid=143, FAILED org.apache.ratis.protocol.NotLeaderException: Server 2b9d536e-7082-46d0-bcea-3da9bf5f5d0c@group-EFD673A008FB is not the leader 5da997ac-485a-4ae3-a11f-bd7c3a0ad14d:192.168.5.183:41252, logIndex=0, commits[2b9d536e-7082-46d0-bcea-3da9bf5f5d0c:c14, 103cee85-d2d3-4069-a903-4a8bed8118d2:c12, 5da997ac-485a-4ae3-a11f-bd7c3a0ad14d:c14]
2019-09-16 16:38:52,537 [EventQueue-PipelineActionsForPipelineActionHandler] ERROR pipeline.PipelineActionHandler (PipelineActionHandler.java:onMessage(60)) - Received pipeline action CLOSE for Pipeline[ Id: 780d3cc6-9867-4e5e-9ad1-efd673a008fb, Nodes: 2b9d536e-7082-46d0-bcea-3da9bf5f5d0c{ip: 192.168.5.183, host: pr-hdds-1054-fkf2j-3502855176, networkLocation: /default-rack, certSerialId: null}103cee85-d2d3-4069-a903-4a8bed8118d2{ip: 192.168.5.183, host: pr-hdds-1054-fkf2j-3502855176, networkLocation: /default-rack, certSerialId: null}5da997ac-485a-4ae3-a11f-bd7c3a0ad14d{ip: 192.168.5.183, host: pr-hdds-1054-fkf2j-3502855176, networkLocation: /default-rack, certSerialId: null}, Type:RATIS, Factor:THREE, State:CLOSED] from datanode 5da997ac-485a-4ae3-a11f-bd7c3a0ad14d{ip: 192.168.5.183, host: pr-hdds-1054-fkf2j-3502855176, networkLocation: /default-rack, certSerialId: null}. Reason : 5da997ac-485a-4ae3-a11f-bd7c3a0ad14d has not seen follower/s 2b9d536e-7082-46d0-bcea-3da9bf5f5d0c for 130999ms 103cee85-d2d3-4069-a903-4a8bed8118d2 for 131002ms
2019-09-16 16:38:52,537 [EventQueue-PipelineActionsForPipelineActionHandler] INFO  pipeline.SCMPipelineManager (SCMPipelineManager.java:finalizeAndDestroyPipeline(311)) - destroying pipeline:Pipeline[ Id: 780d3cc6-9867-4e5e-9ad1-efd673a008fb, Nodes: 2b9d536e-7082-46d0-bcea-3da9bf5f5d0c{ip: 192.168.5.183, host: pr-hdds-1054-fkf2j-3502855176, networkLocation: /default-rack, certSerialId: null}103cee85-d2d3-4069-a903-4a8bed8118d2{ip: 192.168.5.183, host: pr-hdds-1054-fkf2j-3502855176, networkLocation: /default-rack, certSerialId: null}5da997ac-485a-4ae3-a11f-bd7c3a0ad14d{ip: 192.168.5.183, host: pr-hdds-1054-fkf2j-3502855176, networkLocation: /default-rack, certSerialId: null}, Type:RATIS, Factor:THREE, State:CLOSED]
2019-09-16 16:38:52,538 [java.util.concurrent.ThreadPoolExecutor$Worker@1be6be97[State = -1, empty queue]] WARN  server.GrpcLogAppender (GrpcLogAppender.java:timeoutAppendRequest(200)) - 5da997ac-485a-4ae3-a11f-bd7c3a0ad14d@group-EFD673A008FB->103cee85-d2d3-4069-a903-4a8bed8118d2-GrpcLogAppender: appendEntries Timeout, request=5da997ac-485a-4ae3-a11f-bd7c3a0ad14d->103cee85-d2d3-4069-a903-4a8bed8118d2#145-t1, previous=(t:1, i:21), leaderCommit=14, initializing? false, entries: <empty>
2019-09-16 16:38:52,538 [java.util.concurrent.ThreadPoolExecutor$Worker@35f96af3[State = -1, empty queue]] WARN  server.GrpcLogAppender (GrpcLogAppender.java:timeoutAppendRequest(200)) - 5da997ac-485a-4ae3-a11f-bd7c3a0ad14d@group-EFD673A008FB->2b9d536e-7082-46d0-bcea-3da9bf5f5d0c-GrpcLogAppender: appendEntries Timeout, request=5da997ac-485a-4ae3-a11f-bd7c3a0ad14d->2b9d536e-7082-46d0-bcea-3da9bf5f5d0c#145-t1, previous=(t:1, i:21), leaderCommit=14, initializing? false, entries: <empty>
2019-09-16 16:38:54,539 [org.apache.ratis.server.impl.LogAppender$AppenderDaemon$$Lambda$486/1268950271@4cfcd35] ERROR ratis.XceiverServerRatis (XceiverServerRatis.java:triggerPipelineClose(568)) - pipeline Action CLOSE  on pipeline PipelineID=780d3cc6-9867-4e5e-9ad1-efd673a008fb.Reason : 5da997ac-485a-4ae3-a11f-bd7c3a0ad14d has not seen follower/s 2b9d536e-7082-46d0-bcea-3da9bf5f5d0c for 133500ms 103cee85-d2d3-4069-a903-4a8bed8118d2 for 133503ms
2019-09-16 16:38:54,539 [org.apache.ratis.server.impl.LogAppender$AppenderDaemon$$Lambda$486/1268950271@38a38b9e] ERROR ratis.XceiverServerRatis (XceiverServerRatis.java:triggerPipelineClose(568)) - pipeline Action CLOSE  on pipeline PipelineID=780d3cc6-9867-4e5e-9ad1-efd673a008fb.Reason : 5da997ac-485a-4ae3-a11f-bd7c3a0ad14d has not seen follower/s 2b9d536e-7082-46d0-bcea-3da9bf5f5d0c for 133500ms 103cee85-d2d3-4069-a903-4a8bed8118d2 for 133503ms
2019-09-16 16:38:55,038 [java.util.concurrent.ThreadPoolExecutor$Worker@1be6be97[State = -1, empty queue]] WARN  server.GrpcLogAppender (GrpcLogAppender.java:timeoutAppendRequest(200)) - 5da997ac-485a-4ae3-a11f-bd7c3a0ad14d@group-EFD673A008FB->103cee85-d2d3-4069-a903-4a8bed8118d2-GrpcLogAppender: appendEntries Timeout, request=5da997ac-485a-4ae3-a11f-bd7c3a0ad14d->103cee85-d2d3-4069-a903-4a8bed8118d2#146-t1, previous=(t:1, i:21), leaderCommit=14, initializing? false, entries: <empty>
2019-09-16 16:38:55,039 [java.util.concurrent.ThreadPoolExecutor$Worker@35f96af3[State = -1, empty queue]] WARN  server.GrpcLogAppender (GrpcLogAppender.java:timeoutAppendRequest(200)) - 5da997ac-485a-4ae3-a11f-bd7c3a0ad14d@group-EFD673A008FB->2b9d536e-7082-46d0-bcea-3da9bf5f5d0c-GrpcLogAppender: appendEntries Timeout, request=5da997ac-485a-4ae3-a11f-bd7c3a0ad14d->2b9d536e-7082-46d0-bcea-3da9bf5f5d0c#146-t1, previous=(t:1, i:21), leaderCommit=14, initializing? false, entries: <empty>
2019-09-16 16:38:55,537 [EventQueue-PipelineActionsForPipelineActionHandler] ERROR pipeline.PipelineActionHandler (PipelineActionHandler.java:onMessage(60)) - Received pipeline action CLOSE for Pipeline[ Id: 780d3cc6-9867-4e5e-9ad1-efd673a008fb, Nodes: 2b9d536e-7082-46d0-bcea-3da9bf5f5d0c{ip: 192.168.5.183, host: pr-hdds-1054-fkf2j-3502855176, networkLocation: /default-rack, certSerialId: null}103cee85-d2d3-4069-a903-4a8bed8118d2{ip: 192.168.5.183, host: pr-hdds-1054-fkf2j-3502855176, networkLocation: /default-rack, certSerialId: null}5da997ac-485a-4ae3-a11f-bd7c3a0ad14d{ip: 192.168.5.183, host: pr-hdds-1054-fkf2j-3502855176, networkLocation: /default-rack, certSerialId: null}, Type:RATIS, Factor:THREE, State:CLOSED] from datanode 5da997ac-485a-4ae3-a11f-bd7c3a0ad14d{ip: 192.168.5.183, host: pr-hdds-1054-fkf2j-3502855176, networkLocation: /default-rack, certSerialId: null}. Reason : 5da997ac-485a-4ae3-a11f-bd7c3a0ad14d has not seen follower/s 2b9d536e-7082-46d0-bcea-3da9bf5f5d0c for 133500ms 103cee85-d2d3-4069-a903-4a8bed8118d2 for 133503ms
2019-09-16 16:38:55,537 [EventQueue-PipelineActionsForPipelineActionHandler] INFO  pipeline.SCMPipelineManager (SCMPipelineManager.java:finalizeAndDestroyPipeline(311)) - destroying pipeline:Pipeline[ Id: 780d3cc6-9867-4e5e-9ad1-efd673a008fb, Nodes: 2b9d536e-7082-46d0-bcea-3da9bf5f5d0c{ip: 192.168.5.183, host: pr-hdds-1054-fkf2j-3502855176, networkLocation: /default-rack, certSerialId: null}103cee85-d2d3-4069-a903-4a8bed8118d2{ip: 192.168.5.183, host: pr-hdds-1054-fkf2j-3502855176, networkLocation: /default-rack, certSerialId: null}5da997ac-485a-4ae3-a11f-bd7c3a0ad14d{ip: 192.168.5.183, host: pr-hdds-1054-fkf2j-3502855176, networkLocation: /default-rack, certSerialId: null}, Type:RATIS, Factor:THREE, State:CLOSED]
2019-09-16 16:38:57,040 [org.apache.ratis.server.impl.LogAppender$AppenderDaemon$$Lambda$486/1268950271@4cfcd35] ERROR ratis.XceiverServerRatis (XceiverServerRatis.java:triggerPipelineClose(568)) - pipeline Action CLOSE  on pipeline PipelineID=780d3cc6-9867-4e5e-9ad1-efd673a008fb.Reason : 5da997ac-485a-4ae3-a11f-bd7c3a0ad14d has not seen follower/s 2b9d536e-7082-46d0-bcea-3da9bf5f5d0c for 136001ms 103cee85-d2d3-4069-a903-4a8bed8118d2 for 136003ms
2019-09-16 16:38:57,040 [org.apache.ratis.server.impl.LogAppender$AppenderDaemon$$Lambda$486/1268950271@38a38b9e] ERROR ratis.XceiverServerRatis (XceiverServerRatis.java:triggerPipelineClose(568)) - pipeline Action CLOSE  on pipeline PipelineID=780d3cc6-9867-4e5e-9ad1-efd673a008fb.Reason : 5da997ac-485a-4ae3-a11f-bd7c3a0ad14d has not seen follower/s 2b9d536e-7082-46d0-bcea-3da9bf5f5d0c for 136001ms 103cee85-d2d3-4069-a903-4a8bed8118d2 for 136003ms
2019-09-16 16:38:57,336 [grpc-default-executor-2] INFO  client.GrpcClientProtocolClient (GrpcClientProtocolClient.java:onNext(264)) - client-5DAEDA81DCCF->103cee85-d2d3-4069-a903-4a8bed8118d2: receive RaftClientReply:client-5DAEDA81DCCF->103cee85-d2d3-4069-a903-4a8bed8118d2@group-EFD673A008FB, cid=143, FAILED org.apache.ratis.protocol.NotLeaderException: Server 103cee85-d2d3-4069-a903-4a8bed8118d2@group-EFD673A008FB is not the leader 5da997ac-485a-4ae3-a11f-bd7c3a0ad14d:192.168.5.183:41252, logIndex=0, commits[103cee85-d2d3-4069-a903-4a8bed8118d2:c14, 2b9d536e-7082-46d0-bcea-3da9bf5f5d0c:c12, 5da997ac-485a-4ae3-a11f-bd7c3a0ad14d:c14]
2019-09-16 16:38:57,538 [EventQueue-PipelineActionsForPipelineActionHandler] ERROR pipeline.PipelineActionHandler (PipelineActionHandler.java:onMessage(60)) - Received pipeline action CLOSE for Pipeline[ Id: 780d3cc6-9867-4e5e-9ad1-efd673a008fb, Nodes: 2b9d536e-7082-46d0-bcea-3da9bf5f5d0c{ip: 192.168.5.183, host: pr-hdds-1054-fkf2j-3502855176, networkLocation: /default-rack, certSerialId: null}103cee85-d2d3-4069-a903-4a8bed8118d2{ip: 192.168.5.183, host: pr-hdds-1054-fkf2j-3502855176, networkLocation: /default-rack, certSerialId: null}5da997ac-485a-4ae3-a11f-bd7c3a0ad14d{ip: 192.168.5.183, host: pr-hdds-1054-fkf2j-3502855176, networkLocation: /default-rack, certSerialId: null}, Type:RATIS, Factor:THREE, State:CLOSED] from datanode 5da997ac-485a-4ae3-a11f-bd7c3a0ad14d{ip: 192.168.5.183, host: pr-hdds-1054-fkf2j-3502855176, networkLocation: /default-rack, certSerialId: null}. Reason : 5da997ac-485a-4ae3-a11f-bd7c3a0ad14d has not seen follower/s 2b9d536e-7082-46d0-bcea-3da9bf5f5d0c for 136001ms 103cee85-d2d3-4069-a903-4a8bed8118d2 for 136003ms
2019-09-16 16:38:57,539 [EventQueue-PipelineActionsForPipelineActionHandler] INFO  pipeline.SCMPipelineManager (SCMPipelineManager.java:finalizeAndDestroyPipeline(311)) - destroying pipeline:Pipeline[ Id: 780d3cc6-9867-4e5e-9ad1-efd673a008fb, Nodes: 2b9d536e-7082-46d0-bcea-3da9bf5f5d0c{ip: 192.168.5.183, host: pr-hdds-1054-fkf2j-3502855176, networkLocation: /default-rack, certSerialId: null}103cee85-d2d3-4069-a903-4a8bed8118d2{ip: 192.168.5.183, host: pr-hdds-1054-fkf2j-3502855176, networkLocation: /default-rack, certSerialId: null}5da997ac-485a-4ae3-a11f-bd7c3a0ad14d{ip: 192.168.5.183, host: pr-hdds-1054-fkf2j-3502855176, networkLocation: /default-rack, certSerialId: null}, Type:RATIS, Factor:THREE, State:CLOSED]
2019-09-16 16:38:57,539 [java.util.concurrent.ThreadPoolExecutor$Worker@1be6be97[State = -1, empty queue]] WARN  server.GrpcLogAppender (GrpcLogAppender.java:timeoutAppendRequest(200)) - 5da997ac-485a-4ae3-a11f-bd7c3a0ad14d@group-EFD673A008FB->103cee85-d2d3-4069-a903-4a8bed8118d2-GrpcLogAppender: appendEntries Timeout, request=5da997ac-485a-4ae3-a11f-bd7c3a0ad14d->103cee85-d2d3-4069-a903-4a8bed8118d2#147-t1, previous=(t:1, i:21), leaderCommit=14, initializing? false, entries: <empty>
2019-09-16 16:38:57,539 [java.util.concurrent.ThreadPoolExecutor$Worker@35f96af3[State = -1, empty queue]] WARN  server.GrpcLogAppender (GrpcLogAppender.java:timeoutAppendRequest(200)) - 5da997ac-485a-4ae3-a11f-bd7c3a0ad14d@group-EFD673A008FB->2b9d536e-7082-46d0-bcea-3da9bf5f5d0c-GrpcLogAppender: appendEntries Timeout, request=5da997ac-485a-4ae3-a11f-bd7c3a0ad14d->2b9d536e-7082-46d0-bcea-3da9bf5f5d0c#147-t1, previous=(t:1, i:21), leaderCommit=14, initializing? false, entries: <empty>
2019-09-16 16:38:59,541 [org.apache.ratis.server.impl.LogAppender$AppenderDaemon$$Lambda$486/1268950271@4cfcd35] ERROR ratis.XceiverServerRatis (XceiverServerRatis.java:triggerPipelineClose(568)) - pipeline Action CLOSE  on pipeline PipelineID=780d3cc6-9867-4e5e-9ad1-efd673a008fb.Reason : 5da997ac-485a-4ae3-a11f-bd7c3a0ad14d has not seen follower/s 2b9d536e-7082-46d0-bcea-3da9bf5f5d0c for 138502ms 103cee85-d2d3-4069-a903-4a8bed8118d2 for 138504ms
2019-09-16 16:38:59,541 [org.apache.ratis.server.impl.LogAppender$AppenderDaemon$$Lambda$486/1268950271@38a38b9e] ERROR ratis.XceiverServerRatis (XceiverServerRatis.java:triggerPipelineClose(568)) - pipeline Action CLOSE  on pipeline PipelineID=780d3cc6-9867-4e5e-9ad1-efd673a008fb.Reason : 5da997ac-485a-4ae3-a11f-bd7c3a0ad14d has not seen follower/s 2b9d536e-7082-46d0-bcea-3da9bf5f5d0c for 138502ms 103cee85-d2d3-4069-a903-4a8bed8118d2 for 138504ms
2019-09-16 16:39:00,040 [java.util.concurrent.ThreadPoolExecutor$Worker@1be6be97[State = -1, empty queue]] WARN  server.GrpcLogAppender (GrpcLogAppender.java:timeoutAppendRequest(200)) - 5da997ac-485a-4ae3-a11f-bd7c3a0ad14d@group-EFD673A008FB->103cee85-d2d3-4069-a903-4a8bed8118d2-GrpcLogAppender: appendEntries Timeout, request=5da997ac-485a-4ae3-a11f-bd7c3a0ad14d->103cee85-d2d3-4069-a903-4a8bed8118d2#148-t1, previous=(t:1, i:21), leaderCommit=14, initializing? false, entries: <empty>
2019-09-16 16:39:00,040 [java.util.concurrent.ThreadPoolExecutor$Worker@35f96af3[State = -1, empty queue]] WARN  server.GrpcLogAppender (GrpcLogAppender.java:timeoutAppendRequest(200)) - 5da997ac-485a-4ae3-a11f-bd7c3a0ad14d@group-EFD673A008FB->2b9d536e-7082-46d0-bcea-3da9bf5f5d0c-GrpcLogAppender: appendEntries Timeout, request=5da997ac-485a-4ae3-a11f-bd7c3a0ad14d->2b9d536e-7082-46d0-bcea-3da9bf5f5d0c#148-t1, previous=(t:1, i:21), leaderCommit=14, initializing? false, entries: <empty>
2019-09-16 16:39:00,538 [EventQueue-PipelineActionsForPipelineActionHandler] ERROR pipeline.PipelineActionHandler (PipelineActionHandler.java:onMessage(60)) - Received pipeline action CLOSE for Pipeline[ Id: 780d3cc6-9867-4e5e-9ad1-efd673a008fb, Nodes: 2b9d536e-7082-46d0-bcea-3da9bf5f5d0c{ip: 192.168.5.183, host: pr-hdds-1054-fkf2j-3502855176, networkLocation: /default-rack, certSerialId: null}103cee85-d2d3-4069-a903-4a8bed8118d2{ip: 192.168.5.183, host: pr-hdds-1054-fkf2j-3502855176, networkLocation: /default-rack, certSerialId: null}5da997ac-485a-4ae3-a11f-bd7c3a0ad14d{ip: 192.168.5.183, host: pr-hdds-1054-fkf2j-3502855176, networkLocation: /default-rack, certSerialId: null}, Type:RATIS, Factor:THREE, State:CLOSED] from datanode 5da997ac-485a-4ae3-a11f-bd7c3a0ad14d{ip: 192.168.5.183, host: pr-hdds-1054-fkf2j-3502855176, networkLocation: /default-rack, certSerialId: null}. Reason : 5da997ac-485a-4ae3-a11f-bd7c3a0ad14d has not seen follower/s 2b9d536e-7082-46d0-bcea-3da9bf5f5d0c for 138502ms 103cee85-d2d3-4069-a903-4a8bed8118d2 for 138504ms
2019-09-16 16:39:00,538 [EventQueue-PipelineActionsForPipelineActionHandler] INFO  pipeline.SCMPipelineManager (SCMPipelineManager.java:finalizeAndDestroyPipeline(311)) - destroying pipeline:Pipeline[ Id: 780d3cc6-9867-4e5e-9ad1-efd673a008fb, Nodes: 2b9d536e-7082-46d0-bcea-3da9bf5f5d0c{ip: 192.168.5.183, host: pr-hdds-1054-fkf2j-3502855176, networkLocation: /default-rack, certSerialId: null}103cee85-d2d3-4069-a903-4a8bed8118d2{ip: 192.168.5.183, host: pr-hdds-1054-fkf2j-3502855176, networkLocation: /default-rack, certSerialId: null}5da997ac-485a-4ae3-a11f-bd7c3a0ad14d{ip: 192.168.5.183, host: pr-hdds-1054-fkf2j-3502855176, networkLocation: /default-rack, certSerialId: null}, Type:RATIS, Factor:THREE, State:CLOSED]
2019-09-16 16:39:01,279 [2b9d536e-7082-46d0-bcea-3da9bf5f5d0c@group-EFD673A008FB-SegmentedRaftLogWorker] WARN  segmented.SegmentedRaftLogWorker (SegmentedRaftLogWorker.java:getFromFuture(90)) - Timeout 13/~
org.apache.ratis.protocol.TimeoutIOException: Timeout 10s: WriteLog:15: (t:1, i:15), STATEMACHINELOGENTRY, client-5DAEDA81DCCF, cid=143-writeStateMachineData
	at org.apache.ratis.util.IOUtils.getFromFuture(IOUtils.java:87)
	at org.apache.ratis.server.raftlog.segmented.SegmentedRaftLogWorker$StateMachineDataPolicy.getFromFuture(SegmentedRaftLogWorker.java:87)
	at org.apache.ratis.server.raftlog.segmented.SegmentedRaftLogWorker$WriteLog.execute(SegmentedRaftLogWorker.java:477)
	at org.apache.ratis.server.raftlog.segmented.SegmentedRaftLogWorker.run(SegmentedRaftLogWorker.java:289)
	at java.lang.Thread.run(Thread.java:748)
Caused by: java.util.concurrent.TimeoutException
	at java.util.concurrent.CompletableFuture.timedGet(CompletableFuture.java:1771)
	at java.util.concurrent.CompletableFuture.get(CompletableFuture.java:1915)
	at org.apache.ratis.util.IOUtils.getFromFuture(IOUtils.java:79)
	... 4 more
2019-09-16 16:39:01,302 [103cee85-d2d3-4069-a903-4a8bed8118d2@group-EFD673A008FB-SegmentedRaftLogWorker] WARN  segmented.SegmentedRaftLogWorker (SegmentedRaftLogWorker.java:getFromFuture(90)) - Timeout 13/~
org.apache.ratis.protocol.TimeoutIOException: Timeout 10s: WriteLog:15: (t:1, i:15), STATEMACHINELOGENTRY, client-5DAEDA81DCCF, cid=143-writeStateMachineData
	at org.apache.ratis.util.IOUtils.getFromFuture(IOUtils.java:87)
	at org.apache.ratis.server.raftlog.segmented.SegmentedRaftLogWorker$StateMachineDataPolicy.getFromFuture(SegmentedRaftLogWorker.java:87)
	at org.apache.ratis.server.raftlog.segmented.SegmentedRaftLogWorker$WriteLog.execute(SegmentedRaftLogWorker.java:477)
	at org.apache.ratis.server.raftlog.segmented.SegmentedRaftLogWorker.run(SegmentedRaftLogWorker.java:289)
	at java.lang.Thread.run(Thread.java:748)
Caused by: java.util.concurrent.TimeoutException
	at java.util.concurrent.CompletableFuture.timedGet(CompletableFuture.java:1771)
	at java.util.concurrent.CompletableFuture.get(CompletableFuture.java:1915)
	at org.apache.ratis.util.IOUtils.getFromFuture(IOUtils.java:79)
	... 4 more
2019-09-16 16:39:01,509 [5da997ac-485a-4ae3-a11f-bd7c3a0ad14d@group-EFD673A008FB-SegmentedRaftLogWorker] WARN  segmented.SegmentedRaftLogWorker (SegmentedRaftLogWorker.java:getFromFuture(90)) - Timeout 13/~
org.apache.ratis.protocol.TimeoutIOException: Timeout 10s: WriteLog:16: (t:1, i:16), STATEMACHINELOGENTRY, client-5DAEDA81DCCF, cid=144-writeStateMachineData
	at org.apache.ratis.util.IOUtils.getFromFuture(IOUtils.java:87)
	at org.apache.ratis.server.raftlog.segmented.SegmentedRaftLogWorker$StateMachineDataPolicy.getFromFuture(SegmentedRaftLogWorker.java:87)
	at org.apache.ratis.server.raftlog.segmented.SegmentedRaftLogWorker$WriteLog.execute(SegmentedRaftLogWorker.java:477)
	at org.apache.ratis.server.raftlog.segmented.SegmentedRaftLogWorker.run(SegmentedRaftLogWorker.java:289)
	at java.lang.Thread.run(Thread.java:748)
Caused by: java.util.concurrent.TimeoutException
	at java.util.concurrent.CompletableFuture.timedGet(CompletableFuture.java:1771)
	at java.util.concurrent.CompletableFuture.get(CompletableFuture.java:1915)
	at org.apache.ratis.util.IOUtils.getFromFuture(IOUtils.java:79)
	... 4 more
2019-09-16 16:39:02,042 [org.apache.ratis.server.impl.LogAppender$AppenderDaemon$$Lambda$486/1268950271@4cfcd35] ERROR ratis.XceiverServerRatis (XceiverServerRatis.java:triggerPipelineClose(568)) - pipeline Action CLOSE  on pipeline PipelineID=780d3cc6-9867-4e5e-9ad1-efd673a008fb.Reason : 5da997ac-485a-4ae3-a11f-bd7c3a0ad14d has not seen follower/s 2b9d536e-7082-46d0-bcea-3da9bf5f5d0c for 141003ms 103cee85-d2d3-4069-a903-4a8bed8118d2 for 141005ms
2019-09-16 16:39:02,042 [org.apache.ratis.server.impl.LogAppender$AppenderDaemon$$Lambda$486/1268950271@38a38b9e] ERROR ratis.XceiverServerRatis (XceiverServerRatis.java:triggerPipelineClose(568)) - pipeline Action CLOSE  on pipeline PipelineID=780d3cc6-9867-4e5e-9ad1-efd673a008fb.Reason : 5da997ac-485a-4ae3-a11f-bd7c3a0ad14d has not seen follower/s 2b9d536e-7082-46d0-bcea-3da9bf5f5d0c for 141003ms 103cee85-d2d3-4069-a903-4a8bed8118d2 for 141005ms
2019-09-16 16:39:02,373 [grpc-default-executor-5] INFO  client.GrpcClientProtocolClient (GrpcClientProtocolClient.java:onNext(264)) - client-5DAEDA81DCCF->103cee85-d2d3-4069-a903-4a8bed8118d2: receive RaftClientReply:client-5DAEDA81DCCF->103cee85-d2d3-4069-a903-4a8bed8118d2@group-EFD673A008FB, cid=143, FAILED org.apache.ratis.protocol.NotLeaderException: Server 103cee85-d2d3-4069-a903-4a8bed8118d2@group-EFD673A008FB is not the leader 5da997ac-485a-4ae3-a11f-bd7c3a0ad14d:192.168.5.183:41252, logIndex=0, commits[103cee85-d2d3-4069-a903-4a8bed8118d2:c14, 2b9d536e-7082-46d0-bcea-3da9bf5f5d0c:c12, 5da997ac-485a-4ae3-a11f-bd7c3a0ad14d:c14]
2019-09-16 16:39:02,538 [EventQueue-PipelineActionsForPipelineActionHandler] ERROR pipeline.PipelineActionHandler (PipelineActionHandler.java:onMessage(60)) - Received pipeline action CLOSE for Pipeline[ Id: 780d3cc6-9867-4e5e-9ad1-efd673a008fb, Nodes: 2b9d536e-7082-46d0-bcea-3da9bf5f5d0c{ip: 192.168.5.183, host: pr-hdds-1054-fkf2j-3502855176, networkLocation: /default-rack, certSerialId: null}103cee85-d2d3-4069-a903-4a8bed8118d2{ip: 192.168.5.183, host: pr-hdds-1054-fkf2j-3502855176, networkLocation: /default-rack, certSerialId: null}5da997ac-485a-4ae3-a11f-bd7c3a0ad14d{ip: 192.168.5.183, host: pr-hdds-1054-fkf2j-3502855176, networkLocation: /default-rack, certSerialId: null}, Type:RATIS, Factor:THREE, State:CLOSED] from datanode 5da997ac-485a-4ae3-a11f-bd7c3a0ad14d{ip: 192.168.5.183, host: pr-hdds-1054-fkf2j-3502855176, networkLocation: /default-rack, certSerialId: null}. Reason : 5da997ac-485a-4ae3-a11f-bd7c3a0ad14d has not seen follower/s 2b9d536e-7082-46d0-bcea-3da9bf5f5d0c for 141003ms 103cee85-d2d3-4069-a903-4a8bed8118d2 for 141005ms
2019-09-16 16:39:02,538 [EventQueue-PipelineActionsForPipelineActionHandler] INFO  pipeline.SCMPipelineManager (SCMPipelineManager.java:finalizeAndDestroyPipeline(311)) - destroying pipeline:Pipeline[ Id: 780d3cc6-9867-4e5e-9ad1-efd673a008fb, Nodes: 2b9d536e-7082-46d0-bcea-3da9bf5f5d0c{ip: 192.168.5.183, host: pr-hdds-1054-fkf2j-3502855176, networkLocation: /default-rack, certSerialId: null}103cee85-d2d3-4069-a903-4a8bed8118d2{ip: 192.168.5.183, host: pr-hdds-1054-fkf2j-3502855176, networkLocation: /default-rack, certSerialId: null}5da997ac-485a-4ae3-a11f-bd7c3a0ad14d{ip: 192.168.5.183, host: pr-hdds-1054-fkf2j-3502855176, networkLocation: /default-rack, certSerialId: null}, Type:RATIS, Factor:THREE, State:CLOSED]
2019-09-16 16:39:02,541 [java.util.concurrent.ThreadPoolExecutor$Worker@1be6be97[State = -1, empty queue]] WARN  server.GrpcLogAppender (GrpcLogAppender.java:timeoutAppendRequest(200)) - 5da997ac-485a-4ae3-a11f-bd7c3a0ad14d@group-EFD673A008FB->103cee85-d2d3-4069-a903-4a8bed8118d2-GrpcLogAppender: appendEntries Timeout, request=5da997ac-485a-4ae3-a11f-bd7c3a0ad14d->103cee85-d2d3-4069-a903-4a8bed8118d2#149-t1, previous=(t:1, i:21), leaderCommit=14, initializing? false, entries: <empty>
2019-09-16 16:39:02,541 [java.util.concurrent.ThreadPoolExecutor$Worker@35f96af3[State = -1, empty queue]] WARN  server.GrpcLogAppender (GrpcLogAppender.java:timeoutAppendRequest(200)) - 5da997ac-485a-4ae3-a11f-bd7c3a0ad14d@group-EFD673A008FB->2b9d536e-7082-46d0-bcea-3da9bf5f5d0c-GrpcLogAppender: appendEntries Timeout, request=5da997ac-485a-4ae3-a11f-bd7c3a0ad14d->2b9d536e-7082-46d0-bcea-3da9bf5f5d0c#149-t1, previous=(t:1, i:21), leaderCommit=14, initializing? false, entries: <empty>
2019-09-16 16:39:04,543 [org.apache.ratis.server.impl.LogAppender$AppenderDaemon$$Lambda$486/1268950271@4cfcd35] ERROR ratis.XceiverServerRatis (XceiverServerRatis.java:triggerPipelineClose(568)) - pipeline Action CLOSE  on pipeline PipelineID=780d3cc6-9867-4e5e-9ad1-efd673a008fb.Reason : 5da997ac-485a-4ae3-a11f-bd7c3a0ad14d has not seen follower/s 2b9d536e-7082-46d0-bcea-3da9bf5f5d0c for 143504ms 103cee85-d2d3-4069-a903-4a8bed8118d2 for 143506ms
2019-09-16 16:39:04,543 [org.apache.ratis.server.impl.LogAppender$AppenderDaemon$$Lambda$486/1268950271@38a38b9e] ERROR ratis.XceiverServerRatis (XceiverServerRatis.java:triggerPipelineClose(568)) - pipeline Action CLOSE  on pipeline PipelineID=780d3cc6-9867-4e5e-9ad1-efd673a008fb.Reason : 5da997ac-485a-4ae3-a11f-bd7c3a0ad14d has not seen follower/s 2b9d536e-7082-46d0-bcea-3da9bf5f5d0c for 143504ms 103cee85-d2d3-4069-a903-4a8bed8118d2 for 143506ms
2019-09-16 16:39:05,041 [java.util.concurrent.ThreadPoolExecutor$Worker@1be6be97[State = -1, empty queue]] WARN  server.GrpcLogAppender (GrpcLogAppender.java:timeoutAppendRequest(200)) - 5da997ac-485a-4ae3-a11f-bd7c3a0ad14d@group-EFD673A008FB->103cee85-d2d3-4069-a903-4a8bed8118d2-GrpcLogAppender: appendEntries Timeout, request=5da997ac-485a-4ae3-a11f-bd7c3a0ad14d->103cee85-d2d3-4069-a903-4a8bed8118d2#150-t1, previous=(t:1, i:21), leaderCommit=14, initializing? false, entries: <empty>
2019-09-16 16:39:05,041 [java.util.concurrent.ThreadPoolExecutor$Worker@35f96af3[State = -1, empty queue]] WARN  server.GrpcLogAppender (GrpcLogAppender.java:timeoutAppendRequest(200)) - 5da997ac-485a-4ae3-a11f-bd7c3a0ad14d@group-EFD673A008FB->2b9d536e-7082-46d0-bcea-3da9bf5f5d0c-GrpcLogAppender: appendEntries Timeout, request=5da997ac-485a-4ae3-a11f-bd7c3a0ad14d->2b9d536e-7082-46d0-bcea-3da9bf5f5d0c#150-t1, previous=(t:1, i:21), leaderCommit=14, initializing? false, entries: <empty>
2019-09-16 16:39:05,538 [EventQueue-PipelineActionsForPipelineActionHandler] ERROR pipeline.PipelineActionHandler (PipelineActionHandler.java:onMessage(60)) - Received pipeline action CLOSE for Pipeline[ Id: 780d3cc6-9867-4e5e-9ad1-efd673a008fb, Nodes: 2b9d536e-7082-46d0-bcea-3da9bf5f5d0c{ip: 192.168.5.183, host: pr-hdds-1054-fkf2j-3502855176, networkLocation: /default-rack, certSerialId: null}103cee85-d2d3-4069-a903-4a8bed8118d2{ip: 192.168.5.183, host: pr-hdds-1054-fkf2j-3502855176, networkLocation: /default-rack, certSerialId: null}5da997ac-485a-4ae3-a11f-bd7c3a0ad14d{ip: 192.168.5.183, host: pr-hdds-1054-fkf2j-3502855176, networkLocation: /default-rack, certSerialId: null}, Type:RATIS, Factor:THREE, State:CLOSED] from datanode 5da997ac-485a-4ae3-a11f-bd7c3a0ad14d{ip: 192.168.5.183, host: pr-hdds-1054-fkf2j-3502855176, networkLocation: /default-rack, certSerialId: null}. Reason : 5da997ac-485a-4ae3-a11f-bd7c3a0ad14d has not seen follower/s 2b9d536e-7082-46d0-bcea-3da9bf5f5d0c for 143504ms 103cee85-d2d3-4069-a903-4a8bed8118d2 for 143506ms
2019-09-16 16:39:05,539 [EventQueue-PipelineActionsForPipelineActionHandler] INFO  pipeline.SCMPipelineManager (SCMPipelineManager.java:finalizeAndDestroyPipeline(311)) - destroying pipeline:Pipeline[ Id: 780d3cc6-9867-4e5e-9ad1-efd673a008fb, Nodes: 2b9d536e-7082-46d0-bcea-3da9bf5f5d0c{ip: 192.168.5.183, host: pr-hdds-1054-fkf2j-3502855176, networkLocation: /default-rack, certSerialId: null}103cee85-d2d3-4069-a903-4a8bed8118d2{ip: 192.168.5.183, host: pr-hdds-1054-fkf2j-3502855176, networkLocation: /default-rack, certSerialId: null}5da997ac-485a-4ae3-a11f-bd7c3a0ad14d{ip: 192.168.5.183, host: pr-hdds-1054-fkf2j-3502855176, networkLocation: /default-rack, certSerialId: null}, Type:RATIS, Factor:THREE, State:CLOSED]
2019-09-16 16:39:07,044 [org.apache.ratis.server.impl.LogAppender$AppenderDaemon$$Lambda$486/1268950271@4cfcd35] ERROR ratis.XceiverServerRatis (XceiverServerRatis.java:triggerPipelineClose(568)) - pipeline Action CLOSE  on pipeline PipelineID=780d3cc6-9867-4e5e-9ad1-efd673a008fb.Reason : 5da997ac-485a-4ae3-a11f-bd7c3a0ad14d has not seen follower/s 2b9d536e-7082-46d0-bcea-3da9bf5f5d0c for 146005ms 103cee85-d2d3-4069-a903-4a8bed8118d2 for 146007ms
2019-09-16 16:39:07,044 [org.apache.ratis.server.impl.LogAppender$AppenderDaemon$$Lambda$486/1268950271@38a38b9e] ERROR ratis.XceiverServerRatis (XceiverServerRatis.java:triggerPipelineClose(568)) - pipeline Action CLOSE  on pipeline PipelineID=780d3cc6-9867-4e5e-9ad1-efd673a008fb.Reason : 5da997ac-485a-4ae3-a11f-bd7c3a0ad14d has not seen follower/s 2b9d536e-7082-46d0-bcea-3da9bf5f5d0c for 146005ms 103cee85-d2d3-4069-a903-4a8bed8118d2 for 146007ms
2019-09-16 16:39:07,412 [grpc-default-executor-2] INFO  client.GrpcClientProtocolClient (GrpcClientProtocolClient.java:onNext(264)) - client-5DAEDA81DCCF->2b9d536e-7082-46d0-bcea-3da9bf5f5d0c: receive RaftClientReply:client-5DAEDA81DCCF->2b9d536e-7082-46d0-bcea-3da9bf5f5d0c@group-EFD673A008FB, cid=143, FAILED org.apache.ratis.protocol.NotLeaderException: Server 2b9d536e-7082-46d0-bcea-3da9bf5f5d0c@group-EFD673A008FB is not the leader 5da997ac-485a-4ae3-a11f-bd7c3a0ad14d:192.168.5.183:41252, logIndex=0, commits[2b9d536e-7082-46d0-bcea-3da9bf5f5d0c:c14, 103cee85-d2d3-4069-a903-4a8bed8118d2:c12, 5da997ac-485a-4ae3-a11f-bd7c3a0ad14d:c14]
2019-09-16 16:39:07,539 [EventQueue-PipelineActionsForPipelineActionHandler] ERROR pipeline.PipelineActionHandler (PipelineActionHandler.java:onMessage(60)) - Received pipeline action CLOSE for Pipeline[ Id: 780d3cc6-9867-4e5e-9ad1-efd673a008fb, Nodes: 2b9d536e-7082-46d0-bcea-3da9bf5f5d0c{ip: 192.168.5.183, host: pr-hdds-1054-fkf2j-3502855176, networkLocation: /default-rack, certSerialId: null}103cee85-d2d3-4069-a903-4a8bed8118d2{ip: 192.168.5.183, host: pr-hdds-1054-fkf2j-3502855176, networkLocation: /default-rack, certSerialId: null}5da997ac-485a-4ae3-a11f-bd7c3a0ad14d{ip: 192.168.5.183, host: pr-hdds-1054-fkf2j-3502855176, networkLocation: /default-rack, certSerialId: null}, Type:RATIS, Factor:THREE, State:CLOSED] from datanode 5da997ac-485a-4ae3-a11f-bd7c3a0ad14d{ip: 192.168.5.183, host: pr-hdds-1054-fkf2j-3502855176, networkLocation: /default-rack, certSerialId: null}. Reason : 5da997ac-485a-4ae3-a11f-bd7c3a0ad14d has not seen follower/s 2b9d536e-7082-46d0-bcea-3da9bf5f5d0c for 146005ms 103cee85-d2d3-4069-a903-4a8bed8118d2 for 146007ms
2019-09-16 16:39:07,540 [EventQueue-PipelineActionsForPipelineActionHandler] INFO  pipeline.SCMPipelineManager (SCMPipelineManager.java:finalizeAndDestroyPipeline(311)) - destroying pipeline:Pipeline[ Id: 780d3cc6-9867-4e5e-9ad1-efd673a008fb, Nodes: 2b9d536e-7082-46d0-bcea-3da9bf5f5d0c{ip: 192.168.5.183, host: pr-hdds-1054-fkf2j-3502855176, networkLocation: /default-rack, certSerialId: null}103cee85-d2d3-4069-a903-4a8bed8118d2{ip: 192.168.5.183, host: pr-hdds-1054-fkf2j-3502855176, networkLocation: /default-rack, certSerialId: null}5da997ac-485a-4ae3-a11f-bd7c3a0ad14d{ip: 192.168.5.183, host: pr-hdds-1054-fkf2j-3502855176, networkLocation: /default-rack, certSerialId: null}, Type:RATIS, Factor:THREE, State:CLOSED]
2019-09-16 16:39:07,542 [java.util.concurrent.ThreadPoolExecutor$Worker@1be6be97[State = -1, empty queue]] WARN  server.GrpcLogAppender (GrpcLogAppender.java:timeoutAppendRequest(200)) - 5da997ac-485a-4ae3-a11f-bd7c3a0ad14d@group-EFD673A008FB->103cee85-d2d3-4069-a903-4a8bed8118d2-GrpcLogAppender: appendEntries Timeout, request=5da997ac-485a-4ae3-a11f-bd7c3a0ad14d->103cee85-d2d3-4069-a903-4a8bed8118d2#151-t1, previous=(t:1, i:21), leaderCommit=14, initializing? false, entries: <empty>
2019-09-16 16:39:07,542 [java.util.concurrent.ThreadPoolExecutor$Worker@35f96af3[State = -1, empty queue]] WARN  server.GrpcLogAppender (GrpcLogAppender.java:timeoutAppendRequest(200)) - 5da997ac-485a-4ae3-a11f-bd7c3a0ad14d@group-EFD673A008FB->2b9d536e-7082-46d0-bcea-3da9bf5f5d0c-GrpcLogAppender: appendEntries Timeout, request=5da997ac-485a-4ae3-a11f-bd7c3a0ad14d->2b9d536e-7082-46d0-bcea-3da9bf5f5d0c#151-t1, previous=(t:1, i:21), leaderCommit=14, initializing? false, entries: <empty>
2019-09-16 16:39:09,544 [org.apache.ratis.server.impl.LogAppender$AppenderDaemon$$Lambda$486/1268950271@4cfcd35] ERROR ratis.XceiverServerRatis (XceiverServerRatis.java:triggerPipelineClose(568)) - pipeline Action CLOSE  on pipeline PipelineID=780d3cc6-9867-4e5e-9ad1-efd673a008fb.Reason : 5da997ac-485a-4ae3-a11f-bd7c3a0ad14d has not seen follower/s 2b9d536e-7082-46d0-bcea-3da9bf5f5d0c for 148505ms 103cee85-d2d3-4069-a903-4a8bed8118d2 for 148508ms
2019-09-16 16:39:09,544 [org.apache.ratis.server.impl.LogAppender$AppenderDaemon$$Lambda$486/1268950271@38a38b9e] ERROR ratis.XceiverServerRatis (XceiverServerRatis.java:triggerPipelineClose(568)) - pipeline Action CLOSE  on pipeline PipelineID=780d3cc6-9867-4e5e-9ad1-efd673a008fb.Reason : 5da997ac-485a-4ae3-a11f-bd7c3a0ad14d has not seen follower/s 2b9d536e-7082-46d0-bcea-3da9bf5f5d0c for 148505ms 103cee85-d2d3-4069-a903-4a8bed8118d2 for 148508ms
2019-09-16 16:39:10,043 [java.util.concurrent.ThreadPoolExecutor$Worker@1be6be97[State = -1, empty queue]] WARN  server.GrpcLogAppender (GrpcLogAppender.java:timeoutAppendRequest(200)) - 5da997ac-485a-4ae3-a11f-bd7c3a0ad14d@group-EFD673A008FB->103cee85-d2d3-4069-a903-4a8bed8118d2-GrpcLogAppender: appendEntries Timeout, request=5da997ac-485a-4ae3-a11f-bd7c3a0ad14d->103cee85-d2d3-4069-a903-4a8bed8118d2#152-t1, previous=(t:1, i:21), leaderCommit=14, initializing? false, entries: <empty>
2019-09-16 16:39:10,044 [java.util.concurrent.ThreadPoolExecutor$Worker@35f96af3[State = -1, empty queue]] WARN  server.GrpcLogAppender (GrpcLogAppender.java:timeoutAppendRequest(200)) - 5da997ac-485a-4ae3-a11f-bd7c3a0ad14d@group-EFD673A008FB->2b9d536e-7082-46d0-bcea-3da9bf5f5d0c-GrpcLogAppender: appendEntries Timeout, request=5da997ac-485a-4ae3-a11f-bd7c3a0ad14d->2b9d536e-7082-46d0-bcea-3da9bf5f5d0c#152-t1, previous=(t:1, i:21), leaderCommit=14, initializing? false, entries: <empty>
2019-09-16 16:39:10,539 [EventQueue-PipelineActionsForPipelineActionHandler] ERROR pipeline.PipelineActionHandler (PipelineActionHandler.java:onMessage(60)) - Received pipeline action CLOSE for Pipeline[ Id: 780d3cc6-9867-4e5e-9ad1-efd673a008fb, Nodes: 2b9d536e-7082-46d0-bcea-3da9bf5f5d0c{ip: 192.168.5.183, host: pr-hdds-1054-fkf2j-3502855176, networkLocation: /default-rack, certSerialId: null}103cee85-d2d3-4069-a903-4a8bed8118d2{ip: 192.168.5.183, host: pr-hdds-1054-fkf2j-3502855176, networkLocation: /default-rack, certSerialId: null}5da997ac-485a-4ae3-a11f-bd7c3a0ad14d{ip: 192.168.5.183, host: pr-hdds-1054-fkf2j-3502855176, networkLocation: /default-rack, certSerialId: null}, Type:RATIS, Factor:THREE, State:CLOSED] from datanode 5da997ac-485a-4ae3-a11f-bd7c3a0ad14d{ip: 192.168.5.183, host: pr-hdds-1054-fkf2j-3502855176, networkLocation: /default-rack, certSerialId: null}. Reason : 5da997ac-485a-4ae3-a11f-bd7c3a0ad14d has not seen follower/s 2b9d536e-7082-46d0-bcea-3da9bf5f5d0c for 148505ms 103cee85-d2d3-4069-a903-4a8bed8118d2 for 148508ms
2019-09-16 16:39:10,539 [EventQueue-PipelineActionsForPipelineActionHandler] INFO  pipeline.SCMPipelineManager (SCMPipelineManager.java:finalizeAndDestroyPipeline(311)) - destroying pipeline:Pipeline[ Id: 780d3cc6-9867-4e5e-9ad1-efd673a008fb, Nodes: 2b9d536e-7082-46d0-bcea-3da9bf5f5d0c{ip: 192.168.5.183, host: pr-hdds-1054-fkf2j-3502855176, networkLocation: /default-rack, certSerialId: null}103cee85-d2d3-4069-a903-4a8bed8118d2{ip: 192.168.5.183, host: pr-hdds-1054-fkf2j-3502855176, networkLocation: /default-rack, certSerialId: null}5da997ac-485a-4ae3-a11f-bd7c3a0ad14d{ip: 192.168.5.183, host: pr-hdds-1054-fkf2j-3502855176, networkLocation: /default-rack, certSerialId: null}, Type:RATIS, Factor:THREE, State:CLOSED]
2019-09-16 16:39:11,280 [2b9d536e-7082-46d0-bcea-3da9bf5f5d0c@group-EFD673A008FB-SegmentedRaftLogWorker] WARN  segmented.SegmentedRaftLogWorker (SegmentedRaftLogWorker.java:getFromFuture(90)) - Timeout 14/~
org.apache.ratis.protocol.TimeoutIOException: Timeout 10s: WriteLog:15: (t:1, i:15), STATEMACHINELOGENTRY, client-5DAEDA81DCCF, cid=143-writeStateMachineData
	at org.apache.ratis.util.IOUtils.getFromFuture(IOUtils.java:87)
	at org.apache.ratis.server.raftlog.segmented.SegmentedRaftLogWorker$StateMachineDataPolicy.getFromFuture(SegmentedRaftLogWorker.java:87)
	at org.apache.ratis.server.raftlog.segmented.SegmentedRaftLogWorker$WriteLog.execute(SegmentedRaftLogWorker.java:477)
	at org.apache.ratis.server.raftlog.segmented.SegmentedRaftLogWorker.run(SegmentedRaftLogWorker.java:289)
	at java.lang.Thread.run(Thread.java:748)
Caused by: java.util.concurrent.TimeoutException
	at java.util.concurrent.CompletableFuture.timedGet(CompletableFuture.java:1771)
	at java.util.concurrent.CompletableFuture.get(CompletableFuture.java:1915)
	at org.apache.ratis.util.IOUtils.getFromFuture(IOUtils.java:79)
	... 4 more
2019-09-16 16:39:11,303 [103cee85-d2d3-4069-a903-4a8bed8118d2@group-EFD673A008FB-SegmentedRaftLogWorker] WARN  segmented.SegmentedRaftLogWorker (SegmentedRaftLogWorker.java:getFromFuture(90)) - Timeout 14/~
org.apache.ratis.protocol.TimeoutIOException: Timeout 10s: WriteLog:15: (t:1, i:15), STATEMACHINELOGENTRY, client-5DAEDA81DCCF, cid=143-writeStateMachineData
	at org.apache.ratis.util.IOUtils.getFromFuture(IOUtils.java:87)
	at org.apache.ratis.server.raftlog.segmented.SegmentedRaftLogWorker$StateMachineDataPolicy.getFromFuture(SegmentedRaftLogWorker.java:87)
	at org.apache.ratis.server.raftlog.segmented.SegmentedRaftLogWorker$WriteLog.execute(SegmentedRaftLogWorker.java:477)
	at org.apache.ratis.server.raftlog.segmented.SegmentedRaftLogWorker.run(SegmentedRaftLogWorker.java:289)
	at java.lang.Thread.run(Thread.java:748)
Caused by: java.util.concurrent.TimeoutException
	at java.util.concurrent.CompletableFuture.timedGet(CompletableFuture.java:1771)
	at java.util.concurrent.CompletableFuture.get(CompletableFuture.java:1915)
	at org.apache.ratis.util.IOUtils.getFromFuture(IOUtils.java:79)
	... 4 more
2019-09-16 16:39:11,509 [5da997ac-485a-4ae3-a11f-bd7c3a0ad14d@group-EFD673A008FB-SegmentedRaftLogWorker] WARN  segmented.SegmentedRaftLogWorker (SegmentedRaftLogWorker.java:getFromFuture(90)) - Timeout 14/~
org.apache.ratis.protocol.TimeoutIOException: Timeout 10s: WriteLog:16: (t:1, i:16), STATEMACHINELOGENTRY, client-5DAEDA81DCCF, cid=144-writeStateMachineData
	at org.apache.ratis.util.IOUtils.getFromFuture(IOUtils.java:87)
	at org.apache.ratis.server.raftlog.segmented.SegmentedRaftLogWorker$StateMachineDataPolicy.getFromFuture(SegmentedRaftLogWorker.java:87)
	at org.apache.ratis.server.raftlog.segmented.SegmentedRaftLogWorker$WriteLog.execute(SegmentedRaftLogWorker.java:477)
	at org.apache.ratis.server.raftlog.segmented.SegmentedRaftLogWorker.run(SegmentedRaftLogWorker.java:289)
	at java.lang.Thread.run(Thread.java:748)
Caused by: java.util.concurrent.TimeoutException
	at java.util.concurrent.CompletableFuture.timedGet(CompletableFuture.java:1771)
	at java.util.concurrent.CompletableFuture.get(CompletableFuture.java:1915)
	at org.apache.ratis.util.IOUtils.getFromFuture(IOUtils.java:79)
	... 4 more
2019-09-16 16:39:12,045 [org.apache.ratis.server.impl.LogAppender$AppenderDaemon$$Lambda$486/1268950271@4cfcd35] ERROR ratis.XceiverServerRatis (XceiverServerRatis.java:triggerPipelineClose(568)) - pipeline Action CLOSE  on pipeline PipelineID=780d3cc6-9867-4e5e-9ad1-efd673a008fb.Reason : 5da997ac-485a-4ae3-a11f-bd7c3a0ad14d has not seen follower/s 2b9d536e-7082-46d0-bcea-3da9bf5f5d0c for 151006ms 103cee85-d2d3-4069-a903-4a8bed8118d2 for 151008ms
2019-09-16 16:39:12,045 [org.apache.ratis.server.impl.LogAppender$AppenderDaemon$$Lambda$486/1268950271@38a38b9e] ERROR ratis.XceiverServerRatis (XceiverServerRatis.java:triggerPipelineClose(568)) - pipeline Action CLOSE  on pipeline PipelineID=780d3cc6-9867-4e5e-9ad1-efd673a008fb.Reason : 5da997ac-485a-4ae3-a11f-bd7c3a0ad14d has not seen follower/s 2b9d536e-7082-46d0-bcea-3da9bf5f5d0c for 151006ms 103cee85-d2d3-4069-a903-4a8bed8118d2 for 151009ms
2019-09-16 16:39:12,463 [grpc-default-executor-2] INFO  client.GrpcClientProtocolClient (GrpcClientProtocolClient.java:onNext(264)) - client-5DAEDA81DCCF->2b9d536e-7082-46d0-bcea-3da9bf5f5d0c: receive RaftClientReply:client-5DAEDA81DCCF->2b9d536e-7082-46d0-bcea-3da9bf5f5d0c@group-EFD673A008FB, cid=143, FAILED org.apache.ratis.protocol.NotLeaderException: Server 2b9d536e-7082-46d0-bcea-3da9bf5f5d0c@group-EFD673A008FB is not the leader 5da997ac-485a-4ae3-a11f-bd7c3a0ad14d:192.168.5.183:41252, logIndex=0, commits[2b9d536e-7082-46d0-bcea-3da9bf5f5d0c:c14, 103cee85-d2d3-4069-a903-4a8bed8118d2:c12, 5da997ac-485a-4ae3-a11f-bd7c3a0ad14d:c14]
2019-09-16 16:39:12,539 [EventQueue-PipelineActionsForPipelineActionHandler] ERROR pipeline.PipelineActionHandler (PipelineActionHandler.java:onMessage(60)) - Received pipeline action CLOSE for Pipeline[ Id: 780d3cc6-9867-4e5e-9ad1-efd673a008fb, Nodes: 2b9d536e-7082-46d0-bcea-3da9bf5f5d0c{ip: 192.168.5.183, host: pr-hdds-1054-fkf2j-3502855176, networkLocation: /default-rack, certSerialId: null}103cee85-d2d3-4069-a903-4a8bed8118d2{ip: 192.168.5.183, host: pr-hdds-1054-fkf2j-3502855176, networkLocation: /default-rack, certSerialId: null}5da997ac-485a-4ae3-a11f-bd7c3a0ad14d{ip: 192.168.5.183, host: pr-hdds-1054-fkf2j-3502855176, networkLocation: /default-rack, certSerialId: null}, Type:RATIS, Factor:THREE, State:CLOSED] from datanode 5da997ac-485a-4ae3-a11f-bd7c3a0ad14d{ip: 192.168.5.183, host: pr-hdds-1054-fkf2j-3502855176, networkLocation: /default-rack, certSerialId: null}. Reason : 5da997ac-485a-4ae3-a11f-bd7c3a0ad14d has not seen follower/s 2b9d536e-7082-46d0-bcea-3da9bf5f5d0c for 151006ms 103cee85-d2d3-4069-a903-4a8bed8118d2 for 151008ms
2019-09-16 16:39:12,539 [EventQueue-PipelineActionsForPipelineActionHandler] INFO  pipeline.SCMPipelineManager (SCMPipelineManager.java:finalizeAndDestroyPipeline(311)) - destroying pipeline:Pipeline[ Id: 780d3cc6-9867-4e5e-9ad1-efd673a008fb, Nodes: 2b9d536e-7082-46d0-bcea-3da9bf5f5d0c{ip: 192.168.5.183, host: pr-hdds-1054-fkf2j-3502855176, networkLocation: /default-rack, certSerialId: null}103cee85-d2d3-4069-a903-4a8bed8118d2{ip: 192.168.5.183, host: pr-hdds-1054-fkf2j-3502855176, networkLocation: /default-rack, certSerialId: null}5da997ac-485a-4ae3-a11f-bd7c3a0ad14d{ip: 192.168.5.183, host: pr-hdds-1054-fkf2j-3502855176, networkLocation: /default-rack, certSerialId: null}, Type:RATIS, Factor:THREE, State:CLOSED]
2019-09-16 16:39:12,544 [java.util.concurrent.ThreadPoolExecutor$Worker@1be6be97[State = -1, empty queue]] WARN  server.GrpcLogAppender (GrpcLogAppender.java:timeoutAppendRequest(200)) - 5da997ac-485a-4ae3-a11f-bd7c3a0ad14d@group-EFD673A008FB->103cee85-d2d3-4069-a903-4a8bed8118d2-GrpcLogAppender: appendEntries Timeout, request=5da997ac-485a-4ae3-a11f-bd7c3a0ad14d->103cee85-d2d3-4069-a903-4a8bed8118d2#153-t1, previous=(t:1, i:21), leaderCommit=14, initializing? false, entries: <empty>
2019-09-16 16:39:12,544 [java.util.concurrent.ThreadPoolExecutor$Worker@35f96af3[State = -1, empty queue]] WARN  server.GrpcLogAppender (GrpcLogAppender.java:timeoutAppendRequest(200)) - 5da997ac-485a-4ae3-a11f-bd7c3a0ad14d@group-EFD673A008FB->2b9d536e-7082-46d0-bcea-3da9bf5f5d0c-GrpcLogAppender: appendEntries Timeout, request=5da997ac-485a-4ae3-a11f-bd7c3a0ad14d->2b9d536e-7082-46d0-bcea-3da9bf5f5d0c#153-t1, previous=(t:1, i:21), leaderCommit=14, initializing? false, entries: <empty>
2019-09-16 16:39:14,546 [org.apache.ratis.server.impl.LogAppender$AppenderDaemon$$Lambda$486/1268950271@4cfcd35] ERROR ratis.XceiverServerRatis (XceiverServerRatis.java:triggerPipelineClose(568)) - pipeline Action CLOSE  on pipeline PipelineID=780d3cc6-9867-4e5e-9ad1-efd673a008fb.Reason : 5da997ac-485a-4ae3-a11f-bd7c3a0ad14d has not seen follower/s 2b9d536e-7082-46d0-bcea-3da9bf5f5d0c for 153507ms 103cee85-d2d3-4069-a903-4a8bed8118d2 for 153509ms
2019-09-16 16:39:14,546 [org.apache.ratis.server.impl.LogAppender$AppenderDaemon$$Lambda$486/1268950271@38a38b9e] ERROR ratis.XceiverServerRatis (XceiverServerRatis.java:triggerPipelineClose(568)) - pipeline Action CLOSE  on pipeline PipelineID=780d3cc6-9867-4e5e-9ad1-efd673a008fb.Reason : 5da997ac-485a-4ae3-a11f-bd7c3a0ad14d has not seen follower/s 2b9d536e-7082-46d0-bcea-3da9bf5f5d0c for 153507ms 103cee85-d2d3-4069-a903-4a8bed8118d2 for 153509ms
2019-09-16 16:39:15,045 [java.util.concurrent.ThreadPoolExecutor$Worker@1be6be97[State = -1, empty queue]] WARN  server.GrpcLogAppender (GrpcLogAppender.java:timeoutAppendRequest(200)) - 5da997ac-485a-4ae3-a11f-bd7c3a0ad14d@group-EFD673A008FB->103cee85-d2d3-4069-a903-4a8bed8118d2-GrpcLogAppender: appendEntries Timeout, request=5da997ac-485a-4ae3-a11f-bd7c3a0ad14d->103cee85-d2d3-4069-a903-4a8bed8118d2#154-t1, previous=(t:1, i:21), leaderCommit=14, initializing? false, entries: <empty>
2019-09-16 16:39:15,045 [java.util.concurrent.ThreadPoolExecutor$Worker@35f96af3[State = -1, empty queue]] WARN  server.GrpcLogAppender (GrpcLogAppender.java:timeoutAppendRequest(200)) - 5da997ac-485a-4ae3-a11f-bd7c3a0ad14d@group-EFD673A008FB->2b9d536e-7082-46d0-bcea-3da9bf5f5d0c-GrpcLogAppender: appendEntries Timeout, request=5da997ac-485a-4ae3-a11f-bd7c3a0ad14d->2b9d536e-7082-46d0-bcea-3da9bf5f5d0c#154-t1, previous=(t:1, i:21), leaderCommit=14, initializing? false, entries: <empty>
2019-09-16 16:39:15,539 [EventQueue-PipelineActionsForPipelineActionHandler] ERROR pipeline.PipelineActionHandler (PipelineActionHandler.java:onMessage(60)) - Received pipeline action CLOSE for Pipeline[ Id: 780d3cc6-9867-4e5e-9ad1-efd673a008fb, Nodes: 2b9d536e-7082-46d0-bcea-3da9bf5f5d0c{ip: 192.168.5.183, host: pr-hdds-1054-fkf2j-3502855176, networkLocation: /default-rack, certSerialId: null}103cee85-d2d3-4069-a903-4a8bed8118d2{ip: 192.168.5.183, host: pr-hdds-1054-fkf2j-3502855176, networkLocation: /default-rack, certSerialId: null}5da997ac-485a-4ae3-a11f-bd7c3a0ad14d{ip: 192.168.5.183, host: pr-hdds-1054-fkf2j-3502855176, networkLocation: /default-rack, certSerialId: null}, Type:RATIS, Factor:THREE, State:CLOSED] from datanode 5da997ac-485a-4ae3-a11f-bd7c3a0ad14d{ip: 192.168.5.183, host: pr-hdds-1054-fkf2j-3502855176, networkLocation: /default-rack, certSerialId: null}. Reason : 5da997ac-485a-4ae3-a11f-bd7c3a0ad14d has not seen follower/s 2b9d536e-7082-46d0-bcea-3da9bf5f5d0c for 153507ms 103cee85-d2d3-4069-a903-4a8bed8118d2 for 153509ms
2019-09-16 16:39:15,539 [EventQueue-PipelineActionsForPipelineActionHandler] INFO  pipeline.SCMPipelineManager (SCMPipelineManager.java:finalizeAndDestroyPipeline(311)) - destroying pipeline:Pipeline[ Id: 780d3cc6-9867-4e5e-9ad1-efd673a008fb, Nodes: 2b9d536e-7082-46d0-bcea-3da9bf5f5d0c{ip: 192.168.5.183, host: pr-hdds-1054-fkf2j-3502855176, networkLocation: /default-rack, certSerialId: null}103cee85-d2d3-4069-a903-4a8bed8118d2{ip: 192.168.5.183, host: pr-hdds-1054-fkf2j-3502855176, networkLocation: /default-rack, certSerialId: null}5da997ac-485a-4ae3-a11f-bd7c3a0ad14d{ip: 192.168.5.183, host: pr-hdds-1054-fkf2j-3502855176, networkLocation: /default-rack, certSerialId: null}, Type:RATIS, Factor:THREE, State:CLOSED]
2019-09-16 16:39:17,047 [org.apache.ratis.server.impl.LogAppender$AppenderDaemon$$Lambda$486/1268950271@4cfcd35] ERROR ratis.XceiverServerRatis (XceiverServerRatis.java:triggerPipelineClose(568)) - pipeline Action CLOSE  on pipeline PipelineID=780d3cc6-9867-4e5e-9ad1-efd673a008fb.Reason : 5da997ac-485a-4ae3-a11f-bd7c3a0ad14d has not seen follower/s 2b9d536e-7082-46d0-bcea-3da9bf5f5d0c for 156008ms 103cee85-d2d3-4069-a903-4a8bed8118d2 for 156010ms
2019-09-16 16:39:17,047 [org.apache.ratis.server.impl.LogAppender$AppenderDaemon$$Lambda$486/1268950271@38a38b9e] ERROR ratis.XceiverServerRatis (XceiverServerRatis.java:triggerPipelineClose(568)) - pipeline Action CLOSE  on pipeline PipelineID=780d3cc6-9867-4e5e-9ad1-efd673a008fb.Reason : 5da997ac-485a-4ae3-a11f-bd7c3a0ad14d has not seen follower/s 2b9d536e-7082-46d0-bcea-3da9bf5f5d0c for 156008ms 103cee85-d2d3-4069-a903-4a8bed8118d2 for 156010ms
2019-09-16 16:39:17,497 [grpc-default-executor-7] INFO  client.GrpcClientProtocolClient (GrpcClientProtocolClient.java:onNext(264)) - client-5DAEDA81DCCF->103cee85-d2d3-4069-a903-4a8bed8118d2: receive RaftClientReply:client-5DAEDA81DCCF->103cee85-d2d3-4069-a903-4a8bed8118d2@group-EFD673A008FB, cid=143, FAILED org.apache.ratis.protocol.NotLeaderException: Server 103cee85-d2d3-4069-a903-4a8bed8118d2@group-EFD673A008FB is not the leader 5da997ac-485a-4ae3-a11f-bd7c3a0ad14d:192.168.5.183:41252, logIndex=0, commits[103cee85-d2d3-4069-a903-4a8bed8118d2:c14, 2b9d536e-7082-46d0-bcea-3da9bf5f5d0c:c12, 5da997ac-485a-4ae3-a11f-bd7c3a0ad14d:c14]
2019-09-16 16:39:17,539 [EventQueue-PipelineActionsForPipelineActionHandler] ERROR pipeline.PipelineActionHandler (PipelineActionHandler.java:onMessage(60)) - Received pipeline action CLOSE for Pipeline[ Id: 780d3cc6-9867-4e5e-9ad1-efd673a008fb, Nodes: 2b9d536e-7082-46d0-bcea-3da9bf5f5d0c{ip: 192.168.5.183, host: pr-hdds-1054-fkf2j-3502855176, networkLocation: /default-rack, certSerialId: null}103cee85-d2d3-4069-a903-4a8bed8118d2{ip: 192.168.5.183, host: pr-hdds-1054-fkf2j-3502855176, networkLocation: /default-rack, certSerialId: null}5da997ac-485a-4ae3-a11f-bd7c3a0ad14d{ip: 192.168.5.183, host: pr-hdds-1054-fkf2j-3502855176, networkLocation: /default-rack, certSerialId: null}, Type:RATIS, Factor:THREE, State:CLOSED] from datanode 5da997ac-485a-4ae3-a11f-bd7c3a0ad14d{ip: 192.168.5.183, host: pr-hdds-1054-fkf2j-3502855176, networkLocation: /default-rack, certSerialId: null}. Reason : 5da997ac-485a-4ae3-a11f-bd7c3a0ad14d has not seen follower/s 2b9d536e-7082-46d0-bcea-3da9bf5f5d0c for 156008ms 103cee85-d2d3-4069-a903-4a8bed8118d2 for 156010ms
2019-09-16 16:39:17,540 [EventQueue-PipelineActionsForPipelineActionHandler] INFO  pipeline.SCMPipelineManager (SCMPipelineManager.java:finalizeAndDestroyPipeline(311)) - destroying pipeline:Pipeline[ Id: 780d3cc6-9867-4e5e-9ad1-efd673a008fb, Nodes: 2b9d536e-7082-46d0-bcea-3da9bf5f5d0c{ip: 192.168.5.183, host: pr-hdds-1054-fkf2j-3502855176, networkLocation: /default-rack, certSerialId: null}103cee85-d2d3-4069-a903-4a8bed8118d2{ip: 192.168.5.183, host: pr-hdds-1054-fkf2j-3502855176, networkLocation: /default-rack, certSerialId: null}5da997ac-485a-4ae3-a11f-bd7c3a0ad14d{ip: 192.168.5.183, host: pr-hdds-1054-fkf2j-3502855176, networkLocation: /default-rack, certSerialId: null}, Type:RATIS, Factor:THREE, State:CLOSED]
2019-09-16 16:39:17,546 [java.util.concurrent.ThreadPoolExecutor$Worker@1be6be97[State = -1, empty queue]] WARN  server.GrpcLogAppender (GrpcLogAppender.java:timeoutAppendRequest(200)) - 5da997ac-485a-4ae3-a11f-bd7c3a0ad14d@group-EFD673A008FB->103cee85-d2d3-4069-a903-4a8bed8118d2-GrpcLogAppender: appendEntries Timeout, request=5da997ac-485a-4ae3-a11f-bd7c3a0ad14d->103cee85-d2d3-4069-a903-4a8bed8118d2#155-t1, previous=(t:1, i:21), leaderCommit=14, initializing? false, entries: <empty>
2019-09-16 16:39:17,546 [java.util.concurrent.ThreadPoolExecutor$Worker@35f96af3[State = -1, empty queue]] WARN  server.GrpcLogAppender (GrpcLogAppender.java:timeoutAppendRequest(200)) - 5da997ac-485a-4ae3-a11f-bd7c3a0ad14d@group-EFD673A008FB->2b9d536e-7082-46d0-bcea-3da9bf5f5d0c-GrpcLogAppender: appendEntries Timeout, request=5da997ac-485a-4ae3-a11f-bd7c3a0ad14d->2b9d536e-7082-46d0-bcea-3da9bf5f5d0c#155-t1, previous=(t:1, i:21), leaderCommit=14, initializing? false, entries: <empty>
2019-09-16 16:39:19,547 [org.apache.ratis.server.impl.LogAppender$AppenderDaemon$$Lambda$486/1268950271@4cfcd35] ERROR ratis.XceiverServerRatis (XceiverServerRatis.java:triggerPipelineClose(568)) - pipeline Action CLOSE  on pipeline PipelineID=780d3cc6-9867-4e5e-9ad1-efd673a008fb.Reason : 5da997ac-485a-4ae3-a11f-bd7c3a0ad14d has not seen follower/s 2b9d536e-7082-46d0-bcea-3da9bf5f5d0c for 158508ms 103cee85-d2d3-4069-a903-4a8bed8118d2 for 158511ms
2019-09-16 16:39:19,547 [org.apache.ratis.server.impl.LogAppender$AppenderDaemon$$Lambda$486/1268950271@38a38b9e] ERROR ratis.XceiverServerRatis (XceiverServerRatis.java:triggerPipelineClose(568)) - pipeline Action CLOSE  on pipeline PipelineID=780d3cc6-9867-4e5e-9ad1-efd673a008fb.Reason : 5da997ac-485a-4ae3-a11f-bd7c3a0ad14d has not seen follower/s 2b9d536e-7082-46d0-bcea-3da9bf5f5d0c for 158508ms 103cee85-d2d3-4069-a903-4a8bed8118d2 for 158511ms
2019-09-16 16:39:20,047 [java.util.concurrent.ThreadPoolExecutor$Worker@1be6be97[State = -1, empty queue]] WARN  server.GrpcLogAppender (GrpcLogAppender.java:timeoutAppendRequest(200)) - 5da997ac-485a-4ae3-a11f-bd7c3a0ad14d@group-EFD673A008FB->103cee85-d2d3-4069-a903-4a8bed8118d2-GrpcLogAppender: appendEntries Timeout, request=5da997ac-485a-4ae3-a11f-bd7c3a0ad14d->103cee85-d2d3-4069-a903-4a8bed8118d2#156-t1, previous=(t:1, i:21), leaderCommit=14, initializing? false, entries: <empty>
2019-09-16 16:39:20,047 [java.util.concurrent.ThreadPoolExecutor$Worker@35f96af3[State = -1, empty queue]] WARN  server.GrpcLogAppender (GrpcLogAppender.java:timeoutAppendRequest(200)) - 5da997ac-485a-4ae3-a11f-bd7c3a0ad14d@group-EFD673A008FB->2b9d536e-7082-46d0-bcea-3da9bf5f5d0c-GrpcLogAppender: appendEntries Timeout, request=5da997ac-485a-4ae3-a11f-bd7c3a0ad14d->2b9d536e-7082-46d0-bcea-3da9bf5f5d0c#156-t1, previous=(t:1, i:21), leaderCommit=14, initializing? false, entries: <empty>
2019-09-16 16:39:20,540 [EventQueue-PipelineActionsForPipelineActionHandler] ERROR pipeline.PipelineActionHandler (PipelineActionHandler.java:onMessage(60)) - Received pipeline action CLOSE for Pipeline[ Id: 780d3cc6-9867-4e5e-9ad1-efd673a008fb, Nodes: 2b9d536e-7082-46d0-bcea-3da9bf5f5d0c{ip: 192.168.5.183, host: pr-hdds-1054-fkf2j-3502855176, networkLocation: /default-rack, certSerialId: null}103cee85-d2d3-4069-a903-4a8bed8118d2{ip: 192.168.5.183, host: pr-hdds-1054-fkf2j-3502855176, networkLocation: /default-rack, certSerialId: null}5da997ac-485a-4ae3-a11f-bd7c3a0ad14d{ip: 192.168.5.183, host: pr-hdds-1054-fkf2j-3502855176, networkLocation: /default-rack, certSerialId: null}, Type:RATIS, Factor:THREE, State:CLOSED] from datanode 5da997ac-485a-4ae3-a11f-bd7c3a0ad14d{ip: 192.168.5.183, host: pr-hdds-1054-fkf2j-3502855176, networkLocation: /default-rack, certSerialId: null}. Reason : 5da997ac-485a-4ae3-a11f-bd7c3a0ad14d has not seen follower/s 2b9d536e-7082-46d0-bcea-3da9bf5f5d0c for 158508ms 103cee85-d2d3-4069-a903-4a8bed8118d2 for 158511ms
2019-09-16 16:39:20,540 [EventQueue-PipelineActionsForPipelineActionHandler] INFO  pipeline.SCMPipelineManager (SCMPipelineManager.java:finalizeAndDestroyPipeline(311)) - destroying pipeline:Pipeline[ Id: 780d3cc6-9867-4e5e-9ad1-efd673a008fb, Nodes: 2b9d536e-7082-46d0-bcea-3da9bf5f5d0c{ip: 192.168.5.183, host: pr-hdds-1054-fkf2j-3502855176, networkLocation: /default-rack, certSerialId: null}103cee85-d2d3-4069-a903-4a8bed8118d2{ip: 192.168.5.183, host: pr-hdds-1054-fkf2j-3502855176, networkLocation: /default-rack, certSerialId: null}5da997ac-485a-4ae3-a11f-bd7c3a0ad14d{ip: 192.168.5.183, host: pr-hdds-1054-fkf2j-3502855176, networkLocation: /default-rack, certSerialId: null}, Type:RATIS, Factor:THREE, State:CLOSED]
2019-09-16 16:39:21,281 [2b9d536e-7082-46d0-bcea-3da9bf5f5d0c@group-EFD673A008FB-SegmentedRaftLogWorker] WARN  segmented.SegmentedRaftLogWorker (SegmentedRaftLogWorker.java:getFromFuture(90)) - Timeout 15/~
org.apache.ratis.protocol.TimeoutIOException: Timeout 10s: WriteLog:15: (t:1, i:15), STATEMACHINELOGENTRY, client-5DAEDA81DCCF, cid=143-writeStateMachineData
	at org.apache.ratis.util.IOUtils.getFromFuture(IOUtils.java:87)
	at org.apache.ratis.server.raftlog.segmented.SegmentedRaftLogWorker$StateMachineDataPolicy.getFromFuture(SegmentedRaftLogWorker.java:87)
	at org.apache.ratis.server.raftlog.segmented.SegmentedRaftLogWorker$WriteLog.execute(SegmentedRaftLogWorker.java:477)
	at org.apache.ratis.server.raftlog.segmented.SegmentedRaftLogWorker.run(SegmentedRaftLogWorker.java:289)
	at java.lang.Thread.run(Thread.java:748)
Caused by: java.util.concurrent.TimeoutException
	at java.util.concurrent.CompletableFuture.timedGet(CompletableFuture.java:1771)
	at java.util.concurrent.CompletableFuture.get(CompletableFuture.java:1915)
	at org.apache.ratis.util.IOUtils.getFromFuture(IOUtils.java:79)
	... 4 more
2019-09-16 16:39:21,303 [103cee85-d2d3-4069-a903-4a8bed8118d2@group-EFD673A008FB-SegmentedRaftLogWorker] WARN  segmented.SegmentedRaftLogWorker (SegmentedRaftLogWorker.java:getFromFuture(90)) - Timeout 15/~
org.apache.ratis.protocol.TimeoutIOException: Timeout 10s: WriteLog:15: (t:1, i:15), STATEMACHINELOGENTRY, client-5DAEDA81DCCF, cid=143-writeStateMachineData
	at org.apache.ratis.util.IOUtils.getFromFuture(IOUtils.java:87)
	at org.apache.ratis.server.raftlog.segmented.SegmentedRaftLogWorker$StateMachineDataPolicy.getFromFuture(SegmentedRaftLogWorker.java:87)
	at org.apache.ratis.server.raftlog.segmented.SegmentedRaftLogWorker$WriteLog.execute(SegmentedRaftLogWorker.java:477)
	at org.apache.ratis.server.raftlog.segmented.SegmentedRaftLogWorker.run(SegmentedRaftLogWorker.java:289)
	at java.lang.Thread.run(Thread.java:748)
Caused by: java.util.concurrent.TimeoutException
	at java.util.concurrent.CompletableFuture.timedGet(CompletableFuture.java:1771)
	at java.util.concurrent.CompletableFuture.get(CompletableFuture.java:1915)
	at org.apache.ratis.util.IOUtils.getFromFuture(IOUtils.java:79)
	... 4 more
2019-09-16 16:39:21,510 [5da997ac-485a-4ae3-a11f-bd7c3a0ad14d@group-EFD673A008FB-SegmentedRaftLogWorker] WARN  segmented.SegmentedRaftLogWorker (SegmentedRaftLogWorker.java:getFromFuture(90)) - Timeout 15/~
org.apache.ratis.protocol.TimeoutIOException: Timeout 10s: WriteLog:16: (t:1, i:16), STATEMACHINELOGENTRY, client-5DAEDA81DCCF, cid=144-writeStateMachineData
	at org.apache.ratis.util.IOUtils.getFromFuture(IOUtils.java:87)
	at org.apache.ratis.server.raftlog.segmented.SegmentedRaftLogWorker$StateMachineDataPolicy.getFromFuture(SegmentedRaftLogWorker.java:87)
	at org.apache.ratis.server.raftlog.segmented.SegmentedRaftLogWorker$WriteLog.execute(SegmentedRaftLogWorker.java:477)
	at org.apache.ratis.server.raftlog.segmented.SegmentedRaftLogWorker.run(SegmentedRaftLogWorker.java:289)
	at java.lang.Thread.run(Thread.java:748)
Caused by: java.util.concurrent.TimeoutException
	at java.util.concurrent.CompletableFuture.timedGet(CompletableFuture.java:1771)
	at java.util.concurrent.CompletableFuture.get(CompletableFuture.java:1915)
	at org.apache.ratis.util.IOUtils.getFromFuture(IOUtils.java:79)
	... 4 more
2019-09-16 16:39:22,048 [org.apache.ratis.server.impl.LogAppender$AppenderDaemon$$Lambda$486/1268950271@4cfcd35] ERROR ratis.XceiverServerRatis (XceiverServerRatis.java:triggerPipelineClose(568)) - pipeline Action CLOSE  on pipeline PipelineID=780d3cc6-9867-4e5e-9ad1-efd673a008fb.Reason : 5da997ac-485a-4ae3-a11f-bd7c3a0ad14d has not seen follower/s 2b9d536e-7082-46d0-bcea-3da9bf5f5d0c for 161009ms 103cee85-d2d3-4069-a903-4a8bed8118d2 for 161011ms
2019-09-16 16:39:22,048 [org.apache.ratis.server.impl.LogAppender$AppenderDaemon$$Lambda$486/1268950271@38a38b9e] ERROR ratis.XceiverServerRatis (XceiverServerRatis.java:triggerPipelineClose(568)) - pipeline Action CLOSE  on pipeline PipelineID=780d3cc6-9867-4e5e-9ad1-efd673a008fb.Reason : 5da997ac-485a-4ae3-a11f-bd7c3a0ad14d has not seen follower/s 2b9d536e-7082-46d0-bcea-3da9bf5f5d0c for 161009ms 103cee85-d2d3-4069-a903-4a8bed8118d2 for 161011ms
2019-09-16 16:39:22,531 [grpc-default-executor-5] INFO  client.GrpcClientProtocolClient (GrpcClientProtocolClient.java:onNext(264)) - client-5DAEDA81DCCF->103cee85-d2d3-4069-a903-4a8bed8118d2: receive RaftClientReply:client-5DAEDA81DCCF->103cee85-d2d3-4069-a903-4a8bed8118d2@group-EFD673A008FB, cid=143, FAILED org.apache.ratis.protocol.NotLeaderException: Server 103cee85-d2d3-4069-a903-4a8bed8118d2@group-EFD673A008FB is not the leader 5da997ac-485a-4ae3-a11f-bd7c3a0ad14d:192.168.5.183:41252, logIndex=0, commits[103cee85-d2d3-4069-a903-4a8bed8118d2:c14, 2b9d536e-7082-46d0-bcea-3da9bf5f5d0c:c12, 5da997ac-485a-4ae3-a11f-bd7c3a0ad14d:c14]
2019-09-16 16:39:22,544 [EventQueue-PipelineActionsForPipelineActionHandler] ERROR pipeline.PipelineActionHandler (PipelineActionHandler.java:onMessage(60)) - Received pipeline action CLOSE for Pipeline[ Id: 780d3cc6-9867-4e5e-9ad1-efd673a008fb, Nodes: 2b9d536e-7082-46d0-bcea-3da9bf5f5d0c{ip: 192.168.5.183, host: pr-hdds-1054-fkf2j-3502855176, networkLocation: /default-rack, certSerialId: null}103cee85-d2d3-4069-a903-4a8bed8118d2{ip: 192.168.5.183, host: pr-hdds-1054-fkf2j-3502855176, networkLocation: /default-rack, certSerialId: null}5da997ac-485a-4ae3-a11f-bd7c3a0ad14d{ip: 192.168.5.183, host: pr-hdds-1054-fkf2j-3502855176, networkLocation: /default-rack, certSerialId: null}, Type:RATIS, Factor:THREE, State:CLOSED] from datanode 5da997ac-485a-4ae3-a11f-bd7c3a0ad14d{ip: 192.168.5.183, host: pr-hdds-1054-fkf2j-3502855176, networkLocation: /default-rack, certSerialId: null}. Reason : 5da997ac-485a-4ae3-a11f-bd7c3a0ad14d has not seen follower/s 2b9d536e-7082-46d0-bcea-3da9bf5f5d0c for 161009ms 103cee85-d2d3-4069-a903-4a8bed8118d2 for 161011ms
2019-09-16 16:39:22,544 [EventQueue-PipelineActionsForPipelineActionHandler] INFO  pipeline.SCMPipelineManager (SCMPipelineManager.java:finalizeAndDestroyPipeline(311)) - destroying pipeline:Pipeline[ Id: 780d3cc6-9867-4e5e-9ad1-efd673a008fb, Nodes: 2b9d536e-7082-46d0-bcea-3da9bf5f5d0c{ip: 192.168.5.183, host: pr-hdds-1054-fkf2j-3502855176, networkLocation: /default-rack, certSerialId: null}103cee85-d2d3-4069-a903-4a8bed8118d2{ip: 192.168.5.183, host: pr-hdds-1054-fkf2j-3502855176, networkLocation: /default-rack, certSerialId: null}5da997ac-485a-4ae3-a11f-bd7c3a0ad14d{ip: 192.168.5.183, host: pr-hdds-1054-fkf2j-3502855176, networkLocation: /default-rack, certSerialId: null}, Type:RATIS, Factor:THREE, State:CLOSED]
2019-09-16 16:39:22,547 [java.util.concurrent.ThreadPoolExecutor$Worker@1be6be97[State = -1, empty queue]] WARN  server.GrpcLogAppender (GrpcLogAppender.java:timeoutAppendRequest(200)) - 5da997ac-485a-4ae3-a11f-bd7c3a0ad14d@group-EFD673A008FB->103cee85-d2d3-4069-a903-4a8bed8118d2-GrpcLogAppender: appendEntries Timeout, request=5da997ac-485a-4ae3-a11f-bd7c3a0ad14d->103cee85-d2d3-4069-a903-4a8bed8118d2#157-t1, previous=(t:1, i:21), leaderCommit=14, initializing? false, entries: <empty>
2019-09-16 16:39:22,547 [java.util.concurrent.ThreadPoolExecutor$Worker@35f96af3[State = -1, empty queue]] WARN  server.GrpcLogAppender (GrpcLogAppender.java:timeoutAppendRequest(200)) - 5da997ac-485a-4ae3-a11f-bd7c3a0ad14d@group-EFD673A008FB->2b9d536e-7082-46d0-bcea-3da9bf5f5d0c-GrpcLogAppender: appendEntries Timeout, request=5da997ac-485a-4ae3-a11f-bd7c3a0ad14d->2b9d536e-7082-46d0-bcea-3da9bf5f5d0c#157-t1, previous=(t:1, i:21), leaderCommit=14, initializing? false, entries: <empty>
2019-09-16 16:39:24,549 [org.apache.ratis.server.impl.LogAppender$AppenderDaemon$$Lambda$486/1268950271@38a38b9e] ERROR ratis.XceiverServerRatis (XceiverServerRatis.java:triggerPipelineClose(568)) - pipeline Action CLOSE  on pipeline PipelineID=780d3cc6-9867-4e5e-9ad1-efd673a008fb.Reason : 5da997ac-485a-4ae3-a11f-bd7c3a0ad14d has not seen follower/s 2b9d536e-7082-46d0-bcea-3da9bf5f5d0c for 163510ms 103cee85-d2d3-4069-a903-4a8bed8118d2 for 163512ms
2019-09-16 16:39:24,549 [org.apache.ratis.server.impl.LogAppender$AppenderDaemon$$Lambda$486/1268950271@4cfcd35] ERROR ratis.XceiverServerRatis (XceiverServerRatis.java:triggerPipelineClose(568)) - pipeline Action CLOSE  on pipeline PipelineID=780d3cc6-9867-4e5e-9ad1-efd673a008fb.Reason : 5da997ac-485a-4ae3-a11f-bd7c3a0ad14d has not seen follower/s 2b9d536e-7082-46d0-bcea-3da9bf5f5d0c for 163510ms 103cee85-d2d3-4069-a903-4a8bed8118d2 for 163512ms
2019-09-16 16:39:25,048 [java.util.concurrent.ThreadPoolExecutor$Worker@1be6be97[State = -1, empty queue]] WARN  server.GrpcLogAppender (GrpcLogAppender.java:timeoutAppendRequest(200)) - 5da997ac-485a-4ae3-a11f-bd7c3a0ad14d@group-EFD673A008FB->103cee85-d2d3-4069-a903-4a8bed8118d2-GrpcLogAppender: appendEntries Timeout, request=5da997ac-485a-4ae3-a11f-bd7c3a0ad14d->103cee85-d2d3-4069-a903-4a8bed8118d2#158-t1, previous=(t:1, i:21), leaderCommit=14, initializing? false, entries: <empty>
2019-09-16 16:39:25,048 [java.util.concurrent.ThreadPoolExecutor$Worker@35f96af3[State = -1, empty queue]] WARN  server.GrpcLogAppender (GrpcLogAppender.java:timeoutAppendRequest(200)) - 5da997ac-485a-4ae3-a11f-bd7c3a0ad14d@group-EFD673A008FB->2b9d536e-7082-46d0-bcea-3da9bf5f5d0c-GrpcLogAppender: appendEntries Timeout, request=5da997ac-485a-4ae3-a11f-bd7c3a0ad14d->2b9d536e-7082-46d0-bcea-3da9bf5f5d0c#158-t1, previous=(t:1, i:21), leaderCommit=14, initializing? false, entries: <empty>
2019-09-16 16:39:25,541 [EventQueue-PipelineActionsForPipelineActionHandler] ERROR pipeline.PipelineActionHandler (PipelineActionHandler.java:onMessage(60)) - Received pipeline action CLOSE for Pipeline[ Id: 780d3cc6-9867-4e5e-9ad1-efd673a008fb, Nodes: 2b9d536e-7082-46d0-bcea-3da9bf5f5d0c{ip: 192.168.5.183, host: pr-hdds-1054-fkf2j-3502855176, networkLocation: /default-rack, certSerialId: null}103cee85-d2d3-4069-a903-4a8bed8118d2{ip: 192.168.5.183, host: pr-hdds-1054-fkf2j-3502855176, networkLocation: /default-rack, certSerialId: null}5da997ac-485a-4ae3-a11f-bd7c3a0ad14d{ip: 192.168.5.183, host: pr-hdds-1054-fkf2j-3502855176, networkLocation: /default-rack, certSerialId: null}, Type:RATIS, Factor:THREE, State:CLOSED] from datanode 5da997ac-485a-4ae3-a11f-bd7c3a0ad14d{ip: 192.168.5.183, host: pr-hdds-1054-fkf2j-3502855176, networkLocation: /default-rack, certSerialId: null}. Reason : 5da997ac-485a-4ae3-a11f-bd7c3a0ad14d has not seen follower/s 2b9d536e-7082-46d0-bcea-3da9bf5f5d0c for 163510ms 103cee85-d2d3-4069-a903-4a8bed8118d2 for 163512ms
2019-09-16 16:39:25,542 [EventQueue-PipelineActionsForPipelineActionHandler] INFO  pipeline.SCMPipelineManager (SCMPipelineManager.java:finalizeAndDestroyPipeline(311)) - destroying pipeline:Pipeline[ Id: 780d3cc6-9867-4e5e-9ad1-efd673a008fb, Nodes: 2b9d536e-7082-46d0-bcea-3da9bf5f5d0c{ip: 192.168.5.183, host: pr-hdds-1054-fkf2j-3502855176, networkLocation: /default-rack, certSerialId: null}103cee85-d2d3-4069-a903-4a8bed8118d2{ip: 192.168.5.183, host: pr-hdds-1054-fkf2j-3502855176, networkLocation: /default-rack, certSerialId: null}5da997ac-485a-4ae3-a11f-bd7c3a0ad14d{ip: 192.168.5.183, host: pr-hdds-1054-fkf2j-3502855176, networkLocation: /default-rack, certSerialId: null}, Type:RATIS, Factor:THREE, State:CLOSED]
2019-09-16 16:39:27,049 [org.apache.ratis.server.impl.LogAppender$AppenderDaemon$$Lambda$486/1268950271@38a38b9e] ERROR ratis.XceiverServerRatis (XceiverServerRatis.java:triggerPipelineClose(568)) - pipeline Action CLOSE  on pipeline PipelineID=780d3cc6-9867-4e5e-9ad1-efd673a008fb.Reason : 5da997ac-485a-4ae3-a11f-bd7c3a0ad14d has not seen follower/s 2b9d536e-7082-46d0-bcea-3da9bf5f5d0c for 166011ms 103cee85-d2d3-4069-a903-4a8bed8118d2 for 166013ms
2019-09-16 16:39:27,050 [org.apache.ratis.server.impl.LogAppender$AppenderDaemon$$Lambda$486/1268950271@4cfcd35] ERROR ratis.XceiverServerRatis (XceiverServerRatis.java:triggerPipelineClose(568)) - pipeline Action CLOSE  on pipeline PipelineID=780d3cc6-9867-4e5e-9ad1-efd673a008fb.Reason : 5da997ac-485a-4ae3-a11f-bd7c3a0ad14d has not seen follower/s 2b9d536e-7082-46d0-bcea-3da9bf5f5d0c for 166011ms 103cee85-d2d3-4069-a903-4a8bed8118d2 for 166013ms
2019-09-16 16:39:27,541 [EventQueue-PipelineActionsForPipelineActionHandler] ERROR pipeline.PipelineActionHandler (PipelineActionHandler.java:onMessage(60)) - Received pipeline action CLOSE for Pipeline[ Id: 780d3cc6-9867-4e5e-9ad1-efd673a008fb, Nodes: 2b9d536e-7082-46d0-bcea-3da9bf5f5d0c{ip: 192.168.5.183, host: pr-hdds-1054-fkf2j-3502855176, networkLocation: /default-rack, certSerialId: null}103cee85-d2d3-4069-a903-4a8bed8118d2{ip: 192.168.5.183, host: pr-hdds-1054-fkf2j-3502855176, networkLocation: /default-rack, certSerialId: null}5da997ac-485a-4ae3-a11f-bd7c3a0ad14d{ip: 192.168.5.183, host: pr-hdds-1054-fkf2j-3502855176, networkLocation: /default-rack, certSerialId: null}, Type:RATIS, Factor:THREE, State:CLOSED] from datanode 5da997ac-485a-4ae3-a11f-bd7c3a0ad14d{ip: 192.168.5.183, host: pr-hdds-1054-fkf2j-3502855176, networkLocation: /default-rack, certSerialId: null}. Reason : 5da997ac-485a-4ae3-a11f-bd7c3a0ad14d has not seen follower/s 2b9d536e-7082-46d0-bcea-3da9bf5f5d0c for 166011ms 103cee85-d2d3-4069-a903-4a8bed8118d2 for 166013ms
2019-09-16 16:39:27,542 [EventQueue-PipelineActionsForPipelineActionHandler] INFO  pipeline.SCMPipelineManager (SCMPipelineManager.java:finalizeAndDestroyPipeline(311)) - destroying pipeline:Pipeline[ Id: 780d3cc6-9867-4e5e-9ad1-efd673a008fb, Nodes: 2b9d536e-7082-46d0-bcea-3da9bf5f5d0c{ip: 192.168.5.183, host: pr-hdds-1054-fkf2j-3502855176, networkLocation: /default-rack, certSerialId: null}103cee85-d2d3-4069-a903-4a8bed8118d2{ip: 192.168.5.183, host: pr-hdds-1054-fkf2j-3502855176, networkLocation: /default-rack, certSerialId: null}5da997ac-485a-4ae3-a11f-bd7c3a0ad14d{ip: 192.168.5.183, host: pr-hdds-1054-fkf2j-3502855176, networkLocation: /default-rack, certSerialId: null}, Type:RATIS, Factor:THREE, State:CLOSED]
2019-09-16 16:39:27,548 [java.util.concurrent.ThreadPoolExecutor$Worker@1be6be97[State = -1, empty queue]] WARN  server.GrpcLogAppender (GrpcLogAppender.java:timeoutAppendRequest(200)) - 5da997ac-485a-4ae3-a11f-bd7c3a0ad14d@group-EFD673A008FB->103cee85-d2d3-4069-a903-4a8bed8118d2-GrpcLogAppender: appendEntries Timeout, request=5da997ac-485a-4ae3-a11f-bd7c3a0ad14d->103cee85-d2d3-4069-a903-4a8bed8118d2#159-t1, previous=(t:1, i:21), leaderCommit=14, initializing? false, entries: <empty>
2019-09-16 16:39:27,549 [java.util.concurrent.ThreadPoolExecutor$Worker@35f96af3[State = -1, empty queue]] WARN  server.GrpcLogAppender (GrpcLogAppender.java:timeoutAppendRequest(200)) - 5da997ac-485a-4ae3-a11f-bd7c3a0ad14d@group-EFD673A008FB->2b9d536e-7082-46d0-bcea-3da9bf5f5d0c-GrpcLogAppender: appendEntries Timeout, request=5da997ac-485a-4ae3-a11f-bd7c3a0ad14d->2b9d536e-7082-46d0-bcea-3da9bf5f5d0c#159-t1, previous=(t:1, i:21), leaderCommit=14, initializing? false, entries: <empty>
2019-09-16 16:39:27,569 [grpc-default-executor-5] INFO  client.GrpcClientProtocolClient (GrpcClientProtocolClient.java:onNext(264)) - client-5DAEDA81DCCF->103cee85-d2d3-4069-a903-4a8bed8118d2: receive RaftClientReply:client-5DAEDA81DCCF->103cee85-d2d3-4069-a903-4a8bed8118d2@group-EFD673A008FB, cid=143, FAILED org.apache.ratis.protocol.NotLeaderException: Server 103cee85-d2d3-4069-a903-4a8bed8118d2@group-EFD673A008FB is not the leader 5da997ac-485a-4ae3-a11f-bd7c3a0ad14d:192.168.5.183:41252, logIndex=0, commits[103cee85-d2d3-4069-a903-4a8bed8118d2:c14, 2b9d536e-7082-46d0-bcea-3da9bf5f5d0c:c12, 5da997ac-485a-4ae3-a11f-bd7c3a0ad14d:c14]
2019-09-16 16:39:29,550 [org.apache.ratis.server.impl.LogAppender$AppenderDaemon$$Lambda$486/1268950271@38a38b9e] ERROR ratis.XceiverServerRatis (XceiverServerRatis.java:triggerPipelineClose(568)) - pipeline Action CLOSE  on pipeline PipelineID=780d3cc6-9867-4e5e-9ad1-efd673a008fb.Reason : 5da997ac-485a-4ae3-a11f-bd7c3a0ad14d has not seen follower/s 2b9d536e-7082-46d0-bcea-3da9bf5f5d0c for 168511ms 103cee85-d2d3-4069-a903-4a8bed8118d2 for 168514ms
2019-09-16 16:39:29,550 [org.apache.ratis.server.impl.LogAppender$AppenderDaemon$$Lambda$486/1268950271@4cfcd35] ERROR ratis.XceiverServerRatis (XceiverServerRatis.java:triggerPipelineClose(568)) - pipeline Action CLOSE  on pipeline PipelineID=780d3cc6-9867-4e5e-9ad1-efd673a008fb.Reason : 5da997ac-485a-4ae3-a11f-bd7c3a0ad14d has not seen follower/s 2b9d536e-7082-46d0-bcea-3da9bf5f5d0c for 168511ms 103cee85-d2d3-4069-a903-4a8bed8118d2 for 168514ms
2019-09-16 16:39:30,049 [java.util.concurrent.ThreadPoolExecutor$Worker@35f96af3[State = -1, empty queue]] WARN  server.GrpcLogAppender (GrpcLogAppender.java:timeoutAppendRequest(200)) - 5da997ac-485a-4ae3-a11f-bd7c3a0ad14d@group-EFD673A008FB->2b9d536e-7082-46d0-bcea-3da9bf5f5d0c-GrpcLogAppender: appendEntries Timeout, request=5da997ac-485a-4ae3-a11f-bd7c3a0ad14d->2b9d536e-7082-46d0-bcea-3da9bf5f5d0c#160-t1, previous=(t:1, i:21), leaderCommit=14, initializing? false, entries: <empty>
2019-09-16 16:39:30,050 [java.util.concurrent.ThreadPoolExecutor$Worker@1be6be97[State = -1, empty queue]] WARN  server.GrpcLogAppender (GrpcLogAppender.java:timeoutAppendRequest(200)) - 5da997ac-485a-4ae3-a11f-bd7c3a0ad14d@group-EFD673A008FB->103cee85-d2d3-4069-a903-4a8bed8118d2-GrpcLogAppender: appendEntries Timeout, request=5da997ac-485a-4ae3-a11f-bd7c3a0ad14d->103cee85-d2d3-4069-a903-4a8bed8118d2#160-t1, previous=(t:1, i:21), leaderCommit=14, initializing? false, entries: <empty>
2019-09-16 16:39:30,541 [EventQueue-PipelineActionsForPipelineActionHandler] ERROR pipeline.PipelineActionHandler (PipelineActionHandler.java:onMessage(60)) - Received pipeline action CLOSE for Pipeline[ Id: 780d3cc6-9867-4e5e-9ad1-efd673a008fb, Nodes: 2b9d536e-7082-46d0-bcea-3da9bf5f5d0c{ip: 192.168.5.183, host: pr-hdds-1054-fkf2j-3502855176, networkLocation: /default-rack, certSerialId: null}103cee85-d2d3-4069-a903-4a8bed8118d2{ip: 192.168.5.183, host: pr-hdds-1054-fkf2j-3502855176, networkLocation: /default-rack, certSerialId: null}5da997ac-485a-4ae3-a11f-bd7c3a0ad14d{ip: 192.168.5.183, host: pr-hdds-1054-fkf2j-3502855176, networkLocation: /default-rack, certSerialId: null}, Type:RATIS, Factor:THREE, State:CLOSED] from datanode 5da997ac-485a-4ae3-a11f-bd7c3a0ad14d{ip: 192.168.5.183, host: pr-hdds-1054-fkf2j-3502855176, networkLocation: /default-rack, certSerialId: null}. Reason : 5da997ac-485a-4ae3-a11f-bd7c3a0ad14d has not seen follower/s 2b9d536e-7082-46d0-bcea-3da9bf5f5d0c for 168511ms 103cee85-d2d3-4069-a903-4a8bed8118d2 for 168514ms
2019-09-16 16:39:30,541 [EventQueue-PipelineActionsForPipelineActionHandler] INFO  pipeline.SCMPipelineManager (SCMPipelineManager.java:finalizeAndDestroyPipeline(311)) - destroying pipeline:Pipeline[ Id: 780d3cc6-9867-4e5e-9ad1-efd673a008fb, Nodes: 2b9d536e-7082-46d0-bcea-3da9bf5f5d0c{ip: 192.168.5.183, host: pr-hdds-1054-fkf2j-3502855176, networkLocation: /default-rack, certSerialId: null}103cee85-d2d3-4069-a903-4a8bed8118d2{ip: 192.168.5.183, host: pr-hdds-1054-fkf2j-3502855176, networkLocation: /default-rack, certSerialId: null}5da997ac-485a-4ae3-a11f-bd7c3a0ad14d{ip: 192.168.5.183, host: pr-hdds-1054-fkf2j-3502855176, networkLocation: /default-rack, certSerialId: null}, Type:RATIS, Factor:THREE, State:CLOSED]
2019-09-16 16:39:31,282 [2b9d536e-7082-46d0-bcea-3da9bf5f5d0c@group-EFD673A008FB-SegmentedRaftLogWorker] WARN  segmented.SegmentedRaftLogWorker (SegmentedRaftLogWorker.java:getFromFuture(90)) - Timeout 16/~
org.apache.ratis.protocol.TimeoutIOException: Timeout 10s: WriteLog:15: (t:1, i:15), STATEMACHINELOGENTRY, client-5DAEDA81DCCF, cid=143-writeStateMachineData
	at org.apache.ratis.util.IOUtils.getFromFuture(IOUtils.java:87)
	at org.apache.ratis.server.raftlog.segmented.SegmentedRaftLogWorker$StateMachineDataPolicy.getFromFuture(SegmentedRaftLogWorker.java:87)
	at org.apache.ratis.server.raftlog.segmented.SegmentedRaftLogWorker$WriteLog.execute(SegmentedRaftLogWorker.java:477)
	at org.apache.ratis.server.raftlog.segmented.SegmentedRaftLogWorker.run(SegmentedRaftLogWorker.java:289)
	at java.lang.Thread.run(Thread.java:748)
Caused by: java.util.concurrent.TimeoutException
	at java.util.concurrent.CompletableFuture.timedGet(CompletableFuture.java:1771)
	at java.util.concurrent.CompletableFuture.get(CompletableFuture.java:1915)
	at org.apache.ratis.util.IOUtils.getFromFuture(IOUtils.java:79)
	... 4 more
2019-09-16 16:39:31,325 [103cee85-d2d3-4069-a903-4a8bed8118d2@group-EFD673A008FB-SegmentedRaftLogWorker] WARN  segmented.SegmentedRaftLogWorker (SegmentedRaftLogWorker.java:getFromFuture(90)) - Timeout 16/~
org.apache.ratis.protocol.TimeoutIOException: Timeout 10s: WriteLog:15: (t:1, i:15), STATEMACHINELOGENTRY, client-5DAEDA81DCCF, cid=143-writeStateMachineData
	at org.apache.ratis.util.IOUtils.getFromFuture(IOUtils.java:87)
	at org.apache.ratis.server.raftlog.segmented.SegmentedRaftLogWorker$StateMachineDataPolicy.getFromFuture(SegmentedRaftLogWorker.java:87)
	at org.apache.ratis.server.raftlog.segmented.SegmentedRaftLogWorker$WriteLog.execute(SegmentedRaftLogWorker.java:477)
	at org.apache.ratis.server.raftlog.segmented.SegmentedRaftLogWorker.run(SegmentedRaftLogWorker.java:289)
	at java.lang.Thread.run(Thread.java:748)
Caused by: java.util.concurrent.TimeoutException
	at java.util.concurrent.CompletableFuture.timedGet(CompletableFuture.java:1771)
	at java.util.concurrent.CompletableFuture.get(CompletableFuture.java:1915)
	at org.apache.ratis.util.IOUtils.getFromFuture(IOUtils.java:79)
	... 4 more
2019-09-16 16:39:31,510 [5da997ac-485a-4ae3-a11f-bd7c3a0ad14d@group-EFD673A008FB-SegmentedRaftLogWorker] WARN  segmented.SegmentedRaftLogWorker (SegmentedRaftLogWorker.java:getFromFuture(90)) - Timeout 16/~
org.apache.ratis.protocol.TimeoutIOException: Timeout 10s: WriteLog:16: (t:1, i:16), STATEMACHINELOGENTRY, client-5DAEDA81DCCF, cid=144-writeStateMachineData
	at org.apache.ratis.util.IOUtils.getFromFuture(IOUtils.java:87)
	at org.apache.ratis.server.raftlog.segmented.SegmentedRaftLogWorker$StateMachineDataPolicy.getFromFuture(SegmentedRaftLogWorker.java:87)
	at org.apache.ratis.server.raftlog.segmented.SegmentedRaftLogWorker$WriteLog.execute(SegmentedRaftLogWorker.java:477)
	at org.apache.ratis.server.raftlog.segmented.SegmentedRaftLogWorker.run(SegmentedRaftLogWorker.java:289)
	at java.lang.Thread.run(Thread.java:748)
Caused by: java.util.concurrent.TimeoutException
	at java.util.concurrent.CompletableFuture.timedGet(CompletableFuture.java:1771)
	at java.util.concurrent.CompletableFuture.get(CompletableFuture.java:1915)
	at org.apache.ratis.util.IOUtils.getFromFuture(IOUtils.java:79)
	... 4 more
2019-09-16 16:39:32,051 [org.apache.ratis.server.impl.LogAppender$AppenderDaemon$$Lambda$486/1268950271@38a38b9e] ERROR ratis.XceiverServerRatis (XceiverServerRatis.java:triggerPipelineClose(568)) - pipeline Action CLOSE  on pipeline PipelineID=780d3cc6-9867-4e5e-9ad1-efd673a008fb.Reason : 5da997ac-485a-4ae3-a11f-bd7c3a0ad14d has not seen follower/s 2b9d536e-7082-46d0-bcea-3da9bf5f5d0c for 171012ms 103cee85-d2d3-4069-a903-4a8bed8118d2 for 171014ms
2019-09-16 16:39:32,051 [org.apache.ratis.server.impl.LogAppender$AppenderDaemon$$Lambda$486/1268950271@4cfcd35] ERROR ratis.XceiverServerRatis (XceiverServerRatis.java:triggerPipelineClose(568)) - pipeline Action CLOSE  on pipeline PipelineID=780d3cc6-9867-4e5e-9ad1-efd673a008fb.Reason : 5da997ac-485a-4ae3-a11f-bd7c3a0ad14d has not seen follower/s 2b9d536e-7082-46d0-bcea-3da9bf5f5d0c for 171012ms 103cee85-d2d3-4069-a903-4a8bed8118d2 for 171015ms
2019-09-16 16:39:32,541 [EventQueue-PipelineActionsForPipelineActionHandler] ERROR pipeline.PipelineActionHandler (PipelineActionHandler.java:onMessage(60)) - Received pipeline action CLOSE for Pipeline[ Id: 780d3cc6-9867-4e5e-9ad1-efd673a008fb, Nodes: 2b9d536e-7082-46d0-bcea-3da9bf5f5d0c{ip: 192.168.5.183, host: pr-hdds-1054-fkf2j-3502855176, networkLocation: /default-rack, certSerialId: null}103cee85-d2d3-4069-a903-4a8bed8118d2{ip: 192.168.5.183, host: pr-hdds-1054-fkf2j-3502855176, networkLocation: /default-rack, certSerialId: null}5da997ac-485a-4ae3-a11f-bd7c3a0ad14d{ip: 192.168.5.183, host: pr-hdds-1054-fkf2j-3502855176, networkLocation: /default-rack, certSerialId: null}, Type:RATIS, Factor:THREE, State:CLOSED] from datanode 5da997ac-485a-4ae3-a11f-bd7c3a0ad14d{ip: 192.168.5.183, host: pr-hdds-1054-fkf2j-3502855176, networkLocation: /default-rack, certSerialId: null}. Reason : 5da997ac-485a-4ae3-a11f-bd7c3a0ad14d has not seen follower/s 2b9d536e-7082-46d0-bcea-3da9bf5f5d0c for 171012ms 103cee85-d2d3-4069-a903-4a8bed8118d2 for 171014ms
2019-09-16 16:39:32,545 [EventQueue-PipelineActionsForPipelineActionHandler] INFO  pipeline.SCMPipelineManager (SCMPipelineManager.java:finalizeAndDestroyPipeline(311)) - destroying pipeline:Pipeline[ Id: 780d3cc6-9867-4e5e-9ad1-efd673a008fb, Nodes: 2b9d536e-7082-46d0-bcea-3da9bf5f5d0c{ip: 192.168.5.183, host: pr-hdds-1054-fkf2j-3502855176, networkLocation: /default-rack, certSerialId: null}103cee85-d2d3-4069-a903-4a8bed8118d2{ip: 192.168.5.183, host: pr-hdds-1054-fkf2j-3502855176, networkLocation: /default-rack, certSerialId: null}5da997ac-485a-4ae3-a11f-bd7c3a0ad14d{ip: 192.168.5.183, host: pr-hdds-1054-fkf2j-3502855176, networkLocation: /default-rack, certSerialId: null}, Type:RATIS, Factor:THREE, State:CLOSED]
2019-09-16 16:39:32,550 [java.util.concurrent.ThreadPoolExecutor$Worker@35f96af3[State = -1, empty queue]] WARN  server.GrpcLogAppender (GrpcLogAppender.java:timeoutAppendRequest(200)) - 5da997ac-485a-4ae3-a11f-bd7c3a0ad14d@group-EFD673A008FB->2b9d536e-7082-46d0-bcea-3da9bf5f5d0c-GrpcLogAppender: appendEntries Timeout, request=5da997ac-485a-4ae3-a11f-bd7c3a0ad14d->2b9d536e-7082-46d0-bcea-3da9bf5f5d0c#161-t1, previous=(t:1, i:21), leaderCommit=14, initializing? false, entries: <empty>
2019-09-16 16:39:32,550 [java.util.concurrent.ThreadPoolExecutor$Worker@1be6be97[State = -1, empty queue]] WARN  server.GrpcLogAppender (GrpcLogAppender.java:timeoutAppendRequest(200)) - 5da997ac-485a-4ae3-a11f-bd7c3a0ad14d@group-EFD673A008FB->103cee85-d2d3-4069-a903-4a8bed8118d2-GrpcLogAppender: appendEntries Timeout, request=5da997ac-485a-4ae3-a11f-bd7c3a0ad14d->103cee85-d2d3-4069-a903-4a8bed8118d2#161-t1, previous=(t:1, i:21), leaderCommit=14, initializing? false, entries: <empty>
2019-09-16 16:39:32,625 [grpc-default-executor-2] INFO  client.GrpcClientProtocolClient (GrpcClientProtocolClient.java:onNext(264)) - client-5DAEDA81DCCF->2b9d536e-7082-46d0-bcea-3da9bf5f5d0c: receive RaftClientReply:client-5DAEDA81DCCF->2b9d536e-7082-46d0-bcea-3da9bf5f5d0c@group-EFD673A008FB, cid=143, FAILED org.apache.ratis.protocol.NotLeaderException: Server 2b9d536e-7082-46d0-bcea-3da9bf5f5d0c@group-EFD673A008FB is not the leader 5da997ac-485a-4ae3-a11f-bd7c3a0ad14d:192.168.5.183:41252, logIndex=0, commits[2b9d536e-7082-46d0-bcea-3da9bf5f5d0c:c14, 103cee85-d2d3-4069-a903-4a8bed8118d2:c12, 5da997ac-485a-4ae3-a11f-bd7c3a0ad14d:c14]
2019-09-16 16:39:34,552 [org.apache.ratis.server.impl.LogAppender$AppenderDaemon$$Lambda$486/1268950271@38a38b9e] ERROR ratis.XceiverServerRatis (XceiverServerRatis.java:triggerPipelineClose(568)) - pipeline Action CLOSE  on pipeline PipelineID=780d3cc6-9867-4e5e-9ad1-efd673a008fb.Reason : 5da997ac-485a-4ae3-a11f-bd7c3a0ad14d has not seen follower/s 2b9d536e-7082-46d0-bcea-3da9bf5f5d0c for 173513ms 103cee85-d2d3-4069-a903-4a8bed8118d2 for 173515ms
2019-09-16 16:39:34,552 [org.apache.ratis.server.impl.LogAppender$AppenderDaemon$$Lambda$486/1268950271@4cfcd35] ERROR ratis.XceiverServerRatis (XceiverServerRatis.java:triggerPipelineClose(568)) - pipeline Action CLOSE  on pipeline PipelineID=780d3cc6-9867-4e5e-9ad1-efd673a008fb.Reason : 5da997ac-485a-4ae3-a11f-bd7c3a0ad14d has not seen follower/s 2b9d536e-7082-46d0-bcea-3da9bf5f5d0c for 173513ms 103cee85-d2d3-4069-a903-4a8bed8118d2 for 173515ms
2019-09-16 16:39:35,051 [java.util.concurrent.ThreadPoolExecutor$Worker@35f96af3[State = -1, empty queue]] WARN  server.GrpcLogAppender (GrpcLogAppender.java:timeoutAppendRequest(200)) - 5da997ac-485a-4ae3-a11f-bd7c3a0ad14d@group-EFD673A008FB->2b9d536e-7082-46d0-bcea-3da9bf5f5d0c-GrpcLogAppender: appendEntries Timeout, request=5da997ac-485a-4ae3-a11f-bd7c3a0ad14d->2b9d536e-7082-46d0-bcea-3da9bf5f5d0c#162-t1, previous=(t:1, i:21), leaderCommit=14, initializing? false, entries: <empty>
2019-09-16 16:39:35,051 [java.util.concurrent.ThreadPoolExecutor$Worker@1be6be97[State = -1, empty queue]] WARN  server.GrpcLogAppender (GrpcLogAppender.java:timeoutAppendRequest(200)) - 5da997ac-485a-4ae3-a11f-bd7c3a0ad14d@group-EFD673A008FB->103cee85-d2d3-4069-a903-4a8bed8118d2-GrpcLogAppender: appendEntries Timeout, request=5da997ac-485a-4ae3-a11f-bd7c3a0ad14d->103cee85-d2d3-4069-a903-4a8bed8118d2#162-t1, previous=(t:1, i:21), leaderCommit=14, initializing? false, entries: <empty>
2019-09-16 16:39:35,541 [EventQueue-PipelineActionsForPipelineActionHandler] ERROR pipeline.PipelineActionHandler (PipelineActionHandler.java:onMessage(60)) - Received pipeline action CLOSE for Pipeline[ Id: 780d3cc6-9867-4e5e-9ad1-efd673a008fb, Nodes: 2b9d536e-7082-46d0-bcea-3da9bf5f5d0c{ip: 192.168.5.183, host: pr-hdds-1054-fkf2j-3502855176, networkLocation: /default-rack, certSerialId: null}103cee85-d2d3-4069-a903-4a8bed8118d2{ip: 192.168.5.183, host: pr-hdds-1054-fkf2j-3502855176, networkLocation: /default-rack, certSerialId: null}5da997ac-485a-4ae3-a11f-bd7c3a0ad14d{ip: 192.168.5.183, host: pr-hdds-1054-fkf2j-3502855176, networkLocation: /default-rack, certSerialId: null}, Type:RATIS, Factor:THREE, State:CLOSED] from datanode 5da997ac-485a-4ae3-a11f-bd7c3a0ad14d{ip: 192.168.5.183, host: pr-hdds-1054-fkf2j-3502855176, networkLocation: /default-rack, certSerialId: null}. Reason : 5da997ac-485a-4ae3-a11f-bd7c3a0ad14d has not seen follower/s 2b9d536e-7082-46d0-bcea-3da9bf5f5d0c for 173513ms 103cee85-d2d3-4069-a903-4a8bed8118d2 for 173515ms
2019-09-16 16:39:35,541 [EventQueue-PipelineActionsForPipelineActionHandler] INFO  pipeline.SCMPipelineManager (SCMPipelineManager.java:finalizeAndDestroyPipeline(311)) - destroying pipeline:Pipeline[ Id: 780d3cc6-9867-4e5e-9ad1-efd673a008fb, Nodes: 2b9d536e-7082-46d0-bcea-3da9bf5f5d0c{ip: 192.168.5.183, host: pr-hdds-1054-fkf2j-3502855176, networkLocation: /default-rack, certSerialId: null}103cee85-d2d3-4069-a903-4a8bed8118d2{ip: 192.168.5.183, host: pr-hdds-1054-fkf2j-3502855176, networkLocation: /default-rack, certSerialId: null}5da997ac-485a-4ae3-a11f-bd7c3a0ad14d{ip: 192.168.5.183, host: pr-hdds-1054-fkf2j-3502855176, networkLocation: /default-rack, certSerialId: null}, Type:RATIS, Factor:THREE, State:CLOSED]
2019-09-16 16:39:37,052 [org.apache.ratis.server.impl.LogAppender$AppenderDaemon$$Lambda$486/1268950271@38a38b9e] ERROR ratis.XceiverServerRatis (XceiverServerRatis.java:triggerPipelineClose(568)) - pipeline Action CLOSE  on pipeline PipelineID=780d3cc6-9867-4e5e-9ad1-efd673a008fb.Reason : 5da997ac-485a-4ae3-a11f-bd7c3a0ad14d has not seen follower/s 2b9d536e-7082-46d0-bcea-3da9bf5f5d0c for 176014ms 103cee85-d2d3-4069-a903-4a8bed8118d2 for 176016ms
2019-09-16 16:39:37,052 [org.apache.ratis.server.impl.LogAppender$AppenderDaemon$$Lambda$486/1268950271@4cfcd35] ERROR ratis.XceiverServerRatis (XceiverServerRatis.java:triggerPipelineClose(568)) - pipeline Action CLOSE  on pipeline PipelineID=780d3cc6-9867-4e5e-9ad1-efd673a008fb.Reason : 5da997ac-485a-4ae3-a11f-bd7c3a0ad14d has not seen follower/s 2b9d536e-7082-46d0-bcea-3da9bf5f5d0c for 176014ms 103cee85-d2d3-4069-a903-4a8bed8118d2 for 176016ms
2019-09-16 16:39:37,541 [EventQueue-PipelineActionsForPipelineActionHandler] ERROR pipeline.PipelineActionHandler (PipelineActionHandler.java:onMessage(60)) - Received pipeline action CLOSE for Pipeline[ Id: 780d3cc6-9867-4e5e-9ad1-efd673a008fb, Nodes: 2b9d536e-7082-46d0-bcea-3da9bf5f5d0c{ip: 192.168.5.183, host: pr-hdds-1054-fkf2j-3502855176, networkLocation: /default-rack, certSerialId: null}103cee85-d2d3-4069-a903-4a8bed8118d2{ip: 192.168.5.183, host: pr-hdds-1054-fkf2j-3502855176, networkLocation: /default-rack, certSerialId: null}5da997ac-485a-4ae3-a11f-bd7c3a0ad14d{ip: 192.168.5.183, host: pr-hdds-1054-fkf2j-3502855176, networkLocation: /default-rack, certSerialId: null}, Type:RATIS, Factor:THREE, State:CLOSED] from datanode 5da997ac-485a-4ae3-a11f-bd7c3a0ad14d{ip: 192.168.5.183, host: pr-hdds-1054-fkf2j-3502855176, networkLocation: /default-rack, certSerialId: null}. Reason : 5da997ac-485a-4ae3-a11f-bd7c3a0ad14d has not seen follower/s 2b9d536e-7082-46d0-bcea-3da9bf5f5d0c for 176014ms 103cee85-d2d3-4069-a903-4a8bed8118d2 for 176016ms
2019-09-16 16:39:37,542 [EventQueue-PipelineActionsForPipelineActionHandler] INFO  pipeline.SCMPipelineManager (SCMPipelineManager.java:finalizeAndDestroyPipeline(311)) - destroying pipeline:Pipeline[ Id: 780d3cc6-9867-4e5e-9ad1-efd673a008fb, Nodes: 2b9d536e-7082-46d0-bcea-3da9bf5f5d0c{ip: 192.168.5.183, host: pr-hdds-1054-fkf2j-3502855176, networkLocation: /default-rack, certSerialId: null}103cee85-d2d3-4069-a903-4a8bed8118d2{ip: 192.168.5.183, host: pr-hdds-1054-fkf2j-3502855176, networkLocation: /default-rack, certSerialId: null}5da997ac-485a-4ae3-a11f-bd7c3a0ad14d{ip: 192.168.5.183, host: pr-hdds-1054-fkf2j-3502855176, networkLocation: /default-rack, certSerialId: null}, Type:RATIS, Factor:THREE, State:CLOSED]
2019-09-16 16:39:37,552 [java.util.concurrent.ThreadPoolExecutor$Worker@35f96af3[State = -1, empty queue]] WARN  server.GrpcLogAppender (GrpcLogAppender.java:timeoutAppendRequest(200)) - 5da997ac-485a-4ae3-a11f-bd7c3a0ad14d@group-EFD673A008FB->2b9d536e-7082-46d0-bcea-3da9bf5f5d0c-GrpcLogAppender: appendEntries Timeout, request=5da997ac-485a-4ae3-a11f-bd7c3a0ad14d->2b9d536e-7082-46d0-bcea-3da9bf5f5d0c#163-t1, previous=(t:1, i:21), leaderCommit=14, initializing? false, entries: <empty>
2019-09-16 16:39:37,552 [java.util.concurrent.ThreadPoolExecutor$Worker@1be6be97[State = -1, empty queue]] WARN  server.GrpcLogAppender (GrpcLogAppender.java:timeoutAppendRequest(200)) - 5da997ac-485a-4ae3-a11f-bd7c3a0ad14d@group-EFD673A008FB->103cee85-d2d3-4069-a903-4a8bed8118d2-GrpcLogAppender: appendEntries Timeout, request=5da997ac-485a-4ae3-a11f-bd7c3a0ad14d->103cee85-d2d3-4069-a903-4a8bed8118d2#163-t1, previous=(t:1, i:21), leaderCommit=14, initializing? false, entries: <empty>
2019-09-16 16:39:37,671 [grpc-default-executor-5] INFO  client.GrpcClientProtocolClient (GrpcClientProtocolClient.java:onNext(264)) - client-5DAEDA81DCCF->2b9d536e-7082-46d0-bcea-3da9bf5f5d0c: receive RaftClientReply:client-5DAEDA81DCCF->2b9d536e-7082-46d0-bcea-3da9bf5f5d0c@group-EFD673A008FB, cid=143, FAILED org.apache.ratis.protocol.NotLeaderException: Server 2b9d536e-7082-46d0-bcea-3da9bf5f5d0c@group-EFD673A008FB is not the leader 5da997ac-485a-4ae3-a11f-bd7c3a0ad14d:192.168.5.183:41252, logIndex=0, commits[2b9d536e-7082-46d0-bcea-3da9bf5f5d0c:c14, 103cee85-d2d3-4069-a903-4a8bed8118d2:c12, 5da997ac-485a-4ae3-a11f-bd7c3a0ad14d:c14]
2019-09-16 16:39:39,553 [org.apache.ratis.server.impl.LogAppender$AppenderDaemon$$Lambda$486/1268950271@38a38b9e] ERROR ratis.XceiverServerRatis (XceiverServerRatis.java:triggerPipelineClose(568)) - pipeline Action CLOSE  on pipeline PipelineID=780d3cc6-9867-4e5e-9ad1-efd673a008fb.Reason : 5da997ac-485a-4ae3-a11f-bd7c3a0ad14d has not seen follower/s 2b9d536e-7082-46d0-bcea-3da9bf5f5d0c for 178514ms 103cee85-d2d3-4069-a903-4a8bed8118d2 for 178517ms
2019-09-16 16:39:39,553 [org.apache.ratis.server.impl.LogAppender$AppenderDaemon$$Lambda$486/1268950271@4cfcd35] ERROR ratis.XceiverServerRatis (XceiverServerRatis.java:triggerPipelineClose(568)) - pipeline Action CLOSE  on pipeline PipelineID=780d3cc6-9867-4e5e-9ad1-efd673a008fb.Reason : 5da997ac-485a-4ae3-a11f-bd7c3a0ad14d has not seen follower/s 2b9d536e-7082-46d0-bcea-3da9bf5f5d0c for 178514ms 103cee85-d2d3-4069-a903-4a8bed8118d2 for 178517ms
2019-09-16 16:39:40,052 [java.util.concurrent.ThreadPoolExecutor$Worker@35f96af3[State = -1, empty queue]] WARN  server.GrpcLogAppender (GrpcLogAppender.java:timeoutAppendRequest(200)) - 5da997ac-485a-4ae3-a11f-bd7c3a0ad14d@group-EFD673A008FB->2b9d536e-7082-46d0-bcea-3da9bf5f5d0c-GrpcLogAppender: appendEntries Timeout, request=5da997ac-485a-4ae3-a11f-bd7c3a0ad14d->2b9d536e-7082-46d0-bcea-3da9bf5f5d0c#164-t1, previous=(t:1, i:21), leaderCommit=14, initializing? false, entries: <empty>
2019-09-16 16:39:40,052 [java.util.concurrent.ThreadPoolExecutor$Worker@1be6be97[State = -1, empty queue]] WARN  server.GrpcLogAppender (GrpcLogAppender.java:timeoutAppendRequest(200)) - 5da997ac-485a-4ae3-a11f-bd7c3a0ad14d@group-EFD673A008FB->103cee85-d2d3-4069-a903-4a8bed8118d2-GrpcLogAppender: appendEntries Timeout, request=5da997ac-485a-4ae3-a11f-bd7c3a0ad14d->103cee85-d2d3-4069-a903-4a8bed8118d2#164-t1, previous=(t:1, i:21), leaderCommit=14, initializing? false, entries: <empty>
2019-09-16 16:39:40,542 [EventQueue-PipelineActionsForPipelineActionHandler] ERROR pipeline.PipelineActionHandler (PipelineActionHandler.java:onMessage(60)) - Received pipeline action CLOSE for Pipeline[ Id: 780d3cc6-9867-4e5e-9ad1-efd673a008fb, Nodes: 2b9d536e-7082-46d0-bcea-3da9bf5f5d0c{ip: 192.168.5.183, host: pr-hdds-1054-fkf2j-3502855176, networkLocation: /default-rack, certSerialId: null}103cee85-d2d3-4069-a903-4a8bed8118d2{ip: 192.168.5.183, host: pr-hdds-1054-fkf2j-3502855176, networkLocation: /default-rack, certSerialId: null}5da997ac-485a-4ae3-a11f-bd7c3a0ad14d{ip: 192.168.5.183, host: pr-hdds-1054-fkf2j-3502855176, networkLocation: /default-rack, certSerialId: null}, Type:RATIS, Factor:THREE, State:CLOSED] from datanode 5da997ac-485a-4ae3-a11f-bd7c3a0ad14d{ip: 192.168.5.183, host: pr-hdds-1054-fkf2j-3502855176, networkLocation: /default-rack, certSerialId: null}. Reason : 5da997ac-485a-4ae3-a11f-bd7c3a0ad14d has not seen follower/s 2b9d536e-7082-46d0-bcea-3da9bf5f5d0c for 178514ms 103cee85-d2d3-4069-a903-4a8bed8118d2 for 178517ms
2019-09-16 16:39:40,542 [EventQueue-PipelineActionsForPipelineActionHandler] INFO  pipeline.SCMPipelineManager (SCMPipelineManager.java:finalizeAndDestroyPipeline(311)) - destroying pipeline:Pipeline[ Id: 780d3cc6-9867-4e5e-9ad1-efd673a008fb, Nodes: 2b9d536e-7082-46d0-bcea-3da9bf5f5d0c{ip: 192.168.5.183, host: pr-hdds-1054-fkf2j-3502855176, networkLocation: /default-rack, certSerialId: null}103cee85-d2d3-4069-a903-4a8bed8118d2{ip: 192.168.5.183, host: pr-hdds-1054-fkf2j-3502855176, networkLocation: /default-rack, certSerialId: null}5da997ac-485a-4ae3-a11f-bd7c3a0ad14d{ip: 192.168.5.183, host: pr-hdds-1054-fkf2j-3502855176, networkLocation: /default-rack, certSerialId: null}, Type:RATIS, Factor:THREE, State:CLOSED]
2019-09-16 16:39:41,283 [2b9d536e-7082-46d0-bcea-3da9bf5f5d0c@group-EFD673A008FB-SegmentedRaftLogWorker] WARN  segmented.SegmentedRaftLogWorker (SegmentedRaftLogWorker.java:getFromFuture(90)) - Timeout 17/~
org.apache.ratis.protocol.TimeoutIOException: Timeout 10s: WriteLog:15: (t:1, i:15), STATEMACHINELOGENTRY, client-5DAEDA81DCCF, cid=143-writeStateMachineData
	at org.apache.ratis.util.IOUtils.getFromFuture(IOUtils.java:87)
	at org.apache.ratis.server.raftlog.segmented.SegmentedRaftLogWorker$StateMachineDataPolicy.getFromFuture(SegmentedRaftLogWorker.java:87)
	at org.apache.ratis.server.raftlog.segmented.SegmentedRaftLogWorker$WriteLog.execute(SegmentedRaftLogWorker.java:477)
	at org.apache.ratis.server.raftlog.segmented.SegmentedRaftLogWorker.run(SegmentedRaftLogWorker.java:289)
	at java.lang.Thread.run(Thread.java:748)
Caused by: java.util.concurrent.TimeoutException
	at java.util.concurrent.CompletableFuture.timedGet(CompletableFuture.java:1771)
	at java.util.concurrent.CompletableFuture.get(CompletableFuture.java:1915)
	at org.apache.ratis.util.IOUtils.getFromFuture(IOUtils.java:79)
	... 4 more
2019-09-16 16:39:41,326 [103cee85-d2d3-4069-a903-4a8bed8118d2@group-EFD673A008FB-SegmentedRaftLogWorker] WARN  segmented.SegmentedRaftLogWorker (SegmentedRaftLogWorker.java:getFromFuture(90)) - Timeout 17/~
org.apache.ratis.protocol.TimeoutIOException: Timeout 10s: WriteLog:15: (t:1, i:15), STATEMACHINELOGENTRY, client-5DAEDA81DCCF, cid=143-writeStateMachineData
	at org.apache.ratis.util.IOUtils.getFromFuture(IOUtils.java:87)
	at org.apache.ratis.server.raftlog.segmented.SegmentedRaftLogWorker$StateMachineDataPolicy.getFromFuture(SegmentedRaftLogWorker.java:87)
	at org.apache.ratis.server.raftlog.segmented.SegmentedRaftLogWorker$WriteLog.execute(SegmentedRaftLogWorker.java:477)
	at org.apache.ratis.server.raftlog.segmented.SegmentedRaftLogWorker.run(SegmentedRaftLogWorker.java:289)
	at java.lang.Thread.run(Thread.java:748)
Caused by: java.util.concurrent.TimeoutException
	at java.util.concurrent.CompletableFuture.timedGet(CompletableFuture.java:1771)
	at java.util.concurrent.CompletableFuture.get(CompletableFuture.java:1915)
	at org.apache.ratis.util.IOUtils.getFromFuture(IOUtils.java:79)
	... 4 more
2019-09-16 16:39:41,511 [5da997ac-485a-4ae3-a11f-bd7c3a0ad14d@group-EFD673A008FB-SegmentedRaftLogWorker] WARN  segmented.SegmentedRaftLogWorker (SegmentedRaftLogWorker.java:getFromFuture(90)) - Timeout 17/~
org.apache.ratis.protocol.TimeoutIOException: Timeout 10s: WriteLog:16: (t:1, i:16), STATEMACHINELOGENTRY, client-5DAEDA81DCCF, cid=144-writeStateMachineData
	at org.apache.ratis.util.IOUtils.getFromFuture(IOUtils.java:87)
	at org.apache.ratis.server.raftlog.segmented.SegmentedRaftLogWorker$StateMachineDataPolicy.getFromFuture(SegmentedRaftLogWorker.java:87)
	at org.apache.ratis.server.raftlog.segmented.SegmentedRaftLogWorker$WriteLog.execute(SegmentedRaftLogWorker.java:477)
	at org.apache.ratis.server.raftlog.segmented.SegmentedRaftLogWorker.run(SegmentedRaftLogWorker.java:289)
	at java.lang.Thread.run(Thread.java:748)
Caused by: java.util.concurrent.TimeoutException
	at java.util.concurrent.CompletableFuture.timedGet(CompletableFuture.java:1771)
	at java.util.concurrent.CompletableFuture.get(CompletableFuture.java:1915)
	at org.apache.ratis.util.IOUtils.getFromFuture(IOUtils.java:79)
	... 4 more
2019-09-16 16:39:42,054 [org.apache.ratis.server.impl.LogAppender$AppenderDaemon$$Lambda$486/1268950271@38a38b9e] ERROR ratis.XceiverServerRatis (XceiverServerRatis.java:triggerPipelineClose(568)) - pipeline Action CLOSE  on pipeline PipelineID=780d3cc6-9867-4e5e-9ad1-efd673a008fb.Reason : 5da997ac-485a-4ae3-a11f-bd7c3a0ad14d has not seen follower/s 2b9d536e-7082-46d0-bcea-3da9bf5f5d0c for 181015ms 103cee85-d2d3-4069-a903-4a8bed8118d2 for 181017ms
2019-09-16 16:39:42,054 [org.apache.ratis.server.impl.LogAppender$AppenderDaemon$$Lambda$486/1268950271@4cfcd35] ERROR ratis.XceiverServerRatis (XceiverServerRatis.java:triggerPipelineClose(568)) - pipeline Action CLOSE  on pipeline PipelineID=780d3cc6-9867-4e5e-9ad1-efd673a008fb.Reason : 5da997ac-485a-4ae3-a11f-bd7c3a0ad14d has not seen follower/s 2b9d536e-7082-46d0-bcea-3da9bf5f5d0c for 181015ms 103cee85-d2d3-4069-a903-4a8bed8118d2 for 181018ms
2019-09-16 16:39:42,542 [EventQueue-PipelineActionsForPipelineActionHandler] ERROR pipeline.PipelineActionHandler (PipelineActionHandler.java:onMessage(60)) - Received pipeline action CLOSE for Pipeline[ Id: 780d3cc6-9867-4e5e-9ad1-efd673a008fb, Nodes: 2b9d536e-7082-46d0-bcea-3da9bf5f5d0c{ip: 192.168.5.183, host: pr-hdds-1054-fkf2j-3502855176, networkLocation: /default-rack, certSerialId: null}103cee85-d2d3-4069-a903-4a8bed8118d2{ip: 192.168.5.183, host: pr-hdds-1054-fkf2j-3502855176, networkLocation: /default-rack, certSerialId: null}5da997ac-485a-4ae3-a11f-bd7c3a0ad14d{ip: 192.168.5.183, host: pr-hdds-1054-fkf2j-3502855176, networkLocation: /default-rack, certSerialId: null}, Type:RATIS, Factor:THREE, State:CLOSED] from datanode 5da997ac-485a-4ae3-a11f-bd7c3a0ad14d{ip: 192.168.5.183, host: pr-hdds-1054-fkf2j-3502855176, networkLocation: /default-rack, certSerialId: null}. Reason : 5da997ac-485a-4ae3-a11f-bd7c3a0ad14d has not seen follower/s 2b9d536e-7082-46d0-bcea-3da9bf5f5d0c for 181015ms 103cee85-d2d3-4069-a903-4a8bed8118d2 for 181017ms
2019-09-16 16:39:42,542 [EventQueue-PipelineActionsForPipelineActionHandler] INFO  pipeline.SCMPipelineManager (SCMPipelineManager.java:finalizeAndDestroyPipeline(311)) - destroying pipeline:Pipeline[ Id: 780d3cc6-9867-4e5e-9ad1-efd673a008fb, Nodes: 2b9d536e-7082-46d0-bcea-3da9bf5f5d0c{ip: 192.168.5.183, host: pr-hdds-1054-fkf2j-3502855176, networkLocation: /default-rack, certSerialId: null}103cee85-d2d3-4069-a903-4a8bed8118d2{ip: 192.168.5.183, host: pr-hdds-1054-fkf2j-3502855176, networkLocation: /default-rack, certSerialId: null}5da997ac-485a-4ae3-a11f-bd7c3a0ad14d{ip: 192.168.5.183, host: pr-hdds-1054-fkf2j-3502855176, networkLocation: /default-rack, certSerialId: null}, Type:RATIS, Factor:THREE, State:CLOSED]
2019-09-16 16:39:42,553 [java.util.concurrent.ThreadPoolExecutor$Worker@35f96af3[State = -1, empty queue]] WARN  server.GrpcLogAppender (GrpcLogAppender.java:timeoutAppendRequest(200)) - 5da997ac-485a-4ae3-a11f-bd7c3a0ad14d@group-EFD673A008FB->2b9d536e-7082-46d0-bcea-3da9bf5f5d0c-GrpcLogAppender: appendEntries Timeout, request=5da997ac-485a-4ae3-a11f-bd7c3a0ad14d->2b9d536e-7082-46d0-bcea-3da9bf5f5d0c#165-t1, previous=(t:1, i:21), leaderCommit=14, initializing? false, entries: <empty>
2019-09-16 16:39:42,553 [java.util.concurrent.ThreadPoolExecutor$Worker@1be6be97[State = -1, empty queue]] WARN  server.GrpcLogAppender (GrpcLogAppender.java:timeoutAppendRequest(200)) - 5da997ac-485a-4ae3-a11f-bd7c3a0ad14d@group-EFD673A008FB->103cee85-d2d3-4069-a903-4a8bed8118d2-GrpcLogAppender: appendEntries Timeout, request=5da997ac-485a-4ae3-a11f-bd7c3a0ad14d->103cee85-d2d3-4069-a903-4a8bed8118d2#165-t1, previous=(t:1, i:21), leaderCommit=14, initializing? false, entries: <empty>
2019-09-16 16:39:42,705 [grpc-default-executor-5] INFO  client.GrpcClientProtocolClient (GrpcClientProtocolClient.java:onNext(264)) - client-5DAEDA81DCCF->103cee85-d2d3-4069-a903-4a8bed8118d2: receive RaftClientReply:client-5DAEDA81DCCF->103cee85-d2d3-4069-a903-4a8bed8118d2@group-EFD673A008FB, cid=143, FAILED org.apache.ratis.protocol.NotLeaderException: Server 103cee85-d2d3-4069-a903-4a8bed8118d2@group-EFD673A008FB is not the leader 5da997ac-485a-4ae3-a11f-bd7c3a0ad14d:192.168.5.183:41252, logIndex=0, commits[103cee85-d2d3-4069-a903-4a8bed8118d2:c14, 2b9d536e-7082-46d0-bcea-3da9bf5f5d0c:c12, 5da997ac-485a-4ae3-a11f-bd7c3a0ad14d:c14]
2019-09-16 16:39:44,555 [org.apache.ratis.server.impl.LogAppender$AppenderDaemon$$Lambda$486/1268950271@38a38b9e] ERROR ratis.XceiverServerRatis (XceiverServerRatis.java:triggerPipelineClose(568)) - pipeline Action CLOSE  on pipeline PipelineID=780d3cc6-9867-4e5e-9ad1-efd673a008fb.Reason : 5da997ac-485a-4ae3-a11f-bd7c3a0ad14d has not seen follower/s 2b9d536e-7082-46d0-bcea-3da9bf5f5d0c for 183516ms 103cee85-d2d3-4069-a903-4a8bed8118d2 for 183518ms
2019-09-16 16:39:44,555 [org.apache.ratis.server.impl.LogAppender$AppenderDaemon$$Lambda$486/1268950271@4cfcd35] ERROR ratis.XceiverServerRatis (XceiverServerRatis.java:triggerPipelineClose(568)) - pipeline Action CLOSE  on pipeline PipelineID=780d3cc6-9867-4e5e-9ad1-efd673a008fb.Reason : 5da997ac-485a-4ae3-a11f-bd7c3a0ad14d has not seen follower/s 2b9d536e-7082-46d0-bcea-3da9bf5f5d0c for 183516ms 103cee85-d2d3-4069-a903-4a8bed8118d2 for 183518ms
2019-09-16 16:39:45,054 [java.util.concurrent.ThreadPoolExecutor$Worker@35f96af3[State = -1, empty queue]] WARN  server.GrpcLogAppender (GrpcLogAppender.java:timeoutAppendRequest(200)) - 5da997ac-485a-4ae3-a11f-bd7c3a0ad14d@group-EFD673A008FB->2b9d536e-7082-46d0-bcea-3da9bf5f5d0c-GrpcLogAppender: appendEntries Timeout, request=5da997ac-485a-4ae3-a11f-bd7c3a0ad14d->2b9d536e-7082-46d0-bcea-3da9bf5f5d0c#166-t1, previous=(t:1, i:21), leaderCommit=14, initializing? false, entries: <empty>
2019-09-16 16:39:45,054 [java.util.concurrent.ThreadPoolExecutor$Worker@1be6be97[State = -1, empty queue]] WARN  server.GrpcLogAppender (GrpcLogAppender.java:timeoutAppendRequest(200)) - 5da997ac-485a-4ae3-a11f-bd7c3a0ad14d@group-EFD673A008FB->103cee85-d2d3-4069-a903-4a8bed8118d2-GrpcLogAppender: appendEntries Timeout, request=5da997ac-485a-4ae3-a11f-bd7c3a0ad14d->103cee85-d2d3-4069-a903-4a8bed8118d2#166-t1, previous=(t:1, i:21), leaderCommit=14, initializing? false, entries: <empty>
2019-09-16 16:39:45,542 [EventQueue-PipelineActionsForPipelineActionHandler] ERROR pipeline.PipelineActionHandler (PipelineActionHandler.java:onMessage(60)) - Received pipeline action CLOSE for Pipeline[ Id: 780d3cc6-9867-4e5e-9ad1-efd673a008fb, Nodes: 2b9d536e-7082-46d0-bcea-3da9bf5f5d0c{ip: 192.168.5.183, host: pr-hdds-1054-fkf2j-3502855176, networkLocation: /default-rack, certSerialId: null}103cee85-d2d3-4069-a903-4a8bed8118d2{ip: 192.168.5.183, host: pr-hdds-1054-fkf2j-3502855176, networkLocation: /default-rack, certSerialId: null}5da997ac-485a-4ae3-a11f-bd7c3a0ad14d{ip: 192.168.5.183, host: pr-hdds-1054-fkf2j-3502855176, networkLocation: /default-rack, certSerialId: null}, Type:RATIS, Factor:THREE, State:CLOSED] from datanode 5da997ac-485a-4ae3-a11f-bd7c3a0ad14d{ip: 192.168.5.183, host: pr-hdds-1054-fkf2j-3502855176, networkLocation: /default-rack, certSerialId: null}. Reason : 5da997ac-485a-4ae3-a11f-bd7c3a0ad14d has not seen follower/s 2b9d536e-7082-46d0-bcea-3da9bf5f5d0c for 183516ms 103cee85-d2d3-4069-a903-4a8bed8118d2 for 183518ms
2019-09-16 16:39:45,542 [EventQueue-PipelineActionsForPipelineActionHandler] INFO  pipeline.SCMPipelineManager (SCMPipelineManager.java:finalizeAndDestroyPipeline(311)) - destroying pipeline:Pipeline[ Id: 780d3cc6-9867-4e5e-9ad1-efd673a008fb, Nodes: 2b9d536e-7082-46d0-bcea-3da9bf5f5d0c{ip: 192.168.5.183, host: pr-hdds-1054-fkf2j-3502855176, networkLocation: /default-rack, certSerialId: null}103cee85-d2d3-4069-a903-4a8bed8118d2{ip: 192.168.5.183, host: pr-hdds-1054-fkf2j-3502855176, networkLocation: /default-rack, certSerialId: null}5da997ac-485a-4ae3-a11f-bd7c3a0ad14d{ip: 192.168.5.183, host: pr-hdds-1054-fkf2j-3502855176, networkLocation: /default-rack, certSerialId: null}, Type:RATIS, Factor:THREE, State:CLOSED]
2019-09-16 16:39:47,055 [org.apache.ratis.server.impl.LogAppender$AppenderDaemon$$Lambda$486/1268950271@38a38b9e] ERROR ratis.XceiverServerRatis (XceiverServerRatis.java:triggerPipelineClose(568)) - pipeline Action CLOSE  on pipeline PipelineID=780d3cc6-9867-4e5e-9ad1-efd673a008fb.Reason : 5da997ac-485a-4ae3-a11f-bd7c3a0ad14d has not seen follower/s 2b9d536e-7082-46d0-bcea-3da9bf5f5d0c for 186016ms 103cee85-d2d3-4069-a903-4a8bed8118d2 for 186019ms
2019-09-16 16:39:47,055 [org.apache.ratis.server.impl.LogAppender$AppenderDaemon$$Lambda$486/1268950271@4cfcd35] ERROR ratis.XceiverServerRatis (XceiverServerRatis.java:triggerPipelineClose(568)) - pipeline Action CLOSE  on pipeline PipelineID=780d3cc6-9867-4e5e-9ad1-efd673a008fb.Reason : 5da997ac-485a-4ae3-a11f-bd7c3a0ad14d has not seen follower/s 2b9d536e-7082-46d0-bcea-3da9bf5f5d0c for 186016ms 103cee85-d2d3-4069-a903-4a8bed8118d2 for 186019ms
2019-09-16 16:39:47,515 [grpc-default-executor-5] INFO  impl.RaftServerProxy (RaftServerProxy.java:remove(95)) - 2b9d536e-7082-46d0-bcea-3da9bf5f5d0c: remove  FOLLOWER 2b9d536e-7082-46d0-bcea-3da9bf5f5d0c@group-EFD673A008FB:t1, leader=5da997ac-485a-4ae3-a11f-bd7c3a0ad14d, voted=5da997ac-485a-4ae3-a11f-bd7c3a0ad14d, raftlog=2b9d536e-7082-46d0-bcea-3da9bf5f5d0c@group-EFD673A008FB-SegmentedRaftLog:OPENED:c14,f14,i21, conf=0: [2b9d536e-7082-46d0-bcea-3da9bf5f5d0c:192.168.5.183:34589, 103cee85-d2d3-4069-a903-4a8bed8118d2:192.168.5.183:32958, 5da997ac-485a-4ae3-a11f-bd7c3a0ad14d:192.168.5.183:41252], old=null RUNNING
2019-09-16 16:39:47,515 [grpc-default-executor-5] INFO  impl.RaftServerImpl (RaftServerImpl.java:lambda$shutdown$3(251)) - 2b9d536e-7082-46d0-bcea-3da9bf5f5d0c@group-EFD673A008FB: shutdown
2019-09-16 16:39:47,516 [grpc-default-executor-5] INFO  util.JmxRegister (JmxRegister.java:unregister(73)) - Successfully un-registered JMX Bean with object name Ratis:service=RaftServer,group=group-EFD673A008FB,id=2b9d536e-7082-46d0-bcea-3da9bf5f5d0c
2019-09-16 16:39:47,516 [grpc-default-executor-5] INFO  impl.RoleInfo (RoleInfo.java:shutdownFollowerState(121)) - 2b9d536e-7082-46d0-bcea-3da9bf5f5d0c: shutdown FollowerState
2019-09-16 16:39:47,516 [grpc-default-executor-5] INFO  impl.StateMachineUpdater (StateMachineUpdater.java:stopAndJoin(125)) - 2b9d536e-7082-46d0-bcea-3da9bf5f5d0c@group-EFD673A008FB-StateMachineUpdater: set stopIndex = 14
2019-09-16 16:39:47,517 [Thread-881] INFO  impl.FollowerState (FollowerState.java:run(115)) - 2b9d536e-7082-46d0-bcea-3da9bf5f5d0c: FollowerState was interrupted: java.lang.InterruptedException: sleep interrupted
2019-09-16 16:39:47,517 [2b9d536e-7082-46d0-bcea-3da9bf5f5d0c@group-EFD673A008FB-StateMachineUpdater] INFO  ratis.ContainerStateMachine (ContainerStateMachine.java:takeSnapshot(289)) - group-EFD673A008FB: Taking a snapshot at:(t:1, i:12) file /workdir/hadoop-ozone/integration-test/target/test-dir/MiniOzoneClusterImpl-c243529b-f19b-491a-9c19-62109b2f5e7f/datanode-1/data/ratis/780d3cc6-9867-4e5e-9ad1-efd673a008fb/sm/snapshot.1_12
2019-09-16 16:39:47,543 [EventQueue-PipelineActionsForPipelineActionHandler] ERROR pipeline.PipelineActionHandler (PipelineActionHandler.java:onMessage(60)) - Received pipeline action CLOSE for Pipeline[ Id: 780d3cc6-9867-4e5e-9ad1-efd673a008fb, Nodes: 2b9d536e-7082-46d0-bcea-3da9bf5f5d0c{ip: 192.168.5.183, host: pr-hdds-1054-fkf2j-3502855176, networkLocation: /default-rack, certSerialId: null}103cee85-d2d3-4069-a903-4a8bed8118d2{ip: 192.168.5.183, host: pr-hdds-1054-fkf2j-3502855176, networkLocation: /default-rack, certSerialId: null}5da997ac-485a-4ae3-a11f-bd7c3a0ad14d{ip: 192.168.5.183, host: pr-hdds-1054-fkf2j-3502855176, networkLocation: /default-rack, certSerialId: null}, Type:RATIS, Factor:THREE, State:CLOSED] from datanode 5da997ac-485a-4ae3-a11f-bd7c3a0ad14d{ip: 192.168.5.183, host: pr-hdds-1054-fkf2j-3502855176, networkLocation: /default-rack, certSerialId: null}. Reason : 5da997ac-485a-4ae3-a11f-bd7c3a0ad14d has not seen follower/s 2b9d536e-7082-46d0-bcea-3da9bf5f5d0c for 186016ms 103cee85-d2d3-4069-a903-4a8bed8118d2 for 186019ms
2019-09-16 16:39:47,544 [EventQueue-PipelineActionsForPipelineActionHandler] INFO  pipeline.SCMPipelineManager (SCMPipelineManager.java:finalizeAndDestroyPipeline(311)) - destroying pipeline:Pipeline[ Id: 780d3cc6-9867-4e5e-9ad1-efd673a008fb, Nodes: 2b9d536e-7082-46d0-bcea-3da9bf5f5d0c{ip: 192.168.5.183, host: pr-hdds-1054-fkf2j-3502855176, networkLocation: /default-rack, certSerialId: null}103cee85-d2d3-4069-a903-4a8bed8118d2{ip: 192.168.5.183, host: pr-hdds-1054-fkf2j-3502855176, networkLocation: /default-rack, certSerialId: null}5da997ac-485a-4ae3-a11f-bd7c3a0ad14d{ip: 192.168.5.183, host: pr-hdds-1054-fkf2j-3502855176, networkLocation: /default-rack, certSerialId: null}, Type:RATIS, Factor:THREE, State:CLOSED]
2019-09-16 16:39:47,544 [2b9d536e-7082-46d0-bcea-3da9bf5f5d0c@group-EFD673A008FB-StateMachineUpdater] INFO  ratis.ContainerStateMachine (ContainerStateMachine.java:takeSnapshot(300)) - group-EFD673A008FB: Finished taking a snapshot at:(t:1, i:12) file:/workdir/hadoop-ozone/integration-test/target/test-dir/MiniOzoneClusterImpl-c243529b-f19b-491a-9c19-62109b2f5e7f/datanode-1/data/ratis/780d3cc6-9867-4e5e-9ad1-efd673a008fb/sm/snapshot.1_12 time:28
2019-09-16 16:39:47,544 [2b9d536e-7082-46d0-bcea-3da9bf5f5d0c@group-EFD673A008FB-StateMachineUpdater] INFO  impl.StateMachineUpdater (StateMachineUpdater.java:takeSnapshot(258)) - 2b9d536e-7082-46d0-bcea-3da9bf5f5d0c@group-EFD673A008FB-StateMachineUpdater: Took a snapshot at index 12
2019-09-16 16:39:47,544 [2b9d536e-7082-46d0-bcea-3da9bf5f5d0c@group-EFD673A008FB-StateMachineUpdater] INFO  impl.StateMachineUpdater (StateMachineUpdater.java:lambda$new$0(83)) - 2b9d536e-7082-46d0-bcea-3da9bf5f5d0c@group-EFD673A008FB-StateMachineUpdater: snapshotIndex: updateIncreasingly -1 -> 12
2019-09-16 16:39:47,545 [2b9d536e-7082-46d0-bcea-3da9bf5f5d0c@group-EFD673A008FB-StateMachineUpdater] INFO  ratis.ContainerStateMachine (ContainerStateMachine.java:takeSnapshot(289)) - group-EFD673A008FB: Taking a snapshot at:(t:1, i:12) file /workdir/hadoop-ozone/integration-test/target/test-dir/MiniOzoneClusterImpl-c243529b-f19b-491a-9c19-62109b2f5e7f/datanode-1/data/ratis/780d3cc6-9867-4e5e-9ad1-efd673a008fb/sm/snapshot.1_12
2019-09-16 16:39:47,554 [java.util.concurrent.ThreadPoolExecutor$Worker@35f96af3[State = -1, empty queue]] WARN  server.GrpcLogAppender (GrpcLogAppender.java:timeoutAppendRequest(200)) - 5da997ac-485a-4ae3-a11f-bd7c3a0ad14d@group-EFD673A008FB->2b9d536e-7082-46d0-bcea-3da9bf5f5d0c-GrpcLogAppender: appendEntries Timeout, request=5da997ac-485a-4ae3-a11f-bd7c3a0ad14d->2b9d536e-7082-46d0-bcea-3da9bf5f5d0c#167-t1, previous=(t:1, i:21), leaderCommit=14, initializing? false, entries: <empty>
2019-09-16 16:39:47,555 [java.util.concurrent.ThreadPoolExecutor$Worker@1be6be97[State = -1, empty queue]] WARN  server.GrpcLogAppender (GrpcLogAppender.java:timeoutAppendRequest(200)) - 5da997ac-485a-4ae3-a11f-bd7c3a0ad14d@group-EFD673A008FB->103cee85-d2d3-4069-a903-4a8bed8118d2-GrpcLogAppender: appendEntries Timeout, request=5da997ac-485a-4ae3-a11f-bd7c3a0ad14d->103cee85-d2d3-4069-a903-4a8bed8118d2#167-t1, previous=(t:1, i:21), leaderCommit=14, initializing? false, entries: <empty>
2019-09-16 16:39:47,589 [2b9d536e-7082-46d0-bcea-3da9bf5f5d0c@group-EFD673A008FB-StateMachineUpdater] INFO  ratis.ContainerStateMachine (ContainerStateMachine.java:takeSnapshot(300)) - group-EFD673A008FB: Finished taking a snapshot at:(t:1, i:12) file:/workdir/hadoop-ozone/integration-test/target/test-dir/MiniOzoneClusterImpl-c243529b-f19b-491a-9c19-62109b2f5e7f/datanode-1/data/ratis/780d3cc6-9867-4e5e-9ad1-efd673a008fb/sm/snapshot.1_12 time:44
2019-09-16 16:39:47,590 [2b9d536e-7082-46d0-bcea-3da9bf5f5d0c@group-EFD673A008FB-StateMachineUpdater] INFO  impl.StateMachineUpdater (StateMachineUpdater.java:takeSnapshot(258)) - 2b9d536e-7082-46d0-bcea-3da9bf5f5d0c@group-EFD673A008FB-StateMachineUpdater: Took a snapshot at index 12
2019-09-16 16:39:47,590 [2b9d536e-7082-46d0-bcea-3da9bf5f5d0c@group-EFD673A008FB-StateMachineUpdater] INFO  impl.StateMachineUpdater (StateMachineUpdater.java:lambda$new$0(83)) - 2b9d536e-7082-46d0-bcea-3da9bf5f5d0c@group-EFD673A008FB-StateMachineUpdater: snapshotIndex: updateIncreasingly 12 -> 12
2019-09-16 16:39:47,590 [grpc-default-executor-5] INFO  impl.RaftServerImpl (ServerState.java:close(385)) - 2b9d536e-7082-46d0-bcea-3da9bf5f5d0c@group-EFD673A008FB: closes. applyIndex: 14
2019-09-16 16:39:47,591 [2b9d536e-7082-46d0-bcea-3da9bf5f5d0c@group-EFD673A008FB-SegmentedRaftLogWorker] ERROR ratis.XceiverServerRatis (XceiverServerRatis.java:triggerPipelineClose(568)) - pipeline Action CLOSE  on pipeline PipelineID=780d3cc6-9867-4e5e-9ad1-efd673a008fb.Reason : WriteLog:15: (t:1, i:15), STATEMACHINELOGENTRY, client-5DAEDA81DCCF, cid=143-writeStateMachineData interrupted.
2019-09-16 16:39:47,595 [EventQueue-PipelineActionsForPipelineActionHandler] ERROR pipeline.PipelineActionHandler (PipelineActionHandler.java:onMessage(60)) - Received pipeline action CLOSE for Pipeline[ Id: 780d3cc6-9867-4e5e-9ad1-efd673a008fb, Nodes: 2b9d536e-7082-46d0-bcea-3da9bf5f5d0c{ip: 192.168.5.183, host: pr-hdds-1054-fkf2j-3502855176, networkLocation: /default-rack, certSerialId: null}103cee85-d2d3-4069-a903-4a8bed8118d2{ip: 192.168.5.183, host: pr-hdds-1054-fkf2j-3502855176, networkLocation: /default-rack, certSerialId: null}5da997ac-485a-4ae3-a11f-bd7c3a0ad14d{ip: 192.168.5.183, host: pr-hdds-1054-fkf2j-3502855176, networkLocation: /default-rack, certSerialId: null}, Type:RATIS, Factor:THREE, State:CLOSED] from datanode 2b9d536e-7082-46d0-bcea-3da9bf5f5d0c{ip: 192.168.5.183, host: pr-hdds-1054-fkf2j-3502855176, networkLocation: /default-rack, certSerialId: null}. Reason : WriteLog:15: (t:1, i:15), STATEMACHINELOGENTRY, client-5DAEDA81DCCF, cid=143-writeStateMachineData interrupted.
2019-09-16 16:39:47,595 [grpc-default-executor-5] INFO  segmented.SegmentedRaftLogWorker (SegmentedRaftLogWorker.java:close(228)) - 2b9d536e-7082-46d0-bcea-3da9bf5f5d0c@group-EFD673A008FB-SegmentedRaftLogWorker close()
2019-09-16 16:39:47,595 [EventQueue-PipelineActionsForPipelineActionHandler] INFO  pipeline.SCMPipelineManager (SCMPipelineManager.java:finalizeAndDestroyPipeline(311)) - destroying pipeline:Pipeline[ Id: 780d3cc6-9867-4e5e-9ad1-efd673a008fb, Nodes: 2b9d536e-7082-46d0-bcea-3da9bf5f5d0c{ip: 192.168.5.183, host: pr-hdds-1054-fkf2j-3502855176, networkLocation: /default-rack, certSerialId: null}103cee85-d2d3-4069-a903-4a8bed8118d2{ip: 192.168.5.183, host: pr-hdds-1054-fkf2j-3502855176, networkLocation: /default-rack, certSerialId: null}5da997ac-485a-4ae3-a11f-bd7c3a0ad14d{ip: 192.168.5.183, host: pr-hdds-1054-fkf2j-3502855176, networkLocation: /default-rack, certSerialId: null}, Type:RATIS, Factor:THREE, State:CLOSED]
2019-09-16 16:39:47,613 [grpc-default-executor-5] INFO  interfaces.Container (KeyValueContainer.java:flushAndSyncDB(386)) - Container 6 is synced with bcsId 7.
2019-09-16 16:39:47,614 [grpc-default-executor-5] INFO  interfaces.Container (KeyValueContainer.java:flushAndSyncDB(386)) - Container 6 is synced with bcsId 7.
2019-09-16 16:39:47,645 [EventQueue-IncrementalContainerReportForIncrementalContainerReportHandler] INFO  container.IncrementalContainerReportHandler (AbstractContainerReportHandler.java:updateContainerState(169)) - Moving container #6 to QUASI_CLOSED state, datanode 2b9d536e-7082-46d0-bcea-3da9bf5f5d0c{ip: 192.168.5.183, host: pr-hdds-1054-fkf2j-3502855176, networkLocation: /default-rack, certSerialId: null} reported QUASI_CLOSED replica.
2019-09-16 16:39:47,656 [grpc-default-executor-5] INFO  interfaces.Container (KeyValueContainer.java:flushAndSyncDB(386)) - Container 7 is synced with bcsId 12.
2019-09-16 16:39:47,656 [grpc-default-executor-5] INFO  interfaces.Container (KeyValueContainer.java:flushAndSyncDB(386)) - Container 7 is synced with bcsId 12.
2019-09-16 16:39:47,692 [EventQueue-IncrementalContainerReportForIncrementalContainerReportHandler] INFO  container.IncrementalContainerReportHandler (AbstractContainerReportHandler.java:updateContainerState(169)) - Moving container #7 to QUASI_CLOSED state, datanode 2b9d536e-7082-46d0-bcea-3da9bf5f5d0c{ip: 192.168.5.183, host: pr-hdds-1054-fkf2j-3502855176, networkLocation: /default-rack, certSerialId: null} reported QUASI_CLOSED replica.
2019-09-16 16:39:47,750 [main] WARN  io.KeyOutputStream (KeyOutputStream.java:handleException(276)) - Encountered exception java.io.IOException: Unexpected Storage Container Exception: java.util.concurrent.CompletionException: java.util.concurrent.CompletionException: org.apache.ratis.protocol.GroupMismatchException: 2b9d536e-7082-46d0-bcea-3da9bf5f5d0c: group-EFD673A008FB not found. on the pipeline Pipeline[ Id: 780d3cc6-9867-4e5e-9ad1-efd673a008fb, Nodes: 2b9d536e-7082-46d0-bcea-3da9bf5f5d0c{ip: 192.168.5.183, host: pr-hdds-1054-fkf2j-3502855176, networkLocation: /default-rack, certSerialId: null}103cee85-d2d3-4069-a903-4a8bed8118d2{ip: 192.168.5.183, host: pr-hdds-1054-fkf2j-3502855176, networkLocation: /default-rack, certSerialId: null}5da997ac-485a-4ae3-a11f-bd7c3a0ad14d{ip: 192.168.5.183, host: pr-hdds-1054-fkf2j-3502855176, networkLocation: /default-rack, certSerialId: null}, Type:RATIS, Factor:THREE, State:OPEN]. The last committed block length is 0, uncommitted data length is 400 retry count 0
2019-09-16 16:39:47,776 [grpc-default-executor-5] INFO  interfaces.Container (KeyValueContainer.java:flushAndSyncDB(386)) - Container 8 is synced with bcsId 0.
2019-09-16 16:39:47,776 [grpc-default-executor-5] INFO  interfaces.Container (KeyValueContainer.java:flushAndSyncDB(386)) - Container 8 is synced with bcsId 0.
2019-09-16 16:39:47,784 [EventQueue-IncrementalContainerReportForIncrementalContainerReportHandler] INFO  container.IncrementalContainerReportHandler (AbstractContainerReportHandler.java:updateContainerState(169)) - Moving container #8 to QUASI_CLOSED state, datanode 2b9d536e-7082-46d0-bcea-3da9bf5f5d0c{ip: 192.168.5.183, host: pr-hdds-1054-fkf2j-3502855176, networkLocation: /default-rack, certSerialId: null} reported QUASI_CLOSED replica.
2019-09-16 16:39:47,789 [grpc-default-executor-5] INFO  client.GrpcClientProtocolClient (GrpcClientProtocolClient.java:onNext(264)) - client-EA142DD97755->e3c513c6-7b5b-430b-887c-eb88026c45f2: receive RaftClientReply:client-EA142DD97755->e3c513c6-7b5b-430b-887c-eb88026c45f2@group-95577443B077, cid=237, FAILED org.apache.ratis.protocol.NotLeaderException: Server e3c513c6-7b5b-430b-887c-eb88026c45f2@group-95577443B077 is not the leader 816c2023-76ea-4558-9da7-70127639a79a:192.168.5.183:35106, logIndex=0, commits[e3c513c6-7b5b-430b-887c-eb88026c45f2:c0, 33002f53-59d2-46ae-91ae-843eaa52c7d0:c0, 816c2023-76ea-4558-9da7-70127639a79a:c0]
2019-09-16 16:39:47,806 [grpc-default-executor-5] INFO  impl.RaftServerProxy (RaftServerProxy.java:remove(95)) - 103cee85-d2d3-4069-a903-4a8bed8118d2: remove  FOLLOWER 103cee85-d2d3-4069-a903-4a8bed8118d2@group-EFD673A008FB:t1, leader=5da997ac-485a-4ae3-a11f-bd7c3a0ad14d, voted=5da997ac-485a-4ae3-a11f-bd7c3a0ad14d, raftlog=103cee85-d2d3-4069-a903-4a8bed8118d2@group-EFD673A008FB-SegmentedRaftLog:OPENED:c14,f14,i21, conf=0: [2b9d536e-7082-46d0-bcea-3da9bf5f5d0c:192.168.5.183:34589, 103cee85-d2d3-4069-a903-4a8bed8118d2:192.168.5.183:32958, 5da997ac-485a-4ae3-a11f-bd7c3a0ad14d:192.168.5.183:41252], old=null RUNNING
2019-09-16 16:39:47,808 [grpc-default-executor-5] INFO  impl.RaftServerImpl (RaftServerImpl.java:lambda$shutdown$3(251)) - 103cee85-d2d3-4069-a903-4a8bed8118d2@group-EFD673A008FB: shutdown
2019-09-16 16:39:47,809 [grpc-default-executor-5] INFO  util.JmxRegister (JmxRegister.java:unregister(73)) - Successfully un-registered JMX Bean with object name Ratis:service=RaftServer,group=group-EFD673A008FB,id=103cee85-d2d3-4069-a903-4a8bed8118d2
2019-09-16 16:39:47,809 [grpc-default-executor-5] INFO  impl.RoleInfo (RoleInfo.java:shutdownFollowerState(121)) - 103cee85-d2d3-4069-a903-4a8bed8118d2: shutdown FollowerState
2019-09-16 16:39:47,809 [grpc-default-executor-5] INFO  impl.StateMachineUpdater (StateMachineUpdater.java:stopAndJoin(125)) - 103cee85-d2d3-4069-a903-4a8bed8118d2@group-EFD673A008FB-StateMachineUpdater: set stopIndex = 14
2019-09-16 16:39:47,809 [Thread-880] INFO  impl.FollowerState (FollowerState.java:run(115)) - 103cee85-d2d3-4069-a903-4a8bed8118d2: FollowerState was interrupted: java.lang.InterruptedException: sleep interrupted
2019-09-16 16:39:47,809 [103cee85-d2d3-4069-a903-4a8bed8118d2@group-EFD673A008FB-StateMachineUpdater] INFO  ratis.ContainerStateMachine (ContainerStateMachine.java:takeSnapshot(289)) - group-EFD673A008FB: Taking a snapshot at:(t:1, i:12) file /workdir/hadoop-ozone/integration-test/target/test-dir/MiniOzoneClusterImpl-c243529b-f19b-491a-9c19-62109b2f5e7f/datanode-0/data/ratis/780d3cc6-9867-4e5e-9ad1-efd673a008fb/sm/snapshot.1_12
2019-09-16 16:39:47,853 [103cee85-d2d3-4069-a903-4a8bed8118d2@group-EFD673A008FB-StateMachineUpdater] INFO  ratis.ContainerStateMachine (ContainerStateMachine.java:takeSnapshot(300)) - group-EFD673A008FB: Finished taking a snapshot at:(t:1, i:12) file:/workdir/hadoop-ozone/integration-test/target/test-dir/MiniOzoneClusterImpl-c243529b-f19b-491a-9c19-62109b2f5e7f/datanode-0/data/ratis/780d3cc6-9867-4e5e-9ad1-efd673a008fb/sm/snapshot.1_12 time:44
2019-09-16 16:39:47,853 [103cee85-d2d3-4069-a903-4a8bed8118d2@group-EFD673A008FB-StateMachineUpdater] INFO  impl.StateMachineUpdater (StateMachineUpdater.java:takeSnapshot(258)) - 103cee85-d2d3-4069-a903-4a8bed8118d2@group-EFD673A008FB-StateMachineUpdater: Took a snapshot at index 12
2019-09-16 16:39:47,853 [103cee85-d2d3-4069-a903-4a8bed8118d2@group-EFD673A008FB-StateMachineUpdater] INFO  impl.StateMachineUpdater (StateMachineUpdater.java:lambda$new$0(83)) - 103cee85-d2d3-4069-a903-4a8bed8118d2@group-EFD673A008FB-StateMachineUpdater: snapshotIndex: updateIncreasingly -1 -> 12
2019-09-16 16:39:47,853 [103cee85-d2d3-4069-a903-4a8bed8118d2@group-EFD673A008FB-StateMachineUpdater] INFO  ratis.ContainerStateMachine (ContainerStateMachine.java:takeSnapshot(289)) - group-EFD673A008FB: Taking a snapshot at:(t:1, i:12) file /workdir/hadoop-ozone/integration-test/target/test-dir/MiniOzoneClusterImpl-c243529b-f19b-491a-9c19-62109b2f5e7f/datanode-0/data/ratis/780d3cc6-9867-4e5e-9ad1-efd673a008fb/sm/snapshot.1_12
2019-09-16 16:39:47,868 [103cee85-d2d3-4069-a903-4a8bed8118d2@group-EFD673A008FB-StateMachineUpdater] INFO  ratis.ContainerStateMachine (ContainerStateMachine.java:takeSnapshot(300)) - group-EFD673A008FB: Finished taking a snapshot at:(t:1, i:12) file:/workdir/hadoop-ozone/integration-test/target/test-dir/MiniOzoneClusterImpl-c243529b-f19b-491a-9c19-62109b2f5e7f/datanode-0/data/ratis/780d3cc6-9867-4e5e-9ad1-efd673a008fb/sm/snapshot.1_12 time:15
2019-09-16 16:39:47,868 [103cee85-d2d3-4069-a903-4a8bed8118d2@group-EFD673A008FB-StateMachineUpdater] INFO  impl.StateMachineUpdater (StateMachineUpdater.java:takeSnapshot(258)) - 103cee85-d2d3-4069-a903-4a8bed8118d2@group-EFD673A008FB-StateMachineUpdater: Took a snapshot at index 12
2019-09-16 16:39:47,869 [103cee85-d2d3-4069-a903-4a8bed8118d2@group-EFD673A008FB-StateMachineUpdater] INFO  impl.StateMachineUpdater (StateMachineUpdater.java:lambda$new$0(83)) - 103cee85-d2d3-4069-a903-4a8bed8118d2@group-EFD673A008FB-StateMachineUpdater: snapshotIndex: updateIncreasingly 12 -> 12
2019-09-16 16:39:47,869 [grpc-default-executor-5] INFO  impl.RaftServerImpl (ServerState.java:close(385)) - 103cee85-d2d3-4069-a903-4a8bed8118d2@group-EFD673A008FB: closes. applyIndex: 14
2019-09-16 16:39:47,870 [103cee85-d2d3-4069-a903-4a8bed8118d2@group-EFD673A008FB-SegmentedRaftLogWorker] ERROR ratis.XceiverServerRatis (XceiverServerRatis.java:triggerPipelineClose(568)) - pipeline Action CLOSE  on pipeline PipelineID=780d3cc6-9867-4e5e-9ad1-efd673a008fb.Reason : WriteLog:15: (t:1, i:15), STATEMACHINELOGENTRY, client-5DAEDA81DCCF, cid=143-writeStateMachineData interrupted.
2019-09-16 16:39:47,874 [EventQueue-PipelineActionsForPipelineActionHandler] ERROR pipeline.PipelineActionHandler (PipelineActionHandler.java:onMessage(60)) - Received pipeline action CLOSE for Pipeline[ Id: 780d3cc6-9867-4e5e-9ad1-efd673a008fb, Nodes: 2b9d536e-7082-46d0-bcea-3da9bf5f5d0c{ip: 192.168.5.183, host: pr-hdds-1054-fkf2j-3502855176, networkLocation: /default-rack, certSerialId: null}103cee85-d2d3-4069-a903-4a8bed8118d2{ip: 192.168.5.183, host: pr-hdds-1054-fkf2j-3502855176, networkLocation: /default-rack, certSerialId: null}5da997ac-485a-4ae3-a11f-bd7c3a0ad14d{ip: 192.168.5.183, host: pr-hdds-1054-fkf2j-3502855176, networkLocation: /default-rack, certSerialId: null}, Type:RATIS, Factor:THREE, State:CLOSED] from datanode 103cee85-d2d3-4069-a903-4a8bed8118d2{ip: 192.168.5.183, host: pr-hdds-1054-fkf2j-3502855176, networkLocation: /default-rack, certSerialId: null}. Reason : WriteLog:15: (t:1, i:15), STATEMACHINELOGENTRY, client-5DAEDA81DCCF, cid=143-writeStateMachineData interrupted.
2019-09-16 16:39:47,874 [EventQueue-PipelineActionsForPipelineActionHandler] INFO  pipeline.SCMPipelineManager (SCMPipelineManager.java:finalizeAndDestroyPipeline(311)) - destroying pipeline:Pipeline[ Id: 780d3cc6-9867-4e5e-9ad1-efd673a008fb, Nodes: 2b9d536e-7082-46d0-bcea-3da9bf5f5d0c{ip: 192.168.5.183, host: pr-hdds-1054-fkf2j-3502855176, networkLocation: /default-rack, certSerialId: null}103cee85-d2d3-4069-a903-4a8bed8118d2{ip: 192.168.5.183, host: pr-hdds-1054-fkf2j-3502855176, networkLocation: /default-rack, certSerialId: null}5da997ac-485a-4ae3-a11f-bd7c3a0ad14d{ip: 192.168.5.183, host: pr-hdds-1054-fkf2j-3502855176, networkLocation: /default-rack, certSerialId: null}, Type:RATIS, Factor:THREE, State:CLOSED]
2019-09-16 16:39:47,883 [grpc-default-executor-5] INFO  segmented.SegmentedRaftLogWorker (SegmentedRaftLogWorker.java:close(228)) - 103cee85-d2d3-4069-a903-4a8bed8118d2@group-EFD673A008FB-SegmentedRaftLogWorker close()
2019-09-16 16:39:47,900 [grpc-default-executor-5] INFO  interfaces.Container (KeyValueContainer.java:flushAndSyncDB(386)) - Container 6 is synced with bcsId 7.
2019-09-16 16:39:47,901 [grpc-default-executor-5] INFO  interfaces.Container (KeyValueContainer.java:flushAndSyncDB(386)) - Container 6 is synced with bcsId 7.
2019-09-16 16:39:47,938 [grpc-default-executor-5] INFO  interfaces.Container (KeyValueContainer.java:flushAndSyncDB(386)) - Container 7 is synced with bcsId 12.
2019-09-16 16:39:47,938 [grpc-default-executor-5] INFO  interfaces.Container (KeyValueContainer.java:flushAndSyncDB(386)) - Container 7 is synced with bcsId 12.
2019-09-16 16:39:47,971 [grpc-default-executor-2] INFO  client.GrpcClientProtocolClient (GrpcClientProtocolClient.java:onNext(264)) - client-EA142DD97755->816c2023-76ea-4558-9da7-70127639a79a: receive RaftClientReply:client-EA142DD97755->816c2023-76ea-4558-9da7-70127639a79a@group-95577443B077, cid=237, SUCCESS, logIndex=1, commits[816c2023-76ea-4558-9da7-70127639a79a:c1, e3c513c6-7b5b-430b-887c-eb88026c45f2:c0, 33002f53-59d2-46ae-91ae-843eaa52c7d0:c0]
2019-09-16 16:39:48,005 [grpc-default-executor-6] INFO  client.GrpcClientProtocolClient (GrpcClientProtocolClient.java:onNext(264)) - client-EA142DD97755->816c2023-76ea-4558-9da7-70127639a79a: receive RaftClientReply:client-EA142DD97755->816c2023-76ea-4558-9da7-70127639a79a@group-95577443B077, cid=238, SUCCESS, logIndex=3, commits[816c2023-76ea-4558-9da7-70127639a79a:c5, e3c513c6-7b5b-430b-887c-eb88026c45f2:c2, 33002f53-59d2-46ae-91ae-843eaa52c7d0:c2]
2019-09-16 16:39:48,030 [grpc-default-executor-5] INFO  interfaces.Container (KeyValueContainer.java:flushAndSyncDB(386)) - Container 8 is synced with bcsId 0.
2019-09-16 16:39:48,109 [grpc-default-executor-6] INFO  client.GrpcClientProtocolClient (GrpcClientProtocolClient.java:onNext(264)) - client-EA142DD97755->816c2023-76ea-4558-9da7-70127639a79a: receive RaftClientReply:client-EA142DD97755->816c2023-76ea-4558-9da7-70127639a79a@group-95577443B077, cid=239, SUCCESS, logIndex=4, commits[816c2023-76ea-4558-9da7-70127639a79a:c11, e3c513c6-7b5b-430b-887c-eb88026c45f2:c7, 33002f53-59d2-46ae-91ae-843eaa52c7d0:c7]
2019-09-16 16:39:48,110 [grpc-default-executor-6] INFO  client.GrpcClientProtocolClient (GrpcClientProtocolClient.java:onNext(264)) - client-EA142DD97755->816c2023-76ea-4558-9da7-70127639a79a: receive RaftClientReply:client-EA142DD97755->816c2023-76ea-4558-9da7-70127639a79a@group-95577443B077, cid=240, SUCCESS, logIndex=5, commits[816c2023-76ea-4558-9da7-70127639a79a:c11, e3c513c6-7b5b-430b-887c-eb88026c45f2:c7, 33002f53-59d2-46ae-91ae-843eaa52c7d0:c7]
2019-09-16 16:39:48,111 [grpc-default-executor-6] INFO  client.GrpcClientProtocolClient (GrpcClientProtocolClient.java:onNext(264)) - client-EA142DD97755->816c2023-76ea-4558-9da7-70127639a79a: receive RaftClientReply:client-EA142DD97755->816c2023-76ea-4558-9da7-70127639a79a@group-95577443B077, cid=241, SUCCESS, logIndex=6, commits[816c2023-76ea-4558-9da7-70127639a79a:c11, e3c513c6-7b5b-430b-887c-eb88026c45f2:c7, 33002f53-59d2-46ae-91ae-843eaa52c7d0:c7]
2019-09-16 16:39:48,253 [grpc-default-executor-5] INFO  interfaces.Container (KeyValueContainer.java:flushAndSyncDB(386)) - Container 8 is synced with bcsId 0.
2019-09-16 16:39:48,255 [grpc-default-executor-6] INFO  client.GrpcClientProtocolClient (GrpcClientProtocolClient.java:onNext(264)) - client-EA142DD97755->816c2023-76ea-4558-9da7-70127639a79a: receive RaftClientReply:client-EA142DD97755->816c2023-76ea-4558-9da7-70127639a79a@group-95577443B077, cid=242, SUCCESS, logIndex=7, commits[816c2023-76ea-4558-9da7-70127639a79a:c11, e3c513c6-7b5b-430b-887c-eb88026c45f2:c7, 33002f53-59d2-46ae-91ae-843eaa52c7d0:c7]
]]></system-out>
  </testcase>
</testsuite>