<?xml version="1.0" encoding="UTF-8"?>
<testsuite xmlns:xsi="http://www.w3.org/2001/XMLSchema-instance" xsi:noNamespaceSchemaLocation="https://maven.apache.org/surefire/maven-surefire-plugin/xsd/surefire-test-report.xsd" name="org.apache.hadoop.ozone.scm.TestSCMContainerPlacementPolicyMetrics" time="97.603" tests="1" errors="1" skipped="0" failures="0">
  <properties>
    <property name="awt.toolkit" value="sun.awt.X11.XToolkit"/>
    <property name="file.encoding.pkg" value="sun.io"/>
    <property name="java.specification.version" value="1.8"/>
    <property name="sun.cpu.isalist" value=""/>
    <property name="sun.jnu.encoding" value="UTF-8"/>
    <property name="java.class.path" value="/workdir/hadoop-ozone/integration-test/target/test-classes:/workdir/hadoop-ozone/integration-test/target/classes:/home/user/.m2/repository/org/apache/hadoop/hadoop-ozone-common/0.5.0-SNAPSHOT/hadoop-ozone-common-0.5.0-SNAPSHOT.jar:/home/user/.m2/repository/org/apache/commons/commons-compress/1.4.1/commons-compress-1.4.1.jar:/home/user/.m2/repository/org/tukaani/xz/1.0/xz-1.0.jar:/home/user/.m2/repository/org/apache/hadoop/hadoop-common/3.2.0/hadoop-common-3.2.0.jar:/home/user/.m2/repository/org/apache/hadoop/hadoop-hdfs/3.2.0/hadoop-hdfs-3.2.0.jar:/home/user/.m2/repository/org/apache/hadoop/hadoop-hdfs-client/3.2.0/hadoop-hdfs-client-3.2.0.jar:/home/user/.m2/repository/com/fasterxml/jackson/core/jackson-annotations/2.9.5/jackson-annotations-2.9.5.jar:/home/user/.m2/repository/org/apache/hadoop/hadoop-hdds-common/0.5.0-SNAPSHOT/hadoop-hdds-common-0.5.0-SNAPSHOT.jar:/home/user/.m2/repository/javax/annotation/javax.annotation-api/1.2/javax.annotation-api-1.2.jar:/home/user/.m2/repository/org/apache/ratis/ratis-server/0.4.0-78e95b9-SNAPSHOT/ratis-server-0.4.0-78e95b9-SNAPSHOT.jar:/home/user/.m2/repository/org/apache/ratis/ratis-thirdparty-misc/0.2.0/ratis-thirdparty-misc-0.2.0.jar:/home/user/.m2/repository/org/apache/ratis/ratis-proto/0.4.0-78e95b9-SNAPSHOT/ratis-proto-0.4.0-78e95b9-SNAPSHOT.jar:/home/user/.m2/repository/org/apache/ratis/ratis-common/0.4.0-78e95b9-SNAPSHOT/ratis-common-0.4.0-78e95b9-SNAPSHOT.jar:/home/user/.m2/repository/org/apache/ratis/ratis-client/0.4.0-78e95b9-SNAPSHOT/ratis-client-0.4.0-78e95b9-SNAPSHOT.jar:/home/user/.m2/repository/org/apache/ratis/ratis-metrics/0.4.0-78e95b9-SNAPSHOT/ratis-metrics-0.4.0-78e95b9-SNAPSHOT.jar:/home/user/.m2/repository/com/github/joshelser/dropwizard-metrics-hadoop-metrics2-reporter/0.1.2/dropwizard-metrics-hadoop-metrics2-reporter-0.1.2.jar:/home/user/.m2/repository/io/dropwizard/metrics/metrics-jvm/3.2.5/metrics-jvm-3.2.5.jar:/home/user/.m2/repository/io/dropwizard/metrics/metrics-ganglia/3.2.5/metrics-ganglia-3.2.5.jar:/home/user/.m2/repository/info/ganglia/gmetric4j/gmetric4j/1.0.7/gmetric4j-1.0.7.jar:/home/user/.m2/repository/org/apache/ratis/ratis-netty/0.4.0-78e95b9-SNAPSHOT/ratis-netty-0.4.0-78e95b9-SNAPSHOT.jar:/home/user/.m2/repository/org/apache/ratis/ratis-grpc/0.4.0-78e95b9-SNAPSHOT/ratis-grpc-0.4.0-78e95b9-SNAPSHOT.jar:/home/user/.m2/repository/org/rocksdb/rocksdbjni/6.0.1/rocksdbjni-6.0.1.jar:/home/user/.m2/repository/org/apache/logging/log4j/log4j-api/2.11.0/log4j-api-2.11.0.jar:/home/user/.m2/repository/org/apache/logging/log4j/log4j-core/2.11.0/log4j-core-2.11.0.jar:/home/user/.m2/repository/com/lmax/disruptor/3.4.2/disruptor-3.4.2.jar:/home/user/.m2/repository/org/apache/commons/commons-pool2/2.6.0/commons-pool2-2.6.0.jar:/home/user/.m2/repository/org/bouncycastle/bcpkix-jdk15on/1.60/bcpkix-jdk15on-1.60.jar:/home/user/.m2/repository/commons-validator/commons-validator/1.6/commons-validator-1.6.jar:/home/user/.m2/repository/commons-digester/commons-digester/1.8.1/commons-digester-1.8.1.jar:/home/user/.m2/repository/io/jaegertracing/jaeger-client/0.33.1/jaeger-client-0.33.1.jar:/home/user/.m2/repository/io/jaegertracing/jaeger-thrift/0.33.1/jaeger-thrift-0.33.1.jar:/home/user/.m2/repository/org/apache/thrift/libthrift/0.11.0/libthrift-0.11.0.jar:/home/user/.m2/repository/com/squareup/okhttp3/okhttp/3.9.0/okhttp-3.9.0.jar:/home/user/.m2/repository/com/squareup/okio/okio/1.13.0/okio-1.13.0.jar:/home/user/.m2/repository/io/jaegertracing/jaeger-core/0.33.1/jaeger-core-0.33.1.jar:/home/user/.m2/repository/io/jaegertracing/jaeger-tracerresolver/0.33.1/jaeger-tracerresolver-0.33.1.jar:/home/user/.m2/repository/io/opentracing/contrib/opentracing-tracerresolver/0.1.5/opentracing-tracerresolver-0.1.5.jar:/home/user/.m2/repository/io/opentracing/opentracing-util/0.31.0/opentracing-util-0.31.0.jar:/home/user/.m2/repository/io/opentracing/opentracing-api/0.31.0/opentracing-api-0.31.0.jar:/home/user/.m2/repository/io/opentracing/opentracing-noop/0.31.0/opentracing-noop-0.31.0.jar:/home/user/.m2/repository/org/apache/hadoop/hadoop-hdds-server-framework/0.5.0-SNAPSHOT/hadoop-hdds-server-framework-0.5.0-SNAPSHOT.jar:/home/user/.m2/repository/org/apache/hadoop/hadoop-hdds-container-service/0.5.0-SNAPSHOT/hadoop-hdds-container-service-0.5.0-SNAPSHOT.jar:/home/user/.m2/repository/org/apache/hadoop/hadoop-hdds-client/0.5.0-SNAPSHOT/hadoop-hdds-client-0.5.0-SNAPSHOT.jar:/home/user/.m2/repository/org/apache/hadoop/hadoop-hdds-tools/0.5.0-SNAPSHOT/hadoop-hdds-tools-0.5.0-SNAPSHOT.jar:/home/user/.m2/repository/org/apache/hadoop/hadoop-hdds-server-scm/0.5.0-SNAPSHOT/hadoop-hdds-server-scm-0.5.0-SNAPSHOT.jar:/home/user/.m2/repository/org/apache/hadoop/hadoop-hdds-docs/0.5.0-SNAPSHOT/hadoop-hdds-docs-0.5.0-SNAPSHOT.jar:/home/user/.m2/repository/io/dropwizard/metrics/metrics-core/3.2.4/metrics-core-3.2.4.jar:/home/user/.m2/repository/org/hamcrest/hamcrest-all/1.3/hamcrest-all-1.3.jar:/home/user/.m2/repository/org/bouncycastle/bcprov-jdk15on/1.60/bcprov-jdk15on-1.60.jar:/home/user/.m2/repository/info/picocli/picocli/3.9.6/picocli-3.9.6.jar:/home/user/.m2/repository/com/google/protobuf/protobuf-java/2.5.0/protobuf-java-2.5.0.jar:/home/user/.m2/repository/com/google/guava/guava/11.0.2/guava-11.0.2.jar:/home/user/.m2/repository/org/apache/hadoop/hadoop-ozone-ozone-manager/0.5.0-SNAPSHOT/hadoop-ozone-ozone-manager-0.5.0-SNAPSHOT.jar:/home/user/.m2/repository/org/apache/hadoop/hadoop-minikdc/3.2.0/hadoop-minikdc-3.2.0.jar:/home/user/.m2/repository/commons-io/commons-io/2.5/commons-io-2.5.jar:/home/user/.m2/repository/org/apache/kerby/kerb-simplekdc/1.0.1/kerb-simplekdc-1.0.1.jar:/home/user/.m2/repository/org/apache/kerby/kerb-client/1.0.1/kerb-client-1.0.1.jar:/home/user/.m2/repository/org/apache/kerby/kerby-config/1.0.1/kerby-config-1.0.1.jar:/home/user/.m2/repository/org/apache/kerby/kerb-core/1.0.1/kerb-core-1.0.1.jar:/home/user/.m2/repository/org/apache/kerby/kerby-pkix/1.0.1/kerby-pkix-1.0.1.jar:/home/user/.m2/repository/org/apache/kerby/kerby-asn1/1.0.1/kerby-asn1-1.0.1.jar:/home/user/.m2/repository/org/apache/kerby/kerby-util/1.0.1/kerby-util-1.0.1.jar:/home/user/.m2/repository/org/apache/kerby/kerb-common/1.0.1/kerb-common-1.0.1.jar:/home/user/.m2/repository/org/apache/kerby/kerb-crypto/1.0.1/kerb-crypto-1.0.1.jar:/home/user/.m2/repository/org/apache/kerby/kerb-util/1.0.1/kerb-util-1.0.1.jar:/home/user/.m2/repository/org/apache/kerby/token-provider/1.0.1/token-provider-1.0.1.jar:/home/user/.m2/repository/org/apache/kerby/kerb-admin/1.0.1/kerb-admin-1.0.1.jar:/home/user/.m2/repository/org/apache/kerby/kerb-server/1.0.1/kerb-server-1.0.1.jar:/home/user/.m2/repository/org/apache/kerby/kerb-identity/1.0.1/kerb-identity-1.0.1.jar:/home/user/.m2/repository/org/apache/kerby/kerby-xdr/1.0.1/kerby-xdr-1.0.1.jar:/home/user/.m2/repository/org/slf4j/slf4j-log4j12/1.7.25/slf4j-log4j12-1.7.25.jar:/home/user/.m2/repository/org/apache/hadoop/hadoop-ozone-s3gateway/0.5.0-SNAPSHOT/hadoop-ozone-s3gateway-0.5.0-SNAPSHOT.jar:/home/user/.m2/repository/org/jboss/weld/servlet/weld-servlet/2.4.7.Final/weld-servlet-2.4.7.Final.jar:/home/user/.m2/repository/org/glassfish/jersey/containers/jersey-container-servlet-core/2.27/jersey-container-servlet-core-2.27.jar:/home/user/.m2/repository/org/glassfish/hk2/external/javax.inject/2.5.0-b42/javax.inject-2.5.0-b42.jar:/home/user/.m2/repository/org/glassfish/jersey/core/jersey-common/2.27/jersey-common-2.27.jar:/home/user/.m2/repository/org/glassfish/hk2/osgi-resource-locator/1.0.1/osgi-resource-locator-1.0.1.jar:/home/user/.m2/repository/javax/ws/rs/javax.ws.rs-api/2.1/javax.ws.rs-api-2.1.jar:/home/user/.m2/repository/org/glassfish/jersey/ext/cdi/jersey-cdi1x/2.27/jersey-cdi1x-2.27.jar:/home/user/.m2/repository/org/glassfish/jersey/inject/jersey-hk2/2.27/jersey-hk2-2.27.jar:/home/user/.m2/repository/org/glassfish/hk2/hk2-locator/2.5.0-b42/hk2-locator-2.5.0-b42.jar:/home/user/.m2/repository/org/javassist/javassist/3.22.0-CR2/javassist-3.22.0-CR2.jar:/home/user/.m2/repository/org/glassfish/hk2/hk2-api/2.5.0/hk2-api-2.5.0.jar:/home/user/.m2/repository/org/glassfish/hk2/external/jakarta.inject/2.5.0/jakarta.inject-2.5.0.jar:/home/user/.m2/repository/org/glassfish/hk2/hk2-utils/2.5.0/hk2-utils-2.5.0.jar:/home/user/.m2/repository/jakarta/annotation/jakarta.annotation-api/1.3.4/jakarta.annotation-api-1.3.4.jar:/home/user/.m2/repository/org/glassfish/hk2/external/aopalliance-repackaged/2.5.0/aopalliance-repackaged-2.5.0.jar:/home/user/.m2/repository/com/fasterxml/jackson/dataformat/jackson-dataformat-xml/2.9.0/jackson-dataformat-xml-2.9.0.jar:/home/user/.m2/repository/com/fasterxml/jackson/core/jackson-core/2.9.5/jackson-core-2.9.5.jar:/home/user/.m2/repository/com/fasterxml/jackson/module/jackson-module-jaxb-annotations/2.9.5/jackson-module-jaxb-annotations-2.9.5.jar:/home/user/.m2/repository/javax/enterprise/cdi-api/1.2/cdi-api-1.2.jar:/home/user/.m2/repository/javax/el/javax.el-api/3.0.0/javax.el-api-3.0.0.jar:/home/user/.m2/repository/javax/interceptor/javax.interceptor-api/1.2/javax.interceptor-api-1.2.jar:/home/user/.m2/repository/javax/inject/javax.inject/1/javax.inject-1.jar:/home/user/.m2/repository/com/sun/xml/bind/jaxb-impl/2.3.0.1/jaxb-impl-2.3.0.1.jar:/home/user/.m2/repository/com/sun/xml/bind/jaxb-core/2.3.0.1/jaxb-core-2.3.0.1.jar:/home/user/.m2/repository/javax/xml/bind/jaxb-api/2.3.0/jaxb-api-2.3.0.jar:/home/user/.m2/repository/javax/activation/activation/1.1.1/activation-1.1.1.jar:/home/user/.m2/repository/org/apache/hadoop/hadoop-ozone-csi/0.5.0-SNAPSHOT/hadoop-ozone-csi-0.5.0-SNAPSHOT.jar:/home/user/.m2/repository/com/google/protobuf/protobuf-java-util/3.5.1/protobuf-java-util-3.5.1.jar:/home/user/.m2/repository/org/apache/hadoop/hadoop-hdds-config/0.5.0-SNAPSHOT/hadoop-hdds-config-0.5.0-SNAPSHOT.jar:/home/user/.m2/repository/io/grpc/grpc-netty/1.17.1/grpc-netty-1.17.1.jar:/home/user/.m2/repository/io/grpc/grpc-core/1.17.1/grpc-core-1.17.1.jar:/home/user/.m2/repository/io/grpc/grpc-context/1.17.1/grpc-context-1.17.1.jar:/home/user/.m2/repository/com/google/errorprone/error_prone_annotations/2.2.0/error_prone_annotations-2.2.0.jar:/home/user/.m2/repository/org/codehaus/mojo/animal-sniffer-annotations/1.17/animal-sniffer-annotations-1.17.jar:/home/user/.m2/repository/io/opencensus/opencensus-api/0.17.0/opencensus-api-0.17.0.jar:/home/user/.m2/repository/io/opencensus/opencensus-contrib-grpc-metrics/0.17.0/opencensus-contrib-grpc-metrics-0.17.0.jar:/home/user/.m2/repository/io/netty/netty-codec-http2/4.1.30.Final/netty-codec-http2-4.1.30.Final.jar:/home/user/.m2/repository/io/netty/netty-codec-http/4.1.30.Final/netty-codec-http-4.1.30.Final.jar:/home/user/.m2/repository/io/netty/netty-codec/4.1.30.Final/netty-codec-4.1.30.Final.jar:/home/user/.m2/repository/io/netty/netty-handler/4.1.30.Final/netty-handler-4.1.30.Final.jar:/home/user/.m2/repository/io/netty/netty-handler-proxy/4.1.30.Final/netty-handler-proxy-4.1.30.Final.jar:/home/user/.m2/repository/io/netty/netty-codec-socks/4.1.30.Final/netty-codec-socks-4.1.30.Final.jar:/home/user/.m2/repository/io/netty/netty-transport-native-epoll/4.1.30.Final/netty-transport-native-epoll-4.1.30.Final.jar:/home/user/.m2/repository/io/netty/netty-common/4.1.30.Final/netty-common-4.1.30.Final.jar:/home/user/.m2/repository/io/netty/netty-buffer/4.1.30.Final/netty-buffer-4.1.30.Final.jar:/home/user/.m2/repository/io/netty/netty-transport/4.1.30.Final/netty-transport-4.1.30.Final.jar:/home/user/.m2/repository/io/netty/netty-resolver/4.1.30.Final/netty-resolver-4.1.30.Final.jar:/home/user/.m2/repository/io/netty/netty-transport-native-unix-common/4.1.30.Final/netty-transport-native-unix-common-4.1.30.Final.jar:/home/user/.m2/repository/io/grpc/grpc-protobuf/1.17.1/grpc-protobuf-1.17.1.jar:/home/user/.m2/repository/com/google/api/grpc/proto-google-common-protos/1.0.0/proto-google-common-protos-1.0.0.jar:/home/user/.m2/repository/io/grpc/grpc-protobuf-lite/1.17.1/grpc-protobuf-lite-1.17.1.jar:/home/user/.m2/repository/io/grpc/grpc-stub/1.17.1/grpc-stub-1.17.1.jar:/home/user/.m2/repository/org/apache/hadoop/hadoop-ozone-recon/0.5.0-SNAPSHOT/hadoop-ozone-recon-0.5.0-SNAPSHOT.jar:/home/user/.m2/repository/org/apache/hadoop/hadoop-ozone-reconcodegen/0.5.0-SNAPSHOT/hadoop-ozone-reconcodegen-0.5.0-SNAPSHOT.jar:/home/user/.m2/repository/com/google/inject/extensions/guice-multibindings/4.0/guice-multibindings-4.0.jar:/home/user/.m2/repository/com/google/inject/guice/4.0/guice-4.0.jar:/home/user/.m2/repository/aopalliance/aopalliance/1.0/aopalliance-1.0.jar:/home/user/.m2/repository/com/google/inject/extensions/guice-servlet/4.0/guice-servlet-4.0.jar:/home/user/.m2/repository/org/glassfish/jersey/containers/jersey-container-servlet/2.27/jersey-container-servlet-2.27.jar:/home/user/.m2/repository/org/glassfish/hk2/guice-bridge/2.5.0/guice-bridge-2.5.0.jar:/home/user/.m2/repository/org/glassfish/jersey/core/jersey-server/2.27/jersey-server-2.27.jar:/home/user/.m2/repository/org/glassfish/jersey/core/jersey-client/2.27/jersey-client-2.27.jar:/home/user/.m2/repository/org/glassfish/jersey/media/jersey-media-jaxb/2.27/jersey-media-jaxb-2.27.jar:/home/user/.m2/repository/javax/validation/validation-api/1.1.0.Final/validation-api-1.1.0.Final.jar:/home/user/.m2/repository/org/glassfish/jersey/media/jersey-media-json-jackson/2.27/jersey-media-json-jackson-2.27.jar:/home/user/.m2/repository/org/glassfish/jersey/ext/jersey-entity-filtering/2.27/jersey-entity-filtering-2.27.jar:/home/user/.m2/repository/com/google/inject/extensions/guice-assistedinject/4.0/guice-assistedinject-4.0.jar:/home/user/.m2/repository/org/jooq/jooq/3.11.10/jooq-3.11.10.jar:/home/user/.m2/repository/org/jooq/jooq-meta/3.11.10/jooq-meta-3.11.10.jar:/home/user/.m2/repository/org/jooq/jooq-codegen/3.11.10/jooq-codegen-3.11.10.jar:/home/user/.m2/repository/com/jolbox/bonecp/0.8.0.RELEASE/bonecp-0.8.0.RELEASE.jar:/home/user/.m2/repository/org/xerial/sqlite-jdbc/3.25.2/sqlite-jdbc-3.25.2.jar:/home/user/.m2/repository/org/springframework/spring-jdbc/5.1.3.RELEASE/spring-jdbc-5.1.3.RELEASE.jar:/home/user/.m2/repository/org/springframework/spring-beans/5.1.3.RELEASE/spring-beans-5.1.3.RELEASE.jar:/home/user/.m2/repository/org/springframework/spring-core/5.1.3.RELEASE/spring-core-5.1.3.RELEASE.jar:/home/user/.m2/repository/org/springframework/spring-jcl/5.1.3.RELEASE/spring-jcl-5.1.3.RELEASE.jar:/home/user/.m2/repository/org/springframework/spring-tx/5.1.3.RELEASE/spring-tx-5.1.3.RELEASE.jar:/home/user/.m2/repository/org/apache/hadoop/hadoop-ozone-client/0.5.0-SNAPSHOT/hadoop-ozone-client-0.5.0-SNAPSHOT.jar:/home/user/.m2/repository/commons-lang/commons-lang/2.6/commons-lang-2.6.jar:/home/user/.m2/repository/org/apache/hadoop/hadoop-ozone-ozone-manager/0.5.0-SNAPSHOT/hadoop-ozone-ozone-manager-0.5.0-SNAPSHOT-tests.jar:/home/user/.m2/repository/junit/junit/4.11/junit-4.11.jar:/home/user/.m2/repository/org/hamcrest/hamcrest-core/1.3/hamcrest-core-1.3.jar:/home/user/.m2/repository/org/openjdk/jmh/jmh-core/1.19/jmh-core-1.19.jar:/home/user/.m2/repository/net/sf/jopt-simple/jopt-simple/4.6/jopt-simple-4.6.jar:/home/user/.m2/repository/org/apache/commons/commons-math3/3.1.1/commons-math3-3.1.1.jar:/home/user/.m2/repository/org/openjdk/jmh/jmh-generator-annprocess/1.19/jmh-generator-annprocess-1.19.jar:/home/user/.m2/repository/org/mockito/mockito-all/1.8.5/mockito-all-1.8.5.jar:/home/user/.m2/repository/org/apache/hadoop/hadoop-kms/3.2.0/hadoop-kms-3.2.0.jar:/home/user/.m2/repository/org/apache/hadoop/hadoop-auth/3.2.0/hadoop-auth-3.2.0.jar:/home/user/.m2/repository/com/nimbusds/nimbus-jose-jwt/4.41.1/nimbus-jose-jwt-4.41.1.jar:/home/user/.m2/repository/com/github/stephenc/jcip/jcip-annotations/1.0-1/jcip-annotations-1.0-1.jar:/home/user/.m2/repository/net/minidev/json-smart/2.3/json-smart-2.3.jar:/home/user/.m2/repository/net/minidev/accessors-smart/1.2/accessors-smart-1.2.jar:/home/user/.m2/repository/org/ow2/asm/asm/5.0.4/asm-5.0.4.jar:/home/user/.m2/repository/org/apache/curator/curator-framework/2.12.0/curator-framework-2.12.0.jar:/home/user/.m2/repository/com/sun/jersey/jersey-core/1.19/jersey-core-1.19.jar:/home/user/.m2/repository/javax/ws/rs/jsr311-api/1.1.1/jsr311-api-1.1.1.jar:/home/user/.m2/repository/com/sun/jersey/jersey-server/1.19/jersey-server-1.19.jar:/home/user/.m2/repository/javax/servlet/javax.servlet-api/3.1.0/javax.servlet-api-3.1.0.jar:/home/user/.m2/repository/org/eclipse/jetty/jetty-server/9.3.24.v20180605/jetty-server-9.3.24.v20180605.jar:/home/user/.m2/repository/org/eclipse/jetty/jetty-http/9.3.24.v20180605/jetty-http-9.3.24.v20180605.jar:/home/user/.m2/repository/org/eclipse/jetty/jetty-io/9.3.24.v20180605/jetty-io-9.3.24.v20180605.jar:/home/user/.m2/repository/org/eclipse/jetty/jetty-webapp/9.3.24.v20180605/jetty-webapp-9.3.24.v20180605.jar:/home/user/.m2/repository/org/eclipse/jetty/jetty-xml/9.3.24.v20180605/jetty-xml-9.3.24.v20180605.jar:/home/user/.m2/repository/log4j/log4j/1.2.17/log4j-1.2.17.jar:/home/user/.m2/repository/org/slf4j/slf4j-api/1.7.25/slf4j-api-1.7.25.jar:/home/user/.m2/repository/org/slf4j/jul-to-slf4j/1.7.25/jul-to-slf4j-1.7.25.jar:/home/user/.m2/repository/org/eclipse/jetty/jetty-util/9.3.24.v20180605/jetty-util-9.3.24.v20180605.jar:/home/user/.m2/repository/com/fasterxml/jackson/core/jackson-databind/2.9.5/jackson-databind-2.9.5.jar:/home/user/.m2/repository/org/apache/hadoop/hadoop-kms/3.2.0/hadoop-kms-3.2.0-tests.jar:/home/user/.m2/repository/org/apache/hadoop/hadoop-hdds-server-scm/0.5.0-SNAPSHOT/hadoop-hdds-server-scm-0.5.0-SNAPSHOT-tests.jar:/home/user/.m2/repository/org/apache/hadoop/hadoop-hdds-container-service/0.5.0-SNAPSHOT/hadoop-hdds-container-service-0.5.0-SNAPSHOT-tests.jar:/home/user/.m2/repository/org/yaml/snakeyaml/1.16/snakeyaml-1.16.jar:/home/user/.m2/repository/org/apache/hadoop/hadoop-common/3.2.0/hadoop-common-3.2.0-tests.jar:/home/user/.m2/repository/org/apache/hadoop/hadoop-annotations/3.2.0/hadoop-annotations-3.2.0.jar:/usr/lib/jvm/java-1.8-openjdk/jre/../lib/tools.jar:/home/user/.m2/repository/commons-cli/commons-cli/1.2/commons-cli-1.2.jar:/home/user/.m2/repository/org/apache/httpcomponents/httpclient/4.5.2/httpclient-4.5.2.jar:/home/user/.m2/repository/org/apache/httpcomponents/httpcore/4.4.4/httpcore-4.4.4.jar:/home/user/.m2/repository/commons-codec/commons-codec/1.11/commons-codec-1.11.jar:/home/user/.m2/repository/commons-net/commons-net/3.6/commons-net-3.6.jar:/home/user/.m2/repository/commons-collections/commons-collections/3.2.2/commons-collections-3.2.2.jar:/home/user/.m2/repository/org/eclipse/jetty/jetty-servlet/9.3.24.v20180605/jetty-servlet-9.3.24.v20180605.jar:/home/user/.m2/repository/org/eclipse/jetty/jetty-security/9.3.24.v20180605/jetty-security-9.3.24.v20180605.jar:/home/user/.m2/repository/javax/servlet/jsp/jsp-api/2.1/jsp-api-2.1.jar:/home/user/.m2/repository/com/sun/jersey/jersey-servlet/1.19/jersey-servlet-1.19.jar:/home/user/.m2/repository/com/sun/jersey/jersey-json/1.19/jersey-json-1.19.jar:/home/user/.m2/repository/org/codehaus/jettison/jettison/1.1/jettison-1.1.jar:/home/user/.m2/repository/org/codehaus/jackson/jackson-core-asl/1.9.13/jackson-core-asl-1.9.13.jar:/home/user/.m2/repository/org/codehaus/jackson/jackson-mapper-asl/1.9.13/jackson-mapper-asl-1.9.13.jar:/home/user/.m2/repository/org/codehaus/jackson/jackson-jaxrs/1.9.13/jackson-jaxrs-1.9.13.jar:/home/user/.m2/repository/org/codehaus/jackson/jackson-xc/1.9.13/jackson-xc-1.9.13.jar:/home/user/.m2/repository/commons-logging/commons-logging/1.1.3/commons-logging-1.1.3.jar:/home/user/.m2/repository/commons-beanutils/commons-beanutils/1.9.3/commons-beanutils-1.9.3.jar:/home/user/.m2/repository/org/apache/commons/commons-configuration2/2.1.1/commons-configuration2-2.1.1.jar:/home/user/.m2/repository/org/apache/commons/commons-lang3/3.7/commons-lang3-3.7.jar:/home/user/.m2/repository/org/apache/commons/commons-text/1.4/commons-text-1.4.jar:/home/user/.m2/repository/org/apache/avro/avro/1.7.7/avro-1.7.7.jar:/home/user/.m2/repository/com/thoughtworks/paranamer/paranamer/2.3/paranamer-2.3.jar:/home/user/.m2/repository/org/xerial/snappy/snappy-java/1.0.5/snappy-java-1.0.5.jar:/home/user/.m2/repository/com/google/re2j/re2j/1.1/re2j-1.1.jar:/home/user/.m2/repository/com/google/code/gson/gson/2.2.4/gson-2.2.4.jar:/home/user/.m2/repository/com/jcraft/jsch/0.1.54/jsch-0.1.54.jar:/home/user/.m2/repository/org/apache/curator/curator-client/2.12.0/curator-client-2.12.0.jar:/home/user/.m2/repository/org/apache/curator/curator-recipes/2.12.0/curator-recipes-2.12.0.jar:/home/user/.m2/repository/com/google/code/findbugs/jsr305/3.0.0/jsr305-3.0.0.jar:/home/user/.m2/repository/org/apache/htrace/htrace-core4/4.1.0-incubating/htrace-core4-4.1.0-incubating.jar:/home/user/.m2/repository/org/apache/zookeeper/zookeeper/3.4.13/zookeeper-3.4.13.jar:/home/user/.m2/repository/org/apache/yetus/audience-annotations/0.5.0/audience-annotations-0.5.0.jar:/home/user/.m2/repository/org/codehaus/woodstox/stax2-api/3.1.4/stax2-api-3.1.4.jar:/home/user/.m2/repository/com/fasterxml/woodstox/woodstox-core/5.0.3/woodstox-core-5.0.3.jar:/home/user/.m2/repository/dnsjava/dnsjava/2.1.7/dnsjava-2.1.7.jar:/home/user/.m2/repository/org/apache/hadoop/hadoop-hdfs/3.2.0/hadoop-hdfs-3.2.0-tests.jar:/home/user/.m2/repository/org/eclipse/jetty/jetty-util-ajax/9.3.24.v20180605/jetty-util-ajax-9.3.24.v20180605.jar:/home/user/.m2/repository/commons-daemon/commons-daemon/1.0.13/commons-daemon-1.0.13.jar:/home/user/.m2/repository/io/netty/netty/3.10.5.Final/netty-3.10.5.Final.jar:/home/user/.m2/repository/io/netty/netty-all/4.0.52.Final/netty-all-4.0.52.Final.jar:/home/user/.m2/repository/org/fusesource/leveldbjni/leveldbjni-all/1.8/leveldbjni-all-1.8.jar:"/>
    <property name="java.vm.vendor" value="IcedTea"/>
    <property name="sun.arch.data.model" value="64"/>
    <property name="test.build.dir" value="/workdir/hadoop-ozone/integration-test/target/test-dir"/>
    <property name="test.cache.data" value=""/>
    <property name="java.vendor.url" value="https://icedtea.classpath.org"/>
    <property name="user.timezone" value=""/>
    <property name="java.vm.specification.version" value="1.8"/>
    <property name="os.name" value="Linux"/>
    <property name="test.build.data" value="/workdir/hadoop-ozone/integration-test/target/test-dir"/>
    <property name="user.country" value="US"/>
    <property name="sun.java.launcher" value="SUN_STANDARD"/>
    <property name="sun.boot.library.path" value="/usr/lib/jvm/java-1.8-openjdk/jre/lib/amd64"/>
    <property name="sun.java.command" value="/workdir/hadoop-ozone/integration-test/target/surefire/surefirebooter2265555452244585258.jar /workdir/hadoop-ozone/integration-test/target/surefire 2019-09-16T15-14-33_260-jvmRun1 surefire1371937305658262168tmp surefire_92183700555220656108tmp"/>
    <property name="test" value="!TestMiniChaosOzoneCluster"/>
    <property name="surefire.test.class.path" value="/workdir/hadoop-ozone/integration-test/target/test-classes:/workdir/hadoop-ozone/integration-test/target/classes:/home/user/.m2/repository/org/apache/hadoop/hadoop-ozone-common/0.5.0-SNAPSHOT/hadoop-ozone-common-0.5.0-SNAPSHOT.jar:/home/user/.m2/repository/org/apache/commons/commons-compress/1.4.1/commons-compress-1.4.1.jar:/home/user/.m2/repository/org/tukaani/xz/1.0/xz-1.0.jar:/home/user/.m2/repository/org/apache/hadoop/hadoop-common/3.2.0/hadoop-common-3.2.0.jar:/home/user/.m2/repository/org/apache/hadoop/hadoop-hdfs/3.2.0/hadoop-hdfs-3.2.0.jar:/home/user/.m2/repository/org/apache/hadoop/hadoop-hdfs-client/3.2.0/hadoop-hdfs-client-3.2.0.jar:/home/user/.m2/repository/com/fasterxml/jackson/core/jackson-annotations/2.9.5/jackson-annotations-2.9.5.jar:/home/user/.m2/repository/org/apache/hadoop/hadoop-hdds-common/0.5.0-SNAPSHOT/hadoop-hdds-common-0.5.0-SNAPSHOT.jar:/home/user/.m2/repository/javax/annotation/javax.annotation-api/1.2/javax.annotation-api-1.2.jar:/home/user/.m2/repository/org/apache/ratis/ratis-server/0.4.0-78e95b9-SNAPSHOT/ratis-server-0.4.0-78e95b9-SNAPSHOT.jar:/home/user/.m2/repository/org/apache/ratis/ratis-thirdparty-misc/0.2.0/ratis-thirdparty-misc-0.2.0.jar:/home/user/.m2/repository/org/apache/ratis/ratis-proto/0.4.0-78e95b9-SNAPSHOT/ratis-proto-0.4.0-78e95b9-SNAPSHOT.jar:/home/user/.m2/repository/org/apache/ratis/ratis-common/0.4.0-78e95b9-SNAPSHOT/ratis-common-0.4.0-78e95b9-SNAPSHOT.jar:/home/user/.m2/repository/org/apache/ratis/ratis-client/0.4.0-78e95b9-SNAPSHOT/ratis-client-0.4.0-78e95b9-SNAPSHOT.jar:/home/user/.m2/repository/org/apache/ratis/ratis-metrics/0.4.0-78e95b9-SNAPSHOT/ratis-metrics-0.4.0-78e95b9-SNAPSHOT.jar:/home/user/.m2/repository/com/github/joshelser/dropwizard-metrics-hadoop-metrics2-reporter/0.1.2/dropwizard-metrics-hadoop-metrics2-reporter-0.1.2.jar:/home/user/.m2/repository/io/dropwizard/metrics/metrics-jvm/3.2.5/metrics-jvm-3.2.5.jar:/home/user/.m2/repository/io/dropwizard/metrics/metrics-ganglia/3.2.5/metrics-ganglia-3.2.5.jar:/home/user/.m2/repository/info/ganglia/gmetric4j/gmetric4j/1.0.7/gmetric4j-1.0.7.jar:/home/user/.m2/repository/org/apache/ratis/ratis-netty/0.4.0-78e95b9-SNAPSHOT/ratis-netty-0.4.0-78e95b9-SNAPSHOT.jar:/home/user/.m2/repository/org/apache/ratis/ratis-grpc/0.4.0-78e95b9-SNAPSHOT/ratis-grpc-0.4.0-78e95b9-SNAPSHOT.jar:/home/user/.m2/repository/org/rocksdb/rocksdbjni/6.0.1/rocksdbjni-6.0.1.jar:/home/user/.m2/repository/org/apache/logging/log4j/log4j-api/2.11.0/log4j-api-2.11.0.jar:/home/user/.m2/repository/org/apache/logging/log4j/log4j-core/2.11.0/log4j-core-2.11.0.jar:/home/user/.m2/repository/com/lmax/disruptor/3.4.2/disruptor-3.4.2.jar:/home/user/.m2/repository/org/apache/commons/commons-pool2/2.6.0/commons-pool2-2.6.0.jar:/home/user/.m2/repository/org/bouncycastle/bcpkix-jdk15on/1.60/bcpkix-jdk15on-1.60.jar:/home/user/.m2/repository/commons-validator/commons-validator/1.6/commons-validator-1.6.jar:/home/user/.m2/repository/commons-digester/commons-digester/1.8.1/commons-digester-1.8.1.jar:/home/user/.m2/repository/io/jaegertracing/jaeger-client/0.33.1/jaeger-client-0.33.1.jar:/home/user/.m2/repository/io/jaegertracing/jaeger-thrift/0.33.1/jaeger-thrift-0.33.1.jar:/home/user/.m2/repository/org/apache/thrift/libthrift/0.11.0/libthrift-0.11.0.jar:/home/user/.m2/repository/com/squareup/okhttp3/okhttp/3.9.0/okhttp-3.9.0.jar:/home/user/.m2/repository/com/squareup/okio/okio/1.13.0/okio-1.13.0.jar:/home/user/.m2/repository/io/jaegertracing/jaeger-core/0.33.1/jaeger-core-0.33.1.jar:/home/user/.m2/repository/io/jaegertracing/jaeger-tracerresolver/0.33.1/jaeger-tracerresolver-0.33.1.jar:/home/user/.m2/repository/io/opentracing/contrib/opentracing-tracerresolver/0.1.5/opentracing-tracerresolver-0.1.5.jar:/home/user/.m2/repository/io/opentracing/opentracing-util/0.31.0/opentracing-util-0.31.0.jar:/home/user/.m2/repository/io/opentracing/opentracing-api/0.31.0/opentracing-api-0.31.0.jar:/home/user/.m2/repository/io/opentracing/opentracing-noop/0.31.0/opentracing-noop-0.31.0.jar:/home/user/.m2/repository/org/apache/hadoop/hadoop-hdds-server-framework/0.5.0-SNAPSHOT/hadoop-hdds-server-framework-0.5.0-SNAPSHOT.jar:/home/user/.m2/repository/org/apache/hadoop/hadoop-hdds-container-service/0.5.0-SNAPSHOT/hadoop-hdds-container-service-0.5.0-SNAPSHOT.jar:/home/user/.m2/repository/org/apache/hadoop/hadoop-hdds-client/0.5.0-SNAPSHOT/hadoop-hdds-client-0.5.0-SNAPSHOT.jar:/home/user/.m2/repository/org/apache/hadoop/hadoop-hdds-tools/0.5.0-SNAPSHOT/hadoop-hdds-tools-0.5.0-SNAPSHOT.jar:/home/user/.m2/repository/org/apache/hadoop/hadoop-hdds-server-scm/0.5.0-SNAPSHOT/hadoop-hdds-server-scm-0.5.0-SNAPSHOT.jar:/home/user/.m2/repository/org/apache/hadoop/hadoop-hdds-docs/0.5.0-SNAPSHOT/hadoop-hdds-docs-0.5.0-SNAPSHOT.jar:/home/user/.m2/repository/io/dropwizard/metrics/metrics-core/3.2.4/metrics-core-3.2.4.jar:/home/user/.m2/repository/org/hamcrest/hamcrest-all/1.3/hamcrest-all-1.3.jar:/home/user/.m2/repository/org/bouncycastle/bcprov-jdk15on/1.60/bcprov-jdk15on-1.60.jar:/home/user/.m2/repository/info/picocli/picocli/3.9.6/picocli-3.9.6.jar:/home/user/.m2/repository/com/google/protobuf/protobuf-java/2.5.0/protobuf-java-2.5.0.jar:/home/user/.m2/repository/com/google/guava/guava/11.0.2/guava-11.0.2.jar:/home/user/.m2/repository/org/apache/hadoop/hadoop-ozone-ozone-manager/0.5.0-SNAPSHOT/hadoop-ozone-ozone-manager-0.5.0-SNAPSHOT.jar:/home/user/.m2/repository/org/apache/hadoop/hadoop-minikdc/3.2.0/hadoop-minikdc-3.2.0.jar:/home/user/.m2/repository/commons-io/commons-io/2.5/commons-io-2.5.jar:/home/user/.m2/repository/org/apache/kerby/kerb-simplekdc/1.0.1/kerb-simplekdc-1.0.1.jar:/home/user/.m2/repository/org/apache/kerby/kerb-client/1.0.1/kerb-client-1.0.1.jar:/home/user/.m2/repository/org/apache/kerby/kerby-config/1.0.1/kerby-config-1.0.1.jar:/home/user/.m2/repository/org/apache/kerby/kerb-core/1.0.1/kerb-core-1.0.1.jar:/home/user/.m2/repository/org/apache/kerby/kerby-pkix/1.0.1/kerby-pkix-1.0.1.jar:/home/user/.m2/repository/org/apache/kerby/kerby-asn1/1.0.1/kerby-asn1-1.0.1.jar:/home/user/.m2/repository/org/apache/kerby/kerby-util/1.0.1/kerby-util-1.0.1.jar:/home/user/.m2/repository/org/apache/kerby/kerb-common/1.0.1/kerb-common-1.0.1.jar:/home/user/.m2/repository/org/apache/kerby/kerb-crypto/1.0.1/kerb-crypto-1.0.1.jar:/home/user/.m2/repository/org/apache/kerby/kerb-util/1.0.1/kerb-util-1.0.1.jar:/home/user/.m2/repository/org/apache/kerby/token-provider/1.0.1/token-provider-1.0.1.jar:/home/user/.m2/repository/org/apache/kerby/kerb-admin/1.0.1/kerb-admin-1.0.1.jar:/home/user/.m2/repository/org/apache/kerby/kerb-server/1.0.1/kerb-server-1.0.1.jar:/home/user/.m2/repository/org/apache/kerby/kerb-identity/1.0.1/kerb-identity-1.0.1.jar:/home/user/.m2/repository/org/apache/kerby/kerby-xdr/1.0.1/kerby-xdr-1.0.1.jar:/home/user/.m2/repository/org/slf4j/slf4j-log4j12/1.7.25/slf4j-log4j12-1.7.25.jar:/home/user/.m2/repository/org/apache/hadoop/hadoop-ozone-s3gateway/0.5.0-SNAPSHOT/hadoop-ozone-s3gateway-0.5.0-SNAPSHOT.jar:/home/user/.m2/repository/org/jboss/weld/servlet/weld-servlet/2.4.7.Final/weld-servlet-2.4.7.Final.jar:/home/user/.m2/repository/org/glassfish/jersey/containers/jersey-container-servlet-core/2.27/jersey-container-servlet-core-2.27.jar:/home/user/.m2/repository/org/glassfish/hk2/external/javax.inject/2.5.0-b42/javax.inject-2.5.0-b42.jar:/home/user/.m2/repository/org/glassfish/jersey/core/jersey-common/2.27/jersey-common-2.27.jar:/home/user/.m2/repository/org/glassfish/hk2/osgi-resource-locator/1.0.1/osgi-resource-locator-1.0.1.jar:/home/user/.m2/repository/javax/ws/rs/javax.ws.rs-api/2.1/javax.ws.rs-api-2.1.jar:/home/user/.m2/repository/org/glassfish/jersey/ext/cdi/jersey-cdi1x/2.27/jersey-cdi1x-2.27.jar:/home/user/.m2/repository/org/glassfish/jersey/inject/jersey-hk2/2.27/jersey-hk2-2.27.jar:/home/user/.m2/repository/org/glassfish/hk2/hk2-locator/2.5.0-b42/hk2-locator-2.5.0-b42.jar:/home/user/.m2/repository/org/javassist/javassist/3.22.0-CR2/javassist-3.22.0-CR2.jar:/home/user/.m2/repository/org/glassfish/hk2/hk2-api/2.5.0/hk2-api-2.5.0.jar:/home/user/.m2/repository/org/glassfish/hk2/external/jakarta.inject/2.5.0/jakarta.inject-2.5.0.jar:/home/user/.m2/repository/org/glassfish/hk2/hk2-utils/2.5.0/hk2-utils-2.5.0.jar:/home/user/.m2/repository/jakarta/annotation/jakarta.annotation-api/1.3.4/jakarta.annotation-api-1.3.4.jar:/home/user/.m2/repository/org/glassfish/hk2/external/aopalliance-repackaged/2.5.0/aopalliance-repackaged-2.5.0.jar:/home/user/.m2/repository/com/fasterxml/jackson/dataformat/jackson-dataformat-xml/2.9.0/jackson-dataformat-xml-2.9.0.jar:/home/user/.m2/repository/com/fasterxml/jackson/core/jackson-core/2.9.5/jackson-core-2.9.5.jar:/home/user/.m2/repository/com/fasterxml/jackson/module/jackson-module-jaxb-annotations/2.9.5/jackson-module-jaxb-annotations-2.9.5.jar:/home/user/.m2/repository/javax/enterprise/cdi-api/1.2/cdi-api-1.2.jar:/home/user/.m2/repository/javax/el/javax.el-api/3.0.0/javax.el-api-3.0.0.jar:/home/user/.m2/repository/javax/interceptor/javax.interceptor-api/1.2/javax.interceptor-api-1.2.jar:/home/user/.m2/repository/javax/inject/javax.inject/1/javax.inject-1.jar:/home/user/.m2/repository/com/sun/xml/bind/jaxb-impl/2.3.0.1/jaxb-impl-2.3.0.1.jar:/home/user/.m2/repository/com/sun/xml/bind/jaxb-core/2.3.0.1/jaxb-core-2.3.0.1.jar:/home/user/.m2/repository/javax/xml/bind/jaxb-api/2.3.0/jaxb-api-2.3.0.jar:/home/user/.m2/repository/javax/activation/activation/1.1.1/activation-1.1.1.jar:/home/user/.m2/repository/org/apache/hadoop/hadoop-ozone-csi/0.5.0-SNAPSHOT/hadoop-ozone-csi-0.5.0-SNAPSHOT.jar:/home/user/.m2/repository/com/google/protobuf/protobuf-java-util/3.5.1/protobuf-java-util-3.5.1.jar:/home/user/.m2/repository/org/apache/hadoop/hadoop-hdds-config/0.5.0-SNAPSHOT/hadoop-hdds-config-0.5.0-SNAPSHOT.jar:/home/user/.m2/repository/io/grpc/grpc-netty/1.17.1/grpc-netty-1.17.1.jar:/home/user/.m2/repository/io/grpc/grpc-core/1.17.1/grpc-core-1.17.1.jar:/home/user/.m2/repository/io/grpc/grpc-context/1.17.1/grpc-context-1.17.1.jar:/home/user/.m2/repository/com/google/errorprone/error_prone_annotations/2.2.0/error_prone_annotations-2.2.0.jar:/home/user/.m2/repository/org/codehaus/mojo/animal-sniffer-annotations/1.17/animal-sniffer-annotations-1.17.jar:/home/user/.m2/repository/io/opencensus/opencensus-api/0.17.0/opencensus-api-0.17.0.jar:/home/user/.m2/repository/io/opencensus/opencensus-contrib-grpc-metrics/0.17.0/opencensus-contrib-grpc-metrics-0.17.0.jar:/home/user/.m2/repository/io/netty/netty-codec-http2/4.1.30.Final/netty-codec-http2-4.1.30.Final.jar:/home/user/.m2/repository/io/netty/netty-codec-http/4.1.30.Final/netty-codec-http-4.1.30.Final.jar:/home/user/.m2/repository/io/netty/netty-codec/4.1.30.Final/netty-codec-4.1.30.Final.jar:/home/user/.m2/repository/io/netty/netty-handler/4.1.30.Final/netty-handler-4.1.30.Final.jar:/home/user/.m2/repository/io/netty/netty-handler-proxy/4.1.30.Final/netty-handler-proxy-4.1.30.Final.jar:/home/user/.m2/repository/io/netty/netty-codec-socks/4.1.30.Final/netty-codec-socks-4.1.30.Final.jar:/home/user/.m2/repository/io/netty/netty-transport-native-epoll/4.1.30.Final/netty-transport-native-epoll-4.1.30.Final.jar:/home/user/.m2/repository/io/netty/netty-common/4.1.30.Final/netty-common-4.1.30.Final.jar:/home/user/.m2/repository/io/netty/netty-buffer/4.1.30.Final/netty-buffer-4.1.30.Final.jar:/home/user/.m2/repository/io/netty/netty-transport/4.1.30.Final/netty-transport-4.1.30.Final.jar:/home/user/.m2/repository/io/netty/netty-resolver/4.1.30.Final/netty-resolver-4.1.30.Final.jar:/home/user/.m2/repository/io/netty/netty-transport-native-unix-common/4.1.30.Final/netty-transport-native-unix-common-4.1.30.Final.jar:/home/user/.m2/repository/io/grpc/grpc-protobuf/1.17.1/grpc-protobuf-1.17.1.jar:/home/user/.m2/repository/com/google/api/grpc/proto-google-common-protos/1.0.0/proto-google-common-protos-1.0.0.jar:/home/user/.m2/repository/io/grpc/grpc-protobuf-lite/1.17.1/grpc-protobuf-lite-1.17.1.jar:/home/user/.m2/repository/io/grpc/grpc-stub/1.17.1/grpc-stub-1.17.1.jar:/home/user/.m2/repository/org/apache/hadoop/hadoop-ozone-recon/0.5.0-SNAPSHOT/hadoop-ozone-recon-0.5.0-SNAPSHOT.jar:/home/user/.m2/repository/org/apache/hadoop/hadoop-ozone-reconcodegen/0.5.0-SNAPSHOT/hadoop-ozone-reconcodegen-0.5.0-SNAPSHOT.jar:/home/user/.m2/repository/com/google/inject/extensions/guice-multibindings/4.0/guice-multibindings-4.0.jar:/home/user/.m2/repository/com/google/inject/guice/4.0/guice-4.0.jar:/home/user/.m2/repository/aopalliance/aopalliance/1.0/aopalliance-1.0.jar:/home/user/.m2/repository/com/google/inject/extensions/guice-servlet/4.0/guice-servlet-4.0.jar:/home/user/.m2/repository/org/glassfish/jersey/containers/jersey-container-servlet/2.27/jersey-container-servlet-2.27.jar:/home/user/.m2/repository/org/glassfish/hk2/guice-bridge/2.5.0/guice-bridge-2.5.0.jar:/home/user/.m2/repository/org/glassfish/jersey/core/jersey-server/2.27/jersey-server-2.27.jar:/home/user/.m2/repository/org/glassfish/jersey/core/jersey-client/2.27/jersey-client-2.27.jar:/home/user/.m2/repository/org/glassfish/jersey/media/jersey-media-jaxb/2.27/jersey-media-jaxb-2.27.jar:/home/user/.m2/repository/javax/validation/validation-api/1.1.0.Final/validation-api-1.1.0.Final.jar:/home/user/.m2/repository/org/glassfish/jersey/media/jersey-media-json-jackson/2.27/jersey-media-json-jackson-2.27.jar:/home/user/.m2/repository/org/glassfish/jersey/ext/jersey-entity-filtering/2.27/jersey-entity-filtering-2.27.jar:/home/user/.m2/repository/com/google/inject/extensions/guice-assistedinject/4.0/guice-assistedinject-4.0.jar:/home/user/.m2/repository/org/jooq/jooq/3.11.10/jooq-3.11.10.jar:/home/user/.m2/repository/org/jooq/jooq-meta/3.11.10/jooq-meta-3.11.10.jar:/home/user/.m2/repository/org/jooq/jooq-codegen/3.11.10/jooq-codegen-3.11.10.jar:/home/user/.m2/repository/com/jolbox/bonecp/0.8.0.RELEASE/bonecp-0.8.0.RELEASE.jar:/home/user/.m2/repository/org/xerial/sqlite-jdbc/3.25.2/sqlite-jdbc-3.25.2.jar:/home/user/.m2/repository/org/springframework/spring-jdbc/5.1.3.RELEASE/spring-jdbc-5.1.3.RELEASE.jar:/home/user/.m2/repository/org/springframework/spring-beans/5.1.3.RELEASE/spring-beans-5.1.3.RELEASE.jar:/home/user/.m2/repository/org/springframework/spring-core/5.1.3.RELEASE/spring-core-5.1.3.RELEASE.jar:/home/user/.m2/repository/org/springframework/spring-jcl/5.1.3.RELEASE/spring-jcl-5.1.3.RELEASE.jar:/home/user/.m2/repository/org/springframework/spring-tx/5.1.3.RELEASE/spring-tx-5.1.3.RELEASE.jar:/home/user/.m2/repository/org/apache/hadoop/hadoop-ozone-client/0.5.0-SNAPSHOT/hadoop-ozone-client-0.5.0-SNAPSHOT.jar:/home/user/.m2/repository/commons-lang/commons-lang/2.6/commons-lang-2.6.jar:/home/user/.m2/repository/org/apache/hadoop/hadoop-ozone-ozone-manager/0.5.0-SNAPSHOT/hadoop-ozone-ozone-manager-0.5.0-SNAPSHOT-tests.jar:/home/user/.m2/repository/junit/junit/4.11/junit-4.11.jar:/home/user/.m2/repository/org/hamcrest/hamcrest-core/1.3/hamcrest-core-1.3.jar:/home/user/.m2/repository/org/openjdk/jmh/jmh-core/1.19/jmh-core-1.19.jar:/home/user/.m2/repository/net/sf/jopt-simple/jopt-simple/4.6/jopt-simple-4.6.jar:/home/user/.m2/repository/org/apache/commons/commons-math3/3.1.1/commons-math3-3.1.1.jar:/home/user/.m2/repository/org/openjdk/jmh/jmh-generator-annprocess/1.19/jmh-generator-annprocess-1.19.jar:/home/user/.m2/repository/org/mockito/mockito-all/1.8.5/mockito-all-1.8.5.jar:/home/user/.m2/repository/org/apache/hadoop/hadoop-kms/3.2.0/hadoop-kms-3.2.0.jar:/home/user/.m2/repository/org/apache/hadoop/hadoop-auth/3.2.0/hadoop-auth-3.2.0.jar:/home/user/.m2/repository/com/nimbusds/nimbus-jose-jwt/4.41.1/nimbus-jose-jwt-4.41.1.jar:/home/user/.m2/repository/com/github/stephenc/jcip/jcip-annotations/1.0-1/jcip-annotations-1.0-1.jar:/home/user/.m2/repository/net/minidev/json-smart/2.3/json-smart-2.3.jar:/home/user/.m2/repository/net/minidev/accessors-smart/1.2/accessors-smart-1.2.jar:/home/user/.m2/repository/org/ow2/asm/asm/5.0.4/asm-5.0.4.jar:/home/user/.m2/repository/org/apache/curator/curator-framework/2.12.0/curator-framework-2.12.0.jar:/home/user/.m2/repository/com/sun/jersey/jersey-core/1.19/jersey-core-1.19.jar:/home/user/.m2/repository/javax/ws/rs/jsr311-api/1.1.1/jsr311-api-1.1.1.jar:/home/user/.m2/repository/com/sun/jersey/jersey-server/1.19/jersey-server-1.19.jar:/home/user/.m2/repository/javax/servlet/javax.servlet-api/3.1.0/javax.servlet-api-3.1.0.jar:/home/user/.m2/repository/org/eclipse/jetty/jetty-server/9.3.24.v20180605/jetty-server-9.3.24.v20180605.jar:/home/user/.m2/repository/org/eclipse/jetty/jetty-http/9.3.24.v20180605/jetty-http-9.3.24.v20180605.jar:/home/user/.m2/repository/org/eclipse/jetty/jetty-io/9.3.24.v20180605/jetty-io-9.3.24.v20180605.jar:/home/user/.m2/repository/org/eclipse/jetty/jetty-webapp/9.3.24.v20180605/jetty-webapp-9.3.24.v20180605.jar:/home/user/.m2/repository/org/eclipse/jetty/jetty-xml/9.3.24.v20180605/jetty-xml-9.3.24.v20180605.jar:/home/user/.m2/repository/log4j/log4j/1.2.17/log4j-1.2.17.jar:/home/user/.m2/repository/org/slf4j/slf4j-api/1.7.25/slf4j-api-1.7.25.jar:/home/user/.m2/repository/org/slf4j/jul-to-slf4j/1.7.25/jul-to-slf4j-1.7.25.jar:/home/user/.m2/repository/org/eclipse/jetty/jetty-util/9.3.24.v20180605/jetty-util-9.3.24.v20180605.jar:/home/user/.m2/repository/com/fasterxml/jackson/core/jackson-databind/2.9.5/jackson-databind-2.9.5.jar:/home/user/.m2/repository/org/apache/hadoop/hadoop-kms/3.2.0/hadoop-kms-3.2.0-tests.jar:/home/user/.m2/repository/org/apache/hadoop/hadoop-hdds-server-scm/0.5.0-SNAPSHOT/hadoop-hdds-server-scm-0.5.0-SNAPSHOT-tests.jar:/home/user/.m2/repository/org/apache/hadoop/hadoop-hdds-container-service/0.5.0-SNAPSHOT/hadoop-hdds-container-service-0.5.0-SNAPSHOT-tests.jar:/home/user/.m2/repository/org/yaml/snakeyaml/1.16/snakeyaml-1.16.jar:/home/user/.m2/repository/org/apache/hadoop/hadoop-common/3.2.0/hadoop-common-3.2.0-tests.jar:/home/user/.m2/repository/org/apache/hadoop/hadoop-annotations/3.2.0/hadoop-annotations-3.2.0.jar:/usr/lib/jvm/java-1.8-openjdk/jre/../lib/tools.jar:/home/user/.m2/repository/commons-cli/commons-cli/1.2/commons-cli-1.2.jar:/home/user/.m2/repository/org/apache/httpcomponents/httpclient/4.5.2/httpclient-4.5.2.jar:/home/user/.m2/repository/org/apache/httpcomponents/httpcore/4.4.4/httpcore-4.4.4.jar:/home/user/.m2/repository/commons-codec/commons-codec/1.11/commons-codec-1.11.jar:/home/user/.m2/repository/commons-net/commons-net/3.6/commons-net-3.6.jar:/home/user/.m2/repository/commons-collections/commons-collections/3.2.2/commons-collections-3.2.2.jar:/home/user/.m2/repository/org/eclipse/jetty/jetty-servlet/9.3.24.v20180605/jetty-servlet-9.3.24.v20180605.jar:/home/user/.m2/repository/org/eclipse/jetty/jetty-security/9.3.24.v20180605/jetty-security-9.3.24.v20180605.jar:/home/user/.m2/repository/javax/servlet/jsp/jsp-api/2.1/jsp-api-2.1.jar:/home/user/.m2/repository/com/sun/jersey/jersey-servlet/1.19/jersey-servlet-1.19.jar:/home/user/.m2/repository/com/sun/jersey/jersey-json/1.19/jersey-json-1.19.jar:/home/user/.m2/repository/org/codehaus/jettison/jettison/1.1/jettison-1.1.jar:/home/user/.m2/repository/org/codehaus/jackson/jackson-core-asl/1.9.13/jackson-core-asl-1.9.13.jar:/home/user/.m2/repository/org/codehaus/jackson/jackson-mapper-asl/1.9.13/jackson-mapper-asl-1.9.13.jar:/home/user/.m2/repository/org/codehaus/jackson/jackson-jaxrs/1.9.13/jackson-jaxrs-1.9.13.jar:/home/user/.m2/repository/org/codehaus/jackson/jackson-xc/1.9.13/jackson-xc-1.9.13.jar:/home/user/.m2/repository/commons-logging/commons-logging/1.1.3/commons-logging-1.1.3.jar:/home/user/.m2/repository/commons-beanutils/commons-beanutils/1.9.3/commons-beanutils-1.9.3.jar:/home/user/.m2/repository/org/apache/commons/commons-configuration2/2.1.1/commons-configuration2-2.1.1.jar:/home/user/.m2/repository/org/apache/commons/commons-lang3/3.7/commons-lang3-3.7.jar:/home/user/.m2/repository/org/apache/commons/commons-text/1.4/commons-text-1.4.jar:/home/user/.m2/repository/org/apache/avro/avro/1.7.7/avro-1.7.7.jar:/home/user/.m2/repository/com/thoughtworks/paranamer/paranamer/2.3/paranamer-2.3.jar:/home/user/.m2/repository/org/xerial/snappy/snappy-java/1.0.5/snappy-java-1.0.5.jar:/home/user/.m2/repository/com/google/re2j/re2j/1.1/re2j-1.1.jar:/home/user/.m2/repository/com/google/code/gson/gson/2.2.4/gson-2.2.4.jar:/home/user/.m2/repository/com/jcraft/jsch/0.1.54/jsch-0.1.54.jar:/home/user/.m2/repository/org/apache/curator/curator-client/2.12.0/curator-client-2.12.0.jar:/home/user/.m2/repository/org/apache/curator/curator-recipes/2.12.0/curator-recipes-2.12.0.jar:/home/user/.m2/repository/com/google/code/findbugs/jsr305/3.0.0/jsr305-3.0.0.jar:/home/user/.m2/repository/org/apache/htrace/htrace-core4/4.1.0-incubating/htrace-core4-4.1.0-incubating.jar:/home/user/.m2/repository/org/apache/zookeeper/zookeeper/3.4.13/zookeeper-3.4.13.jar:/home/user/.m2/repository/org/apache/yetus/audience-annotations/0.5.0/audience-annotations-0.5.0.jar:/home/user/.m2/repository/org/codehaus/woodstox/stax2-api/3.1.4/stax2-api-3.1.4.jar:/home/user/.m2/repository/com/fasterxml/woodstox/woodstox-core/5.0.3/woodstox-core-5.0.3.jar:/home/user/.m2/repository/dnsjava/dnsjava/2.1.7/dnsjava-2.1.7.jar:/home/user/.m2/repository/org/apache/hadoop/hadoop-hdfs/3.2.0/hadoop-hdfs-3.2.0-tests.jar:/home/user/.m2/repository/org/eclipse/jetty/jetty-util-ajax/9.3.24.v20180605/jetty-util-ajax-9.3.24.v20180605.jar:/home/user/.m2/repository/commons-daemon/commons-daemon/1.0.13/commons-daemon-1.0.13.jar:/home/user/.m2/repository/io/netty/netty/3.10.5.Final/netty-3.10.5.Final.jar:/home/user/.m2/repository/io/netty/netty-all/4.0.52.Final/netty-all-4.0.52.Final.jar:/home/user/.m2/repository/org/fusesource/leveldbjni/leveldbjni-all/1.8/leveldbjni-all-1.8.jar:"/>
    <property name="sun.cpu.endian" value="little"/>
    <property name="user.home" value="/home/user"/>
    <property name="user.language" value="en"/>
    <property name="java.specification.vendor" value="Oracle Corporation"/>
    <property name="java.home" value="/usr/lib/jvm/java-1.8-openjdk/jre"/>
    <property name="java.security.krb5.conf" value="/workdir/hadoop-ozone/integration-test/target/test-classes/krb5.conf"/>
    <property name="basedir" value="/workdir/hadoop-ozone/integration-test"/>
    <property name="file.separator" value="/"/>
    <property name="line.separator" value="&#10;"/>
    <property name="java.vm.specification.vendor" value="Oracle Corporation"/>
    <property name="java.specification.name" value="Java Platform API Specification"/>
    <property name="java.awt.graphicsenv" value="sun.awt.X11GraphicsEnvironment"/>
    <property name="surefire.real.class.path" value="/workdir/hadoop-ozone/integration-test/target/surefire/surefirebooter2265555452244585258.jar"/>
    <property name="hadoop.log.dir" value="/workdir/hadoop-ozone/integration-test/target/log"/>
    <property name="sun.boot.class.path" value="/usr/lib/jvm/java-1.8-openjdk/jre/lib/resources.jar:/usr/lib/jvm/java-1.8-openjdk/jre/lib/rt.jar:/usr/lib/jvm/java-1.8-openjdk/jre/lib/sunrsasign.jar:/usr/lib/jvm/java-1.8-openjdk/jre/lib/jsse.jar:/usr/lib/jvm/java-1.8-openjdk/jre/lib/jce.jar:/usr/lib/jvm/java-1.8-openjdk/jre/lib/charsets.jar:/usr/lib/jvm/java-1.8-openjdk/jre/lib/jfr.jar:/usr/lib/jvm/java-1.8-openjdk/jre/classes"/>
    <property name="sun.management.compiler" value="HotSpot 64-Bit Tiered Compilers"/>
    <property name="java.runtime.version" value="1.8.0_212-b04"/>
    <property name="java.net.preferIPv4Stack" value="true"/>
    <property name="user.name" value="jenkins1000"/>
    <property name="path.separator" value=":"/>
    <property name="java.security.egd" value="file:///dev/urandom"/>
    <property name="os.version" value="3.10.0-957.12.2.el7.x86_64"/>
    <property name="java.endorsed.dirs" value="/usr/lib/jvm/java-1.8-openjdk/jre/lib/endorsed"/>
    <property name="java.runtime.name" value="OpenJDK Runtime Environment"/>
    <property name="file.encoding" value="UTF-8"/>
    <property name="java.vm.name" value="OpenJDK 64-Bit Server VM"/>
    <property name="test.build.webapps" value=""/>
    <property name="localRepository" value="/home/user/.m2/repository"/>
    <property name="java.vendor.url.bug" value="https://icedtea.classpath.org/bugzilla"/>
    <property name="java.io.tmpdir" value="/tmp"/>
    <property name="require.test.libhadoop" value=""/>
    <property name="java.version" value="1.8.0_212"/>
    <property name="user.dir" value="/workdir/hadoop-ozone/integration-test"/>
    <property name="os.arch" value="amd64"/>
    <property name="java.vm.specification.name" value="Java Virtual Machine Specification"/>
    <property name="test.build.classes" value="/workdir/hadoop-ozone/integration-test/target/test-classes"/>
    <property name="java.awt.printerjob" value="sun.print.PSPrinterJob"/>
    <property name="sun.os.patch.level" value="unknown"/>
    <property name="hadoop.tmp.dir" value="/workdir/hadoop-ozone/integration-test/target/tmp"/>
    <property name="java.library.path" value="/usr/lib/jvm/java-1.8-openjdk/jre/lib/amd64/server:/usr/lib/jvm/java-1.8-openjdk/jre/lib/amd64:/usr/lib/jvm/java-1.8-openjdk/jre/../lib/amd64:/workdir/hadoop-ozone/integration-test/target/native/target/usr/local/lib:/workdir/hadoop-ozone/integration-test/../../hadoop-common-project/hadoop-common/target/native/target/usr/local/lib:/usr/java/packages/lib/amd64:/usr/lib64:/lib64:/lib:/usr/lib"/>
    <property name="java.vm.info" value="mixed mode"/>
    <property name="java.vendor" value="IcedTea"/>
    <property name="java.vm.version" value="25.212-b04"/>
    <property name="java.ext.dirs" value="/usr/lib/jvm/java-1.8-openjdk/jre/lib/ext:/usr/java/packages/lib/ext"/>
    <property name="sun.io.unicode.encoding" value="UnicodeLittle"/>
    <property name="java.class.version" value="52.0"/>
  </properties>
  <testcase name="test" classname="org.apache.hadoop.ozone.scm.TestSCMContainerPlacementPolicyMetrics" time="97.537">
    <error message="test timed out after 60000 milliseconds" type="java.lang.Exception">java.lang.Exception: test timed out after 60000 milliseconds
	at java.lang.Thread.sleep(Native Method)
	at org.apache.hadoop.ozone.scm.TestSCMContainerPlacementPolicyMetrics.test(TestSCMContainerPlacementPolicyMetrics.java:134)
	at sun.reflect.NativeMethodAccessorImpl.invoke0(Native Method)
	at sun.reflect.NativeMethodAccessorImpl.invoke(NativeMethodAccessorImpl.java:62)
	at sun.reflect.DelegatingMethodAccessorImpl.invoke(DelegatingMethodAccessorImpl.java:43)
	at java.lang.reflect.Method.invoke(Method.java:498)
	at org.junit.runners.model.FrameworkMethod$1.runReflectiveCall(FrameworkMethod.java:47)
	at org.junit.internal.runners.model.ReflectiveCallable.run(ReflectiveCallable.java:12)
	at org.junit.runners.model.FrameworkMethod.invokeExplosively(FrameworkMethod.java:44)
	at org.junit.internal.runners.statements.InvokeMethod.evaluate(InvokeMethod.java:17)
	at org.junit.internal.runners.statements.FailOnTimeout$StatementThread.run(FailOnTimeout.java:74)
</error>
    <system-out><![CDATA[2019-09-16 15:20:51,367 [main] WARN  server.ServerUtils (ServerUtils.java:getScmDbDir(145)) - ozone.scm.db.dirs is not configured. We recommend adding this setting. Falling back to ozone.metadata.dirs instead.
2019-09-16 15:20:51,860 [main] WARN  server.ServerUtils (ServerUtils.java:getScmDbDir(145)) - ozone.scm.db.dirs is not configured. We recommend adding this setting. Falling back to ozone.metadata.dirs instead.
2019-09-16 15:20:51,864 [main] WARN  server.ServerUtils (ServerUtils.java:getScmDbDir(145)) - ozone.scm.db.dirs is not configured. We recommend adding this setting. Falling back to ozone.metadata.dirs instead.
2019-09-16 15:20:51,887 [main] INFO  util.log (Log.java:initialized(192)) - Logging initialized @1241ms
2019-09-16 15:20:51,991 [main] INFO  db.DBStoreBuilder (DBStoreBuilder.java:addTable(110)) - using custom profile for table: deletedBlocks
2019-09-16 15:20:51,992 [main] INFO  db.DBStoreBuilder (DBStoreBuilder.java:processTables(161)) - Using default column profile:DBProfile.DISK for Table:deletedBlocks
2019-09-16 15:20:51,992 [main] INFO  db.DBStoreBuilder (DBStoreBuilder.java:addTable(110)) - using custom profile for table: validCerts
2019-09-16 15:20:51,993 [main] INFO  db.DBStoreBuilder (DBStoreBuilder.java:processTables(161)) - Using default column profile:DBProfile.DISK for Table:validCerts
2019-09-16 15:20:51,994 [main] INFO  db.DBStoreBuilder (DBStoreBuilder.java:addTable(110)) - using custom profile for table: revokedCerts
2019-09-16 15:20:51,994 [main] INFO  db.DBStoreBuilder (DBStoreBuilder.java:processTables(161)) - Using default column profile:DBProfile.DISK for Table:revokedCerts
2019-09-16 15:20:52,008 [main] INFO  db.DBStoreBuilder (DBStoreBuilder.java:addTable(110)) - using custom profile for table: default
2019-09-16 15:20:52,008 [main] INFO  db.DBStoreBuilder (DBStoreBuilder.java:processTables(167)) - Using default column profile:DBProfile.DISK for Table:default
2019-09-16 15:20:52,009 [main] INFO  db.DBStoreBuilder (DBStoreBuilder.java:getDbProfile(198)) - Using default options. DBProfile.DISK
2019-09-16 15:20:54,865 [main] INFO  net.NodeSchemaLoader (NodeSchemaLoader.java:loadSchemaFromFile(125)) - Loading file from sun.misc.CompoundEnumeration@1bb5a082
2019-09-16 15:20:54,869 [main] INFO  net.NodeSchemaLoader (NodeSchemaLoader.java:loadSchema(171)) - Loading network topology layer schema file
2019-09-16 15:20:54,959 [main] WARN  server.ServerUtils (ServerUtils.java:sanitizeUserArgs(70)) - ozone.scm.stale.node.interval value = 300000 is larger than max = 100000 based on the key value of ozone.scm.heartbeat.thread.interval, reset to the max value 100000.
2019-09-16 15:20:54,961 [main] WARN  server.ServerUtils (ServerUtils.java:sanitizeUserArgs(70)) - ozone.scm.stale.node.interval value = 300000 is larger than max = 100000 based on the key value of ozone.scm.heartbeat.thread.interval, reset to the max value 100000.
2019-09-16 15:20:54,964 [main] INFO  node.SCMNodeManager (SCMNodeManager.java:<init>(114)) - Entering startup safe mode.
2019-09-16 15:20:55,032 [main] INFO  Configuration.deprecation (Configuration.java:logDeprecation(1394)) - hadoop.configured.node.mapping is deprecated. Instead, use net.topology.configured.node.mapping
2019-09-16 15:20:55,037 [main] INFO  algorithms.ContainerPlacementPolicyFactory (ContainerPlacementPolicyFactory.java:getPolicy(57)) - Create container placement policy of type org.apache.hadoop.hdds.scm.container.placement.algorithms.SCMContainerPlacementRackAware
2019-09-16 15:20:55,052 [main] WARN  server.ServerUtils (ServerUtils.java:getScmDbDir(145)) - ozone.scm.db.dirs is not configured. We recommend adding this setting. Falling back to ozone.metadata.dirs instead.
2019-09-16 15:20:56,217 [main] INFO  pipeline.SCMPipelineManager (SCMPipelineManager.java:initializePipelineState(128)) - No pipeline exists in current db
2019-09-16 15:20:56,221 [main] WARN  server.ServerUtils (ServerUtils.java:getScmDbDir(145)) - ozone.scm.db.dirs is not configured. We recommend adding this setting. Falling back to ozone.metadata.dirs instead.
2019-09-16 15:21:04,176 [main] WARN  events.EventQueue (EventQueue.java:fireEvent(183)) - No event handler registered for event TypedEvent{payloadType=SafeModeStatus, name='SafeModeStatus'}
2019-09-16 15:21:04,551 [main] INFO  ipc.CallQueueManager (CallQueueManager.java:<init>(84)) - Using callQueue: class java.util.concurrent.LinkedBlockingQueue, queueCapacity: 2000, scheduler: class org.apache.hadoop.ipc.DefaultRpcScheduler, ipcBackoff: false.
2019-09-16 15:21:04,579 [Socket Reader #1 for port 39103] INFO  ipc.Server (Server.java:run(1074)) - Starting Socket Reader #1 for port 39103
2019-09-16 15:21:04,744 [main] INFO  ipc.CallQueueManager (CallQueueManager.java:<init>(84)) - Using callQueue: class java.util.concurrent.LinkedBlockingQueue, queueCapacity: 2000, scheduler: class org.apache.hadoop.ipc.DefaultRpcScheduler, ipcBackoff: false.
2019-09-16 15:21:04,745 [Socket Reader #1 for port 37422] INFO  ipc.Server (Server.java:run(1074)) - Starting Socket Reader #1 for port 37422
2019-09-16 15:21:04,753 [main] INFO  ipc.CallQueueManager (CallQueueManager.java:<init>(84)) - Using callQueue: class java.util.concurrent.LinkedBlockingQueue, queueCapacity: 2000, scheduler: class org.apache.hadoop.ipc.DefaultRpcScheduler, ipcBackoff: false.
2019-09-16 15:21:04,754 [Socket Reader #1 for port 43834] INFO  ipc.Server (Server.java:run(1074)) - Starting Socket Reader #1 for port 43834
2019-09-16 15:21:04,773 [main] INFO  hdfs.DFSUtil (DFSUtil.java:httpServerTemplateForNNAndJN(1641)) - Starting Web-server for scm at: http://0.0.0.0:0
2019-09-16 15:21:04,921 [main] INFO  server.AuthenticationFilter (AuthenticationFilter.java:constructSecretProvider(240)) - Unable to initialize FileSignerSecretProvider, falling back to use random secrets.
2019-09-16 15:21:04,931 [main] WARN  http.HttpRequestLog (HttpRequestLog.java:getRequestLog(97)) - Jetty request log can only be enabled using Log4j
2019-09-16 15:21:04,939 [main] INFO  http.HttpServer2 (HttpServer2.java:addGlobalFilter(975)) - Added global filter 'safety' (class=org.apache.hadoop.http.HttpServer2$QuotingInputFilter)
2019-09-16 15:21:04,942 [main] INFO  http.HttpServer2 (HttpServer2.java:addFilter(948)) - Added filter static_user_filter (class=org.apache.hadoop.http.lib.StaticUserWebFilter$StaticUserFilter) to context scm
2019-09-16 15:21:04,942 [main] INFO  http.HttpServer2 (HttpServer2.java:addFilter(958)) - Added filter static_user_filter (class=org.apache.hadoop.http.lib.StaticUserWebFilter$StaticUserFilter) to context static
2019-09-16 15:21:04,942 [main] INFO  http.HttpServer2 (HttpServer2.java:addFilter(958)) - Added filter static_user_filter (class=org.apache.hadoop.http.lib.StaticUserWebFilter$StaticUserFilter) to context logs
2019-09-16 15:21:04,975 [main] INFO  server.StorageContainerManager (StorageContainerManager.java:start(763)) - StorageContainerLocationProtocol RPC server is listening at /0.0.0.0:43834
2019-09-16 15:21:05,037 [main] WARN  impl.MetricsConfig (MetricsConfig.java:loadFirst(134)) - Cannot locate configuration: tried hadoop-metrics2-storagecontainermanager.properties,hadoop-metrics2.properties
2019-09-16 15:21:05,050 [main] INFO  impl.MetricsSystemImpl (MetricsSystemImpl.java:startTimer(374)) - Scheduled Metric snapshot period at 10 second(s).
2019-09-16 15:21:05,050 [main] INFO  impl.MetricsSystemImpl (MetricsSystemImpl.java:start(191)) - StorageContainerManager metrics system started
2019-09-16 15:21:05,279 [main] INFO  server.SCMClientProtocolServer (SCMClientProtocolServer.java:start(151)) - RPC server for Client  is listening at /0.0.0.0:43834
2019-09-16 15:21:05,280 [IPC Server Responder] INFO  ipc.Server (Server.java:run(1314)) - IPC Server Responder: starting
2019-09-16 15:21:05,280 [IPC Server listener on 43834] INFO  ipc.Server (Server.java:run(1153)) - IPC Server listener on 43834: starting
2019-09-16 15:21:05,282 [main] INFO  server.StorageContainerManager (StorageContainerManager.java:start(773)) - ScmBlockLocationProtocol RPC server is listening at /0.0.0.0:37422
2019-09-16 15:21:05,284 [main] INFO  server.SCMBlockProtocolServer (SCMBlockProtocolServer.java:start(146)) - RPC server for Block Protocol is listening at /0.0.0.0:37422
2019-09-16 15:21:05,284 [IPC Server Responder] INFO  ipc.Server (Server.java:run(1314)) - IPC Server Responder: starting
2019-09-16 15:21:05,284 [IPC Server listener on 37422] INFO  ipc.Server (Server.java:run(1153)) - IPC Server listener on 37422: starting
2019-09-16 15:21:05,287 [main] INFO  server.StorageContainerManager (StorageContainerManager.java:start(777)) - ScmDatanodeProtocl RPC server is listening at /0.0.0.0:39103
2019-09-16 15:21:05,287 [main] INFO  server.SCMDatanodeProtocolServer (SCMDatanodeProtocolServer.java:start(191)) - RPC server for DataNodes is listening at /0.0.0.0:39103
2019-09-16 15:21:05,287 [IPC Server Responder] INFO  ipc.Server (Server.java:run(1314)) - IPC Server Responder: starting
2019-09-16 15:21:05,287 [IPC Server listener on 39103] INFO  ipc.Server (Server.java:run(1153)) - IPC Server listener on 39103: starting
2019-09-16 15:21:05,291 [main] INFO  http.HttpServer2 (HttpServer2.java:bindListener(1191)) - Jetty bound to port 36634
2019-09-16 15:21:05,293 [main] INFO  server.Server (Server.java:doStart(351)) - jetty-9.3.24.v20180605, build timestamp: 2018-06-05T17:11:56Z, git hash: 84205aa28f11a4f31f2a3b86d1bba2cc8ab69827
2019-09-16 15:21:05,328 [main] INFO  handler.ContextHandler (ContextHandler.java:doStart(781)) - Started o.e.j.s.ServletContextHandler@45815ffc{/logs,file:///workdir/hadoop-ozone/integration-test/target/log,AVAILABLE}
2019-09-16 15:21:05,329 [main] INFO  handler.ContextHandler (ContextHandler.java:doStart(781)) - Started o.e.j.s.ServletContextHandler@d3957fe{/static,file:///workdir/hadoop-ozone/integration-test/target/test-classes/webapps/static,AVAILABLE}
2019-09-16 15:21:05,359 [main] INFO  handler.ContextHandler (ContextHandler.java:doStart(781)) - Started o.e.j.w.WebAppContext@4cc547a{/,file:///workdir/hadoop-ozone/integration-test/target/test-classes/webapps/scm/,AVAILABLE}{/scm}
2019-09-16 15:21:05,365 [main] INFO  server.AbstractConnector (AbstractConnector.java:doStart(278)) - Started ServerConnector@3574e198{HTTP/1.1,[http/1.1]}{0.0.0.0:36634}
2019-09-16 15:21:05,366 [main] INFO  server.Server (Server.java:doStart(419)) - Started @14720ms
2019-09-16 15:21:05,367 [main] INFO  impl.MetricsSinkAdapter (MetricsSinkAdapter.java:start(204)) - Sink prometheus started
2019-09-16 15:21:05,368 [main] INFO  impl.MetricsSystemImpl (MetricsSystemImpl.java:registerSink(301)) - Registered sink prometheus
2019-09-16 15:21:05,369 [main] INFO  server.BaseHttpServer (BaseHttpServer.java:updateConnectorAddress(215)) - HTTP server of SCM is listening at http://0.0.0.0:36634
2019-09-16 15:21:05,374 [org.apache.hadoop.util.JvmPauseMonitor$Monitor@67427b69] INFO  util.JvmPauseMonitor (JvmPauseMonitor.java:run(188)) - Starting JVM pause monitor
2019-09-16 15:21:05,378 [main] WARN  server.ServerUtils (ServerUtils.java:getDBPath(222)) - ozone.om.db.dirs is not configured. We recommend adding this setting. Falling back to ozone.metadata.dirs instead.
2019-09-16 15:21:05,691 [main] WARN  server.ServerUtils (ServerUtils.java:getDBPath(222)) - ozone.om.db.dirs is not configured. We recommend adding this setting. Falling back to ozone.metadata.dirs instead.
2019-09-16 15:21:05,691 [main] WARN  server.ServerUtils (ServerUtils.java:getDBPath(222)) - ozone.om.db.dirs is not configured. We recommend adding this setting. Falling back to ozone.metadata.dirs instead.
2019-09-16 15:21:05,692 [main] INFO  om.OzoneManager (OzoneManager.java:setOMNodeDetails(650)) - OM Service ID is not set. Setting it to the default ID: omServiceIdDefault
2019-09-16 15:21:05,692 [main] INFO  om.OzoneManager (OzoneManager.java:setOMNodeDetails(656)) - OM Node ID is not set. Setting it to the OmStorage's OmID: 0e601f2c-4789-4689-89b6-3bff7faac922
2019-09-16 15:21:05,694 [main] INFO  om.OzoneManager (OzoneManager.java:loadOMHAConfigs(607)) - Found matching OM address with OMServiceId: null, OMNodeId: null, RPC Address: localhost:0 and Ratis port: 9872
2019-09-16 15:21:06,386 [main] WARN  server.ServerUtils (ServerUtils.java:getDBPath(222)) - ozone.om.db.dirs is not configured. We recommend adding this setting. Falling back to ozone.metadata.dirs instead.
2019-09-16 15:21:06,393 [main] INFO  db.DBStoreBuilder (DBStoreBuilder.java:addTable(110)) - using custom profile for table: userTable
2019-09-16 15:21:06,394 [main] INFO  db.DBStoreBuilder (DBStoreBuilder.java:processTables(161)) - Using default column profile:DBProfile.DISK for Table:userTable
2019-09-16 15:21:06,394 [main] INFO  db.DBStoreBuilder (DBStoreBuilder.java:addTable(110)) - using custom profile for table: volumeTable
2019-09-16 15:21:06,394 [main] INFO  db.DBStoreBuilder (DBStoreBuilder.java:processTables(161)) - Using default column profile:DBProfile.DISK for Table:volumeTable
2019-09-16 15:21:06,394 [main] INFO  db.DBStoreBuilder (DBStoreBuilder.java:addTable(110)) - using custom profile for table: bucketTable
2019-09-16 15:21:06,395 [main] INFO  db.DBStoreBuilder (DBStoreBuilder.java:processTables(161)) - Using default column profile:DBProfile.DISK for Table:bucketTable
2019-09-16 15:21:06,395 [main] INFO  db.DBStoreBuilder (DBStoreBuilder.java:addTable(110)) - using custom profile for table: keyTable
2019-09-16 15:21:06,395 [main] INFO  db.DBStoreBuilder (DBStoreBuilder.java:processTables(161)) - Using default column profile:DBProfile.DISK for Table:keyTable
2019-09-16 15:21:06,395 [main] INFO  db.DBStoreBuilder (DBStoreBuilder.java:addTable(110)) - using custom profile for table: deletedTable
2019-09-16 15:21:06,396 [main] INFO  db.DBStoreBuilder (DBStoreBuilder.java:processTables(161)) - Using default column profile:DBProfile.DISK for Table:deletedTable
2019-09-16 15:21:06,396 [main] INFO  db.DBStoreBuilder (DBStoreBuilder.java:addTable(110)) - using custom profile for table: openKeyTable
2019-09-16 15:21:06,396 [main] INFO  db.DBStoreBuilder (DBStoreBuilder.java:processTables(161)) - Using default column profile:DBProfile.DISK for Table:openKeyTable
2019-09-16 15:21:06,396 [main] INFO  db.DBStoreBuilder (DBStoreBuilder.java:addTable(110)) - using custom profile for table: s3Table
2019-09-16 15:21:06,397 [main] INFO  db.DBStoreBuilder (DBStoreBuilder.java:processTables(161)) - Using default column profile:DBProfile.DISK for Table:s3Table
2019-09-16 15:21:06,397 [main] INFO  db.DBStoreBuilder (DBStoreBuilder.java:addTable(110)) - using custom profile for table: multipartInfoTable
2019-09-16 15:21:06,397 [main] INFO  db.DBStoreBuilder (DBStoreBuilder.java:processTables(161)) - Using default column profile:DBProfile.DISK for Table:multipartInfoTable
2019-09-16 15:21:06,397 [main] INFO  db.DBStoreBuilder (DBStoreBuilder.java:addTable(110)) - using custom profile for table: dTokenTable
2019-09-16 15:21:06,397 [main] INFO  db.DBStoreBuilder (DBStoreBuilder.java:processTables(161)) - Using default column profile:DBProfile.DISK for Table:dTokenTable
2019-09-16 15:21:06,398 [main] INFO  db.DBStoreBuilder (DBStoreBuilder.java:addTable(110)) - using custom profile for table: s3SecretTable
2019-09-16 15:21:06,398 [main] INFO  db.DBStoreBuilder (DBStoreBuilder.java:processTables(161)) - Using default column profile:DBProfile.DISK for Table:s3SecretTable
2019-09-16 15:21:06,398 [main] INFO  db.DBStoreBuilder (DBStoreBuilder.java:addTable(110)) - using custom profile for table: prefixTable
2019-09-16 15:21:06,398 [main] INFO  db.DBStoreBuilder (DBStoreBuilder.java:processTables(161)) - Using default column profile:DBProfile.DISK for Table:prefixTable
2019-09-16 15:21:06,399 [main] INFO  db.DBStoreBuilder (DBStoreBuilder.java:addTable(110)) - using custom profile for table: default
2019-09-16 15:21:06,399 [main] INFO  db.DBStoreBuilder (DBStoreBuilder.java:processTables(167)) - Using default column profile:DBProfile.DISK for Table:default
2019-09-16 15:21:06,399 [main] INFO  db.DBStoreBuilder (DBStoreBuilder.java:getDbProfile(198)) - Using default options. DBProfile.DISK
2019-09-16 15:21:11,128 [KeyDeletingService#0] WARN  utils.BackgroundService (BackgroundService.java:lambda$run$0(135)) - Background task fails to execute, retrying in next interval
java.util.concurrent.ExecutionException: java.lang.NullPointerException
	at java.util.concurrent.FutureTask.report(FutureTask.java:122)
	at java.util.concurrent.FutureTask.get(FutureTask.java:206)
	at org.apache.hadoop.utils.BackgroundService$PeriodicalTask.lambda$run$0(BackgroundService.java:129)
	at java.util.stream.ForEachOps$ForEachOp$OfRef.accept(ForEachOps.java:184)
	at java.util.ArrayList$ArrayListSpliterator.forEachRemaining(ArrayList.java:1382)
	at java.util.stream.AbstractPipeline.copyInto(AbstractPipeline.java:482)
	at java.util.stream.ForEachOps$ForEachTask.compute(ForEachOps.java:291)
	at java.util.concurrent.CountedCompleter.exec(CountedCompleter.java:731)
	at java.util.concurrent.ForkJoinTask.doExec(ForkJoinTask.java:289)
	at java.util.concurrent.ForkJoinTask.doInvoke(ForkJoinTask.java:401)
	at java.util.concurrent.ForkJoinTask.invoke(ForkJoinTask.java:734)
	at java.util.stream.ForEachOps$ForEachOp.evaluateParallel(ForEachOps.java:160)
	at java.util.stream.ForEachOps$ForEachOp$OfRef.evaluateParallel(ForEachOps.java:174)
	at java.util.stream.AbstractPipeline.evaluate(AbstractPipeline.java:233)
	at java.util.stream.ReferencePipeline.forEach(ReferencePipeline.java:418)
	at java.util.stream.ReferencePipeline$Head.forEach(ReferencePipeline.java:583)
	at org.apache.hadoop.utils.BackgroundService$PeriodicalTask.run(BackgroundService.java:125)
	at java.util.concurrent.Executors$RunnableAdapter.call(Executors.java:511)
	at java.util.concurrent.FutureTask.runAndReset(FutureTask.java:308)
	at java.util.concurrent.ScheduledThreadPoolExecutor$ScheduledFutureTask.access$301(ScheduledThreadPoolExecutor.java:180)
	at java.util.concurrent.ScheduledThreadPoolExecutor$ScheduledFutureTask.run(ScheduledThreadPoolExecutor.java:294)
	at java.util.concurrent.ThreadPoolExecutor.runWorker(ThreadPoolExecutor.java:1149)
	at java.util.concurrent.ThreadPoolExecutor$Worker.run(ThreadPoolExecutor.java:624)
	at java.lang.Thread.run(Thread.java:748)
Caused by: java.lang.NullPointerException
	at org.apache.hadoop.ozone.om.OzoneManager.isLeader(OzoneManager.java:3419)
	at org.apache.hadoop.ozone.om.KeyDeletingService.shouldRun(KeyDeletingService.java:120)
	at org.apache.hadoop.ozone.om.KeyDeletingService.access$100(KeyDeletingService.java:58)
	at org.apache.hadoop.ozone.om.KeyDeletingService$KeyDeletingTask.call(KeyDeletingService.java:149)
	at org.apache.hadoop.ozone.om.KeyDeletingService$KeyDeletingTask.call(KeyDeletingService.java:137)
	at java.util.concurrent.FutureTask.run(FutureTask.java:266)
	at java.util.concurrent.Executors$RunnableAdapter.call(Executors.java:511)
	at java.util.concurrent.FutureTask.run(FutureTask.java:266)
	at java.util.concurrent.Executors$RunnableAdapter.call(Executors.java:511)
	at java.util.concurrent.FutureTask.run(FutureTask.java:266)
	at java.util.concurrent.ScheduledThreadPoolExecutor$ScheduledFutureTask.access$201(ScheduledThreadPoolExecutor.java:180)
	at java.util.concurrent.ScheduledThreadPoolExecutor$ScheduledFutureTask.run(ScheduledThreadPoolExecutor.java:293)
	... 3 more
2019-09-16 15:21:11,159 [main] WARN  scm.HddsServerUtil (HddsServerUtil.java:getDefaultRatisDirectory(354)) - Storage directory for Ratis is not configured. It is a good idea to map this to an SSD disk. Falling back to ozone.metadata.dirs
2019-09-16 15:21:11,183 [main] INFO  ratis.OzoneManagerRatisServer (OzoneManagerRatisServer.java:<init>(241)) - Instantiating OM Ratis server with GroupID: omServiceIdDefault and Raft Peers: localhost:9872
2019-09-16 15:21:11,337 [main] INFO  impl.RaftServerProxy (ConfUtils.java:logGet(43)) - raft.rpc.type = GRPC (default)
2019-09-16 15:21:11,408 [main] INFO  grpc.GrpcFactory (GrpcFactory.java:checkPooledByteBufAllocatorUseCacheForAllThreads(45)) - PERFORMANCE WARNING: useCacheForAllThreads is true that may cause Netty to create a lot garbage objects and, as a result, trigger GC.
	It is recommended to disable useCacheForAllThreads by setting -Dorg.apache.ratis.thirdparty.io.netty.allocator.useCacheForAllThreads=false in command line.
2019-09-16 15:21:11,414 [main] INFO  grpc.GrpcConfigKeys$Server (ConfUtils.java:logGet(43)) - raft.grpc.server.port = 9872 (custom)
2019-09-16 15:21:11,415 [main] INFO  server.GrpcService (ConfUtils.java:logGet(43)) - raft.grpc.message.size.max = 33554432 (custom)
2019-09-16 15:21:11,416 [main] INFO  server.RaftServerConfigKeys (ConfUtils.java:logGet(43)) - raft.server.log.appender.buffer.byte-limit = 33554432 (custom)
2019-09-16 15:21:11,417 [main] INFO  server.GrpcService (ConfUtils.java:logGet(43)) - raft.grpc.flow.control.window = 1MB (=1048576) (default)
2019-09-16 15:21:11,418 [main] INFO  server.RaftServerConfigKeys (ConfUtils.java:logGet(43)) - raft.server.rpc.request.timeout = 3000ms (default)
2019-09-16 15:21:11,582 [main] INFO  server.RaftServerConfigKeys (ConfUtils.java:logGet(43)) - raft.server.storage.dir = [/workdir/hadoop-ozone/integration-test/target/test-dir/MiniOzoneClusterImpl-76fa9ddc-256d-4f33-8a89-44c31ad7a3c7/ozone-meta/ratis] (custom)
2019-09-16 15:21:11,589 [main] INFO  impl.RaftServerProxy (RaftServerProxy.java:addNew(89)) - 0e601f2c-4789-4689-89b6-3bff7faac922: addNew group-C5BA1605619E:[0e601f2c-4789-4689-89b6-3bff7faac922:localhost:9872] returns group-C5BA1605619E:java.util.concurrent.CompletableFuture@7026b7ee[Not completed]
2019-09-16 15:21:11,591 [main] INFO  om.OzoneManager (OzoneManager.java:initializeRatisServer(1383)) - OzoneManager Ratis server initialized at port 9872
2019-09-16 15:21:11,592 [main] WARN  scm.HddsServerUtil (HddsServerUtil.java:getDefaultRatisDirectory(354)) - Storage directory for Ratis is not configured. It is a good idea to map this to an SSD disk. Falling back to ozone.metadata.dirs
2019-09-16 15:21:11,593 [main] WARN  scm.HddsServerUtil (HddsServerUtil.java:getDefaultRatisDirectory(354)) - Storage directory for Ratis is not configured. It is a good idea to map this to an SSD disk. Falling back to ozone.metadata.dirs
2019-09-16 15:21:11,599 [pool-22-thread-1] INFO  impl.RaftServerImpl (RaftServerImpl.java:<init>(95)) - 0e601f2c-4789-4689-89b6-3bff7faac922: new RaftServerImpl for group-C5BA1605619E:[0e601f2c-4789-4689-89b6-3bff7faac922:localhost:9872] with OzoneManagerStateMachine:uninitialized
2019-09-16 15:21:11,600 [pool-22-thread-1] INFO  server.RaftServerConfigKeys (ConfUtils.java:logGet(43)) - raft.server.rpc.timeout.min = 1s (custom)
2019-09-16 15:21:11,601 [pool-22-thread-1] INFO  server.RaftServerConfigKeys (ConfUtils.java:logGet(43)) - raft.server.rpc.timeout.max = 1200ms (custom)
2019-09-16 15:21:11,601 [pool-22-thread-1] INFO  server.RaftServerConfigKeys (ConfUtils.java:logGet(43)) - raft.server.rpcslowness.timeout = 120s (custom)
2019-09-16 15:21:11,601 [pool-22-thread-1] INFO  server.RaftServerConfigKeys (ConfUtils.java:logGet(43)) - raft.server.sleep.deviation.threshold = 300 (default)
2019-09-16 15:21:11,602 [pool-22-thread-1] INFO  server.RaftServerConfigKeys (ConfUtils.java:logGet(43)) - raft.server.log.appender.install.snapshot.enabled = false (custom)
2019-09-16 15:21:11,607 [main] INFO  ipc.CallQueueManager (CallQueueManager.java:<init>(84)) - Using callQueue: class java.util.concurrent.LinkedBlockingQueue, queueCapacity: 2000, scheduler: class org.apache.hadoop.ipc.DefaultRpcScheduler, ipcBackoff: false.
2019-09-16 15:21:11,608 [Socket Reader #1 for port 33265] INFO  ipc.Server (Server.java:run(1074)) - Starting Socket Reader #1 for port 33265
2019-09-16 15:21:11,609 [pool-22-thread-1] INFO  impl.RaftServerImpl (ServerState.java:<init>(103)) - 0e601f2c-4789-4689-89b6-3bff7faac922@group-C5BA1605619E: ConfigurationManager, init=-1: [0e601f2c-4789-4689-89b6-3bff7faac922:localhost:9872], old=null, confs=<EMPTY_MAP>
2019-09-16 15:21:11,609 [pool-22-thread-1] INFO  server.RaftServerConfigKeys (ConfUtils.java:logGet(43)) - raft.server.storage.dir = [/workdir/hadoop-ozone/integration-test/target/test-dir/MiniOzoneClusterImpl-76fa9ddc-256d-4f33-8a89-44c31ad7a3c7/ozone-meta/ratis] (custom)
2019-09-16 15:21:11,618 [pool-22-thread-1] INFO  storage.RaftStorageDirectory (RaftStorageDirectory.java:analyzeStorage(246)) - The storage directory /workdir/hadoop-ozone/integration-test/target/test-dir/MiniOzoneClusterImpl-76fa9ddc-256d-4f33-8a89-44c31ad7a3c7/ozone-meta/ratis/bf265839-605b-3f16-9796-c5ba1605619e does not exist. Creating ...
2019-09-16 15:21:11,627 [main] INFO  om.OzoneManager (OzoneManager.java:start(1241)) - OzoneManager RPC server is listening at localhost/127.0.0.1:33265
2019-09-16 15:21:11,627 [main] INFO  impl.MetricsSystemImpl (MetricsSystemImpl.java:init(158)) - OzoneManager metrics system started (again)
2019-09-16 15:21:11,627 [main] INFO  ratis.OzoneManagerRatisServer (OzoneManagerRatisServer.java:start(331)) - Starting OzoneManagerRatisServer 0e601f2c-4789-4689-89b6-3bff7faac922 at port 9872
2019-09-16 15:21:11,653 [pool-22-thread-1] INFO  storage.RaftStorageDirectory (RaftStorageDirectory.java:tryLock(328)) - Lock on /workdir/hadoop-ozone/integration-test/target/test-dir/MiniOzoneClusterImpl-76fa9ddc-256d-4f33-8a89-44c31ad7a3c7/ozone-meta/ratis/bf265839-605b-3f16-9796-c5ba1605619e/in_use.lock acquired by nodename 10303@pr-hdds-1054-fkf2j-3502855176
2019-09-16 15:21:11,686 [pool-22-thread-1] INFO  storage.RaftStorage (RaftStorage.java:format(72)) - Storage directory /workdir/hadoop-ozone/integration-test/target/test-dir/MiniOzoneClusterImpl-76fa9ddc-256d-4f33-8a89-44c31ad7a3c7/ozone-meta/ratis/bf265839-605b-3f16-9796-c5ba1605619e has been successfully formatted.
2019-09-16 15:21:11,690 [pool-22-thread-1] INFO  server.RaftServerConfigKeys (ConfUtils.java:logGet(43)) - raft.server.notification.no-leader.timeout = 120s (custom)
2019-09-16 15:21:11,693 [pool-22-thread-1] INFO  server.RaftServerConfigKeys (ConfUtils.java:logGet(43)) - raft.server.log.use.memory = false (default)
2019-09-16 15:21:11,698 [pool-22-thread-1] INFO  server.RaftServerConfigKeys (ConfUtils.java:logGet(43)) - raft.server.log.purge.gap = 1000000 (custom)
2019-09-16 15:21:11,698 [pool-22-thread-1] INFO  server.RaftServerConfigKeys (ConfUtils.java:logGet(43)) - raft.server.log.appender.buffer.byte-limit = 33554432 (custom)
2019-09-16 15:21:11,700 [pool-22-thread-1] INFO  server.RaftServerConfigKeys (ConfUtils.java:logGet(43)) - raft.server.log.segment.size.max = 16384 (custom)
2019-09-16 15:21:11,704 [pool-22-thread-1] INFO  server.RaftServerConfigKeys (ConfUtils.java:logGet(43)) - raft.server.log.segment.cache.num.max = 2 (custom)
2019-09-16 15:21:11,709 [pool-22-thread-1] INFO  segmented.SegmentedRaftLogWorker (SegmentedRaftLogWorker.java:<init>(172)) - new 0e601f2c-4789-4689-89b6-3bff7faac922@group-C5BA1605619E-SegmentedRaftLogWorker for RaftStorage:Storage Directory /workdir/hadoop-ozone/integration-test/target/test-dir/MiniOzoneClusterImpl-76fa9ddc-256d-4f33-8a89-44c31ad7a3c7/ozone-meta/ratis/bf265839-605b-3f16-9796-c5ba1605619e
2019-09-16 15:21:11,710 [pool-22-thread-1] INFO  impl.MetricsSystemImpl (MetricsSystemImpl.java:init(158)) - ratis metrics system started (again)
2019-09-16 15:21:11,741 [pool-22-thread-1] INFO  server.RaftServerConfigKeys (ConfUtils.java:logGet(43)) - raft.server.log.queue.byte-limit = 64MB (=67108864) (default)
2019-09-16 15:21:11,741 [pool-22-thread-1] INFO  server.RaftServerConfigKeys (ConfUtils.java:logGet(43)) - raft.server.log.queue.element-limit = 4096 (default)
2019-09-16 15:21:11,744 [pool-22-thread-1] INFO  server.RaftServerConfigKeys (ConfUtils.java:logGet(43)) - raft.server.log.segment.size.max = 16384 (custom)
2019-09-16 15:21:11,745 [pool-22-thread-1] INFO  server.RaftServerConfigKeys (ConfUtils.java:logGet(43)) - raft.server.log.preallocated.size = 16384 (custom)
2019-09-16 15:21:11,745 [pool-22-thread-1] INFO  server.RaftServerConfigKeys (ConfUtils.java:logGet(43)) - raft.server.log.write.buffer.size = 64KB (=65536) (default)
2019-09-16 15:21:11,746 [pool-22-thread-1] INFO  server.RaftServerConfigKeys (ConfUtils.java:logGet(43)) - raft.server.log.force.sync.num = 128 (default)
2019-09-16 15:21:11,747 [pool-22-thread-1] INFO  server.RaftServerConfigKeys (ConfUtils.java:logGet(43)) - raft.server.log.statemachine.data.sync = true (default)
2019-09-16 15:21:11,747 [pool-22-thread-1] INFO  server.RaftServerConfigKeys (ConfUtils.java:logGet(43)) - raft.server.log.statemachine.data.sync.timeout = 10s (default)
2019-09-16 15:21:11,748 [pool-22-thread-1] INFO  server.RaftServerConfigKeys (ConfUtils.java:logGet(43)) - raft.server.log.statemachine.data.sync.timeout.retry = -1 (default)
2019-09-16 15:21:11,755 [pool-22-thread-1] INFO  server.RaftServerConfigKeys (ConfUtils.java:logGet(43)) - raft.server.log.statemachine.data.caching.enabled = false (default)
2019-09-16 15:21:11,760 [pool-22-thread-1] INFO  segmented.SegmentedRaftLogWorker (SegmentedRaftLogWorker.java:lambda$new$0(132)) - 0e601f2c-4789-4689-89b6-3bff7faac922@group-C5BA1605619E-SegmentedRaftLogWorker: flushIndex: setUnconditionally 0 -> -1
2019-09-16 15:21:11,764 [pool-22-thread-1] INFO  server.RaftServerConfigKeys (ConfUtils.java:logGet(43)) - raft.server.snapshot.auto.trigger.enabled = true (custom)
2019-09-16 15:21:11,765 [pool-22-thread-1] INFO  server.RaftServerConfigKeys (ConfUtils.java:logGet(43)) - raft.server.snapshot.auto.trigger.threshold = 400000 (default)
2019-09-16 15:21:11,765 [pool-22-thread-1] INFO  server.RaftServerConfigKeys (ConfUtils.java:logGet(43)) - raft.server.snapshot.retention.num.files = -1 (default)
2019-09-16 15:21:11,766 [pool-22-thread-1] INFO  server.RaftServerConfigKeys (ConfUtils.java:logGet(43)) - raft.server.retrycache.expirytime = 600000ms (custom)
2019-09-16 15:21:11,792 [main] INFO  impl.RaftServerImpl (RaftServerImpl.java:start(185)) - 0e601f2c-4789-4689-89b6-3bff7faac922@group-C5BA1605619E: start as a follower, conf=-1: [0e601f2c-4789-4689-89b6-3bff7faac922:localhost:9872], old=null
2019-09-16 15:21:11,794 [main] INFO  impl.RaftServerImpl (RaftServerImpl.java:setRole(174)) - 0e601f2c-4789-4689-89b6-3bff7faac922@group-C5BA1605619E: changes role from      null to FOLLOWER at term 0 for startAsFollower
2019-09-16 15:21:11,795 [main] INFO  impl.RoleInfo (RoleInfo.java:updateAndGet(143)) - 0e601f2c-4789-4689-89b6-3bff7faac922: start FollowerState
2019-09-16 15:21:11,797 [main] INFO  util.JmxRegister (JmxRegister.java:tryRegister(44)) - Successfully registered JMX Bean with object name Ratis:service=RaftServer,group=group-C5BA1605619E,id=0e601f2c-4789-4689-89b6-3bff7faac922
2019-09-16 15:21:11,798 [main] INFO  impl.RaftServerProxy (RaftServerProxy.java:lambda$start$3(299)) - 0e601f2c-4789-4689-89b6-3bff7faac922: start RPC server
2019-09-16 15:21:11,900 [main] INFO  server.GrpcService (GrpcService.java:startImpl(158)) - 0e601f2c-4789-4689-89b6-3bff7faac922: GrpcService started, listening on 0.0.0.0/0.0.0.0:9872
2019-09-16 15:21:11,912 [IPC Server Responder] INFO  ipc.Server (Server.java:run(1314)) - IPC Server Responder: starting
2019-09-16 15:21:11,912 [IPC Server listener on 33265] INFO  ipc.Server (Server.java:run(1153)) - IPC Server listener on 33265: starting
2019-09-16 15:21:11,919 [main] INFO  hdfs.DFSUtil (DFSUtil.java:httpServerTemplateForNNAndJN(1641)) - Starting Web-server for ozoneManager at: http://0.0.0.0:0
2019-09-16 15:21:11,921 [main] INFO  server.AuthenticationFilter (AuthenticationFilter.java:constructSecretProvider(240)) - Unable to initialize FileSignerSecretProvider, falling back to use random secrets.
2019-09-16 15:21:11,921 [main] WARN  http.HttpRequestLog (HttpRequestLog.java:getRequestLog(97)) - Jetty request log can only be enabled using Log4j
2019-09-16 15:21:11,923 [main] INFO  http.HttpServer2 (HttpServer2.java:addGlobalFilter(975)) - Added global filter 'safety' (class=org.apache.hadoop.http.HttpServer2$QuotingInputFilter)
2019-09-16 15:21:11,924 [main] INFO  http.HttpServer2 (HttpServer2.java:addFilter(948)) - Added filter static_user_filter (class=org.apache.hadoop.http.lib.StaticUserWebFilter$StaticUserFilter) to context ozoneManager
2019-09-16 15:21:11,924 [main] INFO  http.HttpServer2 (HttpServer2.java:addFilter(958)) - Added filter static_user_filter (class=org.apache.hadoop.http.lib.StaticUserWebFilter$StaticUserFilter) to context static
2019-09-16 15:21:11,924 [main] INFO  http.HttpServer2 (HttpServer2.java:addFilter(958)) - Added filter static_user_filter (class=org.apache.hadoop.http.lib.StaticUserWebFilter$StaticUserFilter) to context logs
2019-09-16 15:21:11,927 [main] INFO  http.HttpServer2 (HttpServer2.java:bindListener(1191)) - Jetty bound to port 38024
2019-09-16 15:21:11,927 [main] INFO  server.Server (Server.java:doStart(351)) - jetty-9.3.24.v20180605, build timestamp: 2018-06-05T17:11:56Z, git hash: 84205aa28f11a4f31f2a3b86d1bba2cc8ab69827
2019-09-16 15:21:11,929 [main] INFO  handler.ContextHandler (ContextHandler.java:doStart(781)) - Started o.e.j.s.ServletContextHandler@2ab0702e{/logs,file:///workdir/hadoop-ozone/integration-test/target/log,AVAILABLE}
2019-09-16 15:21:11,929 [main] INFO  handler.ContextHandler (ContextHandler.java:doStart(781)) - Started o.e.j.s.ServletContextHandler@10f19647{/static,file:///workdir/hadoop-ozone/integration-test/target/test-classes/webapps/static,AVAILABLE}
2019-09-16 15:21:11,934 [main] INFO  handler.ContextHandler (ContextHandler.java:doStart(781)) - Started o.e.j.w.WebAppContext@3dd818e8{/,file:///workdir/hadoop-ozone/integration-test/target/test-classes/webapps/ozoneManager/,AVAILABLE}{/ozoneManager}
2019-09-16 15:21:11,935 [main] INFO  server.AbstractConnector (AbstractConnector.java:doStart(278)) - Started ServerConnector@4cb40e3b{HTTP/1.1,[http/1.1]}{0.0.0.0:38024}
2019-09-16 15:21:11,935 [main] INFO  server.Server (Server.java:doStart(419)) - Started @21290ms
2019-09-16 15:21:11,935 [main] WARN  impl.MetricsSystemImpl (MetricsSystemImpl.java:register(276)) - Sink prometheus already exists!
2019-09-16 15:21:11,937 [main] INFO  server.BaseHttpServer (BaseHttpServer.java:updateConnectorAddress(215)) - HTTP server of OZONEMANAGER is listening at http://0.0.0.0:38024
2019-09-16 15:21:12,078 [main] INFO  impl.MetricsSystemImpl (MetricsSystemImpl.java:init(158)) - HddsDatanode metrics system started (again)
2019-09-16 15:21:12,125 [main] INFO  ozone.HddsDatanodeService (HddsDatanodeService.java:start(184)) - HddsDatanodeService host:pr-hdds-1054-fkf2j-3502855176 ip:192.168.5.183
2019-09-16 15:21:12,156 [main] INFO  volume.HddsVolume (HddsVolume.java:<init>(176)) - Creating Volume: /workdir/hadoop-ozone/integration-test/target/test-dir/MiniOzoneClusterImpl-76fa9ddc-256d-4f33-8a89-44c31ad7a3c7/datanode-0/data/containers/hdds of  storage type : DISK and capacity : 1482555576320
2019-09-16 15:21:12,158 [main] INFO  volume.VolumeSet (VolumeSet.java:initializeVolumeSet(170)) - Added Volume : /workdir/hadoop-ozone/integration-test/target/test-dir/MiniOzoneClusterImpl-76fa9ddc-256d-4f33-8a89-44c31ad7a3c7/datanode-0/data/containers/hdds to VolumeSet
2019-09-16 15:21:12,161 [main] INFO  volume.ThrottledAsyncChecker (ThrottledAsyncChecker.java:schedule(139)) - Scheduling a check for org.apache.hadoop.ozone.container.common.volume.HddsVolume@68d7a2df
2019-09-16 15:21:12,178 [main] INFO  volume.HddsVolumeChecker (HddsVolumeChecker.java:checkAllVolumes(202)) - Scheduled health check for volume org.apache.hadoop.ozone.container.common.volume.HddsVolume@68d7a2df
2019-09-16 15:21:12,230 [main] INFO  impl.RaftServerProxy (ConfUtils.java:logGet(43)) - raft.rpc.type = GRPC (default)
2019-09-16 15:21:12,230 [main] INFO  grpc.GrpcFactory (GrpcFactory.java:checkPooledByteBufAllocatorUseCacheForAllThreads(45)) - PERFORMANCE WARNING: useCacheForAllThreads is true that may cause Netty to create a lot garbage objects and, as a result, trigger GC.
	It is recommended to disable useCacheForAllThreads by setting -Dorg.apache.ratis.thirdparty.io.netty.allocator.useCacheForAllThreads=false in command line.
2019-09-16 15:21:12,231 [main] INFO  grpc.GrpcConfigKeys$Server (ConfUtils.java:logGet(43)) - raft.grpc.server.port = 0 (default)
2019-09-16 15:21:12,231 [main] INFO  server.GrpcService (ConfUtils.java:logGet(43)) - raft.grpc.message.size.max = 33570816 (custom)
2019-09-16 15:21:12,231 [main] INFO  server.RaftServerConfigKeys (ConfUtils.java:logGet(43)) - raft.server.log.appender.buffer.byte-limit = 33554432 (custom)
2019-09-16 15:21:12,232 [main] INFO  server.GrpcService (ConfUtils.java:logGet(43)) - raft.grpc.flow.control.window = 1MB (=1048576) (default)
2019-09-16 15:21:12,232 [main] INFO  server.RaftServerConfigKeys (ConfUtils.java:logGet(43)) - raft.server.rpc.request.timeout = 3000ms (default)
2019-09-16 15:21:12,233 [main] INFO  server.RaftServerConfigKeys (ConfUtils.java:logGet(43)) - raft.server.storage.dir = [/workdir/hadoop-ozone/integration-test/target/test-dir/MiniOzoneClusterImpl-76fa9ddc-256d-4f33-8a89-44c31ad7a3c7/datanode-0/data/ratis] (custom)
2019-09-16 15:21:12,293 [main] INFO  hdfs.DFSUtil (DFSUtil.java:httpServerTemplateForNNAndJN(1641)) - Starting Web-server for hddsDatanode at: http://0.0.0.0:0
2019-09-16 15:21:12,295 [main] INFO  server.AuthenticationFilter (AuthenticationFilter.java:constructSecretProvider(240)) - Unable to initialize FileSignerSecretProvider, falling back to use random secrets.
2019-09-16 15:21:12,296 [main] WARN  http.HttpRequestLog (HttpRequestLog.java:getRequestLog(97)) - Jetty request log can only be enabled using Log4j
2019-09-16 15:21:12,298 [main] INFO  http.HttpServer2 (HttpServer2.java:addGlobalFilter(975)) - Added global filter 'safety' (class=org.apache.hadoop.http.HttpServer2$QuotingInputFilter)
2019-09-16 15:21:12,299 [main] INFO  http.HttpServer2 (HttpServer2.java:addFilter(948)) - Added filter static_user_filter (class=org.apache.hadoop.http.lib.StaticUserWebFilter$StaticUserFilter) to context hddsDatanode
2019-09-16 15:21:12,299 [main] INFO  http.HttpServer2 (HttpServer2.java:addFilter(958)) - Added filter static_user_filter (class=org.apache.hadoop.http.lib.StaticUserWebFilter$StaticUserFilter) to context static
2019-09-16 15:21:12,299 [main] INFO  http.HttpServer2 (HttpServer2.java:addFilter(958)) - Added filter static_user_filter (class=org.apache.hadoop.http.lib.StaticUserWebFilter$StaticUserFilter) to context logs
2019-09-16 15:21:12,300 [main] INFO  http.HttpServer2 (HttpServer2.java:bindListener(1191)) - Jetty bound to port 45421
2019-09-16 15:21:12,300 [main] INFO  server.Server (Server.java:doStart(351)) - jetty-9.3.24.v20180605, build timestamp: 2018-06-05T17:11:56Z, git hash: 84205aa28f11a4f31f2a3b86d1bba2cc8ab69827
2019-09-16 15:21:12,304 [main] INFO  handler.ContextHandler (ContextHandler.java:doStart(781)) - Started o.e.j.s.ServletContextHandler@2100d047{/logs,file:///workdir/hadoop-ozone/integration-test/target/log,AVAILABLE}
2019-09-16 15:21:12,304 [main] INFO  handler.ContextHandler (ContextHandler.java:doStart(781)) - Started o.e.j.s.ServletContextHandler@1d805aa1{/static,jar:file:/home/user/.m2/repository/org/apache/hadoop/hadoop-hdds-container-service/0.5.0-SNAPSHOT/hadoop-hdds-container-service-0.5.0-SNAPSHOT.jar!/webapps/static,AVAILABLE}
2019-09-16 15:21:12,335 [main] INFO  handler.ContextHandler (ContextHandler.java:doStart(781)) - Started o.e.j.w.WebAppContext@1937eaff{/,file:///tmp/jetty-0.0.0.0-45421-hddsDatanode-_-any-2851694590598920255.dir/webapp/,AVAILABLE}{/hddsDatanode}
2019-09-16 15:21:12,335 [main] INFO  server.AbstractConnector (AbstractConnector.java:doStart(278)) - Started ServerConnector@7e0bc8a3{HTTP/1.1,[http/1.1]}{0.0.0.0:45421}
2019-09-16 15:21:12,336 [main] INFO  server.Server (Server.java:doStart(419)) - Started @21690ms
2019-09-16 15:21:12,336 [main] WARN  impl.MetricsSystemImpl (MetricsSystemImpl.java:register(276)) - Sink prometheus already exists!
2019-09-16 15:21:12,337 [main] INFO  server.BaseHttpServer (BaseHttpServer.java:updateConnectorAddress(215)) - HTTP server of HDDSDATANODE is listening at http://0.0.0.0:45421
2019-09-16 15:21:12,338 [main] INFO  impl.MetricsSystemImpl (MetricsSystemImpl.java:init(158)) - HddsDatanode metrics system started (again)
2019-09-16 15:21:12,341 [main] INFO  ozone.HddsDatanodeService (HddsDatanodeService.java:start(184)) - HddsDatanodeService host:pr-hdds-1054-fkf2j-3502855176 ip:192.168.5.183
2019-09-16 15:21:12,344 [org.apache.hadoop.util.JvmPauseMonitor$Monitor@238913ec] INFO  util.JvmPauseMonitor (JvmPauseMonitor.java:run(188)) - Starting JVM pause monitor
2019-09-16 15:21:12,351 [main] INFO  volume.HddsVolume (HddsVolume.java:<init>(176)) - Creating Volume: /workdir/hadoop-ozone/integration-test/target/test-dir/MiniOzoneClusterImpl-76fa9ddc-256d-4f33-8a89-44c31ad7a3c7/datanode-1/data/containers/hdds of  storage type : DISK and capacity : 1482555576320
2019-09-16 15:21:12,352 [main] INFO  volume.VolumeSet (VolumeSet.java:initializeVolumeSet(170)) - Added Volume : /workdir/hadoop-ozone/integration-test/target/test-dir/MiniOzoneClusterImpl-76fa9ddc-256d-4f33-8a89-44c31ad7a3c7/datanode-1/data/containers/hdds to VolumeSet
2019-09-16 15:21:12,352 [main] INFO  volume.ThrottledAsyncChecker (ThrottledAsyncChecker.java:schedule(139)) - Scheduling a check for org.apache.hadoop.ozone.container.common.volume.HddsVolume@765ffb14
2019-09-16 15:21:12,354 [main] INFO  volume.HddsVolumeChecker (HddsVolumeChecker.java:checkAllVolumes(202)) - Scheduled health check for volume org.apache.hadoop.ozone.container.common.volume.HddsVolume@765ffb14
2019-09-16 15:21:12,368 [main] INFO  impl.RaftServerProxy (ConfUtils.java:logGet(43)) - raft.rpc.type = GRPC (default)
2019-09-16 15:21:12,368 [main] INFO  grpc.GrpcFactory (GrpcFactory.java:checkPooledByteBufAllocatorUseCacheForAllThreads(45)) - PERFORMANCE WARNING: useCacheForAllThreads is true that may cause Netty to create a lot garbage objects and, as a result, trigger GC.
	It is recommended to disable useCacheForAllThreads by setting -Dorg.apache.ratis.thirdparty.io.netty.allocator.useCacheForAllThreads=false in command line.
2019-09-16 15:21:12,368 [main] INFO  grpc.GrpcConfigKeys$Server (ConfUtils.java:logGet(43)) - raft.grpc.server.port = 0 (default)
2019-09-16 15:21:12,369 [main] INFO  server.GrpcService (ConfUtils.java:logGet(43)) - raft.grpc.message.size.max = 33570816 (custom)
2019-09-16 15:21:12,369 [main] INFO  server.RaftServerConfigKeys (ConfUtils.java:logGet(43)) - raft.server.log.appender.buffer.byte-limit = 33554432 (custom)
2019-09-16 15:21:12,369 [main] INFO  server.GrpcService (ConfUtils.java:logGet(43)) - raft.grpc.flow.control.window = 1MB (=1048576) (default)
2019-09-16 15:21:12,369 [main] INFO  server.RaftServerConfigKeys (ConfUtils.java:logGet(43)) - raft.server.rpc.request.timeout = 3000ms (default)
2019-09-16 15:21:12,370 [main] INFO  server.RaftServerConfigKeys (ConfUtils.java:logGet(43)) - raft.server.storage.dir = [/workdir/hadoop-ozone/integration-test/target/test-dir/MiniOzoneClusterImpl-76fa9ddc-256d-4f33-8a89-44c31ad7a3c7/datanode-1/data/ratis] (custom)
2019-09-16 15:21:12,372 [main] INFO  hdfs.DFSUtil (DFSUtil.java:httpServerTemplateForNNAndJN(1641)) - Starting Web-server for hddsDatanode at: http://0.0.0.0:0
2019-09-16 15:21:12,373 [main] INFO  server.AuthenticationFilter (AuthenticationFilter.java:constructSecretProvider(240)) - Unable to initialize FileSignerSecretProvider, falling back to use random secrets.
2019-09-16 15:21:12,374 [main] WARN  http.HttpRequestLog (HttpRequestLog.java:getRequestLog(97)) - Jetty request log can only be enabled using Log4j
2019-09-16 15:21:12,375 [main] INFO  http.HttpServer2 (HttpServer2.java:addGlobalFilter(975)) - Added global filter 'safety' (class=org.apache.hadoop.http.HttpServer2$QuotingInputFilter)
2019-09-16 15:21:12,376 [main] INFO  http.HttpServer2 (HttpServer2.java:addFilter(948)) - Added filter static_user_filter (class=org.apache.hadoop.http.lib.StaticUserWebFilter$StaticUserFilter) to context hddsDatanode
2019-09-16 15:21:12,376 [main] INFO  http.HttpServer2 (HttpServer2.java:addFilter(958)) - Added filter static_user_filter (class=org.apache.hadoop.http.lib.StaticUserWebFilter$StaticUserFilter) to context logs
2019-09-16 15:21:12,376 [main] INFO  http.HttpServer2 (HttpServer2.java:addFilter(958)) - Added filter static_user_filter (class=org.apache.hadoop.http.lib.StaticUserWebFilter$StaticUserFilter) to context static
2019-09-16 15:21:12,377 [main] INFO  http.HttpServer2 (HttpServer2.java:bindListener(1191)) - Jetty bound to port 43364
2019-09-16 15:21:12,377 [main] INFO  server.Server (Server.java:doStart(351)) - jetty-9.3.24.v20180605, build timestamp: 2018-06-05T17:11:56Z, git hash: 84205aa28f11a4f31f2a3b86d1bba2cc8ab69827
2019-09-16 15:21:12,379 [main] INFO  handler.ContextHandler (ContextHandler.java:doStart(781)) - Started o.e.j.s.ServletContextHandler@4e49ce2b{/logs,file:///workdir/hadoop-ozone/integration-test/target/log,AVAILABLE}
2019-09-16 15:21:12,380 [main] INFO  handler.ContextHandler (ContextHandler.java:doStart(781)) - Started o.e.j.s.ServletContextHandler@53c6f96d{/static,jar:file:/home/user/.m2/repository/org/apache/hadoop/hadoop-hdds-container-service/0.5.0-SNAPSHOT/hadoop-hdds-container-service-0.5.0-SNAPSHOT.jar!/webapps/static,AVAILABLE}
2019-09-16 15:21:12,407 [main] INFO  handler.ContextHandler (ContextHandler.java:doStart(781)) - Started o.e.j.w.WebAppContext@fe34b86{/,file:///tmp/jetty-0.0.0.0-43364-hddsDatanode-_-any-527278508874756701.dir/webapp/,AVAILABLE}{/hddsDatanode}
2019-09-16 15:21:12,408 [main] INFO  server.AbstractConnector (AbstractConnector.java:doStart(278)) - Started ServerConnector@3c98781a{HTTP/1.1,[http/1.1]}{0.0.0.0:43364}
2019-09-16 15:21:12,409 [main] INFO  server.Server (Server.java:doStart(419)) - Started @21763ms
2019-09-16 15:21:12,409 [main] WARN  impl.MetricsSystemImpl (MetricsSystemImpl.java:register(276)) - Sink prometheus already exists!
2019-09-16 15:21:12,410 [main] INFO  server.BaseHttpServer (BaseHttpServer.java:updateConnectorAddress(215)) - HTTP server of HDDSDATANODE is listening at http://0.0.0.0:43364
2019-09-16 15:21:12,410 [main] INFO  impl.MetricsSystemImpl (MetricsSystemImpl.java:init(158)) - HddsDatanode metrics system started (again)
2019-09-16 15:21:12,413 [org.apache.hadoop.util.JvmPauseMonitor$Monitor@428da25f] INFO  util.JvmPauseMonitor (JvmPauseMonitor.java:run(188)) - Starting JVM pause monitor
2019-09-16 15:21:12,414 [main] INFO  ozone.HddsDatanodeService (HddsDatanodeService.java:start(184)) - HddsDatanodeService host:pr-hdds-1054-fkf2j-3502855176 ip:192.168.5.183
2019-09-16 15:21:12,421 [main] INFO  volume.HddsVolume (HddsVolume.java:<init>(176)) - Creating Volume: /workdir/hadoop-ozone/integration-test/target/test-dir/MiniOzoneClusterImpl-76fa9ddc-256d-4f33-8a89-44c31ad7a3c7/datanode-2/data/containers/hdds of  storage type : DISK and capacity : 1482555576320
2019-09-16 15:21:12,421 [main] INFO  volume.VolumeSet (VolumeSet.java:initializeVolumeSet(170)) - Added Volume : /workdir/hadoop-ozone/integration-test/target/test-dir/MiniOzoneClusterImpl-76fa9ddc-256d-4f33-8a89-44c31ad7a3c7/datanode-2/data/containers/hdds to VolumeSet
2019-09-16 15:21:12,421 [main] INFO  volume.ThrottledAsyncChecker (ThrottledAsyncChecker.java:schedule(139)) - Scheduling a check for org.apache.hadoop.ozone.container.common.volume.HddsVolume@3e67f5f2
2019-09-16 15:21:12,422 [main] INFO  volume.HddsVolumeChecker (HddsVolumeChecker.java:checkAllVolumes(202)) - Scheduled health check for volume org.apache.hadoop.ozone.container.common.volume.HddsVolume@3e67f5f2
2019-09-16 15:21:12,438 [main] INFO  impl.RaftServerProxy (ConfUtils.java:logGet(43)) - raft.rpc.type = GRPC (default)
2019-09-16 15:21:12,438 [main] INFO  grpc.GrpcFactory (GrpcFactory.java:checkPooledByteBufAllocatorUseCacheForAllThreads(45)) - PERFORMANCE WARNING: useCacheForAllThreads is true that may cause Netty to create a lot garbage objects and, as a result, trigger GC.
	It is recommended to disable useCacheForAllThreads by setting -Dorg.apache.ratis.thirdparty.io.netty.allocator.useCacheForAllThreads=false in command line.
2019-09-16 15:21:12,439 [main] INFO  grpc.GrpcConfigKeys$Server (ConfUtils.java:logGet(43)) - raft.grpc.server.port = 0 (default)
2019-09-16 15:21:12,439 [main] INFO  server.GrpcService (ConfUtils.java:logGet(43)) - raft.grpc.message.size.max = 33570816 (custom)
2019-09-16 15:21:12,439 [main] INFO  server.RaftServerConfigKeys (ConfUtils.java:logGet(43)) - raft.server.log.appender.buffer.byte-limit = 33554432 (custom)
2019-09-16 15:21:12,439 [main] INFO  server.GrpcService (ConfUtils.java:logGet(43)) - raft.grpc.flow.control.window = 1MB (=1048576) (default)
2019-09-16 15:21:12,440 [main] INFO  server.RaftServerConfigKeys (ConfUtils.java:logGet(43)) - raft.server.rpc.request.timeout = 3000ms (default)
2019-09-16 15:21:12,441 [main] INFO  server.RaftServerConfigKeys (ConfUtils.java:logGet(43)) - raft.server.storage.dir = [/workdir/hadoop-ozone/integration-test/target/test-dir/MiniOzoneClusterImpl-76fa9ddc-256d-4f33-8a89-44c31ad7a3c7/datanode-2/data/ratis] (custom)
2019-09-16 15:21:12,442 [main] INFO  hdfs.DFSUtil (DFSUtil.java:httpServerTemplateForNNAndJN(1641)) - Starting Web-server for hddsDatanode at: http://0.0.0.0:0
2019-09-16 15:21:12,444 [main] INFO  server.AuthenticationFilter (AuthenticationFilter.java:constructSecretProvider(240)) - Unable to initialize FileSignerSecretProvider, falling back to use random secrets.
2019-09-16 15:21:12,444 [main] WARN  http.HttpRequestLog (HttpRequestLog.java:getRequestLog(97)) - Jetty request log can only be enabled using Log4j
2019-09-16 15:21:12,446 [main] INFO  http.HttpServer2 (HttpServer2.java:addGlobalFilter(975)) - Added global filter 'safety' (class=org.apache.hadoop.http.HttpServer2$QuotingInputFilter)
2019-09-16 15:21:12,447 [main] INFO  http.HttpServer2 (HttpServer2.java:addFilter(948)) - Added filter static_user_filter (class=org.apache.hadoop.http.lib.StaticUserWebFilter$StaticUserFilter) to context hddsDatanode
2019-09-16 15:21:12,447 [main] INFO  http.HttpServer2 (HttpServer2.java:addFilter(958)) - Added filter static_user_filter (class=org.apache.hadoop.http.lib.StaticUserWebFilter$StaticUserFilter) to context static
2019-09-16 15:21:12,447 [main] INFO  http.HttpServer2 (HttpServer2.java:addFilter(958)) - Added filter static_user_filter (class=org.apache.hadoop.http.lib.StaticUserWebFilter$StaticUserFilter) to context logs
2019-09-16 15:21:12,448 [main] INFO  http.HttpServer2 (HttpServer2.java:bindListener(1191)) - Jetty bound to port 39986
2019-09-16 15:21:12,448 [main] INFO  server.Server (Server.java:doStart(351)) - jetty-9.3.24.v20180605, build timestamp: 2018-06-05T17:11:56Z, git hash: 84205aa28f11a4f31f2a3b86d1bba2cc8ab69827
2019-09-16 15:21:12,452 [main] INFO  handler.ContextHandler (ContextHandler.java:doStart(781)) - Started o.e.j.s.ServletContextHandler@571a01f9{/logs,file:///workdir/hadoop-ozone/integration-test/target/log,AVAILABLE}
2019-09-16 15:21:12,452 [main] INFO  handler.ContextHandler (ContextHandler.java:doStart(781)) - Started o.e.j.s.ServletContextHandler@5e0ec41f{/static,jar:file:/home/user/.m2/repository/org/apache/hadoop/hadoop-hdds-container-service/0.5.0-SNAPSHOT/hadoop-hdds-container-service-0.5.0-SNAPSHOT.jar!/webapps/static,AVAILABLE}
2019-09-16 15:21:12,481 [main] INFO  handler.ContextHandler (ContextHandler.java:doStart(781)) - Started o.e.j.w.WebAppContext@e26af6{/,file:///tmp/jetty-0.0.0.0-39986-hddsDatanode-_-any-3690928431108610082.dir/webapp/,AVAILABLE}{/hddsDatanode}
2019-09-16 15:21:12,481 [main] INFO  server.AbstractConnector (AbstractConnector.java:doStart(278)) - Started ServerConnector@44065156{HTTP/1.1,[http/1.1]}{0.0.0.0:39986}
2019-09-16 15:21:12,482 [Datanode State Machine Thread - 0] INFO  datanode.InitDatanodeState (InitDatanodeState.java:persistContainerDatanodeDetails(140)) - DatanodeDetails is persisted to /workdir/hadoop-ozone/integration-test/target/test-dir/MiniOzoneClusterImpl-76fa9ddc-256d-4f33-8a89-44c31ad7a3c7/datanode-0/meta/datanode.id
2019-09-16 15:21:12,482 [main] INFO  server.Server (Server.java:doStart(419)) - Started @21837ms
2019-09-16 15:21:12,483 [main] WARN  impl.MetricsSystemImpl (MetricsSystemImpl.java:register(276)) - Sink prometheus already exists!
2019-09-16 15:21:12,487 [main] INFO  server.BaseHttpServer (BaseHttpServer.java:updateConnectorAddress(215)) - HTTP server of HDDSDATANODE is listening at http://0.0.0.0:39986
2019-09-16 15:21:12,487 [Datanode State Machine Thread - 0] INFO  datanode.InitDatanodeState (InitDatanodeState.java:persistContainerDatanodeDetails(140)) - DatanodeDetails is persisted to /workdir/hadoop-ozone/integration-test/target/test-dir/MiniOzoneClusterImpl-76fa9ddc-256d-4f33-8a89-44c31ad7a3c7/datanode-1/meta/datanode.id
2019-09-16 15:21:12,488 [main] INFO  impl.MetricsSystemImpl (MetricsSystemImpl.java:init(158)) - HddsDatanode metrics system started (again)
2019-09-16 15:21:12,491 [main] INFO  ozone.HddsDatanodeService (HddsDatanodeService.java:start(184)) - HddsDatanodeService host:pr-hdds-1054-fkf2j-3502855176 ip:192.168.5.183
2019-09-16 15:21:12,491 [org.apache.hadoop.util.JvmPauseMonitor$Monitor@30d6429c] INFO  util.JvmPauseMonitor (JvmPauseMonitor.java:run(188)) - Starting JVM pause monitor
2019-09-16 15:21:12,494 [Datanode State Machine Thread - 0] INFO  datanode.InitDatanodeState (InitDatanodeState.java:persistContainerDatanodeDetails(140)) - DatanodeDetails is persisted to /workdir/hadoop-ozone/integration-test/target/test-dir/MiniOzoneClusterImpl-76fa9ddc-256d-4f33-8a89-44c31ad7a3c7/datanode-2/meta/datanode.id
2019-09-16 15:21:12,498 [main] INFO  volume.HddsVolume (HddsVolume.java:<init>(176)) - Creating Volume: /workdir/hadoop-ozone/integration-test/target/test-dir/MiniOzoneClusterImpl-76fa9ddc-256d-4f33-8a89-44c31ad7a3c7/datanode-3/data/containers/hdds of  storage type : DISK and capacity : 1482555576320
2019-09-16 15:21:12,498 [main] INFO  volume.VolumeSet (VolumeSet.java:initializeVolumeSet(170)) - Added Volume : /workdir/hadoop-ozone/integration-test/target/test-dir/MiniOzoneClusterImpl-76fa9ddc-256d-4f33-8a89-44c31ad7a3c7/datanode-3/data/containers/hdds to VolumeSet
2019-09-16 15:21:12,498 [main] INFO  volume.ThrottledAsyncChecker (ThrottledAsyncChecker.java:schedule(139)) - Scheduling a check for org.apache.hadoop.ozone.container.common.volume.HddsVolume@26c89563
2019-09-16 15:21:12,499 [main] INFO  volume.HddsVolumeChecker (HddsVolumeChecker.java:checkAllVolumes(202)) - Scheduled health check for volume org.apache.hadoop.ozone.container.common.volume.HddsVolume@26c89563
2019-09-16 15:21:12,516 [main] INFO  impl.RaftServerProxy (ConfUtils.java:logGet(43)) - raft.rpc.type = GRPC (default)
2019-09-16 15:21:12,516 [main] INFO  grpc.GrpcFactory (GrpcFactory.java:checkPooledByteBufAllocatorUseCacheForAllThreads(45)) - PERFORMANCE WARNING: useCacheForAllThreads is true that may cause Netty to create a lot garbage objects and, as a result, trigger GC.
	It is recommended to disable useCacheForAllThreads by setting -Dorg.apache.ratis.thirdparty.io.netty.allocator.useCacheForAllThreads=false in command line.
2019-09-16 15:21:12,516 [main] INFO  grpc.GrpcConfigKeys$Server (ConfUtils.java:logGet(43)) - raft.grpc.server.port = 0 (default)
2019-09-16 15:21:12,516 [main] INFO  server.GrpcService (ConfUtils.java:logGet(43)) - raft.grpc.message.size.max = 33570816 (custom)
2019-09-16 15:21:12,517 [main] INFO  server.RaftServerConfigKeys (ConfUtils.java:logGet(43)) - raft.server.log.appender.buffer.byte-limit = 33554432 (custom)
2019-09-16 15:21:12,517 [main] INFO  server.GrpcService (ConfUtils.java:logGet(43)) - raft.grpc.flow.control.window = 1MB (=1048576) (default)
2019-09-16 15:21:12,517 [main] INFO  server.RaftServerConfigKeys (ConfUtils.java:logGet(43)) - raft.server.rpc.request.timeout = 3000ms (default)
2019-09-16 15:21:12,518 [main] INFO  server.RaftServerConfigKeys (ConfUtils.java:logGet(43)) - raft.server.storage.dir = [/workdir/hadoop-ozone/integration-test/target/test-dir/MiniOzoneClusterImpl-76fa9ddc-256d-4f33-8a89-44c31ad7a3c7/datanode-3/data/ratis] (custom)
2019-09-16 15:21:12,519 [main] INFO  hdfs.DFSUtil (DFSUtil.java:httpServerTemplateForNNAndJN(1641)) - Starting Web-server for hddsDatanode at: http://0.0.0.0:0
2019-09-16 15:21:12,520 [main] INFO  server.AuthenticationFilter (AuthenticationFilter.java:constructSecretProvider(240)) - Unable to initialize FileSignerSecretProvider, falling back to use random secrets.
2019-09-16 15:21:12,521 [main] WARN  http.HttpRequestLog (HttpRequestLog.java:getRequestLog(97)) - Jetty request log can only be enabled using Log4j
2019-09-16 15:21:12,522 [main] INFO  http.HttpServer2 (HttpServer2.java:addGlobalFilter(975)) - Added global filter 'safety' (class=org.apache.hadoop.http.HttpServer2$QuotingInputFilter)
2019-09-16 15:21:12,523 [main] INFO  http.HttpServer2 (HttpServer2.java:addFilter(948)) - Added filter static_user_filter (class=org.apache.hadoop.http.lib.StaticUserWebFilter$StaticUserFilter) to context hddsDatanode
2019-09-16 15:21:12,523 [main] INFO  http.HttpServer2 (HttpServer2.java:addFilter(958)) - Added filter static_user_filter (class=org.apache.hadoop.http.lib.StaticUserWebFilter$StaticUserFilter) to context logs
2019-09-16 15:21:12,524 [main] INFO  http.HttpServer2 (HttpServer2.java:addFilter(958)) - Added filter static_user_filter (class=org.apache.hadoop.http.lib.StaticUserWebFilter$StaticUserFilter) to context static
2019-09-16 15:21:12,524 [main] INFO  http.HttpServer2 (HttpServer2.java:bindListener(1191)) - Jetty bound to port 45147
2019-09-16 15:21:12,525 [main] INFO  server.Server (Server.java:doStart(351)) - jetty-9.3.24.v20180605, build timestamp: 2018-06-05T17:11:56Z, git hash: 84205aa28f11a4f31f2a3b86d1bba2cc8ab69827
2019-09-16 15:21:12,526 [main] INFO  handler.ContextHandler (ContextHandler.java:doStart(781)) - Started o.e.j.s.ServletContextHandler@54db056b{/logs,file:///workdir/hadoop-ozone/integration-test/target/log,AVAILABLE}
2019-09-16 15:21:12,527 [main] INFO  handler.ContextHandler (ContextHandler.java:doStart(781)) - Started o.e.j.s.ServletContextHandler@5981f4a6{/static,jar:file:/home/user/.m2/repository/org/apache/hadoop/hadoop-hdds-container-service/0.5.0-SNAPSHOT/hadoop-hdds-container-service-0.5.0-SNAPSHOT.jar!/webapps/static,AVAILABLE}
2019-09-16 15:21:12,555 [main] INFO  handler.ContextHandler (ContextHandler.java:doStart(781)) - Started o.e.j.w.WebAppContext@427ae189{/,file:///tmp/jetty-0.0.0.0-45147-hddsDatanode-_-any-2267895904491045350.dir/webapp/,AVAILABLE}{/hddsDatanode}
2019-09-16 15:21:12,557 [main] INFO  server.AbstractConnector (AbstractConnector.java:doStart(278)) - Started ServerConnector@16a9eb2e{HTTP/1.1,[http/1.1]}{0.0.0.0:45147}
2019-09-16 15:21:12,557 [main] INFO  server.Server (Server.java:doStart(419)) - Started @21912ms
2019-09-16 15:21:12,558 [main] WARN  impl.MetricsSystemImpl (MetricsSystemImpl.java:register(276)) - Sink prometheus already exists!
2019-09-16 15:21:12,559 [main] INFO  server.BaseHttpServer (BaseHttpServer.java:updateConnectorAddress(215)) - HTTP server of HDDSDATANODE is listening at http://0.0.0.0:45147
2019-09-16 15:21:12,561 [main] INFO  ozone.MiniOzoneClusterImpl (MiniOzoneClusterImpl.java:lambda$waitForClusterToBeReady$0(140)) - Waiting for cluster to be ready. Got 0 of 4 DN Heartbeats.
2019-09-16 15:21:12,562 [org.apache.hadoop.util.JvmPauseMonitor$Monitor@2da9a1c5] INFO  util.JvmPauseMonitor (JvmPauseMonitor.java:run(188)) - Starting JVM pause monitor
2019-09-16 15:21:12,564 [Datanode State Machine Thread - 0] INFO  datanode.InitDatanodeState (InitDatanodeState.java:persistContainerDatanodeDetails(140)) - DatanodeDetails is persisted to /workdir/hadoop-ozone/integration-test/target/test-dir/MiniOzoneClusterImpl-76fa9ddc-256d-4f33-8a89-44c31ad7a3c7/datanode-3/meta/datanode.id
2019-09-16 15:21:12,886 [Thread-95] INFO  impl.FollowerState (FollowerState.java:run(106)) - 0e601f2c-4789-4689-89b6-3bff7faac922:group-C5BA1605619E changes to CANDIDATE, lastRpcTime:1091, electionTimeout:1090ms
2019-09-16 15:21:12,888 [Thread-95] INFO  impl.RoleInfo (RoleInfo.java:shutdownFollowerState(121)) - 0e601f2c-4789-4689-89b6-3bff7faac922: shutdown FollowerState
2019-09-16 15:21:12,889 [Thread-95] INFO  impl.RaftServerImpl (RaftServerImpl.java:setRole(174)) - 0e601f2c-4789-4689-89b6-3bff7faac922@group-C5BA1605619E: changes role from  FOLLOWER to CANDIDATE at term 0 for changeToCandidate
2019-09-16 15:21:12,891 [Thread-95] INFO  impl.RoleInfo (RoleInfo.java:updateAndGet(143)) - 0e601f2c-4789-4689-89b6-3bff7faac922: start LeaderElection
2019-09-16 15:21:12,938 [0e601f2c-4789-4689-89b6-3bff7faac922@group-C5BA1605619E:LeaderElection1] INFO  impl.LeaderElection (LeaderElection.java:askForVotes(182)) - 0e601f2c-4789-4689-89b6-3bff7faac922@group-C5BA1605619E:LeaderElection1: begin an election at term 1 for -1: [0e601f2c-4789-4689-89b6-3bff7faac922:localhost:9872], old=null
2019-09-16 15:21:12,939 [0e601f2c-4789-4689-89b6-3bff7faac922@group-C5BA1605619E:LeaderElection1] INFO  impl.RoleInfo (RoleInfo.java:shutdownLeaderElection(134)) - 0e601f2c-4789-4689-89b6-3bff7faac922: shutdown LeaderElection
2019-09-16 15:21:12,940 [0e601f2c-4789-4689-89b6-3bff7faac922@group-C5BA1605619E:LeaderElection1] INFO  impl.RaftServerImpl (RaftServerImpl.java:setRole(174)) - 0e601f2c-4789-4689-89b6-3bff7faac922@group-C5BA1605619E: changes role from CANDIDATE to LEADER at term 1 for changeToLeader
2019-09-16 15:21:12,940 [0e601f2c-4789-4689-89b6-3bff7faac922@group-C5BA1605619E:LeaderElection1] INFO  impl.RaftServerImpl (ServerState.java:setLeader(253)) - 0e601f2c-4789-4689-89b6-3bff7faac922@group-C5BA1605619E: change Leader from null to 0e601f2c-4789-4689-89b6-3bff7faac922 at term 1 for becomeLeader, leader elected after 1250ms
2019-09-16 15:21:12,947 [0e601f2c-4789-4689-89b6-3bff7faac922@group-C5BA1605619E:LeaderElection1] INFO  server.RaftServerConfigKeys (ConfUtils.java:logGet(43)) - raft.server.staging.catchup.gap = 1000 (default)
2019-09-16 15:21:12,947 [0e601f2c-4789-4689-89b6-3bff7faac922@group-C5BA1605619E:LeaderElection1] INFO  server.RaftServerConfigKeys (ConfUtils.java:logGet(43)) - raft.server.rpc.sleep.time = 25ms (default)
2019-09-16 15:21:12,950 [0e601f2c-4789-4689-89b6-3bff7faac922@group-C5BA1605619E:LeaderElection1] INFO  server.RaftServerConfigKeys (ConfUtils.java:logGet(43)) - raft.server.write.element-limit = 4096 (default)
2019-09-16 15:21:12,952 [0e601f2c-4789-4689-89b6-3bff7faac922@group-C5BA1605619E:LeaderElection1] INFO  server.RaftServerConfigKeys (ConfUtils.java:logGet(43)) - raft.server.watch.timeout = 10s (default)
2019-09-16 15:21:12,953 [0e601f2c-4789-4689-89b6-3bff7faac922@group-C5BA1605619E:LeaderElection1] INFO  server.RaftServerConfigKeys (ConfUtils.java:logGet(43)) - raft.server.watch.timeout.denomination = 1s (default)
2019-09-16 15:21:12,954 [0e601f2c-4789-4689-89b6-3bff7faac922@group-C5BA1605619E:LeaderElection1] INFO  server.RaftServerConfigKeys (ConfUtils.java:logGet(43)) - raft.server.watch.element-limit = 65536 (default)
2019-09-16 15:21:12,982 [0e601f2c-4789-4689-89b6-3bff7faac922@group-C5BA1605619E:LeaderElection1] INFO  impl.RoleInfo (RoleInfo.java:updateAndGet(143)) - 0e601f2c-4789-4689-89b6-3bff7faac922: start LeaderState
2019-09-16 15:21:13,018 [0e601f2c-4789-4689-89b6-3bff7faac922@group-C5BA1605619E:LeaderElection1] INFO  segmented.SegmentedRaftLogWorker (SegmentedRaftLogWorker.java:startLogSegment(380)) - 0e601f2c-4789-4689-89b6-3bff7faac922@group-C5BA1605619E-SegmentedRaftLogWorker: Starting segment from index:0
2019-09-16 15:21:13,044 [0e601f2c-4789-4689-89b6-3bff7faac922@group-C5BA1605619E:LeaderElection1] INFO  impl.RaftServerImpl (ServerState.java:setRaftConf(354)) - 0e601f2c-4789-4689-89b6-3bff7faac922@group-C5BA1605619E: set configuration 0: [0e601f2c-4789-4689-89b6-3bff7faac922:localhost:9872], old=null at 0
2019-09-16 15:21:13,195 [0e601f2c-4789-4689-89b6-3bff7faac922@group-C5BA1605619E-SegmentedRaftLogWorker] INFO  segmented.SegmentedRaftLogWorker (SegmentedRaftLogWorker.java:execute(569)) - 0e601f2c-4789-4689-89b6-3bff7faac922@group-C5BA1605619E-SegmentedRaftLogWorker: created new log segment /workdir/hadoop-ozone/integration-test/target/test-dir/MiniOzoneClusterImpl-76fa9ddc-256d-4f33-8a89-44c31ad7a3c7/ozone-meta/ratis/bf265839-605b-3f16-9796-c5ba1605619e/current/log_inprogress_0
2019-09-16 15:21:13,561 [main] INFO  ozone.MiniOzoneClusterImpl (MiniOzoneClusterImpl.java:lambda$waitForClusterToBeReady$0(140)) - Waiting for cluster to be ready. Got 0 of 4 DN Heartbeats.
2019-09-16 15:21:14,395 [Datanode State Machine Thread - 0] INFO  ozoneimpl.OzoneContainer (OzoneContainer.java:start(217)) - Attempting to start container services.
2019-09-16 15:21:14,398 [Datanode State Machine Thread - 0] INFO  ozoneimpl.OzoneContainer (OzoneContainer.java:startContainerScrub(179)) - Background container scanner has been disabled.
2019-09-16 15:21:14,398 [Datanode State Machine Thread - 0] INFO  ratis.XceiverServerRatis (XceiverServerRatis.java:start(404)) - Starting XceiverServerRatis cf6136a1-b68a-49b2-9985-7b164538a112 at port 0
2019-09-16 15:21:14,404 [Datanode State Machine Thread - 0] INFO  impl.RaftServerProxy (RaftServerProxy.java:lambda$start$3(299)) - cf6136a1-b68a-49b2-9985-7b164538a112: start RPC server
2019-09-16 15:21:14,409 [Datanode State Machine Thread - 0] INFO  server.GrpcService (GrpcService.java:startImpl(158)) - cf6136a1-b68a-49b2-9985-7b164538a112: GrpcService started, listening on 0.0.0.0/0.0.0.0:42701
2019-09-16 15:21:14,410 [Datanode State Machine Thread - 0] INFO  ratis.XceiverServerRatis (XceiverServerRatis.java:start(414)) - XceiverServerRatis cf6136a1-b68a-49b2-9985-7b164538a112 is started using port 42701
2019-09-16 15:21:14,413 [Datanode State Machine Thread - 0] INFO  server.XceiverServerGrpc (XceiverServerGrpc.java:start(163)) - XceiverServerGrpc cf6136a1-b68a-49b2-9985-7b164538a112 is started using port 35636
2019-09-16 15:21:14,442 [Datanode State Machine Thread - 0] INFO  ozoneimpl.OzoneContainer (OzoneContainer.java:start(217)) - Attempting to start container services.
2019-09-16 15:21:14,448 [Datanode State Machine Thread - 0] INFO  ozoneimpl.OzoneContainer (OzoneContainer.java:startContainerScrub(179)) - Background container scanner has been disabled.
2019-09-16 15:21:14,448 [Datanode State Machine Thread - 0] INFO  ratis.XceiverServerRatis (XceiverServerRatis.java:start(404)) - Starting XceiverServerRatis ac35d0bb-3f9a-40b5-90e5-914e8c22ca88 at port 0
2019-09-16 15:21:14,456 [Datanode State Machine Thread - 0] INFO  impl.RaftServerProxy (RaftServerProxy.java:lambda$start$3(299)) - ac35d0bb-3f9a-40b5-90e5-914e8c22ca88: start RPC server
2019-09-16 15:21:14,459 [Datanode State Machine Thread - 0] INFO  server.GrpcService (GrpcService.java:startImpl(158)) - ac35d0bb-3f9a-40b5-90e5-914e8c22ca88: GrpcService started, listening on 0.0.0.0/0.0.0.0:42069
2019-09-16 15:21:14,459 [Datanode State Machine Thread - 0] INFO  ratis.XceiverServerRatis (XceiverServerRatis.java:start(414)) - XceiverServerRatis ac35d0bb-3f9a-40b5-90e5-914e8c22ca88 is started using port 42069
2019-09-16 15:21:14,461 [Datanode State Machine Thread - 0] INFO  server.XceiverServerGrpc (XceiverServerGrpc.java:start(163)) - XceiverServerGrpc ac35d0bb-3f9a-40b5-90e5-914e8c22ca88 is started using port 44597
2019-09-16 15:21:14,523 [Datanode State Machine Thread - 0] INFO  ozoneimpl.OzoneContainer (OzoneContainer.java:start(217)) - Attempting to start container services.
2019-09-16 15:21:14,525 [Datanode State Machine Thread - 0] INFO  ozoneimpl.OzoneContainer (OzoneContainer.java:startContainerScrub(179)) - Background container scanner has been disabled.
2019-09-16 15:21:14,526 [Datanode State Machine Thread - 0] INFO  ratis.XceiverServerRatis (XceiverServerRatis.java:start(404)) - Starting XceiverServerRatis 938a2b36-0fde-4b5a-b944-dd169fdf7f21 at port 0
2019-09-16 15:21:14,533 [Datanode State Machine Thread - 0] INFO  impl.RaftServerProxy (RaftServerProxy.java:lambda$start$3(299)) - 938a2b36-0fde-4b5a-b944-dd169fdf7f21: start RPC server
2019-09-16 15:21:14,536 [Datanode State Machine Thread - 0] INFO  server.GrpcService (GrpcService.java:startImpl(158)) - 938a2b36-0fde-4b5a-b944-dd169fdf7f21: GrpcService started, listening on 0.0.0.0/0.0.0.0:44337
2019-09-16 15:21:14,536 [Datanode State Machine Thread - 0] INFO  ratis.XceiverServerRatis (XceiverServerRatis.java:start(414)) - XceiverServerRatis 938a2b36-0fde-4b5a-b944-dd169fdf7f21 is started using port 44337
2019-09-16 15:21:14,539 [Datanode State Machine Thread - 0] INFO  server.XceiverServerGrpc (XceiverServerGrpc.java:start(163)) - XceiverServerGrpc 938a2b36-0fde-4b5a-b944-dd169fdf7f21 is started using port 33344
2019-09-16 15:21:14,562 [main] INFO  ozone.MiniOzoneClusterImpl (MiniOzoneClusterImpl.java:lambda$waitForClusterToBeReady$0(140)) - Waiting for cluster to be ready. Got 0 of 4 DN Heartbeats.
2019-09-16 15:21:14,579 [Datanode State Machine Thread - 0] INFO  ozoneimpl.OzoneContainer (OzoneContainer.java:start(217)) - Attempting to start container services.
2019-09-16 15:21:14,582 [Datanode State Machine Thread - 0] INFO  ozoneimpl.OzoneContainer (OzoneContainer.java:startContainerScrub(179)) - Background container scanner has been disabled.
2019-09-16 15:21:14,582 [Datanode State Machine Thread - 0] INFO  ratis.XceiverServerRatis (XceiverServerRatis.java:start(404)) - Starting XceiverServerRatis a760d5cd-1cb7-492f-9e65-096e49ec8100 at port 0
2019-09-16 15:21:14,590 [Datanode State Machine Thread - 0] INFO  impl.RaftServerProxy (RaftServerProxy.java:lambda$start$3(299)) - a760d5cd-1cb7-492f-9e65-096e49ec8100: start RPC server
2019-09-16 15:21:14,593 [Datanode State Machine Thread - 0] INFO  server.GrpcService (GrpcService.java:startImpl(158)) - a760d5cd-1cb7-492f-9e65-096e49ec8100: GrpcService started, listening on 0.0.0.0/0.0.0.0:34118
2019-09-16 15:21:14,594 [Datanode State Machine Thread - 0] INFO  ratis.XceiverServerRatis (XceiverServerRatis.java:start(414)) - XceiverServerRatis a760d5cd-1cb7-492f-9e65-096e49ec8100 is started using port 34118
2019-09-16 15:21:14,597 [Datanode State Machine Thread - 0] INFO  server.XceiverServerGrpc (XceiverServerGrpc.java:start(163)) - XceiverServerGrpc a760d5cd-1cb7-492f-9e65-096e49ec8100 is started using port 33218
2019-09-16 15:21:15,562 [main] INFO  ozone.MiniOzoneClusterImpl (MiniOzoneClusterImpl.java:lambda$waitForClusterToBeReady$0(140)) - Waiting for cluster to be ready. Got 0 of 4 DN Heartbeats.
2019-09-16 15:21:16,382 [IPC Server handler 1 on 39103] INFO  net.NetworkTopology (NetworkTopologyImpl.java:add(110)) - Added a new node: /rack1/cf6136a1-b68a-49b2-9985-7b164538a112
2019-09-16 15:21:16,383 [IPC Server handler 1 on 39103] INFO  node.SCMNodeManager (SCMNodeManager.java:register(266)) - Registered Data node : cf6136a1-b68a-49b2-9985-7b164538a112{ip: 192.168.5.183, host: pr-hdds-1054-fkf2j-3502855176, networkLocation: /rack1, certSerialId: null}
2019-09-16 15:21:16,388 [EventQueue-NodeRegistrationContainerReportForDataNodeSafeModeRule] INFO  safemode.SCMSafeModeManager (DataNodeSafeModeRule.java:process(71)) - SCM in safe mode. 1 DataNodes registered, 1 required.
2019-09-16 15:21:16,391 [EventQueue-NodeRegistrationContainerReportForDataNodeSafeModeRule] INFO  safemode.SCMSafeModeManager (SCMSafeModeManager.java:validateSafeModeExitRules(177)) - ScmSafeModeManager, all rules are successfully validated
2019-09-16 15:21:16,391 [EventQueue-NodeRegistrationContainerReportForDataNodeSafeModeRule] INFO  safemode.SCMSafeModeManager (SCMSafeModeManager.java:exitSafeMode(193)) - SCM exiting safe mode.
2019-09-16 15:21:16,415 [IPC Server handler 5 on 39103] INFO  net.NetworkTopology (NetworkTopologyImpl.java:add(110)) - Added a new node: /rack1/ac35d0bb-3f9a-40b5-90e5-914e8c22ca88
2019-09-16 15:21:16,417 [IPC Server handler 5 on 39103] INFO  node.SCMNodeManager (SCMNodeManager.java:register(266)) - Registered Data node : ac35d0bb-3f9a-40b5-90e5-914e8c22ca88{ip: 192.168.5.183, host: pr-hdds-1054-fkf2j-3502855176, networkLocation: /rack1, certSerialId: null}
2019-09-16 15:21:16,495 [IPC Server handler 2 on 39103] INFO  net.NetworkTopology (NetworkTopologyImpl.java:add(110)) - Added a new node: /rack1/938a2b36-0fde-4b5a-b944-dd169fdf7f21
2019-09-16 15:21:16,495 [IPC Server handler 2 on 39103] INFO  node.SCMNodeManager (SCMNodeManager.java:register(266)) - Registered Data node : 938a2b36-0fde-4b5a-b944-dd169fdf7f21{ip: 192.168.5.183, host: pr-hdds-1054-fkf2j-3502855176, networkLocation: /rack1, certSerialId: null}
2019-09-16 15:21:16,563 [main] INFO  ozone.MiniOzoneClusterImpl (MiniOzoneClusterImpl.java:lambda$waitForClusterToBeReady$0(140)) - Waiting for cluster to be ready. Got 3 of 4 DN Heartbeats.
2019-09-16 15:21:16,566 [IPC Server handler 4 on 39103] INFO  net.NetworkTopology (NetworkTopologyImpl.java:add(110)) - Added a new node: /rack1/a760d5cd-1cb7-492f-9e65-096e49ec8100
2019-09-16 15:21:16,566 [IPC Server handler 4 on 39103] INFO  node.SCMNodeManager (SCMNodeManager.java:register(266)) - Registered Data node : a760d5cd-1cb7-492f-9e65-096e49ec8100{ip: 192.168.5.183, host: pr-hdds-1054-fkf2j-3502855176, networkLocation: /rack1, certSerialId: null}
2019-09-16 15:21:16,919 [grpc-default-executor-0] INFO  impl.RaftServerProxy (RaftServerProxy.java:addNew(89)) - cf6136a1-b68a-49b2-9985-7b164538a112: addNew group-6A1534BF05FB:[cf6136a1-b68a-49b2-9985-7b164538a112:192.168.5.183:42701] returns group-6A1534BF05FB:java.util.concurrent.CompletableFuture@553bae1e[Not completed]
2019-09-16 15:21:16,933 [pool-32-thread-1] INFO  impl.RaftServerImpl (RaftServerImpl.java:<init>(95)) - cf6136a1-b68a-49b2-9985-7b164538a112: new RaftServerImpl for group-6A1534BF05FB:[cf6136a1-b68a-49b2-9985-7b164538a112:192.168.5.183:42701] with ContainerStateMachine:uninitialized
2019-09-16 15:21:16,935 [pool-32-thread-1] INFO  server.RaftServerConfigKeys (ConfUtils.java:logGet(43)) - raft.server.rpc.timeout.min = 5s (custom)
2019-09-16 15:21:16,935 [pool-32-thread-1] INFO  server.RaftServerConfigKeys (ConfUtils.java:logGet(43)) - raft.server.rpc.timeout.max = 5200ms (custom)
2019-09-16 15:21:16,936 [pool-32-thread-1] INFO  server.RaftServerConfigKeys (ConfUtils.java:logGet(43)) - raft.server.rpcslowness.timeout = 120s (custom)
2019-09-16 15:21:16,936 [pool-32-thread-1] INFO  server.RaftServerConfigKeys (ConfUtils.java:logGet(43)) - raft.server.sleep.deviation.threshold = 300 (default)
2019-09-16 15:21:16,936 [pool-32-thread-1] INFO  server.RaftServerConfigKeys (ConfUtils.java:logGet(43)) - raft.server.log.appender.install.snapshot.enabled = false (custom)
2019-09-16 15:21:16,936 [pool-32-thread-1] INFO  impl.RaftServerImpl (ServerState.java:<init>(103)) - cf6136a1-b68a-49b2-9985-7b164538a112@group-6A1534BF05FB: ConfigurationManager, init=-1: [cf6136a1-b68a-49b2-9985-7b164538a112:192.168.5.183:42701], old=null, confs=<EMPTY_MAP>
2019-09-16 15:21:16,937 [pool-32-thread-1] INFO  server.RaftServerConfigKeys (ConfUtils.java:logGet(43)) - raft.server.storage.dir = [/workdir/hadoop-ozone/integration-test/target/test-dir/MiniOzoneClusterImpl-76fa9ddc-256d-4f33-8a89-44c31ad7a3c7/datanode-0/data/ratis] (custom)
2019-09-16 15:21:16,937 [pool-32-thread-1] INFO  storage.RaftStorageDirectory (RaftStorageDirectory.java:analyzeStorage(246)) - The storage directory /workdir/hadoop-ozone/integration-test/target/test-dir/MiniOzoneClusterImpl-76fa9ddc-256d-4f33-8a89-44c31ad7a3c7/datanode-0/data/ratis/d1f03f1e-89fc-435a-a562-6a1534bf05fb does not exist. Creating ...
2019-09-16 15:21:17,047 [pool-32-thread-1] INFO  storage.RaftStorageDirectory (RaftStorageDirectory.java:tryLock(328)) - Lock on /workdir/hadoop-ozone/integration-test/target/test-dir/MiniOzoneClusterImpl-76fa9ddc-256d-4f33-8a89-44c31ad7a3c7/datanode-0/data/ratis/d1f03f1e-89fc-435a-a562-6a1534bf05fb/in_use.lock acquired by nodename 10303@pr-hdds-1054-fkf2j-3502855176
2019-09-16 15:21:17,221 [pool-32-thread-1] INFO  storage.RaftStorage (RaftStorage.java:format(72)) - Storage directory /workdir/hadoop-ozone/integration-test/target/test-dir/MiniOzoneClusterImpl-76fa9ddc-256d-4f33-8a89-44c31ad7a3c7/datanode-0/data/ratis/d1f03f1e-89fc-435a-a562-6a1534bf05fb has been successfully formatted.
2019-09-16 15:21:17,223 [pool-32-thread-1] INFO  ratis.ContainerStateMachine (ContainerStateMachine.java:loadSnapshot(230)) - group-6A1534BF05FB: The snapshot info is null. Setting the last applied indexto:(t:0, i:~)
2019-09-16 15:21:17,224 [pool-32-thread-1] INFO  server.RaftServerConfigKeys (ConfUtils.java:logGet(43)) - raft.server.notification.no-leader.timeout = 120s (custom)
2019-09-16 15:21:17,224 [pool-32-thread-1] INFO  server.RaftServerConfigKeys (ConfUtils.java:logGet(43)) - raft.server.log.use.memory = false (default)
2019-09-16 15:21:17,224 [pool-32-thread-1] INFO  server.RaftServerConfigKeys (ConfUtils.java:logGet(43)) - raft.server.log.purge.gap = 1000000 (custom)
2019-09-16 15:21:17,225 [pool-32-thread-1] INFO  server.RaftServerConfigKeys (ConfUtils.java:logGet(43)) - raft.server.log.appender.buffer.byte-limit = 33554432 (custom)
2019-09-16 15:21:17,225 [pool-32-thread-1] INFO  server.RaftServerConfigKeys (ConfUtils.java:logGet(43)) - raft.server.log.segment.size.max = 1048576 (custom)
2019-09-16 15:21:17,225 [pool-32-thread-1] INFO  server.RaftServerConfigKeys (ConfUtils.java:logGet(43)) - raft.server.log.segment.cache.num.max = 2 (custom)
2019-09-16 15:21:17,226 [pool-32-thread-1] INFO  segmented.SegmentedRaftLogWorker (SegmentedRaftLogWorker.java:<init>(172)) - new cf6136a1-b68a-49b2-9985-7b164538a112@group-6A1534BF05FB-SegmentedRaftLogWorker for RaftStorage:Storage Directory /workdir/hadoop-ozone/integration-test/target/test-dir/MiniOzoneClusterImpl-76fa9ddc-256d-4f33-8a89-44c31ad7a3c7/datanode-0/data/ratis/d1f03f1e-89fc-435a-a562-6a1534bf05fb
2019-09-16 15:21:17,265 [pool-32-thread-1] INFO  server.RaftServerConfigKeys (ConfUtils.java:logGet(43)) - raft.server.log.queue.byte-limit = 2147483647 (custom)
2019-09-16 15:21:17,265 [pool-32-thread-1] INFO  server.RaftServerConfigKeys (ConfUtils.java:logGet(43)) - raft.server.log.queue.element-limit = 1024 (custom)
2019-09-16 15:21:17,265 [pool-32-thread-1] INFO  server.RaftServerConfigKeys (ConfUtils.java:logGet(43)) - raft.server.log.segment.size.max = 1048576 (custom)
2019-09-16 15:21:17,266 [pool-32-thread-1] INFO  server.RaftServerConfigKeys (ConfUtils.java:logGet(43)) - raft.server.log.preallocated.size = 16384 (custom)
2019-09-16 15:21:17,266 [pool-32-thread-1] INFO  server.RaftServerConfigKeys (ConfUtils.java:logGet(43)) - raft.server.log.write.buffer.size = 33554432 (custom)
2019-09-16 15:21:17,266 [pool-32-thread-1] INFO  server.RaftServerConfigKeys (ConfUtils.java:logGet(43)) - raft.server.log.force.sync.num = 128 (default)
2019-09-16 15:21:17,266 [pool-32-thread-1] INFO  server.RaftServerConfigKeys (ConfUtils.java:logGet(43)) - raft.server.log.statemachine.data.sync = true (default)
2019-09-16 15:21:17,266 [pool-32-thread-1] INFO  server.RaftServerConfigKeys (ConfUtils.java:logGet(43)) - raft.server.log.statemachine.data.sync.timeout = 10s (default)
2019-09-16 15:21:17,267 [pool-32-thread-1] INFO  server.RaftServerConfigKeys (ConfUtils.java:logGet(43)) - raft.server.log.statemachine.data.sync.timeout.retry = -1 (default)
2019-09-16 15:21:17,267 [pool-32-thread-1] INFO  server.RaftServerConfigKeys (ConfUtils.java:logGet(43)) - raft.server.log.statemachine.data.caching.enabled = true (custom)
2019-09-16 15:21:17,267 [pool-32-thread-1] INFO  segmented.SegmentedRaftLogWorker (SegmentedRaftLogWorker.java:lambda$new$0(132)) - cf6136a1-b68a-49b2-9985-7b164538a112@group-6A1534BF05FB-SegmentedRaftLogWorker: flushIndex: setUnconditionally 0 -> -1
2019-09-16 15:21:17,268 [pool-32-thread-1] INFO  server.RaftServerConfigKeys (ConfUtils.java:logGet(43)) - raft.server.snapshot.auto.trigger.enabled = true (custom)
2019-09-16 15:21:17,268 [pool-32-thread-1] INFO  server.RaftServerConfigKeys (ConfUtils.java:logGet(43)) - raft.server.snapshot.auto.trigger.threshold = 10000 (custom)
2019-09-16 15:21:17,268 [pool-32-thread-1] INFO  server.RaftServerConfigKeys (ConfUtils.java:logGet(43)) - raft.server.snapshot.retention.num.files = -1 (default)
2019-09-16 15:21:17,268 [pool-32-thread-1] INFO  server.RaftServerConfigKeys (ConfUtils.java:logGet(43)) - raft.server.retrycache.expirytime = 600000ms (custom)
2019-09-16 15:21:17,273 [pool-32-thread-1] INFO  impl.RaftServerImpl (RaftServerImpl.java:start(185)) - cf6136a1-b68a-49b2-9985-7b164538a112@group-6A1534BF05FB: start as a follower, conf=-1: [cf6136a1-b68a-49b2-9985-7b164538a112:192.168.5.183:42701], old=null
2019-09-16 15:21:17,273 [pool-32-thread-1] INFO  impl.RaftServerImpl (RaftServerImpl.java:setRole(174)) - cf6136a1-b68a-49b2-9985-7b164538a112@group-6A1534BF05FB: changes role from      null to FOLLOWER at term 0 for startAsFollower
2019-09-16 15:21:17,273 [pool-32-thread-1] INFO  impl.RoleInfo (RoleInfo.java:updateAndGet(143)) - cf6136a1-b68a-49b2-9985-7b164538a112: start FollowerState
2019-09-16 15:21:17,278 [pool-32-thread-1] INFO  util.JmxRegister (JmxRegister.java:tryRegister(44)) - Successfully registered JMX Bean with object name Ratis:service=RaftServer,group=group-6A1534BF05FB,id=cf6136a1-b68a-49b2-9985-7b164538a112
2019-09-16 15:21:17,378 [RatisPipelineUtilsThread] INFO  pipeline.PipelineStateManager (PipelineStateManager.java:addPipeline(56)) - Created pipeline Pipeline[ Id: d1f03f1e-89fc-435a-a562-6a1534bf05fb, Nodes: cf6136a1-b68a-49b2-9985-7b164538a112{ip: 192.168.5.183, host: pr-hdds-1054-fkf2j-3502855176, networkLocation: /rack1, certSerialId: null}, Type:RATIS, Factor:ONE, State:OPEN]
2019-09-16 15:21:17,401 [grpc-default-executor-0] INFO  impl.RaftServerProxy (RaftServerProxy.java:addNew(89)) - ac35d0bb-3f9a-40b5-90e5-914e8c22ca88: addNew group-0E90F9C9A926:[ac35d0bb-3f9a-40b5-90e5-914e8c22ca88:192.168.5.183:42069] returns group-0E90F9C9A926:java.util.concurrent.CompletableFuture@6c57c989[Not completed]
2019-09-16 15:21:17,415 [pool-42-thread-1] INFO  impl.RaftServerImpl (RaftServerImpl.java:<init>(95)) - ac35d0bb-3f9a-40b5-90e5-914e8c22ca88: new RaftServerImpl for group-0E90F9C9A926:[ac35d0bb-3f9a-40b5-90e5-914e8c22ca88:192.168.5.183:42069] with ContainerStateMachine:uninitialized
2019-09-16 15:21:17,419 [pool-42-thread-1] INFO  server.RaftServerConfigKeys (ConfUtils.java:logGet(43)) - raft.server.rpc.timeout.min = 5s (custom)
2019-09-16 15:21:17,419 [pool-42-thread-1] INFO  server.RaftServerConfigKeys (ConfUtils.java:logGet(43)) - raft.server.rpc.timeout.max = 5200ms (custom)
2019-09-16 15:21:17,420 [pool-42-thread-1] INFO  server.RaftServerConfigKeys (ConfUtils.java:logGet(43)) - raft.server.rpcslowness.timeout = 120s (custom)
2019-09-16 15:21:17,420 [pool-42-thread-1] INFO  server.RaftServerConfigKeys (ConfUtils.java:logGet(43)) - raft.server.sleep.deviation.threshold = 300 (default)
2019-09-16 15:21:17,420 [pool-42-thread-1] INFO  server.RaftServerConfigKeys (ConfUtils.java:logGet(43)) - raft.server.log.appender.install.snapshot.enabled = false (custom)
2019-09-16 15:21:17,420 [pool-42-thread-1] INFO  impl.RaftServerImpl (ServerState.java:<init>(103)) - ac35d0bb-3f9a-40b5-90e5-914e8c22ca88@group-0E90F9C9A926: ConfigurationManager, init=-1: [ac35d0bb-3f9a-40b5-90e5-914e8c22ca88:192.168.5.183:42069], old=null, confs=<EMPTY_MAP>
2019-09-16 15:21:17,420 [pool-42-thread-1] INFO  server.RaftServerConfigKeys (ConfUtils.java:logGet(43)) - raft.server.storage.dir = [/workdir/hadoop-ozone/integration-test/target/test-dir/MiniOzoneClusterImpl-76fa9ddc-256d-4f33-8a89-44c31ad7a3c7/datanode-1/data/ratis] (custom)
2019-09-16 15:21:17,421 [pool-42-thread-1] INFO  storage.RaftStorageDirectory (RaftStorageDirectory.java:analyzeStorage(246)) - The storage directory /workdir/hadoop-ozone/integration-test/target/test-dir/MiniOzoneClusterImpl-76fa9ddc-256d-4f33-8a89-44c31ad7a3c7/datanode-1/data/ratis/7fdce82a-173a-4614-aebf-0e90f9c9a926 does not exist. Creating ...
2019-09-16 15:21:17,466 [pool-42-thread-1] INFO  storage.RaftStorageDirectory (RaftStorageDirectory.java:tryLock(328)) - Lock on /workdir/hadoop-ozone/integration-test/target/test-dir/MiniOzoneClusterImpl-76fa9ddc-256d-4f33-8a89-44c31ad7a3c7/datanode-1/data/ratis/7fdce82a-173a-4614-aebf-0e90f9c9a926/in_use.lock acquired by nodename 10303@pr-hdds-1054-fkf2j-3502855176
2019-09-16 15:21:17,504 [pool-42-thread-1] INFO  storage.RaftStorage (RaftStorage.java:format(72)) - Storage directory /workdir/hadoop-ozone/integration-test/target/test-dir/MiniOzoneClusterImpl-76fa9ddc-256d-4f33-8a89-44c31ad7a3c7/datanode-1/data/ratis/7fdce82a-173a-4614-aebf-0e90f9c9a926 has been successfully formatted.
2019-09-16 15:21:17,504 [pool-42-thread-1] INFO  ratis.ContainerStateMachine (ContainerStateMachine.java:loadSnapshot(230)) - group-0E90F9C9A926: The snapshot info is null. Setting the last applied indexto:(t:0, i:~)
2019-09-16 15:21:17,506 [pool-42-thread-1] INFO  server.RaftServerConfigKeys (ConfUtils.java:logGet(43)) - raft.server.notification.no-leader.timeout = 120s (custom)
2019-09-16 15:21:17,507 [pool-42-thread-1] INFO  server.RaftServerConfigKeys (ConfUtils.java:logGet(43)) - raft.server.log.use.memory = false (default)
2019-09-16 15:21:17,507 [pool-42-thread-1] INFO  server.RaftServerConfigKeys (ConfUtils.java:logGet(43)) - raft.server.log.purge.gap = 1000000 (custom)
2019-09-16 15:21:17,507 [pool-42-thread-1] INFO  server.RaftServerConfigKeys (ConfUtils.java:logGet(43)) - raft.server.log.appender.buffer.byte-limit = 33554432 (custom)
2019-09-16 15:21:17,507 [pool-42-thread-1] INFO  server.RaftServerConfigKeys (ConfUtils.java:logGet(43)) - raft.server.log.segment.size.max = 1048576 (custom)
2019-09-16 15:21:17,507 [pool-42-thread-1] INFO  server.RaftServerConfigKeys (ConfUtils.java:logGet(43)) - raft.server.log.segment.cache.num.max = 2 (custom)
2019-09-16 15:21:17,507 [pool-42-thread-1] INFO  segmented.SegmentedRaftLogWorker (SegmentedRaftLogWorker.java:<init>(172)) - new ac35d0bb-3f9a-40b5-90e5-914e8c22ca88@group-0E90F9C9A926-SegmentedRaftLogWorker for RaftStorage:Storage Directory /workdir/hadoop-ozone/integration-test/target/test-dir/MiniOzoneClusterImpl-76fa9ddc-256d-4f33-8a89-44c31ad7a3c7/datanode-1/data/ratis/7fdce82a-173a-4614-aebf-0e90f9c9a926
2019-09-16 15:21:17,512 [pool-42-thread-1] INFO  server.RaftServerConfigKeys (ConfUtils.java:logGet(43)) - raft.server.log.queue.byte-limit = 2147483647 (custom)
2019-09-16 15:21:17,512 [pool-42-thread-1] INFO  server.RaftServerConfigKeys (ConfUtils.java:logGet(43)) - raft.server.log.queue.element-limit = 1024 (custom)
2019-09-16 15:21:17,512 [pool-42-thread-1] INFO  server.RaftServerConfigKeys (ConfUtils.java:logGet(43)) - raft.server.log.segment.size.max = 1048576 (custom)
2019-09-16 15:21:17,512 [pool-42-thread-1] INFO  server.RaftServerConfigKeys (ConfUtils.java:logGet(43)) - raft.server.log.preallocated.size = 16384 (custom)
2019-09-16 15:21:17,513 [pool-42-thread-1] INFO  server.RaftServerConfigKeys (ConfUtils.java:logGet(43)) - raft.server.log.write.buffer.size = 33554432 (custom)
2019-09-16 15:21:17,513 [pool-42-thread-1] INFO  server.RaftServerConfigKeys (ConfUtils.java:logGet(43)) - raft.server.log.force.sync.num = 128 (default)
2019-09-16 15:21:17,513 [pool-42-thread-1] INFO  server.RaftServerConfigKeys (ConfUtils.java:logGet(43)) - raft.server.log.statemachine.data.sync = true (default)
2019-09-16 15:21:17,513 [pool-42-thread-1] INFO  server.RaftServerConfigKeys (ConfUtils.java:logGet(43)) - raft.server.log.statemachine.data.sync.timeout = 10s (default)
2019-09-16 15:21:17,513 [pool-42-thread-1] INFO  server.RaftServerConfigKeys (ConfUtils.java:logGet(43)) - raft.server.log.statemachine.data.sync.timeout.retry = -1 (default)
2019-09-16 15:21:17,514 [pool-42-thread-1] INFO  server.RaftServerConfigKeys (ConfUtils.java:logGet(43)) - raft.server.log.statemachine.data.caching.enabled = true (custom)
2019-09-16 15:21:17,514 [pool-42-thread-1] INFO  segmented.SegmentedRaftLogWorker (SegmentedRaftLogWorker.java:lambda$new$0(132)) - ac35d0bb-3f9a-40b5-90e5-914e8c22ca88@group-0E90F9C9A926-SegmentedRaftLogWorker: flushIndex: setUnconditionally 0 -> -1
2019-09-16 15:21:17,514 [pool-42-thread-1] INFO  server.RaftServerConfigKeys (ConfUtils.java:logGet(43)) - raft.server.snapshot.auto.trigger.enabled = true (custom)
2019-09-16 15:21:17,514 [pool-42-thread-1] INFO  server.RaftServerConfigKeys (ConfUtils.java:logGet(43)) - raft.server.snapshot.auto.trigger.threshold = 10000 (custom)
2019-09-16 15:21:17,515 [pool-42-thread-1] INFO  server.RaftServerConfigKeys (ConfUtils.java:logGet(43)) - raft.server.snapshot.retention.num.files = -1 (default)
2019-09-16 15:21:17,515 [pool-42-thread-1] INFO  server.RaftServerConfigKeys (ConfUtils.java:logGet(43)) - raft.server.retrycache.expirytime = 600000ms (custom)
2019-09-16 15:21:17,519 [pool-42-thread-1] INFO  impl.RaftServerImpl (RaftServerImpl.java:start(185)) - ac35d0bb-3f9a-40b5-90e5-914e8c22ca88@group-0E90F9C9A926: start as a follower, conf=-1: [ac35d0bb-3f9a-40b5-90e5-914e8c22ca88:192.168.5.183:42069], old=null
2019-09-16 15:21:17,519 [pool-42-thread-1] INFO  impl.RaftServerImpl (RaftServerImpl.java:setRole(174)) - ac35d0bb-3f9a-40b5-90e5-914e8c22ca88@group-0E90F9C9A926: changes role from      null to FOLLOWER at term 0 for startAsFollower
2019-09-16 15:21:17,519 [pool-42-thread-1] INFO  impl.RoleInfo (RoleInfo.java:updateAndGet(143)) - ac35d0bb-3f9a-40b5-90e5-914e8c22ca88: start FollowerState
2019-09-16 15:21:17,520 [pool-42-thread-1] INFO  util.JmxRegister (JmxRegister.java:tryRegister(44)) - Successfully registered JMX Bean with object name Ratis:service=RaftServer,group=group-0E90F9C9A926,id=ac35d0bb-3f9a-40b5-90e5-914e8c22ca88
2019-09-16 15:21:17,534 [RatisPipelineUtilsThread] INFO  pipeline.PipelineStateManager (PipelineStateManager.java:addPipeline(56)) - Created pipeline Pipeline[ Id: 7fdce82a-173a-4614-aebf-0e90f9c9a926, Nodes: ac35d0bb-3f9a-40b5-90e5-914e8c22ca88{ip: 192.168.5.183, host: pr-hdds-1054-fkf2j-3502855176, networkLocation: /rack1, certSerialId: null}, Type:RATIS, Factor:ONE, State:OPEN]
2019-09-16 15:21:17,554 [grpc-default-executor-0] INFO  impl.RaftServerProxy (RaftServerProxy.java:addNew(89)) - a760d5cd-1cb7-492f-9e65-096e49ec8100: addNew group-CFFC7F28E6FF:[a760d5cd-1cb7-492f-9e65-096e49ec8100:192.168.5.183:34118] returns group-CFFC7F28E6FF:java.util.concurrent.CompletableFuture@5745f7cc[Not completed]
2019-09-16 15:21:17,556 [pool-62-thread-1] INFO  impl.RaftServerImpl (RaftServerImpl.java:<init>(95)) - a760d5cd-1cb7-492f-9e65-096e49ec8100: new RaftServerImpl for group-CFFC7F28E6FF:[a760d5cd-1cb7-492f-9e65-096e49ec8100:192.168.5.183:34118] with ContainerStateMachine:uninitialized
2019-09-16 15:21:17,557 [pool-62-thread-1] INFO  server.RaftServerConfigKeys (ConfUtils.java:logGet(43)) - raft.server.rpc.timeout.min = 5s (custom)
2019-09-16 15:21:17,557 [pool-62-thread-1] INFO  server.RaftServerConfigKeys (ConfUtils.java:logGet(43)) - raft.server.rpc.timeout.max = 5200ms (custom)
2019-09-16 15:21:17,557 [pool-62-thread-1] INFO  server.RaftServerConfigKeys (ConfUtils.java:logGet(43)) - raft.server.rpcslowness.timeout = 120s (custom)
2019-09-16 15:21:17,557 [pool-62-thread-1] INFO  server.RaftServerConfigKeys (ConfUtils.java:logGet(43)) - raft.server.sleep.deviation.threshold = 300 (default)
2019-09-16 15:21:17,557 [pool-62-thread-1] INFO  server.RaftServerConfigKeys (ConfUtils.java:logGet(43)) - raft.server.log.appender.install.snapshot.enabled = false (custom)
2019-09-16 15:21:17,557 [pool-62-thread-1] INFO  impl.RaftServerImpl (ServerState.java:<init>(103)) - a760d5cd-1cb7-492f-9e65-096e49ec8100@group-CFFC7F28E6FF: ConfigurationManager, init=-1: [a760d5cd-1cb7-492f-9e65-096e49ec8100:192.168.5.183:34118], old=null, confs=<EMPTY_MAP>
2019-09-16 15:21:17,558 [pool-62-thread-1] INFO  server.RaftServerConfigKeys (ConfUtils.java:logGet(43)) - raft.server.storage.dir = [/workdir/hadoop-ozone/integration-test/target/test-dir/MiniOzoneClusterImpl-76fa9ddc-256d-4f33-8a89-44c31ad7a3c7/datanode-3/data/ratis] (custom)
2019-09-16 15:21:17,558 [pool-62-thread-1] INFO  storage.RaftStorageDirectory (RaftStorageDirectory.java:analyzeStorage(246)) - The storage directory /workdir/hadoop-ozone/integration-test/target/test-dir/MiniOzoneClusterImpl-76fa9ddc-256d-4f33-8a89-44c31ad7a3c7/datanode-3/data/ratis/09d61a68-8f5b-4310-82b0-cffc7f28e6ff does not exist. Creating ...
2019-09-16 15:21:17,563 [main] INFO  ozone.MiniOzoneClusterImpl (MiniOzoneClusterImpl.java:lambda$waitForClusterToBeReady$0(140)) - Cluster is ready. Got 4 of 4 DN Heartbeats.
2019-09-16 15:21:17,571 [pool-62-thread-1] INFO  storage.RaftStorageDirectory (RaftStorageDirectory.java:tryLock(328)) - Lock on /workdir/hadoop-ozone/integration-test/target/test-dir/MiniOzoneClusterImpl-76fa9ddc-256d-4f33-8a89-44c31ad7a3c7/datanode-3/data/ratis/09d61a68-8f5b-4310-82b0-cffc7f28e6ff/in_use.lock acquired by nodename 10303@pr-hdds-1054-fkf2j-3502855176
2019-09-16 15:21:17,584 [pool-62-thread-1] INFO  storage.RaftStorage (RaftStorage.java:format(72)) - Storage directory /workdir/hadoop-ozone/integration-test/target/test-dir/MiniOzoneClusterImpl-76fa9ddc-256d-4f33-8a89-44c31ad7a3c7/datanode-3/data/ratis/09d61a68-8f5b-4310-82b0-cffc7f28e6ff has been successfully formatted.
2019-09-16 15:21:17,584 [pool-62-thread-1] INFO  ratis.ContainerStateMachine (ContainerStateMachine.java:loadSnapshot(230)) - group-CFFC7F28E6FF: The snapshot info is null. Setting the last applied indexto:(t:0, i:~)
2019-09-16 15:21:17,584 [pool-62-thread-1] INFO  server.RaftServerConfigKeys (ConfUtils.java:logGet(43)) - raft.server.notification.no-leader.timeout = 120s (custom)
2019-09-16 15:21:17,585 [pool-62-thread-1] INFO  server.RaftServerConfigKeys (ConfUtils.java:logGet(43)) - raft.server.log.use.memory = false (default)
2019-09-16 15:21:17,585 [pool-62-thread-1] INFO  server.RaftServerConfigKeys (ConfUtils.java:logGet(43)) - raft.server.log.purge.gap = 1000000 (custom)
2019-09-16 15:21:17,585 [pool-62-thread-1] INFO  server.RaftServerConfigKeys (ConfUtils.java:logGet(43)) - raft.server.log.appender.buffer.byte-limit = 33554432 (custom)
2019-09-16 15:21:17,585 [pool-62-thread-1] INFO  server.RaftServerConfigKeys (ConfUtils.java:logGet(43)) - raft.server.log.segment.size.max = 1048576 (custom)
2019-09-16 15:21:17,585 [pool-62-thread-1] INFO  server.RaftServerConfigKeys (ConfUtils.java:logGet(43)) - raft.server.log.segment.cache.num.max = 2 (custom)
2019-09-16 15:21:17,585 [pool-62-thread-1] INFO  segmented.SegmentedRaftLogWorker (SegmentedRaftLogWorker.java:<init>(172)) - new a760d5cd-1cb7-492f-9e65-096e49ec8100@group-CFFC7F28E6FF-SegmentedRaftLogWorker for RaftStorage:Storage Directory /workdir/hadoop-ozone/integration-test/target/test-dir/MiniOzoneClusterImpl-76fa9ddc-256d-4f33-8a89-44c31ad7a3c7/datanode-3/data/ratis/09d61a68-8f5b-4310-82b0-cffc7f28e6ff
2019-09-16 15:21:17,590 [pool-62-thread-1] INFO  server.RaftServerConfigKeys (ConfUtils.java:logGet(43)) - raft.server.log.queue.byte-limit = 2147483647 (custom)
2019-09-16 15:21:17,590 [pool-62-thread-1] INFO  server.RaftServerConfigKeys (ConfUtils.java:logGet(43)) - raft.server.log.queue.element-limit = 1024 (custom)
2019-09-16 15:21:17,590 [pool-62-thread-1] INFO  server.RaftServerConfigKeys (ConfUtils.java:logGet(43)) - raft.server.log.segment.size.max = 1048576 (custom)
2019-09-16 15:21:17,591 [pool-62-thread-1] INFO  server.RaftServerConfigKeys (ConfUtils.java:logGet(43)) - raft.server.log.preallocated.size = 16384 (custom)
2019-09-16 15:21:17,591 [pool-62-thread-1] INFO  server.RaftServerConfigKeys (ConfUtils.java:logGet(43)) - raft.server.log.write.buffer.size = 33554432 (custom)
2019-09-16 15:21:17,591 [pool-62-thread-1] INFO  server.RaftServerConfigKeys (ConfUtils.java:logGet(43)) - raft.server.log.force.sync.num = 128 (default)
2019-09-16 15:21:17,591 [pool-62-thread-1] INFO  server.RaftServerConfigKeys (ConfUtils.java:logGet(43)) - raft.server.log.statemachine.data.sync = true (default)
2019-09-16 15:21:17,591 [pool-62-thread-1] INFO  server.RaftServerConfigKeys (ConfUtils.java:logGet(43)) - raft.server.log.statemachine.data.sync.timeout = 10s (default)
2019-09-16 15:21:17,591 [pool-62-thread-1] INFO  server.RaftServerConfigKeys (ConfUtils.java:logGet(43)) - raft.server.log.statemachine.data.sync.timeout.retry = -1 (default)
2019-09-16 15:21:17,592 [pool-62-thread-1] INFO  server.RaftServerConfigKeys (ConfUtils.java:logGet(43)) - raft.server.log.statemachine.data.caching.enabled = true (custom)
2019-09-16 15:21:17,592 [pool-62-thread-1] INFO  segmented.SegmentedRaftLogWorker (SegmentedRaftLogWorker.java:lambda$new$0(132)) - a760d5cd-1cb7-492f-9e65-096e49ec8100@group-CFFC7F28E6FF-SegmentedRaftLogWorker: flushIndex: setUnconditionally 0 -> -1
2019-09-16 15:21:17,593 [pool-62-thread-1] INFO  server.RaftServerConfigKeys (ConfUtils.java:logGet(43)) - raft.server.snapshot.auto.trigger.enabled = true (custom)
2019-09-16 15:21:17,593 [pool-62-thread-1] INFO  server.RaftServerConfigKeys (ConfUtils.java:logGet(43)) - raft.server.snapshot.auto.trigger.threshold = 10000 (custom)
2019-09-16 15:21:17,593 [pool-62-thread-1] INFO  server.RaftServerConfigKeys (ConfUtils.java:logGet(43)) - raft.server.snapshot.retention.num.files = -1 (default)
2019-09-16 15:21:17,593 [pool-62-thread-1] INFO  server.RaftServerConfigKeys (ConfUtils.java:logGet(43)) - raft.server.retrycache.expirytime = 600000ms (custom)
2019-09-16 15:21:17,597 [pool-62-thread-1] INFO  impl.RaftServerImpl (RaftServerImpl.java:start(185)) - a760d5cd-1cb7-492f-9e65-096e49ec8100@group-CFFC7F28E6FF: start as a follower, conf=-1: [a760d5cd-1cb7-492f-9e65-096e49ec8100:192.168.5.183:34118], old=null
2019-09-16 15:21:17,597 [pool-62-thread-1] INFO  impl.RaftServerImpl (RaftServerImpl.java:setRole(174)) - a760d5cd-1cb7-492f-9e65-096e49ec8100@group-CFFC7F28E6FF: changes role from      null to FOLLOWER at term 0 for startAsFollower
2019-09-16 15:21:17,597 [pool-62-thread-1] INFO  impl.RoleInfo (RoleInfo.java:updateAndGet(143)) - a760d5cd-1cb7-492f-9e65-096e49ec8100: start FollowerState
2019-09-16 15:21:17,597 [pool-62-thread-1] INFO  util.JmxRegister (JmxRegister.java:tryRegister(44)) - Successfully registered JMX Bean with object name Ratis:service=RaftServer,group=group-CFFC7F28E6FF,id=a760d5cd-1cb7-492f-9e65-096e49ec8100
2019-09-16 15:21:17,609 [RatisPipelineUtilsThread] INFO  pipeline.PipelineStateManager (PipelineStateManager.java:addPipeline(56)) - Created pipeline Pipeline[ Id: 09d61a68-8f5b-4310-82b0-cffc7f28e6ff, Nodes: a760d5cd-1cb7-492f-9e65-096e49ec8100{ip: 192.168.5.183, host: pr-hdds-1054-fkf2j-3502855176, networkLocation: /rack1, certSerialId: null}, Type:RATIS, Factor:ONE, State:OPEN]
2019-09-16 15:21:17,626 [grpc-default-executor-0] INFO  impl.RaftServerProxy (RaftServerProxy.java:addNew(89)) - 938a2b36-0fde-4b5a-b944-dd169fdf7f21: addNew group-CC420E22ED9F:[938a2b36-0fde-4b5a-b944-dd169fdf7f21:192.168.5.183:44337] returns group-CC420E22ED9F:java.util.concurrent.CompletableFuture@1d463cc8[Not completed]
2019-09-16 15:21:17,629 [pool-52-thread-1] INFO  impl.RaftServerImpl (RaftServerImpl.java:<init>(95)) - 938a2b36-0fde-4b5a-b944-dd169fdf7f21: new RaftServerImpl for group-CC420E22ED9F:[938a2b36-0fde-4b5a-b944-dd169fdf7f21:192.168.5.183:44337] with ContainerStateMachine:uninitialized
2019-09-16 15:21:17,630 [pool-52-thread-1] INFO  server.RaftServerConfigKeys (ConfUtils.java:logGet(43)) - raft.server.rpc.timeout.min = 5s (custom)
2019-09-16 15:21:17,630 [pool-52-thread-1] INFO  server.RaftServerConfigKeys (ConfUtils.java:logGet(43)) - raft.server.rpc.timeout.max = 5200ms (custom)
2019-09-16 15:21:17,630 [pool-52-thread-1] INFO  server.RaftServerConfigKeys (ConfUtils.java:logGet(43)) - raft.server.rpcslowness.timeout = 120s (custom)
2019-09-16 15:21:17,630 [pool-52-thread-1] INFO  server.RaftServerConfigKeys (ConfUtils.java:logGet(43)) - raft.server.sleep.deviation.threshold = 300 (default)
2019-09-16 15:21:17,631 [pool-52-thread-1] INFO  server.RaftServerConfigKeys (ConfUtils.java:logGet(43)) - raft.server.log.appender.install.snapshot.enabled = false (custom)
2019-09-16 15:21:17,631 [pool-52-thread-1] INFO  impl.RaftServerImpl (ServerState.java:<init>(103)) - 938a2b36-0fde-4b5a-b944-dd169fdf7f21@group-CC420E22ED9F: ConfigurationManager, init=-1: [938a2b36-0fde-4b5a-b944-dd169fdf7f21:192.168.5.183:44337], old=null, confs=<EMPTY_MAP>
2019-09-16 15:21:17,631 [pool-52-thread-1] INFO  server.RaftServerConfigKeys (ConfUtils.java:logGet(43)) - raft.server.storage.dir = [/workdir/hadoop-ozone/integration-test/target/test-dir/MiniOzoneClusterImpl-76fa9ddc-256d-4f33-8a89-44c31ad7a3c7/datanode-2/data/ratis] (custom)
2019-09-16 15:21:17,632 [pool-52-thread-1] INFO  storage.RaftStorageDirectory (RaftStorageDirectory.java:analyzeStorage(246)) - The storage directory /workdir/hadoop-ozone/integration-test/target/test-dir/MiniOzoneClusterImpl-76fa9ddc-256d-4f33-8a89-44c31ad7a3c7/datanode-2/data/ratis/2d2f7c7d-93be-45cc-9c83-cc420e22ed9f does not exist. Creating ...
2019-09-16 15:21:17,674 [pool-52-thread-1] INFO  storage.RaftStorageDirectory (RaftStorageDirectory.java:tryLock(328)) - Lock on /workdir/hadoop-ozone/integration-test/target/test-dir/MiniOzoneClusterImpl-76fa9ddc-256d-4f33-8a89-44c31ad7a3c7/datanode-2/data/ratis/2d2f7c7d-93be-45cc-9c83-cc420e22ed9f/in_use.lock acquired by nodename 10303@pr-hdds-1054-fkf2j-3502855176
2019-09-16 15:21:17,696 [pool-52-thread-1] INFO  storage.RaftStorage (RaftStorage.java:format(72)) - Storage directory /workdir/hadoop-ozone/integration-test/target/test-dir/MiniOzoneClusterImpl-76fa9ddc-256d-4f33-8a89-44c31ad7a3c7/datanode-2/data/ratis/2d2f7c7d-93be-45cc-9c83-cc420e22ed9f has been successfully formatted.
2019-09-16 15:21:17,697 [pool-52-thread-1] INFO  ratis.ContainerStateMachine (ContainerStateMachine.java:loadSnapshot(230)) - group-CC420E22ED9F: The snapshot info is null. Setting the last applied indexto:(t:0, i:~)
2019-09-16 15:21:17,697 [pool-52-thread-1] INFO  server.RaftServerConfigKeys (ConfUtils.java:logGet(43)) - raft.server.notification.no-leader.timeout = 120s (custom)
2019-09-16 15:21:17,697 [pool-52-thread-1] INFO  server.RaftServerConfigKeys (ConfUtils.java:logGet(43)) - raft.server.log.use.memory = false (default)
2019-09-16 15:21:17,697 [pool-52-thread-1] INFO  server.RaftServerConfigKeys (ConfUtils.java:logGet(43)) - raft.server.log.purge.gap = 1000000 (custom)
2019-09-16 15:21:17,698 [pool-52-thread-1] INFO  server.RaftServerConfigKeys (ConfUtils.java:logGet(43)) - raft.server.log.appender.buffer.byte-limit = 33554432 (custom)
2019-09-16 15:21:17,698 [pool-52-thread-1] INFO  server.RaftServerConfigKeys (ConfUtils.java:logGet(43)) - raft.server.log.segment.size.max = 1048576 (custom)
2019-09-16 15:21:17,698 [pool-52-thread-1] INFO  server.RaftServerConfigKeys (ConfUtils.java:logGet(43)) - raft.server.log.segment.cache.num.max = 2 (custom)
2019-09-16 15:21:17,699 [pool-52-thread-1] INFO  segmented.SegmentedRaftLogWorker (SegmentedRaftLogWorker.java:<init>(172)) - new 938a2b36-0fde-4b5a-b944-dd169fdf7f21@group-CC420E22ED9F-SegmentedRaftLogWorker for RaftStorage:Storage Directory /workdir/hadoop-ozone/integration-test/target/test-dir/MiniOzoneClusterImpl-76fa9ddc-256d-4f33-8a89-44c31ad7a3c7/datanode-2/data/ratis/2d2f7c7d-93be-45cc-9c83-cc420e22ed9f
2019-09-16 15:21:17,704 [pool-52-thread-1] INFO  server.RaftServerConfigKeys (ConfUtils.java:logGet(43)) - raft.server.log.queue.byte-limit = 2147483647 (custom)
2019-09-16 15:21:17,704 [pool-52-thread-1] INFO  server.RaftServerConfigKeys (ConfUtils.java:logGet(43)) - raft.server.log.queue.element-limit = 1024 (custom)
2019-09-16 15:21:17,705 [pool-52-thread-1] INFO  server.RaftServerConfigKeys (ConfUtils.java:logGet(43)) - raft.server.log.segment.size.max = 1048576 (custom)
2019-09-16 15:21:17,705 [pool-52-thread-1] INFO  server.RaftServerConfigKeys (ConfUtils.java:logGet(43)) - raft.server.log.preallocated.size = 16384 (custom)
2019-09-16 15:21:17,705 [pool-52-thread-1] INFO  server.RaftServerConfigKeys (ConfUtils.java:logGet(43)) - raft.server.log.write.buffer.size = 33554432 (custom)
2019-09-16 15:21:17,705 [pool-52-thread-1] INFO  server.RaftServerConfigKeys (ConfUtils.java:logGet(43)) - raft.server.log.force.sync.num = 128 (default)
2019-09-16 15:21:17,705 [pool-52-thread-1] INFO  server.RaftServerConfigKeys (ConfUtils.java:logGet(43)) - raft.server.log.statemachine.data.sync = true (default)
2019-09-16 15:21:17,706 [pool-52-thread-1] INFO  server.RaftServerConfigKeys (ConfUtils.java:logGet(43)) - raft.server.log.statemachine.data.sync.timeout = 10s (default)
2019-09-16 15:21:17,706 [pool-52-thread-1] INFO  server.RaftServerConfigKeys (ConfUtils.java:logGet(43)) - raft.server.log.statemachine.data.sync.timeout.retry = -1 (default)
2019-09-16 15:21:17,707 [pool-52-thread-1] INFO  server.RaftServerConfigKeys (ConfUtils.java:logGet(43)) - raft.server.log.statemachine.data.caching.enabled = true (custom)
2019-09-16 15:21:17,707 [pool-52-thread-1] INFO  segmented.SegmentedRaftLogWorker (SegmentedRaftLogWorker.java:lambda$new$0(132)) - 938a2b36-0fde-4b5a-b944-dd169fdf7f21@group-CC420E22ED9F-SegmentedRaftLogWorker: flushIndex: setUnconditionally 0 -> -1
2019-09-16 15:21:17,708 [pool-52-thread-1] INFO  server.RaftServerConfigKeys (ConfUtils.java:logGet(43)) - raft.server.snapshot.auto.trigger.enabled = true (custom)
2019-09-16 15:21:17,708 [pool-52-thread-1] INFO  server.RaftServerConfigKeys (ConfUtils.java:logGet(43)) - raft.server.snapshot.auto.trigger.threshold = 10000 (custom)
2019-09-16 15:21:17,708 [pool-52-thread-1] INFO  server.RaftServerConfigKeys (ConfUtils.java:logGet(43)) - raft.server.snapshot.retention.num.files = -1 (default)
2019-09-16 15:21:17,709 [pool-52-thread-1] INFO  server.RaftServerConfigKeys (ConfUtils.java:logGet(43)) - raft.server.retrycache.expirytime = 600000ms (custom)
2019-09-16 15:21:17,713 [pool-52-thread-1] INFO  impl.RaftServerImpl (RaftServerImpl.java:start(185)) - 938a2b36-0fde-4b5a-b944-dd169fdf7f21@group-CC420E22ED9F: start as a follower, conf=-1: [938a2b36-0fde-4b5a-b944-dd169fdf7f21:192.168.5.183:44337], old=null
2019-09-16 15:21:17,714 [pool-52-thread-1] INFO  impl.RaftServerImpl (RaftServerImpl.java:setRole(174)) - 938a2b36-0fde-4b5a-b944-dd169fdf7f21@group-CC420E22ED9F: changes role from      null to FOLLOWER at term 0 for startAsFollower
2019-09-16 15:21:17,714 [pool-52-thread-1] INFO  impl.RoleInfo (RoleInfo.java:updateAndGet(143)) - 938a2b36-0fde-4b5a-b944-dd169fdf7f21: start FollowerState
2019-09-16 15:21:17,714 [pool-52-thread-1] INFO  util.JmxRegister (JmxRegister.java:tryRegister(44)) - Successfully registered JMX Bean with object name Ratis:service=RaftServer,group=group-CC420E22ED9F,id=938a2b36-0fde-4b5a-b944-dd169fdf7f21
2019-09-16 15:21:17,726 [RatisPipelineUtilsThread] INFO  pipeline.PipelineStateManager (PipelineStateManager.java:addPipeline(56)) - Created pipeline Pipeline[ Id: 2d2f7c7d-93be-45cc-9c83-cc420e22ed9f, Nodes: 938a2b36-0fde-4b5a-b944-dd169fdf7f21{ip: 192.168.5.183, host: pr-hdds-1054-fkf2j-3502855176, networkLocation: /rack1, certSerialId: null}, Type:RATIS, Factor:ONE, State:OPEN]
2019-09-16 15:21:17,773 [grpc-default-executor-2] INFO  impl.RaftServerProxy (RaftServerProxy.java:addNew(89)) - cf6136a1-b68a-49b2-9985-7b164538a112: addNew group-05A7CCD3E4F3:[ac35d0bb-3f9a-40b5-90e5-914e8c22ca88:192.168.5.183:42069, cf6136a1-b68a-49b2-9985-7b164538a112:192.168.5.183:42701, a760d5cd-1cb7-492f-9e65-096e49ec8100:192.168.5.183:34118] returns group-05A7CCD3E4F3:java.util.concurrent.CompletableFuture@1b765456[Not completed]
2019-09-16 15:21:17,779 [grpc-default-executor-2] INFO  impl.RaftServerProxy (RaftServerProxy.java:addNew(89)) - a760d5cd-1cb7-492f-9e65-096e49ec8100: addNew group-05A7CCD3E4F3:[ac35d0bb-3f9a-40b5-90e5-914e8c22ca88:192.168.5.183:42069, cf6136a1-b68a-49b2-9985-7b164538a112:192.168.5.183:42701, a760d5cd-1cb7-492f-9e65-096e49ec8100:192.168.5.183:34118] returns group-05A7CCD3E4F3:java.util.concurrent.CompletableFuture@1f49d3e0[Not completed]
2019-09-16 15:21:17,781 [grpc-default-executor-2] INFO  impl.RaftServerProxy (RaftServerProxy.java:addNew(89)) - ac35d0bb-3f9a-40b5-90e5-914e8c22ca88: addNew group-05A7CCD3E4F3:[ac35d0bb-3f9a-40b5-90e5-914e8c22ca88:192.168.5.183:42069, cf6136a1-b68a-49b2-9985-7b164538a112:192.168.5.183:42701, a760d5cd-1cb7-492f-9e65-096e49ec8100:192.168.5.183:34118] returns group-05A7CCD3E4F3:java.util.concurrent.CompletableFuture@4226188c[Not completed]
2019-09-16 15:21:17,781 [pool-32-thread-1] INFO  impl.RaftServerImpl (RaftServerImpl.java:<init>(95)) - cf6136a1-b68a-49b2-9985-7b164538a112: new RaftServerImpl for group-05A7CCD3E4F3:[ac35d0bb-3f9a-40b5-90e5-914e8c22ca88:192.168.5.183:42069, cf6136a1-b68a-49b2-9985-7b164538a112:192.168.5.183:42701, a760d5cd-1cb7-492f-9e65-096e49ec8100:192.168.5.183:34118] with ContainerStateMachine:uninitialized
2019-09-16 15:21:17,782 [pool-32-thread-1] INFO  server.RaftServerConfigKeys (ConfUtils.java:logGet(43)) - raft.server.rpc.timeout.min = 5s (custom)
2019-09-16 15:21:17,782 [pool-32-thread-1] INFO  server.RaftServerConfigKeys (ConfUtils.java:logGet(43)) - raft.server.rpc.timeout.max = 5200ms (custom)
2019-09-16 15:21:17,782 [pool-32-thread-1] INFO  server.RaftServerConfigKeys (ConfUtils.java:logGet(43)) - raft.server.rpcslowness.timeout = 120s (custom)
2019-09-16 15:21:17,782 [pool-32-thread-1] INFO  server.RaftServerConfigKeys (ConfUtils.java:logGet(43)) - raft.server.sleep.deviation.threshold = 300 (default)
2019-09-16 15:21:17,782 [pool-32-thread-1] INFO  server.RaftServerConfigKeys (ConfUtils.java:logGet(43)) - raft.server.log.appender.install.snapshot.enabled = false (custom)
2019-09-16 15:21:17,782 [pool-32-thread-1] INFO  impl.RaftServerImpl (ServerState.java:<init>(103)) - cf6136a1-b68a-49b2-9985-7b164538a112@group-05A7CCD3E4F3: ConfigurationManager, init=-1: [ac35d0bb-3f9a-40b5-90e5-914e8c22ca88:192.168.5.183:42069, cf6136a1-b68a-49b2-9985-7b164538a112:192.168.5.183:42701, a760d5cd-1cb7-492f-9e65-096e49ec8100:192.168.5.183:34118], old=null, confs=<EMPTY_MAP>
2019-09-16 15:21:17,783 [pool-32-thread-1] INFO  server.RaftServerConfigKeys (ConfUtils.java:logGet(43)) - raft.server.storage.dir = [/workdir/hadoop-ozone/integration-test/target/test-dir/MiniOzoneClusterImpl-76fa9ddc-256d-4f33-8a89-44c31ad7a3c7/datanode-0/data/ratis] (custom)
2019-09-16 15:21:17,783 [pool-62-thread-1] INFO  impl.RaftServerImpl (RaftServerImpl.java:<init>(95)) - a760d5cd-1cb7-492f-9e65-096e49ec8100: new RaftServerImpl for group-05A7CCD3E4F3:[ac35d0bb-3f9a-40b5-90e5-914e8c22ca88:192.168.5.183:42069, cf6136a1-b68a-49b2-9985-7b164538a112:192.168.5.183:42701, a760d5cd-1cb7-492f-9e65-096e49ec8100:192.168.5.183:34118] with ContainerStateMachine:uninitialized
2019-09-16 15:21:17,783 [pool-32-thread-1] INFO  storage.RaftStorageDirectory (RaftStorageDirectory.java:analyzeStorage(246)) - The storage directory /workdir/hadoop-ozone/integration-test/target/test-dir/MiniOzoneClusterImpl-76fa9ddc-256d-4f33-8a89-44c31ad7a3c7/datanode-0/data/ratis/0a96cf58-bca1-4dab-82c2-05a7ccd3e4f3 does not exist. Creating ...
2019-09-16 15:21:17,783 [pool-62-thread-1] INFO  server.RaftServerConfigKeys (ConfUtils.java:logGet(43)) - raft.server.rpc.timeout.min = 5s (custom)
2019-09-16 15:21:17,783 [pool-42-thread-1] INFO  impl.RaftServerImpl (RaftServerImpl.java:<init>(95)) - ac35d0bb-3f9a-40b5-90e5-914e8c22ca88: new RaftServerImpl for group-05A7CCD3E4F3:[ac35d0bb-3f9a-40b5-90e5-914e8c22ca88:192.168.5.183:42069, cf6136a1-b68a-49b2-9985-7b164538a112:192.168.5.183:42701, a760d5cd-1cb7-492f-9e65-096e49ec8100:192.168.5.183:34118] with ContainerStateMachine:uninitialized
2019-09-16 15:21:17,783 [pool-62-thread-1] INFO  server.RaftServerConfigKeys (ConfUtils.java:logGet(43)) - raft.server.rpc.timeout.max = 5200ms (custom)
2019-09-16 15:21:17,784 [pool-42-thread-1] INFO  server.RaftServerConfigKeys (ConfUtils.java:logGet(43)) - raft.server.rpc.timeout.min = 5s (custom)
2019-09-16 15:21:17,784 [pool-62-thread-1] INFO  server.RaftServerConfigKeys (ConfUtils.java:logGet(43)) - raft.server.rpcslowness.timeout = 120s (custom)
2019-09-16 15:21:17,784 [pool-42-thread-1] INFO  server.RaftServerConfigKeys (ConfUtils.java:logGet(43)) - raft.server.rpc.timeout.max = 5200ms (custom)
2019-09-16 15:21:17,784 [pool-62-thread-1] INFO  server.RaftServerConfigKeys (ConfUtils.java:logGet(43)) - raft.server.sleep.deviation.threshold = 300 (default)
2019-09-16 15:21:17,784 [pool-42-thread-1] INFO  server.RaftServerConfigKeys (ConfUtils.java:logGet(43)) - raft.server.rpcslowness.timeout = 120s (custom)
2019-09-16 15:21:17,784 [pool-62-thread-1] INFO  server.RaftServerConfigKeys (ConfUtils.java:logGet(43)) - raft.server.log.appender.install.snapshot.enabled = false (custom)
2019-09-16 15:21:17,784 [pool-42-thread-1] INFO  server.RaftServerConfigKeys (ConfUtils.java:logGet(43)) - raft.server.sleep.deviation.threshold = 300 (default)
2019-09-16 15:21:17,785 [pool-62-thread-1] INFO  impl.RaftServerImpl (ServerState.java:<init>(103)) - a760d5cd-1cb7-492f-9e65-096e49ec8100@group-05A7CCD3E4F3: ConfigurationManager, init=-1: [ac35d0bb-3f9a-40b5-90e5-914e8c22ca88:192.168.5.183:42069, cf6136a1-b68a-49b2-9985-7b164538a112:192.168.5.183:42701, a760d5cd-1cb7-492f-9e65-096e49ec8100:192.168.5.183:34118], old=null, confs=<EMPTY_MAP>
2019-09-16 15:21:17,785 [pool-42-thread-1] INFO  server.RaftServerConfigKeys (ConfUtils.java:logGet(43)) - raft.server.log.appender.install.snapshot.enabled = false (custom)
2019-09-16 15:21:17,785 [pool-62-thread-1] INFO  server.RaftServerConfigKeys (ConfUtils.java:logGet(43)) - raft.server.storage.dir = [/workdir/hadoop-ozone/integration-test/target/test-dir/MiniOzoneClusterImpl-76fa9ddc-256d-4f33-8a89-44c31ad7a3c7/datanode-3/data/ratis] (custom)
2019-09-16 15:21:17,785 [pool-42-thread-1] INFO  impl.RaftServerImpl (ServerState.java:<init>(103)) - ac35d0bb-3f9a-40b5-90e5-914e8c22ca88@group-05A7CCD3E4F3: ConfigurationManager, init=-1: [ac35d0bb-3f9a-40b5-90e5-914e8c22ca88:192.168.5.183:42069, cf6136a1-b68a-49b2-9985-7b164538a112:192.168.5.183:42701, a760d5cd-1cb7-492f-9e65-096e49ec8100:192.168.5.183:34118], old=null, confs=<EMPTY_MAP>
2019-09-16 15:21:17,785 [pool-42-thread-1] INFO  server.RaftServerConfigKeys (ConfUtils.java:logGet(43)) - raft.server.storage.dir = [/workdir/hadoop-ozone/integration-test/target/test-dir/MiniOzoneClusterImpl-76fa9ddc-256d-4f33-8a89-44c31ad7a3c7/datanode-1/data/ratis] (custom)
2019-09-16 15:21:17,786 [pool-62-thread-1] INFO  storage.RaftStorageDirectory (RaftStorageDirectory.java:analyzeStorage(246)) - The storage directory /workdir/hadoop-ozone/integration-test/target/test-dir/MiniOzoneClusterImpl-76fa9ddc-256d-4f33-8a89-44c31ad7a3c7/datanode-3/data/ratis/0a96cf58-bca1-4dab-82c2-05a7ccd3e4f3 does not exist. Creating ...
2019-09-16 15:21:17,786 [pool-42-thread-1] INFO  storage.RaftStorageDirectory (RaftStorageDirectory.java:analyzeStorage(246)) - The storage directory /workdir/hadoop-ozone/integration-test/target/test-dir/MiniOzoneClusterImpl-76fa9ddc-256d-4f33-8a89-44c31ad7a3c7/datanode-1/data/ratis/0a96cf58-bca1-4dab-82c2-05a7ccd3e4f3 does not exist. Creating ...
2019-09-16 15:21:17,807 [pool-32-thread-1] INFO  storage.RaftStorageDirectory (RaftStorageDirectory.java:tryLock(328)) - Lock on /workdir/hadoop-ozone/integration-test/target/test-dir/MiniOzoneClusterImpl-76fa9ddc-256d-4f33-8a89-44c31ad7a3c7/datanode-0/data/ratis/0a96cf58-bca1-4dab-82c2-05a7ccd3e4f3/in_use.lock acquired by nodename 10303@pr-hdds-1054-fkf2j-3502855176
2019-09-16 15:21:17,807 [pool-62-thread-1] INFO  storage.RaftStorageDirectory (RaftStorageDirectory.java:tryLock(328)) - Lock on /workdir/hadoop-ozone/integration-test/target/test-dir/MiniOzoneClusterImpl-76fa9ddc-256d-4f33-8a89-44c31ad7a3c7/datanode-3/data/ratis/0a96cf58-bca1-4dab-82c2-05a7ccd3e4f3/in_use.lock acquired by nodename 10303@pr-hdds-1054-fkf2j-3502855176
2019-09-16 15:21:17,807 [pool-42-thread-1] INFO  storage.RaftStorageDirectory (RaftStorageDirectory.java:tryLock(328)) - Lock on /workdir/hadoop-ozone/integration-test/target/test-dir/MiniOzoneClusterImpl-76fa9ddc-256d-4f33-8a89-44c31ad7a3c7/datanode-1/data/ratis/0a96cf58-bca1-4dab-82c2-05a7ccd3e4f3/in_use.lock acquired by nodename 10303@pr-hdds-1054-fkf2j-3502855176
2019-09-16 15:21:17,837 [pool-42-thread-1] INFO  storage.RaftStorage (RaftStorage.java:format(72)) - Storage directory /workdir/hadoop-ozone/integration-test/target/test-dir/MiniOzoneClusterImpl-76fa9ddc-256d-4f33-8a89-44c31ad7a3c7/datanode-1/data/ratis/0a96cf58-bca1-4dab-82c2-05a7ccd3e4f3 has been successfully formatted.
2019-09-16 15:21:17,837 [pool-62-thread-1] INFO  storage.RaftStorage (RaftStorage.java:format(72)) - Storage directory /workdir/hadoop-ozone/integration-test/target/test-dir/MiniOzoneClusterImpl-76fa9ddc-256d-4f33-8a89-44c31ad7a3c7/datanode-3/data/ratis/0a96cf58-bca1-4dab-82c2-05a7ccd3e4f3 has been successfully formatted.
2019-09-16 15:21:17,837 [pool-32-thread-1] INFO  storage.RaftStorage (RaftStorage.java:format(72)) - Storage directory /workdir/hadoop-ozone/integration-test/target/test-dir/MiniOzoneClusterImpl-76fa9ddc-256d-4f33-8a89-44c31ad7a3c7/datanode-0/data/ratis/0a96cf58-bca1-4dab-82c2-05a7ccd3e4f3 has been successfully formatted.
2019-09-16 15:21:17,837 [pool-42-thread-1] INFO  ratis.ContainerStateMachine (ContainerStateMachine.java:loadSnapshot(230)) - group-05A7CCD3E4F3: The snapshot info is null. Setting the last applied indexto:(t:0, i:~)
2019-09-16 15:21:17,837 [pool-32-thread-1] INFO  ratis.ContainerStateMachine (ContainerStateMachine.java:loadSnapshot(230)) - group-05A7CCD3E4F3: The snapshot info is null. Setting the last applied indexto:(t:0, i:~)
2019-09-16 15:21:17,837 [pool-62-thread-1] INFO  ratis.ContainerStateMachine (ContainerStateMachine.java:loadSnapshot(230)) - group-05A7CCD3E4F3: The snapshot info is null. Setting the last applied indexto:(t:0, i:~)
2019-09-16 15:21:17,837 [pool-42-thread-1] INFO  server.RaftServerConfigKeys (ConfUtils.java:logGet(43)) - raft.server.notification.no-leader.timeout = 120s (custom)
2019-09-16 15:21:17,838 [pool-62-thread-1] INFO  server.RaftServerConfigKeys (ConfUtils.java:logGet(43)) - raft.server.notification.no-leader.timeout = 120s (custom)
2019-09-16 15:21:17,838 [pool-42-thread-1] INFO  server.RaftServerConfigKeys (ConfUtils.java:logGet(43)) - raft.server.log.use.memory = false (default)
2019-09-16 15:21:17,838 [pool-32-thread-1] INFO  server.RaftServerConfigKeys (ConfUtils.java:logGet(43)) - raft.server.notification.no-leader.timeout = 120s (custom)
2019-09-16 15:21:17,838 [pool-42-thread-1] INFO  server.RaftServerConfigKeys (ConfUtils.java:logGet(43)) - raft.server.log.purge.gap = 1000000 (custom)
2019-09-16 15:21:17,838 [pool-62-thread-1] INFO  server.RaftServerConfigKeys (ConfUtils.java:logGet(43)) - raft.server.log.use.memory = false (default)
2019-09-16 15:21:17,838 [pool-42-thread-1] INFO  server.RaftServerConfigKeys (ConfUtils.java:logGet(43)) - raft.server.log.appender.buffer.byte-limit = 33554432 (custom)
2019-09-16 15:21:17,838 [pool-32-thread-1] INFO  server.RaftServerConfigKeys (ConfUtils.java:logGet(43)) - raft.server.log.use.memory = false (default)
2019-09-16 15:21:17,839 [pool-42-thread-1] INFO  server.RaftServerConfigKeys (ConfUtils.java:logGet(43)) - raft.server.log.segment.size.max = 1048576 (custom)
2019-09-16 15:21:17,839 [pool-62-thread-1] INFO  server.RaftServerConfigKeys (ConfUtils.java:logGet(43)) - raft.server.log.purge.gap = 1000000 (custom)
2019-09-16 15:21:17,839 [pool-42-thread-1] INFO  server.RaftServerConfigKeys (ConfUtils.java:logGet(43)) - raft.server.log.segment.cache.num.max = 2 (custom)
2019-09-16 15:21:17,839 [pool-32-thread-1] INFO  server.RaftServerConfigKeys (ConfUtils.java:logGet(43)) - raft.server.log.purge.gap = 1000000 (custom)
2019-09-16 15:21:17,839 [pool-42-thread-1] INFO  segmented.SegmentedRaftLogWorker (SegmentedRaftLogWorker.java:<init>(172)) - new ac35d0bb-3f9a-40b5-90e5-914e8c22ca88@group-05A7CCD3E4F3-SegmentedRaftLogWorker for RaftStorage:Storage Directory /workdir/hadoop-ozone/integration-test/target/test-dir/MiniOzoneClusterImpl-76fa9ddc-256d-4f33-8a89-44c31ad7a3c7/datanode-1/data/ratis/0a96cf58-bca1-4dab-82c2-05a7ccd3e4f3
2019-09-16 15:21:17,839 [pool-62-thread-1] INFO  server.RaftServerConfigKeys (ConfUtils.java:logGet(43)) - raft.server.log.appender.buffer.byte-limit = 33554432 (custom)
2019-09-16 15:21:17,840 [pool-42-thread-1] INFO  server.RaftServerConfigKeys (ConfUtils.java:logGet(43)) - raft.server.log.queue.byte-limit = 2147483647 (custom)
2019-09-16 15:21:17,839 [pool-32-thread-1] INFO  server.RaftServerConfigKeys (ConfUtils.java:logGet(43)) - raft.server.log.appender.buffer.byte-limit = 33554432 (custom)
2019-09-16 15:21:17,840 [pool-42-thread-1] INFO  server.RaftServerConfigKeys (ConfUtils.java:logGet(43)) - raft.server.log.queue.element-limit = 1024 (custom)
2019-09-16 15:21:17,840 [pool-62-thread-1] INFO  server.RaftServerConfigKeys (ConfUtils.java:logGet(43)) - raft.server.log.segment.size.max = 1048576 (custom)
2019-09-16 15:21:17,840 [pool-42-thread-1] INFO  server.RaftServerConfigKeys (ConfUtils.java:logGet(43)) - raft.server.log.segment.size.max = 1048576 (custom)
2019-09-16 15:21:17,840 [pool-62-thread-1] INFO  server.RaftServerConfigKeys (ConfUtils.java:logGet(43)) - raft.server.log.segment.cache.num.max = 2 (custom)
2019-09-16 15:21:17,840 [pool-32-thread-1] INFO  server.RaftServerConfigKeys (ConfUtils.java:logGet(43)) - raft.server.log.segment.size.max = 1048576 (custom)
2019-09-16 15:21:17,841 [pool-62-thread-1] INFO  segmented.SegmentedRaftLogWorker (SegmentedRaftLogWorker.java:<init>(172)) - new a760d5cd-1cb7-492f-9e65-096e49ec8100@group-05A7CCD3E4F3-SegmentedRaftLogWorker for RaftStorage:Storage Directory /workdir/hadoop-ozone/integration-test/target/test-dir/MiniOzoneClusterImpl-76fa9ddc-256d-4f33-8a89-44c31ad7a3c7/datanode-3/data/ratis/0a96cf58-bca1-4dab-82c2-05a7ccd3e4f3
2019-09-16 15:21:17,840 [pool-42-thread-1] INFO  server.RaftServerConfigKeys (ConfUtils.java:logGet(43)) - raft.server.log.preallocated.size = 16384 (custom)
2019-09-16 15:21:17,841 [pool-62-thread-1] INFO  server.RaftServerConfigKeys (ConfUtils.java:logGet(43)) - raft.server.log.queue.byte-limit = 2147483647 (custom)
2019-09-16 15:21:17,841 [pool-32-thread-1] INFO  server.RaftServerConfigKeys (ConfUtils.java:logGet(43)) - raft.server.log.segment.cache.num.max = 2 (custom)
2019-09-16 15:21:17,841 [pool-62-thread-1] INFO  server.RaftServerConfigKeys (ConfUtils.java:logGet(43)) - raft.server.log.queue.element-limit = 1024 (custom)
2019-09-16 15:21:17,841 [pool-42-thread-1] INFO  server.RaftServerConfigKeys (ConfUtils.java:logGet(43)) - raft.server.log.write.buffer.size = 33554432 (custom)
2019-09-16 15:21:17,842 [pool-62-thread-1] INFO  server.RaftServerConfigKeys (ConfUtils.java:logGet(43)) - raft.server.log.segment.size.max = 1048576 (custom)
2019-09-16 15:21:17,841 [pool-32-thread-1] INFO  segmented.SegmentedRaftLogWorker (SegmentedRaftLogWorker.java:<init>(172)) - new cf6136a1-b68a-49b2-9985-7b164538a112@group-05A7CCD3E4F3-SegmentedRaftLogWorker for RaftStorage:Storage Directory /workdir/hadoop-ozone/integration-test/target/test-dir/MiniOzoneClusterImpl-76fa9ddc-256d-4f33-8a89-44c31ad7a3c7/datanode-0/data/ratis/0a96cf58-bca1-4dab-82c2-05a7ccd3e4f3
2019-09-16 15:21:17,842 [pool-62-thread-1] INFO  server.RaftServerConfigKeys (ConfUtils.java:logGet(43)) - raft.server.log.preallocated.size = 16384 (custom)
2019-09-16 15:21:17,842 [pool-42-thread-1] INFO  server.RaftServerConfigKeys (ConfUtils.java:logGet(43)) - raft.server.log.force.sync.num = 128 (default)
2019-09-16 15:21:17,842 [pool-62-thread-1] INFO  server.RaftServerConfigKeys (ConfUtils.java:logGet(43)) - raft.server.log.write.buffer.size = 33554432 (custom)
2019-09-16 15:21:17,842 [pool-32-thread-1] INFO  server.RaftServerConfigKeys (ConfUtils.java:logGet(43)) - raft.server.log.queue.byte-limit = 2147483647 (custom)
2019-09-16 15:21:17,842 [pool-62-thread-1] INFO  server.RaftServerConfigKeys (ConfUtils.java:logGet(43)) - raft.server.log.force.sync.num = 128 (default)
2019-09-16 15:21:17,842 [pool-42-thread-1] INFO  server.RaftServerConfigKeys (ConfUtils.java:logGet(43)) - raft.server.log.statemachine.data.sync = true (default)
2019-09-16 15:21:17,843 [pool-62-thread-1] INFO  server.RaftServerConfigKeys (ConfUtils.java:logGet(43)) - raft.server.log.statemachine.data.sync = true (default)
2019-09-16 15:21:17,843 [pool-32-thread-1] INFO  server.RaftServerConfigKeys (ConfUtils.java:logGet(43)) - raft.server.log.queue.element-limit = 1024 (custom)
2019-09-16 15:21:17,843 [pool-42-thread-1] INFO  server.RaftServerConfigKeys (ConfUtils.java:logGet(43)) - raft.server.log.statemachine.data.sync.timeout = 10s (default)
2019-09-16 15:21:17,843 [pool-32-thread-1] INFO  server.RaftServerConfigKeys (ConfUtils.java:logGet(43)) - raft.server.log.segment.size.max = 1048576 (custom)
2019-09-16 15:21:17,843 [pool-62-thread-1] INFO  server.RaftServerConfigKeys (ConfUtils.java:logGet(43)) - raft.server.log.statemachine.data.sync.timeout = 10s (default)
2019-09-16 15:21:17,843 [pool-32-thread-1] INFO  server.RaftServerConfigKeys (ConfUtils.java:logGet(43)) - raft.server.log.preallocated.size = 16384 (custom)
2019-09-16 15:21:17,843 [pool-42-thread-1] INFO  server.RaftServerConfigKeys (ConfUtils.java:logGet(43)) - raft.server.log.statemachine.data.sync.timeout.retry = -1 (default)
2019-09-16 15:21:17,844 [pool-32-thread-1] INFO  server.RaftServerConfigKeys (ConfUtils.java:logGet(43)) - raft.server.log.write.buffer.size = 33554432 (custom)
2019-09-16 15:21:17,843 [pool-62-thread-1] INFO  server.RaftServerConfigKeys (ConfUtils.java:logGet(43)) - raft.server.log.statemachine.data.sync.timeout.retry = -1 (default)
2019-09-16 15:21:17,844 [pool-32-thread-1] INFO  server.RaftServerConfigKeys (ConfUtils.java:logGet(43)) - raft.server.log.force.sync.num = 128 (default)
2019-09-16 15:21:17,844 [pool-42-thread-1] INFO  server.RaftServerConfigKeys (ConfUtils.java:logGet(43)) - raft.server.log.statemachine.data.caching.enabled = true (custom)
2019-09-16 15:21:17,844 [pool-32-thread-1] INFO  server.RaftServerConfigKeys (ConfUtils.java:logGet(43)) - raft.server.log.statemachine.data.sync = true (default)
2019-09-16 15:21:17,844 [pool-62-thread-1] INFO  server.RaftServerConfigKeys (ConfUtils.java:logGet(43)) - raft.server.log.statemachine.data.caching.enabled = true (custom)
2019-09-16 15:21:17,844 [pool-42-thread-1] INFO  segmented.SegmentedRaftLogWorker (SegmentedRaftLogWorker.java:lambda$new$0(132)) - ac35d0bb-3f9a-40b5-90e5-914e8c22ca88@group-05A7CCD3E4F3-SegmentedRaftLogWorker: flushIndex: setUnconditionally 0 -> -1
2019-09-16 15:21:17,844 [pool-32-thread-1] INFO  server.RaftServerConfigKeys (ConfUtils.java:logGet(43)) - raft.server.log.statemachine.data.sync.timeout = 10s (default)
2019-09-16 15:21:17,845 [pool-32-thread-1] INFO  server.RaftServerConfigKeys (ConfUtils.java:logGet(43)) - raft.server.log.statemachine.data.sync.timeout.retry = -1 (default)
2019-09-16 15:21:17,845 [pool-42-thread-1] INFO  server.RaftServerConfigKeys (ConfUtils.java:logGet(43)) - raft.server.snapshot.auto.trigger.enabled = true (custom)
2019-09-16 15:21:17,845 [pool-32-thread-1] INFO  server.RaftServerConfigKeys (ConfUtils.java:logGet(43)) - raft.server.log.statemachine.data.caching.enabled = true (custom)
2019-09-16 15:21:17,845 [pool-62-thread-1] INFO  segmented.SegmentedRaftLogWorker (SegmentedRaftLogWorker.java:lambda$new$0(132)) - a760d5cd-1cb7-492f-9e65-096e49ec8100@group-05A7CCD3E4F3-SegmentedRaftLogWorker: flushIndex: setUnconditionally 0 -> -1
2019-09-16 15:21:17,845 [pool-32-thread-1] INFO  segmented.SegmentedRaftLogWorker (SegmentedRaftLogWorker.java:lambda$new$0(132)) - cf6136a1-b68a-49b2-9985-7b164538a112@group-05A7CCD3E4F3-SegmentedRaftLogWorker: flushIndex: setUnconditionally 0 -> -1
2019-09-16 15:21:17,845 [pool-42-thread-1] INFO  server.RaftServerConfigKeys (ConfUtils.java:logGet(43)) - raft.server.snapshot.auto.trigger.threshold = 10000 (custom)
2019-09-16 15:21:17,846 [pool-42-thread-1] INFO  server.RaftServerConfigKeys (ConfUtils.java:logGet(43)) - raft.server.snapshot.retention.num.files = -1 (default)
2019-09-16 15:21:17,846 [pool-62-thread-1] INFO  server.RaftServerConfigKeys (ConfUtils.java:logGet(43)) - raft.server.snapshot.auto.trigger.enabled = true (custom)
2019-09-16 15:21:17,846 [pool-42-thread-1] INFO  server.RaftServerConfigKeys (ConfUtils.java:logGet(43)) - raft.server.retrycache.expirytime = 600000ms (custom)
2019-09-16 15:21:17,846 [pool-32-thread-1] INFO  server.RaftServerConfigKeys (ConfUtils.java:logGet(43)) - raft.server.snapshot.auto.trigger.enabled = true (custom)
2019-09-16 15:21:17,846 [pool-62-thread-1] INFO  server.RaftServerConfigKeys (ConfUtils.java:logGet(43)) - raft.server.snapshot.auto.trigger.threshold = 10000 (custom)
2019-09-16 15:21:17,846 [pool-32-thread-1] INFO  server.RaftServerConfigKeys (ConfUtils.java:logGet(43)) - raft.server.snapshot.auto.trigger.threshold = 10000 (custom)
2019-09-16 15:21:17,846 [pool-62-thread-1] INFO  server.RaftServerConfigKeys (ConfUtils.java:logGet(43)) - raft.server.snapshot.retention.num.files = -1 (default)
2019-09-16 15:21:17,846 [pool-32-thread-1] INFO  server.RaftServerConfigKeys (ConfUtils.java:logGet(43)) - raft.server.snapshot.retention.num.files = -1 (default)
2019-09-16 15:21:17,847 [pool-62-thread-1] INFO  server.RaftServerConfigKeys (ConfUtils.java:logGet(43)) - raft.server.retrycache.expirytime = 600000ms (custom)
2019-09-16 15:21:17,847 [pool-32-thread-1] INFO  server.RaftServerConfigKeys (ConfUtils.java:logGet(43)) - raft.server.retrycache.expirytime = 600000ms (custom)
2019-09-16 15:21:17,849 [pool-42-thread-1] INFO  impl.RaftServerImpl (RaftServerImpl.java:start(185)) - ac35d0bb-3f9a-40b5-90e5-914e8c22ca88@group-05A7CCD3E4F3: start as a follower, conf=-1: [ac35d0bb-3f9a-40b5-90e5-914e8c22ca88:192.168.5.183:42069, cf6136a1-b68a-49b2-9985-7b164538a112:192.168.5.183:42701, a760d5cd-1cb7-492f-9e65-096e49ec8100:192.168.5.183:34118], old=null
2019-09-16 15:21:17,849 [pool-42-thread-1] INFO  impl.RaftServerImpl (RaftServerImpl.java:setRole(174)) - ac35d0bb-3f9a-40b5-90e5-914e8c22ca88@group-05A7CCD3E4F3: changes role from      null to FOLLOWER at term 0 for startAsFollower
2019-09-16 15:21:17,849 [pool-42-thread-1] INFO  impl.RoleInfo (RoleInfo.java:updateAndGet(143)) - ac35d0bb-3f9a-40b5-90e5-914e8c22ca88: start FollowerState
2019-09-16 15:21:17,850 [pool-42-thread-1] INFO  util.JmxRegister (JmxRegister.java:tryRegister(44)) - Successfully registered JMX Bean with object name Ratis:service=RaftServer,group=group-05A7CCD3E4F3,id=ac35d0bb-3f9a-40b5-90e5-914e8c22ca88
2019-09-16 15:21:17,853 [pool-32-thread-1] INFO  impl.RaftServerImpl (RaftServerImpl.java:start(185)) - cf6136a1-b68a-49b2-9985-7b164538a112@group-05A7CCD3E4F3: start as a follower, conf=-1: [ac35d0bb-3f9a-40b5-90e5-914e8c22ca88:192.168.5.183:42069, cf6136a1-b68a-49b2-9985-7b164538a112:192.168.5.183:42701, a760d5cd-1cb7-492f-9e65-096e49ec8100:192.168.5.183:34118], old=null
2019-09-16 15:21:17,854 [pool-62-thread-1] INFO  impl.RaftServerImpl (RaftServerImpl.java:start(185)) - a760d5cd-1cb7-492f-9e65-096e49ec8100@group-05A7CCD3E4F3: start as a follower, conf=-1: [ac35d0bb-3f9a-40b5-90e5-914e8c22ca88:192.168.5.183:42069, cf6136a1-b68a-49b2-9985-7b164538a112:192.168.5.183:42701, a760d5cd-1cb7-492f-9e65-096e49ec8100:192.168.5.183:34118], old=null
2019-09-16 15:21:17,854 [pool-32-thread-1] INFO  impl.RaftServerImpl (RaftServerImpl.java:setRole(174)) - cf6136a1-b68a-49b2-9985-7b164538a112@group-05A7CCD3E4F3: changes role from      null to FOLLOWER at term 0 for startAsFollower
2019-09-16 15:21:17,854 [pool-62-thread-1] INFO  impl.RaftServerImpl (RaftServerImpl.java:setRole(174)) - a760d5cd-1cb7-492f-9e65-096e49ec8100@group-05A7CCD3E4F3: changes role from      null to FOLLOWER at term 0 for startAsFollower
2019-09-16 15:21:17,854 [pool-32-thread-1] INFO  impl.RoleInfo (RoleInfo.java:updateAndGet(143)) - cf6136a1-b68a-49b2-9985-7b164538a112: start FollowerState
2019-09-16 15:21:17,854 [pool-62-thread-1] INFO  impl.RoleInfo (RoleInfo.java:updateAndGet(143)) - a760d5cd-1cb7-492f-9e65-096e49ec8100: start FollowerState
2019-09-16 15:21:17,854 [pool-32-thread-1] INFO  util.JmxRegister (JmxRegister.java:tryRegister(44)) - Successfully registered JMX Bean with object name Ratis:service=RaftServer,group=group-05A7CCD3E4F3,id=cf6136a1-b68a-49b2-9985-7b164538a112
2019-09-16 15:21:17,855 [pool-62-thread-1] INFO  util.JmxRegister (JmxRegister.java:tryRegister(44)) - Successfully registered JMX Bean with object name Ratis:service=RaftServer,group=group-05A7CCD3E4F3,id=a760d5cd-1cb7-492f-9e65-096e49ec8100
2019-09-16 15:21:17,880 [RatisPipelineUtilsThread] INFO  pipeline.PipelineStateManager (PipelineStateManager.java:addPipeline(56)) - Created pipeline Pipeline[ Id: 0a96cf58-bca1-4dab-82c2-05a7ccd3e4f3, Nodes: ac35d0bb-3f9a-40b5-90e5-914e8c22ca88{ip: 192.168.5.183, host: pr-hdds-1054-fkf2j-3502855176, networkLocation: /rack1, certSerialId: null}cf6136a1-b68a-49b2-9985-7b164538a112{ip: 192.168.5.183, host: pr-hdds-1054-fkf2j-3502855176, networkLocation: /rack1, certSerialId: null}a760d5cd-1cb7-492f-9e65-096e49ec8100{ip: 192.168.5.183, host: pr-hdds-1054-fkf2j-3502855176, networkLocation: /rack1, certSerialId: null}, Type:RATIS, Factor:THREE, State:OPEN]
2019-09-16 15:21:18,289 [Thread-223] INFO  rpc.RpcClient (RpcClient.java:createVolume(302)) - Creating Volume: 9a188e0d-0244-4bf4-afab-b2659cd3827e, with jenkins1000 as owner.
2019-09-16 15:21:18,835 [OM StateMachine ApplyTransaction Thread - 0] INFO  volume.OMVolumeCreateRequest (OMVolumeCreateRequest.java:validateAndUpdateCache(189)) - created volume:9a188e0d-0244-4bf4-afab-b2659cd3827e for user:jenkins1000
2019-09-16 15:21:18,862 [Thread-223] INFO  rpc.RpcClient (RpcClient.java:createBucket(441)) - Creating Bucket: 9a188e0d-0244-4bf4-afab-b2659cd3827e/24ad661a-1121-499d-a008-654f5b271b82, with Versioning false and Storage Type set to DISK and Encryption set to false 
2019-09-16 15:21:19,086 [Thread-223] INFO  impl.MetricsSystemImpl (MetricsSystemImpl.java:init(158)) - XceiverClientMetrics metrics system started (again)
2019-09-16 15:21:19,203 [grpc-default-executor-2] INFO  client.GrpcClientProtocolClient (GrpcClientProtocolClient.java:onNext(264)) - client-BFE9758F00F7->ac35d0bb-3f9a-40b5-90e5-914e8c22ca88: receive RaftClientReply:client-BFE9758F00F7->ac35d0bb-3f9a-40b5-90e5-914e8c22ca88@group-05A7CCD3E4F3, cid=7, FAILED org.apache.ratis.protocol.NotLeaderException: Server ac35d0bb-3f9a-40b5-90e5-914e8c22ca88@group-05A7CCD3E4F3 is not the leader, logIndex=0, commits[ac35d0bb-3f9a-40b5-90e5-914e8c22ca88:c-1]
2019-09-16 15:21:19,396 [Thread-198] INFO  container.ReplicationManager (ReplicationManager.java:start(162)) - Starting Replication Monitor Thread.
2019-09-16 15:21:19,402 [ReplicationMonitor] INFO  container.ReplicationManager (ReplicationManager.java:run(225)) - Replication Monitor Thread took 4 milliseconds for processing 1 containers.
2019-09-16 15:21:20,242 [grpc-default-executor-1] INFO  client.GrpcClientProtocolClient (GrpcClientProtocolClient.java:onNext(264)) - client-BFE9758F00F7->cf6136a1-b68a-49b2-9985-7b164538a112: receive RaftClientReply:client-BFE9758F00F7->cf6136a1-b68a-49b2-9985-7b164538a112@group-05A7CCD3E4F3, cid=7, FAILED org.apache.ratis.protocol.NotLeaderException: Server cf6136a1-b68a-49b2-9985-7b164538a112@group-05A7CCD3E4F3 is not the leader, logIndex=0, commits[cf6136a1-b68a-49b2-9985-7b164538a112:c-1]
2019-09-16 15:21:21,278 [grpc-default-executor-2] INFO  client.GrpcClientProtocolClient (GrpcClientProtocolClient.java:onNext(264)) - client-BFE9758F00F7->a760d5cd-1cb7-492f-9e65-096e49ec8100: receive RaftClientReply:client-BFE9758F00F7->a760d5cd-1cb7-492f-9e65-096e49ec8100@group-05A7CCD3E4F3, cid=7, FAILED org.apache.ratis.protocol.NotLeaderException: Server a760d5cd-1cb7-492f-9e65-096e49ec8100@group-05A7CCD3E4F3 is not the leader, logIndex=0, commits[a760d5cd-1cb7-492f-9e65-096e49ec8100:c-1]
2019-09-16 15:21:22,307 [grpc-default-executor-2] INFO  client.GrpcClientProtocolClient (GrpcClientProtocolClient.java:onNext(264)) - client-BFE9758F00F7->ac35d0bb-3f9a-40b5-90e5-914e8c22ca88: receive RaftClientReply:client-BFE9758F00F7->ac35d0bb-3f9a-40b5-90e5-914e8c22ca88@group-05A7CCD3E4F3, cid=7, FAILED org.apache.ratis.protocol.NotLeaderException: Server ac35d0bb-3f9a-40b5-90e5-914e8c22ca88@group-05A7CCD3E4F3 is not the leader, logIndex=0, commits[ac35d0bb-3f9a-40b5-90e5-914e8c22ca88:c-1]
2019-09-16 15:21:22,339 [Thread-200] INFO  impl.FollowerState (FollowerState.java:run(106)) - cf6136a1-b68a-49b2-9985-7b164538a112:group-6A1534BF05FB changes to CANDIDATE, lastRpcTime:5065, electionTimeout:5065ms
2019-09-16 15:21:22,339 [Thread-200] INFO  impl.RoleInfo (RoleInfo.java:shutdownFollowerState(121)) - cf6136a1-b68a-49b2-9985-7b164538a112: shutdown FollowerState
2019-09-16 15:21:22,339 [Thread-200] INFO  impl.RaftServerImpl (RaftServerImpl.java:setRole(174)) - cf6136a1-b68a-49b2-9985-7b164538a112@group-6A1534BF05FB: changes role from  FOLLOWER to CANDIDATE at term 0 for changeToCandidate
2019-09-16 15:21:22,340 [Thread-200] INFO  impl.RoleInfo (RoleInfo.java:updateAndGet(143)) - cf6136a1-b68a-49b2-9985-7b164538a112: start LeaderElection
2019-09-16 15:21:22,577 [Thread-203] INFO  impl.FollowerState (FollowerState.java:run(106)) - ac35d0bb-3f9a-40b5-90e5-914e8c22ca88:group-0E90F9C9A926 changes to CANDIDATE, lastRpcTime:5057, electionTimeout:5057ms
2019-09-16 15:21:22,580 [Thread-203] INFO  impl.RoleInfo (RoleInfo.java:shutdownFollowerState(121)) - ac35d0bb-3f9a-40b5-90e5-914e8c22ca88: shutdown FollowerState
2019-09-16 15:21:22,580 [Thread-203] INFO  impl.RaftServerImpl (RaftServerImpl.java:setRole(174)) - ac35d0bb-3f9a-40b5-90e5-914e8c22ca88@group-0E90F9C9A926: changes role from  FOLLOWER to CANDIDATE at term 0 for changeToCandidate
2019-09-16 15:21:22,580 [Thread-203] INFO  impl.RoleInfo (RoleInfo.java:updateAndGet(143)) - ac35d0bb-3f9a-40b5-90e5-914e8c22ca88: start LeaderElection
2019-09-16 15:21:22,794 [Thread-206] INFO  impl.FollowerState (FollowerState.java:run(106)) - a760d5cd-1cb7-492f-9e65-096e49ec8100:group-CFFC7F28E6FF changes to CANDIDATE, lastRpcTime:5196, electionTimeout:5196ms
2019-09-16 15:21:22,794 [Thread-206] INFO  impl.RoleInfo (RoleInfo.java:shutdownFollowerState(121)) - a760d5cd-1cb7-492f-9e65-096e49ec8100: shutdown FollowerState
2019-09-16 15:21:22,794 [Thread-206] INFO  impl.RaftServerImpl (RaftServerImpl.java:setRole(174)) - a760d5cd-1cb7-492f-9e65-096e49ec8100@group-CFFC7F28E6FF: changes role from  FOLLOWER to CANDIDATE at term 0 for changeToCandidate
2019-09-16 15:21:22,794 [Thread-206] INFO  impl.RoleInfo (RoleInfo.java:updateAndGet(143)) - a760d5cd-1cb7-492f-9e65-096e49ec8100: start LeaderElection
2019-09-16 15:21:22,860 [Thread-209] INFO  impl.FollowerState (FollowerState.java:run(106)) - 938a2b36-0fde-4b5a-b944-dd169fdf7f21:group-CC420E22ED9F changes to CANDIDATE, lastRpcTime:5146, electionTimeout:5146ms
2019-09-16 15:21:22,861 [Thread-209] INFO  impl.RoleInfo (RoleInfo.java:shutdownFollowerState(121)) - 938a2b36-0fde-4b5a-b944-dd169fdf7f21: shutdown FollowerState
2019-09-16 15:21:22,861 [Thread-209] INFO  impl.RaftServerImpl (RaftServerImpl.java:setRole(174)) - 938a2b36-0fde-4b5a-b944-dd169fdf7f21@group-CC420E22ED9F: changes role from  FOLLOWER to CANDIDATE at term 0 for changeToCandidate
2019-09-16 15:21:22,861 [Thread-209] INFO  impl.RoleInfo (RoleInfo.java:updateAndGet(143)) - 938a2b36-0fde-4b5a-b944-dd169fdf7f21: start LeaderElection
2019-09-16 15:21:22,917 [Thread-217] INFO  impl.FollowerState (FollowerState.java:run(106)) - a760d5cd-1cb7-492f-9e65-096e49ec8100:group-05A7CCD3E4F3 changes to CANDIDATE, lastRpcTime:5062, electionTimeout:5062ms
2019-09-16 15:21:22,917 [Thread-217] INFO  impl.RoleInfo (RoleInfo.java:shutdownFollowerState(121)) - a760d5cd-1cb7-492f-9e65-096e49ec8100: shutdown FollowerState
2019-09-16 15:21:22,917 [Thread-217] INFO  impl.RaftServerImpl (RaftServerImpl.java:setRole(174)) - a760d5cd-1cb7-492f-9e65-096e49ec8100@group-05A7CCD3E4F3: changes role from  FOLLOWER to CANDIDATE at term 0 for changeToCandidate
2019-09-16 15:21:22,917 [Thread-217] INFO  impl.RoleInfo (RoleInfo.java:updateAndGet(143)) - a760d5cd-1cb7-492f-9e65-096e49ec8100: start LeaderElection
2019-09-16 15:21:22,956 [Thread-214] INFO  impl.FollowerState (FollowerState.java:run(106)) - ac35d0bb-3f9a-40b5-90e5-914e8c22ca88:group-05A7CCD3E4F3 changes to CANDIDATE, lastRpcTime:5106, electionTimeout:5106ms
2019-09-16 15:21:22,956 [Thread-214] INFO  impl.RoleInfo (RoleInfo.java:shutdownFollowerState(121)) - ac35d0bb-3f9a-40b5-90e5-914e8c22ca88: shutdown FollowerState
2019-09-16 15:21:22,956 [Thread-214] INFO  impl.RaftServerImpl (RaftServerImpl.java:setRole(174)) - ac35d0bb-3f9a-40b5-90e5-914e8c22ca88@group-05A7CCD3E4F3: changes role from  FOLLOWER to CANDIDATE at term 0 for changeToCandidate
2019-09-16 15:21:22,957 [Thread-214] INFO  impl.RoleInfo (RoleInfo.java:updateAndGet(143)) - ac35d0bb-3f9a-40b5-90e5-914e8c22ca88: start LeaderElection
2019-09-16 15:21:23,049 [Thread-216] INFO  impl.FollowerState (FollowerState.java:run(106)) - cf6136a1-b68a-49b2-9985-7b164538a112:group-05A7CCD3E4F3 changes to CANDIDATE, lastRpcTime:5195, electionTimeout:5195ms
2019-09-16 15:21:23,050 [Thread-216] INFO  impl.RoleInfo (RoleInfo.java:shutdownFollowerState(121)) - cf6136a1-b68a-49b2-9985-7b164538a112: shutdown FollowerState
2019-09-16 15:21:23,050 [Thread-216] INFO  impl.RaftServerImpl (RaftServerImpl.java:setRole(174)) - cf6136a1-b68a-49b2-9985-7b164538a112@group-05A7CCD3E4F3: changes role from  FOLLOWER to CANDIDATE at term 0 for changeToCandidate
2019-09-16 15:21:23,050 [Thread-216] INFO  impl.RoleInfo (RoleInfo.java:updateAndGet(143)) - cf6136a1-b68a-49b2-9985-7b164538a112: start LeaderElection
2019-09-16 15:21:23,218 [cf6136a1-b68a-49b2-9985-7b164538a112@group-6A1534BF05FB:LeaderElection2] INFO  impl.LeaderElection (LeaderElection.java:askForVotes(182)) - cf6136a1-b68a-49b2-9985-7b164538a112@group-6A1534BF05FB:LeaderElection2: begin an election at term 1 for -1: [cf6136a1-b68a-49b2-9985-7b164538a112:192.168.5.183:42701], old=null
2019-09-16 15:21:23,219 [cf6136a1-b68a-49b2-9985-7b164538a112@group-6A1534BF05FB:LeaderElection2] INFO  impl.RoleInfo (RoleInfo.java:shutdownLeaderElection(134)) - cf6136a1-b68a-49b2-9985-7b164538a112: shutdown LeaderElection
2019-09-16 15:21:23,219 [cf6136a1-b68a-49b2-9985-7b164538a112@group-6A1534BF05FB:LeaderElection2] INFO  impl.RaftServerImpl (RaftServerImpl.java:setRole(174)) - cf6136a1-b68a-49b2-9985-7b164538a112@group-6A1534BF05FB: changes role from CANDIDATE to LEADER at term 1 for changeToLeader
2019-09-16 15:21:23,219 [cf6136a1-b68a-49b2-9985-7b164538a112@group-6A1534BF05FB:LeaderElection2] INFO  impl.RaftServerImpl (ServerState.java:setLeader(253)) - cf6136a1-b68a-49b2-9985-7b164538a112@group-6A1534BF05FB: change Leader from null to cf6136a1-b68a-49b2-9985-7b164538a112 at term 1 for becomeLeader, leader elected after 5995ms
2019-09-16 15:21:23,220 [cf6136a1-b68a-49b2-9985-7b164538a112@group-6A1534BF05FB:LeaderElection2] INFO  server.RaftServerConfigKeys (ConfUtils.java:logGet(43)) - raft.server.staging.catchup.gap = 1000 (default)
2019-09-16 15:21:23,220 [cf6136a1-b68a-49b2-9985-7b164538a112@group-6A1534BF05FB:LeaderElection2] INFO  server.RaftServerConfigKeys (ConfUtils.java:logGet(43)) - raft.server.rpc.sleep.time = 25ms (default)
2019-09-16 15:21:23,220 [cf6136a1-b68a-49b2-9985-7b164538a112@group-6A1534BF05FB:LeaderElection2] INFO  server.RaftServerConfigKeys (ConfUtils.java:logGet(43)) - raft.server.write.element-limit = 4096 (default)
2019-09-16 15:21:23,221 [cf6136a1-b68a-49b2-9985-7b164538a112@group-6A1534BF05FB:LeaderElection2] INFO  server.RaftServerConfigKeys (ConfUtils.java:logGet(43)) - raft.server.watch.timeout = 10s (default)
2019-09-16 15:21:23,221 [cf6136a1-b68a-49b2-9985-7b164538a112@group-6A1534BF05FB:LeaderElection2] INFO  server.RaftServerConfigKeys (ConfUtils.java:logGet(43)) - raft.server.watch.timeout.denomination = 1s (default)
2019-09-16 15:21:23,221 [cf6136a1-b68a-49b2-9985-7b164538a112@group-6A1534BF05FB:LeaderElection2] INFO  server.RaftServerConfigKeys (ConfUtils.java:logGet(43)) - raft.server.watch.element-limit = 65536 (default)
2019-09-16 15:21:23,230 [cf6136a1-b68a-49b2-9985-7b164538a112@group-6A1534BF05FB:LeaderElection2] INFO  impl.RoleInfo (RoleInfo.java:updateAndGet(143)) - cf6136a1-b68a-49b2-9985-7b164538a112: start LeaderState
2019-09-16 15:21:23,231 [cf6136a1-b68a-49b2-9985-7b164538a112@group-6A1534BF05FB:LeaderElection2] INFO  segmented.SegmentedRaftLogWorker (SegmentedRaftLogWorker.java:startLogSegment(380)) - cf6136a1-b68a-49b2-9985-7b164538a112@group-6A1534BF05FB-SegmentedRaftLogWorker: Starting segment from index:0
2019-09-16 15:21:23,232 [cf6136a1-b68a-49b2-9985-7b164538a112@group-6A1534BF05FB:LeaderElection2] INFO  impl.RaftServerImpl (ServerState.java:setRaftConf(354)) - cf6136a1-b68a-49b2-9985-7b164538a112@group-6A1534BF05FB: set configuration 0: [cf6136a1-b68a-49b2-9985-7b164538a112:192.168.5.183:42701], old=null at 0
2019-09-16 15:21:23,329 [grpc-default-executor-2] INFO  client.GrpcClientProtocolClient (GrpcClientProtocolClient.java:onNext(264)) - client-BFE9758F00F7->cf6136a1-b68a-49b2-9985-7b164538a112: receive RaftClientReply:client-BFE9758F00F7->cf6136a1-b68a-49b2-9985-7b164538a112@group-05A7CCD3E4F3, cid=7, FAILED org.apache.ratis.protocol.NotLeaderException: Server cf6136a1-b68a-49b2-9985-7b164538a112@group-05A7CCD3E4F3 is not the leader, logIndex=0, commits[cf6136a1-b68a-49b2-9985-7b164538a112:c-1]
2019-09-16 15:21:23,966 [cf6136a1-b68a-49b2-9985-7b164538a112@group-6A1534BF05FB-SegmentedRaftLogWorker] INFO  segmented.SegmentedRaftLogWorker (SegmentedRaftLogWorker.java:execute(569)) - cf6136a1-b68a-49b2-9985-7b164538a112@group-6A1534BF05FB-SegmentedRaftLogWorker: created new log segment /workdir/hadoop-ozone/integration-test/target/test-dir/MiniOzoneClusterImpl-76fa9ddc-256d-4f33-8a89-44c31ad7a3c7/datanode-0/data/ratis/d1f03f1e-89fc-435a-a562-6a1534bf05fb/current/log_inprogress_0
2019-09-16 15:21:23,966 [ac35d0bb-3f9a-40b5-90e5-914e8c22ca88@group-05A7CCD3E4F3:LeaderElection7] INFO  impl.LeaderElection (LeaderElection.java:askForVotes(182)) - ac35d0bb-3f9a-40b5-90e5-914e8c22ca88@group-05A7CCD3E4F3:LeaderElection7: begin an election at term 1 for -1: [ac35d0bb-3f9a-40b5-90e5-914e8c22ca88:192.168.5.183:42069, cf6136a1-b68a-49b2-9985-7b164538a112:192.168.5.183:42701, a760d5cd-1cb7-492f-9e65-096e49ec8100:192.168.5.183:34118], old=null
2019-09-16 15:21:23,966 [a760d5cd-1cb7-492f-9e65-096e49ec8100@group-05A7CCD3E4F3:LeaderElection6] INFO  impl.LeaderElection (LeaderElection.java:askForVotes(182)) - a760d5cd-1cb7-492f-9e65-096e49ec8100@group-05A7CCD3E4F3:LeaderElection6: begin an election at term 1 for -1: [ac35d0bb-3f9a-40b5-90e5-914e8c22ca88:192.168.5.183:42069, cf6136a1-b68a-49b2-9985-7b164538a112:192.168.5.183:42701, a760d5cd-1cb7-492f-9e65-096e49ec8100:192.168.5.183:34118], old=null
2019-09-16 15:21:23,966 [938a2b36-0fde-4b5a-b944-dd169fdf7f21@group-CC420E22ED9F:LeaderElection5] INFO  impl.LeaderElection (LeaderElection.java:askForVotes(182)) - 938a2b36-0fde-4b5a-b944-dd169fdf7f21@group-CC420E22ED9F:LeaderElection5: begin an election at term 1 for -1: [938a2b36-0fde-4b5a-b944-dd169fdf7f21:192.168.5.183:44337], old=null
2019-09-16 15:21:23,966 [cf6136a1-b68a-49b2-9985-7b164538a112@group-05A7CCD3E4F3:LeaderElection8] INFO  impl.LeaderElection (LeaderElection.java:askForVotes(182)) - cf6136a1-b68a-49b2-9985-7b164538a112@group-05A7CCD3E4F3:LeaderElection8: begin an election at term 1 for -1: [ac35d0bb-3f9a-40b5-90e5-914e8c22ca88:192.168.5.183:42069, cf6136a1-b68a-49b2-9985-7b164538a112:192.168.5.183:42701, a760d5cd-1cb7-492f-9e65-096e49ec8100:192.168.5.183:34118], old=null
2019-09-16 15:21:23,966 [ac35d0bb-3f9a-40b5-90e5-914e8c22ca88@group-0E90F9C9A926:LeaderElection3] INFO  impl.LeaderElection (LeaderElection.java:askForVotes(182)) - ac35d0bb-3f9a-40b5-90e5-914e8c22ca88@group-0E90F9C9A926:LeaderElection3: begin an election at term 1 for -1: [ac35d0bb-3f9a-40b5-90e5-914e8c22ca88:192.168.5.183:42069], old=null
2019-09-16 15:21:23,966 [a760d5cd-1cb7-492f-9e65-096e49ec8100@group-CFFC7F28E6FF:LeaderElection4] INFO  impl.LeaderElection (LeaderElection.java:askForVotes(182)) - a760d5cd-1cb7-492f-9e65-096e49ec8100@group-CFFC7F28E6FF:LeaderElection4: begin an election at term 1 for -1: [a760d5cd-1cb7-492f-9e65-096e49ec8100:192.168.5.183:34118], old=null
2019-09-16 15:21:23,969 [ac35d0bb-3f9a-40b5-90e5-914e8c22ca88@group-0E90F9C9A926:LeaderElection3] INFO  impl.RoleInfo (RoleInfo.java:shutdownLeaderElection(134)) - ac35d0bb-3f9a-40b5-90e5-914e8c22ca88: shutdown LeaderElection
2019-09-16 15:21:23,969 [938a2b36-0fde-4b5a-b944-dd169fdf7f21@group-CC420E22ED9F:LeaderElection5] INFO  impl.RoleInfo (RoleInfo.java:shutdownLeaderElection(134)) - 938a2b36-0fde-4b5a-b944-dd169fdf7f21: shutdown LeaderElection
2019-09-16 15:21:23,969 [ac35d0bb-3f9a-40b5-90e5-914e8c22ca88@group-0E90F9C9A926:LeaderElection3] INFO  impl.RaftServerImpl (RaftServerImpl.java:setRole(174)) - ac35d0bb-3f9a-40b5-90e5-914e8c22ca88@group-0E90F9C9A926: changes role from CANDIDATE to LEADER at term 1 for changeToLeader
2019-09-16 15:21:23,969 [938a2b36-0fde-4b5a-b944-dd169fdf7f21@group-CC420E22ED9F:LeaderElection5] INFO  impl.RaftServerImpl (RaftServerImpl.java:setRole(174)) - 938a2b36-0fde-4b5a-b944-dd169fdf7f21@group-CC420E22ED9F: changes role from CANDIDATE to LEADER at term 1 for changeToLeader
2019-09-16 15:21:23,969 [a760d5cd-1cb7-492f-9e65-096e49ec8100@group-CFFC7F28E6FF:LeaderElection4] INFO  impl.RoleInfo (RoleInfo.java:shutdownLeaderElection(134)) - a760d5cd-1cb7-492f-9e65-096e49ec8100: shutdown LeaderElection
2019-09-16 15:21:23,970 [938a2b36-0fde-4b5a-b944-dd169fdf7f21@group-CC420E22ED9F:LeaderElection5] INFO  impl.RaftServerImpl (ServerState.java:setLeader(253)) - 938a2b36-0fde-4b5a-b944-dd169fdf7f21@group-CC420E22ED9F: change Leader from null to 938a2b36-0fde-4b5a-b944-dd169fdf7f21 at term 1 for becomeLeader, leader elected after 6272ms
2019-09-16 15:21:23,969 [ac35d0bb-3f9a-40b5-90e5-914e8c22ca88@group-0E90F9C9A926:LeaderElection3] INFO  impl.RaftServerImpl (ServerState.java:setLeader(253)) - ac35d0bb-3f9a-40b5-90e5-914e8c22ca88@group-0E90F9C9A926: change Leader from null to ac35d0bb-3f9a-40b5-90e5-914e8c22ca88 at term 1 for becomeLeader, leader elected after 6463ms
2019-09-16 15:21:23,971 [938a2b36-0fde-4b5a-b944-dd169fdf7f21@group-CC420E22ED9F:LeaderElection5] INFO  server.RaftServerConfigKeys (ConfUtils.java:logGet(43)) - raft.server.staging.catchup.gap = 1000 (default)
2019-09-16 15:21:23,970 [a760d5cd-1cb7-492f-9e65-096e49ec8100@group-CFFC7F28E6FF:LeaderElection4] INFO  impl.RaftServerImpl (RaftServerImpl.java:setRole(174)) - a760d5cd-1cb7-492f-9e65-096e49ec8100@group-CFFC7F28E6FF: changes role from CANDIDATE to LEADER at term 1 for changeToLeader
2019-09-16 15:21:23,972 [938a2b36-0fde-4b5a-b944-dd169fdf7f21@group-CC420E22ED9F:LeaderElection5] INFO  server.RaftServerConfigKeys (ConfUtils.java:logGet(43)) - raft.server.rpc.sleep.time = 25ms (default)
2019-09-16 15:21:23,972 [ac35d0bb-3f9a-40b5-90e5-914e8c22ca88@group-0E90F9C9A926:LeaderElection3] INFO  server.RaftServerConfigKeys (ConfUtils.java:logGet(43)) - raft.server.staging.catchup.gap = 1000 (default)
2019-09-16 15:21:23,972 [a760d5cd-1cb7-492f-9e65-096e49ec8100@group-CFFC7F28E6FF:LeaderElection4] INFO  impl.RaftServerImpl (ServerState.java:setLeader(253)) - a760d5cd-1cb7-492f-9e65-096e49ec8100@group-CFFC7F28E6FF: change Leader from null to a760d5cd-1cb7-492f-9e65-096e49ec8100 at term 1 for becomeLeader, leader elected after 6387ms
2019-09-16 15:21:23,973 [ac35d0bb-3f9a-40b5-90e5-914e8c22ca88@group-0E90F9C9A926:LeaderElection3] INFO  server.RaftServerConfigKeys (ConfUtils.java:logGet(43)) - raft.server.rpc.sleep.time = 25ms (default)
2019-09-16 15:21:23,973 [938a2b36-0fde-4b5a-b944-dd169fdf7f21@group-CC420E22ED9F:LeaderElection5] INFO  server.RaftServerConfigKeys (ConfUtils.java:logGet(43)) - raft.server.write.element-limit = 4096 (default)
2019-09-16 15:21:23,974 [ac35d0bb-3f9a-40b5-90e5-914e8c22ca88@group-0E90F9C9A926:LeaderElection3] INFO  server.RaftServerConfigKeys (ConfUtils.java:logGet(43)) - raft.server.write.element-limit = 4096 (default)
2019-09-16 15:21:23,974 [a760d5cd-1cb7-492f-9e65-096e49ec8100@group-CFFC7F28E6FF:LeaderElection4] INFO  server.RaftServerConfigKeys (ConfUtils.java:logGet(43)) - raft.server.staging.catchup.gap = 1000 (default)
2019-09-16 15:21:23,974 [ac35d0bb-3f9a-40b5-90e5-914e8c22ca88@group-0E90F9C9A926:LeaderElection3] INFO  server.RaftServerConfigKeys (ConfUtils.java:logGet(43)) - raft.server.watch.timeout = 10s (default)
2019-09-16 15:21:23,974 [938a2b36-0fde-4b5a-b944-dd169fdf7f21@group-CC420E22ED9F:LeaderElection5] INFO  server.RaftServerConfigKeys (ConfUtils.java:logGet(43)) - raft.server.watch.timeout = 10s (default)
2019-09-16 15:21:23,975 [ac35d0bb-3f9a-40b5-90e5-914e8c22ca88@group-0E90F9C9A926:LeaderElection3] INFO  server.RaftServerConfigKeys (ConfUtils.java:logGet(43)) - raft.server.watch.timeout.denomination = 1s (default)
2019-09-16 15:21:23,974 [a760d5cd-1cb7-492f-9e65-096e49ec8100@group-CFFC7F28E6FF:LeaderElection4] INFO  server.RaftServerConfigKeys (ConfUtils.java:logGet(43)) - raft.server.rpc.sleep.time = 25ms (default)
2019-09-16 15:21:23,975 [ac35d0bb-3f9a-40b5-90e5-914e8c22ca88@group-0E90F9C9A926:LeaderElection3] INFO  server.RaftServerConfigKeys (ConfUtils.java:logGet(43)) - raft.server.watch.element-limit = 65536 (default)
2019-09-16 15:21:23,975 [a760d5cd-1cb7-492f-9e65-096e49ec8100@group-CFFC7F28E6FF:LeaderElection4] INFO  server.RaftServerConfigKeys (ConfUtils.java:logGet(43)) - raft.server.write.element-limit = 4096 (default)
2019-09-16 15:21:23,975 [938a2b36-0fde-4b5a-b944-dd169fdf7f21@group-CC420E22ED9F:LeaderElection5] INFO  server.RaftServerConfigKeys (ConfUtils.java:logGet(43)) - raft.server.watch.timeout.denomination = 1s (default)
2019-09-16 15:21:23,975 [a760d5cd-1cb7-492f-9e65-096e49ec8100@group-CFFC7F28E6FF:LeaderElection4] INFO  server.RaftServerConfigKeys (ConfUtils.java:logGet(43)) - raft.server.watch.timeout = 10s (default)
2019-09-16 15:21:23,976 [938a2b36-0fde-4b5a-b944-dd169fdf7f21@group-CC420E22ED9F:LeaderElection5] INFO  server.RaftServerConfigKeys (ConfUtils.java:logGet(43)) - raft.server.watch.element-limit = 65536 (default)
2019-09-16 15:21:23,976 [a760d5cd-1cb7-492f-9e65-096e49ec8100@group-CFFC7F28E6FF:LeaderElection4] INFO  server.RaftServerConfigKeys (ConfUtils.java:logGet(43)) - raft.server.watch.timeout.denomination = 1s (default)
2019-09-16 15:21:23,976 [a760d5cd-1cb7-492f-9e65-096e49ec8100@group-CFFC7F28E6FF:LeaderElection4] INFO  server.RaftServerConfigKeys (ConfUtils.java:logGet(43)) - raft.server.watch.element-limit = 65536 (default)
2019-09-16 15:21:23,980 [ac35d0bb-3f9a-40b5-90e5-914e8c22ca88@group-0E90F9C9A926:LeaderElection3] INFO  impl.RoleInfo (RoleInfo.java:updateAndGet(143)) - ac35d0bb-3f9a-40b5-90e5-914e8c22ca88: start LeaderState
2019-09-16 15:21:23,980 [ac35d0bb-3f9a-40b5-90e5-914e8c22ca88@group-0E90F9C9A926:LeaderElection3] INFO  segmented.SegmentedRaftLogWorker (SegmentedRaftLogWorker.java:startLogSegment(380)) - ac35d0bb-3f9a-40b5-90e5-914e8c22ca88@group-0E90F9C9A926-SegmentedRaftLogWorker: Starting segment from index:0
2019-09-16 15:21:23,981 [938a2b36-0fde-4b5a-b944-dd169fdf7f21@group-CC420E22ED9F:LeaderElection5] INFO  impl.RoleInfo (RoleInfo.java:updateAndGet(143)) - 938a2b36-0fde-4b5a-b944-dd169fdf7f21: start LeaderState
2019-09-16 15:21:23,981 [938a2b36-0fde-4b5a-b944-dd169fdf7f21@group-CC420E22ED9F:LeaderElection5] INFO  segmented.SegmentedRaftLogWorker (SegmentedRaftLogWorker.java:startLogSegment(380)) - 938a2b36-0fde-4b5a-b944-dd169fdf7f21@group-CC420E22ED9F-SegmentedRaftLogWorker: Starting segment from index:0
2019-09-16 15:21:23,981 [ac35d0bb-3f9a-40b5-90e5-914e8c22ca88@group-0E90F9C9A926:LeaderElection3] INFO  impl.RaftServerImpl (ServerState.java:setRaftConf(354)) - ac35d0bb-3f9a-40b5-90e5-914e8c22ca88@group-0E90F9C9A926: set configuration 0: [ac35d0bb-3f9a-40b5-90e5-914e8c22ca88:192.168.5.183:42069], old=null at 0
2019-09-16 15:21:23,981 [a760d5cd-1cb7-492f-9e65-096e49ec8100@group-CFFC7F28E6FF:LeaderElection4] INFO  impl.RoleInfo (RoleInfo.java:updateAndGet(143)) - a760d5cd-1cb7-492f-9e65-096e49ec8100: start LeaderState
2019-09-16 15:21:24,007 [938a2b36-0fde-4b5a-b944-dd169fdf7f21@group-CC420E22ED9F:LeaderElection5] INFO  impl.RaftServerImpl (ServerState.java:setRaftConf(354)) - 938a2b36-0fde-4b5a-b944-dd169fdf7f21@group-CC420E22ED9F: set configuration 0: [938a2b36-0fde-4b5a-b944-dd169fdf7f21:192.168.5.183:44337], old=null at 0
2019-09-16 15:21:24,008 [a760d5cd-1cb7-492f-9e65-096e49ec8100@group-CFFC7F28E6FF:LeaderElection4] INFO  segmented.SegmentedRaftLogWorker (SegmentedRaftLogWorker.java:startLogSegment(380)) - a760d5cd-1cb7-492f-9e65-096e49ec8100@group-CFFC7F28E6FF-SegmentedRaftLogWorker: Starting segment from index:0
2019-09-16 15:21:24,032 [a760d5cd-1cb7-492f-9e65-096e49ec8100@group-CFFC7F28E6FF:LeaderElection4] INFO  impl.RaftServerImpl (ServerState.java:setRaftConf(354)) - a760d5cd-1cb7-492f-9e65-096e49ec8100@group-CFFC7F28E6FF: set configuration 0: [a760d5cd-1cb7-492f-9e65-096e49ec8100:192.168.5.183:34118], old=null at 0
2019-09-16 15:21:24,108 [ac35d0bb-3f9a-40b5-90e5-914e8c22ca88@group-05A7CCD3E4F3:LeaderElection7] INFO  impl.LeaderElection (LeaderElection.java:logAndReturn(56)) - ac35d0bb-3f9a-40b5-90e5-914e8c22ca88@group-05A7CCD3E4F3:LeaderElection7: Election REJECTED; received 2 response(s) [ac35d0bb-3f9a-40b5-90e5-914e8c22ca88<-cf6136a1-b68a-49b2-9985-7b164538a112#0:FAIL-t1, ac35d0bb-3f9a-40b5-90e5-914e8c22ca88<-a760d5cd-1cb7-492f-9e65-096e49ec8100#0:FAIL-t1] and 0 exception(s); ac35d0bb-3f9a-40b5-90e5-914e8c22ca88@group-05A7CCD3E4F3:t1, leader=null, voted=ac35d0bb-3f9a-40b5-90e5-914e8c22ca88, raftlog=ac35d0bb-3f9a-40b5-90e5-914e8c22ca88@group-05A7CCD3E4F3-SegmentedRaftLog:OPENED:c-1,f-1,i0, conf=-1: [ac35d0bb-3f9a-40b5-90e5-914e8c22ca88:192.168.5.183:42069, cf6136a1-b68a-49b2-9985-7b164538a112:192.168.5.183:42701, a760d5cd-1cb7-492f-9e65-096e49ec8100:192.168.5.183:34118], old=null
2019-09-16 15:21:24,108 [cf6136a1-b68a-49b2-9985-7b164538a112@group-05A7CCD3E4F3:LeaderElection8] INFO  impl.LeaderElection (LeaderElection.java:logAndReturn(56)) - cf6136a1-b68a-49b2-9985-7b164538a112@group-05A7CCD3E4F3:LeaderElection8: Election REJECTED; received 2 response(s) [cf6136a1-b68a-49b2-9985-7b164538a112<-ac35d0bb-3f9a-40b5-90e5-914e8c22ca88#0:FAIL-t1, cf6136a1-b68a-49b2-9985-7b164538a112<-a760d5cd-1cb7-492f-9e65-096e49ec8100#0:FAIL-t1] and 0 exception(s); cf6136a1-b68a-49b2-9985-7b164538a112@group-05A7CCD3E4F3:t1, leader=null, voted=cf6136a1-b68a-49b2-9985-7b164538a112, raftlog=cf6136a1-b68a-49b2-9985-7b164538a112@group-05A7CCD3E4F3-SegmentedRaftLog:OPENED:c-1,f-1,i0, conf=-1: [ac35d0bb-3f9a-40b5-90e5-914e8c22ca88:192.168.5.183:42069, cf6136a1-b68a-49b2-9985-7b164538a112:192.168.5.183:42701, a760d5cd-1cb7-492f-9e65-096e49ec8100:192.168.5.183:34118], old=null
2019-09-16 15:21:24,108 [a760d5cd-1cb7-492f-9e65-096e49ec8100@group-05A7CCD3E4F3:LeaderElection6] INFO  impl.LeaderElection (LeaderElection.java:logAndReturn(56)) - a760d5cd-1cb7-492f-9e65-096e49ec8100@group-05A7CCD3E4F3:LeaderElection6: Election REJECTED; received 2 response(s) [a760d5cd-1cb7-492f-9e65-096e49ec8100<-ac35d0bb-3f9a-40b5-90e5-914e8c22ca88#0:FAIL-t1, a760d5cd-1cb7-492f-9e65-096e49ec8100<-cf6136a1-b68a-49b2-9985-7b164538a112#0:FAIL-t1] and 0 exception(s); a760d5cd-1cb7-492f-9e65-096e49ec8100@group-05A7CCD3E4F3:t1, leader=null, voted=a760d5cd-1cb7-492f-9e65-096e49ec8100, raftlog=a760d5cd-1cb7-492f-9e65-096e49ec8100@group-05A7CCD3E4F3-SegmentedRaftLog:OPENED:c-1,f-1,i0, conf=-1: [ac35d0bb-3f9a-40b5-90e5-914e8c22ca88:192.168.5.183:42069, cf6136a1-b68a-49b2-9985-7b164538a112:192.168.5.183:42701, a760d5cd-1cb7-492f-9e65-096e49ec8100:192.168.5.183:34118], old=null
2019-09-16 15:21:24,111 [ac35d0bb-3f9a-40b5-90e5-914e8c22ca88@group-05A7CCD3E4F3:LeaderElection7] INFO  impl.RaftServerImpl (RaftServerImpl.java:setRole(174)) - ac35d0bb-3f9a-40b5-90e5-914e8c22ca88@group-05A7CCD3E4F3: changes role from CANDIDATE to FOLLOWER at term 1 for DISCOVERED_A_NEW_TERM
2019-09-16 15:21:24,111 [cf6136a1-b68a-49b2-9985-7b164538a112@group-05A7CCD3E4F3:LeaderElection8] INFO  impl.RaftServerImpl (RaftServerImpl.java:setRole(174)) - cf6136a1-b68a-49b2-9985-7b164538a112@group-05A7CCD3E4F3: changes role from CANDIDATE to FOLLOWER at term 1 for DISCOVERED_A_NEW_TERM
2019-09-16 15:21:24,114 [a760d5cd-1cb7-492f-9e65-096e49ec8100@group-05A7CCD3E4F3:LeaderElection6] INFO  impl.RaftServerImpl (RaftServerImpl.java:setRole(174)) - a760d5cd-1cb7-492f-9e65-096e49ec8100@group-05A7CCD3E4F3: changes role from CANDIDATE to FOLLOWER at term 1 for DISCOVERED_A_NEW_TERM
2019-09-16 15:21:24,113 [ac35d0bb-3f9a-40b5-90e5-914e8c22ca88@group-05A7CCD3E4F3:LeaderElection7] INFO  impl.RoleInfo (RoleInfo.java:shutdownLeaderElection(134)) - ac35d0bb-3f9a-40b5-90e5-914e8c22ca88: shutdown LeaderElection
2019-09-16 15:21:24,116 [a760d5cd-1cb7-492f-9e65-096e49ec8100@group-05A7CCD3E4F3:LeaderElection6] INFO  impl.RoleInfo (RoleInfo.java:shutdownLeaderElection(134)) - a760d5cd-1cb7-492f-9e65-096e49ec8100: shutdown LeaderElection
2019-09-16 15:21:24,116 [cf6136a1-b68a-49b2-9985-7b164538a112@group-05A7CCD3E4F3:LeaderElection8] INFO  impl.RoleInfo (RoleInfo.java:shutdownLeaderElection(134)) - cf6136a1-b68a-49b2-9985-7b164538a112: shutdown LeaderElection
2019-09-16 15:21:24,116 [a760d5cd-1cb7-492f-9e65-096e49ec8100@group-05A7CCD3E4F3:LeaderElection6] INFO  impl.RoleInfo (RoleInfo.java:updateAndGet(143)) - a760d5cd-1cb7-492f-9e65-096e49ec8100: start FollowerState
2019-09-16 15:21:24,116 [ac35d0bb-3f9a-40b5-90e5-914e8c22ca88@group-05A7CCD3E4F3:LeaderElection7] INFO  impl.RoleInfo (RoleInfo.java:updateAndGet(143)) - ac35d0bb-3f9a-40b5-90e5-914e8c22ca88: start FollowerState
2019-09-16 15:21:24,118 [cf6136a1-b68a-49b2-9985-7b164538a112@group-05A7CCD3E4F3:LeaderElection8] INFO  impl.RoleInfo (RoleInfo.java:updateAndGet(143)) - cf6136a1-b68a-49b2-9985-7b164538a112: start FollowerState
2019-09-16 15:21:24,345 [grpc-default-executor-4] INFO  client.GrpcClientProtocolClient (GrpcClientProtocolClient.java:onNext(264)) - client-BFE9758F00F7->ac35d0bb-3f9a-40b5-90e5-914e8c22ca88: receive RaftClientReply:client-BFE9758F00F7->ac35d0bb-3f9a-40b5-90e5-914e8c22ca88@group-05A7CCD3E4F3, cid=7, FAILED org.apache.ratis.protocol.NotLeaderException: Server ac35d0bb-3f9a-40b5-90e5-914e8c22ca88@group-05A7CCD3E4F3 is not the leader, logIndex=0, commits[ac35d0bb-3f9a-40b5-90e5-914e8c22ca88:c-1]
2019-09-16 15:21:24,969 [ac35d0bb-3f9a-40b5-90e5-914e8c22ca88@group-0E90F9C9A926-SegmentedRaftLogWorker] INFO  segmented.SegmentedRaftLogWorker (SegmentedRaftLogWorker.java:execute(569)) - ac35d0bb-3f9a-40b5-90e5-914e8c22ca88@group-0E90F9C9A926-SegmentedRaftLogWorker: created new log segment /workdir/hadoop-ozone/integration-test/target/test-dir/MiniOzoneClusterImpl-76fa9ddc-256d-4f33-8a89-44c31ad7a3c7/datanode-1/data/ratis/7fdce82a-173a-4614-aebf-0e90f9c9a926/current/log_inprogress_0
2019-09-16 15:21:25,371 [grpc-default-executor-4] INFO  client.GrpcClientProtocolClient (GrpcClientProtocolClient.java:onNext(264)) - client-BFE9758F00F7->cf6136a1-b68a-49b2-9985-7b164538a112: receive RaftClientReply:client-BFE9758F00F7->cf6136a1-b68a-49b2-9985-7b164538a112@group-05A7CCD3E4F3, cid=7, FAILED org.apache.ratis.protocol.NotLeaderException: Server cf6136a1-b68a-49b2-9985-7b164538a112@group-05A7CCD3E4F3 is not the leader, logIndex=0, commits[cf6136a1-b68a-49b2-9985-7b164538a112:c-1]
2019-09-16 15:21:25,740 [a760d5cd-1cb7-492f-9e65-096e49ec8100@group-CFFC7F28E6FF-SegmentedRaftLogWorker] INFO  segmented.SegmentedRaftLogWorker (SegmentedRaftLogWorker.java:execute(569)) - a760d5cd-1cb7-492f-9e65-096e49ec8100@group-CFFC7F28E6FF-SegmentedRaftLogWorker: created new log segment /workdir/hadoop-ozone/integration-test/target/test-dir/MiniOzoneClusterImpl-76fa9ddc-256d-4f33-8a89-44c31ad7a3c7/datanode-3/data/ratis/09d61a68-8f5b-4310-82b0-cffc7f28e6ff/current/log_inprogress_0
2019-09-16 15:21:25,740 [938a2b36-0fde-4b5a-b944-dd169fdf7f21@group-CC420E22ED9F-SegmentedRaftLogWorker] INFO  segmented.SegmentedRaftLogWorker (SegmentedRaftLogWorker.java:execute(569)) - 938a2b36-0fde-4b5a-b944-dd169fdf7f21@group-CC420E22ED9F-SegmentedRaftLogWorker: created new log segment /workdir/hadoop-ozone/integration-test/target/test-dir/MiniOzoneClusterImpl-76fa9ddc-256d-4f33-8a89-44c31ad7a3c7/datanode-2/data/ratis/2d2f7c7d-93be-45cc-9c83-cc420e22ed9f/current/log_inprogress_0
2019-09-16 15:21:26,405 [grpc-default-executor-4] INFO  client.GrpcClientProtocolClient (GrpcClientProtocolClient.java:onNext(264)) - client-BFE9758F00F7->ac35d0bb-3f9a-40b5-90e5-914e8c22ca88: receive RaftClientReply:client-BFE9758F00F7->ac35d0bb-3f9a-40b5-90e5-914e8c22ca88@group-05A7CCD3E4F3, cid=7, FAILED org.apache.ratis.protocol.NotLeaderException: Server ac35d0bb-3f9a-40b5-90e5-914e8c22ca88@group-05A7CCD3E4F3 is not the leader, logIndex=0, commits[ac35d0bb-3f9a-40b5-90e5-914e8c22ca88:c-1]
2019-09-16 15:21:27,425 [grpc-default-executor-4] INFO  client.GrpcClientProtocolClient (GrpcClientProtocolClient.java:onNext(264)) - client-BFE9758F00F7->a760d5cd-1cb7-492f-9e65-096e49ec8100: receive RaftClientReply:client-BFE9758F00F7->a760d5cd-1cb7-492f-9e65-096e49ec8100@group-05A7CCD3E4F3, cid=7, FAILED org.apache.ratis.protocol.NotLeaderException: Server a760d5cd-1cb7-492f-9e65-096e49ec8100@group-05A7CCD3E4F3 is not the leader, logIndex=0, commits[a760d5cd-1cb7-492f-9e65-096e49ec8100:c-1]
2019-09-16 15:21:28,446 [grpc-default-executor-4] INFO  client.GrpcClientProtocolClient (GrpcClientProtocolClient.java:onNext(264)) - client-BFE9758F00F7->ac35d0bb-3f9a-40b5-90e5-914e8c22ca88: receive RaftClientReply:client-BFE9758F00F7->ac35d0bb-3f9a-40b5-90e5-914e8c22ca88@group-05A7CCD3E4F3, cid=7, FAILED org.apache.ratis.protocol.NotLeaderException: Server ac35d0bb-3f9a-40b5-90e5-914e8c22ca88@group-05A7CCD3E4F3 is not the leader, logIndex=0, commits[ac35d0bb-3f9a-40b5-90e5-914e8c22ca88:c-1]
2019-09-16 15:21:29,276 [Thread-255] INFO  impl.FollowerState (FollowerState.java:run(106)) - ac35d0bb-3f9a-40b5-90e5-914e8c22ca88:group-05A7CCD3E4F3 changes to CANDIDATE, lastRpcTime:5160, electionTimeout:5158ms
2019-09-16 15:21:29,276 [Thread-255] INFO  impl.RoleInfo (RoleInfo.java:shutdownFollowerState(121)) - ac35d0bb-3f9a-40b5-90e5-914e8c22ca88: shutdown FollowerState
2019-09-16 15:21:29,276 [Thread-255] INFO  impl.RaftServerImpl (RaftServerImpl.java:setRole(174)) - ac35d0bb-3f9a-40b5-90e5-914e8c22ca88@group-05A7CCD3E4F3: changes role from  FOLLOWER to CANDIDATE at term 1 for changeToCandidate
2019-09-16 15:21:29,276 [Thread-255] INFO  impl.RoleInfo (RoleInfo.java:updateAndGet(143)) - ac35d0bb-3f9a-40b5-90e5-914e8c22ca88: start LeaderElection
2019-09-16 15:21:29,291 [Thread-256] INFO  impl.FollowerState (FollowerState.java:run(106)) - a760d5cd-1cb7-492f-9e65-096e49ec8100:group-05A7CCD3E4F3 changes to CANDIDATE, lastRpcTime:5175, electionTimeout:5175ms
2019-09-16 15:21:29,292 [Thread-256] INFO  impl.RoleInfo (RoleInfo.java:shutdownFollowerState(121)) - a760d5cd-1cb7-492f-9e65-096e49ec8100: shutdown FollowerState
2019-09-16 15:21:29,292 [Thread-256] INFO  impl.RaftServerImpl (RaftServerImpl.java:setRole(174)) - a760d5cd-1cb7-492f-9e65-096e49ec8100@group-05A7CCD3E4F3: changes role from  FOLLOWER to CANDIDATE at term 1 for changeToCandidate
2019-09-16 15:21:29,292 [Thread-256] INFO  impl.RoleInfo (RoleInfo.java:updateAndGet(143)) - a760d5cd-1cb7-492f-9e65-096e49ec8100: start LeaderElection
2019-09-16 15:21:29,294 [Thread-257] INFO  impl.FollowerState (FollowerState.java:run(106)) - cf6136a1-b68a-49b2-9985-7b164538a112:group-05A7CCD3E4F3 changes to CANDIDATE, lastRpcTime:5177, electionTimeout:5172ms
2019-09-16 15:21:29,294 [Thread-257] INFO  impl.RoleInfo (RoleInfo.java:shutdownFollowerState(121)) - cf6136a1-b68a-49b2-9985-7b164538a112: shutdown FollowerState
2019-09-16 15:21:29,294 [Thread-257] INFO  impl.RaftServerImpl (RaftServerImpl.java:setRole(174)) - cf6136a1-b68a-49b2-9985-7b164538a112@group-05A7CCD3E4F3: changes role from  FOLLOWER to CANDIDATE at term 1 for changeToCandidate
2019-09-16 15:21:29,294 [Thread-257] INFO  impl.RoleInfo (RoleInfo.java:updateAndGet(143)) - cf6136a1-b68a-49b2-9985-7b164538a112: start LeaderElection
2019-09-16 15:21:29,465 [grpc-default-executor-5] INFO  client.GrpcClientProtocolClient (GrpcClientProtocolClient.java:onNext(264)) - client-BFE9758F00F7->cf6136a1-b68a-49b2-9985-7b164538a112: receive RaftClientReply:client-BFE9758F00F7->cf6136a1-b68a-49b2-9985-7b164538a112@group-05A7CCD3E4F3, cid=7, FAILED org.apache.ratis.protocol.NotLeaderException: Server cf6136a1-b68a-49b2-9985-7b164538a112@group-05A7CCD3E4F3 is not the leader, logIndex=0, commits[cf6136a1-b68a-49b2-9985-7b164538a112:c-1]
2019-09-16 15:21:29,829 [ac35d0bb-3f9a-40b5-90e5-914e8c22ca88@group-05A7CCD3E4F3:LeaderElection9] INFO  impl.LeaderElection (LeaderElection.java:askForVotes(182)) - ac35d0bb-3f9a-40b5-90e5-914e8c22ca88@group-05A7CCD3E4F3:LeaderElection9: begin an election at term 2 for -1: [ac35d0bb-3f9a-40b5-90e5-914e8c22ca88:192.168.5.183:42069, cf6136a1-b68a-49b2-9985-7b164538a112:192.168.5.183:42701, a760d5cd-1cb7-492f-9e65-096e49ec8100:192.168.5.183:34118], old=null
2019-09-16 15:21:29,830 [a760d5cd-1cb7-492f-9e65-096e49ec8100@group-05A7CCD3E4F3:LeaderElection10] INFO  impl.LeaderElection (LeaderElection.java:askForVotes(182)) - a760d5cd-1cb7-492f-9e65-096e49ec8100@group-05A7CCD3E4F3:LeaderElection10: begin an election at term 2 for -1: [ac35d0bb-3f9a-40b5-90e5-914e8c22ca88:192.168.5.183:42069, cf6136a1-b68a-49b2-9985-7b164538a112:192.168.5.183:42701, a760d5cd-1cb7-492f-9e65-096e49ec8100:192.168.5.183:34118], old=null
2019-09-16 15:21:29,829 [cf6136a1-b68a-49b2-9985-7b164538a112@group-05A7CCD3E4F3:LeaderElection11] INFO  impl.LeaderElection (LeaderElection.java:askForVotes(182)) - cf6136a1-b68a-49b2-9985-7b164538a112@group-05A7CCD3E4F3:LeaderElection11: begin an election at term 2 for -1: [ac35d0bb-3f9a-40b5-90e5-914e8c22ca88:192.168.5.183:42069, cf6136a1-b68a-49b2-9985-7b164538a112:192.168.5.183:42701, a760d5cd-1cb7-492f-9e65-096e49ec8100:192.168.5.183:34118], old=null
2019-09-16 15:21:29,852 [a760d5cd-1cb7-492f-9e65-096e49ec8100@group-05A7CCD3E4F3:LeaderElection10] INFO  impl.LeaderElection (LeaderElection.java:logAndReturn(56)) - a760d5cd-1cb7-492f-9e65-096e49ec8100@group-05A7CCD3E4F3:LeaderElection10: Election REJECTED; received 2 response(s) [a760d5cd-1cb7-492f-9e65-096e49ec8100<-ac35d0bb-3f9a-40b5-90e5-914e8c22ca88#0:FAIL-t2, a760d5cd-1cb7-492f-9e65-096e49ec8100<-cf6136a1-b68a-49b2-9985-7b164538a112#0:FAIL-t2] and 0 exception(s); a760d5cd-1cb7-492f-9e65-096e49ec8100@group-05A7CCD3E4F3:t2, leader=null, voted=a760d5cd-1cb7-492f-9e65-096e49ec8100, raftlog=a760d5cd-1cb7-492f-9e65-096e49ec8100@group-05A7CCD3E4F3-SegmentedRaftLog:OPENED:c-1,f-1,i0, conf=-1: [ac35d0bb-3f9a-40b5-90e5-914e8c22ca88:192.168.5.183:42069, cf6136a1-b68a-49b2-9985-7b164538a112:192.168.5.183:42701, a760d5cd-1cb7-492f-9e65-096e49ec8100:192.168.5.183:34118], old=null
2019-09-16 15:21:29,852 [a760d5cd-1cb7-492f-9e65-096e49ec8100@group-05A7CCD3E4F3:LeaderElection10] INFO  impl.RaftServerImpl (RaftServerImpl.java:setRole(174)) - a760d5cd-1cb7-492f-9e65-096e49ec8100@group-05A7CCD3E4F3: changes role from CANDIDATE to FOLLOWER at term 2 for DISCOVERED_A_NEW_TERM
2019-09-16 15:21:29,855 [a760d5cd-1cb7-492f-9e65-096e49ec8100@group-05A7CCD3E4F3:LeaderElection10] INFO  impl.RoleInfo (RoleInfo.java:shutdownLeaderElection(134)) - a760d5cd-1cb7-492f-9e65-096e49ec8100: shutdown LeaderElection
2019-09-16 15:21:29,856 [cf6136a1-b68a-49b2-9985-7b164538a112@group-05A7CCD3E4F3:LeaderElection11] INFO  impl.LeaderElection (LeaderElection.java:logAndReturn(56)) - cf6136a1-b68a-49b2-9985-7b164538a112@group-05A7CCD3E4F3:LeaderElection11: Election REJECTED; received 2 response(s) [cf6136a1-b68a-49b2-9985-7b164538a112<-ac35d0bb-3f9a-40b5-90e5-914e8c22ca88#0:FAIL-t2, cf6136a1-b68a-49b2-9985-7b164538a112<-a760d5cd-1cb7-492f-9e65-096e49ec8100#0:FAIL-t2] and 0 exception(s); cf6136a1-b68a-49b2-9985-7b164538a112@group-05A7CCD3E4F3:t2, leader=null, voted=cf6136a1-b68a-49b2-9985-7b164538a112, raftlog=cf6136a1-b68a-49b2-9985-7b164538a112@group-05A7CCD3E4F3-SegmentedRaftLog:OPENED:c-1,f-1,i0, conf=-1: [ac35d0bb-3f9a-40b5-90e5-914e8c22ca88:192.168.5.183:42069, cf6136a1-b68a-49b2-9985-7b164538a112:192.168.5.183:42701, a760d5cd-1cb7-492f-9e65-096e49ec8100:192.168.5.183:34118], old=null
2019-09-16 15:21:29,857 [a760d5cd-1cb7-492f-9e65-096e49ec8100@group-05A7CCD3E4F3:LeaderElection10] INFO  impl.RoleInfo (RoleInfo.java:updateAndGet(143)) - a760d5cd-1cb7-492f-9e65-096e49ec8100: start FollowerState
2019-09-16 15:21:29,857 [cf6136a1-b68a-49b2-9985-7b164538a112@group-05A7CCD3E4F3:LeaderElection11] INFO  impl.RaftServerImpl (RaftServerImpl.java:setRole(174)) - cf6136a1-b68a-49b2-9985-7b164538a112@group-05A7CCD3E4F3: changes role from CANDIDATE to FOLLOWER at term 2 for DISCOVERED_A_NEW_TERM
2019-09-16 15:21:29,859 [cf6136a1-b68a-49b2-9985-7b164538a112@group-05A7CCD3E4F3:LeaderElection11] INFO  impl.RoleInfo (RoleInfo.java:shutdownLeaderElection(134)) - cf6136a1-b68a-49b2-9985-7b164538a112: shutdown LeaderElection
2019-09-16 15:21:29,860 [ac35d0bb-3f9a-40b5-90e5-914e8c22ca88@group-05A7CCD3E4F3:LeaderElection9] INFO  impl.LeaderElection (LeaderElection.java:logAndReturn(56)) - ac35d0bb-3f9a-40b5-90e5-914e8c22ca88@group-05A7CCD3E4F3:LeaderElection9: Election REJECTED; received 2 response(s) [ac35d0bb-3f9a-40b5-90e5-914e8c22ca88<-cf6136a1-b68a-49b2-9985-7b164538a112#0:FAIL-t2, ac35d0bb-3f9a-40b5-90e5-914e8c22ca88<-a760d5cd-1cb7-492f-9e65-096e49ec8100#0:FAIL-t2] and 0 exception(s); ac35d0bb-3f9a-40b5-90e5-914e8c22ca88@group-05A7CCD3E4F3:t2, leader=null, voted=ac35d0bb-3f9a-40b5-90e5-914e8c22ca88, raftlog=ac35d0bb-3f9a-40b5-90e5-914e8c22ca88@group-05A7CCD3E4F3-SegmentedRaftLog:OPENED:c-1,f-1,i0, conf=-1: [ac35d0bb-3f9a-40b5-90e5-914e8c22ca88:192.168.5.183:42069, cf6136a1-b68a-49b2-9985-7b164538a112:192.168.5.183:42701, a760d5cd-1cb7-492f-9e65-096e49ec8100:192.168.5.183:34118], old=null
2019-09-16 15:21:29,860 [cf6136a1-b68a-49b2-9985-7b164538a112@group-05A7CCD3E4F3:LeaderElection11] INFO  impl.RoleInfo (RoleInfo.java:updateAndGet(143)) - cf6136a1-b68a-49b2-9985-7b164538a112: start FollowerState
2019-09-16 15:21:29,861 [ac35d0bb-3f9a-40b5-90e5-914e8c22ca88@group-05A7CCD3E4F3:LeaderElection9] INFO  impl.RaftServerImpl (RaftServerImpl.java:setRole(174)) - ac35d0bb-3f9a-40b5-90e5-914e8c22ca88@group-05A7CCD3E4F3: changes role from CANDIDATE to FOLLOWER at term 2 for DISCOVERED_A_NEW_TERM
2019-09-16 15:21:29,865 [ac35d0bb-3f9a-40b5-90e5-914e8c22ca88@group-05A7CCD3E4F3:LeaderElection9] INFO  impl.RoleInfo (RoleInfo.java:shutdownLeaderElection(134)) - ac35d0bb-3f9a-40b5-90e5-914e8c22ca88: shutdown LeaderElection
2019-09-16 15:21:29,866 [ac35d0bb-3f9a-40b5-90e5-914e8c22ca88@group-05A7CCD3E4F3:LeaderElection9] INFO  impl.RoleInfo (RoleInfo.java:updateAndGet(143)) - ac35d0bb-3f9a-40b5-90e5-914e8c22ca88: start FollowerState
2019-09-16 15:21:30,481 [grpc-default-executor-3] INFO  client.GrpcClientProtocolClient (GrpcClientProtocolClient.java:onNext(264)) - client-BFE9758F00F7->a760d5cd-1cb7-492f-9e65-096e49ec8100: receive RaftClientReply:client-BFE9758F00F7->a760d5cd-1cb7-492f-9e65-096e49ec8100@group-05A7CCD3E4F3, cid=7, FAILED org.apache.ratis.protocol.NotLeaderException: Server a760d5cd-1cb7-492f-9e65-096e49ec8100@group-05A7CCD3E4F3 is not the leader, logIndex=0, commits[a760d5cd-1cb7-492f-9e65-096e49ec8100:c-1]
2019-09-16 15:21:31,506 [grpc-default-executor-0] INFO  client.GrpcClientProtocolClient (GrpcClientProtocolClient.java:onNext(264)) - client-BFE9758F00F7->cf6136a1-b68a-49b2-9985-7b164538a112: receive RaftClientReply:client-BFE9758F00F7->cf6136a1-b68a-49b2-9985-7b164538a112@group-05A7CCD3E4F3, cid=7, FAILED org.apache.ratis.protocol.NotLeaderException: Server cf6136a1-b68a-49b2-9985-7b164538a112@group-05A7CCD3E4F3 is not the leader, logIndex=0, commits[cf6136a1-b68a-49b2-9985-7b164538a112:c-1]
2019-09-16 15:21:32,532 [grpc-default-executor-3] INFO  client.GrpcClientProtocolClient (GrpcClientProtocolClient.java:onNext(264)) - client-BFE9758F00F7->a760d5cd-1cb7-492f-9e65-096e49ec8100: receive RaftClientReply:client-BFE9758F00F7->a760d5cd-1cb7-492f-9e65-096e49ec8100@group-05A7CCD3E4F3, cid=7, FAILED org.apache.ratis.protocol.NotLeaderException: Server a760d5cd-1cb7-492f-9e65-096e49ec8100@group-05A7CCD3E4F3 is not the leader, logIndex=0, commits[a760d5cd-1cb7-492f-9e65-096e49ec8100:c-1]
2019-09-16 15:21:33,558 [grpc-default-executor-0] INFO  client.GrpcClientProtocolClient (GrpcClientProtocolClient.java:onNext(264)) - client-BFE9758F00F7->cf6136a1-b68a-49b2-9985-7b164538a112: receive RaftClientReply:client-BFE9758F00F7->cf6136a1-b68a-49b2-9985-7b164538a112@group-05A7CCD3E4F3, cid=7, FAILED org.apache.ratis.protocol.NotLeaderException: Server cf6136a1-b68a-49b2-9985-7b164538a112@group-05A7CCD3E4F3 is not the leader, logIndex=0, commits[cf6136a1-b68a-49b2-9985-7b164538a112:c-1]
2019-09-16 15:21:34,579 [grpc-default-executor-0] INFO  client.GrpcClientProtocolClient (GrpcClientProtocolClient.java:onNext(264)) - client-BFE9758F00F7->ac35d0bb-3f9a-40b5-90e5-914e8c22ca88: receive RaftClientReply:client-BFE9758F00F7->ac35d0bb-3f9a-40b5-90e5-914e8c22ca88@group-05A7CCD3E4F3, cid=7, FAILED org.apache.ratis.protocol.NotLeaderException: Server ac35d0bb-3f9a-40b5-90e5-914e8c22ca88@group-05A7CCD3E4F3 is not the leader, logIndex=0, commits[ac35d0bb-3f9a-40b5-90e5-914e8c22ca88:c-1]
2019-09-16 15:21:34,920 [Thread-280] INFO  impl.FollowerState (FollowerState.java:run(106)) - a760d5cd-1cb7-492f-9e65-096e49ec8100:group-05A7CCD3E4F3 changes to CANDIDATE, lastRpcTime:5062, electionTimeout:5059ms
2019-09-16 15:21:34,920 [Thread-280] INFO  impl.RoleInfo (RoleInfo.java:shutdownFollowerState(121)) - a760d5cd-1cb7-492f-9e65-096e49ec8100: shutdown FollowerState
2019-09-16 15:21:34,920 [Thread-280] INFO  impl.RaftServerImpl (RaftServerImpl.java:setRole(174)) - a760d5cd-1cb7-492f-9e65-096e49ec8100@group-05A7CCD3E4F3: changes role from  FOLLOWER to CANDIDATE at term 2 for changeToCandidate
2019-09-16 15:21:34,920 [Thread-280] INFO  impl.RoleInfo (RoleInfo.java:updateAndGet(143)) - a760d5cd-1cb7-492f-9e65-096e49ec8100: start LeaderElection
2019-09-16 15:21:34,945 [Thread-282] INFO  impl.FollowerState (FollowerState.java:run(106)) - ac35d0bb-3f9a-40b5-90e5-914e8c22ca88:group-05A7CCD3E4F3 changes to CANDIDATE, lastRpcTime:5078, electionTimeout:5077ms
2019-09-16 15:21:34,945 [Thread-282] INFO  impl.RoleInfo (RoleInfo.java:shutdownFollowerState(121)) - ac35d0bb-3f9a-40b5-90e5-914e8c22ca88: shutdown FollowerState
2019-09-16 15:21:34,945 [Thread-282] INFO  impl.RaftServerImpl (RaftServerImpl.java:setRole(174)) - ac35d0bb-3f9a-40b5-90e5-914e8c22ca88@group-05A7CCD3E4F3: changes role from  FOLLOWER to CANDIDATE at term 2 for changeToCandidate
2019-09-16 15:21:34,946 [Thread-282] INFO  impl.RoleInfo (RoleInfo.java:updateAndGet(143)) - ac35d0bb-3f9a-40b5-90e5-914e8c22ca88: start LeaderElection
2019-09-16 15:21:35,042 [Thread-281] INFO  impl.FollowerState (FollowerState.java:run(106)) - cf6136a1-b68a-49b2-9985-7b164538a112:group-05A7CCD3E4F3 changes to CANDIDATE, lastRpcTime:5181, electionTimeout:5177ms
2019-09-16 15:21:35,042 [Thread-281] INFO  impl.RoleInfo (RoleInfo.java:shutdownFollowerState(121)) - cf6136a1-b68a-49b2-9985-7b164538a112: shutdown FollowerState
2019-09-16 15:21:35,042 [Thread-281] INFO  impl.RaftServerImpl (RaftServerImpl.java:setRole(174)) - cf6136a1-b68a-49b2-9985-7b164538a112@group-05A7CCD3E4F3: changes role from  FOLLOWER to CANDIDATE at term 2 for changeToCandidate
2019-09-16 15:21:35,043 [Thread-281] INFO  impl.RoleInfo (RoleInfo.java:updateAndGet(143)) - cf6136a1-b68a-49b2-9985-7b164538a112: start LeaderElection
2019-09-16 15:21:35,058 [ac35d0bb-3f9a-40b5-90e5-914e8c22ca88@group-05A7CCD3E4F3:LeaderElection13] INFO  impl.LeaderElection (LeaderElection.java:askForVotes(182)) - ac35d0bb-3f9a-40b5-90e5-914e8c22ca88@group-05A7CCD3E4F3:LeaderElection13: begin an election at term 3 for -1: [ac35d0bb-3f9a-40b5-90e5-914e8c22ca88:192.168.5.183:42069, cf6136a1-b68a-49b2-9985-7b164538a112:192.168.5.183:42701, a760d5cd-1cb7-492f-9e65-096e49ec8100:192.168.5.183:34118], old=null
2019-09-16 15:21:35,058 [a760d5cd-1cb7-492f-9e65-096e49ec8100@group-05A7CCD3E4F3:LeaderElection12] INFO  impl.LeaderElection (LeaderElection.java:askForVotes(182)) - a760d5cd-1cb7-492f-9e65-096e49ec8100@group-05A7CCD3E4F3:LeaderElection12: begin an election at term 3 for -1: [ac35d0bb-3f9a-40b5-90e5-914e8c22ca88:192.168.5.183:42069, cf6136a1-b68a-49b2-9985-7b164538a112:192.168.5.183:42701, a760d5cd-1cb7-492f-9e65-096e49ec8100:192.168.5.183:34118], old=null
2019-09-16 15:21:35,127 [cf6136a1-b68a-49b2-9985-7b164538a112@group-05A7CCD3E4F3:LeaderElection14] INFO  impl.LeaderElection (LeaderElection.java:askForVotes(182)) - cf6136a1-b68a-49b2-9985-7b164538a112@group-05A7CCD3E4F3:LeaderElection14: begin an election at term 3 for -1: [ac35d0bb-3f9a-40b5-90e5-914e8c22ca88:192.168.5.183:42069, cf6136a1-b68a-49b2-9985-7b164538a112:192.168.5.183:42701, a760d5cd-1cb7-492f-9e65-096e49ec8100:192.168.5.183:34118], old=null
2019-09-16 15:21:35,129 [ac35d0bb-3f9a-40b5-90e5-914e8c22ca88@group-05A7CCD3E4F3:LeaderElection13] INFO  impl.LeaderElection (LeaderElection.java:logAndReturn(56)) - ac35d0bb-3f9a-40b5-90e5-914e8c22ca88@group-05A7CCD3E4F3:LeaderElection13: Election REJECTED; received 2 response(s) [ac35d0bb-3f9a-40b5-90e5-914e8c22ca88<-cf6136a1-b68a-49b2-9985-7b164538a112#0:FAIL-t3, ac35d0bb-3f9a-40b5-90e5-914e8c22ca88<-a760d5cd-1cb7-492f-9e65-096e49ec8100#0:FAIL-t3] and 0 exception(s); ac35d0bb-3f9a-40b5-90e5-914e8c22ca88@group-05A7CCD3E4F3:t3, leader=null, voted=ac35d0bb-3f9a-40b5-90e5-914e8c22ca88, raftlog=ac35d0bb-3f9a-40b5-90e5-914e8c22ca88@group-05A7CCD3E4F3-SegmentedRaftLog:OPENED:c-1,f-1,i0, conf=-1: [ac35d0bb-3f9a-40b5-90e5-914e8c22ca88:192.168.5.183:42069, cf6136a1-b68a-49b2-9985-7b164538a112:192.168.5.183:42701, a760d5cd-1cb7-492f-9e65-096e49ec8100:192.168.5.183:34118], old=null
2019-09-16 15:21:35,129 [ac35d0bb-3f9a-40b5-90e5-914e8c22ca88@group-05A7CCD3E4F3:LeaderElection13] INFO  impl.RaftServerImpl (RaftServerImpl.java:setRole(174)) - ac35d0bb-3f9a-40b5-90e5-914e8c22ca88@group-05A7CCD3E4F3: changes role from CANDIDATE to FOLLOWER at term 3 for DISCOVERED_A_NEW_TERM
2019-09-16 15:21:35,129 [ac35d0bb-3f9a-40b5-90e5-914e8c22ca88@group-05A7CCD3E4F3:LeaderElection13] INFO  impl.RoleInfo (RoleInfo.java:shutdownLeaderElection(134)) - ac35d0bb-3f9a-40b5-90e5-914e8c22ca88: shutdown LeaderElection
2019-09-16 15:21:35,130 [ac35d0bb-3f9a-40b5-90e5-914e8c22ca88@group-05A7CCD3E4F3:LeaderElection13] INFO  impl.RoleInfo (RoleInfo.java:updateAndGet(143)) - ac35d0bb-3f9a-40b5-90e5-914e8c22ca88: start FollowerState
2019-09-16 15:21:35,130 [a760d5cd-1cb7-492f-9e65-096e49ec8100@group-05A7CCD3E4F3:LeaderElection12] INFO  impl.LeaderElection (LeaderElection.java:logAndReturn(56)) - a760d5cd-1cb7-492f-9e65-096e49ec8100@group-05A7CCD3E4F3:LeaderElection12: Election REJECTED; received 2 response(s) [a760d5cd-1cb7-492f-9e65-096e49ec8100<-ac35d0bb-3f9a-40b5-90e5-914e8c22ca88#0:FAIL-t3, a760d5cd-1cb7-492f-9e65-096e49ec8100<-cf6136a1-b68a-49b2-9985-7b164538a112#0:FAIL-t3] and 0 exception(s); a760d5cd-1cb7-492f-9e65-096e49ec8100@group-05A7CCD3E4F3:t3, leader=null, voted=a760d5cd-1cb7-492f-9e65-096e49ec8100, raftlog=a760d5cd-1cb7-492f-9e65-096e49ec8100@group-05A7CCD3E4F3-SegmentedRaftLog:OPENED:c-1,f-1,i0, conf=-1: [ac35d0bb-3f9a-40b5-90e5-914e8c22ca88:192.168.5.183:42069, cf6136a1-b68a-49b2-9985-7b164538a112:192.168.5.183:42701, a760d5cd-1cb7-492f-9e65-096e49ec8100:192.168.5.183:34118], old=null
2019-09-16 15:21:35,132 [a760d5cd-1cb7-492f-9e65-096e49ec8100@group-05A7CCD3E4F3:LeaderElection12] INFO  impl.RaftServerImpl (RaftServerImpl.java:setRole(174)) - a760d5cd-1cb7-492f-9e65-096e49ec8100@group-05A7CCD3E4F3: changes role from CANDIDATE to FOLLOWER at term 3 for DISCOVERED_A_NEW_TERM
2019-09-16 15:21:35,133 [a760d5cd-1cb7-492f-9e65-096e49ec8100@group-05A7CCD3E4F3:LeaderElection12] INFO  impl.RoleInfo (RoleInfo.java:shutdownLeaderElection(134)) - a760d5cd-1cb7-492f-9e65-096e49ec8100: shutdown LeaderElection
2019-09-16 15:21:35,133 [a760d5cd-1cb7-492f-9e65-096e49ec8100@group-05A7CCD3E4F3:LeaderElection12] INFO  impl.RoleInfo (RoleInfo.java:updateAndGet(143)) - a760d5cd-1cb7-492f-9e65-096e49ec8100: start FollowerState
2019-09-16 15:21:35,138 [cf6136a1-b68a-49b2-9985-7b164538a112@group-05A7CCD3E4F3:LeaderElection14] INFO  impl.LeaderElection (LeaderElection.java:logAndReturn(56)) - cf6136a1-b68a-49b2-9985-7b164538a112@group-05A7CCD3E4F3:LeaderElection14: Election REJECTED; received 2 response(s) [cf6136a1-b68a-49b2-9985-7b164538a112<-ac35d0bb-3f9a-40b5-90e5-914e8c22ca88#0:FAIL-t3, cf6136a1-b68a-49b2-9985-7b164538a112<-a760d5cd-1cb7-492f-9e65-096e49ec8100#0:FAIL-t3] and 0 exception(s); cf6136a1-b68a-49b2-9985-7b164538a112@group-05A7CCD3E4F3:t3, leader=null, voted=cf6136a1-b68a-49b2-9985-7b164538a112, raftlog=cf6136a1-b68a-49b2-9985-7b164538a112@group-05A7CCD3E4F3-SegmentedRaftLog:OPENED:c-1,f-1,i0, conf=-1: [ac35d0bb-3f9a-40b5-90e5-914e8c22ca88:192.168.5.183:42069, cf6136a1-b68a-49b2-9985-7b164538a112:192.168.5.183:42701, a760d5cd-1cb7-492f-9e65-096e49ec8100:192.168.5.183:34118], old=null
2019-09-16 15:21:35,140 [cf6136a1-b68a-49b2-9985-7b164538a112@group-05A7CCD3E4F3:LeaderElection14] INFO  impl.RaftServerImpl (RaftServerImpl.java:setRole(174)) - cf6136a1-b68a-49b2-9985-7b164538a112@group-05A7CCD3E4F3: changes role from CANDIDATE to FOLLOWER at term 3 for DISCOVERED_A_NEW_TERM
2019-09-16 15:21:35,140 [cf6136a1-b68a-49b2-9985-7b164538a112@group-05A7CCD3E4F3:LeaderElection14] INFO  impl.RoleInfo (RoleInfo.java:shutdownLeaderElection(134)) - cf6136a1-b68a-49b2-9985-7b164538a112: shutdown LeaderElection
2019-09-16 15:21:35,140 [cf6136a1-b68a-49b2-9985-7b164538a112@group-05A7CCD3E4F3:LeaderElection14] INFO  impl.RoleInfo (RoleInfo.java:updateAndGet(143)) - cf6136a1-b68a-49b2-9985-7b164538a112: start FollowerState
2019-09-16 15:21:35,611 [grpc-default-executor-5] INFO  client.GrpcClientProtocolClient (GrpcClientProtocolClient.java:onNext(264)) - client-BFE9758F00F7->cf6136a1-b68a-49b2-9985-7b164538a112: receive RaftClientReply:client-BFE9758F00F7->cf6136a1-b68a-49b2-9985-7b164538a112@group-05A7CCD3E4F3, cid=7, FAILED org.apache.ratis.protocol.NotLeaderException: Server cf6136a1-b68a-49b2-9985-7b164538a112@group-05A7CCD3E4F3 is not the leader, logIndex=0, commits[cf6136a1-b68a-49b2-9985-7b164538a112:c-1]
2019-09-16 15:21:36,630 [grpc-default-executor-5] INFO  client.GrpcClientProtocolClient (GrpcClientProtocolClient.java:onNext(264)) - client-BFE9758F00F7->ac35d0bb-3f9a-40b5-90e5-914e8c22ca88: receive RaftClientReply:client-BFE9758F00F7->ac35d0bb-3f9a-40b5-90e5-914e8c22ca88@group-05A7CCD3E4F3, cid=7, FAILED org.apache.ratis.protocol.NotLeaderException: Server ac35d0bb-3f9a-40b5-90e5-914e8c22ca88@group-05A7CCD3E4F3 is not the leader, logIndex=0, commits[ac35d0bb-3f9a-40b5-90e5-914e8c22ca88:c-1]
2019-09-16 15:21:37,651 [grpc-default-executor-5] INFO  client.GrpcClientProtocolClient (GrpcClientProtocolClient.java:onNext(264)) - client-BFE9758F00F7->a760d5cd-1cb7-492f-9e65-096e49ec8100: receive RaftClientReply:client-BFE9758F00F7->a760d5cd-1cb7-492f-9e65-096e49ec8100@group-05A7CCD3E4F3, cid=7, FAILED org.apache.ratis.protocol.NotLeaderException: Server a760d5cd-1cb7-492f-9e65-096e49ec8100@group-05A7CCD3E4F3 is not the leader, logIndex=0, commits[a760d5cd-1cb7-492f-9e65-096e49ec8100:c-1]
2019-09-16 15:21:38,683 [grpc-default-executor-5] INFO  client.GrpcClientProtocolClient (GrpcClientProtocolClient.java:onNext(264)) - client-BFE9758F00F7->ac35d0bb-3f9a-40b5-90e5-914e8c22ca88: receive RaftClientReply:client-BFE9758F00F7->ac35d0bb-3f9a-40b5-90e5-914e8c22ca88@group-05A7CCD3E4F3, cid=7, FAILED org.apache.ratis.protocol.NotLeaderException: Server ac35d0bb-3f9a-40b5-90e5-914e8c22ca88@group-05A7CCD3E4F3 is not the leader, logIndex=0, commits[ac35d0bb-3f9a-40b5-90e5-914e8c22ca88:c-1]
2019-09-16 15:21:39,711 [grpc-default-executor-5] INFO  client.GrpcClientProtocolClient (GrpcClientProtocolClient.java:onNext(264)) - client-BFE9758F00F7->cf6136a1-b68a-49b2-9985-7b164538a112: receive RaftClientReply:client-BFE9758F00F7->cf6136a1-b68a-49b2-9985-7b164538a112@group-05A7CCD3E4F3, cid=7, FAILED org.apache.ratis.protocol.NotLeaderException: Server cf6136a1-b68a-49b2-9985-7b164538a112@group-05A7CCD3E4F3 is not the leader, logIndex=0, commits[cf6136a1-b68a-49b2-9985-7b164538a112:c-1]
2019-09-16 15:21:40,195 [Thread-304] INFO  impl.FollowerState (FollowerState.java:run(106)) - cf6136a1-b68a-49b2-9985-7b164538a112:group-05A7CCD3E4F3 changes to CANDIDATE, lastRpcTime:5054, electionTimeout:5054ms
2019-09-16 15:21:40,195 [Thread-304] INFO  impl.RoleInfo (RoleInfo.java:shutdownFollowerState(121)) - cf6136a1-b68a-49b2-9985-7b164538a112: shutdown FollowerState
2019-09-16 15:21:40,195 [Thread-304] INFO  impl.RaftServerImpl (RaftServerImpl.java:setRole(174)) - cf6136a1-b68a-49b2-9985-7b164538a112@group-05A7CCD3E4F3: changes role from  FOLLOWER to CANDIDATE at term 3 for changeToCandidate
2019-09-16 15:21:40,196 [Thread-304] INFO  impl.RoleInfo (RoleInfo.java:updateAndGet(143)) - cf6136a1-b68a-49b2-9985-7b164538a112: start LeaderElection
2019-09-16 15:21:40,220 [Thread-303] INFO  impl.FollowerState (FollowerState.java:run(106)) - a760d5cd-1cb7-492f-9e65-096e49ec8100:group-05A7CCD3E4F3 changes to CANDIDATE, lastRpcTime:5087, electionTimeout:5085ms
2019-09-16 15:21:40,220 [Thread-303] INFO  impl.RoleInfo (RoleInfo.java:shutdownFollowerState(121)) - a760d5cd-1cb7-492f-9e65-096e49ec8100: shutdown FollowerState
2019-09-16 15:21:40,220 [Thread-303] INFO  impl.RaftServerImpl (RaftServerImpl.java:setRole(174)) - a760d5cd-1cb7-492f-9e65-096e49ec8100@group-05A7CCD3E4F3: changes role from  FOLLOWER to CANDIDATE at term 3 for changeToCandidate
2019-09-16 15:21:40,220 [Thread-303] INFO  impl.RoleInfo (RoleInfo.java:updateAndGet(143)) - a760d5cd-1cb7-492f-9e65-096e49ec8100: start LeaderElection
2019-09-16 15:21:40,259 [Thread-302] INFO  impl.FollowerState (FollowerState.java:run(106)) - ac35d0bb-3f9a-40b5-90e5-914e8c22ca88:group-05A7CCD3E4F3 changes to CANDIDATE, lastRpcTime:5128, electionTimeout:5126ms
2019-09-16 15:21:40,259 [Thread-302] INFO  impl.RoleInfo (RoleInfo.java:shutdownFollowerState(121)) - ac35d0bb-3f9a-40b5-90e5-914e8c22ca88: shutdown FollowerState
2019-09-16 15:21:40,259 [Thread-302] INFO  impl.RaftServerImpl (RaftServerImpl.java:setRole(174)) - ac35d0bb-3f9a-40b5-90e5-914e8c22ca88@group-05A7CCD3E4F3: changes role from  FOLLOWER to CANDIDATE at term 3 for changeToCandidate
2019-09-16 15:21:40,259 [Thread-302] INFO  impl.RoleInfo (RoleInfo.java:updateAndGet(143)) - ac35d0bb-3f9a-40b5-90e5-914e8c22ca88: start LeaderElection
2019-09-16 15:21:40,292 [a760d5cd-1cb7-492f-9e65-096e49ec8100@group-05A7CCD3E4F3:LeaderElection16] INFO  impl.LeaderElection (LeaderElection.java:askForVotes(182)) - a760d5cd-1cb7-492f-9e65-096e49ec8100@group-05A7CCD3E4F3:LeaderElection16: begin an election at term 4 for -1: [ac35d0bb-3f9a-40b5-90e5-914e8c22ca88:192.168.5.183:42069, cf6136a1-b68a-49b2-9985-7b164538a112:192.168.5.183:42701, a760d5cd-1cb7-492f-9e65-096e49ec8100:192.168.5.183:34118], old=null
2019-09-16 15:21:40,292 [cf6136a1-b68a-49b2-9985-7b164538a112@group-05A7CCD3E4F3:LeaderElection15] INFO  impl.LeaderElection (LeaderElection.java:askForVotes(182)) - cf6136a1-b68a-49b2-9985-7b164538a112@group-05A7CCD3E4F3:LeaderElection15: begin an election at term 4 for -1: [ac35d0bb-3f9a-40b5-90e5-914e8c22ca88:192.168.5.183:42069, cf6136a1-b68a-49b2-9985-7b164538a112:192.168.5.183:42701, a760d5cd-1cb7-492f-9e65-096e49ec8100:192.168.5.183:34118], old=null
2019-09-16 15:21:40,293 [ac35d0bb-3f9a-40b5-90e5-914e8c22ca88@group-05A7CCD3E4F3:LeaderElection17] INFO  impl.LeaderElection (LeaderElection.java:askForVotes(182)) - ac35d0bb-3f9a-40b5-90e5-914e8c22ca88@group-05A7CCD3E4F3:LeaderElection17: begin an election at term 4 for -1: [ac35d0bb-3f9a-40b5-90e5-914e8c22ca88:192.168.5.183:42069, cf6136a1-b68a-49b2-9985-7b164538a112:192.168.5.183:42701, a760d5cd-1cb7-492f-9e65-096e49ec8100:192.168.5.183:34118], old=null
2019-09-16 15:21:40,314 [cf6136a1-b68a-49b2-9985-7b164538a112@group-05A7CCD3E4F3:LeaderElection15] INFO  impl.LeaderElection (LeaderElection.java:logAndReturn(56)) - cf6136a1-b68a-49b2-9985-7b164538a112@group-05A7CCD3E4F3:LeaderElection15: Election REJECTED; received 2 response(s) [cf6136a1-b68a-49b2-9985-7b164538a112<-ac35d0bb-3f9a-40b5-90e5-914e8c22ca88#0:FAIL-t4, cf6136a1-b68a-49b2-9985-7b164538a112<-a760d5cd-1cb7-492f-9e65-096e49ec8100#0:FAIL-t4] and 0 exception(s); cf6136a1-b68a-49b2-9985-7b164538a112@group-05A7CCD3E4F3:t4, leader=null, voted=cf6136a1-b68a-49b2-9985-7b164538a112, raftlog=cf6136a1-b68a-49b2-9985-7b164538a112@group-05A7CCD3E4F3-SegmentedRaftLog:OPENED:c-1,f-1,i0, conf=-1: [ac35d0bb-3f9a-40b5-90e5-914e8c22ca88:192.168.5.183:42069, cf6136a1-b68a-49b2-9985-7b164538a112:192.168.5.183:42701, a760d5cd-1cb7-492f-9e65-096e49ec8100:192.168.5.183:34118], old=null
2019-09-16 15:21:40,314 [cf6136a1-b68a-49b2-9985-7b164538a112@group-05A7CCD3E4F3:LeaderElection15] INFO  impl.RaftServerImpl (RaftServerImpl.java:setRole(174)) - cf6136a1-b68a-49b2-9985-7b164538a112@group-05A7CCD3E4F3: changes role from CANDIDATE to FOLLOWER at term 4 for DISCOVERED_A_NEW_TERM
2019-09-16 15:21:40,315 [ac35d0bb-3f9a-40b5-90e5-914e8c22ca88@group-05A7CCD3E4F3:LeaderElection17] INFO  impl.LeaderElection (LeaderElection.java:logAndReturn(56)) - ac35d0bb-3f9a-40b5-90e5-914e8c22ca88@group-05A7CCD3E4F3:LeaderElection17: Election REJECTED; received 2 response(s) [ac35d0bb-3f9a-40b5-90e5-914e8c22ca88<-cf6136a1-b68a-49b2-9985-7b164538a112#0:FAIL-t4, ac35d0bb-3f9a-40b5-90e5-914e8c22ca88<-a760d5cd-1cb7-492f-9e65-096e49ec8100#0:FAIL-t4] and 0 exception(s); ac35d0bb-3f9a-40b5-90e5-914e8c22ca88@group-05A7CCD3E4F3:t4, leader=null, voted=ac35d0bb-3f9a-40b5-90e5-914e8c22ca88, raftlog=ac35d0bb-3f9a-40b5-90e5-914e8c22ca88@group-05A7CCD3E4F3-SegmentedRaftLog:OPENED:c-1,f-1,i0, conf=-1: [ac35d0bb-3f9a-40b5-90e5-914e8c22ca88:192.168.5.183:42069, cf6136a1-b68a-49b2-9985-7b164538a112:192.168.5.183:42701, a760d5cd-1cb7-492f-9e65-096e49ec8100:192.168.5.183:34118], old=null
2019-09-16 15:21:40,315 [cf6136a1-b68a-49b2-9985-7b164538a112@group-05A7CCD3E4F3:LeaderElection15] INFO  impl.RoleInfo (RoleInfo.java:shutdownLeaderElection(134)) - cf6136a1-b68a-49b2-9985-7b164538a112: shutdown LeaderElection
2019-09-16 15:21:40,316 [a760d5cd-1cb7-492f-9e65-096e49ec8100@group-05A7CCD3E4F3:LeaderElection16] INFO  impl.LeaderElection (LeaderElection.java:logAndReturn(56)) - a760d5cd-1cb7-492f-9e65-096e49ec8100@group-05A7CCD3E4F3:LeaderElection16: Election REJECTED; received 2 response(s) [a760d5cd-1cb7-492f-9e65-096e49ec8100<-ac35d0bb-3f9a-40b5-90e5-914e8c22ca88#0:FAIL-t4, a760d5cd-1cb7-492f-9e65-096e49ec8100<-cf6136a1-b68a-49b2-9985-7b164538a112#0:FAIL-t4] and 0 exception(s); a760d5cd-1cb7-492f-9e65-096e49ec8100@group-05A7CCD3E4F3:t4, leader=null, voted=a760d5cd-1cb7-492f-9e65-096e49ec8100, raftlog=a760d5cd-1cb7-492f-9e65-096e49ec8100@group-05A7CCD3E4F3-SegmentedRaftLog:OPENED:c-1,f-1,i0, conf=-1: [ac35d0bb-3f9a-40b5-90e5-914e8c22ca88:192.168.5.183:42069, cf6136a1-b68a-49b2-9985-7b164538a112:192.168.5.183:42701, a760d5cd-1cb7-492f-9e65-096e49ec8100:192.168.5.183:34118], old=null
2019-09-16 15:21:40,316 [ac35d0bb-3f9a-40b5-90e5-914e8c22ca88@group-05A7CCD3E4F3:LeaderElection17] INFO  impl.RaftServerImpl (RaftServerImpl.java:setRole(174)) - ac35d0bb-3f9a-40b5-90e5-914e8c22ca88@group-05A7CCD3E4F3: changes role from CANDIDATE to FOLLOWER at term 4 for DISCOVERED_A_NEW_TERM
2019-09-16 15:21:40,318 [cf6136a1-b68a-49b2-9985-7b164538a112@group-05A7CCD3E4F3:LeaderElection15] INFO  impl.RoleInfo (RoleInfo.java:updateAndGet(143)) - cf6136a1-b68a-49b2-9985-7b164538a112: start FollowerState
2019-09-16 15:21:40,318 [a760d5cd-1cb7-492f-9e65-096e49ec8100@group-05A7CCD3E4F3:LeaderElection16] INFO  impl.RaftServerImpl (RaftServerImpl.java:setRole(174)) - a760d5cd-1cb7-492f-9e65-096e49ec8100@group-05A7CCD3E4F3: changes role from CANDIDATE to FOLLOWER at term 4 for DISCOVERED_A_NEW_TERM
2019-09-16 15:21:40,319 [a760d5cd-1cb7-492f-9e65-096e49ec8100@group-05A7CCD3E4F3:LeaderElection16] INFO  impl.RoleInfo (RoleInfo.java:shutdownLeaderElection(134)) - a760d5cd-1cb7-492f-9e65-096e49ec8100: shutdown LeaderElection
2019-09-16 15:21:40,318 [ac35d0bb-3f9a-40b5-90e5-914e8c22ca88@group-05A7CCD3E4F3:LeaderElection17] INFO  impl.RoleInfo (RoleInfo.java:shutdownLeaderElection(134)) - ac35d0bb-3f9a-40b5-90e5-914e8c22ca88: shutdown LeaderElection
2019-09-16 15:21:40,319 [a760d5cd-1cb7-492f-9e65-096e49ec8100@group-05A7CCD3E4F3:LeaderElection16] INFO  impl.RoleInfo (RoleInfo.java:updateAndGet(143)) - a760d5cd-1cb7-492f-9e65-096e49ec8100: start FollowerState
2019-09-16 15:21:40,319 [ac35d0bb-3f9a-40b5-90e5-914e8c22ca88@group-05A7CCD3E4F3:LeaderElection17] INFO  impl.RoleInfo (RoleInfo.java:updateAndGet(143)) - ac35d0bb-3f9a-40b5-90e5-914e8c22ca88: start FollowerState
2019-09-16 15:21:40,734 [grpc-default-executor-5] INFO  client.GrpcClientProtocolClient (GrpcClientProtocolClient.java:onNext(264)) - client-BFE9758F00F7->ac35d0bb-3f9a-40b5-90e5-914e8c22ca88: receive RaftClientReply:client-BFE9758F00F7->ac35d0bb-3f9a-40b5-90e5-914e8c22ca88@group-05A7CCD3E4F3, cid=7, FAILED org.apache.ratis.protocol.NotLeaderException: Server ac35d0bb-3f9a-40b5-90e5-914e8c22ca88@group-05A7CCD3E4F3 is not the leader, logIndex=0, commits[ac35d0bb-3f9a-40b5-90e5-914e8c22ca88:c-1]
2019-09-16 15:21:41,753 [grpc-default-executor-5] INFO  client.GrpcClientProtocolClient (GrpcClientProtocolClient.java:onNext(264)) - client-BFE9758F00F7->cf6136a1-b68a-49b2-9985-7b164538a112: receive RaftClientReply:client-BFE9758F00F7->cf6136a1-b68a-49b2-9985-7b164538a112@group-05A7CCD3E4F3, cid=7, FAILED org.apache.ratis.protocol.NotLeaderException: Server cf6136a1-b68a-49b2-9985-7b164538a112@group-05A7CCD3E4F3 is not the leader, logIndex=0, commits[cf6136a1-b68a-49b2-9985-7b164538a112:c-1]
2019-09-16 15:21:42,772 [grpc-default-executor-0] INFO  client.GrpcClientProtocolClient (GrpcClientProtocolClient.java:onNext(264)) - client-BFE9758F00F7->a760d5cd-1cb7-492f-9e65-096e49ec8100: receive RaftClientReply:client-BFE9758F00F7->a760d5cd-1cb7-492f-9e65-096e49ec8100@group-05A7CCD3E4F3, cid=7, FAILED org.apache.ratis.protocol.NotLeaderException: Server a760d5cd-1cb7-492f-9e65-096e49ec8100@group-05A7CCD3E4F3 is not the leader, logIndex=0, commits[a760d5cd-1cb7-492f-9e65-096e49ec8100:c-1]
2019-09-16 15:21:43,789 [grpc-default-executor-0] INFO  client.GrpcClientProtocolClient (GrpcClientProtocolClient.java:onNext(264)) - client-BFE9758F00F7->cf6136a1-b68a-49b2-9985-7b164538a112: receive RaftClientReply:client-BFE9758F00F7->cf6136a1-b68a-49b2-9985-7b164538a112@group-05A7CCD3E4F3, cid=7, FAILED org.apache.ratis.protocol.NotLeaderException: Server cf6136a1-b68a-49b2-9985-7b164538a112@group-05A7CCD3E4F3 is not the leader, logIndex=0, commits[cf6136a1-b68a-49b2-9985-7b164538a112:c-1]
2019-09-16 15:21:44,809 [grpc-default-executor-5] INFO  client.GrpcClientProtocolClient (GrpcClientProtocolClient.java:onNext(264)) - client-BFE9758F00F7->ac35d0bb-3f9a-40b5-90e5-914e8c22ca88: receive RaftClientReply:client-BFE9758F00F7->ac35d0bb-3f9a-40b5-90e5-914e8c22ca88@group-05A7CCD3E4F3, cid=7, FAILED org.apache.ratis.protocol.NotLeaderException: Server ac35d0bb-3f9a-40b5-90e5-914e8c22ca88@group-05A7CCD3E4F3 is not the leader, logIndex=0, commits[ac35d0bb-3f9a-40b5-90e5-914e8c22ca88:c-1]
2019-09-16 15:21:45,338 [Thread-325] INFO  impl.FollowerState (FollowerState.java:run(106)) - a760d5cd-1cb7-492f-9e65-096e49ec8100:group-05A7CCD3E4F3 changes to CANDIDATE, lastRpcTime:5018, electionTimeout:5018ms
2019-09-16 15:21:45,339 [Thread-325] INFO  impl.RoleInfo (RoleInfo.java:shutdownFollowerState(121)) - a760d5cd-1cb7-492f-9e65-096e49ec8100: shutdown FollowerState
2019-09-16 15:21:45,339 [Thread-325] INFO  impl.RaftServerImpl (RaftServerImpl.java:setRole(174)) - a760d5cd-1cb7-492f-9e65-096e49ec8100@group-05A7CCD3E4F3: changes role from  FOLLOWER to CANDIDATE at term 4 for changeToCandidate
2019-09-16 15:21:45,339 [Thread-325] INFO  impl.RoleInfo (RoleInfo.java:updateAndGet(143)) - a760d5cd-1cb7-492f-9e65-096e49ec8100: start LeaderElection
2019-09-16 15:21:45,397 [a760d5cd-1cb7-492f-9e65-096e49ec8100@group-05A7CCD3E4F3:LeaderElection18] INFO  impl.LeaderElection (LeaderElection.java:askForVotes(182)) - a760d5cd-1cb7-492f-9e65-096e49ec8100@group-05A7CCD3E4F3:LeaderElection18: begin an election at term 5 for -1: [ac35d0bb-3f9a-40b5-90e5-914e8c22ca88:192.168.5.183:42069, cf6136a1-b68a-49b2-9985-7b164538a112:192.168.5.183:42701, a760d5cd-1cb7-492f-9e65-096e49ec8100:192.168.5.183:34118], old=null
2019-09-16 15:21:45,404 [grpc-default-executor-5] INFO  impl.RaftServerImpl (RaftServerImpl.java:setRole(174)) - ac35d0bb-3f9a-40b5-90e5-914e8c22ca88@group-05A7CCD3E4F3: changes role from  FOLLOWER to FOLLOWER at term 5 for recognizeCandidate:a760d5cd-1cb7-492f-9e65-096e49ec8100
2019-09-16 15:21:45,404 [grpc-default-executor-0] INFO  impl.RaftServerImpl (RaftServerImpl.java:setRole(174)) - cf6136a1-b68a-49b2-9985-7b164538a112@group-05A7CCD3E4F3: changes role from  FOLLOWER to FOLLOWER at term 5 for recognizeCandidate:a760d5cd-1cb7-492f-9e65-096e49ec8100
2019-09-16 15:21:45,405 [grpc-default-executor-5] INFO  impl.RoleInfo (RoleInfo.java:shutdownFollowerState(121)) - ac35d0bb-3f9a-40b5-90e5-914e8c22ca88: shutdown FollowerState
2019-09-16 15:21:45,405 [grpc-default-executor-0] INFO  impl.RoleInfo (RoleInfo.java:shutdownFollowerState(121)) - cf6136a1-b68a-49b2-9985-7b164538a112: shutdown FollowerState
2019-09-16 15:21:45,405 [grpc-default-executor-5] INFO  impl.RoleInfo (RoleInfo.java:updateAndGet(143)) - ac35d0bb-3f9a-40b5-90e5-914e8c22ca88: start FollowerState
2019-09-16 15:21:45,405 [grpc-default-executor-0] INFO  impl.RoleInfo (RoleInfo.java:updateAndGet(143)) - cf6136a1-b68a-49b2-9985-7b164538a112: start FollowerState
2019-09-16 15:21:45,405 [Thread-326] INFO  impl.FollowerState (FollowerState.java:run(115)) - ac35d0bb-3f9a-40b5-90e5-914e8c22ca88: FollowerState was interrupted: java.lang.InterruptedException: sleep interrupted
2019-09-16 15:21:45,405 [Thread-324] INFO  impl.FollowerState (FollowerState.java:run(115)) - cf6136a1-b68a-49b2-9985-7b164538a112: FollowerState was interrupted: java.lang.InterruptedException: sleep interrupted
2019-09-16 15:21:45,434 [a760d5cd-1cb7-492f-9e65-096e49ec8100@group-05A7CCD3E4F3:LeaderElection18] INFO  impl.LeaderElection (LeaderElection.java:logAndReturn(56)) - a760d5cd-1cb7-492f-9e65-096e49ec8100@group-05A7CCD3E4F3:LeaderElection18: Election PASSED; received 1 response(s) [a760d5cd-1cb7-492f-9e65-096e49ec8100<-ac35d0bb-3f9a-40b5-90e5-914e8c22ca88#0:OK-t5] and 0 exception(s); a760d5cd-1cb7-492f-9e65-096e49ec8100@group-05A7CCD3E4F3:t5, leader=null, voted=a760d5cd-1cb7-492f-9e65-096e49ec8100, raftlog=a760d5cd-1cb7-492f-9e65-096e49ec8100@group-05A7CCD3E4F3-SegmentedRaftLog:OPENED:c-1,f-1,i0, conf=-1: [ac35d0bb-3f9a-40b5-90e5-914e8c22ca88:192.168.5.183:42069, cf6136a1-b68a-49b2-9985-7b164538a112:192.168.5.183:42701, a760d5cd-1cb7-492f-9e65-096e49ec8100:192.168.5.183:34118], old=null
2019-09-16 15:21:45,434 [a760d5cd-1cb7-492f-9e65-096e49ec8100@group-05A7CCD3E4F3:LeaderElection18] INFO  impl.RoleInfo (RoleInfo.java:shutdownLeaderElection(134)) - a760d5cd-1cb7-492f-9e65-096e49ec8100: shutdown LeaderElection
2019-09-16 15:21:45,434 [a760d5cd-1cb7-492f-9e65-096e49ec8100@group-05A7CCD3E4F3:LeaderElection18] INFO  impl.RaftServerImpl (RaftServerImpl.java:setRole(174)) - a760d5cd-1cb7-492f-9e65-096e49ec8100@group-05A7CCD3E4F3: changes role from CANDIDATE to LEADER at term 5 for changeToLeader
2019-09-16 15:21:45,434 [a760d5cd-1cb7-492f-9e65-096e49ec8100@group-05A7CCD3E4F3:LeaderElection18] INFO  impl.RaftServerImpl (ServerState.java:setLeader(253)) - a760d5cd-1cb7-492f-9e65-096e49ec8100@group-05A7CCD3E4F3: change Leader from null to a760d5cd-1cb7-492f-9e65-096e49ec8100 at term 5 for becomeLeader, leader elected after 27596ms
2019-09-16 15:21:45,435 [a760d5cd-1cb7-492f-9e65-096e49ec8100@group-05A7CCD3E4F3:LeaderElection18] INFO  server.RaftServerConfigKeys (ConfUtils.java:logGet(43)) - raft.server.staging.catchup.gap = 1000 (default)
2019-09-16 15:21:45,435 [a760d5cd-1cb7-492f-9e65-096e49ec8100@group-05A7CCD3E4F3:LeaderElection18] INFO  server.RaftServerConfigKeys (ConfUtils.java:logGet(43)) - raft.server.rpc.sleep.time = 25ms (default)
2019-09-16 15:21:45,435 [a760d5cd-1cb7-492f-9e65-096e49ec8100@group-05A7CCD3E4F3:LeaderElection18] INFO  server.RaftServerConfigKeys (ConfUtils.java:logGet(43)) - raft.server.write.element-limit = 4096 (default)
2019-09-16 15:21:45,435 [a760d5cd-1cb7-492f-9e65-096e49ec8100@group-05A7CCD3E4F3:LeaderElection18] INFO  server.RaftServerConfigKeys (ConfUtils.java:logGet(43)) - raft.server.watch.timeout = 10s (default)
2019-09-16 15:21:45,436 [a760d5cd-1cb7-492f-9e65-096e49ec8100@group-05A7CCD3E4F3:LeaderElection18] INFO  server.RaftServerConfigKeys (ConfUtils.java:logGet(43)) - raft.server.watch.timeout.denomination = 1s (default)
2019-09-16 15:21:45,436 [a760d5cd-1cb7-492f-9e65-096e49ec8100@group-05A7CCD3E4F3:LeaderElection18] INFO  server.RaftServerConfigKeys (ConfUtils.java:logGet(43)) - raft.server.watch.element-limit = 65536 (default)
2019-09-16 15:21:45,443 [a760d5cd-1cb7-492f-9e65-096e49ec8100@group-05A7CCD3E4F3:LeaderElection18] INFO  server.RaftServerConfigKeys (ConfUtils.java:logGet(43)) - raft.server.log.appender.snapshot.chunk.size.max = 16MB (=16777216) (default)
2019-09-16 15:21:45,443 [a760d5cd-1cb7-492f-9e65-096e49ec8100@group-05A7CCD3E4F3:LeaderElection18] INFO  server.RaftServerConfigKeys (ConfUtils.java:logGet(43)) - raft.server.log.appender.buffer.byte-limit = 33554432 (custom)
2019-09-16 15:21:45,443 [a760d5cd-1cb7-492f-9e65-096e49ec8100@group-05A7CCD3E4F3:LeaderElection18] INFO  server.RaftServerConfigKeys (ConfUtils.java:logGet(43)) - raft.server.log.appender.buffer.element-limit = 1 (custom)
2019-09-16 15:21:45,447 [a760d5cd-1cb7-492f-9e65-096e49ec8100@group-05A7CCD3E4F3:LeaderElection18] INFO  grpc.GrpcConfigKeys$Server (ConfUtils.java:logGet(43)) - raft.grpc.server.leader.outstanding.appends.max = 128 (default)
2019-09-16 15:21:45,447 [a760d5cd-1cb7-492f-9e65-096e49ec8100@group-05A7CCD3E4F3:LeaderElection18] INFO  server.RaftServerConfigKeys (ConfUtils.java:logGet(43)) - raft.server.rpc.request.timeout = 3000ms (default)
2019-09-16 15:21:45,447 [a760d5cd-1cb7-492f-9e65-096e49ec8100@group-05A7CCD3E4F3:LeaderElection18] INFO  server.RaftServerConfigKeys (ConfUtils.java:logGet(43)) - raft.server.log.appender.install.snapshot.enabled = false (custom)
2019-09-16 15:21:45,448 [a760d5cd-1cb7-492f-9e65-096e49ec8100@group-05A7CCD3E4F3:LeaderElection18] INFO  server.RaftServerConfigKeys (ConfUtils.java:logGet(43)) - raft.server.log.appender.snapshot.chunk.size.max = 16MB (=16777216) (default)
2019-09-16 15:21:45,449 [a760d5cd-1cb7-492f-9e65-096e49ec8100@group-05A7CCD3E4F3:LeaderElection18] INFO  server.RaftServerConfigKeys (ConfUtils.java:logGet(43)) - raft.server.log.appender.buffer.byte-limit = 33554432 (custom)
2019-09-16 15:21:45,449 [a760d5cd-1cb7-492f-9e65-096e49ec8100@group-05A7CCD3E4F3:LeaderElection18] INFO  server.RaftServerConfigKeys (ConfUtils.java:logGet(43)) - raft.server.log.appender.buffer.element-limit = 1 (custom)
2019-09-16 15:21:45,449 [a760d5cd-1cb7-492f-9e65-096e49ec8100@group-05A7CCD3E4F3:LeaderElection18] INFO  grpc.GrpcConfigKeys$Server (ConfUtils.java:logGet(43)) - raft.grpc.server.leader.outstanding.appends.max = 128 (default)
2019-09-16 15:21:45,449 [a760d5cd-1cb7-492f-9e65-096e49ec8100@group-05A7CCD3E4F3:LeaderElection18] INFO  server.RaftServerConfigKeys (ConfUtils.java:logGet(43)) - raft.server.rpc.request.timeout = 3000ms (default)
2019-09-16 15:21:45,449 [a760d5cd-1cb7-492f-9e65-096e49ec8100@group-05A7CCD3E4F3:LeaderElection18] INFO  server.RaftServerConfigKeys (ConfUtils.java:logGet(43)) - raft.server.log.appender.install.snapshot.enabled = false (custom)
2019-09-16 15:21:45,452 [a760d5cd-1cb7-492f-9e65-096e49ec8100@group-05A7CCD3E4F3:LeaderElection18] INFO  impl.RoleInfo (RoleInfo.java:updateAndGet(143)) - a760d5cd-1cb7-492f-9e65-096e49ec8100: start LeaderState
2019-09-16 15:21:45,452 [a760d5cd-1cb7-492f-9e65-096e49ec8100@group-05A7CCD3E4F3:LeaderElection18] INFO  segmented.SegmentedRaftLogWorker (SegmentedRaftLogWorker.java:startLogSegment(380)) - a760d5cd-1cb7-492f-9e65-096e49ec8100@group-05A7CCD3E4F3-SegmentedRaftLogWorker: Starting segment from index:0
2019-09-16 15:21:45,453 [a760d5cd-1cb7-492f-9e65-096e49ec8100@group-05A7CCD3E4F3:LeaderElection18] INFO  impl.RaftServerImpl (ServerState.java:setRaftConf(354)) - a760d5cd-1cb7-492f-9e65-096e49ec8100@group-05A7CCD3E4F3: set configuration 0: [ac35d0bb-3f9a-40b5-90e5-914e8c22ca88:192.168.5.183:42069, cf6136a1-b68a-49b2-9985-7b164538a112:192.168.5.183:42701, a760d5cd-1cb7-492f-9e65-096e49ec8100:192.168.5.183:34118], old=null at 0
2019-09-16 15:21:45,498 [grpc-default-executor-5] INFO  impl.RaftServerImpl (ServerState.java:setLeader(253)) - cf6136a1-b68a-49b2-9985-7b164538a112@group-05A7CCD3E4F3: change Leader from null to a760d5cd-1cb7-492f-9e65-096e49ec8100 at term 5 for appendEntries, leader elected after 27660ms
2019-09-16 15:21:45,498 [grpc-default-executor-0] INFO  impl.RaftServerImpl (ServerState.java:setLeader(253)) - ac35d0bb-3f9a-40b5-90e5-914e8c22ca88@group-05A7CCD3E4F3: change Leader from null to a760d5cd-1cb7-492f-9e65-096e49ec8100 at term 5 for appendEntries, leader elected after 27660ms
2019-09-16 15:21:45,502 [a760d5cd-1cb7-492f-9e65-096e49ec8100@group-05A7CCD3E4F3-SegmentedRaftLogWorker] INFO  segmented.SegmentedRaftLogWorker (SegmentedRaftLogWorker.java:execute(569)) - a760d5cd-1cb7-492f-9e65-096e49ec8100@group-05A7CCD3E4F3-SegmentedRaftLogWorker: created new log segment /workdir/hadoop-ozone/integration-test/target/test-dir/MiniOzoneClusterImpl-76fa9ddc-256d-4f33-8a89-44c31ad7a3c7/datanode-3/data/ratis/0a96cf58-bca1-4dab-82c2-05a7ccd3e4f3/current/log_inprogress_0
2019-09-16 15:21:45,523 [grpc-default-executor-5] INFO  impl.RaftServerImpl (ServerState.java:setRaftConf(354)) - ac35d0bb-3f9a-40b5-90e5-914e8c22ca88@group-05A7CCD3E4F3: set configuration 0: [ac35d0bb-3f9a-40b5-90e5-914e8c22ca88:192.168.5.183:42069, cf6136a1-b68a-49b2-9985-7b164538a112:192.168.5.183:42701, a760d5cd-1cb7-492f-9e65-096e49ec8100:192.168.5.183:34118], old=null at 0
2019-09-16 15:21:45,523 [grpc-default-executor-0] INFO  impl.RaftServerImpl (ServerState.java:setRaftConf(354)) - cf6136a1-b68a-49b2-9985-7b164538a112@group-05A7CCD3E4F3: set configuration 0: [ac35d0bb-3f9a-40b5-90e5-914e8c22ca88:192.168.5.183:42069, cf6136a1-b68a-49b2-9985-7b164538a112:192.168.5.183:42701, a760d5cd-1cb7-492f-9e65-096e49ec8100:192.168.5.183:34118], old=null at 0
2019-09-16 15:21:45,524 [grpc-default-executor-5] INFO  segmented.SegmentedRaftLogWorker (SegmentedRaftLogWorker.java:startLogSegment(380)) - ac35d0bb-3f9a-40b5-90e5-914e8c22ca88@group-05A7CCD3E4F3-SegmentedRaftLogWorker: Starting segment from index:0
2019-09-16 15:21:45,524 [grpc-default-executor-0] INFO  segmented.SegmentedRaftLogWorker (SegmentedRaftLogWorker.java:startLogSegment(380)) - cf6136a1-b68a-49b2-9985-7b164538a112@group-05A7CCD3E4F3-SegmentedRaftLogWorker: Starting segment from index:0
2019-09-16 15:21:45,564 [cf6136a1-b68a-49b2-9985-7b164538a112@group-05A7CCD3E4F3-SegmentedRaftLogWorker] INFO  segmented.SegmentedRaftLogWorker (SegmentedRaftLogWorker.java:execute(569)) - cf6136a1-b68a-49b2-9985-7b164538a112@group-05A7CCD3E4F3-SegmentedRaftLogWorker: created new log segment /workdir/hadoop-ozone/integration-test/target/test-dir/MiniOzoneClusterImpl-76fa9ddc-256d-4f33-8a89-44c31ad7a3c7/datanode-0/data/ratis/0a96cf58-bca1-4dab-82c2-05a7ccd3e4f3/current/log_inprogress_0
2019-09-16 15:21:45,565 [ac35d0bb-3f9a-40b5-90e5-914e8c22ca88@group-05A7CCD3E4F3-SegmentedRaftLogWorker] INFO  segmented.SegmentedRaftLogWorker (SegmentedRaftLogWorker.java:execute(569)) - ac35d0bb-3f9a-40b5-90e5-914e8c22ca88@group-05A7CCD3E4F3-SegmentedRaftLogWorker: created new log segment /workdir/hadoop-ozone/integration-test/target/test-dir/MiniOzoneClusterImpl-76fa9ddc-256d-4f33-8a89-44c31ad7a3c7/datanode-1/data/ratis/0a96cf58-bca1-4dab-82c2-05a7ccd3e4f3/current/log_inprogress_0
2019-09-16 15:21:46,197 [grpc-default-executor-5] INFO  client.GrpcClientProtocolClient (GrpcClientProtocolClient.java:onNext(264)) - client-BFE9758F00F7->a760d5cd-1cb7-492f-9e65-096e49ec8100: receive RaftClientReply:client-BFE9758F00F7->a760d5cd-1cb7-492f-9e65-096e49ec8100@group-05A7CCD3E4F3, cid=7, SUCCESS, logIndex=1, commits[a760d5cd-1cb7-492f-9e65-096e49ec8100:c1, ac35d0bb-3f9a-40b5-90e5-914e8c22ca88:c0, cf6136a1-b68a-49b2-9985-7b164538a112:c0]
2019-09-16 15:21:46,349 [grpc-default-executor-5] INFO  client.GrpcClientProtocolClient (GrpcClientProtocolClient.java:onNext(264)) - client-BFE9758F00F7->a760d5cd-1cb7-492f-9e65-096e49ec8100: receive RaftClientReply:client-BFE9758F00F7->a760d5cd-1cb7-492f-9e65-096e49ec8100@group-05A7CCD3E4F3, cid=8, SUCCESS, logIndex=3, commits[a760d5cd-1cb7-492f-9e65-096e49ec8100:c4, ac35d0bb-3f9a-40b5-90e5-914e8c22ca88:c3, cf6136a1-b68a-49b2-9985-7b164538a112:c3]
2019-09-16 15:21:46,396 [Thread-223] INFO  pipeline.SCMPipelineManager (SCMPipelineManager.java:finalizeAndDestroyPipeline(311)) - destroying pipeline:Pipeline[ Id: 0a96cf58-bca1-4dab-82c2-05a7ccd3e4f3, Nodes: ac35d0bb-3f9a-40b5-90e5-914e8c22ca88{ip: 192.168.5.183, host: pr-hdds-1054-fkf2j-3502855176, networkLocation: /rack1, certSerialId: null}cf6136a1-b68a-49b2-9985-7b164538a112{ip: 192.168.5.183, host: pr-hdds-1054-fkf2j-3502855176, networkLocation: /rack1, certSerialId: null}a760d5cd-1cb7-492f-9e65-096e49ec8100{ip: 192.168.5.183, host: pr-hdds-1054-fkf2j-3502855176, networkLocation: /rack1, certSerialId: null}, Type:RATIS, Factor:THREE, State:OPEN]
2019-09-16 15:21:46,397 [Thread-223] INFO  pipeline.PipelineStateManager (PipelineStateManager.java:finalizePipeline(123)) - Pipeline Pipeline[ Id: 0a96cf58-bca1-4dab-82c2-05a7ccd3e4f3, Nodes: ac35d0bb-3f9a-40b5-90e5-914e8c22ca88{ip: 192.168.5.183, host: pr-hdds-1054-fkf2j-3502855176, networkLocation: /rack1, certSerialId: null}cf6136a1-b68a-49b2-9985-7b164538a112{ip: 192.168.5.183, host: pr-hdds-1054-fkf2j-3502855176, networkLocation: /rack1, certSerialId: null}a760d5cd-1cb7-492f-9e65-096e49ec8100{ip: 192.168.5.183, host: pr-hdds-1054-fkf2j-3502855176, networkLocation: /rack1, certSerialId: null}, Type:RATIS, Factor:THREE, State:CLOSED] moved to CLOSED state
2019-09-16 15:21:46,397 [EventQueue-CloseContainerForCloseContainerEventHandler] INFO  container.CloseContainerEventHandler (CloseContainerEventHandler.java:onMessage(61)) - Close container Event triggered for container : #1
2019-09-16 15:21:47,174 [Datanode State Machine Thread - 0] INFO  statemachine.DatanodeStateMachine (DatanodeStateMachine.java:lambda$startDaemon$0(350)) - Ozone container server started.
2019-09-16 15:21:48,211 [RatisApplyTransactionExecutor 1] INFO  interfaces.Container (KeyValueContainer.java:flushAndSyncDB(386)) - Container 1 is synced with bcsId 3.
2019-09-16 15:21:48,211 [RatisApplyTransactionExecutor 1] INFO  interfaces.Container (KeyValueContainer.java:flushAndSyncDB(386)) - Container 1 is synced with bcsId 3.
2019-09-16 15:21:48,214 [RatisApplyTransactionExecutor 1] INFO  interfaces.Container (KeyValueContainer.java:flushAndSyncDB(386)) - Container 1 is synced with bcsId 3.
2019-09-16 15:21:48,214 [RatisApplyTransactionExecutor 1] INFO  interfaces.Container (KeyValueContainer.java:flushAndSyncDB(386)) - Container 1 is synced with bcsId 3.
2019-09-16 15:21:48,226 [RatisApplyTransactionExecutor 1] INFO  interfaces.Container (KeyValueContainer.java:flushAndSyncDB(386)) - Container 1 is synced with bcsId 3.
2019-09-16 15:21:48,227 [RatisApplyTransactionExecutor 1] INFO  interfaces.Container (KeyValueContainer.java:flushAndSyncDB(386)) - Container 1 is synced with bcsId 3.
2019-09-16 15:21:48,227 [RatisApplyTransactionExecutor 1] INFO  interfaces.Container (KeyValueContainer.java:close(335)) - Container 1 is closed with bcsId 3.
2019-09-16 15:21:48,227 [RatisApplyTransactionExecutor 1] INFO  interfaces.Container (KeyValueContainer.java:close(335)) - Container 1 is closed with bcsId 3.
2019-09-16 15:21:48,228 [EventQueue-IncrementalContainerReportForIncrementalContainerReportHandler] INFO  container.IncrementalContainerReportHandler (AbstractContainerReportHandler.java:updateContainerState(176)) - Moving container #1 to CLOSED state, datanode cf6136a1-b68a-49b2-9985-7b164538a112{ip: 192.168.5.183, host: pr-hdds-1054-fkf2j-3502855176, networkLocation: /rack1, certSerialId: null} reported CLOSED replica.
2019-09-16 15:21:48,272 [RatisApplyTransactionExecutor 1] INFO  interfaces.Container (KeyValueContainer.java:close(335)) - Container 1 is closed with bcsId 3.
2019-09-16 15:21:51,403 [Thread-223] INFO  ozoneimpl.OzoneContainer (OzoneContainer.java:stop(231)) - Attempting to stop container services.
2019-09-16 15:21:51,405 [Thread-223] INFO  impl.RaftServerProxy (RaftServerProxy.java:lambda$close$4(314)) - ac35d0bb-3f9a-40b5-90e5-914e8c22ca88: close
2019-09-16 15:21:51,407 [Thread-223] INFO  impl.RaftServerImpl (RaftServerImpl.java:lambda$shutdown$3(251)) - ac35d0bb-3f9a-40b5-90e5-914e8c22ca88@group-05A7CCD3E4F3: shutdown
2019-09-16 15:21:51,408 [ForkJoinPool.commonPool-worker-1] INFO  impl.RaftServerImpl (RaftServerImpl.java:lambda$shutdown$3(251)) - ac35d0bb-3f9a-40b5-90e5-914e8c22ca88@group-0E90F9C9A926: shutdown
2019-09-16 15:21:51,408 [Thread-223] INFO  util.JmxRegister (JmxRegister.java:unregister(73)) - Successfully un-registered JMX Bean with object name Ratis:service=RaftServer,group=group-05A7CCD3E4F3,id=ac35d0bb-3f9a-40b5-90e5-914e8c22ca88
2019-09-16 15:21:51,408 [ForkJoinPool.commonPool-worker-1] INFO  util.JmxRegister (JmxRegister.java:unregister(73)) - Successfully un-registered JMX Bean with object name Ratis:service=RaftServer,group=group-0E90F9C9A926,id=ac35d0bb-3f9a-40b5-90e5-914e8c22ca88
2019-09-16 15:21:51,409 [Thread-223] INFO  impl.RoleInfo (RoleInfo.java:shutdownFollowerState(121)) - ac35d0bb-3f9a-40b5-90e5-914e8c22ca88: shutdown FollowerState
2019-09-16 15:21:51,409 [ForkJoinPool.commonPool-worker-1] INFO  impl.RoleInfo (RoleInfo.java:shutdownLeaderState(104)) - ac35d0bb-3f9a-40b5-90e5-914e8c22ca88: shutdown LeaderState
2019-09-16 15:21:51,410 [Thread-223] INFO  impl.StateMachineUpdater (StateMachineUpdater.java:stopAndJoin(125)) - ac35d0bb-3f9a-40b5-90e5-914e8c22ca88@group-05A7CCD3E4F3-StateMachineUpdater: set stopIndex = 6
2019-09-16 15:21:51,410 [Thread-341] INFO  impl.FollowerState (FollowerState.java:run(115)) - ac35d0bb-3f9a-40b5-90e5-914e8c22ca88: FollowerState was interrupted: java.lang.InterruptedException: sleep interrupted
2019-09-16 15:21:51,410 [ac35d0bb-3f9a-40b5-90e5-914e8c22ca88@group-05A7CCD3E4F3-StateMachineUpdater] INFO  ratis.ContainerStateMachine (ContainerStateMachine.java:takeSnapshot(289)) - group-05A7CCD3E4F3: Taking a snapshot at:(t:5, i:5) file /workdir/hadoop-ozone/integration-test/target/test-dir/MiniOzoneClusterImpl-76fa9ddc-256d-4f33-8a89-44c31ad7a3c7/datanode-1/data/ratis/0a96cf58-bca1-4dab-82c2-05a7ccd3e4f3/sm/snapshot.5_5
2019-09-16 15:21:51,411 [ForkJoinPool.commonPool-worker-1] INFO  impl.PendingRequests (PendingRequests.java:sendNotLeaderResponses(202)) - ac35d0bb-3f9a-40b5-90e5-914e8c22ca88-PendingRequests: sendNotLeaderResponses
2019-09-16 15:21:51,414 [ForkJoinPool.commonPool-worker-1] INFO  impl.StateMachineUpdater (StateMachineUpdater.java:stopAndJoin(125)) - ac35d0bb-3f9a-40b5-90e5-914e8c22ca88@group-0E90F9C9A926-StateMachineUpdater: set stopIndex = 0
2019-09-16 15:21:51,417 [ForkJoinPool.commonPool-worker-1] INFO  impl.RaftServerImpl (ServerState.java:close(385)) - ac35d0bb-3f9a-40b5-90e5-914e8c22ca88@group-0E90F9C9A926: closes. applyIndex: 0
2019-09-16 15:21:51,420 [ac35d0bb-3f9a-40b5-90e5-914e8c22ca88@group-0E90F9C9A926-SegmentedRaftLogWorker] INFO  segmented.SegmentedRaftLogWorker (SegmentedRaftLogWorker.java:run(313)) - ac35d0bb-3f9a-40b5-90e5-914e8c22ca88@group-0E90F9C9A926-SegmentedRaftLogWorker was interrupted, exiting. There are 0 tasks remaining in the queue.
2019-09-16 15:21:51,427 [ForkJoinPool.commonPool-worker-1] INFO  segmented.SegmentedRaftLogWorker (SegmentedRaftLogWorker.java:close(228)) - ac35d0bb-3f9a-40b5-90e5-914e8c22ca88@group-0E90F9C9A926-SegmentedRaftLogWorker close()
2019-09-16 15:21:51,452 [ac35d0bb-3f9a-40b5-90e5-914e8c22ca88@group-05A7CCD3E4F3-StateMachineUpdater] INFO  ratis.ContainerStateMachine (ContainerStateMachine.java:takeSnapshot(300)) - group-05A7CCD3E4F3: Finished taking a snapshot at:(t:5, i:5) file:/workdir/hadoop-ozone/integration-test/target/test-dir/MiniOzoneClusterImpl-76fa9ddc-256d-4f33-8a89-44c31ad7a3c7/datanode-1/data/ratis/0a96cf58-bca1-4dab-82c2-05a7ccd3e4f3/sm/snapshot.5_5 time:43
2019-09-16 15:21:51,453 [ac35d0bb-3f9a-40b5-90e5-914e8c22ca88@group-05A7CCD3E4F3-StateMachineUpdater] INFO  impl.StateMachineUpdater (StateMachineUpdater.java:takeSnapshot(258)) - ac35d0bb-3f9a-40b5-90e5-914e8c22ca88@group-05A7CCD3E4F3-StateMachineUpdater: Took a snapshot at index 5
2019-09-16 15:21:51,453 [ac35d0bb-3f9a-40b5-90e5-914e8c22ca88@group-05A7CCD3E4F3-StateMachineUpdater] INFO  impl.StateMachineUpdater (StateMachineUpdater.java:lambda$new$0(83)) - ac35d0bb-3f9a-40b5-90e5-914e8c22ca88@group-05A7CCD3E4F3-StateMachineUpdater: snapshotIndex: updateIncreasingly -1 -> 5
2019-09-16 15:21:51,456 [ac35d0bb-3f9a-40b5-90e5-914e8c22ca88@group-05A7CCD3E4F3-StateMachineUpdater] INFO  ratis.ContainerStateMachine (ContainerStateMachine.java:takeSnapshot(289)) - group-05A7CCD3E4F3: Taking a snapshot at:(t:5, i:5) file /workdir/hadoop-ozone/integration-test/target/test-dir/MiniOzoneClusterImpl-76fa9ddc-256d-4f33-8a89-44c31ad7a3c7/datanode-1/data/ratis/0a96cf58-bca1-4dab-82c2-05a7ccd3e4f3/sm/snapshot.5_5
2019-09-16 15:21:51,469 [ac35d0bb-3f9a-40b5-90e5-914e8c22ca88@group-05A7CCD3E4F3-StateMachineUpdater] INFO  ratis.ContainerStateMachine (ContainerStateMachine.java:takeSnapshot(300)) - group-05A7CCD3E4F3: Finished taking a snapshot at:(t:5, i:5) file:/workdir/hadoop-ozone/integration-test/target/test-dir/MiniOzoneClusterImpl-76fa9ddc-256d-4f33-8a89-44c31ad7a3c7/datanode-1/data/ratis/0a96cf58-bca1-4dab-82c2-05a7ccd3e4f3/sm/snapshot.5_5 time:12
2019-09-16 15:21:51,469 [ac35d0bb-3f9a-40b5-90e5-914e8c22ca88@group-05A7CCD3E4F3-StateMachineUpdater] INFO  impl.StateMachineUpdater (StateMachineUpdater.java:takeSnapshot(258)) - ac35d0bb-3f9a-40b5-90e5-914e8c22ca88@group-05A7CCD3E4F3-StateMachineUpdater: Took a snapshot at index 5
2019-09-16 15:21:51,469 [ac35d0bb-3f9a-40b5-90e5-914e8c22ca88@group-05A7CCD3E4F3-StateMachineUpdater] INFO  impl.StateMachineUpdater (StateMachineUpdater.java:lambda$new$0(83)) - ac35d0bb-3f9a-40b5-90e5-914e8c22ca88@group-05A7CCD3E4F3-StateMachineUpdater: snapshotIndex: updateIncreasingly 5 -> 5
2019-09-16 15:21:51,469 [Thread-223] INFO  impl.RaftServerImpl (ServerState.java:close(385)) - ac35d0bb-3f9a-40b5-90e5-914e8c22ca88@group-05A7CCD3E4F3: closes. applyIndex: 6
2019-09-16 15:21:51,469 [ac35d0bb-3f9a-40b5-90e5-914e8c22ca88@group-05A7CCD3E4F3-SegmentedRaftLogWorker] INFO  segmented.SegmentedRaftLogWorker (SegmentedRaftLogWorker.java:run(313)) - ac35d0bb-3f9a-40b5-90e5-914e8c22ca88@group-05A7CCD3E4F3-SegmentedRaftLogWorker was interrupted, exiting. There are 0 tasks remaining in the queue.
2019-09-16 15:21:51,471 [Thread-223] INFO  segmented.SegmentedRaftLogWorker (SegmentedRaftLogWorker.java:close(228)) - ac35d0bb-3f9a-40b5-90e5-914e8c22ca88@group-05A7CCD3E4F3-SegmentedRaftLogWorker close()
2019-09-16 15:21:51,474 [Thread-223] INFO  server.GrpcService (GrpcService.java:closeImpl(164)) - ac35d0bb-3f9a-40b5-90e5-914e8c22ca88: shutdown server with port 42069 now
2019-09-16 15:21:51,477 [Thread-223] INFO  server.GrpcService (GrpcService.java:closeImpl(172)) - ac35d0bb-3f9a-40b5-90e5-914e8c22ca88: shutdown server with port 42069 successfully
2019-09-16 15:21:51,479 [grpc-default-executor-3] WARN  server.GrpcServerProtocolService (LogUtils.java:warn(134)) - ac35d0bb-3f9a-40b5-90e5-914e8c22ca88: installSnapshot onError, lastRequest: a760d5cd-1cb7-492f-9e65-096e49ec8100->ac35d0bb-3f9a-40b5-90e5-914e8c22ca88#8-t5, previous=(t:5, i:6), leaderCommit=6, initializing? false, entries: <empty>: org.apache.ratis.thirdparty.io.grpc.StatusRuntimeException: CANCELLED: cancelled before receiving half close
2019-09-16 15:21:51,479 [grpc-default-executor-5] WARN  server.GrpcLogAppender (LogUtils.java:warn(134)) - a760d5cd-1cb7-492f-9e65-096e49ec8100@group-05A7CCD3E4F3->ac35d0bb-3f9a-40b5-90e5-914e8c22ca88-AppendLogResponseHandler: Failed appendEntries: org.apache.ratis.thirdparty.io.grpc.StatusRuntimeException: CANCELLED: HTTP/2 error code: CANCEL
Received Rst Stream
2019-09-16 15:21:51,480 [refreshUsed-/workdir/hadoop-ozone/integration-test/target/test-dir/MiniOzoneClusterImpl-76fa9ddc-256d-4f33-8a89-44c31ad7a3c7/datanode-1/data/containers] WARN  fs.CachingGetSpaceUsed (CachingGetSpaceUsed.java:run(183)) - Thread Interrupted waiting to refresh disk information: sleep interrupted
2019-09-16 15:21:51,480 [grpc-default-executor-5] INFO  impl.FollowerInfo (FollowerInfo.java:lambda$new$0(51)) - a760d5cd-1cb7-492f-9e65-096e49ec8100@group-05A7CCD3E4F3->ac35d0bb-3f9a-40b5-90e5-914e8c22ca88: nextIndex: updateUnconditionally 7 -> 6
2019-09-16 15:21:51,500 [Thread-223] INFO  utils.BackgroundService (BackgroundService.java:shutdown(148)) - Shutting down service BlockDeletingService
2019-09-16 15:21:51,503 [Thread-223] INFO  statemachine.DatanodeStateMachine (DatanodeStateMachine.java:stopDaemon(395)) - Ozone container server stopped.
2019-09-16 15:21:51,510 [Thread-223] INFO  handler.ContextHandler (ContextHandler.java:doStop(910)) - Stopped o.e.j.w.WebAppContext@fe34b86{/,null,UNAVAILABLE}{/hddsDatanode}
2019-09-16 15:21:51,516 [Thread-223] INFO  server.AbstractConnector (AbstractConnector.java:doStop(318)) - Stopped ServerConnector@3c98781a{HTTP/1.1,[http/1.1]}{0.0.0.0:0}
2019-09-16 15:21:51,517 [Thread-223] INFO  handler.ContextHandler (ContextHandler.java:doStop(910)) - Stopped o.e.j.s.ServletContextHandler@53c6f96d{/static,jar:file:/home/user/.m2/repository/org/apache/hadoop/hadoop-hdds-container-service/0.5.0-SNAPSHOT/hadoop-hdds-container-service-0.5.0-SNAPSHOT.jar!/webapps/static,UNAVAILABLE}
2019-09-16 15:21:51,518 [Thread-223] INFO  handler.ContextHandler (ContextHandler.java:doStop(910)) - Stopped o.e.j.s.ServletContextHandler@4e49ce2b{/logs,file:///workdir/hadoop-ozone/integration-test/target/log,UNAVAILABLE}
2019-09-16 15:21:53,217 [grpc-default-executor-3] WARN  server.GrpcLogAppender (LogUtils.java:warn(134)) - a760d5cd-1cb7-492f-9e65-096e49ec8100@group-05A7CCD3E4F3->ac35d0bb-3f9a-40b5-90e5-914e8c22ca88-AppendLogResponseHandler: Failed appendEntries: org.apache.ratis.thirdparty.io.grpc.StatusRuntimeException: UNAVAILABLE: io exception
2019-09-16 15:21:53,221 [grpc-default-executor-3] INFO  impl.FollowerInfo (FollowerInfo.java:lambda$new$0(51)) - a760d5cd-1cb7-492f-9e65-096e49ec8100@group-05A7CCD3E4F3->ac35d0bb-3f9a-40b5-90e5-914e8c22ca88: nextIndex: updateUnconditionally 6 -> 5
2019-09-16 15:21:55,716 [grpc-default-executor-3] WARN  server.GrpcLogAppender (LogUtils.java:warn(134)) - a760d5cd-1cb7-492f-9e65-096e49ec8100@group-05A7CCD3E4F3->ac35d0bb-3f9a-40b5-90e5-914e8c22ca88-AppendLogResponseHandler: Failed appendEntries: org.apache.ratis.thirdparty.io.grpc.StatusRuntimeException: UNAVAILABLE: io exception
2019-09-16 15:21:55,720 [grpc-default-executor-3] INFO  impl.FollowerInfo (FollowerInfo.java:lambda$new$0(51)) - a760d5cd-1cb7-492f-9e65-096e49ec8100@group-05A7CCD3E4F3->ac35d0bb-3f9a-40b5-90e5-914e8c22ca88: nextIndex: updateUnconditionally 5 -> 4
2019-09-16 15:21:56,531 [ReplicationMonitor] INFO  container.ReplicationManager (ReplicationManager.java:sendCloseCommand(659)) - Sending close container command for container #1 to datanode ac35d0bb-3f9a-40b5-90e5-914e8c22ca88{ip: 192.168.5.183, host: pr-hdds-1054-fkf2j-3502855176, networkLocation: /rack1, certSerialId: null}.
2019-09-16 15:21:56,534 [ReplicationMonitor] INFO  container.ReplicationManager (ReplicationManager.java:run(225)) - Replication Monitor Thread took 13 milliseconds for processing 1 containers.
2019-09-16 15:21:58,215 [grpc-default-executor-0] WARN  server.GrpcLogAppender (LogUtils.java:warn(134)) - a760d5cd-1cb7-492f-9e65-096e49ec8100@group-05A7CCD3E4F3->ac35d0bb-3f9a-40b5-90e5-914e8c22ca88-AppendLogResponseHandler: Failed appendEntries: org.apache.ratis.thirdparty.io.grpc.StatusRuntimeException: UNAVAILABLE: io exception
2019-09-16 15:21:58,217 [grpc-default-executor-0] INFO  impl.FollowerInfo (FollowerInfo.java:lambda$new$0(51)) - a760d5cd-1cb7-492f-9e65-096e49ec8100@group-05A7CCD3E4F3->ac35d0bb-3f9a-40b5-90e5-914e8c22ca88: nextIndex: updateUnconditionally 4 -> 3
2019-09-16 15:22:00,717 [grpc-default-executor-5] WARN  server.GrpcLogAppender (LogUtils.java:warn(134)) - a760d5cd-1cb7-492f-9e65-096e49ec8100@group-05A7CCD3E4F3->ac35d0bb-3f9a-40b5-90e5-914e8c22ca88-AppendLogResponseHandler: Failed appendEntries: org.apache.ratis.thirdparty.io.grpc.StatusRuntimeException: UNAVAILABLE: io exception
2019-09-16 15:22:00,719 [grpc-default-executor-5] INFO  impl.FollowerInfo (FollowerInfo.java:lambda$new$0(51)) - a760d5cd-1cb7-492f-9e65-096e49ec8100@group-05A7CCD3E4F3->ac35d0bb-3f9a-40b5-90e5-914e8c22ca88: nextIndex: updateUnconditionally 3 -> 2
2019-09-16 15:22:03,225 [grpc-default-executor-5] WARN  server.GrpcLogAppender (LogUtils.java:warn(134)) - a760d5cd-1cb7-492f-9e65-096e49ec8100@group-05A7CCD3E4F3->ac35d0bb-3f9a-40b5-90e5-914e8c22ca88-AppendLogResponseHandler: Failed appendEntries: org.apache.ratis.thirdparty.io.grpc.StatusRuntimeException: UNAVAILABLE: io exception
2019-09-16 15:22:03,227 [grpc-default-executor-5] INFO  impl.FollowerInfo (FollowerInfo.java:lambda$new$0(51)) - a760d5cd-1cb7-492f-9e65-096e49ec8100@group-05A7CCD3E4F3->ac35d0bb-3f9a-40b5-90e5-914e8c22ca88: nextIndex: updateUnconditionally 2 -> 1
2019-09-16 15:22:05,725 [grpc-default-executor-3] WARN  server.GrpcLogAppender (LogUtils.java:warn(134)) - a760d5cd-1cb7-492f-9e65-096e49ec8100@group-05A7CCD3E4F3->ac35d0bb-3f9a-40b5-90e5-914e8c22ca88-AppendLogResponseHandler: Failed appendEntries: org.apache.ratis.thirdparty.io.grpc.StatusRuntimeException: UNAVAILABLE: io exception
2019-09-16 15:22:05,727 [grpc-default-executor-3] INFO  impl.FollowerInfo (FollowerInfo.java:lambda$new$0(51)) - a760d5cd-1cb7-492f-9e65-096e49ec8100@group-05A7CCD3E4F3->ac35d0bb-3f9a-40b5-90e5-914e8c22ca88: nextIndex: updateUnconditionally 1 -> 0
2019-09-16 15:22:08,227 [grpc-default-executor-0] WARN  server.GrpcLogAppender (LogUtils.java:warn(134)) - a760d5cd-1cb7-492f-9e65-096e49ec8100@group-05A7CCD3E4F3->ac35d0bb-3f9a-40b5-90e5-914e8c22ca88-AppendLogResponseHandler: Failed appendEntries: org.apache.ratis.thirdparty.io.grpc.StatusRuntimeException: UNAVAILABLE: io exception
2019-09-16 15:22:08,230 [grpc-default-executor-0] INFO  impl.FollowerInfo (FollowerInfo.java:lambda$new$0(51)) - a760d5cd-1cb7-492f-9e65-096e49ec8100@group-05A7CCD3E4F3->ac35d0bb-3f9a-40b5-90e5-914e8c22ca88: nextIndex: updateUnconditionally 0 -> 0
2019-09-16 15:22:10,731 [grpc-default-executor-0] WARN  server.GrpcLogAppender (LogUtils.java:warn(134)) - a760d5cd-1cb7-492f-9e65-096e49ec8100@group-05A7CCD3E4F3->ac35d0bb-3f9a-40b5-90e5-914e8c22ca88-AppendLogResponseHandler: Failed appendEntries: org.apache.ratis.thirdparty.io.grpc.StatusRuntimeException: UNAVAILABLE: io exception
2019-09-16 15:22:10,735 [grpc-default-executor-0] INFO  impl.FollowerInfo (FollowerInfo.java:lambda$new$0(51)) - a760d5cd-1cb7-492f-9e65-096e49ec8100@group-05A7CCD3E4F3->ac35d0bb-3f9a-40b5-90e5-914e8c22ca88: nextIndex: updateUnconditionally 0 -> 0
2019-09-16 15:22:13,232 [grpc-default-executor-0] WARN  server.GrpcLogAppender (LogUtils.java:warn(134)) - a760d5cd-1cb7-492f-9e65-096e49ec8100@group-05A7CCD3E4F3->ac35d0bb-3f9a-40b5-90e5-914e8c22ca88-AppendLogResponseHandler: Failed appendEntries: org.apache.ratis.thirdparty.io.grpc.StatusRuntimeException: UNAVAILABLE: io exception
2019-09-16 15:22:13,235 [grpc-default-executor-0] INFO  impl.FollowerInfo (FollowerInfo.java:lambda$new$0(51)) - a760d5cd-1cb7-492f-9e65-096e49ec8100@group-05A7CCD3E4F3->ac35d0bb-3f9a-40b5-90e5-914e8c22ca88: nextIndex: updateUnconditionally 0 -> 0
2019-09-16 15:22:15,733 [grpc-default-executor-5] WARN  server.GrpcLogAppender (LogUtils.java:warn(134)) - a760d5cd-1cb7-492f-9e65-096e49ec8100@group-05A7CCD3E4F3->ac35d0bb-3f9a-40b5-90e5-914e8c22ca88-AppendLogResponseHandler: Failed appendEntries: org.apache.ratis.thirdparty.io.grpc.StatusRuntimeException: UNAVAILABLE: io exception
2019-09-16 15:22:15,735 [grpc-default-executor-5] INFO  impl.FollowerInfo (FollowerInfo.java:lambda$new$0(51)) - a760d5cd-1cb7-492f-9e65-096e49ec8100@group-05A7CCD3E4F3->ac35d0bb-3f9a-40b5-90e5-914e8c22ca88: nextIndex: updateUnconditionally 0 -> 0
2019-09-16 15:22:18,233 [grpc-default-executor-3] WARN  server.GrpcLogAppender (LogUtils.java:warn(134)) - a760d5cd-1cb7-492f-9e65-096e49ec8100@group-05A7CCD3E4F3->ac35d0bb-3f9a-40b5-90e5-914e8c22ca88-AppendLogResponseHandler: Failed appendEntries: org.apache.ratis.thirdparty.io.grpc.StatusRuntimeException: UNAVAILABLE: io exception
2019-09-16 15:22:18,235 [grpc-default-executor-3] INFO  impl.FollowerInfo (FollowerInfo.java:lambda$new$0(51)) - a760d5cd-1cb7-492f-9e65-096e49ec8100@group-05A7CCD3E4F3->ac35d0bb-3f9a-40b5-90e5-914e8c22ca88: nextIndex: updateUnconditionally 0 -> 0
2019-09-16 15:22:18,257 [main] INFO  ozone.MiniOzoneClusterImpl (MiniOzoneClusterImpl.java:shutdown(307)) - Shutting down the Mini Ozone Cluster
2019-09-16 15:22:18,258 [main] INFO  ozone.MiniOzoneClusterImpl (MiniOzoneClusterImpl.java:stop(322)) - Stopping the Mini Ozone Cluster
2019-09-16 15:22:18,258 [main] INFO  ozone.MiniOzoneClusterImpl (MiniOzoneClusterImpl.java:stop(324)) - Stopping the OzoneManager
2019-09-16 15:22:18,258 [main] INFO  ipc.Server (Server.java:stop(3082)) - Stopping server on 33265
2019-09-16 15:22:18,266 [IPC Server listener on 33265] INFO  ipc.Server (Server.java:run(1185)) - Stopping IPC Server listener on 33265
2019-09-16 15:22:18,270 [IPC Server Responder] INFO  ipc.Server (Server.java:run(1319)) - Stopping IPC Server Responder
2019-09-16 15:22:18,270 [main] INFO  impl.RaftServerProxy (RaftServerProxy.java:lambda$close$4(314)) - 0e601f2c-4789-4689-89b6-3bff7faac922: close
2019-09-16 15:22:18,274 [main] INFO  impl.RaftServerImpl (RaftServerImpl.java:lambda$shutdown$3(251)) - 0e601f2c-4789-4689-89b6-3bff7faac922@group-C5BA1605619E: shutdown
2019-09-16 15:22:18,284 [main] INFO  util.JmxRegister (JmxRegister.java:unregister(73)) - Successfully un-registered JMX Bean with object name Ratis:service=RaftServer,group=group-C5BA1605619E,id=0e601f2c-4789-4689-89b6-3bff7faac922
2019-09-16 15:22:18,284 [main] INFO  impl.RoleInfo (RoleInfo.java:shutdownLeaderState(104)) - 0e601f2c-4789-4689-89b6-3bff7faac922: shutdown LeaderState
2019-09-16 15:22:18,284 [main] INFO  impl.PendingRequests (PendingRequests.java:sendNotLeaderResponses(202)) - 0e601f2c-4789-4689-89b6-3bff7faac922-PendingRequests: sendNotLeaderResponses
2019-09-16 15:22:18,289 [main] INFO  impl.StateMachineUpdater (StateMachineUpdater.java:stopAndJoin(125)) - 0e601f2c-4789-4689-89b6-3bff7faac922@group-C5BA1605619E-StateMachineUpdater: set stopIndex = 8
2019-09-16 15:22:18,289 [0e601f2c-4789-4689-89b6-3bff7faac922@group-C5BA1605619E-StateMachineUpdater] INFO  ratis.OzoneManagerStateMachine (OzoneManagerStateMachine.java:takeSnapshot(254)) - Saving Ratis snapshot on the OM.
2019-09-16 15:22:18,294 [0e601f2c-4789-4689-89b6-3bff7faac922@group-C5BA1605619E-StateMachineUpdater] INFO  ratis.OMRatisSnapshotInfo (OMRatisSnapshotInfo.java:saveRatisSnapshotToDisk(107)) - Saved Ratis Snapshot on the OM with snapshotIndex 7
2019-09-16 15:22:18,295 [0e601f2c-4789-4689-89b6-3bff7faac922@group-C5BA1605619E-StateMachineUpdater] INFO  impl.StateMachineUpdater (StateMachineUpdater.java:takeSnapshot(258)) - 0e601f2c-4789-4689-89b6-3bff7faac922@group-C5BA1605619E-StateMachineUpdater: Took a snapshot at index 7
2019-09-16 15:22:18,295 [0e601f2c-4789-4689-89b6-3bff7faac922@group-C5BA1605619E-StateMachineUpdater] INFO  impl.StateMachineUpdater (StateMachineUpdater.java:lambda$new$0(83)) - 0e601f2c-4789-4689-89b6-3bff7faac922@group-C5BA1605619E-StateMachineUpdater: snapshotIndex: updateIncreasingly -1 -> 7
2019-09-16 15:22:18,295 [0e601f2c-4789-4689-89b6-3bff7faac922@group-C5BA1605619E-StateMachineUpdater] INFO  ratis.OzoneManagerStateMachine (OzoneManagerStateMachine.java:takeSnapshot(254)) - Saving Ratis snapshot on the OM.
2019-09-16 15:22:18,296 [0e601f2c-4789-4689-89b6-3bff7faac922@group-C5BA1605619E-StateMachineUpdater] INFO  ratis.OMRatisSnapshotInfo (OMRatisSnapshotInfo.java:saveRatisSnapshotToDisk(107)) - Saved Ratis Snapshot on the OM with snapshotIndex 7
2019-09-16 15:22:18,297 [0e601f2c-4789-4689-89b6-3bff7faac922@group-C5BA1605619E-StateMachineUpdater] INFO  impl.StateMachineUpdater (StateMachineUpdater.java:takeSnapshot(258)) - 0e601f2c-4789-4689-89b6-3bff7faac922@group-C5BA1605619E-StateMachineUpdater: Took a snapshot at index 7
2019-09-16 15:22:18,297 [0e601f2c-4789-4689-89b6-3bff7faac922@group-C5BA1605619E-StateMachineUpdater] INFO  impl.StateMachineUpdater (StateMachineUpdater.java:lambda$new$0(83)) - 0e601f2c-4789-4689-89b6-3bff7faac922@group-C5BA1605619E-StateMachineUpdater: snapshotIndex: updateIncreasingly 7 -> 7
2019-09-16 15:22:18,297 [main] INFO  impl.RaftServerImpl (ServerState.java:close(385)) - 0e601f2c-4789-4689-89b6-3bff7faac922@group-C5BA1605619E: closes. applyIndex: 8
2019-09-16 15:22:18,298 [0e601f2c-4789-4689-89b6-3bff7faac922@group-C5BA1605619E-SegmentedRaftLogWorker] INFO  segmented.SegmentedRaftLogWorker (SegmentedRaftLogWorker.java:run(313)) - 0e601f2c-4789-4689-89b6-3bff7faac922@group-C5BA1605619E-SegmentedRaftLogWorker was interrupted, exiting. There are 0 tasks remaining in the queue.
2019-09-16 15:22:18,299 [main] INFO  segmented.SegmentedRaftLogWorker (SegmentedRaftLogWorker.java:close(228)) - 0e601f2c-4789-4689-89b6-3bff7faac922@group-C5BA1605619E-SegmentedRaftLogWorker close()
2019-09-16 15:22:18,300 [main] INFO  server.GrpcService (GrpcService.java:closeImpl(164)) - 0e601f2c-4789-4689-89b6-3bff7faac922: shutdown server with port 9872 now
2019-09-16 15:22:18,301 [main] INFO  server.GrpcService (GrpcService.java:closeImpl(172)) - 0e601f2c-4789-4689-89b6-3bff7faac922: shutdown server with port 9872 successfully
2019-09-16 15:22:18,301 [main] INFO  ratis.OzoneManagerDoubleBuffer (OzoneManagerDoubleBuffer.java:stop(248)) - Stopping OMDoubleBuffer flush thread
2019-09-16 15:22:18,302 [OMDoubleBufferFlushThread] INFO  ratis.OzoneManagerDoubleBuffer (OzoneManagerDoubleBuffer.java:flushTransactions(191)) - OMDoubleBuffer flush thread OMDoubleBufferFlushThread is interrupted and will exit. OMDoubleBufferFlushThread
2019-09-16 15:22:18,303 [main] INFO  utils.BackgroundService (BackgroundService.java:shutdown(148)) - Shutting down service KeyDeletingService
2019-09-16 15:22:18,305 [main] INFO  handler.ContextHandler (ContextHandler.java:doStop(910)) - Stopped o.e.j.w.WebAppContext@3dd818e8{/,null,UNAVAILABLE}{/ozoneManager}
2019-09-16 15:22:18,307 [main] INFO  server.AbstractConnector (AbstractConnector.java:doStop(318)) - Stopped ServerConnector@4cb40e3b{HTTP/1.1,[http/1.1]}{0.0.0.0:0}
2019-09-16 15:22:18,308 [main] INFO  handler.ContextHandler (ContextHandler.java:doStop(910)) - Stopped o.e.j.s.ServletContextHandler@10f19647{/static,file:///workdir/hadoop-ozone/integration-test/target/test-classes/webapps/static,UNAVAILABLE}
2019-09-16 15:22:18,308 [main] INFO  handler.ContextHandler (ContextHandler.java:doStop(910)) - Stopped o.e.j.s.ServletContextHandler@2ab0702e{/logs,file:///workdir/hadoop-ozone/integration-test/target/log,UNAVAILABLE}
2019-09-16 15:22:18,311 [main] INFO  ozone.MiniOzoneClusterImpl (MiniOzoneClusterImpl.java:stop(330)) - Shutting the HddsDatanodes
2019-09-16 15:22:18,643 [Datanode State Machine Thread - 0] INFO  statemachine.DatanodeStateMachine (DatanodeStateMachine.java:lambda$startDaemon$0(350)) - Ozone container server started.
2019-09-16 15:22:19,235 [Datanode State Machine Thread - 0] INFO  statemachine.DatanodeStateMachine (DatanodeStateMachine.java:lambda$startDaemon$0(350)) - Ozone container server started.
2019-09-16 15:22:20,735 [grpc-default-executor-0] WARN  server.GrpcLogAppender (LogUtils.java:warn(134)) - a760d5cd-1cb7-492f-9e65-096e49ec8100@group-05A7CCD3E4F3->ac35d0bb-3f9a-40b5-90e5-914e8c22ca88-AppendLogResponseHandler: Failed appendEntries: org.apache.ratis.thirdparty.io.grpc.StatusRuntimeException: UNAVAILABLE: io exception
2019-09-16 15:22:20,737 [grpc-default-executor-0] INFO  impl.FollowerInfo (FollowerInfo.java:lambda$new$0(51)) - a760d5cd-1cb7-492f-9e65-096e49ec8100@group-05A7CCD3E4F3->ac35d0bb-3f9a-40b5-90e5-914e8c22ca88: nextIndex: updateUnconditionally 0 -> 0
2019-09-16 15:22:23,242 [grpc-default-executor-3] WARN  server.GrpcLogAppender (LogUtils.java:warn(134)) - a760d5cd-1cb7-492f-9e65-096e49ec8100@group-05A7CCD3E4F3->ac35d0bb-3f9a-40b5-90e5-914e8c22ca88-AppendLogResponseHandler: Failed appendEntries: org.apache.ratis.thirdparty.io.grpc.StatusRuntimeException: UNAVAILABLE: io exception
2019-09-16 15:22:23,251 [grpc-default-executor-3] INFO  impl.FollowerInfo (FollowerInfo.java:lambda$new$0(51)) - a760d5cd-1cb7-492f-9e65-096e49ec8100@group-05A7CCD3E4F3->ac35d0bb-3f9a-40b5-90e5-914e8c22ca88: nextIndex: updateUnconditionally 0 -> 0
2019-09-16 15:22:23,312 [ForkJoinPool.commonPool-worker-0] INFO  ozoneimpl.OzoneContainer (OzoneContainer.java:stop(231)) - Attempting to stop container services.
2019-09-16 15:22:23,312 [main] INFO  ozoneimpl.OzoneContainer (OzoneContainer.java:stop(231)) - Attempting to stop container services.
2019-09-16 15:22:23,313 [ForkJoinPool.commonPool-worker-0] INFO  impl.RaftServerProxy (RaftServerProxy.java:lambda$close$4(314)) - cf6136a1-b68a-49b2-9985-7b164538a112: close
2019-09-16 15:22:23,313 [main] INFO  impl.RaftServerProxy (RaftServerProxy.java:lambda$close$4(314)) - 938a2b36-0fde-4b5a-b944-dd169fdf7f21: close
2019-09-16 15:22:23,314 [ForkJoinPool.commonPool-worker-0] INFO  impl.RaftServerImpl (RaftServerImpl.java:lambda$shutdown$3(251)) - cf6136a1-b68a-49b2-9985-7b164538a112@group-05A7CCD3E4F3: shutdown
2019-09-16 15:22:23,314 [main] INFO  impl.RaftServerImpl (RaftServerImpl.java:lambda$shutdown$3(251)) - 938a2b36-0fde-4b5a-b944-dd169fdf7f21@group-CC420E22ED9F: shutdown
2019-09-16 15:22:23,314 [ForkJoinPool.commonPool-worker-0] INFO  util.JmxRegister (JmxRegister.java:unregister(73)) - Successfully un-registered JMX Bean with object name Ratis:service=RaftServer,group=group-05A7CCD3E4F3,id=cf6136a1-b68a-49b2-9985-7b164538a112
2019-09-16 15:22:23,314 [main] INFO  util.JmxRegister (JmxRegister.java:unregister(73)) - Successfully un-registered JMX Bean with object name Ratis:service=RaftServer,group=group-CC420E22ED9F,id=938a2b36-0fde-4b5a-b944-dd169fdf7f21
2019-09-16 15:22:23,314 [ForkJoinPool.commonPool-worker-0] INFO  impl.RoleInfo (RoleInfo.java:shutdownFollowerState(121)) - cf6136a1-b68a-49b2-9985-7b164538a112: shutdown FollowerState
2019-09-16 15:22:23,315 [main] INFO  impl.RoleInfo (RoleInfo.java:shutdownLeaderState(104)) - 938a2b36-0fde-4b5a-b944-dd169fdf7f21: shutdown LeaderState
2019-09-16 15:22:23,315 [cf6136a1-b68a-49b2-9985-7b164538a112@group-05A7CCD3E4F3-StateMachineUpdater] INFO  ratis.ContainerStateMachine (ContainerStateMachine.java:takeSnapshot(289)) - group-05A7CCD3E4F3: Taking a snapshot at:(t:5, i:5) file /workdir/hadoop-ozone/integration-test/target/test-dir/MiniOzoneClusterImpl-76fa9ddc-256d-4f33-8a89-44c31ad7a3c7/datanode-0/data/ratis/0a96cf58-bca1-4dab-82c2-05a7ccd3e4f3/sm/snapshot.5_5
2019-09-16 15:22:23,315 [Thread-342] INFO  impl.FollowerState (FollowerState.java:run(115)) - cf6136a1-b68a-49b2-9985-7b164538a112: FollowerState was interrupted: java.lang.InterruptedException: sleep interrupted
2019-09-16 15:22:23,315 [ForkJoinPool.commonPool-worker-0] INFO  impl.StateMachineUpdater (StateMachineUpdater.java:stopAndJoin(125)) - cf6136a1-b68a-49b2-9985-7b164538a112@group-05A7CCD3E4F3-StateMachineUpdater: set stopIndex = 6
2019-09-16 15:22:23,315 [main] INFO  impl.PendingRequests (PendingRequests.java:sendNotLeaderResponses(202)) - 938a2b36-0fde-4b5a-b944-dd169fdf7f21-PendingRequests: sendNotLeaderResponses
2019-09-16 15:22:23,317 [main] INFO  impl.StateMachineUpdater (StateMachineUpdater.java:stopAndJoin(125)) - 938a2b36-0fde-4b5a-b944-dd169fdf7f21@group-CC420E22ED9F-StateMachineUpdater: set stopIndex = 0
2019-09-16 15:22:23,317 [main] INFO  impl.RaftServerImpl (ServerState.java:close(385)) - 938a2b36-0fde-4b5a-b944-dd169fdf7f21@group-CC420E22ED9F: closes. applyIndex: 0
2019-09-16 15:22:23,318 [938a2b36-0fde-4b5a-b944-dd169fdf7f21@group-CC420E22ED9F-SegmentedRaftLogWorker] INFO  segmented.SegmentedRaftLogWorker (SegmentedRaftLogWorker.java:run(313)) - 938a2b36-0fde-4b5a-b944-dd169fdf7f21@group-CC420E22ED9F-SegmentedRaftLogWorker was interrupted, exiting. There are 0 tasks remaining in the queue.
2019-09-16 15:22:23,319 [main] INFO  segmented.SegmentedRaftLogWorker (SegmentedRaftLogWorker.java:close(228)) - 938a2b36-0fde-4b5a-b944-dd169fdf7f21@group-CC420E22ED9F-SegmentedRaftLogWorker close()
2019-09-16 15:22:23,322 [main] INFO  server.GrpcService (GrpcService.java:closeImpl(164)) - 938a2b36-0fde-4b5a-b944-dd169fdf7f21: shutdown server with port 44337 now
2019-09-16 15:22:23,325 [main] INFO  server.GrpcService (GrpcService.java:closeImpl(172)) - 938a2b36-0fde-4b5a-b944-dd169fdf7f21: shutdown server with port 44337 successfully
2019-09-16 15:22:23,338 [refreshUsed-/workdir/hadoop-ozone/integration-test/target/test-dir/MiniOzoneClusterImpl-76fa9ddc-256d-4f33-8a89-44c31ad7a3c7/datanode-2/data/containers] WARN  fs.CachingGetSpaceUsed (CachingGetSpaceUsed.java:run(183)) - Thread Interrupted waiting to refresh disk information: sleep interrupted
2019-09-16 15:22:23,355 [main] INFO  utils.BackgroundService (BackgroundService.java:shutdown(148)) - Shutting down service BlockDeletingService
2019-09-16 15:22:23,358 [cf6136a1-b68a-49b2-9985-7b164538a112@group-05A7CCD3E4F3-StateMachineUpdater] INFO  ratis.ContainerStateMachine (ContainerStateMachine.java:takeSnapshot(300)) - group-05A7CCD3E4F3: Finished taking a snapshot at:(t:5, i:5) file:/workdir/hadoop-ozone/integration-test/target/test-dir/MiniOzoneClusterImpl-76fa9ddc-256d-4f33-8a89-44c31ad7a3c7/datanode-0/data/ratis/0a96cf58-bca1-4dab-82c2-05a7ccd3e4f3/sm/snapshot.5_5 time:43
2019-09-16 15:22:23,359 [main] INFO  statemachine.DatanodeStateMachine (DatanodeStateMachine.java:stopDaemon(395)) - Ozone container server stopped.
2019-09-16 15:22:23,359 [cf6136a1-b68a-49b2-9985-7b164538a112@group-05A7CCD3E4F3-StateMachineUpdater] INFO  impl.StateMachineUpdater (StateMachineUpdater.java:takeSnapshot(258)) - cf6136a1-b68a-49b2-9985-7b164538a112@group-05A7CCD3E4F3-StateMachineUpdater: Took a snapshot at index 5
2019-09-16 15:22:23,360 [cf6136a1-b68a-49b2-9985-7b164538a112@group-05A7CCD3E4F3-StateMachineUpdater] INFO  impl.StateMachineUpdater (StateMachineUpdater.java:lambda$new$0(83)) - cf6136a1-b68a-49b2-9985-7b164538a112@group-05A7CCD3E4F3-StateMachineUpdater: snapshotIndex: updateIncreasingly -1 -> 5
2019-09-16 15:22:23,360 [cf6136a1-b68a-49b2-9985-7b164538a112@group-05A7CCD3E4F3-StateMachineUpdater] INFO  ratis.ContainerStateMachine (ContainerStateMachine.java:takeSnapshot(289)) - group-05A7CCD3E4F3: Taking a snapshot at:(t:5, i:5) file /workdir/hadoop-ozone/integration-test/target/test-dir/MiniOzoneClusterImpl-76fa9ddc-256d-4f33-8a89-44c31ad7a3c7/datanode-0/data/ratis/0a96cf58-bca1-4dab-82c2-05a7ccd3e4f3/sm/snapshot.5_5
2019-09-16 15:22:23,360 [main] INFO  handler.ContextHandler (ContextHandler.java:doStop(910)) - Stopped o.e.j.w.WebAppContext@e26af6{/,null,UNAVAILABLE}{/hddsDatanode}
2019-09-16 15:22:23,361 [main] INFO  server.AbstractConnector (AbstractConnector.java:doStop(318)) - Stopped ServerConnector@44065156{HTTP/1.1,[http/1.1]}{0.0.0.0:0}
2019-09-16 15:22:23,362 [main] INFO  handler.ContextHandler (ContextHandler.java:doStop(910)) - Stopped o.e.j.s.ServletContextHandler@5e0ec41f{/static,jar:file:/home/user/.m2/repository/org/apache/hadoop/hadoop-hdds-container-service/0.5.0-SNAPSHOT/hadoop-hdds-container-service-0.5.0-SNAPSHOT.jar!/webapps/static,UNAVAILABLE}
2019-09-16 15:22:23,362 [main] INFO  handler.ContextHandler (ContextHandler.java:doStop(910)) - Stopped o.e.j.s.ServletContextHandler@571a01f9{/logs,file:///workdir/hadoop-ozone/integration-test/target/log,UNAVAILABLE}
2019-09-16 15:22:23,378 [cf6136a1-b68a-49b2-9985-7b164538a112@group-05A7CCD3E4F3-StateMachineUpdater] INFO  ratis.ContainerStateMachine (ContainerStateMachine.java:takeSnapshot(300)) - group-05A7CCD3E4F3: Finished taking a snapshot at:(t:5, i:5) file:/workdir/hadoop-ozone/integration-test/target/test-dir/MiniOzoneClusterImpl-76fa9ddc-256d-4f33-8a89-44c31ad7a3c7/datanode-0/data/ratis/0a96cf58-bca1-4dab-82c2-05a7ccd3e4f3/sm/snapshot.5_5 time:18
2019-09-16 15:22:23,379 [cf6136a1-b68a-49b2-9985-7b164538a112@group-05A7CCD3E4F3-StateMachineUpdater] INFO  impl.StateMachineUpdater (StateMachineUpdater.java:takeSnapshot(258)) - cf6136a1-b68a-49b2-9985-7b164538a112@group-05A7CCD3E4F3-StateMachineUpdater: Took a snapshot at index 5
2019-09-16 15:22:23,379 [cf6136a1-b68a-49b2-9985-7b164538a112@group-05A7CCD3E4F3-StateMachineUpdater] INFO  impl.StateMachineUpdater (StateMachineUpdater.java:lambda$new$0(83)) - cf6136a1-b68a-49b2-9985-7b164538a112@group-05A7CCD3E4F3-StateMachineUpdater: snapshotIndex: updateIncreasingly 5 -> 5
2019-09-16 15:22:23,379 [ForkJoinPool.commonPool-worker-0] INFO  impl.RaftServerImpl (ServerState.java:close(385)) - cf6136a1-b68a-49b2-9985-7b164538a112@group-05A7CCD3E4F3: closes. applyIndex: 6
2019-09-16 15:22:23,379 [cf6136a1-b68a-49b2-9985-7b164538a112@group-05A7CCD3E4F3-SegmentedRaftLogWorker] INFO  segmented.SegmentedRaftLogWorker (SegmentedRaftLogWorker.java:run(313)) - cf6136a1-b68a-49b2-9985-7b164538a112@group-05A7CCD3E4F3-SegmentedRaftLogWorker was interrupted, exiting. There are 0 tasks remaining in the queue.
2019-09-16 15:22:23,381 [ForkJoinPool.commonPool-worker-0] INFO  segmented.SegmentedRaftLogWorker (SegmentedRaftLogWorker.java:close(228)) - cf6136a1-b68a-49b2-9985-7b164538a112@group-05A7CCD3E4F3-SegmentedRaftLogWorker close()
2019-09-16 15:22:23,382 [ForkJoinPool.commonPool-worker-0] INFO  impl.RaftServerImpl (RaftServerImpl.java:lambda$shutdown$3(251)) - cf6136a1-b68a-49b2-9985-7b164538a112@group-6A1534BF05FB: shutdown
2019-09-16 15:22:23,382 [ForkJoinPool.commonPool-worker-0] INFO  util.JmxRegister (JmxRegister.java:unregister(73)) - Successfully un-registered JMX Bean with object name Ratis:service=RaftServer,group=group-6A1534BF05FB,id=cf6136a1-b68a-49b2-9985-7b164538a112
2019-09-16 15:22:23,382 [ForkJoinPool.commonPool-worker-0] INFO  impl.RoleInfo (RoleInfo.java:shutdownLeaderState(104)) - cf6136a1-b68a-49b2-9985-7b164538a112: shutdown LeaderState
2019-09-16 15:22:23,383 [ForkJoinPool.commonPool-worker-0] INFO  impl.PendingRequests (PendingRequests.java:sendNotLeaderResponses(202)) - cf6136a1-b68a-49b2-9985-7b164538a112-PendingRequests: sendNotLeaderResponses
2019-09-16 15:22:23,383 [ForkJoinPool.commonPool-worker-0] INFO  impl.StateMachineUpdater (StateMachineUpdater.java:stopAndJoin(125)) - cf6136a1-b68a-49b2-9985-7b164538a112@group-6A1534BF05FB-StateMachineUpdater: set stopIndex = 0
2019-09-16 15:22:23,383 [ForkJoinPool.commonPool-worker-0] INFO  impl.RaftServerImpl (ServerState.java:close(385)) - cf6136a1-b68a-49b2-9985-7b164538a112@group-6A1534BF05FB: closes. applyIndex: 0
2019-09-16 15:22:23,384 [cf6136a1-b68a-49b2-9985-7b164538a112@group-6A1534BF05FB-SegmentedRaftLogWorker] INFO  segmented.SegmentedRaftLogWorker (SegmentedRaftLogWorker.java:run(313)) - cf6136a1-b68a-49b2-9985-7b164538a112@group-6A1534BF05FB-SegmentedRaftLogWorker was interrupted, exiting. There are 0 tasks remaining in the queue.
2019-09-16 15:22:23,384 [ForkJoinPool.commonPool-worker-0] INFO  segmented.SegmentedRaftLogWorker (SegmentedRaftLogWorker.java:close(228)) - cf6136a1-b68a-49b2-9985-7b164538a112@group-6A1534BF05FB-SegmentedRaftLogWorker close()
2019-09-16 15:22:23,386 [ForkJoinPool.commonPool-worker-0] INFO  server.GrpcService (GrpcService.java:closeImpl(164)) - cf6136a1-b68a-49b2-9985-7b164538a112: shutdown server with port 42701 now
2019-09-16 15:22:23,387 [grpc-default-executor-0] WARN  server.GrpcServerProtocolService (LogUtils.java:warn(134)) - cf6136a1-b68a-49b2-9985-7b164538a112: installSnapshot onError, lastRequest: a760d5cd-1cb7-492f-9e65-096e49ec8100->cf6136a1-b68a-49b2-9985-7b164538a112#21-t5, previous=(t:5, i:6), leaderCommit=6, initializing? false, entries: <empty>: org.apache.ratis.thirdparty.io.grpc.StatusRuntimeException: CANCELLED: cancelled before receiving half close
2019-09-16 15:22:23,388 [grpc-default-executor-3] WARN  server.GrpcLogAppender (LogUtils.java:warn(134)) - a760d5cd-1cb7-492f-9e65-096e49ec8100@group-05A7CCD3E4F3->cf6136a1-b68a-49b2-9985-7b164538a112-AppendLogResponseHandler: Failed appendEntries: org.apache.ratis.thirdparty.io.grpc.StatusRuntimeException: CANCELLED: HTTP/2 error code: CANCEL
Received Rst Stream
2019-09-16 15:22:23,388 [ForkJoinPool.commonPool-worker-0] INFO  server.GrpcService (GrpcService.java:closeImpl(172)) - cf6136a1-b68a-49b2-9985-7b164538a112: shutdown server with port 42701 successfully
2019-09-16 15:22:23,389 [grpc-default-executor-3] INFO  impl.FollowerInfo (FollowerInfo.java:lambda$new$0(51)) - a760d5cd-1cb7-492f-9e65-096e49ec8100@group-05A7CCD3E4F3->cf6136a1-b68a-49b2-9985-7b164538a112: nextIndex: updateUnconditionally 7 -> 6
2019-09-16 15:22:23,392 [refreshUsed-/workdir/hadoop-ozone/integration-test/target/test-dir/MiniOzoneClusterImpl-76fa9ddc-256d-4f33-8a89-44c31ad7a3c7/datanode-0/data/containers] WARN  fs.CachingGetSpaceUsed (CachingGetSpaceUsed.java:run(183)) - Thread Interrupted waiting to refresh disk information: sleep interrupted
2019-09-16 15:22:23,413 [ForkJoinPool.commonPool-worker-0] INFO  utils.BackgroundService (BackgroundService.java:shutdown(148)) - Shutting down service BlockDeletingService
2019-09-16 15:22:23,416 [ForkJoinPool.commonPool-worker-0] INFO  statemachine.DatanodeStateMachine (DatanodeStateMachine.java:stopDaemon(395)) - Ozone container server stopped.
2019-09-16 15:22:23,419 [ForkJoinPool.commonPool-worker-0] INFO  handler.ContextHandler (ContextHandler.java:doStop(910)) - Stopped o.e.j.w.WebAppContext@1937eaff{/,null,UNAVAILABLE}{/hddsDatanode}
2019-09-16 15:22:23,420 [ForkJoinPool.commonPool-worker-0] INFO  server.AbstractConnector (AbstractConnector.java:doStop(318)) - Stopped ServerConnector@7e0bc8a3{HTTP/1.1,[http/1.1]}{0.0.0.0:0}
2019-09-16 15:22:23,421 [ForkJoinPool.commonPool-worker-0] INFO  handler.ContextHandler (ContextHandler.java:doStop(910)) - Stopped o.e.j.s.ServletContextHandler@1d805aa1{/static,jar:file:/home/user/.m2/repository/org/apache/hadoop/hadoop-hdds-container-service/0.5.0-SNAPSHOT/hadoop-hdds-container-service-0.5.0-SNAPSHOT.jar!/webapps/static,UNAVAILABLE}
2019-09-16 15:22:23,422 [ForkJoinPool.commonPool-worker-0] INFO  handler.ContextHandler (ContextHandler.java:doStop(910)) - Stopped o.e.j.s.ServletContextHandler@2100d047{/logs,file:///workdir/hadoop-ozone/integration-test/target/log,UNAVAILABLE}
2019-09-16 15:22:24,237 [Datanode State Machine Thread - 0] INFO  statemachine.DatanodeStateMachine (DatanodeStateMachine.java:lambda$startDaemon$0(350)) - Ozone container server started.
2019-09-16 15:22:25,738 [grpc-default-executor-5] WARN  server.GrpcLogAppender (LogUtils.java:warn(134)) - a760d5cd-1cb7-492f-9e65-096e49ec8100@group-05A7CCD3E4F3->ac35d0bb-3f9a-40b5-90e5-914e8c22ca88-AppendLogResponseHandler: Failed appendEntries: org.apache.ratis.thirdparty.io.grpc.StatusRuntimeException: UNAVAILABLE: io exception
2019-09-16 15:22:25,740 [grpc-default-executor-5] INFO  impl.FollowerInfo (FollowerInfo.java:lambda$new$0(51)) - a760d5cd-1cb7-492f-9e65-096e49ec8100@group-05A7CCD3E4F3->ac35d0bb-3f9a-40b5-90e5-914e8c22ca88: nextIndex: updateUnconditionally 0 -> 0
2019-09-16 15:22:25,833 [grpc-default-executor-3] WARN  server.GrpcLogAppender (LogUtils.java:warn(134)) - a760d5cd-1cb7-492f-9e65-096e49ec8100@group-05A7CCD3E4F3->cf6136a1-b68a-49b2-9985-7b164538a112-AppendLogResponseHandler: Failed appendEntries: org.apache.ratis.thirdparty.io.grpc.StatusRuntimeException: UNAVAILABLE: io exception
2019-09-16 15:22:25,834 [grpc-default-executor-3] INFO  impl.FollowerInfo (FollowerInfo.java:lambda$new$0(51)) - a760d5cd-1cb7-492f-9e65-096e49ec8100@group-05A7CCD3E4F3->cf6136a1-b68a-49b2-9985-7b164538a112: nextIndex: updateUnconditionally 6 -> 5
2019-09-16 15:22:28,243 [grpc-default-executor-0] WARN  server.GrpcLogAppender (LogUtils.java:warn(134)) - a760d5cd-1cb7-492f-9e65-096e49ec8100@group-05A7CCD3E4F3->ac35d0bb-3f9a-40b5-90e5-914e8c22ca88-AppendLogResponseHandler: Failed appendEntries: org.apache.ratis.thirdparty.io.grpc.StatusRuntimeException: UNAVAILABLE: io exception
2019-09-16 15:22:28,246 [grpc-default-executor-0] INFO  impl.FollowerInfo (FollowerInfo.java:lambda$new$0(51)) - a760d5cd-1cb7-492f-9e65-096e49ec8100@group-05A7CCD3E4F3->ac35d0bb-3f9a-40b5-90e5-914e8c22ca88: nextIndex: updateUnconditionally 0 -> 0
2019-09-16 15:22:28,335 [grpc-default-executor-5] WARN  server.GrpcLogAppender (LogUtils.java:warn(134)) - a760d5cd-1cb7-492f-9e65-096e49ec8100@group-05A7CCD3E4F3->cf6136a1-b68a-49b2-9985-7b164538a112-AppendLogResponseHandler: Failed appendEntries: org.apache.ratis.thirdparty.io.grpc.StatusRuntimeException: UNAVAILABLE: io exception
2019-09-16 15:22:28,337 [grpc-default-executor-5] INFO  impl.FollowerInfo (FollowerInfo.java:lambda$new$0(51)) - a760d5cd-1cb7-492f-9e65-096e49ec8100@group-05A7CCD3E4F3->cf6136a1-b68a-49b2-9985-7b164538a112: nextIndex: updateUnconditionally 5 -> 4
2019-09-16 15:22:28,364 [main] INFO  ozoneimpl.OzoneContainer (OzoneContainer.java:stop(231)) - Attempting to stop container services.
2019-09-16 15:22:28,365 [main] INFO  impl.RaftServerProxy (RaftServerProxy.java:lambda$close$4(314)) - a760d5cd-1cb7-492f-9e65-096e49ec8100: close
2019-09-16 15:22:28,366 [main] INFO  impl.RaftServerImpl (RaftServerImpl.java:lambda$shutdown$3(251)) - a760d5cd-1cb7-492f-9e65-096e49ec8100@group-05A7CCD3E4F3: shutdown
2019-09-16 15:22:28,366 [ForkJoinPool.commonPool-worker-1] INFO  impl.RaftServerImpl (RaftServerImpl.java:lambda$shutdown$3(251)) - a760d5cd-1cb7-492f-9e65-096e49ec8100@group-CFFC7F28E6FF: shutdown
2019-09-16 15:22:28,366 [main] INFO  util.JmxRegister (JmxRegister.java:unregister(73)) - Successfully un-registered JMX Bean with object name Ratis:service=RaftServer,group=group-05A7CCD3E4F3,id=a760d5cd-1cb7-492f-9e65-096e49ec8100
2019-09-16 15:22:28,366 [ForkJoinPool.commonPool-worker-1] INFO  util.JmxRegister (JmxRegister.java:unregister(73)) - Successfully un-registered JMX Bean with object name Ratis:service=RaftServer,group=group-CFFC7F28E6FF,id=a760d5cd-1cb7-492f-9e65-096e49ec8100
2019-09-16 15:22:28,366 [main] INFO  impl.RoleInfo (RoleInfo.java:shutdownLeaderState(104)) - a760d5cd-1cb7-492f-9e65-096e49ec8100: shutdown LeaderState
2019-09-16 15:22:28,367 [ForkJoinPool.commonPool-worker-1] INFO  impl.RoleInfo (RoleInfo.java:shutdownLeaderState(104)) - a760d5cd-1cb7-492f-9e65-096e49ec8100: shutdown LeaderState
2019-09-16 15:22:28,368 [org.apache.ratis.server.impl.LogAppender$AppenderDaemon$$Lambda$509/1773128069@2004135f] WARN  server.GrpcLogAppender (GrpcLogAppender.java:mayWait(143)) - a760d5cd-1cb7-492f-9e65-096e49ec8100@group-05A7CCD3E4F3->ac35d0bb-3f9a-40b5-90e5-914e8c22ca88-GrpcLogAppender: Wait interrupted by java.lang.InterruptedException
2019-09-16 15:22:28,368 [org.apache.ratis.server.impl.LogAppender$AppenderDaemon$$Lambda$509/1773128069@4ad7c938] WARN  server.GrpcLogAppender (GrpcLogAppender.java:mayWait(143)) - a760d5cd-1cb7-492f-9e65-096e49ec8100@group-05A7CCD3E4F3->cf6136a1-b68a-49b2-9985-7b164538a112-GrpcLogAppender: Wait interrupted by java.lang.InterruptedException
2019-09-16 15:22:28,368 [ForkJoinPool.commonPool-worker-1] INFO  impl.PendingRequests (PendingRequests.java:sendNotLeaderResponses(202)) - a760d5cd-1cb7-492f-9e65-096e49ec8100-PendingRequests: sendNotLeaderResponses
2019-09-16 15:22:28,368 [main] INFO  impl.PendingRequests (PendingRequests.java:sendNotLeaderResponses(202)) - a760d5cd-1cb7-492f-9e65-096e49ec8100-PendingRequests: sendNotLeaderResponses
2019-09-16 15:22:28,369 [ForkJoinPool.commonPool-worker-1] INFO  impl.StateMachineUpdater (StateMachineUpdater.java:stopAndJoin(125)) - a760d5cd-1cb7-492f-9e65-096e49ec8100@group-CFFC7F28E6FF-StateMachineUpdater: set stopIndex = 0
2019-09-16 15:22:28,370 [ForkJoinPool.commonPool-worker-1] INFO  impl.RaftServerImpl (ServerState.java:close(385)) - a760d5cd-1cb7-492f-9e65-096e49ec8100@group-CFFC7F28E6FF: closes. applyIndex: 0
2019-09-16 15:22:28,370 [a760d5cd-1cb7-492f-9e65-096e49ec8100@group-CFFC7F28E6FF-SegmentedRaftLogWorker] INFO  segmented.SegmentedRaftLogWorker (SegmentedRaftLogWorker.java:run(313)) - a760d5cd-1cb7-492f-9e65-096e49ec8100@group-CFFC7F28E6FF-SegmentedRaftLogWorker was interrupted, exiting. There are 0 tasks remaining in the queue.
2019-09-16 15:22:28,371 [ForkJoinPool.commonPool-worker-1] INFO  segmented.SegmentedRaftLogWorker (SegmentedRaftLogWorker.java:close(228)) - a760d5cd-1cb7-492f-9e65-096e49ec8100@group-CFFC7F28E6FF-SegmentedRaftLogWorker close()
2019-09-16 15:22:28,379 [main] INFO  impl.StateMachineUpdater (StateMachineUpdater.java:stopAndJoin(125)) - a760d5cd-1cb7-492f-9e65-096e49ec8100@group-05A7CCD3E4F3-StateMachineUpdater: set stopIndex = 6
2019-09-16 15:22:28,379 [a760d5cd-1cb7-492f-9e65-096e49ec8100@group-05A7CCD3E4F3-StateMachineUpdater] INFO  ratis.ContainerStateMachine (ContainerStateMachine.java:takeSnapshot(289)) - group-05A7CCD3E4F3: Taking a snapshot at:(t:5, i:6) file /workdir/hadoop-ozone/integration-test/target/test-dir/MiniOzoneClusterImpl-76fa9ddc-256d-4f33-8a89-44c31ad7a3c7/datanode-3/data/ratis/0a96cf58-bca1-4dab-82c2-05a7ccd3e4f3/sm/snapshot.5_6
2019-09-16 15:22:28,420 [a760d5cd-1cb7-492f-9e65-096e49ec8100@group-05A7CCD3E4F3-StateMachineUpdater] INFO  ratis.ContainerStateMachine (ContainerStateMachine.java:takeSnapshot(300)) - group-05A7CCD3E4F3: Finished taking a snapshot at:(t:5, i:6) file:/workdir/hadoop-ozone/integration-test/target/test-dir/MiniOzoneClusterImpl-76fa9ddc-256d-4f33-8a89-44c31ad7a3c7/datanode-3/data/ratis/0a96cf58-bca1-4dab-82c2-05a7ccd3e4f3/sm/snapshot.5_6 time:41
2019-09-16 15:22:28,420 [a760d5cd-1cb7-492f-9e65-096e49ec8100@group-05A7CCD3E4F3-StateMachineUpdater] INFO  impl.StateMachineUpdater (StateMachineUpdater.java:takeSnapshot(258)) - a760d5cd-1cb7-492f-9e65-096e49ec8100@group-05A7CCD3E4F3-StateMachineUpdater: Took a snapshot at index 6
2019-09-16 15:22:28,420 [a760d5cd-1cb7-492f-9e65-096e49ec8100@group-05A7CCD3E4F3-StateMachineUpdater] INFO  impl.StateMachineUpdater (StateMachineUpdater.java:lambda$new$0(83)) - a760d5cd-1cb7-492f-9e65-096e49ec8100@group-05A7CCD3E4F3-StateMachineUpdater: snapshotIndex: updateIncreasingly -1 -> 6
2019-09-16 15:22:28,421 [main] INFO  impl.RaftServerImpl (ServerState.java:close(385)) - a760d5cd-1cb7-492f-9e65-096e49ec8100@group-05A7CCD3E4F3: closes. applyIndex: 6
2019-09-16 15:22:28,422 [a760d5cd-1cb7-492f-9e65-096e49ec8100@group-05A7CCD3E4F3-SegmentedRaftLogWorker] INFO  segmented.SegmentedRaftLogWorker (SegmentedRaftLogWorker.java:run(313)) - a760d5cd-1cb7-492f-9e65-096e49ec8100@group-05A7CCD3E4F3-SegmentedRaftLogWorker was interrupted, exiting. There are 0 tasks remaining in the queue.
2019-09-16 15:22:28,423 [main] INFO  segmented.SegmentedRaftLogWorker (SegmentedRaftLogWorker.java:close(228)) - a760d5cd-1cb7-492f-9e65-096e49ec8100@group-05A7CCD3E4F3-SegmentedRaftLogWorker close()
2019-09-16 15:22:28,424 [main] INFO  server.GrpcService (GrpcService.java:closeImpl(164)) - a760d5cd-1cb7-492f-9e65-096e49ec8100: shutdown server with port 34118 now
2019-09-16 15:22:28,425 [main] INFO  server.GrpcService (GrpcService.java:closeImpl(172)) - a760d5cd-1cb7-492f-9e65-096e49ec8100: shutdown server with port 34118 successfully
2019-09-16 15:22:28,426 [refreshUsed-/workdir/hadoop-ozone/integration-test/target/test-dir/MiniOzoneClusterImpl-76fa9ddc-256d-4f33-8a89-44c31ad7a3c7/datanode-3/data/containers] WARN  fs.CachingGetSpaceUsed (CachingGetSpaceUsed.java:run(183)) - Thread Interrupted waiting to refresh disk information: sleep interrupted
2019-09-16 15:22:28,444 [main] INFO  utils.BackgroundService (BackgroundService.java:shutdown(148)) - Shutting down service BlockDeletingService
2019-09-16 15:22:28,446 [main] INFO  statemachine.DatanodeStateMachine (DatanodeStateMachine.java:stopDaemon(395)) - Ozone container server stopped.
2019-09-16 15:22:28,447 [main] INFO  handler.ContextHandler (ContextHandler.java:doStop(910)) - Stopped o.e.j.w.WebAppContext@427ae189{/,null,UNAVAILABLE}{/hddsDatanode}
2019-09-16 15:22:28,448 [main] INFO  server.AbstractConnector (AbstractConnector.java:doStop(318)) - Stopped ServerConnector@16a9eb2e{HTTP/1.1,[http/1.1]}{0.0.0.0:0}
2019-09-16 15:22:28,448 [main] INFO  handler.ContextHandler (ContextHandler.java:doStop(910)) - Stopped o.e.j.s.ServletContextHandler@5981f4a6{/static,jar:file:/home/user/.m2/repository/org/apache/hadoop/hadoop-hdds-container-service/0.5.0-SNAPSHOT/hadoop-hdds-container-service-0.5.0-SNAPSHOT.jar!/webapps/static,UNAVAILABLE}
2019-09-16 15:22:28,448 [main] INFO  handler.ContextHandler (ContextHandler.java:doStop(910)) - Stopped o.e.j.s.ServletContextHandler@54db056b{/logs,file:///workdir/hadoop-ozone/integration-test/target/log,UNAVAILABLE}
2019-09-16 15:22:28,449 [main] INFO  ozone.MiniOzoneClusterImpl (MiniOzoneClusterImpl.java:stop(339)) - Stopping the StorageContainerManager
2019-09-16 15:22:28,450 [main] INFO  server.StorageContainerManager (StorageContainerManager.java:stop(801)) - Stopping Replication Manager Service.
2019-09-16 15:22:28,450 [main] INFO  container.ReplicationManager (ReplicationManager.java:stop(203)) - Stopping Replication Monitor Thread.
2019-09-16 15:22:28,450 [main] INFO  server.StorageContainerManager (StorageContainerManager.java:stop(808)) - Stopping Lease Manager of the command watchers
2019-09-16 15:22:28,450 [main] INFO  server.StorageContainerManager (StorageContainerManager.java:stop(815)) - Stopping datanode service RPC server
2019-09-16 15:22:28,450 [main] INFO  server.SCMDatanodeProtocolServer (SCMDatanodeProtocolServer.java:stop(367)) - Stopping the RPC server for DataNodes
2019-09-16 15:22:28,450 [main] INFO  ipc.Server (Server.java:stop(3082)) - Stopping server on 39103
2019-09-16 15:22:28,451 [IPC Server listener on 39103] INFO  ipc.Server (Server.java:run(1185)) - Stopping IPC Server listener on 39103
2019-09-16 15:22:28,452 [IPC Server Responder] INFO  ipc.Server (Server.java:run(1319)) - Stopping IPC Server Responder
2019-09-16 15:22:28,493 [SCM Heartbeat Processing Thread - 0] WARN  node.NodeStateManager (NodeStateManager.java:scheduleNextHealthCheck(646)) - Current Thread is interrupted, shutting down HB processing thread for Node Manager.
2019-09-16 15:22:28,493 [main] INFO  server.StorageContainerManager (StorageContainerManager.java:stop(823)) - Stopping block service RPC server
2019-09-16 15:22:28,494 [main] INFO  server.SCMBlockProtocolServer (SCMBlockProtocolServer.java:stop(155)) - Stopping the RPC server for Block Protocol
2019-09-16 15:22:28,494 [main] INFO  ipc.Server (Server.java:stop(3082)) - Stopping server on 37422
2019-09-16 15:22:28,495 [IPC Server listener on 37422] INFO  ipc.Server (Server.java:run(1185)) - Stopping IPC Server listener on 37422
2019-09-16 15:22:28,495 [main] INFO  server.StorageContainerManager (StorageContainerManager.java:stop(830)) - Stopping the StorageContainerLocationProtocol RPC server
2019-09-16 15:22:28,495 [IPC Server Responder] INFO  ipc.Server (Server.java:run(1319)) - Stopping IPC Server Responder
2019-09-16 15:22:28,496 [main] INFO  server.SCMClientProtocolServer (SCMClientProtocolServer.java:stop(159)) - Stopping the RPC server for Client Protocol
2019-09-16 15:22:28,496 [main] INFO  ipc.Server (Server.java:stop(3082)) - Stopping server on 43834
2019-09-16 15:22:28,497 [IPC Server listener on 43834] INFO  ipc.Server (Server.java:run(1185)) - Stopping IPC Server listener on 43834
2019-09-16 15:22:28,497 [main] INFO  server.StorageContainerManager (StorageContainerManager.java:stop(837)) - Stopping Storage Container Manager HTTP server.
2019-09-16 15:22:28,497 [IPC Server Responder] INFO  ipc.Server (Server.java:run(1319)) - Stopping IPC Server Responder
2019-09-16 15:22:28,501 [main] INFO  handler.ContextHandler (ContextHandler.java:doStop(910)) - Stopped o.e.j.w.WebAppContext@4cc547a{/,null,UNAVAILABLE}{/scm}
2019-09-16 15:22:28,502 [main] INFO  server.AbstractConnector (AbstractConnector.java:doStop(318)) - Stopped ServerConnector@3574e198{HTTP/1.1,[http/1.1]}{0.0.0.0:0}
2019-09-16 15:22:28,503 [main] INFO  handler.ContextHandler (ContextHandler.java:doStop(910)) - Stopped o.e.j.s.ServletContextHandler@d3957fe{/static,file:///workdir/hadoop-ozone/integration-test/target/test-classes/webapps/static,UNAVAILABLE}
2019-09-16 15:22:28,503 [main] INFO  handler.ContextHandler (ContextHandler.java:doStop(910)) - Stopped o.e.j.s.ServletContextHandler@45815ffc{/logs,file:///workdir/hadoop-ozone/integration-test/target/log,UNAVAILABLE}
2019-09-16 15:22:28,504 [main] INFO  server.StorageContainerManager (StorageContainerManager.java:stop(848)) - Stopping Block Manager Service.
2019-09-16 15:22:28,504 [main] INFO  utils.BackgroundService (BackgroundService.java:shutdown(148)) - Shutting down service SCMBlockDeletingService
2019-09-16 15:22:28,504 [main] INFO  utils.BackgroundService (BackgroundService.java:shutdown(148)) - Shutting down service SCMBlockDeletingService
2019-09-16 15:22:28,505 [main] INFO  server.StorageContainerManager (StorageContainerManager.java:stop(870)) - Stopping SCM Event Queue.
2019-09-16 15:22:28,511 [main] INFO  impl.MetricsSystemImpl (MetricsSystemImpl.java:stop(210)) - Stopping XceiverClientMetrics metrics system...
2019-09-16 15:22:28,517 [prometheus] INFO  impl.MetricsSinkAdapter (MetricsSinkAdapter.java:publishMetricsFromQueue(141)) - prometheus thread interrupted.
2019-09-16 15:22:28,517 [main] INFO  impl.MetricsSystemImpl (MetricsSystemImpl.java:stop(216)) - XceiverClientMetrics metrics system stopped.
]]></system-out>
    <system-err><![CDATA[ERROR StatusLogger No Log4j 2 configuration file found. Using default configuration (logging only errors to the console), or user programmatically provided configurations. Set system property 'log4j2.debug' to show Log4j 2 internal initialization logging. See https://logging.apache.org/log4j/2.x/manual/configuration.html for instructions on how to configure Log4j 2
Sep 16, 2019 3:21:51 PM org.apache.ratis.thirdparty.io.grpc.internal.SerializingExecutor run
SEVERE: Exception while executing runnable org.apache.ratis.thirdparty.io.grpc.internal.ServerImpl$JumpToApplicationThreadServerStreamListener$1Closed@763ed631
org.apache.ratis.thirdparty.io.grpc.StatusRuntimeException: CANCELLED: call already cancelled
	at org.apache.ratis.thirdparty.io.grpc.Status.asRuntimeException(Status.java:517)
	at org.apache.ratis.thirdparty.io.grpc.stub.ServerCalls$ServerCallStreamObserverImpl.onCompleted(ServerCalls.java:356)
	at org.apache.ratis.grpc.server.GrpcServerProtocolService$ServerRequestStreamObserver.onError(GrpcServerProtocolService.java:121)
	at org.apache.ratis.thirdparty.io.grpc.stub.ServerCalls$StreamingServerCallHandler$StreamingServerCallListener.onCancel(ServerCalls.java:269)
	at org.apache.ratis.thirdparty.io.grpc.internal.ServerCallImpl$ServerStreamListenerImpl.closed(ServerCallImpl.java:293)
	at org.apache.ratis.thirdparty.io.grpc.internal.ServerImpl$JumpToApplicationThreadServerStreamListener$1Closed.runInContext(ServerImpl.java:741)
	at org.apache.ratis.thirdparty.io.grpc.internal.ContextRunnable.run(ContextRunnable.java:37)
	at org.apache.ratis.thirdparty.io.grpc.internal.SerializingExecutor.run(SerializingExecutor.java:123)
	at java.util.concurrent.ThreadPoolExecutor.runWorker(ThreadPoolExecutor.java:1149)
	at java.util.concurrent.ThreadPoolExecutor$Worker.run(ThreadPoolExecutor.java:624)
	at java.lang.Thread.run(Thread.java:748)

Sep 16, 2019 3:22:23 PM org.apache.ratis.thirdparty.io.grpc.internal.SerializingExecutor run
SEVERE: Exception while executing runnable org.apache.ratis.thirdparty.io.grpc.internal.ServerImpl$JumpToApplicationThreadServerStreamListener$1Closed@1def5a0a
org.apache.ratis.thirdparty.io.grpc.StatusRuntimeException: CANCELLED: call already cancelled
	at org.apache.ratis.thirdparty.io.grpc.Status.asRuntimeException(Status.java:517)
	at org.apache.ratis.thirdparty.io.grpc.stub.ServerCalls$ServerCallStreamObserverImpl.onCompleted(ServerCalls.java:356)
	at org.apache.ratis.grpc.server.GrpcServerProtocolService$ServerRequestStreamObserver.onError(GrpcServerProtocolService.java:121)
	at org.apache.ratis.thirdparty.io.grpc.stub.ServerCalls$StreamingServerCallHandler$StreamingServerCallListener.onCancel(ServerCalls.java:269)
	at org.apache.ratis.thirdparty.io.grpc.internal.ServerCallImpl$ServerStreamListenerImpl.closed(ServerCallImpl.java:293)
	at org.apache.ratis.thirdparty.io.grpc.internal.ServerImpl$JumpToApplicationThreadServerStreamListener$1Closed.runInContext(ServerImpl.java:741)
	at org.apache.ratis.thirdparty.io.grpc.internal.ContextRunnable.run(ContextRunnable.java:37)
	at org.apache.ratis.thirdparty.io.grpc.internal.SerializingExecutor.run(SerializingExecutor.java:123)
	at java.util.concurrent.ThreadPoolExecutor.runWorker(ThreadPoolExecutor.java:1149)
	at java.util.concurrent.ThreadPoolExecutor$Worker.run(ThreadPoolExecutor.java:624)
	at java.lang.Thread.run(Thread.java:748)

]]></system-err>
  </testcase>
</testsuite>