<?xml version="1.0" encoding="UTF-8"?>
<testsuite xmlns:xsi="http://www.w3.org/2001/XMLSchema-instance" xsi:noNamespaceSchemaLocation="https://maven.apache.org/surefire/maven-surefire-plugin/xsd/surefire-test-report.xsd" name="org.apache.hadoop.hdds.scm.pipeline.TestRatisPipelineCreateAndDestory" time="71.398" tests="2" errors="1" skipped="0" failures="0">
  <properties>
    <property name="awt.toolkit" value="sun.awt.X11.XToolkit"/>
    <property name="file.encoding.pkg" value="sun.io"/>
    <property name="java.specification.version" value="1.8"/>
    <property name="sun.cpu.isalist" value=""/>
    <property name="sun.jnu.encoding" value="UTF-8"/>
    <property name="java.class.path" value="/workdir/hadoop-ozone/integration-test/target/test-classes:/workdir/hadoop-ozone/integration-test/target/classes:/home/user/.m2/repository/org/apache/hadoop/hadoop-ozone-common/0.5.0-SNAPSHOT/hadoop-ozone-common-0.5.0-SNAPSHOT.jar:/home/user/.m2/repository/org/apache/commons/commons-compress/1.4.1/commons-compress-1.4.1.jar:/home/user/.m2/repository/org/tukaani/xz/1.0/xz-1.0.jar:/home/user/.m2/repository/org/apache/hadoop/hadoop-common/3.2.0/hadoop-common-3.2.0.jar:/home/user/.m2/repository/org/apache/hadoop/hadoop-hdfs/3.2.0/hadoop-hdfs-3.2.0.jar:/home/user/.m2/repository/org/apache/hadoop/hadoop-hdfs-client/3.2.0/hadoop-hdfs-client-3.2.0.jar:/home/user/.m2/repository/com/fasterxml/jackson/core/jackson-annotations/2.9.5/jackson-annotations-2.9.5.jar:/home/user/.m2/repository/org/apache/hadoop/hadoop-hdds-common/0.5.0-SNAPSHOT/hadoop-hdds-common-0.5.0-SNAPSHOT.jar:/home/user/.m2/repository/javax/annotation/javax.annotation-api/1.2/javax.annotation-api-1.2.jar:/home/user/.m2/repository/org/apache/ratis/ratis-server/0.4.0-2337318-SNAPSHOT/ratis-server-0.4.0-2337318-SNAPSHOT.jar:/home/user/.m2/repository/org/apache/ratis/ratis-thirdparty-misc/0.2.0/ratis-thirdparty-misc-0.2.0.jar:/home/user/.m2/repository/org/apache/ratis/ratis-proto/0.4.0-2337318-SNAPSHOT/ratis-proto-0.4.0-2337318-SNAPSHOT.jar:/home/user/.m2/repository/org/apache/ratis/ratis-common/0.4.0-2337318-SNAPSHOT/ratis-common-0.4.0-2337318-SNAPSHOT.jar:/home/user/.m2/repository/org/apache/ratis/ratis-client/0.4.0-2337318-SNAPSHOT/ratis-client-0.4.0-2337318-SNAPSHOT.jar:/home/user/.m2/repository/org/apache/ratis/ratis-metrics/0.4.0-2337318-SNAPSHOT/ratis-metrics-0.4.0-2337318-SNAPSHOT.jar:/home/user/.m2/repository/org/apache/ratis/ratis-netty/0.4.0-2337318-SNAPSHOT/ratis-netty-0.4.0-2337318-SNAPSHOT.jar:/home/user/.m2/repository/org/apache/ratis/ratis-grpc/0.4.0-2337318-SNAPSHOT/ratis-grpc-0.4.0-2337318-SNAPSHOT.jar:/home/user/.m2/repository/org/rocksdb/rocksdbjni/6.0.1/rocksdbjni-6.0.1.jar:/home/user/.m2/repository/org/apache/logging/log4j/log4j-api/2.11.0/log4j-api-2.11.0.jar:/home/user/.m2/repository/org/apache/logging/log4j/log4j-core/2.11.0/log4j-core-2.11.0.jar:/home/user/.m2/repository/com/lmax/disruptor/3.4.2/disruptor-3.4.2.jar:/home/user/.m2/repository/org/apache/commons/commons-pool2/2.6.0/commons-pool2-2.6.0.jar:/home/user/.m2/repository/org/bouncycastle/bcpkix-jdk15on/1.60/bcpkix-jdk15on-1.60.jar:/home/user/.m2/repository/commons-validator/commons-validator/1.6/commons-validator-1.6.jar:/home/user/.m2/repository/commons-digester/commons-digester/1.8.1/commons-digester-1.8.1.jar:/home/user/.m2/repository/io/jaegertracing/jaeger-client/0.33.1/jaeger-client-0.33.1.jar:/home/user/.m2/repository/io/jaegertracing/jaeger-thrift/0.33.1/jaeger-thrift-0.33.1.jar:/home/user/.m2/repository/org/apache/thrift/libthrift/0.11.0/libthrift-0.11.0.jar:/home/user/.m2/repository/com/squareup/okhttp3/okhttp/3.9.0/okhttp-3.9.0.jar:/home/user/.m2/repository/com/squareup/okio/okio/1.13.0/okio-1.13.0.jar:/home/user/.m2/repository/io/jaegertracing/jaeger-core/0.33.1/jaeger-core-0.33.1.jar:/home/user/.m2/repository/io/jaegertracing/jaeger-tracerresolver/0.33.1/jaeger-tracerresolver-0.33.1.jar:/home/user/.m2/repository/io/opentracing/contrib/opentracing-tracerresolver/0.1.5/opentracing-tracerresolver-0.1.5.jar:/home/user/.m2/repository/io/opentracing/opentracing-util/0.31.0/opentracing-util-0.31.0.jar:/home/user/.m2/repository/io/opentracing/opentracing-api/0.31.0/opentracing-api-0.31.0.jar:/home/user/.m2/repository/io/opentracing/opentracing-noop/0.31.0/opentracing-noop-0.31.0.jar:/home/user/.m2/repository/org/apache/hadoop/hadoop-hdds-server-framework/0.5.0-SNAPSHOT/hadoop-hdds-server-framework-0.5.0-SNAPSHOT.jar:/home/user/.m2/repository/org/apache/hadoop/hadoop-hdds-container-service/0.5.0-SNAPSHOT/hadoop-hdds-container-service-0.5.0-SNAPSHOT.jar:/home/user/.m2/repository/org/apache/hadoop/hadoop-hdds-client/0.5.0-SNAPSHOT/hadoop-hdds-client-0.5.0-SNAPSHOT.jar:/home/user/.m2/repository/org/apache/hadoop/hadoop-hdds-tools/0.5.0-SNAPSHOT/hadoop-hdds-tools-0.5.0-SNAPSHOT.jar:/home/user/.m2/repository/org/apache/hadoop/hadoop-hdds-server-scm/0.5.0-SNAPSHOT/hadoop-hdds-server-scm-0.5.0-SNAPSHOT.jar:/home/user/.m2/repository/org/apache/hadoop/hadoop-hdds-docs/0.5.0-SNAPSHOT/hadoop-hdds-docs-0.5.0-SNAPSHOT.jar:/home/user/.m2/repository/io/dropwizard/metrics/metrics-core/3.2.4/metrics-core-3.2.4.jar:/home/user/.m2/repository/org/hamcrest/hamcrest-all/1.3/hamcrest-all-1.3.jar:/home/user/.m2/repository/org/bouncycastle/bcprov-jdk15on/1.60/bcprov-jdk15on-1.60.jar:/home/user/.m2/repository/info/picocli/picocli/3.9.6/picocli-3.9.6.jar:/home/user/.m2/repository/com/google/protobuf/protobuf-java/2.5.0/protobuf-java-2.5.0.jar:/home/user/.m2/repository/com/google/guava/guava/11.0.2/guava-11.0.2.jar:/home/user/.m2/repository/org/apache/hadoop/hadoop-ozone-ozone-manager/0.5.0-SNAPSHOT/hadoop-ozone-ozone-manager-0.5.0-SNAPSHOT.jar:/home/user/.m2/repository/org/apache/hadoop/hadoop-minikdc/3.2.0/hadoop-minikdc-3.2.0.jar:/home/user/.m2/repository/commons-io/commons-io/2.5/commons-io-2.5.jar:/home/user/.m2/repository/org/apache/kerby/kerb-simplekdc/1.0.1/kerb-simplekdc-1.0.1.jar:/home/user/.m2/repository/org/apache/kerby/kerb-client/1.0.1/kerb-client-1.0.1.jar:/home/user/.m2/repository/org/apache/kerby/kerby-config/1.0.1/kerby-config-1.0.1.jar:/home/user/.m2/repository/org/apache/kerby/kerb-core/1.0.1/kerb-core-1.0.1.jar:/home/user/.m2/repository/org/apache/kerby/kerby-pkix/1.0.1/kerby-pkix-1.0.1.jar:/home/user/.m2/repository/org/apache/kerby/kerby-asn1/1.0.1/kerby-asn1-1.0.1.jar:/home/user/.m2/repository/org/apache/kerby/kerby-util/1.0.1/kerby-util-1.0.1.jar:/home/user/.m2/repository/org/apache/kerby/kerb-common/1.0.1/kerb-common-1.0.1.jar:/home/user/.m2/repository/org/apache/kerby/kerb-crypto/1.0.1/kerb-crypto-1.0.1.jar:/home/user/.m2/repository/org/apache/kerby/kerb-util/1.0.1/kerb-util-1.0.1.jar:/home/user/.m2/repository/org/apache/kerby/token-provider/1.0.1/token-provider-1.0.1.jar:/home/user/.m2/repository/org/apache/kerby/kerb-admin/1.0.1/kerb-admin-1.0.1.jar:/home/user/.m2/repository/org/apache/kerby/kerb-server/1.0.1/kerb-server-1.0.1.jar:/home/user/.m2/repository/org/apache/kerby/kerb-identity/1.0.1/kerb-identity-1.0.1.jar:/home/user/.m2/repository/org/apache/kerby/kerby-xdr/1.0.1/kerby-xdr-1.0.1.jar:/home/user/.m2/repository/org/slf4j/slf4j-log4j12/1.7.25/slf4j-log4j12-1.7.25.jar:/home/user/.m2/repository/org/apache/hadoop/hadoop-ozone-objectstore-service/0.5.0-SNAPSHOT/hadoop-ozone-objectstore-service-0.5.0-SNAPSHOT.jar:/home/user/.m2/repository/org/apache/hadoop/hadoop-ozone-s3gateway/0.5.0-SNAPSHOT/hadoop-ozone-s3gateway-0.5.0-SNAPSHOT.jar:/home/user/.m2/repository/org/jboss/weld/servlet/weld-servlet/2.4.7.Final/weld-servlet-2.4.7.Final.jar:/home/user/.m2/repository/org/glassfish/jersey/containers/jersey-container-servlet-core/2.27/jersey-container-servlet-core-2.27.jar:/home/user/.m2/repository/org/glassfish/hk2/external/javax.inject/2.5.0-b42/javax.inject-2.5.0-b42.jar:/home/user/.m2/repository/org/glassfish/jersey/core/jersey-common/2.27/jersey-common-2.27.jar:/home/user/.m2/repository/org/glassfish/hk2/osgi-resource-locator/1.0.1/osgi-resource-locator-1.0.1.jar:/home/user/.m2/repository/javax/ws/rs/javax.ws.rs-api/2.1/javax.ws.rs-api-2.1.jar:/home/user/.m2/repository/org/glassfish/jersey/ext/cdi/jersey-cdi1x/2.27/jersey-cdi1x-2.27.jar:/home/user/.m2/repository/org/glassfish/jersey/inject/jersey-hk2/2.27/jersey-hk2-2.27.jar:/home/user/.m2/repository/org/glassfish/hk2/hk2-locator/2.5.0-b42/hk2-locator-2.5.0-b42.jar:/home/user/.m2/repository/org/javassist/javassist/3.22.0-CR2/javassist-3.22.0-CR2.jar:/home/user/.m2/repository/org/glassfish/hk2/hk2-api/2.5.0/hk2-api-2.5.0.jar:/home/user/.m2/repository/org/glassfish/hk2/external/jakarta.inject/2.5.0/jakarta.inject-2.5.0.jar:/home/user/.m2/repository/org/glassfish/hk2/hk2-utils/2.5.0/hk2-utils-2.5.0.jar:/home/user/.m2/repository/jakarta/annotation/jakarta.annotation-api/1.3.4/jakarta.annotation-api-1.3.4.jar:/home/user/.m2/repository/org/glassfish/hk2/external/aopalliance-repackaged/2.5.0/aopalliance-repackaged-2.5.0.jar:/home/user/.m2/repository/com/fasterxml/jackson/dataformat/jackson-dataformat-xml/2.9.0/jackson-dataformat-xml-2.9.0.jar:/home/user/.m2/repository/com/fasterxml/jackson/core/jackson-core/2.9.5/jackson-core-2.9.5.jar:/home/user/.m2/repository/com/fasterxml/jackson/module/jackson-module-jaxb-annotations/2.9.5/jackson-module-jaxb-annotations-2.9.5.jar:/home/user/.m2/repository/javax/enterprise/cdi-api/1.2/cdi-api-1.2.jar:/home/user/.m2/repository/javax/el/javax.el-api/3.0.0/javax.el-api-3.0.0.jar:/home/user/.m2/repository/javax/interceptor/javax.interceptor-api/1.2/javax.interceptor-api-1.2.jar:/home/user/.m2/repository/javax/inject/javax.inject/1/javax.inject-1.jar:/home/user/.m2/repository/com/sun/xml/bind/jaxb-impl/2.3.0.1/jaxb-impl-2.3.0.1.jar:/home/user/.m2/repository/com/sun/xml/bind/jaxb-core/2.3.0.1/jaxb-core-2.3.0.1.jar:/home/user/.m2/repository/javax/xml/bind/jaxb-api/2.3.0/jaxb-api-2.3.0.jar:/home/user/.m2/repository/javax/activation/activation/1.1.1/activation-1.1.1.jar:/home/user/.m2/repository/org/apache/hadoop/hadoop-ozone-csi/0.5.0-SNAPSHOT/hadoop-ozone-csi-0.5.0-SNAPSHOT.jar:/home/user/.m2/repository/com/google/protobuf/protobuf-java-util/3.5.1/protobuf-java-util-3.5.1.jar:/home/user/.m2/repository/org/apache/hadoop/hadoop-hdds-config/0.5.0-SNAPSHOT/hadoop-hdds-config-0.5.0-SNAPSHOT.jar:/home/user/.m2/repository/io/grpc/grpc-netty/1.17.1/grpc-netty-1.17.1.jar:/home/user/.m2/repository/io/grpc/grpc-core/1.17.1/grpc-core-1.17.1.jar:/home/user/.m2/repository/io/grpc/grpc-context/1.17.1/grpc-context-1.17.1.jar:/home/user/.m2/repository/com/google/errorprone/error_prone_annotations/2.2.0/error_prone_annotations-2.2.0.jar:/home/user/.m2/repository/org/codehaus/mojo/animal-sniffer-annotations/1.17/animal-sniffer-annotations-1.17.jar:/home/user/.m2/repository/io/opencensus/opencensus-api/0.17.0/opencensus-api-0.17.0.jar:/home/user/.m2/repository/io/opencensus/opencensus-contrib-grpc-metrics/0.17.0/opencensus-contrib-grpc-metrics-0.17.0.jar:/home/user/.m2/repository/io/netty/netty-codec-http2/4.1.30.Final/netty-codec-http2-4.1.30.Final.jar:/home/user/.m2/repository/io/netty/netty-codec-http/4.1.30.Final/netty-codec-http-4.1.30.Final.jar:/home/user/.m2/repository/io/netty/netty-codec/4.1.30.Final/netty-codec-4.1.30.Final.jar:/home/user/.m2/repository/io/netty/netty-handler/4.1.30.Final/netty-handler-4.1.30.Final.jar:/home/user/.m2/repository/io/netty/netty-handler-proxy/4.1.30.Final/netty-handler-proxy-4.1.30.Final.jar:/home/user/.m2/repository/io/netty/netty-codec-socks/4.1.30.Final/netty-codec-socks-4.1.30.Final.jar:/home/user/.m2/repository/io/netty/netty-transport-native-epoll/4.1.30.Final/netty-transport-native-epoll-4.1.30.Final.jar:/home/user/.m2/repository/io/netty/netty-common/4.1.30.Final/netty-common-4.1.30.Final.jar:/home/user/.m2/repository/io/netty/netty-buffer/4.1.30.Final/netty-buffer-4.1.30.Final.jar:/home/user/.m2/repository/io/netty/netty-transport/4.1.30.Final/netty-transport-4.1.30.Final.jar:/home/user/.m2/repository/io/netty/netty-resolver/4.1.30.Final/netty-resolver-4.1.30.Final.jar:/home/user/.m2/repository/io/netty/netty-transport-native-unix-common/4.1.30.Final/netty-transport-native-unix-common-4.1.30.Final.jar:/home/user/.m2/repository/io/grpc/grpc-protobuf/1.17.1/grpc-protobuf-1.17.1.jar:/home/user/.m2/repository/com/google/api/grpc/proto-google-common-protos/1.0.0/proto-google-common-protos-1.0.0.jar:/home/user/.m2/repository/io/grpc/grpc-protobuf-lite/1.17.1/grpc-protobuf-lite-1.17.1.jar:/home/user/.m2/repository/io/grpc/grpc-stub/1.17.1/grpc-stub-1.17.1.jar:/home/user/.m2/repository/org/apache/hadoop/hadoop-ozone-recon/0.5.0-SNAPSHOT/hadoop-ozone-recon-0.5.0-SNAPSHOT.jar:/home/user/.m2/repository/org/apache/hadoop/hadoop-ozone-reconcodegen/0.5.0-SNAPSHOT/hadoop-ozone-reconcodegen-0.5.0-SNAPSHOT.jar:/home/user/.m2/repository/com/google/inject/extensions/guice-multibindings/4.0/guice-multibindings-4.0.jar:/home/user/.m2/repository/com/google/inject/guice/4.0/guice-4.0.jar:/home/user/.m2/repository/aopalliance/aopalliance/1.0/aopalliance-1.0.jar:/home/user/.m2/repository/com/google/inject/extensions/guice-servlet/4.0/guice-servlet-4.0.jar:/home/user/.m2/repository/org/glassfish/jersey/containers/jersey-container-servlet/2.27/jersey-container-servlet-2.27.jar:/home/user/.m2/repository/org/glassfish/hk2/guice-bridge/2.5.0/guice-bridge-2.5.0.jar:/home/user/.m2/repository/org/glassfish/jersey/core/jersey-server/2.27/jersey-server-2.27.jar:/home/user/.m2/repository/org/glassfish/jersey/core/jersey-client/2.27/jersey-client-2.27.jar:/home/user/.m2/repository/org/glassfish/jersey/media/jersey-media-jaxb/2.27/jersey-media-jaxb-2.27.jar:/home/user/.m2/repository/javax/validation/validation-api/1.1.0.Final/validation-api-1.1.0.Final.jar:/home/user/.m2/repository/org/glassfish/jersey/media/jersey-media-json-jackson/2.27/jersey-media-json-jackson-2.27.jar:/home/user/.m2/repository/org/glassfish/jersey/ext/jersey-entity-filtering/2.27/jersey-entity-filtering-2.27.jar:/home/user/.m2/repository/com/google/inject/extensions/guice-assistedinject/4.0/guice-assistedinject-4.0.jar:/home/user/.m2/repository/org/jooq/jooq/3.11.10/jooq-3.11.10.jar:/home/user/.m2/repository/org/jooq/jooq-meta/3.11.10/jooq-meta-3.11.10.jar:/home/user/.m2/repository/org/jooq/jooq-codegen/3.11.10/jooq-codegen-3.11.10.jar:/home/user/.m2/repository/com/jolbox/bonecp/0.8.0.RELEASE/bonecp-0.8.0.RELEASE.jar:/home/user/.m2/repository/org/xerial/sqlite-jdbc/3.25.2/sqlite-jdbc-3.25.2.jar:/home/user/.m2/repository/org/springframework/spring-jdbc/5.1.3.RELEASE/spring-jdbc-5.1.3.RELEASE.jar:/home/user/.m2/repository/org/springframework/spring-beans/5.1.3.RELEASE/spring-beans-5.1.3.RELEASE.jar:/home/user/.m2/repository/org/springframework/spring-core/5.1.3.RELEASE/spring-core-5.1.3.RELEASE.jar:/home/user/.m2/repository/org/springframework/spring-jcl/5.1.3.RELEASE/spring-jcl-5.1.3.RELEASE.jar:/home/user/.m2/repository/org/springframework/spring-tx/5.1.3.RELEASE/spring-tx-5.1.3.RELEASE.jar:/home/user/.m2/repository/org/apache/hadoop/hadoop-ozone-client/0.5.0-SNAPSHOT/hadoop-ozone-client-0.5.0-SNAPSHOT.jar:/home/user/.m2/repository/commons-lang/commons-lang/2.6/commons-lang-2.6.jar:/home/user/.m2/repository/org/apache/hadoop/hadoop-ozone-ozone-manager/0.5.0-SNAPSHOT/hadoop-ozone-ozone-manager-0.5.0-SNAPSHOT-tests.jar:/home/user/.m2/repository/junit/junit/4.11/junit-4.11.jar:/home/user/.m2/repository/org/hamcrest/hamcrest-core/1.3/hamcrest-core-1.3.jar:/home/user/.m2/repository/org/openjdk/jmh/jmh-core/1.19/jmh-core-1.19.jar:/home/user/.m2/repository/net/sf/jopt-simple/jopt-simple/4.6/jopt-simple-4.6.jar:/home/user/.m2/repository/org/apache/commons/commons-math3/3.1.1/commons-math3-3.1.1.jar:/home/user/.m2/repository/org/openjdk/jmh/jmh-generator-annprocess/1.19/jmh-generator-annprocess-1.19.jar:/home/user/.m2/repository/org/mockito/mockito-all/1.8.5/mockito-all-1.8.5.jar:/home/user/.m2/repository/org/apache/hadoop/hadoop-kms/3.2.0/hadoop-kms-3.2.0.jar:/home/user/.m2/repository/org/apache/hadoop/hadoop-auth/3.2.0/hadoop-auth-3.2.0.jar:/home/user/.m2/repository/com/nimbusds/nimbus-jose-jwt/4.41.1/nimbus-jose-jwt-4.41.1.jar:/home/user/.m2/repository/com/github/stephenc/jcip/jcip-annotations/1.0-1/jcip-annotations-1.0-1.jar:/home/user/.m2/repository/net/minidev/json-smart/2.3/json-smart-2.3.jar:/home/user/.m2/repository/net/minidev/accessors-smart/1.2/accessors-smart-1.2.jar:/home/user/.m2/repository/org/ow2/asm/asm/5.0.4/asm-5.0.4.jar:/home/user/.m2/repository/org/apache/curator/curator-framework/2.12.0/curator-framework-2.12.0.jar:/home/user/.m2/repository/com/sun/jersey/jersey-core/1.19/jersey-core-1.19.jar:/home/user/.m2/repository/javax/ws/rs/jsr311-api/1.1.1/jsr311-api-1.1.1.jar:/home/user/.m2/repository/com/sun/jersey/jersey-server/1.19/jersey-server-1.19.jar:/home/user/.m2/repository/javax/servlet/javax.servlet-api/3.1.0/javax.servlet-api-3.1.0.jar:/home/user/.m2/repository/org/eclipse/jetty/jetty-server/9.3.24.v20180605/jetty-server-9.3.24.v20180605.jar:/home/user/.m2/repository/org/eclipse/jetty/jetty-http/9.3.24.v20180605/jetty-http-9.3.24.v20180605.jar:/home/user/.m2/repository/org/eclipse/jetty/jetty-io/9.3.24.v20180605/jetty-io-9.3.24.v20180605.jar:/home/user/.m2/repository/org/eclipse/jetty/jetty-webapp/9.3.24.v20180605/jetty-webapp-9.3.24.v20180605.jar:/home/user/.m2/repository/org/eclipse/jetty/jetty-xml/9.3.24.v20180605/jetty-xml-9.3.24.v20180605.jar:/home/user/.m2/repository/log4j/log4j/1.2.17/log4j-1.2.17.jar:/home/user/.m2/repository/org/slf4j/slf4j-api/1.7.25/slf4j-api-1.7.25.jar:/home/user/.m2/repository/org/slf4j/jul-to-slf4j/1.7.25/jul-to-slf4j-1.7.25.jar:/home/user/.m2/repository/org/eclipse/jetty/jetty-util/9.3.24.v20180605/jetty-util-9.3.24.v20180605.jar:/home/user/.m2/repository/com/fasterxml/jackson/core/jackson-databind/2.9.5/jackson-databind-2.9.5.jar:/home/user/.m2/repository/org/apache/hadoop/hadoop-kms/3.2.0/hadoop-kms-3.2.0-tests.jar:/home/user/.m2/repository/org/apache/hadoop/hadoop-hdds-server-scm/0.5.0-SNAPSHOT/hadoop-hdds-server-scm-0.5.0-SNAPSHOT-tests.jar:/home/user/.m2/repository/org/apache/hadoop/hadoop-hdds-container-service/0.5.0-SNAPSHOT/hadoop-hdds-container-service-0.5.0-SNAPSHOT-tests.jar:/home/user/.m2/repository/org/yaml/snakeyaml/1.16/snakeyaml-1.16.jar:/home/user/.m2/repository/org/apache/hadoop/hadoop-common/3.2.0/hadoop-common-3.2.0-tests.jar:/home/user/.m2/repository/org/apache/hadoop/hadoop-annotations/3.2.0/hadoop-annotations-3.2.0.jar:/usr/lib/jvm/java-1.8-openjdk/jre/../lib/tools.jar:/home/user/.m2/repository/commons-cli/commons-cli/1.2/commons-cli-1.2.jar:/home/user/.m2/repository/org/apache/httpcomponents/httpclient/4.5.2/httpclient-4.5.2.jar:/home/user/.m2/repository/org/apache/httpcomponents/httpcore/4.4.4/httpcore-4.4.4.jar:/home/user/.m2/repository/commons-codec/commons-codec/1.11/commons-codec-1.11.jar:/home/user/.m2/repository/commons-net/commons-net/3.6/commons-net-3.6.jar:/home/user/.m2/repository/commons-collections/commons-collections/3.2.2/commons-collections-3.2.2.jar:/home/user/.m2/repository/org/eclipse/jetty/jetty-servlet/9.3.24.v20180605/jetty-servlet-9.3.24.v20180605.jar:/home/user/.m2/repository/org/eclipse/jetty/jetty-security/9.3.24.v20180605/jetty-security-9.3.24.v20180605.jar:/home/user/.m2/repository/javax/servlet/jsp/jsp-api/2.1/jsp-api-2.1.jar:/home/user/.m2/repository/com/sun/jersey/jersey-servlet/1.19/jersey-servlet-1.19.jar:/home/user/.m2/repository/com/sun/jersey/jersey-json/1.19/jersey-json-1.19.jar:/home/user/.m2/repository/org/codehaus/jettison/jettison/1.1/jettison-1.1.jar:/home/user/.m2/repository/org/codehaus/jackson/jackson-core-asl/1.9.13/jackson-core-asl-1.9.13.jar:/home/user/.m2/repository/org/codehaus/jackson/jackson-mapper-asl/1.9.13/jackson-mapper-asl-1.9.13.jar:/home/user/.m2/repository/org/codehaus/jackson/jackson-jaxrs/1.9.13/jackson-jaxrs-1.9.13.jar:/home/user/.m2/repository/org/codehaus/jackson/jackson-xc/1.9.13/jackson-xc-1.9.13.jar:/home/user/.m2/repository/commons-logging/commons-logging/1.1.3/commons-logging-1.1.3.jar:/home/user/.m2/repository/commons-beanutils/commons-beanutils/1.9.3/commons-beanutils-1.9.3.jar:/home/user/.m2/repository/org/apache/commons/commons-configuration2/2.1.1/commons-configuration2-2.1.1.jar:/home/user/.m2/repository/org/apache/commons/commons-lang3/3.7/commons-lang3-3.7.jar:/home/user/.m2/repository/org/apache/commons/commons-text/1.4/commons-text-1.4.jar:/home/user/.m2/repository/org/apache/avro/avro/1.7.7/avro-1.7.7.jar:/home/user/.m2/repository/com/thoughtworks/paranamer/paranamer/2.3/paranamer-2.3.jar:/home/user/.m2/repository/org/xerial/snappy/snappy-java/1.0.5/snappy-java-1.0.5.jar:/home/user/.m2/repository/com/google/re2j/re2j/1.1/re2j-1.1.jar:/home/user/.m2/repository/com/google/code/gson/gson/2.2.4/gson-2.2.4.jar:/home/user/.m2/repository/com/jcraft/jsch/0.1.54/jsch-0.1.54.jar:/home/user/.m2/repository/org/apache/curator/curator-client/2.12.0/curator-client-2.12.0.jar:/home/user/.m2/repository/org/apache/curator/curator-recipes/2.12.0/curator-recipes-2.12.0.jar:/home/user/.m2/repository/com/google/code/findbugs/jsr305/3.0.0/jsr305-3.0.0.jar:/home/user/.m2/repository/org/apache/htrace/htrace-core4/4.1.0-incubating/htrace-core4-4.1.0-incubating.jar:/home/user/.m2/repository/org/apache/zookeeper/zookeeper/3.4.13/zookeeper-3.4.13.jar:/home/user/.m2/repository/org/apache/yetus/audience-annotations/0.5.0/audience-annotations-0.5.0.jar:/home/user/.m2/repository/org/codehaus/woodstox/stax2-api/3.1.4/stax2-api-3.1.4.jar:/home/user/.m2/repository/com/fasterxml/woodstox/woodstox-core/5.0.3/woodstox-core-5.0.3.jar:/home/user/.m2/repository/dnsjava/dnsjava/2.1.7/dnsjava-2.1.7.jar:/home/user/.m2/repository/org/apache/hadoop/hadoop-hdfs/3.2.0/hadoop-hdfs-3.2.0-tests.jar:/home/user/.m2/repository/org/eclipse/jetty/jetty-util-ajax/9.3.24.v20180605/jetty-util-ajax-9.3.24.v20180605.jar:/home/user/.m2/repository/commons-daemon/commons-daemon/1.0.13/commons-daemon-1.0.13.jar:/home/user/.m2/repository/io/netty/netty/3.10.5.Final/netty-3.10.5.Final.jar:/home/user/.m2/repository/io/netty/netty-all/4.0.52.Final/netty-all-4.0.52.Final.jar:/home/user/.m2/repository/org/fusesource/leveldbjni/leveldbjni-all/1.8/leveldbjni-all-1.8.jar:"/>
    <property name="java.vm.vendor" value="IcedTea"/>
    <property name="sun.arch.data.model" value="64"/>
    <property name="test.build.dir" value="/workdir/hadoop-ozone/integration-test/target/test-dir"/>
    <property name="test.cache.data" value=""/>
    <property name="java.vendor.url" value="https://icedtea.classpath.org"/>
    <property name="user.timezone" value=""/>
    <property name="java.vm.specification.version" value="1.8"/>
    <property name="os.name" value="Linux"/>
    <property name="test.build.data" value="/workdir/hadoop-ozone/integration-test/target/test-dir"/>
    <property name="user.country" value="US"/>
    <property name="sun.java.launcher" value="SUN_STANDARD"/>
    <property name="sun.boot.library.path" value="/usr/lib/jvm/java-1.8-openjdk/jre/lib/amd64"/>
    <property name="sun.java.command" value="/workdir/hadoop-ozone/integration-test/target/surefire/surefirebooter4769725487816627227.jar /workdir/hadoop-ozone/integration-test/target/surefire 2019-08-20T14-20-22_625-jvmRun1 surefire5145099559293906093tmp surefire_44605984487293971481tmp"/>
    <property name="surefire.test.class.path" value="/workdir/hadoop-ozone/integration-test/target/test-classes:/workdir/hadoop-ozone/integration-test/target/classes:/home/user/.m2/repository/org/apache/hadoop/hadoop-ozone-common/0.5.0-SNAPSHOT/hadoop-ozone-common-0.5.0-SNAPSHOT.jar:/home/user/.m2/repository/org/apache/commons/commons-compress/1.4.1/commons-compress-1.4.1.jar:/home/user/.m2/repository/org/tukaani/xz/1.0/xz-1.0.jar:/home/user/.m2/repository/org/apache/hadoop/hadoop-common/3.2.0/hadoop-common-3.2.0.jar:/home/user/.m2/repository/org/apache/hadoop/hadoop-hdfs/3.2.0/hadoop-hdfs-3.2.0.jar:/home/user/.m2/repository/org/apache/hadoop/hadoop-hdfs-client/3.2.0/hadoop-hdfs-client-3.2.0.jar:/home/user/.m2/repository/com/fasterxml/jackson/core/jackson-annotations/2.9.5/jackson-annotations-2.9.5.jar:/home/user/.m2/repository/org/apache/hadoop/hadoop-hdds-common/0.5.0-SNAPSHOT/hadoop-hdds-common-0.5.0-SNAPSHOT.jar:/home/user/.m2/repository/javax/annotation/javax.annotation-api/1.2/javax.annotation-api-1.2.jar:/home/user/.m2/repository/org/apache/ratis/ratis-server/0.4.0-2337318-SNAPSHOT/ratis-server-0.4.0-2337318-SNAPSHOT.jar:/home/user/.m2/repository/org/apache/ratis/ratis-thirdparty-misc/0.2.0/ratis-thirdparty-misc-0.2.0.jar:/home/user/.m2/repository/org/apache/ratis/ratis-proto/0.4.0-2337318-SNAPSHOT/ratis-proto-0.4.0-2337318-SNAPSHOT.jar:/home/user/.m2/repository/org/apache/ratis/ratis-common/0.4.0-2337318-SNAPSHOT/ratis-common-0.4.0-2337318-SNAPSHOT.jar:/home/user/.m2/repository/org/apache/ratis/ratis-client/0.4.0-2337318-SNAPSHOT/ratis-client-0.4.0-2337318-SNAPSHOT.jar:/home/user/.m2/repository/org/apache/ratis/ratis-metrics/0.4.0-2337318-SNAPSHOT/ratis-metrics-0.4.0-2337318-SNAPSHOT.jar:/home/user/.m2/repository/org/apache/ratis/ratis-netty/0.4.0-2337318-SNAPSHOT/ratis-netty-0.4.0-2337318-SNAPSHOT.jar:/home/user/.m2/repository/org/apache/ratis/ratis-grpc/0.4.0-2337318-SNAPSHOT/ratis-grpc-0.4.0-2337318-SNAPSHOT.jar:/home/user/.m2/repository/org/rocksdb/rocksdbjni/6.0.1/rocksdbjni-6.0.1.jar:/home/user/.m2/repository/org/apache/logging/log4j/log4j-api/2.11.0/log4j-api-2.11.0.jar:/home/user/.m2/repository/org/apache/logging/log4j/log4j-core/2.11.0/log4j-core-2.11.0.jar:/home/user/.m2/repository/com/lmax/disruptor/3.4.2/disruptor-3.4.2.jar:/home/user/.m2/repository/org/apache/commons/commons-pool2/2.6.0/commons-pool2-2.6.0.jar:/home/user/.m2/repository/org/bouncycastle/bcpkix-jdk15on/1.60/bcpkix-jdk15on-1.60.jar:/home/user/.m2/repository/commons-validator/commons-validator/1.6/commons-validator-1.6.jar:/home/user/.m2/repository/commons-digester/commons-digester/1.8.1/commons-digester-1.8.1.jar:/home/user/.m2/repository/io/jaegertracing/jaeger-client/0.33.1/jaeger-client-0.33.1.jar:/home/user/.m2/repository/io/jaegertracing/jaeger-thrift/0.33.1/jaeger-thrift-0.33.1.jar:/home/user/.m2/repository/org/apache/thrift/libthrift/0.11.0/libthrift-0.11.0.jar:/home/user/.m2/repository/com/squareup/okhttp3/okhttp/3.9.0/okhttp-3.9.0.jar:/home/user/.m2/repository/com/squareup/okio/okio/1.13.0/okio-1.13.0.jar:/home/user/.m2/repository/io/jaegertracing/jaeger-core/0.33.1/jaeger-core-0.33.1.jar:/home/user/.m2/repository/io/jaegertracing/jaeger-tracerresolver/0.33.1/jaeger-tracerresolver-0.33.1.jar:/home/user/.m2/repository/io/opentracing/contrib/opentracing-tracerresolver/0.1.5/opentracing-tracerresolver-0.1.5.jar:/home/user/.m2/repository/io/opentracing/opentracing-util/0.31.0/opentracing-util-0.31.0.jar:/home/user/.m2/repository/io/opentracing/opentracing-api/0.31.0/opentracing-api-0.31.0.jar:/home/user/.m2/repository/io/opentracing/opentracing-noop/0.31.0/opentracing-noop-0.31.0.jar:/home/user/.m2/repository/org/apache/hadoop/hadoop-hdds-server-framework/0.5.0-SNAPSHOT/hadoop-hdds-server-framework-0.5.0-SNAPSHOT.jar:/home/user/.m2/repository/org/apache/hadoop/hadoop-hdds-container-service/0.5.0-SNAPSHOT/hadoop-hdds-container-service-0.5.0-SNAPSHOT.jar:/home/user/.m2/repository/org/apache/hadoop/hadoop-hdds-client/0.5.0-SNAPSHOT/hadoop-hdds-client-0.5.0-SNAPSHOT.jar:/home/user/.m2/repository/org/apache/hadoop/hadoop-hdds-tools/0.5.0-SNAPSHOT/hadoop-hdds-tools-0.5.0-SNAPSHOT.jar:/home/user/.m2/repository/org/apache/hadoop/hadoop-hdds-server-scm/0.5.0-SNAPSHOT/hadoop-hdds-server-scm-0.5.0-SNAPSHOT.jar:/home/user/.m2/repository/org/apache/hadoop/hadoop-hdds-docs/0.5.0-SNAPSHOT/hadoop-hdds-docs-0.5.0-SNAPSHOT.jar:/home/user/.m2/repository/io/dropwizard/metrics/metrics-core/3.2.4/metrics-core-3.2.4.jar:/home/user/.m2/repository/org/hamcrest/hamcrest-all/1.3/hamcrest-all-1.3.jar:/home/user/.m2/repository/org/bouncycastle/bcprov-jdk15on/1.60/bcprov-jdk15on-1.60.jar:/home/user/.m2/repository/info/picocli/picocli/3.9.6/picocli-3.9.6.jar:/home/user/.m2/repository/com/google/protobuf/protobuf-java/2.5.0/protobuf-java-2.5.0.jar:/home/user/.m2/repository/com/google/guava/guava/11.0.2/guava-11.0.2.jar:/home/user/.m2/repository/org/apache/hadoop/hadoop-ozone-ozone-manager/0.5.0-SNAPSHOT/hadoop-ozone-ozone-manager-0.5.0-SNAPSHOT.jar:/home/user/.m2/repository/org/apache/hadoop/hadoop-minikdc/3.2.0/hadoop-minikdc-3.2.0.jar:/home/user/.m2/repository/commons-io/commons-io/2.5/commons-io-2.5.jar:/home/user/.m2/repository/org/apache/kerby/kerb-simplekdc/1.0.1/kerb-simplekdc-1.0.1.jar:/home/user/.m2/repository/org/apache/kerby/kerb-client/1.0.1/kerb-client-1.0.1.jar:/home/user/.m2/repository/org/apache/kerby/kerby-config/1.0.1/kerby-config-1.0.1.jar:/home/user/.m2/repository/org/apache/kerby/kerb-core/1.0.1/kerb-core-1.0.1.jar:/home/user/.m2/repository/org/apache/kerby/kerby-pkix/1.0.1/kerby-pkix-1.0.1.jar:/home/user/.m2/repository/org/apache/kerby/kerby-asn1/1.0.1/kerby-asn1-1.0.1.jar:/home/user/.m2/repository/org/apache/kerby/kerby-util/1.0.1/kerby-util-1.0.1.jar:/home/user/.m2/repository/org/apache/kerby/kerb-common/1.0.1/kerb-common-1.0.1.jar:/home/user/.m2/repository/org/apache/kerby/kerb-crypto/1.0.1/kerb-crypto-1.0.1.jar:/home/user/.m2/repository/org/apache/kerby/kerb-util/1.0.1/kerb-util-1.0.1.jar:/home/user/.m2/repository/org/apache/kerby/token-provider/1.0.1/token-provider-1.0.1.jar:/home/user/.m2/repository/org/apache/kerby/kerb-admin/1.0.1/kerb-admin-1.0.1.jar:/home/user/.m2/repository/org/apache/kerby/kerb-server/1.0.1/kerb-server-1.0.1.jar:/home/user/.m2/repository/org/apache/kerby/kerb-identity/1.0.1/kerb-identity-1.0.1.jar:/home/user/.m2/repository/org/apache/kerby/kerby-xdr/1.0.1/kerby-xdr-1.0.1.jar:/home/user/.m2/repository/org/slf4j/slf4j-log4j12/1.7.25/slf4j-log4j12-1.7.25.jar:/home/user/.m2/repository/org/apache/hadoop/hadoop-ozone-objectstore-service/0.5.0-SNAPSHOT/hadoop-ozone-objectstore-service-0.5.0-SNAPSHOT.jar:/home/user/.m2/repository/org/apache/hadoop/hadoop-ozone-s3gateway/0.5.0-SNAPSHOT/hadoop-ozone-s3gateway-0.5.0-SNAPSHOT.jar:/home/user/.m2/repository/org/jboss/weld/servlet/weld-servlet/2.4.7.Final/weld-servlet-2.4.7.Final.jar:/home/user/.m2/repository/org/glassfish/jersey/containers/jersey-container-servlet-core/2.27/jersey-container-servlet-core-2.27.jar:/home/user/.m2/repository/org/glassfish/hk2/external/javax.inject/2.5.0-b42/javax.inject-2.5.0-b42.jar:/home/user/.m2/repository/org/glassfish/jersey/core/jersey-common/2.27/jersey-common-2.27.jar:/home/user/.m2/repository/org/glassfish/hk2/osgi-resource-locator/1.0.1/osgi-resource-locator-1.0.1.jar:/home/user/.m2/repository/javax/ws/rs/javax.ws.rs-api/2.1/javax.ws.rs-api-2.1.jar:/home/user/.m2/repository/org/glassfish/jersey/ext/cdi/jersey-cdi1x/2.27/jersey-cdi1x-2.27.jar:/home/user/.m2/repository/org/glassfish/jersey/inject/jersey-hk2/2.27/jersey-hk2-2.27.jar:/home/user/.m2/repository/org/glassfish/hk2/hk2-locator/2.5.0-b42/hk2-locator-2.5.0-b42.jar:/home/user/.m2/repository/org/javassist/javassist/3.22.0-CR2/javassist-3.22.0-CR2.jar:/home/user/.m2/repository/org/glassfish/hk2/hk2-api/2.5.0/hk2-api-2.5.0.jar:/home/user/.m2/repository/org/glassfish/hk2/external/jakarta.inject/2.5.0/jakarta.inject-2.5.0.jar:/home/user/.m2/repository/org/glassfish/hk2/hk2-utils/2.5.0/hk2-utils-2.5.0.jar:/home/user/.m2/repository/jakarta/annotation/jakarta.annotation-api/1.3.4/jakarta.annotation-api-1.3.4.jar:/home/user/.m2/repository/org/glassfish/hk2/external/aopalliance-repackaged/2.5.0/aopalliance-repackaged-2.5.0.jar:/home/user/.m2/repository/com/fasterxml/jackson/dataformat/jackson-dataformat-xml/2.9.0/jackson-dataformat-xml-2.9.0.jar:/home/user/.m2/repository/com/fasterxml/jackson/core/jackson-core/2.9.5/jackson-core-2.9.5.jar:/home/user/.m2/repository/com/fasterxml/jackson/module/jackson-module-jaxb-annotations/2.9.5/jackson-module-jaxb-annotations-2.9.5.jar:/home/user/.m2/repository/javax/enterprise/cdi-api/1.2/cdi-api-1.2.jar:/home/user/.m2/repository/javax/el/javax.el-api/3.0.0/javax.el-api-3.0.0.jar:/home/user/.m2/repository/javax/interceptor/javax.interceptor-api/1.2/javax.interceptor-api-1.2.jar:/home/user/.m2/repository/javax/inject/javax.inject/1/javax.inject-1.jar:/home/user/.m2/repository/com/sun/xml/bind/jaxb-impl/2.3.0.1/jaxb-impl-2.3.0.1.jar:/home/user/.m2/repository/com/sun/xml/bind/jaxb-core/2.3.0.1/jaxb-core-2.3.0.1.jar:/home/user/.m2/repository/javax/xml/bind/jaxb-api/2.3.0/jaxb-api-2.3.0.jar:/home/user/.m2/repository/javax/activation/activation/1.1.1/activation-1.1.1.jar:/home/user/.m2/repository/org/apache/hadoop/hadoop-ozone-csi/0.5.0-SNAPSHOT/hadoop-ozone-csi-0.5.0-SNAPSHOT.jar:/home/user/.m2/repository/com/google/protobuf/protobuf-java-util/3.5.1/protobuf-java-util-3.5.1.jar:/home/user/.m2/repository/org/apache/hadoop/hadoop-hdds-config/0.5.0-SNAPSHOT/hadoop-hdds-config-0.5.0-SNAPSHOT.jar:/home/user/.m2/repository/io/grpc/grpc-netty/1.17.1/grpc-netty-1.17.1.jar:/home/user/.m2/repository/io/grpc/grpc-core/1.17.1/grpc-core-1.17.1.jar:/home/user/.m2/repository/io/grpc/grpc-context/1.17.1/grpc-context-1.17.1.jar:/home/user/.m2/repository/com/google/errorprone/error_prone_annotations/2.2.0/error_prone_annotations-2.2.0.jar:/home/user/.m2/repository/org/codehaus/mojo/animal-sniffer-annotations/1.17/animal-sniffer-annotations-1.17.jar:/home/user/.m2/repository/io/opencensus/opencensus-api/0.17.0/opencensus-api-0.17.0.jar:/home/user/.m2/repository/io/opencensus/opencensus-contrib-grpc-metrics/0.17.0/opencensus-contrib-grpc-metrics-0.17.0.jar:/home/user/.m2/repository/io/netty/netty-codec-http2/4.1.30.Final/netty-codec-http2-4.1.30.Final.jar:/home/user/.m2/repository/io/netty/netty-codec-http/4.1.30.Final/netty-codec-http-4.1.30.Final.jar:/home/user/.m2/repository/io/netty/netty-codec/4.1.30.Final/netty-codec-4.1.30.Final.jar:/home/user/.m2/repository/io/netty/netty-handler/4.1.30.Final/netty-handler-4.1.30.Final.jar:/home/user/.m2/repository/io/netty/netty-handler-proxy/4.1.30.Final/netty-handler-proxy-4.1.30.Final.jar:/home/user/.m2/repository/io/netty/netty-codec-socks/4.1.30.Final/netty-codec-socks-4.1.30.Final.jar:/home/user/.m2/repository/io/netty/netty-transport-native-epoll/4.1.30.Final/netty-transport-native-epoll-4.1.30.Final.jar:/home/user/.m2/repository/io/netty/netty-common/4.1.30.Final/netty-common-4.1.30.Final.jar:/home/user/.m2/repository/io/netty/netty-buffer/4.1.30.Final/netty-buffer-4.1.30.Final.jar:/home/user/.m2/repository/io/netty/netty-transport/4.1.30.Final/netty-transport-4.1.30.Final.jar:/home/user/.m2/repository/io/netty/netty-resolver/4.1.30.Final/netty-resolver-4.1.30.Final.jar:/home/user/.m2/repository/io/netty/netty-transport-native-unix-common/4.1.30.Final/netty-transport-native-unix-common-4.1.30.Final.jar:/home/user/.m2/repository/io/grpc/grpc-protobuf/1.17.1/grpc-protobuf-1.17.1.jar:/home/user/.m2/repository/com/google/api/grpc/proto-google-common-protos/1.0.0/proto-google-common-protos-1.0.0.jar:/home/user/.m2/repository/io/grpc/grpc-protobuf-lite/1.17.1/grpc-protobuf-lite-1.17.1.jar:/home/user/.m2/repository/io/grpc/grpc-stub/1.17.1/grpc-stub-1.17.1.jar:/home/user/.m2/repository/org/apache/hadoop/hadoop-ozone-recon/0.5.0-SNAPSHOT/hadoop-ozone-recon-0.5.0-SNAPSHOT.jar:/home/user/.m2/repository/org/apache/hadoop/hadoop-ozone-reconcodegen/0.5.0-SNAPSHOT/hadoop-ozone-reconcodegen-0.5.0-SNAPSHOT.jar:/home/user/.m2/repository/com/google/inject/extensions/guice-multibindings/4.0/guice-multibindings-4.0.jar:/home/user/.m2/repository/com/google/inject/guice/4.0/guice-4.0.jar:/home/user/.m2/repository/aopalliance/aopalliance/1.0/aopalliance-1.0.jar:/home/user/.m2/repository/com/google/inject/extensions/guice-servlet/4.0/guice-servlet-4.0.jar:/home/user/.m2/repository/org/glassfish/jersey/containers/jersey-container-servlet/2.27/jersey-container-servlet-2.27.jar:/home/user/.m2/repository/org/glassfish/hk2/guice-bridge/2.5.0/guice-bridge-2.5.0.jar:/home/user/.m2/repository/org/glassfish/jersey/core/jersey-server/2.27/jersey-server-2.27.jar:/home/user/.m2/repository/org/glassfish/jersey/core/jersey-client/2.27/jersey-client-2.27.jar:/home/user/.m2/repository/org/glassfish/jersey/media/jersey-media-jaxb/2.27/jersey-media-jaxb-2.27.jar:/home/user/.m2/repository/javax/validation/validation-api/1.1.0.Final/validation-api-1.1.0.Final.jar:/home/user/.m2/repository/org/glassfish/jersey/media/jersey-media-json-jackson/2.27/jersey-media-json-jackson-2.27.jar:/home/user/.m2/repository/org/glassfish/jersey/ext/jersey-entity-filtering/2.27/jersey-entity-filtering-2.27.jar:/home/user/.m2/repository/com/google/inject/extensions/guice-assistedinject/4.0/guice-assistedinject-4.0.jar:/home/user/.m2/repository/org/jooq/jooq/3.11.10/jooq-3.11.10.jar:/home/user/.m2/repository/org/jooq/jooq-meta/3.11.10/jooq-meta-3.11.10.jar:/home/user/.m2/repository/org/jooq/jooq-codegen/3.11.10/jooq-codegen-3.11.10.jar:/home/user/.m2/repository/com/jolbox/bonecp/0.8.0.RELEASE/bonecp-0.8.0.RELEASE.jar:/home/user/.m2/repository/org/xerial/sqlite-jdbc/3.25.2/sqlite-jdbc-3.25.2.jar:/home/user/.m2/repository/org/springframework/spring-jdbc/5.1.3.RELEASE/spring-jdbc-5.1.3.RELEASE.jar:/home/user/.m2/repository/org/springframework/spring-beans/5.1.3.RELEASE/spring-beans-5.1.3.RELEASE.jar:/home/user/.m2/repository/org/springframework/spring-core/5.1.3.RELEASE/spring-core-5.1.3.RELEASE.jar:/home/user/.m2/repository/org/springframework/spring-jcl/5.1.3.RELEASE/spring-jcl-5.1.3.RELEASE.jar:/home/user/.m2/repository/org/springframework/spring-tx/5.1.3.RELEASE/spring-tx-5.1.3.RELEASE.jar:/home/user/.m2/repository/org/apache/hadoop/hadoop-ozone-client/0.5.0-SNAPSHOT/hadoop-ozone-client-0.5.0-SNAPSHOT.jar:/home/user/.m2/repository/commons-lang/commons-lang/2.6/commons-lang-2.6.jar:/home/user/.m2/repository/org/apache/hadoop/hadoop-ozone-ozone-manager/0.5.0-SNAPSHOT/hadoop-ozone-ozone-manager-0.5.0-SNAPSHOT-tests.jar:/home/user/.m2/repository/junit/junit/4.11/junit-4.11.jar:/home/user/.m2/repository/org/hamcrest/hamcrest-core/1.3/hamcrest-core-1.3.jar:/home/user/.m2/repository/org/openjdk/jmh/jmh-core/1.19/jmh-core-1.19.jar:/home/user/.m2/repository/net/sf/jopt-simple/jopt-simple/4.6/jopt-simple-4.6.jar:/home/user/.m2/repository/org/apache/commons/commons-math3/3.1.1/commons-math3-3.1.1.jar:/home/user/.m2/repository/org/openjdk/jmh/jmh-generator-annprocess/1.19/jmh-generator-annprocess-1.19.jar:/home/user/.m2/repository/org/mockito/mockito-all/1.8.5/mockito-all-1.8.5.jar:/home/user/.m2/repository/org/apache/hadoop/hadoop-kms/3.2.0/hadoop-kms-3.2.0.jar:/home/user/.m2/repository/org/apache/hadoop/hadoop-auth/3.2.0/hadoop-auth-3.2.0.jar:/home/user/.m2/repository/com/nimbusds/nimbus-jose-jwt/4.41.1/nimbus-jose-jwt-4.41.1.jar:/home/user/.m2/repository/com/github/stephenc/jcip/jcip-annotations/1.0-1/jcip-annotations-1.0-1.jar:/home/user/.m2/repository/net/minidev/json-smart/2.3/json-smart-2.3.jar:/home/user/.m2/repository/net/minidev/accessors-smart/1.2/accessors-smart-1.2.jar:/home/user/.m2/repository/org/ow2/asm/asm/5.0.4/asm-5.0.4.jar:/home/user/.m2/repository/org/apache/curator/curator-framework/2.12.0/curator-framework-2.12.0.jar:/home/user/.m2/repository/com/sun/jersey/jersey-core/1.19/jersey-core-1.19.jar:/home/user/.m2/repository/javax/ws/rs/jsr311-api/1.1.1/jsr311-api-1.1.1.jar:/home/user/.m2/repository/com/sun/jersey/jersey-server/1.19/jersey-server-1.19.jar:/home/user/.m2/repository/javax/servlet/javax.servlet-api/3.1.0/javax.servlet-api-3.1.0.jar:/home/user/.m2/repository/org/eclipse/jetty/jetty-server/9.3.24.v20180605/jetty-server-9.3.24.v20180605.jar:/home/user/.m2/repository/org/eclipse/jetty/jetty-http/9.3.24.v20180605/jetty-http-9.3.24.v20180605.jar:/home/user/.m2/repository/org/eclipse/jetty/jetty-io/9.3.24.v20180605/jetty-io-9.3.24.v20180605.jar:/home/user/.m2/repository/org/eclipse/jetty/jetty-webapp/9.3.24.v20180605/jetty-webapp-9.3.24.v20180605.jar:/home/user/.m2/repository/org/eclipse/jetty/jetty-xml/9.3.24.v20180605/jetty-xml-9.3.24.v20180605.jar:/home/user/.m2/repository/log4j/log4j/1.2.17/log4j-1.2.17.jar:/home/user/.m2/repository/org/slf4j/slf4j-api/1.7.25/slf4j-api-1.7.25.jar:/home/user/.m2/repository/org/slf4j/jul-to-slf4j/1.7.25/jul-to-slf4j-1.7.25.jar:/home/user/.m2/repository/org/eclipse/jetty/jetty-util/9.3.24.v20180605/jetty-util-9.3.24.v20180605.jar:/home/user/.m2/repository/com/fasterxml/jackson/core/jackson-databind/2.9.5/jackson-databind-2.9.5.jar:/home/user/.m2/repository/org/apache/hadoop/hadoop-kms/3.2.0/hadoop-kms-3.2.0-tests.jar:/home/user/.m2/repository/org/apache/hadoop/hadoop-hdds-server-scm/0.5.0-SNAPSHOT/hadoop-hdds-server-scm-0.5.0-SNAPSHOT-tests.jar:/home/user/.m2/repository/org/apache/hadoop/hadoop-hdds-container-service/0.5.0-SNAPSHOT/hadoop-hdds-container-service-0.5.0-SNAPSHOT-tests.jar:/home/user/.m2/repository/org/yaml/snakeyaml/1.16/snakeyaml-1.16.jar:/home/user/.m2/repository/org/apache/hadoop/hadoop-common/3.2.0/hadoop-common-3.2.0-tests.jar:/home/user/.m2/repository/org/apache/hadoop/hadoop-annotations/3.2.0/hadoop-annotations-3.2.0.jar:/usr/lib/jvm/java-1.8-openjdk/jre/../lib/tools.jar:/home/user/.m2/repository/commons-cli/commons-cli/1.2/commons-cli-1.2.jar:/home/user/.m2/repository/org/apache/httpcomponents/httpclient/4.5.2/httpclient-4.5.2.jar:/home/user/.m2/repository/org/apache/httpcomponents/httpcore/4.4.4/httpcore-4.4.4.jar:/home/user/.m2/repository/commons-codec/commons-codec/1.11/commons-codec-1.11.jar:/home/user/.m2/repository/commons-net/commons-net/3.6/commons-net-3.6.jar:/home/user/.m2/repository/commons-collections/commons-collections/3.2.2/commons-collections-3.2.2.jar:/home/user/.m2/repository/org/eclipse/jetty/jetty-servlet/9.3.24.v20180605/jetty-servlet-9.3.24.v20180605.jar:/home/user/.m2/repository/org/eclipse/jetty/jetty-security/9.3.24.v20180605/jetty-security-9.3.24.v20180605.jar:/home/user/.m2/repository/javax/servlet/jsp/jsp-api/2.1/jsp-api-2.1.jar:/home/user/.m2/repository/com/sun/jersey/jersey-servlet/1.19/jersey-servlet-1.19.jar:/home/user/.m2/repository/com/sun/jersey/jersey-json/1.19/jersey-json-1.19.jar:/home/user/.m2/repository/org/codehaus/jettison/jettison/1.1/jettison-1.1.jar:/home/user/.m2/repository/org/codehaus/jackson/jackson-core-asl/1.9.13/jackson-core-asl-1.9.13.jar:/home/user/.m2/repository/org/codehaus/jackson/jackson-mapper-asl/1.9.13/jackson-mapper-asl-1.9.13.jar:/home/user/.m2/repository/org/codehaus/jackson/jackson-jaxrs/1.9.13/jackson-jaxrs-1.9.13.jar:/home/user/.m2/repository/org/codehaus/jackson/jackson-xc/1.9.13/jackson-xc-1.9.13.jar:/home/user/.m2/repository/commons-logging/commons-logging/1.1.3/commons-logging-1.1.3.jar:/home/user/.m2/repository/commons-beanutils/commons-beanutils/1.9.3/commons-beanutils-1.9.3.jar:/home/user/.m2/repository/org/apache/commons/commons-configuration2/2.1.1/commons-configuration2-2.1.1.jar:/home/user/.m2/repository/org/apache/commons/commons-lang3/3.7/commons-lang3-3.7.jar:/home/user/.m2/repository/org/apache/commons/commons-text/1.4/commons-text-1.4.jar:/home/user/.m2/repository/org/apache/avro/avro/1.7.7/avro-1.7.7.jar:/home/user/.m2/repository/com/thoughtworks/paranamer/paranamer/2.3/paranamer-2.3.jar:/home/user/.m2/repository/org/xerial/snappy/snappy-java/1.0.5/snappy-java-1.0.5.jar:/home/user/.m2/repository/com/google/re2j/re2j/1.1/re2j-1.1.jar:/home/user/.m2/repository/com/google/code/gson/gson/2.2.4/gson-2.2.4.jar:/home/user/.m2/repository/com/jcraft/jsch/0.1.54/jsch-0.1.54.jar:/home/user/.m2/repository/org/apache/curator/curator-client/2.12.0/curator-client-2.12.0.jar:/home/user/.m2/repository/org/apache/curator/curator-recipes/2.12.0/curator-recipes-2.12.0.jar:/home/user/.m2/repository/com/google/code/findbugs/jsr305/3.0.0/jsr305-3.0.0.jar:/home/user/.m2/repository/org/apache/htrace/htrace-core4/4.1.0-incubating/htrace-core4-4.1.0-incubating.jar:/home/user/.m2/repository/org/apache/zookeeper/zookeeper/3.4.13/zookeeper-3.4.13.jar:/home/user/.m2/repository/org/apache/yetus/audience-annotations/0.5.0/audience-annotations-0.5.0.jar:/home/user/.m2/repository/org/codehaus/woodstox/stax2-api/3.1.4/stax2-api-3.1.4.jar:/home/user/.m2/repository/com/fasterxml/woodstox/woodstox-core/5.0.3/woodstox-core-5.0.3.jar:/home/user/.m2/repository/dnsjava/dnsjava/2.1.7/dnsjava-2.1.7.jar:/home/user/.m2/repository/org/apache/hadoop/hadoop-hdfs/3.2.0/hadoop-hdfs-3.2.0-tests.jar:/home/user/.m2/repository/org/eclipse/jetty/jetty-util-ajax/9.3.24.v20180605/jetty-util-ajax-9.3.24.v20180605.jar:/home/user/.m2/repository/commons-daemon/commons-daemon/1.0.13/commons-daemon-1.0.13.jar:/home/user/.m2/repository/io/netty/netty/3.10.5.Final/netty-3.10.5.Final.jar:/home/user/.m2/repository/io/netty/netty-all/4.0.52.Final/netty-all-4.0.52.Final.jar:/home/user/.m2/repository/org/fusesource/leveldbjni/leveldbjni-all/1.8/leveldbjni-all-1.8.jar:"/>
    <property name="sun.cpu.endian" value="little"/>
    <property name="user.home" value="/home/user"/>
    <property name="user.language" value="en"/>
    <property name="java.specification.vendor" value="Oracle Corporation"/>
    <property name="java.home" value="/usr/lib/jvm/java-1.8-openjdk/jre"/>
    <property name="java.security.krb5.conf" value="/workdir/hadoop-ozone/integration-test/target/test-classes/krb5.conf"/>
    <property name="basedir" value="/workdir/hadoop-ozone/integration-test"/>
    <property name="file.separator" value="/"/>
    <property name="line.separator" value="&#10;"/>
    <property name="java.vm.specification.vendor" value="Oracle Corporation"/>
    <property name="java.specification.name" value="Java Platform API Specification"/>
    <property name="java.awt.graphicsenv" value="sun.awt.X11GraphicsEnvironment"/>
    <property name="surefire.real.class.path" value="/workdir/hadoop-ozone/integration-test/target/surefire/surefirebooter4769725487816627227.jar"/>
    <property name="hadoop.log.dir" value="/workdir/hadoop-ozone/integration-test/target/log"/>
    <property name="sun.boot.class.path" value="/usr/lib/jvm/java-1.8-openjdk/jre/lib/resources.jar:/usr/lib/jvm/java-1.8-openjdk/jre/lib/rt.jar:/usr/lib/jvm/java-1.8-openjdk/jre/lib/sunrsasign.jar:/usr/lib/jvm/java-1.8-openjdk/jre/lib/jsse.jar:/usr/lib/jvm/java-1.8-openjdk/jre/lib/jce.jar:/usr/lib/jvm/java-1.8-openjdk/jre/lib/charsets.jar:/usr/lib/jvm/java-1.8-openjdk/jre/lib/jfr.jar:/usr/lib/jvm/java-1.8-openjdk/jre/classes"/>
    <property name="sun.management.compiler" value="HotSpot 64-Bit Tiered Compilers"/>
    <property name="java.runtime.version" value="1.8.0_212-b04"/>
    <property name="java.net.preferIPv4Stack" value="true"/>
    <property name="user.name" value="jenkins1000"/>
    <property name="path.separator" value=":"/>
    <property name="java.security.egd" value="file:///dev/urandom"/>
    <property name="os.version" value="3.10.0-957.12.2.el7.x86_64"/>
    <property name="java.endorsed.dirs" value="/usr/lib/jvm/java-1.8-openjdk/jre/lib/endorsed"/>
    <property name="java.runtime.name" value="OpenJDK Runtime Environment"/>
    <property name="file.encoding" value="UTF-8"/>
    <property name="java.vm.name" value="OpenJDK 64-Bit Server VM"/>
    <property name="test.build.webapps" value=""/>
    <property name="localRepository" value="/home/user/.m2/repository"/>
    <property name="java.vendor.url.bug" value="https://icedtea.classpath.org/bugzilla"/>
    <property name="java.io.tmpdir" value="/tmp"/>
    <property name="require.test.libhadoop" value=""/>
    <property name="java.version" value="1.8.0_212"/>
    <property name="user.dir" value="/workdir/hadoop-ozone/integration-test"/>
    <property name="os.arch" value="amd64"/>
    <property name="java.vm.specification.name" value="Java Virtual Machine Specification"/>
    <property name="test.build.classes" value="/workdir/hadoop-ozone/integration-test/target/test-classes"/>
    <property name="java.awt.printerjob" value="sun.print.PSPrinterJob"/>
    <property name="sun.os.patch.level" value="unknown"/>
    <property name="hadoop.tmp.dir" value="/workdir/hadoop-ozone/integration-test/target/tmp"/>
    <property name="java.library.path" value="/usr/lib/jvm/java-1.8-openjdk/jre/lib/amd64/server:/usr/lib/jvm/java-1.8-openjdk/jre/lib/amd64:/usr/lib/jvm/java-1.8-openjdk/jre/../lib/amd64:/workdir/hadoop-ozone/integration-test/target/native/target/usr/local/lib:/workdir/hadoop-ozone/integration-test/../../hadoop-common-project/hadoop-common/target/native/target/usr/local/lib:/usr/java/packages/lib/amd64:/usr/lib64:/lib64:/lib:/usr/lib"/>
    <property name="java.vm.info" value="mixed mode"/>
    <property name="java.vendor" value="IcedTea"/>
    <property name="java.vm.version" value="25.212-b04"/>
    <property name="java.ext.dirs" value="/usr/lib/jvm/java-1.8-openjdk/jre/lib/ext:/usr/java/packages/lib/ext"/>
    <property name="sun.io.unicode.encoding" value="UnicodeLittle"/>
    <property name="java.class.version" value="52.0"/>
  </properties>
  <testcase name="testAutomaticPipelineCreationOnPipelineDestroy" classname="org.apache.hadoop.hdds.scm.pipeline.TestRatisPipelineCreateAndDestory" time="30.828"/>
  <testcase name="testPipelineCreationOnNodeRestart" classname="org.apache.hadoop.hdds.scm.pipeline.TestRatisPipelineCreateAndDestory" time="40.332">
    <error message="test timed out after 30000 milliseconds" type="java.lang.Exception">java.lang.Exception: test timed out after 30000 milliseconds
	at java.lang.Thread.sleep(Native Method)
	at org.apache.hadoop.test.GenericTestUtils.waitFor(GenericTestUtils.java:382)
	at org.apache.hadoop.hdds.scm.pipeline.TestRatisPipelineCreateAndDestory.waitForPipelines(TestRatisPipelineCreateAndDestory.java:126)
	at org.apache.hadoop.hdds.scm.pipeline.TestRatisPipelineCreateAndDestory.testPipelineCreationOnNodeRestart(TestRatisPipelineCreateAndDestory.java:121)
	at sun.reflect.NativeMethodAccessorImpl.invoke0(Native Method)
	at sun.reflect.NativeMethodAccessorImpl.invoke(NativeMethodAccessorImpl.java:62)
	at sun.reflect.DelegatingMethodAccessorImpl.invoke(DelegatingMethodAccessorImpl.java:43)
	at java.lang.reflect.Method.invoke(Method.java:498)
	at org.junit.runners.model.FrameworkMethod$1.runReflectiveCall(FrameworkMethod.java:47)
	at org.junit.internal.runners.model.ReflectiveCallable.run(ReflectiveCallable.java:12)
	at org.junit.runners.model.FrameworkMethod.invokeExplosively(FrameworkMethod.java:44)
	at org.junit.internal.runners.statements.InvokeMethod.evaluate(InvokeMethod.java:17)
	at org.junit.internal.runners.statements.FailOnTimeout$StatementThread.run(FailOnTimeout.java:74)
</error>
    <system-out><![CDATA[2019-08-20 14:23:17,951 WARN  server.ServerUtils (ServerUtils.java:getScmDbDir(145)) - ozone.scm.db.dirs is not configured. We recommend adding this setting. Falling back to ozone.metadata.dirs instead.
2019-08-20 14:23:17,996 WARN  server.ServerUtils (ServerUtils.java:getScmDbDir(145)) - ozone.scm.db.dirs is not configured. We recommend adding this setting. Falling back to ozone.metadata.dirs instead.
2019-08-20 14:23:17,996 WARN  server.ServerUtils (ServerUtils.java:getScmDbDir(145)) - ozone.scm.db.dirs is not configured. We recommend adding this setting. Falling back to ozone.metadata.dirs instead.
2019-08-20 14:23:17,997 INFO  db.DBStoreBuilder (DBStoreBuilder.java:addTable(110)) - using custom profile for table: deletedBlocks
2019-08-20 14:23:17,997 INFO  db.DBStoreBuilder (DBStoreBuilder.java:processTables(161)) - Using default column profile:DBProfile.DISK for Table:deletedBlocks
2019-08-20 14:23:17,997 INFO  db.DBStoreBuilder (DBStoreBuilder.java:addTable(110)) - using custom profile for table: validCerts
2019-08-20 14:23:17,997 INFO  db.DBStoreBuilder (DBStoreBuilder.java:processTables(161)) - Using default column profile:DBProfile.DISK for Table:validCerts
2019-08-20 14:23:17,997 INFO  db.DBStoreBuilder (DBStoreBuilder.java:addTable(110)) - using custom profile for table: revokedCerts
2019-08-20 14:23:17,997 INFO  db.DBStoreBuilder (DBStoreBuilder.java:processTables(161)) - Using default column profile:DBProfile.DISK for Table:revokedCerts
2019-08-20 14:23:17,998 INFO  db.DBStoreBuilder (DBStoreBuilder.java:addTable(110)) - using custom profile for table: default
2019-08-20 14:23:17,998 INFO  db.DBStoreBuilder (DBStoreBuilder.java:processTables(167)) - Using default column profile:DBProfile.DISK for Table:default
2019-08-20 14:23:17,998 INFO  db.DBStoreBuilder (DBStoreBuilder.java:getDbProfile(198)) - Using default options. DBProfile.DISK
2019-08-20 14:23:18,195 INFO  net.NodeSchemaLoader (NodeSchemaLoader.java:loadSchemaFromFile(125)) - Loading file from sun.misc.CompoundEnumeration@1347e074
2019-08-20 14:23:18,196 INFO  net.NodeSchemaLoader (NodeSchemaLoader.java:loadSchema(171)) - Loading network topology layer schema file
2019-08-20 14:23:18,200 INFO  node.SCMNodeManager (SCMNodeManager.java:<init>(121)) - Entering startup safe mode.
2019-08-20 14:23:18,200 INFO  algorithms.ContainerPlacementPolicyFactory (ContainerPlacementPolicyFactory.java:getPolicy(55)) - Create container placement policy of type org.apache.hadoop.hdds.scm.container.placement.algorithms.SCMContainerPlacementRandom
2019-08-20 14:23:18,200 WARN  server.ServerUtils (ServerUtils.java:getScmDbDir(145)) - ozone.scm.db.dirs is not configured. We recommend adding this setting. Falling back to ozone.metadata.dirs instead.
2019-08-20 14:23:18,256 INFO  pipeline.SCMPipelineManager (SCMPipelineManager.java:initializePipelineState(126)) - No pipeline exists in current db
2019-08-20 14:23:18,256 WARN  server.ServerUtils (ServerUtils.java:getScmDbDir(145)) - ozone.scm.db.dirs is not configured. We recommend adding this setting. Falling back to ozone.metadata.dirs instead.
2019-08-20 14:23:18,329 WARN  events.EventQueue (EventQueue.java:fireEvent(175)) - No event handler registered for event TypedEvent{payloadType=SafeModeStatus, name='SafeModeStatus'}
2019-08-20 14:23:18,330 INFO  ipc.CallQueueManager (CallQueueManager.java:<init>(84)) - Using callQueue: class java.util.concurrent.LinkedBlockingQueue, queueCapacity: 2000, scheduler: class org.apache.hadoop.ipc.DefaultRpcScheduler, ipcBackoff: false.
2019-08-20 14:23:18,331 INFO  ipc.Server (Server.java:run(1074)) - Starting Socket Reader #1 for port 40104
2019-08-20 14:23:18,332 INFO  ipc.CallQueueManager (CallQueueManager.java:<init>(84)) - Using callQueue: class java.util.concurrent.LinkedBlockingQueue, queueCapacity: 2000, scheduler: class org.apache.hadoop.ipc.DefaultRpcScheduler, ipcBackoff: false.
2019-08-20 14:23:18,333 INFO  ipc.Server (Server.java:run(1074)) - Starting Socket Reader #1 for port 33140
2019-08-20 14:23:18,333 INFO  ipc.CallQueueManager (CallQueueManager.java:<init>(84)) - Using callQueue: class java.util.concurrent.LinkedBlockingQueue, queueCapacity: 2000, scheduler: class org.apache.hadoop.ipc.DefaultRpcScheduler, ipcBackoff: false.
2019-08-20 14:23:18,334 INFO  ipc.Server (Server.java:run(1074)) - Starting Socket Reader #1 for port 46877
2019-08-20 14:23:18,336 INFO  hdfs.DFSUtil (DFSUtil.java:httpServerTemplateForNNAndJN(1641)) - Starting Web-server for scm at: http://0.0.0.0:0
2019-08-20 14:23:18,338 INFO  server.AuthenticationFilter (AuthenticationFilter.java:constructSecretProvider(240)) - Unable to initialize FileSignerSecretProvider, falling back to use random secrets.
2019-08-20 14:23:18,338 WARN  http.HttpRequestLog (HttpRequestLog.java:getRequestLog(97)) - Jetty request log can only be enabled using Log4j
2019-08-20 14:23:18,340 INFO  http.HttpServer2 (HttpServer2.java:addGlobalFilter(975)) - Added global filter 'safety' (class=org.apache.hadoop.http.HttpServer2$QuotingInputFilter)
2019-08-20 14:23:18,340 INFO  http.HttpServer2 (HttpServer2.java:addFilter(948)) - Added filter static_user_filter (class=org.apache.hadoop.http.lib.StaticUserWebFilter$StaticUserFilter) to context scm
2019-08-20 14:23:18,340 INFO  http.HttpServer2 (HttpServer2.java:addFilter(958)) - Added filter static_user_filter (class=org.apache.hadoop.http.lib.StaticUserWebFilter$StaticUserFilter) to context static
2019-08-20 14:23:18,340 INFO  http.HttpServer2 (HttpServer2.java:addFilter(958)) - Added filter static_user_filter (class=org.apache.hadoop.http.lib.StaticUserWebFilter$StaticUserFilter) to context logs
2019-08-20 14:23:18,342 INFO  server.StorageContainerManager (StorageContainerManager.java:start(759)) - StorageContainerLocationProtocol RPC server is listening at /0.0.0.0:46877
2019-08-20 14:23:18,344 WARN  impl.MetricsConfig (MetricsConfig.java:loadFirst(134)) - Cannot locate configuration: tried hadoop-metrics2-storagecontainermanager.properties,hadoop-metrics2.properties
2019-08-20 14:23:18,344 INFO  impl.MetricsSystemImpl (MetricsSystemImpl.java:startTimer(374)) - Scheduled Metric snapshot period at 10 second(s).
2019-08-20 14:23:18,344 INFO  impl.MetricsSystemImpl (MetricsSystemImpl.java:start(191)) - StorageContainerManager metrics system started
2019-08-20 14:23:18,382 INFO  server.SCMClientProtocolServer (SCMClientProtocolServer.java:start(151)) - RPC server for Client  is listening at /0.0.0.0:46877
2019-08-20 14:23:18,383 INFO  ipc.Server (Server.java:run(1314)) - IPC Server Responder: starting
2019-08-20 14:23:18,383 INFO  ipc.Server (Server.java:run(1153)) - IPC Server listener on 46877: starting
2019-08-20 14:23:18,385 INFO  server.StorageContainerManager (StorageContainerManager.java:start(769)) - ScmBlockLocationProtocol RPC server is listening at /0.0.0.0:33140
2019-08-20 14:23:18,385 INFO  server.SCMBlockProtocolServer (SCMBlockProtocolServer.java:start(140)) - RPC server for Block Protocol is listening at /0.0.0.0:33140
2019-08-20 14:23:18,385 INFO  ipc.Server (Server.java:run(1314)) - IPC Server Responder: starting
2019-08-20 14:23:18,385 INFO  ipc.Server (Server.java:run(1153)) - IPC Server listener on 33140: starting
2019-08-20 14:23:18,388 INFO  server.StorageContainerManager (StorageContainerManager.java:start(773)) - ScmDatanodeProtocl RPC server is listening at /0.0.0.0:40104
2019-08-20 14:23:18,388 INFO  server.SCMDatanodeProtocolServer (SCMDatanodeProtocolServer.java:start(191)) - RPC server for DataNodes is listening at /0.0.0.0:40104
2019-08-20 14:23:18,388 INFO  ipc.Server (Server.java:run(1314)) - IPC Server Responder: starting
2019-08-20 14:23:18,388 INFO  ipc.Server (Server.java:run(1153)) - IPC Server listener on 40104: starting
2019-08-20 14:23:18,391 INFO  http.HttpServer2 (HttpServer2.java:bindListener(1191)) - Jetty bound to port 37857
2019-08-20 14:23:18,391 INFO  server.Server (Server.java:doStart(351)) - jetty-9.3.24.v20180605, build timestamp: 2018-06-05T17:11:56Z, git hash: 84205aa28f11a4f31f2a3b86d1bba2cc8ab69827
2019-08-20 14:23:18,393 INFO  handler.ContextHandler (ContextHandler.java:doStart(781)) - Started o.e.j.s.ServletContextHandler@6864badb{/logs,file:///workdir/hadoop-ozone/integration-test/target/log,AVAILABLE}
2019-08-20 14:23:18,393 INFO  handler.ContextHandler (ContextHandler.java:doStart(781)) - Started o.e.j.s.ServletContextHandler@2434f5fc{/static,file:///workdir/hadoop-ozone/integration-test/target/test-classes/webapps/static,AVAILABLE}
2019-08-20 14:23:18,398 INFO  handler.ContextHandler (ContextHandler.java:doStart(781)) - Started o.e.j.w.WebAppContext@483ba79c{/,file:///workdir/hadoop-ozone/integration-test/target/test-classes/webapps/scm/,AVAILABLE}{/scm}
2019-08-20 14:23:18,399 INFO  server.AbstractConnector (AbstractConnector.java:doStart(278)) - Started ServerConnector@407b8ab0{HTTP/1.1,[http/1.1]}{0.0.0.0:37857}
2019-08-20 14:23:18,399 INFO  server.Server (Server.java:doStart(419)) - Started @31869ms
2019-08-20 14:23:18,399 INFO  server.BaseHttpServer (BaseHttpServer.java:updateConnectorAddress(213)) - HTTP server of SCM is listening at http://0.0.0.0:37857
2019-08-20 14:23:18,400 WARN  server.ServerUtils (ServerUtils.java:getDBPath(222)) - ozone.om.db.dirs is not configured. We recommend adding this setting. Falling back to ozone.metadata.dirs instead.
2019-08-20 14:23:18,400 INFO  util.JvmPauseMonitor (JvmPauseMonitor.java:run(188)) - Starting JVM pause monitor
2019-08-20 14:23:18,418 WARN  server.ServerUtils (ServerUtils.java:getDBPath(222)) - ozone.om.db.dirs is not configured. We recommend adding this setting. Falling back to ozone.metadata.dirs instead.
2019-08-20 14:23:18,419 WARN  server.ServerUtils (ServerUtils.java:getDBPath(222)) - ozone.om.db.dirs is not configured. We recommend adding this setting. Falling back to ozone.metadata.dirs instead.
2019-08-20 14:23:18,419 INFO  om.OzoneManager (OzoneManager.java:setOMNodeDetails(647)) - OM Service ID is not set. Setting it to the default ID: omServiceIdDefault
2019-08-20 14:23:18,419 INFO  om.OzoneManager (OzoneManager.java:setOMNodeDetails(653)) - OM Node ID is not set. Setting it to the OmStorage's OmID: 49131297-5e75-40c4-b017-6f6691c76e36
2019-08-20 14:23:18,419 INFO  om.OzoneManager (OzoneManager.java:loadOMHAConfigs(604)) - Found matching OM address with OMServiceId: null, OMNodeId: null, RPC Address: localhost:0 and Ratis port: 9872
2019-08-20 14:23:18,427 WARN  server.ServerUtils (ServerUtils.java:getDBPath(222)) - ozone.om.db.dirs is not configured. We recommend adding this setting. Falling back to ozone.metadata.dirs instead.
2019-08-20 14:23:18,427 INFO  db.DBStoreBuilder (DBStoreBuilder.java:addTable(110)) - using custom profile for table: userTable
2019-08-20 14:23:18,427 INFO  db.DBStoreBuilder (DBStoreBuilder.java:processTables(161)) - Using default column profile:DBProfile.DISK for Table:userTable
2019-08-20 14:23:18,427 INFO  db.DBStoreBuilder (DBStoreBuilder.java:addTable(110)) - using custom profile for table: volumeTable
2019-08-20 14:23:18,427 INFO  db.DBStoreBuilder (DBStoreBuilder.java:processTables(161)) - Using default column profile:DBProfile.DISK for Table:volumeTable
2019-08-20 14:23:18,427 INFO  db.DBStoreBuilder (DBStoreBuilder.java:addTable(110)) - using custom profile for table: bucketTable
2019-08-20 14:23:18,428 INFO  db.DBStoreBuilder (DBStoreBuilder.java:processTables(161)) - Using default column profile:DBProfile.DISK for Table:bucketTable
2019-08-20 14:23:18,428 INFO  db.DBStoreBuilder (DBStoreBuilder.java:addTable(110)) - using custom profile for table: keyTable
2019-08-20 14:23:18,428 INFO  db.DBStoreBuilder (DBStoreBuilder.java:processTables(161)) - Using default column profile:DBProfile.DISK for Table:keyTable
2019-08-20 14:23:18,428 INFO  db.DBStoreBuilder (DBStoreBuilder.java:addTable(110)) - using custom profile for table: deletedTable
2019-08-20 14:23:18,428 INFO  db.DBStoreBuilder (DBStoreBuilder.java:processTables(161)) - Using default column profile:DBProfile.DISK for Table:deletedTable
2019-08-20 14:23:18,428 INFO  db.DBStoreBuilder (DBStoreBuilder.java:addTable(110)) - using custom profile for table: openKeyTable
2019-08-20 14:23:18,428 INFO  db.DBStoreBuilder (DBStoreBuilder.java:processTables(161)) - Using default column profile:DBProfile.DISK for Table:openKeyTable
2019-08-20 14:23:18,428 INFO  db.DBStoreBuilder (DBStoreBuilder.java:addTable(110)) - using custom profile for table: s3Table
2019-08-20 14:23:18,429 INFO  db.DBStoreBuilder (DBStoreBuilder.java:processTables(161)) - Using default column profile:DBProfile.DISK for Table:s3Table
2019-08-20 14:23:18,429 INFO  db.DBStoreBuilder (DBStoreBuilder.java:addTable(110)) - using custom profile for table: multipartInfoTable
2019-08-20 14:23:18,429 INFO  db.DBStoreBuilder (DBStoreBuilder.java:processTables(161)) - Using default column profile:DBProfile.DISK for Table:multipartInfoTable
2019-08-20 14:23:18,429 INFO  db.DBStoreBuilder (DBStoreBuilder.java:addTable(110)) - using custom profile for table: dTokenTable
2019-08-20 14:23:18,429 INFO  db.DBStoreBuilder (DBStoreBuilder.java:processTables(161)) - Using default column profile:DBProfile.DISK for Table:dTokenTable
2019-08-20 14:23:18,429 INFO  db.DBStoreBuilder (DBStoreBuilder.java:addTable(110)) - using custom profile for table: s3SecretTable
2019-08-20 14:23:18,429 INFO  db.DBStoreBuilder (DBStoreBuilder.java:processTables(161)) - Using default column profile:DBProfile.DISK for Table:s3SecretTable
2019-08-20 14:23:18,429 INFO  db.DBStoreBuilder (DBStoreBuilder.java:addTable(110)) - using custom profile for table: prefixTable
2019-08-20 14:23:18,430 INFO  db.DBStoreBuilder (DBStoreBuilder.java:processTables(161)) - Using default column profile:DBProfile.DISK for Table:prefixTable
2019-08-20 14:23:18,430 INFO  db.DBStoreBuilder (DBStoreBuilder.java:addTable(110)) - using custom profile for table: default
2019-08-20 14:23:18,430 INFO  db.DBStoreBuilder (DBStoreBuilder.java:processTables(167)) - Using default column profile:DBProfile.DISK for Table:default
2019-08-20 14:23:18,430 INFO  db.DBStoreBuilder (DBStoreBuilder.java:getDbProfile(198)) - Using default options. DBProfile.DISK
2019-08-20 14:23:18,931 INFO  ipc.CallQueueManager (CallQueueManager.java:<init>(84)) - Using callQueue: class java.util.concurrent.LinkedBlockingQueue, queueCapacity: 2000, scheduler: class org.apache.hadoop.ipc.DefaultRpcScheduler, ipcBackoff: false.
2019-08-20 14:23:18,931 INFO  ipc.Server (Server.java:run(1074)) - Starting Socket Reader #1 for port 40964
2019-08-20 14:23:18,942 INFO  om.OzoneManager (OzoneManager.java:start(1258)) - OzoneManager RPC server is listening at localhost/127.0.0.1:40964
2019-08-20 14:23:18,942 INFO  impl.MetricsSystemImpl (MetricsSystemImpl.java:init(158)) - OzoneManager metrics system started (again)
2019-08-20 14:23:18,943 INFO  ipc.Server (Server.java:run(1314)) - IPC Server Responder: starting
2019-08-20 14:23:18,943 INFO  ipc.Server (Server.java:run(1153)) - IPC Server listener on 40964: starting
2019-08-20 14:23:18,947 INFO  hdfs.DFSUtil (DFSUtil.java:httpServerTemplateForNNAndJN(1641)) - Starting Web-server for ozoneManager at: http://0.0.0.0:0
2019-08-20 14:23:18,949 INFO  server.AuthenticationFilter (AuthenticationFilter.java:constructSecretProvider(240)) - Unable to initialize FileSignerSecretProvider, falling back to use random secrets.
2019-08-20 14:23:18,950 WARN  http.HttpRequestLog (HttpRequestLog.java:getRequestLog(97)) - Jetty request log can only be enabled using Log4j
2019-08-20 14:23:18,952 INFO  http.HttpServer2 (HttpServer2.java:addGlobalFilter(975)) - Added global filter 'safety' (class=org.apache.hadoop.http.HttpServer2$QuotingInputFilter)
2019-08-20 14:23:18,952 INFO  http.HttpServer2 (HttpServer2.java:addFilter(948)) - Added filter static_user_filter (class=org.apache.hadoop.http.lib.StaticUserWebFilter$StaticUserFilter) to context ozoneManager
2019-08-20 14:23:18,953 INFO  http.HttpServer2 (HttpServer2.java:addFilter(958)) - Added filter static_user_filter (class=org.apache.hadoop.http.lib.StaticUserWebFilter$StaticUserFilter) to context static
2019-08-20 14:23:18,953 INFO  http.HttpServer2 (HttpServer2.java:addFilter(958)) - Added filter static_user_filter (class=org.apache.hadoop.http.lib.StaticUserWebFilter$StaticUserFilter) to context logs
2019-08-20 14:23:18,953 INFO  http.HttpServer2 (HttpServer2.java:bindListener(1191)) - Jetty bound to port 35058
2019-08-20 14:23:18,954 INFO  server.Server (Server.java:doStart(351)) - jetty-9.3.24.v20180605, build timestamp: 2018-06-05T17:11:56Z, git hash: 84205aa28f11a4f31f2a3b86d1bba2cc8ab69827
2019-08-20 14:23:18,959 INFO  handler.ContextHandler (ContextHandler.java:doStart(781)) - Started o.e.j.s.ServletContextHandler@6786036c{/logs,file:///workdir/hadoop-ozone/integration-test/target/log,AVAILABLE}
2019-08-20 14:23:18,960 INFO  handler.ContextHandler (ContextHandler.java:doStart(781)) - Started o.e.j.s.ServletContextHandler@5fc75786{/static,file:///workdir/hadoop-ozone/integration-test/target/test-classes/webapps/static,AVAILABLE}
2019-08-20 14:23:18,964 INFO  handler.ContextHandler (ContextHandler.java:doStart(781)) - Started o.e.j.w.WebAppContext@1b6cb2c9{/,file:///workdir/hadoop-ozone/integration-test/target/test-classes/webapps/ozoneManager/,AVAILABLE}{/ozoneManager}
2019-08-20 14:23:18,964 INFO  server.AbstractConnector (AbstractConnector.java:doStart(278)) - Started ServerConnector@16b7184c{HTTP/1.1,[http/1.1]}{0.0.0.0:35058}
2019-08-20 14:23:18,965 INFO  server.Server (Server.java:doStart(419)) - Started @32435ms
2019-08-20 14:23:18,966 INFO  server.BaseHttpServer (BaseHttpServer.java:updateConnectorAddress(213)) - HTTP server of OZONEMANAGER is listening at http://0.0.0.0:35058
2019-08-20 14:23:18,972 INFO  impl.MetricsSystemImpl (MetricsSystemImpl.java:init(158)) - HddsDatanode metrics system started (again)
2019-08-20 14:23:18,974 INFO  ozone.HddsDatanodeService (HddsDatanodeService.java:start(184)) - HddsDatanodeService host:pr-hdds-1942-s8lb6-241747594 ip:192.168.36.107
2019-08-20 14:23:18,979 INFO  volume.HddsVolume (HddsVolume.java:<init>(176)) - Creating Volume: /workdir/hadoop-ozone/integration-test/target/test-dir/MiniOzoneClusterImpl-a060adfa-6b88-4268-8e4a-1c8ea233438e/datanode-0/data/containers/hdds of  storage type : DISK and capacity : 1482555576320
2019-08-20 14:23:18,979 INFO  volume.VolumeSet (VolumeSet.java:initializeVolumeSet(170)) - Added Volume : /workdir/hadoop-ozone/integration-test/target/test-dir/MiniOzoneClusterImpl-a060adfa-6b88-4268-8e4a-1c8ea233438e/datanode-0/data/containers/hdds to VolumeSet
2019-08-20 14:23:18,980 INFO  volume.ThrottledAsyncChecker (ThrottledAsyncChecker.java:schedule(140)) - Scheduling a check for org.apache.hadoop.ozone.container.common.volume.HddsVolume@46656854
2019-08-20 14:23:18,980 INFO  volume.HddsVolumeChecker (HddsVolumeChecker.java:checkAllVolumes(203)) - Scheduled health check for volume org.apache.hadoop.ozone.container.common.volume.HddsVolume@46656854
2019-08-20 14:23:18,994 INFO  impl.RaftServerProxy (ConfUtils.java:logGet(43)) - raft.rpc.type = GRPC (default)
2019-08-20 14:23:18,994 INFO  grpc.GrpcFactory (GrpcFactory.java:checkPooledByteBufAllocatorUseCacheForAllThreads(45)) - PERFORMANCE WARNING: useCacheForAllThreads is true that may cause Netty to create a lot garbage objects and, as a result, trigger GC.
	It is recommended to disable useCacheForAllThreads by setting -Dorg.apache.ratis.thirdparty.io.netty.allocator.useCacheForAllThreads=false in command line.
2019-08-20 14:23:18,994 INFO  grpc.GrpcConfigKeys$Server (ConfUtils.java:logGet(43)) - raft.grpc.server.port = 0 (default)
2019-08-20 14:23:18,994 INFO  server.GrpcService (ConfUtils.java:logGet(43)) - raft.grpc.message.size.max = 33570816 (custom)
2019-08-20 14:23:18,994 INFO  server.RaftServerConfigKeys (ConfUtils.java:logGet(43)) - raft.server.log.appender.buffer.byte-limit = 33554432 (custom)
2019-08-20 14:23:18,995 INFO  server.GrpcService (ConfUtils.java:logGet(43)) - raft.grpc.flow.control.window = 1MB (=1048576) (default)
2019-08-20 14:23:18,995 INFO  server.RaftServerConfigKeys (ConfUtils.java:logGet(43)) - raft.server.rpc.request.timeout = 3000ms (default)
2019-08-20 14:23:18,995 INFO  server.RaftServerConfigKeys (ConfUtils.java:logGet(43)) - raft.server.storage.dir = [/workdir/hadoop-ozone/integration-test/target/test-dir/MiniOzoneClusterImpl-a060adfa-6b88-4268-8e4a-1c8ea233438e/datanode-0/data/ratis] (custom)
2019-08-20 14:23:18,996 INFO  replication.SimpleContainerDownloader (SimpleContainerDownloader.java:<init>(72)) - Starting container downloader service to copy containers to replicate.
2019-08-20 14:23:18,997 INFO  hdfs.DFSUtil (DFSUtil.java:httpServerTemplateForNNAndJN(1641)) - Starting Web-server for hddsDatanode at: http://0.0.0.0:0
2019-08-20 14:23:18,998 INFO  server.AuthenticationFilter (AuthenticationFilter.java:constructSecretProvider(240)) - Unable to initialize FileSignerSecretProvider, falling back to use random secrets.
2019-08-20 14:23:18,998 WARN  http.HttpRequestLog (HttpRequestLog.java:getRequestLog(97)) - Jetty request log can only be enabled using Log4j
2019-08-20 14:23:19,000 INFO  http.HttpServer2 (HttpServer2.java:addGlobalFilter(975)) - Added global filter 'safety' (class=org.apache.hadoop.http.HttpServer2$QuotingInputFilter)
2019-08-20 14:23:19,000 INFO  http.HttpServer2 (HttpServer2.java:addFilter(948)) - Added filter static_user_filter (class=org.apache.hadoop.http.lib.StaticUserWebFilter$StaticUserFilter) to context hddsDatanode
2019-08-20 14:23:19,000 INFO  http.HttpServer2 (HttpServer2.java:addFilter(958)) - Added filter static_user_filter (class=org.apache.hadoop.http.lib.StaticUserWebFilter$StaticUserFilter) to context logs
2019-08-20 14:23:19,000 INFO  http.HttpServer2 (HttpServer2.java:addFilter(958)) - Added filter static_user_filter (class=org.apache.hadoop.http.lib.StaticUserWebFilter$StaticUserFilter) to context static
2019-08-20 14:23:19,001 INFO  http.HttpServer2 (HttpServer2.java:bindListener(1191)) - Jetty bound to port 45094
2019-08-20 14:23:19,001 INFO  server.Server (Server.java:doStart(351)) - jetty-9.3.24.v20180605, build timestamp: 2018-06-05T17:11:56Z, git hash: 84205aa28f11a4f31f2a3b86d1bba2cc8ab69827
2019-08-20 14:23:19,003 INFO  handler.ContextHandler (ContextHandler.java:doStart(781)) - Started o.e.j.s.ServletContextHandler@490c9550{/logs,file:///workdir/hadoop-ozone/integration-test/target/log,AVAILABLE}
2019-08-20 14:23:19,003 INFO  handler.ContextHandler (ContextHandler.java:doStart(781)) - Started o.e.j.s.ServletContextHandler@74252dfa{/static,jar:file:/home/user/.m2/repository/org/apache/hadoop/hadoop-hdds-container-service/0.5.0-SNAPSHOT/hadoop-hdds-container-service-0.5.0-SNAPSHOT.jar!/webapps/static,AVAILABLE}
2019-08-20 14:23:19,031 INFO  handler.ContextHandler (ContextHandler.java:doStart(781)) - Started o.e.j.w.WebAppContext@b6774c6{/,file:///tmp/jetty-0.0.0.0-45094-hddsDatanode-_-any-1767032187642677629.dir/webapp/,AVAILABLE}{/hddsDatanode}
2019-08-20 14:23:19,032 INFO  server.AbstractConnector (AbstractConnector.java:doStart(278)) - Started ServerConnector@50b060ac{HTTP/1.1,[http/1.1]}{0.0.0.0:45094}
2019-08-20 14:23:19,032 INFO  server.Server (Server.java:doStart(419)) - Started @32503ms
2019-08-20 14:23:19,033 INFO  server.BaseHttpServer (BaseHttpServer.java:updateConnectorAddress(213)) - HTTP server of HDDSDATANODE is listening at http://0.0.0.0:45094
2019-08-20 14:23:19,177 INFO  ozone.HddsDatanodeService (HddsDatanodeService.java:startPlugins(395)) - Started plug-in org.apache.hadoop.ozone.web.OzoneHddsDatanodeService@2c5ab40
2019-08-20 14:23:19,177 INFO  impl.MetricsSystemImpl (MetricsSystemImpl.java:init(158)) - HddsDatanode metrics system started (again)
2019-08-20 14:23:19,179 INFO  ozone.HddsDatanodeService (HddsDatanodeService.java:start(184)) - HddsDatanodeService host:pr-hdds-1942-s8lb6-241747594 ip:192.168.36.107
2019-08-20 14:23:19,180 INFO  util.JvmPauseMonitor (JvmPauseMonitor.java:run(188)) - Starting JVM pause monitor
2019-08-20 14:23:19,181 INFO  datanode.InitDatanodeState (InitDatanodeState.java:persistContainerDatanodeDetails(140)) - DatanodeDetails is persisted to /workdir/hadoop-ozone/integration-test/target/test-dir/MiniOzoneClusterImpl-a060adfa-6b88-4268-8e4a-1c8ea233438e/datanode-0/meta/datanode.id
2019-08-20 14:23:19,185 INFO  volume.HddsVolume (HddsVolume.java:<init>(176)) - Creating Volume: /workdir/hadoop-ozone/integration-test/target/test-dir/MiniOzoneClusterImpl-a060adfa-6b88-4268-8e4a-1c8ea233438e/datanode-1/data/containers/hdds of  storage type : DISK and capacity : 1482555576320
2019-08-20 14:23:19,185 INFO  volume.VolumeSet (VolumeSet.java:initializeVolumeSet(170)) - Added Volume : /workdir/hadoop-ozone/integration-test/target/test-dir/MiniOzoneClusterImpl-a060adfa-6b88-4268-8e4a-1c8ea233438e/datanode-1/data/containers/hdds to VolumeSet
2019-08-20 14:23:19,185 INFO  volume.ThrottledAsyncChecker (ThrottledAsyncChecker.java:schedule(140)) - Scheduling a check for org.apache.hadoop.ozone.container.common.volume.HddsVolume@621db3cf
2019-08-20 14:23:19,186 INFO  volume.HddsVolumeChecker (HddsVolumeChecker.java:checkAllVolumes(203)) - Scheduled health check for volume org.apache.hadoop.ozone.container.common.volume.HddsVolume@621db3cf
2019-08-20 14:23:19,199 INFO  impl.RaftServerProxy (ConfUtils.java:logGet(43)) - raft.rpc.type = GRPC (default)
2019-08-20 14:23:19,199 INFO  grpc.GrpcFactory (GrpcFactory.java:checkPooledByteBufAllocatorUseCacheForAllThreads(45)) - PERFORMANCE WARNING: useCacheForAllThreads is true that may cause Netty to create a lot garbage objects and, as a result, trigger GC.
	It is recommended to disable useCacheForAllThreads by setting -Dorg.apache.ratis.thirdparty.io.netty.allocator.useCacheForAllThreads=false in command line.
2019-08-20 14:23:19,199 INFO  grpc.GrpcConfigKeys$Server (ConfUtils.java:logGet(43)) - raft.grpc.server.port = 0 (default)
2019-08-20 14:23:19,199 INFO  server.GrpcService (ConfUtils.java:logGet(43)) - raft.grpc.message.size.max = 33570816 (custom)
2019-08-20 14:23:19,199 INFO  server.RaftServerConfigKeys (ConfUtils.java:logGet(43)) - raft.server.log.appender.buffer.byte-limit = 33554432 (custom)
2019-08-20 14:23:19,200 INFO  server.GrpcService (ConfUtils.java:logGet(43)) - raft.grpc.flow.control.window = 1MB (=1048576) (default)
2019-08-20 14:23:19,200 INFO  server.RaftServerConfigKeys (ConfUtils.java:logGet(43)) - raft.server.rpc.request.timeout = 3000ms (default)
2019-08-20 14:23:19,200 INFO  server.RaftServerConfigKeys (ConfUtils.java:logGet(43)) - raft.server.storage.dir = [/workdir/hadoop-ozone/integration-test/target/test-dir/MiniOzoneClusterImpl-a060adfa-6b88-4268-8e4a-1c8ea233438e/datanode-1/data/ratis] (custom)
2019-08-20 14:23:19,201 INFO  replication.SimpleContainerDownloader (SimpleContainerDownloader.java:<init>(72)) - Starting container downloader service to copy containers to replicate.
2019-08-20 14:23:19,202 INFO  hdfs.DFSUtil (DFSUtil.java:httpServerTemplateForNNAndJN(1641)) - Starting Web-server for hddsDatanode at: http://0.0.0.0:0
2019-08-20 14:23:19,203 INFO  server.AuthenticationFilter (AuthenticationFilter.java:constructSecretProvider(240)) - Unable to initialize FileSignerSecretProvider, falling back to use random secrets.
2019-08-20 14:23:19,203 WARN  http.HttpRequestLog (HttpRequestLog.java:getRequestLog(97)) - Jetty request log can only be enabled using Log4j
2019-08-20 14:23:19,205 INFO  http.HttpServer2 (HttpServer2.java:addGlobalFilter(975)) - Added global filter 'safety' (class=org.apache.hadoop.http.HttpServer2$QuotingInputFilter)
2019-08-20 14:23:19,205 INFO  http.HttpServer2 (HttpServer2.java:addFilter(948)) - Added filter static_user_filter (class=org.apache.hadoop.http.lib.StaticUserWebFilter$StaticUserFilter) to context hddsDatanode
2019-08-20 14:23:19,205 INFO  http.HttpServer2 (HttpServer2.java:addFilter(958)) - Added filter static_user_filter (class=org.apache.hadoop.http.lib.StaticUserWebFilter$StaticUserFilter) to context static
2019-08-20 14:23:19,205 INFO  http.HttpServer2 (HttpServer2.java:addFilter(958)) - Added filter static_user_filter (class=org.apache.hadoop.http.lib.StaticUserWebFilter$StaticUserFilter) to context logs
2019-08-20 14:23:19,206 INFO  http.HttpServer2 (HttpServer2.java:bindListener(1191)) - Jetty bound to port 45962
2019-08-20 14:23:19,206 INFO  server.Server (Server.java:doStart(351)) - jetty-9.3.24.v20180605, build timestamp: 2018-06-05T17:11:56Z, git hash: 84205aa28f11a4f31f2a3b86d1bba2cc8ab69827
2019-08-20 14:23:19,208 INFO  handler.ContextHandler (ContextHandler.java:doStart(781)) - Started o.e.j.s.ServletContextHandler@7c48f0e2{/logs,file:///workdir/hadoop-ozone/integration-test/target/log,AVAILABLE}
2019-08-20 14:23:19,208 INFO  handler.ContextHandler (ContextHandler.java:doStart(781)) - Started o.e.j.s.ServletContextHandler@1082eaf5{/static,jar:file:/home/user/.m2/repository/org/apache/hadoop/hadoop-hdds-container-service/0.5.0-SNAPSHOT/hadoop-hdds-container-service-0.5.0-SNAPSHOT.jar!/webapps/static,AVAILABLE}
2019-08-20 14:23:19,236 INFO  handler.ContextHandler (ContextHandler.java:doStart(781)) - Started o.e.j.w.WebAppContext@4a785014{/,file:///tmp/jetty-0.0.0.0-45962-hddsDatanode-_-any-1471271025762106631.dir/webapp/,AVAILABLE}{/hddsDatanode}
2019-08-20 14:23:19,236 INFO  server.AbstractConnector (AbstractConnector.java:doStart(278)) - Started ServerConnector@3ab4b97e{HTTP/1.1,[http/1.1]}{0.0.0.0:45962}
2019-08-20 14:23:19,237 INFO  server.Server (Server.java:doStart(419)) - Started @32708ms
2019-08-20 14:23:19,238 INFO  server.BaseHttpServer (BaseHttpServer.java:updateConnectorAddress(213)) - HTTP server of HDDSDATANODE is listening at http://0.0.0.0:45962
2019-08-20 14:23:19,349 INFO  ozone.HddsDatanodeService (HddsDatanodeService.java:startPlugins(395)) - Started plug-in org.apache.hadoop.ozone.web.OzoneHddsDatanodeService@55053235
2019-08-20 14:23:19,349 INFO  impl.MetricsSystemImpl (MetricsSystemImpl.java:init(158)) - HddsDatanode metrics system started (again)
2019-08-20 14:23:19,352 INFO  util.JvmPauseMonitor (JvmPauseMonitor.java:run(188)) - Starting JVM pause monitor
2019-08-20 14:23:19,352 INFO  ozone.HddsDatanodeService (HddsDatanodeService.java:start(184)) - HddsDatanodeService host:pr-hdds-1942-s8lb6-241747594 ip:192.168.36.107
2019-08-20 14:23:19,353 INFO  datanode.InitDatanodeState (InitDatanodeState.java:persistContainerDatanodeDetails(140)) - DatanodeDetails is persisted to /workdir/hadoop-ozone/integration-test/target/test-dir/MiniOzoneClusterImpl-a060adfa-6b88-4268-8e4a-1c8ea233438e/datanode-1/meta/datanode.id
2019-08-20 14:23:19,358 INFO  volume.HddsVolume (HddsVolume.java:<init>(176)) - Creating Volume: /workdir/hadoop-ozone/integration-test/target/test-dir/MiniOzoneClusterImpl-a060adfa-6b88-4268-8e4a-1c8ea233438e/datanode-2/data/containers/hdds of  storage type : DISK and capacity : 1482555576320
2019-08-20 14:23:19,359 INFO  volume.VolumeSet (VolumeSet.java:initializeVolumeSet(170)) - Added Volume : /workdir/hadoop-ozone/integration-test/target/test-dir/MiniOzoneClusterImpl-a060adfa-6b88-4268-8e4a-1c8ea233438e/datanode-2/data/containers/hdds to VolumeSet
2019-08-20 14:23:19,359 INFO  volume.ThrottledAsyncChecker (ThrottledAsyncChecker.java:schedule(140)) - Scheduling a check for org.apache.hadoop.ozone.container.common.volume.HddsVolume@60a33a92
2019-08-20 14:23:19,360 INFO  volume.HddsVolumeChecker (HddsVolumeChecker.java:checkAllVolumes(203)) - Scheduled health check for volume org.apache.hadoop.ozone.container.common.volume.HddsVolume@60a33a92
2019-08-20 14:23:19,371 INFO  impl.RaftServerProxy (ConfUtils.java:logGet(43)) - raft.rpc.type = GRPC (default)
2019-08-20 14:23:19,371 INFO  grpc.GrpcFactory (GrpcFactory.java:checkPooledByteBufAllocatorUseCacheForAllThreads(45)) - PERFORMANCE WARNING: useCacheForAllThreads is true that may cause Netty to create a lot garbage objects and, as a result, trigger GC.
	It is recommended to disable useCacheForAllThreads by setting -Dorg.apache.ratis.thirdparty.io.netty.allocator.useCacheForAllThreads=false in command line.
2019-08-20 14:23:19,372 INFO  grpc.GrpcConfigKeys$Server (ConfUtils.java:logGet(43)) - raft.grpc.server.port = 0 (default)
2019-08-20 14:23:19,372 INFO  server.GrpcService (ConfUtils.java:logGet(43)) - raft.grpc.message.size.max = 33570816 (custom)
2019-08-20 14:23:19,372 INFO  server.RaftServerConfigKeys (ConfUtils.java:logGet(43)) - raft.server.log.appender.buffer.byte-limit = 33554432 (custom)
2019-08-20 14:23:19,372 INFO  server.GrpcService (ConfUtils.java:logGet(43)) - raft.grpc.flow.control.window = 1MB (=1048576) (default)
2019-08-20 14:23:19,372 INFO  server.RaftServerConfigKeys (ConfUtils.java:logGet(43)) - raft.server.rpc.request.timeout = 3000ms (default)
2019-08-20 14:23:19,373 INFO  server.RaftServerConfigKeys (ConfUtils.java:logGet(43)) - raft.server.storage.dir = [/workdir/hadoop-ozone/integration-test/target/test-dir/MiniOzoneClusterImpl-a060adfa-6b88-4268-8e4a-1c8ea233438e/datanode-2/data/ratis] (custom)
2019-08-20 14:23:19,373 INFO  replication.SimpleContainerDownloader (SimpleContainerDownloader.java:<init>(72)) - Starting container downloader service to copy containers to replicate.
2019-08-20 14:23:19,374 INFO  hdfs.DFSUtil (DFSUtil.java:httpServerTemplateForNNAndJN(1641)) - Starting Web-server for hddsDatanode at: http://0.0.0.0:0
2019-08-20 14:23:19,375 INFO  server.AuthenticationFilter (AuthenticationFilter.java:constructSecretProvider(240)) - Unable to initialize FileSignerSecretProvider, falling back to use random secrets.
2019-08-20 14:23:19,376 WARN  http.HttpRequestLog (HttpRequestLog.java:getRequestLog(97)) - Jetty request log can only be enabled using Log4j
2019-08-20 14:23:19,377 INFO  http.HttpServer2 (HttpServer2.java:addGlobalFilter(975)) - Added global filter 'safety' (class=org.apache.hadoop.http.HttpServer2$QuotingInputFilter)
2019-08-20 14:23:19,377 INFO  http.HttpServer2 (HttpServer2.java:addFilter(948)) - Added filter static_user_filter (class=org.apache.hadoop.http.lib.StaticUserWebFilter$StaticUserFilter) to context hddsDatanode
2019-08-20 14:23:19,377 INFO  http.HttpServer2 (HttpServer2.java:addFilter(958)) - Added filter static_user_filter (class=org.apache.hadoop.http.lib.StaticUserWebFilter$StaticUserFilter) to context static
2019-08-20 14:23:19,378 INFO  http.HttpServer2 (HttpServer2.java:addFilter(958)) - Added filter static_user_filter (class=org.apache.hadoop.http.lib.StaticUserWebFilter$StaticUserFilter) to context logs
2019-08-20 14:23:19,378 INFO  http.HttpServer2 (HttpServer2.java:bindListener(1191)) - Jetty bound to port 37864
2019-08-20 14:23:19,378 INFO  server.Server (Server.java:doStart(351)) - jetty-9.3.24.v20180605, build timestamp: 2018-06-05T17:11:56Z, git hash: 84205aa28f11a4f31f2a3b86d1bba2cc8ab69827
2019-08-20 14:23:19,380 INFO  handler.ContextHandler (ContextHandler.java:doStart(781)) - Started o.e.j.s.ServletContextHandler@47e502a{/logs,file:///workdir/hadoop-ozone/integration-test/target/log,AVAILABLE}
2019-08-20 14:23:19,380 INFO  handler.ContextHandler (ContextHandler.java:doStart(781)) - Started o.e.j.s.ServletContextHandler@153c6a8f{/static,jar:file:/home/user/.m2/repository/org/apache/hadoop/hadoop-hdds-container-service/0.5.0-SNAPSHOT/hadoop-hdds-container-service-0.5.0-SNAPSHOT.jar!/webapps/static,AVAILABLE}
2019-08-20 14:23:19,405 INFO  handler.ContextHandler (ContextHandler.java:doStart(781)) - Started o.e.j.w.WebAppContext@609235e{/,file:///tmp/jetty-0.0.0.0-37864-hddsDatanode-_-any-3400959504172626974.dir/webapp/,AVAILABLE}{/hddsDatanode}
2019-08-20 14:23:19,406 INFO  server.AbstractConnector (AbstractConnector.java:doStart(278)) - Started ServerConnector@31cac9a1{HTTP/1.1,[http/1.1]}{0.0.0.0:37864}
2019-08-20 14:23:19,407 INFO  server.Server (Server.java:doStart(419)) - Started @32877ms
2019-08-20 14:23:19,407 INFO  server.BaseHttpServer (BaseHttpServer.java:updateConnectorAddress(213)) - HTTP server of HDDSDATANODE is listening at http://0.0.0.0:37864
2019-08-20 14:23:19,576 INFO  ozone.HddsDatanodeService (HddsDatanodeService.java:startPlugins(395)) - Started plug-in org.apache.hadoop.ozone.web.OzoneHddsDatanodeService@38a6b507
2019-08-20 14:23:19,576 INFO  ozone.MiniOzoneClusterImpl (MiniOzoneClusterImpl.java:lambda$waitForClusterToBeReady$0(142)) - Waiting for cluster to be ready. Got 0 of 3 DN Heartbeats.
2019-08-20 14:23:19,579 INFO  util.JvmPauseMonitor (JvmPauseMonitor.java:run(188)) - Starting JVM pause monitor
2019-08-20 14:23:19,580 INFO  datanode.InitDatanodeState (InitDatanodeState.java:persistContainerDatanodeDetails(140)) - DatanodeDetails is persisted to /workdir/hadoop-ozone/integration-test/target/test-dir/MiniOzoneClusterImpl-a060adfa-6b88-4268-8e4a-1c8ea233438e/datanode-2/meta/datanode.id
2019-08-20 14:23:20,577 INFO  ozone.MiniOzoneClusterImpl (MiniOzoneClusterImpl.java:lambda$waitForClusterToBeReady$0(142)) - Waiting for cluster to be ready. Got 0 of 3 DN Heartbeats.
2019-08-20 14:23:21,204 INFO  ozoneimpl.OzoneContainer (OzoneContainer.java:start(186)) - Attempting to start container services.
2019-08-20 14:23:21,206 INFO  ozoneimpl.OzoneContainer (OzoneContainer.java:startContainerScrub(160)) - Background container scrubber has been disabled by hdds.containerscrub.enabled
2019-08-20 14:23:21,206 INFO  ratis.XceiverServerRatis (XceiverServerRatis.java:start(404)) - Starting XceiverServerRatis 8e43464b-2d64-4fcc-a377-9b9359861b35 at port 0
2019-08-20 14:23:21,211 INFO  impl.RaftServerProxy (RaftServerProxy.java:lambda$start$3(299)) - 8e43464b-2d64-4fcc-a377-9b9359861b35: start RPC server
2019-08-20 14:23:21,214 INFO  server.GrpcService (GrpcService.java:startImpl(149)) - 8e43464b-2d64-4fcc-a377-9b9359861b35: GrpcService started, listening on 0.0.0.0/0.0.0.0:33935
2019-08-20 14:23:21,214 INFO  ratis.XceiverServerRatis (XceiverServerRatis.java:start(414)) - XceiverServerRatis 8e43464b-2d64-4fcc-a377-9b9359861b35 is started using port 33935
2019-08-20 14:23:21,214 INFO  server.XceiverServerGrpc (XceiverServerGrpc.java:start(161)) - XceiverServerGrpc 8e43464b-2d64-4fcc-a377-9b9359861b35 is started using port 35301
2019-08-20 14:23:21,396 INFO  ozoneimpl.OzoneContainer (OzoneContainer.java:start(186)) - Attempting to start container services.
2019-08-20 14:23:21,396 INFO  ozoneimpl.OzoneContainer (OzoneContainer.java:startContainerScrub(160)) - Background container scrubber has been disabled by hdds.containerscrub.enabled
2019-08-20 14:23:21,396 INFO  ratis.XceiverServerRatis (XceiverServerRatis.java:start(404)) - Starting XceiverServerRatis badca90e-8687-4d61-a872-ab9f81a9ff79 at port 0
2019-08-20 14:23:21,400 INFO  impl.RaftServerProxy (RaftServerProxy.java:lambda$start$3(299)) - badca90e-8687-4d61-a872-ab9f81a9ff79: start RPC server
2019-08-20 14:23:21,401 INFO  server.GrpcService (GrpcService.java:startImpl(149)) - badca90e-8687-4d61-a872-ab9f81a9ff79: GrpcService started, listening on 0.0.0.0/0.0.0.0:44941
2019-08-20 14:23:21,401 INFO  ratis.XceiverServerRatis (XceiverServerRatis.java:start(414)) - XceiverServerRatis badca90e-8687-4d61-a872-ab9f81a9ff79 is started using port 44941
2019-08-20 14:23:21,402 INFO  server.XceiverServerGrpc (XceiverServerGrpc.java:start(161)) - XceiverServerGrpc badca90e-8687-4d61-a872-ab9f81a9ff79 is started using port 45923
2019-08-20 14:23:21,578 INFO  ozone.MiniOzoneClusterImpl (MiniOzoneClusterImpl.java:lambda$waitForClusterToBeReady$0(142)) - Waiting for cluster to be ready. Got 0 of 3 DN Heartbeats.
2019-08-20 14:23:21,605 INFO  ozoneimpl.OzoneContainer (OzoneContainer.java:start(186)) - Attempting to start container services.
2019-08-20 14:23:21,605 INFO  ozoneimpl.OzoneContainer (OzoneContainer.java:startContainerScrub(160)) - Background container scrubber has been disabled by hdds.containerscrub.enabled
2019-08-20 14:23:21,605 INFO  ratis.XceiverServerRatis (XceiverServerRatis.java:start(404)) - Starting XceiverServerRatis e6d32cf5-7dee-4418-80db-de61244e08bf at port 0
2019-08-20 14:23:21,611 INFO  impl.RaftServerProxy (RaftServerProxy.java:lambda$start$3(299)) - e6d32cf5-7dee-4418-80db-de61244e08bf: start RPC server
2019-08-20 14:23:21,612 INFO  server.GrpcService (GrpcService.java:startImpl(149)) - e6d32cf5-7dee-4418-80db-de61244e08bf: GrpcService started, listening on 0.0.0.0/0.0.0.0:35532
2019-08-20 14:23:21,612 INFO  ratis.XceiverServerRatis (XceiverServerRatis.java:start(414)) - XceiverServerRatis e6d32cf5-7dee-4418-80db-de61244e08bf is started using port 35532
2019-08-20 14:23:21,614 INFO  server.XceiverServerGrpc (XceiverServerGrpc.java:start(161)) - XceiverServerGrpc e6d32cf5-7dee-4418-80db-de61244e08bf is started using port 37429
2019-08-20 14:23:22,578 INFO  ozone.MiniOzoneClusterImpl (MiniOzoneClusterImpl.java:lambda$waitForClusterToBeReady$0(142)) - Waiting for cluster to be ready. Got 0 of 3 DN Heartbeats.
2019-08-20 14:23:23,183 INFO  net.NetworkTopology (NetworkTopologyImpl.java:add(110)) - Added a new node: /default-rack/8e43464b-2d64-4fcc-a377-9b9359861b35
2019-08-20 14:23:23,184 INFO  node.SCMNodeManager (SCMNodeManager.java:register(273)) - Registered Data node : 8e43464b-2d64-4fcc-a377-9b9359861b35{ip: 192.168.36.107, host: pr-hdds-1942-s8lb6-241747594, networkLocation: /default-rack, certSerialId: null}
2019-08-20 14:23:23,185 INFO  safemode.SCMSafeModeManager (DataNodeSafeModeRule.java:process(71)) - SCM in safe mode. 1 DataNodes registered, 1 required.
2019-08-20 14:23:23,186 INFO  safemode.SCMSafeModeManager (SCMSafeModeManager.java:validateSafeModeExitRules(177)) - ScmSafeModeManager, all rules are successfully validated
2019-08-20 14:23:23,186 INFO  safemode.SCMSafeModeManager (SCMSafeModeManager.java:exitSafeMode(193)) - SCM exiting safe mode.
2019-08-20 14:23:23,198 INFO  impl.RaftServerProxy (RaftServerProxy.java:addNew(89)) - 8e43464b-2d64-4fcc-a377-9b9359861b35: addNew group-60684E0BBBF2:[8e43464b-2d64-4fcc-a377-9b9359861b35:192.168.36.107:33935] returns group-60684E0BBBF2:java.util.concurrent.CompletableFuture@75b7bc0b[Not completed]
2019-08-20 14:23:23,199 INFO  impl.RaftServerImpl (RaftServerImpl.java:<init>(93)) - 8e43464b-2d64-4fcc-a377-9b9359861b35: new RaftServerImpl for group-60684E0BBBF2:[8e43464b-2d64-4fcc-a377-9b9359861b35:192.168.36.107:33935] with ContainerStateMachine:uninitialized
2019-08-20 14:23:23,199 INFO  server.RaftServerConfigKeys (ConfUtils.java:logGet(43)) - raft.server.rpc.timeout.min = 5s (custom)
2019-08-20 14:23:23,199 INFO  server.RaftServerConfigKeys (ConfUtils.java:logGet(43)) - raft.server.rpc.timeout.max = 5200ms (custom)
2019-08-20 14:23:23,199 INFO  server.RaftServerConfigKeys (ConfUtils.java:logGet(43)) - raft.server.rpcslowness.timeout = 120s (custom)
2019-08-20 14:23:23,199 INFO  server.RaftServerConfigKeys (ConfUtils.java:logGet(43)) - raft.server.sleep.deviation.threshold = 300 (default)
2019-08-20 14:23:23,200 INFO  server.RaftServerConfigKeys (ConfUtils.java:logGet(43)) - raft.server.log.appender.install.snapshot.enabled = false (custom)
2019-08-20 14:23:23,200 INFO  impl.RaftServerImpl (ServerState.java:<init>(105)) - 8e43464b-2d64-4fcc-a377-9b9359861b35:group-60684E0BBBF2 ConfigurationManager, init=-1: [8e43464b-2d64-4fcc-a377-9b9359861b35:192.168.36.107:33935], old=null, confs=<EMPTY_MAP>
2019-08-20 14:23:23,200 INFO  server.RaftServerConfigKeys (ConfUtils.java:logGet(43)) - raft.server.storage.dir = [/workdir/hadoop-ozone/integration-test/target/test-dir/MiniOzoneClusterImpl-a060adfa-6b88-4268-8e4a-1c8ea233438e/datanode-0/data/ratis] (custom)
2019-08-20 14:23:23,200 INFO  storage.RaftStorageDirectory (RaftStorageDirectory.java:analyzeStorage(246)) - The storage directory /workdir/hadoop-ozone/integration-test/target/test-dir/MiniOzoneClusterImpl-a060adfa-6b88-4268-8e4a-1c8ea233438e/datanode-0/data/ratis/440012c8-b681-4b53-a0b6-60684e0bbbf2 does not exist. Creating ...
2019-08-20 14:23:23,222 INFO  storage.RaftStorageDirectory (RaftStorageDirectory.java:tryLock(328)) - Lock on /workdir/hadoop-ozone/integration-test/target/test-dir/MiniOzoneClusterImpl-a060adfa-6b88-4268-8e4a-1c8ea233438e/datanode-0/data/ratis/440012c8-b681-4b53-a0b6-60684e0bbbf2/in_use.lock acquired by nodename 4888@pr-hdds-1942-s8lb6-241747594
2019-08-20 14:23:23,252 INFO  storage.RaftStorage (RaftStorage.java:format(72)) - Storage directory /workdir/hadoop-ozone/integration-test/target/test-dir/MiniOzoneClusterImpl-a060adfa-6b88-4268-8e4a-1c8ea233438e/datanode-0/data/ratis/440012c8-b681-4b53-a0b6-60684e0bbbf2 has been successfully formatted.
2019-08-20 14:23:23,253 INFO  ratis.ContainerStateMachine (ContainerStateMachine.java:loadSnapshot(222)) - group-60684E0BBBF2: The snapshot info is null. Setting the last applied indexto:(t:0, i:~)
2019-08-20 14:23:23,253 INFO  server.RaftServerConfigKeys (ConfUtils.java:logGet(43)) - raft.server.leader.election.timeout = 120s (custom)
2019-08-20 14:23:23,253 INFO  server.RaftServerConfigKeys (ConfUtils.java:logGet(43)) - raft.server.log.use.memory = false (default)
2019-08-20 14:23:23,253 INFO  server.RaftServerConfigKeys (ConfUtils.java:logGet(43)) - raft.server.log.purge.gap = 1000000000 (custom)
2019-08-20 14:23:23,253 INFO  server.RaftServerConfigKeys (ConfUtils.java:logGet(43)) - raft.server.log.appender.buffer.byte-limit = 33554432 (custom)
2019-08-20 14:23:23,253 INFO  server.RaftServerConfigKeys (ConfUtils.java:logGet(43)) - raft.server.log.segment.size.max = 1048576 (custom)
2019-08-20 14:23:23,254 INFO  server.RaftServerConfigKeys (ConfUtils.java:logGet(43)) - raft.server.log.segment.cache.num.max = 2 (custom)
2019-08-20 14:23:23,254 INFO  segmented.SegmentedRaftLogWorker (SegmentedRaftLogWorker.java:<init>(172)) - new 8e43464b-2d64-4fcc-a377-9b9359861b35-SegmentedRaftLogWorker:Storage Directory /workdir/hadoop-ozone/integration-test/target/test-dir/MiniOzoneClusterImpl-a060adfa-6b88-4268-8e4a-1c8ea233438e/datanode-0/data/ratis/440012c8-b681-4b53-a0b6-60684e0bbbf2 for RaftStorage:Storage Directory /workdir/hadoop-ozone/integration-test/target/test-dir/MiniOzoneClusterImpl-a060adfa-6b88-4268-8e4a-1c8ea233438e/datanode-0/data/ratis/440012c8-b681-4b53-a0b6-60684e0bbbf2
2019-08-20 14:23:23,254 INFO  server.RaftServerConfigKeys (ConfUtils.java:logGet(43)) - raft.server.log.queue.byte-limit = 2147483647 (custom)
2019-08-20 14:23:23,254 INFO  server.RaftServerConfigKeys (ConfUtils.java:logGet(43)) - raft.server.log.queue.element-limit = 1024 (custom)
2019-08-20 14:23:23,254 INFO  server.RaftServerConfigKeys (ConfUtils.java:logGet(43)) - raft.server.log.segment.size.max = 1048576 (custom)
2019-08-20 14:23:23,254 INFO  server.RaftServerConfigKeys (ConfUtils.java:logGet(43)) - raft.server.log.preallocated.size = 16384 (custom)
2019-08-20 14:23:23,255 INFO  server.RaftServerConfigKeys (ConfUtils.java:logGet(43)) - raft.server.log.write.buffer.size = 33554432 (custom)
2019-08-20 14:23:23,255 INFO  server.RaftServerConfigKeys (ConfUtils.java:logGet(43)) - raft.server.log.force.sync.num = 128 (default)
2019-08-20 14:23:23,255 INFO  server.RaftServerConfigKeys (ConfUtils.java:logGet(43)) - raft.server.log.statemachine.data.sync = true (default)
2019-08-20 14:23:23,255 INFO  server.RaftServerConfigKeys (ConfUtils.java:logGet(43)) - raft.server.log.statemachine.data.sync.timeout = 10s (default)
2019-08-20 14:23:23,255 INFO  server.RaftServerConfigKeys (ConfUtils.java:logGet(43)) - raft.server.log.statemachine.data.sync.timeout.retry = -1 (default)
2019-08-20 14:23:23,256 INFO  server.RaftServerConfigKeys (ConfUtils.java:logGet(43)) - raft.server.log.statemachine.data.caching.enabled = true (custom)
2019-08-20 14:23:23,256 INFO  segmented.SegmentedRaftLogWorker (SegmentedRaftLogWorker.java:lambda$new$0(132)) - 8e43464b-2d64-4fcc-a377-9b9359861b35-SegmentedRaftLogWorker:Storage Directory /workdir/hadoop-ozone/integration-test/target/test-dir/MiniOzoneClusterImpl-a060adfa-6b88-4268-8e4a-1c8ea233438e/datanode-0/data/ratis/440012c8-b681-4b53-a0b6-60684e0bbbf2: flushIndex: setUnconditionally 0 -> -1
2019-08-20 14:23:23,256 INFO  server.RaftServerConfigKeys (ConfUtils.java:logGet(43)) - raft.server.snapshot.auto.trigger.enabled = true (custom)
2019-08-20 14:23:23,256 INFO  server.RaftServerConfigKeys (ConfUtils.java:logGet(43)) - raft.server.snapshot.auto.trigger.threshold = 10000 (custom)
2019-08-20 14:23:23,257 INFO  server.RaftServerConfigKeys (ConfUtils.java:logGet(43)) - raft.server.retrycache.expirytime = 600000ms (custom)
2019-08-20 14:23:23,257 INFO  impl.RaftServerImpl (RaftServerImpl.java:start(180)) - 8e43464b-2d64-4fcc-a377-9b9359861b35: start group-60684E0BBBF2
2019-08-20 14:23:23,257 INFO  impl.RaftServerImpl (RaftServerImpl.java:setRole(171)) - 8e43464b-2d64-4fcc-a377-9b9359861b35:group-60684E0BBBF2 changes role from null to FOLLOWER at term 0 for startAsFollower
2019-08-20 14:23:23,257 INFO  impl.RoleInfo (RoleInfo.java:updateAndGet(143)) - 8e43464b-2d64-4fcc-a377-9b9359861b35: start FollowerState
2019-08-20 14:23:23,257 INFO  util.JmxRegister (JmxRegister.java:tryRegister(44)) - Successfully registered JMX Bean with object name Ratis:service=RaftServer,group=group-60684E0BBBF2,id=8e43464b-2d64-4fcc-a377-9b9359861b35
2019-08-20 14:23:23,262 INFO  pipeline.PipelineStateManager (PipelineStateManager.java:addPipeline(56)) - Created pipeline Pipeline[ Id: 440012c8-b681-4b53-a0b6-60684e0bbbf2, Nodes: 8e43464b-2d64-4fcc-a377-9b9359861b35{ip: 192.168.36.107, host: pr-hdds-1942-s8lb6-241747594, networkLocation: /default-rack, certSerialId: null}, Type:RATIS, Factor:ONE, State:OPEN]
2019-08-20 14:23:23,354 INFO  net.NetworkTopology (NetworkTopologyImpl.java:add(110)) - Added a new node: /default-rack/badca90e-8687-4d61-a872-ab9f81a9ff79
2019-08-20 14:23:23,354 INFO  node.SCMNodeManager (SCMNodeManager.java:register(273)) - Registered Data node : badca90e-8687-4d61-a872-ab9f81a9ff79{ip: 192.168.36.107, host: pr-hdds-1942-s8lb6-241747594, networkLocation: /default-rack, certSerialId: null}
2019-08-20 14:23:23,365 INFO  impl.RaftServerProxy (RaftServerProxy.java:addNew(89)) - badca90e-8687-4d61-a872-ab9f81a9ff79: addNew group-080E89BABD8C:[badca90e-8687-4d61-a872-ab9f81a9ff79:192.168.36.107:44941] returns group-080E89BABD8C:java.util.concurrent.CompletableFuture@5d87fb1b[Not completed]
2019-08-20 14:23:23,366 INFO  impl.RaftServerImpl (RaftServerImpl.java:<init>(93)) - badca90e-8687-4d61-a872-ab9f81a9ff79: new RaftServerImpl for group-080E89BABD8C:[badca90e-8687-4d61-a872-ab9f81a9ff79:192.168.36.107:44941] with ContainerStateMachine:uninitialized
2019-08-20 14:23:23,366 INFO  server.RaftServerConfigKeys (ConfUtils.java:logGet(43)) - raft.server.rpc.timeout.min = 5s (custom)
2019-08-20 14:23:23,367 INFO  server.RaftServerConfigKeys (ConfUtils.java:logGet(43)) - raft.server.rpc.timeout.max = 5200ms (custom)
2019-08-20 14:23:23,367 INFO  server.RaftServerConfigKeys (ConfUtils.java:logGet(43)) - raft.server.rpcslowness.timeout = 120s (custom)
2019-08-20 14:23:23,367 INFO  server.RaftServerConfigKeys (ConfUtils.java:logGet(43)) - raft.server.sleep.deviation.threshold = 300 (default)
2019-08-20 14:23:23,367 INFO  server.RaftServerConfigKeys (ConfUtils.java:logGet(43)) - raft.server.log.appender.install.snapshot.enabled = false (custom)
2019-08-20 14:23:23,367 INFO  impl.RaftServerImpl (ServerState.java:<init>(105)) - badca90e-8687-4d61-a872-ab9f81a9ff79:group-080E89BABD8C ConfigurationManager, init=-1: [badca90e-8687-4d61-a872-ab9f81a9ff79:192.168.36.107:44941], old=null, confs=<EMPTY_MAP>
2019-08-20 14:23:23,367 INFO  server.RaftServerConfigKeys (ConfUtils.java:logGet(43)) - raft.server.storage.dir = [/workdir/hadoop-ozone/integration-test/target/test-dir/MiniOzoneClusterImpl-a060adfa-6b88-4268-8e4a-1c8ea233438e/datanode-1/data/ratis] (custom)
2019-08-20 14:23:23,368 INFO  storage.RaftStorageDirectory (RaftStorageDirectory.java:analyzeStorage(246)) - The storage directory /workdir/hadoop-ozone/integration-test/target/test-dir/MiniOzoneClusterImpl-a060adfa-6b88-4268-8e4a-1c8ea233438e/datanode-1/data/ratis/268cee25-69b1-48a9-9dce-080e89babd8c does not exist. Creating ...
2019-08-20 14:23:23,386 INFO  storage.RaftStorageDirectory (RaftStorageDirectory.java:tryLock(328)) - Lock on /workdir/hadoop-ozone/integration-test/target/test-dir/MiniOzoneClusterImpl-a060adfa-6b88-4268-8e4a-1c8ea233438e/datanode-1/data/ratis/268cee25-69b1-48a9-9dce-080e89babd8c/in_use.lock acquired by nodename 4888@pr-hdds-1942-s8lb6-241747594
2019-08-20 14:23:23,403 INFO  storage.RaftStorage (RaftStorage.java:format(72)) - Storage directory /workdir/hadoop-ozone/integration-test/target/test-dir/MiniOzoneClusterImpl-a060adfa-6b88-4268-8e4a-1c8ea233438e/datanode-1/data/ratis/268cee25-69b1-48a9-9dce-080e89babd8c has been successfully formatted.
2019-08-20 14:23:23,404 INFO  ratis.ContainerStateMachine (ContainerStateMachine.java:loadSnapshot(222)) - group-080E89BABD8C: The snapshot info is null. Setting the last applied indexto:(t:0, i:~)
2019-08-20 14:23:23,404 INFO  server.RaftServerConfigKeys (ConfUtils.java:logGet(43)) - raft.server.leader.election.timeout = 120s (custom)
2019-08-20 14:23:23,404 INFO  server.RaftServerConfigKeys (ConfUtils.java:logGet(43)) - raft.server.log.use.memory = false (default)
2019-08-20 14:23:23,404 INFO  server.RaftServerConfigKeys (ConfUtils.java:logGet(43)) - raft.server.log.purge.gap = 1000000000 (custom)
2019-08-20 14:23:23,404 INFO  server.RaftServerConfigKeys (ConfUtils.java:logGet(43)) - raft.server.log.appender.buffer.byte-limit = 33554432 (custom)
2019-08-20 14:23:23,404 INFO  server.RaftServerConfigKeys (ConfUtils.java:logGet(43)) - raft.server.log.segment.size.max = 1048576 (custom)
2019-08-20 14:23:23,405 INFO  server.RaftServerConfigKeys (ConfUtils.java:logGet(43)) - raft.server.log.segment.cache.num.max = 2 (custom)
2019-08-20 14:23:23,405 INFO  segmented.SegmentedRaftLogWorker (SegmentedRaftLogWorker.java:<init>(172)) - new badca90e-8687-4d61-a872-ab9f81a9ff79-SegmentedRaftLogWorker:Storage Directory /workdir/hadoop-ozone/integration-test/target/test-dir/MiniOzoneClusterImpl-a060adfa-6b88-4268-8e4a-1c8ea233438e/datanode-1/data/ratis/268cee25-69b1-48a9-9dce-080e89babd8c for RaftStorage:Storage Directory /workdir/hadoop-ozone/integration-test/target/test-dir/MiniOzoneClusterImpl-a060adfa-6b88-4268-8e4a-1c8ea233438e/datanode-1/data/ratis/268cee25-69b1-48a9-9dce-080e89babd8c
2019-08-20 14:23:23,405 INFO  server.RaftServerConfigKeys (ConfUtils.java:logGet(43)) - raft.server.log.queue.byte-limit = 2147483647 (custom)
2019-08-20 14:23:23,405 INFO  server.RaftServerConfigKeys (ConfUtils.java:logGet(43)) - raft.server.log.queue.element-limit = 1024 (custom)
2019-08-20 14:23:23,405 INFO  server.RaftServerConfigKeys (ConfUtils.java:logGet(43)) - raft.server.log.segment.size.max = 1048576 (custom)
2019-08-20 14:23:23,405 INFO  server.RaftServerConfigKeys (ConfUtils.java:logGet(43)) - raft.server.log.preallocated.size = 16384 (custom)
2019-08-20 14:23:23,405 INFO  server.RaftServerConfigKeys (ConfUtils.java:logGet(43)) - raft.server.log.write.buffer.size = 33554432 (custom)
2019-08-20 14:23:23,406 INFO  server.RaftServerConfigKeys (ConfUtils.java:logGet(43)) - raft.server.log.force.sync.num = 128 (default)
2019-08-20 14:23:23,406 INFO  server.RaftServerConfigKeys (ConfUtils.java:logGet(43)) - raft.server.log.statemachine.data.sync = true (default)
2019-08-20 14:23:23,406 INFO  server.RaftServerConfigKeys (ConfUtils.java:logGet(43)) - raft.server.log.statemachine.data.sync.timeout = 10s (default)
2019-08-20 14:23:23,406 INFO  server.RaftServerConfigKeys (ConfUtils.java:logGet(43)) - raft.server.log.statemachine.data.sync.timeout.retry = -1 (default)
2019-08-20 14:23:23,406 INFO  server.RaftServerConfigKeys (ConfUtils.java:logGet(43)) - raft.server.log.statemachine.data.caching.enabled = true (custom)
2019-08-20 14:23:23,407 INFO  segmented.SegmentedRaftLogWorker (SegmentedRaftLogWorker.java:lambda$new$0(132)) - badca90e-8687-4d61-a872-ab9f81a9ff79-SegmentedRaftLogWorker:Storage Directory /workdir/hadoop-ozone/integration-test/target/test-dir/MiniOzoneClusterImpl-a060adfa-6b88-4268-8e4a-1c8ea233438e/datanode-1/data/ratis/268cee25-69b1-48a9-9dce-080e89babd8c: flushIndex: setUnconditionally 0 -> -1
2019-08-20 14:23:23,407 INFO  server.RaftServerConfigKeys (ConfUtils.java:logGet(43)) - raft.server.snapshot.auto.trigger.enabled = true (custom)
2019-08-20 14:23:23,407 INFO  server.RaftServerConfigKeys (ConfUtils.java:logGet(43)) - raft.server.snapshot.auto.trigger.threshold = 10000 (custom)
2019-08-20 14:23:23,407 INFO  server.RaftServerConfigKeys (ConfUtils.java:logGet(43)) - raft.server.retrycache.expirytime = 600000ms (custom)
2019-08-20 14:23:23,407 INFO  impl.RaftServerImpl (RaftServerImpl.java:start(180)) - badca90e-8687-4d61-a872-ab9f81a9ff79: start group-080E89BABD8C
2019-08-20 14:23:23,407 INFO  impl.RaftServerImpl (RaftServerImpl.java:setRole(171)) - badca90e-8687-4d61-a872-ab9f81a9ff79:group-080E89BABD8C changes role from null to FOLLOWER at term 0 for startAsFollower
2019-08-20 14:23:23,407 INFO  impl.RoleInfo (RoleInfo.java:updateAndGet(143)) - badca90e-8687-4d61-a872-ab9f81a9ff79: start FollowerState
2019-08-20 14:23:23,413 INFO  util.JmxRegister (JmxRegister.java:tryRegister(44)) - Successfully registered JMX Bean with object name Ratis:service=RaftServer,group=group-080E89BABD8C,id=badca90e-8687-4d61-a872-ab9f81a9ff79
2019-08-20 14:23:23,419 INFO  pipeline.PipelineStateManager (PipelineStateManager.java:addPipeline(56)) - Created pipeline Pipeline[ Id: 268cee25-69b1-48a9-9dce-080e89babd8c, Nodes: badca90e-8687-4d61-a872-ab9f81a9ff79{ip: 192.168.36.107, host: pr-hdds-1942-s8lb6-241747594, networkLocation: /default-rack, certSerialId: null}, Type:RATIS, Factor:ONE, State:OPEN]
2019-08-20 14:23:23,579 INFO  ozone.MiniOzoneClusterImpl (MiniOzoneClusterImpl.java:lambda$waitForClusterToBeReady$0(142)) - Waiting for cluster to be ready. Got 2 of 3 DN Heartbeats.
2019-08-20 14:23:23,581 INFO  net.NetworkTopology (NetworkTopologyImpl.java:add(110)) - Added a new node: /default-rack/e6d32cf5-7dee-4418-80db-de61244e08bf
2019-08-20 14:23:23,581 INFO  node.SCMNodeManager (SCMNodeManager.java:register(273)) - Registered Data node : e6d32cf5-7dee-4418-80db-de61244e08bf{ip: 192.168.36.107, host: pr-hdds-1942-s8lb6-241747594, networkLocation: /default-rack, certSerialId: null}
2019-08-20 14:23:23,591 INFO  impl.RaftServerProxy (RaftServerProxy.java:addNew(89)) - e6d32cf5-7dee-4418-80db-de61244e08bf: addNew group-1FA8CC81A637:[e6d32cf5-7dee-4418-80db-de61244e08bf:192.168.36.107:35532] returns group-1FA8CC81A637:java.util.concurrent.CompletableFuture@24beab2d[Not completed]
2019-08-20 14:23:23,592 INFO  impl.RaftServerImpl (RaftServerImpl.java:<init>(93)) - e6d32cf5-7dee-4418-80db-de61244e08bf: new RaftServerImpl for group-1FA8CC81A637:[e6d32cf5-7dee-4418-80db-de61244e08bf:192.168.36.107:35532] with ContainerStateMachine:uninitialized
2019-08-20 14:23:23,592 INFO  server.RaftServerConfigKeys (ConfUtils.java:logGet(43)) - raft.server.rpc.timeout.min = 5s (custom)
2019-08-20 14:23:23,593 INFO  server.RaftServerConfigKeys (ConfUtils.java:logGet(43)) - raft.server.rpc.timeout.max = 5200ms (custom)
2019-08-20 14:23:23,593 INFO  server.RaftServerConfigKeys (ConfUtils.java:logGet(43)) - raft.server.rpcslowness.timeout = 120s (custom)
2019-08-20 14:23:23,593 INFO  server.RaftServerConfigKeys (ConfUtils.java:logGet(43)) - raft.server.sleep.deviation.threshold = 300 (default)
2019-08-20 14:23:23,593 INFO  server.RaftServerConfigKeys (ConfUtils.java:logGet(43)) - raft.server.log.appender.install.snapshot.enabled = false (custom)
2019-08-20 14:23:23,593 INFO  impl.RaftServerImpl (ServerState.java:<init>(105)) - e6d32cf5-7dee-4418-80db-de61244e08bf:group-1FA8CC81A637 ConfigurationManager, init=-1: [e6d32cf5-7dee-4418-80db-de61244e08bf:192.168.36.107:35532], old=null, confs=<EMPTY_MAP>
2019-08-20 14:23:23,593 INFO  server.RaftServerConfigKeys (ConfUtils.java:logGet(43)) - raft.server.storage.dir = [/workdir/hadoop-ozone/integration-test/target/test-dir/MiniOzoneClusterImpl-a060adfa-6b88-4268-8e4a-1c8ea233438e/datanode-2/data/ratis] (custom)
2019-08-20 14:23:23,594 INFO  storage.RaftStorageDirectory (RaftStorageDirectory.java:analyzeStorage(246)) - The storage directory /workdir/hadoop-ozone/integration-test/target/test-dir/MiniOzoneClusterImpl-a060adfa-6b88-4268-8e4a-1c8ea233438e/datanode-2/data/ratis/0a9d1e9c-f3ca-4fbd-8b8b-1fa8cc81a637 does not exist. Creating ...
2019-08-20 14:23:23,612 INFO  storage.RaftStorageDirectory (RaftStorageDirectory.java:tryLock(328)) - Lock on /workdir/hadoop-ozone/integration-test/target/test-dir/MiniOzoneClusterImpl-a060adfa-6b88-4268-8e4a-1c8ea233438e/datanode-2/data/ratis/0a9d1e9c-f3ca-4fbd-8b8b-1fa8cc81a637/in_use.lock acquired by nodename 4888@pr-hdds-1942-s8lb6-241747594
2019-08-20 14:23:23,646 INFO  storage.RaftStorage (RaftStorage.java:format(72)) - Storage directory /workdir/hadoop-ozone/integration-test/target/test-dir/MiniOzoneClusterImpl-a060adfa-6b88-4268-8e4a-1c8ea233438e/datanode-2/data/ratis/0a9d1e9c-f3ca-4fbd-8b8b-1fa8cc81a637 has been successfully formatted.
2019-08-20 14:23:23,646 INFO  ratis.ContainerStateMachine (ContainerStateMachine.java:loadSnapshot(222)) - group-1FA8CC81A637: The snapshot info is null. Setting the last applied indexto:(t:0, i:~)
2019-08-20 14:23:23,646 INFO  server.RaftServerConfigKeys (ConfUtils.java:logGet(43)) - raft.server.leader.election.timeout = 120s (custom)
2019-08-20 14:23:23,647 INFO  server.RaftServerConfigKeys (ConfUtils.java:logGet(43)) - raft.server.log.use.memory = false (default)
2019-08-20 14:23:23,647 INFO  server.RaftServerConfigKeys (ConfUtils.java:logGet(43)) - raft.server.log.purge.gap = 1000000000 (custom)
2019-08-20 14:23:23,647 INFO  server.RaftServerConfigKeys (ConfUtils.java:logGet(43)) - raft.server.log.appender.buffer.byte-limit = 33554432 (custom)
2019-08-20 14:23:23,647 INFO  server.RaftServerConfigKeys (ConfUtils.java:logGet(43)) - raft.server.log.segment.size.max = 1048576 (custom)
2019-08-20 14:23:23,647 INFO  server.RaftServerConfigKeys (ConfUtils.java:logGet(43)) - raft.server.log.segment.cache.num.max = 2 (custom)
2019-08-20 14:23:23,647 INFO  segmented.SegmentedRaftLogWorker (SegmentedRaftLogWorker.java:<init>(172)) - new e6d32cf5-7dee-4418-80db-de61244e08bf-SegmentedRaftLogWorker:Storage Directory /workdir/hadoop-ozone/integration-test/target/test-dir/MiniOzoneClusterImpl-a060adfa-6b88-4268-8e4a-1c8ea233438e/datanode-2/data/ratis/0a9d1e9c-f3ca-4fbd-8b8b-1fa8cc81a637 for RaftStorage:Storage Directory /workdir/hadoop-ozone/integration-test/target/test-dir/MiniOzoneClusterImpl-a060adfa-6b88-4268-8e4a-1c8ea233438e/datanode-2/data/ratis/0a9d1e9c-f3ca-4fbd-8b8b-1fa8cc81a637
2019-08-20 14:23:23,647 INFO  server.RaftServerConfigKeys (ConfUtils.java:logGet(43)) - raft.server.log.queue.byte-limit = 2147483647 (custom)
2019-08-20 14:23:23,647 INFO  server.RaftServerConfigKeys (ConfUtils.java:logGet(43)) - raft.server.log.queue.element-limit = 1024 (custom)
2019-08-20 14:23:23,648 INFO  server.RaftServerConfigKeys (ConfUtils.java:logGet(43)) - raft.server.log.segment.size.max = 1048576 (custom)
2019-08-20 14:23:23,648 INFO  server.RaftServerConfigKeys (ConfUtils.java:logGet(43)) - raft.server.log.preallocated.size = 16384 (custom)
2019-08-20 14:23:23,648 INFO  server.RaftServerConfigKeys (ConfUtils.java:logGet(43)) - raft.server.log.write.buffer.size = 33554432 (custom)
2019-08-20 14:23:23,648 INFO  server.RaftServerConfigKeys (ConfUtils.java:logGet(43)) - raft.server.log.force.sync.num = 128 (default)
2019-08-20 14:23:23,648 INFO  server.RaftServerConfigKeys (ConfUtils.java:logGet(43)) - raft.server.log.statemachine.data.sync = true (default)
2019-08-20 14:23:23,648 INFO  server.RaftServerConfigKeys (ConfUtils.java:logGet(43)) - raft.server.log.statemachine.data.sync.timeout = 10s (default)
2019-08-20 14:23:23,648 INFO  server.RaftServerConfigKeys (ConfUtils.java:logGet(43)) - raft.server.log.statemachine.data.sync.timeout.retry = -1 (default)
2019-08-20 14:23:23,649 INFO  server.RaftServerConfigKeys (ConfUtils.java:logGet(43)) - raft.server.log.statemachine.data.caching.enabled = true (custom)
2019-08-20 14:23:23,649 INFO  segmented.SegmentedRaftLogWorker (SegmentedRaftLogWorker.java:lambda$new$0(132)) - e6d32cf5-7dee-4418-80db-de61244e08bf-SegmentedRaftLogWorker:Storage Directory /workdir/hadoop-ozone/integration-test/target/test-dir/MiniOzoneClusterImpl-a060adfa-6b88-4268-8e4a-1c8ea233438e/datanode-2/data/ratis/0a9d1e9c-f3ca-4fbd-8b8b-1fa8cc81a637: flushIndex: setUnconditionally 0 -> -1
2019-08-20 14:23:23,649 INFO  server.RaftServerConfigKeys (ConfUtils.java:logGet(43)) - raft.server.snapshot.auto.trigger.enabled = true (custom)
2019-08-20 14:23:23,649 INFO  server.RaftServerConfigKeys (ConfUtils.java:logGet(43)) - raft.server.snapshot.auto.trigger.threshold = 10000 (custom)
2019-08-20 14:23:23,650 INFO  server.RaftServerConfigKeys (ConfUtils.java:logGet(43)) - raft.server.retrycache.expirytime = 600000ms (custom)
2019-08-20 14:23:23,650 INFO  impl.RaftServerImpl (RaftServerImpl.java:start(180)) - e6d32cf5-7dee-4418-80db-de61244e08bf: start group-1FA8CC81A637
2019-08-20 14:23:23,650 INFO  impl.RaftServerImpl (RaftServerImpl.java:setRole(171)) - e6d32cf5-7dee-4418-80db-de61244e08bf:group-1FA8CC81A637 changes role from null to FOLLOWER at term 0 for startAsFollower
2019-08-20 14:23:23,650 INFO  impl.RoleInfo (RoleInfo.java:updateAndGet(143)) - e6d32cf5-7dee-4418-80db-de61244e08bf: start FollowerState
2019-08-20 14:23:23,650 INFO  util.JmxRegister (JmxRegister.java:tryRegister(44)) - Successfully registered JMX Bean with object name Ratis:service=RaftServer,group=group-1FA8CC81A637,id=e6d32cf5-7dee-4418-80db-de61244e08bf
2019-08-20 14:23:23,654 INFO  pipeline.PipelineStateManager (PipelineStateManager.java:addPipeline(56)) - Created pipeline Pipeline[ Id: 0a9d1e9c-f3ca-4fbd-8b8b-1fa8cc81a637, Nodes: e6d32cf5-7dee-4418-80db-de61244e08bf{ip: 192.168.36.107, host: pr-hdds-1942-s8lb6-241747594, networkLocation: /default-rack, certSerialId: null}, Type:RATIS, Factor:ONE, State:OPEN]
2019-08-20 14:23:23,672 INFO  impl.RaftServerProxy (RaftServerProxy.java:addNew(89)) - badca90e-8687-4d61-a872-ab9f81a9ff79: addNew group-76AF6422E890:[8e43464b-2d64-4fcc-a377-9b9359861b35:192.168.36.107:33935, e6d32cf5-7dee-4418-80db-de61244e08bf:192.168.36.107:35532, badca90e-8687-4d61-a872-ab9f81a9ff79:192.168.36.107:44941] returns group-76AF6422E890:java.util.concurrent.CompletableFuture@2b9064c9[Not completed]
2019-08-20 14:23:23,672 INFO  impl.RaftServerProxy (RaftServerProxy.java:addNew(89)) - 8e43464b-2d64-4fcc-a377-9b9359861b35: addNew group-76AF6422E890:[8e43464b-2d64-4fcc-a377-9b9359861b35:192.168.36.107:33935, e6d32cf5-7dee-4418-80db-de61244e08bf:192.168.36.107:35532, badca90e-8687-4d61-a872-ab9f81a9ff79:192.168.36.107:44941] returns group-76AF6422E890:java.util.concurrent.CompletableFuture@450e5a7d[Not completed]
2019-08-20 14:23:23,672 INFO  impl.RaftServerProxy (RaftServerProxy.java:addNew(89)) - e6d32cf5-7dee-4418-80db-de61244e08bf: addNew group-76AF6422E890:[8e43464b-2d64-4fcc-a377-9b9359861b35:192.168.36.107:33935, e6d32cf5-7dee-4418-80db-de61244e08bf:192.168.36.107:35532, badca90e-8687-4d61-a872-ab9f81a9ff79:192.168.36.107:44941] returns group-76AF6422E890:java.util.concurrent.CompletableFuture@46a7c9f0[Not completed]
2019-08-20 14:23:23,674 INFO  impl.RaftServerImpl (RaftServerImpl.java:<init>(93)) - badca90e-8687-4d61-a872-ab9f81a9ff79: new RaftServerImpl for group-76AF6422E890:[8e43464b-2d64-4fcc-a377-9b9359861b35:192.168.36.107:33935, e6d32cf5-7dee-4418-80db-de61244e08bf:192.168.36.107:35532, badca90e-8687-4d61-a872-ab9f81a9ff79:192.168.36.107:44941] with ContainerStateMachine:uninitialized
2019-08-20 14:23:23,674 INFO  server.RaftServerConfigKeys (ConfUtils.java:logGet(43)) - raft.server.rpc.timeout.min = 5s (custom)
2019-08-20 14:23:23,674 INFO  server.RaftServerConfigKeys (ConfUtils.java:logGet(43)) - raft.server.rpc.timeout.max = 5200ms (custom)
2019-08-20 14:23:23,674 INFO  server.RaftServerConfigKeys (ConfUtils.java:logGet(43)) - raft.server.rpcslowness.timeout = 120s (custom)
2019-08-20 14:23:23,674 INFO  server.RaftServerConfigKeys (ConfUtils.java:logGet(43)) - raft.server.sleep.deviation.threshold = 300 (default)
2019-08-20 14:23:23,674 INFO  server.RaftServerConfigKeys (ConfUtils.java:logGet(43)) - raft.server.log.appender.install.snapshot.enabled = false (custom)
2019-08-20 14:23:23,675 INFO  impl.RaftServerImpl (RaftServerImpl.java:<init>(93)) - e6d32cf5-7dee-4418-80db-de61244e08bf: new RaftServerImpl for group-76AF6422E890:[8e43464b-2d64-4fcc-a377-9b9359861b35:192.168.36.107:33935, e6d32cf5-7dee-4418-80db-de61244e08bf:192.168.36.107:35532, badca90e-8687-4d61-a872-ab9f81a9ff79:192.168.36.107:44941] with ContainerStateMachine:uninitialized
2019-08-20 14:23:23,675 INFO  impl.RaftServerImpl (ServerState.java:<init>(105)) - badca90e-8687-4d61-a872-ab9f81a9ff79:group-76AF6422E890 ConfigurationManager, init=-1: [8e43464b-2d64-4fcc-a377-9b9359861b35:192.168.36.107:33935, e6d32cf5-7dee-4418-80db-de61244e08bf:192.168.36.107:35532, badca90e-8687-4d61-a872-ab9f81a9ff79:192.168.36.107:44941], old=null, confs=<EMPTY_MAP>
2019-08-20 14:23:23,675 INFO  server.RaftServerConfigKeys (ConfUtils.java:logGet(43)) - raft.server.rpc.timeout.min = 5s (custom)
2019-08-20 14:23:23,675 INFO  server.RaftServerConfigKeys (ConfUtils.java:logGet(43)) - raft.server.storage.dir = [/workdir/hadoop-ozone/integration-test/target/test-dir/MiniOzoneClusterImpl-a060adfa-6b88-4268-8e4a-1c8ea233438e/datanode-1/data/ratis] (custom)
2019-08-20 14:23:23,675 INFO  server.RaftServerConfigKeys (ConfUtils.java:logGet(43)) - raft.server.rpc.timeout.max = 5200ms (custom)
2019-08-20 14:23:23,675 INFO  server.RaftServerConfigKeys (ConfUtils.java:logGet(43)) - raft.server.rpcslowness.timeout = 120s (custom)
2019-08-20 14:23:23,675 INFO  impl.RaftServerImpl (RaftServerImpl.java:<init>(93)) - 8e43464b-2d64-4fcc-a377-9b9359861b35: new RaftServerImpl for group-76AF6422E890:[8e43464b-2d64-4fcc-a377-9b9359861b35:192.168.36.107:33935, e6d32cf5-7dee-4418-80db-de61244e08bf:192.168.36.107:35532, badca90e-8687-4d61-a872-ab9f81a9ff79:192.168.36.107:44941] with ContainerStateMachine:uninitialized
2019-08-20 14:23:23,675 INFO  storage.RaftStorageDirectory (RaftStorageDirectory.java:analyzeStorage(246)) - The storage directory /workdir/hadoop-ozone/integration-test/target/test-dir/MiniOzoneClusterImpl-a060adfa-6b88-4268-8e4a-1c8ea233438e/datanode-1/data/ratis/d639d3d2-ae5c-4ebc-ba56-76af6422e890 does not exist. Creating ...
2019-08-20 14:23:23,675 INFO  server.RaftServerConfigKeys (ConfUtils.java:logGet(43)) - raft.server.sleep.deviation.threshold = 300 (default)
2019-08-20 14:23:23,675 INFO  server.RaftServerConfigKeys (ConfUtils.java:logGet(43)) - raft.server.rpc.timeout.min = 5s (custom)
2019-08-20 14:23:23,675 INFO  server.RaftServerConfigKeys (ConfUtils.java:logGet(43)) - raft.server.log.appender.install.snapshot.enabled = false (custom)
2019-08-20 14:23:23,676 INFO  server.RaftServerConfigKeys (ConfUtils.java:logGet(43)) - raft.server.rpc.timeout.max = 5200ms (custom)
2019-08-20 14:23:23,676 INFO  impl.RaftServerImpl (ServerState.java:<init>(105)) - e6d32cf5-7dee-4418-80db-de61244e08bf:group-76AF6422E890 ConfigurationManager, init=-1: [8e43464b-2d64-4fcc-a377-9b9359861b35:192.168.36.107:33935, e6d32cf5-7dee-4418-80db-de61244e08bf:192.168.36.107:35532, badca90e-8687-4d61-a872-ab9f81a9ff79:192.168.36.107:44941], old=null, confs=<EMPTY_MAP>
2019-08-20 14:23:23,676 INFO  server.RaftServerConfigKeys (ConfUtils.java:logGet(43)) - raft.server.rpcslowness.timeout = 120s (custom)
2019-08-20 14:23:23,676 INFO  server.RaftServerConfigKeys (ConfUtils.java:logGet(43)) - raft.server.sleep.deviation.threshold = 300 (default)
2019-08-20 14:23:23,676 INFO  server.RaftServerConfigKeys (ConfUtils.java:logGet(43)) - raft.server.storage.dir = [/workdir/hadoop-ozone/integration-test/target/test-dir/MiniOzoneClusterImpl-a060adfa-6b88-4268-8e4a-1c8ea233438e/datanode-2/data/ratis] (custom)
2019-08-20 14:23:23,676 INFO  server.RaftServerConfigKeys (ConfUtils.java:logGet(43)) - raft.server.log.appender.install.snapshot.enabled = false (custom)
2019-08-20 14:23:23,676 INFO  impl.RaftServerImpl (ServerState.java:<init>(105)) - 8e43464b-2d64-4fcc-a377-9b9359861b35:group-76AF6422E890 ConfigurationManager, init=-1: [8e43464b-2d64-4fcc-a377-9b9359861b35:192.168.36.107:33935, e6d32cf5-7dee-4418-80db-de61244e08bf:192.168.36.107:35532, badca90e-8687-4d61-a872-ab9f81a9ff79:192.168.36.107:44941], old=null, confs=<EMPTY_MAP>
2019-08-20 14:23:23,676 INFO  storage.RaftStorageDirectory (RaftStorageDirectory.java:analyzeStorage(246)) - The storage directory /workdir/hadoop-ozone/integration-test/target/test-dir/MiniOzoneClusterImpl-a060adfa-6b88-4268-8e4a-1c8ea233438e/datanode-2/data/ratis/d639d3d2-ae5c-4ebc-ba56-76af6422e890 does not exist. Creating ...
2019-08-20 14:23:23,676 INFO  server.RaftServerConfigKeys (ConfUtils.java:logGet(43)) - raft.server.storage.dir = [/workdir/hadoop-ozone/integration-test/target/test-dir/MiniOzoneClusterImpl-a060adfa-6b88-4268-8e4a-1c8ea233438e/datanode-0/data/ratis] (custom)
2019-08-20 14:23:23,677 INFO  storage.RaftStorageDirectory (RaftStorageDirectory.java:analyzeStorage(246)) - The storage directory /workdir/hadoop-ozone/integration-test/target/test-dir/MiniOzoneClusterImpl-a060adfa-6b88-4268-8e4a-1c8ea233438e/datanode-0/data/ratis/d639d3d2-ae5c-4ebc-ba56-76af6422e890 does not exist. Creating ...
2019-08-20 14:23:23,697 INFO  storage.RaftStorageDirectory (RaftStorageDirectory.java:tryLock(328)) - Lock on /workdir/hadoop-ozone/integration-test/target/test-dir/MiniOzoneClusterImpl-a060adfa-6b88-4268-8e4a-1c8ea233438e/datanode-2/data/ratis/d639d3d2-ae5c-4ebc-ba56-76af6422e890/in_use.lock acquired by nodename 4888@pr-hdds-1942-s8lb6-241747594
2019-08-20 14:23:23,697 INFO  storage.RaftStorageDirectory (RaftStorageDirectory.java:tryLock(328)) - Lock on /workdir/hadoop-ozone/integration-test/target/test-dir/MiniOzoneClusterImpl-a060adfa-6b88-4268-8e4a-1c8ea233438e/datanode-0/data/ratis/d639d3d2-ae5c-4ebc-ba56-76af6422e890/in_use.lock acquired by nodename 4888@pr-hdds-1942-s8lb6-241747594
2019-08-20 14:23:23,697 INFO  storage.RaftStorageDirectory (RaftStorageDirectory.java:tryLock(328)) - Lock on /workdir/hadoop-ozone/integration-test/target/test-dir/MiniOzoneClusterImpl-a060adfa-6b88-4268-8e4a-1c8ea233438e/datanode-1/data/ratis/d639d3d2-ae5c-4ebc-ba56-76af6422e890/in_use.lock acquired by nodename 4888@pr-hdds-1942-s8lb6-241747594
2019-08-20 14:23:23,723 INFO  storage.RaftStorage (RaftStorage.java:format(72)) - Storage directory /workdir/hadoop-ozone/integration-test/target/test-dir/MiniOzoneClusterImpl-a060adfa-6b88-4268-8e4a-1c8ea233438e/datanode-1/data/ratis/d639d3d2-ae5c-4ebc-ba56-76af6422e890 has been successfully formatted.
2019-08-20 14:23:23,723 INFO  storage.RaftStorage (RaftStorage.java:format(72)) - Storage directory /workdir/hadoop-ozone/integration-test/target/test-dir/MiniOzoneClusterImpl-a060adfa-6b88-4268-8e4a-1c8ea233438e/datanode-2/data/ratis/d639d3d2-ae5c-4ebc-ba56-76af6422e890 has been successfully formatted.
2019-08-20 14:23:23,723 INFO  storage.RaftStorage (RaftStorage.java:format(72)) - Storage directory /workdir/hadoop-ozone/integration-test/target/test-dir/MiniOzoneClusterImpl-a060adfa-6b88-4268-8e4a-1c8ea233438e/datanode-0/data/ratis/d639d3d2-ae5c-4ebc-ba56-76af6422e890 has been successfully formatted.
2019-08-20 14:23:23,723 INFO  ratis.ContainerStateMachine (ContainerStateMachine.java:loadSnapshot(222)) - group-76AF6422E890: The snapshot info is null. Setting the last applied indexto:(t:0, i:~)
2019-08-20 14:23:23,723 INFO  ratis.ContainerStateMachine (ContainerStateMachine.java:loadSnapshot(222)) - group-76AF6422E890: The snapshot info is null. Setting the last applied indexto:(t:0, i:~)
2019-08-20 14:23:23,723 INFO  ratis.ContainerStateMachine (ContainerStateMachine.java:loadSnapshot(222)) - group-76AF6422E890: The snapshot info is null. Setting the last applied indexto:(t:0, i:~)
2019-08-20 14:23:23,723 INFO  server.RaftServerConfigKeys (ConfUtils.java:logGet(43)) - raft.server.leader.election.timeout = 120s (custom)
2019-08-20 14:23:23,723 INFO  server.RaftServerConfigKeys (ConfUtils.java:logGet(43)) - raft.server.leader.election.timeout = 120s (custom)
2019-08-20 14:23:23,723 INFO  server.RaftServerConfigKeys (ConfUtils.java:logGet(43)) - raft.server.log.use.memory = false (default)
2019-08-20 14:23:23,723 INFO  server.RaftServerConfigKeys (ConfUtils.java:logGet(43)) - raft.server.leader.election.timeout = 120s (custom)
2019-08-20 14:23:23,724 INFO  server.RaftServerConfigKeys (ConfUtils.java:logGet(43)) - raft.server.log.purge.gap = 1000000000 (custom)
2019-08-20 14:23:23,723 INFO  server.RaftServerConfigKeys (ConfUtils.java:logGet(43)) - raft.server.log.use.memory = false (default)
2019-08-20 14:23:23,724 INFO  server.RaftServerConfigKeys (ConfUtils.java:logGet(43)) - raft.server.log.appender.buffer.byte-limit = 33554432 (custom)
2019-08-20 14:23:23,724 INFO  server.RaftServerConfigKeys (ConfUtils.java:logGet(43)) - raft.server.log.use.memory = false (default)
2019-08-20 14:23:23,724 INFO  server.RaftServerConfigKeys (ConfUtils.java:logGet(43)) - raft.server.log.segment.size.max = 1048576 (custom)
2019-08-20 14:23:23,724 INFO  server.RaftServerConfigKeys (ConfUtils.java:logGet(43)) - raft.server.log.purge.gap = 1000000000 (custom)
2019-08-20 14:23:23,724 INFO  server.RaftServerConfigKeys (ConfUtils.java:logGet(43)) - raft.server.log.segment.cache.num.max = 2 (custom)
2019-08-20 14:23:23,724 INFO  server.RaftServerConfigKeys (ConfUtils.java:logGet(43)) - raft.server.log.purge.gap = 1000000000 (custom)
2019-08-20 14:23:23,725 INFO  segmented.SegmentedRaftLogWorker (SegmentedRaftLogWorker.java:<init>(172)) - new 8e43464b-2d64-4fcc-a377-9b9359861b35-SegmentedRaftLogWorker:Storage Directory /workdir/hadoop-ozone/integration-test/target/test-dir/MiniOzoneClusterImpl-a060adfa-6b88-4268-8e4a-1c8ea233438e/datanode-0/data/ratis/d639d3d2-ae5c-4ebc-ba56-76af6422e890 for RaftStorage:Storage Directory /workdir/hadoop-ozone/integration-test/target/test-dir/MiniOzoneClusterImpl-a060adfa-6b88-4268-8e4a-1c8ea233438e/datanode-0/data/ratis/d639d3d2-ae5c-4ebc-ba56-76af6422e890
2019-08-20 14:23:23,724 INFO  server.RaftServerConfigKeys (ConfUtils.java:logGet(43)) - raft.server.log.appender.buffer.byte-limit = 33554432 (custom)
2019-08-20 14:23:23,725 INFO  server.RaftServerConfigKeys (ConfUtils.java:logGet(43)) - raft.server.log.queue.byte-limit = 2147483647 (custom)
2019-08-20 14:23:23,725 INFO  server.RaftServerConfigKeys (ConfUtils.java:logGet(43)) - raft.server.log.appender.buffer.byte-limit = 33554432 (custom)
2019-08-20 14:23:23,725 INFO  server.RaftServerConfigKeys (ConfUtils.java:logGet(43)) - raft.server.log.queue.element-limit = 1024 (custom)
2019-08-20 14:23:23,725 INFO  server.RaftServerConfigKeys (ConfUtils.java:logGet(43)) - raft.server.log.segment.size.max = 1048576 (custom)
2019-08-20 14:23:23,725 INFO  server.RaftServerConfigKeys (ConfUtils.java:logGet(43)) - raft.server.log.segment.size.max = 1048576 (custom)
2019-08-20 14:23:23,725 INFO  server.RaftServerConfigKeys (ConfUtils.java:logGet(43)) - raft.server.log.segment.size.max = 1048576 (custom)
2019-08-20 14:23:23,726 INFO  server.RaftServerConfigKeys (ConfUtils.java:logGet(43)) - raft.server.log.preallocated.size = 16384 (custom)
2019-08-20 14:23:23,726 INFO  server.RaftServerConfigKeys (ConfUtils.java:logGet(43)) - raft.server.log.segment.cache.num.max = 2 (custom)
2019-08-20 14:23:23,726 INFO  server.RaftServerConfigKeys (ConfUtils.java:logGet(43)) - raft.server.log.write.buffer.size = 33554432 (custom)
2019-08-20 14:23:23,726 INFO  server.RaftServerConfigKeys (ConfUtils.java:logGet(43)) - raft.server.log.segment.cache.num.max = 2 (custom)
2019-08-20 14:23:23,726 INFO  server.RaftServerConfigKeys (ConfUtils.java:logGet(43)) - raft.server.log.force.sync.num = 128 (default)
2019-08-20 14:23:23,726 INFO  segmented.SegmentedRaftLogWorker (SegmentedRaftLogWorker.java:<init>(172)) - new badca90e-8687-4d61-a872-ab9f81a9ff79-SegmentedRaftLogWorker:Storage Directory /workdir/hadoop-ozone/integration-test/target/test-dir/MiniOzoneClusterImpl-a060adfa-6b88-4268-8e4a-1c8ea233438e/datanode-1/data/ratis/d639d3d2-ae5c-4ebc-ba56-76af6422e890 for RaftStorage:Storage Directory /workdir/hadoop-ozone/integration-test/target/test-dir/MiniOzoneClusterImpl-a060adfa-6b88-4268-8e4a-1c8ea233438e/datanode-1/data/ratis/d639d3d2-ae5c-4ebc-ba56-76af6422e890
2019-08-20 14:23:23,726 INFO  server.RaftServerConfigKeys (ConfUtils.java:logGet(43)) - raft.server.log.statemachine.data.sync = true (default)
2019-08-20 14:23:23,726 INFO  segmented.SegmentedRaftLogWorker (SegmentedRaftLogWorker.java:<init>(172)) - new e6d32cf5-7dee-4418-80db-de61244e08bf-SegmentedRaftLogWorker:Storage Directory /workdir/hadoop-ozone/integration-test/target/test-dir/MiniOzoneClusterImpl-a060adfa-6b88-4268-8e4a-1c8ea233438e/datanode-2/data/ratis/d639d3d2-ae5c-4ebc-ba56-76af6422e890 for RaftStorage:Storage Directory /workdir/hadoop-ozone/integration-test/target/test-dir/MiniOzoneClusterImpl-a060adfa-6b88-4268-8e4a-1c8ea233438e/datanode-2/data/ratis/d639d3d2-ae5c-4ebc-ba56-76af6422e890
2019-08-20 14:23:23,727 INFO  server.RaftServerConfigKeys (ConfUtils.java:logGet(43)) - raft.server.log.statemachine.data.sync.timeout = 10s (default)
2019-08-20 14:23:23,727 INFO  server.RaftServerConfigKeys (ConfUtils.java:logGet(43)) - raft.server.log.queue.byte-limit = 2147483647 (custom)
2019-08-20 14:23:23,727 INFO  server.RaftServerConfigKeys (ConfUtils.java:logGet(43)) - raft.server.log.statemachine.data.sync.timeout.retry = -1 (default)
2019-08-20 14:23:23,727 INFO  server.RaftServerConfigKeys (ConfUtils.java:logGet(43)) - raft.server.log.queue.byte-limit = 2147483647 (custom)
2019-08-20 14:23:23,728 INFO  server.RaftServerConfigKeys (ConfUtils.java:logGet(43)) - raft.server.log.statemachine.data.caching.enabled = true (custom)
2019-08-20 14:23:23,727 INFO  server.RaftServerConfigKeys (ConfUtils.java:logGet(43)) - raft.server.log.queue.element-limit = 1024 (custom)
2019-08-20 14:23:23,728 INFO  server.RaftServerConfigKeys (ConfUtils.java:logGet(43)) - raft.server.log.queue.element-limit = 1024 (custom)
2019-08-20 14:23:23,728 INFO  server.RaftServerConfigKeys (ConfUtils.java:logGet(43)) - raft.server.log.segment.size.max = 1048576 (custom)
2019-08-20 14:23:23,728 INFO  segmented.SegmentedRaftLogWorker (SegmentedRaftLogWorker.java:lambda$new$0(132)) - 8e43464b-2d64-4fcc-a377-9b9359861b35-SegmentedRaftLogWorker:Storage Directory /workdir/hadoop-ozone/integration-test/target/test-dir/MiniOzoneClusterImpl-a060adfa-6b88-4268-8e4a-1c8ea233438e/datanode-0/data/ratis/d639d3d2-ae5c-4ebc-ba56-76af6422e890: flushIndex: setUnconditionally 0 -> -1
2019-08-20 14:23:23,728 INFO  server.RaftServerConfigKeys (ConfUtils.java:logGet(43)) - raft.server.log.preallocated.size = 16384 (custom)
2019-08-20 14:23:23,728 INFO  server.RaftServerConfigKeys (ConfUtils.java:logGet(43)) - raft.server.log.segment.size.max = 1048576 (custom)
2019-08-20 14:23:23,728 INFO  server.RaftServerConfigKeys (ConfUtils.java:logGet(43)) - raft.server.snapshot.auto.trigger.enabled = true (custom)
2019-08-20 14:23:23,728 INFO  server.RaftServerConfigKeys (ConfUtils.java:logGet(43)) - raft.server.log.write.buffer.size = 33554432 (custom)
2019-08-20 14:23:23,729 INFO  server.RaftServerConfigKeys (ConfUtils.java:logGet(43)) - raft.server.snapshot.auto.trigger.threshold = 10000 (custom)
2019-08-20 14:23:23,729 INFO  server.RaftServerConfigKeys (ConfUtils.java:logGet(43)) - raft.server.log.preallocated.size = 16384 (custom)
2019-08-20 14:23:23,729 INFO  server.RaftServerConfigKeys (ConfUtils.java:logGet(43)) - raft.server.retrycache.expirytime = 600000ms (custom)
2019-08-20 14:23:23,729 INFO  server.RaftServerConfigKeys (ConfUtils.java:logGet(43)) - raft.server.log.force.sync.num = 128 (default)
2019-08-20 14:23:23,729 INFO  server.RaftServerConfigKeys (ConfUtils.java:logGet(43)) - raft.server.log.write.buffer.size = 33554432 (custom)
2019-08-20 14:23:23,729 INFO  server.RaftServerConfigKeys (ConfUtils.java:logGet(43)) - raft.server.log.statemachine.data.sync = true (default)
2019-08-20 14:23:23,729 INFO  impl.RaftServerImpl (RaftServerImpl.java:start(180)) - 8e43464b-2d64-4fcc-a377-9b9359861b35: start group-76AF6422E890
2019-08-20 14:23:23,729 INFO  server.RaftServerConfigKeys (ConfUtils.java:logGet(43)) - raft.server.log.statemachine.data.sync.timeout = 10s (default)
2019-08-20 14:23:23,729 INFO  server.RaftServerConfigKeys (ConfUtils.java:logGet(43)) - raft.server.log.force.sync.num = 128 (default)
2019-08-20 14:23:23,730 INFO  server.RaftServerConfigKeys (ConfUtils.java:logGet(43)) - raft.server.log.statemachine.data.sync.timeout.retry = -1 (default)
2019-08-20 14:23:23,730 INFO  impl.RaftServerImpl (RaftServerImpl.java:setRole(171)) - 8e43464b-2d64-4fcc-a377-9b9359861b35:group-76AF6422E890 changes role from null to FOLLOWER at term 0 for startAsFollower
2019-08-20 14:23:23,730 INFO  server.RaftServerConfigKeys (ConfUtils.java:logGet(43)) - raft.server.log.statemachine.data.caching.enabled = true (custom)
2019-08-20 14:23:23,730 INFO  server.RaftServerConfigKeys (ConfUtils.java:logGet(43)) - raft.server.log.statemachine.data.sync = true (default)
2019-08-20 14:23:23,730 INFO  segmented.SegmentedRaftLogWorker (SegmentedRaftLogWorker.java:lambda$new$0(132)) - badca90e-8687-4d61-a872-ab9f81a9ff79-SegmentedRaftLogWorker:Storage Directory /workdir/hadoop-ozone/integration-test/target/test-dir/MiniOzoneClusterImpl-a060adfa-6b88-4268-8e4a-1c8ea233438e/datanode-1/data/ratis/d639d3d2-ae5c-4ebc-ba56-76af6422e890: flushIndex: setUnconditionally 0 -> -1
2019-08-20 14:23:23,730 INFO  impl.RoleInfo (RoleInfo.java:updateAndGet(143)) - 8e43464b-2d64-4fcc-a377-9b9359861b35: start FollowerState
2019-08-20 14:23:23,730 INFO  server.RaftServerConfigKeys (ConfUtils.java:logGet(43)) - raft.server.log.statemachine.data.sync.timeout = 10s (default)
2019-08-20 14:23:23,730 INFO  server.RaftServerConfigKeys (ConfUtils.java:logGet(43)) - raft.server.snapshot.auto.trigger.enabled = true (custom)
2019-08-20 14:23:23,731 INFO  server.RaftServerConfigKeys (ConfUtils.java:logGet(43)) - raft.server.log.statemachine.data.sync.timeout.retry = -1 (default)
2019-08-20 14:23:23,731 INFO  util.JmxRegister (JmxRegister.java:tryRegister(44)) - Successfully registered JMX Bean with object name Ratis:service=RaftServer,group=group-76AF6422E890,id=8e43464b-2d64-4fcc-a377-9b9359861b35
2019-08-20 14:23:23,731 INFO  server.RaftServerConfigKeys (ConfUtils.java:logGet(43)) - raft.server.snapshot.auto.trigger.threshold = 10000 (custom)
2019-08-20 14:23:23,731 INFO  server.RaftServerConfigKeys (ConfUtils.java:logGet(43)) - raft.server.log.statemachine.data.caching.enabled = true (custom)
2019-08-20 14:23:23,731 INFO  server.RaftServerConfigKeys (ConfUtils.java:logGet(43)) - raft.server.retrycache.expirytime = 600000ms (custom)
2019-08-20 14:23:23,731 INFO  impl.RaftServerImpl (RaftServerImpl.java:start(180)) - badca90e-8687-4d61-a872-ab9f81a9ff79: start group-76AF6422E890
2019-08-20 14:23:23,732 INFO  segmented.SegmentedRaftLogWorker (SegmentedRaftLogWorker.java:lambda$new$0(132)) - e6d32cf5-7dee-4418-80db-de61244e08bf-SegmentedRaftLogWorker:Storage Directory /workdir/hadoop-ozone/integration-test/target/test-dir/MiniOzoneClusterImpl-a060adfa-6b88-4268-8e4a-1c8ea233438e/datanode-2/data/ratis/d639d3d2-ae5c-4ebc-ba56-76af6422e890: flushIndex: setUnconditionally 0 -> -1
2019-08-20 14:23:23,732 INFO  impl.RaftServerImpl (RaftServerImpl.java:setRole(171)) - badca90e-8687-4d61-a872-ab9f81a9ff79:group-76AF6422E890 changes role from null to FOLLOWER at term 0 for startAsFollower
2019-08-20 14:23:23,732 INFO  impl.RoleInfo (RoleInfo.java:updateAndGet(143)) - badca90e-8687-4d61-a872-ab9f81a9ff79: start FollowerState
2019-08-20 14:23:23,732 INFO  server.RaftServerConfigKeys (ConfUtils.java:logGet(43)) - raft.server.snapshot.auto.trigger.enabled = true (custom)
2019-08-20 14:23:23,732 INFO  server.RaftServerConfigKeys (ConfUtils.java:logGet(43)) - raft.server.snapshot.auto.trigger.threshold = 10000 (custom)
2019-08-20 14:23:23,732 INFO  util.JmxRegister (JmxRegister.java:tryRegister(44)) - Successfully registered JMX Bean with object name Ratis:service=RaftServer,group=group-76AF6422E890,id=badca90e-8687-4d61-a872-ab9f81a9ff79
2019-08-20 14:23:23,734 INFO  server.RaftServerConfigKeys (ConfUtils.java:logGet(43)) - raft.server.retrycache.expirytime = 600000ms (custom)
2019-08-20 14:23:23,734 INFO  impl.RaftServerImpl (RaftServerImpl.java:start(180)) - e6d32cf5-7dee-4418-80db-de61244e08bf: start group-76AF6422E890
2019-08-20 14:23:23,734 INFO  impl.RaftServerImpl (RaftServerImpl.java:setRole(171)) - e6d32cf5-7dee-4418-80db-de61244e08bf:group-76AF6422E890 changes role from null to FOLLOWER at term 0 for startAsFollower
2019-08-20 14:23:23,735 INFO  impl.RoleInfo (RoleInfo.java:updateAndGet(143)) - e6d32cf5-7dee-4418-80db-de61244e08bf: start FollowerState
2019-08-20 14:23:23,735 INFO  util.JmxRegister (JmxRegister.java:tryRegister(44)) - Successfully registered JMX Bean with object name Ratis:service=RaftServer,group=group-76AF6422E890,id=e6d32cf5-7dee-4418-80db-de61244e08bf
2019-08-20 14:23:23,741 INFO  pipeline.PipelineStateManager (PipelineStateManager.java:addPipeline(56)) - Created pipeline Pipeline[ Id: d639d3d2-ae5c-4ebc-ba56-76af6422e890, Nodes: 8e43464b-2d64-4fcc-a377-9b9359861b35{ip: 192.168.36.107, host: pr-hdds-1942-s8lb6-241747594, networkLocation: /default-rack, certSerialId: null}badca90e-8687-4d61-a872-ab9f81a9ff79{ip: 192.168.36.107, host: pr-hdds-1942-s8lb6-241747594, networkLocation: /default-rack, certSerialId: null}e6d32cf5-7dee-4418-80db-de61244e08bf{ip: 192.168.36.107, host: pr-hdds-1942-s8lb6-241747594, networkLocation: /default-rack, certSerialId: null}, Type:RATIS, Factor:THREE, State:OPEN]
2019-08-20 14:23:24,579 INFO  ozone.MiniOzoneClusterImpl (MiniOzoneClusterImpl.java:lambda$waitForClusterToBeReady$0(142)) - Cluster is ready. Got 3 of 3 DN Heartbeats.
2019-08-20 14:23:24,580 INFO  datanode.ObjectStoreHandler (ObjectStoreHandler.java:close(155)) - Closing ObjectStoreHandler.
2019-08-20 14:23:24,584 INFO  ozone.HddsDatanodeService (HddsDatanodeService.java:stop(451)) - Stopped plug-in org.apache.hadoop.ozone.web.OzoneHddsDatanodeService@2c5ab40
2019-08-20 14:23:25,180 INFO  statemachine.DatanodeStateMachine (DatanodeStateMachine.java:lambda$startDaemon$0(350)) - Ozone container server started.
2019-08-20 14:23:26,187 INFO  container.ReplicationManager (ReplicationManager.java:start(155)) - Starting Replication Monitor Thread.
2019-08-20 14:23:26,190 INFO  container.ReplicationManager (ReplicationManager.java:run(207)) - Replication Monitor Thread took 0 milliseconds for processing 0 containers.
2019-08-20 14:23:28,202 INFO  node.StaleNodeHandler (StaleNodeHandler.java:onMessage(58)) - Datanode 8e43464b-2d64-4fcc-a377-9b9359861b35{ip: 192.168.36.107, host: pr-hdds-1942-s8lb6-241747594, networkLocation: /default-rack, certSerialId: null} moved to stale state. Finalizing its pipelines [PipelineID=d639d3d2-ae5c-4ebc-ba56-76af6422e890, PipelineID=440012c8-b681-4b53-a0b6-60684e0bbbf2]
2019-08-20 14:23:28,202 INFO  pipeline.SCMPipelineManager (SCMPipelineManager.java:finalizeAndDestroyPipeline(309)) - destroying pipeline:Pipeline[ Id: d639d3d2-ae5c-4ebc-ba56-76af6422e890, Nodes: 8e43464b-2d64-4fcc-a377-9b9359861b35{ip: 192.168.36.107, host: pr-hdds-1942-s8lb6-241747594, networkLocation: /default-rack, certSerialId: null}badca90e-8687-4d61-a872-ab9f81a9ff79{ip: 192.168.36.107, host: pr-hdds-1942-s8lb6-241747594, networkLocation: /default-rack, certSerialId: null}e6d32cf5-7dee-4418-80db-de61244e08bf{ip: 192.168.36.107, host: pr-hdds-1942-s8lb6-241747594, networkLocation: /default-rack, certSerialId: null}, Type:RATIS, Factor:THREE, State:OPEN]
2019-08-20 14:23:28,202 INFO  pipeline.PipelineStateManager (PipelineStateManager.java:finalizePipeline(123)) - Pipeline Pipeline[ Id: d639d3d2-ae5c-4ebc-ba56-76af6422e890, Nodes: 8e43464b-2d64-4fcc-a377-9b9359861b35{ip: 192.168.36.107, host: pr-hdds-1942-s8lb6-241747594, networkLocation: /default-rack, certSerialId: null}badca90e-8687-4d61-a872-ab9f81a9ff79{ip: 192.168.36.107, host: pr-hdds-1942-s8lb6-241747594, networkLocation: /default-rack, certSerialId: null}e6d32cf5-7dee-4418-80db-de61244e08bf{ip: 192.168.36.107, host: pr-hdds-1942-s8lb6-241747594, networkLocation: /default-rack, certSerialId: null}, Type:RATIS, Factor:THREE, State:CLOSED] moved to CLOSED state
2019-08-20 14:23:28,204 INFO  pipeline.SCMPipelineManager (SCMPipelineManager.java:finalizeAndDestroyPipeline(309)) - destroying pipeline:Pipeline[ Id: 440012c8-b681-4b53-a0b6-60684e0bbbf2, Nodes: 8e43464b-2d64-4fcc-a377-9b9359861b35{ip: 192.168.36.107, host: pr-hdds-1942-s8lb6-241747594, networkLocation: /default-rack, certSerialId: null}, Type:RATIS, Factor:ONE, State:OPEN]
2019-08-20 14:23:28,204 INFO  pipeline.PipelineStateManager (PipelineStateManager.java:finalizePipeline(123)) - Pipeline Pipeline[ Id: 440012c8-b681-4b53-a0b6-60684e0bbbf2, Nodes: 8e43464b-2d64-4fcc-a377-9b9359861b35{ip: 192.168.36.107, host: pr-hdds-1942-s8lb6-241747594, networkLocation: /default-rack, certSerialId: null}, Type:RATIS, Factor:ONE, State:CLOSED] moved to CLOSED state
2019-08-20 14:23:28,375 INFO  impl.FollowerState (FollowerState.java:run(106)) - 8e43464b-2d64-4fcc-a377-9b9359861b35:group-60684E0BBBF2 changes to CANDIDATE, lastRpcTime:5118, electionTimeout:5118ms
2019-08-20 14:23:28,376 INFO  impl.RoleInfo (RoleInfo.java:shutdownFollowerState(121)) - 8e43464b-2d64-4fcc-a377-9b9359861b35: shutdown FollowerState
2019-08-20 14:23:28,376 INFO  impl.RaftServerImpl (RaftServerImpl.java:setRole(171)) - 8e43464b-2d64-4fcc-a377-9b9359861b35:group-60684E0BBBF2 changes role from FOLLOWER to CANDIDATE at term 0 for changeToCandidate
2019-08-20 14:23:28,376 INFO  impl.RoleInfo (RoleInfo.java:updateAndGet(143)) - 8e43464b-2d64-4fcc-a377-9b9359861b35: start LeaderElection
2019-08-20 14:23:28,477 INFO  impl.FollowerState (FollowerState.java:run(106)) - badca90e-8687-4d61-a872-ab9f81a9ff79:group-080E89BABD8C changes to CANDIDATE, lastRpcTime:5069, electionTimeout:5064ms
2019-08-20 14:23:28,477 INFO  impl.RoleInfo (RoleInfo.java:shutdownFollowerState(121)) - badca90e-8687-4d61-a872-ab9f81a9ff79: shutdown FollowerState
2019-08-20 14:23:28,477 INFO  impl.RaftServerImpl (RaftServerImpl.java:setRole(171)) - badca90e-8687-4d61-a872-ab9f81a9ff79:group-080E89BABD8C changes role from FOLLOWER to CANDIDATE at term 0 for changeToCandidate
2019-08-20 14:23:28,478 INFO  impl.RoleInfo (RoleInfo.java:updateAndGet(143)) - badca90e-8687-4d61-a872-ab9f81a9ff79: start LeaderElection
2019-08-20 14:23:28,620 INFO  impl.LeaderElection (LeaderElection.java:askForVotes(181)) - 8e43464b-2d64-4fcc-a377-9b9359861b35:group-60684E0BBBF2:LeaderElection11: begin an election at term 1 for -1: [8e43464b-2d64-4fcc-a377-9b9359861b35:192.168.36.107:33935], old=null
2019-08-20 14:23:28,620 INFO  impl.LeaderElection (LeaderElection.java:askForVotes(181)) - badca90e-8687-4d61-a872-ab9f81a9ff79:group-080E89BABD8C:LeaderElection12: begin an election at term 1 for -1: [badca90e-8687-4d61-a872-ab9f81a9ff79:192.168.36.107:44941], old=null
2019-08-20 14:23:28,620 INFO  impl.RoleInfo (RoleInfo.java:shutdownLeaderElection(134)) - 8e43464b-2d64-4fcc-a377-9b9359861b35: shutdown LeaderElection
2019-08-20 14:23:28,621 INFO  impl.RoleInfo (RoleInfo.java:shutdownLeaderElection(134)) - badca90e-8687-4d61-a872-ab9f81a9ff79: shutdown LeaderElection
2019-08-20 14:23:28,621 INFO  impl.RaftServerImpl (RaftServerImpl.java:setRole(171)) - 8e43464b-2d64-4fcc-a377-9b9359861b35:group-60684E0BBBF2 changes role from CANDIDATE to LEADER at term 1 for changeToLeader
2019-08-20 14:23:28,621 INFO  impl.RaftServerImpl (RaftServerImpl.java:setRole(171)) - badca90e-8687-4d61-a872-ab9f81a9ff79:group-080E89BABD8C changes role from CANDIDATE to LEADER at term 1 for changeToLeader
2019-08-20 14:23:28,621 INFO  impl.RaftServerImpl (ServerState.java:setLeader(263)) - 8e43464b-2d64-4fcc-a377-9b9359861b35:group-60684E0BBBF2 change Leader from null to 8e43464b-2d64-4fcc-a377-9b9359861b35 at term 1 for becomeLeader, leader elected after 5367ms
2019-08-20 14:23:28,621 INFO  impl.RaftServerImpl (ServerState.java:setLeader(263)) - badca90e-8687-4d61-a872-ab9f81a9ff79:group-080E89BABD8C change Leader from null to badca90e-8687-4d61-a872-ab9f81a9ff79 at term 1 for becomeLeader, leader elected after 5217ms
2019-08-20 14:23:28,621 INFO  server.RaftServerConfigKeys (ConfUtils.java:logGet(43)) - raft.server.staging.catchup.gap = 1000 (default)
2019-08-20 14:23:28,621 INFO  server.RaftServerConfigKeys (ConfUtils.java:logGet(43)) - raft.server.staging.catchup.gap = 1000 (default)
2019-08-20 14:23:28,621 INFO  server.RaftServerConfigKeys (ConfUtils.java:logGet(43)) - raft.server.rpc.sleep.time = 25ms (default)
2019-08-20 14:23:28,621 INFO  server.RaftServerConfigKeys (ConfUtils.java:logGet(43)) - raft.server.rpc.sleep.time = 25ms (default)
2019-08-20 14:23:28,622 INFO  server.RaftServerConfigKeys (ConfUtils.java:logGet(43)) - raft.server.write.element-limit = 4096 (default)
2019-08-20 14:23:28,622 INFO  server.RaftServerConfigKeys (ConfUtils.java:logGet(43)) - raft.server.write.element-limit = 4096 (default)
2019-08-20 14:23:28,622 INFO  server.RaftServerConfigKeys (ConfUtils.java:logGet(43)) - raft.server.watch.timeout = 10s (default)
2019-08-20 14:23:28,622 INFO  server.RaftServerConfigKeys (ConfUtils.java:logGet(43)) - raft.server.watch.timeout = 10s (default)
2019-08-20 14:23:28,622 INFO  server.RaftServerConfigKeys (ConfUtils.java:logGet(43)) - raft.server.watch.timeout.denomination = 1s (default)
2019-08-20 14:23:28,622 INFO  server.RaftServerConfigKeys (ConfUtils.java:logGet(43)) - raft.server.watch.timeout.denomination = 1s (default)
2019-08-20 14:23:28,622 INFO  server.RaftServerConfigKeys (ConfUtils.java:logGet(43)) - raft.server.watch.element-limit = 65536 (default)
2019-08-20 14:23:28,622 INFO  server.RaftServerConfigKeys (ConfUtils.java:logGet(43)) - raft.server.watch.element-limit = 65536 (default)
2019-08-20 14:23:28,623 INFO  impl.RoleInfo (RoleInfo.java:updateAndGet(143)) - 8e43464b-2d64-4fcc-a377-9b9359861b35: start LeaderState
2019-08-20 14:23:28,623 INFO  impl.RoleInfo (RoleInfo.java:updateAndGet(143)) - badca90e-8687-4d61-a872-ab9f81a9ff79: start LeaderState
2019-08-20 14:23:28,623 INFO  segmented.SegmentedRaftLogWorker (SegmentedRaftLogWorker.java:startLogSegment(380)) - 8e43464b-2d64-4fcc-a377-9b9359861b35-SegmentedRaftLogWorker:Storage Directory /workdir/hadoop-ozone/integration-test/target/test-dir/MiniOzoneClusterImpl-a060adfa-6b88-4268-8e4a-1c8ea233438e/datanode-0/data/ratis/440012c8-b681-4b53-a0b6-60684e0bbbf2: Starting segment from index:0
2019-08-20 14:23:28,623 INFO  segmented.SegmentedRaftLogWorker (SegmentedRaftLogWorker.java:startLogSegment(380)) - badca90e-8687-4d61-a872-ab9f81a9ff79-SegmentedRaftLogWorker:Storage Directory /workdir/hadoop-ozone/integration-test/target/test-dir/MiniOzoneClusterImpl-a060adfa-6b88-4268-8e4a-1c8ea233438e/datanode-1/data/ratis/268cee25-69b1-48a9-9dce-080e89babd8c: Starting segment from index:0
2019-08-20 14:23:28,624 INFO  impl.RaftServerImpl (ServerState.java:setRaftConf(361)) - badca90e-8687-4d61-a872-ab9f81a9ff79:group-080E89BABD8C set configuration 0: [badca90e-8687-4d61-a872-ab9f81a9ff79:192.168.36.107:44941], old=null at 0
2019-08-20 14:23:28,624 INFO  impl.RaftServerImpl (ServerState.java:setRaftConf(361)) - 8e43464b-2d64-4fcc-a377-9b9359861b35:group-60684E0BBBF2 set configuration 0: [8e43464b-2d64-4fcc-a377-9b9359861b35:192.168.36.107:33935], old=null at 0
2019-08-20 14:23:28,787 INFO  impl.FollowerState (FollowerState.java:run(106)) - e6d32cf5-7dee-4418-80db-de61244e08bf:group-1FA8CC81A637 changes to CANDIDATE, lastRpcTime:5136, electionTimeout:5136ms
2019-08-20 14:23:28,787 INFO  impl.RoleInfo (RoleInfo.java:shutdownFollowerState(121)) - e6d32cf5-7dee-4418-80db-de61244e08bf: shutdown FollowerState
2019-08-20 14:23:28,788 INFO  impl.RaftServerImpl (RaftServerImpl.java:setRole(171)) - e6d32cf5-7dee-4418-80db-de61244e08bf:group-1FA8CC81A637 changes role from FOLLOWER to CANDIDATE at term 0 for changeToCandidate
2019-08-20 14:23:28,788 INFO  impl.RoleInfo (RoleInfo.java:updateAndGet(143)) - e6d32cf5-7dee-4418-80db-de61244e08bf: start LeaderElection
2019-08-20 14:23:28,877 INFO  impl.FollowerState (FollowerState.java:run(106)) - badca90e-8687-4d61-a872-ab9f81a9ff79:group-76AF6422E890 changes to CANDIDATE, lastRpcTime:5144, electionTimeout:5144ms
2019-08-20 14:23:28,877 INFO  impl.RoleInfo (RoleInfo.java:shutdownFollowerState(121)) - badca90e-8687-4d61-a872-ab9f81a9ff79: shutdown FollowerState
2019-08-20 14:23:28,877 INFO  impl.RaftServerImpl (RaftServerImpl.java:setRole(171)) - badca90e-8687-4d61-a872-ab9f81a9ff79:group-76AF6422E890 changes role from FOLLOWER to CANDIDATE at term 0 for changeToCandidate
2019-08-20 14:23:28,877 INFO  impl.RoleInfo (RoleInfo.java:updateAndGet(143)) - badca90e-8687-4d61-a872-ab9f81a9ff79: start LeaderElection
2019-08-20 14:23:28,907 INFO  impl.FollowerState (FollowerState.java:run(106)) - e6d32cf5-7dee-4418-80db-de61244e08bf:group-76AF6422E890 changes to CANDIDATE, lastRpcTime:5172, electionTimeout:5172ms
2019-08-20 14:23:28,907 INFO  impl.RoleInfo (RoleInfo.java:shutdownFollowerState(121)) - e6d32cf5-7dee-4418-80db-de61244e08bf: shutdown FollowerState
2019-08-20 14:23:28,907 INFO  impl.RaftServerImpl (RaftServerImpl.java:setRole(171)) - e6d32cf5-7dee-4418-80db-de61244e08bf:group-76AF6422E890 changes role from FOLLOWER to CANDIDATE at term 0 for changeToCandidate
2019-08-20 14:23:28,907 INFO  impl.RoleInfo (RoleInfo.java:updateAndGet(143)) - e6d32cf5-7dee-4418-80db-de61244e08bf: start LeaderElection
2019-08-20 14:23:28,912 INFO  impl.FollowerState (FollowerState.java:run(106)) - 8e43464b-2d64-4fcc-a377-9b9359861b35:group-76AF6422E890 changes to CANDIDATE, lastRpcTime:5181, electionTimeout:5181ms
2019-08-20 14:23:28,912 INFO  impl.RoleInfo (RoleInfo.java:shutdownFollowerState(121)) - 8e43464b-2d64-4fcc-a377-9b9359861b35: shutdown FollowerState
2019-08-20 14:23:28,912 INFO  impl.RaftServerImpl (RaftServerImpl.java:setRole(171)) - 8e43464b-2d64-4fcc-a377-9b9359861b35:group-76AF6422E890 changes role from FOLLOWER to CANDIDATE at term 0 for changeToCandidate
2019-08-20 14:23:28,912 INFO  impl.RoleInfo (RoleInfo.java:updateAndGet(143)) - 8e43464b-2d64-4fcc-a377-9b9359861b35: start LeaderElection
2019-08-20 14:23:29,585 INFO  ozoneimpl.OzoneContainer (OzoneContainer.java:stop(199)) - Attempting to stop container services.
2019-08-20 14:23:29,585 INFO  impl.RaftServerProxy (RaftServerProxy.java:lambda$close$4(314)) - 8e43464b-2d64-4fcc-a377-9b9359861b35: close
2019-08-20 14:23:29,586 INFO  impl.RaftServerImpl (RaftServerImpl.java:lambda$shutdown$3(245)) - 8e43464b-2d64-4fcc-a377-9b9359861b35: shutdown group-76AF6422E890
2019-08-20 14:23:29,586 INFO  impl.RaftServerImpl (RaftServerImpl.java:lambda$shutdown$3(245)) - 8e43464b-2d64-4fcc-a377-9b9359861b35: shutdown group-60684E0BBBF2
2019-08-20 14:23:29,587 INFO  util.JmxRegister (JmxRegister.java:unregister(73)) - Successfully un-registered JMX Bean with object name Ratis:service=RaftServer,group=group-76AF6422E890,id=8e43464b-2d64-4fcc-a377-9b9359861b35
2019-08-20 14:23:29,587 INFO  util.JmxRegister (JmxRegister.java:unregister(73)) - Successfully un-registered JMX Bean with object name Ratis:service=RaftServer,group=group-60684E0BBBF2,id=8e43464b-2d64-4fcc-a377-9b9359861b35
2019-08-20 14:23:29,587 INFO  impl.RoleInfo (RoleInfo.java:shutdownLeaderElection(134)) - 8e43464b-2d64-4fcc-a377-9b9359861b35: shutdown LeaderElection
2019-08-20 14:23:29,588 INFO  impl.RoleInfo (RoleInfo.java:shutdownLeaderState(104)) - 8e43464b-2d64-4fcc-a377-9b9359861b35: shutdown LeaderState
2019-08-20 14:23:29,588 INFO  impl.StateMachineUpdater (StateMachineUpdater.java:stopAndJoin(115)) - StateMachineUpdater:8e43464b-2d64-4fcc-a377-9b9359861b35:group-76AF6422E890: set stopIndex = -1
2019-08-20 14:23:29,590 INFO  impl.PendingRequests (PendingRequests.java:sendNotLeaderResponses(202)) - 8e43464b-2d64-4fcc-a377-9b9359861b35-PendingRequests: sendNotLeaderResponses
2019-08-20 14:23:29,590 INFO  impl.RaftServerImpl (ServerState.java:close(394)) - 8e43464b-2d64-4fcc-a377-9b9359861b35:group-76AF6422E890 closes. The last applied log index is -1
2019-08-20 14:23:29,591 INFO  impl.StateMachineUpdater (StateMachineUpdater.java:stopAndJoin(115)) - StateMachineUpdater:8e43464b-2d64-4fcc-a377-9b9359861b35:group-60684E0BBBF2: set stopIndex = -1
2019-08-20 14:23:29,592 INFO  impl.RaftServerImpl (ServerState.java:close(394)) - 8e43464b-2d64-4fcc-a377-9b9359861b35:group-60684E0BBBF2 closes. The last applied log index is -1
2019-08-20 14:23:29,593 INFO  segmented.SegmentedRaftLogWorker (SegmentedRaftLogWorker.java:run(313)) - 8e43464b-2d64-4fcc-a377-9b9359861b35-SegmentedRaftLogWorker:Storage Directory /workdir/hadoop-ozone/integration-test/target/test-dir/MiniOzoneClusterImpl-a060adfa-6b88-4268-8e4a-1c8ea233438e/datanode-0/data/ratis/d639d3d2-ae5c-4ebc-ba56-76af6422e890 was interrupted, exiting. There are 0 tasks remaining in the queue.
2019-08-20 14:23:29,593 INFO  segmented.SegmentedRaftLogWorker (SegmentedRaftLogWorker.java:close(228)) - 8e43464b-2d64-4fcc-a377-9b9359861b35-SegmentedRaftLogWorker:Storage Directory /workdir/hadoop-ozone/integration-test/target/test-dir/MiniOzoneClusterImpl-a060adfa-6b88-4268-8e4a-1c8ea233438e/datanode-0/data/ratis/d639d3d2-ae5c-4ebc-ba56-76af6422e890 close()
2019-08-20 14:23:30,659 INFO  segmented.SegmentedRaftLogWorker (SegmentedRaftLogWorker.java:execute(569)) - badca90e-8687-4d61-a872-ab9f81a9ff79-SegmentedRaftLogWorker:Storage Directory /workdir/hadoop-ozone/integration-test/target/test-dir/MiniOzoneClusterImpl-a060adfa-6b88-4268-8e4a-1c8ea233438e/datanode-1/data/ratis/268cee25-69b1-48a9-9dce-080e89babd8c: created new log segment /workdir/hadoop-ozone/integration-test/target/test-dir/MiniOzoneClusterImpl-a060adfa-6b88-4268-8e4a-1c8ea233438e/datanode-1/data/ratis/268cee25-69b1-48a9-9dce-080e89babd8c/current/log_inprogress_0
2019-08-20 14:23:30,660 INFO  impl.LeaderElection (LeaderElection.java:askForVotes(181)) - e6d32cf5-7dee-4418-80db-de61244e08bf:group-76AF6422E890:LeaderElection15: begin an election at term 1 for -1: [8e43464b-2d64-4fcc-a377-9b9359861b35:192.168.36.107:33935, e6d32cf5-7dee-4418-80db-de61244e08bf:192.168.36.107:35532, badca90e-8687-4d61-a872-ab9f81a9ff79:192.168.36.107:44941], old=null
2019-08-20 14:23:30,660 INFO  impl.LeaderElection (LeaderElection.java:askForVotes(181)) - badca90e-8687-4d61-a872-ab9f81a9ff79:group-76AF6422E890:LeaderElection14: begin an election at term 1 for -1: [8e43464b-2d64-4fcc-a377-9b9359861b35:192.168.36.107:33935, e6d32cf5-7dee-4418-80db-de61244e08bf:192.168.36.107:35532, badca90e-8687-4d61-a872-ab9f81a9ff79:192.168.36.107:44941], old=null
2019-08-20 14:23:30,660 INFO  impl.LeaderElection (LeaderElection.java:askForVotes(181)) - e6d32cf5-7dee-4418-80db-de61244e08bf:group-1FA8CC81A637:LeaderElection13: begin an election at term 1 for -1: [e6d32cf5-7dee-4418-80db-de61244e08bf:192.168.36.107:35532], old=null
2019-08-20 14:23:30,660 INFO  impl.LeaderElection (LeaderElection.java:askForVotes(181)) - 8e43464b-2d64-4fcc-a377-9b9359861b35:group-76AF6422E890:LeaderElection16: begin an election at term 1 for -1: [8e43464b-2d64-4fcc-a377-9b9359861b35:192.168.36.107:33935, e6d32cf5-7dee-4418-80db-de61244e08bf:192.168.36.107:35532, badca90e-8687-4d61-a872-ab9f81a9ff79:192.168.36.107:44941], old=null
2019-08-20 14:23:30,660 WARN  segmented.SegmentedRaftLogOutputStream (SegmentedRaftLogOutputStream.java:<init>(77)) - Hit IOException while creating log segment /workdir/hadoop-ozone/integration-test/target/test-dir/MiniOzoneClusterImpl-a060adfa-6b88-4268-8e4a-1c8ea233438e/datanode-0/data/ratis/440012c8-b681-4b53-a0b6-60684e0bbbf2/current/log_inprogress_0, delete the partial file.
2019-08-20 14:23:30,661 INFO  impl.RoleInfo (RoleInfo.java:shutdownLeaderElection(134)) - e6d32cf5-7dee-4418-80db-de61244e08bf: shutdown LeaderElection
2019-08-20 14:23:30,661 INFO  impl.RaftServerImpl (RaftServerImpl.java:setRole(171)) - e6d32cf5-7dee-4418-80db-de61244e08bf:group-1FA8CC81A637 changes role from CANDIDATE to LEADER at term 1 for changeToLeader
2019-08-20 14:23:30,662 INFO  impl.RaftServerImpl (ServerState.java:setLeader(263)) - e6d32cf5-7dee-4418-80db-de61244e08bf:group-1FA8CC81A637 change Leader from null to e6d32cf5-7dee-4418-80db-de61244e08bf at term 1 for becomeLeader, leader elected after 7015ms
2019-08-20 14:23:30,662 INFO  segmented.SegmentedRaftLogWorker (SegmentedRaftLogWorker.java:close(228)) - 8e43464b-2d64-4fcc-a377-9b9359861b35-SegmentedRaftLogWorker:Storage Directory /workdir/hadoop-ozone/integration-test/target/test-dir/MiniOzoneClusterImpl-a060adfa-6b88-4268-8e4a-1c8ea233438e/datanode-0/data/ratis/440012c8-b681-4b53-a0b6-60684e0bbbf2 close()
2019-08-20 14:23:30,662 INFO  server.RaftServerConfigKeys (ConfUtils.java:logGet(43)) - raft.server.staging.catchup.gap = 1000 (default)
2019-08-20 14:23:30,670 INFO  server.GrpcService (GrpcService.java:closeImpl(155)) - 8e43464b-2d64-4fcc-a377-9b9359861b35: shutdown server with port 33935 now
2019-08-20 14:23:30,672 INFO  server.RaftServerConfigKeys (ConfUtils.java:logGet(43)) - raft.server.rpc.sleep.time = 25ms (default)
2019-08-20 14:23:30,672 INFO  impl.LeaderElection (LogUtils.java:infoOrTrace(149)) - Failed 8e43464b-2d64-4fcc-a377-9b9359861b35:group-76AF6422E890:LeaderElection16, state=CLOSING: {}
java.lang.IllegalArgumentException: 8e43464b-2d64-4fcc-a377-9b9359861b35-SegmentedRaftLog is expected to be opened but it is CLOSED
	at org.apache.ratis.util.OpenCloseState.assertOpen(OpenCloseState.java:63)
	at org.apache.ratis.server.raftlog.RaftLog.checkLogState(RaftLog.java:101)
	at org.apache.ratis.server.raftlog.segmented.SegmentedRaftLog.getLastEntryTermIndex(SegmentedRaftLog.java:263)
	at org.apache.ratis.server.impl.LeaderElection.askForVotes(LeaderElection.java:183)
	at org.apache.ratis.server.impl.LeaderElection.run(LeaderElection.java:130)
	at java.lang.Thread.run(Thread.java:748)
Caused by: org.apache.ratis.util.OpenCloseState$CloseTrace: Close 8e43464b-2d64-4fcc-a377-9b9359861b35-SegmentedRaftLog
	at org.apache.ratis.util.OpenCloseState.lambda$close$1(OpenCloseState.java:109)
	at java.util.concurrent.atomic.AtomicReference.getAndUpdate(AtomicReference.java:160)
	at org.apache.ratis.util.OpenCloseState.close(OpenCloseState.java:109)
	at org.apache.ratis.server.raftlog.RaftLog.close(RaftLog.java:437)
	at org.apache.ratis.server.raftlog.segmented.SegmentedRaftLog.close(SegmentedRaftLog.java:428)
	at org.apache.ratis.server.impl.ServerState.close(ServerState.java:397)
	at org.apache.ratis.server.impl.RaftServerImpl.lambda$shutdown$3(RaftServerImpl.java:267)
	at org.apache.ratis.util.LifeCycle.lambda$checkStateAndClose$2(LifeCycle.java:231)
	at org.apache.ratis.util.LifeCycle.checkStateAndClose(LifeCycle.java:251)
	at org.apache.ratis.util.LifeCycle.checkStateAndClose(LifeCycle.java:229)
	at org.apache.ratis.server.impl.RaftServerImpl.shutdown(RaftServerImpl.java:244)
	at org.apache.ratis.server.impl.RaftServerProxy$ImplMap.lambda$close$0(RaftServerProxy.java:107)
	at java.util.stream.ForEachOps$ForEachOp$OfRef.accept(ForEachOps.java:184)
	at java.util.stream.ReferencePipeline$3$1.accept(ReferencePipeline.java:193)
	at java.util.concurrent.ConcurrentHashMap$ValueSpliterator.forEachRemaining(ConcurrentHashMap.java:3566)
	at java.util.stream.AbstractPipeline.copyInto(AbstractPipeline.java:482)
	at java.util.stream.ForEachOps$ForEachTask.compute(ForEachOps.java:291)
	at java.util.concurrent.CountedCompleter.exec(CountedCompleter.java:731)
	at java.util.concurrent.ForkJoinTask.doExec(ForkJoinTask.java:289)
	at java.util.concurrent.ForkJoinTask.doInvoke(ForkJoinTask.java:401)
	at java.util.concurrent.ForkJoinTask.invoke(ForkJoinTask.java:734)
	at java.util.stream.ForEachOps$ForEachOp.evaluateParallel(ForEachOps.java:160)
	at java.util.stream.ForEachOps$ForEachOp$OfRef.evaluateParallel(ForEachOps.java:174)
	at java.util.stream.AbstractPipeline.evaluate(AbstractPipeline.java:233)
	at java.util.stream.ReferencePipeline.forEach(ReferencePipeline.java:418)
	at org.apache.ratis.server.impl.RaftServerProxy$ImplMap.close(RaftServerProxy.java:107)
	at org.apache.ratis.server.impl.RaftServerProxy.lambda$close$4(RaftServerProxy.java:315)
	at org.apache.ratis.util.LifeCycle.lambda$checkStateAndClose$2(LifeCycle.java:231)
	at org.apache.ratis.util.LifeCycle.checkStateAndClose(LifeCycle.java:251)
	at org.apache.ratis.util.LifeCycle.checkStateAndClose(LifeCycle.java:229)
	at org.apache.ratis.server.impl.RaftServerProxy.close(RaftServerProxy.java:313)
	at org.apache.hadoop.ozone.container.common.transport.server.ratis.XceiverServerRatis.stop(XceiverServerRatis.java:434)
	at org.apache.hadoop.ozone.container.ozoneimpl.OzoneContainer.stop(OzoneContainer.java:201)
	at org.apache.hadoop.ozone.container.common.statemachine.DatanodeStateMachine.close(DatanodeStateMachine.java:270)
	at org.apache.hadoop.ozone.container.common.statemachine.DatanodeStateMachine.stopDaemon(DatanodeStateMachine.java:394)
	at org.apache.hadoop.ozone.HddsDatanodeService.stop(HddsDatanodeService.java:458)
	at org.apache.hadoop.ozone.MiniOzoneClusterImpl.shutdownHddsDatanode(MiniOzoneClusterImpl.java:310)
	at org.apache.hadoop.ozone.MiniOzoneClusterImpl.shutdownHddsDatanode(MiniOzoneClusterImpl.java:315)
	at org.apache.hadoop.hdds.scm.pipeline.TestRatisPipelineCreateAndDestory.testPipelineCreationOnNodeRestart(TestRatisPipelineCreateAndDestory.java:95)
	at sun.reflect.NativeMethodAccessorImpl.invoke0(Native Method)
	at sun.reflect.NativeMethodAccessorImpl.invoke(NativeMethodAccessorImpl.java:62)
	at sun.reflect.DelegatingMethodAccessorImpl.invoke(DelegatingMethodAccessorImpl.java:43)
	at java.lang.reflect.Method.invoke(Method.java:498)
	at org.junit.runners.model.FrameworkMethod$1.runReflectiveCall(FrameworkMethod.java:47)
	at org.junit.internal.runners.model.ReflectiveCallable.run(ReflectiveCallable.java:12)
	at org.junit.runners.model.FrameworkMethod.invokeExplosively(FrameworkMethod.java:44)
	at org.junit.internal.runners.statements.InvokeMethod.evaluate(InvokeMethod.java:17)
	at org.junit.internal.runners.statements.FailOnTimeout$StatementThread.run(FailOnTimeout.java:74)
2019-08-20 14:23:30,676 INFO  server.RaftServerConfigKeys (ConfUtils.java:logGet(43)) - raft.server.write.element-limit = 4096 (default)
2019-08-20 14:23:30,676 INFO  server.GrpcService (GrpcService.java:closeImpl(163)) - 8e43464b-2d64-4fcc-a377-9b9359861b35: shutdown server with port 33935 successfully
2019-08-20 14:23:30,679 INFO  server.RaftServerConfigKeys (ConfUtils.java:logGet(43)) - raft.server.watch.timeout = 10s (default)
2019-08-20 14:23:30,679 INFO  impl.LeaderElection (LeaderElection.java:run(141)) - 8e43464b-2d64-4fcc-a377-9b9359861b35:group-76AF6422E890:LeaderElection16: IllegalArgumentException is safely ignored since this is already CLOSING
2019-08-20 14:23:30,679 INFO  impl.LeaderElection (LogUtils.java:infoOrTrace(149)) - e6d32cf5-7dee-4418-80db-de61244e08bf:group-76AF6422E890:LeaderElection15 got exception when requesting votes: {}
java.util.concurrent.ExecutionException: org.apache.ratis.thirdparty.io.grpc.StatusRuntimeException: UNAVAILABLE: io exception
	at java.util.concurrent.FutureTask.report(FutureTask.java:122)
	at java.util.concurrent.FutureTask.get(FutureTask.java:192)
	at org.apache.ratis.server.impl.LeaderElection.waitForResults(LeaderElection.java:262)
	at org.apache.ratis.server.impl.LeaderElection.askForVotes(LeaderElection.java:200)
	at org.apache.ratis.server.impl.LeaderElection.run(LeaderElection.java:130)
	at java.lang.Thread.run(Thread.java:748)
Caused by: org.apache.ratis.thirdparty.io.grpc.StatusRuntimeException: UNAVAILABLE: io exception
	at org.apache.ratis.thirdparty.io.grpc.stub.ClientCalls.toStatusRuntimeException(ClientCalls.java:233)
	at org.apache.ratis.thirdparty.io.grpc.stub.ClientCalls.getUnchecked(ClientCalls.java:214)
	at org.apache.ratis.thirdparty.io.grpc.stub.ClientCalls.blockingUnaryCall(ClientCalls.java:139)
	at org.apache.ratis.proto.grpc.RaftServerProtocolServiceGrpc$RaftServerProtocolServiceBlockingStub.requestVote(RaftServerProtocolServiceGrpc.java:265)
	at org.apache.ratis.grpc.server.GrpcServerProtocolClient.requestVote(GrpcServerProtocolClient.java:83)
	at org.apache.ratis.grpc.server.GrpcService.requestVote(GrpcService.java:195)
	at org.apache.ratis.server.impl.LeaderElection.lambda$submitRequests$1(LeaderElection.java:237)
	at java.util.concurrent.FutureTask.run(FutureTask.java:266)
	at java.util.concurrent.Executors$RunnableAdapter.call(Executors.java:511)
	at java.util.concurrent.FutureTask.run(FutureTask.java:266)
	at java.util.concurrent.ThreadPoolExecutor.runWorker(ThreadPoolExecutor.java:1149)
	at java.util.concurrent.ThreadPoolExecutor$Worker.run(ThreadPoolExecutor.java:624)
	... 1 more
Caused by: org.apache.ratis.thirdparty.io.netty.channel.AbstractChannel$AnnotatedConnectException: Connection refused: /192.168.36.107:33935
	at sun.nio.ch.SocketChannelImpl.checkConnect(Native Method)
	at sun.nio.ch.SocketChannelImpl.finishConnect(SocketChannelImpl.java:717)
	at org.apache.ratis.thirdparty.io.netty.channel.socket.nio.NioSocketChannel.doFinishConnect(NioSocketChannel.java:327)
	at org.apache.ratis.thirdparty.io.netty.channel.nio.AbstractNioChannel$AbstractNioUnsafe.finishConnect(AbstractNioChannel.java:340)
	at org.apache.ratis.thirdparty.io.netty.channel.nio.NioEventLoop.processSelectedKey(NioEventLoop.java:632)
	at org.apache.ratis.thirdparty.io.netty.channel.nio.NioEventLoop.processSelectedKeysOptimized(NioEventLoop.java:579)
	at org.apache.ratis.thirdparty.io.netty.channel.nio.NioEventLoop.processSelectedKeys(NioEventLoop.java:496)
	at org.apache.ratis.thirdparty.io.netty.channel.nio.NioEventLoop.run(NioEventLoop.java:458)
	at org.apache.ratis.thirdparty.io.netty.util.concurrent.SingleThreadEventExecutor$5.run(SingleThreadEventExecutor.java:897)
	at org.apache.ratis.thirdparty.io.netty.util.concurrent.FastThreadLocalRunnable.run(FastThreadLocalRunnable.java:30)
	... 1 more
Caused by: java.net.ConnectException: Connection refused
	... 11 more
2019-08-20 14:23:30,679 INFO  server.RaftServerConfigKeys (ConfUtils.java:logGet(43)) - raft.server.watch.timeout.denomination = 1s (default)
2019-08-20 14:23:30,683 INFO  utils.BackgroundService (BackgroundService.java:shutdown(148)) - Shutting down service BlockDeletingService
2019-08-20 14:23:30,687 INFO  server.RaftServerConfigKeys (ConfUtils.java:logGet(43)) - raft.server.watch.element-limit = 65536 (default)
2019-08-20 14:23:30,686 INFO  impl.LeaderElection (LogUtils.java:infoOrTrace(149)) - badca90e-8687-4d61-a872-ab9f81a9ff79:group-76AF6422E890:LeaderElection14 got exception when requesting votes: {}
java.util.concurrent.ExecutionException: org.apache.ratis.thirdparty.io.grpc.StatusRuntimeException: UNAVAILABLE: io exception
	at java.util.concurrent.FutureTask.report(FutureTask.java:122)
	at java.util.concurrent.FutureTask.get(FutureTask.java:192)
	at org.apache.ratis.server.impl.LeaderElection.waitForResults(LeaderElection.java:262)
	at org.apache.ratis.server.impl.LeaderElection.askForVotes(LeaderElection.java:200)
	at org.apache.ratis.server.impl.LeaderElection.run(LeaderElection.java:130)
	at java.lang.Thread.run(Thread.java:748)
Caused by: org.apache.ratis.thirdparty.io.grpc.StatusRuntimeException: UNAVAILABLE: io exception
	at org.apache.ratis.thirdparty.io.grpc.stub.ClientCalls.toStatusRuntimeException(ClientCalls.java:233)
	at org.apache.ratis.thirdparty.io.grpc.stub.ClientCalls.getUnchecked(ClientCalls.java:214)
	at org.apache.ratis.thirdparty.io.grpc.stub.ClientCalls.blockingUnaryCall(ClientCalls.java:139)
	at org.apache.ratis.proto.grpc.RaftServerProtocolServiceGrpc$RaftServerProtocolServiceBlockingStub.requestVote(RaftServerProtocolServiceGrpc.java:265)
	at org.apache.ratis.grpc.server.GrpcServerProtocolClient.requestVote(GrpcServerProtocolClient.java:83)
	at org.apache.ratis.grpc.server.GrpcService.requestVote(GrpcService.java:195)
	at org.apache.ratis.server.impl.LeaderElection.lambda$submitRequests$1(LeaderElection.java:237)
	at java.util.concurrent.FutureTask.run(FutureTask.java:266)
	at java.util.concurrent.Executors$RunnableAdapter.call(Executors.java:511)
	at java.util.concurrent.FutureTask.run(FutureTask.java:266)
	at java.util.concurrent.ThreadPoolExecutor.runWorker(ThreadPoolExecutor.java:1149)
	at java.util.concurrent.ThreadPoolExecutor$Worker.run(ThreadPoolExecutor.java:624)
	... 1 more
Caused by: org.apache.ratis.thirdparty.io.netty.channel.AbstractChannel$AnnotatedConnectException: Connection refused: /192.168.36.107:33935
	at sun.nio.ch.SocketChannelImpl.checkConnect(Native Method)
	at sun.nio.ch.SocketChannelImpl.finishConnect(SocketChannelImpl.java:717)
	at org.apache.ratis.thirdparty.io.netty.channel.socket.nio.NioSocketChannel.doFinishConnect(NioSocketChannel.java:327)
	at org.apache.ratis.thirdparty.io.netty.channel.nio.AbstractNioChannel$AbstractNioUnsafe.finishConnect(AbstractNioChannel.java:340)
	at org.apache.ratis.thirdparty.io.netty.channel.nio.NioEventLoop.processSelectedKey(NioEventLoop.java:632)
	at org.apache.ratis.thirdparty.io.netty.channel.nio.NioEventLoop.processSelectedKeysOptimized(NioEventLoop.java:579)
	at org.apache.ratis.thirdparty.io.netty.channel.nio.NioEventLoop.processSelectedKeys(NioEventLoop.java:496)
	at org.apache.ratis.thirdparty.io.netty.channel.nio.NioEventLoop.run(NioEventLoop.java:458)
	at org.apache.ratis.thirdparty.io.netty.util.concurrent.SingleThreadEventExecutor$5.run(SingleThreadEventExecutor.java:897)
	at org.apache.ratis.thirdparty.io.netty.util.concurrent.FastThreadLocalRunnable.run(FastThreadLocalRunnable.java:30)
	... 1 more
Caused by: java.net.ConnectException: Connection refused
	... 11 more
2019-08-20 14:23:30,690 WARN  fs.CachingGetSpaceUsed (CachingGetSpaceUsed.java:run(183)) - Thread Interrupted waiting to refresh disk information: sleep interrupted
2019-08-20 14:23:30,689 INFO  impl.RoleInfo (RoleInfo.java:updateAndGet(143)) - e6d32cf5-7dee-4418-80db-de61244e08bf: start LeaderState
2019-08-20 14:23:30,692 INFO  segmented.SegmentedRaftLogWorker (SegmentedRaftLogWorker.java:startLogSegment(380)) - e6d32cf5-7dee-4418-80db-de61244e08bf-SegmentedRaftLogWorker:Storage Directory /workdir/hadoop-ozone/integration-test/target/test-dir/MiniOzoneClusterImpl-a060adfa-6b88-4268-8e4a-1c8ea233438e/datanode-2/data/ratis/0a9d1e9c-f3ca-4fbd-8b8b-1fa8cc81a637: Starting segment from index:0
2019-08-20 14:23:30,708 INFO  impl.RaftServerImpl (ServerState.java:setRaftConf(361)) - e6d32cf5-7dee-4418-80db-de61244e08bf:group-1FA8CC81A637 set configuration 0: [e6d32cf5-7dee-4418-80db-de61244e08bf:192.168.36.107:35532], old=null at 0
2019-08-20 14:23:30,710 INFO  impl.LeaderElection (LeaderElection.java:logAndReturn(56)) - badca90e-8687-4d61-a872-ab9f81a9ff79:group-76AF6422E890:LeaderElection14: Election REJECTED; received 1 response(s) [badca90e-8687-4d61-a872-ab9f81a9ff79<-e6d32cf5-7dee-4418-80db-de61244e08bf#0:FAIL-t1] and 1 exception(s); badca90e-8687-4d61-a872-ab9f81a9ff79:t1, leader=null, voted=badca90e-8687-4d61-a872-ab9f81a9ff79, raftlog=badca90e-8687-4d61-a872-ab9f81a9ff79-SegmentedRaftLog:OPENED:c-1,f-1,i0, conf=-1: [8e43464b-2d64-4fcc-a377-9b9359861b35:192.168.36.107:33935, e6d32cf5-7dee-4418-80db-de61244e08bf:192.168.36.107:35532, badca90e-8687-4d61-a872-ab9f81a9ff79:192.168.36.107:44941], old=null
2019-08-20 14:23:30,710 INFO  impl.LeaderElection (LeaderElection.java:logAndReturn(56)) - e6d32cf5-7dee-4418-80db-de61244e08bf:group-76AF6422E890:LeaderElection15: Election REJECTED; received 1 response(s) [e6d32cf5-7dee-4418-80db-de61244e08bf<-badca90e-8687-4d61-a872-ab9f81a9ff79#0:FAIL-t1] and 1 exception(s); e6d32cf5-7dee-4418-80db-de61244e08bf:t1, leader=null, voted=e6d32cf5-7dee-4418-80db-de61244e08bf, raftlog=e6d32cf5-7dee-4418-80db-de61244e08bf-SegmentedRaftLog:OPENED:c-1,f-1,i0, conf=-1: [8e43464b-2d64-4fcc-a377-9b9359861b35:192.168.36.107:33935, e6d32cf5-7dee-4418-80db-de61244e08bf:192.168.36.107:35532, badca90e-8687-4d61-a872-ab9f81a9ff79:192.168.36.107:44941], old=null
2019-08-20 14:23:30,711 INFO  impl.LeaderElection (LogUtils.java:infoOrTrace(149)) -   Exception 0: {}
java.util.concurrent.ExecutionException: org.apache.ratis.thirdparty.io.grpc.StatusRuntimeException: UNAVAILABLE: io exception
	at java.util.concurrent.FutureTask.report(FutureTask.java:122)
	at java.util.concurrent.FutureTask.get(FutureTask.java:192)
	at org.apache.ratis.server.impl.LeaderElection.waitForResults(LeaderElection.java:262)
	at org.apache.ratis.server.impl.LeaderElection.askForVotes(LeaderElection.java:200)
	at org.apache.ratis.server.impl.LeaderElection.run(LeaderElection.java:130)
	at java.lang.Thread.run(Thread.java:748)
Caused by: org.apache.ratis.thirdparty.io.grpc.StatusRuntimeException: UNAVAILABLE: io exception
	at org.apache.ratis.thirdparty.io.grpc.stub.ClientCalls.toStatusRuntimeException(ClientCalls.java:233)
	at org.apache.ratis.thirdparty.io.grpc.stub.ClientCalls.getUnchecked(ClientCalls.java:214)
	at org.apache.ratis.thirdparty.io.grpc.stub.ClientCalls.blockingUnaryCall(ClientCalls.java:139)
	at org.apache.ratis.proto.grpc.RaftServerProtocolServiceGrpc$RaftServerProtocolServiceBlockingStub.requestVote(RaftServerProtocolServiceGrpc.java:265)
	at org.apache.ratis.grpc.server.GrpcServerProtocolClient.requestVote(GrpcServerProtocolClient.java:83)
	at org.apache.ratis.grpc.server.GrpcService.requestVote(GrpcService.java:195)
	at org.apache.ratis.server.impl.LeaderElection.lambda$submitRequests$1(LeaderElection.java:237)
	at java.util.concurrent.FutureTask.run(FutureTask.java:266)
	at java.util.concurrent.Executors$RunnableAdapter.call(Executors.java:511)
	at java.util.concurrent.FutureTask.run(FutureTask.java:266)
	at java.util.concurrent.ThreadPoolExecutor.runWorker(ThreadPoolExecutor.java:1149)
	at java.util.concurrent.ThreadPoolExecutor$Worker.run(ThreadPoolExecutor.java:624)
	... 1 more
Caused by: org.apache.ratis.thirdparty.io.netty.channel.AbstractChannel$AnnotatedConnectException: Connection refused: /192.168.36.107:33935
	at sun.nio.ch.SocketChannelImpl.checkConnect(Native Method)
	at sun.nio.ch.SocketChannelImpl.finishConnect(SocketChannelImpl.java:717)
	at org.apache.ratis.thirdparty.io.netty.channel.socket.nio.NioSocketChannel.doFinishConnect(NioSocketChannel.java:327)
	at org.apache.ratis.thirdparty.io.netty.channel.nio.AbstractNioChannel$AbstractNioUnsafe.finishConnect(AbstractNioChannel.java:340)
	at org.apache.ratis.thirdparty.io.netty.channel.nio.NioEventLoop.processSelectedKey(NioEventLoop.java:632)
	at org.apache.ratis.thirdparty.io.netty.channel.nio.NioEventLoop.processSelectedKeysOptimized(NioEventLoop.java:579)
	at org.apache.ratis.thirdparty.io.netty.channel.nio.NioEventLoop.processSelectedKeys(NioEventLoop.java:496)
	at org.apache.ratis.thirdparty.io.netty.channel.nio.NioEventLoop.run(NioEventLoop.java:458)
	at org.apache.ratis.thirdparty.io.netty.util.concurrent.SingleThreadEventExecutor$5.run(SingleThreadEventExecutor.java:897)
	at org.apache.ratis.thirdparty.io.netty.util.concurrent.FastThreadLocalRunnable.run(FastThreadLocalRunnable.java:30)
	... 1 more
Caused by: java.net.ConnectException: Connection refused
	... 11 more
2019-08-20 14:23:30,711 INFO  impl.LeaderElection (LogUtils.java:infoOrTrace(149)) -   Exception 0: {}
java.util.concurrent.ExecutionException: org.apache.ratis.thirdparty.io.grpc.StatusRuntimeException: UNAVAILABLE: io exception
	at java.util.concurrent.FutureTask.report(FutureTask.java:122)
	at java.util.concurrent.FutureTask.get(FutureTask.java:192)
	at org.apache.ratis.server.impl.LeaderElection.waitForResults(LeaderElection.java:262)
	at org.apache.ratis.server.impl.LeaderElection.askForVotes(LeaderElection.java:200)
	at org.apache.ratis.server.impl.LeaderElection.run(LeaderElection.java:130)
	at java.lang.Thread.run(Thread.java:748)
Caused by: org.apache.ratis.thirdparty.io.grpc.StatusRuntimeException: UNAVAILABLE: io exception
	at org.apache.ratis.thirdparty.io.grpc.stub.ClientCalls.toStatusRuntimeException(ClientCalls.java:233)
	at org.apache.ratis.thirdparty.io.grpc.stub.ClientCalls.getUnchecked(ClientCalls.java:214)
	at org.apache.ratis.thirdparty.io.grpc.stub.ClientCalls.blockingUnaryCall(ClientCalls.java:139)
	at org.apache.ratis.proto.grpc.RaftServerProtocolServiceGrpc$RaftServerProtocolServiceBlockingStub.requestVote(RaftServerProtocolServiceGrpc.java:265)
	at org.apache.ratis.grpc.server.GrpcServerProtocolClient.requestVote(GrpcServerProtocolClient.java:83)
	at org.apache.ratis.grpc.server.GrpcService.requestVote(GrpcService.java:195)
	at org.apache.ratis.server.impl.LeaderElection.lambda$submitRequests$1(LeaderElection.java:237)
	at java.util.concurrent.FutureTask.run(FutureTask.java:266)
	at java.util.concurrent.Executors$RunnableAdapter.call(Executors.java:511)
	at java.util.concurrent.FutureTask.run(FutureTask.java:266)
	at java.util.concurrent.ThreadPoolExecutor.runWorker(ThreadPoolExecutor.java:1149)
	at java.util.concurrent.ThreadPoolExecutor$Worker.run(ThreadPoolExecutor.java:624)
	... 1 more
Caused by: org.apache.ratis.thirdparty.io.netty.channel.AbstractChannel$AnnotatedConnectException: Connection refused: /192.168.36.107:33935
	at sun.nio.ch.SocketChannelImpl.checkConnect(Native Method)
	at sun.nio.ch.SocketChannelImpl.finishConnect(SocketChannelImpl.java:717)
	at org.apache.ratis.thirdparty.io.netty.channel.socket.nio.NioSocketChannel.doFinishConnect(NioSocketChannel.java:327)
	at org.apache.ratis.thirdparty.io.netty.channel.nio.AbstractNioChannel$AbstractNioUnsafe.finishConnect(AbstractNioChannel.java:340)
	at org.apache.ratis.thirdparty.io.netty.channel.nio.NioEventLoop.processSelectedKey(NioEventLoop.java:632)
	at org.apache.ratis.thirdparty.io.netty.channel.nio.NioEventLoop.processSelectedKeysOptimized(NioEventLoop.java:579)
	at org.apache.ratis.thirdparty.io.netty.channel.nio.NioEventLoop.processSelectedKeys(NioEventLoop.java:496)
	at org.apache.ratis.thirdparty.io.netty.channel.nio.NioEventLoop.run(NioEventLoop.java:458)
	at org.apache.ratis.thirdparty.io.netty.util.concurrent.SingleThreadEventExecutor$5.run(SingleThreadEventExecutor.java:897)
	at org.apache.ratis.thirdparty.io.netty.util.concurrent.FastThreadLocalRunnable.run(FastThreadLocalRunnable.java:30)
	... 1 more
Caused by: java.net.ConnectException: Connection refused
	... 11 more
2019-08-20 14:23:30,712 INFO  impl.RaftServerImpl (RaftServerImpl.java:setRole(171)) - badca90e-8687-4d61-a872-ab9f81a9ff79:group-76AF6422E890 changes role from CANDIDATE to FOLLOWER at term 1 for DISCOVERED_A_NEW_TERM
2019-08-20 14:23:30,714 INFO  impl.RaftServerImpl (RaftServerImpl.java:setRole(171)) - e6d32cf5-7dee-4418-80db-de61244e08bf:group-76AF6422E890 changes role from CANDIDATE to FOLLOWER at term 1 for DISCOVERED_A_NEW_TERM
2019-08-20 14:23:30,715 INFO  impl.RoleInfo (RoleInfo.java:shutdownLeaderElection(134)) - badca90e-8687-4d61-a872-ab9f81a9ff79: shutdown LeaderElection
2019-08-20 14:23:30,716 INFO  impl.RoleInfo (RoleInfo.java:shutdownLeaderElection(134)) - e6d32cf5-7dee-4418-80db-de61244e08bf: shutdown LeaderElection
2019-08-20 14:23:30,716 INFO  impl.RoleInfo (RoleInfo.java:updateAndGet(143)) - badca90e-8687-4d61-a872-ab9f81a9ff79: start FollowerState
2019-08-20 14:23:30,716 INFO  impl.RoleInfo (RoleInfo.java:updateAndGet(143)) - e6d32cf5-7dee-4418-80db-de61244e08bf: start FollowerState
2019-08-20 14:23:30,729 INFO  statemachine.DatanodeStateMachine (DatanodeStateMachine.java:stopDaemon(395)) - Ozone container server stopped.
2019-08-20 14:23:30,729 INFO  segmented.SegmentedRaftLogWorker (SegmentedRaftLogWorker.java:execute(569)) - e6d32cf5-7dee-4418-80db-de61244e08bf-SegmentedRaftLogWorker:Storage Directory /workdir/hadoop-ozone/integration-test/target/test-dir/MiniOzoneClusterImpl-a060adfa-6b88-4268-8e4a-1c8ea233438e/datanode-2/data/ratis/0a9d1e9c-f3ca-4fbd-8b8b-1fa8cc81a637: created new log segment /workdir/hadoop-ozone/integration-test/target/test-dir/MiniOzoneClusterImpl-a060adfa-6b88-4268-8e4a-1c8ea233438e/datanode-2/data/ratis/0a9d1e9c-f3ca-4fbd-8b8b-1fa8cc81a637/current/log_inprogress_0
2019-08-20 14:23:30,730 INFO  handler.ContextHandler (ContextHandler.java:doStop(910)) - Stopped o.e.j.w.WebAppContext@b6774c6{/,null,UNAVAILABLE}{/hddsDatanode}
2019-08-20 14:23:30,731 INFO  server.AbstractConnector (AbstractConnector.java:doStop(318)) - Stopped ServerConnector@50b060ac{HTTP/1.1,[http/1.1]}{0.0.0.0:0}
2019-08-20 14:23:30,731 INFO  handler.ContextHandler (ContextHandler.java:doStop(910)) - Stopped o.e.j.s.ServletContextHandler@74252dfa{/static,jar:file:/home/user/.m2/repository/org/apache/hadoop/hadoop-hdds-container-service/0.5.0-SNAPSHOT/hadoop-hdds-container-service-0.5.0-SNAPSHOT.jar!/webapps/static,UNAVAILABLE}
2019-08-20 14:23:30,731 INFO  handler.ContextHandler (ContextHandler.java:doStop(910)) - Stopped o.e.j.s.ServletContextHandler@490c9550{/logs,file:///workdir/hadoop-ozone/integration-test/target/log,UNAVAILABLE}
2019-08-20 14:23:30,732 INFO  datanode.ObjectStoreHandler (ObjectStoreHandler.java:close(155)) - Closing ObjectStoreHandler.
2019-08-20 14:23:30,734 INFO  ozone.HddsDatanodeService (HddsDatanodeService.java:stop(451)) - Stopped plug-in org.apache.hadoop.ozone.web.OzoneHddsDatanodeService@55053235
2019-08-20 14:23:31,352 INFO  statemachine.DatanodeStateMachine (DatanodeStateMachine.java:lambda$startDaemon$0(350)) - Ozone container server started.
2019-08-20 14:23:35,733 INFO  impl.FollowerState (FollowerState.java:run(106)) - e6d32cf5-7dee-4418-80db-de61244e08bf:group-76AF6422E890 changes to CANDIDATE, lastRpcTime:5017, electionTimeout:5015ms
2019-08-20 14:23:35,733 INFO  impl.RoleInfo (RoleInfo.java:shutdownFollowerState(121)) - e6d32cf5-7dee-4418-80db-de61244e08bf: shutdown FollowerState
2019-08-20 14:23:35,733 INFO  impl.RaftServerImpl (RaftServerImpl.java:setRole(171)) - e6d32cf5-7dee-4418-80db-de61244e08bf:group-76AF6422E890 changes role from FOLLOWER to CANDIDATE at term 1 for changeToCandidate
2019-08-20 14:23:35,733 INFO  impl.RoleInfo (RoleInfo.java:updateAndGet(143)) - e6d32cf5-7dee-4418-80db-de61244e08bf: start LeaderElection
2019-08-20 14:23:35,736 INFO  ozoneimpl.OzoneContainer (OzoneContainer.java:stop(199)) - Attempting to stop container services.
2019-08-20 14:23:35,736 INFO  impl.RaftServerProxy (RaftServerProxy.java:lambda$close$4(314)) - badca90e-8687-4d61-a872-ab9f81a9ff79: close
2019-08-20 14:23:35,737 INFO  impl.RaftServerImpl (RaftServerImpl.java:lambda$shutdown$3(245)) - badca90e-8687-4d61-a872-ab9f81a9ff79: shutdown group-76AF6422E890
2019-08-20 14:23:35,737 INFO  util.JmxRegister (JmxRegister.java:unregister(73)) - Successfully un-registered JMX Bean with object name Ratis:service=RaftServer,group=group-76AF6422E890,id=badca90e-8687-4d61-a872-ab9f81a9ff79
2019-08-20 14:23:35,737 INFO  impl.RoleInfo (RoleInfo.java:shutdownFollowerState(121)) - badca90e-8687-4d61-a872-ab9f81a9ff79: shutdown FollowerState
2019-08-20 14:23:35,737 INFO  impl.StateMachineUpdater (StateMachineUpdater.java:stopAndJoin(115)) - StateMachineUpdater:badca90e-8687-4d61-a872-ab9f81a9ff79:group-76AF6422E890: set stopIndex = -1
2019-08-20 14:23:35,737 INFO  impl.FollowerState (FollowerState.java:run(114)) - badca90e-8687-4d61-a872-ab9f81a9ff79: FollowerState was interrupted: java.lang.InterruptedException: sleep interrupted
2019-08-20 14:23:35,739 INFO  impl.RaftServerImpl (ServerState.java:close(394)) - badca90e-8687-4d61-a872-ab9f81a9ff79:group-76AF6422E890 closes. The last applied log index is -1
2019-08-20 14:23:35,740 INFO  segmented.SegmentedRaftLogWorker (SegmentedRaftLogWorker.java:run(313)) - badca90e-8687-4d61-a872-ab9f81a9ff79-SegmentedRaftLogWorker:Storage Directory /workdir/hadoop-ozone/integration-test/target/test-dir/MiniOzoneClusterImpl-a060adfa-6b88-4268-8e4a-1c8ea233438e/datanode-1/data/ratis/d639d3d2-ae5c-4ebc-ba56-76af6422e890 was interrupted, exiting. There are 0 tasks remaining in the queue.
2019-08-20 14:23:35,740 INFO  segmented.SegmentedRaftLogWorker (SegmentedRaftLogWorker.java:close(228)) - badca90e-8687-4d61-a872-ab9f81a9ff79-SegmentedRaftLogWorker:Storage Directory /workdir/hadoop-ozone/integration-test/target/test-dir/MiniOzoneClusterImpl-a060adfa-6b88-4268-8e4a-1c8ea233438e/datanode-1/data/ratis/d639d3d2-ae5c-4ebc-ba56-76af6422e890 close()
2019-08-20 14:23:35,742 INFO  impl.RaftServerImpl (RaftServerImpl.java:lambda$shutdown$3(245)) - badca90e-8687-4d61-a872-ab9f81a9ff79: shutdown group-080E89BABD8C
2019-08-20 14:23:35,743 INFO  util.JmxRegister (JmxRegister.java:unregister(73)) - Successfully un-registered JMX Bean with object name Ratis:service=RaftServer,group=group-080E89BABD8C,id=badca90e-8687-4d61-a872-ab9f81a9ff79
2019-08-20 14:23:35,743 INFO  impl.RoleInfo (RoleInfo.java:shutdownLeaderState(104)) - badca90e-8687-4d61-a872-ab9f81a9ff79: shutdown LeaderState
2019-08-20 14:23:35,744 INFO  impl.PendingRequests (PendingRequests.java:sendNotLeaderResponses(202)) - badca90e-8687-4d61-a872-ab9f81a9ff79-PendingRequests: sendNotLeaderResponses
2019-08-20 14:23:35,744 INFO  impl.StateMachineUpdater (StateMachineUpdater.java:stopAndJoin(115)) - StateMachineUpdater:badca90e-8687-4d61-a872-ab9f81a9ff79:group-080E89BABD8C: set stopIndex = 0
2019-08-20 14:23:35,745 INFO  impl.RaftServerImpl (ServerState.java:close(394)) - badca90e-8687-4d61-a872-ab9f81a9ff79:group-080E89BABD8C closes. The last applied log index is 0
2019-08-20 14:23:35,746 INFO  segmented.SegmentedRaftLogWorker (SegmentedRaftLogWorker.java:run(313)) - badca90e-8687-4d61-a872-ab9f81a9ff79-SegmentedRaftLogWorker:Storage Directory /workdir/hadoop-ozone/integration-test/target/test-dir/MiniOzoneClusterImpl-a060adfa-6b88-4268-8e4a-1c8ea233438e/datanode-1/data/ratis/268cee25-69b1-48a9-9dce-080e89babd8c was interrupted, exiting. There are 0 tasks remaining in the queue.
2019-08-20 14:23:35,747 INFO  segmented.SegmentedRaftLogWorker (SegmentedRaftLogWorker.java:close(228)) - badca90e-8687-4d61-a872-ab9f81a9ff79-SegmentedRaftLogWorker:Storage Directory /workdir/hadoop-ozone/integration-test/target/test-dir/MiniOzoneClusterImpl-a060adfa-6b88-4268-8e4a-1c8ea233438e/datanode-1/data/ratis/268cee25-69b1-48a9-9dce-080e89babd8c close()
2019-08-20 14:23:35,748 INFO  server.GrpcService (GrpcService.java:closeImpl(155)) - badca90e-8687-4d61-a872-ab9f81a9ff79: shutdown server with port 44941 now
2019-08-20 14:23:35,751 INFO  server.GrpcService (GrpcService.java:closeImpl(163)) - badca90e-8687-4d61-a872-ab9f81a9ff79: shutdown server with port 44941 successfully
2019-08-20 14:23:35,752 INFO  utils.BackgroundService (BackgroundService.java:shutdown(148)) - Shutting down service BlockDeletingService
2019-08-20 14:23:35,753 WARN  fs.CachingGetSpaceUsed (CachingGetSpaceUsed.java:run(183)) - Thread Interrupted waiting to refresh disk information: sleep interrupted
2019-08-20 14:23:35,770 INFO  statemachine.DatanodeStateMachine (DatanodeStateMachine.java:stopDaemon(395)) - Ozone container server stopped.
2019-08-20 14:23:35,771 INFO  handler.ContextHandler (ContextHandler.java:doStop(910)) - Stopped o.e.j.w.WebAppContext@4a785014{/,null,UNAVAILABLE}{/hddsDatanode}
2019-08-20 14:23:35,772 INFO  server.AbstractConnector (AbstractConnector.java:doStop(318)) - Stopped ServerConnector@3ab4b97e{HTTP/1.1,[http/1.1]}{0.0.0.0:0}
2019-08-20 14:23:35,772 INFO  handler.ContextHandler (ContextHandler.java:doStop(910)) - Stopped o.e.j.s.ServletContextHandler@1082eaf5{/static,jar:file:/home/user/.m2/repository/org/apache/hadoop/hadoop-hdds-container-service/0.5.0-SNAPSHOT/hadoop-hdds-container-service-0.5.0-SNAPSHOT.jar!/webapps/static,UNAVAILABLE}
2019-08-20 14:23:35,772 INFO  handler.ContextHandler (ContextHandler.java:doStop(910)) - Stopped o.e.j.s.ServletContextHandler@7c48f0e2{/logs,file:///workdir/hadoop-ozone/integration-test/target/log,UNAVAILABLE}
2019-08-20 14:23:35,773 INFO  datanode.ObjectStoreHandler (ObjectStoreHandler.java:close(155)) - Closing ObjectStoreHandler.
2019-08-20 14:23:35,774 INFO  ozone.HddsDatanodeService (HddsDatanodeService.java:stop(451)) - Stopped plug-in org.apache.hadoop.ozone.web.OzoneHddsDatanodeService@38a6b507
2019-08-20 14:23:36,084 INFO  impl.LeaderElection (LeaderElection.java:askForVotes(181)) - e6d32cf5-7dee-4418-80db-de61244e08bf:group-76AF6422E890:LeaderElection17: begin an election at term 2 for -1: [8e43464b-2d64-4fcc-a377-9b9359861b35:192.168.36.107:33935, e6d32cf5-7dee-4418-80db-de61244e08bf:192.168.36.107:35532, badca90e-8687-4d61-a872-ab9f81a9ff79:192.168.36.107:44941], old=null
2019-08-20 14:23:36,086 INFO  impl.LeaderElection (LogUtils.java:infoOrTrace(149)) - e6d32cf5-7dee-4418-80db-de61244e08bf:group-76AF6422E890:LeaderElection17 got exception when requesting votes: {}
java.util.concurrent.ExecutionException: org.apache.ratis.thirdparty.io.grpc.StatusRuntimeException: UNAVAILABLE: io exception
	at java.util.concurrent.FutureTask.report(FutureTask.java:122)
	at java.util.concurrent.FutureTask.get(FutureTask.java:192)
	at org.apache.ratis.server.impl.LeaderElection.waitForResults(LeaderElection.java:262)
	at org.apache.ratis.server.impl.LeaderElection.askForVotes(LeaderElection.java:200)
	at org.apache.ratis.server.impl.LeaderElection.run(LeaderElection.java:130)
	at java.lang.Thread.run(Thread.java:748)
Caused by: org.apache.ratis.thirdparty.io.grpc.StatusRuntimeException: UNAVAILABLE: io exception
	at org.apache.ratis.thirdparty.io.grpc.stub.ClientCalls.toStatusRuntimeException(ClientCalls.java:233)
	at org.apache.ratis.thirdparty.io.grpc.stub.ClientCalls.getUnchecked(ClientCalls.java:214)
	at org.apache.ratis.thirdparty.io.grpc.stub.ClientCalls.blockingUnaryCall(ClientCalls.java:139)
	at org.apache.ratis.proto.grpc.RaftServerProtocolServiceGrpc$RaftServerProtocolServiceBlockingStub.requestVote(RaftServerProtocolServiceGrpc.java:265)
	at org.apache.ratis.grpc.server.GrpcServerProtocolClient.requestVote(GrpcServerProtocolClient.java:83)
	at org.apache.ratis.grpc.server.GrpcService.requestVote(GrpcService.java:195)
	at org.apache.ratis.server.impl.LeaderElection.lambda$submitRequests$1(LeaderElection.java:237)
	at java.util.concurrent.FutureTask.run(FutureTask.java:266)
	at java.util.concurrent.Executors$RunnableAdapter.call(Executors.java:511)
	at java.util.concurrent.FutureTask.run(FutureTask.java:266)
	at java.util.concurrent.ThreadPoolExecutor.runWorker(ThreadPoolExecutor.java:1149)
	at java.util.concurrent.ThreadPoolExecutor$Worker.run(ThreadPoolExecutor.java:624)
	... 1 more
Caused by: org.apache.ratis.thirdparty.io.netty.channel.AbstractChannel$AnnotatedConnectException: Connection refused: /192.168.36.107:33935
	at sun.nio.ch.SocketChannelImpl.checkConnect(Native Method)
	at sun.nio.ch.SocketChannelImpl.finishConnect(SocketChannelImpl.java:717)
	at org.apache.ratis.thirdparty.io.netty.channel.socket.nio.NioSocketChannel.doFinishConnect(NioSocketChannel.java:327)
	at org.apache.ratis.thirdparty.io.netty.channel.nio.AbstractNioChannel$AbstractNioUnsafe.finishConnect(AbstractNioChannel.java:340)
	at org.apache.ratis.thirdparty.io.netty.channel.nio.NioEventLoop.processSelectedKey(NioEventLoop.java:632)
	at org.apache.ratis.thirdparty.io.netty.channel.nio.NioEventLoop.processSelectedKeysOptimized(NioEventLoop.java:579)
	at org.apache.ratis.thirdparty.io.netty.channel.nio.NioEventLoop.processSelectedKeys(NioEventLoop.java:496)
	at org.apache.ratis.thirdparty.io.netty.channel.nio.NioEventLoop.run(NioEventLoop.java:458)
	at org.apache.ratis.thirdparty.io.netty.util.concurrent.SingleThreadEventExecutor$5.run(SingleThreadEventExecutor.java:897)
	at org.apache.ratis.thirdparty.io.netty.util.concurrent.FastThreadLocalRunnable.run(FastThreadLocalRunnable.java:30)
	... 1 more
Caused by: java.net.ConnectException: Connection refused
	... 11 more
2019-08-20 14:23:36,093 INFO  impl.LeaderElection (LogUtils.java:infoOrTrace(149)) - e6d32cf5-7dee-4418-80db-de61244e08bf:group-76AF6422E890:LeaderElection17 got exception when requesting votes: {}
java.util.concurrent.ExecutionException: org.apache.ratis.thirdparty.io.grpc.StatusRuntimeException: UNAVAILABLE: io exception
	at java.util.concurrent.FutureTask.report(FutureTask.java:122)
	at java.util.concurrent.FutureTask.get(FutureTask.java:192)
	at org.apache.ratis.server.impl.LeaderElection.waitForResults(LeaderElection.java:262)
	at org.apache.ratis.server.impl.LeaderElection.askForVotes(LeaderElection.java:200)
	at org.apache.ratis.server.impl.LeaderElection.run(LeaderElection.java:130)
	at java.lang.Thread.run(Thread.java:748)
Caused by: org.apache.ratis.thirdparty.io.grpc.StatusRuntimeException: UNAVAILABLE: io exception
	at org.apache.ratis.thirdparty.io.grpc.stub.ClientCalls.toStatusRuntimeException(ClientCalls.java:233)
	at org.apache.ratis.thirdparty.io.grpc.stub.ClientCalls.getUnchecked(ClientCalls.java:214)
	at org.apache.ratis.thirdparty.io.grpc.stub.ClientCalls.blockingUnaryCall(ClientCalls.java:139)
	at org.apache.ratis.proto.grpc.RaftServerProtocolServiceGrpc$RaftServerProtocolServiceBlockingStub.requestVote(RaftServerProtocolServiceGrpc.java:265)
	at org.apache.ratis.grpc.server.GrpcServerProtocolClient.requestVote(GrpcServerProtocolClient.java:83)
	at org.apache.ratis.grpc.server.GrpcService.requestVote(GrpcService.java:195)
	at org.apache.ratis.server.impl.LeaderElection.lambda$submitRequests$1(LeaderElection.java:237)
	at java.util.concurrent.FutureTask.run(FutureTask.java:266)
	at java.util.concurrent.Executors$RunnableAdapter.call(Executors.java:511)
	at java.util.concurrent.FutureTask.run(FutureTask.java:266)
	at java.util.concurrent.ThreadPoolExecutor.runWorker(ThreadPoolExecutor.java:1149)
	at java.util.concurrent.ThreadPoolExecutor$Worker.run(ThreadPoolExecutor.java:624)
	... 1 more
Caused by: org.apache.ratis.thirdparty.io.netty.channel.AbstractChannel$AnnotatedConnectException: Connection refused: /192.168.36.107:44941
	at sun.nio.ch.SocketChannelImpl.checkConnect(Native Method)
	at sun.nio.ch.SocketChannelImpl.finishConnect(SocketChannelImpl.java:717)
	at org.apache.ratis.thirdparty.io.netty.channel.socket.nio.NioSocketChannel.doFinishConnect(NioSocketChannel.java:327)
	at org.apache.ratis.thirdparty.io.netty.channel.nio.AbstractNioChannel$AbstractNioUnsafe.finishConnect(AbstractNioChannel.java:340)
	at org.apache.ratis.thirdparty.io.netty.channel.nio.NioEventLoop.processSelectedKey(NioEventLoop.java:632)
	at org.apache.ratis.thirdparty.io.netty.channel.nio.NioEventLoop.processSelectedKeysOptimized(NioEventLoop.java:579)
	at org.apache.ratis.thirdparty.io.netty.channel.nio.NioEventLoop.processSelectedKeys(NioEventLoop.java:496)
	at org.apache.ratis.thirdparty.io.netty.channel.nio.NioEventLoop.run(NioEventLoop.java:458)
	at org.apache.ratis.thirdparty.io.netty.util.concurrent.SingleThreadEventExecutor$5.run(SingleThreadEventExecutor.java:897)
	at org.apache.ratis.thirdparty.io.netty.util.concurrent.FastThreadLocalRunnable.run(FastThreadLocalRunnable.java:30)
	... 1 more
Caused by: java.net.ConnectException: Connection refused
	... 11 more
2019-08-20 14:23:36,095 INFO  impl.LeaderElection (LeaderElection.java:logAndReturn(56)) - e6d32cf5-7dee-4418-80db-de61244e08bf:group-76AF6422E890:LeaderElection17: Election REJECTED; received 0 response(s) [] and 2 exception(s); e6d32cf5-7dee-4418-80db-de61244e08bf:t2, leader=null, voted=e6d32cf5-7dee-4418-80db-de61244e08bf, raftlog=e6d32cf5-7dee-4418-80db-de61244e08bf-SegmentedRaftLog:OPENED:c-1,f-1,i0, conf=-1: [8e43464b-2d64-4fcc-a377-9b9359861b35:192.168.36.107:33935, e6d32cf5-7dee-4418-80db-de61244e08bf:192.168.36.107:35532, badca90e-8687-4d61-a872-ab9f81a9ff79:192.168.36.107:44941], old=null
2019-08-20 14:23:36,095 INFO  impl.LeaderElection (LogUtils.java:infoOrTrace(149)) -   Exception 0: {}
java.util.concurrent.ExecutionException: org.apache.ratis.thirdparty.io.grpc.StatusRuntimeException: UNAVAILABLE: io exception
	at java.util.concurrent.FutureTask.report(FutureTask.java:122)
	at java.util.concurrent.FutureTask.get(FutureTask.java:192)
	at org.apache.ratis.server.impl.LeaderElection.waitForResults(LeaderElection.java:262)
	at org.apache.ratis.server.impl.LeaderElection.askForVotes(LeaderElection.java:200)
	at org.apache.ratis.server.impl.LeaderElection.run(LeaderElection.java:130)
	at java.lang.Thread.run(Thread.java:748)
Caused by: org.apache.ratis.thirdparty.io.grpc.StatusRuntimeException: UNAVAILABLE: io exception
	at org.apache.ratis.thirdparty.io.grpc.stub.ClientCalls.toStatusRuntimeException(ClientCalls.java:233)
	at org.apache.ratis.thirdparty.io.grpc.stub.ClientCalls.getUnchecked(ClientCalls.java:214)
	at org.apache.ratis.thirdparty.io.grpc.stub.ClientCalls.blockingUnaryCall(ClientCalls.java:139)
	at org.apache.ratis.proto.grpc.RaftServerProtocolServiceGrpc$RaftServerProtocolServiceBlockingStub.requestVote(RaftServerProtocolServiceGrpc.java:265)
	at org.apache.ratis.grpc.server.GrpcServerProtocolClient.requestVote(GrpcServerProtocolClient.java:83)
	at org.apache.ratis.grpc.server.GrpcService.requestVote(GrpcService.java:195)
	at org.apache.ratis.server.impl.LeaderElection.lambda$submitRequests$1(LeaderElection.java:237)
	at java.util.concurrent.FutureTask.run(FutureTask.java:266)
	at java.util.concurrent.Executors$RunnableAdapter.call(Executors.java:511)
	at java.util.concurrent.FutureTask.run(FutureTask.java:266)
	at java.util.concurrent.ThreadPoolExecutor.runWorker(ThreadPoolExecutor.java:1149)
	at java.util.concurrent.ThreadPoolExecutor$Worker.run(ThreadPoolExecutor.java:624)
	... 1 more
Caused by: org.apache.ratis.thirdparty.io.netty.channel.AbstractChannel$AnnotatedConnectException: Connection refused: /192.168.36.107:33935
	at sun.nio.ch.SocketChannelImpl.checkConnect(Native Method)
	at sun.nio.ch.SocketChannelImpl.finishConnect(SocketChannelImpl.java:717)
	at org.apache.ratis.thirdparty.io.netty.channel.socket.nio.NioSocketChannel.doFinishConnect(NioSocketChannel.java:327)
	at org.apache.ratis.thirdparty.io.netty.channel.nio.AbstractNioChannel$AbstractNioUnsafe.finishConnect(AbstractNioChannel.java:340)
	at org.apache.ratis.thirdparty.io.netty.channel.nio.NioEventLoop.processSelectedKey(NioEventLoop.java:632)
	at org.apache.ratis.thirdparty.io.netty.channel.nio.NioEventLoop.processSelectedKeysOptimized(NioEventLoop.java:579)
	at org.apache.ratis.thirdparty.io.netty.channel.nio.NioEventLoop.processSelectedKeys(NioEventLoop.java:496)
	at org.apache.ratis.thirdparty.io.netty.channel.nio.NioEventLoop.run(NioEventLoop.java:458)
	at org.apache.ratis.thirdparty.io.netty.util.concurrent.SingleThreadEventExecutor$5.run(SingleThreadEventExecutor.java:897)
	at org.apache.ratis.thirdparty.io.netty.util.concurrent.FastThreadLocalRunnable.run(FastThreadLocalRunnable.java:30)
	... 1 more
Caused by: java.net.ConnectException: Connection refused
	... 11 more
2019-08-20 14:23:36,095 INFO  impl.LeaderElection (LogUtils.java:infoOrTrace(149)) -   Exception 1: {}
java.util.concurrent.ExecutionException: org.apache.ratis.thirdparty.io.grpc.StatusRuntimeException: UNAVAILABLE: io exception
	at java.util.concurrent.FutureTask.report(FutureTask.java:122)
	at java.util.concurrent.FutureTask.get(FutureTask.java:192)
	at org.apache.ratis.server.impl.LeaderElection.waitForResults(LeaderElection.java:262)
	at org.apache.ratis.server.impl.LeaderElection.askForVotes(LeaderElection.java:200)
	at org.apache.ratis.server.impl.LeaderElection.run(LeaderElection.java:130)
	at java.lang.Thread.run(Thread.java:748)
Caused by: org.apache.ratis.thirdparty.io.grpc.StatusRuntimeException: UNAVAILABLE: io exception
	at org.apache.ratis.thirdparty.io.grpc.stub.ClientCalls.toStatusRuntimeException(ClientCalls.java:233)
	at org.apache.ratis.thirdparty.io.grpc.stub.ClientCalls.getUnchecked(ClientCalls.java:214)
	at org.apache.ratis.thirdparty.io.grpc.stub.ClientCalls.blockingUnaryCall(ClientCalls.java:139)
	at org.apache.ratis.proto.grpc.RaftServerProtocolServiceGrpc$RaftServerProtocolServiceBlockingStub.requestVote(RaftServerProtocolServiceGrpc.java:265)
	at org.apache.ratis.grpc.server.GrpcServerProtocolClient.requestVote(GrpcServerProtocolClient.java:83)
	at org.apache.ratis.grpc.server.GrpcService.requestVote(GrpcService.java:195)
	at org.apache.ratis.server.impl.LeaderElection.lambda$submitRequests$1(LeaderElection.java:237)
	at java.util.concurrent.FutureTask.run(FutureTask.java:266)
	at java.util.concurrent.Executors$RunnableAdapter.call(Executors.java:511)
	at java.util.concurrent.FutureTask.run(FutureTask.java:266)
	at java.util.concurrent.ThreadPoolExecutor.runWorker(ThreadPoolExecutor.java:1149)
	at java.util.concurrent.ThreadPoolExecutor$Worker.run(ThreadPoolExecutor.java:624)
	... 1 more
Caused by: org.apache.ratis.thirdparty.io.netty.channel.AbstractChannel$AnnotatedConnectException: Connection refused: /192.168.36.107:44941
	at sun.nio.ch.SocketChannelImpl.checkConnect(Native Method)
	at sun.nio.ch.SocketChannelImpl.finishConnect(SocketChannelImpl.java:717)
	at org.apache.ratis.thirdparty.io.netty.channel.socket.nio.NioSocketChannel.doFinishConnect(NioSocketChannel.java:327)
	at org.apache.ratis.thirdparty.io.netty.channel.nio.AbstractNioChannel$AbstractNioUnsafe.finishConnect(AbstractNioChannel.java:340)
	at org.apache.ratis.thirdparty.io.netty.channel.nio.NioEventLoop.processSelectedKey(NioEventLoop.java:632)
	at org.apache.ratis.thirdparty.io.netty.channel.nio.NioEventLoop.processSelectedKeysOptimized(NioEventLoop.java:579)
	at org.apache.ratis.thirdparty.io.netty.channel.nio.NioEventLoop.processSelectedKeys(NioEventLoop.java:496)
	at org.apache.ratis.thirdparty.io.netty.channel.nio.NioEventLoop.run(NioEventLoop.java:458)
	at org.apache.ratis.thirdparty.io.netty.util.concurrent.SingleThreadEventExecutor$5.run(SingleThreadEventExecutor.java:897)
	at org.apache.ratis.thirdparty.io.netty.util.concurrent.FastThreadLocalRunnable.run(FastThreadLocalRunnable.java:30)
	... 1 more
Caused by: java.net.ConnectException: Connection refused
	... 11 more
2019-08-20 14:23:36,096 INFO  impl.RaftServerImpl (RaftServerImpl.java:setRole(171)) - e6d32cf5-7dee-4418-80db-de61244e08bf:group-76AF6422E890 changes role from CANDIDATE to FOLLOWER at term 2 for DISCOVERED_A_NEW_TERM
2019-08-20 14:23:36,098 INFO  impl.RoleInfo (RoleInfo.java:shutdownLeaderElection(134)) - e6d32cf5-7dee-4418-80db-de61244e08bf: shutdown LeaderElection
2019-08-20 14:23:36,098 INFO  impl.RoleInfo (RoleInfo.java:updateAndGet(143)) - e6d32cf5-7dee-4418-80db-de61244e08bf: start FollowerState
2019-08-20 14:23:36,204 INFO  node.StaleNodeHandler (StaleNodeHandler.java:onMessage(58)) - Datanode badca90e-8687-4d61-a872-ab9f81a9ff79{ip: 192.168.36.107, host: pr-hdds-1942-s8lb6-241747594, networkLocation: /default-rack, certSerialId: null} moved to stale state. Finalizing its pipelines [PipelineID=d639d3d2-ae5c-4ebc-ba56-76af6422e890, PipelineID=268cee25-69b1-48a9-9dce-080e89babd8c]
2019-08-20 14:23:36,204 INFO  pipeline.SCMPipelineManager (SCMPipelineManager.java:finalizeAndDestroyPipeline(309)) - destroying pipeline:Pipeline[ Id: d639d3d2-ae5c-4ebc-ba56-76af6422e890, Nodes: 8e43464b-2d64-4fcc-a377-9b9359861b35{ip: 192.168.36.107, host: pr-hdds-1942-s8lb6-241747594, networkLocation: /default-rack, certSerialId: null}badca90e-8687-4d61-a872-ab9f81a9ff79{ip: 192.168.36.107, host: pr-hdds-1942-s8lb6-241747594, networkLocation: /default-rack, certSerialId: null}e6d32cf5-7dee-4418-80db-de61244e08bf{ip: 192.168.36.107, host: pr-hdds-1942-s8lb6-241747594, networkLocation: /default-rack, certSerialId: null}, Type:RATIS, Factor:THREE, State:CLOSED]
2019-08-20 14:23:36,205 INFO  pipeline.SCMPipelineManager (SCMPipelineManager.java:finalizeAndDestroyPipeline(309)) - destroying pipeline:Pipeline[ Id: 268cee25-69b1-48a9-9dce-080e89babd8c, Nodes: badca90e-8687-4d61-a872-ab9f81a9ff79{ip: 192.168.36.107, host: pr-hdds-1942-s8lb6-241747594, networkLocation: /default-rack, certSerialId: null}, Type:RATIS, Factor:ONE, State:OPEN]
2019-08-20 14:23:36,205 INFO  pipeline.PipelineStateManager (PipelineStateManager.java:finalizePipeline(123)) - Pipeline Pipeline[ Id: 268cee25-69b1-48a9-9dce-080e89babd8c, Nodes: badca90e-8687-4d61-a872-ab9f81a9ff79{ip: 192.168.36.107, host: pr-hdds-1942-s8lb6-241747594, networkLocation: /default-rack, certSerialId: null}, Type:RATIS, Factor:ONE, State:CLOSED] moved to CLOSED state
2019-08-20 14:23:36,580 INFO  statemachine.DatanodeStateMachine (DatanodeStateMachine.java:lambda$startDaemon$0(350)) - Ozone container server started.
2019-08-20 14:23:40,774 INFO  ozoneimpl.OzoneContainer (OzoneContainer.java:stop(199)) - Attempting to stop container services.
2019-08-20 14:23:40,775 INFO  impl.RaftServerProxy (RaftServerProxy.java:lambda$close$4(314)) - e6d32cf5-7dee-4418-80db-de61244e08bf: close
2019-08-20 14:23:40,775 INFO  impl.RaftServerImpl (RaftServerImpl.java:lambda$shutdown$3(245)) - e6d32cf5-7dee-4418-80db-de61244e08bf: shutdown group-76AF6422E890
2019-08-20 14:23:40,775 INFO  util.JmxRegister (JmxRegister.java:unregister(73)) - Successfully un-registered JMX Bean with object name Ratis:service=RaftServer,group=group-76AF6422E890,id=e6d32cf5-7dee-4418-80db-de61244e08bf
2019-08-20 14:23:40,776 INFO  impl.RoleInfo (RoleInfo.java:shutdownFollowerState(121)) - e6d32cf5-7dee-4418-80db-de61244e08bf: shutdown FollowerState
2019-08-20 14:23:40,776 INFO  impl.StateMachineUpdater (StateMachineUpdater.java:stopAndJoin(115)) - StateMachineUpdater:e6d32cf5-7dee-4418-80db-de61244e08bf:group-76AF6422E890: set stopIndex = -1
2019-08-20 14:23:40,776 INFO  impl.FollowerState (FollowerState.java:run(114)) - e6d32cf5-7dee-4418-80db-de61244e08bf: FollowerState was interrupted: java.lang.InterruptedException: sleep interrupted
2019-08-20 14:23:40,777 INFO  impl.RaftServerImpl (ServerState.java:close(394)) - e6d32cf5-7dee-4418-80db-de61244e08bf:group-76AF6422E890 closes. The last applied log index is -1
2019-08-20 14:23:40,778 INFO  segmented.SegmentedRaftLogWorker (SegmentedRaftLogWorker.java:run(313)) - e6d32cf5-7dee-4418-80db-de61244e08bf-SegmentedRaftLogWorker:Storage Directory /workdir/hadoop-ozone/integration-test/target/test-dir/MiniOzoneClusterImpl-a060adfa-6b88-4268-8e4a-1c8ea233438e/datanode-2/data/ratis/d639d3d2-ae5c-4ebc-ba56-76af6422e890 was interrupted, exiting. There are 0 tasks remaining in the queue.
2019-08-20 14:23:40,778 INFO  segmented.SegmentedRaftLogWorker (SegmentedRaftLogWorker.java:close(228)) - e6d32cf5-7dee-4418-80db-de61244e08bf-SegmentedRaftLogWorker:Storage Directory /workdir/hadoop-ozone/integration-test/target/test-dir/MiniOzoneClusterImpl-a060adfa-6b88-4268-8e4a-1c8ea233438e/datanode-2/data/ratis/d639d3d2-ae5c-4ebc-ba56-76af6422e890 close()
2019-08-20 14:23:40,779 INFO  impl.RaftServerImpl (RaftServerImpl.java:lambda$shutdown$3(245)) - e6d32cf5-7dee-4418-80db-de61244e08bf: shutdown group-1FA8CC81A637
2019-08-20 14:23:40,779 INFO  util.JmxRegister (JmxRegister.java:unregister(73)) - Successfully un-registered JMX Bean with object name Ratis:service=RaftServer,group=group-1FA8CC81A637,id=e6d32cf5-7dee-4418-80db-de61244e08bf
2019-08-20 14:23:40,780 INFO  impl.RoleInfo (RoleInfo.java:shutdownLeaderState(104)) - e6d32cf5-7dee-4418-80db-de61244e08bf: shutdown LeaderState
2019-08-20 14:23:40,780 INFO  impl.PendingRequests (PendingRequests.java:sendNotLeaderResponses(202)) - e6d32cf5-7dee-4418-80db-de61244e08bf-PendingRequests: sendNotLeaderResponses
2019-08-20 14:23:40,780 INFO  impl.StateMachineUpdater (StateMachineUpdater.java:stopAndJoin(115)) - StateMachineUpdater:e6d32cf5-7dee-4418-80db-de61244e08bf:group-1FA8CC81A637: set stopIndex = 0
2019-08-20 14:23:40,781 INFO  impl.RaftServerImpl (ServerState.java:close(394)) - e6d32cf5-7dee-4418-80db-de61244e08bf:group-1FA8CC81A637 closes. The last applied log index is 0
2019-08-20 14:23:40,781 INFO  segmented.SegmentedRaftLogWorker (SegmentedRaftLogWorker.java:run(313)) - e6d32cf5-7dee-4418-80db-de61244e08bf-SegmentedRaftLogWorker:Storage Directory /workdir/hadoop-ozone/integration-test/target/test-dir/MiniOzoneClusterImpl-a060adfa-6b88-4268-8e4a-1c8ea233438e/datanode-2/data/ratis/0a9d1e9c-f3ca-4fbd-8b8b-1fa8cc81a637 was interrupted, exiting. There are 0 tasks remaining in the queue.
2019-08-20 14:23:40,782 INFO  segmented.SegmentedRaftLogWorker (SegmentedRaftLogWorker.java:close(228)) - e6d32cf5-7dee-4418-80db-de61244e08bf-SegmentedRaftLogWorker:Storage Directory /workdir/hadoop-ozone/integration-test/target/test-dir/MiniOzoneClusterImpl-a060adfa-6b88-4268-8e4a-1c8ea233438e/datanode-2/data/ratis/0a9d1e9c-f3ca-4fbd-8b8b-1fa8cc81a637 close()
2019-08-20 14:23:40,783 INFO  server.GrpcService (GrpcService.java:closeImpl(155)) - e6d32cf5-7dee-4418-80db-de61244e08bf: shutdown server with port 35532 now
2019-08-20 14:23:40,786 INFO  server.GrpcService (GrpcService.java:closeImpl(163)) - e6d32cf5-7dee-4418-80db-de61244e08bf: shutdown server with port 35532 successfully
2019-08-20 14:23:40,787 INFO  utils.BackgroundService (BackgroundService.java:shutdown(148)) - Shutting down service BlockDeletingService
2019-08-20 14:23:40,788 WARN  fs.CachingGetSpaceUsed (CachingGetSpaceUsed.java:run(183)) - Thread Interrupted waiting to refresh disk information: sleep interrupted
2019-08-20 14:23:40,804 INFO  statemachine.DatanodeStateMachine (DatanodeStateMachine.java:stopDaemon(395)) - Ozone container server stopped.
2019-08-20 14:23:40,805 INFO  handler.ContextHandler (ContextHandler.java:doStop(910)) - Stopped o.e.j.w.WebAppContext@609235e{/,null,UNAVAILABLE}{/hddsDatanode}
2019-08-20 14:23:40,805 INFO  server.AbstractConnector (AbstractConnector.java:doStop(318)) - Stopped ServerConnector@31cac9a1{HTTP/1.1,[http/1.1]}{0.0.0.0:0}
2019-08-20 14:23:40,806 INFO  handler.ContextHandler (ContextHandler.java:doStop(910)) - Stopped o.e.j.s.ServletContextHandler@153c6a8f{/static,jar:file:/home/user/.m2/repository/org/apache/hadoop/hadoop-hdds-container-service/0.5.0-SNAPSHOT/hadoop-hdds-container-service-0.5.0-SNAPSHOT.jar!/webapps/static,UNAVAILABLE}
2019-08-20 14:23:40,806 INFO  handler.ContextHandler (ContextHandler.java:doStop(910)) - Stopped o.e.j.s.ServletContextHandler@47e502a{/logs,file:///workdir/hadoop-ozone/integration-test/target/log,UNAVAILABLE}
2019-08-20 14:23:40,809 INFO  impl.MetricsSystemImpl (MetricsSystemImpl.java:init(158)) - HddsDatanode metrics system started (again)
2019-08-20 14:23:40,843 INFO  ozone.HddsDatanodeService (HddsDatanodeService.java:start(184)) - HddsDatanodeService host:pr-hdds-1942-s8lb6-241747594 ip:192.168.36.107
2019-08-20 14:23:40,845 INFO  volume.VolumeUsage (VolumeUsage.java:loadScmUsed(144)) - Cached ScmUsed found for /workdir/hadoop-ozone/integration-test/target/test-dir/MiniOzoneClusterImpl-a060adfa-6b88-4268-8e4a-1c8ea233438e/datanode-0/data/containers : 4096 
2019-08-20 14:23:40,846 INFO  volume.HddsVolume (HddsVolume.java:<init>(176)) - Creating Volume: /workdir/hadoop-ozone/integration-test/target/test-dir/MiniOzoneClusterImpl-a060adfa-6b88-4268-8e4a-1c8ea233438e/datanode-0/data/containers/hdds of  storage type : DISK and capacity : 1482555576320
2019-08-20 14:23:40,846 INFO  volume.VolumeSet (VolumeSet.java:initializeVolumeSet(170)) - Added Volume : /workdir/hadoop-ozone/integration-test/target/test-dir/MiniOzoneClusterImpl-a060adfa-6b88-4268-8e4a-1c8ea233438e/datanode-0/data/containers/hdds to VolumeSet
2019-08-20 14:23:40,846 INFO  volume.ThrottledAsyncChecker (ThrottledAsyncChecker.java:schedule(140)) - Scheduling a check for org.apache.hadoop.ozone.container.common.volume.HddsVolume@6310c7fb
2019-08-20 14:23:40,847 INFO  volume.HddsVolumeChecker (HddsVolumeChecker.java:checkAllVolumes(203)) - Scheduled health check for volume org.apache.hadoop.ozone.container.common.volume.HddsVolume@6310c7fb
2019-08-20 14:23:40,869 INFO  impl.RaftServerProxy (ConfUtils.java:logGet(43)) - raft.rpc.type = GRPC (default)
2019-08-20 14:23:40,869 INFO  grpc.GrpcFactory (GrpcFactory.java:checkPooledByteBufAllocatorUseCacheForAllThreads(45)) - PERFORMANCE WARNING: useCacheForAllThreads is true that may cause Netty to create a lot garbage objects and, as a result, trigger GC.
	It is recommended to disable useCacheForAllThreads by setting -Dorg.apache.ratis.thirdparty.io.netty.allocator.useCacheForAllThreads=false in command line.
2019-08-20 14:23:40,869 INFO  grpc.GrpcConfigKeys$Server (ConfUtils.java:logGet(43)) - raft.grpc.server.port = 33935 (custom)
2019-08-20 14:23:40,869 INFO  server.GrpcService (ConfUtils.java:logGet(43)) - raft.grpc.message.size.max = 33570816 (custom)
2019-08-20 14:23:40,869 INFO  server.RaftServerConfigKeys (ConfUtils.java:logGet(43)) - raft.server.log.appender.buffer.byte-limit = 33554432 (custom)
2019-08-20 14:23:40,870 INFO  server.GrpcService (ConfUtils.java:logGet(43)) - raft.grpc.flow.control.window = 1MB (=1048576) (default)
2019-08-20 14:23:40,870 INFO  server.RaftServerConfigKeys (ConfUtils.java:logGet(43)) - raft.server.rpc.request.timeout = 3000ms (default)
2019-08-20 14:23:40,870 INFO  server.RaftServerConfigKeys (ConfUtils.java:logGet(43)) - raft.server.storage.dir = [/workdir/hadoop-ozone/integration-test/target/test-dir/MiniOzoneClusterImpl-a060adfa-6b88-4268-8e4a-1c8ea233438e/datanode-0/data/ratis] (custom)
2019-08-20 14:23:40,870 INFO  impl.RaftServerProxy (RaftServerProxy.java:lambda$null$0(191)) - 8e43464b-2d64-4fcc-a377-9b9359861b35: found a subdirectory /workdir/hadoop-ozone/integration-test/target/test-dir/MiniOzoneClusterImpl-a060adfa-6b88-4268-8e4a-1c8ea233438e/datanode-0/data/ratis/d639d3d2-ae5c-4ebc-ba56-76af6422e890
2019-08-20 14:23:40,871 INFO  impl.RaftServerProxy (RaftServerProxy.java:addNew(89)) - 8e43464b-2d64-4fcc-a377-9b9359861b35: addNew group-76AF6422E890:[] returns group-76AF6422E890:java.util.concurrent.CompletableFuture@2effe02d[Not completed]
2019-08-20 14:23:40,872 INFO  impl.RaftServerProxy (RaftServerProxy.java:lambda$null$0(191)) - 8e43464b-2d64-4fcc-a377-9b9359861b35: found a subdirectory /workdir/hadoop-ozone/integration-test/target/test-dir/MiniOzoneClusterImpl-a060adfa-6b88-4268-8e4a-1c8ea233438e/datanode-0/data/ratis/440012c8-b681-4b53-a0b6-60684e0bbbf2
2019-08-20 14:23:40,872 INFO  impl.RaftServerProxy (RaftServerProxy.java:addNew(89)) - 8e43464b-2d64-4fcc-a377-9b9359861b35: addNew group-60684E0BBBF2:[] returns group-60684E0BBBF2:java.util.concurrent.CompletableFuture@610c4a57[Not completed]
2019-08-20 14:23:40,872 INFO  replication.SimpleContainerDownloader (SimpleContainerDownloader.java:<init>(72)) - Starting container downloader service to copy containers to replicate.
2019-08-20 14:23:40,872 INFO  impl.RaftServerImpl (RaftServerImpl.java:<init>(93)) - 8e43464b-2d64-4fcc-a377-9b9359861b35: new RaftServerImpl for group-76AF6422E890:[] with ContainerStateMachine:uninitialized
2019-08-20 14:23:40,872 INFO  server.RaftServerConfigKeys (ConfUtils.java:logGet(43)) - raft.server.rpc.timeout.min = 5s (custom)
2019-08-20 14:23:40,873 INFO  server.RaftServerConfigKeys (ConfUtils.java:logGet(43)) - raft.server.rpc.timeout.max = 5200ms (custom)
2019-08-20 14:23:40,873 INFO  server.RaftServerConfigKeys (ConfUtils.java:logGet(43)) - raft.server.rpcslowness.timeout = 120s (custom)
2019-08-20 14:23:40,873 INFO  server.RaftServerConfigKeys (ConfUtils.java:logGet(43)) - raft.server.sleep.deviation.threshold = 300 (default)
2019-08-20 14:23:40,873 INFO  server.RaftServerConfigKeys (ConfUtils.java:logGet(43)) - raft.server.log.appender.install.snapshot.enabled = false (custom)
2019-08-20 14:23:40,873 INFO  impl.RaftServerImpl (ServerState.java:<init>(105)) - 8e43464b-2d64-4fcc-a377-9b9359861b35:group-76AF6422E890 ConfigurationManager, init=-1: [], old=null, confs=<EMPTY_MAP>
2019-08-20 14:23:40,873 INFO  hdfs.DFSUtil (DFSUtil.java:httpServerTemplateForNNAndJN(1641)) - Starting Web-server for hddsDatanode at: http://0.0.0.0:45094
2019-08-20 14:23:40,873 INFO  server.RaftServerConfigKeys (ConfUtils.java:logGet(43)) - raft.server.storage.dir = [/workdir/hadoop-ozone/integration-test/target/test-dir/MiniOzoneClusterImpl-a060adfa-6b88-4268-8e4a-1c8ea233438e/datanode-0/data/ratis] (custom)
2019-08-20 14:23:40,874 INFO  server.AuthenticationFilter (AuthenticationFilter.java:constructSecretProvider(240)) - Unable to initialize FileSignerSecretProvider, falling back to use random secrets.
2019-08-20 14:23:40,874 WARN  http.HttpRequestLog (HttpRequestLog.java:getRequestLog(97)) - Jetty request log can only be enabled using Log4j
2019-08-20 14:23:40,876 INFO  http.HttpServer2 (HttpServer2.java:addGlobalFilter(975)) - Added global filter 'safety' (class=org.apache.hadoop.http.HttpServer2$QuotingInputFilter)
2019-08-20 14:23:40,876 INFO  http.HttpServer2 (HttpServer2.java:addFilter(948)) - Added filter static_user_filter (class=org.apache.hadoop.http.lib.StaticUserWebFilter$StaticUserFilter) to context hddsDatanode
2019-08-20 14:23:40,876 INFO  http.HttpServer2 (HttpServer2.java:addFilter(958)) - Added filter static_user_filter (class=org.apache.hadoop.http.lib.StaticUserWebFilter$StaticUserFilter) to context static
2019-08-20 14:23:40,876 INFO  http.HttpServer2 (HttpServer2.java:addFilter(958)) - Added filter static_user_filter (class=org.apache.hadoop.http.lib.StaticUserWebFilter$StaticUserFilter) to context logs
2019-08-20 14:23:40,877 INFO  http.HttpServer2 (HttpServer2.java:bindListener(1191)) - Jetty bound to port 45094
2019-08-20 14:23:40,877 INFO  server.Server (Server.java:doStart(351)) - jetty-9.3.24.v20180605, build timestamp: 2018-06-05T17:11:56Z, git hash: 84205aa28f11a4f31f2a3b86d1bba2cc8ab69827
2019-08-20 14:23:40,878 INFO  handler.ContextHandler (ContextHandler.java:doStart(781)) - Started o.e.j.s.ServletContextHandler@4d04078a{/logs,file:///workdir/hadoop-ozone/integration-test/target/log,AVAILABLE}
2019-08-20 14:23:40,879 INFO  handler.ContextHandler (ContextHandler.java:doStart(781)) - Started o.e.j.s.ServletContextHandler@232a8630{/static,jar:file:/home/user/.m2/repository/org/apache/hadoop/hadoop-hdds-container-service/0.5.0-SNAPSHOT/hadoop-hdds-container-service-0.5.0-SNAPSHOT.jar!/webapps/static,AVAILABLE}
2019-08-20 14:23:40,897 INFO  storage.RaftStorageDirectory (RaftStorageDirectory.java:tryLock(328)) - Lock on /workdir/hadoop-ozone/integration-test/target/test-dir/MiniOzoneClusterImpl-a060adfa-6b88-4268-8e4a-1c8ea233438e/datanode-0/data/ratis/d639d3d2-ae5c-4ebc-ba56-76af6422e890/in_use.lock acquired by nodename 4888@pr-hdds-1942-s8lb6-241747594
2019-08-20 14:23:40,898 INFO  ratis.ContainerStateMachine (ContainerStateMachine.java:loadSnapshot(222)) - group-76AF6422E890: The snapshot info is null. Setting the last applied indexto:(t:0, i:~)
2019-08-20 14:23:40,898 INFO  server.RaftServerConfigKeys (ConfUtils.java:logGet(43)) - raft.server.leader.election.timeout = 120s (custom)
2019-08-20 14:23:40,898 INFO  server.RaftServerConfigKeys (ConfUtils.java:logGet(43)) - raft.server.log.use.memory = false (default)
2019-08-20 14:23:40,899 INFO  server.RaftServerConfigKeys (ConfUtils.java:logGet(43)) - raft.server.log.purge.gap = 1000000000 (custom)
2019-08-20 14:23:40,899 INFO  server.RaftServerConfigKeys (ConfUtils.java:logGet(43)) - raft.server.log.appender.buffer.byte-limit = 33554432 (custom)
2019-08-20 14:23:40,899 INFO  server.RaftServerConfigKeys (ConfUtils.java:logGet(43)) - raft.server.log.segment.size.max = 1048576 (custom)
2019-08-20 14:23:40,899 INFO  server.RaftServerConfigKeys (ConfUtils.java:logGet(43)) - raft.server.log.segment.cache.num.max = 2 (custom)
2019-08-20 14:23:40,899 INFO  segmented.SegmentedRaftLogWorker (SegmentedRaftLogWorker.java:<init>(172)) - new 8e43464b-2d64-4fcc-a377-9b9359861b35-SegmentedRaftLogWorker:Storage Directory /workdir/hadoop-ozone/integration-test/target/test-dir/MiniOzoneClusterImpl-a060adfa-6b88-4268-8e4a-1c8ea233438e/datanode-0/data/ratis/d639d3d2-ae5c-4ebc-ba56-76af6422e890 for RaftStorage:Storage Directory /workdir/hadoop-ozone/integration-test/target/test-dir/MiniOzoneClusterImpl-a060adfa-6b88-4268-8e4a-1c8ea233438e/datanode-0/data/ratis/d639d3d2-ae5c-4ebc-ba56-76af6422e890
2019-08-20 14:23:40,899 INFO  server.RaftServerConfigKeys (ConfUtils.java:logGet(43)) - raft.server.log.queue.byte-limit = 2147483647 (custom)
2019-08-20 14:23:40,899 INFO  server.RaftServerConfigKeys (ConfUtils.java:logGet(43)) - raft.server.log.queue.element-limit = 1024 (custom)
2019-08-20 14:23:40,899 INFO  server.RaftServerConfigKeys (ConfUtils.java:logGet(43)) - raft.server.log.segment.size.max = 1048576 (custom)
2019-08-20 14:23:40,899 INFO  server.RaftServerConfigKeys (ConfUtils.java:logGet(43)) - raft.server.log.preallocated.size = 16384 (custom)
2019-08-20 14:23:40,900 INFO  server.RaftServerConfigKeys (ConfUtils.java:logGet(43)) - raft.server.log.write.buffer.size = 33554432 (custom)
2019-08-20 14:23:40,900 INFO  server.RaftServerConfigKeys (ConfUtils.java:logGet(43)) - raft.server.log.force.sync.num = 128 (default)
2019-08-20 14:23:40,900 INFO  server.RaftServerConfigKeys (ConfUtils.java:logGet(43)) - raft.server.log.statemachine.data.sync = true (default)
2019-08-20 14:23:40,900 INFO  server.RaftServerConfigKeys (ConfUtils.java:logGet(43)) - raft.server.log.statemachine.data.sync.timeout = 10s (default)
2019-08-20 14:23:40,900 INFO  server.RaftServerConfigKeys (ConfUtils.java:logGet(43)) - raft.server.log.statemachine.data.sync.timeout.retry = -1 (default)
2019-08-20 14:23:40,900 INFO  server.RaftServerConfigKeys (ConfUtils.java:logGet(43)) - raft.server.log.statemachine.data.caching.enabled = true (custom)
2019-08-20 14:23:40,900 INFO  segmented.SegmentedRaftLogWorker (SegmentedRaftLogWorker.java:lambda$new$0(132)) - 8e43464b-2d64-4fcc-a377-9b9359861b35-SegmentedRaftLogWorker:Storage Directory /workdir/hadoop-ozone/integration-test/target/test-dir/MiniOzoneClusterImpl-a060adfa-6b88-4268-8e4a-1c8ea233438e/datanode-0/data/ratis/d639d3d2-ae5c-4ebc-ba56-76af6422e890: flushIndex: setUnconditionally 0 -> -1
2019-08-20 14:23:40,901 INFO  server.RaftServerConfigKeys (ConfUtils.java:logGet(43)) - raft.server.snapshot.auto.trigger.enabled = true (custom)
2019-08-20 14:23:40,901 INFO  server.RaftServerConfigKeys (ConfUtils.java:logGet(43)) - raft.server.snapshot.auto.trigger.threshold = 10000 (custom)
2019-08-20 14:23:40,901 INFO  server.RaftServerConfigKeys (ConfUtils.java:logGet(43)) - raft.server.retrycache.expirytime = 600000ms (custom)
2019-08-20 14:23:40,902 INFO  impl.RaftServerImpl (RaftServerImpl.java:<init>(93)) - 8e43464b-2d64-4fcc-a377-9b9359861b35: new RaftServerImpl for group-60684E0BBBF2:[] with ContainerStateMachine:uninitialized
2019-08-20 14:23:40,902 INFO  server.RaftServerConfigKeys (ConfUtils.java:logGet(43)) - raft.server.rpc.timeout.min = 5s (custom)
2019-08-20 14:23:40,903 INFO  server.RaftServerConfigKeys (ConfUtils.java:logGet(43)) - raft.server.rpc.timeout.max = 5200ms (custom)
2019-08-20 14:23:40,903 INFO  server.RaftServerConfigKeys (ConfUtils.java:logGet(43)) - raft.server.rpcslowness.timeout = 120s (custom)
2019-08-20 14:23:40,903 INFO  server.RaftServerConfigKeys (ConfUtils.java:logGet(43)) - raft.server.sleep.deviation.threshold = 300 (default)
2019-08-20 14:23:40,903 INFO  server.RaftServerConfigKeys (ConfUtils.java:logGet(43)) - raft.server.log.appender.install.snapshot.enabled = false (custom)
2019-08-20 14:23:40,903 INFO  impl.RaftServerImpl (ServerState.java:<init>(105)) - 8e43464b-2d64-4fcc-a377-9b9359861b35:group-60684E0BBBF2 ConfigurationManager, init=-1: [], old=null, confs=<EMPTY_MAP>
2019-08-20 14:23:40,903 INFO  server.RaftServerConfigKeys (ConfUtils.java:logGet(43)) - raft.server.storage.dir = [/workdir/hadoop-ozone/integration-test/target/test-dir/MiniOzoneClusterImpl-a060adfa-6b88-4268-8e4a-1c8ea233438e/datanode-0/data/ratis] (custom)
2019-08-20 14:23:40,906 INFO  handler.ContextHandler (ContextHandler.java:doStart(781)) - Started o.e.j.w.WebAppContext@4f42fdd8{/,file:///tmp/jetty-0.0.0.0-45094-hddsDatanode-_-any-8335077811949596689.dir/webapp/,AVAILABLE}{/hddsDatanode}
2019-08-20 14:23:40,907 INFO  server.AbstractConnector (AbstractConnector.java:doStart(278)) - Started ServerConnector@267f89bc{HTTP/1.1,[http/1.1]}{0.0.0.0:45094}
2019-08-20 14:23:40,908 INFO  server.Server (Server.java:doStart(419)) - Started @54378ms
2019-08-20 14:23:40,908 INFO  server.BaseHttpServer (BaseHttpServer.java:updateConnectorAddress(213)) - HTTP server of HDDSDATANODE is listening at http://0.0.0.0:45094
2019-08-20 14:23:40,924 INFO  storage.RaftStorageDirectory (RaftStorageDirectory.java:tryLock(328)) - Lock on /workdir/hadoop-ozone/integration-test/target/test-dir/MiniOzoneClusterImpl-a060adfa-6b88-4268-8e4a-1c8ea233438e/datanode-0/data/ratis/440012c8-b681-4b53-a0b6-60684e0bbbf2/in_use.lock acquired by nodename 4888@pr-hdds-1942-s8lb6-241747594
2019-08-20 14:23:40,924 INFO  ratis.ContainerStateMachine (ContainerStateMachine.java:loadSnapshot(222)) - group-60684E0BBBF2: The snapshot info is null. Setting the last applied indexto:(t:0, i:~)
2019-08-20 14:23:40,925 INFO  server.RaftServerConfigKeys (ConfUtils.java:logGet(43)) - raft.server.leader.election.timeout = 120s (custom)
2019-08-20 14:23:40,925 INFO  server.RaftServerConfigKeys (ConfUtils.java:logGet(43)) - raft.server.log.use.memory = false (default)
2019-08-20 14:23:40,925 INFO  server.RaftServerConfigKeys (ConfUtils.java:logGet(43)) - raft.server.log.purge.gap = 1000000000 (custom)
2019-08-20 14:23:40,925 INFO  server.RaftServerConfigKeys (ConfUtils.java:logGet(43)) - raft.server.log.appender.buffer.byte-limit = 33554432 (custom)
2019-08-20 14:23:40,925 INFO  server.RaftServerConfigKeys (ConfUtils.java:logGet(43)) - raft.server.log.segment.size.max = 1048576 (custom)
2019-08-20 14:23:40,926 INFO  server.RaftServerConfigKeys (ConfUtils.java:logGet(43)) - raft.server.log.segment.cache.num.max = 2 (custom)
2019-08-20 14:23:40,926 INFO  segmented.SegmentedRaftLogWorker (SegmentedRaftLogWorker.java:<init>(172)) - new 8e43464b-2d64-4fcc-a377-9b9359861b35-SegmentedRaftLogWorker:Storage Directory /workdir/hadoop-ozone/integration-test/target/test-dir/MiniOzoneClusterImpl-a060adfa-6b88-4268-8e4a-1c8ea233438e/datanode-0/data/ratis/440012c8-b681-4b53-a0b6-60684e0bbbf2 for RaftStorage:Storage Directory /workdir/hadoop-ozone/integration-test/target/test-dir/MiniOzoneClusterImpl-a060adfa-6b88-4268-8e4a-1c8ea233438e/datanode-0/data/ratis/440012c8-b681-4b53-a0b6-60684e0bbbf2
2019-08-20 14:23:40,926 INFO  server.RaftServerConfigKeys (ConfUtils.java:logGet(43)) - raft.server.log.queue.byte-limit = 2147483647 (custom)
2019-08-20 14:23:40,926 INFO  server.RaftServerConfigKeys (ConfUtils.java:logGet(43)) - raft.server.log.queue.element-limit = 1024 (custom)
2019-08-20 14:23:40,926 INFO  server.RaftServerConfigKeys (ConfUtils.java:logGet(43)) - raft.server.log.segment.size.max = 1048576 (custom)
2019-08-20 14:23:40,927 INFO  server.RaftServerConfigKeys (ConfUtils.java:logGet(43)) - raft.server.log.preallocated.size = 16384 (custom)
2019-08-20 14:23:40,927 INFO  server.RaftServerConfigKeys (ConfUtils.java:logGet(43)) - raft.server.log.write.buffer.size = 33554432 (custom)
2019-08-20 14:23:40,927 INFO  server.RaftServerConfigKeys (ConfUtils.java:logGet(43)) - raft.server.log.force.sync.num = 128 (default)
2019-08-20 14:23:40,927 INFO  server.RaftServerConfigKeys (ConfUtils.java:logGet(43)) - raft.server.log.statemachine.data.sync = true (default)
2019-08-20 14:23:40,927 INFO  server.RaftServerConfigKeys (ConfUtils.java:logGet(43)) - raft.server.log.statemachine.data.sync.timeout = 10s (default)
2019-08-20 14:23:40,927 INFO  server.RaftServerConfigKeys (ConfUtils.java:logGet(43)) - raft.server.log.statemachine.data.sync.timeout.retry = -1 (default)
2019-08-20 14:23:40,928 INFO  server.RaftServerConfigKeys (ConfUtils.java:logGet(43)) - raft.server.log.statemachine.data.caching.enabled = true (custom)
2019-08-20 14:23:40,928 INFO  segmented.SegmentedRaftLogWorker (SegmentedRaftLogWorker.java:lambda$new$0(132)) - 8e43464b-2d64-4fcc-a377-9b9359861b35-SegmentedRaftLogWorker:Storage Directory /workdir/hadoop-ozone/integration-test/target/test-dir/MiniOzoneClusterImpl-a060adfa-6b88-4268-8e4a-1c8ea233438e/datanode-0/data/ratis/440012c8-b681-4b53-a0b6-60684e0bbbf2: flushIndex: setUnconditionally 0 -> -1
2019-08-20 14:23:40,929 INFO  server.RaftServerConfigKeys (ConfUtils.java:logGet(43)) - raft.server.snapshot.auto.trigger.enabled = true (custom)
2019-08-20 14:23:40,929 INFO  server.RaftServerConfigKeys (ConfUtils.java:logGet(43)) - raft.server.snapshot.auto.trigger.threshold = 10000 (custom)
2019-08-20 14:23:40,929 INFO  server.RaftServerConfigKeys (ConfUtils.java:logGet(43)) - raft.server.retrycache.expirytime = 600000ms (custom)
2019-08-20 14:23:41,044 INFO  ozone.HddsDatanodeService (HddsDatanodeService.java:startPlugins(395)) - Started plug-in org.apache.hadoop.ozone.web.OzoneHddsDatanodeService@5d5b17f8
2019-08-20 14:23:41,045 INFO  util.JvmPauseMonitor (JvmPauseMonitor.java:run(188)) - Starting JVM pause monitor
2019-08-20 14:23:41,045 INFO  impl.MetricsSystemImpl (MetricsSystemImpl.java:init(158)) - HddsDatanode metrics system started (again)
2019-08-20 14:23:41,048 INFO  ozone.HddsDatanodeService (HddsDatanodeService.java:start(184)) - HddsDatanodeService host:pr-hdds-1942-s8lb6-241747594 ip:192.168.36.107
2019-08-20 14:23:41,050 INFO  volume.VolumeUsage (VolumeUsage.java:loadScmUsed(144)) - Cached ScmUsed found for /workdir/hadoop-ozone/integration-test/target/test-dir/MiniOzoneClusterImpl-a060adfa-6b88-4268-8e4a-1c8ea233438e/datanode-1/data/containers : 4096 
2019-08-20 14:23:41,050 INFO  volume.HddsVolume (HddsVolume.java:<init>(176)) - Creating Volume: /workdir/hadoop-ozone/integration-test/target/test-dir/MiniOzoneClusterImpl-a060adfa-6b88-4268-8e4a-1c8ea233438e/datanode-1/data/containers/hdds of  storage type : DISK and capacity : 1482555576320
2019-08-20 14:23:41,051 INFO  volume.VolumeSet (VolumeSet.java:initializeVolumeSet(170)) - Added Volume : /workdir/hadoop-ozone/integration-test/target/test-dir/MiniOzoneClusterImpl-a060adfa-6b88-4268-8e4a-1c8ea233438e/datanode-1/data/containers/hdds to VolumeSet
2019-08-20 14:23:41,051 INFO  volume.ThrottledAsyncChecker (ThrottledAsyncChecker.java:schedule(140)) - Scheduling a check for org.apache.hadoop.ozone.container.common.volume.HddsVolume@67fe37c5
2019-08-20 14:23:41,051 INFO  volume.HddsVolumeChecker (HddsVolumeChecker.java:checkAllVolumes(203)) - Scheduled health check for volume org.apache.hadoop.ozone.container.common.volume.HddsVolume@67fe37c5
2019-08-20 14:23:41,065 INFO  impl.RaftServerProxy (ConfUtils.java:logGet(43)) - raft.rpc.type = GRPC (default)
2019-08-20 14:23:41,065 INFO  grpc.GrpcFactory (GrpcFactory.java:checkPooledByteBufAllocatorUseCacheForAllThreads(45)) - PERFORMANCE WARNING: useCacheForAllThreads is true that may cause Netty to create a lot garbage objects and, as a result, trigger GC.
	It is recommended to disable useCacheForAllThreads by setting -Dorg.apache.ratis.thirdparty.io.netty.allocator.useCacheForAllThreads=false in command line.
2019-08-20 14:23:41,065 INFO  grpc.GrpcConfigKeys$Server (ConfUtils.java:logGet(43)) - raft.grpc.server.port = 44941 (custom)
2019-08-20 14:23:41,065 INFO  server.GrpcService (ConfUtils.java:logGet(43)) - raft.grpc.message.size.max = 33570816 (custom)
2019-08-20 14:23:41,065 INFO  server.RaftServerConfigKeys (ConfUtils.java:logGet(43)) - raft.server.log.appender.buffer.byte-limit = 33554432 (custom)
2019-08-20 14:23:41,065 INFO  server.GrpcService (ConfUtils.java:logGet(43)) - raft.grpc.flow.control.window = 1MB (=1048576) (default)
2019-08-20 14:23:41,066 INFO  server.RaftServerConfigKeys (ConfUtils.java:logGet(43)) - raft.server.rpc.request.timeout = 3000ms (default)
2019-08-20 14:23:41,066 INFO  server.RaftServerConfigKeys (ConfUtils.java:logGet(43)) - raft.server.storage.dir = [/workdir/hadoop-ozone/integration-test/target/test-dir/MiniOzoneClusterImpl-a060adfa-6b88-4268-8e4a-1c8ea233438e/datanode-1/data/ratis] (custom)
2019-08-20 14:23:41,066 INFO  impl.RaftServerProxy (RaftServerProxy.java:lambda$null$0(191)) - badca90e-8687-4d61-a872-ab9f81a9ff79: found a subdirectory /workdir/hadoop-ozone/integration-test/target/test-dir/MiniOzoneClusterImpl-a060adfa-6b88-4268-8e4a-1c8ea233438e/datanode-1/data/ratis/d639d3d2-ae5c-4ebc-ba56-76af6422e890
2019-08-20 14:23:41,067 INFO  impl.RaftServerProxy (RaftServerProxy.java:addNew(89)) - badca90e-8687-4d61-a872-ab9f81a9ff79: addNew group-76AF6422E890:[] returns group-76AF6422E890:java.util.concurrent.CompletableFuture@1ab2c631[Not completed]
2019-08-20 14:23:41,067 INFO  impl.RaftServerProxy (RaftServerProxy.java:lambda$null$0(191)) - badca90e-8687-4d61-a872-ab9f81a9ff79: found a subdirectory /workdir/hadoop-ozone/integration-test/target/test-dir/MiniOzoneClusterImpl-a060adfa-6b88-4268-8e4a-1c8ea233438e/datanode-1/data/ratis/268cee25-69b1-48a9-9dce-080e89babd8c
2019-08-20 14:23:41,067 INFO  impl.RaftServerProxy (RaftServerProxy.java:addNew(89)) - badca90e-8687-4d61-a872-ab9f81a9ff79: addNew group-080E89BABD8C:[] returns group-080E89BABD8C:java.util.concurrent.CompletableFuture@704666b0[Not completed]
2019-08-20 14:23:41,067 INFO  replication.SimpleContainerDownloader (SimpleContainerDownloader.java:<init>(72)) - Starting container downloader service to copy containers to replicate.
2019-08-20 14:23:41,068 INFO  impl.RaftServerImpl (RaftServerImpl.java:<init>(93)) - badca90e-8687-4d61-a872-ab9f81a9ff79: new RaftServerImpl for group-76AF6422E890:[] with ContainerStateMachine:uninitialized
2019-08-20 14:23:41,068 INFO  hdfs.DFSUtil (DFSUtil.java:httpServerTemplateForNNAndJN(1641)) - Starting Web-server for hddsDatanode at: http://0.0.0.0:45962
2019-08-20 14:23:41,068 INFO  server.RaftServerConfigKeys (ConfUtils.java:logGet(43)) - raft.server.rpc.timeout.min = 5s (custom)
2019-08-20 14:23:41,069 INFO  server.RaftServerConfigKeys (ConfUtils.java:logGet(43)) - raft.server.rpc.timeout.max = 5200ms (custom)
2019-08-20 14:23:41,069 INFO  server.RaftServerConfigKeys (ConfUtils.java:logGet(43)) - raft.server.rpcslowness.timeout = 120s (custom)
2019-08-20 14:23:41,069 INFO  server.RaftServerConfigKeys (ConfUtils.java:logGet(43)) - raft.server.sleep.deviation.threshold = 300 (default)
2019-08-20 14:23:41,069 INFO  server.RaftServerConfigKeys (ConfUtils.java:logGet(43)) - raft.server.log.appender.install.snapshot.enabled = false (custom)
2019-08-20 14:23:41,069 INFO  impl.RaftServerImpl (ServerState.java:<init>(105)) - badca90e-8687-4d61-a872-ab9f81a9ff79:group-76AF6422E890 ConfigurationManager, init=-1: [], old=null, confs=<EMPTY_MAP>
2019-08-20 14:23:41,069 INFO  server.RaftServerConfigKeys (ConfUtils.java:logGet(43)) - raft.server.storage.dir = [/workdir/hadoop-ozone/integration-test/target/test-dir/MiniOzoneClusterImpl-a060adfa-6b88-4268-8e4a-1c8ea233438e/datanode-1/data/ratis] (custom)
2019-08-20 14:23:41,070 INFO  server.AuthenticationFilter (AuthenticationFilter.java:constructSecretProvider(240)) - Unable to initialize FileSignerSecretProvider, falling back to use random secrets.
2019-08-20 14:23:41,070 WARN  http.HttpRequestLog (HttpRequestLog.java:getRequestLog(97)) - Jetty request log can only be enabled using Log4j
2019-08-20 14:23:41,072 INFO  http.HttpServer2 (HttpServer2.java:addGlobalFilter(975)) - Added global filter 'safety' (class=org.apache.hadoop.http.HttpServer2$QuotingInputFilter)
2019-08-20 14:23:41,072 INFO  http.HttpServer2 (HttpServer2.java:addFilter(948)) - Added filter static_user_filter (class=org.apache.hadoop.http.lib.StaticUserWebFilter$StaticUserFilter) to context hddsDatanode
2019-08-20 14:23:41,072 INFO  http.HttpServer2 (HttpServer2.java:addFilter(958)) - Added filter static_user_filter (class=org.apache.hadoop.http.lib.StaticUserWebFilter$StaticUserFilter) to context logs
2019-08-20 14:23:41,073 INFO  http.HttpServer2 (HttpServer2.java:addFilter(958)) - Added filter static_user_filter (class=org.apache.hadoop.http.lib.StaticUserWebFilter$StaticUserFilter) to context static
2019-08-20 14:23:41,073 INFO  http.HttpServer2 (HttpServer2.java:bindListener(1191)) - Jetty bound to port 45962
2019-08-20 14:23:41,073 INFO  server.Server (Server.java:doStart(351)) - jetty-9.3.24.v20180605, build timestamp: 2018-06-05T17:11:56Z, git hash: 84205aa28f11a4f31f2a3b86d1bba2cc8ab69827
2019-08-20 14:23:41,075 INFO  handler.ContextHandler (ContextHandler.java:doStart(781)) - Started o.e.j.s.ServletContextHandler@6df27e0a{/logs,file:///workdir/hadoop-ozone/integration-test/target/log,AVAILABLE}
2019-08-20 14:23:41,075 INFO  handler.ContextHandler (ContextHandler.java:doStart(781)) - Started o.e.j.s.ServletContextHandler@2a36f99f{/static,jar:file:/home/user/.m2/repository/org/apache/hadoop/hadoop-hdds-container-service/0.5.0-SNAPSHOT/hadoop-hdds-container-service-0.5.0-SNAPSHOT.jar!/webapps/static,AVAILABLE}
2019-08-20 14:23:41,083 INFO  storage.RaftStorageDirectory (RaftStorageDirectory.java:tryLock(328)) - Lock on /workdir/hadoop-ozone/integration-test/target/test-dir/MiniOzoneClusterImpl-a060adfa-6b88-4268-8e4a-1c8ea233438e/datanode-1/data/ratis/d639d3d2-ae5c-4ebc-ba56-76af6422e890/in_use.lock acquired by nodename 4888@pr-hdds-1942-s8lb6-241747594
2019-08-20 14:23:41,084 INFO  ratis.ContainerStateMachine (ContainerStateMachine.java:loadSnapshot(222)) - group-76AF6422E890: The snapshot info is null. Setting the last applied indexto:(t:0, i:~)
2019-08-20 14:23:41,084 INFO  server.RaftServerConfigKeys (ConfUtils.java:logGet(43)) - raft.server.leader.election.timeout = 120s (custom)
2019-08-20 14:23:41,084 INFO  server.RaftServerConfigKeys (ConfUtils.java:logGet(43)) - raft.server.log.use.memory = false (default)
2019-08-20 14:23:41,084 INFO  server.RaftServerConfigKeys (ConfUtils.java:logGet(43)) - raft.server.log.purge.gap = 1000000000 (custom)
2019-08-20 14:23:41,084 INFO  server.RaftServerConfigKeys (ConfUtils.java:logGet(43)) - raft.server.log.appender.buffer.byte-limit = 33554432 (custom)
2019-08-20 14:23:41,084 INFO  server.RaftServerConfigKeys (ConfUtils.java:logGet(43)) - raft.server.log.segment.size.max = 1048576 (custom)
2019-08-20 14:23:41,084 INFO  server.RaftServerConfigKeys (ConfUtils.java:logGet(43)) - raft.server.log.segment.cache.num.max = 2 (custom)
2019-08-20 14:23:41,084 INFO  segmented.SegmentedRaftLogWorker (SegmentedRaftLogWorker.java:<init>(172)) - new badca90e-8687-4d61-a872-ab9f81a9ff79-SegmentedRaftLogWorker:Storage Directory /workdir/hadoop-ozone/integration-test/target/test-dir/MiniOzoneClusterImpl-a060adfa-6b88-4268-8e4a-1c8ea233438e/datanode-1/data/ratis/d639d3d2-ae5c-4ebc-ba56-76af6422e890 for RaftStorage:Storage Directory /workdir/hadoop-ozone/integration-test/target/test-dir/MiniOzoneClusterImpl-a060adfa-6b88-4268-8e4a-1c8ea233438e/datanode-1/data/ratis/d639d3d2-ae5c-4ebc-ba56-76af6422e890
2019-08-20 14:23:41,085 INFO  server.RaftServerConfigKeys (ConfUtils.java:logGet(43)) - raft.server.log.queue.byte-limit = 2147483647 (custom)
2019-08-20 14:23:41,085 INFO  server.RaftServerConfigKeys (ConfUtils.java:logGet(43)) - raft.server.log.queue.element-limit = 1024 (custom)
2019-08-20 14:23:41,085 INFO  server.RaftServerConfigKeys (ConfUtils.java:logGet(43)) - raft.server.log.segment.size.max = 1048576 (custom)
2019-08-20 14:23:41,085 INFO  server.RaftServerConfigKeys (ConfUtils.java:logGet(43)) - raft.server.log.preallocated.size = 16384 (custom)
2019-08-20 14:23:41,085 INFO  server.RaftServerConfigKeys (ConfUtils.java:logGet(43)) - raft.server.log.write.buffer.size = 33554432 (custom)
2019-08-20 14:23:41,085 INFO  server.RaftServerConfigKeys (ConfUtils.java:logGet(43)) - raft.server.log.force.sync.num = 128 (default)
2019-08-20 14:23:41,085 INFO  server.RaftServerConfigKeys (ConfUtils.java:logGet(43)) - raft.server.log.statemachine.data.sync = true (default)
2019-08-20 14:23:41,085 INFO  server.RaftServerConfigKeys (ConfUtils.java:logGet(43)) - raft.server.log.statemachine.data.sync.timeout = 10s (default)
2019-08-20 14:23:41,085 INFO  server.RaftServerConfigKeys (ConfUtils.java:logGet(43)) - raft.server.log.statemachine.data.sync.timeout.retry = -1 (default)
2019-08-20 14:23:41,085 INFO  server.RaftServerConfigKeys (ConfUtils.java:logGet(43)) - raft.server.log.statemachine.data.caching.enabled = true (custom)
2019-08-20 14:23:41,086 INFO  segmented.SegmentedRaftLogWorker (SegmentedRaftLogWorker.java:lambda$new$0(132)) - badca90e-8687-4d61-a872-ab9f81a9ff79-SegmentedRaftLogWorker:Storage Directory /workdir/hadoop-ozone/integration-test/target/test-dir/MiniOzoneClusterImpl-a060adfa-6b88-4268-8e4a-1c8ea233438e/datanode-1/data/ratis/d639d3d2-ae5c-4ebc-ba56-76af6422e890: flushIndex: setUnconditionally 0 -> -1
2019-08-20 14:23:41,086 INFO  server.RaftServerConfigKeys (ConfUtils.java:logGet(43)) - raft.server.snapshot.auto.trigger.enabled = true (custom)
2019-08-20 14:23:41,086 INFO  server.RaftServerConfigKeys (ConfUtils.java:logGet(43)) - raft.server.snapshot.auto.trigger.threshold = 10000 (custom)
2019-08-20 14:23:41,086 INFO  server.RaftServerConfigKeys (ConfUtils.java:logGet(43)) - raft.server.retrycache.expirytime = 600000ms (custom)
2019-08-20 14:23:41,088 INFO  impl.RaftServerImpl (RaftServerImpl.java:<init>(93)) - badca90e-8687-4d61-a872-ab9f81a9ff79: new RaftServerImpl for group-080E89BABD8C:[] with ContainerStateMachine:uninitialized
2019-08-20 14:23:41,088 INFO  server.RaftServerConfigKeys (ConfUtils.java:logGet(43)) - raft.server.rpc.timeout.min = 5s (custom)
2019-08-20 14:23:41,088 INFO  server.RaftServerConfigKeys (ConfUtils.java:logGet(43)) - raft.server.rpc.timeout.max = 5200ms (custom)
2019-08-20 14:23:41,088 INFO  server.RaftServerConfigKeys (ConfUtils.java:logGet(43)) - raft.server.rpcslowness.timeout = 120s (custom)
2019-08-20 14:23:41,088 INFO  server.RaftServerConfigKeys (ConfUtils.java:logGet(43)) - raft.server.sleep.deviation.threshold = 300 (default)
2019-08-20 14:23:41,088 INFO  server.RaftServerConfigKeys (ConfUtils.java:logGet(43)) - raft.server.log.appender.install.snapshot.enabled = false (custom)
2019-08-20 14:23:41,088 INFO  impl.RaftServerImpl (ServerState.java:<init>(105)) - badca90e-8687-4d61-a872-ab9f81a9ff79:group-080E89BABD8C ConfigurationManager, init=-1: [], old=null, confs=<EMPTY_MAP>
2019-08-20 14:23:41,089 INFO  server.RaftServerConfigKeys (ConfUtils.java:logGet(43)) - raft.server.storage.dir = [/workdir/hadoop-ozone/integration-test/target/test-dir/MiniOzoneClusterImpl-a060adfa-6b88-4268-8e4a-1c8ea233438e/datanode-1/data/ratis] (custom)
2019-08-20 14:23:41,097 INFO  storage.RaftStorageDirectory (RaftStorageDirectory.java:tryLock(328)) - Lock on /workdir/hadoop-ozone/integration-test/target/test-dir/MiniOzoneClusterImpl-a060adfa-6b88-4268-8e4a-1c8ea233438e/datanode-1/data/ratis/268cee25-69b1-48a9-9dce-080e89babd8c/in_use.lock acquired by nodename 4888@pr-hdds-1942-s8lb6-241747594
2019-08-20 14:23:41,098 INFO  ratis.ContainerStateMachine (ContainerStateMachine.java:loadSnapshot(222)) - group-080E89BABD8C: The snapshot info is null. Setting the last applied indexto:(t:0, i:~)
2019-08-20 14:23:41,098 INFO  server.RaftServerConfigKeys (ConfUtils.java:logGet(43)) - raft.server.leader.election.timeout = 120s (custom)
2019-08-20 14:23:41,098 INFO  server.RaftServerConfigKeys (ConfUtils.java:logGet(43)) - raft.server.log.use.memory = false (default)
2019-08-20 14:23:41,098 INFO  server.RaftServerConfigKeys (ConfUtils.java:logGet(43)) - raft.server.log.purge.gap = 1000000000 (custom)
2019-08-20 14:23:41,098 INFO  server.RaftServerConfigKeys (ConfUtils.java:logGet(43)) - raft.server.log.appender.buffer.byte-limit = 33554432 (custom)
2019-08-20 14:23:41,098 INFO  server.RaftServerConfigKeys (ConfUtils.java:logGet(43)) - raft.server.log.segment.size.max = 1048576 (custom)
2019-08-20 14:23:41,098 INFO  server.RaftServerConfigKeys (ConfUtils.java:logGet(43)) - raft.server.log.segment.cache.num.max = 2 (custom)
2019-08-20 14:23:41,099 INFO  segmented.SegmentedRaftLogWorker (SegmentedRaftLogWorker.java:<init>(172)) - new badca90e-8687-4d61-a872-ab9f81a9ff79-SegmentedRaftLogWorker:Storage Directory /workdir/hadoop-ozone/integration-test/target/test-dir/MiniOzoneClusterImpl-a060adfa-6b88-4268-8e4a-1c8ea233438e/datanode-1/data/ratis/268cee25-69b1-48a9-9dce-080e89babd8c for RaftStorage:Storage Directory /workdir/hadoop-ozone/integration-test/target/test-dir/MiniOzoneClusterImpl-a060adfa-6b88-4268-8e4a-1c8ea233438e/datanode-1/data/ratis/268cee25-69b1-48a9-9dce-080e89babd8c
2019-08-20 14:23:41,099 INFO  server.RaftServerConfigKeys (ConfUtils.java:logGet(43)) - raft.server.log.queue.byte-limit = 2147483647 (custom)
2019-08-20 14:23:41,099 INFO  server.RaftServerConfigKeys (ConfUtils.java:logGet(43)) - raft.server.log.queue.element-limit = 1024 (custom)
2019-08-20 14:23:41,099 INFO  server.RaftServerConfigKeys (ConfUtils.java:logGet(43)) - raft.server.log.segment.size.max = 1048576 (custom)
2019-08-20 14:23:41,099 INFO  server.RaftServerConfigKeys (ConfUtils.java:logGet(43)) - raft.server.log.preallocated.size = 16384 (custom)
2019-08-20 14:23:41,099 INFO  server.RaftServerConfigKeys (ConfUtils.java:logGet(43)) - raft.server.log.write.buffer.size = 33554432 (custom)
2019-08-20 14:23:41,099 INFO  server.RaftServerConfigKeys (ConfUtils.java:logGet(43)) - raft.server.log.force.sync.num = 128 (default)
2019-08-20 14:23:41,099 INFO  server.RaftServerConfigKeys (ConfUtils.java:logGet(43)) - raft.server.log.statemachine.data.sync = true (default)
2019-08-20 14:23:41,100 INFO  server.RaftServerConfigKeys (ConfUtils.java:logGet(43)) - raft.server.log.statemachine.data.sync.timeout = 10s (default)
2019-08-20 14:23:41,100 INFO  server.RaftServerConfigKeys (ConfUtils.java:logGet(43)) - raft.server.log.statemachine.data.sync.timeout.retry = -1 (default)
2019-08-20 14:23:41,100 INFO  server.RaftServerConfigKeys (ConfUtils.java:logGet(43)) - raft.server.log.statemachine.data.caching.enabled = true (custom)
2019-08-20 14:23:41,101 INFO  handler.ContextHandler (ContextHandler.java:doStart(781)) - Started o.e.j.w.WebAppContext@4594e030{/,file:///tmp/jetty-0.0.0.0-45962-hddsDatanode-_-any-5315808132692420517.dir/webapp/,AVAILABLE}{/hddsDatanode}
2019-08-20 14:23:41,102 INFO  server.AbstractConnector (AbstractConnector.java:doStart(278)) - Started ServerConnector@32d8e1b0{HTTP/1.1,[http/1.1]}{0.0.0.0:45962}
2019-08-20 14:23:41,103 INFO  server.Server (Server.java:doStart(419)) - Started @54573ms
2019-08-20 14:23:41,104 INFO  server.BaseHttpServer (BaseHttpServer.java:updateConnectorAddress(213)) - HTTP server of HDDSDATANODE is listening at http://0.0.0.0:45962
2019-08-20 14:23:41,107 INFO  impl.RaftServerImpl (ServerState.java:setRaftConf(361)) - badca90e-8687-4d61-a872-ab9f81a9ff79:group-080E89BABD8C set configuration 0: [badca90e-8687-4d61-a872-ab9f81a9ff79:192.168.36.107:44941], old=null at 0
2019-08-20 14:23:41,108 INFO  segmented.LogSegment (LogSegment.java:loadSegment(145)) - Successfully read 1 entries from segment file /workdir/hadoop-ozone/integration-test/target/test-dir/MiniOzoneClusterImpl-a060adfa-6b88-4268-8e4a-1c8ea233438e/datanode-1/data/ratis/268cee25-69b1-48a9-9dce-080e89babd8c/current/log_inprogress_0
2019-08-20 14:23:41,108 INFO  segmented.SegmentedRaftLogWorker (SegmentedRaftLogWorker.java:lambda$new$0(132)) - badca90e-8687-4d61-a872-ab9f81a9ff79-SegmentedRaftLogWorker:Storage Directory /workdir/hadoop-ozone/integration-test/target/test-dir/MiniOzoneClusterImpl-a060adfa-6b88-4268-8e4a-1c8ea233438e/datanode-1/data/ratis/268cee25-69b1-48a9-9dce-080e89babd8c: flushIndex: setUnconditionally 0 -> 0
2019-08-20 14:23:41,133 INFO  server.RaftServerConfigKeys (ConfUtils.java:logGet(43)) - raft.server.snapshot.auto.trigger.enabled = true (custom)
2019-08-20 14:23:41,133 INFO  server.RaftServerConfigKeys (ConfUtils.java:logGet(43)) - raft.server.snapshot.auto.trigger.threshold = 10000 (custom)
2019-08-20 14:23:41,133 INFO  server.RaftServerConfigKeys (ConfUtils.java:logGet(43)) - raft.server.retrycache.expirytime = 600000ms (custom)
2019-08-20 14:23:41,205 INFO  node.StaleNodeHandler (StaleNodeHandler.java:onMessage(58)) - Datanode e6d32cf5-7dee-4418-80db-de61244e08bf{ip: 192.168.36.107, host: pr-hdds-1942-s8lb6-241747594, networkLocation: /default-rack, certSerialId: null} moved to stale state. Finalizing its pipelines [PipelineID=d639d3d2-ae5c-4ebc-ba56-76af6422e890, PipelineID=0a9d1e9c-f3ca-4fbd-8b8b-1fa8cc81a637]
2019-08-20 14:23:41,205 INFO  pipeline.SCMPipelineManager (SCMPipelineManager.java:finalizeAndDestroyPipeline(309)) - destroying pipeline:Pipeline[ Id: d639d3d2-ae5c-4ebc-ba56-76af6422e890, Nodes: 8e43464b-2d64-4fcc-a377-9b9359861b35{ip: 192.168.36.107, host: pr-hdds-1942-s8lb6-241747594, networkLocation: /default-rack, certSerialId: null}badca90e-8687-4d61-a872-ab9f81a9ff79{ip: 192.168.36.107, host: pr-hdds-1942-s8lb6-241747594, networkLocation: /default-rack, certSerialId: null}e6d32cf5-7dee-4418-80db-de61244e08bf{ip: 192.168.36.107, host: pr-hdds-1942-s8lb6-241747594, networkLocation: /default-rack, certSerialId: null}, Type:RATIS, Factor:THREE, State:CLOSED]
2019-08-20 14:23:41,206 INFO  pipeline.SCMPipelineManager (SCMPipelineManager.java:finalizeAndDestroyPipeline(309)) - destroying pipeline:Pipeline[ Id: 0a9d1e9c-f3ca-4fbd-8b8b-1fa8cc81a637, Nodes: e6d32cf5-7dee-4418-80db-de61244e08bf{ip: 192.168.36.107, host: pr-hdds-1942-s8lb6-241747594, networkLocation: /default-rack, certSerialId: null}, Type:RATIS, Factor:ONE, State:OPEN]
2019-08-20 14:23:41,206 INFO  pipeline.PipelineStateManager (PipelineStateManager.java:finalizePipeline(123)) - Pipeline Pipeline[ Id: 0a9d1e9c-f3ca-4fbd-8b8b-1fa8cc81a637, Nodes: e6d32cf5-7dee-4418-80db-de61244e08bf{ip: 192.168.36.107, host: pr-hdds-1942-s8lb6-241747594, networkLocation: /default-rack, certSerialId: null}, Type:RATIS, Factor:ONE, State:CLOSED] moved to CLOSED state
2019-08-20 14:23:41,233 INFO  ozone.HddsDatanodeService (HddsDatanodeService.java:startPlugins(395)) - Started plug-in org.apache.hadoop.ozone.web.OzoneHddsDatanodeService@3b7139a6
2019-08-20 14:23:41,235 INFO  util.JvmPauseMonitor (JvmPauseMonitor.java:run(188)) - Starting JVM pause monitor
2019-08-20 14:23:41,235 INFO  impl.MetricsSystemImpl (MetricsSystemImpl.java:init(158)) - HddsDatanode metrics system started (again)
2019-08-20 14:23:41,239 INFO  ozone.HddsDatanodeService (HddsDatanodeService.java:start(184)) - HddsDatanodeService host:pr-hdds-1942-s8lb6-241747594 ip:192.168.36.107
2019-08-20 14:23:41,241 INFO  volume.VolumeUsage (VolumeUsage.java:loadScmUsed(144)) - Cached ScmUsed found for /workdir/hadoop-ozone/integration-test/target/test-dir/MiniOzoneClusterImpl-a060adfa-6b88-4268-8e4a-1c8ea233438e/datanode-2/data/containers : 4096 
2019-08-20 14:23:41,241 INFO  volume.HddsVolume (HddsVolume.java:<init>(176)) - Creating Volume: /workdir/hadoop-ozone/integration-test/target/test-dir/MiniOzoneClusterImpl-a060adfa-6b88-4268-8e4a-1c8ea233438e/datanode-2/data/containers/hdds of  storage type : DISK and capacity : 1482555576320
2019-08-20 14:23:41,242 INFO  volume.VolumeSet (VolumeSet.java:initializeVolumeSet(170)) - Added Volume : /workdir/hadoop-ozone/integration-test/target/test-dir/MiniOzoneClusterImpl-a060adfa-6b88-4268-8e4a-1c8ea233438e/datanode-2/data/containers/hdds to VolumeSet
2019-08-20 14:23:41,242 INFO  volume.ThrottledAsyncChecker (ThrottledAsyncChecker.java:schedule(140)) - Scheduling a check for org.apache.hadoop.ozone.container.common.volume.HddsVolume@2ff66af0
2019-08-20 14:23:41,242 INFO  volume.HddsVolumeChecker (HddsVolumeChecker.java:checkAllVolumes(203)) - Scheduled health check for volume org.apache.hadoop.ozone.container.common.volume.HddsVolume@2ff66af0
2019-08-20 14:23:41,259 INFO  impl.RaftServerProxy (ConfUtils.java:logGet(43)) - raft.rpc.type = GRPC (default)
2019-08-20 14:23:41,260 INFO  grpc.GrpcFactory (GrpcFactory.java:checkPooledByteBufAllocatorUseCacheForAllThreads(45)) - PERFORMANCE WARNING: useCacheForAllThreads is true that may cause Netty to create a lot garbage objects and, as a result, trigger GC.
	It is recommended to disable useCacheForAllThreads by setting -Dorg.apache.ratis.thirdparty.io.netty.allocator.useCacheForAllThreads=false in command line.
2019-08-20 14:23:41,260 INFO  grpc.GrpcConfigKeys$Server (ConfUtils.java:logGet(43)) - raft.grpc.server.port = 35532 (custom)
2019-08-20 14:23:41,260 INFO  server.GrpcService (ConfUtils.java:logGet(43)) - raft.grpc.message.size.max = 33570816 (custom)
2019-08-20 14:23:41,260 INFO  server.RaftServerConfigKeys (ConfUtils.java:logGet(43)) - raft.server.log.appender.buffer.byte-limit = 33554432 (custom)
2019-08-20 14:23:41,260 INFO  server.GrpcService (ConfUtils.java:logGet(43)) - raft.grpc.flow.control.window = 1MB (=1048576) (default)
2019-08-20 14:23:41,261 INFO  server.RaftServerConfigKeys (ConfUtils.java:logGet(43)) - raft.server.rpc.request.timeout = 3000ms (default)
2019-08-20 14:23:41,261 INFO  server.RaftServerConfigKeys (ConfUtils.java:logGet(43)) - raft.server.storage.dir = [/workdir/hadoop-ozone/integration-test/target/test-dir/MiniOzoneClusterImpl-a060adfa-6b88-4268-8e4a-1c8ea233438e/datanode-2/data/ratis] (custom)
2019-08-20 14:23:41,261 INFO  impl.RaftServerProxy (RaftServerProxy.java:lambda$null$0(191)) - e6d32cf5-7dee-4418-80db-de61244e08bf: found a subdirectory /workdir/hadoop-ozone/integration-test/target/test-dir/MiniOzoneClusterImpl-a060adfa-6b88-4268-8e4a-1c8ea233438e/datanode-2/data/ratis/d639d3d2-ae5c-4ebc-ba56-76af6422e890
2019-08-20 14:23:41,262 INFO  impl.RaftServerProxy (RaftServerProxy.java:addNew(89)) - e6d32cf5-7dee-4418-80db-de61244e08bf: addNew group-76AF6422E890:[] returns group-76AF6422E890:java.util.concurrent.CompletableFuture@50b270ae[Not completed]
2019-08-20 14:23:41,262 INFO  impl.RaftServerProxy (RaftServerProxy.java:lambda$null$0(191)) - e6d32cf5-7dee-4418-80db-de61244e08bf: found a subdirectory /workdir/hadoop-ozone/integration-test/target/test-dir/MiniOzoneClusterImpl-a060adfa-6b88-4268-8e4a-1c8ea233438e/datanode-2/data/ratis/0a9d1e9c-f3ca-4fbd-8b8b-1fa8cc81a637
2019-08-20 14:23:41,262 INFO  impl.RaftServerProxy (RaftServerProxy.java:addNew(89)) - e6d32cf5-7dee-4418-80db-de61244e08bf: addNew group-1FA8CC81A637:[] returns group-1FA8CC81A637:java.util.concurrent.CompletableFuture@3bb2f380[Not completed]
2019-08-20 14:23:41,263 INFO  replication.SimpleContainerDownloader (SimpleContainerDownloader.java:<init>(72)) - Starting container downloader service to copy containers to replicate.
2019-08-20 14:23:41,264 INFO  impl.RaftServerImpl (RaftServerImpl.java:<init>(93)) - e6d32cf5-7dee-4418-80db-de61244e08bf: new RaftServerImpl for group-76AF6422E890:[] with ContainerStateMachine:uninitialized
2019-08-20 14:23:41,264 INFO  hdfs.DFSUtil (DFSUtil.java:httpServerTemplateForNNAndJN(1641)) - Starting Web-server for hddsDatanode at: http://0.0.0.0:37864
2019-08-20 14:23:41,264 INFO  server.RaftServerConfigKeys (ConfUtils.java:logGet(43)) - raft.server.rpc.timeout.min = 5s (custom)
2019-08-20 14:23:41,264 INFO  server.RaftServerConfigKeys (ConfUtils.java:logGet(43)) - raft.server.rpc.timeout.max = 5200ms (custom)
2019-08-20 14:23:41,264 INFO  server.RaftServerConfigKeys (ConfUtils.java:logGet(43)) - raft.server.rpcslowness.timeout = 120s (custom)
2019-08-20 14:23:41,264 INFO  server.RaftServerConfigKeys (ConfUtils.java:logGet(43)) - raft.server.sleep.deviation.threshold = 300 (default)
2019-08-20 14:23:41,264 INFO  server.RaftServerConfigKeys (ConfUtils.java:logGet(43)) - raft.server.log.appender.install.snapshot.enabled = false (custom)
2019-08-20 14:23:41,264 INFO  impl.RaftServerImpl (ServerState.java:<init>(105)) - e6d32cf5-7dee-4418-80db-de61244e08bf:group-76AF6422E890 ConfigurationManager, init=-1: [], old=null, confs=<EMPTY_MAP>
2019-08-20 14:23:41,265 INFO  server.RaftServerConfigKeys (ConfUtils.java:logGet(43)) - raft.server.storage.dir = [/workdir/hadoop-ozone/integration-test/target/test-dir/MiniOzoneClusterImpl-a060adfa-6b88-4268-8e4a-1c8ea233438e/datanode-2/data/ratis] (custom)
2019-08-20 14:23:41,266 INFO  server.AuthenticationFilter (AuthenticationFilter.java:constructSecretProvider(240)) - Unable to initialize FileSignerSecretProvider, falling back to use random secrets.
2019-08-20 14:23:41,266 WARN  http.HttpRequestLog (HttpRequestLog.java:getRequestLog(97)) - Jetty request log can only be enabled using Log4j
2019-08-20 14:23:41,267 INFO  http.HttpServer2 (HttpServer2.java:addGlobalFilter(975)) - Added global filter 'safety' (class=org.apache.hadoop.http.HttpServer2$QuotingInputFilter)
2019-08-20 14:23:41,268 INFO  http.HttpServer2 (HttpServer2.java:addFilter(948)) - Added filter static_user_filter (class=org.apache.hadoop.http.lib.StaticUserWebFilter$StaticUserFilter) to context hddsDatanode
2019-08-20 14:23:41,269 INFO  http.HttpServer2 (HttpServer2.java:addFilter(958)) - Added filter static_user_filter (class=org.apache.hadoop.http.lib.StaticUserWebFilter$StaticUserFilter) to context logs
2019-08-20 14:23:41,269 INFO  http.HttpServer2 (HttpServer2.java:addFilter(958)) - Added filter static_user_filter (class=org.apache.hadoop.http.lib.StaticUserWebFilter$StaticUserFilter) to context static
2019-08-20 14:23:41,269 INFO  http.HttpServer2 (HttpServer2.java:bindListener(1191)) - Jetty bound to port 37864
2019-08-20 14:23:41,269 INFO  server.Server (Server.java:doStart(351)) - jetty-9.3.24.v20180605, build timestamp: 2018-06-05T17:11:56Z, git hash: 84205aa28f11a4f31f2a3b86d1bba2cc8ab69827
2019-08-20 14:23:41,273 INFO  handler.ContextHandler (ContextHandler.java:doStart(781)) - Started o.e.j.s.ServletContextHandler@659bb900{/logs,file:///workdir/hadoop-ozone/integration-test/target/log,AVAILABLE}
2019-08-20 14:23:41,274 INFO  handler.ContextHandler (ContextHandler.java:doStart(781)) - Started o.e.j.s.ServletContextHandler@758fcc81{/static,jar:file:/home/user/.m2/repository/org/apache/hadoop/hadoop-hdds-container-service/0.5.0-SNAPSHOT/hadoop-hdds-container-service-0.5.0-SNAPSHOT.jar!/webapps/static,AVAILABLE}
2019-08-20 14:23:41,278 INFO  storage.RaftStorageDirectory (RaftStorageDirectory.java:tryLock(328)) - Lock on /workdir/hadoop-ozone/integration-test/target/test-dir/MiniOzoneClusterImpl-a060adfa-6b88-4268-8e4a-1c8ea233438e/datanode-2/data/ratis/d639d3d2-ae5c-4ebc-ba56-76af6422e890/in_use.lock acquired by nodename 4888@pr-hdds-1942-s8lb6-241747594
2019-08-20 14:23:41,279 INFO  ratis.ContainerStateMachine (ContainerStateMachine.java:loadSnapshot(222)) - group-76AF6422E890: The snapshot info is null. Setting the last applied indexto:(t:0, i:~)
2019-08-20 14:23:41,280 INFO  server.RaftServerConfigKeys (ConfUtils.java:logGet(43)) - raft.server.leader.election.timeout = 120s (custom)
2019-08-20 14:23:41,280 INFO  server.RaftServerConfigKeys (ConfUtils.java:logGet(43)) - raft.server.log.use.memory = false (default)
2019-08-20 14:23:41,280 INFO  server.RaftServerConfigKeys (ConfUtils.java:logGet(43)) - raft.server.log.purge.gap = 1000000000 (custom)
2019-08-20 14:23:41,280 INFO  server.RaftServerConfigKeys (ConfUtils.java:logGet(43)) - raft.server.log.appender.buffer.byte-limit = 33554432 (custom)
2019-08-20 14:23:41,280 INFO  server.RaftServerConfigKeys (ConfUtils.java:logGet(43)) - raft.server.log.segment.size.max = 1048576 (custom)
2019-08-20 14:23:41,280 INFO  server.RaftServerConfigKeys (ConfUtils.java:logGet(43)) - raft.server.log.segment.cache.num.max = 2 (custom)
2019-08-20 14:23:41,280 INFO  segmented.SegmentedRaftLogWorker (SegmentedRaftLogWorker.java:<init>(172)) - new e6d32cf5-7dee-4418-80db-de61244e08bf-SegmentedRaftLogWorker:Storage Directory /workdir/hadoop-ozone/integration-test/target/test-dir/MiniOzoneClusterImpl-a060adfa-6b88-4268-8e4a-1c8ea233438e/datanode-2/data/ratis/d639d3d2-ae5c-4ebc-ba56-76af6422e890 for RaftStorage:Storage Directory /workdir/hadoop-ozone/integration-test/target/test-dir/MiniOzoneClusterImpl-a060adfa-6b88-4268-8e4a-1c8ea233438e/datanode-2/data/ratis/d639d3d2-ae5c-4ebc-ba56-76af6422e890
2019-08-20 14:23:41,280 INFO  server.RaftServerConfigKeys (ConfUtils.java:logGet(43)) - raft.server.log.queue.byte-limit = 2147483647 (custom)
2019-08-20 14:23:41,281 INFO  server.RaftServerConfigKeys (ConfUtils.java:logGet(43)) - raft.server.log.queue.element-limit = 1024 (custom)
2019-08-20 14:23:41,281 INFO  server.RaftServerConfigKeys (ConfUtils.java:logGet(43)) - raft.server.log.segment.size.max = 1048576 (custom)
2019-08-20 14:23:41,281 INFO  server.RaftServerConfigKeys (ConfUtils.java:logGet(43)) - raft.server.log.preallocated.size = 16384 (custom)
2019-08-20 14:23:41,281 INFO  server.RaftServerConfigKeys (ConfUtils.java:logGet(43)) - raft.server.log.write.buffer.size = 33554432 (custom)
2019-08-20 14:23:41,281 INFO  server.RaftServerConfigKeys (ConfUtils.java:logGet(43)) - raft.server.log.force.sync.num = 128 (default)
2019-08-20 14:23:41,281 INFO  server.RaftServerConfigKeys (ConfUtils.java:logGet(43)) - raft.server.log.statemachine.data.sync = true (default)
2019-08-20 14:23:41,281 INFO  server.RaftServerConfigKeys (ConfUtils.java:logGet(43)) - raft.server.log.statemachine.data.sync.timeout = 10s (default)
2019-08-20 14:23:41,281 INFO  server.RaftServerConfigKeys (ConfUtils.java:logGet(43)) - raft.server.log.statemachine.data.sync.timeout.retry = -1 (default)
2019-08-20 14:23:41,281 INFO  server.RaftServerConfigKeys (ConfUtils.java:logGet(43)) - raft.server.log.statemachine.data.caching.enabled = true (custom)
2019-08-20 14:23:41,282 INFO  segmented.SegmentedRaftLogWorker (SegmentedRaftLogWorker.java:lambda$new$0(132)) - e6d32cf5-7dee-4418-80db-de61244e08bf-SegmentedRaftLogWorker:Storage Directory /workdir/hadoop-ozone/integration-test/target/test-dir/MiniOzoneClusterImpl-a060adfa-6b88-4268-8e4a-1c8ea233438e/datanode-2/data/ratis/d639d3d2-ae5c-4ebc-ba56-76af6422e890: flushIndex: setUnconditionally 0 -> -1
2019-08-20 14:23:41,282 INFO  server.RaftServerConfigKeys (ConfUtils.java:logGet(43)) - raft.server.snapshot.auto.trigger.enabled = true (custom)
2019-08-20 14:23:41,282 INFO  server.RaftServerConfigKeys (ConfUtils.java:logGet(43)) - raft.server.snapshot.auto.trigger.threshold = 10000 (custom)
2019-08-20 14:23:41,283 INFO  server.RaftServerConfigKeys (ConfUtils.java:logGet(43)) - raft.server.retrycache.expirytime = 600000ms (custom)
2019-08-20 14:23:41,284 INFO  impl.RaftServerImpl (RaftServerImpl.java:<init>(93)) - e6d32cf5-7dee-4418-80db-de61244e08bf: new RaftServerImpl for group-1FA8CC81A637:[] with ContainerStateMachine:uninitialized
2019-08-20 14:23:41,285 INFO  server.RaftServerConfigKeys (ConfUtils.java:logGet(43)) - raft.server.rpc.timeout.min = 5s (custom)
2019-08-20 14:23:41,285 INFO  server.RaftServerConfigKeys (ConfUtils.java:logGet(43)) - raft.server.rpc.timeout.max = 5200ms (custom)
2019-08-20 14:23:41,285 INFO  server.RaftServerConfigKeys (ConfUtils.java:logGet(43)) - raft.server.rpcslowness.timeout = 120s (custom)
2019-08-20 14:23:41,285 INFO  server.RaftServerConfigKeys (ConfUtils.java:logGet(43)) - raft.server.sleep.deviation.threshold = 300 (default)
2019-08-20 14:23:41,285 INFO  server.RaftServerConfigKeys (ConfUtils.java:logGet(43)) - raft.server.log.appender.install.snapshot.enabled = false (custom)
2019-08-20 14:23:41,285 INFO  impl.RaftServerImpl (ServerState.java:<init>(105)) - e6d32cf5-7dee-4418-80db-de61244e08bf:group-1FA8CC81A637 ConfigurationManager, init=-1: [], old=null, confs=<EMPTY_MAP>
2019-08-20 14:23:41,285 INFO  server.RaftServerConfigKeys (ConfUtils.java:logGet(43)) - raft.server.storage.dir = [/workdir/hadoop-ozone/integration-test/target/test-dir/MiniOzoneClusterImpl-a060adfa-6b88-4268-8e4a-1c8ea233438e/datanode-2/data/ratis] (custom)
2019-08-20 14:23:41,299 INFO  storage.RaftStorageDirectory (RaftStorageDirectory.java:tryLock(328)) - Lock on /workdir/hadoop-ozone/integration-test/target/test-dir/MiniOzoneClusterImpl-a060adfa-6b88-4268-8e4a-1c8ea233438e/datanode-2/data/ratis/0a9d1e9c-f3ca-4fbd-8b8b-1fa8cc81a637/in_use.lock acquired by nodename 4888@pr-hdds-1942-s8lb6-241747594
2019-08-20 14:23:41,300 INFO  ratis.ContainerStateMachine (ContainerStateMachine.java:loadSnapshot(222)) - group-1FA8CC81A637: The snapshot info is null. Setting the last applied indexto:(t:0, i:~)
2019-08-20 14:23:41,300 INFO  server.RaftServerConfigKeys (ConfUtils.java:logGet(43)) - raft.server.leader.election.timeout = 120s (custom)
2019-08-20 14:23:41,300 INFO  server.RaftServerConfigKeys (ConfUtils.java:logGet(43)) - raft.server.log.use.memory = false (default)
2019-08-20 14:23:41,300 INFO  server.RaftServerConfigKeys (ConfUtils.java:logGet(43)) - raft.server.log.purge.gap = 1000000000 (custom)
2019-08-20 14:23:41,300 INFO  server.RaftServerConfigKeys (ConfUtils.java:logGet(43)) - raft.server.log.appender.buffer.byte-limit = 33554432 (custom)
2019-08-20 14:23:41,300 INFO  server.RaftServerConfigKeys (ConfUtils.java:logGet(43)) - raft.server.log.segment.size.max = 1048576 (custom)
2019-08-20 14:23:41,301 INFO  server.RaftServerConfigKeys (ConfUtils.java:logGet(43)) - raft.server.log.segment.cache.num.max = 2 (custom)
2019-08-20 14:23:41,301 INFO  segmented.SegmentedRaftLogWorker (SegmentedRaftLogWorker.java:<init>(172)) - new e6d32cf5-7dee-4418-80db-de61244e08bf-SegmentedRaftLogWorker:Storage Directory /workdir/hadoop-ozone/integration-test/target/test-dir/MiniOzoneClusterImpl-a060adfa-6b88-4268-8e4a-1c8ea233438e/datanode-2/data/ratis/0a9d1e9c-f3ca-4fbd-8b8b-1fa8cc81a637 for RaftStorage:Storage Directory /workdir/hadoop-ozone/integration-test/target/test-dir/MiniOzoneClusterImpl-a060adfa-6b88-4268-8e4a-1c8ea233438e/datanode-2/data/ratis/0a9d1e9c-f3ca-4fbd-8b8b-1fa8cc81a637
2019-08-20 14:23:41,301 INFO  server.RaftServerConfigKeys (ConfUtils.java:logGet(43)) - raft.server.log.queue.byte-limit = 2147483647 (custom)
2019-08-20 14:23:41,301 INFO  server.RaftServerConfigKeys (ConfUtils.java:logGet(43)) - raft.server.log.queue.element-limit = 1024 (custom)
2019-08-20 14:23:41,301 INFO  server.RaftServerConfigKeys (ConfUtils.java:logGet(43)) - raft.server.log.segment.size.max = 1048576 (custom)
2019-08-20 14:23:41,301 INFO  server.RaftServerConfigKeys (ConfUtils.java:logGet(43)) - raft.server.log.preallocated.size = 16384 (custom)
2019-08-20 14:23:41,301 INFO  server.RaftServerConfigKeys (ConfUtils.java:logGet(43)) - raft.server.log.write.buffer.size = 33554432 (custom)
2019-08-20 14:23:41,302 INFO  server.RaftServerConfigKeys (ConfUtils.java:logGet(43)) - raft.server.log.force.sync.num = 128 (default)
2019-08-20 14:23:41,302 INFO  server.RaftServerConfigKeys (ConfUtils.java:logGet(43)) - raft.server.log.statemachine.data.sync = true (default)
2019-08-20 14:23:41,302 INFO  server.RaftServerConfigKeys (ConfUtils.java:logGet(43)) - raft.server.log.statemachine.data.sync.timeout = 10s (default)
2019-08-20 14:23:41,302 INFO  server.RaftServerConfigKeys (ConfUtils.java:logGet(43)) - raft.server.log.statemachine.data.sync.timeout.retry = -1 (default)
2019-08-20 14:23:41,302 INFO  server.RaftServerConfigKeys (ConfUtils.java:logGet(43)) - raft.server.log.statemachine.data.caching.enabled = true (custom)
2019-08-20 14:23:41,302 INFO  handler.ContextHandler (ContextHandler.java:doStart(781)) - Started o.e.j.w.WebAppContext@334854e5{/,file:///tmp/jetty-0.0.0.0-37864-hddsDatanode-_-any-7246004467916592268.dir/webapp/,AVAILABLE}{/hddsDatanode}
2019-08-20 14:23:41,303 INFO  impl.RaftServerImpl (ServerState.java:setRaftConf(361)) - e6d32cf5-7dee-4418-80db-de61244e08bf:group-1FA8CC81A637 set configuration 0: [e6d32cf5-7dee-4418-80db-de61244e08bf:192.168.36.107:35532], old=null at 0
2019-08-20 14:23:41,303 INFO  server.AbstractConnector (AbstractConnector.java:doStart(278)) - Started ServerConnector@48dca457{HTTP/1.1,[http/1.1]}{0.0.0.0:37864}
2019-08-20 14:23:41,305 INFO  segmented.LogSegment (LogSegment.java:loadSegment(145)) - Successfully read 1 entries from segment file /workdir/hadoop-ozone/integration-test/target/test-dir/MiniOzoneClusterImpl-a060adfa-6b88-4268-8e4a-1c8ea233438e/datanode-2/data/ratis/0a9d1e9c-f3ca-4fbd-8b8b-1fa8cc81a637/current/log_inprogress_0
2019-08-20 14:23:41,305 INFO  server.Server (Server.java:doStart(419)) - Started @54776ms
2019-08-20 14:23:41,305 INFO  segmented.SegmentedRaftLogWorker (SegmentedRaftLogWorker.java:lambda$new$0(132)) - e6d32cf5-7dee-4418-80db-de61244e08bf-SegmentedRaftLogWorker:Storage Directory /workdir/hadoop-ozone/integration-test/target/test-dir/MiniOzoneClusterImpl-a060adfa-6b88-4268-8e4a-1c8ea233438e/datanode-2/data/ratis/0a9d1e9c-f3ca-4fbd-8b8b-1fa8cc81a637: flushIndex: setUnconditionally 0 -> 0
2019-08-20 14:23:41,306 INFO  server.BaseHttpServer (BaseHttpServer.java:updateConnectorAddress(213)) - HTTP server of HDDSDATANODE is listening at http://0.0.0.0:37864
2019-08-20 14:23:41,328 INFO  server.RaftServerConfigKeys (ConfUtils.java:logGet(43)) - raft.server.snapshot.auto.trigger.enabled = true (custom)
2019-08-20 14:23:41,328 INFO  server.RaftServerConfigKeys (ConfUtils.java:logGet(43)) - raft.server.snapshot.auto.trigger.threshold = 10000 (custom)
2019-08-20 14:23:41,329 INFO  server.RaftServerConfigKeys (ConfUtils.java:logGet(43)) - raft.server.retrycache.expirytime = 600000ms (custom)
2019-08-20 14:23:41,573 INFO  ozone.HddsDatanodeService (HddsDatanodeService.java:startPlugins(395)) - Started plug-in org.apache.hadoop.ozone.web.OzoneHddsDatanodeService@5a7e170d
2019-08-20 14:23:41,574 INFO  pipeline.SCMPipelineManager (SCMPipelineManager.java:finalizeAndDestroyPipeline(309)) - destroying pipeline:Pipeline[ Id: d639d3d2-ae5c-4ebc-ba56-76af6422e890, Nodes: 8e43464b-2d64-4fcc-a377-9b9359861b35{ip: 192.168.36.107, host: pr-hdds-1942-s8lb6-241747594, networkLocation: /default-rack, certSerialId: null}badca90e-8687-4d61-a872-ab9f81a9ff79{ip: 192.168.36.107, host: pr-hdds-1942-s8lb6-241747594, networkLocation: /default-rack, certSerialId: null}e6d32cf5-7dee-4418-80db-de61244e08bf{ip: 192.168.36.107, host: pr-hdds-1942-s8lb6-241747594, networkLocation: /default-rack, certSerialId: null}, Type:RATIS, Factor:THREE, State:OPEN]
2019-08-20 14:23:41,575 INFO  util.JvmPauseMonitor (JvmPauseMonitor.java:run(188)) - Starting JVM pause monitor
2019-08-20 14:23:41,582 WARN  pipeline.RatisPipelineUtils (RatisPipelineUtils.java:destroyPipeline(66)) - Pipeline destroy failed for pipeline=PipelineID=d639d3d2-ae5c-4ebc-ba56-76af6422e890 dn=8e43464b-2d64-4fcc-a377-9b9359861b35{ip: 192.168.36.107, host: pr-hdds-1942-s8lb6-241747594, networkLocation: /default-rack, certSerialId: null}
2019-08-20 14:23:41,589 WARN  pipeline.RatisPipelineUtils (RatisPipelineUtils.java:destroyPipeline(66)) - Pipeline destroy failed for pipeline=PipelineID=d639d3d2-ae5c-4ebc-ba56-76af6422e890 dn=badca90e-8687-4d61-a872-ab9f81a9ff79{ip: 192.168.36.107, host: pr-hdds-1942-s8lb6-241747594, networkLocation: /default-rack, certSerialId: null}
2019-08-20 14:23:41,592 WARN  pipeline.RatisPipelineUtils (RatisPipelineUtils.java:destroyPipeline(66)) - Pipeline destroy failed for pipeline=PipelineID=d639d3d2-ae5c-4ebc-ba56-76af6422e890 dn=e6d32cf5-7dee-4418-80db-de61244e08bf{ip: 192.168.36.107, host: pr-hdds-1942-s8lb6-241747594, networkLocation: /default-rack, certSerialId: null}
2019-08-20 14:23:41,592 INFO  pipeline.PipelineStateManager (PipelineStateManager.java:removePipeline(108)) - Pipeline Pipeline[ Id: d639d3d2-ae5c-4ebc-ba56-76af6422e890, Nodes: 8e43464b-2d64-4fcc-a377-9b9359861b35{ip: 192.168.36.107, host: pr-hdds-1942-s8lb6-241747594, networkLocation: /default-rack, certSerialId: null}badca90e-8687-4d61-a872-ab9f81a9ff79{ip: 192.168.36.107, host: pr-hdds-1942-s8lb6-241747594, networkLocation: /default-rack, certSerialId: null}e6d32cf5-7dee-4418-80db-de61244e08bf{ip: 192.168.36.107, host: pr-hdds-1942-s8lb6-241747594, networkLocation: /default-rack, certSerialId: null}, Type:RATIS, Factor:THREE, State:CLOSED] removed from db
2019-08-20 14:23:43,047 INFO  ozoneimpl.OzoneContainer (OzoneContainer.java:start(186)) - Attempting to start container services.
2019-08-20 14:23:43,047 INFO  ozoneimpl.OzoneContainer (OzoneContainer.java:startContainerScrub(160)) - Background container scrubber has been disabled by hdds.containerscrub.enabled
2019-08-20 14:23:43,047 INFO  ratis.XceiverServerRatis (XceiverServerRatis.java:start(404)) - Starting XceiverServerRatis 8e43464b-2d64-4fcc-a377-9b9359861b35 at port 33935
2019-08-20 14:23:43,056 INFO  impl.RaftServerImpl (RaftServerImpl.java:start(180)) - 8e43464b-2d64-4fcc-a377-9b9359861b35: start group-60684E0BBBF2
2019-08-20 14:23:43,056 INFO  impl.RaftServerImpl (RaftServerImpl.java:start(180)) - 8e43464b-2d64-4fcc-a377-9b9359861b35: start group-76AF6422E890
2019-08-20 14:23:43,057 INFO  impl.RaftServerImpl (RaftServerImpl.java:setRole(171)) - 8e43464b-2d64-4fcc-a377-9b9359861b35:group-60684E0BBBF2 changes role from null to FOLLOWER at term 1 for startInitializing
2019-08-20 14:23:43,058 INFO  impl.RaftServerImpl (RaftServerImpl.java:setRole(171)) - 8e43464b-2d64-4fcc-a377-9b9359861b35:group-76AF6422E890 changes role from null to FOLLOWER at term 1 for startInitializing
2019-08-20 14:23:43,059 INFO  util.JmxRegister (JmxRegister.java:tryRegister(44)) - Successfully registered JMX Bean with object name Ratis:service=RaftServer,group=group-60684E0BBBF2,id=8e43464b-2d64-4fcc-a377-9b9359861b35
2019-08-20 14:23:43,059 INFO  util.JmxRegister (JmxRegister.java:tryRegister(44)) - Successfully registered JMX Bean with object name Ratis:service=RaftServer,group=group-76AF6422E890,id=8e43464b-2d64-4fcc-a377-9b9359861b35
2019-08-20 14:23:43,061 INFO  impl.RaftServerProxy (RaftServerProxy.java:lambda$start$3(299)) - 8e43464b-2d64-4fcc-a377-9b9359861b35: start RPC server
2019-08-20 14:23:43,066 INFO  server.GrpcService (GrpcService.java:startImpl(149)) - 8e43464b-2d64-4fcc-a377-9b9359861b35: GrpcService started, listening on 0.0.0.0/0.0.0.0:33935
2019-08-20 14:23:43,237 INFO  ozoneimpl.OzoneContainer (OzoneContainer.java:start(186)) - Attempting to start container services.
2019-08-20 14:23:43,238 INFO  ozoneimpl.OzoneContainer (OzoneContainer.java:startContainerScrub(160)) - Background container scrubber has been disabled by hdds.containerscrub.enabled
2019-08-20 14:23:43,238 INFO  ratis.XceiverServerRatis (XceiverServerRatis.java:start(404)) - Starting XceiverServerRatis badca90e-8687-4d61-a872-ab9f81a9ff79 at port 44941
2019-08-20 14:23:43,244 INFO  impl.RaftServerImpl (RaftServerImpl.java:start(180)) - badca90e-8687-4d61-a872-ab9f81a9ff79: start group-080E89BABD8C
2019-08-20 14:23:43,244 INFO  impl.RaftServerImpl (RaftServerImpl.java:start(180)) - badca90e-8687-4d61-a872-ab9f81a9ff79: start group-76AF6422E890
2019-08-20 14:23:43,245 INFO  impl.RaftServerImpl (RaftServerImpl.java:setRole(171)) - badca90e-8687-4d61-a872-ab9f81a9ff79:group-080E89BABD8C changes role from null to FOLLOWER at term 1 for startAsFollower
2019-08-20 14:23:43,246 INFO  impl.RaftServerImpl (RaftServerImpl.java:setRole(171)) - badca90e-8687-4d61-a872-ab9f81a9ff79:group-76AF6422E890 changes role from null to FOLLOWER at term 1 for startInitializing
2019-08-20 14:23:43,246 INFO  impl.RoleInfo (RoleInfo.java:updateAndGet(143)) - badca90e-8687-4d61-a872-ab9f81a9ff79: start FollowerState
2019-08-20 14:23:43,246 INFO  util.JmxRegister (JmxRegister.java:tryRegister(44)) - Successfully registered JMX Bean with object name Ratis:service=RaftServer,group=group-76AF6422E890,id=badca90e-8687-4d61-a872-ab9f81a9ff79
2019-08-20 14:23:43,247 INFO  util.JmxRegister (JmxRegister.java:tryRegister(44)) - Successfully registered JMX Bean with object name Ratis:service=RaftServer,group=group-080E89BABD8C,id=badca90e-8687-4d61-a872-ab9f81a9ff79
2019-08-20 14:23:43,248 INFO  impl.RaftServerProxy (RaftServerProxy.java:lambda$start$3(299)) - badca90e-8687-4d61-a872-ab9f81a9ff79: start RPC server
2019-08-20 14:23:43,249 INFO  server.GrpcService (GrpcService.java:startImpl(149)) - badca90e-8687-4d61-a872-ab9f81a9ff79: GrpcService started, listening on 0.0.0.0/0.0.0.0:44941
2019-08-20 14:23:43,578 INFO  ozoneimpl.OzoneContainer (OzoneContainer.java:start(186)) - Attempting to start container services.
2019-08-20 14:23:43,579 INFO  ozoneimpl.OzoneContainer (OzoneContainer.java:startContainerScrub(160)) - Background container scrubber has been disabled by hdds.containerscrub.enabled
2019-08-20 14:23:43,579 INFO  ratis.XceiverServerRatis (XceiverServerRatis.java:start(404)) - Starting XceiverServerRatis e6d32cf5-7dee-4418-80db-de61244e08bf at port 35532
2019-08-20 14:23:43,585 INFO  impl.RaftServerImpl (RaftServerImpl.java:start(180)) - e6d32cf5-7dee-4418-80db-de61244e08bf: start group-1FA8CC81A637
2019-08-20 14:23:43,585 INFO  impl.RaftServerImpl (RaftServerImpl.java:start(180)) - e6d32cf5-7dee-4418-80db-de61244e08bf: start group-76AF6422E890
2019-08-20 14:23:43,586 INFO  impl.RaftServerImpl (RaftServerImpl.java:setRole(171)) - e6d32cf5-7dee-4418-80db-de61244e08bf:group-1FA8CC81A637 changes role from null to FOLLOWER at term 1 for startAsFollower
2019-08-20 14:23:43,588 INFO  impl.RaftServerImpl (RaftServerImpl.java:setRole(171)) - e6d32cf5-7dee-4418-80db-de61244e08bf:group-76AF6422E890 changes role from null to FOLLOWER at term 2 for startInitializing
2019-08-20 14:23:43,588 INFO  impl.RoleInfo (RoleInfo.java:updateAndGet(143)) - e6d32cf5-7dee-4418-80db-de61244e08bf: start FollowerState
2019-08-20 14:23:43,588 INFO  util.JmxRegister (JmxRegister.java:tryRegister(44)) - Successfully registered JMX Bean with object name Ratis:service=RaftServer,group=group-76AF6422E890,id=e6d32cf5-7dee-4418-80db-de61244e08bf
2019-08-20 14:23:43,589 INFO  util.JmxRegister (JmxRegister.java:tryRegister(44)) - Successfully registered JMX Bean with object name Ratis:service=RaftServer,group=group-1FA8CC81A637,id=e6d32cf5-7dee-4418-80db-de61244e08bf
2019-08-20 14:23:43,591 INFO  impl.RaftServerProxy (RaftServerProxy.java:lambda$start$3(299)) - e6d32cf5-7dee-4418-80db-de61244e08bf: start RPC server
2019-08-20 14:23:43,592 INFO  server.GrpcService (GrpcService.java:startImpl(149)) - e6d32cf5-7dee-4418-80db-de61244e08bf: GrpcService started, listening on 0.0.0.0/0.0.0.0:35532
2019-08-20 14:23:45,070 INFO  impl.RaftServerProxy (RaftServerProxy.java:remove(95)) - 8e43464b-2d64-4fcc-a377-9b9359861b35: remove FOLLOWER group-76AF6422E890 8e43464b-2d64-4fcc-a377-9b9359861b35:t1, leader=null, voted=8e43464b-2d64-4fcc-a377-9b9359861b35, raftlog=8e43464b-2d64-4fcc-a377-9b9359861b35-SegmentedRaftLog:OPENED:c-1,f-1,i0, conf=-1: [], old=null STARTING
2019-08-20 14:23:45,072 INFO  impl.RaftServerImpl (RaftServerImpl.java:lambda$shutdown$3(245)) - 8e43464b-2d64-4fcc-a377-9b9359861b35: shutdown group-76AF6422E890
2019-08-20 14:23:45,072 INFO  util.JmxRegister (JmxRegister.java:unregister(73)) - Successfully un-registered JMX Bean with object name Ratis:service=RaftServer,group=group-76AF6422E890,id=8e43464b-2d64-4fcc-a377-9b9359861b35
2019-08-20 14:23:45,072 INFO  impl.StateMachineUpdater (StateMachineUpdater.java:stopAndJoin(115)) - StateMachineUpdater:8e43464b-2d64-4fcc-a377-9b9359861b35:group-76AF6422E890: set stopIndex = -1
2019-08-20 14:23:45,073 INFO  impl.RaftServerImpl (ServerState.java:close(394)) - 8e43464b-2d64-4fcc-a377-9b9359861b35:group-76AF6422E890 closes. The last applied log index is -1
2019-08-20 14:23:45,073 INFO  segmented.SegmentedRaftLogWorker (SegmentedRaftLogWorker.java:run(313)) - 8e43464b-2d64-4fcc-a377-9b9359861b35-SegmentedRaftLogWorker:Storage Directory /workdir/hadoop-ozone/integration-test/target/test-dir/MiniOzoneClusterImpl-a060adfa-6b88-4268-8e4a-1c8ea233438e/datanode-0/data/ratis/d639d3d2-ae5c-4ebc-ba56-76af6422e890 was interrupted, exiting. There are 0 tasks remaining in the queue.
2019-08-20 14:23:45,073 INFO  segmented.SegmentedRaftLogWorker (SegmentedRaftLogWorker.java:close(228)) - 8e43464b-2d64-4fcc-a377-9b9359861b35-SegmentedRaftLogWorker:Storage Directory /workdir/hadoop-ozone/integration-test/target/test-dir/MiniOzoneClusterImpl-a060adfa-6b88-4268-8e4a-1c8ea233438e/datanode-0/data/ratis/d639d3d2-ae5c-4ebc-ba56-76af6422e890 close()
2019-08-20 14:23:45,249 INFO  impl.RaftServerProxy (RaftServerProxy.java:remove(95)) - badca90e-8687-4d61-a872-ab9f81a9ff79: remove FOLLOWER group-76AF6422E890 badca90e-8687-4d61-a872-ab9f81a9ff79:t1, leader=null, voted=badca90e-8687-4d61-a872-ab9f81a9ff79, raftlog=badca90e-8687-4d61-a872-ab9f81a9ff79-SegmentedRaftLog:OPENED:c-1,f-1,i0, conf=-1: [], old=null STARTING
2019-08-20 14:23:45,249 INFO  impl.RaftServerImpl (RaftServerImpl.java:lambda$shutdown$3(245)) - badca90e-8687-4d61-a872-ab9f81a9ff79: shutdown group-76AF6422E890
2019-08-20 14:23:45,249 INFO  util.JmxRegister (JmxRegister.java:unregister(73)) - Successfully un-registered JMX Bean with object name Ratis:service=RaftServer,group=group-76AF6422E890,id=badca90e-8687-4d61-a872-ab9f81a9ff79
2019-08-20 14:23:45,249 INFO  impl.StateMachineUpdater (StateMachineUpdater.java:stopAndJoin(115)) - StateMachineUpdater:badca90e-8687-4d61-a872-ab9f81a9ff79:group-76AF6422E890: set stopIndex = -1
2019-08-20 14:23:45,250 INFO  impl.RaftServerImpl (ServerState.java:close(394)) - badca90e-8687-4d61-a872-ab9f81a9ff79:group-76AF6422E890 closes. The last applied log index is -1
2019-08-20 14:23:45,250 INFO  segmented.SegmentedRaftLogWorker (SegmentedRaftLogWorker.java:run(313)) - badca90e-8687-4d61-a872-ab9f81a9ff79-SegmentedRaftLogWorker:Storage Directory /workdir/hadoop-ozone/integration-test/target/test-dir/MiniOzoneClusterImpl-a060adfa-6b88-4268-8e4a-1c8ea233438e/datanode-1/data/ratis/d639d3d2-ae5c-4ebc-ba56-76af6422e890 was interrupted, exiting. There are 0 tasks remaining in the queue.
2019-08-20 14:23:45,250 INFO  segmented.SegmentedRaftLogWorker (SegmentedRaftLogWorker.java:close(228)) - badca90e-8687-4d61-a872-ab9f81a9ff79-SegmentedRaftLogWorker:Storage Directory /workdir/hadoop-ozone/integration-test/target/test-dir/MiniOzoneClusterImpl-a060adfa-6b88-4268-8e4a-1c8ea233438e/datanode-1/data/ratis/d639d3d2-ae5c-4ebc-ba56-76af6422e890 close()
2019-08-20 14:23:45,589 INFO  impl.RaftServerProxy (RaftServerProxy.java:remove(95)) - e6d32cf5-7dee-4418-80db-de61244e08bf: remove FOLLOWER group-76AF6422E890 e6d32cf5-7dee-4418-80db-de61244e08bf:t2, leader=null, voted=e6d32cf5-7dee-4418-80db-de61244e08bf, raftlog=e6d32cf5-7dee-4418-80db-de61244e08bf-SegmentedRaftLog:OPENED:c-1,f-1,i0, conf=-1: [], old=null STARTING
2019-08-20 14:23:45,591 INFO  impl.RaftServerImpl (RaftServerImpl.java:lambda$shutdown$3(245)) - e6d32cf5-7dee-4418-80db-de61244e08bf: shutdown group-76AF6422E890
2019-08-20 14:23:45,592 INFO  util.JmxRegister (JmxRegister.java:unregister(73)) - Successfully un-registered JMX Bean with object name Ratis:service=RaftServer,group=group-76AF6422E890,id=e6d32cf5-7dee-4418-80db-de61244e08bf
2019-08-20 14:23:45,592 INFO  impl.StateMachineUpdater (StateMachineUpdater.java:stopAndJoin(115)) - StateMachineUpdater:e6d32cf5-7dee-4418-80db-de61244e08bf:group-76AF6422E890: set stopIndex = -1
2019-08-20 14:23:45,592 INFO  impl.RaftServerImpl (ServerState.java:close(394)) - e6d32cf5-7dee-4418-80db-de61244e08bf:group-76AF6422E890 closes. The last applied log index is -1
2019-08-20 14:23:45,593 INFO  segmented.SegmentedRaftLogWorker (SegmentedRaftLogWorker.java:run(313)) - e6d32cf5-7dee-4418-80db-de61244e08bf-SegmentedRaftLogWorker:Storage Directory /workdir/hadoop-ozone/integration-test/target/test-dir/MiniOzoneClusterImpl-a060adfa-6b88-4268-8e4a-1c8ea233438e/datanode-2/data/ratis/d639d3d2-ae5c-4ebc-ba56-76af6422e890 was interrupted, exiting. There are 0 tasks remaining in the queue.
2019-08-20 14:23:45,593 INFO  segmented.SegmentedRaftLogWorker (SegmentedRaftLogWorker.java:close(228)) - e6d32cf5-7dee-4418-80db-de61244e08bf-SegmentedRaftLogWorker:Storage Directory /workdir/hadoop-ozone/integration-test/target/test-dir/MiniOzoneClusterImpl-a060adfa-6b88-4268-8e4a-1c8ea233438e/datanode-2/data/ratis/d639d3d2-ae5c-4ebc-ba56-76af6422e890 close()
2019-08-20 14:23:47,239 INFO  impl.RaftServerProxy (RaftServerProxy.java:addNew(89)) - 8e43464b-2d64-4fcc-a377-9b9359861b35: addNew group-9D62A63B58AC:[8e43464b-2d64-4fcc-a377-9b9359861b35:192.168.36.107:33935] returns group-9D62A63B58AC:java.util.concurrent.CompletableFuture@17ab9213[Not completed]
2019-08-20 14:23:47,240 INFO  impl.RaftServerImpl (RaftServerImpl.java:<init>(93)) - 8e43464b-2d64-4fcc-a377-9b9359861b35: new RaftServerImpl for group-9D62A63B58AC:[8e43464b-2d64-4fcc-a377-9b9359861b35:192.168.36.107:33935] with ContainerStateMachine:uninitialized
2019-08-20 14:23:47,240 INFO  server.RaftServerConfigKeys (ConfUtils.java:logGet(43)) - raft.server.rpc.timeout.min = 5s (custom)
2019-08-20 14:23:47,240 INFO  server.RaftServerConfigKeys (ConfUtils.java:logGet(43)) - raft.server.rpc.timeout.max = 5200ms (custom)
2019-08-20 14:23:47,241 INFO  server.RaftServerConfigKeys (ConfUtils.java:logGet(43)) - raft.server.rpcslowness.timeout = 120s (custom)
2019-08-20 14:23:47,241 INFO  server.RaftServerConfigKeys (ConfUtils.java:logGet(43)) - raft.server.sleep.deviation.threshold = 300 (default)
2019-08-20 14:23:47,241 INFO  server.RaftServerConfigKeys (ConfUtils.java:logGet(43)) - raft.server.log.appender.install.snapshot.enabled = false (custom)
2019-08-20 14:23:47,241 INFO  impl.RaftServerImpl (ServerState.java:<init>(105)) - 8e43464b-2d64-4fcc-a377-9b9359861b35:group-9D62A63B58AC ConfigurationManager, init=-1: [8e43464b-2d64-4fcc-a377-9b9359861b35:192.168.36.107:33935], old=null, confs=<EMPTY_MAP>
2019-08-20 14:23:47,241 INFO  server.RaftServerConfigKeys (ConfUtils.java:logGet(43)) - raft.server.storage.dir = [/workdir/hadoop-ozone/integration-test/target/test-dir/MiniOzoneClusterImpl-a060adfa-6b88-4268-8e4a-1c8ea233438e/datanode-0/data/ratis] (custom)
2019-08-20 14:23:47,241 INFO  storage.RaftStorageDirectory (RaftStorageDirectory.java:analyzeStorage(246)) - The storage directory /workdir/hadoop-ozone/integration-test/target/test-dir/MiniOzoneClusterImpl-a060adfa-6b88-4268-8e4a-1c8ea233438e/datanode-0/data/ratis/e6baff33-bc5a-4faa-9409-9d62a63b58ac does not exist. Creating ...
2019-08-20 14:23:47,364 INFO  storage.RaftStorageDirectory (RaftStorageDirectory.java:tryLock(328)) - Lock on /workdir/hadoop-ozone/integration-test/target/test-dir/MiniOzoneClusterImpl-a060adfa-6b88-4268-8e4a-1c8ea233438e/datanode-0/data/ratis/e6baff33-bc5a-4faa-9409-9d62a63b58ac/in_use.lock acquired by nodename 4888@pr-hdds-1942-s8lb6-241747594
2019-08-20 14:23:47,381 INFO  storage.RaftStorage (RaftStorage.java:format(72)) - Storage directory /workdir/hadoop-ozone/integration-test/target/test-dir/MiniOzoneClusterImpl-a060adfa-6b88-4268-8e4a-1c8ea233438e/datanode-0/data/ratis/e6baff33-bc5a-4faa-9409-9d62a63b58ac has been successfully formatted.
2019-08-20 14:23:47,381 INFO  ratis.ContainerStateMachine (ContainerStateMachine.java:loadSnapshot(222)) - group-9D62A63B58AC: The snapshot info is null. Setting the last applied indexto:(t:0, i:~)
2019-08-20 14:23:47,381 INFO  server.RaftServerConfigKeys (ConfUtils.java:logGet(43)) - raft.server.leader.election.timeout = 120s (custom)
2019-08-20 14:23:47,381 INFO  server.RaftServerConfigKeys (ConfUtils.java:logGet(43)) - raft.server.log.use.memory = false (default)
2019-08-20 14:23:47,382 INFO  server.RaftServerConfigKeys (ConfUtils.java:logGet(43)) - raft.server.log.purge.gap = 1000000000 (custom)
2019-08-20 14:23:47,382 INFO  server.RaftServerConfigKeys (ConfUtils.java:logGet(43)) - raft.server.log.appender.buffer.byte-limit = 33554432 (custom)
2019-08-20 14:23:47,382 INFO  server.RaftServerConfigKeys (ConfUtils.java:logGet(43)) - raft.server.log.segment.size.max = 1048576 (custom)
2019-08-20 14:23:47,382 INFO  server.RaftServerConfigKeys (ConfUtils.java:logGet(43)) - raft.server.log.segment.cache.num.max = 2 (custom)
2019-08-20 14:23:47,382 INFO  segmented.SegmentedRaftLogWorker (SegmentedRaftLogWorker.java:<init>(172)) - new 8e43464b-2d64-4fcc-a377-9b9359861b35-SegmentedRaftLogWorker:Storage Directory /workdir/hadoop-ozone/integration-test/target/test-dir/MiniOzoneClusterImpl-a060adfa-6b88-4268-8e4a-1c8ea233438e/datanode-0/data/ratis/e6baff33-bc5a-4faa-9409-9d62a63b58ac for RaftStorage:Storage Directory /workdir/hadoop-ozone/integration-test/target/test-dir/MiniOzoneClusterImpl-a060adfa-6b88-4268-8e4a-1c8ea233438e/datanode-0/data/ratis/e6baff33-bc5a-4faa-9409-9d62a63b58ac
2019-08-20 14:23:47,382 INFO  server.RaftServerConfigKeys (ConfUtils.java:logGet(43)) - raft.server.log.queue.byte-limit = 2147483647 (custom)
2019-08-20 14:23:47,382 INFO  server.RaftServerConfigKeys (ConfUtils.java:logGet(43)) - raft.server.log.queue.element-limit = 1024 (custom)
2019-08-20 14:23:47,382 INFO  server.RaftServerConfigKeys (ConfUtils.java:logGet(43)) - raft.server.log.segment.size.max = 1048576 (custom)
2019-08-20 14:23:47,383 INFO  server.RaftServerConfigKeys (ConfUtils.java:logGet(43)) - raft.server.log.preallocated.size = 16384 (custom)
2019-08-20 14:23:47,383 INFO  server.RaftServerConfigKeys (ConfUtils.java:logGet(43)) - raft.server.log.write.buffer.size = 33554432 (custom)
2019-08-20 14:23:47,383 INFO  server.RaftServerConfigKeys (ConfUtils.java:logGet(43)) - raft.server.log.force.sync.num = 128 (default)
2019-08-20 14:23:47,383 INFO  server.RaftServerConfigKeys (ConfUtils.java:logGet(43)) - raft.server.log.statemachine.data.sync = true (default)
2019-08-20 14:23:47,383 INFO  server.RaftServerConfigKeys (ConfUtils.java:logGet(43)) - raft.server.log.statemachine.data.sync.timeout = 10s (default)
2019-08-20 14:23:47,383 INFO  server.RaftServerConfigKeys (ConfUtils.java:logGet(43)) - raft.server.log.statemachine.data.sync.timeout.retry = -1 (default)
2019-08-20 14:23:47,383 INFO  server.RaftServerConfigKeys (ConfUtils.java:logGet(43)) - raft.server.log.statemachine.data.caching.enabled = true (custom)
2019-08-20 14:23:47,390 INFO  segmented.SegmentedRaftLogWorker (SegmentedRaftLogWorker.java:lambda$new$0(132)) - 8e43464b-2d64-4fcc-a377-9b9359861b35-SegmentedRaftLogWorker:Storage Directory /workdir/hadoop-ozone/integration-test/target/test-dir/MiniOzoneClusterImpl-a060adfa-6b88-4268-8e4a-1c8ea233438e/datanode-0/data/ratis/e6baff33-bc5a-4faa-9409-9d62a63b58ac: flushIndex: setUnconditionally 0 -> -1
2019-08-20 14:23:47,390 INFO  server.RaftServerConfigKeys (ConfUtils.java:logGet(43)) - raft.server.snapshot.auto.trigger.enabled = true (custom)
2019-08-20 14:23:47,390 INFO  server.RaftServerConfigKeys (ConfUtils.java:logGet(43)) - raft.server.snapshot.auto.trigger.threshold = 10000 (custom)
2019-08-20 14:23:47,391 INFO  server.RaftServerConfigKeys (ConfUtils.java:logGet(43)) - raft.server.retrycache.expirytime = 600000ms (custom)
2019-08-20 14:23:47,391 INFO  impl.RaftServerImpl (RaftServerImpl.java:start(180)) - 8e43464b-2d64-4fcc-a377-9b9359861b35: start group-9D62A63B58AC
2019-08-20 14:23:47,391 INFO  impl.RaftServerImpl (RaftServerImpl.java:setRole(171)) - 8e43464b-2d64-4fcc-a377-9b9359861b35:group-9D62A63B58AC changes role from null to FOLLOWER at term 0 for startAsFollower
2019-08-20 14:23:47,391 INFO  impl.RoleInfo (RoleInfo.java:updateAndGet(143)) - 8e43464b-2d64-4fcc-a377-9b9359861b35: start FollowerState
2019-08-20 14:23:47,392 INFO  util.JmxRegister (JmxRegister.java:tryRegister(44)) - Successfully registered JMX Bean with object name Ratis:service=RaftServer,group=group-9D62A63B58AC,id=8e43464b-2d64-4fcc-a377-9b9359861b35
2019-08-20 14:23:47,398 INFO  pipeline.PipelineStateManager (PipelineStateManager.java:addPipeline(56)) - Created pipeline Pipeline[ Id: e6baff33-bc5a-4faa-9409-9d62a63b58ac, Nodes: 8e43464b-2d64-4fcc-a377-9b9359861b35{ip: 192.168.36.107, host: pr-hdds-1942-s8lb6-241747594, networkLocation: /default-rack, certSerialId: null}, Type:RATIS, Factor:ONE, State:OPEN]
2019-08-20 14:23:47,943 INFO  ozone.MiniOzoneClusterImpl (MiniOzoneClusterImpl.java:shutdown(321)) - Shutting down the Mini Ozone Cluster
2019-08-20 14:23:47,943 INFO  ozone.MiniOzoneClusterImpl (MiniOzoneClusterImpl.java:stop(336)) - Stopping the Mini Ozone Cluster
2019-08-20 14:23:47,943 INFO  ozone.MiniOzoneClusterImpl (MiniOzoneClusterImpl.java:stop(338)) - Stopping the OzoneManager
2019-08-20 14:23:47,945 INFO  ipc.Server (Server.java:stop(3082)) - Stopping server on 40964
2019-08-20 14:23:47,952 INFO  ipc.Server (Server.java:run(1185)) - Stopping IPC Server listener on 40964
2019-08-20 14:23:47,955 INFO  ipc.Server (Server.java:run(1319)) - Stopping IPC Server Responder
2019-08-20 14:23:47,954 INFO  ratis.OzoneManagerDoubleBuffer (OzoneManagerDoubleBuffer.java:stop(248)) - Stopping OMDoubleBuffer flush thread
2019-08-20 14:23:47,961 INFO  ratis.OzoneManagerDoubleBuffer (OzoneManagerDoubleBuffer.java:flushTransactions(191)) - OMDoubleBuffer flush thread OMDoubleBufferFlushThread is interrupted and will exit. OMDoubleBufferFlushThread
2019-08-20 14:23:47,963 INFO  utils.BackgroundService (BackgroundService.java:shutdown(148)) - Shutting down service KeyDeletingService
2019-08-20 14:23:47,966 INFO  handler.ContextHandler (ContextHandler.java:doStop(910)) - Stopped o.e.j.w.WebAppContext@1b6cb2c9{/,null,UNAVAILABLE}{/ozoneManager}
2019-08-20 14:23:47,967 INFO  server.AbstractConnector (AbstractConnector.java:doStop(318)) - Stopped ServerConnector@16b7184c{HTTP/1.1,[http/1.1]}{0.0.0.0:0}
2019-08-20 14:23:47,968 INFO  handler.ContextHandler (ContextHandler.java:doStop(910)) - Stopped o.e.j.s.ServletContextHandler@5fc75786{/static,file:///workdir/hadoop-ozone/integration-test/target/test-classes/webapps/static,UNAVAILABLE}
2019-08-20 14:23:47,969 INFO  handler.ContextHandler (ContextHandler.java:doStop(910)) - Stopped o.e.j.s.ServletContextHandler@6786036c{/logs,file:///workdir/hadoop-ozone/integration-test/target/log,UNAVAILABLE}
2019-08-20 14:23:47,973 INFO  ozone.MiniOzoneClusterImpl (MiniOzoneClusterImpl.java:stop(344)) - Shutting the HddsDatanodes
2019-08-20 14:23:47,973 INFO  datanode.ObjectStoreHandler (ObjectStoreHandler.java:close(155)) - Closing ObjectStoreHandler.
2019-08-20 14:23:47,973 INFO  datanode.ObjectStoreHandler (ObjectStoreHandler.java:close(155)) - Closing ObjectStoreHandler.
2019-08-20 14:23:47,974 INFO  ozone.HddsDatanodeService (HddsDatanodeService.java:stop(451)) - Stopped plug-in org.apache.hadoop.ozone.web.OzoneHddsDatanodeService@3b7139a6
2019-08-20 14:23:47,974 INFO  ozone.HddsDatanodeService (HddsDatanodeService.java:stop(451)) - Stopped plug-in org.apache.hadoop.ozone.web.OzoneHddsDatanodeService@5d5b17f8
2019-08-20 14:23:48,047 INFO  statemachine.DatanodeStateMachine (DatanodeStateMachine.java:lambda$startDaemon$0(350)) - Ozone container server started.
2019-08-20 14:23:48,236 INFO  statemachine.DatanodeStateMachine (DatanodeStateMachine.java:lambda$startDaemon$0(350)) - Ozone container server started.
2019-08-20 14:23:48,239 INFO  impl.RaftServerProxy (RaftServerProxy.java:addNew(89)) - badca90e-8687-4d61-a872-ab9f81a9ff79: addNew group-2F31D83840EF:[badca90e-8687-4d61-a872-ab9f81a9ff79:192.168.36.107:44941] returns group-2F31D83840EF:java.util.concurrent.CompletableFuture@4668eb1a[Not completed]
2019-08-20 14:23:48,240 INFO  impl.RaftServerImpl (RaftServerImpl.java:<init>(93)) - badca90e-8687-4d61-a872-ab9f81a9ff79: new RaftServerImpl for group-2F31D83840EF:[badca90e-8687-4d61-a872-ab9f81a9ff79:192.168.36.107:44941] with ContainerStateMachine:uninitialized
2019-08-20 14:23:48,240 INFO  server.RaftServerConfigKeys (ConfUtils.java:logGet(43)) - raft.server.rpc.timeout.min = 5s (custom)
2019-08-20 14:23:48,240 INFO  server.RaftServerConfigKeys (ConfUtils.java:logGet(43)) - raft.server.rpc.timeout.max = 5200ms (custom)
2019-08-20 14:23:48,240 INFO  server.RaftServerConfigKeys (ConfUtils.java:logGet(43)) - raft.server.rpcslowness.timeout = 120s (custom)
2019-08-20 14:23:48,240 INFO  server.RaftServerConfigKeys (ConfUtils.java:logGet(43)) - raft.server.sleep.deviation.threshold = 300 (default)
2019-08-20 14:23:48,240 INFO  server.RaftServerConfigKeys (ConfUtils.java:logGet(43)) - raft.server.log.appender.install.snapshot.enabled = false (custom)
2019-08-20 14:23:48,241 INFO  impl.RaftServerImpl (ServerState.java:<init>(105)) - badca90e-8687-4d61-a872-ab9f81a9ff79:group-2F31D83840EF ConfigurationManager, init=-1: [badca90e-8687-4d61-a872-ab9f81a9ff79:192.168.36.107:44941], old=null, confs=<EMPTY_MAP>
2019-08-20 14:23:48,241 INFO  server.RaftServerConfigKeys (ConfUtils.java:logGet(43)) - raft.server.storage.dir = [/workdir/hadoop-ozone/integration-test/target/test-dir/MiniOzoneClusterImpl-a060adfa-6b88-4268-8e4a-1c8ea233438e/datanode-1/data/ratis] (custom)
2019-08-20 14:23:48,241 INFO  storage.RaftStorageDirectory (RaftStorageDirectory.java:analyzeStorage(246)) - The storage directory /workdir/hadoop-ozone/integration-test/target/test-dir/MiniOzoneClusterImpl-a060adfa-6b88-4268-8e4a-1c8ea233438e/datanode-1/data/ratis/2a15018e-38ce-4947-be7a-2f31d83840ef does not exist. Creating ...
2019-08-20 14:23:48,263 INFO  storage.RaftStorageDirectory (RaftStorageDirectory.java:tryLock(328)) - Lock on /workdir/hadoop-ozone/integration-test/target/test-dir/MiniOzoneClusterImpl-a060adfa-6b88-4268-8e4a-1c8ea233438e/datanode-1/data/ratis/2a15018e-38ce-4947-be7a-2f31d83840ef/in_use.lock acquired by nodename 4888@pr-hdds-1942-s8lb6-241747594
2019-08-20 14:23:48,282 INFO  storage.RaftStorage (RaftStorage.java:format(72)) - Storage directory /workdir/hadoop-ozone/integration-test/target/test-dir/MiniOzoneClusterImpl-a060adfa-6b88-4268-8e4a-1c8ea233438e/datanode-1/data/ratis/2a15018e-38ce-4947-be7a-2f31d83840ef has been successfully formatted.
2019-08-20 14:23:48,282 INFO  ratis.ContainerStateMachine (ContainerStateMachine.java:loadSnapshot(222)) - group-2F31D83840EF: The snapshot info is null. Setting the last applied indexto:(t:0, i:~)
2019-08-20 14:23:48,283 INFO  server.RaftServerConfigKeys (ConfUtils.java:logGet(43)) - raft.server.leader.election.timeout = 120s (custom)
2019-08-20 14:23:48,283 INFO  server.RaftServerConfigKeys (ConfUtils.java:logGet(43)) - raft.server.log.use.memory = false (default)
2019-08-20 14:23:48,283 INFO  server.RaftServerConfigKeys (ConfUtils.java:logGet(43)) - raft.server.log.purge.gap = 1000000000 (custom)
2019-08-20 14:23:48,283 INFO  server.RaftServerConfigKeys (ConfUtils.java:logGet(43)) - raft.server.log.appender.buffer.byte-limit = 33554432 (custom)
2019-08-20 14:23:48,283 INFO  server.RaftServerConfigKeys (ConfUtils.java:logGet(43)) - raft.server.log.segment.size.max = 1048576 (custom)
2019-08-20 14:23:48,283 INFO  server.RaftServerConfigKeys (ConfUtils.java:logGet(43)) - raft.server.log.segment.cache.num.max = 2 (custom)
2019-08-20 14:23:48,283 INFO  segmented.SegmentedRaftLogWorker (SegmentedRaftLogWorker.java:<init>(172)) - new badca90e-8687-4d61-a872-ab9f81a9ff79-SegmentedRaftLogWorker:Storage Directory /workdir/hadoop-ozone/integration-test/target/test-dir/MiniOzoneClusterImpl-a060adfa-6b88-4268-8e4a-1c8ea233438e/datanode-1/data/ratis/2a15018e-38ce-4947-be7a-2f31d83840ef for RaftStorage:Storage Directory /workdir/hadoop-ozone/integration-test/target/test-dir/MiniOzoneClusterImpl-a060adfa-6b88-4268-8e4a-1c8ea233438e/datanode-1/data/ratis/2a15018e-38ce-4947-be7a-2f31d83840ef
2019-08-20 14:23:48,283 INFO  server.RaftServerConfigKeys (ConfUtils.java:logGet(43)) - raft.server.log.queue.byte-limit = 2147483647 (custom)
2019-08-20 14:23:48,283 INFO  server.RaftServerConfigKeys (ConfUtils.java:logGet(43)) - raft.server.log.queue.element-limit = 1024 (custom)
2019-08-20 14:23:48,284 INFO  server.RaftServerConfigKeys (ConfUtils.java:logGet(43)) - raft.server.log.segment.size.max = 1048576 (custom)
2019-08-20 14:23:48,284 INFO  server.RaftServerConfigKeys (ConfUtils.java:logGet(43)) - raft.server.log.preallocated.size = 16384 (custom)
2019-08-20 14:23:48,284 INFO  server.RaftServerConfigKeys (ConfUtils.java:logGet(43)) - raft.server.log.write.buffer.size = 33554432 (custom)
2019-08-20 14:23:48,284 INFO  server.RaftServerConfigKeys (ConfUtils.java:logGet(43)) - raft.server.log.force.sync.num = 128 (default)
2019-08-20 14:23:48,284 INFO  server.RaftServerConfigKeys (ConfUtils.java:logGet(43)) - raft.server.log.statemachine.data.sync = true (default)
2019-08-20 14:23:48,284 INFO  server.RaftServerConfigKeys (ConfUtils.java:logGet(43)) - raft.server.log.statemachine.data.sync.timeout = 10s (default)
2019-08-20 14:23:48,284 INFO  server.RaftServerConfigKeys (ConfUtils.java:logGet(43)) - raft.server.log.statemachine.data.sync.timeout.retry = -1 (default)
2019-08-20 14:23:48,284 INFO  server.RaftServerConfigKeys (ConfUtils.java:logGet(43)) - raft.server.log.statemachine.data.caching.enabled = true (custom)
2019-08-20 14:23:48,284 INFO  segmented.SegmentedRaftLogWorker (SegmentedRaftLogWorker.java:lambda$new$0(132)) - badca90e-8687-4d61-a872-ab9f81a9ff79-SegmentedRaftLogWorker:Storage Directory /workdir/hadoop-ozone/integration-test/target/test-dir/MiniOzoneClusterImpl-a060adfa-6b88-4268-8e4a-1c8ea233438e/datanode-1/data/ratis/2a15018e-38ce-4947-be7a-2f31d83840ef: flushIndex: setUnconditionally 0 -> -1
2019-08-20 14:23:48,285 INFO  server.RaftServerConfigKeys (ConfUtils.java:logGet(43)) - raft.server.snapshot.auto.trigger.enabled = true (custom)
2019-08-20 14:23:48,285 INFO  server.RaftServerConfigKeys (ConfUtils.java:logGet(43)) - raft.server.snapshot.auto.trigger.threshold = 10000 (custom)
2019-08-20 14:23:48,285 INFO  server.RaftServerConfigKeys (ConfUtils.java:logGet(43)) - raft.server.retrycache.expirytime = 600000ms (custom)
2019-08-20 14:23:48,285 INFO  impl.RaftServerImpl (RaftServerImpl.java:start(180)) - badca90e-8687-4d61-a872-ab9f81a9ff79: start group-2F31D83840EF
2019-08-20 14:23:48,285 INFO  impl.RaftServerImpl (RaftServerImpl.java:setRole(171)) - badca90e-8687-4d61-a872-ab9f81a9ff79:group-2F31D83840EF changes role from null to FOLLOWER at term 0 for startAsFollower
2019-08-20 14:23:48,285 INFO  impl.RoleInfo (RoleInfo.java:updateAndGet(143)) - badca90e-8687-4d61-a872-ab9f81a9ff79: start FollowerState
2019-08-20 14:23:48,286 INFO  util.JmxRegister (JmxRegister.java:tryRegister(44)) - Successfully registered JMX Bean with object name Ratis:service=RaftServer,group=group-2F31D83840EF,id=badca90e-8687-4d61-a872-ab9f81a9ff79
2019-08-20 14:23:48,291 INFO  pipeline.PipelineStateManager (PipelineStateManager.java:addPipeline(56)) - Created pipeline Pipeline[ Id: 2a15018e-38ce-4947-be7a-2f31d83840ef, Nodes: badca90e-8687-4d61-a872-ab9f81a9ff79{ip: 192.168.36.107, host: pr-hdds-1942-s8lb6-241747594, networkLocation: /default-rack, certSerialId: null}, Type:RATIS, Factor:ONE, State:OPEN]
2019-08-20 14:23:48,299 INFO  impl.RaftServerProxy (RaftServerProxy.java:addNew(89)) - e6d32cf5-7dee-4418-80db-de61244e08bf: addNew group-C942CC283F1E:[e6d32cf5-7dee-4418-80db-de61244e08bf:192.168.36.107:35532] returns group-C942CC283F1E:java.util.concurrent.CompletableFuture@60eaf89[Not completed]
2019-08-20 14:23:48,300 INFO  impl.RaftServerImpl (RaftServerImpl.java:<init>(93)) - e6d32cf5-7dee-4418-80db-de61244e08bf: new RaftServerImpl for group-C942CC283F1E:[e6d32cf5-7dee-4418-80db-de61244e08bf:192.168.36.107:35532] with ContainerStateMachine:uninitialized
2019-08-20 14:23:48,300 INFO  server.RaftServerConfigKeys (ConfUtils.java:logGet(43)) - raft.server.rpc.timeout.min = 5s (custom)
2019-08-20 14:23:48,300 INFO  server.RaftServerConfigKeys (ConfUtils.java:logGet(43)) - raft.server.rpc.timeout.max = 5200ms (custom)
2019-08-20 14:23:48,301 INFO  server.RaftServerConfigKeys (ConfUtils.java:logGet(43)) - raft.server.rpcslowness.timeout = 120s (custom)
2019-08-20 14:23:48,301 INFO  server.RaftServerConfigKeys (ConfUtils.java:logGet(43)) - raft.server.sleep.deviation.threshold = 300 (default)
2019-08-20 14:23:48,301 INFO  server.RaftServerConfigKeys (ConfUtils.java:logGet(43)) - raft.server.log.appender.install.snapshot.enabled = false (custom)
2019-08-20 14:23:48,301 INFO  impl.RaftServerImpl (ServerState.java:<init>(105)) - e6d32cf5-7dee-4418-80db-de61244e08bf:group-C942CC283F1E ConfigurationManager, init=-1: [e6d32cf5-7dee-4418-80db-de61244e08bf:192.168.36.107:35532], old=null, confs=<EMPTY_MAP>
2019-08-20 14:23:48,301 INFO  server.RaftServerConfigKeys (ConfUtils.java:logGet(43)) - raft.server.storage.dir = [/workdir/hadoop-ozone/integration-test/target/test-dir/MiniOzoneClusterImpl-a060adfa-6b88-4268-8e4a-1c8ea233438e/datanode-2/data/ratis] (custom)
2019-08-20 14:23:48,301 INFO  storage.RaftStorageDirectory (RaftStorageDirectory.java:analyzeStorage(246)) - The storage directory /workdir/hadoop-ozone/integration-test/target/test-dir/MiniOzoneClusterImpl-a060adfa-6b88-4268-8e4a-1c8ea233438e/datanode-2/data/ratis/ef94fa62-37c5-4a29-8479-c942cc283f1e does not exist. Creating ...
2019-08-20 14:23:48,306 INFO  impl.FollowerState (FollowerState.java:run(106)) - badca90e-8687-4d61-a872-ab9f81a9ff79:group-080E89BABD8C changes to CANDIDATE, lastRpcTime:5060, electionTimeout:5060ms
2019-08-20 14:23:48,307 INFO  impl.RoleInfo (RoleInfo.java:shutdownFollowerState(121)) - badca90e-8687-4d61-a872-ab9f81a9ff79: shutdown FollowerState
2019-08-20 14:23:48,307 INFO  impl.RaftServerImpl (RaftServerImpl.java:setRole(171)) - badca90e-8687-4d61-a872-ab9f81a9ff79:group-080E89BABD8C changes role from FOLLOWER to CANDIDATE at term 1 for changeToCandidate
2019-08-20 14:23:48,307 INFO  impl.RoleInfo (RoleInfo.java:updateAndGet(143)) - badca90e-8687-4d61-a872-ab9f81a9ff79: start LeaderElection
2019-08-20 14:23:48,318 INFO  storage.RaftStorageDirectory (RaftStorageDirectory.java:tryLock(328)) - Lock on /workdir/hadoop-ozone/integration-test/target/test-dir/MiniOzoneClusterImpl-a060adfa-6b88-4268-8e4a-1c8ea233438e/datanode-2/data/ratis/ef94fa62-37c5-4a29-8479-c942cc283f1e/in_use.lock acquired by nodename 4888@pr-hdds-1942-s8lb6-241747594
2019-08-20 14:23:48,335 INFO  storage.RaftStorage (RaftStorage.java:format(72)) - Storage directory /workdir/hadoop-ozone/integration-test/target/test-dir/MiniOzoneClusterImpl-a060adfa-6b88-4268-8e4a-1c8ea233438e/datanode-2/data/ratis/ef94fa62-37c5-4a29-8479-c942cc283f1e has been successfully formatted.
2019-08-20 14:23:48,335 INFO  impl.LeaderElection (LeaderElection.java:askForVotes(181)) - badca90e-8687-4d61-a872-ab9f81a9ff79:group-080E89BABD8C:LeaderElection18: begin an election at term 2 for 0: [badca90e-8687-4d61-a872-ab9f81a9ff79:192.168.36.107:44941], old=null
2019-08-20 14:23:48,336 INFO  ratis.ContainerStateMachine (ContainerStateMachine.java:loadSnapshot(222)) - group-C942CC283F1E: The snapshot info is null. Setting the last applied indexto:(t:0, i:~)
2019-08-20 14:23:48,336 INFO  impl.RoleInfo (RoleInfo.java:shutdownLeaderElection(134)) - badca90e-8687-4d61-a872-ab9f81a9ff79: shutdown LeaderElection
2019-08-20 14:23:48,336 INFO  server.RaftServerConfigKeys (ConfUtils.java:logGet(43)) - raft.server.leader.election.timeout = 120s (custom)
2019-08-20 14:23:48,336 INFO  impl.RaftServerImpl (RaftServerImpl.java:setRole(171)) - badca90e-8687-4d61-a872-ab9f81a9ff79:group-080E89BABD8C changes role from CANDIDATE to LEADER at term 2 for changeToLeader
2019-08-20 14:23:48,336 INFO  server.RaftServerConfigKeys (ConfUtils.java:logGet(43)) - raft.server.log.use.memory = false (default)
2019-08-20 14:23:48,336 INFO  impl.RaftServerImpl (ServerState.java:setLeader(263)) - badca90e-8687-4d61-a872-ab9f81a9ff79:group-080E89BABD8C change Leader from null to badca90e-8687-4d61-a872-ab9f81a9ff79 at term 2 for becomeLeader, leader elected after 7238ms
2019-08-20 14:23:48,336 INFO  server.RaftServerConfigKeys (ConfUtils.java:logGet(43)) - raft.server.log.purge.gap = 1000000000 (custom)
2019-08-20 14:23:48,336 INFO  server.RaftServerConfigKeys (ConfUtils.java:logGet(43)) - raft.server.staging.catchup.gap = 1000 (default)
2019-08-20 14:23:48,337 INFO  server.RaftServerConfigKeys (ConfUtils.java:logGet(43)) - raft.server.log.appender.buffer.byte-limit = 33554432 (custom)
2019-08-20 14:23:48,337 INFO  server.RaftServerConfigKeys (ConfUtils.java:logGet(43)) - raft.server.rpc.sleep.time = 25ms (default)
2019-08-20 14:23:48,337 INFO  server.RaftServerConfigKeys (ConfUtils.java:logGet(43)) - raft.server.log.segment.size.max = 1048576 (custom)
2019-08-20 14:23:48,337 INFO  server.RaftServerConfigKeys (ConfUtils.java:logGet(43)) - raft.server.write.element-limit = 4096 (default)
2019-08-20 14:23:48,337 INFO  server.RaftServerConfigKeys (ConfUtils.java:logGet(43)) - raft.server.log.segment.cache.num.max = 2 (custom)
2019-08-20 14:23:48,337 INFO  server.RaftServerConfigKeys (ConfUtils.java:logGet(43)) - raft.server.watch.timeout = 10s (default)
2019-08-20 14:23:48,337 INFO  segmented.SegmentedRaftLogWorker (SegmentedRaftLogWorker.java:<init>(172)) - new e6d32cf5-7dee-4418-80db-de61244e08bf-SegmentedRaftLogWorker:Storage Directory /workdir/hadoop-ozone/integration-test/target/test-dir/MiniOzoneClusterImpl-a060adfa-6b88-4268-8e4a-1c8ea233438e/datanode-2/data/ratis/ef94fa62-37c5-4a29-8479-c942cc283f1e for RaftStorage:Storage Directory /workdir/hadoop-ozone/integration-test/target/test-dir/MiniOzoneClusterImpl-a060adfa-6b88-4268-8e4a-1c8ea233438e/datanode-2/data/ratis/ef94fa62-37c5-4a29-8479-c942cc283f1e
2019-08-20 14:23:48,337 INFO  server.RaftServerConfigKeys (ConfUtils.java:logGet(43)) - raft.server.watch.timeout.denomination = 1s (default)
2019-08-20 14:23:48,337 INFO  server.RaftServerConfigKeys (ConfUtils.java:logGet(43)) - raft.server.log.queue.byte-limit = 2147483647 (custom)
2019-08-20 14:23:48,338 INFO  server.RaftServerConfigKeys (ConfUtils.java:logGet(43)) - raft.server.watch.element-limit = 65536 (default)
2019-08-20 14:23:48,338 INFO  server.RaftServerConfigKeys (ConfUtils.java:logGet(43)) - raft.server.log.queue.element-limit = 1024 (custom)
2019-08-20 14:23:48,338 INFO  impl.RoleInfo (RoleInfo.java:updateAndGet(143)) - badca90e-8687-4d61-a872-ab9f81a9ff79: start LeaderState
2019-08-20 14:23:48,338 INFO  server.RaftServerConfigKeys (ConfUtils.java:logGet(43)) - raft.server.log.segment.size.max = 1048576 (custom)
2019-08-20 14:23:48,338 INFO  server.RaftServerConfigKeys (ConfUtils.java:logGet(43)) - raft.server.log.preallocated.size = 16384 (custom)
2019-08-20 14:23:48,338 INFO  server.RaftServerConfigKeys (ConfUtils.java:logGet(43)) - raft.server.log.write.buffer.size = 33554432 (custom)
2019-08-20 14:23:48,338 INFO  segmented.SegmentedRaftLogWorker (SegmentedRaftLogWorker.java:rollLogSegment(385)) - badca90e-8687-4d61-a872-ab9f81a9ff79-SegmentedRaftLogWorker:Storage Directory /workdir/hadoop-ozone/integration-test/target/test-dir/MiniOzoneClusterImpl-a060adfa-6b88-4268-8e4a-1c8ea233438e/datanode-1/data/ratis/268cee25-69b1-48a9-9dce-080e89babd8c: Rolling segment log-0_0 to index:0
2019-08-20 14:23:48,338 INFO  server.RaftServerConfigKeys (ConfUtils.java:logGet(43)) - raft.server.log.force.sync.num = 128 (default)
2019-08-20 14:23:48,339 INFO  server.RaftServerConfigKeys (ConfUtils.java:logGet(43)) - raft.server.log.statemachine.data.sync = true (default)
2019-08-20 14:23:48,339 INFO  server.RaftServerConfigKeys (ConfUtils.java:logGet(43)) - raft.server.log.statemachine.data.sync.timeout = 10s (default)
2019-08-20 14:23:48,339 INFO  server.RaftServerConfigKeys (ConfUtils.java:logGet(43)) - raft.server.log.statemachine.data.sync.timeout.retry = -1 (default)
2019-08-20 14:23:48,341 INFO  server.RaftServerConfigKeys (ConfUtils.java:logGet(43)) - raft.server.log.statemachine.data.caching.enabled = true (custom)
2019-08-20 14:23:48,341 INFO  segmented.SegmentedRaftLogWorker (SegmentedRaftLogWorker.java:lambda$new$0(132)) - e6d32cf5-7dee-4418-80db-de61244e08bf-SegmentedRaftLogWorker:Storage Directory /workdir/hadoop-ozone/integration-test/target/test-dir/MiniOzoneClusterImpl-a060adfa-6b88-4268-8e4a-1c8ea233438e/datanode-2/data/ratis/ef94fa62-37c5-4a29-8479-c942cc283f1e: flushIndex: setUnconditionally 0 -> -1
2019-08-20 14:23:48,341 INFO  server.RaftServerConfigKeys (ConfUtils.java:logGet(43)) - raft.server.snapshot.auto.trigger.enabled = true (custom)
2019-08-20 14:23:48,341 INFO  server.RaftServerConfigKeys (ConfUtils.java:logGet(43)) - raft.server.snapshot.auto.trigger.threshold = 10000 (custom)
2019-08-20 14:23:48,341 INFO  server.RaftServerConfigKeys (ConfUtils.java:logGet(43)) - raft.server.retrycache.expirytime = 600000ms (custom)
2019-08-20 14:23:48,342 INFO  impl.RaftServerImpl (RaftServerImpl.java:start(180)) - e6d32cf5-7dee-4418-80db-de61244e08bf: start group-C942CC283F1E
2019-08-20 14:23:48,342 INFO  impl.RaftServerImpl (RaftServerImpl.java:setRole(171)) - e6d32cf5-7dee-4418-80db-de61244e08bf:group-C942CC283F1E changes role from null to FOLLOWER at term 0 for startAsFollower
2019-08-20 14:23:48,342 INFO  segmented.SegmentedRaftLogWorker (SegmentedRaftLogWorker.java:execute(526)) - badca90e-8687-4d61-a872-ab9f81a9ff79-SegmentedRaftLogWorker:Storage Directory /workdir/hadoop-ozone/integration-test/target/test-dir/MiniOzoneClusterImpl-a060adfa-6b88-4268-8e4a-1c8ea233438e/datanode-1/data/ratis/268cee25-69b1-48a9-9dce-080e89babd8c: Rolled log segment from /workdir/hadoop-ozone/integration-test/target/test-dir/MiniOzoneClusterImpl-a060adfa-6b88-4268-8e4a-1c8ea233438e/datanode-1/data/ratis/268cee25-69b1-48a9-9dce-080e89babd8c/current/log_inprogress_0 to /workdir/hadoop-ozone/integration-test/target/test-dir/MiniOzoneClusterImpl-a060adfa-6b88-4268-8e4a-1c8ea233438e/datanode-1/data/ratis/268cee25-69b1-48a9-9dce-080e89babd8c/current/log_0-0
2019-08-20 14:23:48,342 INFO  impl.RoleInfo (RoleInfo.java:updateAndGet(143)) - e6d32cf5-7dee-4418-80db-de61244e08bf: start FollowerState
2019-08-20 14:23:48,342 INFO  util.JmxRegister (JmxRegister.java:tryRegister(44)) - Successfully registered JMX Bean with object name Ratis:service=RaftServer,group=group-C942CC283F1E,id=e6d32cf5-7dee-4418-80db-de61244e08bf
2019-08-20 14:23:48,368 INFO  impl.RaftServerImpl (ServerState.java:setRaftConf(361)) - badca90e-8687-4d61-a872-ab9f81a9ff79:group-080E89BABD8C set configuration 1: [badca90e-8687-4d61-a872-ab9f81a9ff79:192.168.36.107:44941], old=null at 1
2019-08-20 14:23:48,370 INFO  pipeline.PipelineStateManager (PipelineStateManager.java:addPipeline(56)) - Created pipeline Pipeline[ Id: ef94fa62-37c5-4a29-8479-c942cc283f1e, Nodes: e6d32cf5-7dee-4418-80db-de61244e08bf{ip: 192.168.36.107, host: pr-hdds-1942-s8lb6-241747594, networkLocation: /default-rack, certSerialId: null}, Type:RATIS, Factor:ONE, State:OPEN]
2019-08-20 14:23:48,380 INFO  segmented.SegmentedRaftLogWorker (SegmentedRaftLogWorker.java:execute(569)) - badca90e-8687-4d61-a872-ab9f81a9ff79-SegmentedRaftLogWorker:Storage Directory /workdir/hadoop-ozone/integration-test/target/test-dir/MiniOzoneClusterImpl-a060adfa-6b88-4268-8e4a-1c8ea233438e/datanode-1/data/ratis/268cee25-69b1-48a9-9dce-080e89babd8c: created new log segment /workdir/hadoop-ozone/integration-test/target/test-dir/MiniOzoneClusterImpl-a060adfa-6b88-4268-8e4a-1c8ea233438e/datanode-1/data/ratis/268cee25-69b1-48a9-9dce-080e89babd8c/current/log_inprogress_1
2019-08-20 14:23:48,390 INFO  impl.RaftServerProxy (RaftServerProxy.java:addNew(89)) - 8e43464b-2d64-4fcc-a377-9b9359861b35: addNew group-32F3C0297C2E:[8e43464b-2d64-4fcc-a377-9b9359861b35:192.168.36.107:33935, e6d32cf5-7dee-4418-80db-de61244e08bf:192.168.36.107:35532, badca90e-8687-4d61-a872-ab9f81a9ff79:192.168.36.107:44941] returns group-32F3C0297C2E:java.util.concurrent.CompletableFuture@58e9c37d[Not completed]
2019-08-20 14:23:48,392 INFO  impl.RaftServerProxy (RaftServerProxy.java:addNew(89)) - badca90e-8687-4d61-a872-ab9f81a9ff79: addNew group-32F3C0297C2E:[8e43464b-2d64-4fcc-a377-9b9359861b35:192.168.36.107:33935, e6d32cf5-7dee-4418-80db-de61244e08bf:192.168.36.107:35532, badca90e-8687-4d61-a872-ab9f81a9ff79:192.168.36.107:44941] returns group-32F3C0297C2E:java.util.concurrent.CompletableFuture@7d3b78e9[Not completed]
2019-08-20 14:23:48,392 INFO  impl.RaftServerProxy (RaftServerProxy.java:addNew(89)) - e6d32cf5-7dee-4418-80db-de61244e08bf: addNew group-32F3C0297C2E:[8e43464b-2d64-4fcc-a377-9b9359861b35:192.168.36.107:33935, e6d32cf5-7dee-4418-80db-de61244e08bf:192.168.36.107:35532, badca90e-8687-4d61-a872-ab9f81a9ff79:192.168.36.107:44941] returns group-32F3C0297C2E:java.util.concurrent.CompletableFuture@4226d1db[Not completed]
2019-08-20 14:23:48,393 INFO  impl.RaftServerImpl (RaftServerImpl.java:<init>(93)) - 8e43464b-2d64-4fcc-a377-9b9359861b35: new RaftServerImpl for group-32F3C0297C2E:[8e43464b-2d64-4fcc-a377-9b9359861b35:192.168.36.107:33935, e6d32cf5-7dee-4418-80db-de61244e08bf:192.168.36.107:35532, badca90e-8687-4d61-a872-ab9f81a9ff79:192.168.36.107:44941] with ContainerStateMachine:uninitialized
2019-08-20 14:23:48,393 INFO  server.RaftServerConfigKeys (ConfUtils.java:logGet(43)) - raft.server.rpc.timeout.min = 5s (custom)
2019-08-20 14:23:48,393 INFO  server.RaftServerConfigKeys (ConfUtils.java:logGet(43)) - raft.server.rpc.timeout.max = 5200ms (custom)
2019-08-20 14:23:48,393 INFO  server.RaftServerConfigKeys (ConfUtils.java:logGet(43)) - raft.server.rpcslowness.timeout = 120s (custom)
2019-08-20 14:23:48,394 INFO  impl.RaftServerImpl (RaftServerImpl.java:<init>(93)) - badca90e-8687-4d61-a872-ab9f81a9ff79: new RaftServerImpl for group-32F3C0297C2E:[8e43464b-2d64-4fcc-a377-9b9359861b35:192.168.36.107:33935, e6d32cf5-7dee-4418-80db-de61244e08bf:192.168.36.107:35532, badca90e-8687-4d61-a872-ab9f81a9ff79:192.168.36.107:44941] with ContainerStateMachine:uninitialized
2019-08-20 14:23:48,394 INFO  server.RaftServerConfigKeys (ConfUtils.java:logGet(43)) - raft.server.sleep.deviation.threshold = 300 (default)
2019-08-20 14:23:48,394 INFO  server.RaftServerConfigKeys (ConfUtils.java:logGet(43)) - raft.server.rpc.timeout.min = 5s (custom)
2019-08-20 14:23:48,394 INFO  server.RaftServerConfigKeys (ConfUtils.java:logGet(43)) - raft.server.log.appender.install.snapshot.enabled = false (custom)
2019-08-20 14:23:48,394 INFO  server.RaftServerConfigKeys (ConfUtils.java:logGet(43)) - raft.server.rpc.timeout.max = 5200ms (custom)
2019-08-20 14:23:48,394 INFO  impl.RaftServerImpl (ServerState.java:<init>(105)) - 8e43464b-2d64-4fcc-a377-9b9359861b35:group-32F3C0297C2E ConfigurationManager, init=-1: [8e43464b-2d64-4fcc-a377-9b9359861b35:192.168.36.107:33935, e6d32cf5-7dee-4418-80db-de61244e08bf:192.168.36.107:35532, badca90e-8687-4d61-a872-ab9f81a9ff79:192.168.36.107:44941], old=null, confs=<EMPTY_MAP>
2019-08-20 14:23:48,394 INFO  server.RaftServerConfigKeys (ConfUtils.java:logGet(43)) - raft.server.rpcslowness.timeout = 120s (custom)
2019-08-20 14:23:48,394 INFO  server.RaftServerConfigKeys (ConfUtils.java:logGet(43)) - raft.server.storage.dir = [/workdir/hadoop-ozone/integration-test/target/test-dir/MiniOzoneClusterImpl-a060adfa-6b88-4268-8e4a-1c8ea233438e/datanode-0/data/ratis] (custom)
2019-08-20 14:23:48,394 INFO  server.RaftServerConfigKeys (ConfUtils.java:logGet(43)) - raft.server.sleep.deviation.threshold = 300 (default)
2019-08-20 14:23:48,395 INFO  server.RaftServerConfigKeys (ConfUtils.java:logGet(43)) - raft.server.log.appender.install.snapshot.enabled = false (custom)
2019-08-20 14:23:48,395 INFO  storage.RaftStorageDirectory (RaftStorageDirectory.java:analyzeStorage(246)) - The storage directory /workdir/hadoop-ozone/integration-test/target/test-dir/MiniOzoneClusterImpl-a060adfa-6b88-4268-8e4a-1c8ea233438e/datanode-0/data/ratis/e5e899cf-ccb8-47fa-ba37-32f3c0297c2e does not exist. Creating ...
2019-08-20 14:23:48,395 INFO  impl.RaftServerImpl (RaftServerImpl.java:<init>(93)) - e6d32cf5-7dee-4418-80db-de61244e08bf: new RaftServerImpl for group-32F3C0297C2E:[8e43464b-2d64-4fcc-a377-9b9359861b35:192.168.36.107:33935, e6d32cf5-7dee-4418-80db-de61244e08bf:192.168.36.107:35532, badca90e-8687-4d61-a872-ab9f81a9ff79:192.168.36.107:44941] with ContainerStateMachine:uninitialized
2019-08-20 14:23:48,395 INFO  impl.RaftServerImpl (ServerState.java:<init>(105)) - badca90e-8687-4d61-a872-ab9f81a9ff79:group-32F3C0297C2E ConfigurationManager, init=-1: [8e43464b-2d64-4fcc-a377-9b9359861b35:192.168.36.107:33935, e6d32cf5-7dee-4418-80db-de61244e08bf:192.168.36.107:35532, badca90e-8687-4d61-a872-ab9f81a9ff79:192.168.36.107:44941], old=null, confs=<EMPTY_MAP>
2019-08-20 14:23:48,395 INFO  server.RaftServerConfigKeys (ConfUtils.java:logGet(43)) - raft.server.rpc.timeout.min = 5s (custom)
2019-08-20 14:23:48,395 INFO  server.RaftServerConfigKeys (ConfUtils.java:logGet(43)) - raft.server.storage.dir = [/workdir/hadoop-ozone/integration-test/target/test-dir/MiniOzoneClusterImpl-a060adfa-6b88-4268-8e4a-1c8ea233438e/datanode-1/data/ratis] (custom)
2019-08-20 14:23:48,395 INFO  server.RaftServerConfigKeys (ConfUtils.java:logGet(43)) - raft.server.rpc.timeout.max = 5200ms (custom)
2019-08-20 14:23:48,396 INFO  server.RaftServerConfigKeys (ConfUtils.java:logGet(43)) - raft.server.rpcslowness.timeout = 120s (custom)
2019-08-20 14:23:48,396 INFO  storage.RaftStorageDirectory (RaftStorageDirectory.java:analyzeStorage(246)) - The storage directory /workdir/hadoop-ozone/integration-test/target/test-dir/MiniOzoneClusterImpl-a060adfa-6b88-4268-8e4a-1c8ea233438e/datanode-1/data/ratis/e5e899cf-ccb8-47fa-ba37-32f3c0297c2e does not exist. Creating ...
2019-08-20 14:23:48,396 INFO  server.RaftServerConfigKeys (ConfUtils.java:logGet(43)) - raft.server.sleep.deviation.threshold = 300 (default)
2019-08-20 14:23:48,396 INFO  server.RaftServerConfigKeys (ConfUtils.java:logGet(43)) - raft.server.log.appender.install.snapshot.enabled = false (custom)
2019-08-20 14:23:48,396 INFO  impl.RaftServerImpl (ServerState.java:<init>(105)) - e6d32cf5-7dee-4418-80db-de61244e08bf:group-32F3C0297C2E ConfigurationManager, init=-1: [8e43464b-2d64-4fcc-a377-9b9359861b35:192.168.36.107:33935, e6d32cf5-7dee-4418-80db-de61244e08bf:192.168.36.107:35532, badca90e-8687-4d61-a872-ab9f81a9ff79:192.168.36.107:44941], old=null, confs=<EMPTY_MAP>
2019-08-20 14:23:48,396 INFO  server.RaftServerConfigKeys (ConfUtils.java:logGet(43)) - raft.server.storage.dir = [/workdir/hadoop-ozone/integration-test/target/test-dir/MiniOzoneClusterImpl-a060adfa-6b88-4268-8e4a-1c8ea233438e/datanode-2/data/ratis] (custom)
2019-08-20 14:23:48,397 INFO  storage.RaftStorageDirectory (RaftStorageDirectory.java:analyzeStorage(246)) - The storage directory /workdir/hadoop-ozone/integration-test/target/test-dir/MiniOzoneClusterImpl-a060adfa-6b88-4268-8e4a-1c8ea233438e/datanode-2/data/ratis/e5e899cf-ccb8-47fa-ba37-32f3c0297c2e does not exist. Creating ...
2019-08-20 14:23:48,412 INFO  storage.RaftStorageDirectory (RaftStorageDirectory.java:tryLock(328)) - Lock on /workdir/hadoop-ozone/integration-test/target/test-dir/MiniOzoneClusterImpl-a060adfa-6b88-4268-8e4a-1c8ea233438e/datanode-2/data/ratis/e5e899cf-ccb8-47fa-ba37-32f3c0297c2e/in_use.lock acquired by nodename 4888@pr-hdds-1942-s8lb6-241747594
2019-08-20 14:23:48,413 INFO  storage.RaftStorageDirectory (RaftStorageDirectory.java:tryLock(328)) - Lock on /workdir/hadoop-ozone/integration-test/target/test-dir/MiniOzoneClusterImpl-a060adfa-6b88-4268-8e4a-1c8ea233438e/datanode-1/data/ratis/e5e899cf-ccb8-47fa-ba37-32f3c0297c2e/in_use.lock acquired by nodename 4888@pr-hdds-1942-s8lb6-241747594
2019-08-20 14:23:48,412 INFO  storage.RaftStorageDirectory (RaftStorageDirectory.java:tryLock(328)) - Lock on /workdir/hadoop-ozone/integration-test/target/test-dir/MiniOzoneClusterImpl-a060adfa-6b88-4268-8e4a-1c8ea233438e/datanode-0/data/ratis/e5e899cf-ccb8-47fa-ba37-32f3c0297c2e/in_use.lock acquired by nodename 4888@pr-hdds-1942-s8lb6-241747594
2019-08-20 14:23:48,431 INFO  storage.RaftStorage (RaftStorage.java:format(72)) - Storage directory /workdir/hadoop-ozone/integration-test/target/test-dir/MiniOzoneClusterImpl-a060adfa-6b88-4268-8e4a-1c8ea233438e/datanode-2/data/ratis/e5e899cf-ccb8-47fa-ba37-32f3c0297c2e has been successfully formatted.
2019-08-20 14:23:48,431 INFO  storage.RaftStorage (RaftStorage.java:format(72)) - Storage directory /workdir/hadoop-ozone/integration-test/target/test-dir/MiniOzoneClusterImpl-a060adfa-6b88-4268-8e4a-1c8ea233438e/datanode-0/data/ratis/e5e899cf-ccb8-47fa-ba37-32f3c0297c2e has been successfully formatted.
2019-08-20 14:23:48,431 INFO  storage.RaftStorage (RaftStorage.java:format(72)) - Storage directory /workdir/hadoop-ozone/integration-test/target/test-dir/MiniOzoneClusterImpl-a060adfa-6b88-4268-8e4a-1c8ea233438e/datanode-1/data/ratis/e5e899cf-ccb8-47fa-ba37-32f3c0297c2e has been successfully formatted.
2019-08-20 14:23:48,432 INFO  ratis.ContainerStateMachine (ContainerStateMachine.java:loadSnapshot(222)) - group-32F3C0297C2E: The snapshot info is null. Setting the last applied indexto:(t:0, i:~)
2019-08-20 14:23:48,432 INFO  ratis.ContainerStateMachine (ContainerStateMachine.java:loadSnapshot(222)) - group-32F3C0297C2E: The snapshot info is null. Setting the last applied indexto:(t:0, i:~)
2019-08-20 14:23:48,432 INFO  ratis.ContainerStateMachine (ContainerStateMachine.java:loadSnapshot(222)) - group-32F3C0297C2E: The snapshot info is null. Setting the last applied indexto:(t:0, i:~)
2019-08-20 14:23:48,432 INFO  server.RaftServerConfigKeys (ConfUtils.java:logGet(43)) - raft.server.leader.election.timeout = 120s (custom)
2019-08-20 14:23:48,432 INFO  server.RaftServerConfigKeys (ConfUtils.java:logGet(43)) - raft.server.leader.election.timeout = 120s (custom)
2019-08-20 14:23:48,432 INFO  server.RaftServerConfigKeys (ConfUtils.java:logGet(43)) - raft.server.log.use.memory = false (default)
2019-08-20 14:23:48,432 INFO  server.RaftServerConfigKeys (ConfUtils.java:logGet(43)) - raft.server.leader.election.timeout = 120s (custom)
2019-08-20 14:23:48,432 INFO  server.RaftServerConfigKeys (ConfUtils.java:logGet(43)) - raft.server.log.purge.gap = 1000000000 (custom)
2019-08-20 14:23:48,432 INFO  server.RaftServerConfigKeys (ConfUtils.java:logGet(43)) - raft.server.log.use.memory = false (default)
2019-08-20 14:23:48,433 INFO  server.RaftServerConfigKeys (ConfUtils.java:logGet(43)) - raft.server.log.appender.buffer.byte-limit = 33554432 (custom)
2019-08-20 14:23:48,432 INFO  server.RaftServerConfigKeys (ConfUtils.java:logGet(43)) - raft.server.log.use.memory = false (default)
2019-08-20 14:23:48,433 INFO  server.RaftServerConfigKeys (ConfUtils.java:logGet(43)) - raft.server.log.segment.size.max = 1048576 (custom)
2019-08-20 14:23:48,433 INFO  server.RaftServerConfigKeys (ConfUtils.java:logGet(43)) - raft.server.log.purge.gap = 1000000000 (custom)
2019-08-20 14:23:48,433 INFO  server.RaftServerConfigKeys (ConfUtils.java:logGet(43)) - raft.server.log.segment.cache.num.max = 2 (custom)
2019-08-20 14:23:48,433 INFO  server.RaftServerConfigKeys (ConfUtils.java:logGet(43)) - raft.server.log.purge.gap = 1000000000 (custom)
2019-08-20 14:23:48,433 INFO  segmented.SegmentedRaftLogWorker (SegmentedRaftLogWorker.java:<init>(172)) - new badca90e-8687-4d61-a872-ab9f81a9ff79-SegmentedRaftLogWorker:Storage Directory /workdir/hadoop-ozone/integration-test/target/test-dir/MiniOzoneClusterImpl-a060adfa-6b88-4268-8e4a-1c8ea233438e/datanode-1/data/ratis/e5e899cf-ccb8-47fa-ba37-32f3c0297c2e for RaftStorage:Storage Directory /workdir/hadoop-ozone/integration-test/target/test-dir/MiniOzoneClusterImpl-a060adfa-6b88-4268-8e4a-1c8ea233438e/datanode-1/data/ratis/e5e899cf-ccb8-47fa-ba37-32f3c0297c2e
2019-08-20 14:23:48,433 INFO  server.RaftServerConfigKeys (ConfUtils.java:logGet(43)) - raft.server.log.appender.buffer.byte-limit = 33554432 (custom)
2019-08-20 14:23:48,434 INFO  server.RaftServerConfigKeys (ConfUtils.java:logGet(43)) - raft.server.log.queue.byte-limit = 2147483647 (custom)
2019-08-20 14:23:48,434 INFO  server.RaftServerConfigKeys (ConfUtils.java:logGet(43)) - raft.server.log.appender.buffer.byte-limit = 33554432 (custom)
2019-08-20 14:23:48,434 INFO  server.RaftServerConfigKeys (ConfUtils.java:logGet(43)) - raft.server.log.queue.element-limit = 1024 (custom)
2019-08-20 14:23:48,434 INFO  server.RaftServerConfigKeys (ConfUtils.java:logGet(43)) - raft.server.log.segment.size.max = 1048576 (custom)
2019-08-20 14:23:48,434 INFO  server.RaftServerConfigKeys (ConfUtils.java:logGet(43)) - raft.server.log.segment.size.max = 1048576 (custom)
2019-08-20 14:23:48,434 INFO  server.RaftServerConfigKeys (ConfUtils.java:logGet(43)) - raft.server.log.segment.size.max = 1048576 (custom)
2019-08-20 14:23:48,434 INFO  server.RaftServerConfigKeys (ConfUtils.java:logGet(43)) - raft.server.log.preallocated.size = 16384 (custom)
2019-08-20 14:23:48,434 INFO  server.RaftServerConfigKeys (ConfUtils.java:logGet(43)) - raft.server.log.segment.cache.num.max = 2 (custom)
2019-08-20 14:23:48,435 INFO  server.RaftServerConfigKeys (ConfUtils.java:logGet(43)) - raft.server.log.write.buffer.size = 33554432 (custom)
2019-08-20 14:23:48,434 INFO  server.RaftServerConfigKeys (ConfUtils.java:logGet(43)) - raft.server.log.segment.cache.num.max = 2 (custom)
2019-08-20 14:23:48,435 INFO  server.RaftServerConfigKeys (ConfUtils.java:logGet(43)) - raft.server.log.force.sync.num = 128 (default)
2019-08-20 14:23:48,435 INFO  segmented.SegmentedRaftLogWorker (SegmentedRaftLogWorker.java:<init>(172)) - new e6d32cf5-7dee-4418-80db-de61244e08bf-SegmentedRaftLogWorker:Storage Directory /workdir/hadoop-ozone/integration-test/target/test-dir/MiniOzoneClusterImpl-a060adfa-6b88-4268-8e4a-1c8ea233438e/datanode-2/data/ratis/e5e899cf-ccb8-47fa-ba37-32f3c0297c2e for RaftStorage:Storage Directory /workdir/hadoop-ozone/integration-test/target/test-dir/MiniOzoneClusterImpl-a060adfa-6b88-4268-8e4a-1c8ea233438e/datanode-2/data/ratis/e5e899cf-ccb8-47fa-ba37-32f3c0297c2e
2019-08-20 14:23:48,435 INFO  server.RaftServerConfigKeys (ConfUtils.java:logGet(43)) - raft.server.log.statemachine.data.sync = true (default)
2019-08-20 14:23:48,435 INFO  segmented.SegmentedRaftLogWorker (SegmentedRaftLogWorker.java:<init>(172)) - new 8e43464b-2d64-4fcc-a377-9b9359861b35-SegmentedRaftLogWorker:Storage Directory /workdir/hadoop-ozone/integration-test/target/test-dir/MiniOzoneClusterImpl-a060adfa-6b88-4268-8e4a-1c8ea233438e/datanode-0/data/ratis/e5e899cf-ccb8-47fa-ba37-32f3c0297c2e for RaftStorage:Storage Directory /workdir/hadoop-ozone/integration-test/target/test-dir/MiniOzoneClusterImpl-a060adfa-6b88-4268-8e4a-1c8ea233438e/datanode-0/data/ratis/e5e899cf-ccb8-47fa-ba37-32f3c0297c2e
2019-08-20 14:23:48,435 INFO  server.RaftServerConfigKeys (ConfUtils.java:logGet(43)) - raft.server.log.statemachine.data.sync.timeout = 10s (default)
2019-08-20 14:23:48,435 INFO  server.RaftServerConfigKeys (ConfUtils.java:logGet(43)) - raft.server.log.queue.byte-limit = 2147483647 (custom)
2019-08-20 14:23:48,436 INFO  server.RaftServerConfigKeys (ConfUtils.java:logGet(43)) - raft.server.log.statemachine.data.sync.timeout.retry = -1 (default)
2019-08-20 14:23:48,436 INFO  server.RaftServerConfigKeys (ConfUtils.java:logGet(43)) - raft.server.log.queue.byte-limit = 2147483647 (custom)
2019-08-20 14:23:48,436 INFO  server.RaftServerConfigKeys (ConfUtils.java:logGet(43)) - raft.server.log.statemachine.data.caching.enabled = true (custom)
2019-08-20 14:23:48,436 INFO  server.RaftServerConfigKeys (ConfUtils.java:logGet(43)) - raft.server.log.queue.element-limit = 1024 (custom)
2019-08-20 14:23:48,436 INFO  server.RaftServerConfigKeys (ConfUtils.java:logGet(43)) - raft.server.log.queue.element-limit = 1024 (custom)
2019-08-20 14:23:48,436 INFO  server.RaftServerConfigKeys (ConfUtils.java:logGet(43)) - raft.server.log.segment.size.max = 1048576 (custom)
2019-08-20 14:23:48,436 INFO  segmented.SegmentedRaftLogWorker (SegmentedRaftLogWorker.java:lambda$new$0(132)) - badca90e-8687-4d61-a872-ab9f81a9ff79-SegmentedRaftLogWorker:Storage Directory /workdir/hadoop-ozone/integration-test/target/test-dir/MiniOzoneClusterImpl-a060adfa-6b88-4268-8e4a-1c8ea233438e/datanode-1/data/ratis/e5e899cf-ccb8-47fa-ba37-32f3c0297c2e: flushIndex: setUnconditionally 0 -> -1
2019-08-20 14:23:48,437 INFO  server.RaftServerConfigKeys (ConfUtils.java:logGet(43)) - raft.server.log.preallocated.size = 16384 (custom)
2019-08-20 14:23:48,436 INFO  server.RaftServerConfigKeys (ConfUtils.java:logGet(43)) - raft.server.log.segment.size.max = 1048576 (custom)
2019-08-20 14:23:48,437 INFO  server.RaftServerConfigKeys (ConfUtils.java:logGet(43)) - raft.server.snapshot.auto.trigger.enabled = true (custom)
2019-08-20 14:23:48,437 INFO  server.RaftServerConfigKeys (ConfUtils.java:logGet(43)) - raft.server.log.write.buffer.size = 33554432 (custom)
2019-08-20 14:23:48,437 INFO  server.RaftServerConfigKeys (ConfUtils.java:logGet(43)) - raft.server.snapshot.auto.trigger.threshold = 10000 (custom)
2019-08-20 14:23:48,437 INFO  server.RaftServerConfigKeys (ConfUtils.java:logGet(43)) - raft.server.log.preallocated.size = 16384 (custom)
2019-08-20 14:23:48,437 INFO  server.RaftServerConfigKeys (ConfUtils.java:logGet(43)) - raft.server.retrycache.expirytime = 600000ms (custom)
2019-08-20 14:23:48,437 INFO  server.RaftServerConfigKeys (ConfUtils.java:logGet(43)) - raft.server.log.force.sync.num = 128 (default)
2019-08-20 14:23:48,437 INFO  server.RaftServerConfigKeys (ConfUtils.java:logGet(43)) - raft.server.log.write.buffer.size = 33554432 (custom)
2019-08-20 14:23:48,438 INFO  server.RaftServerConfigKeys (ConfUtils.java:logGet(43)) - raft.server.log.statemachine.data.sync = true (default)
2019-08-20 14:23:48,438 INFO  impl.RaftServerImpl (RaftServerImpl.java:start(180)) - badca90e-8687-4d61-a872-ab9f81a9ff79: start group-32F3C0297C2E
2019-08-20 14:23:48,438 INFO  server.RaftServerConfigKeys (ConfUtils.java:logGet(43)) - raft.server.log.statemachine.data.sync.timeout = 10s (default)
2019-08-20 14:23:48,438 INFO  server.RaftServerConfigKeys (ConfUtils.java:logGet(43)) - raft.server.log.force.sync.num = 128 (default)
2019-08-20 14:23:48,438 INFO  server.RaftServerConfigKeys (ConfUtils.java:logGet(43)) - raft.server.log.statemachine.data.sync.timeout.retry = -1 (default)
2019-08-20 14:23:48,438 INFO  impl.RaftServerImpl (RaftServerImpl.java:setRole(171)) - badca90e-8687-4d61-a872-ab9f81a9ff79:group-32F3C0297C2E changes role from null to FOLLOWER at term 0 for startAsFollower
2019-08-20 14:23:48,438 INFO  server.RaftServerConfigKeys (ConfUtils.java:logGet(43)) - raft.server.log.statemachine.data.caching.enabled = true (custom)
2019-08-20 14:23:48,438 INFO  server.RaftServerConfigKeys (ConfUtils.java:logGet(43)) - raft.server.log.statemachine.data.sync = true (default)
2019-08-20 14:23:48,438 INFO  impl.RoleInfo (RoleInfo.java:updateAndGet(143)) - badca90e-8687-4d61-a872-ab9f81a9ff79: start FollowerState
2019-08-20 14:23:48,439 INFO  segmented.SegmentedRaftLogWorker (SegmentedRaftLogWorker.java:lambda$new$0(132)) - e6d32cf5-7dee-4418-80db-de61244e08bf-SegmentedRaftLogWorker:Storage Directory /workdir/hadoop-ozone/integration-test/target/test-dir/MiniOzoneClusterImpl-a060adfa-6b88-4268-8e4a-1c8ea233438e/datanode-2/data/ratis/e5e899cf-ccb8-47fa-ba37-32f3c0297c2e: flushIndex: setUnconditionally 0 -> -1
2019-08-20 14:23:48,439 INFO  server.RaftServerConfigKeys (ConfUtils.java:logGet(43)) - raft.server.log.statemachine.data.sync.timeout = 10s (default)
2019-08-20 14:23:48,439 INFO  util.JmxRegister (JmxRegister.java:tryRegister(44)) - Successfully registered JMX Bean with object name Ratis:service=RaftServer,group=group-32F3C0297C2E,id=badca90e-8687-4d61-a872-ab9f81a9ff79
2019-08-20 14:23:48,439 INFO  server.RaftServerConfigKeys (ConfUtils.java:logGet(43)) - raft.server.snapshot.auto.trigger.enabled = true (custom)
2019-08-20 14:23:48,439 INFO  server.RaftServerConfigKeys (ConfUtils.java:logGet(43)) - raft.server.log.statemachine.data.sync.timeout.retry = -1 (default)
2019-08-20 14:23:48,439 INFO  server.RaftServerConfigKeys (ConfUtils.java:logGet(43)) - raft.server.snapshot.auto.trigger.threshold = 10000 (custom)
2019-08-20 14:23:48,439 INFO  server.RaftServerConfigKeys (ConfUtils.java:logGet(43)) - raft.server.log.statemachine.data.caching.enabled = true (custom)
2019-08-20 14:23:48,439 INFO  server.RaftServerConfigKeys (ConfUtils.java:logGet(43)) - raft.server.retrycache.expirytime = 600000ms (custom)
2019-08-20 14:23:48,440 INFO  segmented.SegmentedRaftLogWorker (SegmentedRaftLogWorker.java:lambda$new$0(132)) - 8e43464b-2d64-4fcc-a377-9b9359861b35-SegmentedRaftLogWorker:Storage Directory /workdir/hadoop-ozone/integration-test/target/test-dir/MiniOzoneClusterImpl-a060adfa-6b88-4268-8e4a-1c8ea233438e/datanode-0/data/ratis/e5e899cf-ccb8-47fa-ba37-32f3c0297c2e: flushIndex: setUnconditionally 0 -> -1
2019-08-20 14:23:48,440 INFO  impl.RaftServerImpl (RaftServerImpl.java:start(180)) - e6d32cf5-7dee-4418-80db-de61244e08bf: start group-32F3C0297C2E
2019-08-20 14:23:48,440 INFO  impl.RaftServerImpl (RaftServerImpl.java:setRole(171)) - e6d32cf5-7dee-4418-80db-de61244e08bf:group-32F3C0297C2E changes role from null to FOLLOWER at term 0 for startAsFollower
2019-08-20 14:23:48,440 INFO  server.RaftServerConfigKeys (ConfUtils.java:logGet(43)) - raft.server.snapshot.auto.trigger.enabled = true (custom)
2019-08-20 14:23:48,440 INFO  impl.RoleInfo (RoleInfo.java:updateAndGet(143)) - e6d32cf5-7dee-4418-80db-de61244e08bf: start FollowerState
2019-08-20 14:23:48,440 INFO  server.RaftServerConfigKeys (ConfUtils.java:logGet(43)) - raft.server.snapshot.auto.trigger.threshold = 10000 (custom)
2019-08-20 14:23:48,440 INFO  server.RaftServerConfigKeys (ConfUtils.java:logGet(43)) - raft.server.retrycache.expirytime = 600000ms (custom)
2019-08-20 14:23:48,441 INFO  impl.RaftServerImpl (RaftServerImpl.java:start(180)) - 8e43464b-2d64-4fcc-a377-9b9359861b35: start group-32F3C0297C2E
2019-08-20 14:23:48,441 INFO  util.JmxRegister (JmxRegister.java:tryRegister(44)) - Successfully registered JMX Bean with object name Ratis:service=RaftServer,group=group-32F3C0297C2E,id=e6d32cf5-7dee-4418-80db-de61244e08bf
2019-08-20 14:23:48,441 INFO  impl.RaftServerImpl (RaftServerImpl.java:setRole(171)) - 8e43464b-2d64-4fcc-a377-9b9359861b35:group-32F3C0297C2E changes role from null to FOLLOWER at term 0 for startAsFollower
2019-08-20 14:23:48,442 INFO  impl.RoleInfo (RoleInfo.java:updateAndGet(143)) - 8e43464b-2d64-4fcc-a377-9b9359861b35: start FollowerState
2019-08-20 14:23:48,443 INFO  util.JmxRegister (JmxRegister.java:tryRegister(44)) - Successfully registered JMX Bean with object name Ratis:service=RaftServer,group=group-32F3C0297C2E,id=8e43464b-2d64-4fcc-a377-9b9359861b35
2019-08-20 14:23:48,447 INFO  pipeline.PipelineStateManager (PipelineStateManager.java:addPipeline(56)) - Created pipeline Pipeline[ Id: e5e899cf-ccb8-47fa-ba37-32f3c0297c2e, Nodes: 8e43464b-2d64-4fcc-a377-9b9359861b35{ip: 192.168.36.107, host: pr-hdds-1942-s8lb6-241747594, networkLocation: /default-rack, certSerialId: null}badca90e-8687-4d61-a872-ab9f81a9ff79{ip: 192.168.36.107, host: pr-hdds-1942-s8lb6-241747594, networkLocation: /default-rack, certSerialId: null}e6d32cf5-7dee-4418-80db-de61244e08bf{ip: 192.168.36.107, host: pr-hdds-1942-s8lb6-241747594, networkLocation: /default-rack, certSerialId: null}, Type:RATIS, Factor:THREE, State:OPEN]
2019-08-20 14:23:48,689 INFO  impl.FollowerState (FollowerState.java:run(106)) - e6d32cf5-7dee-4418-80db-de61244e08bf:group-1FA8CC81A637 changes to CANDIDATE, lastRpcTime:5100, electionTimeout:5100ms
2019-08-20 14:23:48,689 INFO  impl.RoleInfo (RoleInfo.java:shutdownFollowerState(121)) - e6d32cf5-7dee-4418-80db-de61244e08bf: shutdown FollowerState
2019-08-20 14:23:48,689 INFO  impl.RaftServerImpl (RaftServerImpl.java:setRole(171)) - e6d32cf5-7dee-4418-80db-de61244e08bf:group-1FA8CC81A637 changes role from FOLLOWER to CANDIDATE at term 1 for changeToCandidate
2019-08-20 14:23:48,689 INFO  impl.RoleInfo (RoleInfo.java:updateAndGet(143)) - e6d32cf5-7dee-4418-80db-de61244e08bf: start LeaderElection
2019-08-20 14:23:48,717 INFO  impl.LeaderElection (LeaderElection.java:askForVotes(181)) - e6d32cf5-7dee-4418-80db-de61244e08bf:group-1FA8CC81A637:LeaderElection19: begin an election at term 2 for 0: [e6d32cf5-7dee-4418-80db-de61244e08bf:192.168.36.107:35532], old=null
2019-08-20 14:23:48,718 INFO  impl.RoleInfo (RoleInfo.java:shutdownLeaderElection(134)) - e6d32cf5-7dee-4418-80db-de61244e08bf: shutdown LeaderElection
2019-08-20 14:23:48,718 INFO  impl.RaftServerImpl (RaftServerImpl.java:setRole(171)) - e6d32cf5-7dee-4418-80db-de61244e08bf:group-1FA8CC81A637 changes role from CANDIDATE to LEADER at term 2 for changeToLeader
2019-08-20 14:23:48,718 INFO  impl.RaftServerImpl (ServerState.java:setLeader(263)) - e6d32cf5-7dee-4418-80db-de61244e08bf:group-1FA8CC81A637 change Leader from null to e6d32cf5-7dee-4418-80db-de61244e08bf at term 2 for becomeLeader, leader elected after 7417ms
2019-08-20 14:23:48,718 INFO  server.RaftServerConfigKeys (ConfUtils.java:logGet(43)) - raft.server.staging.catchup.gap = 1000 (default)
2019-08-20 14:23:48,718 INFO  server.RaftServerConfigKeys (ConfUtils.java:logGet(43)) - raft.server.rpc.sleep.time = 25ms (default)
2019-08-20 14:23:48,718 INFO  server.RaftServerConfigKeys (ConfUtils.java:logGet(43)) - raft.server.write.element-limit = 4096 (default)
2019-08-20 14:23:48,718 INFO  server.RaftServerConfigKeys (ConfUtils.java:logGet(43)) - raft.server.watch.timeout = 10s (default)
2019-08-20 14:23:48,718 INFO  server.RaftServerConfigKeys (ConfUtils.java:logGet(43)) - raft.server.watch.timeout.denomination = 1s (default)
2019-08-20 14:23:48,718 INFO  server.RaftServerConfigKeys (ConfUtils.java:logGet(43)) - raft.server.watch.element-limit = 65536 (default)
2019-08-20 14:23:48,719 INFO  impl.RoleInfo (RoleInfo.java:updateAndGet(143)) - e6d32cf5-7dee-4418-80db-de61244e08bf: start LeaderState
2019-08-20 14:23:48,719 INFO  segmented.SegmentedRaftLogWorker (SegmentedRaftLogWorker.java:rollLogSegment(385)) - e6d32cf5-7dee-4418-80db-de61244e08bf-SegmentedRaftLogWorker:Storage Directory /workdir/hadoop-ozone/integration-test/target/test-dir/MiniOzoneClusterImpl-a060adfa-6b88-4268-8e4a-1c8ea233438e/datanode-2/data/ratis/0a9d1e9c-f3ca-4fbd-8b8b-1fa8cc81a637: Rolling segment log-0_0 to index:0
2019-08-20 14:23:48,720 INFO  impl.RaftServerImpl (ServerState.java:setRaftConf(361)) - e6d32cf5-7dee-4418-80db-de61244e08bf:group-1FA8CC81A637 set configuration 1: [e6d32cf5-7dee-4418-80db-de61244e08bf:192.168.36.107:35532], old=null at 1
2019-08-20 14:23:48,721 INFO  segmented.SegmentedRaftLogWorker (SegmentedRaftLogWorker.java:execute(526)) - e6d32cf5-7dee-4418-80db-de61244e08bf-SegmentedRaftLogWorker:Storage Directory /workdir/hadoop-ozone/integration-test/target/test-dir/MiniOzoneClusterImpl-a060adfa-6b88-4268-8e4a-1c8ea233438e/datanode-2/data/ratis/0a9d1e9c-f3ca-4fbd-8b8b-1fa8cc81a637: Rolled log segment from /workdir/hadoop-ozone/integration-test/target/test-dir/MiniOzoneClusterImpl-a060adfa-6b88-4268-8e4a-1c8ea233438e/datanode-2/data/ratis/0a9d1e9c-f3ca-4fbd-8b8b-1fa8cc81a637/current/log_inprogress_0 to /workdir/hadoop-ozone/integration-test/target/test-dir/MiniOzoneClusterImpl-a060adfa-6b88-4268-8e4a-1c8ea233438e/datanode-2/data/ratis/0a9d1e9c-f3ca-4fbd-8b8b-1fa8cc81a637/current/log_0-0
2019-08-20 14:23:48,776 INFO  segmented.SegmentedRaftLogWorker (SegmentedRaftLogWorker.java:execute(569)) - e6d32cf5-7dee-4418-80db-de61244e08bf-SegmentedRaftLogWorker:Storage Directory /workdir/hadoop-ozone/integration-test/target/test-dir/MiniOzoneClusterImpl-a060adfa-6b88-4268-8e4a-1c8ea233438e/datanode-2/data/ratis/0a9d1e9c-f3ca-4fbd-8b8b-1fa8cc81a637: created new log segment /workdir/hadoop-ozone/integration-test/target/test-dir/MiniOzoneClusterImpl-a060adfa-6b88-4268-8e4a-1c8ea233438e/datanode-2/data/ratis/0a9d1e9c-f3ca-4fbd-8b8b-1fa8cc81a637/current/log_inprogress_1
2019-08-20 14:23:52,231 INFO  node.StaleNodeHandler (StaleNodeHandler.java:onMessage(58)) - Datanode 8e43464b-2d64-4fcc-a377-9b9359861b35{ip: 192.168.36.107, host: pr-hdds-1942-s8lb6-241747594, networkLocation: /default-rack, certSerialId: null} moved to stale state. Finalizing its pipelines [PipelineID=e6baff33-bc5a-4faa-9409-9d62a63b58ac, PipelineID=e5e899cf-ccb8-47fa-ba37-32f3c0297c2e, PipelineID=440012c8-b681-4b53-a0b6-60684e0bbbf2]
2019-08-20 14:23:52,231 INFO  pipeline.SCMPipelineManager (SCMPipelineManager.java:finalizeAndDestroyPipeline(309)) - destroying pipeline:Pipeline[ Id: e6baff33-bc5a-4faa-9409-9d62a63b58ac, Nodes: 8e43464b-2d64-4fcc-a377-9b9359861b35{ip: 192.168.36.107, host: pr-hdds-1942-s8lb6-241747594, networkLocation: /default-rack, certSerialId: null}, Type:RATIS, Factor:ONE, State:OPEN]
2019-08-20 14:23:52,231 INFO  pipeline.PipelineStateManager (PipelineStateManager.java:finalizePipeline(123)) - Pipeline Pipeline[ Id: e6baff33-bc5a-4faa-9409-9d62a63b58ac, Nodes: 8e43464b-2d64-4fcc-a377-9b9359861b35{ip: 192.168.36.107, host: pr-hdds-1942-s8lb6-241747594, networkLocation: /default-rack, certSerialId: null}, Type:RATIS, Factor:ONE, State:CLOSED] moved to CLOSED state
2019-08-20 14:23:52,232 INFO  pipeline.SCMPipelineManager (SCMPipelineManager.java:finalizeAndDestroyPipeline(309)) - destroying pipeline:Pipeline[ Id: e5e899cf-ccb8-47fa-ba37-32f3c0297c2e, Nodes: 8e43464b-2d64-4fcc-a377-9b9359861b35{ip: 192.168.36.107, host: pr-hdds-1942-s8lb6-241747594, networkLocation: /default-rack, certSerialId: null}badca90e-8687-4d61-a872-ab9f81a9ff79{ip: 192.168.36.107, host: pr-hdds-1942-s8lb6-241747594, networkLocation: /default-rack, certSerialId: null}e6d32cf5-7dee-4418-80db-de61244e08bf{ip: 192.168.36.107, host: pr-hdds-1942-s8lb6-241747594, networkLocation: /default-rack, certSerialId: null}, Type:RATIS, Factor:THREE, State:OPEN]
2019-08-20 14:23:52,232 INFO  pipeline.PipelineStateManager (PipelineStateManager.java:finalizePipeline(123)) - Pipeline Pipeline[ Id: e5e899cf-ccb8-47fa-ba37-32f3c0297c2e, Nodes: 8e43464b-2d64-4fcc-a377-9b9359861b35{ip: 192.168.36.107, host: pr-hdds-1942-s8lb6-241747594, networkLocation: /default-rack, certSerialId: null}badca90e-8687-4d61-a872-ab9f81a9ff79{ip: 192.168.36.107, host: pr-hdds-1942-s8lb6-241747594, networkLocation: /default-rack, certSerialId: null}e6d32cf5-7dee-4418-80db-de61244e08bf{ip: 192.168.36.107, host: pr-hdds-1942-s8lb6-241747594, networkLocation: /default-rack, certSerialId: null}, Type:RATIS, Factor:THREE, State:CLOSED] moved to CLOSED state
2019-08-20 14:23:52,232 INFO  pipeline.SCMPipelineManager (SCMPipelineManager.java:finalizeAndDestroyPipeline(309)) - destroying pipeline:Pipeline[ Id: 440012c8-b681-4b53-a0b6-60684e0bbbf2, Nodes: 8e43464b-2d64-4fcc-a377-9b9359861b35{ip: 192.168.36.107, host: pr-hdds-1942-s8lb6-241747594, networkLocation: /default-rack, certSerialId: null}, Type:RATIS, Factor:ONE, State:CLOSED]
2019-08-20 14:23:52,514 INFO  impl.FollowerState (FollowerState.java:run(106)) - 8e43464b-2d64-4fcc-a377-9b9359861b35:group-9D62A63B58AC changes to CANDIDATE, lastRpcTime:5122, electionTimeout:5122ms
2019-08-20 14:23:52,514 INFO  impl.RoleInfo (RoleInfo.java:shutdownFollowerState(121)) - 8e43464b-2d64-4fcc-a377-9b9359861b35: shutdown FollowerState
2019-08-20 14:23:52,514 INFO  impl.RaftServerImpl (RaftServerImpl.java:setRole(171)) - 8e43464b-2d64-4fcc-a377-9b9359861b35:group-9D62A63B58AC changes role from FOLLOWER to CANDIDATE at term 0 for changeToCandidate
2019-08-20 14:23:52,514 INFO  impl.RoleInfo (RoleInfo.java:updateAndGet(143)) - 8e43464b-2d64-4fcc-a377-9b9359861b35: start LeaderElection
2019-08-20 14:23:52,839 INFO  impl.LeaderElection (LeaderElection.java:askForVotes(181)) - 8e43464b-2d64-4fcc-a377-9b9359861b35:group-9D62A63B58AC:LeaderElection20: begin an election at term 1 for -1: [8e43464b-2d64-4fcc-a377-9b9359861b35:192.168.36.107:33935], old=null
2019-08-20 14:23:52,840 INFO  impl.RoleInfo (RoleInfo.java:shutdownLeaderElection(134)) - 8e43464b-2d64-4fcc-a377-9b9359861b35: shutdown LeaderElection
2019-08-20 14:23:52,840 INFO  impl.RaftServerImpl (RaftServerImpl.java:setRole(171)) - 8e43464b-2d64-4fcc-a377-9b9359861b35:group-9D62A63B58AC changes role from CANDIDATE to LEADER at term 1 for changeToLeader
2019-08-20 14:23:52,840 INFO  impl.RaftServerImpl (ServerState.java:setLeader(263)) - 8e43464b-2d64-4fcc-a377-9b9359861b35:group-9D62A63B58AC change Leader from null to 8e43464b-2d64-4fcc-a377-9b9359861b35 at term 1 for becomeLeader, leader elected after 5458ms
2019-08-20 14:23:52,840 INFO  server.RaftServerConfigKeys (ConfUtils.java:logGet(43)) - raft.server.staging.catchup.gap = 1000 (default)
2019-08-20 14:23:52,840 INFO  server.RaftServerConfigKeys (ConfUtils.java:logGet(43)) - raft.server.rpc.sleep.time = 25ms (default)
2019-08-20 14:23:52,841 INFO  server.RaftServerConfigKeys (ConfUtils.java:logGet(43)) - raft.server.write.element-limit = 4096 (default)
2019-08-20 14:23:52,841 INFO  server.RaftServerConfigKeys (ConfUtils.java:logGet(43)) - raft.server.watch.timeout = 10s (default)
2019-08-20 14:23:52,841 INFO  server.RaftServerConfigKeys (ConfUtils.java:logGet(43)) - raft.server.watch.timeout.denomination = 1s (default)
2019-08-20 14:23:52,841 INFO  server.RaftServerConfigKeys (ConfUtils.java:logGet(43)) - raft.server.watch.element-limit = 65536 (default)
2019-08-20 14:23:52,841 INFO  impl.RoleInfo (RoleInfo.java:updateAndGet(143)) - 8e43464b-2d64-4fcc-a377-9b9359861b35: start LeaderState
2019-08-20 14:23:52,841 INFO  segmented.SegmentedRaftLogWorker (SegmentedRaftLogWorker.java:startLogSegment(380)) - 8e43464b-2d64-4fcc-a377-9b9359861b35-SegmentedRaftLogWorker:Storage Directory /workdir/hadoop-ozone/integration-test/target/test-dir/MiniOzoneClusterImpl-a060adfa-6b88-4268-8e4a-1c8ea233438e/datanode-0/data/ratis/e6baff33-bc5a-4faa-9409-9d62a63b58ac: Starting segment from index:0
2019-08-20 14:23:52,842 INFO  impl.RaftServerImpl (ServerState.java:setRaftConf(361)) - 8e43464b-2d64-4fcc-a377-9b9359861b35:group-9D62A63B58AC set configuration 0: [8e43464b-2d64-4fcc-a377-9b9359861b35:192.168.36.107:33935], old=null at 0
2019-08-20 14:23:52,894 INFO  segmented.SegmentedRaftLogWorker (SegmentedRaftLogWorker.java:execute(569)) - 8e43464b-2d64-4fcc-a377-9b9359861b35-SegmentedRaftLogWorker:Storage Directory /workdir/hadoop-ozone/integration-test/target/test-dir/MiniOzoneClusterImpl-a060adfa-6b88-4268-8e4a-1c8ea233438e/datanode-0/data/ratis/e6baff33-bc5a-4faa-9409-9d62a63b58ac: created new log segment /workdir/hadoop-ozone/integration-test/target/test-dir/MiniOzoneClusterImpl-a060adfa-6b88-4268-8e4a-1c8ea233438e/datanode-0/data/ratis/e6baff33-bc5a-4faa-9409-9d62a63b58ac/current/log_inprogress_0
2019-08-20 14:23:52,974 INFO  ozoneimpl.OzoneContainer (OzoneContainer.java:stop(199)) - Attempting to stop container services.
2019-08-20 14:23:52,975 INFO  ozoneimpl.OzoneContainer (OzoneContainer.java:stop(199)) - Attempting to stop container services.
2019-08-20 14:23:52,975 INFO  impl.RaftServerProxy (RaftServerProxy.java:lambda$close$4(314)) - badca90e-8687-4d61-a872-ab9f81a9ff79: close
2019-08-20 14:23:52,975 INFO  impl.RaftServerProxy (RaftServerProxy.java:lambda$close$4(314)) - 8e43464b-2d64-4fcc-a377-9b9359861b35: close
2019-08-20 14:23:52,976 INFO  impl.RaftServerImpl (RaftServerImpl.java:lambda$shutdown$3(245)) - badca90e-8687-4d61-a872-ab9f81a9ff79: shutdown group-32F3C0297C2E
2019-08-20 14:23:52,976 INFO  impl.RaftServerImpl (RaftServerImpl.java:lambda$shutdown$3(245)) - 8e43464b-2d64-4fcc-a377-9b9359861b35: shutdown group-9D62A63B58AC
2019-08-20 14:23:52,976 INFO  util.JmxRegister (JmxRegister.java:unregister(73)) - Successfully un-registered JMX Bean with object name Ratis:service=RaftServer,group=group-32F3C0297C2E,id=badca90e-8687-4d61-a872-ab9f81a9ff79
2019-08-20 14:23:52,976 INFO  util.JmxRegister (JmxRegister.java:unregister(73)) - Successfully un-registered JMX Bean with object name Ratis:service=RaftServer,group=group-9D62A63B58AC,id=8e43464b-2d64-4fcc-a377-9b9359861b35
2019-08-20 14:23:52,977 INFO  impl.RoleInfo (RoleInfo.java:shutdownFollowerState(121)) - badca90e-8687-4d61-a872-ab9f81a9ff79: shutdown FollowerState
2019-08-20 14:23:52,977 INFO  impl.RoleInfo (RoleInfo.java:shutdownLeaderState(104)) - 8e43464b-2d64-4fcc-a377-9b9359861b35: shutdown LeaderState
2019-08-20 14:23:52,977 INFO  impl.FollowerState (FollowerState.java:run(114)) - badca90e-8687-4d61-a872-ab9f81a9ff79: FollowerState was interrupted: java.lang.InterruptedException: sleep interrupted
2019-08-20 14:23:52,977 INFO  impl.StateMachineUpdater (StateMachineUpdater.java:stopAndJoin(115)) - StateMachineUpdater:badca90e-8687-4d61-a872-ab9f81a9ff79:group-32F3C0297C2E: set stopIndex = -1
2019-08-20 14:23:52,980 INFO  impl.PendingRequests (PendingRequests.java:sendNotLeaderResponses(202)) - 8e43464b-2d64-4fcc-a377-9b9359861b35-PendingRequests: sendNotLeaderResponses
2019-08-20 14:23:52,981 INFO  impl.RaftServerImpl (ServerState.java:close(394)) - badca90e-8687-4d61-a872-ab9f81a9ff79:group-32F3C0297C2E closes. The last applied log index is -1
2019-08-20 14:23:52,981 INFO  impl.StateMachineUpdater (StateMachineUpdater.java:stopAndJoin(115)) - StateMachineUpdater:8e43464b-2d64-4fcc-a377-9b9359861b35:group-9D62A63B58AC: set stopIndex = 0
2019-08-20 14:23:52,986 INFO  segmented.SegmentedRaftLogWorker (SegmentedRaftLogWorker.java:run(313)) - badca90e-8687-4d61-a872-ab9f81a9ff79-SegmentedRaftLogWorker:Storage Directory /workdir/hadoop-ozone/integration-test/target/test-dir/MiniOzoneClusterImpl-a060adfa-6b88-4268-8e4a-1c8ea233438e/datanode-1/data/ratis/e5e899cf-ccb8-47fa-ba37-32f3c0297c2e was interrupted, exiting. There are 0 tasks remaining in the queue.
2019-08-20 14:23:52,987 INFO  impl.RaftServerImpl (ServerState.java:close(394)) - 8e43464b-2d64-4fcc-a377-9b9359861b35:group-9D62A63B58AC closes. The last applied log index is 0
2019-08-20 14:23:52,987 INFO  segmented.SegmentedRaftLogWorker (SegmentedRaftLogWorker.java:close(228)) - badca90e-8687-4d61-a872-ab9f81a9ff79-SegmentedRaftLogWorker:Storage Directory /workdir/hadoop-ozone/integration-test/target/test-dir/MiniOzoneClusterImpl-a060adfa-6b88-4268-8e4a-1c8ea233438e/datanode-1/data/ratis/e5e899cf-ccb8-47fa-ba37-32f3c0297c2e close()
2019-08-20 14:23:52,987 INFO  segmented.SegmentedRaftLogWorker (SegmentedRaftLogWorker.java:run(313)) - 8e43464b-2d64-4fcc-a377-9b9359861b35-SegmentedRaftLogWorker:Storage Directory /workdir/hadoop-ozone/integration-test/target/test-dir/MiniOzoneClusterImpl-a060adfa-6b88-4268-8e4a-1c8ea233438e/datanode-0/data/ratis/e6baff33-bc5a-4faa-9409-9d62a63b58ac was interrupted, exiting. There are 0 tasks remaining in the queue.
2019-08-20 14:23:52,990 INFO  impl.RaftServerImpl (RaftServerImpl.java:lambda$shutdown$3(245)) - badca90e-8687-4d61-a872-ab9f81a9ff79: shutdown group-080E89BABD8C
2019-08-20 14:23:52,990 INFO  util.JmxRegister (JmxRegister.java:unregister(73)) - Successfully un-registered JMX Bean with object name Ratis:service=RaftServer,group=group-080E89BABD8C,id=badca90e-8687-4d61-a872-ab9f81a9ff79
2019-08-20 14:23:52,991 INFO  impl.RoleInfo (RoleInfo.java:shutdownLeaderState(104)) - badca90e-8687-4d61-a872-ab9f81a9ff79: shutdown LeaderState
2019-08-20 14:23:52,991 INFO  impl.PendingRequests (PendingRequests.java:sendNotLeaderResponses(202)) - badca90e-8687-4d61-a872-ab9f81a9ff79-PendingRequests: sendNotLeaderResponses
2019-08-20 14:23:52,991 INFO  segmented.SegmentedRaftLogWorker (SegmentedRaftLogWorker.java:close(228)) - 8e43464b-2d64-4fcc-a377-9b9359861b35-SegmentedRaftLogWorker:Storage Directory /workdir/hadoop-ozone/integration-test/target/test-dir/MiniOzoneClusterImpl-a060adfa-6b88-4268-8e4a-1c8ea233438e/datanode-0/data/ratis/e6baff33-bc5a-4faa-9409-9d62a63b58ac close()
2019-08-20 14:23:52,994 INFO  impl.StateMachineUpdater (StateMachineUpdater.java:stopAndJoin(115)) - StateMachineUpdater:badca90e-8687-4d61-a872-ab9f81a9ff79:group-080E89BABD8C: set stopIndex = 2
2019-08-20 14:23:52,996 INFO  impl.RaftServerImpl (ServerState.java:close(394)) - badca90e-8687-4d61-a872-ab9f81a9ff79:group-080E89BABD8C closes. The last applied log index is 2
2019-08-20 14:23:52,996 INFO  impl.RaftServerImpl (RaftServerImpl.java:lambda$shutdown$3(245)) - 8e43464b-2d64-4fcc-a377-9b9359861b35: shutdown group-32F3C0297C2E
2019-08-20 14:23:52,997 INFO  segmented.SegmentedRaftLogWorker (SegmentedRaftLogWorker.java:run(313)) - badca90e-8687-4d61-a872-ab9f81a9ff79-SegmentedRaftLogWorker:Storage Directory /workdir/hadoop-ozone/integration-test/target/test-dir/MiniOzoneClusterImpl-a060adfa-6b88-4268-8e4a-1c8ea233438e/datanode-1/data/ratis/268cee25-69b1-48a9-9dce-080e89babd8c was interrupted, exiting. There are 0 tasks remaining in the queue.
2019-08-20 14:23:52,997 INFO  util.JmxRegister (JmxRegister.java:unregister(73)) - Successfully un-registered JMX Bean with object name Ratis:service=RaftServer,group=group-32F3C0297C2E,id=8e43464b-2d64-4fcc-a377-9b9359861b35
2019-08-20 14:23:52,998 INFO  segmented.SegmentedRaftLogWorker (SegmentedRaftLogWorker.java:close(228)) - badca90e-8687-4d61-a872-ab9f81a9ff79-SegmentedRaftLogWorker:Storage Directory /workdir/hadoop-ozone/integration-test/target/test-dir/MiniOzoneClusterImpl-a060adfa-6b88-4268-8e4a-1c8ea233438e/datanode-1/data/ratis/268cee25-69b1-48a9-9dce-080e89babd8c close()
2019-08-20 14:23:52,998 INFO  impl.RoleInfo (RoleInfo.java:shutdownFollowerState(121)) - 8e43464b-2d64-4fcc-a377-9b9359861b35: shutdown FollowerState
2019-08-20 14:23:53,000 INFO  impl.RaftServerImpl (RaftServerImpl.java:lambda$shutdown$3(245)) - badca90e-8687-4d61-a872-ab9f81a9ff79: shutdown group-2F31D83840EF
2019-08-20 14:23:53,000 INFO  impl.FollowerState (FollowerState.java:run(114)) - 8e43464b-2d64-4fcc-a377-9b9359861b35: FollowerState was interrupted: java.lang.InterruptedException: sleep interrupted
2019-08-20 14:23:53,000 INFO  impl.StateMachineUpdater (StateMachineUpdater.java:stopAndJoin(115)) - StateMachineUpdater:8e43464b-2d64-4fcc-a377-9b9359861b35:group-32F3C0297C2E: set stopIndex = -1
2019-08-20 14:23:53,000 INFO  util.JmxRegister (JmxRegister.java:unregister(73)) - Successfully un-registered JMX Bean with object name Ratis:service=RaftServer,group=group-2F31D83840EF,id=badca90e-8687-4d61-a872-ab9f81a9ff79
2019-08-20 14:23:53,001 INFO  impl.RaftServerImpl (ServerState.java:close(394)) - 8e43464b-2d64-4fcc-a377-9b9359861b35:group-32F3C0297C2E closes. The last applied log index is -1
2019-08-20 14:23:53,001 INFO  impl.RoleInfo (RoleInfo.java:shutdownFollowerState(121)) - badca90e-8687-4d61-a872-ab9f81a9ff79: shutdown FollowerState
2019-08-20 14:23:53,002 INFO  segmented.SegmentedRaftLogWorker (SegmentedRaftLogWorker.java:run(313)) - 8e43464b-2d64-4fcc-a377-9b9359861b35-SegmentedRaftLogWorker:Storage Directory /workdir/hadoop-ozone/integration-test/target/test-dir/MiniOzoneClusterImpl-a060adfa-6b88-4268-8e4a-1c8ea233438e/datanode-0/data/ratis/e5e899cf-ccb8-47fa-ba37-32f3c0297c2e was interrupted, exiting. There are 0 tasks remaining in the queue.
2019-08-20 14:23:53,002 INFO  impl.StateMachineUpdater (StateMachineUpdater.java:stopAndJoin(115)) - StateMachineUpdater:badca90e-8687-4d61-a872-ab9f81a9ff79:group-2F31D83840EF: set stopIndex = -1
2019-08-20 14:23:53,002 INFO  impl.FollowerState (FollowerState.java:run(114)) - badca90e-8687-4d61-a872-ab9f81a9ff79: FollowerState was interrupted: java.lang.InterruptedException: sleep interrupted
2019-08-20 14:23:53,002 INFO  segmented.SegmentedRaftLogWorker (SegmentedRaftLogWorker.java:close(228)) - 8e43464b-2d64-4fcc-a377-9b9359861b35-SegmentedRaftLogWorker:Storage Directory /workdir/hadoop-ozone/integration-test/target/test-dir/MiniOzoneClusterImpl-a060adfa-6b88-4268-8e4a-1c8ea233438e/datanode-0/data/ratis/e5e899cf-ccb8-47fa-ba37-32f3c0297c2e close()
2019-08-20 14:23:53,002 INFO  impl.RaftServerImpl (ServerState.java:close(394)) - badca90e-8687-4d61-a872-ab9f81a9ff79:group-2F31D83840EF closes. The last applied log index is -1
2019-08-20 14:23:53,005 INFO  impl.RaftServerImpl (RaftServerImpl.java:lambda$shutdown$3(245)) - 8e43464b-2d64-4fcc-a377-9b9359861b35: shutdown group-60684E0BBBF2
2019-08-20 14:23:53,005 INFO  segmented.SegmentedRaftLogWorker (SegmentedRaftLogWorker.java:run(313)) - badca90e-8687-4d61-a872-ab9f81a9ff79-SegmentedRaftLogWorker:Storage Directory /workdir/hadoop-ozone/integration-test/target/test-dir/MiniOzoneClusterImpl-a060adfa-6b88-4268-8e4a-1c8ea233438e/datanode-1/data/ratis/2a15018e-38ce-4947-be7a-2f31d83840ef was interrupted, exiting. There are 0 tasks remaining in the queue.
2019-08-20 14:23:53,005 INFO  util.JmxRegister (JmxRegister.java:unregister(73)) - Successfully un-registered JMX Bean with object name Ratis:service=RaftServer,group=group-60684E0BBBF2,id=8e43464b-2d64-4fcc-a377-9b9359861b35
2019-08-20 14:23:53,005 INFO  segmented.SegmentedRaftLogWorker (SegmentedRaftLogWorker.java:close(228)) - badca90e-8687-4d61-a872-ab9f81a9ff79-SegmentedRaftLogWorker:Storage Directory /workdir/hadoop-ozone/integration-test/target/test-dir/MiniOzoneClusterImpl-a060adfa-6b88-4268-8e4a-1c8ea233438e/datanode-1/data/ratis/2a15018e-38ce-4947-be7a-2f31d83840ef close()
2019-08-20 14:23:53,006 INFO  impl.StateMachineUpdater (StateMachineUpdater.java:stopAndJoin(115)) - StateMachineUpdater:8e43464b-2d64-4fcc-a377-9b9359861b35:group-60684E0BBBF2: set stopIndex = -1
2019-08-20 14:23:53,007 INFO  server.GrpcService (GrpcService.java:closeImpl(155)) - badca90e-8687-4d61-a872-ab9f81a9ff79: shutdown server with port 44941 now
2019-08-20 14:23:53,007 INFO  impl.RaftServerImpl (ServerState.java:close(394)) - 8e43464b-2d64-4fcc-a377-9b9359861b35:group-60684E0BBBF2 closes. The last applied log index is -1
2019-08-20 14:23:53,008 INFO  server.GrpcService (GrpcService.java:closeImpl(163)) - badca90e-8687-4d61-a872-ab9f81a9ff79: shutdown server with port 44941 successfully
2019-08-20 14:23:53,008 INFO  segmented.SegmentedRaftLogWorker (SegmentedRaftLogWorker.java:run(313)) - 8e43464b-2d64-4fcc-a377-9b9359861b35-SegmentedRaftLogWorker:Storage Directory /workdir/hadoop-ozone/integration-test/target/test-dir/MiniOzoneClusterImpl-a060adfa-6b88-4268-8e4a-1c8ea233438e/datanode-0/data/ratis/440012c8-b681-4b53-a0b6-60684e0bbbf2 was interrupted, exiting. There are 0 tasks remaining in the queue.
2019-08-20 14:23:53,008 INFO  segmented.SegmentedRaftLogWorker (SegmentedRaftLogWorker.java:close(228)) - 8e43464b-2d64-4fcc-a377-9b9359861b35-SegmentedRaftLogWorker:Storage Directory /workdir/hadoop-ozone/integration-test/target/test-dir/MiniOzoneClusterImpl-a060adfa-6b88-4268-8e4a-1c8ea233438e/datanode-0/data/ratis/440012c8-b681-4b53-a0b6-60684e0bbbf2 close()
2019-08-20 14:23:53,011 INFO  server.GrpcService (GrpcService.java:closeImpl(155)) - 8e43464b-2d64-4fcc-a377-9b9359861b35: shutdown server with port 33935 now
2019-08-20 14:23:53,012 INFO  server.GrpcService (GrpcService.java:closeImpl(163)) - 8e43464b-2d64-4fcc-a377-9b9359861b35: shutdown server with port 33935 successfully
2019-08-20 14:23:53,012 INFO  utils.BackgroundService (BackgroundService.java:shutdown(148)) - Shutting down service BlockDeletingService
2019-08-20 14:23:53,013 INFO  utils.BackgroundService (BackgroundService.java:shutdown(148)) - Shutting down service BlockDeletingService
2019-08-20 14:23:53,015 WARN  fs.CachingGetSpaceUsed (CachingGetSpaceUsed.java:run(183)) - Thread Interrupted waiting to refresh disk information: sleep interrupted
2019-08-20 14:23:53,017 WARN  fs.CachingGetSpaceUsed (CachingGetSpaceUsed.java:run(183)) - Thread Interrupted waiting to refresh disk information: sleep interrupted
2019-08-20 14:23:53,032 INFO  statemachine.DatanodeStateMachine (DatanodeStateMachine.java:stopDaemon(395)) - Ozone container server stopped.
2019-08-20 14:23:53,035 INFO  statemachine.DatanodeStateMachine (DatanodeStateMachine.java:stopDaemon(395)) - Ozone container server stopped.
2019-08-20 14:23:53,037 INFO  handler.ContextHandler (ContextHandler.java:doStop(910)) - Stopped o.e.j.w.WebAppContext@4f42fdd8{/,null,UNAVAILABLE}{/hddsDatanode}
2019-08-20 14:23:53,038 INFO  handler.ContextHandler (ContextHandler.java:doStop(910)) - Stopped o.e.j.w.WebAppContext@4594e030{/,null,UNAVAILABLE}{/hddsDatanode}
2019-08-20 14:23:53,038 INFO  server.AbstractConnector (AbstractConnector.java:doStop(318)) - Stopped ServerConnector@267f89bc{HTTP/1.1,[http/1.1]}{0.0.0.0:45094}
2019-08-20 14:23:53,039 INFO  handler.ContextHandler (ContextHandler.java:doStop(910)) - Stopped o.e.j.s.ServletContextHandler@232a8630{/static,jar:file:/home/user/.m2/repository/org/apache/hadoop/hadoop-hdds-container-service/0.5.0-SNAPSHOT/hadoop-hdds-container-service-0.5.0-SNAPSHOT.jar!/webapps/static,UNAVAILABLE}
2019-08-20 14:23:53,039 INFO  server.AbstractConnector (AbstractConnector.java:doStop(318)) - Stopped ServerConnector@32d8e1b0{HTTP/1.1,[http/1.1]}{0.0.0.0:45962}
2019-08-20 14:23:53,040 INFO  handler.ContextHandler (ContextHandler.java:doStop(910)) - Stopped o.e.j.s.ServletContextHandler@4d04078a{/logs,file:///workdir/hadoop-ozone/integration-test/target/log,UNAVAILABLE}
2019-08-20 14:23:53,041 INFO  handler.ContextHandler (ContextHandler.java:doStop(910)) - Stopped o.e.j.s.ServletContextHandler@2a36f99f{/static,jar:file:/home/user/.m2/repository/org/apache/hadoop/hadoop-hdds-container-service/0.5.0-SNAPSHOT/hadoop-hdds-container-service-0.5.0-SNAPSHOT.jar!/webapps/static,UNAVAILABLE}
2019-08-20 14:23:53,042 INFO  handler.ContextHandler (ContextHandler.java:doStop(910)) - Stopped o.e.j.s.ServletContextHandler@6df27e0a{/logs,file:///workdir/hadoop-ozone/integration-test/target/log,UNAVAILABLE}
2019-08-20 14:23:53,042 INFO  datanode.ObjectStoreHandler (ObjectStoreHandler.java:close(155)) - Closing ObjectStoreHandler.
2019-08-20 14:23:53,042 INFO  ozone.HddsDatanodeService (HddsDatanodeService.java:stop(451)) - Stopped plug-in org.apache.hadoop.ozone.web.OzoneHddsDatanodeService@5a7e170d
2019-08-20 14:23:53,231 INFO  node.StaleNodeHandler (StaleNodeHandler.java:onMessage(58)) - Datanode badca90e-8687-4d61-a872-ab9f81a9ff79{ip: 192.168.36.107, host: pr-hdds-1942-s8lb6-241747594, networkLocation: /default-rack, certSerialId: null} moved to stale state. Finalizing its pipelines [PipelineID=e5e899cf-ccb8-47fa-ba37-32f3c0297c2e, PipelineID=268cee25-69b1-48a9-9dce-080e89babd8c, PipelineID=2a15018e-38ce-4947-be7a-2f31d83840ef]
2019-08-20 14:23:53,231 INFO  pipeline.SCMPipelineManager (SCMPipelineManager.java:finalizeAndDestroyPipeline(309)) - destroying pipeline:Pipeline[ Id: e5e899cf-ccb8-47fa-ba37-32f3c0297c2e, Nodes: 8e43464b-2d64-4fcc-a377-9b9359861b35{ip: 192.168.36.107, host: pr-hdds-1942-s8lb6-241747594, networkLocation: /default-rack, certSerialId: null}badca90e-8687-4d61-a872-ab9f81a9ff79{ip: 192.168.36.107, host: pr-hdds-1942-s8lb6-241747594, networkLocation: /default-rack, certSerialId: null}e6d32cf5-7dee-4418-80db-de61244e08bf{ip: 192.168.36.107, host: pr-hdds-1942-s8lb6-241747594, networkLocation: /default-rack, certSerialId: null}, Type:RATIS, Factor:THREE, State:CLOSED]
2019-08-20 14:23:53,232 INFO  pipeline.SCMPipelineManager (SCMPipelineManager.java:finalizeAndDestroyPipeline(309)) - destroying pipeline:Pipeline[ Id: 268cee25-69b1-48a9-9dce-080e89babd8c, Nodes: badca90e-8687-4d61-a872-ab9f81a9ff79{ip: 192.168.36.107, host: pr-hdds-1942-s8lb6-241747594, networkLocation: /default-rack, certSerialId: null}, Type:RATIS, Factor:ONE, State:CLOSED]
2019-08-20 14:23:53,232 INFO  pipeline.SCMPipelineManager (SCMPipelineManager.java:finalizeAndDestroyPipeline(309)) - destroying pipeline:Pipeline[ Id: 2a15018e-38ce-4947-be7a-2f31d83840ef, Nodes: badca90e-8687-4d61-a872-ab9f81a9ff79{ip: 192.168.36.107, host: pr-hdds-1942-s8lb6-241747594, networkLocation: /default-rack, certSerialId: null}, Type:RATIS, Factor:ONE, State:OPEN]
2019-08-20 14:23:53,232 INFO  pipeline.PipelineStateManager (PipelineStateManager.java:finalizePipeline(123)) - Pipeline Pipeline[ Id: 2a15018e-38ce-4947-be7a-2f31d83840ef, Nodes: badca90e-8687-4d61-a872-ab9f81a9ff79{ip: 192.168.36.107, host: pr-hdds-1942-s8lb6-241747594, networkLocation: /default-rack, certSerialId: null}, Type:RATIS, Factor:ONE, State:CLOSED] moved to CLOSED state
2019-08-20 14:23:53,361 INFO  impl.FollowerState (FollowerState.java:run(106)) - e6d32cf5-7dee-4418-80db-de61244e08bf:group-C942CC283F1E changes to CANDIDATE, lastRpcTime:5018, electionTimeout:5018ms
2019-08-20 14:23:53,361 INFO  impl.RoleInfo (RoleInfo.java:shutdownFollowerState(121)) - e6d32cf5-7dee-4418-80db-de61244e08bf: shutdown FollowerState
2019-08-20 14:23:53,361 INFO  impl.RaftServerImpl (RaftServerImpl.java:setRole(171)) - e6d32cf5-7dee-4418-80db-de61244e08bf:group-C942CC283F1E changes role from FOLLOWER to CANDIDATE at term 0 for changeToCandidate
2019-08-20 14:23:53,361 INFO  impl.RoleInfo (RoleInfo.java:updateAndGet(143)) - e6d32cf5-7dee-4418-80db-de61244e08bf: start LeaderElection
2019-08-20 14:23:53,386 INFO  impl.LeaderElection (LeaderElection.java:askForVotes(181)) - e6d32cf5-7dee-4418-80db-de61244e08bf:group-C942CC283F1E:LeaderElection21: begin an election at term 1 for -1: [e6d32cf5-7dee-4418-80db-de61244e08bf:192.168.36.107:35532], old=null
2019-08-20 14:23:53,387 INFO  impl.RoleInfo (RoleInfo.java:shutdownLeaderElection(134)) - e6d32cf5-7dee-4418-80db-de61244e08bf: shutdown LeaderElection
2019-08-20 14:23:53,387 INFO  impl.RaftServerImpl (RaftServerImpl.java:setRole(171)) - e6d32cf5-7dee-4418-80db-de61244e08bf:group-C942CC283F1E changes role from CANDIDATE to LEADER at term 1 for changeToLeader
2019-08-20 14:23:53,387 INFO  impl.RaftServerImpl (ServerState.java:setLeader(263)) - e6d32cf5-7dee-4418-80db-de61244e08bf:group-C942CC283F1E change Leader from null to e6d32cf5-7dee-4418-80db-de61244e08bf at term 1 for becomeLeader, leader elected after 5051ms
2019-08-20 14:23:53,387 INFO  server.RaftServerConfigKeys (ConfUtils.java:logGet(43)) - raft.server.staging.catchup.gap = 1000 (default)
2019-08-20 14:23:53,387 INFO  server.RaftServerConfigKeys (ConfUtils.java:logGet(43)) - raft.server.rpc.sleep.time = 25ms (default)
2019-08-20 14:23:53,388 INFO  server.RaftServerConfigKeys (ConfUtils.java:logGet(43)) - raft.server.write.element-limit = 4096 (default)
2019-08-20 14:23:53,388 INFO  server.RaftServerConfigKeys (ConfUtils.java:logGet(43)) - raft.server.watch.timeout = 10s (default)
2019-08-20 14:23:53,388 INFO  server.RaftServerConfigKeys (ConfUtils.java:logGet(43)) - raft.server.watch.timeout.denomination = 1s (default)
2019-08-20 14:23:53,388 INFO  server.RaftServerConfigKeys (ConfUtils.java:logGet(43)) - raft.server.watch.element-limit = 65536 (default)
2019-08-20 14:23:53,388 INFO  impl.RoleInfo (RoleInfo.java:updateAndGet(143)) - e6d32cf5-7dee-4418-80db-de61244e08bf: start LeaderState
2019-08-20 14:23:53,389 INFO  segmented.SegmentedRaftLogWorker (SegmentedRaftLogWorker.java:startLogSegment(380)) - e6d32cf5-7dee-4418-80db-de61244e08bf-SegmentedRaftLogWorker:Storage Directory /workdir/hadoop-ozone/integration-test/target/test-dir/MiniOzoneClusterImpl-a060adfa-6b88-4268-8e4a-1c8ea233438e/datanode-2/data/ratis/ef94fa62-37c5-4a29-8479-c942cc283f1e: Starting segment from index:0
2019-08-20 14:23:53,389 INFO  impl.RaftServerImpl (ServerState.java:setRaftConf(361)) - e6d32cf5-7dee-4418-80db-de61244e08bf:group-C942CC283F1E set configuration 0: [e6d32cf5-7dee-4418-80db-de61244e08bf:192.168.36.107:35532], old=null at 0
2019-08-20 14:23:53,445 INFO  segmented.SegmentedRaftLogWorker (SegmentedRaftLogWorker.java:execute(569)) - e6d32cf5-7dee-4418-80db-de61244e08bf-SegmentedRaftLogWorker:Storage Directory /workdir/hadoop-ozone/integration-test/target/test-dir/MiniOzoneClusterImpl-a060adfa-6b88-4268-8e4a-1c8ea233438e/datanode-2/data/ratis/ef94fa62-37c5-4a29-8479-c942cc283f1e: created new log segment /workdir/hadoop-ozone/integration-test/target/test-dir/MiniOzoneClusterImpl-a060adfa-6b88-4268-8e4a-1c8ea233438e/datanode-2/data/ratis/ef94fa62-37c5-4a29-8479-c942cc283f1e/current/log_inprogress_0
2019-08-20 14:23:53,577 INFO  statemachine.DatanodeStateMachine (DatanodeStateMachine.java:lambda$startDaemon$0(350)) - Ozone container server started.
2019-08-20 14:23:53,607 INFO  impl.FollowerState (FollowerState.java:run(106)) - e6d32cf5-7dee-4418-80db-de61244e08bf:group-32F3C0297C2E changes to CANDIDATE, lastRpcTime:5166, electionTimeout:5166ms
2019-08-20 14:23:53,607 INFO  impl.RoleInfo (RoleInfo.java:shutdownFollowerState(121)) - e6d32cf5-7dee-4418-80db-de61244e08bf: shutdown FollowerState
2019-08-20 14:23:53,607 INFO  impl.RaftServerImpl (RaftServerImpl.java:setRole(171)) - e6d32cf5-7dee-4418-80db-de61244e08bf:group-32F3C0297C2E changes role from FOLLOWER to CANDIDATE at term 0 for changeToCandidate
2019-08-20 14:23:53,607 INFO  impl.RoleInfo (RoleInfo.java:updateAndGet(143)) - e6d32cf5-7dee-4418-80db-de61244e08bf: start LeaderElection
2019-08-20 14:23:53,645 INFO  impl.LeaderElection (LeaderElection.java:askForVotes(181)) - e6d32cf5-7dee-4418-80db-de61244e08bf:group-32F3C0297C2E:LeaderElection22: begin an election at term 1 for -1: [8e43464b-2d64-4fcc-a377-9b9359861b35:192.168.36.107:33935, e6d32cf5-7dee-4418-80db-de61244e08bf:192.168.36.107:35532, badca90e-8687-4d61-a872-ab9f81a9ff79:192.168.36.107:44941], old=null
2019-08-20 14:23:53,651 INFO  impl.LeaderElection (LogUtils.java:infoOrTrace(149)) - e6d32cf5-7dee-4418-80db-de61244e08bf:group-32F3C0297C2E:LeaderElection22 got exception when requesting votes: {}
java.util.concurrent.ExecutionException: org.apache.ratis.thirdparty.io.grpc.StatusRuntimeException: UNAVAILABLE: io exception
	at java.util.concurrent.FutureTask.report(FutureTask.java:122)
	at java.util.concurrent.FutureTask.get(FutureTask.java:192)
	at org.apache.ratis.server.impl.LeaderElection.waitForResults(LeaderElection.java:262)
	at org.apache.ratis.server.impl.LeaderElection.askForVotes(LeaderElection.java:200)
	at org.apache.ratis.server.impl.LeaderElection.run(LeaderElection.java:130)
	at java.lang.Thread.run(Thread.java:748)
Caused by: org.apache.ratis.thirdparty.io.grpc.StatusRuntimeException: UNAVAILABLE: io exception
	at org.apache.ratis.thirdparty.io.grpc.stub.ClientCalls.toStatusRuntimeException(ClientCalls.java:233)
	at org.apache.ratis.thirdparty.io.grpc.stub.ClientCalls.getUnchecked(ClientCalls.java:214)
	at org.apache.ratis.thirdparty.io.grpc.stub.ClientCalls.blockingUnaryCall(ClientCalls.java:139)
	at org.apache.ratis.proto.grpc.RaftServerProtocolServiceGrpc$RaftServerProtocolServiceBlockingStub.requestVote(RaftServerProtocolServiceGrpc.java:265)
	at org.apache.ratis.grpc.server.GrpcServerProtocolClient.requestVote(GrpcServerProtocolClient.java:83)
	at org.apache.ratis.grpc.server.GrpcService.requestVote(GrpcService.java:195)
	at org.apache.ratis.server.impl.LeaderElection.lambda$submitRequests$1(LeaderElection.java:237)
	at java.util.concurrent.FutureTask.run(FutureTask.java:266)
	at java.util.concurrent.Executors$RunnableAdapter.call(Executors.java:511)
	at java.util.concurrent.FutureTask.run(FutureTask.java:266)
	at java.util.concurrent.ThreadPoolExecutor.runWorker(ThreadPoolExecutor.java:1149)
	at java.util.concurrent.ThreadPoolExecutor$Worker.run(ThreadPoolExecutor.java:624)
	... 1 more
Caused by: org.apache.ratis.thirdparty.io.netty.channel.AbstractChannel$AnnotatedConnectException: Connection refused: /192.168.36.107:44941
	at sun.nio.ch.SocketChannelImpl.checkConnect(Native Method)
	at sun.nio.ch.SocketChannelImpl.finishConnect(SocketChannelImpl.java:717)
	at org.apache.ratis.thirdparty.io.netty.channel.socket.nio.NioSocketChannel.doFinishConnect(NioSocketChannel.java:327)
	at org.apache.ratis.thirdparty.io.netty.channel.nio.AbstractNioChannel$AbstractNioUnsafe.finishConnect(AbstractNioChannel.java:340)
	at org.apache.ratis.thirdparty.io.netty.channel.nio.NioEventLoop.processSelectedKey(NioEventLoop.java:632)
	at org.apache.ratis.thirdparty.io.netty.channel.nio.NioEventLoop.processSelectedKeysOptimized(NioEventLoop.java:579)
	at org.apache.ratis.thirdparty.io.netty.channel.nio.NioEventLoop.processSelectedKeys(NioEventLoop.java:496)
	at org.apache.ratis.thirdparty.io.netty.channel.nio.NioEventLoop.run(NioEventLoop.java:458)
	at org.apache.ratis.thirdparty.io.netty.util.concurrent.SingleThreadEventExecutor$5.run(SingleThreadEventExecutor.java:897)
	at org.apache.ratis.thirdparty.io.netty.util.concurrent.FastThreadLocalRunnable.run(FastThreadLocalRunnable.java:30)
	... 1 more
Caused by: java.net.ConnectException: Connection refused
	... 11 more
2019-08-20 14:23:53,653 INFO  impl.LeaderElection (LogUtils.java:infoOrTrace(149)) - e6d32cf5-7dee-4418-80db-de61244e08bf:group-32F3C0297C2E:LeaderElection22 got exception when requesting votes: {}
java.util.concurrent.ExecutionException: org.apache.ratis.thirdparty.io.grpc.StatusRuntimeException: UNAVAILABLE: io exception
	at java.util.concurrent.FutureTask.report(FutureTask.java:122)
	at java.util.concurrent.FutureTask.get(FutureTask.java:192)
	at org.apache.ratis.server.impl.LeaderElection.waitForResults(LeaderElection.java:262)
	at org.apache.ratis.server.impl.LeaderElection.askForVotes(LeaderElection.java:200)
	at org.apache.ratis.server.impl.LeaderElection.run(LeaderElection.java:130)
	at java.lang.Thread.run(Thread.java:748)
Caused by: org.apache.ratis.thirdparty.io.grpc.StatusRuntimeException: UNAVAILABLE: io exception
	at org.apache.ratis.thirdparty.io.grpc.stub.ClientCalls.toStatusRuntimeException(ClientCalls.java:233)
	at org.apache.ratis.thirdparty.io.grpc.stub.ClientCalls.getUnchecked(ClientCalls.java:214)
	at org.apache.ratis.thirdparty.io.grpc.stub.ClientCalls.blockingUnaryCall(ClientCalls.java:139)
	at org.apache.ratis.proto.grpc.RaftServerProtocolServiceGrpc$RaftServerProtocolServiceBlockingStub.requestVote(RaftServerProtocolServiceGrpc.java:265)
	at org.apache.ratis.grpc.server.GrpcServerProtocolClient.requestVote(GrpcServerProtocolClient.java:83)
	at org.apache.ratis.grpc.server.GrpcService.requestVote(GrpcService.java:195)
	at org.apache.ratis.server.impl.LeaderElection.lambda$submitRequests$1(LeaderElection.java:237)
	at java.util.concurrent.FutureTask.run(FutureTask.java:266)
	at java.util.concurrent.Executors$RunnableAdapter.call(Executors.java:511)
	at java.util.concurrent.FutureTask.run(FutureTask.java:266)
	at java.util.concurrent.ThreadPoolExecutor.runWorker(ThreadPoolExecutor.java:1149)
	at java.util.concurrent.ThreadPoolExecutor$Worker.run(ThreadPoolExecutor.java:624)
	... 1 more
Caused by: org.apache.ratis.thirdparty.io.netty.channel.AbstractChannel$AnnotatedConnectException: Connection refused: /192.168.36.107:33935
	at sun.nio.ch.SocketChannelImpl.checkConnect(Native Method)
	at sun.nio.ch.SocketChannelImpl.finishConnect(SocketChannelImpl.java:717)
	at org.apache.ratis.thirdparty.io.netty.channel.socket.nio.NioSocketChannel.doFinishConnect(NioSocketChannel.java:327)
	at org.apache.ratis.thirdparty.io.netty.channel.nio.AbstractNioChannel$AbstractNioUnsafe.finishConnect(AbstractNioChannel.java:340)
	at org.apache.ratis.thirdparty.io.netty.channel.nio.NioEventLoop.processSelectedKey(NioEventLoop.java:632)
	at org.apache.ratis.thirdparty.io.netty.channel.nio.NioEventLoop.processSelectedKeysOptimized(NioEventLoop.java:579)
	at org.apache.ratis.thirdparty.io.netty.channel.nio.NioEventLoop.processSelectedKeys(NioEventLoop.java:496)
	at org.apache.ratis.thirdparty.io.netty.channel.nio.NioEventLoop.run(NioEventLoop.java:458)
	at org.apache.ratis.thirdparty.io.netty.util.concurrent.SingleThreadEventExecutor$5.run(SingleThreadEventExecutor.java:897)
	at org.apache.ratis.thirdparty.io.netty.util.concurrent.FastThreadLocalRunnable.run(FastThreadLocalRunnable.java:30)
	... 1 more
Caused by: java.net.ConnectException: Connection refused
	... 11 more
2019-08-20 14:23:53,654 INFO  impl.LeaderElection (LeaderElection.java:logAndReturn(56)) - e6d32cf5-7dee-4418-80db-de61244e08bf:group-32F3C0297C2E:LeaderElection22: Election REJECTED; received 0 response(s) [] and 2 exception(s); e6d32cf5-7dee-4418-80db-de61244e08bf:t1, leader=null, voted=e6d32cf5-7dee-4418-80db-de61244e08bf, raftlog=e6d32cf5-7dee-4418-80db-de61244e08bf-SegmentedRaftLog:OPENED:c-1,f-1,i0, conf=-1: [8e43464b-2d64-4fcc-a377-9b9359861b35:192.168.36.107:33935, e6d32cf5-7dee-4418-80db-de61244e08bf:192.168.36.107:35532, badca90e-8687-4d61-a872-ab9f81a9ff79:192.168.36.107:44941], old=null
2019-08-20 14:23:53,654 INFO  impl.LeaderElection (LogUtils.java:infoOrTrace(149)) -   Exception 0: {}
java.util.concurrent.ExecutionException: org.apache.ratis.thirdparty.io.grpc.StatusRuntimeException: UNAVAILABLE: io exception
	at java.util.concurrent.FutureTask.report(FutureTask.java:122)
	at java.util.concurrent.FutureTask.get(FutureTask.java:192)
	at org.apache.ratis.server.impl.LeaderElection.waitForResults(LeaderElection.java:262)
	at org.apache.ratis.server.impl.LeaderElection.askForVotes(LeaderElection.java:200)
	at org.apache.ratis.server.impl.LeaderElection.run(LeaderElection.java:130)
	at java.lang.Thread.run(Thread.java:748)
Caused by: org.apache.ratis.thirdparty.io.grpc.StatusRuntimeException: UNAVAILABLE: io exception
	at org.apache.ratis.thirdparty.io.grpc.stub.ClientCalls.toStatusRuntimeException(ClientCalls.java:233)
	at org.apache.ratis.thirdparty.io.grpc.stub.ClientCalls.getUnchecked(ClientCalls.java:214)
	at org.apache.ratis.thirdparty.io.grpc.stub.ClientCalls.blockingUnaryCall(ClientCalls.java:139)
	at org.apache.ratis.proto.grpc.RaftServerProtocolServiceGrpc$RaftServerProtocolServiceBlockingStub.requestVote(RaftServerProtocolServiceGrpc.java:265)
	at org.apache.ratis.grpc.server.GrpcServerProtocolClient.requestVote(GrpcServerProtocolClient.java:83)
	at org.apache.ratis.grpc.server.GrpcService.requestVote(GrpcService.java:195)
	at org.apache.ratis.server.impl.LeaderElection.lambda$submitRequests$1(LeaderElection.java:237)
	at java.util.concurrent.FutureTask.run(FutureTask.java:266)
	at java.util.concurrent.Executors$RunnableAdapter.call(Executors.java:511)
	at java.util.concurrent.FutureTask.run(FutureTask.java:266)
	at java.util.concurrent.ThreadPoolExecutor.runWorker(ThreadPoolExecutor.java:1149)
	at java.util.concurrent.ThreadPoolExecutor$Worker.run(ThreadPoolExecutor.java:624)
	... 1 more
Caused by: org.apache.ratis.thirdparty.io.netty.channel.AbstractChannel$AnnotatedConnectException: Connection refused: /192.168.36.107:44941
	at sun.nio.ch.SocketChannelImpl.checkConnect(Native Method)
	at sun.nio.ch.SocketChannelImpl.finishConnect(SocketChannelImpl.java:717)
	at org.apache.ratis.thirdparty.io.netty.channel.socket.nio.NioSocketChannel.doFinishConnect(NioSocketChannel.java:327)
	at org.apache.ratis.thirdparty.io.netty.channel.nio.AbstractNioChannel$AbstractNioUnsafe.finishConnect(AbstractNioChannel.java:340)
	at org.apache.ratis.thirdparty.io.netty.channel.nio.NioEventLoop.processSelectedKey(NioEventLoop.java:632)
	at org.apache.ratis.thirdparty.io.netty.channel.nio.NioEventLoop.processSelectedKeysOptimized(NioEventLoop.java:579)
	at org.apache.ratis.thirdparty.io.netty.channel.nio.NioEventLoop.processSelectedKeys(NioEventLoop.java:496)
	at org.apache.ratis.thirdparty.io.netty.channel.nio.NioEventLoop.run(NioEventLoop.java:458)
	at org.apache.ratis.thirdparty.io.netty.util.concurrent.SingleThreadEventExecutor$5.run(SingleThreadEventExecutor.java:897)
	at org.apache.ratis.thirdparty.io.netty.util.concurrent.FastThreadLocalRunnable.run(FastThreadLocalRunnable.java:30)
	... 1 more
Caused by: java.net.ConnectException: Connection refused
	... 11 more
2019-08-20 14:23:53,655 INFO  impl.LeaderElection (LogUtils.java:infoOrTrace(149)) -   Exception 1: {}
java.util.concurrent.ExecutionException: org.apache.ratis.thirdparty.io.grpc.StatusRuntimeException: UNAVAILABLE: io exception
	at java.util.concurrent.FutureTask.report(FutureTask.java:122)
	at java.util.concurrent.FutureTask.get(FutureTask.java:192)
	at org.apache.ratis.server.impl.LeaderElection.waitForResults(LeaderElection.java:262)
	at org.apache.ratis.server.impl.LeaderElection.askForVotes(LeaderElection.java:200)
	at org.apache.ratis.server.impl.LeaderElection.run(LeaderElection.java:130)
	at java.lang.Thread.run(Thread.java:748)
Caused by: org.apache.ratis.thirdparty.io.grpc.StatusRuntimeException: UNAVAILABLE: io exception
	at org.apache.ratis.thirdparty.io.grpc.stub.ClientCalls.toStatusRuntimeException(ClientCalls.java:233)
	at org.apache.ratis.thirdparty.io.grpc.stub.ClientCalls.getUnchecked(ClientCalls.java:214)
	at org.apache.ratis.thirdparty.io.grpc.stub.ClientCalls.blockingUnaryCall(ClientCalls.java:139)
	at org.apache.ratis.proto.grpc.RaftServerProtocolServiceGrpc$RaftServerProtocolServiceBlockingStub.requestVote(RaftServerProtocolServiceGrpc.java:265)
	at org.apache.ratis.grpc.server.GrpcServerProtocolClient.requestVote(GrpcServerProtocolClient.java:83)
	at org.apache.ratis.grpc.server.GrpcService.requestVote(GrpcService.java:195)
	at org.apache.ratis.server.impl.LeaderElection.lambda$submitRequests$1(LeaderElection.java:237)
	at java.util.concurrent.FutureTask.run(FutureTask.java:266)
	at java.util.concurrent.Executors$RunnableAdapter.call(Executors.java:511)
	at java.util.concurrent.FutureTask.run(FutureTask.java:266)
	at java.util.concurrent.ThreadPoolExecutor.runWorker(ThreadPoolExecutor.java:1149)
	at java.util.concurrent.ThreadPoolExecutor$Worker.run(ThreadPoolExecutor.java:624)
	... 1 more
Caused by: org.apache.ratis.thirdparty.io.netty.channel.AbstractChannel$AnnotatedConnectException: Connection refused: /192.168.36.107:33935
	at sun.nio.ch.SocketChannelImpl.checkConnect(Native Method)
	at sun.nio.ch.SocketChannelImpl.finishConnect(SocketChannelImpl.java:717)
	at org.apache.ratis.thirdparty.io.netty.channel.socket.nio.NioSocketChannel.doFinishConnect(NioSocketChannel.java:327)
	at org.apache.ratis.thirdparty.io.netty.channel.nio.AbstractNioChannel$AbstractNioUnsafe.finishConnect(AbstractNioChannel.java:340)
	at org.apache.ratis.thirdparty.io.netty.channel.nio.NioEventLoop.processSelectedKey(NioEventLoop.java:632)
	at org.apache.ratis.thirdparty.io.netty.channel.nio.NioEventLoop.processSelectedKeysOptimized(NioEventLoop.java:579)
	at org.apache.ratis.thirdparty.io.netty.channel.nio.NioEventLoop.processSelectedKeys(NioEventLoop.java:496)
	at org.apache.ratis.thirdparty.io.netty.channel.nio.NioEventLoop.run(NioEventLoop.java:458)
	at org.apache.ratis.thirdparty.io.netty.util.concurrent.SingleThreadEventExecutor$5.run(SingleThreadEventExecutor.java:897)
	at org.apache.ratis.thirdparty.io.netty.util.concurrent.FastThreadLocalRunnable.run(FastThreadLocalRunnable.java:30)
	... 1 more
Caused by: java.net.ConnectException: Connection refused
	... 11 more
2019-08-20 14:23:53,655 INFO  impl.RaftServerImpl (RaftServerImpl.java:setRole(171)) - e6d32cf5-7dee-4418-80db-de61244e08bf:group-32F3C0297C2E changes role from CANDIDATE to FOLLOWER at term 1 for DISCOVERED_A_NEW_TERM
2019-08-20 14:23:53,655 INFO  impl.RoleInfo (RoleInfo.java:shutdownLeaderElection(134)) - e6d32cf5-7dee-4418-80db-de61244e08bf: shutdown LeaderElection
2019-08-20 14:23:53,656 INFO  impl.RoleInfo (RoleInfo.java:updateAndGet(143)) - e6d32cf5-7dee-4418-80db-de61244e08bf: start FollowerState
2019-08-20 14:23:58,043 INFO  ozoneimpl.OzoneContainer (OzoneContainer.java:stop(199)) - Attempting to stop container services.
2019-08-20 14:23:58,043 INFO  impl.RaftServerProxy (RaftServerProxy.java:lambda$close$4(314)) - e6d32cf5-7dee-4418-80db-de61244e08bf: close
2019-08-20 14:23:58,044 INFO  impl.RaftServerImpl (RaftServerImpl.java:lambda$shutdown$3(245)) - e6d32cf5-7dee-4418-80db-de61244e08bf: shutdown group-1FA8CC81A637
2019-08-20 14:23:58,044 INFO  util.JmxRegister (JmxRegister.java:unregister(73)) - Successfully un-registered JMX Bean with object name Ratis:service=RaftServer,group=group-1FA8CC81A637,id=e6d32cf5-7dee-4418-80db-de61244e08bf
2019-08-20 14:23:58,044 INFO  impl.RoleInfo (RoleInfo.java:shutdownLeaderState(104)) - e6d32cf5-7dee-4418-80db-de61244e08bf: shutdown LeaderState
2019-08-20 14:23:58,044 INFO  impl.PendingRequests (PendingRequests.java:sendNotLeaderResponses(202)) - e6d32cf5-7dee-4418-80db-de61244e08bf-PendingRequests: sendNotLeaderResponses
2019-08-20 14:23:58,047 INFO  impl.StateMachineUpdater (StateMachineUpdater.java:stopAndJoin(115)) - StateMachineUpdater:e6d32cf5-7dee-4418-80db-de61244e08bf:group-1FA8CC81A637: set stopIndex = 2
2019-08-20 14:23:58,047 INFO  impl.RaftServerImpl (ServerState.java:close(394)) - e6d32cf5-7dee-4418-80db-de61244e08bf:group-1FA8CC81A637 closes. The last applied log index is 2
2019-08-20 14:23:58,047 INFO  segmented.SegmentedRaftLogWorker (SegmentedRaftLogWorker.java:run(313)) - e6d32cf5-7dee-4418-80db-de61244e08bf-SegmentedRaftLogWorker:Storage Directory /workdir/hadoop-ozone/integration-test/target/test-dir/MiniOzoneClusterImpl-a060adfa-6b88-4268-8e4a-1c8ea233438e/datanode-2/data/ratis/0a9d1e9c-f3ca-4fbd-8b8b-1fa8cc81a637 was interrupted, exiting. There are 0 tasks remaining in the queue.
2019-08-20 14:23:58,048 INFO  segmented.SegmentedRaftLogWorker (SegmentedRaftLogWorker.java:close(228)) - e6d32cf5-7dee-4418-80db-de61244e08bf-SegmentedRaftLogWorker:Storage Directory /workdir/hadoop-ozone/integration-test/target/test-dir/MiniOzoneClusterImpl-a060adfa-6b88-4268-8e4a-1c8ea233438e/datanode-2/data/ratis/0a9d1e9c-f3ca-4fbd-8b8b-1fa8cc81a637 close()
2019-08-20 14:23:58,049 INFO  impl.RaftServerImpl (RaftServerImpl.java:lambda$shutdown$3(245)) - e6d32cf5-7dee-4418-80db-de61244e08bf: shutdown group-32F3C0297C2E
2019-08-20 14:23:58,049 INFO  util.JmxRegister (JmxRegister.java:unregister(73)) - Successfully un-registered JMX Bean with object name Ratis:service=RaftServer,group=group-32F3C0297C2E,id=e6d32cf5-7dee-4418-80db-de61244e08bf
2019-08-20 14:23:58,049 INFO  impl.RoleInfo (RoleInfo.java:shutdownFollowerState(121)) - e6d32cf5-7dee-4418-80db-de61244e08bf: shutdown FollowerState
2019-08-20 14:23:58,050 INFO  impl.StateMachineUpdater (StateMachineUpdater.java:stopAndJoin(115)) - StateMachineUpdater:e6d32cf5-7dee-4418-80db-de61244e08bf:group-32F3C0297C2E: set stopIndex = -1
2019-08-20 14:23:58,050 INFO  impl.FollowerState (FollowerState.java:run(114)) - e6d32cf5-7dee-4418-80db-de61244e08bf: FollowerState was interrupted: java.lang.InterruptedException: sleep interrupted
2019-08-20 14:23:58,050 INFO  impl.RaftServerImpl (ServerState.java:close(394)) - e6d32cf5-7dee-4418-80db-de61244e08bf:group-32F3C0297C2E closes. The last applied log index is -1
2019-08-20 14:23:58,051 INFO  segmented.SegmentedRaftLogWorker (SegmentedRaftLogWorker.java:run(313)) - e6d32cf5-7dee-4418-80db-de61244e08bf-SegmentedRaftLogWorker:Storage Directory /workdir/hadoop-ozone/integration-test/target/test-dir/MiniOzoneClusterImpl-a060adfa-6b88-4268-8e4a-1c8ea233438e/datanode-2/data/ratis/e5e899cf-ccb8-47fa-ba37-32f3c0297c2e was interrupted, exiting. There are 0 tasks remaining in the queue.
2019-08-20 14:23:58,051 INFO  segmented.SegmentedRaftLogWorker (SegmentedRaftLogWorker.java:close(228)) - e6d32cf5-7dee-4418-80db-de61244e08bf-SegmentedRaftLogWorker:Storage Directory /workdir/hadoop-ozone/integration-test/target/test-dir/MiniOzoneClusterImpl-a060adfa-6b88-4268-8e4a-1c8ea233438e/datanode-2/data/ratis/e5e899cf-ccb8-47fa-ba37-32f3c0297c2e close()
2019-08-20 14:23:58,052 INFO  impl.RaftServerImpl (RaftServerImpl.java:lambda$shutdown$3(245)) - e6d32cf5-7dee-4418-80db-de61244e08bf: shutdown group-C942CC283F1E
2019-08-20 14:23:58,052 INFO  util.JmxRegister (JmxRegister.java:unregister(73)) - Successfully un-registered JMX Bean with object name Ratis:service=RaftServer,group=group-C942CC283F1E,id=e6d32cf5-7dee-4418-80db-de61244e08bf
2019-08-20 14:23:58,052 INFO  impl.RoleInfo (RoleInfo.java:shutdownLeaderState(104)) - e6d32cf5-7dee-4418-80db-de61244e08bf: shutdown LeaderState
2019-08-20 14:23:58,053 INFO  impl.PendingRequests (PendingRequests.java:sendNotLeaderResponses(202)) - e6d32cf5-7dee-4418-80db-de61244e08bf-PendingRequests: sendNotLeaderResponses
2019-08-20 14:23:58,053 INFO  impl.StateMachineUpdater (StateMachineUpdater.java:stopAndJoin(115)) - StateMachineUpdater:e6d32cf5-7dee-4418-80db-de61244e08bf:group-C942CC283F1E: set stopIndex = 0
2019-08-20 14:23:58,053 INFO  impl.RaftServerImpl (ServerState.java:close(394)) - e6d32cf5-7dee-4418-80db-de61244e08bf:group-C942CC283F1E closes. The last applied log index is 0
2019-08-20 14:23:58,053 INFO  segmented.SegmentedRaftLogWorker (SegmentedRaftLogWorker.java:run(313)) - e6d32cf5-7dee-4418-80db-de61244e08bf-SegmentedRaftLogWorker:Storage Directory /workdir/hadoop-ozone/integration-test/target/test-dir/MiniOzoneClusterImpl-a060adfa-6b88-4268-8e4a-1c8ea233438e/datanode-2/data/ratis/ef94fa62-37c5-4a29-8479-c942cc283f1e was interrupted, exiting. There are 0 tasks remaining in the queue.
2019-08-20 14:23:58,056 INFO  segmented.SegmentedRaftLogWorker (SegmentedRaftLogWorker.java:close(228)) - e6d32cf5-7dee-4418-80db-de61244e08bf-SegmentedRaftLogWorker:Storage Directory /workdir/hadoop-ozone/integration-test/target/test-dir/MiniOzoneClusterImpl-a060adfa-6b88-4268-8e4a-1c8ea233438e/datanode-2/data/ratis/ef94fa62-37c5-4a29-8479-c942cc283f1e close()
2019-08-20 14:23:58,056 INFO  server.GrpcService (GrpcService.java:closeImpl(155)) - e6d32cf5-7dee-4418-80db-de61244e08bf: shutdown server with port 35532 now
2019-08-20 14:23:58,058 INFO  server.GrpcService (GrpcService.java:closeImpl(163)) - e6d32cf5-7dee-4418-80db-de61244e08bf: shutdown server with port 35532 successfully
2019-08-20 14:23:58,059 INFO  utils.BackgroundService (BackgroundService.java:shutdown(148)) - Shutting down service BlockDeletingService
2019-08-20 14:23:58,061 WARN  fs.CachingGetSpaceUsed (CachingGetSpaceUsed.java:run(183)) - Thread Interrupted waiting to refresh disk information: sleep interrupted
2019-08-20 14:23:58,077 INFO  statemachine.DatanodeStateMachine (DatanodeStateMachine.java:stopDaemon(395)) - Ozone container server stopped.
2019-08-20 14:23:58,079 INFO  handler.ContextHandler (ContextHandler.java:doStop(910)) - Stopped o.e.j.w.WebAppContext@334854e5{/,null,UNAVAILABLE}{/hddsDatanode}
2019-08-20 14:23:58,080 INFO  server.AbstractConnector (AbstractConnector.java:doStop(318)) - Stopped ServerConnector@48dca457{HTTP/1.1,[http/1.1]}{0.0.0.0:37864}
2019-08-20 14:23:58,080 INFO  handler.ContextHandler (ContextHandler.java:doStop(910)) - Stopped o.e.j.s.ServletContextHandler@758fcc81{/static,jar:file:/home/user/.m2/repository/org/apache/hadoop/hadoop-hdds-container-service/0.5.0-SNAPSHOT/hadoop-hdds-container-service-0.5.0-SNAPSHOT.jar!/webapps/static,UNAVAILABLE}
2019-08-20 14:23:58,081 INFO  handler.ContextHandler (ContextHandler.java:doStop(910)) - Stopped o.e.j.s.ServletContextHandler@659bb900{/logs,file:///workdir/hadoop-ozone/integration-test/target/log,UNAVAILABLE}
2019-08-20 14:23:58,082 INFO  ozone.MiniOzoneClusterImpl (MiniOzoneClusterImpl.java:stop(353)) - Stopping the StorageContainerManager
2019-08-20 14:23:58,082 INFO  server.StorageContainerManager (StorageContainerManager.java:stop(797)) - Stopping Replication Manager Service.
2019-08-20 14:23:58,082 INFO  container.ReplicationManager (ReplicationManager.java:stop(187)) - Stopping Replication Monitor Thread.
2019-08-20 14:23:58,082 INFO  server.StorageContainerManager (StorageContainerManager.java:stop(804)) - Stopping Lease Manager of the command watchers
2019-08-20 14:23:58,082 INFO  server.StorageContainerManager (StorageContainerManager.java:stop(811)) - Stopping datanode service RPC server
2019-08-20 14:23:58,083 INFO  server.SCMDatanodeProtocolServer (SCMDatanodeProtocolServer.java:stop(367)) - Stopping the RPC server for DataNodes
2019-08-20 14:23:58,083 INFO  ipc.Server (Server.java:stop(3082)) - Stopping server on 40104
2019-08-20 14:23:58,086 INFO  ipc.Server (Server.java:run(1185)) - Stopping IPC Server listener on 40104
2019-08-20 14:23:58,086 INFO  ipc.Server (Server.java:run(1319)) - Stopping IPC Server Responder
2019-08-20 14:23:58,232 WARN  node.NodeStateManager (NodeStateManager.java:scheduleNextHealthCheck(646)) - Current Thread is interrupted, shutting down HB processing thread for Node Manager.
2019-08-20 14:23:58,232 INFO  node.StaleNodeHandler (StaleNodeHandler.java:onMessage(58)) - Datanode e6d32cf5-7dee-4418-80db-de61244e08bf{ip: 192.168.36.107, host: pr-hdds-1942-s8lb6-241747594, networkLocation: /default-rack, certSerialId: null} moved to stale state. Finalizing its pipelines [PipelineID=0a9d1e9c-f3ca-4fbd-8b8b-1fa8cc81a637, PipelineID=e5e899cf-ccb8-47fa-ba37-32f3c0297c2e, PipelineID=ef94fa62-37c5-4a29-8479-c942cc283f1e]
2019-08-20 14:23:58,233 INFO  server.StorageContainerManager (StorageContainerManager.java:stop(819)) - Stopping block service RPC server
2019-08-20 14:23:58,233 INFO  pipeline.SCMPipelineManager (SCMPipelineManager.java:finalizeAndDestroyPipeline(309)) - destroying pipeline:Pipeline[ Id: 0a9d1e9c-f3ca-4fbd-8b8b-1fa8cc81a637, Nodes: e6d32cf5-7dee-4418-80db-de61244e08bf{ip: 192.168.36.107, host: pr-hdds-1942-s8lb6-241747594, networkLocation: /default-rack, certSerialId: null}, Type:RATIS, Factor:ONE, State:CLOSED]
2019-08-20 14:23:58,233 INFO  server.SCMBlockProtocolServer (SCMBlockProtocolServer.java:stop(148)) - Stopping the RPC server for Block Protocol
2019-08-20 14:23:58,233 INFO  pipeline.SCMPipelineManager (SCMPipelineManager.java:finalizeAndDestroyPipeline(309)) - destroying pipeline:Pipeline[ Id: e5e899cf-ccb8-47fa-ba37-32f3c0297c2e, Nodes: 8e43464b-2d64-4fcc-a377-9b9359861b35{ip: 192.168.36.107, host: pr-hdds-1942-s8lb6-241747594, networkLocation: /default-rack, certSerialId: null}badca90e-8687-4d61-a872-ab9f81a9ff79{ip: 192.168.36.107, host: pr-hdds-1942-s8lb6-241747594, networkLocation: /default-rack, certSerialId: null}e6d32cf5-7dee-4418-80db-de61244e08bf{ip: 192.168.36.107, host: pr-hdds-1942-s8lb6-241747594, networkLocation: /default-rack, certSerialId: null}, Type:RATIS, Factor:THREE, State:CLOSED]
2019-08-20 14:23:58,234 INFO  ipc.Server (Server.java:stop(3082)) - Stopping server on 33140
2019-08-20 14:23:58,234 INFO  pipeline.SCMPipelineManager (SCMPipelineManager.java:finalizeAndDestroyPipeline(309)) - destroying pipeline:Pipeline[ Id: ef94fa62-37c5-4a29-8479-c942cc283f1e, Nodes: e6d32cf5-7dee-4418-80db-de61244e08bf{ip: 192.168.36.107, host: pr-hdds-1942-s8lb6-241747594, networkLocation: /default-rack, certSerialId: null}, Type:RATIS, Factor:ONE, State:OPEN]
2019-08-20 14:23:58,235 INFO  pipeline.PipelineStateManager (PipelineStateManager.java:finalizePipeline(123)) - Pipeline Pipeline[ Id: ef94fa62-37c5-4a29-8479-c942cc283f1e, Nodes: e6d32cf5-7dee-4418-80db-de61244e08bf{ip: 192.168.36.107, host: pr-hdds-1942-s8lb6-241747594, networkLocation: /default-rack, certSerialId: null}, Type:RATIS, Factor:ONE, State:CLOSED] moved to CLOSED state
2019-08-20 14:23:58,235 INFO  ipc.Server (Server.java:run(1185)) - Stopping IPC Server listener on 33140
2019-08-20 14:23:58,235 INFO  ipc.Server (Server.java:run(1319)) - Stopping IPC Server Responder
2019-08-20 14:23:58,235 INFO  server.StorageContainerManager (StorageContainerManager.java:stop(826)) - Stopping the StorageContainerLocationProtocol RPC server
2019-08-20 14:23:58,236 INFO  server.SCMClientProtocolServer (SCMClientProtocolServer.java:stop(159)) - Stopping the RPC server for Client Protocol
2019-08-20 14:23:58,236 INFO  ipc.Server (Server.java:stop(3082)) - Stopping server on 46877
2019-08-20 14:23:58,238 INFO  ipc.Server (Server.java:run(1185)) - Stopping IPC Server listener on 46877
2019-08-20 14:23:58,238 INFO  server.StorageContainerManager (StorageContainerManager.java:stop(833)) - Stopping Storage Container Manager HTTP server.
2019-08-20 14:23:58,238 INFO  ipc.Server (Server.java:run(1319)) - Stopping IPC Server Responder
2019-08-20 14:23:58,240 INFO  handler.ContextHandler (ContextHandler.java:doStop(910)) - Stopped o.e.j.w.WebAppContext@483ba79c{/,null,UNAVAILABLE}{/scm}
2019-08-20 14:23:58,240 INFO  server.AbstractConnector (AbstractConnector.java:doStop(318)) - Stopped ServerConnector@407b8ab0{HTTP/1.1,[http/1.1]}{0.0.0.0:0}
2019-08-20 14:23:58,241 INFO  handler.ContextHandler (ContextHandler.java:doStop(910)) - Stopped o.e.j.s.ServletContextHandler@2434f5fc{/static,file:///workdir/hadoop-ozone/integration-test/target/test-classes/webapps/static,UNAVAILABLE}
2019-08-20 14:23:58,242 INFO  handler.ContextHandler (ContextHandler.java:doStop(910)) - Stopped o.e.j.s.ServletContextHandler@6864badb{/logs,file:///workdir/hadoop-ozone/integration-test/target/log,UNAVAILABLE}
2019-08-20 14:23:58,242 INFO  server.StorageContainerManager (StorageContainerManager.java:stop(844)) - Stopping Block Manager Service.
2019-08-20 14:23:58,243 INFO  utils.BackgroundService (BackgroundService.java:shutdown(148)) - Shutting down service SCMBlockDeletingService
2019-08-20 14:23:58,243 INFO  utils.BackgroundService (BackgroundService.java:shutdown(148)) - Shutting down service SCMBlockDeletingService
2019-08-20 14:23:58,244 INFO  server.StorageContainerManager (StorageContainerManager.java:stop(866)) - Stopping SCM Event Queue.
2019-08-20 14:23:58,248 INFO  impl.MetricsSystemImpl (MetricsSystemImpl.java:stop(210)) - Stopping HddsDatanode metrics system...
2019-08-20 14:23:58,253 INFO  impl.MetricsSystemImpl (MetricsSystemImpl.java:stop(216)) - HddsDatanode metrics system stopped.
]]></system-out>
    <system-err><![CDATA[Aug 20, 2019 2:23:19 PM com.sun.jersey.server.impl.application.WebApplicationImpl _initiate
INFO: Initiating Jersey application, version 'Jersey: 1.19 02/11/2015 03:25 AM'
Aug 20, 2019 2:23:19 PM com.sun.jersey.server.impl.application.WebApplicationImpl _initiate
INFO: Initiating Jersey application, version 'Jersey: 1.19 02/11/2015 03:25 AM'
Aug 20, 2019 2:23:19 PM com.sun.jersey.server.impl.application.WebApplicationImpl _initiate
INFO: Initiating Jersey application, version 'Jersey: 1.19 02/11/2015 03:25 AM'
Aug 20, 2019 2:23:40 PM com.sun.jersey.server.impl.application.WebApplicationImpl _initiate
INFO: Initiating Jersey application, version 'Jersey: 1.19 02/11/2015 03:25 AM'
Aug 20, 2019 2:23:41 PM com.sun.jersey.server.impl.application.WebApplicationImpl _initiate
INFO: Initiating Jersey application, version 'Jersey: 1.19 02/11/2015 03:25 AM'
Aug 20, 2019 2:23:41 PM com.sun.jersey.server.impl.application.WebApplicationImpl _initiate
INFO: Initiating Jersey application, version 'Jersey: 1.19 02/11/2015 03:25 AM'
]]></system-err>
  </testcase>
</testsuite>