<?xml version="1.0" encoding="UTF-8"?>
<testsuite xmlns:xsi="http://www.w3.org/2001/XMLSchema-instance" xsi:noNamespaceSchemaLocation="https://maven.apache.org/surefire/maven-surefire-plugin/xsd/surefire-test-report.xsd" name="org.apache.hadoop.ozone.client.rpc.TestWatchForCommit" time="206.279" tests="5" errors="2" skipped="0" failures="0">
  <properties>
    <property name="awt.toolkit" value="sun.awt.X11.XToolkit"/>
    <property name="file.encoding.pkg" value="sun.io"/>
    <property name="java.specification.version" value="1.8"/>
    <property name="sun.cpu.isalist" value=""/>
    <property name="sun.jnu.encoding" value="UTF-8"/>
    <property name="java.class.path" value="/workdir/hadoop-ozone/integration-test/target/test-classes:/workdir/hadoop-ozone/integration-test/target/classes:/home/user/.m2/repository/org/apache/hadoop/hadoop-ozone-common/0.5.0-SNAPSHOT/hadoop-ozone-common-0.5.0-SNAPSHOT.jar:/home/user/.m2/repository/org/apache/commons/commons-compress/1.4.1/commons-compress-1.4.1.jar:/home/user/.m2/repository/org/tukaani/xz/1.0/xz-1.0.jar:/home/user/.m2/repository/org/apache/hadoop/hadoop-common/3.2.0/hadoop-common-3.2.0.jar:/home/user/.m2/repository/org/apache/hadoop/hadoop-hdfs/3.2.0/hadoop-hdfs-3.2.0.jar:/home/user/.m2/repository/org/apache/hadoop/hadoop-hdfs-client/3.2.0/hadoop-hdfs-client-3.2.0.jar:/home/user/.m2/repository/com/fasterxml/jackson/core/jackson-annotations/2.9.5/jackson-annotations-2.9.5.jar:/home/user/.m2/repository/org/apache/hadoop/hadoop-hdds-common/0.5.0-SNAPSHOT/hadoop-hdds-common-0.5.0-SNAPSHOT.jar:/home/user/.m2/repository/javax/annotation/javax.annotation-api/1.2/javax.annotation-api-1.2.jar:/home/user/.m2/repository/org/apache/ratis/ratis-server/0.4.0-2337318-SNAPSHOT/ratis-server-0.4.0-2337318-SNAPSHOT.jar:/home/user/.m2/repository/org/apache/ratis/ratis-thirdparty-misc/0.2.0/ratis-thirdparty-misc-0.2.0.jar:/home/user/.m2/repository/org/apache/ratis/ratis-proto/0.4.0-2337318-SNAPSHOT/ratis-proto-0.4.0-2337318-SNAPSHOT.jar:/home/user/.m2/repository/org/apache/ratis/ratis-common/0.4.0-2337318-SNAPSHOT/ratis-common-0.4.0-2337318-SNAPSHOT.jar:/home/user/.m2/repository/org/apache/ratis/ratis-client/0.4.0-2337318-SNAPSHOT/ratis-client-0.4.0-2337318-SNAPSHOT.jar:/home/user/.m2/repository/org/apache/ratis/ratis-metrics/0.4.0-2337318-SNAPSHOT/ratis-metrics-0.4.0-2337318-SNAPSHOT.jar:/home/user/.m2/repository/org/apache/ratis/ratis-netty/0.4.0-2337318-SNAPSHOT/ratis-netty-0.4.0-2337318-SNAPSHOT.jar:/home/user/.m2/repository/org/apache/ratis/ratis-grpc/0.4.0-2337318-SNAPSHOT/ratis-grpc-0.4.0-2337318-SNAPSHOT.jar:/home/user/.m2/repository/org/rocksdb/rocksdbjni/6.0.1/rocksdbjni-6.0.1.jar:/home/user/.m2/repository/org/apache/logging/log4j/log4j-api/2.11.0/log4j-api-2.11.0.jar:/home/user/.m2/repository/org/apache/logging/log4j/log4j-core/2.11.0/log4j-core-2.11.0.jar:/home/user/.m2/repository/com/lmax/disruptor/3.4.2/disruptor-3.4.2.jar:/home/user/.m2/repository/org/apache/commons/commons-pool2/2.6.0/commons-pool2-2.6.0.jar:/home/user/.m2/repository/org/bouncycastle/bcpkix-jdk15on/1.60/bcpkix-jdk15on-1.60.jar:/home/user/.m2/repository/commons-validator/commons-validator/1.6/commons-validator-1.6.jar:/home/user/.m2/repository/commons-digester/commons-digester/1.8.1/commons-digester-1.8.1.jar:/home/user/.m2/repository/io/jaegertracing/jaeger-client/0.33.1/jaeger-client-0.33.1.jar:/home/user/.m2/repository/io/jaegertracing/jaeger-thrift/0.33.1/jaeger-thrift-0.33.1.jar:/home/user/.m2/repository/org/apache/thrift/libthrift/0.11.0/libthrift-0.11.0.jar:/home/user/.m2/repository/com/squareup/okhttp3/okhttp/3.9.0/okhttp-3.9.0.jar:/home/user/.m2/repository/com/squareup/okio/okio/1.13.0/okio-1.13.0.jar:/home/user/.m2/repository/io/jaegertracing/jaeger-core/0.33.1/jaeger-core-0.33.1.jar:/home/user/.m2/repository/io/jaegertracing/jaeger-tracerresolver/0.33.1/jaeger-tracerresolver-0.33.1.jar:/home/user/.m2/repository/io/opentracing/contrib/opentracing-tracerresolver/0.1.5/opentracing-tracerresolver-0.1.5.jar:/home/user/.m2/repository/io/opentracing/opentracing-util/0.31.0/opentracing-util-0.31.0.jar:/home/user/.m2/repository/io/opentracing/opentracing-api/0.31.0/opentracing-api-0.31.0.jar:/home/user/.m2/repository/io/opentracing/opentracing-noop/0.31.0/opentracing-noop-0.31.0.jar:/home/user/.m2/repository/org/apache/hadoop/hadoop-hdds-server-framework/0.5.0-SNAPSHOT/hadoop-hdds-server-framework-0.5.0-SNAPSHOT.jar:/home/user/.m2/repository/org/apache/hadoop/hadoop-hdds-container-service/0.5.0-SNAPSHOT/hadoop-hdds-container-service-0.5.0-SNAPSHOT.jar:/home/user/.m2/repository/org/apache/hadoop/hadoop-hdds-client/0.5.0-SNAPSHOT/hadoop-hdds-client-0.5.0-SNAPSHOT.jar:/home/user/.m2/repository/org/apache/hadoop/hadoop-hdds-tools/0.5.0-SNAPSHOT/hadoop-hdds-tools-0.5.0-SNAPSHOT.jar:/home/user/.m2/repository/org/apache/hadoop/hadoop-hdds-server-scm/0.5.0-SNAPSHOT/hadoop-hdds-server-scm-0.5.0-SNAPSHOT.jar:/home/user/.m2/repository/org/apache/hadoop/hadoop-hdds-docs/0.5.0-SNAPSHOT/hadoop-hdds-docs-0.5.0-SNAPSHOT.jar:/home/user/.m2/repository/io/dropwizard/metrics/metrics-core/3.2.4/metrics-core-3.2.4.jar:/home/user/.m2/repository/org/hamcrest/hamcrest-all/1.3/hamcrest-all-1.3.jar:/home/user/.m2/repository/org/bouncycastle/bcprov-jdk15on/1.60/bcprov-jdk15on-1.60.jar:/home/user/.m2/repository/info/picocli/picocli/3.9.6/picocli-3.9.6.jar:/home/user/.m2/repository/com/google/protobuf/protobuf-java/2.5.0/protobuf-java-2.5.0.jar:/home/user/.m2/repository/com/google/guava/guava/11.0.2/guava-11.0.2.jar:/home/user/.m2/repository/org/apache/hadoop/hadoop-ozone-ozone-manager/0.5.0-SNAPSHOT/hadoop-ozone-ozone-manager-0.5.0-SNAPSHOT.jar:/home/user/.m2/repository/org/apache/hadoop/hadoop-minikdc/3.2.0/hadoop-minikdc-3.2.0.jar:/home/user/.m2/repository/commons-io/commons-io/2.5/commons-io-2.5.jar:/home/user/.m2/repository/org/apache/kerby/kerb-simplekdc/1.0.1/kerb-simplekdc-1.0.1.jar:/home/user/.m2/repository/org/apache/kerby/kerb-client/1.0.1/kerb-client-1.0.1.jar:/home/user/.m2/repository/org/apache/kerby/kerby-config/1.0.1/kerby-config-1.0.1.jar:/home/user/.m2/repository/org/apache/kerby/kerb-core/1.0.1/kerb-core-1.0.1.jar:/home/user/.m2/repository/org/apache/kerby/kerby-pkix/1.0.1/kerby-pkix-1.0.1.jar:/home/user/.m2/repository/org/apache/kerby/kerby-asn1/1.0.1/kerby-asn1-1.0.1.jar:/home/user/.m2/repository/org/apache/kerby/kerby-util/1.0.1/kerby-util-1.0.1.jar:/home/user/.m2/repository/org/apache/kerby/kerb-common/1.0.1/kerb-common-1.0.1.jar:/home/user/.m2/repository/org/apache/kerby/kerb-crypto/1.0.1/kerb-crypto-1.0.1.jar:/home/user/.m2/repository/org/apache/kerby/kerb-util/1.0.1/kerb-util-1.0.1.jar:/home/user/.m2/repository/org/apache/kerby/token-provider/1.0.1/token-provider-1.0.1.jar:/home/user/.m2/repository/org/apache/kerby/kerb-admin/1.0.1/kerb-admin-1.0.1.jar:/home/user/.m2/repository/org/apache/kerby/kerb-server/1.0.1/kerb-server-1.0.1.jar:/home/user/.m2/repository/org/apache/kerby/kerb-identity/1.0.1/kerb-identity-1.0.1.jar:/home/user/.m2/repository/org/apache/kerby/kerby-xdr/1.0.1/kerby-xdr-1.0.1.jar:/home/user/.m2/repository/org/slf4j/slf4j-log4j12/1.7.25/slf4j-log4j12-1.7.25.jar:/home/user/.m2/repository/org/apache/hadoop/hadoop-ozone-objectstore-service/0.5.0-SNAPSHOT/hadoop-ozone-objectstore-service-0.5.0-SNAPSHOT.jar:/home/user/.m2/repository/org/apache/hadoop/hadoop-ozone-s3gateway/0.5.0-SNAPSHOT/hadoop-ozone-s3gateway-0.5.0-SNAPSHOT.jar:/home/user/.m2/repository/org/jboss/weld/servlet/weld-servlet/2.4.7.Final/weld-servlet-2.4.7.Final.jar:/home/user/.m2/repository/org/glassfish/jersey/containers/jersey-container-servlet-core/2.27/jersey-container-servlet-core-2.27.jar:/home/user/.m2/repository/org/glassfish/hk2/external/javax.inject/2.5.0-b42/javax.inject-2.5.0-b42.jar:/home/user/.m2/repository/org/glassfish/jersey/core/jersey-common/2.27/jersey-common-2.27.jar:/home/user/.m2/repository/org/glassfish/hk2/osgi-resource-locator/1.0.1/osgi-resource-locator-1.0.1.jar:/home/user/.m2/repository/javax/ws/rs/javax.ws.rs-api/2.1/javax.ws.rs-api-2.1.jar:/home/user/.m2/repository/org/glassfish/jersey/ext/cdi/jersey-cdi1x/2.27/jersey-cdi1x-2.27.jar:/home/user/.m2/repository/org/glassfish/jersey/inject/jersey-hk2/2.27/jersey-hk2-2.27.jar:/home/user/.m2/repository/org/glassfish/hk2/hk2-locator/2.5.0-b42/hk2-locator-2.5.0-b42.jar:/home/user/.m2/repository/org/javassist/javassist/3.22.0-CR2/javassist-3.22.0-CR2.jar:/home/user/.m2/repository/org/glassfish/hk2/hk2-api/2.5.0/hk2-api-2.5.0.jar:/home/user/.m2/repository/org/glassfish/hk2/external/jakarta.inject/2.5.0/jakarta.inject-2.5.0.jar:/home/user/.m2/repository/org/glassfish/hk2/hk2-utils/2.5.0/hk2-utils-2.5.0.jar:/home/user/.m2/repository/jakarta/annotation/jakarta.annotation-api/1.3.4/jakarta.annotation-api-1.3.4.jar:/home/user/.m2/repository/org/glassfish/hk2/external/aopalliance-repackaged/2.5.0/aopalliance-repackaged-2.5.0.jar:/home/user/.m2/repository/com/fasterxml/jackson/dataformat/jackson-dataformat-xml/2.9.0/jackson-dataformat-xml-2.9.0.jar:/home/user/.m2/repository/com/fasterxml/jackson/core/jackson-core/2.9.5/jackson-core-2.9.5.jar:/home/user/.m2/repository/com/fasterxml/jackson/module/jackson-module-jaxb-annotations/2.9.5/jackson-module-jaxb-annotations-2.9.5.jar:/home/user/.m2/repository/javax/enterprise/cdi-api/1.2/cdi-api-1.2.jar:/home/user/.m2/repository/javax/el/javax.el-api/3.0.0/javax.el-api-3.0.0.jar:/home/user/.m2/repository/javax/interceptor/javax.interceptor-api/1.2/javax.interceptor-api-1.2.jar:/home/user/.m2/repository/javax/inject/javax.inject/1/javax.inject-1.jar:/home/user/.m2/repository/com/sun/xml/bind/jaxb-impl/2.3.0.1/jaxb-impl-2.3.0.1.jar:/home/user/.m2/repository/com/sun/xml/bind/jaxb-core/2.3.0.1/jaxb-core-2.3.0.1.jar:/home/user/.m2/repository/javax/xml/bind/jaxb-api/2.3.0/jaxb-api-2.3.0.jar:/home/user/.m2/repository/javax/activation/activation/1.1.1/activation-1.1.1.jar:/home/user/.m2/repository/org/apache/hadoop/hadoop-ozone-csi/0.5.0-SNAPSHOT/hadoop-ozone-csi-0.5.0-SNAPSHOT.jar:/home/user/.m2/repository/com/google/protobuf/protobuf-java-util/3.5.1/protobuf-java-util-3.5.1.jar:/home/user/.m2/repository/org/apache/hadoop/hadoop-hdds-config/0.5.0-SNAPSHOT/hadoop-hdds-config-0.5.0-SNAPSHOT.jar:/home/user/.m2/repository/io/grpc/grpc-netty/1.17.1/grpc-netty-1.17.1.jar:/home/user/.m2/repository/io/grpc/grpc-core/1.17.1/grpc-core-1.17.1.jar:/home/user/.m2/repository/io/grpc/grpc-context/1.17.1/grpc-context-1.17.1.jar:/home/user/.m2/repository/com/google/errorprone/error_prone_annotations/2.2.0/error_prone_annotations-2.2.0.jar:/home/user/.m2/repository/org/codehaus/mojo/animal-sniffer-annotations/1.17/animal-sniffer-annotations-1.17.jar:/home/user/.m2/repository/io/opencensus/opencensus-api/0.17.0/opencensus-api-0.17.0.jar:/home/user/.m2/repository/io/opencensus/opencensus-contrib-grpc-metrics/0.17.0/opencensus-contrib-grpc-metrics-0.17.0.jar:/home/user/.m2/repository/io/netty/netty-codec-http2/4.1.30.Final/netty-codec-http2-4.1.30.Final.jar:/home/user/.m2/repository/io/netty/netty-codec-http/4.1.30.Final/netty-codec-http-4.1.30.Final.jar:/home/user/.m2/repository/io/netty/netty-codec/4.1.30.Final/netty-codec-4.1.30.Final.jar:/home/user/.m2/repository/io/netty/netty-handler/4.1.30.Final/netty-handler-4.1.30.Final.jar:/home/user/.m2/repository/io/netty/netty-handler-proxy/4.1.30.Final/netty-handler-proxy-4.1.30.Final.jar:/home/user/.m2/repository/io/netty/netty-codec-socks/4.1.30.Final/netty-codec-socks-4.1.30.Final.jar:/home/user/.m2/repository/io/netty/netty-transport-native-epoll/4.1.30.Final/netty-transport-native-epoll-4.1.30.Final.jar:/home/user/.m2/repository/io/netty/netty-common/4.1.30.Final/netty-common-4.1.30.Final.jar:/home/user/.m2/repository/io/netty/netty-buffer/4.1.30.Final/netty-buffer-4.1.30.Final.jar:/home/user/.m2/repository/io/netty/netty-transport/4.1.30.Final/netty-transport-4.1.30.Final.jar:/home/user/.m2/repository/io/netty/netty-resolver/4.1.30.Final/netty-resolver-4.1.30.Final.jar:/home/user/.m2/repository/io/netty/netty-transport-native-unix-common/4.1.30.Final/netty-transport-native-unix-common-4.1.30.Final.jar:/home/user/.m2/repository/io/grpc/grpc-protobuf/1.17.1/grpc-protobuf-1.17.1.jar:/home/user/.m2/repository/com/google/api/grpc/proto-google-common-protos/1.0.0/proto-google-common-protos-1.0.0.jar:/home/user/.m2/repository/io/grpc/grpc-protobuf-lite/1.17.1/grpc-protobuf-lite-1.17.1.jar:/home/user/.m2/repository/io/grpc/grpc-stub/1.17.1/grpc-stub-1.17.1.jar:/home/user/.m2/repository/org/apache/hadoop/hadoop-ozone-recon/0.5.0-SNAPSHOT/hadoop-ozone-recon-0.5.0-SNAPSHOT.jar:/home/user/.m2/repository/org/apache/hadoop/hadoop-ozone-reconcodegen/0.5.0-SNAPSHOT/hadoop-ozone-reconcodegen-0.5.0-SNAPSHOT.jar:/home/user/.m2/repository/com/google/inject/extensions/guice-multibindings/4.0/guice-multibindings-4.0.jar:/home/user/.m2/repository/com/google/inject/guice/4.0/guice-4.0.jar:/home/user/.m2/repository/aopalliance/aopalliance/1.0/aopalliance-1.0.jar:/home/user/.m2/repository/com/google/inject/extensions/guice-servlet/4.0/guice-servlet-4.0.jar:/home/user/.m2/repository/org/glassfish/jersey/containers/jersey-container-servlet/2.27/jersey-container-servlet-2.27.jar:/home/user/.m2/repository/org/glassfish/hk2/guice-bridge/2.5.0/guice-bridge-2.5.0.jar:/home/user/.m2/repository/org/glassfish/jersey/core/jersey-server/2.27/jersey-server-2.27.jar:/home/user/.m2/repository/org/glassfish/jersey/core/jersey-client/2.27/jersey-client-2.27.jar:/home/user/.m2/repository/org/glassfish/jersey/media/jersey-media-jaxb/2.27/jersey-media-jaxb-2.27.jar:/home/user/.m2/repository/javax/validation/validation-api/1.1.0.Final/validation-api-1.1.0.Final.jar:/home/user/.m2/repository/org/glassfish/jersey/media/jersey-media-json-jackson/2.27/jersey-media-json-jackson-2.27.jar:/home/user/.m2/repository/org/glassfish/jersey/ext/jersey-entity-filtering/2.27/jersey-entity-filtering-2.27.jar:/home/user/.m2/repository/com/google/inject/extensions/guice-assistedinject/4.0/guice-assistedinject-4.0.jar:/home/user/.m2/repository/org/jooq/jooq/3.11.10/jooq-3.11.10.jar:/home/user/.m2/repository/org/jooq/jooq-meta/3.11.10/jooq-meta-3.11.10.jar:/home/user/.m2/repository/org/jooq/jooq-codegen/3.11.10/jooq-codegen-3.11.10.jar:/home/user/.m2/repository/com/jolbox/bonecp/0.8.0.RELEASE/bonecp-0.8.0.RELEASE.jar:/home/user/.m2/repository/org/xerial/sqlite-jdbc/3.25.2/sqlite-jdbc-3.25.2.jar:/home/user/.m2/repository/org/springframework/spring-jdbc/5.1.3.RELEASE/spring-jdbc-5.1.3.RELEASE.jar:/home/user/.m2/repository/org/springframework/spring-beans/5.1.3.RELEASE/spring-beans-5.1.3.RELEASE.jar:/home/user/.m2/repository/org/springframework/spring-core/5.1.3.RELEASE/spring-core-5.1.3.RELEASE.jar:/home/user/.m2/repository/org/springframework/spring-jcl/5.1.3.RELEASE/spring-jcl-5.1.3.RELEASE.jar:/home/user/.m2/repository/org/springframework/spring-tx/5.1.3.RELEASE/spring-tx-5.1.3.RELEASE.jar:/home/user/.m2/repository/org/apache/hadoop/hadoop-ozone-client/0.5.0-SNAPSHOT/hadoop-ozone-client-0.5.0-SNAPSHOT.jar:/home/user/.m2/repository/commons-lang/commons-lang/2.6/commons-lang-2.6.jar:/home/user/.m2/repository/org/apache/hadoop/hadoop-ozone-ozone-manager/0.5.0-SNAPSHOT/hadoop-ozone-ozone-manager-0.5.0-SNAPSHOT-tests.jar:/home/user/.m2/repository/junit/junit/4.11/junit-4.11.jar:/home/user/.m2/repository/org/hamcrest/hamcrest-core/1.3/hamcrest-core-1.3.jar:/home/user/.m2/repository/org/openjdk/jmh/jmh-core/1.19/jmh-core-1.19.jar:/home/user/.m2/repository/net/sf/jopt-simple/jopt-simple/4.6/jopt-simple-4.6.jar:/home/user/.m2/repository/org/apache/commons/commons-math3/3.1.1/commons-math3-3.1.1.jar:/home/user/.m2/repository/org/openjdk/jmh/jmh-generator-annprocess/1.19/jmh-generator-annprocess-1.19.jar:/home/user/.m2/repository/org/mockito/mockito-all/1.8.5/mockito-all-1.8.5.jar:/home/user/.m2/repository/org/apache/hadoop/hadoop-kms/3.2.0/hadoop-kms-3.2.0.jar:/home/user/.m2/repository/org/apache/hadoop/hadoop-auth/3.2.0/hadoop-auth-3.2.0.jar:/home/user/.m2/repository/com/nimbusds/nimbus-jose-jwt/4.41.1/nimbus-jose-jwt-4.41.1.jar:/home/user/.m2/repository/com/github/stephenc/jcip/jcip-annotations/1.0-1/jcip-annotations-1.0-1.jar:/home/user/.m2/repository/net/minidev/json-smart/2.3/json-smart-2.3.jar:/home/user/.m2/repository/net/minidev/accessors-smart/1.2/accessors-smart-1.2.jar:/home/user/.m2/repository/org/ow2/asm/asm/5.0.4/asm-5.0.4.jar:/home/user/.m2/repository/org/apache/curator/curator-framework/2.12.0/curator-framework-2.12.0.jar:/home/user/.m2/repository/com/sun/jersey/jersey-core/1.19/jersey-core-1.19.jar:/home/user/.m2/repository/javax/ws/rs/jsr311-api/1.1.1/jsr311-api-1.1.1.jar:/home/user/.m2/repository/com/sun/jersey/jersey-server/1.19/jersey-server-1.19.jar:/home/user/.m2/repository/javax/servlet/javax.servlet-api/3.1.0/javax.servlet-api-3.1.0.jar:/home/user/.m2/repository/org/eclipse/jetty/jetty-server/9.3.24.v20180605/jetty-server-9.3.24.v20180605.jar:/home/user/.m2/repository/org/eclipse/jetty/jetty-http/9.3.24.v20180605/jetty-http-9.3.24.v20180605.jar:/home/user/.m2/repository/org/eclipse/jetty/jetty-io/9.3.24.v20180605/jetty-io-9.3.24.v20180605.jar:/home/user/.m2/repository/org/eclipse/jetty/jetty-webapp/9.3.24.v20180605/jetty-webapp-9.3.24.v20180605.jar:/home/user/.m2/repository/org/eclipse/jetty/jetty-xml/9.3.24.v20180605/jetty-xml-9.3.24.v20180605.jar:/home/user/.m2/repository/log4j/log4j/1.2.17/log4j-1.2.17.jar:/home/user/.m2/repository/org/slf4j/slf4j-api/1.7.25/slf4j-api-1.7.25.jar:/home/user/.m2/repository/org/slf4j/jul-to-slf4j/1.7.25/jul-to-slf4j-1.7.25.jar:/home/user/.m2/repository/org/eclipse/jetty/jetty-util/9.3.24.v20180605/jetty-util-9.3.24.v20180605.jar:/home/user/.m2/repository/com/fasterxml/jackson/core/jackson-databind/2.9.5/jackson-databind-2.9.5.jar:/home/user/.m2/repository/org/apache/hadoop/hadoop-kms/3.2.0/hadoop-kms-3.2.0-tests.jar:/home/user/.m2/repository/org/apache/hadoop/hadoop-hdds-server-scm/0.5.0-SNAPSHOT/hadoop-hdds-server-scm-0.5.0-SNAPSHOT-tests.jar:/home/user/.m2/repository/org/apache/hadoop/hadoop-hdds-container-service/0.5.0-SNAPSHOT/hadoop-hdds-container-service-0.5.0-SNAPSHOT-tests.jar:/home/user/.m2/repository/org/yaml/snakeyaml/1.16/snakeyaml-1.16.jar:/home/user/.m2/repository/org/apache/hadoop/hadoop-common/3.2.0/hadoop-common-3.2.0-tests.jar:/home/user/.m2/repository/org/apache/hadoop/hadoop-annotations/3.2.0/hadoop-annotations-3.2.0.jar:/usr/lib/jvm/java-1.8-openjdk/jre/../lib/tools.jar:/home/user/.m2/repository/commons-cli/commons-cli/1.2/commons-cli-1.2.jar:/home/user/.m2/repository/org/apache/httpcomponents/httpclient/4.5.2/httpclient-4.5.2.jar:/home/user/.m2/repository/org/apache/httpcomponents/httpcore/4.4.4/httpcore-4.4.4.jar:/home/user/.m2/repository/commons-codec/commons-codec/1.11/commons-codec-1.11.jar:/home/user/.m2/repository/commons-net/commons-net/3.6/commons-net-3.6.jar:/home/user/.m2/repository/commons-collections/commons-collections/3.2.2/commons-collections-3.2.2.jar:/home/user/.m2/repository/org/eclipse/jetty/jetty-servlet/9.3.24.v20180605/jetty-servlet-9.3.24.v20180605.jar:/home/user/.m2/repository/org/eclipse/jetty/jetty-security/9.3.24.v20180605/jetty-security-9.3.24.v20180605.jar:/home/user/.m2/repository/javax/servlet/jsp/jsp-api/2.1/jsp-api-2.1.jar:/home/user/.m2/repository/com/sun/jersey/jersey-servlet/1.19/jersey-servlet-1.19.jar:/home/user/.m2/repository/com/sun/jersey/jersey-json/1.19/jersey-json-1.19.jar:/home/user/.m2/repository/org/codehaus/jettison/jettison/1.1/jettison-1.1.jar:/home/user/.m2/repository/org/codehaus/jackson/jackson-core-asl/1.9.13/jackson-core-asl-1.9.13.jar:/home/user/.m2/repository/org/codehaus/jackson/jackson-mapper-asl/1.9.13/jackson-mapper-asl-1.9.13.jar:/home/user/.m2/repository/org/codehaus/jackson/jackson-jaxrs/1.9.13/jackson-jaxrs-1.9.13.jar:/home/user/.m2/repository/org/codehaus/jackson/jackson-xc/1.9.13/jackson-xc-1.9.13.jar:/home/user/.m2/repository/commons-logging/commons-logging/1.1.3/commons-logging-1.1.3.jar:/home/user/.m2/repository/commons-beanutils/commons-beanutils/1.9.3/commons-beanutils-1.9.3.jar:/home/user/.m2/repository/org/apache/commons/commons-configuration2/2.1.1/commons-configuration2-2.1.1.jar:/home/user/.m2/repository/org/apache/commons/commons-lang3/3.7/commons-lang3-3.7.jar:/home/user/.m2/repository/org/apache/commons/commons-text/1.4/commons-text-1.4.jar:/home/user/.m2/repository/org/apache/avro/avro/1.7.7/avro-1.7.7.jar:/home/user/.m2/repository/com/thoughtworks/paranamer/paranamer/2.3/paranamer-2.3.jar:/home/user/.m2/repository/org/xerial/snappy/snappy-java/1.0.5/snappy-java-1.0.5.jar:/home/user/.m2/repository/com/google/re2j/re2j/1.1/re2j-1.1.jar:/home/user/.m2/repository/com/google/code/gson/gson/2.2.4/gson-2.2.4.jar:/home/user/.m2/repository/com/jcraft/jsch/0.1.54/jsch-0.1.54.jar:/home/user/.m2/repository/org/apache/curator/curator-client/2.12.0/curator-client-2.12.0.jar:/home/user/.m2/repository/org/apache/curator/curator-recipes/2.12.0/curator-recipes-2.12.0.jar:/home/user/.m2/repository/com/google/code/findbugs/jsr305/3.0.0/jsr305-3.0.0.jar:/home/user/.m2/repository/org/apache/htrace/htrace-core4/4.1.0-incubating/htrace-core4-4.1.0-incubating.jar:/home/user/.m2/repository/org/apache/zookeeper/zookeeper/3.4.13/zookeeper-3.4.13.jar:/home/user/.m2/repository/org/apache/yetus/audience-annotations/0.5.0/audience-annotations-0.5.0.jar:/home/user/.m2/repository/org/codehaus/woodstox/stax2-api/3.1.4/stax2-api-3.1.4.jar:/home/user/.m2/repository/com/fasterxml/woodstox/woodstox-core/5.0.3/woodstox-core-5.0.3.jar:/home/user/.m2/repository/dnsjava/dnsjava/2.1.7/dnsjava-2.1.7.jar:/home/user/.m2/repository/org/apache/hadoop/hadoop-hdfs/3.2.0/hadoop-hdfs-3.2.0-tests.jar:/home/user/.m2/repository/org/eclipse/jetty/jetty-util-ajax/9.3.24.v20180605/jetty-util-ajax-9.3.24.v20180605.jar:/home/user/.m2/repository/commons-daemon/commons-daemon/1.0.13/commons-daemon-1.0.13.jar:/home/user/.m2/repository/io/netty/netty/3.10.5.Final/netty-3.10.5.Final.jar:/home/user/.m2/repository/io/netty/netty-all/4.0.52.Final/netty-all-4.0.52.Final.jar:/home/user/.m2/repository/org/fusesource/leveldbjni/leveldbjni-all/1.8/leveldbjni-all-1.8.jar:"/>
    <property name="java.vm.vendor" value="IcedTea"/>
    <property name="sun.arch.data.model" value="64"/>
    <property name="test.build.dir" value="/workdir/hadoop-ozone/integration-test/target/test-dir"/>
    <property name="test.cache.data" value=""/>
    <property name="java.vendor.url" value="https://icedtea.classpath.org"/>
    <property name="user.timezone" value=""/>
    <property name="java.vm.specification.version" value="1.8"/>
    <property name="os.name" value="Linux"/>
    <property name="test.build.data" value="/workdir/hadoop-ozone/integration-test/target/test-dir"/>
    <property name="user.country" value="US"/>
    <property name="sun.java.launcher" value="SUN_STANDARD"/>
    <property name="sun.boot.library.path" value="/usr/lib/jvm/java-1.8-openjdk/jre/lib/amd64"/>
    <property name="sun.java.command" value="/workdir/hadoop-ozone/integration-test/target/surefire/surefirebooter3706274482147951877.jar /workdir/hadoop-ozone/integration-test/target/surefire 2019-08-20T14-20-22_625-jvmRun1 surefire4251650763796766279tmp surefire_17563128941071717893tmp"/>
    <property name="surefire.test.class.path" value="/workdir/hadoop-ozone/integration-test/target/test-classes:/workdir/hadoop-ozone/integration-test/target/classes:/home/user/.m2/repository/org/apache/hadoop/hadoop-ozone-common/0.5.0-SNAPSHOT/hadoop-ozone-common-0.5.0-SNAPSHOT.jar:/home/user/.m2/repository/org/apache/commons/commons-compress/1.4.1/commons-compress-1.4.1.jar:/home/user/.m2/repository/org/tukaani/xz/1.0/xz-1.0.jar:/home/user/.m2/repository/org/apache/hadoop/hadoop-common/3.2.0/hadoop-common-3.2.0.jar:/home/user/.m2/repository/org/apache/hadoop/hadoop-hdfs/3.2.0/hadoop-hdfs-3.2.0.jar:/home/user/.m2/repository/org/apache/hadoop/hadoop-hdfs-client/3.2.0/hadoop-hdfs-client-3.2.0.jar:/home/user/.m2/repository/com/fasterxml/jackson/core/jackson-annotations/2.9.5/jackson-annotations-2.9.5.jar:/home/user/.m2/repository/org/apache/hadoop/hadoop-hdds-common/0.5.0-SNAPSHOT/hadoop-hdds-common-0.5.0-SNAPSHOT.jar:/home/user/.m2/repository/javax/annotation/javax.annotation-api/1.2/javax.annotation-api-1.2.jar:/home/user/.m2/repository/org/apache/ratis/ratis-server/0.4.0-2337318-SNAPSHOT/ratis-server-0.4.0-2337318-SNAPSHOT.jar:/home/user/.m2/repository/org/apache/ratis/ratis-thirdparty-misc/0.2.0/ratis-thirdparty-misc-0.2.0.jar:/home/user/.m2/repository/org/apache/ratis/ratis-proto/0.4.0-2337318-SNAPSHOT/ratis-proto-0.4.0-2337318-SNAPSHOT.jar:/home/user/.m2/repository/org/apache/ratis/ratis-common/0.4.0-2337318-SNAPSHOT/ratis-common-0.4.0-2337318-SNAPSHOT.jar:/home/user/.m2/repository/org/apache/ratis/ratis-client/0.4.0-2337318-SNAPSHOT/ratis-client-0.4.0-2337318-SNAPSHOT.jar:/home/user/.m2/repository/org/apache/ratis/ratis-metrics/0.4.0-2337318-SNAPSHOT/ratis-metrics-0.4.0-2337318-SNAPSHOT.jar:/home/user/.m2/repository/org/apache/ratis/ratis-netty/0.4.0-2337318-SNAPSHOT/ratis-netty-0.4.0-2337318-SNAPSHOT.jar:/home/user/.m2/repository/org/apache/ratis/ratis-grpc/0.4.0-2337318-SNAPSHOT/ratis-grpc-0.4.0-2337318-SNAPSHOT.jar:/home/user/.m2/repository/org/rocksdb/rocksdbjni/6.0.1/rocksdbjni-6.0.1.jar:/home/user/.m2/repository/org/apache/logging/log4j/log4j-api/2.11.0/log4j-api-2.11.0.jar:/home/user/.m2/repository/org/apache/logging/log4j/log4j-core/2.11.0/log4j-core-2.11.0.jar:/home/user/.m2/repository/com/lmax/disruptor/3.4.2/disruptor-3.4.2.jar:/home/user/.m2/repository/org/apache/commons/commons-pool2/2.6.0/commons-pool2-2.6.0.jar:/home/user/.m2/repository/org/bouncycastle/bcpkix-jdk15on/1.60/bcpkix-jdk15on-1.60.jar:/home/user/.m2/repository/commons-validator/commons-validator/1.6/commons-validator-1.6.jar:/home/user/.m2/repository/commons-digester/commons-digester/1.8.1/commons-digester-1.8.1.jar:/home/user/.m2/repository/io/jaegertracing/jaeger-client/0.33.1/jaeger-client-0.33.1.jar:/home/user/.m2/repository/io/jaegertracing/jaeger-thrift/0.33.1/jaeger-thrift-0.33.1.jar:/home/user/.m2/repository/org/apache/thrift/libthrift/0.11.0/libthrift-0.11.0.jar:/home/user/.m2/repository/com/squareup/okhttp3/okhttp/3.9.0/okhttp-3.9.0.jar:/home/user/.m2/repository/com/squareup/okio/okio/1.13.0/okio-1.13.0.jar:/home/user/.m2/repository/io/jaegertracing/jaeger-core/0.33.1/jaeger-core-0.33.1.jar:/home/user/.m2/repository/io/jaegertracing/jaeger-tracerresolver/0.33.1/jaeger-tracerresolver-0.33.1.jar:/home/user/.m2/repository/io/opentracing/contrib/opentracing-tracerresolver/0.1.5/opentracing-tracerresolver-0.1.5.jar:/home/user/.m2/repository/io/opentracing/opentracing-util/0.31.0/opentracing-util-0.31.0.jar:/home/user/.m2/repository/io/opentracing/opentracing-api/0.31.0/opentracing-api-0.31.0.jar:/home/user/.m2/repository/io/opentracing/opentracing-noop/0.31.0/opentracing-noop-0.31.0.jar:/home/user/.m2/repository/org/apache/hadoop/hadoop-hdds-server-framework/0.5.0-SNAPSHOT/hadoop-hdds-server-framework-0.5.0-SNAPSHOT.jar:/home/user/.m2/repository/org/apache/hadoop/hadoop-hdds-container-service/0.5.0-SNAPSHOT/hadoop-hdds-container-service-0.5.0-SNAPSHOT.jar:/home/user/.m2/repository/org/apache/hadoop/hadoop-hdds-client/0.5.0-SNAPSHOT/hadoop-hdds-client-0.5.0-SNAPSHOT.jar:/home/user/.m2/repository/org/apache/hadoop/hadoop-hdds-tools/0.5.0-SNAPSHOT/hadoop-hdds-tools-0.5.0-SNAPSHOT.jar:/home/user/.m2/repository/org/apache/hadoop/hadoop-hdds-server-scm/0.5.0-SNAPSHOT/hadoop-hdds-server-scm-0.5.0-SNAPSHOT.jar:/home/user/.m2/repository/org/apache/hadoop/hadoop-hdds-docs/0.5.0-SNAPSHOT/hadoop-hdds-docs-0.5.0-SNAPSHOT.jar:/home/user/.m2/repository/io/dropwizard/metrics/metrics-core/3.2.4/metrics-core-3.2.4.jar:/home/user/.m2/repository/org/hamcrest/hamcrest-all/1.3/hamcrest-all-1.3.jar:/home/user/.m2/repository/org/bouncycastle/bcprov-jdk15on/1.60/bcprov-jdk15on-1.60.jar:/home/user/.m2/repository/info/picocli/picocli/3.9.6/picocli-3.9.6.jar:/home/user/.m2/repository/com/google/protobuf/protobuf-java/2.5.0/protobuf-java-2.5.0.jar:/home/user/.m2/repository/com/google/guava/guava/11.0.2/guava-11.0.2.jar:/home/user/.m2/repository/org/apache/hadoop/hadoop-ozone-ozone-manager/0.5.0-SNAPSHOT/hadoop-ozone-ozone-manager-0.5.0-SNAPSHOT.jar:/home/user/.m2/repository/org/apache/hadoop/hadoop-minikdc/3.2.0/hadoop-minikdc-3.2.0.jar:/home/user/.m2/repository/commons-io/commons-io/2.5/commons-io-2.5.jar:/home/user/.m2/repository/org/apache/kerby/kerb-simplekdc/1.0.1/kerb-simplekdc-1.0.1.jar:/home/user/.m2/repository/org/apache/kerby/kerb-client/1.0.1/kerb-client-1.0.1.jar:/home/user/.m2/repository/org/apache/kerby/kerby-config/1.0.1/kerby-config-1.0.1.jar:/home/user/.m2/repository/org/apache/kerby/kerb-core/1.0.1/kerb-core-1.0.1.jar:/home/user/.m2/repository/org/apache/kerby/kerby-pkix/1.0.1/kerby-pkix-1.0.1.jar:/home/user/.m2/repository/org/apache/kerby/kerby-asn1/1.0.1/kerby-asn1-1.0.1.jar:/home/user/.m2/repository/org/apache/kerby/kerby-util/1.0.1/kerby-util-1.0.1.jar:/home/user/.m2/repository/org/apache/kerby/kerb-common/1.0.1/kerb-common-1.0.1.jar:/home/user/.m2/repository/org/apache/kerby/kerb-crypto/1.0.1/kerb-crypto-1.0.1.jar:/home/user/.m2/repository/org/apache/kerby/kerb-util/1.0.1/kerb-util-1.0.1.jar:/home/user/.m2/repository/org/apache/kerby/token-provider/1.0.1/token-provider-1.0.1.jar:/home/user/.m2/repository/org/apache/kerby/kerb-admin/1.0.1/kerb-admin-1.0.1.jar:/home/user/.m2/repository/org/apache/kerby/kerb-server/1.0.1/kerb-server-1.0.1.jar:/home/user/.m2/repository/org/apache/kerby/kerb-identity/1.0.1/kerb-identity-1.0.1.jar:/home/user/.m2/repository/org/apache/kerby/kerby-xdr/1.0.1/kerby-xdr-1.0.1.jar:/home/user/.m2/repository/org/slf4j/slf4j-log4j12/1.7.25/slf4j-log4j12-1.7.25.jar:/home/user/.m2/repository/org/apache/hadoop/hadoop-ozone-objectstore-service/0.5.0-SNAPSHOT/hadoop-ozone-objectstore-service-0.5.0-SNAPSHOT.jar:/home/user/.m2/repository/org/apache/hadoop/hadoop-ozone-s3gateway/0.5.0-SNAPSHOT/hadoop-ozone-s3gateway-0.5.0-SNAPSHOT.jar:/home/user/.m2/repository/org/jboss/weld/servlet/weld-servlet/2.4.7.Final/weld-servlet-2.4.7.Final.jar:/home/user/.m2/repository/org/glassfish/jersey/containers/jersey-container-servlet-core/2.27/jersey-container-servlet-core-2.27.jar:/home/user/.m2/repository/org/glassfish/hk2/external/javax.inject/2.5.0-b42/javax.inject-2.5.0-b42.jar:/home/user/.m2/repository/org/glassfish/jersey/core/jersey-common/2.27/jersey-common-2.27.jar:/home/user/.m2/repository/org/glassfish/hk2/osgi-resource-locator/1.0.1/osgi-resource-locator-1.0.1.jar:/home/user/.m2/repository/javax/ws/rs/javax.ws.rs-api/2.1/javax.ws.rs-api-2.1.jar:/home/user/.m2/repository/org/glassfish/jersey/ext/cdi/jersey-cdi1x/2.27/jersey-cdi1x-2.27.jar:/home/user/.m2/repository/org/glassfish/jersey/inject/jersey-hk2/2.27/jersey-hk2-2.27.jar:/home/user/.m2/repository/org/glassfish/hk2/hk2-locator/2.5.0-b42/hk2-locator-2.5.0-b42.jar:/home/user/.m2/repository/org/javassist/javassist/3.22.0-CR2/javassist-3.22.0-CR2.jar:/home/user/.m2/repository/org/glassfish/hk2/hk2-api/2.5.0/hk2-api-2.5.0.jar:/home/user/.m2/repository/org/glassfish/hk2/external/jakarta.inject/2.5.0/jakarta.inject-2.5.0.jar:/home/user/.m2/repository/org/glassfish/hk2/hk2-utils/2.5.0/hk2-utils-2.5.0.jar:/home/user/.m2/repository/jakarta/annotation/jakarta.annotation-api/1.3.4/jakarta.annotation-api-1.3.4.jar:/home/user/.m2/repository/org/glassfish/hk2/external/aopalliance-repackaged/2.5.0/aopalliance-repackaged-2.5.0.jar:/home/user/.m2/repository/com/fasterxml/jackson/dataformat/jackson-dataformat-xml/2.9.0/jackson-dataformat-xml-2.9.0.jar:/home/user/.m2/repository/com/fasterxml/jackson/core/jackson-core/2.9.5/jackson-core-2.9.5.jar:/home/user/.m2/repository/com/fasterxml/jackson/module/jackson-module-jaxb-annotations/2.9.5/jackson-module-jaxb-annotations-2.9.5.jar:/home/user/.m2/repository/javax/enterprise/cdi-api/1.2/cdi-api-1.2.jar:/home/user/.m2/repository/javax/el/javax.el-api/3.0.0/javax.el-api-3.0.0.jar:/home/user/.m2/repository/javax/interceptor/javax.interceptor-api/1.2/javax.interceptor-api-1.2.jar:/home/user/.m2/repository/javax/inject/javax.inject/1/javax.inject-1.jar:/home/user/.m2/repository/com/sun/xml/bind/jaxb-impl/2.3.0.1/jaxb-impl-2.3.0.1.jar:/home/user/.m2/repository/com/sun/xml/bind/jaxb-core/2.3.0.1/jaxb-core-2.3.0.1.jar:/home/user/.m2/repository/javax/xml/bind/jaxb-api/2.3.0/jaxb-api-2.3.0.jar:/home/user/.m2/repository/javax/activation/activation/1.1.1/activation-1.1.1.jar:/home/user/.m2/repository/org/apache/hadoop/hadoop-ozone-csi/0.5.0-SNAPSHOT/hadoop-ozone-csi-0.5.0-SNAPSHOT.jar:/home/user/.m2/repository/com/google/protobuf/protobuf-java-util/3.5.1/protobuf-java-util-3.5.1.jar:/home/user/.m2/repository/org/apache/hadoop/hadoop-hdds-config/0.5.0-SNAPSHOT/hadoop-hdds-config-0.5.0-SNAPSHOT.jar:/home/user/.m2/repository/io/grpc/grpc-netty/1.17.1/grpc-netty-1.17.1.jar:/home/user/.m2/repository/io/grpc/grpc-core/1.17.1/grpc-core-1.17.1.jar:/home/user/.m2/repository/io/grpc/grpc-context/1.17.1/grpc-context-1.17.1.jar:/home/user/.m2/repository/com/google/errorprone/error_prone_annotations/2.2.0/error_prone_annotations-2.2.0.jar:/home/user/.m2/repository/org/codehaus/mojo/animal-sniffer-annotations/1.17/animal-sniffer-annotations-1.17.jar:/home/user/.m2/repository/io/opencensus/opencensus-api/0.17.0/opencensus-api-0.17.0.jar:/home/user/.m2/repository/io/opencensus/opencensus-contrib-grpc-metrics/0.17.0/opencensus-contrib-grpc-metrics-0.17.0.jar:/home/user/.m2/repository/io/netty/netty-codec-http2/4.1.30.Final/netty-codec-http2-4.1.30.Final.jar:/home/user/.m2/repository/io/netty/netty-codec-http/4.1.30.Final/netty-codec-http-4.1.30.Final.jar:/home/user/.m2/repository/io/netty/netty-codec/4.1.30.Final/netty-codec-4.1.30.Final.jar:/home/user/.m2/repository/io/netty/netty-handler/4.1.30.Final/netty-handler-4.1.30.Final.jar:/home/user/.m2/repository/io/netty/netty-handler-proxy/4.1.30.Final/netty-handler-proxy-4.1.30.Final.jar:/home/user/.m2/repository/io/netty/netty-codec-socks/4.1.30.Final/netty-codec-socks-4.1.30.Final.jar:/home/user/.m2/repository/io/netty/netty-transport-native-epoll/4.1.30.Final/netty-transport-native-epoll-4.1.30.Final.jar:/home/user/.m2/repository/io/netty/netty-common/4.1.30.Final/netty-common-4.1.30.Final.jar:/home/user/.m2/repository/io/netty/netty-buffer/4.1.30.Final/netty-buffer-4.1.30.Final.jar:/home/user/.m2/repository/io/netty/netty-transport/4.1.30.Final/netty-transport-4.1.30.Final.jar:/home/user/.m2/repository/io/netty/netty-resolver/4.1.30.Final/netty-resolver-4.1.30.Final.jar:/home/user/.m2/repository/io/netty/netty-transport-native-unix-common/4.1.30.Final/netty-transport-native-unix-common-4.1.30.Final.jar:/home/user/.m2/repository/io/grpc/grpc-protobuf/1.17.1/grpc-protobuf-1.17.1.jar:/home/user/.m2/repository/com/google/api/grpc/proto-google-common-protos/1.0.0/proto-google-common-protos-1.0.0.jar:/home/user/.m2/repository/io/grpc/grpc-protobuf-lite/1.17.1/grpc-protobuf-lite-1.17.1.jar:/home/user/.m2/repository/io/grpc/grpc-stub/1.17.1/grpc-stub-1.17.1.jar:/home/user/.m2/repository/org/apache/hadoop/hadoop-ozone-recon/0.5.0-SNAPSHOT/hadoop-ozone-recon-0.5.0-SNAPSHOT.jar:/home/user/.m2/repository/org/apache/hadoop/hadoop-ozone-reconcodegen/0.5.0-SNAPSHOT/hadoop-ozone-reconcodegen-0.5.0-SNAPSHOT.jar:/home/user/.m2/repository/com/google/inject/extensions/guice-multibindings/4.0/guice-multibindings-4.0.jar:/home/user/.m2/repository/com/google/inject/guice/4.0/guice-4.0.jar:/home/user/.m2/repository/aopalliance/aopalliance/1.0/aopalliance-1.0.jar:/home/user/.m2/repository/com/google/inject/extensions/guice-servlet/4.0/guice-servlet-4.0.jar:/home/user/.m2/repository/org/glassfish/jersey/containers/jersey-container-servlet/2.27/jersey-container-servlet-2.27.jar:/home/user/.m2/repository/org/glassfish/hk2/guice-bridge/2.5.0/guice-bridge-2.5.0.jar:/home/user/.m2/repository/org/glassfish/jersey/core/jersey-server/2.27/jersey-server-2.27.jar:/home/user/.m2/repository/org/glassfish/jersey/core/jersey-client/2.27/jersey-client-2.27.jar:/home/user/.m2/repository/org/glassfish/jersey/media/jersey-media-jaxb/2.27/jersey-media-jaxb-2.27.jar:/home/user/.m2/repository/javax/validation/validation-api/1.1.0.Final/validation-api-1.1.0.Final.jar:/home/user/.m2/repository/org/glassfish/jersey/media/jersey-media-json-jackson/2.27/jersey-media-json-jackson-2.27.jar:/home/user/.m2/repository/org/glassfish/jersey/ext/jersey-entity-filtering/2.27/jersey-entity-filtering-2.27.jar:/home/user/.m2/repository/com/google/inject/extensions/guice-assistedinject/4.0/guice-assistedinject-4.0.jar:/home/user/.m2/repository/org/jooq/jooq/3.11.10/jooq-3.11.10.jar:/home/user/.m2/repository/org/jooq/jooq-meta/3.11.10/jooq-meta-3.11.10.jar:/home/user/.m2/repository/org/jooq/jooq-codegen/3.11.10/jooq-codegen-3.11.10.jar:/home/user/.m2/repository/com/jolbox/bonecp/0.8.0.RELEASE/bonecp-0.8.0.RELEASE.jar:/home/user/.m2/repository/org/xerial/sqlite-jdbc/3.25.2/sqlite-jdbc-3.25.2.jar:/home/user/.m2/repository/org/springframework/spring-jdbc/5.1.3.RELEASE/spring-jdbc-5.1.3.RELEASE.jar:/home/user/.m2/repository/org/springframework/spring-beans/5.1.3.RELEASE/spring-beans-5.1.3.RELEASE.jar:/home/user/.m2/repository/org/springframework/spring-core/5.1.3.RELEASE/spring-core-5.1.3.RELEASE.jar:/home/user/.m2/repository/org/springframework/spring-jcl/5.1.3.RELEASE/spring-jcl-5.1.3.RELEASE.jar:/home/user/.m2/repository/org/springframework/spring-tx/5.1.3.RELEASE/spring-tx-5.1.3.RELEASE.jar:/home/user/.m2/repository/org/apache/hadoop/hadoop-ozone-client/0.5.0-SNAPSHOT/hadoop-ozone-client-0.5.0-SNAPSHOT.jar:/home/user/.m2/repository/commons-lang/commons-lang/2.6/commons-lang-2.6.jar:/home/user/.m2/repository/org/apache/hadoop/hadoop-ozone-ozone-manager/0.5.0-SNAPSHOT/hadoop-ozone-ozone-manager-0.5.0-SNAPSHOT-tests.jar:/home/user/.m2/repository/junit/junit/4.11/junit-4.11.jar:/home/user/.m2/repository/org/hamcrest/hamcrest-core/1.3/hamcrest-core-1.3.jar:/home/user/.m2/repository/org/openjdk/jmh/jmh-core/1.19/jmh-core-1.19.jar:/home/user/.m2/repository/net/sf/jopt-simple/jopt-simple/4.6/jopt-simple-4.6.jar:/home/user/.m2/repository/org/apache/commons/commons-math3/3.1.1/commons-math3-3.1.1.jar:/home/user/.m2/repository/org/openjdk/jmh/jmh-generator-annprocess/1.19/jmh-generator-annprocess-1.19.jar:/home/user/.m2/repository/org/mockito/mockito-all/1.8.5/mockito-all-1.8.5.jar:/home/user/.m2/repository/org/apache/hadoop/hadoop-kms/3.2.0/hadoop-kms-3.2.0.jar:/home/user/.m2/repository/org/apache/hadoop/hadoop-auth/3.2.0/hadoop-auth-3.2.0.jar:/home/user/.m2/repository/com/nimbusds/nimbus-jose-jwt/4.41.1/nimbus-jose-jwt-4.41.1.jar:/home/user/.m2/repository/com/github/stephenc/jcip/jcip-annotations/1.0-1/jcip-annotations-1.0-1.jar:/home/user/.m2/repository/net/minidev/json-smart/2.3/json-smart-2.3.jar:/home/user/.m2/repository/net/minidev/accessors-smart/1.2/accessors-smart-1.2.jar:/home/user/.m2/repository/org/ow2/asm/asm/5.0.4/asm-5.0.4.jar:/home/user/.m2/repository/org/apache/curator/curator-framework/2.12.0/curator-framework-2.12.0.jar:/home/user/.m2/repository/com/sun/jersey/jersey-core/1.19/jersey-core-1.19.jar:/home/user/.m2/repository/javax/ws/rs/jsr311-api/1.1.1/jsr311-api-1.1.1.jar:/home/user/.m2/repository/com/sun/jersey/jersey-server/1.19/jersey-server-1.19.jar:/home/user/.m2/repository/javax/servlet/javax.servlet-api/3.1.0/javax.servlet-api-3.1.0.jar:/home/user/.m2/repository/org/eclipse/jetty/jetty-server/9.3.24.v20180605/jetty-server-9.3.24.v20180605.jar:/home/user/.m2/repository/org/eclipse/jetty/jetty-http/9.3.24.v20180605/jetty-http-9.3.24.v20180605.jar:/home/user/.m2/repository/org/eclipse/jetty/jetty-io/9.3.24.v20180605/jetty-io-9.3.24.v20180605.jar:/home/user/.m2/repository/org/eclipse/jetty/jetty-webapp/9.3.24.v20180605/jetty-webapp-9.3.24.v20180605.jar:/home/user/.m2/repository/org/eclipse/jetty/jetty-xml/9.3.24.v20180605/jetty-xml-9.3.24.v20180605.jar:/home/user/.m2/repository/log4j/log4j/1.2.17/log4j-1.2.17.jar:/home/user/.m2/repository/org/slf4j/slf4j-api/1.7.25/slf4j-api-1.7.25.jar:/home/user/.m2/repository/org/slf4j/jul-to-slf4j/1.7.25/jul-to-slf4j-1.7.25.jar:/home/user/.m2/repository/org/eclipse/jetty/jetty-util/9.3.24.v20180605/jetty-util-9.3.24.v20180605.jar:/home/user/.m2/repository/com/fasterxml/jackson/core/jackson-databind/2.9.5/jackson-databind-2.9.5.jar:/home/user/.m2/repository/org/apache/hadoop/hadoop-kms/3.2.0/hadoop-kms-3.2.0-tests.jar:/home/user/.m2/repository/org/apache/hadoop/hadoop-hdds-server-scm/0.5.0-SNAPSHOT/hadoop-hdds-server-scm-0.5.0-SNAPSHOT-tests.jar:/home/user/.m2/repository/org/apache/hadoop/hadoop-hdds-container-service/0.5.0-SNAPSHOT/hadoop-hdds-container-service-0.5.0-SNAPSHOT-tests.jar:/home/user/.m2/repository/org/yaml/snakeyaml/1.16/snakeyaml-1.16.jar:/home/user/.m2/repository/org/apache/hadoop/hadoop-common/3.2.0/hadoop-common-3.2.0-tests.jar:/home/user/.m2/repository/org/apache/hadoop/hadoop-annotations/3.2.0/hadoop-annotations-3.2.0.jar:/usr/lib/jvm/java-1.8-openjdk/jre/../lib/tools.jar:/home/user/.m2/repository/commons-cli/commons-cli/1.2/commons-cli-1.2.jar:/home/user/.m2/repository/org/apache/httpcomponents/httpclient/4.5.2/httpclient-4.5.2.jar:/home/user/.m2/repository/org/apache/httpcomponents/httpcore/4.4.4/httpcore-4.4.4.jar:/home/user/.m2/repository/commons-codec/commons-codec/1.11/commons-codec-1.11.jar:/home/user/.m2/repository/commons-net/commons-net/3.6/commons-net-3.6.jar:/home/user/.m2/repository/commons-collections/commons-collections/3.2.2/commons-collections-3.2.2.jar:/home/user/.m2/repository/org/eclipse/jetty/jetty-servlet/9.3.24.v20180605/jetty-servlet-9.3.24.v20180605.jar:/home/user/.m2/repository/org/eclipse/jetty/jetty-security/9.3.24.v20180605/jetty-security-9.3.24.v20180605.jar:/home/user/.m2/repository/javax/servlet/jsp/jsp-api/2.1/jsp-api-2.1.jar:/home/user/.m2/repository/com/sun/jersey/jersey-servlet/1.19/jersey-servlet-1.19.jar:/home/user/.m2/repository/com/sun/jersey/jersey-json/1.19/jersey-json-1.19.jar:/home/user/.m2/repository/org/codehaus/jettison/jettison/1.1/jettison-1.1.jar:/home/user/.m2/repository/org/codehaus/jackson/jackson-core-asl/1.9.13/jackson-core-asl-1.9.13.jar:/home/user/.m2/repository/org/codehaus/jackson/jackson-mapper-asl/1.9.13/jackson-mapper-asl-1.9.13.jar:/home/user/.m2/repository/org/codehaus/jackson/jackson-jaxrs/1.9.13/jackson-jaxrs-1.9.13.jar:/home/user/.m2/repository/org/codehaus/jackson/jackson-xc/1.9.13/jackson-xc-1.9.13.jar:/home/user/.m2/repository/commons-logging/commons-logging/1.1.3/commons-logging-1.1.3.jar:/home/user/.m2/repository/commons-beanutils/commons-beanutils/1.9.3/commons-beanutils-1.9.3.jar:/home/user/.m2/repository/org/apache/commons/commons-configuration2/2.1.1/commons-configuration2-2.1.1.jar:/home/user/.m2/repository/org/apache/commons/commons-lang3/3.7/commons-lang3-3.7.jar:/home/user/.m2/repository/org/apache/commons/commons-text/1.4/commons-text-1.4.jar:/home/user/.m2/repository/org/apache/avro/avro/1.7.7/avro-1.7.7.jar:/home/user/.m2/repository/com/thoughtworks/paranamer/paranamer/2.3/paranamer-2.3.jar:/home/user/.m2/repository/org/xerial/snappy/snappy-java/1.0.5/snappy-java-1.0.5.jar:/home/user/.m2/repository/com/google/re2j/re2j/1.1/re2j-1.1.jar:/home/user/.m2/repository/com/google/code/gson/gson/2.2.4/gson-2.2.4.jar:/home/user/.m2/repository/com/jcraft/jsch/0.1.54/jsch-0.1.54.jar:/home/user/.m2/repository/org/apache/curator/curator-client/2.12.0/curator-client-2.12.0.jar:/home/user/.m2/repository/org/apache/curator/curator-recipes/2.12.0/curator-recipes-2.12.0.jar:/home/user/.m2/repository/com/google/code/findbugs/jsr305/3.0.0/jsr305-3.0.0.jar:/home/user/.m2/repository/org/apache/htrace/htrace-core4/4.1.0-incubating/htrace-core4-4.1.0-incubating.jar:/home/user/.m2/repository/org/apache/zookeeper/zookeeper/3.4.13/zookeeper-3.4.13.jar:/home/user/.m2/repository/org/apache/yetus/audience-annotations/0.5.0/audience-annotations-0.5.0.jar:/home/user/.m2/repository/org/codehaus/woodstox/stax2-api/3.1.4/stax2-api-3.1.4.jar:/home/user/.m2/repository/com/fasterxml/woodstox/woodstox-core/5.0.3/woodstox-core-5.0.3.jar:/home/user/.m2/repository/dnsjava/dnsjava/2.1.7/dnsjava-2.1.7.jar:/home/user/.m2/repository/org/apache/hadoop/hadoop-hdfs/3.2.0/hadoop-hdfs-3.2.0-tests.jar:/home/user/.m2/repository/org/eclipse/jetty/jetty-util-ajax/9.3.24.v20180605/jetty-util-ajax-9.3.24.v20180605.jar:/home/user/.m2/repository/commons-daemon/commons-daemon/1.0.13/commons-daemon-1.0.13.jar:/home/user/.m2/repository/io/netty/netty/3.10.5.Final/netty-3.10.5.Final.jar:/home/user/.m2/repository/io/netty/netty-all/4.0.52.Final/netty-all-4.0.52.Final.jar:/home/user/.m2/repository/org/fusesource/leveldbjni/leveldbjni-all/1.8/leveldbjni-all-1.8.jar:"/>
    <property name="sun.cpu.endian" value="little"/>
    <property name="user.home" value="/home/user"/>
    <property name="user.language" value="en"/>
    <property name="java.specification.vendor" value="Oracle Corporation"/>
    <property name="java.home" value="/usr/lib/jvm/java-1.8-openjdk/jre"/>
    <property name="java.security.krb5.conf" value="/workdir/hadoop-ozone/integration-test/target/test-classes/krb5.conf"/>
    <property name="basedir" value="/workdir/hadoop-ozone/integration-test"/>
    <property name="file.separator" value="/"/>
    <property name="line.separator" value="&#10;"/>
    <property name="java.vm.specification.vendor" value="Oracle Corporation"/>
    <property name="java.specification.name" value="Java Platform API Specification"/>
    <property name="java.awt.graphicsenv" value="sun.awt.X11GraphicsEnvironment"/>
    <property name="surefire.real.class.path" value="/workdir/hadoop-ozone/integration-test/target/surefire/surefirebooter3706274482147951877.jar"/>
    <property name="hadoop.log.dir" value="/workdir/hadoop-ozone/integration-test/target/log"/>
    <property name="sun.boot.class.path" value="/usr/lib/jvm/java-1.8-openjdk/jre/lib/resources.jar:/usr/lib/jvm/java-1.8-openjdk/jre/lib/rt.jar:/usr/lib/jvm/java-1.8-openjdk/jre/lib/sunrsasign.jar:/usr/lib/jvm/java-1.8-openjdk/jre/lib/jsse.jar:/usr/lib/jvm/java-1.8-openjdk/jre/lib/jce.jar:/usr/lib/jvm/java-1.8-openjdk/jre/lib/charsets.jar:/usr/lib/jvm/java-1.8-openjdk/jre/lib/jfr.jar:/usr/lib/jvm/java-1.8-openjdk/jre/classes"/>
    <property name="sun.management.compiler" value="HotSpot 64-Bit Tiered Compilers"/>
    <property name="java.runtime.version" value="1.8.0_212-b04"/>
    <property name="java.net.preferIPv4Stack" value="true"/>
    <property name="user.name" value="jenkins1000"/>
    <property name="path.separator" value=":"/>
    <property name="java.security.egd" value="file:///dev/urandom"/>
    <property name="os.version" value="3.10.0-957.12.2.el7.x86_64"/>
    <property name="java.endorsed.dirs" value="/usr/lib/jvm/java-1.8-openjdk/jre/lib/endorsed"/>
    <property name="java.runtime.name" value="OpenJDK Runtime Environment"/>
    <property name="file.encoding" value="UTF-8"/>
    <property name="java.vm.name" value="OpenJDK 64-Bit Server VM"/>
    <property name="test.build.webapps" value=""/>
    <property name="localRepository" value="/home/user/.m2/repository"/>
    <property name="java.vendor.url.bug" value="https://icedtea.classpath.org/bugzilla"/>
    <property name="java.io.tmpdir" value="/tmp"/>
    <property name="require.test.libhadoop" value=""/>
    <property name="java.version" value="1.8.0_212"/>
    <property name="user.dir" value="/workdir/hadoop-ozone/integration-test"/>
    <property name="os.arch" value="amd64"/>
    <property name="java.vm.specification.name" value="Java Virtual Machine Specification"/>
    <property name="test.build.classes" value="/workdir/hadoop-ozone/integration-test/target/test-classes"/>
    <property name="java.awt.printerjob" value="sun.print.PSPrinterJob"/>
    <property name="sun.os.patch.level" value="unknown"/>
    <property name="hadoop.tmp.dir" value="/workdir/hadoop-ozone/integration-test/target/tmp"/>
    <property name="java.library.path" value="/usr/lib/jvm/java-1.8-openjdk/jre/lib/amd64/server:/usr/lib/jvm/java-1.8-openjdk/jre/lib/amd64:/usr/lib/jvm/java-1.8-openjdk/jre/../lib/amd64:/workdir/hadoop-ozone/integration-test/target/native/target/usr/local/lib:/workdir/hadoop-ozone/integration-test/../../hadoop-common-project/hadoop-common/target/native/target/usr/local/lib:/usr/java/packages/lib/amd64:/usr/lib64:/lib64:/lib:/usr/lib"/>
    <property name="java.vm.info" value="mixed mode"/>
    <property name="java.vendor" value="IcedTea"/>
    <property name="java.vm.version" value="25.212-b04"/>
    <property name="java.ext.dirs" value="/usr/lib/jvm/java-1.8-openjdk/jre/lib/ext:/usr/java/packages/lib/ext"/>
    <property name="sun.io.unicode.encoding" value="UnicodeLittle"/>
    <property name="java.class.version" value="52.0"/>
  </properties>
  <testcase name="testWatchForCommitWithKeyWrite" classname="org.apache.hadoop.ozone.client.rpc.TestWatchForCommit" time="63.461"/>
  <testcase name="testWatchForCommitWithSmallerTimeoutValue" classname="org.apache.hadoop.ozone.client.rpc.TestWatchForCommit" time="47.767"/>
  <testcase name="testWatchForCommitForRetryfailure" classname="org.apache.hadoop.ozone.client.rpc.TestWatchForCommit" time="26.958">
    <error message="org.apache.ratis.protocol.RaftRetryFailureException: Failed RaftClientRequest:client-C05DEE4DDC29-&gt;3d7001d1-da69-4c5a-8bea-f17705eb83d8@group-3760AF6D1171, cid=66, seq=1*, RW, org.apache.hadoop.hdds.scm.XceiverClientRatis$$Lambda$351/46727015@17ecccdb for 20 attempts with RetryLimited(maxAttempts=20, sleepTime=1000ms)" type="java.util.concurrent.ExecutionException">java.util.concurrent.ExecutionException: org.apache.ratis.protocol.RaftRetryFailureException: Failed RaftClientRequest:client-C05DEE4DDC29->3d7001d1-da69-4c5a-8bea-f17705eb83d8@group-3760AF6D1171, cid=66, seq=1*, RW, org.apache.hadoop.hdds.scm.XceiverClientRatis$$Lambda$351/46727015@17ecccdb for 20 attempts with RetryLimited(maxAttempts=20, sleepTime=1000ms)
	at java.util.concurrent.CompletableFuture.reportGet(CompletableFuture.java:357)
	at java.util.concurrent.CompletableFuture.get(CompletableFuture.java:1895)
	at org.apache.hadoop.ozone.client.rpc.TestWatchForCommit.testWatchForCommitForRetryfailure(TestWatchForCommit.java:335)
	at sun.reflect.NativeMethodAccessorImpl.invoke0(Native Method)
	at sun.reflect.NativeMethodAccessorImpl.invoke(NativeMethodAccessorImpl.java:62)
	at sun.reflect.DelegatingMethodAccessorImpl.invoke(DelegatingMethodAccessorImpl.java:43)
	at java.lang.reflect.Method.invoke(Method.java:498)
	at org.junit.runners.model.FrameworkMethod$1.runReflectiveCall(FrameworkMethod.java:47)
	at org.junit.internal.runners.model.ReflectiveCallable.run(ReflectiveCallable.java:12)
	at org.junit.runners.model.FrameworkMethod.invokeExplosively(FrameworkMethod.java:44)
	at org.junit.internal.runners.statements.InvokeMethod.evaluate(InvokeMethod.java:17)
	at org.junit.runners.ParentRunner.runLeaf(ParentRunner.java:271)
	at org.junit.runners.BlockJUnit4ClassRunner.runChild(BlockJUnit4ClassRunner.java:70)
	at org.junit.runners.BlockJUnit4ClassRunner.runChild(BlockJUnit4ClassRunner.java:50)
	at org.junit.runners.ParentRunner$3.run(ParentRunner.java:238)
	at org.junit.runners.ParentRunner$1.schedule(ParentRunner.java:63)
	at org.junit.runners.ParentRunner.runChildren(ParentRunner.java:236)
	at org.junit.runners.ParentRunner.access$000(ParentRunner.java:53)
	at org.junit.runners.ParentRunner$2.evaluate(ParentRunner.java:229)
	at org.junit.runners.ParentRunner.run(ParentRunner.java:309)
	at org.apache.maven.surefire.junit4.JUnit4Provider.execute(JUnit4Provider.java:365)
	at org.apache.maven.surefire.junit4.JUnit4Provider.executeWithRerun(JUnit4Provider.java:273)
	at org.apache.maven.surefire.junit4.JUnit4Provider.executeTestSet(JUnit4Provider.java:238)
	at org.apache.maven.surefire.junit4.JUnit4Provider.invoke(JUnit4Provider.java:159)
	at org.apache.maven.surefire.booter.ForkedBooter.invokeProviderInSameClassLoader(ForkedBooter.java:384)
	at org.apache.maven.surefire.booter.ForkedBooter.runSuitesInProcess(ForkedBooter.java:345)
	at org.apache.maven.surefire.booter.ForkedBooter.execute(ForkedBooter.java:126)
	at org.apache.maven.surefire.booter.ForkedBooter.main(ForkedBooter.java:418)
Caused by: org.apache.ratis.protocol.RaftRetryFailureException: Failed RaftClientRequest:client-C05DEE4DDC29->3d7001d1-da69-4c5a-8bea-f17705eb83d8@group-3760AF6D1171, cid=66, seq=1*, RW, org.apache.hadoop.hdds.scm.XceiverClientRatis$$Lambda$351/46727015@17ecccdb for 20 attempts with RetryLimited(maxAttempts=20, sleepTime=1000ms)
	at org.apache.ratis.client.impl.RaftClientImpl.noMoreRetries(RaftClientImpl.java:272)
	at org.apache.ratis.client.impl.OrderedAsync.handleAsyncRetryFailure(OrderedAsync.java:138)
	at org.apache.ratis.client.impl.OrderedAsync.lambda$sendRequest$10(OrderedAsync.java:230)
	at java.util.concurrent.CompletableFuture.uniExceptionally(CompletableFuture.java:870)
	at java.util.concurrent.CompletableFuture$UniExceptionally.tryFire(CompletableFuture.java:852)
	at java.util.concurrent.CompletableFuture.postComplete(CompletableFuture.java:474)
	at java.util.concurrent.CompletableFuture.completeExceptionally(CompletableFuture.java:1977)
	at org.apache.ratis.grpc.client.GrpcClientProtocolClient$AsyncStreamObservers.completeReplyExceptionally(GrpcClientProtocolClient.java:330)
	at org.apache.ratis.grpc.client.GrpcClientProtocolClient$AsyncStreamObservers.access$000(GrpcClientProtocolClient.java:246)
	at org.apache.ratis.grpc.client.GrpcClientProtocolClient$AsyncStreamObservers$1.onNext(GrpcClientProtocolClient.java:258)
	at org.apache.ratis.grpc.client.GrpcClientProtocolClient$AsyncStreamObservers$1.onNext(GrpcClientProtocolClient.java:249)
	at org.apache.ratis.thirdparty.io.grpc.stub.ClientCalls$StreamObserverToCallListenerAdapter.onMessage(ClientCalls.java:421)
	at org.apache.ratis.thirdparty.io.grpc.ForwardingClientCallListener.onMessage(ForwardingClientCallListener.java:33)
	at org.apache.ratis.thirdparty.io.grpc.ForwardingClientCallListener.onMessage(ForwardingClientCallListener.java:33)
	at org.apache.ratis.thirdparty.io.grpc.internal.ClientCallImpl$ClientStreamListenerImpl$1MessagesAvailable.runInContext(ClientCallImpl.java:519)
	at org.apache.ratis.thirdparty.io.grpc.internal.ContextRunnable.run(ContextRunnable.java:37)
	at org.apache.ratis.thirdparty.io.grpc.internal.SerializingExecutor.run(SerializingExecutor.java:123)
	at java.util.concurrent.ThreadPoolExecutor.runWorker(ThreadPoolExecutor.java:1149)
	at java.util.concurrent.ThreadPoolExecutor$Worker.run(ThreadPoolExecutor.java:624)
	at java.lang.Thread.run(Thread.java:748)
Caused by: org.apache.ratis.protocol.NotLeaderException: Server 3d7001d1-da69-4c5a-8bea-f17705eb83d8 is not the leader (302c2fdb-8e38-4af7-b52c-e1f5ec132e75:192.168.36.107:33323). Request must be sent to leader.
	at org.apache.ratis.client.impl.ClientProtoUtils.toRaftClientReply(ClientProtoUtils.java:242)
	at org.apache.ratis.grpc.client.GrpcClientProtocolClient$AsyncStreamObservers$1.onNext(GrpcClientProtocolClient.java:254)
	... 10 more
</error>
    <system-out><![CDATA[2019-08-20 14:48:12,518 WARN  server.ServerUtils (ServerUtils.java:getScmDbDir(145)) - ozone.scm.db.dirs is not configured. We recommend adding this setting. Falling back to ozone.metadata.dirs instead.
2019-08-20 14:48:12,549 WARN  server.ServerUtils (ServerUtils.java:getScmDbDir(145)) - ozone.scm.db.dirs is not configured. We recommend adding this setting. Falling back to ozone.metadata.dirs instead.
2019-08-20 14:48:12,550 WARN  server.ServerUtils (ServerUtils.java:getScmDbDir(145)) - ozone.scm.db.dirs is not configured. We recommend adding this setting. Falling back to ozone.metadata.dirs instead.
2019-08-20 14:48:12,551 INFO  db.DBStoreBuilder (DBStoreBuilder.java:addTable(110)) - using custom profile for table: deletedBlocks
2019-08-20 14:48:12,551 INFO  db.DBStoreBuilder (DBStoreBuilder.java:processTables(161)) - Using default column profile:DBProfile.DISK for Table:deletedBlocks
2019-08-20 14:48:12,551 INFO  db.DBStoreBuilder (DBStoreBuilder.java:addTable(110)) - using custom profile for table: validCerts
2019-08-20 14:48:12,551 INFO  db.DBStoreBuilder (DBStoreBuilder.java:processTables(161)) - Using default column profile:DBProfile.DISK for Table:validCerts
2019-08-20 14:48:12,552 INFO  db.DBStoreBuilder (DBStoreBuilder.java:addTable(110)) - using custom profile for table: revokedCerts
2019-08-20 14:48:12,552 INFO  db.DBStoreBuilder (DBStoreBuilder.java:processTables(161)) - Using default column profile:DBProfile.DISK for Table:revokedCerts
2019-08-20 14:48:12,552 INFO  db.DBStoreBuilder (DBStoreBuilder.java:addTable(110)) - using custom profile for table: default
2019-08-20 14:48:12,553 INFO  db.DBStoreBuilder (DBStoreBuilder.java:processTables(167)) - Using default column profile:DBProfile.DISK for Table:default
2019-08-20 14:48:12,553 INFO  db.DBStoreBuilder (DBStoreBuilder.java:getDbProfile(198)) - Using default options. DBProfile.DISK
2019-08-20 14:48:12,748 INFO  net.NodeSchemaLoader (NodeSchemaLoader.java:loadSchemaFromFile(125)) - Loading file from sun.misc.CompoundEnumeration@4efed0e0
2019-08-20 14:48:12,748 INFO  net.NodeSchemaLoader (NodeSchemaLoader.java:loadSchema(171)) - Loading network topology layer schema file
2019-08-20 14:48:12,754 WARN  server.ServerUtils (ServerUtils.java:sanitizeUserArgs(70)) - ozone.scm.stale.node.interval value = 300000 is larger than max = 100000 based on the key value of ozone.scm.heartbeat.thread.interval, reset to the max value 100000.
2019-08-20 14:48:12,755 WARN  server.ServerUtils (ServerUtils.java:sanitizeUserArgs(70)) - ozone.scm.stale.node.interval value = 300000 is larger than max = 100000 based on the key value of ozone.scm.heartbeat.thread.interval, reset to the max value 100000.
2019-08-20 14:48:12,755 INFO  node.SCMNodeManager (SCMNodeManager.java:<init>(121)) - Entering startup safe mode.
2019-08-20 14:48:12,756 INFO  algorithms.ContainerPlacementPolicyFactory (ContainerPlacementPolicyFactory.java:getPolicy(55)) - Create container placement policy of type org.apache.hadoop.hdds.scm.container.placement.algorithms.SCMContainerPlacementRandom
2019-08-20 14:48:12,757 WARN  server.ServerUtils (ServerUtils.java:getScmDbDir(145)) - ozone.scm.db.dirs is not configured. We recommend adding this setting. Falling back to ozone.metadata.dirs instead.
2019-08-20 14:48:12,829 INFO  pipeline.SCMPipelineManager (SCMPipelineManager.java:initializePipelineState(126)) - No pipeline exists in current db
2019-08-20 14:48:12,830 WARN  server.ServerUtils (ServerUtils.java:getScmDbDir(145)) - ozone.scm.db.dirs is not configured. We recommend adding this setting. Falling back to ozone.metadata.dirs instead.
2019-08-20 14:48:12,896 WARN  events.EventQueue (EventQueue.java:fireEvent(175)) - No event handler registered for event TypedEvent{payloadType=SafeModeStatus, name='SafeModeStatus'}
2019-08-20 14:48:12,897 INFO  ipc.CallQueueManager (CallQueueManager.java:<init>(84)) - Using callQueue: class java.util.concurrent.LinkedBlockingQueue, queueCapacity: 2000, scheduler: class org.apache.hadoop.ipc.DefaultRpcScheduler, ipcBackoff: false.
2019-08-20 14:48:12,899 INFO  ipc.Server (Server.java:run(1074)) - Starting Socket Reader #1 for port 41122
2019-08-20 14:48:12,901 INFO  ipc.CallQueueManager (CallQueueManager.java:<init>(84)) - Using callQueue: class java.util.concurrent.LinkedBlockingQueue, queueCapacity: 2000, scheduler: class org.apache.hadoop.ipc.DefaultRpcScheduler, ipcBackoff: false.
2019-08-20 14:48:12,902 INFO  ipc.Server (Server.java:run(1074)) - Starting Socket Reader #1 for port 39467
2019-08-20 14:48:12,904 INFO  ipc.CallQueueManager (CallQueueManager.java:<init>(84)) - Using callQueue: class java.util.concurrent.LinkedBlockingQueue, queueCapacity: 2000, scheduler: class org.apache.hadoop.ipc.DefaultRpcScheduler, ipcBackoff: false.
2019-08-20 14:48:12,905 INFO  ipc.Server (Server.java:run(1074)) - Starting Socket Reader #1 for port 33381
2019-08-20 14:48:12,907 INFO  hdfs.DFSUtil (DFSUtil.java:httpServerTemplateForNNAndJN(1641)) - Starting Web-server for scm at: http://0.0.0.0:0
2019-08-20 14:48:12,909 INFO  server.AuthenticationFilter (AuthenticationFilter.java:constructSecretProvider(240)) - Unable to initialize FileSignerSecretProvider, falling back to use random secrets.
2019-08-20 14:48:12,910 WARN  http.HttpRequestLog (HttpRequestLog.java:getRequestLog(97)) - Jetty request log can only be enabled using Log4j
2019-08-20 14:48:12,912 INFO  http.HttpServer2 (HttpServer2.java:addGlobalFilter(975)) - Added global filter 'safety' (class=org.apache.hadoop.http.HttpServer2$QuotingInputFilter)
2019-08-20 14:48:12,912 INFO  http.HttpServer2 (HttpServer2.java:addFilter(948)) - Added filter static_user_filter (class=org.apache.hadoop.http.lib.StaticUserWebFilter$StaticUserFilter) to context scm
2019-08-20 14:48:12,913 INFO  http.HttpServer2 (HttpServer2.java:addFilter(958)) - Added filter static_user_filter (class=org.apache.hadoop.http.lib.StaticUserWebFilter$StaticUserFilter) to context logs
2019-08-20 14:48:12,913 INFO  http.HttpServer2 (HttpServer2.java:addFilter(958)) - Added filter static_user_filter (class=org.apache.hadoop.http.lib.StaticUserWebFilter$StaticUserFilter) to context static
2019-08-20 14:48:12,915 INFO  server.StorageContainerManager (StorageContainerManager.java:start(759)) - StorageContainerLocationProtocol RPC server is listening at /0.0.0.0:33381
2019-08-20 14:48:12,917 WARN  impl.MetricsConfig (MetricsConfig.java:loadFirst(134)) - Cannot locate configuration: tried hadoop-metrics2-storagecontainermanager.properties,hadoop-metrics2.properties
2019-08-20 14:48:12,918 INFO  impl.MetricsSystemImpl (MetricsSystemImpl.java:startTimer(374)) - Scheduled Metric snapshot period at 10 second(s).
2019-08-20 14:48:12,919 INFO  impl.MetricsSystemImpl (MetricsSystemImpl.java:start(191)) - StorageContainerManager metrics system started
2019-08-20 14:48:12,993 INFO  server.SCMClientProtocolServer (SCMClientProtocolServer.java:start(151)) - RPC server for Client  is listening at /0.0.0.0:33381
2019-08-20 14:48:12,994 INFO  ipc.Server (Server.java:run(1314)) - IPC Server Responder: starting
2019-08-20 14:48:12,994 INFO  ipc.Server (Server.java:run(1153)) - IPC Server listener on 33381: starting
2019-08-20 14:48:12,998 INFO  server.StorageContainerManager (StorageContainerManager.java:start(769)) - ScmBlockLocationProtocol RPC server is listening at /0.0.0.0:39467
2019-08-20 14:48:12,998 INFO  server.SCMBlockProtocolServer (SCMBlockProtocolServer.java:start(140)) - RPC server for Block Protocol is listening at /0.0.0.0:39467
2019-08-20 14:48:12,999 INFO  ipc.Server (Server.java:run(1314)) - IPC Server Responder: starting
2019-08-20 14:48:12,999 INFO  ipc.Server (Server.java:run(1153)) - IPC Server listener on 39467: starting
2019-08-20 14:48:13,004 INFO  server.StorageContainerManager (StorageContainerManager.java:start(773)) - ScmDatanodeProtocl RPC server is listening at /0.0.0.0:41122
2019-08-20 14:48:13,005 INFO  server.SCMDatanodeProtocolServer (SCMDatanodeProtocolServer.java:start(191)) - RPC server for DataNodes is listening at /0.0.0.0:41122
2019-08-20 14:48:13,005 INFO  ipc.Server (Server.java:run(1314)) - IPC Server Responder: starting
2019-08-20 14:48:13,005 INFO  ipc.Server (Server.java:run(1153)) - IPC Server listener on 41122: starting
2019-08-20 14:48:13,009 INFO  http.HttpServer2 (HttpServer2.java:bindListener(1191)) - Jetty bound to port 34740
2019-08-20 14:48:13,009 INFO  server.Server (Server.java:doStart(351)) - jetty-9.3.24.v20180605, build timestamp: 2018-06-05T17:11:56Z, git hash: 84205aa28f11a4f31f2a3b86d1bba2cc8ab69827
2019-08-20 14:48:13,011 INFO  handler.ContextHandler (ContextHandler.java:doStart(781)) - Started o.e.j.s.ServletContextHandler@50ac1249{/logs,file:///workdir/hadoop-ozone/integration-test/target/log,AVAILABLE}
2019-08-20 14:48:13,011 INFO  handler.ContextHandler (ContextHandler.java:doStart(781)) - Started o.e.j.s.ServletContextHandler@543d2ef3{/static,file:///workdir/hadoop-ozone/integration-test/target/test-classes/webapps/static,AVAILABLE}
2019-08-20 14:48:13,015 INFO  handler.ContextHandler (ContextHandler.java:doStart(781)) - Started o.e.j.w.WebAppContext@19c1f6f4{/,file:///workdir/hadoop-ozone/integration-test/target/test-classes/webapps/scm/,AVAILABLE}{/scm}
2019-08-20 14:48:13,016 INFO  server.AbstractConnector (AbstractConnector.java:doStart(278)) - Started ServerConnector@46fa2a7e{HTTP/1.1,[http/1.1]}{0.0.0.0:34740}
2019-08-20 14:48:13,017 INFO  server.Server (Server.java:doStart(419)) - Started @112164ms
2019-08-20 14:48:13,018 INFO  server.BaseHttpServer (BaseHttpServer.java:updateConnectorAddress(213)) - HTTP server of SCM is listening at http://0.0.0.0:34740
2019-08-20 14:48:13,018 WARN  server.ServerUtils (ServerUtils.java:getDBPath(222)) - ozone.om.db.dirs is not configured. We recommend adding this setting. Falling back to ozone.metadata.dirs instead.
2019-08-20 14:48:13,019 INFO  util.JvmPauseMonitor (JvmPauseMonitor.java:run(188)) - Starting JVM pause monitor
2019-08-20 14:48:13,039 WARN  server.ServerUtils (ServerUtils.java:getDBPath(222)) - ozone.om.db.dirs is not configured. We recommend adding this setting. Falling back to ozone.metadata.dirs instead.
2019-08-20 14:48:13,040 WARN  server.ServerUtils (ServerUtils.java:getDBPath(222)) - ozone.om.db.dirs is not configured. We recommend adding this setting. Falling back to ozone.metadata.dirs instead.
2019-08-20 14:48:13,040 INFO  om.OzoneManager (OzoneManager.java:setOMNodeDetails(647)) - OM Service ID is not set. Setting it to the default ID: omServiceIdDefault
2019-08-20 14:48:13,040 INFO  om.OzoneManager (OzoneManager.java:setOMNodeDetails(653)) - OM Node ID is not set. Setting it to the OmStorage's OmID: 66f1eb1d-8591-4033-ad1c-5e8909abd3a9
2019-08-20 14:48:13,041 INFO  om.OzoneManager (OzoneManager.java:loadOMHAConfigs(604)) - Found matching OM address with OMServiceId: null, OMNodeId: null, RPC Address: localhost:0 and Ratis port: 9872
2019-08-20 14:48:13,047 WARN  server.ServerUtils (ServerUtils.java:getDBPath(222)) - ozone.om.db.dirs is not configured. We recommend adding this setting. Falling back to ozone.metadata.dirs instead.
2019-08-20 14:48:13,048 INFO  db.DBStoreBuilder (DBStoreBuilder.java:addTable(110)) - using custom profile for table: userTable
2019-08-20 14:48:13,048 INFO  db.DBStoreBuilder (DBStoreBuilder.java:processTables(161)) - Using default column profile:DBProfile.DISK for Table:userTable
2019-08-20 14:48:13,048 INFO  db.DBStoreBuilder (DBStoreBuilder.java:addTable(110)) - using custom profile for table: volumeTable
2019-08-20 14:48:13,048 INFO  db.DBStoreBuilder (DBStoreBuilder.java:processTables(161)) - Using default column profile:DBProfile.DISK for Table:volumeTable
2019-08-20 14:48:13,049 INFO  db.DBStoreBuilder (DBStoreBuilder.java:addTable(110)) - using custom profile for table: bucketTable
2019-08-20 14:48:13,049 INFO  db.DBStoreBuilder (DBStoreBuilder.java:processTables(161)) - Using default column profile:DBProfile.DISK for Table:bucketTable
2019-08-20 14:48:13,049 INFO  db.DBStoreBuilder (DBStoreBuilder.java:addTable(110)) - using custom profile for table: keyTable
2019-08-20 14:48:13,049 INFO  db.DBStoreBuilder (DBStoreBuilder.java:processTables(161)) - Using default column profile:DBProfile.DISK for Table:keyTable
2019-08-20 14:48:13,049 INFO  db.DBStoreBuilder (DBStoreBuilder.java:addTable(110)) - using custom profile for table: deletedTable
2019-08-20 14:48:13,049 INFO  db.DBStoreBuilder (DBStoreBuilder.java:processTables(161)) - Using default column profile:DBProfile.DISK for Table:deletedTable
2019-08-20 14:48:13,050 INFO  db.DBStoreBuilder (DBStoreBuilder.java:addTable(110)) - using custom profile for table: openKeyTable
2019-08-20 14:48:13,050 INFO  db.DBStoreBuilder (DBStoreBuilder.java:processTables(161)) - Using default column profile:DBProfile.DISK for Table:openKeyTable
2019-08-20 14:48:13,050 INFO  db.DBStoreBuilder (DBStoreBuilder.java:addTable(110)) - using custom profile for table: s3Table
2019-08-20 14:48:13,050 INFO  db.DBStoreBuilder (DBStoreBuilder.java:processTables(161)) - Using default column profile:DBProfile.DISK for Table:s3Table
2019-08-20 14:48:13,050 INFO  db.DBStoreBuilder (DBStoreBuilder.java:addTable(110)) - using custom profile for table: multipartInfoTable
2019-08-20 14:48:13,050 INFO  db.DBStoreBuilder (DBStoreBuilder.java:processTables(161)) - Using default column profile:DBProfile.DISK for Table:multipartInfoTable
2019-08-20 14:48:13,051 INFO  db.DBStoreBuilder (DBStoreBuilder.java:addTable(110)) - using custom profile for table: dTokenTable
2019-08-20 14:48:13,051 INFO  db.DBStoreBuilder (DBStoreBuilder.java:processTables(161)) - Using default column profile:DBProfile.DISK for Table:dTokenTable
2019-08-20 14:48:13,051 INFO  db.DBStoreBuilder (DBStoreBuilder.java:addTable(110)) - using custom profile for table: s3SecretTable
2019-08-20 14:48:13,051 INFO  db.DBStoreBuilder (DBStoreBuilder.java:processTables(161)) - Using default column profile:DBProfile.DISK for Table:s3SecretTable
2019-08-20 14:48:13,051 INFO  db.DBStoreBuilder (DBStoreBuilder.java:addTable(110)) - using custom profile for table: prefixTable
2019-08-20 14:48:13,051 INFO  db.DBStoreBuilder (DBStoreBuilder.java:processTables(161)) - Using default column profile:DBProfile.DISK for Table:prefixTable
2019-08-20 14:48:13,051 INFO  db.DBStoreBuilder (DBStoreBuilder.java:addTable(110)) - using custom profile for table: default
2019-08-20 14:48:13,052 INFO  db.DBStoreBuilder (DBStoreBuilder.java:processTables(167)) - Using default column profile:DBProfile.DISK for Table:default
2019-08-20 14:48:13,052 INFO  db.DBStoreBuilder (DBStoreBuilder.java:getDbProfile(198)) - Using default options. DBProfile.DISK
2019-08-20 14:48:13,588 INFO  ipc.CallQueueManager (CallQueueManager.java:<init>(84)) - Using callQueue: class java.util.concurrent.LinkedBlockingQueue, queueCapacity: 2000, scheduler: class org.apache.hadoop.ipc.DefaultRpcScheduler, ipcBackoff: false.
2019-08-20 14:48:13,589 INFO  ipc.Server (Server.java:run(1074)) - Starting Socket Reader #1 for port 44183
2019-08-20 14:48:13,599 INFO  om.OzoneManager (OzoneManager.java:start(1258)) - OzoneManager RPC server is listening at localhost/127.0.0.1:44183
2019-08-20 14:48:13,600 INFO  impl.MetricsSystemImpl (MetricsSystemImpl.java:init(158)) - OzoneManager metrics system started (again)
2019-08-20 14:48:13,600 INFO  ipc.Server (Server.java:run(1314)) - IPC Server Responder: starting
2019-08-20 14:48:13,600 INFO  ipc.Server (Server.java:run(1153)) - IPC Server listener on 44183: starting
2019-08-20 14:48:13,604 INFO  hdfs.DFSUtil (DFSUtil.java:httpServerTemplateForNNAndJN(1641)) - Starting Web-server for ozoneManager at: http://0.0.0.0:0
2019-08-20 14:48:13,606 INFO  server.AuthenticationFilter (AuthenticationFilter.java:constructSecretProvider(240)) - Unable to initialize FileSignerSecretProvider, falling back to use random secrets.
2019-08-20 14:48:13,606 WARN  http.HttpRequestLog (HttpRequestLog.java:getRequestLog(97)) - Jetty request log can only be enabled using Log4j
2019-08-20 14:48:13,607 INFO  http.HttpServer2 (HttpServer2.java:addGlobalFilter(975)) - Added global filter 'safety' (class=org.apache.hadoop.http.HttpServer2$QuotingInputFilter)
2019-08-20 14:48:13,608 INFO  http.HttpServer2 (HttpServer2.java:addFilter(948)) - Added filter static_user_filter (class=org.apache.hadoop.http.lib.StaticUserWebFilter$StaticUserFilter) to context ozoneManager
2019-08-20 14:48:13,608 INFO  http.HttpServer2 (HttpServer2.java:addFilter(958)) - Added filter static_user_filter (class=org.apache.hadoop.http.lib.StaticUserWebFilter$StaticUserFilter) to context static
2019-08-20 14:48:13,608 INFO  http.HttpServer2 (HttpServer2.java:addFilter(958)) - Added filter static_user_filter (class=org.apache.hadoop.http.lib.StaticUserWebFilter$StaticUserFilter) to context logs
2019-08-20 14:48:13,609 INFO  http.HttpServer2 (HttpServer2.java:bindListener(1191)) - Jetty bound to port 36653
2019-08-20 14:48:13,609 INFO  server.Server (Server.java:doStart(351)) - jetty-9.3.24.v20180605, build timestamp: 2018-06-05T17:11:56Z, git hash: 84205aa28f11a4f31f2a3b86d1bba2cc8ab69827
2019-08-20 14:48:13,610 INFO  handler.ContextHandler (ContextHandler.java:doStart(781)) - Started o.e.j.s.ServletContextHandler@72168258{/logs,file:///workdir/hadoop-ozone/integration-test/target/log,AVAILABLE}
2019-08-20 14:48:13,610 INFO  handler.ContextHandler (ContextHandler.java:doStart(781)) - Started o.e.j.s.ServletContextHandler@b5ff70b{/static,file:///workdir/hadoop-ozone/integration-test/target/test-classes/webapps/static,AVAILABLE}
2019-08-20 14:48:13,614 INFO  handler.ContextHandler (ContextHandler.java:doStart(781)) - Started o.e.j.w.WebAppContext@6ffdbeef{/,file:///workdir/hadoop-ozone/integration-test/target/test-classes/webapps/ozoneManager/,AVAILABLE}{/ozoneManager}
2019-08-20 14:48:13,614 INFO  server.AbstractConnector (AbstractConnector.java:doStart(278)) - Started ServerConnector@4a3509b0{HTTP/1.1,[http/1.1]}{0.0.0.0:36653}
2019-08-20 14:48:13,616 INFO  server.Server (Server.java:doStart(419)) - Started @112763ms
2019-08-20 14:48:13,616 INFO  server.BaseHttpServer (BaseHttpServer.java:updateConnectorAddress(213)) - HTTP server of OZONEMANAGER is listening at http://0.0.0.0:36653
2019-08-20 14:48:13,631 INFO  impl.MetricsSystemImpl (MetricsSystemImpl.java:init(158)) - HddsDatanode metrics system started (again)
2019-08-20 14:48:13,633 INFO  ozone.HddsDatanodeService (HddsDatanodeService.java:start(184)) - HddsDatanodeService host:pr-hdds-1942-s8lb6-241747594 ip:192.168.36.107
2019-08-20 14:48:13,639 INFO  volume.HddsVolume (HddsVolume.java:<init>(176)) - Creating Volume: /workdir/hadoop-ozone/integration-test/target/test-dir/MiniOzoneClusterImpl-d88ca63d-595b-4155-815f-b7b6636ca230/datanode-0/data/containers/hdds of  storage type : DISK and capacity : 1482555576320
2019-08-20 14:48:13,639 INFO  volume.VolumeSet (VolumeSet.java:initializeVolumeSet(170)) - Added Volume : /workdir/hadoop-ozone/integration-test/target/test-dir/MiniOzoneClusterImpl-d88ca63d-595b-4155-815f-b7b6636ca230/datanode-0/data/containers/hdds to VolumeSet
2019-08-20 14:48:13,640 INFO  volume.ThrottledAsyncChecker (ThrottledAsyncChecker.java:schedule(140)) - Scheduling a check for org.apache.hadoop.ozone.container.common.volume.HddsVolume@7028b5cc
2019-08-20 14:48:13,640 INFO  volume.HddsVolumeChecker (HddsVolumeChecker.java:checkAllVolumes(203)) - Scheduled health check for volume org.apache.hadoop.ozone.container.common.volume.HddsVolume@7028b5cc
2019-08-20 14:48:13,656 INFO  impl.RaftServerProxy (ConfUtils.java:logGet(43)) - raft.rpc.type = GRPC (default)
2019-08-20 14:48:13,657 INFO  grpc.GrpcFactory (GrpcFactory.java:checkPooledByteBufAllocatorUseCacheForAllThreads(45)) - PERFORMANCE WARNING: useCacheForAllThreads is true that may cause Netty to create a lot garbage objects and, as a result, trigger GC.
	It is recommended to disable useCacheForAllThreads by setting -Dorg.apache.ratis.thirdparty.io.netty.allocator.useCacheForAllThreads=false in command line.
2019-08-20 14:48:13,657 INFO  grpc.GrpcConfigKeys$Server (ConfUtils.java:logGet(43)) - raft.grpc.server.port = 0 (default)
2019-08-20 14:48:13,657 INFO  server.GrpcService (ConfUtils.java:logGet(43)) - raft.grpc.message.size.max = 33570816 (custom)
2019-08-20 14:48:13,657 INFO  server.RaftServerConfigKeys (ConfUtils.java:logGet(43)) - raft.server.log.appender.buffer.byte-limit = 33554432 (custom)
2019-08-20 14:48:13,657 INFO  server.GrpcService (ConfUtils.java:logGet(43)) - raft.grpc.flow.control.window = 1MB (=1048576) (default)
2019-08-20 14:48:13,658 INFO  server.RaftServerConfigKeys (ConfUtils.java:logGet(43)) - raft.server.rpc.request.timeout = 3000ms (default)
2019-08-20 14:48:13,658 INFO  server.RaftServerConfigKeys (ConfUtils.java:logGet(43)) - raft.server.storage.dir = [/workdir/hadoop-ozone/integration-test/target/test-dir/MiniOzoneClusterImpl-d88ca63d-595b-4155-815f-b7b6636ca230/datanode-0/data/ratis] (custom)
2019-08-20 14:48:13,658 INFO  replication.SimpleContainerDownloader (SimpleContainerDownloader.java:<init>(72)) - Starting container downloader service to copy containers to replicate.
2019-08-20 14:48:13,659 INFO  hdfs.DFSUtil (DFSUtil.java:httpServerTemplateForNNAndJN(1641)) - Starting Web-server for hddsDatanode at: http://0.0.0.0:0
2019-08-20 14:48:13,664 INFO  server.AuthenticationFilter (AuthenticationFilter.java:constructSecretProvider(240)) - Unable to initialize FileSignerSecretProvider, falling back to use random secrets.
2019-08-20 14:48:13,664 WARN  http.HttpRequestLog (HttpRequestLog.java:getRequestLog(97)) - Jetty request log can only be enabled using Log4j
2019-08-20 14:48:13,665 INFO  http.HttpServer2 (HttpServer2.java:addGlobalFilter(975)) - Added global filter 'safety' (class=org.apache.hadoop.http.HttpServer2$QuotingInputFilter)
2019-08-20 14:48:13,666 INFO  http.HttpServer2 (HttpServer2.java:addFilter(948)) - Added filter static_user_filter (class=org.apache.hadoop.http.lib.StaticUserWebFilter$StaticUserFilter) to context hddsDatanode
2019-08-20 14:48:13,666 INFO  http.HttpServer2 (HttpServer2.java:addFilter(958)) - Added filter static_user_filter (class=org.apache.hadoop.http.lib.StaticUserWebFilter$StaticUserFilter) to context static
2019-08-20 14:48:13,666 INFO  http.HttpServer2 (HttpServer2.java:addFilter(958)) - Added filter static_user_filter (class=org.apache.hadoop.http.lib.StaticUserWebFilter$StaticUserFilter) to context logs
2019-08-20 14:48:13,667 INFO  http.HttpServer2 (HttpServer2.java:bindListener(1191)) - Jetty bound to port 39831
2019-08-20 14:48:13,667 INFO  server.Server (Server.java:doStart(351)) - jetty-9.3.24.v20180605, build timestamp: 2018-06-05T17:11:56Z, git hash: 84205aa28f11a4f31f2a3b86d1bba2cc8ab69827
2019-08-20 14:48:13,669 INFO  handler.ContextHandler (ContextHandler.java:doStart(781)) - Started o.e.j.s.ServletContextHandler@12404f9d{/logs,file:///workdir/hadoop-ozone/integration-test/target/log,AVAILABLE}
2019-08-20 14:48:13,670 INFO  handler.ContextHandler (ContextHandler.java:doStart(781)) - Started o.e.j.s.ServletContextHandler@4c164f81{/static,jar:file:/home/user/.m2/repository/org/apache/hadoop/hadoop-hdds-container-service/0.5.0-SNAPSHOT/hadoop-hdds-container-service-0.5.0-SNAPSHOT.jar!/webapps/static,AVAILABLE}
2019-08-20 14:48:13,706 INFO  handler.ContextHandler (ContextHandler.java:doStart(781)) - Started o.e.j.w.WebAppContext@5d15789f{/,file:///tmp/jetty-0.0.0.0-39831-hddsDatanode-_-any-8529406449769428834.dir/webapp/,AVAILABLE}{/hddsDatanode}
2019-08-20 14:48:13,709 INFO  server.AbstractConnector (AbstractConnector.java:doStart(278)) - Started ServerConnector@5abb7a8f{HTTP/1.1,[http/1.1]}{0.0.0.0:39831}
2019-08-20 14:48:13,709 INFO  server.Server (Server.java:doStart(419)) - Started @112857ms
2019-08-20 14:48:13,710 INFO  server.BaseHttpServer (BaseHttpServer.java:updateConnectorAddress(213)) - HTTP server of HDDSDATANODE is listening at http://0.0.0.0:39831
2019-08-20 14:48:13,824 INFO  ozone.HddsDatanodeService (HddsDatanodeService.java:startPlugins(395)) - Started plug-in org.apache.hadoop.ozone.web.OzoneHddsDatanodeService@1ab1d93d
2019-08-20 14:48:13,825 INFO  impl.MetricsSystemImpl (MetricsSystemImpl.java:init(158)) - HddsDatanode metrics system started (again)
2019-08-20 14:48:13,827 INFO  util.JvmPauseMonitor (JvmPauseMonitor.java:run(188)) - Starting JVM pause monitor
2019-08-20 14:48:13,828 INFO  ozone.HddsDatanodeService (HddsDatanodeService.java:start(184)) - HddsDatanodeService host:pr-hdds-1942-s8lb6-241747594 ip:192.168.36.107
2019-08-20 14:48:13,829 INFO  datanode.InitDatanodeState (InitDatanodeState.java:persistContainerDatanodeDetails(140)) - DatanodeDetails is persisted to /workdir/hadoop-ozone/integration-test/target/test-dir/MiniOzoneClusterImpl-d88ca63d-595b-4155-815f-b7b6636ca230/datanode-0/meta/datanode.id
2019-08-20 14:48:13,835 INFO  volume.HddsVolume (HddsVolume.java:<init>(176)) - Creating Volume: /workdir/hadoop-ozone/integration-test/target/test-dir/MiniOzoneClusterImpl-d88ca63d-595b-4155-815f-b7b6636ca230/datanode-1/data/containers/hdds of  storage type : DISK and capacity : 1482555576320
2019-08-20 14:48:13,836 INFO  volume.VolumeSet (VolumeSet.java:initializeVolumeSet(170)) - Added Volume : /workdir/hadoop-ozone/integration-test/target/test-dir/MiniOzoneClusterImpl-d88ca63d-595b-4155-815f-b7b6636ca230/datanode-1/data/containers/hdds to VolumeSet
2019-08-20 14:48:13,836 INFO  volume.ThrottledAsyncChecker (ThrottledAsyncChecker.java:schedule(140)) - Scheduling a check for org.apache.hadoop.ozone.container.common.volume.HddsVolume@b3042ed
2019-08-20 14:48:13,836 INFO  volume.HddsVolumeChecker (HddsVolumeChecker.java:checkAllVolumes(203)) - Scheduled health check for volume org.apache.hadoop.ozone.container.common.volume.HddsVolume@b3042ed
2019-08-20 14:48:13,850 INFO  impl.RaftServerProxy (ConfUtils.java:logGet(43)) - raft.rpc.type = GRPC (default)
2019-08-20 14:48:13,850 INFO  grpc.GrpcFactory (GrpcFactory.java:checkPooledByteBufAllocatorUseCacheForAllThreads(45)) - PERFORMANCE WARNING: useCacheForAllThreads is true that may cause Netty to create a lot garbage objects and, as a result, trigger GC.
	It is recommended to disable useCacheForAllThreads by setting -Dorg.apache.ratis.thirdparty.io.netty.allocator.useCacheForAllThreads=false in command line.
2019-08-20 14:48:13,850 INFO  grpc.GrpcConfigKeys$Server (ConfUtils.java:logGet(43)) - raft.grpc.server.port = 0 (default)
2019-08-20 14:48:13,851 INFO  server.GrpcService (ConfUtils.java:logGet(43)) - raft.grpc.message.size.max = 33570816 (custom)
2019-08-20 14:48:13,851 INFO  server.RaftServerConfigKeys (ConfUtils.java:logGet(43)) - raft.server.log.appender.buffer.byte-limit = 33554432 (custom)
2019-08-20 14:48:13,851 INFO  server.GrpcService (ConfUtils.java:logGet(43)) - raft.grpc.flow.control.window = 1MB (=1048576) (default)
2019-08-20 14:48:13,851 INFO  server.RaftServerConfigKeys (ConfUtils.java:logGet(43)) - raft.server.rpc.request.timeout = 3000ms (default)
2019-08-20 14:48:13,852 INFO  server.RaftServerConfigKeys (ConfUtils.java:logGet(43)) - raft.server.storage.dir = [/workdir/hadoop-ozone/integration-test/target/test-dir/MiniOzoneClusterImpl-d88ca63d-595b-4155-815f-b7b6636ca230/datanode-1/data/ratis] (custom)
2019-08-20 14:48:13,852 INFO  replication.SimpleContainerDownloader (SimpleContainerDownloader.java:<init>(72)) - Starting container downloader service to copy containers to replicate.
2019-08-20 14:48:13,854 INFO  hdfs.DFSUtil (DFSUtil.java:httpServerTemplateForNNAndJN(1641)) - Starting Web-server for hddsDatanode at: http://0.0.0.0:0
2019-08-20 14:48:13,855 INFO  server.AuthenticationFilter (AuthenticationFilter.java:constructSecretProvider(240)) - Unable to initialize FileSignerSecretProvider, falling back to use random secrets.
2019-08-20 14:48:13,855 WARN  http.HttpRequestLog (HttpRequestLog.java:getRequestLog(97)) - Jetty request log can only be enabled using Log4j
2019-08-20 14:48:13,857 INFO  http.HttpServer2 (HttpServer2.java:addGlobalFilter(975)) - Added global filter 'safety' (class=org.apache.hadoop.http.HttpServer2$QuotingInputFilter)
2019-08-20 14:48:13,857 INFO  http.HttpServer2 (HttpServer2.java:addFilter(948)) - Added filter static_user_filter (class=org.apache.hadoop.http.lib.StaticUserWebFilter$StaticUserFilter) to context hddsDatanode
2019-08-20 14:48:13,857 INFO  http.HttpServer2 (HttpServer2.java:addFilter(958)) - Added filter static_user_filter (class=org.apache.hadoop.http.lib.StaticUserWebFilter$StaticUserFilter) to context logs
2019-08-20 14:48:13,857 INFO  http.HttpServer2 (HttpServer2.java:addFilter(958)) - Added filter static_user_filter (class=org.apache.hadoop.http.lib.StaticUserWebFilter$StaticUserFilter) to context static
2019-08-20 14:48:13,858 INFO  http.HttpServer2 (HttpServer2.java:bindListener(1191)) - Jetty bound to port 38152
2019-08-20 14:48:13,858 INFO  server.Server (Server.java:doStart(351)) - jetty-9.3.24.v20180605, build timestamp: 2018-06-05T17:11:56Z, git hash: 84205aa28f11a4f31f2a3b86d1bba2cc8ab69827
2019-08-20 14:48:13,860 INFO  handler.ContextHandler (ContextHandler.java:doStart(781)) - Started o.e.j.s.ServletContextHandler@1d008e61{/logs,file:///workdir/hadoop-ozone/integration-test/target/log,AVAILABLE}
2019-08-20 14:48:13,860 INFO  handler.ContextHandler (ContextHandler.java:doStart(781)) - Started o.e.j.s.ServletContextHandler@5de243bb{/static,jar:file:/home/user/.m2/repository/org/apache/hadoop/hadoop-hdds-container-service/0.5.0-SNAPSHOT/hadoop-hdds-container-service-0.5.0-SNAPSHOT.jar!/webapps/static,AVAILABLE}
2019-08-20 14:48:13,888 INFO  handler.ContextHandler (ContextHandler.java:doStart(781)) - Started o.e.j.w.WebAppContext@58a7a58d{/,file:///tmp/jetty-0.0.0.0-38152-hddsDatanode-_-any-2342625135757334652.dir/webapp/,AVAILABLE}{/hddsDatanode}
2019-08-20 14:48:13,888 INFO  server.AbstractConnector (AbstractConnector.java:doStart(278)) - Started ServerConnector@4d8522ff{HTTP/1.1,[http/1.1]}{0.0.0.0:38152}
2019-08-20 14:48:13,890 INFO  server.Server (Server.java:doStart(419)) - Started @113037ms
2019-08-20 14:48:13,890 INFO  server.BaseHttpServer (BaseHttpServer.java:updateConnectorAddress(213)) - HTTP server of HDDSDATANODE is listening at http://0.0.0.0:38152
2019-08-20 14:48:14,036 INFO  ozone.HddsDatanodeService (HddsDatanodeService.java:startPlugins(395)) - Started plug-in org.apache.hadoop.ozone.web.OzoneHddsDatanodeService@1e01b195
2019-08-20 14:48:14,037 INFO  impl.MetricsSystemImpl (MetricsSystemImpl.java:init(158)) - HddsDatanode metrics system started (again)
2019-08-20 14:48:14,039 INFO  util.JvmPauseMonitor (JvmPauseMonitor.java:run(188)) - Starting JVM pause monitor
2019-08-20 14:48:14,040 INFO  ozone.HddsDatanodeService (HddsDatanodeService.java:start(184)) - HddsDatanodeService host:pr-hdds-1942-s8lb6-241747594 ip:192.168.36.107
2019-08-20 14:48:14,041 INFO  datanode.InitDatanodeState (InitDatanodeState.java:persistContainerDatanodeDetails(140)) - DatanodeDetails is persisted to /workdir/hadoop-ozone/integration-test/target/test-dir/MiniOzoneClusterImpl-d88ca63d-595b-4155-815f-b7b6636ca230/datanode-1/meta/datanode.id
2019-08-20 14:48:14,046 INFO  volume.HddsVolume (HddsVolume.java:<init>(176)) - Creating Volume: /workdir/hadoop-ozone/integration-test/target/test-dir/MiniOzoneClusterImpl-d88ca63d-595b-4155-815f-b7b6636ca230/datanode-2/data/containers/hdds of  storage type : DISK and capacity : 1482555576320
2019-08-20 14:48:14,047 INFO  volume.VolumeSet (VolumeSet.java:initializeVolumeSet(170)) - Added Volume : /workdir/hadoop-ozone/integration-test/target/test-dir/MiniOzoneClusterImpl-d88ca63d-595b-4155-815f-b7b6636ca230/datanode-2/data/containers/hdds to VolumeSet
2019-08-20 14:48:14,047 INFO  volume.ThrottledAsyncChecker (ThrottledAsyncChecker.java:schedule(140)) - Scheduling a check for org.apache.hadoop.ozone.container.common.volume.HddsVolume@675230cd
2019-08-20 14:48:14,047 INFO  volume.HddsVolumeChecker (HddsVolumeChecker.java:checkAllVolumes(203)) - Scheduled health check for volume org.apache.hadoop.ozone.container.common.volume.HddsVolume@675230cd
2019-08-20 14:48:14,063 INFO  impl.RaftServerProxy (ConfUtils.java:logGet(43)) - raft.rpc.type = GRPC (default)
2019-08-20 14:48:14,063 INFO  grpc.GrpcFactory (GrpcFactory.java:checkPooledByteBufAllocatorUseCacheForAllThreads(45)) - PERFORMANCE WARNING: useCacheForAllThreads is true that may cause Netty to create a lot garbage objects and, as a result, trigger GC.
	It is recommended to disable useCacheForAllThreads by setting -Dorg.apache.ratis.thirdparty.io.netty.allocator.useCacheForAllThreads=false in command line.
2019-08-20 14:48:14,063 INFO  grpc.GrpcConfigKeys$Server (ConfUtils.java:logGet(43)) - raft.grpc.server.port = 0 (default)
2019-08-20 14:48:14,063 INFO  server.GrpcService (ConfUtils.java:logGet(43)) - raft.grpc.message.size.max = 33570816 (custom)
2019-08-20 14:48:14,064 INFO  server.RaftServerConfigKeys (ConfUtils.java:logGet(43)) - raft.server.log.appender.buffer.byte-limit = 33554432 (custom)
2019-08-20 14:48:14,064 INFO  server.GrpcService (ConfUtils.java:logGet(43)) - raft.grpc.flow.control.window = 1MB (=1048576) (default)
2019-08-20 14:48:14,064 INFO  server.RaftServerConfigKeys (ConfUtils.java:logGet(43)) - raft.server.rpc.request.timeout = 3000ms (default)
2019-08-20 14:48:14,064 INFO  server.RaftServerConfigKeys (ConfUtils.java:logGet(43)) - raft.server.storage.dir = [/workdir/hadoop-ozone/integration-test/target/test-dir/MiniOzoneClusterImpl-d88ca63d-595b-4155-815f-b7b6636ca230/datanode-2/data/ratis] (custom)
2019-08-20 14:48:14,065 INFO  replication.SimpleContainerDownloader (SimpleContainerDownloader.java:<init>(72)) - Starting container downloader service to copy containers to replicate.
2019-08-20 14:48:14,066 INFO  hdfs.DFSUtil (DFSUtil.java:httpServerTemplateForNNAndJN(1641)) - Starting Web-server for hddsDatanode at: http://0.0.0.0:0
2019-08-20 14:48:14,067 INFO  server.AuthenticationFilter (AuthenticationFilter.java:constructSecretProvider(240)) - Unable to initialize FileSignerSecretProvider, falling back to use random secrets.
2019-08-20 14:48:14,067 WARN  http.HttpRequestLog (HttpRequestLog.java:getRequestLog(97)) - Jetty request log can only be enabled using Log4j
2019-08-20 14:48:14,069 INFO  http.HttpServer2 (HttpServer2.java:addGlobalFilter(975)) - Added global filter 'safety' (class=org.apache.hadoop.http.HttpServer2$QuotingInputFilter)
2019-08-20 14:48:14,069 INFO  http.HttpServer2 (HttpServer2.java:addFilter(948)) - Added filter static_user_filter (class=org.apache.hadoop.http.lib.StaticUserWebFilter$StaticUserFilter) to context hddsDatanode
2019-08-20 14:48:14,069 INFO  http.HttpServer2 (HttpServer2.java:addFilter(958)) - Added filter static_user_filter (class=org.apache.hadoop.http.lib.StaticUserWebFilter$StaticUserFilter) to context logs
2019-08-20 14:48:14,069 INFO  http.HttpServer2 (HttpServer2.java:addFilter(958)) - Added filter static_user_filter (class=org.apache.hadoop.http.lib.StaticUserWebFilter$StaticUserFilter) to context static
2019-08-20 14:48:14,070 INFO  http.HttpServer2 (HttpServer2.java:bindListener(1191)) - Jetty bound to port 38838
2019-08-20 14:48:14,070 INFO  server.Server (Server.java:doStart(351)) - jetty-9.3.24.v20180605, build timestamp: 2018-06-05T17:11:56Z, git hash: 84205aa28f11a4f31f2a3b86d1bba2cc8ab69827
2019-08-20 14:48:14,072 INFO  handler.ContextHandler (ContextHandler.java:doStart(781)) - Started o.e.j.s.ServletContextHandler@4b475742{/logs,file:///workdir/hadoop-ozone/integration-test/target/log,AVAILABLE}
2019-08-20 14:48:14,072 INFO  handler.ContextHandler (ContextHandler.java:doStart(781)) - Started o.e.j.s.ServletContextHandler@dbca149{/static,jar:file:/home/user/.m2/repository/org/apache/hadoop/hadoop-hdds-container-service/0.5.0-SNAPSHOT/hadoop-hdds-container-service-0.5.0-SNAPSHOT.jar!/webapps/static,AVAILABLE}
2019-08-20 14:48:14,100 INFO  handler.ContextHandler (ContextHandler.java:doStart(781)) - Started o.e.j.w.WebAppContext@2520010e{/,file:///tmp/jetty-0.0.0.0-38838-hddsDatanode-_-any-4324339861045676716.dir/webapp/,AVAILABLE}{/hddsDatanode}
2019-08-20 14:48:14,100 INFO  server.AbstractConnector (AbstractConnector.java:doStart(278)) - Started ServerConnector@163fbbc9{HTTP/1.1,[http/1.1]}{0.0.0.0:38838}
2019-08-20 14:48:14,102 INFO  server.Server (Server.java:doStart(419)) - Started @113249ms
2019-08-20 14:48:14,102 INFO  server.BaseHttpServer (BaseHttpServer.java:updateConnectorAddress(213)) - HTTP server of HDDSDATANODE is listening at http://0.0.0.0:38838
2019-08-20 14:48:14,263 INFO  ozone.HddsDatanodeService (HddsDatanodeService.java:startPlugins(395)) - Started plug-in org.apache.hadoop.ozone.web.OzoneHddsDatanodeService@2555a986
2019-08-20 14:48:14,264 INFO  impl.MetricsSystemImpl (MetricsSystemImpl.java:init(158)) - HddsDatanode metrics system started (again)
2019-08-20 14:48:14,266 INFO  util.JvmPauseMonitor (JvmPauseMonitor.java:run(188)) - Starting JVM pause monitor
2019-08-20 14:48:14,267 INFO  ozone.HddsDatanodeService (HddsDatanodeService.java:start(184)) - HddsDatanodeService host:pr-hdds-1942-s8lb6-241747594 ip:192.168.36.107
2019-08-20 14:48:14,268 INFO  datanode.InitDatanodeState (InitDatanodeState.java:persistContainerDatanodeDetails(140)) - DatanodeDetails is persisted to /workdir/hadoop-ozone/integration-test/target/test-dir/MiniOzoneClusterImpl-d88ca63d-595b-4155-815f-b7b6636ca230/datanode-2/meta/datanode.id
2019-08-20 14:48:14,275 INFO  volume.HddsVolume (HddsVolume.java:<init>(176)) - Creating Volume: /workdir/hadoop-ozone/integration-test/target/test-dir/MiniOzoneClusterImpl-d88ca63d-595b-4155-815f-b7b6636ca230/datanode-3/data/containers/hdds of  storage type : DISK and capacity : 1482555576320
2019-08-20 14:48:14,275 INFO  volume.VolumeSet (VolumeSet.java:initializeVolumeSet(170)) - Added Volume : /workdir/hadoop-ozone/integration-test/target/test-dir/MiniOzoneClusterImpl-d88ca63d-595b-4155-815f-b7b6636ca230/datanode-3/data/containers/hdds to VolumeSet
2019-08-20 14:48:14,276 INFO  volume.ThrottledAsyncChecker (ThrottledAsyncChecker.java:schedule(140)) - Scheduling a check for org.apache.hadoop.ozone.container.common.volume.HddsVolume@15ee8861
2019-08-20 14:48:14,276 INFO  volume.HddsVolumeChecker (HddsVolumeChecker.java:checkAllVolumes(203)) - Scheduled health check for volume org.apache.hadoop.ozone.container.common.volume.HddsVolume@15ee8861
2019-08-20 14:48:14,293 INFO  impl.RaftServerProxy (ConfUtils.java:logGet(43)) - raft.rpc.type = GRPC (default)
2019-08-20 14:48:14,293 INFO  grpc.GrpcFactory (GrpcFactory.java:checkPooledByteBufAllocatorUseCacheForAllThreads(45)) - PERFORMANCE WARNING: useCacheForAllThreads is true that may cause Netty to create a lot garbage objects and, as a result, trigger GC.
	It is recommended to disable useCacheForAllThreads by setting -Dorg.apache.ratis.thirdparty.io.netty.allocator.useCacheForAllThreads=false in command line.
2019-08-20 14:48:14,293 INFO  grpc.GrpcConfigKeys$Server (ConfUtils.java:logGet(43)) - raft.grpc.server.port = 0 (default)
2019-08-20 14:48:14,294 INFO  server.GrpcService (ConfUtils.java:logGet(43)) - raft.grpc.message.size.max = 33570816 (custom)
2019-08-20 14:48:14,294 INFO  server.RaftServerConfigKeys (ConfUtils.java:logGet(43)) - raft.server.log.appender.buffer.byte-limit = 33554432 (custom)
2019-08-20 14:48:14,294 INFO  server.GrpcService (ConfUtils.java:logGet(43)) - raft.grpc.flow.control.window = 1MB (=1048576) (default)
2019-08-20 14:48:14,294 INFO  server.RaftServerConfigKeys (ConfUtils.java:logGet(43)) - raft.server.rpc.request.timeout = 3000ms (default)
2019-08-20 14:48:14,295 INFO  server.RaftServerConfigKeys (ConfUtils.java:logGet(43)) - raft.server.storage.dir = [/workdir/hadoop-ozone/integration-test/target/test-dir/MiniOzoneClusterImpl-d88ca63d-595b-4155-815f-b7b6636ca230/datanode-3/data/ratis] (custom)
2019-08-20 14:48:14,295 INFO  replication.SimpleContainerDownloader (SimpleContainerDownloader.java:<init>(72)) - Starting container downloader service to copy containers to replicate.
2019-08-20 14:48:14,296 INFO  hdfs.DFSUtil (DFSUtil.java:httpServerTemplateForNNAndJN(1641)) - Starting Web-server for hddsDatanode at: http://0.0.0.0:0
2019-08-20 14:48:14,298 INFO  server.AuthenticationFilter (AuthenticationFilter.java:constructSecretProvider(240)) - Unable to initialize FileSignerSecretProvider, falling back to use random secrets.
2019-08-20 14:48:14,298 WARN  http.HttpRequestLog (HttpRequestLog.java:getRequestLog(97)) - Jetty request log can only be enabled using Log4j
2019-08-20 14:48:14,300 INFO  http.HttpServer2 (HttpServer2.java:addGlobalFilter(975)) - Added global filter 'safety' (class=org.apache.hadoop.http.HttpServer2$QuotingInputFilter)
2019-08-20 14:48:14,300 INFO  http.HttpServer2 (HttpServer2.java:addFilter(948)) - Added filter static_user_filter (class=org.apache.hadoop.http.lib.StaticUserWebFilter$StaticUserFilter) to context hddsDatanode
2019-08-20 14:48:14,300 INFO  http.HttpServer2 (HttpServer2.java:addFilter(958)) - Added filter static_user_filter (class=org.apache.hadoop.http.lib.StaticUserWebFilter$StaticUserFilter) to context logs
2019-08-20 14:48:14,300 INFO  http.HttpServer2 (HttpServer2.java:addFilter(958)) - Added filter static_user_filter (class=org.apache.hadoop.http.lib.StaticUserWebFilter$StaticUserFilter) to context static
2019-08-20 14:48:14,301 INFO  http.HttpServer2 (HttpServer2.java:bindListener(1191)) - Jetty bound to port 38478
2019-08-20 14:48:14,301 INFO  server.Server (Server.java:doStart(351)) - jetty-9.3.24.v20180605, build timestamp: 2018-06-05T17:11:56Z, git hash: 84205aa28f11a4f31f2a3b86d1bba2cc8ab69827
2019-08-20 14:48:14,303 INFO  handler.ContextHandler (ContextHandler.java:doStart(781)) - Started o.e.j.s.ServletContextHandler@60e80279{/logs,file:///workdir/hadoop-ozone/integration-test/target/log,AVAILABLE}
2019-08-20 14:48:14,303 INFO  handler.ContextHandler (ContextHandler.java:doStart(781)) - Started o.e.j.s.ServletContextHandler@1382a7d8{/static,jar:file:/home/user/.m2/repository/org/apache/hadoop/hadoop-hdds-container-service/0.5.0-SNAPSHOT/hadoop-hdds-container-service-0.5.0-SNAPSHOT.jar!/webapps/static,AVAILABLE}
2019-08-20 14:48:14,329 INFO  handler.ContextHandler (ContextHandler.java:doStart(781)) - Started o.e.j.w.WebAppContext@1c7744c1{/,file:///tmp/jetty-0.0.0.0-38478-hddsDatanode-_-any-7517154958553787998.dir/webapp/,AVAILABLE}{/hddsDatanode}
2019-08-20 14:48:14,329 INFO  server.AbstractConnector (AbstractConnector.java:doStart(278)) - Started ServerConnector@320e179f{HTTP/1.1,[http/1.1]}{0.0.0.0:38478}
2019-08-20 14:48:14,331 INFO  server.Server (Server.java:doStart(419)) - Started @113478ms
2019-08-20 14:48:14,331 INFO  server.BaseHttpServer (BaseHttpServer.java:updateConnectorAddress(213)) - HTTP server of HDDSDATANODE is listening at http://0.0.0.0:38478
2019-08-20 14:48:14,450 INFO  ozone.HddsDatanodeService (HddsDatanodeService.java:startPlugins(395)) - Started plug-in org.apache.hadoop.ozone.web.OzoneHddsDatanodeService@4452e13c
2019-08-20 14:48:14,450 INFO  impl.MetricsSystemImpl (MetricsSystemImpl.java:init(158)) - HddsDatanode metrics system started (again)
2019-08-20 14:48:14,451 INFO  util.JvmPauseMonitor (JvmPauseMonitor.java:run(188)) - Starting JVM pause monitor
2019-08-20 14:48:14,452 INFO  datanode.InitDatanodeState (InitDatanodeState.java:persistContainerDatanodeDetails(140)) - DatanodeDetails is persisted to /workdir/hadoop-ozone/integration-test/target/test-dir/MiniOzoneClusterImpl-d88ca63d-595b-4155-815f-b7b6636ca230/datanode-3/meta/datanode.id
2019-08-20 14:48:14,455 INFO  ozone.HddsDatanodeService (HddsDatanodeService.java:start(184)) - HddsDatanodeService host:pr-hdds-1942-s8lb6-241747594 ip:192.168.36.107
2019-08-20 14:48:14,468 INFO  volume.HddsVolume (HddsVolume.java:<init>(176)) - Creating Volume: /workdir/hadoop-ozone/integration-test/target/test-dir/MiniOzoneClusterImpl-d88ca63d-595b-4155-815f-b7b6636ca230/datanode-4/data/containers/hdds of  storage type : DISK and capacity : 1482555576320
2019-08-20 14:48:14,469 INFO  volume.VolumeSet (VolumeSet.java:initializeVolumeSet(170)) - Added Volume : /workdir/hadoop-ozone/integration-test/target/test-dir/MiniOzoneClusterImpl-d88ca63d-595b-4155-815f-b7b6636ca230/datanode-4/data/containers/hdds to VolumeSet
2019-08-20 14:48:14,469 INFO  volume.ThrottledAsyncChecker (ThrottledAsyncChecker.java:schedule(140)) - Scheduling a check for org.apache.hadoop.ozone.container.common.volume.HddsVolume@3fad8636
2019-08-20 14:48:14,469 INFO  volume.HddsVolumeChecker (HddsVolumeChecker.java:checkAllVolumes(203)) - Scheduled health check for volume org.apache.hadoop.ozone.container.common.volume.HddsVolume@3fad8636
2019-08-20 14:48:14,483 INFO  impl.RaftServerProxy (ConfUtils.java:logGet(43)) - raft.rpc.type = GRPC (default)
2019-08-20 14:48:14,484 INFO  grpc.GrpcFactory (GrpcFactory.java:checkPooledByteBufAllocatorUseCacheForAllThreads(45)) - PERFORMANCE WARNING: useCacheForAllThreads is true that may cause Netty to create a lot garbage objects and, as a result, trigger GC.
	It is recommended to disable useCacheForAllThreads by setting -Dorg.apache.ratis.thirdparty.io.netty.allocator.useCacheForAllThreads=false in command line.
2019-08-20 14:48:14,484 INFO  grpc.GrpcConfigKeys$Server (ConfUtils.java:logGet(43)) - raft.grpc.server.port = 0 (default)
2019-08-20 14:48:14,484 INFO  server.GrpcService (ConfUtils.java:logGet(43)) - raft.grpc.message.size.max = 33570816 (custom)
2019-08-20 14:48:14,484 INFO  server.RaftServerConfigKeys (ConfUtils.java:logGet(43)) - raft.server.log.appender.buffer.byte-limit = 33554432 (custom)
2019-08-20 14:48:14,484 INFO  server.GrpcService (ConfUtils.java:logGet(43)) - raft.grpc.flow.control.window = 1MB (=1048576) (default)
2019-08-20 14:48:14,485 INFO  server.RaftServerConfigKeys (ConfUtils.java:logGet(43)) - raft.server.rpc.request.timeout = 3000ms (default)
2019-08-20 14:48:14,485 INFO  server.RaftServerConfigKeys (ConfUtils.java:logGet(43)) - raft.server.storage.dir = [/workdir/hadoop-ozone/integration-test/target/test-dir/MiniOzoneClusterImpl-d88ca63d-595b-4155-815f-b7b6636ca230/datanode-4/data/ratis] (custom)
2019-08-20 14:48:14,485 INFO  replication.SimpleContainerDownloader (SimpleContainerDownloader.java:<init>(72)) - Starting container downloader service to copy containers to replicate.
2019-08-20 14:48:14,486 INFO  hdfs.DFSUtil (DFSUtil.java:httpServerTemplateForNNAndJN(1641)) - Starting Web-server for hddsDatanode at: http://0.0.0.0:0
2019-08-20 14:48:14,487 INFO  server.AuthenticationFilter (AuthenticationFilter.java:constructSecretProvider(240)) - Unable to initialize FileSignerSecretProvider, falling back to use random secrets.
2019-08-20 14:48:14,488 WARN  http.HttpRequestLog (HttpRequestLog.java:getRequestLog(97)) - Jetty request log can only be enabled using Log4j
2019-08-20 14:48:14,489 INFO  http.HttpServer2 (HttpServer2.java:addGlobalFilter(975)) - Added global filter 'safety' (class=org.apache.hadoop.http.HttpServer2$QuotingInputFilter)
2019-08-20 14:48:14,489 INFO  http.HttpServer2 (HttpServer2.java:addFilter(948)) - Added filter static_user_filter (class=org.apache.hadoop.http.lib.StaticUserWebFilter$StaticUserFilter) to context hddsDatanode
2019-08-20 14:48:14,489 INFO  http.HttpServer2 (HttpServer2.java:addFilter(958)) - Added filter static_user_filter (class=org.apache.hadoop.http.lib.StaticUserWebFilter$StaticUserFilter) to context static
2019-08-20 14:48:14,489 INFO  http.HttpServer2 (HttpServer2.java:addFilter(958)) - Added filter static_user_filter (class=org.apache.hadoop.http.lib.StaticUserWebFilter$StaticUserFilter) to context logs
2019-08-20 14:48:14,490 INFO  http.HttpServer2 (HttpServer2.java:bindListener(1191)) - Jetty bound to port 33092
2019-08-20 14:48:14,490 INFO  server.Server (Server.java:doStart(351)) - jetty-9.3.24.v20180605, build timestamp: 2018-06-05T17:11:56Z, git hash: 84205aa28f11a4f31f2a3b86d1bba2cc8ab69827
2019-08-20 14:48:14,492 INFO  handler.ContextHandler (ContextHandler.java:doStart(781)) - Started o.e.j.s.ServletContextHandler@6963b0bd{/logs,file:///workdir/hadoop-ozone/integration-test/target/log,AVAILABLE}
2019-08-20 14:48:14,492 INFO  handler.ContextHandler (ContextHandler.java:doStart(781)) - Started o.e.j.s.ServletContextHandler@49741274{/static,jar:file:/home/user/.m2/repository/org/apache/hadoop/hadoop-hdds-container-service/0.5.0-SNAPSHOT/hadoop-hdds-container-service-0.5.0-SNAPSHOT.jar!/webapps/static,AVAILABLE}
2019-08-20 14:48:14,519 INFO  handler.ContextHandler (ContextHandler.java:doStart(781)) - Started o.e.j.w.WebAppContext@3b50f432{/,file:///tmp/jetty-0.0.0.0-33092-hddsDatanode-_-any-7092488392828227079.dir/webapp/,AVAILABLE}{/hddsDatanode}
2019-08-20 14:48:14,520 INFO  server.AbstractConnector (AbstractConnector.java:doStart(278)) - Started ServerConnector@3fe5ad73{HTTP/1.1,[http/1.1]}{0.0.0.0:33092}
2019-08-20 14:48:14,521 INFO  server.Server (Server.java:doStart(419)) - Started @113669ms
2019-08-20 14:48:14,522 INFO  server.BaseHttpServer (BaseHttpServer.java:updateConnectorAddress(213)) - HTTP server of HDDSDATANODE is listening at http://0.0.0.0:33092
2019-08-20 14:48:14,615 INFO  ozone.HddsDatanodeService (HddsDatanodeService.java:startPlugins(395)) - Started plug-in org.apache.hadoop.ozone.web.OzoneHddsDatanodeService@29eaf100
2019-08-20 14:48:14,616 INFO  impl.MetricsSystemImpl (MetricsSystemImpl.java:init(158)) - HddsDatanode metrics system started (again)
2019-08-20 14:48:14,619 INFO  util.JvmPauseMonitor (JvmPauseMonitor.java:run(188)) - Starting JVM pause monitor
2019-08-20 14:48:14,619 INFO  ozone.HddsDatanodeService (HddsDatanodeService.java:start(184)) - HddsDatanodeService host:pr-hdds-1942-s8lb6-241747594 ip:192.168.36.107
2019-08-20 14:48:14,620 INFO  datanode.InitDatanodeState (InitDatanodeState.java:persistContainerDatanodeDetails(140)) - DatanodeDetails is persisted to /workdir/hadoop-ozone/integration-test/target/test-dir/MiniOzoneClusterImpl-d88ca63d-595b-4155-815f-b7b6636ca230/datanode-4/meta/datanode.id
2019-08-20 14:48:14,625 INFO  volume.HddsVolume (HddsVolume.java:<init>(176)) - Creating Volume: /workdir/hadoop-ozone/integration-test/target/test-dir/MiniOzoneClusterImpl-d88ca63d-595b-4155-815f-b7b6636ca230/datanode-5/data/containers/hdds of  storage type : DISK and capacity : 1482555576320
2019-08-20 14:48:14,626 INFO  volume.VolumeSet (VolumeSet.java:initializeVolumeSet(170)) - Added Volume : /workdir/hadoop-ozone/integration-test/target/test-dir/MiniOzoneClusterImpl-d88ca63d-595b-4155-815f-b7b6636ca230/datanode-5/data/containers/hdds to VolumeSet
2019-08-20 14:48:14,626 INFO  volume.ThrottledAsyncChecker (ThrottledAsyncChecker.java:schedule(140)) - Scheduling a check for org.apache.hadoop.ozone.container.common.volume.HddsVolume@1b06dc57
2019-08-20 14:48:14,626 INFO  volume.HddsVolumeChecker (HddsVolumeChecker.java:checkAllVolumes(203)) - Scheduled health check for volume org.apache.hadoop.ozone.container.common.volume.HddsVolume@1b06dc57
2019-08-20 14:48:14,639 INFO  impl.RaftServerProxy (ConfUtils.java:logGet(43)) - raft.rpc.type = GRPC (default)
2019-08-20 14:48:14,639 INFO  grpc.GrpcFactory (GrpcFactory.java:checkPooledByteBufAllocatorUseCacheForAllThreads(45)) - PERFORMANCE WARNING: useCacheForAllThreads is true that may cause Netty to create a lot garbage objects and, as a result, trigger GC.
	It is recommended to disable useCacheForAllThreads by setting -Dorg.apache.ratis.thirdparty.io.netty.allocator.useCacheForAllThreads=false in command line.
2019-08-20 14:48:14,639 INFO  grpc.GrpcConfigKeys$Server (ConfUtils.java:logGet(43)) - raft.grpc.server.port = 0 (default)
2019-08-20 14:48:14,640 INFO  server.GrpcService (ConfUtils.java:logGet(43)) - raft.grpc.message.size.max = 33570816 (custom)
2019-08-20 14:48:14,640 INFO  server.RaftServerConfigKeys (ConfUtils.java:logGet(43)) - raft.server.log.appender.buffer.byte-limit = 33554432 (custom)
2019-08-20 14:48:14,640 INFO  server.GrpcService (ConfUtils.java:logGet(43)) - raft.grpc.flow.control.window = 1MB (=1048576) (default)
2019-08-20 14:48:14,640 INFO  server.RaftServerConfigKeys (ConfUtils.java:logGet(43)) - raft.server.rpc.request.timeout = 3000ms (default)
2019-08-20 14:48:14,641 INFO  server.RaftServerConfigKeys (ConfUtils.java:logGet(43)) - raft.server.storage.dir = [/workdir/hadoop-ozone/integration-test/target/test-dir/MiniOzoneClusterImpl-d88ca63d-595b-4155-815f-b7b6636ca230/datanode-5/data/ratis] (custom)
2019-08-20 14:48:14,641 INFO  replication.SimpleContainerDownloader (SimpleContainerDownloader.java:<init>(72)) - Starting container downloader service to copy containers to replicate.
2019-08-20 14:48:14,642 INFO  hdfs.DFSUtil (DFSUtil.java:httpServerTemplateForNNAndJN(1641)) - Starting Web-server for hddsDatanode at: http://0.0.0.0:0
2019-08-20 14:48:14,643 INFO  server.AuthenticationFilter (AuthenticationFilter.java:constructSecretProvider(240)) - Unable to initialize FileSignerSecretProvider, falling back to use random secrets.
2019-08-20 14:48:14,644 WARN  http.HttpRequestLog (HttpRequestLog.java:getRequestLog(97)) - Jetty request log can only be enabled using Log4j
2019-08-20 14:48:14,645 INFO  http.HttpServer2 (HttpServer2.java:addGlobalFilter(975)) - Added global filter 'safety' (class=org.apache.hadoop.http.HttpServer2$QuotingInputFilter)
2019-08-20 14:48:14,645 INFO  http.HttpServer2 (HttpServer2.java:addFilter(948)) - Added filter static_user_filter (class=org.apache.hadoop.http.lib.StaticUserWebFilter$StaticUserFilter) to context hddsDatanode
2019-08-20 14:48:14,646 INFO  http.HttpServer2 (HttpServer2.java:addFilter(958)) - Added filter static_user_filter (class=org.apache.hadoop.http.lib.StaticUserWebFilter$StaticUserFilter) to context static
2019-08-20 14:48:14,646 INFO  http.HttpServer2 (HttpServer2.java:addFilter(958)) - Added filter static_user_filter (class=org.apache.hadoop.http.lib.StaticUserWebFilter$StaticUserFilter) to context logs
2019-08-20 14:48:14,646 INFO  http.HttpServer2 (HttpServer2.java:bindListener(1191)) - Jetty bound to port 46665
2019-08-20 14:48:14,646 INFO  server.Server (Server.java:doStart(351)) - jetty-9.3.24.v20180605, build timestamp: 2018-06-05T17:11:56Z, git hash: 84205aa28f11a4f31f2a3b86d1bba2cc8ab69827
2019-08-20 14:48:14,648 INFO  handler.ContextHandler (ContextHandler.java:doStart(781)) - Started o.e.j.s.ServletContextHandler@46d51d5e{/logs,file:///workdir/hadoop-ozone/integration-test/target/log,AVAILABLE}
2019-08-20 14:48:14,648 INFO  handler.ContextHandler (ContextHandler.java:doStart(781)) - Started o.e.j.s.ServletContextHandler@5e72c82a{/static,jar:file:/home/user/.m2/repository/org/apache/hadoop/hadoop-hdds-container-service/0.5.0-SNAPSHOT/hadoop-hdds-container-service-0.5.0-SNAPSHOT.jar!/webapps/static,AVAILABLE}
2019-08-20 14:48:14,673 INFO  handler.ContextHandler (ContextHandler.java:doStart(781)) - Started o.e.j.w.WebAppContext@7c39193f{/,file:///tmp/jetty-0.0.0.0-46665-hddsDatanode-_-any-8449397454664409147.dir/webapp/,AVAILABLE}{/hddsDatanode}
2019-08-20 14:48:14,674 INFO  server.AbstractConnector (AbstractConnector.java:doStart(278)) - Started ServerConnector@230d013b{HTTP/1.1,[http/1.1]}{0.0.0.0:46665}
2019-08-20 14:48:14,675 INFO  server.Server (Server.java:doStart(419)) - Started @113823ms
2019-08-20 14:48:14,676 INFO  server.BaseHttpServer (BaseHttpServer.java:updateConnectorAddress(213)) - HTTP server of HDDSDATANODE is listening at http://0.0.0.0:46665
2019-08-20 14:48:14,777 INFO  ozone.HddsDatanodeService (HddsDatanodeService.java:startPlugins(395)) - Started plug-in org.apache.hadoop.ozone.web.OzoneHddsDatanodeService@7aaf6bfd
2019-08-20 14:48:14,778 INFO  impl.MetricsSystemImpl (MetricsSystemImpl.java:init(158)) - HddsDatanode metrics system started (again)
2019-08-20 14:48:14,781 INFO  util.JvmPauseMonitor (JvmPauseMonitor.java:run(188)) - Starting JVM pause monitor
2019-08-20 14:48:14,782 INFO  ozone.HddsDatanodeService (HddsDatanodeService.java:start(184)) - HddsDatanodeService host:pr-hdds-1942-s8lb6-241747594 ip:192.168.36.107
2019-08-20 14:48:14,783 INFO  datanode.InitDatanodeState (InitDatanodeState.java:persistContainerDatanodeDetails(140)) - DatanodeDetails is persisted to /workdir/hadoop-ozone/integration-test/target/test-dir/MiniOzoneClusterImpl-d88ca63d-595b-4155-815f-b7b6636ca230/datanode-5/meta/datanode.id
2019-08-20 14:48:14,788 INFO  volume.HddsVolume (HddsVolume.java:<init>(176)) - Creating Volume: /workdir/hadoop-ozone/integration-test/target/test-dir/MiniOzoneClusterImpl-d88ca63d-595b-4155-815f-b7b6636ca230/datanode-6/data/containers/hdds of  storage type : DISK and capacity : 1482555576320
2019-08-20 14:48:14,788 INFO  volume.VolumeSet (VolumeSet.java:initializeVolumeSet(170)) - Added Volume : /workdir/hadoop-ozone/integration-test/target/test-dir/MiniOzoneClusterImpl-d88ca63d-595b-4155-815f-b7b6636ca230/datanode-6/data/containers/hdds to VolumeSet
2019-08-20 14:48:14,789 INFO  volume.ThrottledAsyncChecker (ThrottledAsyncChecker.java:schedule(140)) - Scheduling a check for org.apache.hadoop.ozone.container.common.volume.HddsVolume@49005dc4
2019-08-20 14:48:14,789 INFO  volume.HddsVolumeChecker (HddsVolumeChecker.java:checkAllVolumes(203)) - Scheduled health check for volume org.apache.hadoop.ozone.container.common.volume.HddsVolume@49005dc4
2019-08-20 14:48:14,803 INFO  impl.RaftServerProxy (ConfUtils.java:logGet(43)) - raft.rpc.type = GRPC (default)
2019-08-20 14:48:14,803 INFO  grpc.GrpcFactory (GrpcFactory.java:checkPooledByteBufAllocatorUseCacheForAllThreads(45)) - PERFORMANCE WARNING: useCacheForAllThreads is true that may cause Netty to create a lot garbage objects and, as a result, trigger GC.
	It is recommended to disable useCacheForAllThreads by setting -Dorg.apache.ratis.thirdparty.io.netty.allocator.useCacheForAllThreads=false in command line.
2019-08-20 14:48:14,803 INFO  grpc.GrpcConfigKeys$Server (ConfUtils.java:logGet(43)) - raft.grpc.server.port = 0 (default)
2019-08-20 14:48:14,804 INFO  server.GrpcService (ConfUtils.java:logGet(43)) - raft.grpc.message.size.max = 33570816 (custom)
2019-08-20 14:48:14,804 INFO  server.RaftServerConfigKeys (ConfUtils.java:logGet(43)) - raft.server.log.appender.buffer.byte-limit = 33554432 (custom)
2019-08-20 14:48:14,804 INFO  server.GrpcService (ConfUtils.java:logGet(43)) - raft.grpc.flow.control.window = 1MB (=1048576) (default)
2019-08-20 14:48:14,804 INFO  server.RaftServerConfigKeys (ConfUtils.java:logGet(43)) - raft.server.rpc.request.timeout = 3000ms (default)
2019-08-20 14:48:14,805 INFO  server.RaftServerConfigKeys (ConfUtils.java:logGet(43)) - raft.server.storage.dir = [/workdir/hadoop-ozone/integration-test/target/test-dir/MiniOzoneClusterImpl-d88ca63d-595b-4155-815f-b7b6636ca230/datanode-6/data/ratis] (custom)
2019-08-20 14:48:14,805 INFO  replication.SimpleContainerDownloader (SimpleContainerDownloader.java:<init>(72)) - Starting container downloader service to copy containers to replicate.
2019-08-20 14:48:14,807 INFO  hdfs.DFSUtil (DFSUtil.java:httpServerTemplateForNNAndJN(1641)) - Starting Web-server for hddsDatanode at: http://0.0.0.0:0
2019-08-20 14:48:14,809 INFO  server.AuthenticationFilter (AuthenticationFilter.java:constructSecretProvider(240)) - Unable to initialize FileSignerSecretProvider, falling back to use random secrets.
2019-08-20 14:48:14,809 WARN  http.HttpRequestLog (HttpRequestLog.java:getRequestLog(97)) - Jetty request log can only be enabled using Log4j
2019-08-20 14:48:14,810 INFO  http.HttpServer2 (HttpServer2.java:addGlobalFilter(975)) - Added global filter 'safety' (class=org.apache.hadoop.http.HttpServer2$QuotingInputFilter)
2019-08-20 14:48:14,811 INFO  http.HttpServer2 (HttpServer2.java:addFilter(948)) - Added filter static_user_filter (class=org.apache.hadoop.http.lib.StaticUserWebFilter$StaticUserFilter) to context hddsDatanode
2019-08-20 14:48:14,811 INFO  http.HttpServer2 (HttpServer2.java:addFilter(958)) - Added filter static_user_filter (class=org.apache.hadoop.http.lib.StaticUserWebFilter$StaticUserFilter) to context logs
2019-08-20 14:48:14,811 INFO  http.HttpServer2 (HttpServer2.java:addFilter(958)) - Added filter static_user_filter (class=org.apache.hadoop.http.lib.StaticUserWebFilter$StaticUserFilter) to context static
2019-08-20 14:48:14,811 INFO  http.HttpServer2 (HttpServer2.java:bindListener(1191)) - Jetty bound to port 37807
2019-08-20 14:48:14,812 INFO  server.Server (Server.java:doStart(351)) - jetty-9.3.24.v20180605, build timestamp: 2018-06-05T17:11:56Z, git hash: 84205aa28f11a4f31f2a3b86d1bba2cc8ab69827
2019-08-20 14:48:14,813 INFO  handler.ContextHandler (ContextHandler.java:doStart(781)) - Started o.e.j.s.ServletContextHandler@7d15c513{/logs,file:///workdir/hadoop-ozone/integration-test/target/log,AVAILABLE}
2019-08-20 14:48:14,813 INFO  handler.ContextHandler (ContextHandler.java:doStart(781)) - Started o.e.j.s.ServletContextHandler@78b44fcb{/static,jar:file:/home/user/.m2/repository/org/apache/hadoop/hadoop-hdds-container-service/0.5.0-SNAPSHOT/hadoop-hdds-container-service-0.5.0-SNAPSHOT.jar!/webapps/static,AVAILABLE}
2019-08-20 14:48:14,838 INFO  handler.ContextHandler (ContextHandler.java:doStart(781)) - Started o.e.j.w.WebAppContext@16745abd{/,file:///tmp/jetty-0.0.0.0-37807-hddsDatanode-_-any-5901869571821622251.dir/webapp/,AVAILABLE}{/hddsDatanode}
2019-08-20 14:48:14,838 INFO  server.AbstractConnector (AbstractConnector.java:doStart(278)) - Started ServerConnector@4d793390{HTTP/1.1,[http/1.1]}{0.0.0.0:37807}
2019-08-20 14:48:14,840 INFO  server.Server (Server.java:doStart(419)) - Started @113987ms
2019-08-20 14:48:14,841 INFO  server.BaseHttpServer (BaseHttpServer.java:updateConnectorAddress(213)) - HTTP server of HDDSDATANODE is listening at http://0.0.0.0:37807
2019-08-20 14:48:14,968 INFO  ozone.HddsDatanodeService (HddsDatanodeService.java:startPlugins(395)) - Started plug-in org.apache.hadoop.ozone.web.OzoneHddsDatanodeService@1b82f62a
2019-08-20 14:48:14,969 INFO  ozone.MiniOzoneClusterImpl (MiniOzoneClusterImpl.java:lambda$waitForClusterToBeReady$0(142)) - Waiting for cluster to be ready. Got 0 of 7 DN Heartbeats.
2019-08-20 14:48:14,970 INFO  util.JvmPauseMonitor (JvmPauseMonitor.java:run(188)) - Starting JVM pause monitor
2019-08-20 14:48:14,971 INFO  datanode.InitDatanodeState (InitDatanodeState.java:persistContainerDatanodeDetails(140)) - DatanodeDetails is persisted to /workdir/hadoop-ozone/integration-test/target/test-dir/MiniOzoneClusterImpl-d88ca63d-595b-4155-815f-b7b6636ca230/datanode-6/meta/datanode.id
2019-08-20 14:48:15,901 INFO  ozoneimpl.OzoneContainer (OzoneContainer.java:start(186)) - Attempting to start container services.
2019-08-20 14:48:15,902 INFO  ozoneimpl.OzoneContainer (OzoneContainer.java:startContainerScrub(160)) - Background container scrubber has been disabled by hdds.containerscrub.enabled
2019-08-20 14:48:15,902 INFO  ratis.XceiverServerRatis (XceiverServerRatis.java:start(404)) - Starting XceiverServerRatis 302c2fdb-8e38-4af7-b52c-e1f5ec132e75 at port 0
2019-08-20 14:48:15,907 INFO  impl.RaftServerProxy (RaftServerProxy.java:lambda$start$3(299)) - 302c2fdb-8e38-4af7-b52c-e1f5ec132e75: start RPC server
2019-08-20 14:48:15,909 INFO  server.GrpcService (GrpcService.java:startImpl(149)) - 302c2fdb-8e38-4af7-b52c-e1f5ec132e75: GrpcService started, listening on 0.0.0.0/0.0.0.0:33323
2019-08-20 14:48:15,909 INFO  ratis.XceiverServerRatis (XceiverServerRatis.java:start(414)) - XceiverServerRatis 302c2fdb-8e38-4af7-b52c-e1f5ec132e75 is started using port 33323
2019-08-20 14:48:15,911 INFO  server.XceiverServerGrpc (XceiverServerGrpc.java:start(161)) - XceiverServerGrpc 302c2fdb-8e38-4af7-b52c-e1f5ec132e75 is started using port 42171
2019-08-20 14:48:15,969 INFO  ozone.MiniOzoneClusterImpl (MiniOzoneClusterImpl.java:lambda$waitForClusterToBeReady$0(142)) - Waiting for cluster to be ready. Got 0 of 7 DN Heartbeats.
2019-08-20 14:48:16,064 INFO  ozoneimpl.OzoneContainer (OzoneContainer.java:start(186)) - Attempting to start container services.
2019-08-20 14:48:16,064 INFO  ozoneimpl.OzoneContainer (OzoneContainer.java:startContainerScrub(160)) - Background container scrubber has been disabled by hdds.containerscrub.enabled
2019-08-20 14:48:16,064 INFO  ratis.XceiverServerRatis (XceiverServerRatis.java:start(404)) - Starting XceiverServerRatis 82d3c3a3-59ad-43e6-acf7-e05128f1705b at port 0
2019-08-20 14:48:16,069 INFO  impl.RaftServerProxy (RaftServerProxy.java:lambda$start$3(299)) - 82d3c3a3-59ad-43e6-acf7-e05128f1705b: start RPC server
2019-08-20 14:48:16,070 INFO  server.GrpcService (GrpcService.java:startImpl(149)) - 82d3c3a3-59ad-43e6-acf7-e05128f1705b: GrpcService started, listening on 0.0.0.0/0.0.0.0:42943
2019-08-20 14:48:16,070 INFO  ratis.XceiverServerRatis (XceiverServerRatis.java:start(414)) - XceiverServerRatis 82d3c3a3-59ad-43e6-acf7-e05128f1705b is started using port 42943
2019-08-20 14:48:16,073 INFO  server.XceiverServerGrpc (XceiverServerGrpc.java:start(161)) - XceiverServerGrpc 82d3c3a3-59ad-43e6-acf7-e05128f1705b is started using port 37691
2019-08-20 14:48:16,285 INFO  ozoneimpl.OzoneContainer (OzoneContainer.java:start(186)) - Attempting to start container services.
2019-08-20 14:48:16,285 INFO  ozoneimpl.OzoneContainer (OzoneContainer.java:startContainerScrub(160)) - Background container scrubber has been disabled by hdds.containerscrub.enabled
2019-08-20 14:48:16,285 INFO  ratis.XceiverServerRatis (XceiverServerRatis.java:start(404)) - Starting XceiverServerRatis 3d7001d1-da69-4c5a-8bea-f17705eb83d8 at port 0
2019-08-20 14:48:16,289 INFO  impl.RaftServerProxy (RaftServerProxy.java:lambda$start$3(299)) - 3d7001d1-da69-4c5a-8bea-f17705eb83d8: start RPC server
2019-08-20 14:48:16,290 INFO  server.GrpcService (GrpcService.java:startImpl(149)) - 3d7001d1-da69-4c5a-8bea-f17705eb83d8: GrpcService started, listening on 0.0.0.0/0.0.0.0:36639
2019-08-20 14:48:16,290 INFO  ratis.XceiverServerRatis (XceiverServerRatis.java:start(414)) - XceiverServerRatis 3d7001d1-da69-4c5a-8bea-f17705eb83d8 is started using port 36639
2019-08-20 14:48:16,293 INFO  server.XceiverServerGrpc (XceiverServerGrpc.java:start(161)) - XceiverServerGrpc 3d7001d1-da69-4c5a-8bea-f17705eb83d8 is started using port 40896
2019-08-20 14:48:16,465 INFO  ozoneimpl.OzoneContainer (OzoneContainer.java:start(186)) - Attempting to start container services.
2019-08-20 14:48:16,465 INFO  ozoneimpl.OzoneContainer (OzoneContainer.java:startContainerScrub(160)) - Background container scrubber has been disabled by hdds.containerscrub.enabled
2019-08-20 14:48:16,466 INFO  ratis.XceiverServerRatis (XceiverServerRatis.java:start(404)) - Starting XceiverServerRatis b3ba6b55-ed58-42e5-84bb-a44356fa1cff at port 0
2019-08-20 14:48:16,470 INFO  impl.RaftServerProxy (RaftServerProxy.java:lambda$start$3(299)) - b3ba6b55-ed58-42e5-84bb-a44356fa1cff: start RPC server
2019-08-20 14:48:16,471 INFO  server.GrpcService (GrpcService.java:startImpl(149)) - b3ba6b55-ed58-42e5-84bb-a44356fa1cff: GrpcService started, listening on 0.0.0.0/0.0.0.0:36210
2019-08-20 14:48:16,471 INFO  ratis.XceiverServerRatis (XceiverServerRatis.java:start(414)) - XceiverServerRatis b3ba6b55-ed58-42e5-84bb-a44356fa1cff is started using port 36210
2019-08-20 14:48:16,471 INFO  server.XceiverServerGrpc (XceiverServerGrpc.java:start(161)) - XceiverServerGrpc b3ba6b55-ed58-42e5-84bb-a44356fa1cff is started using port 38359
2019-08-20 14:48:16,642 INFO  ozoneimpl.OzoneContainer (OzoneContainer.java:start(186)) - Attempting to start container services.
2019-08-20 14:48:16,642 INFO  ozoneimpl.OzoneContainer (OzoneContainer.java:startContainerScrub(160)) - Background container scrubber has been disabled by hdds.containerscrub.enabled
2019-08-20 14:48:16,642 INFO  ratis.XceiverServerRatis (XceiverServerRatis.java:start(404)) - Starting XceiverServerRatis a2f2cfab-0038-47f6-be68-66347da96d67 at port 0
2019-08-20 14:48:16,648 INFO  impl.RaftServerProxy (RaftServerProxy.java:lambda$start$3(299)) - a2f2cfab-0038-47f6-be68-66347da96d67: start RPC server
2019-08-20 14:48:16,649 INFO  server.GrpcService (GrpcService.java:startImpl(149)) - a2f2cfab-0038-47f6-be68-66347da96d67: GrpcService started, listening on 0.0.0.0/0.0.0.0:33613
2019-08-20 14:48:16,649 INFO  ratis.XceiverServerRatis (XceiverServerRatis.java:start(414)) - XceiverServerRatis a2f2cfab-0038-47f6-be68-66347da96d67 is started using port 33613
2019-08-20 14:48:16,649 INFO  server.XceiverServerGrpc (XceiverServerGrpc.java:start(161)) - XceiverServerGrpc a2f2cfab-0038-47f6-be68-66347da96d67 is started using port 46065
2019-08-20 14:48:16,806 INFO  ozoneimpl.OzoneContainer (OzoneContainer.java:start(186)) - Attempting to start container services.
2019-08-20 14:48:16,806 INFO  ozoneimpl.OzoneContainer (OzoneContainer.java:startContainerScrub(160)) - Background container scrubber has been disabled by hdds.containerscrub.enabled
2019-08-20 14:48:16,806 INFO  ratis.XceiverServerRatis (XceiverServerRatis.java:start(404)) - Starting XceiverServerRatis ac09dfeb-0d61-4b21-ac1d-433018223a17 at port 0
2019-08-20 14:48:16,810 INFO  impl.RaftServerProxy (RaftServerProxy.java:lambda$start$3(299)) - ac09dfeb-0d61-4b21-ac1d-433018223a17: start RPC server
2019-08-20 14:48:16,811 INFO  server.GrpcService (GrpcService.java:startImpl(149)) - ac09dfeb-0d61-4b21-ac1d-433018223a17: GrpcService started, listening on 0.0.0.0/0.0.0.0:41506
2019-08-20 14:48:16,811 INFO  ratis.XceiverServerRatis (XceiverServerRatis.java:start(414)) - XceiverServerRatis ac09dfeb-0d61-4b21-ac1d-433018223a17 is started using port 41506
2019-08-20 14:48:16,812 INFO  server.XceiverServerGrpc (XceiverServerGrpc.java:start(161)) - XceiverServerGrpc ac09dfeb-0d61-4b21-ac1d-433018223a17 is started using port 39641
2019-08-20 14:48:16,969 INFO  ozone.MiniOzoneClusterImpl (MiniOzoneClusterImpl.java:lambda$waitForClusterToBeReady$0(142)) - Waiting for cluster to be ready. Got 0 of 7 DN Heartbeats.
2019-08-20 14:48:16,992 INFO  ozoneimpl.OzoneContainer (OzoneContainer.java:start(186)) - Attempting to start container services.
2019-08-20 14:48:16,992 INFO  ozoneimpl.OzoneContainer (OzoneContainer.java:startContainerScrub(160)) - Background container scrubber has been disabled by hdds.containerscrub.enabled
2019-08-20 14:48:16,992 INFO  ratis.XceiverServerRatis (XceiverServerRatis.java:start(404)) - Starting XceiverServerRatis 06c0ea24-f4c0-4d42-9e97-c11648a448fd at port 0
2019-08-20 14:48:17,164 INFO  impl.RaftServerProxy (RaftServerProxy.java:lambda$start$3(299)) - 06c0ea24-f4c0-4d42-9e97-c11648a448fd: start RPC server
2019-08-20 14:48:17,165 INFO  server.GrpcService (GrpcService.java:startImpl(149)) - 06c0ea24-f4c0-4d42-9e97-c11648a448fd: GrpcService started, listening on 0.0.0.0/0.0.0.0:34122
2019-08-20 14:48:17,165 INFO  ratis.XceiverServerRatis (XceiverServerRatis.java:start(414)) - XceiverServerRatis 06c0ea24-f4c0-4d42-9e97-c11648a448fd is started using port 34122
2019-08-20 14:48:17,167 INFO  server.XceiverServerGrpc (XceiverServerGrpc.java:start(161)) - XceiverServerGrpc 06c0ea24-f4c0-4d42-9e97-c11648a448fd is started using port 37076
2019-08-20 14:48:17,834 INFO  net.NetworkTopology (NetworkTopologyImpl.java:add(110)) - Added a new node: /default-rack/302c2fdb-8e38-4af7-b52c-e1f5ec132e75
2019-08-20 14:48:17,836 INFO  node.SCMNodeManager (SCMNodeManager.java:register(273)) - Registered Data node : 302c2fdb-8e38-4af7-b52c-e1f5ec132e75{ip: 192.168.36.107, host: pr-hdds-1942-s8lb6-241747594, networkLocation: /default-rack, certSerialId: null}
2019-08-20 14:48:17,837 INFO  safemode.SCMSafeModeManager (DataNodeSafeModeRule.java:process(71)) - SCM in safe mode. 1 DataNodes registered, 1 required.
2019-08-20 14:48:17,839 INFO  safemode.SCMSafeModeManager (SCMSafeModeManager.java:validateSafeModeExitRules(177)) - ScmSafeModeManager, all rules are successfully validated
2019-08-20 14:48:17,840 INFO  safemode.SCMSafeModeManager (SCMSafeModeManager.java:exitSafeMode(193)) - SCM exiting safe mode.
2019-08-20 14:48:17,860 INFO  impl.RaftServerProxy (RaftServerProxy.java:addNew(89)) - 302c2fdb-8e38-4af7-b52c-e1f5ec132e75: addNew group-BE9E4C6D066A:[302c2fdb-8e38-4af7-b52c-e1f5ec132e75:192.168.36.107:33323] returns group-BE9E4C6D066A:java.util.concurrent.CompletableFuture@6f6dd868[Not completed]
2019-08-20 14:48:17,861 INFO  impl.RaftServerImpl (RaftServerImpl.java:<init>(93)) - 302c2fdb-8e38-4af7-b52c-e1f5ec132e75: new RaftServerImpl for group-BE9E4C6D066A:[302c2fdb-8e38-4af7-b52c-e1f5ec132e75:192.168.36.107:33323] with ContainerStateMachine:uninitialized
2019-08-20 14:48:17,861 INFO  server.RaftServerConfigKeys (ConfUtils.java:logGet(43)) - raft.server.rpc.timeout.min = 5s (custom)
2019-08-20 14:48:17,861 INFO  server.RaftServerConfigKeys (ConfUtils.java:logGet(43)) - raft.server.rpc.timeout.max = 5200ms (custom)
2019-08-20 14:48:17,862 INFO  server.RaftServerConfigKeys (ConfUtils.java:logGet(43)) - raft.server.rpcslowness.timeout = 120s (custom)
2019-08-20 14:48:17,862 INFO  server.RaftServerConfigKeys (ConfUtils.java:logGet(43)) - raft.server.sleep.deviation.threshold = 300 (default)
2019-08-20 14:48:17,862 INFO  server.RaftServerConfigKeys (ConfUtils.java:logGet(43)) - raft.server.log.appender.install.snapshot.enabled = false (custom)
2019-08-20 14:48:17,862 INFO  impl.RaftServerImpl (ServerState.java:<init>(105)) - 302c2fdb-8e38-4af7-b52c-e1f5ec132e75:group-BE9E4C6D066A ConfigurationManager, init=-1: [302c2fdb-8e38-4af7-b52c-e1f5ec132e75:192.168.36.107:33323], old=null, confs=<EMPTY_MAP>
2019-08-20 14:48:17,862 INFO  server.RaftServerConfigKeys (ConfUtils.java:logGet(43)) - raft.server.storage.dir = [/workdir/hadoop-ozone/integration-test/target/test-dir/MiniOzoneClusterImpl-d88ca63d-595b-4155-815f-b7b6636ca230/datanode-0/data/ratis] (custom)
2019-08-20 14:48:17,863 INFO  storage.RaftStorageDirectory (RaftStorageDirectory.java:analyzeStorage(246)) - The storage directory /workdir/hadoop-ozone/integration-test/target/test-dir/MiniOzoneClusterImpl-d88ca63d-595b-4155-815f-b7b6636ca230/datanode-0/data/ratis/f712ab88-d8c8-4099-aee4-be9e4c6d066a does not exist. Creating ...
2019-08-20 14:48:17,890 INFO  storage.RaftStorageDirectory (RaftStorageDirectory.java:tryLock(328)) - Lock on /workdir/hadoop-ozone/integration-test/target/test-dir/MiniOzoneClusterImpl-d88ca63d-595b-4155-815f-b7b6636ca230/datanode-0/data/ratis/f712ab88-d8c8-4099-aee4-be9e4c6d066a/in_use.lock acquired by nodename 31473@pr-hdds-1942-s8lb6-241747594
2019-08-20 14:48:17,915 INFO  storage.RaftStorage (RaftStorage.java:format(72)) - Storage directory /workdir/hadoop-ozone/integration-test/target/test-dir/MiniOzoneClusterImpl-d88ca63d-595b-4155-815f-b7b6636ca230/datanode-0/data/ratis/f712ab88-d8c8-4099-aee4-be9e4c6d066a has been successfully formatted.
2019-08-20 14:48:17,915 INFO  ratis.ContainerStateMachine (ContainerStateMachine.java:loadSnapshot(222)) - group-BE9E4C6D066A: The snapshot info is null. Setting the last applied indexto:(t:0, i:~)
2019-08-20 14:48:17,916 INFO  server.RaftServerConfigKeys (ConfUtils.java:logGet(43)) - raft.server.leader.election.timeout = 120s (custom)
2019-08-20 14:48:17,916 INFO  server.RaftServerConfigKeys (ConfUtils.java:logGet(43)) - raft.server.log.use.memory = false (default)
2019-08-20 14:48:17,916 INFO  server.RaftServerConfigKeys (ConfUtils.java:logGet(43)) - raft.server.log.purge.gap = 1000000000 (custom)
2019-08-20 14:48:17,916 INFO  server.RaftServerConfigKeys (ConfUtils.java:logGet(43)) - raft.server.log.appender.buffer.byte-limit = 33554432 (custom)
2019-08-20 14:48:17,916 INFO  server.RaftServerConfigKeys (ConfUtils.java:logGet(43)) - raft.server.log.segment.size.max = 1048576 (custom)
2019-08-20 14:48:17,917 INFO  server.RaftServerConfigKeys (ConfUtils.java:logGet(43)) - raft.server.log.segment.cache.num.max = 2 (custom)
2019-08-20 14:48:17,917 INFO  segmented.SegmentedRaftLogWorker (SegmentedRaftLogWorker.java:<init>(172)) - new 302c2fdb-8e38-4af7-b52c-e1f5ec132e75-SegmentedRaftLogWorker:Storage Directory /workdir/hadoop-ozone/integration-test/target/test-dir/MiniOzoneClusterImpl-d88ca63d-595b-4155-815f-b7b6636ca230/datanode-0/data/ratis/f712ab88-d8c8-4099-aee4-be9e4c6d066a for RaftStorage:Storage Directory /workdir/hadoop-ozone/integration-test/target/test-dir/MiniOzoneClusterImpl-d88ca63d-595b-4155-815f-b7b6636ca230/datanode-0/data/ratis/f712ab88-d8c8-4099-aee4-be9e4c6d066a
2019-08-20 14:48:17,917 INFO  server.RaftServerConfigKeys (ConfUtils.java:logGet(43)) - raft.server.log.queue.byte-limit = 2147483647 (custom)
2019-08-20 14:48:17,918 INFO  server.RaftServerConfigKeys (ConfUtils.java:logGet(43)) - raft.server.log.queue.element-limit = 1024 (custom)
2019-08-20 14:48:17,918 INFO  server.RaftServerConfigKeys (ConfUtils.java:logGet(43)) - raft.server.log.segment.size.max = 1048576 (custom)
2019-08-20 14:48:17,918 INFO  server.RaftServerConfigKeys (ConfUtils.java:logGet(43)) - raft.server.log.preallocated.size = 16384 (custom)
2019-08-20 14:48:17,918 INFO  server.RaftServerConfigKeys (ConfUtils.java:logGet(43)) - raft.server.log.write.buffer.size = 33554432 (custom)
2019-08-20 14:48:17,919 INFO  server.RaftServerConfigKeys (ConfUtils.java:logGet(43)) - raft.server.log.force.sync.num = 128 (default)
2019-08-20 14:48:17,919 INFO  server.RaftServerConfigKeys (ConfUtils.java:logGet(43)) - raft.server.log.statemachine.data.sync = true (default)
2019-08-20 14:48:17,919 INFO  server.RaftServerConfigKeys (ConfUtils.java:logGet(43)) - raft.server.log.statemachine.data.sync.timeout = 10s (default)
2019-08-20 14:48:17,919 INFO  server.RaftServerConfigKeys (ConfUtils.java:logGet(43)) - raft.server.log.statemachine.data.sync.timeout.retry = -1 (default)
2019-08-20 14:48:17,920 INFO  server.RaftServerConfigKeys (ConfUtils.java:logGet(43)) - raft.server.log.statemachine.data.caching.enabled = true (custom)
2019-08-20 14:48:17,920 INFO  segmented.SegmentedRaftLogWorker (SegmentedRaftLogWorker.java:lambda$new$0(132)) - 302c2fdb-8e38-4af7-b52c-e1f5ec132e75-SegmentedRaftLogWorker:Storage Directory /workdir/hadoop-ozone/integration-test/target/test-dir/MiniOzoneClusterImpl-d88ca63d-595b-4155-815f-b7b6636ca230/datanode-0/data/ratis/f712ab88-d8c8-4099-aee4-be9e4c6d066a: flushIndex: setUnconditionally 0 -> -1
2019-08-20 14:48:17,920 INFO  server.RaftServerConfigKeys (ConfUtils.java:logGet(43)) - raft.server.snapshot.auto.trigger.enabled = true (custom)
2019-08-20 14:48:17,920 INFO  server.RaftServerConfigKeys (ConfUtils.java:logGet(43)) - raft.server.snapshot.auto.trigger.threshold = 10000 (custom)
2019-08-20 14:48:17,921 INFO  server.RaftServerConfigKeys (ConfUtils.java:logGet(43)) - raft.server.retrycache.expirytime = 600000ms (custom)
2019-08-20 14:48:17,921 INFO  impl.RaftServerImpl (RaftServerImpl.java:start(180)) - 302c2fdb-8e38-4af7-b52c-e1f5ec132e75: start group-BE9E4C6D066A
2019-08-20 14:48:17,921 INFO  impl.RaftServerImpl (RaftServerImpl.java:setRole(171)) - 302c2fdb-8e38-4af7-b52c-e1f5ec132e75:group-BE9E4C6D066A changes role from null to FOLLOWER at term 0 for startAsFollower
2019-08-20 14:48:17,921 INFO  impl.RoleInfo (RoleInfo.java:updateAndGet(143)) - 302c2fdb-8e38-4af7-b52c-e1f5ec132e75: start FollowerState
2019-08-20 14:48:17,936 INFO  util.JmxRegister (JmxRegister.java:tryRegister(44)) - Successfully registered JMX Bean with object name Ratis:service=RaftServer,group=group-BE9E4C6D066A,id=302c2fdb-8e38-4af7-b52c-e1f5ec132e75
2019-08-20 14:48:17,941 INFO  pipeline.PipelineStateManager (PipelineStateManager.java:addPipeline(56)) - Created pipeline Pipeline[ Id: f712ab88-d8c8-4099-aee4-be9e4c6d066a, Nodes: 302c2fdb-8e38-4af7-b52c-e1f5ec132e75{ip: 192.168.36.107, host: pr-hdds-1942-s8lb6-241747594, networkLocation: /default-rack, certSerialId: null}, Type:RATIS, Factor:ONE, State:OPEN]
2019-08-20 14:48:17,970 INFO  ozone.MiniOzoneClusterImpl (MiniOzoneClusterImpl.java:lambda$waitForClusterToBeReady$0(142)) - Waiting for cluster to be ready. Got 1 of 7 DN Heartbeats.
2019-08-20 14:48:18,041 INFO  net.NetworkTopology (NetworkTopologyImpl.java:add(110)) - Added a new node: /default-rack/82d3c3a3-59ad-43e6-acf7-e05128f1705b
2019-08-20 14:48:18,041 INFO  node.SCMNodeManager (SCMNodeManager.java:register(273)) - Registered Data node : 82d3c3a3-59ad-43e6-acf7-e05128f1705b{ip: 192.168.36.107, host: pr-hdds-1942-s8lb6-241747594, networkLocation: /default-rack, certSerialId: null}
2019-08-20 14:48:18,060 INFO  impl.RaftServerProxy (RaftServerProxy.java:addNew(89)) - 82d3c3a3-59ad-43e6-acf7-e05128f1705b: addNew group-FF9067E8C42C:[82d3c3a3-59ad-43e6-acf7-e05128f1705b:192.168.36.107:42943] returns group-FF9067E8C42C:java.util.concurrent.CompletableFuture@2aabe375[Not completed]
2019-08-20 14:48:18,061 INFO  impl.RaftServerImpl (RaftServerImpl.java:<init>(93)) - 82d3c3a3-59ad-43e6-acf7-e05128f1705b: new RaftServerImpl for group-FF9067E8C42C:[82d3c3a3-59ad-43e6-acf7-e05128f1705b:192.168.36.107:42943] with ContainerStateMachine:uninitialized
2019-08-20 14:48:18,061 INFO  server.RaftServerConfigKeys (ConfUtils.java:logGet(43)) - raft.server.rpc.timeout.min = 5s (custom)
2019-08-20 14:48:18,062 INFO  server.RaftServerConfigKeys (ConfUtils.java:logGet(43)) - raft.server.rpc.timeout.max = 5200ms (custom)
2019-08-20 14:48:18,062 INFO  server.RaftServerConfigKeys (ConfUtils.java:logGet(43)) - raft.server.rpcslowness.timeout = 120s (custom)
2019-08-20 14:48:18,062 INFO  server.RaftServerConfigKeys (ConfUtils.java:logGet(43)) - raft.server.sleep.deviation.threshold = 300 (default)
2019-08-20 14:48:18,062 INFO  server.RaftServerConfigKeys (ConfUtils.java:logGet(43)) - raft.server.log.appender.install.snapshot.enabled = false (custom)
2019-08-20 14:48:18,062 INFO  impl.RaftServerImpl (ServerState.java:<init>(105)) - 82d3c3a3-59ad-43e6-acf7-e05128f1705b:group-FF9067E8C42C ConfigurationManager, init=-1: [82d3c3a3-59ad-43e6-acf7-e05128f1705b:192.168.36.107:42943], old=null, confs=<EMPTY_MAP>
2019-08-20 14:48:18,062 INFO  server.RaftServerConfigKeys (ConfUtils.java:logGet(43)) - raft.server.storage.dir = [/workdir/hadoop-ozone/integration-test/target/test-dir/MiniOzoneClusterImpl-d88ca63d-595b-4155-815f-b7b6636ca230/datanode-1/data/ratis] (custom)
2019-08-20 14:48:18,062 INFO  storage.RaftStorageDirectory (RaftStorageDirectory.java:analyzeStorage(246)) - The storage directory /workdir/hadoop-ozone/integration-test/target/test-dir/MiniOzoneClusterImpl-d88ca63d-595b-4155-815f-b7b6636ca230/datanode-1/data/ratis/86f6ac20-abac-450d-bce6-ff9067e8c42c does not exist. Creating ...
2019-08-20 14:48:18,076 INFO  storage.RaftStorageDirectory (RaftStorageDirectory.java:tryLock(328)) - Lock on /workdir/hadoop-ozone/integration-test/target/test-dir/MiniOzoneClusterImpl-d88ca63d-595b-4155-815f-b7b6636ca230/datanode-1/data/ratis/86f6ac20-abac-450d-bce6-ff9067e8c42c/in_use.lock acquired by nodename 31473@pr-hdds-1942-s8lb6-241747594
2019-08-20 14:48:18,100 INFO  storage.RaftStorage (RaftStorage.java:format(72)) - Storage directory /workdir/hadoop-ozone/integration-test/target/test-dir/MiniOzoneClusterImpl-d88ca63d-595b-4155-815f-b7b6636ca230/datanode-1/data/ratis/86f6ac20-abac-450d-bce6-ff9067e8c42c has been successfully formatted.
2019-08-20 14:48:18,100 INFO  ratis.ContainerStateMachine (ContainerStateMachine.java:loadSnapshot(222)) - group-FF9067E8C42C: The snapshot info is null. Setting the last applied indexto:(t:0, i:~)
2019-08-20 14:48:18,101 INFO  server.RaftServerConfigKeys (ConfUtils.java:logGet(43)) - raft.server.leader.election.timeout = 120s (custom)
2019-08-20 14:48:18,101 INFO  server.RaftServerConfigKeys (ConfUtils.java:logGet(43)) - raft.server.log.use.memory = false (default)
2019-08-20 14:48:18,101 INFO  server.RaftServerConfigKeys (ConfUtils.java:logGet(43)) - raft.server.log.purge.gap = 1000000000 (custom)
2019-08-20 14:48:18,101 INFO  server.RaftServerConfigKeys (ConfUtils.java:logGet(43)) - raft.server.log.appender.buffer.byte-limit = 33554432 (custom)
2019-08-20 14:48:18,101 INFO  server.RaftServerConfigKeys (ConfUtils.java:logGet(43)) - raft.server.log.segment.size.max = 1048576 (custom)
2019-08-20 14:48:18,101 INFO  server.RaftServerConfigKeys (ConfUtils.java:logGet(43)) - raft.server.log.segment.cache.num.max = 2 (custom)
2019-08-20 14:48:18,101 INFO  segmented.SegmentedRaftLogWorker (SegmentedRaftLogWorker.java:<init>(172)) - new 82d3c3a3-59ad-43e6-acf7-e05128f1705b-SegmentedRaftLogWorker:Storage Directory /workdir/hadoop-ozone/integration-test/target/test-dir/MiniOzoneClusterImpl-d88ca63d-595b-4155-815f-b7b6636ca230/datanode-1/data/ratis/86f6ac20-abac-450d-bce6-ff9067e8c42c for RaftStorage:Storage Directory /workdir/hadoop-ozone/integration-test/target/test-dir/MiniOzoneClusterImpl-d88ca63d-595b-4155-815f-b7b6636ca230/datanode-1/data/ratis/86f6ac20-abac-450d-bce6-ff9067e8c42c
2019-08-20 14:48:18,101 INFO  server.RaftServerConfigKeys (ConfUtils.java:logGet(43)) - raft.server.log.queue.byte-limit = 2147483647 (custom)
2019-08-20 14:48:18,102 INFO  server.RaftServerConfigKeys (ConfUtils.java:logGet(43)) - raft.server.log.queue.element-limit = 1024 (custom)
2019-08-20 14:48:18,102 INFO  server.RaftServerConfigKeys (ConfUtils.java:logGet(43)) - raft.server.log.segment.size.max = 1048576 (custom)
2019-08-20 14:48:18,102 INFO  server.RaftServerConfigKeys (ConfUtils.java:logGet(43)) - raft.server.log.preallocated.size = 16384 (custom)
2019-08-20 14:48:18,102 INFO  server.RaftServerConfigKeys (ConfUtils.java:logGet(43)) - raft.server.log.write.buffer.size = 33554432 (custom)
2019-08-20 14:48:18,102 INFO  server.RaftServerConfigKeys (ConfUtils.java:logGet(43)) - raft.server.log.force.sync.num = 128 (default)
2019-08-20 14:48:18,102 INFO  server.RaftServerConfigKeys (ConfUtils.java:logGet(43)) - raft.server.log.statemachine.data.sync = true (default)
2019-08-20 14:48:18,102 INFO  server.RaftServerConfigKeys (ConfUtils.java:logGet(43)) - raft.server.log.statemachine.data.sync.timeout = 10s (default)
2019-08-20 14:48:18,102 INFO  server.RaftServerConfigKeys (ConfUtils.java:logGet(43)) - raft.server.log.statemachine.data.sync.timeout.retry = -1 (default)
2019-08-20 14:48:18,103 INFO  server.RaftServerConfigKeys (ConfUtils.java:logGet(43)) - raft.server.log.statemachine.data.caching.enabled = true (custom)
2019-08-20 14:48:18,103 INFO  segmented.SegmentedRaftLogWorker (SegmentedRaftLogWorker.java:lambda$new$0(132)) - 82d3c3a3-59ad-43e6-acf7-e05128f1705b-SegmentedRaftLogWorker:Storage Directory /workdir/hadoop-ozone/integration-test/target/test-dir/MiniOzoneClusterImpl-d88ca63d-595b-4155-815f-b7b6636ca230/datanode-1/data/ratis/86f6ac20-abac-450d-bce6-ff9067e8c42c: flushIndex: setUnconditionally 0 -> -1
2019-08-20 14:48:18,103 INFO  server.RaftServerConfigKeys (ConfUtils.java:logGet(43)) - raft.server.snapshot.auto.trigger.enabled = true (custom)
2019-08-20 14:48:18,103 INFO  server.RaftServerConfigKeys (ConfUtils.java:logGet(43)) - raft.server.snapshot.auto.trigger.threshold = 10000 (custom)
2019-08-20 14:48:18,103 INFO  server.RaftServerConfigKeys (ConfUtils.java:logGet(43)) - raft.server.retrycache.expirytime = 600000ms (custom)
2019-08-20 14:48:18,104 INFO  impl.RaftServerImpl (RaftServerImpl.java:start(180)) - 82d3c3a3-59ad-43e6-acf7-e05128f1705b: start group-FF9067E8C42C
2019-08-20 14:48:18,104 INFO  impl.RaftServerImpl (RaftServerImpl.java:setRole(171)) - 82d3c3a3-59ad-43e6-acf7-e05128f1705b:group-FF9067E8C42C changes role from null to FOLLOWER at term 0 for startAsFollower
2019-08-20 14:48:18,104 INFO  impl.RoleInfo (RoleInfo.java:updateAndGet(143)) - 82d3c3a3-59ad-43e6-acf7-e05128f1705b: start FollowerState
2019-08-20 14:48:18,104 INFO  util.JmxRegister (JmxRegister.java:tryRegister(44)) - Successfully registered JMX Bean with object name Ratis:service=RaftServer,group=group-FF9067E8C42C,id=82d3c3a3-59ad-43e6-acf7-e05128f1705b
2019-08-20 14:48:18,113 INFO  pipeline.PipelineStateManager (PipelineStateManager.java:addPipeline(56)) - Created pipeline Pipeline[ Id: 86f6ac20-abac-450d-bce6-ff9067e8c42c, Nodes: 82d3c3a3-59ad-43e6-acf7-e05128f1705b{ip: 192.168.36.107, host: pr-hdds-1942-s8lb6-241747594, networkLocation: /default-rack, certSerialId: null}, Type:RATIS, Factor:ONE, State:OPEN]
2019-08-20 14:48:18,268 INFO  net.NetworkTopology (NetworkTopologyImpl.java:add(110)) - Added a new node: /default-rack/3d7001d1-da69-4c5a-8bea-f17705eb83d8
2019-08-20 14:48:18,268 INFO  node.SCMNodeManager (SCMNodeManager.java:register(273)) - Registered Data node : 3d7001d1-da69-4c5a-8bea-f17705eb83d8{ip: 192.168.36.107, host: pr-hdds-1942-s8lb6-241747594, networkLocation: /default-rack, certSerialId: null}
2019-08-20 14:48:18,280 INFO  impl.RaftServerProxy (RaftServerProxy.java:addNew(89)) - 3d7001d1-da69-4c5a-8bea-f17705eb83d8: addNew group-4D3AE04A06C7:[3d7001d1-da69-4c5a-8bea-f17705eb83d8:192.168.36.107:36639] returns group-4D3AE04A06C7:java.util.concurrent.CompletableFuture@15d88089[Not completed]
2019-08-20 14:48:18,281 INFO  impl.RaftServerImpl (RaftServerImpl.java:<init>(93)) - 3d7001d1-da69-4c5a-8bea-f17705eb83d8: new RaftServerImpl for group-4D3AE04A06C7:[3d7001d1-da69-4c5a-8bea-f17705eb83d8:192.168.36.107:36639] with ContainerStateMachine:uninitialized
2019-08-20 14:48:18,281 INFO  server.RaftServerConfigKeys (ConfUtils.java:logGet(43)) - raft.server.rpc.timeout.min = 5s (custom)
2019-08-20 14:48:18,281 INFO  server.RaftServerConfigKeys (ConfUtils.java:logGet(43)) - raft.server.rpc.timeout.max = 5200ms (custom)
2019-08-20 14:48:18,281 INFO  server.RaftServerConfigKeys (ConfUtils.java:logGet(43)) - raft.server.rpcslowness.timeout = 120s (custom)
2019-08-20 14:48:18,282 INFO  server.RaftServerConfigKeys (ConfUtils.java:logGet(43)) - raft.server.sleep.deviation.threshold = 300 (default)
2019-08-20 14:48:18,282 INFO  server.RaftServerConfigKeys (ConfUtils.java:logGet(43)) - raft.server.log.appender.install.snapshot.enabled = false (custom)
2019-08-20 14:48:18,282 INFO  impl.RaftServerImpl (ServerState.java:<init>(105)) - 3d7001d1-da69-4c5a-8bea-f17705eb83d8:group-4D3AE04A06C7 ConfigurationManager, init=-1: [3d7001d1-da69-4c5a-8bea-f17705eb83d8:192.168.36.107:36639], old=null, confs=<EMPTY_MAP>
2019-08-20 14:48:18,282 INFO  server.RaftServerConfigKeys (ConfUtils.java:logGet(43)) - raft.server.storage.dir = [/workdir/hadoop-ozone/integration-test/target/test-dir/MiniOzoneClusterImpl-d88ca63d-595b-4155-815f-b7b6636ca230/datanode-2/data/ratis] (custom)
2019-08-20 14:48:18,283 INFO  storage.RaftStorageDirectory (RaftStorageDirectory.java:analyzeStorage(246)) - The storage directory /workdir/hadoop-ozone/integration-test/target/test-dir/MiniOzoneClusterImpl-d88ca63d-595b-4155-815f-b7b6636ca230/datanode-2/data/ratis/521e2de0-d2ab-4d8e-9def-4d3ae04a06c7 does not exist. Creating ...
2019-08-20 14:48:18,310 INFO  storage.RaftStorageDirectory (RaftStorageDirectory.java:tryLock(328)) - Lock on /workdir/hadoop-ozone/integration-test/target/test-dir/MiniOzoneClusterImpl-d88ca63d-595b-4155-815f-b7b6636ca230/datanode-2/data/ratis/521e2de0-d2ab-4d8e-9def-4d3ae04a06c7/in_use.lock acquired by nodename 31473@pr-hdds-1942-s8lb6-241747594
2019-08-20 14:48:18,326 INFO  storage.RaftStorage (RaftStorage.java:format(72)) - Storage directory /workdir/hadoop-ozone/integration-test/target/test-dir/MiniOzoneClusterImpl-d88ca63d-595b-4155-815f-b7b6636ca230/datanode-2/data/ratis/521e2de0-d2ab-4d8e-9def-4d3ae04a06c7 has been successfully formatted.
2019-08-20 14:48:18,327 INFO  ratis.ContainerStateMachine (ContainerStateMachine.java:loadSnapshot(222)) - group-4D3AE04A06C7: The snapshot info is null. Setting the last applied indexto:(t:0, i:~)
2019-08-20 14:48:18,327 INFO  server.RaftServerConfigKeys (ConfUtils.java:logGet(43)) - raft.server.leader.election.timeout = 120s (custom)
2019-08-20 14:48:18,327 INFO  server.RaftServerConfigKeys (ConfUtils.java:logGet(43)) - raft.server.log.use.memory = false (default)
2019-08-20 14:48:18,327 INFO  server.RaftServerConfigKeys (ConfUtils.java:logGet(43)) - raft.server.log.purge.gap = 1000000000 (custom)
2019-08-20 14:48:18,327 INFO  server.RaftServerConfigKeys (ConfUtils.java:logGet(43)) - raft.server.log.appender.buffer.byte-limit = 33554432 (custom)
2019-08-20 14:48:18,327 INFO  server.RaftServerConfigKeys (ConfUtils.java:logGet(43)) - raft.server.log.segment.size.max = 1048576 (custom)
2019-08-20 14:48:18,327 INFO  server.RaftServerConfigKeys (ConfUtils.java:logGet(43)) - raft.server.log.segment.cache.num.max = 2 (custom)
2019-08-20 14:48:18,328 INFO  segmented.SegmentedRaftLogWorker (SegmentedRaftLogWorker.java:<init>(172)) - new 3d7001d1-da69-4c5a-8bea-f17705eb83d8-SegmentedRaftLogWorker:Storage Directory /workdir/hadoop-ozone/integration-test/target/test-dir/MiniOzoneClusterImpl-d88ca63d-595b-4155-815f-b7b6636ca230/datanode-2/data/ratis/521e2de0-d2ab-4d8e-9def-4d3ae04a06c7 for RaftStorage:Storage Directory /workdir/hadoop-ozone/integration-test/target/test-dir/MiniOzoneClusterImpl-d88ca63d-595b-4155-815f-b7b6636ca230/datanode-2/data/ratis/521e2de0-d2ab-4d8e-9def-4d3ae04a06c7
2019-08-20 14:48:18,328 INFO  server.RaftServerConfigKeys (ConfUtils.java:logGet(43)) - raft.server.log.queue.byte-limit = 2147483647 (custom)
2019-08-20 14:48:18,328 INFO  server.RaftServerConfigKeys (ConfUtils.java:logGet(43)) - raft.server.log.queue.element-limit = 1024 (custom)
2019-08-20 14:48:18,328 INFO  server.RaftServerConfigKeys (ConfUtils.java:logGet(43)) - raft.server.log.segment.size.max = 1048576 (custom)
2019-08-20 14:48:18,328 INFO  server.RaftServerConfigKeys (ConfUtils.java:logGet(43)) - raft.server.log.preallocated.size = 16384 (custom)
2019-08-20 14:48:18,328 INFO  server.RaftServerConfigKeys (ConfUtils.java:logGet(43)) - raft.server.log.write.buffer.size = 33554432 (custom)
2019-08-20 14:48:18,328 INFO  server.RaftServerConfigKeys (ConfUtils.java:logGet(43)) - raft.server.log.force.sync.num = 128 (default)
2019-08-20 14:48:18,328 INFO  server.RaftServerConfigKeys (ConfUtils.java:logGet(43)) - raft.server.log.statemachine.data.sync = true (default)
2019-08-20 14:48:18,328 INFO  server.RaftServerConfigKeys (ConfUtils.java:logGet(43)) - raft.server.log.statemachine.data.sync.timeout = 10s (default)
2019-08-20 14:48:18,329 INFO  server.RaftServerConfigKeys (ConfUtils.java:logGet(43)) - raft.server.log.statemachine.data.sync.timeout.retry = -1 (default)
2019-08-20 14:48:18,329 INFO  server.RaftServerConfigKeys (ConfUtils.java:logGet(43)) - raft.server.log.statemachine.data.caching.enabled = true (custom)
2019-08-20 14:48:18,329 INFO  segmented.SegmentedRaftLogWorker (SegmentedRaftLogWorker.java:lambda$new$0(132)) - 3d7001d1-da69-4c5a-8bea-f17705eb83d8-SegmentedRaftLogWorker:Storage Directory /workdir/hadoop-ozone/integration-test/target/test-dir/MiniOzoneClusterImpl-d88ca63d-595b-4155-815f-b7b6636ca230/datanode-2/data/ratis/521e2de0-d2ab-4d8e-9def-4d3ae04a06c7: flushIndex: setUnconditionally 0 -> -1
2019-08-20 14:48:18,329 INFO  server.RaftServerConfigKeys (ConfUtils.java:logGet(43)) - raft.server.snapshot.auto.trigger.enabled = true (custom)
2019-08-20 14:48:18,330 INFO  server.RaftServerConfigKeys (ConfUtils.java:logGet(43)) - raft.server.snapshot.auto.trigger.threshold = 10000 (custom)
2019-08-20 14:48:18,330 INFO  server.RaftServerConfigKeys (ConfUtils.java:logGet(43)) - raft.server.retrycache.expirytime = 600000ms (custom)
2019-08-20 14:48:18,330 INFO  impl.RaftServerImpl (RaftServerImpl.java:start(180)) - 3d7001d1-da69-4c5a-8bea-f17705eb83d8: start group-4D3AE04A06C7
2019-08-20 14:48:18,330 INFO  impl.RaftServerImpl (RaftServerImpl.java:setRole(171)) - 3d7001d1-da69-4c5a-8bea-f17705eb83d8:group-4D3AE04A06C7 changes role from null to FOLLOWER at term 0 for startAsFollower
2019-08-20 14:48:18,330 INFO  impl.RoleInfo (RoleInfo.java:updateAndGet(143)) - 3d7001d1-da69-4c5a-8bea-f17705eb83d8: start FollowerState
2019-08-20 14:48:18,330 INFO  util.JmxRegister (JmxRegister.java:tryRegister(44)) - Successfully registered JMX Bean with object name Ratis:service=RaftServer,group=group-4D3AE04A06C7,id=3d7001d1-da69-4c5a-8bea-f17705eb83d8
2019-08-20 14:48:18,335 INFO  pipeline.PipelineStateManager (PipelineStateManager.java:addPipeline(56)) - Created pipeline Pipeline[ Id: 521e2de0-d2ab-4d8e-9def-4d3ae04a06c7, Nodes: 3d7001d1-da69-4c5a-8bea-f17705eb83d8{ip: 192.168.36.107, host: pr-hdds-1942-s8lb6-241747594, networkLocation: /default-rack, certSerialId: null}, Type:RATIS, Factor:ONE, State:OPEN]
2019-08-20 14:48:18,348 INFO  impl.RaftServerProxy (RaftServerProxy.java:addNew(89)) - 82d3c3a3-59ad-43e6-acf7-e05128f1705b: addNew group-3760AF6D1171:[302c2fdb-8e38-4af7-b52c-e1f5ec132e75:192.168.36.107:33323, 3d7001d1-da69-4c5a-8bea-f17705eb83d8:192.168.36.107:36639, 82d3c3a3-59ad-43e6-acf7-e05128f1705b:192.168.36.107:42943] returns group-3760AF6D1171:java.util.concurrent.CompletableFuture@6c1b641b[Not completed]
2019-08-20 14:48:18,348 INFO  impl.RaftServerProxy (RaftServerProxy.java:addNew(89)) - 302c2fdb-8e38-4af7-b52c-e1f5ec132e75: addNew group-3760AF6D1171:[302c2fdb-8e38-4af7-b52c-e1f5ec132e75:192.168.36.107:33323, 3d7001d1-da69-4c5a-8bea-f17705eb83d8:192.168.36.107:36639, 82d3c3a3-59ad-43e6-acf7-e05128f1705b:192.168.36.107:42943] returns group-3760AF6D1171:java.util.concurrent.CompletableFuture@6d92a78f[Not completed]
2019-08-20 14:48:18,348 INFO  impl.RaftServerProxy (RaftServerProxy.java:addNew(89)) - 3d7001d1-da69-4c5a-8bea-f17705eb83d8: addNew group-3760AF6D1171:[302c2fdb-8e38-4af7-b52c-e1f5ec132e75:192.168.36.107:33323, 3d7001d1-da69-4c5a-8bea-f17705eb83d8:192.168.36.107:36639, 82d3c3a3-59ad-43e6-acf7-e05128f1705b:192.168.36.107:42943] returns group-3760AF6D1171:java.util.concurrent.CompletableFuture@2f08e1ab[Not completed]
2019-08-20 14:48:18,349 INFO  impl.RaftServerImpl (RaftServerImpl.java:<init>(93)) - 82d3c3a3-59ad-43e6-acf7-e05128f1705b: new RaftServerImpl for group-3760AF6D1171:[302c2fdb-8e38-4af7-b52c-e1f5ec132e75:192.168.36.107:33323, 3d7001d1-da69-4c5a-8bea-f17705eb83d8:192.168.36.107:36639, 82d3c3a3-59ad-43e6-acf7-e05128f1705b:192.168.36.107:42943] with ContainerStateMachine:uninitialized
2019-08-20 14:48:18,349 INFO  server.RaftServerConfigKeys (ConfUtils.java:logGet(43)) - raft.server.rpc.timeout.min = 5s (custom)
2019-08-20 14:48:18,350 INFO  server.RaftServerConfigKeys (ConfUtils.java:logGet(43)) - raft.server.rpc.timeout.max = 5200ms (custom)
2019-08-20 14:48:18,350 INFO  server.RaftServerConfigKeys (ConfUtils.java:logGet(43)) - raft.server.rpcslowness.timeout = 120s (custom)
2019-08-20 14:48:18,350 INFO  server.RaftServerConfigKeys (ConfUtils.java:logGet(43)) - raft.server.sleep.deviation.threshold = 300 (default)
2019-08-20 14:48:18,350 INFO  server.RaftServerConfigKeys (ConfUtils.java:logGet(43)) - raft.server.log.appender.install.snapshot.enabled = false (custom)
2019-08-20 14:48:18,350 INFO  impl.RaftServerImpl (ServerState.java:<init>(105)) - 82d3c3a3-59ad-43e6-acf7-e05128f1705b:group-3760AF6D1171 ConfigurationManager, init=-1: [302c2fdb-8e38-4af7-b52c-e1f5ec132e75:192.168.36.107:33323, 3d7001d1-da69-4c5a-8bea-f17705eb83d8:192.168.36.107:36639, 82d3c3a3-59ad-43e6-acf7-e05128f1705b:192.168.36.107:42943], old=null, confs=<EMPTY_MAP>
2019-08-20 14:48:18,350 INFO  impl.RaftServerImpl (RaftServerImpl.java:<init>(93)) - 3d7001d1-da69-4c5a-8bea-f17705eb83d8: new RaftServerImpl for group-3760AF6D1171:[302c2fdb-8e38-4af7-b52c-e1f5ec132e75:192.168.36.107:33323, 3d7001d1-da69-4c5a-8bea-f17705eb83d8:192.168.36.107:36639, 82d3c3a3-59ad-43e6-acf7-e05128f1705b:192.168.36.107:42943] with ContainerStateMachine:uninitialized
2019-08-20 14:48:18,350 INFO  server.RaftServerConfigKeys (ConfUtils.java:logGet(43)) - raft.server.storage.dir = [/workdir/hadoop-ozone/integration-test/target/test-dir/MiniOzoneClusterImpl-d88ca63d-595b-4155-815f-b7b6636ca230/datanode-1/data/ratis] (custom)
2019-08-20 14:48:18,350 INFO  server.RaftServerConfigKeys (ConfUtils.java:logGet(43)) - raft.server.rpc.timeout.min = 5s (custom)
2019-08-20 14:48:18,351 INFO  server.RaftServerConfigKeys (ConfUtils.java:logGet(43)) - raft.server.rpc.timeout.max = 5200ms (custom)
2019-08-20 14:48:18,351 INFO  server.RaftServerConfigKeys (ConfUtils.java:logGet(43)) - raft.server.rpcslowness.timeout = 120s (custom)
2019-08-20 14:48:18,351 INFO  storage.RaftStorageDirectory (RaftStorageDirectory.java:analyzeStorage(246)) - The storage directory /workdir/hadoop-ozone/integration-test/target/test-dir/MiniOzoneClusterImpl-d88ca63d-595b-4155-815f-b7b6636ca230/datanode-1/data/ratis/20fada77-b454-4690-9377-3760af6d1171 does not exist. Creating ...
2019-08-20 14:48:18,351 INFO  impl.RaftServerImpl (RaftServerImpl.java:<init>(93)) - 302c2fdb-8e38-4af7-b52c-e1f5ec132e75: new RaftServerImpl for group-3760AF6D1171:[302c2fdb-8e38-4af7-b52c-e1f5ec132e75:192.168.36.107:33323, 3d7001d1-da69-4c5a-8bea-f17705eb83d8:192.168.36.107:36639, 82d3c3a3-59ad-43e6-acf7-e05128f1705b:192.168.36.107:42943] with ContainerStateMachine:uninitialized
2019-08-20 14:48:18,351 INFO  server.RaftServerConfigKeys (ConfUtils.java:logGet(43)) - raft.server.sleep.deviation.threshold = 300 (default)
2019-08-20 14:48:18,351 INFO  server.RaftServerConfigKeys (ConfUtils.java:logGet(43)) - raft.server.rpc.timeout.min = 5s (custom)
2019-08-20 14:48:18,351 INFO  server.RaftServerConfigKeys (ConfUtils.java:logGet(43)) - raft.server.log.appender.install.snapshot.enabled = false (custom)
2019-08-20 14:48:18,351 INFO  server.RaftServerConfigKeys (ConfUtils.java:logGet(43)) - raft.server.rpc.timeout.max = 5200ms (custom)
2019-08-20 14:48:18,351 INFO  impl.RaftServerImpl (ServerState.java:<init>(105)) - 3d7001d1-da69-4c5a-8bea-f17705eb83d8:group-3760AF6D1171 ConfigurationManager, init=-1: [302c2fdb-8e38-4af7-b52c-e1f5ec132e75:192.168.36.107:33323, 3d7001d1-da69-4c5a-8bea-f17705eb83d8:192.168.36.107:36639, 82d3c3a3-59ad-43e6-acf7-e05128f1705b:192.168.36.107:42943], old=null, confs=<EMPTY_MAP>
2019-08-20 14:48:18,351 INFO  server.RaftServerConfigKeys (ConfUtils.java:logGet(43)) - raft.server.rpcslowness.timeout = 120s (custom)
2019-08-20 14:48:18,351 INFO  server.RaftServerConfigKeys (ConfUtils.java:logGet(43)) - raft.server.storage.dir = [/workdir/hadoop-ozone/integration-test/target/test-dir/MiniOzoneClusterImpl-d88ca63d-595b-4155-815f-b7b6636ca230/datanode-2/data/ratis] (custom)
2019-08-20 14:48:18,352 INFO  server.RaftServerConfigKeys (ConfUtils.java:logGet(43)) - raft.server.sleep.deviation.threshold = 300 (default)
2019-08-20 14:48:18,352 INFO  server.RaftServerConfigKeys (ConfUtils.java:logGet(43)) - raft.server.log.appender.install.snapshot.enabled = false (custom)
2019-08-20 14:48:18,352 INFO  storage.RaftStorageDirectory (RaftStorageDirectory.java:analyzeStorage(246)) - The storage directory /workdir/hadoop-ozone/integration-test/target/test-dir/MiniOzoneClusterImpl-d88ca63d-595b-4155-815f-b7b6636ca230/datanode-2/data/ratis/20fada77-b454-4690-9377-3760af6d1171 does not exist. Creating ...
2019-08-20 14:48:18,352 INFO  impl.RaftServerImpl (ServerState.java:<init>(105)) - 302c2fdb-8e38-4af7-b52c-e1f5ec132e75:group-3760AF6D1171 ConfigurationManager, init=-1: [302c2fdb-8e38-4af7-b52c-e1f5ec132e75:192.168.36.107:33323, 3d7001d1-da69-4c5a-8bea-f17705eb83d8:192.168.36.107:36639, 82d3c3a3-59ad-43e6-acf7-e05128f1705b:192.168.36.107:42943], old=null, confs=<EMPTY_MAP>
2019-08-20 14:48:18,352 INFO  server.RaftServerConfigKeys (ConfUtils.java:logGet(43)) - raft.server.storage.dir = [/workdir/hadoop-ozone/integration-test/target/test-dir/MiniOzoneClusterImpl-d88ca63d-595b-4155-815f-b7b6636ca230/datanode-0/data/ratis] (custom)
2019-08-20 14:48:18,352 INFO  storage.RaftStorageDirectory (RaftStorageDirectory.java:analyzeStorage(246)) - The storage directory /workdir/hadoop-ozone/integration-test/target/test-dir/MiniOzoneClusterImpl-d88ca63d-595b-4155-815f-b7b6636ca230/datanode-0/data/ratis/20fada77-b454-4690-9377-3760af6d1171 does not exist. Creating ...
2019-08-20 14:48:18,381 INFO  storage.RaftStorageDirectory (RaftStorageDirectory.java:tryLock(328)) - Lock on /workdir/hadoop-ozone/integration-test/target/test-dir/MiniOzoneClusterImpl-d88ca63d-595b-4155-815f-b7b6636ca230/datanode-1/data/ratis/20fada77-b454-4690-9377-3760af6d1171/in_use.lock acquired by nodename 31473@pr-hdds-1942-s8lb6-241747594
2019-08-20 14:48:18,381 INFO  storage.RaftStorageDirectory (RaftStorageDirectory.java:tryLock(328)) - Lock on /workdir/hadoop-ozone/integration-test/target/test-dir/MiniOzoneClusterImpl-d88ca63d-595b-4155-815f-b7b6636ca230/datanode-0/data/ratis/20fada77-b454-4690-9377-3760af6d1171/in_use.lock acquired by nodename 31473@pr-hdds-1942-s8lb6-241747594
2019-08-20 14:48:18,381 INFO  storage.RaftStorageDirectory (RaftStorageDirectory.java:tryLock(328)) - Lock on /workdir/hadoop-ozone/integration-test/target/test-dir/MiniOzoneClusterImpl-d88ca63d-595b-4155-815f-b7b6636ca230/datanode-2/data/ratis/20fada77-b454-4690-9377-3760af6d1171/in_use.lock acquired by nodename 31473@pr-hdds-1942-s8lb6-241747594
2019-08-20 14:48:18,452 INFO  net.NetworkTopology (NetworkTopologyImpl.java:add(110)) - Added a new node: /default-rack/b3ba6b55-ed58-42e5-84bb-a44356fa1cff
2019-08-20 14:48:18,453 INFO  node.SCMNodeManager (SCMNodeManager.java:register(273)) - Registered Data node : b3ba6b55-ed58-42e5-84bb-a44356fa1cff{ip: 192.168.36.107, host: pr-hdds-1942-s8lb6-241747594, networkLocation: /default-rack, certSerialId: null}
2019-08-20 14:48:18,461 INFO  storage.RaftStorage (RaftStorage.java:format(72)) - Storage directory /workdir/hadoop-ozone/integration-test/target/test-dir/MiniOzoneClusterImpl-d88ca63d-595b-4155-815f-b7b6636ca230/datanode-2/data/ratis/20fada77-b454-4690-9377-3760af6d1171 has been successfully formatted.
2019-08-20 14:48:18,461 INFO  storage.RaftStorage (RaftStorage.java:format(72)) - Storage directory /workdir/hadoop-ozone/integration-test/target/test-dir/MiniOzoneClusterImpl-d88ca63d-595b-4155-815f-b7b6636ca230/datanode-0/data/ratis/20fada77-b454-4690-9377-3760af6d1171 has been successfully formatted.
2019-08-20 14:48:18,461 INFO  storage.RaftStorage (RaftStorage.java:format(72)) - Storage directory /workdir/hadoop-ozone/integration-test/target/test-dir/MiniOzoneClusterImpl-d88ca63d-595b-4155-815f-b7b6636ca230/datanode-1/data/ratis/20fada77-b454-4690-9377-3760af6d1171 has been successfully formatted.
2019-08-20 14:48:18,462 INFO  ratis.ContainerStateMachine (ContainerStateMachine.java:loadSnapshot(222)) - group-3760AF6D1171: The snapshot info is null. Setting the last applied indexto:(t:0, i:~)
2019-08-20 14:48:18,462 INFO  ratis.ContainerStateMachine (ContainerStateMachine.java:loadSnapshot(222)) - group-3760AF6D1171: The snapshot info is null. Setting the last applied indexto:(t:0, i:~)
2019-08-20 14:48:18,462 INFO  ratis.ContainerStateMachine (ContainerStateMachine.java:loadSnapshot(222)) - group-3760AF6D1171: The snapshot info is null. Setting the last applied indexto:(t:0, i:~)
2019-08-20 14:48:18,462 INFO  server.RaftServerConfigKeys (ConfUtils.java:logGet(43)) - raft.server.leader.election.timeout = 120s (custom)
2019-08-20 14:48:18,462 INFO  server.RaftServerConfigKeys (ConfUtils.java:logGet(43)) - raft.server.leader.election.timeout = 120s (custom)
2019-08-20 14:48:18,463 INFO  server.RaftServerConfigKeys (ConfUtils.java:logGet(43)) - raft.server.log.use.memory = false (default)
2019-08-20 14:48:18,463 INFO  server.RaftServerConfigKeys (ConfUtils.java:logGet(43)) - raft.server.leader.election.timeout = 120s (custom)
2019-08-20 14:48:18,463 INFO  server.RaftServerConfigKeys (ConfUtils.java:logGet(43)) - raft.server.log.purge.gap = 1000000000 (custom)
2019-08-20 14:48:18,463 INFO  server.RaftServerConfigKeys (ConfUtils.java:logGet(43)) - raft.server.log.use.memory = false (default)
2019-08-20 14:48:18,463 INFO  server.RaftServerConfigKeys (ConfUtils.java:logGet(43)) - raft.server.log.appender.buffer.byte-limit = 33554432 (custom)
2019-08-20 14:48:18,463 INFO  server.RaftServerConfigKeys (ConfUtils.java:logGet(43)) - raft.server.log.use.memory = false (default)
2019-08-20 14:48:18,464 INFO  server.RaftServerConfigKeys (ConfUtils.java:logGet(43)) - raft.server.log.segment.size.max = 1048576 (custom)
2019-08-20 14:48:18,463 INFO  server.RaftServerConfigKeys (ConfUtils.java:logGet(43)) - raft.server.log.purge.gap = 1000000000 (custom)
2019-08-20 14:48:18,464 INFO  server.RaftServerConfigKeys (ConfUtils.java:logGet(43)) - raft.server.log.segment.cache.num.max = 2 (custom)
2019-08-20 14:48:18,464 INFO  server.RaftServerConfigKeys (ConfUtils.java:logGet(43)) - raft.server.log.purge.gap = 1000000000 (custom)
2019-08-20 14:48:18,464 INFO  segmented.SegmentedRaftLogWorker (SegmentedRaftLogWorker.java:<init>(172)) - new 82d3c3a3-59ad-43e6-acf7-e05128f1705b-SegmentedRaftLogWorker:Storage Directory /workdir/hadoop-ozone/integration-test/target/test-dir/MiniOzoneClusterImpl-d88ca63d-595b-4155-815f-b7b6636ca230/datanode-1/data/ratis/20fada77-b454-4690-9377-3760af6d1171 for RaftStorage:Storage Directory /workdir/hadoop-ozone/integration-test/target/test-dir/MiniOzoneClusterImpl-d88ca63d-595b-4155-815f-b7b6636ca230/datanode-1/data/ratis/20fada77-b454-4690-9377-3760af6d1171
2019-08-20 14:48:18,464 INFO  server.RaftServerConfigKeys (ConfUtils.java:logGet(43)) - raft.server.log.appender.buffer.byte-limit = 33554432 (custom)
2019-08-20 14:48:18,464 INFO  server.RaftServerConfigKeys (ConfUtils.java:logGet(43)) - raft.server.log.queue.byte-limit = 2147483647 (custom)
2019-08-20 14:48:18,464 INFO  server.RaftServerConfigKeys (ConfUtils.java:logGet(43)) - raft.server.log.appender.buffer.byte-limit = 33554432 (custom)
2019-08-20 14:48:18,465 INFO  server.RaftServerConfigKeys (ConfUtils.java:logGet(43)) - raft.server.log.queue.element-limit = 1024 (custom)
2019-08-20 14:48:18,465 INFO  server.RaftServerConfigKeys (ConfUtils.java:logGet(43)) - raft.server.log.segment.size.max = 1048576 (custom)
2019-08-20 14:48:18,465 INFO  server.RaftServerConfigKeys (ConfUtils.java:logGet(43)) - raft.server.log.segment.size.max = 1048576 (custom)
2019-08-20 14:48:18,465 INFO  server.RaftServerConfigKeys (ConfUtils.java:logGet(43)) - raft.server.log.segment.size.max = 1048576 (custom)
2019-08-20 14:48:18,465 INFO  server.RaftServerConfigKeys (ConfUtils.java:logGet(43)) - raft.server.log.preallocated.size = 16384 (custom)
2019-08-20 14:48:18,465 INFO  server.RaftServerConfigKeys (ConfUtils.java:logGet(43)) - raft.server.log.segment.cache.num.max = 2 (custom)
2019-08-20 14:48:18,465 INFO  server.RaftServerConfigKeys (ConfUtils.java:logGet(43)) - raft.server.log.write.buffer.size = 33554432 (custom)
2019-08-20 14:48:18,465 INFO  server.RaftServerConfigKeys (ConfUtils.java:logGet(43)) - raft.server.log.segment.cache.num.max = 2 (custom)
2019-08-20 14:48:18,466 INFO  server.RaftServerConfigKeys (ConfUtils.java:logGet(43)) - raft.server.log.force.sync.num = 128 (default)
2019-08-20 14:48:18,466 INFO  segmented.SegmentedRaftLogWorker (SegmentedRaftLogWorker.java:<init>(172)) - new 3d7001d1-da69-4c5a-8bea-f17705eb83d8-SegmentedRaftLogWorker:Storage Directory /workdir/hadoop-ozone/integration-test/target/test-dir/MiniOzoneClusterImpl-d88ca63d-595b-4155-815f-b7b6636ca230/datanode-2/data/ratis/20fada77-b454-4690-9377-3760af6d1171 for RaftStorage:Storage Directory /workdir/hadoop-ozone/integration-test/target/test-dir/MiniOzoneClusterImpl-d88ca63d-595b-4155-815f-b7b6636ca230/datanode-2/data/ratis/20fada77-b454-4690-9377-3760af6d1171
2019-08-20 14:48:18,466 INFO  server.RaftServerConfigKeys (ConfUtils.java:logGet(43)) - raft.server.log.statemachine.data.sync = true (default)
2019-08-20 14:48:18,466 INFO  segmented.SegmentedRaftLogWorker (SegmentedRaftLogWorker.java:<init>(172)) - new 302c2fdb-8e38-4af7-b52c-e1f5ec132e75-SegmentedRaftLogWorker:Storage Directory /workdir/hadoop-ozone/integration-test/target/test-dir/MiniOzoneClusterImpl-d88ca63d-595b-4155-815f-b7b6636ca230/datanode-0/data/ratis/20fada77-b454-4690-9377-3760af6d1171 for RaftStorage:Storage Directory /workdir/hadoop-ozone/integration-test/target/test-dir/MiniOzoneClusterImpl-d88ca63d-595b-4155-815f-b7b6636ca230/datanode-0/data/ratis/20fada77-b454-4690-9377-3760af6d1171
2019-08-20 14:48:18,466 INFO  server.RaftServerConfigKeys (ConfUtils.java:logGet(43)) - raft.server.log.statemachine.data.sync.timeout = 10s (default)
2019-08-20 14:48:18,466 INFO  server.RaftServerConfigKeys (ConfUtils.java:logGet(43)) - raft.server.log.queue.byte-limit = 2147483647 (custom)
2019-08-20 14:48:18,467 INFO  server.RaftServerConfigKeys (ConfUtils.java:logGet(43)) - raft.server.log.statemachine.data.sync.timeout.retry = -1 (default)
2019-08-20 14:48:18,466 INFO  server.RaftServerConfigKeys (ConfUtils.java:logGet(43)) - raft.server.log.queue.byte-limit = 2147483647 (custom)
2019-08-20 14:48:18,467 INFO  server.RaftServerConfigKeys (ConfUtils.java:logGet(43)) - raft.server.log.statemachine.data.caching.enabled = true (custom)
2019-08-20 14:48:18,467 INFO  server.RaftServerConfigKeys (ConfUtils.java:logGet(43)) - raft.server.log.queue.element-limit = 1024 (custom)
2019-08-20 14:48:18,467 INFO  server.RaftServerConfigKeys (ConfUtils.java:logGet(43)) - raft.server.log.queue.element-limit = 1024 (custom)
2019-08-20 14:48:18,467 INFO  server.RaftServerConfigKeys (ConfUtils.java:logGet(43)) - raft.server.log.segment.size.max = 1048576 (custom)
2019-08-20 14:48:18,467 INFO  segmented.SegmentedRaftLogWorker (SegmentedRaftLogWorker.java:lambda$new$0(132)) - 82d3c3a3-59ad-43e6-acf7-e05128f1705b-SegmentedRaftLogWorker:Storage Directory /workdir/hadoop-ozone/integration-test/target/test-dir/MiniOzoneClusterImpl-d88ca63d-595b-4155-815f-b7b6636ca230/datanode-1/data/ratis/20fada77-b454-4690-9377-3760af6d1171: flushIndex: setUnconditionally 0 -> -1
2019-08-20 14:48:18,467 INFO  server.RaftServerConfigKeys (ConfUtils.java:logGet(43)) - raft.server.log.segment.size.max = 1048576 (custom)
2019-08-20 14:48:18,467 INFO  server.RaftServerConfigKeys (ConfUtils.java:logGet(43)) - raft.server.log.preallocated.size = 16384 (custom)
2019-08-20 14:48:18,468 INFO  server.RaftServerConfigKeys (ConfUtils.java:logGet(43)) - raft.server.log.preallocated.size = 16384 (custom)
2019-08-20 14:48:18,468 INFO  server.RaftServerConfigKeys (ConfUtils.java:logGet(43)) - raft.server.snapshot.auto.trigger.enabled = true (custom)
2019-08-20 14:48:18,468 INFO  server.RaftServerConfigKeys (ConfUtils.java:logGet(43)) - raft.server.log.write.buffer.size = 33554432 (custom)
2019-08-20 14:48:18,468 INFO  server.RaftServerConfigKeys (ConfUtils.java:logGet(43)) - raft.server.snapshot.auto.trigger.threshold = 10000 (custom)
2019-08-20 14:48:18,468 INFO  server.RaftServerConfigKeys (ConfUtils.java:logGet(43)) - raft.server.log.write.buffer.size = 33554432 (custom)
2019-08-20 14:48:18,468 INFO  server.RaftServerConfigKeys (ConfUtils.java:logGet(43)) - raft.server.retrycache.expirytime = 600000ms (custom)
2019-08-20 14:48:18,468 INFO  server.RaftServerConfigKeys (ConfUtils.java:logGet(43)) - raft.server.log.force.sync.num = 128 (default)
2019-08-20 14:48:18,468 INFO  server.RaftServerConfigKeys (ConfUtils.java:logGet(43)) - raft.server.log.force.sync.num = 128 (default)
2019-08-20 14:48:18,469 INFO  impl.RaftServerImpl (RaftServerImpl.java:start(180)) - 82d3c3a3-59ad-43e6-acf7-e05128f1705b: start group-3760AF6D1171
2019-08-20 14:48:18,469 INFO  server.RaftServerConfigKeys (ConfUtils.java:logGet(43)) - raft.server.log.statemachine.data.sync = true (default)
2019-08-20 14:48:18,469 INFO  impl.RaftServerImpl (RaftServerImpl.java:setRole(171)) - 82d3c3a3-59ad-43e6-acf7-e05128f1705b:group-3760AF6D1171 changes role from null to FOLLOWER at term 0 for startAsFollower
2019-08-20 14:48:18,469 INFO  server.RaftServerConfigKeys (ConfUtils.java:logGet(43)) - raft.server.log.statemachine.data.sync = true (default)
2019-08-20 14:48:18,469 INFO  impl.RoleInfo (RoleInfo.java:updateAndGet(143)) - 82d3c3a3-59ad-43e6-acf7-e05128f1705b: start FollowerState
2019-08-20 14:48:18,469 INFO  server.RaftServerConfigKeys (ConfUtils.java:logGet(43)) - raft.server.log.statemachine.data.sync.timeout = 10s (default)
2019-08-20 14:48:18,469 INFO  server.RaftServerConfigKeys (ConfUtils.java:logGet(43)) - raft.server.log.statemachine.data.sync.timeout = 10s (default)
2019-08-20 14:48:18,469 INFO  server.RaftServerConfigKeys (ConfUtils.java:logGet(43)) - raft.server.log.statemachine.data.sync.timeout.retry = -1 (default)
2019-08-20 14:48:18,470 INFO  server.RaftServerConfigKeys (ConfUtils.java:logGet(43)) - raft.server.log.statemachine.data.sync.timeout.retry = -1 (default)
2019-08-20 14:48:18,470 INFO  util.JmxRegister (JmxRegister.java:tryRegister(44)) - Successfully registered JMX Bean with object name Ratis:service=RaftServer,group=group-3760AF6D1171,id=82d3c3a3-59ad-43e6-acf7-e05128f1705b
2019-08-20 14:48:18,470 INFO  server.RaftServerConfigKeys (ConfUtils.java:logGet(43)) - raft.server.log.statemachine.data.caching.enabled = true (custom)
2019-08-20 14:48:18,470 INFO  server.RaftServerConfigKeys (ConfUtils.java:logGet(43)) - raft.server.log.statemachine.data.caching.enabled = true (custom)
2019-08-20 14:48:18,470 INFO  segmented.SegmentedRaftLogWorker (SegmentedRaftLogWorker.java:lambda$new$0(132)) - 3d7001d1-da69-4c5a-8bea-f17705eb83d8-SegmentedRaftLogWorker:Storage Directory /workdir/hadoop-ozone/integration-test/target/test-dir/MiniOzoneClusterImpl-d88ca63d-595b-4155-815f-b7b6636ca230/datanode-2/data/ratis/20fada77-b454-4690-9377-3760af6d1171: flushIndex: setUnconditionally 0 -> -1
2019-08-20 14:48:18,470 INFO  segmented.SegmentedRaftLogWorker (SegmentedRaftLogWorker.java:lambda$new$0(132)) - 302c2fdb-8e38-4af7-b52c-e1f5ec132e75-SegmentedRaftLogWorker:Storage Directory /workdir/hadoop-ozone/integration-test/target/test-dir/MiniOzoneClusterImpl-d88ca63d-595b-4155-815f-b7b6636ca230/datanode-0/data/ratis/20fada77-b454-4690-9377-3760af6d1171: flushIndex: setUnconditionally 0 -> -1
2019-08-20 14:48:18,470 INFO  server.RaftServerConfigKeys (ConfUtils.java:logGet(43)) - raft.server.snapshot.auto.trigger.enabled = true (custom)
2019-08-20 14:48:18,471 INFO  server.RaftServerConfigKeys (ConfUtils.java:logGet(43)) - raft.server.snapshot.auto.trigger.threshold = 10000 (custom)
2019-08-20 14:48:18,471 INFO  server.RaftServerConfigKeys (ConfUtils.java:logGet(43)) - raft.server.snapshot.auto.trigger.enabled = true (custom)
2019-08-20 14:48:18,471 INFO  server.RaftServerConfigKeys (ConfUtils.java:logGet(43)) - raft.server.retrycache.expirytime = 600000ms (custom)
2019-08-20 14:48:18,471 INFO  server.RaftServerConfigKeys (ConfUtils.java:logGet(43)) - raft.server.snapshot.auto.trigger.threshold = 10000 (custom)
2019-08-20 14:48:18,471 INFO  impl.RaftServerImpl (RaftServerImpl.java:start(180)) - 3d7001d1-da69-4c5a-8bea-f17705eb83d8: start group-3760AF6D1171
2019-08-20 14:48:18,471 INFO  server.RaftServerConfigKeys (ConfUtils.java:logGet(43)) - raft.server.retrycache.expirytime = 600000ms (custom)
2019-08-20 14:48:18,471 INFO  impl.RaftServerImpl (RaftServerImpl.java:setRole(171)) - 3d7001d1-da69-4c5a-8bea-f17705eb83d8:group-3760AF6D1171 changes role from null to FOLLOWER at term 0 for startAsFollower
2019-08-20 14:48:18,471 INFO  impl.RaftServerImpl (RaftServerImpl.java:start(180)) - 302c2fdb-8e38-4af7-b52c-e1f5ec132e75: start group-3760AF6D1171
2019-08-20 14:48:18,479 INFO  impl.RaftServerImpl (RaftServerImpl.java:setRole(171)) - 302c2fdb-8e38-4af7-b52c-e1f5ec132e75:group-3760AF6D1171 changes role from null to FOLLOWER at term 0 for startAsFollower
2019-08-20 14:48:18,479 INFO  impl.RoleInfo (RoleInfo.java:updateAndGet(143)) - 3d7001d1-da69-4c5a-8bea-f17705eb83d8: start FollowerState
2019-08-20 14:48:18,479 INFO  impl.RoleInfo (RoleInfo.java:updateAndGet(143)) - 302c2fdb-8e38-4af7-b52c-e1f5ec132e75: start FollowerState
2019-08-20 14:48:18,479 INFO  util.JmxRegister (JmxRegister.java:tryRegister(44)) - Successfully registered JMX Bean with object name Ratis:service=RaftServer,group=group-3760AF6D1171,id=3d7001d1-da69-4c5a-8bea-f17705eb83d8
2019-08-20 14:48:18,480 INFO  util.JmxRegister (JmxRegister.java:tryRegister(44)) - Successfully registered JMX Bean with object name Ratis:service=RaftServer,group=group-3760AF6D1171,id=302c2fdb-8e38-4af7-b52c-e1f5ec132e75
2019-08-20 14:48:18,486 INFO  pipeline.PipelineStateManager (PipelineStateManager.java:addPipeline(56)) - Created pipeline Pipeline[ Id: 20fada77-b454-4690-9377-3760af6d1171, Nodes: 302c2fdb-8e38-4af7-b52c-e1f5ec132e75{ip: 192.168.36.107, host: pr-hdds-1942-s8lb6-241747594, networkLocation: /default-rack, certSerialId: null}82d3c3a3-59ad-43e6-acf7-e05128f1705b{ip: 192.168.36.107, host: pr-hdds-1942-s8lb6-241747594, networkLocation: /default-rack, certSerialId: null}3d7001d1-da69-4c5a-8bea-f17705eb83d8{ip: 192.168.36.107, host: pr-hdds-1942-s8lb6-241747594, networkLocation: /default-rack, certSerialId: null}, Type:RATIS, Factor:THREE, State:OPEN]
2019-08-20 14:48:18,621 INFO  net.NetworkTopology (NetworkTopologyImpl.java:add(110)) - Added a new node: /default-rack/a2f2cfab-0038-47f6-be68-66347da96d67
2019-08-20 14:48:18,621 INFO  node.SCMNodeManager (SCMNodeManager.java:register(273)) - Registered Data node : a2f2cfab-0038-47f6-be68-66347da96d67{ip: 192.168.36.107, host: pr-hdds-1942-s8lb6-241747594, networkLocation: /default-rack, certSerialId: null}
2019-08-20 14:48:18,631 INFO  impl.RaftServerProxy (RaftServerProxy.java:addNew(89)) - a2f2cfab-0038-47f6-be68-66347da96d67: addNew group-1A3115DB6413:[a2f2cfab-0038-47f6-be68-66347da96d67:192.168.36.107:33613] returns group-1A3115DB6413:java.util.concurrent.CompletableFuture@290a5068[Not completed]
2019-08-20 14:48:18,632 INFO  impl.RaftServerImpl (RaftServerImpl.java:<init>(93)) - a2f2cfab-0038-47f6-be68-66347da96d67: new RaftServerImpl for group-1A3115DB6413:[a2f2cfab-0038-47f6-be68-66347da96d67:192.168.36.107:33613] with ContainerStateMachine:uninitialized
2019-08-20 14:48:18,632 INFO  server.RaftServerConfigKeys (ConfUtils.java:logGet(43)) - raft.server.rpc.timeout.min = 5s (custom)
2019-08-20 14:48:18,632 INFO  server.RaftServerConfigKeys (ConfUtils.java:logGet(43)) - raft.server.rpc.timeout.max = 5200ms (custom)
2019-08-20 14:48:18,633 INFO  server.RaftServerConfigKeys (ConfUtils.java:logGet(43)) - raft.server.rpcslowness.timeout = 120s (custom)
2019-08-20 14:48:18,633 INFO  server.RaftServerConfigKeys (ConfUtils.java:logGet(43)) - raft.server.sleep.deviation.threshold = 300 (default)
2019-08-20 14:48:18,633 INFO  server.RaftServerConfigKeys (ConfUtils.java:logGet(43)) - raft.server.log.appender.install.snapshot.enabled = false (custom)
2019-08-20 14:48:18,633 INFO  impl.RaftServerImpl (ServerState.java:<init>(105)) - a2f2cfab-0038-47f6-be68-66347da96d67:group-1A3115DB6413 ConfigurationManager, init=-1: [a2f2cfab-0038-47f6-be68-66347da96d67:192.168.36.107:33613], old=null, confs=<EMPTY_MAP>
2019-08-20 14:48:18,633 INFO  server.RaftServerConfigKeys (ConfUtils.java:logGet(43)) - raft.server.storage.dir = [/workdir/hadoop-ozone/integration-test/target/test-dir/MiniOzoneClusterImpl-d88ca63d-595b-4155-815f-b7b6636ca230/datanode-4/data/ratis] (custom)
2019-08-20 14:48:18,633 INFO  storage.RaftStorageDirectory (RaftStorageDirectory.java:analyzeStorage(246)) - The storage directory /workdir/hadoop-ozone/integration-test/target/test-dir/MiniOzoneClusterImpl-d88ca63d-595b-4155-815f-b7b6636ca230/datanode-4/data/ratis/3b2360ea-e9b7-4100-bea7-1a3115db6413 does not exist. Creating ...
2019-08-20 14:48:18,670 INFO  storage.RaftStorageDirectory (RaftStorageDirectory.java:tryLock(328)) - Lock on /workdir/hadoop-ozone/integration-test/target/test-dir/MiniOzoneClusterImpl-d88ca63d-595b-4155-815f-b7b6636ca230/datanode-4/data/ratis/3b2360ea-e9b7-4100-bea7-1a3115db6413/in_use.lock acquired by nodename 31473@pr-hdds-1942-s8lb6-241747594
2019-08-20 14:48:18,698 INFO  storage.RaftStorage (RaftStorage.java:format(72)) - Storage directory /workdir/hadoop-ozone/integration-test/target/test-dir/MiniOzoneClusterImpl-d88ca63d-595b-4155-815f-b7b6636ca230/datanode-4/data/ratis/3b2360ea-e9b7-4100-bea7-1a3115db6413 has been successfully formatted.
2019-08-20 14:48:18,699 INFO  ratis.ContainerStateMachine (ContainerStateMachine.java:loadSnapshot(222)) - group-1A3115DB6413: The snapshot info is null. Setting the last applied indexto:(t:0, i:~)
2019-08-20 14:48:18,699 INFO  server.RaftServerConfigKeys (ConfUtils.java:logGet(43)) - raft.server.leader.election.timeout = 120s (custom)
2019-08-20 14:48:18,699 INFO  server.RaftServerConfigKeys (ConfUtils.java:logGet(43)) - raft.server.log.use.memory = false (default)
2019-08-20 14:48:18,699 INFO  server.RaftServerConfigKeys (ConfUtils.java:logGet(43)) - raft.server.log.purge.gap = 1000000000 (custom)
2019-08-20 14:48:18,699 INFO  server.RaftServerConfigKeys (ConfUtils.java:logGet(43)) - raft.server.log.appender.buffer.byte-limit = 33554432 (custom)
2019-08-20 14:48:18,699 INFO  server.RaftServerConfigKeys (ConfUtils.java:logGet(43)) - raft.server.log.segment.size.max = 1048576 (custom)
2019-08-20 14:48:18,699 INFO  server.RaftServerConfigKeys (ConfUtils.java:logGet(43)) - raft.server.log.segment.cache.num.max = 2 (custom)
2019-08-20 14:48:18,699 INFO  segmented.SegmentedRaftLogWorker (SegmentedRaftLogWorker.java:<init>(172)) - new a2f2cfab-0038-47f6-be68-66347da96d67-SegmentedRaftLogWorker:Storage Directory /workdir/hadoop-ozone/integration-test/target/test-dir/MiniOzoneClusterImpl-d88ca63d-595b-4155-815f-b7b6636ca230/datanode-4/data/ratis/3b2360ea-e9b7-4100-bea7-1a3115db6413 for RaftStorage:Storage Directory /workdir/hadoop-ozone/integration-test/target/test-dir/MiniOzoneClusterImpl-d88ca63d-595b-4155-815f-b7b6636ca230/datanode-4/data/ratis/3b2360ea-e9b7-4100-bea7-1a3115db6413
2019-08-20 14:48:18,700 INFO  server.RaftServerConfigKeys (ConfUtils.java:logGet(43)) - raft.server.log.queue.byte-limit = 2147483647 (custom)
2019-08-20 14:48:18,700 INFO  server.RaftServerConfigKeys (ConfUtils.java:logGet(43)) - raft.server.log.queue.element-limit = 1024 (custom)
2019-08-20 14:48:18,700 INFO  server.RaftServerConfigKeys (ConfUtils.java:logGet(43)) - raft.server.log.segment.size.max = 1048576 (custom)
2019-08-20 14:48:18,700 INFO  server.RaftServerConfigKeys (ConfUtils.java:logGet(43)) - raft.server.log.preallocated.size = 16384 (custom)
2019-08-20 14:48:18,700 INFO  server.RaftServerConfigKeys (ConfUtils.java:logGet(43)) - raft.server.log.write.buffer.size = 33554432 (custom)
2019-08-20 14:48:18,700 INFO  server.RaftServerConfigKeys (ConfUtils.java:logGet(43)) - raft.server.log.force.sync.num = 128 (default)
2019-08-20 14:48:18,700 INFO  server.RaftServerConfigKeys (ConfUtils.java:logGet(43)) - raft.server.log.statemachine.data.sync = true (default)
2019-08-20 14:48:18,700 INFO  server.RaftServerConfigKeys (ConfUtils.java:logGet(43)) - raft.server.log.statemachine.data.sync.timeout = 10s (default)
2019-08-20 14:48:18,700 INFO  server.RaftServerConfigKeys (ConfUtils.java:logGet(43)) - raft.server.log.statemachine.data.sync.timeout.retry = -1 (default)
2019-08-20 14:48:18,701 INFO  server.RaftServerConfigKeys (ConfUtils.java:logGet(43)) - raft.server.log.statemachine.data.caching.enabled = true (custom)
2019-08-20 14:48:18,701 INFO  segmented.SegmentedRaftLogWorker (SegmentedRaftLogWorker.java:lambda$new$0(132)) - a2f2cfab-0038-47f6-be68-66347da96d67-SegmentedRaftLogWorker:Storage Directory /workdir/hadoop-ozone/integration-test/target/test-dir/MiniOzoneClusterImpl-d88ca63d-595b-4155-815f-b7b6636ca230/datanode-4/data/ratis/3b2360ea-e9b7-4100-bea7-1a3115db6413: flushIndex: setUnconditionally 0 -> -1
2019-08-20 14:48:18,701 INFO  server.RaftServerConfigKeys (ConfUtils.java:logGet(43)) - raft.server.snapshot.auto.trigger.enabled = true (custom)
2019-08-20 14:48:18,701 INFO  server.RaftServerConfigKeys (ConfUtils.java:logGet(43)) - raft.server.snapshot.auto.trigger.threshold = 10000 (custom)
2019-08-20 14:48:18,701 INFO  server.RaftServerConfigKeys (ConfUtils.java:logGet(43)) - raft.server.retrycache.expirytime = 600000ms (custom)
2019-08-20 14:48:18,701 INFO  impl.RaftServerImpl (RaftServerImpl.java:start(180)) - a2f2cfab-0038-47f6-be68-66347da96d67: start group-1A3115DB6413
2019-08-20 14:48:18,702 INFO  impl.RaftServerImpl (RaftServerImpl.java:setRole(171)) - a2f2cfab-0038-47f6-be68-66347da96d67:group-1A3115DB6413 changes role from null to FOLLOWER at term 0 for startAsFollower
2019-08-20 14:48:18,702 INFO  impl.RoleInfo (RoleInfo.java:updateAndGet(143)) - a2f2cfab-0038-47f6-be68-66347da96d67: start FollowerState
2019-08-20 14:48:18,702 INFO  util.JmxRegister (JmxRegister.java:tryRegister(44)) - Successfully registered JMX Bean with object name Ratis:service=RaftServer,group=group-1A3115DB6413,id=a2f2cfab-0038-47f6-be68-66347da96d67
2019-08-20 14:48:18,707 INFO  pipeline.PipelineStateManager (PipelineStateManager.java:addPipeline(56)) - Created pipeline Pipeline[ Id: 3b2360ea-e9b7-4100-bea7-1a3115db6413, Nodes: a2f2cfab-0038-47f6-be68-66347da96d67{ip: 192.168.36.107, host: pr-hdds-1942-s8lb6-241747594, networkLocation: /default-rack, certSerialId: null}, Type:RATIS, Factor:ONE, State:OPEN]
2019-08-20 14:48:18,715 INFO  impl.RaftServerProxy (RaftServerProxy.java:addNew(89)) - b3ba6b55-ed58-42e5-84bb-a44356fa1cff: addNew group-54763281959B:[b3ba6b55-ed58-42e5-84bb-a44356fa1cff:192.168.36.107:36210] returns group-54763281959B:java.util.concurrent.CompletableFuture@664c900a[Not completed]
2019-08-20 14:48:18,717 INFO  impl.RaftServerImpl (RaftServerImpl.java:<init>(93)) - b3ba6b55-ed58-42e5-84bb-a44356fa1cff: new RaftServerImpl for group-54763281959B:[b3ba6b55-ed58-42e5-84bb-a44356fa1cff:192.168.36.107:36210] with ContainerStateMachine:uninitialized
2019-08-20 14:48:18,717 INFO  server.RaftServerConfigKeys (ConfUtils.java:logGet(43)) - raft.server.rpc.timeout.min = 5s (custom)
2019-08-20 14:48:18,717 INFO  server.RaftServerConfigKeys (ConfUtils.java:logGet(43)) - raft.server.rpc.timeout.max = 5200ms (custom)
2019-08-20 14:48:18,717 INFO  server.RaftServerConfigKeys (ConfUtils.java:logGet(43)) - raft.server.rpcslowness.timeout = 120s (custom)
2019-08-20 14:48:18,717 INFO  server.RaftServerConfigKeys (ConfUtils.java:logGet(43)) - raft.server.sleep.deviation.threshold = 300 (default)
2019-08-20 14:48:18,718 INFO  server.RaftServerConfigKeys (ConfUtils.java:logGet(43)) - raft.server.log.appender.install.snapshot.enabled = false (custom)
2019-08-20 14:48:18,718 INFO  impl.RaftServerImpl (ServerState.java:<init>(105)) - b3ba6b55-ed58-42e5-84bb-a44356fa1cff:group-54763281959B ConfigurationManager, init=-1: [b3ba6b55-ed58-42e5-84bb-a44356fa1cff:192.168.36.107:36210], old=null, confs=<EMPTY_MAP>
2019-08-20 14:48:18,718 INFO  server.RaftServerConfigKeys (ConfUtils.java:logGet(43)) - raft.server.storage.dir = [/workdir/hadoop-ozone/integration-test/target/test-dir/MiniOzoneClusterImpl-d88ca63d-595b-4155-815f-b7b6636ca230/datanode-3/data/ratis] (custom)
2019-08-20 14:48:18,719 INFO  storage.RaftStorageDirectory (RaftStorageDirectory.java:analyzeStorage(246)) - The storage directory /workdir/hadoop-ozone/integration-test/target/test-dir/MiniOzoneClusterImpl-d88ca63d-595b-4155-815f-b7b6636ca230/datanode-3/data/ratis/005084e3-e912-4e27-ae1c-54763281959b does not exist. Creating ...
2019-08-20 14:48:18,743 INFO  storage.RaftStorageDirectory (RaftStorageDirectory.java:tryLock(328)) - Lock on /workdir/hadoop-ozone/integration-test/target/test-dir/MiniOzoneClusterImpl-d88ca63d-595b-4155-815f-b7b6636ca230/datanode-3/data/ratis/005084e3-e912-4e27-ae1c-54763281959b/in_use.lock acquired by nodename 31473@pr-hdds-1942-s8lb6-241747594
2019-08-20 14:48:18,767 INFO  storage.RaftStorage (RaftStorage.java:format(72)) - Storage directory /workdir/hadoop-ozone/integration-test/target/test-dir/MiniOzoneClusterImpl-d88ca63d-595b-4155-815f-b7b6636ca230/datanode-3/data/ratis/005084e3-e912-4e27-ae1c-54763281959b has been successfully formatted.
2019-08-20 14:48:18,768 INFO  ratis.ContainerStateMachine (ContainerStateMachine.java:loadSnapshot(222)) - group-54763281959B: The snapshot info is null. Setting the last applied indexto:(t:0, i:~)
2019-08-20 14:48:18,768 INFO  server.RaftServerConfigKeys (ConfUtils.java:logGet(43)) - raft.server.leader.election.timeout = 120s (custom)
2019-08-20 14:48:18,768 INFO  server.RaftServerConfigKeys (ConfUtils.java:logGet(43)) - raft.server.log.use.memory = false (default)
2019-08-20 14:48:18,768 INFO  server.RaftServerConfigKeys (ConfUtils.java:logGet(43)) - raft.server.log.purge.gap = 1000000000 (custom)
2019-08-20 14:48:18,768 INFO  server.RaftServerConfigKeys (ConfUtils.java:logGet(43)) - raft.server.log.appender.buffer.byte-limit = 33554432 (custom)
2019-08-20 14:48:18,768 INFO  server.RaftServerConfigKeys (ConfUtils.java:logGet(43)) - raft.server.log.segment.size.max = 1048576 (custom)
2019-08-20 14:48:18,769 INFO  server.RaftServerConfigKeys (ConfUtils.java:logGet(43)) - raft.server.log.segment.cache.num.max = 2 (custom)
2019-08-20 14:48:18,769 INFO  segmented.SegmentedRaftLogWorker (SegmentedRaftLogWorker.java:<init>(172)) - new b3ba6b55-ed58-42e5-84bb-a44356fa1cff-SegmentedRaftLogWorker:Storage Directory /workdir/hadoop-ozone/integration-test/target/test-dir/MiniOzoneClusterImpl-d88ca63d-595b-4155-815f-b7b6636ca230/datanode-3/data/ratis/005084e3-e912-4e27-ae1c-54763281959b for RaftStorage:Storage Directory /workdir/hadoop-ozone/integration-test/target/test-dir/MiniOzoneClusterImpl-d88ca63d-595b-4155-815f-b7b6636ca230/datanode-3/data/ratis/005084e3-e912-4e27-ae1c-54763281959b
2019-08-20 14:48:18,769 INFO  server.RaftServerConfigKeys (ConfUtils.java:logGet(43)) - raft.server.log.queue.byte-limit = 2147483647 (custom)
2019-08-20 14:48:18,769 INFO  server.RaftServerConfigKeys (ConfUtils.java:logGet(43)) - raft.server.log.queue.element-limit = 1024 (custom)
2019-08-20 14:48:18,770 INFO  server.RaftServerConfigKeys (ConfUtils.java:logGet(43)) - raft.server.log.segment.size.max = 1048576 (custom)
2019-08-20 14:48:18,770 INFO  server.RaftServerConfigKeys (ConfUtils.java:logGet(43)) - raft.server.log.preallocated.size = 16384 (custom)
2019-08-20 14:48:18,770 INFO  server.RaftServerConfigKeys (ConfUtils.java:logGet(43)) - raft.server.log.write.buffer.size = 33554432 (custom)
2019-08-20 14:48:18,770 INFO  server.RaftServerConfigKeys (ConfUtils.java:logGet(43)) - raft.server.log.force.sync.num = 128 (default)
2019-08-20 14:48:18,770 INFO  server.RaftServerConfigKeys (ConfUtils.java:logGet(43)) - raft.server.log.statemachine.data.sync = true (default)
2019-08-20 14:48:18,770 INFO  server.RaftServerConfigKeys (ConfUtils.java:logGet(43)) - raft.server.log.statemachine.data.sync.timeout = 10s (default)
2019-08-20 14:48:18,770 INFO  server.RaftServerConfigKeys (ConfUtils.java:logGet(43)) - raft.server.log.statemachine.data.sync.timeout.retry = -1 (default)
2019-08-20 14:48:18,771 INFO  server.RaftServerConfigKeys (ConfUtils.java:logGet(43)) - raft.server.log.statemachine.data.caching.enabled = true (custom)
2019-08-20 14:48:18,771 INFO  segmented.SegmentedRaftLogWorker (SegmentedRaftLogWorker.java:lambda$new$0(132)) - b3ba6b55-ed58-42e5-84bb-a44356fa1cff-SegmentedRaftLogWorker:Storage Directory /workdir/hadoop-ozone/integration-test/target/test-dir/MiniOzoneClusterImpl-d88ca63d-595b-4155-815f-b7b6636ca230/datanode-3/data/ratis/005084e3-e912-4e27-ae1c-54763281959b: flushIndex: setUnconditionally 0 -> -1
2019-08-20 14:48:18,772 INFO  server.RaftServerConfigKeys (ConfUtils.java:logGet(43)) - raft.server.snapshot.auto.trigger.enabled = true (custom)
2019-08-20 14:48:18,772 INFO  server.RaftServerConfigKeys (ConfUtils.java:logGet(43)) - raft.server.snapshot.auto.trigger.threshold = 10000 (custom)
2019-08-20 14:48:18,772 INFO  server.RaftServerConfigKeys (ConfUtils.java:logGet(43)) - raft.server.retrycache.expirytime = 600000ms (custom)
2019-08-20 14:48:18,772 INFO  impl.RaftServerImpl (RaftServerImpl.java:start(180)) - b3ba6b55-ed58-42e5-84bb-a44356fa1cff: start group-54763281959B
2019-08-20 14:48:18,772 INFO  impl.RaftServerImpl (RaftServerImpl.java:setRole(171)) - b3ba6b55-ed58-42e5-84bb-a44356fa1cff:group-54763281959B changes role from null to FOLLOWER at term 0 for startAsFollower
2019-08-20 14:48:18,772 INFO  impl.RoleInfo (RoleInfo.java:updateAndGet(143)) - b3ba6b55-ed58-42e5-84bb-a44356fa1cff: start FollowerState
2019-08-20 14:48:18,773 INFO  util.JmxRegister (JmxRegister.java:tryRegister(44)) - Successfully registered JMX Bean with object name Ratis:service=RaftServer,group=group-54763281959B,id=b3ba6b55-ed58-42e5-84bb-a44356fa1cff
2019-08-20 14:48:18,778 INFO  pipeline.PipelineStateManager (PipelineStateManager.java:addPipeline(56)) - Created pipeline Pipeline[ Id: 005084e3-e912-4e27-ae1c-54763281959b, Nodes: b3ba6b55-ed58-42e5-84bb-a44356fa1cff{ip: 192.168.36.107, host: pr-hdds-1942-s8lb6-241747594, networkLocation: /default-rack, certSerialId: null}, Type:RATIS, Factor:ONE, State:OPEN]
2019-08-20 14:48:18,782 INFO  net.NetworkTopology (NetworkTopologyImpl.java:add(110)) - Added a new node: /default-rack/ac09dfeb-0d61-4b21-ac1d-433018223a17
2019-08-20 14:48:18,782 INFO  node.SCMNodeManager (SCMNodeManager.java:register(273)) - Registered Data node : ac09dfeb-0d61-4b21-ac1d-433018223a17{ip: 192.168.36.107, host: pr-hdds-1942-s8lb6-241747594, networkLocation: /default-rack, certSerialId: null}
2019-08-20 14:48:18,803 INFO  impl.RaftServerProxy (RaftServerProxy.java:addNew(89)) - ac09dfeb-0d61-4b21-ac1d-433018223a17: addNew group-D0B31AA3EA7D:[ac09dfeb-0d61-4b21-ac1d-433018223a17:192.168.36.107:41506] returns group-D0B31AA3EA7D:java.util.concurrent.CompletableFuture@58bc2f2[Not completed]
2019-08-20 14:48:18,804 INFO  impl.RaftServerImpl (RaftServerImpl.java:<init>(93)) - ac09dfeb-0d61-4b21-ac1d-433018223a17: new RaftServerImpl for group-D0B31AA3EA7D:[ac09dfeb-0d61-4b21-ac1d-433018223a17:192.168.36.107:41506] with ContainerStateMachine:uninitialized
2019-08-20 14:48:18,804 INFO  server.RaftServerConfigKeys (ConfUtils.java:logGet(43)) - raft.server.rpc.timeout.min = 5s (custom)
2019-08-20 14:48:18,805 INFO  server.RaftServerConfigKeys (ConfUtils.java:logGet(43)) - raft.server.rpc.timeout.max = 5200ms (custom)
2019-08-20 14:48:18,805 INFO  server.RaftServerConfigKeys (ConfUtils.java:logGet(43)) - raft.server.rpcslowness.timeout = 120s (custom)
2019-08-20 14:48:18,805 INFO  server.RaftServerConfigKeys (ConfUtils.java:logGet(43)) - raft.server.sleep.deviation.threshold = 300 (default)
2019-08-20 14:48:18,805 INFO  server.RaftServerConfigKeys (ConfUtils.java:logGet(43)) - raft.server.log.appender.install.snapshot.enabled = false (custom)
2019-08-20 14:48:18,805 INFO  impl.RaftServerImpl (ServerState.java:<init>(105)) - ac09dfeb-0d61-4b21-ac1d-433018223a17:group-D0B31AA3EA7D ConfigurationManager, init=-1: [ac09dfeb-0d61-4b21-ac1d-433018223a17:192.168.36.107:41506], old=null, confs=<EMPTY_MAP>
2019-08-20 14:48:18,805 INFO  server.RaftServerConfigKeys (ConfUtils.java:logGet(43)) - raft.server.storage.dir = [/workdir/hadoop-ozone/integration-test/target/test-dir/MiniOzoneClusterImpl-d88ca63d-595b-4155-815f-b7b6636ca230/datanode-5/data/ratis] (custom)
2019-08-20 14:48:18,806 INFO  storage.RaftStorageDirectory (RaftStorageDirectory.java:analyzeStorage(246)) - The storage directory /workdir/hadoop-ozone/integration-test/target/test-dir/MiniOzoneClusterImpl-d88ca63d-595b-4155-815f-b7b6636ca230/datanode-5/data/ratis/dfdacab1-0e25-447d-8050-d0b31aa3ea7d does not exist. Creating ...
2019-08-20 14:48:18,832 INFO  storage.RaftStorageDirectory (RaftStorageDirectory.java:tryLock(328)) - Lock on /workdir/hadoop-ozone/integration-test/target/test-dir/MiniOzoneClusterImpl-d88ca63d-595b-4155-815f-b7b6636ca230/datanode-5/data/ratis/dfdacab1-0e25-447d-8050-d0b31aa3ea7d/in_use.lock acquired by nodename 31473@pr-hdds-1942-s8lb6-241747594
2019-08-20 14:48:18,867 INFO  storage.RaftStorage (RaftStorage.java:format(72)) - Storage directory /workdir/hadoop-ozone/integration-test/target/test-dir/MiniOzoneClusterImpl-d88ca63d-595b-4155-815f-b7b6636ca230/datanode-5/data/ratis/dfdacab1-0e25-447d-8050-d0b31aa3ea7d has been successfully formatted.
2019-08-20 14:48:18,867 INFO  ratis.ContainerStateMachine (ContainerStateMachine.java:loadSnapshot(222)) - group-D0B31AA3EA7D: The snapshot info is null. Setting the last applied indexto:(t:0, i:~)
2019-08-20 14:48:18,867 INFO  server.RaftServerConfigKeys (ConfUtils.java:logGet(43)) - raft.server.leader.election.timeout = 120s (custom)
2019-08-20 14:48:18,868 INFO  server.RaftServerConfigKeys (ConfUtils.java:logGet(43)) - raft.server.log.use.memory = false (default)
2019-08-20 14:48:18,868 INFO  server.RaftServerConfigKeys (ConfUtils.java:logGet(43)) - raft.server.log.purge.gap = 1000000000 (custom)
2019-08-20 14:48:18,868 INFO  server.RaftServerConfigKeys (ConfUtils.java:logGet(43)) - raft.server.log.appender.buffer.byte-limit = 33554432 (custom)
2019-08-20 14:48:18,868 INFO  server.RaftServerConfigKeys (ConfUtils.java:logGet(43)) - raft.server.log.segment.size.max = 1048576 (custom)
2019-08-20 14:48:18,868 INFO  server.RaftServerConfigKeys (ConfUtils.java:logGet(43)) - raft.server.log.segment.cache.num.max = 2 (custom)
2019-08-20 14:48:18,868 INFO  segmented.SegmentedRaftLogWorker (SegmentedRaftLogWorker.java:<init>(172)) - new ac09dfeb-0d61-4b21-ac1d-433018223a17-SegmentedRaftLogWorker:Storage Directory /workdir/hadoop-ozone/integration-test/target/test-dir/MiniOzoneClusterImpl-d88ca63d-595b-4155-815f-b7b6636ca230/datanode-5/data/ratis/dfdacab1-0e25-447d-8050-d0b31aa3ea7d for RaftStorage:Storage Directory /workdir/hadoop-ozone/integration-test/target/test-dir/MiniOzoneClusterImpl-d88ca63d-595b-4155-815f-b7b6636ca230/datanode-5/data/ratis/dfdacab1-0e25-447d-8050-d0b31aa3ea7d
2019-08-20 14:48:18,869 INFO  server.RaftServerConfigKeys (ConfUtils.java:logGet(43)) - raft.server.log.queue.byte-limit = 2147483647 (custom)
2019-08-20 14:48:18,869 INFO  server.RaftServerConfigKeys (ConfUtils.java:logGet(43)) - raft.server.log.queue.element-limit = 1024 (custom)
2019-08-20 14:48:18,869 INFO  server.RaftServerConfigKeys (ConfUtils.java:logGet(43)) - raft.server.log.segment.size.max = 1048576 (custom)
2019-08-20 14:48:18,869 INFO  server.RaftServerConfigKeys (ConfUtils.java:logGet(43)) - raft.server.log.preallocated.size = 16384 (custom)
2019-08-20 14:48:18,869 INFO  server.RaftServerConfigKeys (ConfUtils.java:logGet(43)) - raft.server.log.write.buffer.size = 33554432 (custom)
2019-08-20 14:48:18,870 INFO  server.RaftServerConfigKeys (ConfUtils.java:logGet(43)) - raft.server.log.force.sync.num = 128 (default)
2019-08-20 14:48:18,870 INFO  server.RaftServerConfigKeys (ConfUtils.java:logGet(43)) - raft.server.log.statemachine.data.sync = true (default)
2019-08-20 14:48:18,870 INFO  server.RaftServerConfigKeys (ConfUtils.java:logGet(43)) - raft.server.log.statemachine.data.sync.timeout = 10s (default)
2019-08-20 14:48:18,870 INFO  server.RaftServerConfigKeys (ConfUtils.java:logGet(43)) - raft.server.log.statemachine.data.sync.timeout.retry = -1 (default)
2019-08-20 14:48:18,870 INFO  server.RaftServerConfigKeys (ConfUtils.java:logGet(43)) - raft.server.log.statemachine.data.caching.enabled = true (custom)
2019-08-20 14:48:18,871 INFO  segmented.SegmentedRaftLogWorker (SegmentedRaftLogWorker.java:lambda$new$0(132)) - ac09dfeb-0d61-4b21-ac1d-433018223a17-SegmentedRaftLogWorker:Storage Directory /workdir/hadoop-ozone/integration-test/target/test-dir/MiniOzoneClusterImpl-d88ca63d-595b-4155-815f-b7b6636ca230/datanode-5/data/ratis/dfdacab1-0e25-447d-8050-d0b31aa3ea7d: flushIndex: setUnconditionally 0 -> -1
2019-08-20 14:48:18,871 INFO  server.RaftServerConfigKeys (ConfUtils.java:logGet(43)) - raft.server.snapshot.auto.trigger.enabled = true (custom)
2019-08-20 14:48:18,871 INFO  server.RaftServerConfigKeys (ConfUtils.java:logGet(43)) - raft.server.snapshot.auto.trigger.threshold = 10000 (custom)
2019-08-20 14:48:18,872 INFO  server.RaftServerConfigKeys (ConfUtils.java:logGet(43)) - raft.server.retrycache.expirytime = 600000ms (custom)
2019-08-20 14:48:18,872 INFO  impl.RaftServerImpl (RaftServerImpl.java:start(180)) - ac09dfeb-0d61-4b21-ac1d-433018223a17: start group-D0B31AA3EA7D
2019-08-20 14:48:18,872 INFO  impl.RaftServerImpl (RaftServerImpl.java:setRole(171)) - ac09dfeb-0d61-4b21-ac1d-433018223a17:group-D0B31AA3EA7D changes role from null to FOLLOWER at term 0 for startAsFollower
2019-08-20 14:48:18,872 INFO  impl.RoleInfo (RoleInfo.java:updateAndGet(143)) - ac09dfeb-0d61-4b21-ac1d-433018223a17: start FollowerState
2019-08-20 14:48:18,872 INFO  util.JmxRegister (JmxRegister.java:tryRegister(44)) - Successfully registered JMX Bean with object name Ratis:service=RaftServer,group=group-D0B31AA3EA7D,id=ac09dfeb-0d61-4b21-ac1d-433018223a17
2019-08-20 14:48:18,878 INFO  pipeline.PipelineStateManager (PipelineStateManager.java:addPipeline(56)) - Created pipeline Pipeline[ Id: dfdacab1-0e25-447d-8050-d0b31aa3ea7d, Nodes: ac09dfeb-0d61-4b21-ac1d-433018223a17{ip: 192.168.36.107, host: pr-hdds-1942-s8lb6-241747594, networkLocation: /default-rack, certSerialId: null}, Type:RATIS, Factor:ONE, State:OPEN]
2019-08-20 14:48:18,897 INFO  impl.RaftServerProxy (RaftServerProxy.java:addNew(89)) - ac09dfeb-0d61-4b21-ac1d-433018223a17: addNew group-1AE5FA8EDD31:[b3ba6b55-ed58-42e5-84bb-a44356fa1cff:192.168.36.107:36210, ac09dfeb-0d61-4b21-ac1d-433018223a17:192.168.36.107:41506, a2f2cfab-0038-47f6-be68-66347da96d67:192.168.36.107:33613] returns group-1AE5FA8EDD31:java.util.concurrent.CompletableFuture@4ee2e02b[Not completed]
2019-08-20 14:48:18,897 INFO  impl.RaftServerProxy (RaftServerProxy.java:addNew(89)) - a2f2cfab-0038-47f6-be68-66347da96d67: addNew group-1AE5FA8EDD31:[b3ba6b55-ed58-42e5-84bb-a44356fa1cff:192.168.36.107:36210, ac09dfeb-0d61-4b21-ac1d-433018223a17:192.168.36.107:41506, a2f2cfab-0038-47f6-be68-66347da96d67:192.168.36.107:33613] returns group-1AE5FA8EDD31:java.util.concurrent.CompletableFuture@606bcc3f[Not completed]
2019-08-20 14:48:18,897 INFO  impl.RaftServerProxy (RaftServerProxy.java:addNew(89)) - b3ba6b55-ed58-42e5-84bb-a44356fa1cff: addNew group-1AE5FA8EDD31:[b3ba6b55-ed58-42e5-84bb-a44356fa1cff:192.168.36.107:36210, ac09dfeb-0d61-4b21-ac1d-433018223a17:192.168.36.107:41506, a2f2cfab-0038-47f6-be68-66347da96d67:192.168.36.107:33613] returns group-1AE5FA8EDD31:java.util.concurrent.CompletableFuture@6a3b0007[Not completed]
2019-08-20 14:48:18,898 INFO  impl.RaftServerImpl (RaftServerImpl.java:<init>(93)) - a2f2cfab-0038-47f6-be68-66347da96d67: new RaftServerImpl for group-1AE5FA8EDD31:[b3ba6b55-ed58-42e5-84bb-a44356fa1cff:192.168.36.107:36210, ac09dfeb-0d61-4b21-ac1d-433018223a17:192.168.36.107:41506, a2f2cfab-0038-47f6-be68-66347da96d67:192.168.36.107:33613] with ContainerStateMachine:uninitialized
2019-08-20 14:48:18,898 INFO  server.RaftServerConfigKeys (ConfUtils.java:logGet(43)) - raft.server.rpc.timeout.min = 5s (custom)
2019-08-20 14:48:18,898 INFO  server.RaftServerConfigKeys (ConfUtils.java:logGet(43)) - raft.server.rpc.timeout.max = 5200ms (custom)
2019-08-20 14:48:18,898 INFO  server.RaftServerConfigKeys (ConfUtils.java:logGet(43)) - raft.server.rpcslowness.timeout = 120s (custom)
2019-08-20 14:48:18,898 INFO  server.RaftServerConfigKeys (ConfUtils.java:logGet(43)) - raft.server.sleep.deviation.threshold = 300 (default)
2019-08-20 14:48:18,899 INFO  server.RaftServerConfigKeys (ConfUtils.java:logGet(43)) - raft.server.log.appender.install.snapshot.enabled = false (custom)
2019-08-20 14:48:18,899 INFO  impl.RaftServerImpl (ServerState.java:<init>(105)) - a2f2cfab-0038-47f6-be68-66347da96d67:group-1AE5FA8EDD31 ConfigurationManager, init=-1: [b3ba6b55-ed58-42e5-84bb-a44356fa1cff:192.168.36.107:36210, ac09dfeb-0d61-4b21-ac1d-433018223a17:192.168.36.107:41506, a2f2cfab-0038-47f6-be68-66347da96d67:192.168.36.107:33613], old=null, confs=<EMPTY_MAP>
2019-08-20 14:48:18,899 INFO  impl.RaftServerImpl (RaftServerImpl.java:<init>(93)) - ac09dfeb-0d61-4b21-ac1d-433018223a17: new RaftServerImpl for group-1AE5FA8EDD31:[b3ba6b55-ed58-42e5-84bb-a44356fa1cff:192.168.36.107:36210, ac09dfeb-0d61-4b21-ac1d-433018223a17:192.168.36.107:41506, a2f2cfab-0038-47f6-be68-66347da96d67:192.168.36.107:33613] with ContainerStateMachine:uninitialized
2019-08-20 14:48:18,899 INFO  server.RaftServerConfigKeys (ConfUtils.java:logGet(43)) - raft.server.storage.dir = [/workdir/hadoop-ozone/integration-test/target/test-dir/MiniOzoneClusterImpl-d88ca63d-595b-4155-815f-b7b6636ca230/datanode-4/data/ratis] (custom)
2019-08-20 14:48:18,899 INFO  server.RaftServerConfigKeys (ConfUtils.java:logGet(43)) - raft.server.rpc.timeout.min = 5s (custom)
2019-08-20 14:48:18,899 INFO  impl.RaftServerImpl (RaftServerImpl.java:<init>(93)) - b3ba6b55-ed58-42e5-84bb-a44356fa1cff: new RaftServerImpl for group-1AE5FA8EDD31:[b3ba6b55-ed58-42e5-84bb-a44356fa1cff:192.168.36.107:36210, ac09dfeb-0d61-4b21-ac1d-433018223a17:192.168.36.107:41506, a2f2cfab-0038-47f6-be68-66347da96d67:192.168.36.107:33613] with ContainerStateMachine:uninitialized
2019-08-20 14:48:18,899 INFO  server.RaftServerConfigKeys (ConfUtils.java:logGet(43)) - raft.server.rpc.timeout.max = 5200ms (custom)
2019-08-20 14:48:18,900 INFO  server.RaftServerConfigKeys (ConfUtils.java:logGet(43)) - raft.server.rpc.timeout.min = 5s (custom)
2019-08-20 14:48:18,900 INFO  storage.RaftStorageDirectory (RaftStorageDirectory.java:analyzeStorage(246)) - The storage directory /workdir/hadoop-ozone/integration-test/target/test-dir/MiniOzoneClusterImpl-d88ca63d-595b-4155-815f-b7b6636ca230/datanode-4/data/ratis/2de97446-0fca-4d67-a820-1ae5fa8edd31 does not exist. Creating ...
2019-08-20 14:48:18,900 INFO  server.RaftServerConfigKeys (ConfUtils.java:logGet(43)) - raft.server.rpc.timeout.max = 5200ms (custom)
2019-08-20 14:48:18,900 INFO  server.RaftServerConfigKeys (ConfUtils.java:logGet(43)) - raft.server.rpcslowness.timeout = 120s (custom)
2019-08-20 14:48:18,900 INFO  server.RaftServerConfigKeys (ConfUtils.java:logGet(43)) - raft.server.rpcslowness.timeout = 120s (custom)
2019-08-20 14:48:18,900 INFO  server.RaftServerConfigKeys (ConfUtils.java:logGet(43)) - raft.server.sleep.deviation.threshold = 300 (default)
2019-08-20 14:48:18,900 INFO  server.RaftServerConfigKeys (ConfUtils.java:logGet(43)) - raft.server.sleep.deviation.threshold = 300 (default)
2019-08-20 14:48:18,900 INFO  server.RaftServerConfigKeys (ConfUtils.java:logGet(43)) - raft.server.log.appender.install.snapshot.enabled = false (custom)
2019-08-20 14:48:18,900 INFO  server.RaftServerConfigKeys (ConfUtils.java:logGet(43)) - raft.server.log.appender.install.snapshot.enabled = false (custom)
2019-08-20 14:48:18,901 INFO  impl.RaftServerImpl (ServerState.java:<init>(105)) - ac09dfeb-0d61-4b21-ac1d-433018223a17:group-1AE5FA8EDD31 ConfigurationManager, init=-1: [b3ba6b55-ed58-42e5-84bb-a44356fa1cff:192.168.36.107:36210, ac09dfeb-0d61-4b21-ac1d-433018223a17:192.168.36.107:41506, a2f2cfab-0038-47f6-be68-66347da96d67:192.168.36.107:33613], old=null, confs=<EMPTY_MAP>
2019-08-20 14:48:18,901 INFO  impl.RaftServerImpl (ServerState.java:<init>(105)) - b3ba6b55-ed58-42e5-84bb-a44356fa1cff:group-1AE5FA8EDD31 ConfigurationManager, init=-1: [b3ba6b55-ed58-42e5-84bb-a44356fa1cff:192.168.36.107:36210, ac09dfeb-0d61-4b21-ac1d-433018223a17:192.168.36.107:41506, a2f2cfab-0038-47f6-be68-66347da96d67:192.168.36.107:33613], old=null, confs=<EMPTY_MAP>
2019-08-20 14:48:18,901 INFO  server.RaftServerConfigKeys (ConfUtils.java:logGet(43)) - raft.server.storage.dir = [/workdir/hadoop-ozone/integration-test/target/test-dir/MiniOzoneClusterImpl-d88ca63d-595b-4155-815f-b7b6636ca230/datanode-5/data/ratis] (custom)
2019-08-20 14:48:18,901 INFO  server.RaftServerConfigKeys (ConfUtils.java:logGet(43)) - raft.server.storage.dir = [/workdir/hadoop-ozone/integration-test/target/test-dir/MiniOzoneClusterImpl-d88ca63d-595b-4155-815f-b7b6636ca230/datanode-3/data/ratis] (custom)
2019-08-20 14:48:18,901 INFO  storage.RaftStorageDirectory (RaftStorageDirectory.java:analyzeStorage(246)) - The storage directory /workdir/hadoop-ozone/integration-test/target/test-dir/MiniOzoneClusterImpl-d88ca63d-595b-4155-815f-b7b6636ca230/datanode-5/data/ratis/2de97446-0fca-4d67-a820-1ae5fa8edd31 does not exist. Creating ...
2019-08-20 14:48:18,901 INFO  storage.RaftStorageDirectory (RaftStorageDirectory.java:analyzeStorage(246)) - The storage directory /workdir/hadoop-ozone/integration-test/target/test-dir/MiniOzoneClusterImpl-d88ca63d-595b-4155-815f-b7b6636ca230/datanode-3/data/ratis/2de97446-0fca-4d67-a820-1ae5fa8edd31 does not exist. Creating ...
2019-08-20 14:48:18,926 INFO  storage.RaftStorageDirectory (RaftStorageDirectory.java:tryLock(328)) - Lock on /workdir/hadoop-ozone/integration-test/target/test-dir/MiniOzoneClusterImpl-d88ca63d-595b-4155-815f-b7b6636ca230/datanode-4/data/ratis/2de97446-0fca-4d67-a820-1ae5fa8edd31/in_use.lock acquired by nodename 31473@pr-hdds-1942-s8lb6-241747594
2019-08-20 14:48:18,926 INFO  storage.RaftStorageDirectory (RaftStorageDirectory.java:tryLock(328)) - Lock on /workdir/hadoop-ozone/integration-test/target/test-dir/MiniOzoneClusterImpl-d88ca63d-595b-4155-815f-b7b6636ca230/datanode-3/data/ratis/2de97446-0fca-4d67-a820-1ae5fa8edd31/in_use.lock acquired by nodename 31473@pr-hdds-1942-s8lb6-241747594
2019-08-20 14:48:18,926 INFO  storage.RaftStorageDirectory (RaftStorageDirectory.java:tryLock(328)) - Lock on /workdir/hadoop-ozone/integration-test/target/test-dir/MiniOzoneClusterImpl-d88ca63d-595b-4155-815f-b7b6636ca230/datanode-5/data/ratis/2de97446-0fca-4d67-a820-1ae5fa8edd31/in_use.lock acquired by nodename 31473@pr-hdds-1942-s8lb6-241747594
2019-08-20 14:48:18,950 INFO  storage.RaftStorage (RaftStorage.java:format(72)) - Storage directory /workdir/hadoop-ozone/integration-test/target/test-dir/MiniOzoneClusterImpl-d88ca63d-595b-4155-815f-b7b6636ca230/datanode-5/data/ratis/2de97446-0fca-4d67-a820-1ae5fa8edd31 has been successfully formatted.
2019-08-20 14:48:18,950 INFO  storage.RaftStorage (RaftStorage.java:format(72)) - Storage directory /workdir/hadoop-ozone/integration-test/target/test-dir/MiniOzoneClusterImpl-d88ca63d-595b-4155-815f-b7b6636ca230/datanode-3/data/ratis/2de97446-0fca-4d67-a820-1ae5fa8edd31 has been successfully formatted.
2019-08-20 14:48:18,950 INFO  storage.RaftStorage (RaftStorage.java:format(72)) - Storage directory /workdir/hadoop-ozone/integration-test/target/test-dir/MiniOzoneClusterImpl-d88ca63d-595b-4155-815f-b7b6636ca230/datanode-4/data/ratis/2de97446-0fca-4d67-a820-1ae5fa8edd31 has been successfully formatted.
2019-08-20 14:48:18,950 INFO  ratis.ContainerStateMachine (ContainerStateMachine.java:loadSnapshot(222)) - group-1AE5FA8EDD31: The snapshot info is null. Setting the last applied indexto:(t:0, i:~)
2019-08-20 14:48:18,950 INFO  ratis.ContainerStateMachine (ContainerStateMachine.java:loadSnapshot(222)) - group-1AE5FA8EDD31: The snapshot info is null. Setting the last applied indexto:(t:0, i:~)
2019-08-20 14:48:18,950 INFO  ratis.ContainerStateMachine (ContainerStateMachine.java:loadSnapshot(222)) - group-1AE5FA8EDD31: The snapshot info is null. Setting the last applied indexto:(t:0, i:~)
2019-08-20 14:48:18,950 INFO  server.RaftServerConfigKeys (ConfUtils.java:logGet(43)) - raft.server.leader.election.timeout = 120s (custom)
2019-08-20 14:48:18,950 INFO  server.RaftServerConfigKeys (ConfUtils.java:logGet(43)) - raft.server.leader.election.timeout = 120s (custom)
2019-08-20 14:48:18,951 INFO  server.RaftServerConfigKeys (ConfUtils.java:logGet(43)) - raft.server.log.use.memory = false (default)
2019-08-20 14:48:18,950 INFO  server.RaftServerConfigKeys (ConfUtils.java:logGet(43)) - raft.server.leader.election.timeout = 120s (custom)
2019-08-20 14:48:18,951 INFO  server.RaftServerConfigKeys (ConfUtils.java:logGet(43)) - raft.server.log.purge.gap = 1000000000 (custom)
2019-08-20 14:48:18,951 INFO  server.RaftServerConfigKeys (ConfUtils.java:logGet(43)) - raft.server.log.use.memory = false (default)
2019-08-20 14:48:18,951 INFO  server.RaftServerConfigKeys (ConfUtils.java:logGet(43)) - raft.server.log.appender.buffer.byte-limit = 33554432 (custom)
2019-08-20 14:48:18,951 INFO  server.RaftServerConfigKeys (ConfUtils.java:logGet(43)) - raft.server.log.use.memory = false (default)
2019-08-20 14:48:18,951 INFO  server.RaftServerConfigKeys (ConfUtils.java:logGet(43)) - raft.server.log.segment.size.max = 1048576 (custom)
2019-08-20 14:48:18,951 INFO  server.RaftServerConfigKeys (ConfUtils.java:logGet(43)) - raft.server.log.purge.gap = 1000000000 (custom)
2019-08-20 14:48:18,951 INFO  server.RaftServerConfigKeys (ConfUtils.java:logGet(43)) - raft.server.log.segment.cache.num.max = 2 (custom)
2019-08-20 14:48:18,951 INFO  server.RaftServerConfigKeys (ConfUtils.java:logGet(43)) - raft.server.log.purge.gap = 1000000000 (custom)
2019-08-20 14:48:18,952 INFO  segmented.SegmentedRaftLogWorker (SegmentedRaftLogWorker.java:<init>(172)) - new a2f2cfab-0038-47f6-be68-66347da96d67-SegmentedRaftLogWorker:Storage Directory /workdir/hadoop-ozone/integration-test/target/test-dir/MiniOzoneClusterImpl-d88ca63d-595b-4155-815f-b7b6636ca230/datanode-4/data/ratis/2de97446-0fca-4d67-a820-1ae5fa8edd31 for RaftStorage:Storage Directory /workdir/hadoop-ozone/integration-test/target/test-dir/MiniOzoneClusterImpl-d88ca63d-595b-4155-815f-b7b6636ca230/datanode-4/data/ratis/2de97446-0fca-4d67-a820-1ae5fa8edd31
2019-08-20 14:48:18,952 INFO  server.RaftServerConfigKeys (ConfUtils.java:logGet(43)) - raft.server.log.appender.buffer.byte-limit = 33554432 (custom)
2019-08-20 14:48:18,952 INFO  server.RaftServerConfigKeys (ConfUtils.java:logGet(43)) - raft.server.log.queue.byte-limit = 2147483647 (custom)
2019-08-20 14:48:18,952 INFO  server.RaftServerConfigKeys (ConfUtils.java:logGet(43)) - raft.server.log.appender.buffer.byte-limit = 33554432 (custom)
2019-08-20 14:48:18,952 INFO  server.RaftServerConfigKeys (ConfUtils.java:logGet(43)) - raft.server.log.queue.element-limit = 1024 (custom)
2019-08-20 14:48:18,952 INFO  server.RaftServerConfigKeys (ConfUtils.java:logGet(43)) - raft.server.log.segment.size.max = 1048576 (custom)
2019-08-20 14:48:18,952 INFO  server.RaftServerConfigKeys (ConfUtils.java:logGet(43)) - raft.server.log.segment.size.max = 1048576 (custom)
2019-08-20 14:48:18,952 INFO  server.RaftServerConfigKeys (ConfUtils.java:logGet(43)) - raft.server.log.segment.size.max = 1048576 (custom)
2019-08-20 14:48:18,953 INFO  server.RaftServerConfigKeys (ConfUtils.java:logGet(43)) - raft.server.log.preallocated.size = 16384 (custom)
2019-08-20 14:48:18,952 INFO  server.RaftServerConfigKeys (ConfUtils.java:logGet(43)) - raft.server.log.segment.cache.num.max = 2 (custom)
2019-08-20 14:48:18,953 INFO  server.RaftServerConfigKeys (ConfUtils.java:logGet(43)) - raft.server.log.write.buffer.size = 33554432 (custom)
2019-08-20 14:48:18,953 INFO  server.RaftServerConfigKeys (ConfUtils.java:logGet(43)) - raft.server.log.force.sync.num = 128 (default)
2019-08-20 14:48:18,953 INFO  server.RaftServerConfigKeys (ConfUtils.java:logGet(43)) - raft.server.log.segment.cache.num.max = 2 (custom)
2019-08-20 14:48:18,953 INFO  server.RaftServerConfigKeys (ConfUtils.java:logGet(43)) - raft.server.log.statemachine.data.sync = true (default)
2019-08-20 14:48:18,953 INFO  segmented.SegmentedRaftLogWorker (SegmentedRaftLogWorker.java:<init>(172)) - new ac09dfeb-0d61-4b21-ac1d-433018223a17-SegmentedRaftLogWorker:Storage Directory /workdir/hadoop-ozone/integration-test/target/test-dir/MiniOzoneClusterImpl-d88ca63d-595b-4155-815f-b7b6636ca230/datanode-5/data/ratis/2de97446-0fca-4d67-a820-1ae5fa8edd31 for RaftStorage:Storage Directory /workdir/hadoop-ozone/integration-test/target/test-dir/MiniOzoneClusterImpl-d88ca63d-595b-4155-815f-b7b6636ca230/datanode-5/data/ratis/2de97446-0fca-4d67-a820-1ae5fa8edd31
2019-08-20 14:48:18,953 INFO  server.RaftServerConfigKeys (ConfUtils.java:logGet(43)) - raft.server.log.statemachine.data.sync.timeout = 10s (default)
2019-08-20 14:48:18,954 INFO  server.RaftServerConfigKeys (ConfUtils.java:logGet(43)) - raft.server.log.statemachine.data.sync.timeout.retry = -1 (default)
2019-08-20 14:48:18,953 INFO  segmented.SegmentedRaftLogWorker (SegmentedRaftLogWorker.java:<init>(172)) - new b3ba6b55-ed58-42e5-84bb-a44356fa1cff-SegmentedRaftLogWorker:Storage Directory /workdir/hadoop-ozone/integration-test/target/test-dir/MiniOzoneClusterImpl-d88ca63d-595b-4155-815f-b7b6636ca230/datanode-3/data/ratis/2de97446-0fca-4d67-a820-1ae5fa8edd31 for RaftStorage:Storage Directory /workdir/hadoop-ozone/integration-test/target/test-dir/MiniOzoneClusterImpl-d88ca63d-595b-4155-815f-b7b6636ca230/datanode-3/data/ratis/2de97446-0fca-4d67-a820-1ae5fa8edd31
2019-08-20 14:48:18,954 INFO  server.RaftServerConfigKeys (ConfUtils.java:logGet(43)) - raft.server.log.statemachine.data.caching.enabled = true (custom)
2019-08-20 14:48:18,953 INFO  server.RaftServerConfigKeys (ConfUtils.java:logGet(43)) - raft.server.log.queue.byte-limit = 2147483647 (custom)
2019-08-20 14:48:18,954 INFO  server.RaftServerConfigKeys (ConfUtils.java:logGet(43)) - raft.server.log.queue.byte-limit = 2147483647 (custom)
2019-08-20 14:48:18,954 INFO  segmented.SegmentedRaftLogWorker (SegmentedRaftLogWorker.java:lambda$new$0(132)) - a2f2cfab-0038-47f6-be68-66347da96d67-SegmentedRaftLogWorker:Storage Directory /workdir/hadoop-ozone/integration-test/target/test-dir/MiniOzoneClusterImpl-d88ca63d-595b-4155-815f-b7b6636ca230/datanode-4/data/ratis/2de97446-0fca-4d67-a820-1ae5fa8edd31: flushIndex: setUnconditionally 0 -> -1
2019-08-20 14:48:18,954 INFO  server.RaftServerConfigKeys (ConfUtils.java:logGet(43)) - raft.server.log.queue.element-limit = 1024 (custom)
2019-08-20 14:48:18,954 INFO  server.RaftServerConfigKeys (ConfUtils.java:logGet(43)) - raft.server.log.queue.element-limit = 1024 (custom)
2019-08-20 14:48:18,954 INFO  server.RaftServerConfigKeys (ConfUtils.java:logGet(43)) - raft.server.snapshot.auto.trigger.enabled = true (custom)
2019-08-20 14:48:18,954 INFO  server.RaftServerConfigKeys (ConfUtils.java:logGet(43)) - raft.server.log.segment.size.max = 1048576 (custom)
2019-08-20 14:48:18,955 INFO  server.RaftServerConfigKeys (ConfUtils.java:logGet(43)) - raft.server.snapshot.auto.trigger.threshold = 10000 (custom)
2019-08-20 14:48:18,955 INFO  server.RaftServerConfigKeys (ConfUtils.java:logGet(43)) - raft.server.log.segment.size.max = 1048576 (custom)
2019-08-20 14:48:18,955 INFO  server.RaftServerConfigKeys (ConfUtils.java:logGet(43)) - raft.server.retrycache.expirytime = 600000ms (custom)
2019-08-20 14:48:18,955 INFO  server.RaftServerConfigKeys (ConfUtils.java:logGet(43)) - raft.server.log.preallocated.size = 16384 (custom)
2019-08-20 14:48:18,955 INFO  impl.RaftServerImpl (RaftServerImpl.java:start(180)) - a2f2cfab-0038-47f6-be68-66347da96d67: start group-1AE5FA8EDD31
2019-08-20 14:48:18,955 INFO  server.RaftServerConfigKeys (ConfUtils.java:logGet(43)) - raft.server.log.preallocated.size = 16384 (custom)
2019-08-20 14:48:18,955 INFO  impl.RaftServerImpl (RaftServerImpl.java:setRole(171)) - a2f2cfab-0038-47f6-be68-66347da96d67:group-1AE5FA8EDD31 changes role from null to FOLLOWER at term 0 for startAsFollower
2019-08-20 14:48:18,955 INFO  server.RaftServerConfigKeys (ConfUtils.java:logGet(43)) - raft.server.log.write.buffer.size = 33554432 (custom)
2019-08-20 14:48:18,955 INFO  impl.RoleInfo (RoleInfo.java:updateAndGet(143)) - a2f2cfab-0038-47f6-be68-66347da96d67: start FollowerState
2019-08-20 14:48:18,955 INFO  server.RaftServerConfigKeys (ConfUtils.java:logGet(43)) - raft.server.log.write.buffer.size = 33554432 (custom)
2019-08-20 14:48:18,956 INFO  server.RaftServerConfigKeys (ConfUtils.java:logGet(43)) - raft.server.log.force.sync.num = 128 (default)
2019-08-20 14:48:18,956 INFO  server.RaftServerConfigKeys (ConfUtils.java:logGet(43)) - raft.server.log.force.sync.num = 128 (default)
2019-08-20 14:48:18,956 INFO  server.RaftServerConfigKeys (ConfUtils.java:logGet(43)) - raft.server.log.statemachine.data.sync = true (default)
2019-08-20 14:48:18,956 INFO  util.JmxRegister (JmxRegister.java:tryRegister(44)) - Successfully registered JMX Bean with object name Ratis:service=RaftServer,group=group-1AE5FA8EDD31,id=a2f2cfab-0038-47f6-be68-66347da96d67
2019-08-20 14:48:18,956 INFO  server.RaftServerConfigKeys (ConfUtils.java:logGet(43)) - raft.server.log.statemachine.data.sync.timeout = 10s (default)
2019-08-20 14:48:18,956 INFO  server.RaftServerConfigKeys (ConfUtils.java:logGet(43)) - raft.server.log.statemachine.data.sync = true (default)
2019-08-20 14:48:18,956 INFO  server.RaftServerConfigKeys (ConfUtils.java:logGet(43)) - raft.server.log.statemachine.data.sync.timeout.retry = -1 (default)
2019-08-20 14:48:18,957 INFO  server.RaftServerConfigKeys (ConfUtils.java:logGet(43)) - raft.server.log.statemachine.data.sync.timeout = 10s (default)
2019-08-20 14:48:18,957 INFO  server.RaftServerConfigKeys (ConfUtils.java:logGet(43)) - raft.server.log.statemachine.data.caching.enabled = true (custom)
2019-08-20 14:48:18,957 INFO  server.RaftServerConfigKeys (ConfUtils.java:logGet(43)) - raft.server.log.statemachine.data.sync.timeout.retry = -1 (default)
2019-08-20 14:48:18,957 INFO  segmented.SegmentedRaftLogWorker (SegmentedRaftLogWorker.java:lambda$new$0(132)) - ac09dfeb-0d61-4b21-ac1d-433018223a17-SegmentedRaftLogWorker:Storage Directory /workdir/hadoop-ozone/integration-test/target/test-dir/MiniOzoneClusterImpl-d88ca63d-595b-4155-815f-b7b6636ca230/datanode-5/data/ratis/2de97446-0fca-4d67-a820-1ae5fa8edd31: flushIndex: setUnconditionally 0 -> -1
2019-08-20 14:48:18,957 INFO  server.RaftServerConfigKeys (ConfUtils.java:logGet(43)) - raft.server.log.statemachine.data.caching.enabled = true (custom)
2019-08-20 14:48:18,957 INFO  server.RaftServerConfigKeys (ConfUtils.java:logGet(43)) - raft.server.snapshot.auto.trigger.enabled = true (custom)
2019-08-20 14:48:18,957 INFO  server.RaftServerConfigKeys (ConfUtils.java:logGet(43)) - raft.server.snapshot.auto.trigger.threshold = 10000 (custom)
2019-08-20 14:48:18,958 INFO  segmented.SegmentedRaftLogWorker (SegmentedRaftLogWorker.java:lambda$new$0(132)) - b3ba6b55-ed58-42e5-84bb-a44356fa1cff-SegmentedRaftLogWorker:Storage Directory /workdir/hadoop-ozone/integration-test/target/test-dir/MiniOzoneClusterImpl-d88ca63d-595b-4155-815f-b7b6636ca230/datanode-3/data/ratis/2de97446-0fca-4d67-a820-1ae5fa8edd31: flushIndex: setUnconditionally 0 -> -1
2019-08-20 14:48:18,958 INFO  server.RaftServerConfigKeys (ConfUtils.java:logGet(43)) - raft.server.retrycache.expirytime = 600000ms (custom)
2019-08-20 14:48:18,958 INFO  impl.RaftServerImpl (RaftServerImpl.java:start(180)) - ac09dfeb-0d61-4b21-ac1d-433018223a17: start group-1AE5FA8EDD31
2019-08-20 14:48:18,958 INFO  impl.RaftServerImpl (RaftServerImpl.java:setRole(171)) - ac09dfeb-0d61-4b21-ac1d-433018223a17:group-1AE5FA8EDD31 changes role from null to FOLLOWER at term 0 for startAsFollower
2019-08-20 14:48:18,958 INFO  server.RaftServerConfigKeys (ConfUtils.java:logGet(43)) - raft.server.snapshot.auto.trigger.enabled = true (custom)
2019-08-20 14:48:18,958 INFO  impl.RoleInfo (RoleInfo.java:updateAndGet(143)) - ac09dfeb-0d61-4b21-ac1d-433018223a17: start FollowerState
2019-08-20 14:48:18,961 INFO  server.RaftServerConfigKeys (ConfUtils.java:logGet(43)) - raft.server.snapshot.auto.trigger.threshold = 10000 (custom)
2019-08-20 14:48:18,962 INFO  util.JmxRegister (JmxRegister.java:tryRegister(44)) - Successfully registered JMX Bean with object name Ratis:service=RaftServer,group=group-1AE5FA8EDD31,id=ac09dfeb-0d61-4b21-ac1d-433018223a17
2019-08-20 14:48:18,962 INFO  server.RaftServerConfigKeys (ConfUtils.java:logGet(43)) - raft.server.retrycache.expirytime = 600000ms (custom)
2019-08-20 14:48:18,962 INFO  impl.RaftServerImpl (RaftServerImpl.java:start(180)) - b3ba6b55-ed58-42e5-84bb-a44356fa1cff: start group-1AE5FA8EDD31
2019-08-20 14:48:18,962 INFO  impl.RaftServerImpl (RaftServerImpl.java:setRole(171)) - b3ba6b55-ed58-42e5-84bb-a44356fa1cff:group-1AE5FA8EDD31 changes role from null to FOLLOWER at term 0 for startAsFollower
2019-08-20 14:48:18,962 INFO  impl.RoleInfo (RoleInfo.java:updateAndGet(143)) - b3ba6b55-ed58-42e5-84bb-a44356fa1cff: start FollowerState
2019-08-20 14:48:18,963 INFO  util.JmxRegister (JmxRegister.java:tryRegister(44)) - Successfully registered JMX Bean with object name Ratis:service=RaftServer,group=group-1AE5FA8EDD31,id=b3ba6b55-ed58-42e5-84bb-a44356fa1cff
2019-08-20 14:48:18,969 INFO  pipeline.PipelineStateManager (PipelineStateManager.java:addPipeline(56)) - Created pipeline Pipeline[ Id: 2de97446-0fca-4d67-a820-1ae5fa8edd31, Nodes: a2f2cfab-0038-47f6-be68-66347da96d67{ip: 192.168.36.107, host: pr-hdds-1942-s8lb6-241747594, networkLocation: /default-rack, certSerialId: null}ac09dfeb-0d61-4b21-ac1d-433018223a17{ip: 192.168.36.107, host: pr-hdds-1942-s8lb6-241747594, networkLocation: /default-rack, certSerialId: null}b3ba6b55-ed58-42e5-84bb-a44356fa1cff{ip: 192.168.36.107, host: pr-hdds-1942-s8lb6-241747594, networkLocation: /default-rack, certSerialId: null}, Type:RATIS, Factor:THREE, State:OPEN]
2019-08-20 14:48:18,970 INFO  ozone.MiniOzoneClusterImpl (MiniOzoneClusterImpl.java:lambda$waitForClusterToBeReady$0(142)) - Waiting for cluster to be ready. Got 6 of 7 DN Heartbeats.
2019-08-20 14:48:18,971 INFO  net.NetworkTopology (NetworkTopologyImpl.java:add(110)) - Added a new node: /default-rack/06c0ea24-f4c0-4d42-9e97-c11648a448fd
2019-08-20 14:48:18,971 INFO  node.SCMNodeManager (SCMNodeManager.java:register(273)) - Registered Data node : 06c0ea24-f4c0-4d42-9e97-c11648a448fd{ip: 192.168.36.107, host: pr-hdds-1942-s8lb6-241747594, networkLocation: /default-rack, certSerialId: null}
2019-08-20 14:48:18,984 INFO  impl.RaftServerProxy (RaftServerProxy.java:addNew(89)) - 06c0ea24-f4c0-4d42-9e97-c11648a448fd: addNew group-10C3EA48E66B:[06c0ea24-f4c0-4d42-9e97-c11648a448fd:192.168.36.107:34122] returns group-10C3EA48E66B:java.util.concurrent.CompletableFuture@13d1ebdb[Not completed]
2019-08-20 14:48:18,985 INFO  impl.RaftServerImpl (RaftServerImpl.java:<init>(93)) - 06c0ea24-f4c0-4d42-9e97-c11648a448fd: new RaftServerImpl for group-10C3EA48E66B:[06c0ea24-f4c0-4d42-9e97-c11648a448fd:192.168.36.107:34122] with ContainerStateMachine:uninitialized
2019-08-20 14:48:18,985 INFO  server.RaftServerConfigKeys (ConfUtils.java:logGet(43)) - raft.server.rpc.timeout.min = 5s (custom)
2019-08-20 14:48:18,985 INFO  server.RaftServerConfigKeys (ConfUtils.java:logGet(43)) - raft.server.rpc.timeout.max = 5200ms (custom)
2019-08-20 14:48:18,985 INFO  server.RaftServerConfigKeys (ConfUtils.java:logGet(43)) - raft.server.rpcslowness.timeout = 120s (custom)
2019-08-20 14:48:18,985 INFO  server.RaftServerConfigKeys (ConfUtils.java:logGet(43)) - raft.server.sleep.deviation.threshold = 300 (default)
2019-08-20 14:48:18,985 INFO  server.RaftServerConfigKeys (ConfUtils.java:logGet(43)) - raft.server.log.appender.install.snapshot.enabled = false (custom)
2019-08-20 14:48:18,985 INFO  impl.RaftServerImpl (ServerState.java:<init>(105)) - 06c0ea24-f4c0-4d42-9e97-c11648a448fd:group-10C3EA48E66B ConfigurationManager, init=-1: [06c0ea24-f4c0-4d42-9e97-c11648a448fd:192.168.36.107:34122], old=null, confs=<EMPTY_MAP>
2019-08-20 14:48:18,985 INFO  server.RaftServerConfigKeys (ConfUtils.java:logGet(43)) - raft.server.storage.dir = [/workdir/hadoop-ozone/integration-test/target/test-dir/MiniOzoneClusterImpl-d88ca63d-595b-4155-815f-b7b6636ca230/datanode-6/data/ratis] (custom)
2019-08-20 14:48:18,986 INFO  storage.RaftStorageDirectory (RaftStorageDirectory.java:analyzeStorage(246)) - The storage directory /workdir/hadoop-ozone/integration-test/target/test-dir/MiniOzoneClusterImpl-d88ca63d-595b-4155-815f-b7b6636ca230/datanode-6/data/ratis/11d98298-714e-41f0-9182-10c3ea48e66b does not exist. Creating ...
2019-08-20 14:48:19,009 INFO  storage.RaftStorageDirectory (RaftStorageDirectory.java:tryLock(328)) - Lock on /workdir/hadoop-ozone/integration-test/target/test-dir/MiniOzoneClusterImpl-d88ca63d-595b-4155-815f-b7b6636ca230/datanode-6/data/ratis/11d98298-714e-41f0-9182-10c3ea48e66b/in_use.lock acquired by nodename 31473@pr-hdds-1942-s8lb6-241747594
2019-08-20 14:48:19,040 INFO  storage.RaftStorage (RaftStorage.java:format(72)) - Storage directory /workdir/hadoop-ozone/integration-test/target/test-dir/MiniOzoneClusterImpl-d88ca63d-595b-4155-815f-b7b6636ca230/datanode-6/data/ratis/11d98298-714e-41f0-9182-10c3ea48e66b has been successfully formatted.
2019-08-20 14:48:19,040 INFO  ratis.ContainerStateMachine (ContainerStateMachine.java:loadSnapshot(222)) - group-10C3EA48E66B: The snapshot info is null. Setting the last applied indexto:(t:0, i:~)
2019-08-20 14:48:19,040 INFO  server.RaftServerConfigKeys (ConfUtils.java:logGet(43)) - raft.server.leader.election.timeout = 120s (custom)
2019-08-20 14:48:19,040 INFO  server.RaftServerConfigKeys (ConfUtils.java:logGet(43)) - raft.server.log.use.memory = false (default)
2019-08-20 14:48:19,040 INFO  server.RaftServerConfigKeys (ConfUtils.java:logGet(43)) - raft.server.log.purge.gap = 1000000000 (custom)
2019-08-20 14:48:19,041 INFO  server.RaftServerConfigKeys (ConfUtils.java:logGet(43)) - raft.server.log.appender.buffer.byte-limit = 33554432 (custom)
2019-08-20 14:48:19,041 INFO  server.RaftServerConfigKeys (ConfUtils.java:logGet(43)) - raft.server.log.segment.size.max = 1048576 (custom)
2019-08-20 14:48:19,041 INFO  server.RaftServerConfigKeys (ConfUtils.java:logGet(43)) - raft.server.log.segment.cache.num.max = 2 (custom)
2019-08-20 14:48:19,041 INFO  segmented.SegmentedRaftLogWorker (SegmentedRaftLogWorker.java:<init>(172)) - new 06c0ea24-f4c0-4d42-9e97-c11648a448fd-SegmentedRaftLogWorker:Storage Directory /workdir/hadoop-ozone/integration-test/target/test-dir/MiniOzoneClusterImpl-d88ca63d-595b-4155-815f-b7b6636ca230/datanode-6/data/ratis/11d98298-714e-41f0-9182-10c3ea48e66b for RaftStorage:Storage Directory /workdir/hadoop-ozone/integration-test/target/test-dir/MiniOzoneClusterImpl-d88ca63d-595b-4155-815f-b7b6636ca230/datanode-6/data/ratis/11d98298-714e-41f0-9182-10c3ea48e66b
2019-08-20 14:48:19,041 INFO  server.RaftServerConfigKeys (ConfUtils.java:logGet(43)) - raft.server.log.queue.byte-limit = 2147483647 (custom)
2019-08-20 14:48:19,041 INFO  server.RaftServerConfigKeys (ConfUtils.java:logGet(43)) - raft.server.log.queue.element-limit = 1024 (custom)
2019-08-20 14:48:19,042 INFO  server.RaftServerConfigKeys (ConfUtils.java:logGet(43)) - raft.server.log.segment.size.max = 1048576 (custom)
2019-08-20 14:48:19,042 INFO  server.RaftServerConfigKeys (ConfUtils.java:logGet(43)) - raft.server.log.preallocated.size = 16384 (custom)
2019-08-20 14:48:19,042 INFO  server.RaftServerConfigKeys (ConfUtils.java:logGet(43)) - raft.server.log.write.buffer.size = 33554432 (custom)
2019-08-20 14:48:19,042 INFO  server.RaftServerConfigKeys (ConfUtils.java:logGet(43)) - raft.server.log.force.sync.num = 128 (default)
2019-08-20 14:48:19,042 INFO  server.RaftServerConfigKeys (ConfUtils.java:logGet(43)) - raft.server.log.statemachine.data.sync = true (default)
2019-08-20 14:48:19,042 INFO  server.RaftServerConfigKeys (ConfUtils.java:logGet(43)) - raft.server.log.statemachine.data.sync.timeout = 10s (default)
2019-08-20 14:48:19,042 INFO  server.RaftServerConfigKeys (ConfUtils.java:logGet(43)) - raft.server.log.statemachine.data.sync.timeout.retry = -1 (default)
2019-08-20 14:48:19,043 INFO  server.RaftServerConfigKeys (ConfUtils.java:logGet(43)) - raft.server.log.statemachine.data.caching.enabled = true (custom)
2019-08-20 14:48:19,043 INFO  segmented.SegmentedRaftLogWorker (SegmentedRaftLogWorker.java:lambda$new$0(132)) - 06c0ea24-f4c0-4d42-9e97-c11648a448fd-SegmentedRaftLogWorker:Storage Directory /workdir/hadoop-ozone/integration-test/target/test-dir/MiniOzoneClusterImpl-d88ca63d-595b-4155-815f-b7b6636ca230/datanode-6/data/ratis/11d98298-714e-41f0-9182-10c3ea48e66b: flushIndex: setUnconditionally 0 -> -1
2019-08-20 14:48:19,043 INFO  server.RaftServerConfigKeys (ConfUtils.java:logGet(43)) - raft.server.snapshot.auto.trigger.enabled = true (custom)
2019-08-20 14:48:19,043 INFO  server.RaftServerConfigKeys (ConfUtils.java:logGet(43)) - raft.server.snapshot.auto.trigger.threshold = 10000 (custom)
2019-08-20 14:48:19,044 INFO  server.RaftServerConfigKeys (ConfUtils.java:logGet(43)) - raft.server.retrycache.expirytime = 600000ms (custom)
2019-08-20 14:48:19,044 INFO  impl.RaftServerImpl (RaftServerImpl.java:start(180)) - 06c0ea24-f4c0-4d42-9e97-c11648a448fd: start group-10C3EA48E66B
2019-08-20 14:48:19,044 INFO  impl.RaftServerImpl (RaftServerImpl.java:setRole(171)) - 06c0ea24-f4c0-4d42-9e97-c11648a448fd:group-10C3EA48E66B changes role from null to FOLLOWER at term 0 for startAsFollower
2019-08-20 14:48:19,044 INFO  impl.RoleInfo (RoleInfo.java:updateAndGet(143)) - 06c0ea24-f4c0-4d42-9e97-c11648a448fd: start FollowerState
2019-08-20 14:48:19,044 INFO  util.JmxRegister (JmxRegister.java:tryRegister(44)) - Successfully registered JMX Bean with object name Ratis:service=RaftServer,group=group-10C3EA48E66B,id=06c0ea24-f4c0-4d42-9e97-c11648a448fd
2019-08-20 14:48:19,050 INFO  pipeline.PipelineStateManager (PipelineStateManager.java:addPipeline(56)) - Created pipeline Pipeline[ Id: 11d98298-714e-41f0-9182-10c3ea48e66b, Nodes: 06c0ea24-f4c0-4d42-9e97-c11648a448fd{ip: 192.168.36.107, host: pr-hdds-1942-s8lb6-241747594, networkLocation: /default-rack, certSerialId: null}, Type:RATIS, Factor:ONE, State:OPEN]
2019-08-20 14:48:19,971 INFO  ozone.MiniOzoneClusterImpl (MiniOzoneClusterImpl.java:lambda$waitForClusterToBeReady$0(142)) - Cluster is ready. Got 7 of 7 DN Heartbeats.
2019-08-20 14:48:20,011 INFO  rpc.RpcClient (RpcClient.java:createVolume(292)) - Creating Volume: watchforcommithandlingtest, with jenkins1000 as owner.
2019-08-20 14:48:20,026 INFO  rpc.RpcClient (RpcClient.java:createBucket(429)) - Creating Bucket: watchforcommithandlingtest/watchforcommithandlingtest, with Versioning false and Storage Type set to DISK and Encryption set to false 
2019-08-20 14:48:20,030 INFO  ozone.MiniOzoneClusterImpl (MiniOzoneClusterImpl.java:getStorageContainerLocationClient(241)) - Creating StorageContainerLocationProtocol RPC client with address /0.0.0.0:33381
2019-08-20 14:48:20,056 INFO  client.GrpcClientProtocolClient (GrpcClientProtocolClient.java:onNext(255)) - client-C05DEE4DDC29->302c2fdb-8e38-4af7-b52c-e1f5ec132e75: receive RaftClientReply:client-C05DEE4DDC29->302c2fdb-8e38-4af7-b52c-e1f5ec132e75@group-3760AF6D1171, cid=66, FAILED org.apache.ratis.protocol.NotLeaderException: Server 302c2fdb-8e38-4af7-b52c-e1f5ec132e75 is not the leader (null). Request must be sent to leader., logIndex=0, commits[302c2fdb-8e38-4af7-b52c-e1f5ec132e75:c-1]
2019-08-20 14:48:20,843 INFO  container.ReplicationManager (ReplicationManager.java:start(155)) - Starting Replication Monitor Thread.
2019-08-20 14:48:20,847 INFO  container.ReplicationManager (ReplicationManager.java:run(207)) - Replication Monitor Thread took 0 milliseconds for processing 1 containers.
2019-08-20 14:48:21,071 INFO  client.GrpcClientProtocolClient (GrpcClientProtocolClient.java:onNext(255)) - client-C05DEE4DDC29->82d3c3a3-59ad-43e6-acf7-e05128f1705b: receive RaftClientReply:client-C05DEE4DDC29->82d3c3a3-59ad-43e6-acf7-e05128f1705b@group-3760AF6D1171, cid=66, FAILED org.apache.ratis.protocol.NotLeaderException: Server 82d3c3a3-59ad-43e6-acf7-e05128f1705b is not the leader (null). Request must be sent to leader., logIndex=0, commits[82d3c3a3-59ad-43e6-acf7-e05128f1705b:c-1]
2019-08-20 14:48:22,098 INFO  client.GrpcClientProtocolClient (GrpcClientProtocolClient.java:onNext(255)) - client-C05DEE4DDC29->3d7001d1-da69-4c5a-8bea-f17705eb83d8: receive RaftClientReply:client-C05DEE4DDC29->3d7001d1-da69-4c5a-8bea-f17705eb83d8@group-3760AF6D1171, cid=66, FAILED org.apache.ratis.protocol.NotLeaderException: Server 3d7001d1-da69-4c5a-8bea-f17705eb83d8 is not the leader (null). Request must be sent to leader., logIndex=0, commits[3d7001d1-da69-4c5a-8bea-f17705eb83d8:c-1]
2019-08-20 14:48:23,046 INFO  impl.FollowerState (FollowerState.java:run(106)) - 302c2fdb-8e38-4af7-b52c-e1f5ec132e75:group-BE9E4C6D066A changes to CANDIDATE, lastRpcTime:5124, electionTimeout:5124ms
2019-08-20 14:48:23,046 INFO  impl.RoleInfo (RoleInfo.java:shutdownFollowerState(121)) - 302c2fdb-8e38-4af7-b52c-e1f5ec132e75: shutdown FollowerState
2019-08-20 14:48:23,046 INFO  impl.RaftServerImpl (RaftServerImpl.java:setRole(171)) - 302c2fdb-8e38-4af7-b52c-e1f5ec132e75:group-BE9E4C6D066A changes role from FOLLOWER to CANDIDATE at term 0 for changeToCandidate
2019-08-20 14:48:23,046 INFO  impl.RoleInfo (RoleInfo.java:updateAndGet(143)) - 302c2fdb-8e38-4af7-b52c-e1f5ec132e75: start LeaderElection
2019-08-20 14:48:23,119 INFO  client.GrpcClientProtocolClient (GrpcClientProtocolClient.java:onNext(255)) - client-C05DEE4DDC29->302c2fdb-8e38-4af7-b52c-e1f5ec132e75: receive RaftClientReply:client-C05DEE4DDC29->302c2fdb-8e38-4af7-b52c-e1f5ec132e75@group-3760AF6D1171, cid=66, FAILED org.apache.ratis.protocol.NotLeaderException: Server 302c2fdb-8e38-4af7-b52c-e1f5ec132e75 is not the leader (null). Request must be sent to leader., logIndex=0, commits[302c2fdb-8e38-4af7-b52c-e1f5ec132e75:c-1]
2019-08-20 14:48:23,196 INFO  impl.FollowerState (FollowerState.java:run(106)) - 82d3c3a3-59ad-43e6-acf7-e05128f1705b:group-FF9067E8C42C changes to CANDIDATE, lastRpcTime:5092, electionTimeout:5092ms
2019-08-20 14:48:23,196 INFO  impl.RoleInfo (RoleInfo.java:shutdownFollowerState(121)) - 82d3c3a3-59ad-43e6-acf7-e05128f1705b: shutdown FollowerState
2019-08-20 14:48:23,196 INFO  impl.RaftServerImpl (RaftServerImpl.java:setRole(171)) - 82d3c3a3-59ad-43e6-acf7-e05128f1705b:group-FF9067E8C42C changes role from FOLLOWER to CANDIDATE at term 0 for changeToCandidate
2019-08-20 14:48:23,197 INFO  impl.RoleInfo (RoleInfo.java:updateAndGet(143)) - 82d3c3a3-59ad-43e6-acf7-e05128f1705b: start LeaderElection
2019-08-20 14:48:23,346 INFO  impl.FollowerState (FollowerState.java:run(106)) - 3d7001d1-da69-4c5a-8bea-f17705eb83d8:group-4D3AE04A06C7 changes to CANDIDATE, lastRpcTime:5015, electionTimeout:5015ms
2019-08-20 14:48:23,346 INFO  impl.RoleInfo (RoleInfo.java:shutdownFollowerState(121)) - 3d7001d1-da69-4c5a-8bea-f17705eb83d8: shutdown FollowerState
2019-08-20 14:48:23,346 INFO  impl.RaftServerImpl (RaftServerImpl.java:setRole(171)) - 3d7001d1-da69-4c5a-8bea-f17705eb83d8:group-4D3AE04A06C7 changes role from FOLLOWER to CANDIDATE at term 0 for changeToCandidate
2019-08-20 14:48:23,346 INFO  impl.RoleInfo (RoleInfo.java:updateAndGet(143)) - 3d7001d1-da69-4c5a-8bea-f17705eb83d8: start LeaderElection
2019-08-20 14:48:23,484 INFO  impl.FollowerState (FollowerState.java:run(106)) - 302c2fdb-8e38-4af7-b52c-e1f5ec132e75:group-3760AF6D1171 changes to CANDIDATE, lastRpcTime:5004, electionTimeout:5004ms
2019-08-20 14:48:23,484 INFO  impl.RoleInfo (RoleInfo.java:shutdownFollowerState(121)) - 302c2fdb-8e38-4af7-b52c-e1f5ec132e75: shutdown FollowerState
2019-08-20 14:48:23,484 INFO  impl.RaftServerImpl (RaftServerImpl.java:setRole(171)) - 302c2fdb-8e38-4af7-b52c-e1f5ec132e75:group-3760AF6D1171 changes role from FOLLOWER to CANDIDATE at term 0 for changeToCandidate
2019-08-20 14:48:23,484 INFO  impl.RoleInfo (RoleInfo.java:updateAndGet(143)) - 302c2fdb-8e38-4af7-b52c-e1f5ec132e75: start LeaderElection
2019-08-20 14:48:23,541 INFO  impl.FollowerState (FollowerState.java:run(106)) - 3d7001d1-da69-4c5a-8bea-f17705eb83d8:group-3760AF6D1171 changes to CANDIDATE, lastRpcTime:5069, electionTimeout:5061ms
2019-08-20 14:48:23,541 INFO  impl.RoleInfo (RoleInfo.java:shutdownFollowerState(121)) - 3d7001d1-da69-4c5a-8bea-f17705eb83d8: shutdown FollowerState
2019-08-20 14:48:23,541 INFO  impl.RaftServerImpl (RaftServerImpl.java:setRole(171)) - 3d7001d1-da69-4c5a-8bea-f17705eb83d8:group-3760AF6D1171 changes role from FOLLOWER to CANDIDATE at term 0 for changeToCandidate
2019-08-20 14:48:23,541 INFO  impl.RoleInfo (RoleInfo.java:updateAndGet(143)) - 3d7001d1-da69-4c5a-8bea-f17705eb83d8: start LeaderElection
2019-08-20 14:48:23,667 INFO  impl.FollowerState (FollowerState.java:run(106)) - 82d3c3a3-59ad-43e6-acf7-e05128f1705b:group-3760AF6D1171 changes to CANDIDATE, lastRpcTime:5197, electionTimeout:5197ms
2019-08-20 14:48:23,667 INFO  impl.RoleInfo (RoleInfo.java:shutdownFollowerState(121)) - 82d3c3a3-59ad-43e6-acf7-e05128f1705b: shutdown FollowerState
2019-08-20 14:48:23,667 INFO  impl.RaftServerImpl (RaftServerImpl.java:setRole(171)) - 82d3c3a3-59ad-43e6-acf7-e05128f1705b:group-3760AF6D1171 changes role from FOLLOWER to CANDIDATE at term 0 for changeToCandidate
2019-08-20 14:48:23,667 INFO  impl.RoleInfo (RoleInfo.java:updateAndGet(143)) - 82d3c3a3-59ad-43e6-acf7-e05128f1705b: start LeaderElection
2019-08-20 14:48:23,749 INFO  impl.FollowerState (FollowerState.java:run(106)) - a2f2cfab-0038-47f6-be68-66347da96d67:group-1A3115DB6413 changes to CANDIDATE, lastRpcTime:5047, electionTimeout:5047ms
2019-08-20 14:48:23,749 INFO  impl.RoleInfo (RoleInfo.java:shutdownFollowerState(121)) - a2f2cfab-0038-47f6-be68-66347da96d67: shutdown FollowerState
2019-08-20 14:48:23,749 INFO  impl.RaftServerImpl (RaftServerImpl.java:setRole(171)) - a2f2cfab-0038-47f6-be68-66347da96d67:group-1A3115DB6413 changes role from FOLLOWER to CANDIDATE at term 0 for changeToCandidate
2019-08-20 14:48:23,750 INFO  impl.RoleInfo (RoleInfo.java:updateAndGet(143)) - a2f2cfab-0038-47f6-be68-66347da96d67: start LeaderElection
2019-08-20 14:48:23,811 INFO  impl.FollowerState (FollowerState.java:run(106)) - b3ba6b55-ed58-42e5-84bb-a44356fa1cff:group-54763281959B changes to CANDIDATE, lastRpcTime:5038, electionTimeout:5038ms
2019-08-20 14:48:23,811 INFO  impl.RoleInfo (RoleInfo.java:shutdownFollowerState(121)) - b3ba6b55-ed58-42e5-84bb-a44356fa1cff: shutdown FollowerState
2019-08-20 14:48:23,811 INFO  impl.RaftServerImpl (RaftServerImpl.java:setRole(171)) - b3ba6b55-ed58-42e5-84bb-a44356fa1cff:group-54763281959B changes role from FOLLOWER to CANDIDATE at term 0 for changeToCandidate
2019-08-20 14:48:23,811 INFO  impl.RoleInfo (RoleInfo.java:updateAndGet(143)) - b3ba6b55-ed58-42e5-84bb-a44356fa1cff: start LeaderElection
2019-08-20 14:48:24,007 INFO  impl.FollowerState (FollowerState.java:run(106)) - b3ba6b55-ed58-42e5-84bb-a44356fa1cff:group-1AE5FA8EDD31 changes to CANDIDATE, lastRpcTime:5044, electionTimeout:5042ms
2019-08-20 14:48:24,007 INFO  impl.RoleInfo (RoleInfo.java:shutdownFollowerState(121)) - b3ba6b55-ed58-42e5-84bb-a44356fa1cff: shutdown FollowerState
2019-08-20 14:48:24,007 INFO  impl.RaftServerImpl (RaftServerImpl.java:setRole(171)) - b3ba6b55-ed58-42e5-84bb-a44356fa1cff:group-1AE5FA8EDD31 changes role from FOLLOWER to CANDIDATE at term 0 for changeToCandidate
2019-08-20 14:48:24,008 INFO  impl.RoleInfo (RoleInfo.java:updateAndGet(143)) - b3ba6b55-ed58-42e5-84bb-a44356fa1cff: start LeaderElection
2019-08-20 14:48:24,030 INFO  impl.FollowerState (FollowerState.java:run(106)) - ac09dfeb-0d61-4b21-ac1d-433018223a17:group-D0B31AA3EA7D changes to CANDIDATE, lastRpcTime:5157, electionTimeout:5157ms
2019-08-20 14:48:24,030 INFO  impl.RoleInfo (RoleInfo.java:shutdownFollowerState(121)) - ac09dfeb-0d61-4b21-ac1d-433018223a17: shutdown FollowerState
2019-08-20 14:48:24,030 INFO  impl.RaftServerImpl (RaftServerImpl.java:setRole(171)) - ac09dfeb-0d61-4b21-ac1d-433018223a17:group-D0B31AA3EA7D changes role from FOLLOWER to CANDIDATE at term 0 for changeToCandidate
2019-08-20 14:48:24,030 INFO  impl.RoleInfo (RoleInfo.java:updateAndGet(143)) - ac09dfeb-0d61-4b21-ac1d-433018223a17: start LeaderElection
2019-08-20 14:48:24,065 INFO  impl.FollowerState (FollowerState.java:run(106)) - 06c0ea24-f4c0-4d42-9e97-c11648a448fd:group-10C3EA48E66B changes to CANDIDATE, lastRpcTime:5021, electionTimeout:5021ms
2019-08-20 14:48:24,066 INFO  impl.RoleInfo (RoleInfo.java:shutdownFollowerState(121)) - 06c0ea24-f4c0-4d42-9e97-c11648a448fd: shutdown FollowerState
2019-08-20 14:48:24,066 INFO  impl.RaftServerImpl (RaftServerImpl.java:setRole(171)) - 06c0ea24-f4c0-4d42-9e97-c11648a448fd:group-10C3EA48E66B changes role from FOLLOWER to CANDIDATE at term 0 for changeToCandidate
2019-08-20 14:48:24,066 INFO  impl.RoleInfo (RoleInfo.java:updateAndGet(143)) - 06c0ea24-f4c0-4d42-9e97-c11648a448fd: start LeaderElection
2019-08-20 14:48:24,124 INFO  impl.FollowerState (FollowerState.java:run(106)) - a2f2cfab-0038-47f6-be68-66347da96d67:group-1AE5FA8EDD31 changes to CANDIDATE, lastRpcTime:5168, electionTimeout:5168ms
2019-08-20 14:48:24,124 INFO  impl.RoleInfo (RoleInfo.java:shutdownFollowerState(121)) - a2f2cfab-0038-47f6-be68-66347da96d67: shutdown FollowerState
2019-08-20 14:48:24,124 INFO  impl.RaftServerImpl (RaftServerImpl.java:setRole(171)) - a2f2cfab-0038-47f6-be68-66347da96d67:group-1AE5FA8EDD31 changes role from FOLLOWER to CANDIDATE at term 0 for changeToCandidate
2019-08-20 14:48:24,124 INFO  impl.RoleInfo (RoleInfo.java:updateAndGet(143)) - a2f2cfab-0038-47f6-be68-66347da96d67: start LeaderElection
2019-08-20 14:48:24,138 INFO  client.GrpcClientProtocolClient (GrpcClientProtocolClient.java:onNext(255)) - client-C05DEE4DDC29->82d3c3a3-59ad-43e6-acf7-e05128f1705b: receive RaftClientReply:client-C05DEE4DDC29->82d3c3a3-59ad-43e6-acf7-e05128f1705b@group-3760AF6D1171, cid=66, FAILED org.apache.ratis.protocol.NotLeaderException: Server 82d3c3a3-59ad-43e6-acf7-e05128f1705b is not the leader (null). Request must be sent to leader., logIndex=0, commits[82d3c3a3-59ad-43e6-acf7-e05128f1705b:c-1]
2019-08-20 14:48:24,152 INFO  impl.FollowerState (FollowerState.java:run(106)) - ac09dfeb-0d61-4b21-ac1d-433018223a17:group-1AE5FA8EDD31 changes to CANDIDATE, lastRpcTime:5193, electionTimeout:5190ms
2019-08-20 14:48:24,152 INFO  impl.RoleInfo (RoleInfo.java:shutdownFollowerState(121)) - ac09dfeb-0d61-4b21-ac1d-433018223a17: shutdown FollowerState
2019-08-20 14:48:24,152 INFO  impl.RaftServerImpl (RaftServerImpl.java:setRole(171)) - ac09dfeb-0d61-4b21-ac1d-433018223a17:group-1AE5FA8EDD31 changes role from FOLLOWER to CANDIDATE at term 0 for changeToCandidate
2019-08-20 14:48:24,152 INFO  impl.RoleInfo (RoleInfo.java:updateAndGet(143)) - ac09dfeb-0d61-4b21-ac1d-433018223a17: start LeaderElection
2019-08-20 14:48:25,157 INFO  client.GrpcClientProtocolClient (GrpcClientProtocolClient.java:onNext(255)) - client-C05DEE4DDC29->3d7001d1-da69-4c5a-8bea-f17705eb83d8: receive RaftClientReply:client-C05DEE4DDC29->3d7001d1-da69-4c5a-8bea-f17705eb83d8@group-3760AF6D1171, cid=66, FAILED org.apache.ratis.protocol.NotLeaderException: Server 3d7001d1-da69-4c5a-8bea-f17705eb83d8 is not the leader (null). Request must be sent to leader., logIndex=0, commits[3d7001d1-da69-4c5a-8bea-f17705eb83d8:c-1]
2019-08-20 14:48:26,177 INFO  client.GrpcClientProtocolClient (GrpcClientProtocolClient.java:onNext(255)) - client-C05DEE4DDC29->82d3c3a3-59ad-43e6-acf7-e05128f1705b: receive RaftClientReply:client-C05DEE4DDC29->82d3c3a3-59ad-43e6-acf7-e05128f1705b@group-3760AF6D1171, cid=66, FAILED org.apache.ratis.protocol.NotLeaderException: Server 82d3c3a3-59ad-43e6-acf7-e05128f1705b is not the leader (null). Request must be sent to leader., logIndex=0, commits[82d3c3a3-59ad-43e6-acf7-e05128f1705b:c-1]
2019-08-20 14:48:27,191 INFO  client.GrpcClientProtocolClient (GrpcClientProtocolClient.java:onNext(255)) - client-C05DEE4DDC29->3d7001d1-da69-4c5a-8bea-f17705eb83d8: receive RaftClientReply:client-C05DEE4DDC29->3d7001d1-da69-4c5a-8bea-f17705eb83d8@group-3760AF6D1171, cid=66, FAILED org.apache.ratis.protocol.NotLeaderException: Server 3d7001d1-da69-4c5a-8bea-f17705eb83d8 is not the leader (null). Request must be sent to leader., logIndex=0, commits[3d7001d1-da69-4c5a-8bea-f17705eb83d8:c-1]
2019-08-20 14:48:28,128 INFO  impl.LeaderElection (LeaderElection.java:askForVotes(181)) - 82d3c3a3-59ad-43e6-acf7-e05128f1705b:group-FF9067E8C42C:LeaderElection58: begin an election at term 1 for -1: [82d3c3a3-59ad-43e6-acf7-e05128f1705b:192.168.36.107:42943], old=null
2019-08-20 14:48:28,128 INFO  impl.LeaderElection (LeaderElection.java:askForVotes(181)) - b3ba6b55-ed58-42e5-84bb-a44356fa1cff:group-1AE5FA8EDD31:LeaderElection65: begin an election at term 1 for -1: [b3ba6b55-ed58-42e5-84bb-a44356fa1cff:192.168.36.107:36210, ac09dfeb-0d61-4b21-ac1d-433018223a17:192.168.36.107:41506, a2f2cfab-0038-47f6-be68-66347da96d67:192.168.36.107:33613], old=null
2019-08-20 14:48:28,129 INFO  impl.RoleInfo (RoleInfo.java:shutdownLeaderElection(134)) - 82d3c3a3-59ad-43e6-acf7-e05128f1705b: shutdown LeaderElection
2019-08-20 14:48:28,128 INFO  impl.LeaderElection (LeaderElection.java:askForVotes(181)) - 3d7001d1-da69-4c5a-8bea-f17705eb83d8:group-3760AF6D1171:LeaderElection61: begin an election at term 1 for -1: [302c2fdb-8e38-4af7-b52c-e1f5ec132e75:192.168.36.107:33323, 3d7001d1-da69-4c5a-8bea-f17705eb83d8:192.168.36.107:36639, 82d3c3a3-59ad-43e6-acf7-e05128f1705b:192.168.36.107:42943], old=null
2019-08-20 14:48:28,128 INFO  impl.LeaderElection (LeaderElection.java:askForVotes(181)) - b3ba6b55-ed58-42e5-84bb-a44356fa1cff:group-54763281959B:LeaderElection64: begin an election at term 1 for -1: [b3ba6b55-ed58-42e5-84bb-a44356fa1cff:192.168.36.107:36210], old=null
2019-08-20 14:48:28,128 INFO  impl.LeaderElection (LeaderElection.java:askForVotes(181)) - 3d7001d1-da69-4c5a-8bea-f17705eb83d8:group-4D3AE04A06C7:LeaderElection59: begin an election at term 1 for -1: [3d7001d1-da69-4c5a-8bea-f17705eb83d8:192.168.36.107:36639], old=null
2019-08-20 14:48:28,128 INFO  impl.LeaderElection (LeaderElection.java:askForVotes(181)) - 302c2fdb-8e38-4af7-b52c-e1f5ec132e75:group-BE9E4C6D066A:LeaderElection57: begin an election at term 1 for -1: [302c2fdb-8e38-4af7-b52c-e1f5ec132e75:192.168.36.107:33323], old=null
2019-08-20 14:48:28,128 INFO  impl.LeaderElection (LeaderElection.java:askForVotes(181)) - 82d3c3a3-59ad-43e6-acf7-e05128f1705b:group-3760AF6D1171:LeaderElection62: begin an election at term 1 for -1: [302c2fdb-8e38-4af7-b52c-e1f5ec132e75:192.168.36.107:33323, 3d7001d1-da69-4c5a-8bea-f17705eb83d8:192.168.36.107:36639, 82d3c3a3-59ad-43e6-acf7-e05128f1705b:192.168.36.107:42943], old=null
2019-08-20 14:48:28,128 INFO  impl.LeaderElection (LeaderElection.java:askForVotes(181)) - ac09dfeb-0d61-4b21-ac1d-433018223a17:group-D0B31AA3EA7D:LeaderElection66: begin an election at term 1 for -1: [ac09dfeb-0d61-4b21-ac1d-433018223a17:192.168.36.107:41506], old=null
2019-08-20 14:48:28,128 INFO  impl.LeaderElection (LeaderElection.java:askForVotes(181)) - a2f2cfab-0038-47f6-be68-66347da96d67:group-1A3115DB6413:LeaderElection63: begin an election at term 1 for -1: [a2f2cfab-0038-47f6-be68-66347da96d67:192.168.36.107:33613], old=null
2019-08-20 14:48:28,128 INFO  impl.LeaderElection (LeaderElection.java:askForVotes(181)) - 302c2fdb-8e38-4af7-b52c-e1f5ec132e75:group-3760AF6D1171:LeaderElection60: begin an election at term 1 for -1: [302c2fdb-8e38-4af7-b52c-e1f5ec132e75:192.168.36.107:33323, 3d7001d1-da69-4c5a-8bea-f17705eb83d8:192.168.36.107:36639, 82d3c3a3-59ad-43e6-acf7-e05128f1705b:192.168.36.107:42943], old=null
2019-08-20 14:48:28,130 INFO  impl.RoleInfo (RoleInfo.java:shutdownLeaderElection(134)) - a2f2cfab-0038-47f6-be68-66347da96d67: shutdown LeaderElection
2019-08-20 14:48:28,129 INFO  impl.RoleInfo (RoleInfo.java:shutdownLeaderElection(134)) - ac09dfeb-0d61-4b21-ac1d-433018223a17: shutdown LeaderElection
2019-08-20 14:48:28,129 INFO  impl.LeaderElection (LeaderElection.java:askForVotes(181)) - a2f2cfab-0038-47f6-be68-66347da96d67:group-1AE5FA8EDD31:LeaderElection68: begin an election at term 1 for -1: [b3ba6b55-ed58-42e5-84bb-a44356fa1cff:192.168.36.107:36210, ac09dfeb-0d61-4b21-ac1d-433018223a17:192.168.36.107:41506, a2f2cfab-0038-47f6-be68-66347da96d67:192.168.36.107:33613], old=null
2019-08-20 14:48:28,129 INFO  impl.LeaderElection (LeaderElection.java:askForVotes(181)) - 06c0ea24-f4c0-4d42-9e97-c11648a448fd:group-10C3EA48E66B:LeaderElection67: begin an election at term 1 for -1: [06c0ea24-f4c0-4d42-9e97-c11648a448fd:192.168.36.107:34122], old=null
2019-08-20 14:48:28,129 INFO  impl.RoleInfo (RoleInfo.java:shutdownLeaderElection(134)) - 302c2fdb-8e38-4af7-b52c-e1f5ec132e75: shutdown LeaderElection
2019-08-20 14:48:28,129 INFO  impl.LeaderElection (LeaderElection.java:askForVotes(181)) - ac09dfeb-0d61-4b21-ac1d-433018223a17:group-1AE5FA8EDD31:LeaderElection69: begin an election at term 1 for -1: [b3ba6b55-ed58-42e5-84bb-a44356fa1cff:192.168.36.107:36210, ac09dfeb-0d61-4b21-ac1d-433018223a17:192.168.36.107:41506, a2f2cfab-0038-47f6-be68-66347da96d67:192.168.36.107:33613], old=null
2019-08-20 14:48:28,129 INFO  impl.RoleInfo (RoleInfo.java:shutdownLeaderElection(134)) - 3d7001d1-da69-4c5a-8bea-f17705eb83d8: shutdown LeaderElection
2019-08-20 14:48:28,129 INFO  impl.RoleInfo (RoleInfo.java:shutdownLeaderElection(134)) - b3ba6b55-ed58-42e5-84bb-a44356fa1cff: shutdown LeaderElection
2019-08-20 14:48:28,129 INFO  impl.RaftServerImpl (RaftServerImpl.java:setRole(171)) - 82d3c3a3-59ad-43e6-acf7-e05128f1705b:group-FF9067E8C42C changes role from CANDIDATE to LEADER at term 1 for changeToLeader
2019-08-20 14:48:28,131 INFO  impl.RaftServerImpl (RaftServerImpl.java:setRole(171)) - b3ba6b55-ed58-42e5-84bb-a44356fa1cff:group-54763281959B changes role from CANDIDATE to LEADER at term 1 for changeToLeader
2019-08-20 14:48:28,131 INFO  impl.RaftServerImpl (RaftServerImpl.java:setRole(171)) - 3d7001d1-da69-4c5a-8bea-f17705eb83d8:group-4D3AE04A06C7 changes role from CANDIDATE to LEADER at term 1 for changeToLeader
2019-08-20 14:48:28,130 INFO  impl.RaftServerImpl (RaftServerImpl.java:setRole(171)) - 302c2fdb-8e38-4af7-b52c-e1f5ec132e75:group-BE9E4C6D066A changes role from CANDIDATE to LEADER at term 1 for changeToLeader
2019-08-20 14:48:28,130 INFO  impl.RoleInfo (RoleInfo.java:shutdownLeaderElection(134)) - 06c0ea24-f4c0-4d42-9e97-c11648a448fd: shutdown LeaderElection
2019-08-20 14:48:28,130 INFO  impl.RaftServerImpl (RaftServerImpl.java:setRole(171)) - ac09dfeb-0d61-4b21-ac1d-433018223a17:group-D0B31AA3EA7D changes role from CANDIDATE to LEADER at term 1 for changeToLeader
2019-08-20 14:48:28,130 INFO  impl.RaftServerImpl (RaftServerImpl.java:setRole(171)) - a2f2cfab-0038-47f6-be68-66347da96d67:group-1A3115DB6413 changes role from CANDIDATE to LEADER at term 1 for changeToLeader
2019-08-20 14:48:28,132 INFO  impl.RaftServerImpl (ServerState.java:setLeader(263)) - ac09dfeb-0d61-4b21-ac1d-433018223a17:group-D0B31AA3EA7D change Leader from null to ac09dfeb-0d61-4b21-ac1d-433018223a17 at term 1 for becomeLeader, leader elected after 9264ms
2019-08-20 14:48:28,132 INFO  impl.RaftServerImpl (RaftServerImpl.java:setRole(171)) - 06c0ea24-f4c0-4d42-9e97-c11648a448fd:group-10C3EA48E66B changes role from CANDIDATE to LEADER at term 1 for changeToLeader
2019-08-20 14:48:28,132 INFO  impl.RaftServerImpl (ServerState.java:setLeader(263)) - 302c2fdb-8e38-4af7-b52c-e1f5ec132e75:group-BE9E4C6D066A change Leader from null to 302c2fdb-8e38-4af7-b52c-e1f5ec132e75 at term 1 for becomeLeader, leader elected after 10216ms
2019-08-20 14:48:28,132 INFO  impl.RaftServerImpl (ServerState.java:setLeader(263)) - 3d7001d1-da69-4c5a-8bea-f17705eb83d8:group-4D3AE04A06C7 change Leader from null to 3d7001d1-da69-4c5a-8bea-f17705eb83d8 at term 1 for becomeLeader, leader elected after 9804ms
2019-08-20 14:48:28,132 INFO  impl.RaftServerImpl (ServerState.java:setLeader(263)) - b3ba6b55-ed58-42e5-84bb-a44356fa1cff:group-54763281959B change Leader from null to b3ba6b55-ed58-42e5-84bb-a44356fa1cff at term 1 for becomeLeader, leader elected after 9363ms
2019-08-20 14:48:28,131 INFO  impl.RaftServerImpl (ServerState.java:setLeader(263)) - 82d3c3a3-59ad-43e6-acf7-e05128f1705b:group-FF9067E8C42C change Leader from null to 82d3c3a3-59ad-43e6-acf7-e05128f1705b at term 1 for becomeLeader, leader elected after 10030ms
2019-08-20 14:48:28,133 INFO  server.RaftServerConfigKeys (ConfUtils.java:logGet(43)) - raft.server.staging.catchup.gap = 1000 (default)
2019-08-20 14:48:28,132 INFO  server.RaftServerConfigKeys (ConfUtils.java:logGet(43)) - raft.server.staging.catchup.gap = 1000 (default)
2019-08-20 14:48:28,132 INFO  server.RaftServerConfigKeys (ConfUtils.java:logGet(43)) - raft.server.staging.catchup.gap = 1000 (default)
2019-08-20 14:48:28,132 INFO  server.RaftServerConfigKeys (ConfUtils.java:logGet(43)) - raft.server.staging.catchup.gap = 1000 (default)
2019-08-20 14:48:28,132 INFO  impl.RaftServerImpl (ServerState.java:setLeader(263)) - 06c0ea24-f4c0-4d42-9e97-c11648a448fd:group-10C3EA48E66B change Leader from null to 06c0ea24-f4c0-4d42-9e97-c11648a448fd at term 1 for becomeLeader, leader elected after 9092ms
2019-08-20 14:48:28,132 INFO  impl.RaftServerImpl (ServerState.java:setLeader(263)) - a2f2cfab-0038-47f6-be68-66347da96d67:group-1A3115DB6413 change Leader from null to a2f2cfab-0038-47f6-be68-66347da96d67 at term 1 for becomeLeader, leader elected after 9433ms
2019-08-20 14:48:28,133 INFO  server.RaftServerConfigKeys (ConfUtils.java:logGet(43)) - raft.server.staging.catchup.gap = 1000 (default)
2019-08-20 14:48:28,133 INFO  server.RaftServerConfigKeys (ConfUtils.java:logGet(43)) - raft.server.rpc.sleep.time = 25ms (default)
2019-08-20 14:48:28,133 INFO  server.RaftServerConfigKeys (ConfUtils.java:logGet(43)) - raft.server.rpc.sleep.time = 25ms (default)
2019-08-20 14:48:28,133 INFO  server.RaftServerConfigKeys (ConfUtils.java:logGet(43)) - raft.server.rpc.sleep.time = 25ms (default)
2019-08-20 14:48:28,133 INFO  server.RaftServerConfigKeys (ConfUtils.java:logGet(43)) - raft.server.rpc.sleep.time = 25ms (default)
2019-08-20 14:48:28,133 INFO  server.RaftServerConfigKeys (ConfUtils.java:logGet(43)) - raft.server.staging.catchup.gap = 1000 (default)
2019-08-20 14:48:28,137 INFO  server.RaftServerConfigKeys (ConfUtils.java:logGet(43)) - raft.server.write.element-limit = 4096 (default)
2019-08-20 14:48:28,137 INFO  server.RaftServerConfigKeys (ConfUtils.java:logGet(43)) - raft.server.write.element-limit = 4096 (default)
2019-08-20 14:48:28,137 INFO  server.RaftServerConfigKeys (ConfUtils.java:logGet(43)) - raft.server.write.element-limit = 4096 (default)
2019-08-20 14:48:28,136 INFO  server.RaftServerConfigKeys (ConfUtils.java:logGet(43)) - raft.server.write.element-limit = 4096 (default)
2019-08-20 14:48:28,136 INFO  server.RaftServerConfigKeys (ConfUtils.java:logGet(43)) - raft.server.rpc.sleep.time = 25ms (default)
2019-08-20 14:48:28,133 INFO  server.RaftServerConfigKeys (ConfUtils.java:logGet(43)) - raft.server.staging.catchup.gap = 1000 (default)
2019-08-20 14:48:28,138 INFO  server.RaftServerConfigKeys (ConfUtils.java:logGet(43)) - raft.server.write.element-limit = 4096 (default)
2019-08-20 14:48:28,137 INFO  server.RaftServerConfigKeys (ConfUtils.java:logGet(43)) - raft.server.watch.timeout = 10s (default)
2019-08-20 14:48:28,137 INFO  server.RaftServerConfigKeys (ConfUtils.java:logGet(43)) - raft.server.watch.timeout = 10s (default)
2019-08-20 14:48:28,137 INFO  server.RaftServerConfigKeys (ConfUtils.java:logGet(43)) - raft.server.watch.timeout = 10s (default)
2019-08-20 14:48:28,137 INFO  server.RaftServerConfigKeys (ConfUtils.java:logGet(43)) - raft.server.watch.timeout = 10s (default)
2019-08-20 14:48:28,137 INFO  server.RaftServerConfigKeys (ConfUtils.java:logGet(43)) - raft.server.rpc.sleep.time = 25ms (default)
2019-08-20 14:48:28,138 INFO  server.RaftServerConfigKeys (ConfUtils.java:logGet(43)) - raft.server.watch.timeout.denomination = 1s (default)
2019-08-20 14:48:28,138 INFO  server.RaftServerConfigKeys (ConfUtils.java:logGet(43)) - raft.server.watch.timeout.denomination = 1s (default)
2019-08-20 14:48:28,138 INFO  server.RaftServerConfigKeys (ConfUtils.java:logGet(43)) - raft.server.watch.timeout.denomination = 1s (default)
2019-08-20 14:48:28,138 INFO  server.RaftServerConfigKeys (ConfUtils.java:logGet(43)) - raft.server.watch.timeout.denomination = 1s (default)
2019-08-20 14:48:28,139 INFO  server.RaftServerConfigKeys (ConfUtils.java:logGet(43)) - raft.server.watch.element-limit = 65536 (default)
2019-08-20 14:48:28,138 INFO  server.RaftServerConfigKeys (ConfUtils.java:logGet(43)) - raft.server.watch.timeout = 10s (default)
2019-08-20 14:48:28,138 INFO  server.RaftServerConfigKeys (ConfUtils.java:logGet(43)) - raft.server.rpc.sleep.time = 25ms (default)
2019-08-20 14:48:28,139 INFO  server.RaftServerConfigKeys (ConfUtils.java:logGet(43)) - raft.server.watch.timeout.denomination = 1s (default)
2019-08-20 14:48:28,139 INFO  impl.RoleInfo (RoleInfo.java:updateAndGet(143)) - 302c2fdb-8e38-4af7-b52c-e1f5ec132e75: start LeaderState
2019-08-20 14:48:28,139 INFO  server.RaftServerConfigKeys (ConfUtils.java:logGet(43)) - raft.server.watch.element-limit = 65536 (default)
2019-08-20 14:48:28,139 INFO  server.RaftServerConfigKeys (ConfUtils.java:logGet(43)) - raft.server.watch.element-limit = 65536 (default)
2019-08-20 14:48:28,139 INFO  server.RaftServerConfigKeys (ConfUtils.java:logGet(43)) - raft.server.watch.element-limit = 65536 (default)
2019-08-20 14:48:28,138 INFO  server.RaftServerConfigKeys (ConfUtils.java:logGet(43)) - raft.server.write.element-limit = 4096 (default)
2019-08-20 14:48:28,144 INFO  segmented.SegmentedRaftLogWorker (SegmentedRaftLogWorker.java:startLogSegment(380)) - 302c2fdb-8e38-4af7-b52c-e1f5ec132e75-SegmentedRaftLogWorker:Storage Directory /workdir/hadoop-ozone/integration-test/target/test-dir/MiniOzoneClusterImpl-d88ca63d-595b-4155-815f-b7b6636ca230/datanode-0/data/ratis/f712ab88-d8c8-4099-aee4-be9e4c6d066a: Starting segment from index:0
2019-08-20 14:48:28,144 INFO  impl.RoleInfo (RoleInfo.java:updateAndGet(143)) - 3d7001d1-da69-4c5a-8bea-f17705eb83d8: start LeaderState
2019-08-20 14:48:28,144 INFO  impl.RoleInfo (RoleInfo.java:updateAndGet(143)) - ac09dfeb-0d61-4b21-ac1d-433018223a17: start LeaderState
2019-08-20 14:48:28,142 INFO  server.RaftServerConfigKeys (ConfUtils.java:logGet(43)) - raft.server.watch.element-limit = 65536 (default)
2019-08-20 14:48:28,139 INFO  server.RaftServerConfigKeys (ConfUtils.java:logGet(43)) - raft.server.write.element-limit = 4096 (default)
2019-08-20 14:48:28,147 INFO  impl.RoleInfo (RoleInfo.java:updateAndGet(143)) - 06c0ea24-f4c0-4d42-9e97-c11648a448fd: start LeaderState
2019-08-20 14:48:28,147 INFO  impl.RaftServerImpl (ServerState.java:setRaftConf(361)) - 302c2fdb-8e38-4af7-b52c-e1f5ec132e75:group-BE9E4C6D066A set configuration 0: [302c2fdb-8e38-4af7-b52c-e1f5ec132e75:192.168.36.107:33323], old=null at 0
2019-08-20 14:48:28,147 INFO  segmented.SegmentedRaftLogWorker (SegmentedRaftLogWorker.java:startLogSegment(380)) - ac09dfeb-0d61-4b21-ac1d-433018223a17-SegmentedRaftLogWorker:Storage Directory /workdir/hadoop-ozone/integration-test/target/test-dir/MiniOzoneClusterImpl-d88ca63d-595b-4155-815f-b7b6636ca230/datanode-5/data/ratis/dfdacab1-0e25-447d-8050-d0b31aa3ea7d: Starting segment from index:0
2019-08-20 14:48:28,147 INFO  segmented.SegmentedRaftLogWorker (SegmentedRaftLogWorker.java:startLogSegment(380)) - 3d7001d1-da69-4c5a-8bea-f17705eb83d8-SegmentedRaftLogWorker:Storage Directory /workdir/hadoop-ozone/integration-test/target/test-dir/MiniOzoneClusterImpl-d88ca63d-595b-4155-815f-b7b6636ca230/datanode-2/data/ratis/521e2de0-d2ab-4d8e-9def-4d3ae04a06c7: Starting segment from index:0
2019-08-20 14:48:28,146 INFO  impl.RoleInfo (RoleInfo.java:updateAndGet(143)) - b3ba6b55-ed58-42e5-84bb-a44356fa1cff: start LeaderState
2019-08-20 14:48:28,146 INFO  server.RaftServerConfigKeys (ConfUtils.java:logGet(43)) - raft.server.watch.timeout = 10s (default)
2019-08-20 14:48:28,147 INFO  segmented.SegmentedRaftLogWorker (SegmentedRaftLogWorker.java:startLogSegment(380)) - 06c0ea24-f4c0-4d42-9e97-c11648a448fd-SegmentedRaftLogWorker:Storage Directory /workdir/hadoop-ozone/integration-test/target/test-dir/MiniOzoneClusterImpl-d88ca63d-595b-4155-815f-b7b6636ca230/datanode-6/data/ratis/11d98298-714e-41f0-9182-10c3ea48e66b: Starting segment from index:0
2019-08-20 14:48:28,147 INFO  server.RaftServerConfigKeys (ConfUtils.java:logGet(43)) - raft.server.watch.timeout = 10s (default)
2019-08-20 14:48:28,203 INFO  segmented.SegmentedRaftLogWorker (SegmentedRaftLogWorker.java:startLogSegment(380)) - b3ba6b55-ed58-42e5-84bb-a44356fa1cff-SegmentedRaftLogWorker:Storage Directory /workdir/hadoop-ozone/integration-test/target/test-dir/MiniOzoneClusterImpl-d88ca63d-595b-4155-815f-b7b6636ca230/datanode-3/data/ratis/005084e3-e912-4e27-ae1c-54763281959b: Starting segment from index:0
2019-08-20 14:48:28,203 INFO  impl.RaftServerImpl (ServerState.java:setRaftConf(361)) - 3d7001d1-da69-4c5a-8bea-f17705eb83d8:group-4D3AE04A06C7 set configuration 0: [3d7001d1-da69-4c5a-8bea-f17705eb83d8:192.168.36.107:36639], old=null at 0
2019-08-20 14:48:28,173 INFO  server.RaftServerConfigKeys (ConfUtils.java:logGet(43)) - raft.server.watch.timeout.denomination = 1s (default)
2019-08-20 14:48:28,173 INFO  impl.RaftServerImpl (ServerState.java:setRaftConf(361)) - ac09dfeb-0d61-4b21-ac1d-433018223a17:group-D0B31AA3EA7D set configuration 0: [ac09dfeb-0d61-4b21-ac1d-433018223a17:192.168.36.107:41506], old=null at 0
2019-08-20 14:48:28,204 INFO  server.RaftServerConfigKeys (ConfUtils.java:logGet(43)) - raft.server.watch.element-limit = 65536 (default)
2019-08-20 14:48:28,204 INFO  impl.RaftServerImpl (ServerState.java:setRaftConf(361)) - b3ba6b55-ed58-42e5-84bb-a44356fa1cff:group-54763281959B set configuration 0: [b3ba6b55-ed58-42e5-84bb-a44356fa1cff:192.168.36.107:36210], old=null at 0
2019-08-20 14:48:28,231 INFO  impl.RoleInfo (RoleInfo.java:updateAndGet(143)) - 82d3c3a3-59ad-43e6-acf7-e05128f1705b: start LeaderState
2019-08-20 14:48:28,203 INFO  impl.RaftServerImpl (ServerState.java:setRaftConf(361)) - 06c0ea24-f4c0-4d42-9e97-c11648a448fd:group-10C3EA48E66B set configuration 0: [06c0ea24-f4c0-4d42-9e97-c11648a448fd:192.168.36.107:34122], old=null at 0
2019-08-20 14:48:28,203 INFO  server.RaftServerConfigKeys (ConfUtils.java:logGet(43)) - raft.server.watch.timeout.denomination = 1s (default)
2019-08-20 14:48:28,234 INFO  impl.LeaderElection (LeaderElection.java:logAndReturn(56)) - 82d3c3a3-59ad-43e6-acf7-e05128f1705b:group-3760AF6D1171:LeaderElection62: Election REJECTED; received 2 response(s) [82d3c3a3-59ad-43e6-acf7-e05128f1705b<-302c2fdb-8e38-4af7-b52c-e1f5ec132e75#0:FAIL-t1, 82d3c3a3-59ad-43e6-acf7-e05128f1705b<-3d7001d1-da69-4c5a-8bea-f17705eb83d8#0:FAIL-t1] and 0 exception(s); 82d3c3a3-59ad-43e6-acf7-e05128f1705b:t1, leader=null, voted=82d3c3a3-59ad-43e6-acf7-e05128f1705b, raftlog=82d3c3a3-59ad-43e6-acf7-e05128f1705b-SegmentedRaftLog:OPENED:c-1,f-1,i0, conf=-1: [302c2fdb-8e38-4af7-b52c-e1f5ec132e75:192.168.36.107:33323, 3d7001d1-da69-4c5a-8bea-f17705eb83d8:192.168.36.107:36639, 82d3c3a3-59ad-43e6-acf7-e05128f1705b:192.168.36.107:42943], old=null
2019-08-20 14:48:28,234 INFO  segmented.SegmentedRaftLogWorker (SegmentedRaftLogWorker.java:startLogSegment(380)) - 82d3c3a3-59ad-43e6-acf7-e05128f1705b-SegmentedRaftLogWorker:Storage Directory /workdir/hadoop-ozone/integration-test/target/test-dir/MiniOzoneClusterImpl-d88ca63d-595b-4155-815f-b7b6636ca230/datanode-1/data/ratis/86f6ac20-abac-450d-bce6-ff9067e8c42c: Starting segment from index:0
2019-08-20 14:48:28,232 INFO  impl.LeaderElection (LeaderElection.java:logAndReturn(56)) - 302c2fdb-8e38-4af7-b52c-e1f5ec132e75:group-3760AF6D1171:LeaderElection60: Election REJECTED; received 2 response(s) [302c2fdb-8e38-4af7-b52c-e1f5ec132e75<-3d7001d1-da69-4c5a-8bea-f17705eb83d8#0:FAIL-t1, 302c2fdb-8e38-4af7-b52c-e1f5ec132e75<-82d3c3a3-59ad-43e6-acf7-e05128f1705b#0:FAIL-t1] and 0 exception(s); 302c2fdb-8e38-4af7-b52c-e1f5ec132e75:t1, leader=null, voted=302c2fdb-8e38-4af7-b52c-e1f5ec132e75, raftlog=302c2fdb-8e38-4af7-b52c-e1f5ec132e75-SegmentedRaftLog:OPENED:c-1,f-1,i0, conf=-1: [302c2fdb-8e38-4af7-b52c-e1f5ec132e75:192.168.36.107:33323, 3d7001d1-da69-4c5a-8bea-f17705eb83d8:192.168.36.107:36639, 82d3c3a3-59ad-43e6-acf7-e05128f1705b:192.168.36.107:42943], old=null
2019-08-20 14:48:28,234 INFO  server.RaftServerConfigKeys (ConfUtils.java:logGet(43)) - raft.server.watch.element-limit = 65536 (default)
2019-08-20 14:48:28,234 INFO  impl.RaftServerImpl (RaftServerImpl.java:setRole(171)) - 82d3c3a3-59ad-43e6-acf7-e05128f1705b:group-3760AF6D1171 changes role from CANDIDATE to FOLLOWER at term 1 for DISCOVERED_A_NEW_TERM
2019-08-20 14:48:28,258 INFO  impl.RaftServerImpl (ServerState.java:setRaftConf(361)) - 82d3c3a3-59ad-43e6-acf7-e05128f1705b:group-FF9067E8C42C set configuration 0: [82d3c3a3-59ad-43e6-acf7-e05128f1705b:192.168.36.107:42943], old=null at 0
2019-08-20 14:48:28,258 INFO  impl.RoleInfo (RoleInfo.java:updateAndGet(143)) - a2f2cfab-0038-47f6-be68-66347da96d67: start LeaderState
2019-08-20 14:48:28,234 INFO  impl.RaftServerImpl (RaftServerImpl.java:setRole(171)) - 302c2fdb-8e38-4af7-b52c-e1f5ec132e75:group-3760AF6D1171 changes role from CANDIDATE to FOLLOWER at term 1 for DISCOVERED_A_NEW_TERM
2019-08-20 14:48:28,258 INFO  impl.RoleInfo (RoleInfo.java:shutdownLeaderElection(134)) - 82d3c3a3-59ad-43e6-acf7-e05128f1705b: shutdown LeaderElection
2019-08-20 14:48:28,259 INFO  segmented.SegmentedRaftLogWorker (SegmentedRaftLogWorker.java:startLogSegment(380)) - a2f2cfab-0038-47f6-be68-66347da96d67-SegmentedRaftLogWorker:Storage Directory /workdir/hadoop-ozone/integration-test/target/test-dir/MiniOzoneClusterImpl-d88ca63d-595b-4155-815f-b7b6636ca230/datanode-4/data/ratis/3b2360ea-e9b7-4100-bea7-1a3115db6413: Starting segment from index:0
2019-08-20 14:48:28,259 INFO  impl.LeaderElection (LeaderElection.java:logAndReturn(56)) - a2f2cfab-0038-47f6-be68-66347da96d67:group-1AE5FA8EDD31:LeaderElection68: Election REJECTED; received 2 response(s) [a2f2cfab-0038-47f6-be68-66347da96d67<-b3ba6b55-ed58-42e5-84bb-a44356fa1cff#0:FAIL-t1, a2f2cfab-0038-47f6-be68-66347da96d67<-ac09dfeb-0d61-4b21-ac1d-433018223a17#0:FAIL-t1] and 0 exception(s); a2f2cfab-0038-47f6-be68-66347da96d67:t1, leader=null, voted=a2f2cfab-0038-47f6-be68-66347da96d67, raftlog=a2f2cfab-0038-47f6-be68-66347da96d67-SegmentedRaftLog:OPENED:c-1,f-1,i0, conf=-1: [b3ba6b55-ed58-42e5-84bb-a44356fa1cff:192.168.36.107:36210, ac09dfeb-0d61-4b21-ac1d-433018223a17:192.168.36.107:41506, a2f2cfab-0038-47f6-be68-66347da96d67:192.168.36.107:33613], old=null
2019-08-20 14:48:28,259 INFO  impl.RoleInfo (RoleInfo.java:shutdownLeaderElection(134)) - 302c2fdb-8e38-4af7-b52c-e1f5ec132e75: shutdown LeaderElection
2019-08-20 14:48:28,259 INFO  impl.LeaderElection (LeaderElection.java:logAndReturn(56)) - ac09dfeb-0d61-4b21-ac1d-433018223a17:group-1AE5FA8EDD31:LeaderElection69: Election REJECTED; received 2 response(s) [ac09dfeb-0d61-4b21-ac1d-433018223a17<-b3ba6b55-ed58-42e5-84bb-a44356fa1cff#0:FAIL-t1, ac09dfeb-0d61-4b21-ac1d-433018223a17<-a2f2cfab-0038-47f6-be68-66347da96d67#0:FAIL-t1] and 0 exception(s); ac09dfeb-0d61-4b21-ac1d-433018223a17:t1, leader=null, voted=ac09dfeb-0d61-4b21-ac1d-433018223a17, raftlog=ac09dfeb-0d61-4b21-ac1d-433018223a17-SegmentedRaftLog:OPENED:c-1,f-1,i0, conf=-1: [b3ba6b55-ed58-42e5-84bb-a44356fa1cff:192.168.36.107:36210, ac09dfeb-0d61-4b21-ac1d-433018223a17:192.168.36.107:41506, a2f2cfab-0038-47f6-be68-66347da96d67:192.168.36.107:33613], old=null
2019-08-20 14:48:28,259 INFO  impl.RaftServerImpl (ServerState.java:setRaftConf(361)) - a2f2cfab-0038-47f6-be68-66347da96d67:group-1A3115DB6413 set configuration 0: [a2f2cfab-0038-47f6-be68-66347da96d67:192.168.36.107:33613], old=null at 0
2019-08-20 14:48:28,259 INFO  impl.RoleInfo (RoleInfo.java:updateAndGet(143)) - 302c2fdb-8e38-4af7-b52c-e1f5ec132e75: start FollowerState
2019-08-20 14:48:28,259 INFO  impl.RaftServerImpl (RaftServerImpl.java:setRole(171)) - a2f2cfab-0038-47f6-be68-66347da96d67:group-1AE5FA8EDD31 changes role from CANDIDATE to FOLLOWER at term 1 for DISCOVERED_A_NEW_TERM
2019-08-20 14:48:28,259 INFO  impl.RoleInfo (RoleInfo.java:updateAndGet(143)) - 82d3c3a3-59ad-43e6-acf7-e05128f1705b: start FollowerState
2019-08-20 14:48:28,286 INFO  impl.RoleInfo (RoleInfo.java:shutdownLeaderElection(134)) - a2f2cfab-0038-47f6-be68-66347da96d67: shutdown LeaderElection
2019-08-20 14:48:28,286 INFO  impl.LeaderElection (LeaderElection.java:logAndReturn(56)) - b3ba6b55-ed58-42e5-84bb-a44356fa1cff:group-1AE5FA8EDD31:LeaderElection65: Election REJECTED; received 2 response(s) [b3ba6b55-ed58-42e5-84bb-a44356fa1cff<-ac09dfeb-0d61-4b21-ac1d-433018223a17#0:FAIL-t1, b3ba6b55-ed58-42e5-84bb-a44356fa1cff<-a2f2cfab-0038-47f6-be68-66347da96d67#0:FAIL-t1] and 0 exception(s); b3ba6b55-ed58-42e5-84bb-a44356fa1cff:t1, leader=null, voted=b3ba6b55-ed58-42e5-84bb-a44356fa1cff, raftlog=b3ba6b55-ed58-42e5-84bb-a44356fa1cff-SegmentedRaftLog:OPENED:c-1,f-1,i0, conf=-1: [b3ba6b55-ed58-42e5-84bb-a44356fa1cff:192.168.36.107:36210, ac09dfeb-0d61-4b21-ac1d-433018223a17:192.168.36.107:41506, a2f2cfab-0038-47f6-be68-66347da96d67:192.168.36.107:33613], old=null
2019-08-20 14:48:28,259 INFO  impl.RaftServerImpl (RaftServerImpl.java:setRole(171)) - ac09dfeb-0d61-4b21-ac1d-433018223a17:group-1AE5FA8EDD31 changes role from CANDIDATE to FOLLOWER at term 1 for DISCOVERED_A_NEW_TERM
2019-08-20 14:48:28,286 INFO  impl.RaftServerImpl (RaftServerImpl.java:setRole(171)) - b3ba6b55-ed58-42e5-84bb-a44356fa1cff:group-1AE5FA8EDD31 changes role from CANDIDATE to FOLLOWER at term 1 for DISCOVERED_A_NEW_TERM
2019-08-20 14:48:28,286 INFO  impl.RoleInfo (RoleInfo.java:updateAndGet(143)) - a2f2cfab-0038-47f6-be68-66347da96d67: start FollowerState
2019-08-20 14:48:28,287 INFO  impl.RoleInfo (RoleInfo.java:shutdownLeaderElection(134)) - b3ba6b55-ed58-42e5-84bb-a44356fa1cff: shutdown LeaderElection
2019-08-20 14:48:28,287 INFO  impl.RoleInfo (RoleInfo.java:shutdownLeaderElection(134)) - ac09dfeb-0d61-4b21-ac1d-433018223a17: shutdown LeaderElection
2019-08-20 14:48:28,289 INFO  impl.RoleInfo (RoleInfo.java:updateAndGet(143)) - b3ba6b55-ed58-42e5-84bb-a44356fa1cff: start FollowerState
2019-08-20 14:48:28,289 INFO  impl.RoleInfo (RoleInfo.java:updateAndGet(143)) - ac09dfeb-0d61-4b21-ac1d-433018223a17: start FollowerState
2019-08-20 14:48:28,289 INFO  impl.LeaderElection (LeaderElection.java:logAndReturn(56)) - 3d7001d1-da69-4c5a-8bea-f17705eb83d8:group-3760AF6D1171:LeaderElection61: Election REJECTED; received 2 response(s) [3d7001d1-da69-4c5a-8bea-f17705eb83d8<-302c2fdb-8e38-4af7-b52c-e1f5ec132e75#0:FAIL-t1, 3d7001d1-da69-4c5a-8bea-f17705eb83d8<-82d3c3a3-59ad-43e6-acf7-e05128f1705b#0:FAIL-t1] and 0 exception(s); 3d7001d1-da69-4c5a-8bea-f17705eb83d8:t1, leader=null, voted=3d7001d1-da69-4c5a-8bea-f17705eb83d8, raftlog=3d7001d1-da69-4c5a-8bea-f17705eb83d8-SegmentedRaftLog:OPENED:c-1,f-1,i0, conf=-1: [302c2fdb-8e38-4af7-b52c-e1f5ec132e75:192.168.36.107:33323, 3d7001d1-da69-4c5a-8bea-f17705eb83d8:192.168.36.107:36639, 82d3c3a3-59ad-43e6-acf7-e05128f1705b:192.168.36.107:42943], old=null
2019-08-20 14:48:28,290 INFO  impl.RaftServerImpl (RaftServerImpl.java:setRole(171)) - 3d7001d1-da69-4c5a-8bea-f17705eb83d8:group-3760AF6D1171 changes role from CANDIDATE to FOLLOWER at term 1 for DISCOVERED_A_NEW_TERM
2019-08-20 14:48:28,290 INFO  impl.RoleInfo (RoleInfo.java:shutdownLeaderElection(134)) - 3d7001d1-da69-4c5a-8bea-f17705eb83d8: shutdown LeaderElection
2019-08-20 14:48:28,292 INFO  impl.RoleInfo (RoleInfo.java:updateAndGet(143)) - 3d7001d1-da69-4c5a-8bea-f17705eb83d8: start FollowerState
2019-08-20 14:48:28,294 INFO  client.GrpcClientProtocolClient (GrpcClientProtocolClient.java:onNext(255)) - client-C05DEE4DDC29->82d3c3a3-59ad-43e6-acf7-e05128f1705b: receive RaftClientReply:client-C05DEE4DDC29->82d3c3a3-59ad-43e6-acf7-e05128f1705b@group-3760AF6D1171, cid=66, FAILED org.apache.ratis.protocol.NotLeaderException: Server 82d3c3a3-59ad-43e6-acf7-e05128f1705b is not the leader (null). Request must be sent to leader., logIndex=0, commits[82d3c3a3-59ad-43e6-acf7-e05128f1705b:c-1]
2019-08-20 14:48:29,306 INFO  client.GrpcClientProtocolClient (GrpcClientProtocolClient.java:onNext(255)) - client-C05DEE4DDC29->302c2fdb-8e38-4af7-b52c-e1f5ec132e75: receive RaftClientReply:client-C05DEE4DDC29->302c2fdb-8e38-4af7-b52c-e1f5ec132e75@group-3760AF6D1171, cid=66, FAILED org.apache.ratis.protocol.NotLeaderException: Server 302c2fdb-8e38-4af7-b52c-e1f5ec132e75 is not the leader (null). Request must be sent to leader., logIndex=0, commits[302c2fdb-8e38-4af7-b52c-e1f5ec132e75:c-1]
2019-08-20 14:48:29,499 INFO  segmented.SegmentedRaftLogWorker (SegmentedRaftLogWorker.java:execute(569)) - 06c0ea24-f4c0-4d42-9e97-c11648a448fd-SegmentedRaftLogWorker:Storage Directory /workdir/hadoop-ozone/integration-test/target/test-dir/MiniOzoneClusterImpl-d88ca63d-595b-4155-815f-b7b6636ca230/datanode-6/data/ratis/11d98298-714e-41f0-9182-10c3ea48e66b: created new log segment /workdir/hadoop-ozone/integration-test/target/test-dir/MiniOzoneClusterImpl-d88ca63d-595b-4155-815f-b7b6636ca230/datanode-6/data/ratis/11d98298-714e-41f0-9182-10c3ea48e66b/current/log_inprogress_0
2019-08-20 14:48:29,499 INFO  segmented.SegmentedRaftLogWorker (SegmentedRaftLogWorker.java:execute(569)) - ac09dfeb-0d61-4b21-ac1d-433018223a17-SegmentedRaftLogWorker:Storage Directory /workdir/hadoop-ozone/integration-test/target/test-dir/MiniOzoneClusterImpl-d88ca63d-595b-4155-815f-b7b6636ca230/datanode-5/data/ratis/dfdacab1-0e25-447d-8050-d0b31aa3ea7d: created new log segment /workdir/hadoop-ozone/integration-test/target/test-dir/MiniOzoneClusterImpl-d88ca63d-595b-4155-815f-b7b6636ca230/datanode-5/data/ratis/dfdacab1-0e25-447d-8050-d0b31aa3ea7d/current/log_inprogress_0
2019-08-20 14:48:29,499 INFO  segmented.SegmentedRaftLogWorker (SegmentedRaftLogWorker.java:execute(569)) - 82d3c3a3-59ad-43e6-acf7-e05128f1705b-SegmentedRaftLogWorker:Storage Directory /workdir/hadoop-ozone/integration-test/target/test-dir/MiniOzoneClusterImpl-d88ca63d-595b-4155-815f-b7b6636ca230/datanode-1/data/ratis/86f6ac20-abac-450d-bce6-ff9067e8c42c: created new log segment /workdir/hadoop-ozone/integration-test/target/test-dir/MiniOzoneClusterImpl-d88ca63d-595b-4155-815f-b7b6636ca230/datanode-1/data/ratis/86f6ac20-abac-450d-bce6-ff9067e8c42c/current/log_inprogress_0
2019-08-20 14:48:29,499 INFO  segmented.SegmentedRaftLogWorker (SegmentedRaftLogWorker.java:execute(569)) - 302c2fdb-8e38-4af7-b52c-e1f5ec132e75-SegmentedRaftLogWorker:Storage Directory /workdir/hadoop-ozone/integration-test/target/test-dir/MiniOzoneClusterImpl-d88ca63d-595b-4155-815f-b7b6636ca230/datanode-0/data/ratis/f712ab88-d8c8-4099-aee4-be9e4c6d066a: created new log segment /workdir/hadoop-ozone/integration-test/target/test-dir/MiniOzoneClusterImpl-d88ca63d-595b-4155-815f-b7b6636ca230/datanode-0/data/ratis/f712ab88-d8c8-4099-aee4-be9e4c6d066a/current/log_inprogress_0
2019-08-20 14:48:29,499 INFO  segmented.SegmentedRaftLogWorker (SegmentedRaftLogWorker.java:execute(569)) - a2f2cfab-0038-47f6-be68-66347da96d67-SegmentedRaftLogWorker:Storage Directory /workdir/hadoop-ozone/integration-test/target/test-dir/MiniOzoneClusterImpl-d88ca63d-595b-4155-815f-b7b6636ca230/datanode-4/data/ratis/3b2360ea-e9b7-4100-bea7-1a3115db6413: created new log segment /workdir/hadoop-ozone/integration-test/target/test-dir/MiniOzoneClusterImpl-d88ca63d-595b-4155-815f-b7b6636ca230/datanode-4/data/ratis/3b2360ea-e9b7-4100-bea7-1a3115db6413/current/log_inprogress_0
2019-08-20 14:48:29,499 INFO  segmented.SegmentedRaftLogWorker (SegmentedRaftLogWorker.java:execute(569)) - 3d7001d1-da69-4c5a-8bea-f17705eb83d8-SegmentedRaftLogWorker:Storage Directory /workdir/hadoop-ozone/integration-test/target/test-dir/MiniOzoneClusterImpl-d88ca63d-595b-4155-815f-b7b6636ca230/datanode-2/data/ratis/521e2de0-d2ab-4d8e-9def-4d3ae04a06c7: created new log segment /workdir/hadoop-ozone/integration-test/target/test-dir/MiniOzoneClusterImpl-d88ca63d-595b-4155-815f-b7b6636ca230/datanode-2/data/ratis/521e2de0-d2ab-4d8e-9def-4d3ae04a06c7/current/log_inprogress_0
2019-08-20 14:48:29,499 INFO  segmented.SegmentedRaftLogWorker (SegmentedRaftLogWorker.java:execute(569)) - b3ba6b55-ed58-42e5-84bb-a44356fa1cff-SegmentedRaftLogWorker:Storage Directory /workdir/hadoop-ozone/integration-test/target/test-dir/MiniOzoneClusterImpl-d88ca63d-595b-4155-815f-b7b6636ca230/datanode-3/data/ratis/005084e3-e912-4e27-ae1c-54763281959b: created new log segment /workdir/hadoop-ozone/integration-test/target/test-dir/MiniOzoneClusterImpl-d88ca63d-595b-4155-815f-b7b6636ca230/datanode-3/data/ratis/005084e3-e912-4e27-ae1c-54763281959b/current/log_inprogress_0
2019-08-20 14:48:30,319 INFO  client.GrpcClientProtocolClient (GrpcClientProtocolClient.java:onNext(255)) - client-C05DEE4DDC29->82d3c3a3-59ad-43e6-acf7-e05128f1705b: receive RaftClientReply:client-C05DEE4DDC29->82d3c3a3-59ad-43e6-acf7-e05128f1705b@group-3760AF6D1171, cid=66, FAILED org.apache.ratis.protocol.NotLeaderException: Server 82d3c3a3-59ad-43e6-acf7-e05128f1705b is not the leader (null). Request must be sent to leader., logIndex=0, commits[82d3c3a3-59ad-43e6-acf7-e05128f1705b:c-1]
2019-08-20 14:48:31,332 INFO  client.GrpcClientProtocolClient (GrpcClientProtocolClient.java:onNext(255)) - client-C05DEE4DDC29->3d7001d1-da69-4c5a-8bea-f17705eb83d8: receive RaftClientReply:client-C05DEE4DDC29->3d7001d1-da69-4c5a-8bea-f17705eb83d8@group-3760AF6D1171, cid=66, FAILED org.apache.ratis.protocol.NotLeaderException: Server 3d7001d1-da69-4c5a-8bea-f17705eb83d8 is not the leader (null). Request must be sent to leader., logIndex=0, commits[3d7001d1-da69-4c5a-8bea-f17705eb83d8:c-1]
2019-08-20 14:48:32,344 INFO  client.GrpcClientProtocolClient (GrpcClientProtocolClient.java:onNext(255)) - client-C05DEE4DDC29->82d3c3a3-59ad-43e6-acf7-e05128f1705b: receive RaftClientReply:client-C05DEE4DDC29->82d3c3a3-59ad-43e6-acf7-e05128f1705b@group-3760AF6D1171, cid=66, FAILED org.apache.ratis.protocol.NotLeaderException: Server 82d3c3a3-59ad-43e6-acf7-e05128f1705b is not the leader (null). Request must be sent to leader., logIndex=0, commits[82d3c3a3-59ad-43e6-acf7-e05128f1705b:c-1]
2019-08-20 14:48:33,305 INFO  impl.FollowerState (FollowerState.java:run(106)) - 3d7001d1-da69-4c5a-8bea-f17705eb83d8:group-3760AF6D1171 changes to CANDIDATE, lastRpcTime:5013, electionTimeout:5013ms
2019-08-20 14:48:33,305 INFO  impl.RoleInfo (RoleInfo.java:shutdownFollowerState(121)) - 3d7001d1-da69-4c5a-8bea-f17705eb83d8: shutdown FollowerState
2019-08-20 14:48:33,305 INFO  impl.RaftServerImpl (RaftServerImpl.java:setRole(171)) - 3d7001d1-da69-4c5a-8bea-f17705eb83d8:group-3760AF6D1171 changes role from FOLLOWER to CANDIDATE at term 1 for changeToCandidate
2019-08-20 14:48:33,305 INFO  impl.RoleInfo (RoleInfo.java:updateAndGet(143)) - 3d7001d1-da69-4c5a-8bea-f17705eb83d8: start LeaderElection
2019-08-20 14:48:33,313 INFO  impl.FollowerState (FollowerState.java:run(106)) - 302c2fdb-8e38-4af7-b52c-e1f5ec132e75:group-3760AF6D1171 changes to CANDIDATE, lastRpcTime:5054, electionTimeout:5027ms
2019-08-20 14:48:33,313 INFO  impl.RoleInfo (RoleInfo.java:shutdownFollowerState(121)) - 302c2fdb-8e38-4af7-b52c-e1f5ec132e75: shutdown FollowerState
2019-08-20 14:48:33,313 INFO  impl.RaftServerImpl (RaftServerImpl.java:setRole(171)) - 302c2fdb-8e38-4af7-b52c-e1f5ec132e75:group-3760AF6D1171 changes role from FOLLOWER to CANDIDATE at term 1 for changeToCandidate
2019-08-20 14:48:33,313 INFO  impl.RoleInfo (RoleInfo.java:updateAndGet(143)) - 302c2fdb-8e38-4af7-b52c-e1f5ec132e75: start LeaderElection
2019-08-20 14:48:33,324 INFO  impl.FollowerState (FollowerState.java:run(106)) - ac09dfeb-0d61-4b21-ac1d-433018223a17:group-1AE5FA8EDD31 changes to CANDIDATE, lastRpcTime:5034, electionTimeout:5034ms
2019-08-20 14:48:33,324 INFO  impl.RoleInfo (RoleInfo.java:shutdownFollowerState(121)) - ac09dfeb-0d61-4b21-ac1d-433018223a17: shutdown FollowerState
2019-08-20 14:48:33,324 INFO  impl.RaftServerImpl (RaftServerImpl.java:setRole(171)) - ac09dfeb-0d61-4b21-ac1d-433018223a17:group-1AE5FA8EDD31 changes role from FOLLOWER to CANDIDATE at term 1 for changeToCandidate
2019-08-20 14:48:33,324 INFO  impl.RoleInfo (RoleInfo.java:updateAndGet(143)) - ac09dfeb-0d61-4b21-ac1d-433018223a17: start LeaderElection
2019-08-20 14:48:33,358 INFO  client.GrpcClientProtocolClient (GrpcClientProtocolClient.java:onNext(255)) - client-C05DEE4DDC29->302c2fdb-8e38-4af7-b52c-e1f5ec132e75: receive RaftClientReply:client-C05DEE4DDC29->302c2fdb-8e38-4af7-b52c-e1f5ec132e75@group-3760AF6D1171, cid=66, FAILED org.apache.ratis.protocol.NotLeaderException: Server 302c2fdb-8e38-4af7-b52c-e1f5ec132e75 is not the leader (null). Request must be sent to leader., logIndex=0, commits[302c2fdb-8e38-4af7-b52c-e1f5ec132e75:c-1]
2019-08-20 14:48:33,361 INFO  impl.FollowerState (FollowerState.java:run(106)) - a2f2cfab-0038-47f6-be68-66347da96d67:group-1AE5FA8EDD31 changes to CANDIDATE, lastRpcTime:5074, electionTimeout:5071ms
2019-08-20 14:48:33,361 INFO  impl.RoleInfo (RoleInfo.java:shutdownFollowerState(121)) - a2f2cfab-0038-47f6-be68-66347da96d67: shutdown FollowerState
2019-08-20 14:48:33,361 INFO  impl.RaftServerImpl (RaftServerImpl.java:setRole(171)) - a2f2cfab-0038-47f6-be68-66347da96d67:group-1AE5FA8EDD31 changes role from FOLLOWER to CANDIDATE at term 1 for changeToCandidate
2019-08-20 14:48:33,361 INFO  impl.RoleInfo (RoleInfo.java:updateAndGet(143)) - a2f2cfab-0038-47f6-be68-66347da96d67: start LeaderElection
2019-08-20 14:48:33,361 INFO  impl.LeaderElection (LeaderElection.java:askForVotes(181)) - 3d7001d1-da69-4c5a-8bea-f17705eb83d8:group-3760AF6D1171:LeaderElection70: begin an election at term 2 for -1: [302c2fdb-8e38-4af7-b52c-e1f5ec132e75:192.168.36.107:33323, 3d7001d1-da69-4c5a-8bea-f17705eb83d8:192.168.36.107:36639, 82d3c3a3-59ad-43e6-acf7-e05128f1705b:192.168.36.107:42943], old=null
2019-08-20 14:48:33,361 INFO  impl.LeaderElection (LeaderElection.java:askForVotes(181)) - 302c2fdb-8e38-4af7-b52c-e1f5ec132e75:group-3760AF6D1171:LeaderElection71: begin an election at term 2 for -1: [302c2fdb-8e38-4af7-b52c-e1f5ec132e75:192.168.36.107:33323, 3d7001d1-da69-4c5a-8bea-f17705eb83d8:192.168.36.107:36639, 82d3c3a3-59ad-43e6-acf7-e05128f1705b:192.168.36.107:42943], old=null
2019-08-20 14:48:33,368 INFO  impl.LeaderElection (LeaderElection.java:askForVotes(181)) - ac09dfeb-0d61-4b21-ac1d-433018223a17:group-1AE5FA8EDD31:LeaderElection72: begin an election at term 2 for -1: [b3ba6b55-ed58-42e5-84bb-a44356fa1cff:192.168.36.107:36210, ac09dfeb-0d61-4b21-ac1d-433018223a17:192.168.36.107:41506, a2f2cfab-0038-47f6-be68-66347da96d67:192.168.36.107:33613], old=null
2019-08-20 14:48:33,368 INFO  impl.FollowerState (FollowerState.java:run(106)) - 82d3c3a3-59ad-43e6-acf7-e05128f1705b:group-3760AF6D1171 changes to CANDIDATE, lastRpcTime:5108, electionTimeout:5079ms
2019-08-20 14:48:33,368 INFO  impl.RoleInfo (RoleInfo.java:shutdownFollowerState(121)) - 82d3c3a3-59ad-43e6-acf7-e05128f1705b: shutdown FollowerState
2019-08-20 14:48:33,368 INFO  impl.RaftServerImpl (RaftServerImpl.java:setRole(171)) - 82d3c3a3-59ad-43e6-acf7-e05128f1705b:group-3760AF6D1171 changes role from FOLLOWER to CANDIDATE at term 1 for changeToCandidate
2019-08-20 14:48:33,369 INFO  impl.RoleInfo (RoleInfo.java:updateAndGet(143)) - 82d3c3a3-59ad-43e6-acf7-e05128f1705b: start LeaderElection
2019-08-20 14:48:33,373 INFO  impl.RaftServerImpl (RaftServerImpl.java:setRole(171)) - b3ba6b55-ed58-42e5-84bb-a44356fa1cff:group-1AE5FA8EDD31 changes role from FOLLOWER to FOLLOWER at term 2 for recognizeCandidate:ac09dfeb-0d61-4b21-ac1d-433018223a17
2019-08-20 14:48:33,373 INFO  impl.RoleInfo (RoleInfo.java:shutdownFollowerState(121)) - b3ba6b55-ed58-42e5-84bb-a44356fa1cff: shutdown FollowerState
2019-08-20 14:48:33,374 INFO  impl.RoleInfo (RoleInfo.java:updateAndGet(143)) - b3ba6b55-ed58-42e5-84bb-a44356fa1cff: start FollowerState
2019-08-20 14:48:33,374 INFO  impl.FollowerState (FollowerState.java:run(114)) - b3ba6b55-ed58-42e5-84bb-a44356fa1cff: FollowerState was interrupted: java.lang.InterruptedException: sleep interrupted
2019-08-20 14:48:33,401 INFO  impl.LeaderElection (LeaderElection.java:askForVotes(181)) - 82d3c3a3-59ad-43e6-acf7-e05128f1705b:group-3760AF6D1171:LeaderElection74: begin an election at term 2 for -1: [302c2fdb-8e38-4af7-b52c-e1f5ec132e75:192.168.36.107:33323, 3d7001d1-da69-4c5a-8bea-f17705eb83d8:192.168.36.107:36639, 82d3c3a3-59ad-43e6-acf7-e05128f1705b:192.168.36.107:42943], old=null
2019-08-20 14:48:33,401 INFO  impl.LeaderElection (LeaderElection.java:askForVotes(181)) - a2f2cfab-0038-47f6-be68-66347da96d67:group-1AE5FA8EDD31:LeaderElection73: begin an election at term 2 for -1: [b3ba6b55-ed58-42e5-84bb-a44356fa1cff:192.168.36.107:36210, ac09dfeb-0d61-4b21-ac1d-433018223a17:192.168.36.107:41506, a2f2cfab-0038-47f6-be68-66347da96d67:192.168.36.107:33613], old=null
2019-08-20 14:48:33,402 INFO  impl.LeaderElection (LeaderElection.java:logAndReturn(56)) - 302c2fdb-8e38-4af7-b52c-e1f5ec132e75:group-3760AF6D1171:LeaderElection71: Election REJECTED; received 2 response(s) [302c2fdb-8e38-4af7-b52c-e1f5ec132e75<-3d7001d1-da69-4c5a-8bea-f17705eb83d8#0:FAIL-t2, 302c2fdb-8e38-4af7-b52c-e1f5ec132e75<-82d3c3a3-59ad-43e6-acf7-e05128f1705b#0:FAIL-t2] and 0 exception(s); 302c2fdb-8e38-4af7-b52c-e1f5ec132e75:t2, leader=null, voted=302c2fdb-8e38-4af7-b52c-e1f5ec132e75, raftlog=302c2fdb-8e38-4af7-b52c-e1f5ec132e75-SegmentedRaftLog:OPENED:c-1,f-1,i0, conf=-1: [302c2fdb-8e38-4af7-b52c-e1f5ec132e75:192.168.36.107:33323, 3d7001d1-da69-4c5a-8bea-f17705eb83d8:192.168.36.107:36639, 82d3c3a3-59ad-43e6-acf7-e05128f1705b:192.168.36.107:42943], old=null
2019-08-20 14:48:33,402 INFO  impl.RaftServerImpl (RaftServerImpl.java:setRole(171)) - 302c2fdb-8e38-4af7-b52c-e1f5ec132e75:group-3760AF6D1171 changes role from CANDIDATE to FOLLOWER at term 2 for DISCOVERED_A_NEW_TERM
2019-08-20 14:48:33,402 INFO  impl.LeaderElection (LeaderElection.java:logAndReturn(56)) - ac09dfeb-0d61-4b21-ac1d-433018223a17:group-1AE5FA8EDD31:LeaderElection72: Election PASSED; received 2 response(s) [ac09dfeb-0d61-4b21-ac1d-433018223a17<-b3ba6b55-ed58-42e5-84bb-a44356fa1cff#0:OK-t2, ac09dfeb-0d61-4b21-ac1d-433018223a17<-a2f2cfab-0038-47f6-be68-66347da96d67#0:FAIL-t2] and 0 exception(s); ac09dfeb-0d61-4b21-ac1d-433018223a17:t2, leader=null, voted=ac09dfeb-0d61-4b21-ac1d-433018223a17, raftlog=ac09dfeb-0d61-4b21-ac1d-433018223a17-SegmentedRaftLog:OPENED:c-1,f-1,i0, conf=-1: [b3ba6b55-ed58-42e5-84bb-a44356fa1cff:192.168.36.107:36210, ac09dfeb-0d61-4b21-ac1d-433018223a17:192.168.36.107:41506, a2f2cfab-0038-47f6-be68-66347da96d67:192.168.36.107:33613], old=null
2019-08-20 14:48:33,402 INFO  impl.RoleInfo (RoleInfo.java:shutdownLeaderElection(134)) - 302c2fdb-8e38-4af7-b52c-e1f5ec132e75: shutdown LeaderElection
2019-08-20 14:48:33,402 INFO  impl.RoleInfo (RoleInfo.java:shutdownLeaderElection(134)) - ac09dfeb-0d61-4b21-ac1d-433018223a17: shutdown LeaderElection
2019-08-20 14:48:33,402 INFO  impl.LeaderElection (LeaderElection.java:logAndReturn(56)) - 3d7001d1-da69-4c5a-8bea-f17705eb83d8:group-3760AF6D1171:LeaderElection70: Election REJECTED; received 2 response(s) [3d7001d1-da69-4c5a-8bea-f17705eb83d8<-302c2fdb-8e38-4af7-b52c-e1f5ec132e75#0:FAIL-t2, 3d7001d1-da69-4c5a-8bea-f17705eb83d8<-82d3c3a3-59ad-43e6-acf7-e05128f1705b#0:FAIL-t2] and 0 exception(s); 3d7001d1-da69-4c5a-8bea-f17705eb83d8:t2, leader=null, voted=3d7001d1-da69-4c5a-8bea-f17705eb83d8, raftlog=3d7001d1-da69-4c5a-8bea-f17705eb83d8-SegmentedRaftLog:OPENED:c-1,f-1,i0, conf=-1: [302c2fdb-8e38-4af7-b52c-e1f5ec132e75:192.168.36.107:33323, 3d7001d1-da69-4c5a-8bea-f17705eb83d8:192.168.36.107:36639, 82d3c3a3-59ad-43e6-acf7-e05128f1705b:192.168.36.107:42943], old=null
2019-08-20 14:48:33,402 INFO  impl.RoleInfo (RoleInfo.java:updateAndGet(143)) - 302c2fdb-8e38-4af7-b52c-e1f5ec132e75: start FollowerState
2019-08-20 14:48:33,403 INFO  impl.RaftServerImpl (RaftServerImpl.java:setRole(171)) - 3d7001d1-da69-4c5a-8bea-f17705eb83d8:group-3760AF6D1171 changes role from CANDIDATE to FOLLOWER at term 2 for DISCOVERED_A_NEW_TERM
2019-08-20 14:48:33,403 INFO  impl.RaftServerImpl (RaftServerImpl.java:setRole(171)) - ac09dfeb-0d61-4b21-ac1d-433018223a17:group-1AE5FA8EDD31 changes role from CANDIDATE to LEADER at term 2 for changeToLeader
2019-08-20 14:48:33,403 INFO  impl.RoleInfo (RoleInfo.java:shutdownLeaderElection(134)) - 3d7001d1-da69-4c5a-8bea-f17705eb83d8: shutdown LeaderElection
2019-08-20 14:48:33,403 INFO  impl.RaftServerImpl (ServerState.java:setLeader(263)) - ac09dfeb-0d61-4b21-ac1d-433018223a17:group-1AE5FA8EDD31 change Leader from null to ac09dfeb-0d61-4b21-ac1d-433018223a17 at term 2 for becomeLeader, leader elected after 14452ms
2019-08-20 14:48:33,403 INFO  impl.RoleInfo (RoleInfo.java:updateAndGet(143)) - 3d7001d1-da69-4c5a-8bea-f17705eb83d8: start FollowerState
2019-08-20 14:48:33,403 INFO  server.RaftServerConfigKeys (ConfUtils.java:logGet(43)) - raft.server.staging.catchup.gap = 1000 (default)
2019-08-20 14:48:33,404 INFO  server.RaftServerConfigKeys (ConfUtils.java:logGet(43)) - raft.server.rpc.sleep.time = 25ms (default)
2019-08-20 14:48:33,404 INFO  server.RaftServerConfigKeys (ConfUtils.java:logGet(43)) - raft.server.write.element-limit = 4096 (default)
2019-08-20 14:48:33,404 INFO  server.RaftServerConfigKeys (ConfUtils.java:logGet(43)) - raft.server.watch.timeout = 10s (default)
2019-08-20 14:48:33,404 INFO  server.RaftServerConfigKeys (ConfUtils.java:logGet(43)) - raft.server.watch.timeout.denomination = 1s (default)
2019-08-20 14:48:33,404 INFO  server.RaftServerConfigKeys (ConfUtils.java:logGet(43)) - raft.server.watch.element-limit = 65536 (default)
2019-08-20 14:48:33,404 INFO  server.RaftServerConfigKeys (ConfUtils.java:logGet(43)) - raft.server.log.appender.snapshot.chunk.size.max = 16MB (=16777216) (default)
2019-08-20 14:48:33,405 INFO  server.RaftServerConfigKeys (ConfUtils.java:logGet(43)) - raft.server.log.appender.buffer.byte-limit = 33554432 (custom)
2019-08-20 14:48:33,405 INFO  server.RaftServerConfigKeys (ConfUtils.java:logGet(43)) - raft.server.log.appender.buffer.element-limit = 1 (custom)
2019-08-20 14:48:33,405 INFO  grpc.GrpcConfigKeys$Server (ConfUtils.java:logGet(43)) - raft.grpc.server.leader.outstanding.appends.max = 128 (default)
2019-08-20 14:48:33,405 INFO  server.RaftServerConfigKeys (ConfUtils.java:logGet(43)) - raft.server.rpc.request.timeout = 3000ms (default)
2019-08-20 14:48:33,405 INFO  impl.LeaderElection (LeaderElection.java:logAndReturn(56)) - 82d3c3a3-59ad-43e6-acf7-e05128f1705b:group-3760AF6D1171:LeaderElection74: Election REJECTED; received 2 response(s) [82d3c3a3-59ad-43e6-acf7-e05128f1705b<-302c2fdb-8e38-4af7-b52c-e1f5ec132e75#0:FAIL-t2, 82d3c3a3-59ad-43e6-acf7-e05128f1705b<-3d7001d1-da69-4c5a-8bea-f17705eb83d8#0:FAIL-t2] and 0 exception(s); 82d3c3a3-59ad-43e6-acf7-e05128f1705b:t2, leader=null, voted=82d3c3a3-59ad-43e6-acf7-e05128f1705b, raftlog=82d3c3a3-59ad-43e6-acf7-e05128f1705b-SegmentedRaftLog:OPENED:c-1,f-1,i0, conf=-1: [302c2fdb-8e38-4af7-b52c-e1f5ec132e75:192.168.36.107:33323, 3d7001d1-da69-4c5a-8bea-f17705eb83d8:192.168.36.107:36639, 82d3c3a3-59ad-43e6-acf7-e05128f1705b:192.168.36.107:42943], old=null
2019-08-20 14:48:33,405 INFO  server.RaftServerConfigKeys (ConfUtils.java:logGet(43)) - raft.server.log.appender.install.snapshot.enabled = false (custom)
2019-08-20 14:48:33,405 INFO  impl.RaftServerImpl (RaftServerImpl.java:setRole(171)) - 82d3c3a3-59ad-43e6-acf7-e05128f1705b:group-3760AF6D1171 changes role from CANDIDATE to FOLLOWER at term 2 for DISCOVERED_A_NEW_TERM
2019-08-20 14:48:33,406 INFO  server.RaftServerConfigKeys (ConfUtils.java:logGet(43)) - raft.server.log.appender.snapshot.chunk.size.max = 16MB (=16777216) (default)
2019-08-20 14:48:33,406 INFO  impl.RoleInfo (RoleInfo.java:shutdownLeaderElection(134)) - 82d3c3a3-59ad-43e6-acf7-e05128f1705b: shutdown LeaderElection
2019-08-20 14:48:33,406 INFO  server.RaftServerConfigKeys (ConfUtils.java:logGet(43)) - raft.server.log.appender.buffer.byte-limit = 33554432 (custom)
2019-08-20 14:48:33,406 INFO  impl.RoleInfo (RoleInfo.java:updateAndGet(143)) - 82d3c3a3-59ad-43e6-acf7-e05128f1705b: start FollowerState
2019-08-20 14:48:33,406 INFO  server.RaftServerConfigKeys (ConfUtils.java:logGet(43)) - raft.server.log.appender.buffer.element-limit = 1 (custom)
2019-08-20 14:48:33,406 INFO  grpc.GrpcConfigKeys$Server (ConfUtils.java:logGet(43)) - raft.grpc.server.leader.outstanding.appends.max = 128 (default)
2019-08-20 14:48:33,407 INFO  server.RaftServerConfigKeys (ConfUtils.java:logGet(43)) - raft.server.rpc.request.timeout = 3000ms (default)
2019-08-20 14:48:33,407 INFO  server.RaftServerConfigKeys (ConfUtils.java:logGet(43)) - raft.server.log.appender.install.snapshot.enabled = false (custom)
2019-08-20 14:48:33,407 INFO  impl.RoleInfo (RoleInfo.java:updateAndGet(143)) - ac09dfeb-0d61-4b21-ac1d-433018223a17: start LeaderState
2019-08-20 14:48:33,407 INFO  segmented.SegmentedRaftLogWorker (SegmentedRaftLogWorker.java:startLogSegment(380)) - ac09dfeb-0d61-4b21-ac1d-433018223a17-SegmentedRaftLogWorker:Storage Directory /workdir/hadoop-ozone/integration-test/target/test-dir/MiniOzoneClusterImpl-d88ca63d-595b-4155-815f-b7b6636ca230/datanode-5/data/ratis/2de97446-0fca-4d67-a820-1ae5fa8edd31: Starting segment from index:0
2019-08-20 14:48:33,408 INFO  impl.RaftServerImpl (ServerState.java:setRaftConf(361)) - ac09dfeb-0d61-4b21-ac1d-433018223a17:group-1AE5FA8EDD31 set configuration 0: [b3ba6b55-ed58-42e5-84bb-a44356fa1cff:192.168.36.107:36210, ac09dfeb-0d61-4b21-ac1d-433018223a17:192.168.36.107:41506, a2f2cfab-0038-47f6-be68-66347da96d67:192.168.36.107:33613], old=null at 0
2019-08-20 14:48:33,425 INFO  impl.RaftServerImpl (RaftServerImpl.java:requestVote(754)) - ac09dfeb-0d61-4b21-ac1d-433018223a17-LEADER: Withhold vote from candidate a2f2cfab-0038-47f6-be68-66347da96d67 with term 2. State: leader=ac09dfeb-0d61-4b21-ac1d-433018223a17, term=2, lastRpcElapsed=null
2019-08-20 14:48:33,427 INFO  impl.RaftServerImpl (ServerState.java:setLeader(263)) - b3ba6b55-ed58-42e5-84bb-a44356fa1cff:group-1AE5FA8EDD31 change Leader from null to ac09dfeb-0d61-4b21-ac1d-433018223a17 at term 2 for appendEntries, leader elected after 14476ms
2019-08-20 14:48:33,427 INFO  impl.RaftServerImpl (RaftServerImpl.java:setRole(171)) - a2f2cfab-0038-47f6-be68-66347da96d67:group-1AE5FA8EDD31 changes role from CANDIDATE to FOLLOWER at term 2 for appendEntries
2019-08-20 14:48:33,427 INFO  impl.LeaderElection (LeaderElection.java:logAndReturn(56)) - a2f2cfab-0038-47f6-be68-66347da96d67:group-1AE5FA8EDD31:LeaderElection73: Election REJECTED; received 2 response(s) [a2f2cfab-0038-47f6-be68-66347da96d67<-b3ba6b55-ed58-42e5-84bb-a44356fa1cff#0:FAIL-t2, a2f2cfab-0038-47f6-be68-66347da96d67<-ac09dfeb-0d61-4b21-ac1d-433018223a17#0:FAIL-t2] and 0 exception(s); a2f2cfab-0038-47f6-be68-66347da96d67:t2, leader=null, voted=a2f2cfab-0038-47f6-be68-66347da96d67, raftlog=a2f2cfab-0038-47f6-be68-66347da96d67-SegmentedRaftLog:OPENED:c-1,f-1,i0, conf=-1: [b3ba6b55-ed58-42e5-84bb-a44356fa1cff:192.168.36.107:36210, ac09dfeb-0d61-4b21-ac1d-433018223a17:192.168.36.107:41506, a2f2cfab-0038-47f6-be68-66347da96d67:192.168.36.107:33613], old=null
2019-08-20 14:48:33,427 INFO  impl.RoleInfo (RoleInfo.java:shutdownLeaderElection(134)) - a2f2cfab-0038-47f6-be68-66347da96d67: shutdown LeaderElection
2019-08-20 14:48:33,428 INFO  impl.RoleInfo (RoleInfo.java:updateAndGet(143)) - a2f2cfab-0038-47f6-be68-66347da96d67: start FollowerState
2019-08-20 14:48:33,428 INFO  impl.RaftServerImpl (ServerState.java:setLeader(263)) - a2f2cfab-0038-47f6-be68-66347da96d67:group-1AE5FA8EDD31 change Leader from null to ac09dfeb-0d61-4b21-ac1d-433018223a17 at term 2 for appendEntries, leader elected after 14477ms
2019-08-20 14:48:33,429 INFO  impl.RaftServerImpl (ServerState.java:setRaftConf(361)) - b3ba6b55-ed58-42e5-84bb-a44356fa1cff:group-1AE5FA8EDD31 set configuration 0: [b3ba6b55-ed58-42e5-84bb-a44356fa1cff:192.168.36.107:36210, ac09dfeb-0d61-4b21-ac1d-433018223a17:192.168.36.107:41506, a2f2cfab-0038-47f6-be68-66347da96d67:192.168.36.107:33613], old=null at 0
2019-08-20 14:48:33,429 INFO  impl.RaftServerImpl (ServerState.java:setRaftConf(361)) - a2f2cfab-0038-47f6-be68-66347da96d67:group-1AE5FA8EDD31 set configuration 0: [b3ba6b55-ed58-42e5-84bb-a44356fa1cff:192.168.36.107:36210, ac09dfeb-0d61-4b21-ac1d-433018223a17:192.168.36.107:41506, a2f2cfab-0038-47f6-be68-66347da96d67:192.168.36.107:33613], old=null at 0
2019-08-20 14:48:33,430 INFO  segmented.SegmentedRaftLogWorker (SegmentedRaftLogWorker.java:startLogSegment(380)) - b3ba6b55-ed58-42e5-84bb-a44356fa1cff-SegmentedRaftLogWorker:Storage Directory /workdir/hadoop-ozone/integration-test/target/test-dir/MiniOzoneClusterImpl-d88ca63d-595b-4155-815f-b7b6636ca230/datanode-3/data/ratis/2de97446-0fca-4d67-a820-1ae5fa8edd31: Starting segment from index:0
2019-08-20 14:48:33,430 INFO  segmented.SegmentedRaftLogWorker (SegmentedRaftLogWorker.java:startLogSegment(380)) - a2f2cfab-0038-47f6-be68-66347da96d67-SegmentedRaftLogWorker:Storage Directory /workdir/hadoop-ozone/integration-test/target/test-dir/MiniOzoneClusterImpl-d88ca63d-595b-4155-815f-b7b6636ca230/datanode-4/data/ratis/2de97446-0fca-4d67-a820-1ae5fa8edd31: Starting segment from index:0
2019-08-20 14:48:33,451 INFO  segmented.SegmentedRaftLogWorker (SegmentedRaftLogWorker.java:execute(569)) - ac09dfeb-0d61-4b21-ac1d-433018223a17-SegmentedRaftLogWorker:Storage Directory /workdir/hadoop-ozone/integration-test/target/test-dir/MiniOzoneClusterImpl-d88ca63d-595b-4155-815f-b7b6636ca230/datanode-5/data/ratis/2de97446-0fca-4d67-a820-1ae5fa8edd31: created new log segment /workdir/hadoop-ozone/integration-test/target/test-dir/MiniOzoneClusterImpl-d88ca63d-595b-4155-815f-b7b6636ca230/datanode-5/data/ratis/2de97446-0fca-4d67-a820-1ae5fa8edd31/current/log_inprogress_0
2019-08-20 14:48:33,501 INFO  segmented.SegmentedRaftLogWorker (SegmentedRaftLogWorker.java:execute(569)) - a2f2cfab-0038-47f6-be68-66347da96d67-SegmentedRaftLogWorker:Storage Directory /workdir/hadoop-ozone/integration-test/target/test-dir/MiniOzoneClusterImpl-d88ca63d-595b-4155-815f-b7b6636ca230/datanode-4/data/ratis/2de97446-0fca-4d67-a820-1ae5fa8edd31: created new log segment /workdir/hadoop-ozone/integration-test/target/test-dir/MiniOzoneClusterImpl-d88ca63d-595b-4155-815f-b7b6636ca230/datanode-4/data/ratis/2de97446-0fca-4d67-a820-1ae5fa8edd31/current/log_inprogress_0
2019-08-20 14:48:33,501 INFO  segmented.SegmentedRaftLogWorker (SegmentedRaftLogWorker.java:execute(569)) - b3ba6b55-ed58-42e5-84bb-a44356fa1cff-SegmentedRaftLogWorker:Storage Directory /workdir/hadoop-ozone/integration-test/target/test-dir/MiniOzoneClusterImpl-d88ca63d-595b-4155-815f-b7b6636ca230/datanode-3/data/ratis/2de97446-0fca-4d67-a820-1ae5fa8edd31: created new log segment /workdir/hadoop-ozone/integration-test/target/test-dir/MiniOzoneClusterImpl-d88ca63d-595b-4155-815f-b7b6636ca230/datanode-3/data/ratis/2de97446-0fca-4d67-a820-1ae5fa8edd31/current/log_inprogress_0
2019-08-20 14:48:34,383 INFO  client.GrpcClientProtocolClient (GrpcClientProtocolClient.java:onNext(255)) - client-C05DEE4DDC29->3d7001d1-da69-4c5a-8bea-f17705eb83d8: receive RaftClientReply:client-C05DEE4DDC29->3d7001d1-da69-4c5a-8bea-f17705eb83d8@group-3760AF6D1171, cid=66, FAILED org.apache.ratis.protocol.NotLeaderException: Server 3d7001d1-da69-4c5a-8bea-f17705eb83d8 is not the leader (null). Request must be sent to leader., logIndex=0, commits[3d7001d1-da69-4c5a-8bea-f17705eb83d8:c-1]
2019-08-20 14:48:35,396 INFO  client.GrpcClientProtocolClient (GrpcClientProtocolClient.java:onNext(255)) - client-C05DEE4DDC29->82d3c3a3-59ad-43e6-acf7-e05128f1705b: receive RaftClientReply:client-C05DEE4DDC29->82d3c3a3-59ad-43e6-acf7-e05128f1705b@group-3760AF6D1171, cid=66, FAILED org.apache.ratis.protocol.NotLeaderException: Server 82d3c3a3-59ad-43e6-acf7-e05128f1705b is not the leader (null). Request must be sent to leader., logIndex=0, commits[82d3c3a3-59ad-43e6-acf7-e05128f1705b:c-1]
2019-08-20 14:48:36,405 INFO  client.GrpcClientProtocolClient (GrpcClientProtocolClient.java:onNext(255)) - client-C05DEE4DDC29->3d7001d1-da69-4c5a-8bea-f17705eb83d8: receive RaftClientReply:client-C05DEE4DDC29->3d7001d1-da69-4c5a-8bea-f17705eb83d8@group-3760AF6D1171, cid=66, FAILED org.apache.ratis.protocol.NotLeaderException: Server 3d7001d1-da69-4c5a-8bea-f17705eb83d8 is not the leader (null). Request must be sent to leader., logIndex=0, commits[3d7001d1-da69-4c5a-8bea-f17705eb83d8:c-1]
2019-08-20 14:48:37,417 INFO  client.GrpcClientProtocolClient (GrpcClientProtocolClient.java:onNext(255)) - client-C05DEE4DDC29->302c2fdb-8e38-4af7-b52c-e1f5ec132e75: receive RaftClientReply:client-C05DEE4DDC29->302c2fdb-8e38-4af7-b52c-e1f5ec132e75@group-3760AF6D1171, cid=66, FAILED org.apache.ratis.protocol.NotLeaderException: Server 302c2fdb-8e38-4af7-b52c-e1f5ec132e75 is not the leader (null). Request must be sent to leader., logIndex=0, commits[302c2fdb-8e38-4af7-b52c-e1f5ec132e75:c-1]
2019-08-20 14:48:38,427 INFO  client.GrpcClientProtocolClient (GrpcClientProtocolClient.java:onNext(255)) - client-C05DEE4DDC29->82d3c3a3-59ad-43e6-acf7-e05128f1705b: receive RaftClientReply:client-C05DEE4DDC29->82d3c3a3-59ad-43e6-acf7-e05128f1705b@group-3760AF6D1171, cid=66, FAILED org.apache.ratis.protocol.NotLeaderException: Server 82d3c3a3-59ad-43e6-acf7-e05128f1705b is not the leader (null). Request must be sent to leader., logIndex=0, commits[82d3c3a3-59ad-43e6-acf7-e05128f1705b:c-1]
2019-08-20 14:48:38,481 INFO  impl.FollowerState (FollowerState.java:run(106)) - 302c2fdb-8e38-4af7-b52c-e1f5ec132e75:group-3760AF6D1171 changes to CANDIDATE, lastRpcTime:5078, electionTimeout:5078ms
2019-08-20 14:48:38,481 INFO  impl.RoleInfo (RoleInfo.java:shutdownFollowerState(121)) - 302c2fdb-8e38-4af7-b52c-e1f5ec132e75: shutdown FollowerState
2019-08-20 14:48:38,481 INFO  impl.RaftServerImpl (RaftServerImpl.java:setRole(171)) - 302c2fdb-8e38-4af7-b52c-e1f5ec132e75:group-3760AF6D1171 changes role from FOLLOWER to CANDIDATE at term 2 for changeToCandidate
2019-08-20 14:48:38,482 INFO  impl.RoleInfo (RoleInfo.java:updateAndGet(143)) - 302c2fdb-8e38-4af7-b52c-e1f5ec132e75: start LeaderElection
2019-08-20 14:48:38,532 INFO  impl.LeaderElection (LeaderElection.java:askForVotes(181)) - 302c2fdb-8e38-4af7-b52c-e1f5ec132e75:group-3760AF6D1171:LeaderElection75: begin an election at term 3 for -1: [302c2fdb-8e38-4af7-b52c-e1f5ec132e75:192.168.36.107:33323, 3d7001d1-da69-4c5a-8bea-f17705eb83d8:192.168.36.107:36639, 82d3c3a3-59ad-43e6-acf7-e05128f1705b:192.168.36.107:42943], old=null
2019-08-20 14:48:38,534 INFO  impl.RaftServerImpl (RaftServerImpl.java:setRole(171)) - 3d7001d1-da69-4c5a-8bea-f17705eb83d8:group-3760AF6D1171 changes role from FOLLOWER to FOLLOWER at term 3 for recognizeCandidate:302c2fdb-8e38-4af7-b52c-e1f5ec132e75
2019-08-20 14:48:38,534 INFO  impl.RaftServerImpl (RaftServerImpl.java:setRole(171)) - 82d3c3a3-59ad-43e6-acf7-e05128f1705b:group-3760AF6D1171 changes role from FOLLOWER to FOLLOWER at term 3 for recognizeCandidate:302c2fdb-8e38-4af7-b52c-e1f5ec132e75
2019-08-20 14:48:38,535 INFO  impl.RoleInfo (RoleInfo.java:shutdownFollowerState(121)) - 3d7001d1-da69-4c5a-8bea-f17705eb83d8: shutdown FollowerState
2019-08-20 14:48:38,535 INFO  impl.RoleInfo (RoleInfo.java:shutdownFollowerState(121)) - 82d3c3a3-59ad-43e6-acf7-e05128f1705b: shutdown FollowerState
2019-08-20 14:48:38,535 INFO  impl.FollowerState (FollowerState.java:run(114)) - 3d7001d1-da69-4c5a-8bea-f17705eb83d8: FollowerState was interrupted: java.lang.InterruptedException: sleep interrupted
2019-08-20 14:48:38,535 INFO  impl.RoleInfo (RoleInfo.java:updateAndGet(143)) - 3d7001d1-da69-4c5a-8bea-f17705eb83d8: start FollowerState
2019-08-20 14:48:38,535 INFO  impl.FollowerState (FollowerState.java:run(114)) - 82d3c3a3-59ad-43e6-acf7-e05128f1705b: FollowerState was interrupted: java.lang.InterruptedException: sleep interrupted
2019-08-20 14:48:38,535 INFO  impl.RoleInfo (RoleInfo.java:updateAndGet(143)) - 82d3c3a3-59ad-43e6-acf7-e05128f1705b: start FollowerState
2019-08-20 14:48:38,560 INFO  impl.LeaderElection (LeaderElection.java:logAndReturn(56)) - 302c2fdb-8e38-4af7-b52c-e1f5ec132e75:group-3760AF6D1171:LeaderElection75: Election PASSED; received 1 response(s) [302c2fdb-8e38-4af7-b52c-e1f5ec132e75<-3d7001d1-da69-4c5a-8bea-f17705eb83d8#0:OK-t3] and 0 exception(s); 302c2fdb-8e38-4af7-b52c-e1f5ec132e75:t3, leader=null, voted=302c2fdb-8e38-4af7-b52c-e1f5ec132e75, raftlog=302c2fdb-8e38-4af7-b52c-e1f5ec132e75-SegmentedRaftLog:OPENED:c-1,f-1,i0, conf=-1: [302c2fdb-8e38-4af7-b52c-e1f5ec132e75:192.168.36.107:33323, 3d7001d1-da69-4c5a-8bea-f17705eb83d8:192.168.36.107:36639, 82d3c3a3-59ad-43e6-acf7-e05128f1705b:192.168.36.107:42943], old=null
2019-08-20 14:48:38,560 INFO  impl.RoleInfo (RoleInfo.java:shutdownLeaderElection(134)) - 302c2fdb-8e38-4af7-b52c-e1f5ec132e75: shutdown LeaderElection
2019-08-20 14:48:38,560 INFO  impl.RaftServerImpl (RaftServerImpl.java:setRole(171)) - 302c2fdb-8e38-4af7-b52c-e1f5ec132e75:group-3760AF6D1171 changes role from CANDIDATE to LEADER at term 3 for changeToLeader
2019-08-20 14:48:38,560 INFO  impl.RaftServerImpl (ServerState.java:setLeader(263)) - 302c2fdb-8e38-4af7-b52c-e1f5ec132e75:group-3760AF6D1171 change Leader from null to 302c2fdb-8e38-4af7-b52c-e1f5ec132e75 at term 3 for becomeLeader, leader elected after 20097ms
2019-08-20 14:48:38,560 INFO  server.RaftServerConfigKeys (ConfUtils.java:logGet(43)) - raft.server.staging.catchup.gap = 1000 (default)
2019-08-20 14:48:38,560 INFO  server.RaftServerConfigKeys (ConfUtils.java:logGet(43)) - raft.server.rpc.sleep.time = 25ms (default)
2019-08-20 14:48:38,560 INFO  server.RaftServerConfigKeys (ConfUtils.java:logGet(43)) - raft.server.write.element-limit = 4096 (default)
2019-08-20 14:48:38,561 INFO  server.RaftServerConfigKeys (ConfUtils.java:logGet(43)) - raft.server.watch.timeout = 10s (default)
2019-08-20 14:48:38,561 INFO  server.RaftServerConfigKeys (ConfUtils.java:logGet(43)) - raft.server.watch.timeout.denomination = 1s (default)
2019-08-20 14:48:38,561 INFO  server.RaftServerConfigKeys (ConfUtils.java:logGet(43)) - raft.server.watch.element-limit = 65536 (default)
2019-08-20 14:48:38,561 INFO  server.RaftServerConfigKeys (ConfUtils.java:logGet(43)) - raft.server.log.appender.snapshot.chunk.size.max = 16MB (=16777216) (default)
2019-08-20 14:48:38,561 INFO  server.RaftServerConfigKeys (ConfUtils.java:logGet(43)) - raft.server.log.appender.buffer.byte-limit = 33554432 (custom)
2019-08-20 14:48:38,561 INFO  server.RaftServerConfigKeys (ConfUtils.java:logGet(43)) - raft.server.log.appender.buffer.element-limit = 1 (custom)
2019-08-20 14:48:38,561 INFO  grpc.GrpcConfigKeys$Server (ConfUtils.java:logGet(43)) - raft.grpc.server.leader.outstanding.appends.max = 128 (default)
2019-08-20 14:48:38,561 INFO  server.RaftServerConfigKeys (ConfUtils.java:logGet(43)) - raft.server.rpc.request.timeout = 3000ms (default)
2019-08-20 14:48:38,562 INFO  server.RaftServerConfigKeys (ConfUtils.java:logGet(43)) - raft.server.log.appender.install.snapshot.enabled = false (custom)
2019-08-20 14:48:38,562 INFO  server.RaftServerConfigKeys (ConfUtils.java:logGet(43)) - raft.server.log.appender.snapshot.chunk.size.max = 16MB (=16777216) (default)
2019-08-20 14:48:38,562 INFO  server.RaftServerConfigKeys (ConfUtils.java:logGet(43)) - raft.server.log.appender.buffer.byte-limit = 33554432 (custom)
2019-08-20 14:48:38,562 INFO  server.RaftServerConfigKeys (ConfUtils.java:logGet(43)) - raft.server.log.appender.buffer.element-limit = 1 (custom)
2019-08-20 14:48:38,562 INFO  grpc.GrpcConfigKeys$Server (ConfUtils.java:logGet(43)) - raft.grpc.server.leader.outstanding.appends.max = 128 (default)
2019-08-20 14:48:38,562 INFO  server.RaftServerConfigKeys (ConfUtils.java:logGet(43)) - raft.server.rpc.request.timeout = 3000ms (default)
2019-08-20 14:48:38,562 INFO  server.RaftServerConfigKeys (ConfUtils.java:logGet(43)) - raft.server.log.appender.install.snapshot.enabled = false (custom)
2019-08-20 14:48:38,562 INFO  impl.RoleInfo (RoleInfo.java:updateAndGet(143)) - 302c2fdb-8e38-4af7-b52c-e1f5ec132e75: start LeaderState
2019-08-20 14:48:38,563 INFO  segmented.SegmentedRaftLogWorker (SegmentedRaftLogWorker.java:startLogSegment(380)) - 302c2fdb-8e38-4af7-b52c-e1f5ec132e75-SegmentedRaftLogWorker:Storage Directory /workdir/hadoop-ozone/integration-test/target/test-dir/MiniOzoneClusterImpl-d88ca63d-595b-4155-815f-b7b6636ca230/datanode-0/data/ratis/20fada77-b454-4690-9377-3760af6d1171: Starting segment from index:0
2019-08-20 14:48:38,563 INFO  impl.RaftServerImpl (ServerState.java:setRaftConf(361)) - 302c2fdb-8e38-4af7-b52c-e1f5ec132e75:group-3760AF6D1171 set configuration 0: [302c2fdb-8e38-4af7-b52c-e1f5ec132e75:192.168.36.107:33323, 3d7001d1-da69-4c5a-8bea-f17705eb83d8:192.168.36.107:36639, 82d3c3a3-59ad-43e6-acf7-e05128f1705b:192.168.36.107:42943], old=null at 0
2019-08-20 14:48:38,564 INFO  impl.RaftServerImpl (ServerState.java:setLeader(263)) - 82d3c3a3-59ad-43e6-acf7-e05128f1705b:group-3760AF6D1171 change Leader from null to 302c2fdb-8e38-4af7-b52c-e1f5ec132e75 at term 3 for appendEntries, leader elected after 20102ms
2019-08-20 14:48:38,564 INFO  impl.RaftServerImpl (ServerState.java:setLeader(263)) - 3d7001d1-da69-4c5a-8bea-f17705eb83d8:group-3760AF6D1171 change Leader from null to 302c2fdb-8e38-4af7-b52c-e1f5ec132e75 at term 3 for appendEntries, leader elected after 20102ms
2019-08-20 14:48:38,566 INFO  impl.RaftServerImpl (ServerState.java:setRaftConf(361)) - 3d7001d1-da69-4c5a-8bea-f17705eb83d8:group-3760AF6D1171 set configuration 0: [302c2fdb-8e38-4af7-b52c-e1f5ec132e75:192.168.36.107:33323, 3d7001d1-da69-4c5a-8bea-f17705eb83d8:192.168.36.107:36639, 82d3c3a3-59ad-43e6-acf7-e05128f1705b:192.168.36.107:42943], old=null at 0
2019-08-20 14:48:38,566 INFO  impl.RaftServerImpl (ServerState.java:setRaftConf(361)) - 82d3c3a3-59ad-43e6-acf7-e05128f1705b:group-3760AF6D1171 set configuration 0: [302c2fdb-8e38-4af7-b52c-e1f5ec132e75:192.168.36.107:33323, 3d7001d1-da69-4c5a-8bea-f17705eb83d8:192.168.36.107:36639, 82d3c3a3-59ad-43e6-acf7-e05128f1705b:192.168.36.107:42943], old=null at 0
2019-08-20 14:48:38,566 INFO  segmented.SegmentedRaftLogWorker (SegmentedRaftLogWorker.java:startLogSegment(380)) - 3d7001d1-da69-4c5a-8bea-f17705eb83d8-SegmentedRaftLogWorker:Storage Directory /workdir/hadoop-ozone/integration-test/target/test-dir/MiniOzoneClusterImpl-d88ca63d-595b-4155-815f-b7b6636ca230/datanode-2/data/ratis/20fada77-b454-4690-9377-3760af6d1171: Starting segment from index:0
2019-08-20 14:48:38,566 INFO  segmented.SegmentedRaftLogWorker (SegmentedRaftLogWorker.java:startLogSegment(380)) - 82d3c3a3-59ad-43e6-acf7-e05128f1705b-SegmentedRaftLogWorker:Storage Directory /workdir/hadoop-ozone/integration-test/target/test-dir/MiniOzoneClusterImpl-d88ca63d-595b-4155-815f-b7b6636ca230/datanode-1/data/ratis/20fada77-b454-4690-9377-3760af6d1171: Starting segment from index:0
2019-08-20 14:48:38,610 INFO  segmented.SegmentedRaftLogWorker (SegmentedRaftLogWorker.java:execute(569)) - 3d7001d1-da69-4c5a-8bea-f17705eb83d8-SegmentedRaftLogWorker:Storage Directory /workdir/hadoop-ozone/integration-test/target/test-dir/MiniOzoneClusterImpl-d88ca63d-595b-4155-815f-b7b6636ca230/datanode-2/data/ratis/20fada77-b454-4690-9377-3760af6d1171: created new log segment /workdir/hadoop-ozone/integration-test/target/test-dir/MiniOzoneClusterImpl-d88ca63d-595b-4155-815f-b7b6636ca230/datanode-2/data/ratis/20fada77-b454-4690-9377-3760af6d1171/current/log_inprogress_0
2019-08-20 14:48:38,610 INFO  segmented.SegmentedRaftLogWorker (SegmentedRaftLogWorker.java:execute(569)) - 302c2fdb-8e38-4af7-b52c-e1f5ec132e75-SegmentedRaftLogWorker:Storage Directory /workdir/hadoop-ozone/integration-test/target/test-dir/MiniOzoneClusterImpl-d88ca63d-595b-4155-815f-b7b6636ca230/datanode-0/data/ratis/20fada77-b454-4690-9377-3760af6d1171: created new log segment /workdir/hadoop-ozone/integration-test/target/test-dir/MiniOzoneClusterImpl-d88ca63d-595b-4155-815f-b7b6636ca230/datanode-0/data/ratis/20fada77-b454-4690-9377-3760af6d1171/current/log_inprogress_0
2019-08-20 14:48:38,610 INFO  segmented.SegmentedRaftLogWorker (SegmentedRaftLogWorker.java:execute(569)) - 82d3c3a3-59ad-43e6-acf7-e05128f1705b-SegmentedRaftLogWorker:Storage Directory /workdir/hadoop-ozone/integration-test/target/test-dir/MiniOzoneClusterImpl-d88ca63d-595b-4155-815f-b7b6636ca230/datanode-1/data/ratis/20fada77-b454-4690-9377-3760af6d1171: created new log segment /workdir/hadoop-ozone/integration-test/target/test-dir/MiniOzoneClusterImpl-d88ca63d-595b-4155-815f-b7b6636ca230/datanode-1/data/ratis/20fada77-b454-4690-9377-3760af6d1171/current/log_inprogress_0
2019-08-20 14:48:39,437 INFO  client.GrpcClientProtocolClient (GrpcClientProtocolClient.java:onNext(255)) - client-C05DEE4DDC29->3d7001d1-da69-4c5a-8bea-f17705eb83d8: receive RaftClientReply:client-C05DEE4DDC29->3d7001d1-da69-4c5a-8bea-f17705eb83d8@group-3760AF6D1171, cid=66, FAILED org.apache.ratis.protocol.NotLeaderException: Server 3d7001d1-da69-4c5a-8bea-f17705eb83d8 is not the leader (302c2fdb-8e38-4af7-b52c-e1f5ec132e75:192.168.36.107:33323). Request must be sent to leader., logIndex=0, commits[3d7001d1-da69-4c5a-8bea-f17705eb83d8:c-1, 302c2fdb-8e38-4af7-b52c-e1f5ec132e75:c-1, 82d3c3a3-59ad-43e6-acf7-e05128f1705b:c-1]
]]></system-out>
    <system-err><![CDATA[Aug 20, 2019 2:48:13 PM com.sun.jersey.server.impl.application.WebApplicationImpl _initiate
INFO: Initiating Jersey application, version 'Jersey: 1.19 02/11/2015 03:25 AM'
Aug 20, 2019 2:48:13 PM com.sun.jersey.server.impl.application.WebApplicationImpl _initiate
INFO: Initiating Jersey application, version 'Jersey: 1.19 02/11/2015 03:25 AM'
Aug 20, 2019 2:48:14 PM com.sun.jersey.server.impl.application.WebApplicationImpl _initiate
INFO: Initiating Jersey application, version 'Jersey: 1.19 02/11/2015 03:25 AM'
Aug 20, 2019 2:48:14 PM com.sun.jersey.server.impl.application.WebApplicationImpl _initiate
INFO: Initiating Jersey application, version 'Jersey: 1.19 02/11/2015 03:25 AM'
Aug 20, 2019 2:48:14 PM com.sun.jersey.server.impl.application.WebApplicationImpl _initiate
INFO: Initiating Jersey application, version 'Jersey: 1.19 02/11/2015 03:25 AM'
Aug 20, 2019 2:48:14 PM com.sun.jersey.server.impl.application.WebApplicationImpl _initiate
INFO: Initiating Jersey application, version 'Jersey: 1.19 02/11/2015 03:25 AM'
Aug 20, 2019 2:48:14 PM com.sun.jersey.server.impl.application.WebApplicationImpl _initiate
INFO: Initiating Jersey application, version 'Jersey: 1.19 02/11/2015 03:25 AM'
Aug 20, 2019 2:48:17 PM org.apache.ratis.thirdparty.io.grpc.internal.ManagedChannelOrphanWrapper$ManagedChannelReference cleanQueue
SEVERE: *~*~*~ Channel ManagedChannelImpl{logId=693, target=192.168.36.107:33422} was not shutdown properly!!! ~*~*~*
    Make sure to call shutdown()/shutdownNow() and wait until awaitTermination() returns true.
java.lang.RuntimeException: ManagedChannel allocation site
	at org.apache.ratis.thirdparty.io.grpc.internal.ManagedChannelOrphanWrapper$ManagedChannelReference.<init>(ManagedChannelOrphanWrapper.java:103)
	at org.apache.ratis.thirdparty.io.grpc.internal.ManagedChannelOrphanWrapper.<init>(ManagedChannelOrphanWrapper.java:53)
	at org.apache.ratis.thirdparty.io.grpc.internal.ManagedChannelOrphanWrapper.<init>(ManagedChannelOrphanWrapper.java:44)
	at org.apache.ratis.thirdparty.io.grpc.internal.AbstractManagedChannelImplBuilder.build(AbstractManagedChannelImplBuilder.java:411)
	at org.apache.ratis.grpc.client.GrpcClientProtocolClient.<init>(GrpcClientProtocolClient.java:119)
	at org.apache.ratis.grpc.client.GrpcClientRpc.lambda$new$0(GrpcClientRpc.java:55)
	at org.apache.ratis.util.PeerProxyMap$PeerAndProxy.lambda$getProxy$0(PeerProxyMap.java:61)
	at org.apache.ratis.util.LifeCycle.startAndTransition(LifeCycle.java:202)
	at org.apache.ratis.util.PeerProxyMap$PeerAndProxy.getProxy(PeerProxyMap.java:60)
	at org.apache.ratis.util.PeerProxyMap.getProxy(PeerProxyMap.java:107)
	at org.apache.ratis.grpc.client.GrpcClientRpc.sendRequestAsyncUnordered(GrpcClientRpc.java:78)
	at org.apache.ratis.client.impl.UnorderedAsync.sendRequestWithRetry(UnorderedAsync.java:75)
	at org.apache.ratis.client.impl.UnorderedAsync.lambda$null$2(UnorderedAsync.java:120)
	at org.apache.ratis.util.TimeoutScheduler.lambda$onTimeout$0(TimeoutScheduler.java:85)
	at org.apache.ratis.util.TimeoutScheduler.lambda$onTimeout$1(TimeoutScheduler.java:104)
	at org.apache.ratis.util.LogUtils.runAndLog(LogUtils.java:50)
	at org.apache.ratis.util.LogUtils$1.run(LogUtils.java:91)
	at java.util.concurrent.Executors$RunnableAdapter.call(Executors.java:511)
	at java.util.concurrent.FutureTask.run(FutureTask.java:266)
	at java.util.concurrent.ScheduledThreadPoolExecutor$ScheduledFutureTask.access$201(ScheduledThreadPoolExecutor.java:180)
	at java.util.concurrent.ScheduledThreadPoolExecutor$ScheduledFutureTask.run(ScheduledThreadPoolExecutor.java:293)
	at java.util.concurrent.ThreadPoolExecutor.runWorker(ThreadPoolExecutor.java:1149)
	at java.util.concurrent.ThreadPoolExecutor$Worker.run(ThreadPoolExecutor.java:624)
	at java.lang.Thread.run(Thread.java:748)

]]></system-err>
  </testcase>
  <testcase name="testWatchForCommitForGroupMismatchException" classname="org.apache.hadoop.ozone.client.rpc.TestWatchForCommit" time="39.643"/>
  <testcase name="test2WayCommitForTimeoutException" classname="org.apache.hadoop.ozone.client.rpc.TestWatchForCommit" time="28.385">
    <error message="org.apache.ratis.protocol.RaftRetryFailureException: Failed RaftClientRequest:client-75AE75CE91DE-&gt;b1b65029-3686-41d4-82ad-eecc9f790e57@group-AF9AC6819EEF, cid=101, seq=1*, RW, org.apache.hadoop.hdds.scm.XceiverClientRatis$$Lambda$351/46727015@118b19df for 20 attempts with RetryLimited(maxAttempts=20, sleepTime=1000ms)" type="java.util.concurrent.ExecutionException">java.util.concurrent.ExecutionException: org.apache.ratis.protocol.RaftRetryFailureException: Failed RaftClientRequest:client-75AE75CE91DE->b1b65029-3686-41d4-82ad-eecc9f790e57@group-AF9AC6819EEF, cid=101, seq=1*, RW, org.apache.hadoop.hdds.scm.XceiverClientRatis$$Lambda$351/46727015@118b19df for 20 attempts with RetryLimited(maxAttempts=20, sleepTime=1000ms)
	at java.util.concurrent.CompletableFuture.reportGet(CompletableFuture.java:357)
	at java.util.concurrent.CompletableFuture.get(CompletableFuture.java:1895)
	at org.apache.hadoop.ozone.client.rpc.TestWatchForCommit.test2WayCommitForTimeoutException(TestWatchForCommit.java:384)
	at sun.reflect.NativeMethodAccessorImpl.invoke0(Native Method)
	at sun.reflect.NativeMethodAccessorImpl.invoke(NativeMethodAccessorImpl.java:62)
	at sun.reflect.DelegatingMethodAccessorImpl.invoke(DelegatingMethodAccessorImpl.java:43)
	at java.lang.reflect.Method.invoke(Method.java:498)
	at org.junit.runners.model.FrameworkMethod$1.runReflectiveCall(FrameworkMethod.java:47)
	at org.junit.internal.runners.model.ReflectiveCallable.run(ReflectiveCallable.java:12)
	at org.junit.runners.model.FrameworkMethod.invokeExplosively(FrameworkMethod.java:44)
	at org.junit.internal.runners.statements.InvokeMethod.evaluate(InvokeMethod.java:17)
	at org.junit.runners.ParentRunner.runLeaf(ParentRunner.java:271)
	at org.junit.runners.BlockJUnit4ClassRunner.runChild(BlockJUnit4ClassRunner.java:70)
	at org.junit.runners.BlockJUnit4ClassRunner.runChild(BlockJUnit4ClassRunner.java:50)
	at org.junit.runners.ParentRunner$3.run(ParentRunner.java:238)
	at org.junit.runners.ParentRunner$1.schedule(ParentRunner.java:63)
	at org.junit.runners.ParentRunner.runChildren(ParentRunner.java:236)
	at org.junit.runners.ParentRunner.access$000(ParentRunner.java:53)
	at org.junit.runners.ParentRunner$2.evaluate(ParentRunner.java:229)
	at org.junit.runners.ParentRunner.run(ParentRunner.java:309)
	at org.apache.maven.surefire.junit4.JUnit4Provider.execute(JUnit4Provider.java:365)
	at org.apache.maven.surefire.junit4.JUnit4Provider.executeWithRerun(JUnit4Provider.java:273)
	at org.apache.maven.surefire.junit4.JUnit4Provider.executeTestSet(JUnit4Provider.java:238)
	at org.apache.maven.surefire.junit4.JUnit4Provider.invoke(JUnit4Provider.java:159)
	at org.apache.maven.surefire.booter.ForkedBooter.invokeProviderInSameClassLoader(ForkedBooter.java:384)
	at org.apache.maven.surefire.booter.ForkedBooter.runSuitesInProcess(ForkedBooter.java:345)
	at org.apache.maven.surefire.booter.ForkedBooter.execute(ForkedBooter.java:126)
	at org.apache.maven.surefire.booter.ForkedBooter.main(ForkedBooter.java:418)
Caused by: org.apache.ratis.protocol.RaftRetryFailureException: Failed RaftClientRequest:client-75AE75CE91DE->b1b65029-3686-41d4-82ad-eecc9f790e57@group-AF9AC6819EEF, cid=101, seq=1*, RW, org.apache.hadoop.hdds.scm.XceiverClientRatis$$Lambda$351/46727015@118b19df for 20 attempts with RetryLimited(maxAttempts=20, sleepTime=1000ms)
	at org.apache.ratis.client.impl.RaftClientImpl.noMoreRetries(RaftClientImpl.java:272)
	at org.apache.ratis.client.impl.OrderedAsync.handleAsyncRetryFailure(OrderedAsync.java:138)
	at org.apache.ratis.client.impl.OrderedAsync.lambda$sendRequest$10(OrderedAsync.java:230)
	at java.util.concurrent.CompletableFuture.uniExceptionally(CompletableFuture.java:870)
	at java.util.concurrent.CompletableFuture$UniExceptionally.tryFire(CompletableFuture.java:852)
	at java.util.concurrent.CompletableFuture.postComplete(CompletableFuture.java:474)
	at java.util.concurrent.CompletableFuture.completeExceptionally(CompletableFuture.java:1977)
	at org.apache.ratis.grpc.client.GrpcClientProtocolClient$AsyncStreamObservers.completeReplyExceptionally(GrpcClientProtocolClient.java:330)
	at org.apache.ratis.grpc.client.GrpcClientProtocolClient$AsyncStreamObservers.access$000(GrpcClientProtocolClient.java:246)
	at org.apache.ratis.grpc.client.GrpcClientProtocolClient$AsyncStreamObservers$1.onNext(GrpcClientProtocolClient.java:258)
	at org.apache.ratis.grpc.client.GrpcClientProtocolClient$AsyncStreamObservers$1.onNext(GrpcClientProtocolClient.java:249)
	at org.apache.ratis.thirdparty.io.grpc.stub.ClientCalls$StreamObserverToCallListenerAdapter.onMessage(ClientCalls.java:421)
	at org.apache.ratis.thirdparty.io.grpc.ForwardingClientCallListener.onMessage(ForwardingClientCallListener.java:33)
	at org.apache.ratis.thirdparty.io.grpc.ForwardingClientCallListener.onMessage(ForwardingClientCallListener.java:33)
	at org.apache.ratis.thirdparty.io.grpc.internal.ClientCallImpl$ClientStreamListenerImpl$1MessagesAvailable.runInContext(ClientCallImpl.java:519)
	at org.apache.ratis.thirdparty.io.grpc.internal.ContextRunnable.run(ContextRunnable.java:37)
	at org.apache.ratis.thirdparty.io.grpc.internal.SerializingExecutor.run(SerializingExecutor.java:123)
	at java.util.concurrent.ThreadPoolExecutor.runWorker(ThreadPoolExecutor.java:1149)
	at java.util.concurrent.ThreadPoolExecutor$Worker.run(ThreadPoolExecutor.java:624)
	at java.lang.Thread.run(Thread.java:748)
Caused by: org.apache.ratis.protocol.NotLeaderException: Server b1b65029-3686-41d4-82ad-eecc9f790e57 is not the leader (30be3dbe-c893-4b50-93b5-0dd56fab25fe:192.168.36.107:33817). Request must be sent to leader.
	at org.apache.ratis.client.impl.ClientProtoUtils.toRaftClientReply(ClientProtoUtils.java:242)
	at org.apache.ratis.grpc.client.GrpcClientProtocolClient$AsyncStreamObservers$1.onNext(GrpcClientProtocolClient.java:254)
	... 10 more
</error>
    <system-out><![CDATA[2019-08-20 14:49:19,124 WARN  server.ServerUtils (ServerUtils.java:getScmDbDir(145)) - ozone.scm.db.dirs is not configured. We recommend adding this setting. Falling back to ozone.metadata.dirs instead.
2019-08-20 14:49:19,163 WARN  server.ServerUtils (ServerUtils.java:getScmDbDir(145)) - ozone.scm.db.dirs is not configured. We recommend adding this setting. Falling back to ozone.metadata.dirs instead.
2019-08-20 14:49:19,163 WARN  server.ServerUtils (ServerUtils.java:getScmDbDir(145)) - ozone.scm.db.dirs is not configured. We recommend adding this setting. Falling back to ozone.metadata.dirs instead.
2019-08-20 14:49:19,164 INFO  db.DBStoreBuilder (DBStoreBuilder.java:addTable(110)) - using custom profile for table: deletedBlocks
2019-08-20 14:49:19,164 INFO  db.DBStoreBuilder (DBStoreBuilder.java:processTables(161)) - Using default column profile:DBProfile.DISK for Table:deletedBlocks
2019-08-20 14:49:19,165 INFO  db.DBStoreBuilder (DBStoreBuilder.java:addTable(110)) - using custom profile for table: validCerts
2019-08-20 14:49:19,165 INFO  db.DBStoreBuilder (DBStoreBuilder.java:processTables(161)) - Using default column profile:DBProfile.DISK for Table:validCerts
2019-08-20 14:49:19,165 INFO  db.DBStoreBuilder (DBStoreBuilder.java:addTable(110)) - using custom profile for table: revokedCerts
2019-08-20 14:49:19,166 INFO  db.DBStoreBuilder (DBStoreBuilder.java:processTables(161)) - Using default column profile:DBProfile.DISK for Table:revokedCerts
2019-08-20 14:49:19,166 INFO  db.DBStoreBuilder (DBStoreBuilder.java:addTable(110)) - using custom profile for table: default
2019-08-20 14:49:19,166 INFO  db.DBStoreBuilder (DBStoreBuilder.java:processTables(167)) - Using default column profile:DBProfile.DISK for Table:default
2019-08-20 14:49:19,166 INFO  db.DBStoreBuilder (DBStoreBuilder.java:getDbProfile(198)) - Using default options. DBProfile.DISK
2019-08-20 14:49:19,515 INFO  net.NodeSchemaLoader (NodeSchemaLoader.java:loadSchemaFromFile(125)) - Loading file from sun.misc.CompoundEnumeration@6d3194ff
2019-08-20 14:49:19,515 INFO  net.NodeSchemaLoader (NodeSchemaLoader.java:loadSchema(171)) - Loading network topology layer schema file
2019-08-20 14:49:19,519 WARN  server.ServerUtils (ServerUtils.java:sanitizeUserArgs(70)) - ozone.scm.stale.node.interval value = 300000 is larger than max = 100000 based on the key value of ozone.scm.heartbeat.thread.interval, reset to the max value 100000.
2019-08-20 14:49:19,519 WARN  server.ServerUtils (ServerUtils.java:sanitizeUserArgs(70)) - ozone.scm.stale.node.interval value = 300000 is larger than max = 100000 based on the key value of ozone.scm.heartbeat.thread.interval, reset to the max value 100000.
2019-08-20 14:49:19,519 INFO  node.SCMNodeManager (SCMNodeManager.java:<init>(121)) - Entering startup safe mode.
2019-08-20 14:49:19,520 INFO  algorithms.ContainerPlacementPolicyFactory (ContainerPlacementPolicyFactory.java:getPolicy(55)) - Create container placement policy of type org.apache.hadoop.hdds.scm.container.placement.algorithms.SCMContainerPlacementRandom
2019-08-20 14:49:19,520 WARN  server.ServerUtils (ServerUtils.java:getScmDbDir(145)) - ozone.scm.db.dirs is not configured. We recommend adding this setting. Falling back to ozone.metadata.dirs instead.
2019-08-20 14:49:19,649 INFO  pipeline.SCMPipelineManager (SCMPipelineManager.java:initializePipelineState(126)) - No pipeline exists in current db
2019-08-20 14:49:19,649 WARN  server.ServerUtils (ServerUtils.java:getScmDbDir(145)) - ozone.scm.db.dirs is not configured. We recommend adding this setting. Falling back to ozone.metadata.dirs instead.
2019-08-20 14:49:19,786 WARN  events.EventQueue (EventQueue.java:fireEvent(175)) - No event handler registered for event TypedEvent{payloadType=SafeModeStatus, name='SafeModeStatus'}
2019-08-20 14:49:19,787 INFO  ipc.CallQueueManager (CallQueueManager.java:<init>(84)) - Using callQueue: class java.util.concurrent.LinkedBlockingQueue, queueCapacity: 2000, scheduler: class org.apache.hadoop.ipc.DefaultRpcScheduler, ipcBackoff: false.
2019-08-20 14:49:19,788 INFO  ipc.Server (Server.java:run(1074)) - Starting Socket Reader #1 for port 34959
2019-08-20 14:49:19,791 INFO  ipc.CallQueueManager (CallQueueManager.java:<init>(84)) - Using callQueue: class java.util.concurrent.LinkedBlockingQueue, queueCapacity: 2000, scheduler: class org.apache.hadoop.ipc.DefaultRpcScheduler, ipcBackoff: false.
2019-08-20 14:49:19,792 INFO  ipc.Server (Server.java:run(1074)) - Starting Socket Reader #1 for port 38484
2019-08-20 14:49:19,795 INFO  ipc.CallQueueManager (CallQueueManager.java:<init>(84)) - Using callQueue: class java.util.concurrent.LinkedBlockingQueue, queueCapacity: 2000, scheduler: class org.apache.hadoop.ipc.DefaultRpcScheduler, ipcBackoff: false.
2019-08-20 14:49:19,795 INFO  ipc.Server (Server.java:run(1074)) - Starting Socket Reader #1 for port 39649
2019-08-20 14:49:19,798 INFO  hdfs.DFSUtil (DFSUtil.java:httpServerTemplateForNNAndJN(1641)) - Starting Web-server for scm at: http://0.0.0.0:0
2019-08-20 14:49:19,800 INFO  server.AuthenticationFilter (AuthenticationFilter.java:constructSecretProvider(240)) - Unable to initialize FileSignerSecretProvider, falling back to use random secrets.
2019-08-20 14:49:19,800 WARN  http.HttpRequestLog (HttpRequestLog.java:getRequestLog(97)) - Jetty request log can only be enabled using Log4j
2019-08-20 14:49:19,801 INFO  http.HttpServer2 (HttpServer2.java:addGlobalFilter(975)) - Added global filter 'safety' (class=org.apache.hadoop.http.HttpServer2$QuotingInputFilter)
2019-08-20 14:49:19,802 INFO  http.HttpServer2 (HttpServer2.java:addFilter(948)) - Added filter static_user_filter (class=org.apache.hadoop.http.lib.StaticUserWebFilter$StaticUserFilter) to context scm
2019-08-20 14:49:19,802 INFO  http.HttpServer2 (HttpServer2.java:addFilter(958)) - Added filter static_user_filter (class=org.apache.hadoop.http.lib.StaticUserWebFilter$StaticUserFilter) to context logs
2019-08-20 14:49:19,802 INFO  http.HttpServer2 (HttpServer2.java:addFilter(958)) - Added filter static_user_filter (class=org.apache.hadoop.http.lib.StaticUserWebFilter$StaticUserFilter) to context static
2019-08-20 14:49:19,803 INFO  server.StorageContainerManager (StorageContainerManager.java:start(759)) - StorageContainerLocationProtocol RPC server is listening at /0.0.0.0:39649
2019-08-20 14:49:19,805 WARN  impl.MetricsConfig (MetricsConfig.java:loadFirst(134)) - Cannot locate configuration: tried hadoop-metrics2-storagecontainermanager.properties,hadoop-metrics2.properties
2019-08-20 14:49:19,806 INFO  impl.MetricsSystemImpl (MetricsSystemImpl.java:startTimer(374)) - Scheduled Metric snapshot period at 10 second(s).
2019-08-20 14:49:19,806 INFO  impl.MetricsSystemImpl (MetricsSystemImpl.java:start(191)) - StorageContainerManager metrics system started
2019-08-20 14:49:20,431 INFO  server.SCMClientProtocolServer (SCMClientProtocolServer.java:start(151)) - RPC server for Client  is listening at /0.0.0.0:39649
2019-08-20 14:49:20,432 INFO  ipc.Server (Server.java:run(1314)) - IPC Server Responder: starting
2019-08-20 14:49:20,432 INFO  ipc.Server (Server.java:run(1153)) - IPC Server listener on 39649: starting
2019-08-20 14:49:20,448 INFO  server.StorageContainerManager (StorageContainerManager.java:start(769)) - ScmBlockLocationProtocol RPC server is listening at /0.0.0.0:38484
2019-08-20 14:49:20,448 INFO  server.SCMBlockProtocolServer (SCMBlockProtocolServer.java:start(140)) - RPC server for Block Protocol is listening at /0.0.0.0:38484
2019-08-20 14:49:20,449 INFO  ipc.Server (Server.java:run(1314)) - IPC Server Responder: starting
2019-08-20 14:49:20,449 INFO  ipc.Server (Server.java:run(1153)) - IPC Server listener on 38484: starting
2019-08-20 14:49:20,455 INFO  server.StorageContainerManager (StorageContainerManager.java:start(773)) - ScmDatanodeProtocl RPC server is listening at /0.0.0.0:34959
2019-08-20 14:49:20,455 INFO  server.SCMDatanodeProtocolServer (SCMDatanodeProtocolServer.java:start(191)) - RPC server for DataNodes is listening at /0.0.0.0:34959
2019-08-20 14:49:20,456 INFO  ipc.Server (Server.java:run(1314)) - IPC Server Responder: starting
2019-08-20 14:49:20,456 INFO  ipc.Server (Server.java:run(1153)) - IPC Server listener on 34959: starting
2019-08-20 14:49:20,460 INFO  http.HttpServer2 (HttpServer2.java:bindListener(1191)) - Jetty bound to port 43512
2019-08-20 14:49:20,460 INFO  server.Server (Server.java:doStart(351)) - jetty-9.3.24.v20180605, build timestamp: 2018-06-05T17:11:56Z, git hash: 84205aa28f11a4f31f2a3b86d1bba2cc8ab69827
2019-08-20 14:49:20,462 INFO  handler.ContextHandler (ContextHandler.java:doStart(781)) - Started o.e.j.s.ServletContextHandler@1bb3e150{/logs,file:///workdir/hadoop-ozone/integration-test/target/log,AVAILABLE}
2019-08-20 14:49:20,462 INFO  handler.ContextHandler (ContextHandler.java:doStart(781)) - Started o.e.j.s.ServletContextHandler@3ac76ad9{/static,file:///workdir/hadoop-ozone/integration-test/target/test-classes/webapps/static,AVAILABLE}
2019-08-20 14:49:20,469 INFO  handler.ContextHandler (ContextHandler.java:doStart(781)) - Started o.e.j.w.WebAppContext@7c4de811{/,file:///workdir/hadoop-ozone/integration-test/target/test-classes/webapps/scm/,AVAILABLE}{/scm}
2019-08-20 14:49:20,469 INFO  server.AbstractConnector (AbstractConnector.java:doStart(278)) - Started ServerConnector@443b9ebb{HTTP/1.1,[http/1.1]}{0.0.0.0:43512}
2019-08-20 14:49:20,472 INFO  server.Server (Server.java:doStart(419)) - Started @179619ms
2019-08-20 14:49:20,472 INFO  server.BaseHttpServer (BaseHttpServer.java:updateConnectorAddress(213)) - HTTP server of SCM is listening at http://0.0.0.0:43512
2019-08-20 14:49:20,473 WARN  server.ServerUtils (ServerUtils.java:getDBPath(222)) - ozone.om.db.dirs is not configured. We recommend adding this setting. Falling back to ozone.metadata.dirs instead.
2019-08-20 14:49:20,475 INFO  util.JvmPauseMonitor (JvmPauseMonitor.java:run(188)) - Starting JVM pause monitor
2019-08-20 14:49:20,490 WARN  server.ServerUtils (ServerUtils.java:getDBPath(222)) - ozone.om.db.dirs is not configured. We recommend adding this setting. Falling back to ozone.metadata.dirs instead.
2019-08-20 14:49:20,491 WARN  server.ServerUtils (ServerUtils.java:getDBPath(222)) - ozone.om.db.dirs is not configured. We recommend adding this setting. Falling back to ozone.metadata.dirs instead.
2019-08-20 14:49:20,492 INFO  om.OzoneManager (OzoneManager.java:setOMNodeDetails(647)) - OM Service ID is not set. Setting it to the default ID: omServiceIdDefault
2019-08-20 14:49:20,492 INFO  om.OzoneManager (OzoneManager.java:setOMNodeDetails(653)) - OM Node ID is not set. Setting it to the OmStorage's OmID: d7fc90b4-7733-436a-b4d8-573fc16f4eb3
2019-08-20 14:49:20,492 INFO  om.OzoneManager (OzoneManager.java:loadOMHAConfigs(604)) - Found matching OM address with OMServiceId: null, OMNodeId: null, RPC Address: localhost:0 and Ratis port: 9872
2019-08-20 14:49:20,528 WARN  server.ServerUtils (ServerUtils.java:getDBPath(222)) - ozone.om.db.dirs is not configured. We recommend adding this setting. Falling back to ozone.metadata.dirs instead.
2019-08-20 14:49:20,529 INFO  db.DBStoreBuilder (DBStoreBuilder.java:addTable(110)) - using custom profile for table: userTable
2019-08-20 14:49:20,529 INFO  db.DBStoreBuilder (DBStoreBuilder.java:processTables(161)) - Using default column profile:DBProfile.DISK for Table:userTable
2019-08-20 14:49:20,529 INFO  db.DBStoreBuilder (DBStoreBuilder.java:addTable(110)) - using custom profile for table: volumeTable
2019-08-20 14:49:20,529 INFO  db.DBStoreBuilder (DBStoreBuilder.java:processTables(161)) - Using default column profile:DBProfile.DISK for Table:volumeTable
2019-08-20 14:49:20,530 INFO  db.DBStoreBuilder (DBStoreBuilder.java:addTable(110)) - using custom profile for table: bucketTable
2019-08-20 14:49:20,530 INFO  db.DBStoreBuilder (DBStoreBuilder.java:processTables(161)) - Using default column profile:DBProfile.DISK for Table:bucketTable
2019-08-20 14:49:20,530 INFO  db.DBStoreBuilder (DBStoreBuilder.java:addTable(110)) - using custom profile for table: keyTable
2019-08-20 14:49:20,530 INFO  db.DBStoreBuilder (DBStoreBuilder.java:processTables(161)) - Using default column profile:DBProfile.DISK for Table:keyTable
2019-08-20 14:49:20,530 INFO  db.DBStoreBuilder (DBStoreBuilder.java:addTable(110)) - using custom profile for table: deletedTable
2019-08-20 14:49:20,530 INFO  db.DBStoreBuilder (DBStoreBuilder.java:processTables(161)) - Using default column profile:DBProfile.DISK for Table:deletedTable
2019-08-20 14:49:20,530 INFO  db.DBStoreBuilder (DBStoreBuilder.java:addTable(110)) - using custom profile for table: openKeyTable
2019-08-20 14:49:20,531 INFO  db.DBStoreBuilder (DBStoreBuilder.java:processTables(161)) - Using default column profile:DBProfile.DISK for Table:openKeyTable
2019-08-20 14:49:20,531 INFO  db.DBStoreBuilder (DBStoreBuilder.java:addTable(110)) - using custom profile for table: s3Table
2019-08-20 14:49:20,531 INFO  db.DBStoreBuilder (DBStoreBuilder.java:processTables(161)) - Using default column profile:DBProfile.DISK for Table:s3Table
2019-08-20 14:49:20,531 INFO  db.DBStoreBuilder (DBStoreBuilder.java:addTable(110)) - using custom profile for table: multipartInfoTable
2019-08-20 14:49:20,531 INFO  db.DBStoreBuilder (DBStoreBuilder.java:processTables(161)) - Using default column profile:DBProfile.DISK for Table:multipartInfoTable
2019-08-20 14:49:20,532 INFO  db.DBStoreBuilder (DBStoreBuilder.java:addTable(110)) - using custom profile for table: dTokenTable
2019-08-20 14:49:20,532 INFO  db.DBStoreBuilder (DBStoreBuilder.java:processTables(161)) - Using default column profile:DBProfile.DISK for Table:dTokenTable
2019-08-20 14:49:20,532 INFO  db.DBStoreBuilder (DBStoreBuilder.java:addTable(110)) - using custom profile for table: s3SecretTable
2019-08-20 14:49:20,532 INFO  db.DBStoreBuilder (DBStoreBuilder.java:processTables(161)) - Using default column profile:DBProfile.DISK for Table:s3SecretTable
2019-08-20 14:49:20,532 INFO  db.DBStoreBuilder (DBStoreBuilder.java:addTable(110)) - using custom profile for table: prefixTable
2019-08-20 14:49:20,532 INFO  db.DBStoreBuilder (DBStoreBuilder.java:processTables(161)) - Using default column profile:DBProfile.DISK for Table:prefixTable
2019-08-20 14:49:20,532 INFO  db.DBStoreBuilder (DBStoreBuilder.java:addTable(110)) - using custom profile for table: default
2019-08-20 14:49:20,533 INFO  db.DBStoreBuilder (DBStoreBuilder.java:processTables(167)) - Using default column profile:DBProfile.DISK for Table:default
2019-08-20 14:49:20,533 INFO  db.DBStoreBuilder (DBStoreBuilder.java:getDbProfile(198)) - Using default options. DBProfile.DISK
2019-08-20 14:49:21,506 INFO  ipc.CallQueueManager (CallQueueManager.java:<init>(84)) - Using callQueue: class java.util.concurrent.LinkedBlockingQueue, queueCapacity: 2000, scheduler: class org.apache.hadoop.ipc.DefaultRpcScheduler, ipcBackoff: false.
2019-08-20 14:49:21,507 INFO  ipc.Server (Server.java:run(1074)) - Starting Socket Reader #1 for port 35088
2019-08-20 14:49:21,521 INFO  om.OzoneManager (OzoneManager.java:start(1258)) - OzoneManager RPC server is listening at localhost/127.0.0.1:35088
2019-08-20 14:49:21,521 INFO  impl.MetricsSystemImpl (MetricsSystemImpl.java:init(158)) - OzoneManager metrics system started (again)
2019-08-20 14:49:21,521 INFO  ipc.Server (Server.java:run(1314)) - IPC Server Responder: starting
2019-08-20 14:49:21,525 INFO  ipc.Server (Server.java:run(1153)) - IPC Server listener on 35088: starting
2019-08-20 14:49:21,532 INFO  hdfs.DFSUtil (DFSUtil.java:httpServerTemplateForNNAndJN(1641)) - Starting Web-server for ozoneManager at: http://0.0.0.0:0
2019-08-20 14:49:21,534 INFO  server.AuthenticationFilter (AuthenticationFilter.java:constructSecretProvider(240)) - Unable to initialize FileSignerSecretProvider, falling back to use random secrets.
2019-08-20 14:49:21,535 WARN  http.HttpRequestLog (HttpRequestLog.java:getRequestLog(97)) - Jetty request log can only be enabled using Log4j
2019-08-20 14:49:21,536 INFO  http.HttpServer2 (HttpServer2.java:addGlobalFilter(975)) - Added global filter 'safety' (class=org.apache.hadoop.http.HttpServer2$QuotingInputFilter)
2019-08-20 14:49:21,537 INFO  http.HttpServer2 (HttpServer2.java:addFilter(948)) - Added filter static_user_filter (class=org.apache.hadoop.http.lib.StaticUserWebFilter$StaticUserFilter) to context ozoneManager
2019-08-20 14:49:21,537 INFO  http.HttpServer2 (HttpServer2.java:addFilter(958)) - Added filter static_user_filter (class=org.apache.hadoop.http.lib.StaticUserWebFilter$StaticUserFilter) to context static
2019-08-20 14:49:21,537 INFO  http.HttpServer2 (HttpServer2.java:addFilter(958)) - Added filter static_user_filter (class=org.apache.hadoop.http.lib.StaticUserWebFilter$StaticUserFilter) to context logs
2019-08-20 14:49:21,537 INFO  http.HttpServer2 (HttpServer2.java:bindListener(1191)) - Jetty bound to port 38156
2019-08-20 14:49:21,538 INFO  server.Server (Server.java:doStart(351)) - jetty-9.3.24.v20180605, build timestamp: 2018-06-05T17:11:56Z, git hash: 84205aa28f11a4f31f2a3b86d1bba2cc8ab69827
2019-08-20 14:49:21,539 INFO  handler.ContextHandler (ContextHandler.java:doStart(781)) - Started o.e.j.s.ServletContextHandler@588614f9{/logs,file:///workdir/hadoop-ozone/integration-test/target/log,AVAILABLE}
2019-08-20 14:49:21,539 INFO  handler.ContextHandler (ContextHandler.java:doStart(781)) - Started o.e.j.s.ServletContextHandler@7fb313e3{/static,file:///workdir/hadoop-ozone/integration-test/target/test-classes/webapps/static,AVAILABLE}
2019-08-20 14:49:21,543 INFO  handler.ContextHandler (ContextHandler.java:doStart(781)) - Started o.e.j.w.WebAppContext@3b9c386d{/,file:///workdir/hadoop-ozone/integration-test/target/test-classes/webapps/ozoneManager/,AVAILABLE}{/ozoneManager}
2019-08-20 14:49:21,543 INFO  server.AbstractConnector (AbstractConnector.java:doStart(278)) - Started ServerConnector@7fb28ed{HTTP/1.1,[http/1.1]}{0.0.0.0:38156}
2019-08-20 14:49:21,546 INFO  server.Server (Server.java:doStart(419)) - Started @180694ms
2019-08-20 14:49:21,547 INFO  server.BaseHttpServer (BaseHttpServer.java:updateConnectorAddress(213)) - HTTP server of OZONEMANAGER is listening at http://0.0.0.0:38156
2019-08-20 14:49:21,559 INFO  impl.MetricsSystemImpl (MetricsSystemImpl.java:init(158)) - HddsDatanode metrics system started (again)
2019-08-20 14:49:21,580 INFO  ozone.HddsDatanodeService (HddsDatanodeService.java:start(184)) - HddsDatanodeService host:pr-hdds-1942-s8lb6-241747594 ip:192.168.36.107
2019-08-20 14:49:21,591 INFO  volume.HddsVolume (HddsVolume.java:<init>(176)) - Creating Volume: /workdir/hadoop-ozone/integration-test/target/test-dir/MiniOzoneClusterImpl-f1369eb2-7165-4223-a2a5-28cf637499e7/datanode-0/data/containers/hdds of  storage type : DISK and capacity : 1482555576320
2019-08-20 14:49:21,591 INFO  volume.VolumeSet (VolumeSet.java:initializeVolumeSet(170)) - Added Volume : /workdir/hadoop-ozone/integration-test/target/test-dir/MiniOzoneClusterImpl-f1369eb2-7165-4223-a2a5-28cf637499e7/datanode-0/data/containers/hdds to VolumeSet
2019-08-20 14:49:21,591 INFO  volume.ThrottledAsyncChecker (ThrottledAsyncChecker.java:schedule(140)) - Scheduling a check for org.apache.hadoop.ozone.container.common.volume.HddsVolume@4986b0ea
2019-08-20 14:49:21,592 INFO  volume.HddsVolumeChecker (HddsVolumeChecker.java:checkAllVolumes(203)) - Scheduled health check for volume org.apache.hadoop.ozone.container.common.volume.HddsVolume@4986b0ea
2019-08-20 14:49:21,609 INFO  impl.RaftServerProxy (ConfUtils.java:logGet(43)) - raft.rpc.type = GRPC (default)
2019-08-20 14:49:21,610 INFO  grpc.GrpcFactory (GrpcFactory.java:checkPooledByteBufAllocatorUseCacheForAllThreads(45)) - PERFORMANCE WARNING: useCacheForAllThreads is true that may cause Netty to create a lot garbage objects and, as a result, trigger GC.
	It is recommended to disable useCacheForAllThreads by setting -Dorg.apache.ratis.thirdparty.io.netty.allocator.useCacheForAllThreads=false in command line.
2019-08-20 14:49:21,610 INFO  grpc.GrpcConfigKeys$Server (ConfUtils.java:logGet(43)) - raft.grpc.server.port = 0 (default)
2019-08-20 14:49:21,610 INFO  server.GrpcService (ConfUtils.java:logGet(43)) - raft.grpc.message.size.max = 33570816 (custom)
2019-08-20 14:49:21,611 INFO  server.RaftServerConfigKeys (ConfUtils.java:logGet(43)) - raft.server.log.appender.buffer.byte-limit = 33554432 (custom)
2019-08-20 14:49:21,611 INFO  server.GrpcService (ConfUtils.java:logGet(43)) - raft.grpc.flow.control.window = 1MB (=1048576) (default)
2019-08-20 14:49:21,611 INFO  server.RaftServerConfigKeys (ConfUtils.java:logGet(43)) - raft.server.rpc.request.timeout = 3000ms (default)
2019-08-20 14:49:21,611 INFO  server.RaftServerConfigKeys (ConfUtils.java:logGet(43)) - raft.server.storage.dir = [/workdir/hadoop-ozone/integration-test/target/test-dir/MiniOzoneClusterImpl-f1369eb2-7165-4223-a2a5-28cf637499e7/datanode-0/data/ratis] (custom)
2019-08-20 14:49:21,612 INFO  replication.SimpleContainerDownloader (SimpleContainerDownloader.java:<init>(72)) - Starting container downloader service to copy containers to replicate.
2019-08-20 14:49:21,613 INFO  hdfs.DFSUtil (DFSUtil.java:httpServerTemplateForNNAndJN(1641)) - Starting Web-server for hddsDatanode at: http://0.0.0.0:0
2019-08-20 14:49:21,614 INFO  server.AuthenticationFilter (AuthenticationFilter.java:constructSecretProvider(240)) - Unable to initialize FileSignerSecretProvider, falling back to use random secrets.
2019-08-20 14:49:21,615 WARN  http.HttpRequestLog (HttpRequestLog.java:getRequestLog(97)) - Jetty request log can only be enabled using Log4j
2019-08-20 14:49:21,616 INFO  http.HttpServer2 (HttpServer2.java:addGlobalFilter(975)) - Added global filter 'safety' (class=org.apache.hadoop.http.HttpServer2$QuotingInputFilter)
2019-08-20 14:49:21,616 INFO  http.HttpServer2 (HttpServer2.java:addFilter(948)) - Added filter static_user_filter (class=org.apache.hadoop.http.lib.StaticUserWebFilter$StaticUserFilter) to context hddsDatanode
2019-08-20 14:49:21,617 INFO  http.HttpServer2 (HttpServer2.java:addFilter(958)) - Added filter static_user_filter (class=org.apache.hadoop.http.lib.StaticUserWebFilter$StaticUserFilter) to context static
2019-08-20 14:49:21,617 INFO  http.HttpServer2 (HttpServer2.java:addFilter(958)) - Added filter static_user_filter (class=org.apache.hadoop.http.lib.StaticUserWebFilter$StaticUserFilter) to context logs
2019-08-20 14:49:21,617 INFO  http.HttpServer2 (HttpServer2.java:bindListener(1191)) - Jetty bound to port 37623
2019-08-20 14:49:21,617 INFO  server.Server (Server.java:doStart(351)) - jetty-9.3.24.v20180605, build timestamp: 2018-06-05T17:11:56Z, git hash: 84205aa28f11a4f31f2a3b86d1bba2cc8ab69827
2019-08-20 14:49:21,619 INFO  handler.ContextHandler (ContextHandler.java:doStart(781)) - Started o.e.j.s.ServletContextHandler@518ed9b4{/logs,file:///workdir/hadoop-ozone/integration-test/target/log,AVAILABLE}
2019-08-20 14:49:21,619 INFO  handler.ContextHandler (ContextHandler.java:doStart(781)) - Started o.e.j.s.ServletContextHandler@694dc99b{/static,jar:file:/home/user/.m2/repository/org/apache/hadoop/hadoop-hdds-container-service/0.5.0-SNAPSHOT/hadoop-hdds-container-service-0.5.0-SNAPSHOT.jar!/webapps/static,AVAILABLE}
2019-08-20 14:49:21,646 INFO  handler.ContextHandler (ContextHandler.java:doStart(781)) - Started o.e.j.w.WebAppContext@2bd8c8f1{/,file:///tmp/jetty-0.0.0.0-37623-hddsDatanode-_-any-5343341801068104864.dir/webapp/,AVAILABLE}{/hddsDatanode}
2019-08-20 14:49:21,647 INFO  server.AbstractConnector (AbstractConnector.java:doStart(278)) - Started ServerConnector@7db63a01{HTTP/1.1,[http/1.1]}{0.0.0.0:37623}
2019-08-20 14:49:21,650 INFO  server.Server (Server.java:doStart(419)) - Started @180797ms
2019-08-20 14:49:21,650 INFO  server.BaseHttpServer (BaseHttpServer.java:updateConnectorAddress(213)) - HTTP server of HDDSDATANODE is listening at http://0.0.0.0:37623
2019-08-20 14:49:21,772 INFO  ozone.HddsDatanodeService (HddsDatanodeService.java:startPlugins(395)) - Started plug-in org.apache.hadoop.ozone.web.OzoneHddsDatanodeService@5e6ad84c
2019-08-20 14:49:21,772 INFO  impl.MetricsSystemImpl (MetricsSystemImpl.java:init(158)) - HddsDatanode metrics system started (again)
2019-08-20 14:49:21,773 INFO  util.JvmPauseMonitor (JvmPauseMonitor.java:run(188)) - Starting JVM pause monitor
2019-08-20 14:49:21,774 INFO  datanode.InitDatanodeState (InitDatanodeState.java:persistContainerDatanodeDetails(140)) - DatanodeDetails is persisted to /workdir/hadoop-ozone/integration-test/target/test-dir/MiniOzoneClusterImpl-f1369eb2-7165-4223-a2a5-28cf637499e7/datanode-0/meta/datanode.id
2019-08-20 14:49:21,792 INFO  ozone.HddsDatanodeService (HddsDatanodeService.java:start(184)) - HddsDatanodeService host:pr-hdds-1942-s8lb6-241747594 ip:192.168.36.107
2019-08-20 14:49:21,803 INFO  volume.HddsVolume (HddsVolume.java:<init>(176)) - Creating Volume: /workdir/hadoop-ozone/integration-test/target/test-dir/MiniOzoneClusterImpl-f1369eb2-7165-4223-a2a5-28cf637499e7/datanode-1/data/containers/hdds of  storage type : DISK and capacity : 1482555576320
2019-08-20 14:49:21,804 INFO  volume.VolumeSet (VolumeSet.java:initializeVolumeSet(170)) - Added Volume : /workdir/hadoop-ozone/integration-test/target/test-dir/MiniOzoneClusterImpl-f1369eb2-7165-4223-a2a5-28cf637499e7/datanode-1/data/containers/hdds to VolumeSet
2019-08-20 14:49:21,804 INFO  volume.ThrottledAsyncChecker (ThrottledAsyncChecker.java:schedule(140)) - Scheduling a check for org.apache.hadoop.ozone.container.common.volume.HddsVolume@53bc6492
2019-08-20 14:49:21,804 INFO  volume.HddsVolumeChecker (HddsVolumeChecker.java:checkAllVolumes(203)) - Scheduled health check for volume org.apache.hadoop.ozone.container.common.volume.HddsVolume@53bc6492
2019-08-20 14:49:21,825 INFO  impl.RaftServerProxy (ConfUtils.java:logGet(43)) - raft.rpc.type = GRPC (default)
2019-08-20 14:49:21,825 INFO  grpc.GrpcFactory (GrpcFactory.java:checkPooledByteBufAllocatorUseCacheForAllThreads(45)) - PERFORMANCE WARNING: useCacheForAllThreads is true that may cause Netty to create a lot garbage objects and, as a result, trigger GC.
	It is recommended to disable useCacheForAllThreads by setting -Dorg.apache.ratis.thirdparty.io.netty.allocator.useCacheForAllThreads=false in command line.
2019-08-20 14:49:21,825 INFO  grpc.GrpcConfigKeys$Server (ConfUtils.java:logGet(43)) - raft.grpc.server.port = 0 (default)
2019-08-20 14:49:21,825 INFO  server.GrpcService (ConfUtils.java:logGet(43)) - raft.grpc.message.size.max = 33570816 (custom)
2019-08-20 14:49:21,826 INFO  server.RaftServerConfigKeys (ConfUtils.java:logGet(43)) - raft.server.log.appender.buffer.byte-limit = 33554432 (custom)
2019-08-20 14:49:21,826 INFO  server.GrpcService (ConfUtils.java:logGet(43)) - raft.grpc.flow.control.window = 1MB (=1048576) (default)
2019-08-20 14:49:21,826 INFO  server.RaftServerConfigKeys (ConfUtils.java:logGet(43)) - raft.server.rpc.request.timeout = 3000ms (default)
2019-08-20 14:49:21,826 INFO  server.RaftServerConfigKeys (ConfUtils.java:logGet(43)) - raft.server.storage.dir = [/workdir/hadoop-ozone/integration-test/target/test-dir/MiniOzoneClusterImpl-f1369eb2-7165-4223-a2a5-28cf637499e7/datanode-1/data/ratis] (custom)
2019-08-20 14:49:21,827 INFO  replication.SimpleContainerDownloader (SimpleContainerDownloader.java:<init>(72)) - Starting container downloader service to copy containers to replicate.
2019-08-20 14:49:21,828 INFO  hdfs.DFSUtil (DFSUtil.java:httpServerTemplateForNNAndJN(1641)) - Starting Web-server for hddsDatanode at: http://0.0.0.0:0
2019-08-20 14:49:21,829 INFO  server.AuthenticationFilter (AuthenticationFilter.java:constructSecretProvider(240)) - Unable to initialize FileSignerSecretProvider, falling back to use random secrets.
2019-08-20 14:49:21,829 WARN  http.HttpRequestLog (HttpRequestLog.java:getRequestLog(97)) - Jetty request log can only be enabled using Log4j
2019-08-20 14:49:21,831 INFO  http.HttpServer2 (HttpServer2.java:addGlobalFilter(975)) - Added global filter 'safety' (class=org.apache.hadoop.http.HttpServer2$QuotingInputFilter)
2019-08-20 14:49:21,831 INFO  http.HttpServer2 (HttpServer2.java:addFilter(948)) - Added filter static_user_filter (class=org.apache.hadoop.http.lib.StaticUserWebFilter$StaticUserFilter) to context hddsDatanode
2019-08-20 14:49:21,831 INFO  http.HttpServer2 (HttpServer2.java:addFilter(958)) - Added filter static_user_filter (class=org.apache.hadoop.http.lib.StaticUserWebFilter$StaticUserFilter) to context logs
2019-08-20 14:49:21,832 INFO  http.HttpServer2 (HttpServer2.java:addFilter(958)) - Added filter static_user_filter (class=org.apache.hadoop.http.lib.StaticUserWebFilter$StaticUserFilter) to context static
2019-08-20 14:49:21,832 INFO  http.HttpServer2 (HttpServer2.java:bindListener(1191)) - Jetty bound to port 33049
2019-08-20 14:49:21,832 INFO  server.Server (Server.java:doStart(351)) - jetty-9.3.24.v20180605, build timestamp: 2018-06-05T17:11:56Z, git hash: 84205aa28f11a4f31f2a3b86d1bba2cc8ab69827
2019-08-20 14:49:21,834 INFO  handler.ContextHandler (ContextHandler.java:doStart(781)) - Started o.e.j.s.ServletContextHandler@386d41cb{/logs,file:///workdir/hadoop-ozone/integration-test/target/log,AVAILABLE}
2019-08-20 14:49:21,834 INFO  handler.ContextHandler (ContextHandler.java:doStart(781)) - Started o.e.j.s.ServletContextHandler@4cb939d5{/static,jar:file:/home/user/.m2/repository/org/apache/hadoop/hadoop-hdds-container-service/0.5.0-SNAPSHOT/hadoop-hdds-container-service-0.5.0-SNAPSHOT.jar!/webapps/static,AVAILABLE}
2019-08-20 14:49:21,860 INFO  handler.ContextHandler (ContextHandler.java:doStart(781)) - Started o.e.j.w.WebAppContext@69fa5536{/,file:///tmp/jetty-0.0.0.0-33049-hddsDatanode-_-any-5804779677329590704.dir/webapp/,AVAILABLE}{/hddsDatanode}
2019-08-20 14:49:21,861 INFO  server.AbstractConnector (AbstractConnector.java:doStart(278)) - Started ServerConnector@1ee5792a{HTTP/1.1,[http/1.1]}{0.0.0.0:33049}
2019-08-20 14:49:21,864 INFO  server.Server (Server.java:doStart(419)) - Started @181012ms
2019-08-20 14:49:21,865 INFO  server.BaseHttpServer (BaseHttpServer.java:updateConnectorAddress(213)) - HTTP server of HDDSDATANODE is listening at http://0.0.0.0:33049
2019-08-20 14:49:22,166 INFO  ozone.HddsDatanodeService (HddsDatanodeService.java:startPlugins(395)) - Started plug-in org.apache.hadoop.ozone.web.OzoneHddsDatanodeService@308d8de8
2019-08-20 14:49:22,166 INFO  impl.MetricsSystemImpl (MetricsSystemImpl.java:init(158)) - HddsDatanode metrics system started (again)
2019-08-20 14:49:22,167 INFO  util.JvmPauseMonitor (JvmPauseMonitor.java:run(188)) - Starting JVM pause monitor
2019-08-20 14:49:22,187 INFO  datanode.InitDatanodeState (InitDatanodeState.java:persistContainerDatanodeDetails(140)) - DatanodeDetails is persisted to /workdir/hadoop-ozone/integration-test/target/test-dir/MiniOzoneClusterImpl-f1369eb2-7165-4223-a2a5-28cf637499e7/datanode-1/meta/datanode.id
2019-08-20 14:49:22,188 INFO  ozone.HddsDatanodeService (HddsDatanodeService.java:start(184)) - HddsDatanodeService host:pr-hdds-1942-s8lb6-241747594 ip:192.168.36.107
2019-08-20 14:49:22,198 INFO  volume.HddsVolume (HddsVolume.java:<init>(176)) - Creating Volume: /workdir/hadoop-ozone/integration-test/target/test-dir/MiniOzoneClusterImpl-f1369eb2-7165-4223-a2a5-28cf637499e7/datanode-2/data/containers/hdds of  storage type : DISK and capacity : 1482555576320
2019-08-20 14:49:22,199 INFO  volume.VolumeSet (VolumeSet.java:initializeVolumeSet(170)) - Added Volume : /workdir/hadoop-ozone/integration-test/target/test-dir/MiniOzoneClusterImpl-f1369eb2-7165-4223-a2a5-28cf637499e7/datanode-2/data/containers/hdds to VolumeSet
2019-08-20 14:49:22,199 INFO  volume.ThrottledAsyncChecker (ThrottledAsyncChecker.java:schedule(140)) - Scheduling a check for org.apache.hadoop.ozone.container.common.volume.HddsVolume@18f1a81a
2019-08-20 14:49:22,199 INFO  volume.HddsVolumeChecker (HddsVolumeChecker.java:checkAllVolumes(203)) - Scheduled health check for volume org.apache.hadoop.ozone.container.common.volume.HddsVolume@18f1a81a
2019-08-20 14:49:22,212 INFO  impl.RaftServerProxy (ConfUtils.java:logGet(43)) - raft.rpc.type = GRPC (default)
2019-08-20 14:49:22,213 INFO  grpc.GrpcFactory (GrpcFactory.java:checkPooledByteBufAllocatorUseCacheForAllThreads(45)) - PERFORMANCE WARNING: useCacheForAllThreads is true that may cause Netty to create a lot garbage objects and, as a result, trigger GC.
	It is recommended to disable useCacheForAllThreads by setting -Dorg.apache.ratis.thirdparty.io.netty.allocator.useCacheForAllThreads=false in command line.
2019-08-20 14:49:22,213 INFO  grpc.GrpcConfigKeys$Server (ConfUtils.java:logGet(43)) - raft.grpc.server.port = 0 (default)
2019-08-20 14:49:22,213 INFO  server.GrpcService (ConfUtils.java:logGet(43)) - raft.grpc.message.size.max = 33570816 (custom)
2019-08-20 14:49:22,213 INFO  server.RaftServerConfigKeys (ConfUtils.java:logGet(43)) - raft.server.log.appender.buffer.byte-limit = 33554432 (custom)
2019-08-20 14:49:22,213 INFO  server.GrpcService (ConfUtils.java:logGet(43)) - raft.grpc.flow.control.window = 1MB (=1048576) (default)
2019-08-20 14:49:22,213 INFO  server.RaftServerConfigKeys (ConfUtils.java:logGet(43)) - raft.server.rpc.request.timeout = 3000ms (default)
2019-08-20 14:49:22,214 INFO  server.RaftServerConfigKeys (ConfUtils.java:logGet(43)) - raft.server.storage.dir = [/workdir/hadoop-ozone/integration-test/target/test-dir/MiniOzoneClusterImpl-f1369eb2-7165-4223-a2a5-28cf637499e7/datanode-2/data/ratis] (custom)
2019-08-20 14:49:22,214 INFO  replication.SimpleContainerDownloader (SimpleContainerDownloader.java:<init>(72)) - Starting container downloader service to copy containers to replicate.
2019-08-20 14:49:22,215 INFO  hdfs.DFSUtil (DFSUtil.java:httpServerTemplateForNNAndJN(1641)) - Starting Web-server for hddsDatanode at: http://0.0.0.0:0
2019-08-20 14:49:22,216 INFO  server.AuthenticationFilter (AuthenticationFilter.java:constructSecretProvider(240)) - Unable to initialize FileSignerSecretProvider, falling back to use random secrets.
2019-08-20 14:49:22,217 WARN  http.HttpRequestLog (HttpRequestLog.java:getRequestLog(97)) - Jetty request log can only be enabled using Log4j
2019-08-20 14:49:22,218 INFO  http.HttpServer2 (HttpServer2.java:addGlobalFilter(975)) - Added global filter 'safety' (class=org.apache.hadoop.http.HttpServer2$QuotingInputFilter)
2019-08-20 14:49:22,218 INFO  http.HttpServer2 (HttpServer2.java:addFilter(948)) - Added filter static_user_filter (class=org.apache.hadoop.http.lib.StaticUserWebFilter$StaticUserFilter) to context hddsDatanode
2019-08-20 14:49:22,218 INFO  http.HttpServer2 (HttpServer2.java:addFilter(958)) - Added filter static_user_filter (class=org.apache.hadoop.http.lib.StaticUserWebFilter$StaticUserFilter) to context static
2019-08-20 14:49:22,218 INFO  http.HttpServer2 (HttpServer2.java:addFilter(958)) - Added filter static_user_filter (class=org.apache.hadoop.http.lib.StaticUserWebFilter$StaticUserFilter) to context logs
2019-08-20 14:49:22,219 INFO  http.HttpServer2 (HttpServer2.java:bindListener(1191)) - Jetty bound to port 40126
2019-08-20 14:49:22,219 INFO  server.Server (Server.java:doStart(351)) - jetty-9.3.24.v20180605, build timestamp: 2018-06-05T17:11:56Z, git hash: 84205aa28f11a4f31f2a3b86d1bba2cc8ab69827
2019-08-20 14:49:22,220 INFO  handler.ContextHandler (ContextHandler.java:doStart(781)) - Started o.e.j.s.ServletContextHandler@6020cd42{/logs,file:///workdir/hadoop-ozone/integration-test/target/log,AVAILABLE}
2019-08-20 14:49:22,221 INFO  handler.ContextHandler (ContextHandler.java:doStart(781)) - Started o.e.j.s.ServletContextHandler@326d39fd{/static,jar:file:/home/user/.m2/repository/org/apache/hadoop/hadoop-hdds-container-service/0.5.0-SNAPSHOT/hadoop-hdds-container-service-0.5.0-SNAPSHOT.jar!/webapps/static,AVAILABLE}
2019-08-20 14:49:22,252 INFO  handler.ContextHandler (ContextHandler.java:doStart(781)) - Started o.e.j.w.WebAppContext@74597c37{/,file:///tmp/jetty-0.0.0.0-40126-hddsDatanode-_-any-670720042196027557.dir/webapp/,AVAILABLE}{/hddsDatanode}
2019-08-20 14:49:22,253 INFO  server.AbstractConnector (AbstractConnector.java:doStart(278)) - Started ServerConnector@cd9ce76{HTTP/1.1,[http/1.1]}{0.0.0.0:40126}
2019-08-20 14:49:22,257 INFO  server.Server (Server.java:doStart(419)) - Started @181404ms
2019-08-20 14:49:22,257 INFO  server.BaseHttpServer (BaseHttpServer.java:updateConnectorAddress(213)) - HTTP server of HDDSDATANODE is listening at http://0.0.0.0:40126
2019-08-20 14:49:22,359 INFO  ozone.HddsDatanodeService (HddsDatanodeService.java:startPlugins(395)) - Started plug-in org.apache.hadoop.ozone.web.OzoneHddsDatanodeService@2f9d47a3
2019-08-20 14:49:22,359 INFO  impl.MetricsSystemImpl (MetricsSystemImpl.java:init(158)) - HddsDatanode metrics system started (again)
2019-08-20 14:49:22,381 INFO  util.JvmPauseMonitor (JvmPauseMonitor.java:run(188)) - Starting JVM pause monitor
2019-08-20 14:49:22,381 INFO  datanode.InitDatanodeState (InitDatanodeState.java:persistContainerDatanodeDetails(140)) - DatanodeDetails is persisted to /workdir/hadoop-ozone/integration-test/target/test-dir/MiniOzoneClusterImpl-f1369eb2-7165-4223-a2a5-28cf637499e7/datanode-2/meta/datanode.id
2019-08-20 14:49:22,382 INFO  ozone.HddsDatanodeService (HddsDatanodeService.java:start(184)) - HddsDatanodeService host:pr-hdds-1942-s8lb6-241747594 ip:192.168.36.107
2019-08-20 14:49:22,391 INFO  volume.HddsVolume (HddsVolume.java:<init>(176)) - Creating Volume: /workdir/hadoop-ozone/integration-test/target/test-dir/MiniOzoneClusterImpl-f1369eb2-7165-4223-a2a5-28cf637499e7/datanode-3/data/containers/hdds of  storage type : DISK and capacity : 1482555576320
2019-08-20 14:49:22,392 INFO  volume.VolumeSet (VolumeSet.java:initializeVolumeSet(170)) - Added Volume : /workdir/hadoop-ozone/integration-test/target/test-dir/MiniOzoneClusterImpl-f1369eb2-7165-4223-a2a5-28cf637499e7/datanode-3/data/containers/hdds to VolumeSet
2019-08-20 14:49:22,392 INFO  volume.ThrottledAsyncChecker (ThrottledAsyncChecker.java:schedule(140)) - Scheduling a check for org.apache.hadoop.ozone.container.common.volume.HddsVolume@6dd50380
2019-08-20 14:49:22,392 INFO  volume.HddsVolumeChecker (HddsVolumeChecker.java:checkAllVolumes(203)) - Scheduled health check for volume org.apache.hadoop.ozone.container.common.volume.HddsVolume@6dd50380
2019-08-20 14:49:22,411 INFO  impl.RaftServerProxy (ConfUtils.java:logGet(43)) - raft.rpc.type = GRPC (default)
2019-08-20 14:49:22,411 INFO  grpc.GrpcFactory (GrpcFactory.java:checkPooledByteBufAllocatorUseCacheForAllThreads(45)) - PERFORMANCE WARNING: useCacheForAllThreads is true that may cause Netty to create a lot garbage objects and, as a result, trigger GC.
	It is recommended to disable useCacheForAllThreads by setting -Dorg.apache.ratis.thirdparty.io.netty.allocator.useCacheForAllThreads=false in command line.
2019-08-20 14:49:22,411 INFO  grpc.GrpcConfigKeys$Server (ConfUtils.java:logGet(43)) - raft.grpc.server.port = 0 (default)
2019-08-20 14:49:22,412 INFO  server.GrpcService (ConfUtils.java:logGet(43)) - raft.grpc.message.size.max = 33570816 (custom)
2019-08-20 14:49:22,412 INFO  server.RaftServerConfigKeys (ConfUtils.java:logGet(43)) - raft.server.log.appender.buffer.byte-limit = 33554432 (custom)
2019-08-20 14:49:22,412 INFO  server.GrpcService (ConfUtils.java:logGet(43)) - raft.grpc.flow.control.window = 1MB (=1048576) (default)
2019-08-20 14:49:22,412 INFO  server.RaftServerConfigKeys (ConfUtils.java:logGet(43)) - raft.server.rpc.request.timeout = 3000ms (default)
2019-08-20 14:49:22,413 INFO  server.RaftServerConfigKeys (ConfUtils.java:logGet(43)) - raft.server.storage.dir = [/workdir/hadoop-ozone/integration-test/target/test-dir/MiniOzoneClusterImpl-f1369eb2-7165-4223-a2a5-28cf637499e7/datanode-3/data/ratis] (custom)
2019-08-20 14:49:22,413 INFO  replication.SimpleContainerDownloader (SimpleContainerDownloader.java:<init>(72)) - Starting container downloader service to copy containers to replicate.
2019-08-20 14:49:22,414 INFO  hdfs.DFSUtil (DFSUtil.java:httpServerTemplateForNNAndJN(1641)) - Starting Web-server for hddsDatanode at: http://0.0.0.0:0
2019-08-20 14:49:22,416 INFO  server.AuthenticationFilter (AuthenticationFilter.java:constructSecretProvider(240)) - Unable to initialize FileSignerSecretProvider, falling back to use random secrets.
2019-08-20 14:49:22,416 WARN  http.HttpRequestLog (HttpRequestLog.java:getRequestLog(97)) - Jetty request log can only be enabled using Log4j
2019-08-20 14:49:22,417 INFO  http.HttpServer2 (HttpServer2.java:addGlobalFilter(975)) - Added global filter 'safety' (class=org.apache.hadoop.http.HttpServer2$QuotingInputFilter)
2019-08-20 14:49:22,417 INFO  http.HttpServer2 (HttpServer2.java:addFilter(948)) - Added filter static_user_filter (class=org.apache.hadoop.http.lib.StaticUserWebFilter$StaticUserFilter) to context hddsDatanode
2019-08-20 14:49:22,418 INFO  http.HttpServer2 (HttpServer2.java:addFilter(958)) - Added filter static_user_filter (class=org.apache.hadoop.http.lib.StaticUserWebFilter$StaticUserFilter) to context static
2019-08-20 14:49:22,418 INFO  http.HttpServer2 (HttpServer2.java:addFilter(958)) - Added filter static_user_filter (class=org.apache.hadoop.http.lib.StaticUserWebFilter$StaticUserFilter) to context logs
2019-08-20 14:49:22,418 INFO  http.HttpServer2 (HttpServer2.java:bindListener(1191)) - Jetty bound to port 45424
2019-08-20 14:49:22,418 INFO  server.Server (Server.java:doStart(351)) - jetty-9.3.24.v20180605, build timestamp: 2018-06-05T17:11:56Z, git hash: 84205aa28f11a4f31f2a3b86d1bba2cc8ab69827
2019-08-20 14:49:22,419 INFO  handler.ContextHandler (ContextHandler.java:doStart(781)) - Started o.e.j.s.ServletContextHandler@46c7e6c0{/logs,file:///workdir/hadoop-ozone/integration-test/target/log,AVAILABLE}
2019-08-20 14:49:22,420 INFO  handler.ContextHandler (ContextHandler.java:doStart(781)) - Started o.e.j.s.ServletContextHandler@2605433{/static,jar:file:/home/user/.m2/repository/org/apache/hadoop/hadoop-hdds-container-service/0.5.0-SNAPSHOT/hadoop-hdds-container-service-0.5.0-SNAPSHOT.jar!/webapps/static,AVAILABLE}
2019-08-20 14:49:22,445 INFO  handler.ContextHandler (ContextHandler.java:doStart(781)) - Started o.e.j.w.WebAppContext@3fe7c87c{/,file:///tmp/jetty-0.0.0.0-45424-hddsDatanode-_-any-733573291142785404.dir/webapp/,AVAILABLE}{/hddsDatanode}
2019-08-20 14:49:22,446 INFO  server.AbstractConnector (AbstractConnector.java:doStart(278)) - Started ServerConnector@5c04685{HTTP/1.1,[http/1.1]}{0.0.0.0:45424}
2019-08-20 14:49:22,449 INFO  server.Server (Server.java:doStart(419)) - Started @181596ms
2019-08-20 14:49:22,449 INFO  server.BaseHttpServer (BaseHttpServer.java:updateConnectorAddress(213)) - HTTP server of HDDSDATANODE is listening at http://0.0.0.0:45424
2019-08-20 14:49:22,546 INFO  ozone.HddsDatanodeService (HddsDatanodeService.java:startPlugins(395)) - Started plug-in org.apache.hadoop.ozone.web.OzoneHddsDatanodeService@6567de86
2019-08-20 14:49:22,547 INFO  impl.MetricsSystemImpl (MetricsSystemImpl.java:init(158)) - HddsDatanode metrics system started (again)
2019-08-20 14:49:22,567 INFO  util.JvmPauseMonitor (JvmPauseMonitor.java:run(188)) - Starting JVM pause monitor
2019-08-20 14:49:22,568 INFO  ozone.HddsDatanodeService (HddsDatanodeService.java:start(184)) - HddsDatanodeService host:pr-hdds-1942-s8lb6-241747594 ip:192.168.36.107
2019-08-20 14:49:22,569 INFO  datanode.InitDatanodeState (InitDatanodeState.java:persistContainerDatanodeDetails(140)) - DatanodeDetails is persisted to /workdir/hadoop-ozone/integration-test/target/test-dir/MiniOzoneClusterImpl-f1369eb2-7165-4223-a2a5-28cf637499e7/datanode-3/meta/datanode.id
2019-08-20 14:49:22,579 INFO  volume.HddsVolume (HddsVolume.java:<init>(176)) - Creating Volume: /workdir/hadoop-ozone/integration-test/target/test-dir/MiniOzoneClusterImpl-f1369eb2-7165-4223-a2a5-28cf637499e7/datanode-4/data/containers/hdds of  storage type : DISK and capacity : 1482555576320
2019-08-20 14:49:22,579 INFO  volume.VolumeSet (VolumeSet.java:initializeVolumeSet(170)) - Added Volume : /workdir/hadoop-ozone/integration-test/target/test-dir/MiniOzoneClusterImpl-f1369eb2-7165-4223-a2a5-28cf637499e7/datanode-4/data/containers/hdds to VolumeSet
2019-08-20 14:49:22,579 INFO  volume.ThrottledAsyncChecker (ThrottledAsyncChecker.java:schedule(140)) - Scheduling a check for org.apache.hadoop.ozone.container.common.volume.HddsVolume@272cec71
2019-08-20 14:49:22,580 INFO  volume.HddsVolumeChecker (HddsVolumeChecker.java:checkAllVolumes(203)) - Scheduled health check for volume org.apache.hadoop.ozone.container.common.volume.HddsVolume@272cec71
2019-08-20 14:49:22,593 INFO  impl.RaftServerProxy (ConfUtils.java:logGet(43)) - raft.rpc.type = GRPC (default)
2019-08-20 14:49:22,593 INFO  grpc.GrpcFactory (GrpcFactory.java:checkPooledByteBufAllocatorUseCacheForAllThreads(45)) - PERFORMANCE WARNING: useCacheForAllThreads is true that may cause Netty to create a lot garbage objects and, as a result, trigger GC.
	It is recommended to disable useCacheForAllThreads by setting -Dorg.apache.ratis.thirdparty.io.netty.allocator.useCacheForAllThreads=false in command line.
2019-08-20 14:49:22,593 INFO  grpc.GrpcConfigKeys$Server (ConfUtils.java:logGet(43)) - raft.grpc.server.port = 0 (default)
2019-08-20 14:49:22,593 INFO  server.GrpcService (ConfUtils.java:logGet(43)) - raft.grpc.message.size.max = 33570816 (custom)
2019-08-20 14:49:22,594 INFO  server.RaftServerConfigKeys (ConfUtils.java:logGet(43)) - raft.server.log.appender.buffer.byte-limit = 33554432 (custom)
2019-08-20 14:49:22,594 INFO  server.GrpcService (ConfUtils.java:logGet(43)) - raft.grpc.flow.control.window = 1MB (=1048576) (default)
2019-08-20 14:49:22,594 INFO  server.RaftServerConfigKeys (ConfUtils.java:logGet(43)) - raft.server.rpc.request.timeout = 3000ms (default)
2019-08-20 14:49:22,594 INFO  server.RaftServerConfigKeys (ConfUtils.java:logGet(43)) - raft.server.storage.dir = [/workdir/hadoop-ozone/integration-test/target/test-dir/MiniOzoneClusterImpl-f1369eb2-7165-4223-a2a5-28cf637499e7/datanode-4/data/ratis] (custom)
2019-08-20 14:49:22,595 INFO  replication.SimpleContainerDownloader (SimpleContainerDownloader.java:<init>(72)) - Starting container downloader service to copy containers to replicate.
2019-08-20 14:49:22,596 INFO  hdfs.DFSUtil (DFSUtil.java:httpServerTemplateForNNAndJN(1641)) - Starting Web-server for hddsDatanode at: http://0.0.0.0:0
2019-08-20 14:49:22,597 INFO  server.AuthenticationFilter (AuthenticationFilter.java:constructSecretProvider(240)) - Unable to initialize FileSignerSecretProvider, falling back to use random secrets.
2019-08-20 14:49:22,597 WARN  http.HttpRequestLog (HttpRequestLog.java:getRequestLog(97)) - Jetty request log can only be enabled using Log4j
2019-08-20 14:49:22,598 INFO  http.HttpServer2 (HttpServer2.java:addGlobalFilter(975)) - Added global filter 'safety' (class=org.apache.hadoop.http.HttpServer2$QuotingInputFilter)
2019-08-20 14:49:22,599 INFO  http.HttpServer2 (HttpServer2.java:addFilter(948)) - Added filter static_user_filter (class=org.apache.hadoop.http.lib.StaticUserWebFilter$StaticUserFilter) to context hddsDatanode
2019-08-20 14:49:22,599 INFO  http.HttpServer2 (HttpServer2.java:addFilter(958)) - Added filter static_user_filter (class=org.apache.hadoop.http.lib.StaticUserWebFilter$StaticUserFilter) to context static
2019-08-20 14:49:22,599 INFO  http.HttpServer2 (HttpServer2.java:addFilter(958)) - Added filter static_user_filter (class=org.apache.hadoop.http.lib.StaticUserWebFilter$StaticUserFilter) to context logs
2019-08-20 14:49:22,600 INFO  http.HttpServer2 (HttpServer2.java:bindListener(1191)) - Jetty bound to port 38625
2019-08-20 14:49:22,600 INFO  server.Server (Server.java:doStart(351)) - jetty-9.3.24.v20180605, build timestamp: 2018-06-05T17:11:56Z, git hash: 84205aa28f11a4f31f2a3b86d1bba2cc8ab69827
2019-08-20 14:49:22,601 INFO  handler.ContextHandler (ContextHandler.java:doStart(781)) - Started o.e.j.s.ServletContextHandler@28592982{/logs,file:///workdir/hadoop-ozone/integration-test/target/log,AVAILABLE}
2019-08-20 14:49:22,601 INFO  handler.ContextHandler (ContextHandler.java:doStart(781)) - Started o.e.j.s.ServletContextHandler@a703934{/static,jar:file:/home/user/.m2/repository/org/apache/hadoop/hadoop-hdds-container-service/0.5.0-SNAPSHOT/hadoop-hdds-container-service-0.5.0-SNAPSHOT.jar!/webapps/static,AVAILABLE}
2019-08-20 14:49:22,626 INFO  handler.ContextHandler (ContextHandler.java:doStart(781)) - Started o.e.j.w.WebAppContext@29b61bb{/,file:///tmp/jetty-0.0.0.0-38625-hddsDatanode-_-any-7798128578166514582.dir/webapp/,AVAILABLE}{/hddsDatanode}
2019-08-20 14:49:22,626 INFO  server.AbstractConnector (AbstractConnector.java:doStart(278)) - Started ServerConnector@2fe152aa{HTTP/1.1,[http/1.1]}{0.0.0.0:38625}
2019-08-20 14:49:22,629 INFO  server.Server (Server.java:doStart(419)) - Started @181777ms
2019-08-20 14:49:22,630 INFO  server.BaseHttpServer (BaseHttpServer.java:updateConnectorAddress(213)) - HTTP server of HDDSDATANODE is listening at http://0.0.0.0:38625
2019-08-20 14:49:22,726 INFO  ozone.HddsDatanodeService (HddsDatanodeService.java:startPlugins(395)) - Started plug-in org.apache.hadoop.ozone.web.OzoneHddsDatanodeService@475a8415
2019-08-20 14:49:22,726 INFO  impl.MetricsSystemImpl (MetricsSystemImpl.java:init(158)) - HddsDatanode metrics system started (again)
2019-08-20 14:49:22,727 INFO  util.JvmPauseMonitor (JvmPauseMonitor.java:run(188)) - Starting JVM pause monitor
2019-08-20 14:49:22,749 INFO  datanode.InitDatanodeState (InitDatanodeState.java:persistContainerDatanodeDetails(140)) - DatanodeDetails is persisted to /workdir/hadoop-ozone/integration-test/target/test-dir/MiniOzoneClusterImpl-f1369eb2-7165-4223-a2a5-28cf637499e7/datanode-4/meta/datanode.id
2019-08-20 14:49:22,749 INFO  ozone.HddsDatanodeService (HddsDatanodeService.java:start(184)) - HddsDatanodeService host:pr-hdds-1942-s8lb6-241747594 ip:192.168.36.107
2019-08-20 14:49:22,762 INFO  volume.HddsVolume (HddsVolume.java:<init>(176)) - Creating Volume: /workdir/hadoop-ozone/integration-test/target/test-dir/MiniOzoneClusterImpl-f1369eb2-7165-4223-a2a5-28cf637499e7/datanode-5/data/containers/hdds of  storage type : DISK and capacity : 1482555576320
2019-08-20 14:49:22,763 INFO  volume.VolumeSet (VolumeSet.java:initializeVolumeSet(170)) - Added Volume : /workdir/hadoop-ozone/integration-test/target/test-dir/MiniOzoneClusterImpl-f1369eb2-7165-4223-a2a5-28cf637499e7/datanode-5/data/containers/hdds to VolumeSet
2019-08-20 14:49:22,763 INFO  volume.ThrottledAsyncChecker (ThrottledAsyncChecker.java:schedule(140)) - Scheduling a check for org.apache.hadoop.ozone.container.common.volume.HddsVolume@4d65fbad
2019-08-20 14:49:22,763 INFO  volume.HddsVolumeChecker (HddsVolumeChecker.java:checkAllVolumes(203)) - Scheduled health check for volume org.apache.hadoop.ozone.container.common.volume.HddsVolume@4d65fbad
2019-08-20 14:49:22,781 INFO  impl.RaftServerProxy (ConfUtils.java:logGet(43)) - raft.rpc.type = GRPC (default)
2019-08-20 14:49:22,781 INFO  grpc.GrpcFactory (GrpcFactory.java:checkPooledByteBufAllocatorUseCacheForAllThreads(45)) - PERFORMANCE WARNING: useCacheForAllThreads is true that may cause Netty to create a lot garbage objects and, as a result, trigger GC.
	It is recommended to disable useCacheForAllThreads by setting -Dorg.apache.ratis.thirdparty.io.netty.allocator.useCacheForAllThreads=false in command line.
2019-08-20 14:49:22,781 INFO  grpc.GrpcConfigKeys$Server (ConfUtils.java:logGet(43)) - raft.grpc.server.port = 0 (default)
2019-08-20 14:49:22,781 INFO  server.GrpcService (ConfUtils.java:logGet(43)) - raft.grpc.message.size.max = 33570816 (custom)
2019-08-20 14:49:22,781 INFO  server.RaftServerConfigKeys (ConfUtils.java:logGet(43)) - raft.server.log.appender.buffer.byte-limit = 33554432 (custom)
2019-08-20 14:49:22,781 INFO  server.GrpcService (ConfUtils.java:logGet(43)) - raft.grpc.flow.control.window = 1MB (=1048576) (default)
2019-08-20 14:49:22,782 INFO  server.RaftServerConfigKeys (ConfUtils.java:logGet(43)) - raft.server.rpc.request.timeout = 3000ms (default)
2019-08-20 14:49:22,782 INFO  server.RaftServerConfigKeys (ConfUtils.java:logGet(43)) - raft.server.storage.dir = [/workdir/hadoop-ozone/integration-test/target/test-dir/MiniOzoneClusterImpl-f1369eb2-7165-4223-a2a5-28cf637499e7/datanode-5/data/ratis] (custom)
2019-08-20 14:49:22,782 INFO  replication.SimpleContainerDownloader (SimpleContainerDownloader.java:<init>(72)) - Starting container downloader service to copy containers to replicate.
2019-08-20 14:49:22,783 INFO  hdfs.DFSUtil (DFSUtil.java:httpServerTemplateForNNAndJN(1641)) - Starting Web-server for hddsDatanode at: http://0.0.0.0:0
2019-08-20 14:49:22,785 INFO  server.AuthenticationFilter (AuthenticationFilter.java:constructSecretProvider(240)) - Unable to initialize FileSignerSecretProvider, falling back to use random secrets.
2019-08-20 14:49:22,785 WARN  http.HttpRequestLog (HttpRequestLog.java:getRequestLog(97)) - Jetty request log can only be enabled using Log4j
2019-08-20 14:49:22,786 INFO  http.HttpServer2 (HttpServer2.java:addGlobalFilter(975)) - Added global filter 'safety' (class=org.apache.hadoop.http.HttpServer2$QuotingInputFilter)
2019-08-20 14:49:22,787 INFO  http.HttpServer2 (HttpServer2.java:addFilter(948)) - Added filter static_user_filter (class=org.apache.hadoop.http.lib.StaticUserWebFilter$StaticUserFilter) to context hddsDatanode
2019-08-20 14:49:22,787 INFO  http.HttpServer2 (HttpServer2.java:addFilter(958)) - Added filter static_user_filter (class=org.apache.hadoop.http.lib.StaticUserWebFilter$StaticUserFilter) to context static
2019-08-20 14:49:22,787 INFO  http.HttpServer2 (HttpServer2.java:addFilter(958)) - Added filter static_user_filter (class=org.apache.hadoop.http.lib.StaticUserWebFilter$StaticUserFilter) to context logs
2019-08-20 14:49:22,787 INFO  http.HttpServer2 (HttpServer2.java:bindListener(1191)) - Jetty bound to port 45263
2019-08-20 14:49:22,788 INFO  server.Server (Server.java:doStart(351)) - jetty-9.3.24.v20180605, build timestamp: 2018-06-05T17:11:56Z, git hash: 84205aa28f11a4f31f2a3b86d1bba2cc8ab69827
2019-08-20 14:49:22,789 INFO  handler.ContextHandler (ContextHandler.java:doStart(781)) - Started o.e.j.s.ServletContextHandler@1cd4082a{/logs,file:///workdir/hadoop-ozone/integration-test/target/log,AVAILABLE}
2019-08-20 14:49:22,789 INFO  handler.ContextHandler (ContextHandler.java:doStart(781)) - Started o.e.j.s.ServletContextHandler@1b079e81{/static,jar:file:/home/user/.m2/repository/org/apache/hadoop/hadoop-hdds-container-service/0.5.0-SNAPSHOT/hadoop-hdds-container-service-0.5.0-SNAPSHOT.jar!/webapps/static,AVAILABLE}
2019-08-20 14:49:22,818 INFO  handler.ContextHandler (ContextHandler.java:doStart(781)) - Started o.e.j.w.WebAppContext@5687e92d{/,file:///tmp/jetty-0.0.0.0-45263-hddsDatanode-_-any-348277056603296174.dir/webapp/,AVAILABLE}{/hddsDatanode}
2019-08-20 14:49:22,819 INFO  server.AbstractConnector (AbstractConnector.java:doStart(278)) - Started ServerConnector@2eef43f5{HTTP/1.1,[http/1.1]}{0.0.0.0:45263}
2019-08-20 14:49:22,821 INFO  server.Server (Server.java:doStart(419)) - Started @181969ms
2019-08-20 14:49:22,822 INFO  server.BaseHttpServer (BaseHttpServer.java:updateConnectorAddress(213)) - HTTP server of HDDSDATANODE is listening at http://0.0.0.0:45263
2019-08-20 14:49:22,916 INFO  ozone.HddsDatanodeService (HddsDatanodeService.java:startPlugins(395)) - Started plug-in org.apache.hadoop.ozone.web.OzoneHddsDatanodeService@42599b84
2019-08-20 14:49:22,916 INFO  impl.MetricsSystemImpl (MetricsSystemImpl.java:init(158)) - HddsDatanode metrics system started (again)
2019-08-20 14:49:22,939 INFO  util.JvmPauseMonitor (JvmPauseMonitor.java:run(188)) - Starting JVM pause monitor
2019-08-20 14:49:22,940 INFO  ozone.HddsDatanodeService (HddsDatanodeService.java:start(184)) - HddsDatanodeService host:pr-hdds-1942-s8lb6-241747594 ip:192.168.36.107
2019-08-20 14:49:22,942 INFO  datanode.InitDatanodeState (InitDatanodeState.java:persistContainerDatanodeDetails(140)) - DatanodeDetails is persisted to /workdir/hadoop-ozone/integration-test/target/test-dir/MiniOzoneClusterImpl-f1369eb2-7165-4223-a2a5-28cf637499e7/datanode-5/meta/datanode.id
2019-08-20 14:49:22,953 INFO  volume.HddsVolume (HddsVolume.java:<init>(176)) - Creating Volume: /workdir/hadoop-ozone/integration-test/target/test-dir/MiniOzoneClusterImpl-f1369eb2-7165-4223-a2a5-28cf637499e7/datanode-6/data/containers/hdds of  storage type : DISK and capacity : 1482555576320
2019-08-20 14:49:22,953 INFO  volume.VolumeSet (VolumeSet.java:initializeVolumeSet(170)) - Added Volume : /workdir/hadoop-ozone/integration-test/target/test-dir/MiniOzoneClusterImpl-f1369eb2-7165-4223-a2a5-28cf637499e7/datanode-6/data/containers/hdds to VolumeSet
2019-08-20 14:49:22,954 INFO  volume.ThrottledAsyncChecker (ThrottledAsyncChecker.java:schedule(140)) - Scheduling a check for org.apache.hadoop.ozone.container.common.volume.HddsVolume@35800dea
2019-08-20 14:49:22,954 INFO  volume.HddsVolumeChecker (HddsVolumeChecker.java:checkAllVolumes(203)) - Scheduled health check for volume org.apache.hadoop.ozone.container.common.volume.HddsVolume@35800dea
2019-08-20 14:49:22,969 INFO  impl.RaftServerProxy (ConfUtils.java:logGet(43)) - raft.rpc.type = GRPC (default)
2019-08-20 14:49:22,969 INFO  grpc.GrpcFactory (GrpcFactory.java:checkPooledByteBufAllocatorUseCacheForAllThreads(45)) - PERFORMANCE WARNING: useCacheForAllThreads is true that may cause Netty to create a lot garbage objects and, as a result, trigger GC.
	It is recommended to disable useCacheForAllThreads by setting -Dorg.apache.ratis.thirdparty.io.netty.allocator.useCacheForAllThreads=false in command line.
2019-08-20 14:49:22,970 INFO  grpc.GrpcConfigKeys$Server (ConfUtils.java:logGet(43)) - raft.grpc.server.port = 0 (default)
2019-08-20 14:49:22,970 INFO  server.GrpcService (ConfUtils.java:logGet(43)) - raft.grpc.message.size.max = 33570816 (custom)
2019-08-20 14:49:22,970 INFO  server.RaftServerConfigKeys (ConfUtils.java:logGet(43)) - raft.server.log.appender.buffer.byte-limit = 33554432 (custom)
2019-08-20 14:49:22,970 INFO  server.GrpcService (ConfUtils.java:logGet(43)) - raft.grpc.flow.control.window = 1MB (=1048576) (default)
2019-08-20 14:49:22,971 INFO  server.RaftServerConfigKeys (ConfUtils.java:logGet(43)) - raft.server.rpc.request.timeout = 3000ms (default)
2019-08-20 14:49:22,971 INFO  server.RaftServerConfigKeys (ConfUtils.java:logGet(43)) - raft.server.storage.dir = [/workdir/hadoop-ozone/integration-test/target/test-dir/MiniOzoneClusterImpl-f1369eb2-7165-4223-a2a5-28cf637499e7/datanode-6/data/ratis] (custom)
2019-08-20 14:49:22,972 INFO  replication.SimpleContainerDownloader (SimpleContainerDownloader.java:<init>(72)) - Starting container downloader service to copy containers to replicate.
2019-08-20 14:49:22,973 INFO  hdfs.DFSUtil (DFSUtil.java:httpServerTemplateForNNAndJN(1641)) - Starting Web-server for hddsDatanode at: http://0.0.0.0:0
2019-08-20 14:49:22,974 INFO  server.AuthenticationFilter (AuthenticationFilter.java:constructSecretProvider(240)) - Unable to initialize FileSignerSecretProvider, falling back to use random secrets.
2019-08-20 14:49:22,975 WARN  http.HttpRequestLog (HttpRequestLog.java:getRequestLog(97)) - Jetty request log can only be enabled using Log4j
2019-08-20 14:49:22,976 INFO  http.HttpServer2 (HttpServer2.java:addGlobalFilter(975)) - Added global filter 'safety' (class=org.apache.hadoop.http.HttpServer2$QuotingInputFilter)
2019-08-20 14:49:22,976 INFO  http.HttpServer2 (HttpServer2.java:addFilter(948)) - Added filter static_user_filter (class=org.apache.hadoop.http.lib.StaticUserWebFilter$StaticUserFilter) to context hddsDatanode
2019-08-20 14:49:22,976 INFO  http.HttpServer2 (HttpServer2.java:addFilter(958)) - Added filter static_user_filter (class=org.apache.hadoop.http.lib.StaticUserWebFilter$StaticUserFilter) to context static
2019-08-20 14:49:22,977 INFO  http.HttpServer2 (HttpServer2.java:addFilter(958)) - Added filter static_user_filter (class=org.apache.hadoop.http.lib.StaticUserWebFilter$StaticUserFilter) to context logs
2019-08-20 14:49:22,977 INFO  http.HttpServer2 (HttpServer2.java:bindListener(1191)) - Jetty bound to port 42172
2019-08-20 14:49:22,977 INFO  server.Server (Server.java:doStart(351)) - jetty-9.3.24.v20180605, build timestamp: 2018-06-05T17:11:56Z, git hash: 84205aa28f11a4f31f2a3b86d1bba2cc8ab69827
2019-08-20 14:49:22,978 INFO  handler.ContextHandler (ContextHandler.java:doStart(781)) - Started o.e.j.s.ServletContextHandler@26c349fc{/logs,file:///workdir/hadoop-ozone/integration-test/target/log,AVAILABLE}
2019-08-20 14:49:22,979 INFO  handler.ContextHandler (ContextHandler.java:doStart(781)) - Started o.e.j.s.ServletContextHandler@489a722d{/static,jar:file:/home/user/.m2/repository/org/apache/hadoop/hadoop-hdds-container-service/0.5.0-SNAPSHOT/hadoop-hdds-container-service-0.5.0-SNAPSHOT.jar!/webapps/static,AVAILABLE}
2019-08-20 14:49:23,005 INFO  handler.ContextHandler (ContextHandler.java:doStart(781)) - Started o.e.j.w.WebAppContext@75051d05{/,file:///tmp/jetty-0.0.0.0-42172-hddsDatanode-_-any-5435654341415076300.dir/webapp/,AVAILABLE}{/hddsDatanode}
2019-08-20 14:49:23,006 INFO  server.AbstractConnector (AbstractConnector.java:doStart(278)) - Started ServerConnector@747b8f5c{HTTP/1.1,[http/1.1]}{0.0.0.0:42172}
2019-08-20 14:49:23,009 INFO  server.Server (Server.java:doStart(419)) - Started @182156ms
2019-08-20 14:49:23,010 INFO  server.BaseHttpServer (BaseHttpServer.java:updateConnectorAddress(213)) - HTTP server of HDDSDATANODE is listening at http://0.0.0.0:42172
2019-08-20 14:49:23,118 INFO  ozone.HddsDatanodeService (HddsDatanodeService.java:startPlugins(395)) - Started plug-in org.apache.hadoop.ozone.web.OzoneHddsDatanodeService@31d327b6
2019-08-20 14:49:23,119 INFO  ozone.MiniOzoneClusterImpl (MiniOzoneClusterImpl.java:lambda$waitForClusterToBeReady$0(142)) - Waiting for cluster to be ready. Got 0 of 7 DN Heartbeats.
2019-08-20 14:49:23,119 INFO  util.JvmPauseMonitor (JvmPauseMonitor.java:run(188)) - Starting JVM pause monitor
2019-08-20 14:49:23,120 INFO  datanode.InitDatanodeState (InitDatanodeState.java:persistContainerDatanodeDetails(140)) - DatanodeDetails is persisted to /workdir/hadoop-ozone/integration-test/target/test-dir/MiniOzoneClusterImpl-f1369eb2-7165-4223-a2a5-28cf637499e7/datanode-6/meta/datanode.id
2019-08-20 14:49:23,815 INFO  ozoneimpl.OzoneContainer (OzoneContainer.java:start(186)) - Attempting to start container services.
2019-08-20 14:49:23,815 INFO  ozoneimpl.OzoneContainer (OzoneContainer.java:startContainerScrub(160)) - Background container scrubber has been disabled by hdds.containerscrub.enabled
2019-08-20 14:49:23,815 INFO  ratis.XceiverServerRatis (XceiverServerRatis.java:start(404)) - Starting XceiverServerRatis b1b65029-3686-41d4-82ad-eecc9f790e57 at port 0
2019-08-20 14:49:23,820 INFO  impl.RaftServerProxy (RaftServerProxy.java:lambda$start$3(299)) - b1b65029-3686-41d4-82ad-eecc9f790e57: start RPC server
2019-08-20 14:49:23,825 INFO  server.GrpcService (GrpcService.java:startImpl(149)) - b1b65029-3686-41d4-82ad-eecc9f790e57: GrpcService started, listening on 0.0.0.0/0.0.0.0:45812
2019-08-20 14:49:23,825 INFO  ratis.XceiverServerRatis (XceiverServerRatis.java:start(414)) - XceiverServerRatis b1b65029-3686-41d4-82ad-eecc9f790e57 is started using port 45812
2019-08-20 14:49:23,825 INFO  server.XceiverServerGrpc (XceiverServerGrpc.java:start(161)) - XceiverServerGrpc b1b65029-3686-41d4-82ad-eecc9f790e57 is started using port 45552
2019-08-20 14:49:24,119 INFO  ozone.MiniOzoneClusterImpl (MiniOzoneClusterImpl.java:lambda$waitForClusterToBeReady$0(142)) - Waiting for cluster to be ready. Got 0 of 7 DN Heartbeats.
2019-08-20 14:49:24,186 INFO  ozoneimpl.OzoneContainer (OzoneContainer.java:start(186)) - Attempting to start container services.
2019-08-20 14:49:24,186 INFO  ozoneimpl.OzoneContainer (OzoneContainer.java:startContainerScrub(160)) - Background container scrubber has been disabled by hdds.containerscrub.enabled
2019-08-20 14:49:24,186 INFO  ratis.XceiverServerRatis (XceiverServerRatis.java:start(404)) - Starting XceiverServerRatis 281a123a-c6ad-43f0-8a3c-4f445d6004a4 at port 0
2019-08-20 14:49:24,192 INFO  impl.RaftServerProxy (RaftServerProxy.java:lambda$start$3(299)) - 281a123a-c6ad-43f0-8a3c-4f445d6004a4: start RPC server
2019-08-20 14:49:24,196 INFO  server.GrpcService (GrpcService.java:startImpl(149)) - 281a123a-c6ad-43f0-8a3c-4f445d6004a4: GrpcService started, listening on 0.0.0.0/0.0.0.0:36858
2019-08-20 14:49:24,196 INFO  ratis.XceiverServerRatis (XceiverServerRatis.java:start(414)) - XceiverServerRatis 281a123a-c6ad-43f0-8a3c-4f445d6004a4 is started using port 36858
2019-08-20 14:49:24,200 INFO  server.XceiverServerGrpc (XceiverServerGrpc.java:start(161)) - XceiverServerGrpc 281a123a-c6ad-43f0-8a3c-4f445d6004a4 is started using port 37443
2019-08-20 14:49:24,404 INFO  ozoneimpl.OzoneContainer (OzoneContainer.java:start(186)) - Attempting to start container services.
2019-08-20 14:49:24,404 INFO  ozoneimpl.OzoneContainer (OzoneContainer.java:startContainerScrub(160)) - Background container scrubber has been disabled by hdds.containerscrub.enabled
2019-08-20 14:49:24,405 INFO  ratis.XceiverServerRatis (XceiverServerRatis.java:start(404)) - Starting XceiverServerRatis c43c6941-c698-401b-8222-bca35851ed92 at port 0
2019-08-20 14:49:24,411 INFO  impl.RaftServerProxy (RaftServerProxy.java:lambda$start$3(299)) - c43c6941-c698-401b-8222-bca35851ed92: start RPC server
2019-08-20 14:49:24,412 INFO  server.GrpcService (GrpcService.java:startImpl(149)) - c43c6941-c698-401b-8222-bca35851ed92: GrpcService started, listening on 0.0.0.0/0.0.0.0:45103
2019-08-20 14:49:24,412 INFO  ratis.XceiverServerRatis (XceiverServerRatis.java:start(414)) - XceiverServerRatis c43c6941-c698-401b-8222-bca35851ed92 is started using port 45103
2019-08-20 14:49:24,412 INFO  server.XceiverServerGrpc (XceiverServerGrpc.java:start(161)) - XceiverServerGrpc c43c6941-c698-401b-8222-bca35851ed92 is started using port 36980
2019-08-20 14:49:24,591 INFO  ozoneimpl.OzoneContainer (OzoneContainer.java:start(186)) - Attempting to start container services.
2019-08-20 14:49:24,591 INFO  ozoneimpl.OzoneContainer (OzoneContainer.java:startContainerScrub(160)) - Background container scrubber has been disabled by hdds.containerscrub.enabled
2019-08-20 14:49:24,592 INFO  ratis.XceiverServerRatis (XceiverServerRatis.java:start(404)) - Starting XceiverServerRatis c6f0101b-46e5-4976-8ccb-fb5bb5b8ac3c at port 0
2019-08-20 14:49:24,596 INFO  impl.RaftServerProxy (RaftServerProxy.java:lambda$start$3(299)) - c6f0101b-46e5-4976-8ccb-fb5bb5b8ac3c: start RPC server
2019-08-20 14:49:24,597 INFO  server.GrpcService (GrpcService.java:startImpl(149)) - c6f0101b-46e5-4976-8ccb-fb5bb5b8ac3c: GrpcService started, listening on 0.0.0.0/0.0.0.0:45278
2019-08-20 14:49:24,598 INFO  ratis.XceiverServerRatis (XceiverServerRatis.java:start(414)) - XceiverServerRatis c6f0101b-46e5-4976-8ccb-fb5bb5b8ac3c is started using port 45278
2019-08-20 14:49:24,598 INFO  server.XceiverServerGrpc (XceiverServerGrpc.java:start(161)) - XceiverServerGrpc c6f0101b-46e5-4976-8ccb-fb5bb5b8ac3c is started using port 42509
2019-08-20 14:49:24,742 INFO  ozoneimpl.OzoneContainer (OzoneContainer.java:start(186)) - Attempting to start container services.
2019-08-20 14:49:24,742 INFO  ozoneimpl.OzoneContainer (OzoneContainer.java:startContainerScrub(160)) - Background container scrubber has been disabled by hdds.containerscrub.enabled
2019-08-20 14:49:24,742 INFO  ratis.XceiverServerRatis (XceiverServerRatis.java:start(404)) - Starting XceiverServerRatis 30be3dbe-c893-4b50-93b5-0dd56fab25fe at port 0
2019-08-20 14:49:24,748 INFO  impl.RaftServerProxy (RaftServerProxy.java:lambda$start$3(299)) - 30be3dbe-c893-4b50-93b5-0dd56fab25fe: start RPC server
2019-08-20 14:49:24,755 INFO  server.GrpcService (GrpcService.java:startImpl(149)) - 30be3dbe-c893-4b50-93b5-0dd56fab25fe: GrpcService started, listening on 0.0.0.0/0.0.0.0:33817
2019-08-20 14:49:24,755 INFO  ratis.XceiverServerRatis (XceiverServerRatis.java:start(414)) - XceiverServerRatis 30be3dbe-c893-4b50-93b5-0dd56fab25fe is started using port 33817
2019-08-20 14:49:24,758 INFO  server.XceiverServerGrpc (XceiverServerGrpc.java:start(161)) - XceiverServerGrpc 30be3dbe-c893-4b50-93b5-0dd56fab25fe is started using port 38400
2019-08-20 14:49:24,956 INFO  ozoneimpl.OzoneContainer (OzoneContainer.java:start(186)) - Attempting to start container services.
2019-08-20 14:49:24,956 INFO  ozoneimpl.OzoneContainer (OzoneContainer.java:startContainerScrub(160)) - Background container scrubber has been disabled by hdds.containerscrub.enabled
2019-08-20 14:49:24,956 INFO  ratis.XceiverServerRatis (XceiverServerRatis.java:start(404)) - Starting XceiverServerRatis d461666d-3393-4914-8f68-1e7af24d3b9e at port 0
2019-08-20 14:49:24,961 INFO  impl.RaftServerProxy (RaftServerProxy.java:lambda$start$3(299)) - d461666d-3393-4914-8f68-1e7af24d3b9e: start RPC server
2019-08-20 14:49:24,962 INFO  server.GrpcService (GrpcService.java:startImpl(149)) - d461666d-3393-4914-8f68-1e7af24d3b9e: GrpcService started, listening on 0.0.0.0/0.0.0.0:33334
2019-08-20 14:49:24,962 INFO  ratis.XceiverServerRatis (XceiverServerRatis.java:start(414)) - XceiverServerRatis d461666d-3393-4914-8f68-1e7af24d3b9e is started using port 33334
2019-08-20 14:49:24,967 INFO  server.XceiverServerGrpc (XceiverServerGrpc.java:start(161)) - XceiverServerGrpc d461666d-3393-4914-8f68-1e7af24d3b9e is started using port 45508
2019-08-20 14:49:25,119 INFO  ozone.MiniOzoneClusterImpl (MiniOzoneClusterImpl.java:lambda$waitForClusterToBeReady$0(142)) - Waiting for cluster to be ready. Got 0 of 7 DN Heartbeats.
2019-08-20 14:49:25,147 INFO  ozoneimpl.OzoneContainer (OzoneContainer.java:start(186)) - Attempting to start container services.
2019-08-20 14:49:25,148 INFO  ozoneimpl.OzoneContainer (OzoneContainer.java:startContainerScrub(160)) - Background container scrubber has been disabled by hdds.containerscrub.enabled
2019-08-20 14:49:25,148 INFO  ratis.XceiverServerRatis (XceiverServerRatis.java:start(404)) - Starting XceiverServerRatis 0672359c-6225-42b1-8883-1f37891fbc0f at port 0
2019-08-20 14:49:25,153 INFO  impl.RaftServerProxy (RaftServerProxy.java:lambda$start$3(299)) - 0672359c-6225-42b1-8883-1f37891fbc0f: start RPC server
2019-08-20 14:49:25,154 INFO  server.GrpcService (GrpcService.java:startImpl(149)) - 0672359c-6225-42b1-8883-1f37891fbc0f: GrpcService started, listening on 0.0.0.0/0.0.0.0:40745
2019-08-20 14:49:25,154 INFO  ratis.XceiverServerRatis (XceiverServerRatis.java:start(414)) - XceiverServerRatis 0672359c-6225-42b1-8883-1f37891fbc0f is started using port 40745
2019-08-20 14:49:25,178 INFO  server.XceiverServerGrpc (XceiverServerGrpc.java:start(161)) - XceiverServerGrpc 0672359c-6225-42b1-8883-1f37891fbc0f is started using port 42651
2019-08-20 14:49:25,780 INFO  net.NetworkTopology (NetworkTopologyImpl.java:add(110)) - Added a new node: /default-rack/b1b65029-3686-41d4-82ad-eecc9f790e57
2019-08-20 14:49:25,780 INFO  node.SCMNodeManager (SCMNodeManager.java:register(273)) - Registered Data node : b1b65029-3686-41d4-82ad-eecc9f790e57{ip: 192.168.36.107, host: pr-hdds-1942-s8lb6-241747594, networkLocation: /default-rack, certSerialId: null}
2019-08-20 14:49:25,785 INFO  safemode.SCMSafeModeManager (DataNodeSafeModeRule.java:process(71)) - SCM in safe mode. 1 DataNodes registered, 1 required.
2019-08-20 14:49:25,788 INFO  safemode.SCMSafeModeManager (SCMSafeModeManager.java:validateSafeModeExitRules(177)) - ScmSafeModeManager, all rules are successfully validated
2019-08-20 14:49:25,788 INFO  safemode.SCMSafeModeManager (SCMSafeModeManager.java:exitSafeMode(193)) - SCM exiting safe mode.
2019-08-20 14:49:25,800 INFO  impl.RaftServerProxy (RaftServerProxy.java:addNew(89)) - b1b65029-3686-41d4-82ad-eecc9f790e57: addNew group-A6F355A970C0:[b1b65029-3686-41d4-82ad-eecc9f790e57:192.168.36.107:45812] returns group-A6F355A970C0:java.util.concurrent.CompletableFuture@29668dfc[Not completed]
2019-08-20 14:49:25,801 INFO  impl.RaftServerImpl (RaftServerImpl.java:<init>(93)) - b1b65029-3686-41d4-82ad-eecc9f790e57: new RaftServerImpl for group-A6F355A970C0:[b1b65029-3686-41d4-82ad-eecc9f790e57:192.168.36.107:45812] with ContainerStateMachine:uninitialized
2019-08-20 14:49:25,801 INFO  server.RaftServerConfigKeys (ConfUtils.java:logGet(43)) - raft.server.rpc.timeout.min = 5s (custom)
2019-08-20 14:49:25,801 INFO  server.RaftServerConfigKeys (ConfUtils.java:logGet(43)) - raft.server.rpc.timeout.max = 5200ms (custom)
2019-08-20 14:49:25,801 INFO  server.RaftServerConfigKeys (ConfUtils.java:logGet(43)) - raft.server.rpcslowness.timeout = 120s (custom)
2019-08-20 14:49:25,801 INFO  server.RaftServerConfigKeys (ConfUtils.java:logGet(43)) - raft.server.sleep.deviation.threshold = 300 (default)
2019-08-20 14:49:25,801 INFO  server.RaftServerConfigKeys (ConfUtils.java:logGet(43)) - raft.server.log.appender.install.snapshot.enabled = false (custom)
2019-08-20 14:49:25,801 INFO  impl.RaftServerImpl (ServerState.java:<init>(105)) - b1b65029-3686-41d4-82ad-eecc9f790e57:group-A6F355A970C0 ConfigurationManager, init=-1: [b1b65029-3686-41d4-82ad-eecc9f790e57:192.168.36.107:45812], old=null, confs=<EMPTY_MAP>
2019-08-20 14:49:25,801 INFO  server.RaftServerConfigKeys (ConfUtils.java:logGet(43)) - raft.server.storage.dir = [/workdir/hadoop-ozone/integration-test/target/test-dir/MiniOzoneClusterImpl-f1369eb2-7165-4223-a2a5-28cf637499e7/datanode-0/data/ratis] (custom)
2019-08-20 14:49:25,802 INFO  storage.RaftStorageDirectory (RaftStorageDirectory.java:analyzeStorage(246)) - The storage directory /workdir/hadoop-ozone/integration-test/target/test-dir/MiniOzoneClusterImpl-f1369eb2-7165-4223-a2a5-28cf637499e7/datanode-0/data/ratis/7cf05b3f-cf6d-4ec2-b65d-a6f355a970c0 does not exist. Creating ...
2019-08-20 14:49:25,820 INFO  storage.RaftStorageDirectory (RaftStorageDirectory.java:tryLock(328)) - Lock on /workdir/hadoop-ozone/integration-test/target/test-dir/MiniOzoneClusterImpl-f1369eb2-7165-4223-a2a5-28cf637499e7/datanode-0/data/ratis/7cf05b3f-cf6d-4ec2-b65d-a6f355a970c0/in_use.lock acquired by nodename 31473@pr-hdds-1942-s8lb6-241747594
2019-08-20 14:49:25,830 INFO  storage.RaftStorage (RaftStorage.java:format(72)) - Storage directory /workdir/hadoop-ozone/integration-test/target/test-dir/MiniOzoneClusterImpl-f1369eb2-7165-4223-a2a5-28cf637499e7/datanode-0/data/ratis/7cf05b3f-cf6d-4ec2-b65d-a6f355a970c0 has been successfully formatted.
2019-08-20 14:49:25,831 INFO  ratis.ContainerStateMachine (ContainerStateMachine.java:loadSnapshot(222)) - group-A6F355A970C0: The snapshot info is null. Setting the last applied indexto:(t:0, i:~)
2019-08-20 14:49:25,831 INFO  server.RaftServerConfigKeys (ConfUtils.java:logGet(43)) - raft.server.leader.election.timeout = 120s (custom)
2019-08-20 14:49:25,831 INFO  server.RaftServerConfigKeys (ConfUtils.java:logGet(43)) - raft.server.log.use.memory = false (default)
2019-08-20 14:49:25,831 INFO  server.RaftServerConfigKeys (ConfUtils.java:logGet(43)) - raft.server.log.purge.gap = 1000000000 (custom)
2019-08-20 14:49:25,831 INFO  server.RaftServerConfigKeys (ConfUtils.java:logGet(43)) - raft.server.log.appender.buffer.byte-limit = 33554432 (custom)
2019-08-20 14:49:25,831 INFO  server.RaftServerConfigKeys (ConfUtils.java:logGet(43)) - raft.server.log.segment.size.max = 1048576 (custom)
2019-08-20 14:49:25,831 INFO  server.RaftServerConfigKeys (ConfUtils.java:logGet(43)) - raft.server.log.segment.cache.num.max = 2 (custom)
2019-08-20 14:49:25,831 INFO  segmented.SegmentedRaftLogWorker (SegmentedRaftLogWorker.java:<init>(172)) - new b1b65029-3686-41d4-82ad-eecc9f790e57-SegmentedRaftLogWorker:Storage Directory /workdir/hadoop-ozone/integration-test/target/test-dir/MiniOzoneClusterImpl-f1369eb2-7165-4223-a2a5-28cf637499e7/datanode-0/data/ratis/7cf05b3f-cf6d-4ec2-b65d-a6f355a970c0 for RaftStorage:Storage Directory /workdir/hadoop-ozone/integration-test/target/test-dir/MiniOzoneClusterImpl-f1369eb2-7165-4223-a2a5-28cf637499e7/datanode-0/data/ratis/7cf05b3f-cf6d-4ec2-b65d-a6f355a970c0
2019-08-20 14:49:25,831 INFO  server.RaftServerConfigKeys (ConfUtils.java:logGet(43)) - raft.server.log.queue.byte-limit = 2147483647 (custom)
2019-08-20 14:49:25,832 INFO  server.RaftServerConfigKeys (ConfUtils.java:logGet(43)) - raft.server.log.queue.element-limit = 1024 (custom)
2019-08-20 14:49:25,832 INFO  server.RaftServerConfigKeys (ConfUtils.java:logGet(43)) - raft.server.log.segment.size.max = 1048576 (custom)
2019-08-20 14:49:25,832 INFO  server.RaftServerConfigKeys (ConfUtils.java:logGet(43)) - raft.server.log.preallocated.size = 16384 (custom)
2019-08-20 14:49:25,832 INFO  server.RaftServerConfigKeys (ConfUtils.java:logGet(43)) - raft.server.log.write.buffer.size = 33554432 (custom)
2019-08-20 14:49:25,832 INFO  server.RaftServerConfigKeys (ConfUtils.java:logGet(43)) - raft.server.log.force.sync.num = 128 (default)
2019-08-20 14:49:25,832 INFO  server.RaftServerConfigKeys (ConfUtils.java:logGet(43)) - raft.server.log.statemachine.data.sync = true (default)
2019-08-20 14:49:25,832 INFO  server.RaftServerConfigKeys (ConfUtils.java:logGet(43)) - raft.server.log.statemachine.data.sync.timeout = 10s (default)
2019-08-20 14:49:25,832 INFO  server.RaftServerConfigKeys (ConfUtils.java:logGet(43)) - raft.server.log.statemachine.data.sync.timeout.retry = -1 (default)
2019-08-20 14:49:25,833 INFO  server.RaftServerConfigKeys (ConfUtils.java:logGet(43)) - raft.server.log.statemachine.data.caching.enabled = true (custom)
2019-08-20 14:49:25,833 INFO  segmented.SegmentedRaftLogWorker (SegmentedRaftLogWorker.java:lambda$new$0(132)) - b1b65029-3686-41d4-82ad-eecc9f790e57-SegmentedRaftLogWorker:Storage Directory /workdir/hadoop-ozone/integration-test/target/test-dir/MiniOzoneClusterImpl-f1369eb2-7165-4223-a2a5-28cf637499e7/datanode-0/data/ratis/7cf05b3f-cf6d-4ec2-b65d-a6f355a970c0: flushIndex: setUnconditionally 0 -> -1
2019-08-20 14:49:25,833 INFO  server.RaftServerConfigKeys (ConfUtils.java:logGet(43)) - raft.server.snapshot.auto.trigger.enabled = true (custom)
2019-08-20 14:49:25,833 INFO  server.RaftServerConfigKeys (ConfUtils.java:logGet(43)) - raft.server.snapshot.auto.trigger.threshold = 10000 (custom)
2019-08-20 14:49:25,833 INFO  server.RaftServerConfigKeys (ConfUtils.java:logGet(43)) - raft.server.retrycache.expirytime = 600000ms (custom)
2019-08-20 14:49:25,833 INFO  impl.RaftServerImpl (RaftServerImpl.java:start(180)) - b1b65029-3686-41d4-82ad-eecc9f790e57: start group-A6F355A970C0
2019-08-20 14:49:25,833 INFO  impl.RaftServerImpl (RaftServerImpl.java:setRole(171)) - b1b65029-3686-41d4-82ad-eecc9f790e57:group-A6F355A970C0 changes role from null to FOLLOWER at term 0 for startAsFollower
2019-08-20 14:49:25,834 INFO  impl.RoleInfo (RoleInfo.java:updateAndGet(143)) - b1b65029-3686-41d4-82ad-eecc9f790e57: start FollowerState
2019-08-20 14:49:25,834 INFO  util.JmxRegister (JmxRegister.java:tryRegister(44)) - Successfully registered JMX Bean with object name Ratis:service=RaftServer,group=group-A6F355A970C0,id=b1b65029-3686-41d4-82ad-eecc9f790e57
2019-08-20 14:49:25,836 INFO  pipeline.PipelineStateManager (PipelineStateManager.java:addPipeline(56)) - Created pipeline Pipeline[ Id: 7cf05b3f-cf6d-4ec2-b65d-a6f355a970c0, Nodes: b1b65029-3686-41d4-82ad-eecc9f790e57{ip: 192.168.36.107, host: pr-hdds-1942-s8lb6-241747594, networkLocation: /default-rack, certSerialId: null}, Type:RATIS, Factor:ONE, State:OPEN]
2019-08-20 14:49:26,120 INFO  ozone.MiniOzoneClusterImpl (MiniOzoneClusterImpl.java:lambda$waitForClusterToBeReady$0(142)) - Waiting for cluster to be ready. Got 1 of 7 DN Heartbeats.
2019-08-20 14:49:26,168 INFO  net.NetworkTopology (NetworkTopologyImpl.java:add(110)) - Added a new node: /default-rack/281a123a-c6ad-43f0-8a3c-4f445d6004a4
2019-08-20 14:49:26,169 INFO  node.SCMNodeManager (SCMNodeManager.java:register(273)) - Registered Data node : 281a123a-c6ad-43f0-8a3c-4f445d6004a4{ip: 192.168.36.107, host: pr-hdds-1942-s8lb6-241747594, networkLocation: /default-rack, certSerialId: null}
2019-08-20 14:49:26,179 INFO  impl.RaftServerProxy (RaftServerProxy.java:addNew(89)) - 281a123a-c6ad-43f0-8a3c-4f445d6004a4: addNew group-94071CC61E2D:[281a123a-c6ad-43f0-8a3c-4f445d6004a4:192.168.36.107:36858] returns group-94071CC61E2D:java.util.concurrent.CompletableFuture@689d2ccb[Not completed]
2019-08-20 14:49:26,180 INFO  impl.RaftServerImpl (RaftServerImpl.java:<init>(93)) - 281a123a-c6ad-43f0-8a3c-4f445d6004a4: new RaftServerImpl for group-94071CC61E2D:[281a123a-c6ad-43f0-8a3c-4f445d6004a4:192.168.36.107:36858] with ContainerStateMachine:uninitialized
2019-08-20 14:49:26,180 INFO  server.RaftServerConfigKeys (ConfUtils.java:logGet(43)) - raft.server.rpc.timeout.min = 5s (custom)
2019-08-20 14:49:26,180 INFO  server.RaftServerConfigKeys (ConfUtils.java:logGet(43)) - raft.server.rpc.timeout.max = 5200ms (custom)
2019-08-20 14:49:26,180 INFO  server.RaftServerConfigKeys (ConfUtils.java:logGet(43)) - raft.server.rpcslowness.timeout = 120s (custom)
2019-08-20 14:49:26,180 INFO  server.RaftServerConfigKeys (ConfUtils.java:logGet(43)) - raft.server.sleep.deviation.threshold = 300 (default)
2019-08-20 14:49:26,180 INFO  server.RaftServerConfigKeys (ConfUtils.java:logGet(43)) - raft.server.log.appender.install.snapshot.enabled = false (custom)
2019-08-20 14:49:26,181 INFO  impl.RaftServerImpl (ServerState.java:<init>(105)) - 281a123a-c6ad-43f0-8a3c-4f445d6004a4:group-94071CC61E2D ConfigurationManager, init=-1: [281a123a-c6ad-43f0-8a3c-4f445d6004a4:192.168.36.107:36858], old=null, confs=<EMPTY_MAP>
2019-08-20 14:49:26,181 INFO  server.RaftServerConfigKeys (ConfUtils.java:logGet(43)) - raft.server.storage.dir = [/workdir/hadoop-ozone/integration-test/target/test-dir/MiniOzoneClusterImpl-f1369eb2-7165-4223-a2a5-28cf637499e7/datanode-1/data/ratis] (custom)
2019-08-20 14:49:26,181 INFO  storage.RaftStorageDirectory (RaftStorageDirectory.java:analyzeStorage(246)) - The storage directory /workdir/hadoop-ozone/integration-test/target/test-dir/MiniOzoneClusterImpl-f1369eb2-7165-4223-a2a5-28cf637499e7/datanode-1/data/ratis/25a1a717-9b6b-426b-85b7-94071cc61e2d does not exist. Creating ...
2019-08-20 14:49:26,382 INFO  net.NetworkTopology (NetworkTopologyImpl.java:add(110)) - Added a new node: /default-rack/c43c6941-c698-401b-8222-bca35851ed92
2019-08-20 14:49:26,382 INFO  node.SCMNodeManager (SCMNodeManager.java:register(273)) - Registered Data node : c43c6941-c698-401b-8222-bca35851ed92{ip: 192.168.36.107, host: pr-hdds-1942-s8lb6-241747594, networkLocation: /default-rack, certSerialId: null}
2019-08-20 14:49:26,568 INFO  net.NetworkTopology (NetworkTopologyImpl.java:add(110)) - Added a new node: /default-rack/c6f0101b-46e5-4976-8ccb-fb5bb5b8ac3c
2019-08-20 14:49:26,569 INFO  node.SCMNodeManager (SCMNodeManager.java:register(273)) - Registered Data node : c6f0101b-46e5-4976-8ccb-fb5bb5b8ac3c{ip: 192.168.36.107, host: pr-hdds-1942-s8lb6-241747594, networkLocation: /default-rack, certSerialId: null}
2019-08-20 14:49:26,709 INFO  storage.RaftStorageDirectory (RaftStorageDirectory.java:tryLock(328)) - Lock on /workdir/hadoop-ozone/integration-test/target/test-dir/MiniOzoneClusterImpl-f1369eb2-7165-4223-a2a5-28cf637499e7/datanode-1/data/ratis/25a1a717-9b6b-426b-85b7-94071cc61e2d/in_use.lock acquired by nodename 31473@pr-hdds-1942-s8lb6-241747594
2019-08-20 14:49:26,728 INFO  net.NetworkTopology (NetworkTopologyImpl.java:add(110)) - Added a new node: /default-rack/30be3dbe-c893-4b50-93b5-0dd56fab25fe
2019-08-20 14:49:26,729 INFO  node.SCMNodeManager (SCMNodeManager.java:register(273)) - Registered Data node : 30be3dbe-c893-4b50-93b5-0dd56fab25fe{ip: 192.168.36.107, host: pr-hdds-1942-s8lb6-241747594, networkLocation: /default-rack, certSerialId: null}
2019-08-20 14:49:26,940 INFO  net.NetworkTopology (NetworkTopologyImpl.java:add(110)) - Added a new node: /default-rack/d461666d-3393-4914-8f68-1e7af24d3b9e
2019-08-20 14:49:26,941 INFO  node.SCMNodeManager (SCMNodeManager.java:register(273)) - Registered Data node : d461666d-3393-4914-8f68-1e7af24d3b9e{ip: 192.168.36.107, host: pr-hdds-1942-s8lb6-241747594, networkLocation: /default-rack, certSerialId: null}
2019-08-20 14:49:27,120 INFO  ozone.MiniOzoneClusterImpl (MiniOzoneClusterImpl.java:lambda$waitForClusterToBeReady$0(142)) - Waiting for cluster to be ready. Got 6 of 7 DN Heartbeats.
2019-08-20 14:49:27,121 INFO  net.NetworkTopology (NetworkTopologyImpl.java:add(110)) - Added a new node: /default-rack/0672359c-6225-42b1-8883-1f37891fbc0f
2019-08-20 14:49:27,121 INFO  node.SCMNodeManager (SCMNodeManager.java:register(273)) - Registered Data node : 0672359c-6225-42b1-8883-1f37891fbc0f{ip: 192.168.36.107, host: pr-hdds-1942-s8lb6-241747594, networkLocation: /default-rack, certSerialId: null}
2019-08-20 14:49:27,457 INFO  storage.RaftStorage (RaftStorage.java:format(72)) - Storage directory /workdir/hadoop-ozone/integration-test/target/test-dir/MiniOzoneClusterImpl-f1369eb2-7165-4223-a2a5-28cf637499e7/datanode-1/data/ratis/25a1a717-9b6b-426b-85b7-94071cc61e2d has been successfully formatted.
2019-08-20 14:49:27,458 INFO  ratis.ContainerStateMachine (ContainerStateMachine.java:loadSnapshot(222)) - group-94071CC61E2D: The snapshot info is null. Setting the last applied indexto:(t:0, i:~)
2019-08-20 14:49:27,458 INFO  server.RaftServerConfigKeys (ConfUtils.java:logGet(43)) - raft.server.leader.election.timeout = 120s (custom)
2019-08-20 14:49:27,458 INFO  server.RaftServerConfigKeys (ConfUtils.java:logGet(43)) - raft.server.log.use.memory = false (default)
2019-08-20 14:49:27,458 INFO  server.RaftServerConfigKeys (ConfUtils.java:logGet(43)) - raft.server.log.purge.gap = 1000000000 (custom)
2019-08-20 14:49:27,458 INFO  server.RaftServerConfigKeys (ConfUtils.java:logGet(43)) - raft.server.log.appender.buffer.byte-limit = 33554432 (custom)
2019-08-20 14:49:27,458 INFO  server.RaftServerConfigKeys (ConfUtils.java:logGet(43)) - raft.server.log.segment.size.max = 1048576 (custom)
2019-08-20 14:49:27,458 INFO  server.RaftServerConfigKeys (ConfUtils.java:logGet(43)) - raft.server.log.segment.cache.num.max = 2 (custom)
2019-08-20 14:49:27,458 INFO  segmented.SegmentedRaftLogWorker (SegmentedRaftLogWorker.java:<init>(172)) - new 281a123a-c6ad-43f0-8a3c-4f445d6004a4-SegmentedRaftLogWorker:Storage Directory /workdir/hadoop-ozone/integration-test/target/test-dir/MiniOzoneClusterImpl-f1369eb2-7165-4223-a2a5-28cf637499e7/datanode-1/data/ratis/25a1a717-9b6b-426b-85b7-94071cc61e2d for RaftStorage:Storage Directory /workdir/hadoop-ozone/integration-test/target/test-dir/MiniOzoneClusterImpl-f1369eb2-7165-4223-a2a5-28cf637499e7/datanode-1/data/ratis/25a1a717-9b6b-426b-85b7-94071cc61e2d
2019-08-20 14:49:27,459 INFO  server.RaftServerConfigKeys (ConfUtils.java:logGet(43)) - raft.server.log.queue.byte-limit = 2147483647 (custom)
2019-08-20 14:49:27,459 INFO  server.RaftServerConfigKeys (ConfUtils.java:logGet(43)) - raft.server.log.queue.element-limit = 1024 (custom)
2019-08-20 14:49:27,459 INFO  server.RaftServerConfigKeys (ConfUtils.java:logGet(43)) - raft.server.log.segment.size.max = 1048576 (custom)
2019-08-20 14:49:27,459 INFO  server.RaftServerConfigKeys (ConfUtils.java:logGet(43)) - raft.server.log.preallocated.size = 16384 (custom)
2019-08-20 14:49:27,459 INFO  server.RaftServerConfigKeys (ConfUtils.java:logGet(43)) - raft.server.log.write.buffer.size = 33554432 (custom)
2019-08-20 14:49:27,459 INFO  server.RaftServerConfigKeys (ConfUtils.java:logGet(43)) - raft.server.log.force.sync.num = 128 (default)
2019-08-20 14:49:27,459 INFO  server.RaftServerConfigKeys (ConfUtils.java:logGet(43)) - raft.server.log.statemachine.data.sync = true (default)
2019-08-20 14:49:27,459 INFO  server.RaftServerConfigKeys (ConfUtils.java:logGet(43)) - raft.server.log.statemachine.data.sync.timeout = 10s (default)
2019-08-20 14:49:27,459 INFO  server.RaftServerConfigKeys (ConfUtils.java:logGet(43)) - raft.server.log.statemachine.data.sync.timeout.retry = -1 (default)
2019-08-20 14:49:27,460 INFO  server.RaftServerConfigKeys (ConfUtils.java:logGet(43)) - raft.server.log.statemachine.data.caching.enabled = true (custom)
2019-08-20 14:49:27,460 INFO  segmented.SegmentedRaftLogWorker (SegmentedRaftLogWorker.java:lambda$new$0(132)) - 281a123a-c6ad-43f0-8a3c-4f445d6004a4-SegmentedRaftLogWorker:Storage Directory /workdir/hadoop-ozone/integration-test/target/test-dir/MiniOzoneClusterImpl-f1369eb2-7165-4223-a2a5-28cf637499e7/datanode-1/data/ratis/25a1a717-9b6b-426b-85b7-94071cc61e2d: flushIndex: setUnconditionally 0 -> -1
2019-08-20 14:49:27,460 INFO  server.RaftServerConfigKeys (ConfUtils.java:logGet(43)) - raft.server.snapshot.auto.trigger.enabled = true (custom)
2019-08-20 14:49:27,460 INFO  server.RaftServerConfigKeys (ConfUtils.java:logGet(43)) - raft.server.snapshot.auto.trigger.threshold = 10000 (custom)
2019-08-20 14:49:27,460 INFO  server.RaftServerConfigKeys (ConfUtils.java:logGet(43)) - raft.server.retrycache.expirytime = 600000ms (custom)
2019-08-20 14:49:27,460 INFO  impl.RaftServerImpl (RaftServerImpl.java:start(180)) - 281a123a-c6ad-43f0-8a3c-4f445d6004a4: start group-94071CC61E2D
2019-08-20 14:49:27,460 INFO  impl.RaftServerImpl (RaftServerImpl.java:setRole(171)) - 281a123a-c6ad-43f0-8a3c-4f445d6004a4:group-94071CC61E2D changes role from null to FOLLOWER at term 0 for startAsFollower
2019-08-20 14:49:27,460 INFO  impl.RoleInfo (RoleInfo.java:updateAndGet(143)) - 281a123a-c6ad-43f0-8a3c-4f445d6004a4: start FollowerState
2019-08-20 14:49:27,461 INFO  util.JmxRegister (JmxRegister.java:tryRegister(44)) - Successfully registered JMX Bean with object name Ratis:service=RaftServer,group=group-94071CC61E2D,id=281a123a-c6ad-43f0-8a3c-4f445d6004a4
2019-08-20 14:49:27,467 INFO  pipeline.PipelineStateManager (PipelineStateManager.java:addPipeline(56)) - Created pipeline Pipeline[ Id: 25a1a717-9b6b-426b-85b7-94071cc61e2d, Nodes: 281a123a-c6ad-43f0-8a3c-4f445d6004a4{ip: 192.168.36.107, host: pr-hdds-1942-s8lb6-241747594, networkLocation: /default-rack, certSerialId: null}, Type:RATIS, Factor:ONE, State:OPEN]
2019-08-20 14:49:27,475 INFO  impl.RaftServerProxy (RaftServerProxy.java:addNew(89)) - 30be3dbe-c893-4b50-93b5-0dd56fab25fe: addNew group-67A2F0C4A5B8:[30be3dbe-c893-4b50-93b5-0dd56fab25fe:192.168.36.107:33817] returns group-67A2F0C4A5B8:java.util.concurrent.CompletableFuture@578b4039[Not completed]
2019-08-20 14:49:27,476 INFO  impl.RaftServerImpl (RaftServerImpl.java:<init>(93)) - 30be3dbe-c893-4b50-93b5-0dd56fab25fe: new RaftServerImpl for group-67A2F0C4A5B8:[30be3dbe-c893-4b50-93b5-0dd56fab25fe:192.168.36.107:33817] with ContainerStateMachine:uninitialized
2019-08-20 14:49:27,476 INFO  server.RaftServerConfigKeys (ConfUtils.java:logGet(43)) - raft.server.rpc.timeout.min = 5s (custom)
2019-08-20 14:49:27,476 INFO  server.RaftServerConfigKeys (ConfUtils.java:logGet(43)) - raft.server.rpc.timeout.max = 5200ms (custom)
2019-08-20 14:49:27,476 INFO  server.RaftServerConfigKeys (ConfUtils.java:logGet(43)) - raft.server.rpcslowness.timeout = 120s (custom)
2019-08-20 14:49:27,477 INFO  server.RaftServerConfigKeys (ConfUtils.java:logGet(43)) - raft.server.sleep.deviation.threshold = 300 (default)
2019-08-20 14:49:27,477 INFO  server.RaftServerConfigKeys (ConfUtils.java:logGet(43)) - raft.server.log.appender.install.snapshot.enabled = false (custom)
2019-08-20 14:49:27,477 INFO  impl.RaftServerImpl (ServerState.java:<init>(105)) - 30be3dbe-c893-4b50-93b5-0dd56fab25fe:group-67A2F0C4A5B8 ConfigurationManager, init=-1: [30be3dbe-c893-4b50-93b5-0dd56fab25fe:192.168.36.107:33817], old=null, confs=<EMPTY_MAP>
2019-08-20 14:49:27,477 INFO  server.RaftServerConfigKeys (ConfUtils.java:logGet(43)) - raft.server.storage.dir = [/workdir/hadoop-ozone/integration-test/target/test-dir/MiniOzoneClusterImpl-f1369eb2-7165-4223-a2a5-28cf637499e7/datanode-4/data/ratis] (custom)
2019-08-20 14:49:27,477 INFO  storage.RaftStorageDirectory (RaftStorageDirectory.java:analyzeStorage(246)) - The storage directory /workdir/hadoop-ozone/integration-test/target/test-dir/MiniOzoneClusterImpl-f1369eb2-7165-4223-a2a5-28cf637499e7/datanode-4/data/ratis/74a068a0-16fc-4793-b246-67a2f0c4a5b8 does not exist. Creating ...
2019-08-20 14:49:27,522 INFO  storage.RaftStorageDirectory (RaftStorageDirectory.java:tryLock(328)) - Lock on /workdir/hadoop-ozone/integration-test/target/test-dir/MiniOzoneClusterImpl-f1369eb2-7165-4223-a2a5-28cf637499e7/datanode-4/data/ratis/74a068a0-16fc-4793-b246-67a2f0c4a5b8/in_use.lock acquired by nodename 31473@pr-hdds-1942-s8lb6-241747594
2019-08-20 14:49:27,552 INFO  storage.RaftStorage (RaftStorage.java:format(72)) - Storage directory /workdir/hadoop-ozone/integration-test/target/test-dir/MiniOzoneClusterImpl-f1369eb2-7165-4223-a2a5-28cf637499e7/datanode-4/data/ratis/74a068a0-16fc-4793-b246-67a2f0c4a5b8 has been successfully formatted.
2019-08-20 14:49:27,552 INFO  ratis.ContainerStateMachine (ContainerStateMachine.java:loadSnapshot(222)) - group-67A2F0C4A5B8: The snapshot info is null. Setting the last applied indexto:(t:0, i:~)
2019-08-20 14:49:27,552 INFO  server.RaftServerConfigKeys (ConfUtils.java:logGet(43)) - raft.server.leader.election.timeout = 120s (custom)
2019-08-20 14:49:27,552 INFO  server.RaftServerConfigKeys (ConfUtils.java:logGet(43)) - raft.server.log.use.memory = false (default)
2019-08-20 14:49:27,552 INFO  server.RaftServerConfigKeys (ConfUtils.java:logGet(43)) - raft.server.log.purge.gap = 1000000000 (custom)
2019-08-20 14:49:27,552 INFO  server.RaftServerConfigKeys (ConfUtils.java:logGet(43)) - raft.server.log.appender.buffer.byte-limit = 33554432 (custom)
2019-08-20 14:49:27,552 INFO  server.RaftServerConfigKeys (ConfUtils.java:logGet(43)) - raft.server.log.segment.size.max = 1048576 (custom)
2019-08-20 14:49:27,553 INFO  server.RaftServerConfigKeys (ConfUtils.java:logGet(43)) - raft.server.log.segment.cache.num.max = 2 (custom)
2019-08-20 14:49:27,553 INFO  segmented.SegmentedRaftLogWorker (SegmentedRaftLogWorker.java:<init>(172)) - new 30be3dbe-c893-4b50-93b5-0dd56fab25fe-SegmentedRaftLogWorker:Storage Directory /workdir/hadoop-ozone/integration-test/target/test-dir/MiniOzoneClusterImpl-f1369eb2-7165-4223-a2a5-28cf637499e7/datanode-4/data/ratis/74a068a0-16fc-4793-b246-67a2f0c4a5b8 for RaftStorage:Storage Directory /workdir/hadoop-ozone/integration-test/target/test-dir/MiniOzoneClusterImpl-f1369eb2-7165-4223-a2a5-28cf637499e7/datanode-4/data/ratis/74a068a0-16fc-4793-b246-67a2f0c4a5b8
2019-08-20 14:49:27,553 INFO  server.RaftServerConfigKeys (ConfUtils.java:logGet(43)) - raft.server.log.queue.byte-limit = 2147483647 (custom)
2019-08-20 14:49:27,553 INFO  server.RaftServerConfigKeys (ConfUtils.java:logGet(43)) - raft.server.log.queue.element-limit = 1024 (custom)
2019-08-20 14:49:27,553 INFO  server.RaftServerConfigKeys (ConfUtils.java:logGet(43)) - raft.server.log.segment.size.max = 1048576 (custom)
2019-08-20 14:49:27,553 INFO  server.RaftServerConfigKeys (ConfUtils.java:logGet(43)) - raft.server.log.preallocated.size = 16384 (custom)
2019-08-20 14:49:27,553 INFO  server.RaftServerConfigKeys (ConfUtils.java:logGet(43)) - raft.server.log.write.buffer.size = 33554432 (custom)
2019-08-20 14:49:27,553 INFO  server.RaftServerConfigKeys (ConfUtils.java:logGet(43)) - raft.server.log.force.sync.num = 128 (default)
2019-08-20 14:49:27,553 INFO  server.RaftServerConfigKeys (ConfUtils.java:logGet(43)) - raft.server.log.statemachine.data.sync = true (default)
2019-08-20 14:49:27,553 INFO  server.RaftServerConfigKeys (ConfUtils.java:logGet(43)) - raft.server.log.statemachine.data.sync.timeout = 10s (default)
2019-08-20 14:49:27,554 INFO  server.RaftServerConfigKeys (ConfUtils.java:logGet(43)) - raft.server.log.statemachine.data.sync.timeout.retry = -1 (default)
2019-08-20 14:49:27,554 INFO  server.RaftServerConfigKeys (ConfUtils.java:logGet(43)) - raft.server.log.statemachine.data.caching.enabled = true (custom)
2019-08-20 14:49:27,554 INFO  segmented.SegmentedRaftLogWorker (SegmentedRaftLogWorker.java:lambda$new$0(132)) - 30be3dbe-c893-4b50-93b5-0dd56fab25fe-SegmentedRaftLogWorker:Storage Directory /workdir/hadoop-ozone/integration-test/target/test-dir/MiniOzoneClusterImpl-f1369eb2-7165-4223-a2a5-28cf637499e7/datanode-4/data/ratis/74a068a0-16fc-4793-b246-67a2f0c4a5b8: flushIndex: setUnconditionally 0 -> -1
2019-08-20 14:49:27,554 INFO  server.RaftServerConfigKeys (ConfUtils.java:logGet(43)) - raft.server.snapshot.auto.trigger.enabled = true (custom)
2019-08-20 14:49:27,554 INFO  server.RaftServerConfigKeys (ConfUtils.java:logGet(43)) - raft.server.snapshot.auto.trigger.threshold = 10000 (custom)
2019-08-20 14:49:27,554 INFO  server.RaftServerConfigKeys (ConfUtils.java:logGet(43)) - raft.server.retrycache.expirytime = 600000ms (custom)
2019-08-20 14:49:27,555 INFO  impl.RaftServerImpl (RaftServerImpl.java:start(180)) - 30be3dbe-c893-4b50-93b5-0dd56fab25fe: start group-67A2F0C4A5B8
2019-08-20 14:49:27,555 INFO  impl.RaftServerImpl (RaftServerImpl.java:setRole(171)) - 30be3dbe-c893-4b50-93b5-0dd56fab25fe:group-67A2F0C4A5B8 changes role from null to FOLLOWER at term 0 for startAsFollower
2019-08-20 14:49:27,555 INFO  impl.RoleInfo (RoleInfo.java:updateAndGet(143)) - 30be3dbe-c893-4b50-93b5-0dd56fab25fe: start FollowerState
2019-08-20 14:49:27,555 INFO  util.JmxRegister (JmxRegister.java:tryRegister(44)) - Successfully registered JMX Bean with object name Ratis:service=RaftServer,group=group-67A2F0C4A5B8,id=30be3dbe-c893-4b50-93b5-0dd56fab25fe
2019-08-20 14:49:27,557 INFO  pipeline.PipelineStateManager (PipelineStateManager.java:addPipeline(56)) - Created pipeline Pipeline[ Id: 74a068a0-16fc-4793-b246-67a2f0c4a5b8, Nodes: 30be3dbe-c893-4b50-93b5-0dd56fab25fe{ip: 192.168.36.107, host: pr-hdds-1942-s8lb6-241747594, networkLocation: /default-rack, certSerialId: null}, Type:RATIS, Factor:ONE, State:OPEN]
2019-08-20 14:49:27,565 INFO  impl.RaftServerProxy (RaftServerProxy.java:addNew(89)) - d461666d-3393-4914-8f68-1e7af24d3b9e: addNew group-F5712FED32E4:[d461666d-3393-4914-8f68-1e7af24d3b9e:192.168.36.107:33334] returns group-F5712FED32E4:java.util.concurrent.CompletableFuture@23f65cae[Not completed]
2019-08-20 14:49:27,566 INFO  impl.RaftServerImpl (RaftServerImpl.java:<init>(93)) - d461666d-3393-4914-8f68-1e7af24d3b9e: new RaftServerImpl for group-F5712FED32E4:[d461666d-3393-4914-8f68-1e7af24d3b9e:192.168.36.107:33334] with ContainerStateMachine:uninitialized
2019-08-20 14:49:27,566 INFO  server.RaftServerConfigKeys (ConfUtils.java:logGet(43)) - raft.server.rpc.timeout.min = 5s (custom)
2019-08-20 14:49:27,566 INFO  server.RaftServerConfigKeys (ConfUtils.java:logGet(43)) - raft.server.rpc.timeout.max = 5200ms (custom)
2019-08-20 14:49:27,566 INFO  server.RaftServerConfigKeys (ConfUtils.java:logGet(43)) - raft.server.rpcslowness.timeout = 120s (custom)
2019-08-20 14:49:27,566 INFO  server.RaftServerConfigKeys (ConfUtils.java:logGet(43)) - raft.server.sleep.deviation.threshold = 300 (default)
2019-08-20 14:49:27,566 INFO  server.RaftServerConfigKeys (ConfUtils.java:logGet(43)) - raft.server.log.appender.install.snapshot.enabled = false (custom)
2019-08-20 14:49:27,566 INFO  impl.RaftServerImpl (ServerState.java:<init>(105)) - d461666d-3393-4914-8f68-1e7af24d3b9e:group-F5712FED32E4 ConfigurationManager, init=-1: [d461666d-3393-4914-8f68-1e7af24d3b9e:192.168.36.107:33334], old=null, confs=<EMPTY_MAP>
2019-08-20 14:49:27,566 INFO  server.RaftServerConfigKeys (ConfUtils.java:logGet(43)) - raft.server.storage.dir = [/workdir/hadoop-ozone/integration-test/target/test-dir/MiniOzoneClusterImpl-f1369eb2-7165-4223-a2a5-28cf637499e7/datanode-5/data/ratis] (custom)
2019-08-20 14:49:27,567 INFO  storage.RaftStorageDirectory (RaftStorageDirectory.java:analyzeStorage(246)) - The storage directory /workdir/hadoop-ozone/integration-test/target/test-dir/MiniOzoneClusterImpl-f1369eb2-7165-4223-a2a5-28cf637499e7/datanode-5/data/ratis/77164390-c064-4309-bde3-f5712fed32e4 does not exist. Creating ...
2019-08-20 14:49:27,594 INFO  storage.RaftStorageDirectory (RaftStorageDirectory.java:tryLock(328)) - Lock on /workdir/hadoop-ozone/integration-test/target/test-dir/MiniOzoneClusterImpl-f1369eb2-7165-4223-a2a5-28cf637499e7/datanode-5/data/ratis/77164390-c064-4309-bde3-f5712fed32e4/in_use.lock acquired by nodename 31473@pr-hdds-1942-s8lb6-241747594
2019-08-20 14:49:27,609 INFO  storage.RaftStorage (RaftStorage.java:format(72)) - Storage directory /workdir/hadoop-ozone/integration-test/target/test-dir/MiniOzoneClusterImpl-f1369eb2-7165-4223-a2a5-28cf637499e7/datanode-5/data/ratis/77164390-c064-4309-bde3-f5712fed32e4 has been successfully formatted.
2019-08-20 14:49:27,610 INFO  ratis.ContainerStateMachine (ContainerStateMachine.java:loadSnapshot(222)) - group-F5712FED32E4: The snapshot info is null. Setting the last applied indexto:(t:0, i:~)
2019-08-20 14:49:27,610 INFO  server.RaftServerConfigKeys (ConfUtils.java:logGet(43)) - raft.server.leader.election.timeout = 120s (custom)
2019-08-20 14:49:27,610 INFO  server.RaftServerConfigKeys (ConfUtils.java:logGet(43)) - raft.server.log.use.memory = false (default)
2019-08-20 14:49:27,610 INFO  server.RaftServerConfigKeys (ConfUtils.java:logGet(43)) - raft.server.log.purge.gap = 1000000000 (custom)
2019-08-20 14:49:27,610 INFO  server.RaftServerConfigKeys (ConfUtils.java:logGet(43)) - raft.server.log.appender.buffer.byte-limit = 33554432 (custom)
2019-08-20 14:49:27,610 INFO  server.RaftServerConfigKeys (ConfUtils.java:logGet(43)) - raft.server.log.segment.size.max = 1048576 (custom)
2019-08-20 14:49:27,610 INFO  server.RaftServerConfigKeys (ConfUtils.java:logGet(43)) - raft.server.log.segment.cache.num.max = 2 (custom)
2019-08-20 14:49:27,610 INFO  segmented.SegmentedRaftLogWorker (SegmentedRaftLogWorker.java:<init>(172)) - new d461666d-3393-4914-8f68-1e7af24d3b9e-SegmentedRaftLogWorker:Storage Directory /workdir/hadoop-ozone/integration-test/target/test-dir/MiniOzoneClusterImpl-f1369eb2-7165-4223-a2a5-28cf637499e7/datanode-5/data/ratis/77164390-c064-4309-bde3-f5712fed32e4 for RaftStorage:Storage Directory /workdir/hadoop-ozone/integration-test/target/test-dir/MiniOzoneClusterImpl-f1369eb2-7165-4223-a2a5-28cf637499e7/datanode-5/data/ratis/77164390-c064-4309-bde3-f5712fed32e4
2019-08-20 14:49:27,611 INFO  server.RaftServerConfigKeys (ConfUtils.java:logGet(43)) - raft.server.log.queue.byte-limit = 2147483647 (custom)
2019-08-20 14:49:27,611 INFO  server.RaftServerConfigKeys (ConfUtils.java:logGet(43)) - raft.server.log.queue.element-limit = 1024 (custom)
2019-08-20 14:49:27,611 INFO  server.RaftServerConfigKeys (ConfUtils.java:logGet(43)) - raft.server.log.segment.size.max = 1048576 (custom)
2019-08-20 14:49:27,611 INFO  server.RaftServerConfigKeys (ConfUtils.java:logGet(43)) - raft.server.log.preallocated.size = 16384 (custom)
2019-08-20 14:49:27,611 INFO  server.RaftServerConfigKeys (ConfUtils.java:logGet(43)) - raft.server.log.write.buffer.size = 33554432 (custom)
2019-08-20 14:49:27,611 INFO  server.RaftServerConfigKeys (ConfUtils.java:logGet(43)) - raft.server.log.force.sync.num = 128 (default)
2019-08-20 14:49:27,611 INFO  server.RaftServerConfigKeys (ConfUtils.java:logGet(43)) - raft.server.log.statemachine.data.sync = true (default)
2019-08-20 14:49:27,611 INFO  server.RaftServerConfigKeys (ConfUtils.java:logGet(43)) - raft.server.log.statemachine.data.sync.timeout = 10s (default)
2019-08-20 14:49:27,611 INFO  server.RaftServerConfigKeys (ConfUtils.java:logGet(43)) - raft.server.log.statemachine.data.sync.timeout.retry = -1 (default)
2019-08-20 14:49:27,612 INFO  server.RaftServerConfigKeys (ConfUtils.java:logGet(43)) - raft.server.log.statemachine.data.caching.enabled = true (custom)
2019-08-20 14:49:27,612 INFO  segmented.SegmentedRaftLogWorker (SegmentedRaftLogWorker.java:lambda$new$0(132)) - d461666d-3393-4914-8f68-1e7af24d3b9e-SegmentedRaftLogWorker:Storage Directory /workdir/hadoop-ozone/integration-test/target/test-dir/MiniOzoneClusterImpl-f1369eb2-7165-4223-a2a5-28cf637499e7/datanode-5/data/ratis/77164390-c064-4309-bde3-f5712fed32e4: flushIndex: setUnconditionally 0 -> -1
2019-08-20 14:49:27,612 INFO  server.RaftServerConfigKeys (ConfUtils.java:logGet(43)) - raft.server.snapshot.auto.trigger.enabled = true (custom)
2019-08-20 14:49:27,612 INFO  server.RaftServerConfigKeys (ConfUtils.java:logGet(43)) - raft.server.snapshot.auto.trigger.threshold = 10000 (custom)
2019-08-20 14:49:27,612 INFO  server.RaftServerConfigKeys (ConfUtils.java:logGet(43)) - raft.server.retrycache.expirytime = 600000ms (custom)
2019-08-20 14:49:27,613 INFO  impl.RaftServerImpl (RaftServerImpl.java:start(180)) - d461666d-3393-4914-8f68-1e7af24d3b9e: start group-F5712FED32E4
2019-08-20 14:49:27,613 INFO  impl.RaftServerImpl (RaftServerImpl.java:setRole(171)) - d461666d-3393-4914-8f68-1e7af24d3b9e:group-F5712FED32E4 changes role from null to FOLLOWER at term 0 for startAsFollower
2019-08-20 14:49:27,613 INFO  impl.RoleInfo (RoleInfo.java:updateAndGet(143)) - d461666d-3393-4914-8f68-1e7af24d3b9e: start FollowerState
2019-08-20 14:49:27,613 INFO  util.JmxRegister (JmxRegister.java:tryRegister(44)) - Successfully registered JMX Bean with object name Ratis:service=RaftServer,group=group-F5712FED32E4,id=d461666d-3393-4914-8f68-1e7af24d3b9e
2019-08-20 14:49:27,615 INFO  pipeline.PipelineStateManager (PipelineStateManager.java:addPipeline(56)) - Created pipeline Pipeline[ Id: 77164390-c064-4309-bde3-f5712fed32e4, Nodes: d461666d-3393-4914-8f68-1e7af24d3b9e{ip: 192.168.36.107, host: pr-hdds-1942-s8lb6-241747594, networkLocation: /default-rack, certSerialId: null}, Type:RATIS, Factor:ONE, State:OPEN]
2019-08-20 14:49:27,623 INFO  impl.RaftServerProxy (RaftServerProxy.java:addNew(89)) - c43c6941-c698-401b-8222-bca35851ed92: addNew group-76F4B951EDAC:[c43c6941-c698-401b-8222-bca35851ed92:192.168.36.107:45103] returns group-76F4B951EDAC:java.util.concurrent.CompletableFuture@70171d1f[Not completed]
2019-08-20 14:49:27,624 INFO  impl.RaftServerImpl (RaftServerImpl.java:<init>(93)) - c43c6941-c698-401b-8222-bca35851ed92: new RaftServerImpl for group-76F4B951EDAC:[c43c6941-c698-401b-8222-bca35851ed92:192.168.36.107:45103] with ContainerStateMachine:uninitialized
2019-08-20 14:49:27,624 INFO  server.RaftServerConfigKeys (ConfUtils.java:logGet(43)) - raft.server.rpc.timeout.min = 5s (custom)
2019-08-20 14:49:27,624 INFO  server.RaftServerConfigKeys (ConfUtils.java:logGet(43)) - raft.server.rpc.timeout.max = 5200ms (custom)
2019-08-20 14:49:27,624 INFO  server.RaftServerConfigKeys (ConfUtils.java:logGet(43)) - raft.server.rpcslowness.timeout = 120s (custom)
2019-08-20 14:49:27,624 INFO  server.RaftServerConfigKeys (ConfUtils.java:logGet(43)) - raft.server.sleep.deviation.threshold = 300 (default)
2019-08-20 14:49:27,624 INFO  server.RaftServerConfigKeys (ConfUtils.java:logGet(43)) - raft.server.log.appender.install.snapshot.enabled = false (custom)
2019-08-20 14:49:27,625 INFO  impl.RaftServerImpl (ServerState.java:<init>(105)) - c43c6941-c698-401b-8222-bca35851ed92:group-76F4B951EDAC ConfigurationManager, init=-1: [c43c6941-c698-401b-8222-bca35851ed92:192.168.36.107:45103], old=null, confs=<EMPTY_MAP>
2019-08-20 14:49:27,625 INFO  server.RaftServerConfigKeys (ConfUtils.java:logGet(43)) - raft.server.storage.dir = [/workdir/hadoop-ozone/integration-test/target/test-dir/MiniOzoneClusterImpl-f1369eb2-7165-4223-a2a5-28cf637499e7/datanode-2/data/ratis] (custom)
2019-08-20 14:49:27,625 INFO  storage.RaftStorageDirectory (RaftStorageDirectory.java:analyzeStorage(246)) - The storage directory /workdir/hadoop-ozone/integration-test/target/test-dir/MiniOzoneClusterImpl-f1369eb2-7165-4223-a2a5-28cf637499e7/datanode-2/data/ratis/2f40b846-1d21-4093-bf9d-76f4b951edac does not exist. Creating ...
2019-08-20 14:49:27,638 INFO  storage.RaftStorageDirectory (RaftStorageDirectory.java:tryLock(328)) - Lock on /workdir/hadoop-ozone/integration-test/target/test-dir/MiniOzoneClusterImpl-f1369eb2-7165-4223-a2a5-28cf637499e7/datanode-2/data/ratis/2f40b846-1d21-4093-bf9d-76f4b951edac/in_use.lock acquired by nodename 31473@pr-hdds-1942-s8lb6-241747594
2019-08-20 14:49:27,658 INFO  storage.RaftStorage (RaftStorage.java:format(72)) - Storage directory /workdir/hadoop-ozone/integration-test/target/test-dir/MiniOzoneClusterImpl-f1369eb2-7165-4223-a2a5-28cf637499e7/datanode-2/data/ratis/2f40b846-1d21-4093-bf9d-76f4b951edac has been successfully formatted.
2019-08-20 14:49:27,659 INFO  ratis.ContainerStateMachine (ContainerStateMachine.java:loadSnapshot(222)) - group-76F4B951EDAC: The snapshot info is null. Setting the last applied indexto:(t:0, i:~)
2019-08-20 14:49:27,659 INFO  server.RaftServerConfigKeys (ConfUtils.java:logGet(43)) - raft.server.leader.election.timeout = 120s (custom)
2019-08-20 14:49:27,659 INFO  server.RaftServerConfigKeys (ConfUtils.java:logGet(43)) - raft.server.log.use.memory = false (default)
2019-08-20 14:49:27,659 INFO  server.RaftServerConfigKeys (ConfUtils.java:logGet(43)) - raft.server.log.purge.gap = 1000000000 (custom)
2019-08-20 14:49:27,659 INFO  server.RaftServerConfigKeys (ConfUtils.java:logGet(43)) - raft.server.log.appender.buffer.byte-limit = 33554432 (custom)
2019-08-20 14:49:27,659 INFO  server.RaftServerConfigKeys (ConfUtils.java:logGet(43)) - raft.server.log.segment.size.max = 1048576 (custom)
2019-08-20 14:49:27,659 INFO  server.RaftServerConfigKeys (ConfUtils.java:logGet(43)) - raft.server.log.segment.cache.num.max = 2 (custom)
2019-08-20 14:49:27,660 INFO  segmented.SegmentedRaftLogWorker (SegmentedRaftLogWorker.java:<init>(172)) - new c43c6941-c698-401b-8222-bca35851ed92-SegmentedRaftLogWorker:Storage Directory /workdir/hadoop-ozone/integration-test/target/test-dir/MiniOzoneClusterImpl-f1369eb2-7165-4223-a2a5-28cf637499e7/datanode-2/data/ratis/2f40b846-1d21-4093-bf9d-76f4b951edac for RaftStorage:Storage Directory /workdir/hadoop-ozone/integration-test/target/test-dir/MiniOzoneClusterImpl-f1369eb2-7165-4223-a2a5-28cf637499e7/datanode-2/data/ratis/2f40b846-1d21-4093-bf9d-76f4b951edac
2019-08-20 14:49:27,660 INFO  server.RaftServerConfigKeys (ConfUtils.java:logGet(43)) - raft.server.log.queue.byte-limit = 2147483647 (custom)
2019-08-20 14:49:27,660 INFO  server.RaftServerConfigKeys (ConfUtils.java:logGet(43)) - raft.server.log.queue.element-limit = 1024 (custom)
2019-08-20 14:49:27,660 INFO  server.RaftServerConfigKeys (ConfUtils.java:logGet(43)) - raft.server.log.segment.size.max = 1048576 (custom)
2019-08-20 14:49:27,660 INFO  server.RaftServerConfigKeys (ConfUtils.java:logGet(43)) - raft.server.log.preallocated.size = 16384 (custom)
2019-08-20 14:49:27,660 INFO  server.RaftServerConfigKeys (ConfUtils.java:logGet(43)) - raft.server.log.write.buffer.size = 33554432 (custom)
2019-08-20 14:49:27,660 INFO  server.RaftServerConfigKeys (ConfUtils.java:logGet(43)) - raft.server.log.force.sync.num = 128 (default)
2019-08-20 14:49:27,660 INFO  server.RaftServerConfigKeys (ConfUtils.java:logGet(43)) - raft.server.log.statemachine.data.sync = true (default)
2019-08-20 14:49:27,660 INFO  server.RaftServerConfigKeys (ConfUtils.java:logGet(43)) - raft.server.log.statemachine.data.sync.timeout = 10s (default)
2019-08-20 14:49:27,660 INFO  server.RaftServerConfigKeys (ConfUtils.java:logGet(43)) - raft.server.log.statemachine.data.sync.timeout.retry = -1 (default)
2019-08-20 14:49:27,661 INFO  server.RaftServerConfigKeys (ConfUtils.java:logGet(43)) - raft.server.log.statemachine.data.caching.enabled = true (custom)
2019-08-20 14:49:27,661 INFO  segmented.SegmentedRaftLogWorker (SegmentedRaftLogWorker.java:lambda$new$0(132)) - c43c6941-c698-401b-8222-bca35851ed92-SegmentedRaftLogWorker:Storage Directory /workdir/hadoop-ozone/integration-test/target/test-dir/MiniOzoneClusterImpl-f1369eb2-7165-4223-a2a5-28cf637499e7/datanode-2/data/ratis/2f40b846-1d21-4093-bf9d-76f4b951edac: flushIndex: setUnconditionally 0 -> -1
2019-08-20 14:49:27,661 INFO  server.RaftServerConfigKeys (ConfUtils.java:logGet(43)) - raft.server.snapshot.auto.trigger.enabled = true (custom)
2019-08-20 14:49:27,661 INFO  server.RaftServerConfigKeys (ConfUtils.java:logGet(43)) - raft.server.snapshot.auto.trigger.threshold = 10000 (custom)
2019-08-20 14:49:27,661 INFO  server.RaftServerConfigKeys (ConfUtils.java:logGet(43)) - raft.server.retrycache.expirytime = 600000ms (custom)
2019-08-20 14:49:27,661 INFO  impl.RaftServerImpl (RaftServerImpl.java:start(180)) - c43c6941-c698-401b-8222-bca35851ed92: start group-76F4B951EDAC
2019-08-20 14:49:27,662 INFO  impl.RaftServerImpl (RaftServerImpl.java:setRole(171)) - c43c6941-c698-401b-8222-bca35851ed92:group-76F4B951EDAC changes role from null to FOLLOWER at term 0 for startAsFollower
2019-08-20 14:49:27,662 INFO  impl.RoleInfo (RoleInfo.java:updateAndGet(143)) - c43c6941-c698-401b-8222-bca35851ed92: start FollowerState
2019-08-20 14:49:27,662 INFO  util.JmxRegister (JmxRegister.java:tryRegister(44)) - Successfully registered JMX Bean with object name Ratis:service=RaftServer,group=group-76F4B951EDAC,id=c43c6941-c698-401b-8222-bca35851ed92
2019-08-20 14:49:27,664 INFO  pipeline.PipelineStateManager (PipelineStateManager.java:addPipeline(56)) - Created pipeline Pipeline[ Id: 2f40b846-1d21-4093-bf9d-76f4b951edac, Nodes: c43c6941-c698-401b-8222-bca35851ed92{ip: 192.168.36.107, host: pr-hdds-1942-s8lb6-241747594, networkLocation: /default-rack, certSerialId: null}, Type:RATIS, Factor:ONE, State:OPEN]
2019-08-20 14:49:27,675 INFO  impl.RaftServerProxy (RaftServerProxy.java:addNew(89)) - c6f0101b-46e5-4976-8ccb-fb5bb5b8ac3c: addNew group-AA4507D59304:[c6f0101b-46e5-4976-8ccb-fb5bb5b8ac3c:192.168.36.107:45278] returns group-AA4507D59304:java.util.concurrent.CompletableFuture@2c4c2e59[Not completed]
2019-08-20 14:49:27,676 INFO  impl.RaftServerImpl (RaftServerImpl.java:<init>(93)) - c6f0101b-46e5-4976-8ccb-fb5bb5b8ac3c: new RaftServerImpl for group-AA4507D59304:[c6f0101b-46e5-4976-8ccb-fb5bb5b8ac3c:192.168.36.107:45278] with ContainerStateMachine:uninitialized
2019-08-20 14:49:27,676 INFO  server.RaftServerConfigKeys (ConfUtils.java:logGet(43)) - raft.server.rpc.timeout.min = 5s (custom)
2019-08-20 14:49:27,676 INFO  server.RaftServerConfigKeys (ConfUtils.java:logGet(43)) - raft.server.rpc.timeout.max = 5200ms (custom)
2019-08-20 14:49:27,677 INFO  server.RaftServerConfigKeys (ConfUtils.java:logGet(43)) - raft.server.rpcslowness.timeout = 120s (custom)
2019-08-20 14:49:27,677 INFO  server.RaftServerConfigKeys (ConfUtils.java:logGet(43)) - raft.server.sleep.deviation.threshold = 300 (default)
2019-08-20 14:49:27,677 INFO  server.RaftServerConfigKeys (ConfUtils.java:logGet(43)) - raft.server.log.appender.install.snapshot.enabled = false (custom)
2019-08-20 14:49:27,677 INFO  impl.RaftServerImpl (ServerState.java:<init>(105)) - c6f0101b-46e5-4976-8ccb-fb5bb5b8ac3c:group-AA4507D59304 ConfigurationManager, init=-1: [c6f0101b-46e5-4976-8ccb-fb5bb5b8ac3c:192.168.36.107:45278], old=null, confs=<EMPTY_MAP>
2019-08-20 14:49:27,677 INFO  server.RaftServerConfigKeys (ConfUtils.java:logGet(43)) - raft.server.storage.dir = [/workdir/hadoop-ozone/integration-test/target/test-dir/MiniOzoneClusterImpl-f1369eb2-7165-4223-a2a5-28cf637499e7/datanode-3/data/ratis] (custom)
2019-08-20 14:49:27,677 INFO  storage.RaftStorageDirectory (RaftStorageDirectory.java:analyzeStorage(246)) - The storage directory /workdir/hadoop-ozone/integration-test/target/test-dir/MiniOzoneClusterImpl-f1369eb2-7165-4223-a2a5-28cf637499e7/datanode-3/data/ratis/69cc802e-17a7-423d-b881-aa4507d59304 does not exist. Creating ...
2019-08-20 14:49:27,703 INFO  storage.RaftStorageDirectory (RaftStorageDirectory.java:tryLock(328)) - Lock on /workdir/hadoop-ozone/integration-test/target/test-dir/MiniOzoneClusterImpl-f1369eb2-7165-4223-a2a5-28cf637499e7/datanode-3/data/ratis/69cc802e-17a7-423d-b881-aa4507d59304/in_use.lock acquired by nodename 31473@pr-hdds-1942-s8lb6-241747594
2019-08-20 14:49:27,742 INFO  storage.RaftStorage (RaftStorage.java:format(72)) - Storage directory /workdir/hadoop-ozone/integration-test/target/test-dir/MiniOzoneClusterImpl-f1369eb2-7165-4223-a2a5-28cf637499e7/datanode-3/data/ratis/69cc802e-17a7-423d-b881-aa4507d59304 has been successfully formatted.
2019-08-20 14:49:27,742 INFO  ratis.ContainerStateMachine (ContainerStateMachine.java:loadSnapshot(222)) - group-AA4507D59304: The snapshot info is null. Setting the last applied indexto:(t:0, i:~)
2019-08-20 14:49:27,742 INFO  server.RaftServerConfigKeys (ConfUtils.java:logGet(43)) - raft.server.leader.election.timeout = 120s (custom)
2019-08-20 14:49:27,743 INFO  server.RaftServerConfigKeys (ConfUtils.java:logGet(43)) - raft.server.log.use.memory = false (default)
2019-08-20 14:49:27,743 INFO  server.RaftServerConfigKeys (ConfUtils.java:logGet(43)) - raft.server.log.purge.gap = 1000000000 (custom)
2019-08-20 14:49:27,743 INFO  server.RaftServerConfigKeys (ConfUtils.java:logGet(43)) - raft.server.log.appender.buffer.byte-limit = 33554432 (custom)
2019-08-20 14:49:27,743 INFO  server.RaftServerConfigKeys (ConfUtils.java:logGet(43)) - raft.server.log.segment.size.max = 1048576 (custom)
2019-08-20 14:49:27,743 INFO  server.RaftServerConfigKeys (ConfUtils.java:logGet(43)) - raft.server.log.segment.cache.num.max = 2 (custom)
2019-08-20 14:49:27,743 INFO  segmented.SegmentedRaftLogWorker (SegmentedRaftLogWorker.java:<init>(172)) - new c6f0101b-46e5-4976-8ccb-fb5bb5b8ac3c-SegmentedRaftLogWorker:Storage Directory /workdir/hadoop-ozone/integration-test/target/test-dir/MiniOzoneClusterImpl-f1369eb2-7165-4223-a2a5-28cf637499e7/datanode-3/data/ratis/69cc802e-17a7-423d-b881-aa4507d59304 for RaftStorage:Storage Directory /workdir/hadoop-ozone/integration-test/target/test-dir/MiniOzoneClusterImpl-f1369eb2-7165-4223-a2a5-28cf637499e7/datanode-3/data/ratis/69cc802e-17a7-423d-b881-aa4507d59304
2019-08-20 14:49:27,744 INFO  server.RaftServerConfigKeys (ConfUtils.java:logGet(43)) - raft.server.log.queue.byte-limit = 2147483647 (custom)
2019-08-20 14:49:27,744 INFO  server.RaftServerConfigKeys (ConfUtils.java:logGet(43)) - raft.server.log.queue.element-limit = 1024 (custom)
2019-08-20 14:49:27,744 INFO  server.RaftServerConfigKeys (ConfUtils.java:logGet(43)) - raft.server.log.segment.size.max = 1048576 (custom)
2019-08-20 14:49:27,744 INFO  server.RaftServerConfigKeys (ConfUtils.java:logGet(43)) - raft.server.log.preallocated.size = 16384 (custom)
2019-08-20 14:49:27,744 INFO  server.RaftServerConfigKeys (ConfUtils.java:logGet(43)) - raft.server.log.write.buffer.size = 33554432 (custom)
2019-08-20 14:49:27,744 INFO  server.RaftServerConfigKeys (ConfUtils.java:logGet(43)) - raft.server.log.force.sync.num = 128 (default)
2019-08-20 14:49:27,745 INFO  server.RaftServerConfigKeys (ConfUtils.java:logGet(43)) - raft.server.log.statemachine.data.sync = true (default)
2019-08-20 14:49:27,745 INFO  server.RaftServerConfigKeys (ConfUtils.java:logGet(43)) - raft.server.log.statemachine.data.sync.timeout = 10s (default)
2019-08-20 14:49:27,745 INFO  server.RaftServerConfigKeys (ConfUtils.java:logGet(43)) - raft.server.log.statemachine.data.sync.timeout.retry = -1 (default)
2019-08-20 14:49:27,745 INFO  server.RaftServerConfigKeys (ConfUtils.java:logGet(43)) - raft.server.log.statemachine.data.caching.enabled = true (custom)
2019-08-20 14:49:27,745 INFO  segmented.SegmentedRaftLogWorker (SegmentedRaftLogWorker.java:lambda$new$0(132)) - c6f0101b-46e5-4976-8ccb-fb5bb5b8ac3c-SegmentedRaftLogWorker:Storage Directory /workdir/hadoop-ozone/integration-test/target/test-dir/MiniOzoneClusterImpl-f1369eb2-7165-4223-a2a5-28cf637499e7/datanode-3/data/ratis/69cc802e-17a7-423d-b881-aa4507d59304: flushIndex: setUnconditionally 0 -> -1
2019-08-20 14:49:27,746 INFO  server.RaftServerConfigKeys (ConfUtils.java:logGet(43)) - raft.server.snapshot.auto.trigger.enabled = true (custom)
2019-08-20 14:49:27,746 INFO  server.RaftServerConfigKeys (ConfUtils.java:logGet(43)) - raft.server.snapshot.auto.trigger.threshold = 10000 (custom)
2019-08-20 14:49:27,746 INFO  server.RaftServerConfigKeys (ConfUtils.java:logGet(43)) - raft.server.retrycache.expirytime = 600000ms (custom)
2019-08-20 14:49:27,746 INFO  impl.RaftServerImpl (RaftServerImpl.java:start(180)) - c6f0101b-46e5-4976-8ccb-fb5bb5b8ac3c: start group-AA4507D59304
2019-08-20 14:49:27,746 INFO  impl.RaftServerImpl (RaftServerImpl.java:setRole(171)) - c6f0101b-46e5-4976-8ccb-fb5bb5b8ac3c:group-AA4507D59304 changes role from null to FOLLOWER at term 0 for startAsFollower
2019-08-20 14:49:27,747 INFO  impl.RoleInfo (RoleInfo.java:updateAndGet(143)) - c6f0101b-46e5-4976-8ccb-fb5bb5b8ac3c: start FollowerState
2019-08-20 14:49:27,747 INFO  util.JmxRegister (JmxRegister.java:tryRegister(44)) - Successfully registered JMX Bean with object name Ratis:service=RaftServer,group=group-AA4507D59304,id=c6f0101b-46e5-4976-8ccb-fb5bb5b8ac3c
2019-08-20 14:49:27,749 INFO  pipeline.PipelineStateManager (PipelineStateManager.java:addPipeline(56)) - Created pipeline Pipeline[ Id: 69cc802e-17a7-423d-b881-aa4507d59304, Nodes: c6f0101b-46e5-4976-8ccb-fb5bb5b8ac3c{ip: 192.168.36.107, host: pr-hdds-1942-s8lb6-241747594, networkLocation: /default-rack, certSerialId: null}, Type:RATIS, Factor:ONE, State:OPEN]
2019-08-20 14:49:27,757 INFO  impl.RaftServerProxy (RaftServerProxy.java:addNew(89)) - 0672359c-6225-42b1-8883-1f37891fbc0f: addNew group-74132D1ECC43:[0672359c-6225-42b1-8883-1f37891fbc0f:192.168.36.107:40745] returns group-74132D1ECC43:java.util.concurrent.CompletableFuture@730aba48[Not completed]
2019-08-20 14:49:27,758 INFO  impl.RaftServerImpl (RaftServerImpl.java:<init>(93)) - 0672359c-6225-42b1-8883-1f37891fbc0f: new RaftServerImpl for group-74132D1ECC43:[0672359c-6225-42b1-8883-1f37891fbc0f:192.168.36.107:40745] with ContainerStateMachine:uninitialized
2019-08-20 14:49:27,758 INFO  server.RaftServerConfigKeys (ConfUtils.java:logGet(43)) - raft.server.rpc.timeout.min = 5s (custom)
2019-08-20 14:49:27,758 INFO  server.RaftServerConfigKeys (ConfUtils.java:logGet(43)) - raft.server.rpc.timeout.max = 5200ms (custom)
2019-08-20 14:49:27,759 INFO  server.RaftServerConfigKeys (ConfUtils.java:logGet(43)) - raft.server.rpcslowness.timeout = 120s (custom)
2019-08-20 14:49:27,759 INFO  server.RaftServerConfigKeys (ConfUtils.java:logGet(43)) - raft.server.sleep.deviation.threshold = 300 (default)
2019-08-20 14:49:27,759 INFO  server.RaftServerConfigKeys (ConfUtils.java:logGet(43)) - raft.server.log.appender.install.snapshot.enabled = false (custom)
2019-08-20 14:49:27,759 INFO  impl.RaftServerImpl (ServerState.java:<init>(105)) - 0672359c-6225-42b1-8883-1f37891fbc0f:group-74132D1ECC43 ConfigurationManager, init=-1: [0672359c-6225-42b1-8883-1f37891fbc0f:192.168.36.107:40745], old=null, confs=<EMPTY_MAP>
2019-08-20 14:49:27,759 INFO  server.RaftServerConfigKeys (ConfUtils.java:logGet(43)) - raft.server.storage.dir = [/workdir/hadoop-ozone/integration-test/target/test-dir/MiniOzoneClusterImpl-f1369eb2-7165-4223-a2a5-28cf637499e7/datanode-6/data/ratis] (custom)
2019-08-20 14:49:27,760 INFO  storage.RaftStorageDirectory (RaftStorageDirectory.java:analyzeStorage(246)) - The storage directory /workdir/hadoop-ozone/integration-test/target/test-dir/MiniOzoneClusterImpl-f1369eb2-7165-4223-a2a5-28cf637499e7/datanode-6/data/ratis/f397cb74-3d4f-4be9-98dc-74132d1ecc43 does not exist. Creating ...
2019-08-20 14:49:27,776 INFO  storage.RaftStorageDirectory (RaftStorageDirectory.java:tryLock(328)) - Lock on /workdir/hadoop-ozone/integration-test/target/test-dir/MiniOzoneClusterImpl-f1369eb2-7165-4223-a2a5-28cf637499e7/datanode-6/data/ratis/f397cb74-3d4f-4be9-98dc-74132d1ecc43/in_use.lock acquired by nodename 31473@pr-hdds-1942-s8lb6-241747594
2019-08-20 14:49:27,793 INFO  storage.RaftStorage (RaftStorage.java:format(72)) - Storage directory /workdir/hadoop-ozone/integration-test/target/test-dir/MiniOzoneClusterImpl-f1369eb2-7165-4223-a2a5-28cf637499e7/datanode-6/data/ratis/f397cb74-3d4f-4be9-98dc-74132d1ecc43 has been successfully formatted.
2019-08-20 14:49:27,794 INFO  ratis.ContainerStateMachine (ContainerStateMachine.java:loadSnapshot(222)) - group-74132D1ECC43: The snapshot info is null. Setting the last applied indexto:(t:0, i:~)
2019-08-20 14:49:27,794 INFO  server.RaftServerConfigKeys (ConfUtils.java:logGet(43)) - raft.server.leader.election.timeout = 120s (custom)
2019-08-20 14:49:27,794 INFO  server.RaftServerConfigKeys (ConfUtils.java:logGet(43)) - raft.server.log.use.memory = false (default)
2019-08-20 14:49:27,794 INFO  server.RaftServerConfigKeys (ConfUtils.java:logGet(43)) - raft.server.log.purge.gap = 1000000000 (custom)
2019-08-20 14:49:27,794 INFO  server.RaftServerConfigKeys (ConfUtils.java:logGet(43)) - raft.server.log.appender.buffer.byte-limit = 33554432 (custom)
2019-08-20 14:49:27,794 INFO  server.RaftServerConfigKeys (ConfUtils.java:logGet(43)) - raft.server.log.segment.size.max = 1048576 (custom)
2019-08-20 14:49:27,794 INFO  server.RaftServerConfigKeys (ConfUtils.java:logGet(43)) - raft.server.log.segment.cache.num.max = 2 (custom)
2019-08-20 14:49:27,794 INFO  segmented.SegmentedRaftLogWorker (SegmentedRaftLogWorker.java:<init>(172)) - new 0672359c-6225-42b1-8883-1f37891fbc0f-SegmentedRaftLogWorker:Storage Directory /workdir/hadoop-ozone/integration-test/target/test-dir/MiniOzoneClusterImpl-f1369eb2-7165-4223-a2a5-28cf637499e7/datanode-6/data/ratis/f397cb74-3d4f-4be9-98dc-74132d1ecc43 for RaftStorage:Storage Directory /workdir/hadoop-ozone/integration-test/target/test-dir/MiniOzoneClusterImpl-f1369eb2-7165-4223-a2a5-28cf637499e7/datanode-6/data/ratis/f397cb74-3d4f-4be9-98dc-74132d1ecc43
2019-08-20 14:49:27,795 INFO  server.RaftServerConfigKeys (ConfUtils.java:logGet(43)) - raft.server.log.queue.byte-limit = 2147483647 (custom)
2019-08-20 14:49:27,795 INFO  server.RaftServerConfigKeys (ConfUtils.java:logGet(43)) - raft.server.log.queue.element-limit = 1024 (custom)
2019-08-20 14:49:27,795 INFO  server.RaftServerConfigKeys (ConfUtils.java:logGet(43)) - raft.server.log.segment.size.max = 1048576 (custom)
2019-08-20 14:49:27,795 INFO  server.RaftServerConfigKeys (ConfUtils.java:logGet(43)) - raft.server.log.preallocated.size = 16384 (custom)
2019-08-20 14:49:27,795 INFO  server.RaftServerConfigKeys (ConfUtils.java:logGet(43)) - raft.server.log.write.buffer.size = 33554432 (custom)
2019-08-20 14:49:27,795 INFO  server.RaftServerConfigKeys (ConfUtils.java:logGet(43)) - raft.server.log.force.sync.num = 128 (default)
2019-08-20 14:49:27,795 INFO  server.RaftServerConfigKeys (ConfUtils.java:logGet(43)) - raft.server.log.statemachine.data.sync = true (default)
2019-08-20 14:49:27,795 INFO  server.RaftServerConfigKeys (ConfUtils.java:logGet(43)) - raft.server.log.statemachine.data.sync.timeout = 10s (default)
2019-08-20 14:49:27,795 INFO  server.RaftServerConfigKeys (ConfUtils.java:logGet(43)) - raft.server.log.statemachine.data.sync.timeout.retry = -1 (default)
2019-08-20 14:49:27,796 INFO  server.RaftServerConfigKeys (ConfUtils.java:logGet(43)) - raft.server.log.statemachine.data.caching.enabled = true (custom)
2019-08-20 14:49:27,796 INFO  segmented.SegmentedRaftLogWorker (SegmentedRaftLogWorker.java:lambda$new$0(132)) - 0672359c-6225-42b1-8883-1f37891fbc0f-SegmentedRaftLogWorker:Storage Directory /workdir/hadoop-ozone/integration-test/target/test-dir/MiniOzoneClusterImpl-f1369eb2-7165-4223-a2a5-28cf637499e7/datanode-6/data/ratis/f397cb74-3d4f-4be9-98dc-74132d1ecc43: flushIndex: setUnconditionally 0 -> -1
2019-08-20 14:49:27,796 INFO  server.RaftServerConfigKeys (ConfUtils.java:logGet(43)) - raft.server.snapshot.auto.trigger.enabled = true (custom)
2019-08-20 14:49:27,796 INFO  server.RaftServerConfigKeys (ConfUtils.java:logGet(43)) - raft.server.snapshot.auto.trigger.threshold = 10000 (custom)
2019-08-20 14:49:27,796 INFO  server.RaftServerConfigKeys (ConfUtils.java:logGet(43)) - raft.server.retrycache.expirytime = 600000ms (custom)
2019-08-20 14:49:27,796 INFO  impl.RaftServerImpl (RaftServerImpl.java:start(180)) - 0672359c-6225-42b1-8883-1f37891fbc0f: start group-74132D1ECC43
2019-08-20 14:49:27,796 INFO  impl.RaftServerImpl (RaftServerImpl.java:setRole(171)) - 0672359c-6225-42b1-8883-1f37891fbc0f:group-74132D1ECC43 changes role from null to FOLLOWER at term 0 for startAsFollower
2019-08-20 14:49:27,797 INFO  impl.RoleInfo (RoleInfo.java:updateAndGet(143)) - 0672359c-6225-42b1-8883-1f37891fbc0f: start FollowerState
2019-08-20 14:49:27,797 INFO  util.JmxRegister (JmxRegister.java:tryRegister(44)) - Successfully registered JMX Bean with object name Ratis:service=RaftServer,group=group-74132D1ECC43,id=0672359c-6225-42b1-8883-1f37891fbc0f
2019-08-20 14:49:27,799 INFO  pipeline.PipelineStateManager (PipelineStateManager.java:addPipeline(56)) - Created pipeline Pipeline[ Id: f397cb74-3d4f-4be9-98dc-74132d1ecc43, Nodes: 0672359c-6225-42b1-8883-1f37891fbc0f{ip: 192.168.36.107, host: pr-hdds-1942-s8lb6-241747594, networkLocation: /default-rack, certSerialId: null}, Type:RATIS, Factor:ONE, State:OPEN]
2019-08-20 14:49:27,820 INFO  impl.RaftServerProxy (RaftServerProxy.java:addNew(89)) - 30be3dbe-c893-4b50-93b5-0dd56fab25fe: addNew group-AF9AC6819EEF:[b1b65029-3686-41d4-82ad-eecc9f790e57:192.168.36.107:45812, 281a123a-c6ad-43f0-8a3c-4f445d6004a4:192.168.36.107:36858, 30be3dbe-c893-4b50-93b5-0dd56fab25fe:192.168.36.107:33817] returns group-AF9AC6819EEF:java.util.concurrent.CompletableFuture@3b67812[Not completed]
2019-08-20 14:49:27,820 INFO  impl.RaftServerProxy (RaftServerProxy.java:addNew(89)) - b1b65029-3686-41d4-82ad-eecc9f790e57: addNew group-AF9AC6819EEF:[b1b65029-3686-41d4-82ad-eecc9f790e57:192.168.36.107:45812, 281a123a-c6ad-43f0-8a3c-4f445d6004a4:192.168.36.107:36858, 30be3dbe-c893-4b50-93b5-0dd56fab25fe:192.168.36.107:33817] returns group-AF9AC6819EEF:java.util.concurrent.CompletableFuture@45095fcf[Not completed]
2019-08-20 14:49:27,820 INFO  impl.RaftServerProxy (RaftServerProxy.java:addNew(89)) - 281a123a-c6ad-43f0-8a3c-4f445d6004a4: addNew group-AF9AC6819EEF:[b1b65029-3686-41d4-82ad-eecc9f790e57:192.168.36.107:45812, 281a123a-c6ad-43f0-8a3c-4f445d6004a4:192.168.36.107:36858, 30be3dbe-c893-4b50-93b5-0dd56fab25fe:192.168.36.107:33817] returns group-AF9AC6819EEF:java.util.concurrent.CompletableFuture@11a0bf5d[Not completed]
2019-08-20 14:49:27,821 INFO  impl.RaftServerImpl (RaftServerImpl.java:<init>(93)) - b1b65029-3686-41d4-82ad-eecc9f790e57: new RaftServerImpl for group-AF9AC6819EEF:[b1b65029-3686-41d4-82ad-eecc9f790e57:192.168.36.107:45812, 281a123a-c6ad-43f0-8a3c-4f445d6004a4:192.168.36.107:36858, 30be3dbe-c893-4b50-93b5-0dd56fab25fe:192.168.36.107:33817] with ContainerStateMachine:uninitialized
2019-08-20 14:49:27,821 INFO  server.RaftServerConfigKeys (ConfUtils.java:logGet(43)) - raft.server.rpc.timeout.min = 5s (custom)
2019-08-20 14:49:27,821 INFO  server.RaftServerConfigKeys (ConfUtils.java:logGet(43)) - raft.server.rpc.timeout.max = 5200ms (custom)
2019-08-20 14:49:27,821 INFO  server.RaftServerConfigKeys (ConfUtils.java:logGet(43)) - raft.server.rpcslowness.timeout = 120s (custom)
2019-08-20 14:49:27,821 INFO  server.RaftServerConfigKeys (ConfUtils.java:logGet(43)) - raft.server.sleep.deviation.threshold = 300 (default)
2019-08-20 14:49:27,821 INFO  server.RaftServerConfigKeys (ConfUtils.java:logGet(43)) - raft.server.log.appender.install.snapshot.enabled = false (custom)
2019-08-20 14:49:27,821 INFO  impl.RaftServerImpl (ServerState.java:<init>(105)) - b1b65029-3686-41d4-82ad-eecc9f790e57:group-AF9AC6819EEF ConfigurationManager, init=-1: [b1b65029-3686-41d4-82ad-eecc9f790e57:192.168.36.107:45812, 281a123a-c6ad-43f0-8a3c-4f445d6004a4:192.168.36.107:36858, 30be3dbe-c893-4b50-93b5-0dd56fab25fe:192.168.36.107:33817], old=null, confs=<EMPTY_MAP>
2019-08-20 14:49:27,822 INFO  server.RaftServerConfigKeys (ConfUtils.java:logGet(43)) - raft.server.storage.dir = [/workdir/hadoop-ozone/integration-test/target/test-dir/MiniOzoneClusterImpl-f1369eb2-7165-4223-a2a5-28cf637499e7/datanode-0/data/ratis] (custom)
2019-08-20 14:49:27,822 INFO  storage.RaftStorageDirectory (RaftStorageDirectory.java:analyzeStorage(246)) - The storage directory /workdir/hadoop-ozone/integration-test/target/test-dir/MiniOzoneClusterImpl-f1369eb2-7165-4223-a2a5-28cf637499e7/datanode-0/data/ratis/6ad6b28a-8487-41b7-854d-af9ac6819eef does not exist. Creating ...
2019-08-20 14:49:27,823 INFO  impl.RaftServerImpl (RaftServerImpl.java:<init>(93)) - 281a123a-c6ad-43f0-8a3c-4f445d6004a4: new RaftServerImpl for group-AF9AC6819EEF:[b1b65029-3686-41d4-82ad-eecc9f790e57:192.168.36.107:45812, 281a123a-c6ad-43f0-8a3c-4f445d6004a4:192.168.36.107:36858, 30be3dbe-c893-4b50-93b5-0dd56fab25fe:192.168.36.107:33817] with ContainerStateMachine:uninitialized
2019-08-20 14:49:27,823 INFO  server.RaftServerConfigKeys (ConfUtils.java:logGet(43)) - raft.server.rpc.timeout.min = 5s (custom)
2019-08-20 14:49:27,823 INFO  server.RaftServerConfigKeys (ConfUtils.java:logGet(43)) - raft.server.rpc.timeout.max = 5200ms (custom)
2019-08-20 14:49:27,823 INFO  server.RaftServerConfigKeys (ConfUtils.java:logGet(43)) - raft.server.rpcslowness.timeout = 120s (custom)
2019-08-20 14:49:27,823 INFO  server.RaftServerConfigKeys (ConfUtils.java:logGet(43)) - raft.server.sleep.deviation.threshold = 300 (default)
2019-08-20 14:49:27,824 INFO  server.RaftServerConfigKeys (ConfUtils.java:logGet(43)) - raft.server.log.appender.install.snapshot.enabled = false (custom)
2019-08-20 14:49:27,823 INFO  impl.RaftServerImpl (RaftServerImpl.java:<init>(93)) - 30be3dbe-c893-4b50-93b5-0dd56fab25fe: new RaftServerImpl for group-AF9AC6819EEF:[b1b65029-3686-41d4-82ad-eecc9f790e57:192.168.36.107:45812, 281a123a-c6ad-43f0-8a3c-4f445d6004a4:192.168.36.107:36858, 30be3dbe-c893-4b50-93b5-0dd56fab25fe:192.168.36.107:33817] with ContainerStateMachine:uninitialized
2019-08-20 14:49:27,824 INFO  impl.RaftServerImpl (ServerState.java:<init>(105)) - 281a123a-c6ad-43f0-8a3c-4f445d6004a4:group-AF9AC6819EEF ConfigurationManager, init=-1: [b1b65029-3686-41d4-82ad-eecc9f790e57:192.168.36.107:45812, 281a123a-c6ad-43f0-8a3c-4f445d6004a4:192.168.36.107:36858, 30be3dbe-c893-4b50-93b5-0dd56fab25fe:192.168.36.107:33817], old=null, confs=<EMPTY_MAP>
2019-08-20 14:49:27,824 INFO  server.RaftServerConfigKeys (ConfUtils.java:logGet(43)) - raft.server.rpc.timeout.min = 5s (custom)
2019-08-20 14:49:27,824 INFO  server.RaftServerConfigKeys (ConfUtils.java:logGet(43)) - raft.server.storage.dir = [/workdir/hadoop-ozone/integration-test/target/test-dir/MiniOzoneClusterImpl-f1369eb2-7165-4223-a2a5-28cf637499e7/datanode-1/data/ratis] (custom)
2019-08-20 14:49:27,824 INFO  server.RaftServerConfigKeys (ConfUtils.java:logGet(43)) - raft.server.rpc.timeout.max = 5200ms (custom)
2019-08-20 14:49:27,824 INFO  server.RaftServerConfigKeys (ConfUtils.java:logGet(43)) - raft.server.rpcslowness.timeout = 120s (custom)
2019-08-20 14:49:27,824 INFO  storage.RaftStorageDirectory (RaftStorageDirectory.java:analyzeStorage(246)) - The storage directory /workdir/hadoop-ozone/integration-test/target/test-dir/MiniOzoneClusterImpl-f1369eb2-7165-4223-a2a5-28cf637499e7/datanode-1/data/ratis/6ad6b28a-8487-41b7-854d-af9ac6819eef does not exist. Creating ...
2019-08-20 14:49:27,824 INFO  server.RaftServerConfigKeys (ConfUtils.java:logGet(43)) - raft.server.sleep.deviation.threshold = 300 (default)
2019-08-20 14:49:27,825 INFO  server.RaftServerConfigKeys (ConfUtils.java:logGet(43)) - raft.server.log.appender.install.snapshot.enabled = false (custom)
2019-08-20 14:49:27,825 INFO  impl.RaftServerImpl (ServerState.java:<init>(105)) - 30be3dbe-c893-4b50-93b5-0dd56fab25fe:group-AF9AC6819EEF ConfigurationManager, init=-1: [b1b65029-3686-41d4-82ad-eecc9f790e57:192.168.36.107:45812, 281a123a-c6ad-43f0-8a3c-4f445d6004a4:192.168.36.107:36858, 30be3dbe-c893-4b50-93b5-0dd56fab25fe:192.168.36.107:33817], old=null, confs=<EMPTY_MAP>
2019-08-20 14:49:27,825 INFO  server.RaftServerConfigKeys (ConfUtils.java:logGet(43)) - raft.server.storage.dir = [/workdir/hadoop-ozone/integration-test/target/test-dir/MiniOzoneClusterImpl-f1369eb2-7165-4223-a2a5-28cf637499e7/datanode-4/data/ratis] (custom)
2019-08-20 14:49:27,825 INFO  storage.RaftStorageDirectory (RaftStorageDirectory.java:analyzeStorage(246)) - The storage directory /workdir/hadoop-ozone/integration-test/target/test-dir/MiniOzoneClusterImpl-f1369eb2-7165-4223-a2a5-28cf637499e7/datanode-4/data/ratis/6ad6b28a-8487-41b7-854d-af9ac6819eef does not exist. Creating ...
2019-08-20 14:49:27,844 INFO  storage.RaftStorageDirectory (RaftStorageDirectory.java:tryLock(328)) - Lock on /workdir/hadoop-ozone/integration-test/target/test-dir/MiniOzoneClusterImpl-f1369eb2-7165-4223-a2a5-28cf637499e7/datanode-0/data/ratis/6ad6b28a-8487-41b7-854d-af9ac6819eef/in_use.lock acquired by nodename 31473@pr-hdds-1942-s8lb6-241747594
2019-08-20 14:49:27,844 INFO  storage.RaftStorageDirectory (RaftStorageDirectory.java:tryLock(328)) - Lock on /workdir/hadoop-ozone/integration-test/target/test-dir/MiniOzoneClusterImpl-f1369eb2-7165-4223-a2a5-28cf637499e7/datanode-4/data/ratis/6ad6b28a-8487-41b7-854d-af9ac6819eef/in_use.lock acquired by nodename 31473@pr-hdds-1942-s8lb6-241747594
2019-08-20 14:49:27,844 INFO  storage.RaftStorageDirectory (RaftStorageDirectory.java:tryLock(328)) - Lock on /workdir/hadoop-ozone/integration-test/target/test-dir/MiniOzoneClusterImpl-f1369eb2-7165-4223-a2a5-28cf637499e7/datanode-1/data/ratis/6ad6b28a-8487-41b7-854d-af9ac6819eef/in_use.lock acquired by nodename 31473@pr-hdds-1942-s8lb6-241747594
2019-08-20 14:49:27,870 INFO  storage.RaftStorage (RaftStorage.java:format(72)) - Storage directory /workdir/hadoop-ozone/integration-test/target/test-dir/MiniOzoneClusterImpl-f1369eb2-7165-4223-a2a5-28cf637499e7/datanode-1/data/ratis/6ad6b28a-8487-41b7-854d-af9ac6819eef has been successfully formatted.
2019-08-20 14:49:27,870 INFO  storage.RaftStorage (RaftStorage.java:format(72)) - Storage directory /workdir/hadoop-ozone/integration-test/target/test-dir/MiniOzoneClusterImpl-f1369eb2-7165-4223-a2a5-28cf637499e7/datanode-0/data/ratis/6ad6b28a-8487-41b7-854d-af9ac6819eef has been successfully formatted.
2019-08-20 14:49:27,870 INFO  storage.RaftStorage (RaftStorage.java:format(72)) - Storage directory /workdir/hadoop-ozone/integration-test/target/test-dir/MiniOzoneClusterImpl-f1369eb2-7165-4223-a2a5-28cf637499e7/datanode-4/data/ratis/6ad6b28a-8487-41b7-854d-af9ac6819eef has been successfully formatted.
2019-08-20 14:49:27,870 INFO  ratis.ContainerStateMachine (ContainerStateMachine.java:loadSnapshot(222)) - group-AF9AC6819EEF: The snapshot info is null. Setting the last applied indexto:(t:0, i:~)
2019-08-20 14:49:27,870 INFO  ratis.ContainerStateMachine (ContainerStateMachine.java:loadSnapshot(222)) - group-AF9AC6819EEF: The snapshot info is null. Setting the last applied indexto:(t:0, i:~)
2019-08-20 14:49:27,870 INFO  ratis.ContainerStateMachine (ContainerStateMachine.java:loadSnapshot(222)) - group-AF9AC6819EEF: The snapshot info is null. Setting the last applied indexto:(t:0, i:~)
2019-08-20 14:49:27,870 INFO  server.RaftServerConfigKeys (ConfUtils.java:logGet(43)) - raft.server.leader.election.timeout = 120s (custom)
2019-08-20 14:49:27,870 INFO  server.RaftServerConfigKeys (ConfUtils.java:logGet(43)) - raft.server.leader.election.timeout = 120s (custom)
2019-08-20 14:49:27,871 INFO  server.RaftServerConfigKeys (ConfUtils.java:logGet(43)) - raft.server.log.use.memory = false (default)
2019-08-20 14:49:27,871 INFO  server.RaftServerConfigKeys (ConfUtils.java:logGet(43)) - raft.server.leader.election.timeout = 120s (custom)
2019-08-20 14:49:27,871 INFO  server.RaftServerConfigKeys (ConfUtils.java:logGet(43)) - raft.server.log.purge.gap = 1000000000 (custom)
2019-08-20 14:49:27,871 INFO  server.RaftServerConfigKeys (ConfUtils.java:logGet(43)) - raft.server.log.use.memory = false (default)
2019-08-20 14:49:27,871 INFO  server.RaftServerConfigKeys (ConfUtils.java:logGet(43)) - raft.server.log.appender.buffer.byte-limit = 33554432 (custom)
2019-08-20 14:49:27,871 INFO  server.RaftServerConfigKeys (ConfUtils.java:logGet(43)) - raft.server.log.use.memory = false (default)
2019-08-20 14:49:27,871 INFO  server.RaftServerConfigKeys (ConfUtils.java:logGet(43)) - raft.server.log.segment.size.max = 1048576 (custom)
2019-08-20 14:49:27,871 INFO  server.RaftServerConfigKeys (ConfUtils.java:logGet(43)) - raft.server.log.purge.gap = 1000000000 (custom)
2019-08-20 14:49:27,871 INFO  server.RaftServerConfigKeys (ConfUtils.java:logGet(43)) - raft.server.log.segment.cache.num.max = 2 (custom)
2019-08-20 14:49:27,871 INFO  server.RaftServerConfigKeys (ConfUtils.java:logGet(43)) - raft.server.log.purge.gap = 1000000000 (custom)
2019-08-20 14:49:27,871 INFO  segmented.SegmentedRaftLogWorker (SegmentedRaftLogWorker.java:<init>(172)) - new 30be3dbe-c893-4b50-93b5-0dd56fab25fe-SegmentedRaftLogWorker:Storage Directory /workdir/hadoop-ozone/integration-test/target/test-dir/MiniOzoneClusterImpl-f1369eb2-7165-4223-a2a5-28cf637499e7/datanode-4/data/ratis/6ad6b28a-8487-41b7-854d-af9ac6819eef for RaftStorage:Storage Directory /workdir/hadoop-ozone/integration-test/target/test-dir/MiniOzoneClusterImpl-f1369eb2-7165-4223-a2a5-28cf637499e7/datanode-4/data/ratis/6ad6b28a-8487-41b7-854d-af9ac6819eef
2019-08-20 14:49:27,871 INFO  server.RaftServerConfigKeys (ConfUtils.java:logGet(43)) - raft.server.log.appender.buffer.byte-limit = 33554432 (custom)
2019-08-20 14:49:27,872 INFO  server.RaftServerConfigKeys (ConfUtils.java:logGet(43)) - raft.server.log.queue.byte-limit = 2147483647 (custom)
2019-08-20 14:49:27,872 INFO  server.RaftServerConfigKeys (ConfUtils.java:logGet(43)) - raft.server.log.queue.element-limit = 1024 (custom)
2019-08-20 14:49:27,872 INFO  server.RaftServerConfigKeys (ConfUtils.java:logGet(43)) - raft.server.log.appender.buffer.byte-limit = 33554432 (custom)
2019-08-20 14:49:27,872 INFO  server.RaftServerConfigKeys (ConfUtils.java:logGet(43)) - raft.server.log.segment.size.max = 1048576 (custom)
2019-08-20 14:49:27,872 INFO  server.RaftServerConfigKeys (ConfUtils.java:logGet(43)) - raft.server.log.segment.size.max = 1048576 (custom)
2019-08-20 14:49:27,872 INFO  server.RaftServerConfigKeys (ConfUtils.java:logGet(43)) - raft.server.log.preallocated.size = 16384 (custom)
2019-08-20 14:49:27,872 INFO  server.RaftServerConfigKeys (ConfUtils.java:logGet(43)) - raft.server.log.segment.size.max = 1048576 (custom)
2019-08-20 14:49:27,872 INFO  server.RaftServerConfigKeys (ConfUtils.java:logGet(43)) - raft.server.log.write.buffer.size = 33554432 (custom)
2019-08-20 14:49:27,872 INFO  server.RaftServerConfigKeys (ConfUtils.java:logGet(43)) - raft.server.log.segment.cache.num.max = 2 (custom)
2019-08-20 14:49:27,872 INFO  server.RaftServerConfigKeys (ConfUtils.java:logGet(43)) - raft.server.log.force.sync.num = 128 (default)
2019-08-20 14:49:27,872 INFO  server.RaftServerConfigKeys (ConfUtils.java:logGet(43)) - raft.server.log.segment.cache.num.max = 2 (custom)
2019-08-20 14:49:27,873 INFO  server.RaftServerConfigKeys (ConfUtils.java:logGet(43)) - raft.server.log.statemachine.data.sync = true (default)
2019-08-20 14:49:27,873 INFO  segmented.SegmentedRaftLogWorker (SegmentedRaftLogWorker.java:<init>(172)) - new b1b65029-3686-41d4-82ad-eecc9f790e57-SegmentedRaftLogWorker:Storage Directory /workdir/hadoop-ozone/integration-test/target/test-dir/MiniOzoneClusterImpl-f1369eb2-7165-4223-a2a5-28cf637499e7/datanode-0/data/ratis/6ad6b28a-8487-41b7-854d-af9ac6819eef for RaftStorage:Storage Directory /workdir/hadoop-ozone/integration-test/target/test-dir/MiniOzoneClusterImpl-f1369eb2-7165-4223-a2a5-28cf637499e7/datanode-0/data/ratis/6ad6b28a-8487-41b7-854d-af9ac6819eef
2019-08-20 14:49:27,873 INFO  server.RaftServerConfigKeys (ConfUtils.java:logGet(43)) - raft.server.log.statemachine.data.sync.timeout = 10s (default)
2019-08-20 14:49:27,873 INFO  segmented.SegmentedRaftLogWorker (SegmentedRaftLogWorker.java:<init>(172)) - new 281a123a-c6ad-43f0-8a3c-4f445d6004a4-SegmentedRaftLogWorker:Storage Directory /workdir/hadoop-ozone/integration-test/target/test-dir/MiniOzoneClusterImpl-f1369eb2-7165-4223-a2a5-28cf637499e7/datanode-1/data/ratis/6ad6b28a-8487-41b7-854d-af9ac6819eef for RaftStorage:Storage Directory /workdir/hadoop-ozone/integration-test/target/test-dir/MiniOzoneClusterImpl-f1369eb2-7165-4223-a2a5-28cf637499e7/datanode-1/data/ratis/6ad6b28a-8487-41b7-854d-af9ac6819eef
2019-08-20 14:49:27,873 INFO  server.RaftServerConfigKeys (ConfUtils.java:logGet(43)) - raft.server.log.statemachine.data.sync.timeout.retry = -1 (default)
2019-08-20 14:49:27,873 INFO  server.RaftServerConfigKeys (ConfUtils.java:logGet(43)) - raft.server.log.queue.byte-limit = 2147483647 (custom)
2019-08-20 14:49:27,873 INFO  server.RaftServerConfigKeys (ConfUtils.java:logGet(43)) - raft.server.log.statemachine.data.caching.enabled = true (custom)
2019-08-20 14:49:27,873 INFO  server.RaftServerConfigKeys (ConfUtils.java:logGet(43)) - raft.server.log.queue.byte-limit = 2147483647 (custom)
2019-08-20 14:49:27,873 INFO  server.RaftServerConfigKeys (ConfUtils.java:logGet(43)) - raft.server.log.queue.element-limit = 1024 (custom)
2019-08-20 14:49:27,874 INFO  segmented.SegmentedRaftLogWorker (SegmentedRaftLogWorker.java:lambda$new$0(132)) - 30be3dbe-c893-4b50-93b5-0dd56fab25fe-SegmentedRaftLogWorker:Storage Directory /workdir/hadoop-ozone/integration-test/target/test-dir/MiniOzoneClusterImpl-f1369eb2-7165-4223-a2a5-28cf637499e7/datanode-4/data/ratis/6ad6b28a-8487-41b7-854d-af9ac6819eef: flushIndex: setUnconditionally 0 -> -1
2019-08-20 14:49:27,873 INFO  server.RaftServerConfigKeys (ConfUtils.java:logGet(43)) - raft.server.log.queue.element-limit = 1024 (custom)
2019-08-20 14:49:27,874 INFO  server.RaftServerConfigKeys (ConfUtils.java:logGet(43)) - raft.server.log.segment.size.max = 1048576 (custom)
2019-08-20 14:49:27,874 INFO  server.RaftServerConfigKeys (ConfUtils.java:logGet(43)) - raft.server.log.segment.size.max = 1048576 (custom)
2019-08-20 14:49:27,874 INFO  server.RaftServerConfigKeys (ConfUtils.java:logGet(43)) - raft.server.snapshot.auto.trigger.enabled = true (custom)
2019-08-20 14:49:27,874 INFO  server.RaftServerConfigKeys (ConfUtils.java:logGet(43)) - raft.server.log.preallocated.size = 16384 (custom)
2019-08-20 14:49:27,874 INFO  server.RaftServerConfigKeys (ConfUtils.java:logGet(43)) - raft.server.log.preallocated.size = 16384 (custom)
2019-08-20 14:49:27,874 INFO  server.RaftServerConfigKeys (ConfUtils.java:logGet(43)) - raft.server.log.write.buffer.size = 33554432 (custom)
2019-08-20 14:49:27,874 INFO  server.RaftServerConfigKeys (ConfUtils.java:logGet(43)) - raft.server.snapshot.auto.trigger.threshold = 10000 (custom)
2019-08-20 14:49:27,874 INFO  server.RaftServerConfigKeys (ConfUtils.java:logGet(43)) - raft.server.log.force.sync.num = 128 (default)
2019-08-20 14:49:27,874 INFO  server.RaftServerConfigKeys (ConfUtils.java:logGet(43)) - raft.server.log.write.buffer.size = 33554432 (custom)
2019-08-20 14:49:27,875 INFO  server.RaftServerConfigKeys (ConfUtils.java:logGet(43)) - raft.server.log.statemachine.data.sync = true (default)
2019-08-20 14:49:27,874 INFO  server.RaftServerConfigKeys (ConfUtils.java:logGet(43)) - raft.server.retrycache.expirytime = 600000ms (custom)
2019-08-20 14:49:27,875 INFO  server.RaftServerConfigKeys (ConfUtils.java:logGet(43)) - raft.server.log.statemachine.data.sync.timeout = 10s (default)
2019-08-20 14:49:27,875 INFO  impl.RaftServerImpl (RaftServerImpl.java:start(180)) - 30be3dbe-c893-4b50-93b5-0dd56fab25fe: start group-AF9AC6819EEF
2019-08-20 14:49:27,875 INFO  server.RaftServerConfigKeys (ConfUtils.java:logGet(43)) - raft.server.log.force.sync.num = 128 (default)
2019-08-20 14:49:27,875 INFO  impl.RaftServerImpl (RaftServerImpl.java:setRole(171)) - 30be3dbe-c893-4b50-93b5-0dd56fab25fe:group-AF9AC6819EEF changes role from null to FOLLOWER at term 0 for startAsFollower
2019-08-20 14:49:27,875 INFO  server.RaftServerConfigKeys (ConfUtils.java:logGet(43)) - raft.server.log.statemachine.data.sync.timeout.retry = -1 (default)
2019-08-20 14:49:27,875 INFO  impl.RoleInfo (RoleInfo.java:updateAndGet(143)) - 30be3dbe-c893-4b50-93b5-0dd56fab25fe: start FollowerState
2019-08-20 14:49:27,875 INFO  server.RaftServerConfigKeys (ConfUtils.java:logGet(43)) - raft.server.log.statemachine.data.sync = true (default)
2019-08-20 14:49:27,875 INFO  server.RaftServerConfigKeys (ConfUtils.java:logGet(43)) - raft.server.log.statemachine.data.sync.timeout = 10s (default)
2019-08-20 14:49:27,875 INFO  server.RaftServerConfigKeys (ConfUtils.java:logGet(43)) - raft.server.log.statemachine.data.sync.timeout.retry = -1 (default)
2019-08-20 14:49:27,876 INFO  server.RaftServerConfigKeys (ConfUtils.java:logGet(43)) - raft.server.log.statemachine.data.caching.enabled = true (custom)
2019-08-20 14:49:27,876 INFO  segmented.SegmentedRaftLogWorker (SegmentedRaftLogWorker.java:lambda$new$0(132)) - b1b65029-3686-41d4-82ad-eecc9f790e57-SegmentedRaftLogWorker:Storage Directory /workdir/hadoop-ozone/integration-test/target/test-dir/MiniOzoneClusterImpl-f1369eb2-7165-4223-a2a5-28cf637499e7/datanode-0/data/ratis/6ad6b28a-8487-41b7-854d-af9ac6819eef: flushIndex: setUnconditionally 0 -> -1
2019-08-20 14:49:27,875 INFO  server.RaftServerConfigKeys (ConfUtils.java:logGet(43)) - raft.server.log.statemachine.data.caching.enabled = true (custom)
2019-08-20 14:49:27,876 INFO  server.RaftServerConfigKeys (ConfUtils.java:logGet(43)) - raft.server.snapshot.auto.trigger.enabled = true (custom)
2019-08-20 14:49:27,876 INFO  util.JmxRegister (JmxRegister.java:tryRegister(44)) - Successfully registered JMX Bean with object name Ratis:service=RaftServer,group=group-AF9AC6819EEF,id=30be3dbe-c893-4b50-93b5-0dd56fab25fe
2019-08-20 14:49:27,876 INFO  server.RaftServerConfigKeys (ConfUtils.java:logGet(43)) - raft.server.snapshot.auto.trigger.threshold = 10000 (custom)
2019-08-20 14:49:27,876 INFO  segmented.SegmentedRaftLogWorker (SegmentedRaftLogWorker.java:lambda$new$0(132)) - 281a123a-c6ad-43f0-8a3c-4f445d6004a4-SegmentedRaftLogWorker:Storage Directory /workdir/hadoop-ozone/integration-test/target/test-dir/MiniOzoneClusterImpl-f1369eb2-7165-4223-a2a5-28cf637499e7/datanode-1/data/ratis/6ad6b28a-8487-41b7-854d-af9ac6819eef: flushIndex: setUnconditionally 0 -> -1
2019-08-20 14:49:27,876 INFO  server.RaftServerConfigKeys (ConfUtils.java:logGet(43)) - raft.server.retrycache.expirytime = 600000ms (custom)
2019-08-20 14:49:27,877 INFO  impl.RaftServerImpl (RaftServerImpl.java:start(180)) - b1b65029-3686-41d4-82ad-eecc9f790e57: start group-AF9AC6819EEF
2019-08-20 14:49:27,877 INFO  server.RaftServerConfigKeys (ConfUtils.java:logGet(43)) - raft.server.snapshot.auto.trigger.enabled = true (custom)
2019-08-20 14:49:27,877 INFO  impl.RaftServerImpl (RaftServerImpl.java:setRole(171)) - b1b65029-3686-41d4-82ad-eecc9f790e57:group-AF9AC6819EEF changes role from null to FOLLOWER at term 0 for startAsFollower
2019-08-20 14:49:27,877 INFO  server.RaftServerConfigKeys (ConfUtils.java:logGet(43)) - raft.server.snapshot.auto.trigger.threshold = 10000 (custom)
2019-08-20 14:49:27,877 INFO  impl.RoleInfo (RoleInfo.java:updateAndGet(143)) - b1b65029-3686-41d4-82ad-eecc9f790e57: start FollowerState
2019-08-20 14:49:27,877 INFO  server.RaftServerConfigKeys (ConfUtils.java:logGet(43)) - raft.server.retrycache.expirytime = 600000ms (custom)
2019-08-20 14:49:27,877 INFO  util.JmxRegister (JmxRegister.java:tryRegister(44)) - Successfully registered JMX Bean with object name Ratis:service=RaftServer,group=group-AF9AC6819EEF,id=b1b65029-3686-41d4-82ad-eecc9f790e57
2019-08-20 14:49:27,877 INFO  impl.RaftServerImpl (RaftServerImpl.java:start(180)) - 281a123a-c6ad-43f0-8a3c-4f445d6004a4: start group-AF9AC6819EEF
2019-08-20 14:49:27,878 INFO  impl.RaftServerImpl (RaftServerImpl.java:setRole(171)) - 281a123a-c6ad-43f0-8a3c-4f445d6004a4:group-AF9AC6819EEF changes role from null to FOLLOWER at term 0 for startAsFollower
2019-08-20 14:49:27,878 INFO  impl.RoleInfo (RoleInfo.java:updateAndGet(143)) - 281a123a-c6ad-43f0-8a3c-4f445d6004a4: start FollowerState
2019-08-20 14:49:27,878 INFO  util.JmxRegister (JmxRegister.java:tryRegister(44)) - Successfully registered JMX Bean with object name Ratis:service=RaftServer,group=group-AF9AC6819EEF,id=281a123a-c6ad-43f0-8a3c-4f445d6004a4
2019-08-20 14:49:27,880 INFO  pipeline.PipelineStateManager (PipelineStateManager.java:addPipeline(56)) - Created pipeline Pipeline[ Id: 6ad6b28a-8487-41b7-854d-af9ac6819eef, Nodes: 281a123a-c6ad-43f0-8a3c-4f445d6004a4{ip: 192.168.36.107, host: pr-hdds-1942-s8lb6-241747594, networkLocation: /default-rack, certSerialId: null}b1b65029-3686-41d4-82ad-eecc9f790e57{ip: 192.168.36.107, host: pr-hdds-1942-s8lb6-241747594, networkLocation: /default-rack, certSerialId: null}30be3dbe-c893-4b50-93b5-0dd56fab25fe{ip: 192.168.36.107, host: pr-hdds-1942-s8lb6-241747594, networkLocation: /default-rack, certSerialId: null}, Type:RATIS, Factor:THREE, State:OPEN]
2019-08-20 14:49:27,896 INFO  impl.RaftServerProxy (RaftServerProxy.java:addNew(89)) - c43c6941-c698-401b-8222-bca35851ed92: addNew group-27D532FE74EA:[d461666d-3393-4914-8f68-1e7af24d3b9e:192.168.36.107:33334, c43c6941-c698-401b-8222-bca35851ed92:192.168.36.107:45103, c6f0101b-46e5-4976-8ccb-fb5bb5b8ac3c:192.168.36.107:45278] returns group-27D532FE74EA:java.util.concurrent.CompletableFuture@63bf648b[Not completed]
2019-08-20 14:49:27,896 INFO  impl.RaftServerProxy (RaftServerProxy.java:addNew(89)) - d461666d-3393-4914-8f68-1e7af24d3b9e: addNew group-27D532FE74EA:[d461666d-3393-4914-8f68-1e7af24d3b9e:192.168.36.107:33334, c43c6941-c698-401b-8222-bca35851ed92:192.168.36.107:45103, c6f0101b-46e5-4976-8ccb-fb5bb5b8ac3c:192.168.36.107:45278] returns group-27D532FE74EA:java.util.concurrent.CompletableFuture@1df5b0a1[Not completed]
2019-08-20 14:49:27,896 INFO  impl.RaftServerProxy (RaftServerProxy.java:addNew(89)) - c6f0101b-46e5-4976-8ccb-fb5bb5b8ac3c: addNew group-27D532FE74EA:[d461666d-3393-4914-8f68-1e7af24d3b9e:192.168.36.107:33334, c43c6941-c698-401b-8222-bca35851ed92:192.168.36.107:45103, c6f0101b-46e5-4976-8ccb-fb5bb5b8ac3c:192.168.36.107:45278] returns group-27D532FE74EA:java.util.concurrent.CompletableFuture@1703d64[Not completed]
2019-08-20 14:49:27,897 INFO  impl.RaftServerImpl (RaftServerImpl.java:<init>(93)) - c43c6941-c698-401b-8222-bca35851ed92: new RaftServerImpl for group-27D532FE74EA:[d461666d-3393-4914-8f68-1e7af24d3b9e:192.168.36.107:33334, c43c6941-c698-401b-8222-bca35851ed92:192.168.36.107:45103, c6f0101b-46e5-4976-8ccb-fb5bb5b8ac3c:192.168.36.107:45278] with ContainerStateMachine:uninitialized
2019-08-20 14:49:27,897 INFO  server.RaftServerConfigKeys (ConfUtils.java:logGet(43)) - raft.server.rpc.timeout.min = 5s (custom)
2019-08-20 14:49:27,897 INFO  server.RaftServerConfigKeys (ConfUtils.java:logGet(43)) - raft.server.rpc.timeout.max = 5200ms (custom)
2019-08-20 14:49:27,897 INFO  server.RaftServerConfigKeys (ConfUtils.java:logGet(43)) - raft.server.rpcslowness.timeout = 120s (custom)
2019-08-20 14:49:27,897 INFO  impl.RaftServerImpl (RaftServerImpl.java:<init>(93)) - d461666d-3393-4914-8f68-1e7af24d3b9e: new RaftServerImpl for group-27D532FE74EA:[d461666d-3393-4914-8f68-1e7af24d3b9e:192.168.36.107:33334, c43c6941-c698-401b-8222-bca35851ed92:192.168.36.107:45103, c6f0101b-46e5-4976-8ccb-fb5bb5b8ac3c:192.168.36.107:45278] with ContainerStateMachine:uninitialized
2019-08-20 14:49:27,897 INFO  server.RaftServerConfigKeys (ConfUtils.java:logGet(43)) - raft.server.sleep.deviation.threshold = 300 (default)
2019-08-20 14:49:27,897 INFO  impl.RaftServerImpl (RaftServerImpl.java:<init>(93)) - c6f0101b-46e5-4976-8ccb-fb5bb5b8ac3c: new RaftServerImpl for group-27D532FE74EA:[d461666d-3393-4914-8f68-1e7af24d3b9e:192.168.36.107:33334, c43c6941-c698-401b-8222-bca35851ed92:192.168.36.107:45103, c6f0101b-46e5-4976-8ccb-fb5bb5b8ac3c:192.168.36.107:45278] with ContainerStateMachine:uninitialized
2019-08-20 14:49:27,897 INFO  server.RaftServerConfigKeys (ConfUtils.java:logGet(43)) - raft.server.rpc.timeout.min = 5s (custom)
2019-08-20 14:49:27,898 INFO  server.RaftServerConfigKeys (ConfUtils.java:logGet(43)) - raft.server.rpc.timeout.min = 5s (custom)
2019-08-20 14:49:27,897 INFO  server.RaftServerConfigKeys (ConfUtils.java:logGet(43)) - raft.server.log.appender.install.snapshot.enabled = false (custom)
2019-08-20 14:49:27,898 INFO  server.RaftServerConfigKeys (ConfUtils.java:logGet(43)) - raft.server.rpc.timeout.max = 5200ms (custom)
2019-08-20 14:49:27,898 INFO  server.RaftServerConfigKeys (ConfUtils.java:logGet(43)) - raft.server.rpc.timeout.max = 5200ms (custom)
2019-08-20 14:49:27,898 INFO  server.RaftServerConfigKeys (ConfUtils.java:logGet(43)) - raft.server.rpcslowness.timeout = 120s (custom)
2019-08-20 14:49:27,898 INFO  impl.RaftServerImpl (ServerState.java:<init>(105)) - c43c6941-c698-401b-8222-bca35851ed92:group-27D532FE74EA ConfigurationManager, init=-1: [d461666d-3393-4914-8f68-1e7af24d3b9e:192.168.36.107:33334, c43c6941-c698-401b-8222-bca35851ed92:192.168.36.107:45103, c6f0101b-46e5-4976-8ccb-fb5bb5b8ac3c:192.168.36.107:45278], old=null, confs=<EMPTY_MAP>
2019-08-20 14:49:27,898 INFO  server.RaftServerConfigKeys (ConfUtils.java:logGet(43)) - raft.server.sleep.deviation.threshold = 300 (default)
2019-08-20 14:49:27,898 INFO  server.RaftServerConfigKeys (ConfUtils.java:logGet(43)) - raft.server.rpcslowness.timeout = 120s (custom)
2019-08-20 14:49:27,898 INFO  server.RaftServerConfigKeys (ConfUtils.java:logGet(43)) - raft.server.log.appender.install.snapshot.enabled = false (custom)
2019-08-20 14:49:27,898 INFO  server.RaftServerConfigKeys (ConfUtils.java:logGet(43)) - raft.server.storage.dir = [/workdir/hadoop-ozone/integration-test/target/test-dir/MiniOzoneClusterImpl-f1369eb2-7165-4223-a2a5-28cf637499e7/datanode-2/data/ratis] (custom)
2019-08-20 14:49:27,898 INFO  impl.RaftServerImpl (ServerState.java:<init>(105)) - c6f0101b-46e5-4976-8ccb-fb5bb5b8ac3c:group-27D532FE74EA ConfigurationManager, init=-1: [d461666d-3393-4914-8f68-1e7af24d3b9e:192.168.36.107:33334, c43c6941-c698-401b-8222-bca35851ed92:192.168.36.107:45103, c6f0101b-46e5-4976-8ccb-fb5bb5b8ac3c:192.168.36.107:45278], old=null, confs=<EMPTY_MAP>
2019-08-20 14:49:27,898 INFO  server.RaftServerConfigKeys (ConfUtils.java:logGet(43)) - raft.server.sleep.deviation.threshold = 300 (default)
2019-08-20 14:49:27,898 INFO  server.RaftServerConfigKeys (ConfUtils.java:logGet(43)) - raft.server.storage.dir = [/workdir/hadoop-ozone/integration-test/target/test-dir/MiniOzoneClusterImpl-f1369eb2-7165-4223-a2a5-28cf637499e7/datanode-3/data/ratis] (custom)
2019-08-20 14:49:27,899 INFO  server.RaftServerConfigKeys (ConfUtils.java:logGet(43)) - raft.server.log.appender.install.snapshot.enabled = false (custom)
2019-08-20 14:49:27,899 INFO  storage.RaftStorageDirectory (RaftStorageDirectory.java:analyzeStorage(246)) - The storage directory /workdir/hadoop-ozone/integration-test/target/test-dir/MiniOzoneClusterImpl-f1369eb2-7165-4223-a2a5-28cf637499e7/datanode-2/data/ratis/1eb4a5da-195d-4ccb-86e5-27d532fe74ea does not exist. Creating ...
2019-08-20 14:49:27,899 INFO  storage.RaftStorageDirectory (RaftStorageDirectory.java:analyzeStorage(246)) - The storage directory /workdir/hadoop-ozone/integration-test/target/test-dir/MiniOzoneClusterImpl-f1369eb2-7165-4223-a2a5-28cf637499e7/datanode-3/data/ratis/1eb4a5da-195d-4ccb-86e5-27d532fe74ea does not exist. Creating ...
2019-08-20 14:49:27,899 INFO  impl.RaftServerImpl (ServerState.java:<init>(105)) - d461666d-3393-4914-8f68-1e7af24d3b9e:group-27D532FE74EA ConfigurationManager, init=-1: [d461666d-3393-4914-8f68-1e7af24d3b9e:192.168.36.107:33334, c43c6941-c698-401b-8222-bca35851ed92:192.168.36.107:45103, c6f0101b-46e5-4976-8ccb-fb5bb5b8ac3c:192.168.36.107:45278], old=null, confs=<EMPTY_MAP>
2019-08-20 14:49:27,899 INFO  server.RaftServerConfigKeys (ConfUtils.java:logGet(43)) - raft.server.storage.dir = [/workdir/hadoop-ozone/integration-test/target/test-dir/MiniOzoneClusterImpl-f1369eb2-7165-4223-a2a5-28cf637499e7/datanode-5/data/ratis] (custom)
2019-08-20 14:49:27,899 INFO  storage.RaftStorageDirectory (RaftStorageDirectory.java:analyzeStorage(246)) - The storage directory /workdir/hadoop-ozone/integration-test/target/test-dir/MiniOzoneClusterImpl-f1369eb2-7165-4223-a2a5-28cf637499e7/datanode-5/data/ratis/1eb4a5da-195d-4ccb-86e5-27d532fe74ea does not exist. Creating ...
2019-08-20 14:49:27,920 INFO  storage.RaftStorageDirectory (RaftStorageDirectory.java:tryLock(328)) - Lock on /workdir/hadoop-ozone/integration-test/target/test-dir/MiniOzoneClusterImpl-f1369eb2-7165-4223-a2a5-28cf637499e7/datanode-3/data/ratis/1eb4a5da-195d-4ccb-86e5-27d532fe74ea/in_use.lock acquired by nodename 31473@pr-hdds-1942-s8lb6-241747594
2019-08-20 14:49:27,920 INFO  storage.RaftStorageDirectory (RaftStorageDirectory.java:tryLock(328)) - Lock on /workdir/hadoop-ozone/integration-test/target/test-dir/MiniOzoneClusterImpl-f1369eb2-7165-4223-a2a5-28cf637499e7/datanode-5/data/ratis/1eb4a5da-195d-4ccb-86e5-27d532fe74ea/in_use.lock acquired by nodename 31473@pr-hdds-1942-s8lb6-241747594
2019-08-20 14:49:27,920 INFO  storage.RaftStorageDirectory (RaftStorageDirectory.java:tryLock(328)) - Lock on /workdir/hadoop-ozone/integration-test/target/test-dir/MiniOzoneClusterImpl-f1369eb2-7165-4223-a2a5-28cf637499e7/datanode-2/data/ratis/1eb4a5da-195d-4ccb-86e5-27d532fe74ea/in_use.lock acquired by nodename 31473@pr-hdds-1942-s8lb6-241747594
2019-08-20 14:49:27,946 INFO  storage.RaftStorage (RaftStorage.java:format(72)) - Storage directory /workdir/hadoop-ozone/integration-test/target/test-dir/MiniOzoneClusterImpl-f1369eb2-7165-4223-a2a5-28cf637499e7/datanode-3/data/ratis/1eb4a5da-195d-4ccb-86e5-27d532fe74ea has been successfully formatted.
2019-08-20 14:49:27,946 INFO  storage.RaftStorage (RaftStorage.java:format(72)) - Storage directory /workdir/hadoop-ozone/integration-test/target/test-dir/MiniOzoneClusterImpl-f1369eb2-7165-4223-a2a5-28cf637499e7/datanode-5/data/ratis/1eb4a5da-195d-4ccb-86e5-27d532fe74ea has been successfully formatted.
2019-08-20 14:49:27,946 INFO  storage.RaftStorage (RaftStorage.java:format(72)) - Storage directory /workdir/hadoop-ozone/integration-test/target/test-dir/MiniOzoneClusterImpl-f1369eb2-7165-4223-a2a5-28cf637499e7/datanode-2/data/ratis/1eb4a5da-195d-4ccb-86e5-27d532fe74ea has been successfully formatted.
2019-08-20 14:49:27,947 INFO  ratis.ContainerStateMachine (ContainerStateMachine.java:loadSnapshot(222)) - group-27D532FE74EA: The snapshot info is null. Setting the last applied indexto:(t:0, i:~)
2019-08-20 14:49:27,947 INFO  ratis.ContainerStateMachine (ContainerStateMachine.java:loadSnapshot(222)) - group-27D532FE74EA: The snapshot info is null. Setting the last applied indexto:(t:0, i:~)
2019-08-20 14:49:27,947 INFO  server.RaftServerConfigKeys (ConfUtils.java:logGet(43)) - raft.server.leader.election.timeout = 120s (custom)
2019-08-20 14:49:27,947 INFO  ratis.ContainerStateMachine (ContainerStateMachine.java:loadSnapshot(222)) - group-27D532FE74EA: The snapshot info is null. Setting the last applied indexto:(t:0, i:~)
2019-08-20 14:49:27,947 INFO  server.RaftServerConfigKeys (ConfUtils.java:logGet(43)) - raft.server.log.use.memory = false (default)
2019-08-20 14:49:27,947 INFO  server.RaftServerConfigKeys (ConfUtils.java:logGet(43)) - raft.server.leader.election.timeout = 120s (custom)
2019-08-20 14:49:27,947 INFO  server.RaftServerConfigKeys (ConfUtils.java:logGet(43)) - raft.server.log.purge.gap = 1000000000 (custom)
2019-08-20 14:49:27,947 INFO  server.RaftServerConfigKeys (ConfUtils.java:logGet(43)) - raft.server.leader.election.timeout = 120s (custom)
2019-08-20 14:49:27,947 INFO  server.RaftServerConfigKeys (ConfUtils.java:logGet(43)) - raft.server.log.appender.buffer.byte-limit = 33554432 (custom)
2019-08-20 14:49:27,947 INFO  server.RaftServerConfigKeys (ConfUtils.java:logGet(43)) - raft.server.log.use.memory = false (default)
2019-08-20 14:49:27,947 INFO  server.RaftServerConfigKeys (ConfUtils.java:logGet(43)) - raft.server.log.segment.size.max = 1048576 (custom)
2019-08-20 14:49:27,947 INFO  server.RaftServerConfigKeys (ConfUtils.java:logGet(43)) - raft.server.log.use.memory = false (default)
2019-08-20 14:49:27,948 INFO  server.RaftServerConfigKeys (ConfUtils.java:logGet(43)) - raft.server.log.segment.cache.num.max = 2 (custom)
2019-08-20 14:49:27,948 INFO  server.RaftServerConfigKeys (ConfUtils.java:logGet(43)) - raft.server.log.purge.gap = 1000000000 (custom)
2019-08-20 14:49:27,948 INFO  segmented.SegmentedRaftLogWorker (SegmentedRaftLogWorker.java:<init>(172)) - new d461666d-3393-4914-8f68-1e7af24d3b9e-SegmentedRaftLogWorker:Storage Directory /workdir/hadoop-ozone/integration-test/target/test-dir/MiniOzoneClusterImpl-f1369eb2-7165-4223-a2a5-28cf637499e7/datanode-5/data/ratis/1eb4a5da-195d-4ccb-86e5-27d532fe74ea for RaftStorage:Storage Directory /workdir/hadoop-ozone/integration-test/target/test-dir/MiniOzoneClusterImpl-f1369eb2-7165-4223-a2a5-28cf637499e7/datanode-5/data/ratis/1eb4a5da-195d-4ccb-86e5-27d532fe74ea
2019-08-20 14:49:27,948 INFO  server.RaftServerConfigKeys (ConfUtils.java:logGet(43)) - raft.server.log.purge.gap = 1000000000 (custom)
2019-08-20 14:49:27,948 INFO  server.RaftServerConfigKeys (ConfUtils.java:logGet(43)) - raft.server.log.queue.byte-limit = 2147483647 (custom)
2019-08-20 14:49:27,948 INFO  server.RaftServerConfigKeys (ConfUtils.java:logGet(43)) - raft.server.log.appender.buffer.byte-limit = 33554432 (custom)
2019-08-20 14:49:27,948 INFO  server.RaftServerConfigKeys (ConfUtils.java:logGet(43)) - raft.server.log.queue.element-limit = 1024 (custom)
2019-08-20 14:49:27,948 INFO  server.RaftServerConfigKeys (ConfUtils.java:logGet(43)) - raft.server.log.appender.buffer.byte-limit = 33554432 (custom)
2019-08-20 14:49:27,948 INFO  server.RaftServerConfigKeys (ConfUtils.java:logGet(43)) - raft.server.log.segment.size.max = 1048576 (custom)
2019-08-20 14:49:27,948 INFO  server.RaftServerConfigKeys (ConfUtils.java:logGet(43)) - raft.server.log.segment.size.max = 1048576 (custom)
2019-08-20 14:49:27,949 INFO  server.RaftServerConfigKeys (ConfUtils.java:logGet(43)) - raft.server.log.preallocated.size = 16384 (custom)
2019-08-20 14:49:27,949 INFO  server.RaftServerConfigKeys (ConfUtils.java:logGet(43)) - raft.server.log.segment.size.max = 1048576 (custom)
2019-08-20 14:49:27,949 INFO  server.RaftServerConfigKeys (ConfUtils.java:logGet(43)) - raft.server.log.write.buffer.size = 33554432 (custom)
2019-08-20 14:49:27,949 INFO  server.RaftServerConfigKeys (ConfUtils.java:logGet(43)) - raft.server.log.segment.cache.num.max = 2 (custom)
2019-08-20 14:49:27,949 INFO  server.RaftServerConfigKeys (ConfUtils.java:logGet(43)) - raft.server.log.force.sync.num = 128 (default)
2019-08-20 14:49:27,949 INFO  server.RaftServerConfigKeys (ConfUtils.java:logGet(43)) - raft.server.log.segment.cache.num.max = 2 (custom)
2019-08-20 14:49:27,949 INFO  server.RaftServerConfigKeys (ConfUtils.java:logGet(43)) - raft.server.log.statemachine.data.sync = true (default)
2019-08-20 14:49:27,949 INFO  segmented.SegmentedRaftLogWorker (SegmentedRaftLogWorker.java:<init>(172)) - new c6f0101b-46e5-4976-8ccb-fb5bb5b8ac3c-SegmentedRaftLogWorker:Storage Directory /workdir/hadoop-ozone/integration-test/target/test-dir/MiniOzoneClusterImpl-f1369eb2-7165-4223-a2a5-28cf637499e7/datanode-3/data/ratis/1eb4a5da-195d-4ccb-86e5-27d532fe74ea for RaftStorage:Storage Directory /workdir/hadoop-ozone/integration-test/target/test-dir/MiniOzoneClusterImpl-f1369eb2-7165-4223-a2a5-28cf637499e7/datanode-3/data/ratis/1eb4a5da-195d-4ccb-86e5-27d532fe74ea
2019-08-20 14:49:27,949 INFO  server.RaftServerConfigKeys (ConfUtils.java:logGet(43)) - raft.server.log.statemachine.data.sync.timeout = 10s (default)
2019-08-20 14:49:27,949 INFO  segmented.SegmentedRaftLogWorker (SegmentedRaftLogWorker.java:<init>(172)) - new c43c6941-c698-401b-8222-bca35851ed92-SegmentedRaftLogWorker:Storage Directory /workdir/hadoop-ozone/integration-test/target/test-dir/MiniOzoneClusterImpl-f1369eb2-7165-4223-a2a5-28cf637499e7/datanode-2/data/ratis/1eb4a5da-195d-4ccb-86e5-27d532fe74ea for RaftStorage:Storage Directory /workdir/hadoop-ozone/integration-test/target/test-dir/MiniOzoneClusterImpl-f1369eb2-7165-4223-a2a5-28cf637499e7/datanode-2/data/ratis/1eb4a5da-195d-4ccb-86e5-27d532fe74ea
2019-08-20 14:49:27,950 INFO  server.RaftServerConfigKeys (ConfUtils.java:logGet(43)) - raft.server.log.statemachine.data.sync.timeout.retry = -1 (default)
2019-08-20 14:49:27,949 INFO  server.RaftServerConfigKeys (ConfUtils.java:logGet(43)) - raft.server.log.queue.byte-limit = 2147483647 (custom)
2019-08-20 14:49:27,950 INFO  server.RaftServerConfigKeys (ConfUtils.java:logGet(43)) - raft.server.log.statemachine.data.caching.enabled = true (custom)
2019-08-20 14:49:27,950 INFO  server.RaftServerConfigKeys (ConfUtils.java:logGet(43)) - raft.server.log.queue.byte-limit = 2147483647 (custom)
2019-08-20 14:49:27,950 INFO  server.RaftServerConfigKeys (ConfUtils.java:logGet(43)) - raft.server.log.queue.element-limit = 1024 (custom)
2019-08-20 14:49:27,950 INFO  server.RaftServerConfigKeys (ConfUtils.java:logGet(43)) - raft.server.log.queue.element-limit = 1024 (custom)
2019-08-20 14:49:27,950 INFO  segmented.SegmentedRaftLogWorker (SegmentedRaftLogWorker.java:lambda$new$0(132)) - d461666d-3393-4914-8f68-1e7af24d3b9e-SegmentedRaftLogWorker:Storage Directory /workdir/hadoop-ozone/integration-test/target/test-dir/MiniOzoneClusterImpl-f1369eb2-7165-4223-a2a5-28cf637499e7/datanode-5/data/ratis/1eb4a5da-195d-4ccb-86e5-27d532fe74ea: flushIndex: setUnconditionally 0 -> -1
2019-08-20 14:49:27,950 INFO  server.RaftServerConfigKeys (ConfUtils.java:logGet(43)) - raft.server.log.segment.size.max = 1048576 (custom)
2019-08-20 14:49:27,950 INFO  server.RaftServerConfigKeys (ConfUtils.java:logGet(43)) - raft.server.log.segment.size.max = 1048576 (custom)
2019-08-20 14:49:27,950 INFO  server.RaftServerConfigKeys (ConfUtils.java:logGet(43)) - raft.server.log.preallocated.size = 16384 (custom)
2019-08-20 14:49:27,950 INFO  server.RaftServerConfigKeys (ConfUtils.java:logGet(43)) - raft.server.snapshot.auto.trigger.enabled = true (custom)
2019-08-20 14:49:27,951 INFO  server.RaftServerConfigKeys (ConfUtils.java:logGet(43)) - raft.server.log.write.buffer.size = 33554432 (custom)
2019-08-20 14:49:27,951 INFO  server.RaftServerConfigKeys (ConfUtils.java:logGet(43)) - raft.server.log.preallocated.size = 16384 (custom)
2019-08-20 14:49:27,951 INFO  server.RaftServerConfigKeys (ConfUtils.java:logGet(43)) - raft.server.log.force.sync.num = 128 (default)
2019-08-20 14:49:27,951 INFO  server.RaftServerConfigKeys (ConfUtils.java:logGet(43)) - raft.server.snapshot.auto.trigger.threshold = 10000 (custom)
2019-08-20 14:49:27,951 INFO  server.RaftServerConfigKeys (ConfUtils.java:logGet(43)) - raft.server.log.statemachine.data.sync = true (default)
2019-08-20 14:49:27,951 INFO  server.RaftServerConfigKeys (ConfUtils.java:logGet(43)) - raft.server.retrycache.expirytime = 600000ms (custom)
2019-08-20 14:49:27,951 INFO  server.RaftServerConfigKeys (ConfUtils.java:logGet(43)) - raft.server.log.write.buffer.size = 33554432 (custom)
2019-08-20 14:49:27,951 INFO  server.RaftServerConfigKeys (ConfUtils.java:logGet(43)) - raft.server.log.statemachine.data.sync.timeout = 10s (default)
2019-08-20 14:49:27,951 INFO  impl.RaftServerImpl (RaftServerImpl.java:start(180)) - d461666d-3393-4914-8f68-1e7af24d3b9e: start group-27D532FE74EA
2019-08-20 14:49:27,951 INFO  server.RaftServerConfigKeys (ConfUtils.java:logGet(43)) - raft.server.log.force.sync.num = 128 (default)
2019-08-20 14:49:27,951 INFO  impl.RaftServerImpl (RaftServerImpl.java:setRole(171)) - d461666d-3393-4914-8f68-1e7af24d3b9e:group-27D532FE74EA changes role from null to FOLLOWER at term 0 for startAsFollower
2019-08-20 14:49:27,951 INFO  server.RaftServerConfigKeys (ConfUtils.java:logGet(43)) - raft.server.log.statemachine.data.sync.timeout.retry = -1 (default)
2019-08-20 14:49:27,952 INFO  impl.RoleInfo (RoleInfo.java:updateAndGet(143)) - d461666d-3393-4914-8f68-1e7af24d3b9e: start FollowerState
2019-08-20 14:49:27,952 INFO  server.RaftServerConfigKeys (ConfUtils.java:logGet(43)) - raft.server.log.statemachine.data.sync = true (default)
2019-08-20 14:49:27,952 INFO  server.RaftServerConfigKeys (ConfUtils.java:logGet(43)) - raft.server.log.statemachine.data.caching.enabled = true (custom)
2019-08-20 14:49:27,952 INFO  server.RaftServerConfigKeys (ConfUtils.java:logGet(43)) - raft.server.log.statemachine.data.sync.timeout = 10s (default)
2019-08-20 14:49:27,952 INFO  server.RaftServerConfigKeys (ConfUtils.java:logGet(43)) - raft.server.log.statemachine.data.sync.timeout.retry = -1 (default)
2019-08-20 14:49:27,952 INFO  util.JmxRegister (JmxRegister.java:tryRegister(44)) - Successfully registered JMX Bean with object name Ratis:service=RaftServer,group=group-27D532FE74EA,id=d461666d-3393-4914-8f68-1e7af24d3b9e
2019-08-20 14:49:27,952 INFO  segmented.SegmentedRaftLogWorker (SegmentedRaftLogWorker.java:lambda$new$0(132)) - c6f0101b-46e5-4976-8ccb-fb5bb5b8ac3c-SegmentedRaftLogWorker:Storage Directory /workdir/hadoop-ozone/integration-test/target/test-dir/MiniOzoneClusterImpl-f1369eb2-7165-4223-a2a5-28cf637499e7/datanode-3/data/ratis/1eb4a5da-195d-4ccb-86e5-27d532fe74ea: flushIndex: setUnconditionally 0 -> -1
2019-08-20 14:49:27,952 INFO  server.RaftServerConfigKeys (ConfUtils.java:logGet(43)) - raft.server.log.statemachine.data.caching.enabled = true (custom)
2019-08-20 14:49:27,953 INFO  server.RaftServerConfigKeys (ConfUtils.java:logGet(43)) - raft.server.snapshot.auto.trigger.enabled = true (custom)
2019-08-20 14:49:27,953 INFO  server.RaftServerConfigKeys (ConfUtils.java:logGet(43)) - raft.server.snapshot.auto.trigger.threshold = 10000 (custom)
2019-08-20 14:49:27,953 INFO  segmented.SegmentedRaftLogWorker (SegmentedRaftLogWorker.java:lambda$new$0(132)) - c43c6941-c698-401b-8222-bca35851ed92-SegmentedRaftLogWorker:Storage Directory /workdir/hadoop-ozone/integration-test/target/test-dir/MiniOzoneClusterImpl-f1369eb2-7165-4223-a2a5-28cf637499e7/datanode-2/data/ratis/1eb4a5da-195d-4ccb-86e5-27d532fe74ea: flushIndex: setUnconditionally 0 -> -1
2019-08-20 14:49:27,953 INFO  server.RaftServerConfigKeys (ConfUtils.java:logGet(43)) - raft.server.retrycache.expirytime = 600000ms (custom)
2019-08-20 14:49:27,953 INFO  server.RaftServerConfigKeys (ConfUtils.java:logGet(43)) - raft.server.snapshot.auto.trigger.enabled = true (custom)
2019-08-20 14:49:27,953 INFO  impl.RaftServerImpl (RaftServerImpl.java:start(180)) - c6f0101b-46e5-4976-8ccb-fb5bb5b8ac3c: start group-27D532FE74EA
2019-08-20 14:49:27,953 INFO  server.RaftServerConfigKeys (ConfUtils.java:logGet(43)) - raft.server.snapshot.auto.trigger.threshold = 10000 (custom)
2019-08-20 14:49:27,953 INFO  impl.RaftServerImpl (RaftServerImpl.java:setRole(171)) - c6f0101b-46e5-4976-8ccb-fb5bb5b8ac3c:group-27D532FE74EA changes role from null to FOLLOWER at term 0 for startAsFollower
2019-08-20 14:49:27,953 INFO  server.RaftServerConfigKeys (ConfUtils.java:logGet(43)) - raft.server.retrycache.expirytime = 600000ms (custom)
2019-08-20 14:49:27,953 INFO  impl.RoleInfo (RoleInfo.java:updateAndGet(143)) - c6f0101b-46e5-4976-8ccb-fb5bb5b8ac3c: start FollowerState
2019-08-20 14:49:27,953 INFO  impl.RaftServerImpl (RaftServerImpl.java:start(180)) - c43c6941-c698-401b-8222-bca35851ed92: start group-27D532FE74EA
2019-08-20 14:49:27,954 INFO  impl.RaftServerImpl (RaftServerImpl.java:setRole(171)) - c43c6941-c698-401b-8222-bca35851ed92:group-27D532FE74EA changes role from null to FOLLOWER at term 0 for startAsFollower
2019-08-20 14:49:27,954 INFO  util.JmxRegister (JmxRegister.java:tryRegister(44)) - Successfully registered JMX Bean with object name Ratis:service=RaftServer,group=group-27D532FE74EA,id=c6f0101b-46e5-4976-8ccb-fb5bb5b8ac3c
2019-08-20 14:49:27,954 INFO  impl.RoleInfo (RoleInfo.java:updateAndGet(143)) - c43c6941-c698-401b-8222-bca35851ed92: start FollowerState
2019-08-20 14:49:27,954 INFO  util.JmxRegister (JmxRegister.java:tryRegister(44)) - Successfully registered JMX Bean with object name Ratis:service=RaftServer,group=group-27D532FE74EA,id=c43c6941-c698-401b-8222-bca35851ed92
2019-08-20 14:49:27,956 INFO  pipeline.PipelineStateManager (PipelineStateManager.java:addPipeline(56)) - Created pipeline Pipeline[ Id: 1eb4a5da-195d-4ccb-86e5-27d532fe74ea, Nodes: d461666d-3393-4914-8f68-1e7af24d3b9e{ip: 192.168.36.107, host: pr-hdds-1942-s8lb6-241747594, networkLocation: /default-rack, certSerialId: null}c43c6941-c698-401b-8222-bca35851ed92{ip: 192.168.36.107, host: pr-hdds-1942-s8lb6-241747594, networkLocation: /default-rack, certSerialId: null}c6f0101b-46e5-4976-8ccb-fb5bb5b8ac3c{ip: 192.168.36.107, host: pr-hdds-1942-s8lb6-241747594, networkLocation: /default-rack, certSerialId: null}, Type:RATIS, Factor:THREE, State:OPEN]
2019-08-20 14:49:28,121 INFO  ozone.MiniOzoneClusterImpl (MiniOzoneClusterImpl.java:lambda$waitForClusterToBeReady$0(142)) - Cluster is ready. Got 7 of 7 DN Heartbeats.
2019-08-20 14:49:28,177 INFO  rpc.RpcClient (RpcClient.java:createVolume(292)) - Creating Volume: watchforcommithandlingtest, with jenkins1000 as owner.
2019-08-20 14:49:28,196 INFO  rpc.RpcClient (RpcClient.java:createBucket(429)) - Creating Bucket: watchforcommithandlingtest/watchforcommithandlingtest, with Versioning false and Storage Type set to DISK and Encryption set to false 
2019-08-20 14:49:28,201 INFO  ozone.MiniOzoneClusterImpl (MiniOzoneClusterImpl.java:getStorageContainerLocationClient(241)) - Creating StorageContainerLocationProtocol RPC client with address /0.0.0.0:39649
2019-08-20 14:49:28,219 INFO  client.GrpcClientProtocolClient (GrpcClientProtocolClient.java:onNext(255)) - client-75AE75CE91DE->281a123a-c6ad-43f0-8a3c-4f445d6004a4: receive RaftClientReply:client-75AE75CE91DE->281a123a-c6ad-43f0-8a3c-4f445d6004a4@group-AF9AC6819EEF, cid=101, FAILED org.apache.ratis.protocol.NotLeaderException: Server 281a123a-c6ad-43f0-8a3c-4f445d6004a4 is not the leader (null). Request must be sent to leader., logIndex=0, commits[281a123a-c6ad-43f0-8a3c-4f445d6004a4:c-1]
2019-08-20 14:49:28,793 INFO  container.ReplicationManager (ReplicationManager.java:start(155)) - Starting Replication Monitor Thread.
2019-08-20 14:49:28,797 INFO  container.ReplicationManager (ReplicationManager.java:run(207)) - Replication Monitor Thread took 1 milliseconds for processing 1 containers.
2019-08-20 14:49:29,242 INFO  client.GrpcClientProtocolClient (GrpcClientProtocolClient.java:onNext(255)) - client-75AE75CE91DE->b1b65029-3686-41d4-82ad-eecc9f790e57: receive RaftClientReply:client-75AE75CE91DE->b1b65029-3686-41d4-82ad-eecc9f790e57@group-AF9AC6819EEF, cid=101, FAILED org.apache.ratis.protocol.NotLeaderException: Server b1b65029-3686-41d4-82ad-eecc9f790e57 is not the leader (null). Request must be sent to leader., logIndex=0, commits[b1b65029-3686-41d4-82ad-eecc9f790e57:c-1]
2019-08-20 14:49:30,259 INFO  client.GrpcClientProtocolClient (GrpcClientProtocolClient.java:onNext(255)) - client-75AE75CE91DE->30be3dbe-c893-4b50-93b5-0dd56fab25fe: receive RaftClientReply:client-75AE75CE91DE->30be3dbe-c893-4b50-93b5-0dd56fab25fe@group-AF9AC6819EEF, cid=101, FAILED org.apache.ratis.protocol.NotLeaderException: Server 30be3dbe-c893-4b50-93b5-0dd56fab25fe is not the leader (null). Request must be sent to leader., logIndex=0, commits[30be3dbe-c893-4b50-93b5-0dd56fab25fe:c-1]
2019-08-20 14:49:31,018 INFO  impl.FollowerState (FollowerState.java:run(106)) - b1b65029-3686-41d4-82ad-eecc9f790e57:group-A6F355A970C0 changes to CANDIDATE, lastRpcTime:5184, electionTimeout:5184ms
2019-08-20 14:49:31,018 INFO  impl.RoleInfo (RoleInfo.java:shutdownFollowerState(121)) - b1b65029-3686-41d4-82ad-eecc9f790e57: shutdown FollowerState
2019-08-20 14:49:31,018 INFO  impl.RaftServerImpl (RaftServerImpl.java:setRole(171)) - b1b65029-3686-41d4-82ad-eecc9f790e57:group-A6F355A970C0 changes role from FOLLOWER to CANDIDATE at term 0 for changeToCandidate
2019-08-20 14:49:31,019 INFO  impl.RoleInfo (RoleInfo.java:updateAndGet(143)) - b1b65029-3686-41d4-82ad-eecc9f790e57: start LeaderElection
2019-08-20 14:49:31,040 INFO  impl.LeaderElection (LeaderElection.java:askForVotes(181)) - b1b65029-3686-41d4-82ad-eecc9f790e57:group-A6F355A970C0:LeaderElection95: begin an election at term 1 for -1: [b1b65029-3686-41d4-82ad-eecc9f790e57:192.168.36.107:45812], old=null
2019-08-20 14:49:31,040 INFO  impl.RoleInfo (RoleInfo.java:shutdownLeaderElection(134)) - b1b65029-3686-41d4-82ad-eecc9f790e57: shutdown LeaderElection
2019-08-20 14:49:31,040 INFO  impl.RaftServerImpl (RaftServerImpl.java:setRole(171)) - b1b65029-3686-41d4-82ad-eecc9f790e57:group-A6F355A970C0 changes role from CANDIDATE to LEADER at term 1 for changeToLeader
2019-08-20 14:49:31,040 INFO  impl.RaftServerImpl (ServerState.java:setLeader(263)) - b1b65029-3686-41d4-82ad-eecc9f790e57:group-A6F355A970C0 change Leader from null to b1b65029-3686-41d4-82ad-eecc9f790e57 at term 1 for becomeLeader, leader elected after 5209ms
2019-08-20 14:49:31,040 INFO  server.RaftServerConfigKeys (ConfUtils.java:logGet(43)) - raft.server.staging.catchup.gap = 1000 (default)
2019-08-20 14:49:31,041 INFO  server.RaftServerConfigKeys (ConfUtils.java:logGet(43)) - raft.server.rpc.sleep.time = 25ms (default)
2019-08-20 14:49:31,041 INFO  server.RaftServerConfigKeys (ConfUtils.java:logGet(43)) - raft.server.write.element-limit = 4096 (default)
2019-08-20 14:49:31,041 INFO  server.RaftServerConfigKeys (ConfUtils.java:logGet(43)) - raft.server.watch.timeout = 10s (default)
2019-08-20 14:49:31,041 INFO  server.RaftServerConfigKeys (ConfUtils.java:logGet(43)) - raft.server.watch.timeout.denomination = 1s (default)
2019-08-20 14:49:31,041 INFO  server.RaftServerConfigKeys (ConfUtils.java:logGet(43)) - raft.server.watch.element-limit = 65536 (default)
2019-08-20 14:49:31,041 INFO  impl.RoleInfo (RoleInfo.java:updateAndGet(143)) - b1b65029-3686-41d4-82ad-eecc9f790e57: start LeaderState
2019-08-20 14:49:31,042 INFO  segmented.SegmentedRaftLogWorker (SegmentedRaftLogWorker.java:startLogSegment(380)) - b1b65029-3686-41d4-82ad-eecc9f790e57-SegmentedRaftLogWorker:Storage Directory /workdir/hadoop-ozone/integration-test/target/test-dir/MiniOzoneClusterImpl-f1369eb2-7165-4223-a2a5-28cf637499e7/datanode-0/data/ratis/7cf05b3f-cf6d-4ec2-b65d-a6f355a970c0: Starting segment from index:0
2019-08-20 14:49:31,042 INFO  impl.RaftServerImpl (ServerState.java:setRaftConf(361)) - b1b65029-3686-41d4-82ad-eecc9f790e57:group-A6F355A970C0 set configuration 0: [b1b65029-3686-41d4-82ad-eecc9f790e57:192.168.36.107:45812], old=null at 0
2019-08-20 14:49:31,088 INFO  segmented.SegmentedRaftLogWorker (SegmentedRaftLogWorker.java:execute(569)) - b1b65029-3686-41d4-82ad-eecc9f790e57-SegmentedRaftLogWorker:Storage Directory /workdir/hadoop-ozone/integration-test/target/test-dir/MiniOzoneClusterImpl-f1369eb2-7165-4223-a2a5-28cf637499e7/datanode-0/data/ratis/7cf05b3f-cf6d-4ec2-b65d-a6f355a970c0: created new log segment /workdir/hadoop-ozone/integration-test/target/test-dir/MiniOzoneClusterImpl-f1369eb2-7165-4223-a2a5-28cf637499e7/datanode-0/data/ratis/7cf05b3f-cf6d-4ec2-b65d-a6f355a970c0/current/log_inprogress_0
2019-08-20 14:49:31,268 INFO  client.GrpcClientProtocolClient (GrpcClientProtocolClient.java:onNext(255)) - client-75AE75CE91DE->281a123a-c6ad-43f0-8a3c-4f445d6004a4: receive RaftClientReply:client-75AE75CE91DE->281a123a-c6ad-43f0-8a3c-4f445d6004a4@group-AF9AC6819EEF, cid=101, FAILED org.apache.ratis.protocol.NotLeaderException: Server 281a123a-c6ad-43f0-8a3c-4f445d6004a4 is not the leader (null). Request must be sent to leader., logIndex=0, commits[281a123a-c6ad-43f0-8a3c-4f445d6004a4:c-1]
2019-08-20 14:49:32,281 INFO  client.GrpcClientProtocolClient (GrpcClientProtocolClient.java:onNext(255)) - client-75AE75CE91DE->30be3dbe-c893-4b50-93b5-0dd56fab25fe: receive RaftClientReply:client-75AE75CE91DE->30be3dbe-c893-4b50-93b5-0dd56fab25fe@group-AF9AC6819EEF, cid=101, FAILED org.apache.ratis.protocol.NotLeaderException: Server 30be3dbe-c893-4b50-93b5-0dd56fab25fe is not the leader (null). Request must be sent to leader., logIndex=0, commits[30be3dbe-c893-4b50-93b5-0dd56fab25fe:c-1]
2019-08-20 14:49:32,550 INFO  impl.FollowerState (FollowerState.java:run(106)) - 281a123a-c6ad-43f0-8a3c-4f445d6004a4:group-94071CC61E2D changes to CANDIDATE, lastRpcTime:5089, electionTimeout:5088ms
2019-08-20 14:49:32,550 INFO  impl.RoleInfo (RoleInfo.java:shutdownFollowerState(121)) - 281a123a-c6ad-43f0-8a3c-4f445d6004a4: shutdown FollowerState
2019-08-20 14:49:32,550 INFO  impl.RaftServerImpl (RaftServerImpl.java:setRole(171)) - 281a123a-c6ad-43f0-8a3c-4f445d6004a4:group-94071CC61E2D changes role from FOLLOWER to CANDIDATE at term 0 for changeToCandidate
2019-08-20 14:49:32,550 INFO  impl.RoleInfo (RoleInfo.java:updateAndGet(143)) - 281a123a-c6ad-43f0-8a3c-4f445d6004a4: start LeaderElection
2019-08-20 14:49:32,624 INFO  impl.FollowerState (FollowerState.java:run(106)) - d461666d-3393-4914-8f68-1e7af24d3b9e:group-F5712FED32E4 changes to CANDIDATE, lastRpcTime:5011, electionTimeout:5011ms
2019-08-20 14:49:32,624 INFO  impl.RoleInfo (RoleInfo.java:shutdownFollowerState(121)) - d461666d-3393-4914-8f68-1e7af24d3b9e: shutdown FollowerState
2019-08-20 14:49:32,625 INFO  impl.RaftServerImpl (RaftServerImpl.java:setRole(171)) - d461666d-3393-4914-8f68-1e7af24d3b9e:group-F5712FED32E4 changes role from FOLLOWER to CANDIDATE at term 0 for changeToCandidate
2019-08-20 14:49:32,625 INFO  impl.RoleInfo (RoleInfo.java:updateAndGet(143)) - d461666d-3393-4914-8f68-1e7af24d3b9e: start LeaderElection
2019-08-20 14:49:32,652 INFO  impl.FollowerState (FollowerState.java:run(106)) - 30be3dbe-c893-4b50-93b5-0dd56fab25fe:group-67A2F0C4A5B8 changes to CANDIDATE, lastRpcTime:5097, electionTimeout:5097ms
2019-08-20 14:49:32,652 INFO  impl.RoleInfo (RoleInfo.java:shutdownFollowerState(121)) - 30be3dbe-c893-4b50-93b5-0dd56fab25fe: shutdown FollowerState
2019-08-20 14:49:32,652 INFO  impl.RaftServerImpl (RaftServerImpl.java:setRole(171)) - 30be3dbe-c893-4b50-93b5-0dd56fab25fe:group-67A2F0C4A5B8 changes role from FOLLOWER to CANDIDATE at term 0 for changeToCandidate
2019-08-20 14:49:32,653 INFO  impl.RoleInfo (RoleInfo.java:updateAndGet(143)) - 30be3dbe-c893-4b50-93b5-0dd56fab25fe: start LeaderElection
2019-08-20 14:49:32,813 INFO  impl.FollowerState (FollowerState.java:run(106)) - c43c6941-c698-401b-8222-bca35851ed92:group-76F4B951EDAC changes to CANDIDATE, lastRpcTime:5151, electionTimeout:5151ms
2019-08-20 14:49:32,813 INFO  impl.RoleInfo (RoleInfo.java:shutdownFollowerState(121)) - c43c6941-c698-401b-8222-bca35851ed92: shutdown FollowerState
2019-08-20 14:49:32,813 INFO  impl.RaftServerImpl (RaftServerImpl.java:setRole(171)) - c43c6941-c698-401b-8222-bca35851ed92:group-76F4B951EDAC changes role from FOLLOWER to CANDIDATE at term 0 for changeToCandidate
2019-08-20 14:49:32,814 INFO  impl.RoleInfo (RoleInfo.java:updateAndGet(143)) - c43c6941-c698-401b-8222-bca35851ed92: start LeaderElection
2019-08-20 14:49:32,875 INFO  impl.FollowerState (FollowerState.java:run(106)) - 0672359c-6225-42b1-8883-1f37891fbc0f:group-74132D1ECC43 changes to CANDIDATE, lastRpcTime:5078, electionTimeout:5078ms
2019-08-20 14:49:32,875 INFO  impl.RoleInfo (RoleInfo.java:shutdownFollowerState(121)) - 0672359c-6225-42b1-8883-1f37891fbc0f: shutdown FollowerState
2019-08-20 14:49:32,875 INFO  impl.RaftServerImpl (RaftServerImpl.java:setRole(171)) - 0672359c-6225-42b1-8883-1f37891fbc0f:group-74132D1ECC43 changes role from FOLLOWER to CANDIDATE at term 0 for changeToCandidate
2019-08-20 14:49:32,875 INFO  impl.RoleInfo (RoleInfo.java:updateAndGet(143)) - 0672359c-6225-42b1-8883-1f37891fbc0f: start LeaderElection
2019-08-20 14:49:32,923 INFO  impl.FollowerState (FollowerState.java:run(106)) - c6f0101b-46e5-4976-8ccb-fb5bb5b8ac3c:group-AA4507D59304 changes to CANDIDATE, lastRpcTime:5176, electionTimeout:5176ms
2019-08-20 14:49:32,923 INFO  impl.RoleInfo (RoleInfo.java:shutdownFollowerState(121)) - c6f0101b-46e5-4976-8ccb-fb5bb5b8ac3c: shutdown FollowerState
2019-08-20 14:49:32,923 INFO  impl.RaftServerImpl (RaftServerImpl.java:setRole(171)) - c6f0101b-46e5-4976-8ccb-fb5bb5b8ac3c:group-AA4507D59304 changes role from FOLLOWER to CANDIDATE at term 0 for changeToCandidate
2019-08-20 14:49:32,923 INFO  impl.RoleInfo (RoleInfo.java:updateAndGet(143)) - c6f0101b-46e5-4976-8ccb-fb5bb5b8ac3c: start LeaderElection
2019-08-20 14:49:32,955 INFO  impl.FollowerState (FollowerState.java:run(106)) - b1b65029-3686-41d4-82ad-eecc9f790e57:group-AF9AC6819EEF changes to CANDIDATE, lastRpcTime:5077, electionTimeout:5077ms
2019-08-20 14:49:32,955 INFO  impl.RoleInfo (RoleInfo.java:shutdownFollowerState(121)) - b1b65029-3686-41d4-82ad-eecc9f790e57: shutdown FollowerState
2019-08-20 14:49:32,955 INFO  impl.RaftServerImpl (RaftServerImpl.java:setRole(171)) - b1b65029-3686-41d4-82ad-eecc9f790e57:group-AF9AC6819EEF changes role from FOLLOWER to CANDIDATE at term 0 for changeToCandidate
2019-08-20 14:49:32,955 INFO  impl.RoleInfo (RoleInfo.java:updateAndGet(143)) - b1b65029-3686-41d4-82ad-eecc9f790e57: start LeaderElection
2019-08-20 14:49:32,970 INFO  impl.FollowerState (FollowerState.java:run(106)) - 30be3dbe-c893-4b50-93b5-0dd56fab25fe:group-AF9AC6819EEF changes to CANDIDATE, lastRpcTime:5094, electionTimeout:5094ms
2019-08-20 14:49:32,970 INFO  impl.RoleInfo (RoleInfo.java:shutdownFollowerState(121)) - 30be3dbe-c893-4b50-93b5-0dd56fab25fe: shutdown FollowerState
2019-08-20 14:49:32,970 INFO  impl.RaftServerImpl (RaftServerImpl.java:setRole(171)) - 30be3dbe-c893-4b50-93b5-0dd56fab25fe:group-AF9AC6819EEF changes role from FOLLOWER to CANDIDATE at term 0 for changeToCandidate
2019-08-20 14:49:32,970 INFO  impl.RoleInfo (RoleInfo.java:updateAndGet(143)) - 30be3dbe-c893-4b50-93b5-0dd56fab25fe: start LeaderElection
2019-08-20 14:49:32,979 INFO  impl.FollowerState (FollowerState.java:run(106)) - d461666d-3393-4914-8f68-1e7af24d3b9e:group-27D532FE74EA changes to CANDIDATE, lastRpcTime:5027, electionTimeout:5027ms
2019-08-20 14:49:32,979 INFO  impl.RoleInfo (RoleInfo.java:shutdownFollowerState(121)) - d461666d-3393-4914-8f68-1e7af24d3b9e: shutdown FollowerState
2019-08-20 14:49:32,979 INFO  impl.RaftServerImpl (RaftServerImpl.java:setRole(171)) - d461666d-3393-4914-8f68-1e7af24d3b9e:group-27D532FE74EA changes role from FOLLOWER to CANDIDATE at term 0 for changeToCandidate
2019-08-20 14:49:32,980 INFO  impl.RoleInfo (RoleInfo.java:updateAndGet(143)) - d461666d-3393-4914-8f68-1e7af24d3b9e: start LeaderElection
2019-08-20 14:49:33,006 INFO  impl.FollowerState (FollowerState.java:run(106)) - 281a123a-c6ad-43f0-8a3c-4f445d6004a4:group-AF9AC6819EEF changes to CANDIDATE, lastRpcTime:5127, electionTimeout:5127ms
2019-08-20 14:49:33,006 INFO  impl.RoleInfo (RoleInfo.java:shutdownFollowerState(121)) - 281a123a-c6ad-43f0-8a3c-4f445d6004a4: shutdown FollowerState
2019-08-20 14:49:33,006 INFO  impl.RaftServerImpl (RaftServerImpl.java:setRole(171)) - 281a123a-c6ad-43f0-8a3c-4f445d6004a4:group-AF9AC6819EEF changes role from FOLLOWER to CANDIDATE at term 0 for changeToCandidate
2019-08-20 14:49:33,006 INFO  impl.RoleInfo (RoleInfo.java:updateAndGet(143)) - 281a123a-c6ad-43f0-8a3c-4f445d6004a4: start LeaderElection
2019-08-20 14:49:33,024 INFO  impl.FollowerState (FollowerState.java:run(106)) - c6f0101b-46e5-4976-8ccb-fb5bb5b8ac3c:group-27D532FE74EA changes to CANDIDATE, lastRpcTime:5070, electionTimeout:5070ms
2019-08-20 14:49:33,024 INFO  impl.RoleInfo (RoleInfo.java:shutdownFollowerState(121)) - c6f0101b-46e5-4976-8ccb-fb5bb5b8ac3c: shutdown FollowerState
2019-08-20 14:49:33,024 INFO  impl.RaftServerImpl (RaftServerImpl.java:setRole(171)) - c6f0101b-46e5-4976-8ccb-fb5bb5b8ac3c:group-27D532FE74EA changes role from FOLLOWER to CANDIDATE at term 0 for changeToCandidate
2019-08-20 14:49:33,024 INFO  impl.RoleInfo (RoleInfo.java:updateAndGet(143)) - c6f0101b-46e5-4976-8ccb-fb5bb5b8ac3c: start LeaderElection
2019-08-20 14:49:33,037 INFO  impl.FollowerState (FollowerState.java:run(106)) - c43c6941-c698-401b-8222-bca35851ed92:group-27D532FE74EA changes to CANDIDATE, lastRpcTime:5083, electionTimeout:5083ms
2019-08-20 14:49:33,037 INFO  impl.RoleInfo (RoleInfo.java:shutdownFollowerState(121)) - c43c6941-c698-401b-8222-bca35851ed92: shutdown FollowerState
2019-08-20 14:49:33,038 INFO  impl.RaftServerImpl (RaftServerImpl.java:setRole(171)) - c43c6941-c698-401b-8222-bca35851ed92:group-27D532FE74EA changes role from FOLLOWER to CANDIDATE at term 0 for changeToCandidate
2019-08-20 14:49:33,038 INFO  impl.RoleInfo (RoleInfo.java:updateAndGet(143)) - c43c6941-c698-401b-8222-bca35851ed92: start LeaderElection
2019-08-20 14:49:33,292 INFO  client.GrpcClientProtocolClient (GrpcClientProtocolClient.java:onNext(255)) - client-75AE75CE91DE->281a123a-c6ad-43f0-8a3c-4f445d6004a4: receive RaftClientReply:client-75AE75CE91DE->281a123a-c6ad-43f0-8a3c-4f445d6004a4@group-AF9AC6819EEF, cid=101, FAILED org.apache.ratis.protocol.NotLeaderException: Server 281a123a-c6ad-43f0-8a3c-4f445d6004a4 is not the leader (null). Request must be sent to leader., logIndex=0, commits[281a123a-c6ad-43f0-8a3c-4f445d6004a4:c-1]
2019-08-20 14:49:34,306 INFO  client.GrpcClientProtocolClient (GrpcClientProtocolClient.java:onNext(255)) - client-75AE75CE91DE->30be3dbe-c893-4b50-93b5-0dd56fab25fe: receive RaftClientReply:client-75AE75CE91DE->30be3dbe-c893-4b50-93b5-0dd56fab25fe@group-AF9AC6819EEF, cid=101, FAILED org.apache.ratis.protocol.NotLeaderException: Server 30be3dbe-c893-4b50-93b5-0dd56fab25fe is not the leader (null). Request must be sent to leader., logIndex=0, commits[30be3dbe-c893-4b50-93b5-0dd56fab25fe:c-1]
2019-08-20 14:49:35,319 INFO  client.GrpcClientProtocolClient (GrpcClientProtocolClient.java:onNext(255)) - client-75AE75CE91DE->281a123a-c6ad-43f0-8a3c-4f445d6004a4: receive RaftClientReply:client-75AE75CE91DE->281a123a-c6ad-43f0-8a3c-4f445d6004a4@group-AF9AC6819EEF, cid=101, FAILED org.apache.ratis.protocol.NotLeaderException: Server 281a123a-c6ad-43f0-8a3c-4f445d6004a4 is not the leader (null). Request must be sent to leader., logIndex=0, commits[281a123a-c6ad-43f0-8a3c-4f445d6004a4:c-1]
2019-08-20 14:49:36,330 INFO  client.GrpcClientProtocolClient (GrpcClientProtocolClient.java:onNext(255)) - client-75AE75CE91DE->30be3dbe-c893-4b50-93b5-0dd56fab25fe: receive RaftClientReply:client-75AE75CE91DE->30be3dbe-c893-4b50-93b5-0dd56fab25fe@group-AF9AC6819EEF, cid=101, FAILED org.apache.ratis.protocol.NotLeaderException: Server 30be3dbe-c893-4b50-93b5-0dd56fab25fe is not the leader (null). Request must be sent to leader., logIndex=0, commits[30be3dbe-c893-4b50-93b5-0dd56fab25fe:c-1]
2019-08-20 14:49:36,781 INFO  impl.LeaderElection (LeaderElection.java:askForVotes(181)) - 281a123a-c6ad-43f0-8a3c-4f445d6004a4:group-94071CC61E2D:LeaderElection96: begin an election at term 1 for -1: [281a123a-c6ad-43f0-8a3c-4f445d6004a4:192.168.36.107:36858], old=null
2019-08-20 14:49:36,781 INFO  impl.LeaderElection (LeaderElection.java:askForVotes(181)) - c43c6941-c698-401b-8222-bca35851ed92:group-27D532FE74EA:LeaderElection107: begin an election at term 1 for -1: [d461666d-3393-4914-8f68-1e7af24d3b9e:192.168.36.107:33334, c43c6941-c698-401b-8222-bca35851ed92:192.168.36.107:45103, c6f0101b-46e5-4976-8ccb-fb5bb5b8ac3c:192.168.36.107:45278], old=null
2019-08-20 14:49:36,781 INFO  impl.LeaderElection (LeaderElection.java:askForVotes(181)) - 30be3dbe-c893-4b50-93b5-0dd56fab25fe:group-AF9AC6819EEF:LeaderElection103: begin an election at term 1 for -1: [b1b65029-3686-41d4-82ad-eecc9f790e57:192.168.36.107:45812, 281a123a-c6ad-43f0-8a3c-4f445d6004a4:192.168.36.107:36858, 30be3dbe-c893-4b50-93b5-0dd56fab25fe:192.168.36.107:33817], old=null
2019-08-20 14:49:36,781 INFO  impl.LeaderElection (LeaderElection.java:askForVotes(181)) - c6f0101b-46e5-4976-8ccb-fb5bb5b8ac3c:group-27D532FE74EA:LeaderElection106: begin an election at term 1 for -1: [d461666d-3393-4914-8f68-1e7af24d3b9e:192.168.36.107:33334, c43c6941-c698-401b-8222-bca35851ed92:192.168.36.107:45103, c6f0101b-46e5-4976-8ccb-fb5bb5b8ac3c:192.168.36.107:45278], old=null
2019-08-20 14:49:36,781 INFO  impl.RoleInfo (RoleInfo.java:shutdownLeaderElection(134)) - 281a123a-c6ad-43f0-8a3c-4f445d6004a4: shutdown LeaderElection
2019-08-20 14:49:36,781 INFO  impl.LeaderElection (LeaderElection.java:askForVotes(181)) - d461666d-3393-4914-8f68-1e7af24d3b9e:group-27D532FE74EA:LeaderElection104: begin an election at term 1 for -1: [d461666d-3393-4914-8f68-1e7af24d3b9e:192.168.36.107:33334, c43c6941-c698-401b-8222-bca35851ed92:192.168.36.107:45103, c6f0101b-46e5-4976-8ccb-fb5bb5b8ac3c:192.168.36.107:45278], old=null
2019-08-20 14:49:36,781 INFO  impl.LeaderElection (LeaderElection.java:askForVotes(181)) - 281a123a-c6ad-43f0-8a3c-4f445d6004a4:group-AF9AC6819EEF:LeaderElection105: begin an election at term 1 for -1: [b1b65029-3686-41d4-82ad-eecc9f790e57:192.168.36.107:45812, 281a123a-c6ad-43f0-8a3c-4f445d6004a4:192.168.36.107:36858, 30be3dbe-c893-4b50-93b5-0dd56fab25fe:192.168.36.107:33817], old=null
2019-08-20 14:49:36,781 INFO  impl.LeaderElection (LeaderElection.java:askForVotes(181)) - b1b65029-3686-41d4-82ad-eecc9f790e57:group-AF9AC6819EEF:LeaderElection102: begin an election at term 1 for -1: [b1b65029-3686-41d4-82ad-eecc9f790e57:192.168.36.107:45812, 281a123a-c6ad-43f0-8a3c-4f445d6004a4:192.168.36.107:36858, 30be3dbe-c893-4b50-93b5-0dd56fab25fe:192.168.36.107:33817], old=null
2019-08-20 14:49:36,781 INFO  impl.LeaderElection (LeaderElection.java:askForVotes(181)) - 30be3dbe-c893-4b50-93b5-0dd56fab25fe:group-67A2F0C4A5B8:LeaderElection98: begin an election at term 1 for -1: [30be3dbe-c893-4b50-93b5-0dd56fab25fe:192.168.36.107:33817], old=null
2019-08-20 14:49:36,781 INFO  impl.LeaderElection (LeaderElection.java:askForVotes(181)) - c6f0101b-46e5-4976-8ccb-fb5bb5b8ac3c:group-AA4507D59304:LeaderElection101: begin an election at term 1 for -1: [c6f0101b-46e5-4976-8ccb-fb5bb5b8ac3c:192.168.36.107:45278], old=null
2019-08-20 14:49:36,781 INFO  impl.LeaderElection (LeaderElection.java:askForVotes(181)) - 0672359c-6225-42b1-8883-1f37891fbc0f:group-74132D1ECC43:LeaderElection100: begin an election at term 1 for -1: [0672359c-6225-42b1-8883-1f37891fbc0f:192.168.36.107:40745], old=null
2019-08-20 14:49:36,781 INFO  impl.LeaderElection (LeaderElection.java:askForVotes(181)) - c43c6941-c698-401b-8222-bca35851ed92:group-76F4B951EDAC:LeaderElection99: begin an election at term 1 for -1: [c43c6941-c698-401b-8222-bca35851ed92:192.168.36.107:45103], old=null
2019-08-20 14:49:36,781 INFO  impl.LeaderElection (LeaderElection.java:askForVotes(181)) - d461666d-3393-4914-8f68-1e7af24d3b9e:group-F5712FED32E4:LeaderElection97: begin an election at term 1 for -1: [d461666d-3393-4914-8f68-1e7af24d3b9e:192.168.36.107:33334], old=null
2019-08-20 14:49:36,783 INFO  impl.RoleInfo (RoleInfo.java:shutdownLeaderElection(134)) - c43c6941-c698-401b-8222-bca35851ed92: shutdown LeaderElection
2019-08-20 14:49:36,783 INFO  impl.RoleInfo (RoleInfo.java:shutdownLeaderElection(134)) - 0672359c-6225-42b1-8883-1f37891fbc0f: shutdown LeaderElection
2019-08-20 14:49:36,783 INFO  impl.RoleInfo (RoleInfo.java:shutdownLeaderElection(134)) - c6f0101b-46e5-4976-8ccb-fb5bb5b8ac3c: shutdown LeaderElection
2019-08-20 14:49:36,783 INFO  impl.RaftServerImpl (RaftServerImpl.java:setRole(171)) - c6f0101b-46e5-4976-8ccb-fb5bb5b8ac3c:group-AA4507D59304 changes role from CANDIDATE to LEADER at term 1 for changeToLeader
2019-08-20 14:49:36,783 INFO  impl.RaftServerImpl (ServerState.java:setLeader(263)) - c6f0101b-46e5-4976-8ccb-fb5bb5b8ac3c:group-AA4507D59304 change Leader from null to c6f0101b-46e5-4976-8ccb-fb5bb5b8ac3c at term 1 for becomeLeader, leader elected after 9040ms
2019-08-20 14:49:36,782 INFO  impl.RoleInfo (RoleInfo.java:shutdownLeaderElection(134)) - 30be3dbe-c893-4b50-93b5-0dd56fab25fe: shutdown LeaderElection
2019-08-20 14:49:36,782 INFO  impl.RaftServerImpl (RaftServerImpl.java:setRole(171)) - 281a123a-c6ad-43f0-8a3c-4f445d6004a4:group-94071CC61E2D changes role from CANDIDATE to LEADER at term 1 for changeToLeader
2019-08-20 14:49:36,784 INFO  server.RaftServerConfigKeys (ConfUtils.java:logGet(43)) - raft.server.staging.catchup.gap = 1000 (default)
2019-08-20 14:49:36,783 INFO  impl.RaftServerImpl (RaftServerImpl.java:setRole(171)) - 0672359c-6225-42b1-8883-1f37891fbc0f:group-74132D1ECC43 changes role from CANDIDATE to LEADER at term 1 for changeToLeader
2019-08-20 14:49:36,783 INFO  impl.RaftServerImpl (RaftServerImpl.java:setRole(171)) - c43c6941-c698-401b-8222-bca35851ed92:group-76F4B951EDAC changes role from CANDIDATE to LEADER at term 1 for changeToLeader
2019-08-20 14:49:36,783 INFO  impl.RoleInfo (RoleInfo.java:shutdownLeaderElection(134)) - d461666d-3393-4914-8f68-1e7af24d3b9e: shutdown LeaderElection
2019-08-20 14:49:36,784 INFO  impl.RaftServerImpl (ServerState.java:setLeader(263)) - c43c6941-c698-401b-8222-bca35851ed92:group-76F4B951EDAC change Leader from null to c43c6941-c698-401b-8222-bca35851ed92 at term 1 for becomeLeader, leader elected after 9125ms
2019-08-20 14:49:36,784 INFO  impl.RaftServerImpl (ServerState.java:setLeader(263)) - 0672359c-6225-42b1-8883-1f37891fbc0f:group-74132D1ECC43 change Leader from null to 0672359c-6225-42b1-8883-1f37891fbc0f at term 1 for becomeLeader, leader elected after 8990ms
2019-08-20 14:49:36,784 INFO  server.RaftServerConfigKeys (ConfUtils.java:logGet(43)) - raft.server.rpc.sleep.time = 25ms (default)
2019-08-20 14:49:36,784 INFO  impl.RaftServerImpl (RaftServerImpl.java:setRole(171)) - 30be3dbe-c893-4b50-93b5-0dd56fab25fe:group-67A2F0C4A5B8 changes role from CANDIDATE to LEADER at term 1 for changeToLeader
2019-08-20 14:49:36,784 INFO  impl.RaftServerImpl (ServerState.java:setLeader(263)) - 281a123a-c6ad-43f0-8a3c-4f445d6004a4:group-94071CC61E2D change Leader from null to 281a123a-c6ad-43f0-8a3c-4f445d6004a4 at term 1 for becomeLeader, leader elected after 9325ms
2019-08-20 14:49:36,785 INFO  impl.RaftServerImpl (ServerState.java:setLeader(263)) - 30be3dbe-c893-4b50-93b5-0dd56fab25fe:group-67A2F0C4A5B8 change Leader from null to 30be3dbe-c893-4b50-93b5-0dd56fab25fe at term 1 for becomeLeader, leader elected after 9232ms
2019-08-20 14:49:36,785 INFO  server.RaftServerConfigKeys (ConfUtils.java:logGet(43)) - raft.server.write.element-limit = 4096 (default)
2019-08-20 14:49:36,785 INFO  server.RaftServerConfigKeys (ConfUtils.java:logGet(43)) - raft.server.staging.catchup.gap = 1000 (default)
2019-08-20 14:49:36,784 INFO  server.RaftServerConfigKeys (ConfUtils.java:logGet(43)) - raft.server.staging.catchup.gap = 1000 (default)
2019-08-20 14:49:36,784 INFO  impl.RaftServerImpl (RaftServerImpl.java:setRole(171)) - d461666d-3393-4914-8f68-1e7af24d3b9e:group-F5712FED32E4 changes role from CANDIDATE to LEADER at term 1 for changeToLeader
2019-08-20 14:49:36,792 INFO  server.RaftServerConfigKeys (ConfUtils.java:logGet(43)) - raft.server.rpc.sleep.time = 25ms (default)
2019-08-20 14:49:36,791 INFO  server.RaftServerConfigKeys (ConfUtils.java:logGet(43)) - raft.server.rpc.sleep.time = 25ms (default)
2019-08-20 14:49:36,791 INFO  server.RaftServerConfigKeys (ConfUtils.java:logGet(43)) - raft.server.watch.timeout = 10s (default)
2019-08-20 14:49:36,791 INFO  server.RaftServerConfigKeys (ConfUtils.java:logGet(43)) - raft.server.staging.catchup.gap = 1000 (default)
2019-08-20 14:49:36,785 INFO  server.RaftServerConfigKeys (ConfUtils.java:logGet(43)) - raft.server.staging.catchup.gap = 1000 (default)
2019-08-20 14:49:36,792 INFO  server.RaftServerConfigKeys (ConfUtils.java:logGet(43)) - raft.server.rpc.sleep.time = 25ms (default)
2019-08-20 14:49:36,792 INFO  server.RaftServerConfigKeys (ConfUtils.java:logGet(43)) - raft.server.watch.timeout.denomination = 1s (default)
2019-08-20 14:49:36,792 INFO  server.RaftServerConfigKeys (ConfUtils.java:logGet(43)) - raft.server.write.element-limit = 4096 (default)
2019-08-20 14:49:36,792 INFO  server.RaftServerConfigKeys (ConfUtils.java:logGet(43)) - raft.server.write.element-limit = 4096 (default)
2019-08-20 14:49:36,792 INFO  impl.RaftServerImpl (ServerState.java:setLeader(263)) - d461666d-3393-4914-8f68-1e7af24d3b9e:group-F5712FED32E4 change Leader from null to d461666d-3393-4914-8f68-1e7af24d3b9e at term 1 for becomeLeader, leader elected after 9182ms
2019-08-20 14:49:36,793 INFO  server.RaftServerConfigKeys (ConfUtils.java:logGet(43)) - raft.server.watch.timeout = 10s (default)
2019-08-20 14:49:36,793 INFO  server.RaftServerConfigKeys (ConfUtils.java:logGet(43)) - raft.server.watch.timeout = 10s (default)
2019-08-20 14:49:36,793 INFO  server.RaftServerConfigKeys (ConfUtils.java:logGet(43)) - raft.server.watch.element-limit = 65536 (default)
2019-08-20 14:49:36,793 INFO  server.RaftServerConfigKeys (ConfUtils.java:logGet(43)) - raft.server.write.element-limit = 4096 (default)
2019-08-20 14:49:36,792 INFO  server.RaftServerConfigKeys (ConfUtils.java:logGet(43)) - raft.server.rpc.sleep.time = 25ms (default)
2019-08-20 14:49:36,794 INFO  server.RaftServerConfigKeys (ConfUtils.java:logGet(43)) - raft.server.watch.timeout = 10s (default)
2019-08-20 14:49:36,793 INFO  impl.RoleInfo (RoleInfo.java:updateAndGet(143)) - c6f0101b-46e5-4976-8ccb-fb5bb5b8ac3c: start LeaderState
2019-08-20 14:49:36,793 INFO  server.RaftServerConfigKeys (ConfUtils.java:logGet(43)) - raft.server.watch.timeout.denomination = 1s (default)
2019-08-20 14:49:36,793 INFO  server.RaftServerConfigKeys (ConfUtils.java:logGet(43)) - raft.server.watch.timeout.denomination = 1s (default)
2019-08-20 14:49:36,793 INFO  server.RaftServerConfigKeys (ConfUtils.java:logGet(43)) - raft.server.staging.catchup.gap = 1000 (default)
2019-08-20 14:49:36,794 INFO  server.RaftServerConfigKeys (ConfUtils.java:logGet(43)) - raft.server.watch.element-limit = 65536 (default)
2019-08-20 14:49:36,794 INFO  server.RaftServerConfigKeys (ConfUtils.java:logGet(43)) - raft.server.watch.element-limit = 65536 (default)
2019-08-20 14:49:36,794 INFO  segmented.SegmentedRaftLogWorker (SegmentedRaftLogWorker.java:startLogSegment(380)) - c6f0101b-46e5-4976-8ccb-fb5bb5b8ac3c-SegmentedRaftLogWorker:Storage Directory /workdir/hadoop-ozone/integration-test/target/test-dir/MiniOzoneClusterImpl-f1369eb2-7165-4223-a2a5-28cf637499e7/datanode-3/data/ratis/69cc802e-17a7-423d-b881-aa4507d59304: Starting segment from index:0
2019-08-20 14:49:36,794 INFO  server.RaftServerConfigKeys (ConfUtils.java:logGet(43)) - raft.server.watch.timeout.denomination = 1s (default)
2019-08-20 14:49:36,794 INFO  server.RaftServerConfigKeys (ConfUtils.java:logGet(43)) - raft.server.write.element-limit = 4096 (default)
2019-08-20 14:49:36,795 INFO  server.RaftServerConfigKeys (ConfUtils.java:logGet(43)) - raft.server.watch.element-limit = 65536 (default)
2019-08-20 14:49:36,795 INFO  impl.RoleInfo (RoleInfo.java:updateAndGet(143)) - 0672359c-6225-42b1-8883-1f37891fbc0f: start LeaderState
2019-08-20 14:49:36,795 INFO  impl.RoleInfo (RoleInfo.java:updateAndGet(143)) - c43c6941-c698-401b-8222-bca35851ed92: start LeaderState
2019-08-20 14:49:36,794 INFO  server.RaftServerConfigKeys (ConfUtils.java:logGet(43)) - raft.server.rpc.sleep.time = 25ms (default)
2019-08-20 14:49:36,796 INFO  segmented.SegmentedRaftLogWorker (SegmentedRaftLogWorker.java:startLogSegment(380)) - c43c6941-c698-401b-8222-bca35851ed92-SegmentedRaftLogWorker:Storage Directory /workdir/hadoop-ozone/integration-test/target/test-dir/MiniOzoneClusterImpl-f1369eb2-7165-4223-a2a5-28cf637499e7/datanode-2/data/ratis/2f40b846-1d21-4093-bf9d-76f4b951edac: Starting segment from index:0
2019-08-20 14:49:36,796 INFO  segmented.SegmentedRaftLogWorker (SegmentedRaftLogWorker.java:startLogSegment(380)) - 0672359c-6225-42b1-8883-1f37891fbc0f-SegmentedRaftLogWorker:Storage Directory /workdir/hadoop-ozone/integration-test/target/test-dir/MiniOzoneClusterImpl-f1369eb2-7165-4223-a2a5-28cf637499e7/datanode-6/data/ratis/f397cb74-3d4f-4be9-98dc-74132d1ecc43: Starting segment from index:0
2019-08-20 14:49:36,796 INFO  impl.RoleInfo (RoleInfo.java:updateAndGet(143)) - 30be3dbe-c893-4b50-93b5-0dd56fab25fe: start LeaderState
2019-08-20 14:49:36,795 INFO  impl.RaftServerImpl (ServerState.java:setRaftConf(361)) - c6f0101b-46e5-4976-8ccb-fb5bb5b8ac3c:group-AA4507D59304 set configuration 0: [c6f0101b-46e5-4976-8ccb-fb5bb5b8ac3c:192.168.36.107:45278], old=null at 0
2019-08-20 14:49:36,796 INFO  segmented.SegmentedRaftLogWorker (SegmentedRaftLogWorker.java:startLogSegment(380)) - 30be3dbe-c893-4b50-93b5-0dd56fab25fe-SegmentedRaftLogWorker:Storage Directory /workdir/hadoop-ozone/integration-test/target/test-dir/MiniOzoneClusterImpl-f1369eb2-7165-4223-a2a5-28cf637499e7/datanode-4/data/ratis/74a068a0-16fc-4793-b246-67a2f0c4a5b8: Starting segment from index:0
2019-08-20 14:49:36,795 INFO  server.RaftServerConfigKeys (ConfUtils.java:logGet(43)) - raft.server.watch.timeout = 10s (default)
2019-08-20 14:49:36,796 INFO  impl.RaftServerImpl (ServerState.java:setRaftConf(361)) - c43c6941-c698-401b-8222-bca35851ed92:group-76F4B951EDAC set configuration 0: [c43c6941-c698-401b-8222-bca35851ed92:192.168.36.107:45103], old=null at 0
2019-08-20 14:49:36,796 INFO  server.RaftServerConfigKeys (ConfUtils.java:logGet(43)) - raft.server.write.element-limit = 4096 (default)
2019-08-20 14:49:36,797 INFO  server.RaftServerConfigKeys (ConfUtils.java:logGet(43)) - raft.server.watch.timeout.denomination = 1s (default)
2019-08-20 14:49:36,797 INFO  server.RaftServerConfigKeys (ConfUtils.java:logGet(43)) - raft.server.watch.timeout = 10s (default)
2019-08-20 14:49:36,797 INFO  server.RaftServerConfigKeys (ConfUtils.java:logGet(43)) - raft.server.watch.element-limit = 65536 (default)
2019-08-20 14:49:36,797 INFO  impl.RaftServerImpl (ServerState.java:setRaftConf(361)) - 30be3dbe-c893-4b50-93b5-0dd56fab25fe:group-67A2F0C4A5B8 set configuration 0: [30be3dbe-c893-4b50-93b5-0dd56fab25fe:192.168.36.107:33817], old=null at 0
2019-08-20 14:49:36,797 INFO  impl.RoleInfo (RoleInfo.java:updateAndGet(143)) - 281a123a-c6ad-43f0-8a3c-4f445d6004a4: start LeaderState
2019-08-20 14:49:36,797 INFO  server.RaftServerConfigKeys (ConfUtils.java:logGet(43)) - raft.server.watch.timeout.denomination = 1s (default)
2019-08-20 14:49:36,797 INFO  impl.RaftServerImpl (ServerState.java:setRaftConf(361)) - 0672359c-6225-42b1-8883-1f37891fbc0f:group-74132D1ECC43 set configuration 0: [0672359c-6225-42b1-8883-1f37891fbc0f:192.168.36.107:40745], old=null at 0
2019-08-20 14:49:36,797 INFO  server.RaftServerConfigKeys (ConfUtils.java:logGet(43)) - raft.server.watch.element-limit = 65536 (default)
2019-08-20 14:49:36,797 INFO  impl.LeaderElection (LeaderElection.java:logAndReturn(56)) - 281a123a-c6ad-43f0-8a3c-4f445d6004a4:group-AF9AC6819EEF:LeaderElection105: Election REJECTED; received 2 response(s) [281a123a-c6ad-43f0-8a3c-4f445d6004a4<-b1b65029-3686-41d4-82ad-eecc9f790e57#0:FAIL-t1, 281a123a-c6ad-43f0-8a3c-4f445d6004a4<-30be3dbe-c893-4b50-93b5-0dd56fab25fe#0:FAIL-t1] and 0 exception(s); 281a123a-c6ad-43f0-8a3c-4f445d6004a4:t1, leader=null, voted=281a123a-c6ad-43f0-8a3c-4f445d6004a4, raftlog=281a123a-c6ad-43f0-8a3c-4f445d6004a4-SegmentedRaftLog:OPENED:c-1,f-1,i0, conf=-1: [b1b65029-3686-41d4-82ad-eecc9f790e57:192.168.36.107:45812, 281a123a-c6ad-43f0-8a3c-4f445d6004a4:192.168.36.107:36858, 30be3dbe-c893-4b50-93b5-0dd56fab25fe:192.168.36.107:33817], old=null
2019-08-20 14:49:36,797 INFO  segmented.SegmentedRaftLogWorker (SegmentedRaftLogWorker.java:startLogSegment(380)) - 281a123a-c6ad-43f0-8a3c-4f445d6004a4-SegmentedRaftLogWorker:Storage Directory /workdir/hadoop-ozone/integration-test/target/test-dir/MiniOzoneClusterImpl-f1369eb2-7165-4223-a2a5-28cf637499e7/datanode-1/data/ratis/25a1a717-9b6b-426b-85b7-94071cc61e2d: Starting segment from index:0
2019-08-20 14:49:36,798 INFO  impl.RaftServerImpl (RaftServerImpl.java:setRole(171)) - 281a123a-c6ad-43f0-8a3c-4f445d6004a4:group-AF9AC6819EEF changes role from CANDIDATE to FOLLOWER at term 1 for DISCOVERED_A_NEW_TERM
2019-08-20 14:49:36,798 INFO  impl.LeaderElection (LeaderElection.java:logAndReturn(56)) - 30be3dbe-c893-4b50-93b5-0dd56fab25fe:group-AF9AC6819EEF:LeaderElection103: Election REJECTED; received 2 response(s) [30be3dbe-c893-4b50-93b5-0dd56fab25fe<-b1b65029-3686-41d4-82ad-eecc9f790e57#0:FAIL-t1, 30be3dbe-c893-4b50-93b5-0dd56fab25fe<-281a123a-c6ad-43f0-8a3c-4f445d6004a4#0:FAIL-t1] and 0 exception(s); 30be3dbe-c893-4b50-93b5-0dd56fab25fe:t1, leader=null, voted=30be3dbe-c893-4b50-93b5-0dd56fab25fe, raftlog=30be3dbe-c893-4b50-93b5-0dd56fab25fe-SegmentedRaftLog:OPENED:c-1,f-1,i0, conf=-1: [b1b65029-3686-41d4-82ad-eecc9f790e57:192.168.36.107:45812, 281a123a-c6ad-43f0-8a3c-4f445d6004a4:192.168.36.107:36858, 30be3dbe-c893-4b50-93b5-0dd56fab25fe:192.168.36.107:33817], old=null
2019-08-20 14:49:36,798 INFO  impl.RoleInfo (RoleInfo.java:updateAndGet(143)) - d461666d-3393-4914-8f68-1e7af24d3b9e: start LeaderState
2019-08-20 14:49:36,798 INFO  impl.RaftServerImpl (ServerState.java:setRaftConf(361)) - 281a123a-c6ad-43f0-8a3c-4f445d6004a4:group-94071CC61E2D set configuration 0: [281a123a-c6ad-43f0-8a3c-4f445d6004a4:192.168.36.107:36858], old=null at 0
2019-08-20 14:49:36,798 INFO  impl.LeaderElection (LeaderElection.java:logAndReturn(56)) - c43c6941-c698-401b-8222-bca35851ed92:group-27D532FE74EA:LeaderElection107: Election REJECTED; received 2 response(s) [c43c6941-c698-401b-8222-bca35851ed92<-d461666d-3393-4914-8f68-1e7af24d3b9e#0:FAIL-t1, c43c6941-c698-401b-8222-bca35851ed92<-c6f0101b-46e5-4976-8ccb-fb5bb5b8ac3c#0:FAIL-t1] and 0 exception(s); c43c6941-c698-401b-8222-bca35851ed92:t1, leader=null, voted=c43c6941-c698-401b-8222-bca35851ed92, raftlog=c43c6941-c698-401b-8222-bca35851ed92-SegmentedRaftLog:OPENED:c-1,f-1,i0, conf=-1: [d461666d-3393-4914-8f68-1e7af24d3b9e:192.168.36.107:33334, c43c6941-c698-401b-8222-bca35851ed92:192.168.36.107:45103, c6f0101b-46e5-4976-8ccb-fb5bb5b8ac3c:192.168.36.107:45278], old=null
2019-08-20 14:49:36,799 INFO  impl.LeaderElection (LeaderElection.java:logAndReturn(56)) - b1b65029-3686-41d4-82ad-eecc9f790e57:group-AF9AC6819EEF:LeaderElection102: Election REJECTED; received 2 response(s) [b1b65029-3686-41d4-82ad-eecc9f790e57<-30be3dbe-c893-4b50-93b5-0dd56fab25fe#0:FAIL-t1, b1b65029-3686-41d4-82ad-eecc9f790e57<-281a123a-c6ad-43f0-8a3c-4f445d6004a4#0:FAIL-t1] and 0 exception(s); b1b65029-3686-41d4-82ad-eecc9f790e57:t1, leader=null, voted=b1b65029-3686-41d4-82ad-eecc9f790e57, raftlog=b1b65029-3686-41d4-82ad-eecc9f790e57-SegmentedRaftLog:OPENED:c-1,f-1,i0, conf=-1: [b1b65029-3686-41d4-82ad-eecc9f790e57:192.168.36.107:45812, 281a123a-c6ad-43f0-8a3c-4f445d6004a4:192.168.36.107:36858, 30be3dbe-c893-4b50-93b5-0dd56fab25fe:192.168.36.107:33817], old=null
2019-08-20 14:49:36,798 INFO  impl.RaftServerImpl (RaftServerImpl.java:setRole(171)) - 30be3dbe-c893-4b50-93b5-0dd56fab25fe:group-AF9AC6819EEF changes role from CANDIDATE to FOLLOWER at term 1 for DISCOVERED_A_NEW_TERM
2019-08-20 14:49:36,798 INFO  impl.RoleInfo (RoleInfo.java:shutdownLeaderElection(134)) - 281a123a-c6ad-43f0-8a3c-4f445d6004a4: shutdown LeaderElection
2019-08-20 14:49:36,798 INFO  impl.LeaderElection (LeaderElection.java:logAndReturn(56)) - d461666d-3393-4914-8f68-1e7af24d3b9e:group-27D532FE74EA:LeaderElection104: Election REJECTED; received 2 response(s) [d461666d-3393-4914-8f68-1e7af24d3b9e<-c43c6941-c698-401b-8222-bca35851ed92#0:FAIL-t1, d461666d-3393-4914-8f68-1e7af24d3b9e<-c6f0101b-46e5-4976-8ccb-fb5bb5b8ac3c#0:FAIL-t1] and 0 exception(s); d461666d-3393-4914-8f68-1e7af24d3b9e:t1, leader=null, voted=d461666d-3393-4914-8f68-1e7af24d3b9e, raftlog=d461666d-3393-4914-8f68-1e7af24d3b9e-SegmentedRaftLog:OPENED:c-1,f-1,i0, conf=-1: [d461666d-3393-4914-8f68-1e7af24d3b9e:192.168.36.107:33334, c43c6941-c698-401b-8222-bca35851ed92:192.168.36.107:45103, c6f0101b-46e5-4976-8ccb-fb5bb5b8ac3c:192.168.36.107:45278], old=null
2019-08-20 14:49:36,799 INFO  impl.RoleInfo (RoleInfo.java:updateAndGet(143)) - 281a123a-c6ad-43f0-8a3c-4f445d6004a4: start FollowerState
2019-08-20 14:49:36,799 INFO  impl.LeaderElection (LeaderElection.java:logAndReturn(56)) - c6f0101b-46e5-4976-8ccb-fb5bb5b8ac3c:group-27D532FE74EA:LeaderElection106: Election REJECTED; received 2 response(s) [c6f0101b-46e5-4976-8ccb-fb5bb5b8ac3c<-d461666d-3393-4914-8f68-1e7af24d3b9e#0:FAIL-t1, c6f0101b-46e5-4976-8ccb-fb5bb5b8ac3c<-c43c6941-c698-401b-8222-bca35851ed92#0:FAIL-t1] and 0 exception(s); c6f0101b-46e5-4976-8ccb-fb5bb5b8ac3c:t1, leader=null, voted=c6f0101b-46e5-4976-8ccb-fb5bb5b8ac3c, raftlog=c6f0101b-46e5-4976-8ccb-fb5bb5b8ac3c-SegmentedRaftLog:OPENED:c-1,f-1,i0, conf=-1: [d461666d-3393-4914-8f68-1e7af24d3b9e:192.168.36.107:33334, c43c6941-c698-401b-8222-bca35851ed92:192.168.36.107:45103, c6f0101b-46e5-4976-8ccb-fb5bb5b8ac3c:192.168.36.107:45278], old=null
2019-08-20 14:49:36,799 INFO  impl.RoleInfo (RoleInfo.java:shutdownLeaderElection(134)) - 30be3dbe-c893-4b50-93b5-0dd56fab25fe: shutdown LeaderElection
2019-08-20 14:49:36,799 INFO  impl.RaftServerImpl (RaftServerImpl.java:setRole(171)) - b1b65029-3686-41d4-82ad-eecc9f790e57:group-AF9AC6819EEF changes role from CANDIDATE to FOLLOWER at term 1 for DISCOVERED_A_NEW_TERM
2019-08-20 14:49:36,800 INFO  impl.RoleInfo (RoleInfo.java:shutdownLeaderElection(134)) - b1b65029-3686-41d4-82ad-eecc9f790e57: shutdown LeaderElection
2019-08-20 14:49:36,799 INFO  impl.RaftServerImpl (RaftServerImpl.java:setRole(171)) - c43c6941-c698-401b-8222-bca35851ed92:group-27D532FE74EA changes role from CANDIDATE to FOLLOWER at term 1 for DISCOVERED_A_NEW_TERM
2019-08-20 14:49:36,798 INFO  segmented.SegmentedRaftLogWorker (SegmentedRaftLogWorker.java:startLogSegment(380)) - d461666d-3393-4914-8f68-1e7af24d3b9e-SegmentedRaftLogWorker:Storage Directory /workdir/hadoop-ozone/integration-test/target/test-dir/MiniOzoneClusterImpl-f1369eb2-7165-4223-a2a5-28cf637499e7/datanode-5/data/ratis/77164390-c064-4309-bde3-f5712fed32e4: Starting segment from index:0
2019-08-20 14:49:36,800 INFO  impl.RoleInfo (RoleInfo.java:shutdownLeaderElection(134)) - c43c6941-c698-401b-8222-bca35851ed92: shutdown LeaderElection
2019-08-20 14:49:36,800 INFO  impl.RoleInfo (RoleInfo.java:updateAndGet(143)) - b1b65029-3686-41d4-82ad-eecc9f790e57: start FollowerState
2019-08-20 14:49:36,800 INFO  impl.RoleInfo (RoleInfo.java:updateAndGet(143)) - 30be3dbe-c893-4b50-93b5-0dd56fab25fe: start FollowerState
2019-08-20 14:49:36,800 INFO  impl.RaftServerImpl (RaftServerImpl.java:setRole(171)) - c6f0101b-46e5-4976-8ccb-fb5bb5b8ac3c:group-27D532FE74EA changes role from CANDIDATE to FOLLOWER at term 1 for DISCOVERED_A_NEW_TERM
2019-08-20 14:49:36,799 INFO  impl.RaftServerImpl (RaftServerImpl.java:setRole(171)) - d461666d-3393-4914-8f68-1e7af24d3b9e:group-27D532FE74EA changes role from CANDIDATE to FOLLOWER at term 1 for DISCOVERED_A_NEW_TERM
2019-08-20 14:49:36,801 INFO  impl.RoleInfo (RoleInfo.java:shutdownLeaderElection(134)) - c6f0101b-46e5-4976-8ccb-fb5bb5b8ac3c: shutdown LeaderElection
2019-08-20 14:49:36,800 INFO  impl.RaftServerImpl (ServerState.java:setRaftConf(361)) - d461666d-3393-4914-8f68-1e7af24d3b9e:group-F5712FED32E4 set configuration 0: [d461666d-3393-4914-8f68-1e7af24d3b9e:192.168.36.107:33334], old=null at 0
2019-08-20 14:49:36,801 INFO  impl.RoleInfo (RoleInfo.java:updateAndGet(143)) - c6f0101b-46e5-4976-8ccb-fb5bb5b8ac3c: start FollowerState
2019-08-20 14:49:36,801 INFO  impl.RoleInfo (RoleInfo.java:shutdownLeaderElection(134)) - d461666d-3393-4914-8f68-1e7af24d3b9e: shutdown LeaderElection
2019-08-20 14:49:36,801 INFO  impl.RoleInfo (RoleInfo.java:updateAndGet(143)) - d461666d-3393-4914-8f68-1e7af24d3b9e: start FollowerState
2019-08-20 14:49:36,801 INFO  impl.RoleInfo (RoleInfo.java:updateAndGet(143)) - c43c6941-c698-401b-8222-bca35851ed92: start FollowerState
2019-08-20 14:49:37,367 INFO  client.GrpcClientProtocolClient (GrpcClientProtocolClient.java:onNext(255)) - client-75AE75CE91DE->b1b65029-3686-41d4-82ad-eecc9f790e57: receive RaftClientReply:client-75AE75CE91DE->b1b65029-3686-41d4-82ad-eecc9f790e57@group-AF9AC6819EEF, cid=101, FAILED org.apache.ratis.protocol.NotLeaderException: Server b1b65029-3686-41d4-82ad-eecc9f790e57 is not the leader (null). Request must be sent to leader., logIndex=0, commits[b1b65029-3686-41d4-82ad-eecc9f790e57:c-1]
2019-08-20 14:49:37,528 INFO  segmented.SegmentedRaftLogWorker (SegmentedRaftLogWorker.java:execute(569)) - c6f0101b-46e5-4976-8ccb-fb5bb5b8ac3c-SegmentedRaftLogWorker:Storage Directory /workdir/hadoop-ozone/integration-test/target/test-dir/MiniOzoneClusterImpl-f1369eb2-7165-4223-a2a5-28cf637499e7/datanode-3/data/ratis/69cc802e-17a7-423d-b881-aa4507d59304: created new log segment /workdir/hadoop-ozone/integration-test/target/test-dir/MiniOzoneClusterImpl-f1369eb2-7165-4223-a2a5-28cf637499e7/datanode-3/data/ratis/69cc802e-17a7-423d-b881-aa4507d59304/current/log_inprogress_0
2019-08-20 14:49:37,528 INFO  segmented.SegmentedRaftLogWorker (SegmentedRaftLogWorker.java:execute(569)) - c43c6941-c698-401b-8222-bca35851ed92-SegmentedRaftLogWorker:Storage Directory /workdir/hadoop-ozone/integration-test/target/test-dir/MiniOzoneClusterImpl-f1369eb2-7165-4223-a2a5-28cf637499e7/datanode-2/data/ratis/2f40b846-1d21-4093-bf9d-76f4b951edac: created new log segment /workdir/hadoop-ozone/integration-test/target/test-dir/MiniOzoneClusterImpl-f1369eb2-7165-4223-a2a5-28cf637499e7/datanode-2/data/ratis/2f40b846-1d21-4093-bf9d-76f4b951edac/current/log_inprogress_0
2019-08-20 14:49:37,528 INFO  segmented.SegmentedRaftLogWorker (SegmentedRaftLogWorker.java:execute(569)) - 281a123a-c6ad-43f0-8a3c-4f445d6004a4-SegmentedRaftLogWorker:Storage Directory /workdir/hadoop-ozone/integration-test/target/test-dir/MiniOzoneClusterImpl-f1369eb2-7165-4223-a2a5-28cf637499e7/datanode-1/data/ratis/25a1a717-9b6b-426b-85b7-94071cc61e2d: created new log segment /workdir/hadoop-ozone/integration-test/target/test-dir/MiniOzoneClusterImpl-f1369eb2-7165-4223-a2a5-28cf637499e7/datanode-1/data/ratis/25a1a717-9b6b-426b-85b7-94071cc61e2d/current/log_inprogress_0
2019-08-20 14:49:37,528 INFO  segmented.SegmentedRaftLogWorker (SegmentedRaftLogWorker.java:execute(569)) - 30be3dbe-c893-4b50-93b5-0dd56fab25fe-SegmentedRaftLogWorker:Storage Directory /workdir/hadoop-ozone/integration-test/target/test-dir/MiniOzoneClusterImpl-f1369eb2-7165-4223-a2a5-28cf637499e7/datanode-4/data/ratis/74a068a0-16fc-4793-b246-67a2f0c4a5b8: created new log segment /workdir/hadoop-ozone/integration-test/target/test-dir/MiniOzoneClusterImpl-f1369eb2-7165-4223-a2a5-28cf637499e7/datanode-4/data/ratis/74a068a0-16fc-4793-b246-67a2f0c4a5b8/current/log_inprogress_0
2019-08-20 14:49:37,528 INFO  segmented.SegmentedRaftLogWorker (SegmentedRaftLogWorker.java:execute(569)) - 0672359c-6225-42b1-8883-1f37891fbc0f-SegmentedRaftLogWorker:Storage Directory /workdir/hadoop-ozone/integration-test/target/test-dir/MiniOzoneClusterImpl-f1369eb2-7165-4223-a2a5-28cf637499e7/datanode-6/data/ratis/f397cb74-3d4f-4be9-98dc-74132d1ecc43: created new log segment /workdir/hadoop-ozone/integration-test/target/test-dir/MiniOzoneClusterImpl-f1369eb2-7165-4223-a2a5-28cf637499e7/datanode-6/data/ratis/f397cb74-3d4f-4be9-98dc-74132d1ecc43/current/log_inprogress_0
2019-08-20 14:49:37,528 INFO  segmented.SegmentedRaftLogWorker (SegmentedRaftLogWorker.java:execute(569)) - d461666d-3393-4914-8f68-1e7af24d3b9e-SegmentedRaftLogWorker:Storage Directory /workdir/hadoop-ozone/integration-test/target/test-dir/MiniOzoneClusterImpl-f1369eb2-7165-4223-a2a5-28cf637499e7/datanode-5/data/ratis/77164390-c064-4309-bde3-f5712fed32e4: created new log segment /workdir/hadoop-ozone/integration-test/target/test-dir/MiniOzoneClusterImpl-f1369eb2-7165-4223-a2a5-28cf637499e7/datanode-5/data/ratis/77164390-c064-4309-bde3-f5712fed32e4/current/log_inprogress_0
2019-08-20 14:49:38,378 INFO  client.GrpcClientProtocolClient (GrpcClientProtocolClient.java:onNext(255)) - client-75AE75CE91DE->30be3dbe-c893-4b50-93b5-0dd56fab25fe: receive RaftClientReply:client-75AE75CE91DE->30be3dbe-c893-4b50-93b5-0dd56fab25fe@group-AF9AC6819EEF, cid=101, FAILED org.apache.ratis.protocol.NotLeaderException: Server 30be3dbe-c893-4b50-93b5-0dd56fab25fe is not the leader (null). Request must be sent to leader., logIndex=0, commits[30be3dbe-c893-4b50-93b5-0dd56fab25fe:c-1]
2019-08-20 14:49:39,394 INFO  client.GrpcClientProtocolClient (GrpcClientProtocolClient.java:onNext(255)) - client-75AE75CE91DE->281a123a-c6ad-43f0-8a3c-4f445d6004a4: receive RaftClientReply:client-75AE75CE91DE->281a123a-c6ad-43f0-8a3c-4f445d6004a4@group-AF9AC6819EEF, cid=101, FAILED org.apache.ratis.protocol.NotLeaderException: Server 281a123a-c6ad-43f0-8a3c-4f445d6004a4 is not the leader (null). Request must be sent to leader., logIndex=0, commits[281a123a-c6ad-43f0-8a3c-4f445d6004a4:c-1]
2019-08-20 14:49:40,407 INFO  client.GrpcClientProtocolClient (GrpcClientProtocolClient.java:onNext(255)) - client-75AE75CE91DE->30be3dbe-c893-4b50-93b5-0dd56fab25fe: receive RaftClientReply:client-75AE75CE91DE->30be3dbe-c893-4b50-93b5-0dd56fab25fe@group-AF9AC6819EEF, cid=101, FAILED org.apache.ratis.protocol.NotLeaderException: Server 30be3dbe-c893-4b50-93b5-0dd56fab25fe is not the leader (null). Request must be sent to leader., logIndex=0, commits[30be3dbe-c893-4b50-93b5-0dd56fab25fe:c-1]
2019-08-20 14:49:41,418 INFO  client.GrpcClientProtocolClient (GrpcClientProtocolClient.java:onNext(255)) - client-75AE75CE91DE->281a123a-c6ad-43f0-8a3c-4f445d6004a4: receive RaftClientReply:client-75AE75CE91DE->281a123a-c6ad-43f0-8a3c-4f445d6004a4@group-AF9AC6819EEF, cid=101, FAILED org.apache.ratis.protocol.NotLeaderException: Server 281a123a-c6ad-43f0-8a3c-4f445d6004a4 is not the leader (null). Request must be sent to leader., logIndex=0, commits[281a123a-c6ad-43f0-8a3c-4f445d6004a4:c-1]
2019-08-20 14:49:41,858 INFO  impl.FollowerState (FollowerState.java:run(106)) - 30be3dbe-c893-4b50-93b5-0dd56fab25fe:group-AF9AC6819EEF changes to CANDIDATE, lastRpcTime:5057, electionTimeout:5051ms
2019-08-20 14:49:41,858 INFO  impl.RoleInfo (RoleInfo.java:shutdownFollowerState(121)) - 30be3dbe-c893-4b50-93b5-0dd56fab25fe: shutdown FollowerState
2019-08-20 14:49:41,858 INFO  impl.RaftServerImpl (RaftServerImpl.java:setRole(171)) - 30be3dbe-c893-4b50-93b5-0dd56fab25fe:group-AF9AC6819EEF changes role from FOLLOWER to CANDIDATE at term 1 for changeToCandidate
2019-08-20 14:49:41,858 INFO  impl.RoleInfo (RoleInfo.java:updateAndGet(143)) - 30be3dbe-c893-4b50-93b5-0dd56fab25fe: start LeaderElection
2019-08-20 14:49:41,861 INFO  impl.FollowerState (FollowerState.java:run(106)) - c43c6941-c698-401b-8222-bca35851ed92:group-27D532FE74EA changes to CANDIDATE, lastRpcTime:5059, electionTimeout:5059ms
2019-08-20 14:49:41,861 INFO  impl.RoleInfo (RoleInfo.java:shutdownFollowerState(121)) - c43c6941-c698-401b-8222-bca35851ed92: shutdown FollowerState
2019-08-20 14:49:41,862 INFO  impl.RaftServerImpl (RaftServerImpl.java:setRole(171)) - c43c6941-c698-401b-8222-bca35851ed92:group-27D532FE74EA changes role from FOLLOWER to CANDIDATE at term 1 for changeToCandidate
2019-08-20 14:49:41,862 INFO  impl.RoleInfo (RoleInfo.java:updateAndGet(143)) - c43c6941-c698-401b-8222-bca35851ed92: start LeaderElection
2019-08-20 14:49:41,908 INFO  impl.FollowerState (FollowerState.java:run(106)) - d461666d-3393-4914-8f68-1e7af24d3b9e:group-27D532FE74EA changes to CANDIDATE, lastRpcTime:5106, electionTimeout:5106ms
2019-08-20 14:49:41,908 INFO  impl.RoleInfo (RoleInfo.java:shutdownFollowerState(121)) - d461666d-3393-4914-8f68-1e7af24d3b9e: shutdown FollowerState
2019-08-20 14:49:41,908 INFO  impl.RaftServerImpl (RaftServerImpl.java:setRole(171)) - d461666d-3393-4914-8f68-1e7af24d3b9e:group-27D532FE74EA changes role from FOLLOWER to CANDIDATE at term 1 for changeToCandidate
2019-08-20 14:49:41,909 INFO  impl.RoleInfo (RoleInfo.java:updateAndGet(143)) - d461666d-3393-4914-8f68-1e7af24d3b9e: start LeaderElection
2019-08-20 14:49:41,911 INFO  impl.FollowerState (FollowerState.java:run(106)) - b1b65029-3686-41d4-82ad-eecc9f790e57:group-AF9AC6819EEF changes to CANDIDATE, lastRpcTime:5110, electionTimeout:5110ms
2019-08-20 14:49:41,911 INFO  impl.RoleInfo (RoleInfo.java:shutdownFollowerState(121)) - b1b65029-3686-41d4-82ad-eecc9f790e57: shutdown FollowerState
2019-08-20 14:49:41,911 INFO  impl.RaftServerImpl (RaftServerImpl.java:setRole(171)) - b1b65029-3686-41d4-82ad-eecc9f790e57:group-AF9AC6819EEF changes role from FOLLOWER to CANDIDATE at term 1 for changeToCandidate
2019-08-20 14:49:41,911 INFO  impl.RoleInfo (RoleInfo.java:updateAndGet(143)) - b1b65029-3686-41d4-82ad-eecc9f790e57: start LeaderElection
2019-08-20 14:49:41,912 INFO  impl.FollowerState (FollowerState.java:run(106)) - 281a123a-c6ad-43f0-8a3c-4f445d6004a4:group-AF9AC6819EEF changes to CANDIDATE, lastRpcTime:5112, electionTimeout:5112ms
2019-08-20 14:49:41,912 INFO  impl.RoleInfo (RoleInfo.java:shutdownFollowerState(121)) - 281a123a-c6ad-43f0-8a3c-4f445d6004a4: shutdown FollowerState
2019-08-20 14:49:41,912 INFO  impl.RaftServerImpl (RaftServerImpl.java:setRole(171)) - 281a123a-c6ad-43f0-8a3c-4f445d6004a4:group-AF9AC6819EEF changes role from FOLLOWER to CANDIDATE at term 1 for changeToCandidate
2019-08-20 14:49:41,912 INFO  impl.RoleInfo (RoleInfo.java:updateAndGet(143)) - 281a123a-c6ad-43f0-8a3c-4f445d6004a4: start LeaderElection
2019-08-20 14:49:41,966 INFO  impl.FollowerState (FollowerState.java:run(106)) - c6f0101b-46e5-4976-8ccb-fb5bb5b8ac3c:group-27D532FE74EA changes to CANDIDATE, lastRpcTime:5164, electionTimeout:5164ms
2019-08-20 14:49:41,966 INFO  impl.RoleInfo (RoleInfo.java:shutdownFollowerState(121)) - c6f0101b-46e5-4976-8ccb-fb5bb5b8ac3c: shutdown FollowerState
2019-08-20 14:49:41,966 INFO  impl.RaftServerImpl (RaftServerImpl.java:setRole(171)) - c6f0101b-46e5-4976-8ccb-fb5bb5b8ac3c:group-27D532FE74EA changes role from FOLLOWER to CANDIDATE at term 1 for changeToCandidate
2019-08-20 14:49:41,966 INFO  impl.RoleInfo (RoleInfo.java:updateAndGet(143)) - c6f0101b-46e5-4976-8ccb-fb5bb5b8ac3c: start LeaderElection
2019-08-20 14:49:41,973 INFO  impl.LeaderElection (LeaderElection.java:askForVotes(181)) - 30be3dbe-c893-4b50-93b5-0dd56fab25fe:group-AF9AC6819EEF:LeaderElection108: begin an election at term 2 for -1: [b1b65029-3686-41d4-82ad-eecc9f790e57:192.168.36.107:45812, 281a123a-c6ad-43f0-8a3c-4f445d6004a4:192.168.36.107:36858, 30be3dbe-c893-4b50-93b5-0dd56fab25fe:192.168.36.107:33817], old=null
2019-08-20 14:49:41,973 INFO  impl.LeaderElection (LeaderElection.java:askForVotes(181)) - c43c6941-c698-401b-8222-bca35851ed92:group-27D532FE74EA:LeaderElection109: begin an election at term 2 for -1: [d461666d-3393-4914-8f68-1e7af24d3b9e:192.168.36.107:33334, c43c6941-c698-401b-8222-bca35851ed92:192.168.36.107:45103, c6f0101b-46e5-4976-8ccb-fb5bb5b8ac3c:192.168.36.107:45278], old=null
2019-08-20 14:49:41,975 INFO  impl.LeaderElection (LeaderElection.java:askForVotes(181)) - d461666d-3393-4914-8f68-1e7af24d3b9e:group-27D532FE74EA:LeaderElection110: begin an election at term 2 for -1: [d461666d-3393-4914-8f68-1e7af24d3b9e:192.168.36.107:33334, c43c6941-c698-401b-8222-bca35851ed92:192.168.36.107:45103, c6f0101b-46e5-4976-8ccb-fb5bb5b8ac3c:192.168.36.107:45278], old=null
2019-08-20 14:49:41,975 INFO  impl.LeaderElection (LeaderElection.java:askForVotes(181)) - b1b65029-3686-41d4-82ad-eecc9f790e57:group-AF9AC6819EEF:LeaderElection111: begin an election at term 2 for -1: [b1b65029-3686-41d4-82ad-eecc9f790e57:192.168.36.107:45812, 281a123a-c6ad-43f0-8a3c-4f445d6004a4:192.168.36.107:36858, 30be3dbe-c893-4b50-93b5-0dd56fab25fe:192.168.36.107:33817], old=null
2019-08-20 14:49:41,975 INFO  impl.LeaderElection (LeaderElection.java:askForVotes(181)) - 281a123a-c6ad-43f0-8a3c-4f445d6004a4:group-AF9AC6819EEF:LeaderElection112: begin an election at term 2 for -1: [b1b65029-3686-41d4-82ad-eecc9f790e57:192.168.36.107:45812, 281a123a-c6ad-43f0-8a3c-4f445d6004a4:192.168.36.107:36858, 30be3dbe-c893-4b50-93b5-0dd56fab25fe:192.168.36.107:33817], old=null
2019-08-20 14:49:41,977 INFO  impl.LeaderElection (LeaderElection.java:logAndReturn(56)) - 30be3dbe-c893-4b50-93b5-0dd56fab25fe:group-AF9AC6819EEF:LeaderElection108: Election REJECTED; received 2 response(s) [30be3dbe-c893-4b50-93b5-0dd56fab25fe<-b1b65029-3686-41d4-82ad-eecc9f790e57#0:FAIL-t2, 30be3dbe-c893-4b50-93b5-0dd56fab25fe<-281a123a-c6ad-43f0-8a3c-4f445d6004a4#0:FAIL-t2] and 0 exception(s); 30be3dbe-c893-4b50-93b5-0dd56fab25fe:t2, leader=null, voted=30be3dbe-c893-4b50-93b5-0dd56fab25fe, raftlog=30be3dbe-c893-4b50-93b5-0dd56fab25fe-SegmentedRaftLog:OPENED:c-1,f-1,i0, conf=-1: [b1b65029-3686-41d4-82ad-eecc9f790e57:192.168.36.107:45812, 281a123a-c6ad-43f0-8a3c-4f445d6004a4:192.168.36.107:36858, 30be3dbe-c893-4b50-93b5-0dd56fab25fe:192.168.36.107:33817], old=null
2019-08-20 14:49:41,977 INFO  impl.RaftServerImpl (RaftServerImpl.java:setRole(171)) - 30be3dbe-c893-4b50-93b5-0dd56fab25fe:group-AF9AC6819EEF changes role from CANDIDATE to FOLLOWER at term 2 for DISCOVERED_A_NEW_TERM
2019-08-20 14:49:41,978 INFO  impl.RoleInfo (RoleInfo.java:shutdownLeaderElection(134)) - 30be3dbe-c893-4b50-93b5-0dd56fab25fe: shutdown LeaderElection
2019-08-20 14:49:41,978 INFO  impl.RoleInfo (RoleInfo.java:updateAndGet(143)) - 30be3dbe-c893-4b50-93b5-0dd56fab25fe: start FollowerState
2019-08-20 14:49:41,978 INFO  impl.LeaderElection (LeaderElection.java:logAndReturn(56)) - b1b65029-3686-41d4-82ad-eecc9f790e57:group-AF9AC6819EEF:LeaderElection111: Election REJECTED; received 2 response(s) [b1b65029-3686-41d4-82ad-eecc9f790e57<-30be3dbe-c893-4b50-93b5-0dd56fab25fe#0:FAIL-t2, b1b65029-3686-41d4-82ad-eecc9f790e57<-281a123a-c6ad-43f0-8a3c-4f445d6004a4#0:FAIL-t2] and 0 exception(s); b1b65029-3686-41d4-82ad-eecc9f790e57:t2, leader=null, voted=b1b65029-3686-41d4-82ad-eecc9f790e57, raftlog=b1b65029-3686-41d4-82ad-eecc9f790e57-SegmentedRaftLog:OPENED:c-1,f-1,i0, conf=-1: [b1b65029-3686-41d4-82ad-eecc9f790e57:192.168.36.107:45812, 281a123a-c6ad-43f0-8a3c-4f445d6004a4:192.168.36.107:36858, 30be3dbe-c893-4b50-93b5-0dd56fab25fe:192.168.36.107:33817], old=null
2019-08-20 14:49:41,979 INFO  impl.RaftServerImpl (RaftServerImpl.java:setRole(171)) - b1b65029-3686-41d4-82ad-eecc9f790e57:group-AF9AC6819EEF changes role from CANDIDATE to FOLLOWER at term 2 for DISCOVERED_A_NEW_TERM
2019-08-20 14:49:41,979 INFO  impl.RoleInfo (RoleInfo.java:shutdownLeaderElection(134)) - b1b65029-3686-41d4-82ad-eecc9f790e57: shutdown LeaderElection
2019-08-20 14:49:41,979 INFO  impl.RoleInfo (RoleInfo.java:updateAndGet(143)) - b1b65029-3686-41d4-82ad-eecc9f790e57: start FollowerState
2019-08-20 14:49:41,979 INFO  impl.LeaderElection (LeaderElection.java:logAndReturn(56)) - 281a123a-c6ad-43f0-8a3c-4f445d6004a4:group-AF9AC6819EEF:LeaderElection112: Election REJECTED; received 2 response(s) [281a123a-c6ad-43f0-8a3c-4f445d6004a4<-b1b65029-3686-41d4-82ad-eecc9f790e57#0:FAIL-t2, 281a123a-c6ad-43f0-8a3c-4f445d6004a4<-30be3dbe-c893-4b50-93b5-0dd56fab25fe#0:FAIL-t2] and 0 exception(s); 281a123a-c6ad-43f0-8a3c-4f445d6004a4:t2, leader=null, voted=281a123a-c6ad-43f0-8a3c-4f445d6004a4, raftlog=281a123a-c6ad-43f0-8a3c-4f445d6004a4-SegmentedRaftLog:OPENED:c-1,f-1,i0, conf=-1: [b1b65029-3686-41d4-82ad-eecc9f790e57:192.168.36.107:45812, 281a123a-c6ad-43f0-8a3c-4f445d6004a4:192.168.36.107:36858, 30be3dbe-c893-4b50-93b5-0dd56fab25fe:192.168.36.107:33817], old=null
2019-08-20 14:49:41,979 INFO  impl.RaftServerImpl (RaftServerImpl.java:setRole(171)) - 281a123a-c6ad-43f0-8a3c-4f445d6004a4:group-AF9AC6819EEF changes role from CANDIDATE to FOLLOWER at term 2 for DISCOVERED_A_NEW_TERM
2019-08-20 14:49:41,979 INFO  impl.RoleInfo (RoleInfo.java:shutdownLeaderElection(134)) - 281a123a-c6ad-43f0-8a3c-4f445d6004a4: shutdown LeaderElection
2019-08-20 14:49:41,980 INFO  impl.RoleInfo (RoleInfo.java:updateAndGet(143)) - 281a123a-c6ad-43f0-8a3c-4f445d6004a4: start FollowerState
2019-08-20 14:49:41,995 INFO  impl.LeaderElection (LeaderElection.java:askForVotes(181)) - c6f0101b-46e5-4976-8ccb-fb5bb5b8ac3c:group-27D532FE74EA:LeaderElection113: begin an election at term 2 for -1: [d461666d-3393-4914-8f68-1e7af24d3b9e:192.168.36.107:33334, c43c6941-c698-401b-8222-bca35851ed92:192.168.36.107:45103, c6f0101b-46e5-4976-8ccb-fb5bb5b8ac3c:192.168.36.107:45278], old=null
2019-08-20 14:49:41,997 INFO  impl.LeaderElection (LeaderElection.java:logAndReturn(56)) - c43c6941-c698-401b-8222-bca35851ed92:group-27D532FE74EA:LeaderElection109: Election REJECTED; received 2 response(s) [c43c6941-c698-401b-8222-bca35851ed92<-d461666d-3393-4914-8f68-1e7af24d3b9e#0:FAIL-t2, c43c6941-c698-401b-8222-bca35851ed92<-c6f0101b-46e5-4976-8ccb-fb5bb5b8ac3c#0:FAIL-t2] and 0 exception(s); c43c6941-c698-401b-8222-bca35851ed92:t2, leader=null, voted=c43c6941-c698-401b-8222-bca35851ed92, raftlog=c43c6941-c698-401b-8222-bca35851ed92-SegmentedRaftLog:OPENED:c-1,f-1,i0, conf=-1: [d461666d-3393-4914-8f68-1e7af24d3b9e:192.168.36.107:33334, c43c6941-c698-401b-8222-bca35851ed92:192.168.36.107:45103, c6f0101b-46e5-4976-8ccb-fb5bb5b8ac3c:192.168.36.107:45278], old=null
2019-08-20 14:49:41,997 INFO  impl.LeaderElection (LeaderElection.java:logAndReturn(56)) - d461666d-3393-4914-8f68-1e7af24d3b9e:group-27D532FE74EA:LeaderElection110: Election REJECTED; received 2 response(s) [d461666d-3393-4914-8f68-1e7af24d3b9e<-c43c6941-c698-401b-8222-bca35851ed92#0:FAIL-t2, d461666d-3393-4914-8f68-1e7af24d3b9e<-c6f0101b-46e5-4976-8ccb-fb5bb5b8ac3c#0:FAIL-t2] and 0 exception(s); d461666d-3393-4914-8f68-1e7af24d3b9e:t2, leader=null, voted=d461666d-3393-4914-8f68-1e7af24d3b9e, raftlog=d461666d-3393-4914-8f68-1e7af24d3b9e-SegmentedRaftLog:OPENED:c-1,f-1,i0, conf=-1: [d461666d-3393-4914-8f68-1e7af24d3b9e:192.168.36.107:33334, c43c6941-c698-401b-8222-bca35851ed92:192.168.36.107:45103, c6f0101b-46e5-4976-8ccb-fb5bb5b8ac3c:192.168.36.107:45278], old=null
2019-08-20 14:49:41,997 INFO  impl.RaftServerImpl (RaftServerImpl.java:setRole(171)) - c43c6941-c698-401b-8222-bca35851ed92:group-27D532FE74EA changes role from CANDIDATE to FOLLOWER at term 2 for DISCOVERED_A_NEW_TERM
2019-08-20 14:49:41,997 INFO  impl.RaftServerImpl (RaftServerImpl.java:setRole(171)) - d461666d-3393-4914-8f68-1e7af24d3b9e:group-27D532FE74EA changes role from CANDIDATE to FOLLOWER at term 2 for DISCOVERED_A_NEW_TERM
2019-08-20 14:49:41,998 INFO  impl.RoleInfo (RoleInfo.java:shutdownLeaderElection(134)) - c43c6941-c698-401b-8222-bca35851ed92: shutdown LeaderElection
2019-08-20 14:49:41,998 INFO  impl.RoleInfo (RoleInfo.java:shutdownLeaderElection(134)) - d461666d-3393-4914-8f68-1e7af24d3b9e: shutdown LeaderElection
2019-08-20 14:49:41,998 INFO  impl.RoleInfo (RoleInfo.java:updateAndGet(143)) - c43c6941-c698-401b-8222-bca35851ed92: start FollowerState
2019-08-20 14:49:41,998 INFO  impl.RoleInfo (RoleInfo.java:updateAndGet(143)) - d461666d-3393-4914-8f68-1e7af24d3b9e: start FollowerState
2019-08-20 14:49:41,999 INFO  impl.LeaderElection (LeaderElection.java:logAndReturn(56)) - c6f0101b-46e5-4976-8ccb-fb5bb5b8ac3c:group-27D532FE74EA:LeaderElection113: Election REJECTED; received 2 response(s) [c6f0101b-46e5-4976-8ccb-fb5bb5b8ac3c<-d461666d-3393-4914-8f68-1e7af24d3b9e#0:FAIL-t2, c6f0101b-46e5-4976-8ccb-fb5bb5b8ac3c<-c43c6941-c698-401b-8222-bca35851ed92#0:FAIL-t2] and 0 exception(s); c6f0101b-46e5-4976-8ccb-fb5bb5b8ac3c:t2, leader=null, voted=c6f0101b-46e5-4976-8ccb-fb5bb5b8ac3c, raftlog=c6f0101b-46e5-4976-8ccb-fb5bb5b8ac3c-SegmentedRaftLog:OPENED:c-1,f-1,i0, conf=-1: [d461666d-3393-4914-8f68-1e7af24d3b9e:192.168.36.107:33334, c43c6941-c698-401b-8222-bca35851ed92:192.168.36.107:45103, c6f0101b-46e5-4976-8ccb-fb5bb5b8ac3c:192.168.36.107:45278], old=null
2019-08-20 14:49:41,999 INFO  impl.RaftServerImpl (RaftServerImpl.java:setRole(171)) - c6f0101b-46e5-4976-8ccb-fb5bb5b8ac3c:group-27D532FE74EA changes role from CANDIDATE to FOLLOWER at term 2 for DISCOVERED_A_NEW_TERM
2019-08-20 14:49:42,000 INFO  impl.RoleInfo (RoleInfo.java:shutdownLeaderElection(134)) - c6f0101b-46e5-4976-8ccb-fb5bb5b8ac3c: shutdown LeaderElection
2019-08-20 14:49:42,000 INFO  impl.RoleInfo (RoleInfo.java:updateAndGet(143)) - c6f0101b-46e5-4976-8ccb-fb5bb5b8ac3c: start FollowerState
2019-08-20 14:49:42,429 INFO  client.GrpcClientProtocolClient (GrpcClientProtocolClient.java:onNext(255)) - client-75AE75CE91DE->30be3dbe-c893-4b50-93b5-0dd56fab25fe: receive RaftClientReply:client-75AE75CE91DE->30be3dbe-c893-4b50-93b5-0dd56fab25fe@group-AF9AC6819EEF, cid=101, FAILED org.apache.ratis.protocol.NotLeaderException: Server 30be3dbe-c893-4b50-93b5-0dd56fab25fe is not the leader (null). Request must be sent to leader., logIndex=0, commits[30be3dbe-c893-4b50-93b5-0dd56fab25fe:c-1]
2019-08-20 14:49:43,442 INFO  client.GrpcClientProtocolClient (GrpcClientProtocolClient.java:onNext(255)) - client-75AE75CE91DE->281a123a-c6ad-43f0-8a3c-4f445d6004a4: receive RaftClientReply:client-75AE75CE91DE->281a123a-c6ad-43f0-8a3c-4f445d6004a4@group-AF9AC6819EEF, cid=101, FAILED org.apache.ratis.protocol.NotLeaderException: Server 281a123a-c6ad-43f0-8a3c-4f445d6004a4 is not the leader (null). Request must be sent to leader., logIndex=0, commits[281a123a-c6ad-43f0-8a3c-4f445d6004a4:c-1]
2019-08-20 14:49:44,453 INFO  client.GrpcClientProtocolClient (GrpcClientProtocolClient.java:onNext(255)) - client-75AE75CE91DE->30be3dbe-c893-4b50-93b5-0dd56fab25fe: receive RaftClientReply:client-75AE75CE91DE->30be3dbe-c893-4b50-93b5-0dd56fab25fe@group-AF9AC6819EEF, cid=101, FAILED org.apache.ratis.protocol.NotLeaderException: Server 30be3dbe-c893-4b50-93b5-0dd56fab25fe is not the leader (null). Request must be sent to leader., logIndex=0, commits[30be3dbe-c893-4b50-93b5-0dd56fab25fe:c-1]
2019-08-20 14:49:45,463 INFO  client.GrpcClientProtocolClient (GrpcClientProtocolClient.java:onNext(255)) - client-75AE75CE91DE->b1b65029-3686-41d4-82ad-eecc9f790e57: receive RaftClientReply:client-75AE75CE91DE->b1b65029-3686-41d4-82ad-eecc9f790e57@group-AF9AC6819EEF, cid=101, FAILED org.apache.ratis.protocol.NotLeaderException: Server b1b65029-3686-41d4-82ad-eecc9f790e57 is not the leader (null). Request must be sent to leader., logIndex=0, commits[b1b65029-3686-41d4-82ad-eecc9f790e57:c-1]
2019-08-20 14:49:46,474 INFO  client.GrpcClientProtocolClient (GrpcClientProtocolClient.java:onNext(255)) - client-75AE75CE91DE->30be3dbe-c893-4b50-93b5-0dd56fab25fe: receive RaftClientReply:client-75AE75CE91DE->30be3dbe-c893-4b50-93b5-0dd56fab25fe@group-AF9AC6819EEF, cid=101, FAILED org.apache.ratis.protocol.NotLeaderException: Server 30be3dbe-c893-4b50-93b5-0dd56fab25fe is not the leader (null). Request must be sent to leader., logIndex=0, commits[30be3dbe-c893-4b50-93b5-0dd56fab25fe:c-1]
2019-08-20 14:49:46,980 INFO  impl.FollowerState (FollowerState.java:run(106)) - 30be3dbe-c893-4b50-93b5-0dd56fab25fe:group-AF9AC6819EEF changes to CANDIDATE, lastRpcTime:5002, electionTimeout:5002ms
2019-08-20 14:49:46,980 INFO  impl.RoleInfo (RoleInfo.java:shutdownFollowerState(121)) - 30be3dbe-c893-4b50-93b5-0dd56fab25fe: shutdown FollowerState
2019-08-20 14:49:46,980 INFO  impl.RaftServerImpl (RaftServerImpl.java:setRole(171)) - 30be3dbe-c893-4b50-93b5-0dd56fab25fe:group-AF9AC6819EEF changes role from FOLLOWER to CANDIDATE at term 2 for changeToCandidate
2019-08-20 14:49:46,981 INFO  impl.RoleInfo (RoleInfo.java:updateAndGet(143)) - 30be3dbe-c893-4b50-93b5-0dd56fab25fe: start LeaderElection
2019-08-20 14:49:47,005 INFO  impl.LeaderElection (LeaderElection.java:askForVotes(181)) - 30be3dbe-c893-4b50-93b5-0dd56fab25fe:group-AF9AC6819EEF:LeaderElection114: begin an election at term 3 for -1: [b1b65029-3686-41d4-82ad-eecc9f790e57:192.168.36.107:45812, 281a123a-c6ad-43f0-8a3c-4f445d6004a4:192.168.36.107:36858, 30be3dbe-c893-4b50-93b5-0dd56fab25fe:192.168.36.107:33817], old=null
2019-08-20 14:49:47,009 INFO  impl.RaftServerImpl (RaftServerImpl.java:setRole(171)) - b1b65029-3686-41d4-82ad-eecc9f790e57:group-AF9AC6819EEF changes role from FOLLOWER to FOLLOWER at term 3 for recognizeCandidate:30be3dbe-c893-4b50-93b5-0dd56fab25fe
2019-08-20 14:49:47,010 INFO  impl.RoleInfo (RoleInfo.java:shutdownFollowerState(121)) - b1b65029-3686-41d4-82ad-eecc9f790e57: shutdown FollowerState
2019-08-20 14:49:47,010 INFO  impl.RoleInfo (RoleInfo.java:updateAndGet(143)) - b1b65029-3686-41d4-82ad-eecc9f790e57: start FollowerState
2019-08-20 14:49:47,010 INFO  impl.RaftServerImpl (RaftServerImpl.java:setRole(171)) - 281a123a-c6ad-43f0-8a3c-4f445d6004a4:group-AF9AC6819EEF changes role from FOLLOWER to FOLLOWER at term 3 for recognizeCandidate:30be3dbe-c893-4b50-93b5-0dd56fab25fe
2019-08-20 14:49:47,010 INFO  impl.FollowerState (FollowerState.java:run(114)) - b1b65029-3686-41d4-82ad-eecc9f790e57: FollowerState was interrupted: java.lang.InterruptedException: sleep interrupted
2019-08-20 14:49:47,010 INFO  impl.RoleInfo (RoleInfo.java:shutdownFollowerState(121)) - 281a123a-c6ad-43f0-8a3c-4f445d6004a4: shutdown FollowerState
2019-08-20 14:49:47,011 INFO  impl.RoleInfo (RoleInfo.java:updateAndGet(143)) - 281a123a-c6ad-43f0-8a3c-4f445d6004a4: start FollowerState
2019-08-20 14:49:47,011 INFO  impl.FollowerState (FollowerState.java:run(114)) - 281a123a-c6ad-43f0-8a3c-4f445d6004a4: FollowerState was interrupted: java.lang.InterruptedException: sleep interrupted
2019-08-20 14:49:47,035 INFO  impl.LeaderElection (LeaderElection.java:logAndReturn(56)) - 30be3dbe-c893-4b50-93b5-0dd56fab25fe:group-AF9AC6819EEF:LeaderElection114: Election PASSED; received 1 response(s) [30be3dbe-c893-4b50-93b5-0dd56fab25fe<-b1b65029-3686-41d4-82ad-eecc9f790e57#0:OK-t3] and 0 exception(s); 30be3dbe-c893-4b50-93b5-0dd56fab25fe:t3, leader=null, voted=30be3dbe-c893-4b50-93b5-0dd56fab25fe, raftlog=30be3dbe-c893-4b50-93b5-0dd56fab25fe-SegmentedRaftLog:OPENED:c-1,f-1,i0, conf=-1: [b1b65029-3686-41d4-82ad-eecc9f790e57:192.168.36.107:45812, 281a123a-c6ad-43f0-8a3c-4f445d6004a4:192.168.36.107:36858, 30be3dbe-c893-4b50-93b5-0dd56fab25fe:192.168.36.107:33817], old=null
2019-08-20 14:49:47,035 INFO  impl.RoleInfo (RoleInfo.java:shutdownLeaderElection(134)) - 30be3dbe-c893-4b50-93b5-0dd56fab25fe: shutdown LeaderElection
2019-08-20 14:49:47,035 INFO  impl.RaftServerImpl (RaftServerImpl.java:setRole(171)) - 30be3dbe-c893-4b50-93b5-0dd56fab25fe:group-AF9AC6819EEF changes role from CANDIDATE to LEADER at term 3 for changeToLeader
2019-08-20 14:49:47,035 INFO  impl.RaftServerImpl (ServerState.java:setLeader(263)) - 30be3dbe-c893-4b50-93b5-0dd56fab25fe:group-AF9AC6819EEF change Leader from null to 30be3dbe-c893-4b50-93b5-0dd56fab25fe at term 3 for becomeLeader, leader elected after 19164ms
2019-08-20 14:49:47,035 INFO  server.RaftServerConfigKeys (ConfUtils.java:logGet(43)) - raft.server.staging.catchup.gap = 1000 (default)
2019-08-20 14:49:47,035 INFO  server.RaftServerConfigKeys (ConfUtils.java:logGet(43)) - raft.server.rpc.sleep.time = 25ms (default)
2019-08-20 14:49:47,036 INFO  server.RaftServerConfigKeys (ConfUtils.java:logGet(43)) - raft.server.write.element-limit = 4096 (default)
2019-08-20 14:49:47,036 INFO  server.RaftServerConfigKeys (ConfUtils.java:logGet(43)) - raft.server.watch.timeout = 10s (default)
2019-08-20 14:49:47,036 INFO  server.RaftServerConfigKeys (ConfUtils.java:logGet(43)) - raft.server.watch.timeout.denomination = 1s (default)
2019-08-20 14:49:47,036 INFO  server.RaftServerConfigKeys (ConfUtils.java:logGet(43)) - raft.server.watch.element-limit = 65536 (default)
2019-08-20 14:49:47,036 INFO  server.RaftServerConfigKeys (ConfUtils.java:logGet(43)) - raft.server.log.appender.snapshot.chunk.size.max = 16MB (=16777216) (default)
2019-08-20 14:49:47,036 INFO  server.RaftServerConfigKeys (ConfUtils.java:logGet(43)) - raft.server.log.appender.buffer.byte-limit = 33554432 (custom)
2019-08-20 14:49:47,037 INFO  server.RaftServerConfigKeys (ConfUtils.java:logGet(43)) - raft.server.log.appender.buffer.element-limit = 1 (custom)
2019-08-20 14:49:47,037 INFO  grpc.GrpcConfigKeys$Server (ConfUtils.java:logGet(43)) - raft.grpc.server.leader.outstanding.appends.max = 128 (default)
2019-08-20 14:49:47,037 INFO  server.RaftServerConfigKeys (ConfUtils.java:logGet(43)) - raft.server.rpc.request.timeout = 3000ms (default)
2019-08-20 14:49:47,037 INFO  server.RaftServerConfigKeys (ConfUtils.java:logGet(43)) - raft.server.log.appender.install.snapshot.enabled = false (custom)
2019-08-20 14:49:47,037 INFO  server.RaftServerConfigKeys (ConfUtils.java:logGet(43)) - raft.server.log.appender.snapshot.chunk.size.max = 16MB (=16777216) (default)
2019-08-20 14:49:47,037 INFO  server.RaftServerConfigKeys (ConfUtils.java:logGet(43)) - raft.server.log.appender.buffer.byte-limit = 33554432 (custom)
2019-08-20 14:49:47,038 INFO  server.RaftServerConfigKeys (ConfUtils.java:logGet(43)) - raft.server.log.appender.buffer.element-limit = 1 (custom)
2019-08-20 14:49:47,038 INFO  grpc.GrpcConfigKeys$Server (ConfUtils.java:logGet(43)) - raft.grpc.server.leader.outstanding.appends.max = 128 (default)
2019-08-20 14:49:47,038 INFO  server.RaftServerConfigKeys (ConfUtils.java:logGet(43)) - raft.server.rpc.request.timeout = 3000ms (default)
2019-08-20 14:49:47,038 INFO  server.RaftServerConfigKeys (ConfUtils.java:logGet(43)) - raft.server.log.appender.install.snapshot.enabled = false (custom)
2019-08-20 14:49:47,038 INFO  impl.RoleInfo (RoleInfo.java:updateAndGet(143)) - 30be3dbe-c893-4b50-93b5-0dd56fab25fe: start LeaderState
2019-08-20 14:49:47,039 INFO  segmented.SegmentedRaftLogWorker (SegmentedRaftLogWorker.java:startLogSegment(380)) - 30be3dbe-c893-4b50-93b5-0dd56fab25fe-SegmentedRaftLogWorker:Storage Directory /workdir/hadoop-ozone/integration-test/target/test-dir/MiniOzoneClusterImpl-f1369eb2-7165-4223-a2a5-28cf637499e7/datanode-4/data/ratis/6ad6b28a-8487-41b7-854d-af9ac6819eef: Starting segment from index:0
2019-08-20 14:49:47,039 INFO  impl.RaftServerImpl (ServerState.java:setRaftConf(361)) - 30be3dbe-c893-4b50-93b5-0dd56fab25fe:group-AF9AC6819EEF set configuration 0: [b1b65029-3686-41d4-82ad-eecc9f790e57:192.168.36.107:45812, 281a123a-c6ad-43f0-8a3c-4f445d6004a4:192.168.36.107:36858, 30be3dbe-c893-4b50-93b5-0dd56fab25fe:192.168.36.107:33817], old=null at 0
2019-08-20 14:49:47,073 INFO  impl.FollowerState (FollowerState.java:run(106)) - d461666d-3393-4914-8f68-1e7af24d3b9e:group-27D532FE74EA changes to CANDIDATE, lastRpcTime:5074, electionTimeout:5053ms
2019-08-20 14:49:47,073 INFO  impl.RoleInfo (RoleInfo.java:shutdownFollowerState(121)) - d461666d-3393-4914-8f68-1e7af24d3b9e: shutdown FollowerState
2019-08-20 14:49:47,073 INFO  impl.RaftServerImpl (RaftServerImpl.java:setRole(171)) - d461666d-3393-4914-8f68-1e7af24d3b9e:group-27D532FE74EA changes role from FOLLOWER to CANDIDATE at term 2 for changeToCandidate
2019-08-20 14:49:47,073 INFO  impl.RoleInfo (RoleInfo.java:updateAndGet(143)) - d461666d-3393-4914-8f68-1e7af24d3b9e: start LeaderElection
2019-08-20 14:49:47,074 INFO  impl.RaftServerImpl (ServerState.java:setLeader(263)) - b1b65029-3686-41d4-82ad-eecc9f790e57:group-AF9AC6819EEF change Leader from null to 30be3dbe-c893-4b50-93b5-0dd56fab25fe at term 3 for appendEntries, leader elected after 19203ms
2019-08-20 14:49:47,074 INFO  impl.RaftServerImpl (ServerState.java:setLeader(263)) - 281a123a-c6ad-43f0-8a3c-4f445d6004a4:group-AF9AC6819EEF change Leader from null to 30be3dbe-c893-4b50-93b5-0dd56fab25fe at term 3 for appendEntries, leader elected after 19203ms
2019-08-20 14:49:47,076 INFO  impl.RaftServerImpl (ServerState.java:setRaftConf(361)) - 281a123a-c6ad-43f0-8a3c-4f445d6004a4:group-AF9AC6819EEF set configuration 0: [b1b65029-3686-41d4-82ad-eecc9f790e57:192.168.36.107:45812, 281a123a-c6ad-43f0-8a3c-4f445d6004a4:192.168.36.107:36858, 30be3dbe-c893-4b50-93b5-0dd56fab25fe:192.168.36.107:33817], old=null at 0
2019-08-20 14:49:47,076 INFO  impl.RaftServerImpl (ServerState.java:setRaftConf(361)) - b1b65029-3686-41d4-82ad-eecc9f790e57:group-AF9AC6819EEF set configuration 0: [b1b65029-3686-41d4-82ad-eecc9f790e57:192.168.36.107:45812, 281a123a-c6ad-43f0-8a3c-4f445d6004a4:192.168.36.107:36858, 30be3dbe-c893-4b50-93b5-0dd56fab25fe:192.168.36.107:33817], old=null at 0
2019-08-20 14:49:47,076 INFO  segmented.SegmentedRaftLogWorker (SegmentedRaftLogWorker.java:startLogSegment(380)) - 281a123a-c6ad-43f0-8a3c-4f445d6004a4-SegmentedRaftLogWorker:Storage Directory /workdir/hadoop-ozone/integration-test/target/test-dir/MiniOzoneClusterImpl-f1369eb2-7165-4223-a2a5-28cf637499e7/datanode-1/data/ratis/6ad6b28a-8487-41b7-854d-af9ac6819eef: Starting segment from index:0
2019-08-20 14:49:47,076 INFO  segmented.SegmentedRaftLogWorker (SegmentedRaftLogWorker.java:startLogSegment(380)) - b1b65029-3686-41d4-82ad-eecc9f790e57-SegmentedRaftLogWorker:Storage Directory /workdir/hadoop-ozone/integration-test/target/test-dir/MiniOzoneClusterImpl-f1369eb2-7165-4223-a2a5-28cf637499e7/datanode-0/data/ratis/6ad6b28a-8487-41b7-854d-af9ac6819eef: Starting segment from index:0
2019-08-20 14:49:47,095 INFO  segmented.SegmentedRaftLogWorker (SegmentedRaftLogWorker.java:execute(569)) - 30be3dbe-c893-4b50-93b5-0dd56fab25fe-SegmentedRaftLogWorker:Storage Directory /workdir/hadoop-ozone/integration-test/target/test-dir/MiniOzoneClusterImpl-f1369eb2-7165-4223-a2a5-28cf637499e7/datanode-4/data/ratis/6ad6b28a-8487-41b7-854d-af9ac6819eef: created new log segment /workdir/hadoop-ozone/integration-test/target/test-dir/MiniOzoneClusterImpl-f1369eb2-7165-4223-a2a5-28cf637499e7/datanode-4/data/ratis/6ad6b28a-8487-41b7-854d-af9ac6819eef/current/log_inprogress_0
2019-08-20 14:49:47,095 INFO  impl.LeaderElection (LeaderElection.java:askForVotes(181)) - d461666d-3393-4914-8f68-1e7af24d3b9e:group-27D532FE74EA:LeaderElection115: begin an election at term 3 for -1: [d461666d-3393-4914-8f68-1e7af24d3b9e:192.168.36.107:33334, c43c6941-c698-401b-8222-bca35851ed92:192.168.36.107:45103, c6f0101b-46e5-4976-8ccb-fb5bb5b8ac3c:192.168.36.107:45278], old=null
2019-08-20 14:49:47,097 INFO  impl.RaftServerImpl (RaftServerImpl.java:setRole(171)) - c43c6941-c698-401b-8222-bca35851ed92:group-27D532FE74EA changes role from FOLLOWER to FOLLOWER at term 3 for recognizeCandidate:d461666d-3393-4914-8f68-1e7af24d3b9e
2019-08-20 14:49:47,097 INFO  impl.RaftServerImpl (RaftServerImpl.java:setRole(171)) - c6f0101b-46e5-4976-8ccb-fb5bb5b8ac3c:group-27D532FE74EA changes role from FOLLOWER to FOLLOWER at term 3 for recognizeCandidate:d461666d-3393-4914-8f68-1e7af24d3b9e
2019-08-20 14:49:47,097 INFO  impl.RoleInfo (RoleInfo.java:shutdownFollowerState(121)) - c43c6941-c698-401b-8222-bca35851ed92: shutdown FollowerState
2019-08-20 14:49:47,097 INFO  impl.RoleInfo (RoleInfo.java:shutdownFollowerState(121)) - c6f0101b-46e5-4976-8ccb-fb5bb5b8ac3c: shutdown FollowerState
2019-08-20 14:49:47,097 INFO  impl.RoleInfo (RoleInfo.java:updateAndGet(143)) - c43c6941-c698-401b-8222-bca35851ed92: start FollowerState
2019-08-20 14:49:47,098 INFO  impl.RoleInfo (RoleInfo.java:updateAndGet(143)) - c6f0101b-46e5-4976-8ccb-fb5bb5b8ac3c: start FollowerState
2019-08-20 14:49:47,098 INFO  impl.FollowerState (FollowerState.java:run(114)) - c43c6941-c698-401b-8222-bca35851ed92: FollowerState was interrupted: java.lang.InterruptedException: sleep interrupted
2019-08-20 14:49:47,098 INFO  impl.FollowerState (FollowerState.java:run(114)) - c6f0101b-46e5-4976-8ccb-fb5bb5b8ac3c: FollowerState was interrupted: java.lang.InterruptedException: sleep interrupted
2019-08-20 14:49:47,119 INFO  segmented.SegmentedRaftLogWorker (SegmentedRaftLogWorker.java:execute(569)) - b1b65029-3686-41d4-82ad-eecc9f790e57-SegmentedRaftLogWorker:Storage Directory /workdir/hadoop-ozone/integration-test/target/test-dir/MiniOzoneClusterImpl-f1369eb2-7165-4223-a2a5-28cf637499e7/datanode-0/data/ratis/6ad6b28a-8487-41b7-854d-af9ac6819eef: created new log segment /workdir/hadoop-ozone/integration-test/target/test-dir/MiniOzoneClusterImpl-f1369eb2-7165-4223-a2a5-28cf637499e7/datanode-0/data/ratis/6ad6b28a-8487-41b7-854d-af9ac6819eef/current/log_inprogress_0
2019-08-20 14:49:47,120 INFO  impl.LeaderElection (LeaderElection.java:logAndReturn(56)) - d461666d-3393-4914-8f68-1e7af24d3b9e:group-27D532FE74EA:LeaderElection115: Election PASSED; received 1 response(s) [d461666d-3393-4914-8f68-1e7af24d3b9e<-c43c6941-c698-401b-8222-bca35851ed92#0:OK-t3] and 0 exception(s); d461666d-3393-4914-8f68-1e7af24d3b9e:t3, leader=null, voted=d461666d-3393-4914-8f68-1e7af24d3b9e, raftlog=d461666d-3393-4914-8f68-1e7af24d3b9e-SegmentedRaftLog:OPENED:c-1,f-1,i0, conf=-1: [d461666d-3393-4914-8f68-1e7af24d3b9e:192.168.36.107:33334, c43c6941-c698-401b-8222-bca35851ed92:192.168.36.107:45103, c6f0101b-46e5-4976-8ccb-fb5bb5b8ac3c:192.168.36.107:45278], old=null
2019-08-20 14:49:47,121 INFO  impl.RoleInfo (RoleInfo.java:shutdownLeaderElection(134)) - d461666d-3393-4914-8f68-1e7af24d3b9e: shutdown LeaderElection
2019-08-20 14:49:47,123 INFO  impl.RaftServerImpl (RaftServerImpl.java:setRole(171)) - d461666d-3393-4914-8f68-1e7af24d3b9e:group-27D532FE74EA changes role from CANDIDATE to LEADER at term 3 for changeToLeader
2019-08-20 14:49:47,124 INFO  impl.RaftServerImpl (ServerState.java:setLeader(263)) - d461666d-3393-4914-8f68-1e7af24d3b9e:group-27D532FE74EA change Leader from null to d461666d-3393-4914-8f68-1e7af24d3b9e at term 3 for becomeLeader, leader elected after 19176ms
2019-08-20 14:49:47,124 INFO  server.RaftServerConfigKeys (ConfUtils.java:logGet(43)) - raft.server.staging.catchup.gap = 1000 (default)
2019-08-20 14:49:47,124 INFO  server.RaftServerConfigKeys (ConfUtils.java:logGet(43)) - raft.server.rpc.sleep.time = 25ms (default)
2019-08-20 14:49:47,124 INFO  server.RaftServerConfigKeys (ConfUtils.java:logGet(43)) - raft.server.write.element-limit = 4096 (default)
2019-08-20 14:49:47,124 INFO  server.RaftServerConfigKeys (ConfUtils.java:logGet(43)) - raft.server.watch.timeout = 10s (default)
2019-08-20 14:49:47,125 INFO  server.RaftServerConfigKeys (ConfUtils.java:logGet(43)) - raft.server.watch.timeout.denomination = 1s (default)
2019-08-20 14:49:47,125 INFO  server.RaftServerConfigKeys (ConfUtils.java:logGet(43)) - raft.server.watch.element-limit = 65536 (default)
2019-08-20 14:49:47,125 INFO  server.RaftServerConfigKeys (ConfUtils.java:logGet(43)) - raft.server.log.appender.snapshot.chunk.size.max = 16MB (=16777216) (default)
2019-08-20 14:49:47,125 INFO  server.RaftServerConfigKeys (ConfUtils.java:logGet(43)) - raft.server.log.appender.buffer.byte-limit = 33554432 (custom)
2019-08-20 14:49:47,125 INFO  server.RaftServerConfigKeys (ConfUtils.java:logGet(43)) - raft.server.log.appender.buffer.element-limit = 1 (custom)
2019-08-20 14:49:47,126 INFO  grpc.GrpcConfigKeys$Server (ConfUtils.java:logGet(43)) - raft.grpc.server.leader.outstanding.appends.max = 128 (default)
2019-08-20 14:49:47,126 INFO  server.RaftServerConfigKeys (ConfUtils.java:logGet(43)) - raft.server.rpc.request.timeout = 3000ms (default)
2019-08-20 14:49:47,126 INFO  server.RaftServerConfigKeys (ConfUtils.java:logGet(43)) - raft.server.log.appender.install.snapshot.enabled = false (custom)
2019-08-20 14:49:47,126 INFO  server.RaftServerConfigKeys (ConfUtils.java:logGet(43)) - raft.server.log.appender.snapshot.chunk.size.max = 16MB (=16777216) (default)
2019-08-20 14:49:47,126 INFO  server.RaftServerConfigKeys (ConfUtils.java:logGet(43)) - raft.server.log.appender.buffer.byte-limit = 33554432 (custom)
2019-08-20 14:49:47,126 INFO  server.RaftServerConfigKeys (ConfUtils.java:logGet(43)) - raft.server.log.appender.buffer.element-limit = 1 (custom)
2019-08-20 14:49:47,127 INFO  grpc.GrpcConfigKeys$Server (ConfUtils.java:logGet(43)) - raft.grpc.server.leader.outstanding.appends.max = 128 (default)
2019-08-20 14:49:47,127 INFO  server.RaftServerConfigKeys (ConfUtils.java:logGet(43)) - raft.server.rpc.request.timeout = 3000ms (default)
2019-08-20 14:49:47,127 INFO  server.RaftServerConfigKeys (ConfUtils.java:logGet(43)) - raft.server.log.appender.install.snapshot.enabled = false (custom)
2019-08-20 14:49:47,127 INFO  impl.RoleInfo (RoleInfo.java:updateAndGet(143)) - d461666d-3393-4914-8f68-1e7af24d3b9e: start LeaderState
2019-08-20 14:49:47,127 INFO  segmented.SegmentedRaftLogWorker (SegmentedRaftLogWorker.java:startLogSegment(380)) - d461666d-3393-4914-8f68-1e7af24d3b9e-SegmentedRaftLogWorker:Storage Directory /workdir/hadoop-ozone/integration-test/target/test-dir/MiniOzoneClusterImpl-f1369eb2-7165-4223-a2a5-28cf637499e7/datanode-5/data/ratis/1eb4a5da-195d-4ccb-86e5-27d532fe74ea: Starting segment from index:0
2019-08-20 14:49:47,128 INFO  impl.RaftServerImpl (ServerState.java:setRaftConf(361)) - d461666d-3393-4914-8f68-1e7af24d3b9e:group-27D532FE74EA set configuration 0: [d461666d-3393-4914-8f68-1e7af24d3b9e:192.168.36.107:33334, c43c6941-c698-401b-8222-bca35851ed92:192.168.36.107:45103, c6f0101b-46e5-4976-8ccb-fb5bb5b8ac3c:192.168.36.107:45278], old=null at 0
2019-08-20 14:49:47,165 INFO  segmented.SegmentedRaftLogWorker (SegmentedRaftLogWorker.java:execute(569)) - 281a123a-c6ad-43f0-8a3c-4f445d6004a4-SegmentedRaftLogWorker:Storage Directory /workdir/hadoop-ozone/integration-test/target/test-dir/MiniOzoneClusterImpl-f1369eb2-7165-4223-a2a5-28cf637499e7/datanode-1/data/ratis/6ad6b28a-8487-41b7-854d-af9ac6819eef: created new log segment /workdir/hadoop-ozone/integration-test/target/test-dir/MiniOzoneClusterImpl-f1369eb2-7165-4223-a2a5-28cf637499e7/datanode-1/data/ratis/6ad6b28a-8487-41b7-854d-af9ac6819eef/current/log_inprogress_0
2019-08-20 14:49:47,167 INFO  impl.RaftServerImpl (ServerState.java:setLeader(263)) - c6f0101b-46e5-4976-8ccb-fb5bb5b8ac3c:group-27D532FE74EA change Leader from null to d461666d-3393-4914-8f68-1e7af24d3b9e at term 3 for appendEntries, leader elected after 19219ms
2019-08-20 14:49:47,167 INFO  impl.RaftServerImpl (ServerState.java:setLeader(263)) - c43c6941-c698-401b-8222-bca35851ed92:group-27D532FE74EA change Leader from null to d461666d-3393-4914-8f68-1e7af24d3b9e at term 3 for appendEntries, leader elected after 19219ms
2019-08-20 14:49:47,169 INFO  impl.RaftServerImpl (ServerState.java:setRaftConf(361)) - c6f0101b-46e5-4976-8ccb-fb5bb5b8ac3c:group-27D532FE74EA set configuration 0: [d461666d-3393-4914-8f68-1e7af24d3b9e:192.168.36.107:33334, c43c6941-c698-401b-8222-bca35851ed92:192.168.36.107:45103, c6f0101b-46e5-4976-8ccb-fb5bb5b8ac3c:192.168.36.107:45278], old=null at 0
2019-08-20 14:49:47,169 INFO  impl.RaftServerImpl (ServerState.java:setRaftConf(361)) - c43c6941-c698-401b-8222-bca35851ed92:group-27D532FE74EA set configuration 0: [d461666d-3393-4914-8f68-1e7af24d3b9e:192.168.36.107:33334, c43c6941-c698-401b-8222-bca35851ed92:192.168.36.107:45103, c6f0101b-46e5-4976-8ccb-fb5bb5b8ac3c:192.168.36.107:45278], old=null at 0
2019-08-20 14:49:47,169 INFO  segmented.SegmentedRaftLogWorker (SegmentedRaftLogWorker.java:startLogSegment(380)) - c6f0101b-46e5-4976-8ccb-fb5bb5b8ac3c-SegmentedRaftLogWorker:Storage Directory /workdir/hadoop-ozone/integration-test/target/test-dir/MiniOzoneClusterImpl-f1369eb2-7165-4223-a2a5-28cf637499e7/datanode-3/data/ratis/1eb4a5da-195d-4ccb-86e5-27d532fe74ea: Starting segment from index:0
2019-08-20 14:49:47,169 INFO  segmented.SegmentedRaftLogWorker (SegmentedRaftLogWorker.java:startLogSegment(380)) - c43c6941-c698-401b-8222-bca35851ed92-SegmentedRaftLogWorker:Storage Directory /workdir/hadoop-ozone/integration-test/target/test-dir/MiniOzoneClusterImpl-f1369eb2-7165-4223-a2a5-28cf637499e7/datanode-2/data/ratis/1eb4a5da-195d-4ccb-86e5-27d532fe74ea: Starting segment from index:0
2019-08-20 14:49:47,188 INFO  segmented.SegmentedRaftLogWorker (SegmentedRaftLogWorker.java:execute(569)) - d461666d-3393-4914-8f68-1e7af24d3b9e-SegmentedRaftLogWorker:Storage Directory /workdir/hadoop-ozone/integration-test/target/test-dir/MiniOzoneClusterImpl-f1369eb2-7165-4223-a2a5-28cf637499e7/datanode-5/data/ratis/1eb4a5da-195d-4ccb-86e5-27d532fe74ea: created new log segment /workdir/hadoop-ozone/integration-test/target/test-dir/MiniOzoneClusterImpl-f1369eb2-7165-4223-a2a5-28cf637499e7/datanode-5/data/ratis/1eb4a5da-195d-4ccb-86e5-27d532fe74ea/current/log_inprogress_0
2019-08-20 14:49:47,201 INFO  segmented.SegmentedRaftLogWorker (SegmentedRaftLogWorker.java:execute(569)) - c43c6941-c698-401b-8222-bca35851ed92-SegmentedRaftLogWorker:Storage Directory /workdir/hadoop-ozone/integration-test/target/test-dir/MiniOzoneClusterImpl-f1369eb2-7165-4223-a2a5-28cf637499e7/datanode-2/data/ratis/1eb4a5da-195d-4ccb-86e5-27d532fe74ea: created new log segment /workdir/hadoop-ozone/integration-test/target/test-dir/MiniOzoneClusterImpl-f1369eb2-7165-4223-a2a5-28cf637499e7/datanode-2/data/ratis/1eb4a5da-195d-4ccb-86e5-27d532fe74ea/current/log_inprogress_0
2019-08-20 14:49:47,222 INFO  segmented.SegmentedRaftLogWorker (SegmentedRaftLogWorker.java:execute(569)) - c6f0101b-46e5-4976-8ccb-fb5bb5b8ac3c-SegmentedRaftLogWorker:Storage Directory /workdir/hadoop-ozone/integration-test/target/test-dir/MiniOzoneClusterImpl-f1369eb2-7165-4223-a2a5-28cf637499e7/datanode-3/data/ratis/1eb4a5da-195d-4ccb-86e5-27d532fe74ea: created new log segment /workdir/hadoop-ozone/integration-test/target/test-dir/MiniOzoneClusterImpl-f1369eb2-7165-4223-a2a5-28cf637499e7/datanode-3/data/ratis/1eb4a5da-195d-4ccb-86e5-27d532fe74ea/current/log_inprogress_0
2019-08-20 14:49:47,483 INFO  client.GrpcClientProtocolClient (GrpcClientProtocolClient.java:onNext(255)) - client-75AE75CE91DE->b1b65029-3686-41d4-82ad-eecc9f790e57: receive RaftClientReply:client-75AE75CE91DE->b1b65029-3686-41d4-82ad-eecc9f790e57@group-AF9AC6819EEF, cid=101, FAILED org.apache.ratis.protocol.NotLeaderException: Server b1b65029-3686-41d4-82ad-eecc9f790e57 is not the leader (30be3dbe-c893-4b50-93b5-0dd56fab25fe:192.168.36.107:33817). Request must be sent to leader., logIndex=0, commits[b1b65029-3686-41d4-82ad-eecc9f790e57:c-1, 281a123a-c6ad-43f0-8a3c-4f445d6004a4:c-1, 30be3dbe-c893-4b50-93b5-0dd56fab25fe:c-1]
]]></system-out>
    <system-err><![CDATA[Aug 20, 2019 2:49:21 PM com.sun.jersey.server.impl.application.WebApplicationImpl _initiate
INFO: Initiating Jersey application, version 'Jersey: 1.19 02/11/2015 03:25 AM'
Aug 20, 2019 2:49:21 PM com.sun.jersey.server.impl.application.WebApplicationImpl _initiate
INFO: Initiating Jersey application, version 'Jersey: 1.19 02/11/2015 03:25 AM'
Aug 20, 2019 2:49:22 PM com.sun.jersey.server.impl.application.WebApplicationImpl _initiate
INFO: Initiating Jersey application, version 'Jersey: 1.19 02/11/2015 03:25 AM'
Aug 20, 2019 2:49:22 PM com.sun.jersey.server.impl.application.WebApplicationImpl _initiate
INFO: Initiating Jersey application, version 'Jersey: 1.19 02/11/2015 03:25 AM'
Aug 20, 2019 2:49:22 PM com.sun.jersey.server.impl.application.WebApplicationImpl _initiate
INFO: Initiating Jersey application, version 'Jersey: 1.19 02/11/2015 03:25 AM'
Aug 20, 2019 2:49:22 PM com.sun.jersey.server.impl.application.WebApplicationImpl _initiate
INFO: Initiating Jersey application, version 'Jersey: 1.19 02/11/2015 03:25 AM'
Aug 20, 2019 2:49:23 PM com.sun.jersey.server.impl.application.WebApplicationImpl _initiate
INFO: Initiating Jersey application, version 'Jersey: 1.19 02/11/2015 03:25 AM'
Aug 20, 2019 2:49:25 PM org.apache.ratis.thirdparty.io.grpc.internal.ManagedChannelOrphanWrapper$ManagedChannelReference cleanQueue
SEVERE: *~*~*~ Channel ManagedChannelImpl{logId=1197, target=192.168.36.107:38716} was not shutdown properly!!! ~*~*~*
    Make sure to call shutdown()/shutdownNow() and wait until awaitTermination() returns true.
java.lang.RuntimeException: ManagedChannel allocation site
	at org.apache.ratis.thirdparty.io.grpc.internal.ManagedChannelOrphanWrapper$ManagedChannelReference.<init>(ManagedChannelOrphanWrapper.java:103)
	at org.apache.ratis.thirdparty.io.grpc.internal.ManagedChannelOrphanWrapper.<init>(ManagedChannelOrphanWrapper.java:53)
	at org.apache.ratis.thirdparty.io.grpc.internal.ManagedChannelOrphanWrapper.<init>(ManagedChannelOrphanWrapper.java:44)
	at org.apache.ratis.thirdparty.io.grpc.internal.AbstractManagedChannelImplBuilder.build(AbstractManagedChannelImplBuilder.java:411)
	at org.apache.ratis.grpc.client.GrpcClientProtocolClient.<init>(GrpcClientProtocolClient.java:119)
	at org.apache.ratis.grpc.client.GrpcClientRpc.lambda$new$0(GrpcClientRpc.java:55)
	at org.apache.ratis.util.PeerProxyMap$PeerAndProxy.lambda$getProxy$0(PeerProxyMap.java:61)
	at org.apache.ratis.util.LifeCycle.startAndTransition(LifeCycle.java:202)
	at org.apache.ratis.util.PeerProxyMap$PeerAndProxy.getProxy(PeerProxyMap.java:60)
	at org.apache.ratis.util.PeerProxyMap.getProxy(PeerProxyMap.java:107)
	at org.apache.ratis.grpc.client.GrpcClientRpc.sendRequestAsync(GrpcClientRpc.java:66)
	at org.apache.ratis.client.impl.OrderedAsync.sendRequest(OrderedAsync.java:208)
	at org.apache.ratis.client.impl.OrderedAsync.sendRequestWithRetry(OrderedAsync.java:169)
	at org.apache.ratis.util.SlidingWindow$Client.sendOrDelayRequest(SlidingWindow.java:278)
	at org.apache.ratis.util.SlidingWindow$Client.retry(SlidingWindow.java:294)
	at org.apache.ratis.client.impl.OrderedAsync.lambda$scheduleWithTimeout$7(OrderedAsync.java:195)
	at org.apache.ratis.util.TimeoutScheduler.lambda$onTimeout$0(TimeoutScheduler.java:85)
	at org.apache.ratis.util.TimeoutScheduler.lambda$onTimeout$1(TimeoutScheduler.java:104)
	at org.apache.ratis.util.LogUtils.runAndLog(LogUtils.java:50)
	at org.apache.ratis.util.LogUtils$1.run(LogUtils.java:91)
	at java.util.concurrent.Executors$RunnableAdapter.call(Executors.java:511)
	at java.util.concurrent.FutureTask.run(FutureTask.java:266)
	at java.util.concurrent.ScheduledThreadPoolExecutor$ScheduledFutureTask.access$201(ScheduledThreadPoolExecutor.java:180)
	at java.util.concurrent.ScheduledThreadPoolExecutor$ScheduledFutureTask.run(ScheduledThreadPoolExecutor.java:293)
	at java.util.concurrent.ThreadPoolExecutor.runWorker(ThreadPoolExecutor.java:1149)
	at java.util.concurrent.ThreadPoolExecutor$Worker.run(ThreadPoolExecutor.java:624)
	at java.lang.Thread.run(Thread.java:748)

]]></system-err>
  </testcase>
</testsuite>