<?xml version="1.0" encoding="UTF-8"?>
<testsuite xmlns:xsi="http://www.w3.org/2001/XMLSchema-instance" xsi:noNamespaceSchemaLocation="https://maven.apache.org/surefire/maven-surefire-plugin/xsd/surefire-test-report.xsd" name="org.apache.hadoop.ozone.client.rpc.TestCommitWatcher" time="51.005" tests="2" errors="0" skipped="0" failures="1">
  <properties>
    <property name="awt.toolkit" value="sun.awt.X11.XToolkit"/>
    <property name="file.encoding.pkg" value="sun.io"/>
    <property name="java.specification.version" value="1.8"/>
    <property name="sun.cpu.isalist" value=""/>
    <property name="sun.jnu.encoding" value="UTF-8"/>
    <property name="java.class.path" value="/workdir/hadoop-ozone/integration-test/target/test-classes:/workdir/hadoop-ozone/integration-test/target/classes:/home/user/.m2/repository/org/apache/hadoop/hadoop-ozone-common/0.5.0-SNAPSHOT/hadoop-ozone-common-0.5.0-SNAPSHOT.jar:/home/user/.m2/repository/org/apache/commons/commons-compress/1.4.1/commons-compress-1.4.1.jar:/home/user/.m2/repository/org/tukaani/xz/1.0/xz-1.0.jar:/home/user/.m2/repository/org/apache/hadoop/hadoop-common/3.2.0/hadoop-common-3.2.0.jar:/home/user/.m2/repository/org/apache/hadoop/hadoop-hdfs/3.2.0/hadoop-hdfs-3.2.0.jar:/home/user/.m2/repository/org/apache/hadoop/hadoop-hdfs-client/3.2.0/hadoop-hdfs-client-3.2.0.jar:/home/user/.m2/repository/com/fasterxml/jackson/core/jackson-annotations/2.9.5/jackson-annotations-2.9.5.jar:/home/user/.m2/repository/org/apache/hadoop/hadoop-hdds-common/0.5.0-SNAPSHOT/hadoop-hdds-common-0.5.0-SNAPSHOT.jar:/home/user/.m2/repository/javax/annotation/javax.annotation-api/1.2/javax.annotation-api-1.2.jar:/home/user/.m2/repository/org/apache/ratis/ratis-server/0.4.0-2337318-SNAPSHOT/ratis-server-0.4.0-2337318-SNAPSHOT.jar:/home/user/.m2/repository/org/apache/ratis/ratis-thirdparty-misc/0.2.0/ratis-thirdparty-misc-0.2.0.jar:/home/user/.m2/repository/org/apache/ratis/ratis-proto/0.4.0-2337318-SNAPSHOT/ratis-proto-0.4.0-2337318-SNAPSHOT.jar:/home/user/.m2/repository/org/apache/ratis/ratis-common/0.4.0-2337318-SNAPSHOT/ratis-common-0.4.0-2337318-SNAPSHOT.jar:/home/user/.m2/repository/org/apache/ratis/ratis-client/0.4.0-2337318-SNAPSHOT/ratis-client-0.4.0-2337318-SNAPSHOT.jar:/home/user/.m2/repository/org/apache/ratis/ratis-metrics/0.4.0-2337318-SNAPSHOT/ratis-metrics-0.4.0-2337318-SNAPSHOT.jar:/home/user/.m2/repository/org/apache/ratis/ratis-netty/0.4.0-2337318-SNAPSHOT/ratis-netty-0.4.0-2337318-SNAPSHOT.jar:/home/user/.m2/repository/org/apache/ratis/ratis-grpc/0.4.0-2337318-SNAPSHOT/ratis-grpc-0.4.0-2337318-SNAPSHOT.jar:/home/user/.m2/repository/org/rocksdb/rocksdbjni/6.0.1/rocksdbjni-6.0.1.jar:/home/user/.m2/repository/org/apache/logging/log4j/log4j-api/2.11.0/log4j-api-2.11.0.jar:/home/user/.m2/repository/org/apache/logging/log4j/log4j-core/2.11.0/log4j-core-2.11.0.jar:/home/user/.m2/repository/com/lmax/disruptor/3.4.2/disruptor-3.4.2.jar:/home/user/.m2/repository/org/apache/commons/commons-pool2/2.6.0/commons-pool2-2.6.0.jar:/home/user/.m2/repository/org/bouncycastle/bcpkix-jdk15on/1.60/bcpkix-jdk15on-1.60.jar:/home/user/.m2/repository/commons-validator/commons-validator/1.6/commons-validator-1.6.jar:/home/user/.m2/repository/commons-digester/commons-digester/1.8.1/commons-digester-1.8.1.jar:/home/user/.m2/repository/io/jaegertracing/jaeger-client/0.33.1/jaeger-client-0.33.1.jar:/home/user/.m2/repository/io/jaegertracing/jaeger-thrift/0.33.1/jaeger-thrift-0.33.1.jar:/home/user/.m2/repository/org/apache/thrift/libthrift/0.11.0/libthrift-0.11.0.jar:/home/user/.m2/repository/com/squareup/okhttp3/okhttp/3.9.0/okhttp-3.9.0.jar:/home/user/.m2/repository/com/squareup/okio/okio/1.13.0/okio-1.13.0.jar:/home/user/.m2/repository/io/jaegertracing/jaeger-core/0.33.1/jaeger-core-0.33.1.jar:/home/user/.m2/repository/io/jaegertracing/jaeger-tracerresolver/0.33.1/jaeger-tracerresolver-0.33.1.jar:/home/user/.m2/repository/io/opentracing/contrib/opentracing-tracerresolver/0.1.5/opentracing-tracerresolver-0.1.5.jar:/home/user/.m2/repository/io/opentracing/opentracing-util/0.31.0/opentracing-util-0.31.0.jar:/home/user/.m2/repository/io/opentracing/opentracing-api/0.31.0/opentracing-api-0.31.0.jar:/home/user/.m2/repository/io/opentracing/opentracing-noop/0.31.0/opentracing-noop-0.31.0.jar:/home/user/.m2/repository/org/apache/hadoop/hadoop-hdds-server-framework/0.5.0-SNAPSHOT/hadoop-hdds-server-framework-0.5.0-SNAPSHOT.jar:/home/user/.m2/repository/org/apache/hadoop/hadoop-hdds-container-service/0.5.0-SNAPSHOT/hadoop-hdds-container-service-0.5.0-SNAPSHOT.jar:/home/user/.m2/repository/org/apache/hadoop/hadoop-hdds-client/0.5.0-SNAPSHOT/hadoop-hdds-client-0.5.0-SNAPSHOT.jar:/home/user/.m2/repository/org/apache/hadoop/hadoop-hdds-tools/0.5.0-SNAPSHOT/hadoop-hdds-tools-0.5.0-SNAPSHOT.jar:/home/user/.m2/repository/org/apache/hadoop/hadoop-hdds-server-scm/0.5.0-SNAPSHOT/hadoop-hdds-server-scm-0.5.0-SNAPSHOT.jar:/home/user/.m2/repository/org/apache/hadoop/hadoop-hdds-docs/0.5.0-SNAPSHOT/hadoop-hdds-docs-0.5.0-SNAPSHOT.jar:/home/user/.m2/repository/io/dropwizard/metrics/metrics-core/3.2.4/metrics-core-3.2.4.jar:/home/user/.m2/repository/org/hamcrest/hamcrest-all/1.3/hamcrest-all-1.3.jar:/home/user/.m2/repository/org/bouncycastle/bcprov-jdk15on/1.60/bcprov-jdk15on-1.60.jar:/home/user/.m2/repository/info/picocli/picocli/3.9.6/picocli-3.9.6.jar:/home/user/.m2/repository/com/google/protobuf/protobuf-java/2.5.0/protobuf-java-2.5.0.jar:/home/user/.m2/repository/com/google/guava/guava/11.0.2/guava-11.0.2.jar:/home/user/.m2/repository/org/apache/hadoop/hadoop-ozone-ozone-manager/0.5.0-SNAPSHOT/hadoop-ozone-ozone-manager-0.5.0-SNAPSHOT.jar:/home/user/.m2/repository/org/apache/hadoop/hadoop-minikdc/3.2.0/hadoop-minikdc-3.2.0.jar:/home/user/.m2/repository/commons-io/commons-io/2.5/commons-io-2.5.jar:/home/user/.m2/repository/org/apache/kerby/kerb-simplekdc/1.0.1/kerb-simplekdc-1.0.1.jar:/home/user/.m2/repository/org/apache/kerby/kerb-client/1.0.1/kerb-client-1.0.1.jar:/home/user/.m2/repository/org/apache/kerby/kerby-config/1.0.1/kerby-config-1.0.1.jar:/home/user/.m2/repository/org/apache/kerby/kerb-core/1.0.1/kerb-core-1.0.1.jar:/home/user/.m2/repository/org/apache/kerby/kerby-pkix/1.0.1/kerby-pkix-1.0.1.jar:/home/user/.m2/repository/org/apache/kerby/kerby-asn1/1.0.1/kerby-asn1-1.0.1.jar:/home/user/.m2/repository/org/apache/kerby/kerby-util/1.0.1/kerby-util-1.0.1.jar:/home/user/.m2/repository/org/apache/kerby/kerb-common/1.0.1/kerb-common-1.0.1.jar:/home/user/.m2/repository/org/apache/kerby/kerb-crypto/1.0.1/kerb-crypto-1.0.1.jar:/home/user/.m2/repository/org/apache/kerby/kerb-util/1.0.1/kerb-util-1.0.1.jar:/home/user/.m2/repository/org/apache/kerby/token-provider/1.0.1/token-provider-1.0.1.jar:/home/user/.m2/repository/org/apache/kerby/kerb-admin/1.0.1/kerb-admin-1.0.1.jar:/home/user/.m2/repository/org/apache/kerby/kerb-server/1.0.1/kerb-server-1.0.1.jar:/home/user/.m2/repository/org/apache/kerby/kerb-identity/1.0.1/kerb-identity-1.0.1.jar:/home/user/.m2/repository/org/apache/kerby/kerby-xdr/1.0.1/kerby-xdr-1.0.1.jar:/home/user/.m2/repository/org/slf4j/slf4j-log4j12/1.7.25/slf4j-log4j12-1.7.25.jar:/home/user/.m2/repository/org/apache/hadoop/hadoop-ozone-objectstore-service/0.5.0-SNAPSHOT/hadoop-ozone-objectstore-service-0.5.0-SNAPSHOT.jar:/home/user/.m2/repository/org/apache/hadoop/hadoop-ozone-s3gateway/0.5.0-SNAPSHOT/hadoop-ozone-s3gateway-0.5.0-SNAPSHOT.jar:/home/user/.m2/repository/org/jboss/weld/servlet/weld-servlet/2.4.7.Final/weld-servlet-2.4.7.Final.jar:/home/user/.m2/repository/org/glassfish/jersey/containers/jersey-container-servlet-core/2.27/jersey-container-servlet-core-2.27.jar:/home/user/.m2/repository/org/glassfish/hk2/external/javax.inject/2.5.0-b42/javax.inject-2.5.0-b42.jar:/home/user/.m2/repository/org/glassfish/jersey/core/jersey-common/2.27/jersey-common-2.27.jar:/home/user/.m2/repository/org/glassfish/hk2/osgi-resource-locator/1.0.1/osgi-resource-locator-1.0.1.jar:/home/user/.m2/repository/javax/ws/rs/javax.ws.rs-api/2.1/javax.ws.rs-api-2.1.jar:/home/user/.m2/repository/org/glassfish/jersey/ext/cdi/jersey-cdi1x/2.27/jersey-cdi1x-2.27.jar:/home/user/.m2/repository/org/glassfish/jersey/inject/jersey-hk2/2.27/jersey-hk2-2.27.jar:/home/user/.m2/repository/org/glassfish/hk2/hk2-locator/2.5.0-b42/hk2-locator-2.5.0-b42.jar:/home/user/.m2/repository/org/javassist/javassist/3.22.0-CR2/javassist-3.22.0-CR2.jar:/home/user/.m2/repository/org/glassfish/hk2/hk2-api/2.5.0/hk2-api-2.5.0.jar:/home/user/.m2/repository/org/glassfish/hk2/external/jakarta.inject/2.5.0/jakarta.inject-2.5.0.jar:/home/user/.m2/repository/org/glassfish/hk2/hk2-utils/2.5.0/hk2-utils-2.5.0.jar:/home/user/.m2/repository/jakarta/annotation/jakarta.annotation-api/1.3.4/jakarta.annotation-api-1.3.4.jar:/home/user/.m2/repository/org/glassfish/hk2/external/aopalliance-repackaged/2.5.0/aopalliance-repackaged-2.5.0.jar:/home/user/.m2/repository/com/fasterxml/jackson/dataformat/jackson-dataformat-xml/2.9.0/jackson-dataformat-xml-2.9.0.jar:/home/user/.m2/repository/com/fasterxml/jackson/core/jackson-core/2.9.5/jackson-core-2.9.5.jar:/home/user/.m2/repository/com/fasterxml/jackson/module/jackson-module-jaxb-annotations/2.9.5/jackson-module-jaxb-annotations-2.9.5.jar:/home/user/.m2/repository/javax/enterprise/cdi-api/1.2/cdi-api-1.2.jar:/home/user/.m2/repository/javax/el/javax.el-api/3.0.0/javax.el-api-3.0.0.jar:/home/user/.m2/repository/javax/interceptor/javax.interceptor-api/1.2/javax.interceptor-api-1.2.jar:/home/user/.m2/repository/javax/inject/javax.inject/1/javax.inject-1.jar:/home/user/.m2/repository/com/sun/xml/bind/jaxb-impl/2.3.0.1/jaxb-impl-2.3.0.1.jar:/home/user/.m2/repository/com/sun/xml/bind/jaxb-core/2.3.0.1/jaxb-core-2.3.0.1.jar:/home/user/.m2/repository/javax/xml/bind/jaxb-api/2.3.0/jaxb-api-2.3.0.jar:/home/user/.m2/repository/javax/activation/activation/1.1.1/activation-1.1.1.jar:/home/user/.m2/repository/org/apache/hadoop/hadoop-ozone-csi/0.5.0-SNAPSHOT/hadoop-ozone-csi-0.5.0-SNAPSHOT.jar:/home/user/.m2/repository/com/google/protobuf/protobuf-java-util/3.5.1/protobuf-java-util-3.5.1.jar:/home/user/.m2/repository/org/apache/hadoop/hadoop-hdds-config/0.5.0-SNAPSHOT/hadoop-hdds-config-0.5.0-SNAPSHOT.jar:/home/user/.m2/repository/io/grpc/grpc-netty/1.17.1/grpc-netty-1.17.1.jar:/home/user/.m2/repository/io/grpc/grpc-core/1.17.1/grpc-core-1.17.1.jar:/home/user/.m2/repository/io/grpc/grpc-context/1.17.1/grpc-context-1.17.1.jar:/home/user/.m2/repository/com/google/errorprone/error_prone_annotations/2.2.0/error_prone_annotations-2.2.0.jar:/home/user/.m2/repository/org/codehaus/mojo/animal-sniffer-annotations/1.17/animal-sniffer-annotations-1.17.jar:/home/user/.m2/repository/io/opencensus/opencensus-api/0.17.0/opencensus-api-0.17.0.jar:/home/user/.m2/repository/io/opencensus/opencensus-contrib-grpc-metrics/0.17.0/opencensus-contrib-grpc-metrics-0.17.0.jar:/home/user/.m2/repository/io/netty/netty-codec-http2/4.1.30.Final/netty-codec-http2-4.1.30.Final.jar:/home/user/.m2/repository/io/netty/netty-codec-http/4.1.30.Final/netty-codec-http-4.1.30.Final.jar:/home/user/.m2/repository/io/netty/netty-codec/4.1.30.Final/netty-codec-4.1.30.Final.jar:/home/user/.m2/repository/io/netty/netty-handler/4.1.30.Final/netty-handler-4.1.30.Final.jar:/home/user/.m2/repository/io/netty/netty-handler-proxy/4.1.30.Final/netty-handler-proxy-4.1.30.Final.jar:/home/user/.m2/repository/io/netty/netty-codec-socks/4.1.30.Final/netty-codec-socks-4.1.30.Final.jar:/home/user/.m2/repository/io/netty/netty-transport-native-epoll/4.1.30.Final/netty-transport-native-epoll-4.1.30.Final.jar:/home/user/.m2/repository/io/netty/netty-common/4.1.30.Final/netty-common-4.1.30.Final.jar:/home/user/.m2/repository/io/netty/netty-buffer/4.1.30.Final/netty-buffer-4.1.30.Final.jar:/home/user/.m2/repository/io/netty/netty-transport/4.1.30.Final/netty-transport-4.1.30.Final.jar:/home/user/.m2/repository/io/netty/netty-resolver/4.1.30.Final/netty-resolver-4.1.30.Final.jar:/home/user/.m2/repository/io/netty/netty-transport-native-unix-common/4.1.30.Final/netty-transport-native-unix-common-4.1.30.Final.jar:/home/user/.m2/repository/io/grpc/grpc-protobuf/1.17.1/grpc-protobuf-1.17.1.jar:/home/user/.m2/repository/com/google/api/grpc/proto-google-common-protos/1.0.0/proto-google-common-protos-1.0.0.jar:/home/user/.m2/repository/io/grpc/grpc-protobuf-lite/1.17.1/grpc-protobuf-lite-1.17.1.jar:/home/user/.m2/repository/io/grpc/grpc-stub/1.17.1/grpc-stub-1.17.1.jar:/home/user/.m2/repository/org/apache/hadoop/hadoop-ozone-recon/0.5.0-SNAPSHOT/hadoop-ozone-recon-0.5.0-SNAPSHOT.jar:/home/user/.m2/repository/org/apache/hadoop/hadoop-ozone-reconcodegen/0.5.0-SNAPSHOT/hadoop-ozone-reconcodegen-0.5.0-SNAPSHOT.jar:/home/user/.m2/repository/com/google/inject/extensions/guice-multibindings/4.0/guice-multibindings-4.0.jar:/home/user/.m2/repository/com/google/inject/guice/4.0/guice-4.0.jar:/home/user/.m2/repository/aopalliance/aopalliance/1.0/aopalliance-1.0.jar:/home/user/.m2/repository/com/google/inject/extensions/guice-servlet/4.0/guice-servlet-4.0.jar:/home/user/.m2/repository/org/glassfish/jersey/containers/jersey-container-servlet/2.27/jersey-container-servlet-2.27.jar:/home/user/.m2/repository/org/glassfish/hk2/guice-bridge/2.5.0/guice-bridge-2.5.0.jar:/home/user/.m2/repository/org/glassfish/jersey/core/jersey-server/2.27/jersey-server-2.27.jar:/home/user/.m2/repository/org/glassfish/jersey/core/jersey-client/2.27/jersey-client-2.27.jar:/home/user/.m2/repository/org/glassfish/jersey/media/jersey-media-jaxb/2.27/jersey-media-jaxb-2.27.jar:/home/user/.m2/repository/javax/validation/validation-api/1.1.0.Final/validation-api-1.1.0.Final.jar:/home/user/.m2/repository/org/glassfish/jersey/media/jersey-media-json-jackson/2.27/jersey-media-json-jackson-2.27.jar:/home/user/.m2/repository/org/glassfish/jersey/ext/jersey-entity-filtering/2.27/jersey-entity-filtering-2.27.jar:/home/user/.m2/repository/com/google/inject/extensions/guice-assistedinject/4.0/guice-assistedinject-4.0.jar:/home/user/.m2/repository/org/jooq/jooq/3.11.10/jooq-3.11.10.jar:/home/user/.m2/repository/org/jooq/jooq-meta/3.11.10/jooq-meta-3.11.10.jar:/home/user/.m2/repository/org/jooq/jooq-codegen/3.11.10/jooq-codegen-3.11.10.jar:/home/user/.m2/repository/com/jolbox/bonecp/0.8.0.RELEASE/bonecp-0.8.0.RELEASE.jar:/home/user/.m2/repository/org/xerial/sqlite-jdbc/3.25.2/sqlite-jdbc-3.25.2.jar:/home/user/.m2/repository/org/springframework/spring-jdbc/5.1.3.RELEASE/spring-jdbc-5.1.3.RELEASE.jar:/home/user/.m2/repository/org/springframework/spring-beans/5.1.3.RELEASE/spring-beans-5.1.3.RELEASE.jar:/home/user/.m2/repository/org/springframework/spring-core/5.1.3.RELEASE/spring-core-5.1.3.RELEASE.jar:/home/user/.m2/repository/org/springframework/spring-jcl/5.1.3.RELEASE/spring-jcl-5.1.3.RELEASE.jar:/home/user/.m2/repository/org/springframework/spring-tx/5.1.3.RELEASE/spring-tx-5.1.3.RELEASE.jar:/home/user/.m2/repository/org/apache/hadoop/hadoop-ozone-client/0.5.0-SNAPSHOT/hadoop-ozone-client-0.5.0-SNAPSHOT.jar:/home/user/.m2/repository/commons-lang/commons-lang/2.6/commons-lang-2.6.jar:/home/user/.m2/repository/org/apache/hadoop/hadoop-ozone-ozone-manager/0.5.0-SNAPSHOT/hadoop-ozone-ozone-manager-0.5.0-SNAPSHOT-tests.jar:/home/user/.m2/repository/junit/junit/4.11/junit-4.11.jar:/home/user/.m2/repository/org/hamcrest/hamcrest-core/1.3/hamcrest-core-1.3.jar:/home/user/.m2/repository/org/openjdk/jmh/jmh-core/1.19/jmh-core-1.19.jar:/home/user/.m2/repository/net/sf/jopt-simple/jopt-simple/4.6/jopt-simple-4.6.jar:/home/user/.m2/repository/org/apache/commons/commons-math3/3.1.1/commons-math3-3.1.1.jar:/home/user/.m2/repository/org/openjdk/jmh/jmh-generator-annprocess/1.19/jmh-generator-annprocess-1.19.jar:/home/user/.m2/repository/org/mockito/mockito-all/1.8.5/mockito-all-1.8.5.jar:/home/user/.m2/repository/org/apache/hadoop/hadoop-kms/3.2.0/hadoop-kms-3.2.0.jar:/home/user/.m2/repository/org/apache/hadoop/hadoop-auth/3.2.0/hadoop-auth-3.2.0.jar:/home/user/.m2/repository/com/nimbusds/nimbus-jose-jwt/4.41.1/nimbus-jose-jwt-4.41.1.jar:/home/user/.m2/repository/com/github/stephenc/jcip/jcip-annotations/1.0-1/jcip-annotations-1.0-1.jar:/home/user/.m2/repository/net/minidev/json-smart/2.3/json-smart-2.3.jar:/home/user/.m2/repository/net/minidev/accessors-smart/1.2/accessors-smart-1.2.jar:/home/user/.m2/repository/org/ow2/asm/asm/5.0.4/asm-5.0.4.jar:/home/user/.m2/repository/org/apache/curator/curator-framework/2.12.0/curator-framework-2.12.0.jar:/home/user/.m2/repository/com/sun/jersey/jersey-core/1.19/jersey-core-1.19.jar:/home/user/.m2/repository/javax/ws/rs/jsr311-api/1.1.1/jsr311-api-1.1.1.jar:/home/user/.m2/repository/com/sun/jersey/jersey-server/1.19/jersey-server-1.19.jar:/home/user/.m2/repository/javax/servlet/javax.servlet-api/3.1.0/javax.servlet-api-3.1.0.jar:/home/user/.m2/repository/org/eclipse/jetty/jetty-server/9.3.24.v20180605/jetty-server-9.3.24.v20180605.jar:/home/user/.m2/repository/org/eclipse/jetty/jetty-http/9.3.24.v20180605/jetty-http-9.3.24.v20180605.jar:/home/user/.m2/repository/org/eclipse/jetty/jetty-io/9.3.24.v20180605/jetty-io-9.3.24.v20180605.jar:/home/user/.m2/repository/org/eclipse/jetty/jetty-webapp/9.3.24.v20180605/jetty-webapp-9.3.24.v20180605.jar:/home/user/.m2/repository/org/eclipse/jetty/jetty-xml/9.3.24.v20180605/jetty-xml-9.3.24.v20180605.jar:/home/user/.m2/repository/log4j/log4j/1.2.17/log4j-1.2.17.jar:/home/user/.m2/repository/org/slf4j/slf4j-api/1.7.25/slf4j-api-1.7.25.jar:/home/user/.m2/repository/org/slf4j/jul-to-slf4j/1.7.25/jul-to-slf4j-1.7.25.jar:/home/user/.m2/repository/org/eclipse/jetty/jetty-util/9.3.24.v20180605/jetty-util-9.3.24.v20180605.jar:/home/user/.m2/repository/com/fasterxml/jackson/core/jackson-databind/2.9.5/jackson-databind-2.9.5.jar:/home/user/.m2/repository/org/apache/hadoop/hadoop-kms/3.2.0/hadoop-kms-3.2.0-tests.jar:/home/user/.m2/repository/org/apache/hadoop/hadoop-hdds-server-scm/0.5.0-SNAPSHOT/hadoop-hdds-server-scm-0.5.0-SNAPSHOT-tests.jar:/home/user/.m2/repository/org/apache/hadoop/hadoop-hdds-container-service/0.5.0-SNAPSHOT/hadoop-hdds-container-service-0.5.0-SNAPSHOT-tests.jar:/home/user/.m2/repository/org/yaml/snakeyaml/1.16/snakeyaml-1.16.jar:/home/user/.m2/repository/org/apache/hadoop/hadoop-common/3.2.0/hadoop-common-3.2.0-tests.jar:/home/user/.m2/repository/org/apache/hadoop/hadoop-annotations/3.2.0/hadoop-annotations-3.2.0.jar:/usr/lib/jvm/java-1.8-openjdk/jre/../lib/tools.jar:/home/user/.m2/repository/commons-cli/commons-cli/1.2/commons-cli-1.2.jar:/home/user/.m2/repository/org/apache/httpcomponents/httpclient/4.5.2/httpclient-4.5.2.jar:/home/user/.m2/repository/org/apache/httpcomponents/httpcore/4.4.4/httpcore-4.4.4.jar:/home/user/.m2/repository/commons-codec/commons-codec/1.11/commons-codec-1.11.jar:/home/user/.m2/repository/commons-net/commons-net/3.6/commons-net-3.6.jar:/home/user/.m2/repository/commons-collections/commons-collections/3.2.2/commons-collections-3.2.2.jar:/home/user/.m2/repository/org/eclipse/jetty/jetty-servlet/9.3.24.v20180605/jetty-servlet-9.3.24.v20180605.jar:/home/user/.m2/repository/org/eclipse/jetty/jetty-security/9.3.24.v20180605/jetty-security-9.3.24.v20180605.jar:/home/user/.m2/repository/javax/servlet/jsp/jsp-api/2.1/jsp-api-2.1.jar:/home/user/.m2/repository/com/sun/jersey/jersey-servlet/1.19/jersey-servlet-1.19.jar:/home/user/.m2/repository/com/sun/jersey/jersey-json/1.19/jersey-json-1.19.jar:/home/user/.m2/repository/org/codehaus/jettison/jettison/1.1/jettison-1.1.jar:/home/user/.m2/repository/org/codehaus/jackson/jackson-core-asl/1.9.13/jackson-core-asl-1.9.13.jar:/home/user/.m2/repository/org/codehaus/jackson/jackson-mapper-asl/1.9.13/jackson-mapper-asl-1.9.13.jar:/home/user/.m2/repository/org/codehaus/jackson/jackson-jaxrs/1.9.13/jackson-jaxrs-1.9.13.jar:/home/user/.m2/repository/org/codehaus/jackson/jackson-xc/1.9.13/jackson-xc-1.9.13.jar:/home/user/.m2/repository/commons-logging/commons-logging/1.1.3/commons-logging-1.1.3.jar:/home/user/.m2/repository/commons-beanutils/commons-beanutils/1.9.3/commons-beanutils-1.9.3.jar:/home/user/.m2/repository/org/apache/commons/commons-configuration2/2.1.1/commons-configuration2-2.1.1.jar:/home/user/.m2/repository/org/apache/commons/commons-lang3/3.7/commons-lang3-3.7.jar:/home/user/.m2/repository/org/apache/commons/commons-text/1.4/commons-text-1.4.jar:/home/user/.m2/repository/org/apache/avro/avro/1.7.7/avro-1.7.7.jar:/home/user/.m2/repository/com/thoughtworks/paranamer/paranamer/2.3/paranamer-2.3.jar:/home/user/.m2/repository/org/xerial/snappy/snappy-java/1.0.5/snappy-java-1.0.5.jar:/home/user/.m2/repository/com/google/re2j/re2j/1.1/re2j-1.1.jar:/home/user/.m2/repository/com/google/code/gson/gson/2.2.4/gson-2.2.4.jar:/home/user/.m2/repository/com/jcraft/jsch/0.1.54/jsch-0.1.54.jar:/home/user/.m2/repository/org/apache/curator/curator-client/2.12.0/curator-client-2.12.0.jar:/home/user/.m2/repository/org/apache/curator/curator-recipes/2.12.0/curator-recipes-2.12.0.jar:/home/user/.m2/repository/com/google/code/findbugs/jsr305/3.0.0/jsr305-3.0.0.jar:/home/user/.m2/repository/org/apache/htrace/htrace-core4/4.1.0-incubating/htrace-core4-4.1.0-incubating.jar:/home/user/.m2/repository/org/apache/zookeeper/zookeeper/3.4.13/zookeeper-3.4.13.jar:/home/user/.m2/repository/org/apache/yetus/audience-annotations/0.5.0/audience-annotations-0.5.0.jar:/home/user/.m2/repository/org/codehaus/woodstox/stax2-api/3.1.4/stax2-api-3.1.4.jar:/home/user/.m2/repository/com/fasterxml/woodstox/woodstox-core/5.0.3/woodstox-core-5.0.3.jar:/home/user/.m2/repository/dnsjava/dnsjava/2.1.7/dnsjava-2.1.7.jar:/home/user/.m2/repository/org/apache/hadoop/hadoop-hdfs/3.2.0/hadoop-hdfs-3.2.0-tests.jar:/home/user/.m2/repository/org/eclipse/jetty/jetty-util-ajax/9.3.24.v20180605/jetty-util-ajax-9.3.24.v20180605.jar:/home/user/.m2/repository/commons-daemon/commons-daemon/1.0.13/commons-daemon-1.0.13.jar:/home/user/.m2/repository/io/netty/netty/3.10.5.Final/netty-3.10.5.Final.jar:/home/user/.m2/repository/io/netty/netty-all/4.0.52.Final/netty-all-4.0.52.Final.jar:/home/user/.m2/repository/org/fusesource/leveldbjni/leveldbjni-all/1.8/leveldbjni-all-1.8.jar:"/>
    <property name="java.vm.vendor" value="IcedTea"/>
    <property name="sun.arch.data.model" value="64"/>
    <property name="test.build.dir" value="/workdir/hadoop-ozone/integration-test/target/test-dir"/>
    <property name="test.cache.data" value=""/>
    <property name="java.vendor.url" value="https://icedtea.classpath.org"/>
    <property name="user.timezone" value=""/>
    <property name="java.vm.specification.version" value="1.8"/>
    <property name="os.name" value="Linux"/>
    <property name="test.build.data" value="/workdir/hadoop-ozone/integration-test/target/test-dir"/>
    <property name="user.country" value="US"/>
    <property name="sun.java.launcher" value="SUN_STANDARD"/>
    <property name="sun.boot.library.path" value="/usr/lib/jvm/java-1.8-openjdk/jre/lib/amd64"/>
    <property name="sun.java.command" value="/workdir/hadoop-ozone/integration-test/target/surefire/surefirebooter3858550870858901530.jar /workdir/hadoop-ozone/integration-test/target/surefire 2019-08-20T21-04-17_959-jvmRun1 surefire5494688373252882389tmp surefire_562620480338609800478tmp"/>
    <property name="test" value="!TestMiniChaosOzoneCluster"/>
    <property name="surefire.test.class.path" value="/workdir/hadoop-ozone/integration-test/target/test-classes:/workdir/hadoop-ozone/integration-test/target/classes:/home/user/.m2/repository/org/apache/hadoop/hadoop-ozone-common/0.5.0-SNAPSHOT/hadoop-ozone-common-0.5.0-SNAPSHOT.jar:/home/user/.m2/repository/org/apache/commons/commons-compress/1.4.1/commons-compress-1.4.1.jar:/home/user/.m2/repository/org/tukaani/xz/1.0/xz-1.0.jar:/home/user/.m2/repository/org/apache/hadoop/hadoop-common/3.2.0/hadoop-common-3.2.0.jar:/home/user/.m2/repository/org/apache/hadoop/hadoop-hdfs/3.2.0/hadoop-hdfs-3.2.0.jar:/home/user/.m2/repository/org/apache/hadoop/hadoop-hdfs-client/3.2.0/hadoop-hdfs-client-3.2.0.jar:/home/user/.m2/repository/com/fasterxml/jackson/core/jackson-annotations/2.9.5/jackson-annotations-2.9.5.jar:/home/user/.m2/repository/org/apache/hadoop/hadoop-hdds-common/0.5.0-SNAPSHOT/hadoop-hdds-common-0.5.0-SNAPSHOT.jar:/home/user/.m2/repository/javax/annotation/javax.annotation-api/1.2/javax.annotation-api-1.2.jar:/home/user/.m2/repository/org/apache/ratis/ratis-server/0.4.0-2337318-SNAPSHOT/ratis-server-0.4.0-2337318-SNAPSHOT.jar:/home/user/.m2/repository/org/apache/ratis/ratis-thirdparty-misc/0.2.0/ratis-thirdparty-misc-0.2.0.jar:/home/user/.m2/repository/org/apache/ratis/ratis-proto/0.4.0-2337318-SNAPSHOT/ratis-proto-0.4.0-2337318-SNAPSHOT.jar:/home/user/.m2/repository/org/apache/ratis/ratis-common/0.4.0-2337318-SNAPSHOT/ratis-common-0.4.0-2337318-SNAPSHOT.jar:/home/user/.m2/repository/org/apache/ratis/ratis-client/0.4.0-2337318-SNAPSHOT/ratis-client-0.4.0-2337318-SNAPSHOT.jar:/home/user/.m2/repository/org/apache/ratis/ratis-metrics/0.4.0-2337318-SNAPSHOT/ratis-metrics-0.4.0-2337318-SNAPSHOT.jar:/home/user/.m2/repository/org/apache/ratis/ratis-netty/0.4.0-2337318-SNAPSHOT/ratis-netty-0.4.0-2337318-SNAPSHOT.jar:/home/user/.m2/repository/org/apache/ratis/ratis-grpc/0.4.0-2337318-SNAPSHOT/ratis-grpc-0.4.0-2337318-SNAPSHOT.jar:/home/user/.m2/repository/org/rocksdb/rocksdbjni/6.0.1/rocksdbjni-6.0.1.jar:/home/user/.m2/repository/org/apache/logging/log4j/log4j-api/2.11.0/log4j-api-2.11.0.jar:/home/user/.m2/repository/org/apache/logging/log4j/log4j-core/2.11.0/log4j-core-2.11.0.jar:/home/user/.m2/repository/com/lmax/disruptor/3.4.2/disruptor-3.4.2.jar:/home/user/.m2/repository/org/apache/commons/commons-pool2/2.6.0/commons-pool2-2.6.0.jar:/home/user/.m2/repository/org/bouncycastle/bcpkix-jdk15on/1.60/bcpkix-jdk15on-1.60.jar:/home/user/.m2/repository/commons-validator/commons-validator/1.6/commons-validator-1.6.jar:/home/user/.m2/repository/commons-digester/commons-digester/1.8.1/commons-digester-1.8.1.jar:/home/user/.m2/repository/io/jaegertracing/jaeger-client/0.33.1/jaeger-client-0.33.1.jar:/home/user/.m2/repository/io/jaegertracing/jaeger-thrift/0.33.1/jaeger-thrift-0.33.1.jar:/home/user/.m2/repository/org/apache/thrift/libthrift/0.11.0/libthrift-0.11.0.jar:/home/user/.m2/repository/com/squareup/okhttp3/okhttp/3.9.0/okhttp-3.9.0.jar:/home/user/.m2/repository/com/squareup/okio/okio/1.13.0/okio-1.13.0.jar:/home/user/.m2/repository/io/jaegertracing/jaeger-core/0.33.1/jaeger-core-0.33.1.jar:/home/user/.m2/repository/io/jaegertracing/jaeger-tracerresolver/0.33.1/jaeger-tracerresolver-0.33.1.jar:/home/user/.m2/repository/io/opentracing/contrib/opentracing-tracerresolver/0.1.5/opentracing-tracerresolver-0.1.5.jar:/home/user/.m2/repository/io/opentracing/opentracing-util/0.31.0/opentracing-util-0.31.0.jar:/home/user/.m2/repository/io/opentracing/opentracing-api/0.31.0/opentracing-api-0.31.0.jar:/home/user/.m2/repository/io/opentracing/opentracing-noop/0.31.0/opentracing-noop-0.31.0.jar:/home/user/.m2/repository/org/apache/hadoop/hadoop-hdds-server-framework/0.5.0-SNAPSHOT/hadoop-hdds-server-framework-0.5.0-SNAPSHOT.jar:/home/user/.m2/repository/org/apache/hadoop/hadoop-hdds-container-service/0.5.0-SNAPSHOT/hadoop-hdds-container-service-0.5.0-SNAPSHOT.jar:/home/user/.m2/repository/org/apache/hadoop/hadoop-hdds-client/0.5.0-SNAPSHOT/hadoop-hdds-client-0.5.0-SNAPSHOT.jar:/home/user/.m2/repository/org/apache/hadoop/hadoop-hdds-tools/0.5.0-SNAPSHOT/hadoop-hdds-tools-0.5.0-SNAPSHOT.jar:/home/user/.m2/repository/org/apache/hadoop/hadoop-hdds-server-scm/0.5.0-SNAPSHOT/hadoop-hdds-server-scm-0.5.0-SNAPSHOT.jar:/home/user/.m2/repository/org/apache/hadoop/hadoop-hdds-docs/0.5.0-SNAPSHOT/hadoop-hdds-docs-0.5.0-SNAPSHOT.jar:/home/user/.m2/repository/io/dropwizard/metrics/metrics-core/3.2.4/metrics-core-3.2.4.jar:/home/user/.m2/repository/org/hamcrest/hamcrest-all/1.3/hamcrest-all-1.3.jar:/home/user/.m2/repository/org/bouncycastle/bcprov-jdk15on/1.60/bcprov-jdk15on-1.60.jar:/home/user/.m2/repository/info/picocli/picocli/3.9.6/picocli-3.9.6.jar:/home/user/.m2/repository/com/google/protobuf/protobuf-java/2.5.0/protobuf-java-2.5.0.jar:/home/user/.m2/repository/com/google/guava/guava/11.0.2/guava-11.0.2.jar:/home/user/.m2/repository/org/apache/hadoop/hadoop-ozone-ozone-manager/0.5.0-SNAPSHOT/hadoop-ozone-ozone-manager-0.5.0-SNAPSHOT.jar:/home/user/.m2/repository/org/apache/hadoop/hadoop-minikdc/3.2.0/hadoop-minikdc-3.2.0.jar:/home/user/.m2/repository/commons-io/commons-io/2.5/commons-io-2.5.jar:/home/user/.m2/repository/org/apache/kerby/kerb-simplekdc/1.0.1/kerb-simplekdc-1.0.1.jar:/home/user/.m2/repository/org/apache/kerby/kerb-client/1.0.1/kerb-client-1.0.1.jar:/home/user/.m2/repository/org/apache/kerby/kerby-config/1.0.1/kerby-config-1.0.1.jar:/home/user/.m2/repository/org/apache/kerby/kerb-core/1.0.1/kerb-core-1.0.1.jar:/home/user/.m2/repository/org/apache/kerby/kerby-pkix/1.0.1/kerby-pkix-1.0.1.jar:/home/user/.m2/repository/org/apache/kerby/kerby-asn1/1.0.1/kerby-asn1-1.0.1.jar:/home/user/.m2/repository/org/apache/kerby/kerby-util/1.0.1/kerby-util-1.0.1.jar:/home/user/.m2/repository/org/apache/kerby/kerb-common/1.0.1/kerb-common-1.0.1.jar:/home/user/.m2/repository/org/apache/kerby/kerb-crypto/1.0.1/kerb-crypto-1.0.1.jar:/home/user/.m2/repository/org/apache/kerby/kerb-util/1.0.1/kerb-util-1.0.1.jar:/home/user/.m2/repository/org/apache/kerby/token-provider/1.0.1/token-provider-1.0.1.jar:/home/user/.m2/repository/org/apache/kerby/kerb-admin/1.0.1/kerb-admin-1.0.1.jar:/home/user/.m2/repository/org/apache/kerby/kerb-server/1.0.1/kerb-server-1.0.1.jar:/home/user/.m2/repository/org/apache/kerby/kerb-identity/1.0.1/kerb-identity-1.0.1.jar:/home/user/.m2/repository/org/apache/kerby/kerby-xdr/1.0.1/kerby-xdr-1.0.1.jar:/home/user/.m2/repository/org/slf4j/slf4j-log4j12/1.7.25/slf4j-log4j12-1.7.25.jar:/home/user/.m2/repository/org/apache/hadoop/hadoop-ozone-objectstore-service/0.5.0-SNAPSHOT/hadoop-ozone-objectstore-service-0.5.0-SNAPSHOT.jar:/home/user/.m2/repository/org/apache/hadoop/hadoop-ozone-s3gateway/0.5.0-SNAPSHOT/hadoop-ozone-s3gateway-0.5.0-SNAPSHOT.jar:/home/user/.m2/repository/org/jboss/weld/servlet/weld-servlet/2.4.7.Final/weld-servlet-2.4.7.Final.jar:/home/user/.m2/repository/org/glassfish/jersey/containers/jersey-container-servlet-core/2.27/jersey-container-servlet-core-2.27.jar:/home/user/.m2/repository/org/glassfish/hk2/external/javax.inject/2.5.0-b42/javax.inject-2.5.0-b42.jar:/home/user/.m2/repository/org/glassfish/jersey/core/jersey-common/2.27/jersey-common-2.27.jar:/home/user/.m2/repository/org/glassfish/hk2/osgi-resource-locator/1.0.1/osgi-resource-locator-1.0.1.jar:/home/user/.m2/repository/javax/ws/rs/javax.ws.rs-api/2.1/javax.ws.rs-api-2.1.jar:/home/user/.m2/repository/org/glassfish/jersey/ext/cdi/jersey-cdi1x/2.27/jersey-cdi1x-2.27.jar:/home/user/.m2/repository/org/glassfish/jersey/inject/jersey-hk2/2.27/jersey-hk2-2.27.jar:/home/user/.m2/repository/org/glassfish/hk2/hk2-locator/2.5.0-b42/hk2-locator-2.5.0-b42.jar:/home/user/.m2/repository/org/javassist/javassist/3.22.0-CR2/javassist-3.22.0-CR2.jar:/home/user/.m2/repository/org/glassfish/hk2/hk2-api/2.5.0/hk2-api-2.5.0.jar:/home/user/.m2/repository/org/glassfish/hk2/external/jakarta.inject/2.5.0/jakarta.inject-2.5.0.jar:/home/user/.m2/repository/org/glassfish/hk2/hk2-utils/2.5.0/hk2-utils-2.5.0.jar:/home/user/.m2/repository/jakarta/annotation/jakarta.annotation-api/1.3.4/jakarta.annotation-api-1.3.4.jar:/home/user/.m2/repository/org/glassfish/hk2/external/aopalliance-repackaged/2.5.0/aopalliance-repackaged-2.5.0.jar:/home/user/.m2/repository/com/fasterxml/jackson/dataformat/jackson-dataformat-xml/2.9.0/jackson-dataformat-xml-2.9.0.jar:/home/user/.m2/repository/com/fasterxml/jackson/core/jackson-core/2.9.5/jackson-core-2.9.5.jar:/home/user/.m2/repository/com/fasterxml/jackson/module/jackson-module-jaxb-annotations/2.9.5/jackson-module-jaxb-annotations-2.9.5.jar:/home/user/.m2/repository/javax/enterprise/cdi-api/1.2/cdi-api-1.2.jar:/home/user/.m2/repository/javax/el/javax.el-api/3.0.0/javax.el-api-3.0.0.jar:/home/user/.m2/repository/javax/interceptor/javax.interceptor-api/1.2/javax.interceptor-api-1.2.jar:/home/user/.m2/repository/javax/inject/javax.inject/1/javax.inject-1.jar:/home/user/.m2/repository/com/sun/xml/bind/jaxb-impl/2.3.0.1/jaxb-impl-2.3.0.1.jar:/home/user/.m2/repository/com/sun/xml/bind/jaxb-core/2.3.0.1/jaxb-core-2.3.0.1.jar:/home/user/.m2/repository/javax/xml/bind/jaxb-api/2.3.0/jaxb-api-2.3.0.jar:/home/user/.m2/repository/javax/activation/activation/1.1.1/activation-1.1.1.jar:/home/user/.m2/repository/org/apache/hadoop/hadoop-ozone-csi/0.5.0-SNAPSHOT/hadoop-ozone-csi-0.5.0-SNAPSHOT.jar:/home/user/.m2/repository/com/google/protobuf/protobuf-java-util/3.5.1/protobuf-java-util-3.5.1.jar:/home/user/.m2/repository/org/apache/hadoop/hadoop-hdds-config/0.5.0-SNAPSHOT/hadoop-hdds-config-0.5.0-SNAPSHOT.jar:/home/user/.m2/repository/io/grpc/grpc-netty/1.17.1/grpc-netty-1.17.1.jar:/home/user/.m2/repository/io/grpc/grpc-core/1.17.1/grpc-core-1.17.1.jar:/home/user/.m2/repository/io/grpc/grpc-context/1.17.1/grpc-context-1.17.1.jar:/home/user/.m2/repository/com/google/errorprone/error_prone_annotations/2.2.0/error_prone_annotations-2.2.0.jar:/home/user/.m2/repository/org/codehaus/mojo/animal-sniffer-annotations/1.17/animal-sniffer-annotations-1.17.jar:/home/user/.m2/repository/io/opencensus/opencensus-api/0.17.0/opencensus-api-0.17.0.jar:/home/user/.m2/repository/io/opencensus/opencensus-contrib-grpc-metrics/0.17.0/opencensus-contrib-grpc-metrics-0.17.0.jar:/home/user/.m2/repository/io/netty/netty-codec-http2/4.1.30.Final/netty-codec-http2-4.1.30.Final.jar:/home/user/.m2/repository/io/netty/netty-codec-http/4.1.30.Final/netty-codec-http-4.1.30.Final.jar:/home/user/.m2/repository/io/netty/netty-codec/4.1.30.Final/netty-codec-4.1.30.Final.jar:/home/user/.m2/repository/io/netty/netty-handler/4.1.30.Final/netty-handler-4.1.30.Final.jar:/home/user/.m2/repository/io/netty/netty-handler-proxy/4.1.30.Final/netty-handler-proxy-4.1.30.Final.jar:/home/user/.m2/repository/io/netty/netty-codec-socks/4.1.30.Final/netty-codec-socks-4.1.30.Final.jar:/home/user/.m2/repository/io/netty/netty-transport-native-epoll/4.1.30.Final/netty-transport-native-epoll-4.1.30.Final.jar:/home/user/.m2/repository/io/netty/netty-common/4.1.30.Final/netty-common-4.1.30.Final.jar:/home/user/.m2/repository/io/netty/netty-buffer/4.1.30.Final/netty-buffer-4.1.30.Final.jar:/home/user/.m2/repository/io/netty/netty-transport/4.1.30.Final/netty-transport-4.1.30.Final.jar:/home/user/.m2/repository/io/netty/netty-resolver/4.1.30.Final/netty-resolver-4.1.30.Final.jar:/home/user/.m2/repository/io/netty/netty-transport-native-unix-common/4.1.30.Final/netty-transport-native-unix-common-4.1.30.Final.jar:/home/user/.m2/repository/io/grpc/grpc-protobuf/1.17.1/grpc-protobuf-1.17.1.jar:/home/user/.m2/repository/com/google/api/grpc/proto-google-common-protos/1.0.0/proto-google-common-protos-1.0.0.jar:/home/user/.m2/repository/io/grpc/grpc-protobuf-lite/1.17.1/grpc-protobuf-lite-1.17.1.jar:/home/user/.m2/repository/io/grpc/grpc-stub/1.17.1/grpc-stub-1.17.1.jar:/home/user/.m2/repository/org/apache/hadoop/hadoop-ozone-recon/0.5.0-SNAPSHOT/hadoop-ozone-recon-0.5.0-SNAPSHOT.jar:/home/user/.m2/repository/org/apache/hadoop/hadoop-ozone-reconcodegen/0.5.0-SNAPSHOT/hadoop-ozone-reconcodegen-0.5.0-SNAPSHOT.jar:/home/user/.m2/repository/com/google/inject/extensions/guice-multibindings/4.0/guice-multibindings-4.0.jar:/home/user/.m2/repository/com/google/inject/guice/4.0/guice-4.0.jar:/home/user/.m2/repository/aopalliance/aopalliance/1.0/aopalliance-1.0.jar:/home/user/.m2/repository/com/google/inject/extensions/guice-servlet/4.0/guice-servlet-4.0.jar:/home/user/.m2/repository/org/glassfish/jersey/containers/jersey-container-servlet/2.27/jersey-container-servlet-2.27.jar:/home/user/.m2/repository/org/glassfish/hk2/guice-bridge/2.5.0/guice-bridge-2.5.0.jar:/home/user/.m2/repository/org/glassfish/jersey/core/jersey-server/2.27/jersey-server-2.27.jar:/home/user/.m2/repository/org/glassfish/jersey/core/jersey-client/2.27/jersey-client-2.27.jar:/home/user/.m2/repository/org/glassfish/jersey/media/jersey-media-jaxb/2.27/jersey-media-jaxb-2.27.jar:/home/user/.m2/repository/javax/validation/validation-api/1.1.0.Final/validation-api-1.1.0.Final.jar:/home/user/.m2/repository/org/glassfish/jersey/media/jersey-media-json-jackson/2.27/jersey-media-json-jackson-2.27.jar:/home/user/.m2/repository/org/glassfish/jersey/ext/jersey-entity-filtering/2.27/jersey-entity-filtering-2.27.jar:/home/user/.m2/repository/com/google/inject/extensions/guice-assistedinject/4.0/guice-assistedinject-4.0.jar:/home/user/.m2/repository/org/jooq/jooq/3.11.10/jooq-3.11.10.jar:/home/user/.m2/repository/org/jooq/jooq-meta/3.11.10/jooq-meta-3.11.10.jar:/home/user/.m2/repository/org/jooq/jooq-codegen/3.11.10/jooq-codegen-3.11.10.jar:/home/user/.m2/repository/com/jolbox/bonecp/0.8.0.RELEASE/bonecp-0.8.0.RELEASE.jar:/home/user/.m2/repository/org/xerial/sqlite-jdbc/3.25.2/sqlite-jdbc-3.25.2.jar:/home/user/.m2/repository/org/springframework/spring-jdbc/5.1.3.RELEASE/spring-jdbc-5.1.3.RELEASE.jar:/home/user/.m2/repository/org/springframework/spring-beans/5.1.3.RELEASE/spring-beans-5.1.3.RELEASE.jar:/home/user/.m2/repository/org/springframework/spring-core/5.1.3.RELEASE/spring-core-5.1.3.RELEASE.jar:/home/user/.m2/repository/org/springframework/spring-jcl/5.1.3.RELEASE/spring-jcl-5.1.3.RELEASE.jar:/home/user/.m2/repository/org/springframework/spring-tx/5.1.3.RELEASE/spring-tx-5.1.3.RELEASE.jar:/home/user/.m2/repository/org/apache/hadoop/hadoop-ozone-client/0.5.0-SNAPSHOT/hadoop-ozone-client-0.5.0-SNAPSHOT.jar:/home/user/.m2/repository/commons-lang/commons-lang/2.6/commons-lang-2.6.jar:/home/user/.m2/repository/org/apache/hadoop/hadoop-ozone-ozone-manager/0.5.0-SNAPSHOT/hadoop-ozone-ozone-manager-0.5.0-SNAPSHOT-tests.jar:/home/user/.m2/repository/junit/junit/4.11/junit-4.11.jar:/home/user/.m2/repository/org/hamcrest/hamcrest-core/1.3/hamcrest-core-1.3.jar:/home/user/.m2/repository/org/openjdk/jmh/jmh-core/1.19/jmh-core-1.19.jar:/home/user/.m2/repository/net/sf/jopt-simple/jopt-simple/4.6/jopt-simple-4.6.jar:/home/user/.m2/repository/org/apache/commons/commons-math3/3.1.1/commons-math3-3.1.1.jar:/home/user/.m2/repository/org/openjdk/jmh/jmh-generator-annprocess/1.19/jmh-generator-annprocess-1.19.jar:/home/user/.m2/repository/org/mockito/mockito-all/1.8.5/mockito-all-1.8.5.jar:/home/user/.m2/repository/org/apache/hadoop/hadoop-kms/3.2.0/hadoop-kms-3.2.0.jar:/home/user/.m2/repository/org/apache/hadoop/hadoop-auth/3.2.0/hadoop-auth-3.2.0.jar:/home/user/.m2/repository/com/nimbusds/nimbus-jose-jwt/4.41.1/nimbus-jose-jwt-4.41.1.jar:/home/user/.m2/repository/com/github/stephenc/jcip/jcip-annotations/1.0-1/jcip-annotations-1.0-1.jar:/home/user/.m2/repository/net/minidev/json-smart/2.3/json-smart-2.3.jar:/home/user/.m2/repository/net/minidev/accessors-smart/1.2/accessors-smart-1.2.jar:/home/user/.m2/repository/org/ow2/asm/asm/5.0.4/asm-5.0.4.jar:/home/user/.m2/repository/org/apache/curator/curator-framework/2.12.0/curator-framework-2.12.0.jar:/home/user/.m2/repository/com/sun/jersey/jersey-core/1.19/jersey-core-1.19.jar:/home/user/.m2/repository/javax/ws/rs/jsr311-api/1.1.1/jsr311-api-1.1.1.jar:/home/user/.m2/repository/com/sun/jersey/jersey-server/1.19/jersey-server-1.19.jar:/home/user/.m2/repository/javax/servlet/javax.servlet-api/3.1.0/javax.servlet-api-3.1.0.jar:/home/user/.m2/repository/org/eclipse/jetty/jetty-server/9.3.24.v20180605/jetty-server-9.3.24.v20180605.jar:/home/user/.m2/repository/org/eclipse/jetty/jetty-http/9.3.24.v20180605/jetty-http-9.3.24.v20180605.jar:/home/user/.m2/repository/org/eclipse/jetty/jetty-io/9.3.24.v20180605/jetty-io-9.3.24.v20180605.jar:/home/user/.m2/repository/org/eclipse/jetty/jetty-webapp/9.3.24.v20180605/jetty-webapp-9.3.24.v20180605.jar:/home/user/.m2/repository/org/eclipse/jetty/jetty-xml/9.3.24.v20180605/jetty-xml-9.3.24.v20180605.jar:/home/user/.m2/repository/log4j/log4j/1.2.17/log4j-1.2.17.jar:/home/user/.m2/repository/org/slf4j/slf4j-api/1.7.25/slf4j-api-1.7.25.jar:/home/user/.m2/repository/org/slf4j/jul-to-slf4j/1.7.25/jul-to-slf4j-1.7.25.jar:/home/user/.m2/repository/org/eclipse/jetty/jetty-util/9.3.24.v20180605/jetty-util-9.3.24.v20180605.jar:/home/user/.m2/repository/com/fasterxml/jackson/core/jackson-databind/2.9.5/jackson-databind-2.9.5.jar:/home/user/.m2/repository/org/apache/hadoop/hadoop-kms/3.2.0/hadoop-kms-3.2.0-tests.jar:/home/user/.m2/repository/org/apache/hadoop/hadoop-hdds-server-scm/0.5.0-SNAPSHOT/hadoop-hdds-server-scm-0.5.0-SNAPSHOT-tests.jar:/home/user/.m2/repository/org/apache/hadoop/hadoop-hdds-container-service/0.5.0-SNAPSHOT/hadoop-hdds-container-service-0.5.0-SNAPSHOT-tests.jar:/home/user/.m2/repository/org/yaml/snakeyaml/1.16/snakeyaml-1.16.jar:/home/user/.m2/repository/org/apache/hadoop/hadoop-common/3.2.0/hadoop-common-3.2.0-tests.jar:/home/user/.m2/repository/org/apache/hadoop/hadoop-annotations/3.2.0/hadoop-annotations-3.2.0.jar:/usr/lib/jvm/java-1.8-openjdk/jre/../lib/tools.jar:/home/user/.m2/repository/commons-cli/commons-cli/1.2/commons-cli-1.2.jar:/home/user/.m2/repository/org/apache/httpcomponents/httpclient/4.5.2/httpclient-4.5.2.jar:/home/user/.m2/repository/org/apache/httpcomponents/httpcore/4.4.4/httpcore-4.4.4.jar:/home/user/.m2/repository/commons-codec/commons-codec/1.11/commons-codec-1.11.jar:/home/user/.m2/repository/commons-net/commons-net/3.6/commons-net-3.6.jar:/home/user/.m2/repository/commons-collections/commons-collections/3.2.2/commons-collections-3.2.2.jar:/home/user/.m2/repository/org/eclipse/jetty/jetty-servlet/9.3.24.v20180605/jetty-servlet-9.3.24.v20180605.jar:/home/user/.m2/repository/org/eclipse/jetty/jetty-security/9.3.24.v20180605/jetty-security-9.3.24.v20180605.jar:/home/user/.m2/repository/javax/servlet/jsp/jsp-api/2.1/jsp-api-2.1.jar:/home/user/.m2/repository/com/sun/jersey/jersey-servlet/1.19/jersey-servlet-1.19.jar:/home/user/.m2/repository/com/sun/jersey/jersey-json/1.19/jersey-json-1.19.jar:/home/user/.m2/repository/org/codehaus/jettison/jettison/1.1/jettison-1.1.jar:/home/user/.m2/repository/org/codehaus/jackson/jackson-core-asl/1.9.13/jackson-core-asl-1.9.13.jar:/home/user/.m2/repository/org/codehaus/jackson/jackson-mapper-asl/1.9.13/jackson-mapper-asl-1.9.13.jar:/home/user/.m2/repository/org/codehaus/jackson/jackson-jaxrs/1.9.13/jackson-jaxrs-1.9.13.jar:/home/user/.m2/repository/org/codehaus/jackson/jackson-xc/1.9.13/jackson-xc-1.9.13.jar:/home/user/.m2/repository/commons-logging/commons-logging/1.1.3/commons-logging-1.1.3.jar:/home/user/.m2/repository/commons-beanutils/commons-beanutils/1.9.3/commons-beanutils-1.9.3.jar:/home/user/.m2/repository/org/apache/commons/commons-configuration2/2.1.1/commons-configuration2-2.1.1.jar:/home/user/.m2/repository/org/apache/commons/commons-lang3/3.7/commons-lang3-3.7.jar:/home/user/.m2/repository/org/apache/commons/commons-text/1.4/commons-text-1.4.jar:/home/user/.m2/repository/org/apache/avro/avro/1.7.7/avro-1.7.7.jar:/home/user/.m2/repository/com/thoughtworks/paranamer/paranamer/2.3/paranamer-2.3.jar:/home/user/.m2/repository/org/xerial/snappy/snappy-java/1.0.5/snappy-java-1.0.5.jar:/home/user/.m2/repository/com/google/re2j/re2j/1.1/re2j-1.1.jar:/home/user/.m2/repository/com/google/code/gson/gson/2.2.4/gson-2.2.4.jar:/home/user/.m2/repository/com/jcraft/jsch/0.1.54/jsch-0.1.54.jar:/home/user/.m2/repository/org/apache/curator/curator-client/2.12.0/curator-client-2.12.0.jar:/home/user/.m2/repository/org/apache/curator/curator-recipes/2.12.0/curator-recipes-2.12.0.jar:/home/user/.m2/repository/com/google/code/findbugs/jsr305/3.0.0/jsr305-3.0.0.jar:/home/user/.m2/repository/org/apache/htrace/htrace-core4/4.1.0-incubating/htrace-core4-4.1.0-incubating.jar:/home/user/.m2/repository/org/apache/zookeeper/zookeeper/3.4.13/zookeeper-3.4.13.jar:/home/user/.m2/repository/org/apache/yetus/audience-annotations/0.5.0/audience-annotations-0.5.0.jar:/home/user/.m2/repository/org/codehaus/woodstox/stax2-api/3.1.4/stax2-api-3.1.4.jar:/home/user/.m2/repository/com/fasterxml/woodstox/woodstox-core/5.0.3/woodstox-core-5.0.3.jar:/home/user/.m2/repository/dnsjava/dnsjava/2.1.7/dnsjava-2.1.7.jar:/home/user/.m2/repository/org/apache/hadoop/hadoop-hdfs/3.2.0/hadoop-hdfs-3.2.0-tests.jar:/home/user/.m2/repository/org/eclipse/jetty/jetty-util-ajax/9.3.24.v20180605/jetty-util-ajax-9.3.24.v20180605.jar:/home/user/.m2/repository/commons-daemon/commons-daemon/1.0.13/commons-daemon-1.0.13.jar:/home/user/.m2/repository/io/netty/netty/3.10.5.Final/netty-3.10.5.Final.jar:/home/user/.m2/repository/io/netty/netty-all/4.0.52.Final/netty-all-4.0.52.Final.jar:/home/user/.m2/repository/org/fusesource/leveldbjni/leveldbjni-all/1.8/leveldbjni-all-1.8.jar:"/>
    <property name="sun.cpu.endian" value="little"/>
    <property name="user.home" value="/home/user"/>
    <property name="user.language" value="en"/>
    <property name="java.specification.vendor" value="Oracle Corporation"/>
    <property name="java.home" value="/usr/lib/jvm/java-1.8-openjdk/jre"/>
    <property name="java.security.krb5.conf" value="/workdir/hadoop-ozone/integration-test/target/test-classes/krb5.conf"/>
    <property name="basedir" value="/workdir/hadoop-ozone/integration-test"/>
    <property name="file.separator" value="/"/>
    <property name="line.separator" value="&#10;"/>
    <property name="java.vm.specification.vendor" value="Oracle Corporation"/>
    <property name="java.specification.name" value="Java Platform API Specification"/>
    <property name="java.awt.graphicsenv" value="sun.awt.X11GraphicsEnvironment"/>
    <property name="surefire.real.class.path" value="/workdir/hadoop-ozone/integration-test/target/surefire/surefirebooter3858550870858901530.jar"/>
    <property name="hadoop.log.dir" value="/workdir/hadoop-ozone/integration-test/target/log"/>
    <property name="sun.boot.class.path" value="/usr/lib/jvm/java-1.8-openjdk/jre/lib/resources.jar:/usr/lib/jvm/java-1.8-openjdk/jre/lib/rt.jar:/usr/lib/jvm/java-1.8-openjdk/jre/lib/sunrsasign.jar:/usr/lib/jvm/java-1.8-openjdk/jre/lib/jsse.jar:/usr/lib/jvm/java-1.8-openjdk/jre/lib/jce.jar:/usr/lib/jvm/java-1.8-openjdk/jre/lib/charsets.jar:/usr/lib/jvm/java-1.8-openjdk/jre/lib/jfr.jar:/usr/lib/jvm/java-1.8-openjdk/jre/classes"/>
    <property name="sun.management.compiler" value="HotSpot 64-Bit Tiered Compilers"/>
    <property name="java.runtime.version" value="1.8.0_212-b04"/>
    <property name="java.net.preferIPv4Stack" value="true"/>
    <property name="user.name" value="jenkins1000"/>
    <property name="path.separator" value=":"/>
    <property name="java.security.egd" value="file:///dev/urandom"/>
    <property name="os.version" value="3.10.0-957.12.2.el7.x86_64"/>
    <property name="java.endorsed.dirs" value="/usr/lib/jvm/java-1.8-openjdk/jre/lib/endorsed"/>
    <property name="java.runtime.name" value="OpenJDK Runtime Environment"/>
    <property name="file.encoding" value="UTF-8"/>
    <property name="java.vm.name" value="OpenJDK 64-Bit Server VM"/>
    <property name="test.build.webapps" value=""/>
    <property name="localRepository" value="/home/user/.m2/repository"/>
    <property name="java.vendor.url.bug" value="https://icedtea.classpath.org/bugzilla"/>
    <property name="java.io.tmpdir" value="/tmp"/>
    <property name="require.test.libhadoop" value=""/>
    <property name="java.version" value="1.8.0_212"/>
    <property name="user.dir" value="/workdir/hadoop-ozone/integration-test"/>
    <property name="os.arch" value="amd64"/>
    <property name="java.vm.specification.name" value="Java Virtual Machine Specification"/>
    <property name="test.build.classes" value="/workdir/hadoop-ozone/integration-test/target/test-classes"/>
    <property name="java.awt.printerjob" value="sun.print.PSPrinterJob"/>
    <property name="sun.os.patch.level" value="unknown"/>
    <property name="hadoop.tmp.dir" value="/workdir/hadoop-ozone/integration-test/target/tmp"/>
    <property name="java.library.path" value="/usr/lib/jvm/java-1.8-openjdk/jre/lib/amd64/server:/usr/lib/jvm/java-1.8-openjdk/jre/lib/amd64:/usr/lib/jvm/java-1.8-openjdk/jre/../lib/amd64:/workdir/hadoop-ozone/integration-test/target/native/target/usr/local/lib:/workdir/hadoop-ozone/integration-test/../../hadoop-common-project/hadoop-common/target/native/target/usr/local/lib:/usr/java/packages/lib/amd64:/usr/lib64:/lib64:/lib:/usr/lib"/>
    <property name="java.vm.info" value="mixed mode"/>
    <property name="java.vendor" value="IcedTea"/>
    <property name="java.vm.version" value="25.212-b04"/>
    <property name="java.ext.dirs" value="/usr/lib/jvm/java-1.8-openjdk/jre/lib/ext:/usr/java/packages/lib/ext"/>
    <property name="sun.io.unicode.encoding" value="UnicodeLittle"/>
    <property name="java.class.version" value="52.0"/>
  </properties>
  <testcase name="testReleaseBuffers" classname="org.apache.hadoop.ozone.client.rpc.TestCommitWatcher" time="11.118"/>
  <testcase name="testReleaseBuffersOnException" classname="org.apache.hadoop.ozone.client.rpc.TestCommitWatcher" time="10.807">
    <failure type="java.lang.AssertionError">java.lang.AssertionError
	at org.junit.Assert.fail(Assert.java:86)
	at org.junit.Assert.assertTrue(Assert.java:41)
	at org.junit.Assert.assertTrue(Assert.java:52)
	at org.apache.hadoop.ozone.client.rpc.TestCommitWatcher.testReleaseBuffersOnException(TestCommitWatcher.java:284)
	at sun.reflect.NativeMethodAccessorImpl.invoke0(Native Method)
	at sun.reflect.NativeMethodAccessorImpl.invoke(NativeMethodAccessorImpl.java:62)
	at sun.reflect.DelegatingMethodAccessorImpl.invoke(DelegatingMethodAccessorImpl.java:43)
	at java.lang.reflect.Method.invoke(Method.java:498)
	at org.junit.runners.model.FrameworkMethod$1.runReflectiveCall(FrameworkMethod.java:47)
	at org.junit.internal.runners.model.ReflectiveCallable.run(ReflectiveCallable.java:12)
	at org.junit.runners.model.FrameworkMethod.invokeExplosively(FrameworkMethod.java:44)
	at org.junit.internal.runners.statements.InvokeMethod.evaluate(InvokeMethod.java:17)
	at org.junit.runners.ParentRunner.runLeaf(ParentRunner.java:271)
	at org.junit.runners.BlockJUnit4ClassRunner.runChild(BlockJUnit4ClassRunner.java:70)
	at org.junit.runners.BlockJUnit4ClassRunner.runChild(BlockJUnit4ClassRunner.java:50)
	at org.junit.runners.ParentRunner$3.run(ParentRunner.java:238)
	at org.junit.runners.ParentRunner$1.schedule(ParentRunner.java:63)
	at org.junit.runners.ParentRunner.runChildren(ParentRunner.java:236)
	at org.junit.runners.ParentRunner.access$000(ParentRunner.java:53)
	at org.junit.runners.ParentRunner$2.evaluate(ParentRunner.java:229)
	at org.junit.internal.runners.statements.RunBefores.evaluate(RunBefores.java:26)
	at org.junit.internal.runners.statements.RunAfters.evaluate(RunAfters.java:27)
	at org.junit.runners.ParentRunner.run(ParentRunner.java:309)
	at org.apache.maven.surefire.junit4.JUnit4Provider.execute(JUnit4Provider.java:365)
	at org.apache.maven.surefire.junit4.JUnit4Provider.executeWithRerun(JUnit4Provider.java:273)
	at org.apache.maven.surefire.junit4.JUnit4Provider.executeTestSet(JUnit4Provider.java:238)
	at org.apache.maven.surefire.junit4.JUnit4Provider.invoke(JUnit4Provider.java:159)
	at org.apache.maven.surefire.booter.ForkedBooter.invokeProviderInSameClassLoader(ForkedBooter.java:384)
	at org.apache.maven.surefire.booter.ForkedBooter.runSuitesInProcess(ForkedBooter.java:345)
	at org.apache.maven.surefire.booter.ForkedBooter.execute(ForkedBooter.java:126)
	at org.apache.maven.surefire.booter.ForkedBooter.main(ForkedBooter.java:418)
</failure>
    <system-out><![CDATA[2019-08-20 21:47:25,891 | INFO  | SCMAudit | user=jenkins1000 | ip=192.168.34.20 | op=SEND_HEARTBEAT {datanodeUUID=001a1f54-7b7d-4f94-b0b5-3a9dc1d9a8cd, command=[]} | ret=SUCCESS |  
2019-08-20 21:47:25,909 [grpc-default-executor-0] INFO  client.GrpcClientProtocolClient (GrpcClientProtocolClient.java:onNext(255)) - client-4EB28E0F73F9->e4dff114-fc22-4b14-9504-3bcdc411fc6d: receive RaftClientReply:client-4EB28E0F73F9->e4dff114-fc22-4b14-9504-3bcdc411fc6d@group-9191E360AFBF, cid=17, FAILED org.apache.ratis.protocol.NotLeaderException: Server e4dff114-fc22-4b14-9504-3bcdc411fc6d is not the leader (cd6a06a1-f986-440b-af61-12d2fe6f6194:192.168.34.20:36199). Request must be sent to leader., logIndex=0, commits[e4dff114-fc22-4b14-9504-3bcdc411fc6d:c0, 001a1f54-7b7d-4f94-b0b5-3a9dc1d9a8cd:c0, cd6a06a1-f986-440b-af61-12d2fe6f6194:c0]
2019-08-20 21:47:26,060 | INFO  | SCMAudit | user=jenkins1000 | ip=192.168.34.20 | op=SEND_HEARTBEAT {datanodeUUID=e4dff114-fc22-4b14-9504-3bcdc411fc6d, command=[]} | ret=SUCCESS |  
2019-08-20 21:47:26,129 | INFO  | SCMAudit | user=jenkins1000 | ip=192.168.34.20 | op=SEND_HEARTBEAT {datanodeUUID=cd6a06a1-f986-440b-af61-12d2fe6f6194, command=[]} | ret=SUCCESS |  
2019-08-20 21:47:26,129 | INFO  | SCMAudit | user=jenkins1000 | ip=192.168.34.20 | op=SEND_HEARTBEAT {datanodeUUID=e4dff114-fc22-4b14-9504-3bcdc411fc6d, command=[]} | ret=SUCCESS |  
2019-08-20 21:47:26,129 | INFO  | SCMAudit | user=jenkins1000 | ip=192.168.34.20 | op=SEND_HEARTBEAT {datanodeUUID=001a1f54-7b7d-4f94-b0b5-3a9dc1d9a8cd, command=[]} | ret=SUCCESS |  
2019-08-20 21:47:26,135 | INFO  | DNAudit | user=null | ip=null | op=WRITE_CHUNK {blockData=conID: 2 locID: 1566337645856 bcsId: 0} | ret=SUCCESS |  
2019-08-20 21:47:26,135 | INFO  | DNAudit | user=null | ip=null | op=WRITE_CHUNK {blockData=conID: 2 locID: 1566337645856 bcsId: 0} | ret=SUCCESS |  
2019-08-20 21:47:26,135 | INFO  | DNAudit | user=null | ip=null | op=WRITE_CHUNK {blockData=conID: 2 locID: 1566337645856 bcsId: 0} | ret=SUCCESS |  
2019-08-20 21:47:26,154 | INFO  | DNAudit | user=null | ip=null | op=WRITE_CHUNK {blockData=conID: 2 locID: 1566337645856 bcsId: 0} | ret=SUCCESS |  
2019-08-20 21:47:26,163 [grpc-default-executor-4] INFO  client.GrpcClientProtocolClient (GrpcClientProtocolClient.java:onNext(255)) - client-4EB28E0F73F9->cd6a06a1-f986-440b-af61-12d2fe6f6194: receive RaftClientReply:client-4EB28E0F73F9->cd6a06a1-f986-440b-af61-12d2fe6f6194@group-9191E360AFBF, cid=17, SUCCESS, logIndex=1, commits[cd6a06a1-f986-440b-af61-12d2fe6f6194:c1, e4dff114-fc22-4b14-9504-3bcdc411fc6d:c0, 001a1f54-7b7d-4f94-b0b5-3a9dc1d9a8cd:c0]
2019-08-20 21:47:26,174 | INFO  | DNAudit | user=null | ip=null | op=WRITE_CHUNK {blockData=conID: 2 locID: 1566337645856 bcsId: 0} | ret=SUCCESS |  
2019-08-20 21:47:26,174 | INFO  | DNAudit | user=null | ip=null | op=WRITE_CHUNK {blockData=conID: 2 locID: 1566337645856 bcsId: 0} | ret=SUCCESS |  
2019-08-20 21:47:26,181 [pool-48-thread-4] WARN  impl.ChunkManagerImpl (ChunkUtils.java:validateChunkForOverwrite(218)) - Duplicate write chunk request. Chunk overwrite without explicit request. ChunkInfo{chunkName='1566337645856.data.0, offset=0, len=1048576}
2019-08-20 21:47:26,182 [pool-48-thread-4] WARN  impl.ChunkManagerImpl (ChunkManagerImpl.java:writeChunk(111)) - ChunkFile already exists/workdir/hadoop-ozone/integration-test/target/test-dir/MiniOzoneClusterImpl-a4b83ac6-92ec-4692-ba5e-af8e5cc762cb/datanode-2/data/containers/hdds/4c9ff27b-4dd9-4c9b-9b22-5fa2a2d2e411/current/containerDir0/2/chunks/1566337645856.data.0.Deleting it.
2019-08-20 21:47:26,183 | INFO  | SCMAudit | user=jenkins1000 | ip=192.168.34.20 | op=SEND_HEARTBEAT {datanodeUUID=5100fc37-2687-4ab9-8519-81e739828fba, command=[]} | ret=SUCCESS |  
2019-08-20 21:47:26,186 | INFO  | DNAudit | user=null | ip=null | op=WRITE_CHUNK {blockData=conID: 2 locID: 1566337645856 bcsId: 0} | ret=SUCCESS |  
2019-08-20 21:47:26,191 [pool-81-thread-2] WARN  impl.ChunkManagerImpl (ChunkUtils.java:validateChunkForOverwrite(218)) - Duplicate write chunk request. Chunk overwrite without explicit request. ChunkInfo{chunkName='1566337645856.data.0, offset=0, len=1048576}
2019-08-20 21:47:26,196 [pool-81-thread-2] WARN  impl.ChunkManagerImpl (ChunkManagerImpl.java:writeChunk(111)) - ChunkFile already exists/workdir/hadoop-ozone/integration-test/target/test-dir/MiniOzoneClusterImpl-a4b83ac6-92ec-4692-ba5e-af8e5cc762cb/datanode-5/data/containers/hdds/4c9ff27b-4dd9-4c9b-9b22-5fa2a2d2e411/current/containerDir0/2/chunks/1566337645856.data.0.Deleting it.
2019-08-20 21:47:26,201 [pool-59-thread-2] WARN  impl.ChunkManagerImpl (ChunkUtils.java:validateChunkForOverwrite(218)) - Duplicate write chunk request. Chunk overwrite without explicit request. ChunkInfo{chunkName='1566337645856.data.0, offset=0, len=1048576}
2019-08-20 21:47:26,201 [pool-59-thread-2] WARN  impl.ChunkManagerImpl (ChunkManagerImpl.java:writeChunk(111)) - ChunkFile already exists/workdir/hadoop-ozone/integration-test/target/test-dir/MiniOzoneClusterImpl-a4b83ac6-92ec-4692-ba5e-af8e5cc762cb/datanode-3/data/containers/hdds/4c9ff27b-4dd9-4c9b-9b22-5fa2a2d2e411/current/containerDir0/2/chunks/1566337645856.data.0.Deleting it.
2019-08-20 21:47:26,202 | INFO  | DNAudit | user=null | ip=null | op=WRITE_CHUNK {blockData=conID: 2 locID: 1566337645856 bcsId: 0} | ret=SUCCESS |  
2019-08-20 21:47:26,205 | INFO  | DNAudit | user=null | ip=null | op=WRITE_CHUNK {blockData=conID: 2 locID: 1566337645856 bcsId: 0} | ret=SUCCESS |  
2019-08-20 21:47:26,252 | INFO  | DNAudit | user=null | ip=null | op=PUT_BLOCK {blockData=[blockId=conID: 2 locID: 1566337645856 bcsId: 0,size=1048576]} | ret=SUCCESS |  
2019-08-20 21:47:26,271 | INFO  | DNAudit | user=null | ip=null | op=WRITE_CHUNK {blockData=conID: 2 locID: 1566337645856 bcsId: 0} | ret=SUCCESS |  
2019-08-20 21:47:26,273 [grpc-default-executor-4] INFO  client.GrpcClientProtocolClient (GrpcClientProtocolClient.java:onNext(255)) - client-4EB28E0F73F9->cd6a06a1-f986-440b-af61-12d2fe6f6194: receive RaftClientReply:client-4EB28E0F73F9->cd6a06a1-f986-440b-af61-12d2fe6f6194@group-9191E360AFBF, cid=18, SUCCESS, logIndex=3, commits[cd6a06a1-f986-440b-af61-12d2fe6f6194:c8, e4dff114-fc22-4b14-9504-3bcdc411fc6d:c6, 001a1f54-7b7d-4f94-b0b5-3a9dc1d9a8cd:c6]
2019-08-20 21:47:26,274 [grpc-default-executor-4] INFO  client.GrpcClientProtocolClient (GrpcClientProtocolClient.java:onNext(255)) - client-4EB28E0F73F9->cd6a06a1-f986-440b-af61-12d2fe6f6194: receive RaftClientReply:client-4EB28E0F73F9->cd6a06a1-f986-440b-af61-12d2fe6f6194@group-9191E360AFBF, cid=19, SUCCESS, logIndex=4, commits[cd6a06a1-f986-440b-af61-12d2fe6f6194:c8, e4dff114-fc22-4b14-9504-3bcdc411fc6d:c6, 001a1f54-7b7d-4f94-b0b5-3a9dc1d9a8cd:c6]
2019-08-20 21:47:26,309 | INFO  | DNAudit | user=null | ip=null | op=PUT_BLOCK {blockData=[blockId=conID: 2 locID: 1566337645856 bcsId: 0,size=1048576]} | ret=SUCCESS |  
2019-08-20 21:47:26,310 | INFO  | DNAudit | user=null | ip=null | op=WRITE_CHUNK {blockData=conID: 2 locID: 1566337645856 bcsId: 0} | ret=SUCCESS |  
2019-08-20 21:47:26,369 | INFO  | DNAudit | user=null | ip=null | op=PUT_BLOCK {blockData=[blockId=conID: 2 locID: 1566337645856 bcsId: 0,size=1048576]} | ret=SUCCESS |  
2019-08-20 21:47:26,369 | INFO  | DNAudit | user=null | ip=null | op=PUT_BLOCK {blockData=[blockId=conID: 2 locID: 1566337645856 bcsId: 0,size=1048576]} | ret=SUCCESS |  
2019-08-20 21:47:26,369 | INFO  | DNAudit | user=null | ip=null | op=PUT_BLOCK {blockData=[blockId=conID: 2 locID: 1566337645856 bcsId: 0,size=1048576]} | ret=SUCCESS |  
2019-08-20 21:47:26,370 | INFO  | DNAudit | user=null | ip=null | op=WRITE_CHUNK {blockData=conID: 2 locID: 1566337645856 bcsId: 0} | ret=SUCCESS |  
2019-08-20 21:47:26,371 | INFO  | DNAudit | user=null | ip=null | op=PUT_BLOCK {blockData=[blockId=conID: 2 locID: 1566337645856 bcsId: 0,size=1048576]} | ret=SUCCESS |  
2019-08-20 21:47:26,372 [grpc-default-executor-4] INFO  client.GrpcClientProtocolClient (GrpcClientProtocolClient.java:onNext(255)) - client-4EB28E0F73F9->cd6a06a1-f986-440b-af61-12d2fe6f6194: receive RaftClientReply:client-4EB28E0F73F9->cd6a06a1-f986-440b-af61-12d2fe6f6194@group-9191E360AFBF, cid=20, SUCCESS, logIndex=5, commits[cd6a06a1-f986-440b-af61-12d2fe6f6194:c8, e4dff114-fc22-4b14-9504-3bcdc411fc6d:c6, 001a1f54-7b7d-4f94-b0b5-3a9dc1d9a8cd:c6]
2019-08-20 21:47:26,373 [main] INFO  datanode.ObjectStoreHandler (ObjectStoreHandler.java:close(155)) - Closing ObjectStoreHandler.
2019-08-20 21:47:26,375 [main] INFO  ozone.HddsDatanodeService (HddsDatanodeService.java:stop(451)) - Stopped plug-in org.apache.hadoop.ozone.web.OzoneHddsDatanodeService@563317c1
2019-08-20 21:47:26,536 | INFO  | SCMAudit | user=jenkins1000 | ip=192.168.34.20 | op=SEND_HEARTBEAT {datanodeUUID=2e5955aa-b0fd-4b0c-998d-9b68b85d9d1e, command=[]} | ret=SUCCESS |  
2019-08-20 21:47:26,594 | INFO  | SCMAudit | user=jenkins1000 | ip=192.168.34.20 | op=SEND_HEARTBEAT {datanodeUUID=53cadb92-5eaa-40aa-bd24-79cf4cc9ba4c, command=[]} | ret=SUCCESS |  
2019-08-20 21:47:26,613 | INFO  | SCMAudit | user=jenkins1000 | ip=192.168.34.20 | op=SEND_HEARTBEAT {datanodeUUID=d6442f85-42b7-4555-b6b8-75d2f493e1a8, command=[]} | ret=SUCCESS |  
2019-08-20 21:47:27,128 [Datanode State Machine Thread - 0] INFO  statemachine.DatanodeStateMachine (DatanodeStateMachine.java:lambda$startDaemon$0(350)) - Ozone container server started.
2019-08-20 21:47:27,130 | INFO  | SCMAudit | user=jenkins1000 | ip=192.168.34.20 | op=SEND_HEARTBEAT {datanodeUUID=cd6a06a1-f986-440b-af61-12d2fe6f6194, command=[]} | ret=SUCCESS |  
2019-08-20 21:47:27,130 | INFO  | SCMAudit | user=jenkins1000 | ip=192.168.34.20 | op=SEND_HEARTBEAT {datanodeUUID=001a1f54-7b7d-4f94-b0b5-3a9dc1d9a8cd, command=[]} | ret=SUCCESS |  
2019-08-20 21:47:27,184 | INFO  | SCMAudit | user=jenkins1000 | ip=192.168.34.20 | op=SEND_HEARTBEAT {datanodeUUID=5100fc37-2687-4ab9-8519-81e739828fba, command=[]} | ret=SUCCESS |  
2019-08-20 21:47:27,536 | INFO  | SCMAudit | user=jenkins1000 | ip=192.168.34.20 | op=SEND_HEARTBEAT {datanodeUUID=2e5955aa-b0fd-4b0c-998d-9b68b85d9d1e, command=[]} | ret=SUCCESS |  
2019-08-20 21:47:27,594 | INFO  | SCMAudit | user=jenkins1000 | ip=192.168.34.20 | op=SEND_HEARTBEAT {datanodeUUID=53cadb92-5eaa-40aa-bd24-79cf4cc9ba4c, command=[]} | ret=SUCCESS |  
2019-08-20 21:47:27,613 | INFO  | SCMAudit | user=jenkins1000 | ip=192.168.34.20 | op=SEND_HEARTBEAT {datanodeUUID=d6442f85-42b7-4555-b6b8-75d2f493e1a8, command=[]} | ret=SUCCESS |  
2019-08-20 21:47:28,129 | INFO  | SCMAudit | user=jenkins1000 | ip=192.168.34.20 | op=SEND_HEARTBEAT {datanodeUUID=001a1f54-7b7d-4f94-b0b5-3a9dc1d9a8cd, command=[]} | ret=SUCCESS |  
2019-08-20 21:47:28,130 | INFO  | SCMAudit | user=jenkins1000 | ip=192.168.34.20 | op=SEND_HEARTBEAT {datanodeUUID=cd6a06a1-f986-440b-af61-12d2fe6f6194, command=[]} | ret=SUCCESS |  
2019-08-20 21:47:28,184 | INFO  | SCMAudit | user=jenkins1000 | ip=192.168.34.20 | op=SEND_HEARTBEAT {datanodeUUID=5100fc37-2687-4ab9-8519-81e739828fba, command=[]} | ret=SUCCESS |  
2019-08-20 21:47:28,536 | INFO  | SCMAudit | user=jenkins1000 | ip=192.168.34.20 | op=SEND_HEARTBEAT {datanodeUUID=2e5955aa-b0fd-4b0c-998d-9b68b85d9d1e, command=[]} | ret=SUCCESS |  
2019-08-20 21:47:28,594 | INFO  | SCMAudit | user=jenkins1000 | ip=192.168.34.20 | op=SEND_HEARTBEAT {datanodeUUID=53cadb92-5eaa-40aa-bd24-79cf4cc9ba4c, command=[]} | ret=SUCCESS |  
2019-08-20 21:47:28,613 | INFO  | SCMAudit | user=jenkins1000 | ip=192.168.34.20 | op=SEND_HEARTBEAT {datanodeUUID=d6442f85-42b7-4555-b6b8-75d2f493e1a8, command=[]} | ret=SUCCESS |  
2019-08-20 21:47:29,129 | INFO  | SCMAudit | user=jenkins1000 | ip=192.168.34.20 | op=SEND_HEARTBEAT {datanodeUUID=001a1f54-7b7d-4f94-b0b5-3a9dc1d9a8cd, command=[]} | ret=SUCCESS |  
2019-08-20 21:47:29,129 | INFO  | SCMAudit | user=jenkins1000 | ip=192.168.34.20 | op=SEND_HEARTBEAT {datanodeUUID=cd6a06a1-f986-440b-af61-12d2fe6f6194, command=[]} | ret=SUCCESS |  
2019-08-20 21:47:29,159 [EventQueue-StaleNodeForStaleNodeHandler] INFO  node.StaleNodeHandler (StaleNodeHandler.java:onMessage(58)) - Datanode e4dff114-fc22-4b14-9504-3bcdc411fc6d{ip: 192.168.34.20, host: pr-hdds-1973-9s4bv-3555888387, networkLocation: /default-rack, certSerialId: null} moved to stale state. Finalizing its pipelines [PipelineID=83cad25c-4aea-4a18-a17f-9191e360afbf, PipelineID=a656790e-f5b5-472f-b9ed-b5afd5fb6790]
2019-08-20 21:47:29,159 [EventQueue-StaleNodeForStaleNodeHandler] INFO  pipeline.SCMPipelineManager (SCMPipelineManager.java:finalizeAndDestroyPipeline(309)) - destroying pipeline:Pipeline[ Id: 83cad25c-4aea-4a18-a17f-9191e360afbf, Nodes: e4dff114-fc22-4b14-9504-3bcdc411fc6d{ip: 192.168.34.20, host: pr-hdds-1973-9s4bv-3555888387, networkLocation: /default-rack, certSerialId: null}001a1f54-7b7d-4f94-b0b5-3a9dc1d9a8cd{ip: 192.168.34.20, host: pr-hdds-1973-9s4bv-3555888387, networkLocation: /default-rack, certSerialId: null}cd6a06a1-f986-440b-af61-12d2fe6f6194{ip: 192.168.34.20, host: pr-hdds-1973-9s4bv-3555888387, networkLocation: /default-rack, certSerialId: null}, Type:RATIS, Factor:THREE, State:OPEN]
2019-08-20 21:47:29,161 [EventQueue-StaleNodeForStaleNodeHandler] INFO  pipeline.PipelineStateManager (PipelineStateManager.java:finalizePipeline(123)) - Pipeline Pipeline[ Id: 83cad25c-4aea-4a18-a17f-9191e360afbf, Nodes: e4dff114-fc22-4b14-9504-3bcdc411fc6d{ip: 192.168.34.20, host: pr-hdds-1973-9s4bv-3555888387, networkLocation: /default-rack, certSerialId: null}001a1f54-7b7d-4f94-b0b5-3a9dc1d9a8cd{ip: 192.168.34.20, host: pr-hdds-1973-9s4bv-3555888387, networkLocation: /default-rack, certSerialId: null}cd6a06a1-f986-440b-af61-12d2fe6f6194{ip: 192.168.34.20, host: pr-hdds-1973-9s4bv-3555888387, networkLocation: /default-rack, certSerialId: null}, Type:RATIS, Factor:THREE, State:CLOSED] moved to CLOSED state
2019-08-20 21:47:29,162 [EventQueue-CloseContainerForCloseContainerEventHandler] INFO  container.CloseContainerEventHandler (CloseContainerEventHandler.java:onMessage(61)) - Close container Event triggered for container : #2
2019-08-20 21:47:29,163 [EventQueue-StaleNodeForStaleNodeHandler] INFO  pipeline.SCMPipelineManager (SCMPipelineManager.java:finalizeAndDestroyPipeline(309)) - destroying pipeline:Pipeline[ Id: a656790e-f5b5-472f-b9ed-b5afd5fb6790, Nodes: e4dff114-fc22-4b14-9504-3bcdc411fc6d{ip: 192.168.34.20, host: pr-hdds-1973-9s4bv-3555888387, networkLocation: /default-rack, certSerialId: null}, Type:RATIS, Factor:ONE, State:OPEN]
2019-08-20 21:47:29,164 [EventQueue-StaleNodeForStaleNodeHandler] INFO  pipeline.PipelineStateManager (PipelineStateManager.java:finalizePipeline(123)) - Pipeline Pipeline[ Id: a656790e-f5b5-472f-b9ed-b5afd5fb6790, Nodes: e4dff114-fc22-4b14-9504-3bcdc411fc6d{ip: 192.168.34.20, host: pr-hdds-1973-9s4bv-3555888387, networkLocation: /default-rack, certSerialId: null}, Type:RATIS, Factor:ONE, State:CLOSED] moved to CLOSED state
2019-08-20 21:47:29,185 | INFO  | SCMAudit | user=jenkins1000 | ip=192.168.34.20 | op=SEND_HEARTBEAT {datanodeUUID=5100fc37-2687-4ab9-8519-81e739828fba, command=[]} | ret=SUCCESS |  
2019-08-20 21:47:29,536 | INFO  | SCMAudit | user=jenkins1000 | ip=192.168.34.20 | op=SEND_HEARTBEAT {datanodeUUID=2e5955aa-b0fd-4b0c-998d-9b68b85d9d1e, command=[]} | ret=SUCCESS |  
2019-08-20 21:47:29,594 | INFO  | SCMAudit | user=jenkins1000 | ip=192.168.34.20 | op=SEND_HEARTBEAT {datanodeUUID=53cadb92-5eaa-40aa-bd24-79cf4cc9ba4c, command=[]} | ret=SUCCESS |  
2019-08-20 21:47:29,613 | INFO  | SCMAudit | user=jenkins1000 | ip=192.168.34.20 | op=SEND_HEARTBEAT {datanodeUUID=d6442f85-42b7-4555-b6b8-75d2f493e1a8, command=[]} | ret=SUCCESS |  
2019-08-20 21:47:30,172 | INFO  | SCMAudit | user=jenkins1000 | ip=192.168.34.20 | op=SEND_HEARTBEAT {datanodeUUID=cd6a06a1-f986-440b-af61-12d2fe6f6194, command=[commandType: closeContainerCommand closeContainerCommandProto { containerID: 2 pipelineID { id: "83cad25c-4aea-4a18-a17f-9191e360afbf" } cmdId: 2 force: false } ]} | ret=SUCCESS |  
2019-08-20 21:47:30,172 | INFO  | SCMAudit | user=jenkins1000 | ip=192.168.34.20 | op=SEND_HEARTBEAT {datanodeUUID=001a1f54-7b7d-4f94-b0b5-3a9dc1d9a8cd, command=[commandType: closeContainerCommand closeContainerCommandProto { containerID: 2 pipelineID { id: "83cad25c-4aea-4a18-a17f-9191e360afbf" } cmdId: 2 force: false } ]} | ret=SUCCESS |  
2019-08-20 21:47:30,185 | INFO  | SCMAudit | user=jenkins1000 | ip=192.168.34.20 | op=SEND_HEARTBEAT {datanodeUUID=5100fc37-2687-4ab9-8519-81e739828fba, command=[]} | ret=SUCCESS |  
2019-08-20 21:47:30,536 | INFO  | SCMAudit | user=jenkins1000 | ip=192.168.34.20 | op=SEND_HEARTBEAT {datanodeUUID=2e5955aa-b0fd-4b0c-998d-9b68b85d9d1e, command=[]} | ret=SUCCESS |  
2019-08-20 21:47:30,595 | INFO  | SCMAudit | user=jenkins1000 | ip=192.168.34.20 | op=SEND_HEARTBEAT {datanodeUUID=53cadb92-5eaa-40aa-bd24-79cf4cc9ba4c, command=[]} | ret=SUCCESS |  
2019-08-20 21:47:30,613 | INFO  | SCMAudit | user=jenkins1000 | ip=192.168.34.20 | op=SEND_HEARTBEAT {datanodeUUID=d6442f85-42b7-4555-b6b8-75d2f493e1a8, command=[]} | ret=SUCCESS |  
2019-08-20 21:47:31,130 | INFO  | SCMAudit | user=jenkins1000 | ip=192.168.34.20 | op=SEND_HEARTBEAT {datanodeUUID=001a1f54-7b7d-4f94-b0b5-3a9dc1d9a8cd, command=[]} | ret=SUCCESS |  
2019-08-20 21:47:31,130 | INFO  | SCMAudit | user=jenkins1000 | ip=192.168.34.20 | op=SEND_HEARTBEAT {datanodeUUID=cd6a06a1-f986-440b-af61-12d2fe6f6194, command=[]} | ret=SUCCESS |  
2019-08-20 21:47:31,185 | INFO  | SCMAudit | user=jenkins1000 | ip=192.168.34.20 | op=SEND_HEARTBEAT {datanodeUUID=5100fc37-2687-4ab9-8519-81e739828fba, command=[]} | ret=SUCCESS |  
2019-08-20 21:47:31,377 [main] INFO  ozoneimpl.OzoneContainer (OzoneContainer.java:stop(199)) - Attempting to stop container services.
2019-08-20 21:47:31,379 [main] INFO  impl.RaftServerProxy (RaftServerProxy.java:lambda$close$4(314)) - e4dff114-fc22-4b14-9504-3bcdc411fc6d: close
2019-08-20 21:47:31,381 [main] INFO  impl.RaftServerImpl (RaftServerImpl.java:lambda$shutdown$3(245)) - e4dff114-fc22-4b14-9504-3bcdc411fc6d: shutdown group-9191E360AFBF
2019-08-20 21:47:31,381 [ForkJoinPool.commonPool-worker-1] INFO  impl.RaftServerImpl (RaftServerImpl.java:lambda$shutdown$3(245)) - e4dff114-fc22-4b14-9504-3bcdc411fc6d: shutdown group-B5AFD5FB6790
2019-08-20 21:47:31,382 [main] INFO  util.JmxRegister (JmxRegister.java:unregister(73)) - Successfully un-registered JMX Bean with object name Ratis:service=RaftServer,group=group-9191E360AFBF,id=e4dff114-fc22-4b14-9504-3bcdc411fc6d
2019-08-20 21:47:31,382 [ForkJoinPool.commonPool-worker-1] INFO  util.JmxRegister (JmxRegister.java:unregister(73)) - Successfully un-registered JMX Bean with object name Ratis:service=RaftServer,group=group-B5AFD5FB6790,id=e4dff114-fc22-4b14-9504-3bcdc411fc6d
2019-08-20 21:47:31,382 [main] INFO  impl.RoleInfo (RoleInfo.java:shutdownFollowerState(121)) - e4dff114-fc22-4b14-9504-3bcdc411fc6d: shutdown FollowerState
2019-08-20 21:47:31,383 [ForkJoinPool.commonPool-worker-1] INFO  impl.RoleInfo (RoleInfo.java:shutdownLeaderState(104)) - e4dff114-fc22-4b14-9504-3bcdc411fc6d: shutdown LeaderState
2019-08-20 21:47:31,383 [Thread-322] INFO  impl.FollowerState (FollowerState.java:run(114)) - e4dff114-fc22-4b14-9504-3bcdc411fc6d: FollowerState was interrupted: java.lang.InterruptedException: sleep interrupted
2019-08-20 21:47:31,383 [main] INFO  impl.StateMachineUpdater (StateMachineUpdater.java:stopAndJoin(115)) - StateMachineUpdater:e4dff114-fc22-4b14-9504-3bcdc411fc6d:group-9191E360AFBF: set stopIndex = 8
2019-08-20 21:47:31,388 [ForkJoinPool.commonPool-worker-1] INFO  impl.PendingRequests (PendingRequests.java:sendNotLeaderResponses(202)) - e4dff114-fc22-4b14-9504-3bcdc411fc6d-PendingRequests: sendNotLeaderResponses
2019-08-20 21:47:31,387 [StateMachineUpdater:e4dff114-fc22-4b14-9504-3bcdc411fc6d:group-9191E360AFBF] INFO  ratis.ContainerStateMachine (ContainerStateMachine.java:takeSnapshot(271)) - group-9191E360AFBF: Taking a snapshot at:(t:1, i:6) file /workdir/hadoop-ozone/integration-test/target/test-dir/MiniOzoneClusterImpl-a4b83ac6-92ec-4692-ba5e-af8e5cc762cb/datanode-5/data/ratis/83cad25c-4aea-4a18-a17f-9191e360afbf/sm/snapshot.1_6
2019-08-20 21:47:31,390 [ForkJoinPool.commonPool-worker-1] INFO  impl.StateMachineUpdater (StateMachineUpdater.java:stopAndJoin(115)) - StateMachineUpdater:e4dff114-fc22-4b14-9504-3bcdc411fc6d:group-B5AFD5FB6790: set stopIndex = 0
2019-08-20 21:47:31,408 [ForkJoinPool.commonPool-worker-1] INFO  impl.RaftServerImpl (ServerState.java:close(394)) - e4dff114-fc22-4b14-9504-3bcdc411fc6d:group-B5AFD5FB6790 closes. The last applied log index is 0
2019-08-20 21:47:31,410 [e4dff114-fc22-4b14-9504-3bcdc411fc6d-SegmentedRaftLogWorker:Storage Directory /workdir/hadoop-ozone/integration-test/target/test-dir/MiniOzoneClusterImpl-a4b83ac6-92ec-4692-ba5e-af8e5cc762cb/datanode-5/data/ratis/a656790e-f5b5-472f-b9ed-b5afd5fb6790] INFO  segmented.SegmentedRaftLogWorker (SegmentedRaftLogWorker.java:run(313)) - e4dff114-fc22-4b14-9504-3bcdc411fc6d-SegmentedRaftLogWorker:Storage Directory /workdir/hadoop-ozone/integration-test/target/test-dir/MiniOzoneClusterImpl-a4b83ac6-92ec-4692-ba5e-af8e5cc762cb/datanode-5/data/ratis/a656790e-f5b5-472f-b9ed-b5afd5fb6790 was interrupted, exiting. There are 0 tasks remaining in the queue.
2019-08-20 21:47:31,413 [ForkJoinPool.commonPool-worker-1] INFO  segmented.SegmentedRaftLogWorker (SegmentedRaftLogWorker.java:close(228)) - e4dff114-fc22-4b14-9504-3bcdc411fc6d-SegmentedRaftLogWorker:Storage Directory /workdir/hadoop-ozone/integration-test/target/test-dir/MiniOzoneClusterImpl-a4b83ac6-92ec-4692-ba5e-af8e5cc762cb/datanode-5/data/ratis/a656790e-f5b5-472f-b9ed-b5afd5fb6790 close()
2019-08-20 21:47:31,452 [StateMachineUpdater:e4dff114-fc22-4b14-9504-3bcdc411fc6d:group-9191E360AFBF] INFO  ratis.ContainerStateMachine (ContainerStateMachine.java:takeSnapshot(282)) - group-9191E360AFBF: Finished taking a snapshot at:(t:1, i:6) file:/workdir/hadoop-ozone/integration-test/target/test-dir/MiniOzoneClusterImpl-a4b83ac6-92ec-4692-ba5e-af8e5cc762cb/datanode-5/data/ratis/83cad25c-4aea-4a18-a17f-9191e360afbf/sm/snapshot.1_6 time:69
2019-08-20 21:47:31,452 [StateMachineUpdater:e4dff114-fc22-4b14-9504-3bcdc411fc6d:group-9191E360AFBF] INFO  impl.StateMachineUpdater (StateMachineUpdater.java:takeSnapshot(242)) - StateMachineUpdater:e4dff114-fc22-4b14-9504-3bcdc411fc6d:group-9191E360AFBF: Took a snapshot at index 6
2019-08-20 21:47:31,455 [StateMachineUpdater:e4dff114-fc22-4b14-9504-3bcdc411fc6d:group-9191E360AFBF] INFO  impl.StateMachineUpdater (StateMachineUpdater.java:lambda$new$0(80)) - StateMachineUpdater:e4dff114-fc22-4b14-9504-3bcdc411fc6d:group-9191E360AFBF: snapshotIndex: updateIncreasingly -1 -> 6
2019-08-20 21:47:31,460 [main] INFO  impl.RaftServerImpl (ServerState.java:close(394)) - e4dff114-fc22-4b14-9504-3bcdc411fc6d:group-9191E360AFBF closes. The last applied log index is 8
2019-08-20 21:47:31,461 [e4dff114-fc22-4b14-9504-3bcdc411fc6d-SegmentedRaftLogWorker:Storage Directory /workdir/hadoop-ozone/integration-test/target/test-dir/MiniOzoneClusterImpl-a4b83ac6-92ec-4692-ba5e-af8e5cc762cb/datanode-5/data/ratis/83cad25c-4aea-4a18-a17f-9191e360afbf] INFO  segmented.SegmentedRaftLogWorker (SegmentedRaftLogWorker.java:run(313)) - e4dff114-fc22-4b14-9504-3bcdc411fc6d-SegmentedRaftLogWorker:Storage Directory /workdir/hadoop-ozone/integration-test/target/test-dir/MiniOzoneClusterImpl-a4b83ac6-92ec-4692-ba5e-af8e5cc762cb/datanode-5/data/ratis/83cad25c-4aea-4a18-a17f-9191e360afbf was interrupted, exiting. There are 0 tasks remaining in the queue.
2019-08-20 21:47:31,464 [main] INFO  segmented.SegmentedRaftLogWorker (SegmentedRaftLogWorker.java:close(228)) - e4dff114-fc22-4b14-9504-3bcdc411fc6d-SegmentedRaftLogWorker:Storage Directory /workdir/hadoop-ozone/integration-test/target/test-dir/MiniOzoneClusterImpl-a4b83ac6-92ec-4692-ba5e-af8e5cc762cb/datanode-5/data/ratis/83cad25c-4aea-4a18-a17f-9191e360afbf close()
2019-08-20 21:47:31,469 [main] INFO  server.GrpcService (GrpcService.java:closeImpl(155)) - e4dff114-fc22-4b14-9504-3bcdc411fc6d: shutdown server with port 43528 now
2019-08-20 21:47:31,477 [main] INFO  server.GrpcService (GrpcService.java:closeImpl(163)) - e4dff114-fc22-4b14-9504-3bcdc411fc6d: shutdown server with port 43528 successfully
2019-08-20 21:47:31,477 [grpc-default-executor-0] WARN  server.GrpcServerProtocolService (LogUtils.java:warn(134)) - e4dff114-fc22-4b14-9504-3bcdc411fc6d: appendEntries onError: org.apache.ratis.thirdparty.io.grpc.StatusRuntimeException: CANCELLED: cancelled before receiving half close
2019-08-20 21:47:31,480 [grpc-default-executor-0] WARN  server.GrpcLogAppender (LogUtils.java:warn(134)) - cd6a06a1-f986-440b-af61-12d2fe6f6194->e4dff114-fc22-4b14-9504-3bcdc411fc6d: Failed appendEntries: org.apache.ratis.thirdparty.io.grpc.StatusRuntimeException: CANCELLED: HTTP/2 error code: CANCEL
Received Rst Stream
2019-08-20 21:47:31,483 [grpc-default-executor-0] INFO  impl.FollowerInfo (FollowerInfo.java:lambda$new$0(50)) - cd6a06a1-f986-440b-af61-12d2fe6f6194->e4dff114-fc22-4b14-9504-3bcdc411fc6d: nextIndex: updateUnconditionally 9 -> 8
2019-08-20 21:47:31,489 [main] INFO  utils.BackgroundService (BackgroundService.java:shutdown(148)) - Shutting down service BlockDeletingService
2019-08-20 21:47:31,490 [refreshUsed-/workdir/hadoop-ozone/integration-test/target/test-dir/MiniOzoneClusterImpl-a4b83ac6-92ec-4692-ba5e-af8e5cc762cb/datanode-5/data/containers] WARN  fs.CachingGetSpaceUsed (CachingGetSpaceUsed.java:run(183)) - Thread Interrupted waiting to refresh disk information: sleep interrupted
2019-08-20 21:47:31,517 [main] INFO  statemachine.DatanodeStateMachine (DatanodeStateMachine.java:stopDaemon(395)) - Ozone container server stopped.
2019-08-20 21:47:31,522 [main] INFO  handler.ContextHandler (ContextHandler.java:doStop(910)) - Stopped o.e.j.w.WebAppContext@2a04ab05{/,null,UNAVAILABLE}{/hddsDatanode}
2019-08-20 21:47:31,529 [main] INFO  server.AbstractConnector (AbstractConnector.java:doStop(318)) - Stopped ServerConnector@5ebbde60{HTTP/1.1,[http/1.1]}{0.0.0.0:0}
2019-08-20 21:47:31,530 [main] INFO  handler.ContextHandler (ContextHandler.java:doStop(910)) - Stopped o.e.j.s.ServletContextHandler@26a4f9ed{/static,jar:file:/home/user/.m2/repository/org/apache/hadoop/hadoop-hdds-container-service/0.5.0-SNAPSHOT/hadoop-hdds-container-service-0.5.0-SNAPSHOT.jar!/webapps/static,UNAVAILABLE}
2019-08-20 21:47:31,530 [main] INFO  handler.ContextHandler (ContextHandler.java:doStop(910)) - Stopped o.e.j.s.ServletContextHandler@1894fa9f{/logs,file:///workdir/hadoop-ozone/integration-test/target/log,UNAVAILABLE}
2019-08-20 21:47:31,532 [main] INFO  datanode.ObjectStoreHandler (ObjectStoreHandler.java:close(155)) - Closing ObjectStoreHandler.
2019-08-20 21:47:31,533 [main] INFO  ozone.HddsDatanodeService (HddsDatanodeService.java:stop(451)) - Stopped plug-in org.apache.hadoop.ozone.web.OzoneHddsDatanodeService@403364e9
2019-08-20 21:47:31,536 | INFO  | SCMAudit | user=jenkins1000 | ip=192.168.34.20 | op=SEND_HEARTBEAT {datanodeUUID=2e5955aa-b0fd-4b0c-998d-9b68b85d9d1e, command=[]} | ret=SUCCESS |  
2019-08-20 21:47:31,595 | INFO  | SCMAudit | user=jenkins1000 | ip=192.168.34.20 | op=SEND_HEARTBEAT {datanodeUUID=53cadb92-5eaa-40aa-bd24-79cf4cc9ba4c, command=[]} | ret=SUCCESS |  
2019-08-20 21:47:31,613 | INFO  | SCMAudit | user=jenkins1000 | ip=192.168.34.20 | op=SEND_HEARTBEAT {datanodeUUID=d6442f85-42b7-4555-b6b8-75d2f493e1a8, command=[]} | ret=SUCCESS |  
2019-08-20 21:47:32,128 [Datanode State Machine Thread - 0] INFO  statemachine.DatanodeStateMachine (DatanodeStateMachine.java:lambda$startDaemon$0(350)) - Ozone container server started.
2019-08-20 21:47:32,133 | INFO  | SCMAudit | user=jenkins1000 | ip=192.168.34.20 | op=SEND_HEARTBEAT {datanodeUUID=cd6a06a1-f986-440b-af61-12d2fe6f6194, command=[]} | ret=SUCCESS |  
2019-08-20 21:47:32,153 | INFO  | SCMAudit | user=jenkins1000 | ip=192.168.34.20 | op=SEND_HEARTBEAT {datanodeUUID=cd6a06a1-f986-440b-af61-12d2fe6f6194, command=[]} | ret=SUCCESS |  
2019-08-20 21:47:32,176 [grpc-default-executor-4] WARN  server.GrpcLogAppender (LogUtils.java:warn(134)) - cd6a06a1-f986-440b-af61-12d2fe6f6194->e4dff114-fc22-4b14-9504-3bcdc411fc6d: Failed appendEntries: org.apache.ratis.thirdparty.io.grpc.StatusRuntimeException: UNAVAILABLE: io exception
2019-08-20 21:47:32,185 [grpc-default-executor-4] INFO  impl.FollowerInfo (FollowerInfo.java:lambda$new$0(50)) - cd6a06a1-f986-440b-af61-12d2fe6f6194->e4dff114-fc22-4b14-9504-3bcdc411fc6d: nextIndex: updateUnconditionally 9 -> 8
2019-08-20 21:47:32,188 | INFO  | SCMAudit | user=jenkins1000 | ip=192.168.34.20 | op=SEND_HEARTBEAT {datanodeUUID=5100fc37-2687-4ab9-8519-81e739828fba, command=[]} | ret=SUCCESS |  
2019-08-20 21:47:32,194 [grpc-default-executor-6] WARN  server.GrpcLogAppender (LogUtils.java:warn(134)) - cd6a06a1-f986-440b-af61-12d2fe6f6194->e4dff114-fc22-4b14-9504-3bcdc411fc6d: Failed appendEntries: org.apache.ratis.thirdparty.io.grpc.StatusRuntimeException: UNAVAILABLE: io exception
2019-08-20 21:47:32,196 [grpc-default-executor-6] INFO  impl.FollowerInfo (FollowerInfo.java:lambda$new$0(50)) - cd6a06a1-f986-440b-af61-12d2fe6f6194->e4dff114-fc22-4b14-9504-3bcdc411fc6d: nextIndex: updateUnconditionally 9 -> 8
2019-08-20 21:47:32,239 [RatisApplyTransactionExecutor 2] INFO  interfaces.Container (KeyValueContainer.java:compactDB(356)) - Container 2 is closed with bcsId 5.
2019-08-20 21:47:32,240 | INFO  | DNAudit | user=null | ip=null | op=CLOSE_CONTAINER {containerID=2} | ret=SUCCESS |  
2019-08-20 21:47:32,241 | INFO  | SCMAudit | user=jenkins1000 | ip=192.168.34.20 | op=SEND_HEARTBEAT {datanodeUUID=cd6a06a1-f986-440b-af61-12d2fe6f6194, command=[]} | ret=SUCCESS |  
2019-08-20 21:47:32,241 [EventQueue-IncrementalContainerReportForIncrementalContainerReportHandler] INFO  container.IncrementalContainerReportHandler (AbstractContainerReportHandler.java:updateContainerState(176)) - Moving container #2 to CLOSED state, datanode cd6a06a1-f986-440b-af61-12d2fe6f6194{ip: 192.168.34.20, host: pr-hdds-1973-9s4bv-3555888387, networkLocation: /default-rack, certSerialId: null} reported CLOSED replica.
2019-08-20 21:47:32,265 [RatisApplyTransactionExecutor 2] INFO  interfaces.Container (KeyValueContainer.java:compactDB(356)) - Container 2 is closed with bcsId 5.
2019-08-20 21:47:32,268 | INFO  | DNAudit | user=null | ip=null | op=CLOSE_CONTAINER {containerID=2} | ret=SUCCESS |  
2019-08-20 21:47:32,536 | INFO  | SCMAudit | user=jenkins1000 | ip=192.168.34.20 | op=SEND_HEARTBEAT {datanodeUUID=2e5955aa-b0fd-4b0c-998d-9b68b85d9d1e, command=[]} | ret=SUCCESS |  
2019-08-20 21:47:32,595 | INFO  | SCMAudit | user=jenkins1000 | ip=192.168.34.20 | op=SEND_HEARTBEAT {datanodeUUID=53cadb92-5eaa-40aa-bd24-79cf4cc9ba4c, command=[]} | ret=SUCCESS |  
2019-08-20 21:47:32,613 | INFO  | SCMAudit | user=jenkins1000 | ip=192.168.34.20 | op=SEND_HEARTBEAT {datanodeUUID=d6442f85-42b7-4555-b6b8-75d2f493e1a8, command=[]} | ret=SUCCESS |  
2019-08-20 21:47:33,187 | INFO  | SCMAudit | user=jenkins1000 | ip=192.168.34.20 | op=SEND_HEARTBEAT {datanodeUUID=5100fc37-2687-4ab9-8519-81e739828fba, command=[]} | ret=SUCCESS |  
2019-08-20 21:47:33,242 | INFO  | SCMAudit | user=jenkins1000 | ip=192.168.34.20 | op=SEND_HEARTBEAT {datanodeUUID=cd6a06a1-f986-440b-af61-12d2fe6f6194, command=[]} | ret=SUCCESS |  
2019-08-20 21:47:33,536 | INFO  | SCMAudit | user=jenkins1000 | ip=192.168.34.20 | op=SEND_HEARTBEAT {datanodeUUID=2e5955aa-b0fd-4b0c-998d-9b68b85d9d1e, command=[]} | ret=SUCCESS |  
2019-08-20 21:47:33,595 | INFO  | SCMAudit | user=jenkins1000 | ip=192.168.34.20 | op=SEND_HEARTBEAT {datanodeUUID=53cadb92-5eaa-40aa-bd24-79cf4cc9ba4c, command=[]} | ret=SUCCESS |  
2019-08-20 21:47:33,613 | INFO  | SCMAudit | user=jenkins1000 | ip=192.168.34.20 | op=SEND_HEARTBEAT {datanodeUUID=d6442f85-42b7-4555-b6b8-75d2f493e1a8, command=[]} | ret=SUCCESS |  
2019-08-20 21:47:34,169 [EventQueue-StaleNodeForStaleNodeHandler] INFO  node.StaleNodeHandler (StaleNodeHandler.java:onMessage(58)) - Datanode 001a1f54-7b7d-4f94-b0b5-3a9dc1d9a8cd{ip: 192.168.34.20, host: pr-hdds-1973-9s4bv-3555888387, networkLocation: /default-rack, certSerialId: null} moved to stale state. Finalizing its pipelines [PipelineID=83cad25c-4aea-4a18-a17f-9191e360afbf, PipelineID=c573045a-f9f0-4e96-97d5-5678f6e7495c]
2019-08-20 21:47:34,169 [EventQueue-StaleNodeForStaleNodeHandler] INFO  pipeline.SCMPipelineManager (SCMPipelineManager.java:finalizeAndDestroyPipeline(309)) - destroying pipeline:Pipeline[ Id: 83cad25c-4aea-4a18-a17f-9191e360afbf, Nodes: e4dff114-fc22-4b14-9504-3bcdc411fc6d{ip: 192.168.34.20, host: pr-hdds-1973-9s4bv-3555888387, networkLocation: /default-rack, certSerialId: null}001a1f54-7b7d-4f94-b0b5-3a9dc1d9a8cd{ip: 192.168.34.20, host: pr-hdds-1973-9s4bv-3555888387, networkLocation: /default-rack, certSerialId: null}cd6a06a1-f986-440b-af61-12d2fe6f6194{ip: 192.168.34.20, host: pr-hdds-1973-9s4bv-3555888387, networkLocation: /default-rack, certSerialId: null}, Type:RATIS, Factor:THREE, State:CLOSED]
2019-08-20 21:47:34,170 [EventQueue-StaleNodeForStaleNodeHandler] INFO  pipeline.SCMPipelineManager (SCMPipelineManager.java:finalizeAndDestroyPipeline(309)) - destroying pipeline:Pipeline[ Id: c573045a-f9f0-4e96-97d5-5678f6e7495c, Nodes: 001a1f54-7b7d-4f94-b0b5-3a9dc1d9a8cd{ip: 192.168.34.20, host: pr-hdds-1973-9s4bv-3555888387, networkLocation: /default-rack, certSerialId: null}, Type:RATIS, Factor:ONE, State:OPEN]
2019-08-20 21:47:34,170 [EventQueue-StaleNodeForStaleNodeHandler] INFO  pipeline.PipelineStateManager (PipelineStateManager.java:finalizePipeline(123)) - Pipeline Pipeline[ Id: c573045a-f9f0-4e96-97d5-5678f6e7495c, Nodes: 001a1f54-7b7d-4f94-b0b5-3a9dc1d9a8cd{ip: 192.168.34.20, host: pr-hdds-1973-9s4bv-3555888387, networkLocation: /default-rack, certSerialId: null}, Type:RATIS, Factor:ONE, State:CLOSED] moved to CLOSED state
2019-08-20 21:47:34,186 | INFO  | SCMAudit | user=jenkins1000 | ip=192.168.34.20 | op=SEND_HEARTBEAT {datanodeUUID=5100fc37-2687-4ab9-8519-81e739828fba, command=[]} | ret=SUCCESS |  
2019-08-20 21:47:34,242 | INFO  | SCMAudit | user=jenkins1000 | ip=192.168.34.20 | op=SEND_HEARTBEAT {datanodeUUID=cd6a06a1-f986-440b-af61-12d2fe6f6194, command=[]} | ret=SUCCESS |  
2019-08-20 21:47:34,536 | INFO  | SCMAudit | user=jenkins1000 | ip=192.168.34.20 | op=SEND_HEARTBEAT {datanodeUUID=2e5955aa-b0fd-4b0c-998d-9b68b85d9d1e, command=[]} | ret=SUCCESS |  
2019-08-20 21:47:34,595 | INFO  | SCMAudit | user=jenkins1000 | ip=192.168.34.20 | op=SEND_HEARTBEAT {datanodeUUID=53cadb92-5eaa-40aa-bd24-79cf4cc9ba4c, command=[]} | ret=SUCCESS |  
2019-08-20 21:47:34,613 | INFO  | SCMAudit | user=jenkins1000 | ip=192.168.34.20 | op=SEND_HEARTBEAT {datanodeUUID=d6442f85-42b7-4555-b6b8-75d2f493e1a8, command=[]} | ret=SUCCESS |  
2019-08-20 21:47:34,699 [grpc-default-executor-0] WARN  server.GrpcLogAppender (LogUtils.java:warn(134)) - cd6a06a1-f986-440b-af61-12d2fe6f6194->e4dff114-fc22-4b14-9504-3bcdc411fc6d: Failed appendEntries: org.apache.ratis.thirdparty.io.grpc.StatusRuntimeException: UNAVAILABLE: io exception
2019-08-20 21:47:34,701 [grpc-default-executor-0] INFO  impl.FollowerInfo (FollowerInfo.java:lambda$new$0(50)) - cd6a06a1-f986-440b-af61-12d2fe6f6194->e4dff114-fc22-4b14-9504-3bcdc411fc6d: nextIndex: updateUnconditionally 8 -> 7
2019-08-20 21:47:35,187 | INFO  | SCMAudit | user=jenkins1000 | ip=192.168.34.20 | op=SEND_HEARTBEAT {datanodeUUID=5100fc37-2687-4ab9-8519-81e739828fba, command=[]} | ret=SUCCESS |  
2019-08-20 21:47:35,242 | INFO  | SCMAudit | user=jenkins1000 | ip=192.168.34.20 | op=SEND_HEARTBEAT {datanodeUUID=cd6a06a1-f986-440b-af61-12d2fe6f6194, command=[]} | ret=SUCCESS |  
2019-08-20 21:47:35,537 | INFO  | SCMAudit | user=jenkins1000 | ip=192.168.34.20 | op=SEND_HEARTBEAT {datanodeUUID=2e5955aa-b0fd-4b0c-998d-9b68b85d9d1e, command=[]} | ret=SUCCESS |  
2019-08-20 21:47:35,595 | INFO  | SCMAudit | user=jenkins1000 | ip=192.168.34.20 | op=SEND_HEARTBEAT {datanodeUUID=53cadb92-5eaa-40aa-bd24-79cf4cc9ba4c, command=[]} | ret=SUCCESS |  
2019-08-20 21:47:35,613 | INFO  | SCMAudit | user=jenkins1000 | ip=192.168.34.20 | op=SEND_HEARTBEAT {datanodeUUID=d6442f85-42b7-4555-b6b8-75d2f493e1a8, command=[]} | ret=SUCCESS |  
2019-08-20 21:47:36,188 | INFO  | SCMAudit | user=jenkins1000 | ip=192.168.34.20 | op=SEND_HEARTBEAT {datanodeUUID=5100fc37-2687-4ab9-8519-81e739828fba, command=[]} | ret=SUCCESS |  
2019-08-20 21:47:36,242 | INFO  | SCMAudit | user=jenkins1000 | ip=192.168.34.20 | op=SEND_HEARTBEAT {datanodeUUID=cd6a06a1-f986-440b-af61-12d2fe6f6194, command=[]} | ret=SUCCESS |  
2019-08-20 21:47:36,534 [main] INFO  ozoneimpl.OzoneContainer (OzoneContainer.java:stop(199)) - Attempting to stop container services.
2019-08-20 21:47:36,535 [main] INFO  impl.RaftServerProxy (RaftServerProxy.java:lambda$close$4(314)) - 001a1f54-7b7d-4f94-b0b5-3a9dc1d9a8cd: close
2019-08-20 21:47:36,536 [main] INFO  impl.RaftServerImpl (RaftServerImpl.java:lambda$shutdown$3(245)) - 001a1f54-7b7d-4f94-b0b5-3a9dc1d9a8cd: shutdown group-9191E360AFBF
2019-08-20 21:47:36,536 [ForkJoinPool.commonPool-worker-0] INFO  impl.RaftServerImpl (RaftServerImpl.java:lambda$shutdown$3(245)) - 001a1f54-7b7d-4f94-b0b5-3a9dc1d9a8cd: shutdown group-5678F6E7495C
2019-08-20 21:47:36,536 [main] INFO  util.JmxRegister (JmxRegister.java:unregister(73)) - Successfully un-registered JMX Bean with object name Ratis:service=RaftServer,group=group-9191E360AFBF,id=001a1f54-7b7d-4f94-b0b5-3a9dc1d9a8cd
2019-08-20 21:47:36,537 | INFO  | SCMAudit | user=jenkins1000 | ip=192.168.34.20 | op=SEND_HEARTBEAT {datanodeUUID=2e5955aa-b0fd-4b0c-998d-9b68b85d9d1e, command=[]} | ret=SUCCESS |  
2019-08-20 21:47:36,537 [ForkJoinPool.commonPool-worker-0] INFO  util.JmxRegister (JmxRegister.java:unregister(73)) - Successfully un-registered JMX Bean with object name Ratis:service=RaftServer,group=group-5678F6E7495C,id=001a1f54-7b7d-4f94-b0b5-3a9dc1d9a8cd
2019-08-20 21:47:36,537 [main] INFO  impl.RoleInfo (RoleInfo.java:shutdownFollowerState(121)) - 001a1f54-7b7d-4f94-b0b5-3a9dc1d9a8cd: shutdown FollowerState
2019-08-20 21:47:36,537 [ForkJoinPool.commonPool-worker-0] INFO  impl.RoleInfo (RoleInfo.java:shutdownLeaderState(104)) - 001a1f54-7b7d-4f94-b0b5-3a9dc1d9a8cd: shutdown LeaderState
2019-08-20 21:47:36,538 [StateMachineUpdater:001a1f54-7b7d-4f94-b0b5-3a9dc1d9a8cd:group-9191E360AFBF] INFO  ratis.ContainerStateMachine (ContainerStateMachine.java:takeSnapshot(271)) - group-9191E360AFBF: Taking a snapshot at:(t:1, i:9) file /workdir/hadoop-ozone/integration-test/target/test-dir/MiniOzoneClusterImpl-a4b83ac6-92ec-4692-ba5e-af8e5cc762cb/datanode-3/data/ratis/83cad25c-4aea-4a18-a17f-9191e360afbf/sm/snapshot.1_9
2019-08-20 21:47:36,538 [Thread-323] INFO  impl.FollowerState (FollowerState.java:run(114)) - 001a1f54-7b7d-4f94-b0b5-3a9dc1d9a8cd: FollowerState was interrupted: java.lang.InterruptedException: sleep interrupted
2019-08-20 21:47:36,538 [main] INFO  impl.StateMachineUpdater (StateMachineUpdater.java:stopAndJoin(115)) - StateMachineUpdater:001a1f54-7b7d-4f94-b0b5-3a9dc1d9a8cd:group-9191E360AFBF: set stopIndex = 10
2019-08-20 21:47:36,538 [ForkJoinPool.commonPool-worker-0] INFO  impl.PendingRequests (PendingRequests.java:sendNotLeaderResponses(202)) - 001a1f54-7b7d-4f94-b0b5-3a9dc1d9a8cd-PendingRequests: sendNotLeaderResponses
2019-08-20 21:47:36,543 [ForkJoinPool.commonPool-worker-0] INFO  impl.StateMachineUpdater (StateMachineUpdater.java:stopAndJoin(115)) - StateMachineUpdater:001a1f54-7b7d-4f94-b0b5-3a9dc1d9a8cd:group-5678F6E7495C: set stopIndex = 0
2019-08-20 21:47:36,545 [ForkJoinPool.commonPool-worker-0] INFO  impl.RaftServerImpl (ServerState.java:close(394)) - 001a1f54-7b7d-4f94-b0b5-3a9dc1d9a8cd:group-5678F6E7495C closes. The last applied log index is 0
2019-08-20 21:47:36,546 [001a1f54-7b7d-4f94-b0b5-3a9dc1d9a8cd-SegmentedRaftLogWorker:Storage Directory /workdir/hadoop-ozone/integration-test/target/test-dir/MiniOzoneClusterImpl-a4b83ac6-92ec-4692-ba5e-af8e5cc762cb/datanode-3/data/ratis/c573045a-f9f0-4e96-97d5-5678f6e7495c] INFO  segmented.SegmentedRaftLogWorker (SegmentedRaftLogWorker.java:run(313)) - 001a1f54-7b7d-4f94-b0b5-3a9dc1d9a8cd-SegmentedRaftLogWorker:Storage Directory /workdir/hadoop-ozone/integration-test/target/test-dir/MiniOzoneClusterImpl-a4b83ac6-92ec-4692-ba5e-af8e5cc762cb/datanode-3/data/ratis/c573045a-f9f0-4e96-97d5-5678f6e7495c was interrupted, exiting. There are 0 tasks remaining in the queue.
2019-08-20 21:47:36,548 [ForkJoinPool.commonPool-worker-0] INFO  segmented.SegmentedRaftLogWorker (SegmentedRaftLogWorker.java:close(228)) - 001a1f54-7b7d-4f94-b0b5-3a9dc1d9a8cd-SegmentedRaftLogWorker:Storage Directory /workdir/hadoop-ozone/integration-test/target/test-dir/MiniOzoneClusterImpl-a4b83ac6-92ec-4692-ba5e-af8e5cc762cb/datanode-3/data/ratis/c573045a-f9f0-4e96-97d5-5678f6e7495c close()
2019-08-20 21:47:36,556 [StateMachineUpdater:001a1f54-7b7d-4f94-b0b5-3a9dc1d9a8cd:group-9191E360AFBF] INFO  ratis.ContainerStateMachine (ContainerStateMachine.java:takeSnapshot(282)) - group-9191E360AFBF: Finished taking a snapshot at:(t:1, i:9) file:/workdir/hadoop-ozone/integration-test/target/test-dir/MiniOzoneClusterImpl-a4b83ac6-92ec-4692-ba5e-af8e5cc762cb/datanode-3/data/ratis/83cad25c-4aea-4a18-a17f-9191e360afbf/sm/snapshot.1_9 time:18
2019-08-20 21:47:36,556 [StateMachineUpdater:001a1f54-7b7d-4f94-b0b5-3a9dc1d9a8cd:group-9191E360AFBF] INFO  impl.StateMachineUpdater (StateMachineUpdater.java:takeSnapshot(242)) - StateMachineUpdater:001a1f54-7b7d-4f94-b0b5-3a9dc1d9a8cd:group-9191E360AFBF: Took a snapshot at index 9
2019-08-20 21:47:36,556 [StateMachineUpdater:001a1f54-7b7d-4f94-b0b5-3a9dc1d9a8cd:group-9191E360AFBF] INFO  impl.StateMachineUpdater (StateMachineUpdater.java:lambda$new$0(80)) - StateMachineUpdater:001a1f54-7b7d-4f94-b0b5-3a9dc1d9a8cd:group-9191E360AFBF: snapshotIndex: updateIncreasingly -1 -> 9
2019-08-20 21:47:36,557 [main] INFO  impl.RaftServerImpl (ServerState.java:close(394)) - 001a1f54-7b7d-4f94-b0b5-3a9dc1d9a8cd:group-9191E360AFBF closes. The last applied log index is 10
2019-08-20 21:47:36,557 [001a1f54-7b7d-4f94-b0b5-3a9dc1d9a8cd-SegmentedRaftLogWorker:Storage Directory /workdir/hadoop-ozone/integration-test/target/test-dir/MiniOzoneClusterImpl-a4b83ac6-92ec-4692-ba5e-af8e5cc762cb/datanode-3/data/ratis/83cad25c-4aea-4a18-a17f-9191e360afbf] INFO  segmented.SegmentedRaftLogWorker (SegmentedRaftLogWorker.java:run(313)) - 001a1f54-7b7d-4f94-b0b5-3a9dc1d9a8cd-SegmentedRaftLogWorker:Storage Directory /workdir/hadoop-ozone/integration-test/target/test-dir/MiniOzoneClusterImpl-a4b83ac6-92ec-4692-ba5e-af8e5cc762cb/datanode-3/data/ratis/83cad25c-4aea-4a18-a17f-9191e360afbf was interrupted, exiting. There are 0 tasks remaining in the queue.
2019-08-20 21:47:36,560 [main] INFO  segmented.SegmentedRaftLogWorker (SegmentedRaftLogWorker.java:close(228)) - 001a1f54-7b7d-4f94-b0b5-3a9dc1d9a8cd-SegmentedRaftLogWorker:Storage Directory /workdir/hadoop-ozone/integration-test/target/test-dir/MiniOzoneClusterImpl-a4b83ac6-92ec-4692-ba5e-af8e5cc762cb/datanode-3/data/ratis/83cad25c-4aea-4a18-a17f-9191e360afbf close()
2019-08-20 21:47:36,564 [main] INFO  server.GrpcService (GrpcService.java:closeImpl(155)) - 001a1f54-7b7d-4f94-b0b5-3a9dc1d9a8cd: shutdown server with port 45010 now
2019-08-20 21:47:36,567 [grpc-default-executor-4] WARN  server.GrpcServerProtocolService (LogUtils.java:warn(134)) - 001a1f54-7b7d-4f94-b0b5-3a9dc1d9a8cd: appendEntries onError: org.apache.ratis.thirdparty.io.grpc.StatusRuntimeException: CANCELLED: cancelled before receiving half close
2019-08-20 21:47:36,569 [main] INFO  server.GrpcService (GrpcService.java:closeImpl(163)) - 001a1f54-7b7d-4f94-b0b5-3a9dc1d9a8cd: shutdown server with port 45010 successfully
2019-08-20 21:47:36,569 [grpc-default-executor-0] WARN  server.GrpcLogAppender (LogUtils.java:warn(134)) - cd6a06a1-f986-440b-af61-12d2fe6f6194->001a1f54-7b7d-4f94-b0b5-3a9dc1d9a8cd: Failed appendEntries: org.apache.ratis.thirdparty.io.grpc.StatusRuntimeException: CANCELLED: HTTP/2 error code: CANCEL
Received Rst Stream
2019-08-20 21:47:36,573 [grpc-default-executor-0] INFO  impl.FollowerInfo (FollowerInfo.java:lambda$new$0(50)) - cd6a06a1-f986-440b-af61-12d2fe6f6194->001a1f54-7b7d-4f94-b0b5-3a9dc1d9a8cd: nextIndex: updateUnconditionally 11 -> 10
2019-08-20 21:47:36,574 [main] INFO  utils.BackgroundService (BackgroundService.java:shutdown(148)) - Shutting down service BlockDeletingService
2019-08-20 21:47:36,576 [refreshUsed-/workdir/hadoop-ozone/integration-test/target/test-dir/MiniOzoneClusterImpl-a4b83ac6-92ec-4692-ba5e-af8e5cc762cb/datanode-3/data/containers] WARN  fs.CachingGetSpaceUsed (CachingGetSpaceUsed.java:run(183)) - Thread Interrupted waiting to refresh disk information: sleep interrupted
2019-08-20 21:47:36,595 | INFO  | SCMAudit | user=jenkins1000 | ip=192.168.34.20 | op=SEND_HEARTBEAT {datanodeUUID=53cadb92-5eaa-40aa-bd24-79cf4cc9ba4c, command=[]} | ret=SUCCESS |  
2019-08-20 21:47:36,608 [main] INFO  statemachine.DatanodeStateMachine (DatanodeStateMachine.java:stopDaemon(395)) - Ozone container server stopped.
2019-08-20 21:47:36,613 | INFO  | SCMAudit | user=jenkins1000 | ip=192.168.34.20 | op=SEND_HEARTBEAT {datanodeUUID=d6442f85-42b7-4555-b6b8-75d2f493e1a8, command=[]} | ret=SUCCESS |  
2019-08-20 21:47:36,621 [main] INFO  handler.ContextHandler (ContextHandler.java:doStop(910)) - Stopped o.e.j.w.WebAppContext@2b43f314{/,null,UNAVAILABLE}{/hddsDatanode}
2019-08-20 21:47:36,622 [main] INFO  server.AbstractConnector (AbstractConnector.java:doStop(318)) - Stopped ServerConnector@3a4a5f3c{HTTP/1.1,[http/1.1]}{0.0.0.0:0}
2019-08-20 21:47:36,623 [main] INFO  handler.ContextHandler (ContextHandler.java:doStop(910)) - Stopped o.e.j.s.ServletContextHandler@6b70d1fb{/static,jar:file:/home/user/.m2/repository/org/apache/hadoop/hadoop-hdds-container-service/0.5.0-SNAPSHOT/hadoop-hdds-container-service-0.5.0-SNAPSHOT.jar!/webapps/static,UNAVAILABLE}
2019-08-20 21:47:36,623 [main] INFO  handler.ContextHandler (ContextHandler.java:doStop(910)) - Stopped o.e.j.s.ServletContextHandler@6075b369{/logs,file:///workdir/hadoop-ozone/integration-test/target/log,UNAVAILABLE}
]]></system-out>
  </testcase>
</testsuite>